core   0: 0x00001000 (0x00000297) auipc   t0, 0x0
core   0: 3 0x00001000 (0x00000297) x 5 0x00001000
core   0: 0x00001004 (0x02028593) addi    a1, t0, 32
core   0: 3 0x00001004 (0x02028593) x11 0x00001020
core   0: 0x00001008 (0xf1402573) csrr    a0, mhartid
core   0: 3 0x00001008 (0xf1402573) x10 0x00000000
core   0: 0x0000100c (0x0182a283) lw      t0, 24(t0)
core   0: 3 0x0000100c (0x0182a283) x 5 0x80000000 mem 0x00001018
core   0: 0x00001010 (0x00028067) jr      t0
core   0: 3 0x00001010 (0x00028067)
core   0: 0x80000000 (0xf14022f3) csrr    t0, mhartid
core   0: 3 0x80000000 (0xf14022f3) x 5 0x00000000
core   0: 0x80000004 (0x00000313) li      t1, 0
core   0: 3 0x80000004 (0x00000313) x 6 0x00000000
core   0: 0x80000008 (0x00628263) beq     t0, t1, pc + 4
core   0: 3 0x80000008 (0x00628263)
core   0: 0x8000000c (0x00000517) auipc   a0, 0x0
core   0: 3 0x8000000c (0x00000517) x10 0x8000000c
core   0: 0x80000010 (0x00c50513) addi    a0, a0, 12
core   0: 3 0x80000010 (0x00c50513) x10 0x80000018
core   0: 0x80000014 (0x00050067) jr      a0
core   0: 3 0x80000014 (0x00050067)
core   0: 0x80000018 (0x400014b7) lui     s1, 0x40001
core   0: 3 0x80000018 (0x400014b7) x 9 0x40001000
core   0: 0x8000001c (0x10448493) addi    s1, s1, 260
core   0: 3 0x8000001c (0x10448493) x 9 0x40001104
core   0: 0x80000020 (0x30149073) csrw    misa, s1
core   0: 3 0x80000020 (0x30149073) c769_misa 0x40141100
core   0: 0x80000024 (0x00019817) auipc   a6, 0x19
core   0: 3 0x80000024 (0x00019817) x16 0x80019024
core   0: 0x80000028 (0xcc080813) addi    a6, a6, -832
core   0: 3 0x80000028 (0xcc080813) x16 0x80018ce4
core   0: 0x8000002c (0x0000a497) auipc   s1, 0xa
core   0: 3 0x8000002c (0x0000a497) x 9 0x8000a02c
core   0: 0x80000030 (0x75448493) addi    s1, s1, 1876
core   0: 3 0x80000030 (0x75448493) x 9 0x8000a780
core   0: 0x80000034 (0x0014e493) ori     s1, s1, 1
core   0: 3 0x80000034 (0x0014e493) x 9 0x8000a781
core   0: 0x80000038 (0x30549073) csrw    mtvec, s1
core   0: 3 0x80000038 (0x30549073) c773_mtvec 0x8000a781
core   0: 0x8000003c (0x00000497) auipc   s1, 0x0
core   0: 3 0x8000003c (0x00000497) x 9 0x8000003c
core   0: 0x80000040 (0x02848493) addi    s1, s1, 40
core   0: 3 0x80000040 (0x02848493) x 9 0x80000064
core   0: 0x80000044 (0x34149073) csrw    mepc, s1
core   0: 3 0x80000044 (0x34149073) c833_mepc 0x80000064
core   0: 0x80000048 (0x00000013) nop
core   0: 3 0x80000048 (0x00000013)
core   0: 0x8000004c (0x000024b7) lui     s1, 0x2
core   0: 3 0x8000004c (0x000024b7) x 9 0x00002000
core   0: 0x80000050 (0x80048493) addi    s1, s1, -2048
core   0: 3 0x80000050 (0x80048493) x 9 0x00001800
core   0: 0x80000054 (0x30049073) csrw    mstatus, s1
core   0: 3 0x80000054 (0x30049073) c768_mstatus 0x00001800
core   0: 0x80000058 (0x00000493) li      s1, 0
core   0: 3 0x80000058 (0x00000493) x 9 0x00000000
core   0: 0x8000005c (0x30449073) csrw    mie, s1
core   0: 3 0x8000005c (0x30449073) c772_mie 0x00000000
core   0: 0x80000060 (0x30200073) mret
core   0: 3 0x80000060 (0x30200073) c768_mstatus 0x00000080
core   0: >>>>  init
core   0: 0x80000064 (0x00000013) nop
core   0: 3 0x80000064 (0x00000013)
core   0: 0x80000068 (0x800000b7) lui     ra, 0x80000
core   0: 3 0x80000068 (0x800000b7) x 1 0x80000000
core   0: 0x8000006c (0x80000137) lui     sp, 0x80000
core   0: 3 0x8000006c (0x80000137) x 2 0x80000000
core   0: 0x80000070 (0x12e7e1b7) lui     gp, 0x12e7e
core   0: 3 0x80000070 (0x12e7e1b7) x 3 0x12e7e000
core   0: 0x80000074 (0xf3518193) addi    gp, gp, -203
core   0: 3 0x80000074 (0xf3518193) x 3 0x12e7df35
core   0: 0x80000078 (0x80000237) lui     tp, 0x80000
core   0: 3 0x80000078 (0x80000237) x 4 0x80000000
core   0: 0x8000007c (0x00f00293) li      t0, 15
core   0: 3 0x8000007c (0x00f00293) x 5 0x0000000f
core   0: 0x80000080 (0x92326337) lui     t1, 0x92326
core   0: 3 0x80000080 (0x92326337) x 6 0x92326000
core   0: 0x80000084 (0xc3430313) addi    t1, t1, -972
core   0: 3 0x80000084 (0xc3430313) x 6 0x92325c34
core   0: 0x80000088 (0x00000393) li      t2, 0
core   0: 3 0x80000088 (0x00000393) x 7 0x00000000
core   0: 0x8000008c (0x4709e437) lui     s0, 0x4709e
core   0: 3 0x8000008c (0x4709e437) x 8 0x4709e000
core   0: 0x80000090 (0x59e40413) addi    s0, s0, 1438
core   0: 3 0x80000090 (0x59e40413) x 8 0x4709e59e
core   0: 0x80000094 (0xfd4304b7) lui     s1, 0xfd430
core   0: 3 0x80000094 (0xfd4304b7) x 9 0xfd430000
core   0: 0x80000098 (0x77a48493) addi    s1, s1, 1914
core   0: 3 0x80000098 (0x77a48493) x 9 0xfd43077a
core   0: 0x8000009c (0x80000537) lui     a0, 0x80000
core   0: 3 0x8000009c (0x80000537) x10 0x80000000
core   0: 0x800000a0 (0x00000593) li      a1, 0
core   0: 3 0x800000a0 (0x00000593) x11 0x00000000
core   0: 0x800000a4 (0x80000637) lui     a2, 0x80000
core   0: 3 0x800000a4 (0x80000637) x12 0x80000000
core   0: 0x800000a8 (0x00000693) li      a3, 0
core   0: 3 0x800000a8 (0x00000693) x13 0x00000000
core   0: 0x800000ac (0x00e00713) li      a4, 14
core   0: 3 0x800000ac (0x00e00713) x14 0x0000000e
core   0: 0x800000b0 (0x00400793) li      a5, 4
core   0: 3 0x800000b0 (0x00400793) x15 0x00000004
core   0: 0x800000b4 (0x00d00893) li      a7, 13
core   0: 3 0x800000b4 (0x00d00893) x17 0x0000000d
core   0: 0x800000b8 (0x00000913) li      s2, 0
core   0: 3 0x800000b8 (0x00000913) x18 0x00000000
core   0: 0x800000bc (0x00000993) li      s3, 0
core   0: 3 0x800000bc (0x00000993) x19 0x00000000
core   0: 0x800000c0 (0x49530a37) lui     s4, 0x49530
core   0: 3 0x800000c0 (0x49530a37) x20 0x49530000
core   0: 0x800000c4 (0x3a2a0a13) addi    s4, s4, 930
core   0: 3 0x800000c4 (0x3a2a0a13) x20 0x495303a2
core   0: 0x800000c8 (0x05808ab7) lui     s5, 0x5808
core   0: 3 0x800000c8 (0x05808ab7) x21 0x05808000
core   0: 0x800000cc (0x71ba8a93) addi    s5, s5, 1819
core   0: 3 0x800000cc (0x71ba8a93) x21 0x0580871b
core   0: 0x800000d0 (0x00c00b93) li      s7, 12
core   0: 3 0x800000d0 (0x00c00b93) x23 0x0000000c
core   0: 0x800000d4 (0x80000c37) lui     s8, 0x80000
core   0: 3 0x800000d4 (0x80000c37) x24 0x80000000
core   0: 0x800000d8 (0x00000c93) li      s9, 0
core   0: 3 0x800000d8 (0x00000c93) x25 0x00000000
core   0: 0x800000dc (0x00600d13) li      s10, 6
core   0: 3 0x800000dc (0x00600d13) x26 0x00000006
core   0: 0x800000e0 (0x00000d93) li      s11, 0
core   0: 3 0x800000e0 (0x00000d93) x27 0x00000000
core   0: 0x800000e4 (0xfc2b7e37) lui     t3, 0xfc2b7
core   0: 3 0x800000e4 (0xfc2b7e37) x28 0xfc2b7000
core   0: 0x800000e8 (0x978e0e13) addi    t3, t3, -1672
core   0: 3 0x800000e8 (0x978e0e13) x28 0xfc2b6978
core   0: 0x800000ec (0x80000eb7) lui     t4, 0x80000
core   0: 3 0x800000ec (0x80000eb7) x29 0x80000000
core   0: 0x800000f0 (0xf89acf37) lui     t5, 0xf89ac
core   0: 3 0x800000f0 (0xf89acf37) x30 0xf89ac000
core   0: 0x800000f4 (0x2f1f0f13) addi    t5, t5, 753
core   0: 3 0x800000f4 (0x2f1f0f13) x30 0xf89ac2f1
core   0: 0x800000f8 (0x80000fb7) lui     t6, 0x80000
core   0: 3 0x800000f8 (0x80000fb7) x31 0x80000000
core   0: 0x800000fc (0x00015b17) auipc   s6, 0x15
core   0: 3 0x800000fc (0x00015b17) x22 0x800150fc
core   0: 0x80000100 (0xd68b0b13) addi    s6, s6, -664
core   0: 3 0x80000100 (0xd68b0b13) x22 0x80014e64
core   0: 0x80000104 (0x03e37cb3) remu    s9, t1, t5
core   0: 3 0x80000104 (0x03e37cb3) x25 0x92325c34
core   0: 0x80000108 (0x00000013) nop
core   0: 3 0x80000108 (0x00000013)
core   0: 0x8000010c (0x00d9d093) srli    ra, s3, 13
core   0: 3 0x8000010c (0x00d9d093) x 1 0x00000000
core   0: 0x80000110 (0x4f79fc13) andi    s8, s3, 1271
core   0: 3 0x80000110 (0x4f79fc13) x24 0x00000000
core   0: 0x80000114 (0x0055a2b3) slt     t0, a1, t0
core   0: 3 0x80000114 (0x0055a2b3) x 5 0x00000001
core   0: 0x80000118 (0x000fccb3) xor     s9, t6, zero
core   0: 3 0x80000118 (0x000fccb3) x25 0x80000000
core   0: 0x8000011c (0x0160af33) slt     t5, ra, s6
core   0: 3 0x8000011c (0x0160af33) x30 0x00000000
core   0: 0x80000120 (0x03cf08b3) mul     a7, t5, t3
core   0: 3 0x80000120 (0x03cf08b3) x17 0x00000000
core   0: 0x80000124 (0x0018b9b3) sltu    s3, a7, ra
core   0: 3 0x80000124 (0x0018b9b3) x19 0x00000000
core   0: 0x80000128 (0x80898693) addi    a3, s3, -2040
core   0: 3 0x80000128 (0x80898693) x13 0xfffff808
core   0: 0x8000012c (0x00e77233) and     tp, a4, a4
core   0: 3 0x8000012c (0x00e77233) x 4 0x0000000e
core   0: 0x80000130 (0x039d7133) remu    sp, s10, s9
core   0: 3 0x80000130 (0x039d7133) x 2 0x00000006
core   0: 0x80000134 (0x025be3b3) rem     t2, s7, t0
core   0: 3 0x80000134 (0x025be3b3) x 7 0x00000000
core   0: 0x80000138 (0x02739eb3) mulh    t4, t2, t2
core   0: 3 0x80000138 (0x02739eb3) x29 0x00000000
core   0: 0x8000013c (0x00cd87b3) add     a5, s11, a2
core   0: 3 0x8000013c (0x00cd87b3) x15 0x80000000
core   0: 0x80000140 (0x0084f033) and     zero, s1, s0
core   0: 3 0x80000140 (0x0084f033)
core   0: 0x80000144 (0x01515e13) srli    t3, sp, 21
core   0: 3 0x80000144 (0x01515e13) x28 0x00000000
core   0: 0x80000148 (0x026015b3) mulh    a1, zero, t1
core   0: 3 0x80000148 (0x026015b3) x11 0x00000000
core   0: 0x8000014c (0x740a48b7) lui     a7, 0x740a4
core   0: 3 0x8000014c (0x740a48b7) x17 0x740a4000
core   0: 0x80000150 (0x03d0f233) remu    tp, ra, t4
core   0: 3 0x80000150 (0x03d0f233) x 4 0x00000000
core   0: 0x80000154 (0x0052b633) sltu    a2, t0, t0
core   0: 3 0x80000154 (0x0052b633) x12 0x00000000
core   0: 0x80000158 (0x03a2bf33) mulhu   t5, t0, s10
core   0: 3 0x80000158 (0x03a2bf33) x30 0x00000000
core   0: 0x8000015c (0x008224b3) slt     s1, tp, s0
core   0: 3 0x8000015c (0x008224b3) x 9 0x00000001
core   0: 0x80000160 (0x03c50cb3) mul     s9, a0, t3
core   0: 3 0x80000160 (0x03c50cb3) x25 0x00000000
core   0: 0x80000164 (0x414085b3) sub     a1, ra, s4
core   0: 3 0x80000164 (0x414085b3) x11 0xb6acfc5e
core   0: 0x80000168 (0x02495333) divu    t1, s2, tp
core   0: 3 0x80000168 (0x02495333) x 6 0xffffffff
core   0: 0x8000016c (0x0326ca33) div     s4, a3, s2
core   0: 3 0x8000016c (0x0326ca33) x20 0xffffffff
core   0: 0x80000170 (0x01b06db3) or      s11, zero, s11
core   0: 3 0x80000170 (0x01b06db3) x27 0x00000000
core   0: 0x80000174 (0x4910c013) xori    zero, ra, 1169
core   0: 3 0x80000174 (0x4910c013)
core   0: 0x80000178 (0x219c6c37) lui     s8, 0x219c6
core   0: 3 0x80000178 (0x219c6c37) x24 0x219c6000
core   0: 0x8000017c (0x00548d33) add     s10, s1, t0
core   0: 3 0x8000017c (0x00548d33) x26 0x00000002
core   0: 0x80000180 (0x03fcffb3) remu    t6, s9, t6
core   0: 3 0x80000180 (0x03fcffb3) x31 0x00000000
core   0: 0x80000184 (0x01fe6fb3) or      t6, t3, t6
core   0: 3 0x80000184 (0x01fe6fb3) x31 0x00000000
core   0: 0x80000188 (0x00d34d33) xor     s10, t1, a3
core   0: 3 0x80000188 (0x00d34d33) x26 0x000007f7
core   0: 0x8000018c (0x00000013) nop
core   0: 3 0x8000018c (0x00000013)
core   0: 0x80000190 (0x7d52f197) auipc   gp, 0x7d52f
core   0: 3 0x80000190 (0x7d52f197) x 3 0xfd52f190
core   0: 0x80000194 (0x02259233) mulh    tp, a1, sp
core   0: 3 0x80000194 (0x02259233) x 4 0xfffffffe
core   0: 0x80000198 (0x1dff4bb7) lui     s7, 0x1dff4
core   0: 3 0x80000198 (0x1dff4bb7) x23 0x1dff4000
core   0: 0x8000019c (0x2e0ab113) sltiu   sp, s5, 736
core   0: 3 0x8000019c (0x2e0ab113) x 2 0x00000000
core   0: 0x800001a0 (0x007487b3) add     a5, s1, t2
core   0: 3 0x800001a0 (0x007487b3) x15 0x00000001
core   0: 0x800001a4 (0x0313f3b3) remu    t2, t2, a7
core   0: 3 0x800001a4 (0x0313f3b3) x 7 0x00000000
core   0: 0x800001a8 (0x026a86b3) mul     a3, s5, t1
core   0: 3 0x800001a8 (0x026a86b3) x13 0xfa7f78e5
core   0: 0x800001ac (0x028f7cb3) remu    s9, t5, s0
core   0: 3 0x800001ac (0x028f7cb3) x25 0x00000000
core   0: 0x800001b0 (0x024efc33) remu    s8, t4, tp
core   0: 3 0x800001b0 (0x024efc33) x24 0x00000000
core   0: 0x800001b4 (0xdd426117) auipc   sp, 0xdd426
core   0: 3 0x800001b4 (0xdd426117) x 2 0x5d4261b4
core   0: 0x800001b8 (0x0023b0b3) sltu    ra, t2, sp
core   0: 3 0x800001b8 (0x0023b0b3) x 1 0x00000001
core   0: 0x800001bc (0x0138e9b3) or      s3, a7, s3
core   0: 3 0x800001bc (0x0138e9b3) x19 0x740a4000
core   0: 0x800001c0 (0x022db7b3) mulhu   a5, s11, sp
core   0: 3 0x800001c0 (0x022db7b3) x15 0x00000000
core   0: 0x800001c4 (0x01395093) srli    ra, s2, 19
core   0: 3 0x800001c4 (0x01395093) x 1 0x00000000
core   0: 0x800001c8 (0x00945c33) srl     s8, s0, s1
core   0: 3 0x800001c8 (0x00945c33) x24 0x2384f2cf
core   0: 0x800001cc (0x00751b93) slli    s7, a0, 7
core   0: 3 0x800001cc (0x00751b93) x23 0x00000000
core   0: 0x800001d0 (0x03d20cb3) mul     s9, tp, t4
core   0: 3 0x800001d0 (0x03d20cb3) x25 0x00000000
core   0: 0x800001d4 (0xa5482913) slti    s2, a6, -1452
core   0: 3 0x800001d4 (0xa5482913) x18 0x00000001
core   0: 0x800001d8 (0x508a0713) addi    a4, s4, 1288
core   0: 3 0x800001d8 (0x508a0713) x14 0x00000507
core   0: 0x800001dc (0x00161f33) sll     t5, a2, ra
core   0: 3 0x800001dc (0x00161f33) x30 0x00000000
core   0: 0x800001e0 (0x03800cb3) mul     s9, zero, s8
core   0: 3 0x800001e0 (0x03800cb3) x25 0x00000000
core   0: 0x800001e4 (0x41d9d933) sra     s2, s3, t4
core   0: 3 0x800001e4 (0x41d9d933) x18 0x740a4000
core   0: 0x800001e8 (0x002d8233) add     tp, s11, sp
core   0: 3 0x800001e8 (0x002d8233) x 4 0x5d4261b4
core   0: 0x800001ec (0x00c4afb3) slt     t6, s1, a2
core   0: 3 0x800001ec (0x00c4afb3) x31 0x00000000
core   0: 0x800001f0 (0x026a4db3) div     s11, s4, t1
core   0: 3 0x800001f0 (0x026a4db3) x27 0x00000001
core   0: 0x800001f4 (0x00fb47b3) xor     a5, s6, a5
core   0: 3 0x800001f4 (0x00fb47b3) x15 0x80014e64
core   0: 0x800001f8 (0x02d12bb3) mulhsu  s7, sp, a3
core   0: 3 0x800001f8 (0x02d12bb3) x23 0x5b414362
core   0: 0x800001fc (0x41628433) sub     s0, t0, s6
core   0: 3 0x800001fc (0x41628433) x 8 0x7ffeb19d
core   0: 0x80000200 (0x79d36e13) ori     t3, t1, 1949
core   0: 3 0x80000200 (0x79d36e13) x28 0xffffffff
core   0: 0x80000204 (0x02244733) div     a4, s0, sp
core   0: 3 0x80000204 (0x02244733) x14 0x00000001
core   0: 0x80000208 (0x414f54b3) sra     s1, t5, s4
core   0: 3 0x80000208 (0x414f54b3) x 9 0x00000000
core   0: 0x8000020c (0x1ae92713) slti    a4, s2, 430
core   0: 3 0x8000020c (0x1ae92713) x14 0x00000000
core   0: 0x80000210 (0x372e8a37) lui     s4, 0x372e8
core   0: 3 0x80000210 (0x372e8a37) x20 0x372e8000
core   0: 0x80000214 (0x038eebb3) rem     s7, t4, s8
core   0: 3 0x80000214 (0x038eebb3) x23 0x00000000
core   0: 0x80000218 (0x0399ffb3) remu    t6, s3, s9
core   0: 3 0x80000218 (0x0399ffb3) x31 0x740a4000
core   0: 0x8000021c (0x4a52c013) xori    zero, t0, 1189
core   0: 3 0x8000021c (0x4a52c013)
core   0: 0x80000220 (0x0042e033) or      zero, t0, tp
core   0: 3 0x80000220 (0x0042e033)
core   0: 0x80000224 (0x016aa7b3) slt     a5, s5, s6
core   0: 3 0x80000224 (0x016aa7b3) x15 0x00000000
core   0: 0x80000228 (0xf15ee713) ori     a4, t4, -235
core   0: 3 0x80000228 (0xf15ee713) x14 0xffffff15
core   0: 0x8000022c (0x7cfd94b7) lui     s1, 0x7cfd9
core   0: 3 0x8000022c (0x7cfd94b7) x 9 0x7cfd9000
core   0: 0x80000230 (0x002d3333) sltu    t1, s10, sp
core   0: 3 0x80000230 (0x002d3333) x 6 0x00000001
core   0: 0x80000234 (0x778db893) sltiu   a7, s11, 1912
core   0: 3 0x80000234 (0x778db893) x17 0x00000001
core   0: 0x80000238 (0x411f8cb3) sub     s9, t6, a7
core   0: 3 0x80000238 (0x411f8cb3) x25 0x740a3fff
core   0: 0x8000023c (0x00f804b3) add     s1, a6, a5
core   0: 3 0x8000023c (0x00f804b3) x 9 0x80018ce4
core   0: 0x80000240 (0x0366f2b3) remu    t0, a3, s6
core   0: 3 0x80000240 (0x0366f2b3) x 5 0x7a7e2a81
core   0: 0x80000244 (0x03f87333) remu    t1, a6, t6
core   0: 3 0x80000244 (0x03f87333) x 6 0x0bf74ce4
core   0: 0x80000248 (0x01018933) add     s2, gp, a6
core   0: 3 0x80000248 (0x01018933) x18 0x7d547e74
core   0: 0x8000024c (0x414f88b3) sub     a7, t6, s4
core   0: 3 0x8000024c (0x414f88b3) x17 0x3cdbc000
core   0: 0x80000250 (0x026cf933) remu    s2, s9, t1
core   0: 3 0x80000250 (0x026cf933) x18 0x08588bfb
core   0: 0x80000254 (0x02003933) mulhu   s2, zero, zero
core   0: 3 0x80000254 (0x02003933) x18 0x00000000
core   0: 0x80000258 (0x01c24c33) xor     s8, tp, t3
core   0: 3 0x80000258 (0x01c24c33) x24 0xa2bd9e4b
core   0: 0x8000025c (0x02aa7f33) remu    t5, s4, a0
core   0: 3 0x8000025c (0x02aa7f33) x30 0x372e8000
core   0: 0x80000260 (0x0187d393) srli    t2, a5, 24
core   0: 3 0x80000260 (0x0187d393) x 7 0x00000000
core   0: 0x80000264 (0x6b040d13) addi    s10, s0, 1712
core   0: 3 0x80000264 (0x6b040d13) x26 0x7ffeb84d
core   0: 0x80000268 (0x015f7033) and     zero, t5, s5
core   0: 3 0x80000268 (0x015f7033)
core   0: 0x8000026c (0x026d3bb3) mulhu   s7, s10, t1
core   0: 3 0x8000026c (0x026d3bb3) x23 0x05fb9720
core   0: 0x80000270 (0x01235793) srli    a5, t1, 18
core   0: 3 0x80000270 (0x01235793) x15 0x000002fd
core   0: 0x80000274 (0xdae12e37) lui     t3, 0xdae12
core   0: 3 0x80000274 (0xdae12e37) x28 0xdae12000
core   0: 0x80000278 (0xd3518593) addi    a1, gp, -715
core   0: 3 0x80000278 (0xd3518593) x11 0xfd52eec5
core   0: 0x8000027c (0x415f0633) sub     a2, t5, s5
core   0: 3 0x8000027c (0x415f0633) x12 0x31adf8e5
core   0: 0x80000280 (0xaad49f97) auipc   t6, 0xaad49
core   0: 3 0x80000280 (0xaad49f97) x31 0x2ad49280
core   0: 0x80000284 (0x12c43113) sltiu   sp, s0, 300
core   0: 3 0x80000284 (0x12c43113) x 2 0x00000000
core   0: 0x80000288 (0xe3d62b93) slti    s7, a2, -451
core   0: 3 0x80000288 (0xe3d62b93) x23 0x00000000
core   0: 0x8000028c (0x4f4e4a93) xori    s5, t3, 1268
core   0: 3 0x8000028c (0x4f4e4a93) x21 0xdae124f4
core   0: 0x80000290 (0x00221eb3) sll     t4, tp, sp
core   0: 3 0x80000290 (0x00221eb3) x29 0x5d4261b4
core   0: 0x80000294 (0xa3c63e93) sltiu   t4, a2, -1476
core   0: 3 0x80000294 (0xa3c63e93) x29 0x00000001
core   0: 0x80000298 (0x03da71b3) remu    gp, s4, t4
core   0: 3 0x80000298 (0x03da71b3) x 3 0x00000000
core   0: 0x8000029c (0x02be1333) mulh    t1, t3, a1
core   0: 3 0x8000029c (0x02be1333) x 6 0x0063561c
core   0: 0x800002a0 (0x0343a133) mulhsu  sp, t2, s4
core   0: 3 0x800002a0 (0x0343a133) x 2 0x00000000
core   0: 0x800002a4 (0x0153cd33) xor     s10, t2, s5
core   0: 3 0x800002a4 (0x0153cd33) x26 0xdae124f4
core   0: 0x800002a8 (0x01591493) slli    s1, s2, 21
core   0: 3 0x800002a8 (0x01591493) x 9 0x00000000
core   0: 0x800002ac (0x410d8f33) sub     t5, s11, a6
core   0: 3 0x800002ac (0x410d8f33) x30 0x7ffe731d
core   0: 0x800002b0 (0x00481093) slli    ra, a6, 4
core   0: 3 0x800002b0 (0x00481093) x 1 0x0018ce40
core   0: 0x800002b4 (0x26ca0637) lui     a2, 0x26ca0
core   0: 3 0x800002b4 (0x26ca0637) x12 0x26ca0000
core   0: 0x800002b8 (0x401ed913) srai    s2, t4, 1
core   0: 3 0x800002b8 (0x401ed913) x18 0x00000000
core   0: 0x800002bc (0x03bf2e33) mulhsu  t3, t5, s11
core   0: 3 0x800002bc (0x03bf2e33) x28 0x00000000
core   0: 0x800002c0 (0xa183fc13) andi    s8, t2, -1512
core   0: 3 0x800002c0 (0xa183fc13) x24 0x00000000
core   0: 0x800002c4 (0x403056b3) sra     a3, zero, gp
core   0: 3 0x800002c4 (0x403056b3) x13 0x00000000
core   0: 0x800002c8 (0x415685b3) sub     a1, a3, s5
core   0: 3 0x800002c8 (0x415685b3) x11 0x251edb0c
core   0: 0x800002cc (0x01a28133) add     sp, t0, s10
core   0: 3 0x800002cc (0x01a28133) x 2 0x555f4f75
core   0: 0x800002d0 (0x41b8ab93) slti    s7, a7, 1051
core   0: 3 0x800002d0 (0x41b8ab93) x23 0x00000000
core   0: 0x800002d4 (0x00000013) nop
core   0: 3 0x800002d4 (0x00000013)
core   0: 0x800002d8 (0xc001b113) sltiu   sp, gp, -1024
core   0: 3 0x800002d8 (0xc001b113) x 2 0x00000001
core   0: 0x800002dc (0x9a2974b7) lui     s1, 0x9a297
core   0: 3 0x800002dc (0x9a2974b7) x 9 0x9a297000
core   0: 0x800002e0 (0x00833db3) sltu    s11, t1, s0
core   0: 3 0x800002e0 (0x00833db3) x27 0x00000001
core   0: 0x800002e4 (0x01a795b3) sll     a1, a5, s10
core   0: 3 0x800002e4 (0x01a795b3) x11 0x2fd00000
core   0: 0x800002e8 (0x03f29933) mulh    s2, t0, t6
core   0: 3 0x800002e8 (0x03f29933) x18 0x147e698d
core   0: 0x800002ec (0x29314b97) auipc   s7, 0x29314
core   0: 3 0x800002ec (0x29314b97) x23 0xa93142ec
core   0: 0x800002f0 (0x01052db3) slt     s11, a0, a6
core   0: 3 0x800002f0 (0x01052db3) x27 0x00000001
core   0: 0x800002f4 (0x41733613) sltiu   a2, t1, 1047
core   0: 3 0x800002f4 (0x41733613) x12 0x00000000
core   0: 0x800002f8 (0x000ec3b3) xor     t2, t4, zero
core   0: 3 0x800002f8 (0x000ec3b3) x 7 0x00000001
core   0: 0x800002fc (0x4a06c613) xori    a2, a3, 1184
core   0: 3 0x800002fc (0x4a06c613) x12 0x000004a0
core   0: 0x80000300 (0x005e9f33) sll     t5, t4, t0
core   0: 3 0x80000300 (0x005e9f33) x30 0x00000002
core   0: 0x80000304 (0x015f1db3) sll     s11, t5, s5
core   0: 3 0x80000304 (0x015f1db3) x27 0x00200000
core   0: 0x80000308 (0x414a5713) srai    a4, s4, 20
core   0: 3 0x80000308 (0x414a5713) x14 0x00000372
core   0: 0x8000030c (0x3d788993) addi    s3, a7, 983
core   0: 3 0x8000030c (0x3d788993) x19 0x3cdbc3d7
core   0: 0x80000310 (0x01a974b3) and     s1, s2, s10
core   0: 3 0x80000310 (0x01a974b3) x 9 0x10602084
core   0: 0x80000314 (0x00000013) nop
core   0: 3 0x80000314 (0x00000013)
core   0: 0x80000318 (0x92c53913) sltiu   s2, a0, -1748
core   0: 3 0x80000318 (0x92c53913) x18 0x00000001
core   0: 0x8000031c (0x01b3a4b3) slt     s1, t2, s11
core   0: 3 0x8000031c (0x01b3a4b3) x 9 0x00000001
core   0: 0x80000320 (0x0234c333) div     t1, s1, gp
core   0: 3 0x80000320 (0x0234c333) x 6 0xffffffff
core   0: 0x80000324 (0x6cd67413) andi    s0, a2, 1741
core   0: 3 0x80000324 (0x6cd67413) x 8 0x00000480
core   0: 0x80000328 (0x035fb5b3) mulhu   a1, t6, s5
core   0: 3 0x80000328 (0x035fb5b3) x11 0x249eafc4
core   0: 0x8000032c (0xe8167593) andi    a1, a2, -383
core   0: 3 0x8000032c (0xe8167593) x11 0x00000480
core   0: 0x80000330 (0x6a059a37) lui     s4, 0x6a059
core   0: 3 0x80000330 (0x6a059a37) x20 0x6a059000
core   0: 0x80000334 (0x015e6cb3) or      s9, t3, s5
core   0: 3 0x80000334 (0x015e6cb3) x25 0xdae124f4
core   0: 0x80000338 (0x0317df33) divu    t5, a5, a7
core   0: 3 0x80000338 (0x0317df33) x30 0x00000000
core   0: 0x8000033c (0x000fb7b3) sltu    a5, t6, zero
core   0: 3 0x8000033c (0x000fb7b3) x15 0x00000000
core   0: 0x80000340 (0x02947d33) remu    s10, s0, s1
core   0: 3 0x80000340 (0x02947d33) x26 0x00000000
core   0: 0x80000344 (0x2d730d17) auipc   s10, 0x2d730
core   0: 3 0x80000344 (0x2d730d17) x26 0xad730344
core   0: 0x80000348 (0xbe734b93) xori    s7, t1, -1049
core   0: 3 0x80000348 (0xbe734b93) x23 0x00000418
core   0: 0x8000034c (0x00000013) nop
core   0: 3 0x8000034c (0x00000013)
core   0: 0x80000350 (0x009e9293) slli    t0, t4, 9
core   0: 3 0x80000350 (0x009e9293) x 5 0x00000200
core   0: 0x80000354 (0x00000013) nop
core   0: 3 0x80000354 (0x00000013)
core   0: 0x80000358 (0x0eb9fb93) andi    s7, s3, 235
core   0: 3 0x80000358 (0x0eb9fb93) x23 0x000000c3
core   0: 0x8000035c (0x000798b3) sll     a7, a5, zero
core   0: 3 0x8000035c (0x000798b3) x17 0x00000000
core   0: 0x80000360 (0x74cbcd13) xori    s10, s7, 1868
core   0: 3 0x80000360 (0x74cbcd13) x26 0x0000078f
core   0: 0x80000364 (0xefcc2293) slti    t0, s8, -260
core   0: 3 0x80000364 (0xefcc2293) x 5 0x00000000
core   0: 0x80000368 (0xa344f013) andi    zero, s1, -1484
core   0: 3 0x80000368 (0xa344f013)
core   0: 0x8000036c (0x000cbe33) sltu    t3, s9, zero
core   0: 3 0x8000036c (0x000cbe33) x28 0x00000000
core   0: 0x80000370 (0x00fc3133) sltu    sp, s8, a5
core   0: 3 0x80000370 (0x00fc3133) x 2 0x00000000
core   0: 0x80000374 (0x8ab8e313) ori     t1, a7, -1877
core   0: 3 0x80000374 (0x8ab8e313) x 6 0xfffff8ab
core   0: 0x80000378 (0x0079af33) slt     t5, s3, t2
core   0: 3 0x80000378 (0x0079af33) x30 0x00000000
core   0: 0x8000037c (0xb093af93) slti    t6, t2, -1271
core   0: 3 0x8000037c (0xb093af93) x31 0x00000000
core   0: 0x80000380 (0x0225c433) div     s0, a1, sp
core   0: 3 0x80000380 (0x0225c433) x 8 0xffffffff
core   0: 0x80000384 (0x035868b3) rem     a7, a6, s5
core   0: 3 0x80000384 (0x035868b3) x17 0xef5e1e08
core   0: 0x80000388 (0x00a7fa33) and     s4, a5, a0
core   0: 3 0x80000388 (0x00a7fa33) x20 0x00000000
core   0: 0x8000038c (0x02fce733) rem     a4, s9, a5
core   0: 3 0x8000038c (0x02fce733) x14 0xdae124f4
core   0: 0x80000390 (0x01e39913) slli    s2, t2, 30
core   0: 3 0x80000390 (0x01e39913) x18 0x40000000
core   0: 0x80000394 (0x037604b3) mul     s1, a2, s7
core   0: 3 0x80000394 (0x037604b3) x 9 0x000385e0
core   0: 0x80000398 (0xfb5a8c13) addi    s8, s5, -75
core   0: 3 0x80000398 (0xfb5a8c13) x24 0xdae124a9
core   0: 0x8000039c (0x03d6dab3) divu    s5, a3, t4
core   0: 3 0x8000039c (0x03d6dab3) x21 0x00000000
core   0: 0x800003a0 (0x00b09ab3) sll     s5, ra, a1
core   0: 3 0x800003a0 (0x00b09ab3) x21 0x0018ce40
core   0: 0x800003a4 (0x41a35c33) sra     s8, t1, s10
core   0: 3 0x800003a4 (0x41a35c33) x24 0xffffffff
core   0: 0x800003a8 (0x74052613) slti    a2, a0, 1856
core   0: 3 0x800003a8 (0x74052613) x12 0x00000001
core   0: 0x800003ac (0x18b13a13) sltiu   s4, sp, 395
core   0: 3 0x800003ac (0x18b13a13) x20 0x00000001
core   0: 0x800003b0 (0x010f2db3) slt     s11, t5, a6
core   0: 3 0x800003b0 (0x010f2db3) x27 0x00000000
core   0: 0x800003b4 (0x416c0433) sub     s0, s8, s6
core   0: 3 0x800003b4 (0x416c0433) x 8 0x7ffeb19b
core   0: 0x800003b8 (0x663afc13) andi    s8, s5, 1635
core   0: 3 0x800003b8 (0x663afc13) x24 0x00000640
core   0: 0x800003bc (0x80a74693) xori    a3, a4, -2038
core   0: 3 0x800003bc (0x80a74693) x13 0x251edcfe
core   0: 0x800003c0 (0x02e89d33) mulh    s10, a7, a4
core   0: 3 0x800003c0 (0x02e89d33) x26 0x026966dc
core   0: 0x800003c4 (0xeab7e213) ori     tp, a5, -341
core   0: 3 0x800003c4 (0xeab7e213) x 4 0xfffffeab
core   0: 0x800003c8 (0x03dbe2b3) rem     t0, s7, t4
core   0: 3 0x800003c8 (0x03dbe2b3) x 5 0x00000000
core   0: 0x800003cc (0x413f8fb3) sub     t6, t6, s3
core   0: 3 0x800003cc (0x413f8fb3) x31 0xc3243c29
core   0: 0x800003d0 (0x0352f9b3) remu    s3, t0, s5
core   0: 3 0x800003d0 (0x0352f9b3) x19 0x00000000
core   0: 0x800003d4 (0x00d81e13) slli    t3, a6, 13
core   0: 3 0x800003d4 (0x00d81e13) x28 0x319c8000
core   0: 0x800003d8 (0x03bd8133) mul     sp, s11, s11
core   0: 3 0x800003d8 (0x03bd8133) x 2 0x00000000
core   0: 0x800003dc (0x006682b3) add     t0, a3, t1
core   0: 3 0x800003dc (0x006682b3) x 5 0x251ed5a9
core   0: 0x800003e0 (0x41020333) sub     t1, tp, a6
core   0: 3 0x800003e0 (0x41020333) x 6 0x7ffe71c7
core   0: 0x800003e4 (0x0248ebb3) rem     s7, a7, tp
core   0: 3 0x800003e4 (0x0248ebb3) x23 0xffffff30
core   0: 0x800003e8 (0x596cb893) sltiu   a7, s9, 1430
core   0: 3 0x800003e8 (0x596cb893) x17 0x00000000
core   0: 0x800003ec (0x038a2c33) mulhsu  s8, s4, s8
core   0: 3 0x800003ec (0x038a2c33) x24 0x00000000
core   0: 0x800003f0 (0x007bf333) and     t1, s7, t2
core   0: 3 0x800003f0 (0x007bf333) x 6 0x00000000
core   0: 0x800003f4 (0x028b2733) mulhsu  a4, s6, s0
core   0: 3 0x800003f4 (0x028b2733) x14 0xc0014e62
core   0: 0x800003f8 (0xfbfdaa97) auipc   s5, 0xfbfda
core   0: 3 0x800003f8 (0xfbfdaa97) x21 0x7bfda3f8
core   0: 0x800003fc (0x03e47633) remu    a2, s0, t5
core   0: 3 0x800003fc (0x03e47633) x12 0x7ffeb19b
core   0: 0x80000400 (0x01255593) srli    a1, a0, 18
core   0: 3 0x80000400 (0x01255593) x11 0x00002000
core   0: 0x80000404 (0x01319033) sll     zero, gp, s3
core   0: 3 0x80000404 (0x01319033)
core   0: 0x80000408 (0x3431c417) auipc   s0, 0x3431c
core   0: 3 0x80000408 (0x3431c417) x 8 0xb431c408
core   0: 0x8000040c (0x0084f633) and     a2, s1, s0
core   0: 3 0x8000040c (0x0084f633) x12 0x00018400
core   0: 0x80000410 (0x02bfe3b3) rem     t2, t6, a1
core   0: 3 0x80000410 (0x02bfe3b3) x 7 0xfffffc29
core   0: 0x80000414 (0x01ec2cb3) slt     s9, s8, t5
core   0: 3 0x80000414 (0x01ec2cb3) x25 0x00000000
core   0: 0x80000418 (0x00ea60b3) or      ra, s4, a4
core   0: 3 0x80000418 (0x00ea60b3) x 1 0xc0014e63
core   0: 0x8000041c (0x01810fb3) add     t6, sp, s8
core   0: 3 0x8000041c (0x01810fb3) x31 0x00000000
core   0: 0x80000420 (0x01915433) srl     s0, sp, s9
core   0: 3 0x80000420 (0x01915433) x 8 0x00000000
core   0: 0x80000424 (0x40cd5933) sra     s2, s10, a2
core   0: 3 0x80000424 (0x40cd5933) x18 0x026966dc
core   0: 0x80000428 (0x0542b8b7) lui     a7, 0x542b
core   0: 3 0x80000428 (0x0542b8b7) x17 0x0542b000
core   0: 0x8000042c (0x6267da37) lui     s4, 0x6267d
core   0: 3 0x8000042c (0x6267da37) x20 0x6267d000
core   0: 0x80000430 (0x01d36d33) or      s10, t1, t4
core   0: 3 0x80000430 (0x01d36d33) x26 0x00000001
core   0: 0x80000434 (0x037413b3) mulh    t2, s0, s7
core   0: 3 0x80000434 (0x037413b3) x 7 0x00000000
core   0: 0x80000438 (0xd6f97997) auipc   s3, 0xd6f97
core   0: 3 0x80000438 (0xd6f97997) x19 0x56f97438
core   0: 0x8000043c (0x0376ba33) mulhu   s4, a3, s7
core   0: 3 0x8000043c (0x0376ba33) x20 0x251edcdf
core   0: 0x80000440 (0x0239d033) divu    zero, s3, gp
core   0: 3 0x80000440 (0x0239d033)
core   0: 0x80000444 (0x03805d33) divu    s10, zero, s8
core   0: 3 0x80000444 (0x03805d33) x26 0xffffffff
core   0: 0x80000448 (0x032b83b3) mul     t2, s7, s2
core   0: 3 0x80000448 (0x032b83b3) x 7 0x0a5c6d40
core   0: 0x8000044c (0x00000013) nop
core   0: 3 0x8000044c (0x00000013)
core   0: 0x80000450 (0x0091f733) and     a4, gp, s1
core   0: 3 0x80000450 (0x0091f733) x14 0x00000000
core   0: 0x80000454 (0x416c5033) sra     zero, s8, s6
core   0: 3 0x80000454 (0x416c5033)
core   0: 0x80000458 (0x015d8433) add     s0, s11, s5
core   0: 3 0x80000458 (0x015d8433) x 8 0x7bfda3f8
core   0: 0x8000045c (0x008f8cb3) add     s9, t6, s0
core   0: 3 0x8000045c (0x008f8cb3) x25 0x7bfda3f8
core   0: 0x80000460 (0x40a4d713) srai    a4, s1, 10
core   0: 3 0x80000460 (0x40a4d713) x14 0x000000e1
core   0: 0x80000464 (0x62da3993) sltiu   s3, s4, 1581
core   0: 3 0x80000464 (0x62da3993) x19 0x00000000
core   0: 0x80000468 (0x020e2fb3) mulhsu  t6, t3, zero
core   0: 3 0x80000468 (0x020e2fb3) x31 0x00000000
core   0: 0x8000046c (0xc8e90093) addi    ra, s2, -882
core   0: 3 0x8000046c (0xc8e90093) x 1 0x0269636a
core   0: 0x80000470 (0x01a48933) add     s2, s1, s10
core   0: 3 0x80000470 (0x01a48933) x18 0x000385df
core   0: 0x80000474 (0x008a5bb3) srl     s7, s4, s0
core   0: 3 0x80000474 (0x008a5bb3) x23 0x00000025
core   0: 0x80000478 (0x01143db3) sltu    s11, s0, a7
core   0: 3 0x80000478 (0x01143db3) x27 0x00000000
core   0: 0x8000047c (0x1fa8ea13) ori     s4, a7, 506
core   0: 3 0x8000047c (0x1fa8ea13) x20 0x0542b1fa
core   0: 0x80000480 (0x03379933) mulh    s2, a5, s3
core   0: 3 0x80000480 (0x03379933) x18 0x00000000
core   0: 0x80000484 (0x02254eb3) div     t4, a0, sp
core   0: 3 0x80000484 (0x02254eb3) x29 0xffffffff
core   0: 0x80000488 (0x1aa054b7) lui     s1, 0x1aa05
core   0: 3 0x80000488 (0x1aa054b7) x 9 0x1aa05000
core   0: 0x8000048c (0x0212f7b3) remu    a5, t0, ra
core   0: 3 0x8000048c (0x0212f7b3) x15 0x00f20273
core   0: 0x80000490 (0x6f510313) addi    t1, sp, 1781
core   0: 3 0x80000490 (0x6f510313) x 6 0x000006f5
core   0: 0x80000494 (0x039287b3) mul     a5, t0, s9
core   0: 3 0x80000494 (0x039287b3) x15 0xf2ee96b8
core   0: 0x80000498 (0x60727093) andi    ra, tp, 1543
core   0: 3 0x80000498 (0x60727093) x 1 0x00000603
core   0: 0x8000049c (0xe332f193) andi    gp, t0, -461
core   0: 3 0x8000049c (0xe332f193) x 3 0x251ed421
core   0: 0x800004a0 (0x58494797) auipc   a5, 0x58494
core   0: 3 0x800004a0 (0x58494797) x15 0xd84944a0
core   0: 0x800004a4 (0x0281a233) mulhsu  tp, gp, s0
core   0: 3 0x800004a4 (0x0281a233) x 4 0x11fa972a
core   0: 0x800004a8 (0x009038b3) snez    a7, s1
core   0: 3 0x800004a8 (0x009038b3) x17 0x00000001
core   0: 0x800004ac (0x58dcb493) sltiu   s1, s9, 1421
core   0: 3 0x800004ac (0x58dcb493) x 9 0x00000000
core   0: 0x800004b0 (0x41cc8db3) sub     s11, s9, t3
core   0: 3 0x800004b0 (0x41cc8db3) x27 0x4a6123f8
core   0: 0x800004b4 (0xe6d86713) ori     a4, a6, -403
core   0: 3 0x800004b4 (0xe6d86713) x14 0xfffffeed
core   0: 0x800004b8 (0x00000013) nop
core   0: 3 0x800004b8 (0x00000013)
core   0: 0x800004bc (0x0248dab3) divu    s5, a7, tp
core   0: 3 0x800004bc (0x0248dab3) x21 0x00000000
core   0: 0x800004c0 (0xb81f6693) ori     a3, t5, -1151
core   0: 3 0x800004c0 (0xb81f6693) x13 0xfffffb81
core   0: 0x800004c4 (0x50ab6ab7) lui     s5, 0x50ab6
core   0: 3 0x800004c4 (0x50ab6ab7) x21 0x50ab6000
core   0: 0x800004c8 (0x55598417) auipc   s0, 0x55598
core   0: 3 0x800004c8 (0x55598417) x 8 0xd55984c8
core   0: 0x800004cc (0x01253d33) sltu    s10, a0, s2
core   0: 3 0x800004cc (0x01253d33) x26 0x00000000
core   0: 0x800004d0 (0xddb60197) auipc   gp, 0xddb60
core   0: 3 0x800004d0 (0xddb60197) x 3 0x5db604d0
core   0: 0x800004d4 (0x09de1797) auipc   a5, 0x9de1
core   0: 3 0x800004d4 (0x09de1797) x15 0x89de14d4
core   0: 0x800004d8 (0x01219f13) slli    t5, gp, 18
core   0: 3 0x800004d8 (0x01219f13) x30 0x13400000
core   0: 0x800004dc (0x74660593) addi    a1, a2, 1862
core   0: 3 0x800004dc (0x74660593) x11 0x00018b46
core   0: 0x800004e0 (0x9842e993) ori     s3, t0, -1660
core   0: 3 0x800004e0 (0x9842e993) x19 0xfffffdad
core   0: 0x800004e4 (0xef388a37) lui     s4, 0xef388
core   0: 3 0x800004e4 (0xef388a37) x20 0xef388000
core   0: 0x800004e8 (0x02828433) mul     s0, t0, s0
core   0: 3 0x800004e8 (0x02828433) x 8 0xcb031008
core   0: 0x800004ec (0x0134ceb3) xor     t4, s1, s3
core   0: 3 0x800004ec (0x0134ceb3) x29 0xfffffdad
core   0: 0x800004f0 (0xb3ebc097) auipc   ra, 0xb3ebc
core   0: 3 0x800004f0 (0xb3ebc097) x 1 0x33ebc4f0
core   0: 0x800004f4 (0x0389a7b3) mulhsu  a5, s3, s8
core   0: 3 0x800004f4 (0x0389a7b3) x15 0x00000000
core   0: 0x800004f8 (0x006e9b93) slli    s7, t4, 6
core   0: 3 0x800004f8 (0x006e9b93) x23 0xffff6b40
core   0: 0x800004fc (0x28edac13) slti    s8, s11, 654
core   0: 3 0x800004fc (0x28edac13) x24 0x00000000
core   0: 0x80000500 (0x002ee7b3) or      a5, t4, sp
core   0: 3 0x80000500 (0x002ee7b3) x15 0xfffffdad
core   0: 0x80000504 (0x00189cb3) sll     s9, a7, ra
core   0: 3 0x80000504 (0x00189cb3) x25 0x00010000
core   0: 0x80000508 (0x020c7a33) remu    s4, s8, zero
core   0: 3 0x80000508 (0x020c7a33) x20 0x00000000
core   0: 0x8000050c (0x3199af13) slti    t5, s3, 793
core   0: 3 0x8000050c (0x3199af13) x30 0x00000001
core   0: 0x80000510 (0x41955a33) sra     s4, a0, s9
core   0: 3 0x80000510 (0x41955a33) x20 0x80000000
core   0: 0x80000514 (0x95886493) ori     s1, a6, -1704
core   0: 3 0x80000514 (0x95886493) x 9 0xfffffdfc
core   0: 0x80000518 (0x00000013) nop
core   0: 3 0x80000518 (0x00000013)
core   0: 0x8000051c (0x409c5e93) srai    t4, s8, 9
core   0: 3 0x8000051c (0x409c5e93) x29 0x00000000
core   0: 0x80000520 (0x01823eb3) sltu    t4, tp, s8
core   0: 3 0x80000520 (0x01823eb3) x29 0x00000000
core   0: 0x80000524 (0xe329ef13) ori     t5, s3, -462
core   0: 3 0x80000524 (0xe329ef13) x30 0xffffffbf
core   0: 0x80000528 (0x01a01e33) sll     t3, zero, s10
core   0: 3 0x80000528 (0x01a01e33) x28 0x00000000
core   0: 0x8000052c (0x01bc5933) srl     s2, s8, s11
core   0: 3 0x8000052c (0x01bc5933) x18 0x00000000
core   0: 0x80000530 (0x0031d033) srl     zero, gp, gp
core   0: 3 0x80000530 (0x0031d033)
core   0: 0x80000534 (0x75b94e93) xori    t4, s2, 1883
core   0: 3 0x80000534 (0x75b94e93) x29 0x0000075b
core   0: 0x80000538 (0x4106dbb3) sra     s7, a3, a6
core   0: 3 0x80000538 (0x4106dbb3) x23 0xffffffb8
core   0: 0x8000053c (0x01cb3033) sltu    zero, s6, t3
core   0: 3 0x8000053c (0x01cb3033)
core   0: 0x80000540 (0xff412713) slti    a4, sp, -12
core   0: 3 0x80000540 (0xff412713) x14 0x00000000
core   0: 0x80000544 (0x00671f33) sll     t5, a4, t1
core   0: 3 0x80000544 (0x00671f33) x30 0x00000000
core   0: 0x80000548 (0x41fbd8b3) sra     a7, s7, t6
core   0: 3 0x80000548 (0x41fbd8b3) x17 0xffffffb8
core   0: 0x8000054c (0x4064da13) srai    s4, s1, 6
core   0: 3 0x8000054c (0x4064da13) x20 0xfffffff7
core   0: 0x80000550 (0x004eda13) srli    s4, t4, 4
core   0: 3 0x80000550 (0x004eda13) x20 0x00000075
core   0: 0x80000554 (0x41fed633) sra     a2, t4, t6
core   0: 3 0x80000554 (0x41fed633) x12 0x0000075b
core   0: 0x80000558 (0x700afc17) auipc   s8, 0x700af
core   0: 3 0x80000558 (0x700afc17) x24 0xf00af558
core   0: 0x8000055c (0x00b63033) sltu    zero, a2, a1
core   0: 3 0x8000055c (0x00b63033)
core   0: 0x80000560 (0x00c17633) and     a2, sp, a2
core   0: 3 0x80000560 (0x00c17633) x12 0x00000000
core   0: 0x80000564 (0x58a4f193) andi    gp, s1, 1418
core   0: 3 0x80000564 (0x58a4f193) x 3 0x00000588
core   0: 0x80000568 (0x004ad613) srli    a2, s5, 4
core   0: 3 0x80000568 (0x004ad613) x12 0x050ab600
core   0: 0x8000056c (0xd5400113) li      sp, -684
core   0: 3 0x8000056c (0xd5400113) x 2 0xfffffd54
core   0: 0x80000570 (0x021dcbb3) div     s7, s11, ra
core   0: 3 0x80000570 (0x021dcbb3) x23 0x00000001
core   0: 0x80000574 (0x419605b3) sub     a1, a2, s9
core   0: 3 0x80000574 (0x419605b3) x11 0x0509b600
core   0: 0x80000578 (0x01b528b3) slt     a7, a0, s11
core   0: 3 0x80000578 (0x01b528b3) x17 0x00000001
core   0: 0x8000057c (0x41c55a33) sra     s4, a0, t3
core   0: 3 0x8000057c (0x41c55a33) x20 0x80000000
core   0: 0x80000580 (0x0303d2b3) divu    t0, t2, a6
core   0: 3 0x80000580 (0x0303d2b3) x 5 0x00000000
core   0: 0x80000584 (0x003d56b3) srl     a3, s10, gp
core   0: 3 0x80000584 (0x003d56b3) x13 0x00000000
core   0: 0x80000588 (0x01fd0db3) add     s11, s10, t6
core   0: 3 0x80000588 (0x01fd0db3) x27 0x00000000
core   0: 0x8000058c (0x0044bb93) sltiu   s7, s1, 4
core   0: 3 0x8000058c (0x0044bb93) x23 0x00000000
core   0: 0x80000590 (0x01ec3233) sltu    tp, s8, t5
core   0: 3 0x80000590 (0x01ec3233) x 4 0x00000000
core   0: 0x80000594 (0x9cbd29b7) lui     s3, 0x9cbd2
core   0: 3 0x80000594 (0x9cbd29b7) x19 0x9cbd2000
core   0: 0x80000598 (0x407b88b3) sub     a7, s7, t2
core   0: 3 0x80000598 (0x407b88b3) x17 0xf5a392c0
core   0: 0x8000059c (0x41dd5b93) srai    s7, s10, 29
core   0: 3 0x8000059c (0x41dd5b93) x23 0x00000000
core   0: 0x800005a0 (0x02efe333) rem     t1, t6, a4
core   0: 3 0x800005a0 (0x02efe333) x 6 0x00000000
core   0: 0x800005a4 (0x4062d593) srai    a1, t0, 6
core   0: 3 0x800005a4 (0x4062d593) x11 0x00000000
core   0: 0x800005a8 (0x01d820b3) slt     ra, a6, t4
core   0: 3 0x800005a8 (0x01d820b3) x 1 0x00000001
core   0: 0x800005ac (0x01c26133) or      sp, tp, t3
core   0: 3 0x800005ac (0x01c26133) x 2 0x00000000
core   0: 0x800005b0 (0x014ff633) and     a2, t6, s4
core   0: 3 0x800005b0 (0x014ff633) x12 0x00000000
core   0: 0x800005b4 (0x004635b3) sltu    a1, a2, tp
core   0: 3 0x800005b4 (0x004635b3) x11 0x00000000
core   0: 0x800005b8 (0xcb178393) addi    t2, a5, -847
core   0: 3 0x800005b8 (0xcb178393) x 7 0xfffffa5e
core   0: 0x800005bc (0x00425393) srli    t2, tp, 4
core   0: 3 0x800005bc (0x00425393) x 7 0x00000000
core   0: 0x800005c0 (0x00000013) nop
core   0: 3 0x800005c0 (0x00000013)
core   0: 0x800005c4 (0x00705793) srli    a5, zero, 7
core   0: 3 0x800005c4 (0x00705793) x15 0x00000000
core   0: 0x800005c8 (0x1f0aa217) auipc   tp, 0x1f0aa
core   0: 3 0x800005c8 (0x1f0aa217) x 4 0x9f0aa5c8
core   0: 0x800005cc (0x015c70b3) and     ra, s8, s5
core   0: 3 0x800005cc (0x015c70b3) x 1 0x500a6000
core   0: 0x800005d0 (0x6005b593) sltiu   a1, a1, 1536
core   0: 3 0x800005d0 (0x6005b593) x11 0x00000001
core   0: 0x800005d4 (0x41db0133) sub     sp, s6, t4
core   0: 3 0x800005d4 (0x41db0133) x 2 0x80014709
core   0: 0x800005d8 (0x018d7d33) and     s10, s10, s8
core   0: 3 0x800005d8 (0x018d7d33) x26 0x00000000
core   0: 0x800005dc (0x01e142b3) xor     t0, sp, t5
core   0: 3 0x800005dc (0x01e142b3) x 5 0x80014709
core   0: 0x800005e0 (0xc9b53613) sltiu   a2, a0, -869
core   0: 3 0x800005e0 (0xc9b53613) x12 0x00000001
core   0: 0x800005e4 (0x009c03b3) add     t2, s8, s1
core   0: 3 0x800005e4 (0x009c03b3) x 7 0xf00af354
core   0: 0x800005e8 (0x49151917) auipc   s2, 0x49151
core   0: 3 0x800005e8 (0x49151917) x18 0xc91515e8
core   0: 0x800005ec (0x00092333) slt     t1, s2, zero
core   0: 3 0x800005ec (0x00092333) x 6 0x00000001
core   0: 0x800005f0 (0x4025d193) srai    gp, a1, 2
core   0: 3 0x800005f0 (0x4025d193) x 3 0x00000000
core   0: 0x800005f4 (0x02a6c6b3) div     a3, a3, a0
core   0: 3 0x800005f4 (0x02a6c6b3) x13 0x00000000
core   0: 0x800005f8 (0x01081913) slli    s2, a6, 16
core   0: 3 0x800005f8 (0x01081913) x18 0x8ce40000
core   0: 0x800005fc (0x7011ca93) xori    s5, gp, 1793
core   0: 3 0x800005fc (0x7011ca93) x21 0x00000701
core   0: 0x80000600 (0x02a788b3) mul     a7, a5, a0
core   0: 3 0x80000600 (0x02a788b3) x17 0x00000000
core   0: 0x80000604 (0x004b8333) add     t1, s7, tp
core   0: 3 0x80000604 (0x004b8333) x 6 0x9f0aa5c8
core   0: 0x80000608 (0x013b3333) sltu    t1, s6, s3
core   0: 3 0x80000608 (0x013b3333) x 6 0x00000001
core   0: 0x8000060c (0x025b0fb3) mul     t6, s6, t0
core   0: 3 0x8000060c (0x025b0fb3) x31 0x2b2d7d84
core   0: 0x80000610 (0x001abeb3) sltu    t4, s5, ra
core   0: 3 0x80000610 (0x001abeb3) x29 0x00000001
core   0: 0x80000614 (0x002be433) or      s0, s7, sp
core   0: 3 0x80000614 (0x002be433) x 8 0x80014709
core   0: 0x80000618 (0x002907b3) add     a5, s2, sp
core   0: 3 0x80000618 (0x002907b3) x15 0x0ce54709
core   0: 0x8000061c (0x780b8717) auipc   a4, 0x780b8
core   0: 3 0x8000061c (0x780b8717) x14 0xf80b861c
core   0: 0x80000620 (0x879cfcb7) lui     s9, 0x879cf
core   0: 3 0x80000620 (0x879cfcb7) x25 0x879cf000
core   0: 0x80000624 (0x02ca6cb3) rem     s9, s4, a2
core   0: 3 0x80000624 (0x02ca6cb3) x25 0x00000000
core   0: 0x80000628 (0xa5ec2c17) auipc   s8, 0xa5ec2
core   0: 3 0x80000628 (0xa5ec2c17) x24 0x25ec2628
core   0: 0x8000062c (0x001f65b3) or      a1, t5, ra
core   0: 3 0x8000062c (0x001f65b3) x11 0x500a6000
core   0: 0x80000630 (0x41c65733) sra     a4, a2, t3
core   0: 3 0x80000630 (0x41c65733) x14 0x00000001
core   0: 0x80000634 (0x017f11b3) sll     gp, t5, s7
core   0: 3 0x80000634 (0x017f11b3) x 3 0x00000000
core   0: 0x80000638 (0x00ed3733) sltu    a4, s10, a4
core   0: 3 0x80000638 (0x00ed3733) x14 0x00000001
core   0: 0x8000063c (0x019855b3) srl     a1, a6, s9
core   0: 3 0x8000063c (0x019855b3) x11 0x80018ce4
core   0: 0x80000640 (0x01df40b3) xor     ra, t5, t4
core   0: 3 0x80000640 (0x01df40b3) x 1 0x00000001
core   0: 0x80000644 (0x017cdd93) srli    s11, s9, 23
core   0: 3 0x80000644 (0x017cdd93) x27 0x00000000
core   0: 0x80000648 (0x416b83b3) sub     t2, s7, s6
core   0: 3 0x80000648 (0x416b83b3) x 7 0x7ffeb19c
core   0: 0x8000064c (0xc648bb93) sltiu   s7, a7, -924
core   0: 3 0x8000064c (0xc648bb93) x23 0x00000001
core   0: 0x80000650 (0x406bdcb3) sra     s9, s7, t1
core   0: 3 0x80000650 (0x406bdcb3) x25 0x00000000
core   0: 0x80000654 (0x0251ce33) div     t3, gp, t0
core   0: 3 0x80000654 (0x0251ce33) x28 0x00000000
core   0: 0x80000658 (0xa8573b93) sltiu   s7, a4, -1403
core   0: 3 0x80000658 (0xa8573b93) x23 0x00000001
core   0: 0x8000065c (0x02d5f633) remu    a2, a1, a3
core   0: 3 0x8000065c (0x02d5f633) x12 0x80018ce4
core   0: 0x80000660 (0xb978c8b7) lui     a7, 0xb978c
core   0: 3 0x80000660 (0xb978c8b7) x17 0xb978c000
core   0: 0x80000664 (0x038cd933) divu    s2, s9, s8
core   0: 3 0x80000664 (0x038cd933) x18 0x00000000
core   0: 0x80000668 (0x401f5233) sra     tp, t5, ra
core   0: 3 0x80000668 (0x401f5233) x 4 0x00000000
core   0: 0x8000066c (0x01ddca33) xor     s4, s11, t4
core   0: 3 0x8000066c (0x01ddca33) x20 0x00000001
core   0: 0x80000670 (0x001b7bb3) and     s7, s6, ra
core   0: 3 0x80000670 (0x001b7bb3) x23 0x00000000
core   0: 0x80000674 (0x275aa893) slti    a7, s5, 629
core   0: 3 0x80000674 (0x275aa893) x17 0x00000000
core   0: 0x80000678 (0x009d9933) sll     s2, s11, s1
core   0: 3 0x80000678 (0x009d9933) x18 0x00000000
core   0: 0x8000067c (0x034659b3) divu    s3, a2, s4
core   0: 3 0x8000067c (0x034659b3) x19 0x80018ce4
core   0: 0x80000680 (0x014f0133) add     sp, t5, s4
core   0: 3 0x80000680 (0x014f0133) x 2 0x00000001
core   0: 0x80000684 (0x03bcc9b3) div     s3, s9, s11
core   0: 3 0x80000684 (0x03bcc9b3) x19 0xffffffff
core   0: 0x80000688 (0xf0fb77b7) lui     a5, 0xf0fb7
core   0: 3 0x80000688 (0xf0fb77b7) x15 0xf0fb7000
core   0: 0x8000068c (0x02fd8c33) mul     s8, s11, a5
core   0: 3 0x8000068c (0x02fd8c33) x24 0x00000000
core   0: 0x80000690 (0x006aaab3) slt     s5, s5, t1
core   0: 3 0x80000690 (0x006aaab3) x21 0x00000000
core   0: 0x80000694 (0x01d67e33) and     t3, a2, t4
core   0: 3 0x80000694 (0x01d67e33) x28 0x00000000
core   0: 0x80000698 (0xe30ba917) auipc   s2, 0xe30ba
core   0: 3 0x80000698 (0xe30ba917) x18 0x630ba698
core   0: 0x8000069c (0x02f0bc33) mulhu   s8, ra, a5
core   0: 3 0x8000069c (0x02f0bc33) x24 0x00000000
core   0: 0x800006a0 (0x028cf5b3) remu    a1, s9, s0
core   0: 3 0x800006a0 (0x028cf5b3) x11 0x00000000
core   0: 0x800006a4 (0x00c6d293) srli    t0, a3, 12
core   0: 3 0x800006a4 (0x00c6d293) x 5 0x00000000
core   0: 0x800006a8 (0x41d8d0b3) sra     ra, a7, t4
core   0: 3 0x800006a8 (0x41d8d0b3) x 1 0x00000000
core   0: 0x800006ac (0x00d5c8b3) xor     a7, a1, a3
core   0: 3 0x800006ac (0x00d5c8b3) x17 0x00000000
core   0: 0x800006b0 (0xbc8e2f13) slti    t5, t3, -1080
core   0: 3 0x800006b0 (0xbc8e2f13) x30 0x00000000
core   0: 0x800006b4 (0x63ce4093) xori    ra, t3, 1596
core   0: 3 0x800006b4 (0x63ce4093) x 1 0x0000063c
core   0: 0x800006b8 (0x417b0fb3) sub     t6, s6, s7
core   0: 3 0x800006b8 (0x417b0fb3) x31 0x80014e64
core   0: 0x800006bc (0xeb06f493) andi    s1, a3, -336
core   0: 3 0x800006bc (0xeb06f493) x 9 0x00000000
core   0: 0x800006c0 (0x01f49793) slli    a5, s1, 31
core   0: 3 0x800006c0 (0x01f49793) x15 0x00000000
core   0: 0x800006c4 (0x01438cb3) add     s9, t2, s4
core   0: 3 0x800006c4 (0x01438cb3) x25 0x7ffeb19d
core   0: 0x800006c8 (0x00000013) nop
core   0: 3 0x800006c8 (0x00000013)
core   0: 0x800006cc (0x91150093) addi    ra, a0, -1775
core   0: 3 0x800006cc (0x91150093) x 1 0x7ffff911
core   0: 0x800006d0 (0x034b7db3) remu    s11, s6, s4
core   0: 3 0x800006d0 (0x034b7db3) x27 0x00000000
core   0: 0x800006d4 (0x40d552b3) sra     t0, a0, a3
core   0: 3 0x800006d4 (0x40d552b3) x 5 0x80000000
core   0: 0x800006d8 (0x0268fbb3) remu    s7, a7, t1
core   0: 3 0x800006d8 (0x0268fbb3) x23 0x00000000
core   0: 0x800006dc (0x00d995b3) sll     a1, s3, a3
core   0: 3 0x800006dc (0x00d995b3) x11 0xffffffff
core   0: 0x800006e0 (0x7e956f13) ori     t5, a0, 2025
core   0: 3 0x800006e0 (0x7e956f13) x30 0x800007e9
core   0: 0x800006e4 (0xb2a93f93) sltiu   t6, s2, -1238
core   0: 3 0x800006e4 (0xb2a93f93) x31 0x00000001
core   0: 0x800006e8 (0x0263bc33) mulhu   s8, t2, t1
core   0: 3 0x800006e8 (0x0263bc33) x24 0x00000000
core   0: 0x800006ec (0x020ae2b3) rem     t0, s5, zero
core   0: 3 0x800006ec (0x020ae2b3) x 5 0x00000000
core   0: 0x800006f0 (0x88922413) slti    s0, tp, -1911
core   0: 3 0x800006f0 (0x88922413) x 8 0x00000000
core   0: 0x800006f4 (0x01c992b3) sll     t0, s3, t3
core   0: 3 0x800006f4 (0x01c992b3) x 5 0xffffffff
core   0: 0x800006f8 (0x00c473b3) and     t2, s0, a2
core   0: 3 0x800006f8 (0x00c473b3) x 7 0x00000000
core   0: 0x800006fc (0x010f5933) srl     s2, t5, a6
core   0: 3 0x800006fc (0x010f5933) x18 0x0800007e
core   0: 0x80000700 (0x03fc6db3) rem     s11, s8, t6
core   0: 3 0x80000700 (0x03fc6db3) x27 0x00000000
core   0: 0x80000704 (0x01a67733) and     a4, a2, s10
core   0: 3 0x80000704 (0x01a67733) x14 0x00000000
core   0: 0x80000708 (0x0254f033) remu    zero, s1, t0
core   0: 3 0x80000708 (0x0254f033)
core   0: 0x8000070c (0x01b801b3) add     gp, a6, s11
core   0: 3 0x8000070c (0x01b801b3) x 3 0x80018ce4
core   0: 0x80000710 (0xb99d9fb7) lui     t6, 0xb99d9
core   0: 3 0x80000710 (0xb99d9fb7) x31 0xb99d9000
core   0: 0x80000714 (0x002417b3) sll     a5, s0, sp
core   0: 3 0x80000714 (0x002417b3) x15 0x00000000
core   0: 0x80000718 (0x01fed1b3) srl     gp, t4, t6
core   0: 3 0x80000718 (0x01fed1b3) x 3 0x00000001
core   0: 0x8000071c (0x023eea33) rem     s4, t4, gp
core   0: 3 0x8000071c (0x023eea33) x20 0x00000000
core   0: 0x80000720 (0x020f72b3) remu    t0, t5, zero
core   0: 3 0x80000720 (0x020f72b3) x 5 0x800007e9
core   0: 0x80000724 (0x96f0a693) slti    a3, ra, -1681
core   0: 3 0x80000724 (0x96f0a693) x13 0x00000000
core   0: 0x80000728 (0x00000013) nop
core   0: 3 0x80000728 (0x00000013)
core   0: 0x8000072c (0x97be2717) auipc   a4, 0x97be2
core   0: 3 0x8000072c (0x97be2717) x14 0x17be272c
core   0: 0x80000730 (0x09e6fb93) andi    s7, a3, 158
core   0: 3 0x80000730 (0x09e6fb93) x23 0x00000000
core   0: 0x80000734 (0x00d4d6b3) srl     a3, s1, a3
core   0: 3 0x80000734 (0x00d4d6b3) x13 0x00000000
core   0: 0x80000738 (0x01cfb933) sltu    s2, t6, t3
core   0: 3 0x80000738 (0x01cfb933) x18 0x00000000
core   0: 0x8000073c (0x02b02633) mulhsu  a2, zero, a1
core   0: 3 0x8000073c (0x02b02633) x12 0x00000000
core   0: 0x80000740 (0x04552417) auipc   s0, 0x4552
core   0: 3 0x80000740 (0x04552417) x 8 0x84552740
core   0: 0x80000744 (0x40b20ab3) sub     s5, tp, a1
core   0: 3 0x80000744 (0x40b20ab3) x21 0x00000001
core   0: 0x80000748 (0x003c5d93) srli    s11, s8, 3
core   0: 3 0x80000748 (0x003c5d93) x27 0x00000000
core   0: 0x8000074c (0x690b8237) lui     tp, 0x690b8
core   0: 3 0x8000074c (0x690b8237) x 4 0x690b8000
core   0: 0x80000750 (0x02ab7433) remu    s0, s6, a0
core   0: 3 0x80000750 (0x02ab7433) x 8 0x00014e64
core   0: 0x80000754 (0x01ba5713) srli    a4, s4, 27
core   0: 3 0x80000754 (0x01ba5713) x14 0x00000000
core   0: 0x80000758 (0x033ca333) mulhsu  t1, s9, s3
core   0: 3 0x80000758 (0x033ca333) x 6 0x7ffeb19c
core   0: 0x8000075c (0x038b9333) mulh    t1, s7, s8
core   0: 3 0x8000075c (0x038b9333) x 6 0x00000000
core   0: 0x80000760 (0xd7730713) addi    a4, t1, -649
core   0: 3 0x80000760 (0xd7730713) x14 0xfffffd77
core   0: 0x80000764 (0x03bc8cb3) mul     s9, s9, s11
core   0: 3 0x80000764 (0x03bc8cb3) x25 0x00000000
core   0: 0x80000768 (0x00ad8333) add     t1, s11, a0
core   0: 3 0x80000768 (0x00ad8333) x 6 0x80000000
core   0: 0x8000076c (0x41095f33) sra     t5, s2, a6
core   0: 3 0x8000076c (0x41095f33) x30 0x00000000
core   0: 0x80000770 (0xdd03d417) auipc   s0, 0xdd03d
core   0: 3 0x80000770 (0xdd03d417) x 8 0x5d03d770
core   0: 0x80000774 (0x01119193) slli    gp, gp, 17
core   0: 3 0x80000774 (0x01119193) x 3 0x00020000
core   0: 0x80000778 (0x023d9c33) mulh    s8, s11, gp
core   0: 3 0x80000778 (0x023d9c33) x24 0x00000000
core   0: 0x8000077c (0x011a6633) or      a2, s4, a7
core   0: 3 0x8000077c (0x011a6633) x12 0x00000000
core   0: 0x80000780 (0x007af0b3) and     ra, s5, t2
core   0: 3 0x80000780 (0x007af0b3) x 1 0x00000000
core   0: 0x80000784 (0x03cd73b3) remu    t2, s10, t3
core   0: 3 0x80000784 (0x03cd73b3) x 7 0x00000000
core   0: 0x80000788 (0xb446f413) andi    s0, a3, -1212
core   0: 3 0x80000788 (0xb446f413) x 8 0x00000000
core   0: 0x8000078c (0x01fded33) or      s10, s11, t6
core   0: 3 0x8000078c (0x01fded33) x26 0xb99d9000
core   0: 0x80000790 (0x99a54213) xori    tp, a0, -1638
core   0: 3 0x80000790 (0x99a54213) x 4 0x7ffff99a
core   0: 0x80000794 (0x01151a93) slli    s5, a0, 17
core   0: 3 0x80000794 (0x01151a93) x21 0x00000000
core   0: 0x80000798 (0xcaf60393) addi    t2, a2, -849
core   0: 3 0x80000798 (0xcaf60393) x 7 0xfffffcaf
core   0: 0x8000079c (0x20e57213) andi    tp, a0, 526
core   0: 3 0x8000079c (0x20e57213) x 4 0x00000000
core   0: 0x800007a0 (0x02acffb3) remu    t6, s9, a0
core   0: 3 0x800007a0 (0x02acffb3) x31 0x00000000
core   0: 0x800007a4 (0x013f0db3) add     s11, t5, s3
core   0: 3 0x800007a4 (0x013f0db3) x27 0xffffffff
core   0: 0x800007a8 (0xe1c6a293) slti    t0, a3, -484
core   0: 3 0x800007a8 (0xe1c6a293) x 5 0x00000000
core   0: 0x800007ac (0x0321fa33) remu    s4, gp, s2
core   0: 3 0x800007ac (0x0321fa33) x20 0x00020000
core   0: 0x800007b0 (0x036ad3b3) divu    t2, s5, s6
core   0: 3 0x800007b0 (0x036ad3b3) x 7 0x00000000
core   0: 0x800007b4 (0x01a61913) slli    s2, a2, 26
core   0: 3 0x800007b4 (0x01a61913) x18 0x00000000
core   0: 0x800007b8 (0xeb698d93) addi    s11, s3, -330
core   0: 3 0x800007b8 (0xeb698d93) x27 0xfffffeb5
core   0: 0x800007bc (0x00b59313) slli    t1, a1, 11
core   0: 3 0x800007bc (0x00b59313) x 6 0xfffff800
core   0: 0x800007c0 (0x00d72c33) slt     s8, a4, a3
core   0: 3 0x800007c0 (0x00d72c33) x24 0x00000001
core   0: 0x800007c4 (0x26e9af93) slti    t6, s3, 622
core   0: 3 0x800007c4 (0x26e9af93) x31 0x00000001
core   0: 0x800007c8 (0x012f1233) sll     tp, t5, s2
core   0: 3 0x800007c8 (0x012f1233) x 4 0x00000000
core   0: 0x800007cc (0x02e68bb3) mul     s7, a3, a4
core   0: 3 0x800007cc (0x02e68bb3) x23 0x00000000
core   0: 0x800007d0 (0x40195133) sra     sp, s2, ra
core   0: 3 0x800007d0 (0x40195133) x 2 0x00000000
core   0: 0x800007d4 (0x024db9b3) mulhu   s3, s11, tp
core   0: 3 0x800007d4 (0x024db9b3) x19 0x00000000
core   0: 0x800007d8 (0x01871693) slli    a3, a4, 24
core   0: 3 0x800007d8 (0x01871693) x13 0x77000000
core   0: 0x800007dc (0x02ae94b3) mulh    s1, t4, a0
core   0: 3 0x800007dc (0x02ae94b3) x 9 0xffffffff
core   0: 0x800007e0 (0x02313ab3) mulhu   s5, sp, gp
core   0: 3 0x800007e0 (0x02313ab3) x21 0x00000000
core   0: 0x800007e4 (0x016b7633) and     a2, s6, s6
core   0: 3 0x800007e4 (0x016b7633) x12 0x80014e64
core   0: 0x800007e8 (0x403c5293) srai    t0, s8, 3
core   0: 3 0x800007e8 (0x403c5293) x 5 0x00000000
core   0: 0x800007ec (0x41d55893) srai    a7, a0, 29
core   0: 3 0x800007ec (0x41d55893) x17 0xfffffffc
core   0: 0x800007f0 (0x01871613) slli    a2, a4, 24
core   0: 3 0x800007f0 (0x01871613) x12 0x77000000
core   0: 0x800007f4 (0x41048a33) sub     s4, s1, a6
core   0: 3 0x800007f4 (0x41048a33) x20 0x7ffe731b
core   0: 0x800007f8 (0x6b53b013) sltiu   zero, t2, 1717
core   0: 3 0x800007f8 (0x6b53b013)
core   0: 0x800007fc (0x41515793) srai    a5, sp, 21
core   0: 3 0x800007fc (0x41515793) x15 0x00000000
core   0: 0x80000800 (0x00f8a5b3) slt     a1, a7, a5
core   0: 3 0x80000800 (0x00f8a5b3) x11 0x00000001
core   0: 0x80000804 (0x03a119b3) mulh    s3, sp, s10
core   0: 3 0x80000804 (0x03a119b3) x19 0x00000000
core   0: 0x80000808 (0xd520b193) sltiu   gp, ra, -686
core   0: 3 0x80000808 (0xd520b193) x 3 0x00000001
core   0: 0x8000080c (0x01acd013) srli    zero, s9, 26
core   0: 3 0x8000080c (0x01acd013)
core   0: 0x80000810 (0x014068b3) or      a7, zero, s4
core   0: 3 0x80000810 (0x014068b3) x17 0x7ffe731b
core   0: 0x80000814 (0x010886b3) add     a3, a7, a6
core   0: 3 0x80000814 (0x010886b3) x13 0xffffffff
core   0: 0x80000818 (0x41755a93) srai    s5, a0, 23
core   0: 3 0x80000818 (0x41755a93) x21 0xffffff00
core   0: 0x8000081c (0xdc4d7893) andi    a7, s10, -572
core   0: 3 0x8000081c (0xdc4d7893) x17 0xb99d9000
core   0: 0x80000820 (0x2bf83d13) sltiu   s10, a6, 703
core   0: 3 0x80000820 (0x2bf83d13) x26 0x00000000
core   0: 0x80000824 (0x01f70fb3) add     t6, a4, t6
core   0: 3 0x80000824 (0x01f70fb3) x31 0xfffffd78
core   0: 0x80000828 (0x004092b3) sll     t0, ra, tp
core   0: 3 0x80000828 (0x004092b3) x 5 0x00000000
core   0: 0x8000082c (0x9bd3ec17) auipc   s8, 0x9bd3e
core   0: 3 0x8000082c (0x9bd3ec17) x24 0x1bd3e82c
core   0: 0x80000830 (0x01760333) add     t1, a2, s7
core   0: 3 0x80000830 (0x01760333) x 6 0x77000000
core   0: 0x80000834 (0x016c7433) and     s0, s8, s6
core   0: 3 0x80000834 (0x016c7433) x 8 0x00014824
core   0: 0x80000838 (0x38a23f17) auipc   t5, 0x38a23
core   0: 3 0x80000838 (0x38a23f17) x30 0xb8a23838
core   0: 0x8000083c (0xf8cd2097) auipc   ra, 0xf8cd2
core   0: 3 0x8000083c (0xf8cd2097) x 1 0x78cd283c
core   0: 0x80000840 (0xc322b593) sltiu   a1, t0, -974
core   0: 3 0x80000840 (0xc322b593) x11 0x00000001
core   0: 0x80000844 (0x0128e133) or      sp, a7, s2
core   0: 3 0x80000844 (0x0128e133) x 2 0xb99d9000
core   0: 0x80000848 (0x40db5c33) sra     s8, s6, a3
core   0: 3 0x80000848 (0x40db5c33) x24 0xffffffff
core   0: 0x8000084c (0x67bfbc93) sltiu   s9, t6, 1659
core   0: 3 0x8000084c (0x67bfbc93) x25 0x00000000
core   0: 0x80000850 (0x03e7e4b3) rem     s1, a5, t5
core   0: 3 0x80000850 (0x03e7e4b3) x 9 0x00000000
core   0: 0x80000854 (0x00a90bb3) add     s7, s2, a0
core   0: 3 0x80000854 (0x00a90bb3) x23 0x80000000
core   0: 0x80000858 (0x01c5a633) slt     a2, a1, t3
core   0: 3 0x80000858 (0x01c5a633) x12 0x00000000
core   0: 0x8000085c (0x038a19b3) mulh    s3, s4, s8
core   0: 3 0x8000085c (0x038a19b3) x19 0xffffffff
core   0: 0x80000860 (0x0164e1b3) or      gp, s1, s6
core   0: 3 0x80000860 (0x0164e1b3) x 3 0x80014e64
core   0: 0x80000864 (0xf942af93) slti    t6, t0, -108
core   0: 3 0x80000864 (0xf942af93) x31 0x00000000
core   0: 0x80000868 (0x9d334b93) xori    s7, t1, -1581
core   0: 3 0x80000868 (0x9d334b93) x23 0x88fff9d3
core   0: 0x8000086c (0xc8c46e13) ori     t3, s0, -884
core   0: 3 0x8000086c (0xc8c46e13) x28 0xfffffcac
core   0: 0x80000870 (0x02788333) mul     t1, a7, t2
core   0: 3 0x80000870 (0x02788333) x 6 0x00000000
core   0: 0x80000874 (0x00fafd33) and     s10, s5, a5
core   0: 3 0x80000874 (0x00fafd33) x26 0x00000000
core   0: 0x80000878 (0x006e64b3) or      s1, t3, t1
core   0: 3 0x80000878 (0x006e64b3) x 9 0xfffffcac
core   0: 0x8000087c (0x033ad133) divu    sp, s5, s3
core   0: 3 0x8000087c (0x033ad133) x 2 0x00000000
core   0: 0x80000880 (0x003c5d93) srli    s11, s8, 3
core   0: 3 0x80000880 (0x003c5d93) x27 0x1fffffff
core   0: 0x80000884 (0x016895b3) sll     a1, a7, s6
core   0: 3 0x80000884 (0x016895b3) x11 0x99d90000
core   0: 0x80000888 (0x0225aeb3) mulhsu  t4, a1, sp
core   0: 3 0x80000888 (0x0225aeb3) x29 0x00000000
core   0: 0x8000088c (0x03073ab3) mulhu   s5, a4, a6
core   0: 3 0x8000088c (0x03073ab3) x21 0x80018b9f
core   0: 0x80000890 (0x02784fb3) div     t6, a6, t2
core   0: 3 0x80000890 (0x02784fb3) x31 0xffffffff
core   0: 0x80000894 (0x01be81b3) add     gp, t4, s11
core   0: 3 0x80000894 (0x01be81b3) x 3 0x1fffffff
core   0: 0x80000898 (0x00839933) sll     s2, t2, s0
core   0: 3 0x80000898 (0x00839933) x18 0x00000000
core   0: 0x8000089c (0x00ea53b3) srl     t2, s4, a4
core   0: 3 0x8000089c (0x00ea53b3) x 7 0x000000ff
core   0: 0x800008a0 (0x02ac47b3) div     a5, s8, a0
core   0: 3 0x800008a0 (0x02ac47b3) x15 0x00000000
core   0: 0x800008a4 (0x024b3eb3) mulhu   t4, s6, tp
core   0: 3 0x800008a4 (0x024b3eb3) x29 0x00000000
core   0: 0x800008a8 (0x01202d33) slt     s10, zero, s2
core   0: 3 0x800008a8 (0x01202d33) x26 0x00000000
core   0: 0x800008ac (0x00de1133) sll     sp, t3, a3
core   0: 3 0x800008ac (0x00de1133) x 2 0x00000000
core   0: 0x800008b0 (0xd3bfaa93) slti    s5, t6, -709
core   0: 3 0x800008b0 (0xd3bfaa93) x21 0x00000000
core   0: 0x800008b4 (0x00eedc13) srli    s8, t4, 14
core   0: 3 0x800008b4 (0x00eedc13) x24 0x00000000
core   0: 0x800008b8 (0x031be433) rem     s0, s7, a7
core   0: 3 0x800008b8 (0x031be433) x 8 0xcf6269d3
core   0: 0x800008bc (0x0141d713) srli    a4, gp, 20
core   0: 3 0x800008bc (0x0141d713) x14 0x000001ff
core   0: 0x800008c0 (0x72d32397) auipc   t2, 0x72d32
core   0: 3 0x800008c0 (0x72d32397) x 7 0xf2d328c0
core   0: 0x800008c4 (0x007d08b3) add     a7, s10, t2
core   0: 3 0x800008c4 (0x007d08b3) x17 0xf2d328c0
core   0: 0x800008c8 (0x00c447b3) xor     a5, s0, a2
core   0: 3 0x800008c8 (0x00c447b3) x15 0xcf6269d3
core   0: 0x800008cc (0x005c9db3) sll     s11, s9, t0
core   0: 3 0x800008cc (0x005c9db3) x27 0x00000000
core   0: 0x800008d0 (0x00081f13) slli    t5, a6, 0
core   0: 3 0x800008d0 (0x00081f13) x30 0x80018ce4
core   0: 0x800008d4 (0x01514433) xor     s0, sp, s5
core   0: 3 0x800008d4 (0x01514433) x 8 0x00000000
core   0: 0x800008d8 (0x6bda8097) auipc   ra, 0x6bda8
core   0: 3 0x800008d8 (0x6bda8097) x 1 0xebda88d8
core   0: 0x800008dc (0x0385cab3) div     s5, a1, s8
core   0: 3 0x800008dc (0x0385cab3) x21 0xffffffff
core   0: 0x800008e0 (0x02e29c33) mulh    s8, t0, a4
core   0: 3 0x800008e0 (0x02e29c33) x24 0x00000000
core   0: 0x800008e4 (0x562a6893) ori     a7, s4, 1378
core   0: 3 0x800008e4 (0x562a6893) x17 0x7ffe777b
core   0: 0x800008e8 (0x021e3c33) mulhu   s8, t3, ra
core   0: 3 0x800008e8 (0x021e3c33) x24 0xebda85c7
core   0: 0x800008ec (0x038589b3) mul     s3, a1, s8
core   0: 3 0x800008ec (0x038589b3) x19 0x54af0000
core   0: 0x800008f0 (0x038eedb3) rem     s11, t4, s8
core   0: 3 0x800008f0 (0x038eedb3) x27 0x00000000
core   0: 0x800008f4 (0x782999b7) lui     s3, 0x78299
core   0: 3 0x800008f4 (0x782999b7) x19 0x78299000
core   0: 0x800008f8 (0x02578f33) mul     t5, a5, t0
core   0: 3 0x800008f8 (0x02578f33) x30 0x00000000
core   0: 0x800008fc (0x00e75b93) srli    s7, a4, 14
core   0: 3 0x800008fc (0x00e75b93) x23 0x00000000
core   0: 0x80000900 (0x3e064093) xori    ra, a2, 992
core   0: 3 0x80000900 (0x3e064093) x 1 0x000003e0
core   0: 0x80000904 (0x36f4c093) xori    ra, s1, 879
core   0: 3 0x80000904 (0x36f4c093) x 1 0xffffffc3
core   0: 0x80000908 (0xe1c54f93) xori    t6, a0, -484
core   0: 3 0x80000908 (0xe1c54f93) x31 0x7ffffe1c
core   0: 0x8000090c (0x013a1d93) slli    s11, s4, 19
core   0: 3 0x8000090c (0x013a1d93) x27 0x98d80000
core   0: 0x80000910 (0x02131a33) mulh    s4, t1, ra
core   0: 3 0x80000910 (0x02131a33) x20 0x00000000
core   0: 0x80000914 (0x0122c9b3) xor     s3, t0, s2
core   0: 3 0x80000914 (0x0122c9b3) x19 0x00000000
core   0: 0x80000918 (0x004750b3) srl     ra, a4, tp
core   0: 3 0x80000918 (0x004750b3) x 1 0x000001ff
core   0: 0x8000091c (0x0178a7b3) slt     a5, a7, s7
core   0: 3 0x8000091c (0x0178a7b3) x15 0x00000000
core   0: 0x80000920 (0x00000013) nop
core   0: 3 0x80000920 (0x00000013)
core   0: 0x80000924 (0x41620db3) sub     s11, tp, s6
core   0: 3 0x80000924 (0x41620db3) x27 0x7ffeb19c
core   0: 0x80000928 (0x2ee24613) xori    a2, tp, 750
core   0: 3 0x80000928 (0x2ee24613) x12 0x000002ee
core   0: 0x8000092c (0x95728893) addi    a7, t0, -1705
core   0: 3 0x8000092c (0x95728893) x17 0xfffff957
core   0: 0x80000930 (0x24dbd317) auipc   t1, 0x24dbd
core   0: 3 0x80000930 (0x24dbd317) x 6 0xa4dbd930
core   0: 0x80000934 (0x415b5013) srai    zero, s6, 21
core   0: 3 0x80000934 (0x415b5013)
core   0: 0x80000938 (0x038a76b3) remu    a3, s4, s8
core   0: 3 0x80000938 (0x038a76b3) x13 0x00000000
core   0: 0x8000093c (0x03532633) mulhsu  a2, t1, s5
core   0: 3 0x8000093c (0x03532633) x12 0xa4dbd930
core   0: 0x80000940 (0x00ad0fb3) add     t6, s10, a0
core   0: 3 0x80000940 (0x00ad0fb3) x31 0x80000000
core   0: 0x80000944 (0x0138e0b3) or      ra, a7, s3
core   0: 3 0x80000944 (0x0138e0b3) x 1 0xfffff957
core   0: 0x80000948 (0x40d605b3) sub     a1, a2, a3
core   0: 3 0x80000948 (0x40d605b3) x11 0xa4dbd930
core   0: 0x8000094c (0x01bc4ab3) xor     s5, s8, s11
core   0: 3 0x8000094c (0x01bc4ab3) x21 0x9424345b
core   0: 0x80000950 (0xba46bd13) sltiu   s10, a3, -1116
core   0: 3 0x80000950 (0xba46bd13) x26 0x00000001
core   0: 0x80000954 (0x033efcb3) remu    s9, t4, s3
core   0: 3 0x80000954 (0x033efcb3) x25 0x00000000
core   0: 0x80000958 (0x00892033) slt     zero, s2, s0
core   0: 3 0x80000958 (0x00892033)
core   0: 0x8000095c (0x41d80933) sub     s2, a6, t4
core   0: 3 0x8000095c (0x41d80933) x18 0x80018ce4
core   0: 0x80000960 (0x00000013) nop
core   0: 3 0x80000960 (0x00000013)
core   0: 0x80000964 (0x02491033) mulh    zero, s2, tp
core   0: 3 0x80000964 (0x02491033)
core   0: 0x80000968 (0x01dd0cb3) add     s9, s10, t4
core   0: 3 0x80000968 (0x01dd0cb3) x25 0x00000001
core   0: 0x8000096c (0x00000013) nop
core   0: 3 0x8000096c (0x00000013)
core   0: 0x80000970 (0x0119fbb3) and     s7, s3, a7
core   0: 3 0x80000970 (0x0119fbb3) x23 0x00000000
core   0: 0x80000974 (0x01835c33) srl     s8, t1, s8
core   0: 3 0x80000974 (0x01835c33) x24 0x0149b7b2
core   0: 0x80000978 (0x03ee7333) remu    t1, t3, t5
core   0: 3 0x80000978 (0x03ee7333) x 6 0xfffffcac
core   0: 0x8000097c (0x01a88233) add     tp, a7, s10
core   0: 3 0x8000097c (0x01a88233) x 4 0xfffff958
core   0: 0x80000980 (0x03a24bb3) div     s7, tp, s10
core   0: 3 0x80000980 (0x03a24bb3) x23 0xfffff958
core   0: 0x80000984 (0x02438eb3) mul     t4, t2, tp
core   0: 3 0x80000984 (0x02438eb3) x29 0xb278c200
core   0: 0x80000988 (0x5569e613) ori     a2, s3, 1366
core   0: 3 0x80000988 (0x5569e613) x12 0x00000556
core   0: 0x8000098c (0xdf27e593) ori     a1, a5, -526
core   0: 3 0x8000098c (0xdf27e593) x11 0xfffffdf2
core   0: 0x80000990 (0x035ddf33) divu    t5, s11, s5
core   0: 3 0x80000990 (0x035ddf33) x30 0x00000000
core   0: 0x80000994 (0x01ec3fb3) sltu    t6, s8, t5
core   0: 3 0x80000994 (0x01ec3fb3) x31 0x00000000
core   0: 0x80000998 (0x4088d693) srai    a3, a7, 8
core   0: 3 0x80000998 (0x4088d693) x13 0xfffffff9
core   0: 0x8000099c (0x0206ae93) slti    t4, a3, 32
core   0: 3 0x8000099c (0x0206ae93) x29 0x00000001
core   0: 0x800009a0 (0x008e93b3) sll     t2, t4, s0
core   0: 3 0x800009a0 (0x008e93b3) x 7 0x00000001
core   0: 0x800009a4 (0x010736b3) sltu    a3, a4, a6
core   0: 3 0x800009a4 (0x010736b3) x13 0x00000001
core   0: 0x800009a8 (0x013d5693) srli    a3, s10, 19
core   0: 3 0x800009a8 (0x013d5693) x13 0x00000000
core   0: 0x800009ac (0x02345f33) divu    t5, s0, gp
core   0: 3 0x800009ac (0x02345f33) x30 0x00000000
core   0: 0x800009b0 (0x037389b3) mul     s3, t2, s7
core   0: 3 0x800009b0 (0x037389b3) x19 0xfffff958
core   0: 0x800009b4 (0x03408e33) mul     t3, ra, s4
core   0: 3 0x800009b4 (0x03408e33) x28 0x00000000
core   0: 0x800009b8 (0x021422b3) mulhsu  t0, s0, ra
core   0: 3 0x800009b8 (0x021422b3) x 5 0x00000000
core   0: 0x800009bc (0xedfc6e13) ori     t3, s8, -289
core   0: 3 0x800009bc (0xedfc6e13) x28 0xffffffff
core   0: 0x800009c0 (0x005f4433) xor     s0, t5, t0
core   0: 3 0x800009c0 (0x005f4433) x 8 0x00000000
core   0: 0x800009c4 (0x01fe3633) sltu    a2, t3, t6
core   0: 3 0x800009c4 (0x01fe3633) x12 0x00000000
core   0: 0x800009c8 (0x00838eb3) add     t4, t2, s0
core   0: 3 0x800009c8 (0x00838eb3) x29 0x00000001
core   0: 0x800009cc (0x00001493) slli    s1, zero, 0
core   0: 3 0x800009cc (0x00001493) x 9 0x00000000
core   0: 0x800009d0 (0x02868bb3) mul     s7, a3, s0
core   0: 3 0x800009d0 (0x02868bb3) x23 0x00000000
core   0: 0x800009d4 (0x155b49b7) lui     s3, 0x155b4
core   0: 3 0x800009d4 (0x155b49b7) x19 0x155b4000
core   0: 0x800009d8 (0x00000013) nop
core   0: 3 0x800009d8 (0x00000013)
core   0: 0x800009dc (0x41fcd593) srai    a1, s9, 31
core   0: 3 0x800009dc (0x41fcd593) x11 0x00000000
core   0: 0x800009e0 (0x039f10b3) mulh    ra, t5, s9
core   0: 3 0x800009e0 (0x039f10b3) x 1 0x00000000
core   0: 0x800009e4 (0x006649b3) xor     s3, a2, t1
core   0: 3 0x800009e4 (0x006649b3) x19 0xfffffcac
core   0: 0x800009e8 (0x1a7fb317) auipc   t1, 0x1a7fb
core   0: 3 0x800009e8 (0x1a7fb317) x 6 0x9a7fb9e8
core   0: 0x800009ec (0x0347c3b3) div     t2, a5, s4
core   0: 3 0x800009ec (0x0347c3b3) x 7 0xffffffff
core   0: 0x800009f0 (0x029b1f33) mulh    t5, s6, s1
core   0: 3 0x800009f0 (0x029b1f33) x30 0x00000000
core   0: 0x800009f4 (0x41778e33) sub     t3, a5, s7
core   0: 3 0x800009f4 (0x41778e33) x28 0x00000000
core   0: 0x800009f8 (0x41fcdfb3) sra     t6, s9, t6
core   0: 3 0x800009f8 (0x41fcdfb3) x31 0x00000001
core   0: 0x800009fc (0x00000013) nop
core   0: 3 0x800009fc (0x00000013)
core   0: 0x80000a00 (0x019c4fb3) xor     t6, s8, s9
core   0: 3 0x80000a00 (0x019c4fb3) x31 0x0149b7b3
core   0: 0x80000a04 (0x017e66b3) or      a3, t3, s7
core   0: 3 0x80000a04 (0x017e66b3) x13 0x00000000
core   0: 0x80000a08 (0x02a0ffb3) remu    t6, ra, a0
core   0: 3 0x80000a08 (0x02a0ffb3) x31 0x00000000
core   0: 0x80000a0c (0x5f315037) lui     zero, 0x5f315
core   0: 3 0x80000a0c (0x5f315037)
core   0: 0x80000a10 (0x03d864b3) rem     s1, a6, t4
core   0: 3 0x80000a10 (0x03d864b3) x 9 0x00000000
core   0: 0x80000a14 (0x02cefab3) remu    s5, t4, a2
core   0: 3 0x80000a14 (0x02cefab3) x21 0x00000001
core   0: 0x80000a18 (0x00275993) srli    s3, a4, 2
core   0: 3 0x80000a18 (0x00275993) x19 0x0000007f
core   0: 0x80000a1c (0x53041497) auipc   s1, 0x53041
core   0: 3 0x80000a1c (0x53041497) x 9 0xd3041a1c
core   0: 0x80000a20 (0x01dc5033) srl     zero, s8, t4
core   0: 3 0x80000a20 (0x01dc5033)
core   0: 0x80000a24 (0x2abb0413) addi    s0, s6, 683
core   0: 3 0x80000a24 (0x2abb0413) x 8 0x8001510f
core   0: 0x80000a28 (0x00d95cb3) srl     s9, s2, a3
core   0: 3 0x80000a28 (0x00d95cb3) x25 0x80018ce4
core   0: 0x80000a2c (0x0b126413) ori     s0, tp, 177
core   0: 3 0x80000a2c (0x0b126413) x 8 0xfffff9f9
core   0: 0x80000a30 (0x03a123b3) mulhsu  t2, sp, s10
core   0: 3 0x80000a30 (0x03a123b3) x 7 0x00000000
core   0: 0x80000a34 (0x037eaf33) mulhsu  t5, t4, s7
core   0: 3 0x80000a34 (0x037eaf33) x30 0x00000000
core   0: 0x80000a38 (0x01c8cf33) xor     t5, a7, t3
core   0: 3 0x80000a38 (0x01c8cf33) x30 0xfffff957
core   0: 0x80000a3c (0x00752433) slt     s0, a0, t2
core   0: 3 0x80000a3c (0x00752433) x 8 0x00000001
core   0: 0x80000a40 (0x03d0dc33) divu    s8, ra, t4
core   0: 3 0x80000a40 (0x03d0dc33) x24 0x00000000
core   0: 0x80000a44 (0x5579cf13) xori    t5, s3, 1367
core   0: 3 0x80000a44 (0x5579cf13) x30 0x00000528
core   0: 0x80000a48 (0x002933b3) sltu    t2, s2, sp
core   0: 3 0x80000a48 (0x002933b3) x 7 0x00000000
core   0: 0x80000a4c (0x01830cb3) add     s9, t1, s8
core   0: 3 0x80000a4c (0x01830cb3) x25 0x9a7fb9e8
core   0: 0x80000a50 (0x406cd933) sra     s2, s9, t1
core   0: 3 0x80000a50 (0x406cd933) x18 0xff9a7fb9
core   0: 0x80000a54 (0x00eb56b3) srl     a3, s6, a4
core   0: 3 0x80000a54 (0x00eb56b3) x13 0x00000001
core   0: 0x80000a58 (0x453dbd93) sltiu   s11, s11, 1107
core   0: 3 0x80000a58 (0x453dbd93) x27 0x00000000
core   0: 0x80000a5c (0x03b1ee33) rem     t3, gp, s11
core   0: 3 0x80000a5c (0x03b1ee33) x28 0x1fffffff
core   0: 0x80000a60 (0x8e010493) addi    s1, sp, -1824
core   0: 3 0x80000a60 (0x8e010493) x 9 0xfffff8e0
core   0: 0x80000a64 (0xbb828f13) addi    t5, t0, -1096
core   0: 3 0x80000a64 (0xbb828f13) x30 0xfffffbb8
core   0: 0x80000a68 (0x6e772f93) slti    t6, a4, 1767
core   0: 3 0x80000a68 (0x6e772f93) x31 0x00000001
core   0: 0x80000a6c (0x01d778b3) and     a7, a4, t4
core   0: 3 0x80000a6c (0x01d778b3) x17 0x00000001
core   0: 0x80000a70 (0xd313f113) andi    sp, t2, -719
core   0: 3 0x80000a70 (0xd313f113) x 2 0x00000000
core   0: 0x80000a74 (0x029e2a33) mulhsu  s4, t3, s1
core   0: 3 0x80000a74 (0x029e2a33) x20 0x1fffff1b
core   0: 0x80000a78 (0xb9fd8f93) addi    t6, s11, -1121
core   0: 3 0x80000a78 (0xb9fd8f93) x31 0xfffffb9f
core   0: 0x80000a7c (0xb6b90893) addi    a7, s2, -1173
core   0: 3 0x80000a7c (0xb6b90893) x17 0xff9a7b24
core   0: 0x80000a80 (0x7cdff013) andi    zero, t6, 1997
core   0: 3 0x80000a80 (0x7cdff013)
core   0: 0x80000a84 (0x03887bb3) remu    s7, a6, s8
core   0: 3 0x80000a84 (0x03887bb3) x23 0x80018ce4
core   0: 0x80000a88 (0x033d3133) mulhu   sp, s10, s3
core   0: 3 0x80000a88 (0x033d3133) x 2 0x00000000
core   0: 0x80000a8c (0x00000013) nop
core   0: 3 0x80000a8c (0x00000013)
core   0: 0x80000a90 (0x02d1ffb3) remu    t6, gp, a3
core   0: 3 0x80000a90 (0x02d1ffb3) x31 0x00000000
core   0: 0x80000a94 (0x00a71213) slli    tp, a4, 10
core   0: 3 0x80000a94 (0x00a71213) x 4 0x0007fc00
core   0: 0x80000a98 (0x000585b3) add     a1, a1, zero
core   0: 3 0x80000a98 (0x000585b3) x11 0x00000000
core   0: 0x80000a9c (0xbb4fb693) sltiu   a3, t6, -1100
core   0: 3 0x80000a9c (0xbb4fb693) x13 0x00000001
core   0: 0x80000aa0 (0x010beeb3) or      t4, s7, a6
core   0: 3 0x80000aa0 (0x010beeb3) x29 0x80018ce4
core   0: 0x80000aa4 (0x32af2e13) slti    t3, t5, 810
core   0: 3 0x80000aa4 (0x32af2e13) x28 0x00000001
core   0: 0x80000aa8 (0x038fda33) divu    s4, t6, s8
core   0: 3 0x80000aa8 (0x038fda33) x20 0xffffffff
core   0: 0x80000aac (0x96799d37) lui     s10, 0x96799
core   0: 3 0x80000aac (0x96799d37) x26 0x96799000
core   0: 0x80000ab0 (0x028f6433) rem     s0, t5, s0
core   0: 3 0x80000ab0 (0x028f6433) x 8 0x00000000
core   0: 0x80000ab4 (0xc3f4ca13) xori    s4, s1, -961
core   0: 3 0x80000ab4 (0xc3f4ca13) x20 0x000004df
core   0: 0x80000ab8 (0x2dd92593) slti    a1, s2, 733
core   0: 3 0x80000ab8 (0x2dd92593) x11 0x00000001
core   0: 0x80000abc (0x023e6033) rem     zero, t3, gp
core   0: 3 0x80000abc (0x023e6033)
core   0: 0x80000ac0 (0x4150dc13) srai    s8, ra, 21
core   0: 3 0x80000ac0 (0x4150dc13) x24 0x00000000
core   0: 0x80000ac4 (0x00c2b1b3) sltu    gp, t0, a2
core   0: 3 0x80000ac4 (0x00c2b1b3) x 3 0x00000000
core   0: 0x80000ac8 (0x02eb38b3) mulhu   a7, s6, a4
core   0: 3 0x80000ac8 (0x02eb38b3) x17 0x000000ff
core   0: 0x80000acc (0x02503eb3) mulhu   t4, zero, t0
core   0: 3 0x80000acc (0x02503eb3) x29 0x00000000
core   0: 0x80000ad0 (0x00000013) nop
core   0: 3 0x80000ad0 (0x00000013)
core   0: 0x80000ad4 (0x33746393) ori     t2, s0, 823
core   0: 3 0x80000ad4 (0x33746393) x 7 0x00000337
core   0: 0x80000ad8 (0x090127b7) lui     a5, 0x9012
core   0: 3 0x80000ad8 (0x090127b7) x15 0x09012000
core   0: 0x80000adc (0x033c02b3) mul     t0, s8, s3
core   0: 3 0x80000adc (0x033c02b3) x 5 0x00000000
core   0: 0x80000ae0 (0xfa432c97) auipc   s9, 0xfa432
core   0: 3 0x80000ae0 (0xfa432c97) x25 0x7a432ae0
core   0: 0x80000ae4 (0x411adfb3) sra     t6, s5, a7
core   0: 3 0x80000ae4 (0x411adfb3) x31 0x00000000
core   0: 0x80000ae8 (0x01ce0633) add     a2, t3, t3
core   0: 3 0x80000ae8 (0x01ce0633) x12 0x00000002
core   0: 0x80000aec (0x0046b1b3) sltu    gp, a3, tp
core   0: 3 0x80000aec (0x0046b1b3) x 3 0x00000001
core   0: 0x80000af0 (0x00675733) srl     a4, a4, t1
core   0: 3 0x80000af0 (0x00675733) x14 0x00000001
core   0: 0x80000af4 (0x40ba5d33) sra     s10, s4, a1
core   0: 3 0x80000af4 (0x40ba5d33) x26 0x0000026f
core   0: 0x80000af8 (0x232a3493) sltiu   s1, s4, 562
core   0: 3 0x80000af8 (0x232a3493) x 9 0x00000000
core   0: 0x80000afc (0x413bd733) sra     a4, s7, s3
core   0: 3 0x80000afc (0x413bd733) x14 0xffffffff
core   0: 0x80000b00 (0x41d15593) srai    a1, sp, 29
core   0: 3 0x80000b00 (0x41d15593) x11 0x00000000
core   0: 0x80000b04 (0x40d02f13) slti    t5, zero, 1037
core   0: 3 0x80000b04 (0x40d02f13) x30 0x00000001
core   0: 0x80000b08 (0x3bd20913) addi    s2, tp, 957
core   0: 3 0x80000b08 (0x3bd20913) x18 0x0007ffbd
core   0: 0x80000b0c (0x02b02eb3) mulhsu  t4, zero, a1
core   0: 3 0x80000b0c (0x02b02eb3) x29 0x00000000
core   0: 0x80000b10 (0x027b05b3) mul     a1, s6, t2
core   0: 3 0x80000b10 (0x027b05b3) x11 0x8433037c
core   0: 0x80000b14 (0x01b06a33) or      s4, zero, s11
core   0: 3 0x80000b14 (0x01b06a33) x20 0x00000000
core   0: 0x80000b18 (0x00a10c33) add     s8, sp, a0
core   0: 3 0x80000b18 (0x00a10c33) x24 0x80000000
core   0: 0x80000b1c (0x022c8c33) mul     s8, s9, sp
core   0: 3 0x80000b1c (0x022c8c33) x24 0x00000000
core   0: 0x80000b20 (0x00621fb3) sll     t6, tp, t1
core   0: 3 0x80000b20 (0x00621fb3) x31 0x07fc0000
core   0: 0x80000b24 (0x01f11033) sll     zero, sp, t6
core   0: 3 0x80000b24 (0x01f11033)
core   0: 0x80000b28 (0x976a8913) addi    s2, s5, -1674
core   0: 3 0x80000b28 (0x976a8913) x18 0xfffff977
core   0: 0x80000b2c (0x034fbe33) mulhu   t3, t6, s4
core   0: 3 0x80000b2c (0x034fbe33) x28 0x00000000
core   0: 0x80000b30 (0x7eae2413) slti    s0, t3, 2026
core   0: 3 0x80000b30 (0x7eae2413) x 8 0x00000001
core   0: 0x80000b34 (0x03960133) mul     sp, a2, s9
core   0: 3 0x80000b34 (0x03960133) x 2 0xf48655c0
core   0: 0x80000b38 (0x8269b713) sltiu   a4, s3, -2010
core   0: 3 0x80000b38 (0x8269b713) x14 0x00000001
core   0: 0x80000b3c (0x40d35233) sra     tp, t1, a3
core   0: 3 0x80000b3c (0x40d35233) x 4 0xcd3fdcf4
core   0: 0x80000b40 (0x4c7c7e13) andi    t3, s8, 1223
core   0: 3 0x80000b40 (0x4c7c7e13) x28 0x00000000
core   0: 0x80000b44 (0x0c1b8493) addi    s1, s7, 193
core   0: 3 0x80000b44 (0x0c1b8493) x 9 0x80018da5
core   0: 0x80000b48 (0x00625333) srl     t1, tp, t1
core   0: 3 0x80000b48 (0x00625333) x 6 0x00cd3fdc
core   0: 0x80000b4c (0x00df43b3) xor     t2, t5, a3
core   0: 3 0x80000b4c (0x00df43b3) x 7 0x00000000
core   0: 0x80000b50 (0x0183e0b3) or      ra, t2, s8
core   0: 3 0x80000b50 (0x0183e0b3) x 1 0x00000000
core   0: 0x80000b54 (0x02207d33) remu    s10, zero, sp
core   0: 3 0x80000b54 (0x02207d33) x26 0x00000000
core   0: 0x80000b58 (0x01bf5093) srli    ra, t5, 27
core   0: 3 0x80000b58 (0x01bf5093) x 1 0x00000000
core   0: 0x80000b5c (0x03ff34b3) mulhu   s1, t5, t6
core   0: 3 0x80000b5c (0x03ff34b3) x 9 0x00000000
core   0: 0x80000b60 (0x0354c8b3) div     a7, s1, s5
core   0: 3 0x80000b60 (0x0354c8b3) x17 0x00000000
core   0: 0x80000b64 (0x00000013) nop
core   0: 3 0x80000b64 (0x00000013)
core   0: 0x80000b68 (0xfda7b693) sltiu   a3, a5, -38
core   0: 3 0x80000b68 (0xfda7b693) x13 0x00000001
core   0: 0x80000b6c (0x02715033) divu    zero, sp, t2
core   0: 3 0x80000b6c (0x02715033)
core   0: 0x80000b70 (0x01c09a33) sll     s4, ra, t3
core   0: 3 0x80000b70 (0x01c09a33) x20 0x00000000
core   0: 0x80000b74 (0x01dc9eb3) sll     t4, s9, t4
core   0: 3 0x80000b74 (0x01dc9eb3) x29 0x7a432ae0
core   0: 0x80000b78 (0xb88ee193) ori     gp, t4, -1144
core   0: 3 0x80000b78 (0xb88ee193) x 3 0xfffffbe8
core   0: 0x80000b7c (0x415b0033) sub     zero, s6, s5
core   0: 3 0x80000b7c (0x415b0033)
core   0: 0x80000b80 (0x01e5c333) xor     t1, a1, t5
core   0: 3 0x80000b80 (0x01e5c333) x 6 0x8433037d
core   0: 0x80000b84 (0x557ff113) andi    sp, t6, 1367
core   0: 3 0x80000b84 (0x557ff113) x 2 0x00000000
core   0: 0x80000b88 (0x6c8ef313) andi    t1, t4, 1736
core   0: 3 0x80000b88 (0x6c8ef313) x 6 0x000002c0
core   0: 0x80000b8c (0x015f5033) srl     zero, t5, s5
core   0: 3 0x80000b8c (0x015f5033)
core   0: 0x80000b90 (0xf2160997) auipc   s3, 0xf2160
core   0: 3 0x80000b90 (0xf2160997) x19 0x72160b90
core   0: 0x80000b94 (0xdf475ab7) lui     s5, 0xdf475
core   0: 3 0x80000b94 (0xdf475ab7) x21 0xdf475000
core   0: 0x80000b98 (0x8b3acd13) xori    s10, s5, -1869
core   0: 3 0x80000b98 (0x8b3acd13) x26 0x20b8a8b3
core   0: 0x80000b9c (0xa0f4a893) slti    a7, s1, -1521
core   0: 3 0x80000b9c (0xa0f4a893) x17 0x00000000
core   0: 0x80000ba0 (0x01afa713) slti    a4, t6, 26
core   0: 3 0x80000ba0 (0x01afa713) x14 0x00000000
core   0: 0x80000ba4 (0x41abd313) srai    t1, s7, 26
core   0: 3 0x80000ba4 (0x41abd313) x 6 0xffffffe0
core   0: 0x80000ba8 (0x36b66913) ori     s2, a2, 875
core   0: 3 0x80000ba8 (0x36b66913) x18 0x0000036b
core   0: 0x80000bac (0x806da193) slti    gp, s11, -2042
core   0: 3 0x80000bac (0x806da193) x 3 0x00000000
core   0: 0x80000bb0 (0x03e7da33) divu    s4, a5, t5
core   0: 3 0x80000bb0 (0x03e7da33) x20 0x09012000
core   0: 0x80000bb4 (0x400cda13) srai    s4, s9, 0
core   0: 3 0x80000bb4 (0x400cda13) x20 0x7a432ae0
core   0: 0x80000bb8 (0x0290c2b3) div     t0, ra, s1
core   0: 3 0x80000bb8 (0x0290c2b3) x 5 0xffffffff
core   0: 0x80000bbc (0x40bad5b3) sra     a1, s5, a1
core   0: 3 0x80000bbc (0x40bad5b3) x11 0xfffffffd
core   0: 0x80000bc0 (0x03bba4b3) mulhsu  s1, s7, s11
core   0: 3 0x80000bc0 (0x03bba4b3) x 9 0x00000000
core   0: 0x80000bc4 (0x017c58b3) srl     a7, s8, s7
core   0: 3 0x80000bc4 (0x017c58b3) x17 0x00000000
core   0: 0x80000bc8 (0x90512193) slti    gp, sp, -1787
core   0: 3 0x80000bc8 (0x90512193) x 3 0x00000000
core   0: 0x80000bcc (0x9e9de493) ori     s1, s11, -1559
core   0: 3 0x80000bcc (0x9e9de493) x 9 0xfffff9e9
core   0: 0x80000bd0 (0x48f14293) xori    t0, sp, 1167
core   0: 3 0x80000bd0 (0x48f14293) x 5 0x0000048f
core   0: 0x80000bd4 (0x40ad5413) srai    s0, s10, 10
core   0: 3 0x80000bd4 (0x40ad5413) x 8 0x00082e2a
core   0: 0x80000bd8 (0x41c60eb3) sub     t4, a2, t3
core   0: 3 0x80000bd8 (0x41c60eb3) x29 0x00000002
core   0: 0x80000bdc (0x028ee9b3) rem     s3, t4, s0
core   0: 3 0x80000bdc (0x028ee9b3) x19 0x00000002
core   0: 0x80000be0 (0x409ad6b3) sra     a3, s5, s1
core   0: 3 0x80000be0 (0x409ad6b3) x13 0xffefa3a8
core   0: 0x80000be4 (0x035e74b3) remu    s1, t3, s5
core   0: 3 0x80000be4 (0x035e74b3) x 9 0x00000000
core   0: 0x80000be8 (0x027adbb3) divu    s7, s5, t2
core   0: 3 0x80000be8 (0x027adbb3) x23 0xffffffff
core   0: 0x80000bec (0x00ec1733) sll     a4, s8, a4
core   0: 3 0x80000bec (0x00ec1733) x14 0x00000000
core   0: 0x80000bf0 (0x40c65993) srai    s3, a2, 12
core   0: 3 0x80000bf0 (0x40c65993) x19 0x00000000
core   0: 0x80000bf4 (0x3d8dbb93) sltiu   s7, s11, 984
core   0: 3 0x80000bf4 (0x3d8dbb93) x23 0x00000001
core   0: 0x80000bf8 (0x01991393) slli    t2, s2, 25
core   0: 3 0x80000bf8 (0x01991393) x 7 0xd6000000
core   0: 0x80000bfc (0x8e0d8e37) lui     t3, 0x8e0d8
core   0: 3 0x80000bfc (0x8e0d8e37) x28 0x8e0d8000
core   0: 0x80000c00 (0x416ed393) srai    t2, t4, 22
core   0: 3 0x80000c00 (0x416ed393) x 7 0x00000000
core   0: 0x80000c04 (0x3cc74593) xori    a1, a4, 972
core   0: 3 0x80000c04 (0x3cc74593) x11 0x000003cc
core   0: 0x80000c08 (0xc91fff13) andi    t5, t6, -879
core   0: 3 0x80000c08 (0xc91fff13) x30 0x07fc0000
core   0: 0x80000c0c (0x00000013) nop
core   0: 3 0x80000c0c (0x00000013)
core   0: 0x80000c10 (0xf8eca713) slti    a4, s9, -114
core   0: 3 0x80000c10 (0xf8eca713) x14 0x00000000
core   0: 0x80000c14 (0x01712c33) slt     s8, sp, s7
core   0: 3 0x80000c14 (0x01712c33) x24 0x00000001
core   0: 0x80000c18 (0x41fc5633) sra     a2, s8, t6
core   0: 3 0x80000c18 (0x41fc5633) x12 0x00000001
core   0: 0x80000c1c (0x01f5d113) srli    sp, a1, 31
core   0: 3 0x80000c1c (0x01f5d113) x 2 0x00000000
core   0: 0x80000c20 (0x00eee133) or      sp, t4, a4
core   0: 3 0x80000c20 (0x00eee133) x 2 0x00000002
core   0: 0x80000c24 (0x036aefb3) rem     t6, s5, s6
core   0: 3 0x80000c24 (0x036aefb3) x31 0xdf475000
core   0: 0x80000c28 (0xf81cc293) xori    t0, s9, -127
core   0: 3 0x80000c28 (0xf81cc293) x 5 0x85bcd561
core   0: 0x80000c2c (0x02c4ad33) mulhsu  s10, s1, a2
core   0: 3 0x80000c2c (0x02c4ad33) x26 0x00000000
core   0: 0x80000c30 (0x00bc20b3) slt     ra, s8, a1
core   0: 3 0x80000c30 (0x00bc20b3) x 1 0x00000001
core   0: 0x80000c34 (0x01219b93) slli    s7, gp, 18
core   0: 3 0x80000c34 (0x01219b93) x23 0x00000000
core   0: 0x80000c38 (0x40b4d733) sra     a4, s1, a1
core   0: 3 0x80000c38 (0x40b4d733) x14 0x00000000
core   0: 0x80000c3c (0x00000013) nop
core   0: 3 0x80000c3c (0x00000013)
core   0: 0x80000c40 (0x025f94b3) mulh    s1, t6, t0
core   0: 3 0x80000c40 (0x025f94b3) x 9 0x0fa099a8
core   0: 0x80000c44 (0x02bb0ab3) mul     s5, s6, a1
core   0: 3 0x80000c44 (0x02bb0ab3) x21 0x04f5a3b0
core   0: 0x80000c48 (0x00004333) xor     t1, zero, zero
core   0: 3 0x80000c48 (0x00004333) x 6 0x00000000
core   0: 0x80000c4c (0x00c356b3) srl     a3, t1, a2
core   0: 3 0x80000c4c (0x00c356b3) x13 0x00000000
core   0: 0x80000c50 (0x06d02413) slti    s0, zero, 109
core   0: 3 0x80000c50 (0x06d02413) x 8 0x00000001
core   0: 0x80000c54 (0x650f6c13) ori     s8, t5, 1616
core   0: 3 0x80000c54 (0x650f6c13) x24 0x07fc0650
core   0: 0x80000c58 (0x4c89ea17) auipc   s4, 0x4c89e
core   0: 3 0x80000c58 (0x4c89ea17) x20 0xcc89ec58
core   0: 0x80000c5c (0x00801193) slli    gp, zero, 8
core   0: 3 0x80000c5c (0x00801193) x 3 0x00000000
core   0: 0x80000c60 (0x0133b633) sltu    a2, t2, s3
core   0: 3 0x80000c60 (0x0133b633) x12 0x00000000
core   0: 0x80000c64 (0x03178133) mul     sp, a5, a7
core   0: 3 0x80000c64 (0x03178133) x 2 0x00000000
core   0: 0x80000c68 (0x0357dc33) divu    s8, a5, s5
core   0: 3 0x80000c68 (0x0357dc33) x24 0x00000001
core   0: 0x80000c6c (0x00d2f933) and     s2, t0, a3
core   0: 3 0x80000c6c (0x00d2f933) x18 0x00000000
core   0: 0x80000c70 (0x03617933) remu    s2, sp, s6
core   0: 3 0x80000c70 (0x03617933) x18 0x00000000
core   0: 0x80000c74 (0x4151da33) sra     s4, gp, s5
core   0: 3 0x80000c74 (0x4151da33) x20 0x00000000
core   0: 0x80000c78 (0x81bc7313) andi    t1, s8, -2021
core   0: 3 0x80000c78 (0x81bc7313) x 6 0x00000001
core   0: 0x80000c7c (0xe9978e13) addi    t3, a5, -359
core   0: 3 0x80000c7c (0xe9978e13) x28 0x09011e99
core   0: 0x80000c80 (0x03bc4d33) div     s10, s8, s11
core   0: 3 0x80000c80 (0x03bc4d33) x26 0xffffffff
core   0: 0x80000c84 (0x41b00433) sub     s0, zero, s11
core   0: 3 0x80000c84 (0x41b00433) x 8 0x00000000
core   0: 0x80000c88 (0x01eca933) slt     s2, s9, t5
core   0: 3 0x80000c88 (0x01eca933) x18 0x00000000
core   0: 0x80000c8c (0x03c4a6b3) mulhsu  a3, s1, t3
core   0: 3 0x80000c8c (0x03c4a6b3) x13 0x008cb6e5
core   0: 0x80000c90 (0xb2636113) ori     sp, t1, -1242
core   0: 3 0x80000c90 (0xb2636113) x 2 0xfffffb27
core   0: 0x80000c94 (0x00139ab3) sll     s5, t2, ra
core   0: 3 0x80000c94 (0x00139ab3) x21 0x00000000
core   0: 0x80000c98 (0x01c047b3) xor     a5, zero, t3
core   0: 3 0x80000c98 (0x01c047b3) x15 0x09011e99
core   0: 0x80000c9c (0xf0716c37) lui     s8, 0xf0716
core   0: 3 0x80000c9c (0xf0716c37) x24 0xf0716000
core   0: 0x80000ca0 (0x01b48633) add     a2, s1, s11
core   0: 3 0x80000ca0 (0x01b48633) x12 0x0fa099a8
core   0: 0x80000ca4 (0x9420c037) lui     zero, 0x9420c
core   0: 3 0x80000ca4 (0x9420c037)
core   0: 0x80000ca8 (0x00000013) nop
core   0: 3 0x80000ca8 (0x00000013)
core   0: 0x80000cac (0x883f7b97) auipc   s7, 0x883f7
core   0: 3 0x80000cac (0x883f7b97) x23 0x083f7cac
core   0: 0x80000cb0 (0x287d8093) addi    ra, s11, 647
core   0: 3 0x80000cb0 (0x287d8093) x 1 0x00000287
core   0: 0x80000cb4 (0x02bfc5b3) div     a1, t6, a1
core   0: 3 0x80000cb4 (0x02bfc5b3) x11 0xfff761cc
core   0: 0x80000cb8 (0x52c83c93) sltiu   s9, a6, 1324
core   0: 3 0x80000cb8 (0x52c83c93) x25 0x00000000
core   0: 0x80000cbc (0x02984933) div     s2, a6, s1
core   0: 3 0x80000cbc (0x02984933) x18 0xfffffff8
core   0: 0x80000cc0 (0x40c95093) srai    ra, s2, 12
core   0: 3 0x80000cc0 (0x40c95093) x 1 0xffffffff
core   0: 0x80000cc4 (0x01159233) sll     tp, a1, a7
core   0: 3 0x80000cc4 (0x01159233) x 4 0xfff761cc
core   0: 0x80000cc8 (0x42bf4f93) xori    t6, t5, 1067
core   0: 3 0x80000cc8 (0x42bf4f93) x31 0x07fc042b
core   0: 0x80000ccc (0x027d9bb3) mulh    s7, s11, t2
core   0: 3 0x80000ccc (0x027d9bb3) x23 0x00000000
core   0: 0x80000cd0 (0x00f2e1b3) or      gp, t0, a5
core   0: 3 0x80000cd0 (0x00f2e1b3) x 3 0x8dbddff9
core   0: 0x80000cd4 (0x68354993) xori    s3, a0, 1667
core   0: 3 0x80000cd4 (0x68354993) x19 0x80000683
core   0: 0x80000cd8 (0x01ae5913) srli    s2, t3, 26
core   0: 3 0x80000cd8 (0x01ae5913) x18 0x00000002
core   0: 0x80000cdc (0x0350ddb3) divu    s11, ra, s5
core   0: 3 0x80000cdc (0x0350ddb3) x27 0xffffffff
core   0: 0x80000ce0 (0x03c029b3) mulhsu  s3, zero, t3
core   0: 3 0x80000ce0 (0x03c029b3) x19 0x00000000
core   0: 0x80000ce4 (0x01176f33) or      t5, a4, a7
core   0: 3 0x80000ce4 (0x01176f33) x30 0x00000000
core   0: 0x80000ce8 (0x0279fbb3) remu    s7, s3, t2
core   0: 3 0x80000ce8 (0x0279fbb3) x23 0x00000000
core   0: 0x80000cec (0x004e9a93) slli    s5, t4, 4
core   0: 3 0x80000cec (0x004e9a93) x21 0x00000020
core   0: 0x80000cf0 (0x00a604b3) add     s1, a2, a0
core   0: 3 0x80000cf0 (0x00a604b3) x 9 0x8fa099a8
core   0: 0x80000cf4 (0x03dc1db3) mulh    s11, s8, t4
core   0: 3 0x80000cf4 (0x03dc1db3) x27 0xffffffff
core   0: 0x80000cf8 (0x0348de33) divu    t3, a7, s4
core   0: 3 0x80000cf8 (0x0348de33) x28 0xffffffff
core   0: 0x80000cfc (0x009bd6b3) srl     a3, s7, s1
core   0: 3 0x80000cfc (0x009bd6b3) x13 0x00000000
core   0: 0x80000d00 (0x00225793) srli    a5, tp, 2
core   0: 3 0x80000d00 (0x00225793) x15 0x3ffdd873
core   0: 0x80000d04 (0xb4fd6293) ori     t0, s10, -1201
core   0: 3 0x80000d04 (0xb4fd6293) x 5 0xffffffff
core   0: 0x80000d08 (0x01519713) slli    a4, gp, 21
core   0: 3 0x80000d08 (0x01519713) x14 0xff200000
core   0: 0x80000d0c (0x40905bb3) sra     s7, zero, s1
core   0: 3 0x80000d0c (0x40905bb3) x23 0x00000000
core   0: 0x80000d10 (0x037574b3) remu    s1, a0, s7
core   0: 3 0x80000d10 (0x037574b3) x 9 0x80000000
core   0: 0x80000d14 (0x026707b3) mul     a5, a4, t1
core   0: 3 0x80000d14 (0x026707b3) x15 0xff200000
core   0: 0x80000d18 (0x029de9b3) rem     s3, s11, s1
core   0: 3 0x80000d18 (0x029de9b3) x19 0xffffffff
core   0: 0x80000d1c (0x00000013) nop
core   0: 3 0x80000d1c (0x00000013)
core   0: 0x80000d20 (0x17ef4393) xori    t2, t5, 382
core   0: 3 0x80000d20 (0x17ef4393) x 7 0x0000017e
core   0: 0x80000d24 (0xb99d7a97) auipc   s5, 0xb99d7
core   0: 3 0x80000d24 (0xb99d7a97) x21 0x399d7d24
core   0: 0x80000d28 (0x02ff43b3) div     t2, t5, a5
core   0: 3 0x80000d28 (0x02ff43b3) x 7 0x00000000
core   0: 0x80000d2c (0x007193b3) sll     t2, gp, t2
core   0: 3 0x80000d2c (0x007193b3) x 7 0x8dbddff9
core   0: 0x80000d30 (0x006524b3) slt     s1, a0, t1
core   0: 3 0x80000d30 (0x006524b3) x 9 0x00000001
core   0: 0x80000d34 (0x400d5293) srai    t0, s10, 0
core   0: 3 0x80000d34 (0x400d5293) x 5 0xffffffff
core   0: 0x80000d38 (0x038f1ab3) mulh    s5, t5, s8
core   0: 3 0x80000d38 (0x038f1ab3) x21 0x00000000
core   0: 0x80000d3c (0x0259e333) rem     t1, s3, t0
core   0: 3 0x80000d3c (0x0259e333) x 6 0x00000000
core   0: 0x80000d40 (0x4172dbb3) sra     s7, t0, s7
core   0: 3 0x80000d40 (0x4172dbb3) x23 0xffffffff
core   0: 0x80000d44 (0x03f43d33) mulhu   s10, s0, t6
core   0: 3 0x80000d44 (0x03f43d33) x26 0x00000000
core   0: 0x80000d48 (0x02b0a4b3) mulhsu  s1, ra, a1
core   0: 3 0x80000d48 (0x02b0a4b3) x 9 0xffffffff
core   0: 0x80000d4c (0x41a05f33) sra     t5, zero, s10
core   0: 3 0x80000d4c (0x41a05f33) x30 0x00000000
core   0: 0x80000d50 (0x40cc8033) sub     zero, s9, a2
core   0: 3 0x80000d50 (0x40cc8033)
core   0: 0x80000d54 (0x7c55c893) xori    a7, a1, 1989
core   0: 3 0x80000d54 (0x7c55c893) x17 0xfff76609
core   0: 0x80000d58 (0x90c46f37) lui     t5, 0x90c46
core   0: 3 0x80000d58 (0x90c46f37) x30 0x90c46000
core   0: 0x80000d5c (0x009b6db3) or      s11, s6, s1
core   0: 3 0x80000d5c (0x009b6db3) x27 0xffffffff
core   0: 0x80000d60 (0x0161d1b3) srl     gp, gp, s6
core   0: 3 0x80000d60 (0x0161d1b3) x 3 0x08dbddff
core   0: 0x80000d64 (0x01a24fb3) xor     t6, tp, s10
core   0: 3 0x80000d64 (0x01a24fb3) x31 0xfff761cc
core   0: 0x80000d68 (0x7179b093) sltiu   ra, s3, 1815
core   0: 3 0x80000d68 (0x7179b093) x 1 0x00000000
core   0: 0x80000d6c (0x02295ab3) divu    s5, s2, sp
core   0: 3 0x80000d6c (0x02295ab3) x21 0x00000000
core   0: 0x80000d70 (0x00d749b3) xor     s3, a4, a3
core   0: 3 0x80000d70 (0x00d749b3) x19 0xff200000
core   0: 0x80000d74 (0x00000013) nop
core   0: 3 0x80000d74 (0x00000013)
core   0: 0x80000d78 (0x07832c13) slti    s8, t1, 120
core   0: 3 0x80000d78 (0x07832c13) x24 0x00000001
core   0: 0x80000d7c (0x02713eb3) mulhu   t4, sp, t2
core   0: 3 0x80000d7c (0x02713eb3) x29 0x8dbddd49
core   0: 0x80000d80 (0x4852cf13) xori    t5, t0, 1157
core   0: 3 0x80000d80 (0x4852cf13) x30 0xfffffb7a
core   0: 0x80000d84 (0xa39f3693) sltiu   a3, t5, -1479
core   0: 3 0x80000d84 (0xa39f3693) x13 0x00000000
core   0: 0x80000d88 (0x03029bb3) mulh    s7, t0, a6
core   0: 3 0x80000d88 (0x03029bb3) x23 0x00000000
core   0: 0x80000d8c (0x03b840b3) div     ra, a6, s11
core   0: 3 0x80000d8c (0x03b840b3) x 1 0x7ffe731c
core   0: 0x80000d90 (0x005598b3) sll     a7, a1, t0
core   0: 3 0x80000d90 (0x005598b3) x17 0x00000000
core   0: 0x80000d94 (0x0060b933) sltu    s2, ra, t1
core   0: 3 0x80000d94 (0x0060b933) x18 0x00000000
core   0: 0x80000d98 (0x012fbc33) sltu    s8, t6, s2
core   0: 3 0x80000d98 (0x012fbc33) x24 0x00000000
core   0: 0x80000d9c (0x00f61933) sll     s2, a2, a5
core   0: 3 0x80000d9c (0x00f61933) x18 0x0fa099a8
core   0: 0x80000da0 (0x12c3ac93) slti    s9, t2, 300
core   0: 3 0x80000da0 (0x12c3ac93) x25 0x00000001
core   0: 0x80000da4 (0xdc754313) xori    t1, a0, -569
core   0: 3 0x80000da4 (0xdc754313) x 6 0x7ffffdc7
core   0: 0x80000da8 (0x47d0ff97) auipc   t6, 0x47d0f
core   0: 3 0x80000da8 (0x47d0ff97) x31 0xc7d0fda8
core   0: 0x80000dac (0x2ec97913) andi    s2, s2, 748
core   0: 3 0x80000dac (0x2ec97913) x18 0x000000a8
core   0: 0x80000db0 (0x00000013) nop
core   0: 3 0x80000db0 (0x00000013)
core   0: 0x80000db4 (0x9602ad93) slti    s11, t0, -1696
core   0: 3 0x80000db4 (0x9602ad93) x27 0x00000000
core   0: 0x80000db8 (0x414a5ab3) sra     s5, s4, s4
core   0: 3 0x80000db8 (0x414a5ab3) x21 0x00000000
core   0: 0x80000dbc (0x027c55b3) divu    a1, s8, t2
core   0: 3 0x80000dbc (0x027c55b3) x11 0x00000000
core   0: 0x80000dc0 (0xc8ade913) ori     s2, s11, -886
core   0: 3 0x80000dc0 (0xc8ade913) x18 0xfffffc8a
core   0: 0x80000dc4 (0x41b354b3) sra     s1, t1, s11
core   0: 3 0x80000dc4 (0x41b354b3) x 9 0x7ffffdc7
core   0: 0x80000dc8 (0xa7203b93) sltiu   s7, zero, -1422
core   0: 3 0x80000dc8 (0xa7203b93) x23 0x00000001
core   0: 0x80000dcc (0x00000013) nop
core   0: 3 0x80000dcc (0x00000013)
core   0: 0x80000dd0 (0x015bbe33) sltu    t3, s7, s5
core   0: 3 0x80000dd0 (0x015bbe33) x28 0x00000000
core   0: 0x80000dd4 (0x001e4033) xor     zero, t3, ra
core   0: 3 0x80000dd4 (0x001e4033)
core   0: 0x80000dd8 (0x02418e33) mul     t3, gp, tp
core   0: 3 0x80000dd8 (0x02418e33) x28 0x905b8634
core   0: 0x80000ddc (0x9731a893) slti    a7, gp, -1677
core   0: 3 0x80000ddc (0x9731a893) x17 0x00000000
core   0: 0x80000de0 (0x4137d313) srai    t1, a5, 19
core   0: 3 0x80000de0 (0x4137d313) x 6 0xffffffe4
core   0: 0x80000de4 (0x00032db3) slt     s11, t1, zero
core   0: 3 0x80000de4 (0x00032db3) x27 0x00000001
core   0: 0x80000de8 (0xac9dab93) slti    s7, s11, -1335
core   0: 3 0x80000de8 (0xac9dab93) x23 0x00000000
core   0: 0x80000dec (0x02b23a33) mulhu   s4, tp, a1
core   0: 3 0x80000dec (0x02b23a33) x20 0x00000000
core   0: 0x80000df0 (0x066b6313) ori     t1, s6, 102
core   0: 3 0x80000df0 (0x066b6313) x 6 0x80014e66
core   0: 0x80000df4 (0x0343b033) mulhu   zero, t2, s4
core   0: 3 0x80000df4 (0x0343b033)
core   0: 0x80000df8 (0x0293dcb3) divu    s9, t2, s1
core   0: 3 0x80000df8 (0x0293dcb3) x25 0x00000001
core   0: 0x80000dfc (0xbef40037) lui     zero, 0xbef40
core   0: 3 0x80000dfc (0xbef40037)
core   0: 0x80000e00 (0x01aaa033) slt     zero, s5, s10
core   0: 3 0x80000e00 (0x01aaa033)
core   0: 0x80000e04 (0x013c05b3) add     a1, s8, s3
core   0: 3 0x80000e04 (0x013c05b3) x11 0xff200000
core   0: 0x80000e08 (0x0066c4b3) xor     s1, a3, t1
core   0: 3 0x80000e08 (0x0066c4b3) x 9 0x80014e66
core   0: 0x80000e0c (0x00029d13) slli    s10, t0, 0
core   0: 3 0x80000e0c (0x00029d13) x26 0xffffffff
core   0: 0x80000e10 (0x019cd5b3) srl     a1, s9, s9
core   0: 3 0x80000e10 (0x019cd5b3) x11 0x00000000
core   0: 0x80000e14 (0x022f0bb3) mul     s7, t5, sp
core   0: 3 0x80000e14 (0x022f0bb3) x23 0x0015ed96
core   0: 0x80000e18 (0x00000013) nop
core   0: 3 0x80000e18 (0x00000013)
core   0: 0x80000e1c (0x0284b433) mulhu   s0, s1, s0
core   0: 3 0x80000e1c (0x0284b433) x 8 0x00000000
core   0: 0x80000e20 (0x774ef893) andi    a7, t4, 1908
core   0: 3 0x80000e20 (0x774ef893) x17 0x00000540
core   0: 0x80000e24 (0x99ad8c93) addi    s9, s11, -1638
core   0: 3 0x80000e24 (0x99ad8c93) x25 0xfffff99b
core   0: 0x80000e28 (0x009db433) sltu    s0, s11, s1
core   0: 3 0x80000e28 (0x009db433) x 8 0x00000001
core   0: 0x80000e2c (0x2f2ce793) ori     a5, s9, 754
core   0: 3 0x80000e2c (0x2f2ce793) x15 0xfffffbfb
core   0: 0x80000e30 (0x01232bb3) slt     s7, t1, s2
core   0: 3 0x80000e30 (0x01232bb3) x23 0x00000001
core   0: 0x80000e34 (0xe5080f13) addi    t5, a6, -432
core   0: 3 0x80000e34 (0xe5080f13) x30 0x80018b34
core   0: 0x80000e38 (0x81110117) auipc   sp, 0x81110
core   0: 3 0x80000e38 (0x81110117) x 2 0x01110e38
core   0: 0x80000e3c (0x02aa61b3) rem     gp, s4, a0
core   0: 3 0x80000e3c (0x02aa61b3) x 3 0x00000000
core   0: 0x80000e40 (0x00b210b3) sll     ra, tp, a1
core   0: 3 0x80000e40 (0x00b210b3) x 1 0xfff761cc
core   0: 0x80000e44 (0x01c2f2b3) and     t0, t0, t3
core   0: 3 0x80000e44 (0x01c2f2b3) x 5 0x905b8634
core   0: 0x80000e48 (0xf1034c93) xori    s9, t1, -240
core   0: 3 0x80000e48 (0xf1034c93) x25 0x7ffeb176
core   0: 0x80000e4c (0x00000013) nop
core   0: 3 0x80000e4c (0x00000013)
core   0: 0x80000e50 (0x4659f313) andi    t1, s3, 1125
core   0: 3 0x80000e50 (0x4659f313) x 6 0x00000000
core   0: 0x80000e54 (0x02837633) remu    a2, t1, s0
core   0: 3 0x80000e54 (0x02837633) x12 0x00000000
core   0: 0x80000e58 (0x03ad00b3) mul     ra, s10, s10
core   0: 3 0x80000e58 (0x03ad00b3) x 1 0x00000001
core   0: 0x80000e5c (0x03d89c33) mulh    s8, a7, t4
core   0: 3 0x80000e5c (0x03d89c33) x24 0xfffffda8
core   0: 0x80000e60 (0x018f0c33) add     s8, t5, s8
core   0: 3 0x80000e60 (0x018f0c33) x24 0x800188dc
core   0: 0x80000e64 (0xf5fe6413) ori     s0, t3, -161
core   0: 3 0x80000e64 (0xf5fe6413) x 8 0xffffff7f
core   0: 0x80000e68 (0x02ff5f33) divu    t5, t5, a5
core   0: 3 0x80000e68 (0x02ff5f33) x30 0x00000000
core   0: 0x80000e6c (0x02f73733) mulhu   a4, a4, a5
core   0: 3 0x80000e6c (0x02f73733) x14 0xff1ffbfe
core   0: 0x80000e70 (0x0008e933) or      s2, a7, zero
core   0: 3 0x80000e70 (0x0008e933) x18 0x00000540
core   0: 0x80000e74 (0x40e08233) sub     tp, ra, a4
core   0: 3 0x80000e74 (0x40e08233) x 4 0x00e00403
core   0: 0x80000e78 (0x00000013) nop
core   0: 3 0x80000e78 (0x00000013)
core   0: 0x80000e7c (0x6c2d9437) lui     s0, 0x6c2d9
core   0: 3 0x80000e7c (0x6c2d9437) x 8 0x6c2d9000
core   0: 0x80000e80 (0x03405e33) divu    t3, zero, s4
core   0: 3 0x80000e80 (0x03405e33) x28 0xffffffff
core   0: 0x80000e84 (0x0342d733) divu    a4, t0, s4
core   0: 3 0x80000e84 (0x0342d733) x14 0xffffffff
core   0: 0x80000e88 (0x41450733) sub     a4, a0, s4
core   0: 3 0x80000e88 (0x41450733) x14 0x80000000
core   0: 0x80000e8c (0x01d28933) add     s2, t0, t4
core   0: 3 0x80000e8c (0x01d28933) x18 0x1e19637d
core   0: 0x80000e90 (0xacc10f93) addi    t6, sp, -1332
core   0: 3 0x80000e90 (0xacc10f93) x31 0x01110904
core   0: 0x80000e94 (0x01a46133) or      sp, s0, s10
core   0: 3 0x80000e94 (0x01a46133) x 2 0xffffffff
core   0: 0x80000e98 (0x02669133) mulh    sp, a3, t1
core   0: 3 0x80000e98 (0x02669133) x 2 0x00000000
core   0: 0x80000e9c (0x029c8db3) mul     s11, s9, s1
core   0: 3 0x80000e9c (0x029c8db3) x27 0x4b02a904
core   0: 0x80000ea0 (0x00efb3b3) sltu    t2, t6, a4
core   0: 3 0x80000ea0 (0x00efb3b3) x 7 0x00000001
core   0: 0x80000ea4 (0x02fc5f33) divu    t5, s8, a5
core   0: 3 0x80000ea4 (0x02fc5f33) x30 0x00000000
core   0: 0x80000ea8 (0xbecd6093) ori     ra, s10, -1044
core   0: 3 0x80000ea8 (0xbecd6093) x 1 0xffffffff
core   0: 0x80000eac (0x02eba4b3) mulhsu  s1, s7, a4
core   0: 3 0x80000eac (0x02eba4b3) x 9 0x00000000
core   0: 0x80000eb0 (0x5dbac437) lui     s0, 0x5dbac
core   0: 3 0x80000eb0 (0x5dbac437) x 8 0x5dbac000
core   0: 0x80000eb4 (0x0363cbb3) div     s7, t2, s6
core   0: 3 0x80000eb4 (0x0363cbb3) x23 0x00000000
core   0: 0x80000eb8 (0x407c0db3) sub     s11, s8, t2
core   0: 3 0x80000eb8 (0x407c0db3) x27 0x800188db
core   0: 0x80000ebc (0x01a32033) slt     zero, t1, s10
core   0: 3 0x80000ebc (0x01a32033)
core   0: 0x80000ec0 (0x0119a5b3) slt     a1, s3, a7
core   0: 3 0x80000ec0 (0x0119a5b3) x11 0x00000001
core   0: 0x80000ec4 (0x0249aa33) mulhsu  s4, s3, tp
core   0: 3 0x80000ec4 (0x0249aa33) x20 0xffff3bfc
core   0: 0x80000ec8 (0x41870d33) sub     s10, a4, s8
core   0: 3 0x80000ec8 (0x41870d33) x26 0xfffe7724
core   0: 0x80000ecc (0xb8cf2a13) slti    s4, t5, -1140
core   0: 3 0x80000ecc (0xb8cf2a13) x20 0x00000000
core   0: 0x80000ed0 (0x39a522b7) lui     t0, 0x39a52
core   0: 3 0x80000ed0 (0x39a522b7) x 5 0x39a52000
core   0: 0x80000ed4 (0x402c85b3) sub     a1, s9, sp
core   0: 3 0x80000ed4 (0x402c85b3) x11 0x7ffeb176
core   0: 0x80000ed8 (0x41245eb3) sra     t4, s0, s2
core   0: 3 0x80000ed8 (0x41245eb3) x29 0x00000002
core   0: 0x80000edc (0x8afd2013) slti    zero, s10, -1873
core   0: 3 0x80000edc (0x8afd2013)
core   0: 0x80000ee0 (0x02b85db3) divu    s11, a6, a1
core   0: 3 0x80000ee0 (0x02b85db3) x27 0x00000001
core   0: 0x80000ee4 (0x4132d633) sra     a2, t0, s3
core   0: 3 0x80000ee4 (0x4132d633) x12 0x39a52000
core   0: 0x80000ee8 (0x020704b3) mul     s1, a4, zero
core   0: 3 0x80000ee8 (0x020704b3) x 9 0x00000000
core   0: 0x80000eec (0x44647bb7) lui     s7, 0x44647
core   0: 3 0x80000eec (0x44647bb7) x23 0x44647000
core   0: 0x80000ef0 (0x013af2b3) and     t0, s5, s3
core   0: 3 0x80000ef0 (0x013af2b3) x 5 0x00000000
core   0: 0x80000ef4 (0x03ba9933) mulh    s2, s5, s11
core   0: 3 0x80000ef4 (0x03ba9933) x18 0x00000000
core   0: 0x80000ef8 (0x035168b3) rem     a7, sp, s5
core   0: 3 0x80000ef8 (0x035168b3) x17 0x00000000
core   0: 0x80000efc (0x02c545b3) div     a1, a0, a2
core   0: 3 0x80000efc (0x02c545b3) x11 0xfffffffe
core   0: 0x80000f00 (0x02286933) rem     s2, a6, sp
core   0: 3 0x80000f00 (0x02286933) x18 0x80018ce4
core   0: 0x80000f04 (0x03853bb3) mulhu   s7, a0, s8
core   0: 3 0x80000f04 (0x03853bb3) x23 0x4000c46e
core   0: 0x80000f08 (0x024021b3) mulhsu  gp, zero, tp
core   0: 3 0x80000f08 (0x024021b3) x 3 0x00000000
core   0: 0x80000f0c (0x0261f5b3) remu    a1, gp, t1
core   0: 3 0x80000f0c (0x0261f5b3) x11 0x00000000
core   0: 0x80000f10 (0x03516fb3) rem     t6, sp, s5
core   0: 3 0x80000f10 (0x03516fb3) x31 0x00000000
core   0: 0x80000f14 (0x952df593) andi    a1, s11, -1710
core   0: 3 0x80000f14 (0x952df593) x11 0x00000000
core   0: 0x80000f18 (0x00b0b8b3) sltu    a7, ra, a1
core   0: 3 0x80000f18 (0x00b0b8b3) x17 0x00000000
core   0: 0x80000f1c (0xd86aaab7) lui     s5, 0xd86aa
core   0: 3 0x80000f1c (0xd86aaab7) x21 0xd86aa000
core   0: 0x80000f20 (0x00e83333) sltu    t1, a6, a4
core   0: 3 0x80000f20 (0x00e83333) x 6 0x00000000
core   0: 0x80000f24 (0xce47fe13) andi    t3, a5, -796
core   0: 3 0x80000f24 (0xce47fe13) x28 0xfffff8e0
core   0: 0x80000f28 (0x00dfccb3) xor     s9, t6, a3
core   0: 3 0x80000f28 (0x00dfccb3) x25 0x00000000
core   0: 0x80000f2c (0x413581b3) sub     gp, a1, s3
core   0: 3 0x80000f2c (0x413581b3) x 3 0x00e00000
core   0: 0x80000f30 (0x99236e93) ori     t4, t1, -1646
core   0: 3 0x80000f30 (0x99236e93) x29 0xfffff992
core   0: 0x80000f34 (0x007737b3) sltu    a5, a4, t2
core   0: 3 0x80000f34 (0x007737b3) x15 0x00000000
core   0: 0x80000f38 (0xbf9ab293) sltiu   t0, s5, -1031
core   0: 3 0x80000f38 (0xbf9ab293) x 5 0x00000001
core   0: 0x80000f3c (0xacd8b993) sltiu   s3, a7, -1331
core   0: 3 0x80000f3c (0xacd8b993) x19 0x00000001
core   0: 0x80000f40 (0x2c47ba37) lui     s4, 0x2c47b
core   0: 3 0x80000f40 (0x2c47ba37) x20 0x2c47b000
core   0: 0x80000f44 (0x41058fb3) sub     t6, a1, a6
core   0: 3 0x80000f44 (0x41058fb3) x31 0x7ffe731c
core   0: 0x80000f48 (0x03302033) mulhsu  zero, zero, s3
core   0: 3 0x80000f48 (0x03302033)
core   0: 0x80000f4c (0x01153433) sltu    s0, a0, a7
core   0: 3 0x80000f4c (0x01153433) x 8 0x00000000
core   0: 0x80000f50 (0x03183a33) mulhu   s4, a6, a7
core   0: 3 0x80000f50 (0x03183a33) x20 0x00000000
core   0: 0x80000f54 (0x036b9ab3) mulh    s5, s7, s6
core   0: 3 0x80000f54 (0x036b9ab3) x21 0xdffff163
core   0: 0x80000f58 (0x000aae33) slt     t3, s5, zero
core   0: 3 0x80000f58 (0x000aae33) x28 0x00000001
core   0: 0x80000f5c (0x016015b3) sll     a1, zero, s6
core   0: 3 0x80000f5c (0x016015b3) x11 0x00000000
core   0: 0x80000f60 (0x02a8cd33) div     s10, a7, a0
core   0: 3 0x80000f60 (0x02a8cd33) x26 0x00000000
core   0: 0x80000f64 (0x0055d133) srl     sp, a1, t0
core   0: 3 0x80000f64 (0x0055d133) x 2 0x00000000
core   0: 0x80000f68 (0x009a9a33) sll     s4, s5, s1
core   0: 3 0x80000f68 (0x009a9a33) x20 0xdffff163
core   0: 0x80000f6c (0x412a5413) srai    s0, s4, 18
core   0: 3 0x80000f6c (0x412a5413) x 8 0xfffff7ff
core   0: 0x80000f70 (0x03c077b3) remu    a5, zero, t3
core   0: 3 0x80000f70 (0x03c077b3) x15 0x00000000
core   0: 0x80000f74 (0x413482b3) sub     t0, s1, s3
core   0: 3 0x80000f74 (0x413482b3) x 5 0xffffffff
core   0: 0x80000f78 (0x99738a13) addi    s4, t2, -1641
core   0: 3 0x80000f78 (0x99738a13) x20 0xfffff998
core   0: 0x80000f7c (0x407388b3) sub     a7, t2, t2
core   0: 3 0x80000f7c (0x407388b3) x17 0x00000000
core   0: 0x80000f80 (0x00000013) nop
core   0: 3 0x80000f80 (0x00000013)
core   0: 0x80000f84 (0x298a7897) auipc   a7, 0x298a7
core   0: 3 0x80000f84 (0x298a7897) x17 0xa98a7f84
core   0: 0x80000f88 (0x03fe8633) mul     a2, t4, t6
core   0: 3 0x80000f88 (0x03fe8633) x12 0x09f7e1f8
core   0: 0x80000f8c (0x02e11a33) mulh    s4, sp, a4
core   0: 3 0x80000f8c (0x02e11a33) x20 0x00000000
core   0: 0x80000f90 (0xb85af293) andi    t0, s5, -1147
core   0: 3 0x80000f90 (0xb85af293) x 5 0xdffff101
core   0: 0x80000f94 (0x00000013) nop
core   0: 3 0x80000f94 (0x00000013)
core   0: 0x80000f98 (0x00171b93) slli    s7, a4, 1
core   0: 3 0x80000f98 (0x00171b93) x23 0x00000000
core   0: 0x80000f9c (0x5623ac93) slti    s9, t2, 1378
core   0: 3 0x80000f9c (0x5623ac93) x25 0x00000001
core   0: 0x80000fa0 (0xd513bf93) sltiu   t6, t2, -687
core   0: 3 0x80000fa0 (0xd513bf93) x31 0x00000001
core   0: 0x80000fa4 (0x00fc4133) xor     sp, s8, a5
core   0: 3 0x80000fa4 (0x00fc4133) x 2 0x800188dc
core   0: 0x80000fa8 (0x01cba0b3) slt     ra, s7, t3
core   0: 3 0x80000fa8 (0x01cba0b3) x 1 0x00000001
core   0: 0x80000fac (0x032a0e33) mul     t3, s4, s2
core   0: 3 0x80000fac (0x032a0e33) x28 0x00000000
core   0: 0x80000fb0 (0x01b61a93) slli    s5, a2, 27
core   0: 3 0x80000fb0 (0x01b61a93) x21 0xc0000000
core   0: 0x80000fb4 (0x017c4f33) xor     t5, s8, s7
core   0: 3 0x80000fb4 (0x017c4f33) x30 0x800188dc
core   0: 0x80000fb8 (0x41fd5193) srai    gp, s10, 31
core   0: 3 0x80000fb8 (0x41fd5193) x 3 0x00000000
core   0: 0x80000fbc (0x0173bd33) sltu    s10, t2, s7
core   0: 3 0x80000fbc (0x0173bd33) x26 0x00000000
core   0: 0x80000fc0 (0x01969933) sll     s2, a3, s9
core   0: 3 0x80000fc0 (0x01969933) x18 0x00000000
core   0: 0x80000fc4 (0x007af4b3) and     s1, s5, t2
core   0: 3 0x80000fc4 (0x007af4b3) x 9 0x00000000
core   0: 0x80000fc8 (0x02202033) mulhsu  zero, zero, sp
core   0: 3 0x80000fc8 (0x02202033)
core   0: 0x80000fcc (0x41265a13) srai    s4, a2, 18
core   0: 3 0x80000fcc (0x41265a13) x20 0x0000027d
core   0: 0x80000fd0 (0x6d320e93) addi    t4, tp, 1747
core   0: 3 0x80000fd0 (0x6d320e93) x29 0x00e00ad6
core   0: 0x80000fd4 (0x00119393) slli    t2, gp, 1
core   0: 3 0x80000fd4 (0x00119393) x 7 0x00000000
core   0: 0x80000fd8 (0x014934b3) sltu    s1, s2, s4
core   0: 3 0x80000fd8 (0x014934b3) x 9 0x00000001
core   0: 0x80000fdc (0xdd3cc793) xori    a5, s9, -557
core   0: 3 0x80000fdc (0xdd3cc793) x15 0xfffffdd2
core   0: 0x80000fe0 (0x0217aa33) mulhsu  s4, a5, ra
core   0: 3 0x80000fe0 (0x0217aa33) x20 0xffffffff
core   0: 0x80000fe4 (0xfeb40893) addi    a7, s0, -21
core   0: 3 0x80000fe4 (0xfeb40893) x17 0xfffff7ea
core   0: 0x80000fe8 (0x00959293) slli    t0, a1, 9
core   0: 3 0x80000fe8 (0x00959293) x 5 0x00000000
core   0: 0x80000fec (0x02011333) mulh    t1, sp, zero
core   0: 3 0x80000fec (0x02011333) x 6 0x00000000
core   0: 0x80000ff0 (0x41c25193) srai    gp, tp, 28
core   0: 3 0x80000ff0 (0x41c25193) x 3 0x00000000
core   0: 0x80000ff4 (0x03b2b033) mulhu   zero, t0, s11
core   0: 3 0x80000ff4 (0x03b2b033)
core   0: 0x80000ff8 (0x41bc5493) srai    s1, s8, 27
core   0: 3 0x80000ff8 (0x41bc5493) x 9 0xfffffff0
core   0: 0x80000ffc (0x01c1acb3) slt     s9, gp, t3
core   0: 3 0x80000ffc (0x01c1acb3) x25 0x00000000
core   0: 0x80001000 (0x039c3d33) mulhu   s10, s8, s9
core   0: 3 0x80001000 (0x039c3d33) x26 0x00000000
core   0: 0x80001004 (0x01e0dc93) srli    s9, ra, 30
core   0: 3 0x80001004 (0x01e0dc93) x25 0x00000000
core   0: 0x80001008 (0x011a8433) add     s0, s5, a7
core   0: 3 0x80001008 (0x011a8433) x 8 0xbffff7ea
core   0: 0x8000100c (0x039c6ab3) rem     s5, s8, s9
core   0: 3 0x8000100c (0x039c6ab3) x21 0x800188dc
core   0: 0x80001010 (0x30c33c13) sltiu   s8, t1, 780
core   0: 3 0x80001010 (0x30c33c13) x24 0x00000001
core   0: 0x80001014 (0x0175deb3) srl     t4, a1, s7
core   0: 3 0x80001014 (0x0175deb3) x29 0x00000000
core   0: 0x80001018 (0x02947933) remu    s2, s0, s1
core   0: 3 0x80001018 (0x02947933) x18 0xbffff7ea
core   0: 0x8000101c (0x01171613) slli    a2, a4, 17
core   0: 3 0x8000101c (0x01171613) x12 0x00000000
core   0: 0x80001020 (0x12632593) slti    a1, t1, 294
core   0: 3 0x80001020 (0x12632593) x11 0x00000001
core   0: 0x80001024 (0x00000013) nop
core   0: 3 0x80001024 (0x00000013)
core   0: 0x80001028 (0x026e1033) mulh    zero, t3, t1
core   0: 3 0x80001028 (0x026e1033)
core   0: 0x8000102c (0xb92d6093) ori     ra, s10, -1134
core   0: 3 0x8000102c (0xb92d6093) x 1 0xfffffb92
core   0: 0x80001030 (0xb67a7393) andi    t2, s4, -1177
core   0: 3 0x80001030 (0xb67a7393) x 7 0xfffffb67
core   0: 0x80001034 (0x88767e17) auipc   t3, 0x88767
core   0: 3 0x80001034 (0x88767e17) x28 0x08768034
core   0: 0x80001038 (0x02095a33) divu    s4, s2, zero
core   0: 3 0x80001038 (0x02095a33) x20 0xffffffff
core   0: 0x8000103c (0x3e92fa93) andi    s5, t0, 1001
core   0: 3 0x8000103c (0x3e92fa93) x21 0x00000000
core   0: 0x80001040 (0x4260d637) lui     a2, 0x4260d
core   0: 3 0x80001040 (0x4260d637) x12 0x4260d000
core   0: 0x80001044 (0x7f79f113) andi    sp, s3, 2039
core   0: 3 0x80001044 (0x7f79f113) x 2 0x00000001
core   0: 0x80001048 (0x06b5f113) andi    sp, a1, 107
core   0: 3 0x80001048 (0x06b5f113) x 2 0x00000001
core   0: 0x8000104c (0x0176b9b3) sltu    s3, a3, s7
core   0: 3 0x8000104c (0x0176b9b3) x19 0x00000000
core   0: 0x80001050 (0x009d4333) xor     t1, s10, s1
core   0: 3 0x80001050 (0x009d4333) x 6 0xfffffff0
core   0: 0x80001054 (0x03a576b3) remu    a3, a0, s10
core   0: 3 0x80001054 (0x03a576b3) x13 0x80000000
core   0: 0x80001058 (0x01c0c233) xor     tp, ra, t3
core   0: 3 0x80001058 (0x01c0c233) x 4 0xf7897ba6
core   0: 0x8000105c (0x019fcab3) xor     s5, t6, s9
core   0: 3 0x8000105c (0x019fcab3) x21 0x00000001
core   0: 0x80001060 (0x039a6c33) rem     s8, s4, s9
core   0: 3 0x80001060 (0x039a6c33) x24 0xffffffff
core   0: 0x80001064 (0x0120e633) or      a2, ra, s2
core   0: 3 0x80001064 (0x0120e633) x12 0xfffffffa
core   0: 0x80001068 (0x480f7113) andi    sp, t5, 1152
core   0: 3 0x80001068 (0x480f7113) x 2 0x00000080
core   0: 0x8000106c (0x033131b3) mulhu   gp, sp, s3
core   0: 3 0x8000106c (0x033131b3) x 3 0x00000000
core   0: 0x80001070 (0x01ab5b93) srli    s7, s6, 26
core   0: 3 0x80001070 (0x01ab5b93) x23 0x00000020
core   0: 0x80001074 (0x032b83b3) mul     t2, s7, s2
core   0: 3 0x80001074 (0x032b83b3) x 7 0xfffefd40
core   0: 0x80001078 (0x00000013) nop
core   0: 3 0x80001078 (0x00000013)
core   0: 0x8000107c (0x036ff633) remu    a2, t6, s6
core   0: 3 0x8000107c (0x036ff633) x12 0x00000001
core   0: 0x80001080 (0x0107b733) sltu    a4, a5, a6
core   0: 3 0x80001080 (0x0107b733) x14 0x00000000
core   0: 0x80001084 (0x03ba4033) div     zero, s4, s11
core   0: 3 0x80001084 (0x03ba4033)
core   0: 0x80001088 (0x114dea17) auipc   s4, 0x114de
core   0: 3 0x80001088 (0x114dea17) x20 0x914df088
core   0: 0x8000108c (0x00000013) nop
core   0: 3 0x8000108c (0x00000013)
core   0: 0x80001090 (0x01197eb3) and     t4, s2, a7
core   0: 3 0x80001090 (0x01197eb3) x29 0xbffff7ea
core   0: 0x80001094 (0x40f2d933) sra     s2, t0, a5
core   0: 3 0x80001094 (0x40f2d933) x18 0x00000000
core   0: 0x80001098 (0x045d8893) addi    a7, s11, 69
core   0: 3 0x80001098 (0x045d8893) x17 0x00000046
core   0: 0x8000109c (0x01fe7d33) and     s10, t3, t6
core   0: 3 0x8000109c (0x01fe7d33) x26 0x00000000
core   0: 0x800010a0 (0x56854893) xori    a7, a0, 1384
core   0: 3 0x800010a0 (0x56854893) x17 0x80000568
core   0: 0x800010a4 (0x01db2eb3) slt     t4, s6, t4
core   0: 3 0x800010a4 (0x01db2eb3) x29 0x00000001
core   0: 0x800010a8 (0xcfab2113) slti    sp, s6, -774
core   0: 3 0x800010a8 (0xcfab2113) x 2 0x00000001
core   0: 0x800010ac (0x0170d1b3) srl     gp, ra, s7
core   0: 3 0x800010ac (0x0170d1b3) x 3 0xfffffb92
core   0: 0x800010b0 (0x03f074b3) remu    s1, zero, t6
core   0: 3 0x800010b0 (0x03f074b3) x 9 0x00000000
core   0: 0x800010b4 (0x03b5e333) rem     t1, a1, s11
core   0: 3 0x800010b4 (0x03b5e333) x 6 0x00000000
core   0: 0x800010b8 (0x5ce2ab93) slti    s7, t0, 1486
core   0: 3 0x800010b8 (0x5ce2ab93) x23 0x00000001
core   0: 0x800010bc (0x37f22e93) slti    t4, tp, 895
core   0: 3 0x800010bc (0x37f22e93) x29 0x00000001
core   0: 0x800010c0 (0x000506b3) add     a3, a0, zero
core   0: 3 0x800010c0 (0x000506b3) x13 0x80000000
core   0: 0x800010c4 (0x697c2413) slti    s0, s8, 1687
core   0: 3 0x800010c4 (0x697c2413) x 8 0x00000001
core   0: 0x800010c8 (0x0301df33) divu    t5, gp, a6
core   0: 3 0x800010c8 (0x0301df33) x30 0x00000001
core   0: 0x800010cc (0x017eec33) or      s8, t4, s7
core   0: 3 0x800010cc (0x017eec33) x24 0x00000001
core   0: 0x800010d0 (0x5594ca13) xori    s4, s1, 1369
core   0: 3 0x800010d0 (0x5594ca13) x20 0x00000559
core   0: 0x800010d4 (0x00c284b3) add     s1, t0, a2
core   0: 3 0x800010d4 (0x00c284b3) x 9 0x00000001
core   0: 0x800010d8 (0x40cfd913) srai    s2, t6, 12
core   0: 3 0x800010d8 (0x40cfd913) x18 0x00000000
core   0: 0x800010dc (0x41325eb3) sra     t4, tp, s3
core   0: 3 0x800010dc (0x41325eb3) x29 0xf7897ba6
core   0: 0x800010e0 (0x768d3713) sltiu   a4, s10, 1896
core   0: 3 0x800010e0 (0x768d3713) x14 0x00000001
core   0: 0x800010e4 (0x011ee5b3) or      a1, t4, a7
core   0: 3 0x800010e4 (0x011ee5b3) x11 0xf7897fee
core   0: 0x800010e8 (0x403a08b3) sub     a7, s4, gp
core   0: 3 0x800010e8 (0x403a08b3) x17 0x000009c7
core   0: 0x800010ec (0x013e8f33) add     t5, t4, s3
core   0: 3 0x800010ec (0x013e8f33) x30 0xf7897ba6
core   0: 0x800010f0 (0x028a2eb3) mulhsu  t4, s4, s0
core   0: 3 0x800010f0 (0x028a2eb3) x29 0x00000000
core   0: 0x800010f4 (0x03ab5ab3) divu    s5, s6, s10
core   0: 3 0x800010f4 (0x03ab5ab3) x21 0xffffffff
core   0: 0x800010f8 (0x4042d7b3) sra     a5, t0, tp
core   0: 3 0x800010f8 (0x4042d7b3) x15 0x00000000
core   0: 0x800010fc (0x01153133) sltu    sp, a0, a7
core   0: 3 0x800010fc (0x01153133) x 2 0x00000000
core   0: 0x80001100 (0x01952eb3) slt     t4, a0, s9
core   0: 3 0x80001100 (0x01952eb3) x29 0x00000001
core   0: 0x80001104 (0x02a3b5b3) mulhu   a1, t2, a0
core   0: 3 0x80001104 (0x02a3b5b3) x11 0x7fff7ea0
core   0: 0x80001108 (0xcd41c937) lui     s2, 0xcd41c
core   0: 3 0x80001108 (0xcd41c937) x18 0xcd41c000
core   0: 0x8000110c (0x16ed8f13) addi    t5, s11, 366
core   0: 3 0x8000110c (0x16ed8f13) x30 0x0000016f
core   0: 0x80001110 (0x0155e333) or      t1, a1, s5
core   0: 3 0x80001110 (0x0155e333) x 6 0xffffffff
core   0: 0x80001114 (0x00a3b5b3) sltu    a1, t2, a0
core   0: 3 0x80001114 (0x00a3b5b3) x11 0x00000000
core   0: 0x80001118 (0x00000013) nop
core   0: 3 0x80001118 (0x00000013)
core   0: 0x8000111c (0xf2ee37b7) lui     a5, 0xf2ee3
core   0: 3 0x8000111c (0xf2ee37b7) x15 0xf2ee3000
core   0: 0x80001120 (0x208f2893) slti    a7, t5, 520
core   0: 3 0x80001120 (0x208f2893) x17 0x00000001
core   0: 0x80001124 (0xb3a64f93) xori    t6, a2, -1222
core   0: 3 0x80001124 (0xb3a64f93) x31 0xfffffb3b
core   0: 0x80001128 (0xfff68013) addi    zero, a3, -1
core   0: 3 0x80001128 (0xfff68013)
core   0: 0x8000112c (0x039d84b3) mul     s1, s11, s9
core   0: 3 0x8000112c (0x039d84b3) x 9 0x00000000
core   0: 0x80001130 (0x00000013) nop
core   0: 3 0x80001130 (0x00000013)
core   0: 0x80001134 (0x002d1093) slli    ra, s10, 2
core   0: 3 0x80001134 (0x002d1093) x 1 0x00000000
core   0: 0x80001138 (0x407f5093) srai    ra, t5, 7
core   0: 3 0x80001138 (0x407f5093) x 1 0x00000002
core   0: 0x8000113c (0x0092d8b3) srl     a7, t0, s1
core   0: 3 0x8000113c (0x0092d8b3) x17 0x00000000
core   0: 0x80001140 (0x030c4f33) div     t5, s8, a6
core   0: 3 0x80001140 (0x030c4f33) x30 0x00000000
core   0: 0x80001144 (0x0332bab3) mulhu   s5, t0, s3
core   0: 3 0x80001144 (0x0332bab3) x21 0x00000000
core   0: 0x80001148 (0x401bd3b3) sra     t2, s7, ra
core   0: 3 0x80001148 (0x401bd3b3) x 7 0x00000000
core   0: 0x8000114c (0x01a81db3) sll     s11, a6, s10
core   0: 3 0x8000114c (0x01a81db3) x27 0x80018ce4
core   0: 0x80001150 (0x41de07b3) sub     a5, t3, t4
core   0: 3 0x80001150 (0x41de07b3) x15 0x08768033
core   0: 0x80001154 (0x031bddb3) divu    s11, s7, a7
core   0: 3 0x80001154 (0x031bddb3) x27 0xffffffff
core   0: 0x80001158 (0x02f073b3) remu    t2, zero, a5
core   0: 3 0x80001158 (0x02f073b3) x 7 0x00000000
core   0: 0x8000115c (0xbacf8a37) lui     s4, 0xbacf8
core   0: 3 0x8000115c (0xbacf8a37) x20 0xbacf8000
core   0: 0x80001160 (0x008357b3) srl     a5, t1, s0
core   0: 3 0x80001160 (0x008357b3) x15 0x7fffffff
core   0: 0x80001164 (0x41275f93) srai    t6, a4, 18
core   0: 3 0x80001164 (0x41275f93) x31 0x00000000
core   0: 0x80001168 (0x00000013) nop
core   0: 3 0x80001168 (0x00000013)
core   0: 0x8000116c (0x007c4e33) xor     t3, s8, t2
core   0: 3 0x8000116c (0x007c4e33) x28 0x00000001
core   0: 0x80001170 (0x033596b3) mulh    a3, a1, s3
core   0: 3 0x80001170 (0x033596b3) x13 0x00000000
core   0: 0x80001174 (0x00000013) nop
core   0: 3 0x80001174 (0x00000013)
core   0: 0x80001178 (0x41c05fb3) sra     t6, zero, t3
core   0: 3 0x80001178 (0x41c05fb3) x31 0x00000000
core   0: 0x8000117c (0x02e8c333) div     t1, a7, a4
core   0: 3 0x8000117c (0x02e8c333) x 6 0x00000000
core   0: 0x80001180 (0x00821093) slli    ra, tp, 8
core   0: 3 0x80001180 (0x00821093) x 1 0x897ba600
core   0: 0x80001184 (0x0011b633) sltu    a2, gp, ra
core   0: 3 0x80001184 (0x0011b633) x12 0x00000000
core   0: 0x80001188 (0x009c52b3) srl     t0, s8, s1
core   0: 3 0x80001188 (0x009c52b3) x 5 0x00000001
core   0: 0x8000118c (0xe84e0713) addi    a4, t3, -380
core   0: 3 0x8000118c (0xe84e0713) x14 0xfffffe85
core   0: 0x80001190 (0x03d97133) remu    sp, s2, t4
core   0: 3 0x80001190 (0x03d97133) x 2 0x00000000
core   0: 0x80001194 (0x03795ab3) divu    s5, s2, s7
core   0: 3 0x80001194 (0x03795ab3) x21 0xcd41c000
core   0: 0x80001198 (0x02c5e633) rem     a2, a1, a2
core   0: 3 0x80001198 (0x02c5e633) x12 0x00000000
core   0: 0x8000119c (0x03064fb3) div     t6, a2, a6
core   0: 3 0x8000119c (0x03064fb3) x31 0x00000000
core   0: 0x800011a0 (0x00dc26b3) slt     a3, s8, a3
core   0: 3 0x800011a0 (0x00dc26b3) x13 0x00000000
core   0: 0x800011a4 (0x026b1233) mulh    tp, s6, t1
core   0: 3 0x800011a4 (0x026b1233) x 4 0x00000000
core   0: 0x800011a8 (0x0086d4b3) srl     s1, a3, s0
core   0: 3 0x800011a8 (0x0086d4b3) x 9 0x00000000
core   0: 0x800011ac (0x007690b3) sll     ra, a3, t2
core   0: 3 0x800011ac (0x007690b3) x 1 0x00000000
core   0: 0x800011b0 (0x01da4033) xor     zero, s4, t4
core   0: 3 0x800011b0 (0x01da4033)
core   0: 0x800011b4 (0xfe18e793) ori     a5, a7, -31
core   0: 3 0x800011b4 (0xfe18e793) x15 0xffffffe1
core   0: 0x800011b8 (0x0155a1b3) slt     gp, a1, s5
core   0: 3 0x800011b8 (0x0155a1b3) x 3 0x00000000
core   0: 0x800011bc (0x03493233) mulhu   tp, s2, s4
core   0: 3 0x800011bc (0x03493233) x 4 0x95c8244b
core   0: 0x800011c0 (0x01a00f33) add     t5, zero, s10
core   0: 3 0x800011c0 (0x01a00f33) x30 0x00000000
core   0: 0x800011c4 (0x00d7a5b3) slt     a1, a5, a3
core   0: 3 0x800011c4 (0x00d7a5b3) x11 0x00000001
core   0: 0x800011c8 (0x03f4f733) remu    a4, s1, t6
core   0: 3 0x800011c8 (0x03f4f733) x14 0x00000000
core   0: 0x800011cc (0x06876613) ori     a2, a4, 104
core   0: 3 0x800011cc (0x06876613) x12 0x00000068
core   0: 0x800011d0 (0x028bfe33) remu    t3, s7, s0
core   0: 3 0x800011d0 (0x028bfe33) x28 0x00000000
core   0: 0x800011d4 (0x023b05b3) mul     a1, s6, gp
core   0: 3 0x800011d4 (0x023b05b3) x11 0x00000000
core   0: 0x800011d8 (0x028f33b3) mulhu   t2, t5, s0
core   0: 3 0x800011d8 (0x028f33b3) x 7 0x00000000
core   0: 0x800011dc (0xdf3db093) sltiu   ra, s11, -525
core   0: 3 0x800011dc (0xdf3db093) x 1 0x00000000
core   0: 0x800011e0 (0x01e666b3) or      a3, a2, t5
core   0: 3 0x800011e0 (0x01e666b3) x13 0x00000068
core   0: 0x800011e4 (0x00eb1c33) sll     s8, s6, a4
core   0: 3 0x800011e4 (0x00eb1c33) x24 0x80014e64
core   0: 0x800011e8 (0x002044b3) xor     s1, zero, sp
core   0: 3 0x800011e8 (0x002044b3) x 9 0x00000000
core   0: 0x800011ec (0xef7ccc93) xori    s9, s9, -265
core   0: 3 0x800011ec (0xef7ccc93) x25 0xfffffef7
core   0: 0x800011f0 (0x01b4aa33) slt     s4, s1, s11
core   0: 3 0x800011f0 (0x01b4aa33) x20 0x00000000
core   0: 0x800011f4 (0x00e28db3) add     s11, t0, a4
core   0: 3 0x800011f4 (0x00e28db3) x27 0x00000001
core   0: 0x800011f8 (0x4790fd13) andi    s10, ra, 1145
core   0: 3 0x800011f8 (0x4790fd13) x26 0x00000000
core   0: 0x800011fc (0x01189c93) slli    s9, a7, 17
core   0: 3 0x800011fc (0x01189c93) x25 0x00000000
core   0: 0x80001200 (0x00f1aab3) slt     s5, gp, a5
core   0: 3 0x80001200 (0x00f1aab3) x21 0x00000000
core   0: 0x80001204 (0x4019d1b3) sra     gp, s3, ra
core   0: 3 0x80001204 (0x4019d1b3) x 3 0x00000000
core   0: 0x80001208 (0x2da23a93) sltiu   s5, tp, 730
core   0: 3 0x80001208 (0x2da23a93) x21 0x00000000
core   0: 0x8000120c (0x03e0f2b3) remu    t0, ra, t5
core   0: 3 0x8000120c (0x03e0f2b3) x 5 0x00000000
core   0: 0x80001210 (0xdff56e13) ori     t3, a0, -513
core   0: 3 0x80001210 (0xdff56e13) x28 0xfffffdff
core   0: 0x80001214 (0x028289b3) mul     s3, t0, s0
core   0: 3 0x80001214 (0x028289b3) x19 0x00000000
core   0: 0x80001218 (0x827e2d13) slti    s10, t3, -2009
core   0: 3 0x80001218 (0x827e2d13) x26 0x00000000
core   0: 0x8000121c (0x538d2d13) slti    s10, s10, 1336
core   0: 3 0x8000121c (0x538d2d13) x26 0x00000001
core   0: 0x80001220 (0x407bdc13) srai    s8, s7, 7
core   0: 3 0x80001220 (0x407bdc13) x24 0x00000000
core   0: 0x80001224 (0xb94a3e13) sltiu   t3, s4, -1132
core   0: 3 0x80001224 (0xb94a3e13) x28 0x00000001
core   0: 0x80001228 (0x41de81b3) sub     gp, t4, t4
core   0: 3 0x80001228 (0x41de81b3) x 3 0x00000000
core   0: 0x8000122c (0xa90d4913) xori    s2, s10, -1392
core   0: 3 0x8000122c (0xa90d4913) x18 0xfffffa91
core   0: 0x80001230 (0x029ae933) rem     s2, s5, s1
core   0: 3 0x80001230 (0x029ae933) x18 0x00000000
core   0: 0x80001234 (0x0065f633) and     a2, a1, t1
core   0: 3 0x80001234 (0x0065f633) x12 0x00000000
core   0: 0x80001238 (0x00882eb3) slt     t4, a6, s0
core   0: 3 0x80001238 (0x00882eb3) x29 0x00000001
core   0: 0x8000123c (0x1613bc13) sltiu   s8, t2, 353
core   0: 3 0x8000123c (0x1613bc13) x24 0x00000001
core   0: 0x80001240 (0x00000013) nop
core   0: 3 0x80001240 (0x00000013)
core   0: 0x80001244 (0xe6d7ae13) slti    t3, a5, -403
core   0: 3 0x80001244 (0xe6d7ae13) x28 0x00000000
core   0: 0x80001248 (0x40b8d913) srai    s2, a7, 11
core   0: 3 0x80001248 (0x40b8d913) x18 0x00000000
core   0: 0x8000124c (0x4f922d13) slti    s10, tp, 1273
core   0: 3 0x8000124c (0x4f922d13) x26 0x00000001
core   0: 0x80001250 (0x00dba5b3) slt     a1, s7, a3
core   0: 3 0x80001250 (0x00dba5b3) x11 0x00000001
core   0: 0x80001254 (0x418f8c33) sub     s8, t6, s8
core   0: 3 0x80001254 (0x418f8c33) x24 0xffffffff
core   0: 0x80001258 (0x57e42013) slti    zero, s0, 1406
core   0: 3 0x80001258 (0x57e42013)
core   0: 0x8000125c (0x371ca393) slti    t2, s9, 881
core   0: 3 0x8000125c (0x371ca393) x 7 0x00000001
core   0: 0x80001260 (0x41068f33) sub     t5, a3, a6
core   0: 3 0x80001260 (0x41068f33) x30 0x7ffe7384
core   0: 0x80001264 (0x407c5f33) sra     t5, s8, t2
core   0: 3 0x80001264 (0x407c5f33) x30 0xffffffff
core   0: 0x80001268 (0x01dbe733) or      a4, s7, t4
core   0: 3 0x80001268 (0x01dbe733) x14 0x00000001
core   0: 0x8000126c (0x036de633) rem     a2, s11, s6
core   0: 3 0x8000126c (0x036de633) x12 0x00000001
core   0: 0x80001270 (0x40bfd713) srai    a4, t6, 11
core   0: 3 0x80001270 (0x40bfd713) x14 0x00000000
core   0: 0x80001274 (0x005feeb3) or      t4, t6, t0
core   0: 3 0x80001274 (0x005feeb3) x29 0x00000000
core   0: 0x80001278 (0x0142a633) slt     a2, t0, s4
core   0: 3 0x80001278 (0x0142a633) x12 0x00000000
core   0: 0x8000127c (0x5dfab9b7) lui     s3, 0x5dfab
core   0: 3 0x8000127c (0x5dfab9b7) x19 0x5dfab000
core   0: 0x80001280 (0x4c2d2793) slti    a5, s10, 1218
core   0: 3 0x80001280 (0x4c2d2793) x15 0x00000001
core   0: 0x80001284 (0x02186bb3) rem     s7, a6, ra
core   0: 3 0x80001284 (0x02186bb3) x23 0x80018ce4
core   0: 0x80001288 (0x9bcdbdb7) lui     s11, 0x9bcdb
core   0: 3 0x80001288 (0x9bcdbdb7) x27 0x9bcdb000
core   0: 0x8000128c (0x40b2df13) srai    t5, t0, 11
core   0: 3 0x8000128c (0x40b2df13) x30 0x00000000
core   0: 0x80001290 (0x85f6b413) sltiu   s0, a3, -1953
core   0: 3 0x80001290 (0x85f6b413) x 8 0x00000001
core   0: 0x80001294 (0x0350ae33) mulhsu  t3, ra, s5
core   0: 3 0x80001294 (0x0350ae33) x28 0x00000000
core   0: 0x80001298 (0x4161df33) sra     t5, gp, s6
core   0: 3 0x80001298 (0x4161df33) x30 0x00000000
core   0: 0x8000129c (0x008df633) and     a2, s11, s0
core   0: 3 0x8000129c (0x008df633) x12 0x00000000
core   0: 0x800012a0 (0x7bb29f17) auipc   t5, 0x7bb29
core   0: 3 0x800012a0 (0x7bb29f17) x30 0xfbb2a2a0
core   0: 0x800012a4 (0x025a0c33) mul     s8, s4, t0
core   0: 3 0x800012a4 (0x025a0c33) x24 0x00000000
core   0: 0x800012a8 (0x4115d9b3) sra     s3, a1, a7
core   0: 3 0x800012a8 (0x4115d9b3) x19 0x00000001
core   0: 0x800012ac (0x03c11433) mulh    s0, sp, t3
core   0: 3 0x800012ac (0x03c11433) x 8 0x00000000
core   0: 0x800012b0 (0x0094e4b3) or      s1, s1, s1
core   0: 3 0x800012b0 (0x0094e4b3) x 9 0x00000000
core   0: 0x800012b4 (0x02aed433) divu    s0, t4, a0
core   0: 3 0x800012b4 (0x02aed433) x 8 0x00000000
core   0: 0x800012b8 (0xb926e317) auipc   t1, 0xb926e
core   0: 3 0x800012b8 (0xb926e317) x 6 0x3926f2b8
core   0: 0x800012bc (0x0251a0b3) mulhsu  ra, gp, t0
core   0: 3 0x800012bc (0x0251a0b3) x 1 0x00000000
core   0: 0x800012c0 (0xe0f77013) andi    zero, a4, -497
core   0: 3 0x800012c0 (0xe0f77013)
core   0: 0x800012c4 (0x00b45eb3) srl     t4, s0, a1
core   0: 3 0x800012c4 (0x00b45eb3) x29 0x00000000
core   0: 0x800012c8 (0x029e1333) mulh    t1, t3, s1
core   0: 3 0x800012c8 (0x029e1333) x 6 0x00000000
core   0: 0x800012cc (0x41eed133) sra     sp, t4, t5
core   0: 3 0x800012cc (0x41eed133) x 2 0x00000000
core   0: 0x800012d0 (0x40ad5bb3) sra     s7, s10, a0
core   0: 3 0x800012d0 (0x40ad5bb3) x23 0x00000001
core   0: 0x800012d4 (0x001e8ab3) add     s5, t4, ra
core   0: 3 0x800012d4 (0x001e8ab3) x21 0x00000000
core   0: 0x800012d8 (0x00359bb3) sll     s7, a1, gp
core   0: 3 0x800012d8 (0x00359bb3) x23 0x00000001
core   0: 0x800012dc (0x01cd0cb3) add     s9, s10, t3
core   0: 3 0x800012dc (0x01cd0cb3) x25 0x00000001
core   0: 0x800012e0 (0x00f6fdb3) and     s11, a3, a5
core   0: 3 0x800012e0 (0x00f6fdb3) x27 0x00000000
core   0: 0x800012e4 (0x5db70097) auipc   ra, 0x5db70
core   0: 3 0x800012e4 (0x5db70097) x 1 0xddb712e4
core   0: 0x800012e8 (0x416a0db3) sub     s11, s4, s6
core   0: 3 0x800012e8 (0x416a0db3) x27 0x7ffeb19c
core   0: 0x800012ec (0x40b95413) srai    s0, s2, 11
core   0: 3 0x800012ec (0x40b95413) x 8 0x00000000
core   0: 0x800012f0 (0x01009a13) slli    s4, ra, 16
core   0: 3 0x800012f0 (0x01009a13) x20 0x12e40000
core   0: 0x800012f4 (0x5d6034b7) lui     s1, 0x5d603
core   0: 3 0x800012f4 (0x5d6034b7) x 9 0x5d603000
core   0: 0x800012f8 (0x02462bb3) mulhsu  s7, a2, tp
core   0: 3 0x800012f8 (0x02462bb3) x23 0x00000000
core   0: 0x800012fc (0x4167db93) srai    s7, a5, 22
core   0: 3 0x800012fc (0x4167db93) x23 0x00000000
core   0: 0x80001300 (0x87fd7c37) lui     s8, 0x87fd7
core   0: 3 0x80001300 (0x87fd7c37) x24 0x87fd7000
core   0: 0x80001304 (0x015ade13) srli    t3, s5, 21
core   0: 3 0x80001304 (0x015ade13) x28 0x00000000
core   0: 0x80001308 (0x01c5ee33) or      t3, a1, t3
core   0: 3 0x80001308 (0x01c5ee33) x28 0x00000001
core   0: 0x8000130c (0x020f54b3) divu    s1, t5, zero
core   0: 3 0x8000130c (0x020f54b3) x 9 0xffffffff
core   0: 0x80001310 (0x00244933) xor     s2, s0, sp
core   0: 3 0x80001310 (0x00244933) x18 0x00000000
core   0: 0x80001314 (0x8ad00613) li      a2, -1875
core   0: 3 0x80001314 (0x8ad00613) x12 0xfffff8ad
core   0: 0x80001318 (0xdc506a93) ori     s5, zero, -571
core   0: 3 0x80001318 (0xdc506a93) x21 0xfffffdc5
core   0: 0x8000131c (0x01c9c633) xor     a2, s3, t3
core   0: 3 0x8000131c (0x01c9c633) x12 0x00000000
core   0: 0x80001320 (0x01c98e33) add     t3, s3, t3
core   0: 3 0x80001320 (0x01c98e33) x28 0x00000002
core   0: 0x80001324 (0x40b05a93) srai    s5, zero, 11
core   0: 3 0x80001324 (0x40b05a93) x21 0x00000000
core   0: 0x80001328 (0x02f60133) mul     sp, a2, a5
core   0: 3 0x80001328 (0x02f60133) x 2 0x00000000
core   0: 0x8000132c (0x024dc133) div     sp, s11, tp
core   0: 3 0x8000132c (0x024dc133) x 2 0xffffffff
core   0: 0x80001330 (0xee27ee97) auipc   t4, 0xee27e
core   0: 3 0x80001330 (0xee27ee97) x29 0x6e27f330
core   0: 0x80001334 (0x013b9cb3) sll     s9, s7, s3
core   0: 3 0x80001334 (0x013b9cb3) x25 0x00000000
core   0: 0x80001338 (0x02fa5933) divu    s2, s4, a5
core   0: 3 0x80001338 (0x02fa5933) x18 0x12e40000
core   0: 0x8000133c (0x036d2d33) mulhsu  s10, s10, s6
core   0: 3 0x8000133c (0x036d2d33) x26 0x00000000
core   0: 0x80001340 (0xe51ef913) andi    s2, t4, -431
core   0: 3 0x80001340 (0xe51ef913) x18 0x6e27f210
core   0: 0x80001344 (0x00a26333) or      t1, tp, a0
core   0: 3 0x80001344 (0x00a26333) x 6 0x95c8244b
core   0: 0x80001348 (0x022e60b3) rem     ra, t3, sp
core   0: 3 0x80001348 (0x022e60b3) x 1 0x00000000
core   0: 0x8000134c (0x03c254b3) divu    s1, tp, t3
core   0: 3 0x8000134c (0x03c254b3) x 9 0x4ae41225
core   0: 0x80001350 (0xf9eeaa93) slti    s5, t4, -98
core   0: 3 0x80001350 (0xf9eeaa93) x21 0x00000000
core   0: 0x80001354 (0x820e7393) andi    t2, t3, -2016
core   0: 3 0x80001354 (0x820e7393) x 7 0x00000000
core   0: 0x80001358 (0xf87e7113) andi    sp, t3, -121
core   0: 3 0x80001358 (0xf87e7113) x 2 0x00000002
core   0: 0x8000135c (0x011a9413) slli    s0, s5, 17
core   0: 3 0x8000135c (0x011a9413) x 8 0x00000000
core   0: 0x80001360 (0x013605b3) add     a1, a2, s3
core   0: 3 0x80001360 (0x013605b3) x11 0x00000001
core   0: 0x80001364 (0x0094d413) srli    s0, s1, 9
core   0: 3 0x80001364 (0x0094d413) x 8 0x00257209
core   0: 0x80001368 (0x03b131b3) mulhu   gp, sp, s11
core   0: 3 0x80001368 (0x03b131b3) x 3 0x00000000
core   0: 0x8000136c (0x02600133) mul     sp, zero, t1
core   0: 3 0x8000136c (0x02600133) x 2 0x00000000
core   0: 0x80001370 (0xea723313) sltiu   t1, tp, -345
core   0: 3 0x80001370 (0xea723313) x 6 0x00000001
core   0: 0x80001374 (0x00fb2a33) slt     s4, s6, a5
core   0: 3 0x80001374 (0x00fb2a33) x20 0x00000001
core   0: 0x80001378 (0x583eeb93) ori     s7, t4, 1411
core   0: 3 0x80001378 (0x583eeb93) x23 0x6e27f7b3
core   0: 0x8000137c (0x0243e933) rem     s2, t2, tp
core   0: 3 0x8000137c (0x0243e933) x18 0x00000000
core   0: 0x80001380 (0xaac6c413) xori    s0, a3, -1364
core   0: 3 0x80001380 (0xaac6c413) x 8 0xfffffac4
core   0: 0x80001384 (0x02131133) mulh    sp, t1, ra
core   0: 3 0x80001384 (0x02131133) x 2 0x00000000
core   0: 0x80001388 (0x5f6d0d13) addi    s10, s10, 1526
core   0: 3 0x80001388 (0x5f6d0d13) x26 0x000005f6
core   0: 0x8000138c (0x0316b0b3) mulhu   ra, a3, a7
core   0: 3 0x8000138c (0x0316b0b3) x 1 0x00000000
core   0: 0x80001390 (0x71230f93) addi    t6, t1, 1810
core   0: 3 0x80001390 (0x71230f93) x31 0x00000713
core   0: 0x80001394 (0x469a7e93) andi    t4, s4, 1129
core   0: 3 0x80001394 (0x469a7e93) x29 0x00000001
core   0: 0x80001398 (0x010f74b3) and     s1, t5, a6
core   0: 3 0x80001398 (0x010f74b3) x 9 0x800080a0
core   0: 0x8000139c (0x0245ac33) mulhsu  s8, a1, tp
core   0: 3 0x8000139c (0x0245ac33) x24 0x00000000
core   0: 0x800013a0 (0x0061ec33) or      s8, gp, t1
core   0: 3 0x800013a0 (0x0061ec33) x24 0x00000001
core   0: 0x800013a4 (0xd3bfe693) ori     a3, t6, -709
core   0: 3 0x800013a4 (0xd3bfe693) x13 0xffffff3b
core   0: 0x800013a8 (0x009ed433) srl     s0, t4, s1
core   0: 3 0x800013a8 (0x009ed433) x 8 0x00000001
core   0: 0x800013ac (0x014dd913) srli    s2, s11, 20
core   0: 3 0x800013ac (0x014dd913) x18 0x000007ff
core   0: 0x800013b0 (0x52f03a93) sltiu   s5, zero, 1327
core   0: 3 0x800013b0 (0x52f03a93) x21 0x00000001
core   0: 0x800013b4 (0x023135b3) mulhu   a1, sp, gp
core   0: 3 0x800013b4 (0x023135b3) x11 0x00000000
core   0: 0x800013b8 (0x031118b3) mulh    a7, sp, a7
core   0: 3 0x800013b8 (0x031118b3) x17 0x00000000
core   0: 0x800013bc (0x9a6fa137) lui     sp, 0x9a6fa
core   0: 3 0x800013bc (0x9a6fa137) x 2 0x9a6fa000
core   0: 0x800013c0 (0x00ceafb3) slt     t6, t4, a2
core   0: 3 0x800013c0 (0x00ceafb3) x31 0x00000000
core   0: 0x800013c4 (0xe7a70013) addi    zero, a4, -390
core   0: 3 0x800013c4 (0xe7a70013)
core   0: 0x800013c8 (0x020427b3) mulhsu  a5, s0, zero
core   0: 3 0x800013c8 (0x020427b3) x15 0x00000000
core   0: 0x800013cc (0x009205b3) add     a1, tp, s1
core   0: 3 0x800013cc (0x009205b3) x11 0x15c8a4eb
core   0: 0x800013d0 (0x01d85f93) srli    t6, a6, 29
core   0: 3 0x800013d0 (0x01d85f93) x31 0x00000004
core   0: 0x800013d4 (0x0212fe33) remu    t3, t0, ra
core   0: 3 0x800013d4 (0x0212fe33) x28 0x00000000
core   0: 0x800013d8 (0x03721fb3) mulh    t6, tp, s7
core   0: 3 0x800013d8 (0x03721fb3) x31 0xd24b6a4f
core   0: 0x800013dc (0x03809233) mulh    tp, ra, s8
core   0: 3 0x800013dc (0x03809233) x 4 0x00000000
core   0: 0x800013e0 (0x03361c33) mulh    s8, a2, s3
core   0: 3 0x800013e0 (0x03361c33) x24 0x00000000
core   0: 0x800013e4 (0x007f1313) slli    t1, t5, 7
core   0: 3 0x800013e4 (0x007f1313) x 6 0xd9515000
core   0: 0x800013e8 (0x013927b3) slt     a5, s2, s3
core   0: 3 0x800013e8 (0x013927b3) x15 0x00000000
core   0: 0x800013ec (0x320c2913) slti    s2, s8, 800
core   0: 3 0x800013ec (0x320c2913) x18 0x00000001
core   0: 0x800013f0 (0x0145da13) srli    s4, a1, 20
core   0: 3 0x800013f0 (0x0145da13) x20 0x0000015c
core   0: 0x800013f4 (0x03ea0733) mul     a4, s4, t5
core   0: 3 0x800013f4 (0x03ea0733) x14 0x26d51180
core   0: 0x800013f8 (0x00e37d13) andi    s10, t1, 14
core   0: 3 0x800013f8 (0x00e37d13) x26 0x00000000
core   0: 0x800013fc (0x01e79193) slli    gp, a5, 30
core   0: 3 0x800013fc (0x01e79193) x 3 0x00000000
core   0: 0x80001400 (0x01cb01b3) add     gp, s6, t3
core   0: 3 0x80001400 (0x01cb01b3) x 3 0x80014e64
core   0: 0x80001404 (0x00f922b3) slt     t0, s2, a5
core   0: 3 0x80001404 (0x00f922b3) x 5 0x00000000
core   0: 0x80001408 (0x01e85433) srl     s0, a6, t5
core   0: 3 0x80001408 (0x01e85433) x 8 0x80018ce4
core   0: 0x8000140c (0x034ae8b3) rem     a7, s5, s4
core   0: 3 0x8000140c (0x034ae8b3) x17 0x00000001
core   0: 0x80001410 (0x0065b033) sltu    zero, a1, t1
core   0: 3 0x80001410 (0x0065b033)
core   0: 0x80001414 (0x4c4f8a13) addi    s4, t6, 1220
core   0: 3 0x80001414 (0x4c4f8a13) x20 0xd24b6f13
core   0: 0x80001418 (0x415a5313) srai    t1, s4, 21
core   0: 3 0x80001418 (0x415a5313) x 6 0xfffffe92
core   0: 0x8000141c (0x022a1cb3) mulh    s9, s4, sp
core   0: 3 0x8000141c (0x022a1cb3) x25 0x122203e2
core   0: 0x80001420 (0x41935933) sra     s2, t1, s9
core   0: 3 0x80001420 (0x41935933) x18 0xffffffa4
core   0: 0x80001424 (0x009d2233) slt     tp, s10, s1
core   0: 3 0x80001424 (0x009d2233) x 4 0x00000000
core   0: 0x80001428 (0x019a1993) slli    s3, s4, 25
core   0: 3 0x80001428 (0x019a1993) x19 0x26000000
core   0: 0x8000142c (0x002a65b3) or      a1, s4, sp
core   0: 3 0x8000142c (0x002a65b3) x11 0xda6fef13
core   0: 0x80001430 (0x01d86d33) or      s10, a6, t4
core   0: 3 0x80001430 (0x01d86d33) x26 0x80018ce5
core   0: 0x80001434 (0x013fabb3) slt     s7, t6, s3
core   0: 3 0x80001434 (0x013fabb3) x23 0x00000001
core   0: 0x80001438 (0x01301a93) slli    s5, zero, 19
core   0: 3 0x80001438 (0x01301a93) x21 0x00000000
core   0: 0x8000143c (0x0148da33) srl     s4, a7, s4
core   0: 3 0x8000143c (0x0148da33) x20 0x00000000
core   0: 0x80001440 (0x79db0f93) addi    t6, s6, 1949
core   0: 3 0x80001440 (0x79db0f93) x31 0x80015601
core   0: 0x80001444 (0x4035d913) srai    s2, a1, 3
core   0: 3 0x80001444 (0x4035d913) x18 0xfb4dfde2
core   0: 0x80001448 (0x6fd6e893) ori     a7, a3, 1789
core   0: 3 0x80001448 (0x6fd6e893) x17 0xffffffff
core   0: 0x8000144c (0x019415b3) sll     a1, s0, s9
core   0: 3 0x8000144c (0x019415b3) x11 0x00063390
core   0: 0x80001450 (0xcfb18093) addi    ra, gp, -773
core   0: 3 0x80001450 (0xcfb18093) x 1 0x80014b5f
core   0: 0x80001454 (0x03880cb3) mul     s9, a6, s8
core   0: 3 0x80001454 (0x03880cb3) x25 0x00000000
core   0: 0x80001458 (0x00a357b3) srl     a5, t1, a0
core   0: 3 0x80001458 (0x00a357b3) x15 0xfffffe92
core   0: 0x8000145c (0x02fee5b3) rem     a1, t4, a5
core   0: 3 0x8000145c (0x02fee5b3) x11 0x00000001
core   0: 0x80001460 (0x019bf6b3) and     a3, s7, s9
core   0: 3 0x80001460 (0x019bf6b3) x13 0x00000000
core   0: 0x80001464 (0x00000013) nop
core   0: 3 0x80001464 (0x00000013)
core   0: 0x80001468 (0x560a6413) ori     s0, s4, 1376
core   0: 3 0x80001468 (0x560a6413) x 8 0x00000560
core   0: 0x8000146c (0x02c7a033) mulhsu  zero, a5, a2
core   0: 3 0x8000146c (0x02c7a033)
core   0: 0x80001470 (0x44644293) xori    t0, s0, 1094
core   0: 3 0x80001470 (0x44644293) x 5 0x00000126
core   0: 0x80001474 (0xa52cb413) sltiu   s0, s9, -1454
core   0: 3 0x80001474 (0xa52cb413) x 8 0x00000001
core   0: 0x80001478 (0xd24a0193) addi    gp, s4, -732
core   0: 3 0x80001478 (0xd24a0193) x 3 0xfffffd24
core   0: 0x8000147c (0x039b2a33) mulhsu  s4, s6, s9
core   0: 3 0x8000147c (0x039b2a33) x20 0x00000000
core   0: 0x80001480 (0x00000013) nop
core   0: 3 0x80001480 (0x00000013)
core   0: 0x80001484 (0x012e5793) srli    a5, t3, 18
core   0: 3 0x80001484 (0x012e5793) x15 0x00000000
core   0: 0x80001488 (0xdb56ab93) slti    s7, a3, -587
core   0: 3 0x80001488 (0xdb56ab93) x23 0x00000000
core   0: 0x8000148c (0x0034b733) sltu    a4, s1, gp
core   0: 3 0x8000148c (0x0034b733) x14 0x00000001
core   0: 0x80001490 (0x00421313) slli    t1, tp, 4
core   0: 3 0x80001490 (0x00421313) x 6 0x00000000
core   0: 0x80001494 (0x00d47233) and     tp, s0, a3
core   0: 3 0x80001494 (0x00d47233) x 4 0x00000000
core   0: 0x80001498 (0x0189dfb3) srl     t6, s3, s8
core   0: 3 0x80001498 (0x0189dfb3) x31 0x26000000
core   0: 0x8000149c (0x00bee9b3) or      s3, t4, a1
core   0: 3 0x8000149c (0x00bee9b3) x19 0x00000001
core   0: 0x800014a0 (0x031a6f33) rem     t5, s4, a7
core   0: 3 0x800014a0 (0x031a6f33) x30 0x00000000
core   0: 0x800014a4 (0x00581d13) slli    s10, a6, 5
core   0: 3 0x800014a4 (0x00581d13) x26 0x00319c80
core   0: 0x800014a8 (0x009aa6b3) slt     a3, s5, s1
core   0: 3 0x800014a8 (0x009aa6b3) x13 0x00000000
core   0: 0x800014ac (0x033b58b3) divu    a7, s6, s3
core   0: 3 0x800014ac (0x033b58b3) x17 0x80014e64
core   0: 0x800014b0 (0x003eba33) sltu    s4, t4, gp
core   0: 3 0x800014b0 (0x003eba33) x20 0x00000001
core   0: 0x800014b4 (0x02491fb3) mulh    t6, s2, tp
core   0: 3 0x800014b4 (0x02491fb3) x31 0x00000000
core   0: 0x800014b8 (0x40a2d493) srai    s1, t0, 10
core   0: 3 0x800014b8 (0x40a2d493) x 9 0x00000000
core   0: 0x800014bc (0x0134f933) and     s2, s1, s3
core   0: 3 0x800014bc (0x0134f933) x18 0x00000000
core   0: 0x800014c0 (0x004228b3) slt     a7, tp, tp
core   0: 3 0x800014c0 (0x004228b3) x17 0x00000000
core   0: 0x800014c4 (0x019ab333) sltu    t1, s5, s9
core   0: 3 0x800014c4 (0x019ab333) x 6 0x00000000
core   0: 0x800014c8 (0x00683933) sltu    s2, a6, t1
core   0: 3 0x800014c8 (0x00683933) x18 0x00000000
core   0: 0x800014cc (0x010b9593) slli    a1, s7, 16
core   0: 3 0x800014cc (0x010b9593) x11 0x00000000
core   0: 0x800014d0 (0xfdcef913) andi    s2, t4, -36
core   0: 3 0x800014d0 (0xfdcef913) x18 0x00000000
core   0: 0x800014d4 (0x00b92433) slt     s0, s2, a1
core   0: 3 0x800014d4 (0x00b92433) x 8 0x00000000
core   0: 0x800014d8 (0x01c665b3) or      a1, a2, t3
core   0: 3 0x800014d8 (0x01c665b3) x11 0x00000000
core   0: 0x800014dc (0x0052d233) srl     tp, t0, t0
core   0: 3 0x800014dc (0x0052d233) x 4 0x00000004
core   0: 0x800014e0 (0x01bb4033) xor     zero, s6, s11
core   0: 3 0x800014e0 (0x01bb4033)
core   0: 0x800014e4 (0x01869f93) slli    t6, a3, 24
core   0: 3 0x800014e4 (0x01869f93) x31 0x00000000
core   0: 0x800014e8 (0xe89109b7) lui     s3, 0xe8910
core   0: 3 0x800014e8 (0xe89109b7) x19 0xe8910000
core   0: 0x800014ec (0x40abd4b3) sra     s1, s7, a0
core   0: 3 0x800014ec (0x40abd4b3) x 9 0x00000000
core   0: 0x800014f0 (0x4015d9b3) sra     s3, a1, ra
core   0: 3 0x800014f0 (0x4015d9b3) x19 0x00000000
core   0: 0x800014f4 (0x0110ebb3) or      s7, ra, a7
core   0: 3 0x800014f4 (0x0110ebb3) x23 0x80014b5f
core   0: 0x800014f8 (0xb9046f13) ori     t5, s0, -1136
core   0: 3 0x800014f8 (0xb9046f13) x30 0xfffffb90
core   0: 0x800014fc (0x026784b3) mul     s1, a5, t1
core   0: 3 0x800014fc (0x026784b3) x 9 0x00000000
core   0: 0x80001500 (0x025cb2b3) mulhu   t0, s9, t0
core   0: 3 0x80001500 (0x025cb2b3) x 5 0x00000000
core   0: 0x80001504 (0x02c20fb3) mul     t6, tp, a2
core   0: 3 0x80001504 (0x02c20fb3) x31 0x00000000
core   0: 0x80001508 (0x00367033) and     zero, a2, gp
core   0: 3 0x80001508 (0x00367033)
core   0: 0x8000150c (0x006d5a13) srli    s4, s10, 6
core   0: 3 0x8000150c (0x006d5a13) x20 0x0000c672
core   0: 0x80001510 (0x001e9593) slli    a1, t4, 1
core   0: 3 0x80001510 (0x001e9593) x11 0x00000002
core   0: 0x80001514 (0x00ab48b3) xor     a7, s6, a0
core   0: 3 0x80001514 (0x00ab48b3) x17 0x00014e64
core   0: 0x80001518 (0x00643d33) sltu    s10, s0, t1
core   0: 3 0x80001518 (0x00643d33) x26 0x00000000
core   0: 0x8000151c (0x75ebe0b7) lui     ra, 0x75ebe
core   0: 3 0x8000151c (0x75ebe0b7) x 1 0x75ebe000
core   0: 0x80001520 (0x01e21db3) sll     s11, tp, t5
core   0: 3 0x80001520 (0x01e21db3) x27 0x00040000
core   0: 0x80001524 (0x005a33b3) sltu    t2, s4, t0
core   0: 3 0x80001524 (0x005a33b3) x 7 0x00000000
core   0: 0x80001528 (0x02321033) mulh    zero, tp, gp
core   0: 3 0x80001528 (0x02321033)
core   0: 0x8000152c (0x019b38b3) sltu    a7, s6, s9
core   0: 3 0x8000152c (0x019b38b3) x17 0x00000000
core   0: 0x80001530 (0x0399c5b3) div     a1, s3, s9
core   0: 3 0x80001530 (0x0399c5b3) x11 0xffffffff
core   0: 0x80001534 (0x40e85eb3) sra     t4, a6, a4
core   0: 3 0x80001534 (0x40e85eb3) x29 0xc000c672
core   0: 0x80001538 (0x00ae58b3) srl     a7, t3, a0
core   0: 3 0x80001538 (0x00ae58b3) x17 0x00000000
core   0: 0x8000153c (0x019badb3) slt     s11, s7, s9
core   0: 3 0x8000153c (0x019badb3) x27 0x00000001
core   0: 0x80001540 (0x02af94b3) mulh    s1, t6, a0
core   0: 3 0x80001540 (0x02af94b3) x 9 0x00000000
core   0: 0x80001544 (0x40cad693) srai    a3, s5, 12
core   0: 3 0x80001544 (0x40cad693) x13 0x00000000
core   0: 0x80001548 (0xc6a83693) sltiu   a3, a6, -918
core   0: 3 0x80001548 (0xc6a83693) x13 0x00000001
core   0: 0x8000154c (0x00a60db3) add     s11, a2, a0
core   0: 3 0x8000154c (0x00a60db3) x27 0x80000000
core   0: 0x80001550 (0x01a25f13) srli    t5, tp, 26
core   0: 3 0x80001550 (0x01a25f13) x30 0x00000000
core   0: 0x80001554 (0x0319f5b3) remu    a1, s3, a7
core   0: 3 0x80001554 (0x0319f5b3) x11 0x00000000
core   0: 0x80001558 (0x3b08f993) andi    s3, a7, 944
core   0: 3 0x80001558 (0x3b08f993) x19 0x00000000
core   0: 0x8000155c (0x41f10033) sub     zero, sp, t6
core   0: 3 0x8000155c (0x41f10033)
core   0: 0x80001560 (0x02ed94b3) mulh    s1, s11, a4
core   0: 3 0x80001560 (0x02ed94b3) x 9 0xffffffff
core   0: 0x80001564 (0x02f463b3) rem     t2, s0, a5
core   0: 3 0x80001564 (0x02f463b3) x 7 0x00000000
core   0: 0x80001568 (0x419c8433) sub     s0, s9, s9
core   0: 3 0x80001568 (0x419c8433) x 8 0x00000000
core   0: 0x8000156c (0x143e7613) andi    a2, t3, 323
core   0: 3 0x8000156c (0x143e7613) x12 0x00000000
core   0: 0x80001570 (0x016574b3) and     s1, a0, s6
core   0: 3 0x80001570 (0x016574b3) x 9 0x80000000
core   0: 0x80001574 (0x030da8b3) mulhsu  a7, s11, a6
core   0: 3 0x80001574 (0x030da8b3) x17 0xbfff398e
core   0: 0x80001578 (0x005392b3) sll     t0, t2, t0
core   0: 3 0x80001578 (0x005392b3) x 5 0x00000000
core   0: 0x8000157c (0xb0e62a97) auipc   s5, 0xb0e62
core   0: 3 0x8000157c (0xb0e62a97) x21 0x30e6357c
core   0: 0x80001580 (0x03a755b3) divu    a1, a4, s10
core   0: 3 0x80001580 (0x03a755b3) x11 0xffffffff
core   0: 0x80001584 (0x0622be93) sltiu   t4, t0, 98
core   0: 3 0x80001584 (0x0622be93) x29 0x00000001
core   0: 0x80001588 (0x41e28db3) sub     s11, t0, t5
core   0: 3 0x80001588 (0x41e28db3) x27 0x00000000
core   0: 0x8000158c (0x030cf433) remu    s0, s9, a6
core   0: 3 0x8000158c (0x030cf433) x 8 0x00000000
core   0: 0x80001590 (0x3eb91c37) lui     s8, 0x3eb91
core   0: 3 0x80001590 (0x3eb91c37) x24 0x3eb91000
core   0: 0x80001594 (0x00e7d693) srli    a3, a5, 14
core   0: 3 0x80001594 (0x00e7d693) x13 0x00000000
core   0: 0x80001598 (0x030f4fb3) div     t6, t5, a6
core   0: 3 0x80001598 (0x030f4fb3) x31 0x00000000
core   0: 0x8000159c (0x01019913) slli    s2, gp, 16
core   0: 3 0x8000159c (0x01019913) x18 0xfd240000
core   0: 0x800015a0 (0x032e0d33) mul     s10, t3, s2
core   0: 3 0x800015a0 (0x032e0d33) x26 0x00000000
core   0: 0x800015a4 (0x0225fab3) remu    s5, a1, sp
core   0: 3 0x800015a4 (0x0225fab3) x21 0x65905fff
core   0: 0x800015a8 (0x975f0c93) addi    s9, t5, -1675
core   0: 3 0x800015a8 (0x975f0c93) x25 0xfffff975
core   0: 0x800015ac (0x03f7ae33) mulhsu  t3, a5, t6
core   0: 3 0x800015ac (0x03f7ae33) x28 0x00000000
core   0: 0x800015b0 (0x7d544693) xori    a3, s0, 2005
core   0: 3 0x800015b0 (0x7d544693) x13 0x000007d5
core   0: 0x800015b4 (0x406cdc33) sra     s8, s9, t1
core   0: 3 0x800015b4 (0x406cdc33) x24 0xfffff975
core   0: 0x800015b8 (0x000d8fb3) add     t6, s11, zero
core   0: 3 0x800015b8 (0x000d8fb3) x31 0x00000000
core   0: 0x800015bc (0x65ca3e97) auipc   t4, 0x65ca3
core   0: 3 0x800015bc (0x65ca3e97) x29 0xe5ca45bc
core   0: 0x800015c0 (0x023a6fb3) rem     t6, s4, gp
core   0: 3 0x800015c0 (0x023a6fb3) x31 0x00000126
core   0: 0x800015c4 (0x0248e633) rem     a2, a7, tp
core   0: 3 0x800015c4 (0x0248e633) x12 0xfffffffe
core   0: 0x800015c8 (0x01de9d13) slli    s10, t4, 29
core   0: 3 0x800015c8 (0x01de9d13) x26 0x80000000
core   0: 0x800015cc (0x01d7f9b3) and     s3, a5, t4
core   0: 3 0x800015cc (0x01d7f9b3) x19 0x00000000
core   0: 0x800015d0 (0x0359acb3) mulhsu  s9, s3, s5
core   0: 3 0x800015d0 (0x0359acb3) x25 0x00000000
core   0: 0x800015d4 (0x026c8f33) mul     t5, s9, t1
core   0: 3 0x800015d4 (0x026c8f33) x30 0x00000000
core   0: 0x800015d8 (0xde832a17) auipc   s4, 0xde832
core   0: 3 0x800015d8 (0xde832a17) x20 0x5e8335d8
core   0: 0x800015dc (0x41965413) srai    s0, a2, 25
core   0: 3 0x800015dc (0x41965413) x 8 0xffffffff
core   0: 0x800015e0 (0x00a64033) xor     zero, a2, a0
core   0: 3 0x800015e0 (0x00a64033)
core   0: 0x800015e4 (0x03074933) div     s2, a4, a6
core   0: 3 0x800015e4 (0x03074933) x18 0x00000000
core   0: 0x800015e8 (0x02b78933) mul     s2, a5, a1
core   0: 3 0x800015e8 (0x02b78933) x18 0x00000000
core   0: 0x800015ec (0x00966033) or      zero, a2, s1
core   0: 3 0x800015ec (0x00966033)
core   0: 0x800015f0 (0x41385733) sra     a4, a6, s3
core   0: 3 0x800015f0 (0x41385733) x14 0x80018ce4
core   0: 0x800015f4 (0x0044d933) srl     s2, s1, tp
core   0: 3 0x800015f4 (0x0044d933) x18 0x08000000
core   0: 0x800015f8 (0xa2e20193) addi    gp, tp, -1490
core   0: 3 0x800015f8 (0xa2e20193) x 3 0xfffffa32
core   0: 0x800015fc (0x024f5033) divu    zero, t5, tp
core   0: 3 0x800015fc (0x024f5033)
core   0: 0x80001600 (0x0134e033) or      zero, s1, s3
core   0: 3 0x80001600 (0x0134e033)
core   0: 0x80001604 (0x4badce93) xori    t4, s11, 1210
core   0: 3 0x80001604 (0x4badce93) x29 0x000004ba
core   0: 0x80001608 (0x037b6a33) rem     s4, s6, s7
core   0: 3 0x80001608 (0x037b6a33) x20 0x80014e64
core   0: 0x8000160c (0x01813bb3) sltu    s7, sp, s8
core   0: 3 0x8000160c (0x01813bb3) x23 0x00000001
core   0: 0x80001610 (0x00870db3) add     s11, a4, s0
core   0: 3 0x80001610 (0x00870db3) x27 0x80018ce3
core   0: 0x80001614 (0x00a0a5b3) slt     a1, ra, a0
core   0: 3 0x80001614 (0x00a0a5b3) x11 0x00000000
core   0: 0x80001618 (0x017e51b3) srl     gp, t3, s7
core   0: 3 0x80001618 (0x017e51b3) x 3 0x00000000
core   0: 0x8000161c (0x00479233) sll     tp, a5, tp
core   0: 3 0x8000161c (0x00479233) x 4 0x00000000
core   0: 0x80001620 (0x002cd233) srl     tp, s9, sp
core   0: 3 0x80001620 (0x002cd233) x 4 0x00000000
core   0: 0x80001624 (0x021ea633) mulhsu  a2, t4, ra
core   0: 3 0x80001624 (0x021ea633) x12 0x0000022d
core   0: 0x80001628 (0x57a6f193) andi    gp, a3, 1402
core   0: 3 0x80001628 (0x57a6f193) x 3 0x00000550
core   0: 0x8000162c (0x00000013) nop
core   0: 3 0x8000162c (0x00000013)
core   0: 0x80001630 (0x03e14933) div     s2, sp, t5
core   0: 3 0x80001630 (0x03e14933) x18 0xffffffff
core   0: 0x80001634 (0x031d9333) mulh    t1, s11, a7
core   0: 3 0x80001634 (0x031d9333) x 6 0x1fffffff
core   0: 0x80001638 (0x02d2abb3) mulhsu  s7, t0, a3
core   0: 3 0x80001638 (0x02d2abb3) x23 0x00000000
core   0: 0x8000163c (0x0379fab3) remu    s5, s3, s7
core   0: 3 0x8000163c (0x0379fab3) x21 0x00000000
core   0: 0x80001640 (0x025e3033) mulhu   zero, t3, t0
core   0: 3 0x80001640 (0x025e3033)
core   0: 0x80001644 (0x40fdd393) srai    t2, s11, 15
core   0: 3 0x80001644 (0x40fdd393) x 7 0xffff0003
core   0: 0x80001648 (0x0202e913) ori     s2, t0, 32
core   0: 3 0x80001648 (0x0202e913) x18 0x00000020
core   0: 0x8000164c (0x031073b3) remu    t2, zero, a7
core   0: 3 0x8000164c (0x031073b3) x 7 0x00000000
core   0: 0x80001650 (0x0190e933) or      s2, ra, s9
core   0: 3 0x80001650 (0x0190e933) x18 0x75ebe000
core   0: 0x80001654 (0x03c3ce33) div     t3, t2, t3
core   0: 3 0x80001654 (0x03c3ce33) x28 0xffffffff
core   0: 0x80001658 (0x0185b733) sltu    a4, a1, s8
core   0: 3 0x80001658 (0x0185b733) x14 0x00000001
core   0: 0x8000165c (0x004ec1b3) xor     gp, t4, tp
core   0: 3 0x8000165c (0x004ec1b3) x 3 0x000004ba
core   0: 0x80001660 (0x03342433) mulhsu  s0, s0, s3
core   0: 3 0x80001660 (0x03342433) x 8 0x00000000
core   0: 0x80001664 (0x003ba1b3) slt     gp, s7, gp
core   0: 3 0x80001664 (0x003ba1b3) x 3 0x00000001
core   0: 0x80001668 (0x017bddb3) srl     s11, s7, s7
core   0: 3 0x80001668 (0x017bddb3) x27 0x00000000
core   0: 0x8000166c (0x1f4dba13) sltiu   s4, s11, 500
core   0: 3 0x8000166c (0x1f4dba13) x20 0x00000001
core   0: 0x80001670 (0x02b9fbb3) remu    s7, s3, a1
core   0: 3 0x80001670 (0x02b9fbb3) x23 0x00000000
core   0: 0x80001674 (0x00a95bb3) srl     s7, s2, a0
core   0: 3 0x80001674 (0x00a95bb3) x23 0x75ebe000
core   0: 0x80001678 (0x02f94ab3) div     s5, s2, a5
core   0: 3 0x80001678 (0x02f94ab3) x21 0xffffffff
core   0: 0x8000167c (0x404fdb93) srai    s7, t6, 4
core   0: 3 0x8000167c (0x404fdb93) x23 0x00000012
core   0: 0x80001680 (0x838d4193) xori    gp, s10, -1992
core   0: 3 0x80001680 (0x838d4193) x 3 0x7ffff838
core   0: 0x80001684 (0x01fb1f33) sll     t5, s6, t6
core   0: 3 0x80001684 (0x01fb1f33) x30 0x00539900
core   0: 0x80001688 (0x002847b3) xor     a5, a6, sp
core   0: 3 0x80001688 (0x002847b3) x15 0x1a6e2ce4
core   0: 0x8000168c (0x02683133) mulhu   sp, a6, t1
core   0: 3 0x8000168c (0x02683133) x 2 0x1000319b
core   0: 0x80001690 (0x035874b3) remu    s1, a6, s5
core   0: 3 0x80001690 (0x035874b3) x 9 0x80018ce4
core   0: 0x80001694 (0x03710233) mul     tp, sp, s7
core   0: 3 0x80001694 (0x03710233) x 4 0x20037ce6
core   0: 0x80001698 (0x01239033) sll     zero, t2, s2
core   0: 3 0x80001698 (0x01239033)
core   0: 0x8000169c (0x01655393) srli    t2, a0, 22
core   0: 3 0x8000169c (0x01655393) x 7 0x00000200
core   0: 0x800016a0 (0x024f7fb3) remu    t6, t5, tp
core   0: 3 0x800016a0 (0x024f7fb3) x31 0x00539900
core   0: 0x800016a4 (0x811d7c13) andi    s8, s10, -2031
core   0: 3 0x800016a4 (0x811d7c13) x24 0x80000000
core   0: 0x800016a8 (0x0287b033) mulhu   zero, a5, s0
core   0: 3 0x800016a8 (0x0287b033)
core   0: 0x800016ac (0x0126f4b3) and     s1, a3, s2
core   0: 3 0x800016ac (0x0126f4b3) x 9 0x00000000
core   0: 0x800016b0 (0x03881633) mulh    a2, a6, s8
core   0: 3 0x800016b0 (0x03881633) x12 0x3fff398e
core   0: 0x800016b4 (0x016b9fb3) sll     t6, s7, s6
core   0: 3 0x800016b4 (0x016b9fb3) x31 0x00000120
core   0: 0x800016b8 (0x000cd733) srl     a4, s9, zero
core   0: 3 0x800016b8 (0x000cd733) x14 0x00000000
core   0: 0x800016bc (0x4178da13) srai    s4, a7, 23
core   0: 3 0x800016bc (0x4178da13) x20 0xffffff7f
core   0: 0x800016c0 (0x026bbdb3) mulhu   s11, s7, t1
core   0: 3 0x800016c0 (0x026bbdb3) x27 0x00000002
core   0: 0x800016c4 (0xfffde597) auipc   a1, 0xfffde
core   0: 3 0x800016c4 (0xfffde597) x11 0x7ffdf6c4
core   0: 0x800016c8 (0x01ae0ab3) add     s5, t3, s10
core   0: 3 0x800016c8 (0x01ae0ab3) x21 0x7fffffff
core   0: 0x800016cc (0x1d86a597) auipc   a1, 0x1d86a
core   0: 3 0x800016cc (0x1d86a597) x11 0x9d86b6cc
core   0: 0x800016d0 (0x41c30f33) sub     t5, t1, t3
core   0: 3 0x800016d0 (0x41c30f33) x30 0x20000000
core   0: 0x800016d4 (0x016fa6b3) slt     a3, t6, s6
core   0: 3 0x800016d4 (0x016fa6b3) x13 0x00000000
core   0: 0x800016d8 (0x030a5db3) divu    s11, s4, a6
core   0: 3 0x800016d8 (0x030a5db3) x27 0x00000001
core   0: 0x800016dc (0x02834db3) div     s11, t1, s0
core   0: 3 0x800016dc (0x02834db3) x27 0xffffffff
core   0: 0x800016e0 (0x40b5de13) srai    t3, a1, 11
core   0: 3 0x800016e0 (0x40b5de13) x28 0xfff3b0d6
core   0: 0x800016e4 (0xb45a4693) xori    a3, s4, -1211
core   0: 3 0x800016e4 (0xb45a4693) x13 0x0000043a
core   0: 0x800016e8 (0xeddfed13) ori     s10, t6, -291
core   0: 3 0x800016e8 (0xeddfed13) x26 0xfffffffd
core   0: 0x800016ec (0x00000013) nop
core   0: 3 0x800016ec (0x00000013)
core   0: 0x800016f0 (0xac2eed13) ori     s10, t4, -1342
core   0: 3 0x800016f0 (0xac2eed13) x26 0xfffffefa
core   0: 0x800016f4 (0x00c36633) or      a2, t1, a2
core   0: 3 0x800016f4 (0x00c36633) x12 0x3fffffff
core   0: 0x800016f8 (0x41ded893) srai    a7, t4, 29
core   0: 3 0x800016f8 (0x41ded893) x17 0x00000000
core   0: 0x800016fc (0x02a456b3) divu    a3, s0, a0
core   0: 3 0x800016fc (0x02a456b3) x13 0x00000000
core   0: 0x80001700 (0x01cf3bb3) sltu    s7, t5, t3
core   0: 3 0x80001700 (0x01cf3bb3) x23 0x00000001
core   0: 0x80001704 (0x00937333) and     t1, t1, s1
core   0: 3 0x80001704 (0x00937333) x 6 0x00000000
core   0: 0x80001708 (0xfefca613) slti    a2, s9, -17
core   0: 3 0x80001708 (0xfefca613) x12 0x00000000
core   0: 0x8000170c (0x00fedbb3) srl     s7, t4, a5
core   0: 3 0x8000170c (0x00fedbb3) x23 0x0000004b
core   0: 0x80001710 (0x00015c13) srli    s8, sp, 0
core   0: 3 0x80001710 (0x00015c13) x24 0x1000319b
core   0: 0x80001714 (0x4b814c13) xori    s8, sp, 1208
core   0: 3 0x80001714 (0x4b814c13) x24 0x10003523
core   0: 0x80001718 (0x404bd693) srai    a3, s7, 4
core   0: 3 0x80001718 (0x404bd693) x13 0x00000004
core   0: 0x8000171c (0x00302ab3) slt     s5, zero, gp
core   0: 3 0x8000171c (0x00302ab3) x21 0x00000001
core   0: 0x80001720 (0x401e53b3) sra     t2, t3, ra
core   0: 3 0x80001720 (0x401e53b3) x 7 0xfff3b0d6
core   0: 0x80001724 (0x02839fb3) mulh    t6, t2, s0
core   0: 3 0x80001724 (0x02839fb3) x31 0x00000000
core   0: 0x80001728 (0xb298ea13) ori     s4, a7, -1239
core   0: 3 0x80001728 (0xb298ea13) x20 0xfffffb29
core   0: 0x8000172c (0x00cd2bb3) slt     s7, s10, a2
core   0: 3 0x8000172c (0x00cd2bb3) x23 0x00000001
core   0: 0x80001730 (0x0229d4b3) divu    s1, s3, sp
core   0: 3 0x80001730 (0x0229d4b3) x 9 0x00000000
core   0: 0x80001734 (0x0048d333) srl     t1, a7, tp
core   0: 3 0x80001734 (0x0048d333) x 6 0x00000000
core   0: 0x80001738 (0x03c91db3) mulh    s11, s2, t3
core   0: 3 0x80001738 (0x03c91db3) x27 0xfffa547a
core   0: 0x8000173c (0x726a6013) ori     zero, s4, 1830
core   0: 3 0x8000173c (0x726a6013)
core   0: 0x80001740 (0x41750433) sub     s0, a0, s7
core   0: 3 0x80001740 (0x41750433) x 8 0x7fffffff
core   0: 0x80001744 (0x01b85a13) srli    s4, a6, 27
core   0: 3 0x80001744 (0x01b85a13) x20 0x00000010
core   0: 0x80001748 (0x0074dbb3) srl     s7, s1, t2
core   0: 3 0x80001748 (0x0074dbb3) x23 0x00000000
core   0: 0x8000174c (0x00000013) nop
core   0: 3 0x8000174c (0x00000013)
core   0: 0x80001750 (0x1c40bc13) sltiu   s8, ra, 452
core   0: 3 0x80001750 (0x1c40bc13) x24 0x00000000
core   0: 0x80001754 (0x00b9a633) slt     a2, s3, a1
core   0: 3 0x80001754 (0x00b9a633) x12 0x00000000
core   0: 0x80001758 (0x016b9793) slli    a5, s7, 22
core   0: 3 0x80001758 (0x016b9793) x15 0x00000000
core   0: 0x8000175c (0x400fd113) srai    sp, t6, 0
core   0: 3 0x8000175c (0x400fd113) x 2 0x00000000
core   0: 0x80001760 (0x010faeb3) slt     t4, t6, a6
core   0: 3 0x80001760 (0x010faeb3) x29 0x00000000
core   0: 0x80001764 (0x40a78433) sub     s0, a5, a0
core   0: 3 0x80001764 (0x40a78433) x 8 0x80000000
core   0: 0x80001768 (0x02e47c33) remu    s8, s0, a4
core   0: 3 0x80001768 (0x02e47c33) x24 0x80000000
core   0: 0x8000176c (0x0204a733) mulhsu  a4, s1, zero
core   0: 3 0x8000176c (0x0204a733) x14 0x00000000
core   0: 0x80001770 (0x00bd9893) slli    a7, s11, 11
core   0: 3 0x80001770 (0x00bd9893) x17 0xd2a3d000
core   0: 0x80001774 (0x005083b3) add     t2, ra, t0
core   0: 3 0x80001774 (0x005083b3) x 7 0x75ebe000
core   0: 0x80001778 (0x028bd0b3) divu    ra, s7, s0
core   0: 3 0x80001778 (0x028bd0b3) x 1 0x00000000
core   0: 0x8000177c (0x0172b633) sltu    a2, t0, s7
core   0: 3 0x8000177c (0x0172b633) x12 0x00000000
core   0: 0x80001780 (0x00e6ee33) or      t3, a3, a4
core   0: 3 0x80001780 (0x00e6ee33) x28 0x00000004
core   0: 0x80001784 (0x0340f933) remu    s2, ra, s4
core   0: 3 0x80001784 (0x0340f933) x18 0x00000000
core   0: 0x80001788 (0x0069a0b3) slt     ra, s3, t1
core   0: 3 0x80001788 (0x0069a0b3) x 1 0x00000000
core   0: 0x8000178c (0x408a5eb3) sra     t4, s4, s0
core   0: 3 0x8000178c (0x408a5eb3) x29 0x00000010
core   0: 0x80001790 (0xc68ea913) slti    s2, t4, -920
core   0: 3 0x80001790 (0xc68ea913) x18 0x00000000
core   0: 0x80001794 (0x02e6ff33) remu    t5, a3, a4
core   0: 3 0x80001794 (0x02e6ff33) x30 0x00000004
core   0: 0x80001798 (0x7647fe13) andi    t3, a5, 1892
core   0: 3 0x80001798 (0x7647fe13) x28 0x00000000
core   0: 0x8000179c (0x029fc633) div     a2, t6, s1
core   0: 3 0x8000179c (0x029fc633) x12 0xffffffff
core   0: 0x800017a0 (0x02cb6db3) rem     s11, s6, a2
core   0: 3 0x800017a0 (0x02cb6db3) x27 0x00000000
core   0: 0x800017a4 (0xbe55ad17) auipc   s10, 0xbe55a
core   0: 3 0x800017a4 (0xbe55ad17) x26 0x3e55b7a4
core   0: 0x800017a8 (0x000df933) and     s2, s11, zero
core   0: 3 0x800017a8 (0x000df933) x18 0x00000000
core   0: 0x800017ac (0x02d5ee33) rem     t3, a1, a3
core   0: 3 0x800017ac (0x02d5ee33) x28 0x00000000
core   0: 0x800017b0 (0x00000013) nop
core   0: 3 0x800017b0 (0x00000013)
core   0: 0x800017b4 (0x0296c7b3) div     a5, a3, s1
core   0: 3 0x800017b4 (0x0296c7b3) x15 0xffffffff
core   0: 0x800017b8 (0x4332fe17) auipc   t3, 0x4332f
core   0: 3 0x800017b8 (0x4332fe17) x28 0xc33307b8
core   0: 0x800017bc (0x185ce913) ori     s2, s9, 389
core   0: 3 0x800017bc (0x185ce913) x18 0x00000185
core   0: 0x800017c0 (0x0162be33) sltu    t3, t0, s6
core   0: 3 0x800017c0 (0x0162be33) x28 0x00000001
core   0: 0x800017c4 (0x228b7f93) andi    t6, s6, 552
core   0: 3 0x800017c4 (0x228b7f93) x31 0x00000220
core   0: 0x800017c8 (0x00000013) nop
core   0: 3 0x800017c8 (0x00000013)
core   0: 0x800017cc (0x918f8693) addi    a3, t6, -1768
core   0: 3 0x800017cc (0x918f8693) x13 0xfffffb38
core   0: 0x800017d0 (0x013c9193) slli    gp, s9, 19
core   0: 3 0x800017d0 (0x013c9193) x 3 0x00000000
core   0: 0x800017d4 (0x00ad8d33) add     s10, s11, a0
core   0: 3 0x800017d4 (0x00ad8d33) x26 0x80000000
core   0: 0x800017d8 (0x40b202b3) sub     t0, tp, a1
core   0: 3 0x800017d8 (0x40b202b3) x 5 0x827cc61a
core   0: 0x800017dc (0xe9a8ca13) xori    s4, a7, -358
core   0: 3 0x800017dc (0xe9a8ca13) x20 0x2d5c2e9a
core   0: 0x800017e0 (0x00c656b3) srl     a3, a2, a2
core   0: 3 0x800017e0 (0x00c656b3) x13 0x00000001
core   0: 0x800017e4 (0xdb343917) auipc   s2, 0xdb343
core   0: 3 0x800017e4 (0xdb343917) x18 0x5b3447e4
core   0: 0x800017e8 (0x009ca4b3) slt     s1, s9, s1
core   0: 3 0x800017e8 (0x009ca4b3) x 9 0x00000000
core   0: 0x800017ec (0x00cfc437) lui     s0, 0xcfc
core   0: 3 0x800017ec (0x00cfc437) x 8 0x00cfc000
core   0: 0x800017f0 (0x40955e93) srai    t4, a0, 9
core   0: 3 0x800017f0 (0x40955e93) x29 0xffc00000
core   0: 0x800017f4 (0x01baa9b3) slt     s3, s5, s11
core   0: 3 0x800017f4 (0x01baa9b3) x19 0x00000000
core   0: 0x800017f8 (0x02533133) mulhu   sp, t1, t0
core   0: 3 0x800017f8 (0x02533133) x 2 0x00000000
core   0: 0x800017fc (0x3e440593) addi    a1, s0, 996
core   0: 3 0x800017fc (0x3e440593) x11 0x00cfc3e4
core   0: 0x80001800 (0x027b49b3) div     s3, s6, t2
core   0: 3 0x80001800 (0x027b49b3) x19 0xffffffff
core   0: 0x80001804 (0x02837c33) remu    s8, t1, s0
core   0: 3 0x80001804 (0x02837c33) x24 0x00000000
core   0: 0x80001808 (0x655c2213) slti    tp, s8, 1621
core   0: 3 0x80001808 (0x655c2213) x 4 0x00000001
core   0: 0x8000180c (0x4112d133) sra     sp, t0, a7
core   0: 3 0x8000180c (0x4112d133) x 2 0x827cc61a
core   0: 0x80001810 (0x009d5933) srl     s2, s10, s1
core   0: 3 0x80001810 (0x009d5933) x18 0x80000000
core   0: 0x80001814 (0x0348e8b3) rem     a7, a7, s4
core   0: 3 0x80001814 (0x0348e8b3) x17 0xfffffe9a
core   0: 0x80001818 (0x01cf9493) slli    s1, t6, 28
core   0: 3 0x80001818 (0x01cf9493) x 9 0x00000000
core   0: 0x8000181c (0x4c7c17b7) lui     a5, 0x4c7c1
core   0: 3 0x8000181c (0x4c7c17b7) x15 0x4c7c1000
core   0: 0x80001820 (0x00f9c7b3) xor     a5, s3, a5
core   0: 3 0x80001820 (0x00f9c7b3) x15 0xb383efff
core   0: 0x80001824 (0x02b56eb3) rem     t4, a0, a1
core   0: 3 0x80001824 (0x02b56eb3) x29 0xff6b22d4
core   0: 0x80001828 (0xdb283113) sltiu   sp, a6, -590
core   0: 3 0x80001828 (0xdb283113) x 2 0x00000001
core   0: 0x8000182c (0x02c5c6b3) div     a3, a1, a2
core   0: 3 0x8000182c (0x02c5c6b3) x13 0xff303c1c
core   0: 0x80001830 (0x00475d33) srl     s10, a4, tp
core   0: 3 0x80001830 (0x00475d33) x26 0x00000000
core   0: 0x80001834 (0x41868433) sub     s0, a3, s8
core   0: 3 0x80001834 (0x41868433) x 8 0xff303c1c
core   0: 0x80001838 (0x0143d613) srli    a2, t2, 20
core   0: 3 0x80001838 (0x0143d613) x12 0x0000075e
core   0: 0x8000183c (0x03b70233) mul     tp, a4, s11
core   0: 3 0x8000183c (0x03b70233) x 4 0x00000000
core   0: 0x80001840 (0xb79bea93) ori     s5, s7, -1159
core   0: 3 0x80001840 (0xb79bea93) x21 0xfffffb79
core   0: 0x80001844 (0xf84f6993) ori     s3, t5, -124
core   0: 3 0x80001844 (0xf84f6993) x19 0xffffff84
core   0: 0x80001848 (0x00a3dcb3) srl     s9, t2, a0
core   0: 3 0x80001848 (0x00a3dcb3) x25 0x75ebe000
core   0: 0x8000184c (0x0249ae33) mulhsu  t3, s3, tp
core   0: 3 0x8000184c (0x0249ae33) x28 0x00000000
core   0: 0x80001850 (0x02e9b933) mulhu   s2, s3, a4
core   0: 3 0x80001850 (0x02e9b933) x18 0x00000000
core   0: 0x80001854 (0x00000013) nop
core   0: 3 0x80001854 (0x00000013)
core   0: 0x80001858 (0x01a573b3) and     t2, a0, s10
core   0: 3 0x80001858 (0x01a573b3) x 7 0x00000000
core   0: 0x8000185c (0x9f848993) addi    s3, s1, -1544
core   0: 3 0x8000185c (0x9f848993) x19 0xfffff9f8
core   0: 0x80001860 (0x03c77633) remu    a2, a4, t3
core   0: 3 0x80001860 (0x03c77633) x12 0x00000000
core   0: 0x80001864 (0x035a1e33) mulh    t3, s4, s5
core   0: 3 0x80001864 (0x035a1e33) x28 0xffffff32
core   0: 0x80001868 (0x0162d313) srli    t1, t0, 22
core   0: 3 0x80001868 (0x0162d313) x 6 0x00000209
core   0: 0x8000186c (0x03c96033) rem     zero, s2, t3
core   0: 3 0x8000186c (0x03c96033)
core   0: 0x80001870 (0x03d87eb3) remu    t4, a6, t4
core   0: 3 0x80001870 (0x03d87eb3) x29 0x80018ce4
core   0: 0x80001874 (0x004f3db3) sltu    s11, t5, tp
core   0: 3 0x80001874 (0x004f3db3) x27 0x00000000
core   0: 0x80001878 (0x017e3c33) sltu    s8, t3, s7
core   0: 3 0x80001878 (0x017e3c33) x24 0x00000000
core   0: 0x8000187c (0x02c9e433) rem     s0, s3, a2
core   0: 3 0x8000187c (0x02c9e433) x 8 0xfffff9f8
core   0: 0x80001880 (0x013bf1b3) and     gp, s7, s3
core   0: 3 0x80001880 (0x013bf1b3) x 3 0x00000000
core   0: 0x80001884 (0x0141dd33) srl     s10, gp, s4
core   0: 3 0x80001884 (0x0141dd33) x26 0x00000000
core   0: 0x80001888 (0x03312bb3) mulhsu  s7, sp, s3
core   0: 3 0x80001888 (0x03312bb3) x23 0x00000000
core   0: 0x8000188c (0x012919b3) sll     s3, s2, s2
core   0: 3 0x8000188c (0x012919b3) x19 0x00000000
core   0: 0x80001890 (0xb7c28413) addi    s0, t0, -1156
core   0: 3 0x80001890 (0xb7c28413) x 8 0x827cc196
core   0: 0x80001894 (0x403b07b3) sub     a5, s6, gp
core   0: 3 0x80001894 (0x403b07b3) x15 0x80014e64
core   0: 0x80001898 (0x01ac9e13) slli    t3, s9, 26
core   0: 3 0x80001898 (0x01ac9e13) x28 0x00000000
core   0: 0x8000189c (0x4a103213) sltiu   tp, zero, 1185
core   0: 3 0x8000189c (0x4a103213) x 4 0x00000001
core   0: 0x800018a0 (0x1a1b8b97) auipc   s7, 0x1a1b8
core   0: 3 0x800018a0 (0x1a1b8b97) x23 0x9a1b98a0
core   0: 0x800018a4 (0xe4ea6f13) ori     t5, s4, -434
core   0: 3 0x800018a4 (0xe4ea6f13) x30 0xfffffede
core   0: 0x800018a8 (0xcd0598b7) lui     a7, 0xcd059
core   0: 3 0x800018a8 (0xcd0598b7) x17 0xcd059000
core   0: 0x800018ac (0x036408b3) mul     a7, s0, s6
core   0: 3 0x800018ac (0x036408b3) x17 0xbd4d5298
core   0: 0x800018b0 (0x03c00bb3) mul     s7, zero, t3
core   0: 3 0x800018b0 (0x03c00bb3) x23 0x00000000
core   0: 0x800018b4 (0x034d95b3) mulh    a1, s11, s4
core   0: 3 0x800018b4 (0x034d95b3) x11 0x00000000
core   0: 0x800018b8 (0x405adf13) srai    t5, s5, 5
core   0: 3 0x800018b8 (0x405adf13) x30 0xffffffdb
core   0: 0x800018bc (0x2d700a13) li      s4, 727
core   0: 3 0x800018bc (0x2d700a13) x20 0x000002d7
core   0: 0x800018c0 (0x4078dd13) srai    s10, a7, 7
core   0: 3 0x800018c0 (0x4078dd13) x26 0xff7a9aa5
core   0: 0x800018c4 (0x30cf6593) ori     a1, t5, 780
core   0: 3 0x800018c4 (0x30cf6593) x11 0xffffffdf
core   0: 0x800018c8 (0x02a5a7b3) mulhsu  a5, a1, a0
core   0: 3 0x800018c8 (0x02a5a7b3) x15 0xffffffef
core   0: 0x800018cc (0x0023f9b3) and     s3, t2, sp
core   0: 3 0x800018cc (0x0023f9b3) x19 0x00000000
core   0: 0x800018d0 (0x01c29413) slli    s0, t0, 28
core   0: 3 0x800018d0 (0x01c29413) x 8 0xa0000000
core   0: 0x800018d4 (0x011d2433) slt     s0, s10, a7
core   0: 3 0x800018d4 (0x011d2433) x 8 0x00000000
core   0: 0x800018d8 (0xf25d2f93) slti    t6, s10, -219
core   0: 3 0x800018d8 (0xf25d2f93) x31 0x00000001
core   0: 0x800018dc (0x400206b3) sub     a3, tp, zero
core   0: 3 0x800018dc (0x400206b3) x13 0x00000001
core   0: 0x800018e0 (0x004c5bb3) srl     s7, s8, tp
core   0: 3 0x800018e0 (0x004c5bb3) x23 0x00000000
core   0: 0x800018e4 (0x0081c333) xor     t1, gp, s0
core   0: 3 0x800018e4 (0x0081c333) x 6 0x00000000
core   0: 0x800018e8 (0xdbf37793) andi    a5, t1, -577
core   0: 3 0x800018e8 (0xdbf37793) x15 0x00000000
core   0: 0x800018ec (0x02090233) mul     tp, s2, zero
core   0: 3 0x800018ec (0x02090233) x 4 0x00000000
core   0: 0x800018f0 (0x03298eb3) mul     t4, s3, s2
core   0: 3 0x800018f0 (0x03298eb3) x29 0x00000000
core   0: 0x800018f4 (0x03dd4d33) div     s10, s10, t4
core   0: 3 0x800018f4 (0x03dd4d33) x26 0xffffffff
core   0: 0x800018f8 (0x528f7f93) andi    t6, t5, 1320
core   0: 3 0x800018f8 (0x528f7f93) x31 0x00000508
core   0: 0x800018fc (0x63a5fc37) lui     s8, 0x63a5f
core   0: 3 0x800018fc (0x63a5fc37) x24 0x63a5f000
core   0: 0x80001900 (0xe1dbf913) andi    s2, s7, -483
core   0: 3 0x80001900 (0xe1dbf913) x18 0x00000000
core   0: 0x80001904 (0x0595c713) xori    a4, a1, 89
core   0: 3 0x80001904 (0x0595c713) x14 0xffffff86
core   0: 0x80001908 (0x035023b3) mulhsu  t2, zero, s5
core   0: 3 0x80001908 (0x035023b3) x 7 0x00000000
core   0: 0x8000190c (0x417c0233) sub     tp, s8, s7
core   0: 3 0x8000190c (0x417c0233) x 4 0x63a5f000
core   0: 0x80001910 (0x01558ab3) add     s5, a1, s5
core   0: 3 0x80001910 (0x01558ab3) x21 0xfffffb58
core   0: 0x80001914 (0x012a5e33) srl     t3, s4, s2
core   0: 3 0x80001914 (0x012a5e33) x28 0x000002d7
core   0: 0x80001918 (0x0121b033) sltu    zero, gp, s2
core   0: 3 0x80001918 (0x0121b033)
core   0: 0x8000191c (0x8fee6297) auipc   t0, 0x8fee6
core   0: 3 0x8000191c (0x8fee6297) x 5 0x0fee791c
core   0: 0x80001920 (0x00000013) nop
core   0: 3 0x80001920 (0x00000013)
core   0: 0x80001924 (0x02e128b3) mulhsu  a7, sp, a4
core   0: 3 0x80001924 (0x02e128b3) x17 0x00000000
core   0: 0x80001928 (0x02f85db3) divu    s11, a6, a5
core   0: 3 0x80001928 (0x02f85db3) x27 0xffffffff
core   0: 0x8000192c (0xac5d4113) xori    sp, s10, -1339
core   0: 3 0x8000192c (0xac5d4113) x 2 0x0000053a
core   0: 0x80001930 (0x02025d33) divu    s10, tp, zero
core   0: 3 0x80001930 (0x02025d33) x26 0xffffffff
core   0: 0x80001934 (0x961f3913) sltiu   s2, t5, -1695
core   0: 3 0x80001934 (0x961f3913) x18 0x00000000
core   0: 0x80001938 (0x41cedd33) sra     s10, t4, t3
core   0: 3 0x80001938 (0x41cedd33) x26 0x00000000
core   0: 0x8000193c (0x0049e233) or      tp, s3, tp
core   0: 3 0x8000193c (0x0049e233) x 4 0x63a5f000
core   0: 0x80001940 (0x012c9693) slli    a3, s9, 18
core   0: 3 0x80001940 (0x012c9693) x13 0x80000000
core   0: 0x80001944 (0x03144233) div     tp, s0, a7
core   0: 3 0x80001944 (0x03144233) x 4 0xffffffff
core   0: 0x80001948 (0x41de0d33) sub     s10, t3, t4
core   0: 3 0x80001948 (0x41de0d33) x26 0x000002d7
core   0: 0x8000194c (0x03e4cb93) xori    s7, s1, 62
core   0: 3 0x8000194c (0x03e4cb93) x23 0x0000003e
core   0: 0x80001950 (0x03322f33) mulhsu  t5, tp, s3
core   0: 3 0x80001950 (0x03322f33) x30 0x00000000
core   0: 0x80001954 (0xf3fea417) auipc   s0, 0xf3fea
core   0: 3 0x80001954 (0xf3fea417) x 8 0x73feb954
core   0: 0x80001958 (0x41cddd13) srai    s10, s11, 28
core   0: 3 0x80001958 (0x41cddd13) x26 0xffffffff
core   0: 0x8000195c (0x00c35c13) srli    s8, t1, 12
core   0: 3 0x8000195c (0x00c35c13) x24 0x00000000
core   0: 0x80001960 (0x014450b3) srl     ra, s0, s4
core   0: 3 0x80001960 (0x014450b3) x 1 0x000000e7
core   0: 0x80001964 (0xd0497693) andi    a3, s2, -764
core   0: 3 0x80001964 (0xd0497693) x13 0x00000000
core   0: 0x80001968 (0x017109b3) add     s3, sp, s7
core   0: 3 0x80001968 (0x017109b3) x19 0x00000578
core   0: 0x8000196c (0x011e02b3) add     t0, t3, a7
core   0: 3 0x8000196c (0x011e02b3) x 5 0x000002d7
core   0: 0x80001970 (0x00671fb3) sll     t6, a4, t1
core   0: 3 0x80001970 (0x00671fb3) x31 0xffffff86
core   0: 0x80001974 (0xcd9db293) sltiu   t0, s11, -807
core   0: 3 0x80001974 (0xcd9db293) x 5 0x00000000
core   0: 0x80001978 (0x695f0713) addi    a4, t5, 1685
core   0: 3 0x80001978 (0x695f0713) x14 0x00000695
core   0: 0x8000197c (0x02ca9db3) mulh    s11, s5, a2
core   0: 3 0x8000197c (0x02ca9db3) x27 0x00000000
core   0: 0x80001980 (0x02dbaa33) mulhsu  s4, s7, a3
core   0: 3 0x80001980 (0x02dbaa33) x20 0x00000000
core   0: 0x80001984 (0x00601893) slli    a7, zero, 6
core   0: 3 0x80001984 (0x00601893) x17 0x00000000
core   0: 0x80001988 (0x021873b3) remu    t2, a6, ra
core   0: 3 0x80001988 (0x021873b3) x 7 0x000000c5
core   0: 0x8000198c (0x020f4a33) div     s4, t5, zero
core   0: 3 0x8000198c (0x020f4a33) x20 0xffffffff
core   0: 0x80001990 (0xeec3a913) slti    s2, t2, -276
core   0: 3 0x80001990 (0xeec3a913) x18 0x00000000
core   0: 0x80001994 (0x0a0c7613) andi    a2, s8, 160
core   0: 3 0x80001994 (0x0a0c7613) x12 0x00000000
core   0: 0x80001998 (0x00a48cb3) add     s9, s1, a0
core   0: 3 0x80001998 (0x00a48cb3) x25 0x80000000
core   0: 0x8000199c (0x407902b3) sub     t0, s2, t2
core   0: 3 0x8000199c (0x407902b3) x 5 0xffffff3b
core   0: 0x800019a0 (0x00988c33) add     s8, a7, s1
core   0: 3 0x800019a0 (0x00988c33) x24 0x00000000
core   0: 0x800019a4 (0x02154a33) div     s4, a0, ra
core   0: 3 0x800019a4 (0x02154a33) x20 0xff7225ae
core   0: 0x800019a8 (0x5e95bbb7) lui     s7, 0x5e95b
core   0: 3 0x800019a8 (0x5e95bbb7) x23 0x5e95b000
core   0: 0x800019ac (0xe688cc93) xori    s9, a7, -408
core   0: 3 0x800019ac (0xe688cc93) x25 0xfffffe68
core   0: 0x800019b0 (0x40fc5eb3) sra     t4, s8, a5
core   0: 3 0x800019b0 (0x40fc5eb3) x29 0x00000000
core   0: 0x800019b4 (0x03c05033) divu    zero, zero, t3
core   0: 3 0x800019b4 (0x03c05033)
core   0: 0x800019b8 (0xe1d6af13) slti    t5, a3, -483
core   0: 3 0x800019b8 (0xe1d6af13) x30 0x00000000
core   0: 0x800019bc (0x1d18c313) xori    t1, a7, 465
core   0: 3 0x800019bc (0x1d18c313) x 6 0x000001d1
core   0: 0x800019c0 (0xc06ec693) xori    a3, t4, -1018
core   0: 3 0x800019c0 (0xc06ec693) x13 0xfffffc06
core   0: 0x800019c4 (0x027a2f33) mulhsu  t5, s4, t2
core   0: 3 0x800019c4 (0x027a2f33) x30 0xffffffff
core   0: 0x800019c8 (0x02fa72b3) remu    t0, s4, a5
core   0: 3 0x800019c8 (0x02fa72b3) x 5 0xff7225ae
core   0: 0x800019cc (0x0369dcb3) divu    s9, s3, s6
core   0: 3 0x800019cc (0x0369dcb3) x25 0x00000000
core   0: 0x800019d0 (0x021559b3) divu    s3, a0, ra
core   0: 3 0x800019d0 (0x021559b3) x19 0x008dda52
core   0: 0x800019d4 (0x0010df93) srli    t6, ra, 1
core   0: 3 0x800019d4 (0x0010df93) x31 0x00000073
core   0: 0x800019d8 (0x0308b937) lui     s2, 0x308b
core   0: 3 0x800019d8 (0x0308b937) x18 0x0308b000
core   0: 0x800019dc (0x015851b3) srl     gp, a6, s5
core   0: 3 0x800019dc (0x015851b3) x 3 0x00000080
core   0: 0x800019e0 (0x00c7b333) sltu    t1, a5, a2
core   0: 3 0x800019e0 (0x00c7b333) x 6 0x00000000
core   0: 0x800019e4 (0x02e66bb3) rem     s7, a2, a4
core   0: 3 0x800019e4 (0x02e66bb3) x23 0x00000000
core   0: 0x800019e8 (0x02518633) mul     a2, gp, t0
core   0: 3 0x800019e8 (0x02518633) x12 0xb912d700
core   0: 0x800019ec (0x00e2e0b3) or      ra, t0, a4
core   0: 3 0x800019ec (0x00e2e0b3) x 1 0xff7227bf
core   0: 0x800019f0 (0x03203c33) mulhu   s8, zero, s2
core   0: 3 0x800019f0 (0x03203c33) x24 0x00000000
core   0: 0x800019f4 (0xaf459417) auipc   s0, 0xaf459
core   0: 3 0x800019f4 (0xaf459417) x 8 0x2f45a9f4
core   0: 0x800019f8 (0x64514393) xori    t2, sp, 1605
core   0: 3 0x800019f8 (0x64514393) x 7 0x0000037f
core   0: 0x800019fc (0x99406993) ori     s3, zero, -1644
core   0: 3 0x800019fc (0x99406993) x19 0xfffff994
core   0: 0x80001a00 (0x0317f2b3) remu    t0, a5, a7
core   0: 3 0x80001a00 (0x0317f2b3) x 5 0x00000000
core   0: 0x80001a04 (0x0173dbb3) srl     s7, t2, s7
core   0: 3 0x80001a04 (0x0173dbb3) x23 0x0000037f
core   0: 0x80001a08 (0x029d25b3) mulhsu  a1, s10, s1
core   0: 3 0x80001a08 (0x029d25b3) x11 0x00000000
core   0: 0x80001a0c (0x4e1e7013) andi    zero, t3, 1249
core   0: 3 0x80001a0c (0x4e1e7013)
core   0: 0x80001a10 (0x00031213) slli    tp, t1, 0
core   0: 3 0x80001a10 (0x00031213) x 4 0x00000000
core   0: 0x80001a14 (0x00000013) nop
core   0: 3 0x80001a14 (0x00000013)
core   0: 0x80001a18 (0xa7994613) xori    a2, s2, -1415
core   0: 3 0x80001a18 (0xa7994613) x12 0xfcf74a79
core   0: 0x80001a1c (0x40ca5313) srai    t1, s4, 12
core   0: 3 0x80001a1c (0x40ca5313) x 6 0xfffff722
core   0: 0x80001a20 (0x0157d413) srli    s0, a5, 21
core   0: 3 0x80001a20 (0x0157d413) x 8 0x00000000
core   0: 0x80001a24 (0x01648cb3) add     s9, s1, s6
core   0: 3 0x80001a24 (0x01648cb3) x25 0x80014e64
core   0: 0x80001a28 (0x00cc4f33) xor     t5, s8, a2
core   0: 3 0x80001a28 (0x00cc4f33) x30 0xfcf74a79
core   0: 0x80001a2c (0x03556a33) rem     s4, a0, s5
core   0: 3 0x80001a2c (0x03556a33) x20 0xfffffee0
core   0: 0x80001a30 (0x00ca77b3) and     a5, s4, a2
core   0: 3 0x80001a30 (0x00ca77b3) x15 0xfcf74a60
core   0: 0x80001a34 (0x02149c33) mulh    s8, s1, ra
core   0: 3 0x80001a34 (0x02149c33) x24 0x00000000
core   0: 0x80001a38 (0x032c01b3) mul     gp, s8, s2
core   0: 3 0x80001a38 (0x032c01b3) x 3 0x00000000
core   0: 0x80001a3c (0x02bc7bb3) remu    s7, s8, a1
core   0: 3 0x80001a3c (0x02bc7bb3) x23 0x00000000
core   0: 0x80001a40 (0x023739b3) mulhu   s3, a4, gp
core   0: 3 0x80001a40 (0x023739b3) x19 0x00000000
core   0: 0x80001a44 (0x003ec633) xor     a2, t4, gp
core   0: 3 0x80001a44 (0x003ec633) x12 0x00000000
core   0: 0x80001a48 (0x015a9733) sll     a4, s5, s5
core   0: 3 0x80001a48 (0x015a9733) x14 0x58000000
core   0: 0x80001a4c (0x037bb733) mulhu   a4, s7, s7
core   0: 3 0x80001a4c (0x037bb733) x14 0x00000000
core   0: 0x80001a50 (0x024f1633) mulh    a2, t5, tp
core   0: 3 0x80001a50 (0x024f1633) x12 0x00000000
core   0: 0x80001a54 (0x026351b3) divu    gp, t1, t1
core   0: 3 0x80001a54 (0x026351b3) x 3 0x00000001
core   0: 0x80001a58 (0x417a5c33) sra     s8, s4, s7
core   0: 3 0x80001a58 (0x417a5c33) x24 0xfffffee0
core   0: 0x80001a5c (0x4457b693) sltiu   a3, a5, 1093
core   0: 3 0x80001a5c (0x4457b693) x13 0x00000000
core   0: 0x80001a60 (0xec47fd13) andi    s10, a5, -316
core   0: 3 0x80001a60 (0xec47fd13) x26 0xfcf74a40
core   0: 0x80001a64 (0x03c48733) mul     a4, s1, t3
core   0: 3 0x80001a64 (0x03c48733) x14 0x00000000
core   0: 0x80001a68 (0x0112dcb3) srl     s9, t0, a7
core   0: 3 0x80001a68 (0x0112dcb3) x25 0x00000000
core   0: 0x80001a6c (0x6b328a93) addi    s5, t0, 1715
core   0: 3 0x80001a6c (0x6b328a93) x21 0x000006b3
core   0: 0x80001a70 (0x02494fb3) div     t6, s2, tp
core   0: 3 0x80001a70 (0x02494fb3) x31 0xffffffff
core   0: 0x80001a74 (0x6e857013) andi    zero, a0, 1768
core   0: 3 0x80001a74 (0x6e857013)
core   0: 0x80001a78 (0xb505f993) andi    s3, a1, -1200
core   0: 3 0x80001a78 (0xb505f993) x19 0x00000000
core   0: 0x80001a7c (0x03e37db3) remu    s11, t1, t5
core   0: 3 0x80001a7c (0x03e37db3) x27 0x0308aca9
core   0: 0x80001a80 (0x41715193) srai    gp, sp, 23
core   0: 3 0x80001a80 (0x41715193) x 3 0x00000000
core   0: 0x80001a84 (0x00000013) nop
core   0: 3 0x80001a84 (0x00000013)
core   0: 0x80001a88 (0x031abf33) mulhu   t5, s5, a7
core   0: 3 0x80001a88 (0x031abf33) x30 0x00000000
core   0: 0x80001a8c (0x41530733) sub     a4, t1, s5
core   0: 3 0x80001a8c (0x41530733) x14 0xfffff06f
core   0: 0x80001a90 (0x036e2ab3) mulhsu  s5, t3, s6
core   0: 3 0x80001a90 (0x036e2ab3) x21 0x0000016b
core   0: 0x80001a94 (0x01d9fcb3) and     s9, s3, t4
core   0: 3 0x80001a94 (0x01d9fcb3) x25 0x00000000
core   0: 0x80001a98 (0x014245b3) xor     a1, tp, s4
core   0: 3 0x80001a98 (0x014245b3) x11 0xfffffee0
core   0: 0x80001a9c (0x01594ab3) xor     s5, s2, s5
core   0: 3 0x80001a9c (0x01594ab3) x21 0x0308b16b
core   0: 0x80001aa0 (0x23680993) addi    s3, a6, 566
core   0: 3 0x80001aa0 (0x23680993) x19 0x80018f1a
core   0: 0x80001aa4 (0xf86cad93) slti    s11, s9, -122
core   0: 3 0x80001aa4 (0xf86cad93) x27 0x00000000
core   0: 0x80001aa8 (0x00728e33) add     t3, t0, t2
core   0: 3 0x80001aa8 (0x00728e33) x28 0x0000037f
core   0: 0x80001aac (0x0215cf33) div     t5, a1, ra
core   0: 3 0x80001aac (0x0215cf33) x30 0x00000000
core   0: 0x80001ab0 (0x0170deb3) srl     t4, ra, s7
core   0: 3 0x80001ab0 (0x0170deb3) x29 0xff7227bf
core   0: 0x80001ab4 (0x02210c33) mul     s8, sp, sp
core   0: 3 0x80001ab4 (0x02210c33) x24 0x001b5124
core   0: 0x80001ab8 (0x027fe7b3) rem     a5, t6, t2
core   0: 3 0x80001ab8 (0x027fe7b3) x15 0xffffffff
core   0: 0x80001abc (0x037448b3) div     a7, s0, s7
core   0: 3 0x80001abc (0x037448b3) x17 0xffffffff
core   0: 0x80001ac0 (0x00628cb3) add     s9, t0, t1
core   0: 3 0x80001ac0 (0x00628cb3) x25 0xfffff722
core   0: 0x80001ac4 (0x01a257b3) srl     a5, tp, s10
core   0: 3 0x80001ac4 (0x01a257b3) x15 0x00000000
core   0: 0x80001ac8 (0x031a58b3) divu    a7, s4, a7
core   0: 3 0x80001ac8 (0x031a58b3) x17 0x00000000
core   0: 0x80001acc (0x003bf433) and     s0, s7, gp
core   0: 3 0x80001acc (0x003bf433) x 8 0x00000000
core   0: 0x80001ad0 (0xb5a0f393) andi    t2, ra, -1190
core   0: 3 0x80001ad0 (0xb5a0f393) x 7 0xff72231a
core   0: 0x80001ad4 (0x02a1df33) divu    t5, gp, a0
core   0: 3 0x80001ad4 (0x02a1df33) x30 0x00000000
core   0: 0x80001ad8 (0x00ec55b3) srl     a1, s8, a4
core   0: 3 0x80001ad8 (0x00ec55b3) x11 0x00000036
core   0: 0x80001adc (0x03fa0e33) mul     t3, s4, t6
core   0: 3 0x80001adc (0x03fa0e33) x28 0x00000120
core   0: 0x80001ae0 (0x404a0433) sub     s0, s4, tp
core   0: 3 0x80001ae0 (0x404a0433) x 8 0xfffffee0
core   0: 0x80001ae4 (0x005a7bb3) and     s7, s4, t0
core   0: 3 0x80001ae4 (0x005a7bb3) x23 0x00000000
core   0: 0x80001ae8 (0x40f95f13) srai    t5, s2, 15
core   0: 3 0x80001ae8 (0x40f95f13) x30 0x00000611
core   0: 0x80001aec (0x015bb133) sltu    sp, s7, s5
core   0: 3 0x80001aec (0x015bb133) x 2 0x00000001
core   0: 0x80001af0 (0x00ba9013) slli    zero, s5, 11
core   0: 3 0x80001af0 (0x00ba9013)
core   0: 0x80001af4 (0x03a7bd33) mulhu   s10, a5, s10
core   0: 3 0x80001af4 (0x03a7bd33) x26 0x00000000
core   0: 0x80001af8 (0x011e2bb3) slt     s7, t3, a7
core   0: 3 0x80001af8 (0x011e2bb3) x23 0x00000000
core   0: 0x80001afc (0x05622713) slti    a4, tp, 86
core   0: 3 0x80001afc (0x05622713) x14 0x00000001
core   0: 0x80001b00 (0x01382333) slt     t1, a6, s3
core   0: 3 0x80001b00 (0x01382333) x 6 0x00000001
core   0: 0x80001b04 (0x40e35933) sra     s2, t1, a4
core   0: 3 0x80001b04 (0x40e35933) x18 0x00000000
core   0: 0x80001b08 (0xb7e81d97) auipc   s11, 0xb7e81
core   0: 3 0x80001b08 (0xb7e81d97) x27 0x37e82b08
core   0: 0x80001b0c (0x00925cb3) srl     s9, tp, s1
core   0: 3 0x80001b0c (0x00925cb3) x25 0x00000000
core   0: 0x80001b10 (0x03c782b3) mul     t0, a5, t3
core   0: 3 0x80001b10 (0x03c782b3) x 5 0x00000000
core   0: 0x80001b14 (0xe2f10c93) addi    s9, sp, -465
core   0: 3 0x80001b14 (0xe2f10c93) x25 0xfffffe30
core   0: 0x80001b18 (0x03cb6933) rem     s2, s6, t3
core   0: 3 0x80001b18 (0x03cb6933) x18 0xffffffc4
core   0: 0x80001b1c (0x031bb2b3) mulhu   t0, s7, a7
core   0: 3 0x80001b1c (0x031bb2b3) x 5 0x00000000
core   0: 0x80001b20 (0x028fe1b3) rem     gp, t6, s0
core   0: 3 0x80001b20 (0x028fe1b3) x 3 0xffffffff
core   0: 0x80001b24 (0x01c95133) srl     sp, s2, t3
core   0: 3 0x80001b24 (0x01c95133) x 2 0xffffffc4
core   0: 0x80001b28 (0x002e0333) add     t1, t3, sp
core   0: 3 0x80001b28 (0x002e0333) x 6 0x000000e4
core   0: 0x80001b2c (0x00000013) nop
core   0: 3 0x80001b2c (0x00000013)
core   0: 0x80001b30 (0x01244433) xor     s0, s0, s2
core   0: 3 0x80001b30 (0x01244433) x 8 0x00000124
core   0: 0x80001b34 (0x00000013) nop
core   0: 3 0x80001b34 (0x00000013)
core   0: 0x80001b38 (0x0029de93) srli    t4, s3, 2
core   0: 3 0x80001b38 (0x0029de93) x29 0x200063c6
core   0: 0x80001b3c (0x02728333) mul     t1, t0, t2
core   0: 3 0x80001b3c (0x02728333) x 6 0x00000000
core   0: 0x80001b40 (0x00181033) sll     zero, a6, ra
core   0: 3 0x80001b40 (0x00181033)
core   0: 0x80001b44 (0x00000013) nop
core   0: 3 0x80001b44 (0x00000013)
core   0: 0x80001b48 (0x029d6933) rem     s2, s10, s1
core   0: 3 0x80001b48 (0x029d6933) x18 0x00000000
core   0: 0x80001b4c (0x1a37f637) lui     a2, 0x1a37f
core   0: 3 0x80001b4c (0x1a37f637) x12 0x1a37f000
core   0: 0x80001b50 (0x45ca7e13) andi    t3, s4, 1116
core   0: 3 0x80001b50 (0x45ca7e13) x28 0x00000440
core   0: 0x80001b54 (0x6695e397) auipc   t2, 0x6695e
core   0: 3 0x80001b54 (0x6695e397) x 7 0xe695fb54
core   0: 0x80001b58 (0x40370eb3) sub     t4, a4, gp
core   0: 3 0x80001b58 (0x40370eb3) x29 0x00000002
core   0: 0x80001b5c (0x00c61433) sll     s0, a2, a2
core   0: 3 0x80001b5c (0x00c61433) x 8 0x1a37f000
core   0: 0x80001b60 (0x02052133) mulhsu  sp, a0, zero
core   0: 3 0x80001b60 (0x02052133) x 2 0x00000000
core   0: 0x80001b64 (0x00000013) nop
core   0: 3 0x80001b64 (0x00000013)
core   0: 0x80001b68 (0x41925113) srai    sp, tp, 25
core   0: 3 0x80001b68 (0x41925113) x 2 0x00000000
core   0: 0x80001b6c (0x00871893) slli    a7, a4, 8
core   0: 3 0x80001b6c (0x00871893) x17 0x00000100
core   0: 0x80001b70 (0xdfdabe13) sltiu   t3, s5, -515
core   0: 3 0x80001b70 (0xdfdabe13) x28 0x00000001
core   0: 0x80001b74 (0xb0aee693) ori     a3, t4, -1270
core   0: 3 0x80001b74 (0xb0aee693) x13 0xfffffb0a
core   0: 0x80001b78 (0x03889ab3) mulh    s5, a7, s8
core   0: 3 0x80001b78 (0x03889ab3) x21 0x00000000
core   0: 0x80001b7c (0xb97617b7) lui     a5, 0xb9761
core   0: 3 0x80001b7c (0xb97617b7) x15 0xb9761000
core   0: 0x80001b80 (0xbd1dfd93) andi    s11, s11, -1071
core   0: 3 0x80001b80 (0xbd1dfd93) x27 0x37e82b00
core   0: 0x80001b84 (0x50dca5b7) lui     a1, 0x50dca
core   0: 3 0x80001b84 (0x50dca5b7) x11 0x50dca000
core   0: 0x80001b88 (0x012bb3b3) sltu    t2, s7, s2
core   0: 3 0x80001b88 (0x012bb3b3) x 7 0x00000000
core   0: 0x80001b8c (0x9847f437) lui     s0, 0x9847f
core   0: 3 0x80001b8c (0x9847f437) x 8 0x9847f000
core   0: 0x80001b90 (0x031e7e33) remu    t3, t3, a7
core   0: 3 0x80001b90 (0x031e7e33) x28 0x00000001
core   0: 0x80001b94 (0x023f11b3) mulh    gp, t5, gp
core   0: 3 0x80001b94 (0x023f11b3) x 3 0xffffffff
core   0: 0x80001b98 (0x3bfe8e13) addi    t3, t4, 959
core   0: 3 0x80001b98 (0x3bfe8e13) x28 0x000003c1
core   0: 0x80001b9c (0x00de7333) and     t1, t3, a3
core   0: 3 0x80001b9c (0x00de7333) x 6 0x00000300
core   0: 0x80001ba0 (0x02c885b3) mul     a1, a7, a2
core   0: 3 0x80001ba0 (0x02c885b3) x11 0x37f00000
core   0: 0x80001ba4 (0x0356ebb3) rem     s7, a3, s5
core   0: 3 0x80001ba4 (0x0356ebb3) x23 0xfffffb0a
core   0: 0x80001ba8 (0x30a5c013) xori    zero, a1, 778
core   0: 3 0x80001ba8 (0x30a5c013)
core   0: 0x80001bac (0xc0ab3a93) sltiu   s5, s6, -1014
core   0: 3 0x80001bac (0xc0ab3a93) x21 0x00000001
core   0: 0x80001bb0 (0x024f16b3) mulh    a3, t5, tp
core   0: 3 0x80001bb0 (0x024f16b3) x13 0x00000000
core   0: 0x80001bb4 (0x10c6f4b7) lui     s1, 0x10c6f
core   0: 3 0x80001bb4 (0x10c6f4b7) x 9 0x10c6f000
core   0: 0x80001bb8 (0x0034bdb3) sltu    s11, s1, gp
core   0: 3 0x80001bb8 (0x0034bdb3) x27 0x00000001
core   0: 0x80001bbc (0xd2530a93) addi    s5, t1, -731
core   0: 3 0x80001bbc (0xd2530a93) x21 0x00000025
core   0: 0x80001bc0 (0x008200b3) add     ra, tp, s0
core   0: 3 0x80001bc0 (0x008200b3) x 1 0x9847f000
core   0: 0x80001bc4 (0x0254cf33) div     t5, s1, t0
core   0: 3 0x80001bc4 (0x0254cf33) x30 0xffffffff
core   0: 0x80001bc8 (0x00b26ab3) or      s5, tp, a1
core   0: 3 0x80001bc8 (0x00b26ab3) x21 0x37f00000
core   0: 0x80001bcc (0x563d7713) andi    a4, s10, 1379
core   0: 3 0x80001bcc (0x563d7713) x14 0x00000000
core   0: 0x80001bd0 (0xd9941c97) auipc   s9, 0xd9941
core   0: 3 0x80001bd0 (0xd9941c97) x25 0x59942bd0
core   0: 0x80001bd4 (0x3ab58f13) addi    t5, a1, 939
core   0: 3 0x80001bd4 (0x3ab58f13) x30 0x37f003ab
core   0: 0x80001bd8 (0xfe6cdc97) auipc   s9, 0xfe6cd
core   0: 3 0x80001bd8 (0xfe6cdc97) x25 0x7e6cebd8
core   0: 0x80001bdc (0x0e283c17) auipc   s8, 0xe283
core   0: 3 0x80001bdc (0x0e283c17) x24 0x8e284bdc
core   0: 0x80001be0 (0x039a7fb3) remu    t6, s4, s9
core   0: 3 0x80001be0 (0x039a7fb3) x31 0x03262730
core   0: 0x80001be4 (0xcae03017) auipc   zero, 0xcae03
core   0: 3 0x80001be4 (0xcae03017)
core   0: 0x80001be8 (0x02cc5d33) divu    s10, s8, a2
core   0: 3 0x80001be8 (0x02cc5d33) x26 0x00000005
core   0: 0x80001bec (0x258a8213) addi    tp, s5, 600
core   0: 3 0x80001bec (0x258a8213) x 4 0x37f00258
core   0: 0x80001bf0 (0xa8057917) auipc   s2, 0xa8057
core   0: 3 0x80001bf0 (0xa8057917) x18 0x28058bf0
core   0: 0x80001bf4 (0x02f91f33) mulh    t5, s2, a5
core   0: 3 0x80001bf4 (0x02f91f33) x30 0xf4f8eb3f
core   0: 0x80001bf8 (0x00a13a33) sltu    s4, sp, a0
core   0: 3 0x80001bf8 (0x00a13a33) x20 0x00000001
core   0: 0x80001bfc (0x02fbc933) div     s2, s7, a5
core   0: 3 0x80001bfc (0x02fbc933) x18 0x00000000
core   0: 0x80001c00 (0x13a95917) auipc   s2, 0x13a95
core   0: 3 0x80001c00 (0x13a95917) x18 0x93a96c00
core   0: 0x80001c04 (0x035c2ab3) mulhsu  s5, s8, s5
core   0: 3 0x80001c04 (0x035c2ab3) x21 0xe71fee13
core   0: 0x80001c08 (0x01e19c93) slli    s9, gp, 30
core   0: 3 0x80001c08 (0x01e19c93) x25 0xc0000000
core   0: 0x80001c0c (0x00319133) sll     sp, gp, gp
core   0: 3 0x80001c0c (0x00319133) x 2 0x80000000
core   0: 0x80001c10 (0x03e71fb3) mulh    t6, a4, t5
core   0: 3 0x80001c10 (0x03e71fb3) x31 0x00000000
core   0: 0x80001c14 (0x030aa933) mulhsu  s2, s5, a6
core   0: 3 0x80001c14 (0x030aa933) x18 0xf38fd078
core   0: 0x80001c18 (0x0146d493) srli    s1, a3, 20
core   0: 3 0x80001c18 (0x0146d493) x 9 0x00000000
core   0: 0x80001c1c (0x40d1dd13) srai    s10, gp, 13
core   0: 3 0x80001c1c (0x40d1dd13) x26 0xffffffff
core   0: 0x80001c20 (0x1d05f213) andi    tp, a1, 464
core   0: 3 0x80001c20 (0x1d05f213) x 4 0x00000000
core   0: 0x80001c24 (0xe8cb4993) xori    s3, s6, -372
core   0: 3 0x80001c24 (0xe8cb4993) x19 0x7ffeb0e8
core   0: 0x80001c28 (0x6f596a93) ori     s5, s2, 1781
core   0: 3 0x80001c28 (0x6f596a93) x21 0xf38fd6fd
core   0: 0x80001c2c (0xc0cdfa13) andi    s4, s11, -1012
core   0: 3 0x80001c2c (0xc0cdfa13) x20 0x00000000
core   0: 0x80001c30 (0x0a9b2793) slti    a5, s6, 169
core   0: 3 0x80001c30 (0x0a9b2793) x15 0x00000001
core   0: 0x80001c34 (0x016a4933) xor     s2, s4, s6
core   0: 3 0x80001c34 (0x016a4933) x18 0x80014e64
core   0: 0x80001c38 (0xadff1497) auipc   s1, 0xadff1
core   0: 3 0x80001c38 (0xadff1497) x 9 0x2dff2c38
core   0: 0x80001c3c (0x00000013) nop
core   0: 3 0x80001c3c (0x00000013)
core   0: 0x80001c40 (0x0347cc33) div     s8, a5, s4
core   0: 3 0x80001c40 (0x0347cc33) x24 0xffffffff
core   0: 0x80001c44 (0x00b65913) srli    s2, a2, 11
core   0: 3 0x80001c44 (0x00b65913) x18 0x000346fe
core   0: 0x80001c48 (0x3caecf93) xori    t6, t4, 970
core   0: 3 0x80001c48 (0x3caecf93) x31 0x000003c8
core   0: 0x80001c4c (0x009f4433) xor     s0, t5, s1
core   0: 3 0x80001c4c (0x009f4433) x 8 0xd907c707
core   0: 0x80001c50 (0x03cc42b3) div     t0, s8, t3
core   0: 3 0x80001c50 (0x03cc42b3) x 5 0x00000000
core   0: 0x80001c54 (0x018e6933) or      s2, t3, s8
core   0: 3 0x80001c54 (0x018e6933) x18 0xffffffff
core   0: 0x80001c58 (0x03372e33) mulhsu  t3, a4, s3
core   0: 3 0x80001c58 (0x03372e33) x28 0x00000000
core   0: 0x80001c5c (0x0233ee33) rem     t3, t2, gp
core   0: 3 0x80001c5c (0x0233ee33) x28 0x00000000
core   0: 0x80001c60 (0x011b53b3) srl     t2, s6, a7
core   0: 3 0x80001c60 (0x011b53b3) x 7 0x80014e64
core   0: 0x80001c64 (0x41ae05b3) sub     a1, t3, s10
core   0: 3 0x80001c64 (0x41ae05b3) x11 0x00000001
core   0: 0x80001c68 (0x01038ab3) add     s5, t2, a6
core   0: 3 0x80001c68 (0x01038ab3) x21 0x0002db48
core   0: 0x80001c6c (0xae62ca93) xori    s5, t0, -1306
core   0: 3 0x80001c6c (0xae62ca93) x21 0xfffffae6
core   0: 0x80001c70 (0x00109793) slli    a5, ra, 1
core   0: 3 0x80001c70 (0x00109793) x15 0x308fe000
core   0: 0x80001c74 (0x00fea793) slti    a5, t4, 15
core   0: 3 0x80001c74 (0x00fea793) x15 0x00000001
core   0: 0x80001c78 (0x41105e13) srai    t3, zero, 17
core   0: 3 0x80001c78 (0x41105e13) x28 0x00000000
core   0: 0x80001c7c (0x01f9e133) or      sp, s3, t6
core   0: 3 0x80001c7c (0x01f9e133) x 2 0x7ffeb3e8
core   0: 0x80001c80 (0x03229cb3) mulh    s9, t0, s2
core   0: 3 0x80001c80 (0x03229cb3) x25 0x00000000
core   0: 0x80001c84 (0x01ec52b3) srl     t0, s8, t5
core   0: 3 0x80001c84 (0x01ec52b3) x 5 0x00000001
core   0: 0x80001c88 (0x03e14f33) div     t5, sp, t5
core   0: 3 0x80001c88 (0x03e14f33) x30 0xfffffff5
core   0: 0x80001c8c (0x02736733) rem     a4, t1, t2
core   0: 3 0x80001c8c (0x02736733) x14 0x00000300
core   0: 0x80001c90 (0x511a6693) ori     a3, s4, 1297
core   0: 3 0x80001c90 (0x511a6693) x13 0x00000511
core   0: 0x80001c94 (0x00c4d093) srli    ra, s1, 12
core   0: 3 0x80001c94 (0x00c4d093) x 1 0x0002dff2
core   0: 0x80001c98 (0x00000013) nop
core   0: 3 0x80001c98 (0x00000013)
core   0: 0x80001c9c (0x0119b7b3) sltu    a5, s3, a7
core   0: 3 0x80001c9c (0x0119b7b3) x15 0x00000000
core   0: 0x80001ca0 (0x025f7933) remu    s2, t5, t0
core   0: 3 0x80001ca0 (0x025f7933) x18 0x00000000
core   0: 0x80001ca4 (0x406f8233) sub     tp, t6, t1
core   0: 3 0x80001ca4 (0x406f8233) x 4 0x000000c8
core   0: 0x80001ca8 (0x4016dbb3) sra     s7, a3, ra
core   0: 3 0x80001ca8 (0x4016dbb3) x23 0x00000000
core   0: 0x80001cac (0x02221ab3) mulh    s5, tp, sp
core   0: 3 0x80001cac (0x02221ab3) x21 0x00000063
core   0: 0x80001cb0 (0x013521b3) slt     gp, a0, s3
core   0: 3 0x80001cb0 (0x013521b3) x 3 0x00000001
core   0: 0x80001cb4 (0x82fe3f93) sltiu   t6, t3, -2001
core   0: 3 0x80001cb4 (0x82fe3f93) x31 0x00000001
core   0: 0x80001cb8 (0x039c8cb3) mul     s9, s9, s9
core   0: 3 0x80001cb8 (0x039c8cb3) x25 0x00000000
core   0: 0x80001cbc (0x018839b3) sltu    s3, a6, s8
core   0: 3 0x80001cbc (0x018839b3) x19 0x00000001
core   0: 0x80001cc0 (0x0087c933) xor     s2, a5, s0
core   0: 3 0x80001cc0 (0x0087c933) x18 0xd907c707
core   0: 0x80001cc4 (0x413200b3) sub     ra, tp, s3
core   0: 3 0x80001cc4 (0x413200b3) x 1 0x000000c7
core   0: 0x80001cc8 (0x024b7933) remu    s2, s6, tp
core   0: 3 0x80001cc8 (0x024b7933) x18 0x00000034
core   0: 0x80001ccc (0x01035fb3) srl     t6, t1, a6
core   0: 3 0x80001ccc (0x01035fb3) x31 0x00000030
core   0: 0x80001cd0 (0x0301c233) div     tp, gp, a6
core   0: 3 0x80001cd0 (0x0301c233) x 4 0x00000000
core   0: 0x80001cd4 (0x0296d9b3) divu    s3, a3, s1
core   0: 3 0x80001cd4 (0x0296d9b3) x19 0x00000000
core   0: 0x80001cd8 (0x00a565b3) or      a1, a0, a0
core   0: 3 0x80001cd8 (0x00a565b3) x11 0x80000000
core   0: 0x80001cdc (0x021e4db3) div     s11, t3, ra
core   0: 3 0x80001cdc (0x021e4db3) x27 0x00000000
core   0: 0x80001ce0 (0x01285f93) srli    t6, a6, 18
core   0: 3 0x80001ce0 (0x01285f93) x31 0x00002000
core   0: 0x80001ce4 (0x00000013) nop
core   0: 3 0x80001ce4 (0x00000013)
core   0: 0x80001ce8 (0x0329c433) div     s0, s3, s2
core   0: 3 0x80001ce8 (0x0329c433) x 8 0x00000000
core   0: 0x80001cec (0x01cae633) or      a2, s5, t3
core   0: 3 0x80001cec (0x01cae633) x12 0x00000063
core   0: 0x80001cf0 (0xbb880893) addi    a7, a6, -1096
core   0: 3 0x80001cf0 (0xbb880893) x17 0x8001889c
core   0: 0x80001cf4 (0x00435593) srli    a1, t1, 4
core   0: 3 0x80001cf4 (0x00435593) x11 0x00000030
core   0: 0x80001cf8 (0x2fa8ab93) slti    s7, a7, 762
core   0: 3 0x80001cf8 (0x2fa8ab93) x23 0x00000001
core   0: 0x80001cfc (0x6625e237) lui     tp, 0x6625e
core   0: 3 0x80001cfc (0x6625e237) x 4 0x6625e000
core   0: 0x80001d00 (0x68e57013) andi    zero, a0, 1678
core   0: 3 0x80001d00 (0x68e57013)
core   0: 0x80001d04 (0x03f3ef33) rem     t5, t2, t6
core   0: 3 0x80001d04 (0x03f3ef33) x30 0xffffee64
core   0: 0x80001d08 (0xf0b84993) xori    s3, a6, -245
core   0: 3 0x80001d08 (0xf0b84993) x19 0x7ffe73ef
core   0: 0x80001d0c (0x0035ba33) sltu    s4, a1, gp
core   0: 3 0x80001d0c (0x0035ba33) x20 0x00000000
core   0: 0x80001d10 (0x00a2ed33) or      s10, t0, a0
core   0: 3 0x80001d10 (0x00a2ed33) x26 0x80000001
core   0: 0x80001d14 (0x00920db3) add     s11, tp, s1
core   0: 3 0x80001d14 (0x00920db3) x27 0x94250c38
core   0: 0x80001d18 (0x010723b3) slt     t2, a4, a6
core   0: 3 0x80001d18 (0x010723b3) x 7 0x00000000
core   0: 0x80001d1c (0x408c5113) srai    sp, s8, 8
core   0: 3 0x80001d1c (0x408c5113) x 2 0xffffffff
core   0: 0x80001d20 (0x01f349b3) xor     s3, t1, t6
core   0: 3 0x80001d20 (0x01f349b3) x19 0x00002300
core   0: 0x80001d24 (0x036c99b3) mulh    s3, s9, s6
core   0: 3 0x80001d24 (0x036c99b3) x19 0x00000000
core   0: 0x80001d28 (0xd986e697) auipc   a3, 0xd986e
core   0: 3 0x80001d28 (0xd986e697) x13 0x5986fd28
core   0: 0x80001d2c (0xe4c10c93) addi    s9, sp, -436
core   0: 3 0x80001d2c (0xe4c10c93) x25 0xfffffe4b
core   0: 0x80001d30 (0x024014b3) mulh    s1, zero, tp
core   0: 3 0x80001d30 (0x024014b3) x 9 0x00000000
core   0: 0x80001d34 (0x02322933) mulhsu  s2, tp, gp
core   0: 3 0x80001d34 (0x02322933) x18 0x00000000
core   0: 0x80001d38 (0x0089c1b3) xor     gp, s3, s0
core   0: 3 0x80001d38 (0x0089c1b3) x 3 0x00000000
core   0: 0x80001d3c (0x02114d33) div     s10, sp, ra
core   0: 3 0x80001d3c (0x02114d33) x26 0x00000000
core   0: 0x80001d40 (0x62998193) addi    gp, s3, 1577
core   0: 3 0x80001d40 (0x62998193) x 3 0x00000629
core   0: 0x80001d44 (0x95850c13) addi    s8, a0, -1704
core   0: 3 0x80001d44 (0x95850c13) x24 0x7ffff958
core   0: 0x80001d48 (0x01069a93) slli    s5, a3, 16
core   0: 3 0x80001d48 (0x01069a93) x21 0xfd280000
core   0: 0x80001d4c (0x01363ab3) sltu    s5, a2, s3
core   0: 3 0x80001d4c (0x01363ab3) x21 0x00000000
core   0: 0x80001d50 (0x1eb96613) ori     a2, s2, 491
core   0: 3 0x80001d50 (0x1eb96613) x12 0x000001eb
core   0: 0x80001d54 (0x027079b3) remu    s3, zero, t2
core   0: 3 0x80001d54 (0x027079b3) x19 0x00000000
core   0: 0x80001d58 (0x0af62c17) auipc   s8, 0xaf62
core   0: 3 0x80001d58 (0x0af62c17) x24 0x8af63d58
core   0: 0x80001d5c (0x01f09eb3) sll     t4, ra, t6
core   0: 3 0x80001d5c (0x01f09eb3) x29 0x000000c7
core   0: 0x80001d60 (0x096b8793) addi    a5, s7, 150
core   0: 3 0x80001d60 (0x096b8793) x15 0x00000097
core   0: 0x80001d64 (0x83def693) andi    a3, t4, -1987
core   0: 3 0x80001d64 (0x83def693) x13 0x00000005
core   0: 0x80001d68 (0x00d572b3) and     t0, a0, a3
core   0: 3 0x80001d68 (0x00d572b3) x 5 0x00000000
core   0: 0x80001d6c (0x2b2b8993) addi    s3, s7, 690
core   0: 3 0x80001d6c (0x2b2b8993) x19 0x000002b3
core   0: 0x80001d70 (0x8aee1297) auipc   t0, 0x8aee1
core   0: 3 0x80001d70 (0x8aee1297) x 5 0x0aee2d70
core   0: 0x80001d74 (0x4032d393) srai    t2, t0, 3
core   0: 3 0x80001d74 (0x4032d393) x 7 0x015dc5ae
core   0: 0x80001d78 (0xe33b97b7) lui     a5, 0xe33b9
core   0: 3 0x80001d78 (0xe33b97b7) x15 0xe33b9000
core   0: 0x80001d7c (0xb702b913) sltiu   s2, t0, -1168
core   0: 3 0x80001d7c (0xb702b913) x18 0x00000001
core   0: 0x80001d80 (0xad77f213) andi    tp, a5, -1321
core   0: 3 0x80001d80 (0xad77f213) x 4 0xe33b9000
core   0: 0x80001d84 (0x034f5eb3) divu    t4, t5, s4
core   0: 3 0x80001d84 (0x034f5eb3) x29 0xffffffff
core   0: 0x80001d88 (0x02e4c633) div     a2, s1, a4
core   0: 3 0x80001d88 (0x02e4c633) x12 0x00000000
core   0: 0x80001d8c (0xe6dae693) ori     a3, s5, -403
core   0: 3 0x80001d8c (0xe6dae693) x13 0xfffffe6d
core   0: 0x80001d90 (0x64d7e913) ori     s2, a5, 1613
core   0: 3 0x80001d90 (0x64d7e913) x18 0xe33b964d
core   0: 0x80001d94 (0x019ba4b3) slt     s1, s7, s9
core   0: 3 0x80001d94 (0x019ba4b3) x 9 0x00000000
core   0: 0x80001d98 (0x02dfb433) mulhu   s0, t6, a3
core   0: 3 0x80001d98 (0x02dfb433) x 8 0x00001fff
core   0: 0x80001d9c (0x00000013) nop
core   0: 3 0x80001d9c (0x00000013)
core   0: 0x80001da0 (0xbfb37f93) andi    t6, t1, -1029
core   0: 3 0x80001da0 (0xbfb37f93) x31 0x00000300
core   0: 0x80001da4 (0x02af28b3) mulhsu  a7, t5, a0
core   0: 3 0x80001da4 (0x02af28b3) x17 0xfffff732
core   0: 0x80001da8 (0x02e5b133) mulhu   sp, a1, a4
core   0: 3 0x80001da8 (0x02e5b133) x 2 0x00000000
core   0: 0x80001dac (0x02a53633) mulhu   a2, a0, a0
core   0: 3 0x80001dac (0x02a53633) x12 0x40000000
core   0: 0x80001db0 (0x40080933) sub     s2, a6, zero
core   0: 3 0x80001db0 (0x40080933) x18 0x80018ce4
core   0: 0x80001db4 (0x6be68393) addi    t2, a3, 1726
core   0: 3 0x80001db4 (0x6be68393) x 7 0x0000052b
core   0: 0x80001db8 (0x40f1d8b3) sra     a7, gp, a5
core   0: 3 0x80001db8 (0x40f1d8b3) x17 0x00000629
core   0: 0x80001dbc (0x02a154b3) divu    s1, sp, a0
core   0: 3 0x80001dbc (0x02a154b3) x 9 0x00000000
core   0: 0x80001dc0 (0x02c14433) div     s0, sp, a2
core   0: 3 0x80001dc0 (0x02c14433) x 8 0x00000000
core   0: 0x80001dc4 (0x013c6a33) or      s4, s8, s3
core   0: 3 0x80001dc4 (0x013c6a33) x20 0x8af63ffb
core   0: 0x80001dc8 (0x01dd5e13) srli    t3, s10, 29
core   0: 3 0x80001dc8 (0x01dd5e13) x28 0x00000000
core   0: 0x80001dcc (0x79446e13) ori     t3, s0, 1940
core   0: 3 0x80001dcc (0x79446e13) x28 0x00000794
core   0: 0x80001dd0 (0x00413333) sltu    t1, sp, tp
core   0: 3 0x80001dd0 (0x00413333) x 6 0x00000001
core   0: 0x80001dd4 (0x26c14093) xori    ra, sp, 620
core   0: 3 0x80001dd4 (0x26c14093) x 1 0x0000026c
core   0: 0x80001dd8 (0x4865b013) sltiu   zero, a1, 1158
core   0: 3 0x80001dd8 (0x4865b013)
core   0: 0x80001ddc (0xd20eb913) sltiu   s2, t4, -736
core   0: 3 0x80001ddc (0xd20eb913) x18 0x00000000
core   0: 0x80001de0 (0x021c3d33) mulhu   s10, s8, ra
core   0: 3 0x80001de0 (0x021c3d33) x26 0x00000150
core   0: 0x80001de4 (0x02d26933) rem     s2, tp, a3
core   0: 3 0x80001de4 (0x02d26933) x18 0xffffff65
core   0: 0x80001de8 (0x01478233) add     tp, a5, s4
core   0: 3 0x80001de8 (0x01478233) x 4 0x6e31cffb
core   0: 0x80001dec (0x021a01b3) mul     gp, s4, ra
core   0: 3 0x80001dec (0x021a01b3) x 3 0x8c62f3e4
core   0: 0x80001df0 (0x00f81d93) slli    s11, a6, 15
core   0: 3 0x80001df0 (0x00f81d93) x27 0xc6720000
core   0: 0x80001df4 (0x0016b033) sltu    zero, a3, ra
core   0: 3 0x80001df4 (0x0016b033)
core   0: 0x80001df8 (0x03135333) divu    t1, t1, a7
core   0: 3 0x80001df8 (0x03135333) x 6 0x00000000
core   0: 0x80001dfc (0xeea68e93) addi    t4, a3, -278
core   0: 3 0x80001dfc (0xeea68e93) x29 0xfffffd57
core   0: 0x80001e00 (0x02b0a633) mulhsu  a2, ra, a1
core   0: 3 0x80001e00 (0x02b0a633) x12 0x00000000
core   0: 0x80001e04 (0x1359b213) sltiu   tp, s3, 309
core   0: 3 0x80001e04 (0x1359b213) x 4 0x00000000
core   0: 0x80001e08 (0x01de9f13) slli    t5, t4, 29
core   0: 3 0x80001e08 (0x01de9f13) x30 0xe0000000
core   0: 0x80001e0c (0x01b04fb3) xor     t6, zero, s11
core   0: 3 0x80001e0c (0x01b04fb3) x31 0xc6720000
core   0: 0x80001e10 (0xc95a3093) sltiu   ra, s4, -875
core   0: 3 0x80001e10 (0xc95a3093) x 1 0x00000001
core   0: 0x80001e14 (0x01049c93) slli    s9, s1, 16
core   0: 3 0x80001e14 (0x01049c93) x25 0x00000000
core   0: 0x80001e18 (0x40735213) srai    tp, t1, 7
core   0: 3 0x80001e18 (0x40735213) x 4 0x00000000
core   0: 0x80001e1c (0x024a40b3) div     ra, s4, tp
core   0: 3 0x80001e1c (0x024a40b3) x 1 0xffffffff
core   0: 0x80001e20 (0x004a7c33) and     s8, s4, tp
core   0: 3 0x80001e20 (0x004a7c33) x24 0x00000000
core   0: 0x80001e24 (0xed85e613) ori     a2, a1, -296
core   0: 3 0x80001e24 (0xed85e613) x12 0xfffffef8
core   0: 0x80001e28 (0x01239f93) slli    t6, t2, 18
core   0: 3 0x80001e28 (0x01239f93) x31 0x14ac0000
core   0: 0x80001e2c (0xcf183037) lui     zero, 0xcf183
core   0: 3 0x80001e2c (0xcf183037)
core   0: 0x80001e30 (0x03254bb3) div     s7, a0, s2
core   0: 3 0x80001e30 (0x03254bb3) x23 0x00d3680d
core   0: 0x80001e34 (0x01aadc33) srl     s8, s5, s10
core   0: 3 0x80001e34 (0x01aadc33) x24 0x00000000
core   0: 0x80001e38 (0xf222b417) auipc   s0, 0xf222b
core   0: 3 0x80001e38 (0xf222b417) x 8 0x7222ce38
core   0: 0x80001e3c (0xad89e293) ori     t0, s3, -1320
core   0: 3 0x80001e3c (0xad89e293) x 5 0xfffffafb
core   0: 0x80001e40 (0x030a2fb3) mulhsu  t6, s4, a6
core   0: 3 0x80001e40 (0x030a2fb3) x31 0xc57a6a8a
core   0: 0x80001e44 (0xd6570013) addi    zero, a4, -667
core   0: 3 0x80001e44 (0xd6570013)
core   0: 0x80001e48 (0x5592ba13) sltiu   s4, t0, 1369
core   0: 3 0x80001e48 (0x5592ba13) x20 0x00000000
core   0: 0x80001e4c (0x96678013) addi    zero, a5, -1690
core   0: 3 0x80001e4c (0x96678013)
core   0: 0x80001e50 (0x112aa893) slti    a7, s5, 274
core   0: 3 0x80001e50 (0x112aa893) x17 0x00000001
core   0: 0x80001e54 (0x00e3c3b3) xor     t2, t2, a4
core   0: 3 0x80001e54 (0x00e3c3b3) x 7 0x0000062b
core   0: 0x80001e58 (0x012316b3) sll     a3, t1, s2
core   0: 3 0x80001e58 (0x012316b3) x13 0x00000000
core   0: 0x80001e5c (0x01e55033) srl     zero, a0, t5
core   0: 3 0x80001e5c (0x01e55033)
core   0: 0x80001e60 (0xd1772ab7) lui     s5, 0xd1772
core   0: 3 0x80001e60 (0xd1772ab7) x21 0xd1772000
core   0: 0x80001e64 (0x01696433) or      s0, s2, s6
core   0: 3 0x80001e64 (0x01696433) x 8 0xffffff65
core   0: 0x80001e68 (0x00000013) nop
core   0: 3 0x80001e68 (0x00000013)
core   0: 0x80001e6c (0x0389be33) mulhu   t3, s3, s8
core   0: 3 0x80001e6c (0x0389be33) x28 0x00000000
core   0: 0x80001e70 (0x017771b3) and     gp, a4, s7
core   0: 3 0x80001e70 (0x017771b3) x 3 0x00000000
core   0: 0x80001e74 (0x017166b3) or      a3, sp, s7
core   0: 3 0x80001e74 (0x017166b3) x13 0x00d3680d
core   0: 0x80001e78 (0x01819233) sll     tp, gp, s8
core   0: 3 0x80001e78 (0x01819233) x 4 0x00000000
core   0: 0x80001e7c (0x31fcef13) ori     t5, s9, 799
core   0: 3 0x80001e7c (0x31fcef13) x30 0x0000031f
core   0: 0x80001e80 (0x01ce9e33) sll     t3, t4, t3
core   0: 3 0x80001e80 (0x01ce9e33) x28 0xfffffd57
core   0: 0x80001e84 (0xebc1e313) ori     t1, gp, -324
core   0: 3 0x80001e84 (0xebc1e313) x 6 0xfffffebc
core   0: 0x80001e88 (0x00275f93) srli    t6, a4, 2
core   0: 3 0x80001e88 (0x00275f93) x31 0x000000c0
core   0: 0x80001e8c (0x034f17b3) mulh    a5, t5, s4
core   0: 3 0x80001e8c (0x034f17b3) x15 0x00000000
core   0: 0x80001e90 (0x029c2133) mulhsu  sp, s8, s1
core   0: 3 0x80001e90 (0x029c2133) x 2 0x00000000
core   0: 0x80001e94 (0x01945c33) srl     s8, s0, s9
core   0: 3 0x80001e94 (0x01945c33) x24 0xffffff65
core   0: 0x80001e98 (0xae7e7f93) andi    t6, t3, -1305
core   0: 3 0x80001e98 (0xae7e7f93) x31 0xfffff847
core   0: 0x80001e9c (0xdd7cae93) slti    t4, s9, -553
core   0: 3 0x80001e9c (0xdd7cae93) x29 0x00000000
core   0: 0x80001ea0 (0x40dc52b3) sra     t0, s8, a3
core   0: 3 0x80001ea0 (0x40dc52b3) x 5 0xffffffff
core   0: 0x80001ea4 (0x00efd933) srl     s2, t6, a4
core   0: 3 0x80001ea4 (0x00efd933) x18 0xfffff847
core   0: 0x80001ea8 (0x00769933) sll     s2, a3, t2
core   0: 3 0x80001ea8 (0x00769933) x18 0x9b406800
core   0: 0x80001eac (0x001c86b3) add     a3, s9, ra
core   0: 3 0x80001eac (0x001c86b3) x13 0xffffffff
core   0: 0x80001eb0 (0x01779613) slli    a2, a5, 23
core   0: 3 0x80001eb0 (0x01779613) x12 0x00000000
core   0: 0x80001eb4 (0x006ef733) and     a4, t4, t1
core   0: 3 0x80001eb4 (0x006ef733) x14 0x00000000
core   0: 0x80001eb8 (0xfd3d8ab7) lui     s5, 0xfd3d8
core   0: 3 0x80001eb8 (0xfd3d8ab7) x21 0xfd3d8000
core   0: 0x80001ebc (0x949cc413) xori    s0, s9, -1719
core   0: 3 0x80001ebc (0x949cc413) x 8 0xfffff949
core   0: 0x80001ec0 (0x405cda33) sra     s4, s9, t0
core   0: 3 0x80001ec0 (0x405cda33) x20 0x00000000
core   0: 0x80001ec4 (0x01129a33) sll     s4, t0, a7
core   0: 3 0x80001ec4 (0x01129a33) x20 0xfffffffe
core   0: 0x80001ec8 (0xf9f77113) andi    sp, a4, -97
core   0: 3 0x80001ec8 (0xf9f77113) x 2 0x00000000
core   0: 0x80001ecc (0x01046433) or      s0, s0, a6
core   0: 3 0x80001ecc (0x01046433) x 8 0xfffffded
core   0: 0x80001ed0 (0x0271a1b3) mulhsu  gp, gp, t2
core   0: 3 0x80001ed0 (0x0271a1b3) x 3 0x00000000
core   0: 0x80001ed4 (0x03fa4d33) div     s10, s4, t6
core   0: 3 0x80001ed4 (0x03fa4d33) x26 0x00000000
core   0: 0x80001ed8 (0x418a89b3) sub     s3, s5, s8
core   0: 3 0x80001ed8 (0x418a89b3) x19 0xfd3d809b
core   0: 0x80001edc (0xa89cc593) xori    a1, s9, -1399
core   0: 3 0x80001edc (0xa89cc593) x11 0xfffffa89
core   0: 0x80001ee0 (0x33c9c093) xori    ra, s3, 828
core   0: 3 0x80001ee0 (0x33c9c093) x 1 0xfd3d83a7
core   0: 0x80001ee4 (0x010537b3) sltu    a5, a0, a6
core   0: 3 0x80001ee4 (0x010537b3) x15 0x00000001
core   0: 0x80001ee8 (0x01d025b3) slt     a1, zero, t4
core   0: 3 0x80001ee8 (0x01d025b3) x11 0x00000000
core   0: 0x80001eec (0x03c87d33) remu    s10, a6, t3
core   0: 3 0x80001eec (0x03c87d33) x26 0x80018ce4
core   0: 0x80001ef0 (0x00c23c33) sltu    s8, tp, a2
core   0: 3 0x80001ef0 (0x00c23c33) x24 0x00000000
core   0: 0x80001ef4 (0x03fd7033) remu    zero, s10, t6
core   0: 3 0x80001ef4 (0x03fd7033)
core   0: 0x80001ef8 (0xfaad6b93) ori     s7, s10, -86
core   0: 3 0x80001ef8 (0xfaad6b93) x23 0xffffffee
core   0: 0x80001efc (0x0151e8b3) or      a7, gp, s5
core   0: 3 0x80001efc (0x0151e8b3) x17 0xfd3d8000
core   0: 0x80001f00 (0xc1878037) lui     zero, 0xc1878
core   0: 3 0x80001f00 (0xc1878037)
core   0: 0x80001f04 (0x40448db3) sub     s11, s1, tp
core   0: 3 0x80001f04 (0x40448db3) x27 0x00000000
core   0: 0x80001f08 (0x021b99b3) mulh    s3, s7, ra
core   0: 3 0x80001f08 (0x021b99b3) x19 0x00000000
core   0: 0x80001f0c (0x41180a33) sub     s4, a6, a7
core   0: 3 0x80001f0c (0x41180a33) x20 0x82c40ce4
core   0: 0x80001f10 (0x000b9213) slli    tp, s7, 0
core   0: 3 0x80001f10 (0x000b9213) x 4 0xffffffee
core   0: 0x80001f14 (0x03a881b3) mul     gp, a7, s10
core   0: 3 0x80001f14 (0x03a881b3) x 3 0xacc60000
core   0: 0x80001f18 (0x0a62b393) sltiu   t2, t0, 166
core   0: 3 0x80001f18 (0x0a62b393) x 7 0x00000000
core   0: 0x80001f1c (0x01b60bb3) add     s7, a2, s11
core   0: 3 0x80001f1c (0x01b60bb3) x23 0x00000000
core   0: 0x80001f20 (0x944ef893) andi    a7, t4, -1724
core   0: 3 0x80001f20 (0x944ef893) x17 0x00000000
core   0: 0x80001f24 (0x031aa733) mulhsu  a4, s5, a7
core   0: 3 0x80001f24 (0x031aa733) x14 0x00000000
core   0: 0x80001f28 (0xed226193) ori     gp, tp, -302
core   0: 3 0x80001f28 (0xed226193) x 3 0xfffffffe
core   0: 0x80001f2c (0x02276733) rem     a4, a4, sp
core   0: 3 0x80001f2c (0x02276733) x14 0x00000000
core   0: 0x80001f30 (0xc8b22793) slti    a5, tp, -885
core   0: 3 0x80001f30 (0xc8b22793) x15 0x00000000
core   0: 0x80001f34 (0x00765a33) srl     s4, a2, t2
core   0: 3 0x80001f34 (0x00765a33) x20 0x00000000
core   0: 0x80001f38 (0x007a1f13) slli    t5, s4, 7
core   0: 3 0x80001f38 (0x007a1f13) x30 0x00000000
core   0: 0x80001f3c (0x00000013) nop
core   0: 3 0x80001f3c (0x00000013)
core   0: 0x80001f40 (0x007c1233) sll     tp, s8, t2
core   0: 3 0x80001f40 (0x007c1233) x 4 0x00000000
core   0: 0x80001f44 (0x00755a13) srli    s4, a0, 7
core   0: 3 0x80001f44 (0x00755a13) x20 0x01000000
core   0: 0x80001f48 (0x03f1d8b3) divu    a7, gp, t6
core   0: 3 0x80001f48 (0x03f1d8b3) x17 0x00000001
core   0: 0x80001f4c (0xfeb93993) sltiu   s3, s2, -21
core   0: 3 0x80001f4c (0xfeb93993) x19 0x00000001
core   0: 0x80001f50 (0x00000013) nop
core   0: 3 0x80001f50 (0x00000013)
core   0: 0x80001f54 (0x01a6d213) srli    tp, a3, 26
core   0: 3 0x80001f54 (0x01a6d213) x 4 0x0000003f
core   0: 0x80001f58 (0x71bf0e97) auipc   t4, 0x71bf0
core   0: 3 0x80001f58 (0x71bf0e97) x29 0xf1bf1f58
core   0: 0x80001f5c (0xf9d73a13) sltiu   s4, a4, -99
core   0: 3 0x80001f5c (0xf9d73a13) x20 0x00000001
core   0: 0x80001f60 (0x0110b5b3) sltu    a1, ra, a7
core   0: 3 0x80001f60 (0x0110b5b3) x11 0x00000000
core   0: 0x80001f64 (0x02f595b3) mulh    a1, a1, a5
core   0: 3 0x80001f64 (0x02f595b3) x11 0x00000000
core   0: 0x80001f68 (0x00000013) nop
core   0: 3 0x80001f68 (0x00000013)
core   0: 0x80001f6c (0x01f67933) and     s2, a2, t6
core   0: 3 0x80001f6c (0x01f67933) x18 0x00000000
core   0: 0x80001f70 (0x00264933) xor     s2, a2, sp
core   0: 3 0x80001f70 (0x00264933) x18 0x00000000
core   0: 0x80001f74 (0x026b1d33) mulh    s10, s6, t1
core   0: 3 0x80001f74 (0x026b1d33) x26 0x000000a1
core   0: 0x80001f78 (0x01157433) and     s0, a0, a7
core   0: 3 0x80001f78 (0x01157433) x 8 0x00000000
core   0: 0x80001f7c (0x4140d133) sra     sp, ra, s4
core   0: 3 0x80001f7c (0x4140d133) x 2 0xfe9ec1d3
core   0: 0x80001f80 (0x02ad66b3) rem     a3, s10, a0
core   0: 3 0x80001f80 (0x02ad66b3) x13 0x000000a1
core   0: 0x80001f84 (0x036e08b3) mul     a7, t3, s6
core   0: 3 0x80001f84 (0x036e08b3) x17 0x7c8677fc
core   0: 0x80001f88 (0x80ba3913) sltiu   s2, s4, -2037
core   0: 3 0x80001f88 (0x80ba3913) x18 0x00000001
core   0: 0x80001f8c (0x0247a733) mulhsu  a4, a5, tp
core   0: 3 0x80001f8c (0x0247a733) x14 0x00000000
core   0: 0x80001f90 (0x0274deb3) divu    t4, s1, t2
core   0: 3 0x80001f90 (0x0274deb3) x29 0xffffffff
core   0: 0x80001f94 (0x02838d33) mul     s10, t2, s0
core   0: 3 0x80001f94 (0x02838d33) x26 0x00000000
core   0: 0x80001f98 (0x01569893) slli    a7, a3, 21
core   0: 3 0x80001f98 (0x01569893) x17 0x14200000
core   0: 0x80001f9c (0xf85b8a97) auipc   s5, 0xf85b8
core   0: 3 0x80001f9c (0xf85b8a97) x21 0x785b9f9c
core   0: 0x80001fa0 (0xd869e2b7) lui     t0, 0xd869e
core   0: 3 0x80001fa0 (0xd869e2b7) x 5 0xd869e000
core   0: 0x80001fa4 (0x41a1d3b3) sra     t2, gp, s10
core   0: 3 0x80001fa4 (0x41a1d3b3) x 7 0xfffffffe
core   0: 0x80001fa8 (0x005715b3) sll     a1, a4, t0
core   0: 3 0x80001fa8 (0x005715b3) x11 0x00000000
core   0: 0x80001fac (0xadbe7913) andi    s2, t3, -1317
core   0: 3 0x80001fac (0xadbe7913) x18 0xfffff853
core   0: 0x80001fb0 (0x41acd9b3) sra     s3, s9, s10
core   0: 3 0x80001fb0 (0x41acd9b3) x19 0x00000000
core   0: 0x80001fb4 (0x00d0c933) xor     s2, ra, a3
core   0: 3 0x80001fb4 (0x00d0c933) x18 0xfd3d8306
core   0: 0x80001fb8 (0x407dcdb7) lui     s11, 0x407dc
core   0: 3 0x80001fb8 (0x407dcdb7) x27 0x407dc000
core   0: 0x80001fbc (0x19e8e593) ori     a1, a7, 414
core   0: 3 0x80001fbc (0x19e8e593) x11 0x1420019e
core   0: 0x80001fc0 (0x01611a13) slli    s4, sp, 22
core   0: 3 0x80001fc0 (0x01611a13) x20 0x74c00000
core   0: 0x80001fc4 (0x00f7d413) srli    s0, a5, 15
core   0: 3 0x80001fc4 (0x00f7d413) x 8 0x00000000
core   0: 0x80001fc8 (0x019286b3) add     a3, t0, s9
core   0: 3 0x80001fc8 (0x019286b3) x13 0xd869e000
core   0: 0x80001fcc (0x0304bbb3) mulhu   s7, s1, a6
core   0: 3 0x80001fcc (0x0304bbb3) x23 0x00000000
core   0: 0x80001fd0 (0x00506bb3) or      s7, zero, t0
core   0: 3 0x80001fd0 (0x00506bb3) x23 0xd869e000
core   0: 0x80001fd4 (0xc827a593) slti    a1, a5, -894
core   0: 3 0x80001fd4 (0xc827a593) x11 0x00000000
core   0: 0x80001fd8 (0x02997433) remu    s0, s2, s1
core   0: 3 0x80001fd8 (0x02997433) x 8 0xfd3d8306
core   0: 0x80001fdc (0x000123b3) slt     t2, sp, zero
core   0: 3 0x80001fdc (0x000123b3) x 7 0x00000001
core   0: 0x80001fe0 (0x0101b4b3) sltu    s1, gp, a6
core   0: 3 0x80001fe0 (0x0101b4b3) x 9 0x00000000
core   0: 0x80001fe4 (0x01c28a33) add     s4, t0, t3
core   0: 3 0x80001fe4 (0x01c28a33) x20 0xd869dd57
core   0: 0x80001fe8 (0x00000013) nop
core   0: 3 0x80001fe8 (0x00000013)
core   0: 0x80001fec (0x0a79a493) slti    s1, s3, 167
core   0: 3 0x80001fec (0x0a79a493) x 9 0x00000001
core   0: 0x80001ff0 (0x0327d5b3) divu    a1, a5, s2
core   0: 3 0x80001ff0 (0x0327d5b3) x11 0x00000000
core   0: 0x80001ff4 (0x72742d97) auipc   s11, 0x72742
core   0: 3 0x80001ff4 (0x72742d97) x27 0xf2743ff4
core   0: 0x80001ff8 (0x498ec193) xori    gp, t4, 1176
core   0: 3 0x80001ff8 (0x498ec193) x 3 0xfffffb67
core   0: 0x80001ffc (0x03ffdc33) divu    s8, t6, t6
core   0: 3 0x80001ffc (0x03ffdc33) x24 0x00000001
core   0: 0x80002000 (0x02b92133) mulhsu  sp, s2, a1
core   0: 3 0x80002000 (0x02b92133) x 2 0x00000000
core   0: 0x80002004 (0xd5e2fa93) andi    s5, t0, -674
core   0: 3 0x80002004 (0xd5e2fa93) x21 0xd869e000
core   0: 0x80002008 (0x00b89e33) sll     t3, a7, a1
core   0: 3 0x80002008 (0x00b89e33) x28 0x14200000
core   0: 0x8000200c (0x07d55037) lui     zero, 0x7d55
core   0: 3 0x8000200c (0x07d55037)
core   0: 0x80002010 (0x00f722b3) slt     t0, a4, a5
core   0: 3 0x80002010 (0x00f722b3) x 5 0x00000000
core   0: 0x80002014 (0x40935a33) sra     s4, t1, s1
core   0: 3 0x80002014 (0x40935a33) x20 0xffffff5e
core   0: 0x80002018 (0xd848e113) ori     sp, a7, -636
core   0: 3 0x80002018 (0xd848e113) x 2 0xfffffd84
core   0: 0x8000201c (0x00e874b3) and     s1, a6, a4
core   0: 3 0x8000201c (0x00e874b3) x 9 0x00000000
core   0: 0x80002020 (0x016450b3) srl     ra, s0, s6
core   0: 3 0x80002020 (0x016450b3) x 1 0x0fd3d830
core   0: 0x80002024 (0x027cad33) mulhsu  s10, s9, t2
core   0: 3 0x80002024 (0x027cad33) x26 0x00000000
core   0: 0x80002028 (0x00d33633) sltu    a2, t1, a3
core   0: 3 0x80002028 (0x00d33633) x12 0x00000000
core   0: 0x8000202c (0x093c6497) auipc   s1, 0x93c6
core   0: 3 0x8000202c (0x093c6497) x 9 0x893c802c
core   0: 0x80002030 (0x013fd013) srli    zero, t6, 19
core   0: 3 0x80002030 (0x013fd013)
core   0: 0x80002034 (0x02f3cfb3) div     t6, t2, a5
core   0: 3 0x80002034 (0x02f3cfb3) x31 0xffffffff
core   0: 0x80002038 (0x017c5233) srl     tp, s8, s7
core   0: 3 0x80002038 (0x017c5233) x 4 0x00000001
core   0: 0x8000203c (0x01ff42b3) xor     t0, t5, t6
core   0: 3 0x8000203c (0x01ff42b3) x 5 0xffffffff
core   0: 0x80002040 (0xe85e2f93) slti    t6, t3, -379
core   0: 3 0x80002040 (0xe85e2f93) x31 0x00000000
core   0: 0x80002044 (0xec6e8e93) addi    t4, t4, -314
core   0: 3 0x80002044 (0xec6e8e93) x29 0xfffffec5
core   0: 0x80002048 (0xcf62ab93) slti    s7, t0, -778
core   0: 3 0x80002048 (0xcf62ab93) x23 0x00000000
core   0: 0x8000204c (0x575f3d13) sltiu   s10, t5, 1397
core   0: 3 0x8000204c (0x575f3d13) x26 0x00000001
core   0: 0x80002050 (0x024687b3) mul     a5, a3, tp
core   0: 3 0x80002050 (0x024687b3) x15 0xd869e000
core   0: 0x80002054 (0x418bdf13) srai    t5, s7, 24
core   0: 3 0x80002054 (0x418bdf13) x30 0x00000000
core   0: 0x80002058 (0x029c5f33) divu    t5, s8, s1
core   0: 3 0x80002058 (0x029c5f33) x30 0x00000000
core   0: 0x8000205c (0x02d10433) mul     s0, sp, a3
core   0: 3 0x8000205c (0x02d10433) x 8 0x58f78000
core   0: 0x80002060 (0x00000013) nop
core   0: 3 0x80002060 (0x00000013)
core   0: 0x80002064 (0x40da80b3) sub     ra, s5, a3
core   0: 3 0x80002064 (0x40da80b3) x 1 0x00000000
core   0: 0x80002068 (0x01ba9133) sll     sp, s5, s11
core   0: 3 0x80002068 (0x01ba9133) x 2 0x00000000
core   0: 0x8000206c (0x03d620b3) mulhsu  ra, a2, t4
core   0: 3 0x8000206c (0x03d620b3) x 1 0x00000000
core   0: 0x80002070 (0x006242b3) xor     t0, tp, t1
core   0: 3 0x80002070 (0x006242b3) x 5 0xfffffebd
core   0: 0x80002074 (0x010a33b3) sltu    t2, s4, a6
core   0: 3 0x80002074 (0x010a33b3) x 7 0x00000000
core   0: 0x80002078 (0x00029333) sll     t1, t0, zero
core   0: 3 0x80002078 (0x00029333) x 6 0xfffffebd
core   0: 0x8000207c (0x00702233) slt     tp, zero, t2
core   0: 3 0x8000207c (0x00702233) x 4 0x00000000
core   0: 0x80002080 (0xad5a1437) lui     s0, 0xad5a1
core   0: 3 0x80002080 (0xad5a1437) x 8 0xad5a1000
core   0: 0x80002084 (0x00000013) nop
core   0: 3 0x80002084 (0x00000013)
core   0: 0x80002088 (0x022d79b3) remu    s3, s10, sp
core   0: 3 0x80002088 (0x022d79b3) x19 0x00000001
core   0: 0x8000208c (0x010c8c13) addi    s8, s9, 16
core   0: 3 0x8000208c (0x010c8c13) x24 0x00000010
core   0: 0x80002090 (0x40d78a33) sub     s4, a5, a3
core   0: 3 0x80002090 (0x40d78a33) x20 0x00000000
core   0: 0x80002094 (0xebf97d97) auipc   s11, 0xebf97
core   0: 3 0x80002094 (0xebf97d97) x27 0x6bf99094
core   0: 0x80002098 (0x003c70b3) and     ra, s8, gp
core   0: 3 0x80002098 (0x003c70b3) x 1 0x00000000
core   0: 0x8000209c (0x01b17d33) and     s10, sp, s11
core   0: 3 0x8000209c (0x01b17d33) x26 0x00000000
core   0: 0x800020a0 (0x00d367b3) or      a5, t1, a3
core   0: 3 0x800020a0 (0x00d367b3) x15 0xfffffebd
core   0: 0x800020a4 (0x4f448593) addi    a1, s1, 1268
core   0: 3 0x800020a4 (0x4f448593) x11 0x893c8520
core   0: 0x800020a8 (0x033311b3) mulh    gp, t1, s3
core   0: 3 0x800020a8 (0x033311b3) x 3 0xffffffff
core   0: 0x800020ac (0x033f98b3) mulh    a7, t6, s3
core   0: 3 0x800020ac (0x033f98b3) x17 0x00000000
core   0: 0x800020b0 (0x5aa64693) xori    a3, a2, 1450
core   0: 3 0x800020b0 (0x5aa64693) x13 0x000005aa
core   0: 0x800020b4 (0x010d95b3) sll     a1, s11, a6
core   0: 3 0x800020b4 (0x010d95b3) x11 0xbf990940
core   0: 0x800020b8 (0xa7294e93) xori    t4, s2, -1422
core   0: 3 0x800020b8 (0xa7294e93) x29 0x02c27974
core   0: 0x800020bc (0x0051c5b3) xor     a1, gp, t0
core   0: 3 0x800020bc (0x0051c5b3) x11 0x00000142
core   0: 0x800020c0 (0x00731e33) sll     t3, t1, t2
core   0: 3 0x800020c0 (0x00731e33) x28 0xfffffebd
core   0: 0x800020c4 (0x00b38eb7) lui     t4, 0xb38
core   0: 3 0x800020c4 (0x00b38eb7) x29 0x00b38000
core   0: 0x800020c8 (0x00b99593) slli    a1, s3, 11
core   0: 3 0x800020c8 (0x00b99593) x11 0x00000800
core   0: 0x800020cc (0x3fb17093) andi    ra, sp, 1019
core   0: 3 0x800020cc (0x3fb17093) x 1 0x00000000
core   0: 0x800020d0 (0x03182733) mulhsu  a4, a6, a7
core   0: 3 0x800020d0 (0x03182733) x14 0x00000000
core   0: 0x800020d4 (0x01ba5933) srl     s2, s4, s11
core   0: 3 0x800020d4 (0x01ba5933) x18 0x00000000
core   0: 0x800020d8 (0x4012d333) sra     t1, t0, ra
core   0: 3 0x800020d8 (0x4012d333) x 6 0xfffffebd
core   0: 0x800020dc (0x03955433) divu    s0, a0, s9
core   0: 3 0x800020dc (0x03955433) x 8 0xffffffff
core   0: 0x800020e0 (0x03a76db3) rem     s11, a4, s10
core   0: 3 0x800020e0 (0x03a76db3) x27 0x00000000
core   0: 0x800020e4 (0x002cdab3) srl     s5, s9, sp
core   0: 3 0x800020e4 (0x002cdab3) x21 0x00000000
core   0: 0x800020e8 (0x00f6dfb3) srl     t6, a3, a5
core   0: 3 0x800020e8 (0x00f6dfb3) x31 0x00000000
core   0: 0x800020ec (0xd05695b7) lui     a1, 0xd0569
core   0: 3 0x800020ec (0xd05695b7) x11 0xd0569000
core   0: 0x800020f0 (0x010977b3) and     a5, s2, a6
core   0: 3 0x800020f0 (0x010977b3) x15 0x00000000
core   0: 0x800020f4 (0x742fcf13) xori    t5, t6, 1858
core   0: 3 0x800020f4 (0x742fcf13) x30 0x00000742
core   0: 0x800020f8 (0x03d47d33) remu    s10, s0, t4
core   0: 3 0x800020f8 (0x03d47d33) x26 0x00127fff
core   0: 0x800020fc (0x71e97997) auipc   s3, 0x71e97
core   0: 3 0x800020fc (0x71e97997) x19 0xf1e990fc
core   0: 0x80002100 (0x038e4933) div     s2, t3, s8
core   0: 3 0x80002100 (0x038e4933) x18 0xffffffec
core   0: 0x80002104 (0x03df69b3) rem     s3, t5, t4
core   0: 3 0x80002104 (0x03df69b3) x19 0x00000742
core   0: 0x80002108 (0x01a31193) slli    gp, t1, 26
core   0: 3 0x80002108 (0x01a31193) x 3 0xf4000000
core   0: 0x8000210c (0x63abf013) andi    zero, s7, 1594
core   0: 3 0x8000210c (0x63abf013)
core   0: 0x80002110 (0x024435b3) mulhu   a1, s0, tp
core   0: 3 0x80002110 (0x024435b3) x11 0x00000000
core   0: 0x80002114 (0xd4134e13) xori    t3, t1, -703
core   0: 3 0x80002114 (0xd4134e13) x28 0x000003fc
core   0: 0x80002118 (0x02391d33) mulh    s10, s2, gp
core   0: 3 0x80002118 (0x02391d33) x26 0x00000000
core   0: 0x8000211c (0x028f45b3) div     a1, t5, s0
core   0: 3 0x8000211c (0x028f45b3) x11 0xfffff8be
core   0: 0x80002120 (0x00000013) nop
core   0: 3 0x80002120 (0x00000013)
core   0: 0x80002124 (0x6312b017) auipc   zero, 0x6312b
core   0: 3 0x80002124 (0x6312b017)
core   0: 0x80002128 (0x003c5493) srli    s1, s8, 3
core   0: 3 0x80002128 (0x003c5493) x 9 0x00000002
core   0: 0x8000212c (0x0383e9b3) rem     s3, t2, s8
core   0: 3 0x8000212c (0x0383e9b3) x19 0x00000000
core   0: 0x80002130 (0x016a8e33) add     t3, s5, s6
core   0: 3 0x80002130 (0x016a8e33) x28 0x80014e64
core   0: 0x80002134 (0x394bc417) auipc   s0, 0x394bc
core   0: 3 0x80002134 (0x394bc417) x 8 0xb94be134
core   0: 0x80002138 (0x03f42e33) mulhsu  t3, s0, t6
core   0: 3 0x80002138 (0x03f42e33) x28 0x00000000
core   0: 0x8000213c (0x009a27b3) slt     a5, s4, s1
core   0: 3 0x8000213c (0x009a27b3) x15 0x00000001
core   0: 0x80002140 (0x42428693) addi    a3, t0, 1060
core   0: 3 0x80002140 (0x42428693) x13 0x000002e1
core   0: 0x80002144 (0x02293133) mulhu   sp, s2, sp
core   0: 3 0x80002144 (0x02293133) x 2 0x00000000
core   0: 0x80002148 (0x02400a33) mul     s4, zero, tp
core   0: 3 0x80002148 (0x02400a33) x20 0x00000000
core   0: 0x8000214c (0x01a61c13) slli    s8, a2, 26
core   0: 3 0x8000214c (0x01a61c13) x24 0x00000000
core   0: 0x80002150 (0x00174633) xor     a2, a4, ra
core   0: 3 0x80002150 (0x00174633) x12 0x00000000
core   0: 0x80002154 (0x00c651b3) srl     gp, a2, a2
core   0: 3 0x80002154 (0x00c651b3) x 3 0x00000000
core   0: 0x80002158 (0x011244b3) xor     s1, tp, a7
core   0: 3 0x80002158 (0x011244b3) x 9 0x00000000
core   0: 0x8000215c (0x400189b3) sub     s3, gp, zero
core   0: 3 0x8000215c (0x400189b3) x19 0x00000000
core   0: 0x80002160 (0x01622733) slt     a4, tp, s6
core   0: 3 0x80002160 (0x01622733) x14 0x00000000
core   0: 0x80002164 (0x01b7b133) sltu    sp, a5, s11
core   0: 3 0x80002164 (0x01b7b133) x 2 0x00000000
core   0: 0x80002168 (0x039f47b3) div     a5, t5, s9
core   0: 3 0x80002168 (0x039f47b3) x15 0xffffffff
core   0: 0x8000216c (0x02e392b3) mulh    t0, t2, a4
core   0: 3 0x8000216c (0x02e392b3) x 5 0x00000000
core   0: 0x80002170 (0x00168133) add     sp, a3, ra
core   0: 3 0x80002170 (0x00168133) x 2 0x000002e1
core   0: 0x80002174 (0x5ee38e17) auipc   t3, 0x5ee38
core   0: 3 0x80002174 (0x5ee38e17) x28 0xdee3a174
core   0: 0x80002178 (0x032a25b3) mulhsu  a1, s4, s2
core   0: 3 0x80002178 (0x032a25b3) x11 0x00000000
core   0: 0x8000217c (0x03e4ce33) div     t3, s1, t5
core   0: 3 0x8000217c (0x03e4ce33) x28 0x00000000
core   0: 0x80002180 (0x027f2ab3) mulhsu  s5, t5, t2
core   0: 3 0x80002180 (0x027f2ab3) x21 0x00000000
core   0: 0x80002184 (0x00d439b3) sltu    s3, s0, a3
core   0: 3 0x80002184 (0x00d439b3) x19 0x00000000
core   0: 0x80002188 (0x02f5f1b3) remu    gp, a1, a5
core   0: 3 0x80002188 (0x02f5f1b3) x 3 0x00000000
core   0: 0x8000218c (0x01b21713) slli    a4, tp, 27
core   0: 3 0x8000218c (0x01b21713) x14 0x00000000
core   0: 0x80002190 (0x00b5c233) xor     tp, a1, a1
core   0: 3 0x80002190 (0x00b5c233) x 4 0x00000000
core   0: 0x80002194 (0x016e36b3) sltu    a3, t3, s6
core   0: 3 0x80002194 (0x016e36b3) x13 0x00000001
core   0: 0x80002198 (0xe862c393) xori    t2, t0, -378
core   0: 3 0x80002198 (0xe862c393) x 7 0xfffffe86
core   0: 0x8000219c (0x01b07233) and     tp, zero, s11
core   0: 3 0x8000219c (0x01b07233) x 4 0x00000000
core   0: 0x800021a0 (0x3690fe13) andi    t3, ra, 873
core   0: 3 0x800021a0 (0x3690fe13) x28 0x00000000
core   0: 0x800021a4 (0x007c4333) xor     t1, s8, t2
core   0: 3 0x800021a4 (0x007c4333) x 6 0xfffffe86
core   0: 0x800021a8 (0x9281f613) andi    a2, gp, -1752
core   0: 3 0x800021a8 (0x9281f613) x12 0x00000000
core   0: 0x800021ac (0x00c9e433) or      s0, s3, a2
core   0: 3 0x800021ac (0x00c9e433) x 8 0x00000000
core   0: 0x800021b0 (0x41f451b3) sra     gp, s0, t6
core   0: 3 0x800021b0 (0x41f451b3) x 3 0x00000000
core   0: 0x800021b4 (0x02e4d5b3) divu    a1, s1, a4
core   0: 3 0x800021b4 (0x02e4d5b3) x11 0xffffffff
core   0: 0x800021b8 (0x01004633) xor     a2, zero, a6
core   0: 3 0x800021b8 (0x01004633) x12 0x80018ce4
core   0: 0x800021bc (0x2e297a13) andi    s4, s2, 738
core   0: 3 0x800021bc (0x2e297a13) x20 0x000002e0
core   0: 0x800021c0 (0x01650633) add     a2, a0, s6
core   0: 3 0x800021c0 (0x01650633) x12 0x00014e64
core   0: 0x800021c4 (0x01ae1093) slli    ra, t3, 26
core   0: 3 0x800021c4 (0x01ae1093) x 1 0x00000000
core   0: 0x800021c8 (0x0170c033) xor     zero, ra, s7
core   0: 3 0x800021c8 (0x0170c033)
core   0: 0x800021cc (0x009715b3) sll     a1, a4, s1
core   0: 3 0x800021cc (0x009715b3) x11 0x00000000
core   0: 0x800021d0 (0xa0d0e913) ori     s2, ra, -1523
core   0: 3 0x800021d0 (0xa0d0e913) x18 0xfffffa0d
core   0: 0x800021d4 (0x028254b3) divu    s1, tp, s0
core   0: 3 0x800021d4 (0x028254b3) x 9 0xffffffff
core   0: 0x800021d8 (0x01ee2e33) slt     t3, t3, t5
core   0: 3 0x800021d8 (0x01ee2e33) x28 0x00000001
core   0: 0x800021dc (0x42c4a737) lui     a4, 0x42c4a
core   0: 3 0x800021dc (0x42c4a737) x14 0x42c4a000
core   0: 0x800021e0 (0x02d41ab3) mulh    s5, s0, a3
core   0: 3 0x800021e0 (0x02d41ab3) x21 0x00000000
core   0: 0x800021e4 (0x00eafdb3) and     s11, s5, a4
core   0: 3 0x800021e4 (0x00eafdb3) x27 0x00000000
core   0: 0x800021e8 (0x03f67a33) remu    s4, a2, t6
core   0: 3 0x800021e8 (0x03f67a33) x20 0x00014e64
core   0: 0x800021ec (0x02a01bb3) mulh    s7, zero, a0
core   0: 3 0x800021ec (0x02a01bb3) x23 0x00000000
core   0: 0x800021f0 (0x427fe893) ori     a7, t6, 1063
core   0: 3 0x800021f0 (0x427fe893) x17 0x00000427
core   0: 0x800021f4 (0x03e76d33) rem     s10, a4, t5
core   0: 3 0x800021f4 (0x03e76d33) x26 0x000005e0
core   0: 0x800021f8 (0x03d52bb3) mulhsu  s7, a0, t4
core   0: 3 0x800021f8 (0x03d52bb3) x23 0xffa64000
core   0: 0x800021fc (0x0147dd13) srli    s10, a5, 20
core   0: 3 0x800021fc (0x0147dd13) x26 0x00000fff
core   0: 0x80002200 (0x00000013) nop
core   0: 3 0x80002200 (0x00000013)
core   0: 0x80002204 (0x19b5dc17) auipc   s8, 0x19b5d
core   0: 3 0x80002204 (0x19b5dc17) x24 0x99b5f204
core   0: 0x80002208 (0x00937733) and     a4, t1, s1
core   0: 3 0x80002208 (0x00937733) x14 0xfffffe86
core   0: 0x8000220c (0x1a6f3b93) sltiu   s7, t5, 422
core   0: 3 0x8000220c (0x1a6f3b93) x23 0x00000000
core   0: 0x80002210 (0x4135d113) srai    sp, a1, 19
core   0: 3 0x80002210 (0x4135d113) x 2 0x00000000
core   0: 0x80002214 (0x01441d33) sll     s10, s0, s4
core   0: 3 0x80002214 (0x01441d33) x26 0x00000000
core   0: 0x80002218 (0x24222993) slti    s3, tp, 578
core   0: 3 0x80002218 (0x24222993) x19 0x00000001
core   0: 0x8000221c (0x407e0cb3) sub     s9, t3, t2
core   0: 3 0x8000221c (0x407e0cb3) x25 0x0000017b
core   0: 0x80002220 (0x032ad8b3) divu    a7, s5, s2
core   0: 3 0x80002220 (0x032ad8b3) x17 0x00000000
core   0: 0x80002224 (0x014d1b93) slli    s7, s10, 20
core   0: 3 0x80002224 (0x014d1b93) x23 0x00000000
core   0: 0x80002228 (0x007638b3) sltu    a7, a2, t2
core   0: 3 0x80002228 (0x007638b3) x17 0x00000001
core   0: 0x8000222c (0x01d29293) slli    t0, t0, 29
core   0: 3 0x8000222c (0x01d29293) x 5 0x00000000
core   0: 0x80002230 (0x148cc113) xori    sp, s9, 328
core   0: 3 0x80002230 (0x148cc113) x 2 0x00000033
core   0: 0x80002234 (0x00287db3) and     s11, a6, sp
core   0: 3 0x80002234 (0x00287db3) x27 0x00000020
core   0: 0x80002238 (0x022b61b3) rem     gp, s6, sp
core   0: 3 0x80002238 (0x022b61b3) x 3 0x00000000
core   0: 0x8000223c (0x1687cf93) xori    t6, a5, 360
core   0: 3 0x8000223c (0x1687cf93) x31 0xfffffe97
core   0: 0x80002240 (0x02881933) mulh    s2, a6, s0
core   0: 3 0x80002240 (0x02881933) x18 0x00000000
core   0: 0x80002244 (0xbd752913) slti    s2, a0, -1065
core   0: 3 0x80002244 (0xbd752913) x18 0x00000001
core   0: 0x80002248 (0x03407d33) remu    s10, zero, s4
core   0: 3 0x80002248 (0x03407d33) x26 0x00000000
core   0: 0x8000224c (0xf3866b93) ori     s7, a2, -200
core   0: 3 0x8000224c (0xf3866b93) x23 0xffffff7c
core   0: 0x80002250 (0x409656b3) sra     a3, a2, s1
core   0: 3 0x80002250 (0x409656b3) x13 0x00000000
core   0: 0x80002254 (0x00000013) nop
core   0: 3 0x80002254 (0x00000013)
core   0: 0x80002258 (0x00ff0ab3) add     s5, t5, a5
core   0: 3 0x80002258 (0x00ff0ab3) x21 0x00000741
core   0: 0x8000225c (0x8d699417) auipc   s0, 0x8d699
core   0: 3 0x8000225c (0x8d699417) x 8 0x0d69b25c
core   0: 0x80002260 (0x015fbbb3) sltu    s7, t6, s5
core   0: 3 0x80002260 (0x015fbbb3) x23 0x00000000
core   0: 0x80002264 (0x03d4a9b3) mulhsu  s3, s1, t4
core   0: 3 0x80002264 (0x03d4a9b3) x19 0xffffffff
core   0: 0x80002268 (0x00000013) nop
core   0: 3 0x80002268 (0x00000013)
core   0: 0x8000226c (0x00000013) nop
core   0: 3 0x8000226c (0x00000013)
core   0: 0x80002270 (0x0324eab3) rem     s5, s1, s2
core   0: 3 0x80002270 (0x0324eab3) x21 0x00000000
core   0: 0x80002274 (0xf18bf493) andi    s1, s7, -232
core   0: 3 0x80002274 (0xf18bf493) x 9 0x00000000
core   0: 0x80002278 (0xc0fe4cb7) lui     s9, 0xc0fe4
core   0: 3 0x80002278 (0xc0fe4cb7) x25 0xc0fe4000
core   0: 0x8000227c (0x00ef15b3) sll     a1, t5, a4
core   0: 3 0x8000227c (0x00ef15b3) x11 0x0001d080
core   0: 0x80002280 (0x01ec7fb3) and     t6, s8, t5
core   0: 3 0x80002280 (0x01ec7fb3) x31 0x00000200
core   0: 0x80002284 (0x02c98f33) mul     t5, s3, a2
core   0: 3 0x80002284 (0x02c98f33) x30 0xfffeb19c
core   0: 0x80002288 (0xdd0f3793) sltiu   a5, t5, -560
core   0: 3 0x80002288 (0xdd0f3793) x15 0x00000001
core   0: 0x8000228c (0x03d6e5b3) rem     a1, a3, t4
core   0: 3 0x8000228c (0x03d6e5b3) x11 0x00000000
core   0: 0x80002290 (0xaf95f193) andi    gp, a1, -1287
core   0: 3 0x80002290 (0xaf95f193) x 3 0x00000000
core   0: 0x80002294 (0x025e5bb3) divu    s7, t3, t0
core   0: 3 0x80002294 (0x025e5bb3) x23 0xffffffff
core   0: 0x80002298 (0x02f7d5b3) divu    a1, a5, a5
core   0: 3 0x80002298 (0x02f7d5b3) x11 0x00000001
core   0: 0x8000229c (0x4131dc33) sra     s8, gp, s3
core   0: 3 0x8000229c (0x4131dc33) x24 0x00000000
core   0: 0x800022a0 (0x030887b3) mul     a5, a7, a6
core   0: 3 0x800022a0 (0x030887b3) x15 0x80018ce4
core   0: 0x800022a4 (0x00c66233) or      tp, a2, a2
core   0: 3 0x800022a4 (0x00c66233) x 4 0x00014e64
core   0: 0x800022a8 (0x027626b3) mulhsu  a3, a2, t2
core   0: 3 0x800022a8 (0x027626b3) x13 0x00014e63
core   0: 0x800022ac (0x01211d93) slli    s11, sp, 18
core   0: 3 0x800022ac (0x01211d93) x27 0x00cc0000
core   0: 0x800022b0 (0x01655433) srl     s0, a0, s6
core   0: 3 0x800022b0 (0x01655433) x 8 0x08000000
core   0: 0x800022b4 (0x2ed1c213) xori    tp, gp, 749
core   0: 3 0x800022b4 (0x2ed1c213) x 4 0x000002ed
core   0: 0x800022b8 (0x02283633) mulhu   a2, a6, sp
core   0: 3 0x800022b8 (0x02283633) x12 0x00000019
core   0: 0x800022bc (0x004b8db3) add     s11, s7, tp
core   0: 3 0x800022bc (0x004b8db3) x27 0x000002ec
core   0: 0x800022c0 (0x9cccc8b7) lui     a7, 0x9cccc
core   0: 3 0x800022c0 (0x9cccc8b7) x17 0x9cccc000
core   0: 0x800022c4 (0x02d82fb3) mulhsu  t6, a6, a3
core   0: 3 0x800022c4 (0x02d82fb3) x31 0xffff58d0
core   0: 0x800022c8 (0x03859133) mulh    sp, a1, s8
core   0: 3 0x800022c8 (0x03859133) x 2 0x00000000
core   0: 0x800022cc (0x003c2733) slt     a4, s8, gp
core   0: 3 0x800022cc (0x003c2733) x14 0x00000000
core   0: 0x800022d0 (0x0261deb3) divu    t4, gp, t1
core   0: 3 0x800022d0 (0x0261deb3) x29 0x00000000
core   0: 0x800022d4 (0x416f5f13) srai    t5, t5, 22
core   0: 3 0x800022d4 (0x416f5f13) x30 0xffffffff
core   0: 0x800022d8 (0x5ee97e93) andi    t4, s2, 1518
core   0: 3 0x800022d8 (0x5ee97e93) x29 0x00000000
core   0: 0x800022dc (0x41825db3) sra     s11, tp, s8
core   0: 3 0x800022dc (0x41825db3) x27 0x000002ed
core   0: 0x800022e0 (0x41285133) sra     sp, a6, s2
core   0: 3 0x800022e0 (0x41285133) x 2 0xc000c672
core   0: 0x800022e4 (0x03e11633) mulh    a2, sp, t5
core   0: 3 0x800022e4 (0x03e11633) x12 0x00000000
core   0: 0x800022e8 (0x01122db3) slt     s11, tp, a7
core   0: 3 0x800022e8 (0x01122db3) x27 0x00000000
core   0: 0x800022ec (0xbaad60b7) lui     ra, 0xbaad6
core   0: 3 0x800022ec (0xbaad60b7) x 1 0xbaad6000
core   0: 0x800022f0 (0x16abc493) xori    s1, s7, 362
core   0: 3 0x800022f0 (0x16abc493) x 9 0xfffffe95
core   0: 0x800022f4 (0x024b45b3) div     a1, s6, tp
core   0: 3 0x800022f4 (0x024b45b3) x11 0xffd440b4
core   0: 0x800022f8 (0x57242693) slti    a3, s0, 1394
core   0: 3 0x800022f8 (0x57242693) x13 0x00000000
core   0: 0x800022fc (0x01a29e33) sll     t3, t0, s10
core   0: 3 0x800022fc (0x01a29e33) x28 0x00000000
core   0: 0x80002300 (0x008ce733) or      a4, s9, s0
core   0: 3 0x80002300 (0x008ce733) x14 0xc8fe4000
core   0: 0x80002304 (0x9605e393) ori     t2, a1, -1696
core   0: 3 0x80002304 (0x9605e393) x 7 0xfffff9f4
core   0: 0x80002308 (0x012c9793) slli    a5, s9, 18
core   0: 3 0x80002308 (0x012c9793) x15 0x00000000
core   0: 0x8000230c (0x027765b3) rem     a1, a4, t2
core   0: 3 0x8000230c (0x027765b3) x11 0xfffffb24
core   0: 0x80002310 (0x00917c33) and     s8, sp, s1
core   0: 3 0x80002310 (0x00917c33) x24 0xc000c610
core   0: 0x80002314 (0x40a70733) sub     a4, a4, a0
core   0: 3 0x80002314 (0x40a70733) x14 0x48fe4000
core   0: 0x80002318 (0x034eba33) mulhu   s4, t4, s4
core   0: 3 0x80002318 (0x034eba33) x20 0x00000000
core   0: 0x8000231c (0x015d16b3) sll     a3, s10, s5
core   0: 3 0x8000231c (0x015d16b3) x13 0x00000000
core   0: 0x80002320 (0x020bd3b3) divu    t2, s7, zero
core   0: 3 0x80002320 (0x020bd3b3) x 7 0xffffffff
core   0: 0x80002324 (0x00dfc233) xor     tp, t6, a3
core   0: 3 0x80002324 (0x00dfc233) x 4 0xffff58d0
core   0: 0x80002328 (0x0280cfb3) div     t6, ra, s0
core   0: 3 0x80002328 (0x0280cfb3) x31 0xfffffff8
core   0: 0x8000232c (0x02e525b3) mulhsu  a1, a0, a4
core   0: 3 0x8000232c (0x02e525b3) x11 0xdb80e000
core   0: 0x80002330 (0x01523cb3) sltu    s9, tp, s5
core   0: 3 0x80002330 (0x01523cb3) x25 0x00000000
core   0: 0x80002334 (0x2c216313) ori     t1, sp, 706
core   0: 3 0x80002334 (0x2c216313) x 6 0xc000c6f2
core   0: 0x80002338 (0x008cfa33) and     s4, s9, s0
core   0: 3 0x80002338 (0x008cfa33) x20 0x00000000
core   0: 0x8000233c (0x034f1133) mulh    sp, t5, s4
core   0: 3 0x8000233c (0x034f1133) x 2 0x00000000
core   0: 0x80002340 (0x00000013) nop
core   0: 3 0x80002340 (0x00000013)
core   0: 0x80002344 (0x030284b3) mul     s1, t0, a6
core   0: 3 0x80002344 (0x030284b3) x 9 0x00000000
core   0: 0x80002348 (0x032a6eb3) rem     t4, s4, s2
core   0: 3 0x80002348 (0x032a6eb3) x29 0x00000000
core   0: 0x8000234c (0xabc6b717) auipc   a4, 0xabc6b
core   0: 3 0x8000234c (0xabc6b717) x14 0x2bc6d34c
core   0: 0x80002350 (0x5b503e13) sltiu   t3, zero, 1461
core   0: 3 0x80002350 (0x5b503e13) x28 0x00000001
core   0: 0x80002354 (0x036b6333) rem     t1, s6, s6
core   0: 3 0x80002354 (0x036b6333) x 6 0x00000000
core   0: 0x80002358 (0x00030db3) add     s11, t1, zero
core   0: 3 0x80002358 (0x00030db3) x27 0x00000000
core   0: 0x8000235c (0x01b68bb3) add     s7, a3, s11
core   0: 3 0x8000235c (0x01b68bb3) x23 0x00000000
core   0: 0x80002360 (0x039f47b3) div     a5, t5, s9
core   0: 3 0x80002360 (0x039f47b3) x15 0xffffffff
core   0: 0x80002364 (0x4611a193) slti    gp, gp, 1121
core   0: 3 0x80002364 (0x4611a193) x 3 0x00000001
core   0: 0x80002368 (0x017f94b3) sll     s1, t6, s7
core   0: 3 0x80002368 (0x017f94b3) x 9 0xfffffff8
core   0: 0x8000236c (0x012fe8b3) or      a7, t6, s2
core   0: 3 0x8000236c (0x012fe8b3) x17 0xfffffff9
core   0: 0x80002370 (0x03cae033) rem     zero, s5, t3
core   0: 3 0x80002370 (0x03cae033)
core   0: 0x80002374 (0x0072fd33) and     s10, t0, t2
core   0: 3 0x80002374 (0x0072fd33) x26 0x00000000
core   0: 0x80002378 (0x401801b3) sub     gp, a6, ra
core   0: 3 0x80002378 (0x401801b3) x 3 0xc5542ce4
core   0: 0x8000237c (0x031de1b3) rem     gp, s11, a7
core   0: 3 0x8000237c (0x031de1b3) x 3 0x00000000
core   0: 0x80002380 (0x0224a633) mulhsu  a2, s1, sp
core   0: 3 0x80002380 (0x0224a633) x12 0x00000000
core   0: 0x80002384 (0x03155233) divu    tp, a0, a7
core   0: 3 0x80002384 (0x03155233) x 4 0x00000000
core   0: 0x80002388 (0x00138733) add     a4, t2, ra
core   0: 3 0x80002388 (0x00138733) x14 0xbaad5fff
core   0: 0x8000238c (0x015b40b3) xor     ra, s6, s5
core   0: 3 0x8000238c (0x015b40b3) x 1 0x80014e64
core   0: 0x80002390 (0x01ffe5b3) or      a1, t6, t6
core   0: 3 0x80002390 (0x01ffe5b3) x11 0xfffffff8
core   0: 0x80002394 (0x017efa33) and     s4, t4, s7
core   0: 3 0x80002394 (0x017efa33) x20 0x00000000
core   0: 0x80002398 (0x03a7a133) mulhsu  sp, a5, s10
core   0: 3 0x80002398 (0x03a7a133) x 2 0x00000000
core   0: 0x8000239c (0x03d339b3) mulhu   s3, t1, t4
core   0: 3 0x8000239c (0x03d339b3) x19 0x00000000
core   0: 0x800023a0 (0x01465a33) srl     s4, a2, s4
core   0: 3 0x800023a0 (0x01465a33) x20 0x00000000
core   0: 0x800023a4 (0x62e2a917) auipc   s2, 0x62e2a
core   0: 3 0x800023a4 (0x62e2a917) x18 0xe2e2c3a4
core   0: 0x800023a8 (0x003dcc33) xor     s8, s11, gp
core   0: 3 0x800023a8 (0x003dcc33) x24 0x00000000
core   0: 0x800023ac (0x002b2fb3) slt     t6, s6, sp
core   0: 3 0x800023ac (0x002b2fb3) x31 0x00000001
core   0: 0x800023b0 (0x023ef133) remu    sp, t4, gp
core   0: 3 0x800023b0 (0x023ef133) x 2 0x00000000
core   0: 0x800023b4 (0x02e86733) rem     a4, a6, a4
core   0: 3 0x800023b4 (0x02e86733) x14 0xc5542ce5
core   0: 0x800023b8 (0x024bd7b3) divu    a5, s7, tp
core   0: 3 0x800023b8 (0x024bd7b3) x15 0xffffffff
core   0: 0x800023bc (0x01927333) and     t1, tp, s9
core   0: 3 0x800023bc (0x01927333) x 6 0x00000000
core   0: 0x800023c0 (0x019d92b3) sll     t0, s11, s9
core   0: 3 0x800023c0 (0x019d92b3) x 5 0x00000000
core   0: 0x800023c4 (0x03babeb3) mulhu   t4, s5, s11
core   0: 3 0x800023c4 (0x03babeb3) x29 0x00000000
core   0: 0x800023c8 (0x035d2a33) mulhsu  s4, s10, s5
core   0: 3 0x800023c8 (0x035d2a33) x20 0x00000000
core   0: 0x800023cc (0x035c17b3) mulh    a5, s8, s5
core   0: 3 0x800023cc (0x035c17b3) x15 0x00000000
core   0: 0x800023d0 (0x5f0b7113) andi    sp, s6, 1520
core   0: 3 0x800023d0 (0x5f0b7113) x 2 0x00000460
core   0: 0x800023d4 (0x032988b3) mul     a7, s3, s2
core   0: 3 0x800023d4 (0x032988b3) x17 0x00000000
core   0: 0x800023d8 (0x4117dc33) sra     s8, a5, a7
core   0: 3 0x800023d8 (0x4117dc33) x24 0x00000000
core   0: 0x800023dc (0x0302d2b3) divu    t0, t0, a6
core   0: 3 0x800023dc (0x0302d2b3) x 5 0x00000000
core   0: 0x800023e0 (0xf8123317) auipc   t1, 0xf8123
core   0: 3 0x800023e0 (0xf8123317) x 6 0x781253e0
core   0: 0x800023e4 (0x10b0f313) andi    t1, ra, 267
core   0: 3 0x800023e4 (0x10b0f313) x 6 0x00000000
core   0: 0x800023e8 (0x01a5a7b3) slt     a5, a1, s10
core   0: 3 0x800023e8 (0x01a5a7b3) x15 0x00000001
core   0: 0x800023ec (0x01837d33) and     s10, t1, s8
core   0: 3 0x800023ec (0x01837d33) x26 0x00000000
core   0: 0x800023f0 (0x015f5933) srl     s2, t5, s5
core   0: 3 0x800023f0 (0x015f5933) x18 0xffffffff
core   0: 0x800023f4 (0x0223d3b3) divu    t2, t2, sp
core   0: 3 0x800023f4 (0x0223d3b3) x 7 0x003a83a8
core   0: 0x800023f8 (0x408059b3) sra     s3, zero, s0
core   0: 3 0x800023f8 (0x408059b3) x19 0x00000000
core   0: 0x800023fc (0x22f48613) addi    a2, s1, 559
core   0: 3 0x800023fc (0x22f48613) x12 0x00000227
core   0: 0x80002400 (0x406e0a33) sub     s4, t3, t1
core   0: 3 0x80002400 (0x406e0a33) x20 0x00000001
core   0: 0x80002404 (0xecf77793) andi    a5, a4, -305
core   0: 3 0x80002404 (0xecf77793) x15 0xc5542cc5
core   0: 0x80002408 (0x019bc033) xor     zero, s7, s9
core   0: 3 0x80002408 (0x019bc033)
core   0: 0x8000240c (0x40a10ab3) sub     s5, sp, a0
core   0: 3 0x8000240c (0x40a10ab3) x21 0x80000460
core   0: 0x80002410 (0x0a1b7613) andi    a2, s6, 161
core   0: 3 0x80002410 (0x0a1b7613) x12 0x00000020
core   0: 0x80002414 (0x00949113) slli    sp, s1, 9
core   0: 3 0x80002414 (0x00949113) x 2 0xfffff000
core   0: 0x80002418 (0x02f8ca33) div     s4, a7, a5
core   0: 3 0x80002418 (0x02f8ca33) x20 0x00000000
core   0: 0x8000241c (0x00000013) nop
core   0: 3 0x8000241c (0x00000013)
core   0: 0x80002420 (0x002d9013) slli    zero, s11, 2
core   0: 3 0x80002420 (0x002d9013)
core   0: 0x80002424 (0x00f90e33) add     t3, s2, a5
core   0: 3 0x80002424 (0x00f90e33) x28 0xc5542cc4
core   0: 0x80002428 (0xca7a8193) addi    gp, s5, -857
core   0: 3 0x80002428 (0xca7a8193) x 3 0x80000107
core   0: 0x8000242c (0x00d2c2b3) xor     t0, t0, a3
core   0: 3 0x8000242c (0x00d2c2b3) x 5 0x00000000
core   0: 0x80002430 (0x3e204013) xori    zero, zero, 994
core   0: 3 0x80002430 (0x3e204013)
core   0: 0x80002434 (0x01663c33) sltu    s8, a2, s6
core   0: 3 0x80002434 (0x01663c33) x24 0x00000001
core   0: 0x80002438 (0x00ec8bb3) add     s7, s9, a4
core   0: 3 0x80002438 (0x00ec8bb3) x23 0xc5542ce5
core   0: 0x8000243c (0x02e422b3) mulhsu  t0, s0, a4
core   0: 3 0x8000243c (0x02e422b3) x 5 0x062aa167
core   0: 0x80002440 (0x00594733) xor     a4, s2, t0
core   0: 3 0x80002440 (0x00594733) x14 0xf9d55e98
core   0: 0x80002444 (0x003cef33) or      t5, s9, gp
core   0: 3 0x80002444 (0x003cef33) x30 0x80000107
core   0: 0x80002448 (0x08f32097) auipc   ra, 0x8f32
core   0: 3 0x80002448 (0x08f32097) x 1 0x88f34448
core   0: 0x8000244c (0x02f07fb3) remu    t6, zero, a5
core   0: 3 0x8000244c (0x02f07fb3) x31 0x00000000
core   0: 0x80002450 (0x4197dfb3) sra     t6, a5, s9
core   0: 3 0x80002450 (0x4197dfb3) x31 0xc5542cc5
core   0: 0x80002454 (0x02068d33) mul     s10, a3, zero
core   0: 3 0x80002454 (0x02068d33) x26 0x00000000
core   0: 0x80002458 (0x4e58f393) andi    t2, a7, 1253
core   0: 3 0x80002458 (0x4e58f393) x 7 0x00000000
core   0: 0x8000245c (0x03de3a33) mulhu   s4, t3, t4
core   0: 3 0x8000245c (0x03de3a33) x20 0x00000000
core   0: 0x80002460 (0x030e0eb3) mul     t4, t3, a6
core   0: 3 0x80002460 (0x030e0eb3) x29 0xf4370e90
core   0: 0x80002464 (0x006641b3) xor     gp, a2, t1
core   0: 3 0x80002464 (0x006641b3) x 3 0x00000020
core   0: 0x80002468 (0x01a53333) sltu    t1, a0, s10
core   0: 3 0x80002468 (0x01a53333) x 6 0x00000000
core   0: 0x8000246c (0x2522a013) slti    zero, t0, 594
core   0: 3 0x8000246c (0x2522a013)
core   0: 0x80002470 (0x01265593) srli    a1, a2, 18
core   0: 3 0x80002470 (0x01265593) x11 0x00000000
core   0: 0x80002474 (0x03f85a33) divu    s4, a6, t6
core   0: 3 0x80002474 (0x03f85a33) x20 0x00000000
core   0: 0x80002478 (0x03c3f433) remu    s0, t2, t3
core   0: 3 0x80002478 (0x03c3f433) x 8 0x00000000
core   0: 0x8000247c (0x01e64fb3) xor     t6, a2, t5
core   0: 3 0x8000247c (0x01e64fb3) x31 0x80000127
core   0: 0x80002480 (0xcc0ad037) lui     zero, 0xcc0ad
core   0: 3 0x80002480 (0xcc0ad037)
core   0: 0x80002484 (0x01b59a33) sll     s4, a1, s11
core   0: 3 0x80002484 (0x01b59a33) x20 0x00000000
core   0: 0x80002488 (0x00000013) nop
core   0: 3 0x80002488 (0x00000013)
core   0: 0x8000248c (0x41d9bf13) sltiu   t5, s3, 1053
core   0: 3 0x8000248c (0x41d9bf13) x30 0x00000001
core   0: 0x80002490 (0xb7fd8497) auipc   s1, 0xb7fd8
core   0: 3 0x80002490 (0xb7fd8497) x 9 0x37fda490
core   0: 0x80002494 (0x84480f13) addi    t5, a6, -1980
core   0: 3 0x80002494 (0x84480f13) x30 0x80018528
core   0: 0x80002498 (0x001025b3) slt     a1, zero, ra
core   0: 3 0x80002498 (0x001025b3) x11 0x00000000
core   0: 0x8000249c (0x3c860a13) addi    s4, a2, 968
core   0: 3 0x8000249c (0x3c860a13) x20 0x000003e8
core   0: 0x800024a0 (0xbdcc2793) slti    a5, s8, -1060
core   0: 3 0x800024a0 (0xbdcc2793) x15 0x00000000
core   0: 0x800024a4 (0x00b2cfb3) xor     t6, t0, a1
core   0: 3 0x800024a4 (0x00b2cfb3) x31 0x062aa167
core   0: 0x800024a8 (0x03e141b3) div     gp, sp, t5
core   0: 3 0x800024a8 (0x03e141b3) x 3 0x00000000
core   0: 0x800024ac (0x592f8113) addi    sp, t6, 1426
core   0: 3 0x800024ac (0x592f8113) x 2 0x062aa6f9
core   0: 0x800024b0 (0x022e7933) remu    s2, t3, sp
core   0: 3 0x800024b0 (0x022e7933) x18 0x0629f49d
core   0: 0x800024b4 (0x03ac09b3) mul     s3, s8, s10
core   0: 3 0x800024b4 (0x03ac09b3) x19 0x00000000
core   0: 0x800024b8 (0x03ba01b3) mul     gp, s4, s11
core   0: 3 0x800024b8 (0x03ba01b3) x 3 0x00000000
core   0: 0x800024bc (0x03021433) mulh    s0, tp, a6
core   0: 3 0x800024bc (0x03021433) x 8 0x00000000
core   0: 0x800024c0 (0x007f98b3) sll     a7, t6, t2
core   0: 3 0x800024c0 (0x007f98b3) x17 0x062aa167
core   0: 0x800024c4 (0x23724e93) xori    t4, tp, 567
core   0: 3 0x800024c4 (0x23724e93) x29 0x00000237
core   0: 0x800024c8 (0x014b5e33) srl     t3, s6, s4
core   0: 3 0x800024c8 (0x014b5e33) x28 0x0080014e
core   0: 0x800024cc (0x03cc04b3) mul     s1, s8, t3
core   0: 3 0x800024cc (0x03cc04b3) x 9 0x0080014e
core   0: 0x800024d0 (0x018fccb3) xor     s9, t6, s8
core   0: 3 0x800024d0 (0x018fccb3) x25 0x062aa166
core   0: 0x800024d4 (0x006a9193) slli    gp, s5, 6
core   0: 3 0x800024d4 (0x006a9193) x 3 0x00011800
core   0: 0x800024d8 (0x035fcf33) div     t5, t6, s5
core   0: 3 0x800024d8 (0x035fcf33) x30 0x00000000
core   0: 0x800024dc (0xac0e3f97) auipc   t6, 0xac0e3
core   0: 3 0x800024dc (0xac0e3f97) x31 0x2c0e54dc
core   0: 0x800024e0 (0x0053f3b3) and     t2, t2, t0
core   0: 3 0x800024e0 (0x0053f3b3) x 7 0x00000000
core   0: 0x800024e4 (0x00000013) nop
core   0: 3 0x800024e4 (0x00000013)
core   0: 0x800024e8 (0x4001d633) sra     a2, gp, zero
core   0: 3 0x800024e8 (0x4001d633) x12 0x00011800
core   0: 0x800024ec (0x02bb05b3) mul     a1, s6, a1
core   0: 3 0x800024ec (0x02bb05b3) x11 0x00000000
core   0: 0x800024f0 (0x41fd5733) sra     a4, s10, t6
core   0: 3 0x800024f0 (0x41fd5733) x14 0x00000000
core   0: 0x800024f4 (0x945fc413) xori    s0, t6, -1723
core   0: 3 0x800024f4 (0x945fc413) x 8 0xd3f1ad99
core   0: 0x800024f8 (0x03ff60b3) rem     ra, t5, t6
core   0: 3 0x800024f8 (0x03ff60b3) x 1 0x00000000
core   0: 0x800024fc (0x41d85e93) srai    t4, a6, 29
core   0: 3 0x800024fc (0x41d85e93) x29 0xfffffffc
core   0: 0x80002500 (0x131e2937) lui     s2, 0x131e2
core   0: 3 0x80002500 (0x131e2937) x18 0x131e2000
core   0: 0x80002504 (0x1a9b3493) sltiu   s1, s6, 425
core   0: 3 0x80002504 (0x1a9b3493) x 9 0x00000000
core   0: 0x80002508 (0x01271f13) slli    t5, a4, 18
core   0: 3 0x80002508 (0x01271f13) x30 0x00000000
core   0: 0x8000250c (0x03fb1c33) mulh    s8, s6, t6
core   0: 3 0x8000250c (0x03fb1c33) x24 0xe9f90f1d
core   0: 0x80002510 (0x03acb7b3) mulhu   a5, s9, s10
core   0: 3 0x80002510 (0x03acb7b3) x15 0x00000000
core   0: 0x80002514 (0x022935b3) mulhu   a1, s2, sp
core   0: 3 0x80002514 (0x022935b3) x11 0x0075e429
core   0: 0x80002518 (0x0051df93) srli    t6, gp, 5
core   0: 3 0x80002518 (0x0051df93) x31 0x000008c0
core   0: 0x8000251c (0x02d50cb3) mul     s9, a0, a3
core   0: 3 0x8000251c (0x02d50cb3) x25 0x00000000
core   0: 0x80002520 (0x3486c597) auipc   a1, 0x3486c
core   0: 3 0x80002520 (0x3486c597) x11 0xb486e520
core   0: 0x80002524 (0x00d85033) srl     zero, a6, a3
core   0: 3 0x80002524 (0x00d85033)
core   0: 0x80002528 (0x02cb3ab3) mulhu   s5, s6, a2
core   0: 3 0x80002528 (0x02cb3ab3) x21 0x00008c01
core   0: 0x8000252c (0x02f7a033) mulhsu  zero, a5, a5
core   0: 3 0x8000252c (0x02f7a033)
core   0: 0x80002530 (0x01c85333) srl     t1, a6, t3
core   0: 3 0x80002530 (0x01c85333) x 6 0x00020006
core   0: 0x80002534 (0x03972bb3) mulhsu  s7, a4, s9
core   0: 3 0x80002534 (0x03972bb3) x23 0x00000000
core   0: 0x80002538 (0x015ff733) and     a4, t6, s5
core   0: 3 0x80002538 (0x015ff733) x14 0x00000800
core   0: 0x8000253c (0x5390af13) slti    t5, ra, 1337
core   0: 3 0x8000253c (0x5390af13) x30 0x00000001
core   0: 0x80002540 (0x4104da93) srai    s5, s1, 16
core   0: 3 0x80002540 (0x4104da93) x21 0x00000000
core   0: 0x80002544 (0x03b3d5b3) divu    a1, t2, s11
core   0: 3 0x80002544 (0x03b3d5b3) x11 0xffffffff
core   0: 0x80002548 (0x1fa35a37) lui     s4, 0x1fa35
core   0: 3 0x80002548 (0x1fa35a37) x20 0x1fa35000
core   0: 0x8000254c (0x02f9e8b3) rem     a7, s3, a5
core   0: 3 0x8000254c (0x02f9e8b3) x17 0x00000000
core   0: 0x80002550 (0x01434933) xor     s2, t1, s4
core   0: 3 0x80002550 (0x01434933) x18 0x1fa15006
core   0: 0x80002554 (0x005c96b3) sll     a3, s9, t0
core   0: 3 0x80002554 (0x005c96b3) x13 0x00000000
core   0: 0x80002558 (0xff558313) addi    t1, a1, -11
core   0: 3 0x80002558 (0xff558313) x 6 0xfffffff4
core   0: 0x8000255c (0x0370d333) divu    t1, ra, s7
core   0: 3 0x8000255c (0x0370d333) x 6 0xffffffff
core   0: 0x80002560 (0x010bdf33) srl     t5, s7, a6
core   0: 3 0x80002560 (0x010bdf33) x30 0x00000000
core   0: 0x80002564 (0x488e4e93) xori    t4, t3, 1160
core   0: 3 0x80002564 (0x488e4e93) x29 0x008005c6
core   0: 0x80002568 (0x017badb3) slt     s11, s7, s7
core   0: 3 0x80002568 (0x017badb3) x27 0x00000000
core   0: 0x8000256c (0x03f7fe33) remu    t3, a5, t6
core   0: 3 0x8000256c (0x03f7fe33) x28 0x00000000
core   0: 0x80002570 (0x029705b3) mul     a1, a4, s1
core   0: 3 0x80002570 (0x029705b3) x11 0x00000000
core   0: 0x80002574 (0x225a6213) ori     tp, s4, 549
core   0: 3 0x80002574 (0x225a6213) x 4 0x1fa35225
core   0: 0x80002578 (0x03c6f0b3) remu    ra, a3, t3
core   0: 3 0x80002578 (0x03c6f0b3) x 1 0x00000000
core   0: 0x8000257c (0x00365a13) srli    s4, a2, 3
core   0: 3 0x8000257c (0x00365a13) x20 0x00002300
core   0: 0x80002580 (0x1955e013) ori     zero, a1, 405
core   0: 3 0x80002580 (0x1955e013)
core   0: 0x80002584 (0x0359a1b3) mulhsu  gp, s3, s5
core   0: 3 0x80002584 (0x0359a1b3) x 3 0x00000000
core   0: 0x80002588 (0x03e62e33) mulhsu  t3, a2, t5
core   0: 3 0x80002588 (0x03e62e33) x28 0x00000000
core   0: 0x8000258c (0xc62bb897) auipc   a7, 0xc62bb
core   0: 3 0x8000258c (0xc62bb897) x17 0x462bd58c
core   0: 0x80002590 (0x416150b3) sra     ra, sp, s6
core   0: 3 0x80002590 (0x416150b3) x 1 0x0062aa6f
core   0: 0x80002594 (0x010ed033) srl     zero, t4, a6
core   0: 3 0x80002594 (0x010ed033)
core   0: 0x80002598 (0x00000013) nop
core   0: 3 0x80002598 (0x00000013)
core   0: 0x8000259c (0x02a4e5b3) rem     a1, s1, a0
core   0: 3 0x8000259c (0x02a4e5b3) x11 0x00000000
core   0: 0x800025a0 (0x414581b3) sub     gp, a1, s4
core   0: 3 0x800025a0 (0x414581b3) x 3 0xffffdd00
core   0: 0x800025a4 (0xbea16a13) ori     s4, sp, -1046
core   0: 3 0x800025a4 (0xbea16a13) x20 0xfffffffb
core   0: 0x800025a8 (0x03f92d33) mulhsu  s10, s2, t6
core   0: 3 0x800025a8 (0x03f92d33) x26 0x00000114
core   0: 0x800025ac (0x00000013) nop
core   0: 3 0x800025ac (0x00000013)
core   0: 0x800025b0 (0x017ce9b3) or      s3, s9, s7
core   0: 3 0x800025b0 (0x017ce9b3) x19 0x00000000
core   0: 0x800025b4 (0x0180ce33) xor     t3, ra, s8
core   0: 3 0x800025b4 (0x0180ce33) x28 0xe99ba572
core   0: 0x800025b8 (0x459d0c13) addi    s8, s10, 1113
core   0: 3 0x800025b8 (0x459d0c13) x24 0x0000056d
core   0: 0x800025bc (0x014ed713) srli    a4, t4, 20
core   0: 3 0x800025bc (0x014ed713) x14 0x00000008
core   0: 0x800025c0 (0x00a91c93) slli    s9, s2, 10
core   0: 3 0x800025c0 (0x00a91c93) x25 0x85401800
core   0: 0x800025c4 (0x01338f33) add     t5, t2, s3
core   0: 3 0x800025c4 (0x01338f33) x30 0x00000000
core   0: 0x800025c8 (0x03b299b3) mulh    s3, t0, s11
core   0: 3 0x800025c8 (0x03b299b3) x19 0x00000000
core   0: 0x800025cc (0x02efbc33) mulhu   s8, t6, a4
core   0: 3 0x800025cc (0x02efbc33) x24 0x00000000
core   0: 0x800025d0 (0xb8e5b793) sltiu   a5, a1, -1138
core   0: 3 0x800025d0 (0xb8e5b793) x15 0x00000001
core   0: 0x800025d4 (0x40c05613) srai    a2, zero, 12
core   0: 3 0x800025d4 (0x40c05613) x12 0x00000000
core   0: 0x800025d8 (0x001df4b3) and     s1, s11, ra
core   0: 3 0x800025d8 (0x001df4b3) x 9 0x00000000
core   0: 0x800025dc (0x01bbf933) and     s2, s7, s11
core   0: 3 0x800025dc (0x01bbf933) x18 0x00000000
core   0: 0x800025e0 (0x01f36ab3) or      s5, t1, t6
core   0: 3 0x800025e0 (0x01f36ab3) x21 0xffffffff
core   0: 0x800025e4 (0x03fb6a33) rem     s4, s6, t6
core   0: 3 0x800025e4 (0x03fb6a33) x20 0xfffff8a4
core   0: 0x800025e8 (0x01ee5913) srli    s2, t3, 30
core   0: 3 0x800025e8 (0x01ee5913) x18 0x00000003
core   0: 0x800025ec (0xe027fb93) andi    s7, a5, -510
core   0: 3 0x800025ec (0xe027fb93) x23 0x00000000
core   0: 0x800025f0 (0x02bb7d33) remu    s10, s6, a1
core   0: 3 0x800025f0 (0x02bb7d33) x26 0x80014e64
core   0: 0x800025f4 (0x03e83133) mulhu   sp, a6, t5
core   0: 3 0x800025f4 (0x03e83133) x 2 0x00000000
core   0: 0x800025f8 (0x0034ba33) sltu    s4, s1, gp
core   0: 3 0x800025f8 (0x0034ba33) x20 0x00000001
core   0: 0x800025fc (0x0022f633) and     a2, t0, sp
core   0: 3 0x800025fc (0x0022f633) x12 0x00000000
core   0: 0x80002600 (0x02e41cb3) mulh    s9, s0, a4
core   0: 3 0x80002600 (0x02e41cb3) x25 0xfffffffe
core   0: 0x80002604 (0x02c0a933) mulhsu  s2, ra, a2
core   0: 3 0x80002604 (0x02c0a933) x18 0x00000000
core   0: 0x80002608 (0x021f2cb3) mulhsu  s9, t5, ra
core   0: 3 0x80002608 (0x021f2cb3) x25 0x00000000
core   0: 0x8000260c (0x00833d33) sltu    s10, t1, s0
core   0: 3 0x8000260c (0x00833d33) x26 0x00000000
core   0: 0x80002610 (0x03a03db3) mulhu   s11, zero, s10
core   0: 3 0x80002610 (0x03a03db3) x27 0x00000000
core   0: 0x80002614 (0x013a5f93) srli    t6, s4, 19
core   0: 3 0x80002614 (0x013a5f93) x31 0x00000000
core   0: 0x80002618 (0x90c04593) xori    a1, zero, -1780
core   0: 3 0x80002618 (0x90c04593) x11 0xfffff90c
core   0: 0x8000261c (0x00de83b3) add     t2, t4, a3
core   0: 3 0x8000261c (0x00de83b3) x 7 0x008005c6
core   0: 0x80002620 (0x41d40333) sub     t1, s0, t4
core   0: 3 0x80002620 (0x41d40333) x 6 0xd371a7d3
core   0: 0x80002624 (0x02752733) mulhsu  a4, a0, t2
core   0: 3 0x80002624 (0x02752733) x14 0xffbffd1d
core   0: 0x80002628 (0x052f0917) auipc   s2, 0x52f0
core   0: 3 0x80002628 (0x052f0917) x18 0x852f2628
core   0: 0x8000262c (0x01d661b3) or      gp, a2, t4
core   0: 3 0x8000262c (0x01d661b3) x 3 0x008005c6
core   0: 0x80002630 (0x41948a33) sub     s4, s1, s9
core   0: 3 0x80002630 (0x41948a33) x20 0x00000000
core   0: 0x80002634 (0x00717fb3) and     t6, sp, t2
core   0: 3 0x80002634 (0x00717fb3) x31 0x00000000
core   0: 0x80002638 (0x00269393) slli    t2, a3, 2
core   0: 3 0x80002638 (0x00269393) x 7 0x00000000
core   0: 0x8000263c (0x405a0a33) sub     s4, s4, t0
core   0: 3 0x8000263c (0x405a0a33) x20 0xf9d55e99
core   0: 0x80002640 (0x028e3f33) mulhu   t5, t3, s0
core   0: 3 0x80002640 (0x028e3f33) x30 0xc167d34d
core   0: 0x80002644 (0x20ff3313) sltiu   t1, t5, 527
core   0: 3 0x80002644 (0x20ff3313) x 6 0x00000000
core   0: 0x80002648 (0x00e36bb3) or      s7, t1, a4
core   0: 3 0x80002648 (0x00e36bb3) x23 0xffbffd1d
core   0: 0x8000264c (0x3a24cd13) xori    s10, s1, 930
core   0: 3 0x8000264c (0x3a24cd13) x26 0x000003a2
core   0: 0x80002650 (0x039c8233) mul     tp, s9, s9
core   0: 3 0x80002650 (0x039c8233) x 4 0x00000000
core   0: 0x80002654 (0x0121c233) xor     tp, gp, s2
core   0: 3 0x80002654 (0x0121c233) x 4 0x85af23ee
core   0: 0x80002658 (0x413b8f33) sub     t5, s7, s3
core   0: 3 0x80002658 (0x413b8f33) x30 0xffbffd1d
core   0: 0x8000265c (0x01ee5913) srli    s2, t3, 30
core   0: 3 0x8000265c (0x01ee5913) x18 0x00000003
core   0: 0x80002660 (0x4029dd93) srai    s11, s3, 2
core   0: 3 0x80002660 (0x4029dd93) x27 0x00000000
core   0: 0x80002664 (0x00e548b3) xor     a7, a0, a4
core   0: 3 0x80002664 (0x00e548b3) x17 0x7fbffd1d
core   0: 0x80002668 (0xe8a2ee13) ori     t3, t0, -374
core   0: 3 0x80002668 (0xe8a2ee13) x28 0xffffffef
core   0: 0x8000266c (0x8a0bfc93) andi    s9, s7, -1888
core   0: 3 0x8000266c (0x8a0bfc93) x25 0xffbff800
core   0: 0x80002670 (0xdf713493) sltiu   s1, sp, -521
core   0: 3 0x80002670 (0xdf713493) x 9 0x00000001
core   0: 0x80002674 (0x00a2f0b3) and     ra, t0, a0
core   0: 3 0x80002674 (0x00a2f0b3) x 1 0x00000000
core   0: 0x80002678 (0x037a51b3) divu    gp, s4, s7
core   0: 3 0x80002678 (0x037a51b3) x 3 0x00000000
core   0: 0x8000267c (0x02cc6fb3) rem     t6, s8, a2
core   0: 3 0x8000267c (0x02cc6fb3) x31 0x00000000
core   0: 0x80002680 (0x00000013) nop
core   0: 3 0x80002680 (0x00000013)
core   0: 0x80002684 (0x00e162b3) or      t0, sp, a4
core   0: 3 0x80002684 (0x00e162b3) x 5 0xffbffd1d
core   0: 0x80002688 (0x50d34093) xori    ra, t1, 1293
core   0: 3 0x80002688 (0x50d34093) x 1 0x0000050d
core   0: 0x8000268c (0xc90a4213) xori    tp, s4, -880
core   0: 3 0x8000268c (0xc90a4213) x 4 0x062aa209
core   0: 0x80002690 (0x406089b3) sub     s3, ra, t1
core   0: 3 0x80002690 (0x406089b3) x19 0x0000050d
core   0: 0x80002694 (0x032237b3) mulhu   a5, tp, s2
core   0: 3 0x80002694 (0x032237b3) x15 0x00000000
core   0: 0x80002698 (0x0157fbb3) and     s7, a5, s5
core   0: 3 0x80002698 (0x0157fbb3) x23 0x00000000
core   0: 0x8000269c (0x02e5ad33) mulhsu  s10, a1, a4
core   0: 3 0x8000269c (0x02e5ad33) x26 0xfffff90d
core   0: 0x800026a0 (0x41845f93) srai    t6, s0, 24
core   0: 3 0x800026a0 (0x41845f93) x31 0xffffffd3
core   0: 0x800026a4 (0x531ccdb7) lui     s11, 0x531cc
core   0: 3 0x800026a4 (0x531ccdb7) x27 0x531cc000
core   0: 0x800026a8 (0x00323433) sltu    s0, tp, gp
core   0: 3 0x800026a8 (0x00323433) x 8 0x00000000
core   0: 0x800026ac (0x03578c33) mul     s8, a5, s5
core   0: 3 0x800026ac (0x03578c33) x24 0x00000000
core   0: 0x800026b0 (0x023c31b3) mulhu   gp, s8, gp
core   0: 3 0x800026b0 (0x023c31b3) x 3 0x00000000
core   0: 0x800026b4 (0x6ecad497) auipc   s1, 0x6ecad
core   0: 3 0x800026b4 (0x6ecad497) x 9 0xeecaf6b4
core   0: 0x800026b8 (0x40b6d113) srai    sp, a3, 11
core   0: 3 0x800026b8 (0x40b6d113) x 2 0x00000000
core   0: 0x800026bc (0x26e4bc97) auipc   s9, 0x26e4b
core   0: 3 0x800026bc (0x26e4bc97) x25 0xa6e4d6bc
core   0: 0x800026c0 (0x02361a33) mulh    s4, a2, gp
core   0: 3 0x800026c0 (0x02361a33) x20 0x00000000
core   0: 0x800026c4 (0x0316d633) divu    a2, a3, a7
core   0: 3 0x800026c4 (0x0316d633) x12 0x00000000
core   0: 0x800026c8 (0x41f25e33) sra     t3, tp, t6
core   0: 3 0x800026c8 (0x41f25e33) x28 0x000000c5
core   0: 0x800026cc (0x017b9f33) sll     t5, s7, s7
core   0: 3 0x800026cc (0x017b9f33) x30 0x00000000
core   0: 0x800026d0 (0x01dd9fb3) sll     t6, s11, t4
core   0: 3 0x800026d0 (0x01dd9fb3) x31 0xc7300000
core   0: 0x800026d4 (0x02b555b3) divu    a1, a0, a1
core   0: 3 0x800026d4 (0x02b555b3) x11 0x00000000
core   0: 0x800026d8 (0x01a8ae33) slt     t3, a7, s10
core   0: 3 0x800026d8 (0x01a8ae33) x28 0x00000000
core   0: 0x800026dc (0x01a26593) ori     a1, tp, 26
core   0: 3 0x800026dc (0x01a26593) x11 0x062aa21b
core   0: 0x800026e0 (0xe2eaba13) sltiu   s4, s5, -466
core   0: 3 0x800026e0 (0xe2eaba13) x20 0x00000000
core   0: 0x800026e4 (0x022dbfb3) mulhu   t6, s11, sp
core   0: 3 0x800026e4 (0x022dbfb3) x31 0x00000000
core   0: 0x800026e8 (0x03e6e4b3) rem     s1, a3, t5
core   0: 3 0x800026e8 (0x03e6e4b3) x 9 0x00000000
core   0: 0x800026ec (0x03b5a333) mulhsu  t1, a1, s11
core   0: 3 0x800026ec (0x03b5a333) x 6 0x020083d8
core   0: 0x800026f0 (0x00e6d3b3) srl     t2, a3, a4
core   0: 3 0x800026f0 (0x00e6d3b3) x 7 0x00000000
core   0: 0x800026f4 (0x02a2ba33) mulhu   s4, t0, a0
core   0: 3 0x800026f4 (0x02a2ba33) x20 0x7fdffe8e
core   0: 0x800026f8 (0x01451913) slli    s2, a0, 20
core   0: 3 0x800026f8 (0x01451913) x18 0x00000000
core   0: 0x800026fc (0x6ada4913) xori    s2, s4, 1709
core   0: 3 0x800026fc (0x6ada4913) x18 0x7fdff823
core   0: 0x80002700 (0x01c674b3) and     s1, a2, t3
core   0: 3 0x80002700 (0x01c674b3) x 9 0x00000000
core   0: 0x80002704 (0x032fcf33) div     t5, t6, s2
core   0: 3 0x80002704 (0x032fcf33) x30 0x00000000
core   0: 0x80002708 (0x0302df33) divu    t5, t0, a6
core   0: 3 0x80002708 (0x0302df33) x30 0x00000001
core   0: 0x8000270c (0xd9faef93) ori     t6, s5, -609
core   0: 3 0x8000270c (0xd9faef93) x31 0xffffffff
core   0: 0x80002710 (0x00da9613) slli    a2, s5, 13
core   0: 3 0x80002710 (0x00da9613) x12 0xffffe000
core   0: 0x80002714 (0x021b8f33) mul     t5, s7, ra
core   0: 3 0x80002714 (0x021b8f33) x30 0x00000000
core   0: 0x80002718 (0x01c6b3b3) sltu    t2, a3, t3
core   0: 3 0x80002718 (0x01c6b3b3) x 7 0x00000000
core   0: 0x8000271c (0x01efe2b3) or      t0, t6, t5
core   0: 3 0x8000271c (0x01efe2b3) x 5 0xffffffff
core   0: 0x80002720 (0x1c39b637) lui     a2, 0x1c39b
core   0: 3 0x80002720 (0x1c39b637) x12 0x1c39b000
core   0: 0x80002724 (0x40d38033) sub     zero, t2, a3
core   0: 3 0x80002724 (0x40d38033)
core   0: 0x80002728 (0x01e08433) add     s0, ra, t5
core   0: 3 0x80002728 (0x01e08433) x 8 0x0000050d
core   0: 0x8000272c (0x01c96433) or      s0, s2, t3
core   0: 3 0x8000272c (0x01c96433) x 8 0x7fdff823
core   0: 0x80002730 (0x402b5e13) srai    t3, s6, 2
core   0: 3 0x80002730 (0x402b5e13) x28 0xe0005399
core   0: 0x80002734 (0x03019d33) mulh    s10, gp, a6
core   0: 3 0x80002734 (0x03019d33) x26 0x00000000
core   0: 0x80002738 (0x014e5333) srl     t1, t3, s4
core   0: 3 0x80002738 (0x014e5333) x 6 0x00038001
core   0: 0x8000273c (0x00000013) nop
core   0: 3 0x8000273c (0x00000013)
core   0: 0x80002740 (0x00429d13) slli    s10, t0, 4
core   0: 3 0x80002740 (0x00429d13) x26 0xfffffff0
core   0: 0x80002744 (0x0005cdb3) xor     s11, a1, zero
core   0: 3 0x80002744 (0x0005cdb3) x27 0x062aa21b
core   0: 0x80002748 (0x042c8b93) addi    s7, s9, 66
core   0: 3 0x80002748 (0x042c8b93) x23 0xa6e4d6fe
core   0: 0x8000274c (0x411e5793) srai    a5, t3, 17
core   0: 3 0x8000274c (0x411e5793) x15 0xfffff000
core   0: 0x80002750 (0x02708933) mul     s2, ra, t2
core   0: 3 0x80002750 (0x02708933) x18 0x00000000
core   0: 0x80002754 (0x29558a13) addi    s4, a1, 661
core   0: 3 0x80002754 (0x29558a13) x20 0x062aa4b0
core   0: 0x80002758 (0x004e9333) sll     t1, t4, tp
core   0: 3 0x80002758 (0x004e9333) x 6 0x000b8c00
core   0: 0x8000275c (0x411adb93) srai    s7, s5, 17
core   0: 3 0x8000275c (0x411adb93) x23 0xffffffff
core   0: 0x80002760 (0x400654b3) sra     s1, a2, zero
core   0: 3 0x80002760 (0x400654b3) x 9 0x1c39b000
core   0: 0x80002764 (0x010d3db3) sltu    s11, s10, a6
core   0: 3 0x80002764 (0x010d3db3) x27 0x00000000
core   0: 0x80002768 (0x01c0e233) or      tp, ra, t3
core   0: 3 0x80002768 (0x01c0e233) x 4 0xe000579d
core   0: 0x8000276c (0x9c3ac893) xori    a7, s5, -1597
core   0: 3 0x8000276c (0x9c3ac893) x17 0x0000063c
core   0: 0x80002770 (0x02de29b3) mulhsu  s3, t3, a3
core   0: 3 0x80002770 (0x02de29b3) x19 0x00000000
core   0: 0x80002774 (0x639acf97) auipc   t6, 0x639ac
core   0: 3 0x80002774 (0x639acf97) x31 0xe39ae774
core   0: 0x80002778 (0x0318cfb3) div     t6, a7, a7
core   0: 3 0x80002778 (0x0318cfb3) x31 0x00000001
core   0: 0x8000277c (0x03390d33) mul     s10, s2, s3
core   0: 3 0x8000277c (0x03390d33) x26 0x00000000
core   0: 0x80002780 (0x414888b3) sub     a7, a7, s4
core   0: 3 0x80002780 (0x414888b3) x17 0xf9d5618c
core   0: 0x80002784 (0x00c01a93) slli    s5, zero, 12
core   0: 3 0x80002784 (0x00c01a93) x21 0x00000000
core   0: 0x80002788 (0x00ff7f13) andi    t5, t5, 15
core   0: 3 0x80002788 (0x00ff7f13) x30 0x00000000
core   0: 0x8000278c (0xedd8a413) slti    s0, a7, -291
core   0: 3 0x8000278c (0xedd8a413) x 8 0x00000001
core   0: 0x80002790 (0x415204b3) sub     s1, tp, s5
core   0: 3 0x80002790 (0x415204b3) x 9 0xe000579d
core   0: 0x80002794 (0x4142de13) srai    t3, t0, 20
core   0: 3 0x80002794 (0x4142de13) x28 0xffffffff
core   0: 0x80002798 (0x76210613) addi    a2, sp, 1890
core   0: 3 0x80002798 (0x76210613) x12 0x00000762
core   0: 0x8000279c (0x0321b933) mulhu   s2, gp, s2
core   0: 3 0x8000279c (0x0321b933) x18 0x00000000
core   0: 0x800027a0 (0xc3b54797) auipc   a5, 0xc3b54
core   0: 3 0x800027a0 (0xc3b54797) x15 0x43b567a0
core   0: 0x800027a4 (0x0079d333) srl     t1, s3, t2
core   0: 3 0x800027a4 (0x0079d333) x 6 0x00000000
core   0: 0x800027a8 (0xaa7281b7) lui     gp, 0xaa728
core   0: 3 0x800027a8 (0xaa7281b7) x 3 0xaa728000
core   0: 0x800027ac (0x00840333) add     t1, s0, s0
core   0: 3 0x800027ac (0x00840333) x 6 0x00000002
core   0: 0x800027b0 (0xdf1bb413) sltiu   s0, s7, -527
core   0: 3 0x800027b0 (0xdf1bb413) x 8 0x00000000
core   0: 0x800027b4 (0x01d39793) slli    a5, t2, 29
core   0: 3 0x800027b4 (0x01d39793) x15 0x00000000
core   0: 0x800027b8 (0x0252dbb3) divu    s7, t0, t0
core   0: 3 0x800027b8 (0x0252dbb3) x23 0x00000001
core   0: 0x800027bc (0x038b2eb3) mulhsu  t4, s6, s8
core   0: 3 0x800027bc (0x038b2eb3) x29 0x00000000
core   0: 0x800027c0 (0x9be56a13) ori     s4, a0, -1602
core   0: 3 0x800027c0 (0x9be56a13) x20 0xfffff9be
core   0: 0x800027c4 (0xbf00cd17) auipc   s10, 0xbf00c
core   0: 3 0x800027c4 (0xbf00cd17) x26 0x3f00e7c4
core   0: 0x800027c8 (0x01e5ebb3) or      s7, a1, t5
core   0: 3 0x800027c8 (0x01e5ebb3) x23 0x062aa21b
core   0: 0x800027cc (0x005988b3) add     a7, s3, t0
core   0: 3 0x800027cc (0x005988b3) x17 0xffffffff
core   0: 0x800027d0 (0x4033df33) sra     t5, t2, gp
core   0: 3 0x800027d0 (0x4033df33) x30 0x00000000
core   0: 0x800027d4 (0xfa00fdb7) lui     s11, 0xfa00f
core   0: 3 0x800027d4 (0xfa00fdb7) x27 0xfa00f000
core   0: 0x800027d8 (0x00000013) nop
core   0: 3 0x800027d8 (0x00000013)
core   0: 0x800027dc (0x004da4b3) slt     s1, s11, tp
core   0: 3 0x800027dc (0x004da4b3) x 9 0x00000000
core   0: 0x800027e0 (0x02ed36b3) mulhu   a3, s10, a4
core   0: 3 0x800027e0 (0x02ed36b3) x13 0x3ef126d4
core   0: 0x800027e4 (0x567c3593) sltiu   a1, s8, 1383
core   0: 3 0x800027e4 (0x567c3593) x11 0x00000001
core   0: 0x800027e8 (0x01d1c9b3) xor     s3, gp, t4
core   0: 3 0x800027e8 (0x01d1c9b3) x19 0xaa728000
core   0: 0x800027ec (0x011d27b3) slt     a5, s10, a7
core   0: 3 0x800027ec (0x011d27b3) x15 0x00000000
core   0: 0x800027f0 (0x016a1893) slli    a7, s4, 22
core   0: 3 0x800027f0 (0x016a1893) x17 0x6f800000
core   0: 0x800027f4 (0x00886c33) or      s8, a6, s0
core   0: 3 0x800027f4 (0x00886c33) x24 0x80018ce4
core   0: 0x800027f8 (0x40c6d593) srai    a1, a3, 12
core   0: 3 0x800027f8 (0x40c6d593) x11 0x0003ef12
core   0: 0x800027fc (0x00000013) nop
core   0: 3 0x800027fc (0x00000013)
core   0: 0x80002800 (0xd565a193) slti    gp, a1, -682
core   0: 3 0x80002800 (0xd565a193) x 3 0x00000000
core   0: 0x80002804 (0x005ae033) or      zero, s5, t0
core   0: 3 0x80002804 (0x005ae033)
core   0: 0x80002808 (0x03a1c4b3) div     s1, gp, s10
core   0: 3 0x80002808 (0x03a1c4b3) x 9 0x00000000
core   0: 0x8000280c (0x36c08a13) addi    s4, ra, 876
core   0: 3 0x8000280c (0x36c08a13) x20 0x00000879
core   0: 0x80002810 (0x16d72a13) slti    s4, a4, 365
core   0: 3 0x80002810 (0x16d72a13) x20 0x00000001
core   0: 0x80002814 (0x01b70933) add     s2, a4, s11
core   0: 3 0x80002814 (0x01b70933) x18 0xf9c0ed1d
core   0: 0x80002818 (0x41175d33) sra     s10, a4, a7
core   0: 3 0x80002818 (0x41175d33) x26 0xffbffd1d
core   0: 0x8000281c (0x029c96b3) mulh    a3, s9, s1
core   0: 3 0x8000281c (0x029c96b3) x13 0x00000000
core   0: 0x80002820 (0x02da1333) mulh    t1, s4, a3
core   0: 3 0x80002820 (0x02da1333) x 6 0x00000000
core   0: 0x80002824 (0x039a30b3) mulhu   ra, s4, s9
core   0: 3 0x80002824 (0x039a30b3) x 1 0x00000000
core   0: 0x80002828 (0x40fbd033) sra     zero, s7, a5
core   0: 3 0x80002828 (0x40fbd033)
core   0: 0x8000282c (0x5ddaa397) auipc   t2, 0x5ddaa
core   0: 3 0x8000282c (0x5ddaa397) x 7 0xdddac82c
core   0: 0x80002830 (0xfa12b113) sltiu   sp, t0, -95
core   0: 3 0x80002830 (0xfa12b113) x 2 0x00000000
core   0: 0x80002834 (0x03c70933) mul     s2, a4, t3
core   0: 3 0x80002834 (0x03c70933) x18 0x004002e3
core   0: 0x80002838 (0x41bd0633) sub     a2, s10, s11
core   0: 3 0x80002838 (0x41bd0633) x12 0x05bf0d1d
core   0: 0x8000283c (0x014f8a33) add     s4, t6, s4
core   0: 3 0x8000283c (0x014f8a33) x20 0x00000002
core   0: 0x80002840 (0x89f88413) addi    s0, a7, -1889
core   0: 3 0x80002840 (0x89f88413) x 8 0x6f7ff89f
core   0: 0x80002844 (0x01ad2cb3) slt     s9, s10, s10
core   0: 3 0x80002844 (0x01ad2cb3) x25 0x00000000
core   0: 0x80002848 (0x02ab0433) mul     s0, s6, a0
core   0: 3 0x80002848 (0x02ab0433) x 8 0x00000000
core   0: 0x8000284c (0x007ce6b3) or      a3, s9, t2
core   0: 3 0x8000284c (0x007ce6b3) x13 0xdddac82c
core   0: 0x80002850 (0x9889a993) slti    s3, s3, -1656
core   0: 3 0x80002850 (0x9889a993) x19 0x00000001
core   0: 0x80002854 (0x41b1ddb3) sra     s11, gp, s11
core   0: 3 0x80002854 (0x41b1ddb3) x27 0x00000000
core   0: 0x80002858 (0x02103433) mulhu   s0, zero, ra
core   0: 3 0x80002858 (0x02103433) x 8 0x00000000
core   0: 0x8000285c (0xd59d6a13) ori     s4, s10, -679
core   0: 3 0x8000285c (0xd59d6a13) x20 0xfffffd5d
core   0: 0x80002860 (0x00ea0c33) add     s8, s4, a4
core   0: 3 0x80002860 (0x00ea0c33) x24 0xffbffa7a
core   0: 0x80002864 (0x00ddbcb3) sltu    s9, s11, a3
core   0: 3 0x80002864 (0x00ddbcb3) x25 0x00000001
core   0: 0x80002868 (0x02789eb3) mulh    t4, a7, t2
core   0: 3 0x80002868 (0x02789eb3) x29 0xf120ca2f
core   0: 0x8000286c (0x741b4393) xori    t2, s6, 1857
core   0: 3 0x8000286c (0x741b4393) x 7 0x80014925
core   0: 0x80002870 (0x07272293) slti    t0, a4, 114
core   0: 3 0x80002870 (0x07272293) x 5 0x00000001
core   0: 0x80002874 (0x0052b733) sltu    a4, t0, t0
core   0: 3 0x80002874 (0x0052b733) x14 0x00000000
core   0: 0x80002878 (0xc6e5be97) auipc   t4, 0xc6e5b
core   0: 3 0x80002878 (0xc6e5be97) x29 0x46e5d878
core   0: 0x8000287c (0x41bfd7b3) sra     a5, t6, s11
core   0: 3 0x8000287c (0x41bfd7b3) x15 0x00000001
core   0: 0x80002880 (0x02b132b3) mulhu   t0, sp, a1
core   0: 3 0x80002880 (0x02b132b3) x 5 0x00000000
core   0: 0x80002884 (0xf7b0f993) andi    s3, ra, -133
core   0: 3 0x80002884 (0xf7b0f993) x19 0x00000000
core   0: 0x80002888 (0x01bb86b3) add     a3, s7, s11
core   0: 3 0x80002888 (0x01bb86b3) x13 0x062aa21b
core   0: 0x8000288c (0x40008ab3) sub     s5, ra, zero
core   0: 3 0x8000288c (0x40008ab3) x21 0x00000000
core   0: 0x80002890 (0x0268b4b3) mulhu   s1, a7, t1
core   0: 3 0x80002890 (0x0268b4b3) x 9 0x00000000
core   0: 0x80002894 (0x03d38c33) mul     s8, t2, t4
core   0: 3 0x80002894 (0x03d38c33) x24 0xa26a8158
core   0: 0x80002898 (0xd7558a93) addi    s5, a1, -651
core   0: 3 0x80002898 (0xd7558a93) x21 0x0003ec87
core   0: 0x8000289c (0x000a9a33) sll     s4, s5, zero
core   0: 3 0x8000289c (0x000a9a33) x20 0x0003ec87
core   0: 0x800028a0 (0x9c102b93) slti    s7, zero, -1599
core   0: 3 0x800028a0 (0x9c102b93) x23 0x00000000
core   0: 0x800028a4 (0x009bddb3) srl     s11, s7, s1
core   0: 3 0x800028a4 (0x009bddb3) x27 0x00000000
core   0: 0x800028a8 (0x40225013) srai    zero, tp, 2
core   0: 3 0x800028a8 (0x40225013)
core   0: 0x800028ac (0x93036a13) ori     s4, t1, -1744
core   0: 3 0x800028ac (0x93036a13) x20 0xfffff930
core   0: 0x800028b0 (0x01652c33) slt     s8, a0, s6
core   0: 3 0x800028b0 (0x01652c33) x24 0x00000001
core   0: 0x800028b4 (0x412cde93) srai    t4, s9, 18
core   0: 3 0x800028b4 (0x412cde93) x29 0x00000000
core   0: 0x800028b8 (0x753f9bb7) lui     s7, 0x753f9
core   0: 3 0x800028b8 (0x753f9bb7) x23 0x753f9000
core   0: 0x800028bc (0x01437ab3) and     s5, t1, s4
core   0: 3 0x800028bc (0x01437ab3) x21 0x00000000
core   0: 0x800028c0 (0x012a77b3) and     a5, s4, s2
core   0: 3 0x800028c0 (0x012a77b3) x15 0x00400020
core   0: 0x800028c4 (0x003dbab3) sltu    s5, s11, gp
core   0: 3 0x800028c4 (0x003dbab3) x21 0x00000000
core   0: 0x800028c8 (0x029969b3) rem     s3, s2, s1
core   0: 3 0x800028c8 (0x029969b3) x19 0x004002e3
core   0: 0x800028cc (0x00d23e33) sltu    t3, tp, a3
core   0: 3 0x800028cc (0x00d23e33) x28 0x00000000
core   0: 0x800028d0 (0x039dda33) divu    s4, s11, s9
core   0: 3 0x800028d0 (0x039dda33) x20 0x00000000
core   0: 0x800028d4 (0x02ec1133) mulh    sp, s8, a4
core   0: 3 0x800028d4 (0x02ec1133) x 2 0x00000000
core   0: 0x800028d8 (0x02151033) mulh    zero, a0, ra
core   0: 3 0x800028d8 (0x02151033)
core   0: 0x800028dc (0x00000013) nop
core   0: 3 0x800028dc (0x00000013)
core   0: 0x800028e0 (0x00246cb3) or      s9, s0, sp
core   0: 3 0x800028e0 (0x00246cb3) x25 0x00000000
core   0: 0x800028e4 (0x025603b3) mul     t2, a2, t0
core   0: 3 0x800028e4 (0x025603b3) x 7 0x00000000
core   0: 0x800028e8 (0x003a5f33) srl     t5, s4, gp
core   0: 3 0x800028e8 (0x003a5f33) x30 0x00000000
core   0: 0x800028ec (0x07aee6b7) lui     a3, 0x7aee
core   0: 3 0x800028ec (0x07aee6b7) x13 0x07aee000
core   0: 0x800028f0 (0x40090733) sub     a4, s2, zero
core   0: 3 0x800028f0 (0x40090733) x14 0x004002e3
core   0: 0x800028f4 (0x02ac8ab3) mul     s5, s9, a0
core   0: 3 0x800028f4 (0x02ac8ab3) x21 0x00000000
core   0: 0x800028f8 (0x014a8233) add     tp, s5, s4
core   0: 3 0x800028f8 (0x014a8233) x 4 0x00000000
core   0: 0x800028fc (0x03594cb3) div     s9, s2, s5
core   0: 3 0x800028fc (0x03594cb3) x25 0xffffffff
core   0: 0x80002900 (0x00ade9b3) or      s3, s11, a0
core   0: 3 0x80002900 (0x00ade9b3) x19 0x80000000
core   0: 0x80002904 (0x01dff733) and     a4, t6, t4
core   0: 3 0x80002904 (0x01dff733) x14 0x00000000
core   0: 0x80002908 (0x32238a13) addi    s4, t2, 802
core   0: 3 0x80002908 (0x32238a13) x20 0x00000322
core   0: 0x8000290c (0xffee3d13) sltiu   s10, t3, -2
core   0: 3 0x8000290c (0xffee3d13) x26 0x00000001
core   0: 0x80002910 (0x01bff9b3) and     s3, t6, s11
core   0: 3 0x80002910 (0x01bff9b3) x19 0x00000000
core   0: 0x80002914 (0x0135dc33) srl     s8, a1, s3
core   0: 3 0x80002914 (0x0135dc33) x24 0x0003ef12
core   0: 0x80002918 (0xe14a8393) addi    t2, s5, -492
core   0: 3 0x80002918 (0xe14a8393) x 7 0xfffffe14
core   0: 0x8000291c (0x03d358b3) divu    a7, t1, t4
core   0: 3 0x8000291c (0x03d358b3) x17 0xffffffff
core   0: 0x80002920 (0x00000013) nop
core   0: 3 0x80002920 (0x00000013)
core   0: 0x80002924 (0x02511333) mulh    t1, sp, t0
core   0: 3 0x80002924 (0x02511333) x 6 0x00000000
core   0: 0x80002928 (0xb24e4c37) lui     s8, 0xb24e4
core   0: 3 0x80002928 (0xb24e4c37) x24 0xb24e4000
core   0: 0x8000292c (0x81bacc13) xori    s8, s5, -2021
core   0: 3 0x8000292c (0x81bacc13) x24 0xfffff81b
core   0: 0x80002930 (0x401c5a13) srai    s4, s8, 1
core   0: 3 0x80002930 (0x401c5a13) x20 0xfffffc0d
core   0: 0x80002934 (0x03e349b3) div     s3, t1, t5
core   0: 3 0x80002934 (0x03e349b3) x19 0xffffffff
core   0: 0x80002938 (0x02059933) mulh    s2, a1, zero
core   0: 3 0x80002938 (0x02059933) x18 0x00000000
core   0: 0x8000293c (0x41d4d013) srai    zero, s1, 29
core   0: 3 0x8000293c (0x41d4d013)
core   0: 0x80002940 (0x01d64f33) xor     t5, a2, t4
core   0: 3 0x80002940 (0x01d64f33) x30 0x05bf0d1d
core   0: 0x80002944 (0x016a6933) or      s2, s4, s6
core   0: 3 0x80002944 (0x016a6933) x18 0xfffffe6d
core   0: 0x80002948 (0xfa542b93) slti    s7, s0, -91
core   0: 3 0x80002948 (0xfa542b93) x23 0x00000000
core   0: 0x8000294c (0x02a5e233) rem     tp, a1, a0
core   0: 3 0x8000294c (0x02a5e233) x 4 0x0003ef12
core   0: 0x80002950 (0x85bc7413) andi    s0, s8, -1957
core   0: 3 0x80002950 (0x85bc7413) x 8 0xfffff81b
core   0: 0x80002954 (0x01c9e3b3) or      t2, s3, t3
core   0: 3 0x80002954 (0x01c9e3b3) x 7 0xffffffff
core   0: 0x80002958 (0x05503617) auipc   a2, 0x5503
core   0: 3 0x80002958 (0x05503617) x12 0x85505958
core   0: 0x8000295c (0x0368ef33) rem     t5, a7, s6
core   0: 3 0x8000295c (0x0368ef33) x30 0xffffffff
core   0: 0x80002960 (0x01349d13) slli    s10, s1, 19
core   0: 3 0x80002960 (0x01349d13) x26 0x00000000
core   0: 0x80002964 (0x27cffb97) auipc   s7, 0x27cff
core   0: 3 0x80002964 (0x27cffb97) x23 0xa7d01964
core   0: 0x80002968 (0x02a0ebb3) rem     s7, ra, a0
core   0: 3 0x80002968 (0x02a0ebb3) x23 0x00000000
core   0: 0x8000296c (0x01f04f93) xori    t6, zero, 31
core   0: 3 0x8000296c (0x01f04f93) x31 0x0000001f
core   0: 0x80002970 (0x036fd133) divu    sp, t6, s6
core   0: 3 0x80002970 (0x036fd133) x 2 0x00000000
core   0: 0x80002974 (0x019cfab3) and     s5, s9, s9
core   0: 3 0x80002974 (0x019cfab3) x21 0xffffffff
core   0: 0x80002978 (0x7b208d17) auipc   s10, 0x7b208
core   0: 3 0x80002978 (0x7b208d17) x26 0xfb20a978
core   0: 0x8000297c (0x00450a33) add     s4, a0, tp
core   0: 3 0x8000297c (0x00450a33) x20 0x8003ef12
core   0: 0x80002980 (0x02d03133) mulhu   sp, zero, a3
core   0: 3 0x80002980 (0x02d03133) x 2 0x00000000
core   0: 0x80002984 (0x027c05b3) mul     a1, s8, t2
core   0: 3 0x80002984 (0x027c05b3) x11 0x000007e5
core   0: 0x80002988 (0x0378f233) remu    tp, a7, s7
core   0: 3 0x80002988 (0x0378f233) x 4 0xffffffff
core   0: 0x8000298c (0xed7ffc37) lui     s8, 0xed7ff
core   0: 3 0x8000298c (0xed7ffc37) x24 0xed7ff000
core   0: 0x80002990 (0x4ecb3e93) sltiu   t4, s6, 1260
core   0: 3 0x80002990 (0x4ecb3e93) x29 0x00000000
core   0: 0x80002994 (0x01c64f33) xor     t5, a2, t3
core   0: 3 0x80002994 (0x01c64f33) x30 0x85505958
core   0: 0x80002998 (0x406fda33) sra     s4, t6, t1
core   0: 3 0x80002998 (0x406fda33) x20 0x0000001f
core   0: 0x8000299c (0x02053eb3) mulhu   t4, a0, zero
core   0: 3 0x8000299c (0x02053eb3) x29 0x00000000
core   0: 0x800029a0 (0x301fcc93) xori    s9, t6, 769
core   0: 3 0x800029a0 (0x301fcc93) x25 0x0000031e
core   0: 0x800029a4 (0x0319e033) rem     zero, s3, a7
core   0: 3 0x800029a4 (0x0319e033)
core   0: 0x800029a8 (0x9c360f13) addi    t5, a2, -1597
core   0: 3 0x800029a8 (0x9c360f13) x30 0x8550531b
core   0: 0x800029ac (0x00fb1a93) slli    s5, s6, 15
core   0: 3 0x800029ac (0x00fb1a93) x21 0xa7320000
core   0: 0x800029b0 (0x2b3b9717) auipc   a4, 0x2b3b9
core   0: 3 0x800029b0 (0x2b3b9717) x14 0xab3bb9b0
core   0: 0x800029b4 (0x609c9737) lui     a4, 0x609c9
core   0: 3 0x800029b4 (0x609c9737) x14 0x609c9000
core   0: 0x800029b8 (0x40e4d2b3) sra     t0, s1, a4
core   0: 3 0x800029b8 (0x40e4d2b3) x 5 0x00000000
core   0: 0x800029bc (0xb2c22c97) auipc   s9, 0xb2c22
core   0: 3 0x800029bc (0xb2c22c97) x25 0x32c249bc
core   0: 0x800029c0 (0xc3c87793) andi    a5, a6, -964
core   0: 3 0x800029c0 (0xc3c87793) x15 0x80018c24
core   0: 0x800029c4 (0x4029d713) srai    a4, s3, 2
core   0: 3 0x800029c4 (0x4029d713) x14 0xffffffff
core   0: 0x800029c8 (0x0336eeb3) rem     t4, a3, s3
core   0: 3 0x800029c8 (0x0336eeb3) x29 0x00000000
core   0: 0x800029cc (0x00c5c7b3) xor     a5, a1, a2
core   0: 3 0x800029cc (0x00c5c7b3) x15 0x85505ebd
core   0: 0x800029d0 (0x03d6d4b3) divu    s1, a3, t4
core   0: 3 0x800029d0 (0x03d6d4b3) x 9 0xffffffff
core   0: 0x800029d4 (0x026eadb3) mulhsu  s11, t4, t1
core   0: 3 0x800029d4 (0x026eadb3) x27 0x00000000
core   0: 0x800029d8 (0x5270ad37) lui     s10, 0x5270a
core   0: 3 0x800029d8 (0x5270ad37) x26 0x5270a000
core   0: 0x800029dc (0x0396ffb3) remu    t6, a3, s9
core   0: 3 0x800029dc (0x0396ffb3) x31 0x07aee000
core   0: 0x800029e0 (0xa010e693) ori     a3, ra, -1535
core   0: 3 0x800029e0 (0xa010e693) x13 0xfffffa01
core   0: 0x800029e4 (0x20667c17) auipc   s8, 0x20667
core   0: 3 0x800029e4 (0x20667c17) x24 0xa06699e4
core   0: 0x800029e8 (0x00b11f93) slli    t6, sp, 11
core   0: 3 0x800029e8 (0x00b11f93) x31 0x00000000
core   0: 0x800029ec (0x00dc9d33) sll     s10, s9, a3
core   0: 3 0x800029ec (0x00dc9d33) x26 0x65849378
core   0: 0x800029f0 (0x005f26b3) slt     a3, t5, t0
core   0: 3 0x800029f0 (0x005f26b3) x13 0x00000001
core   0: 0x800029f4 (0x01c52933) slt     s2, a0, t3
core   0: 3 0x800029f4 (0x01c52933) x18 0x00000001
core   0: 0x800029f8 (0x0302f7b3) remu    a5, t0, a6
core   0: 3 0x800029f8 (0x0302f7b3) x15 0x00000000
core   0: 0x800029fc (0x0244ae33) mulhsu  t3, s1, tp
core   0: 3 0x800029fc (0x0244ae33) x28 0xffffffff
core   0: 0x80002a00 (0xb088e793) ori     a5, a7, -1272
core   0: 3 0x80002a00 (0xb088e793) x15 0xffffffff
core   0: 0x80002a04 (0x01242633) slt     a2, s0, s2
core   0: 3 0x80002a04 (0x01242633) x12 0x00000001
core   0: 0x80002a08 (0x022831b3) mulhu   gp, a6, sp
core   0: 3 0x80002a08 (0x022831b3) x 3 0x00000000
core   0: 0x80002a0c (0xdae76913) ori     s2, a4, -594
core   0: 3 0x80002a0c (0xdae76913) x18 0xffffffff
core   0: 0x80002a10 (0x40318ab3) sub     s5, gp, gp
core   0: 3 0x80002a10 (0x40318ab3) x21 0x00000000
core   0: 0x80002a14 (0x40d6d993) srai    s3, a3, 13
core   0: 3 0x80002a14 (0x40d6d993) x19 0x00000000
core   0: 0x80002a18 (0x00489193) slli    gp, a7, 4
core   0: 3 0x80002a18 (0x00489193) x 3 0xfffffff0
core   0: 0x80002a1c (0xfd6193b7) lui     t2, 0xfd619
core   0: 3 0x80002a1c (0xfd6193b7) x 7 0xfd619000
core   0: 0x80002a20 (0x41cb54b3) sra     s1, s6, t3
core   0: 3 0x80002a20 (0x41cb54b3) x 9 0xffffffff
core   0: 0x80002a24 (0x02ec91b3) mulh    gp, s9, a4
core   0: 3 0x80002a24 (0x02ec91b3) x 3 0xffffffff
core   0: 0x80002a28 (0x03930e33) mul     t3, t1, s9
core   0: 3 0x80002a28 (0x03930e33) x28 0x00000000
core   0: 0x80002a2c (0x00000013) nop
core   0: 3 0x80002a2c (0x00000013)
core   0: 0x80002a30 (0x03e0e9b3) rem     s3, ra, t5
core   0: 3 0x80002a30 (0x03e0e9b3) x19 0x00000000
core   0: 0x80002a34 (0x03fabe33) mulhu   t3, s5, t6
core   0: 3 0x80002a34 (0x03fabe33) x28 0x00000000
core   0: 0x80002a38 (0x0040df93) srli    t6, ra, 4
core   0: 3 0x80002a38 (0x0040df93) x31 0x00000000
core   0: 0x80002a3c (0x03c235b3) mulhu   a1, tp, t3
core   0: 3 0x80002a3c (0x03c235b3) x11 0x00000000
core   0: 0x80002a40 (0x0f296793) ori     a5, s2, 242
core   0: 3 0x80002a40 (0x0f296793) x15 0xffffffff
core   0: 0x80002a44 (0xf17e4a13) xori    s4, t3, -233
core   0: 3 0x80002a44 (0xf17e4a13) x20 0xffffff17
core   0: 0x80002a48 (0x40e55893) srai    a7, a0, 14
core   0: 3 0x80002a48 (0x40e55893) x17 0xfffe0000
core   0: 0x80002a4c (0x00253133) sltu    sp, a0, sp
core   0: 3 0x80002a4c (0x00253133) x 2 0x00000000
core   0: 0x80002a50 (0x0296f2b3) remu    t0, a3, s1
core   0: 3 0x80002a50 (0x0296f2b3) x 5 0x00000001
core   0: 0x80002a54 (0x14bc9597) auipc   a1, 0x14bc9
core   0: 3 0x80002a54 (0x14bc9597) x11 0x94bcba54
core   0: 0x80002a58 (0x63b27913) andi    s2, tp, 1595
core   0: 3 0x80002a58 (0x63b27913) x18 0x0000063b
core   0: 0x80002a5c (0x41080bb3) sub     s7, a6, a6
core   0: 3 0x80002a5c (0x41080bb3) x23 0x00000000
core   0: 0x80002a60 (0x039948b3) div     a7, s2, s9
core   0: 3 0x80002a60 (0x039948b3) x17 0x00000000
core   0: 0x80002a64 (0x012f23b3) slt     t2, t5, s2
core   0: 3 0x80002a64 (0x012f23b3) x 7 0x00000001
core   0: 0x80002a68 (0x004b3133) sltu    sp, s6, tp
core   0: 3 0x80002a68 (0x004b3133) x 2 0x00000001
core   0: 0x80002a6c (0x021484b3) mul     s1, s1, ra
core   0: 3 0x80002a6c (0x021484b3) x 9 0x00000000
core   0: 0x80002a70 (0x0028c8b3) xor     a7, a7, sp
core   0: 3 0x80002a70 (0x0028c8b3) x17 0x00000001
core   0: 0x80002a74 (0x00000013) nop
core   0: 3 0x80002a74 (0x00000013)
core   0: 0x80002a78 (0x004febb3) or      s7, t6, tp
core   0: 3 0x80002a78 (0x004febb3) x23 0xffffffff
core   0: 0x80002a7c (0x0121d593) srli    a1, gp, 18
core   0: 3 0x80002a7c (0x0121d593) x11 0x00003fff
core   0: 0x80002a80 (0xe8817913) andi    s2, sp, -376
core   0: 3 0x80002a80 (0xe8817913) x18 0x00000000
core   0: 0x80002a84 (0xdd8862b7) lui     t0, 0xdd886
core   0: 3 0x80002a84 (0xdd8862b7) x 5 0xdd886000
core   0: 0x80002a88 (0x27652f93) slti    t6, a0, 630
core   0: 3 0x80002a88 (0x27652f93) x31 0x00000001
core   0: 0x80002a8c (0x03458db3) mul     s11, a1, s4
core   0: 3 0x80002a8c (0x03458db3) x27 0xffc5c0e9
core   0: 0x80002a90 (0x006a0033) add     zero, s4, t1
core   0: 3 0x80002a90 (0x006a0033)
core   0: 0x80002a94 (0x57b96bb7) lui     s7, 0x57b96
core   0: 3 0x80002a94 (0x57b96bb7) x23 0x57b96000
core   0: 0x80002a98 (0x00c29a33) sll     s4, t0, a2
core   0: 3 0x80002a98 (0x00c29a33) x20 0xbb10c000
core   0: 0x80002a9c (0x03435c33) divu    s8, t1, s4
core   0: 3 0x80002a9c (0x03435c33) x24 0x00000000
core   0: 0x80002aa0 (0x419ad0b3) sra     ra, s5, s9
core   0: 3 0x80002aa0 (0x419ad0b3) x 1 0x00000000
core   0: 0x80002aa4 (0x0268f633) remu    a2, a7, t1
core   0: 3 0x80002aa4 (0x0268f633) x12 0x00000001
core   0: 0x80002aa8 (0x41ec5db3) sra     s11, s8, t5
core   0: 3 0x80002aa8 (0x41ec5db3) x27 0x00000000
core   0: 0x80002aac (0x00000013) nop
core   0: 3 0x80002aac (0x00000013)
core   0: 0x80002ab0 (0x0038d897) auipc   a7, 0x38d
core   0: 3 0x80002ab0 (0x0038d897) x17 0x8038fab0
core   0: 0x80002ab4 (0x018b7033) and     zero, s6, s8
core   0: 3 0x80002ab4 (0x018b7033)
core   0: 0x80002ab8 (0x0381ad33) mulhsu  s10, gp, s8
core   0: 3 0x80002ab8 (0x0381ad33) x26 0x00000000
core   0: 0x80002abc (0x01f186b3) add     a3, gp, t6
core   0: 3 0x80002abc (0x01f186b3) x13 0x00000000
core   0: 0x80002ac0 (0x016434b3) sltu    s1, s0, s6
core   0: 3 0x80002ac0 (0x016434b3) x 9 0x00000000
core   0: 0x80002ac4 (0x08264013) xori    zero, a2, 130
core   0: 3 0x80002ac4 (0x08264013)
core   0: 0x80002ac8 (0x02964033) div     zero, a2, s1
core   0: 3 0x80002ac8 (0x02964033)
core   0: 0x80002acc (0x01e05893) srli    a7, zero, 30
core   0: 3 0x80002acc (0x01e05893) x17 0x00000000
core   0: 0x80002ad0 (0x00145f33) srl     t5, s0, ra
core   0: 3 0x80002ad0 (0x00145f33) x30 0xfffff81b
core   0: 0x80002ad4 (0x00cf8c33) add     s8, t6, a2
core   0: 3 0x80002ad4 (0x00cf8c33) x24 0x00000002
core   0: 0x80002ad8 (0x0287a8b3) mulhsu  a7, a5, s0
core   0: 3 0x80002ad8 (0x0287a8b3) x17 0xffffffff
core   0: 0x80002adc (0x015a9cb3) sll     s9, s5, s5
core   0: 3 0x80002adc (0x015a9cb3) x25 0x00000000
core   0: 0x80002ae0 (0xbec03e93) sltiu   t4, zero, -1044
core   0: 3 0x80002ae0 (0xbec03e93) x29 0x00000001
core   0: 0x80002ae4 (0x0333ceb3) div     t4, t2, s3
core   0: 3 0x80002ae4 (0x0333ceb3) x29 0xffffffff
core   0: 0x80002ae8 (0x034d3cb3) mulhu   s9, s10, s4
core   0: 3 0x80002ae8 (0x034d3cb3) x25 0x00000000
core   0: 0x80002aec (0x7e4c0c93) addi    s9, s8, 2020
core   0: 3 0x80002aec (0x7e4c0c93) x25 0x000007e6
core   0: 0x80002af0 (0x03f9af33) mulhsu  t5, s3, t6
core   0: 3 0x80002af0 (0x03f9af33) x30 0x00000000
core   0: 0x80002af4 (0x0117e8b3) or      a7, a5, a7
core   0: 3 0x80002af4 (0x0117e8b3) x17 0xffffffff
core   0: 0x80002af8 (0x5978e913) ori     s2, a7, 1431
core   0: 3 0x80002af8 (0x5978e913) x18 0xffffffff
core   0: 0x80002afc (0xca498997) auipc   s3, 0xca498
core   0: 3 0x80002afc (0xca498997) x19 0x4a49aafc
core   0: 0x80002b00 (0x00cc0bb3) add     s7, s8, a2
core   0: 3 0x80002b00 (0x00cc0bb3) x23 0x00000003
core   0: 0x80002b04 (0x0146d5b3) srl     a1, a3, s4
core   0: 3 0x80002b04 (0x0146d5b3) x11 0x00000000
core   0: 0x80002b08 (0x10cbc493) xori    s1, s7, 268
core   0: 3 0x80002b08 (0x10cbc493) x 9 0x0000010f
core   0: 0x80002b0c (0x0224b1b3) mulhu   gp, s1, sp
core   0: 3 0x80002b0c (0x0224b1b3) x 3 0x00000000
core   0: 0x80002b10 (0x03fac8b3) div     a7, s5, t6
core   0: 3 0x80002b10 (0x03fac8b3) x17 0x00000000
core   0: 0x80002b14 (0x00fb2e33) slt     t3, s6, a5
core   0: 3 0x80002b14 (0x00fb2e33) x28 0x00000001
core   0: 0x80002b18 (0x49903713) sltiu   a4, zero, 1177
core   0: 3 0x80002b18 (0x49903713) x14 0x00000001
core   0: 0x80002b1c (0x01e7d333) srl     t1, a5, t5
core   0: 3 0x80002b1c (0x01e7d333) x 6 0xffffffff
core   0: 0x80002b20 (0x5519ce13) xori    t3, s3, 1361
core   0: 3 0x80002b20 (0x5519ce13) x28 0x4a49afad
core   0: 0x80002b24 (0x0248b933) mulhu   s2, a7, tp
core   0: 3 0x80002b24 (0x0248b933) x18 0x00000000
core   0: 0x80002b28 (0x02945033) divu    zero, s0, s1
core   0: 3 0x80002b28 (0x02945033)
core   0: 0x80002b2c (0x00000013) nop
core   0: 3 0x80002b2c (0x00000013)
core   0: 0x80002b30 (0x014f08b3) add     a7, t5, s4
core   0: 3 0x80002b30 (0x014f08b3) x17 0xbb10c000
core   0: 0x80002b34 (0x0289f6b3) remu    a3, s3, s0
core   0: 3 0x80002b34 (0x0289f6b3) x13 0x4a49aafc
core   0: 0x80002b38 (0x02a2a333) mulhsu  t1, t0, a0
core   0: 3 0x80002b38 (0x02a2a333) x 6 0xeec43000
core   0: 0x80002b3c (0x40f8d913) srai    s2, a7, 15
core   0: 3 0x80002b3c (0x40f8d913) x18 0xffff7621
core   0: 0x80002b40 (0x0032d593) srli    a1, t0, 3
core   0: 3 0x80002b40 (0x0032d593) x11 0x1bb10c00
core   0: 0x80002b44 (0x039ba433) mulhsu  s0, s7, s9
core   0: 3 0x80002b44 (0x039ba433) x 8 0x00000000
core   0: 0x80002b48 (0x004a9ab3) sll     s5, s5, tp
core   0: 3 0x80002b48 (0x004a9ab3) x21 0x00000000
core   0: 0x80002b4c (0x41f152b3) sra     t0, sp, t6
core   0: 3 0x80002b4c (0x41f152b3) x 5 0x00000000
core   0: 0x80002b50 (0x92942e13) slti    t3, s0, -1751
core   0: 3 0x80002b50 (0x92942e13) x28 0x00000000
core   0: 0x80002b54 (0x40258333) sub     t1, a1, sp
core   0: 3 0x80002b54 (0x40258333) x 6 0x1bb10bff
core   0: 0x80002b58 (0x41b3df33) sra     t5, t2, s11
core   0: 3 0x80002b58 (0x41b3df33) x30 0x00000001
core   0: 0x80002b5c (0x41a95993) srai    s3, s2, 26
core   0: 3 0x80002b5c (0x41a95993) x19 0xffffffff
core   0: 0x80002b60 (0x01f23a33) sltu    s4, tp, t6
core   0: 3 0x80002b60 (0x01f23a33) x20 0x00000000
core   0: 0x80002b64 (0x007e5c93) srli    s9, t3, 7
core   0: 3 0x80002b64 (0x007e5c93) x25 0x00000000
core   0: 0x80002b68 (0x4017d593) srai    a1, a5, 1
core   0: 3 0x80002b68 (0x4017d593) x11 0xffffffff
core   0: 0x80002b6c (0x41ab0a33) sub     s4, s6, s10
core   0: 3 0x80002b6c (0x41ab0a33) x20 0x80014e64
core   0: 0x80002b70 (0x03442033) mulhsu  zero, s0, s4
core   0: 3 0x80002b70 (0x03442033)
core   0: 0x80002b74 (0x59d0bf93) sltiu   t6, ra, 1437
core   0: 3 0x80002b74 (0x59d0bf93) x31 0x00000001
core   0: 0x80002b78 (0x012132b3) sltu    t0, sp, s2
core   0: 3 0x80002b78 (0x012132b3) x 5 0x00000001
core   0: 0x80002b7c (0x40df0e33) sub     t3, t5, a3
core   0: 3 0x80002b7c (0x40df0e33) x28 0xb5b65505
core   0: 0x80002b80 (0x41e98933) sub     s2, s3, t5
core   0: 3 0x80002b80 (0x41e98933) x18 0xfffffffe
core   0: 0x80002b84 (0x008a1613) slli    a2, s4, 8
core   0: 3 0x80002b84 (0x008a1613) x12 0x014e6400
core   0: 0x80002b88 (0x01bec133) xor     sp, t4, s11
core   0: 3 0x80002b88 (0x01bec133) x 2 0xffffffff
core   0: 0x80002b8c (0x03227933) remu    s2, tp, s2
core   0: 3 0x80002b8c (0x03227933) x18 0x00000001
core   0: 0x80002b90 (0x01010db3) add     s11, sp, a6
core   0: 3 0x80002b90 (0x01010db3) x27 0x80018ce3
core   0: 0x80002b94 (0x02039933) mulh    s2, t2, zero
core   0: 3 0x80002b94 (0x02039933) x18 0x00000000
core   0: 0x80002b98 (0x01bf30b3) sltu    ra, t5, s11
core   0: 3 0x80002b98 (0x01bf30b3) x 1 0x00000001
core   0: 0x80002b9c (0x0029b1b3) sltu    gp, s3, sp
core   0: 3 0x80002b9c (0x0029b1b3) x 3 0x00000000
core   0: 0x80002ba0 (0x02604bb3) div     s7, zero, t1
core   0: 3 0x80002ba0 (0x02604bb3) x23 0x00000000
core   0: 0x80002ba4 (0x01bfd6b3) srl     a3, t6, s11
core   0: 3 0x80002ba4 (0x01bfd6b3) x13 0x00000000
core   0: 0x80002ba8 (0x0085be33) sltu    t3, a1, s0
core   0: 3 0x80002ba8 (0x0085be33) x28 0x00000000
core   0: 0x80002bac (0xd8e2cc13) xori    s8, t0, -626
core   0: 3 0x80002bac (0xd8e2cc13) x24 0xfffffd8f
core   0: 0x80002bb0 (0x40755b93) srai    s7, a0, 7
core   0: 3 0x80002bb0 (0x40755b93) x23 0xff000000
core   0: 0x80002bb4 (0x194e8593) addi    a1, t4, 404
core   0: 3 0x80002bb4 (0x194e8593) x11 0x00000193
core   0: 0x80002bb8 (0x012641b3) xor     gp, a2, s2
core   0: 3 0x80002bb8 (0x012641b3) x 3 0x014e6400
core   0: 0x80002bbc (0x02de0d33) mul     s10, t3, a3
core   0: 3 0x80002bbc (0x02de0d33) x26 0x00000000
core   0: 0x80002bc0 (0x0105ec33) or      s8, a1, a6
core   0: 3 0x80002bc0 (0x0105ec33) x24 0x80018df7
core   0: 0x80002bc4 (0x021d6cb3) rem     s9, s10, ra
core   0: 3 0x80002bc4 (0x021d6cb3) x25 0x00000000
core   0: 0x80002bc8 (0xd6b33e13) sltiu   t3, t1, -661
core   0: 3 0x80002bc8 (0xd6b33e13) x28 0x00000001
core   0: 0x80002bcc (0x2c273793) sltiu   a5, a4, 706
core   0: 3 0x80002bcc (0x2c273793) x15 0x00000001
core   0: 0x80002bd0 (0x000b1eb3) sll     t4, s6, zero
core   0: 3 0x80002bd0 (0x000b1eb3) x29 0x80014e64
core   0: 0x80002bd4 (0x03965a33) divu    s4, a2, s9
core   0: 3 0x80002bd4 (0x03965a33) x20 0xffffffff
core   0: 0x80002bd8 (0x009d69b3) or      s3, s10, s1
core   0: 3 0x80002bd8 (0x009d69b3) x19 0x0000010f
core   0: 0x80002bdc (0x4cfd2193) slti    gp, s10, 1231
core   0: 3 0x80002bdc (0x4cfd2193) x 3 0x00000001
core   0: 0x80002be0 (0x0026e7b3) or      a5, a3, sp
core   0: 3 0x80002be0 (0x0026e7b3) x15 0xffffffff
core   0: 0x80002be4 (0x001d98b3) sll     a7, s11, ra
core   0: 3 0x80002be4 (0x001d98b3) x17 0x000319c6
core   0: 0x80002be8 (0x02bf3a33) mulhu   s4, t5, a1
core   0: 3 0x80002be8 (0x02bf3a33) x20 0x00000000
core   0: 0x80002bec (0x005c1393) slli    t2, s8, 5
core   0: 3 0x80002bec (0x005c1393) x 7 0x0031bee0
core   0: 0x80002bf0 (0xc34db497) auipc   s1, 0xc34db
core   0: 3 0x80002bf0 (0xc34db497) x 9 0x434ddbf0
core   0: 0x80002bf4 (0x7ab18d13) addi    s10, gp, 1963
core   0: 3 0x80002bf4 (0x7ab18d13) x26 0x000007ac
core   0: 0x80002bf8 (0x887fbc13) sltiu   s8, t6, -1913
core   0: 3 0x80002bf8 (0x887fbc13) x24 0x00000001
core   0: 0x80002bfc (0x46a86d93) ori     s11, a6, 1130
core   0: 3 0x80002bfc (0x46a86d93) x27 0x80018cee
core   0: 0x80002c00 (0x016c1933) sll     s2, s8, s6
core   0: 3 0x80002c00 (0x016c1933) x18 0x00000010
core   0: 0x80002c04 (0x737b9217) auipc   tp, 0x737b9
core   0: 3 0x80002c04 (0x737b9217) x 4 0xf37bbc04
core   0: 0x80002c08 (0x0128bcb3) sltu    s9, a7, s2
core   0: 3 0x80002c08 (0x0128bcb3) x25 0x00000000
core   0: 0x80002c0c (0x002267b3) or      a5, tp, sp
core   0: 3 0x80002c0c (0x002267b3) x15 0xffffffff
core   0: 0x80002c10 (0x02580733) mul     a4, a6, t0
core   0: 3 0x80002c10 (0x02580733) x14 0x80018ce4
core   0: 0x80002c14 (0x03580f33) mul     t5, a6, s5
core   0: 3 0x80002c14 (0x03580f33) x30 0x00000000
core   0: 0x80002c18 (0x0101d5b3) srl     a1, gp, a6
core   0: 3 0x80002c18 (0x0101d5b3) x11 0x00000000
core   0: 0x80002c1c (0x20d3be93) sltiu   t4, t2, 525
core   0: 3 0x80002c1c (0x20d3be93) x29 0x00000000
core   0: 0x80002c20 (0x03752133) mulhsu  sp, a0, s7
core   0: 3 0x80002c20 (0x03752133) x 2 0x80800000
core   0: 0x80002c24 (0x00000013) nop
core   0: 3 0x80002c24 (0x00000013)
core   0: 0x80002c28 (0xbe2b5c17) auipc   s8, 0xbe2b5
core   0: 3 0x80002c28 (0xbe2b5c17) x24 0x3e2b7c28
core   0: 0x80002c2c (0x02348a33) mul     s4, s1, gp
core   0: 3 0x80002c2c (0x02348a33) x20 0x434ddbf0
core   0: 0x80002c30 (0xad547313) andi    t1, s0, -1323
core   0: 3 0x80002c30 (0xad547313) x 6 0x00000000
core   0: 0x80002c34 (0x01ce1bb3) sll     s7, t3, t3
core   0: 3 0x80002c34 (0x01ce1bb3) x23 0x00000002
core   0: 0x80002c38 (0x01fae2b3) or      t0, s5, t6
core   0: 3 0x80002c38 (0x01fae2b3) x 5 0x00000001
core   0: 0x80002c3c (0x00a5d113) srli    sp, a1, 10
core   0: 3 0x80002c3c (0x00a5d113) x 2 0x00000000
core   0: 0x80002c40 (0x02b6a233) mulhsu  tp, a3, a1
core   0: 3 0x80002c40 (0x02b6a233) x 4 0x00000000
core   0: 0x80002c44 (0x00712bb3) slt     s7, sp, t2
core   0: 3 0x80002c44 (0x00712bb3) x23 0x00000001
core   0: 0x80002c48 (0xd3762f13) slti    t5, a2, -713
core   0: 3 0x80002c48 (0xd3762f13) x30 0x00000000
core   0: 0x80002c4c (0x0c1bd737) lui     a4, 0xc1bd
core   0: 3 0x80002c4c (0x0c1bd737) x14 0x0c1bd000
core   0: 0x80002c50 (0x02cdfcb3) remu    s9, s11, a2
core   0: 3 0x80002c50 (0x02cdfcb3) x25 0x014da8ee
core   0: 0x80002c54 (0x6fcdc413) xori    s0, s11, 1788
core   0: 3 0x80002c54 (0x6fcdc413) x 8 0x80018a12
core   0: 0x80002c58 (0x03c22033) mulhsu  zero, tp, t3
core   0: 3 0x80002c58 (0x03c22033)
core   0: 0x80002c5c (0x0114e333) or      t1, s1, a7
core   0: 3 0x80002c5c (0x0114e333) x 6 0x434fdbf6
core   0: 0x80002c60 (0x0018d433) srl     s0, a7, ra
core   0: 3 0x80002c60 (0x0018d433) x 8 0x00018ce3
core   0: 0x80002c64 (0xd70aba37) lui     s4, 0xd70ab
core   0: 3 0x80002c64 (0xd70aba37) x20 0xd70ab000
core   0: 0x80002c68 (0x003211b3) sll     gp, tp, gp
core   0: 3 0x80002c68 (0x003211b3) x 3 0x00000000
core   0: 0x80002c6c (0x18f3c493) xori    s1, t2, 399
core   0: 3 0x80002c6c (0x18f3c493) x 9 0x0031bf6f
core   0: 0x80002c70 (0x412a8db3) sub     s11, s5, s2
core   0: 3 0x80002c70 (0x412a8db3) x27 0xfffffff0
core   0: 0x80002c74 (0x0202adb3) mulhsu  s11, t0, zero
core   0: 3 0x80002c74 (0x0202adb3) x27 0x00000000
core   0: 0x80002c78 (0x037521b3) mulhsu  gp, a0, s7
core   0: 3 0x80002c78 (0x037521b3) x 3 0xffffffff
core   0: 0x80002c7c (0x2fc4aa93) slti    s5, s1, 764
core   0: 3 0x80002c7c (0x2fc4aa93) x21 0x00000000
core   0: 0x80002c80 (0x2f7054b7) lui     s1, 0x2f705
core   0: 3 0x80002c80 (0x2f7054b7) x 9 0x2f705000
core   0: 0x80002c84 (0x02bebf33) mulhu   t5, t4, a1
core   0: 3 0x80002c84 (0x02bebf33) x30 0x00000000
core   0: 0x80002c88 (0x00e226b3) slt     a3, tp, a4
core   0: 3 0x80002c88 (0x00e226b3) x13 0x00000001
core   0: 0x80002c8c (0x408b0333) sub     t1, s6, s0
core   0: 3 0x80002c8c (0x408b0333) x 6 0x7fffc181
core   0: 0x80002c90 (0xfdb272b7) lui     t0, 0xfdb27
core   0: 3 0x80002c90 (0xfdb272b7) x 5 0xfdb27000
core   0: 0x80002c94 (0x00569193) slli    gp, a3, 5
core   0: 3 0x80002c94 (0x00569193) x 3 0x00000020
core   0: 0x80002c98 (0x41a105b3) sub     a1, sp, s10
core   0: 3 0x80002c98 (0x41a105b3) x11 0xfffff854
core   0: 0x80002c9c (0x41095333) sra     t1, s2, a6
core   0: 3 0x80002c9c (0x41095333) x 6 0x00000001
core   0: 0x80002ca0 (0x005a7eb3) and     t4, s4, t0
core   0: 3 0x80002ca0 (0x005a7eb3) x29 0xd5023000
core   0: 0x80002ca4 (0x7283fc93) andi    s9, t2, 1832
core   0: 3 0x80002ca4 (0x7283fc93) x25 0x00000620
core   0: 0x80002ca8 (0x037f6cb3) rem     s9, t5, s7
core   0: 3 0x80002ca8 (0x037f6cb3) x25 0x00000000
core   0: 0x80002cac (0x03dd6c33) rem     s8, s10, t4
core   0: 3 0x80002cac (0x03dd6c33) x24 0x000007ac
core   0: 0x80002cb0 (0x0254f733) remu    a4, s1, t0
core   0: 3 0x80002cb0 (0x0254f733) x14 0x2f705000
core   0: 0x80002cb4 (0x02291333) mulh    t1, s2, sp
core   0: 3 0x80002cb4 (0x02291333) x 6 0x00000000
core   0: 0x80002cb8 (0x0273d0b3) divu    ra, t2, t2
core   0: 3 0x80002cb8 (0x0273d0b3) x 1 0x00000001
core   0: 0x80002cbc (0x8ae8fb93) andi    s7, a7, -1874
core   0: 3 0x80002cbc (0x8ae8fb93) x23 0x00031886
core   0: 0x80002cc0 (0x022c88b3) mul     a7, s9, sp
core   0: 3 0x80002cc0 (0x022c88b3) x17 0x00000000
core   0: 0x80002cc4 (0x02f023b3) mulhsu  t2, zero, a5
core   0: 3 0x80002cc4 (0x02f023b3) x 7 0x00000000
core   0: 0x80002cc8 (0x0137b6b3) sltu    a3, a5, s3
core   0: 3 0x80002cc8 (0x0137b6b3) x13 0x00000000
core   0: 0x80002ccc (0x71c78893) addi    a7, a5, 1820
core   0: 3 0x80002ccc (0x71c78893) x17 0x0000071b
core   0: 0x80002cd0 (0x67462d13) slti    s10, a2, 1652
core   0: 3 0x80002cd0 (0x67462d13) x26 0x00000000
core   0: 0x80002cd4 (0x01a7c9b3) xor     s3, a5, s10
core   0: 3 0x80002cd4 (0x01a7c9b3) x19 0xffffffff
core   0: 0x80002cd8 (0x029dac33) mulhsu  s8, s11, s1
core   0: 3 0x80002cd8 (0x029dac33) x24 0x00000000
core   0: 0x80002cdc (0x0003ceb3) xor     t4, t2, zero
core   0: 3 0x80002cdc (0x0003ceb3) x29 0x00000000
core   0: 0x80002ce0 (0x0350d633) divu    a2, ra, s5
core   0: 3 0x80002ce0 (0x0350d633) x12 0xffffffff
core   0: 0x80002ce4 (0x026537b3) mulhu   a5, a0, t1
core   0: 3 0x80002ce4 (0x026537b3) x15 0x00000000
core   0: 0x80002ce8 (0x0343e933) rem     s2, t2, s4
core   0: 3 0x80002ce8 (0x0343e933) x18 0x00000000
core   0: 0x80002cec (0x023c91b3) mulh    gp, s9, gp
core   0: 3 0x80002cec (0x023c91b3) x 3 0x00000000
core   0: 0x80002cf0 (0x40200bb3) sub     s7, zero, sp
core   0: 3 0x80002cf0 (0x40200bb3) x23 0x00000000
core   0: 0x80002cf4 (0x4083dfb3) sra     t6, t2, s0
core   0: 3 0x80002cf4 (0x4083dfb3) x31 0x00000000
core   0: 0x80002cf8 (0x00000013) nop
core   0: 3 0x80002cf8 (0x00000013)
core   0: 0x80002cfc (0x02c21933) mulh    s2, tp, a2
core   0: 3 0x80002cfc (0x02c21933) x18 0x00000000
core   0: 0x80002d00 (0x02db94b3) mulh    s1, s7, a3
core   0: 3 0x80002d00 (0x02db94b3) x 9 0x00000000
core   0: 0x80002d04 (0x049f7313) andi    t1, t5, 73
core   0: 3 0x80002d04 (0x049f7313) x 6 0x00000000
core   0: 0x80002d08 (0x41778633) sub     a2, a5, s7
core   0: 3 0x80002d08 (0x41778633) x12 0x00000000
core   0: 0x80002d0c (0x00213db3) sltu    s11, sp, sp
core   0: 3 0x80002d0c (0x00213db3) x27 0x00000000
core   0: 0x80002d10 (0x02d8e6b3) rem     a3, a7, a3
core   0: 3 0x80002d10 (0x02d8e6b3) x13 0x0000071b
core   0: 0x80002d14 (0xfe5aa793) slti    a5, s5, -27
core   0: 3 0x80002d14 (0xfe5aa793) x15 0x00000000
core   0: 0x80002d18 (0x5fe0fd13) andi    s10, ra, 1534
core   0: 3 0x80002d18 (0x5fe0fd13) x26 0x00000000
core   0: 0x80002d1c (0x01e3e7b3) or      a5, t2, t5
core   0: 3 0x80002d1c (0x01e3e7b3) x15 0x00000000
core   0: 0x80002d20 (0x0002ae33) slt     t3, t0, zero
core   0: 3 0x80002d20 (0x0002ae33) x28 0x00000001
core   0: 0x80002d24 (0x036e4033) div     zero, t3, s6
core   0: 3 0x80002d24 (0x036e4033)
core   0: 0x80002d28 (0xe2d86413) ori     s0, a6, -467
core   0: 3 0x80002d28 (0xe2d86413) x 8 0xfffffeed
core   0: 0x80002d2c (0x40ff5693) srai    a3, t5, 15
core   0: 3 0x80002d2c (0x40ff5693) x13 0x00000000
core   0: 0x80002d30 (0x00e79fb3) sll     t6, a5, a4
core   0: 3 0x80002d30 (0x00e79fb3) x31 0x00000000
core   0: 0x80002d34 (0xdbdaeb93) ori     s7, s5, -579
core   0: 3 0x80002d34 (0xdbdaeb93) x23 0xfffffdbd
core   0: 0x80002d38 (0xf82c2013) slti    zero, s8, -126
core   0: 3 0x80002d38 (0xf82c2013)
core   0: 0x80002d3c (0x03221233) mulh    tp, tp, s2
core   0: 3 0x80002d3c (0x03221233) x 4 0x00000000
core   0: 0x80002d40 (0x02ba8733) mul     a4, s5, a1
core   0: 3 0x80002d40 (0x02ba8733) x14 0x00000000
core   0: 0x80002d44 (0x0264bc33) mulhu   s8, s1, t1
core   0: 3 0x80002d44 (0x0264bc33) x24 0x00000000
core   0: 0x80002d48 (0x006c5313) srli    t1, s8, 6
core   0: 3 0x80002d48 (0x006c5313) x 6 0x00000000
core   0: 0x80002d4c (0x009c4733) xor     a4, s8, s1
core   0: 3 0x80002d4c (0x009c4733) x14 0x00000000
core   0: 0x80002d50 (0x01beca33) xor     s4, t4, s11
core   0: 3 0x80002d50 (0x01beca33) x20 0x00000000
core   0: 0x80002d54 (0x03555c33) divu    s8, a0, s5
core   0: 3 0x80002d54 (0x03555c33) x24 0xffffffff
core   0: 0x80002d58 (0x004a0733) add     a4, s4, tp
core   0: 3 0x80002d58 (0x004a0733) x14 0x00000000
core   0: 0x80002d5c (0xdd468c93) addi    s9, a3, -556
core   0: 3 0x80002d5c (0xdd468c93) x25 0xfffffdd4
core   0: 0x80002d60 (0x020d4cb3) div     s9, s10, zero
core   0: 3 0x80002d60 (0x020d4cb3) x25 0xffffffff
core   0: 0x80002d64 (0xfee93f13) sltiu   t5, s2, -18
core   0: 3 0x80002d64 (0xfee93f13) x30 0x00000001
core   0: 0x80002d68 (0x009b1133) sll     sp, s6, s1
core   0: 3 0x80002d68 (0x009b1133) x 2 0x80014e64
core   0: 0x80002d6c (0x00000013) nop
core   0: 3 0x80002d6c (0x00000013)
core   0: 0x80002d70 (0x2fa0b693) sltiu   a3, ra, 762
core   0: 3 0x80002d70 (0x2fa0b693) x13 0x00000001
core   0: 0x80002d74 (0xca8e3e93) sltiu   t4, t3, -856
core   0: 3 0x80002d74 (0xca8e3e93) x29 0x00000001
core   0: 0x80002d78 (0xc81d2093) slti    ra, s10, -895
core   0: 3 0x80002d78 (0xc81d2093) x 1 0x00000000
core   0: 0x80002d7c (0x00079cb3) sll     s9, a5, zero
core   0: 3 0x80002d7c (0x00079cb3) x25 0x00000000
core   0: 0x80002d80 (0x015ea8b3) slt     a7, t4, s5
core   0: 3 0x80002d80 (0x015ea8b3) x17 0x00000000
core   0: 0x80002d84 (0x40455f93) srai    t6, a0, 4
core   0: 3 0x80002d84 (0x40455f93) x31 0xf8000000
core   0: 0x80002d88 (0x20096693) ori     a3, s2, 512
core   0: 3 0x80002d88 (0x20096693) x13 0x00000200
core   0: 0x80002d8c (0x27496f13) ori     t5, s2, 628
core   0: 3 0x80002d8c (0x27496f13) x30 0x00000274
core   0: 0x80002d90 (0x41f45993) srai    s3, s0, 31
core   0: 3 0x80002d90 (0x41f45993) x19 0xffffffff
core   0: 0x80002d94 (0x40d35a33) sra     s4, t1, a3
core   0: 3 0x80002d94 (0x40d35a33) x20 0x00000000
core   0: 0x80002d98 (0x030ef633) remu    a2, t4, a6
core   0: 3 0x80002d98 (0x030ef633) x12 0x00000001
core   0: 0x80002d9c (0x01b70f33) add     t5, a4, s11
core   0: 3 0x80002d9c (0x01b70f33) x30 0x00000000
core   0: 0x80002da0 (0x002f4433) xor     s0, t5, sp
core   0: 3 0x80002da0 (0x002f4433) x 8 0x80014e64
core   0: 0x80002da4 (0x00e6c2b3) xor     t0, a3, a4
core   0: 3 0x80002da4 (0x00e6c2b3) x 5 0x00000200
core   0: 0x80002da8 (0xe5bf4f13) xori    t5, t5, -421
core   0: 3 0x80002da8 (0xe5bf4f13) x30 0xfffffe5b
core   0: 0x80002dac (0x038f4433) div     s0, t5, s8
core   0: 3 0x80002dac (0x038f4433) x 8 0x000001a5
core   0: 0x80002db0 (0x02ade0b3) rem     ra, s11, a0
core   0: 3 0x80002db0 (0x02ade0b3) x 1 0x00000000
core   0: 0x80002db4 (0x00c8dd33) srl     s10, a7, a2
core   0: 3 0x80002db4 (0x00c8dd33) x26 0x00000000
core   0: 0x80002db8 (0x411d5c93) srai    s9, s10, 17
core   0: 3 0x80002db8 (0x411d5c93) x25 0x00000000
core   0: 0x80002dbc (0x00ec53b3) srl     t2, s8, a4
core   0: 3 0x80002dbc (0x00ec53b3) x 7 0xffffffff
core   0: 0x80002dc0 (0x0292ceb3) div     t4, t0, s1
core   0: 3 0x80002dc0 (0x0292ceb3) x29 0xffffffff
core   0: 0x80002dc4 (0x02a061b3) rem     gp, zero, a0
core   0: 3 0x80002dc4 (0x02a061b3) x 3 0x00000000
core   0: 0x80002dc8 (0x00bc4133) xor     sp, s8, a1
core   0: 3 0x80002dc8 (0x00bc4133) x 2 0x000007ab
core   0: 0x80002dcc (0x8862e193) ori     gp, t0, -1914
core   0: 3 0x80002dcc (0x8862e193) x 3 0xfffffa86
core   0: 0x80002dd0 (0x00604433) xor     s0, zero, t1
core   0: 3 0x80002dd0 (0x00604433) x 8 0x00000000
core   0: 0x80002dd4 (0x013b51b3) srl     gp, s6, s3
core   0: 3 0x80002dd4 (0x013b51b3) x 3 0x00000001
core   0: 0x80002dd8 (0x02e4de33) divu    t3, s1, a4
core   0: 3 0x80002dd8 (0x02e4de33) x28 0xffffffff
core   0: 0x80002ddc (0x03ed0433) mul     s0, s10, t5
core   0: 3 0x80002ddc (0x03ed0433) x 8 0x00000000
core   0: 0x80002de0 (0x41c5dab3) sra     s5, a1, t3
core   0: 3 0x80002de0 (0x41c5dab3) x21 0xffffffff
core   0: 0x80002de4 (0x40415f93) srai    t6, sp, 4
core   0: 3 0x80002de4 (0x40415f93) x31 0x0000007a
core   0: 0x80002de8 (0x01e3d933) srl     s2, t2, t5
core   0: 3 0x80002de8 (0x01e3d933) x18 0x0000001f
core   0: 0x80002dec (0x00000013) nop
core   0: 3 0x80002dec (0x00000013)
core   0: 0x80002df0 (0x03e77a33) remu    s4, a4, t5
core   0: 3 0x80002df0 (0x03e77a33) x20 0x00000000
core   0: 0x80002df4 (0x9d685037) lui     zero, 0x9d685
core   0: 3 0x80002df4 (0x9d685037)
core   0: 0x80002df8 (0x01a41393) slli    t2, s0, 26
core   0: 3 0x80002df8 (0x01a41393) x 7 0x00000000
core   0: 0x80002dfc (0x481f7313) andi    t1, t5, 1153
core   0: 3 0x80002dfc (0x481f7313) x 6 0x00000401
core   0: 0x80002e00 (0x03b70e97) auipc   t4, 0x3b70
core   0: 3 0x80002e00 (0x03b70e97) x29 0x83b72e00
core   0: 0x80002e04 (0x014d2c33) slt     s8, s10, s4
core   0: 3 0x80002e04 (0x014d2c33) x24 0x00000000
core   0: 0x80002e08 (0x038db733) mulhu   a4, s11, s8
core   0: 3 0x80002e08 (0x038db733) x14 0x00000000
core   0: 0x80002e0c (0x012d9393) slli    t2, s11, 18
core   0: 3 0x80002e0c (0x012d9393) x 7 0x00000000
core   0: 0x80002e10 (0x03af5db3) divu    s11, t5, s10
core   0: 3 0x80002e10 (0x03af5db3) x27 0xffffffff
core   0: 0x80002e14 (0x025f4e33) div     t3, t5, t0
core   0: 3 0x80002e14 (0x025f4e33) x28 0x00000000
core   0: 0x80002e18 (0x020529b3) mulhsu  s3, a0, zero
core   0: 3 0x80002e18 (0x020529b3) x19 0x00000000
core   0: 0x80002e1c (0x9f5a2913) slti    s2, s4, -1547
core   0: 3 0x80002e1c (0x9f5a2913) x18 0x00000000
core   0: 0x80002e20 (0x416dd2b3) sra     t0, s11, s6
core   0: 3 0x80002e20 (0x416dd2b3) x 5 0xffffffff
core   0: 0x80002e24 (0x08b08013) addi    zero, ra, 139
core   0: 3 0x80002e24 (0x08b08013)
core   0: 0x80002e28 (0x01ff9313) slli    t1, t6, 31
core   0: 3 0x80002e28 (0x01ff9313) x 6 0x00000000
core   0: 0x80002e2c (0x02bb5333) divu    t1, s6, a1
core   0: 3 0x80002e2c (0x02bb5333) x 6 0x00000000
core   0: 0x80002e30 (0x03533633) mulhu   a2, t1, s5
core   0: 3 0x80002e30 (0x03533633) x12 0x00000000
core   0: 0x80002e34 (0x415d5313) srai    t1, s10, 21
core   0: 3 0x80002e34 (0x415d5313) x 6 0x00000000
core   0: 0x80002e38 (0xd4218313) addi    t1, gp, -702
core   0: 3 0x80002e38 (0xd4218313) x 6 0xfffffd43
core   0: 0x80002e3c (0x00a29b93) slli    s7, t0, 10
core   0: 3 0x80002e3c (0x00a29b93) x23 0xfffffc00
core   0: 0x80002e40 (0x0112dc33) srl     s8, t0, a7
core   0: 3 0x80002e40 (0x0112dc33) x24 0xffffffff
core   0: 0x80002e44 (0x0240aa33) mulhsu  s4, ra, tp
core   0: 3 0x80002e44 (0x0240aa33) x20 0x00000000
core   0: 0x80002e48 (0x01bbac33) slt     s8, s7, s11
core   0: 3 0x80002e48 (0x01bbac33) x24 0x00000001
core   0: 0x80002e4c (0x02638333) mul     t1, t2, t1
core   0: 3 0x80002e4c (0x02638333) x 6 0x00000000
core   0: 0x80002e50 (0xcd2c3593) sltiu   a1, s8, -814
core   0: 3 0x80002e50 (0xcd2c3593) x11 0x00000001
core   0: 0x80002e54 (0x00b09233) sll     tp, ra, a1
core   0: 3 0x80002e54 (0x00b09233) x 4 0x00000000
core   0: 0x80002e58 (0x004fd933) srl     s2, t6, tp
core   0: 3 0x80002e58 (0x004fd933) x18 0x0000007a
core   0: 0x80002e5c (0x0197a5b3) slt     a1, a5, s9
core   0: 3 0x80002e5c (0x0197a5b3) x11 0x00000000
core   0: 0x80002e60 (0x0385a1b3) mulhsu  gp, a1, s8
core   0: 3 0x80002e60 (0x0385a1b3) x 3 0x00000000
core   0: 0x80002e64 (0x40bb07b3) sub     a5, s6, a1
core   0: 3 0x80002e64 (0x40bb07b3) x15 0x80014e64
core   0: 0x80002e68 (0x6eb46693) ori     a3, s0, 1771
core   0: 3 0x80002e68 (0x6eb46693) x13 0x000006eb
core   0: 0x80002e6c (0x4122de33) sra     t3, t0, s2
core   0: 3 0x80002e6c (0x4122de33) x28 0xffffffff
core   0: 0x80002e70 (0x416185b3) sub     a1, gp, s6
core   0: 3 0x80002e70 (0x416185b3) x11 0x7ffeb19c
core   0: 0x80002e74 (0xfcffe613) ori     a2, t6, -49
core   0: 3 0x80002e74 (0xfcffe613) x12 0xffffffff
core   0: 0x80002e78 (0x021b97b3) mulh    a5, s7, ra
core   0: 3 0x80002e78 (0x021b97b3) x15 0x00000000
core   0: 0x80002e7c (0xe0d4e417) auipc   s0, 0xe0d4e
core   0: 3 0x80002e7c (0xe0d4e417) x 8 0x60d50e7c
core   0: 0x80002e80 (0x01ee1713) slli    a4, t3, 30
core   0: 3 0x80002e80 (0x01ee1713) x14 0xc0000000
core   0: 0x80002e84 (0x012f2f33) slt     t5, t5, s2
core   0: 3 0x80002e84 (0x012f2f33) x30 0x00000001
core   0: 0x80002e88 (0x01d513b3) sll     t2, a0, t4
core   0: 3 0x80002e88 (0x01d513b3) x 7 0x80000000
core   0: 0x80002e8c (0x02ebf233) remu    tp, s7, a4
core   0: 3 0x80002e8c (0x02ebf233) x 4 0x3ffffc00
core   0: 0x80002e90 (0xb01a6213) ori     tp, s4, -1279
core   0: 3 0x80002e90 (0xb01a6213) x 4 0xfffffb01
core   0: 0x80002e94 (0x00489013) slli    zero, a7, 4
core   0: 3 0x80002e94 (0x00489013)
core   0: 0x80002e98 (0x014322b3) slt     t0, t1, s4
core   0: 3 0x80002e98 (0x014322b3) x 5 0x00000000
core   0: 0x80002e9c (0x57f18593) addi    a1, gp, 1407
core   0: 3 0x80002e9c (0x57f18593) x11 0x0000057f
core   0: 0x80002ea0 (0x014ec333) xor     t1, t4, s4
core   0: 3 0x80002ea0 (0x014ec333) x 6 0x83b72e00
core   0: 0x80002ea4 (0x030211b3) mulh    gp, tp, a6
core   0: 3 0x80002ea4 (0x030211b3) x 3 0x0000027f
core   0: 0x80002ea8 (0x0344f433) remu    s0, s1, s4
core   0: 3 0x80002ea8 (0x0344f433) x 8 0x00000000
core   0: 0x80002eac (0x037dffb3) remu    t6, s11, s7
core   0: 3 0x80002eac (0x037dffb3) x31 0x000003ff
core   0: 0x80002eb0 (0x00000013) nop
core   0: 3 0x80002eb0 (0x00000013)
core   0: 0x80002eb4 (0x01a5ebb3) or      s7, a1, s10
core   0: 3 0x80002eb4 (0x01a5ebb3) x23 0x0000057f
core   0: 0x80002eb8 (0xe465cb97) auipc   s7, 0xe465c
core   0: 3 0x80002eb8 (0xe465cb97) x23 0x6465eeb8
core   0: 0x80002ebc (0xb9248213) addi    tp, s1, -1134
core   0: 3 0x80002ebc (0xb9248213) x 4 0xfffffb92
core   0: 0x80002ec0 (0x00ce64b3) or      s1, t3, a2
core   0: 3 0x80002ec0 (0x00ce64b3) x 9 0xffffffff
core   0: 0x80002ec4 (0x012850b3) srl     ra, a6, s2
core   0: 3 0x80002ec4 (0x012850b3) x 1 0x00000020
core   0: 0x80002ec8 (0x4170d693) srai    a3, ra, 23
core   0: 3 0x80002ec8 (0x4170d693) x13 0x00000000
core   0: 0x80002ecc (0x03f2e633) rem     a2, t0, t6
core   0: 3 0x80002ecc (0x03f2e633) x12 0x00000000
core   0: 0x80002ed0 (0x004ec3b3) xor     t2, t4, tp
core   0: 3 0x80002ed0 (0x004ec3b3) x 7 0x7c48d592
core   0: 0x80002ed4 (0x02425733) divu    a4, tp, tp
core   0: 3 0x80002ed4 (0x02425733) x14 0x00000001
core   0: 0x80002ed8 (0x3424b213) sltiu   tp, s1, 834
core   0: 3 0x80002ed8 (0x3424b213) x 4 0x00000000
core   0: 0x80002edc (0x41a85d33) sra     s10, a6, s10
core   0: 3 0x80002edc (0x41a85d33) x26 0x80018ce4
core   0: 0x80002ee0 (0x9ba9dc17) auipc   s8, 0x9ba9d
core   0: 3 0x80002ee0 (0x9ba9dc17) x24 0x1ba9fee0
core   0: 0x80002ee4 (0x00917233) and     tp, sp, s1
core   0: 3 0x80002ee4 (0x00917233) x 4 0x000007ab
core   0: 0x80002ee8 (0xd00ec037) lui     zero, 0xd00ec
core   0: 3 0x80002ee8 (0xd00ec037)
core   0: 0x80002eec (0x032286b3) mul     a3, t0, s2
core   0: 3 0x80002eec (0x032286b3) x13 0x00000000
core   0: 0x80002ef0 (0xb66e6d13) ori     s10, t3, -1178
core   0: 3 0x80002ef0 (0xb66e6d13) x26 0xffffffff
core   0: 0x80002ef4 (0x0125fd33) and     s10, a1, s2
core   0: 3 0x80002ef4 (0x0125fd33) x26 0x0000007a
core   0: 0x80002ef8 (0x02d2bd33) mulhu   s10, t0, a3
core   0: 3 0x80002ef8 (0x02d2bd33) x26 0x00000000
core   0: 0x80002efc (0x9be56593) ori     a1, a0, -1602
core   0: 3 0x80002efc (0x9be56593) x11 0xfffff9be
core   0: 0x80002f00 (0x00598d33) add     s10, s3, t0
core   0: 3 0x80002f00 (0x00598d33) x26 0x00000000
core   0: 0x80002f04 (0xcf19ae13) slti    t3, s3, -783
core   0: 3 0x80002f04 (0xcf19ae13) x28 0x00000000
core   0: 0x80002f08 (0x1d82a693) slti    a3, t0, 472
core   0: 3 0x80002f08 (0x1d82a693) x13 0x00000001
core   0: 0x80002f0c (0x00fbc6b3) xor     a3, s7, a5
core   0: 3 0x80002f0c (0x00fbc6b3) x13 0x6465eeb8
core   0: 0x80002f10 (0x028c4bb3) div     s7, s8, s0
core   0: 3 0x80002f10 (0x028c4bb3) x23 0xffffffff
core   0: 0x80002f14 (0x76916937) lui     s2, 0x76916
core   0: 3 0x80002f14 (0x76916937) x18 0x76916000
core   0: 0x80002f18 (0x0029e8b3) or      a7, s3, sp
core   0: 3 0x80002f18 (0x0029e8b3) x17 0x000007ab
core   0: 0x80002f1c (0x0143a333) slt     t1, t2, s4
core   0: 3 0x80002f1c (0x0143a333) x 6 0x00000000
core   0: 0x80002f20 (0x01625913) srli    s2, tp, 22
core   0: 3 0x80002f20 (0x01625913) x18 0x00000000
core   0: 0x80002f24 (0x0308dd33) divu    s10, a7, a6
core   0: 3 0x80002f24 (0x0308dd33) x26 0x00000000
core   0: 0x80002f28 (0x013badb3) slt     s11, s7, s3
core   0: 3 0x80002f28 (0x013badb3) x27 0x00000001
core   0: 0x80002f2c (0x01c59013) slli    zero, a1, 28
core   0: 3 0x80002f2c (0x01c59013)
core   0: 0x80002f30 (0xd22de993) ori     s3, s11, -734
core   0: 3 0x80002f30 (0xd22de993) x19 0xfffffd23
core   0: 0x80002f34 (0x034ae8b3) rem     a7, s5, s4
core   0: 3 0x80002f34 (0x034ae8b3) x17 0xffffffff
core   0: 0x80002f38 (0x00000013) nop
core   0: 3 0x80002f38 (0x00000013)
core   0: 0x80002f3c (0x2e0c8d93) addi    s11, s9, 736
core   0: 3 0x80002f3c (0x2e0c8d93) x27 0x000002e0
core   0: 0x80002f40 (0x02834f33) div     t5, t1, s0
core   0: 3 0x80002f40 (0x02834f33) x30 0xffffffff
core   0: 0x80002f44 (0x0061c3b3) xor     t2, gp, t1
core   0: 3 0x80002f44 (0x0061c3b3) x 7 0x0000027f
core   0: 0x80002f48 (0x53c4eb93) ori     s7, s1, 1340
core   0: 3 0x80002f48 (0x53c4eb93) x23 0xffffffff
core   0: 0x80002f4c (0x00000013) nop
core   0: 3 0x80002f4c (0x00000013)
core   0: 0x80002f50 (0x03fe96b3) mulh    a3, t4, t6
core   0: 3 0x80002f50 (0x03fe96b3) x13 0xfffffe0f
core   0: 0x80002f54 (0x00bc57b3) srl     a5, s8, a1
core   0: 3 0x80002f54 (0x00bc57b3) x15 0x00000000
core   0: 0x80002f58 (0x00879a33) sll     s4, a5, s0
core   0: 3 0x80002f58 (0x00879a33) x20 0x00000000
core   0: 0x80002f5c (0x411e5993) srai    s3, t3, 17
core   0: 3 0x80002f5c (0x411e5993) x19 0x00000000
core   0: 0x80002f60 (0x0105d413) srli    s0, a1, 16
core   0: 3 0x80002f60 (0x0105d413) x 8 0x0000ffff
core   0: 0x80002f64 (0x026c08b3) mul     a7, s8, t1
core   0: 3 0x80002f64 (0x026c08b3) x17 0x00000000
core   0: 0x80002f68 (0x033c1033) mulh    zero, s8, s3
core   0: 3 0x80002f68 (0x033c1033)
core   0: 0x80002f6c (0x026e4433) div     s0, t3, t1
core   0: 3 0x80002f6c (0x026e4433) x 8 0xffffffff
core   0: 0x80002f70 (0x028778b3) remu    a7, a4, s0
core   0: 3 0x80002f70 (0x028778b3) x17 0x00000001
core   0: 0x80002f74 (0x40e159b3) sra     s3, sp, a4
core   0: 3 0x80002f74 (0x40e159b3) x19 0x000003d5
core   0: 0x80002f78 (0x9f7890b7) lui     ra, 0x9f789
core   0: 3 0x80002f78 (0x9f7890b7) x 1 0x9f789000
core   0: 0x80002f7c (0xf4da5a97) auipc   s5, 0xf4da5
core   0: 3 0x80002f7c (0xf4da5a97) x21 0x74da7f7c
core   0: 0x80002f80 (0x03da3ab3) mulhu   s5, s4, t4
core   0: 3 0x80002f80 (0x03da3ab3) x21 0x00000000
core   0: 0x80002f84 (0x014526b3) slt     a3, a0, s4
core   0: 3 0x80002f84 (0x014526b3) x13 0x00000001
core   0: 0x80002f88 (0x008b9593) slli    a1, s7, 8
core   0: 3 0x80002f88 (0x008b9593) x11 0xffffff00
core   0: 0x80002f8c (0xca0ba413) slti    s0, s7, -864
core   0: 3 0x80002f8c (0xca0ba413) x 8 0x00000000
core   0: 0x80002f90 (0xbc894613) xori    a2, s2, -1080
core   0: 3 0x80002f90 (0xbc894613) x12 0xfffffbc8
core   0: 0x80002f94 (0xb8dc04b7) lui     s1, 0xb8dc0
core   0: 3 0x80002f94 (0xb8dc04b7) x 9 0xb8dc0000
core   0: 0x80002f98 (0x01da9933) sll     s2, s5, t4
core   0: 3 0x80002f98 (0x01da9933) x18 0x00000000
core   0: 0x80002f9c (0x00196033) or      zero, s2, ra
core   0: 3 0x80002f9c (0x00196033)
core   0: 0x80002fa0 (0x40385f33) sra     t5, a6, gp
core   0: 3 0x80002fa0 (0x40385f33) x30 0xffffffff
core   0: 0x80002fa4 (0x03c5d433) divu    s0, a1, t3
core   0: 3 0x80002fa4 (0x03c5d433) x 8 0xffffffff
core   0: 0x80002fa8 (0x034e7eb3) remu    t4, t3, s4
core   0: 3 0x80002fa8 (0x034e7eb3) x29 0x00000000
core   0: 0x80002fac (0x001273b3) and     t2, tp, ra
core   0: 3 0x80002fac (0x001273b3) x 7 0x00000000
core   0: 0x80002fb0 (0x01755233) srl     tp, a0, s7
core   0: 3 0x80002fb0 (0x01755233) x 4 0x00000001
core   0: 0x80002fb4 (0x8f036793) ori     a5, t1, -1808
core   0: 3 0x80002fb4 (0x8f036793) x15 0xfffff8f0
core   0: 0x80002fb8 (0x00adc1b3) xor     gp, s11, a0
core   0: 3 0x80002fb8 (0x00adc1b3) x 3 0x800002e0
core   0: 0x80002fbc (0x03a1b4b3) mulhu   s1, gp, s10
core   0: 3 0x80002fbc (0x03a1b4b3) x 9 0x00000000
core   0: 0x80002fc0 (0x02dfc333) div     t1, t6, a3
core   0: 3 0x80002fc0 (0x02dfc333) x 6 0x000003ff
core   0: 0x80002fc4 (0x7f4d2893) slti    a7, s10, 2036
core   0: 3 0x80002fc4 (0x7f4d2893) x17 0x00000001
core   0: 0x80002fc8 (0x40068c33) sub     s8, a3, zero
core   0: 3 0x80002fc8 (0x40068c33) x24 0x00000001
core   0: 0x80002fcc (0x014b1db3) sll     s11, s6, s4
core   0: 3 0x80002fcc (0x014b1db3) x27 0x80014e64
core   0: 0x80002fd0 (0x029de433) rem     s0, s11, s1
core   0: 3 0x80002fd0 (0x029de433) x 8 0x80014e64
core   0: 0x80002fd4 (0x003ced33) or      s10, s9, gp
core   0: 3 0x80002fd4 (0x003ced33) x26 0x800002e0
core   0: 0x80002fd8 (0x01a01113) slli    sp, zero, 26
core   0: 3 0x80002fd8 (0x01a01113) x 2 0x00000000
core   0: 0x80002fdc (0x415addb3) sra     s11, s5, s5
core   0: 3 0x80002fdc (0x415addb3) x27 0x00000000
core   0: 0x80002fe0 (0x92e5a7b7) lui     a5, 0x92e5a
core   0: 3 0x80002fe0 (0x92e5a7b7) x15 0x92e5a000
core   0: 0x80002fe4 (0x0388f733) remu    a4, a7, s8
core   0: 3 0x80002fe4 (0x0388f733) x14 0x00000000
core   0: 0x80002fe8 (0xc76fcb93) xori    s7, t6, -906
core   0: 3 0x80002fe8 (0xc76fcb93) x23 0xffffff89
core   0: 0x80002fec (0x0ecc2413) slti    s0, s8, 236
core   0: 3 0x80002fec (0x0ecc2413) x 8 0x00000001
core   0: 0x80002ff0 (0x2bd2b493) sltiu   s1, t0, 701
core   0: 3 0x80002ff0 (0x2bd2b493) x 9 0x00000001
core   0: 0x80002ff4 (0xa1a49cb7) lui     s9, 0xa1a49
core   0: 3 0x80002ff4 (0xa1a49cb7) x25 0xa1a49000
core   0: 0x80002ff8 (0x24c153b7) lui     t2, 0x24c15
core   0: 3 0x80002ff8 (0x24c153b7) x 7 0x24c15000
core   0: 0x80002ffc (0x00a9dd33) srl     s10, s3, a0
core   0: 3 0x80002ffc (0x00a9dd33) x26 0x000003d5
core   0: 0x80003000 (0x4020dd33) sra     s10, ra, sp
core   0: 3 0x80003000 (0x4020dd33) x26 0x9f789000
core   0: 0x80003004 (0x00000013) nop
core   0: 3 0x80003004 (0x00000013)
core   0: 0x80003008 (0x0340fa33) remu    s4, ra, s4
core   0: 3 0x80003008 (0x0340fa33) x20 0x9f789000
core   0: 0x8000300c (0x01b2eeb3) or      t4, t0, s11
core   0: 3 0x8000300c (0x01b2eeb3) x29 0x00000000
core   0: 0x80003010 (0x00000013) nop
core   0: 3 0x80003010 (0x00000013)
core   0: 0x80003014 (0x026356b3) divu    a3, t1, t1
core   0: 3 0x80003014 (0x026356b3) x13 0x00000001
core   0: 0x80003018 (0x017535b3) sltu    a1, a0, s7
core   0: 3 0x80003018 (0x017535b3) x11 0x00000001
core   0: 0x8000301c (0x0294b6b3) mulhu   a3, s1, s1
core   0: 3 0x8000301c (0x0294b6b3) x13 0x00000000
core   0: 0x80003020 (0x40215233) sra     tp, sp, sp
core   0: 3 0x80003020 (0x40215233) x 4 0x00000000
core   0: 0x80003024 (0x4187da33) sra     s4, a5, s8
core   0: 3 0x80003024 (0x4187da33) x20 0xc972d000
core   0: 0x80003028 (0x006f9c13) slli    s8, t6, 6
core   0: 3 0x80003028 (0x006f9c13) x24 0x0000ffc0
core   0: 0x8000302c (0x01a596b3) sll     a3, a1, s10
core   0: 3 0x8000302c (0x01a596b3) x13 0x00000001
core   0: 0x80003030 (0x1a9a8797) auipc   a5, 0x1a9a8
core   0: 3 0x80003030 (0x1a9a8797) x15 0x9a9ab030
core   0: 0x80003034 (0x00000013) nop
core   0: 3 0x80003034 (0x00000013)
core   0: 0x80003038 (0xb75e2e37) lui     t3, 0xb75e2
core   0: 3 0x80003038 (0xb75e2e37) x28 0xb75e2000
core   0: 0x8000303c (0x039c3033) mulhu   zero, s8, s9
core   0: 3 0x8000303c (0x039c3033)
core   0: 0x80003040 (0x00000013) nop
core   0: 3 0x80003040 (0x00000013)
core   0: 0x80003044 (0x0001d9b3) srl     s3, gp, zero
core   0: 3 0x80003044 (0x0001d9b3) x19 0x800002e0
core   0: 0x80003048 (0x51130213) addi    tp, t1, 1297
core   0: 3 0x80003048 (0x51130213) x 4 0x00000910
core   0: 0x8000304c (0x0274fc33) remu    s8, s1, t2
core   0: 3 0x8000304c (0x0274fc33) x24 0x00000001
core   0: 0x80003050 (0x0202acb3) mulhsu  s9, t0, zero
core   0: 3 0x80003050 (0x0202acb3) x25 0x00000000
core   0: 0x80003054 (0xeb5445b7) lui     a1, 0xeb544
core   0: 3 0x80003054 (0xeb5445b7) x11 0xeb544000
core   0: 0x80003058 (0x40b75433) sra     s0, a4, a1
core   0: 3 0x80003058 (0x40b75433) x 8 0x00000000
core   0: 0x8000305c (0x03577c33) remu    s8, a4, s5
core   0: 3 0x8000305c (0x03577c33) x24 0x00000000
core   0: 0x80003060 (0x00a43cb3) sltu    s9, s0, a0
core   0: 3 0x80003060 (0x00a43cb3) x25 0x00000001
core   0: 0x80003064 (0x00f0f7b3) and     a5, ra, a5
core   0: 3 0x80003064 (0x00f0f7b3) x15 0x9a189000
core   0: 0x80003068 (0x033b4933) div     s2, s6, s3
core   0: 3 0x80003068 (0x033b4933) x18 0x00000000
core   0: 0x8000306c (0xe0be4d93) xori    s11, t3, -501
core   0: 3 0x8000306c (0xe0be4d93) x27 0x48a1de0b
core   0: 0x80003070 (0x03fd38b3) mulhu   a7, s10, t6
core   0: 3 0x80003070 (0x03fd38b3) x17 0x0000027d
core   0: 0x80003074 (0x03a795b3) mulh    a1, a5, s10
core   0: 3 0x80003074 (0x03a795b3) x11 0x266cb3a1
core   0: 0x80003078 (0xf2a7bc13) sltiu   s8, a5, -214
core   0: 3 0x80003078 (0xf2a7bc13) x24 0x00000001
core   0: 0x8000307c (0x00f8c3b3) xor     t2, a7, a5
core   0: 3 0x8000307c (0x00f8c3b3) x 7 0x9a18927d
core   0: 0x80003080 (0x00960db3) add     s11, a2, s1
core   0: 3 0x80003080 (0x00960db3) x27 0xfffffbc9
core   0: 0x80003084 (0x34e57413) andi    s0, a0, 846
core   0: 3 0x80003084 (0x34e57413) x 8 0x00000000
core   0: 0x80003088 (0x713bbe13) sltiu   t3, s7, 1811
core   0: 3 0x80003088 (0x713bbe13) x28 0x00000000
core   0: 0x8000308c (0x002e4d33) xor     s10, t3, sp
core   0: 3 0x8000308c (0x002e4d33) x26 0x00000000
core   0: 0x80003090 (0x406f0433) sub     s0, t5, t1
core   0: 3 0x80003090 (0x406f0433) x 8 0xfffffc00
core   0: 0x80003094 (0x408303b3) sub     t2, t1, s0
core   0: 3 0x80003094 (0x408303b3) x 7 0x000007ff
core   0: 0x80003098 (0x004c46b3) xor     a3, s8, tp
core   0: 3 0x80003098 (0x004c46b3) x13 0x00000911
core   0: 0x8000309c (0xd78c7217) auipc   tp, 0xd78c7
core   0: 3 0x8000309c (0xd78c7217) x 4 0x578ca09c
core   0: 0x800030a0 (0xc2a3a313) slti    t1, t2, -982
core   0: 3 0x800030a0 (0xc2a3a313) x 6 0x00000000
core   0: 0x800030a4 (0x00fbff33) and     t5, s7, a5
core   0: 3 0x800030a4 (0x00fbff33) x30 0x9a189000
core   0: 0x800030a8 (0x037ef8b3) remu    a7, t4, s7
core   0: 3 0x800030a8 (0x037ef8b3) x17 0x00000000
core   0: 0x800030ac (0x18a77a13) andi    s4, a4, 394
core   0: 3 0x800030ac (0x18a77a13) x20 0x00000000
core   0: 0x800030b0 (0xd8edff13) andi    t5, s11, -626
core   0: 3 0x800030b0 (0xd8edff13) x30 0xfffff988
core   0: 0x800030b4 (0x01fc7d33) and     s10, s8, t6
core   0: 3 0x800030b4 (0x01fc7d33) x26 0x00000001
core   0: 0x800030b8 (0x013f93b3) sll     t2, t6, s3
core   0: 3 0x800030b8 (0x013f93b3) x 7 0x000003ff
core   0: 0x800030bc (0x00fcbdb3) sltu    s11, s9, a5
core   0: 3 0x800030bc (0x00fcbdb3) x27 0x00000001
core   0: 0x800030c0 (0x00a674b3) and     s1, a2, a0
core   0: 3 0x800030c0 (0x00a674b3) x 9 0x80000000
core   0: 0x800030c4 (0x03459d33) mulh    s10, a1, s4
core   0: 3 0x800030c4 (0x03459d33) x26 0x00000000
core   0: 0x800030c8 (0x015c76b3) and     a3, s8, s5
core   0: 3 0x800030c8 (0x015c76b3) x13 0x00000000
core   0: 0x800030cc (0x41b9dc93) srai    s9, s3, 27
core   0: 3 0x800030cc (0x41b9dc93) x25 0xfffffff0
core   0: 0x800030d0 (0x00f8ebb3) or      s7, a7, a5
core   0: 3 0x800030d0 (0x00f8ebb3) x23 0x9a189000
core   0: 0x800030d4 (0x418d0333) sub     t1, s10, s8
core   0: 3 0x800030d4 (0x418d0333) x 6 0xffffffff
core   0: 0x800030d8 (0xc7b108b7) lui     a7, 0xc7b10
core   0: 3 0x800030d8 (0xc7b108b7) x17 0xc7b10000
core   0: 0x800030dc (0x5b00a397) auipc   t2, 0x5b00a
core   0: 3 0x800030dc (0x5b00a397) x 7 0xdb00d0dc
core   0: 0x800030e0 (0x10b80c97) auipc   s9, 0x10b80
core   0: 3 0x800030e0 (0x10b80c97) x25 0x90b830e0
core   0: 0x800030e4 (0x01e85693) srli    a3, a6, 30
core   0: 3 0x800030e4 (0x01e85693) x13 0x00000002
core   0: 0x800030e8 (0x010754b3) srl     s1, a4, a6
core   0: 3 0x800030e8 (0x010754b3) x 9 0x00000000
core   0: 0x800030ec (0xf03fbe13) sltiu   t3, t6, -253
core   0: 3 0x800030ec (0xf03fbe13) x28 0x00000001
core   0: 0x800030f0 (0x41218eb3) sub     t4, gp, s2
core   0: 3 0x800030f0 (0x41218eb3) x29 0x800002e0
core   0: 0x800030f4 (0xd8628e93) addi    t4, t0, -634
core   0: 3 0x800030f4 (0xd8628e93) x29 0xfffffd86
core   0: 0x800030f8 (0x01f285b3) add     a1, t0, t6
core   0: 3 0x800030f8 (0x01f285b3) x11 0x000003ff
core   0: 0x800030fc (0x038ce333) rem     t1, s9, s8
core   0: 3 0x800030fc (0x038ce333) x 6 0x00000000
core   0: 0x80003100 (0x00401333) sll     t1, zero, tp
core   0: 3 0x80003100 (0x00401333) x 6 0x00000000
core   0: 0x80003104 (0x824bb693) sltiu   a3, s7, -2012
core   0: 3 0x80003104 (0x824bb693) x13 0x00000001
core   0: 0x80003108 (0x01e26133) or      sp, tp, t5
core   0: 3 0x80003108 (0x01e26133) x 2 0xfffff99c
core   0: 0x8000310c (0x030c8a33) mul     s4, s9, a6
core   0: 3 0x8000310c (0x030c8a33) x20 0xcfa60780
core   0: 0x80003110 (0x001a76b3) and     a3, s4, ra
core   0: 3 0x80003110 (0x001a76b3) x13 0x8f200000
core   0: 0x80003114 (0x016d5793) srli    a5, s10, 22
core   0: 3 0x80003114 (0x016d5793) x15 0x00000000
core   0: 0x80003118 (0x01fd1413) slli    s0, s10, 31
core   0: 3 0x80003118 (0x01fd1413) x 8 0x00000000
core   0: 0x8000311c (0xe405ad93) slti    s11, a1, -448
core   0: 3 0x8000311c (0xe405ad93) x27 0x00000000
core   0: 0x80003120 (0xeaf1be93) sltiu   t4, gp, -337
core   0: 3 0x80003120 (0xeaf1be93) x29 0x00000001
core   0: 0x80003124 (0x03e870b3) remu    ra, a6, t5
core   0: 3 0x80003124 (0x03e870b3) x 1 0x80018ce4
core   0: 0x80003128 (0x02fc5233) divu    tp, s8, a5
core   0: 3 0x80003128 (0x02fc5233) x 4 0xffffffff
core   0: 0x8000312c (0x039c01b3) mul     gp, s8, s9
core   0: 3 0x8000312c (0x039c01b3) x 3 0x90b830e0
core   0: 0x80003130 (0x00000013) nop
core   0: 3 0x80003130 (0x00000013)
core   0: 0x80003134 (0x89860013) addi    zero, a2, -1896
core   0: 3 0x80003134 (0x89860013)
core   0: 0x80003138 (0x0253f433) remu    s0, t2, t0
core   0: 3 0x80003138 (0x0253f433) x 8 0xdb00d0dc
core   0: 0x8000313c (0x314f6f93) ori     t6, t5, 788
core   0: 3 0x8000313c (0x314f6f93) x31 0xfffffb9c
core   0: 0x80003140 (0x409c5193) srai    gp, s8, 9
core   0: 3 0x80003140 (0x409c5193) x 3 0x00000000
core   0: 0x80003144 (0x01a01093) slli    ra, zero, 26
core   0: 3 0x80003144 (0x01a01093) x 1 0x00000000
core   0: 0x80003148 (0x53f450b7) lui     ra, 0x53f45
core   0: 3 0x80003148 (0x53f450b7) x 1 0x53f45000
core   0: 0x8000314c (0x01e12f33) slt     t5, sp, t5
core   0: 3 0x8000314c (0x01e12f33) x30 0x00000000
core   0: 0x80003150 (0xaaf9b993) sltiu   s3, s3, -1361
core   0: 3 0x80003150 (0xaaf9b993) x19 0x00000001
core   0: 0x80003154 (0x8e9c6693) ori     a3, s8, -1815
core   0: 3 0x80003154 (0x8e9c6693) x13 0xfffff8e9
core   0: 0x80003158 (0x01e9bfb3) sltu    t6, s3, t5
core   0: 3 0x80003158 (0x01e9bfb3) x31 0x00000000
core   0: 0x8000315c (0x40aa8ab3) sub     s5, s5, a0
core   0: 3 0x8000315c (0x40aa8ab3) x21 0x80000000
core   0: 0x80003160 (0x00f6feb3) and     t4, a3, a5
core   0: 3 0x80003160 (0x00f6feb3) x29 0x00000000
core   0: 0x80003164 (0x01e6dc93) srli    s9, a3, 30
core   0: 3 0x80003164 (0x01e6dc93) x25 0x00000003
core   0: 0x80003168 (0x011b3233) sltu    tp, s6, a7
core   0: 3 0x80003168 (0x011b3233) x 4 0x00000001
core   0: 0x8000316c (0x02cc4233) div     tp, s8, a2
core   0: 3 0x8000316c (0x02cc4233) x 4 0x00000000
core   0: 0x80003170 (0x029300b3) mul     ra, t1, s1
core   0: 3 0x80003170 (0x029300b3) x 1 0x00000000
core   0: 0x80003174 (0x7511ff37) lui     t5, 0x7511f
core   0: 3 0x80003174 (0x7511ff37) x30 0x7511f000
core   0: 0x80003178 (0x01139133) sll     sp, t2, a7
core   0: 3 0x80003178 (0x01139133) x 2 0xdb00d0dc
core   0: 0x8000317c (0xb9d60993) addi    s3, a2, -1123
core   0: 3 0x8000317c (0xb9d60993) x19 0xfffff765
core   0: 0x80003180 (0x41f5d013) srai    zero, a1, 31
core   0: 3 0x80003180 (0x41f5d013)
core   0: 0x80003184 (0x014d6a33) or      s4, s10, s4
core   0: 3 0x80003184 (0x014d6a33) x20 0xcfa60780
core   0: 0x80003188 (0x0dfd5f37) lui     t5, 0xdfd5
core   0: 3 0x80003188 (0x0dfd5f37) x30 0x0dfd5000
core   0: 0x8000318c (0x03f056b3) divu    a3, zero, t6
core   0: 3 0x8000318c (0x03f056b3) x13 0xffffffff
core   0: 0x80003190 (0xb630e793) ori     a5, ra, -1181
core   0: 3 0x80003190 (0xb630e793) x15 0xfffffb63
core   0: 0x80003194 (0xfcd04613) xori    a2, zero, -51
core   0: 3 0x80003194 (0xfcd04613) x12 0xffffffcd
core   0: 0x80003198 (0x003c09b3) add     s3, s8, gp
core   0: 3 0x80003198 (0x003c09b3) x19 0x00000001
core   0: 0x8000319c (0x01d9f333) and     t1, s3, t4
core   0: 3 0x8000319c (0x01d9f333) x 6 0x00000000
core   0: 0x800031a0 (0x3a99cf13) xori    t5, s3, 937
core   0: 3 0x800031a0 (0x3a99cf13) x30 0x000003a8
core   0: 0x800031a4 (0x02b25e33) divu    t3, tp, a1
core   0: 3 0x800031a4 (0x02b25e33) x28 0x00000000
core   0: 0x800031a8 (0x68c8e417) auipc   s0, 0x68c8e
core   0: 3 0x800031a8 (0x68c8e417) x 8 0xe8c911a8
core   0: 0x800031ac (0x001c4133) xor     sp, s8, ra
core   0: 3 0x800031ac (0x001c4133) x 2 0x00000001
core   0: 0x800031b0 (0x1e2b3393) sltiu   t2, s6, 482
core   0: 3 0x800031b0 (0x1e2b3393) x 7 0x00000000
core   0: 0x800031b4 (0x80de3913) sltiu   s2, t3, -2035
core   0: 3 0x800031b4 (0x80de3913) x18 0x00000001
core   0: 0x800031b8 (0x02e3c133) div     sp, t2, a4
core   0: 3 0x800031b8 (0x02e3c133) x 2 0xffffffff
core   0: 0x800031bc (0x0369e933) rem     s2, s3, s6
core   0: 3 0x800031bc (0x0369e933) x18 0x00000001
core   0: 0x800031c0 (0x02b42a33) mulhsu  s4, s0, a1
core   0: 3 0x800031c0 (0x02b42a33) x20 0xffffffa3
core   0: 0x800031c4 (0x96e16a37) lui     s4, 0x96e16
core   0: 3 0x800031c4 (0x96e16a37) x20 0x96e16000
core   0: 0x800031c8 (0x02f25db3) divu    s11, tp, a5
core   0: 3 0x800031c8 (0x02f25db3) x27 0x00000000
core   0: 0x800031cc (0x00e9d033) srl     zero, s3, a4
core   0: 3 0x800031cc (0x00e9d033)
core   0: 0x800031d0 (0x026ee233) rem     tp, t4, t1
core   0: 3 0x800031d0 (0x026ee233) x 4 0x00000000
core   0: 0x800031d4 (0x002d8cb3) add     s9, s11, sp
core   0: 3 0x800031d4 (0x002d8cb3) x25 0xffffffff
core   0: 0x800031d8 (0x039f4db3) div     s11, t5, s9
core   0: 3 0x800031d8 (0x039f4db3) x27 0xfffffc58
core   0: 0x800031dc (0x019eba33) sltu    s4, t4, s9
core   0: 3 0x800031dc (0x019eba33) x20 0x00000001
core   0: 0x800031e0 (0x996f0713) addi    a4, t5, -1642
core   0: 3 0x800031e0 (0x996f0713) x14 0xfffffd3e
core   0: 0x800031e4 (0x00000013) nop
core   0: 3 0x800031e4 (0x00000013)
core   0: 0x800031e8 (0x01f33e33) sltu    t3, t1, t6
core   0: 3 0x800031e8 (0x01f33e33) x28 0x00000000
core   0: 0x800031ec (0x008e8733) add     a4, t4, s0
core   0: 3 0x800031ec (0x008e8733) x14 0xe8c911a8
core   0: 0x800031f0 (0x00e5ecb3) or      s9, a1, a4
core   0: 3 0x800031f0 (0x00e5ecb3) x25 0xe8c913ff
core   0: 0x800031f4 (0x32dfc593) xori    a1, t6, 813
core   0: 3 0x800031f4 (0x32dfc593) x11 0x0000032d
core   0: 0x800031f8 (0x59fb4493) xori    s1, s6, 1439
core   0: 3 0x800031f8 (0x59fb4493) x 9 0x80014bfb
core   0: 0x800031fc (0x03aca7b3) mulhsu  a5, s9, s10
core   0: 3 0x800031fc (0x03aca7b3) x15 0x00000000
core   0: 0x80003200 (0x41ceda13) srai    s4, t4, 28
core   0: 3 0x80003200 (0x41ceda13) x20 0x00000000
core   0: 0x80003204 (0x01eec033) xor     zero, t4, t5
core   0: 3 0x80003204 (0x01eec033)
core   0: 0x80003208 (0x01cb1313) slli    t1, s6, 28
core   0: 3 0x80003208 (0x01cb1313) x 6 0x40000000
core   0: 0x8000320c (0x03977f33) remu    t5, a4, s9
core   0: 3 0x8000320c (0x03977f33) x30 0xe8c911a8
core   0: 0x80003210 (0x004d8733) add     a4, s11, tp
core   0: 3 0x80003210 (0x004d8733) x14 0xfffffc58
core   0: 0x80003214 (0xa9397893) andi    a7, s2, -1389
core   0: 3 0x80003214 (0xa9397893) x17 0x00000001
core   0: 0x80003218 (0x033e6933) rem     s2, t3, s3
core   0: 3 0x80003218 (0x033e6933) x18 0x00000000
core   0: 0x8000321c (0x0143de33) srl     t3, t2, s4
core   0: 3 0x8000321c (0x0143de33) x28 0x00000000
core   0: 0x80003220 (0x00000013) nop
core   0: 3 0x80003220 (0x00000013)
core   0: 0x80003224 (0x9ba54f37) lui     t5, 0x9ba54
core   0: 3 0x80003224 (0x9ba54f37) x30 0x9ba54000
core   0: 0x80003228 (0x03f167b3) rem     a5, sp, t6
core   0: 3 0x80003228 (0x03f167b3) x15 0xffffffff
core   0: 0x8000322c (0x17a1a137) lui     sp, 0x17a1a
core   0: 3 0x8000322c (0x17a1a137) x 2 0x17a1a000
core   0: 0x80003230 (0x013bd133) srl     sp, s7, s3
core   0: 3 0x80003230 (0x013bd133) x 2 0x4d0c4800
core   0: 0x80003234 (0x6ab2bb93) sltiu   s7, t0, 1707
core   0: 3 0x80003234 (0x6ab2bb93) x23 0x00000001
core   0: 0x80003238 (0x17918d13) addi    s10, gp, 377
core   0: 3 0x80003238 (0x17918d13) x26 0x00000179
core   0: 0x8000323c (0x0245f733) remu    a4, a1, tp
core   0: 3 0x8000323c (0x0245f733) x14 0x0000032d
core   0: 0x80003240 (0x01a36433) or      s0, t1, s10
core   0: 3 0x80003240 (0x01a36433) x 8 0x40000179
core   0: 0x80003244 (0x02f47c33) remu    s8, s0, a5
core   0: 3 0x80003244 (0x02f47c33) x24 0x40000179
core   0: 0x80003248 (0x0118beb3) sltu    t4, a7, a7
core   0: 3 0x80003248 (0x0118beb3) x29 0x00000000
core   0: 0x8000324c (0x000b6233) or      tp, s6, zero
core   0: 3 0x8000324c (0x000b6233) x 4 0x80014e64
core   0: 0x80003250 (0x40b580b3) sub     ra, a1, a1
core   0: 3 0x80003250 (0x40b580b3) x 1 0x00000000
core   0: 0x80003254 (0xd9374c13) xori    s8, a4, -621
core   0: 3 0x80003254 (0xd9374c13) x24 0xfffffebe
core   0: 0x80003258 (0x00741293) slli    t0, s0, 7
core   0: 3 0x80003258 (0x00741293) x 5 0x0000bc80
core   0: 0x8000325c (0x7bf0ed93) ori     s11, ra, 1983
core   0: 3 0x8000325c (0x7bf0ed93) x27 0x000007bf
core   0: 0x80003260 (0x0043abb3) slt     s7, t2, tp
core   0: 3 0x80003260 (0x0043abb3) x23 0x00000000
core   0: 0x80003264 (0x0d958a97) auipc   s5, 0xd958
core   0: 3 0x80003264 (0x0d958a97) x21 0x8d95b264
core   0: 0x80003268 (0x03d7adb3) mulhsu  s11, a5, t4
core   0: 3 0x80003268 (0x03d7adb3) x27 0x00000000
core   0: 0x8000326c (0x004cf0b3) and     ra, s9, tp
core   0: 3 0x8000326c (0x004cf0b3) x 1 0x80010264
core   0: 0x80003270 (0x02deea33) rem     s4, t4, a3
core   0: 3 0x80003270 (0x02deea33) x20 0x00000000
core   0: 0x80003274 (0x002193b3) sll     t2, gp, sp
core   0: 3 0x80003274 (0x002193b3) x 7 0x00000000
core   0: 0x80003278 (0x0020d993) srli    s3, ra, 2
core   0: 3 0x80003278 (0x0020d993) x19 0x20004099
core   0: 0x8000327c (0x004c1f93) slli    t6, s8, 4
core   0: 3 0x8000327c (0x004c1f93) x31 0xffffebe0
core   0: 0x80003280 (0x32ec4d17) auipc   s10, 0x32ec4
core   0: 3 0x80003280 (0x32ec4d17) x26 0xb2ec7280
core   0: 0x80003284 (0xb8da8d13) addi    s10, s5, -1139
core   0: 3 0x80003284 (0xb8da8d13) x26 0x8d95adf1
core   0: 0x80003288 (0x00efaf33) slt     t5, t6, a4
core   0: 3 0x80003288 (0x00efaf33) x30 0x00000001
core   0: 0x8000328c (0x08c4ed37) lui     s10, 0x8c4e
core   0: 3 0x8000328c (0x08c4ed37) x26 0x08c4e000
core   0: 0x80003290 (0x02a9e5b3) rem     a1, s3, a0
core   0: 3 0x80003290 (0x02a9e5b3) x11 0x20004099
core   0: 0x80003294 (0x59ba0f37) lui     t5, 0x59ba0
core   0: 3 0x80003294 (0x59ba0f37) x30 0x59ba0000
core   0: 0x80003298 (0x003cf3b3) and     t2, s9, gp
core   0: 3 0x80003298 (0x003cf3b3) x 7 0x00000000
core   0: 0x8000329c (0x02a71133) mulh    sp, a4, a0
core   0: 3 0x8000329c (0x02a71133) x 2 0xfffffe69
core   0: 0x800032a0 (0x01c49c93) slli    s9, s1, 28
core   0: 3 0x800032a0 (0x01c49c93) x25 0xb0000000
core   0: 0x800032a4 (0x43b1bf13) sltiu   t5, gp, 1083
core   0: 3 0x800032a4 (0x43b1bf13) x30 0x00000001
core   0: 0x800032a8 (0xf683bd13) sltiu   s10, t2, -152
core   0: 3 0x800032a8 (0xf683bd13) x26 0x00000001
core   0: 0x800032ac (0x40145193) srai    gp, s0, 1
core   0: 3 0x800032ac (0x40145193) x 3 0x200000bc
core   0: 0x800032b0 (0x0015b733) sltu    a4, a1, ra
core   0: 3 0x800032b0 (0x0015b733) x14 0x00000001
core   0: 0x800032b4 (0x03f69eb3) mulh    t4, a3, t6
core   0: 3 0x800032b4 (0x03f69eb3) x29 0x00000000
core   0: 0x800032b8 (0x010ea033) slt     zero, t4, a6
core   0: 3 0x800032b8 (0x010ea033)
core   0: 0x800032bc (0x00013ab3) sltu    s5, sp, zero
core   0: 3 0x800032bc (0x00013ab3) x21 0x00000000
core   0: 0x800032c0 (0x406b5993) srai    s3, s6, 6
core   0: 3 0x800032c0 (0x406b5993) x19 0xfe000539
core   0: 0x800032c4 (0x9dca2d17) auipc   s10, 0x9dca2
core   0: 3 0x800032c4 (0x9dca2d17) x26 0x1dca52c4
core   0: 0x800032c8 (0x41f904b3) sub     s1, s2, t6
core   0: 3 0x800032c8 (0x41f904b3) x 9 0x00001420
core   0: 0x800032cc (0x027c7f33) remu    t5, s8, t2
core   0: 3 0x800032cc (0x027c7f33) x30 0xfffffebe
core   0: 0x800032d0 (0x016d9913) slli    s2, s11, 22
core   0: 3 0x800032d0 (0x016d9913) x18 0x00000000
core   0: 0x800032d4 (0x1bb86613) ori     a2, a6, 443
core   0: 3 0x800032d4 (0x1bb86613) x12 0x80018dff
core   0: 0x800032d8 (0x01d1e6b3) or      a3, gp, t4
core   0: 3 0x800032d8 (0x01d1e6b3) x13 0x200000bc
core   0: 0x800032dc (0xf8e57013) andi    zero, a0, -114
core   0: 3 0x800032dc (0xf8e57013)
core   0: 0x800032e0 (0x0112b333) sltu    t1, t0, a7
core   0: 3 0x800032e0 (0x0112b333) x 6 0x00000000
core   0: 0x800032e4 (0x1948cb93) xori    s7, a7, 404
core   0: 3 0x800032e4 (0x1948cb93) x23 0x00000195
core   0: 0x800032e8 (0x155bfd97) auipc   s11, 0x155bf
core   0: 3 0x800032e8 (0x155bfd97) x27 0x955c22e8
core   0: 0x800032ec (0xdda44f13) xori    t5, s0, -550
core   0: 3 0x800032ec (0xdda44f13) x30 0xbffffca3
core   0: 0x800032f0 (0x01b527b3) slt     a5, a0, s11
core   0: 3 0x800032f0 (0x01b527b3) x15 0x00000001
core   0: 0x800032f4 (0xb8262913) slti    s2, a2, -1150
core   0: 3 0x800032f4 (0xb8262913) x18 0x00000001
core   0: 0x800032f8 (0x00373733) sltu    a4, a4, gp
core   0: 3 0x800032f8 (0x00373733) x14 0x00000001
core   0: 0x800032fc (0x018368b3) or      a7, t1, s8
core   0: 3 0x800032fc (0x018368b3) x17 0xfffffebe
core   0: 0x80003300 (0xf773b213) sltiu   tp, t2, -137
core   0: 3 0x80003300 (0xf773b213) x 4 0x00000001
core   0: 0x80003304 (0x0192da13) srli    s4, t0, 25
core   0: 3 0x80003304 (0x0192da13) x20 0x00000000
core   0: 0x80003308 (0x7c046c93) ori     s9, s0, 1984
core   0: 3 0x80003308 (0x7c046c93) x25 0x400007f9
core   0: 0x8000330c (0x407f8d33) sub     s10, t6, t2
core   0: 3 0x8000330c (0x407f8d33) x26 0xffffebe0
core   0: 0x80003310 (0x01e6d213) srli    tp, a3, 30
core   0: 3 0x80003310 (0x01e6d213) x 4 0x00000000
core   0: 0x80003314 (0x03e852b3) divu    t0, a6, t5
core   0: 3 0x80003314 (0x03e852b3) x 5 0x00000000
core   0: 0x80003318 (0x256d0e13) addi    t3, s10, 598
core   0: 3 0x80003318 (0x256d0e13) x28 0xffffee36
core   0: 0x8000331c (0x01021c93) slli    s9, tp, 16
core   0: 3 0x8000331c (0x01021c93) x25 0x00000000
core   0: 0x80003320 (0x03198db3) mul     s11, s3, a7
core   0: 3 0x80003320 (0x03198db3) x27 0x83f96e4e
core   0: 0x80003324 (0x018e7eb3) and     t4, t3, s8
core   0: 3 0x80003324 (0x018e7eb3) x29 0xffffee36
core   0: 0x80003328 (0x00f926b3) slt     a3, s2, a5
core   0: 3 0x80003328 (0x00f926b3) x13 0x00000000
core   0: 0x8000332c (0x034e41b3) div     gp, t3, s4
core   0: 3 0x8000332c (0x034e41b3) x 3 0xffffffff
core   0: 0x80003330 (0x401c04b3) sub     s1, s8, ra
core   0: 3 0x80003330 (0x401c04b3) x 9 0x7ffefc5a
core   0: 0x80003334 (0x02e4feb3) remu    t4, s1, a4
core   0: 3 0x80003334 (0x02e4feb3) x29 0x00000000
core   0: 0x80003338 (0x034c0fb3) mul     t6, s8, s4
core   0: 3 0x80003338 (0x034c0fb3) x31 0x00000000
core   0: 0x8000333c (0x01647633) and     a2, s0, s6
core   0: 3 0x8000333c (0x01647633) x12 0x00000060
core   0: 0x80003340 (0x03ec6633) rem     a2, s8, t5
core   0: 3 0x80003340 (0x03ec6633) x12 0xfffffebe
core   0: 0x80003344 (0x00f1dc13) srli    s8, gp, 15
core   0: 3 0x80003344 (0x00f1dc13) x24 0x0001ffff
core   0: 0x80003348 (0x034475b3) remu    a1, s0, s4
core   0: 3 0x80003348 (0x034475b3) x11 0x40000179
core   0: 0x8000334c (0x03f2aeb3) mulhsu  t4, t0, t6
core   0: 3 0x8000334c (0x03f2aeb3) x29 0x00000000
core   0: 0x80003350 (0x00e0dab3) srl     s5, ra, a4
core   0: 3 0x80003350 (0x00e0dab3) x21 0x40008132
core   0: 0x80003354 (0x00a82bb3) slt     s7, a6, a0
core   0: 3 0x80003354 (0x00a82bb3) x23 0x00000000
core   0: 0x80003358 (0x025310b3) mulh    ra, t1, t0
core   0: 3 0x80003358 (0x025310b3) x 1 0x00000000
core   0: 0x8000335c (0x005eaa33) slt     s4, t4, t0
core   0: 3 0x8000335c (0x005eaa33) x20 0x00000000
core   0: 0x80003360 (0x41938633) sub     a2, t2, s9
core   0: 3 0x80003360 (0x41938633) x12 0x00000000
core   0: 0x80003364 (0x00000013) nop
core   0: 3 0x80003364 (0x00000013)
core   0: 0x80003368 (0x028d3033) mulhu   zero, s10, s0
core   0: 3 0x80003368 (0x028d3033)
core   0: 0x8000336c (0x00369233) sll     tp, a3, gp
core   0: 3 0x8000336c (0x00369233) x 4 0x00000000
core   0: 0x80003370 (0x00979c93) slli    s9, a5, 9
core   0: 3 0x80003370 (0x00979c93) x25 0x00000200
core   0: 0x80003374 (0x00000013) nop
core   0: 3 0x80003374 (0x00000013)
core   0: 0x80003378 (0x001e6fb3) or      t6, t3, ra
core   0: 3 0x80003378 (0x001e6fb3) x31 0xffffee36
core   0: 0x8000337c (0xe77e2613) slti    a2, t3, -393
core   0: 3 0x8000337c (0xe77e2613) x12 0x00000001
core   0: 0x80003380 (0x51f6ad13) slti    s10, a3, 1311
core   0: 3 0x80003380 (0x51f6ad13) x26 0x00000001
core   0: 0x80003384 (0x00ce5393) srli    t2, t3, 12
core   0: 3 0x80003384 (0x00ce5393) x 7 0x000ffffe
core   0: 0x80003388 (0xdda63893) sltiu   a7, a2, -550
core   0: 3 0x80003388 (0xdda63893) x17 0x00000001
core   0: 0x8000338c (0x00000013) nop
core   0: 3 0x8000338c (0x00000013)
core   0: 0x80003390 (0x03c2e5b3) rem     a1, t0, t3
core   0: 3 0x80003390 (0x03c2e5b3) x11 0x00000000
core   0: 0x80003394 (0x1f7d7313) andi    t1, s10, 503
core   0: 3 0x80003394 (0x1f7d7313) x 6 0x00000001
core   0: 0x80003398 (0x880d9f17) auipc   t5, 0x880d9
core   0: 3 0x80003398 (0x880d9f17) x30 0x080dc398
core   0: 0x8000339c (0xd7207a13) andi    s4, zero, -654
core   0: 3 0x8000339c (0xd7207a13) x20 0x00000000
core   0: 0x800033a0 (0x0025d733) srl     a4, a1, sp
core   0: 3 0x800033a0 (0x0025d733) x14 0x00000000
core   0: 0x800033a4 (0x00674f33) xor     t5, a4, t1
core   0: 3 0x800033a4 (0x00674f33) x30 0x00000001
core   0: 0x800033a8 (0x0182cfb3) xor     t6, t0, s8
core   0: 3 0x800033a8 (0x0182cfb3) x31 0x0001ffff
core   0: 0x800033ac (0x02745bb3) divu    s7, s0, t2
core   0: 3 0x800033ac (0x02745bb3) x23 0x00000400
core   0: 0x800033b0 (0x41acd433) sra     s0, s9, s10
core   0: 3 0x800033b0 (0x41acd433) x 8 0x00000100
core   0: 0x800033b4 (0x0b894b93) xori    s7, s2, 184
core   0: 3 0x800033b4 (0x0b894b93) x23 0x000000b9
core   0: 0x800033b8 (0x401ed413) srai    s0, t4, 1
core   0: 3 0x800033b8 (0x401ed413) x 8 0x00000000
core   0: 0x800033bc (0x02c841b3) div     gp, a6, a2
core   0: 3 0x800033bc (0x02c841b3) x 3 0x80018ce4
core   0: 0x800033c0 (0x0120bf33) sltu    t5, ra, s2
core   0: 3 0x800033c0 (0x0120bf33) x30 0x00000001
core   0: 0x800033c4 (0x00000013) nop
core   0: 3 0x800033c4 (0x00000013)
core   0: 0x800033c8 (0x03c5f4b3) remu    s1, a1, t3
core   0: 3 0x800033c8 (0x03c5f4b3) x 9 0x00000000
core   0: 0x800033cc (0x6205ea13) ori     s4, a1, 1568
core   0: 3 0x800033cc (0x6205ea13) x20 0x00000620
core   0: 0x800033d0 (0x012a4fb3) xor     t6, s4, s2
core   0: 3 0x800033d0 (0x012a4fb3) x31 0x00000621
core   0: 0x800033d4 (0x1ae08113) addi    sp, ra, 430
core   0: 3 0x800033d4 (0x1ae08113) x 2 0x000001ae
core   0: 0x800033d8 (0x03b65133) divu    sp, a2, s11
core   0: 3 0x800033d8 (0x03b65133) x 2 0x00000000
core   0: 0x800033dc (0x753bce13) xori    t3, s7, 1875
core   0: 3 0x800033dc (0x753bce13) x28 0x000007ea
core   0: 0x800033e0 (0x01f047b3) xor     a5, zero, t6
core   0: 3 0x800033e0 (0x01f047b3) x15 0x00000621
core   0: 0x800033e4 (0x01776033) or      zero, a4, s7
core   0: 3 0x800033e4 (0x01776033)
core   0: 0x800033e8 (0x01f77933) and     s2, a4, t6
core   0: 3 0x800033e8 (0x01f77933) x18 0x00000000
core   0: 0x800033ec (0x41c90eb3) sub     t4, s2, t3
core   0: 3 0x800033ec (0x41c90eb3) x29 0xfffff816
core   0: 0x800033f0 (0x412b5413) srai    s0, s6, 18
core   0: 3 0x800033f0 (0x412b5413) x 8 0xffffe000
core   0: 0x800033f4 (0x01559893) slli    a7, a1, 21
core   0: 3 0x800033f4 (0x01559893) x17 0x00000000
core   0: 0x800033f8 (0x02fcef33) rem     t5, s9, a5
core   0: 3 0x800033f8 (0x02fcef33) x30 0x00000200
core   0: 0x800033fc (0x030b00b3) mul     ra, s6, a6
core   0: 3 0x800033fc (0x030b00b3) x 1 0x066c8110
core   0: 0x80003400 (0x00d99a33) sll     s4, s3, a3
core   0: 3 0x80003400 (0x00d99a33) x20 0xfe000539
core   0: 0x80003404 (0x0202aeb3) mulhsu  t4, t0, zero
core   0: 3 0x80003404 (0x0202aeb3) x29 0x00000000
core   0: 0x80003408 (0x002818b3) sll     a7, a6, sp
core   0: 3 0x80003408 (0x002818b3) x17 0x80018ce4
core   0: 0x8000340c (0x01225693) srli    a3, tp, 18
core   0: 3 0x8000340c (0x01225693) x13 0x00000000
core   0: 0x80003410 (0xdc563893) sltiu   a7, a2, -571
core   0: 3 0x80003410 (0xdc563893) x17 0x00000001
core   0: 0x80003414 (0x007cdd33) srl     s10, s9, t2
core   0: 3 0x80003414 (0x007cdd33) x26 0x00000000
core   0: 0x80003418 (0x9f548593) addi    a1, s1, -1547
core   0: 3 0x80003418 (0x9f548593) x11 0xfffff9f5
core   0: 0x8000341c (0x01231cb3) sll     s9, t1, s2
core   0: 3 0x8000341c (0x01231cb3) x25 0x00000001
core   0: 0x80003420 (0x028be7b3) rem     a5, s7, s0
core   0: 3 0x80003420 (0x028be7b3) x15 0x000000b9
core   0: 0x80003424 (0x01080133) add     sp, a6, a6
core   0: 3 0x80003424 (0x01080133) x 2 0x000319c8
core   0: 0x80003428 (0x4080d693) srai    a3, ra, 8
core   0: 3 0x80003428 (0x4080d693) x13 0x00066c81
core   0: 0x8000342c (0x01b85733) srl     a4, a6, s11
core   0: 3 0x8000342c (0x01b85733) x14 0x00020006
core   0: 0x80003430 (0x03b93ab3) mulhu   s5, s2, s11
core   0: 3 0x80003430 (0x03b93ab3) x21 0x00000000
core   0: 0x80003434 (0x03d8e0b3) rem     ra, a7, t4
core   0: 3 0x80003434 (0x03d8e0b3) x 1 0x00000001
core   0: 0x80003438 (0x01cb56b3) srl     a3, s6, t3
core   0: 3 0x80003438 (0x01cb56b3) x13 0x00200053
core   0: 0x8000343c (0x02353233) mulhu   tp, a0, gp
core   0: 3 0x8000343c (0x02353233) x 4 0x4000c672
core   0: 0x80003440 (0x007e9f33) sll     t5, t4, t2
core   0: 3 0x80003440 (0x007e9f33) x30 0x00000000
core   0: 0x80003444 (0x01ed7133) and     sp, s10, t5
core   0: 3 0x80003444 (0x01ed7133) x 2 0x00000000
core   0: 0x80003448 (0x01b31733) sll     a4, t1, s11
core   0: 3 0x80003448 (0x01b31733) x14 0x00004000
core   0: 0x8000344c (0x004ca133) slt     sp, s9, tp
core   0: 3 0x8000344c (0x004ca133) x 2 0x00000001
core   0: 0x80003450 (0x0216a033) mulhsu  zero, a3, ra
core   0: 3 0x80003450 (0x0216a033)
core   0: 0x80003454 (0x01a211b3) sll     gp, tp, s10
core   0: 3 0x80003454 (0x01a211b3) x 3 0x4000c672
core   0: 0x80003458 (0x01945bb3) srl     s7, s0, s9
core   0: 3 0x80003458 (0x01945bb3) x23 0x7ffff000
core   0: 0x8000345c (0x01309993) slli    s3, ra, 19
core   0: 3 0x8000345c (0x01309993) x19 0x00080000
core   0: 0x80003460 (0x0180f1b3) and     gp, ra, s8
core   0: 3 0x80003460 (0x0180f1b3) x 3 0x00000001
core   0: 0x80003464 (0x00df90b3) sll     ra, t6, a3
core   0: 3 0x80003464 (0x00df90b3) x 1 0x31080000
core   0: 0x80003468 (0x00b80ab3) add     s5, a6, a1
core   0: 3 0x80003468 (0x00b80ab3) x21 0x800186d9
core   0: 0x8000346c (0x020720b3) mulhsu  ra, a4, zero
core   0: 3 0x8000346c (0x020720b3) x 1 0x00000000
core   0: 0x80003470 (0x00000013) nop
core   0: 3 0x80003470 (0x00000013)
core   0: 0x80003474 (0x017a1d33) sll     s10, s4, s7
core   0: 3 0x80003474 (0x017a1d33) x26 0xfe000539
core   0: 0x80003478 (0x40bc5593) srai    a1, s8, 11
core   0: 3 0x80003478 (0x40bc5593) x11 0x0000003f
core   0: 0x8000347c (0x03956a33) rem     s4, a0, s9
core   0: 3 0x8000347c (0x03956a33) x20 0x00000000
core   0: 0x80003480 (0x2d563993) sltiu   s3, a2, 725
core   0: 3 0x80003480 (0x2d563993) x19 0x00000001
core   0: 0x80003484 (0x01ed49b3) xor     s3, s10, t5
core   0: 3 0x80003484 (0x01ed49b3) x19 0xfe000539
core   0: 0x80003488 (0xf30af493) andi    s1, s5, -208
core   0: 3 0x80003488 (0xf30af493) x 9 0x80018610
core   0: 0x8000348c (0x027916b3) mulh    a3, s2, t2
core   0: 3 0x8000348c (0x027916b3) x13 0x00000000
core   0: 0x80003490 (0x00f61293) slli    t0, a2, 15
core   0: 3 0x80003490 (0x00f61293) x 5 0x00008000
core   0: 0x80003494 (0x15e17d13) andi    s10, sp, 350
core   0: 3 0x80003494 (0x15e17d13) x26 0x00000000
core   0: 0x80003498 (0x004417b3) sll     a5, s0, tp
core   0: 3 0x80003498 (0x004417b3) x15 0x80000000
core   0: 0x8000349c (0x405edab3) sra     s5, t4, t0
core   0: 3 0x8000349c (0x405edab3) x21 0x00000000
core   0: 0x800034a0 (0x01245593) srli    a1, s0, 18
core   0: 3 0x800034a0 (0x01245593) x11 0x00003fff
core   0: 0x800034a4 (0xbc2ff293) andi    t0, t6, -1086
core   0: 3 0x800034a4 (0xbc2ff293) x 5 0x00000200
core   0: 0x800034a8 (0x0128c333) xor     t1, a7, s2
core   0: 3 0x800034a8 (0x0128c333) x 6 0x00000001
core   0: 0x800034ac (0x01cd2cb3) slt     s9, s10, t3
core   0: 3 0x800034ac (0x01cd2cb3) x25 0x00000001
core   0: 0x800034b0 (0x00000013) nop
core   0: 3 0x800034b0 (0x00000013)
core   0: 0x800034b4 (0x02a64c33) div     s8, a2, a0
core   0: 3 0x800034b4 (0x02a64c33) x24 0x00000000
core   0: 0x800034b8 (0x028f09b3) mul     s3, t5, s0
core   0: 3 0x800034b8 (0x028f09b3) x19 0x00000000
core   0: 0x800034bc (0x00000013) nop
core   0: 3 0x800034bc (0x00000013)
core   0: 0x800034c0 (0x883e3637) lui     a2, 0x883e3
core   0: 3 0x800034c0 (0x883e3637) x12 0x883e3000
core   0: 0x800034c4 (0x98faac97) auipc   s9, 0x98faa
core   0: 3 0x800034c4 (0x98faac97) x25 0x18fad4c4
core   0: 0x800034c8 (0xc0e66393) ori     t2, a2, -1010
core   0: 3 0x800034c8 (0xc0e66393) x 7 0xfffffc0e
core   0: 0x800034cc (0xd2ae3097) auipc   ra, 0xd2ae3
core   0: 3 0x800034cc (0xd2ae3097) x 1 0x52ae64cc
core   0: 0x800034d0 (0x03e404b3) mul     s1, s0, t5
core   0: 3 0x800034d0 (0x03e404b3) x 9 0x00000000
core   0: 0x800034d4 (0x02fb01b3) mul     gp, s6, a5
core   0: 3 0x800034d4 (0x02fb01b3) x 3 0x00000000
core   0: 0x800034d8 (0x41775c33) sra     s8, a4, s7
core   0: 3 0x800034d8 (0x41775c33) x24 0x00004000
core   0: 0x800034dc (0x025ede33) divu    t3, t4, t0
core   0: 3 0x800034dc (0x025ede33) x28 0x00000000
core   0: 0x800034e0 (0x01df70b3) and     ra, t5, t4
core   0: 3 0x800034e0 (0x01df70b3) x 1 0x00000000
core   0: 0x800034e4 (0x17c10593) addi    a1, sp, 380
core   0: 3 0x800034e4 (0x17c10593) x11 0x0000017d
core   0: 0x800034e8 (0x41a48c33) sub     s8, s1, s10
core   0: 3 0x800034e8 (0x41a48c33) x24 0x00000000
core   0: 0x800034ec (0x035f1c33) mulh    s8, t5, s5
core   0: 3 0x800034ec (0x035f1c33) x24 0x00000000
core   0: 0x800034f0 (0x01dc0733) add     a4, s8, t4
core   0: 3 0x800034f0 (0x01dc0733) x14 0x00000000
core   0: 0x800034f4 (0x017dd893) srli    a7, s11, 23
core   0: 3 0x800034f4 (0x017dd893) x17 0x00000107
core   0: 0x800034f8 (0x8817e693) ori     a3, a5, -1919
core   0: 3 0x800034f8 (0x8817e693) x13 0xfffff881
core   0: 0x800034fc (0x008f7a33) and     s4, t5, s0
core   0: 3 0x800034fc (0x008f7a33) x20 0x00000000
core   0: 0x80003500 (0x3c913313) sltiu   t1, sp, 969
core   0: 3 0x80003500 (0x3c913313) x 6 0x00000001
core   0: 0x80003504 (0x032170b3) remu    ra, sp, s2
core   0: 3 0x80003504 (0x032170b3) x 1 0x00000001
core   0: 0x80003508 (0x41b1d3b3) sra     t2, gp, s11
core   0: 3 0x80003508 (0x41b1d3b3) x 7 0x00000000
core   0: 0x8000350c (0x00afd913) srli    s2, t6, 10
core   0: 3 0x8000350c (0x00afd913) x18 0x00000001
core   0: 0x80003510 (0x0288e933) rem     s2, a7, s0
core   0: 3 0x80003510 (0x0288e933) x18 0x00000107
core   0: 0x80003514 (0xed293493) sltiu   s1, s2, -302
core   0: 3 0x80003514 (0xed293493) x 9 0x00000001
core   0: 0x80003518 (0x0289ed33) rem     s10, s3, s0
core   0: 3 0x80003518 (0x0289ed33) x26 0x00000000
core   0: 0x8000351c (0x39c94113) xori    sp, s2, 924
core   0: 3 0x8000351c (0x39c94113) x 2 0x0000029b
core   0: 0x80003520 (0x00000013) nop
core   0: 3 0x80003520 (0x00000013)
core   0: 0x80003524 (0x007ed0b3) srl     ra, t4, t2
core   0: 3 0x80003524 (0x007ed0b3) x 1 0x00000000
core   0: 0x80003528 (0x41df04b3) sub     s1, t5, t4
core   0: 3 0x80003528 (0x41df04b3) x 9 0x00000000
core   0: 0x8000352c (0x02675933) divu    s2, a4, t1
core   0: 3 0x8000352c (0x02675933) x18 0x00000000
core   0: 0x80003530 (0xcc172413) slti    s0, a4, -831
core   0: 3 0x80003530 (0xcc172413) x 8 0x00000000
core   0: 0x80003534 (0x03d1e133) rem     sp, gp, t4
core   0: 3 0x80003534 (0x03d1e133) x 2 0x00000000
core   0: 0x80003538 (0x404306b3) sub     a3, t1, tp
core   0: 3 0x80003538 (0x404306b3) x13 0xbfff398f
core   0: 0x8000353c (0x32ea7413) andi    s0, s4, 814
core   0: 3 0x8000353c (0x32ea7413) x 8 0x00000000
core   0: 0x80003540 (0x018fc733) xor     a4, t6, s8
core   0: 3 0x80003540 (0x018fc733) x14 0x00000621
core   0: 0x80003544 (0x0378e8b3) rem     a7, a7, s7
core   0: 3 0x80003544 (0x0378e8b3) x17 0x00000107
core   0: 0x80003548 (0x006f1d93) slli    s11, t5, 6
core   0: 3 0x80003548 (0x006f1d93) x27 0x00000000
core   0: 0x8000354c (0x00d2a8b3) slt     a7, t0, a3
core   0: 3 0x8000354c (0x00d2a8b3) x17 0x00000000
core   0: 0x80003550 (0x35c23cb7) lui     s9, 0x35c23
core   0: 3 0x80003550 (0x35c23cb7) x25 0x35c23000
core   0: 0x80003554 (0x0378b333) mulhu   t1, a7, s7
core   0: 3 0x80003554 (0x0378b333) x 6 0x00000000
core   0: 0x80003558 (0x16f42093) slti    ra, s0, 367
core   0: 3 0x80003558 (0x16f42093) x 1 0x00000001
core   0: 0x8000355c (0xc9424393) xori    t2, tp, -876
core   0: 3 0x8000355c (0xc9424393) x 7 0xbfff3ae6
core   0: 0x80003560 (0x001fa9b3) slt     s3, t6, ra
core   0: 3 0x80003560 (0x001fa9b3) x19 0x00000000
core   0: 0x80003564 (0x01222f33) slt     t5, tp, s2
core   0: 3 0x80003564 (0x01222f33) x30 0x00000000
core   0: 0x80003568 (0x0063fd33) and     s10, t2, t1
core   0: 3 0x80003568 (0x0063fd33) x26 0x00000000
core   0: 0x8000356c (0x0126b1b3) sltu    gp, a3, s2
core   0: 3 0x8000356c (0x0126b1b3) x 3 0x00000000
core   0: 0x80003570 (0x7256bf37) lui     t5, 0x7256b
core   0: 3 0x80003570 (0x7256bf37) x30 0x7256b000
core   0: 0x80003574 (0x01191bb3) sll     s7, s2, a7
core   0: 3 0x80003574 (0x01191bb3) x23 0x00000000
core   0: 0x80003578 (0x0373a333) mulhsu  t1, t2, s7
core   0: 3 0x80003578 (0x0373a333) x 6 0x00000000
core   0: 0x8000357c (0x0268f8b3) remu    a7, a7, t1
core   0: 3 0x8000357c (0x0268f8b3) x17 0x00000000
core   0: 0x80003580 (0x00efbbb3) sltu    s7, t6, a4
core   0: 3 0x80003580 (0x00efbbb3) x23 0x00000000
core   0: 0x80003584 (0x939cb993) sltiu   s3, s9, -1735
core   0: 3 0x80003584 (0x939cb993) x19 0x00000001
core   0: 0x80003588 (0xe46b6f13) ori     t5, s6, -442
core   0: 3 0x80003588 (0xe46b6f13) x30 0xfffffe66
core   0: 0x8000358c (0x02c17933) remu    s2, sp, a2
core   0: 3 0x8000358c (0x02c17933) x18 0x00000000
core   0: 0x80003590 (0x22d7bd13) sltiu   s10, a5, 557
core   0: 3 0x80003590 (0x22d7bd13) x26 0x00000000
core   0: 0x80003594 (0x03dec233) div     tp, t4, t4
core   0: 3 0x80003594 (0x03dec233) x 4 0xffffffff
core   0: 0x80003598 (0x0147ea33) or      s4, a5, s4
core   0: 3 0x80003598 (0x0147ea33) x20 0x80000000
core   0: 0x8000359c (0x3c94b013) sltiu   zero, s1, 969
core   0: 3 0x8000359c (0x3c94b013)
core   0: 0x800035a0 (0x02c21fb3) mulh    t6, tp, a2
core   0: 3 0x800035a0 (0x02c21fb3) x31 0x00000000
core   0: 0x800035a4 (0x457dfb97) auipc   s7, 0x457df
core   0: 3 0x800035a4 (0x457dfb97) x23 0xc57e25a4
core   0: 0x800035a8 (0x028cdc33) divu    s8, s9, s0
core   0: 3 0x800035a8 (0x028cdc33) x24 0xffffffff
core   0: 0x800035ac (0x030739b3) mulhu   s3, a4, a6
core   0: 3 0x800035ac (0x030739b3) x19 0x00000310
core   0: 0x800035b0 (0xd47accb7) lui     s9, 0xd47ac
core   0: 3 0x800035b0 (0xd47accb7) x25 0xd47ac000
core   0: 0x800035b4 (0x015d74b3) and     s1, s10, s5
core   0: 3 0x800035b4 (0x015d74b3) x 9 0x00000000
core   0: 0x800035b8 (0x00289fb3) sll     t6, a7, sp
core   0: 3 0x800035b8 (0x00289fb3) x31 0x00000000
core   0: 0x800035bc (0x02a286b3) mul     a3, t0, a0
core   0: 3 0x800035bc (0x02a286b3) x13 0x00000000
core   0: 0x800035c0 (0x0368edb3) rem     s11, a7, s6
core   0: 3 0x800035c0 (0x0368edb3) x27 0x00000000
core   0: 0x800035c4 (0x4110d333) sra     t1, ra, a7
core   0: 3 0x800035c4 (0x4110d333) x 6 0x00000001
core   0: 0x800035c8 (0x02ec42b3) div     t0, s8, a4
core   0: 3 0x800035c8 (0x02ec42b3) x 5 0x00000000
core   0: 0x800035cc (0x00357eb3) and     t4, a0, gp
core   0: 3 0x800035cc (0x00357eb3) x29 0x00000000
core   0: 0x800035d0 (0x005c15b3) sll     a1, s8, t0
core   0: 3 0x800035d0 (0x005c15b3) x11 0xffffffff
core   0: 0x800035d4 (0x400a0c33) sub     s8, s4, zero
core   0: 3 0x800035d4 (0x400a0c33) x24 0x80000000
core   0: 0x800035d8 (0x03526ab3) rem     s5, tp, s5
core   0: 3 0x800035d8 (0x03526ab3) x21 0xffffffff
core   0: 0x800035dc (0x011d14b3) sll     s1, s10, a7
core   0: 3 0x800035dc (0x011d14b3) x 9 0x00000000
core   0: 0x800035e0 (0x40195013) srai    zero, s2, 1
core   0: 3 0x800035e0 (0x40195013)
core   0: 0x800035e4 (0x022cafb3) mulhsu  t6, s9, sp
core   0: 3 0x800035e4 (0x022cafb3) x31 0x00000000
core   0: 0x800035e8 (0x014b1e33) sll     t3, s6, s4
core   0: 3 0x800035e8 (0x014b1e33) x28 0x80014e64
core   0: 0x800035ec (0xd25dff13) andi    t5, s11, -731
core   0: 3 0x800035ec (0xd25dff13) x30 0x00000000
core   0: 0x800035f0 (0x037ba433) mulhsu  s0, s7, s7
core   0: 3 0x800035f0 (0x037ba433) x 8 0xd2dd3e73
core   0: 0x800035f4 (0x03e46a33) rem     s4, s0, t5
core   0: 3 0x800035f4 (0x03e46a33) x20 0xd2dd3e73
core   0: 0x800035f8 (0x4156df33) sra     t5, a3, s5
core   0: 3 0x800035f8 (0x4156df33) x30 0x00000000
core   0: 0x800035fc (0x02503333) mulhu   t1, zero, t0
core   0: 3 0x800035fc (0x02503333) x 6 0x00000000
core   0: 0x80003600 (0x41008733) sub     a4, ra, a6
core   0: 3 0x80003600 (0x41008733) x14 0x7ffe731d
core   0: 0x80003604 (0x01234333) xor     t1, t1, s2
core   0: 3 0x80003604 (0x01234333) x 6 0x00000000
core   0: 0x80003608 (0x0271d433) divu    s0, gp, t2
core   0: 3 0x80003608 (0x0271d433) x 8 0x00000000
core   0: 0x8000360c (0x02ec1933) mulh    s2, s8, a4
core   0: 3 0x8000360c (0x02ec1933) x18 0xc000c671
core   0: 0x80003610 (0x03366233) rem     tp, a2, s3
core   0: 3 0x80003610 (0x03366233) x 4 0xfffffd60
core   0: 0x80003614 (0x01579c93) slli    s9, a5, 21
core   0: 3 0x80003614 (0x01579c93) x25 0x00000000
core   0: 0x80003618 (0x00b6ba33) sltu    s4, a3, a1
core   0: 3 0x80003618 (0x00b6ba33) x20 0x00000001
core   0: 0x8000361c (0x0002c3b3) xor     t2, t0, zero
core   0: 3 0x8000361c (0x0002c3b3) x 7 0x00000000
core   0: 0x80003620 (0x0084ed33) or      s10, s1, s0
core   0: 3 0x80003620 (0x0084ed33) x26 0x00000000
core   0: 0x80003624 (0x03d952b3) divu    t0, s2, t4
core   0: 3 0x80003624 (0x03d952b3) x 5 0xffffffff
core   0: 0x80003628 (0x01c84ab3) xor     s5, a6, t3
core   0: 3 0x80003628 (0x01c84ab3) x21 0x0000c280
core   0: 0x8000362c (0x00ce12b3) sll     t0, t3, a2
core   0: 3 0x8000362c (0x00ce12b3) x 5 0x80014e64
core   0: 0x80003630 (0x022dc733) div     a4, s11, sp
core   0: 3 0x80003630 (0x022dc733) x14 0xffffffff
core   0: 0x80003634 (0x40e58f33) sub     t5, a1, a4
core   0: 3 0x80003634 (0x40e58f33) x30 0x00000000
core   0: 0x80003638 (0x027aceb3) div     t4, s5, t2
core   0: 3 0x80003638 (0x027aceb3) x29 0xffffffff
core   0: 0x8000363c (0xa97c1717) auipc   a4, 0xa97c1
core   0: 3 0x8000363c (0xa97c1717) x14 0x297c463c
core   0: 0x80003640 (0x00507a33) and     s4, zero, t0
core   0: 3 0x80003640 (0x00507a33) x20 0x00000000
core   0: 0x80003644 (0x02d4b1b3) mulhu   gp, s1, a3
core   0: 3 0x80003644 (0x02d4b1b3) x 3 0x00000000
core   0: 0x80003648 (0x386b7713) andi    a4, s6, 902
core   0: 3 0x80003648 (0x386b7713) x14 0x00000204
core   0: 0x8000364c (0x01d73633) sltu    a2, a4, t4
core   0: 3 0x8000364c (0x01d73633) x12 0x00000001
core   0: 0x80003650 (0x01cda133) slt     sp, s11, t3
core   0: 3 0x80003650 (0x01cda133) x 2 0x00000000
core   0: 0x80003654 (0x75d31317) auipc   t1, 0x75d31
core   0: 3 0x80003654 (0x75d31317) x 6 0xf5d34654
core   0: 0x80003658 (0x00809f13) slli    t5, ra, 8
core   0: 3 0x80003658 (0x00809f13) x30 0x00000100
core   0: 0x8000365c (0x038402b3) mul     t0, s0, s8
core   0: 3 0x8000365c (0x038402b3) x 5 0x00000000
core   0: 0x80003660 (0x00b01693) slli    a3, zero, 11
core   0: 3 0x80003660 (0x00b01693) x13 0x00000000
core   0: 0x80003664 (0x01f19013) slli    zero, gp, 31
core   0: 3 0x80003664 (0x01f19013)
core   0: 0x80003668 (0x009678b3) and     a7, a2, s1
core   0: 3 0x80003668 (0x009678b3) x17 0x00000000
core   0: 0x8000366c (0x00908d93) addi    s11, ra, 9
core   0: 3 0x8000366c (0x00908d93) x27 0x0000000a
core   0: 0x80003670 (0x031272b3) remu    t0, tp, a7
core   0: 3 0x80003670 (0x031272b3) x 5 0xfffffd60
core   0: 0x80003674 (0xd5b03a13) sltiu   s4, zero, -677
core   0: 3 0x80003674 (0xd5b03a13) x20 0x00000001
core   0: 0x80003678 (0x01fa6ab7) lui     s5, 0x1fa6
core   0: 3 0x80003678 (0x01fa6ab7) x21 0x01fa6000
core   0: 0x8000367c (0x01d9dcb3) srl     s9, s3, t4
core   0: 3 0x8000367c (0x01d9dcb3) x25 0x00000000
core   0: 0x80003680 (0x02d5afb3) mulhsu  t6, a1, a3
core   0: 3 0x80003680 (0x02d5afb3) x31 0x00000000
core   0: 0x80003684 (0x029f5c33) divu    s8, t5, s1
core   0: 3 0x80003684 (0x029f5c33) x24 0xffffffff
core   0: 0x80003688 (0xbb59b013) sltiu   zero, s3, -1099
core   0: 3 0x80003688 (0xbb59b013)
core   0: 0x8000368c (0xc1d4ba13) sltiu   s4, s1, -995
core   0: 3 0x8000368c (0xc1d4ba13) x20 0x00000001
core   0: 0x80003690 (0x41895113) srai    sp, s2, 24
core   0: 3 0x80003690 (0x41895113) x 2 0xffffffc0
core   0: 0x80003694 (0x01045433) srl     s0, s0, a6
core   0: 3 0x80003694 (0x01045433) x 8 0x00000000
core   0: 0x80003698 (0x03feaeb3) mulhsu  t4, t4, t6
core   0: 3 0x80003698 (0x03feaeb3) x29 0x00000000
core   0: 0x8000369c (0x00c8f8b3) and     a7, a7, a2
core   0: 3 0x8000369c (0x00c8f8b3) x17 0x00000000
core   0: 0x800036a0 (0x5ef22593) slti    a1, tp, 1519
core   0: 3 0x800036a0 (0x5ef22593) x11 0x00000001
core   0: 0x800036a4 (0x00000013) nop
core   0: 3 0x800036a4 (0x00000013)
core   0: 0x800036a8 (0x02d7dcb3) divu    s9, a5, a3
core   0: 3 0x800036a8 (0x02d7dcb3) x25 0xffffffff
core   0: 0x800036ac (0x037938b3) mulhu   a7, s2, s7
core   0: 3 0x800036ac (0x037938b3) x17 0x941f3551
core   0: 0x800036b0 (0x0198d3b3) srl     t2, a7, s9
core   0: 3 0x800036b0 (0x0198d3b3) x 7 0x00000001
core   0: 0x800036b4 (0x4056dd93) srai    s11, a3, 5
core   0: 3 0x800036b4 (0x4056dd93) x27 0x00000000
core   0: 0x800036b8 (0x40d453b3) sra     t2, s0, a3
core   0: 3 0x800036b8 (0x40d453b3) x 7 0x00000000
core   0: 0x800036bc (0xd52b5c17) auipc   s8, 0xd52b5
core   0: 3 0x800036bc (0xd52b5c17) x24 0x552b86bc
core   0: 0x800036c0 (0x010fedb3) or      s11, t6, a6
core   0: 3 0x800036c0 (0x010fedb3) x27 0x80018ce4
core   0: 0x800036c4 (0x0a3f8d93) addi    s11, t6, 163
core   0: 3 0x800036c4 (0x0a3f8d93) x27 0x000000a3
core   0: 0x800036c8 (0x00262bb3) slt     s7, a2, sp
core   0: 3 0x800036c8 (0x00262bb3) x23 0x00000000
core   0: 0x800036cc (0x21592c13) slti    s8, s2, 533
core   0: 3 0x800036cc (0x21592c13) x24 0x00000001
core   0: 0x800036d0 (0x013ca9b3) slt     s3, s9, s3
core   0: 3 0x800036d0 (0x013ca9b3) x19 0x00000001
core   0: 0x800036d4 (0x019bd793) srli    a5, s7, 25
core   0: 3 0x800036d4 (0x019bd793) x15 0x00000000
core   0: 0x800036d8 (0x2e3d7213) andi    tp, s10, 739
core   0: 3 0x800036d8 (0x2e3d7213) x 4 0x00000000
core   0: 0x800036dc (0x030bec33) rem     s8, s7, a6
core   0: 3 0x800036dc (0x030bec33) x24 0x00000000
core   0: 0x800036e0 (0x0a6805b7) lui     a1, 0xa680
core   0: 3 0x800036e0 (0x0a6805b7) x11 0x0a680000
core   0: 0x800036e4 (0x033a8c33) mul     s8, s5, s3
core   0: 3 0x800036e4 (0x033a8c33) x24 0x01fa6000
core   0: 0x800036e8 (0xd909b337) lui     t1, 0xd909b
core   0: 3 0x800036e8 (0xd909b337) x 6 0xd909b000
core   0: 0x800036ec (0x1e193113) sltiu   sp, s2, 481
core   0: 3 0x800036ec (0x1e193113) x 2 0x00000000
core   0: 0x800036f0 (0x40e4dd33) sra     s10, s1, a4
core   0: 3 0x800036f0 (0x40e4dd33) x26 0x00000000
core   0: 0x800036f4 (0x57684237) lui     tp, 0x57684
core   0: 3 0x800036f4 (0x57684237) x 4 0x57684000
core   0: 0x800036f8 (0x2c91c413) xori    s0, gp, 713
core   0: 3 0x800036f8 (0x2c91c413) x 8 0x000002c9
core   0: 0x800036fc (0x00000013) nop
core   0: 3 0x800036fc (0x00000013)
core   0: 0x80003700 (0x40345e33) sra     t3, s0, gp
core   0: 3 0x80003700 (0x40345e33) x28 0x000002c9
core   0: 0x80003704 (0x01312d33) slt     s10, sp, s3
core   0: 3 0x80003704 (0x01312d33) x26 0x00000001
core   0: 0x80003708 (0x01bac2b3) xor     t0, s5, s11
core   0: 3 0x80003708 (0x01bac2b3) x 5 0x01fa60a3
core   0: 0x8000370c (0x00dc9313) slli    t1, s9, 13
core   0: 3 0x8000370c (0x00dc9313) x 6 0xffffe000
core   0: 0x80003710 (0x00aa9e33) sll     t3, s5, a0
core   0: 3 0x80003710 (0x00aa9e33) x28 0x01fa6000
core   0: 0x80003714 (0x01d689b3) add     s3, a3, t4
core   0: 3 0x80003714 (0x01d689b3) x19 0x00000000
core   0: 0x80003718 (0x5eb1aa13) slti    s4, gp, 1515
core   0: 3 0x80003718 (0x5eb1aa13) x20 0x00000001
core   0: 0x8000371c (0x7e2a56b7) lui     a3, 0x7e2a5
core   0: 3 0x8000371c (0x7e2a56b7) x13 0x7e2a5000
core   0: 0x80003720 (0x00714333) xor     t1, sp, t2
core   0: 3 0x80003720 (0x00714333) x 6 0x00000000
core   0: 0x80003724 (0x022b6fb3) rem     t6, s6, sp
core   0: 3 0x80003724 (0x022b6fb3) x31 0x80014e64
core   0: 0x80003728 (0x008253b3) srl     t2, tp, s0
core   0: 3 0x80003728 (0x008253b3) x 7 0x002bb420
core   0: 0x8000372c (0x49587113) andi    sp, a6, 1173
core   0: 3 0x8000372c (0x49587113) x 2 0x00000484
core   0: 0x80003730 (0x269e0693) addi    a3, t3, 617
core   0: 3 0x80003730 (0x269e0693) x13 0x01fa6269
core   0: 0x80003734 (0x00a61db3) sll     s11, a2, a0
core   0: 3 0x80003734 (0x00a61db3) x27 0x00000001
core   0: 0x80003738 (0x003456b3) srl     a3, s0, gp
core   0: 3 0x80003738 (0x003456b3) x13 0x000002c9
core   0: 0x8000373c (0x03014a33) div     s4, sp, a6
core   0: 3 0x8000373c (0x03014a33) x20 0x00000000
core   0: 0x80003740 (0xb5670017) auipc   zero, 0xb5670
core   0: 3 0x80003740 (0xb5670017)
core   0: 0x80003744 (0x021e4033) div     zero, t3, ra
core   0: 3 0x80003744 (0x021e4033)
core   0: 0x80003748 (0x02c70f33) mul     t5, a4, a2
core   0: 3 0x80003748 (0x02c70f33) x30 0x00000204
core   0: 0x8000374c (0x00158133) add     sp, a1, ra
core   0: 3 0x8000374c (0x00158133) x 2 0x0a680001
core   0: 0x80003750 (0x019b5b93) srli    s7, s6, 25
core   0: 3 0x80003750 (0x019b5b93) x23 0x00000040
core   0: 0x80003754 (0x01819933) sll     s2, gp, s8
core   0: 3 0x80003754 (0x01819933) x18 0x00000000
core   0: 0x80003758 (0xbf477b93) andi    s7, a4, -1036
core   0: 3 0x80003758 (0xbf477b93) x23 0x00000204
core   0: 0x8000375c (0x02240433) mul     s0, s0, sp
core   0: 3 0x8000375c (0x02240433) x 8 0xfba802c9
core   0: 0x80003760 (0x01ec9d93) slli    s11, s9, 30
core   0: 3 0x80003760 (0x01ec9d93) x27 0xc0000000
core   0: 0x80003764 (0x77d38f13) addi    t5, t2, 1917
core   0: 3 0x80003764 (0x77d38f13) x30 0x002bbb9d
core   0: 0x80003768 (0x005c6a33) or      s4, s8, t0
core   0: 3 0x80003768 (0x005c6a33) x20 0x01fa60a3
core   0: 0x8000376c (0x0041f9b3) and     s3, gp, tp
core   0: 3 0x8000376c (0x0041f9b3) x19 0x00000000
core   0: 0x80003770 (0xdcd9ef93) ori     t6, s3, -563
core   0: 3 0x80003770 (0xdcd9ef93) x31 0xfffffdcd
core   0: 0x80003774 (0x0116e6b3) or      a3, a3, a7
core   0: 3 0x80003774 (0x0116e6b3) x13 0x941f37d9
core   0: 0x80003778 (0x00560933) add     s2, a2, t0
core   0: 3 0x80003778 (0x00560933) x18 0x01fa60a4
core   0: 0x8000377c (0x01029333) sll     t1, t0, a6
core   0: 3 0x8000377c (0x01029333) x 6 0x1fa60a30
core   0: 0x80003780 (0x03704933) div     s2, zero, s7
core   0: 3 0x80003780 (0x03704933) x18 0x00000000
core   0: 0x80003784 (0xd14a4e13) xori    t3, s4, -748
core   0: 3 0x80003784 (0xd14a4e13) x28 0xfe059db7
core   0: 0x80003788 (0x019e5fb3) srl     t6, t3, s9
core   0: 3 0x80003788 (0x019e5fb3) x31 0x00000001
core   0: 0x8000378c (0x00f4aab3) slt     s5, s1, a5
core   0: 3 0x8000378c (0x00f4aab3) x21 0x00000000
core   0: 0x80003790 (0x409a5693) srai    a3, s4, 9
core   0: 3 0x80003790 (0x409a5693) x13 0x0000fd30
core   0: 0x80003794 (0x00ae81b3) add     gp, t4, a0
core   0: 3 0x80003794 (0x00ae81b3) x 3 0x80000000
core   0: 0x80003798 (0x01512d33) slt     s10, sp, s5
core   0: 3 0x80003798 (0x01512d33) x26 0x00000000
core   0: 0x8000379c (0x025dfc33) remu    s8, s11, t0
core   0: 3 0x8000379c (0x025dfc33) x24 0x0021623d
core   0: 0x800037a0 (0x039cb7b3) mulhu   a5, s9, s9
core   0: 3 0x800037a0 (0x039cb7b3) x15 0xfffffffe
core   0: 0x800037a4 (0x0019dc93) srli    s9, s3, 1
core   0: 3 0x800037a4 (0x0019dc93) x25 0x00000000
core   0: 0x800037a8 (0x0107a1b3) slt     gp, a5, a6
core   0: 3 0x800037a8 (0x0107a1b3) x 3 0x00000000
core   0: 0x800037ac (0x0154c233) xor     tp, s1, s5
core   0: 3 0x800037ac (0x0154c233) x 4 0x00000000
core   0: 0x800037b0 (0xafdd0893) addi    a7, s10, -1283
core   0: 3 0x800037b0 (0xafdd0893) x17 0xfffffafd
core   0: 0x800037b4 (0x02a10633) mul     a2, sp, a0
core   0: 3 0x800037b4 (0x02a10633) x12 0x80000000
core   0: 0x800037b8 (0x01820db3) add     s11, tp, s8
core   0: 3 0x800037b8 (0x01820db3) x27 0x0021623d
core   0: 0x800037bc (0x00c103b3) add     t2, sp, a2
core   0: 3 0x800037bc (0x00c103b3) x 7 0x8a680001
core   0: 0x800037c0 (0x01c410b3) sll     ra, s0, t3
core   0: 3 0x800037c0 (0x01c410b3) x 1 0x64800000
core   0: 0x800037c4 (0x03b30d33) mul     s10, t1, s11
core   0: 3 0x800037c4 (0x03b30d33) x26 0x6aa6cd70
core   0: 0x800037c8 (0x00000013) nop
core   0: 3 0x800037c8 (0x00000013)
core   0: 0x800037cc (0x02312cb3) mulhsu  s9, sp, gp
core   0: 3 0x800037cc (0x02312cb3) x25 0x00000000
core   0: 0x800037d0 (0x03b07ab3) remu    s5, zero, s11
core   0: 3 0x800037d0 (0x03b07ab3) x21 0x00000000
core   0: 0x800037d4 (0xd86c73b7) lui     t2, 0xd86c7
core   0: 3 0x800037d4 (0xd86c73b7) x 7 0xd86c7000
core   0: 0x800037d8 (0x400a5893) srai    a7, s4, 0
core   0: 3 0x800037d8 (0x400a5893) x17 0x01fa60a3
core   0: 0x800037dc (0x4061dcb3) sra     s9, gp, t1
core   0: 3 0x800037dc (0x4061dcb3) x25 0x00000000
core   0: 0x800037e0 (0x02a1d933) divu    s2, gp, a0
core   0: 3 0x800037e0 (0x02a1d933) x18 0x00000000
core   0: 0x800037e4 (0xab8b3c13) sltiu   s8, s6, -1352
core   0: 3 0x800037e4 (0xab8b3c13) x24 0x00000001
core   0: 0x800037e8 (0x034c5733) divu    a4, s8, s4
core   0: 3 0x800037e8 (0x034c5733) x14 0x00000000
core   0: 0x800037ec (0x14afb3b7) lui     t2, 0x14afb
core   0: 3 0x800037ec (0x14afb3b7) x 7 0x14afb000
core   0: 0x800037f0 (0x013740b3) xor     ra, a4, s3
core   0: 3 0x800037f0 (0x013740b3) x 1 0x00000000
core   0: 0x800037f4 (0x01bba233) slt     tp, s7, s11
core   0: 3 0x800037f4 (0x01bba233) x 4 0x00000001
core   0: 0x800037f8 (0x02cbebb3) rem     s7, s7, a2
core   0: 3 0x800037f8 (0x02cbebb3) x23 0x00000204
core   0: 0x800037fc (0x400305b3) sub     a1, t1, zero
core   0: 3 0x800037fc (0x400305b3) x11 0x1fa60a30
core   0: 0x80003800 (0x00e725b3) slt     a1, a4, a4
core   0: 3 0x80003800 (0x00e725b3) x11 0x00000000
core   0: 0x80003804 (0x1d4b3a13) sltiu   s4, s6, 468
core   0: 3 0x80003804 (0x1d4b3a13) x20 0x00000000
core   0: 0x80003808 (0x0007a333) slt     t1, a5, zero
core   0: 3 0x80003808 (0x0007a333) x 6 0x00000001
core   0: 0x8000380c (0x001981b3) add     gp, s3, ra
core   0: 3 0x8000380c (0x001981b3) x 3 0x00000000
core   0: 0x80003810 (0x0161b633) sltu    a2, gp, s6
core   0: 3 0x80003810 (0x0161b633) x12 0x00000001
core   0: 0x80003814 (0x02349733) mulh    a4, s1, gp
core   0: 3 0x80003814 (0x02349733) x14 0x00000000
core   0: 0x80003818 (0x03f5d6b3) divu    a3, a1, t6
core   0: 3 0x80003818 (0x03f5d6b3) x13 0x00000000
core   0: 0x8000381c (0x02c036b3) mulhu   a3, zero, a2
core   0: 3 0x8000381c (0x02c036b3) x13 0x00000000
core   0: 0x80003820 (0x5eda2913) slti    s2, s4, 1517
core   0: 3 0x80003820 (0x5eda2913) x18 0x00000001
core   0: 0x80003824 (0x007ad713) srli    a4, s5, 7
core   0: 3 0x80003824 (0x007ad713) x14 0x00000000
core   0: 0x80003828 (0x003e3a33) sltu    s4, t3, gp
core   0: 3 0x80003828 (0x003e3a33) x20 0x00000000
core   0: 0x8000382c (0x00ba8f33) add     t5, s5, a1
core   0: 3 0x8000382c (0x00ba8f33) x30 0x00000000
core   0: 0x80003830 (0x021d5f33) divu    t5, s10, ra
core   0: 3 0x80003830 (0x021d5f33) x30 0xffffffff
core   0: 0x80003834 (0x0014d313) srli    t1, s1, 1
core   0: 3 0x80003834 (0x0014d313) x 6 0x00000000
core   0: 0x80003838 (0x40bb5033) sra     zero, s6, a1
core   0: 3 0x80003838 (0x40bb5033)
core   0: 0x8000383c (0x379ebe13) sltiu   t3, t4, 889
core   0: 3 0x8000383c (0x379ebe13) x28 0x00000001
core   0: 0x80003840 (0xb751c713) xori    a4, gp, -1163
core   0: 3 0x80003840 (0xb751c713) x14 0xfffffb75
core   0: 0x80003844 (0x021a08b3) mul     a7, s4, ra
core   0: 3 0x80003844 (0x021a08b3) x17 0x00000000
core   0: 0x80003848 (0x01e52eb3) slt     t4, a0, t5
core   0: 3 0x80003848 (0x01e52eb3) x29 0x00000001
core   0: 0x8000384c (0x9dc7bb93) sltiu   s7, a5, -1572
core   0: 3 0x8000384c (0x9dc7bb93) x23 0x00000000
core   0: 0x80003850 (0x13656c93) ori     s9, a0, 310
core   0: 3 0x80003850 (0x13656c93) x25 0x80000136
core   0: 0x80003854 (0xc978ca13) xori    s4, a7, -873
core   0: 3 0x80003854 (0xc978ca13) x20 0xfffffc97
core   0: 0x80003858 (0x00729613) slli    a2, t0, 7
core   0: 3 0x80003858 (0x00729613) x12 0xfd305180
core   0: 0x8000385c (0x3ded7693) andi    a3, s10, 990
core   0: 3 0x8000385c (0x3ded7693) x13 0x00000150
core   0: 0x80003860 (0x01926633) or      a2, tp, s9
core   0: 3 0x80003860 (0x01926633) x12 0x80000137
core   0: 0x80003864 (0x03110933) mul     s2, sp, a7
core   0: 3 0x80003864 (0x03110933) x18 0x00000000
core   0: 0x80003868 (0x01272fb3) slt     t6, a4, s2
core   0: 3 0x80003868 (0x01272fb3) x31 0x00000001
core   0: 0x8000386c (0x01f82233) slt     tp, a6, t6
core   0: 3 0x8000386c (0x01f82233) x 4 0x00000001
core   0: 0x80003870 (0x00bd1133) sll     sp, s10, a1
core   0: 3 0x80003870 (0x00bd1133) x 2 0x6aa6cd70
core   0: 0x80003874 (0x018b7733) and     a4, s6, s8
core   0: 3 0x80003874 (0x018b7733) x14 0x00000000
core   0: 0x80003878 (0x02e2e4b3) rem     s1, t0, a4
core   0: 3 0x80003878 (0x02e2e4b3) x 9 0x01fa60a3
core   0: 0x8000387c (0x440c5b97) auipc   s7, 0x440c5
core   0: 3 0x8000387c (0x440c5b97) x23 0xc40c887c
core   0: 0x80003880 (0x41a2d093) srai    ra, t0, 26
core   0: 3 0x80003880 (0x41a2d093) x 1 0x00000000
core   0: 0x80003884 (0x9def3613) sltiu   a2, t5, -1570
core   0: 3 0x80003884 (0x9def3613) x12 0x00000000
core   0: 0x80003888 (0x007fb033) sltu    zero, t6, t2
core   0: 3 0x80003888 (0x007fb033)
core   0: 0x8000388c (0x009557b3) srl     a5, a0, s1
core   0: 3 0x8000388c (0x009557b3) x15 0x10000000
core   0: 0x80003890 (0x65d58293) addi    t0, a1, 1629
core   0: 3 0x80003890 (0x65d58293) x 5 0x0000065d
core   0: 0x80003894 (0x02a7c1b3) div     gp, a5, a0
core   0: 3 0x80003894 (0x02a7c1b3) x 3 0x00000000
core   0: 0x80003898 (0x66b72613) slti    a2, a4, 1643
core   0: 3 0x80003898 (0x66b72613) x12 0x00000001
core   0: 0x8000389c (0xf382fa13) andi    s4, t0, -200
core   0: 3 0x8000389c (0xf382fa13) x20 0x00000618
core   0: 0x800038a0 (0x00000013) nop
core   0: 3 0x800038a0 (0x00000013)
core   0: 0x800038a4 (0x012de333) or      t1, s11, s2
core   0: 3 0x800038a4 (0x012de333) x 6 0x0021623d
core   0: 0x800038a8 (0x02426a33) rem     s4, tp, tp
core   0: 3 0x800038a8 (0x02426a33) x20 0x00000000
core   0: 0x800038ac (0x00b49e13) slli    t3, s1, 11
core   0: 3 0x800038ac (0x00b49e13) x28 0xd3051800
core   0: 0x800038b0 (0x03d44433) div     s0, s0, t4
core   0: 3 0x800038b0 (0x03d44433) x 8 0xfba802c9
core   0: 0x800038b4 (0x43bd3213) sltiu   tp, s10, 1083
core   0: 3 0x800038b4 (0x43bd3213) x 4 0x00000000
core   0: 0x800038b8 (0x016537b3) sltu    a5, a0, s6
core   0: 3 0x800038b8 (0x016537b3) x15 0x00000001
core   0: 0x800038bc (0x300fe613) ori     a2, t6, 768
core   0: 3 0x800038bc (0x300fe613) x12 0x00000301
core   0: 0x800038c0 (0x0379cf33) div     t5, s3, s7
core   0: 3 0x800038c0 (0x0379cf33) x30 0x00000000
core   0: 0x800038c4 (0x01b9d633) srl     a2, s3, s11
core   0: 3 0x800038c4 (0x01b9d633) x12 0x00000000
core   0: 0x800038c8 (0x01215e33) srl     t3, sp, s2
core   0: 3 0x800038c8 (0x01215e33) x28 0x6aa6cd70
core   0: 0x800038cc (0x03e3ccb3) div     s9, t2, t5
core   0: 3 0x800038cc (0x03e3ccb3) x25 0xffffffff
core   0: 0x800038d0 (0xc1ca6893) ori     a7, s4, -996
core   0: 3 0x800038d0 (0xc1ca6893) x17 0xfffffc1c
core   0: 0x800038d4 (0x01bc07b3) add     a5, s8, s11
core   0: 3 0x800038d4 (0x01bc07b3) x15 0x0021623e
core   0: 0x800038d8 (0x01cc2033) slt     zero, s8, t3
core   0: 3 0x800038d8 (0x01cc2033)
core   0: 0x800038dc (0x0369fd33) remu    s10, s3, s6
core   0: 3 0x800038dc (0x0369fd33) x26 0x00000000
core   0: 0x800038e0 (0x03549133) mulh    sp, s1, s5
core   0: 3 0x800038e0 (0x03549133) x 2 0x00000000
core   0: 0x800038e4 (0x03c353b3) divu    t2, t1, t3
core   0: 3 0x800038e4 (0x03c353b3) x 7 0x00000000
core   0: 0x800038e8 (0x4a136713) ori     a4, t1, 1185
core   0: 3 0x800038e8 (0x4a136713) x14 0x002166bd
core   0: 0x800038ec (0x015b68b3) or      a7, s6, s5
core   0: 3 0x800038ec (0x015b68b3) x17 0x80014e64
core   0: 0x800038f0 (0x40d48eb3) sub     t4, s1, a3
core   0: 3 0x800038f0 (0x40d48eb3) x29 0x01fa5f53
core   0: 0x800038f4 (0x00c446b3) xor     a3, s0, a2
core   0: 3 0x800038f4 (0x00c446b3) x13 0xfba802c9
core   0: 0x800038f8 (0x00f198b3) sll     a7, gp, a5
core   0: 3 0x800038f8 (0x00f198b3) x17 0x00000000
core   0: 0x800038fc (0x017ab6b3) sltu    a3, s5, s7
core   0: 3 0x800038fc (0x017ab6b3) x13 0x00000001
core   0: 0x80003900 (0x6e462693) slti    a3, a2, 1764
core   0: 3 0x80003900 (0x6e462693) x13 0x00000001
core   0: 0x80003904 (0x8886f717) auipc   a4, 0x8886f
core   0: 3 0x80003904 (0x8886f717) x14 0x08872904
core   0: 0x80003908 (0x00bdda93) srli    s5, s11, 11
core   0: 3 0x80003908 (0x00bdda93) x21 0x0000042c
core   0: 0x8000390c (0xa264e413) ori     s0, s1, -1498
core   0: 3 0x8000390c (0xa264e413) x 8 0xfffffaa7
core   0: 0x80003910 (0x00e236b3) sltu    a3, tp, a4
core   0: 3 0x80003910 (0x00e236b3) x13 0x00000001
core   0: 0x80003914 (0x0129fd33) and     s10, s3, s2
core   0: 3 0x80003914 (0x0129fd33) x26 0x00000000
core   0: 0x80003918 (0x414fd713) srai    a4, t6, 20
core   0: 3 0x80003918 (0x414fd713) x14 0x00000000
core   0: 0x8000391c (0x01cc3ab3) sltu    s5, s8, t3
core   0: 3 0x8000391c (0x01cc3ab3) x21 0x00000001
core   0: 0x80003920 (0x02ca1d33) mulh    s10, s4, a2
core   0: 3 0x80003920 (0x02ca1d33) x26 0x00000000
core   0: 0x80003924 (0x013985b3) add     a1, s3, s3
core   0: 3 0x80003924 (0x013985b3) x11 0x00000000
core   0: 0x80003928 (0x02cced33) rem     s10, s9, a2
core   0: 3 0x80003928 (0x02cced33) x26 0xffffffff
core   0: 0x8000392c (0x007c0633) add     a2, s8, t2
core   0: 3 0x8000392c (0x007c0633) x12 0x00000001
core   0: 0x80003930 (0xffcd7013) andi    zero, s10, -4
core   0: 3 0x80003930 (0xffcd7013)
core   0: 0x80003934 (0x01819d93) slli    s11, gp, 24
core   0: 3 0x80003934 (0x01819d93) x27 0x00000000
core   0: 0x80003938 (0x02e23eb3) mulhu   t4, tp, a4
core   0: 3 0x80003938 (0x02e23eb3) x29 0x00000000
core   0: 0x8000393c (0x00ad8e33) add     t3, s11, a0
core   0: 3 0x8000393c (0x00ad8e33) x28 0x80000000
core   0: 0x80003940 (0x03a6ec33) rem     s8, a3, s10
core   0: 3 0x80003940 (0x03a6ec33) x24 0x00000000
core   0: 0x80003944 (0x02e36d33) rem     s10, t1, a4
core   0: 3 0x80003944 (0x02e36d33) x26 0x0021623d
core   0: 0x80003948 (0x008325b3) slt     a1, t1, s0
core   0: 3 0x80003948 (0x008325b3) x11 0x00000000
core   0: 0x8000394c (0x021a5bb3) divu    s7, s4, ra
core   0: 3 0x8000394c (0x021a5bb3) x23 0xffffffff
core   0: 0x80003950 (0xeb757a13) andi    s4, a0, -329
core   0: 3 0x80003950 (0xeb757a13) x20 0x80000000
core   0: 0x80003954 (0x40778cb3) sub     s9, a5, t2
core   0: 3 0x80003954 (0x40778cb3) x25 0x0021623e
core   0: 0x80003958 (0x02e7af33) mulhsu  t5, a5, a4
core   0: 3 0x80003958 (0x02e7af33) x30 0x00000000
core   0: 0x8000395c (0x015f5b93) srli    s7, t5, 21
core   0: 3 0x8000395c (0x015f5b93) x23 0x00000000
core   0: 0x80003960 (0x01c92c33) slt     s8, s2, t3
core   0: 3 0x80003960 (0x01c92c33) x24 0x00000000
core   0: 0x80003964 (0xc8113c13) sltiu   s8, sp, -895
core   0: 3 0x80003964 (0xc8113c13) x24 0x00000001
core   0: 0x80003968 (0xfdf587b7) lui     a5, 0xfdf58
core   0: 3 0x80003968 (0xfdf587b7) x15 0xfdf58000
core   0: 0x8000396c (0x02dfbdb3) mulhu   s11, t6, a3
core   0: 3 0x8000396c (0x02dfbdb3) x27 0x00000000
core   0: 0x80003970 (0x014f0f33) add     t5, t5, s4
core   0: 3 0x80003970 (0x014f0f33) x30 0x80000000
core   0: 0x80003974 (0xd92caf13) slti    t5, s9, -622
core   0: 3 0x80003974 (0xd92caf13) x30 0x00000000
core   0: 0x80003978 (0x03fd43b3) div     t2, s10, t6
core   0: 3 0x80003978 (0x03fd43b3) x 7 0x0021623d
core   0: 0x8000397c (0x0098aa33) slt     s4, a7, s1
core   0: 3 0x8000397c (0x0098aa33) x20 0x00000001
core   0: 0x80003980 (0xe0294993) xori    s3, s2, -510
core   0: 3 0x80003980 (0xe0294993) x19 0xfffffe02
core   0: 0x80003984 (0xc60cc593) xori    a1, s9, -928
core   0: 3 0x80003984 (0xc60cc593) x11 0xffde9e5e
core   0: 0x80003988 (0x011a4733) xor     a4, s4, a7
core   0: 3 0x80003988 (0x011a4733) x14 0x00000001
core   0: 0x8000398c (0x8fa26393) ori     t2, tp, -1798
core   0: 3 0x8000398c (0x8fa26393) x 7 0xfffff8fa
core   0: 0x80003990 (0x28db6013) ori     zero, s6, 653
core   0: 3 0x80003990 (0x28db6013)
core   0: 0x80003994 (0x00255e33) srl     t3, a0, sp
core   0: 3 0x80003994 (0x00255e33) x28 0x80000000
core   0: 0x80003998 (0x02b9ffb3) remu    t6, s3, a1
core   0: 3 0x80003998 (0x02b9ffb3) x31 0x00215fa4
core   0: 0x8000399c (0x00bc0e33) add     t3, s8, a1
core   0: 3 0x8000399c (0x00bc0e33) x28 0xffde9e5f
core   0: 0x800039a0 (0x72af1937) lui     s2, 0x72af1
core   0: 3 0x800039a0 (0x72af1937) x18 0x72af1000
core   0: 0x800039a4 (0x0071d933) srl     s2, gp, t2
core   0: 3 0x800039a4 (0x0071d933) x18 0x00000000
core   0: 0x800039a8 (0x5f51e237) lui     tp, 0x5f51e
core   0: 3 0x800039a8 (0x5f51e237) x 4 0x5f51e000
core   0: 0x800039ac (0x037b6eb3) rem     t4, s6, s7
core   0: 3 0x800039ac (0x037b6eb3) x29 0x80014e64
core   0: 0x800039b0 (0x03a3e4b3) rem     s1, t2, s10
core   0: 3 0x800039b0 (0x03a3e4b3) x 9 0xfffff8fa
core   0: 0x800039b4 (0xeede1797) auipc   a5, 0xeede1
core   0: 3 0x800039b4 (0xeede1797) x15 0x6ede49b4
core   0: 0x800039b8 (0x00000013) nop
core   0: 3 0x800039b8 (0x00000013)
core   0: 0x800039bc (0x00000013) nop
core   0: 3 0x800039bc (0x00000013)
core   0: 0x800039c0 (0x00761113) slli    sp, a2, 7
core   0: 3 0x800039c0 (0x00761113) x 2 0x00000080
core   0: 0x800039c4 (0xac17af93) slti    t6, a5, -1343
core   0: 3 0x800039c4 (0xac17af93) x31 0x00000000
core   0: 0x800039c8 (0xf7f6fa97) auipc   s5, 0xf7f6f
core   0: 3 0x800039c8 (0xf7f6fa97) x21 0x77f729c8
core   0: 0x800039cc (0x023e71b3) remu    gp, t3, gp
core   0: 3 0x800039cc (0x023e71b3) x 3 0xffde9e5f
core   0: 0x800039d0 (0x00000013) nop
core   0: 3 0x800039d0 (0x00000013)
core   0: 0x800039d4 (0x033a4db3) div     s11, s4, s3
core   0: 3 0x800039d4 (0x033a4db3) x27 0x00000000
core   0: 0x800039d8 (0x03730e33) mul     t3, t1, s7
core   0: 3 0x800039d8 (0x03730e33) x28 0x00000000
core   0: 0x800039dc (0xf667c393) xori    t2, a5, -154
core   0: 3 0x800039dc (0xf667c393) x 7 0x9121b6d2
core   0: 0x800039e0 (0x02b07d33) remu    s10, zero, a1
core   0: 3 0x800039e0 (0x02b07d33) x26 0x00000000
core   0: 0x800039e4 (0x3052cf13) xori    t5, t0, 773
core   0: 3 0x800039e4 (0x3052cf13) x30 0x00000558
core   0: 0x800039e8 (0x018dd593) srli    a1, s11, 24
core   0: 3 0x800039e8 (0x018dd593) x11 0x00000000
core   0: 0x800039ec (0x026c31b3) mulhu   gp, s8, t1
core   0: 3 0x800039ec (0x026c31b3) x 3 0x00000000
core   0: 0x800039f0 (0x2c34fd13) andi    s10, s1, 707
core   0: 3 0x800039f0 (0x2c34fd13) x26 0x000000c2
core   0: 0x800039f4 (0x00000013) nop
core   0: 3 0x800039f4 (0x00000013)
core   0: 0x800039f8 (0x40775493) srai    s1, a4, 7
core   0: 3 0x800039f8 (0x40775493) x 9 0x00000000
core   0: 0x800039fc (0x0364ed33) rem     s10, s1, s6
core   0: 3 0x800039fc (0x0364ed33) x26 0x00000000
core   0: 0x80003a00 (0x0179da13) srli    s4, s3, 23
core   0: 3 0x80003a00 (0x0179da13) x20 0x000001ff
core   0: 0x80003a04 (0x3a090037) lui     zero, 0x3a090
core   0: 3 0x80003a04 (0x3a090037)
core   0: 0x80003a08 (0x01e7c1b3) xor     gp, a5, t5
core   0: 3 0x80003a08 (0x01e7c1b3) x 3 0x6ede4cec
core   0: 0x80003a0c (0x40e15033) sra     zero, sp, a4
core   0: 3 0x80003a0c (0x40e15033)
core   0: 0x80003a10 (0x036145b3) div     a1, sp, s6
core   0: 3 0x80003a10 (0x036145b3) x11 0x00000000
core   0: 0x80003a14 (0x023a7433) remu    s0, s4, gp
core   0: 3 0x80003a14 (0x023a7433) x 8 0x000001ff
core   0: 0x80003a18 (0x01d312b3) sll     t0, t1, t4
core   0: 3 0x80003a18 (0x01d312b3) x 5 0x021623d0
core   0: 0x80003a1c (0x031cf933) remu    s2, s9, a7
core   0: 3 0x80003a1c (0x031cf933) x18 0x0021623e
core   0: 0x80003a20 (0x037661b3) rem     gp, a2, s7
core   0: 3 0x80003a20 (0x037661b3) x 3 0x00000001
core   0: 0x80003a24 (0x2cf06793) ori     a5, zero, 719
core   0: 3 0x80003a24 (0x2cf06793) x15 0x000002cf
core   0: 0x80003a28 (0x00ff5c93) srli    s9, t5, 15
core   0: 3 0x80003a28 (0x00ff5c93) x25 0x00000000
core   0: 0x80003a2c (0x00435713) srli    a4, t1, 4
core   0: 3 0x80003a2c (0x00435713) x14 0x00021623
core   0: 0x80003a30 (0x01386db3) or      s11, a6, s3
core   0: 3 0x80003a30 (0x01386db3) x27 0xfffffee6
core   0: 0x80003a34 (0x021a6cb3) rem     s9, s4, ra
core   0: 3 0x80003a34 (0x021a6cb3) x25 0x000001ff
core   0: 0x80003a38 (0xd271e493) ori     s1, gp, -729
core   0: 3 0x80003a38 (0xd271e493) x 9 0xfffffd27
core   0: 0x80003a3c (0x020b5933) divu    s2, s6, zero
core   0: 3 0x80003a3c (0x020b5933) x18 0xffffffff
core   0: 0x80003a40 (0x5e88c897) auipc   a7, 0x5e88c
core   0: 3 0x80003a40 (0x5e88c897) x17 0xde88fa40
core   0: 0x80003a44 (0x40fd8d33) sub     s10, s11, a5
core   0: 3 0x80003a44 (0x40fd8d33) x26 0xfffffc17
core   0: 0x80003a48 (0x00d760b3) or      ra, a4, a3
core   0: 3 0x80003a48 (0x00d760b3) x 1 0x00021623
core   0: 0x80003a4c (0x21a27f13) andi    t5, tp, 538
core   0: 3 0x80003a4c (0x21a27f13) x30 0x00000000
core   0: 0x80003a50 (0x001a4bb3) xor     s7, s4, ra
core   0: 3 0x80003a50 (0x001a4bb3) x23 0x000217dc
core   0: 0x80003a54 (0x0186dbb3) srl     s7, a3, s8
core   0: 3 0x80003a54 (0x0186dbb3) x23 0x00000000
core   0: 0x80003a58 (0x02acea33) rem     s4, s9, a0
core   0: 3 0x80003a58 (0x02acea33) x20 0x000001ff
core   0: 0x80003a5c (0x0104fab3) and     s5, s1, a6
core   0: 3 0x80003a5c (0x0104fab3) x21 0x80018c24
core   0: 0x80003a60 (0x4a174893) xori    a7, a4, 1185
core   0: 3 0x80003a60 (0x4a174893) x17 0x00021282
core   0: 0x80003a64 (0x7e79b013) sltiu   zero, s3, 2023
core   0: 3 0x80003a64 (0x7e79b013)
core   0: 0x80003a68 (0x00000013) nop
core   0: 3 0x80003a68 (0x00000013)
core   0: 0x80003a6c (0xb1f53fb7) lui     t6, 0xb1f53
core   0: 3 0x80003a6c (0xb1f53fb7) x31 0xb1f53000
core   0: 0x80003a70 (0x039cb933) mulhu   s2, s9, s9
core   0: 3 0x80003a70 (0x039cb933) x18 0x00000000
core   0: 0x80003a74 (0x03078a33) mul     s4, a5, a6
core   0: 3 0x80003a74 (0x03078a33) x20 0x845ab45c
core   0: 0x80003a78 (0x02269e33) mulh    t3, a3, sp
core   0: 3 0x80003a78 (0x02269e33) x28 0x00000000
core   0: 0x80003a7c (0x02c02133) mulhsu  sp, zero, a2
core   0: 3 0x80003a7c (0x02c02133) x 2 0x00000000
core   0: 0x80003a80 (0x015ae4b3) or      s1, s5, s5
core   0: 3 0x80003a80 (0x015ae4b3) x 9 0x80018c24
core   0: 0x80003a84 (0x002d9233) sll     tp, s11, sp
core   0: 3 0x80003a84 (0x002d9233) x 4 0xfffffee6
core   0: 0x80003a88 (0x021f5633) divu    a2, t5, ra
core   0: 3 0x80003a88 (0x021f5633) x12 0x00000000
core   0: 0x80003a8c (0x038c52b3) divu    t0, s8, s8
core   0: 3 0x80003a8c (0x038c52b3) x 5 0x00000001
core   0: 0x80003a90 (0x01b6dc33) srl     s8, a3, s11
core   0: 3 0x80003a90 (0x01b6dc33) x24 0x00000000
core   0: 0x80003a94 (0x003c9033) sll     zero, s9, gp
core   0: 3 0x80003a94 (0x003c9033)
core   0: 0x80003a98 (0x019c8fb3) add     t6, s9, s9
core   0: 3 0x80003a98 (0x019c8fb3) x31 0x000003fe
core   0: 0x80003a9c (0x0bd10e13) addi    t3, sp, 189
core   0: 3 0x80003a9c (0x0bd10e13) x28 0x000000bd
core   0: 0x80003aa0 (0x036b95b3) mulh    a1, s7, s6
core   0: 3 0x80003aa0 (0x036b95b3) x11 0x00000000
core   0: 0x80003aa4 (0x01535433) srl     s0, t1, s5
core   0: 3 0x80003aa4 (0x01535433) x 8 0x00021623
core   0: 0x80003aa8 (0x41fc5eb3) sra     t4, s8, t6
core   0: 3 0x80003aa8 (0x41fc5eb3) x29 0x00000000
core   0: 0x80003aac (0x8e9fc793) xori    a5, t6, -1815
core   0: 3 0x80003aac (0x8e9fc793) x15 0xfffffb17
core   0: 0x80003ab0 (0xd7b4aa93) slti    s5, s1, -645
core   0: 3 0x80003ab0 (0xd7b4aa93) x21 0x00000001
core   0: 0x80003ab4 (0x01a73e33) sltu    t3, a4, s10
core   0: 3 0x80003ab4 (0x01a73e33) x28 0x00000001
core   0: 0x80003ab8 (0x02b0a1b3) mulhsu  gp, ra, a1
core   0: 3 0x80003ab8 (0x02b0a1b3) x 3 0x00000000
core   0: 0x80003abc (0x7ec82613) slti    a2, a6, 2028
core   0: 3 0x80003abc (0x7ec82613) x12 0x00000001
core   0: 0x80003ac0 (0x41275413) srai    s0, a4, 18
core   0: 3 0x80003ac0 (0x41275413) x 8 0x00000000
core   0: 0x80003ac4 (0x0202f0b3) remu    ra, t0, zero
core   0: 3 0x80003ac4 (0x0202f0b3) x 1 0x00000001
core   0: 0x80003ac8 (0x02000733) mul     a4, zero, zero
core   0: 3 0x80003ac8 (0x02000733) x14 0x00000000
core   0: 0x80003acc (0x40765033) sra     zero, a2, t2
core   0: 3 0x80003acc (0x40765033)
core   0: 0x80003ad0 (0x037ef933) remu    s2, t4, s7
core   0: 3 0x80003ad0 (0x037ef933) x18 0x00000000
core   0: 0x80003ad4 (0x0163f333) and     t1, t2, s6
core   0: 3 0x80003ad4 (0x0163f333) x 6 0x80010640
core   0: 0x80003ad8 (0x4ab9bc97) auipc   s9, 0x4ab9b
core   0: 3 0x80003ad8 (0x4ab9bc97) x25 0xcab9ead8
core   0: 0x80003adc (0x035e52b3) divu    t0, t3, s5
core   0: 3 0x80003adc (0x035e52b3) x 5 0x00000001
core   0: 0x80003ae0 (0x001ea0b3) slt     ra, t4, ra
core   0: 3 0x80003ae0 (0x001ea0b3) x 1 0x00000001
core   0: 0x80003ae4 (0x018388b3) add     a7, t2, s8
core   0: 3 0x80003ae4 (0x018388b3) x17 0x9121b6d2
core   0: 0x80003ae8 (0xc4dac693) xori    a3, s5, -947
core   0: 3 0x80003ae8 (0xc4dac693) x13 0xfffffc4c
core   0: 0x80003aec (0xcba1bd93) sltiu   s11, gp, -838
core   0: 3 0x80003aec (0xcba1bd93) x27 0x00000001
core   0: 0x80003af0 (0x02724933) div     s2, tp, t2
core   0: 3 0x80003af0 (0x02724933) x18 0x00000000
core   0: 0x80003af4 (0x019d5733) srl     a4, s10, s9
core   0: 3 0x80003af4 (0x019d5733) x14 0x000000ff
core   0: 0x80003af8 (0x4050d433) sra     s0, ra, t0
core   0: 3 0x80003af8 (0x4050d433) x 8 0x00000000
core   0: 0x80003afc (0x88820f93) addi    t6, tp, -1912
core   0: 3 0x80003afc (0x88820f93) x31 0xfffff76e
core   0: 0x80003b00 (0x01de5333) srl     t1, t3, t4
core   0: 3 0x80003b00 (0x01de5333) x 6 0x00000001
core   0: 0x80003b04 (0xfd42a393) slti    t2, t0, -44
core   0: 3 0x80003b04 (0xfd42a393) x 7 0x00000000
core   0: 0x80003b08 (0x02d26ab3) rem     s5, tp, a3
core   0: 3 0x80003b08 (0x02d26ab3) x21 0xfffffee6
core   0: 0x80003b0c (0x02b2ed33) rem     s10, t0, a1
core   0: 3 0x80003b0c (0x02b2ed33) x26 0x00000001
core   0: 0x80003b10 (0x01eae1b3) or      gp, s5, t5
core   0: 3 0x80003b10 (0x01eae1b3) x 3 0xfffffee6
core   0: 0x80003b14 (0xb328fc13) andi    s8, a7, -1230
core   0: 3 0x80003b14 (0xb328fc13) x24 0x9121b212
core   0: 0x80003b18 (0x4029d133) sra     sp, s3, sp
core   0: 3 0x80003b18 (0x4029d133) x 2 0xfffffe02
core   0: 0x80003b1c (0x003084b3) add     s1, ra, gp
core   0: 3 0x80003b1c (0x003084b3) x 9 0xfffffee7
core   0: 0x80003b20 (0x36984217) auipc   tp, 0x36984
core   0: 3 0x80003b20 (0x36984217) x 4 0xb6987b20
core   0: 0x80003b24 (0x6d8be917) auipc   s2, 0x6d8be
core   0: 3 0x80003b24 (0x6d8be917) x18 0xed8c1b24
core   0: 0x80003b28 (0x00bf14b3) sll     s1, t5, a1
core   0: 3 0x80003b28 (0x00bf14b3) x 9 0x00000000
core   0: 0x80003b2c (0x02e1a5b3) mulhsu  a1, gp, a4
core   0: 3 0x80003b2c (0x02e1a5b3) x11 0xffffffff
core   0: 0x80003b30 (0x036149b3) div     s3, sp, s6
core   0: 3 0x80003b30 (0x036149b3) x19 0x00000000
core   0: 0x80003b34 (0x77e5c597) auipc   a1, 0x77e5c
core   0: 3 0x80003b34 (0x77e5c597) x11 0xf7e5fb34
core   0: 0x80003b38 (0x015fd033) srl     zero, t6, s5
core   0: 3 0x80003b38 (0x015fd033)
core   0: 0x80003b3c (0x475fb237) lui     tp, 0x475fb
core   0: 3 0x80003b3c (0x475fb237) x 4 0x475fb000
core   0: 0x80003b40 (0x02b1c8b3) div     a7, gp, a1
core   0: 3 0x80003b40 (0x02b1c8b3) x17 0x00000000
core   0: 0x80003b44 (0x02655db3) divu    s11, a0, t1
core   0: 3 0x80003b44 (0x02655db3) x27 0x80000000
core   0: 0x80003b48 (0x03667133) remu    sp, a2, s6
core   0: 3 0x80003b48 (0x03667133) x 2 0x00000001
core   0: 0x80003b4c (0x462e4713) xori    a4, t3, 1122
core   0: 3 0x80003b4c (0x462e4713) x14 0x00000463
core   0: 0x80003b50 (0xe5e659b7) lui     s3, 0xe5e65
core   0: 3 0x80003b50 (0xe5e659b7) x19 0xe5e65000
core   0: 0x80003b54 (0x8dd9b393) sltiu   t2, s3, -1827
core   0: 3 0x80003b54 (0x8dd9b393) x 7 0x00000001
core   0: 0x80003b58 (0x02dbd3b3) divu    t2, s7, a3
core   0: 3 0x80003b58 (0x02dbd3b3) x 7 0x00000000
core   0: 0x80003b5c (0x00000013) nop
core   0: 3 0x80003b5c (0x00000013)
core   0: 0x80003b60 (0x014a91b3) sll     gp, s5, s4
core   0: 3 0x80003b60 (0x014a91b3) x 3 0x60000000
core   0: 0x80003b64 (0x00000013) nop
core   0: 3 0x80003b64 (0x00000013)
core   0: 0x80003b68 (0xdc2b2993) slti    s3, s6, -574
core   0: 3 0x80003b68 (0xdc2b2993) x19 0x00000001
core   0: 0x80003b6c (0x02bdea33) rem     s4, s11, a1
core   0: 3 0x80003b6c (0x02bdea33) x20 0xf98647f4
core   0: 0x80003b70 (0x89c1f893) andi    a7, gp, -1892
core   0: 3 0x80003b70 (0x89c1f893) x17 0x60000000
core   0: 0x80003b74 (0x8ebbfd13) andi    s10, s7, -1813
core   0: 3 0x80003b74 (0x8ebbfd13) x26 0x00000000
core   0: 0x80003b78 (0x419a8c33) sub     s8, s5, s9
core   0: 3 0x80003b78 (0x419a8c33) x24 0x3546140e
core   0: 0x80003b7c (0x69faf393) andi    t2, s5, 1695
core   0: 3 0x80003b7c (0x69faf393) x 7 0x00000686
core   0: 0x80003b80 (0x030dcfb3) div     t6, s11, a6
core   0: 3 0x80003b80 (0x030dcfb3) x31 0x00000001
core   0: 0x80003b84 (0x412bdfb3) sra     t6, s7, s2
core   0: 3 0x80003b84 (0x412bdfb3) x31 0x00000000
core   0: 0x80003b88 (0x85d35937) lui     s2, 0x85d35
core   0: 3 0x80003b88 (0x85d35937) x18 0x85d35000
core   0: 0x80003b8c (0x031e8bb3) mul     s7, t4, a7
core   0: 3 0x80003b8c (0x031e8bb3) x23 0x00000000
core   0: 0x80003b90 (0x1c3650b7) lui     ra, 0x1c365
core   0: 3 0x80003b90 (0x1c3650b7) x 1 0x1c365000
core   0: 0x80003b94 (0x16b30a37) lui     s4, 0x16b30
core   0: 3 0x80003b94 (0x16b30a37) x20 0x16b30000
core   0: 0x80003b98 (0x0143ea33) or      s4, t2, s4
core   0: 3 0x80003b98 (0x0143ea33) x20 0x16b30686
core   0: 0x80003b9c (0x009382b3) add     t0, t2, s1
core   0: 3 0x80003b9c (0x009382b3) x 5 0x00000686
core   0: 0x80003ba0 (0x00000013) nop
core   0: 3 0x80003ba0 (0x00000013)
core   0: 0x80003ba4 (0x0397fd33) remu    s10, a5, s9
core   0: 3 0x80003ba4 (0x0397fd33) x26 0x3546103f
core   0: 0x80003ba8 (0x2d904713) xori    a4, zero, 729
core   0: 3 0x80003ba8 (0x2d904713) x14 0x000002d9
core   0: 0x80003bac (0x88f9ea37) lui     s4, 0x88f9e
core   0: 3 0x80003bac (0x88f9ea37) x20 0x88f9e000
core   0: 0x80003bb0 (0x03ab2f33) mulhsu  t5, s6, s10
core   0: 3 0x80003bb0 (0x03ab2f33) x30 0xe55d3d76
core   0: 0x80003bb4 (0x00798db3) add     s11, s3, t2
core   0: 3 0x80003bb4 (0x00798db3) x27 0x00000687
core   0: 0x80003bb8 (0x01363cb3) sltu    s9, a2, s3
core   0: 3 0x80003bb8 (0x01363cb3) x25 0x00000000
core   0: 0x80003bbc (0x0300fd33) remu    s10, ra, a6
core   0: 3 0x80003bbc (0x0300fd33) x26 0x1c365000
core   0: 0x80003bc0 (0x01911093) slli    ra, sp, 25
core   0: 3 0x80003bc0 (0x01911093) x 1 0x02000000
core   0: 0x80003bc4 (0x00580233) add     tp, a6, t0
core   0: 3 0x80003bc4 (0x00580233) x 4 0x8001936a
core   0: 0x80003bc8 (0x0154d7b3) srl     a5, s1, s5
core   0: 3 0x80003bc8 (0x0154d7b3) x15 0x00000000
core   0: 0x80003bcc (0x7af70113) addi    sp, a4, 1967
core   0: 3 0x80003bcc (0x7af70113) x 2 0x00000a88
core   0: 0x80003bd0 (0x00970cb3) add     s9, a4, s1
core   0: 3 0x80003bd0 (0x00970cb3) x25 0x000002d9
core   0: 0x80003bd4 (0x018d3c33) sltu    s8, s10, s8
core   0: 3 0x80003bd4 (0x018d3c33) x24 0x00000001
core   0: 0x80003bd8 (0x005e5493) srli    s1, t3, 5
core   0: 3 0x80003bd8 (0x005e5493) x 9 0x00000000
core   0: 0x80003bdc (0x02ae2933) mulhsu  s2, t3, a0
core   0: 3 0x80003bdc (0x02ae2933) x18 0x00000000
core   0: 0x80003be0 (0x08cfc293) xori    t0, t6, 140
core   0: 3 0x80003be0 (0x08cfc293) x 5 0x0000008c
core   0: 0x80003be4 (0x010f8933) add     s2, t6, a6
core   0: 3 0x80003be4 (0x010f8933) x18 0x80018ce4
core   0: 0x80003be8 (0x02fb8fb3) mul     t6, s7, a5
core   0: 3 0x80003be8 (0x02fb8fb3) x31 0x00000000
core   0: 0x80003bec (0x015502b3) add     t0, a0, s5
core   0: 3 0x80003bec (0x015502b3) x 5 0x7ffffee6
core   0: 0x80003bf0 (0x01429033) sll     zero, t0, s4
core   0: 3 0x80003bf0 (0x01429033)
core   0: 0x80003bf4 (0x016b0c33) add     s8, s6, s6
core   0: 3 0x80003bf4 (0x016b0c33) x24 0x00029cc8
core   0: 0x80003bf8 (0x013ac633) xor     a2, s5, s3
core   0: 3 0x80003bf8 (0x013ac633) x12 0xfffffee7
core   0: 0x80003bfc (0x0161eeb3) or      t4, gp, s6
core   0: 3 0x80003bfc (0x0161eeb3) x29 0xe0014e64
core   0: 0x80003c00 (0x0045ccb3) xor     s9, a1, tp
core   0: 3 0x80003c00 (0x0045ccb3) x25 0x77e4685e
core   0: 0x80003c04 (0x015ab7b3) sltu    a5, s5, s5
core   0: 3 0x80003c04 (0x015ab7b3) x15 0x00000000
core   0: 0x80003c08 (0x54c34113) xori    sp, t1, 1356
core   0: 3 0x80003c08 (0x54c34113) x 2 0x0000054d
core   0: 0x80003c0c (0x036829b3) mulhsu  s3, a6, s6
core   0: 3 0x80003c0c (0x036829b3) x19 0xc0001f42
core   0: 0x80003c10 (0x40397093) andi    ra, s2, 1027
core   0: 3 0x80003c10 (0x40397093) x 1 0x00000400
core   0: 0x80003c14 (0x000843b3) xor     t2, a6, zero
core   0: 3 0x80003c14 (0x000843b3) x 7 0x80018ce4
core   0: 0x80003c18 (0x0321a7b3) mulhsu  a5, gp, s2
core   0: 3 0x80003c18 (0x0321a7b3) x15 0x300094d5
core   0: 0x80003c1c (0x02863633) mulhu   a2, a2, s0
core   0: 3 0x80003c1c (0x02863633) x12 0x00000000
core   0: 0x80003c20 (0x00313433) sltu    s0, sp, gp
core   0: 3 0x80003c20 (0x00313433) x 8 0x00000001
core   0: 0x80003c24 (0x343d4593) xori    a1, s10, 835
core   0: 3 0x80003c24 (0x343d4593) x11 0x1c365343
core   0: 0x80003c28 (0xf4cd0b93) addi    s7, s10, -180
core   0: 3 0x80003c28 (0xf4cd0b93) x23 0x1c364f4c
core   0: 0x80003c2c (0x037baab3) mulhsu  s5, s7, s7
core   0: 3 0x80003c2c (0x037baab3) x21 0x031becde
core   0: 0x80003c30 (0x029eb133) mulhu   sp, t4, s1
core   0: 3 0x80003c30 (0x029eb133) x 2 0x00000000
core   0: 0x80003c34 (0x00d99a93) slli    s5, s3, 13
core   0: 3 0x80003c34 (0x00d99a93) x21 0x03e84000
core   0: 0x80003c38 (0xa6a2a013) slti    zero, t0, -1430
core   0: 3 0x80003c38 (0xa6a2a013)
core   0: 0x80003c3c (0x02cb93b3) mulh    t2, s7, a2
core   0: 3 0x80003c3c (0x02cb93b3) x 7 0x00000000
core   0: 0x80003c40 (0x4110dbb3) sra     s7, ra, a7
core   0: 3 0x80003c40 (0x4110dbb3) x23 0x00000400
core   0: 0x80003c44 (0x01be98b3) sll     a7, t4, s11
core   0: 3 0x80003c44 (0x01be98b3) x17 0x00a73200
core   0: 0x80003c48 (0x00000013) nop
core   0: 3 0x80003c48 (0x00000013)
core   0: 0x80003c4c (0x00000013) nop
core   0: 3 0x80003c4c (0x00000013)
core   0: 0x80003c50 (0x40665d33) sra     s10, a2, t1
core   0: 3 0x80003c50 (0x40665d33) x26 0x00000000
core   0: 0x80003c54 (0x90edec17) auipc   s8, 0x90ede
core   0: 3 0x80003c54 (0x90edec17) x24 0x10ee1c54
core   0: 0x80003c58 (0x22d60a93) addi    s5, a2, 557
core   0: 3 0x80003c58 (0x22d60a93) x21 0x0000022d
core   0: 0x80003c5c (0x039ee5b3) rem     a1, t4, s9
core   0: 3 0x80003c5c (0x039ee5b3) x11 0xe0014e64
core   0: 0x80003c60 (0x0056b033) sltu    zero, a3, t0
core   0: 3 0x80003c60 (0x0056b033)
core   0: 0x80003c64 (0x008e1213) slli    tp, t3, 8
core   0: 3 0x80003c64 (0x008e1213) x 4 0x00000100
core   0: 0x80003c68 (0x015a9d13) slli    s10, s5, 21
core   0: 3 0x80003c68 (0x015a9d13) x26 0x45a00000
core   0: 0x80003c6c (0x01787eb3) and     t4, a6, s7
core   0: 3 0x80003c6c (0x01787eb3) x29 0x00000400
core   0: 0x80003c70 (0xb666ce93) xori    t4, a3, -1178
core   0: 3 0x80003c70 (0xb666ce93) x29 0x0000072a
core   0: 0x80003c74 (0x00c53133) sltu    sp, a0, a2
core   0: 3 0x80003c74 (0x00c53133) x 2 0x00000000
core   0: 0x80003c78 (0x01d33133) sltu    sp, t1, t4
core   0: 3 0x80003c78 (0x01d33133) x 2 0x00000001
core   0: 0x80003c7c (0x032628b3) mulhsu  a7, a2, s2
core   0: 3 0x80003c7c (0x032628b3) x17 0x00000000
core   0: 0x80003c80 (0x01f878b3) and     a7, a6, t6
core   0: 3 0x80003c80 (0x01f878b3) x17 0x00000000
core   0: 0x80003c84 (0x02ff21b3) mulhsu  gp, t5, a5
core   0: 3 0x80003c84 (0x02ff21b3) x 3 0xfb016c09
core   0: 0x80003c88 (0xe2993f17) auipc   t5, 0xe2993
core   0: 3 0x80003c88 (0xe2993f17) x30 0x62996c88
core   0: 0x80003c8c (0xc2bbc393) xori    t2, s7, -981
core   0: 3 0x80003c8c (0xc2bbc393) x 7 0xfffff82b
core   0: 0x80003c90 (0x2cc8dc37) lui     s8, 0x2cc8d
core   0: 3 0x80003c90 (0x2cc8dc37) x24 0x2cc8d000
core   0: 0x80003c94 (0x01cc1b93) slli    s7, s8, 28
core   0: 3 0x80003c94 (0x01cc1b93) x23 0x00000000
core   0: 0x80003c98 (0xffdec193) xori    gp, t4, -3
core   0: 3 0x80003c98 (0xffdec193) x 3 0xfffff8d7
core   0: 0x80003c9c (0x00c349b3) xor     s3, t1, a2
core   0: 3 0x80003c9c (0x00c349b3) x19 0x00000001
core   0: 0x80003ca0 (0x0099af33) slt     t5, s3, s1
core   0: 3 0x80003ca0 (0x0099af33) x30 0x00000000
core   0: 0x80003ca4 (0x418900b3) sub     ra, s2, s8
core   0: 3 0x80003ca4 (0x418900b3) x 1 0x5338bce4
core   0: 0x80003ca8 (0x02357233) remu    tp, a0, gp
core   0: 3 0x80003ca8 (0x02357233) x 4 0x80000000
core   0: 0x80003cac (0x002eceb3) xor     t4, t4, sp
core   0: 3 0x80003cac (0x002eceb3) x29 0x0000072b
core   0: 0x80003cb0 (0x00000013) nop
core   0: 3 0x80003cb0 (0x00000013)
core   0: 0x80003cb4 (0x6b631937) lui     s2, 0x6b631
core   0: 3 0x80003cb4 (0x6b631937) x18 0x6b631000
core   0: 0x80003cb8 (0x00000013) nop
core   0: 3 0x80003cb8 (0x00000013)
core   0: 0x80003cbc (0x00caf5b3) and     a1, s5, a2
core   0: 3 0x80003cbc (0x00caf5b3) x11 0x00000000
core   0: 0x80003cc0 (0x01eabc33) sltu    s8, s5, t5
core   0: 3 0x80003cc0 (0x01eabc33) x24 0x00000000
core   0: 0x80003cc4 (0x030530b3) mulhu   ra, a0, a6
core   0: 3 0x80003cc4 (0x030530b3) x 1 0x4000c672
core   0: 0x80003cc8 (0x53287593) andi    a1, a6, 1330
core   0: 3 0x80003cc8 (0x53287593) x11 0x00000420
core   0: 0x80003ccc (0x01ac63b3) or      t2, s8, s10
core   0: 3 0x80003ccc (0x01ac63b3) x 7 0x45a00000
core   0: 0x80003cd0 (0x002fe7b3) or      a5, t6, sp
core   0: 3 0x80003cd0 (0x002fe7b3) x15 0x00000001
core   0: 0x80003cd4 (0x00000013) nop
core   0: 3 0x80003cd4 (0x00000013)
core   0: 0x80003cd8 (0x41a65413) srai    s0, a2, 26
core   0: 3 0x80003cd8 (0x41a65413) x 8 0x00000000
core   0: 0x80003cdc (0xd656ebb7) lui     s7, 0xd656e
core   0: 3 0x80003cdc (0xd656ebb7) x23 0xd656e000
core   0: 0x80003ce0 (0x416edd13) srai    s10, t4, 22
core   0: 3 0x80003ce0 (0x416edd13) x26 0x00000000
core   0: 0x80003ce4 (0x6a7bd437) lui     s0, 0x6a7bd
core   0: 3 0x80003ce4 (0x6a7bd437) x 8 0x6a7bd000
core   0: 0x80003ce8 (0x8de3a493) slti    s1, t2, -1826
core   0: 3 0x80003ce8 (0x8de3a493) x 9 0x00000000
core   0: 0x80003cec (0x4e42a313) slti    t1, t0, 1252
core   0: 3 0x80003cec (0x4e42a313) x 6 0x00000000
core   0: 0x80003cf0 (0x0389c0b3) div     ra, s3, s8
core   0: 3 0x80003cf0 (0x0389c0b3) x 1 0xffffffff
core   0: 0x80003cf4 (0x01474d33) xor     s10, a4, s4
core   0: 3 0x80003cf4 (0x01474d33) x26 0x88f9e2d9
core   0: 0x80003cf8 (0x41dedc93) srai    s9, t4, 29
core   0: 3 0x80003cf8 (0x41dedc93) x25 0x00000000
core   0: 0x80003cfc (0x008269b3) or      s3, tp, s0
core   0: 3 0x80003cfc (0x008269b3) x19 0xea7bd000
core   0: 0x80003d00 (0x01f59333) sll     t1, a1, t6
core   0: 3 0x80003d00 (0x01f59333) x 6 0x00000420
core   0: 0x80003d04 (0x4025da93) srai    s5, a1, 2
core   0: 3 0x80003d04 (0x4025da93) x21 0x00000108
core   0: 0x80003d08 (0x0091b8b3) sltu    a7, gp, s1
core   0: 3 0x80003d08 (0x0091b8b3) x17 0x00000000
core   0: 0x80003d0c (0x40525733) sra     a4, tp, t0
core   0: 3 0x80003d0c (0x40525733) x14 0xfe000000
core   0: 0x80003d10 (0x001e5313) srli    t1, t3, 1
core   0: 3 0x80003d10 (0x001e5313) x 6 0x00000000
core   0: 0x80003d14 (0x00b59d33) sll     s10, a1, a1
core   0: 3 0x80003d14 (0x00b59d33) x26 0x00000420
core   0: 0x80003d18 (0x00065093) srli    ra, a2, 0
core   0: 3 0x80003d18 (0x00065093) x 1 0x00000000
core   0: 0x80003d1c (0x03e65333) divu    t1, a2, t5
core   0: 3 0x80003d1c (0x03e65333) x 6 0xffffffff
core   0: 0x80003d20 (0x017595b3) sll     a1, a1, s7
core   0: 3 0x80003d20 (0x017595b3) x11 0x00000420
core   0: 0x80003d24 (0x031d24b3) mulhsu  s1, s10, a7
core   0: 3 0x80003d24 (0x031d24b3) x 9 0x00000000
core   0: 0x80003d28 (0x22013e13) sltiu   t3, sp, 544
core   0: 3 0x80003d28 (0x22013e13) x28 0x00000001
core   0: 0x80003d2c (0x03b92eb3) mulhsu  t4, s2, s11
core   0: 3 0x80003d2c (0x03b92eb3) x29 0x000002bc
core   0: 0x80003d30 (0x006aa5b3) slt     a1, s5, t1
core   0: 3 0x80003d30 (0x006aa5b3) x11 0x00000000
core   0: 0x80003d34 (0x71cef913) andi    s2, t4, 1820
core   0: 3 0x80003d34 (0x71cef913) x18 0x0000021c
core   0: 0x80003d38 (0x521a7c13) andi    s8, s4, 1313
core   0: 3 0x80003d38 (0x521a7c13) x24 0x00000000
core   0: 0x80003d3c (0x72738493) addi    s1, t2, 1831
core   0: 3 0x80003d3c (0x72738493) x 9 0x45a00727
core   0: 0x80003d40 (0x0378f6b3) remu    a3, a7, s7
core   0: 3 0x80003d40 (0x0378f6b3) x13 0x00000000
core   0: 0x80003d44 (0x010284b3) add     s1, t0, a6
core   0: 3 0x80003d44 (0x010284b3) x 9 0x00018bca
core   0: 0x80003d48 (0x02d86a33) rem     s4, a6, a3
core   0: 3 0x80003d48 (0x02d86a33) x20 0x80018ce4
core   0: 0x80003d4c (0x02e2edb3) rem     s11, t0, a4
core   0: 3 0x80003d4c (0x02e2edb3) x27 0x01fffee6
core   0: 0x80003d50 (0x0280c333) div     t1, ra, s0
core   0: 3 0x80003d50 (0x0280c333) x 6 0x00000000
core   0: 0x80003d54 (0x034b2933) mulhsu  s2, s6, s4
core   0: 3 0x80003d54 (0x034b2933) x18 0xbfffe0c2
core   0: 0x80003d58 (0x02081db3) mulh    s11, a6, zero
core   0: 3 0x80003d58 (0x02081db3) x27 0x00000000
core   0: 0x80003d5c (0x8f540b93) addi    s7, s0, -1803
core   0: 3 0x80003d5c (0x8f540b93) x23 0x6a7bc8f5
core   0: 0x80003d60 (0xb6802893) slti    a7, zero, -1176
core   0: 3 0x80003d60 (0xb6802893) x17 0x00000000
core   0: 0x80003d64 (0xb6c70097) auipc   ra, 0xb6c70
core   0: 3 0x80003d64 (0xb6c70097) x 1 0x36c73d64
core   0: 0x80003d68 (0x21b5cc93) xori    s9, a1, 539
core   0: 3 0x80003d68 (0x21b5cc93) x25 0x0000021b
core   0: 0x80003d6c (0x73b0bd93) sltiu   s11, ra, 1851
core   0: 3 0x80003d6c (0x73b0bd93) x27 0x00000000
core   0: 0x80003d70 (0x0046e6b3) or      a3, a3, tp
core   0: 3 0x80003d70 (0x0046e6b3) x13 0x80000000
core   0: 0x80003d74 (0x011f7fb3) and     t6, t5, a7
core   0: 3 0x80003d74 (0x011f7fb3) x31 0x00000000
core   0: 0x80003d78 (0x9b582793) slti    a5, a6, -1611
core   0: 3 0x80003d78 (0x9b582793) x15 0x00000001
core   0: 0x80003d7c (0x4131d893) srai    a7, gp, 19
core   0: 3 0x80003d7c (0x4131d893) x17 0xffffffff
core   0: 0x80003d80 (0xb8378693) addi    a3, a5, -1149
core   0: 3 0x80003d80 (0xb8378693) x13 0xfffffb84
core   0: 0x80003d84 (0x02581d33) mulh    s10, a6, t0
core   0: 3 0x80003d84 (0x02581d33) x26 0xc000c6fe
core   0: 0x80003d88 (0x018cb8b3) sltu    a7, s9, s8
core   0: 3 0x80003d88 (0x018cb8b3) x17 0x00000000
core   0: 0x80003d8c (0x020cc333) div     t1, s9, zero
core   0: 3 0x80003d8c (0x020cc333) x 6 0xffffffff
core   0: 0x80003d90 (0x40fddcb3) sra     s9, s11, a5
core   0: 3 0x80003d90 (0x40fddcb3) x25 0x00000000
core   0: 0x80003d94 (0xad02f613) andi    a2, t0, -1328
core   0: 3 0x80003d94 (0xad02f613) x12 0x7ffffac0
core   0: 0x80003d98 (0x00000013) nop
core   0: 3 0x80003d98 (0x00000013)
core   0: 0x80003d9c (0xd38fbb93) sltiu   s7, t6, -712
core   0: 3 0x80003d9c (0xd38fbb93) x23 0x00000001
core   0: 0x80003da0 (0x0013afb3) slt     t6, t2, ra
core   0: 3 0x80003da0 (0x0013afb3) x31 0x00000000
core   0: 0x80003da4 (0x031e52b3) divu    t0, t3, a7
core   0: 3 0x80003da4 (0x031e52b3) x 5 0xffffffff
core   0: 0x80003da8 (0xcb8c6593) ori     a1, s8, -840
core   0: 3 0x80003da8 (0xcb8c6593) x11 0xfffffcb8
core   0: 0x80003dac (0x005fe433) or      s0, t6, t0
core   0: 3 0x80003dac (0x005fe433) x 8 0xffffffff
core   0: 0x80003db0 (0x41ac50b3) sra     ra, s8, s10
core   0: 3 0x80003db0 (0x41ac50b3) x 1 0x00000000
core   0: 0x80003db4 (0x024313b3) mulh    t2, t1, tp
core   0: 3 0x80003db4 (0x024313b3) x 7 0x00000000
core   0: 0x80003db8 (0x5486a793) slti    a5, a3, 1352
core   0: 3 0x80003db8 (0x5486a793) x15 0x00000001
core   0: 0x80003dbc (0x016e8fb3) add     t6, t4, s6
core   0: 3 0x80003dbc (0x016e8fb3) x31 0x80015120
core   0: 0x80003dc0 (0x39237393) andi    t2, t1, 914
core   0: 3 0x80003dc0 (0x39237393) x 7 0x00000392
core   0: 0x80003dc4 (0x036b43b3) div     t2, s6, s6
core   0: 3 0x80003dc4 (0x036b43b3) x 7 0x00000001
core   0: 0x80003dc8 (0x19fe32b7) lui     t0, 0x19fe3
core   0: 3 0x80003dc8 (0x19fe32b7) x 5 0x19fe3000
core   0: 0x80003dcc (0x00000013) nop
core   0: 3 0x80003dcc (0x00000013)
core   0: 0x80003dd0 (0x02bd8d33) mul     s10, s11, a1
core   0: 3 0x80003dd0 (0x02bd8d33) x26 0x00000000
core   0: 0x80003dd4 (0xc54b5fb7) lui     t6, 0xc54b5
core   0: 3 0x80003dd4 (0xc54b5fb7) x31 0xc54b5000
core   0: 0x80003dd8 (0x026b10b3) mulh    ra, s6, t1
core   0: 3 0x80003dd8 (0x026b10b3) x 1 0x00000000
core   0: 0x80003ddc (0x02940133) mul     sp, s0, s1
core   0: 3 0x80003ddc (0x02940133) x 2 0xfffe7436
core   0: 0x80003de0 (0x013e5b93) srli    s7, t3, 19
core   0: 3 0x80003de0 (0x013e5b93) x23 0x00000000
core   0: 0x80003de4 (0x008181b3) add     gp, gp, s0
core   0: 3 0x80003de4 (0x008181b3) x 3 0xfffff8d6
core   0: 0x80003de8 (0x032a0f33) mul     t5, s4, s2
core   0: 3 0x80003de8 (0x032a0f33) x30 0xcf9044c8
core   0: 0x80003dec (0x00000013) nop
core   0: 3 0x80003dec (0x00000013)
core   0: 0x80003df0 (0x021471b3) remu    gp, s0, ra
core   0: 3 0x80003df0 (0x021471b3) x 3 0xffffffff
core   0: 0x80003df4 (0x5b2622b7) lui     t0, 0x5b262
core   0: 3 0x80003df4 (0x5b2622b7) x 5 0x5b262000
core   0: 0x80003df8 (0x003ea433) slt     s0, t4, gp
core   0: 3 0x80003df8 (0x003ea433) x 8 0x00000000
core   0: 0x80003dfc (0x027cee33) rem     t3, s9, t2
core   0: 3 0x80003dfc (0x027cee33) x28 0x00000000
core   0: 0x80003e00 (0x6d4af917) auipc   s2, 0x6d4af
core   0: 3 0x80003e00 (0x6d4af917) x18 0xed4b2e00
core   0: 0x80003e04 (0x02b490b3) mulh    ra, s1, a1
core   0: 3 0x80003e04 (0x02b490b3) x 1 0xffffffff
core   0: 0x80003e08 (0x981ac937) lui     s2, 0x981ac
core   0: 3 0x80003e08 (0x981ac937) x18 0x981ac000
core   0: 0x80003e0c (0x9785ea13) ori     s4, a1, -1672
core   0: 3 0x80003e0c (0x9785ea13) x20 0xfffffdf8
core   0: 0x80003e10 (0x01be1c33) sll     s8, t3, s11
core   0: 3 0x80003e10 (0x01be1c33) x24 0x00000000
core   0: 0x80003e14 (0x0142b1b3) sltu    gp, t0, s4
core   0: 3 0x80003e14 (0x0142b1b3) x 3 0x00000001
core   0: 0x80003e18 (0x02bdf8b3) remu    a7, s11, a1
core   0: 3 0x80003e18 (0x02bdf8b3) x17 0x00000000
core   0: 0x80003e1c (0x022d3733) mulhu   a4, s10, sp
core   0: 3 0x80003e1c (0x022d3733) x14 0x00000000
core   0: 0x80003e20 (0x000de5b3) or      a1, s11, zero
core   0: 3 0x80003e20 (0x000de5b3) x11 0x00000000
core   0: 0x80003e24 (0x1c493013) sltiu   zero, s2, 452
core   0: 3 0x80003e24 (0x1c493013)
core   0: 0x80003e28 (0x015f9f13) slli    t5, t6, 21
core   0: 3 0x80003e28 (0x015f9f13) x30 0x00000000
core   0: 0x80003e2c (0x01457eb3) and     t4, a0, s4
core   0: 3 0x80003e2c (0x01457eb3) x29 0x80000000
core   0: 0x80003e30 (0x013eadb3) slt     s11, t4, s3
core   0: 3 0x80003e30 (0x013eadb3) x27 0x00000001
core   0: 0x80003e34 (0x40d65093) srai    ra, a2, 13
core   0: 3 0x80003e34 (0x40d65093) x 1 0x0003ffff
core   0: 0x80003e38 (0x402188b3) sub     a7, gp, sp
core   0: 3 0x80003e38 (0x402188b3) x17 0x00018bcb
core   0: 0x80003e3c (0x028f31b3) mulhu   gp, t5, s0
core   0: 3 0x80003e3c (0x028f31b3) x 3 0x00000000
core   0: 0x80003e40 (0x00ec15b3) sll     a1, s8, a4
core   0: 3 0x80003e40 (0x00ec15b3) x11 0x00000000
core   0: 0x80003e44 (0x030b2eb3) mulhsu  t4, s6, a6
core   0: 3 0x80003e44 (0x030b2eb3) x29 0xbfffe0c2
core   0: 0x80003e48 (0xae58ff13) andi    t5, a7, -1307
core   0: 3 0x80003e48 (0xae58ff13) x30 0x00018ac1
core   0: 0x80003e4c (0x889aaf13) slti    t5, s5, -1911
core   0: 3 0x80003e4c (0x889aaf13) x30 0x00000000
core   0: 0x80003e50 (0x0182abb3) slt     s7, t0, s8
core   0: 3 0x80003e50 (0x0182abb3) x23 0x00000000
core   0: 0x80003e54 (0xab2dc113) xori    sp, s11, -1358
core   0: 3 0x80003e54 (0xab2dc113) x 2 0xfffffab3
core   0: 0x80003e58 (0x03e61e33) mulh    t3, a2, t5
core   0: 3 0x80003e58 (0x03e61e33) x28 0x00000000
core   0: 0x80003e5c (0x4301a493) slti    s1, gp, 1072
core   0: 3 0x80003e5c (0x4301a493) x 9 0x00000001
core   0: 0x80003e60 (0x4097dc13) srai    s8, a5, 9
core   0: 3 0x80003e60 (0x4097dc13) x24 0x00000000
core   0: 0x80003e64 (0x4cb98c13) addi    s8, s3, 1227
core   0: 3 0x80003e64 (0x4cb98c13) x24 0xea7bd4cb
core   0: 0x80003e68 (0x0230e733) rem     a4, ra, gp
core   0: 3 0x80003e68 (0x0230e733) x14 0x0003ffff
core   0: 0x80003e6c (0x034e49b3) div     s3, t3, s4
core   0: 3 0x80003e6c (0x034e49b3) x19 0x00000000
core   0: 0x80003e70 (0x00e00bb3) add     s7, zero, a4
core   0: 3 0x80003e70 (0x00e00bb3) x23 0x0003ffff
core   0: 0x80003e74 (0x01b72933) slt     s2, a4, s11
core   0: 3 0x80003e74 (0x01b72933) x18 0x00000000
core   0: 0x80003e78 (0x40660733) sub     a4, a2, t1
core   0: 3 0x80003e78 (0x40660733) x14 0x7ffffac1
core   0: 0x80003e7c (0x006ae1b3) or      gp, s5, t1
core   0: 3 0x80003e7c (0x006ae1b3) x 3 0xffffffff
core   0: 0x80003e80 (0x206c0713) addi    a4, s8, 518
core   0: 3 0x80003e80 (0x206c0713) x14 0xea7bd6d1
core   0: 0x80003e84 (0x24954b97) auipc   s7, 0x24954
core   0: 3 0x80003e84 (0x24954b97) x23 0xa4957e84
core   0: 0x80003e88 (0x0226c6b3) div     a3, a3, sp
core   0: 3 0x80003e88 (0x0226c6b3) x13 0x00000000
core   0: 0x80003e8c (0x011a3a33) sltu    s4, s4, a7
core   0: 3 0x80003e8c (0x011a3a33) x20 0x00000000
core   0: 0x80003e90 (0x01e0acb3) slt     s9, ra, t5
core   0: 3 0x80003e90 (0x01e0acb3) x25 0x00000000
core   0: 0x80003e94 (0x032804b3) mul     s1, a6, s2
core   0: 3 0x80003e94 (0x032804b3) x 9 0x00000000
core   0: 0x80003e98 (0x00aa3a33) sltu    s4, s4, a0
core   0: 3 0x80003e98 (0x00aa3a33) x20 0x00000001
core   0: 0x80003e9c (0x03256f33) rem     t5, a0, s2
core   0: 3 0x80003e9c (0x03256f33) x30 0x80000000
core   0: 0x80003ea0 (0x010f6133) or      sp, t5, a6
core   0: 3 0x80003ea0 (0x010f6133) x 2 0x80018ce4
core   0: 0x80003ea4 (0x028ab1b3) mulhu   gp, s5, s0
core   0: 3 0x80003ea4 (0x028ab1b3) x 3 0x00000000
core   0: 0x80003ea8 (0x012d05b3) add     a1, s10, s2
core   0: 3 0x80003ea8 (0x012d05b3) x11 0x00000000
core   0: 0x80003eac (0x02b02933) mulhsu  s2, zero, a1
core   0: 3 0x80003eac (0x02b02933) x18 0x00000000
core   0: 0x80003eb0 (0x64228493) addi    s1, t0, 1602
core   0: 3 0x80003eb0 (0x64228493) x 9 0x5b262642
core   0: 0x80003eb4 (0x03afa733) mulhsu  a4, t6, s10
core   0: 3 0x80003eb4 (0x03afa733) x14 0x00000000
core   0: 0x80003eb8 (0x023d8c33) mul     s8, s11, gp
core   0: 3 0x80003eb8 (0x023d8c33) x24 0x00000000
core   0: 0x80003ebc (0x3d58c613) xori    a2, a7, 981
core   0: 3 0x80003ebc (0x3d58c613) x12 0x0001881e
core   0: 0x80003ec0 (0x50b33e13) sltiu   t3, t1, 1291
core   0: 3 0x80003ec0 (0x50b33e13) x28 0x00000000
core   0: 0x80003ec4 (0x0229c8b3) div     a7, s3, sp
core   0: 3 0x80003ec4 (0x0229c8b3) x17 0x00000000
core   0: 0x80003ec8 (0xd9718e93) addi    t4, gp, -617
core   0: 3 0x80003ec8 (0xd9718e93) x29 0xfffffd97
core   0: 0x80003ecc (0x41388433) sub     s0, a7, s3
core   0: 3 0x80003ecc (0x41388433) x 8 0x00000000
core   0: 0x80003ed0 (0x4129da33) sra     s4, s3, s2
core   0: 3 0x80003ed0 (0x4129da33) x20 0x00000000
core   0: 0x80003ed4 (0x0354a0b3) mulhsu  ra, s1, s5
core   0: 3 0x80003ed4 (0x0354a0b3) x 1 0x0000005d
core   0: 0x80003ed8 (0x0da83193) sltiu   gp, a6, 218
core   0: 3 0x80003ed8 (0x0da83193) x 3 0x00000000
core   0: 0x80003edc (0x03f01bb3) mulh    s7, zero, t6
core   0: 3 0x80003edc (0x03f01bb3) x23 0x00000000
core   0: 0x80003ee0 (0xa6380013) addi    zero, a6, -1437
core   0: 3 0x80003ee0 (0xa6380013)
core   0: 0x80003ee4 (0x00d8f093) andi    ra, a7, 13
core   0: 3 0x80003ee4 (0x00d8f093) x 1 0x00000000
core   0: 0x80003ee8 (0x01465233) srl     tp, a2, s4
core   0: 3 0x80003ee8 (0x01465233) x 4 0x0001881e
core   0: 0x80003eec (0x03db22b3) mulhsu  t0, s6, t4
core   0: 3 0x80003eec (0x03db22b3) x 5 0x80014f98
core   0: 0x80003ef0 (0x4156d713) srai    a4, a3, 21
core   0: 3 0x80003ef0 (0x4156d713) x14 0x00000000
core   0: 0x80003ef4 (0x00e4d393) srli    t2, s1, 14
core   0: 3 0x80003ef4 (0x00e4d393) x 7 0x00016c98
core   0: 0x80003ef8 (0x00ed1493) slli    s1, s10, 14
core   0: 3 0x80003ef8 (0x00ed1493) x 9 0x00000000
core   0: 0x80003efc (0x58039e97) auipc   t4, 0x58039
core   0: 3 0x80003efc (0x58039e97) x29 0xd803cefc
core   0: 0x80003f00 (0x7bcd3d13) sltiu   s10, s10, 1980
core   0: 3 0x80003f00 (0x7bcd3d13) x26 0x00000001
core   0: 0x80003f04 (0x00335d33) srl     s10, t1, gp
core   0: 3 0x80003f04 (0x00335d33) x26 0xffffffff
core   0: 0x80003f08 (0x015bceb3) xor     t4, s7, s5
core   0: 3 0x80003f08 (0x015bceb3) x29 0x00000108
core   0: 0x80003f0c (0x68e1ba13) sltiu   s4, gp, 1678
core   0: 3 0x80003f0c (0x68e1ba13) x20 0x00000001
core   0: 0x80003f10 (0xb157adb7) lui     s11, 0xb157a
core   0: 3 0x80003f10 (0xb157adb7) x27 0xb157a000
core   0: 0x80003f14 (0x4016d333) sra     t1, a3, ra
core   0: 3 0x80003f14 (0x4016d333) x 6 0x00000000
core   0: 0x80003f18 (0x4dcfee13) ori     t3, t6, 1244
core   0: 3 0x80003f18 (0x4dcfee13) x28 0xc54b54dc
core   0: 0x80003f1c (0x005e9433) sll     s0, t4, t0
core   0: 3 0x80003f1c (0x005e9433) x 8 0x08000000
core   0: 0x80003f20 (0x525f2013) slti    zero, t5, 1317
core   0: 3 0x80003f20 (0x525f2013)
core   0: 0x80003f24 (0x006e1c13) slli    s8, t3, 6
core   0: 3 0x80003f24 (0x006e1c13) x24 0x52d53700
core   0: 0x80003f28 (0x00000013) nop
core   0: 3 0x80003f28 (0x00000013)
core   0: 0x80003f2c (0x03e4c4b3) div     s1, s1, t5
core   0: 3 0x80003f2c (0x03e4c4b3) x 9 0x00000000
core   0: 0x80003f30 (0x32e06697) auipc   a3, 0x32e06
core   0: 3 0x80003f30 (0x32e06697) x13 0xb2e09f30
core   0: 0x80003f34 (0x038a0333) mul     t1, s4, s8
core   0: 3 0x80003f34 (0x038a0333) x 6 0x52d53700
core   0: 0x80003f38 (0x008836b3) sltu    a3, a6, s0
core   0: 3 0x80003f38 (0x008836b3) x13 0x00000000
core   0: 0x80003f3c (0x02b87a33) remu    s4, a6, a1
core   0: 3 0x80003f3c (0x02b87a33) x20 0x80018ce4
core   0: 0x80003f40 (0x03e0c6b3) div     a3, ra, t5
core   0: 3 0x80003f40 (0x03e0c6b3) x13 0x00000000
core   0: 0x80003f44 (0x02c846b3) div     a3, a6, a2
core   0: 3 0x80003f44 (0x02c846b3) x13 0xffffac70
core   0: 0x80003f48 (0x499dab93) slti    s7, s11, 1177
core   0: 3 0x80003f48 (0x499dab93) x23 0x00000001
core   0: 0x80003f4c (0x00000013) nop
core   0: 3 0x80003f4c (0x00000013)
core   0: 0x80003f50 (0xb6a46713) ori     a4, s0, -1174
core   0: 3 0x80003f50 (0xb6a46713) x14 0xfffffb6a
core   0: 0x80003f54 (0xeaf6c793) xori    a5, a3, -337
core   0: 3 0x80003f54 (0xeaf6c793) x15 0x000052df
core   0: 0x80003f58 (0x03163033) mulhu   zero, a2, a7
core   0: 3 0x80003f58 (0x03163033)
core   0: 0x80003f5c (0x028eea33) rem     s4, t4, s0
core   0: 3 0x80003f5c (0x028eea33) x20 0x00000108
core   0: 0x80003f60 (0x030d7033) remu    zero, s10, a6
core   0: 3 0x80003f60 (0x030d7033)
core   0: 0x80003f64 (0x014ddf13) srli    t5, s11, 20
core   0: 3 0x80003f64 (0x014ddf13) x30 0x00000b15
core   0: 0x80003f68 (0x41128633) sub     a2, t0, a7
core   0: 3 0x80003f68 (0x41128633) x12 0x80014f98
core   0: 0x80003f6c (0x405ad733) sra     a4, s5, t0
core   0: 3 0x80003f6c (0x405ad733) x14 0x00000000
core   0: 0x80003f70 (0x1f950937) lui     s2, 0x1f950
core   0: 3 0x80003f70 (0x1f950937) x18 0x1f950000
core   0: 0x80003f74 (0x0314d333) divu    t1, s1, a7
core   0: 3 0x80003f74 (0x0314d333) x 6 0xffffffff
core   0: 0x80003f78 (0x024486b3) mul     a3, s1, tp
core   0: 3 0x80003f78 (0x024486b3) x13 0x00000000
core   0: 0x80003f7c (0x02d3dc33) divu    s8, t2, a3
core   0: 3 0x80003f7c (0x02d3dc33) x24 0xffffffff
core   0: 0x80003f80 (0x011bb9b3) sltu    s3, s7, a7
core   0: 3 0x80003f80 (0x011bb9b3) x19 0x00000000
core   0: 0x80003f84 (0x0199cbb3) xor     s7, s3, s9
core   0: 3 0x80003f84 (0x0199cbb3) x23 0x00000000
core   0: 0x80003f88 (0xe11c4113) xori    sp, s8, -495
core   0: 3 0x80003f88 (0xe11c4113) x 2 0x000001ee
core   0: 0x80003f8c (0x027668b3) rem     a7, a2, t2
core   0: 3 0x80003f8c (0x027668b3) x17 0xffffc000
core   0: 0x80003f90 (0x00415693) srli    a3, sp, 4
core   0: 3 0x80003f90 (0x00415693) x13 0x0000001e
core   0: 0x80003f94 (0x014e7a33) and     s4, t3, s4
core   0: 3 0x80003f94 (0x014e7a33) x20 0x00000008
core   0: 0x80003f98 (0x41308d33) sub     s10, ra, s3
core   0: 3 0x80003f98 (0x41308d33) x26 0x00000000
core   0: 0x80003f9c (0x022d44b3) div     s1, s10, sp
core   0: 3 0x80003f9c (0x022d44b3) x 9 0x00000000
core   0: 0x80003fa0 (0x0152c933) xor     s2, t0, s5
core   0: 3 0x80003fa0 (0x0152c933) x18 0x80014e90
core   0: 0x80003fa4 (0x0104b033) sltu    zero, s1, a6
core   0: 3 0x80003fa4 (0x0104b033)
core   0: 0x80003fa8 (0x02015bb3) divu    s7, sp, zero
core   0: 3 0x80003fa8 (0x02015bb3) x23 0xffffffff
core   0: 0x80003fac (0xab374393) xori    t2, a4, -1357
core   0: 3 0x80003fac (0xab374393) x 7 0xfffffab3
core   0: 0x80003fb0 (0xd8f6a913) slti    s2, a3, -625
core   0: 3 0x80003fb0 (0xd8f6a913) x18 0x00000000
core   0: 0x80003fb4 (0x0249edb3) rem     s11, s3, tp
core   0: 3 0x80003fb4 (0x0249edb3) x27 0x00000000
core   0: 0x80003fb8 (0x7b14e793) ori     a5, s1, 1969
core   0: 3 0x80003fb8 (0x7b14e793) x15 0x000007b1
core   0: 0x80003fbc (0x00000013) nop
core   0: 3 0x80003fbc (0x00000013)
core   0: 0x80003fc0 (0x01f76133) or      sp, a4, t6
core   0: 3 0x80003fc0 (0x01f76133) x 2 0xc54b5000
core   0: 0x80003fc4 (0x00000013) nop
core   0: 3 0x80003fc4 (0x00000013)
core   0: 0x80003fc8 (0x036a26b3) mulhsu  a3, s4, s6
core   0: 3 0x80003fc8 (0x036a26b3) x13 0x00000004
core   0: 0x80003fcc (0xc0b0ac93) slti    s9, ra, -1013
core   0: 3 0x80003fcc (0xc0b0ac93) x25 0x00000000
core   0: 0x80003fd0 (0x01cecab3) xor     s5, t4, t3
core   0: 3 0x80003fd0 (0x01cecab3) x21 0xc54b55d4
core   0: 0x80003fd4 (0x8627a613) slti    a2, a5, -1950
core   0: 3 0x80003fd4 (0x8627a613) x12 0x00000000
core   0: 0x80003fd8 (0x00085093) srli    ra, a6, 0
core   0: 3 0x80003fd8 (0x00085093) x 1 0x80018ce4
core   0: 0x80003fdc (0x02dc04b3) mul     s1, s8, a3
core   0: 3 0x80003fdc (0x02dc04b3) x 9 0xfffffffc
core   0: 0x80003fe0 (0x01ec5f33) srl     t5, s8, t5
core   0: 3 0x80003fe0 (0x01ec5f33) x30 0x000007ff
core   0: 0x80003fe4 (0x1c0b0893) addi    a7, s6, 448
core   0: 3 0x80003fe4 (0x1c0b0893) x17 0x80015024
core   0: 0x80003fe8 (0x013ba333) slt     t1, s7, s3
core   0: 3 0x80003fe8 (0x013ba333) x 6 0x00000001
core   0: 0x80003fec (0x02741c33) mulh    s8, s0, t2
core   0: 3 0x80003fec (0x02741c33) x24 0xffffffd5
core   0: 0x80003ff0 (0x01b516b3) sll     a3, a0, s11
core   0: 3 0x80003ff0 (0x01b516b3) x13 0x80000000
core   0: 0x80003ff4 (0x0231a233) mulhsu  tp, gp, gp
core   0: 3 0x80003ff4 (0x0231a233) x 4 0x00000000
core   0: 0x80003ff8 (0x1c0aef13) ori     t5, s5, 448
core   0: 3 0x80003ff8 (0x1c0aef13) x30 0xc54b55d4
core   0: 0x80003ffc (0x020d5333) divu    t1, s10, zero
core   0: 3 0x80003ffc (0x020d5333) x 6 0xffffffff
core   0: 0x80004000 (0x02fcf733) remu    a4, s9, a5
core   0: 3 0x80004000 (0x02fcf733) x14 0x00000000
core   0: 0x80004004 (0x012f2033) slt     zero, t5, s2
core   0: 3 0x80004004 (0x012f2033)
core   0: 0x80004008 (0x49d33913) sltiu   s2, t1, 1181
core   0: 3 0x80004008 (0x49d33913) x18 0x00000000
core   0: 0x8000400c (0x40f80433) sub     s0, a6, a5
core   0: 3 0x8000400c (0x40f80433) x 8 0x80018533
core   0: 0x80004010 (0x3100a937) lui     s2, 0x3100a
core   0: 3 0x80004010 (0x3100a937) x18 0x3100a000
core   0: 0x80004014 (0x020181b3) mul     gp, gp, zero
core   0: 3 0x80004014 (0x020181b3) x 3 0x00000000
core   0: 0x80004018 (0x02dfbab3) mulhu   s5, t6, a3
core   0: 3 0x80004018 (0x02dfbab3) x21 0x62a5a800
core   0: 0x8000401c (0x012f2ab3) slt     s5, t5, s2
core   0: 3 0x8000401c (0x012f2ab3) x21 0x00000001
core   0: 0x80004020 (0x00e03233) snez    tp, a4
core   0: 3 0x80004020 (0x00e03233) x 4 0x00000000
core   0: 0x80004024 (0x02ca47b3) div     a5, s4, a2
core   0: 3 0x80004024 (0x02ca47b3) x15 0xffffffff
core   0: 0x80004028 (0x0284d233) divu    tp, s1, s0
core   0: 3 0x80004028 (0x0284d233) x 4 0x00000001
core   0: 0x8000402c (0x00000013) nop
core   0: 3 0x8000402c (0x00000013)
core   0: 0x80004030 (0x00000013) nop
core   0: 3 0x80004030 (0x00000013)
core   0: 0x80004034 (0x016469b3) or      s3, s0, s6
core   0: 3 0x80004034 (0x016469b3) x19 0x8001cf77
core   0: 0x80004038 (0x007fc0b3) xor     ra, t6, t2
core   0: 3 0x80004038 (0x007fc0b3) x 1 0x3ab4aab3
core   0: 0x8000403c (0x00be2c33) slt     s8, t3, a1
core   0: 3 0x8000403c (0x00be2c33) x24 0x00000001
core   0: 0x80004040 (0x14154193) xori    gp, a0, 321
core   0: 3 0x80004040 (0x14154193) x 3 0x80000141
core   0: 0x80004044 (0xf2eeda17) auipc   s4, 0xf2eed
core   0: 3 0x80004044 (0xf2eeda17) x20 0x72ef1044
core   0: 0x80004048 (0x01182033) slt     zero, a6, a7
core   0: 3 0x80004048 (0x01182033)
core   0: 0x8000404c (0x010e5bb3) srl     s7, t3, a6
core   0: 3 0x8000404c (0x010e5bb3) x23 0x0c54b54d
core   0: 0x80004050 (0x01661b93) slli    s7, a2, 22
core   0: 3 0x80004050 (0x01661b93) x23 0x00000000
core   0: 0x80004054 (0x01951133) sll     sp, a0, s9
core   0: 3 0x80004054 (0x01951133) x 2 0x80000000
core   0: 0x80004058 (0x03f2c333) div     t1, t0, t6
core   0: 3 0x80004058 (0x03f2c333) x 6 0x00000002
core   0: 0x8000405c (0x02392c33) mulhsu  s8, s2, gp
core   0: 3 0x8000405c (0x02392c33) x24 0x1880503d
core   0: 0x80004060 (0x00000013) nop
core   0: 3 0x80004060 (0x00000013)
core   0: 0x80004064 (0x260ca017) auipc   zero, 0x260ca
core   0: 3 0x80004064 (0x260ca017)
core   0: 0x80004068 (0x41e15093) srai    ra, sp, 30
core   0: 3 0x80004068 (0x41e15093) x 1 0xfffffffe
core   0: 0x8000406c (0x003b9613) slli    a2, s7, 3
core   0: 3 0x8000406c (0x003b9613) x12 0x00000000
core   0: 0x80004070 (0x57d05037) lui     zero, 0x57d05
core   0: 3 0x80004070 (0x57d05037)
core   0: 0x80004074 (0x26387693) andi    a3, a6, 611
core   0: 3 0x80004074 (0x26387693) x13 0x00000060
core   0: 0x80004078 (0x000168b3) or      a7, sp, zero
core   0: 3 0x80004078 (0x000168b3) x17 0x80000000
core   0: 0x8000407c (0x4064df13) srai    t5, s1, 6
core   0: 3 0x8000407c (0x4064df13) x30 0xffffffff
core   0: 0x80004080 (0xcab68293) addi    t0, a3, -853
core   0: 3 0x80004080 (0xcab68293) x 5 0xfffffd0b
core   0: 0x80004084 (0xd500fe93) andi    t4, ra, -688
core   0: 3 0x80004084 (0xd500fe93) x29 0xfffffd50
core   0: 0x80004088 (0x00b9d913) srli    s2, s3, 11
core   0: 3 0x80004088 (0x00b9d913) x18 0x00100039
core   0: 0x8000408c (0xe9df2c93) slti    s9, t5, -355
core   0: 3 0x8000408c (0xe9df2c93) x25 0x00000000
core   0: 0x80004090 (0x00fcf3b3) and     t2, s9, a5
core   0: 3 0x80004090 (0x00fcf3b3) x 7 0x00000000
core   0: 0x80004094 (0x02dda133) mulhsu  sp, s11, a3
core   0: 3 0x80004094 (0x02dda133) x 2 0x00000000
core   0: 0x80004098 (0x4127da13) srai    s4, a5, 18
core   0: 3 0x80004098 (0x4127da13) x20 0xffffffff
core   0: 0x8000409c (0x00f51a33) sll     s4, a0, a5
core   0: 3 0x8000409c (0x00f51a33) x20 0x00000000
core   0: 0x800040a0 (0x00927333) and     t1, tp, s1
core   0: 3 0x800040a0 (0x00927333) x 6 0x00000000
core   0: 0x800040a4 (0x03f7f3b3) remu    t2, a5, t6
core   0: 3 0x800040a4 (0x03f7f3b3) x 7 0x3ab4afff
core   0: 0x800040a8 (0x03ff2c33) mulhsu  s8, t5, t6
core   0: 3 0x800040a8 (0x03ff2c33) x24 0xffffffff
core   0: 0x800040ac (0x0014d893) srli    a7, s1, 1
core   0: 3 0x800040ac (0x0014d893) x17 0x7ffffffe
core   0: 0x800040b0 (0x11352e13) slti    t3, a0, 275
core   0: 3 0x800040b0 (0x11352e13) x28 0x00000001
core   0: 0x800040b4 (0x00244eb3) xor     t4, s0, sp
core   0: 3 0x800040b4 (0x00244eb3) x29 0x80018533
core   0: 0x800040b8 (0xf23b2bb7) lui     s7, 0xf23b2
core   0: 3 0x800040b8 (0xf23b2bb7) x23 0xf23b2000
core   0: 0x800040bc (0x0218cd33) div     s10, a7, ra
core   0: 3 0x800040bc (0x0218cd33) x26 0xc0000001
core   0: 0x800040c0 (0x03133233) mulhu   tp, t1, a7
core   0: 3 0x800040c0 (0x03133233) x 4 0x00000000
core   0: 0x800040c4 (0x0368d333) divu    t1, a7, s6
core   0: 3 0x800040c4 (0x0368d333) x 6 0x00000000
core   0: 0x800040c8 (0x4130d493) srai    s1, ra, 19
core   0: 3 0x800040c8 (0x4130d493) x 9 0xffffffff
core   0: 0x800040cc (0x006c7f33) and     t5, s8, t1
core   0: 3 0x800040cc (0x006c7f33) x30 0x00000000
core   0: 0x800040d0 (0xb6c57493) andi    s1, a0, -1172
core   0: 3 0x800040d0 (0xb6c57493) x 9 0x80000000
core   0: 0x800040d4 (0x1228a493) slti    s1, a7, 290
core   0: 3 0x800040d4 (0x1228a493) x 9 0x00000000
core   0: 0x800040d8 (0x416f5d33) sra     s10, t5, s6
core   0: 3 0x800040d8 (0x416f5d33) x26 0x00000000
core   0: 0x800040dc (0x01f119b3) sll     s3, sp, t6
core   0: 3 0x800040dc (0x01f119b3) x19 0x00000000
core   0: 0x800040e0 (0x01837a33) and     s4, t1, s8
core   0: 3 0x800040e0 (0x01837a33) x20 0x00000000
core   0: 0x800040e4 (0x0232a8b3) mulhsu  a7, t0, gp
core   0: 3 0x800040e4 (0x0232a8b3) x17 0xfffffe85
core   0: 0x800040e8 (0x40f789b3) sub     s3, a5, a5
core   0: 3 0x800040e8 (0x40f789b3) x19 0x00000000
core   0: 0x800040ec (0x020180b3) mul     ra, gp, zero
core   0: 3 0x800040ec (0x020180b3) x 1 0x00000000
core   0: 0x800040f0 (0x343bba93) sltiu   s5, s7, 835
core   0: 3 0x800040f0 (0x343bba93) x21 0x00000000
core   0: 0x800040f4 (0x00000013) nop
core   0: 3 0x800040f4 (0x00000013)
core   0: 0x800040f8 (0x410dd733) sra     a4, s11, a6
core   0: 3 0x800040f8 (0x410dd733) x14 0x00000000
core   0: 0x800040fc (0x01035c33) srl     s8, t1, a6
core   0: 3 0x800040fc (0x01035c33) x24 0x00000000
core   0: 0x80004100 (0xbc3ccb93) xori    s7, s9, -1085
core   0: 3 0x80004100 (0xbc3ccb93) x23 0xfffffbc3
core   0: 0x80004104 (0x03800fb3) mul     t6, zero, s8
core   0: 3 0x80004104 (0x03800fb3) x31 0x00000000
core   0: 0x80004108 (0x0345ca33) div     s4, a1, s4
core   0: 3 0x80004108 (0x0345ca33) x20 0xffffffff
core   0: 0x8000410c (0x00560033) add     zero, a2, t0
core   0: 3 0x8000410c (0x00560033)
core   0: 0x80004110 (0x015d65b3) or      a1, s10, s5
core   0: 3 0x80004110 (0x015d65b3) x11 0x00000000
core   0: 0x80004114 (0x40fed293) srai    t0, t4, 15
core   0: 3 0x80004114 (0x40fed293) x 5 0xffff0003
core   0: 0x80004118 (0x017cde13) srli    t3, s9, 23
core   0: 3 0x80004118 (0x017cde13) x28 0x00000000
core   0: 0x8000411c (0x00860c33) add     s8, a2, s0
core   0: 3 0x8000411c (0x00860c33) x24 0x80018533
core   0: 0x80004120 (0x02f32933) mulhsu  s2, t1, a5
core   0: 3 0x80004120 (0x02f32933) x18 0x00000000
core   0: 0x80004124 (0x01ae29b3) slt     s3, t3, s10
core   0: 3 0x80004124 (0x01ae29b3) x19 0x00000000
core   0: 0x80004128 (0x01917cb3) and     s9, sp, s9
core   0: 3 0x80004128 (0x01917cb3) x25 0x00000000
core   0: 0x8000412c (0x9d062d93) slti    s11, a2, -1584
core   0: 3 0x8000412c (0x9d062d93) x27 0x00000000
core   0: 0x80004130 (0x038fed33) rem     s10, t6, s8
core   0: 3 0x80004130 (0x038fed33) x26 0x00000000
core   0: 0x80004134 (0x407fd633) sra     a2, t6, t2
core   0: 3 0x80004134 (0x407fd633) x12 0x00000000
core   0: 0x80004138 (0x03ed57b3) divu    a5, s10, t5
core   0: 3 0x80004138 (0x03ed57b3) x15 0xffffffff
core   0: 0x8000413c (0x022882b3) mul     t0, a7, sp
core   0: 3 0x8000413c (0x022882b3) x 5 0x00000000
core   0: 0x80004140 (0x47dfbd93) sltiu   s11, t6, 1149
core   0: 3 0x80004140 (0x47dfbd93) x27 0x00000001
core   0: 0x80004144 (0x01ecdc13) srli    s8, s9, 30
core   0: 3 0x80004144 (0x01ecdc13) x24 0x00000000
core   0: 0x80004148 (0x02d843b3) div     t2, a6, a3
core   0: 3 0x80004148 (0x02d843b3) x 7 0xfeaaaece
core   0: 0x8000414c (0x0182a2b3) slt     t0, t0, s8
core   0: 3 0x8000414c (0x0182a2b3) x 5 0x00000000
core   0: 0x80004150 (0x2bc1f913) andi    s2, gp, 700
core   0: 3 0x80004150 (0x2bc1f913) x18 0x00000000
core   0: 0x80004154 (0x8d8a5697) auipc   a3, 0x8d8a5
core   0: 3 0x80004154 (0x8d8a5697) x13 0x0d8a9154
core   0: 0x80004158 (0x8fa4a017) auipc   zero, 0x8fa4a
core   0: 3 0x80004158 (0x8fa4a017)
core   0: 0x8000415c (0x82c59637) lui     a2, 0x82c59
core   0: 3 0x8000415c (0x82c59637) x12 0x82c59000
core   0: 0x80004160 (0x0121ea33) or      s4, gp, s2
core   0: 3 0x80004160 (0x0121ea33) x20 0x80000141
core   0: 0x80004164 (0x00d605b3) add     a1, a2, a3
core   0: 3 0x80004164 (0x00d605b3) x11 0x90502154
core   0: 0x80004168 (0x9133fa13) andi    s4, t2, -1773
core   0: 3 0x80004168 (0x9133fa13) x20 0xfeaaa802
core   0: 0x8000416c (0x4178dd13) srai    s10, a7, 23
core   0: 3 0x8000416c (0x4178dd13) x26 0xffffffff
core   0: 0x80004170 (0x268dfc93) andi    s9, s11, 616
core   0: 3 0x80004170 (0x268dfc93) x25 0x00000000
core   0: 0x80004174 (0x012e8db3) add     s11, t4, s2
core   0: 3 0x80004174 (0x012e8db3) x27 0x80018533
core   0: 0x80004178 (0x40715793) srai    a5, sp, 7
core   0: 3 0x80004178 (0x40715793) x15 0x00000000
core   0: 0x8000417c (0x011fecb3) or      s9, t6, a7
core   0: 3 0x8000417c (0x011fecb3) x25 0xfffffe85
core   0: 0x80004180 (0x014be033) or      zero, s7, s4
core   0: 3 0x80004180 (0x014be033)
core   0: 0x80004184 (0x034ebeb3) mulhu   t4, t4, s4
core   0: 3 0x80004184 (0x034ebeb3) x29 0x7f56d72d
core   0: 0x80004188 (0x6687ae13) slti    t3, a5, 1640
core   0: 3 0x80004188 (0x6687ae13) x28 0x00000001
core   0: 0x8000418c (0x01509d13) slli    s10, ra, 21
core   0: 3 0x8000418c (0x01509d13) x26 0x00000000
core   0: 0x80004190 (0x00000013) nop
core   0: 3 0x80004190 (0x00000013)
core   0: 0x80004194 (0xc5cec313) xori    t1, t4, -932
core   0: 3 0x80004194 (0xc5cec313) x 6 0x80a92b71
core   0: 0x80004198 (0x0278ed33) rem     s10, a7, t2
core   0: 3 0x80004198 (0x0278ed33) x26 0xfffffe85
core   0: 0x8000419c (0x0372ad33) mulhsu  s10, t0, s7
core   0: 3 0x8000419c (0x0372ad33) x26 0x00000000
core   0: 0x800041a0 (0xa437f593) andi    a1, a5, -1469
core   0: 3 0x800041a0 (0xa437f593) x11 0x00000000
core   0: 0x800041a4 (0x01a1fdb3) and     s11, gp, s10
core   0: 3 0x800041a4 (0x01a1fdb3) x27 0x00000000
core   0: 0x800041a8 (0x02ce7eb3) remu    t4, t3, a2
core   0: 3 0x800041a8 (0x02ce7eb3) x29 0x00000001
core   0: 0x800041ac (0x01bb36b3) sltu    a3, s6, s11
core   0: 3 0x800041ac (0x01bb36b3) x13 0x00000000
core   0: 0x800041b0 (0x14083893) sltiu   a7, a6, 320
core   0: 3 0x800041b0 (0x14083893) x17 0x00000000
core   0: 0x800041b4 (0x94a3e093) ori     ra, t2, -1718
core   0: 3 0x800041b4 (0x94a3e093) x 1 0xffffffce
core   0: 0x800041b8 (0x40eb5c33) sra     s8, s6, a4
core   0: 3 0x800041b8 (0x40eb5c33) x24 0x80014e64
core   0: 0x800041bc (0x01069293) slli    t0, a3, 16
core   0: 3 0x800041bc (0x01069293) x 5 0x00000000
core   0: 0x800041c0 (0x0172ff33) and     t5, t0, s7
core   0: 3 0x800041c0 (0x0172ff33) x30 0x00000000
core   0: 0x800041c4 (0x03534e33) div     t3, t1, s5
core   0: 3 0x800041c4 (0x03534e33) x28 0xffffffff
core   0: 0x800041c8 (0x01635113) srli    sp, t1, 22
core   0: 3 0x800041c8 (0x01635113) x 2 0x00000202
core   0: 0x800041cc (0x011460b3) or      ra, s0, a7
core   0: 3 0x800041cc (0x011460b3) x 1 0x80018533
core   0: 0x800041d0 (0x408e04b3) sub     s1, t3, s0
core   0: 3 0x800041d0 (0x408e04b3) x 9 0x7ffe7acc
core   0: 0x800041d4 (0xe79ace93) xori    t4, s5, -391
core   0: 3 0x800041d4 (0xe79ace93) x29 0xfffffe79
core   0: 0x800041d8 (0x01a78f33) add     t5, a5, s10
core   0: 3 0x800041d8 (0x01a78f33) x30 0x00000000
core   0: 0x800041dc (0xc38a01b7) lui     gp, 0xc38a0
core   0: 3 0x800041dc (0xc38a01b7) x 3 0xc38a0000
core   0: 0x800041e0 (0x411589b3) sub     s3, a1, a7
core   0: 3 0x800041e0 (0x411589b3) x19 0x00000000
core   0: 0x800041e4 (0xb2e8e013) ori     zero, a7, -1234
core   0: 3 0x800041e4 (0xb2e8e013)
core   0: 0x800041e8 (0xbfaf7013) andi    zero, t5, -1030
core   0: 3 0x800041e8 (0xbfaf7013)
core   0: 0x800041ec (0xc032c437) lui     s0, 0xc032c
core   0: 3 0x800041ec (0xc032c437) x 8 0xc032c000
core   0: 0x800041f0 (0xe5130e93) addi    t4, t1, -431
core   0: 3 0x800041f0 (0xe5130e93) x29 0x80a929c2
core   0: 0x800041f4 (0x03f33933) mulhu   s2, t1, t6
core   0: 3 0x800041f4 (0x03f33933) x18 0x00000000
core   0: 0x800041f8 (0x015c8f33) add     t5, s9, s5
core   0: 3 0x800041f8 (0x015c8f33) x30 0xfffffe85
core   0: 0x800041fc (0x00948333) add     t1, s1, s1
core   0: 3 0x800041fc (0x00948333) x 6 0xfffcf598
core   0: 0x80004200 (0x014a5593) srli    a1, s4, 20
core   0: 3 0x80004200 (0x014a5593) x11 0x00000fea
core   0: 0x80004204 (0x0053cf33) xor     t5, t2, t0
core   0: 3 0x80004204 (0x0053cf33) x30 0xfeaaaece
core   0: 0x80004208 (0x00000013) nop
core   0: 3 0x80004208 (0x00000013)
core   0: 0x8000420c (0x015a7f33) and     t5, s4, s5
core   0: 3 0x8000420c (0x015a7f33) x30 0x00000000
core   0: 0x80004210 (0x02cb9e33) mulh    t3, s7, a2
core   0: 3 0x80004210 (0x02cb9e33) x28 0x00000212
core   0: 0x80004214 (0x77688a13) addi    s4, a7, 1910
core   0: 3 0x80004214 (0x77688a13) x20 0x00000776
core   0: 0x80004218 (0x40a65593) srai    a1, a2, 10
core   0: 3 0x80004218 (0x40a65593) x11 0xffe0b164
core   0: 0x8000421c (0x575d53b7) lui     t2, 0x575d5
core   0: 3 0x8000421c (0x575d53b7) x 7 0x575d5000
core   0: 0x80004220 (0x02e51cb3) mulh    s9, a0, a4
core   0: 3 0x80004220 (0x02e51cb3) x25 0x00000000
core   0: 0x80004224 (0x02e73933) mulhu   s2, a4, a4
core   0: 3 0x80004224 (0x02e73933) x18 0x00000000
core   0: 0x80004228 (0x15f84f97) auipc   t6, 0x15f84
core   0: 3 0x80004228 (0x15f84f97) x31 0x95f88228
core   0: 0x8000422c (0x00708e33) add     t3, ra, t2
core   0: 3 0x8000422c (0x00708e33) x28 0xd75ed533
core   0: 0x80004230 (0x0070d193) srli    gp, ra, 7
core   0: 3 0x80004230 (0x0070d193) x 3 0x0100030a
core   0: 0x80004234 (0x40cc5493) srai    s1, s8, 12
core   0: 3 0x80004234 (0x40cc5493) x 9 0xfff80014
core   0: 0x80004238 (0x012aacb3) slt     s9, s5, s2
core   0: 3 0x80004238 (0x012aacb3) x25 0x00000000
core   0: 0x8000423c (0x00487d33) and     s10, a6, tp
core   0: 3 0x8000423c (0x00487d33) x26 0x00000000
core   0: 0x80004240 (0x027ebf33) mulhu   t5, t4, t2
core   0: 3 0x80004240 (0x027ebf33) x30 0x2be862d9
core   0: 0x80004244 (0xaa5b1fb7) lui     t6, 0xaa5b1
core   0: 3 0x80004244 (0xaa5b1fb7) x31 0xaa5b1000
core   0: 0x80004248 (0x4006de13) srai    t3, a3, 0
core   0: 3 0x80004248 (0x4006de13) x28 0x00000000
core   0: 0x8000424c (0xd755b137) lui     sp, 0xd755b
core   0: 3 0x8000424c (0xd755b137) x 2 0xd755b000
core   0: 0x80004250 (0x02022333) mulhsu  t1, tp, zero
core   0: 3 0x80004250 (0x02022333) x 6 0x00000000
core   0: 0x80004254 (0x413d5d33) sra     s10, s10, s3
core   0: 3 0x80004254 (0x413d5d33) x26 0x00000000
core   0: 0x80004258 (0x00dcda93) srli    s5, s9, 13
core   0: 3 0x80004258 (0x00dcda93) x21 0x00000000
core   0: 0x8000425c (0x93f88693) addi    a3, a7, -1729
core   0: 3 0x8000425c (0x93f88693) x13 0xfffff93f
core   0: 0x80004260 (0x49a28013) addi    zero, t0, 1178
core   0: 3 0x80004260 (0x49a28013)
core   0: 0x80004264 (0x03221bb3) mulh    s7, tp, s2
core   0: 3 0x80004264 (0x03221bb3) x23 0x00000000
core   0: 0x80004268 (0x003c5a33) srl     s4, s8, gp
core   0: 3 0x80004268 (0x003c5a33) x20 0x00200053
core   0: 0x8000426c (0x01929393) slli    t2, t0, 25
core   0: 3 0x8000426c (0x01929393) x 7 0x00000000
core   0: 0x80004270 (0x41f7d593) srai    a1, a5, 31
core   0: 3 0x80004270 (0x41f7d593) x11 0x00000000
core   0: 0x80004274 (0x00d1e433) or      s0, gp, a3
core   0: 3 0x80004274 (0x00d1e433) x 8 0xfffffb3f
core   0: 0x80004278 (0x035faf33) mulhsu  t5, t6, s5
core   0: 3 0x80004278 (0x035faf33) x30 0x00000000
core   0: 0x8000427c (0x00392133) slt     sp, s2, gp
core   0: 3 0x8000427c (0x00392133) x 2 0x00000001
core   0: 0x80004280 (0x01acbab3) sltu    s5, s9, s10
core   0: 3 0x80004280 (0x01acbab3) x21 0x00000000
core   0: 0x80004284 (0x9270c297) auipc   t0, 0x9270c
core   0: 3 0x80004284 (0x9270c297) x 5 0x12710284
core   0: 0x80004288 (0x010e85b3) add     a1, t4, a6
core   0: 3 0x80004288 (0x010e85b3) x11 0x00aab6a6
core   0: 0x8000428c (0x004e29b3) slt     s3, t3, tp
core   0: 3 0x8000428c (0x004e29b3) x19 0x00000000
core   0: 0x80004290 (0x0203a333) mulhsu  t1, t2, zero
core   0: 3 0x80004290 (0x0203a333) x 6 0x00000000
core   0: 0x80004294 (0x00000013) nop
core   0: 3 0x80004294 (0x00000013)
core   0: 0x80004298 (0x00bc3bb3) sltu    s7, s8, a1
core   0: 3 0x80004298 (0x00bc3bb3) x23 0x00000000
core   0: 0x8000429c (0x031065b3) rem     a1, zero, a7
core   0: 3 0x8000429c (0x031065b3) x11 0x00000000
core   0: 0x800042a0 (0x00463633) sltu    a2, a2, tp
core   0: 3 0x800042a0 (0x00463633) x12 0x00000000
core   0: 0x800042a4 (0x005545b3) xor     a1, a0, t0
core   0: 3 0x800042a4 (0x005545b3) x11 0x92710284
core   0: 0x800042a8 (0x02cba233) mulhsu  tp, s7, a2
core   0: 3 0x800042a8 (0x02cba233) x 4 0x00000000
core   0: 0x800042ac (0xa321c713) xori    a4, gp, -1486
core   0: 3 0x800042ac (0xa321c713) x14 0xfefff938
core   0: 0x800042b0 (0x02ea0cb3) mul     s9, s4, a4
core   0: 3 0x800042b0 (0x02ea0cb3) x25 0xd3fdcd28
core   0: 0x800042b4 (0xbd78bc93) sltiu   s9, a7, -1065
core   0: 3 0x800042b4 (0xbd78bc93) x25 0x00000001
core   0: 0x800042b8 (0x0392bab3) mulhu   s5, t0, s9
core   0: 3 0x800042b8 (0x0392bab3) x21 0x00000000
core   0: 0x800042bc (0x0372a0b3) mulhsu  ra, t0, s7
core   0: 3 0x800042bc (0x0372a0b3) x 1 0x00000000
core   0: 0x800042c0 (0x03bb0db3) mul     s11, s6, s11
core   0: 3 0x800042c0 (0x03bb0db3) x27 0x00000000
core   0: 0x800042c4 (0x00000013) nop
core   0: 3 0x800042c4 (0x00000013)
core   0: 0x800042c8 (0x41e6ddb3) sra     s11, a3, t5
core   0: 3 0x800042c8 (0x41e6ddb3) x27 0xfffff93f
core   0: 0x800042cc (0x2b0fecb7) lui     s9, 0x2b0fe
core   0: 3 0x800042cc (0x2b0fecb7) x25 0x2b0fe000
core   0: 0x800042d0 (0x02b1ca33) div     s4, gp, a1
core   0: 3 0x800042d0 (0x02b1ca33) x20 0x00000000
core   0: 0x800042d4 (0x71eff8b7) lui     a7, 0x71eff
core   0: 3 0x800042d4 (0x71eff8b7) x17 0x71eff000
core   0: 0x800042d8 (0xbef98493) addi    s1, s3, -1041
core   0: 3 0x800042d8 (0xbef98493) x 9 0xfffffbef
core   0: 0x800042dc (0x4058d113) srai    sp, a7, 5
core   0: 3 0x800042dc (0x4058d113) x 2 0x038f7f80
core   0: 0x800042e0 (0x44a22f17) auipc   t5, 0x44a22
core   0: 3 0x800042e0 (0x44a22f17) x30 0xc4a262e0
core   0: 0x800042e4 (0x01adbc33) sltu    s8, s11, s10
core   0: 3 0x800042e4 (0x01adbc33) x24 0x00000000
core   0: 0x800042e8 (0x0ce06497) auipc   s1, 0xce06
core   0: 3 0x800042e8 (0x0ce06497) x 9 0x8ce0a2e8
core   0: 0x800042ec (0x03c69cb3) mulh    s9, a3, t3
core   0: 3 0x800042ec (0x03c69cb3) x25 0x00000000
core   0: 0x800042f0 (0x014be233) or      tp, s7, s4
core   0: 3 0x800042f0 (0x014be233) x 4 0x00000000
core   0: 0x800042f4 (0x6eba3737) lui     a4, 0x6eba3
core   0: 3 0x800042f4 (0x6eba3737) x14 0x6eba3000
core   0: 0x800042f8 (0x01bfc733) xor     a4, t6, s11
core   0: 3 0x800042f8 (0x01bfc733) x14 0x55a4e93f
core   0: 0x800042fc (0x0079d033) srl     zero, s3, t2
core   0: 3 0x800042fc (0x0079d033)
core   0: 0x80004300 (0x03553433) mulhu   s0, a0, s5
core   0: 3 0x80004300 (0x03553433) x 8 0x00000000
core   0: 0x80004304 (0x00561d33) sll     s10, a2, t0
core   0: 3 0x80004304 (0x00561d33) x26 0x00000000
core   0: 0x80004308 (0xfc932913) slti    s2, t1, -55
core   0: 3 0x80004308 (0xfc932913) x18 0x00000000
core   0: 0x8000430c (0x0193c133) xor     sp, t2, s9
core   0: 3 0x8000430c (0x0193c133) x 2 0x00000000
core   0: 0x80004310 (0x41160bb3) sub     s7, a2, a7
core   0: 3 0x80004310 (0x41160bb3) x23 0x8e101000
core   0: 0x80004314 (0x0008a9b3) slt     s3, a7, zero
core   0: 3 0x80004314 (0x0008a9b3) x19 0x00000000
core   0: 0x80004318 (0x00e25013) srli    zero, tp, 14
core   0: 3 0x80004318 (0x00e25013)
core   0: 0x8000431c (0x022eac33) mulhsu  s8, t4, sp
core   0: 3 0x8000431c (0x022eac33) x24 0x00000000
core   0: 0x80004320 (0x12c77413) andi    s0, a4, 300
core   0: 3 0x80004320 (0x12c77413) x 8 0x0000012c
core   0: 0x80004324 (0x2ec01e17) auipc   t3, 0x2ec01
core   0: 3 0x80004324 (0x2ec01e17) x28 0xaec05324
core   0: 0x80004328 (0x036adbb3) divu    s7, s5, s6
core   0: 3 0x80004328 (0x036adbb3) x23 0x00000000
core   0: 0x8000432c (0x83e46713) ori     a4, s0, -1986
core   0: 3 0x8000432c (0x83e46713) x14 0xfffff93e
core   0: 0x80004330 (0x02dc0c33) mul     s8, s8, a3
core   0: 3 0x80004330 (0x02dc0c33) x24 0x00000000
core   0: 0x80004334 (0x657b3993) sltiu   s3, s6, 1623
core   0: 3 0x80004334 (0x657b3993) x19 0x00000000
core   0: 0x80004338 (0x7d2880b7) lui     ra, 0x7d288
core   0: 3 0x80004338 (0x7d2880b7) x 1 0x7d288000
core   0: 0x8000433c (0x78604a93) xori    s5, zero, 1926
core   0: 3 0x8000433c (0x78604a93) x21 0x00000786
core   0: 0x80004340 (0x00000013) nop
core   0: 3 0x80004340 (0x00000013)
core   0: 0x80004344 (0x464a4793) xori    a5, s4, 1124
core   0: 3 0x80004344 (0x464a4793) x15 0x00000464
core   0: 0x80004348 (0x737f4213) xori    tp, t5, 1847
core   0: 3 0x80004348 (0x737f4213) x 4 0xc4a265d7
core   0: 0x8000434c (0x008b1f17) auipc   t5, 0x8b1
core   0: 3 0x8000434c (0x008b1f17) x30 0x808b534c
core   0: 0x80004350 (0x02706a33) rem     s4, zero, t2
core   0: 3 0x80004350 (0x02706a33) x20 0x00000000
core   0: 0x80004354 (0x1f1f7993) andi    s3, t5, 497
core   0: 3 0x80004354 (0x1f1f7993) x19 0x00000140
core   0: 0x80004358 (0x01fd98b3) sll     a7, s11, t6
core   0: 3 0x80004358 (0x01fd98b3) x17 0xfffff93f
core   0: 0x8000435c (0x8b353313) sltiu   t1, a0, -1869
core   0: 3 0x8000435c (0x8b353313) x 6 0x00000001
core   0: 0x80004360 (0x512cff13) andi    t5, s9, 1298
core   0: 3 0x80004360 (0x512cff13) x30 0x00000000
core   0: 0x80004364 (0x02eeca33) div     s4, t4, a4
core   0: 3 0x80004364 (0x02eeca33) x20 0x0012d7df
core   0: 0x80004368 (0xb3486f13) ori     t5, a6, -1228
core   0: 3 0x80004368 (0xb3486f13) x30 0xfffffff4
core   0: 0x8000436c (0x415481b3) sub     gp, s1, s5
core   0: 3 0x8000436c (0x415481b3) x 3 0x8ce09b62
core   0: 0x80004370 (0x00ca54b3) srl     s1, s4, a2
core   0: 3 0x80004370 (0x00ca54b3) x 9 0x0012d7df
core   0: 0x80004374 (0x0333c233) div     tp, t2, s3
core   0: 3 0x80004374 (0x0333c233) x 4 0x00000000
core   0: 0x80004378 (0x4189d493) srai    s1, s3, 24
core   0: 3 0x80004378 (0x4189d493) x 9 0x00000000
core   0: 0x8000437c (0x03e388b3) mul     a7, t2, t5
core   0: 3 0x8000437c (0x03e388b3) x17 0x00000000
core   0: 0x80004380 (0xa1cea413) slti    s0, t4, -1508
core   0: 3 0x80004380 (0xa1cea413) x 8 0x00000001
core   0: 0x80004384 (0x8b57a613) slti    a2, a5, -1867
core   0: 3 0x80004384 (0x8b57a613) x12 0x00000000
core   0: 0x80004388 (0x01bcd433) srl     s0, s9, s11
core   0: 3 0x80004388 (0x01bcd433) x 8 0x00000000
core   0: 0x8000438c (0x010385b3) add     a1, t2, a6
core   0: 3 0x8000438c (0x010385b3) x11 0x80018ce4
core   0: 0x80004390 (0x021ef6b3) remu    a3, t4, ra
core   0: 3 0x80004390 (0x021ef6b3) x13 0x0380a9c2
core   0: 0x80004394 (0x03928233) mul     tp, t0, s9
core   0: 3 0x80004394 (0x03928233) x 4 0x00000000
core   0: 0x80004398 (0x004b9fb3) sll     t6, s7, tp
core   0: 3 0x80004398 (0x004b9fb3) x31 0x00000000
core   0: 0x8000439c (0x01bddc33) srl     s8, s11, s11
core   0: 3 0x8000439c (0x01bddc33) x24 0x00000001
core   0: 0x800043a0 (0x011fc633) xor     a2, t6, a7
core   0: 3 0x800043a0 (0x011fc633) x12 0x00000000
core   0: 0x800043a4 (0x5ae50013) addi    zero, a0, 1454
core   0: 3 0x800043a4 (0x5ae50013)
core   0: 0x800043a8 (0x41485eb3) sra     t4, a6, s4
core   0: 3 0x800043a8 (0x41485eb3) x29 0xffffffff
core   0: 0x800043ac (0x01de3733) sltu    a4, t3, t4
core   0: 3 0x800043ac (0x01de3733) x14 0x00000001
core   0: 0x800043b0 (0x02bf3633) mulhu   a2, t5, a1
core   0: 3 0x800043b0 (0x02bf3633) x12 0x80018cdd
core   0: 0x800043b4 (0x03d075b3) remu    a1, zero, t4
core   0: 3 0x800043b4 (0x03d075b3) x11 0x00000000
core   0: 0x800043b8 (0x009b37b3) sltu    a5, s6, s1
core   0: 3 0x800043b8 (0x009b37b3) x15 0x00000000
core   0: 0x800043bc (0x012f8a33) add     s4, t6, s2
core   0: 3 0x800043bc (0x012f8a33) x20 0x00000000
core   0: 0x800043c0 (0x0358bcb3) mulhu   s9, a7, s5
core   0: 3 0x800043c0 (0x0358bcb3) x25 0x00000000
core   0: 0x800043c4 (0x7e3c3a93) sltiu   s5, s8, 2019
core   0: 3 0x800043c4 (0x7e3c3a93) x21 0x00000001
core   0: 0x800043c8 (0x013f2433) slt     s0, t5, s3
core   0: 3 0x800043c8 (0x013f2433) x 8 0x00000001
core   0: 0x800043cc (0x00f75bb3) srl     s7, a4, a5
core   0: 3 0x800043cc (0x00f75bb3) x23 0x00000001
core   0: 0x800043d0 (0x01e0d733) srl     a4, ra, t5
core   0: 3 0x800043d0 (0x01e0d733) x14 0x000007d2
core   0: 0x800043d4 (0x6223f137) lui     sp, 0x6223f
core   0: 3 0x800043d4 (0x6223f137) x 2 0x6223f000
core   0: 0x800043d8 (0x5903c913) xori    s2, t2, 1424
core   0: 3 0x800043d8 (0x5903c913) x18 0x00000590
core   0: 0x800043dc (0x1c50fc13) andi    s8, ra, 453
core   0: 3 0x800043dc (0x1c50fc13) x24 0x00000000
core   0: 0x800043e0 (0x007d1913) slli    s2, s10, 7
core   0: 3 0x800043e0 (0x007d1913) x18 0x00000000
core   0: 0x800043e4 (0x018d5933) srl     s2, s10, s8
core   0: 3 0x800043e4 (0x018d5933) x18 0x00000000
core   0: 0x800043e8 (0x683ce293) ori     t0, s9, 1667
core   0: 3 0x800043e8 (0x683ce293) x 5 0x00000683
core   0: 0x800043ec (0x03139c33) mulh    s8, t2, a7
core   0: 3 0x800043ec (0x03139c33) x24 0x00000000
core   0: 0x800043f0 (0xa658ac93) slti    s9, a7, -1435
core   0: 3 0x800043f0 (0xa658ac93) x25 0x00000000
core   0: 0x800043f4 (0x1f116a13) ori     s4, sp, 497
core   0: 3 0x800043f4 (0x1f116a13) x20 0x6223f1f1
core   0: 0x800043f8 (0x0021abb3) slt     s7, gp, sp
core   0: 3 0x800043f8 (0x0021abb3) x23 0x00000001
core   0: 0x800043fc (0x03b917b3) mulh    a5, s2, s11
core   0: 3 0x800043fc (0x03b917b3) x15 0x00000000
core   0: 0x80004400 (0x02fbe6b3) rem     a3, s7, a5
core   0: 3 0x80004400 (0x02fbe6b3) x13 0x00000001
core   0: 0x80004404 (0x40ffda33) sra     s4, t6, a5
core   0: 3 0x80004404 (0x40ffda33) x20 0x00000000
core   0: 0x80004408 (0x413a5fb3) sra     t6, s4, s3
core   0: 3 0x80004408 (0x413a5fb3) x31 0x00000000
core   0: 0x8000440c (0x257aec13) ori     s8, s5, 599
core   0: 3 0x8000440c (0x257aec13) x24 0x00000257
core   0: 0x80004410 (0x020d8a33) mul     s4, s11, zero
core   0: 3 0x80004410 (0x020d8a33) x20 0x00000000
core   0: 0x80004414 (0x1178e213) ori     tp, a7, 279
core   0: 3 0x80004414 (0x1178e213) x 4 0x00000117
core   0: 0x80004418 (0x93e90417) auipc   s0, 0x93e90
core   0: 3 0x80004418 (0x93e90417) x 8 0x13e94418
core   0: 0x8000441c (0x03b26d33) rem     s10, tp, s11
core   0: 3 0x8000441c (0x03b26d33) x26 0x00000117
core   0: 0x80004420 (0x008e9893) slli    a7, t4, 8
core   0: 3 0x80004420 (0x008e9893) x17 0xffffff00
core   0: 0x80004424 (0x0d9d3013) sltiu   zero, s10, 217
core   0: 3 0x80004424 (0x0d9d3013)
core   0: 0x80004428 (0x00000013) nop
core   0: 3 0x80004428 (0x00000013)
core   0: 0x8000442c (0x416eac13) slti    s8, t4, 1046
core   0: 3 0x8000442c (0x416eac13) x24 0x00000001
core   0: 0x80004430 (0x06796097) auipc   ra, 0x6796
core   0: 3 0x80004430 (0x06796097) x 1 0x8679a430
core   0: 0x80004434 (0x00f4cd33) xor     s10, s1, a5
core   0: 3 0x80004434 (0x00f4cd33) x26 0x00000000
core   0: 0x80004438 (0x03aa2c33) mulhsu  s8, s4, s10
core   0: 3 0x80004438 (0x03aa2c33) x24 0x00000000
core   0: 0x8000443c (0x8ced0013) addi    zero, s10, -1842
core   0: 3 0x8000443c (0x8ced0013)
core   0: 0x80004440 (0xe5793437) lui     s0, 0xe5793
core   0: 3 0x80004440 (0xe5793437) x 8 0xe5793000
core   0: 0x80004444 (0x0033d8b3) srl     a7, t2, gp
core   0: 3 0x80004444 (0x0033d8b3) x17 0x00000000
core   0: 0x80004448 (0xbb90a017) auipc   zero, 0xbb90a
core   0: 3 0x80004448 (0xbb90a017)
core   0: 0x8000444c (0x01011b93) slli    s7, sp, 16
core   0: 3 0x8000444c (0x01011b93) x23 0xf0000000
core   0: 0x80004450 (0x71291a97) auipc   s5, 0x71291
core   0: 3 0x80004450 (0x71291a97) x21 0xf1295450
core   0: 0x80004454 (0x020fc8b3) div     a7, t6, zero
core   0: 3 0x80004454 (0x020fc8b3) x17 0xffffffff
core   0: 0x80004458 (0x00000013) nop
core   0: 3 0x80004458 (0x00000013)
core   0: 0x8000445c (0x01a51eb3) sll     t4, a0, s10
core   0: 3 0x8000445c (0x01a51eb3) x29 0x80000000
core   0: 0x80004460 (0x01599ab3) sll     s5, s3, s5
core   0: 3 0x80004460 (0x01599ab3) x21 0x01400000
core   0: 0x80004464 (0x00000013) nop
core   0: 3 0x80004464 (0x00000013)
core   0: 0x80004468 (0xc8f36d13) ori     s10, t1, -881
core   0: 3 0x80004468 (0xc8f36d13) x26 0xfffffc8f
core   0: 0x8000446c (0x485a0d13) addi    s10, s4, 1157
core   0: 3 0x8000446c (0x485a0d13) x26 0x00000485
core   0: 0x80004470 (0x3eaa6713) ori     a4, s4, 1002
core   0: 3 0x80004470 (0x3eaa6713) x14 0x000003ea
core   0: 0x80004474 (0x038c48b3) div     a7, s8, s8
core   0: 3 0x80004474 (0x038c48b3) x17 0xffffffff
core   0: 0x80004478 (0x020be133) rem     sp, s7, zero
core   0: 3 0x80004478 (0x020be133) x 2 0xf0000000
core   0: 0x8000447c (0x009aa8b3) slt     a7, s5, s1
core   0: 3 0x8000447c (0x009aa8b3) x17 0x00000000
core   0: 0x80004480 (0x03ce2ab3) mulhsu  s5, t3, t3
core   0: 3 0x80004480 (0x03ce2ab3) x21 0xc889ae5d
core   0: 0x80004484 (0x00775013) srli    zero, a4, 7
core   0: 3 0x80004484 (0x00775013)
core   0: 0x80004488 (0x01972333) slt     t1, a4, s9
core   0: 3 0x80004488 (0x01972333) x 6 0x00000000
core   0: 0x8000448c (0x030bde33) divu    t3, s7, a6
core   0: 3 0x8000448c (0x030bde33) x28 0x00000001
core   0: 0x80004490 (0x5dd20713) addi    a4, tp, 1501
core   0: 3 0x80004490 (0x5dd20713) x14 0x000006f4
core   0: 0x80004494 (0xe5448013) addi    zero, s1, -428
core   0: 3 0x80004494 (0xe5448013)
core   0: 0x80004498 (0x02fd6a33) rem     s4, s10, a5
core   0: 3 0x80004498 (0x02fd6a33) x20 0x00000485
core   0: 0x8000449c (0x0367bc33) mulhu   s8, a5, s6
core   0: 3 0x8000449c (0x0367bc33) x24 0x00000000
core   0: 0x800044a0 (0x00989133) sll     sp, a7, s1
core   0: 3 0x800044a0 (0x00989133) x 2 0x00000000
core   0: 0x800044a4 (0x00d0bd33) sltu    s10, ra, a3
core   0: 3 0x800044a4 (0x00d0bd33) x26 0x00000000
core   0: 0x800044a8 (0x03d17133) remu    sp, sp, t4
core   0: 3 0x800044a8 (0x03d17133) x 2 0x00000000
core   0: 0x800044ac (0x0399e333) rem     t1, s3, s9
core   0: 3 0x800044ac (0x0399e333) x 6 0x00000140
core   0: 0x800044b0 (0x00109333) sll     t1, ra, ra
core   0: 3 0x800044b0 (0x00109333) x 6 0xa4300000
core   0: 0x800044b4 (0xa4cb3793) sltiu   a5, s6, -1460
core   0: 3 0x800044b4 (0xa4cb3793) x15 0x00000001
core   0: 0x800044b8 (0x01029b93) slli    s7, t0, 16
core   0: 3 0x800044b8 (0x01029b93) x23 0x06830000
core   0: 0x800044bc (0x02726133) rem     sp, tp, t2
core   0: 3 0x800044bc (0x02726133) x 2 0x00000117
core   0: 0x800044c0 (0x7eb49937) lui     s2, 0x7eb49
core   0: 3 0x800044c0 (0x7eb49937) x18 0x7eb49000
core   0: 0x800044c4 (0x4bfd6b93) ori     s7, s10, 1215
core   0: 3 0x800044c4 (0x4bfd6b93) x23 0x000004bf
core   0: 0x800044c8 (0xe8bd4793) xori    a5, s10, -373
core   0: 3 0x800044c8 (0xe8bd4793) x15 0xfffffe8b
core   0: 0x800044cc (0x032d1033) mulh    zero, s10, s2
core   0: 3 0x800044cc (0x032d1033)
core   0: 0x800044d0 (0x02a1e9b3) rem     s3, gp, a0
core   0: 3 0x800044d0 (0x02a1e9b3) x19 0x8ce09b62
core   0: 0x800044d4 (0x0109d333) srl     t1, s3, a6
core   0: 3 0x800044d4 (0x0109d333) x 6 0x08ce09b6
core   0: 0x800044d8 (0xd73af893) andi    a7, s5, -653
core   0: 3 0x800044d8 (0xd73af893) x17 0xc889ac51
core   0: 0x800044dc (0x00cf5733) srl     a4, t5, a2
core   0: 3 0x800044dc (0x00cf5733) x14 0x00000007
core   0: 0x800044e0 (0x001e60b3) or      ra, t3, ra
core   0: 3 0x800044e0 (0x001e60b3) x 1 0x8679a431
core   0: 0x800044e4 (0xd50ff693) andi    a3, t6, -688
core   0: 3 0x800044e4 (0xd50ff693) x13 0x00000000
core   0: 0x800044e8 (0xd6516913) ori     s2, sp, -667
core   0: 3 0x800044e8 (0xd6516913) x18 0xfffffd77
core   0: 0x800044ec (0x226e8113) addi    sp, t4, 550
core   0: 3 0x800044ec (0x226e8113) x 2 0x80000226
core   0: 0x800044f0 (0x033448b3) div     a7, s0, s3
core   0: 3 0x800044f0 (0x033448b3) x17 0x00000000
core   0: 0x800044f4 (0xb4db3893) sltiu   a7, s6, -1203
core   0: 3 0x800044f4 (0xb4db3893) x17 0x00000001
core   0: 0x800044f8 (0x00569013) slli    zero, a3, 5
core   0: 3 0x800044f8 (0x00569013)
core   0: 0x800044fc (0x0098e0b3) or      ra, a7, s1
core   0: 3 0x800044fc (0x0098e0b3) x 1 0x00000001
core   0: 0x80004500 (0x034459b3) divu    s3, s0, s4
core   0: 3 0x80004500 (0x034459b3) x19 0x0032c612
core   0: 0x80004504 (0x038a5433) divu    s0, s4, s8
core   0: 3 0x80004504 (0x038a5433) x 8 0xffffffff
core   0: 0x80004508 (0xce8c0913) addi    s2, s8, -792
core   0: 3 0x80004508 (0xce8c0913) x18 0xfffffce8
core   0: 0x8000450c (0xe72f2313) slti    t1, t5, -398
core   0: 3 0x8000450c (0xe72f2313) x 6 0x00000000
core   0: 0x80004510 (0x00000013) nop
core   0: 3 0x80004510 (0x00000013)
core   0: 0x80004514 (0x00463033) sltu    zero, a2, tp
core   0: 3 0x80004514 (0x00463033)
core   0: 0x80004518 (0x0369fbb3) remu    s7, s3, s6
core   0: 3 0x80004518 (0x0369fbb3) x23 0x0032c612
core   0: 0x8000451c (0x0109b8b3) sltu    a7, s3, a6
core   0: 3 0x8000451c (0x0109b8b3) x17 0x00000001
core   0: 0x80004520 (0x0362d5b3) divu    a1, t0, s6
core   0: 3 0x80004520 (0x0362d5b3) x11 0x00000000
core   0: 0x80004524 (0x00241d13) slli    s10, s0, 2
core   0: 3 0x80004524 (0x00241d13) x26 0xfffffffc
core   0: 0x80004528 (0x00eaa4b3) slt     s1, s5, a4
core   0: 3 0x80004528 (0x00eaa4b3) x 9 0x00000001
core   0: 0x8000452c (0x015a86b3) add     a3, s5, s5
core   0: 3 0x8000452c (0x015a86b3) x13 0x91135cba
core   0: 0x80004530 (0x002a60b3) or      ra, s4, sp
core   0: 3 0x80004530 (0x002a60b3) x 1 0x800006a7
core   0: 0x80004534 (0x021cd0b3) divu    ra, s9, ra
core   0: 3 0x80004534 (0x021cd0b3) x 1 0x00000000
core   0: 0x80004538 (0x0210dc33) divu    s8, ra, ra
core   0: 3 0x80004538 (0x0210dc33) x24 0xffffffff
core   0: 0x8000453c (0x03df4cb3) div     s9, t5, t4
core   0: 3 0x8000453c (0x03df4cb3) x25 0x00000000
core   0: 0x80004540 (0x023438b3) mulhu   a7, s0, gp
core   0: 3 0x80004540 (0x023438b3) x17 0x8ce09b61
core   0: 0x80004544 (0x0080dfb3) srl     t6, ra, s0
core   0: 3 0x80004544 (0x0080dfb3) x31 0x00000000
core   0: 0x80004548 (0x41820a33) sub     s4, tp, s8
core   0: 3 0x80004548 (0x41820a33) x20 0x00000118
core   0: 0x8000454c (0x003b0e33) add     t3, s6, gp
core   0: 3 0x8000454c (0x003b0e33) x28 0x0ce1e9c6
core   0: 0x80004550 (0x00b80eb3) add     t4, a6, a1
core   0: 3 0x80004550 (0x00b80eb3) x29 0x80018ce4
core   0: 0x80004554 (0xc0403c93) sltiu   s9, zero, -1020
core   0: 3 0x80004554 (0xc0403c93) x25 0x00000001
core   0: 0x80004558 (0x036c3db3) mulhu   s11, s8, s6
core   0: 3 0x80004558 (0x036c3db3) x27 0x80014e63
core   0: 0x8000455c (0x0294e6b3) rem     a3, s1, s1
core   0: 3 0x8000455c (0x0294e6b3) x13 0x00000000
core   0: 0x80004560 (0x01597fb3) and     t6, s2, s5
core   0: 3 0x80004560 (0x01597fb3) x31 0xc889ac48
core   0: 0x80004564 (0x00000013) nop
core   0: 3 0x80004564 (0x00000013)
core   0: 0x80004568 (0x41765c93) srai    s9, a2, 23
core   0: 3 0x80004568 (0x41765c93) x25 0xffffff00
core   0: 0x8000456c (0x9d627493) andi    s1, tp, -1578
core   0: 3 0x8000456c (0x9d627493) x 9 0x00000116
core   0: 0x80004570 (0x33c885b7) lui     a1, 0x33c88
core   0: 3 0x80004570 (0x33c885b7) x11 0x33c88000
core   0: 0x80004574 (0x02226c33) rem     s8, tp, sp
core   0: 3 0x80004574 (0x02226c33) x24 0x00000117
core   0: 0x80004578 (0x03e57333) remu    t1, a0, t5
core   0: 3 0x80004578 (0x03e57333) x 6 0x80000000
core   0: 0x8000457c (0x01feb3b3) sltu    t2, t4, t6
core   0: 3 0x8000457c (0x01feb3b3) x 7 0x00000001
core   0: 0x80004580 (0x40388433) sub     s0, a7, gp
core   0: 3 0x80004580 (0x40388433) x 8 0xffffffff
core   0: 0x80004584 (0x41a65e33) sra     t3, a2, s10
core   0: 3 0x80004584 (0x41a65e33) x28 0xfffffff8
core   0: 0x80004588 (0x01bb5113) srli    sp, s6, 27
core   0: 3 0x80004588 (0x01bb5113) x 2 0x00000010
core   0: 0x8000458c (0xa76d3793) sltiu   a5, s10, -1418
core   0: 3 0x8000458c (0xa76d3793) x15 0x00000000
core   0: 0x80004590 (0x00000013) nop
core   0: 3 0x80004590 (0x00000013)
core   0: 0x80004594 (0xe00cb397) auipc   t2, 0xe00cb
core   0: 3 0x80004594 (0xe00cb397) x 7 0x600cf594
core   0: 0x80004598 (0x00ecfbb3) and     s7, s9, a4
core   0: 3 0x80004598 (0x00ecfbb3) x23 0x00000000
core   0: 0x8000459c (0x01a478b3) and     a7, s0, s10
core   0: 3 0x8000459c (0x01a478b3) x17 0xfffffffc
core   0: 0x800045a0 (0x0c36e913) ori     s2, a3, 195
core   0: 3 0x800045a0 (0x0c36e913) x18 0x000000c3
core   0: 0x800045a4 (0x4a148093) addi    ra, s1, 1185
core   0: 3 0x800045a4 (0x4a148093) x 1 0x000005b7
core   0: 0x800045a8 (0x026841b3) div     gp, a6, t1
core   0: 3 0x800045a8 (0x026841b3) x 3 0x00000000
core   0: 0x800045ac (0x8f0db713) sltiu   a4, s11, -1808
core   0: 3 0x800045ac (0x8f0db713) x14 0x00000001
core   0: 0x800045b0 (0x2a59b193) sltiu   gp, s3, 677
core   0: 3 0x800045b0 (0x2a59b193) x 3 0x00000000
core   0: 0x800045b4 (0x00000013) nop
core   0: 3 0x800045b4 (0x00000013)
core   0: 0x800045b8 (0x0158f333) and     t1, a7, s5
core   0: 3 0x800045b8 (0x0158f333) x 6 0xc889ae5c
core   0: 0x800045bc (0x407a09b3) sub     s3, s4, t2
core   0: 3 0x800045bc (0x407a09b3) x19 0x9ff30b84
core   0: 0x800045c0 (0x03ce0cb3) mul     s9, t3, t3
core   0: 3 0x800045c0 (0x03ce0cb3) x25 0x00000040
core   0: 0x800045c4 (0x8ae02137) lui     sp, 0x8ae02
core   0: 3 0x800045c4 (0x8ae02137) x 2 0x8ae02000
core   0: 0x800045c8 (0x00410bb3) add     s7, sp, tp
core   0: 3 0x800045c8 (0x00410bb3) x23 0x8ae02117
core   0: 0x800045cc (0x019261b3) or      gp, tp, s9
core   0: 3 0x800045cc (0x019261b3) x 3 0x00000157
core   0: 0x800045d0 (0x4078d9b3) sra     s3, a7, t2
core   0: 3 0x800045d0 (0x4078d9b3) x19 0xffffffff
core   0: 0x800045d4 (0x23eb26b7) lui     a3, 0x23eb2
core   0: 3 0x800045d4 (0x23eb26b7) x13 0x23eb2000
core   0: 0x800045d8 (0x037ed333) divu    t1, t4, s7
core   0: 3 0x800045d8 (0x037ed333) x 6 0x00000000
core   0: 0x800045dc (0x01287ab3) and     s5, a6, s2
core   0: 3 0x800045dc (0x01287ab3) x21 0x000000c0
core   0: 0x800045e0 (0x03d1d0b3) divu    ra, gp, t4
core   0: 3 0x800045e0 (0x03d1d0b3) x 1 0x00000000
core   0: 0x800045e4 (0x00a79433) sll     s0, a5, a0
core   0: 3 0x800045e4 (0x00a79433) x 8 0x00000000
core   0: 0x800045e8 (0x0201edb3) rem     s11, gp, zero
core   0: 3 0x800045e8 (0x0201edb3) x27 0x00000157
core   0: 0x800045ec (0x008aec33) or      s8, s5, s0
core   0: 3 0x800045ec (0x008aec33) x24 0x000000c0
core   0: 0x800045f0 (0x0359fa33) remu    s4, s3, s5
core   0: 3 0x800045f0 (0x0359fa33) x20 0x0000003f
core   0: 0x800045f4 (0x03e53a33) mulhu   s4, a0, t5
core   0: 3 0x800045f4 (0x03e53a33) x20 0x7ffffffa
core   0: 0x800045f8 (0x01b1ecb3) or      s9, gp, s11
core   0: 3 0x800045f8 (0x01b1ecb3) x25 0x00000157
core   0: 0x800045fc (0x0368c933) div     s2, a7, s6
core   0: 3 0x800045fc (0x0368c933) x18 0x00000000
core   0: 0x80004600 (0x021f2033) mulhsu  zero, t5, ra
core   0: 3 0x80004600 (0x021f2033)
core   0: 0x80004604 (0x0340b133) mulhu   sp, ra, s4
core   0: 3 0x80004604 (0x0340b133) x 2 0x00000000
core   0: 0x80004608 (0xa3a12593) slti    a1, sp, -1478
core   0: 3 0x80004608 (0xa3a12593) x11 0x00000000
core   0: 0x8000460c (0x00000013) nop
core   0: 3 0x8000460c (0x00000013)
core   0: 0x80004610 (0x03796733) rem     a4, s2, s7
core   0: 3 0x80004610 (0x03796733) x14 0x00000000
core   0: 0x80004614 (0xe7fabf13) sltiu   t5, s5, -385
core   0: 3 0x80004614 (0xe7fabf13) x30 0x00000001
core   0: 0x80004618 (0x00a4b6b3) sltu    a3, s1, a0
core   0: 3 0x80004618 (0x00a4b6b3) x13 0x00000001
core   0: 0x8000461c (0x033dcdb3) div     s11, s11, s3
core   0: 3 0x8000461c (0x033dcdb3) x27 0xfffffea9
core   0: 0x80004620 (0x02b05633) divu    a2, zero, a1
core   0: 3 0x80004620 (0x02b05633) x12 0xffffffff
core   0: 0x80004624 (0x009e6033) or      zero, t3, s1
core   0: 3 0x80004624 (0x009e6033)
core   0: 0x80004628 (0x6d0c8a13) addi    s4, s9, 1744
core   0: 3 0x80004628 (0x6d0c8a13) x20 0x00000827
core   0: 0x8000462c (0xe8ac0713) addi    a4, s8, -374
core   0: 3 0x8000462c (0xe8ac0713) x14 0xffffff4a
core   0: 0x80004630 (0x402f52b3) sra     t0, t5, sp
core   0: 3 0x80004630 (0x402f52b3) x 5 0x00000001
core   0: 0x80004634 (0xc0ad2e13) slti    t3, s10, -1014
core   0: 3 0x80004634 (0xc0ad2e13) x28 0x00000000
core   0: 0x80004638 (0x006d1d33) sll     s10, s10, t1
core   0: 3 0x80004638 (0x006d1d33) x26 0xfffffffc
core   0: 0x8000463c (0x408c80b3) sub     ra, s9, s0
core   0: 3 0x8000463c (0x408c80b3) x 1 0x00000157
core   0: 0x80004640 (0x03b2a9b3) mulhsu  s3, t0, s11
core   0: 3 0x80004640 (0x03b2a9b3) x19 0x00000000
core   0: 0x80004644 (0x8435a013) slti    zero, a1, -1981
core   0: 3 0x80004644 (0x8435a013)
core   0: 0x80004648 (0x038210b3) mulh    ra, tp, s8
core   0: 3 0x80004648 (0x038210b3) x 1 0x00000000
core   0: 0x8000464c (0x038fdd33) divu    s10, t6, s8
core   0: 3 0x8000464c (0x038fdd33) x26 0x010b623b
core   0: 0x80004650 (0x032b8f33) mul     t5, s7, s2
core   0: 3 0x80004650 (0x032b8f33) x30 0x00000000
core   0: 0x80004654 (0x99ebba13) sltiu   s4, s7, -1634
core   0: 3 0x80004654 (0x99ebba13) x20 0x00000001
core   0: 0x80004658 (0x01e43a33) sltu    s4, s0, t5
core   0: 3 0x80004658 (0x01e43a33) x20 0x00000000
core   0: 0x8000465c (0xc0342d13) slti    s10, s0, -1021
core   0: 3 0x8000465c (0xc0342d13) x26 0x00000000
core   0: 0x80004660 (0x374a0293) addi    t0, s4, 884
core   0: 3 0x80004660 (0x374a0293) x 5 0x00000374
core   0: 0x80004664 (0x131cc093) xori    ra, s9, 305
core   0: 3 0x80004664 (0x131cc093) x 1 0x00000066
core   0: 0x80004668 (0x024f4cb3) div     s9, t5, tp
core   0: 3 0x80004668 (0x024f4cb3) x25 0x00000000
core   0: 0x8000466c (0x02d42233) mulhsu  tp, s0, a3
core   0: 3 0x8000466c (0x02d42233) x 4 0x00000000
core   0: 0x80004670 (0x7568ae93) slti    t4, a7, 1878
core   0: 3 0x80004670 (0x7568ae93) x29 0x00000001
core   0: 0x80004674 (0x40ad0ab3) sub     s5, s10, a0
core   0: 3 0x80004674 (0x40ad0ab3) x21 0x80000000
core   0: 0x80004678 (0x02830fb3) mul     t6, t1, s0
core   0: 3 0x80004678 (0x02830fb3) x31 0x00000000
core   0: 0x8000467c (0x0eb8ee13) ori     t3, a7, 235
core   0: 3 0x8000467c (0x0eb8ee13) x28 0xffffffff
core   0: 0x80004680 (0x015c2ab3) slt     s5, s8, s5
core   0: 3 0x80004680 (0x015c2ab3) x21 0x00000000
core   0: 0x80004684 (0x03158bb3) mul     s7, a1, a7
core   0: 3 0x80004684 (0x03158bb3) x23 0x00000000
core   0: 0x80004688 (0x029ea433) mulhsu  s0, t4, s1
core   0: 3 0x80004688 (0x029ea433) x 8 0x00000000
core   0: 0x8000468c (0xc4468f13) addi    t5, a3, -956
core   0: 3 0x8000468c (0xc4468f13) x30 0xfffffc45
core   0: 0x80004690 (0x01e56033) or      zero, a0, t5
core   0: 3 0x80004690 (0x01e56033)
core   0: 0x80004694 (0x011b8133) add     sp, s7, a7
core   0: 3 0x80004694 (0x011b8133) x 2 0xfffffffc
core   0: 0x80004698 (0x005524b3) slt     s1, a0, t0
core   0: 3 0x80004698 (0x005524b3) x 9 0x00000001
core   0: 0x8000469c (0x010d1f33) sll     t5, s10, a6
core   0: 3 0x8000469c (0x010d1f33) x30 0x00000000
core   0: 0x800046a0 (0x4149df13) srai    t5, s3, 20
core   0: 3 0x800046a0 (0x4149df13) x30 0x00000000
core   0: 0x800046a4 (0x006e8f33) add     t5, t4, t1
core   0: 3 0x800046a4 (0x006e8f33) x30 0x00000001
core   0: 0x800046a8 (0x017f8db3) add     s11, t6, s7
core   0: 3 0x800046a8 (0x017f8db3) x27 0x00000000
core   0: 0x800046ac (0x41925713) srai    a4, tp, 25
core   0: 3 0x800046ac (0x41925713) x14 0x00000000
core   0: 0x800046b0 (0x006f89b3) add     s3, t6, t1
core   0: 3 0x800046b0 (0x006f89b3) x19 0x00000000
core   0: 0x800046b4 (0x020cdcb3) divu    s9, s9, zero
core   0: 3 0x800046b4 (0x020cdcb3) x25 0xffffffff
core   0: 0x800046b8 (0x02ba8233) mul     tp, s5, a1
core   0: 3 0x800046b8 (0x02ba8233) x 4 0x00000000
core   0: 0x800046bc (0x40f7d293) srai    t0, a5, 15
core   0: 3 0x800046bc (0x40f7d293) x 5 0x00000000
core   0: 0x800046c0 (0x03c1e033) rem     zero, gp, t3
core   0: 3 0x800046c0 (0x03c1e033)
core   0: 0x800046c4 (0x030a0433) mul     s0, s4, a6
core   0: 3 0x800046c4 (0x030a0433) x 8 0x00000000
core   0: 0x800046c8 (0x03a662b3) rem     t0, a2, s10
core   0: 3 0x800046c8 (0x03a662b3) x 5 0xffffffff
core   0: 0x800046cc (0x03e24cb3) div     s9, tp, t5
core   0: 3 0x800046cc (0x03e24cb3) x25 0x00000000
core   0: 0x800046d0 (0x66672213) slti    tp, a4, 1638
core   0: 3 0x800046d0 (0x66672213) x 4 0x00000001
core   0: 0x800046d4 (0x00000013) nop
core   0: 3 0x800046d4 (0x00000013)
core   0: 0x800046d8 (0x019aa9b3) slt     s3, s5, s9
core   0: 3 0x800046d8 (0x019aa9b3) x19 0x00000000
core   0: 0x800046dc (0xe4d0b897) auipc   a7, 0xe4d0b
core   0: 3 0x800046dc (0xe4d0b897) x17 0x64d0f6dc
core   0: 0x800046e0 (0x012ead33) slt     s10, t4, s2
core   0: 3 0x800046e0 (0x012ead33) x26 0x00000000
core   0: 0x800046e4 (0x408b83b3) sub     t2, s7, s0
core   0: 3 0x800046e4 (0x408b83b3) x 7 0x00000000
core   0: 0x800046e8 (0x039d3eb3) mulhu   t4, s10, s9
core   0: 3 0x800046e8 (0x039d3eb3) x29 0x00000000
core   0: 0x800046ec (0x02d46c33) rem     s8, s0, a3
core   0: 3 0x800046ec (0x02d46c33) x24 0x00000000
core   0: 0x800046f0 (0x01317eb3) and     t4, sp, s3
core   0: 3 0x800046f0 (0x01317eb3) x29 0x00000000
core   0: 0x800046f4 (0x4f013a93) sltiu   s5, sp, 1264
core   0: 3 0x800046f4 (0x4f013a93) x21 0x00000000
core   0: 0x800046f8 (0x00fc5613) srli    a2, s8, 15
core   0: 3 0x800046f8 (0x00fc5613) x12 0x00000000
core   0: 0x800046fc (0x5735fc13) andi    s8, a1, 1395
core   0: 3 0x800046fc (0x5735fc13) x24 0x00000000
core   0: 0x80004700 (0x00b91913) slli    s2, s2, 11
core   0: 3 0x80004700 (0x00b91913) x18 0x00000000
core   0: 0x80004704 (0x01695293) srli    t0, s2, 22
core   0: 3 0x80004704 (0x01695293) x 5 0x00000000
core   0: 0x80004708 (0x023b8033) mul     zero, s7, gp
core   0: 3 0x80004708 (0x023b8033)
core   0: 0x8000470c (0x00a91413) slli    s0, s2, 10
core   0: 3 0x8000470c (0x00a91413) x 8 0x00000000
core   0: 0x80004710 (0x40a50c33) sub     s8, a0, a0
core   0: 3 0x80004710 (0x40a50c33) x24 0x00000000
core   0: 0x80004714 (0x41eb8433) sub     s0, s7, t5
core   0: 3 0x80004714 (0x41eb8433) x 8 0xffffffff
core   0: 0x80004718 (0x003540b3) xor     ra, a0, gp
core   0: 3 0x80004718 (0x003540b3) x 1 0x80000157
core   0: 0x8000471c (0x4190d333) sra     t1, ra, s9
core   0: 3 0x8000471c (0x4190d333) x 6 0x80000157
core   0: 0x80004720 (0x1746a713) slti    a4, a3, 372
core   0: 3 0x80004720 (0x1746a713) x14 0x00000001
core   0: 0x80004724 (0xe5150f93) addi    t6, a0, -431
core   0: 3 0x80004724 (0xe5150f93) x31 0x7ffffe51
core   0: 0x80004728 (0x3da32d37) lui     s10, 0x3da32
core   0: 3 0x80004728 (0x3da32d37) x26 0x3da32000
core   0: 0x8000472c (0x00b47c33) and     s8, s0, a1
core   0: 3 0x8000472c (0x00b47c33) x24 0x00000000
core   0: 0x80004730 (0x010a96b3) sll     a3, s5, a6
core   0: 3 0x80004730 (0x010a96b3) x13 0x00000000
core   0: 0x80004734 (0x00085013) srli    zero, a6, 0
core   0: 3 0x80004734 (0x00085013)
core   0: 0x80004738 (0x02e50eb3) mul     t4, a0, a4
core   0: 3 0x80004738 (0x02e50eb3) x29 0x80000000
core   0: 0x8000473c (0x0009d133) srl     sp, s3, zero
core   0: 3 0x8000473c (0x0009d133) x 2 0x00000000
core   0: 0x80004740 (0x01e61c13) slli    s8, a2, 30
core   0: 3 0x80004740 (0x01e61c13) x24 0x00000000
core   0: 0x80004744 (0x00c30933) add     s2, t1, a2
core   0: 3 0x80004744 (0x00c30933) x18 0x80000157
core   0: 0x80004748 (0x03ffe4b3) rem     s1, t6, t6
core   0: 3 0x80004748 (0x03ffe4b3) x 9 0x00000000
core   0: 0x8000474c (0x40d75b93) srai    s7, a4, 13
core   0: 3 0x8000474c (0x40d75b93) x23 0x00000000
core   0: 0x80004750 (0x7c12b313) sltiu   t1, t0, 1985
core   0: 3 0x80004750 (0x7c12b313) x 6 0x00000001
core   0: 0x80004754 (0x02768c33) mul     s8, a3, t2
core   0: 3 0x80004754 (0x02768c33) x24 0x00000000
core   0: 0x80004758 (0xed7bb493) sltiu   s1, s7, -297
core   0: 3 0x80004758 (0xed7bb493) x 9 0x00000001
core   0: 0x8000475c (0x015756b3) srl     a3, a4, s5
core   0: 3 0x8000475c (0x015756b3) x13 0x00000001
core   0: 0x80004760 (0x038e1d33) mulh    s10, t3, s8
core   0: 3 0x80004760 (0x038e1d33) x26 0x00000000
core   0: 0x80004764 (0x0ec73197) auipc   gp, 0xec73
core   0: 3 0x80004764 (0x0ec73197) x 3 0x8ec77764
core   0: 0x80004768 (0x036eec33) rem     s8, t4, s6
core   0: 3 0x80004768 (0x036eec33) x24 0xfffeb19c
core   0: 0x8000476c (0x01d2a333) slt     t1, t0, t4
core   0: 3 0x8000476c (0x01d2a333) x 6 0x00000000
core   0: 0x80004770 (0x0360f2b3) remu    t0, ra, s6
core   0: 3 0x80004770 (0x0360f2b3) x 5 0x80000157
core   0: 0x80004774 (0x00d838b3) sltu    a7, a6, a3
core   0: 3 0x80004774 (0x00d838b3) x17 0x00000000
core   0: 0x80004778 (0x015d29b3) slt     s3, s10, s5
core   0: 3 0x80004778 (0x015d29b3) x19 0x00000000
core   0: 0x8000477c (0x416f5613) srai    a2, t5, 22
core   0: 3 0x8000477c (0x416f5613) x12 0x00000000
core   0: 0x80004780 (0x41bc86b3) sub     a3, s9, s11
core   0: 3 0x80004780 (0x41bc86b3) x13 0x00000000
core   0: 0x80004784 (0xeaedef93) ori     t6, s11, -338
core   0: 3 0x80004784 (0xeaedef93) x31 0xfffffeae
core   0: 0x80004788 (0x0193d933) srl     s2, t2, s9
core   0: 3 0x80004788 (0x0193d933) x18 0x00000000
core   0: 0x8000478c (0x40f286b3) sub     a3, t0, a5
core   0: 3 0x8000478c (0x40f286b3) x13 0x80000157
core   0: 0x80004790 (0x41ba5493) srai    s1, s4, 27
core   0: 3 0x80004790 (0x41ba5493) x 9 0x00000000
core   0: 0x80004794 (0x00b50133) add     sp, a0, a1
core   0: 3 0x80004794 (0x00b50133) x 2 0x80000000
core   0: 0x80004798 (0x375f7c13) andi    s8, t5, 885
core   0: 3 0x80004798 (0x375f7c13) x24 0x00000001
core   0: 0x8000479c (0x000f2a33) slt     s4, t5, zero
core   0: 3 0x8000479c (0x000f2a33) x20 0x00000000
core   0: 0x800047a0 (0x02d49133) mulh    sp, s1, a3
core   0: 3 0x800047a0 (0x02d49133) x 2 0x00000000
core   0: 0x800047a4 (0xb3533e93) sltiu   t4, t1, -1227
core   0: 3 0x800047a4 (0xb3533e93) x29 0x00000001
core   0: 0x800047a8 (0x01ac5e13) srli    t3, s8, 26
core   0: 3 0x800047a8 (0x01ac5e13) x28 0x00000000
core   0: 0x800047ac (0x000934b3) sltu    s1, s2, zero
core   0: 3 0x800047ac (0x000934b3) x 9 0x00000000
core   0: 0x800047b0 (0x03349a33) mulh    s4, s1, s3
core   0: 3 0x800047b0 (0x03349a33) x20 0x00000000
core   0: 0x800047b4 (0x01f5cab3) xor     s5, a1, t6
core   0: 3 0x800047b4 (0x01f5cab3) x21 0xfffffeae
core   0: 0x800047b8 (0x02549ab3) mulh    s5, s1, t0
core   0: 3 0x800047b8 (0x02549ab3) x21 0x00000000
core   0: 0x800047bc (0x451cb0b7) lui     ra, 0x451cb
core   0: 3 0x800047bc (0x451cb0b7) x 1 0x451cb000
core   0: 0x800047c0 (0x41065fb3) sra     t6, a2, a6
core   0: 3 0x800047c0 (0x41065fb3) x31 0x00000000
core   0: 0x800047c4 (0x7b7a5097) auipc   ra, 0x7b7a5
core   0: 3 0x800047c4 (0x7b7a5097) x 1 0xfb7a97c4
core   0: 0x800047c8 (0x00789cb3) sll     s9, a7, t2
core   0: 3 0x800047c8 (0x00789cb3) x25 0x00000000
core   0: 0x800047cc (0x00876f33) or      t5, a4, s0
core   0: 3 0x800047cc (0x00876f33) x30 0xffffffff
core   0: 0x800047d0 (0x02752cb3) mulhsu  s9, a0, t2
core   0: 3 0x800047d0 (0x02752cb3) x25 0x00000000
core   0: 0x800047d4 (0x00060e33) add     t3, a2, zero
core   0: 3 0x800047d4 (0x00060e33) x28 0x00000000
core   0: 0x800047d8 (0x03c39bb3) mulh    s7, t2, t3
core   0: 3 0x800047d8 (0x03c39bb3) x23 0x00000000
core   0: 0x800047dc (0x00000013) nop
core   0: 3 0x800047dc (0x00000013)
core   0: 0x800047e0 (0x00000013) nop
core   0: 3 0x800047e0 (0x00000013)
core   0: 0x800047e4 (0x8ce0c737) lui     a4, 0x8ce0c
core   0: 3 0x800047e4 (0x8ce0c737) x14 0x8ce0c000
core   0: 0x800047e8 (0x6fbc0a13) addi    s4, s8, 1787
core   0: 3 0x800047e8 (0x6fbc0a13) x20 0x000006fc
core   0: 0x800047ec (0x41d05413) srai    s0, zero, 29
core   0: 3 0x800047ec (0x41d05413) x 8 0x00000000
core   0: 0x800047f0 (0x025f0e33) mul     t3, t5, t0
core   0: 3 0x800047f0 (0x025f0e33) x28 0x7ffffea9
core   0: 0x800047f4 (0x00a70133) add     sp, a4, a0
core   0: 3 0x800047f4 (0x00a70133) x 2 0x0ce0c000
core   0: 0x800047f8 (0x417d5d13) srai    s10, s10, 23
core   0: 3 0x800047f8 (0x417d5d13) x26 0x00000000
core   0: 0x800047fc (0xd8cf2b97) auipc   s7, 0xd8cf2
core   0: 3 0x800047fc (0xd8cf2b97) x23 0x58cf67fc
core   0: 0x80004800 (0x07907413) andi    s0, zero, 121
core   0: 3 0x80004800 (0x07907413) x 8 0x00000000
core   0: 0x80004804 (0x00ca3cb3) sltu    s9, s4, a2
core   0: 3 0x80004804 (0x00ca3cb3) x25 0x00000000
core   0: 0x80004808 (0x40ca5c13) srai    s8, s4, 12
core   0: 3 0x80004808 (0x40ca5c13) x24 0x00000000
core   0: 0x8000480c (0x41230eb3) sub     t4, t1, s2
core   0: 3 0x8000480c (0x41230eb3) x29 0x00000000
core   0: 0x80004810 (0x03d03c33) mulhu   s8, zero, t4
core   0: 3 0x80004810 (0x03d03c33) x24 0x00000000
core   0: 0x80004814 (0x0115b333) sltu    t1, a1, a7
core   0: 3 0x80004814 (0x0115b333) x 6 0x00000000
core   0: 0x80004818 (0x5c2e0a17) auipc   s4, 0x5c2e0
core   0: 3 0x80004818 (0x5c2e0a17) x20 0xdc2e4818
core   0: 0x8000481c (0x40358133) sub     sp, a1, gp
core   0: 3 0x8000481c (0x40358133) x 2 0x7138889c
core   0: 0x80004820 (0x41fd5713) srai    a4, s10, 31
core   0: 3 0x80004820 (0x41fd5713) x14 0x00000000
core   0: 0x80004824 (0x402fdbb3) sra     s7, t6, sp
core   0: 3 0x80004824 (0x402fdbb3) x23 0x00000000
core   0: 0x80004828 (0xfeaa0d93) addi    s11, s4, -22
core   0: 3 0x80004828 (0xfeaa0d93) x27 0xdc2e4802
core   0: 0x8000482c (0x012cc5b3) xor     a1, s9, s2
core   0: 3 0x8000482c (0x012cc5b3) x11 0x00000000
core   0: 0x80004830 (0x004dd5b3) srl     a1, s11, tp
core   0: 3 0x80004830 (0x004dd5b3) x11 0x6e172401
core   0: 0x80004834 (0x07dc9d97) auipc   s11, 0x7dc9
core   0: 3 0x80004834 (0x07dc9d97) x27 0x87dcd834
core   0: 0x80004838 (0x02ca3db3) mulhu   s11, s4, a2
core   0: 3 0x80004838 (0x02ca3db3) x27 0x00000000
core   0: 0x8000483c (0x41745433) sra     s0, s0, s7
core   0: 3 0x8000483c (0x41745433) x 8 0x00000000
core   0: 0x80004840 (0x93832f93) slti    t6, t1, -1736
core   0: 3 0x80004840 (0x93832f93) x31 0x00000000
core   0: 0x80004844 (0x01f0d7b3) srl     a5, ra, t6
core   0: 3 0x80004844 (0x01f0d7b3) x15 0xfb7a97c4
core   0: 0x80004848 (0x01a34033) xor     zero, t1, s10
core   0: 3 0x80004848 (0x01a34033)
core   0: 0x8000484c (0x01b56c33) or      s8, a0, s11
core   0: 3 0x8000484c (0x01b56c33) x24 0x80000000
core   0: 0x80004850 (0x001e2fb3) slt     t6, t3, ra
core   0: 3 0x80004850 (0x001e2fb3) x31 0x00000000
core   0: 0x80004854 (0x014f2133) slt     sp, t5, s4
core   0: 3 0x80004854 (0x014f2133) x 2 0x00000000
core   0: 0x80004858 (0xc9bc0a93) addi    s5, s8, -869
core   0: 3 0x80004858 (0xc9bc0a93) x21 0x7ffffc9b
core   0: 0x8000485c (0x00000013) nop
core   0: 3 0x8000485c (0x00000013)
core   0: 0x80004860 (0x416b5733) sra     a4, s6, s6
core   0: 3 0x80004860 (0x416b5733) x14 0xf80014e6
core   0: 0x80004864 (0x0005cc33) xor     s8, a1, zero
core   0: 3 0x80004864 (0x0005cc33) x24 0x6e172401
core   0: 0x80004868 (0x0338ac33) mulhsu  s8, a7, s3
core   0: 3 0x80004868 (0x0338ac33) x24 0x00000000
core   0: 0x8000486c (0x00000013) nop
core   0: 3 0x8000486c (0x00000013)
core   0: 0x80004870 (0x5c028493) addi    s1, t0, 1472
core   0: 3 0x80004870 (0x5c028493) x 9 0x80000717
core   0: 0x80004874 (0x0361f733) remu    a4, gp, s6
core   0: 3 0x80004874 (0x0361f733) x14 0x0ec62900
core   0: 0x80004878 (0x00ab1993) slli    s3, s6, 10
core   0: 3 0x80004878 (0x00ab1993) x19 0x05399000
core   0: 0x8000487c (0x016be3b3) or      t2, s7, s6
core   0: 3 0x8000487c (0x016be3b3) x 7 0x80014e64
core   0: 0x80004880 (0x030f28b3) mulhsu  a7, t5, a6
core   0: 3 0x80004880 (0x030f28b3) x17 0xffffffff
core   0: 0x80004884 (0x0addc113) xori    sp, s11, 173
core   0: 3 0x80004884 (0x0addc113) x 2 0x000000ad
core   0: 0x80004888 (0x020ec133) div     sp, t4, zero
core   0: 3 0x80004888 (0x020ec133) x 2 0xffffffff
core   0: 0x8000488c (0x02934f33) div     t5, t1, s1
core   0: 3 0x8000488c (0x02934f33) x30 0x00000000
core   0: 0x80004890 (0x03b3c1b3) div     gp, t2, s11
core   0: 3 0x80004890 (0x03b3c1b3) x 3 0xffffffff
core   0: 0x80004894 (0x9dcd6993) ori     s3, s10, -1572
core   0: 3 0x80004894 (0x9dcd6993) x19 0xfffff9dc
core   0: 0x80004898 (0xdc892313) slti    t1, s2, -568
core   0: 3 0x80004898 (0xdc892313) x 6 0x00000000
core   0: 0x8000489c (0x01396e33) or      t3, s2, s3
core   0: 3 0x8000489c (0x01396e33) x28 0xfffff9dc
core   0: 0x800048a0 (0x006648b3) xor     a7, a2, t1
core   0: 3 0x800048a0 (0x006648b3) x17 0x00000000
core   0: 0x800048a4 (0xce9ff713) andi    a4, t6, -791
core   0: 3 0x800048a4 (0xce9ff713) x14 0x00000000
core   0: 0x800048a8 (0xdd197b93) andi    s7, s2, -559
core   0: 3 0x800048a8 (0xdd197b93) x23 0x00000000
core   0: 0x800048ac (0x004207b3) add     a5, tp, tp
core   0: 3 0x800048ac (0x004207b3) x15 0x00000002
core   0: 0x800048b0 (0x2fceaf37) lui     t5, 0x2fcea
core   0: 3 0x800048b0 (0x2fceaf37) x30 0x2fcea000
core   0: 0x800048b4 (0x7e81be13) sltiu   t3, gp, 2024
core   0: 3 0x800048b4 (0x7e81be13) x28 0x00000000
core   0: 0x800048b8 (0x00000013) nop
core   0: 3 0x800048b8 (0x00000013)
core   0: 0x800048bc (0x0156a0b3) slt     ra, a3, s5
core   0: 3 0x800048bc (0x0156a0b3) x 1 0x00000001
core   0: 0x800048c0 (0x4097d033) sra     zero, a5, s1
core   0: 3 0x800048c0 (0x4097d033)
core   0: 0x800048c4 (0xaf18e597) auipc   a1, 0xaf18e
core   0: 3 0x800048c4 (0xaf18e597) x11 0x2f1928c4
core   0: 0x800048c8 (0x007f90b3) sll     ra, t6, t2
core   0: 3 0x800048c8 (0x007f90b3) x 1 0x00000000
core   0: 0x800048cc (0x0201a733) mulhsu  a4, gp, zero
core   0: 3 0x800048cc (0x0201a733) x14 0x00000000
core   0: 0x800048d0 (0x03cb8233) mul     tp, s7, t3
core   0: 3 0x800048d0 (0x03cb8233) x 4 0x00000000
core   0: 0x800048d4 (0x024ab9b3) mulhu   s3, s5, tp
core   0: 3 0x800048d4 (0x024ab9b3) x19 0x00000000
core   0: 0x800048d8 (0x00000013) nop
core   0: 3 0x800048d8 (0x00000013)
core   0: 0x800048dc (0x0020d633) srl     a2, ra, sp
core   0: 3 0x800048dc (0x0020d633) x12 0x00000000
core   0: 0x800048e0 (0x0112da93) srli    s5, t0, 17
core   0: 3 0x800048e0 (0x0112da93) x21 0x00004000
core   0: 0x800048e4 (0xd0858993) addi    s3, a1, -760
core   0: 3 0x800048e4 (0xd0858993) x19 0x2f1925cc
core   0: 0x800048e8 (0x02053db3) mulhu   s11, a0, zero
core   0: 3 0x800048e8 (0x02053db3) x27 0x00000000
core   0: 0x800048ec (0x8d0ffd97) auipc   s11, 0x8d0ff
core   0: 3 0x800048ec (0x8d0ffd97) x27 0x0d1038ec
core   0: 0x800048f0 (0x0379a233) mulhsu  tp, s3, s7
core   0: 3 0x800048f0 (0x0379a233) x 4 0x00000000
core   0: 0x800048f4 (0x024379b3) remu    s3, t1, tp
core   0: 3 0x800048f4 (0x024379b3) x19 0x00000000
core   0: 0x800048f8 (0x40645413) srai    s0, s0, 6
core   0: 3 0x800048f8 (0x40645413) x 8 0x00000000
core   0: 0x800048fc (0x038c5d33) divu    s10, s8, s8
core   0: 3 0x800048fc (0x038c5d33) x26 0xffffffff
core   0: 0x80004900 (0x013ba433) slt     s0, s7, s3
core   0: 3 0x80004900 (0x013ba433) x 8 0x00000000
core   0: 0x80004904 (0x002affb3) and     t6, s5, sp
core   0: 3 0x80004904 (0x002affb3) x31 0x00004000
core   0: 0x80004908 (0x0053c233) xor     tp, t2, t0
core   0: 3 0x80004908 (0x0053c233) x 4 0x00014f33
core   0: 0x8000490c (0x0eb56f93) ori     t6, a0, 235
core   0: 3 0x8000490c (0x0eb56f93) x31 0x800000eb
core   0: 0x80004910 (0x01c14733) xor     a4, sp, t3
core   0: 3 0x80004910 (0x01c14733) x14 0xffffffff
core   0: 0x80004914 (0x3956e7b7) lui     a5, 0x3956e
core   0: 3 0x80004914 (0x3956e7b7) x15 0x3956e000
core   0: 0x80004918 (0x00000013) nop
core   0: 3 0x80004918 (0x00000013)
core   0: 0x8000491c (0x028c07b3) mul     a5, s8, s0
core   0: 3 0x8000491c (0x028c07b3) x15 0x00000000
core   0: 0x80004920 (0x02b6b5b3) mulhu   a1, a3, a1
core   0: 3 0x80004920 (0x02b6b5b3) x11 0x178c94a1
core   0: 0x80004924 (0x01dbde13) srli    t3, s7, 29
core   0: 3 0x80004924 (0x01dbde13) x28 0x00000000
core   0: 0x80004928 (0x7eb67693) andi    a3, a2, 2027
core   0: 3 0x80004928 (0x7eb67693) x13 0x00000000
core   0: 0x8000492c (0x024bd433) divu    s0, s7, tp
core   0: 3 0x8000492c (0x024bd433) x 8 0x00000000
core   0: 0x80004930 (0x03e5d3b3) divu    t2, a1, t5
core   0: 3 0x80004930 (0x03e5d3b3) x 7 0x00000000
core   0: 0x80004934 (0xb9278293) addi    t0, a5, -1134
core   0: 3 0x80004934 (0xb9278293) x 5 0xfffffb92
core   0: 0x80004938 (0x40740f33) sub     t5, s0, t2
core   0: 3 0x80004938 (0x40740f33) x30 0x00000000
core   0: 0x8000493c (0x0386b8b3) mulhu   a7, a3, s8
core   0: 3 0x8000493c (0x0386b8b3) x17 0x00000000
core   0: 0x80004940 (0x03933233) mulhu   tp, t1, s9
core   0: 3 0x80004940 (0x03933233) x 4 0x00000000
core   0: 0x80004944 (0xafcb3a93) sltiu   s5, s6, -1284
core   0: 3 0x80004944 (0xafcb3a93) x21 0x00000001
core   0: 0x80004948 (0x024ec9b3) div     s3, t4, tp
core   0: 3 0x80004948 (0x024ec9b3) x19 0xffffffff
core   0: 0x8000494c (0x030f4ab3) div     s5, t5, a6
core   0: 3 0x8000494c (0x030f4ab3) x21 0x00000000
core   0: 0x80004950 (0x03fc0333) mul     t1, s8, t6
core   0: 3 0x80004950 (0x03fc0333) x 6 0x00000000
core   0: 0x80004954 (0x0192f433) and     s0, t0, s9
core   0: 3 0x80004954 (0x0192f433) x 8 0x00000000
core   0: 0x80004958 (0x0191c733) xor     a4, gp, s9
core   0: 3 0x80004958 (0x0191c733) x14 0xffffffff
core   0: 0x8000495c (0x018605b3) add     a1, a2, s8
core   0: 3 0x8000495c (0x018605b3) x11 0x00000000
core   0: 0x80004960 (0x0056b6b3) sltu    a3, a3, t0
core   0: 3 0x80004960 (0x0056b6b3) x13 0x00000001
core   0: 0x80004964 (0xd3777913) andi    s2, a4, -713
core   0: 3 0x80004964 (0xd3777913) x18 0xfffffd37
core   0: 0x80004968 (0x01fdd0b3) srl     ra, s11, t6
core   0: 3 0x80004968 (0x01fdd0b3) x 1 0x0001a207
core   0: 0x8000496c (0x7f7d7d13) andi    s10, s10, 2039
core   0: 3 0x8000496c (0x7f7d7d13) x26 0x000007f7
core   0: 0x80004970 (0xcae78d97) auipc   s11, 0xcae78
core   0: 3 0x80004970 (0xcae78d97) x27 0x4ae7c970
core   0: 0x80004974 (0x00eede93) srli    t4, t4, 14
core   0: 3 0x80004974 (0x00eede93) x29 0x00000000
core   0: 0x80004978 (0x41f7d133) sra     sp, a5, t6
core   0: 3 0x80004978 (0x41f7d133) x 2 0x00000000
core   0: 0x8000497c (0x00000013) nop
core   0: 3 0x8000497c (0x00000013)
core   0: 0x80004980 (0x00773db3) sltu    s11, a4, t2
core   0: 3 0x80004980 (0x00773db3) x27 0x00000000
core   0: 0x80004984 (0x0019c0b3) xor     ra, s3, ra
core   0: 3 0x80004984 (0x0019c0b3) x 1 0xfffe5df8
core   0: 0x80004988 (0x009b9093) slli    ra, s7, 9
core   0: 3 0x80004988 (0x009b9093) x 1 0x00000000
core   0: 0x8000498c (0x016ada13) srli    s4, s5, 22
core   0: 3 0x8000498c (0x016ada13) x20 0x00000000
core   0: 0x80004990 (0x0b57e997) auipc   s3, 0xb57e
core   0: 3 0x80004990 (0x0b57e997) x19 0x8b582990
core   0: 0x80004994 (0x01b94ab3) xor     s5, s2, s11
core   0: 3 0x80004994 (0x01b94ab3) x21 0xfffffd37
core   0: 0x80004998 (0xb42d6493) ori     s1, s10, -1214
core   0: 3 0x80004998 (0xb42d6493) x 9 0xfffffff7
core   0: 0x8000499c (0x01476133) or      sp, a4, s4
core   0: 3 0x8000499c (0x01476133) x 2 0xffffffff
core   0: 0x800049a0 (0x013cfc33) and     s8, s9, s3
core   0: 3 0x800049a0 (0x013cfc33) x24 0x00000000
core   0: 0x800049a4 (0x409450b3) sra     ra, s0, s1
core   0: 3 0x800049a4 (0x409450b3) x 1 0x00000000
core   0: 0x800049a8 (0x014b1113) slli    sp, s6, 20
core   0: 3 0x800049a8 (0x014b1113) x 2 0xe6400000
core   0: 0x800049ac (0x026699b3) mulh    s3, a3, t1
core   0: 3 0x800049ac (0x026699b3) x19 0x00000000
core   0: 0x800049b0 (0x8a330713) addi    a4, t1, -1885
core   0: 3 0x800049b0 (0x8a330713) x14 0xfffff8a3
core   0: 0x800049b4 (0x016348b3) xor     a7, t1, s6
core   0: 3 0x800049b4 (0x016348b3) x17 0x80014e64
core   0: 0x800049b8 (0x03281133) mulh    sp, a6, s2
core   0: 3 0x800049b8 (0x03281133) x 2 0x00000164
core   0: 0x800049bc (0x40365193) srai    gp, a2, 3
core   0: 3 0x800049bc (0x40365193) x 3 0x00000000
core   0: 0x800049c0 (0x0370aab3) mulhsu  s5, ra, s7
core   0: 3 0x800049c0 (0x0370aab3) x21 0x00000000
core   0: 0x800049c4 (0x00004433) xor     s0, zero, zero
core   0: 3 0x800049c4 (0x00004433) x 8 0x00000000
core   0: 0x800049c8 (0x024ab233) mulhu   tp, s5, tp
core   0: 3 0x800049c8 (0x024ab233) x 4 0x00000000
core   0: 0x800049cc (0x01af5e33) srl     t3, t5, s10
core   0: 3 0x800049cc (0x01af5e33) x28 0x00000000
core   0: 0x800049d0 (0x00cf9d13) slli    s10, t6, 12
core   0: 3 0x800049d0 (0x00cf9d13) x26 0x000eb000
core   0: 0x800049d4 (0x410b5cb3) sra     s9, s6, a6
core   0: 3 0x800049d4 (0x410b5cb3) x25 0xf80014e6
core   0: 0x800049d8 (0x0083c4b3) xor     s1, t2, s0
core   0: 3 0x800049d8 (0x0083c4b3) x 9 0x00000000
core   0: 0x800049dc (0x0093dbb3) srl     s7, t2, s1
core   0: 3 0x800049dc (0x0093dbb3) x23 0x00000000
core   0: 0x800049e0 (0x00ed65b3) or      a1, s10, a4
core   0: 3 0x800049e0 (0x00ed65b3) x11 0xfffff8a3
core   0: 0x800049e4 (0x0015ba13) seqz    s4, a1
core   0: 3 0x800049e4 (0x0015ba13) x20 0x00000000
core   0: 0x800049e8 (0x0271cbb3) div     s7, gp, t2
core   0: 3 0x800049e8 (0x0271cbb3) x23 0xffffffff
core   0: 0x800049ec (0x0048a6b3) slt     a3, a7, tp
core   0: 3 0x800049ec (0x0048a6b3) x13 0x00000001
core   0: 0x800049f0 (0xd599a413) slti    s0, s3, -679
core   0: 3 0x800049f0 (0xd599a413) x 8 0x00000000
core   0: 0x800049f4 (0x02494433) div     s0, s2, tp
core   0: 3 0x800049f4 (0x02494433) x 8 0xffffffff
core   0: 0x800049f8 (0x010b2f33) slt     t5, s6, a6
core   0: 3 0x800049f8 (0x010b2f33) x30 0x00000001
core   0: 0x800049fc (0x00a89fb3) sll     t6, a7, a0
core   0: 3 0x800049fc (0x00a89fb3) x31 0x80014e64
core   0: 0x80004a00 (0x02dbea33) rem     s4, s7, a3
core   0: 3 0x80004a00 (0x02dbea33) x20 0x00000000
core   0: 0x80004a04 (0x018929b3) slt     s3, s2, s8
core   0: 3 0x80004a04 (0x018929b3) x19 0x00000001
core   0: 0x80004a08 (0xdc938293) addi    t0, t2, -567
core   0: 3 0x80004a08 (0xdc938293) x 5 0xfffffdc9
core   0: 0x80004a0c (0x00819233) sll     tp, gp, s0
core   0: 3 0x80004a0c (0x00819233) x 4 0x00000000
core   0: 0x80004a10 (0x031ee933) rem     s2, t4, a7
core   0: 3 0x80004a10 (0x031ee933) x18 0x00000000
core   0: 0x80004a14 (0x000fd033) srl     zero, t6, zero
core   0: 3 0x80004a14 (0x000fd033)
core   0: 0x80004a18 (0x01652d33) slt     s10, a0, s6
core   0: 3 0x80004a18 (0x01652d33) x26 0x00000001
core   0: 0x80004a1c (0x41f60db3) sub     s11, a2, t6
core   0: 3 0x80004a1c (0x41f60db3) x27 0x7ffeb19c
core   0: 0x80004a20 (0x008d04b3) add     s1, s10, s0
core   0: 3 0x80004a20 (0x008d04b3) x 9 0x00000000
core   0: 0x80004a24 (0x40f55d13) srai    s10, a0, 15
core   0: 3 0x80004a24 (0x40f55d13) x26 0xffff0000
core   0: 0x80004a28 (0xea34c693) xori    a3, s1, -349
core   0: 3 0x80004a28 (0xea34c693) x13 0xfffffea3
core   0: 0x80004a2c (0x028f48b3) div     a7, t5, s0
core   0: 3 0x80004a2c (0x028f48b3) x17 0xffffffff
core   0: 0x80004a30 (0x02cc07b3) mul     a5, s8, a2
core   0: 3 0x80004a30 (0x02cc07b3) x15 0x00000000
core   0: 0x80004a34 (0x016b6eb3) or      t4, s6, s6
core   0: 3 0x80004a34 (0x016b6eb3) x29 0x80014e64
core   0: 0x80004a38 (0x03c58fb3) mul     t6, a1, t3
core   0: 3 0x80004a38 (0x03c58fb3) x31 0x00000000
core   0: 0x80004a3c (0x0c4d2313) slti    t1, s10, 196
core   0: 3 0x80004a3c (0x0c4d2313) x 6 0x00000001
core   0: 0x80004a40 (0x411dd413) srai    s0, s11, 17
core   0: 3 0x80004a40 (0x411dd413) x 8 0x00003fff
core   0: 0x80004a44 (0x00d241b3) xor     gp, tp, a3
core   0: 3 0x80004a44 (0x00d241b3) x 3 0xfffffea3
core   0: 0x80004a48 (0x01778633) add     a2, a5, s7
core   0: 3 0x80004a48 (0x01778633) x12 0xffffffff
core   0: 0x80004a4c (0x01304133) xor     sp, zero, s3
core   0: 3 0x80004a4c (0x01304133) x 2 0x00000001
core   0: 0x80004a50 (0x7db32d13) slti    s10, t1, 2011
core   0: 3 0x80004a50 (0x7db32d13) x26 0x00000001
core   0: 0x80004a54 (0x0bd18a17) auipc   s4, 0xbd18
core   0: 3 0x80004a54 (0x0bd18a17) x20 0x8bd1ca54
core   0: 0x80004a58 (0x00464933) xor     s2, a2, tp
core   0: 3 0x80004a58 (0x00464933) x18 0xffffffff
core   0: 0x80004a5c (0x02c7a7b3) mulhsu  a5, a5, a2
core   0: 3 0x80004a5c (0x02c7a7b3) x15 0x00000000
core   0: 0x80004a60 (0x4186dc33) sra     s8, a3, s8
core   0: 3 0x80004a60 (0x4186dc33) x24 0xfffffea3
core   0: 0x80004a64 (0x00670433) add     s0, a4, t1
core   0: 3 0x80004a64 (0x00670433) x 8 0xfffff8a4
core   0: 0x80004a68 (0x40c380b3) sub     ra, t2, a2
core   0: 3 0x80004a68 (0x40c380b3) x 1 0x00000001
core   0: 0x80004a6c (0xaa587413) andi    s0, a6, -1371
core   0: 3 0x80004a6c (0xaa587413) x 8 0x800188a4
core   0: 0x80004a70 (0x30fb7793) andi    a5, s6, 783
core   0: 3 0x80004a70 (0x30fb7793) x15 0x00000204
core   0: 0x80004a74 (0x0191eab3) or      s5, gp, s9
core   0: 3 0x80004a74 (0x0191eab3) x21 0xfffffee7
core   0: 0x80004a78 (0xf8e9c793) xori    a5, s3, -114
core   0: 3 0x80004a78 (0xf8e9c793) x15 0xffffff8f
core   0: 0x80004a7c (0xb8f03713) sltiu   a4, zero, -1137
core   0: 3 0x80004a7c (0xb8f03713) x14 0x00000001
core   0: 0x80004a80 (0x391fafb7) lui     t6, 0x391fa
core   0: 3 0x80004a80 (0x391fafb7) x31 0x391fa000
core   0: 0x80004a84 (0x00b31133) sll     sp, t1, a1
core   0: 3 0x80004a84 (0x00b31133) x 2 0x00000008
core   0: 0x80004a88 (0x0326feb3) remu    t4, a3, s2
core   0: 3 0x80004a88 (0x0326feb3) x29 0xfffffea3
core   0: 0x80004a8c (0x000160b3) or      ra, sp, zero
core   0: 3 0x80004a8c (0x000160b3) x 1 0x00000008
core   0: 0x80004a90 (0x009b1d93) slli    s11, s6, 9
core   0: 3 0x80004a90 (0x009b1d93) x27 0x029cc800
core   0: 0x80004a94 (0x02484633) div     a2, a6, tp
core   0: 3 0x80004a94 (0x02484633) x12 0xffffffff
core   0: 0x80004a98 (0x00000013) nop
core   0: 3 0x80004a98 (0x00000013)
core   0: 0x80004a9c (0x973ebf93) sltiu   t6, t4, -1677
core   0: 3 0x80004a9c (0x973ebf93) x31 0x00000000
core   0: 0x80004aa0 (0x01c25133) srl     sp, tp, t3
core   0: 3 0x80004aa0 (0x01c25133) x 2 0x00000000
core   0: 0x80004aa4 (0x00000013) nop
core   0: 3 0x80004aa4 (0x00000013)
core   0: 0x80004aa8 (0x00f704b3) add     s1, a4, a5
core   0: 3 0x80004aa8 (0x00f704b3) x 9 0xffffff90
core   0: 0x80004aac (0x03133333) mulhu   t1, t1, a7
core   0: 3 0x80004aac (0x03133333) x 6 0x00000000
core   0: 0x80004ab0 (0x00a95293) srli    t0, s2, 10
core   0: 3 0x80004ab0 (0x00a95293) x 5 0x003fffff
core   0: 0x80004ab4 (0x01ac6d33) or      s10, s8, s10
core   0: 3 0x80004ab4 (0x01ac6d33) x26 0xfffffea3
core   0: 0x80004ab8 (0x0329eeb3) rem     t4, s3, s2
core   0: 3 0x80004ab8 (0x0329eeb3) x29 0x00000000
core   0: 0x80004abc (0xd2b58793) addi    a5, a1, -725
core   0: 3 0x80004abc (0xd2b58793) x15 0xfffff5ce
core   0: 0x80004ac0 (0x0266e433) rem     s0, a3, t1
core   0: 3 0x80004ac0 (0x0266e433) x 8 0xfffffea3
core   0: 0x80004ac4 (0x004bba33) sltu    s4, s7, tp
core   0: 3 0x80004ac4 (0x004bba33) x20 0x00000000
core   0: 0x80004ac8 (0x4071d933) sra     s2, gp, t2
core   0: 3 0x80004ac8 (0x4071d933) x18 0xfffffea3
core   0: 0x80004acc (0xcc805337) lui     t1, 0xcc805
core   0: 3 0x80004acc (0xcc805337) x 6 0xcc805000
core   0: 0x80004ad0 (0x7254a0b7) lui     ra, 0x7254a
core   0: 3 0x80004ad0 (0x7254a0b7) x 1 0x7254a000
core   0: 0x80004ad4 (0x84e98a93) addi    s5, s3, -1970
core   0: 3 0x80004ad4 (0x84e98a93) x21 0xfffff84f
core   0: 0x80004ad8 (0x02d81eb3) mulh    t4, a6, a3
core   0: 3 0x80004ad8 (0x02d81eb3) x29 0x000000ae
core   0: 0x80004adc (0x832bfa93) andi    s5, s7, -1998
core   0: 3 0x80004adc (0x832bfa93) x21 0xfffff832
core   0: 0x80004ae0 (0x02da9033) mulh    zero, s5, a3
core   0: 3 0x80004ae0 (0x02da9033)
core   0: 0x80004ae4 (0x012e58b3) srl     a7, t3, s2
core   0: 3 0x80004ae4 (0x012e58b3) x17 0x00000000
core   0: 0x80004ae8 (0x02b13cb3) mulhu   s9, sp, a1
core   0: 3 0x80004ae8 (0x02b13cb3) x25 0x00000000
core   0: 0x80004aec (0x01a4e1b3) or      gp, s1, s10
core   0: 3 0x80004aec (0x01a4e1b3) x 3 0xffffffb3
core   0: 0x80004af0 (0x9415e737) lui     a4, 0x9415e
core   0: 3 0x80004af0 (0x9415e737) x14 0x9415e000
core   0: 0x80004af4 (0x02403233) mulhu   tp, zero, tp
core   0: 3 0x80004af4 (0x02403233) x 4 0x00000000
core   0: 0x80004af8 (0x011700b3) add     ra, a4, a7
core   0: 3 0x80004af8 (0x011700b3) x 1 0x9415e000
core   0: 0x80004afc (0xf9ecbc93) sltiu   s9, s9, -98
core   0: 3 0x80004afc (0xf9ecbc93) x25 0x00000001
core   0: 0x80004b00 (0x022cb2b3) mulhu   t0, s9, sp
core   0: 3 0x80004b00 (0x022cb2b3) x 5 0x00000000
core   0: 0x80004b04 (0x9f790713) addi    a4, s2, -1545
core   0: 3 0x80004b04 (0x9f790713) x14 0xfffff89a
core   0: 0x80004b08 (0x004532b3) sltu    t0, a0, tp
core   0: 3 0x80004b08 (0x004532b3) x 5 0x00000000
core   0: 0x80004b0c (0x026c8a33) mul     s4, s9, t1
core   0: 3 0x80004b0c (0x026c8a33) x20 0xcc805000
core   0: 0x80004b10 (0x86d282b7) lui     t0, 0x86d28
core   0: 3 0x80004b10 (0x86d282b7) x 5 0x86d28000
core   0: 0x80004b14 (0x6c6be913) ori     s2, s7, 1734
core   0: 3 0x80004b14 (0x6c6be913) x18 0xffffffff
core   0: 0x80004b18 (0x023801b3) mul     gp, a6, gp
core   0: 3 0x80004b18 (0x023801b3) x 3 0x7f889f6c
core   0: 0x80004b1c (0x003a1d13) slli    s10, s4, 3
core   0: 3 0x80004b1c (0x003a1d13) x26 0x64028000
core   0: 0x80004b20 (0x409a8333) sub     t1, s5, s1
core   0: 3 0x80004b20 (0x409a8333) x 6 0xfffff8a2
core   0: 0x80004b24 (0x00000013) nop
core   0: 3 0x80004b24 (0x00000013)
core   0: 0x80004b28 (0xcd93a793) slti    a5, t2, -807
core   0: 3 0x80004b28 (0xcd93a793) x15 0x00000000
core   0: 0x80004b2c (0x2427f913) andi    s2, a5, 578
core   0: 3 0x80004b2c (0x2427f913) x18 0x00000000
core   0: 0x80004b30 (0x029f8333) mul     t1, t6, s1
core   0: 3 0x80004b30 (0x029f8333) x 6 0x00000000
core   0: 0x80004b34 (0x01cdd3b3) srl     t2, s11, t3
core   0: 3 0x80004b34 (0x01cdd3b3) x 7 0x029cc800
core   0: 0x80004b38 (0x019c9db3) sll     s11, s9, s9
core   0: 3 0x80004b38 (0x019c9db3) x27 0x00000002
core   0: 0x80004b3c (0x01bac1b3) xor     gp, s5, s11
core   0: 3 0x80004b3c (0x01bac1b3) x 3 0xfffff830
core   0: 0x80004b40 (0x02215733) divu    a4, sp, sp
core   0: 3 0x80004b40 (0x02215733) x14 0xffffffff
core   0: 0x80004b44 (0xcb4efb93) andi    s7, t4, -844
core   0: 3 0x80004b44 (0xcb4efb93) x23 0x000000a4
core   0: 0x80004b48 (0x1f76d017) auipc   zero, 0x1f76d
core   0: 3 0x80004b48 (0x1f76d017)
core   0: 0x80004b4c (0xb5a76793) ori     a5, a4, -1190
core   0: 3 0x80004b4c (0xb5a76793) x15 0xffffffff
core   0: 0x80004b50 (0x013f4933) xor     s2, t5, s3
core   0: 3 0x80004b50 (0x013f4933) x18 0x00000000
core   0: 0x80004b54 (0x0153a7b3) slt     a5, t2, s5
core   0: 3 0x80004b54 (0x0153a7b3) x15 0x00000000
core   0: 0x80004b58 (0x0338bd33) mulhu   s10, a7, s3
core   0: 3 0x80004b58 (0x0338bd33) x26 0x00000000
core   0: 0x80004b5c (0x00e0d093) srli    ra, ra, 14
core   0: 3 0x80004b5c (0x00e0d093) x 1 0x00025057
core   0: 0x80004b60 (0x0052e7b3) or      a5, t0, t0
core   0: 3 0x80004b60 (0x0052e7b3) x15 0x86d28000
core   0: 0x80004b64 (0x02708933) mul     s2, ra, t2
core   0: 3 0x80004b64 (0x02708933) x18 0x71c7f800
core   0: 0x80004b68 (0x0257bc33) mulhu   s8, a5, t0
core   0: 3 0x80004b68 (0x0257bc33) x24 0x47010b16
core   0: 0x80004b6c (0x01f76633) or      a2, a4, t6
core   0: 3 0x80004b6c (0x01f76633) x12 0xffffffff
core   0: 0x80004b70 (0x923df693) andi    a3, s11, -1757
core   0: 3 0x80004b70 (0x923df693) x13 0x00000002
core   0: 0x80004b74 (0xdb7af297) auipc   t0, 0xdb7af
core   0: 3 0x80004b74 (0xdb7af297) x 5 0x5b7b3b74
core   0: 0x80004b78 (0x03ccc1b3) div     gp, s9, t3
core   0: 3 0x80004b78 (0x03ccc1b3) x 3 0xffffffff
core   0: 0x80004b7c (0x03a80db3) mul     s11, a6, s10
core   0: 3 0x80004b7c (0x03a80db3) x27 0x00000000
core   0: 0x80004b80 (0x00000013) nop
core   0: 3 0x80004b80 (0x00000013)
core   0: 0x80004b84 (0x03857eb3) remu    t4, a0, s8
core   0: 3 0x80004b84 (0x03857eb3) x29 0x38fef4ea
core   0: 0x80004b88 (0xaf5badb7) lui     s11, 0xaf5ba
core   0: 3 0x80004b88 (0xaf5badb7) x27 0xaf5ba000
core   0: 0x80004b8c (0x02aebe33) mulhu   t3, t4, a0
core   0: 3 0x80004b8c (0x02aebe33) x28 0x1c7f7a75
core   0: 0x80004b90 (0x03058f33) mul     t5, a1, a6
core   0: 3 0x80004b90 (0x03058f33) x30 0x7495952c
core   0: 0x80004b94 (0x002269b3) or      s3, tp, sp
core   0: 3 0x80004b94 (0x002269b3) x19 0x00000000
core   0: 0x80004b98 (0x9c706613) ori     a2, zero, -1593
core   0: 3 0x80004b98 (0x9c706613) x12 0xfffff9c7
core   0: 0x80004b9c (0x00ce4d33) xor     s10, t3, a2
core   0: 3 0x80004b9c (0x00ce4d33) x26 0xe38083b2
core   0: 0x80004ba0 (0x015d7e33) and     t3, s10, s5
core   0: 3 0x80004ba0 (0x015d7e33) x28 0xe3808032
core   0: 0x80004ba4 (0x410f59b3) sra     s3, t5, a6
core   0: 3 0x80004ba4 (0x410f59b3) x19 0x07495952
core   0: 0x80004ba8 (0x019c40b3) xor     ra, s8, s9
core   0: 3 0x80004ba8 (0x019c40b3) x 1 0x47010b17
core   0: 0x80004bac (0x02d32333) mulhsu  t1, t1, a3
core   0: 3 0x80004bac (0x02d32333) x 6 0x00000000
core   0: 0x80004bb0 (0x40296b93) ori     s7, s2, 1026
core   0: 3 0x80004bb0 (0x40296b93) x23 0x71c7fc02
core   0: 0x80004bb4 (0x54e77497) auipc   s1, 0x54e77
core   0: 3 0x80004bb4 (0x54e77497) x 9 0xd4e7bbb4
core   0: 0x80004bb8 (0x0264dab3) divu    s5, s1, t1
core   0: 3 0x80004bb8 (0x0264dab3) x21 0xffffffff
core   0: 0x80004bbc (0x0157bf33) sltu    t5, a5, s5
core   0: 3 0x80004bbc (0x0157bf33) x30 0x00000001
core   0: 0x80004bc0 (0xe66bb593) sltiu   a1, s7, -410
core   0: 3 0x80004bc0 (0xe66bb593) x11 0x00000001
core   0: 0x80004bc4 (0x03447933) remu    s2, s0, s4
core   0: 3 0x80004bc4 (0x03447933) x18 0x337faea3
core   0: 0x80004bc8 (0x0378c4b3) div     s1, a7, s7
core   0: 3 0x80004bc8 (0x0378c4b3) x 9 0x00000000
core   0: 0x80004bcc (0x0154c3b3) xor     t2, s1, s5
core   0: 3 0x80004bcc (0x0154c3b3) x 7 0xffffffff
core   0: 0x80004bd0 (0x01b7ee33) or      t3, a5, s11
core   0: 3 0x80004bd0 (0x01b7ee33) x28 0xafdba000
core   0: 0x80004bd4 (0x031eaf33) mulhsu  t5, t4, a7
core   0: 3 0x80004bd4 (0x031eaf33) x30 0x00000000
core   0: 0x80004bd8 (0x00b924b3) slt     s1, s2, a1
core   0: 3 0x80004bd8 (0x00b924b3) x 9 0x00000000
core   0: 0x80004bdc (0x01e75a13) srli    s4, a4, 30
core   0: 3 0x80004bdc (0x01e75a13) x20 0x00000003
core   0: 0x80004be0 (0xefce0d13) addi    s10, t3, -260
core   0: 3 0x80004be0 (0xefce0d13) x26 0xafdb9efc
core   0: 0x80004be4 (0x003a6933) or      s2, s4, gp
core   0: 3 0x80004be4 (0x003a6933) x18 0xffffffff
core   0: 0x80004be8 (0x0198df17) auipc   t5, 0x198d
core   0: 3 0x80004be8 (0x0198df17) x30 0x81991be8
core   0: 0x80004bec (0x41c556b3) sra     a3, a0, t3
core   0: 3 0x80004bec (0x41c556b3) x13 0x80000000
core   0: 0x80004bf0 (0x009dffb3) and     t6, s11, s1
core   0: 3 0x80004bf0 (0x009dffb3) x31 0x00000000
core   0: 0x80004bf4 (0x027a74b3) remu    s1, s4, t2
core   0: 3 0x80004bf4 (0x027a74b3) x 9 0x00000003
core   0: 0x80004bf8 (0x030ae7b3) rem     a5, s5, a6
core   0: 3 0x80004bf8 (0x030ae7b3) x15 0xffffffff
core   0: 0x80004bfc (0x00d846b3) xor     a3, a6, a3
core   0: 3 0x80004bfc (0x00d846b3) x13 0x00018ce4
core   0: 0x80004c00 (0x016c52b3) srl     t0, s8, s6
core   0: 3 0x80004c00 (0x016c52b3) x 5 0x047010b1
core   0: 0x80004c04 (0x03fc7cb3) remu    s9, s8, t6
core   0: 3 0x80004c04 (0x03fc7cb3) x25 0x47010b16
core   0: 0x80004c08 (0x01d09233) sll     tp, ra, t4
core   0: 3 0x80004c08 (0x01d09233) x 4 0x042c5c00
core   0: 0x80004c0c (0x013fd133) srl     sp, t6, s3
core   0: 3 0x80004c0c (0x013fd133) x 2 0x00000000
core   0: 0x80004c10 (0x025b2133) mulhsu  sp, s6, t0
core   0: 3 0x80004c10 (0x025b2133) x 2 0xfdc7fd73
core   0: 0x80004c14 (0x02e6cfb3) div     t6, a3, a4
core   0: 3 0x80004c14 (0x02e6cfb3) x31 0xfffe731c
core   0: 0x80004c18 (0x41de5c13) srai    s8, t3, 29
core   0: 3 0x80004c18 (0x41de5c13) x24 0xfffffffd
core   0: 0x80004c1c (0x001223b3) slt     t2, tp, ra
core   0: 3 0x80004c1c (0x001223b3) x 7 0x00000001
core   0: 0x80004c20 (0x96a32197) auipc   gp, 0x96a32
core   0: 3 0x80004c20 (0x96a32197) x 3 0x16a36c20
core   0: 0x80004c24 (0x02d45db3) divu    s11, s0, a3
core   0: 3 0x80004c24 (0x02d45db3) x27 0x0000a51f
core   0: 0x80004c28 (0x00117fb3) and     t6, sp, ra
core   0: 3 0x80004c28 (0x00117fb3) x31 0x45010913
core   0: 0x80004c2c (0x315aaa13) slti    s4, s5, 789
core   0: 3 0x80004c2c (0x315aaa13) x20 0x00000001
core   0: 0x80004c30 (0x40155f33) sra     t5, a0, ra
core   0: 3 0x80004c30 (0x40155f33) x30 0xffffff00
core   0: 0x80004c34 (0x027ca7b3) mulhsu  a5, s9, t2
core   0: 3 0x80004c34 (0x027ca7b3) x15 0x00000000
core   0: 0x80004c38 (0x0389a133) mulhsu  sp, s3, s8
core   0: 3 0x80004c38 (0x0389a133) x 2 0x07495951
core   0: 0x80004c3c (0x02ffb1b3) mulhu   gp, t6, a5
core   0: 3 0x80004c3c (0x02ffb1b3) x 3 0x00000000
core   0: 0x80004c40 (0x17b5e613) ori     a2, a1, 379
core   0: 3 0x80004c40 (0x17b5e613) x12 0x0000017b
core   0: 0x80004c44 (0x02364633) div     a2, a2, gp
core   0: 3 0x80004c44 (0x02364633) x12 0xffffffff
core   0: 0x80004c48 (0x0071da33) srl     s4, gp, t2
core   0: 3 0x80004c48 (0x0071da33) x20 0x00000000
core   0: 0x80004c4c (0x40838333) sub     t1, t2, s0
core   0: 3 0x80004c4c (0x40838333) x 6 0x0000015e
core   0: 0x80004c50 (0x40f8d633) sra     a2, a7, a5
core   0: 3 0x80004c50 (0x40f8d633) x12 0x00000000
core   0: 0x80004c54 (0x029bc6b3) div     a3, s7, s1
core   0: 3 0x80004c54 (0x029bc6b3) x13 0x25ed5400
core   0: 0x80004c58 (0xcc1ab113) sltiu   sp, s5, -831
core   0: 3 0x80004c58 (0xcc1ab113) x 2 0x00000000
core   0: 0x80004c5c (0x00c7d193) srli    gp, a5, 12
core   0: 3 0x80004c5c (0x00c7d193) x 3 0x00000000
core   0: 0x80004c60 (0x80fbc393) xori    t2, s7, -2033
core   0: 3 0x80004c60 (0x80fbc393) x 7 0x8e38040d
core   0: 0x80004c64 (0xc0aaf393) andi    t2, s5, -1014
core   0: 3 0x80004c64 (0xc0aaf393) x 7 0xfffffc0a
core   0: 0x80004c68 (0x006b2cb3) slt     s9, s6, t1
core   0: 3 0x80004c68 (0x006b2cb3) x25 0x00000001
core   0: 0x80004c6c (0xb7be1a37) lui     s4, 0xb7be1
core   0: 3 0x80004c6c (0xb7be1a37) x20 0xb7be1000
core   0: 0x80004c70 (0x005bbbb3) sltu    s7, s7, t0
core   0: 3 0x80004c70 (0x005bbbb3) x23 0x00000000
core   0: 0x80004c74 (0x403603b3) sub     t2, a2, gp
core   0: 3 0x80004c74 (0x403603b3) x 7 0x00000000
core   0: 0x80004c78 (0x030cc9b3) div     s3, s9, a6
core   0: 3 0x80004c78 (0x030cc9b3) x19 0x00000000
core   0: 0x80004c7c (0x0263cbb3) div     s7, t2, t1
core   0: 3 0x80004c7c (0x0263cbb3) x23 0x00000000
core   0: 0x80004c80 (0x405e0333) sub     t1, t3, t0
core   0: 3 0x80004c80 (0x405e0333) x 6 0xab6b8f4f
core   0: 0x80004c84 (0x00201193) slli    gp, zero, 2
core   0: 3 0x80004c84 (0x00201193) x 3 0x00000000
core   0: 0x80004c88 (0x412786b3) sub     a3, a5, s2
core   0: 3 0x80004c88 (0x412786b3) x13 0x00000001
core   0: 0x80004c8c (0x03406a33) rem     s4, zero, s4
core   0: 3 0x80004c8c (0x03406a33) x20 0x00000000
core   0: 0x80004c90 (0x9f426113) ori     sp, tp, -1548
core   0: 3 0x80004c90 (0x9f426113) x 2 0xfffffdf4
core   0: 0x80004c94 (0x010eda13) srli    s4, t4, 16
core   0: 3 0x80004c94 (0x010eda13) x20 0x000038fe
core   0: 0x80004c98 (0x00000013) nop
core   0: 3 0x80004c98 (0x00000013)
core   0: 0x80004c9c (0x00cc6a33) or      s4, s8, a2
core   0: 3 0x80004c9c (0x00cc6a33) x20 0xfffffffd
core   0: 0x80004ca0 (0x010cbe33) sltu    t3, s9, a6
core   0: 3 0x80004ca0 (0x010cbe33) x28 0x00000001
core   0: 0x80004ca4 (0xca0b47b7) lui     a5, 0xca0b4
core   0: 3 0x80004ca4 (0xca0b47b7) x15 0xca0b4000
core   0: 0x80004ca8 (0x008c0a33) add     s4, s8, s0
core   0: 3 0x80004ca8 (0x008c0a33) x20 0xfffffea0
core   0: 0x80004cac (0x01562e33) slt     t3, a2, s5
core   0: 3 0x80004cac (0x01562e33) x28 0x00000000
core   0: 0x80004cb0 (0x0110d6b3) srl     a3, ra, a7
core   0: 3 0x80004cb0 (0x0110d6b3) x13 0x47010b17
core   0: 0x80004cb4 (0x007a5433) srl     s0, s4, t2
core   0: 3 0x80004cb4 (0x007a5433) x 8 0xfffffea0
core   0: 0x80004cb8 (0x0165e733) or      a4, a1, s6
core   0: 3 0x80004cb8 (0x0165e733) x14 0x80014e65
core   0: 0x80004cbc (0x1b5b0a17) auipc   s4, 0x1b5b0
core   0: 3 0x80004cbc (0x1b5b0a17) x20 0x9b5b4cbc
core   0: 0x80004cc0 (0x02022433) mulhsu  s0, tp, zero
core   0: 3 0x80004cc0 (0x02022433) x 8 0x00000000
core   0: 0x80004cc4 (0x036083b3) mul     t2, ra, s6
core   0: 3 0x80004cc4 (0x036083b3) x 7 0x98e056fc
core   0: 0x80004cc8 (0xeeffbd13) sltiu   s10, t6, -273
core   0: 3 0x80004cc8 (0xeeffbd13) x26 0x00000001
core   0: 0x80004ccc (0x11756b93) ori     s7, a0, 279
core   0: 3 0x80004ccc (0x11756b93) x23 0x80000117
core   0: 0x80004cd0 (0x260c8f93) addi    t6, s9, 608
core   0: 3 0x80004cd0 (0x260c8f93) x31 0x00000261
core   0: 0x80004cd4 (0xa3b50a93) addi    s5, a0, -1477
core   0: 3 0x80004cd4 (0xa3b50a93) x21 0x7ffffa3b
core   0: 0x80004cd8 (0x032569b3) rem     s3, a0, s2
core   0: 3 0x80004cd8 (0x032569b3) x19 0x00000000
core   0: 0x80004cdc (0xfd993793) sltiu   a5, s2, -39
core   0: 3 0x80004cdc (0xfd993793) x15 0x00000000
core   0: 0x80004ce0 (0x03becd33) div     s10, t4, s11
core   0: 3 0x80004ce0 (0x03becd33) x26 0x0000585d
core   0: 0x80004ce4 (0x033419b3) mulh    s3, s0, s3
core   0: 3 0x80004ce4 (0x033419b3) x19 0x00000000
core   0: 0x80004ce8 (0x01fd07b3) add     a5, s10, t6
core   0: 3 0x80004ce8 (0x01fd07b3) x15 0x00005abe
core   0: 0x80004cec (0x004411b3) sll     gp, s0, tp
core   0: 3 0x80004cec (0x004411b3) x 3 0x00000000
core   0: 0x80004cf0 (0x00ffe2b3) or      t0, t6, a5
core   0: 3 0x80004cf0 (0x00ffe2b3) x 5 0x00005aff
core   0: 0x80004cf4 (0x1e3cb193) sltiu   gp, s9, 483
core   0: 3 0x80004cf4 (0x1e3cb193) x 3 0x00000001
core   0: 0x80004cf8 (0x01f9b6b3) sltu    a3, s3, t6
core   0: 3 0x80004cf8 (0x01f9b6b3) x13 0x00000001
core   0: 0x80004cfc (0x01048bb3) add     s7, s1, a6
core   0: 3 0x80004cfc (0x01048bb3) x23 0x80018ce7
core   0: 0x80004d00 (0x0100e233) or      tp, ra, a6
core   0: 3 0x80004d00 (0x0100e233) x 4 0xc7018ff7
core   0: 0x80004d04 (0x032fe133) rem     sp, t6, s2
core   0: 3 0x80004d04 (0x032fe133) x 2 0x00000000
core   0: 0x80004d08 (0x025b5c33) divu    s8, s6, t0
core   0: 3 0x80004d08 (0x025b5c33) x24 0x0001681e
core   0: 0x80004d0c (0x02656233) rem     tp, a0, t1
core   0: 3 0x80004d0c (0x02656233) x 4 0xd49470b1
core   0: 0x80004d10 (0x00e094b3) sll     s1, ra, a4
core   0: 3 0x80004d10 (0x00e094b3) x 9 0xe02162e0
core   0: 0x80004d14 (0x00851c93) slli    s9, a0, 8
core   0: 3 0x80004d14 (0x00851c93) x25 0x00000000
core   0: 0x80004d18 (0x003b7e33) and     t3, s6, gp
core   0: 3 0x80004d18 (0x003b7e33) x28 0x00000000
core   0: 0x80004d1c (0x00000013) nop
core   0: 3 0x80004d1c (0x00000013)
core   0: 0x80004d20 (0x00ce8a33) add     s4, t4, a2
core   0: 3 0x80004d20 (0x00ce8a33) x20 0x38fef4ea
core   0: 0x80004d24 (0x659b0c93) addi    s9, s6, 1625
core   0: 3 0x80004d24 (0x659b0c93) x25 0x800154bd
core   0: 0x80004d28 (0xf07f2493) slti    s1, t5, -249
core   0: 3 0x80004d28 (0xf07f2493) x 9 0x00000001
core   0: 0x80004d2c (0x03a63a33) mulhu   s4, a2, s10
core   0: 3 0x80004d2c (0x03a63a33) x20 0x00000000
core   0: 0x80004d30 (0x00252fb3) slt     t6, a0, sp
core   0: 3 0x80004d30 (0x00252fb3) x31 0x00000001
core   0: 0x80004d34 (0x025d6c33) rem     s8, s10, t0
core   0: 3 0x80004d34 (0x025d6c33) x24 0x0000585d
core   0: 0x80004d38 (0x00000013) nop
core   0: 3 0x80004d38 (0x00000013)
core   0: 0x80004d3c (0x40e5dc13) srai    s8, a1, 14
core   0: 3 0x80004d3c (0x40e5dc13) x24 0x00000000
core   0: 0x80004d40 (0x7aca3e13) sltiu   t3, s4, 1964
core   0: 3 0x80004d40 (0x7aca3e13) x28 0x00000001
core   0: 0x80004d44 (0x03cb6133) rem     sp, s6, t3
core   0: 3 0x80004d44 (0x03cb6133) x 2 0x00000000
core   0: 0x80004d48 (0x4ce86013) ori     zero, a6, 1230
core   0: 3 0x80004d48 (0x4ce86013)
core   0: 0x80004d4c (0x036d2a33) mulhsu  s4, s10, s6
core   0: 3 0x80004d4c (0x036d2a33) x20 0x00002c2e
core   0: 0x80004d50 (0x00129613) slli    a2, t0, 1
core   0: 3 0x80004d50 (0x00129613) x12 0x0000b5fe
core   0: 0x80004d54 (0x40a501b3) sub     gp, a0, a0
core   0: 3 0x80004d54 (0x40a501b3) x 3 0x00000000
core   0: 0x80004d58 (0x02576e33) rem     t3, a4, t0
core   0: 3 0x80004d58 (0x02576e33) x28 0xffffb84f
core   0: 0x80004d5c (0x00d059b3) srl     s3, zero, a3
core   0: 3 0x80004d5c (0x00d059b3) x19 0x00000000
core   0: 0x80004d60 (0x00e00ab3) add     s5, zero, a4
core   0: 3 0x80004d60 (0x00e00ab3) x21 0x80014e65
core   0: 0x80004d64 (0x0054c133) xor     sp, s1, t0
core   0: 3 0x80004d64 (0x0054c133) x 2 0x00005afe
core   0: 0x80004d68 (0x02df46b3) div     a3, t5, a3
core   0: 3 0x80004d68 (0x02df46b3) x13 0xffffff00
core   0: 0x80004d6c (0xb9913613) sltiu   a2, sp, -1127
core   0: 3 0x80004d6c (0xb9913613) x12 0x00000001
core   0: 0x80004d70 (0x7318bc13) sltiu   s8, a7, 1841
core   0: 3 0x80004d70 (0x7318bc13) x24 0x00000001
core   0: 0x80004d74 (0x01abac33) slt     s8, s7, s10
core   0: 3 0x80004d74 (0x01abac33) x24 0x00000001
core   0: 0x80004d78 (0xed6bc037) lui     zero, 0xed6bc
core   0: 3 0x80004d78 (0xed6bc037)
core   0: 0x80004d7c (0x007f6db3) or      s11, t5, t2
core   0: 3 0x80004d7c (0x007f6db3) x27 0xfffffffc
core   0: 0x80004d80 (0xc357e193) ori     gp, a5, -971
core   0: 3 0x80004d80 (0xc357e193) x 3 0xfffffebf
core   0: 0x80004d84 (0x02bce9b3) rem     s3, s9, a1
core   0: 3 0x80004d84 (0x02bce9b3) x19 0x00000000
core   0: 0x80004d88 (0x404d8c33) sub     s8, s11, tp
core   0: 3 0x80004d88 (0x404d8c33) x24 0x2b6b8f4b
core   0: 0x80004d8c (0x7d1ed597) auipc   a1, 0x7d1ed
core   0: 3 0x80004d8c (0x7d1ed597) x11 0xfd1f1d8c
core   0: 0x80004d90 (0x00d15893) srli    a7, sp, 13
core   0: 3 0x80004d90 (0x00d15893) x17 0x00000002
core   0: 0x80004d94 (0x03e3d233) divu    tp, t2, t5
core   0: 3 0x80004d94 (0x03e3d233) x 4 0x00000000
core   0: 0x80004d98 (0x228c7593) andi    a1, s8, 552
core   0: 3 0x80004d98 (0x228c7593) x11 0x00000208
core   0: 0x80004d9c (0xda2f9437) lui     s0, 0xda2f9
core   0: 3 0x80004d9c (0xda2f9437) x 8 0xda2f9000
core   0: 0x80004da0 (0x090d0c13) addi    s8, s10, 144
core   0: 3 0x80004da0 (0x090d0c13) x24 0x000058ed
core   0: 0x80004da4 (0xbbe7a893) slti    a7, a5, -1090
core   0: 3 0x80004da4 (0xbbe7a893) x17 0x00000000
core   0: 0x80004da8 (0x03fee133) rem     sp, t4, t6
core   0: 3 0x80004da8 (0x03fee133) x 2 0x00000000
core   0: 0x80004dac (0x40940333) sub     t1, s0, s1
core   0: 3 0x80004dac (0x40940333) x 6 0xda2f8fff
core   0: 0x80004db0 (0x00221a13) slli    s4, tp, 2
core   0: 3 0x80004db0 (0x00221a13) x20 0x00000000
core   0: 0x80004db4 (0x4046d8b3) sra     a7, a3, tp
core   0: 3 0x80004db4 (0x4046d8b3) x17 0xffffff00
core   0: 0x80004db8 (0x03e24eb3) div     t4, tp, t5
core   0: 3 0x80004db8 (0x03e24eb3) x29 0x00000000
core   0: 0x80004dbc (0x00fa9f13) slli    t5, s5, 15
core   0: 3 0x80004dbc (0x00fa9f13) x30 0xa7328000
core   0: 0x80004dc0 (0x01ad1733) sll     a4, s10, s10
core   0: 3 0x80004dc0 (0x01ad1733) x14 0xa0000000
core   0: 0x80004dc4 (0x0221f1b3) remu    gp, gp, sp
core   0: 3 0x80004dc4 (0x0221f1b3) x 3 0xfffffebf
core   0: 0x80004dc8 (0xc3c48c13) addi    s8, s1, -964
core   0: 3 0x80004dc8 (0xc3c48c13) x24 0xfffffc3d
core   0: 0x80004dcc (0xf68ec313) xori    t1, t4, -152
core   0: 3 0x80004dcc (0xf68ec313) x 6 0xffffff68
core   0: 0x80004dd0 (0xa29b2a93) slti    s5, s6, -1495
core   0: 3 0x80004dd0 (0xa29b2a93) x21 0x00000001
core   0: 0x80004dd4 (0xca04a393) slti    t2, s1, -864
core   0: 3 0x80004dd4 (0xca04a393) x 7 0x00000000
core   0: 0x80004dd8 (0x02692db3) mulhsu  s11, s2, t1
core   0: 3 0x80004dd8 (0x02692db3) x27 0xffffffff
core   0: 0x80004ddc (0x93a4b993) sltiu   s3, s1, -1734
core   0: 3 0x80004ddc (0x93a4b993) x19 0x00000001
core   0: 0x80004de0 (0x01fbd933) srl     s2, s7, t6
core   0: 3 0x80004de0 (0x01fbd933) x18 0x4000c673
core   0: 0x80004de4 (0x00000013) nop
core   0: 3 0x80004de4 (0x00000013)
core   0: 0x80004de8 (0x013bd1b3) srl     gp, s7, s3
core   0: 3 0x80004de8 (0x013bd1b3) x 3 0x4000c673
core   0: 0x80004dec (0x0317a033) mulhsu  zero, a5, a7
core   0: 3 0x80004dec (0x0317a033)
core   0: 0x80004df0 (0x00721993) slli    s3, tp, 7
core   0: 3 0x80004df0 (0x00721993) x19 0x00000000
core   0: 0x80004df4 (0x00913a33) sltu    s4, sp, s1
core   0: 3 0x80004df4 (0x00913a33) x20 0x00000001
core   0: 0x80004df8 (0x015e8f33) add     t5, t4, s5
core   0: 3 0x80004df8 (0x015e8f33) x30 0x00000001
core   0: 0x80004dfc (0x00ad7633) and     a2, s10, a0
core   0: 3 0x80004dfc (0x00ad7633) x12 0x00000000
core   0: 0x80004e00 (0x02a1b133) mulhu   sp, gp, a0
core   0: 3 0x80004e00 (0x02a1b133) x 2 0x20006339
core   0: 0x80004e04 (0x021c8433) mul     s0, s9, ra
core   0: 3 0x80004e04 (0x021c8433) x 8 0x4e7fbbfb
core   0: 0x80004e08 (0x00261033) sll     zero, a2, sp
core   0: 3 0x80004e08 (0x00261033)
core   0: 0x80004e0c (0xe3a2a413) slti    s0, t0, -454
core   0: 3 0x80004e0c (0xe3a2a413) x 8 0x00000000
core   0: 0x80004e10 (0x028acd33) div     s10, s5, s0
core   0: 3 0x80004e10 (0x028acd33) x26 0xffffffff
core   0: 0x80004e14 (0x01d380b3) add     ra, t2, t4
core   0: 3 0x80004e14 (0x01d380b3) x 1 0x00000000
core   0: 0x80004e18 (0x03e6bd33) mulhu   s10, a3, t5
core   0: 3 0x80004e18 (0x03e6bd33) x26 0x00000000
core   0: 0x80004e1c (0x028e01b3) mul     gp, t3, s0
core   0: 3 0x80004e1c (0x028e01b3) x 3 0x00000000
core   0: 0x80004e20 (0x43ff4293) xori    t0, t5, 1087
core   0: 3 0x80004e20 (0x43ff4293) x 5 0x0000043e
core   0: 0x80004e24 (0xb6ae6893) ori     a7, t3, -1174
core   0: 3 0x80004e24 (0xb6ae6893) x17 0xfffffb6f
core   0: 0x80004e28 (0x0107d113) srli    sp, a5, 16
core   0: 3 0x80004e28 (0x0107d113) x 2 0x00000000
core   0: 0x80004e2c (0x01372d33) slt     s10, a4, s3
core   0: 3 0x80004e2c (0x01372d33) x26 0x00000001
core   0: 0x80004e30 (0x01bac0b3) xor     ra, s5, s11
core   0: 3 0x80004e30 (0x01bac0b3) x 1 0xfffffffe
core   0: 0x80004e34 (0x40b0dd33) sra     s10, ra, a1
core   0: 3 0x80004e34 (0x40b0dd33) x26 0xffffffff
core   0: 0x80004e38 (0x031988b3) mul     a7, s3, a7
core   0: 3 0x80004e38 (0x031988b3) x17 0x00000000
core   0: 0x80004e3c (0x4ca89e37) lui     t3, 0x4ca89
core   0: 3 0x80004e3c (0x4ca89e37) x28 0x4ca89000
core   0: 0x80004e40 (0x02080333) mul     t1, a6, zero
core   0: 3 0x80004e40 (0x02080333) x 6 0x00000000
core   0: 0x80004e44 (0x20a5a637) lui     a2, 0x20a5a
core   0: 3 0x80004e44 (0x20a5a637) x12 0x20a5a000
core   0: 0x80004e48 (0x00480a33) add     s4, a6, tp
core   0: 3 0x80004e48 (0x00480a33) x20 0x80018ce4
core   0: 0x80004e4c (0x021a68b3) rem     a7, s4, ra
core   0: 3 0x80004e4c (0x021a68b3) x17 0x00000000
core   0: 0x80004e50 (0xbb5a3993) sltiu   s3, s4, -1099
core   0: 3 0x80004e50 (0xbb5a3993) x19 0x00000001
core   0: 0x80004e54 (0x0226a933) mulhsu  s2, a3, sp
core   0: 3 0x80004e54 (0x0226a933) x18 0x00000000
core   0: 0x80004e58 (0x419cd013) srai    zero, s9, 25
core   0: 3 0x80004e58 (0x419cd013)
core   0: 0x80004e5c (0xfc9fb393) sltiu   t2, t6, -55
core   0: 3 0x80004e5c (0xfc9fb393) x 7 0x00000001
core   0: 0x80004e60 (0x002ad913) srli    s2, s5, 2
core   0: 3 0x80004e60 (0x002ad913) x18 0x00000000
core   0: 0x80004e64 (0x024170b3) remu    ra, sp, tp
core   0: 3 0x80004e64 (0x024170b3) x 1 0x00000000
core   0: 0x80004e68 (0x4007d313) srai    t1, a5, 0
core   0: 3 0x80004e68 (0x4007d313) x 6 0x00005abe
core   0: 0x80004e6c (0x03eb51b3) divu    gp, s6, t5
core   0: 3 0x80004e6c (0x03eb51b3) x 3 0x80014e64
core   0: 0x80004e70 (0x00fb4d33) xor     s10, s6, a5
core   0: 3 0x80004e70 (0x00fb4d33) x26 0x800114da
core   0: 0x80004e74 (0x0273dc33) divu    s8, t2, t2
core   0: 3 0x80004e74 (0x0273dc33) x24 0x00000001
core   0: 0x80004e78 (0x00a5fe33) and     t3, a1, a0
core   0: 3 0x80004e78 (0x00a5fe33) x28 0x00000000
core   0: 0x80004e7c (0x41b18bb3) sub     s7, gp, s11
core   0: 3 0x80004e7c (0x41b18bb3) x23 0x80014e65
core   0: 0x80004e80 (0x5daeb293) sltiu   t0, t4, 1498
core   0: 3 0x80004e80 (0x5daeb293) x 5 0x00000001
core   0: 0x80004e84 (0x03fc77b3) remu    a5, s8, t6
core   0: 3 0x80004e84 (0x03fc77b3) x15 0x00000000
core   0: 0x80004e88 (0x58708b93) addi    s7, ra, 1415
core   0: 3 0x80004e88 (0x58708b93) x23 0x00000587
core   0: 0x80004e8c (0x00000013) nop
core   0: 3 0x80004e8c (0x00000013)
core   0: 0x80004e90 (0x40e15933) sra     s2, sp, a4
core   0: 3 0x80004e90 (0x40e15933) x18 0x00000000
core   0: 0x80004e94 (0x00000013) nop
core   0: 3 0x80004e94 (0x00000013)
core   0: 0x80004e98 (0xc112a893) slti    a7, t0, -1007
core   0: 3 0x80004e98 (0xc112a893) x17 0x00000000
core   0: 0x80004e9c (0x004d7933) and     s2, s10, tp
core   0: 3 0x80004e9c (0x004d7933) x18 0x00000000
core   0: 0x80004ea0 (0x4d3078b7) lui     a7, 0x4d307
core   0: 3 0x80004ea0 (0x4d3078b7) x17 0x4d307000
core   0: 0x80004ea4 (0xc6230d13) addi    s10, t1, -926
core   0: 3 0x80004ea4 (0xc6230d13) x26 0x00005720
core   0: 0x80004ea8 (0x41c15d93) srai    s11, sp, 28
core   0: 3 0x80004ea8 (0x41c15d93) x27 0x00000000
core   0: 0x80004eac (0x0002e733) or      a4, t0, zero
core   0: 3 0x80004eac (0x0002e733) x14 0x00000001
core   0: 0x80004eb0 (0x26d16013) ori     zero, sp, 621
core   0: 3 0x80004eb0 (0x26d16013)
core   0: 0x80004eb4 (0x01737a33) and     s4, t1, s7
core   0: 3 0x80004eb4 (0x01737a33) x20 0x00000086
core   0: 0x80004eb8 (0x0dc6ea13) ori     s4, a3, 220
core   0: 3 0x80004eb8 (0x0dc6ea13) x20 0xffffffdc
core   0: 0x80004ebc (0x807c3693) sltiu   a3, s8, -2041
core   0: 3 0x80004ebc (0x807c3693) x13 0x00000001
core   0: 0x80004ec0 (0x03ed8e33) mul     t3, s11, t5
core   0: 3 0x80004ec0 (0x03ed8e33) x28 0x00000000
core   0: 0x80004ec4 (0x00000013) nop
core   0: 3 0x80004ec4 (0x00000013)
core   0: 0x80004ec8 (0x03938133) mul     sp, t2, s9
core   0: 3 0x80004ec8 (0x03938133) x 2 0x800154bd
core   0: 0x80004ecc (0x01c6b4b3) sltu    s1, a3, t3
core   0: 3 0x80004ecc (0x01c6b4b3) x 9 0x00000000
core   0: 0x80004ed0 (0x03a8ee33) rem     t3, a7, s10
core   0: 3 0x80004ed0 (0x03a8ee33) x28 0x00001440
core   0: 0x80004ed4 (0xa8ace417) auipc   s0, 0xa8ace
core   0: 3 0x80004ed4 (0xa8ace417) x 8 0x28ad2ed4
core   0: 0x80004ed8 (0x41b68f33) sub     t5, a3, s11
core   0: 3 0x80004ed8 (0x41b68f33) x30 0x00000001
core   0: 0x80004edc (0x02cb1d33) mulh    s10, s6, a2
core   0: 3 0x80004edc (0x02cb1d33) x26 0xefad5aa4
core   0: 0x80004ee0 (0x7660fa13) andi    s4, ra, 1894
core   0: 3 0x80004ee0 (0x7660fa13) x20 0x00000000
core   0: 0x80004ee4 (0x38c76713) ori     a4, a4, 908
core   0: 3 0x80004ee4 (0x38c76713) x14 0x0000038d
core   0: 0x80004ee8 (0x003f4733) xor     a4, t5, gp
core   0: 3 0x80004ee8 (0x003f4733) x14 0x80014e65
core   0: 0x80004eec (0x01cf75b3) and     a1, t5, t3
core   0: 3 0x80004eec (0x01cf75b3) x11 0x00000000
core   0: 0x80004ef0 (0x00081313) slli    t1, a6, 0
core   0: 3 0x80004ef0 (0x00081313) x 6 0x80018ce4
core   0: 0x80004ef4 (0x33718013) addi    zero, gp, 823
core   0: 3 0x80004ef4 (0x33718013)
core   0: 0x80004ef8 (0xfa5aa637) lui     a2, 0xfa5aa
core   0: 3 0x80004ef8 (0xfa5aa637) x12 0xfa5aa000
core   0: 0x80004efc (0x02880a33) mul     s4, a6, s0
core   0: 3 0x80004efc (0x02880a33) x20 0x1eada4d0
core   0: 0x80004f00 (0x013b9293) slli    t0, s7, 19
core   0: 3 0x80004f00 (0x013b9293) x 5 0x2c380000
core   0: 0x80004f04 (0x01a79e33) sll     t3, a5, s10
core   0: 3 0x80004f04 (0x01a79e33) x28 0x00000000
core   0: 0x80004f08 (0x4154d633) sra     a2, s1, s5
core   0: 3 0x80004f08 (0x4154d633) x12 0x00000000
core   0: 0x80004f0c (0x00444bb3) xor     s7, s0, tp
core   0: 3 0x80004f0c (0x00444bb3) x23 0x28ad2ed4
core   0: 0x80004f10 (0x00201b93) slli    s7, zero, 2
core   0: 3 0x80004f10 (0x00201b93) x23 0x00000000
core   0: 0x80004f14 (0x00e40233) add     tp, s0, a4
core   0: 3 0x80004f14 (0x00e40233) x 4 0xa8ae7d39
core   0: 0x80004f18 (0x0229d9b3) divu    s3, s3, sp
core   0: 3 0x80004f18 (0x0229d9b3) x19 0x00000000
core   0: 0x80004f1c (0x01267a33) and     s4, a2, s2
core   0: 3 0x80004f1c (0x01267a33) x20 0x00000000
core   0: 0x80004f20 (0xb78cf917) auipc   s2, 0xb78cf
core   0: 3 0x80004f20 (0xb78cf917) x18 0x378d3f20
core   0: 0x80004f24 (0x01017233) and     tp, sp, a6
core   0: 3 0x80004f24 (0x01017233) x 4 0x800104a4
core   0: 0x80004f28 (0x012097b3) sll     a5, ra, s2
core   0: 3 0x80004f28 (0x012097b3) x15 0x00000000
core   0: 0x80004f2c (0x40a150b3) sra     ra, sp, a0
core   0: 3 0x80004f2c (0x40a150b3) x 1 0x800154bd
core   0: 0x80004f30 (0x03228d33) mul     s10, t0, s2
core   0: 3 0x80004f30 (0x03228d33) x26 0x4f000000
core   0: 0x80004f34 (0x028f4e33) div     t3, t5, s0
core   0: 3 0x80004f34 (0x028f4e33) x28 0x00000000
core   0: 0x80004f38 (0xc86cad13) slti    s10, s9, -890
core   0: 3 0x80004f38 (0xc86cad13) x26 0x00000001
core   0: 0x80004f3c (0x032ca1b3) mulhsu  gp, s9, s2
core   0: 3 0x80004f3c (0x032ca1b3) x 3 0xe439aa60
core   0: 0x80004f40 (0x00009d33) sll     s10, ra, zero
core   0: 3 0x80004f40 (0x00009d33) x26 0x800154bd
core   0: 0x80004f44 (0x01488133) add     sp, a7, s4
core   0: 3 0x80004f44 (0x01488133) x 2 0x4d307000
core   0: 0x80004f48 (0x006097b3) sll     a5, ra, t1
core   0: 3 0x80004f48 (0x006097b3) x15 0x00154bd0
core   0: 0x80004f4c (0xca713713) sltiu   a4, sp, -857
core   0: 3 0x80004f4c (0xca713713) x14 0x00000001
core   0: 0x80004f50 (0x410eda33) sra     s4, t4, a6
core   0: 3 0x80004f50 (0x410eda33) x20 0x00000000
core   0: 0x80004f54 (0xed587393) andi    t2, a6, -299
core   0: 3 0x80004f54 (0xed587393) x 7 0x80018cc4
core   0: 0x80004f58 (0x035ea9b3) mulhsu  s3, t4, s5
core   0: 3 0x80004f58 (0x035ea9b3) x19 0x00000000
core   0: 0x80004f5c (0x031e2633) mulhsu  a2, t3, a7
core   0: 3 0x80004f5c (0x031e2633) x12 0x00000000
core   0: 0x80004f60 (0x35452c13) slti    s8, a0, 852
core   0: 3 0x80004f60 (0x35452c13) x24 0x00000001
core   0: 0x80004f64 (0x00000013) nop
core   0: 3 0x80004f64 (0x00000013)
core   0: 0x80004f68 (0x01775693) srli    a3, a4, 23
core   0: 3 0x80004f68 (0x01775693) x13 0x00000000
core   0: 0x80004f6c (0x44a1f493) andi    s1, gp, 1098
core   0: 3 0x80004f6c (0x44a1f493) x 9 0x00000040
core   0: 0x80004f70 (0x03ef32b3) mulhu   t0, t5, t5
core   0: 3 0x80004f70 (0x03ef32b3) x 5 0x00000000
core   0: 0x80004f74 (0x026353b3) divu    t2, t1, t1
core   0: 3 0x80004f74 (0x026353b3) x 7 0x00000001
core   0: 0x80004f78 (0x02e899b3) mulh    s3, a7, a4
core   0: 3 0x80004f78 (0x02e899b3) x19 0x00000000
core   0: 0x80004f7c (0x4143dd33) sra     s10, t2, s4
core   0: 3 0x80004f7c (0x4143dd33) x26 0x00000001
core   0: 0x80004f80 (0x005294b3) sll     s1, t0, t0
core   0: 3 0x80004f80 (0x005294b3) x 9 0x00000000
core   0: 0x80004f84 (0x002b3ab3) sltu    s5, s6, sp
core   0: 3 0x80004f84 (0x002b3ab3) x21 0x00000000
core   0: 0x80004f88 (0x01a3b233) sltu    tp, t2, s10
core   0: 3 0x80004f88 (0x01a3b233) x 4 0x00000000
core   0: 0x80004f8c (0x3b04c413) xori    s0, s1, 944
core   0: 3 0x80004f8c (0x3b04c413) x 8 0x000003b0
core   0: 0x80004f90 (0x3c7bc793) xori    a5, s7, 967
core   0: 3 0x80004f90 (0x3c7bc793) x15 0x000003c7
core   0: 0x80004f94 (0x96b342b7) lui     t0, 0x96b34
core   0: 3 0x80004f94 (0x96b342b7) x 5 0x96b34000
core   0: 0x80004f98 (0x2826cb93) xori    s7, a3, 642
core   0: 3 0x80004f98 (0x2826cb93) x23 0x00000282
core   0: 0x80004f9c (0x031b0fb3) mul     t6, s6, a7
core   0: 3 0x80004f9c (0x031b0fb3) x31 0x590bc000
core   0: 0x80004fa0 (0x01cf5013) srli    zero, t5, 28
core   0: 3 0x80004fa0 (0x01cf5013)
core   0: 0x80004fa4 (0x41b289b3) sub     s3, t0, s11
core   0: 3 0x80004fa4 (0x41b289b3) x19 0x96b34000
core   0: 0x80004fa8 (0x4122af13) slti    t5, t0, 1042
core   0: 3 0x80004fa8 (0x4122af13) x30 0x00000001
core   0: 0x80004fac (0x40eba917) auipc   s2, 0x40eba
core   0: 3 0x80004fac (0x40eba917) x18 0xc0ebefac
core   0: 0x80004fb0 (0x03770a33) mul     s4, a4, s7
core   0: 3 0x80004fb0 (0x03770a33) x20 0x00000282
core   0: 0x80004fb4 (0x02f19e33) mulh    t3, gp, a5
core   0: 3 0x80004fb4 (0x02f19e33) x28 0xffffff97
core   0: 0x80004fb8 (0x00351e93) slli    t4, a0, 3
core   0: 3 0x80004fb8 (0x00351e93) x29 0x00000000
core   0: 0x80004fbc (0x40460433) sub     s0, a2, tp
core   0: 3 0x80004fbc (0x40460433) x 8 0x00000000
core   0: 0x80004fc0 (0x4c01e893) ori     a7, gp, 1216
core   0: 3 0x80004fc0 (0x4c01e893) x17 0xe439aee0
core   0: 0x80004fc4 (0x037a3933) mulhu   s2, s4, s7
core   0: 3 0x80004fc4 (0x037a3933) x18 0x00000000
core   0: 0x80004fc8 (0x01eee333) or      t1, t4, t5
core   0: 3 0x80004fc8 (0x01eee333) x 6 0x00000001
core   0: 0x80004fcc (0x008bed33) or      s10, s7, s0
core   0: 3 0x80004fcc (0x008bed33) x26 0x00000282
core   0: 0x80004fd0 (0x9220fc97) auipc   s9, 0x9220f
core   0: 3 0x80004fd0 (0x9220fc97) x25 0x12213fd0
core   0: 0x80004fd4 (0x0110d013) srli    zero, ra, 17
core   0: 3 0x80004fd4 (0x0110d013)
core   0: 0x80004fd8 (0x008ecab3) xor     s5, t4, s0
core   0: 3 0x80004fd8 (0x008ecab3) x21 0x00000000
core   0: 0x80004fdc (0x022167b3) rem     a5, sp, sp
core   0: 3 0x80004fdc (0x022167b3) x15 0x00000000
core   0: 0x80004fe0 (0x0070c933) xor     s2, ra, t2
core   0: 3 0x80004fe0 (0x0070c933) x18 0x800154bc
core   0: 0x80004fe4 (0x7bc26d37) lui     s10, 0x7bc26
core   0: 3 0x80004fe4 (0x7bc26d37) x26 0x7bc26000
core   0: 0x80004fe8 (0x01a01033) sll     zero, zero, s10
core   0: 3 0x80004fe8 (0x01a01033)
core   0: 0x80004fec (0x0358dbb3) divu    s7, a7, s5
core   0: 3 0x80004fec (0x0358dbb3) x23 0xffffffff
core   0: 0x80004ff0 (0x40635f33) sra     t5, t1, t1
core   0: 3 0x80004ff0 (0x40635f33) x30 0x00000000
core   0: 0x80004ff4 (0x014dbc33) sltu    s8, s11, s4
core   0: 3 0x80004ff4 (0x014dbc33) x24 0x00000001
core   0: 0x80004ff8 (0x416cd9b3) sra     s3, s9, s6
core   0: 3 0x80004ff8 (0x416cd9b3) x19 0x012213fd
core   0: 0x80004ffc (0xb5442893) slti    a7, s0, -1196
core   0: 3 0x80004ffc (0xb5442893) x17 0x00000000
core   0: 0x80005000 (0x01d568b3) or      a7, a0, t4
core   0: 3 0x80005000 (0x01d568b3) x17 0x80000000
core   0: 0x80005004 (0x03b13933) mulhu   s2, sp, s11
core   0: 3 0x80005004 (0x03b13933) x18 0x00000000
core   0: 0x80005008 (0xe3aa2413) slti    s0, s4, -454
core   0: 3 0x80005008 (0xe3aa2413) x 8 0x00000000
core   0: 0x8000500c (0x0069f4b3) and     s1, s3, t1
core   0: 3 0x8000500c (0x0069f4b3) x 9 0x00000001
core   0: 0x80005010 (0x00000013) nop
core   0: 3 0x80005010 (0x00000013)
core   0: 0x80005014 (0x92984b93) xori    s7, a6, -1751
core   0: 3 0x80005014 (0x92984b93) x23 0x7ffe75cd
core   0: 0x80005018 (0x42a38893) addi    a7, t2, 1066
core   0: 3 0x80005018 (0x42a38893) x17 0x0000042b
core   0: 0x8000501c (0x41705c33) sra     s8, zero, s7
core   0: 3 0x8000501c (0x41705c33) x24 0x00000000
core   0: 0x80005020 (0x02405433) divu    s0, zero, tp
core   0: 3 0x80005020 (0x02405433) x 8 0xffffffff
core   0: 0x80005024 (0x02142fb3) mulhsu  t6, s0, ra
core   0: 3 0x80005024 (0x02142fb3) x31 0xffffffff
core   0: 0x80005028 (0x0210eab3) rem     s5, ra, ra
core   0: 3 0x80005028 (0x0210eab3) x21 0x00000000
core   0: 0x8000502c (0x004f1f13) slli    t5, t5, 4
core   0: 3 0x8000502c (0x004f1f13) x30 0x00000000
core   0: 0x80005030 (0x02728bb3) mul     s7, t0, t2
core   0: 3 0x80005030 (0x02728bb3) x23 0x96b34000
core   0: 0x80005034 (0x0012e5b3) or      a1, t0, ra
core   0: 3 0x80005034 (0x0012e5b3) x11 0x96b354bd
core   0: 0x80005038 (0xa4d0ab93) slti    s7, ra, -1459
core   0: 3 0x80005038 (0xa4d0ab93) x23 0x00000001
core   0: 0x8000503c (0x407bd993) srai    s3, s7, 7
core   0: 3 0x8000503c (0x407bd993) x19 0x00000000
core   0: 0x80005040 (0x0099cd33) xor     s10, s3, s1
core   0: 3 0x80005040 (0x0099cd33) x26 0x00000001
core   0: 0x80005044 (0x03cee033) rem     zero, t4, t3
core   0: 3 0x80005044 (0x03cee033)
core   0: 0x80005048 (0x3e28ba93) sltiu   s5, a7, 994
core   0: 3 0x80005048 (0x3e28ba93) x21 0x00000000
core   0: 0x8000504c (0x03b79cb3) mulh    s9, a5, s11
core   0: 3 0x8000504c (0x03b79cb3) x25 0x00000000
core   0: 0x80005050 (0x00401c13) slli    s8, zero, 4
core   0: 3 0x80005050 (0x00401c13) x24 0x00000000
core   0: 0x80005054 (0xd46d6c93) ori     s9, s10, -698
core   0: 3 0x80005054 (0xd46d6c93) x25 0xfffffd47
core   0: 0x80005058 (0xa49af193) andi    gp, s5, -1463
core   0: 3 0x80005058 (0xa49af193) x 3 0x00000000
core   0: 0x8000505c (0x1e603913) sltiu   s2, zero, 486
core   0: 3 0x8000505c (0x1e603913) x18 0x00000001
core   0: 0x80005060 (0x0381f6b3) remu    a3, gp, s8
core   0: 3 0x80005060 (0x0381f6b3) x13 0x00000000
core   0: 0x80005064 (0x02a45a33) divu    s4, s0, a0
core   0: 3 0x80005064 (0x02a45a33) x20 0x00000001
core   0: 0x80005068 (0x03d2f4b3) remu    s1, t0, t4
core   0: 3 0x80005068 (0x03d2f4b3) x 9 0x96b34000
core   0: 0x8000506c (0x03abdab3) divu    s5, s7, s10
core   0: 3 0x8000506c (0x03abdab3) x21 0x00000001
core   0: 0x80005070 (0x6007ad13) slti    s10, a5, 1536
core   0: 3 0x80005070 (0x6007ad13) x26 0x00000001
core   0: 0x80005074 (0x01a5b4b3) sltu    s1, a1, s10
core   0: 3 0x80005074 (0x01a5b4b3) x 9 0x00000000
core   0: 0x80005078 (0x01f34633) xor     a2, t1, t6
core   0: 3 0x80005078 (0x01f34633) x12 0xfffffffe
core   0: 0x8000507c (0x01c72133) slt     sp, a4, t3
core   0: 3 0x8000507c (0x01c72133) x 2 0x00000000
core   0: 0x80005080 (0x009e9233) sll     tp, t4, s1
core   0: 3 0x80005080 (0x009e9233) x 4 0x00000000
core   0: 0x80005084 (0x01250c93) addi    s9, a0, 18
core   0: 3 0x80005084 (0x01250c93) x25 0x80000012
core   0: 0x80005088 (0x001738b3) sltu    a7, a4, ra
core   0: 3 0x80005088 (0x001738b3) x17 0x00000001
core   0: 0x8000508c (0x020ad6b3) divu    a3, s5, zero
core   0: 3 0x8000508c (0x020ad6b3) x13 0xffffffff
core   0: 0x80005090 (0xcfff2993) slti    s3, t5, -769
core   0: 3 0x80005090 (0xcfff2993) x19 0x00000000
core   0: 0x80005094 (0x4859cc93) xori    s9, s3, 1157
core   0: 3 0x80005094 (0x4859cc93) x25 0x00000485
core   0: 0x80005098 (0xda627a13) andi    s4, tp, -602
core   0: 3 0x80005098 (0xda627a13) x20 0x00000000
core   0: 0x8000509c (0x40368bb3) sub     s7, a3, gp
core   0: 3 0x8000509c (0x40368bb3) x23 0xffffffff
core   0: 0x800050a0 (0x8c706f13) ori     t5, zero, -1849
core   0: 3 0x800050a0 (0x8c706f13) x30 0xfffff8c7
core   0: 0x800050a4 (0x61df4c13) xori    s8, t5, 1565
core   0: 3 0x800050a4 (0x61df4c13) x24 0xfffffeda
core   0: 0x800050a8 (0xb4e93313) sltiu   t1, s2, -1202
core   0: 3 0x800050a8 (0xb4e93313) x 6 0x00000001
core   0: 0x800050ac (0x01698f33) add     t5, s3, s6
core   0: 3 0x800050ac (0x01698f33) x30 0x80014e64
core   0: 0x800050b0 (0x0020db93) srli    s7, ra, 2
core   0: 3 0x800050b0 (0x0020db93) x23 0x2000552f
core   0: 0x800050b4 (0x3922a913) slti    s2, t0, 914
core   0: 3 0x800050b4 (0x3922a913) x18 0x00000001
core   0: 0x800050b8 (0x01d5adb3) slt     s11, a1, t4
core   0: 3 0x800050b8 (0x01d5adb3) x27 0x00000001
core   0: 0x800050bc (0x02158033) mul     zero, a1, ra
core   0: 3 0x800050bc (0x02158033)
core   0: 0x800050c0 (0x005d9e33) sll     t3, s11, t0
core   0: 3 0x800050c0 (0x005d9e33) x28 0x00000001
core   0: 0x800050c4 (0x03f161b3) rem     gp, sp, t6
core   0: 3 0x800050c4 (0x03f161b3) x 3 0x00000000
core   0: 0x800050c8 (0x4ffa6e13) ori     t3, s4, 1279
core   0: 3 0x800050c8 (0x4ffa6e13) x28 0x000004ff
core   0: 0x800050cc (0x00c3b133) sltu    sp, t2, a2
core   0: 3 0x800050cc (0x00c3b133) x 2 0x00000001
core   0: 0x800050d0 (0xf59a4e97) auipc   t4, 0xf59a4
core   0: 3 0x800050d0 (0xf59a4e97) x29 0x759a90d0
core   0: 0x800050d4 (0x007c4633) xor     a2, s8, t2
core   0: 3 0x800050d4 (0x007c4633) x12 0xfffffedb
core   0: 0x800050d8 (0x00eddf13) srli    t5, s11, 14
core   0: 3 0x800050d8 (0x00eddf13) x30 0x00000000
core   0: 0x800050dc (0x66c46a17) auipc   s4, 0x66c46
core   0: 3 0x800050dc (0x66c46a17) x20 0xe6c4b0dc
core   0: 0x800050e0 (0x02a59d33) mulh    s10, a1, a0
core   0: 3 0x800050e0 (0x02a59d33) x26 0x34a655a1
core   0: 0x800050e4 (0x0369a433) mulhsu  s0, s3, s6
core   0: 3 0x800050e4 (0x0369a433) x 8 0x00000000
core   0: 0x800050e8 (0xf7bb6993) ori     s3, s6, -133
core   0: 3 0x800050e8 (0xf7bb6993) x19 0xffffff7f
core   0: 0x800050ec (0x6f22f313) andi    t1, t0, 1778
core   0: 3 0x800050ec (0x6f22f313) x 6 0x00000000
core   0: 0x800050f0 (0x027ad233) divu    tp, s5, t2
core   0: 3 0x800050f0 (0x027ad233) x 4 0x00000001
core   0: 0x800050f4 (0x01e91a13) slli    s4, s2, 30
core   0: 3 0x800050f4 (0x01e91a13) x20 0x40000000
core   0: 0x800050f8 (0x57ef8e13) addi    t3, t6, 1406
core   0: 3 0x800050f8 (0x57ef8e13) x28 0x0000057d
core   0: 0x800050fc (0x0044e633) or      a2, s1, tp
core   0: 3 0x800050fc (0x0044e633) x12 0x00000001
core   0: 0x80005100 (0x6c80bd17) auipc   s10, 0x6c80b
core   0: 3 0x80005100 (0x6c80bd17) x26 0xec810100
core   0: 0x80005104 (0x000699b3) sll     s3, a3, zero
core   0: 3 0x80005104 (0x000699b3) x19 0xffffffff
core   0: 0x80005108 (0x23a68493) addi    s1, a3, 570
core   0: 3 0x80005108 (0x23a68493) x 9 0x00000239
core   0: 0x8000510c (0x02068ab3) mul     s5, a3, zero
core   0: 3 0x8000510c (0x02068ab3) x21 0x00000000
core   0: 0x80005110 (0x03b78433) mul     s0, a5, s11
core   0: 3 0x80005110 (0x03b78433) x 8 0x00000000
core   0: 0x80005114 (0x6afa7593) andi    a1, s4, 1711
core   0: 3 0x80005114 (0x6afa7593) x11 0x00000000
core   0: 0x80005118 (0x025fd733) divu    a4, t6, t0
core   0: 3 0x80005118 (0x025fd733) x14 0x00000001
core   0: 0x8000511c (0x273ffd93) andi    s11, t6, 627
core   0: 3 0x8000511c (0x273ffd93) x27 0x00000273
core   0: 0x80005120 (0x0124de13) srli    t3, s1, 18
core   0: 3 0x80005120 (0x0124de13) x28 0x00000000
core   0: 0x80005124 (0x01661c33) sll     s8, a2, s6
core   0: 3 0x80005124 (0x01661c33) x24 0x00000010
core   0: 0x80005128 (0x01257db3) and     s11, a0, s2
core   0: 3 0x80005128 (0x01257db3) x27 0x00000000
core   0: 0x8000512c (0x00f62db3) slt     s11, a2, a5
core   0: 3 0x8000512c (0x00f62db3) x27 0x00000000
core   0: 0x80005130 (0x00ef5b93) srli    s7, t5, 14
core   0: 3 0x80005130 (0x00ef5b93) x23 0x00000000
core   0: 0x80005134 (0x01bdf733) and     a4, s11, s11
core   0: 3 0x80005134 (0x01bdf733) x14 0x00000000
core   0: 0x80005138 (0xb4640793) addi    a5, s0, -1210
core   0: 3 0x80005138 (0xb4640793) x15 0xfffffb46
core   0: 0x8000513c (0x4155d593) srai    a1, a1, 21
core   0: 3 0x8000513c (0x4155d593) x11 0x00000000
core   0: 0x80005140 (0x01fa7bb3) and     s7, s4, t6
core   0: 3 0x80005140 (0x01fa7bb3) x23 0x40000000
core   0: 0x80005144 (0x02bdebb3) rem     s7, s11, a1
core   0: 3 0x80005144 (0x02bdebb3) x23 0x00000000
core   0: 0x80005148 (0x037c0c33) mul     s8, s8, s7
core   0: 3 0x80005148 (0x037c0c33) x24 0x00000000
core   0: 0x8000514c (0x002f2c33) slt     s8, t5, sp
core   0: 3 0x8000514c (0x002f2c33) x24 0x00000001
core   0: 0x80005150 (0x9a59e317) auipc   t1, 0x9a59e
core   0: 3 0x80005150 (0x9a59e317) x 6 0x1a5a3150
core   0: 0x80005154 (0x935df593) andi    a1, s11, -1739
core   0: 3 0x80005154 (0x935df593) x11 0x00000000
core   0: 0x80005158 (0x0299c5b3) div     a1, s3, s1
core   0: 3 0x80005158 (0x0299c5b3) x11 0x00000000
core   0: 0x8000515c (0xe6a63f93) sltiu   t6, a2, -406
core   0: 3 0x8000515c (0xe6a63f93) x31 0x00000001
core   0: 0x80005160 (0x74d83c93) sltiu   s9, a6, 1869
core   0: 3 0x80005160 (0x74d83c93) x25 0x00000000
core   0: 0x80005164 (0xfbfbfb93) andi    s7, s7, -65
core   0: 3 0x80005164 (0xfbfbfb93) x23 0x00000000
core   0: 0x80005168 (0x0004f8b3) and     a7, s1, zero
core   0: 3 0x80005168 (0x0004f8b3) x17 0x00000000
core   0: 0x8000516c (0x01c35913) srli    s2, t1, 28
core   0: 3 0x8000516c (0x01c35913) x18 0x00000001
core   0: 0x80005170 (0x004f8633) add     a2, t6, tp
core   0: 3 0x80005170 (0x004f8633) x12 0x00000002
core   0: 0x80005174 (0x03b35d33) divu    s10, t1, s11
core   0: 3 0x80005174 (0x03b35d33) x26 0xffffffff
core   0: 0x80005178 (0x00000013) nop
core   0: 3 0x80005178 (0x00000013)
core   0: 0x8000517c (0x005493b3) sll     t2, s1, t0
core   0: 3 0x8000517c (0x005493b3) x 7 0x00000239
core   0: 0x80005180 (0x03daf933) remu    s2, s5, t4
core   0: 3 0x80005180 (0x03daf933) x18 0x00000000
core   0: 0x80005184 (0x00961393) slli    t2, a2, 9
core   0: 3 0x80005184 (0x00961393) x 7 0x00000400
core   0: 0x80005188 (0x0352f933) remu    s2, t0, s5
core   0: 3 0x80005188 (0x0352f933) x18 0x96b34000
core   0: 0x8000518c (0xd3030e13) addi    t3, t1, -720
core   0: 3 0x8000518c (0xd3030e13) x28 0x1a5a2e80
core   0: 0x80005190 (0x00916e33) or      t3, sp, s1
core   0: 3 0x80005190 (0x00916e33) x28 0x00000239
core   0: 0x80005194 (0x0033abb3) slt     s7, t2, gp
core   0: 3 0x80005194 (0x0033abb3) x23 0x00000000
core   0: 0x80005198 (0x0382a633) mulhsu  a2, t0, s8
core   0: 3 0x80005198 (0x0382a633) x12 0xffffffff
core   0: 0x8000519c (0x005b66b3) or      a3, s6, t0
core   0: 3 0x8000519c (0x005b66b3) x13 0x96b34e64
core   0: 0x800051a0 (0x00ce9213) slli    tp, t4, 12
core   0: 3 0x800051a0 (0x00ce9213) x 4 0xa90d0000
core   0: 0x800051a4 (0x02d6f1b3) remu    gp, a3, a3
core   0: 3 0x800051a4 (0x02d6f1b3) x 3 0x00000000
core   0: 0x800051a8 (0x65f0a713) slti    a4, ra, 1631
core   0: 3 0x800051a8 (0x65f0a713) x14 0x00000001
core   0: 0x800051ac (0x03d49233) mulh    tp, s1, t4
core   0: 3 0x800051ac (0x03d49233) x 4 0x00000105
core   0: 0x800051b0 (0x40021db7) lui     s11, 0x40021
core   0: 3 0x800051b0 (0x40021db7) x27 0x40021000
core   0: 0x800051b4 (0x01d7aa33) slt     s4, a5, t4
core   0: 3 0x800051b4 (0x01d7aa33) x20 0x00000001
core   0: 0x800051b8 (0x2cc6e293) ori     t0, a3, 716
core   0: 3 0x800051b8 (0x2cc6e293) x 5 0x96b34eec
core   0: 0x800051bc (0x01c99c93) slli    s9, s3, 28
core   0: 3 0x800051bc (0x01c99c93) x25 0xf0000000
core   0: 0x800051c0 (0x00000013) nop
core   0: 3 0x800051c0 (0x00000013)
core   0: 0x800051c4 (0x00fed493) srli    s1, t4, 15
core   0: 3 0x800051c4 (0x00fed493) x 9 0x0000eb35
core   0: 0x800051c8 (0x41ccd9b3) sra     s3, s9, t3
core   0: 3 0x800051c8 (0x41ccd9b3) x19 0xfffffff8
core   0: 0x800051cc (0x0030da33) srl     s4, ra, gp
core   0: 3 0x800051cc (0x0030da33) x20 0x800154bd
core   0: 0x800051d0 (0xc035a013) slti    zero, a1, -1021
core   0: 3 0x800051d0 (0xc035a013)
core   0: 0x800051d4 (0x03ef6a33) rem     s4, t5, t5
core   0: 3 0x800051d4 (0x03ef6a33) x20 0x00000000
core   0: 0x800051d8 (0x13aa0893) addi    a7, s4, 314
core   0: 3 0x800051d8 (0x13aa0893) x17 0x0000013a
core   0: 0x800051dc (0x01892333) slt     t1, s2, s8
core   0: 3 0x800051dc (0x01892333) x 6 0x00000001
core   0: 0x800051e0 (0x02b8e6b3) rem     a3, a7, a1
core   0: 3 0x800051e0 (0x02b8e6b3) x13 0x0000013a
core   0: 0x800051e4 (0x00417233) and     tp, sp, tp
core   0: 3 0x800051e4 (0x00417233) x 4 0x00000001
core   0: 0x800051e8 (0x019aa8b3) slt     a7, s5, s9
core   0: 3 0x800051e8 (0x019aa8b3) x17 0x00000000
core   0: 0x800051ec (0xcee2f237) lui     tp, 0xcee2f
core   0: 3 0x800051ec (0xcee2f237) x 4 0xcee2f000
core   0: 0x800051f0 (0x41145093) srai    ra, s0, 17
core   0: 3 0x800051f0 (0x41145093) x 1 0x00000000
core   0: 0x800051f4 (0x409dde93) srai    t4, s11, 9
core   0: 3 0x800051f4 (0x409dde93) x29 0x00200108
core   0: 0x800051f8 (0x03710333) mul     t1, sp, s7
core   0: 3 0x800051f8 (0x03710333) x 6 0x00000000
core   0: 0x800051fc (0x03d636b3) mulhu   a3, a2, t4
core   0: 3 0x800051fc (0x03d636b3) x13 0x00200107
core   0: 0x80005200 (0x347fbc17) auipc   s8, 0x347fb
core   0: 3 0x80005200 (0x347fbc17) x24 0xb4800200
core   0: 0x80005204 (0x4d52e917) auipc   s2, 0x4d52e
core   0: 3 0x80005204 (0x4d52e917) x18 0xcd533204
core   0: 0x80005208 (0x0090b0b3) sltu    ra, ra, s1
core   0: 3 0x80005208 (0x0090b0b3) x 1 0x00000001
core   0: 0x8000520c (0x02e83933) mulhu   s2, a6, a4
core   0: 3 0x8000520c (0x02e83933) x18 0x00000000
core   0: 0x80005210 (0x03d824b3) mulhsu  s1, a6, t4
core   0: 3 0x80005210 (0x03d824b3) x 9 0xffefffad
core   0: 0x80005214 (0xd93e7913) andi    s2, t3, -621
core   0: 3 0x80005214 (0xd93e7913) x18 0x00000011
core   0: 0x80005218 (0x85908a13) addi    s4, ra, -1959
core   0: 3 0x80005218 (0x85908a13) x20 0xfffff85a
core   0: 0x8000521c (0x033bd233) divu    tp, s7, s3
core   0: 3 0x8000521c (0x033bd233) x 4 0x00000000
core   0: 0x80005220 (0x006dc6b3) xor     a3, s11, t1
core   0: 3 0x80005220 (0x006dc6b3) x13 0x40021000
core   0: 0x80005224 (0x012dad33) slt     s10, s11, s2
core   0: 3 0x80005224 (0x012dad33) x26 0x00000000
core   0: 0x80005228 (0xb4fbad13) slti    s10, s7, -1201
core   0: 3 0x80005228 (0xb4fbad13) x26 0x00000000
core   0: 0x8000522c (0x4dde0d13) addi    s10, t3, 1245
core   0: 3 0x8000522c (0x4dde0d13) x26 0x00000716
core   0: 0x80005230 (0x400481b3) sub     gp, s1, zero
core   0: 3 0x80005230 (0x400481b3) x 3 0xffefffad
core   0: 0x80005234 (0xb3228a93) addi    s5, t0, -1230
core   0: 3 0x80005234 (0xb3228a93) x21 0x96b34a1e
core   0: 0x80005238 (0x030af133) remu    sp, s5, a6
core   0: 3 0x80005238 (0x030af133) x 2 0x16b1bd3a
core   0: 0x8000523c (0x3153dbb7) lui     s7, 0x3153d
core   0: 3 0x8000523c (0x3153dbb7) x23 0x3153d000
core   0: 0x80005240 (0x02fba1b3) mulhsu  gp, s7, a5
core   0: 3 0x80005240 (0x02fba1b3) x 3 0x3153cf16
core   0: 0x80005244 (0x02edc2b3) div     t0, s11, a4
core   0: 3 0x80005244 (0x02edc2b3) x 5 0x40021000
core   0: 0x80005248 (0x010e9413) slli    s0, t4, 16
core   0: 3 0x80005248 (0x010e9413) x 8 0x01080000
core   0: 0x8000524c (0x6c702a93) slti    s5, zero, 1735
core   0: 3 0x8000524c (0x6c702a93) x21 0x00000001
core   0: 0x80005250 (0x02aacf33) div     t5, s5, a0
core   0: 3 0x80005250 (0x02aacf33) x30 0x00000000
core   0: 0x80005254 (0x56a63d13) sltiu   s10, a2, 1386
core   0: 3 0x80005254 (0x56a63d13) x26 0x00000000
core   0: 0x80005258 (0x415a86b3) sub     a3, s5, s5
core   0: 3 0x80005258 (0x415a86b3) x13 0x00000000
core   0: 0x8000525c (0x0014a7b3) slt     a5, s1, ra
core   0: 3 0x8000525c (0x0014a7b3) x15 0x00000001
core   0: 0x80005260 (0x9c373c13) sltiu   s8, a4, -1597
core   0: 3 0x80005260 (0x9c373c13) x24 0x00000001
core   0: 0x80005264 (0x00b55913) srli    s2, a0, 11
core   0: 3 0x80005264 (0x00b55913) x18 0x00100000
core   0: 0x80005268 (0x00000013) nop
core   0: 3 0x80005268 (0x00000013)
core   0: 0x8000526c (0xa5c62713) slti    a4, a2, -1444
core   0: 3 0x8000526c (0xa5c62713) x14 0x00000000
core   0: 0x80005270 (0x00c8d693) srli    a3, a7, 12
core   0: 3 0x80005270 (0x00c8d693) x13 0x00000000
core   0: 0x80005274 (0x18d83d13) sltiu   s10, a6, 397
core   0: 3 0x80005274 (0x18d83d13) x26 0x00000000
core   0: 0x80005278 (0x024b3433) mulhu   s0, s6, tp
core   0: 3 0x80005278 (0x024b3433) x 8 0x00000000
core   0: 0x8000527c (0xb66b2713) slti    a4, s6, -1178
core   0: 3 0x8000527c (0xb66b2713) x14 0x00000001
core   0: 0x80005280 (0x415b5213) srai    tp, s6, 21
core   0: 3 0x80005280 (0x415b5213) x 4 0xfffffc00
core   0: 0x80005284 (0x0ed50e93) addi    t4, a0, 237
core   0: 3 0x80005284 (0x0ed50e93) x29 0x800000ed
core   0: 0x80005288 (0x0022d613) srli    a2, t0, 2
core   0: 3 0x80005288 (0x0022d613) x12 0x10008400
core   0: 0x8000528c (0xc091e793) ori     a5, gp, -1015
core   0: 3 0x8000528c (0xc091e793) x15 0xffffff1f
core   0: 0x80005290 (0x403107b3) sub     a5, sp, gp
core   0: 3 0x80005290 (0x403107b3) x15 0xe55dee24
core   0: 0x80005294 (0x01e81cb3) sll     s9, a6, t5
core   0: 3 0x80005294 (0x01e81cb3) x25 0x80018ce4
core   0: 0x80005298 (0x0013ba33) sltu    s4, t2, ra
core   0: 3 0x80005298 (0x0013ba33) x20 0x00000000
core   0: 0x8000529c (0x36f86493) ori     s1, a6, 879
core   0: 3 0x8000529c (0x36f86493) x 9 0x80018fef
core   0: 0x800052a0 (0x00000013) nop
core   0: 3 0x800052a0 (0x00000013)
core   0: 0x800052a4 (0x00000013) nop
core   0: 3 0x800052a4 (0x00000013)
core   0: 0x800052a8 (0x41afd033) sra     zero, t6, s10
core   0: 3 0x800052a8 (0x41afd033)
core   0: 0x800052ac (0x0b8d7013) andi    zero, s10, 184
core   0: 3 0x800052ac (0x0b8d7013)
core   0: 0x800052b0 (0x417d05b3) sub     a1, s10, s7
core   0: 3 0x800052b0 (0x417d05b3) x11 0xceac3000
core   0: 0x800052b4 (0x4143d213) srai    tp, t2, 20
core   0: 3 0x800052b4 (0x4143d213) x 4 0x00000000
core   0: 0x800052b8 (0x58b2b797) auipc   a5, 0x58b2b
core   0: 3 0x800052b8 (0x58b2b797) x15 0xd8b302b8
core   0: 0x800052bc (0x005be7b3) or      a5, s7, t0
core   0: 3 0x800052bc (0x005be7b3) x15 0x7153d000
core   0: 0x800052c0 (0x0155da33) srl     s4, a1, s5
core   0: 3 0x800052c0 (0x0155da33) x20 0x67561800
core   0: 0x800052c4 (0x23e33793) sltiu   a5, t1, 574
core   0: 3 0x800052c4 (0x23e33793) x15 0x00000001
core   0: 0x800052c8 (0xc0dfbc93) sltiu   s9, t6, -1011
core   0: 3 0x800052c8 (0xc0dfbc93) x25 0x00000001
core   0: 0x800052cc (0xfeb94913) xori    s2, s2, -21
core   0: 3 0x800052cc (0xfeb94913) x18 0xffefffeb
core   0: 0x800052d0 (0x00665db3) srl     s11, a2, t1
core   0: 3 0x800052d0 (0x00665db3) x27 0x10008400
core   0: 0x800052d4 (0x0221cab3) div     s5, gp, sp
core   0: 3 0x800052d4 (0x0221cab3) x21 0x00000002
core   0: 0x800052d8 (0xe7efde37) lui     t3, 0xe7efd
core   0: 3 0x800052d8 (0xe7efde37) x28 0xe7efd000
core   0: 0x800052dc (0x003e9233) sll     tp, t4, gp
core   0: 3 0x800052dc (0x003e9233) x 4 0x3b400000
core   0: 0x800052e0 (0x007bb6b3) sltu    a3, s7, t2
core   0: 3 0x800052e0 (0x007bb6b3) x13 0x00000000
core   0: 0x800052e4 (0x418f0033) sub     zero, t5, s8
core   0: 3 0x800052e4 (0x418f0033)
core   0: 0x800052e8 (0x010ca3b3) slt     t2, s9, a6
core   0: 3 0x800052e8 (0x010ca3b3) x 7 0x00000000
core   0: 0x800052ec (0x02263a33) mulhu   s4, a2, sp
core   0: 3 0x800052ec (0x02263a33) x20 0x016b2787
core   0: 0x800052f0 (0x45ca8193) addi    gp, s5, 1116
core   0: 3 0x800052f0 (0x45ca8193) x 3 0x0000045e
core   0: 0x800052f4 (0x03f94733) div     a4, s2, t6
core   0: 3 0x800052f4 (0x03f94733) x14 0xffefffeb
core   0: 0x800052f8 (0x6a8e0c93) addi    s9, t3, 1704
core   0: 3 0x800052f8 (0x6a8e0c93) x25 0xe7efd6a8
core   0: 0x800052fc (0x00a99d33) sll     s10, s3, a0
core   0: 3 0x800052fc (0x00a99d33) x26 0xfffffff8
core   0: 0x80005300 (0x02a4e5b3) rem     a1, s1, a0
core   0: 3 0x80005300 (0x02a4e5b3) x11 0x80018fef
core   0: 0x80005304 (0x5cc8af93) slti    t6, a7, 1484
core   0: 3 0x80005304 (0x5cc8af93) x31 0x00000001
core   0: 0x80005308 (0x02f42d33) mulhsu  s10, s0, a5
core   0: 3 0x80005308 (0x02f42d33) x26 0x00000000
core   0: 0x8000530c (0x01b42d33) slt     s10, s0, s11
core   0: 3 0x8000530c (0x01b42d33) x26 0x00000001
core   0: 0x80005310 (0x0069e933) or      s2, s3, t1
core   0: 3 0x80005310 (0x0069e933) x18 0xfffffff8
core   0: 0x80005314 (0x03373cb3) mulhu   s9, a4, s3
core   0: 3 0x80005314 (0x03373cb3) x25 0xffefffe3
core   0: 0x80005318 (0x009cef33) or      t5, s9, s1
core   0: 3 0x80005318 (0x009cef33) x30 0xffefffef
core   0: 0x8000531c (0x034d9333) mulh    t1, s11, s4
core   0: 3 0x8000531c (0x034d9333) x 6 0x0016b333
core   0: 0x80005320 (0x036c69b3) rem     s3, s8, s6
core   0: 3 0x80005320 (0x036c69b3) x19 0x00000001
core   0: 0x80005324 (0x007dde93) srli    t4, s11, 7
core   0: 3 0x80005324 (0x007dde93) x29 0x00200108
core   0: 0x80005328 (0x02362e33) mulhsu  t3, a2, gp
core   0: 3 0x80005328 (0x02362e33) x28 0x00000045
core   0: 0x8000532c (0x00261b93) slli    s7, a2, 2
core   0: 3 0x8000532c (0x00261b93) x23 0x40021000
core   0: 0x80005330 (0x013e18b3) sll     a7, t3, s3
core   0: 3 0x80005330 (0x013e18b3) x17 0x0000008a
core   0: 0x80005334 (0x0363ac33) mulhsu  s8, t2, s6
core   0: 3 0x80005334 (0x0363ac33) x24 0x00000000
core   0: 0x80005338 (0x01928a33) add     s4, t0, s9
core   0: 3 0x80005338 (0x01928a33) x20 0x3ff20fe3
core   0: 0x8000533c (0x00571d93) slli    s11, a4, 5
core   0: 3 0x8000533c (0x00571d93) x27 0xfdfffd60
core   0: 0x80005340 (0xff71c013) xori    zero, gp, -9
core   0: 3 0x80005340 (0xff71c013)
core   0: 0x80005344 (0x01d385b3) add     a1, t2, t4
core   0: 3 0x80005344 (0x01d385b3) x11 0x00200108
core   0: 0x80005348 (0x01b74ab3) xor     s5, a4, s11
core   0: 3 0x80005348 (0x01b74ab3) x21 0x0210028b
core   0: 0x8000534c (0x03a4c5b3) div     a1, s1, s10
core   0: 3 0x8000534c (0x03a4c5b3) x11 0x80018fef
core   0: 0x80005350 (0xa564f397) auipc   t2, 0xa564f
core   0: 3 0x80005350 (0xa564f397) x 7 0x25654350
core   0: 0x80005354 (0x00ed5213) srli    tp, s10, 14
core   0: 3 0x80005354 (0x00ed5213) x 4 0x00000000
core   0: 0x80005358 (0x01230133) add     sp, t1, s2
core   0: 3 0x80005358 (0x01230133) x 2 0x0016b32b
core   0: 0x8000535c (0xf53e0993) addi    s3, t3, -173
core   0: 3 0x8000535c (0xf53e0993) x19 0xffffff98
core   0: 0x80005360 (0x00d97993) andi    s3, s2, 13
core   0: 3 0x80005360 (0x00d97993) x19 0x00000008
core   0: 0x80005364 (0x02cb8ab3) mul     s5, s7, a2
core   0: 3 0x80005364 (0x02cb8ab3) x21 0x10400000
core   0: 0x80005368 (0xce57fd93) andi    s11, a5, -795
core   0: 3 0x80005368 (0xce57fd93) x27 0x00000001
core   0: 0x8000536c (0x029a3eb3) mulhu   t4, s4, s1
core   0: 3 0x8000536c (0x029a3eb3) x29 0x1ff96bd7
core   0: 0x80005370 (0x006edd93) srli    s11, t4, 6
core   0: 3 0x80005370 (0x006edd93) x27 0x007fe5af
core   0: 0x80005374 (0x410284b3) sub     s1, t0, a6
core   0: 3 0x80005374 (0x410284b3) x 9 0xc000831c
core   0: 0x80005378 (0xc82e6937) lui     s2, 0xc82e6
core   0: 3 0x80005378 (0xc82e6937) x18 0xc82e6000
core   0: 0x8000537c (0x00267fb7) lui     t6, 0x267
core   0: 3 0x8000537c (0x00267fb7) x31 0x00267000
core   0: 0x80005380 (0x0366cbb3) div     s7, a3, s6
core   0: 3 0x80005380 (0x0366cbb3) x23 0x00000000
core   0: 0x80005384 (0x01ef9713) slli    a4, t6, 30
core   0: 3 0x80005384 (0x01ef9713) x14 0x00000000
core   0: 0x80005388 (0x01cda1b3) slt     gp, s11, t3
core   0: 3 0x80005388 (0x01cda1b3) x 3 0x00000000
core   0: 0x8000538c (0x02335333) divu    t1, t1, gp
core   0: 3 0x8000538c (0x02335333) x 6 0xffffffff
core   0: 0x80005390 (0x01fbb6b3) sltu    a3, s7, t6
core   0: 3 0x80005390 (0x01fbb6b3) x13 0x00000001
core   0: 0x80005394 (0xaf932613) slti    a2, t1, -1287
core   0: 3 0x80005394 (0xaf932613) x12 0x00000000
core   0: 0x80005398 (0x00cb97b3) sll     a5, s7, a2
core   0: 3 0x80005398 (0x00cb97b3) x15 0x00000000
core   0: 0x8000539c (0x7d7de793) ori     a5, s11, 2007
core   0: 3 0x8000539c (0x7d7de793) x15 0x007fe7ff
core   0: 0x800053a0 (0x40e35993) srai    s3, t1, 14
core   0: 3 0x800053a0 (0x40e35993) x19 0xffffffff
core   0: 0x800053a4 (0x00c0ce33) xor     t3, ra, a2
core   0: 3 0x800053a4 (0x00c0ce33) x28 0x00000001
core   0: 0x800053a8 (0x00a5acb3) slt     s9, a1, a0
core   0: 3 0x800053a8 (0x00a5acb3) x25 0x00000000
core   0: 0x800053ac (0x01525bb3) srl     s7, tp, s5
core   0: 3 0x800053ac (0x01525bb3) x23 0x00000000
core   0: 0x800053b0 (0x0315e5b3) rem     a1, a1, a7
core   0: 3 0x800053b0 (0x0315e5b3) x11 0xffffff91
core   0: 0x800053b4 (0x023fe033) rem     zero, t6, gp
core   0: 3 0x800053b4 (0x023fe033)
core   0: 0x800053b8 (0xd9d08193) addi    gp, ra, -611
core   0: 3 0x800053b8 (0xd9d08193) x 3 0xfffffd9e
core   0: 0x800053bc (0x00a357b3) srl     a5, t1, a0
core   0: 3 0x800053bc (0x00a357b3) x15 0xffffffff
core   0: 0x800053c0 (0x79bce113) ori     sp, s9, 1947
core   0: 3 0x800053c0 (0x79bce113) x 2 0x0000079b
core   0: 0x800053c4 (0x41955e13) srai    t3, a0, 25
core   0: 3 0x800053c4 (0x41955e13) x28 0xffffffc0
core   0: 0x800053c8 (0x03999a33) mulh    s4, s3, s9
core   0: 3 0x800053c8 (0x03999a33) x20 0x00000000
core   0: 0x800053cc (0x6764e313) ori     t1, s1, 1654
core   0: 3 0x800053cc (0x6764e313) x 6 0xc000877e
core   0: 0x800053d0 (0x017b62b3) or      t0, s6, s7
core   0: 3 0x800053d0 (0x017b62b3) x 5 0x80014e64
core   0: 0x800053d4 (0xa9c80313) addi    t1, a6, -1380
core   0: 3 0x800053d4 (0xa9c80313) x 6 0x80018780
core   0: 0x800053d8 (0x033f84b3) mul     s1, t6, s3
core   0: 3 0x800053d8 (0x033f84b3) x 9 0xffd99000
core   0: 0x800053dc (0x0034ff33) and     t5, s1, gp
core   0: 3 0x800053dc (0x0034ff33) x30 0xffd99000
core   0: 0x800053e0 (0x01733133) sltu    sp, t1, s7
core   0: 3 0x800053e0 (0x01733133) x 2 0x00000000
core   0: 0x800053e4 (0x01db4133) xor     sp, s6, t4
core   0: 3 0x800053e4 (0x01db4133) x 2 0x9ff825b3
core   0: 0x800053e8 (0x0381afb3) mulhsu  t6, gp, s8
core   0: 3 0x800053e8 (0x0381afb3) x31 0x00000000
core   0: 0x800053ec (0x40815693) srai    a3, sp, 8
core   0: 3 0x800053ec (0x40815693) x13 0xff9ff825
core   0: 0x800053f0 (0x028bb2b3) mulhu   t0, s7, s0
core   0: 3 0x800053f0 (0x028bb2b3) x 5 0x00000000
core   0: 0x800053f4 (0x02f6fe33) remu    t3, a3, a5
core   0: 3 0x800053f4 (0x02f6fe33) x28 0xff9ff825
core   0: 0x800053f8 (0x07ba0893) addi    a7, s4, 123
core   0: 3 0x800053f8 (0x07ba0893) x17 0x0000007b
core   0: 0x800053fc (0x405d8133) sub     sp, s11, t0
core   0: 3 0x800053fc (0x405d8133) x 2 0x007fe5af
core   0: 0x80005400 (0xda4aaf13) slti    t5, s5, -604
core   0: 3 0x80005400 (0xda4aaf13) x30 0x00000000
core   0: 0x80005404 (0x00c1fe33) and     t3, gp, a2
core   0: 3 0x80005404 (0x00c1fe33) x28 0x00000000
core   0: 0x80005408 (0x01eab733) sltu    a4, s5, t5
core   0: 3 0x80005408 (0x01eab733) x14 0x00000000
core   0: 0x8000540c (0x01ad8f33) add     t5, s11, s10
core   0: 3 0x8000540c (0x01ad8f33) x30 0x007fe5b0
core   0: 0x80005410 (0x41208d33) sub     s10, ra, s2
core   0: 3 0x80005410 (0x41208d33) x26 0x37d1a001
core   0: 0x80005414 (0xecec4413) xori    s0, s8, -306
core   0: 3 0x80005414 (0xecec4413) x 8 0xfffffece
core   0: 0x80005418 (0x020515b3) mulh    a1, a0, zero
core   0: 3 0x80005418 (0x020515b3) x11 0x00000000
core   0: 0x8000541c (0x0164ad33) slt     s10, s1, s6
core   0: 3 0x8000541c (0x0164ad33) x26 0x00000000
core   0: 0x80005420 (0x0065da33) srl     s4, a1, t1
core   0: 3 0x80005420 (0x0065da33) x20 0x00000000
core   0: 0x80005424 (0x0045dbb3) srl     s7, a1, tp
core   0: 3 0x80005424 (0x0045dbb3) x23 0x00000000
core   0: 0x80005428 (0x40a05ab3) sra     s5, zero, a0
core   0: 3 0x80005428 (0x40a05ab3) x21 0x00000000
core   0: 0x8000542c (0x00a23eb3) sltu    t4, tp, a0
core   0: 3 0x8000542c (0x00a23eb3) x29 0x00000001
core   0: 0x80005430 (0xab58a293) slti    t0, a7, -1355
core   0: 3 0x80005430 (0xab58a293) x 5 0x00000000
core   0: 0x80005434 (0x02d1c933) div     s2, gp, a3
core   0: 3 0x80005434 (0x02d1c933) x18 0x00000000
core   0: 0x80005438 (0x404a0db3) sub     s11, s4, tp
core   0: 3 0x80005438 (0x404a0db3) x27 0x00000000
core   0: 0x8000543c (0x474aec93) ori     s9, s5, 1140
core   0: 3 0x8000543c (0x474aec93) x25 0x00000474
core   0: 0x80005440 (0x0000d5b3) srl     a1, ra, zero
core   0: 3 0x80005440 (0x0000d5b3) x11 0x00000001
core   0: 0x80005444 (0xe0527f13) andi    t5, tp, -507
core   0: 3 0x80005444 (0xe0527f13) x30 0x00000000
core   0: 0x80005448 (0x03327bb3) remu    s7, tp, s3
core   0: 3 0x80005448 (0x03327bb3) x23 0x00000000
core   0: 0x8000544c (0x66e5a913) slti    s2, a1, 1646
core   0: 3 0x8000544c (0x66e5a913) x18 0x00000001
core   0: 0x80005450 (0x02d7a8b3) mulhsu  a7, a5, a3
core   0: 3 0x80005450 (0x02d7a8b3) x17 0xffffffff
core   0: 0x80005454 (0xd4006193) ori     gp, zero, -704
core   0: 3 0x80005454 (0xd4006193) x 3 0xfffffd40
core   0: 0x80005458 (0x00000013) nop
core   0: 3 0x80005458 (0x00000013)
core   0: 0x8000545c (0x0091f5b3) and     a1, gp, s1
core   0: 3 0x8000545c (0x0091f5b3) x11 0xffd99000
core   0: 0x80005460 (0xac8fa237) lui     tp, 0xac8fa
core   0: 3 0x80005460 (0xac8fa237) x 4 0xac8fa000
core   0: 0x80005464 (0x02ec5fb3) divu    t6, s8, a4
core   0: 3 0x80005464 (0x02ec5fb3) x31 0xffffffff
core   0: 0x80005468 (0x40d85cb3) sra     s9, a6, a3
core   0: 3 0x80005468 (0x40d85cb3) x25 0xfc000c67
core   0: 0x8000546c (0xf04d3db7) lui     s11, 0xf04d3
core   0: 3 0x8000546c (0xf04d3db7) x27 0xf04d3000
core   0: 0x80005470 (0x00f19c13) slli    s8, gp, 15
core   0: 3 0x80005470 (0x00f19c13) x24 0xfea00000
core   0: 0x80005474 (0x006df3b3) and     t2, s11, t1
core   0: 3 0x80005474 (0x006df3b3) x 7 0x80010000
core   0: 0x80005478 (0x346fb297) auipc   t0, 0x346fb
core   0: 3 0x80005478 (0x346fb297) x 5 0xb4700478
core   0: 0x8000547c (0x00b44133) xor     sp, s0, a1
core   0: 3 0x8000547c (0x00b44133) x 2 0x00266ece
core   0: 0x80005480 (0x2cb83a93) sltiu   s5, a6, 715
core   0: 3 0x80005480 (0x2cb83a93) x21 0x00000000
core   0: 0x80005484 (0x39caa013) slti    zero, s5, 924
core   0: 3 0x80005484 (0x39caa013)
core   0: 0x80005488 (0x01fa3d33) sltu    s10, s4, t6
core   0: 3 0x80005488 (0x01fa3d33) x26 0x00000001
core   0: 0x8000548c (0xde848613) addi    a2, s1, -536
core   0: 3 0x8000548c (0xde848613) x12 0xffd98de8
core   0: 0x80005490 (0x00e65793) srli    a5, a2, 14
core   0: 3 0x80005490 (0x00e65793) x15 0x0003ff66
core   0: 0x80005494 (0x008978b3) and     a7, s2, s0
core   0: 3 0x80005494 (0x008978b3) x17 0x00000000
core   0: 0x80005498 (0x025a3fb3) mulhu   t6, s4, t0
core   0: 3 0x80005498 (0x025a3fb3) x31 0x00000000
core   0: 0x8000549c (0xbbad1117) auipc   sp, 0xbbad1
core   0: 3 0x8000549c (0xbbad1117) x 2 0x3bad649c
core   0: 0x800054a0 (0x4035d593) srai    a1, a1, 3
core   0: 3 0x800054a0 (0x4035d593) x11 0xfffb3200
core   0: 0x800054a4 (0x0251a133) mulhsu  sp, gp, t0
core   0: 3 0x800054a4 (0x0251a133) x 2 0xfffffe0f
core   0: 0x800054a8 (0x01f550b3) srl     ra, a0, t6
core   0: 3 0x800054a8 (0x01f550b3) x 1 0x80000000
core   0: 0x800054ac (0x83e10413) addi    s0, sp, -1986
core   0: 3 0x800054ac (0x83e10413) x 8 0xfffff64d
core   0: 0x800054b0 (0x615abd13) sltiu   s10, s5, 1557
core   0: 3 0x800054b0 (0x615abd13) x26 0x00000001
core   0: 0x800054b4 (0x025f92b3) mulh    t0, t6, t0
core   0: 3 0x800054b4 (0x025f92b3) x 5 0x00000000
core   0: 0x800054b8 (0x908e8313) addi    t1, t4, -1784
core   0: 3 0x800054b8 (0x908e8313) x 6 0xfffff909
core   0: 0x800054bc (0x27869eb7) lui     t4, 0x27869
core   0: 3 0x800054bc (0x27869eb7) x29 0x27869000
core   0: 0x800054c0 (0x400e5eb3) sra     t4, t3, zero
core   0: 3 0x800054c0 (0x400e5eb3) x29 0x00000000
core   0: 0x800054c4 (0x01de9333) sll     t1, t4, t4
core   0: 3 0x800054c4 (0x01de9333) x 6 0x00000000
core   0: 0x800054c8 (0x00175a13) srli    s4, a4, 1
core   0: 3 0x800054c8 (0x00175a13) x20 0x00000000
core   0: 0x800054cc (0x419a5693) srai    a3, s4, 25
core   0: 3 0x800054cc (0x419a5693) x13 0x00000000
core   0: 0x800054d0 (0x00000013) nop
core   0: 3 0x800054d0 (0x00000013)
core   0: 0x800054d4 (0x76309017) auipc   zero, 0x76309
core   0: 3 0x800054d4 (0x76309017)
core   0: 0x800054d8 (0x0ee8c417) auipc   s0, 0xee8c
core   0: 3 0x800054d8 (0x0ee8c417) x 8 0x8ee914d8
core   0: 0x800054dc (0x002322b3) slt     t0, t1, sp
core   0: 3 0x800054dc (0x002322b3) x 5 0x00000000
core   0: 0x800054e0 (0x01214633) xor     a2, sp, s2
core   0: 3 0x800054e0 (0x01214633) x12 0xfffffe0e
core   0: 0x800054e4 (0x00dcc333) xor     t1, s9, a3
core   0: 3 0x800054e4 (0x00dcc333) x 6 0xfc000c67
core   0: 0x800054e8 (0xc8161d17) auipc   s10, 0xc8161
core   0: 3 0x800054e8 (0xc8161d17) x26 0x481664e8
core   0: 0x800054ec (0xdad9ba13) sltiu   s4, s3, -595
core   0: 3 0x800054ec (0xdad9ba13) x20 0x00000000
core   0: 0x800054f0 (0x53d7ae13) slti    t3, a5, 1341
core   0: 3 0x800054f0 (0x53d7ae13) x28 0x00000000
core   0: 0x800054f4 (0x44358a93) addi    s5, a1, 1091
core   0: 3 0x800054f4 (0x44358a93) x21 0xfffb3643
core   0: 0x800054f8 (0x0398beb3) mulhu   t4, a7, s9
core   0: 3 0x800054f8 (0x0398beb3) x29 0x00000000
core   0: 0x800054fc (0xf5c6a213) slti    tp, a3, -164
core   0: 3 0x800054fc (0xf5c6a213) x 4 0x00000000
core   0: 0x80005500 (0xc6e98e93) addi    t4, s3, -914
core   0: 3 0x80005500 (0xc6e98e93) x29 0xfffffc6d
core   0: 0x80005504 (0x2ab7eb93) ori     s7, a5, 683
core   0: 3 0x80005504 (0x2ab7eb93) x23 0x0003ffef
core   0: 0x80005508 (0x00000013) nop
core   0: 3 0x80005508 (0x00000013)
core   0: 0x8000550c (0x1e25b393) sltiu   t2, a1, 482
core   0: 3 0x8000550c (0x1e25b393) x 7 0x00000000
core   0: 0x80005510 (0xf21e7a13) andi    s4, t3, -223
core   0: 3 0x80005510 (0xf21e7a13) x20 0x00000000
core   0: 0x80005514 (0x3f76e413) ori     s0, a3, 1015
core   0: 3 0x80005514 (0x3f76e413) x 8 0x000003f7
core   0: 0x80005518 (0x4144d6b3) sra     a3, s1, s4
core   0: 3 0x80005518 (0x4144d6b3) x13 0xffd99000
core   0: 0x8000551c (0x001d0cb3) add     s9, s10, ra
core   0: 3 0x8000551c (0x001d0cb3) x25 0xc81664e8
core   0: 0x80005520 (0x00854fb3) xor     t6, a0, s0
core   0: 3 0x80005520 (0x00854fb3) x31 0x800003f7
core   0: 0x80005524 (0x0125cbb3) xor     s7, a1, s2
core   0: 3 0x80005524 (0x0125cbb3) x23 0xfffb3201
core   0: 0x80005528 (0x56a08013) addi    zero, ra, 1386
core   0: 3 0x80005528 (0x56a08013)
core   0: 0x8000552c (0x0210f1b3) remu    gp, ra, ra
core   0: 3 0x8000552c (0x0210f1b3) x 3 0x00000000
core   0: 0x80005530 (0x34f22293) slti    t0, tp, 847
core   0: 3 0x80005530 (0x34f22293) x 5 0x00000001
core   0: 0x80005534 (0x40978633) sub     a2, a5, s1
core   0: 3 0x80005534 (0x40978633) x12 0x002a6f66
core   0: 0x80005538 (0x0210e3b3) rem     t2, ra, ra
core   0: 3 0x80005538 (0x0210e3b3) x 7 0x00000000
core   0: 0x8000553c (0x412b0f33) sub     t5, s6, s2
core   0: 3 0x8000553c (0x412b0f33) x30 0x80014e63
core   0: 0x80005540 (0x00f48133) add     sp, s1, a5
core   0: 3 0x80005540 (0x00f48133) x 2 0xffdd8f66
core   0: 0x80005544 (0x6de16d37) lui     s10, 0x6de16
core   0: 3 0x80005544 (0x6de16d37) x26 0x6de16000
core   0: 0x80005548 (0x9d461e37) lui     t3, 0x9d461
core   0: 3 0x80005548 (0x9d461e37) x28 0x9d461000
core   0: 0x8000554c (0x0ed7c593) xori    a1, a5, 237
core   0: 3 0x8000554c (0x0ed7c593) x11 0x0003ff8b
core   0: 0x80005550 (0x0061d333) srl     t1, gp, t1
core   0: 3 0x80005550 (0x0061d333) x 6 0x00000000
core   0: 0x80005554 (0xd2dc8393) addi    t2, s9, -723
core   0: 3 0x80005554 (0xd2dc8393) x 7 0xc8166215
core   0: 0x80005558 (0x65cf3037) lui     zero, 0x65cf3
core   0: 3 0x80005558 (0x65cf3037)
core   0: 0x8000555c (0x028c83b3) mul     t2, s9, s0
core   0: 3 0x8000555c (0x028c83b3) x 7 0x50ca13d8
core   0: 0x80005560 (0x0198eeb3) or      t4, a7, s9
core   0: 3 0x80005560 (0x0198eeb3) x29 0xc81664e8
core   0: 0x80005564 (0x0197b2b3) sltu    t0, a5, s9
core   0: 3 0x80005564 (0x0197b2b3) x 5 0x00000001
core   0: 0x80005568 (0x02a86233) rem     tp, a6, a0
core   0: 3 0x80005568 (0x02a86233) x 4 0x80018ce4
core   0: 0x8000556c (0x01792bb3) slt     s7, s2, s7
core   0: 3 0x8000556c (0x01792bb3) x23 0x00000000
core   0: 0x80005570 (0x03541cb3) mulh    s9, s0, s5
core   0: 3 0x80005570 (0x03541cb3) x25 0xffffffff
core   0: 0x80005574 (0x2a548013) addi    zero, s1, 677
core   0: 3 0x80005574 (0x2a548013)
core   0: 0x80005578 (0x00815133) srl     sp, sp, s0
core   0: 3 0x80005578 (0x00815133) x 2 0x000001ff
core   0: 0x8000557c (0x4041d213) srai    tp, gp, 4
core   0: 3 0x8000557c (0x4041d213) x 4 0x00000000
core   0: 0x80005580 (0x003d77b3) and     a5, s10, gp
core   0: 3 0x80005580 (0x003d77b3) x15 0x00000000
core   0: 0x80005584 (0x2e0d8613) addi    a2, s11, 736
core   0: 3 0x80005584 (0x2e0d8613) x12 0xf04d32e0
core   0: 0x80005588 (0x035c9c33) mulh    s8, s9, s5
core   0: 3 0x80005588 (0x035c9c33) x24 0x00000000
core   0: 0x8000558c (0x000e9613) slli    a2, t4, 0
core   0: 3 0x8000558c (0x000e9613) x12 0xc81664e8
core   0: 0x80005590 (0x03a179b3) remu    s3, sp, s10
core   0: 3 0x80005590 (0x03a179b3) x19 0x000001ff
core   0: 0x80005594 (0xd46e3d37) lui     s10, 0xd46e3
core   0: 3 0x80005594 (0xd46e3d37) x26 0xd46e3000
core   0: 0x80005598 (0x03503c33) mulhu   s8, zero, s5
core   0: 3 0x80005598 (0x03503c33) x24 0x00000000
core   0: 0x8000559c (0x034925b3) mulhsu  a1, s2, s4
core   0: 3 0x8000559c (0x034925b3) x11 0x00000000
core   0: 0x800055a0 (0x01999fb3) sll     t6, s3, s9
core   0: 3 0x800055a0 (0x01999fb3) x31 0x80000000
core   0: 0x800055a4 (0x01abe6b3) or      a3, s7, s10
core   0: 3 0x800055a4 (0x01abe6b3) x13 0xd46e3000
core   0: 0x800055a8 (0x03140cb3) mul     s9, s0, a7
core   0: 3 0x800055a8 (0x03140cb3) x25 0x00000000
core   0: 0x800055ac (0x0257d7b3) divu    a5, a5, t0
core   0: 3 0x800055ac (0x0257d7b3) x15 0x00000000
core   0: 0x800055b0 (0xeb5abd13) sltiu   s10, s5, -331
core   0: 3 0x800055b0 (0xeb5abd13) x26 0x00000001
core   0: 0x800055b4 (0x41838db3) sub     s11, t2, s8
core   0: 3 0x800055b4 (0x41838db3) x27 0x50ca13d8
core   0: 0x800055b8 (0x0395a033) mulhsu  zero, a1, s9
core   0: 3 0x800055b8 (0x0395a033)
core   0: 0x800055bc (0x0024f233) and     tp, s1, sp
core   0: 3 0x800055bc (0x0024f233) x 4 0x00000000
core   0: 0x800055c0 (0x00000013) nop
core   0: 3 0x800055c0 (0x00000013)
core   0: 0x800055c4 (0x406e0133) sub     sp, t3, t1
core   0: 3 0x800055c4 (0x406e0133) x 2 0x9d461000
core   0: 0x800055c8 (0xacece013) ori     zero, s9, -1330
core   0: 3 0x800055c8 (0xacece013)
core   0: 0x800055cc (0x02d895b3) mulh    a1, a7, a3
core   0: 3 0x800055cc (0x02d895b3) x11 0x00000000
core   0: 0x800055d0 (0x00345f13) srli    t5, s0, 3
core   0: 3 0x800055d0 (0x00345f13) x30 0x0000007e
core   0: 0x800055d4 (0xae34c713) xori    a4, s1, -1309
core   0: 3 0x800055d4 (0xae34c713) x14 0x00266ae3
core   0: 0x800055d8 (0x39cacd13) xori    s10, s5, 924
core   0: 3 0x800055d8 (0x39cacd13) x26 0xfffb35df
core   0: 0x800055dc (0x4173d993) srai    s3, t2, 23
core   0: 3 0x800055dc (0x4173d993) x19 0x000000a1
core   0: 0x800055e0 (0x4a5f8993) addi    s3, t6, 1189
core   0: 3 0x800055e0 (0x4a5f8993) x19 0x800004a5
core   0: 0x800055e4 (0x02605eb3) divu    t4, zero, t1
core   0: 3 0x800055e4 (0x02605eb3) x29 0xffffffff
core   0: 0x800055e8 (0x03b34433) div     s0, t1, s11
core   0: 3 0x800055e8 (0x03b34433) x 8 0x00000000
core   0: 0x800055ec (0xab7bb313) sltiu   t1, s7, -1353
core   0: 3 0x800055ec (0xab7bb313) x 6 0x00000001
core   0: 0x800055f0 (0x40d4d5b3) sra     a1, s1, a3
core   0: 3 0x800055f0 (0x40d4d5b3) x11 0xffd99000
core   0: 0x800055f4 (0x004f5db3) srl     s11, t5, tp
core   0: 3 0x800055f4 (0x004f5db3) x27 0x0000007e
core   0: 0x800055f8 (0x0d75b213) sltiu   tp, a1, 215
core   0: 3 0x800055f8 (0x0d75b213) x 4 0x00000000
core   0: 0x800055fc (0x009bbbb3) sltu    s7, s7, s1
core   0: 3 0x800055fc (0x009bbbb3) x23 0x00000001
core   0: 0x80005600 (0x01cbf433) and     s0, s7, t3
core   0: 3 0x80005600 (0x01cbf433) x 8 0x00000000
core   0: 0x80005604 (0x78c06c13) ori     s8, zero, 1932
core   0: 3 0x80005604 (0x78c06c13) x24 0x0000078c
core   0: 0x80005608 (0x032e80b3) mul     ra, t4, s2
core   0: 3 0x80005608 (0x032e80b3) x 1 0xffffffff
core   0: 0x8000560c (0x013acd33) xor     s10, s5, s3
core   0: 3 0x8000560c (0x013acd33) x26 0x7ffb32e6
core   0: 0x80005610 (0x02ce21b3) mulhsu  gp, t3, a2
core   0: 3 0x80005610 (0x02ce21b3) x 3 0xb2d6199b
core   0: 0x80005614 (0x4ce26293) ori     t0, tp, 1230
core   0: 3 0x80005614 (0x4ce26293) x 5 0x000004ce
core   0: 0x80005618 (0xd253fc13) andi    s8, t2, -731
core   0: 3 0x80005618 (0xd253fc13) x24 0x50ca1100
core   0: 0x8000561c (0x02d56a33) rem     s4, a0, a3
core   0: 3 0x8000561c (0x02d56a33) x20 0xd723a000
core   0: 0x80005620 (0x03be6ab3) rem     s5, t3, s11
core   0: 3 0x80005620 (0x03be6ab3) x21 0xffffff90
core   0: 0x80005624 (0x00865d33) srl     s10, a2, s0
core   0: 3 0x80005624 (0x00865d33) x26 0xc81664e8
core   0: 0x80005628 (0x0052e9b3) or      s3, t0, t0
core   0: 3 0x80005628 (0x0052e9b3) x19 0x000004ce
core   0: 0x8000562c (0x408d8033) sub     zero, s11, s0
core   0: 3 0x8000562c (0x408d8033)
core   0: 0x80005630 (0xb013cfb7) lui     t6, 0xb013c
core   0: 3 0x80005630 (0xb013cfb7) x31 0xb013c000
core   0: 0x80005634 (0x031f2c33) mulhsu  s8, t5, a7
core   0: 3 0x80005634 (0x031f2c33) x24 0x00000000
core   0: 0x80005638 (0x1be96d13) ori     s10, s2, 446
core   0: 3 0x80005638 (0x1be96d13) x26 0x000001bf
core   0: 0x8000563c (0x021f7a33) remu    s4, t5, ra
core   0: 3 0x8000563c (0x021f7a33) x20 0x0000007e
core   0: 0x80005640 (0x030602b3) mul     t0, a2, a6
core   0: 3 0x80005640 (0x030602b3) x 5 0xd808bea0
core   0: 0x80005644 (0x01ac9f93) slli    t6, s9, 26
core   0: 3 0x80005644 (0x01ac9f93) x31 0x00000000
core   0: 0x80005648 (0xcf1a3093) sltiu   ra, s4, -783
core   0: 3 0x80005648 (0xcf1a3093) x 1 0x00000001
core   0: 0x8000564c (0x02729c33) mulh    s8, t0, t2
core   0: 3 0x8000564c (0x02729c33) x24 0xf3632f5f
core   0: 0x80005650 (0x01f5f033) and     zero, a1, t6
core   0: 3 0x80005650 (0x01f5f033)
core   0: 0x80005654 (0x00d17133) and     sp, sp, a3
core   0: 3 0x80005654 (0x00d17133) x 2 0x94461000
core   0: 0x80005658 (0x8c7e0417) auipc   s0, 0x8c7e0
core   0: 3 0x80005658 (0x8c7e0417) x 8 0x0c7e5658
core   0: 0x8000565c (0x031199b3) mulh    s3, gp, a7
core   0: 3 0x8000565c (0x031199b3) x19 0x00000000
core   0: 0x80005660 (0x57c8a713) slti    a4, a7, 1404
core   0: 3 0x80005660 (0x57c8a713) x14 0x00000001
core   0: 0x80005664 (0xacdb7593) andi    a1, s6, -1331
core   0: 3 0x80005664 (0xacdb7593) x11 0x80014a44
core   0: 0x80005668 (0x00aa44b3) xor     s1, s4, a0
core   0: 3 0x80005668 (0x00aa44b3) x 9 0x8000007e
core   0: 0x8000566c (0x00000013) nop
core   0: 3 0x8000566c (0x00000013)
core   0: 0x80005670 (0x0367d9b3) divu    s3, a5, s6
core   0: 3 0x80005670 (0x0367d9b3) x19 0x00000000
core   0: 0x80005674 (0x40c35133) sra     sp, t1, a2
core   0: 3 0x80005674 (0x40c35133) x 2 0x00000000
core   0: 0x80005678 (0x40ecd4b3) sra     s1, s9, a4
core   0: 3 0x80005678 (0x40ecd4b3) x 9 0x00000000
core   0: 0x8000567c (0x3eb18593) addi    a1, gp, 1003
core   0: 3 0x8000567c (0x3eb18593) x11 0xb2d61d86
core   0: 0x80005680 (0xa1e9f013) andi    zero, s3, -1506
core   0: 3 0x80005680 (0xa1e9f013)
core   0: 0x80005684 (0x00000013) nop
core   0: 3 0x80005684 (0x00000013)
core   0: 0x80005688 (0x02758d33) mul     s10, a1, t2
core   0: 3 0x80005688 (0x02758d33) x26 0xf495db10
core   0: 0x8000568c (0x18d76e13) ori     t3, a4, 397
core   0: 3 0x8000568c (0x18d76e13) x28 0x0000018d
core   0: 0x80005690 (0x02b1cf33) div     t5, gp, a1
core   0: 3 0x80005690 (0x02b1cf33) x30 0x00000001
core   0: 0x80005694 (0x005cdf93) srli    t6, s9, 5
core   0: 3 0x80005694 (0x005cdf93) x31 0x00000000
core   0: 0x80005698 (0x6b5e0113) addi    sp, t3, 1717
core   0: 3 0x80005698 (0x6b5e0113) x 2 0x00000842
core   0: 0x8000569c (0x00a50433) add     s0, a0, a0
core   0: 3 0x8000569c (0x00a50433) x 8 0x00000000
core   0: 0x800056a0 (0xa5d34593) xori    a1, t1, -1443
core   0: 3 0x800056a0 (0xa5d34593) x11 0xfffffa5c
core   0: 0x800056a4 (0x016a38b3) sltu    a7, s4, s6
core   0: 3 0x800056a4 (0x016a38b3) x17 0x00000001
core   0: 0x800056a8 (0x00e2d6b3) srl     a3, t0, a4
core   0: 3 0x800056a8 (0x00e2d6b3) x13 0x6c045f50
core   0: 0x800056ac (0x001edd33) srl     s10, t4, ra
core   0: 3 0x800056ac (0x001edd33) x26 0x7fffffff
core   0: 0x800056b0 (0x00d59d93) slli    s11, a1, 13
core   0: 3 0x800056b0 (0x00d59d93) x27 0xff4b8000
core   0: 0x800056b4 (0x006b64b3) or      s1, s6, t1
core   0: 3 0x800056b4 (0x006b64b3) x 9 0x80014e65
core   0: 0x800056b8 (0x006ac133) xor     sp, s5, t1
core   0: 3 0x800056b8 (0x006ac133) x 2 0xffffff91
core   0: 0x800056bc (0x274a7d93) andi    s11, s4, 628
core   0: 3 0x800056bc (0x274a7d93) x27 0x00000074
core   0: 0x800056c0 (0x01a37733) and     a4, t1, s10
core   0: 3 0x800056c0 (0x01a37733) x14 0x00000001
core   0: 0x800056c4 (0x00aeabb3) slt     s7, t4, a0
core   0: 3 0x800056c4 (0x00aeabb3) x23 0x00000000
core   0: 0x800056c8 (0x61c4de37) lui     t3, 0x61c4d
core   0: 3 0x800056c8 (0x61c4de37) x28 0x61c4d000
core   0: 0x800056cc (0x0149d633) srl     a2, s3, s4
core   0: 3 0x800056cc (0x0149d633) x12 0x00000000
core   0: 0x800056d0 (0x14402593) slti    a1, zero, 324
core   0: 3 0x800056d0 (0x14402593) x11 0x00000001
core   0: 0x800056d4 (0x02f34ab3) div     s5, t1, a5
core   0: 3 0x800056d4 (0x02f34ab3) x21 0xffffffff
core   0: 0x800056d8 (0x03815db3) divu    s11, sp, s8
core   0: 3 0x800056d8 (0x03815db3) x27 0x00000001
core   0: 0x800056dc (0x02a254b3) divu    s1, tp, a0
core   0: 3 0x800056dc (0x02a254b3) x 9 0x00000000
core   0: 0x800056e0 (0x40815433) sra     s0, sp, s0
core   0: 3 0x800056e0 (0x40815433) x 8 0xffffff91
core   0: 0x800056e4 (0x41b58f33) sub     t5, a1, s11
core   0: 3 0x800056e4 (0x41b58f33) x30 0x00000000
core   0: 0x800056e8 (0x021826b3) mulhsu  a3, a6, ra
core   0: 3 0x800056e8 (0x021826b3) x13 0xffffffff
core   0: 0x800056ec (0x02f3fd33) remu    s10, t2, a5
core   0: 3 0x800056ec (0x02f3fd33) x26 0x50ca13d8
core   0: 0x800056f0 (0x4066d793) srai    a5, a3, 6
core   0: 3 0x800056f0 (0x4066d793) x15 0xffffffff
core   0: 0x800056f4 (0x03cdf933) remu    s2, s11, t3
core   0: 3 0x800056f4 (0x03cdf933) x18 0x00000001
core   0: 0x800056f8 (0x012311b3) sll     gp, t1, s2
core   0: 3 0x800056f8 (0x012311b3) x 3 0x00000002
core   0: 0x800056fc (0xc9b4f713) andi    a4, s1, -869
core   0: 3 0x800056fc (0xc9b4f713) x14 0x00000000
core   0: 0x80005700 (0x00000013) nop
core   0: 3 0x80005700 (0x00000013)
core   0: 0x80005704 (0x69562a13) slti    s4, a2, 1685
core   0: 3 0x80005704 (0x69562a13) x20 0x00000001
core   0: 0x80005708 (0x038d4fb3) div     t6, s10, s8
core   0: 3 0x80005708 (0x038d4fb3) x31 0xfffffffa
core   0: 0x8000570c (0x657cf713) andi    a4, s9, 1623
core   0: 3 0x8000570c (0x657cf713) x14 0x00000000
core   0: 0x80005710 (0x0461e013) ori     zero, gp, 70
core   0: 3 0x80005710 (0x0461e013)
core   0: 0x80005714 (0x026ad7b3) divu    a5, s5, t1
core   0: 3 0x80005714 (0x026ad7b3) x15 0xffffffff
core   0: 0x80005718 (0x03f8f333) remu    t1, a7, t6
core   0: 3 0x80005718 (0x03f8f333) x 6 0x00000001
core   0: 0x8000571c (0x5ae54913) xori    s2, a0, 1454
core   0: 3 0x8000571c (0x5ae54913) x18 0x800005ae
core   0: 0x80005720 (0x03a6b5b3) mulhu   a1, a3, s10
core   0: 3 0x80005720 (0x03a6b5b3) x11 0x50ca13d7
core   0: 0x80005724 (0xe9740493) addi    s1, s0, -361
core   0: 3 0x80005724 (0xe9740493) x 9 0xfffffe28
core   0: 0x80005728 (0x02d0cab3) div     s5, ra, a3
core   0: 3 0x80005728 (0x02d0cab3) x21 0xffffffff
core   0: 0x8000572c (0x015bd013) srli    zero, s7, 21
core   0: 3 0x8000572c (0x015bd013)
core   0: 0x80005730 (0x03b963b3) rem     t2, s2, s11
core   0: 3 0x80005730 (0x03b963b3) x 7 0x00000000
core   0: 0x80005734 (0x40a08433) sub     s0, ra, a0
core   0: 3 0x80005734 (0x40a08433) x 8 0x80000001
core   0: 0x80005738 (0xdccdb613) sltiu   a2, s11, -564
core   0: 3 0x80005738 (0xdccdb613) x12 0x00000001
core   0: 0x8000573c (0x415659b3) sra     s3, a2, s5
core   0: 3 0x8000573c (0x415659b3) x19 0x00000000
core   0: 0x80005740 (0x40cc8c33) sub     s8, s9, a2
core   0: 3 0x80005740 (0x40cc8c33) x24 0xffffffff
core   0: 0x80005744 (0x4000d213) srai    tp, ra, 0
core   0: 3 0x80005744 (0x4000d213) x 4 0x00000001
core   0: 0x80005748 (0x0010f4b3) and     s1, ra, ra
core   0: 3 0x80005748 (0x0010f4b3) x 9 0x00000001
core   0: 0x8000574c (0x00000013) nop
core   0: 3 0x8000574c (0x00000013)
core   0: 0x80005750 (0x0094bfb3) sltu    t6, s1, s1
core   0: 3 0x80005750 (0x0094bfb3) x31 0x00000000
core   0: 0x80005754 (0x40ae5eb3) sra     t4, t3, a0
core   0: 3 0x80005754 (0x40ae5eb3) x29 0x61c4d000
core   0: 0x80005758 (0x03527f33) remu    t5, tp, s5
core   0: 3 0x80005758 (0x03527f33) x30 0x00000001
core   0: 0x8000575c (0x7e7b9f37) lui     t5, 0x7e7b9
core   0: 3 0x8000575c (0x7e7b9f37) x30 0x7e7b9000
core   0: 0x80005760 (0x03cfa5b3) mulhsu  a1, t6, t3
core   0: 3 0x80005760 (0x03cfa5b3) x11 0x00000000
core   0: 0x80005764 (0x4b83bc13) sltiu   s8, t2, 1208
core   0: 3 0x80005764 (0x4b83bc13) x24 0x00000001
core   0: 0x80005768 (0x1a3d10b7) lui     ra, 0x1a3d1
core   0: 3 0x80005768 (0x1a3d10b7) x 1 0x1a3d1000
core   0: 0x8000576c (0x00a81b93) slli    s7, a6, 10
core   0: 3 0x8000576c (0x00a81b93) x23 0x06339000
core   0: 0x80005770 (0x418f86b3) sub     a3, t6, s8
core   0: 3 0x80005770 (0x418f86b3) x13 0xffffffff
core   0: 0x80005774 (0x00286f33) or      t5, a6, sp
core   0: 3 0x80005774 (0x00286f33) x30 0xfffffff5
core   0: 0x80005778 (0x00000013) nop
core   0: 3 0x80005778 (0x00000013)
core   0: 0x8000577c (0x00080e33) add     t3, a6, zero
core   0: 3 0x8000577c (0x00080e33) x28 0x80018ce4
core   0: 0x80005780 (0x7b67fd93) andi    s11, a5, 1974
core   0: 3 0x80005780 (0x7b67fd93) x27 0x000007b6
core   0: 0x80005784 (0x41475913) srai    s2, a4, 20
core   0: 3 0x80005784 (0x41475913) x18 0x00000000
core   0: 0x80005788 (0x01a46993) ori     s3, s0, 26
core   0: 3 0x80005788 (0x01a46993) x19 0x8000001b
core   0: 0x8000578c (0x4140da13) srai    s4, ra, 20
core   0: 3 0x8000578c (0x4140da13) x20 0x000001a3
core   0: 0x80005790 (0x40fc08b3) sub     a7, s8, a5
core   0: 3 0x80005790 (0x40fc08b3) x17 0x00000002
core   0: 0x80005794 (0x00419ab3) sll     s5, gp, tp
core   0: 3 0x80005794 (0x00419ab3) x21 0x00000004
core   0: 0x80005798 (0x03b96db3) rem     s11, s2, s11
core   0: 3 0x80005798 (0x03b96db3) x27 0x00000000
core   0: 0x8000579c (0x02491033) mulh    zero, s2, tp
core   0: 3 0x8000579c (0x02491033)
core   0: 0x800057a0 (0x01a61993) slli    s3, a2, 26
core   0: 3 0x800057a0 (0x01a61993) x19 0x04000000
core   0: 0x800057a4 (0x002c4c33) xor     s8, s8, sp
core   0: 3 0x800057a4 (0x002c4c33) x24 0xffffff90
core   0: 0x800057a8 (0x02e5cc33) div     s8, a1, a4
core   0: 3 0x800057a8 (0x02e5cc33) x24 0xffffffff
core   0: 0x800057ac (0x01a02cb3) slt     s9, zero, s10
core   0: 3 0x800057ac (0x01a02cb3) x25 0x00000001
core   0: 0x800057b0 (0x00000013) nop
core   0: 3 0x800057b0 (0x00000013)
core   0: 0x800057b4 (0x40a6de93) srai    t4, a3, 10
core   0: 3 0x800057b4 (0x40a6de93) x29 0xffffffff
core   0: 0x800057b8 (0x00ba25b3) slt     a1, s4, a1
core   0: 3 0x800057b8 (0x00ba25b3) x11 0x00000000
core   0: 0x800057bc (0x2f61a937) lui     s2, 0x2f61a
core   0: 3 0x800057bc (0x2f61a937) x18 0x2f61a000
core   0: 0x800057c0 (0x010c2a33) slt     s4, s8, a6
core   0: 3 0x800057c0 (0x010c2a33) x20 0x00000000
core   0: 0x800057c4 (0x7a92cd93) xori    s11, t0, 1961
core   0: 3 0x800057c4 (0x7a92cd93) x27 0xd808b909
core   0: 0x800057c8 (0x00b81e93) slli    t4, a6, 11
core   0: 3 0x800057c8 (0x00b81e93) x29 0x0c672000
core   0: 0x800057cc (0x00a383b3) add     t2, t2, a0
core   0: 3 0x800057cc (0x00a383b3) x 7 0x80000000
core   0: 0x800057d0 (0x0369e933) rem     s2, s3, s6
core   0: 3 0x800057d0 (0x0369e933) x18 0x04000000
core   0: 0x800057d4 (0x028a3233) mulhu   tp, s4, s0
core   0: 3 0x800057d4 (0x028a3233) x 4 0x00000000
core   0: 0x800057d8 (0x022e37b3) mulhu   a5, t3, sp
core   0: 3 0x800057d8 (0x022e37b3) x15 0x80018cac
core   0: 0x800057dc (0x02ebd0b3) divu    ra, s7, a4
core   0: 3 0x800057dc (0x02ebd0b3) x 1 0xffffffff
core   0: 0x800057e0 (0x2da1a693) slti    a3, gp, 730
core   0: 3 0x800057e0 (0x2da1a693) x13 0x00000001
core   0: 0x800057e4 (0x0159ebb3) or      s7, s3, s5
core   0: 3 0x800057e4 (0x0159ebb3) x23 0x04000004
core   0: 0x800057e8 (0x01c028b3) slt     a7, zero, t3
core   0: 3 0x800057e8 (0x01c028b3) x17 0x00000000
core   0: 0x800057ec (0x0361ac33) mulhsu  s8, gp, s6
core   0: 3 0x800057ec (0x0361ac33) x24 0x00000001
core   0: 0x800057f0 (0x4b5ab213) sltiu   tp, s5, 1205
core   0: 3 0x800057f0 (0x4b5ab213) x 4 0x00000001
core   0: 0x800057f4 (0x00192733) slt     a4, s2, ra
core   0: 3 0x800057f4 (0x00192733) x14 0x00000000
core   0: 0x800057f8 (0x03e73eb3) mulhu   t4, a4, t5
core   0: 3 0x800057f8 (0x03e73eb3) x29 0x00000000
core   0: 0x800057fc (0x01a01c13) slli    s8, zero, 26
core   0: 3 0x800057fc (0x01a01c13) x24 0x00000000
core   0: 0x80005800 (0x01de0633) add     a2, t3, t4
core   0: 3 0x80005800 (0x01de0633) x12 0x80018ce4
core   0: 0x80005804 (0x007d1d13) slli    s10, s10, 7
core   0: 3 0x80005804 (0x007d1d13) x26 0x6509ec00
core   0: 0x80005808 (0xe78d3313) sltiu   t1, s10, -392
core   0: 3 0x80005808 (0xe78d3313) x 6 0x00000001
core   0: 0x8000580c (0x41518cb3) sub     s9, gp, s5
core   0: 3 0x8000580c (0x41518cb3) x25 0xfffffffe
core   0: 0x80005810 (0x00000013) nop
core   0: 3 0x80005810 (0x00000013)
core   0: 0x80005814 (0x00ba2ab3) slt     s5, s4, a1
core   0: 3 0x80005814 (0x00ba2ab3) x21 0x00000000
core   0: 0x80005818 (0x00939eb3) sll     t4, t2, s1
core   0: 3 0x80005818 (0x00939eb3) x29 0x00000000
core   0: 0x8000581c (0x0068b7b3) sltu    a5, a7, t1
core   0: 3 0x8000581c (0x0068b7b3) x15 0x00000001
core   0: 0x80005820 (0x019a5213) srli    tp, s4, 25
core   0: 3 0x80005820 (0x019a5213) x 4 0x00000000
core   0: 0x80005824 (0x01af2333) slt     t1, t5, s10
core   0: 3 0x80005824 (0x01af2333) x 6 0x00000001
core   0: 0x80005828 (0x40855713) srai    a4, a0, 8
core   0: 3 0x80005828 (0x40855713) x14 0xff800000
core   0: 0x8000582c (0x026155b3) divu    a1, sp, t1
core   0: 3 0x8000582c (0x026155b3) x11 0xffffff91
core   0: 0x80005830 (0x020a76b3) remu    a3, s4, zero
core   0: 3 0x80005830 (0x020a76b3) x13 0x00000000
core   0: 0x80005834 (0x00201293) slli    t0, zero, 2
core   0: 3 0x80005834 (0x00201293) x 5 0x00000000
core   0: 0x80005838 (0x00000013) nop
core   0: 3 0x80005838 (0x00000013)
core   0: 0x8000583c (0x404f55b3) sra     a1, t5, tp
core   0: 3 0x8000583c (0x404f55b3) x11 0xfffffff5
core   0: 0x80005840 (0x9bb62e13) slti    t3, a2, -1605
core   0: 3 0x80005840 (0x9bb62e13) x28 0x00000001
core   0: 0x80005844 (0x4130ddb3) sra     s11, ra, s3
core   0: 3 0x80005844 (0x4130ddb3) x27 0xffffffff
core   0: 0x80005848 (0x8ce4a713) slti    a4, s1, -1842
core   0: 3 0x80005848 (0x8ce4a713) x14 0x00000000
core   0: 0x8000584c (0x0309ba33) mulhu   s4, s3, a6
core   0: 3 0x8000584c (0x0309ba33) x20 0x02000633
core   0: 0x80005850 (0xb9904c93) xori    s9, zero, -1127
core   0: 3 0x80005850 (0xb9904c93) x25 0xfffffb99
core   0: 0x80005854 (0x78ce3b93) sltiu   s7, t3, 1932
core   0: 3 0x80005854 (0x78ce3b93) x23 0x00000001
core   0: 0x80005858 (0x00000013) nop
core   0: 3 0x80005858 (0x00000013)
core   0: 0x8000585c (0x0240ef33) rem     t5, ra, tp
core   0: 3 0x8000585c (0x0240ef33) x30 0xffffffff
core   0: 0x80005860 (0x41b00133) sub     sp, zero, s11
core   0: 3 0x80005860 (0x41b00133) x 2 0x00000001
core   0: 0x80005864 (0x4103d113) srai    sp, t2, 16
core   0: 3 0x80005864 (0x4103d113) x 2 0xffff8000
core   0: 0x80005868 (0x4137dd13) srai    s10, a5, 19
core   0: 3 0x80005868 (0x4137dd13) x26 0x00000000
core   0: 0x8000586c (0x001ed313) srli    t1, t4, 1
core   0: 3 0x8000586c (0x001ed313) x 6 0x00000000
core   0: 0x80005870 (0x022315b3) mulh    a1, t1, sp
core   0: 3 0x80005870 (0x022315b3) x11 0x00000000
core   0: 0x80005874 (0xf1a58a93) addi    s5, a1, -230
core   0: 3 0x80005874 (0xf1a58a93) x21 0xffffff1a
core   0: 0x80005878 (0x03f44133) div     sp, s0, t6
core   0: 3 0x80005878 (0x03f44133) x 2 0xffffffff
core   0: 0x8000587c (0x2edabc13) sltiu   s8, s5, 749
core   0: 3 0x8000587c (0x2edabc13) x24 0x00000000
core   0: 0x80005880 (0x0f1bfb93) andi    s7, s7, 241
core   0: 3 0x80005880 (0x0f1bfb93) x23 0x00000001
core   0: 0x80005884 (0x01df5413) srli    s0, t5, 29
core   0: 3 0x80005884 (0x01df5413) x 8 0x00000007
core   0: 0x80005888 (0xea83bf13) sltiu   t5, t2, -344
core   0: 3 0x80005888 (0xea83bf13) x30 0x00000001
core   0: 0x8000588c (0x03abb4b3) mulhu   s1, s7, s10
core   0: 3 0x8000588c (0x03abb4b3) x 9 0x00000000
core   0: 0x80005890 (0x00d70bb3) add     s7, a4, a3
core   0: 3 0x80005890 (0x00d70bb3) x23 0x00000000
core   0: 0x80005894 (0xc957a413) slti    s0, a5, -875
core   0: 3 0x80005894 (0xc957a413) x 8 0x00000000
core   0: 0x80005898 (0xafa74137) lui     sp, 0xafa74
core   0: 3 0x80005898 (0xafa74137) x 2 0xafa74000
core   0: 0x8000589c (0xc0ac8113) addi    sp, s9, -1014
core   0: 3 0x8000589c (0xc0ac8113) x 2 0xfffff7a3
core   0: 0x800058a0 (0x007b9c33) sll     s8, s7, t2
core   0: 3 0x800058a0 (0x007b9c33) x24 0x00000000
core   0: 0x800058a4 (0xbb02b693) sltiu   a3, t0, -1104
core   0: 3 0x800058a4 (0xbb02b693) x13 0x00000001
core   0: 0x800058a8 (0x038dbd33) mulhu   s10, s11, s8
core   0: 3 0x800058a8 (0x038dbd33) x26 0x00000000
core   0: 0x800058ac (0x036e6933) rem     s2, t3, s6
core   0: 3 0x800058ac (0x036e6933) x18 0x00000001
core   0: 0x800058b0 (0x63932313) slti    t1, t1, 1593
core   0: 3 0x800058b0 (0x63932313) x 6 0x00000001
core   0: 0x800058b4 (0x004611b3) sll     gp, a2, tp
core   0: 3 0x800058b4 (0x004611b3) x 3 0x80018ce4
core   0: 0x800058b8 (0x02bf92b3) mulh    t0, t6, a1
core   0: 3 0x800058b8 (0x02bf92b3) x 5 0x00000000
core   0: 0x800058bc (0x02a7a9b3) mulhsu  s3, a5, a0
core   0: 3 0x800058bc (0x02a7a9b3) x19 0x00000000
core   0: 0x800058c0 (0xfc5e7193) andi    gp, t3, -59
core   0: 3 0x800058c0 (0xfc5e7193) x 3 0x00000001
core   0: 0x800058c4 (0xa6b1c637) lui     a2, 0xa6b1c
core   0: 3 0x800058c4 (0xa6b1c637) x12 0xa6b1c000
core   0: 0x800058c8 (0x02529a33) mulh    s4, t0, t0
core   0: 3 0x800058c8 (0x02529a33) x20 0x00000000
core   0: 0x800058cc (0x00b379b3) and     s3, t1, a1
core   0: 3 0x800058cc (0x00b379b3) x19 0x00000000
core   0: 0x800058d0 (0x00e86e13) ori     t3, a6, 14
core   0: 3 0x800058d0 (0x00e86e13) x28 0x80018cee
core   0: 0x800058d4 (0x4171da93) srai    s5, gp, 23
core   0: 3 0x800058d4 (0x4171da93) x21 0x00000000
core   0: 0x800058d8 (0x0174e913) ori     s2, s1, 23
core   0: 3 0x800058d8 (0x0174e913) x18 0x00000017
core   0: 0x800058dc (0x01652193) slti    gp, a0, 22
core   0: 3 0x800058dc (0x01652193) x 3 0x00000001
core   0: 0x800058e0 (0x036adeb3) divu    t4, s5, s6
core   0: 3 0x800058e0 (0x036adeb3) x29 0x00000000
core   0: 0x800058e4 (0x03cdd1b3) divu    gp, s11, t3
core   0: 3 0x800058e4 (0x03cdd1b3) x 3 0x00000001
core   0: 0x800058e8 (0x03cea233) mulhsu  tp, t4, t3
core   0: 3 0x800058e8 (0x03cea233) x 4 0x00000000
core   0: 0x800058ec (0x03cfa4b3) mulhsu  s1, t6, t3
core   0: 3 0x800058ec (0x03cfa4b3) x 9 0x00000000
core   0: 0x800058f0 (0x1b126713) ori     a4, tp, 433
core   0: 3 0x800058f0 (0x1b126713) x14 0x000001b1
core   0: 0x800058f4 (0x01e71913) slli    s2, a4, 30
core   0: 3 0x800058f4 (0x01e71913) x18 0x40000000
core   0: 0x800058f8 (0xe79f5d17) auipc   s10, 0xe79f5
core   0: 3 0x800058f8 (0xe79f5d17) x26 0x679fa8f8
core   0: 0x800058fc (0x01dd83b3) add     t2, s11, t4
core   0: 3 0x800058fc (0x01dd83b3) x 7 0xffffffff
core   0: 0x80005900 (0x00a91f93) slli    t6, s2, 10
core   0: 3 0x80005900 (0x00a91f93) x31 0x00000000
core   0: 0x80005904 (0xa5bf4e13) xori    t3, t5, -1445
core   0: 3 0x80005904 (0xa5bf4e13) x28 0xfffffa5a
core   0: 0x80005908 (0x0383b933) mulhu   s2, t2, s8
core   0: 3 0x80005908 (0x0383b933) x18 0x00000000
core   0: 0x8000590c (0x17f4b213) sltiu   tp, s1, 383
core   0: 3 0x8000590c (0x17f4b213) x 4 0x00000001
core   0: 0x80005910 (0x9b1116b7) lui     a3, 0x9b111
core   0: 3 0x80005910 (0x9b1116b7) x13 0x9b111000
core   0: 0x80005914 (0x2961c137) lui     sp, 0x2961c
core   0: 3 0x80005914 (0x2961c137) x 2 0x2961c000
core   0: 0x80005918 (0x41a458b3) sra     a7, s0, s10
core   0: 3 0x80005918 (0x41a458b3) x17 0x00000000
core   0: 0x8000591c (0x515fa593) slti    a1, t6, 1301
core   0: 3 0x8000591c (0x515fa593) x11 0x00000001
core   0: 0x80005920 (0x023567b3) rem     a5, a0, gp
core   0: 3 0x80005920 (0x023567b3) x15 0x00000000
core   0: 0x80005924 (0x0283e133) rem     sp, t2, s0
core   0: 3 0x80005924 (0x0283e133) x 2 0xffffffff
core   0: 0x80005928 (0x03f5f0b3) remu    ra, a1, t6
core   0: 3 0x80005928 (0x03f5f0b3) x 1 0x00000001
core   0: 0x8000592c (0x03a99d33) mulh    s10, s3, s10
core   0: 3 0x8000592c (0x03a99d33) x26 0x00000000
core   0: 0x80005930 (0x02785f33) divu    t5, a6, t2
core   0: 3 0x80005930 (0x02785f33) x30 0x00000000
core   0: 0x80005934 (0x00000013) nop
core   0: 3 0x80005934 (0x00000013)
core   0: 0x80005938 (0x006daeb3) slt     t4, s11, t1
core   0: 3 0x80005938 (0x006daeb3) x29 0x00000001
core   0: 0x8000593c (0x022dff33) remu    t5, s11, sp
core   0: 3 0x8000593c (0x022dff33) x30 0x00000000
core   0: 0x80005940 (0x037c1a33) mulh    s4, s8, s7
core   0: 3 0x80005940 (0x037c1a33) x20 0x00000000
core   0: 0x80005944 (0x897ee613) ori     a2, t4, -1897
core   0: 3 0x80005944 (0x897ee613) x12 0xfffff897
core   0: 0x80005948 (0x3a7fc713) xori    a4, t6, 935
core   0: 3 0x80005948 (0x3a7fc713) x14 0x000003a7
core   0: 0x8000594c (0x0388da33) divu    s4, a7, s8
core   0: 3 0x8000594c (0x0388da33) x20 0xffffffff
core   0: 0x80005950 (0x00ccc933) xor     s2, s9, a2
core   0: 3 0x80005950 (0x00ccc933) x18 0x0000030e
core   0: 0x80005954 (0x40b58db3) sub     s11, a1, a1
core   0: 3 0x80005954 (0x40b58db3) x27 0x00000000
core   0: 0x80005958 (0x004c9c33) sll     s8, s9, tp
core   0: 3 0x80005958 (0x004c9c33) x24 0xfffff732
core   0: 0x8000595c (0x036729b3) mulhsu  s3, a4, s6
core   0: 3 0x8000595c (0x036729b3) x19 0x000001d3
core   0: 0x80005960 (0x015a12b3) sll     t0, s4, s5
core   0: 3 0x80005960 (0x015a12b3) x 5 0xffffffff
core   0: 0x80005964 (0x01d84fb3) xor     t6, a6, t4
core   0: 3 0x80005964 (0x01d84fb3) x31 0x80018ce5
core   0: 0x80005968 (0x00000013) nop
core   0: 3 0x80005968 (0x00000013)
core   0: 0x8000596c (0x034e1633) mulh    a2, t3, s4
core   0: 3 0x8000596c (0x034e1633) x12 0x00000000
core   0: 0x80005970 (0x028785b3) mul     a1, a5, s0
core   0: 3 0x80005970 (0x028785b3) x11 0x00000000
core   0: 0x80005974 (0x00000013) nop
core   0: 3 0x80005974 (0x00000013)
core   0: 0x80005978 (0x0041d5b3) srl     a1, gp, tp
core   0: 3 0x80005978 (0x0041d5b3) x11 0x00000000
core   0: 0x8000597c (0x020c4c33) div     s8, s8, zero
core   0: 3 0x8000597c (0x020c4c33) x24 0xffffffff
core   0: 0x80005980 (0x00000013) nop
core   0: 3 0x80005980 (0x00000013)
core   0: 0x80005984 (0x13ba6413) ori     s0, s4, 315
core   0: 3 0x80005984 (0x13ba6413) x 8 0xffffffff
core   0: 0x80005988 (0x00a90f33) add     t5, s2, a0
core   0: 3 0x80005988 (0x00a90f33) x30 0x8000030e
core   0: 0x8000598c (0xbe0d9a17) auipc   s4, 0xbe0d9
core   0: 3 0x8000598c (0xbe0d9a17) x20 0x3e0de98c
core   0: 0x80005990 (0x03e85c33) divu    s8, a6, t5
core   0: 3 0x80005990 (0x03e85c33) x24 0x00000001
core   0: 0x80005994 (0xa71a4f93) xori    t6, s4, -1423
core   0: 3 0x80005994 (0xa71a4f93) x31 0xc1f213fd
core   0: 0x80005998 (0x026983b3) mul     t2, s3, t1
core   0: 3 0x80005998 (0x026983b3) x 7 0x000001d3
core   0: 0x8000599c (0x00bd32b3) sltu    t0, s10, a1
core   0: 3 0x8000599c (0x00bd32b3) x 5 0x00000000
core   0: 0x800059a0 (0x0bdbc993) xori    s3, s7, 189
core   0: 3 0x800059a0 (0x0bdbc993) x19 0x000000bd
core   0: 0x800059a4 (0xaa6d6693) ori     a3, s10, -1370
core   0: 3 0x800059a4 (0xaa6d6693) x13 0xfffffaa6
core   0: 0x800059a8 (0x22e7e113) ori     sp, a5, 558
core   0: 3 0x800059a8 (0x22e7e113) x 2 0x0000022e
core   0: 0x800059ac (0x03ae3db3) mulhu   s11, t3, s10
core   0: 3 0x800059ac (0x03ae3db3) x27 0x00000000
core   0: 0x800059b0 (0xb9717f37) lui     t5, 0xb9717
core   0: 3 0x800059b0 (0xb9717f37) x30 0xb9717000
core   0: 0x800059b4 (0x66c7ea13) ori     s4, a5, 1644
core   0: 3 0x800059b4 (0x66c7ea13) x20 0x0000066c
core   0: 0x800059b8 (0x03ef0e33) mul     t3, t5, t5
core   0: 3 0x800059b8 (0x03ef0e33) x28 0x11000000
core   0: 0x800059bc (0x403c84b3) sub     s1, s9, gp
core   0: 3 0x800059bc (0x403c84b3) x 9 0xfffffb98
core   0: 0x800059c0 (0x00b11db3) sll     s11, sp, a1
core   0: 3 0x800059c0 (0x00b11db3) x27 0x0000022e
core   0: 0x800059c4 (0x00ecfe33) and     t3, s9, a4
core   0: 3 0x800059c4 (0x00ecfe33) x28 0x00000381
core   0: 0x800059c8 (0x026ea033) mulhsu  zero, t4, t1
core   0: 3 0x800059c8 (0x026ea033)
core   0: 0x800059cc (0x018d0e33) add     t3, s10, s8
core   0: 3 0x800059cc (0x018d0e33) x28 0x00000001
core   0: 0x800059d0 (0x020194b3) mulh    s1, gp, zero
core   0: 3 0x800059d0 (0x020194b3) x 9 0x00000000
core   0: 0x800059d4 (0x03e09d33) mulh    s10, ra, t5
core   0: 3 0x800059d4 (0x03e09d33) x26 0xffffffff
core   0: 0x800059d8 (0x002b06b3) add     a3, s6, sp
core   0: 3 0x800059d8 (0x002b06b3) x13 0x80015092
core   0: 0x800059dc (0x01861d33) sll     s10, a2, s8
core   0: 3 0x800059dc (0x01861d33) x26 0x00000000
core   0: 0x800059e0 (0xce9bf0b7) lui     ra, 0xce9bf
core   0: 3 0x800059e0 (0xce9bf0b7) x 1 0xce9bf000
core   0: 0x800059e4 (0x00032733) slt     a4, t1, zero
core   0: 3 0x800059e4 (0x00032733) x14 0x00000000
core   0: 0x800059e8 (0x03422ab3) mulhsu  s5, tp, s4
core   0: 3 0x800059e8 (0x03422ab3) x21 0x00000000
core   0: 0x800059ec (0x03bb98b3) mulh    a7, s7, s11
core   0: 3 0x800059ec (0x03bb98b3) x17 0x00000000
core   0: 0x800059f0 (0x00000013) nop
core   0: 3 0x800059f0 (0x00000013)
core   0: 0x800059f4 (0x02f7b3b3) mulhu   t2, a5, a5
core   0: 3 0x800059f4 (0x02f7b3b3) x 7 0x00000000
core   0: 0x800059f8 (0xad650f13) addi    t5, a0, -1322
core   0: 3 0x800059f8 (0xad650f13) x30 0x7ffffad6
core   0: 0x800059fc (0x00911613) slli    a2, sp, 9
core   0: 3 0x800059fc (0x00911613) x12 0x00045c00
core   0: 0x80005a00 (0x02f207b3) mul     a5, tp, a5
core   0: 3 0x80005a00 (0x02f207b3) x15 0x00000000
core   0: 0x80005a04 (0x01449cb3) sll     s9, s1, s4
core   0: 3 0x80005a04 (0x01449cb3) x25 0x00000000
core   0: 0x80005a08 (0x01751f13) slli    t5, a0, 23
core   0: 3 0x80005a08 (0x01751f13) x30 0x00000000
core   0: 0x80005a0c (0x03b9b2b3) mulhu   t0, s3, s11
core   0: 3 0x80005a0c (0x03b9b2b3) x 5 0x00000000
core   0: 0x80005a10 (0x03dddd33) divu    s10, s11, t4
core   0: 3 0x80005a10 (0x03dddd33) x26 0x0000022e
core   0: 0x80005a14 (0x031ec9b3) div     s3, t4, a7
core   0: 3 0x80005a14 (0x031ec9b3) x19 0xffffffff
core   0: 0x80005a18 (0x03523fb3) mulhu   t6, tp, s5
core   0: 3 0x80005a18 (0x03523fb3) x31 0x00000000
core   0: 0x80005a1c (0x00000013) nop
core   0: 3 0x80005a1c (0x00000013)
core   0: 0x80005a20 (0x00eb8233) add     tp, s7, a4
core   0: 3 0x80005a20 (0x00eb8233) x 4 0x00000000
core   0: 0x80005a24 (0x03e3d0b3) divu    ra, t2, t5
core   0: 3 0x80005a24 (0x03e3d0b3) x 1 0xffffffff
core   0: 0x80005a28 (0x40670d33) sub     s10, a4, t1
core   0: 3 0x80005a28 (0x40670d33) x26 0xffffffff
core   0: 0x80005a2c (0x01e9ac33) slt     s8, s3, t5
core   0: 3 0x80005a2c (0x01e9ac33) x24 0x00000001
core   0: 0x80005a30 (0x02718e33) mul     t3, gp, t2
core   0: 3 0x80005a30 (0x02718e33) x28 0x00000000
core   0: 0x80005a34 (0x0142da93) srli    s5, t0, 20
core   0: 3 0x80005a34 (0x0142da93) x21 0x00000000
core   0: 0x80005a38 (0x000516b3) sll     a3, a0, zero
core   0: 3 0x80005a38 (0x000516b3) x13 0x80000000
core   0: 0x80005a3c (0x412a8eb3) sub     t4, s5, s2
core   0: 3 0x80005a3c (0x412a8eb3) x29 0xfffffcf2
core   0: 0x80005a40 (0x42e0f0b7) lui     ra, 0x42e0f
core   0: 3 0x80005a40 (0x42e0f0b7) x 1 0x42e0f000
core   0: 0x80005a44 (0x017ab0b3) sltu    ra, s5, s7
core   0: 3 0x80005a44 (0x017ab0b3) x 1 0x00000000
core   0: 0x80005a48 (0x033be233) rem     tp, s7, s3
core   0: 3 0x80005a48 (0x033be233) x 4 0x00000000
core   0: 0x80005a4c (0x41425893) srai    a7, tp, 20
core   0: 3 0x80005a4c (0x41425893) x17 0x00000000
core   0: 0x80005a50 (0x0fbc3393) sltiu   t2, s8, 251
core   0: 3 0x80005a50 (0x0fbc3393) x 7 0x00000001
core   0: 0x80005a54 (0x03b3da33) divu    s4, t2, s11
core   0: 3 0x80005a54 (0x03b3da33) x20 0x00000000
core   0: 0x80005a58 (0x18e18917) auipc   s2, 0x18e18
core   0: 3 0x80005a58 (0x18e18917) x18 0x98e1da58
core   0: 0x80005a5c (0x2f7489b7) lui     s3, 0x2f748
core   0: 3 0x80005a5c (0x2f7489b7) x19 0x2f748000
core   0: 0x80005a60 (0x006130b3) sltu    ra, sp, t1
core   0: 3 0x80005a60 (0x006130b3) x 1 0x00000000
core   0: 0x80005a64 (0x01ffd5b3) srl     a1, t6, t6
core   0: 3 0x80005a64 (0x01ffd5b3) x11 0x00000000
core   0: 0x80005a68 (0x0048fdb3) and     s11, a7, tp
core   0: 3 0x80005a68 (0x0048fdb3) x27 0x00000000
core   0: 0x80005a6c (0xfa683313) sltiu   t1, a6, -90
core   0: 3 0x80005a6c (0xfa683313) x 6 0x00000001
core   0: 0x80005a70 (0x03511c33) mulh    s8, sp, s5
core   0: 3 0x80005a70 (0x03511c33) x24 0x00000000
core   0: 0x80005a74 (0x02356db3) rem     s11, a0, gp
core   0: 3 0x80005a74 (0x02356db3) x27 0x00000000
core   0: 0x80005a78 (0x03392db3) mulhsu  s11, s2, s3
core   0: 3 0x80005a78 (0x03392db3) x27 0xece289de
core   0: 0x80005a7c (0x40ad8e33) sub     t3, s11, a0
core   0: 3 0x80005a7c (0x40ad8e33) x28 0x6ce289de
core   0: 0x80005a80 (0x019d1e13) slli    t3, s10, 25
core   0: 3 0x80005a80 (0x019d1e13) x28 0xfe000000
core   0: 0x80005a84 (0xaac8d237) lui     tp, 0xaac8d
core   0: 3 0x80005a84 (0xaac8d237) x 4 0xaac8d000
core   0: 0x80005a88 (0x001c9793) slli    a5, s9, 1
core   0: 3 0x80005a88 (0x001c9793) x15 0x00000000
core   0: 0x80005a8c (0x017edd33) srl     s10, t4, s7
core   0: 3 0x80005a8c (0x017edd33) x26 0xfffffcf2
core   0: 0x80005a90 (0xc6e02593) slti    a1, zero, -914
core   0: 3 0x80005a90 (0xc6e02593) x11 0x00000000
core   0: 0x80005a94 (0x0299cab3) div     s5, s3, s1
core   0: 3 0x80005a94 (0x0299cab3) x21 0xffffffff
core   0: 0x80005a98 (0xc9630d13) addi    s10, t1, -874
core   0: 3 0x80005a98 (0xc9630d13) x26 0xfffffc97
core   0: 0x80005a9c (0x031e2733) mulhsu  a4, t3, a7
core   0: 3 0x80005a9c (0x031e2733) x14 0x00000000
core   0: 0x80005aa0 (0x2f2221b7) lui     gp, 0x2f222
core   0: 3 0x80005aa0 (0x2f2221b7) x 3 0x2f222000
core   0: 0x80005aa4 (0x400c0733) sub     a4, s8, zero
core   0: 3 0x80005aa4 (0x400c0733) x14 0x00000000
core   0: 0x80005aa8 (0x0259d3b3) divu    t2, s3, t0
core   0: 3 0x80005aa8 (0x0259d3b3) x 7 0xffffffff
core   0: 0x80005aac (0x0088f333) and     t1, a7, s0
core   0: 3 0x80005aac (0x0088f333) x 6 0x00000000
core   0: 0x80005ab0 (0x007b4c33) xor     s8, s6, t2
core   0: 3 0x80005ab0 (0x007b4c33) x24 0x7ffeb19b
core   0: 0x80005ab4 (0x00438133) add     sp, t2, tp
core   0: 3 0x80005ab4 (0x00438133) x 2 0xaac8cfff
core   0: 0x80005ab8 (0x03a13293) sltiu   t0, sp, 58
core   0: 3 0x80005ab8 (0x03a13293) x 5 0x00000000
core   0: 0x80005abc (0x02c130b3) mulhu   ra, sp, a2
core   0: 3 0x80005abc (0x02c130b3) x 1 0x0002e883
core   0: 0x80005ac0 (0x03e343b3) div     t2, t1, t5
core   0: 3 0x80005ac0 (0x03e343b3) x 7 0xffffffff
core   0: 0x80005ac4 (0x3ecce193) ori     gp, s9, 1004
core   0: 3 0x80005ac4 (0x3ecce193) x 3 0x000003ec
core   0: 0x80005ac8 (0x8d03aa93) slti    s5, t2, -1840
core   0: 3 0x80005ac8 (0x8d03aa93) x21 0x00000000
core   0: 0x80005acc (0x011c5133) srl     sp, s8, a7
core   0: 3 0x80005acc (0x011c5133) x 2 0x7ffeb19b
core   0: 0x80005ad0 (0x00247133) and     sp, s0, sp
core   0: 3 0x80005ad0 (0x00247133) x 2 0x7ffeb19b
core   0: 0x80005ad4 (0x0394cbb3) div     s7, s1, s9
core   0: 3 0x80005ad4 (0x0394cbb3) x23 0xffffffff
core   0: 0x80005ad8 (0x41ebd493) srai    s1, s7, 30
core   0: 3 0x80005ad8 (0x41ebd493) x 9 0xffffffff
core   0: 0x80005adc (0x87bd4013) xori    zero, s10, -1925
core   0: 3 0x80005adc (0x87bd4013)
core   0: 0x80005ae0 (0x00000013) nop
core   0: 3 0x80005ae0 (0x00000013)
core   0: 0x80005ae4 (0x00b81c13) slli    s8, a6, 11
core   0: 3 0x80005ae4 (0x00b81c13) x24 0x0c672000
core   0: 0x80005ae8 (0x01e2d793) srli    a5, t0, 30
core   0: 3 0x80005ae8 (0x01e2d793) x15 0x00000000
core   0: 0x80005aec (0x00675393) srli    t2, a4, 6
core   0: 3 0x80005aec (0x00675393) x 7 0x00000000
core   0: 0x80005af0 (0x025cb0b3) mulhu   ra, s9, t0
core   0: 3 0x80005af0 (0x025cb0b3) x 1 0x00000000
core   0: 0x80005af4 (0x01f9f433) and     s0, s3, t6
core   0: 3 0x80005af4 (0x01f9f433) x 8 0x00000000
core   0: 0x80005af8 (0x40ac5db3) sra     s11, s8, a0
core   0: 3 0x80005af8 (0x40ac5db3) x27 0x0c672000
core   0: 0x80005afc (0x417edd33) sra     s10, t4, s7
core   0: 3 0x80005afc (0x417edd33) x26 0xffffffff
core   0: 0x80005b00 (0x41f88cb3) sub     s9, a7, t6
core   0: 3 0x80005b00 (0x41f88cb3) x25 0x00000000
core   0: 0x80005b04 (0x02950eb3) mul     t4, a0, s1
core   0: 3 0x80005b04 (0x02950eb3) x29 0x80000000
core   0: 0x80005b08 (0x0077ffb3) and     t6, a5, t2
core   0: 3 0x80005b08 (0x0077ffb3) x31 0x00000000
core   0: 0x80005b0c (0x0112a8b3) slt     a7, t0, a7
core   0: 3 0x80005b0c (0x0112a8b3) x17 0x00000000
core   0: 0x80005b10 (0x0a696913) ori     s2, s2, 166
core   0: 3 0x80005b10 (0x0a696913) x18 0x98e1dafe
core   0: 0x80005b14 (0x01d8f233) and     tp, a7, t4
core   0: 3 0x80005b14 (0x01d8f233) x 4 0x00000000
core   0: 0x80005b18 (0x0f304d13) xori    s10, zero, 243
core   0: 3 0x80005b18 (0x0f304d13) x26 0x000000f3
core   0: 0x80005b1c (0xe63f0093) addi    ra, t5, -413
core   0: 3 0x80005b1c (0xe63f0093) x 1 0xfffffe63
core   0: 0x80005b20 (0x01063633) sltu    a2, a2, a6
core   0: 3 0x80005b20 (0x01063633) x12 0x00000001
core   0: 0x80005b24 (0x01fcfdb3) and     s11, s9, t6
core   0: 3 0x80005b24 (0x01fcfdb3) x27 0x00000000
core   0: 0x80005b28 (0x52abbc93) sltiu   s9, s7, 1322
core   0: 3 0x80005b28 (0x52abbc93) x25 0x00000000
core   0: 0x80005b2c (0x005c9a33) sll     s4, s9, t0
core   0: 3 0x80005b2c (0x005c9a33) x20 0x00000000
core   0: 0x80005b30 (0x0170b0b3) sltu    ra, ra, s7
core   0: 3 0x80005b30 (0x0170b0b3) x 1 0x00000001
core   0: 0x80005b34 (0x00000013) nop
core   0: 3 0x80005b34 (0x00000013)
core   0: 0x80005b38 (0x015607b3) add     a5, a2, s5
core   0: 3 0x80005b38 (0x015607b3) x15 0x00000001
core   0: 0x80005b3c (0x010b6bb3) or      s7, s6, a6
core   0: 3 0x80005b3c (0x010b6bb3) x23 0x8001cee4
core   0: 0x80005b40 (0x417b50b3) sra     ra, s6, s7
core   0: 3 0x80005b40 (0x417b50b3) x 1 0xf80014e6
core   0: 0x80005b44 (0xab35b713) sltiu   a4, a1, -1357
core   0: 3 0x80005b44 (0xab35b713) x14 0x00000001
core   0: 0x80005b48 (0x00c270b3) and     ra, tp, a2
core   0: 3 0x80005b48 (0x00c270b3) x 1 0x00000000
core   0: 0x80005b4c (0x6c54c597) auipc   a1, 0x6c54c
core   0: 3 0x80005b4c (0x6c54c597) x11 0xec551b4c
core   0: 0x80005b50 (0x035aba33) mulhu   s4, s5, s5
core   0: 3 0x80005b50 (0x035aba33) x20 0x00000000
core   0: 0x80005b54 (0x03b62db3) mulhsu  s11, a2, s11
core   0: 3 0x80005b54 (0x03b62db3) x27 0x00000000
core   0: 0x80005b58 (0x01d19113) slli    sp, gp, 29
core   0: 3 0x80005b58 (0x01d19113) x 2 0x80000000
core   0: 0x80005b5c (0x41195413) srai    s0, s2, 17
core   0: 3 0x80005b5c (0x41195413) x 8 0xffffcc70
core   0: 0x80005b60 (0x408bda13) srai    s4, s7, 8
core   0: 3 0x80005b60 (0x408bda13) x20 0xff8001ce
core   0: 0x80005b64 (0x00c91a33) sll     s4, s2, a2
core   0: 3 0x80005b64 (0x00c91a33) x20 0x31c3b5fc
core   0: 0x80005b68 (0x00702033) slt     zero, zero, t2
core   0: 3 0x80005b68 (0x00702033)
core   0: 0x80005b6c (0x014833b3) sltu    t2, a6, s4
core   0: 3 0x80005b6c (0x014833b3) x 7 0x00000000
core   0: 0x80005b70 (0x024c2bb3) mulhsu  s7, s8, tp
core   0: 3 0x80005b70 (0x024c2bb3) x23 0x00000000
core   0: 0x80005b74 (0x40b80733) sub     a4, a6, a1
core   0: 3 0x80005b74 (0x40b80733) x14 0x93ac7198
core   0: 0x80005b78 (0x037a53b3) divu    t2, s4, s7
core   0: 3 0x80005b78 (0x037a53b3) x 7 0xffffffff
core   0: 0x80005b7c (0x01b405b3) add     a1, s0, s11
core   0: 3 0x80005b7c (0x01b405b3) x11 0xffffcc70
core   0: 0x80005b80 (0x00d1fd33) and     s10, gp, a3
core   0: 3 0x80005b80 (0x00d1fd33) x26 0x00000000
core   0: 0x80005b84 (0x025c1a33) mulh    s4, s8, t0
core   0: 3 0x80005b84 (0x025c1a33) x20 0x00000000
core   0: 0x80005b88 (0x011bff33) and     t5, s7, a7
core   0: 3 0x80005b88 (0x011bff33) x30 0x00000000
core   0: 0x80005b8c (0x0077b933) sltu    s2, a5, t2
core   0: 3 0x80005b8c (0x0077b933) x18 0x00000001
core   0: 0x80005b90 (0x00c2f8b3) and     a7, t0, a2
core   0: 3 0x80005b90 (0x00c2f8b3) x17 0x00000000
core   0: 0x80005b94 (0x407add33) sra     s10, s5, t2
core   0: 3 0x80005b94 (0x407add33) x26 0x00000000
core   0: 0x80005b98 (0x0023cf33) xor     t5, t2, sp
core   0: 3 0x80005b98 (0x0023cf33) x30 0x7fffffff
core   0: 0x80005b9c (0x039318b3) mulh    a7, t1, s9
core   0: 3 0x80005b9c (0x039318b3) x17 0x00000000
core   0: 0x80005ba0 (0x01eda233) slt     tp, s11, t5
core   0: 3 0x80005ba0 (0x01eda233) x 4 0x00000001
core   0: 0x80005ba4 (0x03d5f6b3) remu    a3, a1, t4
core   0: 3 0x80005ba4 (0x03d5f6b3) x13 0x7fffcc70
core   0: 0x80005ba8 (0xac3df8b7) lui     a7, 0xac3df
core   0: 3 0x80005ba8 (0xac3df8b7) x17 0xac3df000
core   0: 0x80005bac (0x02d524b3) mulhsu  s1, a0, a3
core   0: 3 0x80005bac (0x02d524b3) x 9 0xc00019c8
core   0: 0x80005bb0 (0xe4e6e913) ori     s2, a3, -434
core   0: 3 0x80005bb0 (0xe4e6e913) x18 0xfffffe7e
core   0: 0x80005bb4 (0x40b4dab3) sra     s5, s1, a1
core   0: 3 0x80005bb4 (0x40b4dab3) x21 0xffffc000
core   0: 0x80005bb8 (0x0345d3b3) divu    t2, a1, s4
core   0: 3 0x80005bb8 (0x0345d3b3) x 7 0xffffffff
core   0: 0x80005bbc (0x40078733) sub     a4, a5, zero
core   0: 3 0x80005bbc (0x40078733) x14 0x00000001
core   0: 0x80005bc0 (0x029f28b3) mulhsu  a7, t5, s1
core   0: 3 0x80005bc0 (0x029f28b3) x17 0x60000ce3
core   0: 0x80005bc4 (0x02b17f33) remu    t5, sp, a1
core   0: 3 0x80005bc4 (0x02b17f33) x30 0x80000000
core   0: 0x80005bc8 (0x004899b3) sll     s3, a7, tp
core   0: 3 0x80005bc8 (0x004899b3) x19 0xc00019c6
core   0: 0x80005bcc (0x02919cb3) mulh    s9, gp, s1
core   0: 3 0x80005bcc (0x02919cb3) x25 0xffffff05
core   0: 0x80005bd0 (0x03f07733) remu    a4, zero, t6
core   0: 3 0x80005bd0 (0x03f07733) x14 0x00000000
core   0: 0x80005bd4 (0x41d1d093) srai    ra, gp, 29
core   0: 3 0x80005bd4 (0x41d1d093) x 1 0x00000000
core   0: 0x80005bd8 (0x026ecab3) div     s5, t4, t1
core   0: 3 0x80005bd8 (0x026ecab3) x21 0xffffffff
core   0: 0x80005bdc (0x027d6f33) rem     t5, s10, t2
core   0: 3 0x80005bdc (0x027d6f33) x30 0x00000000
core   0: 0x80005be0 (0x02735133) divu    sp, t1, t2
core   0: 3 0x80005be0 (0x02735133) x 2 0x00000000
core   0: 0x80005be4 (0x031756b3) divu    a3, a4, a7
core   0: 3 0x80005be4 (0x031756b3) x13 0x00000000
core   0: 0x80005be8 (0x012f3633) sltu    a2, t5, s2
core   0: 3 0x80005be8 (0x012f3633) x12 0x00000001
core   0: 0x80005bec (0x037968b3) rem     a7, s2, s7
core   0: 3 0x80005bec (0x037968b3) x17 0xfffffe7e
core   0: 0x80005bf0 (0x026005b3) mul     a1, zero, t1
core   0: 3 0x80005bf0 (0x026005b3) x11 0x00000000
core   0: 0x80005bf4 (0x114cc337) lui     t1, 0x114cc
core   0: 3 0x80005bf4 (0x114cc337) x 6 0x114cc000
core   0: 0x80005bf8 (0x02870633) mul     a2, a4, s0
core   0: 3 0x80005bf8 (0x02870633) x12 0x00000000
core   0: 0x80005bfc (0x034e7633) remu    a2, t3, s4
core   0: 3 0x80005bfc (0x034e7633) x12 0xfe000000
core   0: 0x80005c00 (0xea730293) addi    t0, t1, -345
core   0: 3 0x80005c00 (0xea730293) x 5 0x114cbea7
core   0: 0x80005c04 (0x00ff09b3) add     s3, t5, a5
core   0: 3 0x80005c04 (0x00ff09b3) x19 0x00000001
core   0: 0x80005c08 (0x9037f617) auipc   a2, 0x9037f
core   0: 3 0x80005c08 (0x9037f617) x12 0x10384c08
core   0: 0x80005c0c (0x8c6bfe93) andi    t4, s7, -1850
core   0: 3 0x80005c0c (0x8c6bfe93) x29 0x00000000
core   0: 0x80005c10 (0x0281d033) divu    zero, gp, s0
core   0: 3 0x80005c10 (0x0281d033)
core   0: 0x80005c14 (0x68fee893) ori     a7, t4, 1679
core   0: 3 0x80005c14 (0x68fee893) x17 0x0000068f
core   0: 0x80005c18 (0x5529a413) slti    s0, s3, 1362
core   0: 3 0x80005c18 (0x5529a413) x 8 0x00000001
core   0: 0x80005c1c (0x0194d733) srl     a4, s1, s9
core   0: 3 0x80005c1c (0x0194d733) x14 0x060000ce
core   0: 0x80005c20 (0xe3f40313) addi    t1, s0, -449
core   0: 3 0x80005c20 (0xe3f40313) x 6 0xfffffe40
core   0: 0x80005c24 (0x00c25eb3) srl     t4, tp, a2
core   0: 3 0x80005c24 (0x00c25eb3) x29 0x00000000
core   0: 0x80005c28 (0x0cf02793) slti    a5, zero, 207
core   0: 3 0x80005c28 (0x0cf02793) x15 0x00000001
core   0: 0x80005c2c (0xbc5bc493) xori    s1, s7, -1083
core   0: 3 0x80005c2c (0xbc5bc493) x 9 0xfffffbc5
core   0: 0x80005c30 (0x0092c433) xor     s0, t0, s1
core   0: 3 0x80005c30 (0x0092c433) x 8 0xeeb34562
core   0: 0x80005c34 (0x02523f33) mulhu   t5, tp, t0
core   0: 3 0x80005c34 (0x02523f33) x30 0x00000000
core   0: 0x80005c38 (0x024ed3b3) divu    t2, t4, tp
core   0: 3 0x80005c38 (0x024ed3b3) x 7 0x00000000
core   0: 0x80005c3c (0x010d05b3) add     a1, s10, a6
core   0: 3 0x80005c3c (0x010d05b3) x11 0x80018ce4
core   0: 0x80005c40 (0x00cf5913) srli    s2, t5, 12
core   0: 3 0x80005c40 (0x00cf5913) x18 0x00000000
core   0: 0x80005c44 (0x3d47dd17) auipc   s10, 0x3d47d
core   0: 3 0x80005c44 (0x3d47dd17) x26 0xbd482c44
core   0: 0x80005c48 (0x3932f5b7) lui     a1, 0x3932f
core   0: 3 0x80005c48 (0x3932f5b7) x11 0x3932f000
core   0: 0x80005c4c (0x00349cb3) sll     s9, s1, gp
core   0: 3 0x80005c4c (0x00349cb3) x25 0xffbc5000
core   0: 0x80005c50 (0x039df933) remu    s2, s11, s9
core   0: 3 0x80005c50 (0x039df933) x18 0x00000000
core   0: 0x80005c54 (0x029b5133) divu    sp, s6, s1
core   0: 3 0x80005c54 (0x029b5133) x 2 0x00000000
core   0: 0x80005c58 (0x01850c33) add     s8, a0, s8
core   0: 3 0x80005c58 (0x01850c33) x24 0x8c672000
core   0: 0x80005c5c (0x409a5413) srai    s0, s4, 9
core   0: 3 0x80005c5c (0x409a5413) x 8 0x00000000
core   0: 0x80005c60 (0x414fd3b3) sra     t2, t6, s4
core   0: 3 0x80005c60 (0x414fd3b3) x 7 0x00000000
core   0: 0x80005c64 (0x039e8133) mul     sp, t4, s9
core   0: 3 0x80005c64 (0x039e8133) x 2 0x00000000
core   0: 0x80005c68 (0x011028b3) slt     a7, zero, a7
core   0: 3 0x80005c68 (0x011028b3) x17 0x00000001
core   0: 0x80005c6c (0x01664033) xor     zero, a2, s6
core   0: 3 0x80005c6c (0x01664033)
core   0: 0x80005c70 (0x91f68593) addi    a1, a3, -1761
core   0: 3 0x80005c70 (0x91f68593) x11 0xfffff91f
core   0: 0x80005c74 (0x031b5cb3) divu    s9, s6, a7
core   0: 3 0x80005c74 (0x031b5cb3) x25 0x80014e64
core   0: 0x80005c78 (0x319148b7) lui     a7, 0x31914
core   0: 3 0x80005c78 (0x319148b7) x17 0x31914000
core   0: 0x80005c7c (0x0138d6b3) srl     a3, a7, s3
core   0: 3 0x80005c7c (0x0138d6b3) x13 0x18c8a000
core   0: 0x80005c80 (0xcdbd6493) ori     s1, s10, -805
core   0: 3 0x80005c80 (0xcdbd6493) x 9 0xfffffcdf
core   0: 0x80005c84 (0x008e5133) srl     sp, t3, s0
core   0: 3 0x80005c84 (0x008e5133) x 2 0xfe000000
core   0: 0x80005c88 (0x404d09b3) sub     s3, s10, tp
core   0: 3 0x80005c88 (0x404d09b3) x19 0xbd482c43
core   0: 0x80005c8c (0x01989333) sll     t1, a7, s9
core   0: 3 0x80005c8c (0x01989333) x 6 0x19140000
core   0: 0x80005c90 (0x34d67293) andi    t0, a2, 845
core   0: 3 0x80005c90 (0x34d67293) x 5 0x00000008
core   0: 0x80005c94 (0x0109dc33) srl     s8, s3, a6
core   0: 3 0x80005c94 (0x0109dc33) x24 0x0bd482c4
core   0: 0x80005c98 (0x020e1db3) mulh    s11, t3, zero
core   0: 3 0x80005c98 (0x020e1db3) x27 0x00000000
core   0: 0x80005c9c (0x6f638393) addi    t2, t2, 1782
core   0: 3 0x80005c9c (0x6f638393) x 7 0x000006f6
core   0: 0x80005ca0 (0xbcd0a793) slti    a5, ra, -1075
core   0: 3 0x80005ca0 (0xbcd0a793) x15 0x00000000
core   0: 0x80005ca4 (0x00bf8db3) add     s11, t6, a1
core   0: 3 0x80005ca4 (0x00bf8db3) x27 0xfffff91f
core   0: 0x80005ca8 (0x02b3e133) rem     sp, t2, a1
core   0: 3 0x80005ca8 (0x02b3e133) x 2 0x00000015
core   0: 0x80005cac (0x004d13b3) sll     t2, s10, tp
core   0: 3 0x80005cac (0x004d13b3) x 7 0x7a905888
core   0: 0x80005cb0 (0x009831b3) sltu    gp, a6, s1
core   0: 3 0x80005cb0 (0x009831b3) x 3 0x00000001
core   0: 0x80005cb4 (0xc9318993) addi    s3, gp, -877
core   0: 3 0x80005cb4 (0xc9318993) x19 0xfffffc94
core   0: 0x80005cb8 (0xae11ba13) sltiu   s4, gp, -1311
core   0: 3 0x80005cb8 (0xae11ba13) x20 0x00000001
core   0: 0x80005cbc (0x017e1893) slli    a7, t3, 23
core   0: 3 0x80005cbc (0x017e1893) x17 0x00000000
core   0: 0x80005cc0 (0x1e042e93) slti    t4, s0, 480
core   0: 3 0x80005cc0 (0x1e042e93) x29 0x00000001
core   0: 0x80005cc4 (0x456af017) auipc   zero, 0x456af
core   0: 3 0x80005cc4 (0x456af017)
core   0: 0x80005cc8 (0x0343ba33) mulhu   s4, t2, s4
core   0: 3 0x80005cc8 (0x0343ba33) x20 0x00000000
core   0: 0x80005ccc (0x010cd093) srli    ra, s9, 16
core   0: 3 0x80005ccc (0x010cd093) x 1 0x00008001
core   0: 0x80005cd0 (0x40e081b3) sub     gp, ra, a4
core   0: 3 0x80005cd0 (0x40e081b3) x 3 0xfa007f33
core   0: 0x80005cd4 (0x0389d733) divu    a4, s3, s8
core   0: 3 0x80005cd4 (0x0389d733) x14 0x00000015
core   0: 0x80005cd8 (0x40c45593) srai    a1, s0, 12
core   0: 3 0x80005cd8 (0x40c45593) x11 0x00000000
core   0: 0x80005cdc (0x008fef33) or      t5, t6, s0
core   0: 3 0x80005cdc (0x008fef33) x30 0x00000000
core   0: 0x80005ce0 (0x013ab233) sltu    tp, s5, s3
core   0: 3 0x80005ce0 (0x013ab233) x 4 0x00000000
core   0: 0x80005ce4 (0xf9926017) auipc   zero, 0xf9926
core   0: 3 0x80005ce4 (0xf9926017)
core   0: 0x80005ce8 (0x00d0b8b3) sltu    a7, ra, a3
core   0: 3 0x80005ce8 (0x00d0b8b3) x17 0x00000001
core   0: 0x80005cec (0x41b454b3) sra     s1, s0, s11
core   0: 3 0x80005cec (0x41b454b3) x 9 0x00000000
core   0: 0x80005cf0 (0xa61755b7) lui     a1, 0xa6175
core   0: 3 0x80005cf0 (0xa61755b7) x11 0xa6175000
core   0: 0x80005cf4 (0x039f49b3) div     s3, t5, s9
core   0: 3 0x80005cf4 (0x039f49b3) x19 0x00000000
core   0: 0x80005cf8 (0x4025d893) srai    a7, a1, 2
core   0: 3 0x80005cf8 (0x4025d893) x17 0xe985d400
core   0: 0x80005cfc (0x00e439b3) sltu    s3, s0, a4
core   0: 3 0x80005cfc (0x00e439b3) x19 0x00000001
core   0: 0x80005d00 (0x02f426b3) mulhsu  a3, s0, a5
core   0: 3 0x80005d00 (0x02f426b3) x13 0x00000000
core   0: 0x80005d04 (0x41cc0433) sub     s0, s8, t3
core   0: 3 0x80005d04 (0x41cc0433) x 8 0x0dd482c4
core   0: 0x80005d08 (0x4073d9b3) sra     s3, t2, t2
core   0: 3 0x80005d08 (0x4073d9b3) x19 0x007a9058
core   0: 0x80005d0c (0x7af20713) addi    a4, tp, 1967
core   0: 3 0x80005d0c (0x7af20713) x14 0x000007af
core   0: 0x80005d10 (0x012760b3) or      ra, a4, s2
core   0: 3 0x80005d10 (0x012760b3) x 1 0x000007af
core   0: 0x80005d14 (0x022ed4b3) divu    s1, t4, sp
core   0: 3 0x80005d14 (0x022ed4b3) x 9 0x00000000
core   0: 0x80005d18 (0x015a9eb3) sll     t4, s5, s5
core   0: 3 0x80005d18 (0x015a9eb3) x29 0x80000000
core   0: 0x80005d1c (0xbe8de317) auipc   t1, 0xbe8de
core   0: 3 0x80005d1c (0xbe8de317) x 6 0x3e8e3d1c
core   0: 0x80005d20 (0x03bacdb3) div     s11, s5, s11
core   0: 3 0x80005d20 (0x03bacdb3) x27 0x00000000
core   0: 0x80005d24 (0x01613db3) sltu    s11, sp, s6
core   0: 3 0x80005d24 (0x01613db3) x27 0x00000001
core   0: 0x80005d28 (0x028e5133) divu    sp, t3, s0
core   0: 3 0x80005d28 (0x028e5133) x 2 0x00000012
core   0: 0x80005d2c (0x4185d3b3) sra     t2, a1, s8
core   0: 3 0x80005d2c (0x4185d3b3) x 7 0xfa617500
core   0: 0x80005d30 (0x002815b3) sll     a1, a6, sp
core   0: 3 0x80005d30 (0x002815b3) x11 0x33900000
core   0: 0x80005d34 (0x49220993) addi    s3, tp, 1170
core   0: 3 0x80005d34 (0x49220993) x19 0x00000492
core   0: 0x80005d38 (0x0118c1b3) xor     gp, a7, a7
core   0: 3 0x80005d38 (0x0118c1b3) x 3 0x00000000
core   0: 0x80005d3c (0x0078ea33) or      s4, a7, t2
core   0: 3 0x80005d3c (0x0078ea33) x20 0xfbe5f500
core   0: 0x80005d40 (0x2c131217) auipc   tp, 0x2c131
core   0: 3 0x80005d40 (0x2c131217) x 4 0xac136d40
core   0: 0x80005d44 (0x03f710b3) mulh    ra, a4, t6
core   0: 3 0x80005d44 (0x03f710b3) x 1 0x00000000
core   0: 0x80005d48 (0x00000013) nop
core   0: 3 0x80005d48 (0x00000013)
core   0: 0x80005d4c (0x02e801b3) mul     gp, a6, a4
core   0: 3 0x80005d4c (0x02e801b3) x 3 0x8be98bdc
core   0: 0x80005d50 (0x41b3d8b3) sra     a7, t2, s11
core   0: 3 0x80005d50 (0x41b3d8b3) x17 0xfd30ba80
core   0: 0x80005d54 (0xe03fe937) lui     s2, 0xe03fe
core   0: 3 0x80005d54 (0xe03fe937) x18 0xe03fe000
core   0: 0x80005d58 (0x012aebb3) or      s7, s5, s2
core   0: 3 0x80005d58 (0x012aebb3) x23 0xffffffff
core   0: 0x80005d5c (0x8cd02213) slti    tp, zero, -1843
core   0: 3 0x80005d5c (0x8cd02213) x 4 0x00000000
core   0: 0x80005d60 (0x0047e233) or      tp, a5, tp
core   0: 3 0x80005d60 (0x0047e233) x 4 0x00000000
core   0: 0x80005d64 (0x03aaa4b3) mulhsu  s1, s5, s10
core   0: 3 0x80005d64 (0x03aaa4b3) x 9 0xffffffff
core   0: 0x80005d68 (0xd8637693) andi    a3, t1, -634
core   0: 3 0x80005d68 (0xd8637693) x13 0x3e8e3d04
core   0: 0x80005d6c (0x40e109b3) sub     s3, sp, a4
core   0: 3 0x80005d6c (0x40e109b3) x19 0xfffff863
core   0: 0x80005d70 (0x05c60a93) addi    s5, a2, 92
core   0: 3 0x80005d70 (0x05c60a93) x21 0x10384c64
core   0: 0x80005d74 (0x01105233) srl     tp, zero, a7
core   0: 3 0x80005d74 (0x01105233) x 4 0x00000000
core   0: 0x80005d78 (0xd1452593) slti    a1, a0, -748
core   0: 3 0x80005d78 (0xd1452593) x11 0x00000001
core   0: 0x80005d7c (0xf6c10713) addi    a4, sp, -148
core   0: 3 0x80005d7c (0xf6c10713) x14 0xffffff7e
core   0: 0x80005d80 (0xaafb0993) addi    s3, s6, -1361
core   0: 3 0x80005d80 (0xaafb0993) x19 0x80014913
core   0: 0x80005d84 (0x025265b3) rem     a1, tp, t0
core   0: 3 0x80005d84 (0x025265b3) x11 0x00000000
core   0: 0x80005d88 (0x0100e7b3) or      a5, ra, a6
core   0: 3 0x80005d88 (0x0100e7b3) x15 0x80018ce4
core   0: 0x80005d8c (0x94557c13) andi    s8, a0, -1723
core   0: 3 0x80005d8c (0x94557c13) x24 0x80000000
core   0: 0x80005d90 (0xabefc993) xori    s3, t6, -1346
core   0: 3 0x80005d90 (0xabefc993) x19 0xfffffabe
core   0: 0x80005d94 (0xe4204593) xori    a1, zero, -446
core   0: 3 0x80005d94 (0xe4204593) x11 0xfffffe42
core   0: 0x80005d98 (0xa2b46e93) ori     t4, s0, -1493
core   0: 3 0x80005d98 (0xa2b46e93) x29 0xfffffaef
core   0: 0x80005d9c (0x017353b3) srl     t2, t1, s7
core   0: 3 0x80005d9c (0x017353b3) x 7 0x00000000
core   0: 0x80005da0 (0xd15a7313) andi    t1, s4, -747
core   0: 3 0x80005da0 (0xd15a7313) x 6 0xfbe5f500
core   0: 0x80005da4 (0x0314f033) remu    zero, s1, a7
core   0: 3 0x80005da4 (0x0314f033)
core   0: 0x80005da8 (0x023b8e33) mul     t3, s7, gp
core   0: 3 0x80005da8 (0x023b8e33) x28 0x74167424
core   0: 0x80005dac (0x008f9333) sll     t1, t6, s0
core   0: 3 0x80005dac (0x008f9333) x 6 0x00000000
core   0: 0x80005db0 (0x004d5e33) srl     t3, s10, tp
core   0: 3 0x80005db0 (0x004d5e33) x28 0xbd482c44
core   0: 0x80005db4 (0x41768a33) sub     s4, a3, s7
core   0: 3 0x80005db4 (0x41768a33) x20 0x3e8e3d05
core   0: 0x80005db8 (0x00c69e33) sll     t3, a3, a2
core   0: 3 0x80005db8 (0x00c69e33) x28 0x8e3d0400
core   0: 0x80005dbc (0x41168633) sub     a2, a3, a7
core   0: 3 0x80005dbc (0x41168633) x12 0x415d8284
core   0: 0x80005dc0 (0xeba54613) xori    a2, a0, -326
core   0: 3 0x80005dc0 (0xeba54613) x12 0x7ffffeba
core   0: 0x80005dc4 (0xd093ac93) slti    s9, t2, -759
core   0: 3 0x80005dc4 (0xd093ac93) x25 0x00000000
core   0: 0x80005dc8 (0x00c3d293) srli    t0, t2, 12
core   0: 3 0x80005dc8 (0x00c3d293) x 5 0x00000000
core   0: 0x80005dcc (0x02c46933) rem     s2, s0, a2
core   0: 3 0x80005dcc (0x02c46933) x18 0x0dd482c4
core   0: 0x80005dd0 (0x40f158b3) sra     a7, sp, a5
core   0: 3 0x80005dd0 (0x40f158b3) x17 0x00000001
core   0: 0x80005dd4 (0x00a2ddb3) srl     s11, t0, a0
core   0: 3 0x80005dd4 (0x00a2ddb3) x27 0x00000000
core   0: 0x80005dd8 (0x2980c913) xori    s2, ra, 664
core   0: 3 0x80005dd8 (0x2980c913) x18 0x00000298
core   0: 0x80005ddc (0xc8422493) slti    s1, tp, -892
core   0: 3 0x80005ddc (0xc8422493) x 9 0x00000000
core   0: 0x80005de0 (0x02799233) mulh    tp, s3, t2
core   0: 3 0x80005de0 (0x02799233) x 4 0x00000000
core   0: 0x80005de4 (0xe22c8317) auipc   t1, 0xe22c8
core   0: 3 0x80005de4 (0xe22c8317) x 6 0x622cdde4
core   0: 0x80005de8 (0x007c8233) add     tp, s9, t2
core   0: 3 0x80005de8 (0x007c8233) x 4 0x00000000
core   0: 0x80005dec (0x03b26933) rem     s2, tp, s11
core   0: 3 0x80005dec (0x03b26933) x18 0x00000000
core   0: 0x80005df0 (0xadf06193) ori     gp, zero, -1313
core   0: 3 0x80005df0 (0xadf06193) x 3 0xfffffadf
core   0: 0x80005df4 (0x03cbaa33) mulhsu  s4, s7, t3
core   0: 3 0x80005df4 (0x03cbaa33) x20 0xffffffff
core   0: 0x80005df8 (0x001d9433) sll     s0, s11, ra
core   0: 3 0x80005df8 (0x001d9433) x 8 0x00000000
core   0: 0x80005dfc (0x024e2eb3) mulhsu  t4, t3, tp
core   0: 3 0x80005dfc (0x024e2eb3) x29 0x00000000
core   0: 0x80005e00 (0x01b31c93) slli    s9, t1, 27
core   0: 3 0x80005e00 (0x01b31c93) x25 0x20000000
core   0: 0x80005e04 (0x014ff1b3) and     gp, t6, s4
core   0: 3 0x80005e04 (0x014ff1b3) x 3 0x00000000
core   0: 0x80005e08 (0x49f98193) addi    gp, s3, 1183
core   0: 3 0x80005e08 (0x49f98193) x 3 0xffffff5d
core   0: 0x80005e0c (0x0256c6b3) div     a3, a3, t0
core   0: 3 0x80005e0c (0x0256c6b3) x13 0xffffffff
core   0: 0x80005e10 (0xcfdd2593) slti    a1, s10, -771
core   0: 3 0x80005e10 (0xcfdd2593) x11 0x00000001
core   0: 0x80005e14 (0x036958b3) divu    a7, s2, s6
core   0: 3 0x80005e14 (0x036958b3) x17 0x00000000
core   0: 0x80005e18 (0x0098d7b3) srl     a5, a7, s1
core   0: 3 0x80005e18 (0x0098d7b3) x15 0x00000000
core   0: 0x80005e1c (0x0327fab3) remu    s5, a5, s2
core   0: 3 0x80005e1c (0x0327fab3) x21 0x00000000
core   0: 0x80005e20 (0x3d9aa793) slti    a5, s5, 985
core   0: 3 0x80005e20 (0x3d9aa793) x15 0x00000001
core   0: 0x80005e24 (0x02d66eb3) rem     t4, a2, a3
core   0: 3 0x80005e24 (0x02d66eb3) x29 0x00000000
core   0: 0x80005e28 (0x001a5c13) srli    s8, s4, 1
core   0: 3 0x80005e28 (0x001a5c13) x24 0x7fffffff
core   0: 0x80005e2c (0x005d21b3) slt     gp, s10, t0
core   0: 3 0x80005e2c (0x005d21b3) x 3 0x00000001
core   0: 0x80005e30 (0x01131f93) slli    t6, t1, 17
core   0: 3 0x80005e30 (0x01131f93) x31 0xbbc80000
core   0: 0x80005e34 (0x00720d33) add     s10, tp, t2
core   0: 3 0x80005e34 (0x00720d33) x26 0x00000000
core   0: 0x80005e38 (0x028ca8b3) mulhsu  a7, s9, s0
core   0: 3 0x80005e38 (0x028ca8b3) x17 0x00000000
core   0: 0x80005e3c (0x0163deb3) srl     t4, t2, s6
core   0: 3 0x80005e3c (0x0163deb3) x29 0x00000000
core   0: 0x80005e40 (0x0133bf33) sltu    t5, t2, s3
core   0: 3 0x80005e40 (0x0133bf33) x30 0x00000001
core   0: 0x80005e44 (0xef1d7b93) andi    s7, s10, -271
core   0: 3 0x80005e44 (0xef1d7b93) x23 0x00000000
core   0: 0x80005e48 (0xf9d56f93) ori     t6, a0, -99
core   0: 3 0x80005e48 (0xf9d56f93) x31 0xffffff9d
core   0: 0x80005e4c (0x02336db3) rem     s11, t1, gp
core   0: 3 0x80005e4c (0x02336db3) x27 0x00000000
core   0: 0x80005e50 (0x018b6a33) or      s4, s6, s8
core   0: 3 0x80005e50 (0x018b6a33) x20 0xffffffff
core   0: 0x80005e54 (0x02ebb1b3) mulhu   gp, s7, a4
core   0: 3 0x80005e54 (0x02ebb1b3) x 3 0x00000000
core   0: 0x80005e58 (0x00c33633) sltu    a2, t1, a2
core   0: 3 0x80005e58 (0x00c33633) x12 0x00000001
core   0: 0x80005e5c (0x00105193) srli    gp, zero, 1
core   0: 3 0x80005e5c (0x00105193) x 3 0x00000000
core   0: 0x80005e60 (0x00060133) add     sp, a2, zero
core   0: 3 0x80005e60 (0x00060133) x 2 0x00000001
core   0: 0x80005e64 (0x0254ad33) mulhsu  s10, s1, t0
core   0: 3 0x80005e64 (0x0254ad33) x26 0x00000000
core   0: 0x80005e68 (0x00b2d9b3) srl     s3, t0, a1
core   0: 3 0x80005e68 (0x00b2d9b3) x19 0x00000000
core   0: 0x80005e6c (0x00da86b3) add     a3, s5, a3
core   0: 3 0x80005e6c (0x00da86b3) x13 0xffffffff
core   0: 0x80005e70 (0xd6116993) ori     s3, sp, -671
core   0: 3 0x80005e70 (0xd6116993) x19 0xfffffd61
core   0: 0x80005e74 (0x03ae57b3) divu    a5, t3, s10
core   0: 3 0x80005e74 (0x03ae57b3) x15 0xffffffff
core   0: 0x80005e78 (0x6588bc93) sltiu   s9, a7, 1624
core   0: 3 0x80005e78 (0x6588bc93) x25 0x00000001
core   0: 0x80005e7c (0x01daa2b3) slt     t0, s5, t4
core   0: 3 0x80005e7c (0x01daa2b3) x 5 0x00000000
core   0: 0x80005e80 (0x00e5a3b3) slt     t2, a1, a4
core   0: 3 0x80005e80 (0x00e5a3b3) x 7 0x00000000
core   0: 0x80005e84 (0x00e89bb3) sll     s7, a7, a4
core   0: 3 0x80005e84 (0x00e89bb3) x23 0x00000000
core   0: 0x80005e88 (0x02eb8e33) mul     t3, s7, a4
core   0: 3 0x80005e88 (0x02eb8e33) x28 0x00000000
core   0: 0x80005e8c (0x00c4f9b3) and     s3, s1, a2
core   0: 3 0x80005e8c (0x00c4f9b3) x19 0x00000000
core   0: 0x80005e90 (0x02c48933) mul     s2, s1, a2
core   0: 3 0x80005e90 (0x02c48933) x18 0x00000000
core   0: 0x80005e94 (0x011afab3) and     s5, s5, a7
core   0: 3 0x80005e94 (0x011afab3) x21 0x00000000
core   0: 0x80005e98 (0x02e4feb3) remu    t4, s1, a4
core   0: 3 0x80005e98 (0x02e4feb3) x29 0x00000000
core   0: 0x80005e9c (0x00d19593) slli    a1, gp, 13
core   0: 3 0x80005e9c (0x00d19593) x11 0x00000000
core   0: 0x80005ea0 (0x00ec1713) slli    a4, s8, 14
core   0: 3 0x80005ea0 (0x00ec1713) x14 0xffffc000
core   0: 0x80005ea4 (0x00326933) or      s2, tp, gp
core   0: 3 0x80005ea4 (0x00326933) x18 0x00000000
core   0: 0x80005ea8 (0x01deb333) sltu    t1, t4, t4
core   0: 3 0x80005ea8 (0x01deb333) x 6 0x00000000
core   0: 0x80005eac (0x0365ec33) rem     s8, a1, s6
core   0: 3 0x80005eac (0x0365ec33) x24 0x00000000
core   0: 0x80005eb0 (0xa9c66a13) ori     s4, a2, -1380
core   0: 3 0x80005eb0 (0xa9c66a13) x20 0xfffffa9d
core   0: 0x80005eb4 (0xd003b793) sltiu   a5, t2, -768
core   0: 3 0x80005eb4 (0xd003b793) x15 0x00000001
core   0: 0x80005eb8 (0x01c15933) srl     s2, sp, t3
core   0: 3 0x80005eb8 (0x01c15933) x18 0x00000001
core   0: 0x80005ebc (0x00c3b633) sltu    a2, t2, a2
core   0: 3 0x80005ebc (0x00c3b633) x12 0x00000001
core   0: 0x80005ec0 (0x00000013) nop
core   0: 3 0x80005ec0 (0x00000013)
core   0: 0x80005ec4 (0x03b75433) divu    s0, a4, s11
core   0: 3 0x80005ec4 (0x03b75433) x 8 0xffffffff
core   0: 0x80005ec8 (0x026b98b3) mulh    a7, s7, t1
core   0: 3 0x80005ec8 (0x026b98b3) x17 0x00000000
core   0: 0x80005ecc (0x024735b3) mulhu   a1, a4, tp
core   0: 3 0x80005ecc (0x024735b3) x11 0x00000000
core   0: 0x80005ed0 (0x0125d033) srl     zero, a1, s2
core   0: 3 0x80005ed0 (0x0125d033)
core   0: 0x80005ed4 (0x004d7233) and     tp, s10, tp
core   0: 3 0x80005ed4 (0x004d7233) x 4 0x00000000
core   0: 0x80005ed8 (0x41815d33) sra     s10, sp, s8
core   0: 3 0x80005ed8 (0x41815d33) x26 0x00000001
core   0: 0x80005edc (0x404a50b3) sra     ra, s4, tp
core   0: 3 0x80005edc (0x404a50b3) x 1 0xfffffa9d
core   0: 0x80005ee0 (0x3af76d93) ori     s11, a4, 943
core   0: 3 0x80005ee0 (0x3af76d93) x27 0xffffc3af
core   0: 0x80005ee4 (0x77736913) ori     s2, t1, 1911
core   0: 3 0x80005ee4 (0x77736913) x18 0x00000777
core   0: 0x80005ee8 (0x002c98b3) sll     a7, s9, sp
core   0: 3 0x80005ee8 (0x002c98b3) x17 0x00000002
core   0: 0x80005eec (0x03b640b3) div     ra, a2, s11
core   0: 3 0x80005eec (0x03b640b3) x 1 0x00000000
core   0: 0x80005ef0 (0x02f8da33) divu    s4, a7, a5
core   0: 3 0x80005ef0 (0x02f8da33) x20 0x00000002
core   0: 0x80005ef4 (0x022b37b3) mulhu   a5, s6, sp
core   0: 3 0x80005ef4 (0x022b37b3) x15 0x00000000
core   0: 0x80005ef8 (0x00cdd733) srl     a4, s11, a2
core   0: 3 0x80005ef8 (0x00cdd733) x14 0x7fffe1d7
core   0: 0x80005efc (0x1baaa697) auipc   a3, 0x1baaa
core   0: 3 0x80005efc (0x1baaa697) x13 0x9baafefc
core   0: 0x80005f00 (0x03c0d333) divu    t1, ra, t3
core   0: 3 0x80005f00 (0x03c0d333) x 6 0xffffffff
core   0: 0x80005f04 (0x004c62b3) or      t0, s8, tp
core   0: 3 0x80005f04 (0x004c62b3) x 5 0x00000000
core   0: 0x80005f08 (0x00d19e93) slli    t4, gp, 13
core   0: 3 0x80005f08 (0x00d19e93) x29 0x00000000
core   0: 0x80005f0c (0x00000013) nop
core   0: 3 0x80005f0c (0x00000013)
core   0: 0x80005f10 (0x00d22d33) slt     s10, tp, a3
core   0: 3 0x80005f10 (0x00d22d33) x26 0x00000000
core   0: 0x80005f14 (0x020ce633) rem     a2, s9, zero
core   0: 3 0x80005f14 (0x020ce633) x12 0x00000001
core   0: 0x80005f18 (0x02b61133) mulh    sp, a2, a1
core   0: 3 0x80005f18 (0x02b61133) x 2 0x00000000
core   0: 0x80005f1c (0x018a9cb3) sll     s9, s5, s8
core   0: 3 0x80005f1c (0x018a9cb3) x25 0x00000000
core   0: 0x80005f20 (0x016759b3) srl     s3, a4, s6
core   0: 3 0x80005f20 (0x016759b3) x19 0x07fffe1d
core   0: 0x80005f24 (0x015ad913) srli    s2, s5, 21
core   0: 3 0x80005f24 (0x015ad913) x18 0x00000000
core   0: 0x80005f28 (0x41d15093) srai    ra, sp, 29
core   0: 3 0x80005f28 (0x41d15093) x 1 0x00000000
core   0: 0x80005f2c (0x010fae33) slt     t3, t6, a6
core   0: 3 0x80005f2c (0x010fae33) x28 0x00000000
core   0: 0x80005f30 (0xe431d597) auipc   a1, 0xe431d
core   0: 3 0x80005f30 (0xe431d597) x11 0x64322f30
core   0: 0x80005f34 (0x008a3333) sltu    t1, s4, s0
core   0: 3 0x80005f34 (0x008a3333) x 6 0x00000001
core   0: 0x80005f38 (0x00a6d293) srli    t0, a3, 10
core   0: 3 0x80005f38 (0x00a6d293) x 5 0x0026eabf
core   0: 0x80005f3c (0x45c47993) andi    s3, s0, 1116
core   0: 3 0x80005f3c (0x45c47993) x19 0x0000045c
core   0: 0x80005f40 (0x1db1b397) auipc   t2, 0x1db1b
core   0: 3 0x80005f40 (0x1db1b397) x 7 0x9db20f40
core   0: 0x80005f44 (0x014c90b3) sll     ra, s9, s4
core   0: 3 0x80005f44 (0x014c90b3) x 1 0x00000000
core   0: 0x80005f48 (0x409e0933) sub     s2, t3, s1
core   0: 3 0x80005f48 (0x409e0933) x18 0x00000000
core   0: 0x80005f4c (0x005235b3) sltu    a1, tp, t0
core   0: 3 0x80005f4c (0x005235b3) x11 0x00000001
core   0: 0x80005f50 (0x0144f033) and     zero, s1, s4
core   0: 3 0x80005f50 (0x0144f033)
core   0: 0x80005f54 (0x89425d97) auipc   s11, 0x89425
core   0: 3 0x80005f54 (0x89425d97) x27 0x0942af54
core   0: 0x80005f58 (0x0102be33) sltu    t3, t0, a6
core   0: 3 0x80005f58 (0x0102be33) x28 0x00000001
core   0: 0x80005f5c (0x65b4fd13) andi    s10, s1, 1627
core   0: 3 0x80005f5c (0x65b4fd13) x26 0x00000000
core   0: 0x80005f60 (0x7319ca13) xori    s4, s3, 1841
core   0: 3 0x80005f60 (0x7319ca13) x20 0x0000036d
core   0: 0x80005f64 (0x00000013) nop
core   0: 3 0x80005f64 (0x00000013)
core   0: 0x80005f68 (0x0357d133) divu    sp, a5, s5
core   0: 3 0x80005f68 (0x0357d133) x 2 0xffffffff
core   0: 0x80005f6c (0x4d389a17) auipc   s4, 0x4d389
core   0: 3 0x80005f6c (0x4d389a17) x20 0xcd38ef6c
core   0: 0x80005f70 (0x0240d6b3) divu    a3, ra, tp
core   0: 3 0x80005f70 (0x0240d6b3) x13 0xffffffff
core   0: 0x80005f74 (0xdafc2d37) lui     s10, 0xdafc2
core   0: 3 0x80005f74 (0xdafc2d37) x26 0xdafc2000
core   0: 0x80005f78 (0x01310bb3) add     s7, sp, s3
core   0: 3 0x80005f78 (0x01310bb3) x23 0x0000045b
core   0: 0x80005f7c (0x01dd5f13) srli    t5, s10, 29
core   0: 3 0x80005f7c (0x01dd5f13) x30 0x00000006
core   0: 0x80005f80 (0x019fe733) or      a4, t6, s9
core   0: 3 0x80005f80 (0x019fe733) x14 0xffffff9d
core   0: 0x80005f84 (0x02b5b733) mulhu   a4, a1, a1
core   0: 3 0x80005f84 (0x02b5b733) x14 0x00000000
core   0: 0x80005f88 (0xc5a62193) slti    gp, a2, -934
core   0: 3 0x80005f88 (0xc5a62193) x 3 0x00000000
core   0: 0x80005f8c (0x41a8d913) srai    s2, a7, 26
core   0: 3 0x80005f8c (0x41a8d913) x18 0x00000000
core   0: 0x80005f90 (0x02f3dcb3) divu    s9, t2, a5
core   0: 3 0x80005f90 (0x02f3dcb3) x25 0xffffffff
core   0: 0x80005f94 (0x032b01b3) mul     gp, s6, s2
core   0: 3 0x80005f94 (0x032b01b3) x 3 0x00000000
core   0: 0x80005f98 (0x00879033) sll     zero, a5, s0
core   0: 3 0x80005f98 (0x00879033)
core   0: 0x80005f9c (0x024eaab3) mulhsu  s5, t4, tp
core   0: 3 0x80005f9c (0x024eaab3) x21 0x00000000
core   0: 0x80005fa0 (0x007c22b3) slt     t0, s8, t2
core   0: 3 0x80005fa0 (0x007c22b3) x 5 0x00000000
core   0: 0x80005fa4 (0x9534e913) ori     s2, s1, -1709
core   0: 3 0x80005fa4 (0x9534e913) x18 0xfffff953
core   0: 0x80005fa8 (0x021a4433) div     s0, s4, ra
core   0: 3 0x80005fa8 (0x021a4433) x 8 0xffffffff
core   0: 0x80005fac (0x02e15db3) divu    s11, sp, a4
core   0: 3 0x80005fac (0x02e15db3) x27 0xffffffff
core   0: 0x80005fb0 (0xc1f7f293) andi    t0, a5, -993
core   0: 3 0x80005fb0 (0xc1f7f293) x 5 0x00000000
core   0: 0x80005fb4 (0x16092bb7) lui     s7, 0x16092
core   0: 3 0x80005fb4 (0x16092bb7) x23 0x16092000
core   0: 0x80005fb8 (0xd77f7d93) andi    s11, t5, -649
core   0: 3 0x80005fb8 (0xd77f7d93) x27 0x00000006
core   0: 0x80005fbc (0x00000013) nop
core   0: 3 0x80005fbc (0x00000013)
core   0: 0x80005fc0 (0x40578733) sub     a4, a5, t0
core   0: 3 0x80005fc0 (0x40578733) x14 0x00000000
core   0: 0x80005fc4 (0xc2dd8f13) addi    t5, s11, -979
core   0: 3 0x80005fc4 (0xc2dd8f13) x30 0xfffffc33
core   0: 0x80005fc8 (0xcfc48593) addi    a1, s1, -772
core   0: 3 0x80005fc8 (0xcfc48593) x11 0xfffffcfc
core   0: 0x80005fcc (0xa7b3a113) slti    sp, t2, -1413
core   0: 3 0x80005fcc (0xa7b3a113) x 2 0x00000001
core   0: 0x80005fd0 (0x001ad093) srli    ra, s5, 1
core   0: 3 0x80005fd0 (0x001ad093) x 1 0x00000000
core   0: 0x80005fd4 (0xcfa30e93) addi    t4, t1, -774
core   0: 3 0x80005fd4 (0xcfa30e93) x29 0xfffffcfb
core   0: 0x80005fd8 (0x00605633) srl     a2, zero, t1
core   0: 3 0x80005fd8 (0x00605633) x12 0x00000000
core   0: 0x80005fdc (0x011ac3b3) xor     t2, s5, a7
core   0: 3 0x80005fdc (0x011ac3b3) x 7 0x00000002
core   0: 0x80005fe0 (0x0013d733) srl     a4, t2, ra
core   0: 3 0x80005fe0 (0x0013d733) x14 0x00000002
core   0: 0x80005fe4 (0x02c92cb3) mulhsu  s9, s2, a2
core   0: 3 0x80005fe4 (0x02c92cb3) x25 0x00000000
core   0: 0x80005fe8 (0xcc8a4697) auipc   a3, 0xcc8a4
core   0: 3 0x80005fe8 (0xcc8a4697) x13 0x4c8a9fe8
core   0: 0x80005fec (0xb4f38793) addi    a5, t2, -1201
core   0: 3 0x80005fec (0xb4f38793) x15 0xfffffb51
core   0: 0x80005ff0 (0x4051d993) srai    s3, gp, 5
core   0: 3 0x80005ff0 (0x4051d993) x19 0x00000000
core   0: 0x80005ff4 (0x14eef913) andi    s2, t4, 334
core   0: 3 0x80005ff4 (0x14eef913) x18 0x0000004a
core   0: 0x80005ff8 (0x03dad9b3) divu    s3, s5, t4
core   0: 3 0x80005ff8 (0x03dad9b3) x19 0x00000000
core   0: 0x80005ffc (0x01f79d33) sll     s10, a5, t6
core   0: 3 0x80005ffc (0x01f79d33) x26 0x20000000
core   0: 0x80006000 (0x0000c333) xor     t1, ra, zero
core   0: 3 0x80006000 (0x0000c333) x 6 0x00000000
core   0: 0x80006004 (0x005d9d93) slli    s11, s11, 5
core   0: 3 0x80006004 (0x005d9d93) x27 0x000000c0
core   0: 0x80006008 (0x025de2b3) rem     t0, s11, t0
core   0: 3 0x80006008 (0x025de2b3) x 5 0x000000c0
core   0: 0x8000600c (0x407b8333) sub     t1, s7, t2
core   0: 3 0x8000600c (0x407b8333) x 6 0x16091ffe
core   0: 0x80006010 (0x019a3cb3) sltu    s9, s4, s9
core   0: 3 0x80006010 (0x019a3cb3) x25 0x00000000
core   0: 0x80006014 (0x011a06b3) add     a3, s4, a7
core   0: 3 0x80006014 (0x011a06b3) x13 0xcd38ef6e
core   0: 0x80006018 (0x8e380393) addi    t2, a6, -1821
core   0: 3 0x80006018 (0x8e380393) x 7 0x800185c7
core   0: 0x8000601c (0x361f47b7) lui     a5, 0x361f4
core   0: 3 0x8000601c (0x361f47b7) x15 0x361f4000
core   0: 0x80006020 (0x017d2eb3) slt     t4, s10, s7
core   0: 3 0x80006020 (0x017d2eb3) x29 0x00000000
core   0: 0x80006024 (0x019a5213) srli    tp, s4, 25
core   0: 3 0x80006024 (0x019a5213) x 4 0x00000066
core   0: 0x80006028 (0x401edd33) sra     s10, t4, ra
core   0: 3 0x80006028 (0x401edd33) x26 0x00000000
core   0: 0x8000602c (0x018f9913) slli    s2, t6, 24
core   0: 3 0x8000602c (0x018f9913) x18 0x9d000000
core   0: 0x80006030 (0x00000013) nop
core   0: 3 0x80006030 (0x00000013)
core   0: 0x80006034 (0x41908333) sub     t1, ra, s9
core   0: 3 0x80006034 (0x41908333) x 6 0x00000000
core   0: 0x80006038 (0x026fb733) mulhu   a4, t6, t1
core   0: 3 0x80006038 (0x026fb733) x14 0x00000000
core   0: 0x8000603c (0x00b9ac33) slt     s8, s3, a1
core   0: 3 0x8000603c (0x00b9ac33) x24 0x00000000
core   0: 0x80006040 (0x97fcc293) xori    t0, s9, -1665
core   0: 3 0x80006040 (0x97fcc293) x 5 0xfffff97f
core   0: 0x80006044 (0xd8210213) addi    tp, sp, -638
core   0: 3 0x80006044 (0xd8210213) x 4 0xfffffd83
core   0: 0x80006048 (0x40995d33) sra     s10, s2, s1
core   0: 3 0x80006048 (0x40995d33) x26 0x9d000000
core   0: 0x8000604c (0x02703d33) mulhu   s10, zero, t2
core   0: 3 0x8000604c (0x02703d33) x26 0x00000000
core   0: 0x80006050 (0x03541633) mulh    a2, s0, s5
core   0: 3 0x80006050 (0x03541633) x12 0x00000000
core   0: 0x80006054 (0x01e2dc13) srli    s8, t0, 30
core   0: 3 0x80006054 (0x01e2dc13) x24 0x00000003
core   0: 0x80006058 (0xbef0e293) ori     t0, ra, -1041
core   0: 3 0x80006058 (0xbef0e293) x 5 0xfffffbef
core   0: 0x8000605c (0x01663fb3) sltu    t6, a2, s6
core   0: 3 0x8000605c (0x01663fb3) x31 0x00000001
core   0: 0x80006060 (0x2d8f7b93) andi    s7, t5, 728
core   0: 3 0x80006060 (0x2d8f7b93) x23 0x00000010
core   0: 0x80006064 (0x002279b3) and     s3, tp, sp
core   0: 3 0x80006064 (0x002279b3) x19 0x00000001
core   0: 0x80006068 (0xd46f0593) addi    a1, t5, -698
core   0: 3 0x80006068 (0xd46f0593) x11 0xfffff979
core   0: 0x8000606c (0x392b0013) addi    zero, s6, 914
core   0: 3 0x8000606c (0x392b0013)
core   0: 0x80006070 (0x0259c233) div     tp, s3, t0
core   0: 3 0x80006070 (0x0259c233) x 4 0x00000000
core   0: 0x80006074 (0x4183dd13) srai    s10, t2, 24
core   0: 3 0x80006074 (0x4183dd13) x26 0xffffff80
core   0: 0x80006078 (0x002ce7b3) or      a5, s9, sp
core   0: 3 0x80006078 (0x002ce7b3) x15 0x00000001
core   0: 0x8000607c (0xf5610413) addi    s0, sp, -170
core   0: 3 0x8000607c (0xf5610413) x 8 0xffffff57
core   0: 0x80006080 (0x0190fd33) and     s10, ra, s9
core   0: 3 0x80006080 (0x0190fd33) x26 0x00000000
core   0: 0x80006084 (0x039c9933) mulh    s2, s9, s9
core   0: 3 0x80006084 (0x039c9933) x18 0x00000000
core   0: 0x80006088 (0x001ae2b3) or      t0, s5, ra
core   0: 3 0x80006088 (0x001ae2b3) x 5 0x00000000
core   0: 0x8000608c (0x26c8a913) slti    s2, a7, 620
core   0: 3 0x8000608c (0x26c8a913) x18 0x00000001
core   0: 0x80006090 (0x03448bb3) mul     s7, s1, s4
core   0: 3 0x80006090 (0x03448bb3) x23 0x00000000
core   0: 0x80006094 (0x1106a413) slti    s0, a3, 272
core   0: 3 0x80006094 (0x1106a413) x 8 0x00000001
core   0: 0x80006098 (0x00fd4f33) xor     t5, s10, a5
core   0: 3 0x80006098 (0x00fd4f33) x30 0x00000001
core   0: 0x8000609c (0x0191d713) srli    a4, gp, 25
core   0: 3 0x8000609c (0x0191d713) x14 0x00000000
core   0: 0x800060a0 (0x024829b3) mulhsu  s3, a6, tp
core   0: 3 0x800060a0 (0x024829b3) x19 0x00000000
core   0: 0x800060a4 (0x00e82db3) slt     s11, a6, a4
core   0: 3 0x800060a4 (0x00e82db3) x27 0x00000001
core   0: 0x800060a8 (0x00569a93) slli    s5, a3, 5
core   0: 3 0x800060a8 (0x00569a93) x21 0xa71dedc0
core   0: 0x800060ac (0x02c76bb3) rem     s7, a4, a2
core   0: 3 0x800060ac (0x02c76bb3) x23 0x00000000
core   0: 0x800060b0 (0xdbaa5117) auipc   sp, 0xdbaa5
core   0: 3 0x800060b0 (0xdbaa5117) x 2 0x5baab0b0
core   0: 0x800060b4 (0x401c56b3) sra     a3, s8, ra
core   0: 3 0x800060b4 (0x401c56b3) x13 0x00000003
core   0: 0x800060b8 (0x016585b3) add     a1, a1, s6
core   0: 3 0x800060b8 (0x016585b3) x11 0x800147dd
core   0: 0x800060bc (0x0265e1b3) rem     gp, a1, t1
core   0: 3 0x800060bc (0x0265e1b3) x 3 0x800147dd
core   0: 0x800060c0 (0x03b27ab3) remu    s5, tp, s11
core   0: 3 0x800060c0 (0x03b27ab3) x21 0x00000000
core   0: 0x800060c4 (0x02c14cb3) div     s9, sp, a2
core   0: 3 0x800060c4 (0x02c14cb3) x25 0xffffffff
core   0: 0x800060c8 (0x009a4eb3) xor     t4, s4, s1
core   0: 3 0x800060c8 (0x009a4eb3) x29 0xcd38ef6c
core   0: 0x800060cc (0x03f34db3) div     s11, t1, t6
core   0: 3 0x800060cc (0x03f34db3) x27 0x00000000
core   0: 0x800060d0 (0x00168ab3) add     s5, a3, ra
core   0: 3 0x800060d0 (0x00168ab3) x21 0x00000003
core   0: 0x800060d4 (0x00e09c13) slli    s8, ra, 14
core   0: 3 0x800060d4 (0x00e09c13) x24 0x00000000
core   0: 0x800060d8 (0x00867133) and     sp, a2, s0
core   0: 3 0x800060d8 (0x00867133) x 2 0x00000000
core   0: 0x800060dc (0x023557b3) divu    a5, a0, gp
core   0: 3 0x800060dc (0x023557b3) x15 0x00000000
core   0: 0x800060e0 (0x009bb6b3) sltu    a3, s7, s1
core   0: 3 0x800060e0 (0x009bb6b3) x13 0x00000000
core   0: 0x800060e4 (0x0088d693) srli    a3, a7, 8
core   0: 3 0x800060e4 (0x0088d693) x13 0x00000000
core   0: 0x800060e8 (0xf5f80113) addi    sp, a6, -161
core   0: 3 0x800060e8 (0xf5f80113) x 2 0x80018c43
core   0: 0x800060ec (0x7c262713) slti    a4, a2, 1986
core   0: 3 0x800060ec (0x7c262713) x14 0x00000001
core   0: 0x800060f0 (0x00000013) nop
core   0: 3 0x800060f0 (0x00000013)
core   0: 0x800060f4 (0x00325c33) srl     s8, tp, gp
core   0: 3 0x800060f4 (0x00325c33) x24 0x00000000
core   0: 0x800060f8 (0x033ecd33) div     s10, t4, s3
core   0: 3 0x800060f8 (0x033ecd33) x26 0xffffffff
core   0: 0x800060fc (0x0396e4b3) rem     s1, a3, s9
core   0: 3 0x800060fc (0x0396e4b3) x 9 0x00000000
core   0: 0x80006100 (0x000bc5b3) xor     a1, s7, zero
core   0: 3 0x80006100 (0x000bc5b3) x11 0x00000000
core   0: 0x80006104 (0x0105d693) srli    a3, a1, 16
core   0: 3 0x80006104 (0x0105d693) x13 0x00000000
core   0: 0x80006108 (0x01d9b333) sltu    t1, s3, t4
core   0: 3 0x80006108 (0x01d9b333) x 6 0x00000001
core   0: 0x8000610c (0x24da7a13) andi    s4, s4, 589
core   0: 3 0x8000610c (0x24da7a13) x20 0x0000024c
core   0: 0x80006110 (0x02eaf7b3) remu    a5, s5, a4
core   0: 3 0x80006110 (0x02eaf7b3) x15 0x00000000
core   0: 0x80006114 (0x01301433) sll     s0, zero, s3
core   0: 3 0x80006114 (0x01301433) x 8 0x00000000
core   0: 0x80006118 (0x03ee6eb3) rem     t4, t3, t5
core   0: 3 0x80006118 (0x03ee6eb3) x29 0x00000000
core   0: 0x8000611c (0x325d7297) auipc   t0, 0x325d7
core   0: 3 0x8000611c (0x325d7297) x 5 0xb25dd11c
core   0: 0x80006120 (0x034cfe33) remu    t3, s9, s4
core   0: 3 0x80006120 (0x034cfe33) x28 0x00000057
core   0: 0x80006124 (0x00959933) sll     s2, a1, s1
core   0: 3 0x80006124 (0x00959933) x18 0x00000000
core   0: 0x80006128 (0x03c979b3) remu    s3, s2, t3
core   0: 3 0x80006128 (0x03c979b3) x19 0x00000000
core   0: 0x8000612c (0x02587133) remu    sp, a6, t0
core   0: 3 0x8000612c (0x02587133) x 2 0x80018ce4
core   0: 0x80006130 (0x02f3e433) rem     s0, t2, a5
core   0: 3 0x80006130 (0x02f3e433) x 8 0x800185c7
core   0: 0x80006134 (0x410b8933) sub     s2, s7, a6
core   0: 3 0x80006134 (0x410b8933) x18 0x7ffe731c
core   0: 0x80006138 (0x01df4633) xor     a2, t5, t4
core   0: 3 0x80006138 (0x01df4633) x12 0x00000001
core   0: 0x8000613c (0x1bbb4a13) xori    s4, s6, 443
core   0: 3 0x8000613c (0x1bbb4a13) x20 0x80014fdf
core   0: 0x80006140 (0x01436333) or      t1, t1, s4
core   0: 3 0x80006140 (0x01436333) x 6 0x80014fdf
core   0: 0x80006144 (0x4f32e293) ori     t0, t0, 1267
core   0: 3 0x80006144 (0x4f32e293) x 5 0xb25dd5ff
core   0: 0x80006148 (0x011c60b3) or      ra, s8, a7
core   0: 3 0x80006148 (0x011c60b3) x 1 0x00000002
core   0: 0x8000614c (0x0080b633) sltu    a2, ra, s0
core   0: 3 0x8000614c (0x0080b633) x12 0x00000001
core   0: 0x80006150 (0x038423b3) mulhsu  t2, s0, s8
core   0: 3 0x80006150 (0x038423b3) x 7 0x00000000
core   0: 0x80006154 (0x79946037) lui     zero, 0x79946
core   0: 3 0x80006154 (0x79946037)
core   0: 0x80006158 (0x1b32bd13) sltiu   s10, t0, 435
core   0: 3 0x80006158 (0x1b32bd13) x26 0x00000000
core   0: 0x8000615c (0x038aaf33) mulhsu  t5, s5, s8
core   0: 3 0x8000615c (0x038aaf33) x30 0x00000000
core   0: 0x80006160 (0x4180d713) srai    a4, ra, 24
core   0: 3 0x80006160 (0x4180d713) x14 0x00000000
core   0: 0x80006164 (0x401c8ab3) sub     s5, s9, ra
core   0: 3 0x80006164 (0x401c8ab3) x21 0xfffffffd
core   0: 0x80006168 (0x0dd78717) auipc   a4, 0xdd78
core   0: 3 0x80006168 (0x0dd78717) x14 0x8dd7e168
core   0: 0x8000616c (0x036118b3) mulh    a7, sp, s6
core   0: 3 0x8000616c (0x036118b3) x17 0x3ffe925e
core   0: 0x80006170 (0x012c9eb3) sll     t4, s9, s2
core   0: 3 0x80006170 (0x012c9eb3) x29 0xf0000000
core   0: 0x80006174 (0x0016a933) slt     s2, a3, ra
core   0: 3 0x80006174 (0x0016a933) x18 0x00000001
core   0: 0x80006178 (0x019bb433) sltu    s0, s7, s9
core   0: 3 0x80006178 (0x019bb433) x 8 0x00000001
core   0: 0x8000617c (0x00b75d33) srl     s10, a4, a1
core   0: 3 0x8000617c (0x00b75d33) x26 0x8dd7e168
core   0: 0x80006180 (0x037968b3) rem     a7, s2, s7
core   0: 3 0x80006180 (0x037968b3) x17 0x00000001
core   0: 0x80006184 (0x40448033) sub     zero, s1, tp
core   0: 3 0x80006184 (0x40448033)
core   0: 0x80006188 (0x0229b433) mulhu   s0, s3, sp
core   0: 3 0x80006188 (0x0229b433) x 8 0x00000000
core   0: 0x8000618c (0x03608633) mul     a2, ra, s6
core   0: 3 0x8000618c (0x03608633) x12 0x00029cc8
core   0: 0x80006190 (0x01739a13) slli    s4, t2, 23
core   0: 3 0x80006190 (0x01739a13) x20 0x00000000
core   0: 0x80006194 (0x02523c33) mulhu   s8, tp, t0
core   0: 3 0x80006194 (0x02523c33) x24 0x00000000
core   0: 0x80006198 (0x00b73033) sltu    zero, a4, a1
core   0: 3 0x80006198 (0x00b73033)
core   0: 0x8000619c (0x00d36a33) or      s4, t1, a3
core   0: 3 0x8000619c (0x00d36a33) x20 0x80014fdf
core   0: 0x800061a0 (0x00000013) nop
core   0: 3 0x800061a0 (0x00000013)
core   0: 0x800061a4 (0x813b3893) sltiu   a7, s6, -2029
core   0: 3 0x800061a4 (0x813b3893) x17 0x00000001
core   0: 0x800061a8 (0x00a31a13) slli    s4, t1, 10
core   0: 3 0x800061a8 (0x00a31a13) x20 0x053f7c00
core   0: 0x800061ac (0x0079dd33) srl     s10, s3, t2
core   0: 3 0x800061ac (0x0079dd33) x26 0x00000000
core   0: 0x800061b0 (0x01ace333) or      t1, s9, s10
core   0: 3 0x800061b0 (0x01ace333) x 6 0xffffffff
core   0: 0x800061b4 (0x03d2e133) rem     sp, t0, t4
core   0: 3 0x800061b4 (0x03d2e133) x 2 0xf25dd5ff
core   0: 0x800061b8 (0x00481a33) sll     s4, a6, tp
core   0: 3 0x800061b8 (0x00481a33) x20 0x80018ce4
core   0: 0x800061bc (0x027ed033) divu    zero, t4, t2
core   0: 3 0x800061bc (0x027ed033)
core   0: 0x800061c0 (0x01be96b3) sll     a3, t4, s11
core   0: 3 0x800061c0 (0x01be96b3) x13 0xf0000000
core   0: 0x800061c4 (0x00b3c613) xori    a2, t2, 11
core   0: 3 0x800061c4 (0x00b3c613) x12 0x0000000b
core   0: 0x800061c8 (0x010526b3) slt     a3, a0, a6
core   0: 3 0x800061c8 (0x010526b3) x13 0x00000001
core   0: 0x800061cc (0x00d05133) srl     sp, zero, a3
core   0: 3 0x800061cc (0x00d05133) x 2 0x00000000
core   0: 0x800061d0 (0xb5d4ec97) auipc   s9, 0xb5d4e
core   0: 3 0x800061d0 (0xb5d4ec97) x25 0x35d541d0
core   0: 0x800061d4 (0x4015d1b3) sra     gp, a1, ra
core   0: 3 0x800061d4 (0x4015d1b3) x 3 0x00000000
core   0: 0x800061d8 (0x00000013) nop
core   0: 3 0x800061d8 (0x00000013)
core   0: 0x800061dc (0x40ebd2b3) sra     t0, s7, a4
core   0: 3 0x800061dc (0x40ebd2b3) x 5 0x00000000
core   0: 0x800061e0 (0x41a4d613) srai    a2, s1, 26
core   0: 3 0x800061e0 (0x41a4d613) x12 0x00000000
core   0: 0x800061e4 (0x01bd44b3) xor     s1, s10, s11
core   0: 3 0x800061e4 (0x01bd44b3) x 9 0x00000000
core   0: 0x800061e8 (0x02c16433) rem     s0, sp, a2
core   0: 3 0x800061e8 (0x02c16433) x 8 0x00000000
core   0: 0x800061ec (0xa05cdf97) auipc   t6, 0xa05cd
core   0: 3 0x800061ec (0xa05cdf97) x31 0x205d31ec
core   0: 0x800061f0 (0x9f7d0593) addi    a1, s10, -1545
core   0: 3 0x800061f0 (0x9f7d0593) x11 0xfffff9f7
core   0: 0x800061f4 (0x00000013) nop
core   0: 3 0x800061f4 (0x00000013)
core   0: 0x800061f8 (0x01c73733) sltu    a4, a4, t3
core   0: 3 0x800061f8 (0x01c73733) x14 0x00000000
core   0: 0x800061fc (0x01e31233) sll     tp, t1, t5
core   0: 3 0x800061fc (0x01e31233) x 4 0xffffffff
core   0: 0x80006200 (0xd78d4613) xori    a2, s10, -648
core   0: 3 0x80006200 (0xd78d4613) x12 0xfffffd78
core   0: 0x80006204 (0x003ed1b3) srl     gp, t4, gp
core   0: 3 0x80006204 (0x003ed1b3) x 3 0xf0000000
core   0: 0x80006208 (0x00beebb3) or      s7, t4, a1
core   0: 3 0x80006208 (0x00beebb3) x23 0xfffff9f7
core   0: 0x8000620c (0x023df6b3) remu    a3, s11, gp
core   0: 3 0x8000620c (0x023df6b3) x13 0x00000000
core   0: 0x80006210 (0x020484b3) mul     s1, s1, zero
core   0: 3 0x80006210 (0x020484b3) x 9 0x00000000
core   0: 0x80006214 (0x008b9f33) sll     t5, s7, s0
core   0: 3 0x80006214 (0x008b9f33) x30 0xfffff9f7
core   0: 0x80006218 (0xb3e652b7) lui     t0, 0xb3e65
core   0: 3 0x80006218 (0xb3e652b7) x 5 0xb3e65000
core   0: 0x8000621c (0xfd589a17) auipc   s4, 0xfd589
core   0: 3 0x8000621c (0xfd589a17) x20 0x7d58f21c
core   0: 0x80006220 (0x00000013) nop
core   0: 3 0x80006220 (0x00000013)
core   0: 0x80006224 (0x03f1ba33) mulhu   s4, gp, t6
core   0: 3 0x80006224 (0x03f1ba33) x20 0x1e575ecd
core   0: 0x80006228 (0x020e43b3) div     t2, t3, zero
core   0: 3 0x80006228 (0x020e43b3) x 7 0xffffffff
core   0: 0x8000622c (0x01d999b3) sll     s3, s3, t4
core   0: 3 0x8000622c (0x01d999b3) x19 0x00000000
core   0: 0x80006230 (0x409d5e93) srai    t4, s10, 9
core   0: 3 0x80006230 (0x409d5e93) x29 0x00000000
core   0: 0x80006234 (0x038bd933) divu    s2, s7, s8
core   0: 3 0x80006234 (0x038bd933) x18 0xffffffff
core   0: 0x80006238 (0x00000013) nop
core   0: 3 0x80006238 (0x00000013)
core   0: 0x8000623c (0x001763b3) or      t2, a4, ra
core   0: 3 0x8000623c (0x001763b3) x 7 0x00000002
core   0: 0x80006240 (0x0085c133) xor     sp, a1, s0
core   0: 3 0x80006240 (0x0085c133) x 2 0xfffff9f7
core   0: 0x80006244 (0x034ee8b3) rem     a7, t4, s4
core   0: 3 0x80006244 (0x034ee8b3) x17 0x00000000
core   0: 0x80006248 (0xeff4c993) xori    s3, s1, -257
core   0: 3 0x80006248 (0xeff4c993) x19 0xfffffeff
core   0: 0x8000624c (0x006975b3) and     a1, s2, t1
core   0: 3 0x8000624c (0x006975b3) x11 0xffffffff
core   0: 0x80006250 (0x0387c8b3) div     a7, a5, s8
core   0: 3 0x80006250 (0x0387c8b3) x17 0xffffffff
core   0: 0x80006254 (0x014c7c33) and     s8, s8, s4
core   0: 3 0x80006254 (0x014c7c33) x24 0x00000000
core   0: 0x80006258 (0x01deb3b3) sltu    t2, t4, t4
core   0: 3 0x80006258 (0x01deb3b3) x 7 0x00000000
core   0: 0x8000625c (0xec94f413) andi    s0, s1, -311
core   0: 3 0x8000625c (0xec94f413) x 8 0x00000000
core   0: 0x80006260 (0x9c58b713) sltiu   a4, a7, -1595
core   0: 3 0x80006260 (0x9c58b713) x14 0x00000000
core   0: 0x80006264 (0x409e5093) srai    ra, t3, 9
core   0: 3 0x80006264 (0x409e5093) x 1 0x00000000
core   0: 0x80006268 (0x88378437) lui     s0, 0x88378
core   0: 3 0x80006268 (0x88378437) x 8 0x88378000
core   0: 0x8000626c (0x023c8db3) mul     s11, s9, gp
core   0: 3 0x8000626c (0x023c8db3) x27 0x00000000
core   0: 0x80006270 (0x025d2d33) mulhsu  s10, s10, t0
core   0: 3 0x80006270 (0x025d2d33) x26 0x00000000
core   0: 0x80006274 (0x03f88db3) mul     s11, a7, t6
core   0: 3 0x80006274 (0x03f88db3) x27 0xdfa2ce14
core   0: 0x80006278 (0x419fdc13) srai    s8, t6, 25
core   0: 3 0x80006278 (0x419fdc13) x24 0x00000010
core   0: 0x8000627c (0x0054f633) and     a2, s1, t0
core   0: 3 0x8000627c (0x0054f633) x12 0x00000000
core   0: 0x80006280 (0x0312c733) div     a4, t0, a7
core   0: 3 0x80006280 (0x0312c733) x14 0x4c19b000
core   0: 0x80006284 (0x02958fb3) mul     t6, a1, s1
core   0: 3 0x80006284 (0x02958fb3) x31 0x00000000
core   0: 0x80006288 (0x003198b3) sll     a7, gp, gp
core   0: 3 0x80006288 (0x003198b3) x17 0xf0000000
core   0: 0x8000628c (0x029567b3) rem     a5, a0, s1
core   0: 3 0x8000628c (0x029567b3) x15 0x80000000
core   0: 0x80006290 (0xd1df8237) lui     tp, 0xd1df8
core   0: 3 0x80006290 (0xd1df8237) x 4 0xd1df8000
core   0: 0x80006294 (0x41a481b3) sub     gp, s1, s10
core   0: 3 0x80006294 (0x41a481b3) x 3 0x00000000
core   0: 0x80006298 (0x00c57f33) and     t5, a0, a2
core   0: 3 0x80006298 (0x00c57f33) x30 0x00000000
core   0: 0x8000629c (0x6ed26713) ori     a4, tp, 1773
core   0: 3 0x8000629c (0x6ed26713) x14 0xd1df86ed
core   0: 0x800062a0 (0x013b5fb3) srl     t6, s6, s3
core   0: 3 0x800062a0 (0x013b5fb3) x31 0x00000001
core   0: 0x800062a4 (0x34edff93) andi    t6, s11, 846
core   0: 3 0x800062a4 (0x34edff93) x31 0x00000204
core   0: 0x800062a8 (0x019fb4b3) sltu    s1, t6, s9
core   0: 3 0x800062a8 (0x019fb4b3) x 9 0x00000001
core   0: 0x800062ac (0x010906b3) add     a3, s2, a6
core   0: 3 0x800062ac (0x010906b3) x13 0x80018ce3
core   0: 0x800062b0 (0x0063fc33) and     s8, t2, t1
core   0: 3 0x800062b0 (0x0063fc33) x24 0x00000000
core   0: 0x800062b4 (0x01d92cb3) slt     s9, s2, t4
core   0: 3 0x800062b4 (0x01d92cb3) x25 0x00000001
core   0: 0x800062b8 (0x00c014b3) sll     s1, zero, a2
core   0: 3 0x800062b8 (0x00c014b3) x 9 0x00000000
core   0: 0x800062bc (0x014fae33) slt     t3, t6, s4
core   0: 3 0x800062bc (0x014fae33) x28 0x00000001
core   0: 0x800062c0 (0x408482b3) sub     t0, s1, s0
core   0: 3 0x800062c0 (0x408482b3) x 5 0x77c88000
core   0: 0x800062c4 (0xf9792d13) slti    s10, s2, -105
core   0: 3 0x800062c4 (0xf9792d13) x26 0x00000000
core   0: 0x800062c8 (0x03e549b3) div     s3, a0, t5
core   0: 3 0x800062c8 (0x03e549b3) x19 0xffffffff
core   0: 0x800062cc (0x41d35793) srai    a5, t1, 29
core   0: 3 0x800062cc (0x41d35793) x15 0xffffffff
core   0: 0x800062d0 (0x00f9f933) and     s2, s3, a5
core   0: 3 0x800062d0 (0x00f9f933) x18 0xffffffff
core   0: 0x800062d4 (0x4ada7693) andi    a3, s4, 1197
core   0: 3 0x800062d4 (0x4ada7693) x13 0x0000048d
core   0: 0x800062d8 (0x03ccccb3) div     s9, s9, t3
core   0: 3 0x800062d8 (0x03ccccb3) x25 0x00000001
core   0: 0x800062dc (0x6b7b3613) sltiu   a2, s6, 1719
core   0: 3 0x800062dc (0x6b7b3613) x12 0x00000000
core   0: 0x800062e0 (0x4019d5b3) sra     a1, s3, ra
core   0: 3 0x800062e0 (0x4019d5b3) x11 0xffffffff
core   0: 0x800062e4 (0x4d977e93) andi    t4, a4, 1241
core   0: 3 0x800062e4 (0x4d977e93) x29 0x000004c9
core   0: 0x800062e8 (0x00d90133) add     sp, s2, a3
core   0: 3 0x800062e8 (0x00d90133) x 2 0x0000048c
core   0: 0x800062ec (0xd23bb213) sltiu   tp, s7, -733
core   0: 3 0x800062ec (0xd23bb213) x 4 0x00000001
core   0: 0x800062f0 (0x00000013) nop
core   0: 3 0x800062f0 (0x00000013)
core   0: 0x800062f4 (0xc51bbe93) sltiu   t4, s7, -943
core   0: 3 0x800062f4 (0xc51bbe93) x29 0x00000001
core   0: 0x800062f8 (0x038cbd33) mulhu   s10, s9, s8
core   0: 3 0x800062f8 (0x038cbd33) x26 0x00000000
core   0: 0x800062fc (0x4252e593) ori     a1, t0, 1061
core   0: 3 0x800062fc (0x4252e593) x11 0x77c88425
core   0: 0x80006300 (0x4172d3b3) sra     t2, t0, s7
core   0: 3 0x80006300 (0x4172d3b3) x 7 0x000000ef
core   0: 0x80006304 (0x00000013) nop
core   0: 3 0x80006304 (0x00000013)
core   0: 0x80006308 (0x024e5733) divu    a4, t3, tp
core   0: 3 0x80006308 (0x024e5733) x14 0x00000001
core   0: 0x8000630c (0x00e077b3) and     a5, zero, a4
core   0: 3 0x8000630c (0x00e077b3) x15 0x00000000
core   0: 0x80006310 (0x03e00733) mul     a4, zero, t5
core   0: 3 0x80006310 (0x03e00733) x14 0x00000000
core   0: 0x80006314 (0x66f15a37) lui     s4, 0x66f15
core   0: 3 0x80006314 (0x66f15a37) x20 0x66f15000
core   0: 0x80006318 (0x03fa4233) div     tp, s4, t6
core   0: 3 0x80006318 (0x03fa4233) x 4 0x00331282
core   0: 0x8000631c (0x015c1a13) slli    s4, s8, 21
core   0: 3 0x8000631c (0x015c1a13) x20 0x00000000
core   0: 0x80006320 (0x00a89493) slli    s1, a7, 10
core   0: 3 0x80006320 (0x00a89493) x 9 0x00000000
core   0: 0x80006324 (0x916a27b7) lui     a5, 0x916a2
core   0: 3 0x80006324 (0x916a27b7) x15 0x916a2000
core   0: 0x80006328 (0x039af3b3) remu    t2, s5, s9
core   0: 3 0x80006328 (0x039af3b3) x 7 0x00000000
core   0: 0x8000632c (0x03b01e33) mulh    t3, zero, s11
core   0: 3 0x8000632c (0x03b01e33) x28 0x00000000
core   0: 0x80006330 (0x0301b733) mulhu   a4, gp, a6
core   0: 3 0x80006330 (0x0301b733) x14 0x00000000
core   0: 0x80006334 (0x00000013) nop
core   0: 3 0x80006334 (0x00000013)
core   0: 0x80006338 (0x037df5b3) remu    a1, s11, s7
core   0: 3 0x80006338 (0x037df5b3) x11 0xdfa2ce14
core   0: 0x8000633c (0x003ac4b3) xor     s1, s5, gp
core   0: 3 0x8000633c (0x003ac4b3) x 9 0xfffffffd
core   0: 0x80006340 (0x032a5133) divu    sp, s4, s2
core   0: 3 0x80006340 (0x032a5133) x 2 0x00000000
core   0: 0x80006344 (0x00a39613) slli    a2, t2, 10
core   0: 3 0x80006344 (0x00a39613) x12 0x00000000
core   0: 0x80006348 (0xab60b693) sltiu   a3, ra, -1354
core   0: 3 0x80006348 (0xab60b693) x13 0x00000001
core   0: 0x8000634c (0x40a68fb3) sub     t6, a3, a0
core   0: 3 0x8000634c (0x40a68fb3) x31 0x80000001
core   0: 0x80006350 (0x403f5e93) srai    t4, t5, 3
core   0: 3 0x80006350 (0x403f5e93) x29 0x00000000
core   0: 0x80006354 (0x01dc48b3) xor     a7, s8, t4
core   0: 3 0x80006354 (0x01dc48b3) x17 0x00000000
core   0: 0x80006358 (0x409fd393) srai    t2, t6, 9
core   0: 3 0x80006358 (0x409fd393) x 7 0xffc00000
core   0: 0x8000635c (0x0077bfb3) sltu    t6, a5, t2
core   0: 3 0x8000635c (0x0077bfb3) x31 0x00000001
core   0: 0x80006360 (0x400c00b3) sub     ra, s8, zero
core   0: 3 0x80006360 (0x400c00b3) x 1 0x00000000
core   0: 0x80006364 (0x01b3b8b3) sltu    a7, t2, s11
core   0: 3 0x80006364 (0x01b3b8b3) x17 0x00000000
core   0: 0x80006368 (0x0247e033) rem     zero, a5, tp
core   0: 3 0x80006368 (0x0247e033)
core   0: 0x8000636c (0x03f6f0b3) remu    ra, a3, t6
core   0: 3 0x8000636c (0x03f6f0b3) x 1 0x00000000
core   0: 0x80006370 (0x0330f233) remu    tp, ra, s3
core   0: 3 0x80006370 (0x0330f233) x 4 0x00000000
core   0: 0x80006374 (0xee917493) andi    s1, sp, -279
core   0: 3 0x80006374 (0xee917493) x 9 0x00000000
core   0: 0x80006378 (0x00a35733) srl     a4, t1, a0
core   0: 3 0x80006378 (0x00a35733) x14 0xffffffff
core   0: 0x8000637c (0xb17c0793) addi    a5, s8, -1257
core   0: 3 0x8000637c (0xb17c0793) x15 0xfffffb17
core   0: 0x80006380 (0x0046c7b3) xor     a5, a3, tp
core   0: 3 0x80006380 (0x0046c7b3) x15 0x00000001
core   0: 0x80006384 (0x0360a1b3) mulhsu  gp, ra, s6
core   0: 3 0x80006384 (0x0360a1b3) x 3 0x00000000
core   0: 0x80006388 (0x00000013) nop
core   0: 3 0x80006388 (0x00000013)
core   0: 0x8000638c (0x6ecfe737) lui     a4, 0x6ecfe
core   0: 3 0x8000638c (0x6ecfe737) x14 0x6ecfe000
core   0: 0x80006390 (0x03ddc9b3) div     s3, s11, t4
core   0: 3 0x80006390 (0x03ddc9b3) x19 0xffffffff
core   0: 0x80006394 (0x00b85fb3) srl     t6, a6, a1
core   0: 3 0x80006394 (0x00b85fb3) x31 0x00000800
core   0: 0x80006398 (0x571c87b7) lui     a5, 0x571c8
core   0: 3 0x80006398 (0x571c87b7) x15 0x571c8000
core   0: 0x8000639c (0x037697b3) mulh    a5, a3, s7
core   0: 3 0x8000639c (0x037697b3) x15 0xffffffff
core   0: 0x800063a0 (0x00bd1b93) slli    s7, s10, 11
core   0: 3 0x800063a0 (0x00bd1b93) x23 0x00000000
core   0: 0x800063a4 (0xbdf68193) addi    gp, a3, -1057
core   0: 3 0x800063a4 (0xbdf68193) x 3 0xfffffbe0
core   0: 0x800063a8 (0x00c29db3) sll     s11, t0, a2
core   0: 3 0x800063a8 (0x00c29db3) x27 0x77c88000
core   0: 0x800063ac (0x000ed193) srli    gp, t4, 0
core   0: 3 0x800063ac (0x000ed193) x 3 0x00000000
core   0: 0x800063b0 (0x02e0c6b3) div     a3, ra, a4
core   0: 3 0x800063b0 (0x02e0c6b3) x13 0x00000000
core   0: 0x800063b4 (0x03ce2e33) mulhsu  t3, t3, t3
core   0: 3 0x800063b4 (0x03ce2e33) x28 0x00000000
core   0: 0x800063b8 (0x003e3ab3) sltu    s5, t3, gp
core   0: 3 0x800063b8 (0x003e3ab3) x21 0x00000000
core   0: 0x800063bc (0x40875693) srai    a3, a4, 8
core   0: 3 0x800063bc (0x40875693) x13 0x006ecfe0
core   0: 0x800063c0 (0x02f3e733) rem     a4, t2, a5
core   0: 3 0x800063c0 (0x02f3e733) x14 0x00000000
core   0: 0x800063c4 (0xd9a6ae93) slti    t4, a3, -614
core   0: 3 0x800063c4 (0xd9a6ae93) x29 0x00000000
core   0: 0x800063c8 (0x40d8de93) srai    t4, a7, 13
core   0: 3 0x800063c8 (0x40d8de93) x29 0x00000000
core   0: 0x800063cc (0x02ed9333) mulh    t1, s11, a4
core   0: 3 0x800063cc (0x02ed9333) x 6 0x00000000
core   0: 0x800063d0 (0x003ce433) or      s0, s9, gp
core   0: 3 0x800063d0 (0x003ce433) x 8 0x00000001
core   0: 0x800063d4 (0x03cf91b3) mulh    gp, t6, t3
core   0: 3 0x800063d4 (0x03cf91b3) x 3 0x00000000
core   0: 0x800063d8 (0x01e57733) and     a4, a0, t5
core   0: 3 0x800063d8 (0x01e57733) x14 0x00000000
core   0: 0x800063dc (0xe6192313) slti    t1, s2, -415
core   0: 3 0x800063dc (0xe6192313) x 6 0x00000000
core   0: 0x800063e0 (0x02867f33) remu    t5, a2, s0
core   0: 3 0x800063e0 (0x02867f33) x30 0x00000000
core   0: 0x800063e4 (0xa0e6fa93) andi    s5, a3, -1522
core   0: 3 0x800063e4 (0xa0e6fa93) x21 0x006eca00
core   0: 0x800063e8 (0x6d714697) auipc   a3, 0x6d714
core   0: 3 0x800063e8 (0x6d714697) x13 0xed71a3e8
core   0: 0x800063ec (0xdc290c13) addi    s8, s2, -574
core   0: 3 0x800063ec (0xdc290c13) x24 0xfffffdc1
core   0: 0x800063f0 (0x017e9493) slli    s1, t4, 23
core   0: 3 0x800063f0 (0x017e9493) x 9 0x00000000
core   0: 0x800063f4 (0x01bcf8b3) and     a7, s9, s11
core   0: 3 0x800063f4 (0x01bcf8b3) x17 0x00000000
core   0: 0x800063f8 (0x02ea4bb3) div     s7, s4, a4
core   0: 3 0x800063f8 (0x02ea4bb3) x23 0xffffffff
core   0: 0x800063fc (0x40115e33) sra     t3, sp, ra
core   0: 3 0x800063fc (0x40115e33) x28 0x00000000
core   0: 0x80006400 (0x4ea42613) slti    a2, s0, 1258
core   0: 3 0x80006400 (0x4ea42613) x12 0x00000001
core   0: 0x80006404 (0x038923b3) mulhsu  t2, s2, s8
core   0: 3 0x80006404 (0x038923b3) x 7 0xffffffff
core   0: 0x80006408 (0x02ef2db3) mulhsu  s11, t5, a4
core   0: 3 0x80006408 (0x02ef2db3) x27 0x00000000
core   0: 0x8000640c (0x92bf3093) sltiu   ra, t5, -1749
core   0: 3 0x8000640c (0x92bf3093) x 1 0x00000001
core   0: 0x80006410 (0x03a777b3) remu    a5, a4, s10
core   0: 3 0x80006410 (0x03a777b3) x15 0x00000000
core   0: 0x80006414 (0x4135d093) srai    ra, a1, 19
core   0: 3 0x80006414 (0x4135d093) x 1 0xfffffbf4
core   0: 0x80006418 (0x0d13af93) slti    t6, t2, 209
core   0: 3 0x80006418 (0x0d13af93) x31 0x00000001
core   0: 0x8000641c (0x011d5c13) srli    s8, s10, 17
core   0: 3 0x8000641c (0x011d5c13) x24 0x00000000
core   0: 0x80006420 (0x401b5713) srai    a4, s6, 1
core   0: 3 0x80006420 (0x401b5713) x14 0xc000a732
core   0: 0x80006424 (0x00b09a13) slli    s4, ra, 11
core   0: 3 0x80006424 (0x00b09a13) x20 0xffdfa000
core   0: 0x80006428 (0x02d72133) mulhsu  sp, a4, a3
core   0: 3 0x80006428 (0x02d72133) x 2 0xc4a43219
core   0: 0x8000642c (0x02519033) mulh    zero, gp, t0
core   0: 3 0x8000642c (0x02519033)
core   0: 0x80006430 (0x028c96b3) mulh    a3, s9, s0
core   0: 3 0x80006430 (0x028c96b3) x13 0x00000000
core   0: 0x80006434 (0x1320a293) slti    t0, ra, 306
core   0: 3 0x80006434 (0x1320a293) x 5 0x00000001
core   0: 0x80006438 (0x6d456d93) ori     s11, a0, 1748
core   0: 3 0x80006438 (0x6d456d93) x27 0x800006d4
core   0: 0x8000643c (0x004df5b3) and     a1, s11, tp
core   0: 3 0x8000643c (0x004df5b3) x11 0x00000000
core   0: 0x80006440 (0x42ae2613) slti    a2, t3, 1066
core   0: 3 0x80006440 (0x42ae2613) x12 0x00000001
core   0: 0x80006444 (0x03eb5d33) divu    s10, s6, t5
core   0: 3 0x80006444 (0x03eb5d33) x26 0xffffffff
core   0: 0x80006448 (0x411c0333) sub     t1, s8, a7
core   0: 3 0x80006448 (0x411c0333) x 6 0x00000000
core   0: 0x8000644c (0x025fc933) div     s2, t6, t0
core   0: 3 0x8000644c (0x025fc933) x18 0x00000001
core   0: 0x80006450 (0x00f9d633) srl     a2, s3, a5
core   0: 3 0x80006450 (0x00f9d633) x12 0xffffffff
core   0: 0x80006454 (0x02b268b3) rem     a7, tp, a1
core   0: 3 0x80006454 (0x02b268b3) x17 0x00000000
core   0: 0x80006458 (0x4130dab3) sra     s5, ra, s3
core   0: 3 0x80006458 (0x4130dab3) x21 0xffffffff
core   0: 0x8000645c (0x4029da33) sra     s4, s3, sp
core   0: 3 0x8000645c (0x4029da33) x20 0xffffffff
core   0: 0x80006460 (0x01435cb3) srl     s9, t1, s4
core   0: 3 0x80006460 (0x01435cb3) x25 0x00000000
core   0: 0x80006464 (0x3914e613) ori     a2, s1, 913
core   0: 3 0x80006464 (0x3914e613) x12 0x00000391
core   0: 0x80006468 (0x74556e93) ori     t4, a0, 1861
core   0: 3 0x80006468 (0x74556e93) x29 0x80000745
core   0: 0x8000646c (0x00000013) nop
core   0: 3 0x8000646c (0x00000013)
core   0: 0x80006470 (0xac300b93) li      s7, -1341
core   0: 3 0x80006470 (0xac300b93) x23 0xfffffac3
core   0: 0x80006474 (0x00845493) srli    s1, s0, 8
core   0: 3 0x80006474 (0x00845493) x 9 0x00000000
core   0: 0x80006478 (0x00222a33) slt     s4, tp, sp
core   0: 3 0x80006478 (0x00222a33) x20 0x00000000
core   0: 0x8000647c (0x01d0dfb3) srl     t6, ra, t4
core   0: 3 0x8000647c (0x01d0dfb3) x31 0x07ffffdf
core   0: 0x80006480 (0x92804137) lui     sp, 0x92804
core   0: 3 0x80006480 (0x92804137) x 2 0x92804000
core   0: 0x80006484 (0x1e5d8d13) addi    s10, s11, 485
core   0: 3 0x80006484 (0x1e5d8d13) x26 0x800008b9
core   0: 0x80006488 (0xb6dc2793) slti    a5, s8, -1171
core   0: 3 0x80006488 (0xb6dc2793) x15 0x00000000
core   0: 0x8000648c (0x038d54b3) divu    s1, s10, s8
core   0: 3 0x8000648c (0x038d54b3) x 9 0xffffffff
core   0: 0x80006490 (0x40e38db3) sub     s11, t2, a4
core   0: 3 0x80006490 (0x40e38db3) x27 0x3fff58cd
core   0: 0x80006494 (0x02b09233) mulh    tp, ra, a1
core   0: 3 0x80006494 (0x02b09233) x 4 0x00000000
core   0: 0x80006498 (0x95677313) andi    t1, a4, -1706
core   0: 3 0x80006498 (0x95677313) x 6 0xc000a112
core   0: 0x8000649c (0x029a0433) mul     s0, s4, s1
core   0: 3 0x8000649c (0x029a0433) x 8 0x00000000
core   0: 0x800064a0 (0x00dea6b3) slt     a3, t4, a3
core   0: 3 0x800064a0 (0x00dea6b3) x13 0x00000001
core   0: 0x800064a4 (0x40b6dbb3) sra     s7, a3, a1
core   0: 3 0x800064a4 (0x40b6dbb3) x23 0x00000001
core   0: 0x800064a8 (0x78799c97) auipc   s9, 0x78799
core   0: 3 0x800064a8 (0x78799c97) x25 0xf879f4a8
core   0: 0x800064ac (0x00f2a633) slt     a2, t0, a5
core   0: 3 0x800064ac (0x00f2a633) x12 0x00000000
core   0: 0x800064b0 (0x01a44233) xor     tp, s0, s10
core   0: 3 0x800064b0 (0x01a44233) x 4 0x800008b9
core   0: 0x800064b4 (0x017ddc33) srl     s8, s11, s7
core   0: 3 0x800064b4 (0x017ddc33) x24 0x1fffac66
core   0: 0x800064b8 (0xb29305b7) lui     a1, 0xb2930
core   0: 3 0x800064b8 (0xb29305b7) x11 0xb2930000
core   0: 0x800064bc (0x009c9133) sll     sp, s9, s1
core   0: 3 0x800064bc (0x009c9133) x 2 0x00000000
core   0: 0x800064c0 (0x4139d893) srai    a7, s3, 19
core   0: 3 0x800064c0 (0x4139d893) x17 0xffffffff
core   0: 0x800064c4 (0x00000013) nop
core   0: 3 0x800064c4 (0x00000013)
core   0: 0x800064c8 (0x01cf60b3) or      ra, t5, t3
core   0: 3 0x800064c8 (0x01cf60b3) x 1 0x00000000
core   0: 0x800064cc (0x01ed1133) sll     sp, s10, t5
core   0: 3 0x800064cc (0x01ed1133) x 2 0x800008b9
core   0: 0x800064d0 (0xb013e993) ori     s3, t2, -1279
core   0: 3 0x800064d0 (0xb013e993) x19 0xffffffff
core   0: 0x800064d4 (0x28cd6693) ori     a3, s10, 652
core   0: 3 0x800064d4 (0x28cd6693) x13 0x80000abd
core   0: 0x800064d8 (0x038bf733) remu    a4, s7, s8
core   0: 3 0x800064d8 (0x038bf733) x14 0x00000001
core   0: 0x800064dc (0x00efb8b3) sltu    a7, t6, a4
core   0: 3 0x800064dc (0x00efb8b3) x17 0x00000000
core   0: 0x800064e0 (0x9a5bc093) xori    ra, s7, -1627
core   0: 3 0x800064e0 (0x9a5bc093) x 1 0xfffff9a4
core   0: 0x800064e4 (0x41a98e33) sub     t3, s3, s10
core   0: 3 0x800064e4 (0x41a98e33) x28 0x7ffff746
core   0: 0x800064e8 (0x0098beb3) sltu    t4, a7, s1
core   0: 3 0x800064e8 (0x0098beb3) x29 0x00000001
core   0: 0x800064ec (0x00000013) nop
core   0: 3 0x800064ec (0x00000013)
core   0: 0x800064f0 (0x019201b3) add     gp, tp, s9
core   0: 3 0x800064f0 (0x019201b3) x 3 0x7879fd61
core   0: 0x800064f4 (0x4010dab3) sra     s5, ra, ra
core   0: 3 0x800064f4 (0x4010dab3) x21 0xffffff9a
core   0: 0x800064f8 (0xcac85737) lui     a4, 0xcac85
core   0: 3 0x800064f8 (0xcac85737) x14 0xcac85000
core   0: 0x800064fc (0x41c6d693) srai    a3, a3, 28
core   0: 3 0x800064fc (0x41c6d693) x13 0xfffffff8
core   0: 0x80006500 (0x011baab3) slt     s5, s7, a7
core   0: 3 0x80006500 (0x011baab3) x21 0x00000000
core   0: 0x80006504 (0x0005d213) srli    tp, a1, 0
core   0: 3 0x80006504 (0x0005d213) x 4 0xb2930000
core   0: 0x80006508 (0x032f9433) mulh    s0, t6, s2
core   0: 3 0x80006508 (0x032f9433) x 8 0x00000000
core   0: 0x8000650c (0x40cbd3b3) sra     t2, s7, a2
core   0: 3 0x8000650c (0x40cbd3b3) x 7 0x00000001
core   0: 0x80006510 (0x0075c433) xor     s0, a1, t2
core   0: 3 0x80006510 (0x0075c433) x 8 0xb2930001
core   0: 0x80006514 (0x016298b3) sll     a7, t0, s6
core   0: 3 0x80006514 (0x016298b3) x17 0x00000010
core   0: 0x80006518 (0x419754b3) sra     s1, a4, s9
core   0: 3 0x80006518 (0x419754b3) x 9 0xffcac850
core   0: 0x8000651c (0xdeb7ef93) ori     t6, a5, -533
core   0: 3 0x8000651c (0xdeb7ef93) x31 0xfffffdeb
core   0: 0x80006520 (0x017ddf13) srli    t5, s11, 23
core   0: 3 0x80006520 (0x017ddf13) x30 0x0000007f
core   0: 0x80006524 (0x00000013) nop
core   0: 3 0x80006524 (0x00000013)
core   0: 0x80006528 (0x404f06b3) sub     a3, t5, tp
core   0: 3 0x80006528 (0x404f06b3) x13 0x4d6d007f
core   0: 0x8000652c (0x02ca6d33) rem     s10, s4, a2
core   0: 3 0x8000652c (0x02ca6d33) x26 0x00000000
core   0: 0x80006530 (0x014858b3) srl     a7, a6, s4
core   0: 3 0x80006530 (0x014858b3) x17 0x80018ce4
core   0: 0x80006534 (0x4c23b413) sltiu   s0, t2, 1218
core   0: 3 0x80006534 (0x4c23b413) x 8 0x00000001
core   0: 0x80006538 (0x02868e33) mul     t3, a3, s0
core   0: 3 0x80006538 (0x02868e33) x28 0x4d6d007f
core   0: 0x8000653c (0x0095d093) srli    ra, a1, 9
core   0: 3 0x8000653c (0x0095d093) x 1 0x00594980
core   0: 0x80006540 (0x41c056b3) sra     a3, zero, t3
core   0: 3 0x80006540 (0x41c056b3) x13 0x00000000
core   0: 0x80006544 (0x00f7ef33) or      t5, a5, a5
core   0: 3 0x80006544 (0x00f7ef33) x30 0x00000000
core   0: 0x80006548 (0x036cfeb3) remu    t4, s9, s6
core   0: 3 0x80006548 (0x036cfeb3) x29 0x7878a644
core   0: 0x8000654c (0x01c09db3) sll     s11, ra, t3
core   0: 3 0x8000654c (0x01c09db3) x27 0x00000000
core   0: 0x80006550 (0x1b1f4f93) xori    t6, t5, 433
core   0: 3 0x80006550 (0x1b1f4f93) x31 0x000001b1
core   0: 0x80006554 (0x0321f633) remu    a2, gp, s2
core   0: 3 0x80006554 (0x0321f633) x12 0x00000000
core   0: 0x80006558 (0x00ff2fb3) slt     t6, t5, a5
core   0: 3 0x80006558 (0x00ff2fb3) x31 0x00000000
core   0: 0x8000655c (0x41835193) srai    gp, t1, 24
core   0: 3 0x8000655c (0x41835193) x 3 0xffffffc0
core   0: 0x80006560 (0x23962a13) slti    s4, a2, 569
core   0: 3 0x80006560 (0x23962a13) x20 0x00000001
core   0: 0x80006564 (0xb9f3f613) andi    a2, t2, -1121
core   0: 3 0x80006564 (0xb9f3f613) x12 0x00000001
core   0: 0x80006568 (0x037122b3) mulhsu  t0, sp, s7
core   0: 3 0x80006568 (0x037122b3) x 5 0xffffffff
core   0: 0x8000656c (0x02acd2b3) divu    t0, s9, a0
core   0: 3 0x8000656c (0x02acd2b3) x 5 0x00000001
core   0: 0x80006570 (0xcbf33f93) sltiu   t6, t1, -833
core   0: 3 0x80006570 (0xcbf33f93) x31 0x00000001
core   0: 0x80006574 (0x015dd413) srli    s0, s11, 21
core   0: 3 0x80006574 (0x015dd413) x 8 0x00000000
core   0: 0x80006578 (0x01f1b8b3) sltu    a7, gp, t6
core   0: 3 0x80006578 (0x01f1b8b3) x17 0x00000000
core   0: 0x8000657c (0x00f3a7b3) slt     a5, t2, a5
core   0: 3 0x8000657c (0x00f3a7b3) x15 0x00000000
core   0: 0x80006580 (0x03602633) mulhsu  a2, zero, s6
core   0: 3 0x80006580 (0x03602633) x12 0x00000000
core   0: 0x80006584 (0x84b4a4b7) lui     s1, 0x84b4a
core   0: 3 0x80006584 (0x84b4a4b7) x 9 0x84b4a000
core   0: 0x80006588 (0x01bc3033) sltu    zero, s8, s11
core   0: 3 0x80006588 (0x01bc3033)
core   0: 0x8000658c (0x0090b733) sltu    a4, ra, s1
core   0: 3 0x8000658c (0x0090b733) x14 0x00000001
core   0: 0x80006590 (0x03ecf7b3) remu    a5, s9, t5
core   0: 3 0x80006590 (0x03ecf7b3) x15 0xf879f4a8
core   0: 0x80006594 (0x03fd20b3) mulhsu  ra, s10, t6
core   0: 3 0x80006594 (0x03fd20b3) x 1 0x00000000
core   0: 0x80006598 (0x01ed47b3) xor     a5, s10, t5
core   0: 3 0x80006598 (0x01ed47b3) x15 0x00000000
core   0: 0x8000659c (0xc769fa13) andi    s4, s3, -906
core   0: 3 0x8000659c (0xc769fa13) x20 0xfffffc76
core   0: 0x800065a0 (0xa4704013) xori    zero, zero, -1465
core   0: 3 0x800065a0 (0xa4704013)
core   0: 0x800065a4 (0x013e7933) and     s2, t3, s3
core   0: 3 0x800065a4 (0x013e7933) x18 0x4d6d007f
core   0: 0x800065a8 (0x01461fb3) sll     t6, a2, s4
core   0: 3 0x800065a8 (0x01461fb3) x31 0x00000000
core   0: 0x800065ac (0x02eb1eb3) mulh    t4, s6, a4
core   0: 3 0x800065ac (0x02eb1eb3) x29 0xffffffff
core   0: 0x800065b0 (0xcec8e4b7) lui     s1, 0xcec8e
core   0: 3 0x800065b0 (0xcec8e4b7) x 9 0xcec8e000
core   0: 0x800065b4 (0xf6a37593) andi    a1, t1, -150
core   0: 3 0x800065b4 (0xf6a37593) x11 0xc000a102
core   0: 0x800065b8 (0x01a7b233) sltu    tp, a5, s10
core   0: 3 0x800065b8 (0x01a7b233) x 4 0x00000000
core   0: 0x800065bc (0x000526b3) slt     a3, a0, zero
core   0: 3 0x800065bc (0x000526b3) x13 0x00000001
core   0: 0x800065c0 (0x0224b8b3) mulhu   a7, s1, sp
core   0: 3 0x800065c0 (0x0224b8b3) x17 0x6764770b
core   0: 0x800065c4 (0x0369f9b3) remu    s3, s3, s6
core   0: 3 0x800065c4 (0x0369f9b3) x19 0x7ffeb19b
core   0: 0x800065c8 (0x00acc1b3) xor     gp, s9, a0
core   0: 3 0x800065c8 (0x00acc1b3) x 3 0x7879f4a8
core   0: 0x800065cc (0x6d0cea13) ori     s4, s9, 1744
core   0: 3 0x800065cc (0x6d0cea13) x20 0xf879f6f8
core   0: 0x800065d0 (0x59e2fc93) andi    s9, t0, 1438
core   0: 3 0x800065d0 (0x59e2fc93) x25 0x00000000
core   0: 0x800065d4 (0x0101c7b3) xor     a5, gp, a6
core   0: 3 0x800065d4 (0x0101c7b3) x15 0xf878784c
core   0: 0x800065d8 (0x019035b3) snez    a1, s9
core   0: 3 0x800065d8 (0x019035b3) x11 0x00000000
core   0: 0x800065dc (0x0134ed33) or      s10, s1, s3
core   0: 3 0x800065dc (0x0134ed33) x26 0xfffef19b
core   0: 0x800065e0 (0x40cd5633) sra     a2, s10, a2
core   0: 3 0x800065e0 (0x40cd5633) x12 0xfffef19b
core   0: 0x800065e4 (0x0071fcb3) and     s9, gp, t2
core   0: 3 0x800065e4 (0x0071fcb3) x25 0x00000000
core   0: 0x800065e8 (0x0083ac33) slt     s8, t2, s0
core   0: 3 0x800065e8 (0x0083ac33) x24 0x00000000
core   0: 0x800065ec (0x00891f33) sll     t5, s2, s0
core   0: 3 0x800065ec (0x00891f33) x30 0x4d6d007f
core   0: 0x800065f0 (0x404b5c13) srai    s8, s6, 4
core   0: 3 0x800065f0 (0x404b5c13) x24 0xf80014e6
core   0: 0x800065f4 (0x021a4933) div     s2, s4, ra
core   0: 3 0x800065f4 (0x021a4933) x18 0xffffffff
core   0: 0x800065f8 (0x02471d33) mulh    s10, a4, tp
core   0: 3 0x800065f8 (0x02471d33) x26 0x00000000
core   0: 0x800065fc (0x010fecb3) or      s9, t6, a6
core   0: 3 0x800065fc (0x010fecb3) x25 0x80018ce4
core   0: 0x80006600 (0x0225a033) mulhsu  zero, a1, sp
core   0: 3 0x80006600 (0x0225a033)
core   0: 0x80006604 (0x41c68333) sub     t1, a3, t3
core   0: 3 0x80006604 (0x41c68333) x 6 0xb292ff82
core   0: 0x80006608 (0x40f459b3) sra     s3, s0, a5
core   0: 3 0x80006608 (0x40f459b3) x19 0x00000000
core   0: 0x8000660c (0x027bfd33) remu    s10, s7, t2
core   0: 3 0x8000660c (0x027bfd33) x26 0x00000000
core   0: 0x80006610 (0x5665dc17) auipc   s8, 0x5665d
core   0: 3 0x80006610 (0x5665dc17) x24 0xd6663610
core   0: 0x80006614 (0x02590933) mul     s2, s2, t0
core   0: 3 0x80006614 (0x02590933) x18 0xffffffff
core   0: 0x80006618 (0x56afd917) auipc   s2, 0x56afd
core   0: 3 0x80006618 (0x56afd917) x18 0xd6b03618
core   0: 0x8000661c (0x00a4b3b3) sltu    t2, s1, a0
core   0: 3 0x8000661c (0x00a4b3b3) x 7 0x00000000
core   0: 0x80006620 (0x0008aeb3) slt     t4, a7, zero
core   0: 3 0x80006620 (0x0008aeb3) x29 0x00000000
core   0: 0x80006624 (0x03bf6eb3) rem     t4, t5, s11
core   0: 3 0x80006624 (0x03bf6eb3) x29 0x4d6d007f
core   0: 0x80006628 (0x00ce0333) add     t1, t3, a2
core   0: 3 0x80006628 (0x00ce0333) x 6 0x4d6bf21a
core   0: 0x8000662c (0x27fb0413) addi    s0, s6, 639
core   0: 3 0x8000662c (0x27fb0413) x 8 0x800150e3
core   0: 0x80006630 (0x01174093) xori    ra, a4, 17
core   0: 3 0x80006630 (0x01174093) x 1 0x00000010
core   0: 0x80006634 (0x001fd2b3) srl     t0, t6, ra
core   0: 3 0x80006634 (0x001fd2b3) x 5 0x00000000
core   0: 0x80006638 (0x7e520993) addi    s3, tp, 2021
core   0: 3 0x80006638 (0x7e520993) x19 0x000007e5
core   0: 0x8000663c (0x4040dd33) sra     s10, ra, tp
core   0: 3 0x8000663c (0x4040dd33) x26 0x00000010
core   0: 0x80006640 (0x0376ffb3) remu    t6, a3, s7
core   0: 3 0x80006640 (0x0376ffb3) x31 0x00000000
core   0: 0x80006644 (0x97cb3213) sltiu   tp, s6, -1668
core   0: 3 0x80006644 (0x97cb3213) x 4 0x00000001
core   0: 0x80006648 (0x413dddb3) sra     s11, s11, s3
core   0: 3 0x80006648 (0x413dddb3) x27 0x00000000
core   0: 0x8000664c (0x021654b3) divu    s1, a2, ra
core   0: 3 0x8000664c (0x021654b3) x 9 0x0fffef19
core   0: 0x80006650 (0x59c39b97) auipc   s7, 0x59c39
core   0: 3 0x80006650 (0x59c39b97) x23 0xd9c3f650
core   0: 0x80006654 (0x0054b033) sltu    zero, s1, t0
core   0: 3 0x80006654 (0x0054b033)
core   0: 0x80006658 (0x00d66d33) or      s10, a2, a3
core   0: 3 0x80006658 (0x00d66d33) x26 0xfffef19b
core   0: 0x8000665c (0x001a5d33) srl     s10, s4, ra
core   0: 3 0x8000665c (0x001a5d33) x26 0x0000f879
core   0: 0x80006660 (0x00b87bb3) and     s7, a6, a1
core   0: 3 0x80006660 (0x00b87bb3) x23 0x00000000
core   0: 0x80006664 (0xa0858713) addi    a4, a1, -1528
core   0: 3 0x80006664 (0xa0858713) x14 0xfffffa08
core   0: 0x80006668 (0x03d2ebb3) rem     s7, t0, t4
core   0: 3 0x80006668 (0x03d2ebb3) x23 0x00000000
core   0: 0x8000666c (0x01782733) slt     a4, a6, s7
core   0: 3 0x8000666c (0x01782733) x14 0x00000001
core   0: 0x80006670 (0x49eb7413) andi    s0, s6, 1182
core   0: 3 0x80006670 (0x49eb7413) x 8 0x00000404
core   0: 0x80006674 (0x00000013) nop
core   0: 3 0x80006674 (0x00000013)
core   0: 0x80006678 (0x035a4fb3) div     t6, s4, s5
core   0: 3 0x80006678 (0x035a4fb3) x31 0xffffffff
core   0: 0x8000667c (0x00c0f633) and     a2, ra, a2
core   0: 3 0x8000667c (0x00c0f633) x12 0x00000010
core   0: 0x80006680 (0x019faa33) slt     s4, t6, s9
core   0: 3 0x80006680 (0x019faa33) x20 0x00000000
core   0: 0x80006684 (0x00000013) nop
core   0: 3 0x80006684 (0x00000013)
core   0: 0x80006688 (0xaa37ea13) ori     s4, a5, -1373
core   0: 3 0x80006688 (0xaa37ea13) x20 0xfffffaef
core   0: 0x8000668c (0xa301ea17) auipc   s4, 0xa301e
core   0: 3 0x8000668c (0xa301ea17) x20 0x2302468c
core   0: 0x80006690 (0x01788bb3) add     s7, a7, s7
core   0: 3 0x80006690 (0x01788bb3) x23 0x6764770b
core   0: 0x80006694 (0x011f09b3) add     s3, t5, a7
core   0: 3 0x80006694 (0x011f09b3) x19 0xb4d1778a
core   0: 0x80006698 (0x024e9333) mulh    t1, t4, tp
core   0: 3 0x80006698 (0x024e9333) x 6 0x00000000
core   0: 0x8000669c (0x02ce1733) mulh    a4, t3, a2
core   0: 3 0x8000669c (0x02ce1733) x14 0x00000004
core   0: 0x800066a0 (0xe03d6c13) ori     s8, s10, -509
core   0: 3 0x800066a0 (0xe03d6c13) x24 0xfffffe7b
core   0: 0x800066a4 (0x00000013) nop
core   0: 3 0x800066a4 (0x00000013)
core   0: 0x800066a8 (0x00ec9db3) sll     s11, s9, a4
core   0: 3 0x800066a8 (0x00ec9db3) x27 0x0018ce40
core   0: 0x800066ac (0x4748ed13) ori     s10, a7, 1140
core   0: 3 0x800066ac (0x4748ed13) x26 0x6764777f
core   0: 0x800066b0 (0x0efc0a13) addi    s4, s8, 239
core   0: 3 0x800066b0 (0x0efc0a13) x20 0xffffff6a
core   0: 0x800066b4 (0x8a986d93) ori     s11, a6, -1879
core   0: 3 0x800066b4 (0x8a986d93) x27 0xfffffced
core   0: 0x800066b8 (0x01f88d33) add     s10, a7, t6
core   0: 3 0x800066b8 (0x01f88d33) x26 0x6764770a
core   0: 0x800066bc (0xdbdb4ab7) lui     s5, 0xdbdb4
core   0: 3 0x800066bc (0xdbdb4ab7) x21 0xdbdb4000
core   0: 0x800066c0 (0x02e7bf33) mulhu   t5, a5, a4
core   0: 3 0x800066c0 (0x02e7bf33) x30 0x00000003
core   0: 0x800066c4 (0x01a37a33) and     s4, t1, s10
core   0: 3 0x800066c4 (0x01a37a33) x20 0x00000000
core   0: 0x800066c8 (0xed744e13) xori    t3, s0, -297
core   0: 3 0x800066c8 (0xed744e13) x28 0xfffffad3
core   0: 0x800066cc (0x02c3f033) remu    zero, t2, a2
core   0: 3 0x800066cc (0x02c3f033)
core   0: 0x800066d0 (0x0114a933) slt     s2, s1, a7
core   0: 3 0x800066d0 (0x0114a933) x18 0x00000001
core   0: 0x800066d4 (0x03f857b3) divu    a5, a6, t6
core   0: 3 0x800066d4 (0x03f857b3) x15 0x00000000
core   0: 0x800066d8 (0x029c7a33) remu    s4, s8, s1
core   0: 3 0x800066d8 (0x029c7a33) x20 0x00010ceb
core   0: 0x800066dc (0x79afce93) xori    t4, t6, 1946
core   0: 3 0x800066dc (0x79afce93) x29 0xfffff865
core   0: 0x800066e0 (0x019cf4b3) and     s1, s9, s9
core   0: 3 0x800066e0 (0x019cf4b3) x 9 0x80018ce4
core   0: 0x800066e4 (0x00000013) nop
core   0: 3 0x800066e4 (0x00000013)
core   0: 0x800066e8 (0x0167dd33) srl     s10, a5, s6
core   0: 3 0x800066e8 (0x0167dd33) x26 0x00000000
core   0: 0x800066ec (0x01541f93) slli    t6, s0, 21
core   0: 3 0x800066ec (0x01541f93) x31 0x80800000
core   0: 0x800066f0 (0x00d2a5b3) slt     a1, t0, a3
core   0: 3 0x800066f0 (0x00d2a5b3) x11 0x00000001
core   0: 0x800066f4 (0x00000013) nop
core   0: 3 0x800066f4 (0x00000013)
core   0: 0x800066f8 (0x71ccac13) slti    s8, s9, 1820
core   0: 3 0x800066f8 (0x71ccac13) x24 0x00000001
core   0: 0x800066fc (0x00000013) nop
core   0: 3 0x800066fc (0x00000013)
core   0: 0x80006700 (0x038f8db7) lui     s11, 0x38f8
core   0: 3 0x80006700 (0x038f8db7) x27 0x038f8000
core   0: 0x80006704 (0x02818f33) mul     t5, gp, s0
core   0: 3 0x80006704 (0x02818f33) x30 0xc9ba72a0
core   0: 0x80006708 (0x009715b3) sll     a1, a4, s1
core   0: 3 0x80006708 (0x009715b3) x11 0x00000040
core   0: 0x8000670c (0x41e05633) sra     a2, zero, t5
core   0: 3 0x8000670c (0x41e05633) x12 0x00000000
core   0: 0x80006710 (0x62bffeb7) lui     t4, 0x62bff
core   0: 3 0x80006710 (0x62bffeb7) x29 0x62bff000
core   0: 0x80006714 (0x008ba3b3) slt     t2, s7, s0
core   0: 3 0x80006714 (0x008ba3b3) x 7 0x00000000
core   0: 0x80006718 (0x038d3733) mulhu   a4, s10, s8
core   0: 3 0x80006718 (0x038d3733) x14 0x00000000
core   0: 0x8000671c (0x38a8ec13) ori     s8, a7, 906
core   0: 3 0x8000671c (0x38a8ec13) x24 0x6764778b
core   0: 0x80006720 (0x02effc33) remu    s8, t6, a4
core   0: 3 0x80006720 (0x02effc33) x24 0x80800000
core   0: 0x80006724 (0x025cfbb3) remu    s7, s9, t0
core   0: 3 0x80006724 (0x025cfbb3) x23 0x80018ce4
core   0: 0x80006728 (0x007ddd33) srl     s10, s11, t2
core   0: 3 0x80006728 (0x007ddd33) x26 0x038f8000
core   0: 0x8000672c (0x00000013) nop
core   0: 3 0x8000672c (0x00000013)
core   0: 0x80006730 (0x000a6ab3) or      s5, s4, zero
core   0: 3 0x80006730 (0x000a6ab3) x21 0x00010ceb
core   0: 0x80006734 (0x017b26b3) slt     a3, s6, s7
core   0: 3 0x80006734 (0x017b26b3) x13 0x00000001
core   0: 0x80006738 (0x95b86093) ori     ra, a6, -1701
core   0: 3 0x80006738 (0x95b86093) x 1 0xfffffdff
core   0: 0x8000673c (0xda1a4293) xori    t0, s4, -607
core   0: 3 0x8000673c (0xda1a4293) x 5 0xfffef14a
core   0: 0x80006740 (0x39eab917) auipc   s2, 0x39eab
core   0: 3 0x80006740 (0x39eab917) x18 0xb9eb1740
core   0: 0x80006744 (0x73f83293) sltiu   t0, a6, 1855
core   0: 3 0x80006744 (0x73f83293) x 5 0x00000000
core   0: 0x80006748 (0x01e49233) sll     tp, s1, t5
core   0: 3 0x80006748 (0x01e49233) x 4 0x80018ce4
core   0: 0x8000674c (0x0cd6f937) lui     s2, 0xcd6f
core   0: 3 0x8000674c (0x0cd6f937) x18 0x0cd6f000
core   0: 0x80006750 (0xdf1dd397) auipc   t2, 0xdf1dd
core   0: 3 0x80006750 (0xdf1dd397) x 7 0x5f1e3750
core   0: 0x80006754 (0x023803b3) mul     t2, a6, gp
core   0: 3 0x80006754 (0x023803b3) x 7 0xf311c5a0
core   0: 0x80006758 (0x00a2a6b3) slt     a3, t0, a0
core   0: 3 0x80006758 (0x00a2a6b3) x13 0x00000000
core   0: 0x8000675c (0x02dce5b3) rem     a1, s9, a3
core   0: 3 0x8000675c (0x02dce5b3) x11 0x80018ce4
core   0: 0x80006760 (0x41725593) srai    a1, tp, 23
core   0: 3 0x80006760 (0x41725593) x11 0xffffff00
core   0: 0x80006764 (0xed13b997) auipc   s3, 0xed13b
core   0: 3 0x80006764 (0xed13b997) x19 0x6d141764
core   0: 0x80006768 (0x03e5f333) remu    t1, a1, t5
core   0: 3 0x80006768 (0x03e5f333) x 6 0x36458c60
core   0: 0x8000676c (0x00cb3fb3) sltu    t6, s6, a2
core   0: 3 0x8000676c (0x00cb3fb3) x31 0x00000000
core   0: 0x80006770 (0x90287e93) andi    t4, a6, -1790
core   0: 3 0x80006770 (0x90287e93) x29 0x80018800
core   0: 0x80006774 (0x87a50d13) addi    s10, a0, -1926
core   0: 3 0x80006774 (0x87a50d13) x26 0x7ffff87a
core   0: 0x80006778 (0xcc7a4c93) xori    s9, s4, -825
core   0: 3 0x80006778 (0xcc7a4c93) x25 0xfffef02c
core   0: 0x8000677c (0x00bfe433) or      s0, t6, a1
core   0: 3 0x8000677c (0x00bfe433) x 8 0xffffff00
core   0: 0x80006780 (0x007a62b3) or      t0, s4, t2
core   0: 3 0x80006780 (0x007a62b3) x 5 0xf311cdeb
core   0: 0x80006784 (0x8e527a93) andi    s5, tp, -1819
core   0: 3 0x80006784 (0x8e527a93) x21 0x800188e4
core   0: 0x80006788 (0xd1013313) sltiu   t1, sp, -752
core   0: 3 0x80006788 (0xd1013313) x 6 0x00000001
core   0: 0x8000678c (0x40205bb3) sra     s7, zero, sp
core   0: 3 0x8000678c (0x40205bb3) x23 0x00000000
core   0: 0x80006790 (0x01eb70b3) and     ra, s6, t5
core   0: 3 0x80006790 (0x01eb70b3) x 1 0x80004220
core   0: 0x80006794 (0x12f5cd93) xori    s11, a1, 303
core   0: 3 0x80006794 (0x12f5cd93) x27 0xfffffe2f
core   0: 0x80006798 (0x0234f333) remu    t1, s1, gp
core   0: 3 0x80006798 (0x0234f333) x 6 0x0787983c
core   0: 0x8000679c (0x41f7d313) srai    t1, a5, 31
core   0: 3 0x8000679c (0x41f7d313) x 6 0x00000000
core   0: 0x800067a0 (0xafa11a97) auipc   s5, 0xafa11
core   0: 3 0x800067a0 (0xafa11a97) x21 0x2fa177a0
core   0: 0x800067a4 (0x03e77eb3) remu    t4, a4, t5
core   0: 3 0x800067a4 (0x03e77eb3) x29 0x00000000
core   0: 0x800067a8 (0x03150433) mul     s0, a0, a7
core   0: 3 0x800067a8 (0x03150433) x 8 0x80000000
core   0: 0x800067ac (0x03617633) remu    a2, sp, s6
core   0: 3 0x800067ac (0x03617633) x12 0x800008b9
core   0: 0x800067b0 (0x00081f33) sll     t5, a6, zero
core   0: 3 0x800067b0 (0x00081f33) x30 0x80018ce4
core   0: 0x800067b4 (0x00488433) add     s0, a7, tp
core   0: 3 0x800067b4 (0x00488433) x 8 0xe76603ef
core   0: 0x800067b8 (0x3883a313) slti    t1, t2, 904
core   0: 3 0x800067b8 (0x3883a313) x 6 0x00000001
core   0: 0x800067bc (0x08ea0113) addi    sp, s4, 142
core   0: 3 0x800067bc (0x08ea0113) x 2 0x00010d79
core   0: 0x800067c0 (0x020b85b3) mul     a1, s7, zero
core   0: 3 0x800067c0 (0x020b85b3) x11 0x00000000
core   0: 0x800067c4 (0x00e3c333) xor     t1, t2, a4
core   0: 3 0x800067c4 (0x00e3c333) x 6 0xf311c5a0
core   0: 0x800067c8 (0x40d6d213) srai    tp, a3, 13
core   0: 3 0x800067c8 (0x40d6d213) x 4 0x00000000
core   0: 0x800067cc (0x01e2b0b3) sltu    ra, t0, t5
core   0: 3 0x800067cc (0x01e2b0b3) x 1 0x00000000
core   0: 0x800067d0 (0x00335913) srli    s2, t1, 3
core   0: 3 0x800067d0 (0x00335913) x18 0x1e6238b4
core   0: 0x800067d4 (0x0107f3b3) and     t2, a5, a6
core   0: 3 0x800067d4 (0x0107f3b3) x 7 0x00000000
core   0: 0x800067d8 (0x2fd38437) lui     s0, 0x2fd38
core   0: 3 0x800067d8 (0x2fd38437) x 8 0x2fd38000
core   0: 0x800067dc (0xbb88fd13) andi    s10, a7, -1096
core   0: 3 0x800067dc (0xbb88fd13) x26 0x67647308
core   0: 0x800067e0 (0x010f9cb3) sll     s9, t6, a6
core   0: 3 0x800067e0 (0x010f9cb3) x25 0x00000000
core   0: 0x800067e4 (0xcf196f93) ori     t6, s2, -783
core   0: 3 0x800067e4 (0xcf196f93) x31 0xfffffcf5
core   0: 0x800067e8 (0x03294133) div     sp, s2, s2
core   0: 3 0x800067e8 (0x03294133) x 2 0x00000001
core   0: 0x800067ec (0x039a1333) mulh    t1, s4, s9
core   0: 3 0x800067ec (0x039a1333) x 6 0x00000000
core   0: 0x800067f0 (0x0450c917) auipc   s2, 0x450c
core   0: 3 0x800067f0 (0x0450c917) x18 0x845127f0
core   0: 0x800067f4 (0x012dfcb3) and     s9, s11, s2
core   0: 3 0x800067f4 (0x012dfcb3) x25 0x84512620
core   0: 0x800067f8 (0xedc3a413) slti    s0, t2, -292
core   0: 3 0x800067f8 (0xedc3a413) x 8 0x00000000
core   0: 0x800067fc (0x03af7cb3) remu    s9, t5, s10
core   0: 3 0x800067fc (0x03af7cb3) x25 0x189d19dc
core   0: 0x80006800 (0x0238f933) remu    s2, a7, gp
core   0: 3 0x80006800 (0x0238f933) x18 0x6764770b
core   0: 0x80006804 (0x00819e13) slli    t3, gp, 8
core   0: 3 0x80006804 (0x00819e13) x28 0x79f4a800
core   0: 0x80006808 (0x03692333) mulhsu  t1, s2, s6
core   0: 3 0x80006808 (0x03692333) x 6 0x33b2c292
core   0: 0x8000680c (0x01dc0333) add     t1, s8, t4
core   0: 3 0x8000680c (0x01dc0333) x 6 0x80800000
core   0: 0x80006810 (0x02437a33) remu    s4, t1, tp
core   0: 3 0x80006810 (0x02437a33) x20 0x80800000
core   0: 0x80006814 (0x005c81b3) add     gp, s9, t0
core   0: 3 0x80006814 (0x005c81b3) x 3 0x0baee7c7
core   0: 0x80006818 (0x556b6997) auipc   s3, 0x556b6
core   0: 3 0x80006818 (0x556b6997) x19 0xd56bc818
core   0: 0x8000681c (0x02720d33) mul     s10, tp, t2
core   0: 3 0x8000681c (0x02720d33) x26 0x00000000
core   0: 0x80006820 (0x01024bb3) xor     s7, tp, a6
core   0: 3 0x80006820 (0x01024bb3) x23 0x80018ce4
core   0: 0x80006824 (0x01570133) add     sp, a4, s5
core   0: 3 0x80006824 (0x01570133) x 2 0x2fa177a0
core   0: 0x80006828 (0x00000013) nop
core   0: 3 0x80006828 (0x00000013)
core   0: 0x8000682c (0x017ec3b3) xor     t2, t4, s7
core   0: 3 0x8000682c (0x017ec3b3) x 7 0x80018ce4
core   0: 0x80006830 (0x00865e13) srli    t3, a2, 8
core   0: 3 0x80006830 (0x00865e13) x28 0x00800008
core   0: 0x80006834 (0x413a85b3) sub     a1, s5, s3
core   0: 3 0x80006834 (0x413a85b3) x11 0x5a35af88
core   0: 0x80006838 (0x018c44b3) xor     s1, s8, s8
core   0: 3 0x80006838 (0x018c44b3) x 9 0x00000000
core   0: 0x8000683c (0x61e0a913) slti    s2, ra, 1566
core   0: 3 0x8000683c (0x61e0a913) x18 0x00000001
core   0: 0x80006840 (0x6e86e693) ori     a3, a3, 1768
core   0: 3 0x80006840 (0x6e86e693) x13 0x000006e8
core   0: 0x80006844 (0x03df11b3) mulh    gp, t5, t4
core   0: 3 0x80006844 (0x03df11b3) x 3 0x00000000
core   0: 0x80006848 (0x9a0d8213) addi    tp, s11, -1632
core   0: 3 0x80006848 (0x9a0d8213) x 4 0xfffff7cf
core   0: 0x8000684c (0x010232b3) sltu    t0, tp, a6
core   0: 3 0x8000684c (0x010232b3) x 5 0x00000000
core   0: 0x80006850 (0x0174ebb3) or      s7, s1, s7
core   0: 3 0x80006850 (0x0174ebb3) x23 0x80018ce4
core   0: 0x80006854 (0x0395efb3) rem     t6, a1, s9
core   0: 3 0x80006854 (0x0395efb3) x31 0x105e61f4
core   0: 0x80006858 (0x8ce68e13) addi    t3, a3, -1842
core   0: 3 0x80006858 (0x8ce68e13) x28 0xffffffb6
core   0: 0x8000685c (0x02972eb3) mulhsu  t4, a4, s1
core   0: 3 0x8000685c (0x02972eb3) x29 0x00000000
core   0: 0x80006860 (0x00000013) nop
core   0: 3 0x80006860 (0x00000013)
core   0: 0x80006864 (0x01500fb3) add     t6, zero, s5
core   0: 3 0x80006864 (0x01500fb3) x31 0x2fa177a0
core   0: 0x80006868 (0x48a47013) andi    zero, s0, 1162
core   0: 3 0x80006868 (0x48a47013)
core   0: 0x8000686c (0x009dffb3) and     t6, s11, s1
core   0: 3 0x8000686c (0x009dffb3) x31 0x00000000
core   0: 0x80006870 (0x03b8edb3) rem     s11, a7, s11
core   0: 3 0x80006870 (0x03b8edb3) x27 0x00000189
core   0: 0x80006874 (0x00866bb3) or      s7, a2, s0
core   0: 3 0x80006874 (0x00866bb3) x23 0x800008b9
core   0: 0x80006878 (0x000c97b3) sll     a5, s9, zero
core   0: 3 0x80006878 (0x000c97b3) x15 0x189d19dc
core   0: 0x8000687c (0x03e7cab3) div     s5, a5, t5
core   0: 3 0x8000687c (0x03e7cab3) x21 0x00000000
core   0: 0x80006880 (0x089a3213) sltiu   tp, s4, 137
core   0: 3 0x80006880 (0x089a3213) x 4 0x00000000
core   0: 0x80006884 (0x01e73033) sltu    zero, a4, t5
core   0: 3 0x80006884 (0x01e73033)
core   0: 0x80006888 (0x00bdd333) srl     t1, s11, a1
core   0: 3 0x80006888 (0x00bdd333) x 6 0x00000001
core   0: 0x8000688c (0x004c18b3) sll     a7, s8, tp
core   0: 3 0x8000688c (0x004c18b3) x17 0x80800000
core   0: 0x80006890 (0x0331e6b3) rem     a3, gp, s3
core   0: 3 0x80006890 (0x0331e6b3) x13 0x00000000
core   0: 0x80006894 (0x00091933) sll     s2, s2, zero
core   0: 3 0x80006894 (0x00091933) x18 0x00000001
core   0: 0x80006898 (0x51d4b893) sltiu   a7, s1, 1309
core   0: 3 0x80006898 (0x51d4b893) x17 0x00000001
core   0: 0x8000689c (0x40065d33) sra     s10, a2, zero
core   0: 3 0x8000689c (0x40065d33) x26 0x800008b9
core   0: 0x800068a0 (0x00208433) add     s0, ra, sp
core   0: 3 0x800068a0 (0x00208433) x 8 0x2fa177a0
core   0: 0x800068a4 (0x00b903b3) add     t2, s2, a1
core   0: 3 0x800068a4 (0x00b903b3) x 7 0x5a35af89
core   0: 0x800068a8 (0x8f483213) sltiu   tp, a6, -1804
core   0: 3 0x800068a8 (0x8f483213) x 4 0x00000001
core   0: 0x800068ac (0x08eb2493) slti    s1, s6, 142
core   0: 3 0x800068ac (0x08eb2493) x 9 0x00000001
core   0: 0x800068b0 (0x030ee8b3) rem     a7, t4, a6
core   0: 3 0x800068b0 (0x030ee8b3) x17 0x00000000
core   0: 0x800068b4 (0x02903e33) mulhu   t3, zero, s1
core   0: 3 0x800068b4 (0x02903e33) x28 0x00000000
core   0: 0x800068b8 (0x007f1233) sll     tp, t5, t2
core   0: 3 0x800068b8 (0x007f1233) x 4 0x0319c800
core   0: 0x800068bc (0x404507b3) sub     a5, a0, tp
core   0: 3 0x800068bc (0x404507b3) x15 0x7ce63800
core   0: 0x800068c0 (0x60619917) auipc   s2, 0x60619
core   0: 3 0x800068c0 (0x60619917) x18 0xe061f8c0
core   0: 0x800068c4 (0x41165593) srai    a1, a2, 17
core   0: 3 0x800068c4 (0x41165593) x11 0xffffc000
core   0: 0x800068c8 (0xd8c535b7) lui     a1, 0xd8c53
core   0: 3 0x800068c8 (0xd8c535b7) x11 0xd8c53000
core   0: 0x800068cc (0x0280e0b3) rem     ra, ra, s0
core   0: 3 0x800068cc (0x0280e0b3) x 1 0x00000000
core   0: 0x800068d0 (0x035d5033) divu    zero, s10, s5
core   0: 3 0x800068d0 (0x035d5033)
core   0: 0x800068d4 (0x01f11b93) slli    s7, sp, 31
core   0: 3 0x800068d4 (0x01f11b93) x23 0x00000000
core   0: 0x800068d8 (0x01e93a33) sltu    s4, s2, t5
core   0: 3 0x800068d8 (0x01e93a33) x20 0x00000000
core   0: 0x800068dc (0x012972b3) and     t0, s2, s2
core   0: 3 0x800068dc (0x012972b3) x 5 0xe061f8c0
core   0: 0x800068e0 (0x00f415b3) sll     a1, s0, a5
core   0: 3 0x800068e0 (0x00f415b3) x11 0x2fa177a0
core   0: 0x800068e4 (0x02af81b3) mul     gp, t6, a0
core   0: 3 0x800068e4 (0x02af81b3) x 3 0x00000000
core   0: 0x800068e8 (0x0330f7b3) remu    a5, ra, s3
core   0: 3 0x800068e8 (0x0330f7b3) x15 0x00000000
core   0: 0x800068ec (0x024f3cb3) mulhu   s9, t5, tp
core   0: 3 0x800068ec (0x024f3cb3) x25 0x018ce8ce
core   0: 0x800068f0 (0x01f15c93) srli    s9, sp, 31
core   0: 3 0x800068f0 (0x01f15c93) x25 0x00000000
core   0: 0x800068f4 (0x2aa63713) sltiu   a4, a2, 682
core   0: 3 0x800068f4 (0x2aa63713) x14 0x00000000
core   0: 0x800068f8 (0x020f77b3) remu    a5, t5, zero
core   0: 3 0x800068f8 (0x020f77b3) x15 0x80018ce4
core   0: 0x800068fc (0xbc4a41b7) lui     gp, 0xbc4a4
core   0: 3 0x800068fc (0xbc4a41b7) x 3 0xbc4a4000
core   0: 0x80006900 (0x01755c13) srli    s8, a0, 23
core   0: 3 0x80006900 (0x01755c13) x24 0x00000100
core   0: 0x80006904 (0x44c9ee13) ori     t3, s3, 1100
core   0: 3 0x80006904 (0x44c9ee13) x28 0xd56bcc5c
core   0: 0x80006908 (0x4111d333) sra     t1, gp, a7
core   0: 3 0x80006908 (0x4111d333) x 6 0xbc4a4000
core   0: 0x8000690c (0x416c08b3) sub     a7, s8, s6
core   0: 3 0x8000690c (0x416c08b3) x17 0x7ffeb29c
core   0: 0x80006910 (0xa8041b97) auipc   s7, 0xa8041
core   0: 3 0x80006910 (0xa8041b97) x23 0x28047910
core   0: 0x80006914 (0x3701bf13) sltiu   t5, gp, 880
core   0: 3 0x80006914 (0x3701bf13) x30 0x00000000
core   0: 0x80006918 (0x03ef9f33) mulh    t5, t6, t5
core   0: 3 0x80006918 (0x03ef9f33) x30 0x00000000
core   0: 0x8000691c (0x02920133) mul     sp, tp, s1
core   0: 3 0x8000691c (0x02920133) x 2 0x0319c800
core   0: 0x80006920 (0xd9fb6193) ori     gp, s6, -609
core   0: 3 0x80006920 (0xd9fb6193) x 3 0xffffffff
core   0: 0x80006924 (0x40b1d093) srai    ra, gp, 11
core   0: 3 0x80006924 (0x40b1d093) x 1 0xffffffff
core   0: 0x80006928 (0x016a8a33) add     s4, s5, s6
core   0: 3 0x80006928 (0x016a8a33) x20 0x80014e64
core   0: 0x8000692c (0x013fbcb3) sltu    s9, t6, s3
core   0: 3 0x8000692c (0x013fbcb3) x25 0x00000001
core   0: 0x80006930 (0xc7447693) andi    a3, s0, -908
core   0: 3 0x80006930 (0xc7447693) x13 0x2fa17420
core   0: 0x80006934 (0x009a04b3) add     s1, s4, s1
core   0: 3 0x80006934 (0x009a04b3) x 9 0x80014e65
core   0: 0x80006938 (0xb12c0a93) addi    s5, s8, -1262
core   0: 3 0x80006938 (0xb12c0a93) x21 0xfffffc12
core   0: 0x8000693c (0x4c10fc93) andi    s9, ra, 1217
core   0: 3 0x8000693c (0x4c10fc93) x25 0x000004c1
core   0: 0x80006940 (0x03f517b3) mulh    a5, a0, t6
core   0: 3 0x80006940 (0x03f517b3) x15 0x00000000
core   0: 0x80006944 (0x41f0dd13) srai    s10, ra, 31
core   0: 3 0x80006944 (0x41f0dd13) x26 0xffffffff
core   0: 0x80006948 (0x40960933) sub     s2, a2, s1
core   0: 3 0x80006948 (0x40960933) x18 0xfffeba54
core   0: 0x8000694c (0x03926733) rem     a4, tp, s9
core   0: 3 0x8000694c (0x03926733) x14 0x00000247
core   0: 0x80006950 (0x01357133) and     sp, a0, s3
core   0: 3 0x80006950 (0x01357133) x 2 0x80000000
core   0: 0x80006954 (0x01d0ed33) or      s10, ra, t4
core   0: 3 0x80006954 (0x01d0ed33) x26 0xffffffff
core   0: 0x80006958 (0x020c29b3) mulhsu  s3, s8, zero
core   0: 3 0x80006958 (0x020c29b3) x19 0x00000000
core   0: 0x8000695c (0x0368a633) mulhsu  a2, a7, s6
core   0: 3 0x8000695c (0x0368a633) x12 0x4000007e
core   0: 0x80006960 (0x00ae8133) add     sp, t4, a0
core   0: 3 0x80006960 (0x00ae8133) x 2 0x80000000
core   0: 0x80006964 (0x018c31b3) sltu    gp, s8, s8
core   0: 3 0x80006964 (0x018c31b3) x 3 0x00000000
core   0: 0x80006968 (0x00c8a733) slt     a4, a7, a2
core   0: 3 0x80006968 (0x00c8a733) x14 0x00000000
core   0: 0x8000696c (0x034d45b3) div     a1, s10, s4
core   0: 3 0x8000696c (0x034d45b3) x11 0x00000000
core   0: 0x80006970 (0x016c60b3) or      ra, s8, s6
core   0: 3 0x80006970 (0x016c60b3) x 1 0x80014f64
core   0: 0x80006974 (0x00da6fb3) or      t6, s4, a3
core   0: 3 0x80006974 (0x00da6fb3) x31 0xafa17e64
core   0: 0x80006978 (0x028606b3) mul     a3, a2, s0
core   0: 3 0x80006978 (0x028606b3) x13 0x7178e0c0
core   0: 0x8000697c (0x029820b3) mulhsu  ra, a6, s1
core   0: 3 0x8000697c (0x029820b3) x 1 0xc0001f41
core   0: 0x80006980 (0xa5f33013) sltiu   zero, t1, -1441
core   0: 3 0x80006980 (0xa5f33013)
core   0: 0x80006984 (0x029728b3) mulhsu  a7, a4, s1
core   0: 3 0x80006984 (0x029728b3) x17 0x00000000
core   0: 0x80006988 (0x9926f593) andi    a1, a3, -1646
core   0: 3 0x80006988 (0x9926f593) x11 0x7178e080
core   0: 0x8000698c (0x456d8293) addi    t0, s11, 1110
core   0: 3 0x8000698c (0x456d8293) x 5 0x000005df
core   0: 0x80006990 (0x02bf7d33) remu    s10, t5, a1
core   0: 3 0x80006990 (0x02bf7d33) x26 0x00000000
core   0: 0x80006994 (0xed0c3893) sltiu   a7, s8, -304
core   0: 3 0x80006994 (0xed0c3893) x17 0x00000001
core   0: 0x80006998 (0x5560eb93) ori     s7, ra, 1366
core   0: 3 0x80006998 (0x5560eb93) x23 0xc0001f57
core   0: 0x8000699c (0x01b364b3) or      s1, t1, s11
core   0: 3 0x8000699c (0x01b364b3) x 9 0xbc4a4189
core   0: 0x800069a0 (0x0259f3b3) remu    t2, s3, t0
core   0: 3 0x800069a0 (0x0259f3b3) x 7 0x00000000
core   0: 0x800069a4 (0x2ddef793) andi    a5, t4, 733
core   0: 3 0x800069a4 (0x2ddef793) x15 0x00000000
core   0: 0x800069a8 (0xc3c30713) addi    a4, t1, -964
core   0: 3 0x800069a8 (0xc3c30713) x14 0xbc4a3c3c
core   0: 0x800069ac (0x0141f233) and     tp, gp, s4
core   0: 3 0x800069ac (0x0141f233) x 4 0x00000000
core   0: 0x800069b0 (0x03d390b3) mulh    ra, t2, t4
core   0: 3 0x800069b0 (0x03d390b3) x 1 0x00000000
core   0: 0x800069b4 (0x01291233) sll     tp, s2, s2
core   0: 3 0x800069b4 (0x01291233) x 4 0xa5400000
core   0: 0x800069b8 (0x00fe0d33) add     s10, t3, a5
core   0: 3 0x800069b8 (0x00fe0d33) x26 0xd56bcc5c
core   0: 0x800069bc (0x7ecf93b7) lui     t2, 0x7ecf9
core   0: 3 0x800069bc (0x7ecf93b7) x 7 0x7ecf9000
core   0: 0x800069c0 (0x2c863d93) sltiu   s11, a2, 712
core   0: 3 0x800069c0 (0x2c863d93) x27 0x00000000
core   0: 0x800069c4 (0x403dd193) srai    gp, s11, 3
core   0: 3 0x800069c4 (0x403dd193) x 3 0x00000000
core   0: 0x800069c8 (0x41eed013) srai    zero, t4, 30
core   0: 3 0x800069c8 (0x41eed013)
core   0: 0x800069cc (0x01735733) srl     a4, t1, s7
core   0: 3 0x800069cc (0x01735733) x14 0x00000178
core   0: 0x800069d0 (0x9b207a93) andi    s5, zero, -1614
core   0: 3 0x800069d0 (0x9b207a93) x21 0x00000000
core   0: 0x800069d4 (0xef3d8613) addi    a2, s11, -269
core   0: 3 0x800069d4 (0xef3d8613) x12 0xfffffef3
core   0: 0x800069d8 (0x012a1593) slli    a1, s4, 18
core   0: 3 0x800069d8 (0x012a1593) x11 0x39900000
core   0: 0x800069dc (0x03135f33) divu    t5, t1, a7
core   0: 3 0x800069dc (0x03135f33) x30 0xbc4a4000
core   0: 0x800069e0 (0x0103c033) xor     zero, t2, a6
core   0: 3 0x800069e0 (0x0103c033)
core   0: 0x800069e4 (0x00bee4b3) or      s1, t4, a1
core   0: 3 0x800069e4 (0x00bee4b3) x 9 0x39900000
core   0: 0x800069e8 (0x010dfc33) and     s8, s11, a6
core   0: 3 0x800069e8 (0x010dfc33) x24 0x00000000
core   0: 0x800069ec (0x006dd313) srli    t1, s11, 6
core   0: 3 0x800069ec (0x006dd313) x 6 0x00000000
core   0: 0x800069f0 (0x93a33497) auipc   s1, 0x93a33
core   0: 3 0x800069f0 (0x93a33497) x 9 0x13a399f0
core   0: 0x800069f4 (0xc1780eb7) lui     t4, 0xc1780
core   0: 3 0x800069f4 (0xc1780eb7) x29 0xc1780000
core   0: 0x800069f8 (0x00285c93) srli    s9, a6, 2
core   0: 3 0x800069f8 (0x00285c93) x25 0x20006339
core   0: 0x800069fc (0x01080033) add     zero, a6, a6
core   0: 3 0x800069fc (0x01080033)
core   0: 0x80006a00 (0x03b624b3) mulhsu  s1, a2, s11
core   0: 3 0x80006a00 (0x03b624b3) x 9 0x00000000
core   0: 0x80006a04 (0x012fc8b3) xor     a7, t6, s2
core   0: 3 0x80006a04 (0x012fc8b3) x17 0x505fc430
core   0: 0x80006a08 (0x01f7afb3) slt     t6, a5, t6
core   0: 3 0x80006a08 (0x01f7afb3) x31 0x00000000
core   0: 0x80006a0c (0x00000013) nop
core   0: 3 0x80006a0c (0x00000013)
core   0: 0x80006a10 (0x02d51eb3) mulh    t4, a0, a3
core   0: 3 0x80006a10 (0x02d51eb3) x29 0xc7438fa0
core   0: 0x80006a14 (0x9a11ab93) slti    s7, gp, -1631
core   0: 3 0x80006a14 (0x9a11ab93) x23 0x00000000
core   0: 0x80006a18 (0x00ccea33) or      s4, s9, a2
core   0: 3 0x80006a18 (0x00ccea33) x20 0xfffffffb
core   0: 0x80006a1c (0xfbc5c093) xori    ra, a1, -68
core   0: 3 0x80006a1c (0xfbc5c093) x 1 0xc66fffbc
core   0: 0x80006a20 (0x02614c33) div     s8, sp, t1
core   0: 3 0x80006a20 (0x02614c33) x24 0xffffffff
core   0: 0x80006a24 (0xecbb45b7) lui     a1, 0xecbb4
core   0: 3 0x80006a24 (0xecbb45b7) x11 0xecbb4000
core   0: 0x80006a28 (0x00c7b2b3) sltu    t0, a5, a2
core   0: 3 0x80006a28 (0x00c7b2b3) x 5 0x00000001
core   0: 0x80006a2c (0x5faab437) lui     s0, 0x5faab
core   0: 3 0x80006a2c (0x5faab437) x 8 0x5faab000
core   0: 0x80006a30 (0x00537033) and     zero, t1, t0
core   0: 3 0x80006a30 (0x00537033)
core   0: 0x80006a34 (0x00000013) nop
core   0: 3 0x80006a34 (0x00000013)
core   0: 0x80006a38 (0x01ccf633) and     a2, s9, t3
core   0: 3 0x80006a38 (0x01ccf633) x12 0x00004018
core   0: 0x80006a3c (0x0110df13) srli    t5, ra, 17
core   0: 3 0x80006a3c (0x0110df13) x30 0x00006337
core   0: 0x80006a40 (0x4acdcc93) xori    s9, s11, 1196
core   0: 3 0x80006a40 (0x4acdcc93) x25 0x000004ac
core   0: 0x80006a44 (0x01f332b3) sltu    t0, t1, t6
core   0: 3 0x80006a44 (0x01f332b3) x 5 0x00000000
core   0: 0x80006a48 (0x84666993) ori     s3, a2, -1978
core   0: 3 0x80006a48 (0x84666993) x19 0xfffff85e
core   0: 0x80006a4c (0xf1a3c093) xori    ra, t2, -230
core   0: 3 0x80006a4c (0xf1a3c093) x 1 0x81306f1a
core   0: 0x80006a50 (0xd56cbe93) sltiu   t4, s9, -682
core   0: 3 0x80006a50 (0xd56cbe93) x29 0x00000001
core   0: 0x80006a54 (0x0182d433) srl     s0, t0, s8
core   0: 3 0x80006a54 (0x0182d433) x 8 0x00000000
core   0: 0x80006a58 (0x01969d13) slli    s10, a3, 25
core   0: 3 0x80006a58 (0x01969d13) x26 0x80000000
core   0: 0x80006a5c (0x00fd5613) srli    a2, s10, 15
core   0: 3 0x80006a5c (0x00fd5613) x12 0x00010000
core   0: 0x80006a60 (0x0102d7b3) srl     a5, t0, a6
core   0: 3 0x80006a60 (0x0102d7b3) x15 0x00000000
core   0: 0x80006a64 (0x00000013) nop
core   0: 3 0x80006a64 (0x00000013)
core   0: 0x80006a68 (0x005b2433) slt     s0, s6, t0
core   0: 3 0x80006a68 (0x005b2433) x 8 0x00000001
core   0: 0x80006a6c (0x0035e033) or      zero, a1, gp
core   0: 3 0x80006a6c (0x0035e033)
core   0: 0x80006a70 (0x039167b3) rem     a5, sp, s9
core   0: 3 0x80006a70 (0x039167b3) x15 0xfffffbd8
core   0: 0x80006a74 (0x00d24a33) xor     s4, tp, a3
core   0: 3 0x80006a74 (0x00d24a33) x20 0xd438e0c0
core   0: 0x80006a78 (0x0109fdb3) and     s11, s3, a6
core   0: 3 0x80006a78 (0x0109fdb3) x27 0x80018844
core   0: 0x80006a7c (0x01e6e2b3) or      t0, a3, t5
core   0: 3 0x80006a7c (0x01e6e2b3) x 5 0x7178e3f7
core   0: 0x80006a80 (0x41c5d033) sra     zero, a1, t3
core   0: 3 0x80006a80 (0x41c5d033)
core   0: 0x80006a84 (0x00000013) nop
core   0: 3 0x80006a84 (0x00000013)
core   0: 0x80006a88 (0x01bc4a33) xor     s4, s8, s11
core   0: 3 0x80006a88 (0x01bc4a33) x20 0x7ffe77bb
core   0: 0x80006a8c (0x0276e7b3) rem     a5, a3, t2
core   0: 3 0x80006a8c (0x0276e7b3) x15 0x7178e0c0
core   0: 0x80006a90 (0x00fcc0b3) xor     ra, s9, a5
core   0: 3 0x80006a90 (0x00fcc0b3) x 1 0x7178e46c
core   0: 0x80006a94 (0x017ad393) srli    t2, s5, 23
core   0: 3 0x80006a94 (0x017ad393) x 7 0x00000000
core   0: 0x80006a98 (0x41465613) srai    a2, a2, 20
core   0: 3 0x80006a98 (0x41465613) x12 0x00000000
core   0: 0x80006a9c (0x00d62133) slt     sp, a2, a3
core   0: 3 0x80006a9c (0x00d62133) x 2 0x00000001
core   0: 0x80006aa0 (0x8534e713) ori     a4, s1, -1965
core   0: 3 0x80006aa0 (0x8534e713) x14 0xfffff853
core   0: 0x80006aa4 (0x0040df93) srli    t6, ra, 4
core   0: 3 0x80006aa4 (0x0040df93) x31 0x07178e46
core   0: 0x80006aa8 (0x00222e33) slt     t3, tp, sp
core   0: 3 0x80006aa8 (0x00222e33) x28 0x00000001
core   0: 0x80006aac (0x22c24293) xori    t0, tp, 556
core   0: 3 0x80006aac (0x22c24293) x 5 0xa540022c
core   0: 0x80006ab0 (0x01b85e13) srli    t3, a6, 27
core   0: 3 0x80006ab0 (0x01b85e13) x28 0x00000010
core   0: 0x80006ab4 (0x02b4beb3) mulhu   t4, s1, a1
core   0: 3 0x80006ab4 (0x02b4beb3) x29 0x00000000
core   0: 0x80006ab8 (0x40350133) sub     sp, a0, gp
core   0: 3 0x80006ab8 (0x40350133) x 2 0x80000000
core   0: 0x80006abc (0x0239dab3) divu    s5, s3, gp
core   0: 3 0x80006abc (0x0239dab3) x21 0xffffffff
core   0: 0x80006ac0 (0x00d3afb3) slt     t6, t2, a3
core   0: 3 0x80006ac0 (0x00d3afb3) x31 0x00000001
core   0: 0x80006ac4 (0x00e57033) and     zero, a0, a4
core   0: 3 0x80006ac4 (0x00e57033)
core   0: 0x80006ac8 (0x026f97b3) mulh    a5, t6, t1
core   0: 3 0x80006ac8 (0x026f97b3) x15 0x00000000
core   0: 0x80006acc (0x004736b3) sltu    a3, a4, tp
core   0: 3 0x80006acc (0x004736b3) x13 0x00000000
core   0: 0x80006ad0 (0x03c35d33) divu    s10, t1, t3
core   0: 3 0x80006ad0 (0x03c35d33) x26 0x00000000
core   0: 0x80006ad4 (0x037272b3) remu    t0, tp, s7
core   0: 3 0x80006ad4 (0x037272b3) x 5 0xa5400000
core   0: 0x80006ad8 (0x006c9633) sll     a2, s9, t1
core   0: 3 0x80006ad8 (0x006c9633) x12 0x000004ac
core   0: 0x80006adc (0x007584b3) add     s1, a1, t2
core   0: 3 0x80006adc (0x007584b3) x 9 0xecbb4000
core   0: 0x80006ae0 (0x01e76ab3) or      s5, a4, t5
core   0: 3 0x80006ae0 (0x01e76ab3) x21 0xfffffb77
core   0: 0x80006ae4 (0x005624b3) slt     s1, a2, t0
core   0: 3 0x80006ae4 (0x005624b3) x 9 0x00000000
core   0: 0x80006ae8 (0x59b2be17) auipc   t3, 0x59b2b
core   0: 3 0x80006ae8 (0x59b2be17) x28 0xd9b31ae8
core   0: 0x80006aec (0x0300ea33) rem     s4, ra, a6
core   0: 3 0x80006aec (0x0300ea33) x20 0x7178e46c
core   0: 0x80006af0 (0x00000013) nop
core   0: 3 0x80006af0 (0x00000013)
core   0: 0x80006af4 (0xf3172eb7) lui     t4, 0xf3172
core   0: 3 0x80006af4 (0xf3172eb7) x29 0xf3172000
core   0: 0x80006af8 (0x00dbceb3) xor     t4, s7, a3
core   0: 3 0x80006af8 (0x00dbceb3) x29 0x00000000
core   0: 0x80006afc (0x011a97b3) sll     a5, s5, a7
core   0: 3 0x80006afc (0x011a97b3) x15 0xfb770000
core   0: 0x80006b00 (0xa134c293) xori    t0, s1, -1517
core   0: 3 0x80006b00 (0xa134c293) x 5 0xfffffa13
core   0: 0x80006b04 (0xdc79a197) auipc   gp, 0xdc79a
core   0: 3 0x80006b04 (0xdc79a197) x 3 0x5c7a0b04
core   0: 0x80006b08 (0x4073dcb3) sra     s9, t2, t2
core   0: 3 0x80006b08 (0x4073dcb3) x25 0x00000000
core   0: 0x80006b0c (0x40c55cb3) sra     s9, a0, a2
core   0: 3 0x80006b0c (0x40c55cb3) x25 0xfff80000
core   0: 0x80006b10 (0x00000013) nop
core   0: 3 0x80006b10 (0x00000013)
core   0: 0x80006b14 (0x00d05bb3) srl     s7, zero, a3
core   0: 3 0x80006b14 (0x00d05bb3) x23 0x00000000
core   0: 0x80006b18 (0x81be3913) sltiu   s2, t3, -2021
core   0: 3 0x80006b18 (0x81be3913) x18 0x00000001
core   0: 0x80006b1c (0x400ed613) srai    a2, t4, 0
core   0: 3 0x80006b1c (0x400ed613) x12 0x00000000
core   0: 0x80006b20 (0x00f25033) srl     zero, tp, a5
core   0: 3 0x80006b20 (0x00f25033)
core   0: 0x80006b24 (0x28ae4a13) xori    s4, t3, 650
core   0: 3 0x80006b24 (0x28ae4a13) x20 0xd9b31862
core   0: 0x80006b28 (0x40205333) sra     t1, zero, sp
core   0: 3 0x80006b28 (0x40205333) x 6 0x00000000
core   0: 0x80006b2c (0x0395d9b3) divu    s3, a1, s9
core   0: 3 0x80006b2c (0x0395d9b3) x19 0x00000000
core   0: 0x80006b30 (0x2475d037) lui     zero, 0x2475d
core   0: 3 0x80006b30 (0x2475d037)
core   0: 0x80006b34 (0x01232333) slt     t1, t1, s2
core   0: 3 0x80006b34 (0x01232333) x 6 0x00000001
core   0: 0x80006b38 (0x00efe3b3) or      t2, t6, a4
core   0: 3 0x80006b38 (0x00efe3b3) x 7 0xfffff853
core   0: 0x80006b3c (0x003b0cb3) add     s9, s6, gp
core   0: 3 0x80006b3c (0x003b0cb3) x25 0xdc7b5968
core   0: 0x80006b40 (0x41970e33) sub     t3, a4, s9
core   0: 3 0x80006b40 (0x41970e33) x28 0x23849eeb
core   0: 0x80006b44 (0x01d590b3) sll     ra, a1, t4
core   0: 3 0x80006b44 (0x01d590b3) x 1 0xecbb4000
core   0: 0x80006b48 (0x03772d33) mulhsu  s10, a4, s7
core   0: 3 0x80006b48 (0x03772d33) x26 0x00000000
core   0: 0x80006b4c (0x410c0c33) sub     s8, s8, a6
core   0: 3 0x80006b4c (0x410c0c33) x24 0x7ffe731b
core   0: 0x80006b50 (0x02771133) mulh    sp, a4, t2
core   0: 3 0x80006b50 (0x02771133) x 2 0x00000000
core   0: 0x80006b54 (0x033b28b3) mulhsu  a7, s6, s3
core   0: 3 0x80006b54 (0x033b28b3) x17 0x00000000
core   0: 0x80006b58 (0x01b8d193) srli    gp, a7, 27
core   0: 3 0x80006b58 (0x01b8d193) x 3 0x00000000
core   0: 0x80006b5c (0x035c23b3) mulhsu  t2, s8, s5
core   0: 3 0x80006b5c (0x035c23b3) x 7 0x7ffe70d6
core   0: 0x80006b60 (0x018a3333) sltu    t1, s4, s8
core   0: 3 0x80006b60 (0x018a3333) x 6 0x00000000
core   0: 0x80006b64 (0x023ca633) mulhsu  a2, s9, gp
core   0: 3 0x80006b64 (0x023ca633) x12 0x00000000
core   0: 0x80006b68 (0x588c4937) lui     s2, 0x588c4
core   0: 3 0x80006b68 (0x588c4937) x18 0x588c4000
core   0: 0x80006b6c (0x005dda93) srli    s5, s11, 5
core   0: 3 0x80006b6c (0x005dda93) x21 0x04000c42
core   0: 0x80006b70 (0x003522b3) slt     t0, a0, gp
core   0: 3 0x80006b70 (0x003522b3) x 5 0x00000001
core   0: 0x80006b74 (0x406e5e13) srai    t3, t3, 6
core   0: 3 0x80006b74 (0x406e5e13) x28 0x008e127b
core   0: 0x80006b78 (0x02bb1cb3) mulh    s9, s6, a1
core   0: 3 0x80006b78 (0x02bb1cb3) x25 0x09a246d4
core   0: 0x80006b7c (0x0352b6b3) mulhu   a3, t0, s5
core   0: 3 0x80006b7c (0x0352b6b3) x13 0x00000000
core   0: 0x80006b80 (0x9715bb93) sltiu   s7, a1, -1679
core   0: 3 0x80006b80 (0x9715bb93) x23 0x00000001
core   0: 0x80006b84 (0x03906e33) rem     t3, zero, s9
core   0: 3 0x80006b84 (0x03906e33) x28 0x00000000
core   0: 0x80006b88 (0x00b95093) srli    ra, s2, 11
core   0: 3 0x80006b88 (0x00b95093) x 1 0x000b1188
core   0: 0x80006b8c (0x01a5ce33) xor     t3, a1, s10
core   0: 3 0x80006b8c (0x01a5ce33) x28 0xecbb4000
core   0: 0x80006b90 (0x02e8cc33) div     s8, a7, a4
core   0: 3 0x80006b90 (0x02e8cc33) x24 0x00000000
core   0: 0x80006b94 (0x006a89b3) add     s3, s5, t1
core   0: 3 0x80006b94 (0x006a89b3) x19 0x04000c42
core   0: 0x80006b98 (0x01af2cb3) slt     s9, t5, s10
core   0: 3 0x80006b98 (0x01af2cb3) x25 0x00000000
core   0: 0x80006b9c (0x7f91cb97) auipc   s7, 0x7f91c
core   0: 3 0x80006b9c (0x7f91cb97) x23 0xff922b9c
core   0: 0x80006ba0 (0x770d6b93) ori     s7, s10, 1904
core   0: 3 0x80006ba0 (0x770d6b93) x23 0x00000770
core   0: 0x80006ba4 (0x01d759b3) srl     s3, a4, t4
core   0: 3 0x80006ba4 (0x01d759b3) x19 0xfffff853
core   0: 0x80006ba8 (0x40b0d113) srai    sp, ra, 11
core   0: 3 0x80006ba8 (0x40b0d113) x 2 0x00000162
core   0: 0x80006bac (0x6676e597) auipc   a1, 0x6676e
core   0: 3 0x80006bac (0x6676e597) x11 0xe6774bac
core   0: 0x80006bb0 (0x03e6c0b3) div     ra, a3, t5
core   0: 3 0x80006bb0 (0x03e6c0b3) x 1 0x00000000
core   0: 0x80006bb4 (0x016e9913) slli    s2, t4, 22
core   0: 3 0x80006bb4 (0x016e9913) x18 0x00000000
core   0: 0x80006bb8 (0x01ba38b3) sltu    a7, s4, s11
core   0: 3 0x80006bb8 (0x01ba38b3) x17 0x00000000
core   0: 0x80006bbc (0x0057e733) or      a4, a5, t0
core   0: 3 0x80006bbc (0x0057e733) x14 0xfb770001
core   0: 0x80006bc0 (0xe3cf6f93) ori     t6, t5, -452
core   0: 3 0x80006bc0 (0xe3cf6f93) x31 0xffffff3f
core   0: 0x80006bc4 (0x7ede8e13) addi    t3, t4, 2029
core   0: 3 0x80006bc4 (0x7ede8e13) x28 0x000007ed
core   0: 0x80006bc8 (0x0008f033) and     zero, a7, zero
core   0: 3 0x80006bc8 (0x0008f033)
core   0: 0x80006bcc (0x4935ff97) auipc   t6, 0x4935f
core   0: 3 0x80006bcc (0x4935ff97) x31 0xc9365bcc
core   0: 0x80006bd0 (0x012ce633) or      a2, s9, s2
core   0: 3 0x80006bd0 (0x012ce633) x12 0x00000000
core   0: 0x80006bd4 (0x00aaedb3) or      s11, s5, a0
core   0: 3 0x80006bd4 (0x00aaedb3) x27 0x84000c42
core   0: 0x80006bd8 (0x0141ee33) or      t3, gp, s4
core   0: 3 0x80006bd8 (0x0141ee33) x28 0xd9b31862
core   0: 0x80006bdc (0x40f1d3b3) sra     t2, gp, a5
core   0: 3 0x80006bdc (0x40f1d3b3) x 7 0x00000000
core   0: 0x80006be0 (0x03fded33) rem     s10, s11, t6
core   0: 3 0x80006be0 (0x03fded33) x26 0xf19354aa
core   0: 0x80006be4 (0xa3bf4913) xori    s2, t5, -1477
core   0: 3 0x80006be4 (0xa3bf4913) x18 0xffff990c
core   0: 0x80006be8 (0x5882ee13) ori     t3, t0, 1416
core   0: 3 0x80006be8 (0x5882ee13) x28 0x00000589
core   0: 0x80006bec (0x03ccdab3) divu    s5, s9, t3
core   0: 3 0x80006bec (0x03ccdab3) x21 0x00000000
core   0: 0x80006bf0 (0x0065fc33) and     s8, a1, t1
core   0: 3 0x80006bf0 (0x0065fc33) x24 0x00000000
core   0: 0x80006bf4 (0x015ad993) srli    s3, s5, 21
core   0: 3 0x80006bf4 (0x015ad993) x19 0x00000000
core   0: 0x80006bf8 (0x40ebd3b3) sra     t2, s7, a4
core   0: 3 0x80006bf8 (0x40ebd3b3) x 7 0x000003b8
core   0: 0x80006bfc (0x024f0c33) mul     s8, t5, tp
core   0: 3 0x80006bfc (0x024f0c33) x24 0x40c00000
core   0: 0x80006c00 (0x004cd8b3) srl     a7, s9, tp
core   0: 3 0x80006c00 (0x004cd8b3) x17 0x00000000
core   0: 0x80006c04 (0x6fa4bd93) sltiu   s11, s1, 1786
core   0: 3 0x80006c04 (0x6fa4bd93) x27 0x00000001
core   0: 0x80006c08 (0x006fd5b3) srl     a1, t6, t1
core   0: 3 0x80006c08 (0x006fd5b3) x11 0xc9365bcc
core   0: 0x80006c0c (0x40ac87b3) sub     a5, s9, a0
core   0: 3 0x80006c0c (0x40ac87b3) x15 0x80000000
core   0: 0x80006c10 (0x40acdc93) srai    s9, s9, 10
core   0: 3 0x80006c10 (0x40acdc93) x25 0x00000000
core   0: 0x80006c14 (0x01ba86b3) add     a3, s5, s11
core   0: 3 0x80006c14 (0x01ba86b3) x13 0x00000001
core   0: 0x80006c18 (0x00592933) slt     s2, s2, t0
core   0: 3 0x80006c18 (0x00592933) x18 0x00000001
core   0: 0x80006c1c (0x00295c33) srl     s8, s2, sp
core   0: 3 0x80006c1c (0x00295c33) x24 0x00000000
core   0: 0x80006c20 (0x017994b3) sll     s1, s3, s7
core   0: 3 0x80006c20 (0x017994b3) x 9 0x00000000
core   0: 0x80006c24 (0x73768e93) addi    t4, a3, 1847
core   0: 3 0x80006c24 (0x73768e93) x29 0x00000738
core   0: 0x80006c28 (0x02c49933) mulh    s2, s1, a2
core   0: 3 0x80006c28 (0x02c49933) x18 0x00000000
core   0: 0x80006c2c (0x0000ecb3) or      s9, ra, zero
core   0: 3 0x80006c2c (0x0000ecb3) x25 0x00000000
core   0: 0x80006c30 (0x00568133) add     sp, a3, t0
core   0: 3 0x80006c30 (0x00568133) x 2 0x00000002
core   0: 0x80006c34 (0x00c81a33) sll     s4, a6, a2
core   0: 3 0x80006c34 (0x00c81a33) x20 0x80018ce4
core   0: 0x80006c38 (0xe088cd17) auipc   s10, 0xe088c
core   0: 3 0x80006c38 (0xe088cd17) x26 0x60892c38
core   0: 0x80006c3c (0x01446633) or      a2, s0, s4
core   0: 3 0x80006c3c (0x01446633) x12 0x80018ce5
core   0: 0x80006c40 (0x40555033) sra     zero, a0, t0
core   0: 3 0x80006c40 (0x40555033)
core   0: 0x80006c44 (0xb78f8b97) auipc   s7, 0xb78f8
core   0: 3 0x80006c44 (0xb78f8b97) x23 0x378fec44
core   0: 0x80006c48 (0x02b94233) div     tp, s2, a1
core   0: 3 0x80006c48 (0x02b94233) x 4 0x00000000
core   0: 0x80006c4c (0x033bfe33) remu    t3, s7, s3
core   0: 3 0x80006c4c (0x033bfe33) x28 0x378fec44
core   0: 0x80006c50 (0x032d39b3) mulhu   s3, s10, s2
core   0: 3 0x80006c50 (0x032d39b3) x19 0x00000000
core   0: 0x80006c54 (0x01d085b3) add     a1, ra, t4
core   0: 3 0x80006c54 (0x01d085b3) x11 0x00000738
core   0: 0x80006c58 (0x026abab3) mulhu   s5, s5, t1
core   0: 3 0x80006c58 (0x026abab3) x21 0x00000000
core   0: 0x80006c5c (0xb429ec13) ori     s8, s3, -1214
core   0: 3 0x80006c5c (0xb429ec13) x24 0xfffffb42
core   0: 0x80006c60 (0x028f4cb3) div     s9, t5, s0
core   0: 3 0x80006c60 (0x028f4cb3) x25 0x00006337
core   0: 0x80006c64 (0x00e61d93) slli    s11, a2, 14
core   0: 3 0x80006c64 (0x00e61d93) x27 0x63394000
core   0: 0x80006c68 (0x017e3f33) sltu    t5, t3, s7
core   0: 3 0x80006c68 (0x017e3f33) x30 0x00000000
core   0: 0x80006c6c (0x03ed3db3) mulhu   s11, s10, t5
core   0: 3 0x80006c6c (0x03ed3db3) x27 0x00000000
core   0: 0x80006c70 (0x02524133) div     sp, tp, t0
core   0: 3 0x80006c70 (0x02524133) x 2 0x00000000
core   0: 0x80006c74 (0x6cc46593) ori     a1, s0, 1740
core   0: 3 0x80006c74 (0x6cc46593) x11 0x000006cd
core   0: 0x80006c78 (0x000ca133) slt     sp, s9, zero
core   0: 3 0x80006c78 (0x000ca133) x 2 0x00000000
core   0: 0x80006c7c (0x86e90a13) addi    s4, s2, -1938
core   0: 3 0x80006c7c (0x86e90a13) x20 0xfffff86e
core   0: 0x80006c80 (0x002e2133) slt     sp, t3, sp
core   0: 3 0x80006c80 (0x002e2133) x 2 0x00000000
core   0: 0x80006c84 (0x0040fa33) and     s4, ra, tp
core   0: 3 0x80006c84 (0x0040fa33) x20 0x00000000
core   0: 0x80006c88 (0x01c9d4b3) srl     s1, s3, t3
core   0: 3 0x80006c88 (0x01c9d4b3) x 9 0x00000000
core   0: 0x80006c8c (0xb5822a37) lui     s4, 0xb5822
core   0: 3 0x80006c8c (0xb5822a37) x20 0xb5822000
core   0: 0x80006c90 (0x019d0eb3) add     t4, s10, s9
core   0: 3 0x80006c90 (0x019d0eb3) x29 0x60898f6f
core   0: 0x80006c94 (0xfcf86197) auipc   gp, 0xfcf86
core   0: 3 0x80006c94 (0xfcf86197) x 3 0x7cf8cc94
core   0: 0x80006c98 (0x0eada293) slti    t0, s11, 234
core   0: 3 0x80006c98 (0x0eada293) x 5 0x00000001
core   0: 0x80006c9c (0x000955b3) srl     a1, s2, zero
core   0: 3 0x80006c9c (0x000955b3) x11 0x00000000
core   0: 0x80006ca0 (0xc7ab6c93) ori     s9, s6, -902
core   0: 3 0x80006ca0 (0xc7ab6c93) x25 0xfffffe7e
core   0: 0x80006ca4 (0x0274f033) remu    zero, s1, t2
core   0: 3 0x80006ca4 (0x0274f033)
core   0: 0x80006ca8 (0x02bbcf33) div     t5, s7, a1
core   0: 3 0x80006ca8 (0x02bbcf33) x30 0xffffffff
core   0: 0x80006cac (0x18f00093) li      ra, 399
core   0: 3 0x80006cac (0x18f00093) x 1 0x0000018f
core   0: 0x80006cb0 (0x019d7cb3) and     s9, s10, s9
core   0: 3 0x80006cb0 (0x019d7cb3) x25 0x60892c38
core   0: 0x80006cb4 (0x03c26d33) rem     s10, tp, t3
core   0: 3 0x80006cb4 (0x03c26d33) x26 0x00000000
core   0: 0x80006cb8 (0x0364fab3) remu    s5, s1, s6
core   0: 3 0x80006cb8 (0x0364fab3) x21 0x00000000
core   0: 0x80006cbc (0x40af5613) srai    a2, t5, 10
core   0: 3 0x80006cbc (0x40af5613) x12 0xffffffff
core   0: 0x80006cc0 (0xbdf2ee97) auipc   t4, 0xbdf2e
core   0: 3 0x80006cc0 (0xbdf2ee97) x29 0x3df34cc0
core   0: 0x80006cc4 (0x00563c33) sltu    s8, a2, t0
core   0: 3 0x80006cc4 (0x00563c33) x24 0x00000000
core   0: 0x80006cc8 (0x02723fb3) mulhu   t6, tp, t2
core   0: 3 0x80006cc8 (0x02723fb3) x31 0x00000000
core   0: 0x80006ccc (0x01284cb3) xor     s9, a6, s2
core   0: 3 0x80006ccc (0x01284cb3) x25 0x80018ce4
core   0: 0x80006cd0 (0x006cba33) sltu    s4, s9, t1
core   0: 3 0x80006cd0 (0x006cba33) x20 0x00000000
core   0: 0x80006cd4 (0x40995133) sra     sp, s2, s1
core   0: 3 0x80006cd4 (0x40995133) x 2 0x00000000
core   0: 0x80006cd8 (0x02291333) mulh    t1, s2, sp
core   0: 3 0x80006cd8 (0x02291333) x 6 0x00000000
core   0: 0x80006cdc (0x01e935b3) sltu    a1, s2, t5
core   0: 3 0x80006cdc (0x01e935b3) x11 0x00000001
core   0: 0x80006ce0 (0x41898c33) sub     s8, s3, s8
core   0: 3 0x80006ce0 (0x41898c33) x24 0x00000000
core   0: 0x80006ce4 (0x03615bb3) divu    s7, sp, s6
core   0: 3 0x80006ce4 (0x03615bb3) x23 0x00000000
core   0: 0x80006ce8 (0x011f69b3) or      s3, t5, a7
core   0: 3 0x80006ce8 (0x011f69b3) x19 0xffffffff
core   0: 0x80006cec (0x0105d313) srli    t1, a1, 16
core   0: 3 0x80006cec (0x0105d313) x 6 0x00000000
core   0: 0x80006cf0 (0x1626ce93) xori    t4, a3, 354
core   0: 3 0x80006cf0 (0x1626ce93) x29 0x00000163
core   0: 0x80006cf4 (0x9c744c93) xori    s9, s0, -1593
core   0: 3 0x80006cf4 (0x9c744c93) x25 0xfffff9c6
core   0: 0x80006cf8 (0x026686b3) mul     a3, a3, t1
core   0: 3 0x80006cf8 (0x026686b3) x13 0x00000000
core   0: 0x80006cfc (0x0cdbf613) andi    a2, s7, 205
core   0: 3 0x80006cfc (0x0cdbf613) x12 0x00000000
core   0: 0x80006d00 (0x4045d133) sra     sp, a1, tp
core   0: 3 0x80006d00 (0x4045d133) x 2 0x00000001
core   0: 0x80006d04 (0x01880a33) add     s4, a6, s8
core   0: 3 0x80006d04 (0x01880a33) x20 0x80018ce4
core   0: 0x80006d08 (0x9750e693) ori     a3, ra, -1675
core   0: 3 0x80006d08 (0x9750e693) x13 0xfffff9ff
core   0: 0x80006d0c (0x014958b3) srl     a7, s2, s4
core   0: 3 0x80006d0c (0x014958b3) x17 0x00000000
core   0: 0x80006d10 (0x01d1da33) srl     s4, gp, t4
core   0: 3 0x80006d10 (0x01d1da33) x20 0x0f9f1992
core   0: 0x80006d14 (0x01b5e0b3) or      ra, a1, s11
core   0: 3 0x80006d14 (0x01b5e0b3) x 1 0x00000001
core   0: 0x80006d18 (0xd5f4a793) slti    a5, s1, -673
core   0: 3 0x80006d18 (0xd5f4a793) x15 0x00000000
core   0: 0x80006d1c (0x00305a33) srl     s4, zero, gp
core   0: 3 0x80006d1c (0x00305a33) x20 0x00000000
core   0: 0x80006d20 (0x008c49b3) xor     s3, s8, s0
core   0: 3 0x80006d20 (0x008c49b3) x19 0x00000001
core   0: 0x80006d24 (0x0226b233) mulhu   tp, a3, sp
core   0: 3 0x80006d24 (0x0226b233) x 4 0x00000000
core   0: 0x80006d28 (0x01045993) srli    s3, s0, 16
core   0: 3 0x80006d28 (0x01045993) x19 0x00000000
core   0: 0x80006d2c (0x03382db3) mulhsu  s11, a6, s3
core   0: 3 0x80006d2c (0x03382db3) x27 0x00000000
core   0: 0x80006d30 (0x038a9133) mulh    sp, s5, s8
core   0: 3 0x80006d30 (0x038a9133) x 2 0x00000000
core   0: 0x80006d34 (0x0154ccb3) xor     s9, s1, s5
core   0: 3 0x80006d34 (0x0154ccb3) x25 0x00000000
core   0: 0x80006d38 (0x0165ba33) sltu    s4, a1, s6
core   0: 3 0x80006d38 (0x0165ba33) x20 0x00000001
core   0: 0x80006d3c (0x030a3a33) mulhu   s4, s4, a6
core   0: 3 0x80006d3c (0x030a3a33) x20 0x00000000
core   0: 0x80006d40 (0x03cbf233) remu    tp, s7, t3
core   0: 3 0x80006d40 (0x03cbf233) x 4 0x00000000
core   0: 0x80006d44 (0x00f1ec33) or      s8, gp, a5
core   0: 3 0x80006d44 (0x00f1ec33) x24 0x7cf8cc94
core   0: 0x80006d48 (0x0345cc33) div     s8, a1, s4
core   0: 3 0x80006d48 (0x0345cc33) x24 0xffffffff
core   0: 0x80006d4c (0x002301b3) add     gp, t1, sp
core   0: 3 0x80006d4c (0x002301b3) x 3 0x00000000
core   0: 0x80006d50 (0x0059d713) srli    a4, s3, 5
core   0: 3 0x80006d50 (0x0059d713) x14 0x00000000
core   0: 0x80006d54 (0x01605293) srli    t0, zero, 22
core   0: 3 0x80006d54 (0x01605293) x 5 0x00000000
core   0: 0x80006d58 (0x40f2da13) srai    s4, t0, 15
core   0: 3 0x80006d58 (0x40f2da13) x20 0x00000000
core   0: 0x80006d5c (0x0272a4b3) mulhsu  s1, t0, t2
core   0: 3 0x80006d5c (0x0272a4b3) x 9 0x00000000
core   0: 0x80006d60 (0x021591b3) mulh    gp, a1, ra
core   0: 3 0x80006d60 (0x021591b3) x 3 0x00000000
core   0: 0x80006d64 (0x41110e33) sub     t3, sp, a7
core   0: 3 0x80006d64 (0x41110e33) x28 0x00000000
core   0: 0x80006d68 (0x363fe797) auipc   a5, 0x363fe
core   0: 3 0x80006d68 (0x363fe797) x15 0xb6404d68
core   0: 0x80006d6c (0x41315633) sra     a2, sp, s3
core   0: 3 0x80006d6c (0x41315633) x12 0x00000000
core   0: 0x80006d70 (0x357ca593) slti    a1, s9, 855
core   0: 3 0x80006d70 (0x357ca593) x11 0x00000001
core   0: 0x80006d74 (0x02d9beb3) mulhu   t4, s3, a3
core   0: 3 0x80006d74 (0x02d9beb3) x29 0x00000000
core   0: 0x80006d78 (0xaf2f2393) slti    t2, t5, -1294
core   0: 3 0x80006d78 (0xaf2f2393) x 7 0x00000000
core   0: 0x80006d7c (0x03a84fb3) div     t6, a6, s10
core   0: 3 0x80006d7c (0x03a84fb3) x31 0xffffffff
core   0: 0x80006d80 (0x0018a333) slt     t1, a7, ra
core   0: 3 0x80006d80 (0x0018a333) x 6 0x00000001
core   0: 0x80006d84 (0x031ba233) mulhsu  tp, s7, a7
core   0: 3 0x80006d84 (0x031ba233) x 4 0x00000000
core   0: 0x80006d88 (0x00000013) nop
core   0: 3 0x80006d88 (0x00000013)
core   0: 0x80006d8c (0x0073df33) srl     t5, t2, t2
core   0: 3 0x80006d8c (0x0073df33) x30 0x00000000
core   0: 0x80006d90 (0x4151d793) srai    a5, gp, 21
core   0: 3 0x80006d90 (0x4151d793) x15 0x00000000
core   0: 0x80006d94 (0x40fe5c13) srai    s8, t3, 15
core   0: 3 0x80006d94 (0x40fe5c13) x24 0x00000000
core   0: 0x80006d98 (0x0c5f0c13) addi    s8, t5, 197
core   0: 3 0x80006d98 (0x0c5f0c13) x24 0x000000c5
core   0: 0x80006d9c (0x000f43b3) xor     t2, t5, zero
core   0: 3 0x80006d9c (0x000f43b3) x 7 0x00000000
core   0: 0x80006da0 (0x00000013) nop
core   0: 3 0x80006da0 (0x00000013)
core   0: 0x80006da4 (0x0e6e3c13) sltiu   s8, t3, 230
core   0: 3 0x80006da4 (0x0e6e3c13) x24 0x00000001
core   0: 0x80006da8 (0x41c0db93) srai    s7, ra, 28
core   0: 3 0x80006da8 (0x41c0db93) x23 0x00000000
core   0: 0x80006dac (0x018c18b3) sll     a7, s8, s8
core   0: 3 0x80006dac (0x018c18b3) x17 0x00000002
core   0: 0x80006db0 (0x0282dd33) divu    s10, t0, s0
core   0: 3 0x80006db0 (0x0282dd33) x26 0x00000000
core   0: 0x80006db4 (0x00fab6b3) sltu    a3, s5, a5
core   0: 3 0x80006db4 (0x00fab6b3) x13 0x00000000
core   0: 0x80006db8 (0x03f559b3) divu    s3, a0, t6
core   0: 3 0x80006db8 (0x03f559b3) x19 0x00000000
core   0: 0x80006dbc (0x05a14737) lui     a4, 0x5a14
core   0: 3 0x80006dbc (0x05a14737) x14 0x05a14000
core   0: 0x80006dc0 (0x03c288b3) mul     a7, t0, t3
core   0: 3 0x80006dc0 (0x03c288b3) x17 0x00000000
core   0: 0x80006dc4 (0x0eb2f197) auipc   gp, 0xeb2f
core   0: 3 0x80006dc4 (0x0eb2f197) x 3 0x8eb35dc4
core   0: 0x80006dc8 (0x03629933) mulh    s2, t0, s6
core   0: 3 0x80006dc8 (0x03629933) x18 0x00000000
core   0: 0x80006dcc (0x30412c97) auipc   s9, 0x30412
core   0: 3 0x80006dcc (0x30412c97) x25 0xb0418dcc
core   0: 0x80006dd0 (0x10968e93) addi    t4, a3, 265
core   0: 3 0x80006dd0 (0x10968e93) x29 0x00000109
core   0: 0x80006dd4 (0x00e8d393) srli    t2, a7, 14
core   0: 3 0x80006dd4 (0x00e8d393) x 7 0x00000000
core   0: 0x80006dd8 (0x40e1dd93) srai    s11, gp, 14
core   0: 3 0x80006dd8 (0x40e1dd93) x27 0xfffe3acd
core   0: 0x80006ddc (0x40ee0db3) sub     s11, t3, a4
core   0: 3 0x80006ddc (0x40ee0db3) x27 0xfa5ec000
core   0: 0x80006de0 (0x016fb633) sltu    a2, t6, s6
core   0: 3 0x80006de0 (0x016fb633) x12 0x00000000
core   0: 0x80006de4 (0x6049b893) sltiu   a7, s3, 1540
core   0: 3 0x80006de4 (0x6049b893) x17 0x00000001
core   0: 0x80006de8 (0x74353a13) sltiu   s4, a0, 1859
core   0: 3 0x80006de8 (0x74353a13) x20 0x00000000
core   0: 0x80006dec (0x00bb7d33) and     s10, s6, a1
core   0: 3 0x80006dec (0x00bb7d33) x26 0x00000000
core   0: 0x80006df0 (0x00b0c133) xor     sp, ra, a1
core   0: 3 0x80006df0 (0x00b0c133) x 2 0x00000000
core   0: 0x80006df4 (0x1a5e7293) andi    t0, t3, 421
core   0: 3 0x80006df4 (0x1a5e7293) x 5 0x00000000
core   0: 0x80006df8 (0x00000013) nop
core   0: 3 0x80006df8 (0x00000013)
core   0: 0x80006dfc (0x032fa733) mulhsu  a4, t6, s2
core   0: 3 0x80006dfc (0x032fa733) x14 0x00000000
core   0: 0x80006e00 (0x695e7993) andi    s3, t3, 1685
core   0: 3 0x80006e00 (0x695e7993) x19 0x00000000
core   0: 0x80006e04 (0xb733ed93) ori     s11, t2, -1165
core   0: 3 0x80006e04 (0xb733ed93) x27 0xfffffb73
core   0: 0x80006e08 (0x03f271b3) remu    gp, tp, t6
core   0: 3 0x80006e08 (0x03f271b3) x 3 0x00000000
core   0: 0x80006e0c (0x02d07133) remu    sp, zero, a3
core   0: 3 0x80006e0c (0x02d07133) x 2 0x00000000
core   0: 0x80006e10 (0x40545a93) srai    s5, s0, 5
core   0: 3 0x80006e10 (0x40545a93) x21 0x00000000
core   0: 0x80006e14 (0xb2327c13) andi    s8, tp, -1245
core   0: 3 0x80006e14 (0xb2327c13) x24 0x00000000
core   0: 0x80006e18 (0x03cab633) mulhu   a2, s5, t3
core   0: 3 0x80006e18 (0x03cab633) x12 0x00000000
core   0: 0x80006e1c (0x01fd5a33) srl     s4, s10, t6
core   0: 3 0x80006e1c (0x01fd5a33) x20 0x00000000
core   0: 0x80006e20 (0x003500b3) add     ra, a0, gp
core   0: 3 0x80006e20 (0x003500b3) x 1 0x80000000
core   0: 0x80006e24 (0x023beeb3) rem     t4, s7, gp
core   0: 3 0x80006e24 (0x023beeb3) x29 0x00000000
core   0: 0x80006e28 (0x41745d13) srai    s10, s0, 23
core   0: 3 0x80006e28 (0x41745d13) x26 0x00000000
core   0: 0x80006e2c (0x00daea33) or      s4, s5, a3
core   0: 3 0x80006e2c (0x00daea33) x20 0x00000000
core   0: 0x80006e30 (0xe2774f13) xori    t5, a4, -473
core   0: 3 0x80006e30 (0xe2774f13) x30 0xfffffe27
core   0: 0x80006e34 (0x0395be33) mulhu   t3, a1, s9
core   0: 3 0x80006e34 (0x0395be33) x28 0x00000000
core   0: 0x80006e38 (0x036767b3) rem     a5, a4, s6
core   0: 3 0x80006e38 (0x036767b3) x15 0x00000000
core   0: 0x80006e3c (0x5ed8e097) auipc   ra, 0x5ed8e
core   0: 3 0x80006e3c (0x5ed8e097) x 1 0xded94e3c
core   0: 0x80006e40 (0xf6e1af13) slti    t5, gp, -146
core   0: 3 0x80006e40 (0xf6e1af13) x30 0x00000000
core   0: 0x80006e44 (0x01cf5913) srli    s2, t5, 28
core   0: 3 0x80006e44 (0x01cf5913) x18 0x00000000
core   0: 0x80006e48 (0x01fc7033) and     zero, s8, t6
core   0: 3 0x80006e48 (0x01fc7033)
core   0: 0x80006e4c (0x178c2013) slti    zero, s8, 376
core   0: 3 0x80006e4c (0x178c2013)
core   0: 0x80006e50 (0x0337fdb3) remu    s11, a5, s3
core   0: 3 0x80006e50 (0x0337fdb3) x27 0x00000000
core   0: 0x80006e54 (0x8968f793) andi    a5, a7, -1898
core   0: 3 0x80006e54 (0x8968f793) x15 0x00000000
core   0: 0x80006e58 (0x3ffca6b7) lui     a3, 0x3ffca
core   0: 3 0x80006e58 (0x3ffca6b7) x13 0x3ffca000
core   0: 0x80006e5c (0x40f30293) addi    t0, t1, 1039
core   0: 3 0x80006e5c (0x40f30293) x 5 0x00000410
core   0: 0x80006e60 (0x01ffae33) slt     t3, t6, t6
core   0: 3 0x80006e60 (0x01ffae33) x28 0x00000000
core   0: 0x80006e64 (0x3a04e993) ori     s3, s1, 928
core   0: 3 0x80006e64 (0x3a04e993) x19 0x000003a0
core   0: 0x80006e68 (0x4f83f713) andi    a4, t2, 1272
core   0: 3 0x80006e68 (0x4f83f713) x14 0x00000000
core   0: 0x80006e6c (0x83a9f413) andi    s0, s3, -1990
core   0: 3 0x80006e6c (0x83a9f413) x 8 0x00000020
core   0: 0x80006e70 (0x0080d9b3) srl     s3, ra, s0
core   0: 3 0x80006e70 (0x0080d9b3) x19 0xded94e3c
core   0: 0x80006e74 (0x004dbab3) sltu    s5, s11, tp
core   0: 3 0x80006e74 (0x004dbab3) x21 0x00000000
core   0: 0x80006e78 (0x03a155b3) divu    a1, sp, s10
core   0: 3 0x80006e78 (0x03a155b3) x11 0xffffffff
core   0: 0x80006e7c (0x03ac3733) mulhu   a4, s8, s10
core   0: 3 0x80006e7c (0x03ac3733) x14 0x00000000
core   0: 0x80006e80 (0x01b982b3) add     t0, s3, s11
core   0: 3 0x80006e80 (0x01b982b3) x 5 0xded94e3c
core   0: 0x80006e84 (0xa4d34913) xori    s2, t1, -1459
core   0: 3 0x80006e84 (0xa4d34913) x18 0xfffffa4c
core   0: 0x80006e88 (0x01a3fcb3) and     s9, t2, s10
core   0: 3 0x80006e88 (0x01a3fcb3) x25 0x00000000
core   0: 0x80006e8c (0x03ea1f33) mulh    t5, s4, t5
core   0: 3 0x80006e8c (0x03ea1f33) x30 0x00000000
core   0: 0x80006e90 (0xe2c5c993) xori    s3, a1, -468
core   0: 3 0x80006e90 (0xe2c5c993) x19 0x000001d3
core   0: 0x80006e94 (0x6973a313) slti    t1, t2, 1687
core   0: 3 0x80006e94 (0x6973a313) x 6 0x00000001
core   0: 0x80006e98 (0x75cf6597) auipc   a1, 0x75cf6
core   0: 3 0x80006e98 (0x75cf6597) x11 0xf5cfce98
core   0: 0x80006e9c (0x40ab5593) srai    a1, s6, 10
core   0: 3 0x80006e9c (0x40ab5593) x11 0xffe00053
core   0: 0x80006ea0 (0xd1e08197) auipc   gp, 0xd1e08
core   0: 3 0x80006ea0 (0xd1e08197) x 3 0x51e0eea0
core   0: 0x80006ea4 (0x01ed1c33) sll     s8, s10, t5
core   0: 3 0x80006ea4 (0x01ed1c33) x24 0x00000000
core   0: 0x80006ea8 (0x01af5193) srli    gp, t5, 26
core   0: 3 0x80006ea8 (0x01af5193) x 3 0x00000000
core   0: 0x80006eac (0x00b92733) slt     a4, s2, a1
core   0: 3 0x80006eac (0x00b92733) x14 0x00000000
core   0: 0x80006eb0 (0x0d3dcfb7) lui     t6, 0xd3dc
core   0: 3 0x80006eb0 (0x0d3dcfb7) x31 0x0d3dc000
core   0: 0x80006eb4 (0xddea4a13) xori    s4, s4, -546
core   0: 3 0x80006eb4 (0xddea4a13) x20 0xfffffdde
core   0: 0x80006eb8 (0x77327b93) andi    s7, tp, 1907
core   0: 3 0x80006eb8 (0x77327b93) x23 0x00000000
core   0: 0x80006ebc (0xdf662f13) slti    t5, a2, -522
core   0: 3 0x80006ebc (0xdf662f13) x30 0x00000000
core   0: 0x80006ec0 (0x1eb37a13) andi    s4, t1, 491
core   0: 3 0x80006ec0 (0x1eb37a13) x20 0x00000001
core   0: 0x80006ec4 (0x22ea6bb7) lui     s7, 0x22ea6
core   0: 3 0x80006ec4 (0x22ea6bb7) x23 0x22ea6000
core   0: 0x80006ec8 (0x02e409b3) mul     s3, s0, a4
core   0: 3 0x80006ec8 (0x02e409b3) x19 0x00000000
core   0: 0x80006ecc (0x00ba31b3) sltu    gp, s4, a1
core   0: 3 0x80006ecc (0x00ba31b3) x 3 0x00000001
core   0: 0x80006ed0 (0x99837013) andi    zero, t1, -1640
core   0: 3 0x80006ed0 (0x99837013)
core   0: 0x80006ed4 (0x65048493) addi    s1, s1, 1616
core   0: 3 0x80006ed4 (0x65048493) x 9 0x00000650
core   0: 0x80006ed8 (0x0304a933) mulhsu  s2, s1, a6
core   0: 3 0x80006ed8 (0x0304a933) x18 0x00000328
core   0: 0x80006edc (0x03a778b3) remu    a7, a4, s10
core   0: 3 0x80006edc (0x03a778b3) x17 0x00000000
core   0: 0x80006ee0 (0x00591733) sll     a4, s2, t0
core   0: 3 0x80006ee0 (0x00591733) x14 0x80000000
core   0: 0x80006ee4 (0x008845b3) xor     a1, a6, s0
core   0: 3 0x80006ee4 (0x008845b3) x11 0x80018cc4
core   0: 0x80006ee8 (0x0069d733) srl     a4, s3, t1
core   0: 3 0x80006ee8 (0x0069d733) x14 0x00000000
core   0: 0x80006eec (0x02b7c6b3) div     a3, a5, a1
core   0: 3 0x80006eec (0x02b7c6b3) x13 0x00000000
core   0: 0x80006ef0 (0xba90e613) ori     a2, ra, -1111
core   0: 3 0x80006ef0 (0xba90e613) x12 0xffffffbd
core   0: 0x80006ef4 (0xc0de7613) andi    a2, t3, -1011
core   0: 3 0x80006ef4 (0xc0de7613) x12 0x00000000
core   0: 0x80006ef8 (0x00354eb3) xor     t4, a0, gp
core   0: 3 0x80006ef8 (0x00354eb3) x29 0x80000001
core   0: 0x80006efc (0x7eb4e793) ori     a5, s1, 2027
core   0: 3 0x80006efc (0x7eb4e793) x15 0x000007fb
core   0: 0x80006f00 (0x083d4093) xori    ra, s10, 131
core   0: 3 0x80006f00 (0x083d4093) x 1 0x00000083
core   0: 0x80006f04 (0x40a65fb3) sra     t6, a2, a0
core   0: 3 0x80006f04 (0x40a65fb3) x31 0x00000000
core   0: 0x80006f08 (0x41148f33) sub     t5, s1, a7
core   0: 3 0x80006f08 (0x41148f33) x30 0x00000650
core   0: 0x80006f0c (0x09fac113) xori    sp, s5, 159
core   0: 3 0x80006f0c (0x09fac113) x 2 0x0000009f
core   0: 0x80006f10 (0x01851b93) slli    s7, a0, 24
core   0: 3 0x80006f10 (0x01851b93) x23 0x00000000
core   0: 0x80006f14 (0x41b6df93) srai    t6, a3, 27
core   0: 3 0x80006f14 (0x41b6df93) x31 0x00000000
core   0: 0x80006f18 (0x01040e33) add     t3, s0, a6
core   0: 3 0x80006f18 (0x01040e33) x28 0x80018d04
core   0: 0x80006f1c (0x018c2ab3) slt     s5, s8, s8
core   0: 3 0x80006f1c (0x018c2ab3) x21 0x00000000
core   0: 0x80006f20 (0x021e48b3) div     a7, t3, ra
core   0: 3 0x80006f20 (0x021e48b3) x17 0xff05dfdb
core   0: 0x80006f24 (0x03fb6933) rem     s2, s6, t6
core   0: 3 0x80006f24 (0x03fb6933) x18 0x80014e64
core   0: 0x80006f28 (0x6b9a0913) addi    s2, s4, 1721
core   0: 3 0x80006f28 (0x6b9a0913) x18 0x000006ba
core   0: 0x80006f2c (0x0191f1b3) and     gp, gp, s9
core   0: 3 0x80006f2c (0x0191f1b3) x 3 0x00000000
core   0: 0x80006f30 (0x00484c33) xor     s8, a6, tp
core   0: 3 0x80006f30 (0x00484c33) x24 0x80018ce4
core   0: 0x80006f34 (0xc3c66593) ori     a1, a2, -964
core   0: 3 0x80006f34 (0xc3c66593) x11 0xfffffc3c
core   0: 0x80006f38 (0x0391a5b3) mulhsu  a1, gp, s9
core   0: 3 0x80006f38 (0x0391a5b3) x11 0x00000000
core   0: 0x80006f3c (0x02cdacb3) mulhsu  s9, s11, a2
core   0: 3 0x80006f3c (0x02cdacb3) x25 0x00000000
core   0: 0x80006f40 (0x9d65bb93) sltiu   s7, a1, -1578
core   0: 3 0x80006f40 (0x9d65bb93) x23 0x00000001
core   0: 0x80006f44 (0x016aaeb3) slt     t4, s5, s6
core   0: 3 0x80006f44 (0x016aaeb3) x29 0x00000000
core   0: 0x80006f48 (0x0218ed33) rem     s10, a7, ra
core   0: 3 0x80006f48 (0x0218ed33) x26 0xffffffbc
core   0: 0x80006f4c (0x020b5133) divu    sp, s6, zero
core   0: 3 0x80006f4c (0x020b5133) x 2 0xffffffff
core   0: 0x80006f50 (0x727f6693) ori     a3, t5, 1831
core   0: 3 0x80006f50 (0x727f6693) x13 0x00000777
core   0: 0x80006f54 (0x45a1d217) auipc   tp, 0x45a1d
core   0: 3 0x80006f54 (0x45a1d217) x 4 0xc5a23f54
core   0: 0x80006f58 (0x01241393) slli    t2, s0, 18
core   0: 3 0x80006f58 (0x01241393) x 7 0x00800000
core   0: 0x80006f5c (0x41cf00b3) sub     ra, t5, t3
core   0: 3 0x80006f5c (0x41cf00b3) x 1 0x7ffe794c
core   0: 0x80006f60 (0x40965a13) srai    s4, a2, 9
core   0: 3 0x80006f60 (0x40965a13) x20 0x00000000
core   0: 0x80006f64 (0x01f9d413) srli    s0, s3, 31
core   0: 3 0x80006f64 (0x01f9d413) x 8 0x00000000
core   0: 0x80006f68 (0x29a03993) sltiu   s3, zero, 666
core   0: 3 0x80006f68 (0x29a03993) x19 0x00000001
core   0: 0x80006f6c (0x8564c693) xori    a3, s1, -1962
core   0: 3 0x80006f6c (0x8564c693) x13 0xfffffe06
core   0: 0x80006f70 (0x410306b3) sub     a3, t1, a6
core   0: 3 0x80006f70 (0x410306b3) x13 0x7ffe731d
core   0: 0x80006f74 (0x03972bb3) mulhsu  s7, a4, s9
core   0: 3 0x80006f74 (0x03972bb3) x23 0x00000000
core   0: 0x80006f78 (0x00641313) slli    t1, s0, 6
core   0: 3 0x80006f78 (0x00641313) x 6 0x00000000
core   0: 0x80006f7c (0x415d5e33) sra     t3, s10, s5
core   0: 3 0x80006f7c (0x415d5e33) x28 0xffffffbc
core   0: 0x80006f80 (0x4145d733) sra     a4, a1, s4
core   0: 3 0x80006f80 (0x4145d733) x14 0x00000000
core   0: 0x80006f84 (0x419d09b3) sub     s3, s10, s9
core   0: 3 0x80006f84 (0x419d09b3) x19 0xffffffbc
core   0: 0x80006f88 (0x40ba8e33) sub     t3, s5, a1
core   0: 3 0x80006f88 (0x40ba8e33) x28 0x00000000
core   0: 0x80006f8c (0x00107233) and     tp, zero, ra
core   0: 3 0x80006f8c (0x00107233) x 4 0x00000000
core   0: 0x80006f90 (0x74b46193) ori     gp, s0, 1867
core   0: 3 0x80006f90 (0x74b46193) x 3 0x0000074b
core   0: 0x80006f94 (0x00000013) nop
core   0: 3 0x80006f94 (0x00000013)
core   0: 0x80006f98 (0x641ac793) xori    a5, s5, 1601
core   0: 3 0x80006f98 (0x641ac793) x15 0x00000641
core   0: 0x80006f9c (0x6d5bf293) andi    t0, s7, 1749
core   0: 3 0x80006f9c (0x6d5bf293) x 5 0x00000000
core   0: 0x80006fa0 (0x02af29b3) mulhsu  s3, t5, a0
core   0: 3 0x80006fa0 (0x02af29b3) x19 0x00000328
core   0: 0x80006fa4 (0x40f65413) srai    s0, a2, 15
core   0: 3 0x80006fa4 (0x40f65413) x 8 0x00000000
core   0: 0x80006fa8 (0x0340e4b3) rem     s1, ra, s4
core   0: 3 0x80006fa8 (0x0340e4b3) x 9 0x7ffe794c
core   0: 0x80006fac (0x686fc593) xori    a1, t6, 1670
core   0: 3 0x80006fac (0x686fc593) x11 0x00000686
core   0: 0x80006fb0 (0x3ba2ae13) slti    t3, t0, 954
core   0: 3 0x80006fb0 (0x3ba2ae13) x28 0x00000001
core   0: 0x80006fb4 (0xcae23c13) sltiu   s8, tp, -850
core   0: 3 0x80006fb4 (0xcae23c13) x24 0x00000001
core   0: 0x80006fb8 (0x019afd33) and     s10, s5, s9
core   0: 3 0x80006fb8 (0x019afd33) x26 0x00000000
core   0: 0x80006fbc (0x0361ad33) mulhsu  s10, gp, s6
core   0: 3 0x80006fbc (0x0361ad33) x26 0x000003a5
core   0: 0x80006fc0 (0x0235e933) rem     s2, a1, gp
core   0: 3 0x80006fc0 (0x0235e933) x18 0x00000686
core   0: 0x80006fc4 (0xe4fd6493) ori     s1, s10, -433
core   0: 3 0x80006fc4 (0xe4fd6493) x 9 0xffffffef
core   0: 0x80006fc8 (0xd3523a93) sltiu   s5, tp, -715
core   0: 3 0x80006fc8 (0xd3523a93) x21 0x00000001
core   0: 0x80006fcc (0x010a9eb3) sll     t4, s5, a6
core   0: 3 0x80006fcc (0x010a9eb3) x29 0x00000010
core   0: 0x80006fd0 (0x0128d3b3) srl     t2, a7, s2
core   0: 3 0x80006fd0 (0x0128d3b3) x 7 0x03fc177f
core   0: 0x80006fd4 (0x03b1fcb3) remu    s9, gp, s11
core   0: 3 0x80006fd4 (0x03b1fcb3) x25 0x0000074b
core   0: 0x80006fd8 (0x32f680b7) lui     ra, 0x32f68
core   0: 3 0x80006fd8 (0x32f680b7) x 1 0x32f68000
core   0: 0x80006fdc (0x01c723b3) slt     t2, a4, t3
core   0: 3 0x80006fdc (0x01c723b3) x 7 0x00000001
core   0: 0x80006fe0 (0xb9849097) auipc   ra, 0xb9849
core   0: 3 0x80006fe0 (0xb9849097) x 1 0x3984ffe0
core   0: 0x80006fe4 (0x010a1e13) slli    t3, s4, 16
core   0: 3 0x80006fe4 (0x010a1e13) x28 0x00000000
core   0: 0x80006fe8 (0x00430333) add     t1, t1, tp
core   0: 3 0x80006fe8 (0x00430333) x 6 0x00000000
core   0: 0x80006fec (0x03553133) mulhu   sp, a0, s5
core   0: 3 0x80006fec (0x03553133) x 2 0x00000000
core   0: 0x80006ff0 (0x007e7bb3) and     s7, t3, t2
core   0: 3 0x80006ff0 (0x007e7bb3) x23 0x00000000
core   0: 0x80006ff4 (0x004fcfb3) xor     t6, t6, tp
core   0: 3 0x80006ff4 (0x004fcfb3) x31 0x00000000
core   0: 0x80006ff8 (0x001427b3) slt     a5, s0, ra
core   0: 3 0x80006ff8 (0x001427b3) x15 0x00000001
core   0: 0x80006ffc (0xaea5d9b7) lui     s3, 0xaea5d
core   0: 3 0x80006ffc (0xaea5d9b7) x19 0xaea5d000
core   0: 0x80007000 (0x02141933) mulh    s2, s0, ra
core   0: 3 0x80007000 (0x02141933) x18 0x00000000
core   0: 0x80007004 (0x037026b3) mulhsu  a3, zero, s7
core   0: 3 0x80007004 (0x037026b3) x13 0x00000000
core   0: 0x80007008 (0x01989013) slli    zero, a7, 25
core   0: 3 0x80007008 (0x01989013)
core   0: 0x8000700c (0x013fc133) xor     sp, t6, s3
core   0: 3 0x8000700c (0x013fc133) x 2 0xaea5d000
core   0: 0x80007010 (0x0190abb3) slt     s7, ra, s9
core   0: 3 0x80007010 (0x0190abb3) x23 0x00000000
core   0: 0x80007014 (0x00000013) nop
core   0: 3 0x80007014 (0x00000013)
core   0: 0x80007018 (0x037d3333) mulhu   t1, s10, s7
core   0: 3 0x80007018 (0x037d3333) x 6 0x00000000
core   0: 0x8000701c (0x00d55c93) srli    s9, a0, 13
core   0: 3 0x8000701c (0x00d55c93) x25 0x00040000
core   0: 0x80007020 (0x4113d913) srai    s2, t2, 17
core   0: 3 0x80007020 (0x4113d913) x18 0x00000000
core   0: 0x80007024 (0x16239897) auipc   a7, 0x16239
core   0: 3 0x80007024 (0x16239897) x17 0x96240024
core   0: 0x80007028 (0xb9e4bbb7) lui     s7, 0xb9e4b
core   0: 3 0x80007028 (0xb9e4bbb7) x23 0xb9e4b000
core   0: 0x8000702c (0x00000013) nop
core   0: 3 0x8000702c (0x00000013)
core   0: 0x80007030 (0x507e5397) auipc   t2, 0x507e5
core   0: 3 0x80007030 (0x507e5397) x 7 0xd07ec030
core   0: 0x80007034 (0x038aacb3) mulhsu  s9, s5, s8
core   0: 3 0x80007034 (0x038aacb3) x25 0x00000000
core   0: 0x80007038 (0x031bfcb3) remu    s9, s7, a7
core   0: 3 0x80007038 (0x031bfcb3) x25 0x23c0afdc
core   0: 0x8000703c (0x0372a433) mulhsu  s0, t0, s7
core   0: 3 0x8000703c (0x0372a433) x 8 0x00000000
core   0: 0x80007040 (0x02e80bb3) mul     s7, a6, a4
core   0: 3 0x80007040 (0x02e80bb3) x23 0x00000000
core   0: 0x80007044 (0x2dbc6eb7) lui     t4, 0x2dbc6
core   0: 3 0x80007044 (0x2dbc6eb7) x29 0x2dbc6000
core   0: 0x80007048 (0xc4276893) ori     a7, a4, -958
core   0: 3 0x80007048 (0xc4276893) x17 0xfffffc42
core   0: 0x8000704c (0x00000013) nop
core   0: 3 0x8000704c (0x00000013)
core   0: 0x80007050 (0x00510333) add     t1, sp, t0
core   0: 3 0x80007050 (0x00510333) x 6 0xaea5d000
core   0: 0x80007054 (0x40245293) srai    t0, s0, 2
core   0: 3 0x80007054 (0x40245293) x 5 0x00000000
core   0: 0x80007058 (0x0345bfb3) mulhu   t6, a1, s4
core   0: 3 0x80007058 (0x0345bfb3) x31 0x00000000
core   0: 0x8000705c (0x0235f633) remu    a2, a1, gp
core   0: 3 0x8000705c (0x0235f633) x12 0x00000686
core   0: 0x80007060 (0x97626913) ori     s2, tp, -1674
core   0: 3 0x80007060 (0x97626913) x18 0xfffff976
core   0: 0x80007064 (0x00ac5213) srli    tp, s8, 10
core   0: 3 0x80007064 (0x00ac5213) x 4 0x00000000
core   0: 0x80007068 (0x0123b433) sltu    s0, t2, s2
core   0: 3 0x80007068 (0x0123b433) x 8 0x00000001
core   0: 0x8000706c (0xc59e80b7) lui     ra, 0xc59e8
core   0: 3 0x8000706c (0xc59e80b7) x 1 0xc59e8000
core   0: 0x80007070 (0x40345db3) sra     s11, s0, gp
core   0: 3 0x80007070 (0x40345db3) x27 0x00000000
core   0: 0x80007074 (0x0066d913) srli    s2, a3, 6
core   0: 3 0x80007074 (0x0066d913) x18 0x00000000
core   0: 0x80007078 (0x01c42a33) slt     s4, s0, t3
core   0: 3 0x80007078 (0x01c42a33) x20 0x00000000
core   0: 0x8000707c (0x41ebd5b3) sra     a1, s7, t5
core   0: 3 0x8000707c (0x41ebd5b3) x11 0x00000000
core   0: 0x80007080 (0x023c8733) mul     a4, s9, gp
core   0: 3 0x80007080 (0x023c8733) x14 0xbe428974
core   0: 0x80007084 (0x4137dab3) sra     s5, a5, s3
core   0: 3 0x80007084 (0x4137dab3) x21 0x00000001
core   0: 0x80007088 (0x02369e33) mulh    t3, a3, gp
core   0: 3 0x80007088 (0x02369e33) x28 0x00000000
core   0: 0x8000708c (0x07c2f593) andi    a1, t0, 124
core   0: 3 0x8000708c (0x07c2f593) x11 0x00000000
core   0: 0x80007090 (0x026b94b3) mulh    s1, s7, t1
core   0: 3 0x80007090 (0x026b94b3) x 9 0x00000000
core   0: 0x80007094 (0x00c010b3) sll     ra, zero, a2
core   0: 3 0x80007094 (0x00c010b3) x 1 0x00000000
core   0: 0x80007098 (0x00ad5733) srl     a4, s10, a0
core   0: 3 0x80007098 (0x00ad5733) x14 0x000003a5
core   0: 0x8000709c (0x00fe5ab3) srl     s5, t3, a5
core   0: 3 0x8000709c (0x00fe5ab3) x21 0x00000000
core   0: 0x800070a0 (0x00225c33) srl     s8, tp, sp
core   0: 3 0x800070a0 (0x00225c33) x24 0x00000000
core   0: 0x800070a4 (0x02dd2c33) mulhsu  s8, s10, a3
core   0: 3 0x800070a4 (0x02dd2c33) x24 0x00000000
core   0: 0x800070a8 (0x96306093) ori     ra, zero, -1693
core   0: 3 0x800070a8 (0x96306093) x 1 0xfffff963
core   0: 0x800070ac (0x7daab593) sltiu   a1, s5, 2010
core   0: 3 0x800070ac (0x7daab593) x11 0x00000001
core   0: 0x800070b0 (0x03de28b3) mulhsu  a7, t3, t4
core   0: 3 0x800070b0 (0x03de28b3) x17 0x00000000
core   0: 0x800070b4 (0x4b64c793) xori    a5, s1, 1206
core   0: 3 0x800070b4 (0x4b64c793) x15 0x000004b6
core   0: 0x800070b8 (0x41c98c33) sub     s8, s3, t3
core   0: 3 0x800070b8 (0x41c98c33) x24 0xaea5d000
core   0: 0x800070bc (0x01865233) srl     tp, a2, s8
core   0: 3 0x800070bc (0x01865233) x 4 0x00000686
core   0: 0x800070c0 (0x01e394b3) sll     s1, t2, t5
core   0: 3 0x800070c0 (0x01e394b3) x 9 0xc0300000
core   0: 0x800070c4 (0x41530333) sub     t1, t1, s5
core   0: 3 0x800070c4 (0x41530333) x 6 0xaea5d000
core   0: 0x800070c8 (0x0fb12117) auipc   sp, 0xfb12
core   0: 3 0x800070c8 (0x0fb12117) x 2 0x8fb190c8
core   0: 0x800070cc (0x037630b3) mulhu   ra, a2, s7
core   0: 3 0x800070cc (0x037630b3) x 1 0x00000000
core   0: 0x800070d0 (0x017a3733) sltu    a4, s4, s7
core   0: 3 0x800070d0 (0x017a3733) x14 0x00000000
core   0: 0x800070d4 (0x02f95633) divu    a2, s2, a5
core   0: 3 0x800070d4 (0x02f95633) x12 0x00000000
core   0: 0x800070d8 (0x0218da33) divu    s4, a7, ra
core   0: 3 0x800070d8 (0x0218da33) x20 0xffffffff
core   0: 0x800070dc (0x410fdbb3) sra     s7, t6, a6
core   0: 3 0x800070dc (0x410fdbb3) x23 0x00000000
core   0: 0x800070e0 (0x034529b3) mulhsu  s3, a0, s4
core   0: 3 0x800070e0 (0x034529b3) x19 0x80000000
core   0: 0x800070e4 (0x018e5033) srl     zero, t3, s8
core   0: 3 0x800070e4 (0x018e5033)
core   0: 0x800070e8 (0x0144dc13) srli    s8, s1, 20
core   0: 3 0x800070e8 (0x0144dc13) x24 0x00000c03
core   0: 0x800070ec (0x00b76cb3) or      s9, a4, a1
core   0: 3 0x800070ec (0x00b76cb3) x25 0x00000001
core   0: 0x800070f0 (0x9515ef97) auipc   t6, 0x9515e
core   0: 3 0x800070f0 (0x9515ef97) x31 0x151650f0
core   0: 0x800070f4 (0x0017c8b3) xor     a7, a5, ra
core   0: 3 0x800070f4 (0x0017c8b3) x17 0x000004b6
core   0: 0x800070f8 (0x0180d013) srli    zero, ra, 24
core   0: 3 0x800070f8 (0x0180d013)
core   0: 0x800070fc (0x03285fb3) divu    t6, a6, s2
core   0: 3 0x800070fc (0x03285fb3) x31 0xffffffff
core   0: 0x80007100 (0x41ed0433) sub     s0, s10, t5
core   0: 3 0x80007100 (0x41ed0433) x 8 0xfffffd55
core   0: 0x80007104 (0x40f75133) sra     sp, a4, a5
core   0: 3 0x80007104 (0x40f75133) x 2 0x00000000
core   0: 0x80007108 (0x02757a33) remu    s4, a0, t2
core   0: 3 0x80007108 (0x02757a33) x20 0x80000000
core   0: 0x8000710c (0x85c28d93) addi    s11, t0, -1956
core   0: 3 0x8000710c (0x85c28d93) x27 0xfffff85c
core   0: 0x80007110 (0x03c9b8b3) mulhu   a7, s3, t3
core   0: 3 0x80007110 (0x03c9b8b3) x17 0x00000000
core   0: 0x80007114 (0x008e9e33) sll     t3, t4, s0
core   0: 3 0x80007114 (0x008e9e33) x28 0x00000000
core   0: 0x80007118 (0x00b799b3) sll     s3, a5, a1
core   0: 3 0x80007118 (0x00b799b3) x19 0x0000096c
core   0: 0x8000711c (0x0112ecb3) or      s9, t0, a7
core   0: 3 0x8000711c (0x0112ecb3) x25 0x00000000
core   0: 0x80007120 (0x83aa8893) addi    a7, s5, -1990
core   0: 3 0x80007120 (0x83aa8893) x17 0xfffff83a
core   0: 0x80007124 (0x001c9c93) slli    s9, s9, 1
core   0: 3 0x80007124 (0x001c9c93) x25 0x00000000
core   0: 0x80007128 (0x41efd2b3) sra     t0, t6, t5
core   0: 3 0x80007128 (0x41efd2b3) x 5 0xffffffff
core   0: 0x8000712c (0x01ad2433) slt     s0, s10, s10
core   0: 3 0x8000712c (0x01ad2433) x 8 0x00000000
core   0: 0x80007130 (0x00000013) nop
core   0: 3 0x80007130 (0x00000013)
core   0: 0x80007134 (0x2790c913) xori    s2, ra, 633
core   0: 3 0x80007134 (0x2790c913) x18 0x00000279
core   0: 0x80007138 (0x01481f13) slli    t5, a6, 20
core   0: 3 0x80007138 (0x01481f13) x30 0xce400000
core   0: 0x8000713c (0x80a38e97) auipc   t4, 0x80a38
core   0: 3 0x8000713c (0x80a38e97) x29 0x00a3f13c
core   0: 0x80007140 (0x00787db3) and     s11, a6, t2
core   0: 3 0x80007140 (0x00787db3) x27 0x80008020
core   0: 0x80007144 (0x01088f33) add     t5, a7, a6
core   0: 3 0x80007144 (0x01088f33) x30 0x8001851e
core   0: 0x80007148 (0x003b4bb3) xor     s7, s6, gp
core   0: 3 0x80007148 (0x003b4bb3) x23 0x8001492f
core   0: 0x8000714c (0x019ed893) srli    a7, t4, 25
core   0: 3 0x8000714c (0x019ed893) x17 0x00000000
core   0: 0x80007150 (0x00000013) nop
core   0: 3 0x80007150 (0x00000013)
core   0: 0x80007154 (0x3ed74493) xori    s1, a4, 1005
core   0: 3 0x80007154 (0x3ed74493) x 9 0x000003ed
core   0: 0x80007158 (0x01c901b3) add     gp, s2, t3
core   0: 3 0x80007158 (0x01c901b3) x 3 0x00000279
core   0: 0x8000715c (0xc6c73e93) sltiu   t4, a4, -916
core   0: 3 0x8000715c (0xc6c73e93) x29 0x00000001
core   0: 0x80007160 (0x007b06b3) add     a3, s6, t2
core   0: 3 0x80007160 (0x007b06b3) x13 0x50800e94
core   0: 0x80007164 (0x006750b3) srl     ra, a4, t1
core   0: 3 0x80007164 (0x006750b3) x 1 0x00000000
core   0: 0x80007168 (0x0198b0b3) sltu    ra, a7, s9
core   0: 3 0x80007168 (0x0198b0b3) x 1 0x00000000
core   0: 0x8000716c (0x1bed0893) addi    a7, s10, 446
core   0: 3 0x8000716c (0x1bed0893) x17 0x00000563
core   0: 0x80007170 (0x01d99f33) sll     t5, s3, t4
core   0: 3 0x80007170 (0x01d99f33) x30 0x000012d8
core   0: 0x80007174 (0x03249633) mulh    a2, s1, s2
core   0: 3 0x80007174 (0x03249633) x12 0x00000000
core   0: 0x80007178 (0x018223b3) slt     t2, tp, s8
core   0: 3 0x80007178 (0x018223b3) x 7 0x00000001
core   0: 0x8000717c (0x01a1b3b3) sltu    t2, gp, s10
core   0: 3 0x8000717c (0x01a1b3b3) x 7 0x00000001
core   0: 0x80007180 (0xdb80ef93) ori     t6, ra, -584
core   0: 3 0x80007180 (0xdb80ef93) x31 0xfffffdb8
core   0: 0x80007184 (0x03ae4bb3) div     s7, t3, s10
core   0: 3 0x80007184 (0x03ae4bb3) x23 0x00000000
core   0: 0x80007188 (0x030ca133) mulhsu  sp, s9, a6
core   0: 3 0x80007188 (0x030ca133) x 2 0x00000000
core   0: 0x8000718c (0x41ce8133) sub     sp, t4, t3
core   0: 3 0x8000718c (0x41ce8133) x 2 0x00000001
core   0: 0x80007190 (0x0092ba33) sltu    s4, t0, s1
core   0: 3 0x80007190 (0x0092ba33) x20 0x00000000
core   0: 0x80007194 (0x00000013) nop
core   0: 3 0x80007194 (0x00000013)
core   0: 0x80007198 (0x413cdd13) srai    s10, s9, 19
core   0: 3 0x80007198 (0x413cdd13) x26 0x00000000
core   0: 0x8000719c (0x02db20b3) mulhsu  ra, s6, a3
core   0: 3 0x8000719c (0x02db20b3) x 1 0xd7c061dc
core   0: 0x800071a0 (0x00faaab3) slt     s5, s5, a5
core   0: 3 0x800071a0 (0x00faaab3) x21 0x00000001
core   0: 0x800071a4 (0x4ca1cb93) xori    s7, gp, 1226
core   0: 3 0x800071a4 (0x4ca1cb93) x23 0x000006b3
core   0: 0x800071a8 (0x01289d13) slli    s10, a7, 18
core   0: 3 0x800071a8 (0x01289d13) x26 0x158c0000
core   0: 0x800071ac (0x01bf11b3) sll     gp, t5, s11
core   0: 3 0x800071ac (0x01bf11b3) x 3 0x000012d8
core   0: 0x800071b0 (0xc71ec413) xori    s0, t4, -911
core   0: 3 0x800071b0 (0xc71ec413) x 8 0xfffffc70
core   0: 0x800071b4 (0x98b9e613) ori     a2, s3, -1653
core   0: 3 0x800071b4 (0x98b9e613) x12 0xfffff9ef
core   0: 0x800071b8 (0x034a14b3) mulh    s1, s4, s4
core   0: 3 0x800071b8 (0x034a14b3) x 9 0x00000000
core   0: 0x800071bc (0xca59f913) andi    s2, s3, -859
core   0: 3 0x800071bc (0xca59f913) x18 0x00000824
core   0: 0x800071c0 (0x01ba9493) slli    s1, s5, 27
core   0: 3 0x800071c0 (0x01ba9493) x 9 0x08000000
core   0: 0x800071c4 (0x03bbaeb3) mulhsu  t4, s7, s11
core   0: 3 0x800071c4 (0x03bbaeb3) x29 0x00000359
core   0: 0x800071c8 (0x00000013) nop
core   0: 3 0x800071c8 (0x00000013)
core   0: 0x800071cc (0x007167b3) or      a5, sp, t2
core   0: 3 0x800071cc (0x007167b3) x15 0x00000001
core   0: 0x800071d0 (0x032614b3) mulh    s1, a2, s2
core   0: 3 0x800071d0 (0x032614b3) x 9 0xffffffff
core   0: 0x800071d4 (0x01300bb3) add     s7, zero, s3
core   0: 3 0x800071d4 (0x01300bb3) x23 0x0000096c
core   0: 0x800071d8 (0xe6934b93) xori    s7, t1, -407
core   0: 3 0x800071d8 (0xe6934b93) x23 0x515a2e69
core   0: 0x800071dc (0x9fcea793) slti    a5, t4, -1540
core   0: 3 0x800071dc (0x9fcea793) x15 0x00000000
core   0: 0x800071e0 (0x00b3c733) xor     a4, t2, a1
core   0: 3 0x800071e0 (0x00b3c733) x14 0x00000000
core   0: 0x800071e4 (0x0207b033) mulhu   zero, a5, zero
core   0: 3 0x800071e4 (0x0207b033)
core   0: 0x800071e8 (0x09c7e213) ori     tp, a5, 156
core   0: 3 0x800071e8 (0x09c7e213) x 4 0x0000009c
core   0: 0x800071ec (0x40f28033) sub     zero, t0, a5
core   0: 3 0x800071ec (0x40f28033)
core   0: 0x800071f0 (0x01c34bb3) xor     s7, t1, t3
core   0: 3 0x800071f0 (0x01c34bb3) x23 0xaea5d000
core   0: 0x800071f4 (0x0348abb3) mulhsu  s7, a7, s4
core   0: 3 0x800071f4 (0x0348abb3) x23 0x00000000
core   0: 0x800071f8 (0x01e89c13) slli    s8, a7, 30
core   0: 3 0x800071f8 (0x01e89c13) x24 0xc0000000
core   0: 0x800071fc (0x01959333) sll     t1, a1, s9
core   0: 3 0x800071fc (0x01959333) x 6 0x00000001
core   0: 0x80007200 (0x418d0fb3) sub     t6, s10, s8
core   0: 3 0x80007200 (0x418d0fb3) x31 0x558c0000
core   0: 0x80007204 (0x02393733) mulhu   a4, s2, gp
core   0: 3 0x80007204 (0x02393733) x14 0x00000000
core   0: 0x80007208 (0x00f0f033) and     zero, ra, a5
core   0: 3 0x80007208 (0x00f0f033)
core   0: 0x8000720c (0xe7ec7117) auipc   sp, 0xe7ec7
core   0: 3 0x8000720c (0xe7ec7117) x 2 0x67ece20c
core   0: 0x80007210 (0x403b5033) sra     zero, s6, gp
core   0: 3 0x80007210 (0x403b5033)
core   0: 0x80007214 (0x00000013) nop
core   0: 3 0x80007214 (0x00000013)
core   0: 0x80007218 (0xa4a92f93) slti    t6, s2, -1462
core   0: 3 0x80007218 (0xa4a92f93) x31 0x00000000
core   0: 0x8000721c (0xa98e6c37) lui     s8, 0xa98e6
core   0: 3 0x8000721c (0xa98e6c37) x24 0xa98e6000
core   0: 0x80007220 (0x62d70d93) addi    s11, a4, 1581
core   0: 3 0x80007220 (0x62d70d93) x27 0x0000062d
core   0: 0x80007224 (0x40375eb3) sra     t4, a4, gp
core   0: 3 0x80007224 (0x40375eb3) x29 0x00000000
core   0: 0x80007228 (0x408e58b3) sra     a7, t3, s0
core   0: 3 0x80007228 (0x408e58b3) x17 0x00000000
core   0: 0x8000722c (0x019862b3) or      t0, a6, s9
core   0: 3 0x8000722c (0x019862b3) x 5 0x80018ce4
core   0: 0x80007230 (0xf4e19637) lui     a2, 0xf4e19
core   0: 3 0x80007230 (0xf4e19637) x12 0xf4e19000
core   0: 0x80007234 (0x00cf2933) slt     s2, t5, a2
core   0: 3 0x80007234 (0x00cf2933) x18 0x00000000
core   0: 0x80007238 (0x00b91633) sll     a2, s2, a1
core   0: 3 0x80007238 (0x00b91633) x12 0x00000000
core   0: 0x8000723c (0x02675c33) divu    s8, a4, t1
core   0: 3 0x8000723c (0x02675c33) x24 0x00000000
core   0: 0x80007240 (0x00000013) nop
core   0: 3 0x80007240 (0x00000013)
core   0: 0x80007244 (0x02232933) mulhsu  s2, t1, sp
core   0: 3 0x80007244 (0x02232933) x18 0x00000000
core   0: 0x80007248 (0x402bd5b3) sra     a1, s7, sp
core   0: 3 0x80007248 (0x402bd5b3) x11 0x00000000
core   0: 0x8000724c (0x41165613) srai    a2, a2, 17
core   0: 3 0x8000724c (0x41165613) x12 0x00000000
core   0: 0x80007250 (0x03c0b9b3) mulhu   s3, ra, t3
core   0: 3 0x80007250 (0x03c0b9b3) x19 0x00000000
core   0: 0x80007254 (0x004d9a13) slli    s4, s11, 4
core   0: 3 0x80007254 (0x004d9a13) x20 0x000062d0
core   0: 0x80007258 (0x65dc2393) slti    t2, s8, 1629
core   0: 3 0x80007258 (0x65dc2393) x 7 0x00000001
core   0: 0x8000725c (0x03737ab3) remu    s5, t1, s7
core   0: 3 0x8000725c (0x03737ab3) x21 0x00000001
core   0: 0x80007260 (0xf7dc5617) auipc   a2, 0xf7dc5
core   0: 3 0x80007260 (0xf7dc5617) x12 0x77dcc260
core   0: 0x80007264 (0x025d41b3) div     gp, s10, t0
core   0: 3 0x80007264 (0x025d41b3) x 3 0x00000000
core   0: 0x80007268 (0x0302d433) divu    s0, t0, a6
core   0: 3 0x80007268 (0x0302d433) x 8 0x00000001
core   0: 0x8000726c (0x03b7e4b3) rem     s1, a5, s11
core   0: 3 0x8000726c (0x03b7e4b3) x 9 0x00000000
core   0: 0x80007270 (0x00000013) nop
core   0: 3 0x80007270 (0x00000013)
core   0: 0x80007274 (0x01920193) addi    gp, tp, 25
core   0: 3 0x80007274 (0x01920193) x 3 0x000000b5
core   0: 0x80007278 (0xec12a997) auipc   s3, 0xec12a
core   0: 3 0x80007278 (0xec12a997) x19 0x6c131278
core   0: 0x8000727c (0x009460b3) or      ra, s0, s1
core   0: 3 0x8000727c (0x009460b3) x 1 0x00000001
core   0: 0x80007280 (0x02e98eb3) mul     t4, s3, a4
core   0: 3 0x80007280 (0x02e98eb3) x29 0x00000000
core   0: 0x80007284 (0x02c9e333) rem     t1, s3, a2
core   0: 3 0x80007284 (0x02c9e333) x 6 0x6c131278
core   0: 0x80007288 (0x037ab8b3) mulhu   a7, s5, s7
core   0: 3 0x80007288 (0x037ab8b3) x17 0x00000000
core   0: 0x8000728c (0x0318ebb3) rem     s7, a7, a7
core   0: 3 0x8000728c (0x0318ebb3) x23 0x00000000
core   0: 0x80007290 (0x01a71eb3) sll     t4, a4, s10
core   0: 3 0x80007290 (0x01a71eb3) x29 0x00000000
core   0: 0x80007294 (0x01225bb3) srl     s7, tp, s2
core   0: 3 0x80007294 (0x01225bb3) x23 0x0000009c
core   0: 0x80007298 (0x035643b3) div     t2, a2, s5
core   0: 3 0x80007298 (0x035643b3) x 7 0x77dcc260
core   0: 0x8000729c (0x025379b3) remu    s3, t1, t0
core   0: 3 0x8000729c (0x025379b3) x19 0x6c131278
core   0: 0x800072a0 (0x417e0fb3) sub     t6, t3, s7
core   0: 3 0x800072a0 (0x417e0fb3) x31 0xffffff64
core   0: 0x800072a4 (0x01bfec33) or      s8, t6, s11
core   0: 3 0x800072a4 (0x01bfec33) x24 0xffffff6d
core   0: 0x800072a8 (0x01712eb3) slt     t4, sp, s7
core   0: 3 0x800072a8 (0x01712eb3) x29 0x00000000
core   0: 0x800072ac (0x00000013) nop
core   0: 3 0x800072ac (0x00000013)
core   0: 0x800072b0 (0xd5c62113) slti    sp, a2, -676
core   0: 3 0x800072b0 (0xd5c62113) x 2 0x00000000
core   0: 0x800072b4 (0x039b3433) mulhu   s0, s6, s9
core   0: 3 0x800072b4 (0x039b3433) x 8 0x00000000
core   0: 0x800072b8 (0x011a1933) sll     s2, s4, a7
core   0: 3 0x800072b8 (0x011a1933) x18 0x000062d0
core   0: 0x800072bc (0x709a3b93) sltiu   s7, s4, 1801
core   0: 3 0x800072bc (0x709a3b93) x23 0x00000000
core   0: 0x800072c0 (0x0156aeb3) slt     t4, a3, s5
core   0: 3 0x800072c0 (0x0156aeb3) x29 0x00000000
core   0: 0x800072c4 (0xe8924737) lui     a4, 0xe8924
core   0: 3 0x800072c4 (0xe8924737) x14 0xe8924000
core   0: 0x800072c8 (0x00b91933) sll     s2, s2, a1
core   0: 3 0x800072c8 (0x00b91933) x18 0x000062d0
core   0: 0x800072cc (0x00000013) nop
core   0: 3 0x800072cc (0x00000013)
core   0: 0x800072d0 (0x0330deb3) divu    t4, ra, s3
core   0: 3 0x800072d0 (0x0330deb3) x29 0x00000000
core   0: 0x800072d4 (0x000d4db3) xor     s11, s10, zero
core   0: 3 0x800072d4 (0x000d4db3) x27 0x158c0000
core   0: 0x800072d8 (0xde988413) addi    s0, a7, -535
core   0: 3 0x800072d8 (0xde988413) x 8 0xfffffde9
core   0: 0x800072dc (0x03d60633) mul     a2, a2, t4
core   0: 3 0x800072dc (0x03d60633) x12 0x00000000
core   0: 0x800072e0 (0x01c569b3) or      s3, a0, t3
core   0: 3 0x800072e0 (0x01c569b3) x19 0x80000000
core   0: 0x800072e4 (0x40e55a33) sra     s4, a0, a4
core   0: 3 0x800072e4 (0x40e55a33) x20 0x80000000
core   0: 0x800072e8 (0x00000013) nop
core   0: 3 0x800072e8 (0x00000013)
core   0: 0x800072ec (0x029d64b3) rem     s1, s10, s1
core   0: 3 0x800072ec (0x029d64b3) x 9 0x158c0000
core   0: 0x800072f0 (0x01cb5f93) srli    t6, s6, 28
core   0: 3 0x800072f0 (0x01cb5f93) x31 0x00000008
core   0: 0x800072f4 (0x871fca97) auipc   s5, 0x871fc
core   0: 3 0x800072f4 (0x871fca97) x21 0x072032f4
core   0: 0x800072f8 (0x023591b3) mulh    gp, a1, gp
core   0: 3 0x800072f8 (0x023591b3) x 3 0x00000000
core   0: 0x800072fc (0x01ac25b3) slt     a1, s8, s10
core   0: 3 0x800072fc (0x01ac25b3) x11 0x00000001
core   0: 0x80007300 (0x1cfd0c93) addi    s9, s10, 463
core   0: 3 0x80007300 (0x1cfd0c93) x25 0x158c01cf
core   0: 0x80007304 (0x03f347b3) div     a5, t1, t6
core   0: 3 0x80007304 (0x03f347b3) x15 0x0d82624f
core   0: 0x80007308 (0x00fc58b3) srl     a7, s8, a5
core   0: 3 0x80007308 (0x00fc58b3) x17 0x0001ffff
core   0: 0x8000730c (0x03bc9cb3) mulh    s9, s9, s11
core   0: 3 0x8000730c (0x03bc9cb3) x25 0x01d044b6
core   0: 0x80007310 (0x01c85633) srl     a2, a6, t3
core   0: 3 0x80007310 (0x01c85633) x12 0x80018ce4
core   0: 0x80007314 (0x401f5413) srai    s0, t5, 1
core   0: 3 0x80007314 (0x401f5413) x 8 0x0000096c
core   0: 0x80007318 (0xe6c88b93) addi    s7, a7, -404
core   0: 3 0x80007318 (0xe6c88b93) x23 0x0001fe6b
core   0: 0x8000731c (0x40245d93) srai    s11, s0, 2
core   0: 3 0x8000731c (0x40245d93) x27 0x0000025b
core   0: 0x80007320 (0xf114b393) sltiu   t2, s1, -239
core   0: 3 0x80007320 (0xf114b393) x 7 0x00000001
core   0: 0x80007324 (0x35387313) andi    t1, a6, 851
core   0: 3 0x80007324 (0x35387313) x 6 0x00000040
core   0: 0x80007328 (0x00945d13) srli    s10, s0, 9
core   0: 3 0x80007328 (0x00945d13) x26 0x00000004
core   0: 0x8000732c (0x01651113) slli    sp, a0, 22
core   0: 3 0x8000732c (0x01651113) x 2 0x00000000
core   0: 0x80007330 (0x0276cdb3) div     s11, a3, t2
core   0: 3 0x80007330 (0x0276cdb3) x27 0x50800e94
core   0: 0x80007334 (0x03cf5e33) divu    t3, t5, t3
core   0: 3 0x80007334 (0x03cf5e33) x28 0xffffffff
core   0: 0x80007338 (0xd4610913) addi    s2, sp, -698
core   0: 3 0x80007338 (0xd4610913) x18 0xfffffd46
core   0: 0x8000733c (0x0011b633) sltu    a2, gp, ra
core   0: 3 0x8000733c (0x0011b633) x12 0x00000001
core   0: 0x80007340 (0x00859093) slli    ra, a1, 8
core   0: 3 0x80007340 (0x00859093) x 1 0x00000100
core   0: 0x80007344 (0x4048ec13) ori     s8, a7, 1028
core   0: 3 0x80007344 (0x4048ec13) x24 0x0001ffff
core   0: 0x80007348 (0x0017de93) srli    t4, a5, 1
core   0: 3 0x80007348 (0x0017de93) x29 0x06c13127
core   0: 0x8000734c (0x7b016093) ori     ra, sp, 1968
core   0: 3 0x8000734c (0x7b016093) x 1 0x000007b0
core   0: 0x80007350 (0x01a999b3) sll     s3, s3, s10
core   0: 3 0x80007350 (0x01a999b3) x19 0x00000000
core   0: 0x80007354 (0x002c9313) slli    t1, s9, 2
core   0: 3 0x80007354 (0x002c9313) x 6 0x074112d8
core   0: 0x80007358 (0x03ed80b3) mul     ra, s11, t5
core   0: 3 0x80007358 (0x03ed80b3) x 1 0xed12b4e0
core   0: 0x8000735c (0x00125693) srli    a3, tp, 1
core   0: 3 0x8000735c (0x00125693) x13 0x0000004e
core   0: 0x80007360 (0x03e33db3) mulhu   s11, t1, t5
core   0: 3 0x80007360 (0x03e33db3) x27 0x00000088
core   0: 0x80007364 (0x418251b3) sra     gp, tp, s8
core   0: 3 0x80007364 (0x418251b3) x 3 0x00000000
core   0: 0x80007368 (0x4e7e0493) addi    s1, t3, 1255
core   0: 3 0x80007368 (0x4e7e0493) x 9 0x000004e6
core   0: 0x8000736c (0xaa5cc093) xori    ra, s9, -1371
core   0: 3 0x8000736c (0xaa5cc093) x 1 0xfe2fbe13
core   0: 0x80007370 (0x00d62ab3) slt     s5, a2, a3
core   0: 3 0x80007370 (0x00d62ab3) x21 0x00000001
core   0: 0x80007374 (0x01fee7b3) or      a5, t4, t6
core   0: 3 0x80007374 (0x01fee7b3) x15 0x06c1312f
core   0: 0x80007378 (0x9cedba93) sltiu   s5, s11, -1586
core   0: 3 0x80007378 (0x9cedba93) x21 0x00000001
core   0: 0x8000737c (0x0329d9b3) divu    s3, s3, s2
core   0: 3 0x8000737c (0x0329d9b3) x19 0x00000000
core   0: 0x80007380 (0x7efa4c93) xori    s9, s4, 2031
core   0: 3 0x80007380 (0x7efa4c93) x25 0x800007ef
core   0: 0x80007384 (0x002488b3) add     a7, s1, sp
core   0: 3 0x80007384 (0x002488b3) x17 0x000004e6
core   0: 0x80007388 (0x00000013) nop
core   0: 3 0x80007388 (0x00000013)
core   0: 0x8000738c (0x414358b3) sra     a7, t1, s4
core   0: 3 0x8000738c (0x414358b3) x17 0x074112d8
core   0: 0x80007390 (0x00000013) nop
core   0: 3 0x80007390 (0x00000013)
core   0: 0x80007394 (0x406b5fb3) sra     t6, s6, t1
core   0: 3 0x80007394 (0x406b5fb3) x31 0xffffff80
core   0: 0x80007398 (0x03f80bb3) mul     s7, a6, t6
core   0: 3 0x80007398 (0x03f80bb3) x23 0xff398e00
core   0: 0x8000739c (0x41178133) sub     sp, a5, a7
core   0: 3 0x8000739c (0x41178133) x 2 0xff801e57
core   0: 0x800073a0 (0x037ce333) rem     t1, s9, s7
core   0: 3 0x800073a0 (0x037ce333) x 6 0xffe781ef
core   0: 0x800073a4 (0x01084ab3) xor     s5, a6, a6
core   0: 3 0x800073a4 (0x01084ab3) x21 0x00000000
core   0: 0x800073a8 (0x02eb62b3) rem     t0, s6, a4
core   0: 3 0x800073a8 (0x02eb62b3) x 5 0xf5260e64
core   0: 0x800073ac (0x0a3ac413) xori    s0, s5, 163
core   0: 3 0x800073ac (0x0a3ac413) x 8 0x000000a3
core   0: 0x800073b0 (0xf6afff17) auipc   t5, 0xf6aff
core   0: 3 0x800073b0 (0xf6afff17) x30 0x76b063b0
core   0: 0x800073b4 (0x017e8e33) add     t3, t4, s7
core   0: 3 0x800073b4 (0x017e8e33) x28 0x05fabf27
core   0: 0x800073b8 (0x41885f93) srai    t6, a6, 24
core   0: 3 0x800073b8 (0x41885f93) x31 0xffffff80
core   0: 0x800073bc (0x40145393) srai    t2, s0, 1
core   0: 3 0x800073bc (0x40145393) x 7 0x00000051
core   0: 0x800073c0 (0x6f0f9d37) lui     s10, 0x6f0f9
core   0: 3 0x800073c0 (0x6f0f9d37) x26 0x6f0f9000
core   0: 0x800073c4 (0x408d07b3) sub     a5, s10, s0
core   0: 3 0x800073c4 (0x408d07b3) x15 0x6f0f8f5d
core   0: 0x800073c8 (0x26362d13) slti    s10, a2, 611
core   0: 3 0x800073c8 (0x26362d13) x26 0x00000001
core   0: 0x800073cc (0x41d40233) sub     tp, s0, t4
core   0: 3 0x800073cc (0x41d40233) x 4 0xf93ecf7c
core   0: 0x800073d0 (0x01a3dd33) srl     s10, t2, s10
core   0: 3 0x800073d0 (0x01a3dd33) x26 0x00000028
core   0: 0x800073d4 (0x029c4993) xori    s3, s8, 41
core   0: 3 0x800073d4 (0x029c4993) x19 0x0001ffd6
core   0: 0x800073d8 (0x01352f33) slt     t5, a0, s3
core   0: 3 0x800073d8 (0x01352f33) x30 0x00000001
core   0: 0x800073dc (0x01b2a3b3) slt     t2, t0, s11
core   0: 3 0x800073dc (0x01b2a3b3) x 7 0x00000001
core   0: 0x800073e0 (0x00651c13) slli    s8, a0, 6
core   0: 3 0x800073e0 (0x00651c13) x24 0x00000000
core   0: 0x800073e4 (0x00d8bab3) sltu    s5, a7, a3
core   0: 3 0x800073e4 (0x00d8bab3) x21 0x00000000
core   0: 0x800073e8 (0x90bdbe93) sltiu   t4, s11, -1781
core   0: 3 0x800073e8 (0x90bdbe93) x29 0x00000001
core   0: 0x800073ec (0x019d5913) srli    s2, s10, 25
core   0: 3 0x800073ec (0x019d5913) x18 0x00000000
core   0: 0x800073f0 (0x00000013) nop
core   0: 3 0x800073f0 (0x00000013)
core   0: 0x800073f4 (0x00350f33) add     t5, a0, gp
core   0: 3 0x800073f4 (0x00350f33) x30 0x80000000
core   0: 0x800073f8 (0x01e9cd33) xor     s10, s3, t5
core   0: 3 0x800073f8 (0x01e9cd33) x26 0x8001ffd6
core   0: 0x800073fc (0xfc8bae93) slti    t4, s7, -56
core   0: 3 0x800073fc (0xfc8bae93) x29 0x00000001
core   0: 0x80007400 (0x039ee033) rem     zero, t4, s9
core   0: 3 0x80007400 (0x039ee033)
core   0: 0x80007404 (0x4159d093) srai    ra, s3, 21
core   0: 3 0x80007404 (0x4159d093) x 1 0x00000000
core   0: 0x80007408 (0x4ae5e313) ori     t1, a1, 1198
core   0: 3 0x80007408 (0x4ae5e313) x 6 0x000004af
core   0: 0x8000740c (0x03ac2eb3) mulhsu  t4, s8, s10
core   0: 3 0x8000740c (0x03ac2eb3) x29 0x00000000
core   0: 0x80007410 (0x419f8fb3) sub     t6, t6, s9
core   0: 3 0x80007410 (0x419f8fb3) x31 0x7ffff791
core   0: 0x80007414 (0x870e2893) slti    a7, t3, -1936
core   0: 3 0x80007414 (0x870e2893) x17 0x00000000
core   0: 0x80007418 (0x02d7ca33) div     s4, a5, a3
core   0: 3 0x80007418 (0x02d7ca33) x20 0x016c81d6
core   0: 0x8000741c (0x0019a6b3) slt     a3, s3, ra
core   0: 3 0x8000741c (0x0019a6b3) x13 0x00000000
core   0: 0x80007420 (0x00be6433) or      s0, t3, a1
core   0: 3 0x80007420 (0x00be6433) x 8 0x05fabf27
core   0: 0x80007424 (0x0225adb3) mulhsu  s11, a1, sp
core   0: 3 0x80007424 (0x0225adb3) x27 0x00000000
core   0: 0x80007428 (0x057f0393) addi    t2, t5, 87
core   0: 3 0x80007428 (0x057f0393) x 7 0x80000057
core   0: 0x8000742c (0x00b40033) add     zero, s0, a1
core   0: 3 0x8000742c (0x00b40033)
core   0: 0x80007430 (0x0a0e3c93) sltiu   s9, t3, 160
core   0: 3 0x80007430 (0x0a0e3c93) x25 0x00000000
core   0: 0x80007434 (0x01d7c5b3) xor     a1, a5, t4
core   0: 3 0x80007434 (0x01d7c5b3) x11 0x6f0f8f5d
core   0: 0x80007438 (0x03526cb3) rem     s9, tp, s5
core   0: 3 0x80007438 (0x03526cb3) x25 0xf93ecf7c
core   0: 0x8000743c (0x7a96cf93) xori    t6, a3, 1961
core   0: 3 0x8000743c (0x7a96cf93) x31 0x000007a9
core   0: 0x80007440 (0x02cc19b3) mulh    s3, s8, a2
core   0: 3 0x80007440 (0x02cc19b3) x19 0x00000000
core   0: 0x80007444 (0x08516393) ori     t2, sp, 133
core   0: 3 0x80007444 (0x08516393) x 7 0xff801ed7
core   0: 0x80007448 (0x004d86b3) add     a3, s11, tp
core   0: 3 0x80007448 (0x004d86b3) x13 0xf93ecf7c
core   0: 0x8000744c (0x01b0a1b3) slt     gp, ra, s11
core   0: 3 0x8000744c (0x01b0a1b3) x 3 0x00000000
core   0: 0x80007450 (0x47c90f93) addi    t6, s2, 1148
core   0: 3 0x80007450 (0x47c90f93) x31 0x0000047c
core   0: 0x80007454 (0x894cee37) lui     t3, 0x894ce
core   0: 3 0x80007454 (0x894cee37) x28 0x894ce000
core   0: 0x80007458 (0x007c68b3) or      a7, s8, t2
core   0: 3 0x80007458 (0x007c68b3) x17 0xff801ed7
core   0: 0x8000745c (0x003218b3) sll     a7, tp, gp
core   0: 3 0x8000745c (0x003218b3) x17 0xf93ecf7c
core   0: 0x80007460 (0x3766b893) sltiu   a7, a3, 886
core   0: 3 0x80007460 (0x3766b893) x17 0x00000000
core   0: 0x80007464 (0x01c04ab3) xor     s5, zero, t3
core   0: 3 0x80007464 (0x01c04ab3) x21 0x894ce000
core   0: 0x80007468 (0x012e8433) add     s0, t4, s2
core   0: 3 0x80007468 (0x012e8433) x 8 0x00000000
core   0: 0x8000746c (0x4cd2e693) ori     a3, t0, 1229
core   0: 3 0x8000746c (0x4cd2e693) x13 0xf5260eed
core   0: 0x80007470 (0x03044db3) div     s11, s0, a6
core   0: 3 0x80007470 (0x03044db3) x27 0x00000000
core   0: 0x80007474 (0x01261f33) sll     t5, a2, s2
core   0: 3 0x80007474 (0x01261f33) x30 0x00000001
core   0: 0x80007478 (0x91d56913) ori     s2, a0, -1763
core   0: 3 0x80007478 (0x91d56913) x18 0xfffff91d
core   0: 0x8000747c (0x01bbd893) srli    a7, s7, 27
core   0: 3 0x8000747c (0x01bbd893) x17 0x0000001f
core   0: 0x80007480 (0x02f183b3) mul     t2, gp, a5
core   0: 3 0x80007480 (0x02f183b3) x 7 0x00000000
core   0: 0x80007484 (0xfc648893) addi    a7, s1, -58
core   0: 3 0x80007484 (0xfc648893) x17 0x000004ac
core   0: 0x80007488 (0x03a862b3) rem     t0, a6, s10
core   0: 3 0x80007488 (0x03a862b3) x 5 0xffff8d0e
core   0: 0x8000748c (0x03aba5b3) mulhsu  a1, s7, s10
core   0: 3 0x8000748c (0x03aba5b3) x11 0xff9cc573
core   0: 0x80007490 (0x00b65333) srl     t1, a2, a1
core   0: 3 0x80007490 (0x00b65333) x 6 0x00000000
core   0: 0x80007494 (0x41ecd993) srai    s3, s9, 30
core   0: 3 0x80007494 (0x41ecd993) x19 0xffffffff
core   0: 0x80007498 (0x40000f33) sub     t5, zero, zero
core   0: 3 0x80007498 (0x40000f33) x30 0x00000000
core   0: 0x8000749c (0x01133ab3) sltu    s5, t1, a7
core   0: 3 0x8000749c (0x01133ab3) x21 0x00000001
core   0: 0x800074a0 (0x6d22e993) ori     s3, t0, 1746
core   0: 3 0x800074a0 (0x6d22e993) x19 0xffff8fde
core   0: 0x800074a4 (0x01ebd7b3) srl     a5, s7, t5
core   0: 3 0x800074a4 (0x01ebd7b3) x15 0xff398e00
core   0: 0x800074a8 (0x01571113) slli    sp, a4, 21
core   0: 3 0x800074a8 (0x01571113) x 2 0x00000000
core   0: 0x800074ac (0x020be2b3) rem     t0, s7, zero
core   0: 3 0x800074ac (0x020be2b3) x 5 0xff398e00
core   0: 0x800074b0 (0x039a7f33) remu    t5, s4, s9
core   0: 3 0x800074b0 (0x039a7f33) x30 0x016c81d6
core   0: 0x800074b4 (0x40ba5013) srai    zero, s4, 11
core   0: 3 0x800074b4 (0x40ba5013)
core   0: 0x800074b8 (0x1edbfa13) andi    s4, s7, 493
core   0: 3 0x800074b8 (0x1edbfa13) x20 0x00000000
core   0: 0x800074bc (0x41528c33) sub     s8, t0, s5
core   0: 3 0x800074bc (0x41528c33) x24 0xff398dff
core   0: 0x800074c0 (0xb274bd13) sltiu   s10, s1, -1241
core   0: 3 0x800074c0 (0xb274bd13) x26 0x00000001
core   0: 0x800074c4 (0x02b64c33) div     s8, a2, a1
core   0: 3 0x800074c4 (0x02b64c33) x24 0x00000000
core   0: 0x800074c8 (0x01fa9113) slli    sp, s5, 31
core   0: 3 0x800074c8 (0x01fa9113) x 2 0x80000000
core   0: 0x800074cc (0x02f45333) divu    t1, s0, a5
core   0: 3 0x800074cc (0x02f45333) x 6 0x00000000
core   0: 0x800074d0 (0x0364e633) rem     a2, s1, s6
core   0: 3 0x800074d0 (0x0364e633) x12 0x000004e6
core   0: 0x800074d4 (0x028d3333) mulhu   t1, s10, s0
core   0: 3 0x800074d4 (0x028d3333) x 6 0x00000000
core   0: 0x800074d8 (0x0107bc33) sltu    s8, a5, a6
core   0: 3 0x800074d8 (0x0107bc33) x24 0x00000000
core   0: 0x800074dc (0x45b4dc97) auipc   s9, 0x45b4d
core   0: 3 0x800074dc (0x45b4dc97) x25 0xc5b544dc
core   0: 0x800074e0 (0x03df4fb3) div     t6, t5, t4
core   0: 3 0x800074e0 (0x03df4fb3) x31 0xffffffff
core   0: 0x800074e4 (0x03ee16b3) mulh    a3, t3, t5
core   0: 3 0x800074e4 (0x03ee16b3) x13 0xff56fd1b
core   0: 0x800074e8 (0xd3d2bf93) sltiu   t6, t0, -707
core   0: 3 0x800074e8 (0xd3d2bf93) x31 0x00000001
core   0: 0x800074ec (0x037a78b3) remu    a7, s4, s7
core   0: 3 0x800074ec (0x037a78b3) x17 0x00000000
core   0: 0x800074f0 (0x01f3fcb3) and     s9, t2, t6
core   0: 3 0x800074f0 (0x01f3fcb3) x25 0x00000000
core   0: 0x800074f4 (0x0368cdb3) div     s11, a7, s6
core   0: 3 0x800074f4 (0x0368cdb3) x27 0x00000000
core   0: 0x800074f8 (0x00c25933) srl     s2, tp, a2
core   0: 3 0x800074f8 (0x00c25933) x18 0x03e4fb3d
core   0: 0x800074fc (0x02ab99b3) mulh    s3, s7, a0
core   0: 3 0x800074fc (0x02ab99b3) x19 0x00633900
core   0: 0x80007500 (0x03237eb3) remu    t4, t1, s2
core   0: 3 0x80007500 (0x03237eb3) x29 0x00000000
core   0: 0x80007504 (0x02496933) rem     s2, s2, tp
core   0: 3 0x80007504 (0x02496933) x18 0x03e4fb3d
core   0: 0x80007508 (0x03d92033) mulhsu  zero, s2, t4
core   0: 3 0x80007508 (0x03d92033)
core   0: 0x8000750c (0x03027d33) remu    s10, tp, a6
core   0: 3 0x8000750c (0x03027d33) x26 0x793d4298
core   0: 0x80007510 (0x029a10b3) mulh    ra, s4, s1
core   0: 3 0x80007510 (0x029a10b3) x 1 0x00000000
core   0: 0x80007514 (0x002ddcb3) srl     s9, s11, sp
core   0: 3 0x80007514 (0x002ddcb3) x25 0x00000000
core   0: 0x80007518 (0xd79c6c13) ori     s8, s8, -647
core   0: 3 0x80007518 (0xd79c6c13) x24 0xfffffd79
core   0: 0x8000751c (0x0034dd33) srl     s10, s1, gp
core   0: 3 0x8000751c (0x0034dd33) x26 0x000004e6
core   0: 0x80007520 (0x01e50d33) add     s10, a0, t5
core   0: 3 0x80007520 (0x01e50d33) x26 0x816c81d6
core   0: 0x80007524 (0x00bf7bb3) and     s7, t5, a1
core   0: 3 0x80007524 (0x00bf7bb3) x23 0x010c8152
core   0: 0x80007528 (0x2f5df6b7) lui     a3, 0x2f5df
core   0: 3 0x80007528 (0x2f5df6b7) x13 0x2f5df000
core   0: 0x8000752c (0xb9b4e137) lui     sp, 0xb9b4e
core   0: 3 0x8000752c (0xb9b4e137) x 2 0xb9b4e000
core   0: 0x80007530 (0x0269ccb3) div     s9, s3, t1
core   0: 3 0x80007530 (0x0269ccb3) x25 0xffffffff
core   0: 0x80007534 (0x41be80b3) sub     ra, t4, s11
core   0: 3 0x80007534 (0x41be80b3) x 1 0x00000000
core   0: 0x80007538 (0x00073433) sltu    s0, a4, zero
core   0: 3 0x80007538 (0x00073433) x 8 0x00000000
core   0: 0x8000753c (0xb90c7913) andi    s2, s8, -1136
core   0: 3 0x8000753c (0xb90c7913) x18 0xfffff910
core   0: 0x80007540 (0x012d1d33) sll     s10, s10, s2
core   0: 3 0x80007540 (0x012d1d33) x26 0x81d60000
core   0: 0x80007544 (0x9e583b93) sltiu   s7, a6, -1563
core   0: 3 0x80007544 (0x9e583b93) x23 0x00000001
core   0: 0x80007548 (0x026a5133) divu    sp, s4, t1
core   0: 3 0x80007548 (0x026a5133) x 2 0xffffffff
core   0: 0x8000754c (0x03ce4eb3) div     t4, t3, t3
core   0: 3 0x8000754c (0x03ce4eb3) x29 0x00000001
core   0: 0x80007550 (0xdade2193) slti    gp, t3, -595
core   0: 3 0x80007550 (0xdade2193) x 3 0x00000001
core   0: 0x80007554 (0x014628b3) slt     a7, a2, s4
core   0: 3 0x80007554 (0x014628b3) x17 0x00000000
core   0: 0x80007558 (0xff097193) andi    gp, s2, -16
core   0: 3 0x80007558 (0xff097193) x 3 0xfffff910
core   0: 0x8000755c (0x02005033) divu    zero, zero, zero
core   0: 3 0x8000755c (0x02005033)
core   0: 0x80007560 (0x01069913) slli    s2, a3, 16
core   0: 3 0x80007560 (0x01069913) x18 0xf0000000
core   0: 0x80007564 (0x57d86393) ori     t2, a6, 1405
core   0: 3 0x80007564 (0x57d86393) x 7 0x80018dfd
core   0: 0x80007568 (0x032378b3) remu    a7, t1, s2
core   0: 3 0x80007568 (0x032378b3) x17 0x00000000
core   0: 0x8000756c (0x0238f333) remu    t1, a7, gp
core   0: 3 0x8000756c (0x0238f333) x 6 0x00000000
core   0: 0x80007570 (0x02dc6033) rem     zero, s8, a3
core   0: 3 0x80007570 (0x02dc6033)
core   0: 0x80007574 (0x00cdbbb3) sltu    s7, s11, a2
core   0: 3 0x80007574 (0x00cdbbb3) x23 0x00000001
core   0: 0x80007578 (0x017c5433) srl     s0, s8, s7
core   0: 3 0x80007578 (0x017c5433) x 8 0x7ffffebc
core   0: 0x8000757c (0x0272d133) divu    sp, t0, t2
core   0: 3 0x8000757c (0x0272d133) x 2 0x00000001
core   0: 0x80007580 (0x4725f637) lui     a2, 0x4725f
core   0: 3 0x80007580 (0x4725f637) x12 0x4725f000
core   0: 0x80007584 (0x004238b3) sltu    a7, tp, tp
core   0: 3 0x80007584 (0x004238b3) x17 0x00000000
core   0: 0x80007588 (0x02bcde33) divu    t3, s9, a1
core   0: 3 0x80007588 (0x02bcde33) x28 0x00000001
core   0: 0x8000758c (0x933e7093) andi    ra, t3, -1741
core   0: 3 0x8000758c (0x933e7093) x 1 0x00000001
core   0: 0x80007590 (0x02ae18b3) mulh    a7, t3, a0
core   0: 3 0x80007590 (0x02ae18b3) x17 0xffffffff
core   0: 0x80007594 (0x01cad493) srli    s1, s5, 28
core   0: 3 0x80007594 (0x01cad493) x 9 0x00000000
core   0: 0x80007598 (0xd0c4c193) xori    gp, s1, -756
core   0: 3 0x80007598 (0xd0c4c193) x 3 0xfffffd0c
core   0: 0x8000759c (0x54b9e393) ori     t2, s3, 1355
core   0: 3 0x8000759c (0x54b9e393) x 7 0x00633d4b
core   0: 0x800075a0 (0x00000013) nop
core   0: 3 0x800075a0 (0x00000013)
core   0: 0x800075a4 (0x416a05b3) sub     a1, s4, s6
core   0: 3 0x800075a4 (0x416a05b3) x11 0x7ffeb19c
core   0: 0x800075a8 (0x39996313) ori     t1, s2, 921
core   0: 3 0x800075a8 (0x39996313) x 6 0xf0000399
core   0: 0x800075ac (0x024f6e33) rem     t3, t5, tp
core   0: 3 0x800075ac (0x024f6e33) x28 0x016c81d6
core   0: 0x800075b0 (0x01c2c0b3) xor     ra, t0, t3
core   0: 3 0x800075b0 (0x01c2c0b3) x 1 0xfe550fd6
core   0: 0x800075b4 (0x03455433) divu    s0, a0, s4
core   0: 3 0x800075b4 (0x03455433) x 8 0xffffffff
core   0: 0x800075b8 (0x037d81b3) mul     gp, s11, s7
core   0: 3 0x800075b8 (0x037d81b3) x 3 0x00000000
core   0: 0x800075bc (0x022c6db3) rem     s11, s8, sp
core   0: 3 0x800075bc (0x022c6db3) x27 0x00000000
core   0: 0x800075c0 (0x00ba7fb3) and     t6, s4, a1
core   0: 3 0x800075c0 (0x00ba7fb3) x31 0x00000000
core   0: 0x800075c4 (0x01fc1e33) sll     t3, s8, t6
core   0: 3 0x800075c4 (0x01fc1e33) x28 0xfffffd79
core   0: 0x800075c8 (0x02183033) mulhu   zero, a6, ra
core   0: 3 0x800075c8 (0x02183033)
core   0: 0x800075cc (0x28e74f13) xori    t5, a4, 654
core   0: 3 0x800075cc (0x28e74f13) x30 0xe892428e
core   0: 0x800075d0 (0xb3548293) addi    t0, s1, -1227
core   0: 3 0x800075d0 (0xb3548293) x 5 0xfffffb35
core   0: 0x800075d4 (0x037c9633) mulh    a2, s9, s7
core   0: 3 0x800075d4 (0x037c9633) x12 0xffffffff
core   0: 0x800075d8 (0x026a14b3) mulh    s1, s4, t1
core   0: 3 0x800075d8 (0x026a14b3) x 9 0x00000000
core   0: 0x800075dc (0x00a11a13) slli    s4, sp, 10
core   0: 3 0x800075dc (0x00a11a13) x20 0x00000400
core   0: 0x800075e0 (0x01ee88b3) add     a7, t4, t5
core   0: 3 0x800075e0 (0x01ee88b3) x17 0xe892428f
core   0: 0x800075e4 (0x01c0a4b3) slt     s1, ra, t3
core   0: 3 0x800075e4 (0x01c0a4b3) x 9 0x00000001
core   0: 0x800075e8 (0x3da9f693) andi    a3, s3, 986
core   0: 3 0x800075e8 (0x3da9f693) x13 0x00000100
core   0: 0x800075ec (0x402c87b3) sub     a5, s9, sp
core   0: 3 0x800075ec (0x402c87b3) x15 0xfffffffe
core   0: 0x800075f0 (0x00e08333) add     t1, ra, a4
core   0: 3 0x800075f0 (0x00e08333) x 6 0xe6e74fd6
core   0: 0x800075f4 (0x9b0fc013) xori    zero, t6, -1616
core   0: 3 0x800075f4 (0x9b0fc013)
core   0: 0x800075f8 (0x03781233) mulh    tp, a6, s7
core   0: 3 0x800075f8 (0x03781233) x 4 0xffffffff
core   0: 0x800075fc (0x00851893) slli    a7, a0, 8
core   0: 3 0x800075fc (0x00851893) x17 0x00000000
core   0: 0x80007600 (0x41618d33) sub     s10, gp, s6
core   0: 3 0x80007600 (0x41618d33) x26 0x7ffeb19c
core   0: 0x80007604 (0x020ea8b3) mulhsu  a7, t4, zero
core   0: 3 0x80007604 (0x020ea8b3) x17 0x00000000
core   0: 0x80007608 (0x011ed5b3) srl     a1, t4, a7
core   0: 3 0x80007608 (0x011ed5b3) x11 0x00000001
core   0: 0x8000760c (0x0134b233) sltu    tp, s1, s3
core   0: 3 0x8000760c (0x0134b233) x 4 0x00000001
core   0: 0x80007610 (0xfcacab93) slti    s7, s9, -54
core   0: 3 0x80007610 (0xfcacab93) x23 0x00000000
core   0: 0x80007614 (0x00e0d293) srli    t0, ra, 14
core   0: 3 0x80007614 (0x00e0d293) x 5 0x0003f954
core   0: 0x80007618 (0x02b3ad33) mulhsu  s10, t2, a1
core   0: 3 0x80007618 (0x02b3ad33) x26 0x00000000
core   0: 0x8000761c (0x025c7a33) remu    s4, s8, t0
core   0: 3 0x8000761c (0x025c7a33) x20 0x0001c75d
core   0: 0x80007620 (0x03aa30b3) mulhu   ra, s4, s10
core   0: 3 0x80007620 (0x03aa30b3) x 1 0x00000000
core   0: 0x80007624 (0x41c5d133) sra     sp, a1, t3
core   0: 3 0x80007624 (0x41c5d133) x 2 0x00000000
core   0: 0x80007628 (0x0052fa33) and     s4, t0, t0
core   0: 3 0x80007628 (0x0052fa33) x20 0x0003f954
core   0: 0x8000762c (0x412e5713) srai    a4, t3, 18
core   0: 3 0x8000762c (0x412e5713) x14 0xffffffff
core   0: 0x80007630 (0x03f04e33) div     t3, zero, t6
core   0: 3 0x80007630 (0x03f04e33) x28 0xffffffff
core   0: 0x80007634 (0x56493e93) sltiu   t4, s2, 1380
core   0: 3 0x80007634 (0x56493e93) x29 0x00000000
core   0: 0x80007638 (0x7c313613) sltiu   a2, sp, 1987
core   0: 3 0x80007638 (0x7c313613) x12 0x00000001
core   0: 0x8000763c (0xd5b22793) slti    a5, tp, -677
core   0: 3 0x8000763c (0xd5b22793) x15 0x00000000
core   0: 0x80007640 (0x337e1937) lui     s2, 0x337e1
core   0: 3 0x80007640 (0x337e1937) x18 0x337e1000
core   0: 0x80007644 (0x02d8e333) rem     t1, a7, a3
core   0: 3 0x80007644 (0x02d8e333) x 6 0x00000000
core   0: 0x80007648 (0x2be086b7) lui     a3, 0x2be08
core   0: 3 0x80007648 (0x2be086b7) x13 0x2be08000
core   0: 0x8000764c (0x00c99113) slli    sp, s3, 12
core   0: 3 0x8000764c (0x00c99113) x 2 0x33900000
core   0: 0x80007650 (0x034fd7b3) divu    a5, t6, s4
core   0: 3 0x80007650 (0x034fd7b3) x15 0x00000000
core   0: 0x80007654 (0x00098f33) add     t5, s3, zero
core   0: 3 0x80007654 (0x00098f33) x30 0x00633900
core   0: 0x80007658 (0x60a0cd13) xori    s10, ra, 1546
core   0: 3 0x80007658 (0x60a0cd13) x26 0x0000060a
core   0: 0x8000765c (0x00a923b3) slt     t2, s2, a0
core   0: 3 0x8000765c (0x00a923b3) x 7 0x00000000
core   0: 0x80007660 (0x000095b3) sll     a1, ra, zero
core   0: 3 0x80007660 (0x000095b3) x11 0x00000000
core   0: 0x80007664 (0x2d4ef097) auipc   ra, 0x2d4ef
core   0: 3 0x80007664 (0x2d4ef097) x 1 0xad4f6664
core   0: 0x80007668 (0x00a71713) slli    a4, a4, 10
core   0: 3 0x80007668 (0x00a71713) x14 0xfffffc00
core   0: 0x8000766c (0xd2c2f937) lui     s2, 0xd2c2f
core   0: 3 0x8000766c (0xd2c2f937) x18 0xd2c2f000
core   0: 0x80007670 (0x022d0fb3) mul     t6, s10, sp
core   0: 3 0x80007670 (0x022d0fb3) x31 0x63a00000
core   0: 0x80007674 (0x01d32e33) slt     t3, t1, t4
core   0: 3 0x80007674 (0x01d32e33) x28 0x00000000
core   0: 0x80007678 (0x0357aa33) mulhsu  s4, a5, s5
core   0: 3 0x80007678 (0x0357aa33) x20 0x00000000
core   0: 0x8000767c (0x03231c33) mulh    s8, t1, s2
core   0: 3 0x8000767c (0x03231c33) x24 0x00000000
core   0: 0x80007680 (0x038bb6b3) mulhu   a3, s7, s8
core   0: 3 0x80007680 (0x038bb6b3) x13 0x00000000
core   0: 0x80007684 (0x02d92633) mulhsu  a2, s2, a3
core   0: 3 0x80007684 (0x02d92633) x12 0x00000000
core   0: 0x80007688 (0x40058c33) sub     s8, a1, zero
core   0: 3 0x80007688 (0x40058c33) x24 0x00000000
core   0: 0x8000768c (0x04b2ad93) slti    s11, t0, 75
core   0: 3 0x8000768c (0x04b2ad93) x27 0x00000000
core   0: 0x80007690 (0x40eb5413) srai    s0, s6, 14
core   0: 3 0x80007690 (0x40eb5413) x 8 0xfffe0005
core   0: 0x80007694 (0x015f9db3) sll     s11, t6, s5
core   0: 3 0x80007694 (0x015f9db3) x27 0xc7400000
core   0: 0x80007698 (0x02963c33) mulhu   s8, a2, s1
core   0: 3 0x80007698 (0x02963c33) x24 0x00000000
core   0: 0x8000769c (0x02502bb3) mulhsu  s7, zero, t0
core   0: 3 0x8000769c (0x02502bb3) x23 0x00000000
core   0: 0x800076a0 (0x01b59033) sll     zero, a1, s11
core   0: 3 0x800076a0 (0x01b59033)
core   0: 0x800076a4 (0x02bfb7b3) mulhu   a5, t6, a1
core   0: 3 0x800076a4 (0x02bfb7b3) x15 0x00000000
core   0: 0x800076a8 (0x7a948f37) lui     t5, 0x7a948
core   0: 3 0x800076a8 (0x7a948f37) x30 0x7a948000
core   0: 0x800076ac (0x0115ea33) or      s4, a1, a7
core   0: 3 0x800076ac (0x0115ea33) x20 0x00000000
core   0: 0x800076b0 (0x4108d413) srai    s0, a7, 16
core   0: 3 0x800076b0 (0x4108d413) x 8 0x00000000
core   0: 0x800076b4 (0x01080db3) add     s11, a6, a6
core   0: 3 0x800076b4 (0x01080db3) x27 0x000319c8
core   0: 0x800076b8 (0x0183bd33) sltu    s10, t2, s8
core   0: 3 0x800076b8 (0x0183bd33) x26 0x00000000
core   0: 0x800076bc (0x0209b9b3) mulhu   s3, s3, zero
core   0: 3 0x800076bc (0x0209b9b3) x19 0x00000000
core   0: 0x800076c0 (0x03c068b3) rem     a7, zero, t3
core   0: 3 0x800076c0 (0x03c068b3) x17 0x00000000
core   0: 0x800076c4 (0x41b45eb3) sra     t4, s0, s11
core   0: 3 0x800076c4 (0x41b45eb3) x29 0x00000000
core   0: 0x800076c8 (0x40375a13) srai    s4, a4, 3
core   0: 3 0x800076c8 (0x40375a13) x20 0xffffff80
core   0: 0x800076cc (0x00305d93) srli    s11, zero, 3
core   0: 3 0x800076cc (0x00305d93) x27 0x00000000
core   0: 0x800076d0 (0x416d5b93) srai    s7, s10, 22
core   0: 3 0x800076d0 (0x416d5b93) x23 0x00000000
core   0: 0x800076d4 (0x03961db3) mulh    s11, a2, s9
core   0: 3 0x800076d4 (0x03961db3) x27 0x00000000
core   0: 0x800076d8 (0x01f35933) srl     s2, t1, t6
core   0: 3 0x800076d8 (0x01f35933) x18 0x00000000
core   0: 0x800076dc (0x03dc3933) mulhu   s2, s8, t4
core   0: 3 0x800076dc (0x03dc3933) x18 0x00000000
core   0: 0x800076e0 (0x01709213) slli    tp, ra, 23
core   0: 3 0x800076e0 (0x01709213) x 4 0x32000000
core   0: 0x800076e4 (0x03e2ae33) mulhsu  t3, t0, t5
core   0: 3 0x800076e4 (0x03e2ae33) x28 0x0001e720
core   0: 0x800076e8 (0x0292b3b3) mulhu   t2, t0, s1
core   0: 3 0x800076e8 (0x0292b3b3) x 7 0x00000000
core   0: 0x800076ec (0x18794d13) xori    s10, s2, 391
core   0: 3 0x800076ec (0x18794d13) x26 0x00000187
core   0: 0x800076f0 (0x03b28d33) mul     s10, t0, s11
core   0: 3 0x800076f0 (0x03b28d33) x26 0x00000000
core   0: 0x800076f4 (0x01121733) sll     a4, tp, a7
core   0: 3 0x800076f4 (0x01121733) x14 0x32000000
core   0: 0x800076f8 (0x41e283b3) sub     t2, t0, t5
core   0: 3 0x800076f8 (0x41e283b3) x 7 0x856f7954
core   0: 0x800076fc (0xd17f4993) xori    s3, t5, -745
core   0: 3 0x800076fc (0xd17f4993) x19 0x856b7d17
core   0: 0x80007700 (0x03324f33) div     t5, tp, s3
core   0: 3 0x80007700 (0x03324f33) x30 0x00000000
core   0: 0x80007704 (0x02597e33) remu    t3, s2, t0
core   0: 3 0x80007704 (0x02597e33) x28 0x00000000
core   0: 0x80007708 (0x40a152b3) sra     t0, sp, a0
core   0: 3 0x80007708 (0x40a152b3) x 5 0x33900000
core   0: 0x8000770c (0x41e20f33) sub     t5, tp, t5
core   0: 3 0x8000770c (0x41e20f33) x30 0x32000000
core   0: 0x80007710 (0x01bbf133) and     sp, s7, s11
core   0: 3 0x80007710 (0x01bbf133) x 2 0x00000000
core   0: 0x80007714 (0x02d6a6b3) mulhsu  a3, a3, a3
core   0: 3 0x80007714 (0x02d6a6b3) x13 0x00000000
core   0: 0x80007718 (0x402f80b3) sub     ra, t6, sp
core   0: 3 0x80007718 (0x402f80b3) x 1 0x63a00000
core   0: 0x8000771c (0x00be0033) add     zero, t3, a1
core   0: 3 0x8000771c (0x00be0033)
core   0: 0x80007720 (0x01398a33) add     s4, s3, s3
core   0: 3 0x80007720 (0x01398a33) x20 0x0ad6fa2e
core   0: 0x80007724 (0x02468c33) mul     s8, a3, tp
core   0: 3 0x80007724 (0x02468c33) x24 0x00000000
core   0: 0x80007728 (0x0043be33) sltu    t3, t2, tp
core   0: 3 0x80007728 (0x0043be33) x28 0x00000000
core   0: 0x8000772c (0x0148f0b3) and     ra, a7, s4
core   0: 3 0x8000772c (0x0148f0b3) x 1 0x00000000
core   0: 0x80007730 (0x0280fdb3) remu    s11, ra, s0
core   0: 3 0x80007730 (0x0280fdb3) x27 0x00000000
core   0: 0x80007734 (0x011bfbb3) and     s7, s7, a7
core   0: 3 0x80007734 (0x011bfbb3) x23 0x00000000
core   0: 0x80007738 (0x0023c2b3) xor     t0, t2, sp
core   0: 3 0x80007738 (0x0023c2b3) x 5 0x856f7954
core   0: 0x8000773c (0x033c7a33) remu    s4, s8, s3
core   0: 3 0x8000773c (0x033c7a33) x20 0x00000000
core   0: 0x80007740 (0xd216e193) ori     gp, a3, -735
core   0: 3 0x80007740 (0xd216e193) x 3 0xfffffd21
core   0: 0x80007744 (0x24aef713) andi    a4, t4, 586
core   0: 3 0x80007744 (0x24aef713) x14 0x00000000
core   0: 0x80007748 (0x00000013) nop
core   0: 3 0x80007748 (0x00000013)
core   0: 0x8000774c (0x0301d5b3) divu    a1, gp, a6
core   0: 3 0x8000774c (0x0301d5b3) x11 0x00000001
core   0: 0x80007750 (0xd1386413) ori     s0, a6, -749
core   0: 3 0x80007750 (0xd1386413) x 8 0xfffffdf7
core   0: 0x80007754 (0x00d45ab3) srl     s5, s0, a3
core   0: 3 0x80007754 (0x00d45ab3) x21 0xfffffdf7
core   0: 0x80007758 (0xbcf17f13) andi    t5, sp, -1073
core   0: 3 0x80007758 (0xbcf17f13) x30 0x00000000
core   0: 0x8000775c (0x032e81b3) mul     gp, t4, s2
core   0: 3 0x8000775c (0x032e81b3) x 3 0x00000000
core   0: 0x80007760 (0x2e45b097) auipc   ra, 0x2e45b
core   0: 3 0x80007760 (0x2e45b097) x 1 0xae462760
core   0: 0x80007764 (0xa0db7797) auipc   a5, 0xa0db7
core   0: 3 0x80007764 (0xa0db7797) x15 0x20dbe764
core   0: 0x80007768 (0xab4eaf93) slti    t6, t4, -1356
core   0: 3 0x80007768 (0xab4eaf93) x31 0x00000000
core   0: 0x8000776c (0x9b292e13) slti    t3, s2, -1614
core   0: 3 0x8000776c (0x9b292e13) x28 0x00000000
core   0: 0x80007770 (0xe4732693) slti    a3, t1, -441
core   0: 3 0x80007770 (0xe4732693) x13 0x00000000
core   0: 0x80007774 (0x40da8633) sub     a2, s5, a3
core   0: 3 0x80007774 (0x40da8633) x12 0xfffffdf7
core   0: 0x80007778 (0x011e4733) xor     a4, t3, a7
core   0: 3 0x80007778 (0x011e4733) x14 0x00000000
core   0: 0x8000777c (0x03cedab3) divu    s5, t4, t3
core   0: 3 0x8000777c (0x03cedab3) x21 0xffffffff
core   0: 0x80007780 (0x02a71e33) mulh    t3, a4, a0
core   0: 3 0x80007780 (0x02a71e33) x28 0x00000000
core   0: 0x80007784 (0x00314433) xor     s0, sp, gp
core   0: 3 0x80007784 (0x00314433) x 8 0x00000000
core   0: 0x80007788 (0x7ccf4693) xori    a3, t5, 1996
core   0: 3 0x80007788 (0x7ccf4693) x13 0x000007cc
core   0: 0x8000778c (0x03bedfb3) divu    t6, t4, s11
core   0: 3 0x8000778c (0x03bedfb3) x31 0xffffffff
core   0: 0x80007790 (0x02ef70b3) remu    ra, t5, a4
core   0: 3 0x80007790 (0x02ef70b3) x 1 0x00000000
core   0: 0x80007794 (0x01dd5993) srli    s3, s10, 29
core   0: 3 0x80007794 (0x01dd5993) x19 0x00000000
core   0: 0x80007798 (0xa0e37e93) andi    t4, t1, -1522
core   0: 3 0x80007798 (0xa0e37e93) x29 0x00000000
core   0: 0x8000779c (0xbc96bc93) sltiu   s9, a3, -1079
core   0: 3 0x8000779c (0xbc96bc93) x25 0x00000001
core   0: 0x800077a0 (0x00ad5033) srl     zero, s10, a0
core   0: 3 0x800077a0 (0x00ad5033)
core   0: 0x800077a4 (0x03763f33) mulhu   t5, a2, s7
core   0: 3 0x800077a4 (0x03763f33) x30 0x00000000
core   0: 0x800077a8 (0x03327db3) remu    s11, tp, s3
core   0: 3 0x800077a8 (0x03327db3) x27 0x32000000
core   0: 0x800077ac (0x00629633) sll     a2, t0, t1
core   0: 3 0x800077ac (0x00629633) x12 0x856f7954
core   0: 0x800077b0 (0x022e68b3) rem     a7, t3, sp
core   0: 3 0x800077b0 (0x022e68b3) x17 0x00000000
core   0: 0x800077b4 (0x03663cb3) mulhu   s9, a2, s6
core   0: 3 0x800077b4 (0x03663cb3) x25 0x42b86af5
core   0: 0x800077b8 (0x4140d133) sra     sp, ra, s4
core   0: 3 0x800077b8 (0x4140d133) x 2 0x00000000
core   0: 0x800077bc (0x02ee17b3) mulh    a5, t3, a4
core   0: 3 0x800077bc (0x02ee17b3) x15 0x00000000
core   0: 0x800077c0 (0x0253b933) mulhu   s2, t2, t0
core   0: 3 0x800077c0 (0x0253b933) x18 0x458d049b
core   0: 0x800077c4 (0x02dacdb3) div     s11, s5, a3
core   0: 3 0x800077c4 (0x02dacdb3) x27 0x00000000
core   0: 0x800077c8 (0x01b78133) add     sp, a5, s11
core   0: 3 0x800077c8 (0x01b78133) x 2 0x00000000
core   0: 0x800077cc (0x00ba4cb3) xor     s9, s4, a1
core   0: 3 0x800077cc (0x00ba4cb3) x25 0x00000001
core   0: 0x800077d0 (0x0057f2b3) and     t0, a5, t0
core   0: 3 0x800077d0 (0x0057f2b3) x 5 0x00000000
core   0: 0x800077d4 (0x049b9317) auipc   t1, 0x49b9
core   0: 3 0x800077d4 (0x049b9317) x 6 0x849c07d4
core   0: 0x800077d8 (0x03c460b3) rem     ra, s0, t3
core   0: 3 0x800077d8 (0x03c460b3) x 1 0x00000000
core   0: 0x800077dc (0x9344bf13) sltiu   t5, s1, -1740
core   0: 3 0x800077dc (0x9344bf13) x30 0x00000001
core   0: 0x800077e0 (0x01afda13) srli    s4, t6, 26
core   0: 3 0x800077e0 (0x01afda13) x20 0x0000003f
core   0: 0x800077e4 (0x59ff3d13) sltiu   s10, t5, 1439
core   0: 3 0x800077e4 (0x59ff3d13) x26 0x00000001
core   0: 0x800077e8 (0x41025e13) srai    t3, tp, 16
core   0: 3 0x800077e8 (0x41025e13) x28 0x00003200
core   0: 0x800077ec (0x0082b7b3) sltu    a5, t0, s0
core   0: 3 0x800077ec (0x0082b7b3) x15 0x00000000
core   0: 0x800077f0 (0x02711433) mulh    s0, sp, t2
core   0: 3 0x800077f0 (0x02711433) x 8 0x00000000
core   0: 0x800077f4 (0x00edb6b3) sltu    a3, s11, a4
core   0: 3 0x800077f4 (0x00edb6b3) x13 0x00000000
core   0: 0x800077f8 (0xaba23437) lui     s0, 0xaba23
core   0: 3 0x800077f8 (0xaba23437) x 8 0xaba23000
core   0: 0x800077fc (0x43f5f4b7) lui     s1, 0x43f5f
core   0: 3 0x800077fc (0x43f5f4b7) x 9 0x43f5f000
core   0: 0x80007800 (0x6981e893) ori     a7, gp, 1688
core   0: 3 0x80007800 (0x6981e893) x17 0x00000698
core   0: 0x80007804 (0x008b3c33) sltu    s8, s6, s0
core   0: 3 0x80007804 (0x008b3c33) x24 0x00000001
core   0: 0x80007808 (0x0a9dfb93) andi    s7, s11, 169
core   0: 3 0x80007808 (0x0a9dfb93) x23 0x00000000
core   0: 0x8000780c (0x2175fc97) auipc   s9, 0x2175f
core   0: 3 0x8000780c (0x2175fc97) x25 0xa176680c
core   0: 0x80007810 (0x00278433) add     s0, a5, sp
core   0: 3 0x80007810 (0x00278433) x 8 0x00000000
core   0: 0x80007814 (0x400bdf13) srai    t5, s7, 0
core   0: 3 0x80007814 (0x400bdf13) x30 0x00000000
core   0: 0x80007818 (0x03d66733) rem     a4, a2, t4
core   0: 3 0x80007818 (0x03d66733) x14 0x856f7954
core   0: 0x8000781c (0x03bdfc33) remu    s8, s11, s11
core   0: 3 0x8000781c (0x03bdfc33) x24 0x00000000
core   0: 0x80007820 (0x01d208b3) add     a7, tp, t4
core   0: 3 0x80007820 (0x01d208b3) x17 0x32000000
core   0: 0x80007824 (0x012689b3) add     s3, a3, s2
core   0: 3 0x80007824 (0x012689b3) x19 0x458d049b
core   0: 0x80007828 (0x40f05a33) sra     s4, zero, a5
core   0: 3 0x80007828 (0x40f05a33) x20 0x00000000
core   0: 0x8000782c (0x410e82b3) sub     t0, t4, a6
core   0: 3 0x8000782c (0x410e82b3) x 5 0x7ffe731c
core   0: 0x80007830 (0x00000013) nop
core   0: 3 0x80007830 (0x00000013)
core   0: 0x80007834 (0x30c60613) addi    a2, a2, 780
core   0: 3 0x80007834 (0x30c60613) x12 0x856f7c60
core   0: 0x80007838 (0xf7bc4d93) xori    s11, s8, -133
core   0: 3 0x80007838 (0xf7bc4d93) x27 0xffffff7b
core   0: 0x8000783c (0xaae13217) auipc   tp, 0xaae13
core   0: 3 0x8000783c (0xaae13217) x 4 0x2ae1a83c
core   0: 0x80007840 (0x007b87b3) add     a5, s7, t2
core   0: 3 0x80007840 (0x007b87b3) x15 0x856f7954
core   0: 0x80007844 (0x00b19113) slli    sp, gp, 11
core   0: 3 0x80007844 (0x00b19113) x 2 0x00000000
core   0: 0x80007848 (0x00082933) slt     s2, a6, zero
core   0: 3 0x80007848 (0x00082933) x18 0x00000001
core   0: 0x8000784c (0xe26adc37) lui     s8, 0xe26ad
core   0: 3 0x8000784c (0xe26adc37) x24 0xe26ad000
core   0: 0x80007850 (0x021112b3) mulh    t0, sp, ra
core   0: 3 0x80007850 (0x021112b3) x 5 0x00000000
core   0: 0x80007854 (0x01039e13) slli    t3, t2, 16
core   0: 3 0x80007854 (0x01039e13) x28 0x79540000
core   0: 0x80007858 (0x0024a0b3) slt     ra, s1, sp
core   0: 3 0x80007858 (0x0024a0b3) x 1 0x00000000
core   0: 0x8000785c (0x015a2433) slt     s0, s4, s5
core   0: 3 0x8000785c (0x015a2433) x 8 0x00000000
core   0: 0x80007860 (0x8abfc797) auipc   a5, 0x8abfc
core   0: 3 0x80007860 (0x8abfc797) x15 0x0ac03860
core   0: 0x80007864 (0x021ba7b3) mulhsu  a5, s7, ra
core   0: 3 0x80007864 (0x021ba7b3) x15 0x00000000
core   0: 0x80007868 (0x024aa3b3) mulhsu  t2, s5, tp
core   0: 3 0x80007868 (0x024aa3b3) x 7 0xffffffff
core   0: 0x8000786c (0x017af2b3) and     t0, s5, s7
core   0: 3 0x8000786c (0x017af2b3) x 5 0x00000000
core   0: 0x80007870 (0xd2217c13) andi    s8, sp, -734
core   0: 3 0x80007870 (0xd2217c13) x24 0x00000000
core   0: 0x80007874 (0x8a194c17) auipc   s8, 0x8a194
core   0: 3 0x80007874 (0x8a194c17) x24 0x0a19b874
core   0: 0x80007878 (0x00bec6b3) xor     a3, t4, a1
core   0: 3 0x80007878 (0x00bec6b3) x13 0x00000001
core   0: 0x8000787c (0x5d584313) xori    t1, a6, 1493
core   0: 3 0x8000787c (0x5d584313) x 6 0x80018931
core   0: 0x80007880 (0x6dc73713) sltiu   a4, a4, 1756
core   0: 3 0x80007880 (0x6dc73713) x14 0x00000000
core   0: 0x80007884 (0x02413333) mulhu   t1, sp, tp
core   0: 3 0x80007884 (0x02413333) x 6 0x00000000
core   0: 0x80007888 (0x2691b2b7) lui     t0, 0x2691b
core   0: 3 0x80007888 (0x2691b2b7) x 5 0x2691b000
core   0: 0x8000788c (0x6beb8a93) addi    s5, s7, 1726
core   0: 3 0x8000788c (0x6beb8a93) x21 0x000006be
core   0: 0x80007890 (0x03348c33) mul     s8, s1, s3
core   0: 3 0x80007890 (0x03348c33) x24 0x2da85000
core   0: 0x80007894 (0x00000013) nop
core   0: 3 0x80007894 (0x00000013)
core   0: 0x80007898 (0x0048b9b3) sltu    s3, a7, tp
core   0: 3 0x80007898 (0x0048b9b3) x19 0x00000000
core   0: 0x8000789c (0x038620b3) mulhsu  ra, a2, s8
core   0: 3 0x8000789c (0x038620b3) x 1 0xea2403b9
core   0: 0x800078a0 (0x03fa9733) mulh    a4, s5, t6
core   0: 3 0x800078a0 (0x03fa9733) x14 0xffffffff
core   0: 0x800078a4 (0x00942bb3) slt     s7, s0, s1
core   0: 3 0x800078a4 (0x00942bb3) x23 0x00000001
core   0: 0x800078a8 (0x014724b3) slt     s1, a4, s4
core   0: 3 0x800078a8 (0x014724b3) x 9 0x00000001
core   0: 0x800078ac (0x408f5fb3) sra     t6, t5, s0
core   0: 3 0x800078ac (0x408f5fb3) x31 0x00000000
core   0: 0x800078b0 (0x00000013) nop
core   0: 3 0x800078b0 (0x00000013)
core   0: 0x800078b4 (0x00121133) sll     sp, tp, ra
core   0: 3 0x800078b4 (0x00121133) x 2 0x78000000
core   0: 0x800078b8 (0x0357abb3) mulhsu  s7, a5, s5
core   0: 3 0x800078b8 (0x0357abb3) x23 0x00000000
core   0: 0x800078bc (0x02b930b3) mulhu   ra, s2, a1
core   0: 3 0x800078bc (0x02b930b3) x 1 0x00000000
core   0: 0x800078c0 (0xfa28c593) xori    a1, a7, -94
core   0: 3 0x800078c0 (0xfa28c593) x11 0xcdffffa2
core   0: 0x800078c4 (0x003475b3) and     a1, s0, gp
core   0: 3 0x800078c4 (0x003475b3) x11 0x00000000
core   0: 0x800078c8 (0x00000013) nop
core   0: 3 0x800078c8 (0x00000013)
core   0: 0x800078cc (0x0081ca33) xor     s4, gp, s0
core   0: 3 0x800078cc (0x0081ca33) x20 0x00000000
core   0: 0x800078d0 (0x01651d93) slli    s11, a0, 22
core   0: 3 0x800078d0 (0x01651d93) x27 0x00000000
core   0: 0x800078d4 (0x5f1b8c93) addi    s9, s7, 1521
core   0: 3 0x800078d4 (0x5f1b8c93) x25 0x000005f1
core   0: 0x800078d8 (0x40f55c33) sra     s8, a0, a5
core   0: 3 0x800078d8 (0x40f55c33) x24 0x80000000
core   0: 0x800078dc (0x00cedc13) srli    s8, t4, 12
core   0: 3 0x800078dc (0x00cedc13) x24 0x00000000
core   0: 0x800078e0 (0x02ed5eb3) divu    t4, s10, a4
core   0: 3 0x800078e0 (0x02ed5eb3) x29 0x00000000
core   0: 0x800078e4 (0x013a4d33) xor     s10, s4, s3
core   0: 3 0x800078e4 (0x013a4d33) x26 0x00000000
core   0: 0x800078e8 (0x005db933) sltu    s2, s11, t0
core   0: 3 0x800078e8 (0x005db933) x18 0x00000001
core   0: 0x800078ec (0x408f8633) sub     a2, t6, s0
core   0: 3 0x800078ec (0x408f8633) x12 0x00000000
core   0: 0x800078f0 (0x020e2fb3) mulhsu  t6, t3, zero
core   0: 3 0x800078f0 (0x020e2fb3) x31 0x00000000
core   0: 0x800078f4 (0x78ef8c13) addi    s8, t6, 1934
core   0: 3 0x800078f4 (0x78ef8c13) x24 0x0000078e
core   0: 0x800078f8 (0xd4900e17) auipc   t3, 0xd4900
core   0: 3 0x800078f8 (0xd4900e17) x28 0x549078f8
core   0: 0x800078fc (0x9191c937) lui     s2, 0x9191c
core   0: 3 0x800078fc (0x9191c937) x18 0x9191c000
core   0: 0x80007900 (0x01629e33) sll     t3, t0, s6
core   0: 3 0x80007900 (0x01629e33) x28 0x691b0000
core   0: 0x80007904 (0x01a423b3) slt     t2, s0, s10
core   0: 3 0x80007904 (0x01a423b3) x 7 0x00000000
core   0: 0x80007908 (0x00ea62b3) or      t0, s4, a4
core   0: 3 0x80007908 (0x00ea62b3) x 5 0xffffffff
core   0: 0x8000790c (0x00a51993) slli    s3, a0, 10
core   0: 3 0x8000790c (0x00a51993) x19 0x00000000
core   0: 0x80007910 (0x00b1a4b3) slt     s1, gp, a1
core   0: 3 0x80007910 (0x00b1a4b3) x 9 0x00000000
core   0: 0x80007914 (0xaa51ea97) auipc   s5, 0xaa51e
core   0: 3 0x80007914 (0xaa51ea97) x21 0x2a525914
core   0: 0x80007918 (0x40e75333) sra     t1, a4, a4
core   0: 3 0x80007918 (0x40e75333) x 6 0xffffffff
core   0: 0x8000791c (0x0183bc33) sltu    s8, t2, s8
core   0: 3 0x8000791c (0x0183bc33) x24 0x00000001
core   0: 0x80007920 (0x24552893) slti    a7, a0, 581
core   0: 3 0x80007920 (0x24552893) x17 0x00000001
core   0: 0x80007924 (0x00000013) nop
core   0: 3 0x80007924 (0x00000013)
core   0: 0x80007928 (0xcd916713) ori     a4, sp, -807
core   0: 3 0x80007928 (0xcd916713) x14 0xfffffcd9
core   0: 0x8000792c (0x004395b3) sll     a1, t2, tp
core   0: 3 0x8000792c (0x004395b3) x11 0x00000000
core   0: 0x80007930 (0x41e5d493) srai    s1, a1, 30
core   0: 3 0x80007930 (0x41e5d493) x 9 0x00000000
core   0: 0x80007934 (0x012f5113) srli    sp, t5, 18
core   0: 3 0x80007934 (0x012f5113) x 2 0x00000000
core   0: 0x80007938 (0x02710f33) mul     t5, sp, t2
core   0: 3 0x80007938 (0x02710f33) x30 0x00000000
core   0: 0x8000793c (0x01b2c9b3) xor     s3, t0, s11
core   0: 3 0x8000793c (0x01b2c9b3) x19 0xffffffff
core   0: 0x80007940 (0x02162033) mulhsu  zero, a2, ra
core   0: 3 0x80007940 (0x02162033)
core   0: 0x80007944 (0x0156a6b3) slt     a3, a3, s5
core   0: 3 0x80007944 (0x0156a6b3) x13 0x00000001
core   0: 0x80007948 (0x03564f33) div     t5, a2, s5
core   0: 3 0x80007948 (0x03564f33) x30 0x00000000
core   0: 0x8000794c (0xee336e93) ori     t4, t1, -285
core   0: 3 0x8000794c (0xee336e93) x29 0xffffffff
core   0: 0x80007950 (0x03b96133) rem     sp, s2, s11
core   0: 3 0x80007950 (0x03b96133) x 2 0x9191c000
core   0: 0x80007954 (0xdd86ed97) auipc   s11, 0xdd86e
core   0: 3 0x80007954 (0xdd86ed97) x27 0x5d875954
core   0: 0x80007958 (0xb1c53a13) sltiu   s4, a0, -1252
core   0: 3 0x80007958 (0xb1c53a13) x20 0x00000001
core   0: 0x8000795c (0x018f8eb3) add     t4, t6, s8
core   0: 3 0x8000795c (0x018f8eb3) x29 0x00000001
core   0: 0x80007960 (0x02fe61b3) rem     gp, t3, a5
core   0: 3 0x80007960 (0x02fe61b3) x 3 0x691b0000
core   0: 0x80007964 (0x412084b3) sub     s1, ra, s2
core   0: 3 0x80007964 (0x412084b3) x 9 0x6e6e4000
core   0: 0x80007968 (0x01ff6bb3) or      s7, t5, t6
core   0: 3 0x80007968 (0x01ff6bb3) x23 0x00000000
core   0: 0x8000796c (0x004910b3) sll     ra, s2, tp
core   0: 3 0x8000796c (0x004910b3) x 1 0x00000000
core   0: 0x80007970 (0x03ac10b3) mulh    ra, s8, s10
core   0: 3 0x80007970 (0x03ac10b3) x 1 0x00000000
core   0: 0x80007974 (0x00000013) nop
core   0: 3 0x80007974 (0x00000013)
core   0: 0x80007978 (0x0103d413) srli    s0, t2, 16
core   0: 3 0x80007978 (0x0103d413) x 8 0x00000000
core   0: 0x8000797c (0x40115fb3) sra     t6, sp, ra
core   0: 3 0x8000797c (0x40115fb3) x31 0x9191c000
core   0: 0x80007980 (0x0312c933) div     s2, t0, a7
core   0: 3 0x80007980 (0x0312c933) x18 0xffffffff
core   0: 0x80007984 (0x41675a93) srai    s5, a4, 22
core   0: 3 0x80007984 (0x41675a93) x21 0xffffffff
core   0: 0x80007988 (0xe7a2f717) auipc   a4, 0xe7a2f
core   0: 3 0x80007988 (0xe7a2f717) x14 0x67a36988
core   0: 0x8000798c (0x010f5a33) srl     s4, t5, a6
core   0: 3 0x8000798c (0x010f5a33) x20 0x00000000
core   0: 0x80007990 (0x02c52fb3) mulhsu  t6, a0, a2
core   0: 3 0x80007990 (0x02c52fb3) x31 0x00000000
core   0: 0x80007994 (0x02e887b3) mul     a5, a7, a4
core   0: 3 0x80007994 (0x02e887b3) x15 0x67a36988
core   0: 0x80007998 (0x036aed33) rem     s10, s5, s6
core   0: 3 0x80007998 (0x036aed33) x26 0xffffffff
core   0: 0x8000799c (0x00ac8db3) add     s11, s9, a0
core   0: 3 0x8000799c (0x00ac8db3) x27 0x800005f1
core   0: 0x800079a0 (0x0129c0b3) xor     ra, s3, s2
core   0: 3 0x800079a0 (0x0129c0b3) x 1 0x00000000
core   0: 0x800079a4 (0xf9a09217) auipc   tp, 0xf9a09
core   0: 3 0x800079a4 (0xf9a09217) x 4 0x79a109a4
core   0: 0x800079a8 (0xf81ef313) andi    t1, t4, -127
core   0: 3 0x800079a8 (0xf81ef313) x 6 0x00000001
core   0: 0x800079ac (0x03f489b3) mul     s3, s1, t6
core   0: 3 0x800079ac (0x03f489b3) x19 0x00000000
core   0: 0x800079b0 (0x004a3433) sltu    s0, s4, tp
core   0: 3 0x800079b0 (0x004a3433) x 8 0x00000001
core   0: 0x800079b4 (0x01f0aa33) slt     s4, ra, t6
core   0: 3 0x800079b4 (0x01f0aa33) x20 0x00000000
core   0: 0x800079b8 (0x0083d393) srli    t2, t2, 8
core   0: 3 0x800079b8 (0x0083d393) x 7 0x00000000
core   0: 0x800079bc (0x03d4f2b3) remu    t0, s1, t4
core   0: 3 0x800079bc (0x03d4f2b3) x 5 0x00000000
core   0: 0x800079c0 (0x24fa3d93) sltiu   s11, s4, 591
core   0: 3 0x800079c0 (0x24fa3d93) x27 0x00000001
core   0: 0x800079c4 (0x02379a33) mulh    s4, a5, gp
core   0: 3 0x800079c4 (0x02379a33) x20 0x2a8cf484
core   0: 0x800079c8 (0x41a48db3) sub     s11, s1, s10
core   0: 3 0x800079c8 (0x41a48db3) x27 0x6e6e4001
core   0: 0x800079cc (0x023b74b3) remu    s1, s6, gp
core   0: 3 0x800079cc (0x023b74b3) x 9 0x16e64e64
core   0: 0x800079d0 (0x01e5f1b3) and     gp, a1, t5
core   0: 3 0x800079d0 (0x01e5f1b3) x 3 0x00000000
core   0: 0x800079d4 (0x9ac97f93) andi    t6, s2, -1620
core   0: 3 0x800079d4 (0x9ac97f93) x31 0xfffff9ac
core   0: 0x800079d8 (0x4e66b313) sltiu   t1, a3, 1254
core   0: 3 0x800079d8 (0x4e66b313) x 6 0x00000001
core   0: 0x800079dc (0x037dbbb3) mulhu   s7, s11, s7
core   0: 3 0x800079dc (0x037dbbb3) x23 0x00000000
core   0: 0x800079e0 (0x0204d8b3) divu    a7, s1, zero
core   0: 3 0x800079e0 (0x0204d8b3) x17 0xffffffff
core   0: 0x800079e4 (0x02a79ab3) mulh    s5, a5, a0
core   0: 3 0x800079e4 (0x02a79ab3) x21 0xcc2e4b3c
core   0: 0x800079e8 (0x03d87db3) remu    s11, a6, t4
core   0: 3 0x800079e8 (0x03d87db3) x27 0x00000000
core   0: 0x800079ec (0x02b37733) remu    a4, t1, a1
core   0: 3 0x800079ec (0x02b37733) x14 0x00000001
core   0: 0x800079f0 (0x027395b3) mulh    a1, t2, t2
core   0: 3 0x800079f0 (0x027395b3) x11 0x00000000
core   0: 0x800079f4 (0x1a03cd13) xori    s10, t2, 416
core   0: 3 0x800079f4 (0x1a03cd13) x26 0x000001a0
core   0: 0x800079f8 (0x01bb8333) add     t1, s7, s11
core   0: 3 0x800079f8 (0x01bb8333) x 6 0x00000000
core   0: 0x800079fc (0x00159913) slli    s2, a1, 1
core   0: 3 0x800079fc (0x00159913) x18 0x00000000
core   0: 0x80007a00 (0x016c4ab3) xor     s5, s8, s6
core   0: 3 0x80007a00 (0x016c4ab3) x21 0x80014e65
core   0: 0x80007a04 (0xe8f9a893) slti    a7, s3, -369
core   0: 3 0x80007a04 (0xe8f9a893) x17 0x00000000
core   0: 0x80007a08 (0x41e65113) srai    sp, a2, 30
core   0: 3 0x80007a08 (0x41e65113) x 2 0x00000000
core   0: 0x80007a0c (0x970bef13) ori     t5, s7, -1680
core   0: 3 0x80007a0c (0x970bef13) x30 0xfffff970
core   0: 0x80007a10 (0x410dd933) sra     s2, s11, a6
core   0: 3 0x80007a10 (0x410dd933) x18 0x00000000
core   0: 0x80007a14 (0x01381f33) sll     t5, a6, s3
core   0: 3 0x80007a14 (0x01381f33) x30 0x80018ce4
core   0: 0x80007a18 (0x9ca32213) slti    tp, t1, -1590
core   0: 3 0x80007a18 (0x9ca32213) x 4 0x00000000
core   0: 0x80007a1c (0x003405b3) add     a1, s0, gp
core   0: 3 0x80007a1c (0x003405b3) x11 0x00000001
core   0: 0x80007a20 (0x408d5f13) srai    t5, s10, 8
core   0: 3 0x80007a20 (0x408d5f13) x30 0x00000001
core   0: 0x80007a24 (0xbba4b413) sltiu   s0, s1, -1094
core   0: 3 0x80007a24 (0xbba4b413) x 8 0x00000001
core   0: 0x80007a28 (0x02716133) rem     sp, sp, t2
core   0: 3 0x80007a28 (0x02716133) x 2 0x00000000
core   0: 0x80007a2c (0x00000013) nop
core   0: 3 0x80007a2c (0x00000013)
core   0: 0x80007a30 (0x48c4e713) ori     a4, s1, 1164
core   0: 3 0x80007a30 (0x48c4e713) x14 0x16e64eec
core   0: 0x80007a34 (0x55b07413) andi    s0, zero, 1371
core   0: 3 0x80007a34 (0x55b07413) x 8 0x00000000
core   0: 0x80007a38 (0x034ae4b3) rem     s1, s5, s4
core   0: 3 0x80007a38 (0x034ae4b3) x 9 0xffa82bf1
core   0: 0x80007a3c (0x01db2233) slt     tp, s6, t4
core   0: 3 0x80007a3c (0x01db2233) x 4 0x00000001
core   0: 0x80007a40 (0x02808f33) mul     t5, ra, s0
core   0: 3 0x80007a40 (0x02808f33) x30 0x00000000
core   0: 0x80007a44 (0xbe81e413) ori     s0, gp, -1048
core   0: 3 0x80007a44 (0xbe81e413) x 8 0xfffffbe8
core   0: 0x80007a48 (0x031bdd33) divu    s10, s7, a7
core   0: 3 0x80007a48 (0x031bdd33) x26 0xffffffff
core   0: 0x80007a4c (0x03844bb3) div     s7, s0, s8
core   0: 3 0x80007a4c (0x03844bb3) x23 0xfffffbe8
core   0: 0x80007a50 (0x0021f6b3) and     a3, gp, sp
core   0: 3 0x80007a50 (0x0021f6b3) x13 0x00000000
core   0: 0x80007a54 (0x007aa8b3) slt     a7, s5, t2
core   0: 3 0x80007a54 (0x007aa8b3) x17 0x00000001
core   0: 0x80007a58 (0x415c5293) srai    t0, s8, 21
core   0: 3 0x80007a58 (0x415c5293) x 5 0x00000000
core   0: 0x80007a5c (0x01f79613) slli    a2, a5, 31
core   0: 3 0x80007a5c (0x01f79613) x12 0x00000000
core   0: 0x80007a60 (0x02637d33) remu    s10, t1, t1
core   0: 3 0x80007a60 (0x02637d33) x26 0x00000000
core   0: 0x80007a64 (0x4071d193) srai    gp, gp, 7
core   0: 3 0x80007a64 (0x4071d193) x 3 0x00000000
core   0: 0x80007a68 (0x030a5f33) divu    t5, s4, a6
core   0: 3 0x80007a68 (0x030a5f33) x30 0x00000000
core   0: 0x80007a6c (0x00000013) nop
core   0: 3 0x80007a6c (0x00000013)
core   0: 0x80007a70 (0xc93a0d93) addi    s11, s4, -877
core   0: 3 0x80007a70 (0xc93a0d93) x27 0x2a8cf117
core   0: 0x80007a74 (0x41390fb3) sub     t6, s2, s3
core   0: 3 0x80007a74 (0x41390fb3) x31 0x00000000
core   0: 0x80007a78 (0x003a6f33) or      t5, s4, gp
core   0: 3 0x80007a78 (0x003a6f33) x30 0x2a8cf484
core   0: 0x80007a7c (0x77a18493) addi    s1, gp, 1914
core   0: 3 0x80007a7c (0x77a18493) x 9 0x0000077a
core   0: 0x80007a80 (0x2ca4ef13) ori     t5, s1, 714
core   0: 3 0x80007a80 (0x2ca4ef13) x30 0x000007fa
core   0: 0x80007a84 (0x0269e0b3) rem     ra, s3, t1
core   0: 3 0x80007a84 (0x0269e0b3) x 1 0x00000000
core   0: 0x80007a88 (0x01de7f33) and     t5, t3, t4
core   0: 3 0x80007a88 (0x01de7f33) x30 0x00000000
core   0: 0x80007a8c (0x008713b3) sll     t2, a4, s0
core   0: 3 0x80007a8c (0x008713b3) x 7 0xe64eec00
core   0: 0x80007a90 (0x9ca54c93) xori    s9, a0, -1590
core   0: 3 0x80007a90 (0x9ca54c93) x25 0x7ffff9ca
core   0: 0x80007a94 (0x01941933) sll     s2, s0, s9
core   0: 3 0x80007a94 (0x01941933) x18 0xffefa000
core   0: 0x80007a98 (0xa3376a93) ori     s5, a4, -1485
core   0: 3 0x80007a98 (0xa3376a93) x21 0xfffffeff
core   0: 0x80007a9c (0x418385b3) sub     a1, t2, s8
core   0: 3 0x80007a9c (0x418385b3) x11 0xe64eebff
core   0: 0x80007aa0 (0x032a5e33) divu    t3, s4, s2
core   0: 3 0x80007aa0 (0x032a5e33) x28 0x00000000
core   0: 0x80007aa4 (0x0336ba33) mulhu   s4, a3, s3
core   0: 3 0x80007aa4 (0x0336ba33) x20 0x00000000
core   0: 0x80007aa8 (0x02e61233) mulh    tp, a2, a4
core   0: 3 0x80007aa8 (0x02e61233) x 4 0x00000000
core   0: 0x80007aac (0x009ab3b3) sltu    t2, s5, s1
core   0: 3 0x80007aac (0x009ab3b3) x 7 0x00000000
core   0: 0x80007ab0 (0x01b77033) and     zero, a4, s11
core   0: 3 0x80007ab0 (0x01b77033)
core   0: 0x80007ab4 (0x03c708b3) mul     a7, a4, t3
core   0: 3 0x80007ab4 (0x03c708b3) x17 0x00000000
core   0: 0x80007ab8 (0x8e363e93) sltiu   t4, a2, -1821
core   0: 3 0x80007ab8 (0x8e363e93) x29 0x00000001
core   0: 0x80007abc (0x037d23b3) mulhsu  t2, s10, s7
core   0: 3 0x80007abc (0x037d23b3) x 7 0x00000000
core   0: 0x80007ac0 (0x0137c333) xor     t1, a5, s3
core   0: 3 0x80007ac0 (0x0137c333) x 6 0x67a36988
core   0: 0x80007ac4 (0x02e686b3) mul     a3, a3, a4
core   0: 3 0x80007ac4 (0x02e686b3) x13 0x00000000
core   0: 0x80007ac8 (0x01fc3bb3) sltu    s7, s8, t6
core   0: 3 0x80007ac8 (0x01fc3bb3) x23 0x00000000
core   0: 0x80007acc (0xc1677f93) andi    t6, a4, -1002
core   0: 3 0x80007acc (0xc1677f93) x31 0x16e64c04
core   0: 0x80007ad0 (0x40a10bb3) sub     s7, sp, a0
core   0: 3 0x80007ad0 (0x40a10bb3) x23 0x80000000
core   0: 0x80007ad4 (0x021968b3) rem     a7, s2, ra
core   0: 3 0x80007ad4 (0x021968b3) x17 0xffefa000
core   0: 0x80007ad8 (0x03265933) divu    s2, a2, s2
core   0: 3 0x80007ad8 (0x03265933) x18 0x00000000
core   0: 0x80007adc (0x5f606e93) ori     t4, zero, 1526
core   0: 3 0x80007adc (0x5f606e93) x29 0x000005f6
core   0: 0x80007ae0 (0x8c46e913) ori     s2, a3, -1852
core   0: 3 0x80007ae0 (0x8c46e913) x18 0xfffff8c4
core   0: 0x80007ae4 (0x013fa3b3) slt     t2, t6, s3
core   0: 3 0x80007ae4 (0x013fa3b3) x 7 0x00000000
core   0: 0x80007ae8 (0x007cd8b3) srl     a7, s9, t2
core   0: 3 0x80007ae8 (0x007cd8b3) x17 0x7ffff9ca
core   0: 0x80007aec (0x02eb23b3) mulhsu  t2, s6, a4
core   0: 3 0x80007aec (0x02eb23b3) x 7 0xf48cf673
core   0: 0x80007af0 (0xb6aba013) slti    zero, s7, -1174
core   0: 3 0x80007af0 (0xb6aba013)
core   0: 0x80007af4 (0x034754b3) divu    s1, a4, s4
core   0: 3 0x80007af4 (0x034754b3) x 9 0xffffffff
core   0: 0x80007af8 (0x003dd993) srli    s3, s11, 3
core   0: 3 0x80007af8 (0x003dd993) x19 0x05519e22
core   0: 0x80007afc (0x2e92c993) xori    s3, t0, 745
core   0: 3 0x80007afc (0x2e92c993) x19 0x000002e9
core   0: 0x80007b00 (0x02de3cb3) mulhu   s9, t3, a3
core   0: 3 0x80007b00 (0x02de3cb3) x25 0x00000000
core   0: 0x80007b04 (0x01414db3) xor     s11, sp, s4
core   0: 3 0x80007b04 (0x01414db3) x27 0x00000000
core   0: 0x80007b08 (0x006833b3) sltu    t2, a6, t1
core   0: 3 0x80007b08 (0x006833b3) x 7 0x00000000
core   0: 0x80007b0c (0x01835cb3) srl     s9, t1, s8
core   0: 3 0x80007b0c (0x01835cb3) x25 0x33d1b4c4
core   0: 0x80007b10 (0x59bc56b7) lui     a3, 0x59bc5
core   0: 3 0x80007b10 (0x59bc56b7) x13 0x59bc5000
core   0: 0x80007b14 (0x02c55f33) divu    t5, a0, a2
core   0: 3 0x80007b14 (0x02c55f33) x30 0xffffffff
core   0: 0x80007b18 (0x012255b3) srl     a1, tp, s2
core   0: 3 0x80007b18 (0x012255b3) x11 0x00000000
core   0: 0x80007b1c (0x02ba98b3) mulh    a7, s5, a1
core   0: 3 0x80007b1c (0x02ba98b3) x17 0x00000000
core   0: 0x80007b20 (0x00e6e633) or      a2, a3, a4
core   0: 3 0x80007b20 (0x00e6e633) x12 0x5ffe5eec
core   0: 0x80007b24 (0x0b6ca613) slti    a2, s9, 182
core   0: 3 0x80007b24 (0x0b6ca613) x12 0x00000000
core   0: 0x80007b28 (0x90b8ed93) ori     s11, a7, -1781
core   0: 3 0x80007b28 (0x90b8ed93) x27 0xfffff90b
core   0: 0x80007b2c (0x953af137) lui     sp, 0x953af
core   0: 3 0x80007b2c (0x953af137) x 2 0x953af000
core   0: 0x80007b30 (0x4126de13) srai    t3, a3, 18
core   0: 3 0x80007b30 (0x4126de13) x28 0x0000166f
core   0: 0x80007b34 (0x004ee133) or      sp, t4, tp
core   0: 3 0x80007b34 (0x004ee133) x 2 0x000005f6
core   0: 0x80007b38 (0x03b4ca33) div     s4, s1, s11
core   0: 3 0x80007b38 (0x03b4ca33) x20 0x00000000
core   0: 0x80007b3c (0xada9c217) auipc   tp, 0xada9c
core   0: 3 0x80007b3c (0xada9c217) x 4 0x2daa3b3c
core   0: 0x80007b40 (0x4161d413) srai    s0, gp, 22
core   0: 3 0x80007b40 (0x4161d413) x 8 0x00000000
core   0: 0x80007b44 (0x001a00b3) add     ra, s4, ra
core   0: 3 0x80007b44 (0x001a00b3) x 1 0x00000000
core   0: 0x80007b48 (0x0189d2b3) srl     t0, s3, s8
core   0: 3 0x80007b48 (0x0189d2b3) x 5 0x00000174
core   0: 0x80007b4c (0x015229b3) slt     s3, tp, s5
core   0: 3 0x80007b4c (0x015229b3) x19 0x00000000
core   0: 0x80007b50 (0x03495433) divu    s0, s2, s4
core   0: 3 0x80007b50 (0x03495433) x 8 0xffffffff
core   0: 0x80007b54 (0x000229b3) slt     s3, tp, zero
core   0: 3 0x80007b54 (0x000229b3) x19 0x00000000
core   0: 0x80007b58 (0x0346f633) remu    a2, a3, s4
core   0: 3 0x80007b58 (0x0346f633) x12 0x59bc5000
core   0: 0x80007b5c (0x036485b7) lui     a1, 0x3648
core   0: 3 0x80007b5c (0x036485b7) x11 0x03648000
core   0: 0x80007b60 (0x034a1233) mulh    tp, s4, s4
core   0: 3 0x80007b60 (0x034a1233) x 4 0x00000000
core   0: 0x80007b64 (0x02bb4233) div     tp, s6, a1
core   0: 3 0x80007b64 (0x02bb4233) x 4 0xffffffdb
core   0: 0x80007b68 (0x48578d93) addi    s11, a5, 1157
core   0: 3 0x80007b68 (0x48578d93) x27 0x67a36e0d
core   0: 0x80007b6c (0x403d5493) srai    s1, s10, 3
core   0: 3 0x80007b6c (0x403d5493) x 9 0x00000000
core   0: 0x80007b70 (0x006ed633) srl     a2, t4, t1
core   0: 3 0x80007b70 (0x006ed633) x12 0x00000005
core   0: 0x80007b74 (0x03b79f33) mulh    t5, a5, s11
core   0: 3 0x80007b74 (0x03b79f33) x30 0x29f4e90f
core   0: 0x80007b78 (0x00f19c33) sll     s8, gp, a5
core   0: 3 0x80007b78 (0x00f19c33) x24 0x00000000
core   0: 0x80007b7c (0x00af35b3) sltu    a1, t5, a0
core   0: 3 0x80007b7c (0x00af35b3) x11 0x00000001
core   0: 0x80007b80 (0x02e06233) rem     tp, zero, a4
core   0: 3 0x80007b80 (0x02e06233) x 4 0x00000000
core   0: 0x80007b84 (0x412cd913) srai    s2, s9, 18
core   0: 3 0x80007b84 (0x412cd913) x18 0x00000cf4
core   0: 0x80007b88 (0x018af933) and     s2, s5, s8
core   0: 3 0x80007b88 (0x018af933) x18 0x00000000
core   0: 0x80007b8c (0xef233293) sltiu   t0, t1, -270
core   0: 3 0x80007b8c (0xef233293) x 5 0x00000001
core   0: 0x80007b90 (0x028fbdb3) mulhu   s11, t6, s0
core   0: 3 0x80007b90 (0x028fbdb3) x27 0x16e64c03
core   0: 0x80007b94 (0x7e645f97) auipc   t6, 0x7e645
core   0: 3 0x80007b94 (0x7e645f97) x31 0xfe64cb94
core   0: 0x80007b98 (0x39f938b7) lui     a7, 0x39f93
core   0: 3 0x80007b98 (0x39f938b7) x17 0x39f93000
core   0: 0x80007b9c (0x88eb1097) auipc   ra, 0x88eb1
core   0: 3 0x80007b9c (0x88eb1097) x 1 0x08eb8b9c
core   0: 0x80007ba0 (0x010cd333) srl     t1, s9, a6
core   0: 3 0x80007ba0 (0x010cd333) x 6 0x033d1b4c
core   0: 0x80007ba4 (0x0317f3b3) remu    t2, a5, a7
core   0: 3 0x80007ba4 (0x0317f3b3) x 7 0x2daa3988
core   0: 0x80007ba8 (0x6d720013) addi    zero, tp, 1751
core   0: 3 0x80007ba8 (0x6d720013)
core   0: 0x80007bac (0x00104f33) xor     t5, zero, ra
core   0: 3 0x80007bac (0x00104f33) x30 0x08eb8b9c
core   0: 0x80007bb0 (0x00c859b3) srl     s3, a6, a2
core   0: 3 0x80007bb0 (0x00c859b3) x19 0x04000c67
core   0: 0x80007bb4 (0x01d76fb3) or      t6, a4, t4
core   0: 3 0x80007bb4 (0x01d76fb3) x31 0x16e64ffe
core   0: 0x80007bb8 (0xa0e17393) andi    t2, sp, -1522
core   0: 3 0x80007bb8 (0xa0e17393) x 7 0x00000006
core   0: 0x80007bbc (0x00000013) nop
core   0: 3 0x80007bbc (0x00000013)
core   0: 0x80007bc0 (0x027b7633) remu    a2, s6, t2
core   0: 3 0x80007bc0 (0x027b7633) x12 0x00000004
core   0: 0x80007bc4 (0x036ad033) divu    zero, s5, s6
core   0: 3 0x80007bc4 (0x036ad033)
core   0: 0x80007bc8 (0x396eef13) ori     t5, t4, 918
core   0: 3 0x80007bc8 (0x396eef13) x30 0x000007f6
core   0: 0x80007bcc (0x891c1f37) lui     t5, 0x891c1
core   0: 3 0x80007bcc (0x891c1f37) x30 0x891c1000
core   0: 0x80007bd0 (0x011c0633) add     a2, s8, a7
core   0: 3 0x80007bd0 (0x011c0633) x12 0x39f93000
core   0: 0x80007bd4 (0x03f16f33) rem     t5, sp, t6
core   0: 3 0x80007bd4 (0x03f16f33) x30 0x000005f6
core   0: 0x80007bd8 (0xd931fc13) andi    s8, gp, -621
core   0: 3 0x80007bd8 (0xd931fc13) x24 0x00000000
core   0: 0x80007bdc (0x3d65ef93) ori     t6, a1, 982
core   0: 3 0x80007bdc (0x3d65ef93) x31 0x000003d7
core   0: 0x80007be0 (0x40d58c33) sub     s8, a1, a3
core   0: 3 0x80007be0 (0x40d58c33) x24 0xa643b001
core   0: 0x80007be4 (0x01c89ab3) sll     s5, a7, t3
core   0: 3 0x80007be4 (0x01c89ab3) x21 0x98000000
core   0: 0x80007be8 (0x41018cb3) sub     s9, gp, a6
core   0: 3 0x80007be8 (0x41018cb3) x25 0x7ffe731c
core   0: 0x80007bec (0x01549233) sll     tp, s1, s5
core   0: 3 0x80007bec (0x01549233) x 4 0x00000000
core   0: 0x80007bf0 (0x008e9eb3) sll     t4, t4, s0
core   0: 3 0x80007bf0 (0x008e9eb3) x29 0x00000000
core   0: 0x80007bf4 (0x01b9d433) srl     s0, s3, s11
core   0: 3 0x80007bf4 (0x01b9d433) x 8 0x0080018c
core   0: 0x80007bf8 (0xde1d2e13) slti    t3, s10, -543
core   0: 3 0x80007bf8 (0xde1d2e13) x28 0x00000000
core   0: 0x80007bfc (0x00135193) srli    gp, t1, 1
core   0: 3 0x80007bfc (0x00135193) x 3 0x019e8da6
core   0: 0x80007c00 (0x00aac9b3) xor     s3, s5, a0
core   0: 3 0x80007c00 (0x00aac9b3) x19 0x18000000
core   0: 0x80007c04 (0x02eda733) mulhsu  a4, s11, a4
core   0: 3 0x80007c04 (0x02eda733) x14 0x020c647f
core   0: 0x80007c08 (0x4ef36c13) ori     s8, t1, 1263
core   0: 3 0x80007c08 (0x4ef36c13) x24 0x033d1fef
core   0: 0x80007c0c (0x09d2a493) slti    s1, t0, 157
core   0: 3 0x80007c0c (0x09d2a493) x 9 0x00000001
core   0: 0x80007c10 (0x00c72bb3) slt     s7, a4, a2
core   0: 3 0x80007c10 (0x00c72bb3) x23 0x00000001
core   0: 0x80007c14 (0x01cf0333) add     t1, t5, t3
core   0: 3 0x80007c14 (0x01cf0333) x 6 0x000005f6
core   0: 0x80007c18 (0xe6609a37) lui     s4, 0xe6609
core   0: 3 0x80007c18 (0xe6609a37) x20 0xe6609000
core   0: 0x80007c1c (0x015c23b3) slt     t2, s8, s5
core   0: 3 0x80007c1c (0x015c23b3) x 7 0x00000000
core   0: 0x80007c20 (0x4a14e313) ori     t1, s1, 1185
core   0: 3 0x80007c20 (0x4a14e313) x 6 0x000004a1
core   0: 0x80007c24 (0x01465e13) srli    t3, a2, 20
core   0: 3 0x80007c24 (0x01465e13) x28 0x0000039f
core   0: 0x80007c28 (0x0303aab3) mulhsu  s5, t2, a6
core   0: 3 0x80007c28 (0x0303aab3) x21 0x00000000
core   0: 0x80007c2c (0x40a385b3) sub     a1, t2, a0
core   0: 3 0x80007c2c (0x40a385b3) x11 0x80000000
core   0: 0x80007c30 (0x84767293) andi    t0, a2, -1977
core   0: 3 0x80007c30 (0x84767293) x 5 0x39f93000
core   0: 0x80007c34 (0x01838eb3) add     t4, t2, s8
core   0: 3 0x80007c34 (0x01838eb3) x29 0x033d1fef
core   0: 0x80007c38 (0x00000013) nop
core   0: 3 0x80007c38 (0x00000013)
core   0: 0x80007c3c (0x00dc1113) slli    sp, s8, 13
core   0: 3 0x80007c3c (0x00dc1113) x 2 0xa3fde000
core   0: 0x80007c40 (0x00ff54b3) srl     s1, t5, a5
core   0: 3 0x80007c40 (0x00ff54b3) x 9 0x00000005
core   0: 0x80007c44 (0x03d02ab3) mulhsu  s5, zero, t4
core   0: 3 0x80007c44 (0x03d02ab3) x21 0x00000000
core   0: 0x80007c48 (0x4019de33) sra     t3, s3, ra
core   0: 3 0x80007c48 (0x4019de33) x28 0x00000001
core   0: 0x80007c4c (0x0061af33) slt     t5, gp, t1
core   0: 3 0x80007c4c (0x0061af33) x30 0x00000000
core   0: 0x80007c50 (0xb966a613) slti    a2, a3, -1130
core   0: 3 0x80007c50 (0xb966a613) x12 0x00000000
core   0: 0x80007c54 (0x017f6733) or      a4, t5, s7
core   0: 3 0x80007c54 (0x017f6733) x14 0x00000001
core   0: 0x80007c58 (0x021bbbb3) mulhu   s7, s7, ra
core   0: 3 0x80007c58 (0x021bbbb3) x23 0x00000000
core   0: 0x80007c5c (0x0183a6b3) slt     a3, t2, s8
core   0: 3 0x80007c5c (0x0183a6b3) x13 0x00000001
core   0: 0x80007c60 (0x3f09f393) andi    t2, s3, 1008
core   0: 3 0x80007c60 (0x3f09f393) x 7 0x00000000
core   0: 0x80007c64 (0x02ae39b3) mulhu   s3, t3, a0
core   0: 3 0x80007c64 (0x02ae39b3) x19 0x00000000
core   0: 0x80007c68 (0x015d9a33) sll     s4, s11, s5
core   0: 3 0x80007c68 (0x015d9a33) x20 0x16e64c03
core   0: 0x80007c6c (0x035d15b3) mulh    a1, s10, s5
core   0: 3 0x80007c6c (0x035d15b3) x11 0x00000000
core   0: 0x80007c70 (0x0035ce33) xor     t3, a1, gp
core   0: 3 0x80007c70 (0x0035ce33) x28 0x019e8da6
core   0: 0x80007c74 (0x4ea56a93) ori     s5, a0, 1258
core   0: 3 0x80007c74 (0x4ea56a93) x21 0x800004ea
core   0: 0x80007c78 (0xd047f013) andi    zero, a5, -764
core   0: 3 0x80007c78 (0xd047f013)
core   0: 0x80007c7c (0xf45a3393) sltiu   t2, s4, -187
core   0: 3 0x80007c7c (0xf45a3393) x 7 0x00000001
core   0: 0x80007c80 (0x01c25593) srli    a1, tp, 28
core   0: 3 0x80007c80 (0x01c25593) x11 0x00000000
core   0: 0x80007c84 (0x01715f33) srl     t5, sp, s7
core   0: 3 0x80007c84 (0x01715f33) x30 0xa3fde000
core   0: 0x80007c88 (0x003362b3) or      t0, t1, gp
core   0: 3 0x80007c88 (0x003362b3) x 5 0x019e8da7
core   0: 0x80007c8c (0x565f3113) sltiu   sp, t5, 1381
core   0: 3 0x80007c8c (0x565f3113) x 2 0x00000000
core   0: 0x80007c90 (0x40f206b3) sub     a3, tp, a5
core   0: 3 0x80007c90 (0x40f206b3) x13 0x985c9678
core   0: 0x80007c94 (0x028389b3) mul     s3, t2, s0
core   0: 3 0x80007c94 (0x028389b3) x19 0x0080018c
core   0: 0x80007c98 (0x02ed79b3) remu    s3, s10, a4
core   0: 3 0x80007c98 (0x02ed79b3) x19 0x00000000
core   0: 0x80007c9c (0x037196b3) mulh    a3, gp, s7
core   0: 3 0x80007c9c (0x037196b3) x13 0x00000000
core   0: 0x80007ca0 (0x02e90e33) mul     t3, s2, a4
core   0: 3 0x80007ca0 (0x02e90e33) x28 0x00000000
core   0: 0x80007ca4 (0xfac65ab7) lui     s5, 0xfac65
core   0: 3 0x80007ca4 (0xfac65ab7) x21 0xfac65000
core   0: 0x80007ca8 (0x00351a33) sll     s4, a0, gp
core   0: 3 0x80007ca8 (0x00351a33) x20 0x00000000
core   0: 0x80007cac (0x027e10b3) mulh    ra, t3, t2
core   0: 3 0x80007cac (0x027e10b3) x 1 0x00000000
core   0: 0x80007cb0 (0x5fcd7293) andi    t0, s10, 1532
core   0: 3 0x80007cb0 (0x5fcd7293) x 5 0x00000000
core   0: 0x80007cb4 (0x00651733) sll     a4, a0, t1
core   0: 3 0x80007cb4 (0x00651733) x14 0x00000000
core   0: 0x80007cb8 (0x01781993) slli    s3, a6, 23
core   0: 3 0x80007cb8 (0x01781993) x19 0x72000000
core   0: 0x80007cbc (0x03df2333) mulhsu  t1, t5, t4
core   0: 3 0x80007cbc (0x03df2333) x 6 0xfed601a4
core   0: 0x80007cc0 (0x031e4bb3) div     s7, t3, a7
core   0: 3 0x80007cc0 (0x031e4bb3) x23 0x00000000
core   0: 0x80007cc4 (0x027bd0b3) divu    ra, s7, t2
core   0: 3 0x80007cc4 (0x027bd0b3) x 1 0x00000000
core   0: 0x80007cc8 (0x83d3be13) sltiu   t3, t2, -1987
core   0: 3 0x80007cc8 (0x83d3be13) x28 0x00000001
core   0: 0x80007ccc (0x01e820b3) slt     ra, a6, t5
core   0: 3 0x80007ccc (0x01e820b3) x 1 0x00000001
core   0: 0x80007cd0 (0x405257b3) sra     a5, tp, t0
core   0: 3 0x80007cd0 (0x405257b3) x15 0x00000000
core   0: 0x80007cd4 (0x412e5133) sra     sp, t3, s2
core   0: 3 0x80007cd4 (0x412e5133) x 2 0x00000001
core   0: 0x80007cd8 (0xd3d4f613) andi    a2, s1, -707
core   0: 3 0x80007cd8 (0xd3d4f613) x12 0x00000005
core   0: 0x80007cdc (0x40bb05b3) sub     a1, s6, a1
core   0: 3 0x80007cdc (0x40bb05b3) x11 0x80014e64
core   0: 0x80007ce0 (0xaee86b93) ori     s7, a6, -1298
core   0: 3 0x80007ce0 (0xaee86b93) x23 0xfffffeee
core   0: 0x80007ce4 (0x034224b3) mulhsu  s1, tp, s4
core   0: 3 0x80007ce4 (0x034224b3) x 9 0x00000000
core   0: 0x80007ce8 (0x00a2f433) and     s0, t0, a0
core   0: 3 0x80007ce8 (0x00a2f433) x 8 0x00000000
core   0: 0x80007cec (0xb22b6a13) ori     s4, s6, -1246
core   0: 3 0x80007cec (0xb22b6a13) x20 0xffffff66
core   0: 0x80007cf0 (0x54a10493) addi    s1, sp, 1354
core   0: 3 0x80007cf0 (0x54a10493) x 9 0x0000054b
core   0: 0x80007cf4 (0x01378733) add     a4, a5, s3
core   0: 3 0x80007cf4 (0x01378733) x14 0x72000000
core   0: 0x80007cf8 (0x00da2c33) slt     s8, s4, a3
core   0: 3 0x80007cf8 (0x00da2c33) x24 0x00000001
core   0: 0x80007cfc (0x37e44293) xori    t0, s0, 894
core   0: 3 0x80007cfc (0x37e44293) x 5 0x0000037e
core   0: 0x80007d00 (0x008f7f33) and     t5, t5, s0
core   0: 3 0x80007d00 (0x008f7f33) x30 0x00000000
core   0: 0x80007d04 (0x0349aa33) mulhsu  s4, s3, s4
core   0: 3 0x80007d04 (0x0349aa33) x20 0x71ffffbb
core   0: 0x80007d08 (0x2c665017) auipc   zero, 0x2c665
core   0: 3 0x80007d08 (0x2c665017)
core   0: 0x80007d0c (0x362bcdb7) lui     s11, 0x362bc
core   0: 3 0x80007d0c (0x362bcdb7) x27 0x362bc000
core   0: 0x80007d10 (0x009c18b3) sll     a7, s8, s1
core   0: 3 0x80007d10 (0x009c18b3) x17 0x00000800
core   0: 0x80007d14 (0x0286c113) xori    sp, a3, 40
core   0: 3 0x80007d14 (0x0286c113) x 2 0x00000028
core   0: 0x80007d18 (0x01575133) srl     sp, a4, s5
core   0: 3 0x80007d18 (0x01575133) x 2 0x72000000
core   0: 0x80007d1c (0x013b1bb3) sll     s7, s6, s3
core   0: 3 0x80007d1c (0x013b1bb3) x23 0x80014e64
core   0: 0x80007d20 (0x40415593) srai    a1, sp, 4
core   0: 3 0x80007d20 (0x40415593) x11 0x07200000
core   0: 0x80007d24 (0x6138b193) sltiu   gp, a7, 1555
core   0: 3 0x80007d24 (0x6138b193) x 3 0x00000000
core   0: 0x80007d28 (0x76220893) addi    a7, tp, 1890
core   0: 3 0x80007d28 (0x76220893) x17 0x00000762
core   0: 0x80007d2c (0x00000013) nop
core   0: 3 0x80007d2c (0x00000013)
core   0: 0x80007d30 (0x0154a7b3) slt     a5, s1, s5
core   0: 3 0x80007d30 (0x0154a7b3) x15 0x00000000
core   0: 0x80007d34 (0x00b599b3) sll     s3, a1, a1
core   0: 3 0x80007d34 (0x00b599b3) x19 0x07200000
core   0: 0x80007d38 (0x526ab213) sltiu   tp, s5, 1318
core   0: 3 0x80007d38 (0x526ab213) x 4 0x00000000
core   0: 0x80007d3c (0x40c65ab3) sra     s5, a2, a2
core   0: 3 0x80007d3c (0x40c65ab3) x21 0x00000000
core   0: 0x80007d40 (0x40a35893) srai    a7, t1, 10
core   0: 3 0x80007d40 (0x40a35893) x17 0xffffb580
core   0: 0x80007d44 (0x7cd94593) xori    a1, s2, 1997
core   0: 3 0x80007d44 (0x7cd94593) x11 0x000007cd
core   0: 0x80007d48 (0x1828b897) auipc   a7, 0x1828b
core   0: 3 0x80007d48 (0x1828b897) x17 0x98292d48
core   0: 0x80007d4c (0xcbf90693) addi    a3, s2, -833
core   0: 3 0x80007d4c (0xcbf90693) x13 0xfffffcbf
core   0: 0x80007d50 (0x03c4ea33) rem     s4, s1, t3
core   0: 3 0x80007d50 (0x03c4ea33) x20 0x00000000
core   0: 0x80007d54 (0xbb44a593) slti    a1, s1, -1100
core   0: 3 0x80007d54 (0xbb44a593) x11 0x00000000
core   0: 0x80007d58 (0x02780633) mul     a2, a6, t2
core   0: 3 0x80007d58 (0x02780633) x12 0x80018ce4
core   0: 0x80007d5c (0xa1793913) sltiu   s2, s2, -1513
core   0: 3 0x80007d5c (0xa1793913) x18 0x00000001
core   0: 0x80007d60 (0x00695fb3) srl     t6, s2, t1
core   0: 3 0x80007d60 (0x00695fb3) x31 0x00000000
core   0: 0x80007d64 (0x00000013) nop
core   0: 3 0x80007d64 (0x00000013)
core   0: 0x80007d68 (0x404a5c93) srai    s9, s4, 4
core   0: 3 0x80007d68 (0x404a5c93) x25 0x00000000
core   0: 0x80007d6c (0x03222933) mulhsu  s2, tp, s2
core   0: 3 0x80007d6c (0x03222933) x18 0x00000000
core   0: 0x80007d70 (0x21304413) xori    s0, zero, 531
core   0: 3 0x80007d70 (0x21304413) x 8 0x00000213
core   0: 0x80007d74 (0x00e837b3) sltu    a5, a6, a4
core   0: 3 0x80007d74 (0x00e837b3) x15 0x00000000
core   0: 0x80007d78 (0x4f2300b7) lui     ra, 0x4f230
core   0: 3 0x80007d78 (0x4f2300b7) x 1 0x4f230000
core   0: 0x80007d7c (0x028bdeb3) divu    t4, s7, s0
core   0: 3 0x80007d7c (0x028bdeb3) x29 0x003db662
core   0: 0x80007d80 (0x8560fc13) andi    s8, ra, -1962
core   0: 3 0x80007d80 (0x8560fc13) x24 0x4f230000
core   0: 0x80007d84 (0x013cd333) srl     t1, s9, s3
core   0: 3 0x80007d84 (0x013cd333) x 6 0x00000000
core   0: 0x80007d88 (0x00ab5893) srli    a7, s6, 10
core   0: 3 0x80007d88 (0x00ab5893) x17 0x00200053
core   0: 0x80007d8c (0x416c0f33) sub     t5, s8, s6
core   0: 3 0x80007d8c (0x416c0f33) x30 0xcf21b19c
core   0: 0x80007d90 (0x3572b0b7) lui     ra, 0x3572b
core   0: 3 0x80007d90 (0x3572b0b7) x 1 0x3572b000
core   0: 0x80007d94 (0x01654bb3) xor     s7, a0, s6
core   0: 3 0x80007d94 (0x01654bb3) x23 0x00014e64
core   0: 0x80007d98 (0x03dba7b3) mulhsu  a5, s7, t4
core   0: 3 0x80007d98 (0x03dba7b3) x15 0x00000050
core   0: 0x80007d9c (0x40ebd893) srai    a7, s7, 14
core   0: 3 0x80007d9c (0x40ebd893) x17 0x00000005
core   0: 0x80007da0 (0x409dd333) sra     t1, s11, s1
core   0: 3 0x80007da0 (0x409dd333) x 6 0x0006c578
core   0: 0x80007da4 (0x9e694693) xori    a3, s2, -1562
core   0: 3 0x80007da4 (0x9e694693) x13 0xfffff9e6
core   0: 0x80007da8 (0x027764b3) rem     s1, a4, t2
core   0: 3 0x80007da8 (0x027764b3) x 9 0x00000000
core   0: 0x80007dac (0x00000013) nop
core   0: 3 0x80007dac (0x00000013)
core   0: 0x80007db0 (0x011307b3) add     a5, t1, a7
core   0: 3 0x80007db0 (0x011307b3) x15 0x0006c57d
core   0: 0x80007db4 (0x007ad213) srli    tp, s5, 7
core   0: 3 0x80007db4 (0x007ad213) x 4 0x00000000
core   0: 0x80007db8 (0x018b26b3) slt     a3, s6, s8
core   0: 3 0x80007db8 (0x018b26b3) x13 0x00000001
core   0: 0x80007dbc (0x1660c713) xori    a4, ra, 358
core   0: 3 0x80007dbc (0x1660c713) x14 0x3572b166
core   0: 0x80007dc0 (0x00fc8633) add     a2, s9, a5
core   0: 3 0x80007dc0 (0x00fc8633) x12 0x0006c57d
core   0: 0x80007dc4 (0x002dc4b3) xor     s1, s11, sp
core   0: 3 0x80007dc4 (0x002dc4b3) x 9 0x442bc000
core   0: 0x80007dc8 (0x02b92cb3) mulhsu  s9, s2, a1
core   0: 3 0x80007dc8 (0x02b92cb3) x25 0x00000000
core   0: 0x80007dcc (0x03033133) mulhu   sp, t1, a6
core   0: 3 0x80007dcc (0x03033133) x 2 0x000362c6
core   0: 0x80007dd0 (0xff7ed237) lui     tp, 0xff7ed
core   0: 3 0x80007dd0 (0xff7ed237) x 4 0xff7ed000
core   0: 0x80007dd4 (0x0327bc33) mulhu   s8, a5, s2
core   0: 3 0x80007dd4 (0x0327bc33) x24 0x00000000
core   0: 0x80007dd8 (0x020de333) rem     t1, s11, zero
core   0: 3 0x80007dd8 (0x020de333) x 6 0x362bc000
core   0: 0x80007ddc (0x608c0393) addi    t2, s8, 1544
core   0: 3 0x80007ddc (0x608c0393) x 7 0x00000608
core   0: 0x80007de0 (0xa6e76613) ori     a2, a4, -1426
core   0: 3 0x80007de0 (0xa6e76613) x12 0xfffffb6e
core   0: 0x80007de4 (0x00000013) nop
core   0: 3 0x80007de4 (0x00000013)
core   0: 0x80007de8 (0x01c32db3) slt     s11, t1, t3
core   0: 3 0x80007de8 (0x01c32db3) x27 0x00000000
core   0: 0x80007dec (0x018d95b3) sll     a1, s11, s8
core   0: 3 0x80007dec (0x018d95b3) x11 0x00000000
core   0: 0x80007df0 (0x74c947b7) lui     a5, 0x74c94
core   0: 3 0x80007df0 (0x74c947b7) x15 0x74c94000
core   0: 0x80007df4 (0x01bf4e33) xor     t3, t5, s11
core   0: 3 0x80007df4 (0x01bf4e33) x28 0xcf21b19c
core   0: 0x80007df8 (0x01041f33) sll     t5, s0, a6
core   0: 3 0x80007df8 (0x01041f33) x30 0x00002130
core   0: 0x80007dfc (0xea5fba93) sltiu   s5, t6, -347
core   0: 3 0x80007dfc (0xea5fba93) x21 0x00000001
core   0: 0x80007e00 (0x6bccfe93) andi    t4, s9, 1724
core   0: 3 0x80007e00 (0x6bccfe93) x29 0x00000000
core   0: 0x80007e04 (0x40b0d413) srai    s0, ra, 11
core   0: 3 0x80007e04 (0x40b0d413) x 8 0x0006ae56
core   0: 0x80007e08 (0x3084b1b7) lui     gp, 0x3084b
core   0: 3 0x80007e08 (0x3084b1b7) x 3 0x3084b000
core   0: 0x80007e0c (0x758f42b7) lui     t0, 0x758f4
core   0: 3 0x80007e0c (0x758f42b7) x 5 0x758f4000
core   0: 0x80007e10 (0x01425933) srl     s2, tp, s4
core   0: 3 0x80007e10 (0x01425933) x18 0xff7ed000
core   0: 0x80007e14 (0x00c47db3) and     s11, s0, a2
core   0: 3 0x80007e14 (0x00c47db3) x27 0x0006aa46
core   0: 0x80007e18 (0x0308e233) rem     tp, a7, a6
core   0: 3 0x80007e18 (0x0308e233) x 4 0x00000005
core   0: 0x80007e1c (0x007639b3) sltu    s3, a2, t2
core   0: 3 0x80007e1c (0x007639b3) x19 0x00000000
core   0: 0x80007e20 (0x00f55c13) srli    s8, a0, 15
core   0: 3 0x80007e20 (0x00f55c13) x24 0x00010000
core   0: 0x80007e24 (0xca2f7213) andi    tp, t5, -862
core   0: 3 0x80007e24 (0xca2f7213) x 4 0x00002020
core   0: 0x80007e28 (0x008814b3) sll     s1, a6, s0
core   0: 3 0x80007e28 (0x008814b3) x 9 0x39000000
core   0: 0x80007e2c (0x02a14433) div     s0, sp, a0
core   0: 3 0x80007e2c (0x02a14433) x 8 0x00000000
core   0: 0x80007e30 (0x016ecfb3) xor     t6, t4, s6
core   0: 3 0x80007e30 (0x016ecfb3) x31 0x80014e64
core   0: 0x80007e34 (0x000e6233) or      tp, t3, zero
core   0: 3 0x80007e34 (0x000e6233) x 4 0xcf21b19c
core   0: 0x80007e38 (0x7334e693) ori     a3, s1, 1843
core   0: 3 0x80007e38 (0x7334e693) x13 0x39000733
core   0: 0x80007e3c (0x0238c8b3) div     a7, a7, gp
core   0: 3 0x80007e3c (0x0238c8b3) x17 0x00000000
core   0: 0x80007e40 (0x01471933) sll     s2, a4, s4
core   0: 3 0x80007e40 (0x01471933) x18 0x3572b166
core   0: 0x80007e44 (0x009a90b3) sll     ra, s5, s1
core   0: 3 0x80007e44 (0x009a90b3) x 1 0x00000001
core   0: 0x80007e48 (0x008842b3) xor     t0, a6, s0
core   0: 3 0x80007e48 (0x008842b3) x 5 0x80018ce4
core   0: 0x80007e4c (0x03b91c33) mulh    s8, s2, s11
core   0: 3 0x80007e4c (0x03b91c33) x24 0x0001643c
core   0: 0x80007e50 (0x020127b3) mulhsu  a5, sp, zero
core   0: 3 0x80007e50 (0x020127b3) x15 0x00000000
core   0: 0x80007e54 (0x054068b7) lui     a7, 0x5406
core   0: 3 0x80007e54 (0x054068b7) x17 0x05406000
core   0: 0x80007e58 (0xaf00e213) ori     tp, ra, -1296
core   0: 3 0x80007e58 (0xaf00e213) x 4 0xfffffaf1
core   0: 0x80007e5c (0x03a5ffb3) remu    t6, a1, s10
core   0: 3 0x80007e5c (0x03a5ffb3) x31 0x00000000
core   0: 0x80007e60 (0x60d4a793) slti    a5, s1, 1549
core   0: 3 0x80007e60 (0x60d4a793) x15 0x00000000
core   0: 0x80007e64 (0x00000013) nop
core   0: 3 0x80007e64 (0x00000013)
core   0: 0x80007e68 (0x0b90b113) sltiu   sp, ra, 185
core   0: 3 0x80007e68 (0x0b90b113) x 2 0x00000001
core   0: 0x80007e6c (0xe5322093) slti    ra, tp, -429
core   0: 3 0x80007e6c (0xe5322093) x 1 0x00000001
core   0: 0x80007e70 (0x00adde93) srli    t4, s11, 10
core   0: 3 0x80007e70 (0x00adde93) x29 0x000001aa
core   0: 0x80007e74 (0x00d7c6b3) xor     a3, a5, a3
core   0: 3 0x80007e74 (0x00d7c6b3) x13 0x39000733
core   0: 0x80007e78 (0x01c962b3) or      t0, s2, t3
core   0: 3 0x80007e78 (0x01c962b3) x 5 0xff73b1fe
core   0: 0x80007e7c (0x00405233) srl     tp, zero, tp
core   0: 3 0x80007e7c (0x00405233) x 4 0x00000000
core   0: 0x80007e80 (0x40405893) srai    a7, zero, 4
core   0: 3 0x80007e80 (0x40405893) x17 0x00000000
core   0: 0x80007e84 (0x002581b3) add     gp, a1, sp
core   0: 3 0x80007e84 (0x002581b3) x 3 0x00000001
core   0: 0x80007e88 (0x02827eb3) remu    t4, tp, s0
core   0: 3 0x80007e88 (0x02827eb3) x29 0x00000000
core   0: 0x80007e8c (0x01939a33) sll     s4, t2, s9
core   0: 3 0x80007e8c (0x01939a33) x20 0x00000608
core   0: 0x80007e90 (0x0187abb3) slt     s7, a5, s8
core   0: 3 0x80007e90 (0x0187abb3) x23 0x00000001
core   0: 0x80007e94 (0x03cb1eb3) mulh    t4, s6, t3
core   0: 3 0x80007e94 (0x03cb1eb3) x29 0x186ee75c
core   0: 0x80007e98 (0xbf41f093) andi    ra, gp, -1036
core   0: 3 0x80007e98 (0xbf41f093) x 1 0x00000000
core   0: 0x80007e9c (0x41c15013) srai    zero, sp, 28
core   0: 3 0x80007e9c (0x41c15013)
core   0: 0x80007ea0 (0x00f172b3) and     t0, sp, a5
core   0: 3 0x80007ea0 (0x00f172b3) x 5 0x00000000
core   0: 0x80007ea4 (0x01821e33) sll     t3, tp, s8
core   0: 3 0x80007ea4 (0x01821e33) x28 0x00000000
core   0: 0x80007ea8 (0x150b6737) lui     a4, 0x150b6
core   0: 3 0x80007ea8 (0x150b6737) x14 0x150b6000
core   0: 0x80007eac (0x002d44b3) xor     s1, s10, sp
core   0: 3 0x80007eac (0x002d44b3) x 9 0x00000001
core   0: 0x80007eb0 (0x01ec8e13) addi    t3, s9, 30
core   0: 3 0x80007eb0 (0x01ec8e13) x28 0x0000001e
core   0: 0x80007eb4 (0x00d3d933) srl     s2, t2, a3
core   0: 3 0x80007eb4 (0x00d3d933) x18 0x00000000
core   0: 0x80007eb8 (0x028327b3) mulhsu  a5, t1, s0
core   0: 3 0x80007eb8 (0x028327b3) x15 0x00000000
core   0: 0x80007ebc (0x030360b3) rem     ra, t1, a6
core   0: 3 0x80007ebc (0x030360b3) x 1 0x362bc000
core   0: 0x80007ec0 (0x03985133) divu    sp, a6, s9
core   0: 3 0x80007ec0 (0x03985133) x 2 0xffffffff
core   0: 0x80007ec4 (0x184cb437) lui     s0, 0x184cb
core   0: 3 0x80007ec4 (0x184cb437) x 8 0x184cb000
core   0: 0x80007ec8 (0x39e27917) auipc   s2, 0x39e27
core   0: 3 0x80007ec8 (0x39e27917) x18 0xb9e2eec8
core   0: 0x80007ecc (0x00ea0933) add     s2, s4, a4
core   0: 3 0x80007ecc (0x00ea0933) x18 0x150b6608
core   0: 0x80007ed0 (0x02951cb3) mulh    s9, a0, s1
core   0: 3 0x80007ed0 (0x02951cb3) x25 0xffffffff
core   0: 0x80007ed4 (0x0389d8b3) divu    a7, s3, s8
core   0: 3 0x80007ed4 (0x0389d8b3) x17 0x00000000
core   0: 0x80007ed8 (0x419bdd33) sra     s10, s7, s9
core   0: 3 0x80007ed8 (0x419bdd33) x26 0x00000000
core   0: 0x80007edc (0x0152e9b3) or      s3, t0, s5
core   0: 3 0x80007edc (0x0152e9b3) x19 0x00000001
core   0: 0x80007ee0 (0x01713bb3) sltu    s7, sp, s7
core   0: 3 0x80007ee0 (0x01713bb3) x23 0x00000000
core   0: 0x80007ee4 (0x93763c13) sltiu   s8, a2, -1737
core   0: 3 0x80007ee4 (0x93763c13) x24 0x00000000
core   0: 0x80007ee8 (0x00d772b3) and     t0, a4, a3
core   0: 3 0x80007ee8 (0x00d772b3) x 5 0x11000000
core   0: 0x80007eec (0x00a47c33) and     s8, s0, a0
core   0: 3 0x80007eec (0x00a47c33) x24 0x00000000
core   0: 0x80007ef0 (0x02dda3b3) mulhsu  t2, s11, a3
core   0: 3 0x80007ef0 (0x02dda3b3) x 7 0x00017be9
core   0: 0x80007ef4 (0x01e23fb3) sltu    t6, tp, t5
core   0: 3 0x80007ef4 (0x01e23fb3) x31 0x00000001
core   0: 0x80007ef8 (0x01939d33) sll     s10, t2, s9
core   0: 3 0x80007ef8 (0x01939d33) x26 0x80000000
core   0: 0x80007efc (0x00cb6eb3) or      t4, s6, a2
core   0: 3 0x80007efc (0x00cb6eb3) x29 0xffffff6e
core   0: 0x80007f00 (0xf86c8097) auipc   ra, 0xf86c8
core   0: 3 0x80007f00 (0xf86c8097) x 1 0x786cff00
core   0: 0x80007f04 (0x027f0213) addi    tp, t5, 39
core   0: 3 0x80007f04 (0x027f0213) x 4 0x00002157
core   0: 0x80007f08 (0x011bdab3) srl     s5, s7, a7
core   0: 3 0x80007f08 (0x011bdab3) x21 0x00000000
core   0: 0x80007f0c (0x006c4213) xori    tp, s8, 6
core   0: 3 0x80007f0c (0x006c4213) x 4 0x00000006
core   0: 0x80007f10 (0x73de9c97) auipc   s9, 0x73de9
core   0: 3 0x80007f10 (0x73de9c97) x25 0xf3df0f10
core   0: 0x80007f14 (0xda5ec313) xori    t1, t4, -603
core   0: 3 0x80007f14 (0xda5ec313) x 6 0x000002cb
core   0: 0x80007f18 (0x007edcb3) srl     s9, t4, t2
core   0: 3 0x80007f18 (0x007edcb3) x25 0x007fffff
core   0: 0x80007f1c (0x015a84b3) add     s1, s5, s5
core   0: 3 0x80007f1c (0x015a84b3) x 9 0x00000000
core   0: 0x80007f20 (0x03c623b3) mulhsu  t2, a2, t3
core   0: 3 0x80007f20 (0x03c623b3) x 7 0xffffffff
core   0: 0x80007f24 (0x034ec8b3) div     a7, t4, s4
core   0: 3 0x80007f24 (0x034ec8b3) x17 0x00000000
core   0: 0x80007f28 (0xb96ff693) andi    a3, t6, -1130
core   0: 3 0x80007f28 (0xb96ff693) x13 0x00000000
core   0: 0x80007f2c (0x85c22c93) slti    s9, tp, -1956
core   0: 3 0x80007f2c (0x85c22c93) x25 0x00000000
core   0: 0x80007f30 (0x000328b3) slt     a7, t1, zero
core   0: 3 0x80007f30 (0x000328b3) x17 0x00000000
core   0: 0x80007f34 (0x00206d33) or      s10, zero, sp
core   0: 3 0x80007f34 (0x00206d33) x26 0xffffffff
core   0: 0x80007f38 (0x41835733) sra     a4, t1, s8
core   0: 3 0x80007f38 (0x41835733) x14 0x000002cb
core   0: 0x80007f3c (0x03daf7b3) remu    a5, s5, t4
core   0: 3 0x80007f3c (0x03daf7b3) x15 0x00000000
core   0: 0x80007f40 (0x00255cb3) srl     s9, a0, sp
core   0: 3 0x80007f40 (0x00255cb3) x25 0x00000001
core   0: 0x80007f44 (0x014cc133) xor     sp, s9, s4
core   0: 3 0x80007f44 (0x014cc133) x 2 0x00000609
core   0: 0x80007f48 (0x467a3313) sltiu   t1, s4, 1127
core   0: 3 0x80007f48 (0x467a3313) x 6 0x00000000
core   0: 0x80007f4c (0x685ec013) xori    zero, t4, 1669
core   0: 3 0x80007f4c (0x685ec013)
core   0: 0x80007f50 (0x0139c4b3) xor     s1, s3, s3
core   0: 3 0x80007f50 (0x0139c4b3) x 9 0x00000000
core   0: 0x80007f54 (0x5bb6ce93) xori    t4, a3, 1467
core   0: 3 0x80007f54 (0x5bb6ce93) x29 0x000005bb
core   0: 0x80007f58 (0x02567bb3) remu    s7, a2, t0
core   0: 3 0x80007f58 (0x02567bb3) x23 0x00fffb6e
core   0: 0x80007f5c (0x01d00db3) add     s11, zero, t4
core   0: 3 0x80007f5c (0x01d00db3) x27 0x000005bb
core   0: 0x80007f60 (0x410a5713) srai    a4, s4, 16
core   0: 3 0x80007f60 (0x410a5713) x14 0x00000000
core   0: 0x80007f64 (0x00000013) nop
core   0: 3 0x80007f64 (0x00000013)
core   0: 0x80007f68 (0x010bdd93) srli    s11, s7, 16
core   0: 3 0x80007f68 (0x010bdd93) x27 0x000000ff
core   0: 0x80007f6c (0x41b25d93) srai    s11, tp, 27
core   0: 3 0x80007f6c (0x41b25d93) x27 0x00000000
core   0: 0x80007f70 (0x005afa33) and     s4, s5, t0
core   0: 3 0x80007f70 (0x005afa33) x20 0x00000000
core   0: 0x80007f74 (0x00000013) nop
core   0: 3 0x80007f74 (0x00000013)
core   0: 0x80007f78 (0x03ec38b3) mulhu   a7, s8, t5
core   0: 3 0x80007f78 (0x03ec38b3) x17 0x00000000
core   0: 0x80007f7c (0x0310c8b3) div     a7, ra, a7
core   0: 3 0x80007f7c (0x0310c8b3) x17 0xffffffff
core   0: 0x80007f80 (0x003cdbb3) srl     s7, s9, gp
core   0: 3 0x80007f80 (0x003cdbb3) x23 0x00000000
core   0: 0x80007f84 (0x02d24d33) div     s10, tp, a3
core   0: 3 0x80007f84 (0x02d24d33) x26 0xffffffff
core   0: 0x80007f88 (0x03d680b3) mul     ra, a3, t4
core   0: 3 0x80007f88 (0x03d680b3) x 1 0x00000000
core   0: 0x80007f8c (0x00bda433) slt     s0, s11, a1
core   0: 3 0x80007f8c (0x00bda433) x 8 0x00000000
core   0: 0x80007f90 (0x011b9fb3) sll     t6, s7, a7
core   0: 3 0x80007f90 (0x011b9fb3) x31 0x00000000
core   0: 0x80007f94 (0x00d352b3) srl     t0, t1, a3
core   0: 3 0x80007f94 (0x00d352b3) x 5 0x00000000
core   0: 0x80007f98 (0x418e83b3) sub     t2, t4, s8
core   0: 3 0x80007f98 (0x418e83b3) x 7 0x000005bb
core   0: 0x80007f9c (0x001dd633) srl     a2, s11, ra
core   0: 3 0x80007f9c (0x001dd633) x12 0x00000000
core   0: 0x80007fa0 (0x87846893) ori     a7, s0, -1928
core   0: 3 0x80007fa0 (0x87846893) x17 0xfffff878
core   0: 0x80007fa4 (0x033e1033) mulh    zero, t3, s3
core   0: 3 0x80007fa4 (0x033e1033)
core   0: 0x80007fa8 (0x0026d613) srli    a2, a3, 2
core   0: 3 0x80007fa8 (0x0026d613) x12 0x00000000
core   0: 0x80007fac (0x03142d33) mulhsu  s10, s0, a7
core   0: 3 0x80007fac (0x03142d33) x26 0x00000000
core   0: 0x80007fb0 (0x006c6bb3) or      s7, s8, t1
core   0: 3 0x80007fb0 (0x006c6bb3) x23 0x00000000
core   0: 0x80007fb4 (0x027f5f33) divu    t5, t5, t2
core   0: 3 0x80007fb4 (0x027f5f33) x30 0x00000005
core   0: 0x80007fb8 (0x413e0333) sub     t1, t3, s3
core   0: 3 0x80007fb8 (0x413e0333) x 6 0x0000001d
core   0: 0x80007fbc (0x135ec013) xori    zero, t4, 309
core   0: 3 0x80007fbc (0x135ec013)
core   0: 0x80007fc0 (0x023368b3) rem     a7, t1, gp
core   0: 3 0x80007fc0 (0x023368b3) x17 0x00000000
core   0: 0x80007fc4 (0x01b34a33) xor     s4, t1, s11
core   0: 3 0x80007fc4 (0x01b34a33) x20 0x0000001d
core   0: 0x80007fc8 (0x69deec13) ori     s8, t4, 1693
core   0: 3 0x80007fc8 (0x69deec13) x24 0x000007bf
core   0: 0x80007fcc (0x03822133) mulhsu  sp, tp, s8
core   0: 3 0x80007fcc (0x03822133) x 2 0x00000000
core   0: 0x80007fd0 (0x03bd6233) rem     tp, s10, s11
core   0: 3 0x80007fd0 (0x03bd6233) x 4 0x00000000
core   0: 0x80007fd4 (0x000a1333) sll     t1, s4, zero
core   0: 3 0x80007fd4 (0x000a1333) x 6 0x0000001d
core   0: 0x80007fd8 (0x018329b3) slt     s3, t1, s8
core   0: 3 0x80007fd8 (0x018329b3) x19 0x00000001
core   0: 0x80007fdc (0x00671ab3) sll     s5, a4, t1
core   0: 3 0x80007fdc (0x00671ab3) x21 0x00000000
core   0: 0x80007fe0 (0x018c1013) slli    zero, s8, 24
core   0: 3 0x80007fe0 (0x018c1013)
core   0: 0x80007fe4 (0x25cba893) slti    a7, s7, 604
core   0: 3 0x80007fe4 (0x25cba893) x17 0x00000001
core   0: 0x80007fe8 (0x00718d33) add     s10, gp, t2
core   0: 3 0x80007fe8 (0x00718d33) x26 0x000005bc
core   0: 0x80007fec (0x008d00b3) add     ra, s10, s0
core   0: 3 0x80007fec (0x008d00b3) x 1 0x000005bc
core   0: 0x80007ff0 (0x025eafb3) mulhsu  t6, t4, t0
core   0: 3 0x80007ff0 (0x025eafb3) x31 0x00000000
core   0: 0x80007ff4 (0x01d8d293) srli    t0, a7, 29
core   0: 3 0x80007ff4 (0x01d8d293) x 5 0x00000000
core   0: 0x80007ff8 (0x2276d397) auipc   t2, 0x2276d
core   0: 3 0x80007ff8 (0x2276d397) x 7 0xa2774ff8
core   0: 0x80007ffc (0x400c55b3) sra     a1, s8, zero
core   0: 3 0x80007ffc (0x400c55b3) x11 0x000007bf
core   0: 0x80008000 (0x7e18ac93) slti    s9, a7, 2017
core   0: 3 0x80008000 (0x7e18ac93) x25 0x00000001
core   0: 0x80008004 (0xcae8b213) sltiu   tp, a7, -850
core   0: 3 0x80008004 (0xcae8b213) x 4 0x00000001
core   0: 0x80008008 (0x41cfdc33) sra     s8, t6, t3
core   0: 3 0x80008008 (0x41cfdc33) x24 0x00000000
core   0: 0x8000800c (0x982c7bb7) lui     s7, 0x982c7
core   0: 3 0x8000800c (0x982c7bb7) x23 0x982c7000
core   0: 0x80008010 (0x7ab38e13) addi    t3, t2, 1963
core   0: 3 0x80008010 (0x7ab38e13) x28 0xa27757a3
core   0: 0x80008014 (0x1a242c13) slti    s8, s0, 418
core   0: 3 0x80008014 (0x1a242c13) x24 0x00000001
core   0: 0x80008018 (0x012db8b3) sltu    a7, s11, s2
core   0: 3 0x80008018 (0x012db8b3) x17 0x00000001
core   0: 0x8000801c (0x455a4793) xori    a5, s4, 1109
core   0: 3 0x8000801c (0x455a4793) x15 0x00000448
core   0: 0x80008020 (0x017d9a93) slli    s5, s11, 23
core   0: 3 0x80008020 (0x017d9a93) x21 0x00000000
core   0: 0x80008024 (0x00ff5f93) srli    t6, t5, 15
core   0: 3 0x80008024 (0x00ff5f93) x31 0x00000000
core   0: 0x80008028 (0x00ceccb3) xor     s9, t4, a2
core   0: 3 0x80008028 (0x00ceccb3) x25 0x000005bb
core   0: 0x8000802c (0x01915fb3) srl     t6, sp, s9
core   0: 3 0x8000802c (0x01915fb3) x31 0x00000000
core   0: 0x80008030 (0x01c91d93) slli    s11, s2, 28
core   0: 3 0x80008030 (0x01c91d93) x27 0x80000000
core   0: 0x80008034 (0x401ed133) sra     sp, t4, ra
core   0: 3 0x80008034 (0x401ed133) x 2 0x00000000
core   0: 0x80008038 (0x009884b3) add     s1, a7, s1
core   0: 3 0x80008038 (0x009884b3) x 9 0x00000001
core   0: 0x8000803c (0x14b96893) ori     a7, s2, 331
core   0: 3 0x8000803c (0x14b96893) x17 0x150b674b
core   0: 0x80008040 (0x0165a5b3) slt     a1, a1, s6
core   0: 3 0x80008040 (0x0165a5b3) x11 0x00000000
core   0: 0x80008044 (0x03118633) mul     a2, gp, a7
core   0: 3 0x80008044 (0x03118633) x12 0x150b674b
core   0: 0x80008048 (0x03413bb3) mulhu   s7, sp, s4
core   0: 3 0x80008048 (0x03413bb3) x23 0x00000000
core   0: 0x8000804c (0x01791013) slli    zero, s2, 23
core   0: 3 0x8000804c (0x01791013)
core   0: 0x80008050 (0x0311fd33) remu    s10, gp, a7
core   0: 3 0x80008050 (0x0311fd33) x26 0x00000001
core   0: 0x80008054 (0x97452613) slti    a2, a0, -1676
core   0: 3 0x80008054 (0x97452613) x12 0x00000001
core   0: 0x80008058 (0x40865e13) srai    t3, a2, 8
core   0: 3 0x80008058 (0x40865e13) x28 0x00000000
core   0: 0x8000805c (0x024f3493) sltiu   s1, t5, 36
core   0: 3 0x8000805c (0x024f3493) x 9 0x00000001
core   0: 0x80008060 (0x02212f33) mulhsu  t5, sp, sp
core   0: 3 0x80008060 (0x02212f33) x30 0x00000000
core   0: 0x80008064 (0x411559b3) sra     s3, a0, a7
core   0: 3 0x80008064 (0x411559b3) x19 0xfff00000
core   0: 0x80008068 (0xd7637193) andi    gp, t1, -650
core   0: 3 0x80008068 (0xd7637193) x 3 0x00000014
core   0: 0x8000806c (0x00cc0633) add     a2, s8, a2
core   0: 3 0x8000806c (0x00cc0633) x12 0x00000002
core   0: 0x80008070 (0x01f548b3) xor     a7, a0, t6
core   0: 3 0x80008070 (0x01f548b3) x17 0x80000000
core   0: 0x80008074 (0xb70dba13) sltiu   s4, s11, -1168
core   0: 3 0x80008074 (0xb70dba13) x20 0x00000001
core   0: 0x80008078 (0x0045dcb3) srl     s9, a1, tp
core   0: 3 0x80008078 (0x0045dcb3) x25 0x00000000
core   0: 0x8000807c (0x02acc9b3) div     s3, s9, a0
core   0: 3 0x8000807c (0x02acc9b3) x19 0x00000000
core   0: 0x80008080 (0x3b37ac13) slti    s8, a5, 947
core   0: 3 0x80008080 (0x3b37ac13) x24 0x00000000
core   0: 0x80008084 (0x027fa633) mulhsu  a2, t6, t2
core   0: 3 0x80008084 (0x027fa633) x12 0x00000000
core   0: 0x80008088 (0x009a2eb3) slt     t4, s4, s1
core   0: 3 0x80008088 (0x009a2eb3) x29 0x00000000
core   0: 0x8000808c (0x5089aab7) lui     s5, 0x5089a
core   0: 3 0x8000808c (0x5089aab7) x21 0x5089a000
core   0: 0x80008090 (0x00b01b93) slli    s7, zero, 11
core   0: 3 0x80008090 (0x00b01b93) x23 0x00000000
core   0: 0x80008094 (0x03148733) mul     a4, s1, a7
core   0: 3 0x80008094 (0x03148733) x14 0x80000000
core   0: 0x80008098 (0x86773713) sltiu   a4, a4, -1945
core   0: 3 0x80008098 (0x86773713) x14 0x00000001
core   0: 0x8000809c (0x0d484a13) xori    s4, a6, 212
core   0: 3 0x8000809c (0x0d484a13) x20 0x80018c30
core   0: 0x800080a0 (0xaf83e113) ori     sp, t2, -1288
core   0: 3 0x800080a0 (0xaf83e113) x 2 0xfffffff8
core   0: 0x800080a4 (0xb01d2b97) auipc   s7, 0xb01d2
core   0: 3 0x800080a4 (0xb01d2b97) x23 0x301da0a4
core   0: 0x800080a8 (0x017ad893) srli    a7, s5, 23
core   0: 3 0x800080a8 (0x017ad893) x17 0x000000a1
core   0: 0x800080ac (0x1c2c6437) lui     s0, 0x1c2c6
core   0: 3 0x800080ac (0x1c2c6437) x 8 0x1c2c6000
core   0: 0x800080b0 (0x00ccc1b3) xor     gp, s9, a2
core   0: 3 0x800080b0 (0x00ccc1b3) x 3 0x00000000
core   0: 0x800080b4 (0x00000013) nop
core   0: 3 0x800080b4 (0x00000013)
core   0: 0x800080b8 (0x01e71313) slli    t1, a4, 30
core   0: 3 0x800080b8 (0x01e71313) x 6 0x40000000
core   0: 0x800080bc (0x01283233) sltu    tp, a6, s2
core   0: 3 0x800080bc (0x01283233) x 4 0x00000000
core   0: 0x800080c0 (0x03cb33b3) mulhu   t2, s6, t3
core   0: 3 0x800080c0 (0x03cb33b3) x 7 0x00000000
core   0: 0x800080c4 (0x406b5993) srai    s3, s6, 6
core   0: 3 0x800080c4 (0x406b5993) x19 0xfe000539
core   0: 0x800080c8 (0x001e98b3) sll     a7, t4, ra
core   0: 3 0x800080c8 (0x001e98b3) x17 0x00000000
core   0: 0x800080cc (0x153b2e13) slti    t3, s6, 339
core   0: 3 0x800080cc (0x153b2e13) x28 0x00000001
core   0: 0x800080d0 (0x40b2dab3) sra     s5, t0, a1
core   0: 3 0x800080d0 (0x40b2dab3) x21 0x00000000
core   0: 0x800080d4 (0x02c4cd33) div     s10, s1, a2
core   0: 3 0x800080d4 (0x02c4cd33) x26 0xffffffff
core   0: 0x800080d8 (0xe04cf697) auipc   a3, 0xe04cf
core   0: 3 0x800080d8 (0xe04cf697) x13 0x604d70d8
core   0: 0x800080dc (0x019734b3) sltu    s1, a4, s9
core   0: 3 0x800080dc (0x019734b3) x 9 0x00000000
core   0: 0x800080e0 (0x00d1a033) slt     zero, gp, a3
core   0: 3 0x800080e0 (0x00d1a033)
core   0: 0x800080e4 (0x009aebb3) or      s7, s5, s1
core   0: 3 0x800080e4 (0x009aebb3) x23 0x00000000
core   0: 0x800080e8 (0x014736b3) sltu    a3, a4, s4
core   0: 3 0x800080e8 (0x014736b3) x13 0x00000001
core   0: 0x800080ec (0x02845d33) divu    s10, s0, s0
core   0: 3 0x800080ec (0x02845d33) x26 0x00000001
core   0: 0x800080f0 (0x618fd397) auipc   t2, 0x618fd
core   0: 3 0x800080f0 (0x618fd397) x 7 0xe19050f0
core   0: 0x800080f4 (0x01e922b3) slt     t0, s2, t5
core   0: 3 0x800080f4 (0x01e922b3) x 5 0x00000000
core   0: 0x800080f8 (0xfbbef313) andi    t1, t4, -69
core   0: 3 0x800080f8 (0xfbbef313) x 6 0x00000000
core   0: 0x800080fc (0x02657133) remu    sp, a0, t1
core   0: 3 0x800080fc (0x02657133) x 2 0x80000000
core   0: 0x80008100 (0xec4aaf93) slti    t6, s5, -316
core   0: 3 0x80008100 (0xec4aaf93) x31 0x00000000
core   0: 0x80008104 (0x02fe3bb3) mulhu   s7, t3, a5
core   0: 3 0x80008104 (0x02fe3bb3) x23 0x00000000
core   0: 0x80008108 (0xbe9e0993) addi    s3, t3, -1047
core   0: 3 0x80008108 (0xbe9e0993) x19 0xfffffbea
core   0: 0x8000810c (0x0072de13) srli    t3, t0, 7
core   0: 3 0x8000810c (0x0072de13) x28 0x00000000
core   0: 0x80008110 (0x01395593) srli    a1, s2, 19
core   0: 3 0x80008110 (0x01395593) x11 0x000002a1
core   0: 0x80008114 (0x0191cbb3) xor     s7, gp, s9
core   0: 3 0x80008114 (0x0191cbb3) x23 0x00000000
core   0: 0x80008118 (0x01c91633) sll     a2, s2, t3
core   0: 3 0x80008118 (0x01c91633) x12 0x150b6608
core   0: 0x8000811c (0x00000013) nop
core   0: 3 0x8000811c (0x00000013)
core   0: 0x80008120 (0x012baeb3) slt     t4, s7, s2
core   0: 3 0x80008120 (0x012baeb3) x29 0x00000001
core   0: 0x80008124 (0x7f14fa13) andi    s4, s1, 2033
core   0: 3 0x80008124 (0x7f14fa13) x20 0x00000000
core   0: 0x80008128 (0x038a9633) mulh    a2, s5, s8
core   0: 3 0x80008128 (0x038a9633) x12 0x00000000
core   0: 0x8000812c (0xd4fc3a93) sltiu   s5, s8, -689
core   0: 3 0x8000812c (0xd4fc3a93) x21 0x00000001
core   0: 0x80008130 (0x009f8633) add     a2, t6, s1
core   0: 3 0x80008130 (0x009f8633) x12 0x00000000
core   0: 0x80008134 (0x01c8f5b3) and     a1, a7, t3
core   0: 3 0x80008134 (0x01c8f5b3) x11 0x00000000
core   0: 0x80008138 (0x01b31593) slli    a1, t1, 27
core   0: 3 0x80008138 (0x01b31593) x11 0x00000000
core   0: 0x8000813c (0x000642b3) xor     t0, a2, zero
core   0: 3 0x8000813c (0x000642b3) x 5 0x00000000
core   0: 0x80008140 (0xa401b993) sltiu   s3, gp, -1472
core   0: 3 0x80008140 (0xa401b993) x19 0x00000001
core   0: 0x80008144 (0x034c9c33) mulh    s8, s9, s4
core   0: 3 0x80008144 (0x034c9c33) x24 0x00000000
core   0: 0x80008148 (0x9ddc0297) auipc   t0, 0x9ddc0
core   0: 3 0x80008148 (0x9ddc0297) x 5 0x1ddc8148
core   0: 0x8000814c (0x0133df33) srl     t5, t2, s3
core   0: 3 0x8000814c (0x0133df33) x30 0x70c82878
core   0: 0x80008150 (0x01611093) slli    ra, sp, 22
core   0: 3 0x80008150 (0x01611093) x 1 0x00000000
core   0: 0x80008154 (0x40435013) srai    zero, t1, 4
core   0: 3 0x80008154 (0x40435013)
core   0: 0x80008158 (0x010c44b3) xor     s1, s8, a6
core   0: 3 0x80008158 (0x010c44b3) x 9 0x80018ce4
core   0: 0x8000815c (0x15359337) lui     t1, 0x15359
core   0: 3 0x8000815c (0x15359337) x 6 0x15359000
core   0: 0x80008160 (0x0298fbb3) remu    s7, a7, s1
core   0: 3 0x80008160 (0x0298fbb3) x23 0x00000000
core   0: 0x80008164 (0x01661d33) sll     s10, a2, s6
core   0: 3 0x80008164 (0x01661d33) x26 0x00000000
core   0: 0x80008168 (0x00851f13) slli    t5, a0, 8
core   0: 3 0x80008168 (0x00851f13) x30 0x00000000
core   0: 0x8000816c (0x039e4733) div     a4, t3, s9
core   0: 3 0x8000816c (0x039e4733) x14 0xffffffff
core   0: 0x80008170 (0x00000013) nop
core   0: 3 0x80008170 (0x00000013)
core   0: 0x80008174 (0x40c4d613) srai    a2, s1, 12
core   0: 3 0x80008174 (0x40c4d613) x12 0xfff80018
core   0: 0x80008178 (0x01410e17) auipc   t3, 0x1410
core   0: 3 0x80008178 (0x01410e17) x28 0x81418178
core   0: 0x8000817c (0x03e95c33) divu    s8, s2, t5
core   0: 3 0x8000817c (0x03e95c33) x24 0xffffffff
core   0: 0x80008180 (0x00713c93) sltiu   s9, sp, 7
core   0: 3 0x80008180 (0x00713c93) x25 0x00000000
core   0: 0x80008184 (0x02bf45b3) div     a1, t5, a1
core   0: 3 0x80008184 (0x02bf45b3) x11 0xffffffff
core   0: 0x80008188 (0x02b64c33) div     s8, a2, a1
core   0: 3 0x80008188 (0x02b64c33) x24 0x0007ffe8
core   0: 0x8000818c (0x00a75bb3) srl     s7, a4, a0
core   0: 3 0x8000818c (0x00a75bb3) x23 0xffffffff
core   0: 0x80008190 (0xcea4e293) ori     t0, s1, -790
core   0: 3 0x80008190 (0xcea4e293) x 5 0xfffffcee
core   0: 0x80008194 (0x0281b033) mulhu   zero, gp, s0
core   0: 3 0x80008194 (0x0281b033)
core   0: 0x80008198 (0x0001e8b3) or      a7, gp, zero
core   0: 3 0x80008198 (0x0001e8b3) x17 0x00000000
core   0: 0x8000819c (0x00426fb3) or      t6, tp, tp
core   0: 3 0x8000819c (0x00426fb3) x31 0x00000000
core   0: 0x800081a0 (0x036d7133) remu    sp, s10, s6
core   0: 3 0x800081a0 (0x036d7133) x 2 0x00000000
core   0: 0x800081a4 (0x014b20b3) slt     ra, s6, s4
core   0: 3 0x800081a4 (0x014b20b3) x 1 0x00000001
core   0: 0x800081a8 (0xcadc3413) sltiu   s0, s8, -851
core   0: 3 0x800081a8 (0xcadc3413) x 8 0x00000001
core   0: 0x800081ac (0x018f8e33) add     t3, t6, s8
core   0: 3 0x800081ac (0x018f8e33) x28 0x0007ffe8
core   0: 0x800081b0 (0x0034f9b3) and     s3, s1, gp
core   0: 3 0x800081b0 (0x0034f9b3) x19 0x00000000
core   0: 0x800081b4 (0x475d8693) addi    a3, s11, 1141
core   0: 3 0x800081b4 (0x475d8693) x13 0x80000475
core   0: 0x800081b8 (0x02b47c33) remu    s8, s0, a1
core   0: 3 0x800081b8 (0x02b47c33) x24 0x00000001
core   0: 0x800081bc (0x028dabb3) mulhsu  s7, s11, s0
core   0: 3 0x800081bc (0x028dabb3) x23 0xffffffff
core   0: 0x800081c0 (0x013598b3) sll     a7, a1, s3
core   0: 3 0x800081c0 (0x013598b3) x17 0xffffffff
core   0: 0x800081c4 (0x021303b3) mul     t2, t1, ra
core   0: 3 0x800081c4 (0x021303b3) x 7 0x15359000
core   0: 0x800081c8 (0x0296a333) mulhsu  t1, a3, s1
core   0: 3 0x800081c8 (0x0296a333) x 6 0xbfff3bc8
core   0: 0x800081cc (0x01ea9c33) sll     s8, s5, t5
core   0: 3 0x800081cc (0x01ea9c33) x24 0x00000001
core   0: 0x800081d0 (0x02a99733) mulh    a4, s3, a0
core   0: 3 0x800081d0 (0x02a99733) x14 0x00000000
core   0: 0x800081d4 (0x41cfd713) srai    a4, t6, 28
core   0: 3 0x800081d4 (0x41cfd713) x14 0x00000000
core   0: 0x800081d8 (0x0043d4b3) srl     s1, t2, tp
core   0: 3 0x800081d8 (0x0043d4b3) x 9 0x15359000
core   0: 0x800081dc (0x00795693) srli    a3, s2, 7
core   0: 3 0x800081dc (0x00795693) x13 0x002a16cc
core   0: 0x800081e0 (0x6e474113) xori    sp, a4, 1764
core   0: 3 0x800081e0 (0x6e474113) x 2 0x000006e4
core   0: 0x800081e4 (0x41585e13) srai    t3, a6, 21
core   0: 3 0x800081e4 (0x41585e13) x28 0xfffffc00
core   0: 0x800081e8 (0xf7ef87b7) lui     a5, 0xf7ef8
core   0: 3 0x800081e8 (0xf7ef87b7) x15 0xf7ef8000
core   0: 0x800081ec (0x024db433) mulhu   s0, s11, tp
core   0: 3 0x800081ec (0x024db433) x 8 0x00000000
core   0: 0x800081f0 (0xb3ae4313) xori    t1, t3, -1222
core   0: 3 0x800081f0 (0xb3ae4313) x 6 0x0000073a
core   0: 0x800081f4 (0x01570a33) add     s4, a4, s5
core   0: 3 0x800081f4 (0x01570a33) x20 0x00000001
core   0: 0x800081f8 (0x0369afb3) mulhsu  t6, s3, s6
core   0: 3 0x800081f8 (0x0369afb3) x31 0x00000000
core   0: 0x800081fc (0x030d3133) mulhu   sp, s10, a6
core   0: 3 0x800081fc (0x030d3133) x 2 0x00000000
core   0: 0x80008200 (0x497f0a13) addi    s4, t5, 1175
core   0: 3 0x80008200 (0x497f0a13) x20 0x00000497
core   0: 0x80008204 (0x41ef80b3) sub     ra, t6, t5
core   0: 3 0x80008204 (0x41ef80b3) x 1 0x00000000
core   0: 0x80008208 (0x01769333) sll     t1, a3, s7
core   0: 3 0x80008208 (0x01769333) x 6 0x00000000
core   0: 0x8000820c (0x01d50cb3) add     s9, a0, t4
core   0: 3 0x8000820c (0x01d50cb3) x25 0x80000001
core   0: 0x80008210 (0x08012b93) slti    s7, sp, 128
core   0: 3 0x80008210 (0x08012b93) x23 0x00000001
core   0: 0x80008214 (0x02625e33) divu    t3, tp, t1
core   0: 3 0x80008214 (0x02625e33) x28 0xffffffff
core   0: 0x80008218 (0x41e80213) addi    tp, a6, 1054
core   0: 3 0x80008218 (0x41e80213) x 4 0x80019102
core   0: 0x8000821c (0x02112ab3) mulhsu  s5, sp, ra
core   0: 3 0x8000821c (0x02112ab3) x21 0x00000000
core   0: 0x80008220 (0x02171133) mulh    sp, a4, ra
core   0: 3 0x80008220 (0x02171133) x 2 0x00000000
core   0: 0x80008224 (0x014aa3b3) slt     t2, s5, s4
core   0: 3 0x80008224 (0x014aa3b3) x 7 0x00000001
core   0: 0x80008228 (0x00ab6db3) or      s11, s6, a0
core   0: 3 0x80008228 (0x00ab6db3) x27 0x80014e64
core   0: 0x8000822c (0x024a8433) mul     s0, s5, tp
core   0: 3 0x8000822c (0x024a8433) x 8 0x00000000
core   0: 0x80008230 (0x00a6c7b3) xor     a5, a3, a0
core   0: 3 0x80008230 (0x00a6c7b3) x15 0x802a16cc
core   0: 0x80008234 (0x415480b3) sub     ra, s1, s5
core   0: 3 0x80008234 (0x415480b3) x 1 0x15359000
core   0: 0x80008238 (0x0096f333) and     t1, a3, s1
core   0: 3 0x80008238 (0x0096f333) x 6 0x00201000
core   0: 0x8000823c (0x03775db3) divu    s11, a4, s7
core   0: 3 0x8000823c (0x03775db3) x27 0x00000000
core   0: 0x80008240 (0x85228593) addi    a1, t0, -1966
core   0: 3 0x80008240 (0x85228593) x11 0xfffff540
core   0: 0x80008244 (0x0126d3b3) srl     t2, a3, s2
core   0: 3 0x80008244 (0x0126d3b3) x 7 0x00002a16
core   0: 0x80008248 (0x02a41a33) mulh    s4, s0, a0
core   0: 3 0x80008248 (0x02a41a33) x20 0x00000000
core   0: 0x8000824c (0x03e4da33) divu    s4, s1, t5
core   0: 3 0x8000824c (0x03e4da33) x20 0xffffffff
core   0: 0x80008250 (0x034698b3) mulh    a7, a3, s4
core   0: 3 0x80008250 (0x034698b3) x17 0xffffffff
core   0: 0x80008254 (0x03ef11b3) mulh    gp, t5, t5
core   0: 3 0x80008254 (0x03ef11b3) x 3 0x00000000
core   0: 0x80008258 (0x013d10b3) sll     ra, s10, s3
core   0: 3 0x80008258 (0x013d10b3) x 1 0x00000000
core   0: 0x8000825c (0x03b674b3) remu    s1, a2, s11
core   0: 3 0x8000825c (0x03b674b3) x 9 0xfff80018
core   0: 0x80008260 (0x3a233693) sltiu   a3, t1, 930
core   0: 3 0x80008260 (0x3a233693) x13 0x00000000
core   0: 0x80008264 (0x036898b3) mulh    a7, a7, s6
core   0: 3 0x80008264 (0x036898b3) x17 0x00000000
core   0: 0x80008268 (0x0265b3b3) mulhu   t2, a1, t1
core   0: 3 0x80008268 (0x0265b3b3) x 7 0x00200ffe
core   0: 0x8000826c (0x03e438b3) mulhu   a7, s0, t5
core   0: 3 0x8000826c (0x03e438b3) x17 0x00000000
core   0: 0x80008270 (0x00fec033) xor     zero, t4, a5
core   0: 3 0x80008270 (0x00fec033)
core   0: 0x80008274 (0x02a1bab3) mulhu   s5, gp, a0
core   0: 3 0x80008274 (0x02a1bab3) x21 0x00000000
core   0: 0x80008278 (0x00bb9e13) slli    t3, s7, 11
core   0: 3 0x80008278 (0x00bb9e13) x28 0x00000800
core   0: 0x8000827c (0x0141cdb3) xor     s11, gp, s4
core   0: 3 0x8000827c (0x0141cdb3) x27 0xffffffff
core   0: 0x80008280 (0x025ded33) rem     s10, s11, t0
core   0: 3 0x80008280 (0x025ded33) x26 0xffffffff
core   0: 0x80008284 (0x2c9bb913) sltiu   s2, s7, 713
core   0: 3 0x80008284 (0x2c9bb913) x18 0x00000001
core   0: 0x80008288 (0x168f0713) addi    a4, t5, 360
core   0: 3 0x80008288 (0x168f0713) x14 0x00000168
core   0: 0x8000828c (0x42264b93) xori    s7, a2, 1058
core   0: 3 0x8000828c (0x42264b93) x23 0xfff8043a
core   0: 0x80008290 (0x01d39d93) slli    s11, t2, 29
core   0: 3 0x80008290 (0x01d39d93) x27 0xc0000000
core   0: 0x80008294 (0x02419e33) mulh    t3, gp, tp
core   0: 3 0x80008294 (0x02419e33) x28 0x00000000
core   0: 0x80008298 (0x01fa9333) sll     t1, s5, t6
core   0: 3 0x80008298 (0x01fa9333) x 6 0x00000000
core   0: 0x8000829c (0x029abbb3) mulhu   s7, s5, s1
core   0: 3 0x8000829c (0x029abbb3) x23 0x00000000
core   0: 0x800082a0 (0x005c2db3) slt     s11, s8, t0
core   0: 3 0x800082a0 (0x005c2db3) x27 0x00000000
core   0: 0x800082a4 (0x03fcf0b3) remu    ra, s9, t6
core   0: 3 0x800082a4 (0x03fcf0b3) x 1 0x80000001
core   0: 0x800082a8 (0x014b9793) slli    a5, s7, 20
core   0: 3 0x800082a8 (0x014b9793) x15 0x00000000
core   0: 0x800082ac (0x0190bab3) sltu    s5, ra, s9
core   0: 3 0x800082ac (0x0190bab3) x21 0x00000000
core   0: 0x800082b0 (0x030a19b3) mulh    s3, s4, a6
core   0: 3 0x800082b0 (0x030a19b3) x19 0x00000000
core   0: 0x800082b4 (0x6844f313) andi    t1, s1, 1668
core   0: 3 0x800082b4 (0x6844f313) x 6 0x00000000
core   0: 0x800082b8 (0xa5e11a17) auipc   s4, 0xa5e11
core   0: 3 0x800082b8 (0xa5e11a17) x20 0x25e192b8
core   0: 0x800082bc (0xcea76693) ori     a3, a4, -790
core   0: 3 0x800082bc (0xcea76693) x13 0xfffffdea
core   0: 0x800082c0 (0x018c3cb3) sltu    s9, s8, s8
core   0: 3 0x800082c0 (0x018c3cb3) x25 0x00000000
core   0: 0x800082c4 (0x0140a333) slt     t1, ra, s4
core   0: 3 0x800082c4 (0x0140a333) x 6 0x00000001
core   0: 0x800082c8 (0x02c94eb3) div     t4, s2, a2
core   0: 3 0x800082c8 (0x02c94eb3) x29 0x00000000
core   0: 0x800082cc (0x021ed5b3) divu    a1, t4, ra
core   0: 3 0x800082cc (0x021ed5b3) x11 0x00000000
core   0: 0x800082d0 (0x02760db3) mul     s11, a2, t2
core   0: 3 0x800082d0 (0x02760db3) x27 0x83117fd0
core   0: 0x800082d4 (0x46d8c013) xori    zero, a7, 1133
core   0: 3 0x800082d4 (0x46d8c013)
core   0: 0x800082d8 (0x029a2933) mulhsu  s2, s4, s1
core   0: 3 0x800082d8 (0x029a2933) x18 0x25e063ae
core   0: 0x800082dc (0xbe16cb93) xori    s7, a3, -1055
core   0: 3 0x800082dc (0xbe16cb93) x23 0x0000060b
core   0: 0x800082e0 (0x0085a433) slt     s0, a1, s0
core   0: 3 0x800082e0 (0x0085a433) x 8 0x00000000
core   0: 0x800082e4 (0xac416313) ori     t1, sp, -1340
core   0: 3 0x800082e4 (0xac416313) x 6 0xfffffac4
core   0: 0x800082e8 (0x017094b3) sll     s1, ra, s7
core   0: 3 0x800082e8 (0x017094b3) x 9 0x00000800
core   0: 0x800082ec (0x0378f7b3) remu    a5, a7, s7
core   0: 3 0x800082ec (0x0378f7b3) x15 0x00000000
core   0: 0x800082f0 (0x416788b3) sub     a7, a5, s6
core   0: 3 0x800082f0 (0x416788b3) x17 0x7ffeb19c
core   0: 0x800082f4 (0x03a061b3) rem     gp, zero, s10
core   0: 3 0x800082f4 (0x03a061b3) x 3 0x00000000
core   0: 0x800082f8 (0x41a6d593) srai    a1, a3, 26
core   0: 3 0x800082f8 (0x41a6d593) x11 0xffffffff
core   0: 0x800082fc (0x009dfab3) and     s5, s11, s1
core   0: 3 0x800082fc (0x009dfab3) x21 0x00000800
core   0: 0x80008300 (0x008af3b3) and     t2, s5, s0
core   0: 3 0x80008300 (0x008af3b3) x 7 0x00000000
core   0: 0x80008304 (0x02c911b3) mulh    gp, s2, a2
core   0: 3 0x80008304 (0x02c911b3) x 3 0xfffed100
core   0: 0x80008308 (0x413e5933) sra     s2, t3, s3
core   0: 3 0x80008308 (0x413e5933) x18 0x00000000
core   0: 0x8000830c (0x01104fb3) xor     t6, zero, a7
core   0: 3 0x8000830c (0x01104fb3) x31 0x7ffeb19c
core   0: 0x80008310 (0x00c79b93) slli    s7, a5, 12
core   0: 3 0x80008310 (0x00c79b93) x23 0x00000000
core   0: 0x80008314 (0x013d9bb3) sll     s7, s11, s3
core   0: 3 0x80008314 (0x013d9bb3) x23 0x83117fd0
core   0: 0x80008318 (0x017abc33) sltu    s8, s5, s7
core   0: 3 0x80008318 (0x017abc33) x24 0x00000001
core   0: 0x8000831c (0x886e6713) ori     a4, t3, -1914
core   0: 3 0x8000831c (0x886e6713) x14 0xfffff886
core   0: 0x80008320 (0x00000013) nop
core   0: 3 0x80008320 (0x00000013)
core   0: 0x80008324 (0x0254fa33) remu    s4, s1, t0
core   0: 3 0x80008324 (0x0254fa33) x20 0x00000800
core   0: 0x80008328 (0x8abd4b93) xori    s7, s10, -1877
core   0: 3 0x80008328 (0x8abd4b93) x23 0x00000754
core   0: 0x8000832c (0x0317ca13) xori    s4, a5, 49
core   0: 3 0x8000832c (0x0317ca13) x20 0x00000031
core   0: 0x80008330 (0x09f38113) addi    sp, t2, 159
core   0: 3 0x80008330 (0x09f38113) x 2 0x0000009f
core   0: 0x80008334 (0x006015b3) sll     a1, zero, t1
core   0: 3 0x80008334 (0x006015b3) x11 0x00000000
core   0: 0x80008338 (0x41385133) sra     sp, a6, s3
core   0: 3 0x80008338 (0x41385133) x 2 0x80018ce4
core   0: 0x8000833c (0x024c75b3) remu    a1, s8, tp
core   0: 3 0x8000833c (0x024c75b3) x11 0x00000001
core   0: 0x80008340 (0x00351c13) slli    s8, a0, 3
core   0: 3 0x80008340 (0x00351c13) x24 0x00000000
core   0: 0x80008344 (0x03841633) mulh    a2, s0, s8
core   0: 3 0x80008344 (0x03841633) x12 0x00000000
core   0: 0x80008348 (0xc82d8b97) auipc   s7, 0xc82d8
core   0: 3 0x80008348 (0xc82d8b97) x23 0x482e0348
core   0: 0x8000834c (0x0370deb3) divu    t4, ra, s7
core   0: 3 0x8000834c (0x0370deb3) x29 0x00000001
core   0: 0x80008350 (0x41528933) sub     s2, t0, s5
core   0: 3 0x80008350 (0x41528933) x18 0xfffff4ee
core   0: 0x80008354 (0xff5ee713) ori     a4, t4, -11
core   0: 3 0x80008354 (0xff5ee713) x14 0xfffffff5
core   0: 0x80008358 (0x8b0a0e13) addi    t3, s4, -1872
core   0: 3 0x80008358 (0x8b0a0e13) x28 0xfffff8e1
core   0: 0x8000835c (0x0335a2b3) mulhsu  t0, a1, s3
core   0: 3 0x8000835c (0x0335a2b3) x 5 0x00000000
core   0: 0x80008360 (0x8f6d5e97) auipc   t4, 0x8f6d5
core   0: 3 0x80008360 (0x8f6d5e97) x29 0x0f6dd360
core   0: 0x80008364 (0x41845a93) srai    s5, s0, 24
core   0: 3 0x80008364 (0x41845a93) x21 0x00000000
core   0: 0x80008368 (0xb3857313) andi    t1, a0, -1224
core   0: 3 0x80008368 (0xb3857313) x 6 0x80000000
core   0: 0x8000836c (0x168acd93) xori    s11, s5, 360
core   0: 3 0x8000836c (0x168acd93) x27 0x00000168
core   0: 0x80008370 (0x00f89e13) slli    t3, a7, 15
core   0: 3 0x80008370 (0x00f89e13) x28 0x58ce0000
core   0: 0x80008374 (0x02153633) mulhu   a2, a0, ra
core   0: 3 0x80008374 (0x02153633) x12 0x40000000
core   0: 0x80008378 (0x0350c9b3) div     s3, ra, s5
core   0: 3 0x80008378 (0x0350c9b3) x19 0xffffffff
core   0: 0x8000837c (0x40b95d33) sra     s10, s2, a1
core   0: 3 0x8000837c (0x40b95d33) x26 0xfffffa77
core   0: 0x80008380 (0x4059d233) sra     tp, s3, t0
core   0: 3 0x80008380 (0x4059d233) x 4 0xffffffff
core   0: 0x80008384 (0x02a21db3) mulh    s11, tp, a0
core   0: 3 0x80008384 (0x02a21db3) x27 0x00000000
core   0: 0x80008388 (0x003cb4b3) sltu    s1, s9, gp
core   0: 3 0x80008388 (0x003cb4b3) x 9 0x00000001
core   0: 0x8000838c (0x02392a33) mulhsu  s4, s2, gp
core   0: 3 0x8000838c (0x02392a33) x20 0xfffff4ee
core   0: 0x80008390 (0x033aa0b3) mulhsu  ra, s5, s3
core   0: 3 0x80008390 (0x033aa0b3) x 1 0x00000000
core   0: 0x80008394 (0x00b31113) slli    sp, t1, 11
core   0: 3 0x80008394 (0x00b31113) x 2 0x00000000
core   0: 0x80008398 (0xd1ddf693) andi    a3, s11, -739
core   0: 3 0x80008398 (0xd1ddf693) x13 0x00000000
core   0: 0x8000839c (0x02fd1d33) mulh    s10, s10, a5
core   0: 3 0x8000839c (0x02fd1d33) x26 0x00000000
core   0: 0x800083a0 (0x0092ffb3) and     t6, t0, s1
core   0: 3 0x800083a0 (0x0092ffb3) x31 0x00000000
core   0: 0x800083a4 (0xc069d117) auipc   sp, 0xc069d
core   0: 3 0x800083a4 (0xc069d117) x 2 0x406a53a4
core   0: 0x800083a8 (0x02ab38b3) mulhu   a7, s6, a0
core   0: 3 0x800083a8 (0x02ab38b3) x17 0x4000a732
core   0: 0x800083ac (0x4129da13) srai    s4, s3, 18
core   0: 3 0x800083ac (0x4129da13) x20 0xffffffff
core   0: 0x800083b0 (0x8e7ee413) ori     s0, t4, -1817
core   0: 3 0x800083b0 (0x8e7ee413) x 8 0xfffffbe7
core   0: 0x800083b4 (0x41935413) srai    s0, t1, 25
core   0: 3 0x800083b4 (0x41935413) x 8 0xffffffc0
core   0: 0x800083b8 (0x0363c133) div     sp, t2, s6
core   0: 3 0x800083b8 (0x0363c133) x 2 0x00000000
core   0: 0x800083bc (0x417d5d33) sra     s10, s10, s7
core   0: 3 0x800083bc (0x417d5d33) x26 0x00000000
core   0: 0x800083c0 (0x03f7a233) mulhsu  tp, a5, t6
core   0: 3 0x800083c0 (0x03f7a233) x 4 0x00000000
core   0: 0x800083c4 (0x02a526b3) mulhsu  a3, a0, a0
core   0: 3 0x800083c4 (0x02a526b3) x13 0xc0000000
core   0: 0x800083c8 (0x00f576b3) and     a3, a0, a5
core   0: 3 0x800083c8 (0x00f576b3) x13 0x00000000
core   0: 0x800083cc (0x00000013) nop
core   0: 3 0x800083cc (0x00000013)
core   0: 0x800083d0 (0x01cdc4b3) xor     s1, s11, t3
core   0: 3 0x800083d0 (0x01cdc4b3) x 9 0x58ce0000
core   0: 0x800083d4 (0x00c6dc93) srli    s9, a3, 12
core   0: 3 0x800083d4 (0x00c6dc93) x25 0x00000000
core   0: 0x800083d8 (0x5637ed13) ori     s10, a5, 1379
core   0: 3 0x800083d8 (0x5637ed13) x26 0x00000563
core   0: 0x800083dc (0x00002fb3) slt     t6, zero, zero
core   0: 3 0x800083dc (0x00002fb3) x31 0x00000000
core   0: 0x800083e0 (0x01929933) sll     s2, t0, s9
core   0: 3 0x800083e0 (0x01929933) x18 0x00000000
core   0: 0x800083e4 (0x02614a33) div     s4, sp, t1
core   0: 3 0x800083e4 (0x02614a33) x20 0x00000000
core   0: 0x800083e8 (0x03babd33) mulhu   s10, s5, s11
core   0: 3 0x800083e8 (0x03babd33) x26 0x00000000
core   0: 0x800083ec (0x41160bb3) sub     s7, a2, a7
core   0: 3 0x800083ec (0x41160bb3) x23 0xffff58ce
core   0: 0x800083f0 (0x02bc5eb3) divu    t4, s8, a1
core   0: 3 0x800083f0 (0x02bc5eb3) x29 0x00000000
core   0: 0x800083f4 (0x01349f93) slli    t6, s1, 19
core   0: 3 0x800083f4 (0x01349f93) x31 0x00000000
core   0: 0x800083f8 (0x01e22333) slt     t1, tp, t5
core   0: 3 0x800083f8 (0x01e22333) x 6 0x00000000
core   0: 0x800083fc (0x031896b3) mulh    a3, a7, a7
core   0: 3 0x800083fc (0x031896b3) x13 0x10005399
core   0: 0x80008400 (0x006c13b3) sll     t2, s8, t1
core   0: 3 0x80008400 (0x006c13b3) x 7 0x00000000
core   0: 0x80008404 (0x024de133) rem     sp, s11, tp
core   0: 3 0x80008404 (0x024de133) x 2 0x00000000
core   0: 0x80008408 (0xf141cf13) xori    t5, gp, -236
core   0: 3 0x80008408 (0xf141cf13) x30 0x00012e14
core   0: 0x8000840c (0x00e61b93) slli    s7, a2, 14
core   0: 3 0x8000840c (0x00e61b93) x23 0x00000000
core   0: 0x80008410 (0x035f8bb3) mul     s7, t6, s5
core   0: 3 0x80008410 (0x035f8bb3) x23 0x00000000
core   0: 0x80008414 (0x409f5d13) srai    s10, t5, 9
core   0: 3 0x80008414 (0x409f5d13) x26 0x00000097
core   0: 0x80008418 (0x03429133) mulh    sp, t0, s4
core   0: 3 0x80008418 (0x03429133) x 2 0x00000000
core   0: 0x8000841c (0x031c7e33) remu    t3, s8, a7
core   0: 3 0x8000841c (0x031c7e33) x28 0x00000000
core   0: 0x80008420 (0x4a210693) addi    a3, sp, 1186
core   0: 3 0x80008420 (0x4a210693) x13 0x000004a2
core   0: 0x80008424 (0x0383cc33) div     s8, t2, s8
core   0: 3 0x80008424 (0x0383cc33) x24 0xffffffff
core   0: 0x80008428 (0x0335dbb3) divu    s7, a1, s3
core   0: 3 0x80008428 (0x0335dbb3) x23 0x00000000
core   0: 0x8000842c (0x0304b0b3) mulhu   ra, s1, a6
core   0: 3 0x8000842c (0x0304b0b3) x 1 0x2c6789ad
core   0: 0x80008430 (0x007280b3) add     ra, t0, t2
core   0: 3 0x80008430 (0x007280b3) x 1 0x00000000
core   0: 0x80008434 (0x85c3c397) auipc   t2, 0x85c3c
core   0: 3 0x80008434 (0x85c3c397) x 7 0x05c44434
core   0: 0x80008438 (0x013f5193) srli    gp, t5, 19
core   0: 3 0x80008438 (0x013f5193) x 3 0x00000000
core   0: 0x8000843c (0xbeb1a917) auipc   s2, 0xbeb1a
core   0: 3 0x8000843c (0xbeb1a917) x18 0x3eb2243c
core   0: 0x80008440 (0x01a9c233) xor     tp, s3, s10
core   0: 3 0x80008440 (0x01a9c233) x 4 0xffffff68
core   0: 0x80008444 (0x4121d693) srai    a3, gp, 18
core   0: 3 0x80008444 (0x4121d693) x13 0x00000000
core   0: 0x80008448 (0x03ecdab3) divu    s5, s9, t5
core   0: 3 0x80008448 (0x03ecdab3) x21 0x00000000
core   0: 0x8000844c (0x00dcdc33) srl     s8, s9, a3
core   0: 3 0x8000844c (0x00dcdc33) x24 0x00000000
core   0: 0x80008450 (0x00e0f1b3) and     gp, ra, a4
core   0: 3 0x80008450 (0x00e0f1b3) x 3 0x00000000
core   0: 0x80008454 (0x026e4cb3) div     s9, t3, t1
core   0: 3 0x80008454 (0x026e4cb3) x25 0xffffffff
core   0: 0x80008458 (0x07e43337) lui     t1, 0x7e43
core   0: 3 0x80008458 (0x07e43337) x 6 0x07e43000
core   0: 0x8000845c (0xdf1f4a13) xori    s4, t5, -527
core   0: 3 0x8000845c (0xdf1f4a13) x20 0xfffed3e5
core   0: 0x80008460 (0x03944f33) div     t5, s0, s9
core   0: 3 0x80008460 (0x03944f33) x30 0x00000040
core   0: 0x80008464 (0xb865f613) andi    a2, a1, -1146
core   0: 3 0x80008464 (0xb865f613) x12 0x00000000
core   0: 0x80008468 (0x0156b933) sltu    s2, a3, s5
core   0: 3 0x80008468 (0x0156b933) x18 0x00000000
core   0: 0x8000846c (0x7d683317) auipc   t1, 0x7d683
core   0: 3 0x8000846c (0x7d683317) x 6 0xfd68b46c
core   0: 0x80008470 (0x0037c333) xor     t1, a5, gp
core   0: 3 0x80008470 (0x0037c333) x 6 0x00000000
core   0: 0x80008474 (0x01735013) srli    zero, t1, 23
core   0: 3 0x80008474 (0x01735013)
core   0: 0x80008478 (0x03e0d3b3) divu    t2, ra, t5
core   0: 3 0x80008478 (0x03e0d3b3) x 7 0x00000000
core   0: 0x8000847c (0x028b8c33) mul     s8, s7, s0
core   0: 3 0x8000847c (0x028b8c33) x24 0x00000000
core   0: 0x80008480 (0x03a995b3) mulh    a1, s3, s10
core   0: 3 0x80008480 (0x03a995b3) x11 0xffffffff
core   0: 0x80008484 (0xa34ba093) slti    ra, s7, -1484
core   0: 3 0x80008484 (0xa34ba093) x 1 0x00000000
core   0: 0x80008488 (0x34c1bbb7) lui     s7, 0x34c1b
core   0: 3 0x80008488 (0x34c1bbb7) x23 0x34c1b000
core   0: 0x8000848c (0x01333eb3) sltu    t4, t1, s3
core   0: 3 0x8000848c (0x01333eb3) x29 0x00000001
core   0: 0x80008490 (0x02221cb3) mulh    s9, tp, sp
core   0: 3 0x80008490 (0x02221cb3) x25 0x00000000
core   0: 0x80008494 (0x9919f313) andi    t1, s3, -1647
core   0: 3 0x80008494 (0x9919f313) x 6 0xfffff991
core   0: 0x80008498 (0x00b803b3) add     t2, a6, a1
core   0: 3 0x80008498 (0x00b803b3) x 7 0x80018ce3
core   0: 0x8000849c (0x01aab433) sltu    s0, s5, s10
core   0: 3 0x8000849c (0x01aab433) x 8 0x00000001
core   0: 0x800084a0 (0x00000013) nop
core   0: 3 0x800084a0 (0x00000013)
core   0: 0x800084a4 (0x40158633) sub     a2, a1, ra
core   0: 3 0x800084a4 (0x40158633) x12 0xffffffff
core   0: 0x800084a8 (0x00000013) nop
core   0: 3 0x800084a8 (0x00000013)
core   0: 0x800084ac (0x29348b93) addi    s7, s1, 659
core   0: 3 0x800084ac (0x29348b93) x23 0x58ce0293
core   0: 0x800084b0 (0x02995133) divu    sp, s2, s1
core   0: 3 0x800084b0 (0x02995133) x 2 0x00000000
core   0: 0x800084b4 (0xb57656b7) lui     a3, 0xb5765
core   0: 3 0x800084b4 (0xb57656b7) x13 0xb5765000
core   0: 0x800084b8 (0x0002aa33) slt     s4, t0, zero
core   0: 3 0x800084b8 (0x0002aa33) x20 0x00000000
core   0: 0x800084bc (0x6671be93) sltiu   t4, gp, 1639
core   0: 3 0x800084bc (0x6671be93) x29 0x00000001
core   0: 0x800084c0 (0x0237f233) remu    tp, a5, gp
core   0: 3 0x800084c0 (0x0237f233) x 4 0x00000000
core   0: 0x800084c4 (0x03316c33) rem     s8, sp, s3
core   0: 3 0x800084c4 (0x03316c33) x24 0x00000000
core   0: 0x800084c8 (0x03016d33) rem     s10, sp, a6
core   0: 3 0x800084c8 (0x03016d33) x26 0x00000000
core   0: 0x800084cc (0x033785b3) mul     a1, a5, s3
core   0: 3 0x800084cc (0x033785b3) x11 0x00000000
core   0: 0x800084d0 (0x01fa9c33) sll     s8, s5, t6
core   0: 3 0x800084d0 (0x01fa9c33) x24 0x00000000
core   0: 0x800084d4 (0x7a654a13) xori    s4, a0, 1958
core   0: 3 0x800084d4 (0x7a654a13) x20 0x800007a6
core   0: 0x800084d8 (0x7a1aea97) auipc   s5, 0x7a1ae
core   0: 3 0x800084d8 (0x7a1aea97) x21 0xfa1b64d8
core   0: 0x800084dc (0x4fcf7913) andi    s2, t5, 1276
core   0: 3 0x800084dc (0x4fcf7913) x18 0x00000040
core   0: 0x800084e0 (0x00000013) nop
core   0: 3 0x800084e0 (0x00000013)
core   0: 0x800084e4 (0x018b5633) srl     a2, s6, s8
core   0: 3 0x800084e4 (0x018b5633) x12 0x80014e64
core   0: 0x800084e8 (0x00695293) srli    t0, s2, 6
core   0: 3 0x800084e8 (0x00695293) x 5 0x00000001
core   0: 0x800084ec (0x2b6df693) andi    a3, s11, 694
core   0: 3 0x800084ec (0x2b6df693) x13 0x00000000
core   0: 0x800084f0 (0x0281a733) mulhsu  a4, gp, s0
core   0: 3 0x800084f0 (0x0281a733) x14 0x00000000
core   0: 0x800084f4 (0x03009bb3) mulh    s7, ra, a6
core   0: 3 0x800084f4 (0x03009bb3) x23 0x00000000
core   0: 0x800084f8 (0x53608113) addi    sp, ra, 1334
core   0: 3 0x800084f8 (0x53608113) x 2 0x00000536
core   0: 0x800084fc (0x00a0a7b3) slt     a5, ra, a0
core   0: 3 0x800084fc (0x00a0a7b3) x15 0x00000000
core   0: 0x80008500 (0x00028db3) add     s11, t0, zero
core   0: 3 0x80008500 (0x00028db3) x27 0x00000001
core   0: 0x80008504 (0x00000013) nop
core   0: 3 0x80008504 (0x00000013)
core   0: 0x80008508 (0x03112ab3) mulhsu  s5, sp, a7
core   0: 3 0x80008508 (0x03112ab3) x21 0x0000014d
core   0: 0x8000850c (0x41fd85b3) sub     a1, s11, t6
core   0: 3 0x8000850c (0x41fd85b3) x11 0x00000001
core   0: 0x80008510 (0xc82f6b93) ori     s7, t5, -894
core   0: 3 0x80008510 (0xc82f6b93) x23 0xfffffcc2
core   0: 0x80008514 (0xa016aa93) slti    s5, a3, -1535
core   0: 3 0x80008514 (0xa016aa93) x21 0x00000000
core   0: 0x80008518 (0xef5a6993) ori     s3, s4, -267
core   0: 3 0x80008518 (0xef5a6993) x19 0xfffffff7
core   0: 0x8000851c (0x0398e633) rem     a2, a7, s9
core   0: 3 0x8000851c (0x0398e633) x12 0x4000a732
core   0: 0x80008520 (0x0286d133) divu    sp, a3, s0
core   0: 3 0x80008520 (0x0286d133) x 2 0x00000000
core   0: 0x80008524 (0x5b7a75b7) lui     a1, 0x5b7a7
core   0: 3 0x80008524 (0x5b7a75b7) x11 0x5b7a7000
core   0: 0x80008528 (0x011de9b3) or      s3, s11, a7
core   0: 3 0x80008528 (0x011de9b3) x19 0x4000a733
core   0: 0x8000852c (0x03419fb3) mulh    t6, gp, s4
core   0: 3 0x8000852c (0x03419fb3) x31 0x00000000
core   0: 0x80008530 (0x00ccd8b3) srl     a7, s9, a2
core   0: 3 0x80008530 (0x00ccd8b3) x17 0x00000000
core   0: 0x80008534 (0x03e6c333) div     t1, a3, t5
core   0: 3 0x80008534 (0x03e6c333) x 6 0x00000000
core   0: 0x80008538 (0x01d906b3) add     a3, s2, t4
core   0: 3 0x80008538 (0x01d906b3) x13 0x00000041
core   0: 0x8000853c (0x00000013) nop
core   0: 3 0x8000853c (0x00000013)
core   0: 0x80008540 (0x41035593) srai    a1, t1, 16
core   0: 3 0x80008540 (0x41035593) x11 0x00000000
core   0: 0x80008544 (0x02aa4933) div     s2, s4, a0
core   0: 3 0x80008544 (0x02aa4933) x18 0x00000000
core   0: 0x80008548 (0x01b05e13) srli    t3, zero, 27
core   0: 3 0x80008548 (0x01b05e13) x28 0x00000000
core   0: 0x8000854c (0x000cd613) srli    a2, s9, 0
core   0: 3 0x8000854c (0x000cd613) x12 0x00000000
core   0: 0x80008550 (0x00234a33) xor     s4, t1, sp
core   0: 3 0x80008550 (0x00234a33) x20 0x00000000
core   0: 0x80008554 (0x21036f17) auipc   t5, 0x21036
core   0: 3 0x80008554 (0x21036f17) x30 0xa103e554
core   0: 0x80008558 (0x028cdab3) divu    s5, s9, s0
core   0: 3 0x80008558 (0x028cdab3) x21 0x00000000
core   0: 0x8000855c (0x004fb3b3) sltu    t2, t6, tp
core   0: 3 0x8000855c (0x004fb3b3) x 7 0x00000000
core   0: 0x80008560 (0x60a7a597) auipc   a1, 0x60a7a
core   0: 3 0x80008560 (0x60a7a597) x11 0xe0a82560
core   0: 0x80008564 (0x00627433) and     s0, tp, t1
core   0: 3 0x80008564 (0x00627433) x 8 0x00000000
core   0: 0x80008568 (0x00d59eb3) sll     t4, a1, a3
core   0: 3 0x80008568 (0x00d59eb3) x29 0xc1504ac0
core   0: 0x8000856c (0x419ad933) sra     s2, s5, s9
core   0: 3 0x8000856c (0x419ad933) x18 0x00000000
core   0: 0x80008570 (0x03444cb3) div     s9, s0, s4
core   0: 3 0x80008570 (0x03444cb3) x25 0xffffffff
core   0: 0x80008574 (0x01e89e93) slli    t4, a7, 30
core   0: 3 0x80008574 (0x01e89e93) x29 0x00000000
core   0: 0x80008578 (0x0356f5b3) remu    a1, a3, s5
core   0: 3 0x80008578 (0x0356f5b3) x11 0x00000041
core   0: 0x8000857c (0x00aa3133) sltu    sp, s4, a0
core   0: 3 0x8000857c (0x00aa3133) x 2 0x00000001
core   0: 0x80008580 (0x40dbd793) srai    a5, s7, 13
core   0: 3 0x80008580 (0x40dbd793) x15 0xffffffff
core   0: 0x80008584 (0x0324df33) divu    t5, s1, s2
core   0: 3 0x80008584 (0x0324df33) x30 0xffffffff
core   0: 0x80008588 (0xf8588313) addi    t1, a7, -123
core   0: 3 0x80008588 (0xf8588313) x 6 0xffffff85
core   0: 0x8000858c (0x00000013) nop
core   0: 3 0x8000858c (0x00000013)
core   0: 0x80008590 (0x00ae32b3) sltu    t0, t3, a0
core   0: 3 0x80008590 (0x00ae32b3) x 5 0x00000001
core   0: 0x80008594 (0x1a222b93) slti    s7, tp, 418
core   0: 3 0x80008594 (0x1a222b93) x23 0x00000001
core   0: 0x80008598 (0x41ea59b3) sra     s3, s4, t5
core   0: 3 0x80008598 (0x41ea59b3) x19 0x00000000
core   0: 0x8000859c (0x41088ab3) sub     s5, a7, a6
core   0: 3 0x8000859c (0x41088ab3) x21 0x7ffe731c
core   0: 0x800085a0 (0x5e6c7e97) auipc   t4, 0x5e6c7
core   0: 3 0x800085a0 (0x5e6c7e97) x29 0xde6cf5a0
core   0: 0x800085a4 (0x00000013) nop
core   0: 3 0x800085a4 (0x00000013)
core   0: 0x800085a8 (0x29b94737) lui     a4, 0x29b94
core   0: 3 0x800085a8 (0x29b94737) x14 0x29b94000
core   0: 0x800085ac (0x003e35b3) sltu    a1, t3, gp
core   0: 3 0x800085ac (0x003e35b3) x11 0x00000000
core   0: 0x800085b0 (0xa74acb93) xori    s7, s5, -1420
core   0: 3 0x800085b0 (0xa74acb93) x23 0x80018968
core   0: 0x800085b4 (0x83b1a013) slti    zero, gp, -1989
core   0: 3 0x800085b4 (0x83b1a013)
core   0: 0x800085b8 (0x7e866a13) ori     s4, a2, 2024
core   0: 3 0x800085b8 (0x7e866a13) x20 0x000007e8
core   0: 0x800085bc (0xe8eaaf13) slti    t5, s5, -370
core   0: 3 0x800085bc (0xe8eaaf13) x30 0x00000000
core   0: 0x800085c0 (0x40798a33) sub     s4, s3, t2
core   0: 3 0x800085c0 (0x40798a33) x20 0x00000000
core   0: 0x800085c4 (0x2a6b6293) ori     t0, s6, 678
core   0: 3 0x800085c4 (0x2a6b6293) x 5 0x80014ee6
core   0: 0x800085c8 (0xa6912d93) slti    s11, sp, -1431
core   0: 3 0x800085c8 (0xa6912d93) x27 0x00000000
core   0: 0x800085cc (0x5d100793) li      a5, 1489
core   0: 3 0x800085cc (0x5d100793) x15 0x000005d1
core   0: 0x800085d0 (0x03dbe133) rem     sp, s7, t4
core   0: 3 0x800085d0 (0x03dbe133) x 2 0xe4baa888
core   0: 0x800085d4 (0x3169e793) ori     a5, s3, 790
core   0: 3 0x800085d4 (0x3169e793) x15 0x00000316
core   0: 0x800085d8 (0x416f5613) srai    a2, t5, 22
core   0: 3 0x800085d8 (0x416f5613) x12 0x00000000
core   0: 0x800085dc (0xe1f04213) xori    tp, zero, -481
core   0: 3 0x800085dc (0xe1f04213) x 4 0xfffffe1f
core   0: 0x800085e0 (0x0305f9b3) remu    s3, a1, a6
core   0: 3 0x800085e0 (0x0305f9b3) x19 0x00000000
core   0: 0x800085e4 (0x0199e9b3) or      s3, s3, s9
core   0: 3 0x800085e4 (0x0199e9b3) x19 0xffffffff
core   0: 0x800085e8 (0x00c71593) slli    a1, a4, 12
core   0: 3 0x800085e8 (0x00c71593) x11 0x94000000
core   0: 0x800085ec (0x03ca7333) remu    t1, s4, t3
core   0: 3 0x800085ec (0x03ca7333) x 6 0x00000000
core   0: 0x800085f0 (0x9335b193) sltiu   gp, a1, -1741
core   0: 3 0x800085f0 (0x9335b193) x 3 0x00000001
core   0: 0x800085f4 (0x03305c33) divu    s8, zero, s3
core   0: 3 0x800085f4 (0x03305c33) x24 0x00000000
core   0: 0x800085f8 (0xaa713293) sltiu   t0, sp, -1369
core   0: 3 0x800085f8 (0xaa713293) x 5 0x00000001
core   0: 0x800085fc (0x023c71b3) remu    gp, s8, gp
core   0: 3 0x800085fc (0x023c71b3) x 3 0x00000000
core   0: 0x80008600 (0x03902cb3) mulhsu  s9, zero, s9
core   0: 3 0x80008600 (0x03902cb3) x25 0x00000000
core   0: 0x80008604 (0x01b6d393) srli    t2, a3, 27
core   0: 3 0x80008604 (0x01b6d393) x 7 0x00000000
core   0: 0x80008608 (0x41070c33) sub     s8, a4, a6
core   0: 3 0x80008608 (0x41070c33) x24 0xa9b7b31c
core   0: 0x8000860c (0x000868b3) or      a7, a6, zero
core   0: 3 0x8000860c (0x000868b3) x17 0x80018ce4
core   0: 0x80008610 (0x02bb89b3) mul     s3, s7, a1
core   0: 3 0x80008610 (0x02bb89b3) x19 0x20000000
core   0: 0x80008614 (0x030d6033) rem     zero, s10, a6
core   0: 3 0x80008614 (0x030d6033)
core   0: 0x80008618 (0x035c9e33) mulh    t3, s9, s5
core   0: 3 0x80008618 (0x035c9e33) x28 0x00000000
core   0: 0x8000861c (0x022b61b3) rem     gp, s6, sp
core   0: 3 0x8000861c (0x022b61b3) x 3 0xed16ac44
core   0: 0x80008620 (0x00000013) nop
core   0: 3 0x80008620 (0x00000013)
core   0: 0x80008624 (0x013df1b3) and     gp, s11, s3
core   0: 3 0x80008624 (0x013df1b3) x 3 0x00000000
core   0: 0x80008628 (0x00000013) nop
core   0: 3 0x80008628 (0x00000013)
core   0: 0x8000862c (0x4893fa93) andi    s5, t2, 1161
core   0: 3 0x8000862c (0x4893fa93) x21 0x00000000
core   0: 0x80008630 (0x00ad7cb3) and     s9, s10, a0
core   0: 3 0x80008630 (0x00ad7cb3) x25 0x00000000
core   0: 0x80008634 (0x85176213) ori     tp, a4, -1967
core   0: 3 0x80008634 (0x85176213) x 4 0xfffff851
core   0: 0x80008638 (0x02bac4b3) div     s1, s5, a1
core   0: 3 0x80008638 (0x02bac4b3) x 9 0x00000000
core   0: 0x8000863c (0x01e44133) xor     sp, s0, t5
core   0: 3 0x8000863c (0x01e44133) x 2 0x00000000
core   0: 0x80008640 (0x4047d113) srai    sp, a5, 4
core   0: 3 0x80008640 (0x4047d113) x 2 0x00000031
core   0: 0x80008644 (0x401fdd13) srai    s10, t6, 1
core   0: 3 0x80008644 (0x401fdd13) x26 0x00000000
core   0: 0x80008648 (0x000edf93) srli    t6, t4, 0
core   0: 3 0x80008648 (0x000edf93) x31 0xde6cf5a0
core   0: 0x8000864c (0x8511ea13) ori     s4, gp, -1967
core   0: 3 0x8000864c (0x8511ea13) x20 0xfffff851
core   0: 0x80008650 (0x00f679b3) and     s3, a2, a5
core   0: 3 0x80008650 (0x00f679b3) x19 0x00000000
core   0: 0x80008654 (0x02d8b193) sltiu   gp, a7, 45
core   0: 3 0x80008654 (0x02d8b193) x 3 0x00000000
core   0: 0x80008658 (0x01d4f233) and     tp, s1, t4
core   0: 3 0x80008658 (0x01d4f233) x 4 0x00000000
core   0: 0x8000865c (0x011d7e33) and     t3, s10, a7
core   0: 3 0x8000865c (0x011d7e33) x28 0x00000000
core   0: 0x80008660 (0x40b27013) andi    zero, tp, 1035
core   0: 3 0x80008660 (0x40b27013)
core   0: 0x80008664 (0x02f36133) rem     sp, t1, a5
core   0: 3 0x80008664 (0x02f36133) x 2 0x00000000
core   0: 0x80008668 (0x00502333) slt     t1, zero, t0
core   0: 3 0x80008668 (0x00502333) x 6 0x00000001
core   0: 0x8000866c (0x40a85db3) sra     s11, a6, a0
core   0: 3 0x8000866c (0x40a85db3) x27 0x80018ce4
core   0: 0x80008670 (0x03f84ab3) div     s5, a6, t6
core   0: 3 0x80008670 (0x03f84ab3) x21 0x00000003
core   0: 0x80008674 (0xc2b63a13) sltiu   s4, a2, -981
core   0: 3 0x80008674 (0xc2b63a13) x20 0x00000001
core   0: 0x80008678 (0x01c81c93) slli    s9, a6, 28
core   0: 3 0x80008678 (0x01c81c93) x25 0x40000000
core   0: 0x8000867c (0x40715213) srai    tp, sp, 7
core   0: 3 0x8000867c (0x40715213) x 4 0x00000000
core   0: 0x80008680 (0x023c9bb3) mulh    s7, s9, gp
core   0: 3 0x80008680 (0x023c9bb3) x23 0x00000000
core   0: 0x80008684 (0x7e88ca13) xori    s4, a7, 2024
core   0: 3 0x80008684 (0x7e88ca13) x20 0x80018b0c
core   0: 0x80008688 (0x00a288b3) add     a7, t0, a0
core   0: 3 0x80008688 (0x00a288b3) x17 0x80000001
core   0: 0x8000868c (0x033c68b3) rem     a7, s8, s3
core   0: 3 0x8000868c (0x033c68b3) x17 0xa9b7b31c
core   0: 0x80008690 (0x00e076b3) and     a3, zero, a4
core   0: 3 0x80008690 (0x00e076b3) x13 0x00000000
core   0: 0x80008694 (0x03e69cb3) mulh    s9, a3, t5
core   0: 3 0x80008694 (0x03e69cb3) x25 0x00000000
core   0: 0x80008698 (0x023810b3) mulh    ra, a6, gp
core   0: 3 0x80008698 (0x023810b3) x 1 0x00000000
core   0: 0x8000869c (0x02919c33) mulh    s8, gp, s1
core   0: 3 0x8000869c (0x02919c33) x24 0x00000000
core   0: 0x800086a0 (0x6743b993) sltiu   s3, t2, 1652
core   0: 3 0x800086a0 (0x6743b993) x19 0x00000001
core   0: 0x800086a4 (0x032a0bb3) mul     s7, s4, s2
core   0: 3 0x800086a4 (0x032a0bb3) x23 0x00000000
core   0: 0x800086a8 (0x030799b3) mulh    s3, a5, a6
core   0: 3 0x800086a8 (0x030799b3) x19 0xfffffe75
core   0: 0x800086ac (0x00000013) nop
core   0: 3 0x800086ac (0x00000013)
core   0: 0x800086b0 (0x03598433) mul     s0, s3, s5
core   0: 3 0x800086b0 (0x03598433) x 8 0xfffffb5f
core   0: 0x800086b4 (0x023fe233) rem     tp, t6, gp
core   0: 3 0x800086b4 (0x023fe233) x 4 0xde6cf5a0
core   0: 0x800086b8 (0x00b7c133) xor     sp, a5, a1
core   0: 3 0x800086b8 (0x00b7c133) x 2 0x94000316
core   0: 0x800086bc (0x02c27033) remu    zero, tp, a2
core   0: 3 0x800086bc (0x02c27033)
core   0: 0x800086c0 (0x01dcd433) srl     s0, s9, t4
core   0: 3 0x800086c0 (0x01dcd433) x 8 0x00000000
core   0: 0x800086c4 (0xc59a2413) slti    s0, s4, -935
core   0: 3 0x800086c4 (0xc59a2413) x 8 0x00000001
core   0: 0x800086c8 (0x032d8433) mul     s0, s11, s2
core   0: 3 0x800086c8 (0x032d8433) x 8 0x00000000
core   0: 0x800086cc (0x408f0bb3) sub     s7, t5, s0
core   0: 3 0x800086cc (0x408f0bb3) x23 0x00000000
core   0: 0x800086d0 (0x01828033) add     zero, t0, s8
core   0: 3 0x800086d0 (0x01828033)
core   0: 0x800086d4 (0x41bede33) sra     t3, t4, s11
core   0: 3 0x800086d4 (0x41bede33) x28 0xfde6cf5a
core   0: 0x800086d8 (0x000b5a93) srli    s5, s6, 0
core   0: 3 0x800086d8 (0x000b5a93) x21 0x80014e64
core   0: 0x800086dc (0x4196d313) srai    t1, a3, 25
core   0: 3 0x800086dc (0x4196d313) x 6 0x00000000
core   0: 0x800086e0 (0x038cec33) rem     s8, s9, s8
core   0: 3 0x800086e0 (0x038cec33) x24 0x00000000
core   0: 0x800086e4 (0x03fcebb3) rem     s7, s9, t6
core   0: 3 0x800086e4 (0x03fcebb3) x23 0x00000000
core   0: 0x800086e8 (0x02b1d733) divu    a4, gp, a1
core   0: 3 0x800086e8 (0x02b1d733) x14 0x00000000
core   0: 0x800086ec (0x02da7fb3) remu    t6, s4, a3
core   0: 3 0x800086ec (0x02da7fb3) x31 0x80018b0c
core   0: 0x800086f0 (0x03452d33) mulhsu  s10, a0, s4
core   0: 3 0x800086f0 (0x03452d33) x26 0xbfff3a7a
core   0: 0x800086f4 (0x003df933) and     s2, s11, gp
core   0: 3 0x800086f4 (0x003df933) x18 0x00000000
core   0: 0x800086f8 (0x0324c933) div     s2, s1, s2
core   0: 3 0x800086f8 (0x0324c933) x18 0xffffffff
core   0: 0x800086fc (0x02c65933) divu    s2, a2, a2
core   0: 3 0x800086fc (0x02c65933) x18 0xffffffff
core   0: 0x80008700 (0x40e20733) sub     a4, tp, a4
core   0: 3 0x80008700 (0x40e20733) x14 0xde6cf5a0
core   0: 0x80008704 (0x03a0e8b3) rem     a7, ra, s10
core   0: 3 0x80008704 (0x03a0e8b3) x17 0x00000000
core   0: 0x80008708 (0x5373e293) ori     t0, t2, 1335
core   0: 3 0x80008708 (0x5373e293) x 5 0x00000537
core   0: 0x8000870c (0x93fa0737) lui     a4, 0x93fa0
core   0: 3 0x8000870c (0x93fa0737) x14 0x93fa0000
core   0: 0x80008710 (0x0259f133) remu    sp, s3, t0
core   0: 3 0x80008710 (0x0259f133) x 2 0x00000380
core   0: 0x80008714 (0x409558b3) sra     a7, a0, s1
core   0: 3 0x80008714 (0x409558b3) x17 0x80000000
core   0: 0x80008718 (0x40f75cb3) sra     s9, a4, a5
core   0: 3 0x80008718 (0x40f75cb3) x25 0xfffffe4f
core   0: 0x8000871c (0x025b1a33) mulh    s4, s6, t0
core   0: 3 0x8000871c (0x025b1a33) x20 0xfffffd64
core   0: 0x80008720 (0x020bbdb3) mulhu   s11, s7, zero
core   0: 3 0x80008720 (0x020bbdb3) x27 0x00000000
core   0: 0x80008724 (0x02d3b3b3) mulhu   t2, t2, a3
core   0: 3 0x80008724 (0x02d3b3b3) x 7 0x00000000
core   0: 0x80008728 (0x419d5213) srai    tp, s10, 25
core   0: 3 0x80008728 (0x419d5213) x 4 0xffffffdf
core   0: 0x8000872c (0x037719b3) mulh    s3, a4, s7
core   0: 3 0x8000872c (0x037719b3) x19 0x00000000
core   0: 0x80008730 (0x0068dd33) srl     s10, a7, t1
core   0: 3 0x80008730 (0x0068dd33) x26 0x80000000
core   0: 0x80008734 (0x416a5413) srai    s0, s4, 22
core   0: 3 0x80008734 (0x416a5413) x 8 0xffffffff
core   0: 0x80008738 (0x00fd1733) sll     a4, s10, a5
core   0: 3 0x80008738 (0x00fd1733) x14 0x00000000
core   0: 0x8000873c (0x0007dd13) srli    s10, a5, 0
core   0: 3 0x8000873c (0x0007dd13) x26 0x00000316
core   0: 0x80008740 (0x377be293) ori     t0, s7, 887
core   0: 3 0x80008740 (0x377be293) x 5 0x00000377
core   0: 0x80008744 (0x02d553b3) divu    t2, a0, a3
core   0: 3 0x80008744 (0x02d553b3) x 7 0xffffffff
core   0: 0x80008748 (0xdb536e93) ori     t4, t1, -587
core   0: 3 0x80008748 (0xdb536e93) x29 0xfffffdb5
core   0: 0x8000874c (0x03a81c33) mulh    s8, a6, s10
core   0: 3 0x8000874c (0x03a81c33) x24 0xfffffe75
core   0: 0x80008750 (0x00000013) nop
core   0: 3 0x80008750 (0x00000013)
core   0: 0x80008754 (0x40a283b3) sub     t2, t0, a0
core   0: 3 0x80008754 (0x40a283b3) x 7 0x80000377
core   0: 0x80008758 (0x019155b3) srl     a1, sp, s9
core   0: 3 0x80008758 (0x019155b3) x11 0x00000000
core   0: 0x8000875c (0x02bb4033) div     zero, s6, a1
core   0: 3 0x8000875c (0x02bb4033)
core   0: 0x80008760 (0x0019d913) srli    s2, s3, 1
core   0: 3 0x80008760 (0x0019d913) x18 0x00000000
core   0: 0x80008764 (0x01dea3b3) slt     t2, t4, t4
core   0: 3 0x80008764 (0x01dea3b3) x 7 0x00000000
core   0: 0x80008768 (0x0156a033) slt     zero, a3, s5
core   0: 3 0x80008768 (0x0156a033)
core   0: 0x8000876c (0x55d87193) andi    gp, a6, 1373
core   0: 3 0x8000876c (0x55d87193) x 3 0x00000444
core   0: 0x80008770 (0x4cb97713) andi    a4, s2, 1227
core   0: 3 0x80008770 (0x4cb97713) x14 0x00000000
core   0: 0x80008774 (0x41645393) srai    t2, s0, 22
core   0: 3 0x80008774 (0x41645393) x 7 0xffffffff
core   0: 0x80008778 (0x0b9a6d13) ori     s10, s4, 185
core   0: 3 0x80008778 (0x0b9a6d13) x26 0xfffffdfd
core   0: 0x8000877c (0x023c61b3) rem     gp, s8, gp
core   0: 3 0x8000877c (0x023c61b3) x 3 0xfffffe75
core   0: 0x80008780 (0x239ef013) andi    zero, t4, 569
core   0: 3 0x80008780 (0x239ef013)
core   0: 0x80008784 (0x018cd133) srl     sp, s9, s8
core   0: 3 0x80008784 (0x018cd133) x 2 0x000007ff
core   0: 0x80008788 (0x417d5393) srai    t2, s10, 23
core   0: 3 0x80008788 (0x417d5393) x 7 0xffffffff
core   0: 0x8000878c (0x41070fb3) sub     t6, a4, a6
core   0: 3 0x8000878c (0x41070fb3) x31 0x7ffe731c
core   0: 0x80008790 (0xde144913) xori    s2, s0, -543
core   0: 3 0x80008790 (0xde144913) x18 0x0000021e
core   0: 0x80008794 (0xd4990937) lui     s2, 0xd4990
core   0: 3 0x80008794 (0xd4990937) x18 0xd4990000
core   0: 0x80008798 (0x00903733) snez    a4, s1
core   0: 3 0x80008798 (0x00903733) x14 0x00000000
core   0: 0x8000879c (0x78833913) sltiu   s2, t1, 1928
core   0: 3 0x8000879c (0x78833913) x18 0x00000001
core   0: 0x800087a0 (0xb20c4193) xori    gp, s8, -1248
core   0: 3 0x800087a0 (0xb20c4193) x 3 0x00000555
core   0: 0x800087a4 (0x402f0933) sub     s2, t5, sp
core   0: 3 0x800087a4 (0x402f0933) x18 0xfffff801
core   0: 0x800087a8 (0x27598c93) addi    s9, s3, 629
core   0: 3 0x800087a8 (0x27598c93) x25 0x00000275
core   0: 0x800087ac (0x010a0033) add     zero, s4, a6
core   0: 3 0x800087ac (0x010a0033)
core   0: 0x800087b0 (0x01b8a4b3) slt     s1, a7, s11
core   0: 3 0x800087b0 (0x01b8a4b3) x 9 0x00000001
core   0: 0x800087b4 (0x03c1e8b3) rem     a7, gp, t3
core   0: 3 0x800087b4 (0x03c1e8b3) x17 0x00000555
core   0: 0x800087b8 (0x57d52e93) slti    t4, a0, 1405
core   0: 3 0x800087b8 (0x57d52e93) x29 0x00000001
core   0: 0x800087bc (0x5eeb4b93) xori    s7, s6, 1518
core   0: 3 0x800087bc (0x5eeb4b93) x23 0x80014b8a
core   0: 0x800087c0 (0x413f07b3) sub     a5, t5, s3
core   0: 3 0x800087c0 (0x413f07b3) x15 0x00000000
core   0: 0x800087c4 (0x00172933) slt     s2, a4, ra
core   0: 3 0x800087c4 (0x00172933) x18 0x00000000
core   0: 0x800087c8 (0xe5c1c213) xori    tp, gp, -420
core   0: 3 0x800087c8 (0xe5c1c213) x 4 0xfffffb09
core   0: 0x800087cc (0xf9a1f013) andi    zero, gp, -102
core   0: 3 0x800087cc (0xf9a1f013)
core   0: 0x800087d0 (0x01dba433) slt     s0, s7, t4
core   0: 3 0x800087d0 (0x01dba433) x 8 0x00000001
core   0: 0x800087d4 (0xd0d87413) andi    s0, a6, -755
core   0: 3 0x800087d4 (0xd0d87413) x 8 0x80018c04
core   0: 0x800087d8 (0x18f7cd13) xori    s10, a5, 399
core   0: 3 0x800087d8 (0x18f7cd13) x26 0x0000018f
core   0: 0x800087dc (0x0170d213) srli    tp, ra, 23
core   0: 3 0x800087dc (0x0170d213) x 4 0x00000000
core   0: 0x800087e0 (0x09024913) xori    s2, tp, 144
core   0: 3 0x800087e0 (0x09024913) x18 0x00000090
core   0: 0x800087e4 (0x031b0733) mul     a4, s6, a7
core   0: 3 0x800087e4 (0x031b0733) x14 0x86f6fb34
core   0: 0x800087e8 (0x039bc5b3) div     a1, s7, s9
core   0: 3 0x800087e8 (0x039bc5b3) x11 0xffcbe81c
core   0: 0x800087ec (0x000f5a13) srli    s4, t5, 0
core   0: 3 0x800087ec (0x000f5a13) x20 0x00000000
core   0: 0x800087f0 (0x03642fb3) mulhsu  t6, s0, s6
core   0: 3 0x800087f0 (0x03642fb3) x31 0xc0001ed2
core   0: 0x800087f4 (0x029501b3) mul     gp, a0, s1
core   0: 3 0x800087f4 (0x029501b3) x 3 0x80000000
core   0: 0x800087f8 (0x028e3e33) mulhu   t3, t3, s0
core   0: 3 0x800087f8 (0x028e3e33) x28 0x7ef4f072
core   0: 0x800087fc (0x02d371b3) remu    gp, t1, a3
core   0: 3 0x800087fc (0x02d371b3) x 3 0x00000000
core   0: 0x80008800 (0x0243b4b3) mulhu   s1, t2, tp
core   0: 3 0x80008800 (0x0243b4b3) x 9 0x00000000
core   0: 0x80008804 (0x1e4aa493) slti    s1, s5, 484
core   0: 3 0x80008804 (0x1e4aa493) x 9 0x00000001
core   0: 0x80008808 (0x01b54033) xor     zero, a0, s11
core   0: 3 0x80008808 (0x01b54033)
core   0: 0x8000880c (0x00d55433) srl     s0, a0, a3
core   0: 3 0x8000880c (0x00d55433) x 8 0x80000000
core   0: 0x80008810 (0x00000013) nop
core   0: 3 0x80008810 (0x00000013)
core   0: 0x80008814 (0x75b20213) addi    tp, tp, 1883
core   0: 3 0x80008814 (0x75b20213) x 4 0x0000075b
core   0: 0x80008818 (0x4051dbb3) sra     s7, gp, t0
core   0: 3 0x80008818 (0x4051dbb3) x23 0x00000000
core   0: 0x8000881c (0x1c214013) xori    zero, sp, 450
core   0: 3 0x8000881c (0x1c214013)
core   0: 0x80008820 (0x026f6033) rem     zero, t5, t1
core   0: 3 0x80008820 (0x026f6033)
core   0: 0x80008824 (0x36d13213) sltiu   tp, sp, 877
core   0: 3 0x80008824 (0x36d13213) x 4 0x00000000
core   0: 0x80008828 (0x03262233) mulhsu  tp, a2, s2
core   0: 3 0x80008828 (0x03262233) x 4 0x00000000
core   0: 0x8000882c (0xa4a58d13) addi    s10, a1, -1462
core   0: 3 0x8000882c (0xa4a58d13) x26 0xffcbe266
core   0: 0x80008830 (0x03af7f33) remu    t5, t5, s10
core   0: 3 0x80008830 (0x03af7f33) x30 0x00000000
core   0: 0x80008834 (0xd2a57d93) andi    s11, a0, -726
core   0: 3 0x80008834 (0xd2a57d93) x27 0x80000000
core   0: 0x80008838 (0x4155db93) srai    s7, a1, 21
core   0: 3 0x80008838 (0x4155db93) x23 0xfffffffe
core   0: 0x8000883c (0x410d8e33) sub     t3, s11, a6
core   0: 3 0x8000883c (0x410d8e33) x28 0xfffe731c
core   0: 0x80008840 (0x1cd2f713) andi    a4, t0, 461
core   0: 3 0x80008840 (0x1cd2f713) x14 0x00000145
core   0: 0x80008844 (0x00e8f8b3) and     a7, a7, a4
core   0: 3 0x80008844 (0x00e8f8b3) x17 0x00000145
core   0: 0x80008848 (0xc590ba13) sltiu   s4, ra, -935
core   0: 3 0x80008848 (0xc590ba13) x20 0x00000001
core   0: 0x8000884c (0x8045fd97) auipc   s11, 0x8045f
core   0: 3 0x8000884c (0x8045fd97) x27 0x0046784c
core   0: 0x80008850 (0x036426b3) mulhsu  a3, s0, s6
core   0: 3 0x80008850 (0x036426b3) x13 0xbfff58ce
core   0: 0x80008854 (0x414a5f33) sra     t5, s4, s4
core   0: 3 0x80008854 (0x414a5f33) x30 0x00000000
core   0: 0x80008858 (0x030a1633) mulh    a2, s4, a6
core   0: 3 0x80008858 (0x030a1633) x12 0xffffffff
core   0: 0x8000885c (0x01439593) slli    a1, t2, 20
core   0: 3 0x8000885c (0x01439593) x11 0xfff00000
core   0: 0x80008860 (0x01f12e33) slt     t3, sp, t6
core   0: 3 0x80008860 (0x01f12e33) x28 0x00000000
core   0: 0x80008864 (0x02f3d2b3) divu    t0, t2, a5
core   0: 3 0x80008864 (0x02f3d2b3) x 5 0xffffffff
core   0: 0x80008868 (0x016a8233) add     tp, s5, s6
core   0: 3 0x80008868 (0x016a8233) x 4 0x00029cc8
core   0: 0x8000886c (0x0070d493) srli    s1, ra, 7
core   0: 3 0x8000886c (0x0070d493) x 9 0x00000000
core   0: 0x80008870 (0x012bf933) and     s2, s7, s2
core   0: 3 0x80008870 (0x012bf933) x18 0x00000090
core   0: 0x80008874 (0x033cca33) div     s4, s9, s3
core   0: 3 0x80008874 (0x033cca33) x20 0xffffffff
core   0: 0x80008878 (0x02df4933) div     s2, t5, a3
core   0: 3 0x80008878 (0x02df4933) x18 0x00000000
core   0: 0x8000887c (0x01c982b3) add     t0, s3, t3
core   0: 3 0x8000887c (0x01c982b3) x 5 0x00000000
core   0: 0x80008880 (0x01af63b3) or      t2, t5, s10
core   0: 3 0x80008880 (0x01af63b3) x 7 0xffcbe266
core   0: 0x80008884 (0x02ad67b3) rem     a5, s10, a0
core   0: 3 0x80008884 (0x02ad67b3) x15 0xffcbe266
core   0: 0x80008888 (0x007dd433) srl     s0, s11, t2
core   0: 3 0x80008888 (0x007dd433) x 8 0x000119e1
core   0: 0x8000888c (0x01685013) srli    zero, a6, 22
core   0: 3 0x8000888c (0x01685013)
core   0: 0x80008890 (0xf5806c13) ori     s8, zero, -168
core   0: 3 0x80008890 (0xf5806c13) x24 0xffffff58
core   0: 0x80008894 (0xa6ca6c13) ori     s8, s4, -1428
core   0: 3 0x80008894 (0xa6ca6c13) x24 0xffffffff
core   0: 0x80008898 (0x03220ab3) mul     s5, tp, s2
core   0: 3 0x80008898 (0x03220ab3) x21 0x00000000
core   0: 0x8000889c (0x4e420437) lui     s0, 0x4e420
core   0: 3 0x8000889c (0x4e420437) x 8 0x4e420000
core   0: 0x800088a0 (0x037325b3) mulhsu  a1, t1, s7
core   0: 3 0x800088a0 (0x037325b3) x11 0x00000000
core   0: 0x800088a4 (0x00477433) and     s0, a4, tp
core   0: 3 0x800088a4 (0x00477433) x 8 0x00000040
core   0: 0x800088a8 (0x026bd933) divu    s2, s7, t1
core   0: 3 0x800088a8 (0x026bd933) x18 0xffffffff
core   0: 0x800088ac (0x02a32133) mulhsu  sp, t1, a0
core   0: 3 0x800088ac (0x02a32133) x 2 0x00000000
core   0: 0x800088b0 (0x41e3dc33) sra     s8, t2, t5
core   0: 3 0x800088b0 (0x41e3dc33) x24 0xffcbe266
core   0: 0x800088b4 (0xa1f3b313) sltiu   t1, t2, -1505
core   0: 3 0x800088b4 (0xa1f3b313) x 6 0x00000001
core   0: 0x800088b8 (0x02f31d33) mulh    s10, t1, a5
core   0: 3 0x800088b8 (0x02f31d33) x26 0xffffffff
core   0: 0x800088bc (0x00c7d093) srli    ra, a5, 12
core   0: 3 0x800088bc (0x00c7d093) x 1 0x000ffcbe
core   0: 0x800088c0 (0x00cbd393) srli    t2, s7, 12
core   0: 3 0x800088c0 (0x00cbd393) x 7 0x000fffff
core   0: 0x800088c4 (0x02373ab3) mulhu   s5, a4, gp
core   0: 3 0x800088c4 (0x02373ab3) x21 0x00000000
core   0: 0x800088c8 (0x00a1b033) sltu    zero, gp, a0
core   0: 3 0x800088c8 (0x00a1b033)
core   0: 0x800088cc (0x41aa02b3) sub     t0, s4, s10
core   0: 3 0x800088cc (0x41aa02b3) x 5 0x00000000
core   0: 0x800088d0 (0x01d11013) slli    zero, sp, 29
core   0: 3 0x800088d0 (0x01d11013)
core   0: 0x800088d4 (0x970a2e13) slti    t3, s4, -1680
core   0: 3 0x800088d4 (0x970a2e13) x28 0x00000000
core   0: 0x800088d8 (0x009e8bb3) add     s7, t4, s1
core   0: 3 0x800088d8 (0x009e8bb3) x23 0x00000001
core   0: 0x800088dc (0x0268af33) mulhsu  t5, a7, t1
core   0: 3 0x800088dc (0x0268af33) x30 0x00000000
core   0: 0x800088e0 (0x01ff5a13) srli    s4, t5, 31
core   0: 3 0x800088e0 (0x01ff5a13) x20 0x00000000
core   0: 0x800088e4 (0xa32f7093) andi    ra, t5, -1486
core   0: 3 0x800088e4 (0xa32f7093) x 1 0x00000000
core   0: 0x800088e8 (0x02e549b3) div     s3, a0, a4
core   0: 3 0x800088e8 (0x02e549b3) x19 0xff9b2ce7
core   0: 0x800088ec (0x00ef1c93) slli    s9, t5, 14
core   0: 3 0x800088ec (0x00ef1c93) x25 0x00000000
core   0: 0x800088f0 (0x0094d893) srli    a7, s1, 9
core   0: 3 0x800088f0 (0x0094d893) x17 0x00000000
core   0: 0x800088f4 (0x41e8d5b3) sra     a1, a7, t5
core   0: 3 0x800088f4 (0x41e8d5b3) x11 0x00000000
core   0: 0x800088f8 (0x0094d413) srli    s0, s1, 9
core   0: 3 0x800088f8 (0x0094d413) x 8 0x00000000
core   0: 0x800088fc (0x00000013) nop
core   0: 3 0x800088fc (0x00000013)
core   0: 0x80008900 (0x004d5fb3) srl     t6, s10, tp
core   0: 3 0x80008900 (0x004d5fb3) x31 0x00ffffff
core   0: 0x80008904 (0x00000013) nop
core   0: 3 0x80008904 (0x00000013)
core   0: 0x80008908 (0x03c617b3) mulh    a5, a2, t3
core   0: 3 0x80008908 (0x03c617b3) x15 0x00000000
core   0: 0x8000890c (0x5016af93) slti    t6, a3, 1281
core   0: 3 0x8000890c (0x5016af93) x31 0x00000001
core   0: 0x80008910 (0xe4cf8913) addi    s2, t6, -436
core   0: 3 0x80008910 (0xe4cf8913) x18 0xfffffe4d
core   0: 0x80008914 (0x73574f17) auipc   t5, 0x73574
core   0: 3 0x80008914 (0x73574f17) x30 0xf357c914
core   0: 0x80008918 (0x027683b3) mul     t2, a3, t2
core   0: 3 0x80008918 (0x027683b3) x 7 0xcce0a732
core   0: 0x8000891c (0x02c855b3) divu    a1, a6, a2
core   0: 3 0x8000891c (0x02c855b3) x11 0x00000000
core   0: 0x80008920 (0x01b45013) srli    zero, s0, 27
core   0: 3 0x80008920 (0x01b45013)
core   0: 0x80008924 (0x03c8d8b3) divu    a7, a7, t3
core   0: 3 0x80008924 (0x03c8d8b3) x17 0xffffffff
core   0: 0x80008928 (0xfdaaa993) slti    s3, s5, -38
core   0: 3 0x80008928 (0xfdaaa993) x19 0x00000000
core   0: 0x8000892c (0x00fb78b3) and     a7, s6, a5
core   0: 3 0x8000892c (0x00fb78b3) x17 0x00000000
core   0: 0x80008930 (0x02195bb3) divu    s7, s2, ra
core   0: 3 0x80008930 (0x02195bb3) x23 0xffffffff
core   0: 0x80008934 (0x02d358b3) divu    a7, t1, a3
core   0: 3 0x80008934 (0x02d358b3) x17 0x00000000
core   0: 0x80008938 (0x003c8a33) add     s4, s9, gp
core   0: 3 0x80008938 (0x003c8a33) x20 0x00000000
core   0: 0x8000893c (0x004c4633) xor     a2, s8, tp
core   0: 3 0x8000893c (0x004c4633) x12 0xffc97eae
core   0: 0x80008940 (0x02a762b3) rem     t0, a4, a0
core   0: 3 0x80008940 (0x02a762b3) x 5 0x00000145
core   0: 0x80008944 (0x41098e33) sub     t3, s3, a6
core   0: 3 0x80008944 (0x41098e33) x28 0x7ffe731c
core   0: 0x80008948 (0xe9128d93) addi    s11, t0, -367
core   0: 3 0x80008948 (0xe9128d93) x27 0xffffffd6
core   0: 0x8000894c (0x0049e733) or      a4, s3, tp
core   0: 3 0x8000894c (0x0049e733) x14 0x00029cc8
core   0: 0x80008950 (0x414c5113) srai    sp, s8, 20
core   0: 3 0x80008950 (0x414c5113) x 2 0xfffffffc
core   0: 0x80008954 (0x73304593) xori    a1, zero, 1843
core   0: 3 0x80008954 (0x73304593) x11 0x00000733
core   0: 0x80008958 (0x00000013) nop
core   0: 3 0x80008958 (0x00000013)
core   0: 0x8000895c (0x009b5b93) srli    s7, s6, 9
core   0: 3 0x8000895c (0x009b5b93) x23 0x004000a7
core   0: 0x80008960 (0x017e3c33) sltu    s8, t3, s7
core   0: 3 0x80008960 (0x017e3c33) x24 0x00000000
core   0: 0x80008964 (0xd8bf3913) sltiu   s2, t5, -629
core   0: 3 0x80008964 (0xd8bf3913) x18 0x00000001
core   0: 0x80008968 (0x003b1313) slli    t1, s6, 3
core   0: 3 0x80008968 (0x003b1313) x 6 0x000a7320
core   0: 0x8000896c (0x00769d33) sll     s10, a3, t2
core   0: 3 0x8000896c (0x00769d33) x26 0x63380000
core   0: 0x80008970 (0x01668fb3) add     t6, a3, s6
core   0: 3 0x80008970 (0x01668fb3) x31 0x4000a732
core   0: 0x80008974 (0x40815913) srai    s2, sp, 8
core   0: 3 0x80008974 (0x40815913) x18 0xffffffff
core   0: 0x80008978 (0x006a9f93) slli    t6, s5, 6
core   0: 3 0x80008978 (0x006a9f93) x31 0x00000000
core   0: 0x8000897c (0x03edfc33) remu    s8, s11, t5
core   0: 3 0x8000897c (0x03edfc33) x24 0x0ca836c2
core   0: 0x80008980 (0x014b8033) add     zero, s7, s4
core   0: 3 0x80008980 (0x014b8033)
core   0: 0x80008984 (0x0380b2b3) mulhu   t0, ra, s8
core   0: 3 0x80008984 (0x0380b2b3) x 5 0x00000000
core   0: 0x80008988 (0xcf31a993) slti    s3, gp, -781
core   0: 3 0x80008988 (0xcf31a993) x19 0x00000000
core   0: 0x8000898c (0x5b5e2913) slti    s2, t3, 1461
core   0: 3 0x8000898c (0x5b5e2913) x18 0x00000000
core   0: 0x80008990 (0x4065d293) srai    t0, a1, 6
core   0: 3 0x80008990 (0x4065d293) x 5 0x0000001c
core   0: 0x80008994 (0x40b6d433) sra     s0, a3, a1
core   0: 3 0x80008994 (0x40b6d433) x 8 0xfffff7ff
core   0: 0x80008998 (0x0159dfb3) srl     t6, s3, s5
core   0: 3 0x80008998 (0x0159dfb3) x31 0x00000000
core   0: 0x8000899c (0x0281a2b3) mulhsu  t0, gp, s0
core   0: 3 0x8000899c (0x0281a2b3) x 5 0x00000000
core   0: 0x800089a0 (0x013a5213) srli    tp, s4, 19
core   0: 3 0x800089a0 (0x013a5213) x 4 0x00000000
core   0: 0x800089a4 (0x0a290c97) auipc   s9, 0xa290
core   0: 3 0x800089a4 (0x0a290c97) x25 0x8a2989a4
core   0: 0x800089a8 (0x016bda13) srli    s4, s7, 22
core   0: 3 0x800089a8 (0x016bda13) x20 0x00000001
core   0: 0x800089ac (0xfeb44f17) auipc   t5, 0xfeb44
core   0: 3 0x800089ac (0xfeb44f17) x30 0x7eb4c9ac
core   0: 0x800089b0 (0x00eae4b3) or      s1, s5, a4
core   0: 3 0x800089b0 (0x00eae4b3) x 9 0x00029cc8
core   0: 0x800089b4 (0xab7e1f37) lui     t5, 0xab7e1
core   0: 3 0x800089b4 (0xab7e1f37) x30 0xab7e1000
core   0: 0x800089b8 (0x06746d13) ori     s10, s0, 103
core   0: 3 0x800089b8 (0x06746d13) x26 0xfffff7ff
core   0: 0x800089bc (0x1d2ec393) xori    t2, t4, 466
core   0: 3 0x800089bc (0x1d2ec393) x 7 0x000001d3
core   0: 0x800089c0 (0x00d111b3) sll     gp, sp, a3
core   0: 3 0x800089c0 (0x00d111b3) x 3 0xffff0000
core   0: 0x800089c4 (0x00322133) slt     sp, tp, gp
core   0: 3 0x800089c4 (0x00322133) x 2 0x00000000
core   0: 0x800089c8 (0x8f5f8c13) addi    s8, t6, -1803
core   0: 3 0x800089c8 (0x8f5f8c13) x24 0xfffff8f5
core   0: 0x800089cc (0x006640b3) xor     ra, a2, t1
core   0: 3 0x800089cc (0x006640b3) x 1 0xffc30d8e
core   0: 0x800089d0 (0x00a24733) xor     a4, tp, a0
core   0: 3 0x800089d0 (0x00a24733) x14 0x80000000
core   0: 0x800089d4 (0x003b4fb3) xor     t6, s6, gp
core   0: 3 0x800089d4 (0x003b4fb3) x31 0x7ffe4e64
core   0: 0x800089d8 (0x01c93233) sltu    tp, s2, t3
core   0: 3 0x800089d8 (0x01c93233) x 4 0x00000001
core   0: 0x800089dc (0x00c62e33) slt     t3, a2, a2
core   0: 3 0x800089dc (0x00c62e33) x28 0x00000000
core   0: 0x800089e0 (0x03d36033) rem     zero, t1, t4
core   0: 3 0x800089e0 (0x03d36033)
core   0: 0x800089e4 (0xe8413393) sltiu   t2, sp, -380
core   0: 3 0x800089e4 (0xe8413393) x 7 0x00000001
core   0: 0x800089e8 (0x79793913) sltiu   s2, s2, 1943
core   0: 3 0x800089e8 (0x79793913) x18 0x00000001
core   0: 0x800089ec (0x40578ab3) sub     s5, a5, t0
core   0: 3 0x800089ec (0x40578ab3) x21 0x00000000
core   0: 0x800089f0 (0x008c9993) slli    s3, s9, 8
core   0: 3 0x800089f0 (0x008c9993) x19 0x2989a400
core   0: 0x800089f4 (0x7d8fa793) slti    a5, t6, 2008
core   0: 3 0x800089f4 (0x7d8fa793) x15 0x00000000
core   0: 0x800089f8 (0x000e1293) slli    t0, t3, 0
core   0: 3 0x800089f8 (0x000e1293) x 5 0x00000000
core   0: 0x800089fc (0x408e5993) srai    s3, t3, 8
core   0: 3 0x800089fc (0x408e5993) x19 0x00000000
core   0: 0x80008a00 (0x40148233) sub     tp, s1, ra
core   0: 3 0x80008a00 (0x40148233) x 4 0x003f8f3a
core   0: 0x80008a04 (0x03649733) mulh    a4, s1, s6
core   0: 3 0x80008a04 (0x03649733) x14 0xfffeb19f
core   0: 0x80008a08 (0x026fa8b3) mulhsu  a7, t6, t1
core   0: 3 0x80008a08 (0x026fa8b3) x17 0x0005397e
core   0: 0x80008a0c (0x03fa3033) mulhu   zero, s4, t6
core   0: 3 0x80008a0c (0x03fa3033)
core   0: 0x80008a10 (0x01c3e7b3) or      a5, t2, t3
core   0: 3 0x80008a10 (0x01c3e7b3) x15 0x00000001
core   0: 0x80008a14 (0x401f8d17) auipc   s10, 0x401f8
core   0: 3 0x80008a14 (0x401f8d17) x26 0xc0200a14
core   0: 0x80008a18 (0x031ef6b3) remu    a3, t4, a7
core   0: 3 0x80008a18 (0x031ef6b3) x13 0x00000001
core   0: 0x80008a1c (0xf2278e37) lui     t3, 0xf2278
core   0: 3 0x80008a1c (0xf2278e37) x28 0xf2278000
core   0: 0x80008a20 (0x886a3013) sltiu   zero, s4, -1914
core   0: 3 0x80008a20 (0x886a3013)
core   0: 0x80008a24 (0x015cc433) xor     s0, s9, s5
core   0: 3 0x80008a24 (0x015cc433) x 8 0x8a2989a4
core   0: 0x80008a28 (0x27d10f13) addi    t5, sp, 637
core   0: 3 0x80008a28 (0x27d10f13) x30 0x0000027d
core   0: 0x80008a2c (0x00000013) nop
core   0: 3 0x80008a2c (0x00000013)
core   0: 0x80008a30 (0x00613d33) sltu    s10, sp, t1
core   0: 3 0x80008a30 (0x00613d33) x26 0x00000001
core   0: 0x80008a34 (0x0bab2137) lui     sp, 0xbab2
core   0: 3 0x80008a34 (0x0bab2137) x 2 0x0bab2000
core   0: 0x80008a38 (0x00000013) nop
core   0: 3 0x80008a38 (0x00000013)
core   0: 0x80008a3c (0x01d99893) slli    a7, s3, 29
core   0: 3 0x80008a3c (0x01d99893) x17 0x00000000
core   0: 0x80008a40 (0x029fa933) mulhsu  s2, t6, s1
core   0: 3 0x80008a40 (0x029fa933) x18 0x00014e5f
core   0: 0x80008a44 (0x05868797) auipc   a5, 0x5868
core   0: 3 0x80008a44 (0x05868797) x15 0x85870a44
core   0: 0x80008a48 (0xf08f2e17) auipc   t3, 0xf08f2
core   0: 3 0x80008a48 (0xf08f2e17) x28 0x708faa48
core   0: 0x80008a4c (0x739a4113) xori    sp, s4, 1849
core   0: 3 0x80008a4c (0x739a4113) x 2 0x00000738
core   0: 0x80008a50 (0xd2e27c93) andi    s9, tp, -722
core   0: 3 0x80008a50 (0xd2e27c93) x25 0x003f8d2a
core   0: 0x80008a54 (0x01a3b633) sltu    a2, t2, s10
core   0: 3 0x80008a54 (0x01a3b633) x12 0x00000000
core   0: 0x80008a58 (0x03371db3) mulh    s11, a4, s3
core   0: 3 0x80008a58 (0x03371db3) x27 0x00000000
core   0: 0x80008a5c (0x01afd713) srli    a4, t6, 26
core   0: 3 0x80008a5c (0x01afd713) x14 0x0000001f
core   0: 0x80008a60 (0x031525b3) mulhsu  a1, a0, a7
core   0: 3 0x80008a60 (0x031525b3) x11 0x00000000
core   0: 0x80008a64 (0x41455133) sra     sp, a0, s4
core   0: 3 0x80008a64 (0x41455133) x 2 0xc0000000
core   0: 0x80008a68 (0x00dc6e33) or      t3, s8, a3
core   0: 3 0x80008a68 (0x00dc6e33) x28 0xfffff8f5
core   0: 0x80008a6c (0x020ae633) rem     a2, s5, zero
core   0: 3 0x80008a6c (0x020ae633) x12 0x00000000
core   0: 0x80008a70 (0x02ee0f33) mul     t5, t3, a4
core   0: 3 0x80008a70 (0x02ee0f33) x30 0xffff25ab
core   0: 0x80008a74 (0x149d8d13) addi    s10, s11, 329
core   0: 3 0x80008a74 (0x149d8d13) x26 0x00000149
core   0: 0x80008a78 (0x419f0eb3) sub     t4, t5, s9
core   0: 3 0x80008a78 (0x419f0eb3) x29 0xffbf9881
core   0: 0x80008a7c (0x0175cfb3) xor     t6, a1, s7
core   0: 3 0x80008a7c (0x0175cfb3) x31 0x004000a7
core   0: 0x80008a80 (0x0380ee33) rem     t3, ra, s8
core   0: 3 0x80008a80 (0x0380ee33) x28 0xfffffdbb
core   0: 0x80008a84 (0x01ef28b3) slt     a7, t5, t5
core   0: 3 0x80008a84 (0x01ef28b3) x17 0x00000000
core   0: 0x80008a88 (0x0a0f8093) addi    ra, t6, 160
core   0: 3 0x80008a88 (0x0a0f8093) x 1 0x00400147
core   0: 0x80008a8c (0x59db7c93) andi    s9, s6, 1437
core   0: 3 0x80008a8c (0x59db7c93) x25 0x00000404
core   0: 0x80008a90 (0x0245d933) divu    s2, a1, tp
core   0: 3 0x80008a90 (0x0245d933) x18 0x00000000
core   0: 0x80008a94 (0x3a814913) xori    s2, sp, 936
core   0: 3 0x80008a94 (0x3a814913) x18 0xc00003a8
core   0: 0x80008a98 (0xe06ffe97) auipc   t4, 0xe06ff
core   0: 3 0x80008a98 (0xe06ffe97) x29 0x60707a98
core   0: 0x80008a9c (0x03657fb3) remu    t6, a0, s6
core   0: 3 0x80008a9c (0x03657fb3) x31 0x80000000
core   0: 0x80008aa0 (0x33bd2893) slti    a7, s10, 827
core   0: 3 0x80008aa0 (0x33bd2893) x17 0x00000001
core   0: 0x80008aa4 (0xb7b4ee93) ori     t4, s1, -1157
core   0: 3 0x80008aa4 (0xb7b4ee93) x29 0xfffffffb
core   0: 0x80008aa8 (0x01bc1f33) sll     t5, s8, s11
core   0: 3 0x80008aa8 (0x01bc1f33) x30 0xfffff8f5
core   0: 0x80008aac (0x01ece433) or      s0, s9, t5
core   0: 3 0x80008aac (0x01ece433) x 8 0xfffffcf5
core   0: 0x80008ab0 (0x41ec5db3) sra     s11, s8, t5
core   0: 3 0x80008ab0 (0x41ec5db3) x27 0xffffffff
core   0: 0x80008ab4 (0x00ee1e13) slli    t3, t3, 14
core   0: 3 0x80008ab4 (0x00ee1e13) x28 0xff6ec000
core   0: 0x80008ab8 (0x026f70b3) remu    ra, t5, t1
core   0: 3 0x80008ab8 (0x026f70b3) x 1 0x0005dc15
core   0: 0x80008abc (0x4038d733) sra     a4, a7, gp
core   0: 3 0x80008abc (0x4038d733) x14 0x00000001
core   0: 0x80008ac0 (0x00dbd393) srli    t2, s7, 13
core   0: 3 0x80008ac0 (0x00dbd393) x 7 0x00000200
core   0: 0x80008ac4 (0x41f40033) sub     zero, s0, t6
core   0: 3 0x80008ac4 (0x41f40033)
core   0: 0x80008ac8 (0x00000013) nop
core   0: 3 0x80008ac8 (0x00000013)
core   0: 0x80008acc (0x03568133) mul     sp, a3, s5
core   0: 3 0x80008acc (0x03568133) x 2 0x00000000
core   0: 0x80008ad0 (0xb0d5dab7) lui     s5, 0xb0d5d
core   0: 3 0x80008ad0 (0xb0d5dab7) x21 0xb0d5d000
core   0: 0x80008ad4 (0x02b61233) mulh    tp, a2, a1
core   0: 3 0x80008ad4 (0x02b61233) x 4 0x00000000
core   0: 0x80008ad8 (0x030328b3) mulhsu  a7, t1, a6
core   0: 3 0x80008ad8 (0x030328b3) x17 0x000539a0
core   0: 0x80008adc (0x0088e1b3) or      gp, a7, s0
core   0: 3 0x80008adc (0x0088e1b3) x 3 0xfffffdf5
core   0: 0x80008ae0 (0x00addf13) srli    t5, s11, 10
core   0: 3 0x80008ae0 (0x00addf13) x30 0x003fffff
core   0: 0x80008ae4 (0x00abb7b3) sltu    a5, s7, a0
core   0: 3 0x80008ae4 (0x00abb7b3) x15 0x00000001
core   0: 0x80008ae8 (0xc069f713) andi    a4, s3, -1018
core   0: 3 0x80008ae8 (0xc069f713) x14 0x00000000
core   0: 0x80008aec (0x03d071b3) remu    gp, zero, t4
core   0: 3 0x80008aec (0x03d071b3) x 3 0x00000000
core   0: 0x80008af0 (0x001f22b3) slt     t0, t5, ra
core   0: 3 0x80008af0 (0x001f22b3) x 5 0x00000000
core   0: 0x80008af4 (0x00b62933) slt     s2, a2, a1
core   0: 3 0x80008af4 (0x00b62933) x18 0x00000000
core   0: 0x80008af8 (0x0074d413) srli    s0, s1, 7
core   0: 3 0x80008af8 (0x0074d413) x 8 0x00000539
core   0: 0x80008afc (0xc901a893) slti    a7, gp, -880
core   0: 3 0x80008afc (0xc901a893) x17 0x00000000
core   0: 0x80008b00 (0x0196e133) or      sp, a3, s9
core   0: 3 0x80008b00 (0x0196e133) x 2 0x00000405
core   0: 0x80008b04 (0x0188dc93) srli    s9, a7, 24
core   0: 3 0x80008b04 (0x0188dc93) x25 0x00000000
core   0: 0x80008b08 (0x34630113) addi    sp, t1, 838
core   0: 3 0x80008b08 (0x34630113) x 2 0x000a7666
core   0: 0x80008b0c (0x000171b3) and     gp, sp, zero
core   0: 3 0x80008b0c (0x000171b3) x 3 0x00000000
core   0: 0x80008b10 (0x015ed333) srl     t1, t4, s5
core   0: 3 0x80008b10 (0x015ed333) x 6 0xfffffffb
core   0: 0x80008b14 (0x72e83fb7) lui     t6, 0x72e83
core   0: 3 0x80008b14 (0x72e83fb7) x31 0x72e83000
core   0: 0x80008b18 (0x411186b3) sub     a3, gp, a7
core   0: 3 0x80008b18 (0x411186b3) x13 0x00000000
core   0: 0x80008b1c (0x41640ab3) sub     s5, s0, s6
core   0: 3 0x80008b1c (0x41640ab3) x21 0x7ffeb6d5
core   0: 0x80008b20 (0x00595c13) srli    s8, s2, 5
core   0: 3 0x80008b20 (0x00595c13) x24 0x00000000
core   0: 0x80008b24 (0x03c92db3) mulhsu  s11, s2, t3
core   0: 3 0x80008b24 (0x03c92db3) x27 0x00000000
core   0: 0x80008b28 (0x03adafb3) mulhsu  t6, s11, s10
core   0: 3 0x80008b28 (0x03adafb3) x31 0x00000000
core   0: 0x80008b2c (0x01aea0b3) slt     ra, t4, s10
core   0: 3 0x80008b2c (0x01aea0b3) x 1 0x00000001
core   0: 0x80008b30 (0x02e9f233) remu    tp, s3, a4
core   0: 3 0x80008b30 (0x02e9f233) x 4 0x00000000
core   0: 0x80008b34 (0x00b89c93) slli    s9, a7, 11
core   0: 3 0x80008b34 (0x00b89c93) x25 0x00000000
core   0: 0x80008b38 (0x027a5ab3) divu    s5, s4, t2
core   0: 3 0x80008b38 (0x027a5ab3) x21 0x00000000
core   0: 0x80008b3c (0x02d071b3) remu    gp, zero, a3
core   0: 3 0x80008b3c (0x02d071b3) x 3 0x00000000
core   0: 0x80008b40 (0x411d8db3) sub     s11, s11, a7
core   0: 3 0x80008b40 (0x411d8db3) x27 0x00000000
core   0: 0x80008b44 (0x025855b3) divu    a1, a6, t0
core   0: 3 0x80008b44 (0x025855b3) x11 0xffffffff
core   0: 0x80008b48 (0x2a0c2913) slti    s2, s8, 672
core   0: 3 0x80008b48 (0x2a0c2913) x18 0x00000001
core   0: 0x80008b4c (0x01fd1233) sll     tp, s10, t6
core   0: 3 0x80008b4c (0x01fd1233) x 4 0x00000149
core   0: 0x80008b50 (0xa2b83f93) sltiu   t6, a6, -1493
core   0: 3 0x80008b50 (0xa2b83f93) x31 0x00000001
core   0: 0x80008b54 (0xf142a113) slti    sp, t0, -236
core   0: 3 0x80008b54 (0xf142a113) x 2 0x00000000
core   0: 0x80008b58 (0x0003cd33) xor     s10, t2, zero
core   0: 3 0x80008b58 (0x0003cd33) x26 0x00000200
core   0: 0x80008b5c (0x01558333) add     t1, a1, s5
core   0: 3 0x80008b5c (0x01558333) x 6 0xffffffff
core   0: 0x80008b60 (0x02752eb3) mulhsu  t4, a0, t2
core   0: 3 0x80008b60 (0x02752eb3) x29 0xffffff00
core   0: 0x80008b64 (0x80768113) addi    sp, a3, -2041
core   0: 3 0x80008b64 (0x80768113) x 2 0xfffff807
core   0: 0x80008b68 (0x418d5db3) sra     s11, s10, s8
core   0: 3 0x80008b68 (0x418d5db3) x27 0x00000200
core   0: 0x80008b6c (0x005f5a93) srli    s5, t5, 5
core   0: 3 0x80008b6c (0x005f5a93) x21 0x0001ffff
core   0: 0x80008b70 (0x406b5213) srai    tp, s6, 6
core   0: 3 0x80008b70 (0x406b5213) x 4 0xfe000539
core   0: 0x80008b74 (0x022097b3) mulh    a5, ra, sp
core   0: 3 0x80008b74 (0x022097b3) x15 0xffffffff
core   0: 0x80008b78 (0x030271b3) remu    gp, tp, a6
core   0: 3 0x80008b78 (0x030271b3) x 3 0x7dfe7855
core   0: 0x80008b7c (0xca684c93) xori    s9, a6, -858
core   0: 3 0x80008b7c (0xca684c93) x25 0x7ffe7042
core   0: 0x80008b80 (0xb81d3993) sltiu   s3, s10, -1151
core   0: 3 0x80008b80 (0xb81d3993) x19 0x00000001
core   0: 0x80008b84 (0xe9033713) sltiu   a4, t1, -368
core   0: 3 0x80008b84 (0xe9033713) x14 0x00000000
core   0: 0x80008b88 (0xdcb25017) auipc   zero, 0xdcb25
core   0: 3 0x80008b88 (0xdcb25017)
core   0: 0x80008b8c (0x00000013) nop
core   0: 3 0x80008b8c (0x00000013)
core   0: 0x80008b90 (0x6afbf413) andi    s0, s7, 1711
core   0: 3 0x80008b90 (0x6afbf413) x 8 0x000000a7
core   0: 0x80008b94 (0x0110b233) sltu    tp, ra, a7
core   0: 3 0x80008b94 (0x0110b233) x 4 0x00000000
core   0: 0x80008b98 (0x031757b3) divu    a5, a4, a7
core   0: 3 0x80008b98 (0x031757b3) x15 0xffffffff
core   0: 0x80008b9c (0x02fc8433) mul     s0, s9, a5
core   0: 3 0x80008b9c (0x02fc8433) x 8 0x80018fbe
core   0: 0x80008ba0 (0x6473f2b7) lui     t0, 0x6473f
core   0: 3 0x80008ba0 (0x6473f2b7) x 5 0x6473f000
core   0: 0x80008ba4 (0x00071a33) sll     s4, a4, zero
core   0: 3 0x80008ba4 (0x00071a33) x20 0x00000000
core   0: 0x80008ba8 (0x6c60ac93) slti    s9, ra, 1734
core   0: 3 0x80008ba8 (0x6c60ac93) x25 0x00000001
core   0: 0x80008bac (0x0090d313) srli    t1, ra, 9
core   0: 3 0x80008bac (0x0090d313) x 6 0x00000000
core   0: 0x80008bb0 (0x031db2b3) mulhu   t0, s11, a7
core   0: 3 0x80008bb0 (0x031db2b3) x 5 0x00000000
core   0: 0x80008bb4 (0x0354c9b3) div     s3, s1, s5
core   0: 3 0x80008bb4 (0x0354c9b3) x19 0x00000001
core   0: 0x80008bb8 (0xa49cbf13) sltiu   t5, s9, -1463
core   0: 3 0x80008bb8 (0xa49cbf13) x30 0x00000001
core   0: 0x80008bbc (0x00023cb3) sltu    s9, tp, zero
core   0: 3 0x80008bbc (0x00023cb3) x25 0x00000000
core   0: 0x80008bc0 (0x4f7f2e17) auipc   t3, 0x4f7f2
core   0: 3 0x80008bc0 (0x4f7f2e17) x28 0xcf7fabc0
core   0: 0x80008bc4 (0x02fc3333) mulhu   t1, s8, a5
core   0: 3 0x80008bc4 (0x02fc3333) x 6 0x00000000
core   0: 0x80008bc8 (0x015f4233) xor     tp, t5, s5
core   0: 3 0x80008bc8 (0x015f4233) x 4 0x0001fffe
core   0: 0x80008bcc (0x41990733) sub     a4, s2, s9
core   0: 3 0x80008bcc (0x41990733) x14 0x00000001
core   0: 0x80008bd0 (0x01711233) sll     tp, sp, s7
core   0: 3 0x80008bd0 (0x01711233) x 4 0xfffc0380
core   0: 0x80008bd4 (0x03c631b3) mulhu   gp, a2, t3
core   0: 3 0x80008bd4 (0x03c631b3) x 3 0x00000000
core   0: 0x80008bd8 (0x00000013) nop
core   0: 3 0x80008bd8 (0x00000013)
core   0: 0x80008bdc (0x81b63ab7) lui     s5, 0x81b63
core   0: 3 0x80008bdc (0x81b63ab7) x21 0x81b63000
core   0: 0x80008be0 (0x00cc6733) or      a4, s8, a2
core   0: 3 0x80008be0 (0x00cc6733) x14 0x00000000
core   0: 0x80008be4 (0x00306d33) or      s10, zero, gp
core   0: 3 0x80008be4 (0x00306d33) x26 0x00000000
core   0: 0x80008be8 (0x01582733) slt     a4, a6, s5
core   0: 3 0x80008be8 (0x01582733) x14 0x00000001
core   0: 0x80008bec (0x66072d17) auipc   s10, 0x66072
core   0: 3 0x80008bec (0x66072d17) x26 0xe607abec
core   0: 0x80008bf0 (0x67ec9617) auipc   a2, 0x67ec9
core   0: 3 0x80008bf0 (0x67ec9617) x12 0xe7ed1bf0
core   0: 0x80008bf4 (0x03d92d33) mulhsu  s10, s2, t4
core   0: 3 0x80008bf4 (0x03d92d33) x26 0x00000000
core   0: 0x80008bf8 (0x035f47b3) div     a5, t5, s5
core   0: 3 0x80008bf8 (0x035f47b3) x15 0x00000000
core   0: 0x80008bfc (0x0391da33) divu    s4, gp, s9
core   0: 3 0x80008bfc (0x0391da33) x20 0xffffffff
core   0: 0x80008c00 (0x005c1cb3) sll     s9, s8, t0
core   0: 3 0x80008c00 (0x005c1cb3) x25 0x00000000
core   0: 0x80008c04 (0x00691993) slli    s3, s2, 6
core   0: 3 0x80008c04 (0x00691993) x19 0x00000040
core   0: 0x80008c08 (0x0136d493) srli    s1, a3, 19
core   0: 3 0x80008c08 (0x0136d493) x 9 0x00000000
core   0: 0x80008c0c (0x02690cb3) mul     s9, s2, t1
core   0: 3 0x80008c0c (0x02690cb3) x25 0x00000000
core   0: 0x80008c10 (0x240af037) lui     zero, 0x240af
core   0: 3 0x80008c10 (0x240af037)
core   0: 0x80008c14 (0x8cd3f213) andi    tp, t2, -1843
core   0: 3 0x80008c14 (0x8cd3f213) x 4 0x00000000
core   0: 0x80008c18 (0xfd4e7d93) andi    s11, t3, -44
core   0: 3 0x80008c18 (0xfd4e7d93) x27 0xcf7fabc0
core   0: 0x80008c1c (0x0210cfb3) div     t6, ra, ra
core   0: 3 0x80008c1c (0x0210cfb3) x31 0x00000001
core   0: 0x80008c20 (0x413e5c13) srai    s8, t3, 19
core   0: 3 0x80008c20 (0x413e5c13) x24 0xfffff9ef
core   0: 0x80008c24 (0x03239c33) mulh    s8, t2, s2
core   0: 3 0x80008c24 (0x03239c33) x24 0x00000000
core   0: 0x80008c28 (0x0066de93) srli    t4, a3, 6
core   0: 3 0x80008c28 (0x0066de93) x29 0x00000000
core   0: 0x80008c2c (0x829d0c13) addi    s8, s10, -2007
core   0: 3 0x80008c2c (0x829d0c13) x24 0xfffff829
core   0: 0x80008c30 (0x40e95c13) srai    s8, s2, 14
core   0: 3 0x80008c30 (0x40e95c13) x24 0x00000000
core   0: 0x80008c34 (0x00ddd413) srli    s0, s11, 13
core   0: 3 0x80008c34 (0x00ddd413) x 8 0x00067bfd
core   0: 0x80008c38 (0x013c5093) srli    ra, s8, 19
core   0: 3 0x80008c38 (0x013c5093) x 1 0x00000000
core   0: 0x80008c3c (0x231e3613) sltiu   a2, t3, 561
core   0: 3 0x80008c3c (0x231e3613) x12 0x00000000
core   0: 0x80008c40 (0x54053593) sltiu   a1, a0, 1344
core   0: 3 0x80008c40 (0x54053593) x11 0x00000000
core   0: 0x80008c44 (0x007d1593) slli    a1, s10, 7
core   0: 3 0x80008c44 (0x007d1593) x11 0x00000000
core   0: 0x80008c48 (0x41f1d413) srai    s0, gp, 31
core   0: 3 0x80008c48 (0x41f1d413) x 8 0x00000000
core   0: 0x80008c4c (0x00c6d593) srli    a1, a3, 12
core   0: 3 0x80008c4c (0x00c6d593) x11 0x00000000
core   0: 0x80008c50 (0x03aaf3b3) remu    t2, s5, s10
core   0: 3 0x80008c50 (0x03aaf3b3) x 7 0x81b63000
core   0: 0x80008c54 (0x019f9a93) slli    s5, t6, 25
core   0: 3 0x80008c54 (0x019f9a93) x21 0x02000000
core   0: 0x80008c58 (0x40bd03b3) sub     t2, s10, a1
core   0: 3 0x80008c58 (0x40bd03b3) x 7 0x00000000
core   0: 0x80008c5c (0x0126ea33) or      s4, a3, s2
core   0: 3 0x80008c5c (0x0126ea33) x20 0x00000001
core   0: 0x80008c60 (0x0045c7b3) xor     a5, a1, tp
core   0: 3 0x80008c60 (0x0045c7b3) x15 0x00000000
core   0: 0x80008c64 (0x0124a7b3) slt     a5, s1, s2
core   0: 3 0x80008c64 (0x0124a7b3) x15 0x00000001
core   0: 0x80008c68 (0x015a00b3) add     ra, s4, s5
core   0: 3 0x80008c68 (0x015a00b3) x 1 0x02000001
core   0: 0x80008c6c (0x033cdd33) divu    s10, s9, s3
core   0: 3 0x80008c6c (0x033cdd33) x26 0x00000000
core   0: 0x80008c70 (0x01c69f13) slli    t5, a3, 28
core   0: 3 0x80008c70 (0x01c69f13) x30 0x00000000
core   0: 0x80008c74 (0x0396ebb3) rem     s7, a3, s9
core   0: 3 0x80008c74 (0x0396ebb3) x23 0x00000000
core   0: 0x80008c78 (0x0285f6b3) remu    a3, a1, s0
core   0: 3 0x80008c78 (0x0285f6b3) x13 0x00000000
core   0: 0x80008c7c (0x019d5093) srli    ra, s10, 25
core   0: 3 0x80008c7c (0x019d5093) x 1 0x00000000
core   0: 0x80008c80 (0x01dcdf93) srli    t6, s9, 29
core   0: 3 0x80008c80 (0x01dcdf93) x31 0x00000000
core   0: 0x80008c84 (0x01d89013) slli    zero, a7, 29
core   0: 3 0x80008c84 (0x01d89013)
core   0: 0x80008c88 (0x015885b3) add     a1, a7, s5
core   0: 3 0x80008c88 (0x015885b3) x11 0x02000000
core   0: 0x80008c8c (0x0c0e0f37) lui     t5, 0xc0e0
core   0: 3 0x80008c8c (0x0c0e0f37) x30 0x0c0e0000
core   0: 0x80008c90 (0xc73bb713) sltiu   a4, s7, -909
core   0: 3 0x80008c90 (0xc73bb713) x14 0x00000001
core   0: 0x80008c94 (0x03e1da33) divu    s4, gp, t5
core   0: 3 0x80008c94 (0x03e1da33) x20 0x00000000
core   0: 0x80008c98 (0x00b066b3) or      a3, zero, a1
core   0: 3 0x80008c98 (0x00b066b3) x13 0x02000000
core   0: 0x80008c9c (0x00c4d1b3) srl     gp, s1, a2
core   0: 3 0x80008c9c (0x00c4d1b3) x 3 0x00000000
core   0: 0x80008ca0 (0x00cfd213) srli    tp, t6, 12
core   0: 3 0x80008ca0 (0x00cfd213) x 4 0x00000000
core   0: 0x80008ca4 (0x019bd213) srli    tp, s7, 25
core   0: 3 0x80008ca4 (0x019bd213) x 4 0x00000000
core   0: 0x80008ca8 (0x2cf20113) addi    sp, tp, 719
core   0: 3 0x80008ca8 (0x2cf20113) x 2 0x000002cf
core   0: 0x80008cac (0x024ce233) rem     tp, s9, tp
core   0: 3 0x80008cac (0x024ce233) x 4 0x00000000
core   0: 0x80008cb0 (0xac01c613) xori    a2, gp, -1344
core   0: 3 0x80008cb0 (0xac01c613) x12 0xfffffac0
core   0: 0x80008cb4 (0x007071b3) and     gp, zero, t2
core   0: 3 0x80008cb4 (0x007071b3) x 3 0x00000000
core   0: 0x80008cb8 (0x006cd993) srli    s3, s9, 6
core   0: 3 0x80008cb8 (0x006cd993) x19 0x00000000
core   0: 0x80008cbc (0x417fda33) sra     s4, t6, s7
core   0: 3 0x80008cbc (0x417fda33) x20 0x00000000
core   0: 0x80008cc0 (0x43757013) andi    zero, a0, 1079
core   0: 3 0x80008cc0 (0x43757013)
core   0: 0x80008cc4 (0x017c92b3) sll     t0, s9, s7
core   0: 3 0x80008cc4 (0x017c92b3) x 5 0x00000000
core   0: 0x80008cc8 (0x25eeed13) ori     s10, t4, 606
core   0: 3 0x80008cc8 (0x25eeed13) x26 0x0000025e
core   0: 0x80008ccc (0x033aa233) mulhsu  tp, s5, s3
core   0: 3 0x80008ccc (0x033aa233) x 4 0x00000000
core   0: 0x80008cd0 (0x01142cb3) slt     s9, s0, a7
core   0: 3 0x80008cd0 (0x01142cb3) x25 0x00000000
core   0: 0x80008cd4 (0x02de3e33) mulhu   t3, t3, a3
core   0: 3 0x80008cd4 (0x02de3e33) x28 0x019eff57
core   0: 0x80008cd8 (0x0082b8b3) sltu    a7, t0, s0
core   0: 3 0x80008cd8 (0x0082b8b3) x17 0x00000000
core   0: 0x80008cdc (0x0105bcb3) sltu    s9, a1, a6
core   0: 3 0x80008cdc (0x0105bcb3) x25 0x00000001
core   0: 0x80008ce0 (0x01851e93) slli    t4, a0, 24
core   0: 3 0x80008ce0 (0x01851e93) x29 0x00000000
core   0: 0x80008ce4 (0x9ece3413) sltiu   s0, t3, -1556
core   0: 3 0x80008ce4 (0x9ece3413) x 8 0x00000001
core   0: 0x80008ce8 (0x01565093) srli    ra, a2, 21
core   0: 3 0x80008ce8 (0x01565093) x 1 0x000007ff
core   0: 0x80008cec (0xb8729637) lui     a2, 0xb8729
core   0: 3 0x80008cec (0xb8729637) x12 0xb8729000
core   0: 0x80008cf0 (0x0012b5b3) sltu    a1, t0, ra
core   0: 3 0x80008cf0 (0x0012b5b3) x11 0x00000001
core   0: 0x80008cf4 (0x020f2bb3) mulhsu  s7, t5, zero
core   0: 3 0x80008cf4 (0x020f2bb3) x23 0x00000000
core   0: 0x80008cf8 (0x020b7033) remu    zero, s6, zero
core   0: 3 0x80008cf8 (0x020b7033)
core   0: 0x80008cfc (0xb2bafb93) andi    s7, s5, -1237
core   0: 3 0x80008cfc (0xb2bafb93) x23 0x02000000
core   0: 0x80008d00 (0x02b9b3b3) mulhu   t2, s3, a1
core   0: 3 0x80008d00 (0x02b9b3b3) x 7 0x00000000
core   0: 0x80008d04 (0x010276b3) and     a3, tp, a6
core   0: 3 0x80008d04 (0x010276b3) x13 0x00000000
core   0: 0x80008d08 (0x497ce913) ori     s2, s9, 1175
core   0: 3 0x80008d08 (0x497ce913) x18 0x00000497
core   0: 0x80008d0c (0x020db7b3) mulhu   a5, s11, zero
core   0: 3 0x80008d0c (0x020db7b3) x15 0x00000000
core   0: 0x80008d10 (0x6d967313) andi    t1, a2, 1753
core   0: 3 0x80008d10 (0x6d967313) x 6 0x00000000
core   0: 0x80008d14 (0x86457eb7) lui     t4, 0x86457
core   0: 3 0x80008d14 (0x86457eb7) x29 0x86457000
core   0: 0x80008d18 (0xc12fa113) slti    sp, t6, -1006
core   0: 3 0x80008d18 (0xc12fa113) x 2 0x00000000
core   0: 0x80008d1c (0x009897b3) sll     a5, a7, s1
core   0: 3 0x80008d1c (0x009897b3) x15 0x00000000
core   0: 0x80008d20 (0x00000013) nop
core   0: 3 0x80008d20 (0x00000013)
core   0: 0x80008d24 (0x7845feb7) lui     t4, 0x7845f
core   0: 3 0x80008d24 (0x7845feb7) x29 0x7845f000
core   0: 0x80008d28 (0xca6bed97) auipc   s11, 0xca6be
core   0: 3 0x80008d28 (0xca6bed97) x27 0x4a6c6d28
core   0: 0x80008d2c (0x0aa03493) sltiu   s1, zero, 170
core   0: 3 0x80008d2c (0x0aa03493) x 9 0x00000001
core   0: 0x80008d30 (0x03666cb3) rem     s9, a2, s6
core   0: 3 0x80008d30 (0x03666cb3) x25 0xb8729000
core   0: 0x80008d34 (0x2ec81697) auipc   a3, 0x2ec81
core   0: 3 0x80008d34 (0x2ec81697) x13 0xaec89d34
core   0: 0x80008d38 (0x035ded33) rem     s10, s11, s5
core   0: 3 0x80008d38 (0x035ded33) x26 0x006c6d28
core   0: 0x80008d3c (0x005049b3) xor     s3, zero, t0
core   0: 3 0x80008d3c (0x005049b3) x19 0x00000000
core   0: 0x80008d40 (0x0228dab3) divu    s5, a7, sp
core   0: 3 0x80008d40 (0x0228dab3) x21 0xffffffff
core   0: 0x80008d44 (0x41ed5c93) srai    s9, s10, 30
core   0: 3 0x80008d44 (0x41ed5c93) x25 0x00000000
core   0: 0x80008d48 (0x03fbb8b3) mulhu   a7, s7, t6
core   0: 3 0x80008d48 (0x03fbb8b3) x17 0x00000000
core   0: 0x80008d4c (0xb6440013) addi    zero, s0, -1180
core   0: 3 0x80008d4c (0xb6440013)
core   0: 0x80008d50 (0x2e5aaa93) slti    s5, s5, 741
core   0: 3 0x80008d50 (0x2e5aaa93) x21 0x00000001
core   0: 0x80008d54 (0x03a1f933) remu    s2, gp, s10
core   0: 3 0x80008d54 (0x03a1f933) x18 0x00000000
core   0: 0x80008d58 (0x00d1c433) xor     s0, gp, a3
core   0: 3 0x80008d58 (0x00d1c433) x 8 0xaec89d34
core   0: 0x80008d5c (0xb875a737) lui     a4, 0xb875a
core   0: 3 0x80008d5c (0xb875a737) x14 0xb875a000
core   0: 0x80008d60 (0x8ad43913) sltiu   s2, s0, -1875
core   0: 3 0x80008d60 (0x8ad43913) x18 0x00000001
core   0: 0x80008d64 (0x0201e8b3) rem     a7, gp, zero
core   0: 3 0x80008d64 (0x0201e8b3) x17 0x00000000
core   0: 0x80008d68 (0x4c5d4a97) auipc   s5, 0x4c5d4
core   0: 3 0x80008d68 (0x4c5d4a97) x21 0xcc5dcd68
core   0: 0x80008d6c (0x6d57b4b7) lui     s1, 0x6d57b
core   0: 3 0x80008d6c (0x6d57b4b7) x 9 0x6d57b000
core   0: 0x80008d70 (0xa9fcf393) andi    t2, s9, -1377
core   0: 3 0x80008d70 (0xa9fcf393) x 7 0x00000000
core   0: 0x80008d74 (0x03ef5a33) divu    s4, t5, t5
core   0: 3 0x80008d74 (0x03ef5a33) x20 0x00000001
core   0: 0x80008d78 (0xff182613) slti    a2, a6, -15
core   0: 3 0x80008d78 (0xff182613) x12 0x00000001
core   0: 0x80008d7c (0x40ab0e33) sub     t3, s6, a0
core   0: 3 0x80008d7c (0x40ab0e33) x28 0x00014e64
core   0: 0x80008d80 (0x97e74f13) xori    t5, a4, -1666
core   0: 3 0x80008d80 (0x97e74f13) x30 0x478a597e
core   0: 0x80008d84 (0xc13b4d13) xori    s10, s6, -1005
core   0: 3 0x80008d84 (0xc13b4d13) x26 0x7ffeb277
core   0: 0x80008d88 (0x000fe933) or      s2, t6, zero
core   0: 3 0x80008d88 (0x000fe933) x18 0x00000000
core   0: 0x80008d8c (0x00000013) nop
core   0: 3 0x80008d8c (0x00000013)
core   0: 0x80008d90 (0x00a75f33) srl     t5, a4, a0
core   0: 3 0x80008d90 (0x00a75f33) x30 0xb875a000
core   0: 0x80008d94 (0x00484433) xor     s0, a6, tp
core   0: 3 0x80008d94 (0x00484433) x 8 0x80018ce4
core   0: 0x80008d98 (0xf8df0c93) addi    s9, t5, -115
core   0: 3 0x80008d98 (0xf8df0c93) x25 0xb8759f8d
core   0: 0x80008d9c (0x01cb5313) srli    t1, s6, 28
core   0: 3 0x80008d9c (0x01cb5313) x 6 0x00000008
core   0: 0x80008da0 (0x01f31733) sll     a4, t1, t6
core   0: 3 0x80008da0 (0x01f31733) x14 0x00000008
core   0: 0x80008da4 (0x840cb293) sltiu   t0, s9, -1984
core   0: 3 0x80008da4 (0x840cb293) x 5 0x00000001
core   0: 0x80008da8 (0x01671293) slli    t0, a4, 22
core   0: 3 0x80008da8 (0x01671293) x 5 0x02000000
core   0: 0x80008dac (0x96a03193) sltiu   gp, zero, -1686
core   0: 3 0x80008dac (0x96a03193) x 3 0x00000001
core   0: 0x80008db0 (0x40218733) sub     a4, gp, sp
core   0: 3 0x80008db0 (0x40218733) x14 0x00000001
core   0: 0x80008db4 (0x0286d5b3) divu    a1, a3, s0
core   0: 3 0x80008db4 (0x0286d5b3) x11 0x00000001
core   0: 0x80008db8 (0x85b86e37) lui     t3, 0x85b86
core   0: 3 0x80008db8 (0x85b86e37) x28 0x85b86000
core   0: 0x80008dbc (0x9757e693) ori     a3, a5, -1675
core   0: 3 0x80008dbc (0x9757e693) x13 0xfffff975
core   0: 0x80008dc0 (0x038183b3) mul     t2, gp, s8
core   0: 3 0x80008dc0 (0x038183b3) x 7 0x00000000
core   0: 0x80008dc4 (0x02f51633) mulh    a2, a0, a5
core   0: 3 0x80008dc4 (0x02f51633) x12 0x00000000
core   0: 0x80008dc8 (0x265865b7) lui     a1, 0x26586
core   0: 3 0x80008dc8 (0x265865b7) x11 0x26586000
core   0: 0x80008dcc (0x039b98b3) mulh    a7, s7, s9
core   0: 3 0x80008dcc (0x039b98b3) x17 0xff70eb3f
core   0: 0x80008dd0 (0x01933f33) sltu    t5, t1, s9
core   0: 3 0x80008dd0 (0x01933f33) x30 0x00000001
core   0: 0x80008dd4 (0x02f25733) divu    a4, tp, a5
core   0: 3 0x80008dd4 (0x02f25733) x14 0xffffffff
core   0: 0x80008dd8 (0x40dc8933) sub     s2, s9, a3
core   0: 3 0x80008dd8 (0x40dc8933) x18 0xb875a618
core   0: 0x80008ddc (0xed934313) xori    t1, t1, -295
core   0: 3 0x80008ddc (0xed934313) x 6 0xfffffed1
core   0: 0x80008de0 (0x039bf733) remu    a4, s7, s9
core   0: 3 0x80008de0 (0x039bf733) x14 0x02000000
core   0: 0x80008de4 (0x78efcf13) xori    t5, t6, 1934
core   0: 3 0x80008de4 (0x78efcf13) x30 0x0000078e
core   0: 0x80008de8 (0x023d9eb3) mulh    t4, s11, gp
core   0: 3 0x80008de8 (0x023d9eb3) x29 0x00000000
core   0: 0x80008dec (0x03e61e33) mulh    t3, a2, t5
core   0: 3 0x80008dec (0x03e61e33) x28 0x00000000
core   0: 0x80008df0 (0x00c4bcb3) sltu    s9, s1, a2
core   0: 3 0x80008df0 (0x00c4bcb3) x25 0x00000000
core   0: 0x80008df4 (0x0289dbb3) divu    s7, s3, s0
core   0: 3 0x80008df4 (0x0289dbb3) x23 0x00000000
core   0: 0x80008df8 (0x00b80c33) add     s8, a6, a1
core   0: 3 0x80008df8 (0x00b80c33) x24 0xa659ece4
core   0: 0x80008dfc (0x4999eb93) ori     s7, s3, 1177
core   0: 3 0x80008dfc (0x4999eb93) x23 0x00000499
core   0: 0x80008e00 (0x012db733) sltu    a4, s11, s2
core   0: 3 0x80008e00 (0x012db733) x14 0x00000001
core   0: 0x80008e04 (0xb5382913) slti    s2, a6, -1197
core   0: 3 0x80008e04 (0xb5382913) x18 0x00000001
core   0: 0x80008e08 (0x01fcd093) srli    ra, s9, 31
core   0: 3 0x80008e08 (0x01fcd093) x 1 0x00000000
core   0: 0x80008e0c (0x6518ef97) auipc   t6, 0x6518e
core   0: 3 0x80008e0c (0x6518ef97) x31 0xe5196e0c
core   0: 0x80008e10 (0x00a21033) sll     zero, tp, a0
core   0: 3 0x80008e10 (0x00a21033)
core   0: 0x80008e14 (0x00b9f033) and     zero, s3, a1
core   0: 3 0x80008e14 (0x00b9f033)
core   0: 0x80008e18 (0x02a79f33) mulh    t5, a5, a0
core   0: 3 0x80008e18 (0x02a79f33) x30 0x00000000
core   0: 0x80008e1c (0x40f45e13) srai    t3, s0, 15
core   0: 3 0x80008e1c (0x40f45e13) x28 0xffff0003
core   0: 0x80008e20 (0x00db5293) srli    t0, s6, 13
core   0: 3 0x80008e20 (0x00db5293) x 5 0x0004000a
core   0: 0x80008e24 (0x016bb033) sltu    zero, s7, s6
core   0: 3 0x80008e24 (0x016bb033)
core   0: 0x80008e28 (0x01db5733) srl     a4, s6, t4
core   0: 3 0x80008e28 (0x01db5733) x14 0x80014e64
core   0: 0x80008e2c (0x017b50b3) srl     ra, s6, s7
core   0: 3 0x80008e2c (0x017b50b3) x 1 0x00000040
core   0: 0x80008e30 (0x29c85697) auipc   a3, 0x29c85
core   0: 3 0x80008e30 (0x29c85697) x13 0xa9c8de30
core   0: 0x80008e34 (0x0007de33) srl     t3, a5, zero
core   0: 3 0x80008e34 (0x0007de33) x28 0x00000000
core   0: 0x80008e38 (0x64bfa013) slti    zero, t6, 1611
core   0: 3 0x80008e38 (0x64bfa013)
core   0: 0x80008e3c (0x4028d013) srai    zero, a7, 2
core   0: 3 0x80008e3c (0x4028d013)
core   0: 0x80008e40 (0x0347e9b3) rem     s3, a5, s4
core   0: 3 0x80008e40 (0x0347e9b3) x19 0x00000000
core   0: 0x80008e44 (0x0114b433) sltu    s0, s1, a7
core   0: 3 0x80008e44 (0x0114b433) x 8 0x00000001
core   0: 0x80008e48 (0x02ec37b3) mulhu   a5, s8, a4
core   0: 3 0x80008e48 (0x02ec37b3) x15 0x532dcfbc
core   0: 0x80008e4c (0x01258db3) add     s11, a1, s2
core   0: 3 0x80008e4c (0x01258db3) x27 0x26586001
core   0: 0x80008e50 (0x4140f8b7) lui     a7, 0x4140f
core   0: 3 0x80008e50 (0x4140f8b7) x17 0x4140f000
core   0: 0x80008e54 (0xacecbd93) sltiu   s11, s9, -1330
core   0: 3 0x80008e54 (0xacecbd93) x27 0x00000001
core   0: 0x80008e58 (0x032e31b3) mulhu   gp, t3, s2
core   0: 3 0x80008e58 (0x032e31b3) x 3 0x00000000
core   0: 0x80008e5c (0x4017d393) srai    t2, a5, 1
core   0: 3 0x80008e5c (0x4017d393) x 7 0x2996e7de
core   0: 0x80008e60 (0x40f75db3) sra     s11, a4, a5
core   0: 3 0x80008e60 (0x40f75db3) x27 0xfffffff8
core   0: 0x80008e64 (0x03ff9933) mulh    s2, t6, t6
core   0: 3 0x80008e64 (0x03ff9933) x18 0x02d3a550
core   0: 0x80008e68 (0x027efa33) remu    s4, t4, t2
core   0: 3 0x80008e68 (0x027efa33) x20 0x00000000
core   0: 0x80008e6c (0x02c37333) remu    t1, t1, a2
core   0: 3 0x80008e6c (0x02c37333) x 6 0xfffffed1
core   0: 0x80008e70 (0x02220d33) mul     s10, tp, sp
core   0: 3 0x80008e70 (0x02220d33) x26 0x00000000
core   0: 0x80008e74 (0x017aadb3) slt     s11, s5, s7
core   0: 3 0x80008e74 (0x017aadb3) x27 0x00000001
core   0: 0x80008e78 (0x022565b3) rem     a1, a0, sp
core   0: 3 0x80008e78 (0x022565b3) x11 0x80000000
core   0: 0x80008e7c (0x32707b93) andi    s7, zero, 807
core   0: 3 0x80008e7c (0x32707b93) x23 0x00000000
core   0: 0x80008e80 (0x40875db3) sra     s11, a4, s0
core   0: 3 0x80008e80 (0x40875db3) x27 0xc000a732
core   0: 0x80008e84 (0x0004d113) srli    sp, s1, 0
core   0: 3 0x80008e84 (0x0004d113) x 2 0x6d57b000
core   0: 0x80008e88 (0x0111ef33) or      t5, gp, a7
core   0: 3 0x80008e88 (0x0111ef33) x30 0x4140f000
core   0: 0x80008e8c (0xefc8a013) slti    zero, a7, -260
core   0: 3 0x80008e8c (0xefc8a013)
core   0: 0x80008e90 (0x6a4b2917) auipc   s2, 0x6a4b2
core   0: 3 0x80008e90 (0x6a4b2917) x18 0xea4bae90
core   0: 0x80008e94 (0x0262c3b3) div     t2, t0, t1
core   0: 3 0x80008e94 (0x0262c3b3) x 7 0xfffffc9f
core   0: 0x80008e98 (0x41f5d013) srai    zero, a1, 31
core   0: 3 0x80008e98 (0x41f5d013)
core   0: 0x80008e9c (0x010e9a13) slli    s4, t4, 16
core   0: 3 0x80008e9c (0x010e9a13) x20 0x00000000
core   0: 0x80008ea0 (0x0153f033) and     zero, t2, s5
core   0: 3 0x80008ea0 (0x0153f033)
core   0: 0x80008ea4 (0xc7e12893) slti    a7, sp, -898
core   0: 3 0x80008ea4 (0xc7e12893) x17 0x00000000
core   0: 0x80008ea8 (0x02222233) mulhsu  tp, tp, sp
core   0: 3 0x80008ea8 (0x02222233) x 4 0x00000000
core   0: 0x80008eac (0x018218b3) sll     a7, tp, s8
core   0: 3 0x80008eac (0x018218b3) x17 0x00000000
core   0: 0x80008eb0 (0x4889be93) sltiu   t4, s3, 1160
core   0: 3 0x80008eb0 (0x4889be93) x29 0x00000001
core   0: 0x80008eb4 (0xc8c98413) addi    s0, s3, -884
core   0: 3 0x80008eb4 (0xc8c98413) x 8 0xfffffc8c
core   0: 0x80008eb8 (0x00000013) nop
core   0: 3 0x80008eb8 (0x00000013)
core   0: 0x80008ebc (0x01465f33) srl     t5, a2, s4
core   0: 3 0x80008ebc (0x01465f33) x30 0x00000000
core   0: 0x80008ec0 (0x006be733) or      a4, s7, t1
core   0: 3 0x80008ec0 (0x006be733) x14 0xfffffed1
core   0: 0x80008ec4 (0x03f7e733) rem     a4, a5, t6
core   0: 3 0x80008ec4 (0x03f7e733) x14 0x027a19e0
core   0: 0x80008ec8 (0x00f89213) slli    tp, a7, 15
core   0: 3 0x80008ec8 (0x00f89213) x 4 0x00000000
core   0: 0x80008ecc (0x0267d7b3) divu    a5, a5, t1
core   0: 3 0x80008ecc (0x0267d7b3) x15 0x00000000
core   0: 0x80008ed0 (0x4047d5b3) sra     a1, a5, tp
core   0: 3 0x80008ed0 (0x4047d5b3) x11 0x00000000
core   0: 0x80008ed4 (0x95627593) andi    a1, tp, -1706
core   0: 3 0x80008ed4 (0x95627593) x11 0x00000000
core   0: 0x80008ed8 (0x3c548c93) addi    s9, s1, 965
core   0: 3 0x80008ed8 (0x3c548c93) x25 0x6d57b3c5
core   0: 0x80008edc (0x45bdff13) andi    t5, s11, 1115
core   0: 3 0x80008edc (0x45bdff13) x30 0x00000412
core   0: 0x80008ee0 (0x40020c33) sub     s8, tp, zero
core   0: 3 0x80008ee0 (0x40020c33) x24 0x00000000
core   0: 0x80008ee4 (0x01d41db3) sll     s11, s0, t4
core   0: 3 0x80008ee4 (0x01d41db3) x27 0xfffff918
core   0: 0x80008ee8 (0x2d0fe017) auipc   zero, 0x2d0fe
core   0: 3 0x80008ee8 (0x2d0fe017)
core   0: 0x80008eec (0x02b422b3) mulhsu  t0, s0, a1
core   0: 3 0x80008eec (0x02b422b3) x 5 0x00000000
core   0: 0x80008ef0 (0x00047eb3) and     t4, s0, zero
core   0: 3 0x80008ef0 (0x00047eb3) x29 0x00000000
core   0: 0x80008ef4 (0xc9d6a0b7) lui     ra, 0xc9d6a
core   0: 3 0x80008ef4 (0xc9d6a0b7) x 1 0xc9d6a000
core   0: 0x80008ef8 (0x0054d733) srl     a4, s1, t0
core   0: 3 0x80008ef8 (0x0054d733) x14 0x6d57b000
core   0: 0x80008efc (0x02984d33) div     s10, a6, s1
core   0: 3 0x80008efc (0x02984d33) x26 0xffffffff
core   0: 0x80008f00 (0x400d8133) sub     sp, s11, zero
core   0: 3 0x80008f00 (0x400d8133) x 2 0xfffff918
core   0: 0x80008f04 (0x01aa1a33) sll     s4, s4, s10
core   0: 3 0x80008f04 (0x01aa1a33) x20 0x00000000
core   0: 0x80008f08 (0x02cb8db3) mul     s11, s7, a2
core   0: 3 0x80008f08 (0x02cb8db3) x27 0x00000000
core   0: 0x80008f0c (0x03ca0933) mul     s2, s4, t3
core   0: 3 0x80008f0c (0x03ca0933) x18 0x00000000
core   0: 0x80008f10 (0x02d85233) divu    tp, a6, a3
core   0: 3 0x80008f10 (0x02d85233) x 4 0x00000000
core   0: 0x80008f14 (0x0399aa33) mulhsu  s4, s3, s9
core   0: 3 0x80008f14 (0x0399aa33) x20 0x00000000
core   0: 0x80008f18 (0x002f3633) sltu    a2, t5, sp
core   0: 3 0x80008f18 (0x002f3633) x12 0x00000001
core   0: 0x80008f1c (0x36229a37) lui     s4, 0x36229
core   0: 3 0x80008f1c (0x36229a37) x20 0x36229000
core   0: 0x80008f20 (0x01d723b3) slt     t2, a4, t4
core   0: 3 0x80008f20 (0x01d723b3) x 7 0x00000000
core   0: 0x80008f24 (0x0104ea33) or      s4, s1, a6
core   0: 3 0x80008f24 (0x0104ea33) x20 0xed57bce4
core   0: 0x80008f28 (0x031ea333) mulhsu  t1, t4, a7
core   0: 3 0x80008f28 (0x031ea333) x 6 0x00000000
core   0: 0x80008f2c (0x00cc1d93) slli    s11, s8, 12
core   0: 3 0x80008f2c (0x00cc1d93) x27 0x00000000
core   0: 0x80008f30 (0x01e3c733) xor     a4, t2, t5
core   0: 3 0x80008f30 (0x01e3c733) x14 0x00000412
core   0: 0x80008f34 (0x41025433) sra     s0, tp, a6
core   0: 3 0x80008f34 (0x41025433) x 8 0x00000000
core   0: 0x80008f38 (0x0135d4b3) srl     s1, a1, s3
core   0: 3 0x80008f38 (0x0135d4b3) x 9 0x00000000
core   0: 0x80008f3c (0x30850a93) addi    s5, a0, 776
core   0: 3 0x80008f3c (0x30850a93) x21 0x80000308
core   0: 0x80008f40 (0x0138ad33) slt     s10, a7, s3
core   0: 3 0x80008f40 (0x0138ad33) x26 0x00000000
core   0: 0x80008f44 (0x0307ff33) remu    t5, a5, a6
core   0: 3 0x80008f44 (0x0307ff33) x30 0x00000000
core   0: 0x80008f48 (0xe2c90893) addi    a7, s2, -468
core   0: 3 0x80008f48 (0xe2c90893) x17 0xfffffe2c
core   0: 0x80008f4c (0x412809b3) sub     s3, a6, s2
core   0: 3 0x80008f4c (0x412809b3) x19 0x80018ce4
core   0: 0x80008f50 (0x01d09293) slli    t0, ra, 29
core   0: 3 0x80008f50 (0x01d09293) x 5 0x00000000
core   0: 0x80008f54 (0x03bc7c33) remu    s8, s8, s11
core   0: 3 0x80008f54 (0x03bc7c33) x24 0x00000000
core   0: 0x80008f58 (0x008a4c33) xor     s8, s4, s0
core   0: 3 0x80008f58 (0x008a4c33) x24 0xed57bce4
core   0: 0x80008f5c (0x02b8e133) rem     sp, a7, a1
core   0: 3 0x80008f5c (0x02b8e133) x 2 0xfffffe2c
core   0: 0x80008f60 (0x02d577b3) remu    a5, a0, a3
core   0: 3 0x80008f60 (0x02d577b3) x15 0x80000000
core   0: 0x80008f64 (0x025a81b3) mul     gp, s5, t0
core   0: 3 0x80008f64 (0x025a81b3) x 3 0x00000000
core   0: 0x80008f68 (0x004c1093) slli    ra, s8, 4
core   0: 3 0x80008f68 (0x004c1093) x 1 0xd57bce40
core   0: 0x80008f6c (0x00000013) nop
core   0: 3 0x80008f6c (0x00000013)
core   0: 0x80008f70 (0x415e5713) srai    a4, t3, 21
core   0: 3 0x80008f70 (0x415e5713) x14 0x00000000
core   0: 0x80008f74 (0xc706b413) sltiu   s0, a3, -912
core   0: 3 0x80008f74 (0xc706b413) x 8 0x00000001
core   0: 0x80008f78 (0x65f52f13) slti    t5, a0, 1631
core   0: 3 0x80008f78 (0x65f52f13) x30 0x00000001
core   0: 0x80008f7c (0xd413ea37) lui     s4, 0xd413e
core   0: 3 0x80008f7c (0xd413ea37) x20 0xd413e000
core   0: 0x80008f80 (0xa6427f13) andi    t5, tp, -1436
core   0: 3 0x80008f80 (0xa6427f13) x30 0x00000000
core   0: 0x80008f84 (0x41acd593) srai    a1, s9, 26
core   0: 3 0x80008f84 (0x41acd593) x11 0x0000001b
core   0: 0x80008f88 (0x005e1ab3) sll     s5, t3, t0
core   0: 3 0x80008f88 (0x005e1ab3) x21 0x00000000
core   0: 0x80008f8c (0x00000013) nop
core   0: 3 0x80008f8c (0x00000013)
core   0: 0x80008f90 (0x010ec933) xor     s2, t4, a6
core   0: 3 0x80008f90 (0x010ec933) x18 0x80018ce4
core   0: 0x80008f94 (0x83096213) ori     tp, s2, -2000
core   0: 3 0x80008f94 (0x83096213) x 4 0xfffffcf4
core   0: 0x80008f98 (0x01b45e33) srl     t3, s0, s11
core   0: 3 0x80008f98 (0x01b45e33) x28 0x00000001
core   0: 0x80008f9c (0xe5356b93) ori     s7, a0, -429
core   0: 3 0x80008f9c (0xe5356b93) x23 0xfffffe53
core   0: 0x80008fa0 (0x026e4133) div     sp, t3, t1
core   0: 3 0x80008fa0 (0x026e4133) x 2 0xffffffff
core   0: 0x80008fa4 (0x018548b3) xor     a7, a0, s8
core   0: 3 0x80008fa4 (0x018548b3) x17 0x6d57bce4
core   0: 0x80008fa8 (0x01c17f33) and     t5, sp, t3
core   0: 3 0x80008fa8 (0x01c17f33) x30 0x00000001
core   0: 0x80008fac (0x4014d093) srai    ra, s1, 1
core   0: 3 0x80008fac (0x4014d093) x 1 0x00000000
core   0: 0x80008fb0 (0x02d2b133) mulhu   sp, t0, a3
core   0: 3 0x80008fb0 (0x02d2b133) x 2 0x00000000
core   0: 0x80008fb4 (0x401f5ab3) sra     s5, t5, ra
core   0: 3 0x80008fb4 (0x401f5ab3) x21 0x00000001
core   0: 0x80008fb8 (0x00167597) auipc   a1, 0x167
core   0: 3 0x80008fb8 (0x00167597) x11 0x8016ffb8
core   0: 0x80008fbc (0x015823b3) slt     t2, a6, s5
core   0: 3 0x80008fbc (0x015823b3) x 7 0x00000001
core   0: 0x80008fc0 (0xdd234297) auipc   t0, 0xdd234
core   0: 3 0x80008fc0 (0xdd234297) x 5 0x5d23cfc0
core   0: 0x80008fc4 (0x02fdba33) mulhu   s4, s11, a5
core   0: 3 0x80008fc4 (0x02fdba33) x20 0x00000000
core   0: 0x80008fc8 (0xc07b4693) xori    a3, s6, -1017
core   0: 3 0x80008fc8 (0xc07b4693) x13 0x7ffeb263
core   0: 0x80008fcc (0x002b1313) slli    t1, s6, 2
core   0: 3 0x80008fcc (0x002b1313) x 6 0x00053990
core   0: 0x80008fd0 (0x40d604b3) sub     s1, a2, a3
core   0: 3 0x80008fd0 (0x40d604b3) x 9 0x80014d9e
core   0: 0x80008fd4 (0x34204713) xori    a4, zero, 834
core   0: 3 0x80008fd4 (0x34204713) x14 0x00000342
core   0: 0x80008fd8 (0x417c8133) sub     sp, s9, s7
core   0: 3 0x80008fd8 (0x417c8133) x 2 0x6d57b572
core   0: 0x80008fdc (0xd733ec97) auipc   s9, 0xd733e
core   0: 3 0x80008fdc (0xd733ec97) x25 0x57346fdc
core   0: 0x80008fe0 (0x02b5bd33) mulhu   s10, a1, a1
core   0: 3 0x80008fe0 (0x02b5bd33) x26 0x401701c8
core   0: 0x80008fe4 (0x0185d393) srli    t2, a1, 24
core   0: 3 0x80008fe4 (0x0185d393) x 7 0x00000080
core   0: 0x80008fe8 (0x9c565f17) auipc   t5, 0x9c565
core   0: 3 0x80008fe8 (0x9c565f17) x30 0x1c56dfe8
core   0: 0x80008fec (0x521c4d93) xori    s11, s8, 1313
core   0: 3 0x80008fec (0x521c4d93) x27 0xed57b9c5
core   0: 0x80008ff0 (0x01ae2ab3) slt     s5, t3, s10
core   0: 3 0x80008ff0 (0x01ae2ab3) x21 0x00000001
core   0: 0x80008ff4 (0x0399d033) divu    zero, s3, s9
core   0: 3 0x80008ff4 (0x0399d033)
core   0: 0x80008ff8 (0x038e4733) div     a4, t3, s8
core   0: 3 0x80008ff8 (0x038e4733) x14 0x00000000
core   0: 0x80008ffc (0x4181d913) srai    s2, gp, 24
core   0: 3 0x80008ffc (0x4181d913) x18 0x00000000
core   0: 0x80009000 (0x014c5113) srli    sp, s8, 20
core   0: 3 0x80009000 (0x014c5113) x 2 0x00000ed5
core   0: 0x80009004 (0x01598a33) add     s4, s3, s5
core   0: 3 0x80009004 (0x01598a33) x20 0x80018ce5
core   0: 0x80009008 (0x00855213) srli    tp, a0, 8
core   0: 3 0x80009008 (0x00855213) x 4 0x00800000
core   0: 0x8000900c (0x0309d8b3) divu    a7, s3, a6
core   0: 3 0x8000900c (0x0309d8b3) x17 0x00000001
core   0: 0x80009010 (0x00555593) srli    a1, a0, 5
core   0: 3 0x80009010 (0x00555593) x11 0x04000000
core   0: 0x80009014 (0x010dccb3) xor     s9, s11, a6
core   0: 3 0x80009014 (0x010dccb3) x25 0x6d563521
core   0: 0x80009018 (0x7fa26993) ori     s3, tp, 2042
core   0: 3 0x80009018 (0x7fa26993) x19 0x008007fa
core   0: 0x8000901c (0x01a596b3) sll     a3, a1, s10
core   0: 3 0x8000901c (0x01a596b3) x13 0x00000000
core   0: 0x80009020 (0x2b996c13) ori     s8, s2, 697
core   0: 3 0x80009020 (0x2b996c13) x24 0x000002b9
core   0: 0x80009024 (0x03861433) mulh    s0, a2, s8
core   0: 3 0x80009024 (0x03861433) x 8 0x00000000
core   0: 0x80009028 (0x01f47333) and     t1, s0, t6
core   0: 3 0x80009028 (0x01f47333) x 6 0x00000000
core   0: 0x8000902c (0x56ac0993) addi    s3, s8, 1386
core   0: 3 0x8000902c (0x56ac0993) x19 0x00000823
core   0: 0x80009030 (0x07f87213) andi    tp, a6, 127
core   0: 3 0x80009030 (0x07f87213) x 4 0x00000064
core   0: 0x80009034 (0x02fe9333) mulh    t1, t4, a5
core   0: 3 0x80009034 (0x02fe9333) x 6 0x00000000
core   0: 0x80009038 (0x03aab5b3) mulhu   a1, s5, s10
core   0: 3 0x80009038 (0x03aab5b3) x11 0x00000000
core   0: 0x8000903c (0x42b44c13) xori    s8, s0, 1067
core   0: 3 0x8000903c (0x42b44c13) x24 0x0000042b
core   0: 0x80009040 (0xedc48913) addi    s2, s1, -292
core   0: 3 0x80009040 (0xedc48913) x18 0x80014c7a
core   0: 0x80009044 (0x297b2b93) slti    s7, s6, 663
core   0: 3 0x80009044 (0x297b2b93) x23 0x00000001
core   0: 0x80009048 (0x036fea33) rem     s4, t6, s6
core   0: 3 0x80009048 (0x036fea33) x20 0xe5196e0c
core   0: 0x8000904c (0x020089b3) mul     s3, ra, zero
core   0: 3 0x8000904c (0x020089b3) x19 0x00000000
core   0: 0x80009050 (0x02770d33) mul     s10, a4, t2
core   0: 3 0x80009050 (0x02770d33) x26 0x00000000
core   0: 0x80009054 (0x00000013) nop
core   0: 3 0x80009054 (0x00000013)
core   0: 0x80009058 (0x028ca933) mulhsu  s2, s9, s0
core   0: 3 0x80009058 (0x028ca933) x18 0x00000000
core   0: 0x8000905c (0x00fc4a33) xor     s4, s8, a5
core   0: 3 0x8000905c (0x00fc4a33) x20 0x8000042b
core   0: 0x80009060 (0x009d1e33) sll     t3, s10, s1
core   0: 3 0x80009060 (0x009d1e33) x28 0x00000000
core   0: 0x80009064 (0x935e03b7) lui     t2, 0x935e0
core   0: 3 0x80009064 (0x935e03b7) x 7 0x935e0000
core   0: 0x80009068 (0x033f6a33) rem     s4, t5, s3
core   0: 3 0x80009068 (0x033f6a33) x20 0x1c56dfe8
core   0: 0x8000906c (0x03246333) rem     t1, s0, s2
core   0: 3 0x8000906c (0x03246333) x 6 0x00000000
core   0: 0x80009070 (0x00000013) nop
core   0: 3 0x80009070 (0x00000013)
core   0: 0x80009074 (0x03647eb3) remu    t4, s0, s6
core   0: 3 0x80009074 (0x03647eb3) x29 0x00000000
core   0: 0x80009078 (0x03819e33) mulh    t3, gp, s8
core   0: 3 0x80009078 (0x03819e33) x28 0x00000000
core   0: 0x8000907c (0x02a117b3) mulh    a5, sp, a0
core   0: 3 0x8000907c (0x02a117b3) x15 0xfffff895
core   0: 0x80009080 (0x129bd937) lui     s2, 0x129bd
core   0: 3 0x80009080 (0x129bd937) x18 0x129bd000
core   0: 0x80009084 (0x00000013) nop
core   0: 3 0x80009084 (0x00000013)
core   0: 0x80009088 (0x003e8133) add     sp, t4, gp
core   0: 3 0x80009088 (0x003e8133) x 2 0x00000000
core   0: 0x8000908c (0xf51a0493) addi    s1, s4, -175
core   0: 3 0x8000908c (0xf51a0493) x 9 0x1c56df39
core   0: 0x80009090 (0x40f3d213) srai    tp, t2, 15
core   0: 3 0x80009090 (0x40f3d213) x 4 0xffff26bc
core   0: 0x80009094 (0x1fb1ff13) andi    t5, gp, 507
core   0: 3 0x80009094 (0x1fb1ff13) x30 0x00000000
core   0: 0x80009098 (0x00871713) slli    a4, a4, 8
core   0: 3 0x80009098 (0x00871713) x14 0x00000000
core   0: 0x8000909c (0x03736fb3) rem     t6, t1, s7
core   0: 3 0x8000909c (0x03736fb3) x31 0x00000000
core   0: 0x800090a0 (0x412552b3) sra     t0, a0, s2
core   0: 3 0x800090a0 (0x412552b3) x 5 0x80000000
core   0: 0x800090a4 (0x40ee6717) auipc   a4, 0x40ee6
core   0: 3 0x800090a4 (0x40ee6717) x14 0xc0eef0a4
core   0: 0x800090a8 (0x0182d013) srli    zero, t0, 24
core   0: 3 0x800090a8 (0x0182d013)
core   0: 0x800090ac (0x03ec2133) mulhsu  sp, s8, t5
core   0: 3 0x800090ac (0x03ec2133) x 2 0x00000000
core   0: 0x800090b0 (0x00309db3) sll     s11, ra, gp
core   0: 3 0x800090b0 (0x00309db3) x27 0x00000000
core   0: 0x800090b4 (0x187c6297) auipc   t0, 0x187c6
core   0: 3 0x800090b4 (0x187c6297) x 5 0x987cf0b4
core   0: 0x800090b8 (0x01110eb3) add     t4, sp, a7
core   0: 3 0x800090b8 (0x01110eb3) x29 0x00000001
core   0: 0x800090bc (0x414cdeb3) sra     t4, s9, s4
core   0: 3 0x800090bc (0x414cdeb3) x29 0x006d5635
core   0: 0x800090c0 (0x00707fb3) and     t6, zero, t2
core   0: 3 0x800090c0 (0x00707fb3) x31 0x00000000
core   0: 0x800090c4 (0xa4ee4393) xori    t2, t3, -1458
core   0: 3 0x800090c4 (0xa4ee4393) x 7 0xfffffa4e
core   0: 0x800090c8 (0x03010733) mul     a4, sp, a6
core   0: 3 0x800090c8 (0x03010733) x14 0x00000000
core   0: 0x800090cc (0x03dbf0b3) remu    ra, s7, t4
core   0: 3 0x800090cc (0x03dbf0b3) x 1 0x00000001
core   0: 0x800090d0 (0x00a8b433) sltu    s0, a7, a0
core   0: 3 0x800090d0 (0x00a8b433) x 8 0x00000001
core   0: 0x800090d4 (0x01aae733) or      a4, s5, s10
core   0: 3 0x800090d4 (0x01aae733) x14 0x00000001
core   0: 0x800090d8 (0x010c76b3) and     a3, s8, a6
core   0: 3 0x800090d8 (0x010c76b3) x13 0x00000420
core   0: 0x800090dc (0x00cc5293) srli    t0, s8, 12
core   0: 3 0x800090dc (0x00cc5293) x 5 0x00000000
core   0: 0x800090e0 (0x00000013) nop
core   0: 3 0x800090e0 (0x00000013)
core   0: 0x800090e4 (0x00d45c93) srli    s9, s0, 13
core   0: 3 0x800090e4 (0x00d45c93) x25 0x00000000
core   0: 0x800090e8 (0x00811c33) sll     s8, sp, s0
core   0: 3 0x800090e8 (0x00811c33) x24 0x00000000
core   0: 0x800090ec (0x0085d033) srl     zero, a1, s0
core   0: 3 0x800090ec (0x0085d033)
core   0: 0x800090f0 (0x401b0d33) sub     s10, s6, ra
core   0: 3 0x800090f0 (0x401b0d33) x26 0x80014e63
core   0: 0x800090f4 (0x0346dd33) divu    s10, a3, s4
core   0: 3 0x800090f4 (0x0346dd33) x26 0x00000000
core   0: 0x800090f8 (0x025efd33) remu    s10, t4, t0
core   0: 3 0x800090f8 (0x025efd33) x26 0x006d5635
core   0: 0x800090fc (0x488a2393) slti    t2, s4, 1160
core   0: 3 0x800090fc (0x488a2393) x 7 0x00000000
core   0: 0x80009100 (0x03720ab3) mul     s5, tp, s7
core   0: 3 0x80009100 (0x03720ab3) x21 0xffff26bc
core   0: 0x80009104 (0x41285e93) srai    t4, a6, 18
core   0: 3 0x80009104 (0x41285e93) x29 0xffffe000
core   0: 0x80009108 (0xcf962793) slti    a5, a2, -775
core   0: 3 0x80009108 (0xcf962793) x15 0x00000000
core   0: 0x8000910c (0x01d45693) srli    a3, s0, 29
core   0: 3 0x8000910c (0x01d45693) x13 0x00000000
core   0: 0x80009110 (0x40c4d7b3) sra     a5, s1, a2
core   0: 3 0x80009110 (0x40c4d7b3) x15 0x0e2b6f9c
core   0: 0x80009114 (0x007711b3) sll     gp, a4, t2
core   0: 3 0x80009114 (0x007711b3) x 3 0x00000001
core   0: 0x80009118 (0x03a667b3) rem     a5, a2, s10
core   0: 3 0x80009118 (0x03a667b3) x15 0x00000001
core   0: 0x8000911c (0x01035d13) srli    s10, t1, 16
core   0: 3 0x8000911c (0x01035d13) x26 0x00000000
core   0: 0x80009120 (0x02047333) remu    t1, s0, zero
core   0: 3 0x80009120 (0x02047333) x 6 0x00000001
core   0: 0x80009124 (0x00000013) nop
core   0: 3 0x80009124 (0x00000013)
core   0: 0x80009128 (0x02b826b3) mulhsu  a3, a6, a1
core   0: 3 0x80009128 (0x02b826b3) x13 0x00000000
core   0: 0x8000912c (0x03b01933) mulh    s2, zero, s11
core   0: 3 0x8000912c (0x03b01933) x18 0x00000000
core   0: 0x80009130 (0x00000013) nop
core   0: 3 0x80009130 (0x00000013)
core   0: 0x80009134 (0x00e2e933) or      s2, t0, a4
core   0: 3 0x80009134 (0x00e2e933) x18 0x00000001
core   0: 0x80009138 (0x0081e2b3) or      t0, gp, s0
core   0: 3 0x80009138 (0x0081e2b3) x 5 0x00000001
core   0: 0x8000913c (0x1ac7fe17) auipc   t3, 0x1ac7f
core   0: 3 0x8000913c (0x1ac7fe17) x28 0x9ac8813c
core   0: 0x80009140 (0x4065de13) srai    t3, a1, 6
core   0: 3 0x80009140 (0x4065de13) x28 0x00000000
core   0: 0x80009144 (0x009e1a33) sll     s4, t3, s1
core   0: 3 0x80009144 (0x009e1a33) x20 0x00000000
core   0: 0x80009148 (0x7dabca17) auipc   s4, 0x7dabc
core   0: 3 0x80009148 (0x7dabca17) x20 0xfdac5148
core   0: 0x8000914c (0x6b1fec97) auipc   s9, 0x6b1fe
core   0: 3 0x8000914c (0x6b1fec97) x25 0xeb20714c
core   0: 0x80009150 (0x01e48c33) add     s8, s1, t5
core   0: 3 0x80009150 (0x01e48c33) x24 0x1c56df39
core   0: 0x80009154 (0x02233db3) mulhu   s11, t1, sp
core   0: 3 0x80009154 (0x02233db3) x27 0x00000000
core   0: 0x80009158 (0x7b300d93) li      s11, 1971
core   0: 3 0x80009158 (0x7b300d93) x27 0x000007b3
core   0: 0x8000915c (0x417204b3) sub     s1, tp, s7
core   0: 3 0x8000915c (0x417204b3) x 9 0xffff26bb
core   0: 0x80009160 (0x414fd793) srai    a5, t6, 20
core   0: 3 0x80009160 (0x414fd793) x15 0x00000000
core   0: 0x80009164 (0x1ceb0713) addi    a4, s6, 462
core   0: 3 0x80009164 (0x1ceb0713) x14 0x80015032
core   0: 0x80009168 (0x408a0333) sub     t1, s4, s0
core   0: 3 0x80009168 (0x408a0333) x 6 0xfdac5147
core   0: 0x8000916c (0xc8818713) addi    a4, gp, -888
core   0: 3 0x8000916c (0xc8818713) x14 0xfffffc89
core   0: 0x80009170 (0x019ef6b3) and     a3, t4, s9
core   0: 3 0x80009170 (0x019ef6b3) x13 0xeb206000
core   0: 0x80009174 (0x008cf2b3) and     t0, s9, s0
core   0: 3 0x80009174 (0x008cf2b3) x 5 0x00000000
core   0: 0x80009178 (0x007e7933) and     s2, t3, t2
core   0: 3 0x80009178 (0x007e7933) x18 0x00000000
core   0: 0x8000917c (0x4fce3193) sltiu   gp, t3, 1276
core   0: 3 0x8000917c (0x4fce3193) x 3 0x00000001
core   0: 0x80009180 (0x9b3b2217) auipc   tp, 0x9b3b2
core   0: 3 0x80009180 (0x9b3b2217) x 4 0x1b3bb180
core   0: 0x80009184 (0x024f05b3) mul     a1, t5, tp
core   0: 3 0x80009184 (0x024f05b3) x11 0x00000000
core   0: 0x80009188 (0xdf60e493) ori     s1, ra, -522
core   0: 3 0x80009188 (0xdf60e493) x 9 0xfffffdf7
core   0: 0x8000918c (0x00d2c6b3) xor     a3, t0, a3
core   0: 3 0x8000918c (0x00d2c6b3) x13 0xeb206000
core   0: 0x80009190 (0x40435633) sra     a2, t1, tp
core   0: 3 0x80009190 (0x40435633) x12 0xfdac5147
core   0: 0x80009194 (0x00a322b3) slt     t0, t1, a0
core   0: 3 0x80009194 (0x00a322b3) x 5 0x00000000
core   0: 0x80009198 (0x00dc12b3) sll     t0, s8, a3
core   0: 3 0x80009198 (0x00dc12b3) x 5 0x1c56df39
core   0: 0x8000919c (0x0128e933) or      s2, a7, s2
core   0: 3 0x8000919c (0x0128e933) x18 0x00000001
core   0: 0x800091a0 (0x0388a933) mulhsu  s2, a7, s8
core   0: 3 0x800091a0 (0x0388a933) x18 0x00000000
core   0: 0x800091a4 (0xa3dc4693) xori    a3, s8, -1475
core   0: 3 0x800091a4 (0xa3dc4693) x13 0xe3a92504
core   0: 0x800091a8 (0xb2694193) xori    gp, s2, -1242
core   0: 3 0x800091a8 (0xb2694193) x 3 0xfffffb26
core   0: 0x800091ac (0x01dc46b3) xor     a3, s8, t4
core   0: 3 0x800091ac (0x01dc46b3) x13 0xe3a93f39
core   0: 0x800091b0 (0x00d20fb3) add     t6, tp, a3
core   0: 3 0x800091b0 (0x00d20fb3) x31 0xfee4f0b9
core   0: 0x800091b4 (0xed6f0f93) addi    t6, t5, -298
core   0: 3 0x800091b4 (0xed6f0f93) x31 0xfffffed6
core   0: 0x800091b8 (0x09defb93) andi    s7, t4, 157
core   0: 3 0x800091b8 (0x09defb93) x23 0x00000000
core   0: 0x800091bc (0x01cf41b3) xor     gp, t5, t3
core   0: 3 0x800091bc (0x01cf41b3) x 3 0x00000000
core   0: 0x800091c0 (0x00000013) nop
core   0: 3 0x800091c0 (0x00000013)
core   0: 0x800091c4 (0x03c13033) mulhu   zero, sp, t3
core   0: 3 0x800091c4 (0x03c13033)
core   0: 0x800091c8 (0xbfd62397) auipc   t2, 0xbfd62
core   0: 3 0x800091c8 (0xbfd62397) x 7 0x3fd6b1c8
core   0: 0x800091cc (0x40635413) srai    s0, t1, 6
core   0: 3 0x800091cc (0x40635413) x 8 0xfff6b145
core   0: 0x800091d0 (0x7cfc0293) addi    t0, s8, 1999
core   0: 3 0x800091d0 (0x7cfc0293) x 5 0x1c56e708
core   0: 0x800091d4 (0x02a48633) mul     a2, s1, a0
core   0: 3 0x800091d4 (0x02a48633) x12 0x80000000
core   0: 0x800091d8 (0x01406933) or      s2, zero, s4
core   0: 3 0x800091d8 (0x01406933) x18 0xfdac5148
core   0: 0x800091dc (0xd1e36413) ori     s0, t1, -738
core   0: 3 0x800091dc (0xd1e36413) x 8 0xfffffd5f
core   0: 0x800091e0 (0x01676ab3) or      s5, a4, s6
core   0: 3 0x800091e0 (0x01676ab3) x21 0xfffffeed
core   0: 0x800091e4 (0x029c87b3) mul     a5, s9, s1
core   0: 3 0x800091e4 (0x029c87b3) x15 0x7af96c54
core   0: 0x800091e8 (0xc6b23737) lui     a4, 0xc6b23
core   0: 3 0x800091e8 (0xc6b23737) x14 0xc6b23000
core   0: 0x800091ec (0x9fd9e213) ori     tp, s3, -1539
core   0: 3 0x800091ec (0x9fd9e213) x 4 0xfffff9fd
core   0: 0x800091f0 (0xcc173c13) sltiu   s8, a4, -831
core   0: 3 0x800091f0 (0xcc173c13) x24 0x00000001
core   0: 0x800091f4 (0x5ae0b413) sltiu   s0, ra, 1454
core   0: 3 0x800091f4 (0x5ae0b413) x 8 0x00000001
core   0: 0x800091f8 (0x02658633) mul     a2, a1, t1
core   0: 3 0x800091f8 (0x02658633) x12 0x00000000
core   0: 0x800091fc (0x95eb8993) addi    s3, s7, -1698
core   0: 3 0x800091fc (0x95eb8993) x19 0xfffff95e
core   0: 0x80009200 (0x029918b3) mulh    a7, s2, s1
core   0: 3 0x80009200 (0x029918b3) x17 0x00000004
core   0: 0x80009204 (0x022a7bb3) remu    s7, s4, sp
core   0: 3 0x80009204 (0x022a7bb3) x23 0xfdac5148
core   0: 0x80009208 (0x03ace933) rem     s2, s9, s10
core   0: 3 0x80009208 (0x03ace933) x18 0xeb20714c
core   0: 0x8000920c (0x01a3f2b3) and     t0, t2, s10
core   0: 3 0x8000920c (0x01a3f2b3) x 5 0x00000000
core   0: 0x80009210 (0x03a71433) mulh    s0, a4, s10
core   0: 3 0x80009210 (0x03a71433) x 8 0x00000000
core   0: 0x80009214 (0x3a5cc293) xori    t0, s9, 933
core   0: 3 0x80009214 (0x3a5cc293) x 5 0xeb2072e9
core   0: 0x80009218 (0x029815b3) mulh    a1, a6, s1
core   0: 3 0x80009218 (0x029815b3) x11 0x00000104
core   0: 0x8000921c (0x00581b93) slli    s7, a6, 5
core   0: 3 0x8000921c (0x00581b93) x23 0x00319c80
core   0: 0x80009220 (0xc7293493) sltiu   s1, s2, -910
core   0: 3 0x80009220 (0xc7293493) x 9 0x00000001
core   0: 0x80009224 (0x0013ff33) and     t5, t2, ra
core   0: 3 0x80009224 (0x0013ff33) x30 0x00000000
core   0: 0x80009228 (0x02f8a133) mulhsu  sp, a7, a5
core   0: 3 0x80009228 (0x02f8a133) x 2 0x00000001
core   0: 0x8000922c (0x0054f3b3) and     t2, s1, t0
core   0: 3 0x8000922c (0x0054f3b3) x 7 0x00000001
core   0: 0x80009230 (0x0006c733) xor     a4, a3, zero
core   0: 3 0x80009230 (0x0006c733) x14 0xe3a93f39
core   0: 0x80009234 (0x019f7eb3) and     t4, t5, s9
core   0: 3 0x80009234 (0x019f7eb3) x29 0x00000000
core   0: 0x80009238 (0x029f7633) remu    a2, t5, s1
core   0: 3 0x80009238 (0x029f7633) x12 0x00000000
core   0: 0x8000923c (0x0194c133) xor     sp, s1, s9
core   0: 3 0x8000923c (0x0194c133) x 2 0xeb20714d
core   0: 0x80009240 (0x0272b8b3) mulhu   a7, t0, t2
core   0: 3 0x80009240 (0x0272b8b3) x17 0x00000000
core   0: 0x80009244 (0x03034633) div     a2, t1, a6
core   0: 3 0x80009244 (0x03034633) x12 0x00000000
core   0: 0x80009248 (0x035aa7b3) mulhsu  a5, s5, s5
core   0: 3 0x80009248 (0x035aa7b3) x15 0xfffffeed
core   0: 0x8000924c (0x00000013) nop
core   0: 3 0x8000924c (0x00000013)
core   0: 0x80009250 (0x006d0db3) add     s11, s10, t1
core   0: 3 0x80009250 (0x006d0db3) x27 0xfdac5147
core   0: 0x80009254 (0x417dd393) srai    t2, s11, 23
core   0: 3 0x80009254 (0x417dd393) x 7 0xfffffffb
core   0: 0x80009258 (0x0226e2b3) rem     t0, a3, sp
core   0: 3 0x80009258 (0x0226e2b3) x 5 0xf888cdec
core   0: 0x8000925c (0xfdc27c13) andi    s8, tp, -36
core   0: 3 0x8000925c (0xfdc27c13) x24 0xfffff9dc
core   0: 0x80009260 (0xef22b713) sltiu   a4, t0, -270
core   0: 3 0x80009260 (0xef22b713) x14 0x00000001
core   0: 0x80009264 (0x01a64033) xor     zero, a2, s10
core   0: 3 0x80009264 (0x01a64033)
core   0: 0x80009268 (0x01f39a13) slli    s4, t2, 31
core   0: 3 0x80009268 (0x01f39a13) x20 0x80000000
core   0: 0x8000926c (0x00821c33) sll     s8, tp, s0
core   0: 3 0x8000926c (0x00821c33) x24 0xfffff9fd
core   0: 0x80009270 (0x02c4f633) remu    a2, s1, a2
core   0: 3 0x80009270 (0x02c4f633) x12 0x00000001
core   0: 0x80009274 (0x00fcd8b3) srl     a7, s9, a5
core   0: 3 0x80009274 (0x00fcd8b3) x17 0x00075903
core   0: 0x80009278 (0x41f08933) sub     s2, ra, t6
core   0: 3 0x80009278 (0x41f08933) x18 0x0000012b
core   0: 0x8000927c (0x003bc9b3) xor     s3, s7, gp
core   0: 3 0x8000927c (0x003bc9b3) x19 0x00319c80
core   0: 0x80009280 (0x1ce7bcb7) lui     s9, 0x1ce7b
core   0: 3 0x80009280 (0x1ce7bcb7) x25 0x1ce7b000
core   0: 0x80009284 (0x3ea10613) addi    a2, sp, 1002
core   0: 3 0x80009284 (0x3ea10613) x12 0xeb207537
core   0: 0x80009288 (0x00000013) nop
core   0: 3 0x80009288 (0x00000013)
core   0: 0x8000928c (0x0126ff33) and     t5, a3, s2
core   0: 3 0x8000928c (0x0126ff33) x30 0x00000129
core   0: 0x80009290 (0x80c7b113) sltiu   sp, a5, -2036
core   0: 3 0x80009290 (0x80c7b113) x 2 0x00000000
core   0: 0x80009294 (0x002606b3) add     a3, a2, sp
core   0: 3 0x80009294 (0x002606b3) x13 0xeb207537
core   0: 0x80009298 (0x02adc633) div     a2, s11, a0
core   0: 3 0x80009298 (0x02adc633) x12 0x00000000
core   0: 0x8000929c (0x489b8e13) addi    t3, s7, 1161
core   0: 3 0x8000929c (0x489b8e13) x28 0x0031a109
core   0: 0x800092a0 (0xfe293a93) sltiu   s5, s2, -30
core   0: 3 0x800092a0 (0xfe293a93) x21 0x00000001
core   0: 0x800092a4 (0x9aa8d3b7) lui     t2, 0x9aa8d
core   0: 3 0x800092a4 (0x9aa8d3b7) x 7 0x9aa8d000
core   0: 0x800092a8 (0xa7aa9bb7) lui     s7, 0xa7aa9
core   0: 3 0x800092a8 (0xa7aa9bb7) x23 0xa7aa9000
core   0: 0x800092ac (0x0038d013) srli    zero, a7, 3
core   0: 3 0x800092ac (0x0038d013)
core   0: 0x800092b0 (0x032edbb3) divu    s7, t4, s2
core   0: 3 0x800092b0 (0x032edbb3) x23 0x00000000
core   0: 0x800092b4 (0x9f3f6e93) ori     t4, t5, -1549
core   0: 3 0x800092b4 (0x9f3f6e93) x29 0xfffff9fb
core   0: 0x800092b8 (0x02bcc8b3) div     a7, s9, a1
core   0: 3 0x800092b8 (0x02bcc8b3) x17 0x001c75d8
core   0: 0x800092bc (0x41178733) sub     a4, a5, a7
core   0: 3 0x800092bc (0x41178733) x14 0xffe38915
core   0: 0x800092c0 (0x0291a1b3) mulhsu  gp, gp, s1
core   0: 3 0x800092c0 (0x0291a1b3) x 3 0x00000000
core   0: 0x800092c4 (0x40c15d13) srai    s10, sp, 12
core   0: 3 0x800092c4 (0x40c15d13) x26 0x00000000
core   0: 0x800092c8 (0xcfc13c93) sltiu   s9, sp, -772
core   0: 3 0x800092c8 (0xcfc13c93) x25 0x00000001
core   0: 0x800092cc (0xa1294d93) xori    s11, s2, -1518
core   0: 3 0x800092cc (0xa1294d93) x27 0xfffffb39
core   0: 0x800092d0 (0x014e8633) add     a2, t4, s4
core   0: 3 0x800092d0 (0x014e8633) x12 0x7ffff9fb
core   0: 0x800092d4 (0x03cb8bb3) mul     s7, s7, t3
core   0: 3 0x800092d4 (0x03cb8bb3) x23 0x00000000
core   0: 0x800092d8 (0x4114da13) srai    s4, s1, 17
core   0: 3 0x800092d8 (0x4114da13) x20 0x00000000
core   0: 0x800092dc (0x027d79b3) remu    s3, s10, t2
core   0: 3 0x800092dc (0x027d79b3) x19 0x00000000
core   0: 0x800092e0 (0x03c83233) mulhu   tp, a6, t3
core   0: 3 0x800092e0 (0x03c83233) x 4 0x0018d0d1
core   0: 0x800092e4 (0xa6440193) addi    gp, s0, -1436
core   0: 3 0x800092e4 (0xa6440193) x 3 0xfffffa64
core   0: 0x800092e8 (0x02d0ccb3) div     s9, ra, a3
core   0: 3 0x800092e8 (0x02d0ccb3) x25 0x00000000
core   0: 0x800092ec (0x016f3ab3) sltu    s5, t5, s6
core   0: 3 0x800092ec (0x016f3ab3) x21 0x00000001
core   0: 0x800092f0 (0xd4d5cc37) lui     s8, 0xd4d5c
core   0: 3 0x800092f0 (0xd4d5cc37) x24 0xd4d5c000
core   0: 0x800092f4 (0x01933db3) sltu    s11, t1, s9
core   0: 3 0x800092f4 (0x01933db3) x27 0x00000000
core   0: 0x800092f8 (0x02a48eb3) mul     t4, s1, a0
core   0: 3 0x800092f8 (0x02a48eb3) x29 0x80000000
core   0: 0x800092fc (0x40aa0a33) sub     s4, s4, a0
core   0: 3 0x800092fc (0x40aa0a33) x20 0x80000000
core   0: 0x80009300 (0x5423b693) sltiu   a3, t2, 1346
core   0: 3 0x80009300 (0x5423b693) x13 0x00000000
core   0: 0x80009304 (0x40375f93) srai    t6, a4, 3
core   0: 3 0x80009304 (0x40375f93) x31 0xfffc7122
core   0: 0x80009308 (0x28f9e013) ori     zero, s3, 655
core   0: 3 0x80009308 (0x28f9e013)
core   0: 0x8000930c (0x01bfecb3) or      s9, t6, s11
core   0: 3 0x8000930c (0x01bfecb3) x25 0xfffc7122
core   0: 0x80009310 (0x0032d193) srli    gp, t0, 3
core   0: 3 0x80009310 (0x0032d193) x 3 0x1f1119bd
core   0: 0x80009314 (0x018005b3) add     a1, zero, s8
core   0: 3 0x80009314 (0x018005b3) x11 0xd4d5c000
core   0: 0x80009318 (0x72734c13) xori    s8, t1, 1831
core   0: 3 0x80009318 (0x72734c13) x24 0xfdac5660
core   0: 0x8000931c (0x551a2213) slti    tp, s4, 1361
core   0: 3 0x8000931c (0x551a2213) x 4 0x00000001
core   0: 0x80009320 (0x418e0d33) sub     s10, t3, s8
core   0: 3 0x80009320 (0x418e0d33) x26 0x02854aa9
core   0: 0x80009324 (0x3bb4ab93) slti    s7, s1, 955
core   0: 3 0x80009324 (0x3bb4ab93) x23 0x00000001
core   0: 0x80009328 (0x034362b3) rem     t0, t1, s4
core   0: 3 0x80009328 (0x034362b3) x 5 0xfdac5147
core   0: 0x8000932c (0x02082d33) mulhsu  s10, a6, zero
core   0: 3 0x8000932c (0x02082d33) x26 0x00000000
core   0: 0x80009330 (0xecf1cc13) xori    s8, gp, -305
core   0: 3 0x80009330 (0xecf1cc13) x24 0xe0eee772
core   0: 0x80009334 (0x01d7bdb3) sltu    s11, a5, t4
core   0: 3 0x80009334 (0x01d7bdb3) x27 0x00000000
core   0: 0x80009338 (0x01f08eb3) add     t4, ra, t6
core   0: 3 0x80009338 (0x01f08eb3) x29 0xfffc7123
core   0: 0x8000933c (0x012a4333) xor     t1, s4, s2
core   0: 3 0x8000933c (0x012a4333) x 6 0x8000012b
core   0: 0x80009340 (0x029451b3) divu    gp, s0, s1
core   0: 3 0x80009340 (0x029451b3) x 3 0x00000000
core   0: 0x80009344 (0x40e6df33) sra     t5, a3, a4
core   0: 3 0x80009344 (0x40e6df33) x30 0x00000000
core   0: 0x80009348 (0x03a222b3) mulhsu  t0, tp, s10
core   0: 3 0x80009348 (0x03a222b3) x 5 0x00000000
core   0: 0x8000934c (0x01593fb3) sltu    t6, s2, s5
core   0: 3 0x8000934c (0x01593fb3) x31 0x00000000
core   0: 0x80009350 (0x00b142b3) xor     t0, sp, a1
core   0: 3 0x80009350 (0x00b142b3) x 5 0xd4d5c000
core   0: 0x80009354 (0x684d3913) sltiu   s2, s10, 1668
core   0: 3 0x80009354 (0x684d3913) x18 0x00000001
core   0: 0x80009358 (0xca06cb93) xori    s7, a3, -864
core   0: 3 0x80009358 (0xca06cb93) x23 0xfffffca0
core   0: 0x8000935c (0xb2b5e397) auipc   t2, 0xb2b5e
core   0: 3 0x8000935c (0xb2b5e397) x 7 0x32b6735c
core   0: 0x80009360 (0x02be6bb3) rem     s7, t3, a1
core   0: 3 0x80009360 (0x02be6bb3) x23 0x0031a109
core   0: 0x80009364 (0xb28bcc93) xori    s9, s7, -1240
core   0: 3 0x80009364 (0xb28bcc93) x25 0xffce5a21
core   0: 0x80009368 (0x00d55193) srli    gp, a0, 13
core   0: 3 0x80009368 (0x00d55193) x 3 0x00040000
core   0: 0x8000936c (0x034d61b3) rem     gp, s10, s4
core   0: 3 0x8000936c (0x034d61b3) x 3 0x00000000
core   0: 0x80009370 (0x00a464b3) or      s1, s0, a0
core   0: 3 0x80009370 (0x00a464b3) x 9 0x80000000
core   0: 0x80009374 (0x00d0e7b3) or      a5, ra, a3
core   0: 3 0x80009374 (0x00d0e7b3) x15 0x00000001
core   0: 0x80009378 (0x0003b5b3) sltu    a1, t2, zero
core   0: 3 0x80009378 (0x0003b5b3) x11 0x00000000
core   0: 0x8000937c (0x01189913) slli    s2, a7, 17
core   0: 3 0x8000937c (0x01189913) x18 0xebb00000
core   0: 0x80009380 (0x017d8f33) add     t5, s11, s7
core   0: 3 0x80009380 (0x017d8f33) x30 0x0031a109
core   0: 0x80009384 (0x01182133) slt     sp, a6, a7
core   0: 3 0x80009384 (0x01182133) x 2 0x00000001
core   0: 0x80009388 (0x40ca5433) sra     s0, s4, a2
core   0: 3 0x80009388 (0x40ca5433) x 8 0xfffffff0
core   0: 0x8000938c (0x00e3dcb3) srl     s9, t2, a4
core   0: 3 0x8000938c (0x00e3dcb3) x25 0x00000195
core   0: 0x80009390 (0x00e677b3) and     a5, a2, a4
core   0: 3 0x80009390 (0x00e677b3) x15 0x7fe38911
core   0: 0x80009394 (0x030cfcb3) remu    s9, s9, a6
core   0: 3 0x80009394 (0x030cfcb3) x25 0x00000195
core   0: 0x80009398 (0x40e3d333) sra     t1, t2, a4
core   0: 3 0x80009398 (0x40e3d333) x 6 0x00000195
core   0: 0x8000939c (0x34a74293) xori    t0, a4, 842
core   0: 3 0x8000939c (0x34a74293) x 5 0xffe38a5f
core   0: 0x800093a0 (0x618afd93) andi    s11, s5, 1560
core   0: 3 0x800093a0 (0x618afd93) x27 0x00000000
core   0: 0x800093a4 (0x9ff6ee13) ori     t3, a3, -1537
core   0: 3 0x800093a4 (0x9ff6ee13) x28 0xfffff9ff
core   0: 0x800093a8 (0x00cc6db3) or      s11, s8, a2
core   0: 3 0x800093a8 (0x00cc6db3) x27 0xfffffffb
core   0: 0x800093ac (0x9ef2da37) lui     s4, 0x9ef2d
core   0: 3 0x800093ac (0x9ef2da37) x20 0x9ef2d000
core   0: 0x800093b0 (0x00899693) slli    a3, s3, 8
core   0: 3 0x800093b0 (0x00899693) x13 0x00000000
core   0: 0x800093b4 (0x01f54e33) xor     t3, a0, t6
core   0: 3 0x800093b4 (0x01f54e33) x28 0x80000000
core   0: 0x800093b8 (0x03ab8fb3) mul     t6, s7, s10
core   0: 3 0x800093b8 (0x03ab8fb3) x31 0x00000000
core   0: 0x800093bc (0x01468433) add     s0, a3, s4
core   0: 3 0x800093bc (0x01468433) x 8 0x9ef2d000
core   0: 0x800093c0 (0x02839033) mulh    zero, t2, s0
core   0: 3 0x800093c0 (0x02839033)
core   0: 0x800093c4 (0x63935617) auipc   a2, 0x63935
core   0: 3 0x800093c4 (0x63935617) x12 0xe393e3c4
core   0: 0x800093c8 (0x0160ba33) sltu    s4, ra, s6
core   0: 3 0x800093c8 (0x0160ba33) x20 0x00000001
core   0: 0x800093cc (0x036f58b3) divu    a7, t5, s6
core   0: 3 0x800093cc (0x036f58b3) x17 0x00000000
core   0: 0x800093d0 (0xef51f413) andi    s0, gp, -267
core   0: 3 0x800093d0 (0xef51f413) x 8 0x00000000
core   0: 0x800093d4 (0x0336bab3) mulhu   s5, a3, s3
core   0: 3 0x800093d4 (0x0336bab3) x21 0x00000000
core   0: 0x800093d8 (0x408f55b3) sra     a1, t5, s0
core   0: 3 0x800093d8 (0x408f55b3) x11 0x0031a109
core   0: 0x800093dc (0x0030b333) sltu    t1, ra, gp
core   0: 3 0x800093dc (0x0030b333) x 6 0x00000000
core   0: 0x800093e0 (0x1366bd13) sltiu   s10, a3, 310
core   0: 3 0x800093e0 (0x1366bd13) x26 0x00000001
core   0: 0x800093e4 (0x03488733) mul     a4, a7, s4
core   0: 3 0x800093e4 (0x03488733) x14 0x00000000
core   0: 0x800093e8 (0x41f8d113) srai    sp, a7, 31
core   0: 3 0x800093e8 (0x41f8d113) x 2 0x00000000
core   0: 0x800093ec (0x1629e397) auipc   t2, 0x1629e
core   0: 3 0x800093ec (0x1629e397) x 7 0x962a73ec
core   0: 0x800093f0 (0x036970b3) remu    ra, s2, s6
core   0: 3 0x800093f0 (0x036970b3) x 1 0x6baeb19c
core   0: 0x800093f4 (0x01519493) slli    s1, gp, 21
core   0: 3 0x800093f4 (0x01519493) x 9 0x00000000
core   0: 0x800093f8 (0x017516b3) sll     a3, a0, s7
core   0: 3 0x800093f8 (0x017516b3) x13 0x00000000
core   0: 0x800093fc (0xb109bc93) sltiu   s9, s3, -1264
core   0: 3 0x800093fc (0xb109bc93) x25 0x00000001
core   0: 0x80009400 (0x41660133) sub     sp, a2, s6
core   0: 3 0x80009400 (0x41660133) x 2 0x63929560
core   0: 0x80009404 (0x007a5db3) srl     s11, s4, t2
core   0: 3 0x80009404 (0x007a5db3) x27 0x00000000
core   0: 0x80009408 (0x404e07b3) sub     a5, t3, tp
core   0: 3 0x80009408 (0x404e07b3) x15 0x7fffffff
core   0: 0x8000940c (0x022939b3) mulhu   s3, s2, sp
core   0: 3 0x8000940c (0x022939b3) x19 0x5bac03e5
core   0: 0x80009410 (0xdbf3a793) slti    a5, t2, -577
core   0: 3 0x80009410 (0xdbf3a793) x15 0x00000001
core   0: 0x80009414 (0xe2c96a13) ori     s4, s2, -468
core   0: 3 0x80009414 (0xe2c96a13) x20 0xfffffe2c
core   0: 0x80009418 (0x02f4e6b3) rem     a3, s1, a5
core   0: 3 0x80009418 (0x02f4e6b3) x13 0x00000000
core   0: 0x8000941c (0x017258b3) srl     a7, tp, s7
core   0: 3 0x8000941c (0x017258b3) x17 0x00000000
core   0: 0x80009420 (0x03f84033) div     zero, a6, t6
core   0: 3 0x80009420 (0x03f84033)
core   0: 0x80009424 (0x6e439117) auipc   sp, 0x6e439
core   0: 3 0x80009424 (0x6e439117) x 2 0xee442424
core   0: 0x80009428 (0x03170db3) mul     s11, a4, a7
core   0: 3 0x80009428 (0x03170db3) x27 0x00000000
core   0: 0x8000942c (0x01d21bb3) sll     s7, tp, t4
core   0: 3 0x8000942c (0x01d21bb3) x23 0x00000008
core   0: 0x80009430 (0x02c663b3) rem     t2, a2, a2
core   0: 3 0x80009430 (0x02c663b3) x 7 0x00000000
core   0: 0x80009434 (0xbc8d8613) addi    a2, s11, -1080
core   0: 3 0x80009434 (0xbc8d8613) x12 0xfffffbc8
core   0: 0x80009438 (0x0062b5b3) sltu    a1, t0, t1
core   0: 3 0x80009438 (0x0062b5b3) x11 0x00000000
core   0: 0x8000943c (0x036c2233) mulhsu  tp, s8, s6
core   0: 3 0x8000943c (0x036c2233) x 4 0xf0774b24
core   0: 0x80009440 (0x0142a933) slt     s2, t0, s4
core   0: 3 0x80009440 (0x0142a933) x18 0x00000001
core   0: 0x80009444 (0x2ecd7693) andi    a3, s10, 748
core   0: 3 0x80009444 (0x2ecd7693) x13 0x00000000
core   0: 0x80009448 (0x005fd233) srl     tp, t6, t0
core   0: 3 0x80009448 (0x005fd233) x 4 0x00000000
core   0: 0x8000944c (0x0037d433) srl     s0, a5, gp
core   0: 3 0x8000944c (0x0037d433) x 8 0x00000001
core   0: 0x80009450 (0x011a78b3) and     a7, s4, a7
core   0: 3 0x80009450 (0x011a78b3) x17 0x00000000
core   0: 0x80009454 (0x025ce733) rem     a4, s9, t0
core   0: 3 0x80009454 (0x025ce733) x14 0x00000001
core   0: 0x80009458 (0x03de0033) mul     zero, t3, t4
core   0: 3 0x80009458 (0x03de0033)
core   0: 0x8000945c (0x01fc6db3) or      s11, s8, t6
core   0: 3 0x8000945c (0x01fc6db3) x27 0xe0eee772
core   0: 0x80009460 (0x009037b3) snez    a5, s1
core   0: 3 0x80009460 (0x009037b3) x15 0x00000000
core   0: 0x80009464 (0x02cbfcb3) remu    s9, s7, a2
core   0: 3 0x80009464 (0x02cbfcb3) x25 0x00000008
core   0: 0x80009468 (0x0b61c913) xori    s2, gp, 182
core   0: 3 0x80009468 (0x0b61c913) x18 0x000000b6
core   0: 0x8000946c (0x001326b3) slt     a3, t1, ra
core   0: 3 0x8000946c (0x001326b3) x13 0x00000001
core   0: 0x80009470 (0x01b69393) slli    t2, a3, 27
core   0: 3 0x80009470 (0x01b69393) x 7 0x08000000
core   0: 0x80009474 (0xc4a5ba13) sltiu   s4, a1, -950
core   0: 3 0x80009474 (0xc4a5ba13) x20 0x00000001
core   0: 0x80009478 (0x035c3d33) mulhu   s10, s8, s5
core   0: 3 0x80009478 (0x035c3d33) x26 0x00000000
core   0: 0x8000947c (0x01768333) add     t1, a3, s7
core   0: 3 0x8000947c (0x01768333) x 6 0x00000009
core   0: 0x80009480 (0x41dc08b3) sub     a7, s8, t4
core   0: 3 0x80009480 (0x41dc08b3) x17 0xe0f2764f
core   0: 0x80009484 (0x0115dc93) srli    s9, a1, 17
core   0: 3 0x80009484 (0x0115dc93) x25 0x00000000
core   0: 0x80009488 (0x03c3fbb3) remu    s7, t2, t3
core   0: 3 0x80009488 (0x03c3fbb3) x23 0x08000000
core   0: 0x8000948c (0x400dd893) srai    a7, s11, 0
core   0: 3 0x8000948c (0x400dd893) x17 0xe0eee772
core   0: 0x80009490 (0x5a4bea97) auipc   s5, 0x5a4be
core   0: 3 0x80009490 (0x5a4bea97) x21 0xda4c7490
core   0: 0x80009494 (0x03109433) mulh    s0, ra, a7
core   0: 3 0x80009494 (0x03109433) x 8 0xf2eea790
core   0: 0x80009498 (0x03967bb3) remu    s7, a2, s9
core   0: 3 0x80009498 (0x03967bb3) x23 0xfffffbc8
core   0: 0x8000949c (0x024c8f33) mul     t5, s9, tp
core   0: 3 0x8000949c (0x024c8f33) x30 0x00000000
core   0: 0x800094a0 (0x01d1ad33) slt     s10, gp, t4
core   0: 3 0x800094a0 (0x01d1ad33) x26 0x00000000
core   0: 0x800094a4 (0x01936733) or      a4, t1, s9
core   0: 3 0x800094a4 (0x01936733) x14 0x00000009
core   0: 0x800094a8 (0x00000013) nop
core   0: 3 0x800094a8 (0x00000013)
core   0: 0x800094ac (0x01132133) slt     sp, t1, a7
core   0: 3 0x800094ac (0x01132133) x 2 0x00000000
core   0: 0x800094b0 (0x02c14033) div     zero, sp, a2
core   0: 3 0x800094b0 (0x02c14033)
core   0: 0x800094b4 (0x03753433) mulhu   s0, a0, s7
core   0: 3 0x800094b4 (0x03753433) x 8 0x7ffffde4
core   0: 0x800094b8 (0x015de433) or      s0, s11, s5
core   0: 3 0x800094b8 (0x015de433) x 8 0xfaeef7f2
core   0: 0x800094bc (0x01276a33) or      s4, a4, s2
core   0: 3 0x800094bc (0x01276a33) x20 0x000000bf
core   0: 0x800094c0 (0x41108eb3) sub     t4, ra, a7
core   0: 3 0x800094c0 (0x41108eb3) x29 0x8abfca2a
core   0: 0x800094c4 (0x02035233) divu    tp, t1, zero
core   0: 3 0x800094c4 (0x02035233) x 4 0xffffffff
core   0: 0x800094c8 (0x032ef333) remu    t1, t4, s2
core   0: 3 0x800094c8 (0x032ef333) x 6 0x000000a6
core   0: 0x800094cc (0x03cf7333) remu    t1, t5, t3
core   0: 3 0x800094cc (0x03cf7333) x 6 0x00000000
core   0: 0x800094d0 (0x4084d133) sra     sp, s1, s0
core   0: 3 0x800094d0 (0x4084d133) x 2 0x00000000
core   0: 0x800094d4 (0x4050df33) sra     t5, ra, t0
core   0: 3 0x800094d4 (0x4050df33) x30 0x00000000
core   0: 0x800094d8 (0x03df9f33) mulh    t5, t6, t4
core   0: 3 0x800094d8 (0x03df9f33) x30 0x00000000
core   0: 0x800094dc (0x02d6a5b3) mulhsu  a1, a3, a3
core   0: 3 0x800094dc (0x02d6a5b3) x11 0x00000000
core   0: 0x800094e0 (0x4145d733) sra     a4, a1, s4
core   0: 3 0x800094e0 (0x4145d733) x14 0x00000000
core   0: 0x800094e4 (0x00000013) nop
core   0: 3 0x800094e4 (0x00000013)
core   0: 0x800094e8 (0x409b82b3) sub     t0, s7, s1
core   0: 3 0x800094e8 (0x409b82b3) x 5 0xfffffbc8
core   0: 0x800094ec (0x031ffab3) remu    s5, t6, a7
core   0: 3 0x800094ec (0x031ffab3) x21 0x00000000
core   0: 0x800094f0 (0xd3263f17) auipc   t5, 0xd3263
core   0: 3 0x800094f0 (0xd3263f17) x30 0x5326c4f0
core   0: 0x800094f4 (0x01e0fbb3) and     s7, ra, t5
core   0: 3 0x800094f4 (0x01e0fbb3) x23 0x43268090
core   0: 0x800094f8 (0x0303e4b3) rem     s1, t2, a6
core   0: 3 0x800094f8 (0x0303e4b3) x 9 0x08000000
core   0: 0x800094fc (0x02f559b3) divu    s3, a0, a5
core   0: 3 0x800094fc (0x02f559b3) x19 0xffffffff
core   0: 0x80009500 (0x00d4bfb3) sltu    t6, s1, a3
core   0: 3 0x80009500 (0x00d4bfb3) x31 0x00000000
core   0: 0x80009504 (0x00000013) nop
core   0: 3 0x80009504 (0x00000013)
core   0: 0x80009508 (0x0264a933) mulhsu  s2, s1, t1
core   0: 3 0x80009508 (0x0264a933) x18 0x00000000
core   0: 0x8000950c (0x2e9ede17) auipc   t3, 0x2e9ed
core   0: 3 0x8000950c (0x2e9ede17) x28 0xae9f650c
core   0: 0x80009510 (0x038bf3b3) remu    t2, s7, s8
core   0: 3 0x80009510 (0x038bf3b3) x 7 0x43268090
core   0: 0x80009514 (0xc0a02317) auipc   t1, 0xc0a02
core   0: 3 0x80009514 (0xc0a02317) x 6 0x40a0b514
core   0: 0x80009518 (0x404cd2b3) sra     t0, s9, tp
core   0: 3 0x80009518 (0x404cd2b3) x 5 0x00000000
core   0: 0x8000951c (0x015fd933) srl     s2, t6, s5
core   0: 3 0x8000951c (0x015fd933) x18 0x00000000
core   0: 0x80009520 (0x1a7b3613) sltiu   a2, s6, 423
core   0: 3 0x80009520 (0x1a7b3613) x12 0x00000000
core   0: 0x80009524 (0x030b8cb3) mul     s9, s7, a6
core   0: 3 0x80009524 (0x030b8cb3) x25 0x5d294040
core   0: 0x80009528 (0x00e150b3) srl     ra, sp, a4
core   0: 3 0x80009528 (0x00e150b3) x 1 0x00000000
core   0: 0x8000952c (0x11b50893) addi    a7, a0, 283
core   0: 3 0x8000952c (0x11b50893) x17 0x8000011b
core   0: 0x80009530 (0xd9773213) sltiu   tp, a4, -617
core   0: 3 0x80009530 (0xd9773213) x 4 0x00000001
core   0: 0x80009534 (0x02c2ea33) rem     s4, t0, a2
core   0: 3 0x80009534 (0x02c2ea33) x20 0x00000000
core   0: 0x80009538 (0x02a50333) mul     t1, a0, a0
core   0: 3 0x80009538 (0x02a50333) x 6 0x00000000
core   0: 0x8000953c (0x00eda6b3) slt     a3, s11, a4
core   0: 3 0x8000953c (0x00eda6b3) x13 0x00000001
core   0: 0x80009540 (0x01769db3) sll     s11, a3, s7
core   0: 3 0x80009540 (0x01769db3) x27 0x00010000
core   0: 0x80009544 (0xeeef6613) ori     a2, t5, -274
core   0: 3 0x80009544 (0xeeef6613) x12 0xfffffefe
core   0: 0x80009548 (0x418e5593) srai    a1, t3, 24
core   0: 3 0x80009548 (0x418e5593) x11 0xffffffae
core   0: 0x8000954c (0x03c84233) div     tp, a6, t3
core   0: 3 0x8000954c (0x03c84233) x 4 0x00000001
core   0: 0x80009550 (0x03f586b3) mul     a3, a1, t6
core   0: 3 0x80009550 (0x03f586b3) x13 0x00000000
core   0: 0x80009554 (0x02a643b3) div     t2, a2, a0
core   0: 3 0x80009554 (0x02a643b3) x 7 0x00000000
core   0: 0x80009558 (0x035324b3) mulhsu  s1, t1, s5
core   0: 3 0x80009558 (0x035324b3) x 9 0x00000000
core   0: 0x8000955c (0xc480c7b7) lui     a5, 0xc480c
core   0: 3 0x8000955c (0xc480c7b7) x15 0xc480c000
core   0: 0x80009560 (0x02f255b3) divu    a1, tp, a5
core   0: 3 0x80009560 (0x02f255b3) x11 0x00000000
core   0: 0x80009564 (0x41bad733) sra     a4, s5, s11
core   0: 3 0x80009564 (0x41bad733) x14 0x00000000
core   0: 0x80009568 (0x72bd3d93) sltiu   s11, s10, 1835
core   0: 3 0x80009568 (0x72bd3d93) x27 0x00000001
core   0: 0x8000956c (0x001a1633) sll     a2, s4, ra
core   0: 3 0x8000956c (0x001a1633) x12 0x00000000
core   0: 0x80009570 (0xe02a6413) ori     s0, s4, -510
core   0: 3 0x80009570 (0xe02a6413) x 8 0xfffffe02
core   0: 0x80009574 (0xdbca9db7) lui     s11, 0xdbca9
core   0: 3 0x80009574 (0xdbca9db7) x27 0xdbca9000
core   0: 0x80009578 (0x03d019b3) mulh    s3, zero, t4
core   0: 3 0x80009578 (0x03d019b3) x19 0x00000000
core   0: 0x8000957c (0x017a5c33) srl     s8, s4, s7
core   0: 3 0x8000957c (0x017a5c33) x24 0x00000000
core   0: 0x80009580 (0x01795a93) srli    s5, s2, 23
core   0: 3 0x80009580 (0x01795a93) x21 0x00000000
core   0: 0x80009584 (0x00d69413) slli    s0, a3, 13
core   0: 3 0x80009584 (0x00d69413) x 8 0x00000000
core   0: 0x80009588 (0x014d19b3) sll     s3, s10, s4
core   0: 3 0x80009588 (0x014d19b3) x19 0x00000000
core   0: 0x8000958c (0x0a7e2193) slti    gp, t3, 167
core   0: 3 0x8000958c (0x0a7e2193) x 3 0x00000001
core   0: 0x80009590 (0xfa575c17) auipc   s8, 0xfa575
core   0: 3 0x80009590 (0xfa575c17) x24 0x7a57e590
core   0: 0x80009594 (0x00cf9d93) slli    s11, t6, 12
core   0: 3 0x80009594 (0x00cf9d93) x27 0x00000000
core   0: 0x80009598 (0x62210f93) addi    t6, sp, 1570
core   0: 3 0x80009598 (0x62210f93) x31 0x00000622
core   0: 0x8000959c (0x02dff133) remu    sp, t6, a3
core   0: 3 0x8000959c (0x02dff133) x 2 0x00000622
core   0: 0x800095a0 (0x4bb2b297) auipc   t0, 0x4bb2b
core   0: 3 0x800095a0 (0x4bb2b297) x 5 0xcbb345a0
core   0: 0x800095a4 (0xb42e2b93) slti    s7, t3, -1214
core   0: 3 0x800095a4 (0xb42e2b93) x23 0x00000001
core   0: 0x800095a8 (0x022353b3) divu    t2, t1, sp
core   0: 3 0x800095a8 (0x022353b3) x 7 0x00000000
core   0: 0x800095ac (0x03e47133) remu    sp, s0, t5
core   0: 3 0x800095ac (0x03e47133) x 2 0x00000000
core   0: 0x800095b0 (0x014bfab3) and     s5, s7, s4
core   0: 3 0x800095b0 (0x014bfab3) x21 0x00000000
core   0: 0x800095b4 (0x03a96433) rem     s0, s2, s10
core   0: 3 0x800095b4 (0x03a96433) x 8 0x00000000
core   0: 0x800095b8 (0x2f603d93) sltiu   s11, zero, 758
core   0: 3 0x800095b8 (0x2f603d93) x27 0x00000001
core   0: 0x800095bc (0x7f98c493) xori    s1, a7, 2041
core   0: 3 0x800095bc (0x7f98c493) x 9 0x800006e2
core   0: 0x800095c0 (0x00ebdc93) srli    s9, s7, 14
core   0: 3 0x800095c0 (0x00ebdc93) x25 0x00000000
core   0: 0x800095c4 (0x02841433) mulh    s0, s0, s0
core   0: 3 0x800095c4 (0x02841433) x 8 0x00000000
core   0: 0x800095c8 (0x00c5a0b3) slt     ra, a1, a2
core   0: 3 0x800095c8 (0x00c5a0b3) x 1 0x00000000
core   0: 0x800095cc (0x039bb433) mulhu   s0, s7, s9
core   0: 3 0x800095cc (0x039bb433) x 8 0x00000000
core   0: 0x800095d0 (0x00c5c133) xor     sp, a1, a2
core   0: 3 0x800095d0 (0x00c5c133) x 2 0x00000000
core   0: 0x800095d4 (0x02d0edb3) rem     s11, ra, a3
core   0: 3 0x800095d4 (0x02d0edb3) x27 0x00000000
core   0: 0x800095d8 (0x9cdbbd13) sltiu   s10, s7, -1587
core   0: 3 0x800095d8 (0x9cdbbd13) x26 0x00000001
core   0: 0x800095dc (0x015ffbb3) and     s7, t6, s5
core   0: 3 0x800095dc (0x015ffbb3) x23 0x00000000
core   0: 0x800095e0 (0x4127dcb3) sra     s9, a5, s2
core   0: 3 0x800095e0 (0x4127dcb3) x25 0xc480c000
core   0: 0x800095e4 (0x026fa1b3) mulhsu  gp, t6, t1
core   0: 3 0x800095e4 (0x026fa1b3) x 3 0x00000000
core   0: 0x800095e8 (0xbcce6c13) ori     s8, t3, -1076
core   0: 3 0x800095e8 (0xbcce6c13) x24 0xffffffcc
core   0: 0x800095ec (0x00a49793) slli    a5, s1, 10
core   0: 3 0x800095ec (0x00a49793) x15 0x001b8800
core   0: 0x800095f0 (0x4b242393) slti    t2, s0, 1202
core   0: 3 0x800095f0 (0x4b242393) x 7 0x00000001
core   0: 0x800095f4 (0xbfdbe497) auipc   s1, 0xbfdbe
core   0: 3 0x800095f4 (0xbfdbe497) x 9 0x3fdc75f4
core   0: 0x800095f8 (0x00ffe633) or      a2, t6, a5
core   0: 3 0x800095f8 (0x00ffe633) x12 0x001b8e22
core   0: 0x800095fc (0x030663b3) rem     t2, a2, a6
core   0: 3 0x800095fc (0x030663b3) x 7 0x001b8e22
core   0: 0x80009600 (0x01d7e933) or      s2, a5, t4
core   0: 3 0x80009600 (0x01d7e933) x18 0x8abfca2a
core   0: 0x80009604 (0x407bd313) srai    t1, s7, 7
core   0: 3 0x80009604 (0x407bd313) x 6 0x00000000
core   0: 0x80009608 (0x009042b3) xor     t0, zero, s1
core   0: 3 0x80009608 (0x009042b3) x 5 0x3fdc75f4
core   0: 0x8000960c (0x41965613) srai    a2, a2, 25
core   0: 3 0x8000960c (0x41965613) x12 0x00000000
core   0: 0x80009610 (0x007563b3) or      t2, a0, t2
core   0: 3 0x80009610 (0x007563b3) x 7 0x801b8e22
core   0: 0x80009614 (0x40985e13) srai    t3, a6, 9
core   0: 3 0x80009614 (0x40985e13) x28 0xffc000c6
core   0: 0x80009618 (0x019dd733) srl     a4, s11, s9
core   0: 3 0x80009618 (0x019dd733) x14 0x00000000
core   0: 0x8000961c (0x9b0b2713) slti    a4, s6, -1616
core   0: 3 0x8000961c (0x9b0b2713) x14 0x00000001
core   0: 0x80009620 (0x0223cfb3) div     t6, t2, sp
core   0: 3 0x80009620 (0x0223cfb3) x31 0xffffffff
core   0: 0x80009624 (0x0217f4b3) remu    s1, a5, ra
core   0: 3 0x80009624 (0x0217f4b3) x 9 0x001b8800
core   0: 0x80009628 (0x71f73893) sltiu   a7, a4, 1823
core   0: 3 0x80009628 (0x71f73893) x17 0x00000001
core   0: 0x8000962c (0x49db8e13) addi    t3, s7, 1181
core   0: 3 0x8000962c (0x49db8e13) x28 0x0000049d
core   0: 0x80009630 (0x03daccb3) div     s9, s5, t4
core   0: 3 0x80009630 (0x03daccb3) x25 0x00000000
core   0: 0x80009634 (0x031d65b3) rem     a1, s10, a7
core   0: 3 0x80009634 (0x031d65b3) x11 0x00000000
core   0: 0x80009638 (0x8dfad137) lui     sp, 0x8dfad
core   0: 3 0x80009638 (0x8dfad137) x 2 0x8dfad000
core   0: 0x8000963c (0x1cc53913) sltiu   s2, a0, 460
core   0: 3 0x8000963c (0x1cc53913) x18 0x00000000
core   0: 0x80009640 (0x44d18297) auipc   t0, 0x44d18
core   0: 3 0x80009640 (0x44d18297) x 5 0xc4d21640
core   0: 0x80009644 (0x00500233) add     tp, zero, t0
core   0: 3 0x80009644 (0x00500233) x 4 0xc4d21640
core   0: 0x80009648 (0x21114913) xori    s2, sp, 529
core   0: 3 0x80009648 (0x21114913) x18 0x8dfad211
core   0: 0x8000964c (0xe3846d13) ori     s10, s0, -456
core   0: 3 0x8000964c (0xe3846d13) x26 0xfffffe38
core   0: 0x80009650 (0x401ed613) srai    a2, t4, 1
core   0: 3 0x80009650 (0x401ed613) x12 0xc55fe515
core   0: 0x80009654 (0x8156e093) ori     ra, a3, -2027
core   0: 3 0x80009654 (0x8156e093) x 1 0xfffff815
core   0: 0x80009658 (0x01860233) add     tp, a2, s8
core   0: 3 0x80009658 (0x01860233) x 4 0xc55fe4e1
core   0: 0x8000965c (0xa3a32493) slti    s1, t1, -1478
core   0: 3 0x8000965c (0xa3a32493) x 9 0x00000000
core   0: 0x80009660 (0xe92c6d13) ori     s10, s8, -366
core   0: 3 0x80009660 (0xe92c6d13) x26 0xffffffde
core   0: 0x80009664 (0x02718fb3) mul     t6, gp, t2
core   0: 3 0x80009664 (0x02718fb3) x31 0x00000000
core   0: 0x80009668 (0x03b52633) mulhsu  a2, a0, s11
core   0: 3 0x80009668 (0x03b52633) x12 0x00000000
core   0: 0x8000966c (0x0050e4b3) or      s1, ra, t0
core   0: 3 0x8000966c (0x0050e4b3) x 9 0xfffffe55
core   0: 0x80009670 (0x4133d5b3) sra     a1, t2, s3
core   0: 3 0x80009670 (0x4133d5b3) x11 0x801b8e22
core   0: 0x80009674 (0x25698e93) addi    t4, s3, 598
core   0: 3 0x80009674 (0x25698e93) x29 0x00000256
core   0: 0x80009678 (0x000094b3) sll     s1, ra, zero
core   0: 3 0x80009678 (0x000094b3) x 9 0xfffff815
core   0: 0x8000967c (0x0469c193) xori    gp, s3, 70
core   0: 3 0x8000967c (0x0469c193) x 3 0x00000046
core   0: 0x80009680 (0x00d948b3) xor     a7, s2, a3
core   0: 3 0x80009680 (0x00d948b3) x17 0x8dfad211
core   0: 0x80009684 (0x00f2a7b3) slt     a5, t0, a5
core   0: 3 0x80009684 (0x00f2a7b3) x15 0x00000001
core   0: 0x80009688 (0x0281e733) rem     a4, gp, s0
core   0: 3 0x80009688 (0x0281e733) x14 0x00000046
core   0: 0x8000968c (0x02f699b3) mulh    s3, a3, a5
core   0: 3 0x8000968c (0x02f699b3) x19 0x00000000
core   0: 0x80009690 (0x02f5fab3) remu    s5, a1, a5
core   0: 3 0x80009690 (0x02f5fab3) x21 0x00000000
core   0: 0x80009694 (0x007e8ab3) add     s5, t4, t2
core   0: 3 0x80009694 (0x007e8ab3) x21 0x801b9078
core   0: 0x80009698 (0x6c8a38b7) lui     a7, 0x6c8a3
core   0: 3 0x80009698 (0x6c8a38b7) x17 0x6c8a3000
core   0: 0x8000969c (0x015407b3) add     a5, s0, s5
core   0: 3 0x8000969c (0x015407b3) x15 0x801b9078
core   0: 0x800096a0 (0x01e6d333) srl     t1, a3, t5
core   0: 3 0x800096a0 (0x01e6d333) x 6 0x00000000
core   0: 0x800096a4 (0x0163d613) srli    a2, t2, 22
core   0: 3 0x800096a4 (0x0163d613) x12 0x00000200
core   0: 0x800096a8 (0x0119e8b3) or      a7, s3, a7
core   0: 3 0x800096a8 (0x0119e8b3) x17 0x6c8a3000
core   0: 0x800096ac (0x03df18b3) mulh    a7, t5, t4
core   0: 3 0x800096ac (0x03df18b3) x17 0x000000c2
core   0: 0x800096b0 (0x53f78393) addi    t2, a5, 1343
core   0: 3 0x800096b0 (0x53f78393) x 7 0x801b95b7
core   0: 0x800096b4 (0x0340e033) rem     zero, ra, s4
core   0: 3 0x800096b4 (0x0340e033)
core   0: 0x800096b8 (0x28aaf313) andi    t1, s5, 650
core   0: 3 0x800096b8 (0x28aaf313) x 6 0x00000008
core   0: 0x800096bc (0x02e3e5b3) rem     a1, t2, a4
core   0: 3 0x800096bc (0x02e3e5b3) x11 0xfffffff7
core   0: 0x800096c0 (0x4042dd13) srai    s10, t0, 4
core   0: 3 0x800096c0 (0x4042dd13) x26 0xfc4d2164
core   0: 0x800096c4 (0x00eaba33) sltu    s4, s5, a4
core   0: 3 0x800096c4 (0x00eaba33) x20 0x00000000
core   0: 0x800096c8 (0x025a6fb3) rem     t6, s4, t0
core   0: 3 0x800096c8 (0x025a6fb3) x31 0x00000000
core   0: 0x800096cc (0x0335ccb3) div     s9, a1, s3
core   0: 3 0x800096cc (0x0335ccb3) x25 0xffffffff
core   0: 0x800096d0 (0x031660b3) rem     ra, a2, a7
core   0: 3 0x800096d0 (0x031660b3) x 1 0x0000007c
core   0: 0x800096d4 (0xb2aff993) andi    s3, t6, -1238
core   0: 3 0x800096d4 (0xb2aff993) x19 0x00000000
core   0: 0x800096d8 (0x00000013) nop
core   0: 3 0x800096d8 (0x00000013)
core   0: 0x800096dc (0x00000013) nop
core   0: 3 0x800096dc (0x00000013)
core   0: 0x800096e0 (0x3016cf93) xori    t6, a3, 769
core   0: 3 0x800096e0 (0x3016cf93) x31 0x00000301
core   0: 0x800096e4 (0x00d8f133) and     sp, a7, a3
core   0: 3 0x800096e4 (0x00d8f133) x 2 0x00000000
core   0: 0x800096e8 (0x011107b3) add     a5, sp, a7
core   0: 3 0x800096e8 (0x011107b3) x15 0x000000c2
core   0: 0x800096ec (0xc50d3e93) sltiu   t4, s10, -944
core   0: 3 0x800096ec (0xc50d3e93) x29 0x00000001
core   0: 0x800096f0 (0x01bb5133) srl     sp, s6, s11
core   0: 3 0x800096f0 (0x01bb5133) x 2 0x80014e64
core   0: 0x800096f4 (0x0303d933) divu    s2, t2, a6
core   0: 3 0x800096f4 (0x0303d933) x18 0x00000001
core   0: 0x800096f8 (0x03c98bb3) mul     s7, s3, t3
core   0: 3 0x800096f8 (0x03c98bb3) x23 0x00000000
core   0: 0x800096fc (0x009252b3) srl     t0, tp, s1
core   0: 3 0x800096fc (0x009252b3) x 5 0x0000062a
core   0: 0x80009700 (0x52f74c93) xori    s9, a4, 1327
core   0: 3 0x80009700 (0x52f74c93) x25 0x00000569
core   0: 0x80009704 (0x0a3b8013) addi    zero, s7, 163
core   0: 3 0x80009704 (0x0a3b8013)
core   0: 0x80009708 (0xb4626313) ori     t1, tp, -1210
core   0: 3 0x80009708 (0xb4626313) x 6 0xffffffe7
core   0: 0x8000970c (0x013b6bb3) or      s7, s6, s3
core   0: 3 0x8000970c (0x013b6bb3) x23 0x80014e64
core   0: 0x80009710 (0x039ecf33) div     t5, t4, s9
core   0: 3 0x80009710 (0x039ecf33) x30 0x00000000
core   0: 0x80009714 (0x001ed613) srli    a2, t4, 1
core   0: 3 0x80009714 (0x001ed613) x12 0x00000000
core   0: 0x80009718 (0x01fc9213) slli    tp, s9, 31
core   0: 3 0x80009718 (0x01fc9213) x 4 0x80000000
core   0: 0x8000971c (0x01da5fb3) srl     t6, s4, t4
core   0: 3 0x8000971c (0x01da5fb3) x31 0x00000000
core   0: 0x80009720 (0x19c7e617) auipc   a2, 0x19c7e
core   0: 3 0x80009720 (0x19c7e617) x12 0x99c87720
core   0: 0x80009724 (0x00573633) sltu    a2, a4, t0
core   0: 3 0x80009724 (0x00573633) x12 0x00000001
core   0: 0x80009728 (0x036098b3) mulh    a7, ra, s6
core   0: 3 0x80009728 (0x036098b3) x17 0xffffffc2
core   0: 0x8000972c (0x003e5db3) srl     s11, t3, gp
core   0: 3 0x8000972c (0x003e5db3) x27 0x00000012
core   0: 0x80009730 (0x41f28d33) sub     s10, t0, t6
core   0: 3 0x80009730 (0x41f28d33) x26 0x0000062a
core   0: 0x80009734 (0x0344f5b3) remu    a1, s1, s4
core   0: 3 0x80009734 (0x0344f5b3) x11 0xfffff815
core   0: 0x80009738 (0x1cd86e93) ori     t4, a6, 461
core   0: 3 0x80009738 (0x1cd86e93) x29 0x80018ded
core   0: 0x8000973c (0xf9032e93) slti    t4, t1, -112
core   0: 3 0x8000973c (0xf9032e93) x29 0x00000000
core   0: 0x80009740 (0x000c83b3) add     t2, s9, zero
core   0: 3 0x80009740 (0x000c83b3) x 7 0x00000569
core   0: 0x80009744 (0x02fea3b3) mulhsu  t2, t4, a5
core   0: 3 0x80009744 (0x02fea3b3) x 7 0x00000000
core   0: 0x80009748 (0x4065da13) srai    s4, a1, 6
core   0: 3 0x80009748 (0x4065da13) x20 0xffffffe0
core   0: 0x8000974c (0xd1d22593) slti    a1, tp, -739
core   0: 3 0x8000974c (0xd1d22593) x11 0x00000001
core   0: 0x80009750 (0xf7a0cbb7) lui     s7, 0xf7a0c
core   0: 3 0x80009750 (0xf7a0cbb7) x23 0xf7a0c000
core   0: 0x80009754 (0x01b55893) srli    a7, a0, 27
core   0: 3 0x80009754 (0x01b55893) x17 0x00000010
core   0: 0x80009758 (0x4159d913) srai    s2, s3, 21
core   0: 3 0x80009758 (0x4159d913) x18 0x00000000
core   0: 0x8000975c (0x00f25193) srli    gp, tp, 15
core   0: 3 0x8000975c (0x00f25193) x 3 0x00010000
core   0: 0x80009760 (0x036f04b3) mul     s1, t5, s6
core   0: 3 0x80009760 (0x036f04b3) x 9 0x00000000
core   0: 0x80009764 (0x019903b3) add     t2, s2, s9
core   0: 3 0x80009764 (0x019903b3) x 7 0x00000569
core   0: 0x80009768 (0x01556933) or      s2, a0, s5
core   0: 3 0x80009768 (0x01556933) x18 0x801b9078
core   0: 0x8000976c (0x033f3433) mulhu   s0, t5, s3
core   0: 3 0x8000976c (0x033f3433) x 8 0x00000000
core   0: 0x80009770 (0x413e09b3) sub     s3, t3, s3
core   0: 3 0x80009770 (0x413e09b3) x19 0x0000049d
core   0: 0x80009774 (0x02ef1333) mulh    t1, t5, a4
core   0: 3 0x80009774 (0x02ef1333) x 6 0x00000000
core   0: 0x80009778 (0x024c3c33) mulhu   s8, s8, tp
core   0: 3 0x80009778 (0x024c3c33) x24 0x7fffffe6
core   0: 0x8000977c (0x6ee53993) sltiu   s3, a0, 1774
core   0: 3 0x8000977c (0x6ee53993) x19 0x00000000
core   0: 0x80009780 (0x0304f5b3) remu    a1, s1, a6
core   0: 3 0x80009780 (0x0304f5b3) x11 0x00000000
core   0: 0x80009784 (0x00f07333) and     t1, zero, a5
core   0: 3 0x80009784 (0x00f07333) x 6 0x00000000
core   0: 0x80009788 (0x00e3d113) srli    sp, t2, 14
core   0: 3 0x80009788 (0x00e3d113) x 2 0x00000000
core   0: 0x8000978c (0x021322b3) mulhsu  t0, t1, ra
core   0: 3 0x8000978c (0x021322b3) x 5 0x00000000
core   0: 0x80009790 (0x0115b4b3) sltu    s1, a1, a7
core   0: 3 0x80009790 (0x0115b4b3) x 9 0x00000001
core   0: 0x80009794 (0x00ded033) srl     zero, t4, a3
core   0: 3 0x80009794 (0x00ded033)
core   0: 0x80009798 (0x01870333) add     t1, a4, s8
core   0: 3 0x80009798 (0x01870333) x 6 0x8000002c
core   0: 0x8000979c (0x415e5293) srai    t0, t3, 21
core   0: 3 0x8000979c (0x415e5293) x 5 0x00000000
core   0: 0x800097a0 (0x00ebfcb3) and     s9, s7, a4
core   0: 3 0x800097a0 (0x00ebfcb3) x25 0x00000000
core   0: 0x800097a4 (0x7417aeb7) lui     t4, 0x7417a
core   0: 3 0x800097a4 (0x7417aeb7) x29 0x7417a000
core   0: 0x800097a8 (0x741a0793) addi    a5, s4, 1857
core   0: 3 0x800097a8 (0x741a0793) x15 0x00000721
core   0: 0x800097ac (0xdc238a13) addi    s4, t2, -574
core   0: 3 0x800097ac (0xdc238a13) x20 0x0000032b
core   0: 0x800097b0 (0x017ad913) srli    s2, s5, 23
core   0: 3 0x800097b0 (0x017ad913) x18 0x00000100
core   0: 0x800097b4 (0xc3276393) ori     t2, a4, -974
core   0: 3 0x800097b4 (0xc3276393) x 7 0xfffffc76
core   0: 0x800097b8 (0x01293433) sltu    s0, s2, s2
core   0: 3 0x800097b8 (0x01293433) x 8 0x00000000
core   0: 0x800097bc (0x01b13633) sltu    a2, sp, s11
core   0: 3 0x800097bc (0x01b13633) x12 0x00000001
core   0: 0x800097c0 (0x01047eb3) and     t4, s0, a6
core   0: 3 0x800097c0 (0x01047eb3) x29 0x00000000
core   0: 0x800097c4 (0x01b0b0b3) sltu    ra, ra, s11
core   0: 3 0x800097c4 (0x01b0b0b3) x 1 0x00000000
core   0: 0x800097c8 (0xeaebfdb7) lui     s11, 0xeaebf
core   0: 3 0x800097c8 (0xeaebfdb7) x27 0xeaebf000
core   0: 0x800097cc (0x0106f433) and     s0, a3, a6
core   0: 3 0x800097cc (0x0106f433) x 8 0x00000000
core   0: 0x800097d0 (0x00000013) nop
core   0: 3 0x800097d0 (0x00000013)
core   0: 0x800097d4 (0x400a86b3) sub     a3, s5, zero
core   0: 3 0x800097d4 (0x400a86b3) x13 0x801b9078
core   0: 0x800097d8 (0x03e619b3) mulh    s3, a2, t5
core   0: 3 0x800097d8 (0x03e619b3) x19 0x00000000
core   0: 0x800097dc (0x41615033) sra     zero, sp, s6
core   0: 3 0x800097dc (0x41615033)
core   0: 0x800097e0 (0x01865a13) srli    s4, a2, 24
core   0: 3 0x800097e0 (0x01865a13) x20 0x00000000
core   0: 0x800097e4 (0x23b5f237) lui     tp, 0x23b5f
core   0: 3 0x800097e4 (0x23b5f237) x 4 0x23b5f000
core   0: 0x800097e8 (0x00f424b3) slt     s1, s0, a5
core   0: 3 0x800097e8 (0x00f424b3) x 9 0x00000001
core   0: 0x800097ec (0x962ce093) ori     ra, s9, -1694
core   0: 3 0x800097ec (0x962ce093) x 1 0xfffff962
core   0: 0x800097f0 (0x00000013) nop
core   0: 3 0x800097f0 (0x00000013)
core   0: 0x800097f4 (0x0073dc93) srli    s9, t2, 7
core   0: 3 0x800097f4 (0x0073dc93) x25 0x01fffff8
core   0: 0x800097f8 (0x009d45b3) xor     a1, s10, s1
core   0: 3 0x800097f8 (0x009d45b3) x11 0x0000062b
core   0: 0x800097fc (0x0091bf33) sltu    t5, gp, s1
core   0: 3 0x800097fc (0x0091bf33) x30 0x00000000
core   0: 0x80009800 (0x01625c93) srli    s9, tp, 22
core   0: 3 0x80009800 (0x01625c93) x25 0x0000008e
core   0: 0x80009804 (0x7b8cf213) andi    tp, s9, 1976
core   0: 3 0x80009804 (0x7b8cf213) x 4 0x00000088
core   0: 0x80009808 (0x0321bcb3) mulhu   s9, gp, s2
core   0: 3 0x80009808 (0x0321bcb3) x25 0x00000000
core   0: 0x8000980c (0x00cf1b93) slli    s7, t5, 12
core   0: 3 0x8000980c (0x00cf1b93) x23 0x00000000
core   0: 0x80009810 (0x011d6733) or      a4, s10, a7
core   0: 3 0x80009810 (0x011d6733) x14 0x0000063a
core   0: 0x80009814 (0x15e9a693) slti    a3, s3, 350
core   0: 3 0x80009814 (0x15e9a693) x13 0x00000001
core   0: 0x80009818 (0x01f49b93) slli    s7, s1, 31
core   0: 3 0x80009818 (0x01f49b93) x23 0x80000000
core   0: 0x8000981c (0x02e33a33) mulhu   s4, t1, a4
core   0: 3 0x8000981c (0x02e33a33) x20 0x0000031d
core   0: 0x80009820 (0xb9dde913) ori     s2, s11, -1123
core   0: 3 0x80009820 (0xb9dde913) x18 0xfffffb9d
core   0: 0x80009824 (0x01505eb3) srl     t4, zero, s5
core   0: 3 0x80009824 (0x01505eb3) x29 0x00000000
core   0: 0x80009828 (0x015a84b3) add     s1, s5, s5
core   0: 3 0x80009828 (0x015a84b3) x 9 0x003720f0
core   0: 0x8000982c (0x02756a33) rem     s4, a0, t2
core   0: 3 0x8000982c (0x02756a33) x20 0xfffffffe
core   0: 0x80009830 (0x01e2e1b3) or      gp, t0, t5
core   0: 3 0x80009830 (0x01e2e1b3) x 3 0x00000000
core   0: 0x80009834 (0x008be733) or      a4, s7, s0
core   0: 3 0x80009834 (0x008be733) x14 0x80000000
core   0: 0x80009838 (0x0020d693) srli    a3, ra, 2
core   0: 3 0x80009838 (0x0020d693) x13 0x3ffffe58
core   0: 0x8000983c (0x01895cb3) srl     s9, s2, s8
core   0: 3 0x8000983c (0x01895cb3) x25 0x03ffffee
core   0: 0x80009840 (0x00129913) slli    s2, t0, 1
core   0: 3 0x80009840 (0x00129913) x18 0x00000000
core   0: 0x80009844 (0x0163b5b3) sltu    a1, t2, s6
core   0: 3 0x80009844 (0x0163b5b3) x11 0x00000000
core   0: 0x80009848 (0x012953b3) srl     t2, s2, s2
core   0: 3 0x80009848 (0x012953b3) x 7 0x00000000
core   0: 0x8000984c (0x0092d613) srli    a2, t0, 9
core   0: 3 0x8000984c (0x0092d613) x12 0x00000000
core   0: 0x80009850 (0x00fd3433) sltu    s0, s10, a5
core   0: 3 0x80009850 (0x00fd3433) x 8 0x00000001
core   0: 0x80009854 (0x0009d713) srli    a4, s3, 0
core   0: 3 0x80009854 (0x0009d713) x14 0x00000000
core   0: 0x80009858 (0x70ab6293) ori     t0, s6, 1802
core   0: 3 0x80009858 (0x70ab6293) x 5 0x80014f6e
core   0: 0x8000985c (0x8692ee13) ori     t3, t0, -1943
core   0: 3 0x8000985c (0x8692ee13) x28 0xffffff6f
core   0: 0x80009860 (0x02bd20b3) mulhsu  ra, s10, a1
core   0: 3 0x80009860 (0x02bd20b3) x 1 0x00000000
core   0: 0x80009864 (0x0266d733) divu    a4, a3, t1
core   0: 3 0x80009864 (0x0266d733) x14 0x00000000
core   0: 0x80009868 (0x402e5133) sra     sp, t3, sp
core   0: 3 0x80009868 (0x402e5133) x 2 0xffffff6f
core   0: 0x8000986c (0x022a1133) mulh    sp, s4, sp
core   0: 3 0x8000986c (0x022a1133) x 2 0x00000000
core   0: 0x80009870 (0x0b2dbc13) sltiu   s8, s11, 178
core   0: 3 0x80009870 (0x0b2dbc13) x24 0x00000000
core   0: 0x80009874 (0x66f8e113) ori     sp, a7, 1647
core   0: 3 0x80009874 (0x66f8e113) x 2 0x0000067f
core   0: 0x80009878 (0x00000013) nop
core   0: 3 0x80009878 (0x00000013)
core   0: 0x8000987c (0x034fa033) mulhsu  zero, t6, s4
core   0: 3 0x8000987c (0x034fa033)
core   0: 0x80009880 (0x03d95133) divu    sp, s2, t4
core   0: 3 0x80009880 (0x03d95133) x 2 0xffffffff
core   0: 0x80009884 (0x00768d33) add     s10, a3, t2
core   0: 3 0x80009884 (0x00768d33) x26 0x3ffffe58
core   0: 0x80009888 (0x19f33f93) sltiu   t6, t1, 415
core   0: 3 0x80009888 (0x19f33f93) x31 0x00000000
core   0: 0x8000988c (0x02100c33) mul     s8, zero, ra
core   0: 3 0x8000988c (0x02100c33) x24 0x00000000
core   0: 0x80009890 (0x0370c0b3) div     ra, ra, s7
core   0: 3 0x80009890 (0x0370c0b3) x 1 0x00000000
core   0: 0x80009894 (0x00b0dc93) srli    s9, ra, 11
core   0: 3 0x80009894 (0x00b0dc93) x25 0x00000000
core   0: 0x80009898 (0xd4dc8237) lui     tp, 0xd4dc8
core   0: 3 0x80009898 (0xd4dc8237) x 4 0xd4dc8000
core   0: 0x8000989c (0x404a0d33) sub     s10, s4, tp
core   0: 3 0x8000989c (0x404a0d33) x26 0x2b237ffe
core   0: 0x800098a0 (0x00000013) nop
core   0: 3 0x800098a0 (0x00000013)
core   0: 0x800098a4 (0x008a3633) sltu    a2, s4, s0
core   0: 3 0x800098a4 (0x008a3633) x12 0x00000000
core   0: 0x800098a8 (0x8042a113) slti    sp, t0, -2044
core   0: 3 0x800098a8 (0x8042a113) x 2 0x00000001
core   0: 0x800098ac (0x01e24933) xor     s2, tp, t5
core   0: 3 0x800098ac (0x01e24933) x18 0xd4dc8000
core   0: 0x800098b0 (0x00855293) srli    t0, a0, 8
core   0: 3 0x800098b0 (0x00855293) x 5 0x00800000
core   0: 0x800098b4 (0x973bb693) sltiu   a3, s7, -1677
core   0: 3 0x800098b4 (0x973bb693) x13 0x00000001
core   0: 0x800098b8 (0x409ada13) srai    s4, s5, 9
core   0: 3 0x800098b8 (0x409ada13) x20 0xffc00dc8
core   0: 0x800098bc (0x4308ad93) slti    s11, a7, 1072
core   0: 3 0x800098bc (0x4308ad93) x27 0x00000001
core   0: 0x800098c0 (0x40d90c33) sub     s8, s2, a3
core   0: 3 0x800098c0 (0x40d90c33) x24 0xd4dc7fff
core   0: 0x800098c4 (0x40f2d193) srai    gp, t0, 15
core   0: 3 0x800098c4 (0x40f2d193) x 3 0x00000100
core   0: 0x800098c8 (0x0042a7b3) slt     a5, t0, tp
core   0: 3 0x800098c8 (0x0042a7b3) x15 0x00000000
core   0: 0x800098cc (0x016a8633) add     a2, s5, s6
core   0: 3 0x800098cc (0x016a8633) x12 0x001cdedc
core   0: 0x800098d0 (0x033b5ab3) divu    s5, s6, s3
core   0: 3 0x800098d0 (0x033b5ab3) x21 0xffffffff
core   0: 0x800098d4 (0x01f8f933) and     s2, a7, t6
core   0: 3 0x800098d4 (0x01f8f933) x18 0x00000000
core   0: 0x800098d8 (0x40da87b3) sub     a5, s5, a3
core   0: 3 0x800098d8 (0x40da87b3) x15 0xfffffffe
core   0: 0x800098dc (0x01cbd2b3) srl     t0, s7, t3
core   0: 3 0x800098dc (0x01cbd2b3) x 5 0x00010000
core   0: 0x800098e0 (0x03ac97b3) mulh    a5, s9, s10
core   0: 3 0x800098e0 (0x03ac97b3) x15 0x00000000
core   0: 0x800098e4 (0x9f51d0b7) lui     ra, 0x9f51d
core   0: 3 0x800098e4 (0x9f51d0b7) x 1 0x9f51d000
core   0: 0x800098e8 (0x06008093) addi    ra, ra, 96
core   0: 3 0x800098e8 (0x06008093) x 1 0x9f51d060
core   0: 0x800098ec (0x02e7b1b3) mulhu   gp, a5, a4
core   0: 3 0x800098ec (0x02e7b1b3) x 3 0x00000000
core   0: 0x800098f0 (0x33ef4713) xori    a4, t5, 830
core   0: 3 0x800098f0 (0x33ef4713) x14 0x0000033e
core   0: 0x800098f4 (0x0244e033) rem     zero, s1, tp
core   0: 3 0x800098f4 (0x0244e033)
core   0: 0x800098f8 (0x00405613) srli    a2, zero, 4
core   0: 3 0x800098f8 (0x00405613) x12 0x00000000
core   0: 0x800098fc (0x6d5c4213) xori    tp, s8, 1749
core   0: 3 0x800098fc (0x6d5c4213) x 4 0xd4dc792a
core   0: 0x80009900 (0x40255e33) sra     t3, a0, sp
core   0: 3 0x80009900 (0x40255e33) x28 0xc0000000
core   0: 0x80009904 (0x01a65293) srli    t0, a2, 26
core   0: 3 0x80009904 (0x01a65293) x 5 0x00000000
core   0: 0x80009908 (0x014f5313) srli    t1, t5, 20
core   0: 3 0x80009908 (0x014f5313) x 6 0x00000000
core   0: 0x8000990c (0x01c5bc33) sltu    s8, a1, t3
core   0: 3 0x8000990c (0x01c5bc33) x24 0x00000001
core   0: 0x80009910 (0xed678897) auipc   a7, 0xed678
core   0: 3 0x80009910 (0xed678897) x17 0x6d681910
core   0: 0x80009914 (0xca56b893) sltiu   a7, a3, -859
core   0: 3 0x80009914 (0xca56b893) x17 0x00000001
core   0: 0x80009918 (0x00b1ddb3) srl     s11, gp, a1
core   0: 3 0x80009918 (0x00b1ddb3) x27 0x00000000
core   0: 0x8000991c (0x9bec8017) auipc   zero, 0x9bec8
core   0: 3 0x8000991c (0x9bec8017)
core   0: 0x80009920 (0xe3703597) auipc   a1, 0xe3703
core   0: 3 0x80009920 (0xe3703597) x11 0x6370c920
core   0: 0x80009924 (0x03317033) remu    zero, sp, s3
core   0: 3 0x80009924 (0x03317033)
core   0: 0x80009928 (0x003ac433) xor     s0, s5, gp
core   0: 3 0x80009928 (0x003ac433) x 8 0xffffffff
core   0: 0x8000992c (0x8ee15c37) lui     s8, 0x8ee15
core   0: 3 0x8000992c (0x8ee15c37) x24 0x8ee15000
core   0: 0x80009930 (0x86804417) auipc   s0, 0x86804
core   0: 3 0x80009930 (0x86804417) x 8 0x0680d930
core   0: 0x80009934 (0x001d3333) sltu    t1, s10, ra
core   0: 3 0x80009934 (0x001d3333) x 6 0x00000001
core   0: 0x80009938 (0x009db6b3) sltu    a3, s11, s1
core   0: 3 0x80009938 (0x009db6b3) x13 0x00000001
core   0: 0x8000993c (0xd3206193) ori     gp, zero, -718
core   0: 3 0x8000993c (0xd3206193) x 3 0xfffffd32
core   0: 0x80009940 (0x0154c3b3) xor     t2, s1, s5
core   0: 3 0x80009940 (0x0154c3b3) x 7 0xffc8df0f
core   0: 0x80009944 (0x04e98e17) auipc   t3, 0x4e98
core   0: 3 0x80009944 (0x04e98e17) x28 0x84ea1944
core   0: 0x80009948 (0x02f0d5b3) divu    a1, ra, a5
core   0: 3 0x80009948 (0x02f0d5b3) x11 0xffffffff
core   0: 0x8000994c (0x007322b3) slt     t0, t1, t2
core   0: 3 0x8000994c (0x007322b3) x 5 0x00000000
core   0: 0x80009950 (0x46214d97) auipc   s11, 0x46214
core   0: 3 0x80009950 (0x46214d97) x27 0xc621d950
core   0: 0x80009954 (0x41715d13) srai    s10, sp, 23
core   0: 3 0x80009954 (0x41715d13) x26 0x00000000
core   0: 0x80009958 (0x8dc63993) sltiu   s3, a2, -1828
core   0: 3 0x80009958 (0x8dc63993) x19 0x00000001
core   0: 0x8000995c (0x0201e933) rem     s2, gp, zero
core   0: 3 0x8000995c (0x0201e933) x18 0xfffffd32
core   0: 0x80009960 (0x02842cb3) mulhsu  s9, s0, s0
core   0: 3 0x80009960 (0x02842cb3) x25 0x002a4b08
core   0: 0x80009964 (0x02c1f8b3) remu    a7, gp, a2
core   0: 3 0x80009964 (0x02c1f8b3) x17 0xfffffd32
core   0: 0x80009968 (0x03d9b333) mulhu   t1, s3, t4
core   0: 3 0x80009968 (0x03d9b333) x 6 0x00000000
core   0: 0x8000996c (0x0205c6b3) div     a3, a1, zero
core   0: 3 0x8000996c (0x0205c6b3) x13 0xffffffff
core   0: 0x80009970 (0x03110cb3) mul     s9, sp, a7
core   0: 3 0x80009970 (0x03110cb3) x25 0xfffffd32
core   0: 0x80009974 (0x59803413) sltiu   s0, zero, 1432
core   0: 3 0x80009974 (0x59803413) x 8 0x00000001
core   0: 0x80009978 (0x95e58393) addi    t2, a1, -1698
core   0: 3 0x80009978 (0x95e58393) x 7 0xfffff95d
core   0: 0x8000997c (0x9d382893) slti    a7, a6, -1581
core   0: 3 0x8000997c (0x9d382893) x17 0x00000001
core   0: 0x80009980 (0x40d3d433) sra     s0, t2, a3
core   0: 3 0x80009980 (0x40d3d433) x 8 0xffffffff
core   0: 0x80009984 (0x01804633) xor     a2, zero, s8
core   0: 3 0x80009984 (0x01804633) x12 0x8ee15000
core   0: 0x80009988 (0x03e050b3) divu    ra, zero, t5
core   0: 3 0x80009988 (0x03e050b3) x 1 0xffffffff
core   0: 0x8000998c (0x03010433) mul     s0, sp, a6
core   0: 3 0x8000998c (0x03010433) x 8 0x80018ce4
core   0: 0x80009990 (0x03c41eb3) mulh    t4, s0, t3
core   0: 3 0x80009990 (0x03c41eb3) x29 0x3d8a348a
core   0: 0x80009994 (0xd7ca0493) addi    s1, s4, -644
core   0: 3 0x80009994 (0xd7ca0493) x 9 0xffc00b44
core   0: 0x80009998 (0x18850913) addi    s2, a0, 392
core   0: 3 0x80009998 (0x18850913) x18 0x80000188
core   0: 0x8000999c (0x006a0eb3) add     t4, s4, t1
core   0: 3 0x8000999c (0x006a0eb3) x29 0xffc00dc8
core   0: 0x800099a0 (0x02dd1733) mulh    a4, s10, a3
core   0: 3 0x800099a0 (0x02dd1733) x14 0x00000000
core   0: 0x800099a4 (0xec22f213) andi    tp, t0, -318
core   0: 3 0x800099a4 (0xec22f213) x 4 0x00000000
core   0: 0x800099a8 (0x4e210393) addi    t2, sp, 1250
core   0: 3 0x800099a8 (0x4e210393) x 7 0x000004e3
core   0: 0x800099ac (0x40d108b3) sub     a7, sp, a3
core   0: 3 0x800099ac (0x40d108b3) x17 0x00000002
core   0: 0x800099b0 (0xd3733f13) sltiu   t5, t1, -713
core   0: 3 0x800099b0 (0xd3733f13) x30 0x00000001
core   0: 0x800099b4 (0x006e2d33) slt     s10, t3, t1
core   0: 3 0x800099b4 (0x006e2d33) x26 0x00000001
core   0: 0x800099b8 (0xdac18693) addi    a3, gp, -596
core   0: 3 0x800099b8 (0xdac18693) x13 0xfffffade
core   0: 0x800099bc (0x4e0f0693) addi    a3, t5, 1248
core   0: 3 0x800099bc (0x4e0f0693) x13 0x000004e1
core   0: 0x800099c0 (0x037c1133) mulh    sp, s8, s7
core   0: 3 0x800099c0 (0x037c1133) x 2 0x388f5800
core   0: 0x800099c4 (0x03c3ebb3) rem     s7, t2, t3
core   0: 3 0x800099c4 (0x03c3ebb3) x23 0x000004e3
core   0: 0x800099c8 (0x24152493) slti    s1, a0, 577
core   0: 3 0x800099c8 (0x24152493) x 9 0x00000001
core   0: 0x800099cc (0x03634bb3) div     s7, t1, s6
core   0: 3 0x800099cc (0x03634bb3) x23 0x00000000
core   0: 0x800099d0 (0x036d38b3) mulhu   a7, s10, s6
core   0: 3 0x800099d0 (0x036d38b3) x17 0x00000000
core   0: 0x800099d4 (0x02d01e33) mulh    t3, zero, a3
core   0: 3 0x800099d4 (0x02d01e33) x28 0x00000000
core   0: 0x800099d8 (0xc8b3b937) lui     s2, 0xc8b3b
core   0: 3 0x800099d8 (0xc8b3b937) x18 0xc8b3b000
core   0: 0x800099dc (0x00b8fab3) and     s5, a7, a1
core   0: 3 0x800099dc (0x00b8fab3) x21 0x00000000
core   0: 0x800099e0 (0x01b5f8b3) and     a7, a1, s11
core   0: 3 0x800099e0 (0x01b5f8b3) x17 0xc621d950
core   0: 0x800099e4 (0x01d5dab3) srl     s5, a1, t4
core   0: 3 0x800099e4 (0x01d5dab3) x21 0x00ffffff
core   0: 0x800099e8 (0x03fee333) rem     t1, t4, t6
core   0: 3 0x800099e8 (0x03fee333) x 6 0xffc00dc8
core   0: 0x800099ec (0x018196b3) sll     a3, gp, s8
core   0: 3 0x800099ec (0x018196b3) x13 0xfffffd32
core   0: 0x800099f0 (0x44c93f93) sltiu   t6, s2, 1100
core   0: 3 0x800099f0 (0x44c93f93) x31 0x00000000
core   0: 0x800099f4 (0xd5292193) slti    gp, s2, -686
core   0: 3 0x800099f4 (0xd5292193) x 3 0x00000001
core   0: 0x800099f8 (0x018fd5b3) srl     a1, t6, s8
core   0: 3 0x800099f8 (0x018fd5b3) x11 0x00000000
core   0: 0x800099fc (0x0237c5b3) div     a1, a5, gp
core   0: 3 0x800099fc (0x0237c5b3) x11 0x00000000
core   0: 0x80009a00 (0x00c653b3) srl     t2, a2, a2
core   0: 3 0x80009a00 (0x00c653b3) x 7 0x8ee15000
core   0: 0x80009a04 (0x034a23b3) mulhsu  t2, s4, s4
core   0: 3 0x80009a04 (0x034a23b3) x 7 0xffc01dc1
core   0: 0x80009a08 (0x41f35913) srai    s2, t1, 31
core   0: 3 0x80009a08 (0x41f35913) x18 0xffffffff
core   0: 0x80009a0c (0x01e64233) xor     tp, a2, t5
core   0: 3 0x80009a0c (0x01e64233) x 4 0x8ee15001
core   0: 0x80009a10 (0x00f70f33) add     t5, a4, a5
core   0: 3 0x80009a10 (0x00f70f33) x30 0x00000000
core   0: 0x80009a14 (0x012a0bb3) add     s7, s4, s2
core   0: 3 0x80009a14 (0x012a0bb3) x23 0xffc00dc7
core   0: 0x80009a18 (0x01b75fb3) srl     t6, a4, s11
core   0: 3 0x80009a18 (0x01b75fb3) x31 0x00000000
core   0: 0x80009a1c (0x026400b3) mul     ra, s0, t1
core   0: 3 0x80009a1c (0x026400b3) x 1 0xdc5da620
core   0: 0x80009a20 (0x015e3eb3) sltu    t4, t3, s5
core   0: 3 0x80009a20 (0x015e3eb3) x29 0x00000001
core   0: 0x80009a24 (0xb4c46b93) ori     s7, s0, -1204
core   0: 3 0x80009a24 (0xb4c46b93) x23 0xffffffec
core   0: 0x80009a28 (0x01aeaa33) slt     s4, t4, s10
core   0: 3 0x80009a28 (0x01aeaa33) x20 0x00000000
core   0: 0x80009a2c (0x1e1f0493) addi    s1, t5, 481
core   0: 3 0x80009a2c (0x1e1f0493) x 9 0x000001e1
core   0: 0x80009a30 (0x027dfc33) remu    s8, s11, t2
core   0: 3 0x80009a30 (0x027dfc33) x24 0xc621d950
core   0: 0x80009a34 (0x29897593) andi    a1, s2, 664
core   0: 3 0x80009a34 (0x29897593) x11 0x00000298
core   0: 0x80009a38 (0x016c5db3) srl     s11, s8, s6
core   0: 3 0x80009a38 (0x016c5db3) x27 0x0c621d95
core   0: 0x80009a3c (0x01a803b3) add     t2, a6, s10
core   0: 3 0x80009a3c (0x01a803b3) x 7 0x80018ce5
core   0: 0x80009a40 (0x002ffbb3) and     s7, t6, sp
core   0: 3 0x80009a40 (0x002ffbb3) x23 0x00000000
core   0: 0x80009a44 (0x02684233) div     tp, a6, t1
core   0: 3 0x80009a44 (0x02684233) x 4 0x00000200
core   0: 0x80009a48 (0x21284613) xori    a2, a6, 530
core   0: 3 0x80009a48 (0x21284613) x12 0x80018ef6
core   0: 0x80009a4c (0x01df1fb3) sll     t6, t5, t4
core   0: 3 0x80009a4c (0x01df1fb3) x31 0x00000000
core   0: 0x80009a50 (0x0312d4b3) divu    s1, t0, a7
core   0: 3 0x80009a50 (0x0312d4b3) x 9 0x00000000
core   0: 0x80009a54 (0x711e53b7) lui     t2, 0x711e5
core   0: 3 0x80009a54 (0x711e53b7) x 7 0x711e5000
core   0: 0x80009a58 (0x00c195b3) sll     a1, gp, a2
core   0: 3 0x80009a58 (0x00c195b3) x11 0x00400000
core   0: 0x80009a5c (0x1f371db7) lui     s11, 0x1f371
core   0: 3 0x80009a5c (0x1f371db7) x27 0x1f371000
core   0: 0x80009a60 (0x9b7b4f13) xori    t5, s6, -1609
core   0: 3 0x80009a60 (0x9b7b4f13) x30 0x7ffeb7d3
core   0: 0x80009a64 (0x57966c93) ori     s9, a2, 1401
core   0: 3 0x80009a64 (0x57966c93) x25 0x80018fff
core   0: 0x80009a68 (0x028767b3) rem     a5, a4, s0
core   0: 3 0x80009a68 (0x028767b3) x15 0x00000000
core   0: 0x80009a6c (0x022cce33) div     t3, s9, sp
core   0: 3 0x80009a6c (0x022cce33) x28 0xfffffffe
core   0: 0x80009a70 (0x007c1a93) slli    s5, s8, 7
core   0: 3 0x80009a70 (0x007c1a93) x21 0x10eca800
core   0: 0x80009a74 (0x03dee733) rem     a4, t4, t4
core   0: 3 0x80009a74 (0x03dee733) x14 0x00000000
core   0: 0x80009a78 (0x03482933) mulhsu  s2, a6, s4
core   0: 3 0x80009a78 (0x03482933) x18 0x00000000
core   0: 0x80009a7c (0x5afe8a93) addi    s5, t4, 1455
core   0: 3 0x80009a7c (0x5afe8a93) x21 0x000005b0
core   0: 0x80009a80 (0x2dca3a13) sltiu   s4, s4, 732
core   0: 3 0x80009a80 (0x2dca3a13) x20 0x00000001
core   0: 0x80009a84 (0x00000013) nop
core   0: 3 0x80009a84 (0x00000013)
core   0: 0x80009a88 (0x408ed213) srai    tp, t4, 8
core   0: 3 0x80009a88 (0x408ed213) x 4 0x00000000
core   0: 0x80009a8c (0x02f92fb3) mulhsu  t6, s2, a5
core   0: 3 0x80009a8c (0x02f92fb3) x31 0x00000000
core   0: 0x80009a90 (0x02502ab3) mulhsu  s5, zero, t0
core   0: 3 0x80009a90 (0x02502ab3) x21 0x00000000
core   0: 0x80009a94 (0x011e65b3) or      a1, t3, a7
core   0: 3 0x80009a94 (0x011e65b3) x11 0xfffffffe
core   0: 0x80009a98 (0x022eebb3) rem     s7, t4, sp
core   0: 3 0x80009a98 (0x022eebb3) x23 0x00000001
core   0: 0x80009a9c (0xac3cb493) sltiu   s1, s9, -1341
core   0: 3 0x80009a9c (0xac3cb493) x 9 0x00000001
core   0: 0x80009aa0 (0x027458b3) divu    a7, s0, t2
core   0: 3 0x80009aa0 (0x027458b3) x17 0x00000001
core   0: 0x80009aa4 (0x03a474b3) remu    s1, s0, s10
core   0: 3 0x80009aa4 (0x03a474b3) x 9 0x00000000
core   0: 0x80009aa8 (0xb7f72613) slti    a2, a4, -1153
core   0: 3 0x80009aa8 (0xb7f72613) x12 0x00000000
core   0: 0x80009aac (0x010edab3) srl     s5, t4, a6
core   0: 3 0x80009aac (0x010edab3) x21 0x00000000
core   0: 0x80009ab0 (0x400dde93) srai    t4, s11, 0
core   0: 3 0x80009ab0 (0x400dde93) x29 0x1f371000
core   0: 0x80009ab4 (0x00b10ab3) add     s5, sp, a1
core   0: 3 0x80009ab4 (0x00b10ab3) x21 0x388f57fe
core   0: 0x80009ab8 (0x03d43a33) mulhu   s4, s0, t4
core   0: 3 0x80009ab8 (0x03d43a33) x20 0x0f9bb864
core   0: 0x80009abc (0xc325f593) andi    a1, a1, -974
core   0: 3 0x80009abc (0xc325f593) x11 0xfffffc32
core   0: 0x80009ac0 (0xc87afe93) andi    t4, s5, -889
core   0: 3 0x80009ac0 (0xc87afe93) x29 0x388f5486
core   0: 0x80009ac4 (0x4a524213) xori    tp, tp, 1189
core   0: 3 0x80009ac4 (0x4a524213) x 4 0x000004a5
core   0: 0x80009ac8 (0xc630e893) ori     a7, ra, -925
core   0: 3 0x80009ac8 (0xc630e893) x17 0xfffffe63
core   0: 0x80009acc (0x01bfaf33) slt     t5, t6, s11
core   0: 3 0x80009acc (0x01bfaf33) x30 0x00000001
core   0: 0x80009ad0 (0x000dd133) srl     sp, s11, zero
core   0: 3 0x80009ad0 (0x000dd133) x 2 0x1f371000
core   0: 0x80009ad4 (0x002d1c33) sll     s8, s10, sp
core   0: 3 0x80009ad4 (0x002d1c33) x24 0x00000001
core   0: 0x80009ad8 (0x00fcc9b3) xor     s3, s9, a5
core   0: 3 0x80009ad8 (0x00fcc9b3) x19 0x80018fff
core   0: 0x80009adc (0xb3dacd93) xori    s11, s5, -1219
core   0: 3 0x80009adc (0xb3dacd93) x27 0xc770acc3
core   0: 0x80009ae0 (0x0df92193) slti    gp, s2, 223
core   0: 3 0x80009ae0 (0x0df92193) x 3 0x00000001
core   0: 0x80009ae4 (0x40ce5a93) srai    s5, t3, 12
core   0: 3 0x80009ae4 (0x40ce5a93) x21 0xffffffff
core   0: 0x80009ae8 (0x01265693) srli    a3, a2, 18
core   0: 3 0x80009ae8 (0x01265693) x13 0x00000000
core   0: 0x80009aec (0x00331d33) sll     s10, t1, gp
core   0: 3 0x80009aec (0x00331d33) x26 0xff801b90
core   0: 0x80009af0 (0x03747cb3) remu    s9, s0, s7
core   0: 3 0x80009af0 (0x03747cb3) x25 0x00000000
core   0: 0x80009af4 (0x00eb8733) add     a4, s7, a4
core   0: 3 0x80009af4 (0x00eb8733) x14 0x00000001
core   0: 0x80009af8 (0x7cbb6693) ori     a3, s6, 1995
core   0: 3 0x80009af8 (0x7cbb6693) x13 0x80014fef
core   0: 0x80009afc (0xfdc6fd13) andi    s10, a3, -36
core   0: 3 0x80009afc (0xfdc6fd13) x26 0x80014fcc
core   0: 0x80009b00 (0x02737933) remu    s2, t1, t2
core   0: 3 0x80009b00 (0x02737933) x18 0x1d836dc8
core   0: 0x80009b04 (0x01c69213) slli    tp, a3, 28
core   0: 3 0x80009b04 (0x01c69213) x 4 0xf0000000
core   0: 0x80009b08 (0x008f9613) slli    a2, t6, 8
core   0: 3 0x80009b08 (0x008f9613) x12 0x00000000
core   0: 0x80009b0c (0xf3645097) auipc   ra, 0xf3645
core   0: 3 0x80009b0c (0xf3645097) x 1 0x7364eb0c
core   0: 0x80009b10 (0x9e2837b7) lui     a5, 0x9e283
core   0: 3 0x80009b10 (0x9e2837b7) x15 0x9e283000
core   0: 0x80009b14 (0x017abc33) sltu    s8, s5, s7
core   0: 3 0x80009b14 (0x017abc33) x24 0x00000000
core   0: 0x80009b18 (0x02e2c933) div     s2, t0, a4
core   0: 3 0x80009b18 (0x02e2c933) x18 0x00000000
core   0: 0x80009b1c (0x01ff6ab3) or      s5, t5, t6
core   0: 3 0x80009b1c (0x01ff6ab3) x21 0x00000001
core   0: 0x80009b20 (0x0134c3b3) xor     t2, s1, s3
core   0: 3 0x80009b20 (0x0134c3b3) x 7 0x80018fff
core   0: 0x80009b24 (0x03060ab3) mul     s5, a2, a6
core   0: 3 0x80009b24 (0x03060ab3) x21 0x00000000
core   0: 0x80009b28 (0x02c843b3) div     t2, a6, a2
core   0: 3 0x80009b28 (0x02c843b3) x 7 0xffffffff
core   0: 0x80009b2c (0x01cb6233) or      tp, s6, t3
core   0: 3 0x80009b2c (0x01cb6233) x 4 0xfffffffe
core   0: 0x80009b30 (0x0075f1b3) and     gp, a1, t2
core   0: 3 0x80009b30 (0x0075f1b3) x 3 0xfffffc32
core   0: 0x80009b34 (0x03b1b3b3) mulhu   t2, gp, s11
core   0: 3 0x80009b34 (0x03b1b3b3) x 7 0xc770a9cc
core   0: 0x80009b38 (0xb04aa093) slti    ra, s5, -1276
core   0: 3 0x80009b38 (0xb04aa093) x 1 0x00000000
core   0: 0x80009b3c (0x03d12eb3) mulhsu  t4, sp, t4
core   0: 3 0x80009b3c (0x03d12eb3) x29 0x06e58590
core   0: 0x80009b40 (0x40a7de33) sra     t3, a5, a0
core   0: 3 0x80009b40 (0x40a7de33) x28 0x9e283000
core   0: 0x80009b44 (0x004a6733) or      a4, s4, tp
core   0: 3 0x80009b44 (0x004a6733) x14 0xfffffffe
core   0: 0x80009b48 (0x03bd61b3) rem     gp, s10, s11
core   0: 3 0x80009b48 (0x03bd61b3) x 3 0xf11ff646
core   0: 0x80009b4c (0x0167ccb3) xor     s9, a5, s6
core   0: 3 0x80009b4c (0x0167ccb3) x25 0x1e297e64
core   0: 0x80009b50 (0x03221933) mulh    s2, tp, s2
core   0: 3 0x80009b50 (0x03221933) x18 0x00000000
core   0: 0x80009b54 (0x014780b3) add     ra, a5, s4
core   0: 3 0x80009b54 (0x014780b3) x 1 0xadc3e864
core   0: 0x80009b58 (0x03f6ad33) mulhsu  s10, a3, t6
core   0: 3 0x80009b58 (0x03f6ad33) x26 0x00000000
core   0: 0x80009b5c (0x00ae4633) xor     a2, t3, a0
core   0: 3 0x80009b5c (0x00ae4633) x12 0x1e283000
core   0: 0x80009b60 (0x012b9333) sll     t1, s7, s2
core   0: 3 0x80009b60 (0x012b9333) x 6 0x00000001
core   0: 0x80009b64 (0xc02b6913) ori     s2, s6, -1022
core   0: 3 0x80009b64 (0xc02b6913) x18 0xfffffe66
core   0: 0x80009b68 (0xbd7ba413) slti    s0, s7, -1065
core   0: 3 0x80009b68 (0xbd7ba413) x 8 0x00000000
core   0: 0x80009b6c (0x26503693) sltiu   a3, zero, 613
core   0: 3 0x80009b6c (0x26503693) x13 0x00000001
core   0: 0x80009b70 (0xc6d56893) ori     a7, a0, -915
core   0: 3 0x80009b70 (0xc6d56893) x17 0xfffffc6d
core   0: 0x80009b74 (0x40355d93) srai    s11, a0, 3
core   0: 3 0x80009b74 (0x40355d93) x27 0xf0000000
core   0: 0x80009b78 (0x00f61293) slli    t0, a2, 15
core   0: 3 0x80009b78 (0x00f61293) x 5 0x18000000
core   0: 0x80009b7c (0xff62c993) xori    s3, t0, -10
core   0: 3 0x80009b7c (0xff62c993) x19 0xe7fffff6
core   0: 0x80009b80 (0x0157f2b3) and     t0, a5, s5
core   0: 3 0x80009b80 (0x0157f2b3) x 5 0x00000000
core   0: 0x80009b84 (0x41e05313) srai    t1, zero, 30
core   0: 3 0x80009b84 (0x41e05313) x 6 0x00000000
core   0: 0x80009b88 (0xa997af97) auipc   t6, 0xa997a
core   0: 3 0x80009b88 (0xa997af97) x31 0x29983b88
core   0: 0x80009b8c (0x5f583fb7) lui     t6, 0x5f583
core   0: 3 0x80009b8c (0x5f583fb7) x31 0x5f583000
core   0: 0x80009b90 (0xa158cc17) auipc   s8, 0xa158c
core   0: 3 0x80009b90 (0xa158cc17) x24 0x21595b90
core   0: 0x80009b94 (0x03e7b5b3) mulhu   a1, a5, t5
core   0: 3 0x80009b94 (0x03e7b5b3) x11 0x00000000
core   0: 0x80009b98 (0x40bb5413) srai    s0, s6, 11
core   0: 3 0x80009b98 (0x40bb5413) x 8 0xfff00029
core   0: 0x80009b9c (0x7ce7ff93) andi    t6, a5, 1998
core   0: 3 0x80009b9c (0x7ce7ff93) x31 0x00000000
core   0: 0x80009ba0 (0x0017a9b3) slt     s3, a5, ra
core   0: 3 0x80009ba0 (0x0017a9b3) x19 0x00000001
core   0: 0x80009ba4 (0x02fb5eb3) divu    t4, s6, a5
core   0: 3 0x80009ba4 (0x02fb5eb3) x29 0x00000000
core   0: 0x80009ba8 (0x01a7f4b3) and     s1, a5, s10
core   0: 3 0x80009ba8 (0x01a7f4b3) x 9 0x00000000
core   0: 0x80009bac (0x017bd493) srli    s1, s7, 23
core   0: 3 0x80009bac (0x017bd493) x 9 0x00000000
core   0: 0x80009bb0 (0x9ebe6613) ori     a2, t3, -1557
core   0: 3 0x80009bb0 (0x9ebe6613) x12 0xfffff9eb
core   0: 0x80009bb4 (0x9bde8b97) auipc   s7, 0x9bde8
core   0: 3 0x80009bb4 (0x9bde8b97) x23 0x1bdf1bb4
core   0: 0x80009bb8 (0x020cbfb3) mulhu   t6, s9, zero
core   0: 3 0x80009bb8 (0x020cbfb3) x31 0x00000000
core   0: 0x80009bbc (0x35dacf93) xori    t6, s5, 861
core   0: 3 0x80009bbc (0x35dacf93) x31 0x0000035d
core   0: 0x80009bc0 (0x03c1c433) div     s0, gp, t3
core   0: 3 0x80009bc0 (0x03c1c433) x 8 0x00000000
core   0: 0x80009bc4 (0x00ff1c33) sll     s8, t5, a5
core   0: 3 0x80009bc4 (0x00ff1c33) x24 0x00000001
core   0: 0x80009bc8 (0x0030b5b3) sltu    a1, ra, gp
core   0: 3 0x80009bc8 (0x0030b5b3) x11 0x00000001
core   0: 0x80009bcc (0x0361e933) rem     s2, gp, s6
core   0: 3 0x80009bcc (0x0361e933) x18 0xf11ff646
core   0: 0x80009bd0 (0xfa1d4c97) auipc   s9, 0xfa1d4
core   0: 3 0x80009bd0 (0xfa1d4c97) x25 0x7a1ddbd0
core   0: 0x80009bd4 (0x03563133) mulhu   sp, a2, s5
core   0: 3 0x80009bd4 (0x03563133) x 2 0x00000000
core   0: 0x80009bd8 (0x02597cb3) remu    s9, s2, t0
core   0: 3 0x80009bd8 (0x02597cb3) x25 0xf11ff646
core   0: 0x80009bdc (0x82526b93) ori     s7, tp, -2011
core   0: 3 0x80009bdc (0x82526b93) x23 0xffffffff
core   0: 0x80009be0 (0x001129b3) slt     s3, sp, ra
core   0: 3 0x80009be0 (0x001129b3) x19 0x00000000
core   0: 0x80009be4 (0x004be733) or      a4, s7, tp
core   0: 3 0x80009be4 (0x004be733) x14 0xffffffff
core   0: 0x80009be8 (0x034d9db3) mulh    s11, s11, s4
core   0: 3 0x80009be8 (0x034d9db3) x27 0xff064479
core   0: 0x80009bec (0x9b81bb93) sltiu   s7, gp, -1608
core   0: 3 0x80009bec (0x9b81bb93) x23 0x00000001
core   0: 0x80009bf0 (0xafc71c97) auipc   s9, 0xafc71
core   0: 3 0x80009bf0 (0xafc71c97) x25 0x2fc7abf0
core   0: 0x80009bf4 (0x408bd413) srai    s0, s7, 8
core   0: 3 0x80009bf4 (0x408bd413) x 8 0x00000000
core   0: 0x80009bf8 (0x017ed433) srl     s0, t4, s7
core   0: 3 0x80009bf8 (0x017ed433) x 8 0x00000000
core   0: 0x80009bfc (0x01381993) slli    s3, a6, 19
core   0: 3 0x80009bfc (0x01381993) x19 0x67200000
core   0: 0x80009c00 (0x6b4b2017) auipc   zero, 0x6b4b2
core   0: 3 0x80009c00 (0x6b4b2017)
core   0: 0x80009c04 (0x03072333) mulhsu  t1, a4, a6
core   0: 3 0x80009c04 (0x03072333) x 6 0xffffffff
core   0: 0x80009c08 (0x40925113) srai    sp, tp, 9
core   0: 3 0x80009c08 (0x40925113) x 2 0xffffffff
core   0: 0x80009c0c (0x70362a13) slti    s4, a2, 1795
core   0: 3 0x80009c0c (0x70362a13) x20 0x00000001
core   0: 0x80009c10 (0x98762013) slti    zero, a2, -1657
core   0: 3 0x80009c10 (0x98762013)
core   0: 0x80009c14 (0x0299dfb3) divu    t6, s3, s1
core   0: 3 0x80009c14 (0x0299dfb3) x31 0xffffffff
core   0: 0x80009c18 (0x0221beb3) mulhu   t4, gp, sp
core   0: 3 0x80009c18 (0x0221beb3) x29 0xf11ff645
core   0: 0x80009c1c (0x0016aa33) slt     s4, a3, ra
core   0: 3 0x80009c1c (0x0016aa33) x20 0x00000000
core   0: 0x80009c20 (0x694ffdb7) lui     s11, 0x694ff
core   0: 3 0x80009c20 (0x694ffdb7) x27 0x694ff000
core   0: 0x80009c24 (0x03a49fb3) mulh    t6, s1, s10
core   0: 3 0x80009c24 (0x03a49fb3) x31 0x00000000
core   0: 0x80009c28 (0x00b81c33) sll     s8, a6, a1
core   0: 3 0x80009c28 (0x00b81c33) x24 0x000319c8
core   0: 0x80009c2c (0x0210c7b3) div     a5, ra, ra
core   0: 3 0x80009c2c (0x0210c7b3) x15 0x00000001
core   0: 0x80009c30 (0x00000013) nop
core   0: 3 0x80009c30 (0x00000013)
core   0: 0x80009c34 (0x00000013) nop
core   0: 3 0x80009c34 (0x00000013)
core   0: 0x80009c38 (0x0e57cc17) auipc   s8, 0xe57c
core   0: 3 0x80009c38 (0x0e57cc17) x24 0x8e585c38
core   0: 0x80009c3c (0x031632b3) mulhu   t0, a2, a7
core   0: 3 0x80009c3c (0x031632b3) x 5 0xfffff658
core   0: 0x80009c40 (0x0231a033) mulhsu  zero, gp, gp
core   0: 3 0x80009c40 (0x0231a033)
core   0: 0x80009c44 (0x00aee3b3) or      t2, t4, a0
core   0: 3 0x80009c44 (0x00aee3b3) x 7 0xf11ff645
core   0: 0x80009c48 (0x7b360a13) addi    s4, a2, 1971
core   0: 3 0x80009c48 (0x7b360a13) x20 0x0000019e
core   0: 0x80009c4c (0x2283ba13) sltiu   s4, t2, 552
core   0: 3 0x80009c4c (0x2283ba13) x20 0x00000000
core   0: 0x80009c50 (0xb51bbe13) sltiu   t3, s7, -1199
core   0: 3 0x80009c50 (0xb51bbe13) x28 0x00000001
core   0: 0x80009c54 (0xf3b4be93) sltiu   t4, s1, -197
core   0: 3 0x80009c54 (0xf3b4be93) x29 0x00000001
core   0: 0x80009c58 (0x007e2933) slt     s2, t3, t2
core   0: 3 0x80009c58 (0x007e2933) x18 0x00000000
core   0: 0x80009c5c (0x5608fa17) auipc   s4, 0x5608f
core   0: 3 0x80009c5c (0x5608fa17) x20 0xd6098c5c
core   0: 0x80009c60 (0x0267fc33) remu    s8, a5, t1
core   0: 3 0x80009c60 (0x0267fc33) x24 0x00000001
core   0: 0x80009c64 (0x408a89b3) sub     s3, s5, s0
core   0: 3 0x80009c64 (0x408a89b3) x19 0x00000000
core   0: 0x80009c68 (0x02da5c33) divu    s8, s4, a3
core   0: 3 0x80009c68 (0x02da5c33) x24 0xd6098c5c
core   0: 0x80009c6c (0xd424a593) slti    a1, s1, -702
core   0: 3 0x80009c6c (0xd424a593) x11 0x00000000
core   0: 0x80009c70 (0xf7734d37) lui     s10, 0xf7734
core   0: 3 0x80009c70 (0xf7734d37) x26 0xf7734000
core   0: 0x80009c74 (0x00000013) nop
core   0: 3 0x80009c74 (0x00000013)
core   0: 0x80009c78 (0x026660b3) rem     ra, a2, t1
core   0: 3 0x80009c78 (0x026660b3) x 1 0x00000000
core   0: 0x80009c7c (0x2b5b6f13) ori     t5, s6, 693
core   0: 3 0x80009c7c (0x2b5b6f13) x30 0x80014ef5
core   0: 0x80009c80 (0xa44ba113) slti    sp, s7, -1468
core   0: 3 0x80009c80 (0xa44ba113) x 2 0x00000000
core   0: 0x80009c84 (0x02e0a2b3) mulhsu  t0, ra, a4
core   0: 3 0x80009c84 (0x02e0a2b3) x 5 0x00000000
core   0: 0x80009c88 (0x6b87c493) xori    s1, a5, 1720
core   0: 3 0x80009c88 (0x6b87c493) x 9 0x000006b9
core   0: 0x80009c8c (0x41545213) srai    tp, s0, 21
core   0: 3 0x80009c8c (0x41545213) x 4 0x00000000
core   0: 0x80009c90 (0x00ca3ab3) sltu    s5, s4, a2
core   0: 3 0x80009c90 (0x00ca3ab3) x21 0x00000001
core   0: 0x80009c94 (0x008bef33) or      t5, s7, s0
core   0: 3 0x80009c94 (0x008bef33) x30 0x00000001
core   0: 0x80009c98 (0x01080433) add     s0, a6, a6
core   0: 3 0x80009c98 (0x01080433) x 8 0x000319c8
core   0: 0x80009c9c (0x569f0e13) addi    t3, t5, 1385
core   0: 3 0x80009c9c (0x569f0e13) x28 0x0000056a
core   0: 0x80009ca0 (0x02aed433) divu    s0, t4, a0
core   0: 3 0x80009ca0 (0x02aed433) x 8 0x00000000
core   0: 0x80009ca4 (0x01a51cb3) sll     s9, a0, s10
core   0: 3 0x80009ca4 (0x01a51cb3) x25 0x80000000
core   0: 0x80009ca8 (0x01719cb3) sll     s9, gp, s7
core   0: 3 0x80009ca8 (0x01719cb3) x25 0xe23fec8c
core   0: 0x80009cac (0x00e1ceb3) xor     t4, gp, a4
core   0: 3 0x80009cac (0x00e1ceb3) x29 0x0ee009b9
core   0: 0x80009cb0 (0xa2ff4313) xori    t1, t5, -1489
core   0: 3 0x80009cb0 (0xa2ff4313) x 6 0xfffffa2e
core   0: 0x80009cb4 (0x4d38fe93) andi    t4, a7, 1235
core   0: 3 0x80009cb4 (0x4d38fe93) x29 0x00000441
core   0: 0x80009cb8 (0x6d1d6313) ori     t1, s10, 1745
core   0: 3 0x80009cb8 (0x6d1d6313) x 6 0xf77346d1
core   0: 0x80009cbc (0xb4229d17) auipc   s10, 0xb4229
core   0: 3 0x80009cbc (0xb4229d17) x26 0x34232cbc
core   0: 0x80009cc0 (0x40c0bc13) sltiu   s8, ra, 1036
core   0: 3 0x80009cc0 (0x40c0bc13) x24 0x00000001
core   0: 0x80009cc4 (0x023eb1b3) mulhu   gp, t4, gp
core   0: 3 0x80009cc4 (0x023eb1b3) x 3 0x00000401
core   0: 0x80009cc8 (0x4ca53893) sltiu   a7, a0, 1226
core   0: 3 0x80009cc8 (0x4ca53893) x17 0x00000000
core   0: 0x80009ccc (0x039a1733) mulh    a4, s4, s9
core   0: 3 0x80009ccc (0x039a1733) x14 0x04e06720
core   0: 0x80009cd0 (0xeab48993) addi    s3, s1, -341
core   0: 3 0x80009cd0 (0xeab48993) x19 0x00000564
core   0: 0x80009cd4 (0x4041d633) sra     a2, gp, tp
core   0: 3 0x80009cd4 (0x4041d633) x12 0x00000401
core   0: 0x80009cd8 (0x000359b3) srl     s3, t1, zero
core   0: 3 0x80009cd8 (0x000359b3) x19 0xf77346d1
core   0: 0x80009cdc (0x0004e933) or      s2, s1, zero
core   0: 3 0x80009cdc (0x0004e933) x18 0x000006b9
core   0: 0x80009ce0 (0x018a8fb3) add     t6, s5, s8
core   0: 3 0x80009ce0 (0x018a8fb3) x31 0x00000002
core   0: 0x80009ce4 (0x00da2133) slt     sp, s4, a3
core   0: 3 0x80009ce4 (0x00da2133) x 2 0x00000001
core   0: 0x80009ce8 (0x02341433) mulh    s0, s0, gp
core   0: 3 0x80009ce8 (0x02341433) x 8 0x00000000
core   0: 0x80009cec (0x03e73e33) mulhu   t3, a4, t5
core   0: 3 0x80009cec (0x03e73e33) x28 0x00000000
core   0: 0x80009cf0 (0x0077c6b3) xor     a3, a5, t2
core   0: 3 0x80009cf0 (0x0077c6b3) x13 0xf11ff644
core   0: 0x80009cf4 (0x01171a33) sll     s4, a4, a7
core   0: 3 0x80009cf4 (0x01171a33) x20 0x04e06720
core   0: 0x80009cf8 (0x03c8d033) divu    zero, a7, t3
core   0: 3 0x80009cf8 (0x03c8d033)
core   0: 0x80009cfc (0x0137adb3) slt     s11, a5, s3
core   0: 3 0x80009cfc (0x0137adb3) x27 0x00000000
core   0: 0x80009d00 (0x41bd58b3) sra     a7, s10, s11
core   0: 3 0x80009d00 (0x41bd58b3) x17 0x34232cbc
core   0: 0x80009d04 (0x02091133) mulh    sp, s2, zero
core   0: 3 0x80009d04 (0x02091133) x 2 0x00000000
core   0: 0x80009d08 (0x407d55b3) sra     a1, s10, t2
core   0: 3 0x80009d08 (0x407d55b3) x11 0x01a11965
core   0: 0x80009d0c (0x00a55213) srli    tp, a0, 10
core   0: 3 0x80009d0c (0x00a55213) x 4 0x00200000
core   0: 0x80009d10 (0x011ab733) sltu    a4, s5, a7
core   0: 3 0x80009d10 (0x011ab733) x14 0x00000001
core   0: 0x80009d14 (0x038694b3) mulh    s1, a3, s8
core   0: 3 0x80009d14 (0x038694b3) x 9 0xffffffff
core   0: 0x80009d18 (0x01659db3) sll     s11, a1, s6
core   0: 3 0x80009d18 (0x01659db3) x27 0x1a119650
core   0: 0x80009d1c (0x410d56b3) sra     a3, s10, a6
core   0: 3 0x80009d1c (0x410d56b3) x13 0x034232cb
core   0: 0x80009d20 (0x563f6193) ori     gp, t5, 1379
core   0: 3 0x80009d20 (0x563f6193) x 3 0x00000563
core   0: 0x80009d24 (0x40a08fb3) sub     t6, ra, a0
core   0: 3 0x80009d24 (0x40a08fb3) x31 0x80000000
core   0: 0x80009d28 (0x01713633) sltu    a2, sp, s7
core   0: 3 0x80009d28 (0x01713633) x12 0x00000001
core   0: 0x80009d2c (0x41195f93) srai    t6, s2, 17
core   0: 3 0x80009d2c (0x41195f93) x31 0x00000000
core   0: 0x80009d30 (0x02d818b3) mulh    a7, a6, a3
core   0: 3 0x80009d30 (0x02d818b3) x17 0xfe5eeba7
core   0: 0x80009d34 (0x401edeb3) sra     t4, t4, ra
core   0: 3 0x80009d34 (0x401edeb3) x29 0x00000441
core   0: 0x80009d38 (0x00f91ab3) sll     s5, s2, a5
core   0: 3 0x80009d38 (0x00f91ab3) x21 0x00000d72
core   0: 0x80009d3c (0x410381b3) sub     gp, t2, a6
core   0: 3 0x80009d3c (0x410381b3) x 3 0x711e6961
core   0: 0x80009d40 (0x010fd1b3) srl     gp, t6, a6
core   0: 3 0x80009d40 (0x010fd1b3) x 3 0x00000000
core   0: 0x80009d44 (0x00000517) auipc   a0, 0x0
core   0: 3 0x80009d44 (0x00000517) x10 0x80009d44
core   0: 0x80009d48 (0x00c50513) addi    a0, a0, 12
core   0: 3 0x80009d48 (0x00c50513) x10 0x80009d50
core   0: 0x80009d4c (0x00050067) jr      a0
core   0: 3 0x80009d4c (0x00050067)
core   0: 0x80009d50 (0x00100193) li      gp, 1
core   0: 3 0x80009d50 (0x00100193) x 3 0x00000001
core   0: 0x80009d54 (0x00000073) ecall
core   0: exception trap_machine_ecall, epc 0x80009d54
core   0: >>>>  mtvec_handler
core   0: 0x8000a780 (0x0400006f) j       pc + 0x40
core   0: 3 0x8000a780 (0x0400006f)
core   0: 0x8000a7c0 (0xffc80813) addi    a6, a6, -4
core   0: 3 0x8000a7c0 (0xffc80813) x16 0x80018ce0
core   0: 0x8000a7c4 (0x01682023) sw      s6, 0(a6)
core   0: 3 0x8000a7c4 (0x01682023) mem 0x80018ce0 0x80014e64
core   0: 0x8000a7c8 (0x00080b33) add     s6, a6, zero
core   0: 3 0x8000a7c8 (0x00080b33) x22 0x80018ce0
core   0: 0x8000a7cc (0xf80b0b13) addi    s6, s6, -128
core   0: 3 0x8000a7cc (0xf80b0b13) x22 0x80018c60
core   0: 0x8000a7d0 (0x001b2223) sw      ra, 4(s6)
core   0: 3 0x8000a7d0 (0x001b2223) mem 0x80018c64 0x00000000
core   0: 0x8000a7d4 (0x002b2423) sw      sp, 8(s6)
core   0: 3 0x8000a7d4 (0x002b2423) mem 0x80018c68 0x00000000
core   0: 0x8000a7d8 (0x003b2623) sw      gp, 12(s6)
core   0: 3 0x8000a7d8 (0x003b2623) mem 0x80018c6c 0x00000001
core   0: 0x8000a7dc (0x004b2823) sw      tp, 16(s6)
core   0: 3 0x8000a7dc (0x004b2823) mem 0x80018c70 0x00200000
core   0: 0x8000a7e0 (0x005b2a23) sw      t0, 20(s6)
core   0: 3 0x8000a7e0 (0x005b2a23) mem 0x80018c74 0x00000000
core   0: 0x8000a7e4 (0x006b2c23) sw      t1, 24(s6)
core   0: 3 0x8000a7e4 (0x006b2c23) mem 0x80018c78 0xf77346d1
core   0: 0x8000a7e8 (0x007b2e23) sw      t2, 28(s6)
core   0: 3 0x8000a7e8 (0x007b2e23) mem 0x80018c7c 0xf11ff645
core   0: 0x8000a7ec (0x028b2023) sw      s0, 32(s6)
core   0: 3 0x8000a7ec (0x028b2023) mem 0x80018c80 0x00000000
core   0: 0x8000a7f0 (0x029b2223) sw      s1, 36(s6)
core   0: 3 0x8000a7f0 (0x029b2223) mem 0x80018c84 0xffffffff
core   0: 0x8000a7f4 (0x02ab2423) sw      a0, 40(s6)
core   0: 3 0x8000a7f4 (0x02ab2423) mem 0x80018c88 0x80009d50
core   0: 0x8000a7f8 (0x02bb2623) sw      a1, 44(s6)
core   0: 3 0x8000a7f8 (0x02bb2623) mem 0x80018c8c 0x01a11965
core   0: 0x8000a7fc (0x02cb2823) sw      a2, 48(s6)
core   0: 3 0x8000a7fc (0x02cb2823) mem 0x80018c90 0x00000001
core   0: 0x8000a800 (0x02db2a23) sw      a3, 52(s6)
core   0: 3 0x8000a800 (0x02db2a23) mem 0x80018c94 0x034232cb
core   0: 0x8000a804 (0x02eb2c23) sw      a4, 56(s6)
core   0: 3 0x8000a804 (0x02eb2c23) mem 0x80018c98 0x00000001
core   0: 0x8000a808 (0x02fb2e23) sw      a5, 60(s6)
core   0: 3 0x8000a808 (0x02fb2e23) mem 0x80018c9c 0x00000001
core   0: 0x8000a80c (0x050b2023) sw      a6, 64(s6)
core   0: 3 0x8000a80c (0x050b2023) mem 0x80018ca0 0x80018ce0
core   0: 0x8000a810 (0x051b2223) sw      a7, 68(s6)
core   0: 3 0x8000a810 (0x051b2223) mem 0x80018ca4 0xfe5eeba7
core   0: 0x8000a814 (0x052b2423) sw      s2, 72(s6)
core   0: 3 0x8000a814 (0x052b2423) mem 0x80018ca8 0x000006b9
core   0: 0x8000a818 (0x053b2623) sw      s3, 76(s6)
core   0: 3 0x8000a818 (0x053b2623) mem 0x80018cac 0xf77346d1
core   0: 0x8000a81c (0x054b2823) sw      s4, 80(s6)
core   0: 3 0x8000a81c (0x054b2823) mem 0x80018cb0 0x04e06720
core   0: 0x8000a820 (0x055b2a23) sw      s5, 84(s6)
core   0: 3 0x8000a820 (0x055b2a23) mem 0x80018cb4 0x00000d72
core   0: 0x8000a824 (0x056b2c23) sw      s6, 88(s6)
core   0: 3 0x8000a824 (0x056b2c23) mem 0x80018cb8 0x80018c60
core   0: 0x8000a828 (0x057b2e23) sw      s7, 92(s6)
core   0: 3 0x8000a828 (0x057b2e23) mem 0x80018cbc 0x00000001
core   0: 0x8000a82c (0x078b2023) sw      s8, 96(s6)
core   0: 3 0x8000a82c (0x078b2023) mem 0x80018cc0 0x00000001
core   0: 0x8000a830 (0x079b2223) sw      s9, 100(s6)
core   0: 3 0x8000a830 (0x079b2223) mem 0x80018cc4 0xe23fec8c
core   0: 0x8000a834 (0x07ab2423) sw      s10, 104(s6)
core   0: 3 0x8000a834 (0x07ab2423) mem 0x80018cc8 0x34232cbc
core   0: 0x8000a838 (0x07bb2623) sw      s11, 108(s6)
core   0: 3 0x8000a838 (0x07bb2623) mem 0x80018ccc 0x1a119650
core   0: 0x8000a83c (0x07cb2823) sw      t3, 112(s6)
core   0: 3 0x8000a83c (0x07cb2823) mem 0x80018cd0 0x00000000
core   0: 0x8000a840 (0x07db2a23) sw      t4, 116(s6)
core   0: 3 0x8000a840 (0x07db2a23) mem 0x80018cd4 0x00000441
core   0: 0x8000a844 (0x07eb2c23) sw      t5, 120(s6)
core   0: 3 0x8000a844 (0x07eb2c23) mem 0x80018cd8 0x00000001
core   0: 0x8000a848 (0x07fb2e23) sw      t6, 124(s6)
core   0: 3 0x8000a848 (0x07fb2e23) mem 0x80018cdc 0x00000000
core   0: 0x8000a84c (0x000b0833) add     a6, s6, zero
core   0: 3 0x8000a84c (0x000b0833) x16 0x80018c60
core   0: 0x8000a850 (0x341024f3) csrr    s1, mepc
core   0: 3 0x8000a850 (0x341024f3) x 9 0x80009d54
core   0: 0x8000a854 (0x342024f3) csrr    s1, mcause
core   0: 3 0x8000a854 (0x342024f3) x 9 0x0000000b
core   0: 0x8000a858 (0x00300c13) li      s8, 3
core   0: 3 0x8000a858 (0x00300c13) x24 0x00000003
core   0: 0x8000a85c (0x2b848a63) beq     s1, s8, pc + 692
core   0: 3 0x8000a85c (0x2b848a63)
core   0: 0x8000a860 (0x00800c13) li      s8, 8
core   0: 3 0x8000a860 (0x00800c13) x24 0x00000008
core   0: 0x8000a864 (0x05848e63) beq     s1, s8, pc + 92
core   0: 3 0x8000a864 (0x05848e63)
core   0: 0x8000a868 (0x00900c13) li      s8, 9
core   0: 3 0x8000a868 (0x00900c13) x24 0x00000009
core   0: 0x8000a86c (0x05848a63) beq     s1, s8, pc + 84
core   0: 3 0x8000a86c (0x05848a63)
core   0: 0x8000a870 (0x00b00c13) li      s8, 11
core   0: 3 0x8000a870 (0x00b00c13) x24 0x0000000b
core   0: 0x8000a874 (0x05848663) beq     s1, s8, pc + 76
core   0: 3 0x8000a874 (0x05848663)
core   0: 0x8000a8c0 (0xffff5497) auipc   s1, 0xffff5
core   0: 3 0x8000a8c0 (0xffff5497) x 9 0x7ffff8c0
core   0: 0x8000a8c4 (0x74048493) addi    s1, s1, 1856
core   0: 3 0x8000a8c4 (0x74048493) x 9 0x80000000
core   0: 0x8000a8c8 (0x0004a023) sw      zero, 0(s1)
core   0: 3 0x8000a8c8 (0x0004a023) mem 0x80000000 0x00000000
core   0: 0x8000a8cc (0x0014a223) sw      ra, 4(s1)
core   0: 3 0x8000a8cc (0x0014a223) mem 0x80000004 0x00000000
core   0: 0x8000a8d0 (0x0024a423) sw      sp, 8(s1)
core   0: 3 0x8000a8d0 (0x0024a423) mem 0x80000008 0x00000000
core   0: 0x8000a8d4 (0x0034a623) sw      gp, 12(s1)
core   0: 3 0x8000a8d4 (0x0034a623) mem 0x8000000c 0x00000001
core   0: 0x8000a8d8 (0x0044a823) sw      tp, 16(s1)
core   0: 3 0x8000a8d8 (0x0044a823) mem 0x80000010 0x00200000
core   0: 0x8000a8dc (0x0054aa23) sw      t0, 20(s1)
core   0: 3 0x8000a8dc (0x0054aa23) mem 0x80000014 0x00000000
core   0: 0x8000a8e0 (0x0064ac23) sw      t1, 24(s1)
core   0: 3 0x8000a8e0 (0x0064ac23) mem 0x80000018 0xf77346d1
core   0: 0x8000a8e4 (0x0074ae23) sw      t2, 28(s1)
core   0: 3 0x8000a8e4 (0x0074ae23) mem 0x8000001c 0xf11ff645
core   0: 0x8000a8e8 (0x0284a023) sw      s0, 32(s1)
core   0: 3 0x8000a8e8 (0x0284a023) mem 0x80000020 0x00000000
core   0: 0x8000a8ec (0x0294a223) sw      s1, 36(s1)
core   0: 3 0x8000a8ec (0x0294a223) mem 0x80000024 0x80000000
core   0: 0x8000a8f0 (0x02a4a423) sw      a0, 40(s1)
core   0: 3 0x8000a8f0 (0x02a4a423) mem 0x80000028 0x80009d50
core   0: 0x8000a8f4 (0x02b4a623) sw      a1, 44(s1)
core   0: 3 0x8000a8f4 (0x02b4a623) mem 0x8000002c 0x01a11965
core   0: 0x8000a8f8 (0x02c4a823) sw      a2, 48(s1)
core   0: 3 0x8000a8f8 (0x02c4a823) mem 0x80000030 0x00000001
core   0: 0x8000a8fc (0x02d4aa23) sw      a3, 52(s1)
core   0: 3 0x8000a8fc (0x02d4aa23) mem 0x80000034 0x034232cb
core   0: 0x8000a900 (0x02e4ac23) sw      a4, 56(s1)
core   0: 3 0x8000a900 (0x02e4ac23) mem 0x80000038 0x00000001
core   0: 0x8000a904 (0x02f4ae23) sw      a5, 60(s1)
core   0: 3 0x8000a904 (0x02f4ae23) mem 0x8000003c 0x00000001
core   0: 0x8000a908 (0x0504a023) sw      a6, 64(s1)
core   0: 3 0x8000a908 (0x0504a023) mem 0x80000040 0x80018c60
core   0: 0x8000a90c (0x0514a223) sw      a7, 68(s1)
core   0: 3 0x8000a90c (0x0514a223) mem 0x80000044 0xfe5eeba7
core   0: 0x8000a910 (0x0524a423) sw      s2, 72(s1)
core   0: 3 0x8000a910 (0x0524a423) mem 0x80000048 0x000006b9
core   0: 0x8000a914 (0x0534a623) sw      s3, 76(s1)
core   0: 3 0x8000a914 (0x0534a623) mem 0x8000004c 0xf77346d1
core   0: 0x8000a918 (0x0544a823) sw      s4, 80(s1)
core   0: 3 0x8000a918 (0x0544a823) mem 0x80000050 0x04e06720
core   0: 0x8000a91c (0x0554aa23) sw      s5, 84(s1)
core   0: 3 0x8000a91c (0x0554aa23) mem 0x80000054 0x00000d72
core   0: 0x8000a920 (0x0564ac23) sw      s6, 88(s1)
core   0: 3 0x8000a920 (0x0564ac23) mem 0x80000058 0x80018c60
core   0: 0x8000a924 (0x0574ae23) sw      s7, 92(s1)
core   0: 3 0x8000a924 (0x0574ae23) mem 0x8000005c 0x00000001
core   0: 0x8000a928 (0x0784a023) sw      s8, 96(s1)
core   0: 3 0x8000a928 (0x0784a023) mem 0x80000060 0x0000000b
core   0: 0x8000a92c (0x0794a223) sw      s9, 100(s1)
core   0: 3 0x8000a92c (0x0794a223) mem 0x80000064 0xe23fec8c
core   0: 0x8000a930 (0x07a4a423) sw      s10, 104(s1)
core   0: 3 0x8000a930 (0x07a4a423) mem 0x80000068 0x34232cbc
core   0: 0x8000a934 (0x07b4a623) sw      s11, 108(s1)
core   0: 3 0x8000a934 (0x07b4a623) mem 0x8000006c 0x1a119650
core   0: 0x8000a938 (0x07c4a823) sw      t3, 112(s1)
core   0: 3 0x8000a938 (0x07c4a823) mem 0x80000070 0x00000000
core   0: 0x8000a93c (0x07d4aa23) sw      t4, 116(s1)
core   0: 3 0x8000a93c (0x07d4aa23) mem 0x80000074 0x00000441
core   0: 0x8000a940 (0x07e4ac23) sw      t5, 120(s1)
core   0: 3 0x8000a940 (0x07e4ac23) mem 0x80000078 0x00000001
core   0: 0x8000a944 (0x07f4ae23) sw      t6, 124(s1)
core   0: 3 0x8000a944 (0x07f4ae23) mem 0x8000007c 0x00000000
core   0: 0x8000a948 (0xfffff517) auipc   a0, 0xfffff
core   0: 3 0x8000a948 (0xfffff517) x10 0x80009948
core   0: 0x8000a94c (0x41050513) addi    a0, a0, 1040
core   0: 3 0x8000a94c (0x41050513) x10 0x80009d58
core   0: 0x8000a950 (0x00050067) jr      a0
core   0: 3 0x8000a950 (0x00050067)
core   0: 0x80009d58 (0x00006f17) auipc   t5, 0x6
core   0: 3 0x80009d58 (0x00006f17) x30 0x8000fd58
core   0: 0x80009d5c (0x2a3f2423) sw      gp, 680(t5)
core   0: 3 0x80009d5c (0x2a3f2423) mem 0x80010000 0x00000001
core   0: 0x80009d60 (0xff9ff06f) j       pc - 0x8
core   0: 3 0x80009d60 (0xff9ff06f)
core   0: 0x80009d58 (0x00006f17) auipc   t5, 0x6
core   0: 3 0x80009d58 (0x00006f17) x30 0x8000fd58
core   0: 0x80009d5c (0x2a3f2423) sw      gp, 680(t5)
core   0: 3 0x80009d5c (0x2a3f2423) mem 0x80010000 0x00000001
core   0: 0x80009d60 (0xff9ff06f) j       pc - 0x8
core   0: 3 0x80009d60 (0xff9ff06f)
core   0: 0x80009d58 (0x00006f17) auipc   t5, 0x6
core   0: 3 0x80009d58 (0x00006f17) x30 0x8000fd58
core   0: 0x80009d5c (0x2a3f2423) sw      gp, 680(t5)
core   0: 3 0x80009d5c (0x2a3f2423) mem 0x80010000 0x00000001
core   0: 0x80009d60 (0xff9ff06f) j       pc - 0x8
core   0: 3 0x80009d60 (0xff9ff06f)
core   0: 0x80009d58 (0x00006f17) auipc   t5, 0x6
core   0: 3 0x80009d58 (0x00006f17) x30 0x8000fd58
core   0: 0x80009d5c (0x2a3f2423) sw      gp, 680(t5)
core   0: 3 0x80009d5c (0x2a3f2423) mem 0x80010000 0x00000001
core   0: 0x80009d60 (0xff9ff06f) j       pc - 0x8
core   0: 3 0x80009d60 (0xff9ff06f)
core   0: 0x80009d58 (0x00006f17) auipc   t5, 0x6
core   0: 3 0x80009d58 (0x00006f17) x30 0x8000fd58
core   0: 0x80009d5c (0x2a3f2423) sw      gp, 680(t5)
core   0: 3 0x80009d5c (0x2a3f2423) mem 0x80010000 0x00000001
core   0: 0x80009d60 (0xff9ff06f) j       pc - 0x8
core   0: 3 0x80009d60 (0xff9ff06f)
core   0: 0x80009d58 (0x00006f17) auipc   t5, 0x6
core   0: 3 0x80009d58 (0x00006f17) x30 0x8000fd58
core   0: 0x80009d5c (0x2a3f2423) sw      gp, 680(t5)
core   0: 3 0x80009d5c (0x2a3f2423) mem 0x80010000 0x00000001
core   0: 0x80009d60 (0xff9ff06f) j       pc - 0x8
core   0: 3 0x80009d60 (0xff9ff06f)
core   0: 0x80009d58 (0x00006f17) auipc   t5, 0x6
core   0: 3 0x80009d58 (0x00006f17) x30 0x8000fd58
core   0: 0x80009d5c (0x2a3f2423) sw      gp, 680(t5)
core   0: 3 0x80009d5c (0x2a3f2423) mem 0x80010000 0x00000001
core   0: 0x80009d60 (0xff9ff06f) j       pc - 0x8
core   0: 3 0x80009d60 (0xff9ff06f)
core   0: 0x80009d58 (0x00006f17) auipc   t5, 0x6
core   0: 3 0x80009d58 (0x00006f17) x30 0x8000fd58
core   0: 0x80009d5c (0x2a3f2423) sw      gp, 680(t5)
core   0: 3 0x80009d5c (0x2a3f2423) mem 0x80010000 0x00000001
core   0: 0x80009d60 (0xff9ff06f) j       pc - 0x8
core   0: 3 0x80009d60 (0xff9ff06f)
core   0: 0x80009d58 (0x00006f17) auipc   t5, 0x6
core   0: 3 0x80009d58 (0x00006f17) x30 0x8000fd58
core   0: 0x80009d5c (0x2a3f2423) sw      gp, 680(t5)
core   0: 3 0x80009d5c (0x2a3f2423) mem 0x80010000 0x00000001
core   0: 0x80009d60 (0xff9ff06f) j       pc - 0x8
core   0: 3 0x80009d60 (0xff9ff06f)
core   0: 0x80009d58 (0x00006f17) auipc   t5, 0x6
core   0: 3 0x80009d58 (0x00006f17) x30 0x8000fd58
core   0: 0x80009d5c (0x2a3f2423) sw      gp, 680(t5)
core   0: 3 0x80009d5c (0x2a3f2423) mem 0x80010000 0x00000001
core   0: 0x80009d60 (0xff9ff06f) j       pc - 0x8
core   0: 3 0x80009d60 (0xff9ff06f)
core   0: 0x80009d58 (0x00006f17) auipc   t5, 0x6
core   0: 3 0x80009d58 (0x00006f17) x30 0x8000fd58
core   0: 0x80009d5c (0x2a3f2423) sw      gp, 680(t5)
core   0: 3 0x80009d5c (0x2a3f2423) mem 0x80010000 0x00000001
core   0: 0x80009d60 (0xff9ff06f) j       pc - 0x8
core   0: 3 0x80009d60 (0xff9ff06f)
core   0: 0x80009d58 (0x00006f17) auipc   t5, 0x6
core   0: 3 0x80009d58 (0x00006f17) x30 0x8000fd58
core   0: 0x80009d5c (0x2a3f2423) sw      gp, 680(t5)
core   0: 3 0x80009d5c (0x2a3f2423) mem 0x80010000 0x00000001
core   0: 0x80009d60 (0xff9ff06f) j       pc - 0x8
core   0: 3 0x80009d60 (0xff9ff06f)
core   0: 0x80009d58 (0x00006f17) auipc   t5, 0x6
core   0: 3 0x80009d58 (0x00006f17) x30 0x8000fd58
core   0: 0x80009d5c (0x2a3f2423) sw      gp, 680(t5)
core   0: 3 0x80009d5c (0x2a3f2423) mem 0x80010000 0x00000001
core   0: 0x80009d60 (0xff9ff06f) j       pc - 0x8
core   0: 3 0x80009d60 (0xff9ff06f)
core   0: 0x80009d58 (0x00006f17) auipc   t5, 0x6
core   0: 3 0x80009d58 (0x00006f17) x30 0x8000fd58
core   0: 0x80009d5c (0x2a3f2423) sw      gp, 680(t5)
core   0: 3 0x80009d5c (0x2a3f2423) mem 0x80010000 0x00000001
core   0: 0x80009d60 (0xff9ff06f) j       pc - 0x8
core   0: 3 0x80009d60 (0xff9ff06f)
core   0: 0x80009d58 (0x00006f17) auipc   t5, 0x6
core   0: 3 0x80009d58 (0x00006f17) x30 0x8000fd58
core   0: 0x80009d5c (0x2a3f2423) sw      gp, 680(t5)
core   0: 3 0x80009d5c (0x2a3f2423) mem 0x80010000 0x00000001
core   0: 0x80009d60 (0xff9ff06f) j       pc - 0x8
core   0: 3 0x80009d60 (0xff9ff06f)
core   0: 0x80009d58 (0x00006f17) auipc   t5, 0x6
core   0: 3 0x80009d58 (0x00006f17) x30 0x8000fd58
core   0: 0x80009d5c (0x2a3f2423) sw      gp, 680(t5)
core   0: 3 0x80009d5c (0x2a3f2423) mem 0x80010000 0x00000001
core   0: 0x80009d60 (0xff9ff06f) j       pc - 0x8
core   0: 3 0x80009d60 (0xff9ff06f)
core   0: 0x80009d58 (0x00006f17) auipc   t5, 0x6
core   0: 3 0x80009d58 (0x00006f17) x30 0x8000fd58
core   0: 0x80009d5c (0x2a3f2423) sw      gp, 680(t5)
core   0: 3 0x80009d5c (0x2a3f2423) mem 0x80010000 0x00000001
core   0: 0x80009d60 (0xff9ff06f) j       pc - 0x8
core   0: 3 0x80009d60 (0xff9ff06f)
core   0: 0x80009d58 (0x00006f17) auipc   t5, 0x6
core   0: 3 0x80009d58 (0x00006f17) x30 0x8000fd58
core   0: 0x80009d5c (0x2a3f2423) sw      gp, 680(t5)
core   0: 3 0x80009d5c (0x2a3f2423) mem 0x80010000 0x00000001
core   0: 0x80009d60 (0xff9ff06f) j       pc - 0x8
core   0: 3 0x80009d60 (0xff9ff06f)
core   0: 0x80009d58 (0x00006f17) auipc   t5, 0x6
core   0: 3 0x80009d58 (0x00006f17) x30 0x8000fd58
core   0: 0x80009d5c (0x2a3f2423) sw      gp, 680(t5)
core   0: 3 0x80009d5c (0x2a3f2423) mem 0x80010000 0x00000001
core   0: 0x80009d60 (0xff9ff06f) j       pc - 0x8
core   0: 3 0x80009d60 (0xff9ff06f)
core   0: 0x80009d58 (0x00006f17) auipc   t5, 0x6
core   0: 3 0x80009d58 (0x00006f17) x30 0x8000fd58
core   0: 0x80009d5c (0x2a3f2423) sw      gp, 680(t5)
core   0: 3 0x80009d5c (0x2a3f2423) mem 0x80010000 0x00000001
core   0: 0x80009d60 (0xff9ff06f) j       pc - 0x8
core   0: 3 0x80009d60 (0xff9ff06f)
core   0: 0x80009d58 (0x00006f17) auipc   t5, 0x6
core   0: 3 0x80009d58 (0x00006f17) x30 0x8000fd58
core   0: 0x80009d5c (0x2a3f2423) sw      gp, 680(t5)
core   0: 3 0x80009d5c (0x2a3f2423) mem 0x80010000 0x00000001
core   0: 0x80009d60 (0xff9ff06f) j       pc - 0x8
core   0: 3 0x80009d60 (0xff9ff06f)
core   0: 0x80009d58 (0x00006f17) auipc   t5, 0x6
core   0: 3 0x80009d58 (0x00006f17) x30 0x8000fd58
core   0: 0x80009d5c (0x2a3f2423) sw      gp, 680(t5)
core   0: 3 0x80009d5c (0x2a3f2423) mem 0x80010000 0x00000001
core   0: 0x80009d60 (0xff9ff06f) j       pc - 0x8
core   0: 3 0x80009d60 (0xff9ff06f)
core   0: 0x80009d58 (0x00006f17) auipc   t5, 0x6
core   0: 3 0x80009d58 (0x00006f17) x30 0x8000fd58
core   0: 0x80009d5c (0x2a3f2423) sw      gp, 680(t5)
core   0: 3 0x80009d5c (0x2a3f2423) mem 0x80010000 0x00000001
core   0: 0x80009d60 (0xff9ff06f) j       pc - 0x8
core   0: 3 0x80009d60 (0xff9ff06f)
core   0: 0x80009d58 (0x00006f17) auipc   t5, 0x6
core   0: 3 0x80009d58 (0x00006f17) x30 0x8000fd58
core   0: 0x80009d5c (0x2a3f2423) sw      gp, 680(t5)
core   0: 3 0x80009d5c (0x2a3f2423) mem 0x80010000 0x00000001
core   0: 0x80009d60 (0xff9ff06f) j       pc - 0x8
core   0: 3 0x80009d60 (0xff9ff06f)
core   0: 0x80009d58 (0x00006f17) auipc   t5, 0x6
core   0: 3 0x80009d58 (0x00006f17) x30 0x8000fd58
core   0: 0x80009d5c (0x2a3f2423) sw      gp, 680(t5)
core   0: 3 0x80009d5c (0x2a3f2423) mem 0x80010000 0x00000001
core   0: 0x80009d60 (0xff9ff06f) j       pc - 0x8
core   0: 3 0x80009d60 (0xff9ff06f)
core   0: 0x80009d58 (0x00006f17) auipc   t5, 0x6
core   0: 3 0x80009d58 (0x00006f17) x30 0x8000fd58
core   0: 0x80009d5c (0x2a3f2423) sw      gp, 680(t5)
core   0: 3 0x80009d5c (0x2a3f2423) mem 0x80010000 0x00000001
core   0: 0x80009d60 (0xff9ff06f) j       pc - 0x8
core   0: 3 0x80009d60 (0xff9ff06f)
core   0: 0x80009d58 (0x00006f17) auipc   t5, 0x6
core   0: 3 0x80009d58 (0x00006f17) x30 0x8000fd58
core   0: 0x80009d5c (0x2a3f2423) sw      gp, 680(t5)
core   0: 3 0x80009d5c (0x2a3f2423) mem 0x80010000 0x00000001
core   0: 0x80009d60 (0xff9ff06f) j       pc - 0x8
core   0: 3 0x80009d60 (0xff9ff06f)
core   0: 0x80009d58 (0x00006f17) auipc   t5, 0x6
core   0: 3 0x80009d58 (0x00006f17) x30 0x8000fd58
core   0: 0x80009d5c (0x2a3f2423) sw      gp, 680(t5)
core   0: 3 0x80009d5c (0x2a3f2423) mem 0x80010000 0x00000001
core   0: 0x80009d60 (0xff9ff06f) j       pc - 0x8
core   0: 3 0x80009d60 (0xff9ff06f)
core   0: 0x80009d58 (0x00006f17) auipc   t5, 0x6
core   0: 3 0x80009d58 (0x00006f17) x30 0x8000fd58
core   0: 0x80009d5c (0x2a3f2423) sw      gp, 680(t5)
core   0: 3 0x80009d5c (0x2a3f2423) mem 0x80010000 0x00000001
core   0: 0x80009d60 (0xff9ff06f) j       pc - 0x8
core   0: 3 0x80009d60 (0xff9ff06f)
core   0: 0x80009d58 (0x00006f17) auipc   t5, 0x6
core   0: 3 0x80009d58 (0x00006f17) x30 0x8000fd58
core   0: 0x80009d5c (0x2a3f2423) sw      gp, 680(t5)
core   0: 3 0x80009d5c (0x2a3f2423) mem 0x80010000 0x00000001
core   0: 0x80009d60 (0xff9ff06f) j       pc - 0x8
core   0: 3 0x80009d60 (0xff9ff06f)
core   0: 0x80009d58 (0x00006f17) auipc   t5, 0x6
core   0: 3 0x80009d58 (0x00006f17) x30 0x8000fd58
core   0: 0x80009d5c (0x2a3f2423) sw      gp, 680(t5)
core   0: 3 0x80009d5c (0x2a3f2423) mem 0x80010000 0x00000001
core   0: 0x80009d60 (0xff9ff06f) j       pc - 0x8
core   0: 3 0x80009d60 (0xff9ff06f)
core   0: 0x80009d58 (0x00006f17) auipc   t5, 0x6
core   0: 3 0x80009d58 (0x00006f17) x30 0x8000fd58
core   0: 0x80009d5c (0x2a3f2423) sw      gp, 680(t5)
core   0: 3 0x80009d5c (0x2a3f2423) mem 0x80010000 0x00000001
core   0: 0x80009d60 (0xff9ff06f) j       pc - 0x8
core   0: 3 0x80009d60 (0xff9ff06f)
core   0: 0x80009d58 (0x00006f17) auipc   t5, 0x6
core   0: 3 0x80009d58 (0x00006f17) x30 0x8000fd58
core   0: 0x80009d5c (0x2a3f2423) sw      gp, 680(t5)
core   0: 3 0x80009d5c (0x2a3f2423) mem 0x80010000 0x00000001
core   0: 0x80009d60 (0xff9ff06f) j       pc - 0x8
core   0: 3 0x80009d60 (0xff9ff06f)
core   0: 0x80009d58 (0x00006f17) auipc   t5, 0x6
core   0: 3 0x80009d58 (0x00006f17) x30 0x8000fd58
core   0: 0x80009d5c (0x2a3f2423) sw      gp, 680(t5)
core   0: 3 0x80009d5c (0x2a3f2423) mem 0x80010000 0x00000001
core   0: 0x80009d60 (0xff9ff06f) j       pc - 0x8
core   0: 3 0x80009d60 (0xff9ff06f)
core   0: 0x80009d58 (0x00006f17) auipc   t5, 0x6
core   0: 3 0x80009d58 (0x00006f17) x30 0x8000fd58
core   0: 0x80009d5c (0x2a3f2423) sw      gp, 680(t5)
core   0: 3 0x80009d5c (0x2a3f2423) mem 0x80010000 0x00000001
core   0: 0x80009d60 (0xff9ff06f) j       pc - 0x8
core   0: 3 0x80009d60 (0xff9ff06f)
core   0: 0x80009d58 (0x00006f17) auipc   t5, 0x6
core   0: 3 0x80009d58 (0x00006f17) x30 0x8000fd58
core   0: 0x80009d5c (0x2a3f2423) sw      gp, 680(t5)
core   0: 3 0x80009d5c (0x2a3f2423) mem 0x80010000 0x00000001
core   0: 0x80009d60 (0xff9ff06f) j       pc - 0x8
core   0: 3 0x80009d60 (0xff9ff06f)
core   0: 0x80009d58 (0x00006f17) auipc   t5, 0x6
core   0: 3 0x80009d58 (0x00006f17) x30 0x8000fd58
core   0: 0x80009d5c (0x2a3f2423) sw      gp, 680(t5)
core   0: 3 0x80009d5c (0x2a3f2423) mem 0x80010000 0x00000001
core   0: 0x80009d60 (0xff9ff06f) j       pc - 0x8
core   0: 3 0x80009d60 (0xff9ff06f)
core   0: 0x80009d58 (0x00006f17) auipc   t5, 0x6
core   0: 3 0x80009d58 (0x00006f17) x30 0x8000fd58
core   0: 0x80009d5c (0x2a3f2423) sw      gp, 680(t5)
core   0: 3 0x80009d5c (0x2a3f2423) mem 0x80010000 0x00000001
core   0: 0x80009d60 (0xff9ff06f) j       pc - 0x8
core   0: 3 0x80009d60 (0xff9ff06f)
core   0: 0x80009d58 (0x00006f17) auipc   t5, 0x6
core   0: 3 0x80009d58 (0x00006f17) x30 0x8000fd58
core   0: 0x80009d5c (0x2a3f2423) sw      gp, 680(t5)
core   0: 3 0x80009d5c (0x2a3f2423) mem 0x80010000 0x00000001
core   0: 0x80009d60 (0xff9ff06f) j       pc - 0x8
core   0: 3 0x80009d60 (0xff9ff06f)
core   0: 0x80009d58 (0x00006f17) auipc   t5, 0x6
core   0: 3 0x80009d58 (0x00006f17) x30 0x8000fd58
core   0: 0x80009d5c (0x2a3f2423) sw      gp, 680(t5)
core   0: 3 0x80009d5c (0x2a3f2423) mem 0x80010000 0x00000001
core   0: 0x80009d60 (0xff9ff06f) j       pc - 0x8
core   0: 3 0x80009d60 (0xff9ff06f)
core   0: 0x80009d58 (0x00006f17) auipc   t5, 0x6
core   0: 3 0x80009d58 (0x00006f17) x30 0x8000fd58
core   0: 0x80009d5c (0x2a3f2423) sw      gp, 680(t5)
core   0: 3 0x80009d5c (0x2a3f2423) mem 0x80010000 0x00000001
core   0: 0x80009d60 (0xff9ff06f) j       pc - 0x8
core   0: 3 0x80009d60 (0xff9ff06f)
core   0: 0x80009d58 (0x00006f17) auipc   t5, 0x6
core   0: 3 0x80009d58 (0x00006f17) x30 0x8000fd58
core   0: 0x80009d5c (0x2a3f2423) sw      gp, 680(t5)
core   0: 3 0x80009d5c (0x2a3f2423) mem 0x80010000 0x00000001
core   0: 0x80009d60 (0xff9ff06f) j       pc - 0x8
core   0: 3 0x80009d60 (0xff9ff06f)
core   0: 0x80009d58 (0x00006f17) auipc   t5, 0x6
core   0: 3 0x80009d58 (0x00006f17) x30 0x8000fd58
core   0: 0x80009d5c (0x2a3f2423) sw      gp, 680(t5)
core   0: 3 0x80009d5c (0x2a3f2423) mem 0x80010000 0x00000001
core   0: 0x80009d60 (0xff9ff06f) j       pc - 0x8
core   0: 3 0x80009d60 (0xff9ff06f)
core   0: 0x80009d58 (0x00006f17) auipc   t5, 0x6
core   0: 3 0x80009d58 (0x00006f17) x30 0x8000fd58
core   0: 0x80009d5c (0x2a3f2423) sw      gp, 680(t5)
core   0: 3 0x80009d5c (0x2a3f2423) mem 0x80010000 0x00000001
core   0: 0x80009d60 (0xff9ff06f) j       pc - 0x8
core   0: 3 0x80009d60 (0xff9ff06f)
core   0: 0x80009d58 (0x00006f17) auipc   t5, 0x6
core   0: 3 0x80009d58 (0x00006f17) x30 0x8000fd58
core   0: 0x80009d5c (0x2a3f2423) sw      gp, 680(t5)
core   0: 3 0x80009d5c (0x2a3f2423) mem 0x80010000 0x00000001
core   0: 0x80009d60 (0xff9ff06f) j       pc - 0x8
core   0: 3 0x80009d60 (0xff9ff06f)
core   0: 0x80009d58 (0x00006f17) auipc   t5, 0x6
core   0: 3 0x80009d58 (0x00006f17) x30 0x8000fd58
core   0: 0x80009d5c (0x2a3f2423) sw      gp, 680(t5)
core   0: 3 0x80009d5c (0x2a3f2423) mem 0x80010000 0x00000001
core   0: 0x80009d60 (0xff9ff06f) j       pc - 0x8
core   0: 3 0x80009d60 (0xff9ff06f)
core   0: 0x80009d58 (0x00006f17) auipc   t5, 0x6
core   0: 3 0x80009d58 (0x00006f17) x30 0x8000fd58
core   0: 0x80009d5c (0x2a3f2423) sw      gp, 680(t5)
core   0: 3 0x80009d5c (0x2a3f2423) mem 0x80010000 0x00000001
core   0: 0x80009d60 (0xff9ff06f) j       pc - 0x8
core   0: 3 0x80009d60 (0xff9ff06f)
core   0: 0x80009d58 (0x00006f17) auipc   t5, 0x6
core   0: 3 0x80009d58 (0x00006f17) x30 0x8000fd58
core   0: 0x80009d5c (0x2a3f2423) sw      gp, 680(t5)
core   0: 3 0x80009d5c (0x2a3f2423) mem 0x80010000 0x00000001
core   0: 0x80009d60 (0xff9ff06f) j       pc - 0x8
core   0: 3 0x80009d60 (0xff9ff06f)
core   0: 0x80009d58 (0x00006f17) auipc   t5, 0x6
core   0: 3 0x80009d58 (0x00006f17) x30 0x8000fd58
core   0: 0x80009d5c (0x2a3f2423) sw      gp, 680(t5)
core   0: 3 0x80009d5c (0x2a3f2423) mem 0x80010000 0x00000001
core   0: 0x80009d60 (0xff9ff06f) j       pc - 0x8
core   0: 3 0x80009d60 (0xff9ff06f)
core   0: 0x80009d58 (0x00006f17) auipc   t5, 0x6
core   0: 3 0x80009d58 (0x00006f17) x30 0x8000fd58
core   0: 0x80009d5c (0x2a3f2423) sw      gp, 680(t5)
core   0: 3 0x80009d5c (0x2a3f2423) mem 0x80010000 0x00000001
core   0: 0x80009d60 (0xff9ff06f) j       pc - 0x8
core   0: 3 0x80009d60 (0xff9ff06f)
core   0: 0x80009d58 (0x00006f17) auipc   t5, 0x6
core   0: 3 0x80009d58 (0x00006f17) x30 0x8000fd58
core   0: 0x80009d5c (0x2a3f2423) sw      gp, 680(t5)
core   0: 3 0x80009d5c (0x2a3f2423) mem 0x80010000 0x00000001
core   0: 0x80009d60 (0xff9ff06f) j       pc - 0x8
core   0: 3 0x80009d60 (0xff9ff06f)
core   0: 0x80009d58 (0x00006f17) auipc   t5, 0x6
core   0: 3 0x80009d58 (0x00006f17) x30 0x8000fd58
core   0: 0x80009d5c (0x2a3f2423) sw      gp, 680(t5)
core   0: 3 0x80009d5c (0x2a3f2423) mem 0x80010000 0x00000001
core   0: 0x80009d60 (0xff9ff06f) j       pc - 0x8
core   0: 3 0x80009d60 (0xff9ff06f)
core   0: 0x80009d58 (0x00006f17) auipc   t5, 0x6
core   0: 3 0x80009d58 (0x00006f17) x30 0x8000fd58
core   0: 0x80009d5c (0x2a3f2423) sw      gp, 680(t5)
core   0: 3 0x80009d5c (0x2a3f2423) mem 0x80010000 0x00000001
core   0: 0x80009d60 (0xff9ff06f) j       pc - 0x8
core   0: 3 0x80009d60 (0xff9ff06f)
core   0: 0x80009d58 (0x00006f17) auipc   t5, 0x6
core   0: 3 0x80009d58 (0x00006f17) x30 0x8000fd58
core   0: 0x80009d5c (0x2a3f2423) sw      gp, 680(t5)
core   0: 3 0x80009d5c (0x2a3f2423) mem 0x80010000 0x00000001
core   0: 0x80009d60 (0xff9ff06f) j       pc - 0x8
core   0: 3 0x80009d60 (0xff9ff06f)
core   0: 0x80009d58 (0x00006f17) auipc   t5, 0x6
core   0: 3 0x80009d58 (0x00006f17) x30 0x8000fd58
core   0: 0x80009d5c (0x2a3f2423) sw      gp, 680(t5)
core   0: 3 0x80009d5c (0x2a3f2423) mem 0x80010000 0x00000001
core   0: 0x80009d60 (0xff9ff06f) j       pc - 0x8
core   0: 3 0x80009d60 (0xff9ff06f)
core   0: 0x80009d58 (0x00006f17) auipc   t5, 0x6
core   0: 3 0x80009d58 (0x00006f17) x30 0x8000fd58
core   0: 0x80009d5c (0x2a3f2423) sw      gp, 680(t5)
core   0: 3 0x80009d5c (0x2a3f2423) mem 0x80010000 0x00000001
core   0: 0x80009d60 (0xff9ff06f) j       pc - 0x8
core   0: 3 0x80009d60 (0xff9ff06f)
core   0: 0x80009d58 (0x00006f17) auipc   t5, 0x6
core   0: 3 0x80009d58 (0x00006f17) x30 0x8000fd58
core   0: 0x80009d5c (0x2a3f2423) sw      gp, 680(t5)
core   0: 3 0x80009d5c (0x2a3f2423) mem 0x80010000 0x00000001
core   0: 0x80009d60 (0xff9ff06f) j       pc - 0x8
core   0: 3 0x80009d60 (0xff9ff06f)
core   0: 0x80009d58 (0x00006f17) auipc   t5, 0x6
core   0: 3 0x80009d58 (0x00006f17) x30 0x8000fd58
core   0: 0x80009d5c (0x2a3f2423) sw      gp, 680(t5)
core   0: 3 0x80009d5c (0x2a3f2423) mem 0x80010000 0x00000001
core   0: 0x80009d60 (0xff9ff06f) j       pc - 0x8
core   0: 3 0x80009d60 (0xff9ff06f)
core   0: 0x80009d58 (0x00006f17) auipc   t5, 0x6
core   0: 3 0x80009d58 (0x00006f17) x30 0x8000fd58
core   0: 0x80009d5c (0x2a3f2423) sw      gp, 680(t5)
core   0: 3 0x80009d5c (0x2a3f2423) mem 0x80010000 0x00000001
core   0: 0x80009d60 (0xff9ff06f) j       pc - 0x8
core   0: 3 0x80009d60 (0xff9ff06f)
core   0: 0x80009d58 (0x00006f17) auipc   t5, 0x6
core   0: 3 0x80009d58 (0x00006f17) x30 0x8000fd58
core   0: 0x80009d5c (0x2a3f2423) sw      gp, 680(t5)
core   0: 3 0x80009d5c (0x2a3f2423) mem 0x80010000 0x00000001
core   0: 0x80009d60 (0xff9ff06f) j       pc - 0x8
core   0: 3 0x80009d60 (0xff9ff06f)
core   0: 0x80009d58 (0x00006f17) auipc   t5, 0x6
core   0: 3 0x80009d58 (0x00006f17) x30 0x8000fd58
core   0: 0x80009d5c (0x2a3f2423) sw      gp, 680(t5)
core   0: 3 0x80009d5c (0x2a3f2423) mem 0x80010000 0x00000001
core   0: 0x80009d60 (0xff9ff06f) j       pc - 0x8
core   0: 3 0x80009d60 (0xff9ff06f)
core   0: 0x80009d58 (0x00006f17) auipc   t5, 0x6
core   0: 3 0x80009d58 (0x00006f17) x30 0x8000fd58
core   0: 0x80009d5c (0x2a3f2423) sw      gp, 680(t5)
core   0: 3 0x80009d5c (0x2a3f2423) mem 0x80010000 0x00000001
core   0: 0x80009d60 (0xff9ff06f) j       pc - 0x8
core   0: 3 0x80009d60 (0xff9ff06f)
core   0: 0x80009d58 (0x00006f17) auipc   t5, 0x6
core   0: 3 0x80009d58 (0x00006f17) x30 0x8000fd58
core   0: 0x80009d5c (0x2a3f2423) sw      gp, 680(t5)
core   0: 3 0x80009d5c (0x2a3f2423) mem 0x80010000 0x00000001
core   0: 0x80009d60 (0xff9ff06f) j       pc - 0x8
core   0: 3 0x80009d60 (0xff9ff06f)
core   0: 0x80009d58 (0x00006f17) auipc   t5, 0x6
core   0: 3 0x80009d58 (0x00006f17) x30 0x8000fd58
core   0: 0x80009d5c (0x2a3f2423) sw      gp, 680(t5)
core   0: 3 0x80009d5c (0x2a3f2423) mem 0x80010000 0x00000001
core   0: 0x80009d60 (0xff9ff06f) j       pc - 0x8
core   0: 3 0x80009d60 (0xff9ff06f)
core   0: 0x80009d58 (0x00006f17) auipc   t5, 0x6
core   0: 3 0x80009d58 (0x00006f17) x30 0x8000fd58
core   0: 0x80009d5c (0x2a3f2423) sw      gp, 680(t5)
core   0: 3 0x80009d5c (0x2a3f2423) mem 0x80010000 0x00000001
core   0: 0x80009d60 (0xff9ff06f) j       pc - 0x8
core   0: 3 0x80009d60 (0xff9ff06f)
core   0: 0x80009d58 (0x00006f17) auipc   t5, 0x6
core   0: 3 0x80009d58 (0x00006f17) x30 0x8000fd58
core   0: 0x80009d5c (0x2a3f2423) sw      gp, 680(t5)
core   0: 3 0x80009d5c (0x2a3f2423) mem 0x80010000 0x00000001
core   0: 0x80009d60 (0xff9ff06f) j       pc - 0x8
core   0: 3 0x80009d60 (0xff9ff06f)
core   0: 0x80009d58 (0x00006f17) auipc   t5, 0x6
core   0: 3 0x80009d58 (0x00006f17) x30 0x8000fd58
core   0: 0x80009d5c (0x2a3f2423) sw      gp, 680(t5)
core   0: 3 0x80009d5c (0x2a3f2423) mem 0x80010000 0x00000001
core   0: 0x80009d60 (0xff9ff06f) j       pc - 0x8
core   0: 3 0x80009d60 (0xff9ff06f)
core   0: 0x80009d58 (0x00006f17) auipc   t5, 0x6
core   0: 3 0x80009d58 (0x00006f17) x30 0x8000fd58
core   0: 0x80009d5c (0x2a3f2423) sw      gp, 680(t5)
core   0: 3 0x80009d5c (0x2a3f2423) mem 0x80010000 0x00000001
core   0: 0x80009d60 (0xff9ff06f) j       pc - 0x8
core   0: 3 0x80009d60 (0xff9ff06f)
core   0: 0x80009d58 (0x00006f17) auipc   t5, 0x6
core   0: 3 0x80009d58 (0x00006f17) x30 0x8000fd58
core   0: 0x80009d5c (0x2a3f2423) sw      gp, 680(t5)
core   0: 3 0x80009d5c (0x2a3f2423) mem 0x80010000 0x00000001
core   0: 0x80009d60 (0xff9ff06f) j       pc - 0x8
core   0: 3 0x80009d60 (0xff9ff06f)
core   0: 0x80009d58 (0x00006f17) auipc   t5, 0x6
core   0: 3 0x80009d58 (0x00006f17) x30 0x8000fd58
core   0: 0x80009d5c (0x2a3f2423) sw      gp, 680(t5)
core   0: 3 0x80009d5c (0x2a3f2423) mem 0x80010000 0x00000001
core   0: 0x80009d60 (0xff9ff06f) j       pc - 0x8
core   0: 3 0x80009d60 (0xff9ff06f)
core   0: 0x80009d58 (0x00006f17) auipc   t5, 0x6
core   0: 3 0x80009d58 (0x00006f17) x30 0x8000fd58
core   0: 0x80009d5c (0x2a3f2423) sw      gp, 680(t5)
core   0: 3 0x80009d5c (0x2a3f2423) mem 0x80010000 0x00000001
core   0: 0x80009d60 (0xff9ff06f) j       pc - 0x8
core   0: 3 0x80009d60 (0xff9ff06f)
core   0: 0x80009d58 (0x00006f17) auipc   t5, 0x6
core   0: 3 0x80009d58 (0x00006f17) x30 0x8000fd58
core   0: 0x80009d5c (0x2a3f2423) sw      gp, 680(t5)
core   0: 3 0x80009d5c (0x2a3f2423) mem 0x80010000 0x00000001
core   0: 0x80009d60 (0xff9ff06f) j       pc - 0x8
core   0: 3 0x80009d60 (0xff9ff06f)
core   0: 0x80009d58 (0x00006f17) auipc   t5, 0x6
core   0: 3 0x80009d58 (0x00006f17) x30 0x8000fd58
core   0: 0x80009d5c (0x2a3f2423) sw      gp, 680(t5)
core   0: 3 0x80009d5c (0x2a3f2423) mem 0x80010000 0x00000001
core   0: 0x80009d60 (0xff9ff06f) j       pc - 0x8
core   0: 3 0x80009d60 (0xff9ff06f)
core   0: 0x80009d58 (0x00006f17) auipc   t5, 0x6
core   0: 3 0x80009d58 (0x00006f17) x30 0x8000fd58
core   0: 0x80009d5c (0x2a3f2423) sw      gp, 680(t5)
core   0: 3 0x80009d5c (0x2a3f2423) mem 0x80010000 0x00000001
core   0: 0x80009d60 (0xff9ff06f) j       pc - 0x8
core   0: 3 0x80009d60 (0xff9ff06f)
core   0: 0x80009d58 (0x00006f17) auipc   t5, 0x6
core   0: 3 0x80009d58 (0x00006f17) x30 0x8000fd58
core   0: 0x80009d5c (0x2a3f2423) sw      gp, 680(t5)
core   0: 3 0x80009d5c (0x2a3f2423) mem 0x80010000 0x00000001
core   0: 0x80009d60 (0xff9ff06f) j       pc - 0x8
core   0: 3 0x80009d60 (0xff9ff06f)
core   0: 0x80009d58 (0x00006f17) auipc   t5, 0x6
core   0: 3 0x80009d58 (0x00006f17) x30 0x8000fd58
core   0: 0x80009d5c (0x2a3f2423) sw      gp, 680(t5)
core   0: 3 0x80009d5c (0x2a3f2423) mem 0x80010000 0x00000001
core   0: 0x80009d60 (0xff9ff06f) j       pc - 0x8
core   0: 3 0x80009d60 (0xff9ff06f)
core   0: 0x80009d58 (0x00006f17) auipc   t5, 0x6
core   0: 3 0x80009d58 (0x00006f17) x30 0x8000fd58
core   0: 0x80009d5c (0x2a3f2423) sw      gp, 680(t5)
core   0: 3 0x80009d5c (0x2a3f2423) mem 0x80010000 0x00000001
core   0: 0x80009d60 (0xff9ff06f) j       pc - 0x8
core   0: 3 0x80009d60 (0xff9ff06f)
core   0: 0x80009d58 (0x00006f17) auipc   t5, 0x6
core   0: 3 0x80009d58 (0x00006f17) x30 0x8000fd58
core   0: 0x80009d5c (0x2a3f2423) sw      gp, 680(t5)
core   0: 3 0x80009d5c (0x2a3f2423) mem 0x80010000 0x00000001
core   0: 0x80009d60 (0xff9ff06f) j       pc - 0x8
core   0: 3 0x80009d60 (0xff9ff06f)
core   0: 0x80009d58 (0x00006f17) auipc   t5, 0x6
core   0: 3 0x80009d58 (0x00006f17) x30 0x8000fd58
core   0: 0x80009d5c (0x2a3f2423) sw      gp, 680(t5)
core   0: 3 0x80009d5c (0x2a3f2423) mem 0x80010000 0x00000001
core   0: 0x80009d60 (0xff9ff06f) j       pc - 0x8
core   0: 3 0x80009d60 (0xff9ff06f)
core   0: 0x80009d58 (0x00006f17) auipc   t5, 0x6
core   0: 3 0x80009d58 (0x00006f17) x30 0x8000fd58
core   0: 0x80009d5c (0x2a3f2423) sw      gp, 680(t5)
core   0: 3 0x80009d5c (0x2a3f2423) mem 0x80010000 0x00000001
core   0: 0x80009d60 (0xff9ff06f) j       pc - 0x8
core   0: 3 0x80009d60 (0xff9ff06f)
core   0: 0x80009d58 (0x00006f17) auipc   t5, 0x6
core   0: 3 0x80009d58 (0x00006f17) x30 0x8000fd58
core   0: 0x80009d5c (0x2a3f2423) sw      gp, 680(t5)
core   0: 3 0x80009d5c (0x2a3f2423) mem 0x80010000 0x00000001
core   0: 0x80009d60 (0xff9ff06f) j       pc - 0x8
core   0: 3 0x80009d60 (0xff9ff06f)
core   0: 0x80009d58 (0x00006f17) auipc   t5, 0x6
core   0: 3 0x80009d58 (0x00006f17) x30 0x8000fd58
core   0: 0x80009d5c (0x2a3f2423) sw      gp, 680(t5)
core   0: 3 0x80009d5c (0x2a3f2423) mem 0x80010000 0x00000001
core   0: 0x80009d60 (0xff9ff06f) j       pc - 0x8
core   0: 3 0x80009d60 (0xff9ff06f)
core   0: 0x80009d58 (0x00006f17) auipc   t5, 0x6
core   0: 3 0x80009d58 (0x00006f17) x30 0x8000fd58
core   0: 0x80009d5c (0x2a3f2423) sw      gp, 680(t5)
core   0: 3 0x80009d5c (0x2a3f2423) mem 0x80010000 0x00000001
core   0: 0x80009d60 (0xff9ff06f) j       pc - 0x8
core   0: 3 0x80009d60 (0xff9ff06f)
core   0: 0x80009d58 (0x00006f17) auipc   t5, 0x6
core   0: 3 0x80009d58 (0x00006f17) x30 0x8000fd58
core   0: 0x80009d5c (0x2a3f2423) sw      gp, 680(t5)
core   0: 3 0x80009d5c (0x2a3f2423) mem 0x80010000 0x00000001
core   0: 0x80009d60 (0xff9ff06f) j       pc - 0x8
core   0: 3 0x80009d60 (0xff9ff06f)
core   0: 0x80009d58 (0x00006f17) auipc   t5, 0x6
core   0: 3 0x80009d58 (0x00006f17) x30 0x8000fd58
core   0: 0x80009d5c (0x2a3f2423) sw      gp, 680(t5)
core   0: 3 0x80009d5c (0x2a3f2423) mem 0x80010000 0x00000001
core   0: 0x80009d60 (0xff9ff06f) j       pc - 0x8
core   0: 3 0x80009d60 (0xff9ff06f)
core   0: 0x80009d58 (0x00006f17) auipc   t5, 0x6
core   0: 3 0x80009d58 (0x00006f17) x30 0x8000fd58
core   0: 0x80009d5c (0x2a3f2423) sw      gp, 680(t5)
core   0: 3 0x80009d5c (0x2a3f2423) mem 0x80010000 0x00000001
core   0: 0x80009d60 (0xff9ff06f) j       pc - 0x8
core   0: 3 0x80009d60 (0xff9ff06f)
core   0: 0x80009d58 (0x00006f17) auipc   t5, 0x6
core   0: 3 0x80009d58 (0x00006f17) x30 0x8000fd58
core   0: 0x80009d5c (0x2a3f2423) sw      gp, 680(t5)
core   0: 3 0x80009d5c (0x2a3f2423) mem 0x80010000 0x00000001
core   0: 0x80009d60 (0xff9ff06f) j       pc - 0x8
core   0: 3 0x80009d60 (0xff9ff06f)
core   0: 0x80009d58 (0x00006f17) auipc   t5, 0x6
core   0: 3 0x80009d58 (0x00006f17) x30 0x8000fd58
core   0: 0x80009d5c (0x2a3f2423) sw      gp, 680(t5)
core   0: 3 0x80009d5c (0x2a3f2423) mem 0x80010000 0x00000001
core   0: 0x80009d60 (0xff9ff06f) j       pc - 0x8
core   0: 3 0x80009d60 (0xff9ff06f)
core   0: 0x80009d58 (0x00006f17) auipc   t5, 0x6
core   0: 3 0x80009d58 (0x00006f17) x30 0x8000fd58
core   0: 0x80009d5c (0x2a3f2423) sw      gp, 680(t5)
core   0: 3 0x80009d5c (0x2a3f2423) mem 0x80010000 0x00000001
core   0: 0x80009d60 (0xff9ff06f) j       pc - 0x8
core   0: 3 0x80009d60 (0xff9ff06f)
core   0: 0x80009d58 (0x00006f17) auipc   t5, 0x6
core   0: 3 0x80009d58 (0x00006f17) x30 0x8000fd58
core   0: 0x80009d5c (0x2a3f2423) sw      gp, 680(t5)
core   0: 3 0x80009d5c (0x2a3f2423) mem 0x80010000 0x00000001
core   0: 0x80009d60 (0xff9ff06f) j       pc - 0x8
core   0: 3 0x80009d60 (0xff9ff06f)
core   0: 0x80009d58 (0x00006f17) auipc   t5, 0x6
core   0: 3 0x80009d58 (0x00006f17) x30 0x8000fd58
core   0: 0x80009d5c (0x2a3f2423) sw      gp, 680(t5)
core   0: 3 0x80009d5c (0x2a3f2423) mem 0x80010000 0x00000001
core   0: 0x80009d60 (0xff9ff06f) j       pc - 0x8
core   0: 3 0x80009d60 (0xff9ff06f)
core   0: 0x80009d58 (0x00006f17) auipc   t5, 0x6
core   0: 3 0x80009d58 (0x00006f17) x30 0x8000fd58
core   0: 0x80009d5c (0x2a3f2423) sw      gp, 680(t5)
core   0: 3 0x80009d5c (0x2a3f2423) mem 0x80010000 0x00000001
core   0: 0x80009d60 (0xff9ff06f) j       pc - 0x8
core   0: 3 0x80009d60 (0xff9ff06f)
core   0: 0x80009d58 (0x00006f17) auipc   t5, 0x6
core   0: 3 0x80009d58 (0x00006f17) x30 0x8000fd58
core   0: 0x80009d5c (0x2a3f2423) sw      gp, 680(t5)
core   0: 3 0x80009d5c (0x2a3f2423) mem 0x80010000 0x00000001
core   0: 0x80009d60 (0xff9ff06f) j       pc - 0x8
core   0: 3 0x80009d60 (0xff9ff06f)
core   0: 0x80009d58 (0x00006f17) auipc   t5, 0x6
core   0: 3 0x80009d58 (0x00006f17) x30 0x8000fd58
core   0: 0x80009d5c (0x2a3f2423) sw      gp, 680(t5)
core   0: 3 0x80009d5c (0x2a3f2423) mem 0x80010000 0x00000001
core   0: 0x80009d60 (0xff9ff06f) j       pc - 0x8
core   0: 3 0x80009d60 (0xff9ff06f)
core   0: 0x80009d58 (0x00006f17) auipc   t5, 0x6
core   0: 3 0x80009d58 (0x00006f17) x30 0x8000fd58
core   0: 0x80009d5c (0x2a3f2423) sw      gp, 680(t5)
core   0: 3 0x80009d5c (0x2a3f2423) mem 0x80010000 0x00000001
core   0: 0x80009d60 (0xff9ff06f) j       pc - 0x8
core   0: 3 0x80009d60 (0xff9ff06f)
core   0: 0x80009d58 (0x00006f17) auipc   t5, 0x6
core   0: 3 0x80009d58 (0x00006f17) x30 0x8000fd58
core   0: 0x80009d5c (0x2a3f2423) sw      gp, 680(t5)
core   0: 3 0x80009d5c (0x2a3f2423) mem 0x80010000 0x00000001
core   0: 0x80009d60 (0xff9ff06f) j       pc - 0x8
core   0: 3 0x80009d60 (0xff9ff06f)
core   0: 0x80009d58 (0x00006f17) auipc   t5, 0x6
core   0: 3 0x80009d58 (0x00006f17) x30 0x8000fd58
core   0: 0x80009d5c (0x2a3f2423) sw      gp, 680(t5)
core   0: 3 0x80009d5c (0x2a3f2423) mem 0x80010000 0x00000001
core   0: 0x80009d60 (0xff9ff06f) j       pc - 0x8
core   0: 3 0x80009d60 (0xff9ff06f)
core   0: 0x80009d58 (0x00006f17) auipc   t5, 0x6
core   0: 3 0x80009d58 (0x00006f17) x30 0x8000fd58
core   0: 0x80009d5c (0x2a3f2423) sw      gp, 680(t5)
core   0: 3 0x80009d5c (0x2a3f2423) mem 0x80010000 0x00000001
core   0: 0x80009d60 (0xff9ff06f) j       pc - 0x8
core   0: 3 0x80009d60 (0xff9ff06f)
core   0: 0x80009d58 (0x00006f17) auipc   t5, 0x6
core   0: 3 0x80009d58 (0x00006f17) x30 0x8000fd58
core   0: 0x80009d5c (0x2a3f2423) sw      gp, 680(t5)
core   0: 3 0x80009d5c (0x2a3f2423) mem 0x80010000 0x00000001
core   0: 0x80009d60 (0xff9ff06f) j       pc - 0x8
core   0: 3 0x80009d60 (0xff9ff06f)
core   0: 0x80009d58 (0x00006f17) auipc   t5, 0x6
core   0: 3 0x80009d58 (0x00006f17) x30 0x8000fd58
core   0: 0x80009d5c (0x2a3f2423) sw      gp, 680(t5)
core   0: 3 0x80009d5c (0x2a3f2423) mem 0x80010000 0x00000001
core   0: 0x80009d60 (0xff9ff06f) j       pc - 0x8
core   0: 3 0x80009d60 (0xff9ff06f)
core   0: 0x80009d58 (0x00006f17) auipc   t5, 0x6
core   0: 3 0x80009d58 (0x00006f17) x30 0x8000fd58
core   0: 0x80009d5c (0x2a3f2423) sw      gp, 680(t5)
core   0: 3 0x80009d5c (0x2a3f2423) mem 0x80010000 0x00000001
core   0: 0x80009d60 (0xff9ff06f) j       pc - 0x8
core   0: 3 0x80009d60 (0xff9ff06f)
core   0: 0x80009d58 (0x00006f17) auipc   t5, 0x6
core   0: 3 0x80009d58 (0x00006f17) x30 0x8000fd58
core   0: 0x80009d5c (0x2a3f2423) sw      gp, 680(t5)
core   0: 3 0x80009d5c (0x2a3f2423) mem 0x80010000 0x00000001
core   0: 0x80009d60 (0xff9ff06f) j       pc - 0x8
core   0: 3 0x80009d60 (0xff9ff06f)
core   0: 0x80009d58 (0x00006f17) auipc   t5, 0x6
core   0: 3 0x80009d58 (0x00006f17) x30 0x8000fd58
core   0: 0x80009d5c (0x2a3f2423) sw      gp, 680(t5)
core   0: 3 0x80009d5c (0x2a3f2423) mem 0x80010000 0x00000001
core   0: 0x80009d60 (0xff9ff06f) j       pc - 0x8
core   0: 3 0x80009d60 (0xff9ff06f)
core   0: 0x80009d58 (0x00006f17) auipc   t5, 0x6
core   0: 3 0x80009d58 (0x00006f17) x30 0x8000fd58
core   0: 0x80009d5c (0x2a3f2423) sw      gp, 680(t5)
core   0: 3 0x80009d5c (0x2a3f2423) mem 0x80010000 0x00000001
core   0: 0x80009d60 (0xff9ff06f) j       pc - 0x8
core   0: 3 0x80009d60 (0xff9ff06f)
core   0: 0x80009d58 (0x00006f17) auipc   t5, 0x6
core   0: 3 0x80009d58 (0x00006f17) x30 0x8000fd58
core   0: 0x80009d5c (0x2a3f2423) sw      gp, 680(t5)
core   0: 3 0x80009d5c (0x2a3f2423) mem 0x80010000 0x00000001
core   0: 0x80009d60 (0xff9ff06f) j       pc - 0x8
core   0: 3 0x80009d60 (0xff9ff06f)
core   0: 0x80009d58 (0x00006f17) auipc   t5, 0x6
core   0: 3 0x80009d58 (0x00006f17) x30 0x8000fd58
core   0: 0x80009d5c (0x2a3f2423) sw      gp, 680(t5)
core   0: 3 0x80009d5c (0x2a3f2423) mem 0x80010000 0x00000001
core   0: 0x80009d60 (0xff9ff06f) j       pc - 0x8
core   0: 3 0x80009d60 (0xff9ff06f)
core   0: 0x80009d58 (0x00006f17) auipc   t5, 0x6
core   0: 3 0x80009d58 (0x00006f17) x30 0x8000fd58
core   0: 0x80009d5c (0x2a3f2423) sw      gp, 680(t5)
core   0: 3 0x80009d5c (0x2a3f2423) mem 0x80010000 0x00000001
core   0: 0x80009d60 (0xff9ff06f) j       pc - 0x8
core   0: 3 0x80009d60 (0xff9ff06f)
core   0: 0x80009d58 (0x00006f17) auipc   t5, 0x6
core   0: 3 0x80009d58 (0x00006f17) x30 0x8000fd58
core   0: 0x80009d5c (0x2a3f2423) sw      gp, 680(t5)
core   0: 3 0x80009d5c (0x2a3f2423) mem 0x80010000 0x00000001
core   0: 0x80009d60 (0xff9ff06f) j       pc - 0x8
core   0: 3 0x80009d60 (0xff9ff06f)
core   0: 0x80009d58 (0x00006f17) auipc   t5, 0x6
core   0: 3 0x80009d58 (0x00006f17) x30 0x8000fd58
core   0: 0x80009d5c (0x2a3f2423) sw      gp, 680(t5)
core   0: 3 0x80009d5c (0x2a3f2423) mem 0x80010000 0x00000001
core   0: 0x80009d60 (0xff9ff06f) j       pc - 0x8
core   0: 3 0x80009d60 (0xff9ff06f)
core   0: 0x80009d58 (0x00006f17) auipc   t5, 0x6
core   0: 3 0x80009d58 (0x00006f17) x30 0x8000fd58
core   0: 0x80009d5c (0x2a3f2423) sw      gp, 680(t5)
core   0: 3 0x80009d5c (0x2a3f2423) mem 0x80010000 0x00000001
core   0: 0x80009d60 (0xff9ff06f) j       pc - 0x8
core   0: 3 0x80009d60 (0xff9ff06f)
core   0: 0x80009d58 (0x00006f17) auipc   t5, 0x6
core   0: 3 0x80009d58 (0x00006f17) x30 0x8000fd58
core   0: 0x80009d5c (0x2a3f2423) sw      gp, 680(t5)
core   0: 3 0x80009d5c (0x2a3f2423) mem 0x80010000 0x00000001
core   0: 0x80009d60 (0xff9ff06f) j       pc - 0x8
core   0: 3 0x80009d60 (0xff9ff06f)
core   0: 0x80009d58 (0x00006f17) auipc   t5, 0x6
core   0: 3 0x80009d58 (0x00006f17) x30 0x8000fd58
core   0: 0x80009d5c (0x2a3f2423) sw      gp, 680(t5)
core   0: 3 0x80009d5c (0x2a3f2423) mem 0x80010000 0x00000001
core   0: 0x80009d60 (0xff9ff06f) j       pc - 0x8
core   0: 3 0x80009d60 (0xff9ff06f)
core   0: 0x80009d58 (0x00006f17) auipc   t5, 0x6
core   0: 3 0x80009d58 (0x00006f17) x30 0x8000fd58
core   0: 0x80009d5c (0x2a3f2423) sw      gp, 680(t5)
core   0: 3 0x80009d5c (0x2a3f2423) mem 0x80010000 0x00000001
core   0: 0x80009d60 (0xff9ff06f) j       pc - 0x8
core   0: 3 0x80009d60 (0xff9ff06f)
core   0: 0x80009d58 (0x00006f17) auipc   t5, 0x6
core   0: 3 0x80009d58 (0x00006f17) x30 0x8000fd58
core   0: 0x80009d5c (0x2a3f2423) sw      gp, 680(t5)
core   0: 3 0x80009d5c (0x2a3f2423) mem 0x80010000 0x00000001
core   0: 0x80009d60 (0xff9ff06f) j       pc - 0x8
core   0: 3 0x80009d60 (0xff9ff06f)
core   0: 0x80009d58 (0x00006f17) auipc   t5, 0x6
core   0: 3 0x80009d58 (0x00006f17) x30 0x8000fd58
core   0: 0x80009d5c (0x2a3f2423) sw      gp, 680(t5)
core   0: 3 0x80009d5c (0x2a3f2423) mem 0x80010000 0x00000001
core   0: 0x80009d60 (0xff9ff06f) j       pc - 0x8
core   0: 3 0x80009d60 (0xff9ff06f)
core   0: 0x80009d58 (0x00006f17) auipc   t5, 0x6
core   0: 3 0x80009d58 (0x00006f17) x30 0x8000fd58
core   0: 0x80009d5c (0x2a3f2423) sw      gp, 680(t5)
core   0: 3 0x80009d5c (0x2a3f2423) mem 0x80010000 0x00000001
core   0: 0x80009d60 (0xff9ff06f) j       pc - 0x8
core   0: 3 0x80009d60 (0xff9ff06f)
core   0: 0x80009d58 (0x00006f17) auipc   t5, 0x6
core   0: 3 0x80009d58 (0x00006f17) x30 0x8000fd58
core   0: 0x80009d5c (0x2a3f2423) sw      gp, 680(t5)
core   0: 3 0x80009d5c (0x2a3f2423) mem 0x80010000 0x00000001
core   0: 0x80009d60 (0xff9ff06f) j       pc - 0x8
core   0: 3 0x80009d60 (0xff9ff06f)
core   0: 0x80009d58 (0x00006f17) auipc   t5, 0x6
core   0: 3 0x80009d58 (0x00006f17) x30 0x8000fd58
core   0: 0x80009d5c (0x2a3f2423) sw      gp, 680(t5)
core   0: 3 0x80009d5c (0x2a3f2423) mem 0x80010000 0x00000001
core   0: 0x80009d60 (0xff9ff06f) j       pc - 0x8
core   0: 3 0x80009d60 (0xff9ff06f)
core   0: 0x80009d58 (0x00006f17) auipc   t5, 0x6
core   0: 3 0x80009d58 (0x00006f17) x30 0x8000fd58
core   0: 0x80009d5c (0x2a3f2423) sw      gp, 680(t5)
core   0: 3 0x80009d5c (0x2a3f2423) mem 0x80010000 0x00000001
core   0: 0x80009d60 (0xff9ff06f) j       pc - 0x8
core   0: 3 0x80009d60 (0xff9ff06f)
core   0: 0x80009d58 (0x00006f17) auipc   t5, 0x6
core   0: 3 0x80009d58 (0x00006f17) x30 0x8000fd58
core   0: 0x80009d5c (0x2a3f2423) sw      gp, 680(t5)
core   0: 3 0x80009d5c (0x2a3f2423) mem 0x80010000 0x00000001
core   0: 0x80009d60 (0xff9ff06f) j       pc - 0x8
core   0: 3 0x80009d60 (0xff9ff06f)
core   0: 0x80009d58 (0x00006f17) auipc   t5, 0x6
core   0: 3 0x80009d58 (0x00006f17) x30 0x8000fd58
core   0: 0x80009d5c (0x2a3f2423) sw      gp, 680(t5)
core   0: 3 0x80009d5c (0x2a3f2423) mem 0x80010000 0x00000001
core   0: 0x80009d60 (0xff9ff06f) j       pc - 0x8
core   0: 3 0x80009d60 (0xff9ff06f)
core   0: 0x80009d58 (0x00006f17) auipc   t5, 0x6
core   0: 3 0x80009d58 (0x00006f17) x30 0x8000fd58
core   0: 0x80009d5c (0x2a3f2423) sw      gp, 680(t5)
core   0: 3 0x80009d5c (0x2a3f2423) mem 0x80010000 0x00000001
core   0: 0x80009d60 (0xff9ff06f) j       pc - 0x8
core   0: 3 0x80009d60 (0xff9ff06f)
core   0: 0x80009d58 (0x00006f17) auipc   t5, 0x6
core   0: 3 0x80009d58 (0x00006f17) x30 0x8000fd58
core   0: 0x80009d5c (0x2a3f2423) sw      gp, 680(t5)
core   0: 3 0x80009d5c (0x2a3f2423) mem 0x80010000 0x00000001
core   0: 0x80009d60 (0xff9ff06f) j       pc - 0x8
core   0: 3 0x80009d60 (0xff9ff06f)
core   0: 0x80009d58 (0x00006f17) auipc   t5, 0x6
core   0: 3 0x80009d58 (0x00006f17) x30 0x8000fd58
core   0: 0x80009d5c (0x2a3f2423) sw      gp, 680(t5)
core   0: 3 0x80009d5c (0x2a3f2423) mem 0x80010000 0x00000001
core   0: 0x80009d60 (0xff9ff06f) j       pc - 0x8
core   0: 3 0x80009d60 (0xff9ff06f)
core   0: 0x80009d58 (0x00006f17) auipc   t5, 0x6
core   0: 3 0x80009d58 (0x00006f17) x30 0x8000fd58
core   0: 0x80009d5c (0x2a3f2423) sw      gp, 680(t5)
core   0: 3 0x80009d5c (0x2a3f2423) mem 0x80010000 0x00000001
core   0: 0x80009d60 (0xff9ff06f) j       pc - 0x8
core   0: 3 0x80009d60 (0xff9ff06f)
core   0: 0x80009d58 (0x00006f17) auipc   t5, 0x6
core   0: 3 0x80009d58 (0x00006f17) x30 0x8000fd58
core   0: 0x80009d5c (0x2a3f2423) sw      gp, 680(t5)
core   0: 3 0x80009d5c (0x2a3f2423) mem 0x80010000 0x00000001
core   0: 0x80009d60 (0xff9ff06f) j       pc - 0x8
core   0: 3 0x80009d60 (0xff9ff06f)
core   0: 0x80009d58 (0x00006f17) auipc   t5, 0x6
core   0: 3 0x80009d58 (0x00006f17) x30 0x8000fd58
core   0: 0x80009d5c (0x2a3f2423) sw      gp, 680(t5)
core   0: 3 0x80009d5c (0x2a3f2423) mem 0x80010000 0x00000001
core   0: 0x80009d60 (0xff9ff06f) j       pc - 0x8
core   0: 3 0x80009d60 (0xff9ff06f)
core   0: 0x80009d58 (0x00006f17) auipc   t5, 0x6
core   0: 3 0x80009d58 (0x00006f17) x30 0x8000fd58
core   0: 0x80009d5c (0x2a3f2423) sw      gp, 680(t5)
core   0: 3 0x80009d5c (0x2a3f2423) mem 0x80010000 0x00000001
core   0: 0x80009d60 (0xff9ff06f) j       pc - 0x8
core   0: 3 0x80009d60 (0xff9ff06f)
core   0: 0x80009d58 (0x00006f17) auipc   t5, 0x6
core   0: 3 0x80009d58 (0x00006f17) x30 0x8000fd58
core   0: 0x80009d5c (0x2a3f2423) sw      gp, 680(t5)
core   0: 3 0x80009d5c (0x2a3f2423) mem 0x80010000 0x00000001
core   0: 0x80009d60 (0xff9ff06f) j       pc - 0x8
core   0: 3 0x80009d60 (0xff9ff06f)
core   0: 0x80009d58 (0x00006f17) auipc   t5, 0x6
core   0: 3 0x80009d58 (0x00006f17) x30 0x8000fd58
core   0: 0x80009d5c (0x2a3f2423) sw      gp, 680(t5)
core   0: 3 0x80009d5c (0x2a3f2423) mem 0x80010000 0x00000001
core   0: 0x80009d60 (0xff9ff06f) j       pc - 0x8
core   0: 3 0x80009d60 (0xff9ff06f)
core   0: 0x80009d58 (0x00006f17) auipc   t5, 0x6
core   0: 3 0x80009d58 (0x00006f17) x30 0x8000fd58
core   0: 0x80009d5c (0x2a3f2423) sw      gp, 680(t5)
core   0: 3 0x80009d5c (0x2a3f2423) mem 0x80010000 0x00000001
core   0: 0x80009d60 (0xff9ff06f) j       pc - 0x8
core   0: 3 0x80009d60 (0xff9ff06f)
core   0: 0x80009d58 (0x00006f17) auipc   t5, 0x6
core   0: 3 0x80009d58 (0x00006f17) x30 0x8000fd58
core   0: 0x80009d5c (0x2a3f2423) sw      gp, 680(t5)
core   0: 3 0x80009d5c (0x2a3f2423) mem 0x80010000 0x00000001
core   0: 0x80009d60 (0xff9ff06f) j       pc - 0x8
core   0: 3 0x80009d60 (0xff9ff06f)
core   0: 0x80009d58 (0x00006f17) auipc   t5, 0x6
core   0: 3 0x80009d58 (0x00006f17) x30 0x8000fd58
core   0: 0x80009d5c (0x2a3f2423) sw      gp, 680(t5)
core   0: 3 0x80009d5c (0x2a3f2423) mem 0x80010000 0x00000001
core   0: 0x80009d60 (0xff9ff06f) j       pc - 0x8
core   0: 3 0x80009d60 (0xff9ff06f)
core   0: 0x80009d58 (0x00006f17) auipc   t5, 0x6
core   0: 3 0x80009d58 (0x00006f17) x30 0x8000fd58
core   0: 0x80009d5c (0x2a3f2423) sw      gp, 680(t5)
core   0: 3 0x80009d5c (0x2a3f2423) mem 0x80010000 0x00000001
core   0: 0x80009d60 (0xff9ff06f) j       pc - 0x8
core   0: 3 0x80009d60 (0xff9ff06f)
core   0: 0x80009d58 (0x00006f17) auipc   t5, 0x6
core   0: 3 0x80009d58 (0x00006f17) x30 0x8000fd58
core   0: 0x80009d5c (0x2a3f2423) sw      gp, 680(t5)
core   0: 3 0x80009d5c (0x2a3f2423) mem 0x80010000 0x00000001
core   0: 0x80009d60 (0xff9ff06f) j       pc - 0x8
core   0: 3 0x80009d60 (0xff9ff06f)
core   0: 0x80009d58 (0x00006f17) auipc   t5, 0x6
core   0: 3 0x80009d58 (0x00006f17) x30 0x8000fd58
core   0: 0x80009d5c (0x2a3f2423) sw      gp, 680(t5)
core   0: 3 0x80009d5c (0x2a3f2423) mem 0x80010000 0x00000001
core   0: 0x80009d60 (0xff9ff06f) j       pc - 0x8
core   0: 3 0x80009d60 (0xff9ff06f)
core   0: 0x80009d58 (0x00006f17) auipc   t5, 0x6
core   0: 3 0x80009d58 (0x00006f17) x30 0x8000fd58
core   0: 0x80009d5c (0x2a3f2423) sw      gp, 680(t5)
core   0: 3 0x80009d5c (0x2a3f2423) mem 0x80010000 0x00000001
core   0: 0x80009d60 (0xff9ff06f) j       pc - 0x8
core   0: 3 0x80009d60 (0xff9ff06f)
core   0: 0x80009d58 (0x00006f17) auipc   t5, 0x6
core   0: 3 0x80009d58 (0x00006f17) x30 0x8000fd58
core   0: 0x80009d5c (0x2a3f2423) sw      gp, 680(t5)
core   0: 3 0x80009d5c (0x2a3f2423) mem 0x80010000 0x00000001
core   0: 0x80009d60 (0xff9ff06f) j       pc - 0x8
core   0: 3 0x80009d60 (0xff9ff06f)
core   0: 0x80009d58 (0x00006f17) auipc   t5, 0x6
core   0: 3 0x80009d58 (0x00006f17) x30 0x8000fd58
core   0: 0x80009d5c (0x2a3f2423) sw      gp, 680(t5)
core   0: 3 0x80009d5c (0x2a3f2423) mem 0x80010000 0x00000001
core   0: 0x80009d60 (0xff9ff06f) j       pc - 0x8
core   0: 3 0x80009d60 (0xff9ff06f)
core   0: 0x80009d58 (0x00006f17) auipc   t5, 0x6
core   0: 3 0x80009d58 (0x00006f17) x30 0x8000fd58
core   0: 0x80009d5c (0x2a3f2423) sw      gp, 680(t5)
core   0: 3 0x80009d5c (0x2a3f2423) mem 0x80010000 0x00000001
core   0: 0x80009d60 (0xff9ff06f) j       pc - 0x8
core   0: 3 0x80009d60 (0xff9ff06f)
core   0: 0x80009d58 (0x00006f17) auipc   t5, 0x6
core   0: 3 0x80009d58 (0x00006f17) x30 0x8000fd58
core   0: 0x80009d5c (0x2a3f2423) sw      gp, 680(t5)
core   0: 3 0x80009d5c (0x2a3f2423) mem 0x80010000 0x00000001
core   0: 0x80009d60 (0xff9ff06f) j       pc - 0x8
core   0: 3 0x80009d60 (0xff9ff06f)
core   0: 0x80009d58 (0x00006f17) auipc   t5, 0x6
core   0: 3 0x80009d58 (0x00006f17) x30 0x8000fd58
core   0: 0x80009d5c (0x2a3f2423) sw      gp, 680(t5)
core   0: 3 0x80009d5c (0x2a3f2423) mem 0x80010000 0x00000001
core   0: 0x80009d60 (0xff9ff06f) j       pc - 0x8
core   0: 3 0x80009d60 (0xff9ff06f)
core   0: 0x80009d58 (0x00006f17) auipc   t5, 0x6
core   0: 3 0x80009d58 (0x00006f17) x30 0x8000fd58
core   0: 0x80009d5c (0x2a3f2423) sw      gp, 680(t5)
core   0: 3 0x80009d5c (0x2a3f2423) mem 0x80010000 0x00000001
core   0: 0x80009d60 (0xff9ff06f) j       pc - 0x8
core   0: 3 0x80009d60 (0xff9ff06f)
core   0: 0x80009d58 (0x00006f17) auipc   t5, 0x6
core   0: 3 0x80009d58 (0x00006f17) x30 0x8000fd58
core   0: 0x80009d5c (0x2a3f2423) sw      gp, 680(t5)
core   0: 3 0x80009d5c (0x2a3f2423) mem 0x80010000 0x00000001
core   0: 0x80009d60 (0xff9ff06f) j       pc - 0x8
core   0: 3 0x80009d60 (0xff9ff06f)
core   0: 0x80009d58 (0x00006f17) auipc   t5, 0x6
core   0: 3 0x80009d58 (0x00006f17) x30 0x8000fd58
core   0: 0x80009d5c (0x2a3f2423) sw      gp, 680(t5)
core   0: 3 0x80009d5c (0x2a3f2423) mem 0x80010000 0x00000001
core   0: 0x80009d60 (0xff9ff06f) j       pc - 0x8
core   0: 3 0x80009d60 (0xff9ff06f)
core   0: 0x80009d58 (0x00006f17) auipc   t5, 0x6
core   0: 3 0x80009d58 (0x00006f17) x30 0x8000fd58
core   0: 0x80009d5c (0x2a3f2423) sw      gp, 680(t5)
core   0: 3 0x80009d5c (0x2a3f2423) mem 0x80010000 0x00000001
core   0: 0x80009d60 (0xff9ff06f) j       pc - 0x8
core   0: 3 0x80009d60 (0xff9ff06f)
core   0: 0x80009d58 (0x00006f17) auipc   t5, 0x6
core   0: 3 0x80009d58 (0x00006f17) x30 0x8000fd58
core   0: 0x80009d5c (0x2a3f2423) sw      gp, 680(t5)
core   0: 3 0x80009d5c (0x2a3f2423) mem 0x80010000 0x00000001
core   0: 0x80009d60 (0xff9ff06f) j       pc - 0x8
core   0: 3 0x80009d60 (0xff9ff06f)
core   0: 0x80009d58 (0x00006f17) auipc   t5, 0x6
core   0: 3 0x80009d58 (0x00006f17) x30 0x8000fd58
core   0: 0x80009d5c (0x2a3f2423) sw      gp, 680(t5)
core   0: 3 0x80009d5c (0x2a3f2423) mem 0x80010000 0x00000001
core   0: 0x80009d60 (0xff9ff06f) j       pc - 0x8
core   0: 3 0x80009d60 (0xff9ff06f)
core   0: 0x80009d58 (0x00006f17) auipc   t5, 0x6
core   0: 3 0x80009d58 (0x00006f17) x30 0x8000fd58
core   0: 0x80009d5c (0x2a3f2423) sw      gp, 680(t5)
core   0: 3 0x80009d5c (0x2a3f2423) mem 0x80010000 0x00000001
core   0: 0x80009d60 (0xff9ff06f) j       pc - 0x8
core   0: 3 0x80009d60 (0xff9ff06f)
core   0: 0x80009d58 (0x00006f17) auipc   t5, 0x6
core   0: 3 0x80009d58 (0x00006f17) x30 0x8000fd58
core   0: 0x80009d5c (0x2a3f2423) sw      gp, 680(t5)
core   0: 3 0x80009d5c (0x2a3f2423) mem 0x80010000 0x00000001
core   0: 0x80009d60 (0xff9ff06f) j       pc - 0x8
core   0: 3 0x80009d60 (0xff9ff06f)
core   0: 0x80009d58 (0x00006f17) auipc   t5, 0x6
core   0: 3 0x80009d58 (0x00006f17) x30 0x8000fd58
core   0: 0x80009d5c (0x2a3f2423) sw      gp, 680(t5)
core   0: 3 0x80009d5c (0x2a3f2423) mem 0x80010000 0x00000001
core   0: 0x80009d60 (0xff9ff06f) j       pc - 0x8
core   0: 3 0x80009d60 (0xff9ff06f)
core   0: 0x80009d58 (0x00006f17) auipc   t5, 0x6
core   0: 3 0x80009d58 (0x00006f17) x30 0x8000fd58
core   0: 0x80009d5c (0x2a3f2423) sw      gp, 680(t5)
core   0: 3 0x80009d5c (0x2a3f2423) mem 0x80010000 0x00000001
core   0: 0x80009d60 (0xff9ff06f) j       pc - 0x8
core   0: 3 0x80009d60 (0xff9ff06f)
core   0: 0x80009d58 (0x00006f17) auipc   t5, 0x6
core   0: 3 0x80009d58 (0x00006f17) x30 0x8000fd58
core   0: 0x80009d5c (0x2a3f2423) sw      gp, 680(t5)
core   0: 3 0x80009d5c (0x2a3f2423) mem 0x80010000 0x00000001
core   0: 0x80009d60 (0xff9ff06f) j       pc - 0x8
core   0: 3 0x80009d60 (0xff9ff06f)
core   0: 0x80009d58 (0x00006f17) auipc   t5, 0x6
core   0: 3 0x80009d58 (0x00006f17) x30 0x8000fd58
core   0: 0x80009d5c (0x2a3f2423) sw      gp, 680(t5)
core   0: 3 0x80009d5c (0x2a3f2423) mem 0x80010000 0x00000001
core   0: 0x80009d60 (0xff9ff06f) j       pc - 0x8
core   0: 3 0x80009d60 (0xff9ff06f)
core   0: 0x80009d58 (0x00006f17) auipc   t5, 0x6
core   0: 3 0x80009d58 (0x00006f17) x30 0x8000fd58
core   0: 0x80009d5c (0x2a3f2423) sw      gp, 680(t5)
core   0: 3 0x80009d5c (0x2a3f2423) mem 0x80010000 0x00000001
core   0: 0x80009d60 (0xff9ff06f) j       pc - 0x8
core   0: 3 0x80009d60 (0xff9ff06f)
core   0: 0x80009d58 (0x00006f17) auipc   t5, 0x6
core   0: 3 0x80009d58 (0x00006f17) x30 0x8000fd58
core   0: 0x80009d5c (0x2a3f2423) sw      gp, 680(t5)
core   0: 3 0x80009d5c (0x2a3f2423) mem 0x80010000 0x00000001
core   0: 0x80009d60 (0xff9ff06f) j       pc - 0x8
core   0: 3 0x80009d60 (0xff9ff06f)
core   0: 0x80009d58 (0x00006f17) auipc   t5, 0x6
core   0: 3 0x80009d58 (0x00006f17) x30 0x8000fd58
core   0: 0x80009d5c (0x2a3f2423) sw      gp, 680(t5)
core   0: 3 0x80009d5c (0x2a3f2423) mem 0x80010000 0x00000001
core   0: 0x80009d60 (0xff9ff06f) j       pc - 0x8
core   0: 3 0x80009d60 (0xff9ff06f)
core   0: 0x80009d58 (0x00006f17) auipc   t5, 0x6
core   0: 3 0x80009d58 (0x00006f17) x30 0x8000fd58
core   0: 0x80009d5c (0x2a3f2423) sw      gp, 680(t5)
core   0: 3 0x80009d5c (0x2a3f2423) mem 0x80010000 0x00000001
core   0: 0x80009d60 (0xff9ff06f) j       pc - 0x8
core   0: 3 0x80009d60 (0xff9ff06f)
core   0: 0x80009d58 (0x00006f17) auipc   t5, 0x6
core   0: 3 0x80009d58 (0x00006f17) x30 0x8000fd58
core   0: 0x80009d5c (0x2a3f2423) sw      gp, 680(t5)
core   0: 3 0x80009d5c (0x2a3f2423) mem 0x80010000 0x00000001
core   0: 0x80009d60 (0xff9ff06f) j       pc - 0x8
core   0: 3 0x80009d60 (0xff9ff06f)
core   0: 0x80009d58 (0x00006f17) auipc   t5, 0x6
core   0: 3 0x80009d58 (0x00006f17) x30 0x8000fd58
core   0: 0x80009d5c (0x2a3f2423) sw      gp, 680(t5)
core   0: 3 0x80009d5c (0x2a3f2423) mem 0x80010000 0x00000001
core   0: 0x80009d60 (0xff9ff06f) j       pc - 0x8
core   0: 3 0x80009d60 (0xff9ff06f)
core   0: 0x80009d58 (0x00006f17) auipc   t5, 0x6
core   0: 3 0x80009d58 (0x00006f17) x30 0x8000fd58
core   0: 0x80009d5c (0x2a3f2423) sw      gp, 680(t5)
core   0: 3 0x80009d5c (0x2a3f2423) mem 0x80010000 0x00000001
core   0: 0x80009d60 (0xff9ff06f) j       pc - 0x8
core   0: 3 0x80009d60 (0xff9ff06f)
core   0: 0x80009d58 (0x00006f17) auipc   t5, 0x6
core   0: 3 0x80009d58 (0x00006f17) x30 0x8000fd58
core   0: 0x80009d5c (0x2a3f2423) sw      gp, 680(t5)
core   0: 3 0x80009d5c (0x2a3f2423) mem 0x80010000 0x00000001
core   0: 0x80009d60 (0xff9ff06f) j       pc - 0x8
core   0: 3 0x80009d60 (0xff9ff06f)
core   0: 0x80009d58 (0x00006f17) auipc   t5, 0x6
core   0: 3 0x80009d58 (0x00006f17) x30 0x8000fd58
core   0: 0x80009d5c (0x2a3f2423) sw      gp, 680(t5)
core   0: 3 0x80009d5c (0x2a3f2423) mem 0x80010000 0x00000001
core   0: 0x80009d60 (0xff9ff06f) j       pc - 0x8
core   0: 3 0x80009d60 (0xff9ff06f)
core   0: 0x80009d58 (0x00006f17) auipc   t5, 0x6
core   0: 3 0x80009d58 (0x00006f17) x30 0x8000fd58
core   0: 0x80009d5c (0x2a3f2423) sw      gp, 680(t5)
core   0: 3 0x80009d5c (0x2a3f2423) mem 0x80010000 0x00000001
core   0: 0x80009d60 (0xff9ff06f) j       pc - 0x8
core   0: 3 0x80009d60 (0xff9ff06f)
core   0: 0x80009d58 (0x00006f17) auipc   t5, 0x6
core   0: 3 0x80009d58 (0x00006f17) x30 0x8000fd58
core   0: 0x80009d5c (0x2a3f2423) sw      gp, 680(t5)
core   0: 3 0x80009d5c (0x2a3f2423) mem 0x80010000 0x00000001
core   0: 0x80009d60 (0xff9ff06f) j       pc - 0x8
core   0: 3 0x80009d60 (0xff9ff06f)
core   0: 0x80009d58 (0x00006f17) auipc   t5, 0x6
core   0: 3 0x80009d58 (0x00006f17) x30 0x8000fd58
core   0: 0x80009d5c (0x2a3f2423) sw      gp, 680(t5)
core   0: 3 0x80009d5c (0x2a3f2423) mem 0x80010000 0x00000001
core   0: 0x80009d60 (0xff9ff06f) j       pc - 0x8
core   0: 3 0x80009d60 (0xff9ff06f)
core   0: 0x80009d58 (0x00006f17) auipc   t5, 0x6
core   0: 3 0x80009d58 (0x00006f17) x30 0x8000fd58
core   0: 0x80009d5c (0x2a3f2423) sw      gp, 680(t5)
core   0: 3 0x80009d5c (0x2a3f2423) mem 0x80010000 0x00000001
core   0: 0x80009d60 (0xff9ff06f) j       pc - 0x8
core   0: 3 0x80009d60 (0xff9ff06f)
core   0: 0x80009d58 (0x00006f17) auipc   t5, 0x6
core   0: 3 0x80009d58 (0x00006f17) x30 0x8000fd58
core   0: 0x80009d5c (0x2a3f2423) sw      gp, 680(t5)
core   0: 3 0x80009d5c (0x2a3f2423) mem 0x80010000 0x00000001
core   0: 0x80009d60 (0xff9ff06f) j       pc - 0x8
core   0: 3 0x80009d60 (0xff9ff06f)
core   0: 0x80009d58 (0x00006f17) auipc   t5, 0x6
core   0: 3 0x80009d58 (0x00006f17) x30 0x8000fd58
core   0: 0x80009d5c (0x2a3f2423) sw      gp, 680(t5)
core   0: 3 0x80009d5c (0x2a3f2423) mem 0x80010000 0x00000001
core   0: 0x80009d60 (0xff9ff06f) j       pc - 0x8
core   0: 3 0x80009d60 (0xff9ff06f)
core   0: 0x80009d58 (0x00006f17) auipc   t5, 0x6
core   0: 3 0x80009d58 (0x00006f17) x30 0x8000fd58
core   0: 0x80009d5c (0x2a3f2423) sw      gp, 680(t5)
core   0: 3 0x80009d5c (0x2a3f2423) mem 0x80010000 0x00000001
core   0: 0x80009d60 (0xff9ff06f) j       pc - 0x8
core   0: 3 0x80009d60 (0xff9ff06f)
core   0: 0x80009d58 (0x00006f17) auipc   t5, 0x6
core   0: 3 0x80009d58 (0x00006f17) x30 0x8000fd58
core   0: 0x80009d5c (0x2a3f2423) sw      gp, 680(t5)
core   0: 3 0x80009d5c (0x2a3f2423) mem 0x80010000 0x00000001
core   0: 0x80009d60 (0xff9ff06f) j       pc - 0x8
core   0: 3 0x80009d60 (0xff9ff06f)
core   0: 0x80009d58 (0x00006f17) auipc   t5, 0x6
core   0: 3 0x80009d58 (0x00006f17) x30 0x8000fd58
core   0: 0x80009d5c (0x2a3f2423) sw      gp, 680(t5)
core   0: 3 0x80009d5c (0x2a3f2423) mem 0x80010000 0x00000001
core   0: 0x80009d60 (0xff9ff06f) j       pc - 0x8
core   0: 3 0x80009d60 (0xff9ff06f)
core   0: 0x80009d58 (0x00006f17) auipc   t5, 0x6
core   0: 3 0x80009d58 (0x00006f17) x30 0x8000fd58
core   0: 0x80009d5c (0x2a3f2423) sw      gp, 680(t5)
core   0: 3 0x80009d5c (0x2a3f2423) mem 0x80010000 0x00000001
core   0: 0x80009d60 (0xff9ff06f) j       pc - 0x8
core   0: 3 0x80009d60 (0xff9ff06f)
core   0: 0x80009d58 (0x00006f17) auipc   t5, 0x6
core   0: 3 0x80009d58 (0x00006f17) x30 0x8000fd58
core   0: 0x80009d5c (0x2a3f2423) sw      gp, 680(t5)
core   0: 3 0x80009d5c (0x2a3f2423) mem 0x80010000 0x00000001
core   0: 0x80009d60 (0xff9ff06f) j       pc - 0x8
core   0: 3 0x80009d60 (0xff9ff06f)
core   0: 0x80009d58 (0x00006f17) auipc   t5, 0x6
core   0: 3 0x80009d58 (0x00006f17) x30 0x8000fd58
core   0: 0x80009d5c (0x2a3f2423) sw      gp, 680(t5)
core   0: 3 0x80009d5c (0x2a3f2423) mem 0x80010000 0x00000001
core   0: 0x80009d60 (0xff9ff06f) j       pc - 0x8
core   0: 3 0x80009d60 (0xff9ff06f)
core   0: 0x80009d58 (0x00006f17) auipc   t5, 0x6
core   0: 3 0x80009d58 (0x00006f17) x30 0x8000fd58
core   0: 0x80009d5c (0x2a3f2423) sw      gp, 680(t5)
core   0: 3 0x80009d5c (0x2a3f2423) mem 0x80010000 0x00000001
core   0: 0x80009d60 (0xff9ff06f) j       pc - 0x8
core   0: 3 0x80009d60 (0xff9ff06f)
core   0: 0x80009d58 (0x00006f17) auipc   t5, 0x6
core   0: 3 0x80009d58 (0x00006f17) x30 0x8000fd58
core   0: 0x80009d5c (0x2a3f2423) sw      gp, 680(t5)
core   0: 3 0x80009d5c (0x2a3f2423) mem 0x80010000 0x00000001
core   0: 0x80009d60 (0xff9ff06f) j       pc - 0x8
core   0: 3 0x80009d60 (0xff9ff06f)
core   0: 0x80009d58 (0x00006f17) auipc   t5, 0x6
core   0: 3 0x80009d58 (0x00006f17) x30 0x8000fd58
core   0: 0x80009d5c (0x2a3f2423) sw      gp, 680(t5)
core   0: 3 0x80009d5c (0x2a3f2423) mem 0x80010000 0x00000001
core   0: 0x80009d60 (0xff9ff06f) j       pc - 0x8
core   0: 3 0x80009d60 (0xff9ff06f)
core   0: 0x80009d58 (0x00006f17) auipc   t5, 0x6
core   0: 3 0x80009d58 (0x00006f17) x30 0x8000fd58
core   0: 0x80009d5c (0x2a3f2423) sw      gp, 680(t5)
core   0: 3 0x80009d5c (0x2a3f2423) mem 0x80010000 0x00000001
core   0: 0x80009d60 (0xff9ff06f) j       pc - 0x8
core   0: 3 0x80009d60 (0xff9ff06f)
core   0: 0x80009d58 (0x00006f17) auipc   t5, 0x6
core   0: 3 0x80009d58 (0x00006f17) x30 0x8000fd58
core   0: 0x80009d5c (0x2a3f2423) sw      gp, 680(t5)
core   0: 3 0x80009d5c (0x2a3f2423) mem 0x80010000 0x00000001
core   0: 0x80009d60 (0xff9ff06f) j       pc - 0x8
core   0: 3 0x80009d60 (0xff9ff06f)
core   0: 0x80009d58 (0x00006f17) auipc   t5, 0x6
core   0: 3 0x80009d58 (0x00006f17) x30 0x8000fd58
core   0: 0x80009d5c (0x2a3f2423) sw      gp, 680(t5)
core   0: 3 0x80009d5c (0x2a3f2423) mem 0x80010000 0x00000001
core   0: 0x80009d60 (0xff9ff06f) j       pc - 0x8
core   0: 3 0x80009d60 (0xff9ff06f)
core   0: 0x80009d58 (0x00006f17) auipc   t5, 0x6
core   0: 3 0x80009d58 (0x00006f17) x30 0x8000fd58
core   0: 0x80009d5c (0x2a3f2423) sw      gp, 680(t5)
core   0: 3 0x80009d5c (0x2a3f2423) mem 0x80010000 0x00000001
core   0: 0x80009d60 (0xff9ff06f) j       pc - 0x8
core   0: 3 0x80009d60 (0xff9ff06f)
core   0: 0x80009d58 (0x00006f17) auipc   t5, 0x6
core   0: 3 0x80009d58 (0x00006f17) x30 0x8000fd58
core   0: 0x80009d5c (0x2a3f2423) sw      gp, 680(t5)
core   0: 3 0x80009d5c (0x2a3f2423) mem 0x80010000 0x00000001
core   0: 0x80009d60 (0xff9ff06f) j       pc - 0x8
core   0: 3 0x80009d60 (0xff9ff06f)
core   0: 0x80009d58 (0x00006f17) auipc   t5, 0x6
core   0: 3 0x80009d58 (0x00006f17) x30 0x8000fd58
core   0: 0x80009d5c (0x2a3f2423) sw      gp, 680(t5)
core   0: 3 0x80009d5c (0x2a3f2423) mem 0x80010000 0x00000001
core   0: 0x80009d60 (0xff9ff06f) j       pc - 0x8
core   0: 3 0x80009d60 (0xff9ff06f)
core   0: 0x80009d58 (0x00006f17) auipc   t5, 0x6
core   0: 3 0x80009d58 (0x00006f17) x30 0x8000fd58
core   0: 0x80009d5c (0x2a3f2423) sw      gp, 680(t5)
core   0: 3 0x80009d5c (0x2a3f2423) mem 0x80010000 0x00000001
core   0: 0x80009d60 (0xff9ff06f) j       pc - 0x8
core   0: 3 0x80009d60 (0xff9ff06f)
core   0: 0x80009d58 (0x00006f17) auipc   t5, 0x6
core   0: 3 0x80009d58 (0x00006f17) x30 0x8000fd58
core   0: 0x80009d5c (0x2a3f2423) sw      gp, 680(t5)
core   0: 3 0x80009d5c (0x2a3f2423) mem 0x80010000 0x00000001
core   0: 0x80009d60 (0xff9ff06f) j       pc - 0x8
core   0: 3 0x80009d60 (0xff9ff06f)
core   0: 0x80009d58 (0x00006f17) auipc   t5, 0x6
core   0: 3 0x80009d58 (0x00006f17) x30 0x8000fd58
core   0: 0x80009d5c (0x2a3f2423) sw      gp, 680(t5)
core   0: 3 0x80009d5c (0x2a3f2423) mem 0x80010000 0x00000001
core   0: 0x80009d60 (0xff9ff06f) j       pc - 0x8
core   0: 3 0x80009d60 (0xff9ff06f)
core   0: 0x80009d58 (0x00006f17) auipc   t5, 0x6
core   0: 3 0x80009d58 (0x00006f17) x30 0x8000fd58
core   0: 0x80009d5c (0x2a3f2423) sw      gp, 680(t5)
core   0: 3 0x80009d5c (0x2a3f2423) mem 0x80010000 0x00000001
core   0: 0x80009d60 (0xff9ff06f) j       pc - 0x8
core   0: 3 0x80009d60 (0xff9ff06f)
core   0: 0x80009d58 (0x00006f17) auipc   t5, 0x6
core   0: 3 0x80009d58 (0x00006f17) x30 0x8000fd58
core   0: 0x80009d5c (0x2a3f2423) sw      gp, 680(t5)
core   0: 3 0x80009d5c (0x2a3f2423) mem 0x80010000 0x00000001
core   0: 0x80009d60 (0xff9ff06f) j       pc - 0x8
core   0: 3 0x80009d60 (0xff9ff06f)
core   0: 0x80009d58 (0x00006f17) auipc   t5, 0x6
core   0: 3 0x80009d58 (0x00006f17) x30 0x8000fd58
core   0: 0x80009d5c (0x2a3f2423) sw      gp, 680(t5)
core   0: 3 0x80009d5c (0x2a3f2423) mem 0x80010000 0x00000001
core   0: 0x80009d60 (0xff9ff06f) j       pc - 0x8
core   0: 3 0x80009d60 (0xff9ff06f)
core   0: 0x80009d58 (0x00006f17) auipc   t5, 0x6
core   0: 3 0x80009d58 (0x00006f17) x30 0x8000fd58
core   0: 0x80009d5c (0x2a3f2423) sw      gp, 680(t5)
core   0: 3 0x80009d5c (0x2a3f2423) mem 0x80010000 0x00000001
core   0: 0x80009d60 (0xff9ff06f) j       pc - 0x8
core   0: 3 0x80009d60 (0xff9ff06f)
core   0: 0x80009d58 (0x00006f17) auipc   t5, 0x6
core   0: 3 0x80009d58 (0x00006f17) x30 0x8000fd58
core   0: 0x80009d5c (0x2a3f2423) sw      gp, 680(t5)
core   0: 3 0x80009d5c (0x2a3f2423) mem 0x80010000 0x00000001
core   0: 0x80009d60 (0xff9ff06f) j       pc - 0x8
core   0: 3 0x80009d60 (0xff9ff06f)
core   0: 0x80009d58 (0x00006f17) auipc   t5, 0x6
core   0: 3 0x80009d58 (0x00006f17) x30 0x8000fd58
core   0: 0x80009d5c (0x2a3f2423) sw      gp, 680(t5)
core   0: 3 0x80009d5c (0x2a3f2423) mem 0x80010000 0x00000001
core   0: 0x80009d60 (0xff9ff06f) j       pc - 0x8
core   0: 3 0x80009d60 (0xff9ff06f)
core   0: 0x80009d58 (0x00006f17) auipc   t5, 0x6
core   0: 3 0x80009d58 (0x00006f17) x30 0x8000fd58
core   0: 0x80009d5c (0x2a3f2423) sw      gp, 680(t5)
core   0: 3 0x80009d5c (0x2a3f2423) mem 0x80010000 0x00000001
core   0: 0x80009d60 (0xff9ff06f) j       pc - 0x8
core   0: 3 0x80009d60 (0xff9ff06f)
core   0: 0x80009d58 (0x00006f17) auipc   t5, 0x6
core   0: 3 0x80009d58 (0x00006f17) x30 0x8000fd58
core   0: 0x80009d5c (0x2a3f2423) sw      gp, 680(t5)
core   0: 3 0x80009d5c (0x2a3f2423) mem 0x80010000 0x00000001
core   0: 0x80009d60 (0xff9ff06f) j       pc - 0x8
core   0: 3 0x80009d60 (0xff9ff06f)
core   0: 0x80009d58 (0x00006f17) auipc   t5, 0x6
core   0: 3 0x80009d58 (0x00006f17) x30 0x8000fd58
core   0: 0x80009d5c (0x2a3f2423) sw      gp, 680(t5)
core   0: 3 0x80009d5c (0x2a3f2423) mem 0x80010000 0x00000001
core   0: 0x80009d60 (0xff9ff06f) j       pc - 0x8
core   0: 3 0x80009d60 (0xff9ff06f)
core   0: 0x80009d58 (0x00006f17) auipc   t5, 0x6
core   0: 3 0x80009d58 (0x00006f17) x30 0x8000fd58
core   0: 0x80009d5c (0x2a3f2423) sw      gp, 680(t5)
core   0: 3 0x80009d5c (0x2a3f2423) mem 0x80010000 0x00000001
core   0: 0x80009d60 (0xff9ff06f) j       pc - 0x8
core   0: 3 0x80009d60 (0xff9ff06f)
core   0: 0x80009d58 (0x00006f17) auipc   t5, 0x6
core   0: 3 0x80009d58 (0x00006f17) x30 0x8000fd58
core   0: 0x80009d5c (0x2a3f2423) sw      gp, 680(t5)
core   0: 3 0x80009d5c (0x2a3f2423) mem 0x80010000 0x00000001
core   0: 0x80009d60 (0xff9ff06f) j       pc - 0x8
core   0: 3 0x80009d60 (0xff9ff06f)
core   0: 0x80009d58 (0x00006f17) auipc   t5, 0x6
core   0: 3 0x80009d58 (0x00006f17) x30 0x8000fd58
core   0: 0x80009d5c (0x2a3f2423) sw      gp, 680(t5)
core   0: 3 0x80009d5c (0x2a3f2423) mem 0x80010000 0x00000001
core   0: 0x80009d60 (0xff9ff06f) j       pc - 0x8
core   0: 3 0x80009d60 (0xff9ff06f)
core   0: 0x80009d58 (0x00006f17) auipc   t5, 0x6
core   0: 3 0x80009d58 (0x00006f17) x30 0x8000fd58
core   0: 0x80009d5c (0x2a3f2423) sw      gp, 680(t5)
core   0: 3 0x80009d5c (0x2a3f2423) mem 0x80010000 0x00000001
core   0: 0x80009d60 (0xff9ff06f) j       pc - 0x8
core   0: 3 0x80009d60 (0xff9ff06f)
core   0: 0x80009d58 (0x00006f17) auipc   t5, 0x6
core   0: 3 0x80009d58 (0x00006f17) x30 0x8000fd58
core   0: 0x80009d5c (0x2a3f2423) sw      gp, 680(t5)
core   0: 3 0x80009d5c (0x2a3f2423) mem 0x80010000 0x00000001
core   0: 0x80009d60 (0xff9ff06f) j       pc - 0x8
core   0: 3 0x80009d60 (0xff9ff06f)
core   0: 0x80009d58 (0x00006f17) auipc   t5, 0x6
core   0: 3 0x80009d58 (0x00006f17) x30 0x8000fd58
core   0: 0x80009d5c (0x2a3f2423) sw      gp, 680(t5)
core   0: 3 0x80009d5c (0x2a3f2423) mem 0x80010000 0x00000001
core   0: 0x80009d60 (0xff9ff06f) j       pc - 0x8
core   0: 3 0x80009d60 (0xff9ff06f)
core   0: 0x80009d58 (0x00006f17) auipc   t5, 0x6
core   0: 3 0x80009d58 (0x00006f17) x30 0x8000fd58
core   0: 0x80009d5c (0x2a3f2423) sw      gp, 680(t5)
core   0: 3 0x80009d5c (0x2a3f2423) mem 0x80010000 0x00000001
core   0: 0x80009d60 (0xff9ff06f) j       pc - 0x8
core   0: 3 0x80009d60 (0xff9ff06f)
core   0: 0x80009d58 (0x00006f17) auipc   t5, 0x6
core   0: 3 0x80009d58 (0x00006f17) x30 0x8000fd58
core   0: 0x80009d5c (0x2a3f2423) sw      gp, 680(t5)
core   0: 3 0x80009d5c (0x2a3f2423) mem 0x80010000 0x00000001
core   0: 0x80009d60 (0xff9ff06f) j       pc - 0x8
core   0: 3 0x80009d60 (0xff9ff06f)
core   0: 0x80009d58 (0x00006f17) auipc   t5, 0x6
core   0: 3 0x80009d58 (0x00006f17) x30 0x8000fd58
core   0: 0x80009d5c (0x2a3f2423) sw      gp, 680(t5)
core   0: 3 0x80009d5c (0x2a3f2423) mem 0x80010000 0x00000001
core   0: 0x80009d60 (0xff9ff06f) j       pc - 0x8
core   0: 3 0x80009d60 (0xff9ff06f)
core   0: 0x80009d58 (0x00006f17) auipc   t5, 0x6
core   0: 3 0x80009d58 (0x00006f17) x30 0x8000fd58
core   0: 0x80009d5c (0x2a3f2423) sw      gp, 680(t5)
core   0: 3 0x80009d5c (0x2a3f2423) mem 0x80010000 0x00000001
core   0: 0x80009d60 (0xff9ff06f) j       pc - 0x8
core   0: 3 0x80009d60 (0xff9ff06f)
core   0: 0x80009d58 (0x00006f17) auipc   t5, 0x6
core   0: 3 0x80009d58 (0x00006f17) x30 0x8000fd58
core   0: 0x80009d5c (0x2a3f2423) sw      gp, 680(t5)
core   0: 3 0x80009d5c (0x2a3f2423) mem 0x80010000 0x00000001
core   0: 0x80009d60 (0xff9ff06f) j       pc - 0x8
core   0: 3 0x80009d60 (0xff9ff06f)
core   0: 0x80009d58 (0x00006f17) auipc   t5, 0x6
core   0: 3 0x80009d58 (0x00006f17) x30 0x8000fd58
core   0: 0x80009d5c (0x2a3f2423) sw      gp, 680(t5)
core   0: 3 0x80009d5c (0x2a3f2423) mem 0x80010000 0x00000001
core   0: 0x80009d60 (0xff9ff06f) j       pc - 0x8
core   0: 3 0x80009d60 (0xff9ff06f)
core   0: 0x80009d58 (0x00006f17) auipc   t5, 0x6
core   0: 3 0x80009d58 (0x00006f17) x30 0x8000fd58
core   0: 0x80009d5c (0x2a3f2423) sw      gp, 680(t5)
core   0: 3 0x80009d5c (0x2a3f2423) mem 0x80010000 0x00000001
core   0: 0x80009d60 (0xff9ff06f) j       pc - 0x8
core   0: 3 0x80009d60 (0xff9ff06f)
core   0: 0x80009d58 (0x00006f17) auipc   t5, 0x6
core   0: 3 0x80009d58 (0x00006f17) x30 0x8000fd58
core   0: 0x80009d5c (0x2a3f2423) sw      gp, 680(t5)
core   0: 3 0x80009d5c (0x2a3f2423) mem 0x80010000 0x00000001
core   0: 0x80009d60 (0xff9ff06f) j       pc - 0x8
core   0: 3 0x80009d60 (0xff9ff06f)
core   0: 0x80009d58 (0x00006f17) auipc   t5, 0x6
core   0: 3 0x80009d58 (0x00006f17) x30 0x8000fd58
core   0: 0x80009d5c (0x2a3f2423) sw      gp, 680(t5)
core   0: 3 0x80009d5c (0x2a3f2423) mem 0x80010000 0x00000001
core   0: 0x80009d60 (0xff9ff06f) j       pc - 0x8
core   0: 3 0x80009d60 (0xff9ff06f)
core   0: 0x80009d58 (0x00006f17) auipc   t5, 0x6
core   0: 3 0x80009d58 (0x00006f17) x30 0x8000fd58
core   0: 0x80009d5c (0x2a3f2423) sw      gp, 680(t5)
core   0: 3 0x80009d5c (0x2a3f2423) mem 0x80010000 0x00000001
core   0: 0x80009d60 (0xff9ff06f) j       pc - 0x8
core   0: 3 0x80009d60 (0xff9ff06f)
core   0: 0x80009d58 (0x00006f17) auipc   t5, 0x6
core   0: 3 0x80009d58 (0x00006f17) x30 0x8000fd58
core   0: 0x80009d5c (0x2a3f2423) sw      gp, 680(t5)
core   0: 3 0x80009d5c (0x2a3f2423) mem 0x80010000 0x00000001
core   0: 0x80009d60 (0xff9ff06f) j       pc - 0x8
core   0: 3 0x80009d60 (0xff9ff06f)
core   0: 0x80009d58 (0x00006f17) auipc   t5, 0x6
core   0: 3 0x80009d58 (0x00006f17) x30 0x8000fd58
core   0: 0x80009d5c (0x2a3f2423) sw      gp, 680(t5)
core   0: 3 0x80009d5c (0x2a3f2423) mem 0x80010000 0x00000001
core   0: 0x80009d60 (0xff9ff06f) j       pc - 0x8
core   0: 3 0x80009d60 (0xff9ff06f)
core   0: 0x80009d58 (0x00006f17) auipc   t5, 0x6
core   0: 3 0x80009d58 (0x00006f17) x30 0x8000fd58
core   0: 0x80009d5c (0x2a3f2423) sw      gp, 680(t5)
core   0: 3 0x80009d5c (0x2a3f2423) mem 0x80010000 0x00000001
core   0: 0x80009d60 (0xff9ff06f) j       pc - 0x8
core   0: 3 0x80009d60 (0xff9ff06f)
core   0: 0x80009d58 (0x00006f17) auipc   t5, 0x6
core   0: 3 0x80009d58 (0x00006f17) x30 0x8000fd58
core   0: 0x80009d5c (0x2a3f2423) sw      gp, 680(t5)
core   0: 3 0x80009d5c (0x2a3f2423) mem 0x80010000 0x00000001
core   0: 0x80009d60 (0xff9ff06f) j       pc - 0x8
core   0: 3 0x80009d60 (0xff9ff06f)
core   0: 0x80009d58 (0x00006f17) auipc   t5, 0x6
core   0: 3 0x80009d58 (0x00006f17) x30 0x8000fd58
core   0: 0x80009d5c (0x2a3f2423) sw      gp, 680(t5)
core   0: 3 0x80009d5c (0x2a3f2423) mem 0x80010000 0x00000001
core   0: 0x80009d60 (0xff9ff06f) j       pc - 0x8
core   0: 3 0x80009d60 (0xff9ff06f)
core   0: 0x80009d58 (0x00006f17) auipc   t5, 0x6
core   0: 3 0x80009d58 (0x00006f17) x30 0x8000fd58
core   0: 0x80009d5c (0x2a3f2423) sw      gp, 680(t5)
core   0: 3 0x80009d5c (0x2a3f2423) mem 0x80010000 0x00000001
core   0: 0x80009d60 (0xff9ff06f) j       pc - 0x8
core   0: 3 0x80009d60 (0xff9ff06f)
core   0: 0x80009d58 (0x00006f17) auipc   t5, 0x6
core   0: 3 0x80009d58 (0x00006f17) x30 0x8000fd58
core   0: 0x80009d5c (0x2a3f2423) sw      gp, 680(t5)
core   0: 3 0x80009d5c (0x2a3f2423) mem 0x80010000 0x00000001
core   0: 0x80009d60 (0xff9ff06f) j       pc - 0x8
core   0: 3 0x80009d60 (0xff9ff06f)
core   0: 0x80009d58 (0x00006f17) auipc   t5, 0x6
core   0: 3 0x80009d58 (0x00006f17) x30 0x8000fd58
core   0: 0x80009d5c (0x2a3f2423) sw      gp, 680(t5)
core   0: 3 0x80009d5c (0x2a3f2423) mem 0x80010000 0x00000001
core   0: 0x80009d60 (0xff9ff06f) j       pc - 0x8
core   0: 3 0x80009d60 (0xff9ff06f)
core   0: 0x80009d58 (0x00006f17) auipc   t5, 0x6
core   0: 3 0x80009d58 (0x00006f17) x30 0x8000fd58
core   0: 0x80009d5c (0x2a3f2423) sw      gp, 680(t5)
core   0: 3 0x80009d5c (0x2a3f2423) mem 0x80010000 0x00000001
core   0: 0x80009d60 (0xff9ff06f) j       pc - 0x8
core   0: 3 0x80009d60 (0xff9ff06f)
core   0: 0x80009d58 (0x00006f17) auipc   t5, 0x6
core   0: 3 0x80009d58 (0x00006f17) x30 0x8000fd58
core   0: 0x80009d5c (0x2a3f2423) sw      gp, 680(t5)
core   0: 3 0x80009d5c (0x2a3f2423) mem 0x80010000 0x00000001
core   0: 0x80009d60 (0xff9ff06f) j       pc - 0x8
core   0: 3 0x80009d60 (0xff9ff06f)
core   0: 0x80009d58 (0x00006f17) auipc   t5, 0x6
core   0: 3 0x80009d58 (0x00006f17) x30 0x8000fd58
core   0: 0x80009d5c (0x2a3f2423) sw      gp, 680(t5)
core   0: 3 0x80009d5c (0x2a3f2423) mem 0x80010000 0x00000001
core   0: 0x80009d60 (0xff9ff06f) j       pc - 0x8
core   0: 3 0x80009d60 (0xff9ff06f)
core   0: 0x80009d58 (0x00006f17) auipc   t5, 0x6
core   0: 3 0x80009d58 (0x00006f17) x30 0x8000fd58
core   0: 0x80009d5c (0x2a3f2423) sw      gp, 680(t5)
core   0: 3 0x80009d5c (0x2a3f2423) mem 0x80010000 0x00000001
core   0: 0x80009d60 (0xff9ff06f) j       pc - 0x8
core   0: 3 0x80009d60 (0xff9ff06f)
core   0: 0x80009d58 (0x00006f17) auipc   t5, 0x6
core   0: 3 0x80009d58 (0x00006f17) x30 0x8000fd58
core   0: 0x80009d5c (0x2a3f2423) sw      gp, 680(t5)
core   0: 3 0x80009d5c (0x2a3f2423) mem 0x80010000 0x00000001
core   0: 0x80009d60 (0xff9ff06f) j       pc - 0x8
core   0: 3 0x80009d60 (0xff9ff06f)
core   0: 0x80009d58 (0x00006f17) auipc   t5, 0x6
core   0: 3 0x80009d58 (0x00006f17) x30 0x8000fd58
core   0: 0x80009d5c (0x2a3f2423) sw      gp, 680(t5)
core   0: 3 0x80009d5c (0x2a3f2423) mem 0x80010000 0x00000001
core   0: 0x80009d60 (0xff9ff06f) j       pc - 0x8
core   0: 3 0x80009d60 (0xff9ff06f)
core   0: 0x80009d58 (0x00006f17) auipc   t5, 0x6
core   0: 3 0x80009d58 (0x00006f17) x30 0x8000fd58
core   0: 0x80009d5c (0x2a3f2423) sw      gp, 680(t5)
core   0: 3 0x80009d5c (0x2a3f2423) mem 0x80010000 0x00000001
core   0: 0x80009d60 (0xff9ff06f) j       pc - 0x8
core   0: 3 0x80009d60 (0xff9ff06f)
core   0: 0x80009d58 (0x00006f17) auipc   t5, 0x6
core   0: 3 0x80009d58 (0x00006f17) x30 0x8000fd58
core   0: 0x80009d5c (0x2a3f2423) sw      gp, 680(t5)
core   0: 3 0x80009d5c (0x2a3f2423) mem 0x80010000 0x00000001
core   0: 0x80009d60 (0xff9ff06f) j       pc - 0x8
core   0: 3 0x80009d60 (0xff9ff06f)
core   0: 0x80009d58 (0x00006f17) auipc   t5, 0x6
core   0: 3 0x80009d58 (0x00006f17) x30 0x8000fd58
core   0: 0x80009d5c (0x2a3f2423) sw      gp, 680(t5)
core   0: 3 0x80009d5c (0x2a3f2423) mem 0x80010000 0x00000001
core   0: 0x80009d60 (0xff9ff06f) j       pc - 0x8
core   0: 3 0x80009d60 (0xff9ff06f)
core   0: 0x80009d58 (0x00006f17) auipc   t5, 0x6
core   0: 3 0x80009d58 (0x00006f17) x30 0x8000fd58
core   0: 0x80009d5c (0x2a3f2423) sw      gp, 680(t5)
core   0: 3 0x80009d5c (0x2a3f2423) mem 0x80010000 0x00000001
core   0: 0x80009d60 (0xff9ff06f) j       pc - 0x8
core   0: 3 0x80009d60 (0xff9ff06f)
core   0: 0x80009d58 (0x00006f17) auipc   t5, 0x6
core   0: 3 0x80009d58 (0x00006f17) x30 0x8000fd58
core   0: 0x80009d5c (0x2a3f2423) sw      gp, 680(t5)
core   0: 3 0x80009d5c (0x2a3f2423) mem 0x80010000 0x00000001
core   0: 0x80009d60 (0xff9ff06f) j       pc - 0x8
core   0: 3 0x80009d60 (0xff9ff06f)
core   0: 0x80009d58 (0x00006f17) auipc   t5, 0x6
core   0: 3 0x80009d58 (0x00006f17) x30 0x8000fd58
core   0: 0x80009d5c (0x2a3f2423) sw      gp, 680(t5)
core   0: 3 0x80009d5c (0x2a3f2423) mem 0x80010000 0x00000001
core   0: 0x80009d60 (0xff9ff06f) j       pc - 0x8
core   0: 3 0x80009d60 (0xff9ff06f)
core   0: 0x80009d58 (0x00006f17) auipc   t5, 0x6
core   0: 3 0x80009d58 (0x00006f17) x30 0x8000fd58
core   0: 0x80009d5c (0x2a3f2423) sw      gp, 680(t5)
core   0: 3 0x80009d5c (0x2a3f2423) mem 0x80010000 0x00000001
core   0: 0x80009d60 (0xff9ff06f) j       pc - 0x8
core   0: 3 0x80009d60 (0xff9ff06f)
core   0: 0x80009d58 (0x00006f17) auipc   t5, 0x6
core   0: 3 0x80009d58 (0x00006f17) x30 0x8000fd58
core   0: 0x80009d5c (0x2a3f2423) sw      gp, 680(t5)
core   0: 3 0x80009d5c (0x2a3f2423) mem 0x80010000 0x00000001
core   0: 0x80009d60 (0xff9ff06f) j       pc - 0x8
core   0: 3 0x80009d60 (0xff9ff06f)
core   0: 0x80009d58 (0x00006f17) auipc   t5, 0x6
core   0: 3 0x80009d58 (0x00006f17) x30 0x8000fd58
core   0: 0x80009d5c (0x2a3f2423) sw      gp, 680(t5)
core   0: 3 0x80009d5c (0x2a3f2423) mem 0x80010000 0x00000001
core   0: 0x80009d60 (0xff9ff06f) j       pc - 0x8
core   0: 3 0x80009d60 (0xff9ff06f)
core   0: 0x80009d58 (0x00006f17) auipc   t5, 0x6
core   0: 3 0x80009d58 (0x00006f17) x30 0x8000fd58
core   0: 0x80009d5c (0x2a3f2423) sw      gp, 680(t5)
core   0: 3 0x80009d5c (0x2a3f2423) mem 0x80010000 0x00000001
core   0: 0x80009d60 (0xff9ff06f) j       pc - 0x8
core   0: 3 0x80009d60 (0xff9ff06f)
core   0: 0x80009d58 (0x00006f17) auipc   t5, 0x6
core   0: 3 0x80009d58 (0x00006f17) x30 0x8000fd58
core   0: 0x80009d5c (0x2a3f2423) sw      gp, 680(t5)
core   0: 3 0x80009d5c (0x2a3f2423) mem 0x80010000 0x00000001
core   0: 0x80009d60 (0xff9ff06f) j       pc - 0x8
core   0: 3 0x80009d60 (0xff9ff06f)
core   0: 0x80009d58 (0x00006f17) auipc   t5, 0x6
core   0: 3 0x80009d58 (0x00006f17) x30 0x8000fd58
core   0: 0x80009d5c (0x2a3f2423) sw      gp, 680(t5)
core   0: 3 0x80009d5c (0x2a3f2423) mem 0x80010000 0x00000001
core   0: 0x80009d60 (0xff9ff06f) j       pc - 0x8
core   0: 3 0x80009d60 (0xff9ff06f)
core   0: 0x80009d58 (0x00006f17) auipc   t5, 0x6
core   0: 3 0x80009d58 (0x00006f17) x30 0x8000fd58
core   0: 0x80009d5c (0x2a3f2423) sw      gp, 680(t5)
core   0: 3 0x80009d5c (0x2a3f2423) mem 0x80010000 0x00000001
core   0: 0x80009d60 (0xff9ff06f) j       pc - 0x8
core   0: 3 0x80009d60 (0xff9ff06f)
core   0: 0x80009d58 (0x00006f17) auipc   t5, 0x6
core   0: 3 0x80009d58 (0x00006f17) x30 0x8000fd58
core   0: 0x80009d5c (0x2a3f2423) sw      gp, 680(t5)
core   0: 3 0x80009d5c (0x2a3f2423) mem 0x80010000 0x00000001
core   0: 0x80009d60 (0xff9ff06f) j       pc - 0x8
core   0: 3 0x80009d60 (0xff9ff06f)
core   0: 0x80009d58 (0x00006f17) auipc   t5, 0x6
core   0: 3 0x80009d58 (0x00006f17) x30 0x8000fd58
core   0: 0x80009d5c (0x2a3f2423) sw      gp, 680(t5)
core   0: 3 0x80009d5c (0x2a3f2423) mem 0x80010000 0x00000001
core   0: 0x80009d60 (0xff9ff06f) j       pc - 0x8
core   0: 3 0x80009d60 (0xff9ff06f)
core   0: 0x80009d58 (0x00006f17) auipc   t5, 0x6
core   0: 3 0x80009d58 (0x00006f17) x30 0x8000fd58
core   0: 0x80009d5c (0x2a3f2423) sw      gp, 680(t5)
core   0: 3 0x80009d5c (0x2a3f2423) mem 0x80010000 0x00000001
core   0: 0x80009d60 (0xff9ff06f) j       pc - 0x8
core   0: 3 0x80009d60 (0xff9ff06f)
core   0: 0x80009d58 (0x00006f17) auipc   t5, 0x6
core   0: 3 0x80009d58 (0x00006f17) x30 0x8000fd58
core   0: 0x80009d5c (0x2a3f2423) sw      gp, 680(t5)
core   0: 3 0x80009d5c (0x2a3f2423) mem 0x80010000 0x00000001
core   0: 0x80009d60 (0xff9ff06f) j       pc - 0x8
core   0: 3 0x80009d60 (0xff9ff06f)
core   0: 0x80009d58 (0x00006f17) auipc   t5, 0x6
core   0: 3 0x80009d58 (0x00006f17) x30 0x8000fd58
core   0: 0x80009d5c (0x2a3f2423) sw      gp, 680(t5)
core   0: 3 0x80009d5c (0x2a3f2423) mem 0x80010000 0x00000001
core   0: 0x80009d60 (0xff9ff06f) j       pc - 0x8
core   0: 3 0x80009d60 (0xff9ff06f)
core   0: 0x80009d58 (0x00006f17) auipc   t5, 0x6
core   0: 3 0x80009d58 (0x00006f17) x30 0x8000fd58
core   0: 0x80009d5c (0x2a3f2423) sw      gp, 680(t5)
core   0: 3 0x80009d5c (0x2a3f2423) mem 0x80010000 0x00000001
core   0: 0x80009d60 (0xff9ff06f) j       pc - 0x8
core   0: 3 0x80009d60 (0xff9ff06f)
core   0: 0x80009d58 (0x00006f17) auipc   t5, 0x6
core   0: 3 0x80009d58 (0x00006f17) x30 0x8000fd58
core   0: 0x80009d5c (0x2a3f2423) sw      gp, 680(t5)
core   0: 3 0x80009d5c (0x2a3f2423) mem 0x80010000 0x00000001
core   0: 0x80009d60 (0xff9ff06f) j       pc - 0x8
core   0: 3 0x80009d60 (0xff9ff06f)
core   0: 0x80009d58 (0x00006f17) auipc   t5, 0x6
core   0: 3 0x80009d58 (0x00006f17) x30 0x8000fd58
core   0: 0x80009d5c (0x2a3f2423) sw      gp, 680(t5)
core   0: 3 0x80009d5c (0x2a3f2423) mem 0x80010000 0x00000001
core   0: 0x80009d60 (0xff9ff06f) j       pc - 0x8
core   0: 3 0x80009d60 (0xff9ff06f)
core   0: 0x80009d58 (0x00006f17) auipc   t5, 0x6
core   0: 3 0x80009d58 (0x00006f17) x30 0x8000fd58
core   0: 0x80009d5c (0x2a3f2423) sw      gp, 680(t5)
core   0: 3 0x80009d5c (0x2a3f2423) mem 0x80010000 0x00000001
core   0: 0x80009d60 (0xff9ff06f) j       pc - 0x8
core   0: 3 0x80009d60 (0xff9ff06f)
core   0: 0x80009d58 (0x00006f17) auipc   t5, 0x6
core   0: 3 0x80009d58 (0x00006f17) x30 0x8000fd58
core   0: 0x80009d5c (0x2a3f2423) sw      gp, 680(t5)
core   0: 3 0x80009d5c (0x2a3f2423) mem 0x80010000 0x00000001
core   0: 0x80009d60 (0xff9ff06f) j       pc - 0x8
core   0: 3 0x80009d60 (0xff9ff06f)
core   0: 0x80009d58 (0x00006f17) auipc   t5, 0x6
core   0: 3 0x80009d58 (0x00006f17) x30 0x8000fd58
core   0: 0x80009d5c (0x2a3f2423) sw      gp, 680(t5)
core   0: 3 0x80009d5c (0x2a3f2423) mem 0x80010000 0x00000001
core   0: 0x80009d60 (0xff9ff06f) j       pc - 0x8
core   0: 3 0x80009d60 (0xff9ff06f)
core   0: 0x80009d58 (0x00006f17) auipc   t5, 0x6
core   0: 3 0x80009d58 (0x00006f17) x30 0x8000fd58
core   0: 0x80009d5c (0x2a3f2423) sw      gp, 680(t5)
core   0: 3 0x80009d5c (0x2a3f2423) mem 0x80010000 0x00000001
core   0: 0x80009d60 (0xff9ff06f) j       pc - 0x8
core   0: 3 0x80009d60 (0xff9ff06f)
core   0: 0x80009d58 (0x00006f17) auipc   t5, 0x6
core   0: 3 0x80009d58 (0x00006f17) x30 0x8000fd58
core   0: 0x80009d5c (0x2a3f2423) sw      gp, 680(t5)
core   0: 3 0x80009d5c (0x2a3f2423) mem 0x80010000 0x00000001
core   0: 0x80009d60 (0xff9ff06f) j       pc - 0x8
core   0: 3 0x80009d60 (0xff9ff06f)
core   0: 0x80009d58 (0x00006f17) auipc   t5, 0x6
core   0: 3 0x80009d58 (0x00006f17) x30 0x8000fd58
core   0: 0x80009d5c (0x2a3f2423) sw      gp, 680(t5)
core   0: 3 0x80009d5c (0x2a3f2423) mem 0x80010000 0x00000001
core   0: 0x80009d60 (0xff9ff06f) j       pc - 0x8
core   0: 3 0x80009d60 (0xff9ff06f)
core   0: 0x80009d58 (0x00006f17) auipc   t5, 0x6
core   0: 3 0x80009d58 (0x00006f17) x30 0x8000fd58
core   0: 0x80009d5c (0x2a3f2423) sw      gp, 680(t5)
core   0: 3 0x80009d5c (0x2a3f2423) mem 0x80010000 0x00000001
core   0: 0x80009d60 (0xff9ff06f) j       pc - 0x8
core   0: 3 0x80009d60 (0xff9ff06f)
core   0: 0x80009d58 (0x00006f17) auipc   t5, 0x6
core   0: 3 0x80009d58 (0x00006f17) x30 0x8000fd58
core   0: 0x80009d5c (0x2a3f2423) sw      gp, 680(t5)
core   0: 3 0x80009d5c (0x2a3f2423) mem 0x80010000 0x00000001
core   0: 0x80009d60 (0xff9ff06f) j       pc - 0x8
core   0: 3 0x80009d60 (0xff9ff06f)
core   0: 0x80009d58 (0x00006f17) auipc   t5, 0x6
core   0: 3 0x80009d58 (0x00006f17) x30 0x8000fd58
core   0: 0x80009d5c (0x2a3f2423) sw      gp, 680(t5)
core   0: 3 0x80009d5c (0x2a3f2423) mem 0x80010000 0x00000001
core   0: 0x80009d60 (0xff9ff06f) j       pc - 0x8
core   0: 3 0x80009d60 (0xff9ff06f)
core   0: 0x80009d58 (0x00006f17) auipc   t5, 0x6
core   0: 3 0x80009d58 (0x00006f17) x30 0x8000fd58
core   0: 0x80009d5c (0x2a3f2423) sw      gp, 680(t5)
core   0: 3 0x80009d5c (0x2a3f2423) mem 0x80010000 0x00000001
core   0: 0x80009d60 (0xff9ff06f) j       pc - 0x8
core   0: 3 0x80009d60 (0xff9ff06f)
core   0: 0x80009d58 (0x00006f17) auipc   t5, 0x6
core   0: 3 0x80009d58 (0x00006f17) x30 0x8000fd58
core   0: 0x80009d5c (0x2a3f2423) sw      gp, 680(t5)
core   0: 3 0x80009d5c (0x2a3f2423) mem 0x80010000 0x00000001
core   0: 0x80009d60 (0xff9ff06f) j       pc - 0x8
core   0: 3 0x80009d60 (0xff9ff06f)
core   0: 0x80009d58 (0x00006f17) auipc   t5, 0x6
core   0: 3 0x80009d58 (0x00006f17) x30 0x8000fd58
core   0: 0x80009d5c (0x2a3f2423) sw      gp, 680(t5)
core   0: 3 0x80009d5c (0x2a3f2423) mem 0x80010000 0x00000001
core   0: 0x80009d60 (0xff9ff06f) j       pc - 0x8
core   0: 3 0x80009d60 (0xff9ff06f)
core   0: 0x80009d58 (0x00006f17) auipc   t5, 0x6
core   0: 3 0x80009d58 (0x00006f17) x30 0x8000fd58
core   0: 0x80009d5c (0x2a3f2423) sw      gp, 680(t5)
core   0: 3 0x80009d5c (0x2a3f2423) mem 0x80010000 0x00000001
core   0: 0x80009d60 (0xff9ff06f) j       pc - 0x8
core   0: 3 0x80009d60 (0xff9ff06f)
core   0: 0x80009d58 (0x00006f17) auipc   t5, 0x6
core   0: 3 0x80009d58 (0x00006f17) x30 0x8000fd58
core   0: 0x80009d5c (0x2a3f2423) sw      gp, 680(t5)
core   0: 3 0x80009d5c (0x2a3f2423) mem 0x80010000 0x00000001
core   0: 0x80009d60 (0xff9ff06f) j       pc - 0x8
core   0: 3 0x80009d60 (0xff9ff06f)
core   0: 0x80009d58 (0x00006f17) auipc   t5, 0x6
core   0: 3 0x80009d58 (0x00006f17) x30 0x8000fd58
core   0: 0x80009d5c (0x2a3f2423) sw      gp, 680(t5)
core   0: 3 0x80009d5c (0x2a3f2423) mem 0x80010000 0x00000001
core   0: 0x80009d60 (0xff9ff06f) j       pc - 0x8
core   0: 3 0x80009d60 (0xff9ff06f)
core   0: 0x80009d58 (0x00006f17) auipc   t5, 0x6
core   0: 3 0x80009d58 (0x00006f17) x30 0x8000fd58
core   0: 0x80009d5c (0x2a3f2423) sw      gp, 680(t5)
core   0: 3 0x80009d5c (0x2a3f2423) mem 0x80010000 0x00000001
core   0: 0x80009d60 (0xff9ff06f) j       pc - 0x8
core   0: 3 0x80009d60 (0xff9ff06f)
core   0: 0x80009d58 (0x00006f17) auipc   t5, 0x6
core   0: 3 0x80009d58 (0x00006f17) x30 0x8000fd58
core   0: 0x80009d5c (0x2a3f2423) sw      gp, 680(t5)
core   0: 3 0x80009d5c (0x2a3f2423) mem 0x80010000 0x00000001
core   0: 0x80009d60 (0xff9ff06f) j       pc - 0x8
core   0: 3 0x80009d60 (0xff9ff06f)
core   0: 0x80009d58 (0x00006f17) auipc   t5, 0x6
core   0: 3 0x80009d58 (0x00006f17) x30 0x8000fd58
core   0: 0x80009d5c (0x2a3f2423) sw      gp, 680(t5)
core   0: 3 0x80009d5c (0x2a3f2423) mem 0x80010000 0x00000001
core   0: 0x80009d60 (0xff9ff06f) j       pc - 0x8
core   0: 3 0x80009d60 (0xff9ff06f)
core   0: 0x80009d58 (0x00006f17) auipc   t5, 0x6
core   0: 3 0x80009d58 (0x00006f17) x30 0x8000fd58
core   0: 0x80009d5c (0x2a3f2423) sw      gp, 680(t5)
core   0: 3 0x80009d5c (0x2a3f2423) mem 0x80010000 0x00000001
core   0: 0x80009d60 (0xff9ff06f) j       pc - 0x8
core   0: 3 0x80009d60 (0xff9ff06f)
core   0: 0x80009d58 (0x00006f17) auipc   t5, 0x6
core   0: 3 0x80009d58 (0x00006f17) x30 0x8000fd58
core   0: 0x80009d5c (0x2a3f2423) sw      gp, 680(t5)
core   0: 3 0x80009d5c (0x2a3f2423) mem 0x80010000 0x00000001
core   0: 0x80009d60 (0xff9ff06f) j       pc - 0x8
core   0: 3 0x80009d60 (0xff9ff06f)
core   0: 0x80009d58 (0x00006f17) auipc   t5, 0x6
core   0: 3 0x80009d58 (0x00006f17) x30 0x8000fd58
core   0: 0x80009d5c (0x2a3f2423) sw      gp, 680(t5)
core   0: 3 0x80009d5c (0x2a3f2423) mem 0x80010000 0x00000001
core   0: 0x80009d60 (0xff9ff06f) j       pc - 0x8
core   0: 3 0x80009d60 (0xff9ff06f)
core   0: 0x80009d58 (0x00006f17) auipc   t5, 0x6
core   0: 3 0x80009d58 (0x00006f17) x30 0x8000fd58
core   0: 0x80009d5c (0x2a3f2423) sw      gp, 680(t5)
core   0: 3 0x80009d5c (0x2a3f2423) mem 0x80010000 0x00000001
core   0: 0x80009d60 (0xff9ff06f) j       pc - 0x8
core   0: 3 0x80009d60 (0xff9ff06f)
core   0: 0x80009d58 (0x00006f17) auipc   t5, 0x6
core   0: 3 0x80009d58 (0x00006f17) x30 0x8000fd58
core   0: 0x80009d5c (0x2a3f2423) sw      gp, 680(t5)
core   0: 3 0x80009d5c (0x2a3f2423) mem 0x80010000 0x00000001
core   0: 0x80009d60 (0xff9ff06f) j       pc - 0x8
core   0: 3 0x80009d60 (0xff9ff06f)
core   0: 0x80009d58 (0x00006f17) auipc   t5, 0x6
core   0: 3 0x80009d58 (0x00006f17) x30 0x8000fd58
core   0: 0x80009d5c (0x2a3f2423) sw      gp, 680(t5)
core   0: 3 0x80009d5c (0x2a3f2423) mem 0x80010000 0x00000001
core   0: 0x80009d60 (0xff9ff06f) j       pc - 0x8
core   0: 3 0x80009d60 (0xff9ff06f)
core   0: 0x80009d58 (0x00006f17) auipc   t5, 0x6
core   0: 3 0x80009d58 (0x00006f17) x30 0x8000fd58
core   0: 0x80009d5c (0x2a3f2423) sw      gp, 680(t5)
core   0: 3 0x80009d5c (0x2a3f2423) mem 0x80010000 0x00000001
core   0: 0x80009d60 (0xff9ff06f) j       pc - 0x8
core   0: 3 0x80009d60 (0xff9ff06f)
core   0: 0x80009d58 (0x00006f17) auipc   t5, 0x6
core   0: 3 0x80009d58 (0x00006f17) x30 0x8000fd58
core   0: 0x80009d5c (0x2a3f2423) sw      gp, 680(t5)
core   0: 3 0x80009d5c (0x2a3f2423) mem 0x80010000 0x00000001
core   0: 0x80009d60 (0xff9ff06f) j       pc - 0x8
core   0: 3 0x80009d60 (0xff9ff06f)
core   0: 0x80009d58 (0x00006f17) auipc   t5, 0x6
core   0: 3 0x80009d58 (0x00006f17) x30 0x8000fd58
core   0: 0x80009d5c (0x2a3f2423) sw      gp, 680(t5)
core   0: 3 0x80009d5c (0x2a3f2423) mem 0x80010000 0x00000001
core   0: 0x80009d60 (0xff9ff06f) j       pc - 0x8
core   0: 3 0x80009d60 (0xff9ff06f)
core   0: 0x80009d58 (0x00006f17) auipc   t5, 0x6
core   0: 3 0x80009d58 (0x00006f17) x30 0x8000fd58
core   0: 0x80009d5c (0x2a3f2423) sw      gp, 680(t5)
core   0: 3 0x80009d5c (0x2a3f2423) mem 0x80010000 0x00000001
core   0: 0x80009d60 (0xff9ff06f) j       pc - 0x8
core   0: 3 0x80009d60 (0xff9ff06f)
core   0: 0x80009d58 (0x00006f17) auipc   t5, 0x6
core   0: 3 0x80009d58 (0x00006f17) x30 0x8000fd58
core   0: 0x80009d5c (0x2a3f2423) sw      gp, 680(t5)
core   0: 3 0x80009d5c (0x2a3f2423) mem 0x80010000 0x00000001
core   0: 0x80009d60 (0xff9ff06f) j       pc - 0x8
core   0: 3 0x80009d60 (0xff9ff06f)
core   0: 0x80009d58 (0x00006f17) auipc   t5, 0x6
core   0: 3 0x80009d58 (0x00006f17) x30 0x8000fd58
core   0: 0x80009d5c (0x2a3f2423) sw      gp, 680(t5)
core   0: 3 0x80009d5c (0x2a3f2423) mem 0x80010000 0x00000001
core   0: 0x80009d60 (0xff9ff06f) j       pc - 0x8
core   0: 3 0x80009d60 (0xff9ff06f)
core   0: 0x80009d58 (0x00006f17) auipc   t5, 0x6
core   0: 3 0x80009d58 (0x00006f17) x30 0x8000fd58
core   0: 0x80009d5c (0x2a3f2423) sw      gp, 680(t5)
core   0: 3 0x80009d5c (0x2a3f2423) mem 0x80010000 0x00000001
core   0: 0x80009d60 (0xff9ff06f) j       pc - 0x8
core   0: 3 0x80009d60 (0xff9ff06f)
core   0: 0x80009d58 (0x00006f17) auipc   t5, 0x6
core   0: 3 0x80009d58 (0x00006f17) x30 0x8000fd58
core   0: 0x80009d5c (0x2a3f2423) sw      gp, 680(t5)
core   0: 3 0x80009d5c (0x2a3f2423) mem 0x80010000 0x00000001
core   0: 0x80009d60 (0xff9ff06f) j       pc - 0x8
core   0: 3 0x80009d60 (0xff9ff06f)
core   0: 0x80009d58 (0x00006f17) auipc   t5, 0x6
core   0: 3 0x80009d58 (0x00006f17) x30 0x8000fd58
core   0: 0x80009d5c (0x2a3f2423) sw      gp, 680(t5)
core   0: 3 0x80009d5c (0x2a3f2423) mem 0x80010000 0x00000001
core   0: 0x80009d60 (0xff9ff06f) j       pc - 0x8
core   0: 3 0x80009d60 (0xff9ff06f)
core   0: 0x80009d58 (0x00006f17) auipc   t5, 0x6
core   0: 3 0x80009d58 (0x00006f17) x30 0x8000fd58
core   0: 0x80009d5c (0x2a3f2423) sw      gp, 680(t5)
core   0: 3 0x80009d5c (0x2a3f2423) mem 0x80010000 0x00000001
core   0: 0x80009d60 (0xff9ff06f) j       pc - 0x8
core   0: 3 0x80009d60 (0xff9ff06f)
core   0: 0x80009d58 (0x00006f17) auipc   t5, 0x6
core   0: 3 0x80009d58 (0x00006f17) x30 0x8000fd58
core   0: 0x80009d5c (0x2a3f2423) sw      gp, 680(t5)
core   0: 3 0x80009d5c (0x2a3f2423) mem 0x80010000 0x00000001
core   0: 0x80009d60 (0xff9ff06f) j       pc - 0x8
core   0: 3 0x80009d60 (0xff9ff06f)
core   0: 0x80009d58 (0x00006f17) auipc   t5, 0x6
core   0: 3 0x80009d58 (0x00006f17) x30 0x8000fd58
core   0: 0x80009d5c (0x2a3f2423) sw      gp, 680(t5)
core   0: 3 0x80009d5c (0x2a3f2423) mem 0x80010000 0x00000001
core   0: 0x80009d60 (0xff9ff06f) j       pc - 0x8
core   0: 3 0x80009d60 (0xff9ff06f)
core   0: 0x80009d58 (0x00006f17) auipc   t5, 0x6
core   0: 3 0x80009d58 (0x00006f17) x30 0x8000fd58
core   0: 0x80009d5c (0x2a3f2423) sw      gp, 680(t5)
core   0: 3 0x80009d5c (0x2a3f2423) mem 0x80010000 0x00000001
core   0: 0x80009d60 (0xff9ff06f) j       pc - 0x8
core   0: 3 0x80009d60 (0xff9ff06f)
core   0: 0x80009d58 (0x00006f17) auipc   t5, 0x6
core   0: 3 0x80009d58 (0x00006f17) x30 0x8000fd58
core   0: 0x80009d5c (0x2a3f2423) sw      gp, 680(t5)
core   0: 3 0x80009d5c (0x2a3f2423) mem 0x80010000 0x00000001
core   0: 0x80009d60 (0xff9ff06f) j       pc - 0x8
core   0: 3 0x80009d60 (0xff9ff06f)
core   0: 0x80009d58 (0x00006f17) auipc   t5, 0x6
core   0: 3 0x80009d58 (0x00006f17) x30 0x8000fd58
core   0: 0x80009d5c (0x2a3f2423) sw      gp, 680(t5)
core   0: 3 0x80009d5c (0x2a3f2423) mem 0x80010000 0x00000001
core   0: 0x80009d60 (0xff9ff06f) j       pc - 0x8
core   0: 3 0x80009d60 (0xff9ff06f)
core   0: 0x80009d58 (0x00006f17) auipc   t5, 0x6
core   0: 3 0x80009d58 (0x00006f17) x30 0x8000fd58
core   0: 0x80009d5c (0x2a3f2423) sw      gp, 680(t5)
core   0: 3 0x80009d5c (0x2a3f2423) mem 0x80010000 0x00000001
core   0: 0x80009d60 (0xff9ff06f) j       pc - 0x8
core   0: 3 0x80009d60 (0xff9ff06f)
core   0: 0x80009d58 (0x00006f17) auipc   t5, 0x6
core   0: 3 0x80009d58 (0x00006f17) x30 0x8000fd58
core   0: 0x80009d5c (0x2a3f2423) sw      gp, 680(t5)
core   0: 3 0x80009d5c (0x2a3f2423) mem 0x80010000 0x00000001
core   0: 0x80009d60 (0xff9ff06f) j       pc - 0x8
core   0: 3 0x80009d60 (0xff9ff06f)
core   0: 0x80009d58 (0x00006f17) auipc   t5, 0x6
core   0: 3 0x80009d58 (0x00006f17) x30 0x8000fd58
core   0: 0x80009d5c (0x2a3f2423) sw      gp, 680(t5)
core   0: 3 0x80009d5c (0x2a3f2423) mem 0x80010000 0x00000001
core   0: 0x80009d60 (0xff9ff06f) j       pc - 0x8
core   0: 3 0x80009d60 (0xff9ff06f)
core   0: 0x80009d58 (0x00006f17) auipc   t5, 0x6
core   0: 3 0x80009d58 (0x00006f17) x30 0x8000fd58
core   0: 0x80009d5c (0x2a3f2423) sw      gp, 680(t5)
core   0: 3 0x80009d5c (0x2a3f2423) mem 0x80010000 0x00000001
core   0: 0x80009d60 (0xff9ff06f) j       pc - 0x8
core   0: 3 0x80009d60 (0xff9ff06f)
core   0: 0x80009d58 (0x00006f17) auipc   t5, 0x6
core   0: 3 0x80009d58 (0x00006f17) x30 0x8000fd58
core   0: 0x80009d5c (0x2a3f2423) sw      gp, 680(t5)
core   0: 3 0x80009d5c (0x2a3f2423) mem 0x80010000 0x00000001
core   0: 0x80009d60 (0xff9ff06f) j       pc - 0x8
core   0: 3 0x80009d60 (0xff9ff06f)
core   0: 0x80009d58 (0x00006f17) auipc   t5, 0x6
core   0: 3 0x80009d58 (0x00006f17) x30 0x8000fd58
core   0: 0x80009d5c (0x2a3f2423) sw      gp, 680(t5)
core   0: 3 0x80009d5c (0x2a3f2423) mem 0x80010000 0x00000001
core   0: 0x80009d60 (0xff9ff06f) j       pc - 0x8
core   0: 3 0x80009d60 (0xff9ff06f)
core   0: 0x80009d58 (0x00006f17) auipc   t5, 0x6
core   0: 3 0x80009d58 (0x00006f17) x30 0x8000fd58
core   0: 0x80009d5c (0x2a3f2423) sw      gp, 680(t5)
core   0: 3 0x80009d5c (0x2a3f2423) mem 0x80010000 0x00000001
core   0: 0x80009d60 (0xff9ff06f) j       pc - 0x8
core   0: 3 0x80009d60 (0xff9ff06f)
core   0: 0x80009d58 (0x00006f17) auipc   t5, 0x6
core   0: 3 0x80009d58 (0x00006f17) x30 0x8000fd58
core   0: 0x80009d5c (0x2a3f2423) sw      gp, 680(t5)
core   0: 3 0x80009d5c (0x2a3f2423) mem 0x80010000 0x00000001
core   0: 0x80009d60 (0xff9ff06f) j       pc - 0x8
core   0: 3 0x80009d60 (0xff9ff06f)
core   0: 0x80009d58 (0x00006f17) auipc   t5, 0x6
core   0: 3 0x80009d58 (0x00006f17) x30 0x8000fd58
core   0: 0x80009d5c (0x2a3f2423) sw      gp, 680(t5)
core   0: 3 0x80009d5c (0x2a3f2423) mem 0x80010000 0x00000001
core   0: 0x80009d60 (0xff9ff06f) j       pc - 0x8
core   0: 3 0x80009d60 (0xff9ff06f)
core   0: 0x80009d58 (0x00006f17) auipc   t5, 0x6
core   0: 3 0x80009d58 (0x00006f17) x30 0x8000fd58
core   0: 0x80009d5c (0x2a3f2423) sw      gp, 680(t5)
core   0: 3 0x80009d5c (0x2a3f2423) mem 0x80010000 0x00000001
core   0: 0x80009d60 (0xff9ff06f) j       pc - 0x8
core   0: 3 0x80009d60 (0xff9ff06f)
core   0: 0x80009d58 (0x00006f17) auipc   t5, 0x6
core   0: 3 0x80009d58 (0x00006f17) x30 0x8000fd58
core   0: 0x80009d5c (0x2a3f2423) sw      gp, 680(t5)
core   0: 3 0x80009d5c (0x2a3f2423) mem 0x80010000 0x00000001
core   0: 0x80009d60 (0xff9ff06f) j       pc - 0x8
core   0: 3 0x80009d60 (0xff9ff06f)
core   0: 0x80009d58 (0x00006f17) auipc   t5, 0x6
core   0: 3 0x80009d58 (0x00006f17) x30 0x8000fd58
core   0: 0x80009d5c (0x2a3f2423) sw      gp, 680(t5)
core   0: 3 0x80009d5c (0x2a3f2423) mem 0x80010000 0x00000001
core   0: 0x80009d60 (0xff9ff06f) j       pc - 0x8
core   0: 3 0x80009d60 (0xff9ff06f)
core   0: 0x80009d58 (0x00006f17) auipc   t5, 0x6
core   0: 3 0x80009d58 (0x00006f17) x30 0x8000fd58
core   0: 0x80009d5c (0x2a3f2423) sw      gp, 680(t5)
core   0: 3 0x80009d5c (0x2a3f2423) mem 0x80010000 0x00000001
core   0: 0x80009d60 (0xff9ff06f) j       pc - 0x8
core   0: 3 0x80009d60 (0xff9ff06f)
core   0: 0x80009d58 (0x00006f17) auipc   t5, 0x6
core   0: 3 0x80009d58 (0x00006f17) x30 0x8000fd58
core   0: 0x80009d5c (0x2a3f2423) sw      gp, 680(t5)
core   0: 3 0x80009d5c (0x2a3f2423) mem 0x80010000 0x00000001
core   0: 0x80009d60 (0xff9ff06f) j       pc - 0x8
core   0: 3 0x80009d60 (0xff9ff06f)
core   0: 0x80009d58 (0x00006f17) auipc   t5, 0x6
core   0: 3 0x80009d58 (0x00006f17) x30 0x8000fd58
core   0: 0x80009d5c (0x2a3f2423) sw      gp, 680(t5)
core   0: 3 0x80009d5c (0x2a3f2423) mem 0x80010000 0x00000001
core   0: 0x80009d60 (0xff9ff06f) j       pc - 0x8
core   0: 3 0x80009d60 (0xff9ff06f)
core   0: 0x80009d58 (0x00006f17) auipc   t5, 0x6
core   0: 3 0x80009d58 (0x00006f17) x30 0x8000fd58
core   0: 0x80009d5c (0x2a3f2423) sw      gp, 680(t5)
core   0: 3 0x80009d5c (0x2a3f2423) mem 0x80010000 0x00000001
core   0: 0x80009d60 (0xff9ff06f) j       pc - 0x8
core   0: 3 0x80009d60 (0xff9ff06f)
core   0: 0x80009d58 (0x00006f17) auipc   t5, 0x6
core   0: 3 0x80009d58 (0x00006f17) x30 0x8000fd58
core   0: 0x80009d5c (0x2a3f2423) sw      gp, 680(t5)
core   0: 3 0x80009d5c (0x2a3f2423) mem 0x80010000 0x00000001
core   0: 0x80009d60 (0xff9ff06f) j       pc - 0x8
core   0: 3 0x80009d60 (0xff9ff06f)
core   0: 0x80009d58 (0x00006f17) auipc   t5, 0x6
core   0: 3 0x80009d58 (0x00006f17) x30 0x8000fd58
core   0: 0x80009d5c (0x2a3f2423) sw      gp, 680(t5)
core   0: 3 0x80009d5c (0x2a3f2423) mem 0x80010000 0x00000001
core   0: 0x80009d60 (0xff9ff06f) j       pc - 0x8
core   0: 3 0x80009d60 (0xff9ff06f)
core   0: 0x80009d58 (0x00006f17) auipc   t5, 0x6
core   0: 3 0x80009d58 (0x00006f17) x30 0x8000fd58
core   0: 0x80009d5c (0x2a3f2423) sw      gp, 680(t5)
core   0: 3 0x80009d5c (0x2a3f2423) mem 0x80010000 0x00000001
core   0: 0x80009d60 (0xff9ff06f) j       pc - 0x8
core   0: 3 0x80009d60 (0xff9ff06f)
core   0: 0x80009d58 (0x00006f17) auipc   t5, 0x6
core   0: 3 0x80009d58 (0x00006f17) x30 0x8000fd58
core   0: 0x80009d5c (0x2a3f2423) sw      gp, 680(t5)
core   0: 3 0x80009d5c (0x2a3f2423) mem 0x80010000 0x00000001
core   0: 0x80009d60 (0xff9ff06f) j       pc - 0x8
core   0: 3 0x80009d60 (0xff9ff06f)
core   0: 0x80009d58 (0x00006f17) auipc   t5, 0x6
core   0: 3 0x80009d58 (0x00006f17) x30 0x8000fd58
core   0: 0x80009d5c (0x2a3f2423) sw      gp, 680(t5)
core   0: 3 0x80009d5c (0x2a3f2423) mem 0x80010000 0x00000001
core   0: 0x80009d60 (0xff9ff06f) j       pc - 0x8
core   0: 3 0x80009d60 (0xff9ff06f)
core   0: 0x80009d58 (0x00006f17) auipc   t5, 0x6
core   0: 3 0x80009d58 (0x00006f17) x30 0x8000fd58
core   0: 0x80009d5c (0x2a3f2423) sw      gp, 680(t5)
core   0: 3 0x80009d5c (0x2a3f2423) mem 0x80010000 0x00000001
core   0: 0x80009d60 (0xff9ff06f) j       pc - 0x8
core   0: 3 0x80009d60 (0xff9ff06f)
core   0: 0x80009d58 (0x00006f17) auipc   t5, 0x6
core   0: 3 0x80009d58 (0x00006f17) x30 0x8000fd58
core   0: 0x80009d5c (0x2a3f2423) sw      gp, 680(t5)
core   0: 3 0x80009d5c (0x2a3f2423) mem 0x80010000 0x00000001
core   0: 0x80009d60 (0xff9ff06f) j       pc - 0x8
core   0: 3 0x80009d60 (0xff9ff06f)
core   0: 0x80009d58 (0x00006f17) auipc   t5, 0x6
core   0: 3 0x80009d58 (0x00006f17) x30 0x8000fd58
core   0: 0x80009d5c (0x2a3f2423) sw      gp, 680(t5)
core   0: 3 0x80009d5c (0x2a3f2423) mem 0x80010000 0x00000001
core   0: 0x80009d60 (0xff9ff06f) j       pc - 0x8
core   0: 3 0x80009d60 (0xff9ff06f)
core   0: 0x80009d58 (0x00006f17) auipc   t5, 0x6
core   0: 3 0x80009d58 (0x00006f17) x30 0x8000fd58
core   0: 0x80009d5c (0x2a3f2423) sw      gp, 680(t5)
core   0: 3 0x80009d5c (0x2a3f2423) mem 0x80010000 0x00000001
core   0: 0x80009d60 (0xff9ff06f) j       pc - 0x8
core   0: 3 0x80009d60 (0xff9ff06f)
core   0: 0x80009d58 (0x00006f17) auipc   t5, 0x6
core   0: 3 0x80009d58 (0x00006f17) x30 0x8000fd58
core   0: 0x80009d5c (0x2a3f2423) sw      gp, 680(t5)
core   0: 3 0x80009d5c (0x2a3f2423) mem 0x80010000 0x00000001
core   0: 0x80009d60 (0xff9ff06f) j       pc - 0x8
core   0: 3 0x80009d60 (0xff9ff06f)
core   0: 0x80009d58 (0x00006f17) auipc   t5, 0x6
core   0: 3 0x80009d58 (0x00006f17) x30 0x8000fd58
core   0: 0x80009d5c (0x2a3f2423) sw      gp, 680(t5)
core   0: 3 0x80009d5c (0x2a3f2423) mem 0x80010000 0x00000001
core   0: 0x80009d60 (0xff9ff06f) j       pc - 0x8
core   0: 3 0x80009d60 (0xff9ff06f)
core   0: 0x80009d58 (0x00006f17) auipc   t5, 0x6
core   0: 3 0x80009d58 (0x00006f17) x30 0x8000fd58
core   0: 0x80009d5c (0x2a3f2423) sw      gp, 680(t5)
core   0: 3 0x80009d5c (0x2a3f2423) mem 0x80010000 0x00000001
core   0: 0x80009d60 (0xff9ff06f) j       pc - 0x8
core   0: 3 0x80009d60 (0xff9ff06f)
core   0: 0x80009d58 (0x00006f17) auipc   t5, 0x6
core   0: 3 0x80009d58 (0x00006f17) x30 0x8000fd58
core   0: 0x80009d5c (0x2a3f2423) sw      gp, 680(t5)
core   0: 3 0x80009d5c (0x2a3f2423) mem 0x80010000 0x00000001
core   0: 0x80009d60 (0xff9ff06f) j       pc - 0x8
core   0: 3 0x80009d60 (0xff9ff06f)
core   0: 0x80009d58 (0x00006f17) auipc   t5, 0x6
core   0: 3 0x80009d58 (0x00006f17) x30 0x8000fd58
core   0: 0x80009d5c (0x2a3f2423) sw      gp, 680(t5)
core   0: 3 0x80009d5c (0x2a3f2423) mem 0x80010000 0x00000001
core   0: 0x80009d60 (0xff9ff06f) j       pc - 0x8
core   0: 3 0x80009d60 (0xff9ff06f)
core   0: 0x80009d58 (0x00006f17) auipc   t5, 0x6
core   0: 3 0x80009d58 (0x00006f17) x30 0x8000fd58
core   0: 0x80009d5c (0x2a3f2423) sw      gp, 680(t5)
core   0: 3 0x80009d5c (0x2a3f2423) mem 0x80010000 0x00000001
core   0: 0x80009d60 (0xff9ff06f) j       pc - 0x8
core   0: 3 0x80009d60 (0xff9ff06f)
core   0: 0x80009d58 (0x00006f17) auipc   t5, 0x6
core   0: 3 0x80009d58 (0x00006f17) x30 0x8000fd58
core   0: 0x80009d5c (0x2a3f2423) sw      gp, 680(t5)
core   0: 3 0x80009d5c (0x2a3f2423) mem 0x80010000 0x00000001
core   0: 0x80009d60 (0xff9ff06f) j       pc - 0x8
core   0: 3 0x80009d60 (0xff9ff06f)
core   0: 0x80009d58 (0x00006f17) auipc   t5, 0x6
core   0: 3 0x80009d58 (0x00006f17) x30 0x8000fd58
core   0: 0x80009d5c (0x2a3f2423) sw      gp, 680(t5)
core   0: 3 0x80009d5c (0x2a3f2423) mem 0x80010000 0x00000001
core   0: 0x80009d60 (0xff9ff06f) j       pc - 0x8
core   0: 3 0x80009d60 (0xff9ff06f)
core   0: 0x80009d58 (0x00006f17) auipc   t5, 0x6
core   0: 3 0x80009d58 (0x00006f17) x30 0x8000fd58
core   0: 0x80009d5c (0x2a3f2423) sw      gp, 680(t5)
core   0: 3 0x80009d5c (0x2a3f2423) mem 0x80010000 0x00000001
core   0: 0x80009d60 (0xff9ff06f) j       pc - 0x8
core   0: 3 0x80009d60 (0xff9ff06f)
core   0: 0x80009d58 (0x00006f17) auipc   t5, 0x6
core   0: 3 0x80009d58 (0x00006f17) x30 0x8000fd58
core   0: 0x80009d5c (0x2a3f2423) sw      gp, 680(t5)
core   0: 3 0x80009d5c (0x2a3f2423) mem 0x80010000 0x00000001
core   0: 0x80009d60 (0xff9ff06f) j       pc - 0x8
core   0: 3 0x80009d60 (0xff9ff06f)
core   0: 0x80009d58 (0x00006f17) auipc   t5, 0x6
core   0: 3 0x80009d58 (0x00006f17) x30 0x8000fd58
core   0: 0x80009d5c (0x2a3f2423) sw      gp, 680(t5)
core   0: 3 0x80009d5c (0x2a3f2423) mem 0x80010000 0x00000001
core   0: 0x80009d60 (0xff9ff06f) j       pc - 0x8
core   0: 3 0x80009d60 (0xff9ff06f)
core   0: 0x80009d58 (0x00006f17) auipc   t5, 0x6
core   0: 3 0x80009d58 (0x00006f17) x30 0x8000fd58
core   0: 0x80009d5c (0x2a3f2423) sw      gp, 680(t5)
core   0: 3 0x80009d5c (0x2a3f2423) mem 0x80010000 0x00000001
core   0: 0x80009d60 (0xff9ff06f) j       pc - 0x8
core   0: 3 0x80009d60 (0xff9ff06f)
core   0: 0x80009d58 (0x00006f17) auipc   t5, 0x6
core   0: 3 0x80009d58 (0x00006f17) x30 0x8000fd58
core   0: 0x80009d5c (0x2a3f2423) sw      gp, 680(t5)
core   0: 3 0x80009d5c (0x2a3f2423) mem 0x80010000 0x00000001
core   0: 0x80009d60 (0xff9ff06f) j       pc - 0x8
core   0: 3 0x80009d60 (0xff9ff06f)
core   0: 0x80009d58 (0x00006f17) auipc   t5, 0x6
core   0: 3 0x80009d58 (0x00006f17) x30 0x8000fd58
core   0: 0x80009d5c (0x2a3f2423) sw      gp, 680(t5)
core   0: 3 0x80009d5c (0x2a3f2423) mem 0x80010000 0x00000001
core   0: 0x80009d60 (0xff9ff06f) j       pc - 0x8
core   0: 3 0x80009d60 (0xff9ff06f)
core   0: 0x80009d58 (0x00006f17) auipc   t5, 0x6
core   0: 3 0x80009d58 (0x00006f17) x30 0x8000fd58
core   0: 0x80009d5c (0x2a3f2423) sw      gp, 680(t5)
core   0: 3 0x80009d5c (0x2a3f2423) mem 0x80010000 0x00000001
core   0: 0x80009d60 (0xff9ff06f) j       pc - 0x8
core   0: 3 0x80009d60 (0xff9ff06f)
core   0: 0x80009d58 (0x00006f17) auipc   t5, 0x6
core   0: 3 0x80009d58 (0x00006f17) x30 0x8000fd58
core   0: 0x80009d5c (0x2a3f2423) sw      gp, 680(t5)
core   0: 3 0x80009d5c (0x2a3f2423) mem 0x80010000 0x00000001
core   0: 0x80009d60 (0xff9ff06f) j       pc - 0x8
core   0: 3 0x80009d60 (0xff9ff06f)
core   0: 0x80009d58 (0x00006f17) auipc   t5, 0x6
core   0: 3 0x80009d58 (0x00006f17) x30 0x8000fd58
core   0: 0x80009d5c (0x2a3f2423) sw      gp, 680(t5)
core   0: 3 0x80009d5c (0x2a3f2423) mem 0x80010000 0x00000001
core   0: 0x80009d60 (0xff9ff06f) j       pc - 0x8
core   0: 3 0x80009d60 (0xff9ff06f)
core   0: 0x80009d58 (0x00006f17) auipc   t5, 0x6
core   0: 3 0x80009d58 (0x00006f17) x30 0x8000fd58
core   0: 0x80009d5c (0x2a3f2423) sw      gp, 680(t5)
core   0: 3 0x80009d5c (0x2a3f2423) mem 0x80010000 0x00000001
core   0: 0x80009d60 (0xff9ff06f) j       pc - 0x8
core   0: 3 0x80009d60 (0xff9ff06f)
core   0: 0x80009d58 (0x00006f17) auipc   t5, 0x6
core   0: 3 0x80009d58 (0x00006f17) x30 0x8000fd58
core   0: 0x80009d5c (0x2a3f2423) sw      gp, 680(t5)
core   0: 3 0x80009d5c (0x2a3f2423) mem 0x80010000 0x00000001
core   0: 0x80009d60 (0xff9ff06f) j       pc - 0x8
core   0: 3 0x80009d60 (0xff9ff06f)
core   0: 0x80009d58 (0x00006f17) auipc   t5, 0x6
core   0: 3 0x80009d58 (0x00006f17) x30 0x8000fd58
core   0: 0x80009d5c (0x2a3f2423) sw      gp, 680(t5)
core   0: 3 0x80009d5c (0x2a3f2423) mem 0x80010000 0x00000001
core   0: 0x80009d60 (0xff9ff06f) j       pc - 0x8
core   0: 3 0x80009d60 (0xff9ff06f)
core   0: 0x80009d58 (0x00006f17) auipc   t5, 0x6
core   0: 3 0x80009d58 (0x00006f17) x30 0x8000fd58
core   0: 0x80009d5c (0x2a3f2423) sw      gp, 680(t5)
core   0: 3 0x80009d5c (0x2a3f2423) mem 0x80010000 0x00000001
core   0: 0x80009d60 (0xff9ff06f) j       pc - 0x8
core   0: 3 0x80009d60 (0xff9ff06f)
core   0: 0x80009d58 (0x00006f17) auipc   t5, 0x6
core   0: 3 0x80009d58 (0x00006f17) x30 0x8000fd58
core   0: 0x80009d5c (0x2a3f2423) sw      gp, 680(t5)
core   0: 3 0x80009d5c (0x2a3f2423) mem 0x80010000 0x00000001
core   0: 0x80009d60 (0xff9ff06f) j       pc - 0x8
core   0: 3 0x80009d60 (0xff9ff06f)
core   0: 0x80009d58 (0x00006f17) auipc   t5, 0x6
core   0: 3 0x80009d58 (0x00006f17) x30 0x8000fd58
core   0: 0x80009d5c (0x2a3f2423) sw      gp, 680(t5)
core   0: 3 0x80009d5c (0x2a3f2423) mem 0x80010000 0x00000001
core   0: 0x80009d60 (0xff9ff06f) j       pc - 0x8
core   0: 3 0x80009d60 (0xff9ff06f)
core   0: 0x80009d58 (0x00006f17) auipc   t5, 0x6
core   0: 3 0x80009d58 (0x00006f17) x30 0x8000fd58
core   0: 0x80009d5c (0x2a3f2423) sw      gp, 680(t5)
core   0: 3 0x80009d5c (0x2a3f2423) mem 0x80010000 0x00000001
core   0: 0x80009d60 (0xff9ff06f) j       pc - 0x8
core   0: 3 0x80009d60 (0xff9ff06f)
core   0: 0x80009d58 (0x00006f17) auipc   t5, 0x6
core   0: 3 0x80009d58 (0x00006f17) x30 0x8000fd58
core   0: 0x80009d5c (0x2a3f2423) sw      gp, 680(t5)
core   0: 3 0x80009d5c (0x2a3f2423) mem 0x80010000 0x00000001
core   0: 0x80009d60 (0xff9ff06f) j       pc - 0x8
core   0: 3 0x80009d60 (0xff9ff06f)
core   0: 0x80009d58 (0x00006f17) auipc   t5, 0x6
core   0: 3 0x80009d58 (0x00006f17) x30 0x8000fd58
core   0: 0x80009d5c (0x2a3f2423) sw      gp, 680(t5)
core   0: 3 0x80009d5c (0x2a3f2423) mem 0x80010000 0x00000001
core   0: 0x80009d60 (0xff9ff06f) j       pc - 0x8
core   0: 3 0x80009d60 (0xff9ff06f)
core   0: 0x80009d58 (0x00006f17) auipc   t5, 0x6
core   0: 3 0x80009d58 (0x00006f17) x30 0x8000fd58
core   0: 0x80009d5c (0x2a3f2423) sw      gp, 680(t5)
core   0: 3 0x80009d5c (0x2a3f2423) mem 0x80010000 0x00000001
core   0: 0x80009d60 (0xff9ff06f) j       pc - 0x8
core   0: 3 0x80009d60 (0xff9ff06f)
core   0: 0x80009d58 (0x00006f17) auipc   t5, 0x6
core   0: 3 0x80009d58 (0x00006f17) x30 0x8000fd58
core   0: 0x80009d5c (0x2a3f2423) sw      gp, 680(t5)
core   0: 3 0x80009d5c (0x2a3f2423) mem 0x80010000 0x00000001
core   0: 0x80009d60 (0xff9ff06f) j       pc - 0x8
core   0: 3 0x80009d60 (0xff9ff06f)
core   0: 0x80009d58 (0x00006f17) auipc   t5, 0x6
core   0: 3 0x80009d58 (0x00006f17) x30 0x8000fd58
core   0: 0x80009d5c (0x2a3f2423) sw      gp, 680(t5)
core   0: 3 0x80009d5c (0x2a3f2423) mem 0x80010000 0x00000001
core   0: 0x80009d60 (0xff9ff06f) j       pc - 0x8
core   0: 3 0x80009d60 (0xff9ff06f)
core   0: 0x80009d58 (0x00006f17) auipc   t5, 0x6
core   0: 3 0x80009d58 (0x00006f17) x30 0x8000fd58
core   0: 0x80009d5c (0x2a3f2423) sw      gp, 680(t5)
core   0: 3 0x80009d5c (0x2a3f2423) mem 0x80010000 0x00000001
core   0: 0x80009d60 (0xff9ff06f) j       pc - 0x8
core   0: 3 0x80009d60 (0xff9ff06f)
core   0: 0x80009d58 (0x00006f17) auipc   t5, 0x6
core   0: 3 0x80009d58 (0x00006f17) x30 0x8000fd58
core   0: 0x80009d5c (0x2a3f2423) sw      gp, 680(t5)
core   0: 3 0x80009d5c (0x2a3f2423) mem 0x80010000 0x00000001
core   0: 0x80009d60 (0xff9ff06f) j       pc - 0x8
core   0: 3 0x80009d60 (0xff9ff06f)
core   0: 0x80009d58 (0x00006f17) auipc   t5, 0x6
core   0: 3 0x80009d58 (0x00006f17) x30 0x8000fd58
core   0: 0x80009d5c (0x2a3f2423) sw      gp, 680(t5)
core   0: 3 0x80009d5c (0x2a3f2423) mem 0x80010000 0x00000001
core   0: 0x80009d60 (0xff9ff06f) j       pc - 0x8
core   0: 3 0x80009d60 (0xff9ff06f)
core   0: 0x80009d58 (0x00006f17) auipc   t5, 0x6
core   0: 3 0x80009d58 (0x00006f17) x30 0x8000fd58
core   0: 0x80009d5c (0x2a3f2423) sw      gp, 680(t5)
core   0: 3 0x80009d5c (0x2a3f2423) mem 0x80010000 0x00000001
core   0: 0x80009d60 (0xff9ff06f) j       pc - 0x8
core   0: 3 0x80009d60 (0xff9ff06f)
core   0: 0x80009d58 (0x00006f17) auipc   t5, 0x6
core   0: 3 0x80009d58 (0x00006f17) x30 0x8000fd58
core   0: 0x80009d5c (0x2a3f2423) sw      gp, 680(t5)
core   0: 3 0x80009d5c (0x2a3f2423) mem 0x80010000 0x00000001
core   0: 0x80009d60 (0xff9ff06f) j       pc - 0x8
core   0: 3 0x80009d60 (0xff9ff06f)
core   0: 0x80009d58 (0x00006f17) auipc   t5, 0x6
core   0: 3 0x80009d58 (0x00006f17) x30 0x8000fd58
core   0: 0x80009d5c (0x2a3f2423) sw      gp, 680(t5)
core   0: 3 0x80009d5c (0x2a3f2423) mem 0x80010000 0x00000001
core   0: 0x80009d60 (0xff9ff06f) j       pc - 0x8
core   0: 3 0x80009d60 (0xff9ff06f)
core   0: 0x80009d58 (0x00006f17) auipc   t5, 0x6
core   0: 3 0x80009d58 (0x00006f17) x30 0x8000fd58
core   0: 0x80009d5c (0x2a3f2423) sw      gp, 680(t5)
core   0: 3 0x80009d5c (0x2a3f2423) mem 0x80010000 0x00000001
core   0: 0x80009d60 (0xff9ff06f) j       pc - 0x8
core   0: 3 0x80009d60 (0xff9ff06f)
core   0: 0x80009d58 (0x00006f17) auipc   t5, 0x6
core   0: 3 0x80009d58 (0x00006f17) x30 0x8000fd58
core   0: 0x80009d5c (0x2a3f2423) sw      gp, 680(t5)
core   0: 3 0x80009d5c (0x2a3f2423) mem 0x80010000 0x00000001
core   0: 0x80009d60 (0xff9ff06f) j       pc - 0x8
core   0: 3 0x80009d60 (0xff9ff06f)
core   0: 0x80009d58 (0x00006f17) auipc   t5, 0x6
core   0: 3 0x80009d58 (0x00006f17) x30 0x8000fd58
core   0: 0x80009d5c (0x2a3f2423) sw      gp, 680(t5)
core   0: 3 0x80009d5c (0x2a3f2423) mem 0x80010000 0x00000001
core   0: 0x80009d60 (0xff9ff06f) j       pc - 0x8
core   0: 3 0x80009d60 (0xff9ff06f)
core   0: 0x80009d58 (0x00006f17) auipc   t5, 0x6
core   0: 3 0x80009d58 (0x00006f17) x30 0x8000fd58
core   0: 0x80009d5c (0x2a3f2423) sw      gp, 680(t5)
core   0: 3 0x80009d5c (0x2a3f2423) mem 0x80010000 0x00000001
core   0: 0x80009d60 (0xff9ff06f) j       pc - 0x8
core   0: 3 0x80009d60 (0xff9ff06f)
core   0: 0x80009d58 (0x00006f17) auipc   t5, 0x6
core   0: 3 0x80009d58 (0x00006f17) x30 0x8000fd58
core   0: 0x80009d5c (0x2a3f2423) sw      gp, 680(t5)
core   0: 3 0x80009d5c (0x2a3f2423) mem 0x80010000 0x00000001
core   0: 0x80009d60 (0xff9ff06f) j       pc - 0x8
core   0: 3 0x80009d60 (0xff9ff06f)
core   0: 0x80009d58 (0x00006f17) auipc   t5, 0x6
core   0: 3 0x80009d58 (0x00006f17) x30 0x8000fd58
core   0: 0x80009d5c (0x2a3f2423) sw      gp, 680(t5)
core   0: 3 0x80009d5c (0x2a3f2423) mem 0x80010000 0x00000001
core   0: 0x80009d60 (0xff9ff06f) j       pc - 0x8
core   0: 3 0x80009d60 (0xff9ff06f)
core   0: 0x80009d58 (0x00006f17) auipc   t5, 0x6
core   0: 3 0x80009d58 (0x00006f17) x30 0x8000fd58
core   0: 0x80009d5c (0x2a3f2423) sw      gp, 680(t5)
core   0: 3 0x80009d5c (0x2a3f2423) mem 0x80010000 0x00000001
core   0: 0x80009d60 (0xff9ff06f) j       pc - 0x8
core   0: 3 0x80009d60 (0xff9ff06f)
core   0: 0x80009d58 (0x00006f17) auipc   t5, 0x6
core   0: 3 0x80009d58 (0x00006f17) x30 0x8000fd58
core   0: 0x80009d5c (0x2a3f2423) sw      gp, 680(t5)
core   0: 3 0x80009d5c (0x2a3f2423) mem 0x80010000 0x00000001
core   0: 0x80009d60 (0xff9ff06f) j       pc - 0x8
core   0: 3 0x80009d60 (0xff9ff06f)
core   0: 0x80009d58 (0x00006f17) auipc   t5, 0x6
core   0: 3 0x80009d58 (0x00006f17) x30 0x8000fd58
core   0: 0x80009d5c (0x2a3f2423) sw      gp, 680(t5)
core   0: 3 0x80009d5c (0x2a3f2423) mem 0x80010000 0x00000001
core   0: 0x80009d60 (0xff9ff06f) j       pc - 0x8
core   0: 3 0x80009d60 (0xff9ff06f)
core   0: 0x80009d58 (0x00006f17) auipc   t5, 0x6
core   0: 3 0x80009d58 (0x00006f17) x30 0x8000fd58
core   0: 0x80009d5c (0x2a3f2423) sw      gp, 680(t5)
core   0: 3 0x80009d5c (0x2a3f2423) mem 0x80010000 0x00000001
core   0: 0x80009d60 (0xff9ff06f) j       pc - 0x8
core   0: 3 0x80009d60 (0xff9ff06f)
core   0: 0x80009d58 (0x00006f17) auipc   t5, 0x6
core   0: 3 0x80009d58 (0x00006f17) x30 0x8000fd58
core   0: 0x80009d5c (0x2a3f2423) sw      gp, 680(t5)
core   0: 3 0x80009d5c (0x2a3f2423) mem 0x80010000 0x00000001
core   0: 0x80009d60 (0xff9ff06f) j       pc - 0x8
core   0: 3 0x80009d60 (0xff9ff06f)
core   0: 0x80009d58 (0x00006f17) auipc   t5, 0x6
core   0: 3 0x80009d58 (0x00006f17) x30 0x8000fd58
core   0: 0x80009d5c (0x2a3f2423) sw      gp, 680(t5)
core   0: 3 0x80009d5c (0x2a3f2423) mem 0x80010000 0x00000001
core   0: 0x80009d60 (0xff9ff06f) j       pc - 0x8
core   0: 3 0x80009d60 (0xff9ff06f)
core   0: 0x80009d58 (0x00006f17) auipc   t5, 0x6
core   0: 3 0x80009d58 (0x00006f17) x30 0x8000fd58
core   0: 0x80009d5c (0x2a3f2423) sw      gp, 680(t5)
core   0: 3 0x80009d5c (0x2a3f2423) mem 0x80010000 0x00000001
core   0: 0x80009d60 (0xff9ff06f) j       pc - 0x8
core   0: 3 0x80009d60 (0xff9ff06f)
core   0: 0x80009d58 (0x00006f17) auipc   t5, 0x6
core   0: 3 0x80009d58 (0x00006f17) x30 0x8000fd58
core   0: 0x80009d5c (0x2a3f2423) sw      gp, 680(t5)
core   0: 3 0x80009d5c (0x2a3f2423) mem 0x80010000 0x00000001
core   0: 0x80009d60 (0xff9ff06f) j       pc - 0x8
core   0: 3 0x80009d60 (0xff9ff06f)
core   0: 0x80009d58 (0x00006f17) auipc   t5, 0x6
core   0: 3 0x80009d58 (0x00006f17) x30 0x8000fd58
core   0: 0x80009d5c (0x2a3f2423) sw      gp, 680(t5)
core   0: 3 0x80009d5c (0x2a3f2423) mem 0x80010000 0x00000001
core   0: 0x80009d60 (0xff9ff06f) j       pc - 0x8
core   0: 3 0x80009d60 (0xff9ff06f)
core   0: 0x80009d58 (0x00006f17) auipc   t5, 0x6
core   0: 3 0x80009d58 (0x00006f17) x30 0x8000fd58
core   0: 0x80009d5c (0x2a3f2423) sw      gp, 680(t5)
core   0: 3 0x80009d5c (0x2a3f2423) mem 0x80010000 0x00000001
core   0: 0x80009d60 (0xff9ff06f) j       pc - 0x8
core   0: 3 0x80009d60 (0xff9ff06f)
core   0: 0x80009d58 (0x00006f17) auipc   t5, 0x6
core   0: 3 0x80009d58 (0x00006f17) x30 0x8000fd58
core   0: 0x80009d5c (0x2a3f2423) sw      gp, 680(t5)
core   0: 3 0x80009d5c (0x2a3f2423) mem 0x80010000 0x00000001
core   0: 0x80009d60 (0xff9ff06f) j       pc - 0x8
core   0: 3 0x80009d60 (0xff9ff06f)
core   0: 0x80009d58 (0x00006f17) auipc   t5, 0x6
core   0: 3 0x80009d58 (0x00006f17) x30 0x8000fd58
core   0: 0x80009d5c (0x2a3f2423) sw      gp, 680(t5)
core   0: 3 0x80009d5c (0x2a3f2423) mem 0x80010000 0x00000001
core   0: 0x80009d60 (0xff9ff06f) j       pc - 0x8
core   0: 3 0x80009d60 (0xff9ff06f)
core   0: 0x80009d58 (0x00006f17) auipc   t5, 0x6
core   0: 3 0x80009d58 (0x00006f17) x30 0x8000fd58
core   0: 0x80009d5c (0x2a3f2423) sw      gp, 680(t5)
core   0: 3 0x80009d5c (0x2a3f2423) mem 0x80010000 0x00000001
core   0: 0x80009d60 (0xff9ff06f) j       pc - 0x8
core   0: 3 0x80009d60 (0xff9ff06f)
core   0: 0x80009d58 (0x00006f17) auipc   t5, 0x6
core   0: 3 0x80009d58 (0x00006f17) x30 0x8000fd58
core   0: 0x80009d5c (0x2a3f2423) sw      gp, 680(t5)
core   0: 3 0x80009d5c (0x2a3f2423) mem 0x80010000 0x00000001
core   0: 0x80009d60 (0xff9ff06f) j       pc - 0x8
core   0: 3 0x80009d60 (0xff9ff06f)
core   0: 0x80009d58 (0x00006f17) auipc   t5, 0x6
core   0: 3 0x80009d58 (0x00006f17) x30 0x8000fd58
core   0: 0x80009d5c (0x2a3f2423) sw      gp, 680(t5)
core   0: 3 0x80009d5c (0x2a3f2423) mem 0x80010000 0x00000001
core   0: 0x80009d60 (0xff9ff06f) j       pc - 0x8
core   0: 3 0x80009d60 (0xff9ff06f)
core   0: 0x80009d58 (0x00006f17) auipc   t5, 0x6
core   0: 3 0x80009d58 (0x00006f17) x30 0x8000fd58
core   0: 0x80009d5c (0x2a3f2423) sw      gp, 680(t5)
core   0: 3 0x80009d5c (0x2a3f2423) mem 0x80010000 0x00000001
core   0: 0x80009d60 (0xff9ff06f) j       pc - 0x8
core   0: 3 0x80009d60 (0xff9ff06f)
core   0: 0x80009d58 (0x00006f17) auipc   t5, 0x6
core   0: 3 0x80009d58 (0x00006f17) x30 0x8000fd58
core   0: 0x80009d5c (0x2a3f2423) sw      gp, 680(t5)
core   0: 3 0x80009d5c (0x2a3f2423) mem 0x80010000 0x00000001
core   0: 0x80009d60 (0xff9ff06f) j       pc - 0x8
core   0: 3 0x80009d60 (0xff9ff06f)
core   0: 0x80009d58 (0x00006f17) auipc   t5, 0x6
core   0: 3 0x80009d58 (0x00006f17) x30 0x8000fd58
core   0: 0x80009d5c (0x2a3f2423) sw      gp, 680(t5)
core   0: 3 0x80009d5c (0x2a3f2423) mem 0x80010000 0x00000001
core   0: 0x80009d60 (0xff9ff06f) j       pc - 0x8
core   0: 3 0x80009d60 (0xff9ff06f)
core   0: 0x80009d58 (0x00006f17) auipc   t5, 0x6
core   0: 3 0x80009d58 (0x00006f17) x30 0x8000fd58
core   0: 0x80009d5c (0x2a3f2423) sw      gp, 680(t5)
core   0: 3 0x80009d5c (0x2a3f2423) mem 0x80010000 0x00000001
core   0: 0x80009d60 (0xff9ff06f) j       pc - 0x8
core   0: 3 0x80009d60 (0xff9ff06f)
core   0: 0x80009d58 (0x00006f17) auipc   t5, 0x6
core   0: 3 0x80009d58 (0x00006f17) x30 0x8000fd58
core   0: 0x80009d5c (0x2a3f2423) sw      gp, 680(t5)
core   0: 3 0x80009d5c (0x2a3f2423) mem 0x80010000 0x00000001
core   0: 0x80009d60 (0xff9ff06f) j       pc - 0x8
core   0: 3 0x80009d60 (0xff9ff06f)
core   0: 0x80009d58 (0x00006f17) auipc   t5, 0x6
core   0: 3 0x80009d58 (0x00006f17) x30 0x8000fd58
core   0: 0x80009d5c (0x2a3f2423) sw      gp, 680(t5)
core   0: 3 0x80009d5c (0x2a3f2423) mem 0x80010000 0x00000001
core   0: 0x80009d60 (0xff9ff06f) j       pc - 0x8
core   0: 3 0x80009d60 (0xff9ff06f)
core   0: 0x80009d58 (0x00006f17) auipc   t5, 0x6
core   0: 3 0x80009d58 (0x00006f17) x30 0x8000fd58
core   0: 0x80009d5c (0x2a3f2423) sw      gp, 680(t5)
core   0: 3 0x80009d5c (0x2a3f2423) mem 0x80010000 0x00000001
core   0: 0x80009d60 (0xff9ff06f) j       pc - 0x8
core   0: 3 0x80009d60 (0xff9ff06f)
core   0: 0x80009d58 (0x00006f17) auipc   t5, 0x6
core   0: 3 0x80009d58 (0x00006f17) x30 0x8000fd58
core   0: 0x80009d5c (0x2a3f2423) sw      gp, 680(t5)
core   0: 3 0x80009d5c (0x2a3f2423) mem 0x80010000 0x00000001
core   0: 0x80009d60 (0xff9ff06f) j       pc - 0x8
core   0: 3 0x80009d60 (0xff9ff06f)
core   0: 0x80009d58 (0x00006f17) auipc   t5, 0x6
core   0: 3 0x80009d58 (0x00006f17) x30 0x8000fd58
core   0: 0x80009d5c (0x2a3f2423) sw      gp, 680(t5)
core   0: 3 0x80009d5c (0x2a3f2423) mem 0x80010000 0x00000001
core   0: 0x80009d60 (0xff9ff06f) j       pc - 0x8
core   0: 3 0x80009d60 (0xff9ff06f)
core   0: 0x80009d58 (0x00006f17) auipc   t5, 0x6
core   0: 3 0x80009d58 (0x00006f17) x30 0x8000fd58
core   0: 0x80009d5c (0x2a3f2423) sw      gp, 680(t5)
core   0: 3 0x80009d5c (0x2a3f2423) mem 0x80010000 0x00000001
core   0: 0x80009d60 (0xff9ff06f) j       pc - 0x8
core   0: 3 0x80009d60 (0xff9ff06f)
core   0: 0x80009d58 (0x00006f17) auipc   t5, 0x6
core   0: 3 0x80009d58 (0x00006f17) x30 0x8000fd58
core   0: 0x80009d5c (0x2a3f2423) sw      gp, 680(t5)
core   0: 3 0x80009d5c (0x2a3f2423) mem 0x80010000 0x00000001
core   0: 0x80009d60 (0xff9ff06f) j       pc - 0x8
core   0: 3 0x80009d60 (0xff9ff06f)
core   0: 0x80009d58 (0x00006f17) auipc   t5, 0x6
core   0: 3 0x80009d58 (0x00006f17) x30 0x8000fd58
core   0: 0x80009d5c (0x2a3f2423) sw      gp, 680(t5)
core   0: 3 0x80009d5c (0x2a3f2423) mem 0x80010000 0x00000001
core   0: 0x80009d60 (0xff9ff06f) j       pc - 0x8
core   0: 3 0x80009d60 (0xff9ff06f)
core   0: 0x80009d58 (0x00006f17) auipc   t5, 0x6
core   0: 3 0x80009d58 (0x00006f17) x30 0x8000fd58
core   0: 0x80009d5c (0x2a3f2423) sw      gp, 680(t5)
core   0: 3 0x80009d5c (0x2a3f2423) mem 0x80010000 0x00000001
core   0: 0x80009d60 (0xff9ff06f) j       pc - 0x8
core   0: 3 0x80009d60 (0xff9ff06f)
core   0: 0x80009d58 (0x00006f17) auipc   t5, 0x6
core   0: 3 0x80009d58 (0x00006f17) x30 0x8000fd58
core   0: 0x80009d5c (0x2a3f2423) sw      gp, 680(t5)
core   0: 3 0x80009d5c (0x2a3f2423) mem 0x80010000 0x00000001
core   0: 0x80009d60 (0xff9ff06f) j       pc - 0x8
core   0: 3 0x80009d60 (0xff9ff06f)
core   0: 0x80009d58 (0x00006f17) auipc   t5, 0x6
core   0: 3 0x80009d58 (0x00006f17) x30 0x8000fd58
core   0: 0x80009d5c (0x2a3f2423) sw      gp, 680(t5)
core   0: 3 0x80009d5c (0x2a3f2423) mem 0x80010000 0x00000001
core   0: 0x80009d60 (0xff9ff06f) j       pc - 0x8
core   0: 3 0x80009d60 (0xff9ff06f)
core   0: 0x80009d58 (0x00006f17) auipc   t5, 0x6
core   0: 3 0x80009d58 (0x00006f17) x30 0x8000fd58
core   0: 0x80009d5c (0x2a3f2423) sw      gp, 680(t5)
core   0: 3 0x80009d5c (0x2a3f2423) mem 0x80010000 0x00000001
core   0: 0x80009d60 (0xff9ff06f) j       pc - 0x8
core   0: 3 0x80009d60 (0xff9ff06f)
core   0: 0x80009d58 (0x00006f17) auipc   t5, 0x6
core   0: 3 0x80009d58 (0x00006f17) x30 0x8000fd58
core   0: 0x80009d5c (0x2a3f2423) sw      gp, 680(t5)
core   0: 3 0x80009d5c (0x2a3f2423) mem 0x80010000 0x00000001
core   0: 0x80009d60 (0xff9ff06f) j       pc - 0x8
core   0: 3 0x80009d60 (0xff9ff06f)
core   0: 0x80009d58 (0x00006f17) auipc   t5, 0x6
core   0: 3 0x80009d58 (0x00006f17) x30 0x8000fd58
core   0: 0x80009d5c (0x2a3f2423) sw      gp, 680(t5)
core   0: 3 0x80009d5c (0x2a3f2423) mem 0x80010000 0x00000001
core   0: 0x80009d60 (0xff9ff06f) j       pc - 0x8
core   0: 3 0x80009d60 (0xff9ff06f)
core   0: 0x80009d58 (0x00006f17) auipc   t5, 0x6
core   0: 3 0x80009d58 (0x00006f17) x30 0x8000fd58
core   0: 0x80009d5c (0x2a3f2423) sw      gp, 680(t5)
core   0: 3 0x80009d5c (0x2a3f2423) mem 0x80010000 0x00000001
core   0: 0x80009d60 (0xff9ff06f) j       pc - 0x8
core   0: 3 0x80009d60 (0xff9ff06f)
core   0: 0x80009d58 (0x00006f17) auipc   t5, 0x6
core   0: 3 0x80009d58 (0x00006f17) x30 0x8000fd58
core   0: 0x80009d5c (0x2a3f2423) sw      gp, 680(t5)
core   0: 3 0x80009d5c (0x2a3f2423) mem 0x80010000 0x00000001
core   0: 0x80009d60 (0xff9ff06f) j       pc - 0x8
core   0: 3 0x80009d60 (0xff9ff06f)
core   0: 0x80009d58 (0x00006f17) auipc   t5, 0x6
core   0: 3 0x80009d58 (0x00006f17) x30 0x8000fd58
core   0: 0x80009d5c (0x2a3f2423) sw      gp, 680(t5)
core   0: 3 0x80009d5c (0x2a3f2423) mem 0x80010000 0x00000001
core   0: 0x80009d60 (0xff9ff06f) j       pc - 0x8
core   0: 3 0x80009d60 (0xff9ff06f)
core   0: 0x80009d58 (0x00006f17) auipc   t5, 0x6
core   0: 3 0x80009d58 (0x00006f17) x30 0x8000fd58
core   0: 0x80009d5c (0x2a3f2423) sw      gp, 680(t5)
core   0: 3 0x80009d5c (0x2a3f2423) mem 0x80010000 0x00000001
core   0: 0x80009d60 (0xff9ff06f) j       pc - 0x8
core   0: 3 0x80009d60 (0xff9ff06f)
core   0: 0x80009d58 (0x00006f17) auipc   t5, 0x6
core   0: 3 0x80009d58 (0x00006f17) x30 0x8000fd58
core   0: 0x80009d5c (0x2a3f2423) sw      gp, 680(t5)
core   0: 3 0x80009d5c (0x2a3f2423) mem 0x80010000 0x00000001
core   0: 0x80009d60 (0xff9ff06f) j       pc - 0x8
core   0: 3 0x80009d60 (0xff9ff06f)
core   0: 0x80009d58 (0x00006f17) auipc   t5, 0x6
core   0: 3 0x80009d58 (0x00006f17) x30 0x8000fd58
core   0: 0x80009d5c (0x2a3f2423) sw      gp, 680(t5)
core   0: 3 0x80009d5c (0x2a3f2423) mem 0x80010000 0x00000001
core   0: 0x80009d60 (0xff9ff06f) j       pc - 0x8
core   0: 3 0x80009d60 (0xff9ff06f)
core   0: 0x80009d58 (0x00006f17) auipc   t5, 0x6
core   0: 3 0x80009d58 (0x00006f17) x30 0x8000fd58
core   0: 0x80009d5c (0x2a3f2423) sw      gp, 680(t5)
core   0: 3 0x80009d5c (0x2a3f2423) mem 0x80010000 0x00000001
core   0: 0x80009d60 (0xff9ff06f) j       pc - 0x8
core   0: 3 0x80009d60 (0xff9ff06f)
core   0: 0x80009d58 (0x00006f17) auipc   t5, 0x6
core   0: 3 0x80009d58 (0x00006f17) x30 0x8000fd58
core   0: 0x80009d5c (0x2a3f2423) sw      gp, 680(t5)
core   0: 3 0x80009d5c (0x2a3f2423) mem 0x80010000 0x00000001
core   0: 0x80009d60 (0xff9ff06f) j       pc - 0x8
core   0: 3 0x80009d60 (0xff9ff06f)
core   0: 0x80009d58 (0x00006f17) auipc   t5, 0x6
core   0: 3 0x80009d58 (0x00006f17) x30 0x8000fd58
core   0: 0x80009d5c (0x2a3f2423) sw      gp, 680(t5)
core   0: 3 0x80009d5c (0x2a3f2423) mem 0x80010000 0x00000001
core   0: 0x80009d60 (0xff9ff06f) j       pc - 0x8
core   0: 3 0x80009d60 (0xff9ff06f)
core   0: 0x80009d58 (0x00006f17) auipc   t5, 0x6
core   0: 3 0x80009d58 (0x00006f17) x30 0x8000fd58
core   0: 0x80009d5c (0x2a3f2423) sw      gp, 680(t5)
core   0: 3 0x80009d5c (0x2a3f2423) mem 0x80010000 0x00000001
core   0: 0x80009d60 (0xff9ff06f) j       pc - 0x8
core   0: 3 0x80009d60 (0xff9ff06f)
core   0: 0x80009d58 (0x00006f17) auipc   t5, 0x6
core   0: 3 0x80009d58 (0x00006f17) x30 0x8000fd58
core   0: 0x80009d5c (0x2a3f2423) sw      gp, 680(t5)
core   0: 3 0x80009d5c (0x2a3f2423) mem 0x80010000 0x00000001
core   0: 0x80009d60 (0xff9ff06f) j       pc - 0x8
core   0: 3 0x80009d60 (0xff9ff06f)
core   0: 0x80009d58 (0x00006f17) auipc   t5, 0x6
core   0: 3 0x80009d58 (0x00006f17) x30 0x8000fd58
core   0: 0x80009d5c (0x2a3f2423) sw      gp, 680(t5)
core   0: 3 0x80009d5c (0x2a3f2423) mem 0x80010000 0x00000001
core   0: 0x80009d60 (0xff9ff06f) j       pc - 0x8
core   0: 3 0x80009d60 (0xff9ff06f)
core   0: 0x80009d58 (0x00006f17) auipc   t5, 0x6
core   0: 3 0x80009d58 (0x00006f17) x30 0x8000fd58
core   0: 0x80009d5c (0x2a3f2423) sw      gp, 680(t5)
core   0: 3 0x80009d5c (0x2a3f2423) mem 0x80010000 0x00000001
core   0: 0x80009d60 (0xff9ff06f) j       pc - 0x8
core   0: 3 0x80009d60 (0xff9ff06f)
core   0: 0x80009d58 (0x00006f17) auipc   t5, 0x6
core   0: 3 0x80009d58 (0x00006f17) x30 0x8000fd58
core   0: 0x80009d5c (0x2a3f2423) sw      gp, 680(t5)
core   0: 3 0x80009d5c (0x2a3f2423) mem 0x80010000 0x00000001
core   0: 0x80009d60 (0xff9ff06f) j       pc - 0x8
core   0: 3 0x80009d60 (0xff9ff06f)
core   0: 0x80009d58 (0x00006f17) auipc   t5, 0x6
core   0: 3 0x80009d58 (0x00006f17) x30 0x8000fd58
core   0: 0x80009d5c (0x2a3f2423) sw      gp, 680(t5)
core   0: 3 0x80009d5c (0x2a3f2423) mem 0x80010000 0x00000001
core   0: 0x80009d60 (0xff9ff06f) j       pc - 0x8
core   0: 3 0x80009d60 (0xff9ff06f)
core   0: 0x80009d58 (0x00006f17) auipc   t5, 0x6
core   0: 3 0x80009d58 (0x00006f17) x30 0x8000fd58
core   0: 0x80009d5c (0x2a3f2423) sw      gp, 680(t5)
core   0: 3 0x80009d5c (0x2a3f2423) mem 0x80010000 0x00000001
core   0: 0x80009d60 (0xff9ff06f) j       pc - 0x8
core   0: 3 0x80009d60 (0xff9ff06f)
core   0: 0x80009d58 (0x00006f17) auipc   t5, 0x6
core   0: 3 0x80009d58 (0x00006f17) x30 0x8000fd58
core   0: 0x80009d5c (0x2a3f2423) sw      gp, 680(t5)
core   0: 3 0x80009d5c (0x2a3f2423) mem 0x80010000 0x00000001
core   0: 0x80009d60 (0xff9ff06f) j       pc - 0x8
core   0: 3 0x80009d60 (0xff9ff06f)
core   0: 0x80009d58 (0x00006f17) auipc   t5, 0x6
core   0: 3 0x80009d58 (0x00006f17) x30 0x8000fd58
core   0: 0x80009d5c (0x2a3f2423) sw      gp, 680(t5)
core   0: 3 0x80009d5c (0x2a3f2423) mem 0x80010000 0x00000001
core   0: 0x80009d60 (0xff9ff06f) j       pc - 0x8
core   0: 3 0x80009d60 (0xff9ff06f)
core   0: 0x80009d58 (0x00006f17) auipc   t5, 0x6
core   0: 3 0x80009d58 (0x00006f17) x30 0x8000fd58
core   0: 0x80009d5c (0x2a3f2423) sw      gp, 680(t5)
core   0: 3 0x80009d5c (0x2a3f2423) mem 0x80010000 0x00000001
core   0: 0x80009d60 (0xff9ff06f) j       pc - 0x8
core   0: 3 0x80009d60 (0xff9ff06f)
core   0: 0x80009d58 (0x00006f17) auipc   t5, 0x6
core   0: 3 0x80009d58 (0x00006f17) x30 0x8000fd58
core   0: 0x80009d5c (0x2a3f2423) sw      gp, 680(t5)
core   0: 3 0x80009d5c (0x2a3f2423) mem 0x80010000 0x00000001
core   0: 0x80009d60 (0xff9ff06f) j       pc - 0x8
core   0: 3 0x80009d60 (0xff9ff06f)
core   0: 0x80009d58 (0x00006f17) auipc   t5, 0x6
core   0: 3 0x80009d58 (0x00006f17) x30 0x8000fd58
core   0: 0x80009d5c (0x2a3f2423) sw      gp, 680(t5)
core   0: 3 0x80009d5c (0x2a3f2423) mem 0x80010000 0x00000001
core   0: 0x80009d60 (0xff9ff06f) j       pc - 0x8
core   0: 3 0x80009d60 (0xff9ff06f)
core   0: 0x80009d58 (0x00006f17) auipc   t5, 0x6
core   0: 3 0x80009d58 (0x00006f17) x30 0x8000fd58
core   0: 0x80009d5c (0x2a3f2423) sw      gp, 680(t5)
core   0: 3 0x80009d5c (0x2a3f2423) mem 0x80010000 0x00000001
core   0: 0x80009d60 (0xff9ff06f) j       pc - 0x8
core   0: 3 0x80009d60 (0xff9ff06f)
core   0: 0x80009d58 (0x00006f17) auipc   t5, 0x6
core   0: 3 0x80009d58 (0x00006f17) x30 0x8000fd58
core   0: 0x80009d5c (0x2a3f2423) sw      gp, 680(t5)
core   0: 3 0x80009d5c (0x2a3f2423) mem 0x80010000 0x00000001
core   0: 0x80009d60 (0xff9ff06f) j       pc - 0x8
core   0: 3 0x80009d60 (0xff9ff06f)
core   0: 0x80009d58 (0x00006f17) auipc   t5, 0x6
core   0: 3 0x80009d58 (0x00006f17) x30 0x8000fd58
core   0: 0x80009d5c (0x2a3f2423) sw      gp, 680(t5)
core   0: 3 0x80009d5c (0x2a3f2423) mem 0x80010000 0x00000001
core   0: 0x80009d60 (0xff9ff06f) j       pc - 0x8
core   0: 3 0x80009d60 (0xff9ff06f)
core   0: 0x80009d58 (0x00006f17) auipc   t5, 0x6
core   0: 3 0x80009d58 (0x00006f17) x30 0x8000fd58
core   0: 0x80009d5c (0x2a3f2423) sw      gp, 680(t5)
core   0: 3 0x80009d5c (0x2a3f2423) mem 0x80010000 0x00000001
core   0: 0x80009d60 (0xff9ff06f) j       pc - 0x8
core   0: 3 0x80009d60 (0xff9ff06f)
core   0: 0x80009d58 (0x00006f17) auipc   t5, 0x6
core   0: 3 0x80009d58 (0x00006f17) x30 0x8000fd58
core   0: 0x80009d5c (0x2a3f2423) sw      gp, 680(t5)
core   0: 3 0x80009d5c (0x2a3f2423) mem 0x80010000 0x00000001
core   0: 0x80009d60 (0xff9ff06f) j       pc - 0x8
core   0: 3 0x80009d60 (0xff9ff06f)
core   0: 0x80009d58 (0x00006f17) auipc   t5, 0x6
core   0: 3 0x80009d58 (0x00006f17) x30 0x8000fd58
core   0: 0x80009d5c (0x2a3f2423) sw      gp, 680(t5)
core   0: 3 0x80009d5c (0x2a3f2423) mem 0x80010000 0x00000001
core   0: 0x80009d60 (0xff9ff06f) j       pc - 0x8
core   0: 3 0x80009d60 (0xff9ff06f)
core   0: 0x80009d58 (0x00006f17) auipc   t5, 0x6
core   0: 3 0x80009d58 (0x00006f17) x30 0x8000fd58
core   0: 0x80009d5c (0x2a3f2423) sw      gp, 680(t5)
core   0: 3 0x80009d5c (0x2a3f2423) mem 0x80010000 0x00000001
core   0: 0x80009d60 (0xff9ff06f) j       pc - 0x8
core   0: 3 0x80009d60 (0xff9ff06f)
core   0: 0x80009d58 (0x00006f17) auipc   t5, 0x6
core   0: 3 0x80009d58 (0x00006f17) x30 0x8000fd58
core   0: 0x80009d5c (0x2a3f2423) sw      gp, 680(t5)
core   0: 3 0x80009d5c (0x2a3f2423) mem 0x80010000 0x00000001
core   0: 0x80009d60 (0xff9ff06f) j       pc - 0x8
core   0: 3 0x80009d60 (0xff9ff06f)
core   0: 0x80009d58 (0x00006f17) auipc   t5, 0x6
core   0: 3 0x80009d58 (0x00006f17) x30 0x8000fd58
core   0: 0x80009d5c (0x2a3f2423) sw      gp, 680(t5)
core   0: 3 0x80009d5c (0x2a3f2423) mem 0x80010000 0x00000001
core   0: 0x80009d60 (0xff9ff06f) j       pc - 0x8
core   0: 3 0x80009d60 (0xff9ff06f)
core   0: 0x80009d58 (0x00006f17) auipc   t5, 0x6
core   0: 3 0x80009d58 (0x00006f17) x30 0x8000fd58
core   0: 0x80009d5c (0x2a3f2423) sw      gp, 680(t5)
core   0: 3 0x80009d5c (0x2a3f2423) mem 0x80010000 0x00000001
core   0: 0x80009d60 (0xff9ff06f) j       pc - 0x8
core   0: 3 0x80009d60 (0xff9ff06f)
core   0: 0x80009d58 (0x00006f17) auipc   t5, 0x6
core   0: 3 0x80009d58 (0x00006f17) x30 0x8000fd58
core   0: 0x80009d5c (0x2a3f2423) sw      gp, 680(t5)
core   0: 3 0x80009d5c (0x2a3f2423) mem 0x80010000 0x00000001
core   0: 0x80009d60 (0xff9ff06f) j       pc - 0x8
core   0: 3 0x80009d60 (0xff9ff06f)
core   0: 0x80009d58 (0x00006f17) auipc   t5, 0x6
core   0: 3 0x80009d58 (0x00006f17) x30 0x8000fd58
core   0: 0x80009d5c (0x2a3f2423) sw      gp, 680(t5)
core   0: 3 0x80009d5c (0x2a3f2423) mem 0x80010000 0x00000001
core   0: 0x80009d60 (0xff9ff06f) j       pc - 0x8
core   0: 3 0x80009d60 (0xff9ff06f)
core   0: 0x80009d58 (0x00006f17) auipc   t5, 0x6
core   0: 3 0x80009d58 (0x00006f17) x30 0x8000fd58
core   0: 0x80009d5c (0x2a3f2423) sw      gp, 680(t5)
core   0: 3 0x80009d5c (0x2a3f2423) mem 0x80010000 0x00000001
core   0: 0x80009d60 (0xff9ff06f) j       pc - 0x8
core   0: 3 0x80009d60 (0xff9ff06f)
core   0: 0x80009d58 (0x00006f17) auipc   t5, 0x6
core   0: 3 0x80009d58 (0x00006f17) x30 0x8000fd58
core   0: 0x80009d5c (0x2a3f2423) sw      gp, 680(t5)
core   0: 3 0x80009d5c (0x2a3f2423) mem 0x80010000 0x00000001
core   0: 0x80009d60 (0xff9ff06f) j       pc - 0x8
core   0: 3 0x80009d60 (0xff9ff06f)
core   0: 0x80009d58 (0x00006f17) auipc   t5, 0x6
core   0: 3 0x80009d58 (0x00006f17) x30 0x8000fd58
core   0: 0x80009d5c (0x2a3f2423) sw      gp, 680(t5)
core   0: 3 0x80009d5c (0x2a3f2423) mem 0x80010000 0x00000001
core   0: 0x80009d60 (0xff9ff06f) j       pc - 0x8
core   0: 3 0x80009d60 (0xff9ff06f)
core   0: 0x80009d58 (0x00006f17) auipc   t5, 0x6
core   0: 3 0x80009d58 (0x00006f17) x30 0x8000fd58
core   0: 0x80009d5c (0x2a3f2423) sw      gp, 680(t5)
core   0: 3 0x80009d5c (0x2a3f2423) mem 0x80010000 0x00000001
core   0: 0x80009d60 (0xff9ff06f) j       pc - 0x8
core   0: 3 0x80009d60 (0xff9ff06f)
core   0: 0x80009d58 (0x00006f17) auipc   t5, 0x6
core   0: 3 0x80009d58 (0x00006f17) x30 0x8000fd58
core   0: 0x80009d5c (0x2a3f2423) sw      gp, 680(t5)
core   0: 3 0x80009d5c (0x2a3f2423) mem 0x80010000 0x00000001
core   0: 0x80009d60 (0xff9ff06f) j       pc - 0x8
core   0: 3 0x80009d60 (0xff9ff06f)
core   0: 0x80009d58 (0x00006f17) auipc   t5, 0x6
core   0: 3 0x80009d58 (0x00006f17) x30 0x8000fd58
core   0: 0x80009d5c (0x2a3f2423) sw      gp, 680(t5)
core   0: 3 0x80009d5c (0x2a3f2423) mem 0x80010000 0x00000001
core   0: 0x80009d60 (0xff9ff06f) j       pc - 0x8
core   0: 3 0x80009d60 (0xff9ff06f)
core   0: 0x80009d58 (0x00006f17) auipc   t5, 0x6
core   0: 3 0x80009d58 (0x00006f17) x30 0x8000fd58
core   0: 0x80009d5c (0x2a3f2423) sw      gp, 680(t5)
core   0: 3 0x80009d5c (0x2a3f2423) mem 0x80010000 0x00000001
core   0: 0x80009d60 (0xff9ff06f) j       pc - 0x8
core   0: 3 0x80009d60 (0xff9ff06f)
core   0: 0x80009d58 (0x00006f17) auipc   t5, 0x6
core   0: 3 0x80009d58 (0x00006f17) x30 0x8000fd58
core   0: 0x80009d5c (0x2a3f2423) sw      gp, 680(t5)
core   0: 3 0x80009d5c (0x2a3f2423) mem 0x80010000 0x00000001
core   0: 0x80009d60 (0xff9ff06f) j       pc - 0x8
core   0: 3 0x80009d60 (0xff9ff06f)
core   0: 0x80009d58 (0x00006f17) auipc   t5, 0x6
core   0: 3 0x80009d58 (0x00006f17) x30 0x8000fd58
core   0: 0x80009d5c (0x2a3f2423) sw      gp, 680(t5)
core   0: 3 0x80009d5c (0x2a3f2423) mem 0x80010000 0x00000001
core   0: 0x80009d60 (0xff9ff06f) j       pc - 0x8
core   0: 3 0x80009d60 (0xff9ff06f)
core   0: 0x80009d58 (0x00006f17) auipc   t5, 0x6
core   0: 3 0x80009d58 (0x00006f17) x30 0x8000fd58
core   0: 0x80009d5c (0x2a3f2423) sw      gp, 680(t5)
core   0: 3 0x80009d5c (0x2a3f2423) mem 0x80010000 0x00000001
core   0: 0x80009d60 (0xff9ff06f) j       pc - 0x8
core   0: 3 0x80009d60 (0xff9ff06f)
core   0: 0x80009d58 (0x00006f17) auipc   t5, 0x6
core   0: 3 0x80009d58 (0x00006f17) x30 0x8000fd58
core   0: 0x80009d5c (0x2a3f2423) sw      gp, 680(t5)
core   0: 3 0x80009d5c (0x2a3f2423) mem 0x80010000 0x00000001
core   0: 0x80009d60 (0xff9ff06f) j       pc - 0x8
core   0: 3 0x80009d60 (0xff9ff06f)
core   0: 0x80009d58 (0x00006f17) auipc   t5, 0x6
core   0: 3 0x80009d58 (0x00006f17) x30 0x8000fd58
core   0: 0x80009d5c (0x2a3f2423) sw      gp, 680(t5)
core   0: 3 0x80009d5c (0x2a3f2423) mem 0x80010000 0x00000001
core   0: 0x80009d60 (0xff9ff06f) j       pc - 0x8
core   0: 3 0x80009d60 (0xff9ff06f)
core   0: 0x80009d58 (0x00006f17) auipc   t5, 0x6
core   0: 3 0x80009d58 (0x00006f17) x30 0x8000fd58
core   0: 0x80009d5c (0x2a3f2423) sw      gp, 680(t5)
core   0: 3 0x80009d5c (0x2a3f2423) mem 0x80010000 0x00000001
core   0: 0x80009d60 (0xff9ff06f) j       pc - 0x8
core   0: 3 0x80009d60 (0xff9ff06f)
core   0: 0x80009d58 (0x00006f17) auipc   t5, 0x6
core   0: 3 0x80009d58 (0x00006f17) x30 0x8000fd58
core   0: 0x80009d5c (0x2a3f2423) sw      gp, 680(t5)
core   0: 3 0x80009d5c (0x2a3f2423) mem 0x80010000 0x00000001
core   0: 0x80009d60 (0xff9ff06f) j       pc - 0x8
core   0: 3 0x80009d60 (0xff9ff06f)
core   0: 0x80009d58 (0x00006f17) auipc   t5, 0x6
core   0: 3 0x80009d58 (0x00006f17) x30 0x8000fd58
core   0: 0x80009d5c (0x2a3f2423) sw      gp, 680(t5)
core   0: 3 0x80009d5c (0x2a3f2423) mem 0x80010000 0x00000001
core   0: 0x80009d60 (0xff9ff06f) j       pc - 0x8
core   0: 3 0x80009d60 (0xff9ff06f)
core   0: 0x80009d58 (0x00006f17) auipc   t5, 0x6
core   0: 3 0x80009d58 (0x00006f17) x30 0x8000fd58
core   0: 0x80009d5c (0x2a3f2423) sw      gp, 680(t5)
core   0: 3 0x80009d5c (0x2a3f2423) mem 0x80010000 0x00000001
core   0: 0x80009d60 (0xff9ff06f) j       pc - 0x8
core   0: 3 0x80009d60 (0xff9ff06f)
core   0: 0x80009d58 (0x00006f17) auipc   t5, 0x6
core   0: 3 0x80009d58 (0x00006f17) x30 0x8000fd58
core   0: 0x80009d5c (0x2a3f2423) sw      gp, 680(t5)
core   0: 3 0x80009d5c (0x2a3f2423) mem 0x80010000 0x00000001
core   0: 0x80009d60 (0xff9ff06f) j       pc - 0x8
core   0: 3 0x80009d60 (0xff9ff06f)
core   0: 0x80009d58 (0x00006f17) auipc   t5, 0x6
core   0: 3 0x80009d58 (0x00006f17) x30 0x8000fd58
core   0: 0x80009d5c (0x2a3f2423) sw      gp, 680(t5)
core   0: 3 0x80009d5c (0x2a3f2423) mem 0x80010000 0x00000001
core   0: 0x80009d60 (0xff9ff06f) j       pc - 0x8
core   0: 3 0x80009d60 (0xff9ff06f)
core   0: 0x80009d58 (0x00006f17) auipc   t5, 0x6
core   0: 3 0x80009d58 (0x00006f17) x30 0x8000fd58
core   0: 0x80009d5c (0x2a3f2423) sw      gp, 680(t5)
core   0: 3 0x80009d5c (0x2a3f2423) mem 0x80010000 0x00000001
core   0: 0x80009d60 (0xff9ff06f) j       pc - 0x8
core   0: 3 0x80009d60 (0xff9ff06f)
core   0: 0x80009d58 (0x00006f17) auipc   t5, 0x6
core   0: 3 0x80009d58 (0x00006f17) x30 0x8000fd58
core   0: 0x80009d5c (0x2a3f2423) sw      gp, 680(t5)
core   0: 3 0x80009d5c (0x2a3f2423) mem 0x80010000 0x00000001
core   0: 0x80009d60 (0xff9ff06f) j       pc - 0x8
core   0: 3 0x80009d60 (0xff9ff06f)
core   0: 0x80009d58 (0x00006f17) auipc   t5, 0x6
core   0: 3 0x80009d58 (0x00006f17) x30 0x8000fd58
core   0: 0x80009d5c (0x2a3f2423) sw      gp, 680(t5)
core   0: 3 0x80009d5c (0x2a3f2423) mem 0x80010000 0x00000001
core   0: 0x80009d60 (0xff9ff06f) j       pc - 0x8
core   0: 3 0x80009d60 (0xff9ff06f)
core   0: 0x80009d58 (0x00006f17) auipc   t5, 0x6
core   0: 3 0x80009d58 (0x00006f17) x30 0x8000fd58
core   0: 0x80009d5c (0x2a3f2423) sw      gp, 680(t5)
core   0: 3 0x80009d5c (0x2a3f2423) mem 0x80010000 0x00000001
core   0: 0x80009d60 (0xff9ff06f) j       pc - 0x8
core   0: 3 0x80009d60 (0xff9ff06f)
core   0: 0x80009d58 (0x00006f17) auipc   t5, 0x6
core   0: 3 0x80009d58 (0x00006f17) x30 0x8000fd58
core   0: 0x80009d5c (0x2a3f2423) sw      gp, 680(t5)
core   0: 3 0x80009d5c (0x2a3f2423) mem 0x80010000 0x00000001
core   0: 0x80009d60 (0xff9ff06f) j       pc - 0x8
core   0: 3 0x80009d60 (0xff9ff06f)
core   0: 0x80009d58 (0x00006f17) auipc   t5, 0x6
core   0: 3 0x80009d58 (0x00006f17) x30 0x8000fd58
core   0: 0x80009d5c (0x2a3f2423) sw      gp, 680(t5)
core   0: 3 0x80009d5c (0x2a3f2423) mem 0x80010000 0x00000001
core   0: 0x80009d60 (0xff9ff06f) j       pc - 0x8
core   0: 3 0x80009d60 (0xff9ff06f)
core   0: 0x80009d58 (0x00006f17) auipc   t5, 0x6
core   0: 3 0x80009d58 (0x00006f17) x30 0x8000fd58
core   0: 0x80009d5c (0x2a3f2423) sw      gp, 680(t5)
core   0: 3 0x80009d5c (0x2a3f2423) mem 0x80010000 0x00000001
core   0: 0x80009d60 (0xff9ff06f) j       pc - 0x8
core   0: 3 0x80009d60 (0xff9ff06f)
core   0: 0x80009d58 (0x00006f17) auipc   t5, 0x6
core   0: 3 0x80009d58 (0x00006f17) x30 0x8000fd58
core   0: 0x80009d5c (0x2a3f2423) sw      gp, 680(t5)
core   0: 3 0x80009d5c (0x2a3f2423) mem 0x80010000 0x00000001
core   0: 0x80009d60 (0xff9ff06f) j       pc - 0x8
core   0: 3 0x80009d60 (0xff9ff06f)
core   0: 0x80009d58 (0x00006f17) auipc   t5, 0x6
core   0: 3 0x80009d58 (0x00006f17) x30 0x8000fd58
core   0: 0x80009d5c (0x2a3f2423) sw      gp, 680(t5)
core   0: 3 0x80009d5c (0x2a3f2423) mem 0x80010000 0x00000001
core   0: 0x80009d60 (0xff9ff06f) j       pc - 0x8
core   0: 3 0x80009d60 (0xff9ff06f)
core   0: 0x80009d58 (0x00006f17) auipc   t5, 0x6
core   0: 3 0x80009d58 (0x00006f17) x30 0x8000fd58
core   0: 0x80009d5c (0x2a3f2423) sw      gp, 680(t5)
core   0: 3 0x80009d5c (0x2a3f2423) mem 0x80010000 0x00000001
core   0: 0x80009d60 (0xff9ff06f) j       pc - 0x8
core   0: 3 0x80009d60 (0xff9ff06f)
core   0: 0x80009d58 (0x00006f17) auipc   t5, 0x6
core   0: 3 0x80009d58 (0x00006f17) x30 0x8000fd58
core   0: 0x80009d5c (0x2a3f2423) sw      gp, 680(t5)
core   0: 3 0x80009d5c (0x2a3f2423) mem 0x80010000 0x00000001
core   0: 0x80009d60 (0xff9ff06f) j       pc - 0x8
core   0: 3 0x80009d60 (0xff9ff06f)
core   0: 0x80009d58 (0x00006f17) auipc   t5, 0x6
core   0: 3 0x80009d58 (0x00006f17) x30 0x8000fd58
core   0: 0x80009d5c (0x2a3f2423) sw      gp, 680(t5)
core   0: 3 0x80009d5c (0x2a3f2423) mem 0x80010000 0x00000001
core   0: 0x80009d60 (0xff9ff06f) j       pc - 0x8
core   0: 3 0x80009d60 (0xff9ff06f)
core   0: 0x80009d58 (0x00006f17) auipc   t5, 0x6
core   0: 3 0x80009d58 (0x00006f17) x30 0x8000fd58
core   0: 0x80009d5c (0x2a3f2423) sw      gp, 680(t5)
core   0: 3 0x80009d5c (0x2a3f2423) mem 0x80010000 0x00000001
core   0: 0x80009d60 (0xff9ff06f) j       pc - 0x8
core   0: 3 0x80009d60 (0xff9ff06f)
core   0: 0x80009d58 (0x00006f17) auipc   t5, 0x6
core   0: 3 0x80009d58 (0x00006f17) x30 0x8000fd58
core   0: 0x80009d5c (0x2a3f2423) sw      gp, 680(t5)
core   0: 3 0x80009d5c (0x2a3f2423) mem 0x80010000 0x00000001
core   0: 0x80009d60 (0xff9ff06f) j       pc - 0x8
core   0: 3 0x80009d60 (0xff9ff06f)
core   0: 0x80009d58 (0x00006f17) auipc   t5, 0x6
core   0: 3 0x80009d58 (0x00006f17) x30 0x8000fd58
core   0: 0x80009d5c (0x2a3f2423) sw      gp, 680(t5)
core   0: 3 0x80009d5c (0x2a3f2423) mem 0x80010000 0x00000001
core   0: 0x80009d60 (0xff9ff06f) j       pc - 0x8
core   0: 3 0x80009d60 (0xff9ff06f)
core   0: 0x80009d58 (0x00006f17) auipc   t5, 0x6
core   0: 3 0x80009d58 (0x00006f17) x30 0x8000fd58
core   0: 0x80009d5c (0x2a3f2423) sw      gp, 680(t5)
core   0: 3 0x80009d5c (0x2a3f2423) mem 0x80010000 0x00000001
core   0: 0x80009d60 (0xff9ff06f) j       pc - 0x8
core   0: 3 0x80009d60 (0xff9ff06f)
core   0: 0x80009d58 (0x00006f17) auipc   t5, 0x6
core   0: 3 0x80009d58 (0x00006f17) x30 0x8000fd58
core   0: 0x80009d5c (0x2a3f2423) sw      gp, 680(t5)
core   0: 3 0x80009d5c (0x2a3f2423) mem 0x80010000 0x00000001
core   0: 0x80009d60 (0xff9ff06f) j       pc - 0x8
core   0: 3 0x80009d60 (0xff9ff06f)
core   0: 0x80009d58 (0x00006f17) auipc   t5, 0x6
core   0: 3 0x80009d58 (0x00006f17) x30 0x8000fd58
core   0: 0x80009d5c (0x2a3f2423) sw      gp, 680(t5)
core   0: 3 0x80009d5c (0x2a3f2423) mem 0x80010000 0x00000001
core   0: 0x80009d60 (0xff9ff06f) j       pc - 0x8
core   0: 3 0x80009d60 (0xff9ff06f)
core   0: 0x80009d58 (0x00006f17) auipc   t5, 0x6
core   0: 3 0x80009d58 (0x00006f17) x30 0x8000fd58
core   0: 0x80009d5c (0x2a3f2423) sw      gp, 680(t5)
core   0: 3 0x80009d5c (0x2a3f2423) mem 0x80010000 0x00000001
core   0: 0x80009d60 (0xff9ff06f) j       pc - 0x8
core   0: 3 0x80009d60 (0xff9ff06f)
core   0: 0x80009d58 (0x00006f17) auipc   t5, 0x6
core   0: 3 0x80009d58 (0x00006f17) x30 0x8000fd58
core   0: 0x80009d5c (0x2a3f2423) sw      gp, 680(t5)
core   0: 3 0x80009d5c (0x2a3f2423) mem 0x80010000 0x00000001
core   0: 0x80009d60 (0xff9ff06f) j       pc - 0x8
core   0: 3 0x80009d60 (0xff9ff06f)
core   0: 0x80009d58 (0x00006f17) auipc   t5, 0x6
core   0: 3 0x80009d58 (0x00006f17) x30 0x8000fd58
core   0: 0x80009d5c (0x2a3f2423) sw      gp, 680(t5)
core   0: 3 0x80009d5c (0x2a3f2423) mem 0x80010000 0x00000001
core   0: 0x80009d60 (0xff9ff06f) j       pc - 0x8
core   0: 3 0x80009d60 (0xff9ff06f)
core   0: 0x80009d58 (0x00006f17) auipc   t5, 0x6
core   0: 3 0x80009d58 (0x00006f17) x30 0x8000fd58
core   0: 0x80009d5c (0x2a3f2423) sw      gp, 680(t5)
core   0: 3 0x80009d5c (0x2a3f2423) mem 0x80010000 0x00000001
core   0: 0x80009d60 (0xff9ff06f) j       pc - 0x8
core   0: 3 0x80009d60 (0xff9ff06f)
core   0: 0x80009d58 (0x00006f17) auipc   t5, 0x6
core   0: 3 0x80009d58 (0x00006f17) x30 0x8000fd58
core   0: 0x80009d5c (0x2a3f2423) sw      gp, 680(t5)
core   0: 3 0x80009d5c (0x2a3f2423) mem 0x80010000 0x00000001
core   0: 0x80009d60 (0xff9ff06f) j       pc - 0x8
core   0: 3 0x80009d60 (0xff9ff06f)
core   0: 0x80009d58 (0x00006f17) auipc   t5, 0x6
core   0: 3 0x80009d58 (0x00006f17) x30 0x8000fd58
core   0: 0x80009d5c (0x2a3f2423) sw      gp, 680(t5)
core   0: 3 0x80009d5c (0x2a3f2423) mem 0x80010000 0x00000001
core   0: 0x80009d60 (0xff9ff06f) j       pc - 0x8
core   0: 3 0x80009d60 (0xff9ff06f)
core   0: 0x80009d58 (0x00006f17) auipc   t5, 0x6
core   0: 3 0x80009d58 (0x00006f17) x30 0x8000fd58
core   0: 0x80009d5c (0x2a3f2423) sw      gp, 680(t5)
core   0: 3 0x80009d5c (0x2a3f2423) mem 0x80010000 0x00000001
core   0: 0x80009d60 (0xff9ff06f) j       pc - 0x8
core   0: 3 0x80009d60 (0xff9ff06f)
core   0: 0x80009d58 (0x00006f17) auipc   t5, 0x6
core   0: 3 0x80009d58 (0x00006f17) x30 0x8000fd58
core   0: 0x80009d5c (0x2a3f2423) sw      gp, 680(t5)
core   0: 3 0x80009d5c (0x2a3f2423) mem 0x80010000 0x00000001
core   0: 0x80009d60 (0xff9ff06f) j       pc - 0x8
core   0: 3 0x80009d60 (0xff9ff06f)
core   0: 0x80009d58 (0x00006f17) auipc   t5, 0x6
core   0: 3 0x80009d58 (0x00006f17) x30 0x8000fd58
core   0: 0x80009d5c (0x2a3f2423) sw      gp, 680(t5)
core   0: 3 0x80009d5c (0x2a3f2423) mem 0x80010000 0x00000001
core   0: 0x80009d60 (0xff9ff06f) j       pc - 0x8
core   0: 3 0x80009d60 (0xff9ff06f)
core   0: 0x80009d58 (0x00006f17) auipc   t5, 0x6
core   0: 3 0x80009d58 (0x00006f17) x30 0x8000fd58
core   0: 0x80009d5c (0x2a3f2423) sw      gp, 680(t5)
core   0: 3 0x80009d5c (0x2a3f2423) mem 0x80010000 0x00000001
core   0: 0x80009d60 (0xff9ff06f) j       pc - 0x8
core   0: 3 0x80009d60 (0xff9ff06f)
core   0: 0x80009d58 (0x00006f17) auipc   t5, 0x6
core   0: 3 0x80009d58 (0x00006f17) x30 0x8000fd58
core   0: 0x80009d5c (0x2a3f2423) sw      gp, 680(t5)
core   0: 3 0x80009d5c (0x2a3f2423) mem 0x80010000 0x00000001
core   0: 0x80009d60 (0xff9ff06f) j       pc - 0x8
core   0: 3 0x80009d60 (0xff9ff06f)
core   0: 0x80009d58 (0x00006f17) auipc   t5, 0x6
core   0: 3 0x80009d58 (0x00006f17) x30 0x8000fd58
core   0: 0x80009d5c (0x2a3f2423) sw      gp, 680(t5)
core   0: 3 0x80009d5c (0x2a3f2423) mem 0x80010000 0x00000001
core   0: 0x80009d60 (0xff9ff06f) j       pc - 0x8
core   0: 3 0x80009d60 (0xff9ff06f)
core   0: 0x80009d58 (0x00006f17) auipc   t5, 0x6
core   0: 3 0x80009d58 (0x00006f17) x30 0x8000fd58
core   0: 0x80009d5c (0x2a3f2423) sw      gp, 680(t5)
core   0: 3 0x80009d5c (0x2a3f2423) mem 0x80010000 0x00000001
core   0: 0x80009d60 (0xff9ff06f) j       pc - 0x8
core   0: 3 0x80009d60 (0xff9ff06f)
core   0: 0x80009d58 (0x00006f17) auipc   t5, 0x6
core   0: 3 0x80009d58 (0x00006f17) x30 0x8000fd58
core   0: 0x80009d5c (0x2a3f2423) sw      gp, 680(t5)
core   0: 3 0x80009d5c (0x2a3f2423) mem 0x80010000 0x00000001
core   0: 0x80009d60 (0xff9ff06f) j       pc - 0x8
core   0: 3 0x80009d60 (0xff9ff06f)
core   0: 0x80009d58 (0x00006f17) auipc   t5, 0x6
core   0: 3 0x80009d58 (0x00006f17) x30 0x8000fd58
core   0: 0x80009d5c (0x2a3f2423) sw      gp, 680(t5)
core   0: 3 0x80009d5c (0x2a3f2423) mem 0x80010000 0x00000001
core   0: 0x80009d60 (0xff9ff06f) j       pc - 0x8
core   0: 3 0x80009d60 (0xff9ff06f)
core   0: 0x80009d58 (0x00006f17) auipc   t5, 0x6
core   0: 3 0x80009d58 (0x00006f17) x30 0x8000fd58
core   0: 0x80009d5c (0x2a3f2423) sw      gp, 680(t5)
core   0: 3 0x80009d5c (0x2a3f2423) mem 0x80010000 0x00000001
core   0: 0x80009d60 (0xff9ff06f) j       pc - 0x8
core   0: 3 0x80009d60 (0xff9ff06f)
core   0: 0x80009d58 (0x00006f17) auipc   t5, 0x6
core   0: 3 0x80009d58 (0x00006f17) x30 0x8000fd58
core   0: 0x80009d5c (0x2a3f2423) sw      gp, 680(t5)
core   0: 3 0x80009d5c (0x2a3f2423) mem 0x80010000 0x00000001
core   0: 0x80009d60 (0xff9ff06f) j       pc - 0x8
core   0: 3 0x80009d60 (0xff9ff06f)
core   0: 0x80009d58 (0x00006f17) auipc   t5, 0x6
core   0: 3 0x80009d58 (0x00006f17) x30 0x8000fd58
core   0: 0x80009d5c (0x2a3f2423) sw      gp, 680(t5)
core   0: 3 0x80009d5c (0x2a3f2423) mem 0x80010000 0x00000001
core   0: 0x80009d60 (0xff9ff06f) j       pc - 0x8
core   0: 3 0x80009d60 (0xff9ff06f)
core   0: 0x80009d58 (0x00006f17) auipc   t5, 0x6
core   0: 3 0x80009d58 (0x00006f17) x30 0x8000fd58
core   0: 0x80009d5c (0x2a3f2423) sw      gp, 680(t5)
core   0: 3 0x80009d5c (0x2a3f2423) mem 0x80010000 0x00000001
core   0: 0x80009d60 (0xff9ff06f) j       pc - 0x8
core   0: 3 0x80009d60 (0xff9ff06f)
core   0: 0x80009d58 (0x00006f17) auipc   t5, 0x6
core   0: 3 0x80009d58 (0x00006f17) x30 0x8000fd58
core   0: 0x80009d5c (0x2a3f2423) sw      gp, 680(t5)
core   0: 3 0x80009d5c (0x2a3f2423) mem 0x80010000 0x00000001
core   0: 0x80009d60 (0xff9ff06f) j       pc - 0x8
core   0: 3 0x80009d60 (0xff9ff06f)
core   0: 0x80009d58 (0x00006f17) auipc   t5, 0x6
core   0: 3 0x80009d58 (0x00006f17) x30 0x8000fd58
core   0: 0x80009d5c (0x2a3f2423) sw      gp, 680(t5)
core   0: 3 0x80009d5c (0x2a3f2423) mem 0x80010000 0x00000001
core   0: 0x80009d60 (0xff9ff06f) j       pc - 0x8
core   0: 3 0x80009d60 (0xff9ff06f)
core   0: 0x80009d58 (0x00006f17) auipc   t5, 0x6
core   0: 3 0x80009d58 (0x00006f17) x30 0x8000fd58
core   0: 0x80009d5c (0x2a3f2423) sw      gp, 680(t5)
core   0: 3 0x80009d5c (0x2a3f2423) mem 0x80010000 0x00000001
core   0: 0x80009d60 (0xff9ff06f) j       pc - 0x8
core   0: 3 0x80009d60 (0xff9ff06f)
core   0: 0x80009d58 (0x00006f17) auipc   t5, 0x6
core   0: 3 0x80009d58 (0x00006f17) x30 0x8000fd58
core   0: 0x80009d5c (0x2a3f2423) sw      gp, 680(t5)
core   0: 3 0x80009d5c (0x2a3f2423) mem 0x80010000 0x00000001
core   0: 0x80009d60 (0xff9ff06f) j       pc - 0x8
core   0: 3 0x80009d60 (0xff9ff06f)
core   0: 0x80009d58 (0x00006f17) auipc   t5, 0x6
core   0: 3 0x80009d58 (0x00006f17) x30 0x8000fd58
core   0: 0x80009d5c (0x2a3f2423) sw      gp, 680(t5)
core   0: 3 0x80009d5c (0x2a3f2423) mem 0x80010000 0x00000001
core   0: 0x80009d60 (0xff9ff06f) j       pc - 0x8
core   0: 3 0x80009d60 (0xff9ff06f)
core   0: 0x80009d58 (0x00006f17) auipc   t5, 0x6
core   0: 3 0x80009d58 (0x00006f17) x30 0x8000fd58
core   0: 0x80009d5c (0x2a3f2423) sw      gp, 680(t5)
core   0: 3 0x80009d5c (0x2a3f2423) mem 0x80010000 0x00000001
core   0: 0x80009d60 (0xff9ff06f) j       pc - 0x8
core   0: 3 0x80009d60 (0xff9ff06f)
core   0: 0x80009d58 (0x00006f17) auipc   t5, 0x6
core   0: 3 0x80009d58 (0x00006f17) x30 0x8000fd58
core   0: 0x80009d5c (0x2a3f2423) sw      gp, 680(t5)
core   0: 3 0x80009d5c (0x2a3f2423) mem 0x80010000 0x00000001
core   0: 0x80009d60 (0xff9ff06f) j       pc - 0x8
core   0: 3 0x80009d60 (0xff9ff06f)
core   0: 0x80009d58 (0x00006f17) auipc   t5, 0x6
core   0: 3 0x80009d58 (0x00006f17) x30 0x8000fd58
core   0: 0x80009d5c (0x2a3f2423) sw      gp, 680(t5)
core   0: 3 0x80009d5c (0x2a3f2423) mem 0x80010000 0x00000001
core   0: 0x80009d60 (0xff9ff06f) j       pc - 0x8
core   0: 3 0x80009d60 (0xff9ff06f)
core   0: 0x80009d58 (0x00006f17) auipc   t5, 0x6
core   0: 3 0x80009d58 (0x00006f17) x30 0x8000fd58
core   0: 0x80009d5c (0x2a3f2423) sw      gp, 680(t5)
core   0: 3 0x80009d5c (0x2a3f2423) mem 0x80010000 0x00000001
core   0: 0x80009d60 (0xff9ff06f) j       pc - 0x8
core   0: 3 0x80009d60 (0xff9ff06f)
core   0: 0x80009d58 (0x00006f17) auipc   t5, 0x6
core   0: 3 0x80009d58 (0x00006f17) x30 0x8000fd58
core   0: 0x80009d5c (0x2a3f2423) sw      gp, 680(t5)
core   0: 3 0x80009d5c (0x2a3f2423) mem 0x80010000 0x00000001
core   0: 0x80009d60 (0xff9ff06f) j       pc - 0x8
core   0: 3 0x80009d60 (0xff9ff06f)
core   0: 0x80009d58 (0x00006f17) auipc   t5, 0x6
core   0: 3 0x80009d58 (0x00006f17) x30 0x8000fd58
core   0: 0x80009d5c (0x2a3f2423) sw      gp, 680(t5)
core   0: 3 0x80009d5c (0x2a3f2423) mem 0x80010000 0x00000001
core   0: 0x80009d60 (0xff9ff06f) j       pc - 0x8
core   0: 3 0x80009d60 (0xff9ff06f)
core   0: 0x80009d58 (0x00006f17) auipc   t5, 0x6
core   0: 3 0x80009d58 (0x00006f17) x30 0x8000fd58
core   0: 0x80009d5c (0x2a3f2423) sw      gp, 680(t5)
core   0: 3 0x80009d5c (0x2a3f2423) mem 0x80010000 0x00000001
core   0: 0x80009d60 (0xff9ff06f) j       pc - 0x8
core   0: 3 0x80009d60 (0xff9ff06f)
core   0: 0x80009d58 (0x00006f17) auipc   t5, 0x6
core   0: 3 0x80009d58 (0x00006f17) x30 0x8000fd58
core   0: 0x80009d5c (0x2a3f2423) sw      gp, 680(t5)
core   0: 3 0x80009d5c (0x2a3f2423) mem 0x80010000 0x00000001
core   0: 0x80009d60 (0xff9ff06f) j       pc - 0x8
core   0: 3 0x80009d60 (0xff9ff06f)
core   0: 0x80009d58 (0x00006f17) auipc   t5, 0x6
core   0: 3 0x80009d58 (0x00006f17) x30 0x8000fd58
core   0: 0x80009d5c (0x2a3f2423) sw      gp, 680(t5)
core   0: 3 0x80009d5c (0x2a3f2423) mem 0x80010000 0x00000001
core   0: 0x80009d60 (0xff9ff06f) j       pc - 0x8
core   0: 3 0x80009d60 (0xff9ff06f)
core   0: 0x80009d58 (0x00006f17) auipc   t5, 0x6
core   0: 3 0x80009d58 (0x00006f17) x30 0x8000fd58
core   0: 0x80009d5c (0x2a3f2423) sw      gp, 680(t5)
core   0: 3 0x80009d5c (0x2a3f2423) mem 0x80010000 0x00000001
core   0: 0x80009d60 (0xff9ff06f) j       pc - 0x8
core   0: 3 0x80009d60 (0xff9ff06f)
core   0: 0x80009d58 (0x00006f17) auipc   t5, 0x6
core   0: 3 0x80009d58 (0x00006f17) x30 0x8000fd58
core   0: 0x80009d5c (0x2a3f2423) sw      gp, 680(t5)
core   0: 3 0x80009d5c (0x2a3f2423) mem 0x80010000 0x00000001
core   0: 0x80009d60 (0xff9ff06f) j       pc - 0x8
core   0: 3 0x80009d60 (0xff9ff06f)
core   0: 0x80009d58 (0x00006f17) auipc   t5, 0x6
core   0: 3 0x80009d58 (0x00006f17) x30 0x8000fd58
core   0: 0x80009d5c (0x2a3f2423) sw      gp, 680(t5)
core   0: 3 0x80009d5c (0x2a3f2423) mem 0x80010000 0x00000001
core   0: 0x80009d60 (0xff9ff06f) j       pc - 0x8
core   0: 3 0x80009d60 (0xff9ff06f)
core   0: 0x80009d58 (0x00006f17) auipc   t5, 0x6
core   0: 3 0x80009d58 (0x00006f17) x30 0x8000fd58
core   0: 0x80009d5c (0x2a3f2423) sw      gp, 680(t5)
core   0: 3 0x80009d5c (0x2a3f2423) mem 0x80010000 0x00000001
core   0: 0x80009d60 (0xff9ff06f) j       pc - 0x8
core   0: 3 0x80009d60 (0xff9ff06f)
core   0: 0x80009d58 (0x00006f17) auipc   t5, 0x6
core   0: 3 0x80009d58 (0x00006f17) x30 0x8000fd58
core   0: 0x80009d5c (0x2a3f2423) sw      gp, 680(t5)
core   0: 3 0x80009d5c (0x2a3f2423) mem 0x80010000 0x00000001
core   0: 0x80009d60 (0xff9ff06f) j       pc - 0x8
core   0: 3 0x80009d60 (0xff9ff06f)
core   0: 0x80009d58 (0x00006f17) auipc   t5, 0x6
core   0: 3 0x80009d58 (0x00006f17) x30 0x8000fd58
core   0: 0x80009d5c (0x2a3f2423) sw      gp, 680(t5)
core   0: 3 0x80009d5c (0x2a3f2423) mem 0x80010000 0x00000001
core   0: 0x80009d60 (0xff9ff06f) j       pc - 0x8
core   0: 3 0x80009d60 (0xff9ff06f)
core   0: 0x80009d58 (0x00006f17) auipc   t5, 0x6
core   0: 3 0x80009d58 (0x00006f17) x30 0x8000fd58
core   0: 0x80009d5c (0x2a3f2423) sw      gp, 680(t5)
core   0: 3 0x80009d5c (0x2a3f2423) mem 0x80010000 0x00000001
core   0: 0x80009d60 (0xff9ff06f) j       pc - 0x8
core   0: 3 0x80009d60 (0xff9ff06f)
core   0: 0x80009d58 (0x00006f17) auipc   t5, 0x6
core   0: 3 0x80009d58 (0x00006f17) x30 0x8000fd58
core   0: 0x80009d5c (0x2a3f2423) sw      gp, 680(t5)
core   0: 3 0x80009d5c (0x2a3f2423) mem 0x80010000 0x00000001
core   0: 0x80009d60 (0xff9ff06f) j       pc - 0x8
core   0: 3 0x80009d60 (0xff9ff06f)
core   0: 0x80009d58 (0x00006f17) auipc   t5, 0x6
core   0: 3 0x80009d58 (0x00006f17) x30 0x8000fd58
core   0: 0x80009d5c (0x2a3f2423) sw      gp, 680(t5)
core   0: 3 0x80009d5c (0x2a3f2423) mem 0x80010000 0x00000001
core   0: 0x80009d60 (0xff9ff06f) j       pc - 0x8
core   0: 3 0x80009d60 (0xff9ff06f)
core   0: 0x80009d58 (0x00006f17) auipc   t5, 0x6
core   0: 3 0x80009d58 (0x00006f17) x30 0x8000fd58
core   0: 0x80009d5c (0x2a3f2423) sw      gp, 680(t5)
core   0: 3 0x80009d5c (0x2a3f2423) mem 0x80010000 0x00000001
core   0: 0x80009d60 (0xff9ff06f) j       pc - 0x8
core   0: 3 0x80009d60 (0xff9ff06f)
core   0: 0x80009d58 (0x00006f17) auipc   t5, 0x6
core   0: 3 0x80009d58 (0x00006f17) x30 0x8000fd58
core   0: 0x80009d5c (0x2a3f2423) sw      gp, 680(t5)
core   0: 3 0x80009d5c (0x2a3f2423) mem 0x80010000 0x00000001
core   0: 0x80009d60 (0xff9ff06f) j       pc - 0x8
core   0: 3 0x80009d60 (0xff9ff06f)
core   0: 0x80009d58 (0x00006f17) auipc   t5, 0x6
core   0: 3 0x80009d58 (0x00006f17) x30 0x8000fd58
core   0: 0x80009d5c (0x2a3f2423) sw      gp, 680(t5)
core   0: 3 0x80009d5c (0x2a3f2423) mem 0x80010000 0x00000001
core   0: 0x80009d60 (0xff9ff06f) j       pc - 0x8
core   0: 3 0x80009d60 (0xff9ff06f)
core   0: 0x80009d58 (0x00006f17) auipc   t5, 0x6
core   0: 3 0x80009d58 (0x00006f17) x30 0x8000fd58
core   0: 0x80009d5c (0x2a3f2423) sw      gp, 680(t5)
core   0: 3 0x80009d5c (0x2a3f2423) mem 0x80010000 0x00000001
core   0: 0x80009d60 (0xff9ff06f) j       pc - 0x8
core   0: 3 0x80009d60 (0xff9ff06f)
core   0: 0x80009d58 (0x00006f17) auipc   t5, 0x6
core   0: 3 0x80009d58 (0x00006f17) x30 0x8000fd58
core   0: 0x80009d5c (0x2a3f2423) sw      gp, 680(t5)
core   0: 3 0x80009d5c (0x2a3f2423) mem 0x80010000 0x00000001
core   0: 0x80009d60 (0xff9ff06f) j       pc - 0x8
core   0: 3 0x80009d60 (0xff9ff06f)
core   0: 0x80009d58 (0x00006f17) auipc   t5, 0x6
core   0: 3 0x80009d58 (0x00006f17) x30 0x8000fd58
core   0: 0x80009d5c (0x2a3f2423) sw      gp, 680(t5)
core   0: 3 0x80009d5c (0x2a3f2423) mem 0x80010000 0x00000001
core   0: 0x80009d60 (0xff9ff06f) j       pc - 0x8
core   0: 3 0x80009d60 (0xff9ff06f)
core   0: 0x80009d58 (0x00006f17) auipc   t5, 0x6
core   0: 3 0x80009d58 (0x00006f17) x30 0x8000fd58
core   0: 0x80009d5c (0x2a3f2423) sw      gp, 680(t5)
core   0: 3 0x80009d5c (0x2a3f2423) mem 0x80010000 0x00000001
core   0: 0x80009d60 (0xff9ff06f) j       pc - 0x8
core   0: 3 0x80009d60 (0xff9ff06f)
core   0: 0x80009d58 (0x00006f17) auipc   t5, 0x6
core   0: 3 0x80009d58 (0x00006f17) x30 0x8000fd58
core   0: 0x80009d5c (0x2a3f2423) sw      gp, 680(t5)
core   0: 3 0x80009d5c (0x2a3f2423) mem 0x80010000 0x00000001
core   0: 0x80009d60 (0xff9ff06f) j       pc - 0x8
core   0: 3 0x80009d60 (0xff9ff06f)
core   0: 0x80009d58 (0x00006f17) auipc   t5, 0x6
core   0: 3 0x80009d58 (0x00006f17) x30 0x8000fd58
core   0: 0x80009d5c (0x2a3f2423) sw      gp, 680(t5)
core   0: 3 0x80009d5c (0x2a3f2423) mem 0x80010000 0x00000001
core   0: 0x80009d60 (0xff9ff06f) j       pc - 0x8
core   0: 3 0x80009d60 (0xff9ff06f)
core   0: 0x80009d58 (0x00006f17) auipc   t5, 0x6
core   0: 3 0x80009d58 (0x00006f17) x30 0x8000fd58
core   0: 0x80009d5c (0x2a3f2423) sw      gp, 680(t5)
core   0: 3 0x80009d5c (0x2a3f2423) mem 0x80010000 0x00000001
core   0: 0x80009d60 (0xff9ff06f) j       pc - 0x8
core   0: 3 0x80009d60 (0xff9ff06f)
core   0: 0x80009d58 (0x00006f17) auipc   t5, 0x6
core   0: 3 0x80009d58 (0x00006f17) x30 0x8000fd58
core   0: 0x80009d5c (0x2a3f2423) sw      gp, 680(t5)
core   0: 3 0x80009d5c (0x2a3f2423) mem 0x80010000 0x00000001
core   0: 0x80009d60 (0xff9ff06f) j       pc - 0x8
core   0: 3 0x80009d60 (0xff9ff06f)
core   0: 0x80009d58 (0x00006f17) auipc   t5, 0x6
core   0: 3 0x80009d58 (0x00006f17) x30 0x8000fd58
core   0: 0x80009d5c (0x2a3f2423) sw      gp, 680(t5)
core   0: 3 0x80009d5c (0x2a3f2423) mem 0x80010000 0x00000001
core   0: 0x80009d60 (0xff9ff06f) j       pc - 0x8
core   0: 3 0x80009d60 (0xff9ff06f)
core   0: 0x80009d58 (0x00006f17) auipc   t5, 0x6
core   0: 3 0x80009d58 (0x00006f17) x30 0x8000fd58
core   0: 0x80009d5c (0x2a3f2423) sw      gp, 680(t5)
core   0: 3 0x80009d5c (0x2a3f2423) mem 0x80010000 0x00000001
core   0: 0x80009d60 (0xff9ff06f) j       pc - 0x8
core   0: 3 0x80009d60 (0xff9ff06f)
core   0: 0x80009d58 (0x00006f17) auipc   t5, 0x6
core   0: 3 0x80009d58 (0x00006f17) x30 0x8000fd58
core   0: 0x80009d5c (0x2a3f2423) sw      gp, 680(t5)
core   0: 3 0x80009d5c (0x2a3f2423) mem 0x80010000 0x00000001
core   0: 0x80009d60 (0xff9ff06f) j       pc - 0x8
core   0: 3 0x80009d60 (0xff9ff06f)
core   0: 0x80009d58 (0x00006f17) auipc   t5, 0x6
core   0: 3 0x80009d58 (0x00006f17) x30 0x8000fd58
core   0: 0x80009d5c (0x2a3f2423) sw      gp, 680(t5)
core   0: 3 0x80009d5c (0x2a3f2423) mem 0x80010000 0x00000001
core   0: 0x80009d60 (0xff9ff06f) j       pc - 0x8
core   0: 3 0x80009d60 (0xff9ff06f)
core   0: 0x80009d58 (0x00006f17) auipc   t5, 0x6
core   0: 3 0x80009d58 (0x00006f17) x30 0x8000fd58
core   0: 0x80009d5c (0x2a3f2423) sw      gp, 680(t5)
core   0: 3 0x80009d5c (0x2a3f2423) mem 0x80010000 0x00000001
core   0: 0x80009d60 (0xff9ff06f) j       pc - 0x8
core   0: 3 0x80009d60 (0xff9ff06f)
core   0: 0x80009d58 (0x00006f17) auipc   t5, 0x6
core   0: 3 0x80009d58 (0x00006f17) x30 0x8000fd58
core   0: 0x80009d5c (0x2a3f2423) sw      gp, 680(t5)
core   0: 3 0x80009d5c (0x2a3f2423) mem 0x80010000 0x00000001
core   0: 0x80009d60 (0xff9ff06f) j       pc - 0x8
core   0: 3 0x80009d60 (0xff9ff06f)
core   0: 0x80009d58 (0x00006f17) auipc   t5, 0x6
core   0: 3 0x80009d58 (0x00006f17) x30 0x8000fd58
core   0: 0x80009d5c (0x2a3f2423) sw      gp, 680(t5)
core   0: 3 0x80009d5c (0x2a3f2423) mem 0x80010000 0x00000001
core   0: 0x80009d60 (0xff9ff06f) j       pc - 0x8
core   0: 3 0x80009d60 (0xff9ff06f)
core   0: 0x80009d58 (0x00006f17) auipc   t5, 0x6
core   0: 3 0x80009d58 (0x00006f17) x30 0x8000fd58
core   0: 0x80009d5c (0x2a3f2423) sw      gp, 680(t5)
core   0: 3 0x80009d5c (0x2a3f2423) mem 0x80010000 0x00000001
core   0: 0x80009d60 (0xff9ff06f) j       pc - 0x8
core   0: 3 0x80009d60 (0xff9ff06f)
core   0: 0x80009d58 (0x00006f17) auipc   t5, 0x6
core   0: 3 0x80009d58 (0x00006f17) x30 0x8000fd58
core   0: 0x80009d5c (0x2a3f2423) sw      gp, 680(t5)
core   0: 3 0x80009d5c (0x2a3f2423) mem 0x80010000 0x00000001
core   0: 0x80009d60 (0xff9ff06f) j       pc - 0x8
core   0: 3 0x80009d60 (0xff9ff06f)
core   0: 0x80009d58 (0x00006f17) auipc   t5, 0x6
core   0: 3 0x80009d58 (0x00006f17) x30 0x8000fd58
core   0: 0x80009d5c (0x2a3f2423) sw      gp, 680(t5)
core   0: 3 0x80009d5c (0x2a3f2423) mem 0x80010000 0x00000001
core   0: 0x80009d60 (0xff9ff06f) j       pc - 0x8
core   0: 3 0x80009d60 (0xff9ff06f)
core   0: 0x80009d58 (0x00006f17) auipc   t5, 0x6
core   0: 3 0x80009d58 (0x00006f17) x30 0x8000fd58
core   0: 0x80009d5c (0x2a3f2423) sw      gp, 680(t5)
core   0: 3 0x80009d5c (0x2a3f2423) mem 0x80010000 0x00000001
core   0: 0x80009d60 (0xff9ff06f) j       pc - 0x8
core   0: 3 0x80009d60 (0xff9ff06f)
core   0: 0x80009d58 (0x00006f17) auipc   t5, 0x6
core   0: 3 0x80009d58 (0x00006f17) x30 0x8000fd58
core   0: 0x80009d5c (0x2a3f2423) sw      gp, 680(t5)
core   0: 3 0x80009d5c (0x2a3f2423) mem 0x80010000 0x00000001
core   0: 0x80009d60 (0xff9ff06f) j       pc - 0x8
core   0: 3 0x80009d60 (0xff9ff06f)
core   0: 0x80009d58 (0x00006f17) auipc   t5, 0x6
core   0: 3 0x80009d58 (0x00006f17) x30 0x8000fd58
core   0: 0x80009d5c (0x2a3f2423) sw      gp, 680(t5)
core   0: 3 0x80009d5c (0x2a3f2423) mem 0x80010000 0x00000001
core   0: 0x80009d60 (0xff9ff06f) j       pc - 0x8
core   0: 3 0x80009d60 (0xff9ff06f)
core   0: 0x80009d58 (0x00006f17) auipc   t5, 0x6
core   0: 3 0x80009d58 (0x00006f17) x30 0x8000fd58
core   0: 0x80009d5c (0x2a3f2423) sw      gp, 680(t5)
core   0: 3 0x80009d5c (0x2a3f2423) mem 0x80010000 0x00000001
core   0: 0x80009d60 (0xff9ff06f) j       pc - 0x8
core   0: 3 0x80009d60 (0xff9ff06f)
core   0: 0x80009d58 (0x00006f17) auipc   t5, 0x6
core   0: 3 0x80009d58 (0x00006f17) x30 0x8000fd58
core   0: 0x80009d5c (0x2a3f2423) sw      gp, 680(t5)
core   0: 3 0x80009d5c (0x2a3f2423) mem 0x80010000 0x00000001
core   0: 0x80009d60 (0xff9ff06f) j       pc - 0x8
core   0: 3 0x80009d60 (0xff9ff06f)
core   0: 0x80009d58 (0x00006f17) auipc   t5, 0x6
core   0: 3 0x80009d58 (0x00006f17) x30 0x8000fd58
core   0: 0x80009d5c (0x2a3f2423) sw      gp, 680(t5)
core   0: 3 0x80009d5c (0x2a3f2423) mem 0x80010000 0x00000001
core   0: 0x80009d60 (0xff9ff06f) j       pc - 0x8
core   0: 3 0x80009d60 (0xff9ff06f)
core   0: 0x80009d58 (0x00006f17) auipc   t5, 0x6
core   0: 3 0x80009d58 (0x00006f17) x30 0x8000fd58
core   0: 0x80009d5c (0x2a3f2423) sw      gp, 680(t5)
core   0: 3 0x80009d5c (0x2a3f2423) mem 0x80010000 0x00000001
core   0: 0x80009d60 (0xff9ff06f) j       pc - 0x8
core   0: 3 0x80009d60 (0xff9ff06f)
core   0: 0x80009d58 (0x00006f17) auipc   t5, 0x6
core   0: 3 0x80009d58 (0x00006f17) x30 0x8000fd58
core   0: 0x80009d5c (0x2a3f2423) sw      gp, 680(t5)
core   0: 3 0x80009d5c (0x2a3f2423) mem 0x80010000 0x00000001
core   0: 0x80009d60 (0xff9ff06f) j       pc - 0x8
core   0: 3 0x80009d60 (0xff9ff06f)
core   0: 0x80009d58 (0x00006f17) auipc   t5, 0x6
core   0: 3 0x80009d58 (0x00006f17) x30 0x8000fd58
core   0: 0x80009d5c (0x2a3f2423) sw      gp, 680(t5)
core   0: 3 0x80009d5c (0x2a3f2423) mem 0x80010000 0x00000001
core   0: 0x80009d60 (0xff9ff06f) j       pc - 0x8
core   0: 3 0x80009d60 (0xff9ff06f)
core   0: 0x80009d58 (0x00006f17) auipc   t5, 0x6
core   0: 3 0x80009d58 (0x00006f17) x30 0x8000fd58
core   0: 0x80009d5c (0x2a3f2423) sw      gp, 680(t5)
core   0: 3 0x80009d5c (0x2a3f2423) mem 0x80010000 0x00000001
core   0: 0x80009d60 (0xff9ff06f) j       pc - 0x8
core   0: 3 0x80009d60 (0xff9ff06f)
core   0: 0x80009d58 (0x00006f17) auipc   t5, 0x6
core   0: 3 0x80009d58 (0x00006f17) x30 0x8000fd58
core   0: 0x80009d5c (0x2a3f2423) sw      gp, 680(t5)
core   0: 3 0x80009d5c (0x2a3f2423) mem 0x80010000 0x00000001
core   0: 0x80009d60 (0xff9ff06f) j       pc - 0x8
core   0: 3 0x80009d60 (0xff9ff06f)
core   0: 0x80009d58 (0x00006f17) auipc   t5, 0x6
core   0: 3 0x80009d58 (0x00006f17) x30 0x8000fd58
core   0: 0x80009d5c (0x2a3f2423) sw      gp, 680(t5)
core   0: 3 0x80009d5c (0x2a3f2423) mem 0x80010000 0x00000001
core   0: 0x80009d60 (0xff9ff06f) j       pc - 0x8
core   0: 3 0x80009d60 (0xff9ff06f)
core   0: 0x80009d58 (0x00006f17) auipc   t5, 0x6
core   0: 3 0x80009d58 (0x00006f17) x30 0x8000fd58
core   0: 0x80009d5c (0x2a3f2423) sw      gp, 680(t5)
core   0: 3 0x80009d5c (0x2a3f2423) mem 0x80010000 0x00000001
core   0: 0x80009d60 (0xff9ff06f) j       pc - 0x8
core   0: 3 0x80009d60 (0xff9ff06f)
core   0: 0x80009d58 (0x00006f17) auipc   t5, 0x6
core   0: 3 0x80009d58 (0x00006f17) x30 0x8000fd58
core   0: 0x80009d5c (0x2a3f2423) sw      gp, 680(t5)
core   0: 3 0x80009d5c (0x2a3f2423) mem 0x80010000 0x00000001
core   0: 0x80009d60 (0xff9ff06f) j       pc - 0x8
core   0: 3 0x80009d60 (0xff9ff06f)
core   0: 0x80009d58 (0x00006f17) auipc   t5, 0x6
core   0: 3 0x80009d58 (0x00006f17) x30 0x8000fd58
core   0: 0x80009d5c (0x2a3f2423) sw      gp, 680(t5)
core   0: 3 0x80009d5c (0x2a3f2423) mem 0x80010000 0x00000001
core   0: 0x80009d60 (0xff9ff06f) j       pc - 0x8
core   0: 3 0x80009d60 (0xff9ff06f)
core   0: 0x80009d58 (0x00006f17) auipc   t5, 0x6
core   0: 3 0x80009d58 (0x00006f17) x30 0x8000fd58
core   0: 0x80009d5c (0x2a3f2423) sw      gp, 680(t5)
core   0: 3 0x80009d5c (0x2a3f2423) mem 0x80010000 0x00000001
core   0: 0x80009d60 (0xff9ff06f) j       pc - 0x8
core   0: 3 0x80009d60 (0xff9ff06f)
core   0: 0x80009d58 (0x00006f17) auipc   t5, 0x6
core   0: 3 0x80009d58 (0x00006f17) x30 0x8000fd58
core   0: 0x80009d5c (0x2a3f2423) sw      gp, 680(t5)
core   0: 3 0x80009d5c (0x2a3f2423) mem 0x80010000 0x00000001
core   0: 0x80009d60 (0xff9ff06f) j       pc - 0x8
core   0: 3 0x80009d60 (0xff9ff06f)
core   0: 0x80009d58 (0x00006f17) auipc   t5, 0x6
core   0: 3 0x80009d58 (0x00006f17) x30 0x8000fd58
core   0: 0x80009d5c (0x2a3f2423) sw      gp, 680(t5)
core   0: 3 0x80009d5c (0x2a3f2423) mem 0x80010000 0x00000001
core   0: 0x80009d60 (0xff9ff06f) j       pc - 0x8
core   0: 3 0x80009d60 (0xff9ff06f)
core   0: 0x80009d58 (0x00006f17) auipc   t5, 0x6
core   0: 3 0x80009d58 (0x00006f17) x30 0x8000fd58
core   0: 0x80009d5c (0x2a3f2423) sw      gp, 680(t5)
core   0: 3 0x80009d5c (0x2a3f2423) mem 0x80010000 0x00000001
core   0: 0x80009d60 (0xff9ff06f) j       pc - 0x8
core   0: 3 0x80009d60 (0xff9ff06f)
core   0: 0x80009d58 (0x00006f17) auipc   t5, 0x6
core   0: 3 0x80009d58 (0x00006f17) x30 0x8000fd58
core   0: 0x80009d5c (0x2a3f2423) sw      gp, 680(t5)
core   0: 3 0x80009d5c (0x2a3f2423) mem 0x80010000 0x00000001
core   0: 0x80009d60 (0xff9ff06f) j       pc - 0x8
core   0: 3 0x80009d60 (0xff9ff06f)
core   0: 0x80009d58 (0x00006f17) auipc   t5, 0x6
core   0: 3 0x80009d58 (0x00006f17) x30 0x8000fd58
core   0: 0x80009d5c (0x2a3f2423) sw      gp, 680(t5)
core   0: 3 0x80009d5c (0x2a3f2423) mem 0x80010000 0x00000001
core   0: 0x80009d60 (0xff9ff06f) j       pc - 0x8
core   0: 3 0x80009d60 (0xff9ff06f)
core   0: 0x80009d58 (0x00006f17) auipc   t5, 0x6
core   0: 3 0x80009d58 (0x00006f17) x30 0x8000fd58
core   0: 0x80009d5c (0x2a3f2423) sw      gp, 680(t5)
core   0: 3 0x80009d5c (0x2a3f2423) mem 0x80010000 0x00000001
core   0: 0x80009d60 (0xff9ff06f) j       pc - 0x8
core   0: 3 0x80009d60 (0xff9ff06f)
core   0: 0x80009d58 (0x00006f17) auipc   t5, 0x6
core   0: 3 0x80009d58 (0x00006f17) x30 0x8000fd58
core   0: 0x80009d5c (0x2a3f2423) sw      gp, 680(t5)
core   0: 3 0x80009d5c (0x2a3f2423) mem 0x80010000 0x00000001
core   0: 0x80009d60 (0xff9ff06f) j       pc - 0x8
core   0: 3 0x80009d60 (0xff9ff06f)
core   0: 0x80009d58 (0x00006f17) auipc   t5, 0x6
core   0: 3 0x80009d58 (0x00006f17) x30 0x8000fd58
core   0: 0x80009d5c (0x2a3f2423) sw      gp, 680(t5)
core   0: 3 0x80009d5c (0x2a3f2423) mem 0x80010000 0x00000001
core   0: 0x80009d60 (0xff9ff06f) j       pc - 0x8
core   0: 3 0x80009d60 (0xff9ff06f)
core   0: 0x80009d58 (0x00006f17) auipc   t5, 0x6
core   0: 3 0x80009d58 (0x00006f17) x30 0x8000fd58
core   0: 0x80009d5c (0x2a3f2423) sw      gp, 680(t5)
core   0: 3 0x80009d5c (0x2a3f2423) mem 0x80010000 0x00000001
core   0: 0x80009d60 (0xff9ff06f) j       pc - 0x8
core   0: 3 0x80009d60 (0xff9ff06f)
core   0: 0x80009d58 (0x00006f17) auipc   t5, 0x6
core   0: 3 0x80009d58 (0x00006f17) x30 0x8000fd58
core   0: 0x80009d5c (0x2a3f2423) sw      gp, 680(t5)
core   0: 3 0x80009d5c (0x2a3f2423) mem 0x80010000 0x00000001
core   0: 0x80009d60 (0xff9ff06f) j       pc - 0x8
core   0: 3 0x80009d60 (0xff9ff06f)
core   0: 0x80009d58 (0x00006f17) auipc   t5, 0x6
core   0: 3 0x80009d58 (0x00006f17) x30 0x8000fd58
core   0: 0x80009d5c (0x2a3f2423) sw      gp, 680(t5)
core   0: 3 0x80009d5c (0x2a3f2423) mem 0x80010000 0x00000001
core   0: 0x80009d60 (0xff9ff06f) j       pc - 0x8
core   0: 3 0x80009d60 (0xff9ff06f)
core   0: 0x80009d58 (0x00006f17) auipc   t5, 0x6
core   0: 3 0x80009d58 (0x00006f17) x30 0x8000fd58
core   0: 0x80009d5c (0x2a3f2423) sw      gp, 680(t5)
core   0: 3 0x80009d5c (0x2a3f2423) mem 0x80010000 0x00000001
core   0: 0x80009d60 (0xff9ff06f) j       pc - 0x8
core   0: 3 0x80009d60 (0xff9ff06f)
core   0: 0x80009d58 (0x00006f17) auipc   t5, 0x6
core   0: 3 0x80009d58 (0x00006f17) x30 0x8000fd58
core   0: 0x80009d5c (0x2a3f2423) sw      gp, 680(t5)
core   0: 3 0x80009d5c (0x2a3f2423) mem 0x80010000 0x00000001
core   0: 0x80009d60 (0xff9ff06f) j       pc - 0x8
core   0: 3 0x80009d60 (0xff9ff06f)
core   0: 0x80009d58 (0x00006f17) auipc   t5, 0x6
core   0: 3 0x80009d58 (0x00006f17) x30 0x8000fd58
core   0: 0x80009d5c (0x2a3f2423) sw      gp, 680(t5)
core   0: 3 0x80009d5c (0x2a3f2423) mem 0x80010000 0x00000001
core   0: 0x80009d60 (0xff9ff06f) j       pc - 0x8
core   0: 3 0x80009d60 (0xff9ff06f)
core   0: 0x80009d58 (0x00006f17) auipc   t5, 0x6
core   0: 3 0x80009d58 (0x00006f17) x30 0x8000fd58
core   0: 0x80009d5c (0x2a3f2423) sw      gp, 680(t5)
core   0: 3 0x80009d5c (0x2a3f2423) mem 0x80010000 0x00000001
core   0: 0x80009d60 (0xff9ff06f) j       pc - 0x8
core   0: 3 0x80009d60 (0xff9ff06f)
core   0: 0x80009d58 (0x00006f17) auipc   t5, 0x6
core   0: 3 0x80009d58 (0x00006f17) x30 0x8000fd58
core   0: 0x80009d5c (0x2a3f2423) sw      gp, 680(t5)
core   0: 3 0x80009d5c (0x2a3f2423) mem 0x80010000 0x00000001
core   0: 0x80009d60 (0xff9ff06f) j       pc - 0x8
core   0: 3 0x80009d60 (0xff9ff06f)
core   0: 0x80009d58 (0x00006f17) auipc   t5, 0x6
core   0: 3 0x80009d58 (0x00006f17) x30 0x8000fd58
core   0: 0x80009d5c (0x2a3f2423) sw      gp, 680(t5)
core   0: 3 0x80009d5c (0x2a3f2423) mem 0x80010000 0x00000001
core   0: 0x80009d60 (0xff9ff06f) j       pc - 0x8
core   0: 3 0x80009d60 (0xff9ff06f)
core   0: 0x80009d58 (0x00006f17) auipc   t5, 0x6
core   0: 3 0x80009d58 (0x00006f17) x30 0x8000fd58
core   0: 0x80009d5c (0x2a3f2423) sw      gp, 680(t5)
core   0: 3 0x80009d5c (0x2a3f2423) mem 0x80010000 0x00000001
core   0: 0x80009d60 (0xff9ff06f) j       pc - 0x8
core   0: 3 0x80009d60 (0xff9ff06f)
core   0: 0x80009d58 (0x00006f17) auipc   t5, 0x6
core   0: 3 0x80009d58 (0x00006f17) x30 0x8000fd58
core   0: 0x80009d5c (0x2a3f2423) sw      gp, 680(t5)
core   0: 3 0x80009d5c (0x2a3f2423) mem 0x80010000 0x00000001
core   0: 0x80009d60 (0xff9ff06f) j       pc - 0x8
core   0: 3 0x80009d60 (0xff9ff06f)
core   0: 0x80009d58 (0x00006f17) auipc   t5, 0x6
core   0: 3 0x80009d58 (0x00006f17) x30 0x8000fd58
core   0: 0x80009d5c (0x2a3f2423) sw      gp, 680(t5)
core   0: 3 0x80009d5c (0x2a3f2423) mem 0x80010000 0x00000001
core   0: 0x80009d60 (0xff9ff06f) j       pc - 0x8
core   0: 3 0x80009d60 (0xff9ff06f)
core   0: 0x80009d58 (0x00006f17) auipc   t5, 0x6
core   0: 3 0x80009d58 (0x00006f17) x30 0x8000fd58
core   0: 0x80009d5c (0x2a3f2423) sw      gp, 680(t5)
core   0: 3 0x80009d5c (0x2a3f2423) mem 0x80010000 0x00000001
core   0: 0x80009d60 (0xff9ff06f) j       pc - 0x8
core   0: 3 0x80009d60 (0xff9ff06f)
core   0: 0x80009d58 (0x00006f17) auipc   t5, 0x6
core   0: 3 0x80009d58 (0x00006f17) x30 0x8000fd58
core   0: 0x80009d5c (0x2a3f2423) sw      gp, 680(t5)
core   0: 3 0x80009d5c (0x2a3f2423) mem 0x80010000 0x00000001
core   0: 0x80009d60 (0xff9ff06f) j       pc - 0x8
core   0: 3 0x80009d60 (0xff9ff06f)
core   0: 0x80009d58 (0x00006f17) auipc   t5, 0x6
core   0: 3 0x80009d58 (0x00006f17) x30 0x8000fd58
core   0: 0x80009d5c (0x2a3f2423) sw      gp, 680(t5)
core   0: 3 0x80009d5c (0x2a3f2423) mem 0x80010000 0x00000001
core   0: 0x80009d60 (0xff9ff06f) j       pc - 0x8
core   0: 3 0x80009d60 (0xff9ff06f)
core   0: 0x80009d58 (0x00006f17) auipc   t5, 0x6
core   0: 3 0x80009d58 (0x00006f17) x30 0x8000fd58
core   0: 0x80009d5c (0x2a3f2423) sw      gp, 680(t5)
core   0: 3 0x80009d5c (0x2a3f2423) mem 0x80010000 0x00000001
core   0: 0x80009d60 (0xff9ff06f) j       pc - 0x8
core   0: 3 0x80009d60 (0xff9ff06f)
core   0: 0x80009d58 (0x00006f17) auipc   t5, 0x6
core   0: 3 0x80009d58 (0x00006f17) x30 0x8000fd58
core   0: 0x80009d5c (0x2a3f2423) sw      gp, 680(t5)
core   0: 3 0x80009d5c (0x2a3f2423) mem 0x80010000 0x00000001
core   0: 0x80009d60 (0xff9ff06f) j       pc - 0x8
core   0: 3 0x80009d60 (0xff9ff06f)
core   0: 0x80009d58 (0x00006f17) auipc   t5, 0x6
core   0: 3 0x80009d58 (0x00006f17) x30 0x8000fd58
core   0: 0x80009d5c (0x2a3f2423) sw      gp, 680(t5)
core   0: 3 0x80009d5c (0x2a3f2423) mem 0x80010000 0x00000001
core   0: 0x80009d60 (0xff9ff06f) j       pc - 0x8
core   0: 3 0x80009d60 (0xff9ff06f)
core   0: 0x80009d58 (0x00006f17) auipc   t5, 0x6
core   0: 3 0x80009d58 (0x00006f17) x30 0x8000fd58
core   0: 0x80009d5c (0x2a3f2423) sw      gp, 680(t5)
core   0: 3 0x80009d5c (0x2a3f2423) mem 0x80010000 0x00000001
core   0: 0x80009d60 (0xff9ff06f) j       pc - 0x8
core   0: 3 0x80009d60 (0xff9ff06f)
core   0: 0x80009d58 (0x00006f17) auipc   t5, 0x6
core   0: 3 0x80009d58 (0x00006f17) x30 0x8000fd58
core   0: 0x80009d5c (0x2a3f2423) sw      gp, 680(t5)
core   0: 3 0x80009d5c (0x2a3f2423) mem 0x80010000 0x00000001
core   0: 0x80009d60 (0xff9ff06f) j       pc - 0x8
core   0: 3 0x80009d60 (0xff9ff06f)
core   0: 0x80009d58 (0x00006f17) auipc   t5, 0x6
core   0: 3 0x80009d58 (0x00006f17) x30 0x8000fd58
core   0: 0x80009d5c (0x2a3f2423) sw      gp, 680(t5)
core   0: 3 0x80009d5c (0x2a3f2423) mem 0x80010000 0x00000001
core   0: 0x80009d60 (0xff9ff06f) j       pc - 0x8
core   0: 3 0x80009d60 (0xff9ff06f)
core   0: 0x80009d58 (0x00006f17) auipc   t5, 0x6
core   0: 3 0x80009d58 (0x00006f17) x30 0x8000fd58
core   0: 0x80009d5c (0x2a3f2423) sw      gp, 680(t5)
core   0: 3 0x80009d5c (0x2a3f2423) mem 0x80010000 0x00000001
core   0: 0x80009d60 (0xff9ff06f) j       pc - 0x8
core   0: 3 0x80009d60 (0xff9ff06f)
core   0: 0x80009d58 (0x00006f17) auipc   t5, 0x6
core   0: 3 0x80009d58 (0x00006f17) x30 0x8000fd58
core   0: 0x80009d5c (0x2a3f2423) sw      gp, 680(t5)
core   0: 3 0x80009d5c (0x2a3f2423) mem 0x80010000 0x00000001
core   0: 0x80009d60 (0xff9ff06f) j       pc - 0x8
core   0: 3 0x80009d60 (0xff9ff06f)
core   0: 0x80009d58 (0x00006f17) auipc   t5, 0x6
core   0: 3 0x80009d58 (0x00006f17) x30 0x8000fd58
core   0: 0x80009d5c (0x2a3f2423) sw      gp, 680(t5)
core   0: 3 0x80009d5c (0x2a3f2423) mem 0x80010000 0x00000001
core   0: 0x80009d60 (0xff9ff06f) j       pc - 0x8
core   0: 3 0x80009d60 (0xff9ff06f)
core   0: 0x80009d58 (0x00006f17) auipc   t5, 0x6
core   0: 3 0x80009d58 (0x00006f17) x30 0x8000fd58
core   0: 0x80009d5c (0x2a3f2423) sw      gp, 680(t5)
core   0: 3 0x80009d5c (0x2a3f2423) mem 0x80010000 0x00000001
core   0: 0x80009d60 (0xff9ff06f) j       pc - 0x8
core   0: 3 0x80009d60 (0xff9ff06f)
core   0: 0x80009d58 (0x00006f17) auipc   t5, 0x6
core   0: 3 0x80009d58 (0x00006f17) x30 0x8000fd58
core   0: 0x80009d5c (0x2a3f2423) sw      gp, 680(t5)
core   0: 3 0x80009d5c (0x2a3f2423) mem 0x80010000 0x00000001
core   0: 0x80009d60 (0xff9ff06f) j       pc - 0x8
core   0: 3 0x80009d60 (0xff9ff06f)
core   0: 0x80009d58 (0x00006f17) auipc   t5, 0x6
core   0: 3 0x80009d58 (0x00006f17) x30 0x8000fd58
core   0: 0x80009d5c (0x2a3f2423) sw      gp, 680(t5)
core   0: 3 0x80009d5c (0x2a3f2423) mem 0x80010000 0x00000001
core   0: 0x80009d60 (0xff9ff06f) j       pc - 0x8
core   0: 3 0x80009d60 (0xff9ff06f)
core   0: 0x80009d58 (0x00006f17) auipc   t5, 0x6
core   0: 3 0x80009d58 (0x00006f17) x30 0x8000fd58
core   0: 0x80009d5c (0x2a3f2423) sw      gp, 680(t5)
core   0: 3 0x80009d5c (0x2a3f2423) mem 0x80010000 0x00000001
core   0: 0x80009d60 (0xff9ff06f) j       pc - 0x8
core   0: 3 0x80009d60 (0xff9ff06f)
core   0: 0x80009d58 (0x00006f17) auipc   t5, 0x6
core   0: 3 0x80009d58 (0x00006f17) x30 0x8000fd58
core   0: 0x80009d5c (0x2a3f2423) sw      gp, 680(t5)
core   0: 3 0x80009d5c (0x2a3f2423) mem 0x80010000 0x00000001
core   0: 0x80009d60 (0xff9ff06f) j       pc - 0x8
core   0: 3 0x80009d60 (0xff9ff06f)
core   0: 0x80009d58 (0x00006f17) auipc   t5, 0x6
core   0: 3 0x80009d58 (0x00006f17) x30 0x8000fd58
core   0: 0x80009d5c (0x2a3f2423) sw      gp, 680(t5)
core   0: 3 0x80009d5c (0x2a3f2423) mem 0x80010000 0x00000001
core   0: 0x80009d60 (0xff9ff06f) j       pc - 0x8
core   0: 3 0x80009d60 (0xff9ff06f)
core   0: 0x80009d58 (0x00006f17) auipc   t5, 0x6
core   0: 3 0x80009d58 (0x00006f17) x30 0x8000fd58
core   0: 0x80009d5c (0x2a3f2423) sw      gp, 680(t5)
core   0: 3 0x80009d5c (0x2a3f2423) mem 0x80010000 0x00000001
core   0: 0x80009d60 (0xff9ff06f) j       pc - 0x8
core   0: 3 0x80009d60 (0xff9ff06f)
core   0: 0x80009d58 (0x00006f17) auipc   t5, 0x6
core   0: 3 0x80009d58 (0x00006f17) x30 0x8000fd58
core   0: 0x80009d5c (0x2a3f2423) sw      gp, 680(t5)
core   0: 3 0x80009d5c (0x2a3f2423) mem 0x80010000 0x00000001
core   0: 0x80009d60 (0xff9ff06f) j       pc - 0x8
core   0: 3 0x80009d60 (0xff9ff06f)
core   0: 0x80009d58 (0x00006f17) auipc   t5, 0x6
core   0: 3 0x80009d58 (0x00006f17) x30 0x8000fd58
core   0: 0x80009d5c (0x2a3f2423) sw      gp, 680(t5)
core   0: 3 0x80009d5c (0x2a3f2423) mem 0x80010000 0x00000001
core   0: 0x80009d60 (0xff9ff06f) j       pc - 0x8
core   0: 3 0x80009d60 (0xff9ff06f)
core   0: 0x80009d58 (0x00006f17) auipc   t5, 0x6
core   0: 3 0x80009d58 (0x00006f17) x30 0x8000fd58
core   0: 0x80009d5c (0x2a3f2423) sw      gp, 680(t5)
core   0: 3 0x80009d5c (0x2a3f2423) mem 0x80010000 0x00000001
core   0: 0x80009d60 (0xff9ff06f) j       pc - 0x8
core   0: 3 0x80009d60 (0xff9ff06f)
core   0: 0x80009d58 (0x00006f17) auipc   t5, 0x6
core   0: 3 0x80009d58 (0x00006f17) x30 0x8000fd58
core   0: 0x80009d5c (0x2a3f2423) sw      gp, 680(t5)
core   0: 3 0x80009d5c (0x2a3f2423) mem 0x80010000 0x00000001
core   0: 0x80009d60 (0xff9ff06f) j       pc - 0x8
core   0: 3 0x80009d60 (0xff9ff06f)
core   0: 0x80009d58 (0x00006f17) auipc   t5, 0x6
core   0: 3 0x80009d58 (0x00006f17) x30 0x8000fd58
core   0: 0x80009d5c (0x2a3f2423) sw      gp, 680(t5)
core   0: 3 0x80009d5c (0x2a3f2423) mem 0x80010000 0x00000001
core   0: 0x80009d60 (0xff9ff06f) j       pc - 0x8
core   0: 3 0x80009d60 (0xff9ff06f)
core   0: 0x80009d58 (0x00006f17) auipc   t5, 0x6
core   0: 3 0x80009d58 (0x00006f17) x30 0x8000fd58
core   0: 0x80009d5c (0x2a3f2423) sw      gp, 680(t5)
core   0: 3 0x80009d5c (0x2a3f2423) mem 0x80010000 0x00000001
core   0: 0x80009d60 (0xff9ff06f) j       pc - 0x8
core   0: 3 0x80009d60 (0xff9ff06f)
core   0: 0x80009d58 (0x00006f17) auipc   t5, 0x6
core   0: 3 0x80009d58 (0x00006f17) x30 0x8000fd58
core   0: 0x80009d5c (0x2a3f2423) sw      gp, 680(t5)
core   0: 3 0x80009d5c (0x2a3f2423) mem 0x80010000 0x00000001
core   0: 0x80009d60 (0xff9ff06f) j       pc - 0x8
core   0: 3 0x80009d60 (0xff9ff06f)
core   0: 0x80009d58 (0x00006f17) auipc   t5, 0x6
core   0: 3 0x80009d58 (0x00006f17) x30 0x8000fd58
core   0: 0x80009d5c (0x2a3f2423) sw      gp, 680(t5)
core   0: 3 0x80009d5c (0x2a3f2423) mem 0x80010000 0x00000001
core   0: 0x80009d60 (0xff9ff06f) j       pc - 0x8
core   0: 3 0x80009d60 (0xff9ff06f)
core   0: 0x80009d58 (0x00006f17) auipc   t5, 0x6
core   0: 3 0x80009d58 (0x00006f17) x30 0x8000fd58
core   0: 0x80009d5c (0x2a3f2423) sw      gp, 680(t5)
core   0: 3 0x80009d5c (0x2a3f2423) mem 0x80010000 0x00000001
core   0: 0x80009d60 (0xff9ff06f) j       pc - 0x8
core   0: 3 0x80009d60 (0xff9ff06f)
core   0: 0x80009d58 (0x00006f17) auipc   t5, 0x6
core   0: 3 0x80009d58 (0x00006f17) x30 0x8000fd58
core   0: 0x80009d5c (0x2a3f2423) sw      gp, 680(t5)
core   0: 3 0x80009d5c (0x2a3f2423) mem 0x80010000 0x00000001
core   0: 0x80009d60 (0xff9ff06f) j       pc - 0x8
core   0: 3 0x80009d60 (0xff9ff06f)
core   0: 0x80009d58 (0x00006f17) auipc   t5, 0x6
core   0: 3 0x80009d58 (0x00006f17) x30 0x8000fd58
core   0: 0x80009d5c (0x2a3f2423) sw      gp, 680(t5)
core   0: 3 0x80009d5c (0x2a3f2423) mem 0x80010000 0x00000001
core   0: 0x80009d60 (0xff9ff06f) j       pc - 0x8
core   0: 3 0x80009d60 (0xff9ff06f)
core   0: 0x80009d58 (0x00006f17) auipc   t5, 0x6
core   0: 3 0x80009d58 (0x00006f17) x30 0x8000fd58
core   0: 0x80009d5c (0x2a3f2423) sw      gp, 680(t5)
core   0: 3 0x80009d5c (0x2a3f2423) mem 0x80010000 0x00000001
core   0: 0x80009d60 (0xff9ff06f) j       pc - 0x8
core   0: 3 0x80009d60 (0xff9ff06f)
core   0: 0x80009d58 (0x00006f17) auipc   t5, 0x6
core   0: 3 0x80009d58 (0x00006f17) x30 0x8000fd58
core   0: 0x80009d5c (0x2a3f2423) sw      gp, 680(t5)
core   0: 3 0x80009d5c (0x2a3f2423) mem 0x80010000 0x00000001
core   0: 0x80009d60 (0xff9ff06f) j       pc - 0x8
core   0: 3 0x80009d60 (0xff9ff06f)
core   0: 0x80009d58 (0x00006f17) auipc   t5, 0x6
core   0: 3 0x80009d58 (0x00006f17) x30 0x8000fd58
core   0: 0x80009d5c (0x2a3f2423) sw      gp, 680(t5)
core   0: 3 0x80009d5c (0x2a3f2423) mem 0x80010000 0x00000001
core   0: 0x80009d60 (0xff9ff06f) j       pc - 0x8
core   0: 3 0x80009d60 (0xff9ff06f)
core   0: 0x80009d58 (0x00006f17) auipc   t5, 0x6
core   0: 3 0x80009d58 (0x00006f17) x30 0x8000fd58
core   0: 0x80009d5c (0x2a3f2423) sw      gp, 680(t5)
core   0: 3 0x80009d5c (0x2a3f2423) mem 0x80010000 0x00000001
core   0: 0x80009d60 (0xff9ff06f) j       pc - 0x8
core   0: 3 0x80009d60 (0xff9ff06f)
core   0: 0x80009d58 (0x00006f17) auipc   t5, 0x6
core   0: 3 0x80009d58 (0x00006f17) x30 0x8000fd58
core   0: 0x80009d5c (0x2a3f2423) sw      gp, 680(t5)
core   0: 3 0x80009d5c (0x2a3f2423) mem 0x80010000 0x00000001
core   0: 0x80009d60 (0xff9ff06f) j       pc - 0x8
core   0: 3 0x80009d60 (0xff9ff06f)
core   0: 0x80009d58 (0x00006f17) auipc   t5, 0x6
core   0: 3 0x80009d58 (0x00006f17) x30 0x8000fd58
core   0: 0x80009d5c (0x2a3f2423) sw      gp, 680(t5)
core   0: 3 0x80009d5c (0x2a3f2423) mem 0x80010000 0x00000001
core   0: 0x80009d60 (0xff9ff06f) j       pc - 0x8
core   0: 3 0x80009d60 (0xff9ff06f)
core   0: 0x80009d58 (0x00006f17) auipc   t5, 0x6
core   0: 3 0x80009d58 (0x00006f17) x30 0x8000fd58
core   0: 0x80009d5c (0x2a3f2423) sw      gp, 680(t5)
core   0: 3 0x80009d5c (0x2a3f2423) mem 0x80010000 0x00000001
core   0: 0x80009d60 (0xff9ff06f) j       pc - 0x8
core   0: 3 0x80009d60 (0xff9ff06f)
core   0: 0x80009d58 (0x00006f17) auipc   t5, 0x6
core   0: 3 0x80009d58 (0x00006f17) x30 0x8000fd58
core   0: 0x80009d5c (0x2a3f2423) sw      gp, 680(t5)
core   0: 3 0x80009d5c (0x2a3f2423) mem 0x80010000 0x00000001
core   0: 0x80009d60 (0xff9ff06f) j       pc - 0x8
core   0: 3 0x80009d60 (0xff9ff06f)
core   0: 0x80009d58 (0x00006f17) auipc   t5, 0x6
core   0: 3 0x80009d58 (0x00006f17) x30 0x8000fd58
core   0: 0x80009d5c (0x2a3f2423) sw      gp, 680(t5)
core   0: 3 0x80009d5c (0x2a3f2423) mem 0x80010000 0x00000001
core   0: 0x80009d60 (0xff9ff06f) j       pc - 0x8
core   0: 3 0x80009d60 (0xff9ff06f)
core   0: 0x80009d58 (0x00006f17) auipc   t5, 0x6
core   0: 3 0x80009d58 (0x00006f17) x30 0x8000fd58
core   0: 0x80009d5c (0x2a3f2423) sw      gp, 680(t5)
core   0: 3 0x80009d5c (0x2a3f2423) mem 0x80010000 0x00000001
core   0: 0x80009d60 (0xff9ff06f) j       pc - 0x8
core   0: 3 0x80009d60 (0xff9ff06f)
core   0: 0x80009d58 (0x00006f17) auipc   t5, 0x6
core   0: 3 0x80009d58 (0x00006f17) x30 0x8000fd58
core   0: 0x80009d5c (0x2a3f2423) sw      gp, 680(t5)
core   0: 3 0x80009d5c (0x2a3f2423) mem 0x80010000 0x00000001
core   0: 0x80009d60 (0xff9ff06f) j       pc - 0x8
core   0: 3 0x80009d60 (0xff9ff06f)
core   0: 0x80009d58 (0x00006f17) auipc   t5, 0x6
core   0: 3 0x80009d58 (0x00006f17) x30 0x8000fd58
core   0: 0x80009d5c (0x2a3f2423) sw      gp, 680(t5)
core   0: 3 0x80009d5c (0x2a3f2423) mem 0x80010000 0x00000001
core   0: 0x80009d60 (0xff9ff06f) j       pc - 0x8
core   0: 3 0x80009d60 (0xff9ff06f)
core   0: 0x80009d58 (0x00006f17) auipc   t5, 0x6
core   0: 3 0x80009d58 (0x00006f17) x30 0x8000fd58
core   0: 0x80009d5c (0x2a3f2423) sw      gp, 680(t5)
core   0: 3 0x80009d5c (0x2a3f2423) mem 0x80010000 0x00000001
core   0: 0x80009d60 (0xff9ff06f) j       pc - 0x8
core   0: 3 0x80009d60 (0xff9ff06f)
core   0: 0x80009d58 (0x00006f17) auipc   t5, 0x6
core   0: 3 0x80009d58 (0x00006f17) x30 0x8000fd58
core   0: 0x80009d5c (0x2a3f2423) sw      gp, 680(t5)
core   0: 3 0x80009d5c (0x2a3f2423) mem 0x80010000 0x00000001
core   0: 0x80009d60 (0xff9ff06f) j       pc - 0x8
core   0: 3 0x80009d60 (0xff9ff06f)
core   0: 0x80009d58 (0x00006f17) auipc   t5, 0x6
core   0: 3 0x80009d58 (0x00006f17) x30 0x8000fd58
core   0: 0x80009d5c (0x2a3f2423) sw      gp, 680(t5)
core   0: 3 0x80009d5c (0x2a3f2423) mem 0x80010000 0x00000001
core   0: 0x80009d60 (0xff9ff06f) j       pc - 0x8
core   0: 3 0x80009d60 (0xff9ff06f)
core   0: 0x80009d58 (0x00006f17) auipc   t5, 0x6
core   0: 3 0x80009d58 (0x00006f17) x30 0x8000fd58
core   0: 0x80009d5c (0x2a3f2423) sw      gp, 680(t5)
core   0: 3 0x80009d5c (0x2a3f2423) mem 0x80010000 0x00000001
core   0: 0x80009d60 (0xff9ff06f) j       pc - 0x8
core   0: 3 0x80009d60 (0xff9ff06f)
core   0: 0x80009d58 (0x00006f17) auipc   t5, 0x6
core   0: 3 0x80009d58 (0x00006f17) x30 0x8000fd58
core   0: 0x80009d5c (0x2a3f2423) sw      gp, 680(t5)
core   0: 3 0x80009d5c (0x2a3f2423) mem 0x80010000 0x00000001
core   0: 0x80009d60 (0xff9ff06f) j       pc - 0x8
core   0: 3 0x80009d60 (0xff9ff06f)
core   0: 0x80009d58 (0x00006f17) auipc   t5, 0x6
core   0: 3 0x80009d58 (0x00006f17) x30 0x8000fd58
core   0: 0x80009d5c (0x2a3f2423) sw      gp, 680(t5)
core   0: 3 0x80009d5c (0x2a3f2423) mem 0x80010000 0x00000001
core   0: 0x80009d60 (0xff9ff06f) j       pc - 0x8
core   0: 3 0x80009d60 (0xff9ff06f)
core   0: 0x80009d58 (0x00006f17) auipc   t5, 0x6
core   0: 3 0x80009d58 (0x00006f17) x30 0x8000fd58
core   0: 0x80009d5c (0x2a3f2423) sw      gp, 680(t5)
core   0: 3 0x80009d5c (0x2a3f2423) mem 0x80010000 0x00000001
core   0: 0x80009d60 (0xff9ff06f) j       pc - 0x8
core   0: 3 0x80009d60 (0xff9ff06f)
core   0: 0x80009d58 (0x00006f17) auipc   t5, 0x6
core   0: 3 0x80009d58 (0x00006f17) x30 0x8000fd58
core   0: 0x80009d5c (0x2a3f2423) sw      gp, 680(t5)
core   0: 3 0x80009d5c (0x2a3f2423) mem 0x80010000 0x00000001
core   0: 0x80009d60 (0xff9ff06f) j       pc - 0x8
core   0: 3 0x80009d60 (0xff9ff06f)
core   0: 0x80009d58 (0x00006f17) auipc   t5, 0x6
core   0: 3 0x80009d58 (0x00006f17) x30 0x8000fd58
core   0: 0x80009d5c (0x2a3f2423) sw      gp, 680(t5)
core   0: 3 0x80009d5c (0x2a3f2423) mem 0x80010000 0x00000001
core   0: 0x80009d60 (0xff9ff06f) j       pc - 0x8
core   0: 3 0x80009d60 (0xff9ff06f)
core   0: 0x80009d58 (0x00006f17) auipc   t5, 0x6
core   0: 3 0x80009d58 (0x00006f17) x30 0x8000fd58
core   0: 0x80009d5c (0x2a3f2423) sw      gp, 680(t5)
core   0: 3 0x80009d5c (0x2a3f2423) mem 0x80010000 0x00000001
core   0: 0x80009d60 (0xff9ff06f) j       pc - 0x8
core   0: 3 0x80009d60 (0xff9ff06f)
core   0: 0x80009d58 (0x00006f17) auipc   t5, 0x6
core   0: 3 0x80009d58 (0x00006f17) x30 0x8000fd58
core   0: 0x80009d5c (0x2a3f2423) sw      gp, 680(t5)
core   0: 3 0x80009d5c (0x2a3f2423) mem 0x80010000 0x00000001
core   0: 0x80009d60 (0xff9ff06f) j       pc - 0x8
core   0: 3 0x80009d60 (0xff9ff06f)
core   0: 0x80009d58 (0x00006f17) auipc   t5, 0x6
core   0: 3 0x80009d58 (0x00006f17) x30 0x8000fd58
core   0: 0x80009d5c (0x2a3f2423) sw      gp, 680(t5)
core   0: 3 0x80009d5c (0x2a3f2423) mem 0x80010000 0x00000001
core   0: 0x80009d60 (0xff9ff06f) j       pc - 0x8
core   0: 3 0x80009d60 (0xff9ff06f)
core   0: 0x80009d58 (0x00006f17) auipc   t5, 0x6
core   0: 3 0x80009d58 (0x00006f17) x30 0x8000fd58
core   0: 0x80009d5c (0x2a3f2423) sw      gp, 680(t5)
core   0: 3 0x80009d5c (0x2a3f2423) mem 0x80010000 0x00000001
core   0: 0x80009d60 (0xff9ff06f) j       pc - 0x8
core   0: 3 0x80009d60 (0xff9ff06f)
core   0: 0x80009d58 (0x00006f17) auipc   t5, 0x6
core   0: 3 0x80009d58 (0x00006f17) x30 0x8000fd58
core   0: 0x80009d5c (0x2a3f2423) sw      gp, 680(t5)
core   0: 3 0x80009d5c (0x2a3f2423) mem 0x80010000 0x00000001
core   0: 0x80009d60 (0xff9ff06f) j       pc - 0x8
core   0: 3 0x80009d60 (0xff9ff06f)
core   0: 0x80009d58 (0x00006f17) auipc   t5, 0x6
core   0: 3 0x80009d58 (0x00006f17) x30 0x8000fd58
core   0: 0x80009d5c (0x2a3f2423) sw      gp, 680(t5)
core   0: 3 0x80009d5c (0x2a3f2423) mem 0x80010000 0x00000001
core   0: 0x80009d60 (0xff9ff06f) j       pc - 0x8
core   0: 3 0x80009d60 (0xff9ff06f)
core   0: 0x80009d58 (0x00006f17) auipc   t5, 0x6
core   0: 3 0x80009d58 (0x00006f17) x30 0x8000fd58
core   0: 0x80009d5c (0x2a3f2423) sw      gp, 680(t5)
core   0: 3 0x80009d5c (0x2a3f2423) mem 0x80010000 0x00000001
core   0: 0x80009d60 (0xff9ff06f) j       pc - 0x8
core   0: 3 0x80009d60 (0xff9ff06f)
core   0: 0x80009d58 (0x00006f17) auipc   t5, 0x6
core   0: 3 0x80009d58 (0x00006f17) x30 0x8000fd58
core   0: 0x80009d5c (0x2a3f2423) sw      gp, 680(t5)
core   0: 3 0x80009d5c (0x2a3f2423) mem 0x80010000 0x00000001
core   0: 0x80009d60 (0xff9ff06f) j       pc - 0x8
core   0: 3 0x80009d60 (0xff9ff06f)
core   0: 0x80009d58 (0x00006f17) auipc   t5, 0x6
core   0: 3 0x80009d58 (0x00006f17) x30 0x8000fd58
core   0: 0x80009d5c (0x2a3f2423) sw      gp, 680(t5)
core   0: 3 0x80009d5c (0x2a3f2423) mem 0x80010000 0x00000001
core   0: 0x80009d60 (0xff9ff06f) j       pc - 0x8
core   0: 3 0x80009d60 (0xff9ff06f)
core   0: 0x80009d58 (0x00006f17) auipc   t5, 0x6
core   0: 3 0x80009d58 (0x00006f17) x30 0x8000fd58
core   0: 0x80009d5c (0x2a3f2423) sw      gp, 680(t5)
core   0: 3 0x80009d5c (0x2a3f2423) mem 0x80010000 0x00000001
core   0: 0x80009d60 (0xff9ff06f) j       pc - 0x8
core   0: 3 0x80009d60 (0xff9ff06f)
core   0: 0x80009d58 (0x00006f17) auipc   t5, 0x6
core   0: 3 0x80009d58 (0x00006f17) x30 0x8000fd58
core   0: 0x80009d5c (0x2a3f2423) sw      gp, 680(t5)
core   0: 3 0x80009d5c (0x2a3f2423) mem 0x80010000 0x00000001
core   0: 0x80009d60 (0xff9ff06f) j       pc - 0x8
core   0: 3 0x80009d60 (0xff9ff06f)
core   0: 0x80009d58 (0x00006f17) auipc   t5, 0x6
core   0: 3 0x80009d58 (0x00006f17) x30 0x8000fd58
core   0: 0x80009d5c (0x2a3f2423) sw      gp, 680(t5)
core   0: 3 0x80009d5c (0x2a3f2423) mem 0x80010000 0x00000001
core   0: 0x80009d60 (0xff9ff06f) j       pc - 0x8
core   0: 3 0x80009d60 (0xff9ff06f)
core   0: 0x80009d58 (0x00006f17) auipc   t5, 0x6
core   0: 3 0x80009d58 (0x00006f17) x30 0x8000fd58
core   0: 0x80009d5c (0x2a3f2423) sw      gp, 680(t5)
core   0: 3 0x80009d5c (0x2a3f2423) mem 0x80010000 0x00000001
core   0: 0x80009d60 (0xff9ff06f) j       pc - 0x8
core   0: 3 0x80009d60 (0xff9ff06f)
core   0: 0x80009d58 (0x00006f17) auipc   t5, 0x6
core   0: 3 0x80009d58 (0x00006f17) x30 0x8000fd58
core   0: 0x80009d5c (0x2a3f2423) sw      gp, 680(t5)
core   0: 3 0x80009d5c (0x2a3f2423) mem 0x80010000 0x00000001
core   0: 0x80009d60 (0xff9ff06f) j       pc - 0x8
core   0: 3 0x80009d60 (0xff9ff06f)
core   0: 0x80009d58 (0x00006f17) auipc   t5, 0x6
core   0: 3 0x80009d58 (0x00006f17) x30 0x8000fd58
core   0: 0x80009d5c (0x2a3f2423) sw      gp, 680(t5)
core   0: 3 0x80009d5c (0x2a3f2423) mem 0x80010000 0x00000001
core   0: 0x80009d60 (0xff9ff06f) j       pc - 0x8
core   0: 3 0x80009d60 (0xff9ff06f)
core   0: 0x80009d58 (0x00006f17) auipc   t5, 0x6
core   0: 3 0x80009d58 (0x00006f17) x30 0x8000fd58
core   0: 0x80009d5c (0x2a3f2423) sw      gp, 680(t5)
core   0: 3 0x80009d5c (0x2a3f2423) mem 0x80010000 0x00000001
core   0: 0x80009d60 (0xff9ff06f) j       pc - 0x8
core   0: 3 0x80009d60 (0xff9ff06f)
core   0: 0x80009d58 (0x00006f17) auipc   t5, 0x6
core   0: 3 0x80009d58 (0x00006f17) x30 0x8000fd58
core   0: 0x80009d5c (0x2a3f2423) sw      gp, 680(t5)
core   0: 3 0x80009d5c (0x2a3f2423) mem 0x80010000 0x00000001
core   0: 0x80009d60 (0xff9ff06f) j       pc - 0x8
core   0: 3 0x80009d60 (0xff9ff06f)
core   0: 0x80009d58 (0x00006f17) auipc   t5, 0x6
core   0: 3 0x80009d58 (0x00006f17) x30 0x8000fd58
core   0: 0x80009d5c (0x2a3f2423) sw      gp, 680(t5)
core   0: 3 0x80009d5c (0x2a3f2423) mem 0x80010000 0x00000001
core   0: 0x80009d60 (0xff9ff06f) j       pc - 0x8
core   0: 3 0x80009d60 (0xff9ff06f)
core   0: 0x80009d58 (0x00006f17) auipc   t5, 0x6
core   0: 3 0x80009d58 (0x00006f17) x30 0x8000fd58
core   0: 0x80009d5c (0x2a3f2423) sw      gp, 680(t5)
core   0: 3 0x80009d5c (0x2a3f2423) mem 0x80010000 0x00000001
core   0: 0x80009d60 (0xff9ff06f) j       pc - 0x8
core   0: 3 0x80009d60 (0xff9ff06f)
core   0: 0x80009d58 (0x00006f17) auipc   t5, 0x6
core   0: 3 0x80009d58 (0x00006f17) x30 0x8000fd58
core   0: 0x80009d5c (0x2a3f2423) sw      gp, 680(t5)
core   0: 3 0x80009d5c (0x2a3f2423) mem 0x80010000 0x00000001
core   0: 0x80009d60 (0xff9ff06f) j       pc - 0x8
core   0: 3 0x80009d60 (0xff9ff06f)
core   0: 0x80009d58 (0x00006f17) auipc   t5, 0x6
core   0: 3 0x80009d58 (0x00006f17) x30 0x8000fd58
core   0: 0x80009d5c (0x2a3f2423) sw      gp, 680(t5)
core   0: 3 0x80009d5c (0x2a3f2423) mem 0x80010000 0x00000001
core   0: 0x80009d60 (0xff9ff06f) j       pc - 0x8
core   0: 3 0x80009d60 (0xff9ff06f)
core   0: 0x80009d58 (0x00006f17) auipc   t5, 0x6
core   0: 3 0x80009d58 (0x00006f17) x30 0x8000fd58
core   0: 0x80009d5c (0x2a3f2423) sw      gp, 680(t5)
core   0: 3 0x80009d5c (0x2a3f2423) mem 0x80010000 0x00000001
core   0: 0x80009d60 (0xff9ff06f) j       pc - 0x8
core   0: 3 0x80009d60 (0xff9ff06f)
core   0: 0x80009d58 (0x00006f17) auipc   t5, 0x6
core   0: 3 0x80009d58 (0x00006f17) x30 0x8000fd58
core   0: 0x80009d5c (0x2a3f2423) sw      gp, 680(t5)
core   0: 3 0x80009d5c (0x2a3f2423) mem 0x80010000 0x00000001
core   0: 0x80009d60 (0xff9ff06f) j       pc - 0x8
core   0: 3 0x80009d60 (0xff9ff06f)
core   0: 0x80009d58 (0x00006f17) auipc   t5, 0x6
core   0: 3 0x80009d58 (0x00006f17) x30 0x8000fd58
core   0: 0x80009d5c (0x2a3f2423) sw      gp, 680(t5)
core   0: 3 0x80009d5c (0x2a3f2423) mem 0x80010000 0x00000001
core   0: 0x80009d60 (0xff9ff06f) j       pc - 0x8
core   0: 3 0x80009d60 (0xff9ff06f)
core   0: 0x80009d58 (0x00006f17) auipc   t5, 0x6
core   0: 3 0x80009d58 (0x00006f17) x30 0x8000fd58
core   0: 0x80009d5c (0x2a3f2423) sw      gp, 680(t5)
core   0: 3 0x80009d5c (0x2a3f2423) mem 0x80010000 0x00000001
core   0: 0x80009d60 (0xff9ff06f) j       pc - 0x8
core   0: 3 0x80009d60 (0xff9ff06f)
core   0: 0x80009d58 (0x00006f17) auipc   t5, 0x6
core   0: 3 0x80009d58 (0x00006f17) x30 0x8000fd58
core   0: 0x80009d5c (0x2a3f2423) sw      gp, 680(t5)
core   0: 3 0x80009d5c (0x2a3f2423) mem 0x80010000 0x00000001
core   0: 0x80009d60 (0xff9ff06f) j       pc - 0x8
core   0: 3 0x80009d60 (0xff9ff06f)
core   0: 0x80009d58 (0x00006f17) auipc   t5, 0x6
core   0: 3 0x80009d58 (0x00006f17) x30 0x8000fd58
core   0: 0x80009d5c (0x2a3f2423) sw      gp, 680(t5)
core   0: 3 0x80009d5c (0x2a3f2423) mem 0x80010000 0x00000001
core   0: 0x80009d60 (0xff9ff06f) j       pc - 0x8
core   0: 3 0x80009d60 (0xff9ff06f)
core   0: 0x80009d58 (0x00006f17) auipc   t5, 0x6
core   0: 3 0x80009d58 (0x00006f17) x30 0x8000fd58
core   0: 0x80009d5c (0x2a3f2423) sw      gp, 680(t5)
core   0: 3 0x80009d5c (0x2a3f2423) mem 0x80010000 0x00000001
core   0: 0x80009d60 (0xff9ff06f) j       pc - 0x8
core   0: 3 0x80009d60 (0xff9ff06f)
core   0: 0x80009d58 (0x00006f17) auipc   t5, 0x6
core   0: 3 0x80009d58 (0x00006f17) x30 0x8000fd58
core   0: 0x80009d5c (0x2a3f2423) sw      gp, 680(t5)
core   0: 3 0x80009d5c (0x2a3f2423) mem 0x80010000 0x00000001
core   0: 0x80009d60 (0xff9ff06f) j       pc - 0x8
core   0: 3 0x80009d60 (0xff9ff06f)
core   0: 0x80009d58 (0x00006f17) auipc   t5, 0x6
core   0: 3 0x80009d58 (0x00006f17) x30 0x8000fd58
core   0: 0x80009d5c (0x2a3f2423) sw      gp, 680(t5)
core   0: 3 0x80009d5c (0x2a3f2423) mem 0x80010000 0x00000001
core   0: 0x80009d60 (0xff9ff06f) j       pc - 0x8
core   0: 3 0x80009d60 (0xff9ff06f)
core   0: 0x80009d58 (0x00006f17) auipc   t5, 0x6
core   0: 3 0x80009d58 (0x00006f17) x30 0x8000fd58
core   0: 0x80009d5c (0x2a3f2423) sw      gp, 680(t5)
core   0: 3 0x80009d5c (0x2a3f2423) mem 0x80010000 0x00000001
core   0: 0x80009d60 (0xff9ff06f) j       pc - 0x8
core   0: 3 0x80009d60 (0xff9ff06f)
core   0: 0x80009d58 (0x00006f17) auipc   t5, 0x6
core   0: 3 0x80009d58 (0x00006f17) x30 0x8000fd58
core   0: 0x80009d5c (0x2a3f2423) sw      gp, 680(t5)
core   0: 3 0x80009d5c (0x2a3f2423) mem 0x80010000 0x00000001
core   0: 0x80009d60 (0xff9ff06f) j       pc - 0x8
core   0: 3 0x80009d60 (0xff9ff06f)
core   0: 0x80009d58 (0x00006f17) auipc   t5, 0x6
core   0: 3 0x80009d58 (0x00006f17) x30 0x8000fd58
core   0: 0x80009d5c (0x2a3f2423) sw      gp, 680(t5)
core   0: 3 0x80009d5c (0x2a3f2423) mem 0x80010000 0x00000001
core   0: 0x80009d60 (0xff9ff06f) j       pc - 0x8
core   0: 3 0x80009d60 (0xff9ff06f)
core   0: 0x80009d58 (0x00006f17) auipc   t5, 0x6
core   0: 3 0x80009d58 (0x00006f17) x30 0x8000fd58
core   0: 0x80009d5c (0x2a3f2423) sw      gp, 680(t5)
core   0: 3 0x80009d5c (0x2a3f2423) mem 0x80010000 0x00000001
core   0: 0x80009d60 (0xff9ff06f) j       pc - 0x8
core   0: 3 0x80009d60 (0xff9ff06f)
core   0: 0x80009d58 (0x00006f17) auipc   t5, 0x6
core   0: 3 0x80009d58 (0x00006f17) x30 0x8000fd58
core   0: 0x80009d5c (0x2a3f2423) sw      gp, 680(t5)
core   0: 3 0x80009d5c (0x2a3f2423) mem 0x80010000 0x00000001
core   0: 0x80009d60 (0xff9ff06f) j       pc - 0x8
core   0: 3 0x80009d60 (0xff9ff06f)
core   0: 0x80009d58 (0x00006f17) auipc   t5, 0x6
core   0: 3 0x80009d58 (0x00006f17) x30 0x8000fd58
core   0: 0x80009d5c (0x2a3f2423) sw      gp, 680(t5)
core   0: 3 0x80009d5c (0x2a3f2423) mem 0x80010000 0x00000001
core   0: 0x80009d60 (0xff9ff06f) j       pc - 0x8
core   0: 3 0x80009d60 (0xff9ff06f)
core   0: 0x80009d58 (0x00006f17) auipc   t5, 0x6
core   0: 3 0x80009d58 (0x00006f17) x30 0x8000fd58
core   0: 0x80009d5c (0x2a3f2423) sw      gp, 680(t5)
core   0: 3 0x80009d5c (0x2a3f2423) mem 0x80010000 0x00000001
core   0: 0x80009d60 (0xff9ff06f) j       pc - 0x8
core   0: 3 0x80009d60 (0xff9ff06f)
core   0: 0x80009d58 (0x00006f17) auipc   t5, 0x6
core   0: 3 0x80009d58 (0x00006f17) x30 0x8000fd58
core   0: 0x80009d5c (0x2a3f2423) sw      gp, 680(t5)
core   0: 3 0x80009d5c (0x2a3f2423) mem 0x80010000 0x00000001
core   0: 0x80009d60 (0xff9ff06f) j       pc - 0x8
core   0: 3 0x80009d60 (0xff9ff06f)
core   0: 0x80009d58 (0x00006f17) auipc   t5, 0x6
core   0: 3 0x80009d58 (0x00006f17) x30 0x8000fd58
core   0: 0x80009d5c (0x2a3f2423) sw      gp, 680(t5)
core   0: 3 0x80009d5c (0x2a3f2423) mem 0x80010000 0x00000001
core   0: 0x80009d60 (0xff9ff06f) j       pc - 0x8
core   0: 3 0x80009d60 (0xff9ff06f)
core   0: 0x80009d58 (0x00006f17) auipc   t5, 0x6
core   0: 3 0x80009d58 (0x00006f17) x30 0x8000fd58
core   0: 0x80009d5c (0x2a3f2423) sw      gp, 680(t5)
core   0: 3 0x80009d5c (0x2a3f2423) mem 0x80010000 0x00000001
core   0: 0x80009d60 (0xff9ff06f) j       pc - 0x8
core   0: 3 0x80009d60 (0xff9ff06f)
core   0: 0x80009d58 (0x00006f17) auipc   t5, 0x6
core   0: 3 0x80009d58 (0x00006f17) x30 0x8000fd58
core   0: 0x80009d5c (0x2a3f2423) sw      gp, 680(t5)
core   0: 3 0x80009d5c (0x2a3f2423) mem 0x80010000 0x00000001
core   0: 0x80009d60 (0xff9ff06f) j       pc - 0x8
core   0: 3 0x80009d60 (0xff9ff06f)
core   0: 0x80009d58 (0x00006f17) auipc   t5, 0x6
core   0: 3 0x80009d58 (0x00006f17) x30 0x8000fd58
core   0: 0x80009d5c (0x2a3f2423) sw      gp, 680(t5)
core   0: 3 0x80009d5c (0x2a3f2423) mem 0x80010000 0x00000001
core   0: 0x80009d60 (0xff9ff06f) j       pc - 0x8
core   0: 3 0x80009d60 (0xff9ff06f)
core   0: 0x80009d58 (0x00006f17) auipc   t5, 0x6
core   0: 3 0x80009d58 (0x00006f17) x30 0x8000fd58
core   0: 0x80009d5c (0x2a3f2423) sw      gp, 680(t5)
core   0: 3 0x80009d5c (0x2a3f2423) mem 0x80010000 0x00000001
core   0: 0x80009d60 (0xff9ff06f) j       pc - 0x8
core   0: 3 0x80009d60 (0xff9ff06f)
core   0: 0x80009d58 (0x00006f17) auipc   t5, 0x6
core   0: 3 0x80009d58 (0x00006f17) x30 0x8000fd58
core   0: 0x80009d5c (0x2a3f2423) sw      gp, 680(t5)
core   0: 3 0x80009d5c (0x2a3f2423) mem 0x80010000 0x00000001
core   0: 0x80009d60 (0xff9ff06f) j       pc - 0x8
core   0: 3 0x80009d60 (0xff9ff06f)
core   0: 0x80009d58 (0x00006f17) auipc   t5, 0x6
core   0: 3 0x80009d58 (0x00006f17) x30 0x8000fd58
core   0: 0x80009d5c (0x2a3f2423) sw      gp, 680(t5)
core   0: 3 0x80009d5c (0x2a3f2423) mem 0x80010000 0x00000001
core   0: 0x80009d60 (0xff9ff06f) j       pc - 0x8
core   0: 3 0x80009d60 (0xff9ff06f)
core   0: 0x80009d58 (0x00006f17) auipc   t5, 0x6
core   0: 3 0x80009d58 (0x00006f17) x30 0x8000fd58
core   0: 0x80009d5c (0x2a3f2423) sw      gp, 680(t5)
core   0: 3 0x80009d5c (0x2a3f2423) mem 0x80010000 0x00000001
core   0: 0x80009d60 (0xff9ff06f) j       pc - 0x8
core   0: 3 0x80009d60 (0xff9ff06f)
core   0: 0x80009d58 (0x00006f17) auipc   t5, 0x6
core   0: 3 0x80009d58 (0x00006f17) x30 0x8000fd58
core   0: 0x80009d5c (0x2a3f2423) sw      gp, 680(t5)
core   0: 3 0x80009d5c (0x2a3f2423) mem 0x80010000 0x00000001
core   0: 0x80009d60 (0xff9ff06f) j       pc - 0x8
core   0: 3 0x80009d60 (0xff9ff06f)
core   0: 0x80009d58 (0x00006f17) auipc   t5, 0x6
core   0: 3 0x80009d58 (0x00006f17) x30 0x8000fd58
core   0: 0x80009d5c (0x2a3f2423) sw      gp, 680(t5)
core   0: 3 0x80009d5c (0x2a3f2423) mem 0x80010000 0x00000001
core   0: 0x80009d60 (0xff9ff06f) j       pc - 0x8
core   0: 3 0x80009d60 (0xff9ff06f)
core   0: 0x80009d58 (0x00006f17) auipc   t5, 0x6
core   0: 3 0x80009d58 (0x00006f17) x30 0x8000fd58
core   0: 0x80009d5c (0x2a3f2423) sw      gp, 680(t5)
core   0: 3 0x80009d5c (0x2a3f2423) mem 0x80010000 0x00000001
core   0: 0x80009d60 (0xff9ff06f) j       pc - 0x8
core   0: 3 0x80009d60 (0xff9ff06f)
core   0: 0x80009d58 (0x00006f17) auipc   t5, 0x6
core   0: 3 0x80009d58 (0x00006f17) x30 0x8000fd58
core   0: 0x80009d5c (0x2a3f2423) sw      gp, 680(t5)
core   0: 3 0x80009d5c (0x2a3f2423) mem 0x80010000 0x00000001
core   0: 0x80009d60 (0xff9ff06f) j       pc - 0x8
core   0: 3 0x80009d60 (0xff9ff06f)
core   0: 0x80009d58 (0x00006f17) auipc   t5, 0x6
core   0: 3 0x80009d58 (0x00006f17) x30 0x8000fd58
core   0: 0x80009d5c (0x2a3f2423) sw      gp, 680(t5)
core   0: 3 0x80009d5c (0x2a3f2423) mem 0x80010000 0x00000001
core   0: 0x80009d60 (0xff9ff06f) j       pc - 0x8
core   0: 3 0x80009d60 (0xff9ff06f)
core   0: 0x80009d58 (0x00006f17) auipc   t5, 0x6
core   0: 3 0x80009d58 (0x00006f17) x30 0x8000fd58
core   0: 0x80009d5c (0x2a3f2423) sw      gp, 680(t5)
core   0: 3 0x80009d5c (0x2a3f2423) mem 0x80010000 0x00000001
core   0: 0x80009d60 (0xff9ff06f) j       pc - 0x8
core   0: 3 0x80009d60 (0xff9ff06f)
core   0: 0x80009d58 (0x00006f17) auipc   t5, 0x6
core   0: 3 0x80009d58 (0x00006f17) x30 0x8000fd58
core   0: 0x80009d5c (0x2a3f2423) sw      gp, 680(t5)
core   0: 3 0x80009d5c (0x2a3f2423) mem 0x80010000 0x00000001
core   0: 0x80009d60 (0xff9ff06f) j       pc - 0x8
core   0: 3 0x80009d60 (0xff9ff06f)
core   0: 0x80009d58 (0x00006f17) auipc   t5, 0x6
core   0: 3 0x80009d58 (0x00006f17) x30 0x8000fd58
core   0: 0x80009d5c (0x2a3f2423) sw      gp, 680(t5)
core   0: 3 0x80009d5c (0x2a3f2423) mem 0x80010000 0x00000001
core   0: 0x80009d60 (0xff9ff06f) j       pc - 0x8
core   0: 3 0x80009d60 (0xff9ff06f)
core   0: 0x80009d58 (0x00006f17) auipc   t5, 0x6
core   0: 3 0x80009d58 (0x00006f17) x30 0x8000fd58
core   0: 0x80009d5c (0x2a3f2423) sw      gp, 680(t5)
core   0: 3 0x80009d5c (0x2a3f2423) mem 0x80010000 0x00000001
core   0: 0x80009d60 (0xff9ff06f) j       pc - 0x8
core   0: 3 0x80009d60 (0xff9ff06f)
core   0: 0x80009d58 (0x00006f17) auipc   t5, 0x6
core   0: 3 0x80009d58 (0x00006f17) x30 0x8000fd58
core   0: 0x80009d5c (0x2a3f2423) sw      gp, 680(t5)
core   0: 3 0x80009d5c (0x2a3f2423) mem 0x80010000 0x00000001
core   0: 0x80009d60 (0xff9ff06f) j       pc - 0x8
core   0: 3 0x80009d60 (0xff9ff06f)
core   0: 0x80009d58 (0x00006f17) auipc   t5, 0x6
core   0: 3 0x80009d58 (0x00006f17) x30 0x8000fd58
core   0: 0x80009d5c (0x2a3f2423) sw      gp, 680(t5)
core   0: 3 0x80009d5c (0x2a3f2423) mem 0x80010000 0x00000001
core   0: 0x80009d60 (0xff9ff06f) j       pc - 0x8
core   0: 3 0x80009d60 (0xff9ff06f)
core   0: 0x80009d58 (0x00006f17) auipc   t5, 0x6
core   0: 3 0x80009d58 (0x00006f17) x30 0x8000fd58
core   0: 0x80009d5c (0x2a3f2423) sw      gp, 680(t5)
core   0: 3 0x80009d5c (0x2a3f2423) mem 0x80010000 0x00000001
core   0: 0x80009d60 (0xff9ff06f) j       pc - 0x8
core   0: 3 0x80009d60 (0xff9ff06f)
core   0: 0x80009d58 (0x00006f17) auipc   t5, 0x6
core   0: 3 0x80009d58 (0x00006f17) x30 0x8000fd58
core   0: 0x80009d5c (0x2a3f2423) sw      gp, 680(t5)
core   0: 3 0x80009d5c (0x2a3f2423) mem 0x80010000 0x00000001
core   0: 0x80009d60 (0xff9ff06f) j       pc - 0x8
core   0: 3 0x80009d60 (0xff9ff06f)
core   0: 0x80009d58 (0x00006f17) auipc   t5, 0x6
core   0: 3 0x80009d58 (0x00006f17) x30 0x8000fd58
core   0: 0x80009d5c (0x2a3f2423) sw      gp, 680(t5)
core   0: 3 0x80009d5c (0x2a3f2423) mem 0x80010000 0x00000001
core   0: 0x80009d60 (0xff9ff06f) j       pc - 0x8
core   0: 3 0x80009d60 (0xff9ff06f)
core   0: 0x80009d58 (0x00006f17) auipc   t5, 0x6
core   0: 3 0x80009d58 (0x00006f17) x30 0x8000fd58
core   0: 0x80009d5c (0x2a3f2423) sw      gp, 680(t5)
core   0: 3 0x80009d5c (0x2a3f2423) mem 0x80010000 0x00000001
core   0: 0x80009d60 (0xff9ff06f) j       pc - 0x8
core   0: 3 0x80009d60 (0xff9ff06f)
core   0: 0x80009d58 (0x00006f17) auipc   t5, 0x6
core   0: 3 0x80009d58 (0x00006f17) x30 0x8000fd58
core   0: 0x80009d5c (0x2a3f2423) sw      gp, 680(t5)
core   0: 3 0x80009d5c (0x2a3f2423) mem 0x80010000 0x00000001
core   0: 0x80009d60 (0xff9ff06f) j       pc - 0x8
core   0: 3 0x80009d60 (0xff9ff06f)
core   0: 0x80009d58 (0x00006f17) auipc   t5, 0x6
core   0: 3 0x80009d58 (0x00006f17) x30 0x8000fd58
core   0: 0x80009d5c (0x2a3f2423) sw      gp, 680(t5)
core   0: 3 0x80009d5c (0x2a3f2423) mem 0x80010000 0x00000001
core   0: 0x80009d60 (0xff9ff06f) j       pc - 0x8
core   0: 3 0x80009d60 (0xff9ff06f)
core   0: 0x80009d58 (0x00006f17) auipc   t5, 0x6
core   0: 3 0x80009d58 (0x00006f17) x30 0x8000fd58
core   0: 0x80009d5c (0x2a3f2423) sw      gp, 680(t5)
core   0: 3 0x80009d5c (0x2a3f2423) mem 0x80010000 0x00000001
core   0: 0x80009d60 (0xff9ff06f) j       pc - 0x8
core   0: 3 0x80009d60 (0xff9ff06f)
core   0: 0x80009d58 (0x00006f17) auipc   t5, 0x6
core   0: 3 0x80009d58 (0x00006f17) x30 0x8000fd58
core   0: 0x80009d5c (0x2a3f2423) sw      gp, 680(t5)
core   0: 3 0x80009d5c (0x2a3f2423) mem 0x80010000 0x00000001
core   0: 0x80009d60 (0xff9ff06f) j       pc - 0x8
core   0: 3 0x80009d60 (0xff9ff06f)
core   0: 0x80009d58 (0x00006f17) auipc   t5, 0x6
core   0: 3 0x80009d58 (0x00006f17) x30 0x8000fd58
core   0: 0x80009d5c (0x2a3f2423) sw      gp, 680(t5)
core   0: 3 0x80009d5c (0x2a3f2423) mem 0x80010000 0x00000001
core   0: 0x80009d60 (0xff9ff06f) j       pc - 0x8
core   0: 3 0x80009d60 (0xff9ff06f)
core   0: 0x80009d58 (0x00006f17) auipc   t5, 0x6
core   0: 3 0x80009d58 (0x00006f17) x30 0x8000fd58
core   0: 0x80009d5c (0x2a3f2423) sw      gp, 680(t5)
core   0: 3 0x80009d5c (0x2a3f2423) mem 0x80010000 0x00000001
core   0: 0x80009d60 (0xff9ff06f) j       pc - 0x8
core   0: 3 0x80009d60 (0xff9ff06f)
core   0: 0x80009d58 (0x00006f17) auipc   t5, 0x6
core   0: 3 0x80009d58 (0x00006f17) x30 0x8000fd58
core   0: 0x80009d5c (0x2a3f2423) sw      gp, 680(t5)
core   0: 3 0x80009d5c (0x2a3f2423) mem 0x80010000 0x00000001
core   0: 0x80009d60 (0xff9ff06f) j       pc - 0x8
core   0: 3 0x80009d60 (0xff9ff06f)
core   0: 0x80009d58 (0x00006f17) auipc   t5, 0x6
core   0: 3 0x80009d58 (0x00006f17) x30 0x8000fd58
core   0: 0x80009d5c (0x2a3f2423) sw      gp, 680(t5)
core   0: 3 0x80009d5c (0x2a3f2423) mem 0x80010000 0x00000001
core   0: 0x80009d60 (0xff9ff06f) j       pc - 0x8
core   0: 3 0x80009d60 (0xff9ff06f)
core   0: 0x80009d58 (0x00006f17) auipc   t5, 0x6
core   0: 3 0x80009d58 (0x00006f17) x30 0x8000fd58
core   0: 0x80009d5c (0x2a3f2423) sw      gp, 680(t5)
core   0: 3 0x80009d5c (0x2a3f2423) mem 0x80010000 0x00000001
core   0: 0x80009d60 (0xff9ff06f) j       pc - 0x8
core   0: 3 0x80009d60 (0xff9ff06f)
core   0: 0x80009d58 (0x00006f17) auipc   t5, 0x6
core   0: 3 0x80009d58 (0x00006f17) x30 0x8000fd58
core   0: 0x80009d5c (0x2a3f2423) sw      gp, 680(t5)
core   0: 3 0x80009d5c (0x2a3f2423) mem 0x80010000 0x00000001
core   0: 0x80009d60 (0xff9ff06f) j       pc - 0x8
core   0: 3 0x80009d60 (0xff9ff06f)
core   0: 0x80009d58 (0x00006f17) auipc   t5, 0x6
core   0: 3 0x80009d58 (0x00006f17) x30 0x8000fd58
core   0: 0x80009d5c (0x2a3f2423) sw      gp, 680(t5)
core   0: 3 0x80009d5c (0x2a3f2423) mem 0x80010000 0x00000001
core   0: 0x80009d60 (0xff9ff06f) j       pc - 0x8
core   0: 3 0x80009d60 (0xff9ff06f)
core   0: 0x80009d58 (0x00006f17) auipc   t5, 0x6
core   0: 3 0x80009d58 (0x00006f17) x30 0x8000fd58
core   0: 0x80009d5c (0x2a3f2423) sw      gp, 680(t5)
core   0: 3 0x80009d5c (0x2a3f2423) mem 0x80010000 0x00000001
core   0: 0x80009d60 (0xff9ff06f) j       pc - 0x8
core   0: 3 0x80009d60 (0xff9ff06f)
core   0: 0x80009d58 (0x00006f17) auipc   t5, 0x6
core   0: 3 0x80009d58 (0x00006f17) x30 0x8000fd58
core   0: 0x80009d5c (0x2a3f2423) sw      gp, 680(t5)
core   0: 3 0x80009d5c (0x2a3f2423) mem 0x80010000 0x00000001
core   0: 0x80009d60 (0xff9ff06f) j       pc - 0x8
core   0: 3 0x80009d60 (0xff9ff06f)
core   0: 0x80009d58 (0x00006f17) auipc   t5, 0x6
core   0: 3 0x80009d58 (0x00006f17) x30 0x8000fd58
core   0: 0x80009d5c (0x2a3f2423) sw      gp, 680(t5)
core   0: 3 0x80009d5c (0x2a3f2423) mem 0x80010000 0x00000001
core   0: 0x80009d60 (0xff9ff06f) j       pc - 0x8
core   0: 3 0x80009d60 (0xff9ff06f)
core   0: 0x80009d58 (0x00006f17) auipc   t5, 0x6
core   0: 3 0x80009d58 (0x00006f17) x30 0x8000fd58
core   0: 0x80009d5c (0x2a3f2423) sw      gp, 680(t5)
core   0: 3 0x80009d5c (0x2a3f2423) mem 0x80010000 0x00000001
core   0: 0x80009d60 (0xff9ff06f) j       pc - 0x8
core   0: 3 0x80009d60 (0xff9ff06f)
core   0: 0x80009d58 (0x00006f17) auipc   t5, 0x6
core   0: 3 0x80009d58 (0x00006f17) x30 0x8000fd58
core   0: 0x80009d5c (0x2a3f2423) sw      gp, 680(t5)
core   0: 3 0x80009d5c (0x2a3f2423) mem 0x80010000 0x00000001
core   0: 0x80009d60 (0xff9ff06f) j       pc - 0x8
core   0: 3 0x80009d60 (0xff9ff06f)
core   0: 0x80009d58 (0x00006f17) auipc   t5, 0x6
core   0: 3 0x80009d58 (0x00006f17) x30 0x8000fd58
core   0: 0x80009d5c (0x2a3f2423) sw      gp, 680(t5)
core   0: 3 0x80009d5c (0x2a3f2423) mem 0x80010000 0x00000001
core   0: 0x80009d60 (0xff9ff06f) j       pc - 0x8
core   0: 3 0x80009d60 (0xff9ff06f)
core   0: 0x80009d58 (0x00006f17) auipc   t5, 0x6
core   0: 3 0x80009d58 (0x00006f17) x30 0x8000fd58
core   0: 0x80009d5c (0x2a3f2423) sw      gp, 680(t5)
core   0: 3 0x80009d5c (0x2a3f2423) mem 0x80010000 0x00000001
core   0: 0x80009d60 (0xff9ff06f) j       pc - 0x8
core   0: 3 0x80009d60 (0xff9ff06f)
core   0: 0x80009d58 (0x00006f17) auipc   t5, 0x6
core   0: 3 0x80009d58 (0x00006f17) x30 0x8000fd58
core   0: 0x80009d5c (0x2a3f2423) sw      gp, 680(t5)
core   0: 3 0x80009d5c (0x2a3f2423) mem 0x80010000 0x00000001
core   0: 0x80009d60 (0xff9ff06f) j       pc - 0x8
core   0: 3 0x80009d60 (0xff9ff06f)
core   0: 0x80009d58 (0x00006f17) auipc   t5, 0x6
core   0: 3 0x80009d58 (0x00006f17) x30 0x8000fd58
core   0: 0x80009d5c (0x2a3f2423) sw      gp, 680(t5)
core   0: 3 0x80009d5c (0x2a3f2423) mem 0x80010000 0x00000001
core   0: 0x80009d60 (0xff9ff06f) j       pc - 0x8
core   0: 3 0x80009d60 (0xff9ff06f)
core   0: 0x80009d58 (0x00006f17) auipc   t5, 0x6
core   0: 3 0x80009d58 (0x00006f17) x30 0x8000fd58
core   0: 0x80009d5c (0x2a3f2423) sw      gp, 680(t5)
core   0: 3 0x80009d5c (0x2a3f2423) mem 0x80010000 0x00000001
core   0: 0x80009d60 (0xff9ff06f) j       pc - 0x8
core   0: 3 0x80009d60 (0xff9ff06f)
core   0: 0x80009d58 (0x00006f17) auipc   t5, 0x6
core   0: 3 0x80009d58 (0x00006f17) x30 0x8000fd58
core   0: 0x80009d5c (0x2a3f2423) sw      gp, 680(t5)
core   0: 3 0x80009d5c (0x2a3f2423) mem 0x80010000 0x00000001
core   0: 0x80009d60 (0xff9ff06f) j       pc - 0x8
core   0: 3 0x80009d60 (0xff9ff06f)
core   0: 0x80009d58 (0x00006f17) auipc   t5, 0x6
core   0: 3 0x80009d58 (0x00006f17) x30 0x8000fd58
core   0: 0x80009d5c (0x2a3f2423) sw      gp, 680(t5)
core   0: 3 0x80009d5c (0x2a3f2423) mem 0x80010000 0x00000001
core   0: 0x80009d60 (0xff9ff06f) j       pc - 0x8
core   0: 3 0x80009d60 (0xff9ff06f)
core   0: 0x80009d58 (0x00006f17) auipc   t5, 0x6
core   0: 3 0x80009d58 (0x00006f17) x30 0x8000fd58
core   0: 0x80009d5c (0x2a3f2423) sw      gp, 680(t5)
core   0: 3 0x80009d5c (0x2a3f2423) mem 0x80010000 0x00000001
core   0: 0x80009d60 (0xff9ff06f) j       pc - 0x8
core   0: 3 0x80009d60 (0xff9ff06f)
core   0: 0x80009d58 (0x00006f17) auipc   t5, 0x6
core   0: 3 0x80009d58 (0x00006f17) x30 0x8000fd58
core   0: 0x80009d5c (0x2a3f2423) sw      gp, 680(t5)
core   0: 3 0x80009d5c (0x2a3f2423) mem 0x80010000 0x00000001
core   0: 0x80009d60 (0xff9ff06f) j       pc - 0x8
core   0: 3 0x80009d60 (0xff9ff06f)
core   0: 0x80009d58 (0x00006f17) auipc   t5, 0x6
core   0: 3 0x80009d58 (0x00006f17) x30 0x8000fd58
core   0: 0x80009d5c (0x2a3f2423) sw      gp, 680(t5)
core   0: 3 0x80009d5c (0x2a3f2423) mem 0x80010000 0x00000001
core   0: 0x80009d60 (0xff9ff06f) j       pc - 0x8
core   0: 3 0x80009d60 (0xff9ff06f)
core   0: 0x80009d58 (0x00006f17) auipc   t5, 0x6
core   0: 3 0x80009d58 (0x00006f17) x30 0x8000fd58
core   0: 0x80009d5c (0x2a3f2423) sw      gp, 680(t5)
core   0: 3 0x80009d5c (0x2a3f2423) mem 0x80010000 0x00000001
core   0: 0x80009d60 (0xff9ff06f) j       pc - 0x8
core   0: 3 0x80009d60 (0xff9ff06f)
core   0: 0x80009d58 (0x00006f17) auipc   t5, 0x6
core   0: 3 0x80009d58 (0x00006f17) x30 0x8000fd58
core   0: 0x80009d5c (0x2a3f2423) sw      gp, 680(t5)
core   0: 3 0x80009d5c (0x2a3f2423) mem 0x80010000 0x00000001
core   0: 0x80009d60 (0xff9ff06f) j       pc - 0x8
core   0: 3 0x80009d60 (0xff9ff06f)
core   0: 0x80009d58 (0x00006f17) auipc   t5, 0x6
core   0: 3 0x80009d58 (0x00006f17) x30 0x8000fd58
core   0: 0x80009d5c (0x2a3f2423) sw      gp, 680(t5)
core   0: 3 0x80009d5c (0x2a3f2423) mem 0x80010000 0x00000001
core   0: 0x80009d60 (0xff9ff06f) j       pc - 0x8
core   0: 3 0x80009d60 (0xff9ff06f)
core   0: 0x80009d58 (0x00006f17) auipc   t5, 0x6
core   0: 3 0x80009d58 (0x00006f17) x30 0x8000fd58
core   0: 0x80009d5c (0x2a3f2423) sw      gp, 680(t5)
core   0: 3 0x80009d5c (0x2a3f2423) mem 0x80010000 0x00000001
core   0: 0x80009d60 (0xff9ff06f) j       pc - 0x8
core   0: 3 0x80009d60 (0xff9ff06f)
core   0: 0x80009d58 (0x00006f17) auipc   t5, 0x6
core   0: 3 0x80009d58 (0x00006f17) x30 0x8000fd58
core   0: 0x80009d5c (0x2a3f2423) sw      gp, 680(t5)
core   0: 3 0x80009d5c (0x2a3f2423) mem 0x80010000 0x00000001
core   0: 0x80009d60 (0xff9ff06f) j       pc - 0x8
core   0: 3 0x80009d60 (0xff9ff06f)
core   0: 0x80009d58 (0x00006f17) auipc   t5, 0x6
core   0: 3 0x80009d58 (0x00006f17) x30 0x8000fd58
core   0: 0x80009d5c (0x2a3f2423) sw      gp, 680(t5)
core   0: 3 0x80009d5c (0x2a3f2423) mem 0x80010000 0x00000001
core   0: 0x80009d60 (0xff9ff06f) j       pc - 0x8
core   0: 3 0x80009d60 (0xff9ff06f)
core   0: 0x80009d58 (0x00006f17) auipc   t5, 0x6
core   0: 3 0x80009d58 (0x00006f17) x30 0x8000fd58
core   0: 0x80009d5c (0x2a3f2423) sw      gp, 680(t5)
core   0: 3 0x80009d5c (0x2a3f2423) mem 0x80010000 0x00000001
core   0: 0x80009d60 (0xff9ff06f) j       pc - 0x8
core   0: 3 0x80009d60 (0xff9ff06f)
core   0: 0x80009d58 (0x00006f17) auipc   t5, 0x6
core   0: 3 0x80009d58 (0x00006f17) x30 0x8000fd58
core   0: 0x80009d5c (0x2a3f2423) sw      gp, 680(t5)
core   0: 3 0x80009d5c (0x2a3f2423) mem 0x80010000 0x00000001
core   0: 0x80009d60 (0xff9ff06f) j       pc - 0x8
core   0: 3 0x80009d60 (0xff9ff06f)
core   0: 0x80009d58 (0x00006f17) auipc   t5, 0x6
core   0: 3 0x80009d58 (0x00006f17) x30 0x8000fd58
core   0: 0x80009d5c (0x2a3f2423) sw      gp, 680(t5)
core   0: 3 0x80009d5c (0x2a3f2423) mem 0x80010000 0x00000001
core   0: 0x80009d60 (0xff9ff06f) j       pc - 0x8
core   0: 3 0x80009d60 (0xff9ff06f)
core   0: 0x80009d58 (0x00006f17) auipc   t5, 0x6
core   0: 3 0x80009d58 (0x00006f17) x30 0x8000fd58
core   0: 0x80009d5c (0x2a3f2423) sw      gp, 680(t5)
core   0: 3 0x80009d5c (0x2a3f2423) mem 0x80010000 0x00000001
core   0: 0x80009d60 (0xff9ff06f) j       pc - 0x8
core   0: 3 0x80009d60 (0xff9ff06f)
core   0: 0x80009d58 (0x00006f17) auipc   t5, 0x6
core   0: 3 0x80009d58 (0x00006f17) x30 0x8000fd58
core   0: 0x80009d5c (0x2a3f2423) sw      gp, 680(t5)
core   0: 3 0x80009d5c (0x2a3f2423) mem 0x80010000 0x00000001
core   0: 0x80009d60 (0xff9ff06f) j       pc - 0x8
core   0: 3 0x80009d60 (0xff9ff06f)
core   0: 0x80009d58 (0x00006f17) auipc   t5, 0x6
core   0: 3 0x80009d58 (0x00006f17) x30 0x8000fd58
core   0: 0x80009d5c (0x2a3f2423) sw      gp, 680(t5)
core   0: 3 0x80009d5c (0x2a3f2423) mem 0x80010000 0x00000001
core   0: 0x80009d60 (0xff9ff06f) j       pc - 0x8
core   0: 3 0x80009d60 (0xff9ff06f)
core   0: 0x80009d58 (0x00006f17) auipc   t5, 0x6
core   0: 3 0x80009d58 (0x00006f17) x30 0x8000fd58
core   0: 0x80009d5c (0x2a3f2423) sw      gp, 680(t5)
core   0: 3 0x80009d5c (0x2a3f2423) mem 0x80010000 0x00000001
core   0: 0x80009d60 (0xff9ff06f) j       pc - 0x8
core   0: 3 0x80009d60 (0xff9ff06f)
core   0: 0x80009d58 (0x00006f17) auipc   t5, 0x6
core   0: 3 0x80009d58 (0x00006f17) x30 0x8000fd58
core   0: 0x80009d5c (0x2a3f2423) sw      gp, 680(t5)
core   0: 3 0x80009d5c (0x2a3f2423) mem 0x80010000 0x00000001
core   0: 0x80009d60 (0xff9ff06f) j       pc - 0x8
core   0: 3 0x80009d60 (0xff9ff06f)
core   0: 0x80009d58 (0x00006f17) auipc   t5, 0x6
core   0: 3 0x80009d58 (0x00006f17) x30 0x8000fd58
core   0: 0x80009d5c (0x2a3f2423) sw      gp, 680(t5)
core   0: 3 0x80009d5c (0x2a3f2423) mem 0x80010000 0x00000001
core   0: 0x80009d60 (0xff9ff06f) j       pc - 0x8
core   0: 3 0x80009d60 (0xff9ff06f)
core   0: 0x80009d58 (0x00006f17) auipc   t5, 0x6
core   0: 3 0x80009d58 (0x00006f17) x30 0x8000fd58
core   0: 0x80009d5c (0x2a3f2423) sw      gp, 680(t5)
core   0: 3 0x80009d5c (0x2a3f2423) mem 0x80010000 0x00000001
core   0: 0x80009d60 (0xff9ff06f) j       pc - 0x8
core   0: 3 0x80009d60 (0xff9ff06f)
core   0: 0x80009d58 (0x00006f17) auipc   t5, 0x6
core   0: 3 0x80009d58 (0x00006f17) x30 0x8000fd58
core   0: 0x80009d5c (0x2a3f2423) sw      gp, 680(t5)
core   0: 3 0x80009d5c (0x2a3f2423) mem 0x80010000 0x00000001
core   0: 0x80009d60 (0xff9ff06f) j       pc - 0x8
core   0: 3 0x80009d60 (0xff9ff06f)
core   0: 0x80009d58 (0x00006f17) auipc   t5, 0x6
core   0: 3 0x80009d58 (0x00006f17) x30 0x8000fd58
core   0: 0x80009d5c (0x2a3f2423) sw      gp, 680(t5)
core   0: 3 0x80009d5c (0x2a3f2423) mem 0x80010000 0x00000001
core   0: 0x80009d60 (0xff9ff06f) j       pc - 0x8
core   0: 3 0x80009d60 (0xff9ff06f)
core   0: 0x80009d58 (0x00006f17) auipc   t5, 0x6
core   0: 3 0x80009d58 (0x00006f17) x30 0x8000fd58
core   0: 0x80009d5c (0x2a3f2423) sw      gp, 680(t5)
core   0: 3 0x80009d5c (0x2a3f2423) mem 0x80010000 0x00000001
core   0: 0x80009d60 (0xff9ff06f) j       pc - 0x8
core   0: 3 0x80009d60 (0xff9ff06f)
core   0: 0x80009d58 (0x00006f17) auipc   t5, 0x6
core   0: 3 0x80009d58 (0x00006f17) x30 0x8000fd58
core   0: 0x80009d5c (0x2a3f2423) sw      gp, 680(t5)
core   0: 3 0x80009d5c (0x2a3f2423) mem 0x80010000 0x00000001
core   0: 0x80009d60 (0xff9ff06f) j       pc - 0x8
core   0: 3 0x80009d60 (0xff9ff06f)
core   0: 0x80009d58 (0x00006f17) auipc   t5, 0x6
core   0: 3 0x80009d58 (0x00006f17) x30 0x8000fd58
core   0: 0x80009d5c (0x2a3f2423) sw      gp, 680(t5)
core   0: 3 0x80009d5c (0x2a3f2423) mem 0x80010000 0x00000001
core   0: 0x80009d60 (0xff9ff06f) j       pc - 0x8
core   0: 3 0x80009d60 (0xff9ff06f)
core   0: 0x80009d58 (0x00006f17) auipc   t5, 0x6
core   0: 3 0x80009d58 (0x00006f17) x30 0x8000fd58
core   0: 0x80009d5c (0x2a3f2423) sw      gp, 680(t5)
core   0: 3 0x80009d5c (0x2a3f2423) mem 0x80010000 0x00000001
core   0: 0x80009d60 (0xff9ff06f) j       pc - 0x8
core   0: 3 0x80009d60 (0xff9ff06f)
core   0: 0x80009d58 (0x00006f17) auipc   t5, 0x6
core   0: 3 0x80009d58 (0x00006f17) x30 0x8000fd58
core   0: 0x80009d5c (0x2a3f2423) sw      gp, 680(t5)
core   0: 3 0x80009d5c (0x2a3f2423) mem 0x80010000 0x00000001
core   0: 0x80009d60 (0xff9ff06f) j       pc - 0x8
core   0: 3 0x80009d60 (0xff9ff06f)
core   0: 0x80009d58 (0x00006f17) auipc   t5, 0x6
core   0: 3 0x80009d58 (0x00006f17) x30 0x8000fd58
core   0: 0x80009d5c (0x2a3f2423) sw      gp, 680(t5)
core   0: 3 0x80009d5c (0x2a3f2423) mem 0x80010000 0x00000001
core   0: 0x80009d60 (0xff9ff06f) j       pc - 0x8
core   0: 3 0x80009d60 (0xff9ff06f)
core   0: 0x80009d58 (0x00006f17) auipc   t5, 0x6
core   0: 3 0x80009d58 (0x00006f17) x30 0x8000fd58
core   0: 0x80009d5c (0x2a3f2423) sw      gp, 680(t5)
core   0: 3 0x80009d5c (0x2a3f2423) mem 0x80010000 0x00000001
core   0: 0x80009d60 (0xff9ff06f) j       pc - 0x8
core   0: 3 0x80009d60 (0xff9ff06f)
core   0: 0x80009d58 (0x00006f17) auipc   t5, 0x6
core   0: 3 0x80009d58 (0x00006f17) x30 0x8000fd58
core   0: 0x80009d5c (0x2a3f2423) sw      gp, 680(t5)
core   0: 3 0x80009d5c (0x2a3f2423) mem 0x80010000 0x00000001
core   0: 0x80009d60 (0xff9ff06f) j       pc - 0x8
core   0: 3 0x80009d60 (0xff9ff06f)
core   0: 0x80009d58 (0x00006f17) auipc   t5, 0x6
core   0: 3 0x80009d58 (0x00006f17) x30 0x8000fd58
core   0: 0x80009d5c (0x2a3f2423) sw      gp, 680(t5)
core   0: 3 0x80009d5c (0x2a3f2423) mem 0x80010000 0x00000001
core   0: 0x80009d60 (0xff9ff06f) j       pc - 0x8
core   0: 3 0x80009d60 (0xff9ff06f)
core   0: 0x80009d58 (0x00006f17) auipc   t5, 0x6
core   0: 3 0x80009d58 (0x00006f17) x30 0x8000fd58
core   0: 0x80009d5c (0x2a3f2423) sw      gp, 680(t5)
core   0: 3 0x80009d5c (0x2a3f2423) mem 0x80010000 0x00000001
core   0: 0x80009d60 (0xff9ff06f) j       pc - 0x8
core   0: 3 0x80009d60 (0xff9ff06f)
core   0: 0x80009d58 (0x00006f17) auipc   t5, 0x6
core   0: 3 0x80009d58 (0x00006f17) x30 0x8000fd58
core   0: 0x80009d5c (0x2a3f2423) sw      gp, 680(t5)
core   0: 3 0x80009d5c (0x2a3f2423) mem 0x80010000 0x00000001
core   0: 0x80009d60 (0xff9ff06f) j       pc - 0x8
core   0: 3 0x80009d60 (0xff9ff06f)
core   0: 0x80009d58 (0x00006f17) auipc   t5, 0x6
core   0: 3 0x80009d58 (0x00006f17) x30 0x8000fd58
core   0: 0x80009d5c (0x2a3f2423) sw      gp, 680(t5)
core   0: 3 0x80009d5c (0x2a3f2423) mem 0x80010000 0x00000001
core   0: 0x80009d60 (0xff9ff06f) j       pc - 0x8
core   0: 3 0x80009d60 (0xff9ff06f)
core   0: 0x80009d58 (0x00006f17) auipc   t5, 0x6
core   0: 3 0x80009d58 (0x00006f17) x30 0x8000fd58
core   0: 0x80009d5c (0x2a3f2423) sw      gp, 680(t5)
core   0: 3 0x80009d5c (0x2a3f2423) mem 0x80010000 0x00000001
core   0: 0x80009d60 (0xff9ff06f) j       pc - 0x8
core   0: 3 0x80009d60 (0xff9ff06f)
core   0: 0x80009d58 (0x00006f17) auipc   t5, 0x6
core   0: 3 0x80009d58 (0x00006f17) x30 0x8000fd58
core   0: 0x80009d5c (0x2a3f2423) sw      gp, 680(t5)
core   0: 3 0x80009d5c (0x2a3f2423) mem 0x80010000 0x00000001
core   0: 0x80009d60 (0xff9ff06f) j       pc - 0x8
core   0: 3 0x80009d60 (0xff9ff06f)
core   0: 0x80009d58 (0x00006f17) auipc   t5, 0x6
core   0: 3 0x80009d58 (0x00006f17) x30 0x8000fd58
core   0: 0x80009d5c (0x2a3f2423) sw      gp, 680(t5)
core   0: 3 0x80009d5c (0x2a3f2423) mem 0x80010000 0x00000001
core   0: 0x80009d60 (0xff9ff06f) j       pc - 0x8
core   0: 3 0x80009d60 (0xff9ff06f)
core   0: 0x80009d58 (0x00006f17) auipc   t5, 0x6
core   0: 3 0x80009d58 (0x00006f17) x30 0x8000fd58
core   0: 0x80009d5c (0x2a3f2423) sw      gp, 680(t5)
core   0: 3 0x80009d5c (0x2a3f2423) mem 0x80010000 0x00000001
core   0: 0x80009d60 (0xff9ff06f) j       pc - 0x8
core   0: 3 0x80009d60 (0xff9ff06f)
core   0: 0x80009d58 (0x00006f17) auipc   t5, 0x6
core   0: 3 0x80009d58 (0x00006f17) x30 0x8000fd58
core   0: 0x80009d5c (0x2a3f2423) sw      gp, 680(t5)
core   0: 3 0x80009d5c (0x2a3f2423) mem 0x80010000 0x00000001
core   0: 0x80009d60 (0xff9ff06f) j       pc - 0x8
core   0: 3 0x80009d60 (0xff9ff06f)
core   0: 0x80009d58 (0x00006f17) auipc   t5, 0x6
core   0: 3 0x80009d58 (0x00006f17) x30 0x8000fd58
core   0: 0x80009d5c (0x2a3f2423) sw      gp, 680(t5)
core   0: 3 0x80009d5c (0x2a3f2423) mem 0x80010000 0x00000001
core   0: 0x80009d60 (0xff9ff06f) j       pc - 0x8
core   0: 3 0x80009d60 (0xff9ff06f)
core   0: 0x80009d58 (0x00006f17) auipc   t5, 0x6
core   0: 3 0x80009d58 (0x00006f17) x30 0x8000fd58
core   0: 0x80009d5c (0x2a3f2423) sw      gp, 680(t5)
core   0: 3 0x80009d5c (0x2a3f2423) mem 0x80010000 0x00000001
core   0: 0x80009d60 (0xff9ff06f) j       pc - 0x8
core   0: 3 0x80009d60 (0xff9ff06f)
core   0: 0x80009d58 (0x00006f17) auipc   t5, 0x6
core   0: 3 0x80009d58 (0x00006f17) x30 0x8000fd58
core   0: 0x80009d5c (0x2a3f2423) sw      gp, 680(t5)
core   0: 3 0x80009d5c (0x2a3f2423) mem 0x80010000 0x00000001
core   0: 0x80009d60 (0xff9ff06f) j       pc - 0x8
core   0: 3 0x80009d60 (0xff9ff06f)
core   0: 0x80009d58 (0x00006f17) auipc   t5, 0x6
core   0: 3 0x80009d58 (0x00006f17) x30 0x8000fd58
core   0: 0x80009d5c (0x2a3f2423) sw      gp, 680(t5)
core   0: 3 0x80009d5c (0x2a3f2423) mem 0x80010000 0x00000001
core   0: 0x80009d60 (0xff9ff06f) j       pc - 0x8
core   0: 3 0x80009d60 (0xff9ff06f)
core   0: 0x80009d58 (0x00006f17) auipc   t5, 0x6
core   0: 3 0x80009d58 (0x00006f17) x30 0x8000fd58
core   0: 0x80009d5c (0x2a3f2423) sw      gp, 680(t5)
core   0: 3 0x80009d5c (0x2a3f2423) mem 0x80010000 0x00000001
core   0: 0x80009d60 (0xff9ff06f) j       pc - 0x8
core   0: 3 0x80009d60 (0xff9ff06f)
core   0: 0x80009d58 (0x00006f17) auipc   t5, 0x6
core   0: 3 0x80009d58 (0x00006f17) x30 0x8000fd58
core   0: 0x80009d5c (0x2a3f2423) sw      gp, 680(t5)
core   0: 3 0x80009d5c (0x2a3f2423) mem 0x80010000 0x00000001
core   0: 0x80009d60 (0xff9ff06f) j       pc - 0x8
core   0: 3 0x80009d60 (0xff9ff06f)
core   0: 0x80009d58 (0x00006f17) auipc   t5, 0x6
core   0: 3 0x80009d58 (0x00006f17) x30 0x8000fd58
core   0: 0x80009d5c (0x2a3f2423) sw      gp, 680(t5)
core   0: 3 0x80009d5c (0x2a3f2423) mem 0x80010000 0x00000001
core   0: 0x80009d60 (0xff9ff06f) j       pc - 0x8
core   0: 3 0x80009d60 (0xff9ff06f)
core   0: 0x80009d58 (0x00006f17) auipc   t5, 0x6
core   0: 3 0x80009d58 (0x00006f17) x30 0x8000fd58
core   0: 0x80009d5c (0x2a3f2423) sw      gp, 680(t5)
core   0: 3 0x80009d5c (0x2a3f2423) mem 0x80010000 0x00000001
core   0: 0x80009d60 (0xff9ff06f) j       pc - 0x8
core   0: 3 0x80009d60 (0xff9ff06f)
core   0: 0x80009d58 (0x00006f17) auipc   t5, 0x6
core   0: 3 0x80009d58 (0x00006f17) x30 0x8000fd58
core   0: 0x80009d5c (0x2a3f2423) sw      gp, 680(t5)
core   0: 3 0x80009d5c (0x2a3f2423) mem 0x80010000 0x00000001
core   0: 0x80009d60 (0xff9ff06f) j       pc - 0x8
core   0: 3 0x80009d60 (0xff9ff06f)
core   0: 0x80009d58 (0x00006f17) auipc   t5, 0x6
core   0: 3 0x80009d58 (0x00006f17) x30 0x8000fd58
core   0: 0x80009d5c (0x2a3f2423) sw      gp, 680(t5)
core   0: 3 0x80009d5c (0x2a3f2423) mem 0x80010000 0x00000001
core   0: 0x80009d60 (0xff9ff06f) j       pc - 0x8
core   0: 3 0x80009d60 (0xff9ff06f)
core   0: 0x80009d58 (0x00006f17) auipc   t5, 0x6
core   0: 3 0x80009d58 (0x00006f17) x30 0x8000fd58
core   0: 0x80009d5c (0x2a3f2423) sw      gp, 680(t5)
core   0: 3 0x80009d5c (0x2a3f2423) mem 0x80010000 0x00000001
core   0: 0x80009d60 (0xff9ff06f) j       pc - 0x8
core   0: 3 0x80009d60 (0xff9ff06f)
core   0: 0x80009d58 (0x00006f17) auipc   t5, 0x6
core   0: 3 0x80009d58 (0x00006f17) x30 0x8000fd58
core   0: 0x80009d5c (0x2a3f2423) sw      gp, 680(t5)
core   0: 3 0x80009d5c (0x2a3f2423) mem 0x80010000 0x00000001
core   0: 0x80009d60 (0xff9ff06f) j       pc - 0x8
core   0: 3 0x80009d60 (0xff9ff06f)
core   0: 0x80009d58 (0x00006f17) auipc   t5, 0x6
core   0: 3 0x80009d58 (0x00006f17) x30 0x8000fd58
core   0: 0x80009d5c (0x2a3f2423) sw      gp, 680(t5)
core   0: 3 0x80009d5c (0x2a3f2423) mem 0x80010000 0x00000001
core   0: 0x80009d60 (0xff9ff06f) j       pc - 0x8
core   0: 3 0x80009d60 (0xff9ff06f)
core   0: 0x80009d58 (0x00006f17) auipc   t5, 0x6
core   0: 3 0x80009d58 (0x00006f17) x30 0x8000fd58
core   0: 0x80009d5c (0x2a3f2423) sw      gp, 680(t5)
core   0: 3 0x80009d5c (0x2a3f2423) mem 0x80010000 0x00000001
core   0: 0x80009d60 (0xff9ff06f) j       pc - 0x8
core   0: 3 0x80009d60 (0xff9ff06f)
core   0: 0x80009d58 (0x00006f17) auipc   t5, 0x6
core   0: 3 0x80009d58 (0x00006f17) x30 0x8000fd58
core   0: 0x80009d5c (0x2a3f2423) sw      gp, 680(t5)
core   0: 3 0x80009d5c (0x2a3f2423) mem 0x80010000 0x00000001
core   0: 0x80009d60 (0xff9ff06f) j       pc - 0x8
core   0: 3 0x80009d60 (0xff9ff06f)
core   0: 0x80009d58 (0x00006f17) auipc   t5, 0x6
core   0: 3 0x80009d58 (0x00006f17) x30 0x8000fd58
core   0: 0x80009d5c (0x2a3f2423) sw      gp, 680(t5)
core   0: 3 0x80009d5c (0x2a3f2423) mem 0x80010000 0x00000001
core   0: 0x80009d60 (0xff9ff06f) j       pc - 0x8
core   0: 3 0x80009d60 (0xff9ff06f)
core   0: 0x80009d58 (0x00006f17) auipc   t5, 0x6
core   0: 3 0x80009d58 (0x00006f17) x30 0x8000fd58
core   0: 0x80009d5c (0x2a3f2423) sw      gp, 680(t5)
core   0: 3 0x80009d5c (0x2a3f2423) mem 0x80010000 0x00000001
core   0: 0x80009d60 (0xff9ff06f) j       pc - 0x8
core   0: 3 0x80009d60 (0xff9ff06f)
core   0: 0x80009d58 (0x00006f17) auipc   t5, 0x6
core   0: 3 0x80009d58 (0x00006f17) x30 0x8000fd58
core   0: 0x80009d5c (0x2a3f2423) sw      gp, 680(t5)
core   0: 3 0x80009d5c (0x2a3f2423) mem 0x80010000 0x00000001
core   0: 0x80009d60 (0xff9ff06f) j       pc - 0x8
core   0: 3 0x80009d60 (0xff9ff06f)
core   0: 0x80009d58 (0x00006f17) auipc   t5, 0x6
core   0: 3 0x80009d58 (0x00006f17) x30 0x8000fd58
core   0: 0x80009d5c (0x2a3f2423) sw      gp, 680(t5)
core   0: 3 0x80009d5c (0x2a3f2423) mem 0x80010000 0x00000001
core   0: 0x80009d60 (0xff9ff06f) j       pc - 0x8
core   0: 3 0x80009d60 (0xff9ff06f)
core   0: 0x80009d58 (0x00006f17) auipc   t5, 0x6
core   0: 3 0x80009d58 (0x00006f17) x30 0x8000fd58
core   0: 0x80009d5c (0x2a3f2423) sw      gp, 680(t5)
core   0: 3 0x80009d5c (0x2a3f2423) mem 0x80010000 0x00000001
core   0: 0x80009d60 (0xff9ff06f) j       pc - 0x8
core   0: 3 0x80009d60 (0xff9ff06f)
core   0: 0x80009d58 (0x00006f17) auipc   t5, 0x6
core   0: 3 0x80009d58 (0x00006f17) x30 0x8000fd58
core   0: 0x80009d5c (0x2a3f2423) sw      gp, 680(t5)
core   0: 3 0x80009d5c (0x2a3f2423) mem 0x80010000 0x00000001
core   0: 0x80009d60 (0xff9ff06f) j       pc - 0x8
core   0: 3 0x80009d60 (0xff9ff06f)
core   0: 0x80009d58 (0x00006f17) auipc   t5, 0x6
core   0: 3 0x80009d58 (0x00006f17) x30 0x8000fd58
core   0: 0x80009d5c (0x2a3f2423) sw      gp, 680(t5)
core   0: 3 0x80009d5c (0x2a3f2423) mem 0x80010000 0x00000001
core   0: 0x80009d60 (0xff9ff06f) j       pc - 0x8
core   0: 3 0x80009d60 (0xff9ff06f)
core   0: 0x80009d58 (0x00006f17) auipc   t5, 0x6
core   0: 3 0x80009d58 (0x00006f17) x30 0x8000fd58
core   0: 0x80009d5c (0x2a3f2423) sw      gp, 680(t5)
core   0: 3 0x80009d5c (0x2a3f2423) mem 0x80010000 0x00000001
core   0: 0x80009d60 (0xff9ff06f) j       pc - 0x8
core   0: 3 0x80009d60 (0xff9ff06f)
core   0: 0x80009d58 (0x00006f17) auipc   t5, 0x6
core   0: 3 0x80009d58 (0x00006f17) x30 0x8000fd58
core   0: 0x80009d5c (0x2a3f2423) sw      gp, 680(t5)
core   0: 3 0x80009d5c (0x2a3f2423) mem 0x80010000 0x00000001
core   0: 0x80009d60 (0xff9ff06f) j       pc - 0x8
core   0: 3 0x80009d60 (0xff9ff06f)
core   0: 0x80009d58 (0x00006f17) auipc   t5, 0x6
core   0: 3 0x80009d58 (0x00006f17) x30 0x8000fd58
core   0: 0x80009d5c (0x2a3f2423) sw      gp, 680(t5)
core   0: 3 0x80009d5c (0x2a3f2423) mem 0x80010000 0x00000001
core   0: 0x80009d60 (0xff9ff06f) j       pc - 0x8
core   0: 3 0x80009d60 (0xff9ff06f)
core   0: 0x80009d58 (0x00006f17) auipc   t5, 0x6
core   0: 3 0x80009d58 (0x00006f17) x30 0x8000fd58
core   0: 0x80009d5c (0x2a3f2423) sw      gp, 680(t5)
core   0: 3 0x80009d5c (0x2a3f2423) mem 0x80010000 0x00000001
core   0: 0x80009d60 (0xff9ff06f) j       pc - 0x8
core   0: 3 0x80009d60 (0xff9ff06f)
core   0: 0x80009d58 (0x00006f17) auipc   t5, 0x6
core   0: 3 0x80009d58 (0x00006f17) x30 0x8000fd58
core   0: 0x80009d5c (0x2a3f2423) sw      gp, 680(t5)
core   0: 3 0x80009d5c (0x2a3f2423) mem 0x80010000 0x00000001
core   0: 0x80009d60 (0xff9ff06f) j       pc - 0x8
core   0: 3 0x80009d60 (0xff9ff06f)
core   0: 0x80009d58 (0x00006f17) auipc   t5, 0x6
core   0: 3 0x80009d58 (0x00006f17) x30 0x8000fd58
core   0: 0x80009d5c (0x2a3f2423) sw      gp, 680(t5)
core   0: 3 0x80009d5c (0x2a3f2423) mem 0x80010000 0x00000001
core   0: 0x80009d60 (0xff9ff06f) j       pc - 0x8
core   0: 3 0x80009d60 (0xff9ff06f)
core   0: 0x80009d58 (0x00006f17) auipc   t5, 0x6
core   0: 3 0x80009d58 (0x00006f17) x30 0x8000fd58
core   0: 0x80009d5c (0x2a3f2423) sw      gp, 680(t5)
core   0: 3 0x80009d5c (0x2a3f2423) mem 0x80010000 0x00000001
core   0: 0x80009d60 (0xff9ff06f) j       pc - 0x8
core   0: 3 0x80009d60 (0xff9ff06f)
core   0: 0x80009d58 (0x00006f17) auipc   t5, 0x6
core   0: 3 0x80009d58 (0x00006f17) x30 0x8000fd58
core   0: 0x80009d5c (0x2a3f2423) sw      gp, 680(t5)
core   0: 3 0x80009d5c (0x2a3f2423) mem 0x80010000 0x00000001
core   0: 0x80009d60 (0xff9ff06f) j       pc - 0x8
core   0: 3 0x80009d60 (0xff9ff06f)
core   0: 0x80009d58 (0x00006f17) auipc   t5, 0x6
core   0: 3 0x80009d58 (0x00006f17) x30 0x8000fd58
core   0: 0x80009d5c (0x2a3f2423) sw      gp, 680(t5)
core   0: 3 0x80009d5c (0x2a3f2423) mem 0x80010000 0x00000001
core   0: 0x80009d60 (0xff9ff06f) j       pc - 0x8
core   0: 3 0x80009d60 (0xff9ff06f)
core   0: 0x80009d58 (0x00006f17) auipc   t5, 0x6
core   0: 3 0x80009d58 (0x00006f17) x30 0x8000fd58
core   0: 0x80009d5c (0x2a3f2423) sw      gp, 680(t5)
core   0: 3 0x80009d5c (0x2a3f2423) mem 0x80010000 0x00000001
core   0: 0x80009d60 (0xff9ff06f) j       pc - 0x8
core   0: 3 0x80009d60 (0xff9ff06f)
core   0: 0x80009d58 (0x00006f17) auipc   t5, 0x6
core   0: 3 0x80009d58 (0x00006f17) x30 0x8000fd58
core   0: 0x80009d5c (0x2a3f2423) sw      gp, 680(t5)
core   0: 3 0x80009d5c (0x2a3f2423) mem 0x80010000 0x00000001
core   0: 0x80009d60 (0xff9ff06f) j       pc - 0x8
core   0: 3 0x80009d60 (0xff9ff06f)
core   0: 0x80009d58 (0x00006f17) auipc   t5, 0x6
core   0: 3 0x80009d58 (0x00006f17) x30 0x8000fd58
core   0: 0x80009d5c (0x2a3f2423) sw      gp, 680(t5)
core   0: 3 0x80009d5c (0x2a3f2423) mem 0x80010000 0x00000001
core   0: 0x80009d60 (0xff9ff06f) j       pc - 0x8
core   0: 3 0x80009d60 (0xff9ff06f)
core   0: 0x80009d58 (0x00006f17) auipc   t5, 0x6
core   0: 3 0x80009d58 (0x00006f17) x30 0x8000fd58
core   0: 0x80009d5c (0x2a3f2423) sw      gp, 680(t5)
core   0: 3 0x80009d5c (0x2a3f2423) mem 0x80010000 0x00000001
core   0: 0x80009d60 (0xff9ff06f) j       pc - 0x8
core   0: 3 0x80009d60 (0xff9ff06f)
core   0: 0x80009d58 (0x00006f17) auipc   t5, 0x6
core   0: 3 0x80009d58 (0x00006f17) x30 0x8000fd58
core   0: 0x80009d5c (0x2a3f2423) sw      gp, 680(t5)
core   0: 3 0x80009d5c (0x2a3f2423) mem 0x80010000 0x00000001
core   0: 0x80009d60 (0xff9ff06f) j       pc - 0x8
core   0: 3 0x80009d60 (0xff9ff06f)
core   0: 0x80009d58 (0x00006f17) auipc   t5, 0x6
core   0: 3 0x80009d58 (0x00006f17) x30 0x8000fd58
core   0: 0x80009d5c (0x2a3f2423) sw      gp, 680(t5)
core   0: 3 0x80009d5c (0x2a3f2423) mem 0x80010000 0x00000001
core   0: 0x80009d60 (0xff9ff06f) j       pc - 0x8
core   0: 3 0x80009d60 (0xff9ff06f)
core   0: 0x80009d58 (0x00006f17) auipc   t5, 0x6
core   0: 3 0x80009d58 (0x00006f17) x30 0x8000fd58
core   0: 0x80009d5c (0x2a3f2423) sw      gp, 680(t5)
core   0: 3 0x80009d5c (0x2a3f2423) mem 0x80010000 0x00000001
core   0: 0x80009d60 (0xff9ff06f) j       pc - 0x8
core   0: 3 0x80009d60 (0xff9ff06f)
core   0: 0x80009d58 (0x00006f17) auipc   t5, 0x6
core   0: 3 0x80009d58 (0x00006f17) x30 0x8000fd58
core   0: 0x80009d5c (0x2a3f2423) sw      gp, 680(t5)
core   0: 3 0x80009d5c (0x2a3f2423) mem 0x80010000 0x00000001
core   0: 0x80009d60 (0xff9ff06f) j       pc - 0x8
core   0: 3 0x80009d60 (0xff9ff06f)
core   0: 0x80009d58 (0x00006f17) auipc   t5, 0x6
core   0: 3 0x80009d58 (0x00006f17) x30 0x8000fd58
core   0: 0x80009d5c (0x2a3f2423) sw      gp, 680(t5)
core   0: 3 0x80009d5c (0x2a3f2423) mem 0x80010000 0x00000001
core   0: 0x80009d60 (0xff9ff06f) j       pc - 0x8
core   0: 3 0x80009d60 (0xff9ff06f)
core   0: 0x80009d58 (0x00006f17) auipc   t5, 0x6
core   0: 3 0x80009d58 (0x00006f17) x30 0x8000fd58
core   0: 0x80009d5c (0x2a3f2423) sw      gp, 680(t5)
core   0: 3 0x80009d5c (0x2a3f2423) mem 0x80010000 0x00000001
core   0: 0x80009d60 (0xff9ff06f) j       pc - 0x8
core   0: 3 0x80009d60 (0xff9ff06f)
core   0: 0x80009d58 (0x00006f17) auipc   t5, 0x6
core   0: 3 0x80009d58 (0x00006f17) x30 0x8000fd58
core   0: 0x80009d5c (0x2a3f2423) sw      gp, 680(t5)
core   0: 3 0x80009d5c (0x2a3f2423) mem 0x80010000 0x00000001
core   0: 0x80009d60 (0xff9ff06f) j       pc - 0x8
core   0: 3 0x80009d60 (0xff9ff06f)
core   0: 0x80009d58 (0x00006f17) auipc   t5, 0x6
core   0: 3 0x80009d58 (0x00006f17) x30 0x8000fd58
core   0: 0x80009d5c (0x2a3f2423) sw      gp, 680(t5)
core   0: 3 0x80009d5c (0x2a3f2423) mem 0x80010000 0x00000001
core   0: 0x80009d60 (0xff9ff06f) j       pc - 0x8
core   0: 3 0x80009d60 (0xff9ff06f)
core   0: 0x80009d58 (0x00006f17) auipc   t5, 0x6
core   0: 3 0x80009d58 (0x00006f17) x30 0x8000fd58
core   0: 0x80009d5c (0x2a3f2423) sw      gp, 680(t5)
core   0: 3 0x80009d5c (0x2a3f2423) mem 0x80010000 0x00000001
core   0: 0x80009d60 (0xff9ff06f) j       pc - 0x8
core   0: 3 0x80009d60 (0xff9ff06f)
core   0: 0x80009d58 (0x00006f17) auipc   t5, 0x6
core   0: 3 0x80009d58 (0x00006f17) x30 0x8000fd58
core   0: 0x80009d5c (0x2a3f2423) sw      gp, 680(t5)
core   0: 3 0x80009d5c (0x2a3f2423) mem 0x80010000 0x00000001
core   0: 0x80009d60 (0xff9ff06f) j       pc - 0x8
core   0: 3 0x80009d60 (0xff9ff06f)
core   0: 0x80009d58 (0x00006f17) auipc   t5, 0x6
core   0: 3 0x80009d58 (0x00006f17) x30 0x8000fd58
core   0: 0x80009d5c (0x2a3f2423) sw      gp, 680(t5)
core   0: 3 0x80009d5c (0x2a3f2423) mem 0x80010000 0x00000001
core   0: 0x80009d60 (0xff9ff06f) j       pc - 0x8
core   0: 3 0x80009d60 (0xff9ff06f)
core   0: 0x80009d58 (0x00006f17) auipc   t5, 0x6
core   0: 3 0x80009d58 (0x00006f17) x30 0x8000fd58
core   0: 0x80009d5c (0x2a3f2423) sw      gp, 680(t5)
core   0: 3 0x80009d5c (0x2a3f2423) mem 0x80010000 0x00000001
core   0: 0x80009d60 (0xff9ff06f) j       pc - 0x8
core   0: 3 0x80009d60 (0xff9ff06f)
core   0: 0x80009d58 (0x00006f17) auipc   t5, 0x6
core   0: 3 0x80009d58 (0x00006f17) x30 0x8000fd58
core   0: 0x80009d5c (0x2a3f2423) sw      gp, 680(t5)
core   0: 3 0x80009d5c (0x2a3f2423) mem 0x80010000 0x00000001
core   0: 0x80009d60 (0xff9ff06f) j       pc - 0x8
core   0: 3 0x80009d60 (0xff9ff06f)
core   0: 0x80009d58 (0x00006f17) auipc   t5, 0x6
core   0: 3 0x80009d58 (0x00006f17) x30 0x8000fd58
core   0: 0x80009d5c (0x2a3f2423) sw      gp, 680(t5)
core   0: 3 0x80009d5c (0x2a3f2423) mem 0x80010000 0x00000001
core   0: 0x80009d60 (0xff9ff06f) j       pc - 0x8
core   0: 3 0x80009d60 (0xff9ff06f)
core   0: 0x80009d58 (0x00006f17) auipc   t5, 0x6
core   0: 3 0x80009d58 (0x00006f17) x30 0x8000fd58
core   0: 0x80009d5c (0x2a3f2423) sw      gp, 680(t5)
core   0: 3 0x80009d5c (0x2a3f2423) mem 0x80010000 0x00000001
core   0: 0x80009d60 (0xff9ff06f) j       pc - 0x8
core   0: 3 0x80009d60 (0xff9ff06f)
core   0: 0x80009d58 (0x00006f17) auipc   t5, 0x6
core   0: 3 0x80009d58 (0x00006f17) x30 0x8000fd58
core   0: 0x80009d5c (0x2a3f2423) sw      gp, 680(t5)
core   0: 3 0x80009d5c (0x2a3f2423) mem 0x80010000 0x00000001
core   0: 0x80009d60 (0xff9ff06f) j       pc - 0x8
core   0: 3 0x80009d60 (0xff9ff06f)
core   0: 0x80009d58 (0x00006f17) auipc   t5, 0x6
core   0: 3 0x80009d58 (0x00006f17) x30 0x8000fd58
core   0: 0x80009d5c (0x2a3f2423) sw      gp, 680(t5)
core   0: 3 0x80009d5c (0x2a3f2423) mem 0x80010000 0x00000001
core   0: 0x80009d60 (0xff9ff06f) j       pc - 0x8
core   0: 3 0x80009d60 (0xff9ff06f)
core   0: 0x80009d58 (0x00006f17) auipc   t5, 0x6
core   0: 3 0x80009d58 (0x00006f17) x30 0x8000fd58
core   0: 0x80009d5c (0x2a3f2423) sw      gp, 680(t5)
core   0: 3 0x80009d5c (0x2a3f2423) mem 0x80010000 0x00000001
core   0: 0x80009d60 (0xff9ff06f) j       pc - 0x8
core   0: 3 0x80009d60 (0xff9ff06f)
core   0: 0x80009d58 (0x00006f17) auipc   t5, 0x6
core   0: 3 0x80009d58 (0x00006f17) x30 0x8000fd58
core   0: 0x80009d5c (0x2a3f2423) sw      gp, 680(t5)
core   0: 3 0x80009d5c (0x2a3f2423) mem 0x80010000 0x00000001
core   0: 0x80009d60 (0xff9ff06f) j       pc - 0x8
core   0: 3 0x80009d60 (0xff9ff06f)
core   0: 0x80009d58 (0x00006f17) auipc   t5, 0x6
core   0: 3 0x80009d58 (0x00006f17) x30 0x8000fd58
core   0: 0x80009d5c (0x2a3f2423) sw      gp, 680(t5)
core   0: 3 0x80009d5c (0x2a3f2423) mem 0x80010000 0x00000001
core   0: 0x80009d60 (0xff9ff06f) j       pc - 0x8
core   0: 3 0x80009d60 (0xff9ff06f)
core   0: 0x80009d58 (0x00006f17) auipc   t5, 0x6
core   0: 3 0x80009d58 (0x00006f17) x30 0x8000fd58
core   0: 0x80009d5c (0x2a3f2423) sw      gp, 680(t5)
core   0: 3 0x80009d5c (0x2a3f2423) mem 0x80010000 0x00000001
core   0: 0x80009d60 (0xff9ff06f) j       pc - 0x8
core   0: 3 0x80009d60 (0xff9ff06f)
core   0: 0x80009d58 (0x00006f17) auipc   t5, 0x6
core   0: 3 0x80009d58 (0x00006f17) x30 0x8000fd58
core   0: 0x80009d5c (0x2a3f2423) sw      gp, 680(t5)
core   0: 3 0x80009d5c (0x2a3f2423) mem 0x80010000 0x00000001
core   0: 0x80009d60 (0xff9ff06f) j       pc - 0x8
core   0: 3 0x80009d60 (0xff9ff06f)
core   0: 0x80009d58 (0x00006f17) auipc   t5, 0x6
core   0: 3 0x80009d58 (0x00006f17) x30 0x8000fd58
core   0: 0x80009d5c (0x2a3f2423) sw      gp, 680(t5)
core   0: 3 0x80009d5c (0x2a3f2423) mem 0x80010000 0x00000001
core   0: 0x80009d60 (0xff9ff06f) j       pc - 0x8
core   0: 3 0x80009d60 (0xff9ff06f)
core   0: 0x80009d58 (0x00006f17) auipc   t5, 0x6
core   0: 3 0x80009d58 (0x00006f17) x30 0x8000fd58
core   0: 0x80009d5c (0x2a3f2423) sw      gp, 680(t5)
core   0: 3 0x80009d5c (0x2a3f2423) mem 0x80010000 0x00000001
core   0: 0x80009d60 (0xff9ff06f) j       pc - 0x8
core   0: 3 0x80009d60 (0xff9ff06f)
core   0: 0x80009d58 (0x00006f17) auipc   t5, 0x6
core   0: 3 0x80009d58 (0x00006f17) x30 0x8000fd58
core   0: 0x80009d5c (0x2a3f2423) sw      gp, 680(t5)
core   0: 3 0x80009d5c (0x2a3f2423) mem 0x80010000 0x00000001
core   0: 0x80009d60 (0xff9ff06f) j       pc - 0x8
core   0: 3 0x80009d60 (0xff9ff06f)
core   0: 0x80009d58 (0x00006f17) auipc   t5, 0x6
core   0: 3 0x80009d58 (0x00006f17) x30 0x8000fd58
core   0: 0x80009d5c (0x2a3f2423) sw      gp, 680(t5)
core   0: 3 0x80009d5c (0x2a3f2423) mem 0x80010000 0x00000001
core   0: 0x80009d60 (0xff9ff06f) j       pc - 0x8
core   0: 3 0x80009d60 (0xff9ff06f)
core   0: 0x80009d58 (0x00006f17) auipc   t5, 0x6
core   0: 3 0x80009d58 (0x00006f17) x30 0x8000fd58
core   0: 0x80009d5c (0x2a3f2423) sw      gp, 680(t5)
core   0: 3 0x80009d5c (0x2a3f2423) mem 0x80010000 0x00000001
core   0: 0x80009d60 (0xff9ff06f) j       pc - 0x8
core   0: 3 0x80009d60 (0xff9ff06f)
core   0: 0x80009d58 (0x00006f17) auipc   t5, 0x6
core   0: 3 0x80009d58 (0x00006f17) x30 0x8000fd58
core   0: 0x80009d5c (0x2a3f2423) sw      gp, 680(t5)
core   0: 3 0x80009d5c (0x2a3f2423) mem 0x80010000 0x00000001
core   0: 0x80009d60 (0xff9ff06f) j       pc - 0x8
core   0: 3 0x80009d60 (0xff9ff06f)
core   0: 0x80009d58 (0x00006f17) auipc   t5, 0x6
core   0: 3 0x80009d58 (0x00006f17) x30 0x8000fd58
core   0: 0x80009d5c (0x2a3f2423) sw      gp, 680(t5)
core   0: 3 0x80009d5c (0x2a3f2423) mem 0x80010000 0x00000001
core   0: 0x80009d60 (0xff9ff06f) j       pc - 0x8
core   0: 3 0x80009d60 (0xff9ff06f)
core   0: 0x80009d58 (0x00006f17) auipc   t5, 0x6
core   0: 3 0x80009d58 (0x00006f17) x30 0x8000fd58
core   0: 0x80009d5c (0x2a3f2423) sw      gp, 680(t5)
core   0: 3 0x80009d5c (0x2a3f2423) mem 0x80010000 0x00000001
core   0: 0x80009d60 (0xff9ff06f) j       pc - 0x8
core   0: 3 0x80009d60 (0xff9ff06f)
core   0: 0x80009d58 (0x00006f17) auipc   t5, 0x6
core   0: 3 0x80009d58 (0x00006f17) x30 0x8000fd58
core   0: 0x80009d5c (0x2a3f2423) sw      gp, 680(t5)
core   0: 3 0x80009d5c (0x2a3f2423) mem 0x80010000 0x00000001
core   0: 0x80009d60 (0xff9ff06f) j       pc - 0x8
core   0: 3 0x80009d60 (0xff9ff06f)
core   0: 0x80009d58 (0x00006f17) auipc   t5, 0x6
core   0: 3 0x80009d58 (0x00006f17) x30 0x8000fd58
core   0: 0x80009d5c (0x2a3f2423) sw      gp, 680(t5)
core   0: 3 0x80009d5c (0x2a3f2423) mem 0x80010000 0x00000001
core   0: 0x80009d60 (0xff9ff06f) j       pc - 0x8
core   0: 3 0x80009d60 (0xff9ff06f)
core   0: 0x80009d58 (0x00006f17) auipc   t5, 0x6
core   0: 3 0x80009d58 (0x00006f17) x30 0x8000fd58
core   0: 0x80009d5c (0x2a3f2423) sw      gp, 680(t5)
core   0: 3 0x80009d5c (0x2a3f2423) mem 0x80010000 0x00000001
core   0: 0x80009d60 (0xff9ff06f) j       pc - 0x8
core   0: 3 0x80009d60 (0xff9ff06f)
core   0: 0x80009d58 (0x00006f17) auipc   t5, 0x6
core   0: 3 0x80009d58 (0x00006f17) x30 0x8000fd58
core   0: 0x80009d5c (0x2a3f2423) sw      gp, 680(t5)
core   0: 3 0x80009d5c (0x2a3f2423) mem 0x80010000 0x00000001
core   0: 0x80009d60 (0xff9ff06f) j       pc - 0x8
core   0: 3 0x80009d60 (0xff9ff06f)
core   0: 0x80009d58 (0x00006f17) auipc   t5, 0x6
core   0: 3 0x80009d58 (0x00006f17) x30 0x8000fd58
core   0: 0x80009d5c (0x2a3f2423) sw      gp, 680(t5)
core   0: 3 0x80009d5c (0x2a3f2423) mem 0x80010000 0x00000001
core   0: 0x80009d60 (0xff9ff06f) j       pc - 0x8
core   0: 3 0x80009d60 (0xff9ff06f)
core   0: 0x80009d58 (0x00006f17) auipc   t5, 0x6
core   0: 3 0x80009d58 (0x00006f17) x30 0x8000fd58
core   0: 0x80009d5c (0x2a3f2423) sw      gp, 680(t5)
core   0: 3 0x80009d5c (0x2a3f2423) mem 0x80010000 0x00000001
core   0: 0x80009d60 (0xff9ff06f) j       pc - 0x8
core   0: 3 0x80009d60 (0xff9ff06f)
core   0: 0x80009d58 (0x00006f17) auipc   t5, 0x6
core   0: 3 0x80009d58 (0x00006f17) x30 0x8000fd58
core   0: 0x80009d5c (0x2a3f2423) sw      gp, 680(t5)
core   0: 3 0x80009d5c (0x2a3f2423) mem 0x80010000 0x00000001
core   0: 0x80009d60 (0xff9ff06f) j       pc - 0x8
core   0: 3 0x80009d60 (0xff9ff06f)
core   0: 0x80009d58 (0x00006f17) auipc   t5, 0x6
core   0: 3 0x80009d58 (0x00006f17) x30 0x8000fd58
core   0: 0x80009d5c (0x2a3f2423) sw      gp, 680(t5)
core   0: 3 0x80009d5c (0x2a3f2423) mem 0x80010000 0x00000001
core   0: 0x80009d60 (0xff9ff06f) j       pc - 0x8
core   0: 3 0x80009d60 (0xff9ff06f)
core   0: 0x80009d58 (0x00006f17) auipc   t5, 0x6
core   0: 3 0x80009d58 (0x00006f17) x30 0x8000fd58
core   0: 0x80009d5c (0x2a3f2423) sw      gp, 680(t5)
core   0: 3 0x80009d5c (0x2a3f2423) mem 0x80010000 0x00000001
core   0: 0x80009d60 (0xff9ff06f) j       pc - 0x8
core   0: 3 0x80009d60 (0xff9ff06f)
core   0: 0x80009d58 (0x00006f17) auipc   t5, 0x6
core   0: 3 0x80009d58 (0x00006f17) x30 0x8000fd58
core   0: 0x80009d5c (0x2a3f2423) sw      gp, 680(t5)
core   0: 3 0x80009d5c (0x2a3f2423) mem 0x80010000 0x00000001
core   0: 0x80009d60 (0xff9ff06f) j       pc - 0x8
core   0: 3 0x80009d60 (0xff9ff06f)
core   0: 0x80009d58 (0x00006f17) auipc   t5, 0x6
core   0: 3 0x80009d58 (0x00006f17) x30 0x8000fd58
core   0: 0x80009d5c (0x2a3f2423) sw      gp, 680(t5)
core   0: 3 0x80009d5c (0x2a3f2423) mem 0x80010000 0x00000001
core   0: 0x80009d60 (0xff9ff06f) j       pc - 0x8
core   0: 3 0x80009d60 (0xff9ff06f)
core   0: 0x80009d58 (0x00006f17) auipc   t5, 0x6
core   0: 3 0x80009d58 (0x00006f17) x30 0x8000fd58
core   0: 0x80009d5c (0x2a3f2423) sw      gp, 680(t5)
core   0: 3 0x80009d5c (0x2a3f2423) mem 0x80010000 0x00000001
core   0: 0x80009d60 (0xff9ff06f) j       pc - 0x8
core   0: 3 0x80009d60 (0xff9ff06f)
core   0: 0x80009d58 (0x00006f17) auipc   t5, 0x6
core   0: 3 0x80009d58 (0x00006f17) x30 0x8000fd58
core   0: 0x80009d5c (0x2a3f2423) sw      gp, 680(t5)
core   0: 3 0x80009d5c (0x2a3f2423) mem 0x80010000 0x00000001
core   0: 0x80009d60 (0xff9ff06f) j       pc - 0x8
core   0: 3 0x80009d60 (0xff9ff06f)
core   0: 0x80009d58 (0x00006f17) auipc   t5, 0x6
core   0: 3 0x80009d58 (0x00006f17) x30 0x8000fd58
core   0: 0x80009d5c (0x2a3f2423) sw      gp, 680(t5)
core   0: 3 0x80009d5c (0x2a3f2423) mem 0x80010000 0x00000001
core   0: 0x80009d60 (0xff9ff06f) j       pc - 0x8
core   0: 3 0x80009d60 (0xff9ff06f)
core   0: 0x80009d58 (0x00006f17) auipc   t5, 0x6
core   0: 3 0x80009d58 (0x00006f17) x30 0x8000fd58
core   0: 0x80009d5c (0x2a3f2423) sw      gp, 680(t5)
core   0: 3 0x80009d5c (0x2a3f2423) mem 0x80010000 0x00000001
core   0: 0x80009d60 (0xff9ff06f) j       pc - 0x8
core   0: 3 0x80009d60 (0xff9ff06f)
core   0: 0x80009d58 (0x00006f17) auipc   t5, 0x6
core   0: 3 0x80009d58 (0x00006f17) x30 0x8000fd58
core   0: 0x80009d5c (0x2a3f2423) sw      gp, 680(t5)
core   0: 3 0x80009d5c (0x2a3f2423) mem 0x80010000 0x00000001
core   0: 0x80009d60 (0xff9ff06f) j       pc - 0x8
core   0: 3 0x80009d60 (0xff9ff06f)
core   0: 0x80009d58 (0x00006f17) auipc   t5, 0x6
core   0: 3 0x80009d58 (0x00006f17) x30 0x8000fd58
core   0: 0x80009d5c (0x2a3f2423) sw      gp, 680(t5)
core   0: 3 0x80009d5c (0x2a3f2423) mem 0x80010000 0x00000001
core   0: 0x80009d60 (0xff9ff06f) j       pc - 0x8
core   0: 3 0x80009d60 (0xff9ff06f)
core   0: 0x80009d58 (0x00006f17) auipc   t5, 0x6
core   0: 3 0x80009d58 (0x00006f17) x30 0x8000fd58
core   0: 0x80009d5c (0x2a3f2423) sw      gp, 680(t5)
core   0: 3 0x80009d5c (0x2a3f2423) mem 0x80010000 0x00000001
core   0: 0x80009d60 (0xff9ff06f) j       pc - 0x8
core   0: 3 0x80009d60 (0xff9ff06f)
core   0: 0x80009d58 (0x00006f17) auipc   t5, 0x6
core   0: 3 0x80009d58 (0x00006f17) x30 0x8000fd58
core   0: 0x80009d5c (0x2a3f2423) sw      gp, 680(t5)
core   0: 3 0x80009d5c (0x2a3f2423) mem 0x80010000 0x00000001
core   0: 0x80009d60 (0xff9ff06f) j       pc - 0x8
core   0: 3 0x80009d60 (0xff9ff06f)
core   0: 0x80009d58 (0x00006f17) auipc   t5, 0x6
core   0: 3 0x80009d58 (0x00006f17) x30 0x8000fd58
core   0: 0x80009d5c (0x2a3f2423) sw      gp, 680(t5)
core   0: 3 0x80009d5c (0x2a3f2423) mem 0x80010000 0x00000001
core   0: 0x80009d60 (0xff9ff06f) j       pc - 0x8
core   0: 3 0x80009d60 (0xff9ff06f)
core   0: 0x80009d58 (0x00006f17) auipc   t5, 0x6
core   0: 3 0x80009d58 (0x00006f17) x30 0x8000fd58
core   0: 0x80009d5c (0x2a3f2423) sw      gp, 680(t5)
core   0: 3 0x80009d5c (0x2a3f2423) mem 0x80010000 0x00000001
core   0: 0x80009d60 (0xff9ff06f) j       pc - 0x8
core   0: 3 0x80009d60 (0xff9ff06f)
core   0: 0x80009d58 (0x00006f17) auipc   t5, 0x6
core   0: 3 0x80009d58 (0x00006f17) x30 0x8000fd58
core   0: 0x80009d5c (0x2a3f2423) sw      gp, 680(t5)
core   0: 3 0x80009d5c (0x2a3f2423) mem 0x80010000 0x00000001
core   0: 0x80009d60 (0xff9ff06f) j       pc - 0x8
core   0: 3 0x80009d60 (0xff9ff06f)
core   0: 0x80009d58 (0x00006f17) auipc   t5, 0x6
core   0: 3 0x80009d58 (0x00006f17) x30 0x8000fd58
core   0: 0x80009d5c (0x2a3f2423) sw      gp, 680(t5)
core   0: 3 0x80009d5c (0x2a3f2423) mem 0x80010000 0x00000001
core   0: 0x80009d60 (0xff9ff06f) j       pc - 0x8
core   0: 3 0x80009d60 (0xff9ff06f)
core   0: 0x80009d58 (0x00006f17) auipc   t5, 0x6
core   0: 3 0x80009d58 (0x00006f17) x30 0x8000fd58
core   0: 0x80009d5c (0x2a3f2423) sw      gp, 680(t5)
core   0: 3 0x80009d5c (0x2a3f2423) mem 0x80010000 0x00000001
core   0: 0x80009d60 (0xff9ff06f) j       pc - 0x8
core   0: 3 0x80009d60 (0xff9ff06f)
core   0: 0x80009d58 (0x00006f17) auipc   t5, 0x6
core   0: 3 0x80009d58 (0x00006f17) x30 0x8000fd58
core   0: 0x80009d5c (0x2a3f2423) sw      gp, 680(t5)
core   0: 3 0x80009d5c (0x2a3f2423) mem 0x80010000 0x00000001
core   0: 0x80009d60 (0xff9ff06f) j       pc - 0x8
core   0: 3 0x80009d60 (0xff9ff06f)
core   0: 0x80009d58 (0x00006f17) auipc   t5, 0x6
core   0: 3 0x80009d58 (0x00006f17) x30 0x8000fd58
core   0: 0x80009d5c (0x2a3f2423) sw      gp, 680(t5)
core   0: 3 0x80009d5c (0x2a3f2423) mem 0x80010000 0x00000001
core   0: 0x80009d60 (0xff9ff06f) j       pc - 0x8
core   0: 3 0x80009d60 (0xff9ff06f)
core   0: 0x80009d58 (0x00006f17) auipc   t5, 0x6
core   0: 3 0x80009d58 (0x00006f17) x30 0x8000fd58
core   0: 0x80009d5c (0x2a3f2423) sw      gp, 680(t5)
core   0: 3 0x80009d5c (0x2a3f2423) mem 0x80010000 0x00000001
core   0: 0x80009d60 (0xff9ff06f) j       pc - 0x8
core   0: 3 0x80009d60 (0xff9ff06f)
core   0: 0x80009d58 (0x00006f17) auipc   t5, 0x6
core   0: 3 0x80009d58 (0x00006f17) x30 0x8000fd58
core   0: 0x80009d5c (0x2a3f2423) sw      gp, 680(t5)
core   0: 3 0x80009d5c (0x2a3f2423) mem 0x80010000 0x00000001
core   0: 0x80009d60 (0xff9ff06f) j       pc - 0x8
core   0: 3 0x80009d60 (0xff9ff06f)
core   0: 0x80009d58 (0x00006f17) auipc   t5, 0x6
core   0: 3 0x80009d58 (0x00006f17) x30 0x8000fd58
core   0: 0x80009d5c (0x2a3f2423) sw      gp, 680(t5)
core   0: 3 0x80009d5c (0x2a3f2423) mem 0x80010000 0x00000001
core   0: 0x80009d60 (0xff9ff06f) j       pc - 0x8
core   0: 3 0x80009d60 (0xff9ff06f)
core   0: 0x80009d58 (0x00006f17) auipc   t5, 0x6
core   0: 3 0x80009d58 (0x00006f17) x30 0x8000fd58
core   0: 0x80009d5c (0x2a3f2423) sw      gp, 680(t5)
core   0: 3 0x80009d5c (0x2a3f2423) mem 0x80010000 0x00000001
core   0: 0x80009d60 (0xff9ff06f) j       pc - 0x8
core   0: 3 0x80009d60 (0xff9ff06f)
core   0: 0x80009d58 (0x00006f17) auipc   t5, 0x6
core   0: 3 0x80009d58 (0x00006f17) x30 0x8000fd58
core   0: 0x80009d5c (0x2a3f2423) sw      gp, 680(t5)
core   0: 3 0x80009d5c (0x2a3f2423) mem 0x80010000 0x00000001
core   0: 0x80009d60 (0xff9ff06f) j       pc - 0x8
core   0: 3 0x80009d60 (0xff9ff06f)
core   0: 0x80009d58 (0x00006f17) auipc   t5, 0x6
core   0: 3 0x80009d58 (0x00006f17) x30 0x8000fd58
core   0: 0x80009d5c (0x2a3f2423) sw      gp, 680(t5)
core   0: 3 0x80009d5c (0x2a3f2423) mem 0x80010000 0x00000001
core   0: 0x80009d60 (0xff9ff06f) j       pc - 0x8
core   0: 3 0x80009d60 (0xff9ff06f)
core   0: 0x80009d58 (0x00006f17) auipc   t5, 0x6
core   0: 3 0x80009d58 (0x00006f17) x30 0x8000fd58
core   0: 0x80009d5c (0x2a3f2423) sw      gp, 680(t5)
core   0: 3 0x80009d5c (0x2a3f2423) mem 0x80010000 0x00000001
core   0: 0x80009d60 (0xff9ff06f) j       pc - 0x8
core   0: 3 0x80009d60 (0xff9ff06f)
core   0: 0x80009d58 (0x00006f17) auipc   t5, 0x6
core   0: 3 0x80009d58 (0x00006f17) x30 0x8000fd58
core   0: 0x80009d5c (0x2a3f2423) sw      gp, 680(t5)
core   0: 3 0x80009d5c (0x2a3f2423) mem 0x80010000 0x00000001
core   0: 0x80009d60 (0xff9ff06f) j       pc - 0x8
core   0: 3 0x80009d60 (0xff9ff06f)
core   0: 0x80009d58 (0x00006f17) auipc   t5, 0x6
core   0: 3 0x80009d58 (0x00006f17) x30 0x8000fd58
core   0: 0x80009d5c (0x2a3f2423) sw      gp, 680(t5)
core   0: 3 0x80009d5c (0x2a3f2423) mem 0x80010000 0x00000001
core   0: 0x80009d60 (0xff9ff06f) j       pc - 0x8
core   0: 3 0x80009d60 (0xff9ff06f)
core   0: 0x80009d58 (0x00006f17) auipc   t5, 0x6
core   0: 3 0x80009d58 (0x00006f17) x30 0x8000fd58
core   0: 0x80009d5c (0x2a3f2423) sw      gp, 680(t5)
core   0: 3 0x80009d5c (0x2a3f2423) mem 0x80010000 0x00000001
core   0: 0x80009d60 (0xff9ff06f) j       pc - 0x8
core   0: 3 0x80009d60 (0xff9ff06f)
core   0: 0x80009d58 (0x00006f17) auipc   t5, 0x6
core   0: 3 0x80009d58 (0x00006f17) x30 0x8000fd58
core   0: 0x80009d5c (0x2a3f2423) sw      gp, 680(t5)
core   0: 3 0x80009d5c (0x2a3f2423) mem 0x80010000 0x00000001
core   0: 0x80009d60 (0xff9ff06f) j       pc - 0x8
core   0: 3 0x80009d60 (0xff9ff06f)
core   0: 0x80009d58 (0x00006f17) auipc   t5, 0x6
core   0: 3 0x80009d58 (0x00006f17) x30 0x8000fd58
core   0: 0x80009d5c (0x2a3f2423) sw      gp, 680(t5)
core   0: 3 0x80009d5c (0x2a3f2423) mem 0x80010000 0x00000001
core   0: 0x80009d60 (0xff9ff06f) j       pc - 0x8
core   0: 3 0x80009d60 (0xff9ff06f)
core   0: 0x80009d58 (0x00006f17) auipc   t5, 0x6
core   0: 3 0x80009d58 (0x00006f17) x30 0x8000fd58
core   0: 0x80009d5c (0x2a3f2423) sw      gp, 680(t5)
core   0: 3 0x80009d5c (0x2a3f2423) mem 0x80010000 0x00000001
core   0: 0x80009d60 (0xff9ff06f) j       pc - 0x8
core   0: 3 0x80009d60 (0xff9ff06f)
core   0: 0x80009d58 (0x00006f17) auipc   t5, 0x6
core   0: 3 0x80009d58 (0x00006f17) x30 0x8000fd58
core   0: 0x80009d5c (0x2a3f2423) sw      gp, 680(t5)
core   0: 3 0x80009d5c (0x2a3f2423) mem 0x80010000 0x00000001
core   0: 0x80009d60 (0xff9ff06f) j       pc - 0x8
core   0: 3 0x80009d60 (0xff9ff06f)
core   0: 0x80009d58 (0x00006f17) auipc   t5, 0x6
core   0: 3 0x80009d58 (0x00006f17) x30 0x8000fd58
core   0: 0x80009d5c (0x2a3f2423) sw      gp, 680(t5)
core   0: 3 0x80009d5c (0x2a3f2423) mem 0x80010000 0x00000001
core   0: 0x80009d60 (0xff9ff06f) j       pc - 0x8
core   0: 3 0x80009d60 (0xff9ff06f)
core   0: 0x80009d58 (0x00006f17) auipc   t5, 0x6
core   0: 3 0x80009d58 (0x00006f17) x30 0x8000fd58
core   0: 0x80009d5c (0x2a3f2423) sw      gp, 680(t5)
core   0: 3 0x80009d5c (0x2a3f2423) mem 0x80010000 0x00000001
core   0: 0x80009d60 (0xff9ff06f) j       pc - 0x8
core   0: 3 0x80009d60 (0xff9ff06f)
core   0: 0x80009d58 (0x00006f17) auipc   t5, 0x6
core   0: 3 0x80009d58 (0x00006f17) x30 0x8000fd58
core   0: 0x80009d5c (0x2a3f2423) sw      gp, 680(t5)
core   0: 3 0x80009d5c (0x2a3f2423) mem 0x80010000 0x00000001
core   0: 0x80009d60 (0xff9ff06f) j       pc - 0x8
core   0: 3 0x80009d60 (0xff9ff06f)
core   0: 0x80009d58 (0x00006f17) auipc   t5, 0x6
core   0: 3 0x80009d58 (0x00006f17) x30 0x8000fd58
core   0: 0x80009d5c (0x2a3f2423) sw      gp, 680(t5)
core   0: 3 0x80009d5c (0x2a3f2423) mem 0x80010000 0x00000001
core   0: 0x80009d60 (0xff9ff06f) j       pc - 0x8
core   0: 3 0x80009d60 (0xff9ff06f)
core   0: 0x80009d58 (0x00006f17) auipc   t5, 0x6
core   0: 3 0x80009d58 (0x00006f17) x30 0x8000fd58
core   0: 0x80009d5c (0x2a3f2423) sw      gp, 680(t5)
core   0: 3 0x80009d5c (0x2a3f2423) mem 0x80010000 0x00000001
core   0: 0x80009d60 (0xff9ff06f) j       pc - 0x8
core   0: 3 0x80009d60 (0xff9ff06f)
core   0: 0x80009d58 (0x00006f17) auipc   t5, 0x6
core   0: 3 0x80009d58 (0x00006f17) x30 0x8000fd58
core   0: 0x80009d5c (0x2a3f2423) sw      gp, 680(t5)
core   0: 3 0x80009d5c (0x2a3f2423) mem 0x80010000 0x00000001
core   0: 0x80009d60 (0xff9ff06f) j       pc - 0x8
core   0: 3 0x80009d60 (0xff9ff06f)
core   0: 0x80009d58 (0x00006f17) auipc   t5, 0x6
core   0: 3 0x80009d58 (0x00006f17) x30 0x8000fd58
core   0: 0x80009d5c (0x2a3f2423) sw      gp, 680(t5)
core   0: 3 0x80009d5c (0x2a3f2423) mem 0x80010000 0x00000001
core   0: 0x80009d60 (0xff9ff06f) j       pc - 0x8
core   0: 3 0x80009d60 (0xff9ff06f)
core   0: 0x80009d58 (0x00006f17) auipc   t5, 0x6
core   0: 3 0x80009d58 (0x00006f17) x30 0x8000fd58
core   0: 0x80009d5c (0x2a3f2423) sw      gp, 680(t5)
core   0: 3 0x80009d5c (0x2a3f2423) mem 0x80010000 0x00000001
core   0: 0x80009d60 (0xff9ff06f) j       pc - 0x8
core   0: 3 0x80009d60 (0xff9ff06f)
core   0: 0x80009d58 (0x00006f17) auipc   t5, 0x6
core   0: 3 0x80009d58 (0x00006f17) x30 0x8000fd58
core   0: 0x80009d5c (0x2a3f2423) sw      gp, 680(t5)
core   0: 3 0x80009d5c (0x2a3f2423) mem 0x80010000 0x00000001
core   0: 0x80009d60 (0xff9ff06f) j       pc - 0x8
core   0: 3 0x80009d60 (0xff9ff06f)
core   0: 0x80009d58 (0x00006f17) auipc   t5, 0x6
core   0: 3 0x80009d58 (0x00006f17) x30 0x8000fd58
core   0: 0x80009d5c (0x2a3f2423) sw      gp, 680(t5)
core   0: 3 0x80009d5c (0x2a3f2423) mem 0x80010000 0x00000001
core   0: 0x80009d60 (0xff9ff06f) j       pc - 0x8
core   0: 3 0x80009d60 (0xff9ff06f)
core   0: 0x80009d58 (0x00006f17) auipc   t5, 0x6
core   0: 3 0x80009d58 (0x00006f17) x30 0x8000fd58
core   0: 0x80009d5c (0x2a3f2423) sw      gp, 680(t5)
core   0: 3 0x80009d5c (0x2a3f2423) mem 0x80010000 0x00000001
core   0: 0x80009d60 (0xff9ff06f) j       pc - 0x8
core   0: 3 0x80009d60 (0xff9ff06f)
core   0: 0x80009d58 (0x00006f17) auipc   t5, 0x6
core   0: 3 0x80009d58 (0x00006f17) x30 0x8000fd58
core   0: 0x80009d5c (0x2a3f2423) sw      gp, 680(t5)
core   0: 3 0x80009d5c (0x2a3f2423) mem 0x80010000 0x00000001
core   0: 0x80009d60 (0xff9ff06f) j       pc - 0x8
core   0: 3 0x80009d60 (0xff9ff06f)
core   0: 0x80009d58 (0x00006f17) auipc   t5, 0x6
core   0: 3 0x80009d58 (0x00006f17) x30 0x8000fd58
core   0: 0x80009d5c (0x2a3f2423) sw      gp, 680(t5)
core   0: 3 0x80009d5c (0x2a3f2423) mem 0x80010000 0x00000001
core   0: 0x80009d60 (0xff9ff06f) j       pc - 0x8
core   0: 3 0x80009d60 (0xff9ff06f)
core   0: 0x80009d58 (0x00006f17) auipc   t5, 0x6
core   0: 3 0x80009d58 (0x00006f17) x30 0x8000fd58
core   0: 0x80009d5c (0x2a3f2423) sw      gp, 680(t5)
core   0: 3 0x80009d5c (0x2a3f2423) mem 0x80010000 0x00000001
core   0: 0x80009d60 (0xff9ff06f) j       pc - 0x8
core   0: 3 0x80009d60 (0xff9ff06f)
core   0: 0x80009d58 (0x00006f17) auipc   t5, 0x6
core   0: 3 0x80009d58 (0x00006f17) x30 0x8000fd58
core   0: 0x80009d5c (0x2a3f2423) sw      gp, 680(t5)
core   0: 3 0x80009d5c (0x2a3f2423) mem 0x80010000 0x00000001
core   0: 0x80009d60 (0xff9ff06f) j       pc - 0x8
core   0: 3 0x80009d60 (0xff9ff06f)
core   0: 0x80009d58 (0x00006f17) auipc   t5, 0x6
core   0: 3 0x80009d58 (0x00006f17) x30 0x8000fd58
core   0: 0x80009d5c (0x2a3f2423) sw      gp, 680(t5)
core   0: 3 0x80009d5c (0x2a3f2423) mem 0x80010000 0x00000001
core   0: 0x80009d60 (0xff9ff06f) j       pc - 0x8
core   0: 3 0x80009d60 (0xff9ff06f)
core   0: 0x80009d58 (0x00006f17) auipc   t5, 0x6
core   0: 3 0x80009d58 (0x00006f17) x30 0x8000fd58
core   0: 0x80009d5c (0x2a3f2423) sw      gp, 680(t5)
core   0: 3 0x80009d5c (0x2a3f2423) mem 0x80010000 0x00000001
core   0: 0x80009d60 (0xff9ff06f) j       pc - 0x8
core   0: 3 0x80009d60 (0xff9ff06f)
core   0: 0x80009d58 (0x00006f17) auipc   t5, 0x6
core   0: 3 0x80009d58 (0x00006f17) x30 0x8000fd58
core   0: 0x80009d5c (0x2a3f2423) sw      gp, 680(t5)
core   0: 3 0x80009d5c (0x2a3f2423) mem 0x80010000 0x00000001
core   0: 0x80009d60 (0xff9ff06f) j       pc - 0x8
core   0: 3 0x80009d60 (0xff9ff06f)
core   0: 0x80009d58 (0x00006f17) auipc   t5, 0x6
core   0: 3 0x80009d58 (0x00006f17) x30 0x8000fd58
core   0: 0x80009d5c (0x2a3f2423) sw      gp, 680(t5)
core   0: 3 0x80009d5c (0x2a3f2423) mem 0x80010000 0x00000001
core   0: 0x80009d60 (0xff9ff06f) j       pc - 0x8
core   0: 3 0x80009d60 (0xff9ff06f)
core   0: 0x80009d58 (0x00006f17) auipc   t5, 0x6
core   0: 3 0x80009d58 (0x00006f17) x30 0x8000fd58
core   0: 0x80009d5c (0x2a3f2423) sw      gp, 680(t5)
core   0: 3 0x80009d5c (0x2a3f2423) mem 0x80010000 0x00000001
core   0: 0x80009d60 (0xff9ff06f) j       pc - 0x8
core   0: 3 0x80009d60 (0xff9ff06f)
core   0: 0x80009d58 (0x00006f17) auipc   t5, 0x6
core   0: 3 0x80009d58 (0x00006f17) x30 0x8000fd58
core   0: 0x80009d5c (0x2a3f2423) sw      gp, 680(t5)
core   0: 3 0x80009d5c (0x2a3f2423) mem 0x80010000 0x00000001
core   0: 0x80009d60 (0xff9ff06f) j       pc - 0x8
core   0: 3 0x80009d60 (0xff9ff06f)
core   0: 0x80009d58 (0x00006f17) auipc   t5, 0x6
core   0: 3 0x80009d58 (0x00006f17) x30 0x8000fd58
core   0: 0x80009d5c (0x2a3f2423) sw      gp, 680(t5)
core   0: 3 0x80009d5c (0x2a3f2423) mem 0x80010000 0x00000001
core   0: 0x80009d60 (0xff9ff06f) j       pc - 0x8
core   0: 3 0x80009d60 (0xff9ff06f)
core   0: 0x80009d58 (0x00006f17) auipc   t5, 0x6
core   0: 3 0x80009d58 (0x00006f17) x30 0x8000fd58
core   0: 0x80009d5c (0x2a3f2423) sw      gp, 680(t5)
core   0: 3 0x80009d5c (0x2a3f2423) mem 0x80010000 0x00000001
core   0: 0x80009d60 (0xff9ff06f) j       pc - 0x8
core   0: 3 0x80009d60 (0xff9ff06f)
core   0: 0x80009d58 (0x00006f17) auipc   t5, 0x6
core   0: 3 0x80009d58 (0x00006f17) x30 0x8000fd58
core   0: 0x80009d5c (0x2a3f2423) sw      gp, 680(t5)
core   0: 3 0x80009d5c (0x2a3f2423) mem 0x80010000 0x00000001
core   0: 0x80009d60 (0xff9ff06f) j       pc - 0x8
core   0: 3 0x80009d60 (0xff9ff06f)
core   0: 0x80009d58 (0x00006f17) auipc   t5, 0x6
core   0: 3 0x80009d58 (0x00006f17) x30 0x8000fd58
core   0: 0x80009d5c (0x2a3f2423) sw      gp, 680(t5)
core   0: 3 0x80009d5c (0x2a3f2423) mem 0x80010000 0x00000001
core   0: 0x80009d60 (0xff9ff06f) j       pc - 0x8
core   0: 3 0x80009d60 (0xff9ff06f)
core   0: 0x80009d58 (0x00006f17) auipc   t5, 0x6
core   0: 3 0x80009d58 (0x00006f17) x30 0x8000fd58
core   0: 0x80009d5c (0x2a3f2423) sw      gp, 680(t5)
core   0: 3 0x80009d5c (0x2a3f2423) mem 0x80010000 0x00000001
core   0: 0x80009d60 (0xff9ff06f) j       pc - 0x8
core   0: 3 0x80009d60 (0xff9ff06f)
core   0: 0x80009d58 (0x00006f17) auipc   t5, 0x6
core   0: 3 0x80009d58 (0x00006f17) x30 0x8000fd58
core   0: 0x80009d5c (0x2a3f2423) sw      gp, 680(t5)
core   0: 3 0x80009d5c (0x2a3f2423) mem 0x80010000 0x00000001
core   0: 0x80009d60 (0xff9ff06f) j       pc - 0x8
core   0: 3 0x80009d60 (0xff9ff06f)
core   0: 0x80009d58 (0x00006f17) auipc   t5, 0x6
core   0: 3 0x80009d58 (0x00006f17) x30 0x8000fd58
core   0: 0x80009d5c (0x2a3f2423) sw      gp, 680(t5)
core   0: 3 0x80009d5c (0x2a3f2423) mem 0x80010000 0x00000001
core   0: 0x80009d60 (0xff9ff06f) j       pc - 0x8
core   0: 3 0x80009d60 (0xff9ff06f)
core   0: 0x80009d58 (0x00006f17) auipc   t5, 0x6
core   0: 3 0x80009d58 (0x00006f17) x30 0x8000fd58
core   0: 0x80009d5c (0x2a3f2423) sw      gp, 680(t5)
core   0: 3 0x80009d5c (0x2a3f2423) mem 0x80010000 0x00000001
core   0: 0x80009d60 (0xff9ff06f) j       pc - 0x8
core   0: 3 0x80009d60 (0xff9ff06f)
core   0: 0x80009d58 (0x00006f17) auipc   t5, 0x6
core   0: 3 0x80009d58 (0x00006f17) x30 0x8000fd58
core   0: 0x80009d5c (0x2a3f2423) sw      gp, 680(t5)
core   0: 3 0x80009d5c (0x2a3f2423) mem 0x80010000 0x00000001
core   0: 0x80009d60 (0xff9ff06f) j       pc - 0x8
core   0: 3 0x80009d60 (0xff9ff06f)
core   0: 0x80009d58 (0x00006f17) auipc   t5, 0x6
core   0: 3 0x80009d58 (0x00006f17) x30 0x8000fd58
core   0: 0x80009d5c (0x2a3f2423) sw      gp, 680(t5)
core   0: 3 0x80009d5c (0x2a3f2423) mem 0x80010000 0x00000001
core   0: 0x80009d60 (0xff9ff06f) j       pc - 0x8
core   0: 3 0x80009d60 (0xff9ff06f)
core   0: 0x80009d58 (0x00006f17) auipc   t5, 0x6
core   0: 3 0x80009d58 (0x00006f17) x30 0x8000fd58
core   0: 0x80009d5c (0x2a3f2423) sw      gp, 680(t5)
core   0: 3 0x80009d5c (0x2a3f2423) mem 0x80010000 0x00000001
core   0: 0x80009d60 (0xff9ff06f) j       pc - 0x8
core   0: 3 0x80009d60 (0xff9ff06f)
core   0: 0x80009d58 (0x00006f17) auipc   t5, 0x6
core   0: 3 0x80009d58 (0x00006f17) x30 0x8000fd58
core   0: 0x80009d5c (0x2a3f2423) sw      gp, 680(t5)
core   0: 3 0x80009d5c (0x2a3f2423) mem 0x80010000 0x00000001
core   0: 0x80009d60 (0xff9ff06f) j       pc - 0x8
core   0: 3 0x80009d60 (0xff9ff06f)
core   0: 0x80009d58 (0x00006f17) auipc   t5, 0x6
core   0: 3 0x80009d58 (0x00006f17) x30 0x8000fd58
core   0: 0x80009d5c (0x2a3f2423) sw      gp, 680(t5)
core   0: 3 0x80009d5c (0x2a3f2423) mem 0x80010000 0x00000001
core   0: 0x80009d60 (0xff9ff06f) j       pc - 0x8
core   0: 3 0x80009d60 (0xff9ff06f)
core   0: 0x80009d58 (0x00006f17) auipc   t5, 0x6
core   0: 3 0x80009d58 (0x00006f17) x30 0x8000fd58
core   0: 0x80009d5c (0x2a3f2423) sw      gp, 680(t5)
core   0: 3 0x80009d5c (0x2a3f2423) mem 0x80010000 0x00000001
core   0: 0x80009d60 (0xff9ff06f) j       pc - 0x8
core   0: 3 0x80009d60 (0xff9ff06f)
core   0: 0x80009d58 (0x00006f17) auipc   t5, 0x6
core   0: 3 0x80009d58 (0x00006f17) x30 0x8000fd58
core   0: 0x80009d5c (0x2a3f2423) sw      gp, 680(t5)
core   0: 3 0x80009d5c (0x2a3f2423) mem 0x80010000 0x00000001
core   0: 0x80009d60 (0xff9ff06f) j       pc - 0x8
core   0: 3 0x80009d60 (0xff9ff06f)
core   0: 0x80009d58 (0x00006f17) auipc   t5, 0x6
core   0: 3 0x80009d58 (0x00006f17) x30 0x8000fd58
core   0: 0x80009d5c (0x2a3f2423) sw      gp, 680(t5)
core   0: 3 0x80009d5c (0x2a3f2423) mem 0x80010000 0x00000001
core   0: 0x80009d60 (0xff9ff06f) j       pc - 0x8
core   0: 3 0x80009d60 (0xff9ff06f)
core   0: 0x80009d58 (0x00006f17) auipc   t5, 0x6
core   0: 3 0x80009d58 (0x00006f17) x30 0x8000fd58
core   0: 0x80009d5c (0x2a3f2423) sw      gp, 680(t5)
core   0: 3 0x80009d5c (0x2a3f2423) mem 0x80010000 0x00000001
core   0: 0x80009d60 (0xff9ff06f) j       pc - 0x8
core   0: 3 0x80009d60 (0xff9ff06f)
core   0: 0x80009d58 (0x00006f17) auipc   t5, 0x6
core   0: 3 0x80009d58 (0x00006f17) x30 0x8000fd58
core   0: 0x80009d5c (0x2a3f2423) sw      gp, 680(t5)
core   0: 3 0x80009d5c (0x2a3f2423) mem 0x80010000 0x00000001
core   0: 0x80009d60 (0xff9ff06f) j       pc - 0x8
core   0: 3 0x80009d60 (0xff9ff06f)
core   0: 0x80009d58 (0x00006f17) auipc   t5, 0x6
core   0: 3 0x80009d58 (0x00006f17) x30 0x8000fd58
core   0: 0x80009d5c (0x2a3f2423) sw      gp, 680(t5)
core   0: 3 0x80009d5c (0x2a3f2423) mem 0x80010000 0x00000001
core   0: 0x80009d60 (0xff9ff06f) j       pc - 0x8
core   0: 3 0x80009d60 (0xff9ff06f)
core   0: 0x80009d58 (0x00006f17) auipc   t5, 0x6
core   0: 3 0x80009d58 (0x00006f17) x30 0x8000fd58
core   0: 0x80009d5c (0x2a3f2423) sw      gp, 680(t5)
core   0: 3 0x80009d5c (0x2a3f2423) mem 0x80010000 0x00000001
core   0: 0x80009d60 (0xff9ff06f) j       pc - 0x8
core   0: 3 0x80009d60 (0xff9ff06f)
core   0: 0x80009d58 (0x00006f17) auipc   t5, 0x6
core   0: 3 0x80009d58 (0x00006f17) x30 0x8000fd58
core   0: 0x80009d5c (0x2a3f2423) sw      gp, 680(t5)
core   0: 3 0x80009d5c (0x2a3f2423) mem 0x80010000 0x00000001
core   0: 0x80009d60 (0xff9ff06f) j       pc - 0x8
core   0: 3 0x80009d60 (0xff9ff06f)
core   0: 0x80009d58 (0x00006f17) auipc   t5, 0x6
core   0: 3 0x80009d58 (0x00006f17) x30 0x8000fd58
core   0: 0x80009d5c (0x2a3f2423) sw      gp, 680(t5)
core   0: 3 0x80009d5c (0x2a3f2423) mem 0x80010000 0x00000001
core   0: 0x80009d60 (0xff9ff06f) j       pc - 0x8
core   0: 3 0x80009d60 (0xff9ff06f)
core   0: 0x80009d58 (0x00006f17) auipc   t5, 0x6
core   0: 3 0x80009d58 (0x00006f17) x30 0x8000fd58
core   0: 0x80009d5c (0x2a3f2423) sw      gp, 680(t5)
core   0: 3 0x80009d5c (0x2a3f2423) mem 0x80010000 0x00000001
core   0: 0x80009d60 (0xff9ff06f) j       pc - 0x8
core   0: 3 0x80009d60 (0xff9ff06f)
core   0: 0x80009d58 (0x00006f17) auipc   t5, 0x6
core   0: 3 0x80009d58 (0x00006f17) x30 0x8000fd58
core   0: 0x80009d5c (0x2a3f2423) sw      gp, 680(t5)
core   0: 3 0x80009d5c (0x2a3f2423) mem 0x80010000 0x00000001
core   0: 0x80009d60 (0xff9ff06f) j       pc - 0x8
core   0: 3 0x80009d60 (0xff9ff06f)
core   0: 0x80009d58 (0x00006f17) auipc   t5, 0x6
core   0: 3 0x80009d58 (0x00006f17) x30 0x8000fd58
core   0: 0x80009d5c (0x2a3f2423) sw      gp, 680(t5)
core   0: 3 0x80009d5c (0x2a3f2423) mem 0x80010000 0x00000001
core   0: 0x80009d60 (0xff9ff06f) j       pc - 0x8
core   0: 3 0x80009d60 (0xff9ff06f)
core   0: 0x80009d58 (0x00006f17) auipc   t5, 0x6
core   0: 3 0x80009d58 (0x00006f17) x30 0x8000fd58
core   0: 0x80009d5c (0x2a3f2423) sw      gp, 680(t5)
core   0: 3 0x80009d5c (0x2a3f2423) mem 0x80010000 0x00000001
core   0: 0x80009d60 (0xff9ff06f) j       pc - 0x8
core   0: 3 0x80009d60 (0xff9ff06f)
core   0: 0x80009d58 (0x00006f17) auipc   t5, 0x6
core   0: 3 0x80009d58 (0x00006f17) x30 0x8000fd58
core   0: 0x80009d5c (0x2a3f2423) sw      gp, 680(t5)
core   0: 3 0x80009d5c (0x2a3f2423) mem 0x80010000 0x00000001
core   0: 0x80009d60 (0xff9ff06f) j       pc - 0x8
core   0: 3 0x80009d60 (0xff9ff06f)
core   0: 0x80009d58 (0x00006f17) auipc   t5, 0x6
core   0: 3 0x80009d58 (0x00006f17) x30 0x8000fd58
core   0: 0x80009d5c (0x2a3f2423) sw      gp, 680(t5)
core   0: 3 0x80009d5c (0x2a3f2423) mem 0x80010000 0x00000001
core   0: 0x80009d60 (0xff9ff06f) j       pc - 0x8
core   0: 3 0x80009d60 (0xff9ff06f)
core   0: 0x80009d58 (0x00006f17) auipc   t5, 0x6
core   0: 3 0x80009d58 (0x00006f17) x30 0x8000fd58
core   0: 0x80009d5c (0x2a3f2423) sw      gp, 680(t5)
core   0: 3 0x80009d5c (0x2a3f2423) mem 0x80010000 0x00000001
core   0: 0x80009d60 (0xff9ff06f) j       pc - 0x8
core   0: 3 0x80009d60 (0xff9ff06f)
core   0: 0x80009d58 (0x00006f17) auipc   t5, 0x6
core   0: 3 0x80009d58 (0x00006f17) x30 0x8000fd58
core   0: 0x80009d5c (0x2a3f2423) sw      gp, 680(t5)
core   0: 3 0x80009d5c (0x2a3f2423) mem 0x80010000 0x00000001
core   0: 0x80009d60 (0xff9ff06f) j       pc - 0x8
core   0: 3 0x80009d60 (0xff9ff06f)
core   0: 0x80009d58 (0x00006f17) auipc   t5, 0x6
core   0: 3 0x80009d58 (0x00006f17) x30 0x8000fd58
core   0: 0x80009d5c (0x2a3f2423) sw      gp, 680(t5)
core   0: 3 0x80009d5c (0x2a3f2423) mem 0x80010000 0x00000001
core   0: 0x80009d60 (0xff9ff06f) j       pc - 0x8
core   0: 3 0x80009d60 (0xff9ff06f)
core   0: 0x80009d58 (0x00006f17) auipc   t5, 0x6
core   0: 3 0x80009d58 (0x00006f17) x30 0x8000fd58
core   0: 0x80009d5c (0x2a3f2423) sw      gp, 680(t5)
core   0: 3 0x80009d5c (0x2a3f2423) mem 0x80010000 0x00000001
core   0: 0x80009d60 (0xff9ff06f) j       pc - 0x8
core   0: 3 0x80009d60 (0xff9ff06f)
core   0: 0x80009d58 (0x00006f17) auipc   t5, 0x6
core   0: 3 0x80009d58 (0x00006f17) x30 0x8000fd58
core   0: 0x80009d5c (0x2a3f2423) sw      gp, 680(t5)
core   0: 3 0x80009d5c (0x2a3f2423) mem 0x80010000 0x00000001
core   0: 0x80009d60 (0xff9ff06f) j       pc - 0x8
core   0: 3 0x80009d60 (0xff9ff06f)
core   0: 0x80009d58 (0x00006f17) auipc   t5, 0x6
core   0: 3 0x80009d58 (0x00006f17) x30 0x8000fd58
core   0: 0x80009d5c (0x2a3f2423) sw      gp, 680(t5)
core   0: 3 0x80009d5c (0x2a3f2423) mem 0x80010000 0x00000001
core   0: 0x80009d60 (0xff9ff06f) j       pc - 0x8
core   0: 3 0x80009d60 (0xff9ff06f)
core   0: 0x80009d58 (0x00006f17) auipc   t5, 0x6
core   0: 3 0x80009d58 (0x00006f17) x30 0x8000fd58
core   0: 0x80009d5c (0x2a3f2423) sw      gp, 680(t5)
core   0: 3 0x80009d5c (0x2a3f2423) mem 0x80010000 0x00000001
core   0: 0x80009d60 (0xff9ff06f) j       pc - 0x8
core   0: 3 0x80009d60 (0xff9ff06f)
core   0: 0x80009d58 (0x00006f17) auipc   t5, 0x6
core   0: 3 0x80009d58 (0x00006f17) x30 0x8000fd58
core   0: 0x80009d5c (0x2a3f2423) sw      gp, 680(t5)
core   0: 3 0x80009d5c (0x2a3f2423) mem 0x80010000 0x00000001
core   0: 0x80009d60 (0xff9ff06f) j       pc - 0x8
core   0: 3 0x80009d60 (0xff9ff06f)
core   0: 0x80009d58 (0x00006f17) auipc   t5, 0x6
core   0: 3 0x80009d58 (0x00006f17) x30 0x8000fd58
core   0: 0x80009d5c (0x2a3f2423) sw      gp, 680(t5)
core   0: 3 0x80009d5c (0x2a3f2423) mem 0x80010000 0x00000001
core   0: 0x80009d60 (0xff9ff06f) j       pc - 0x8
core   0: 3 0x80009d60 (0xff9ff06f)
core   0: 0x80009d58 (0x00006f17) auipc   t5, 0x6
core   0: 3 0x80009d58 (0x00006f17) x30 0x8000fd58
core   0: 0x80009d5c (0x2a3f2423) sw      gp, 680(t5)
core   0: 3 0x80009d5c (0x2a3f2423) mem 0x80010000 0x00000001
core   0: 0x80009d60 (0xff9ff06f) j       pc - 0x8
core   0: 3 0x80009d60 (0xff9ff06f)
core   0: 0x80009d58 (0x00006f17) auipc   t5, 0x6
core   0: 3 0x80009d58 (0x00006f17) x30 0x8000fd58
core   0: 0x80009d5c (0x2a3f2423) sw      gp, 680(t5)
core   0: 3 0x80009d5c (0x2a3f2423) mem 0x80010000 0x00000001
core   0: 0x80009d60 (0xff9ff06f) j       pc - 0x8
core   0: 3 0x80009d60 (0xff9ff06f)
core   0: 0x80009d58 (0x00006f17) auipc   t5, 0x6
core   0: 3 0x80009d58 (0x00006f17) x30 0x8000fd58
core   0: 0x80009d5c (0x2a3f2423) sw      gp, 680(t5)
core   0: 3 0x80009d5c (0x2a3f2423) mem 0x80010000 0x00000001
core   0: 0x80009d60 (0xff9ff06f) j       pc - 0x8
core   0: 3 0x80009d60 (0xff9ff06f)
core   0: 0x80009d58 (0x00006f17) auipc   t5, 0x6
core   0: 3 0x80009d58 (0x00006f17) x30 0x8000fd58
core   0: 0x80009d5c (0x2a3f2423) sw      gp, 680(t5)
core   0: 3 0x80009d5c (0x2a3f2423) mem 0x80010000 0x00000001
core   0: 0x80009d60 (0xff9ff06f) j       pc - 0x8
core   0: 3 0x80009d60 (0xff9ff06f)
core   0: 0x80009d58 (0x00006f17) auipc   t5, 0x6
core   0: 3 0x80009d58 (0x00006f17) x30 0x8000fd58
core   0: 0x80009d5c (0x2a3f2423) sw      gp, 680(t5)
core   0: 3 0x80009d5c (0x2a3f2423) mem 0x80010000 0x00000001
core   0: 0x80009d60 (0xff9ff06f) j       pc - 0x8
core   0: 3 0x80009d60 (0xff9ff06f)
core   0: 0x80009d58 (0x00006f17) auipc   t5, 0x6
core   0: 3 0x80009d58 (0x00006f17) x30 0x8000fd58
core   0: 0x80009d5c (0x2a3f2423) sw      gp, 680(t5)
core   0: 3 0x80009d5c (0x2a3f2423) mem 0x80010000 0x00000001
core   0: 0x80009d60 (0xff9ff06f) j       pc - 0x8
core   0: 3 0x80009d60 (0xff9ff06f)
core   0: 0x80009d58 (0x00006f17) auipc   t5, 0x6
core   0: 3 0x80009d58 (0x00006f17) x30 0x8000fd58
core   0: 0x80009d5c (0x2a3f2423) sw      gp, 680(t5)
core   0: 3 0x80009d5c (0x2a3f2423) mem 0x80010000 0x00000001
core   0: 0x80009d60 (0xff9ff06f) j       pc - 0x8
core   0: 3 0x80009d60 (0xff9ff06f)
core   0: 0x80009d58 (0x00006f17) auipc   t5, 0x6
core   0: 3 0x80009d58 (0x00006f17) x30 0x8000fd58
core   0: 0x80009d5c (0x2a3f2423) sw      gp, 680(t5)
core   0: 3 0x80009d5c (0x2a3f2423) mem 0x80010000 0x00000001
core   0: 0x80009d60 (0xff9ff06f) j       pc - 0x8
core   0: 3 0x80009d60 (0xff9ff06f)
core   0: 0x80009d58 (0x00006f17) auipc   t5, 0x6
core   0: 3 0x80009d58 (0x00006f17) x30 0x8000fd58
core   0: 0x80009d5c (0x2a3f2423) sw      gp, 680(t5)
core   0: 3 0x80009d5c (0x2a3f2423) mem 0x80010000 0x00000001
core   0: 0x80009d60 (0xff9ff06f) j       pc - 0x8
core   0: 3 0x80009d60 (0xff9ff06f)
core   0: 0x80009d58 (0x00006f17) auipc   t5, 0x6
core   0: 3 0x80009d58 (0x00006f17) x30 0x8000fd58
core   0: 0x80009d5c (0x2a3f2423) sw      gp, 680(t5)
core   0: 3 0x80009d5c (0x2a3f2423) mem 0x80010000 0x00000001
core   0: 0x80009d60 (0xff9ff06f) j       pc - 0x8
core   0: 3 0x80009d60 (0xff9ff06f)
core   0: 0x80009d58 (0x00006f17) auipc   t5, 0x6
core   0: 3 0x80009d58 (0x00006f17) x30 0x8000fd58
core   0: 0x80009d5c (0x2a3f2423) sw      gp, 680(t5)
core   0: 3 0x80009d5c (0x2a3f2423) mem 0x80010000 0x00000001
core   0: 0x80009d60 (0xff9ff06f) j       pc - 0x8
core   0: 3 0x80009d60 (0xff9ff06f)
core   0: 0x80009d58 (0x00006f17) auipc   t5, 0x6
core   0: 3 0x80009d58 (0x00006f17) x30 0x8000fd58
core   0: 0x80009d5c (0x2a3f2423) sw      gp, 680(t5)
core   0: 3 0x80009d5c (0x2a3f2423) mem 0x80010000 0x00000001
core   0: 0x80009d60 (0xff9ff06f) j       pc - 0x8
core   0: 3 0x80009d60 (0xff9ff06f)
core   0: 0x80009d58 (0x00006f17) auipc   t5, 0x6
core   0: 3 0x80009d58 (0x00006f17) x30 0x8000fd58
core   0: 0x80009d5c (0x2a3f2423) sw      gp, 680(t5)
core   0: 3 0x80009d5c (0x2a3f2423) mem 0x80010000 0x00000001
core   0: 0x80009d60 (0xff9ff06f) j       pc - 0x8
core   0: 3 0x80009d60 (0xff9ff06f)
core   0: 0x80009d58 (0x00006f17) auipc   t5, 0x6
core   0: 3 0x80009d58 (0x00006f17) x30 0x8000fd58
core   0: 0x80009d5c (0x2a3f2423) sw      gp, 680(t5)
core   0: 3 0x80009d5c (0x2a3f2423) mem 0x80010000 0x00000001
core   0: 0x80009d60 (0xff9ff06f) j       pc - 0x8
core   0: 3 0x80009d60 (0xff9ff06f)
core   0: 0x80009d58 (0x00006f17) auipc   t5, 0x6
core   0: 3 0x80009d58 (0x00006f17) x30 0x8000fd58
core   0: 0x80009d5c (0x2a3f2423) sw      gp, 680(t5)
core   0: 3 0x80009d5c (0x2a3f2423) mem 0x80010000 0x00000001
core   0: 0x80009d60 (0xff9ff06f) j       pc - 0x8
core   0: 3 0x80009d60 (0xff9ff06f)
core   0: 0x80009d58 (0x00006f17) auipc   t5, 0x6
core   0: 3 0x80009d58 (0x00006f17) x30 0x8000fd58
core   0: 0x80009d5c (0x2a3f2423) sw      gp, 680(t5)
core   0: 3 0x80009d5c (0x2a3f2423) mem 0x80010000 0x00000001
core   0: 0x80009d60 (0xff9ff06f) j       pc - 0x8
core   0: 3 0x80009d60 (0xff9ff06f)
core   0: 0x80009d58 (0x00006f17) auipc   t5, 0x6
core   0: 3 0x80009d58 (0x00006f17) x30 0x8000fd58
core   0: 0x80009d5c (0x2a3f2423) sw      gp, 680(t5)
core   0: 3 0x80009d5c (0x2a3f2423) mem 0x80010000 0x00000001
core   0: 0x80009d60 (0xff9ff06f) j       pc - 0x8
core   0: 3 0x80009d60 (0xff9ff06f)
core   0: 0x80009d58 (0x00006f17) auipc   t5, 0x6
core   0: 3 0x80009d58 (0x00006f17) x30 0x8000fd58
core   0: 0x80009d5c (0x2a3f2423) sw      gp, 680(t5)
core   0: 3 0x80009d5c (0x2a3f2423) mem 0x80010000 0x00000001
core   0: 0x80009d60 (0xff9ff06f) j       pc - 0x8
core   0: 3 0x80009d60 (0xff9ff06f)
core   0: 0x80009d58 (0x00006f17) auipc   t5, 0x6
core   0: 3 0x80009d58 (0x00006f17) x30 0x8000fd58
core   0: 0x80009d5c (0x2a3f2423) sw      gp, 680(t5)
core   0: 3 0x80009d5c (0x2a3f2423) mem 0x80010000 0x00000001
core   0: 0x80009d60 (0xff9ff06f) j       pc - 0x8
core   0: 3 0x80009d60 (0xff9ff06f)
core   0: 0x80009d58 (0x00006f17) auipc   t5, 0x6
core   0: 3 0x80009d58 (0x00006f17) x30 0x8000fd58
core   0: 0x80009d5c (0x2a3f2423) sw      gp, 680(t5)
core   0: 3 0x80009d5c (0x2a3f2423) mem 0x80010000 0x00000001
core   0: 0x80009d60 (0xff9ff06f) j       pc - 0x8
core   0: 3 0x80009d60 (0xff9ff06f)
core   0: 0x80009d58 (0x00006f17) auipc   t5, 0x6
core   0: 3 0x80009d58 (0x00006f17) x30 0x8000fd58
core   0: 0x80009d5c (0x2a3f2423) sw      gp, 680(t5)
core   0: 3 0x80009d5c (0x2a3f2423) mem 0x80010000 0x00000001
core   0: 0x80009d60 (0xff9ff06f) j       pc - 0x8
core   0: 3 0x80009d60 (0xff9ff06f)
core   0: 0x80009d58 (0x00006f17) auipc   t5, 0x6
core   0: 3 0x80009d58 (0x00006f17) x30 0x8000fd58
core   0: 0x80009d5c (0x2a3f2423) sw      gp, 680(t5)
core   0: 3 0x80009d5c (0x2a3f2423) mem 0x80010000 0x00000001
core   0: 0x80009d60 (0xff9ff06f) j       pc - 0x8
core   0: 3 0x80009d60 (0xff9ff06f)
core   0: 0x80009d58 (0x00006f17) auipc   t5, 0x6
core   0: 3 0x80009d58 (0x00006f17) x30 0x8000fd58
core   0: 0x80009d5c (0x2a3f2423) sw      gp, 680(t5)
core   0: 3 0x80009d5c (0x2a3f2423) mem 0x80010000 0x00000001
core   0: 0x80009d60 (0xff9ff06f) j       pc - 0x8
core   0: 3 0x80009d60 (0xff9ff06f)
core   0: 0x80009d58 (0x00006f17) auipc   t5, 0x6
core   0: 3 0x80009d58 (0x00006f17) x30 0x8000fd58
core   0: 0x80009d5c (0x2a3f2423) sw      gp, 680(t5)
core   0: 3 0x80009d5c (0x2a3f2423) mem 0x80010000 0x00000001
core   0: 0x80009d60 (0xff9ff06f) j       pc - 0x8
core   0: 3 0x80009d60 (0xff9ff06f)
core   0: 0x80009d58 (0x00006f17) auipc   t5, 0x6
core   0: 3 0x80009d58 (0x00006f17) x30 0x8000fd58
core   0: 0x80009d5c (0x2a3f2423) sw      gp, 680(t5)
core   0: 3 0x80009d5c (0x2a3f2423) mem 0x80010000 0x00000001
core   0: 0x80009d60 (0xff9ff06f) j       pc - 0x8
core   0: 3 0x80009d60 (0xff9ff06f)
core   0: 0x80009d58 (0x00006f17) auipc   t5, 0x6
core   0: 3 0x80009d58 (0x00006f17) x30 0x8000fd58
core   0: 0x80009d5c (0x2a3f2423) sw      gp, 680(t5)
core   0: 3 0x80009d5c (0x2a3f2423) mem 0x80010000 0x00000001
core   0: 0x80009d60 (0xff9ff06f) j       pc - 0x8
core   0: 3 0x80009d60 (0xff9ff06f)
core   0: 0x80009d58 (0x00006f17) auipc   t5, 0x6
core   0: 3 0x80009d58 (0x00006f17) x30 0x8000fd58
core   0: 0x80009d5c (0x2a3f2423) sw      gp, 680(t5)
core   0: 3 0x80009d5c (0x2a3f2423) mem 0x80010000 0x00000001
core   0: 0x80009d60 (0xff9ff06f) j       pc - 0x8
core   0: 3 0x80009d60 (0xff9ff06f)
core   0: 0x80009d58 (0x00006f17) auipc   t5, 0x6
core   0: 3 0x80009d58 (0x00006f17) x30 0x8000fd58
core   0: 0x80009d5c (0x2a3f2423) sw      gp, 680(t5)
core   0: 3 0x80009d5c (0x2a3f2423) mem 0x80010000 0x00000001
core   0: 0x80009d60 (0xff9ff06f) j       pc - 0x8
core   0: 3 0x80009d60 (0xff9ff06f)
core   0: 0x80009d58 (0x00006f17) auipc   t5, 0x6
core   0: 3 0x80009d58 (0x00006f17) x30 0x8000fd58
core   0: 0x80009d5c (0x2a3f2423) sw      gp, 680(t5)
core   0: 3 0x80009d5c (0x2a3f2423) mem 0x80010000 0x00000001
core   0: 0x80009d60 (0xff9ff06f) j       pc - 0x8
core   0: 3 0x80009d60 (0xff9ff06f)
core   0: 0x80009d58 (0x00006f17) auipc   t5, 0x6
core   0: 3 0x80009d58 (0x00006f17) x30 0x8000fd58
core   0: 0x80009d5c (0x2a3f2423) sw      gp, 680(t5)
core   0: 3 0x80009d5c (0x2a3f2423) mem 0x80010000 0x00000001
core   0: 0x80009d60 (0xff9ff06f) j       pc - 0x8
core   0: 3 0x80009d60 (0xff9ff06f)
core   0: 0x80009d58 (0x00006f17) auipc   t5, 0x6
core   0: 3 0x80009d58 (0x00006f17) x30 0x8000fd58
core   0: 0x80009d5c (0x2a3f2423) sw      gp, 680(t5)
core   0: 3 0x80009d5c (0x2a3f2423) mem 0x80010000 0x00000001
core   0: 0x80009d60 (0xff9ff06f) j       pc - 0x8
core   0: 3 0x80009d60 (0xff9ff06f)
core   0: 0x80009d58 (0x00006f17) auipc   t5, 0x6
core   0: 3 0x80009d58 (0x00006f17) x30 0x8000fd58
core   0: 0x80009d5c (0x2a3f2423) sw      gp, 680(t5)
core   0: 3 0x80009d5c (0x2a3f2423) mem 0x80010000 0x00000001
core   0: 0x80009d60 (0xff9ff06f) j       pc - 0x8
core   0: 3 0x80009d60 (0xff9ff06f)
core   0: 0x80009d58 (0x00006f17) auipc   t5, 0x6
core   0: 3 0x80009d58 (0x00006f17) x30 0x8000fd58
core   0: 0x80009d5c (0x2a3f2423) sw      gp, 680(t5)
core   0: 3 0x80009d5c (0x2a3f2423) mem 0x80010000 0x00000001
core   0: 0x80009d60 (0xff9ff06f) j       pc - 0x8
core   0: 3 0x80009d60 (0xff9ff06f)
core   0: 0x80009d58 (0x00006f17) auipc   t5, 0x6
core   0: 3 0x80009d58 (0x00006f17) x30 0x8000fd58
core   0: 0x80009d5c (0x2a3f2423) sw      gp, 680(t5)
core   0: 3 0x80009d5c (0x2a3f2423) mem 0x80010000 0x00000001
core   0: 0x80009d60 (0xff9ff06f) j       pc - 0x8
core   0: 3 0x80009d60 (0xff9ff06f)
core   0: 0x80009d58 (0x00006f17) auipc   t5, 0x6
core   0: 3 0x80009d58 (0x00006f17) x30 0x8000fd58
core   0: 0x80009d5c (0x2a3f2423) sw      gp, 680(t5)
core   0: 3 0x80009d5c (0x2a3f2423) mem 0x80010000 0x00000001
core   0: 0x80009d60 (0xff9ff06f) j       pc - 0x8
core   0: 3 0x80009d60 (0xff9ff06f)
core   0: 0x80009d58 (0x00006f17) auipc   t5, 0x6
core   0: 3 0x80009d58 (0x00006f17) x30 0x8000fd58
core   0: 0x80009d5c (0x2a3f2423) sw      gp, 680(t5)
core   0: 3 0x80009d5c (0x2a3f2423) mem 0x80010000 0x00000001
core   0: 0x80009d60 (0xff9ff06f) j       pc - 0x8
core   0: 3 0x80009d60 (0xff9ff06f)
core   0: 0x80009d58 (0x00006f17) auipc   t5, 0x6
core   0: 3 0x80009d58 (0x00006f17) x30 0x8000fd58
core   0: 0x80009d5c (0x2a3f2423) sw      gp, 680(t5)
core   0: 3 0x80009d5c (0x2a3f2423) mem 0x80010000 0x00000001
core   0: 0x80009d60 (0xff9ff06f) j       pc - 0x8
core   0: 3 0x80009d60 (0xff9ff06f)
core   0: 0x80009d58 (0x00006f17) auipc   t5, 0x6
core   0: 3 0x80009d58 (0x00006f17) x30 0x8000fd58
core   0: 0x80009d5c (0x2a3f2423) sw      gp, 680(t5)
core   0: 3 0x80009d5c (0x2a3f2423) mem 0x80010000 0x00000001
core   0: 0x80009d60 (0xff9ff06f) j       pc - 0x8
core   0: 3 0x80009d60 (0xff9ff06f)
core   0: 0x80009d58 (0x00006f17) auipc   t5, 0x6
core   0: 3 0x80009d58 (0x00006f17) x30 0x8000fd58
core   0: 0x80009d5c (0x2a3f2423) sw      gp, 680(t5)
core   0: 3 0x80009d5c (0x2a3f2423) mem 0x80010000 0x00000001
core   0: 0x80009d60 (0xff9ff06f) j       pc - 0x8
core   0: 3 0x80009d60 (0xff9ff06f)
core   0: 0x80009d58 (0x00006f17) auipc   t5, 0x6
core   0: 3 0x80009d58 (0x00006f17) x30 0x8000fd58
core   0: 0x80009d5c (0x2a3f2423) sw      gp, 680(t5)
core   0: 3 0x80009d5c (0x2a3f2423) mem 0x80010000 0x00000001
core   0: 0x80009d60 (0xff9ff06f) j       pc - 0x8
core   0: 3 0x80009d60 (0xff9ff06f)
core   0: 0x80009d58 (0x00006f17) auipc   t5, 0x6
core   0: 3 0x80009d58 (0x00006f17) x30 0x8000fd58
core   0: 0x80009d5c (0x2a3f2423) sw      gp, 680(t5)
core   0: 3 0x80009d5c (0x2a3f2423) mem 0x80010000 0x00000001
core   0: 0x80009d60 (0xff9ff06f) j       pc - 0x8
core   0: 3 0x80009d60 (0xff9ff06f)
core   0: 0x80009d58 (0x00006f17) auipc   t5, 0x6
core   0: 3 0x80009d58 (0x00006f17) x30 0x8000fd58
core   0: 0x80009d5c (0x2a3f2423) sw      gp, 680(t5)
core   0: 3 0x80009d5c (0x2a3f2423) mem 0x80010000 0x00000001
core   0: 0x80009d60 (0xff9ff06f) j       pc - 0x8
core   0: 3 0x80009d60 (0xff9ff06f)
core   0: 0x80009d58 (0x00006f17) auipc   t5, 0x6
core   0: 3 0x80009d58 (0x00006f17) x30 0x8000fd58
core   0: 0x80009d5c (0x2a3f2423) sw      gp, 680(t5)
core   0: 3 0x80009d5c (0x2a3f2423) mem 0x80010000 0x00000001
core   0: 0x80009d60 (0xff9ff06f) j       pc - 0x8
core   0: 3 0x80009d60 (0xff9ff06f)
core   0: 0x80009d58 (0x00006f17) auipc   t5, 0x6
core   0: 3 0x80009d58 (0x00006f17) x30 0x8000fd58
core   0: 0x80009d5c (0x2a3f2423) sw      gp, 680(t5)
core   0: 3 0x80009d5c (0x2a3f2423) mem 0x80010000 0x00000001
core   0: 0x80009d60 (0xff9ff06f) j       pc - 0x8
core   0: 3 0x80009d60 (0xff9ff06f)
core   0: 0x80009d58 (0x00006f17) auipc   t5, 0x6
core   0: 3 0x80009d58 (0x00006f17) x30 0x8000fd58
core   0: 0x80009d5c (0x2a3f2423) sw      gp, 680(t5)
core   0: 3 0x80009d5c (0x2a3f2423) mem 0x80010000 0x00000001
core   0: 0x80009d60 (0xff9ff06f) j       pc - 0x8
core   0: 3 0x80009d60 (0xff9ff06f)
core   0: 0x80009d58 (0x00006f17) auipc   t5, 0x6
core   0: 3 0x80009d58 (0x00006f17) x30 0x8000fd58
core   0: 0x80009d5c (0x2a3f2423) sw      gp, 680(t5)
core   0: 3 0x80009d5c (0x2a3f2423) mem 0x80010000 0x00000001
core   0: 0x80009d60 (0xff9ff06f) j       pc - 0x8
core   0: 3 0x80009d60 (0xff9ff06f)
core   0: 0x80009d58 (0x00006f17) auipc   t5, 0x6
core   0: 3 0x80009d58 (0x00006f17) x30 0x8000fd58
core   0: 0x80009d5c (0x2a3f2423) sw      gp, 680(t5)
core   0: 3 0x80009d5c (0x2a3f2423) mem 0x80010000 0x00000001
core   0: 0x80009d60 (0xff9ff06f) j       pc - 0x8
core   0: 3 0x80009d60 (0xff9ff06f)
core   0: 0x80009d58 (0x00006f17) auipc   t5, 0x6
core   0: 3 0x80009d58 (0x00006f17) x30 0x8000fd58
core   0: 0x80009d5c (0x2a3f2423) sw      gp, 680(t5)
core   0: 3 0x80009d5c (0x2a3f2423) mem 0x80010000 0x00000001
core   0: 0x80009d60 (0xff9ff06f) j       pc - 0x8
core   0: 3 0x80009d60 (0xff9ff06f)
core   0: 0x80009d58 (0x00006f17) auipc   t5, 0x6
core   0: 3 0x80009d58 (0x00006f17) x30 0x8000fd58
core   0: 0x80009d5c (0x2a3f2423) sw      gp, 680(t5)
core   0: 3 0x80009d5c (0x2a3f2423) mem 0x80010000 0x00000001
core   0: 0x80009d60 (0xff9ff06f) j       pc - 0x8
core   0: 3 0x80009d60 (0xff9ff06f)
core   0: 0x80009d58 (0x00006f17) auipc   t5, 0x6
core   0: 3 0x80009d58 (0x00006f17) x30 0x8000fd58
core   0: 0x80009d5c (0x2a3f2423) sw      gp, 680(t5)
core   0: 3 0x80009d5c (0x2a3f2423) mem 0x80010000 0x00000001
core   0: 0x80009d60 (0xff9ff06f) j       pc - 0x8
core   0: 3 0x80009d60 (0xff9ff06f)
core   0: 0x80009d58 (0x00006f17) auipc   t5, 0x6
core   0: 3 0x80009d58 (0x00006f17) x30 0x8000fd58
core   0: 0x80009d5c (0x2a3f2423) sw      gp, 680(t5)
core   0: 3 0x80009d5c (0x2a3f2423) mem 0x80010000 0x00000001
core   0: 0x80009d60 (0xff9ff06f) j       pc - 0x8
core   0: 3 0x80009d60 (0xff9ff06f)
core   0: 0x80009d58 (0x00006f17) auipc   t5, 0x6
core   0: 3 0x80009d58 (0x00006f17) x30 0x8000fd58
core   0: 0x80009d5c (0x2a3f2423) sw      gp, 680(t5)
core   0: 3 0x80009d5c (0x2a3f2423) mem 0x80010000 0x00000001
core   0: 0x80009d60 (0xff9ff06f) j       pc - 0x8
core   0: 3 0x80009d60 (0xff9ff06f)
core   0: 0x80009d58 (0x00006f17) auipc   t5, 0x6
core   0: 3 0x80009d58 (0x00006f17) x30 0x8000fd58
core   0: 0x80009d5c (0x2a3f2423) sw      gp, 680(t5)
core   0: 3 0x80009d5c (0x2a3f2423) mem 0x80010000 0x00000001
core   0: 0x80009d60 (0xff9ff06f) j       pc - 0x8
core   0: 3 0x80009d60 (0xff9ff06f)
core   0: 0x80009d58 (0x00006f17) auipc   t5, 0x6
core   0: 3 0x80009d58 (0x00006f17) x30 0x8000fd58
core   0: 0x80009d5c (0x2a3f2423) sw      gp, 680(t5)
core   0: 3 0x80009d5c (0x2a3f2423) mem 0x80010000 0x00000001
core   0: 0x80009d60 (0xff9ff06f) j       pc - 0x8
core   0: 3 0x80009d60 (0xff9ff06f)
core   0: 0x80009d58 (0x00006f17) auipc   t5, 0x6
core   0: 3 0x80009d58 (0x00006f17) x30 0x8000fd58
core   0: 0x80009d5c (0x2a3f2423) sw      gp, 680(t5)
core   0: 3 0x80009d5c (0x2a3f2423) mem 0x80010000 0x00000001
core   0: 0x80009d60 (0xff9ff06f) j       pc - 0x8
core   0: 3 0x80009d60 (0xff9ff06f)
core   0: 0x80009d58 (0x00006f17) auipc   t5, 0x6
core   0: 3 0x80009d58 (0x00006f17) x30 0x8000fd58
core   0: 0x80009d5c (0x2a3f2423) sw      gp, 680(t5)
core   0: 3 0x80009d5c (0x2a3f2423) mem 0x80010000 0x00000001
core   0: 0x80009d60 (0xff9ff06f) j       pc - 0x8
core   0: 3 0x80009d60 (0xff9ff06f)
core   0: 0x80009d58 (0x00006f17) auipc   t5, 0x6
core   0: 3 0x80009d58 (0x00006f17) x30 0x8000fd58
core   0: 0x80009d5c (0x2a3f2423) sw      gp, 680(t5)
core   0: 3 0x80009d5c (0x2a3f2423) mem 0x80010000 0x00000001
core   0: 0x80009d60 (0xff9ff06f) j       pc - 0x8
core   0: 3 0x80009d60 (0xff9ff06f)
core   0: 0x80009d58 (0x00006f17) auipc   t5, 0x6
core   0: 3 0x80009d58 (0x00006f17) x30 0x8000fd58
core   0: 0x80009d5c (0x2a3f2423) sw      gp, 680(t5)
core   0: 3 0x80009d5c (0x2a3f2423) mem 0x80010000 0x00000001
core   0: 0x80009d60 (0xff9ff06f) j       pc - 0x8
core   0: 3 0x80009d60 (0xff9ff06f)
core   0: 0x80009d58 (0x00006f17) auipc   t5, 0x6
core   0: 3 0x80009d58 (0x00006f17) x30 0x8000fd58
core   0: 0x80009d5c (0x2a3f2423) sw      gp, 680(t5)
core   0: 3 0x80009d5c (0x2a3f2423) mem 0x80010000 0x00000001
core   0: 0x80009d60 (0xff9ff06f) j       pc - 0x8
core   0: 3 0x80009d60 (0xff9ff06f)
core   0: 0x80009d58 (0x00006f17) auipc   t5, 0x6
core   0: 3 0x80009d58 (0x00006f17) x30 0x8000fd58
core   0: 0x80009d5c (0x2a3f2423) sw      gp, 680(t5)
core   0: 3 0x80009d5c (0x2a3f2423) mem 0x80010000 0x00000001
core   0: 0x80009d60 (0xff9ff06f) j       pc - 0x8
core   0: 3 0x80009d60 (0xff9ff06f)
core   0: 0x80009d58 (0x00006f17) auipc   t5, 0x6
core   0: 3 0x80009d58 (0x00006f17) x30 0x8000fd58
core   0: 0x80009d5c (0x2a3f2423) sw      gp, 680(t5)
core   0: 3 0x80009d5c (0x2a3f2423) mem 0x80010000 0x00000001
core   0: 0x80009d60 (0xff9ff06f) j       pc - 0x8
core   0: 3 0x80009d60 (0xff9ff06f)
core   0: 0x80009d58 (0x00006f17) auipc   t5, 0x6
core   0: 3 0x80009d58 (0x00006f17) x30 0x8000fd58
core   0: 0x80009d5c (0x2a3f2423) sw      gp, 680(t5)
core   0: 3 0x80009d5c (0x2a3f2423) mem 0x80010000 0x00000001
core   0: 0x80009d60 (0xff9ff06f) j       pc - 0x8
core   0: 3 0x80009d60 (0xff9ff06f)
core   0: 0x80009d58 (0x00006f17) auipc   t5, 0x6
core   0: 3 0x80009d58 (0x00006f17) x30 0x8000fd58
core   0: 0x80009d5c (0x2a3f2423) sw      gp, 680(t5)
core   0: 3 0x80009d5c (0x2a3f2423) mem 0x80010000 0x00000001
core   0: 0x80009d60 (0xff9ff06f) j       pc - 0x8
core   0: 3 0x80009d60 (0xff9ff06f)
core   0: 0x80009d58 (0x00006f17) auipc   t5, 0x6
core   0: 3 0x80009d58 (0x00006f17) x30 0x8000fd58
core   0: 0x80009d5c (0x2a3f2423) sw      gp, 680(t5)
core   0: 3 0x80009d5c (0x2a3f2423) mem 0x80010000 0x00000001
core   0: 0x80009d60 (0xff9ff06f) j       pc - 0x8
core   0: 3 0x80009d60 (0xff9ff06f)
core   0: 0x80009d58 (0x00006f17) auipc   t5, 0x6
core   0: 3 0x80009d58 (0x00006f17) x30 0x8000fd58
core   0: 0x80009d5c (0x2a3f2423) sw      gp, 680(t5)
core   0: 3 0x80009d5c (0x2a3f2423) mem 0x80010000 0x00000001
core   0: 0x80009d60 (0xff9ff06f) j       pc - 0x8
core   0: 3 0x80009d60 (0xff9ff06f)
core   0: 0x80009d58 (0x00006f17) auipc   t5, 0x6
core   0: 3 0x80009d58 (0x00006f17) x30 0x8000fd58
core   0: 0x80009d5c (0x2a3f2423) sw      gp, 680(t5)
core   0: 3 0x80009d5c (0x2a3f2423) mem 0x80010000 0x00000001
core   0: 0x80009d60 (0xff9ff06f) j       pc - 0x8
core   0: 3 0x80009d60 (0xff9ff06f)
core   0: 0x80009d58 (0x00006f17) auipc   t5, 0x6
core   0: 3 0x80009d58 (0x00006f17) x30 0x8000fd58
core   0: 0x80009d5c (0x2a3f2423) sw      gp, 680(t5)
core   0: 3 0x80009d5c (0x2a3f2423) mem 0x80010000 0x00000001
core   0: 0x80009d60 (0xff9ff06f) j       pc - 0x8
core   0: 3 0x80009d60 (0xff9ff06f)
core   0: 0x80009d58 (0x00006f17) auipc   t5, 0x6
core   0: 3 0x80009d58 (0x00006f17) x30 0x8000fd58
core   0: 0x80009d5c (0x2a3f2423) sw      gp, 680(t5)
core   0: 3 0x80009d5c (0x2a3f2423) mem 0x80010000 0x00000001
core   0: 0x80009d60 (0xff9ff06f) j       pc - 0x8
core   0: 3 0x80009d60 (0xff9ff06f)
core   0: 0x80009d58 (0x00006f17) auipc   t5, 0x6
core   0: 3 0x80009d58 (0x00006f17) x30 0x8000fd58
core   0: 0x80009d5c (0x2a3f2423) sw      gp, 680(t5)
core   0: 3 0x80009d5c (0x2a3f2423) mem 0x80010000 0x00000001
core   0: 0x80009d60 (0xff9ff06f) j       pc - 0x8
core   0: 3 0x80009d60 (0xff9ff06f)
core   0: 0x80009d58 (0x00006f17) auipc   t5, 0x6
core   0: 3 0x80009d58 (0x00006f17) x30 0x8000fd58
core   0: 0x80009d5c (0x2a3f2423) sw      gp, 680(t5)
core   0: 3 0x80009d5c (0x2a3f2423) mem 0x80010000 0x00000001
core   0: 0x80009d60 (0xff9ff06f) j       pc - 0x8
core   0: 3 0x80009d60 (0xff9ff06f)
core   0: 0x80009d58 (0x00006f17) auipc   t5, 0x6
core   0: 3 0x80009d58 (0x00006f17) x30 0x8000fd58
core   0: 0x80009d5c (0x2a3f2423) sw      gp, 680(t5)
core   0: 3 0x80009d5c (0x2a3f2423) mem 0x80010000 0x00000001
core   0: 0x80009d60 (0xff9ff06f) j       pc - 0x8
core   0: 3 0x80009d60 (0xff9ff06f)
core   0: 0x80009d58 (0x00006f17) auipc   t5, 0x6
core   0: 3 0x80009d58 (0x00006f17) x30 0x8000fd58
core   0: 0x80009d5c (0x2a3f2423) sw      gp, 680(t5)
core   0: 3 0x80009d5c (0x2a3f2423) mem 0x80010000 0x00000001
core   0: 0x80009d60 (0xff9ff06f) j       pc - 0x8
core   0: 3 0x80009d60 (0xff9ff06f)
core   0: 0x80009d58 (0x00006f17) auipc   t5, 0x6
core   0: 3 0x80009d58 (0x00006f17) x30 0x8000fd58
core   0: 0x80009d5c (0x2a3f2423) sw      gp, 680(t5)
core   0: 3 0x80009d5c (0x2a3f2423) mem 0x80010000 0x00000001
core   0: 0x80009d60 (0xff9ff06f) j       pc - 0x8
core   0: 3 0x80009d60 (0xff9ff06f)
core   0: 0x80009d58 (0x00006f17) auipc   t5, 0x6
core   0: 3 0x80009d58 (0x00006f17) x30 0x8000fd58
core   0: 0x80009d5c (0x2a3f2423) sw      gp, 680(t5)
core   0: 3 0x80009d5c (0x2a3f2423) mem 0x80010000 0x00000001
core   0: 0x80009d60 (0xff9ff06f) j       pc - 0x8
core   0: 3 0x80009d60 (0xff9ff06f)
core   0: 0x80009d58 (0x00006f17) auipc   t5, 0x6
core   0: 3 0x80009d58 (0x00006f17) x30 0x8000fd58
core   0: 0x80009d5c (0x2a3f2423) sw      gp, 680(t5)
core   0: 3 0x80009d5c (0x2a3f2423) mem 0x80010000 0x00000001
core   0: 0x80009d60 (0xff9ff06f) j       pc - 0x8
core   0: 3 0x80009d60 (0xff9ff06f)
core   0: 0x80009d58 (0x00006f17) auipc   t5, 0x6
core   0: 3 0x80009d58 (0x00006f17) x30 0x8000fd58
core   0: 0x80009d5c (0x2a3f2423) sw      gp, 680(t5)
core   0: 3 0x80009d5c (0x2a3f2423) mem 0x80010000 0x00000001
core   0: 0x80009d60 (0xff9ff06f) j       pc - 0x8
core   0: 3 0x80009d60 (0xff9ff06f)
core   0: 0x80009d58 (0x00006f17) auipc   t5, 0x6
core   0: 3 0x80009d58 (0x00006f17) x30 0x8000fd58
core   0: 0x80009d5c (0x2a3f2423) sw      gp, 680(t5)
core   0: 3 0x80009d5c (0x2a3f2423) mem 0x80010000 0x00000001
core   0: 0x80009d60 (0xff9ff06f) j       pc - 0x8
core   0: 3 0x80009d60 (0xff9ff06f)
core   0: 0x80009d58 (0x00006f17) auipc   t5, 0x6
core   0: 3 0x80009d58 (0x00006f17) x30 0x8000fd58
core   0: 0x80009d5c (0x2a3f2423) sw      gp, 680(t5)
core   0: 3 0x80009d5c (0x2a3f2423) mem 0x80010000 0x00000001
core   0: 0x80009d60 (0xff9ff06f) j       pc - 0x8
core   0: 3 0x80009d60 (0xff9ff06f)
core   0: 0x80009d58 (0x00006f17) auipc   t5, 0x6
core   0: 3 0x80009d58 (0x00006f17) x30 0x8000fd58
core   0: 0x80009d5c (0x2a3f2423) sw      gp, 680(t5)
core   0: 3 0x80009d5c (0x2a3f2423) mem 0x80010000 0x00000001
core   0: 0x80009d60 (0xff9ff06f) j       pc - 0x8
core   0: 3 0x80009d60 (0xff9ff06f)
core   0: 0x80009d58 (0x00006f17) auipc   t5, 0x6
core   0: 3 0x80009d58 (0x00006f17) x30 0x8000fd58
core   0: 0x80009d5c (0x2a3f2423) sw      gp, 680(t5)
core   0: 3 0x80009d5c (0x2a3f2423) mem 0x80010000 0x00000001
core   0: 0x80009d60 (0xff9ff06f) j       pc - 0x8
core   0: 3 0x80009d60 (0xff9ff06f)
core   0: 0x80009d58 (0x00006f17) auipc   t5, 0x6
core   0: 3 0x80009d58 (0x00006f17) x30 0x8000fd58
core   0: 0x80009d5c (0x2a3f2423) sw      gp, 680(t5)
core   0: 3 0x80009d5c (0x2a3f2423) mem 0x80010000 0x00000001
core   0: 0x80009d60 (0xff9ff06f) j       pc - 0x8
core   0: 3 0x80009d60 (0xff9ff06f)
core   0: 0x80009d58 (0x00006f17) auipc   t5, 0x6
core   0: 3 0x80009d58 (0x00006f17) x30 0x8000fd58
core   0: 0x80009d5c (0x2a3f2423) sw      gp, 680(t5)
core   0: 3 0x80009d5c (0x2a3f2423) mem 0x80010000 0x00000001
core   0: 0x80009d60 (0xff9ff06f) j       pc - 0x8
core   0: 3 0x80009d60 (0xff9ff06f)
core   0: 0x80009d58 (0x00006f17) auipc   t5, 0x6
core   0: 3 0x80009d58 (0x00006f17) x30 0x8000fd58
core   0: 0x80009d5c (0x2a3f2423) sw      gp, 680(t5)
core   0: 3 0x80009d5c (0x2a3f2423) mem 0x80010000 0x00000001
core   0: 0x80009d60 (0xff9ff06f) j       pc - 0x8
core   0: 3 0x80009d60 (0xff9ff06f)
core   0: 0x80009d58 (0x00006f17) auipc   t5, 0x6
core   0: 3 0x80009d58 (0x00006f17) x30 0x8000fd58
core   0: 0x80009d5c (0x2a3f2423) sw      gp, 680(t5)
core   0: 3 0x80009d5c (0x2a3f2423) mem 0x80010000 0x00000001
core   0: 0x80009d60 (0xff9ff06f) j       pc - 0x8
core   0: 3 0x80009d60 (0xff9ff06f)
core   0: 0x80009d58 (0x00006f17) auipc   t5, 0x6
core   0: 3 0x80009d58 (0x00006f17) x30 0x8000fd58
core   0: 0x80009d5c (0x2a3f2423) sw      gp, 680(t5)
core   0: 3 0x80009d5c (0x2a3f2423) mem 0x80010000 0x00000001
core   0: 0x80009d60 (0xff9ff06f) j       pc - 0x8
core   0: 3 0x80009d60 (0xff9ff06f)
core   0: 0x80009d58 (0x00006f17) auipc   t5, 0x6
core   0: 3 0x80009d58 (0x00006f17) x30 0x8000fd58
core   0: 0x80009d5c (0x2a3f2423) sw      gp, 680(t5)
core   0: 3 0x80009d5c (0x2a3f2423) mem 0x80010000 0x00000001
core   0: 0x80009d60 (0xff9ff06f) j       pc - 0x8
core   0: 3 0x80009d60 (0xff9ff06f)
core   0: 0x80009d58 (0x00006f17) auipc   t5, 0x6
core   0: 3 0x80009d58 (0x00006f17) x30 0x8000fd58
core   0: 0x80009d5c (0x2a3f2423) sw      gp, 680(t5)
core   0: 3 0x80009d5c (0x2a3f2423) mem 0x80010000 0x00000001
core   0: 0x80009d60 (0xff9ff06f) j       pc - 0x8
core   0: 3 0x80009d60 (0xff9ff06f)
core   0: 0x80009d58 (0x00006f17) auipc   t5, 0x6
core   0: 3 0x80009d58 (0x00006f17) x30 0x8000fd58
core   0: 0x80009d5c (0x2a3f2423) sw      gp, 680(t5)
core   0: 3 0x80009d5c (0x2a3f2423) mem 0x80010000 0x00000001
core   0: 0x80009d60 (0xff9ff06f) j       pc - 0x8
core   0: 3 0x80009d60 (0xff9ff06f)
core   0: 0x80009d58 (0x00006f17) auipc   t5, 0x6
core   0: 3 0x80009d58 (0x00006f17) x30 0x8000fd58
core   0: 0x80009d5c (0x2a3f2423) sw      gp, 680(t5)
core   0: 3 0x80009d5c (0x2a3f2423) mem 0x80010000 0x00000001
core   0: 0x80009d60 (0xff9ff06f) j       pc - 0x8
core   0: 3 0x80009d60 (0xff9ff06f)
core   0: 0x80009d58 (0x00006f17) auipc   t5, 0x6
core   0: 3 0x80009d58 (0x00006f17) x30 0x8000fd58
core   0: 0x80009d5c (0x2a3f2423) sw      gp, 680(t5)
core   0: 3 0x80009d5c (0x2a3f2423) mem 0x80010000 0x00000001
core   0: 0x80009d60 (0xff9ff06f) j       pc - 0x8
core   0: 3 0x80009d60 (0xff9ff06f)
core   0: 0x80009d58 (0x00006f17) auipc   t5, 0x6
core   0: 3 0x80009d58 (0x00006f17) x30 0x8000fd58
core   0: 0x80009d5c (0x2a3f2423) sw      gp, 680(t5)
core   0: 3 0x80009d5c (0x2a3f2423) mem 0x80010000 0x00000001
core   0: 0x80009d60 (0xff9ff06f) j       pc - 0x8
core   0: 3 0x80009d60 (0xff9ff06f)
core   0: 0x80009d58 (0x00006f17) auipc   t5, 0x6
core   0: 3 0x80009d58 (0x00006f17) x30 0x8000fd58
core   0: 0x80009d5c (0x2a3f2423) sw      gp, 680(t5)
core   0: 3 0x80009d5c (0x2a3f2423) mem 0x80010000 0x00000001
core   0: 0x80009d60 (0xff9ff06f) j       pc - 0x8
core   0: 3 0x80009d60 (0xff9ff06f)
core   0: 0x80009d58 (0x00006f17) auipc   t5, 0x6
core   0: 3 0x80009d58 (0x00006f17) x30 0x8000fd58
core   0: 0x80009d5c (0x2a3f2423) sw      gp, 680(t5)
core   0: 3 0x80009d5c (0x2a3f2423) mem 0x80010000 0x00000001
core   0: 0x80009d60 (0xff9ff06f) j       pc - 0x8
core   0: 3 0x80009d60 (0xff9ff06f)
core   0: 0x80009d58 (0x00006f17) auipc   t5, 0x6
core   0: 3 0x80009d58 (0x00006f17) x30 0x8000fd58
core   0: 0x80009d5c (0x2a3f2423) sw      gp, 680(t5)
core   0: 3 0x80009d5c (0x2a3f2423) mem 0x80010000 0x00000001
core   0: 0x80009d60 (0xff9ff06f) j       pc - 0x8
core   0: 3 0x80009d60 (0xff9ff06f)
core   0: 0x80009d58 (0x00006f17) auipc   t5, 0x6
core   0: 3 0x80009d58 (0x00006f17) x30 0x8000fd58
core   0: 0x80009d5c (0x2a3f2423) sw      gp, 680(t5)
core   0: 3 0x80009d5c (0x2a3f2423) mem 0x80010000 0x00000001
core   0: 0x80009d60 (0xff9ff06f) j       pc - 0x8
core   0: 3 0x80009d60 (0xff9ff06f)
core   0: 0x80009d58 (0x00006f17) auipc   t5, 0x6
core   0: 3 0x80009d58 (0x00006f17) x30 0x8000fd58
core   0: 0x80009d5c (0x2a3f2423) sw      gp, 680(t5)
core   0: 3 0x80009d5c (0x2a3f2423) mem 0x80010000 0x00000001
core   0: 0x80009d60 (0xff9ff06f) j       pc - 0x8
core   0: 3 0x80009d60 (0xff9ff06f)
core   0: 0x80009d58 (0x00006f17) auipc   t5, 0x6
core   0: 3 0x80009d58 (0x00006f17) x30 0x8000fd58
core   0: 0x80009d5c (0x2a3f2423) sw      gp, 680(t5)
core   0: 3 0x80009d5c (0x2a3f2423) mem 0x80010000 0x00000001
core   0: 0x80009d60 (0xff9ff06f) j       pc - 0x8
core   0: 3 0x80009d60 (0xff9ff06f)
core   0: 0x80009d58 (0x00006f17) auipc   t5, 0x6
core   0: 3 0x80009d58 (0x00006f17) x30 0x8000fd58
core   0: 0x80009d5c (0x2a3f2423) sw      gp, 680(t5)
core   0: 3 0x80009d5c (0x2a3f2423) mem 0x80010000 0x00000001
core   0: 0x80009d60 (0xff9ff06f) j       pc - 0x8
core   0: 3 0x80009d60 (0xff9ff06f)
core   0: 0x80009d58 (0x00006f17) auipc   t5, 0x6
core   0: 3 0x80009d58 (0x00006f17) x30 0x8000fd58
core   0: 0x80009d5c (0x2a3f2423) sw      gp, 680(t5)
core   0: 3 0x80009d5c (0x2a3f2423) mem 0x80010000 0x00000001
core   0: 0x80009d60 (0xff9ff06f) j       pc - 0x8
core   0: 3 0x80009d60 (0xff9ff06f)
core   0: 0x80009d58 (0x00006f17) auipc   t5, 0x6
core   0: 3 0x80009d58 (0x00006f17) x30 0x8000fd58
core   0: 0x80009d5c (0x2a3f2423) sw      gp, 680(t5)
core   0: 3 0x80009d5c (0x2a3f2423) mem 0x80010000 0x00000001
core   0: 0x80009d60 (0xff9ff06f) j       pc - 0x8
core   0: 3 0x80009d60 (0xff9ff06f)
core   0: 0x80009d58 (0x00006f17) auipc   t5, 0x6
core   0: 3 0x80009d58 (0x00006f17) x30 0x8000fd58
core   0: 0x80009d5c (0x2a3f2423) sw      gp, 680(t5)
core   0: 3 0x80009d5c (0x2a3f2423) mem 0x80010000 0x00000001
core   0: 0x80009d60 (0xff9ff06f) j       pc - 0x8
core   0: 3 0x80009d60 (0xff9ff06f)
core   0: 0x80009d58 (0x00006f17) auipc   t5, 0x6
core   0: 3 0x80009d58 (0x00006f17) x30 0x8000fd58
core   0: 0x80009d5c (0x2a3f2423) sw      gp, 680(t5)
core   0: 3 0x80009d5c (0x2a3f2423) mem 0x80010000 0x00000001
core   0: 0x80009d60 (0xff9ff06f) j       pc - 0x8
core   0: 3 0x80009d60 (0xff9ff06f)
core   0: 0x80009d58 (0x00006f17) auipc   t5, 0x6
core   0: 3 0x80009d58 (0x00006f17) x30 0x8000fd58
core   0: 0x80009d5c (0x2a3f2423) sw      gp, 680(t5)
core   0: 3 0x80009d5c (0x2a3f2423) mem 0x80010000 0x00000001
core   0: 0x80009d60 (0xff9ff06f) j       pc - 0x8
core   0: 3 0x80009d60 (0xff9ff06f)
core   0: 0x80009d58 (0x00006f17) auipc   t5, 0x6
core   0: 3 0x80009d58 (0x00006f17) x30 0x8000fd58
core   0: 0x80009d5c (0x2a3f2423) sw      gp, 680(t5)
core   0: 3 0x80009d5c (0x2a3f2423) mem 0x80010000 0x00000001
core   0: 0x80009d60 (0xff9ff06f) j       pc - 0x8
core   0: 3 0x80009d60 (0xff9ff06f)
core   0: 0x80009d58 (0x00006f17) auipc   t5, 0x6
core   0: 3 0x80009d58 (0x00006f17) x30 0x8000fd58
core   0: 0x80009d5c (0x2a3f2423) sw      gp, 680(t5)
core   0: 3 0x80009d5c (0x2a3f2423) mem 0x80010000 0x00000001
core   0: 0x80009d60 (0xff9ff06f) j       pc - 0x8
core   0: 3 0x80009d60 (0xff9ff06f)
core   0: 0x80009d58 (0x00006f17) auipc   t5, 0x6
core   0: 3 0x80009d58 (0x00006f17) x30 0x8000fd58
core   0: 0x80009d5c (0x2a3f2423) sw      gp, 680(t5)
core   0: 3 0x80009d5c (0x2a3f2423) mem 0x80010000 0x00000001
core   0: 0x80009d60 (0xff9ff06f) j       pc - 0x8
core   0: 3 0x80009d60 (0xff9ff06f)
core   0: 0x80009d58 (0x00006f17) auipc   t5, 0x6
core   0: 3 0x80009d58 (0x00006f17) x30 0x8000fd58
core   0: 0x80009d5c (0x2a3f2423) sw      gp, 680(t5)
core   0: 3 0x80009d5c (0x2a3f2423) mem 0x80010000 0x00000001
core   0: 0x80009d60 (0xff9ff06f) j       pc - 0x8
core   0: 3 0x80009d60 (0xff9ff06f)
core   0: 0x80009d58 (0x00006f17) auipc   t5, 0x6
core   0: 3 0x80009d58 (0x00006f17) x30 0x8000fd58
core   0: 0x80009d5c (0x2a3f2423) sw      gp, 680(t5)
core   0: 3 0x80009d5c (0x2a3f2423) mem 0x80010000 0x00000001
core   0: 0x80009d60 (0xff9ff06f) j       pc - 0x8
core   0: 3 0x80009d60 (0xff9ff06f)
core   0: 0x80009d58 (0x00006f17) auipc   t5, 0x6
core   0: 3 0x80009d58 (0x00006f17) x30 0x8000fd58
core   0: 0x80009d5c (0x2a3f2423) sw      gp, 680(t5)
core   0: 3 0x80009d5c (0x2a3f2423) mem 0x80010000 0x00000001
core   0: 0x80009d60 (0xff9ff06f) j       pc - 0x8
core   0: 3 0x80009d60 (0xff9ff06f)
core   0: 0x80009d58 (0x00006f17) auipc   t5, 0x6
core   0: 3 0x80009d58 (0x00006f17) x30 0x8000fd58
core   0: 0x80009d5c (0x2a3f2423) sw      gp, 680(t5)
core   0: 3 0x80009d5c (0x2a3f2423) mem 0x80010000 0x00000001
core   0: 0x80009d60 (0xff9ff06f) j       pc - 0x8
core   0: 3 0x80009d60 (0xff9ff06f)
core   0: 0x80009d58 (0x00006f17) auipc   t5, 0x6
core   0: 3 0x80009d58 (0x00006f17) x30 0x8000fd58
core   0: 0x80009d5c (0x2a3f2423) sw      gp, 680(t5)
core   0: 3 0x80009d5c (0x2a3f2423) mem 0x80010000 0x00000001
core   0: 0x80009d60 (0xff9ff06f) j       pc - 0x8
core   0: 3 0x80009d60 (0xff9ff06f)
core   0: 0x80009d58 (0x00006f17) auipc   t5, 0x6
core   0: 3 0x80009d58 (0x00006f17) x30 0x8000fd58
core   0: 0x80009d5c (0x2a3f2423) sw      gp, 680(t5)
core   0: 3 0x80009d5c (0x2a3f2423) mem 0x80010000 0x00000001
core   0: 0x80009d60 (0xff9ff06f) j       pc - 0x8
core   0: 3 0x80009d60 (0xff9ff06f)
core   0: 0x80009d58 (0x00006f17) auipc   t5, 0x6
core   0: 3 0x80009d58 (0x00006f17) x30 0x8000fd58
core   0: 0x80009d5c (0x2a3f2423) sw      gp, 680(t5)
core   0: 3 0x80009d5c (0x2a3f2423) mem 0x80010000 0x00000001
core   0: 0x80009d60 (0xff9ff06f) j       pc - 0x8
core   0: 3 0x80009d60 (0xff9ff06f)
core   0: 0x80009d58 (0x00006f17) auipc   t5, 0x6
core   0: 3 0x80009d58 (0x00006f17) x30 0x8000fd58
core   0: 0x80009d5c (0x2a3f2423) sw      gp, 680(t5)
core   0: 3 0x80009d5c (0x2a3f2423) mem 0x80010000 0x00000001
core   0: 0x80009d60 (0xff9ff06f) j       pc - 0x8
core   0: 3 0x80009d60 (0xff9ff06f)
core   0: 0x80009d58 (0x00006f17) auipc   t5, 0x6
core   0: 3 0x80009d58 (0x00006f17) x30 0x8000fd58
core   0: 0x80009d5c (0x2a3f2423) sw      gp, 680(t5)
core   0: 3 0x80009d5c (0x2a3f2423) mem 0x80010000 0x00000001
core   0: 0x80009d60 (0xff9ff06f) j       pc - 0x8
core   0: 3 0x80009d60 (0xff9ff06f)
core   0: 0x80009d58 (0x00006f17) auipc   t5, 0x6
core   0: 3 0x80009d58 (0x00006f17) x30 0x8000fd58
core   0: 0x80009d5c (0x2a3f2423) sw      gp, 680(t5)
core   0: 3 0x80009d5c (0x2a3f2423) mem 0x80010000 0x00000001
core   0: 0x80009d60 (0xff9ff06f) j       pc - 0x8
core   0: 3 0x80009d60 (0xff9ff06f)
core   0: 0x80009d58 (0x00006f17) auipc   t5, 0x6
core   0: 3 0x80009d58 (0x00006f17) x30 0x8000fd58
core   0: 0x80009d5c (0x2a3f2423) sw      gp, 680(t5)
core   0: 3 0x80009d5c (0x2a3f2423) mem 0x80010000 0x00000001
core   0: 0x80009d60 (0xff9ff06f) j       pc - 0x8
core   0: 3 0x80009d60 (0xff9ff06f)
core   0: 0x80009d58 (0x00006f17) auipc   t5, 0x6
core   0: 3 0x80009d58 (0x00006f17) x30 0x8000fd58
core   0: 0x80009d5c (0x2a3f2423) sw      gp, 680(t5)
core   0: 3 0x80009d5c (0x2a3f2423) mem 0x80010000 0x00000001
core   0: 0x80009d60 (0xff9ff06f) j       pc - 0x8
core   0: 3 0x80009d60 (0xff9ff06f)
core   0: 0x80009d58 (0x00006f17) auipc   t5, 0x6
core   0: 3 0x80009d58 (0x00006f17) x30 0x8000fd58
core   0: 0x80009d5c (0x2a3f2423) sw      gp, 680(t5)
core   0: 3 0x80009d5c (0x2a3f2423) mem 0x80010000 0x00000001
core   0: 0x80009d60 (0xff9ff06f) j       pc - 0x8
core   0: 3 0x80009d60 (0xff9ff06f)
core   0: 0x80009d58 (0x00006f17) auipc   t5, 0x6
core   0: 3 0x80009d58 (0x00006f17) x30 0x8000fd58
core   0: 0x80009d5c (0x2a3f2423) sw      gp, 680(t5)
core   0: 3 0x80009d5c (0x2a3f2423) mem 0x80010000 0x00000001
core   0: 0x80009d60 (0xff9ff06f) j       pc - 0x8
core   0: 3 0x80009d60 (0xff9ff06f)
core   0: 0x80009d58 (0x00006f17) auipc   t5, 0x6
core   0: 3 0x80009d58 (0x00006f17) x30 0x8000fd58
core   0: 0x80009d5c (0x2a3f2423) sw      gp, 680(t5)
core   0: 3 0x80009d5c (0x2a3f2423) mem 0x80010000 0x00000001
core   0: 0x80009d60 (0xff9ff06f) j       pc - 0x8
core   0: 3 0x80009d60 (0xff9ff06f)
core   0: 0x80009d58 (0x00006f17) auipc   t5, 0x6
core   0: 3 0x80009d58 (0x00006f17) x30 0x8000fd58
core   0: 0x80009d5c (0x2a3f2423) sw      gp, 680(t5)
core   0: 3 0x80009d5c (0x2a3f2423) mem 0x80010000 0x00000001
core   0: 0x80009d60 (0xff9ff06f) j       pc - 0x8
core   0: 3 0x80009d60 (0xff9ff06f)
core   0: 0x80009d58 (0x00006f17) auipc   t5, 0x6
core   0: 3 0x80009d58 (0x00006f17) x30 0x8000fd58
core   0: 0x80009d5c (0x2a3f2423) sw      gp, 680(t5)
core   0: 3 0x80009d5c (0x2a3f2423) mem 0x80010000 0x00000001
core   0: 0x80009d60 (0xff9ff06f) j       pc - 0x8
core   0: 3 0x80009d60 (0xff9ff06f)
core   0: 0x80009d58 (0x00006f17) auipc   t5, 0x6
core   0: 3 0x80009d58 (0x00006f17) x30 0x8000fd58
core   0: 0x80009d5c (0x2a3f2423) sw      gp, 680(t5)
core   0: 3 0x80009d5c (0x2a3f2423) mem 0x80010000 0x00000001
core   0: 0x80009d60 (0xff9ff06f) j       pc - 0x8
core   0: 3 0x80009d60 (0xff9ff06f)
core   0: 0x80009d58 (0x00006f17) auipc   t5, 0x6
core   0: 3 0x80009d58 (0x00006f17) x30 0x8000fd58
core   0: 0x80009d5c (0x2a3f2423) sw      gp, 680(t5)
core   0: 3 0x80009d5c (0x2a3f2423) mem 0x80010000 0x00000001
core   0: 0x80009d60 (0xff9ff06f) j       pc - 0x8
core   0: 3 0x80009d60 (0xff9ff06f)
core   0: 0x80009d58 (0x00006f17) auipc   t5, 0x6
core   0: 3 0x80009d58 (0x00006f17) x30 0x8000fd58
core   0: 0x80009d5c (0x2a3f2423) sw      gp, 680(t5)
core   0: 3 0x80009d5c (0x2a3f2423) mem 0x80010000 0x00000001
core   0: 0x80009d60 (0xff9ff06f) j       pc - 0x8
core   0: 3 0x80009d60 (0xff9ff06f)
core   0: 0x80009d58 (0x00006f17) auipc   t5, 0x6
core   0: 3 0x80009d58 (0x00006f17) x30 0x8000fd58
core   0: 0x80009d5c (0x2a3f2423) sw      gp, 680(t5)
core   0: 3 0x80009d5c (0x2a3f2423) mem 0x80010000 0x00000001
core   0: 0x80009d60 (0xff9ff06f) j       pc - 0x8
core   0: 3 0x80009d60 (0xff9ff06f)
core   0: 0x80009d58 (0x00006f17) auipc   t5, 0x6
core   0: 3 0x80009d58 (0x00006f17) x30 0x8000fd58
core   0: 0x80009d5c (0x2a3f2423) sw      gp, 680(t5)
core   0: 3 0x80009d5c (0x2a3f2423) mem 0x80010000 0x00000001
core   0: 0x80009d60 (0xff9ff06f) j       pc - 0x8
core   0: 3 0x80009d60 (0xff9ff06f)
core   0: 0x80009d58 (0x00006f17) auipc   t5, 0x6
core   0: 3 0x80009d58 (0x00006f17) x30 0x8000fd58
core   0: 0x80009d5c (0x2a3f2423) sw      gp, 680(t5)
core   0: 3 0x80009d5c (0x2a3f2423) mem 0x80010000 0x00000001
core   0: 0x80009d60 (0xff9ff06f) j       pc - 0x8
core   0: 3 0x80009d60 (0xff9ff06f)
core   0: 0x80009d58 (0x00006f17) auipc   t5, 0x6
core   0: 3 0x80009d58 (0x00006f17) x30 0x8000fd58
core   0: 0x80009d5c (0x2a3f2423) sw      gp, 680(t5)
core   0: 3 0x80009d5c (0x2a3f2423) mem 0x80010000 0x00000001
core   0: 0x80009d60 (0xff9ff06f) j       pc - 0x8
core   0: 3 0x80009d60 (0xff9ff06f)
core   0: 0x80009d58 (0x00006f17) auipc   t5, 0x6
core   0: 3 0x80009d58 (0x00006f17) x30 0x8000fd58
core   0: 0x80009d5c (0x2a3f2423) sw      gp, 680(t5)
core   0: 3 0x80009d5c (0x2a3f2423) mem 0x80010000 0x00000001
core   0: 0x80009d60 (0xff9ff06f) j       pc - 0x8
core   0: 3 0x80009d60 (0xff9ff06f)
core   0: 0x80009d58 (0x00006f17) auipc   t5, 0x6
core   0: 3 0x80009d58 (0x00006f17) x30 0x8000fd58
core   0: 0x80009d5c (0x2a3f2423) sw      gp, 680(t5)
core   0: 3 0x80009d5c (0x2a3f2423) mem 0x80010000 0x00000001
core   0: 0x80009d60 (0xff9ff06f) j       pc - 0x8
core   0: 3 0x80009d60 (0xff9ff06f)
core   0: 0x80009d58 (0x00006f17) auipc   t5, 0x6
core   0: 3 0x80009d58 (0x00006f17) x30 0x8000fd58
core   0: 0x80009d5c (0x2a3f2423) sw      gp, 680(t5)
core   0: 3 0x80009d5c (0x2a3f2423) mem 0x80010000 0x00000001
core   0: 0x80009d60 (0xff9ff06f) j       pc - 0x8
core   0: 3 0x80009d60 (0xff9ff06f)
core   0: 0x80009d58 (0x00006f17) auipc   t5, 0x6
core   0: 3 0x80009d58 (0x00006f17) x30 0x8000fd58
core   0: 0x80009d5c (0x2a3f2423) sw      gp, 680(t5)
core   0: 3 0x80009d5c (0x2a3f2423) mem 0x80010000 0x00000001
core   0: 0x80009d60 (0xff9ff06f) j       pc - 0x8
core   0: 3 0x80009d60 (0xff9ff06f)
core   0: 0x80009d58 (0x00006f17) auipc   t5, 0x6
core   0: 3 0x80009d58 (0x00006f17) x30 0x8000fd58
core   0: 0x80009d5c (0x2a3f2423) sw      gp, 680(t5)
core   0: 3 0x80009d5c (0x2a3f2423) mem 0x80010000 0x00000001
core   0: 0x80009d60 (0xff9ff06f) j       pc - 0x8
core   0: 3 0x80009d60 (0xff9ff06f)
core   0: 0x80009d58 (0x00006f17) auipc   t5, 0x6
core   0: 3 0x80009d58 (0x00006f17) x30 0x8000fd58
core   0: 0x80009d5c (0x2a3f2423) sw      gp, 680(t5)
core   0: 3 0x80009d5c (0x2a3f2423) mem 0x80010000 0x00000001
core   0: 0x80009d60 (0xff9ff06f) j       pc - 0x8
core   0: 3 0x80009d60 (0xff9ff06f)
core   0: 0x80009d58 (0x00006f17) auipc   t5, 0x6
core   0: 3 0x80009d58 (0x00006f17) x30 0x8000fd58
core   0: 0x80009d5c (0x2a3f2423) sw      gp, 680(t5)
core   0: 3 0x80009d5c (0x2a3f2423) mem 0x80010000 0x00000001
core   0: 0x80009d60 (0xff9ff06f) j       pc - 0x8
core   0: 3 0x80009d60 (0xff9ff06f)
core   0: 0x80009d58 (0x00006f17) auipc   t5, 0x6
core   0: 3 0x80009d58 (0x00006f17) x30 0x8000fd58
core   0: 0x80009d5c (0x2a3f2423) sw      gp, 680(t5)
core   0: 3 0x80009d5c (0x2a3f2423) mem 0x80010000 0x00000001
core   0: 0x80009d60 (0xff9ff06f) j       pc - 0x8
core   0: 3 0x80009d60 (0xff9ff06f)
core   0: 0x80009d58 (0x00006f17) auipc   t5, 0x6
core   0: 3 0x80009d58 (0x00006f17) x30 0x8000fd58
core   0: 0x80009d5c (0x2a3f2423) sw      gp, 680(t5)
core   0: 3 0x80009d5c (0x2a3f2423) mem 0x80010000 0x00000001
core   0: 0x80009d60 (0xff9ff06f) j       pc - 0x8
core   0: 3 0x80009d60 (0xff9ff06f)
core   0: 0x80009d58 (0x00006f17) auipc   t5, 0x6
core   0: 3 0x80009d58 (0x00006f17) x30 0x8000fd58
core   0: 0x80009d5c (0x2a3f2423) sw      gp, 680(t5)
core   0: 3 0x80009d5c (0x2a3f2423) mem 0x80010000 0x00000001
core   0: 0x80009d60 (0xff9ff06f) j       pc - 0x8
core   0: 3 0x80009d60 (0xff9ff06f)
core   0: 0x80009d58 (0x00006f17) auipc   t5, 0x6
core   0: 3 0x80009d58 (0x00006f17) x30 0x8000fd58
core   0: 0x80009d5c (0x2a3f2423) sw      gp, 680(t5)
core   0: 3 0x80009d5c (0x2a3f2423) mem 0x80010000 0x00000001
core   0: 0x80009d60 (0xff9ff06f) j       pc - 0x8
core   0: 3 0x80009d60 (0xff9ff06f)
core   0: 0x80009d58 (0x00006f17) auipc   t5, 0x6
core   0: 3 0x80009d58 (0x00006f17) x30 0x8000fd58
core   0: 0x80009d5c (0x2a3f2423) sw      gp, 680(t5)
core   0: 3 0x80009d5c (0x2a3f2423) mem 0x80010000 0x00000001
core   0: 0x80009d60 (0xff9ff06f) j       pc - 0x8
core   0: 3 0x80009d60 (0xff9ff06f)
core   0: 0x80009d58 (0x00006f17) auipc   t5, 0x6
core   0: 3 0x80009d58 (0x00006f17) x30 0x8000fd58
core   0: 0x80009d5c (0x2a3f2423) sw      gp, 680(t5)
core   0: 3 0x80009d5c (0x2a3f2423) mem 0x80010000 0x00000001
core   0: 0x80009d60 (0xff9ff06f) j       pc - 0x8
core   0: 3 0x80009d60 (0xff9ff06f)
core   0: 0x80009d58 (0x00006f17) auipc   t5, 0x6
core   0: 3 0x80009d58 (0x00006f17) x30 0x8000fd58
core   0: 0x80009d5c (0x2a3f2423) sw      gp, 680(t5)
core   0: 3 0x80009d5c (0x2a3f2423) mem 0x80010000 0x00000001
core   0: 0x80009d60 (0xff9ff06f) j       pc - 0x8
core   0: 3 0x80009d60 (0xff9ff06f)
core   0: 0x80009d58 (0x00006f17) auipc   t5, 0x6
core   0: 3 0x80009d58 (0x00006f17) x30 0x8000fd58
core   0: 0x80009d5c (0x2a3f2423) sw      gp, 680(t5)
core   0: 3 0x80009d5c (0x2a3f2423) mem 0x80010000 0x00000001
core   0: 0x80009d60 (0xff9ff06f) j       pc - 0x8
core   0: 3 0x80009d60 (0xff9ff06f)
core   0: 0x80009d58 (0x00006f17) auipc   t5, 0x6
core   0: 3 0x80009d58 (0x00006f17) x30 0x8000fd58
core   0: 0x80009d5c (0x2a3f2423) sw      gp, 680(t5)
core   0: 3 0x80009d5c (0x2a3f2423) mem 0x80010000 0x00000001
core   0: 0x80009d60 (0xff9ff06f) j       pc - 0x8
core   0: 3 0x80009d60 (0xff9ff06f)
core   0: 0x80009d58 (0x00006f17) auipc   t5, 0x6
core   0: 3 0x80009d58 (0x00006f17) x30 0x8000fd58
core   0: 0x80009d5c (0x2a3f2423) sw      gp, 680(t5)
core   0: 3 0x80009d5c (0x2a3f2423) mem 0x80010000 0x00000001
core   0: 0x80009d60 (0xff9ff06f) j       pc - 0x8
core   0: 3 0x80009d60 (0xff9ff06f)
core   0: 0x80009d58 (0x00006f17) auipc   t5, 0x6
core   0: 3 0x80009d58 (0x00006f17) x30 0x8000fd58
core   0: 0x80009d5c (0x2a3f2423) sw      gp, 680(t5)
core   0: 3 0x80009d5c (0x2a3f2423) mem 0x80010000 0x00000001
core   0: 0x80009d60 (0xff9ff06f) j       pc - 0x8
core   0: 3 0x80009d60 (0xff9ff06f)
core   0: 0x80009d58 (0x00006f17) auipc   t5, 0x6
core   0: 3 0x80009d58 (0x00006f17) x30 0x8000fd58
core   0: 0x80009d5c (0x2a3f2423) sw      gp, 680(t5)
core   0: 3 0x80009d5c (0x2a3f2423) mem 0x80010000 0x00000001
core   0: 0x80009d60 (0xff9ff06f) j       pc - 0x8
core   0: 3 0x80009d60 (0xff9ff06f)
core   0: 0x80009d58 (0x00006f17) auipc   t5, 0x6
core   0: 3 0x80009d58 (0x00006f17) x30 0x8000fd58
core   0: 0x80009d5c (0x2a3f2423) sw      gp, 680(t5)
core   0: 3 0x80009d5c (0x2a3f2423) mem 0x80010000 0x00000001
core   0: 0x80009d60 (0xff9ff06f) j       pc - 0x8
core   0: 3 0x80009d60 (0xff9ff06f)
core   0: 0x80009d58 (0x00006f17) auipc   t5, 0x6
core   0: 3 0x80009d58 (0x00006f17) x30 0x8000fd58
core   0: 0x80009d5c (0x2a3f2423) sw      gp, 680(t5)
core   0: 3 0x80009d5c (0x2a3f2423) mem 0x80010000 0x00000001
core   0: 0x80009d60 (0xff9ff06f) j       pc - 0x8
core   0: 3 0x80009d60 (0xff9ff06f)
core   0: 0x80009d58 (0x00006f17) auipc   t5, 0x6
core   0: 3 0x80009d58 (0x00006f17) x30 0x8000fd58
core   0: 0x80009d5c (0x2a3f2423) sw      gp, 680(t5)
core   0: 3 0x80009d5c (0x2a3f2423) mem 0x80010000 0x00000001
core   0: 0x80009d60 (0xff9ff06f) j       pc - 0x8
core   0: 3 0x80009d60 (0xff9ff06f)
core   0: 0x80009d58 (0x00006f17) auipc   t5, 0x6
core   0: 3 0x80009d58 (0x00006f17) x30 0x8000fd58
core   0: 0x80009d5c (0x2a3f2423) sw      gp, 680(t5)
core   0: 3 0x80009d5c (0x2a3f2423) mem 0x80010000 0x00000001
core   0: 0x80009d60 (0xff9ff06f) j       pc - 0x8
core   0: 3 0x80009d60 (0xff9ff06f)
core   0: 0x80009d58 (0x00006f17) auipc   t5, 0x6
core   0: 3 0x80009d58 (0x00006f17) x30 0x8000fd58
core   0: 0x80009d5c (0x2a3f2423) sw      gp, 680(t5)
core   0: 3 0x80009d5c (0x2a3f2423) mem 0x80010000 0x00000001
core   0: 0x80009d60 (0xff9ff06f) j       pc - 0x8
core   0: 3 0x80009d60 (0xff9ff06f)
core   0: 0x80009d58 (0x00006f17) auipc   t5, 0x6
core   0: 3 0x80009d58 (0x00006f17) x30 0x8000fd58
core   0: 0x80009d5c (0x2a3f2423) sw      gp, 680(t5)
core   0: 3 0x80009d5c (0x2a3f2423) mem 0x80010000 0x00000001
core   0: 0x80009d60 (0xff9ff06f) j       pc - 0x8
core   0: 3 0x80009d60 (0xff9ff06f)
core   0: 0x80009d58 (0x00006f17) auipc   t5, 0x6
core   0: 3 0x80009d58 (0x00006f17) x30 0x8000fd58
core   0: 0x80009d5c (0x2a3f2423) sw      gp, 680(t5)
core   0: 3 0x80009d5c (0x2a3f2423) mem 0x80010000 0x00000001
core   0: 0x80009d60 (0xff9ff06f) j       pc - 0x8
core   0: 3 0x80009d60 (0xff9ff06f)
core   0: 0x80009d58 (0x00006f17) auipc   t5, 0x6
core   0: 3 0x80009d58 (0x00006f17) x30 0x8000fd58
core   0: 0x80009d5c (0x2a3f2423) sw      gp, 680(t5)
core   0: 3 0x80009d5c (0x2a3f2423) mem 0x80010000 0x00000001
core   0: 0x80009d60 (0xff9ff06f) j       pc - 0x8
core   0: 3 0x80009d60 (0xff9ff06f)
core   0: 0x80009d58 (0x00006f17) auipc   t5, 0x6
core   0: 3 0x80009d58 (0x00006f17) x30 0x8000fd58
core   0: 0x80009d5c (0x2a3f2423) sw      gp, 680(t5)
core   0: 3 0x80009d5c (0x2a3f2423) mem 0x80010000 0x00000001
core   0: 0x80009d60 (0xff9ff06f) j       pc - 0x8
core   0: 3 0x80009d60 (0xff9ff06f)
core   0: 0x80009d58 (0x00006f17) auipc   t5, 0x6
core   0: 3 0x80009d58 (0x00006f17) x30 0x8000fd58
core   0: 0x80009d5c (0x2a3f2423) sw      gp, 680(t5)
core   0: 3 0x80009d5c (0x2a3f2423) mem 0x80010000 0x00000001
core   0: 0x80009d60 (0xff9ff06f) j       pc - 0x8
core   0: 3 0x80009d60 (0xff9ff06f)
core   0: 0x80009d58 (0x00006f17) auipc   t5, 0x6
core   0: 3 0x80009d58 (0x00006f17) x30 0x8000fd58
core   0: 0x80009d5c (0x2a3f2423) sw      gp, 680(t5)
core   0: 3 0x80009d5c (0x2a3f2423) mem 0x80010000 0x00000001
core   0: 0x80009d60 (0xff9ff06f) j       pc - 0x8
core   0: 3 0x80009d60 (0xff9ff06f)
core   0: 0x80009d58 (0x00006f17) auipc   t5, 0x6
core   0: 3 0x80009d58 (0x00006f17) x30 0x8000fd58
core   0: 0x80009d5c (0x2a3f2423) sw      gp, 680(t5)
core   0: 3 0x80009d5c (0x2a3f2423) mem 0x80010000 0x00000001
core   0: 0x80009d60 (0xff9ff06f) j       pc - 0x8
core   0: 3 0x80009d60 (0xff9ff06f)
core   0: 0x80009d58 (0x00006f17) auipc   t5, 0x6
core   0: 3 0x80009d58 (0x00006f17) x30 0x8000fd58
core   0: 0x80009d5c (0x2a3f2423) sw      gp, 680(t5)
core   0: 3 0x80009d5c (0x2a3f2423) mem 0x80010000 0x00000001
core   0: 0x80009d60 (0xff9ff06f) j       pc - 0x8
core   0: 3 0x80009d60 (0xff9ff06f)
core   0: 0x80009d58 (0x00006f17) auipc   t5, 0x6
core   0: 3 0x80009d58 (0x00006f17) x30 0x8000fd58
core   0: 0x80009d5c (0x2a3f2423) sw      gp, 680(t5)
core   0: 3 0x80009d5c (0x2a3f2423) mem 0x80010000 0x00000001
core   0: 0x80009d60 (0xff9ff06f) j       pc - 0x8
core   0: 3 0x80009d60 (0xff9ff06f)
core   0: 0x80009d58 (0x00006f17) auipc   t5, 0x6
core   0: 3 0x80009d58 (0x00006f17) x30 0x8000fd58
core   0: 0x80009d5c (0x2a3f2423) sw      gp, 680(t5)
core   0: 3 0x80009d5c (0x2a3f2423) mem 0x80010000 0x00000001
core   0: 0x80009d60 (0xff9ff06f) j       pc - 0x8
core   0: 3 0x80009d60 (0xff9ff06f)
core   0: 0x80009d58 (0x00006f17) auipc   t5, 0x6
core   0: 3 0x80009d58 (0x00006f17) x30 0x8000fd58
core   0: 0x80009d5c (0x2a3f2423) sw      gp, 680(t5)
core   0: 3 0x80009d5c (0x2a3f2423) mem 0x80010000 0x00000001
core   0: 0x80009d60 (0xff9ff06f) j       pc - 0x8
core   0: 3 0x80009d60 (0xff9ff06f)
core   0: 0x80009d58 (0x00006f17) auipc   t5, 0x6
core   0: 3 0x80009d58 (0x00006f17) x30 0x8000fd58
core   0: 0x80009d5c (0x2a3f2423) sw      gp, 680(t5)
core   0: 3 0x80009d5c (0x2a3f2423) mem 0x80010000 0x00000001
core   0: 0x80009d60 (0xff9ff06f) j       pc - 0x8
core   0: 3 0x80009d60 (0xff9ff06f)
core   0: 0x80009d58 (0x00006f17) auipc   t5, 0x6
core   0: 3 0x80009d58 (0x00006f17) x30 0x8000fd58
core   0: 0x80009d5c (0x2a3f2423) sw      gp, 680(t5)
core   0: 3 0x80009d5c (0x2a3f2423) mem 0x80010000 0x00000001
core   0: 0x80009d60 (0xff9ff06f) j       pc - 0x8
core   0: 3 0x80009d60 (0xff9ff06f)
core   0: 0x80009d58 (0x00006f17) auipc   t5, 0x6
core   0: 3 0x80009d58 (0x00006f17) x30 0x8000fd58
core   0: 0x80009d5c (0x2a3f2423) sw      gp, 680(t5)
core   0: 3 0x80009d5c (0x2a3f2423) mem 0x80010000 0x00000001
core   0: 0x80009d60 (0xff9ff06f) j       pc - 0x8
core   0: 3 0x80009d60 (0xff9ff06f)
core   0: 0x80009d58 (0x00006f17) auipc   t5, 0x6
core   0: 3 0x80009d58 (0x00006f17) x30 0x8000fd58
core   0: 0x80009d5c (0x2a3f2423) sw      gp, 680(t5)
core   0: 3 0x80009d5c (0x2a3f2423) mem 0x80010000 0x00000001
core   0: 0x80009d60 (0xff9ff06f) j       pc - 0x8
core   0: 3 0x80009d60 (0xff9ff06f)
core   0: 0x80009d58 (0x00006f17) auipc   t5, 0x6
core   0: 3 0x80009d58 (0x00006f17) x30 0x8000fd58
core   0: 0x80009d5c (0x2a3f2423) sw      gp, 680(t5)
core   0: 3 0x80009d5c (0x2a3f2423) mem 0x80010000 0x00000001
core   0: 0x80009d60 (0xff9ff06f) j       pc - 0x8
core   0: 3 0x80009d60 (0xff9ff06f)
core   0: 0x80009d58 (0x00006f17) auipc   t5, 0x6
core   0: 3 0x80009d58 (0x00006f17) x30 0x8000fd58
core   0: 0x80009d5c (0x2a3f2423) sw      gp, 680(t5)
core   0: 3 0x80009d5c (0x2a3f2423) mem 0x80010000 0x00000001
core   0: 0x80009d60 (0xff9ff06f) j       pc - 0x8
core   0: 3 0x80009d60 (0xff9ff06f)
core   0: 0x80009d58 (0x00006f17) auipc   t5, 0x6
core   0: 3 0x80009d58 (0x00006f17) x30 0x8000fd58
core   0: 0x80009d5c (0x2a3f2423) sw      gp, 680(t5)
core   0: 3 0x80009d5c (0x2a3f2423) mem 0x80010000 0x00000001
core   0: 0x80009d60 (0xff9ff06f) j       pc - 0x8
core   0: 3 0x80009d60 (0xff9ff06f)
core   0: 0x80009d58 (0x00006f17) auipc   t5, 0x6
core   0: 3 0x80009d58 (0x00006f17) x30 0x8000fd58
core   0: 0x80009d5c (0x2a3f2423) sw      gp, 680(t5)
core   0: 3 0x80009d5c (0x2a3f2423) mem 0x80010000 0x00000001
core   0: 0x80009d60 (0xff9ff06f) j       pc - 0x8
core   0: 3 0x80009d60 (0xff9ff06f)
core   0: 0x80009d58 (0x00006f17) auipc   t5, 0x6
core   0: 3 0x80009d58 (0x00006f17) x30 0x8000fd58
core   0: 0x80009d5c (0x2a3f2423) sw      gp, 680(t5)
core   0: 3 0x80009d5c (0x2a3f2423) mem 0x80010000 0x00000001
core   0: 0x80009d60 (0xff9ff06f) j       pc - 0x8
core   0: 3 0x80009d60 (0xff9ff06f)
core   0: 0x80009d58 (0x00006f17) auipc   t5, 0x6
core   0: 3 0x80009d58 (0x00006f17) x30 0x8000fd58
core   0: 0x80009d5c (0x2a3f2423) sw      gp, 680(t5)
core   0: 3 0x80009d5c (0x2a3f2423) mem 0x80010000 0x00000001
core   0: 0x80009d60 (0xff9ff06f) j       pc - 0x8
core   0: 3 0x80009d60 (0xff9ff06f)
core   0: 0x80009d58 (0x00006f17) auipc   t5, 0x6
core   0: 3 0x80009d58 (0x00006f17) x30 0x8000fd58
core   0: 0x80009d5c (0x2a3f2423) sw      gp, 680(t5)
core   0: 3 0x80009d5c (0x2a3f2423) mem 0x80010000 0x00000001
core   0: 0x80009d60 (0xff9ff06f) j       pc - 0x8
core   0: 3 0x80009d60 (0xff9ff06f)
core   0: 0x80009d58 (0x00006f17) auipc   t5, 0x6
core   0: 3 0x80009d58 (0x00006f17) x30 0x8000fd58
core   0: 0x80009d5c (0x2a3f2423) sw      gp, 680(t5)
core   0: 3 0x80009d5c (0x2a3f2423) mem 0x80010000 0x00000001
core   0: 0x80009d60 (0xff9ff06f) j       pc - 0x8
core   0: 3 0x80009d60 (0xff9ff06f)
core   0: 0x80009d58 (0x00006f17) auipc   t5, 0x6
core   0: 3 0x80009d58 (0x00006f17) x30 0x8000fd58
core   0: 0x80009d5c (0x2a3f2423) sw      gp, 680(t5)
core   0: 3 0x80009d5c (0x2a3f2423) mem 0x80010000 0x00000001
core   0: 0x80009d60 (0xff9ff06f) j       pc - 0x8
core   0: 3 0x80009d60 (0xff9ff06f)
core   0: 0x80009d58 (0x00006f17) auipc   t5, 0x6
core   0: 3 0x80009d58 (0x00006f17) x30 0x8000fd58
core   0: 0x80009d5c (0x2a3f2423) sw      gp, 680(t5)
core   0: 3 0x80009d5c (0x2a3f2423) mem 0x80010000 0x00000001
core   0: 0x80009d60 (0xff9ff06f) j       pc - 0x8
core   0: 3 0x80009d60 (0xff9ff06f)
core   0: 0x80009d58 (0x00006f17) auipc   t5, 0x6
core   0: 3 0x80009d58 (0x00006f17) x30 0x8000fd58
core   0: 0x80009d5c (0x2a3f2423) sw      gp, 680(t5)
core   0: 3 0x80009d5c (0x2a3f2423) mem 0x80010000 0x00000001
core   0: 0x80009d60 (0xff9ff06f) j       pc - 0x8
core   0: 3 0x80009d60 (0xff9ff06f)
core   0: 0x80009d58 (0x00006f17) auipc   t5, 0x6
core   0: 3 0x80009d58 (0x00006f17) x30 0x8000fd58
core   0: 0x80009d5c (0x2a3f2423) sw      gp, 680(t5)
core   0: 3 0x80009d5c (0x2a3f2423) mem 0x80010000 0x00000001
core   0: 0x80009d60 (0xff9ff06f) j       pc - 0x8
core   0: 3 0x80009d60 (0xff9ff06f)
core   0: 0x80009d58 (0x00006f17) auipc   t5, 0x6
core   0: 3 0x80009d58 (0x00006f17) x30 0x8000fd58
core   0: 0x80009d5c (0x2a3f2423) sw      gp, 680(t5)
core   0: 3 0x80009d5c (0x2a3f2423) mem 0x80010000 0x00000001
core   0: 0x80009d60 (0xff9ff06f) j       pc - 0x8
core   0: 3 0x80009d60 (0xff9ff06f)
core   0: 0x80009d58 (0x00006f17) auipc   t5, 0x6
core   0: 3 0x80009d58 (0x00006f17) x30 0x8000fd58
core   0: 0x80009d5c (0x2a3f2423) sw      gp, 680(t5)
core   0: 3 0x80009d5c (0x2a3f2423) mem 0x80010000 0x00000001
core   0: 0x80009d60 (0xff9ff06f) j       pc - 0x8
core   0: 3 0x80009d60 (0xff9ff06f)
core   0: 0x80009d58 (0x00006f17) auipc   t5, 0x6
core   0: 3 0x80009d58 (0x00006f17) x30 0x8000fd58
core   0: 0x80009d5c (0x2a3f2423) sw      gp, 680(t5)
core   0: 3 0x80009d5c (0x2a3f2423) mem 0x80010000 0x00000001
core   0: 0x80009d60 (0xff9ff06f) j       pc - 0x8
core   0: 3 0x80009d60 (0xff9ff06f)
core   0: 0x80009d58 (0x00006f17) auipc   t5, 0x6
core   0: 3 0x80009d58 (0x00006f17) x30 0x8000fd58
core   0: 0x80009d5c (0x2a3f2423) sw      gp, 680(t5)
core   0: 3 0x80009d5c (0x2a3f2423) mem 0x80010000 0x00000001
core   0: 0x80009d60 (0xff9ff06f) j       pc - 0x8
core   0: 3 0x80009d60 (0xff9ff06f)
core   0: 0x80009d58 (0x00006f17) auipc   t5, 0x6
core   0: 3 0x80009d58 (0x00006f17) x30 0x8000fd58
core   0: 0x80009d5c (0x2a3f2423) sw      gp, 680(t5)
core   0: 3 0x80009d5c (0x2a3f2423) mem 0x80010000 0x00000001
core   0: 0x80009d60 (0xff9ff06f) j       pc - 0x8
core   0: 3 0x80009d60 (0xff9ff06f)
core   0: 0x80009d58 (0x00006f17) auipc   t5, 0x6
core   0: 3 0x80009d58 (0x00006f17) x30 0x8000fd58
core   0: 0x80009d5c (0x2a3f2423) sw      gp, 680(t5)
core   0: 3 0x80009d5c (0x2a3f2423) mem 0x80010000 0x00000001
core   0: 0x80009d60 (0xff9ff06f) j       pc - 0x8
core   0: 3 0x80009d60 (0xff9ff06f)
core   0: 0x80009d58 (0x00006f17) auipc   t5, 0x6
core   0: 3 0x80009d58 (0x00006f17) x30 0x8000fd58
core   0: 0x80009d5c (0x2a3f2423) sw      gp, 680(t5)
core   0: 3 0x80009d5c (0x2a3f2423) mem 0x80010000 0x00000001
core   0: 0x80009d60 (0xff9ff06f) j       pc - 0x8
core   0: 3 0x80009d60 (0xff9ff06f)
core   0: 0x80009d58 (0x00006f17) auipc   t5, 0x6
core   0: 3 0x80009d58 (0x00006f17) x30 0x8000fd58
core   0: 0x80009d5c (0x2a3f2423) sw      gp, 680(t5)
core   0: 3 0x80009d5c (0x2a3f2423) mem 0x80010000 0x00000001
core   0: 0x80009d60 (0xff9ff06f) j       pc - 0x8
core   0: 3 0x80009d60 (0xff9ff06f)
core   0: 0x80009d58 (0x00006f17) auipc   t5, 0x6
core   0: 3 0x80009d58 (0x00006f17) x30 0x8000fd58
core   0: 0x80009d5c (0x2a3f2423) sw      gp, 680(t5)
core   0: 3 0x80009d5c (0x2a3f2423) mem 0x80010000 0x00000001
core   0: 0x80009d60 (0xff9ff06f) j       pc - 0x8
core   0: 3 0x80009d60 (0xff9ff06f)
core   0: 0x80009d58 (0x00006f17) auipc   t5, 0x6
core   0: 3 0x80009d58 (0x00006f17) x30 0x8000fd58
core   0: 0x80009d5c (0x2a3f2423) sw      gp, 680(t5)
core   0: 3 0x80009d5c (0x2a3f2423) mem 0x80010000 0x00000001
core   0: 0x80009d60 (0xff9ff06f) j       pc - 0x8
core   0: 3 0x80009d60 (0xff9ff06f)
core   0: 0x80009d58 (0x00006f17) auipc   t5, 0x6
core   0: 3 0x80009d58 (0x00006f17) x30 0x8000fd58
core   0: 0x80009d5c (0x2a3f2423) sw      gp, 680(t5)
core   0: 3 0x80009d5c (0x2a3f2423) mem 0x80010000 0x00000001
core   0: 0x80009d60 (0xff9ff06f) j       pc - 0x8
core   0: 3 0x80009d60 (0xff9ff06f)
core   0: 0x80009d58 (0x00006f17) auipc   t5, 0x6
core   0: 3 0x80009d58 (0x00006f17) x30 0x8000fd58
core   0: 0x80009d5c (0x2a3f2423) sw      gp, 680(t5)
core   0: 3 0x80009d5c (0x2a3f2423) mem 0x80010000 0x00000001
core   0: 0x80009d60 (0xff9ff06f) j       pc - 0x8
core   0: 3 0x80009d60 (0xff9ff06f)
core   0: 0x80009d58 (0x00006f17) auipc   t5, 0x6
core   0: 3 0x80009d58 (0x00006f17) x30 0x8000fd58
core   0: 0x80009d5c (0x2a3f2423) sw      gp, 680(t5)
core   0: 3 0x80009d5c (0x2a3f2423) mem 0x80010000 0x00000001
core   0: 0x80009d60 (0xff9ff06f) j       pc - 0x8
core   0: 3 0x80009d60 (0xff9ff06f)
core   0: 0x80009d58 (0x00006f17) auipc   t5, 0x6
core   0: 3 0x80009d58 (0x00006f17) x30 0x8000fd58
core   0: 0x80009d5c (0x2a3f2423) sw      gp, 680(t5)
core   0: 3 0x80009d5c (0x2a3f2423) mem 0x80010000 0x00000001
core   0: 0x80009d60 (0xff9ff06f) j       pc - 0x8
core   0: 3 0x80009d60 (0xff9ff06f)
core   0: 0x80009d58 (0x00006f17) auipc   t5, 0x6
core   0: 3 0x80009d58 (0x00006f17) x30 0x8000fd58
core   0: 0x80009d5c (0x2a3f2423) sw      gp, 680(t5)
core   0: 3 0x80009d5c (0x2a3f2423) mem 0x80010000 0x00000001
core   0: 0x80009d60 (0xff9ff06f) j       pc - 0x8
core   0: 3 0x80009d60 (0xff9ff06f)
core   0: 0x80009d58 (0x00006f17) auipc   t5, 0x6
core   0: 3 0x80009d58 (0x00006f17) x30 0x8000fd58
core   0: 0x80009d5c (0x2a3f2423) sw      gp, 680(t5)
core   0: 3 0x80009d5c (0x2a3f2423) mem 0x80010000 0x00000001
core   0: 0x80009d60 (0xff9ff06f) j       pc - 0x8
core   0: 3 0x80009d60 (0xff9ff06f)
core   0: 0x80009d58 (0x00006f17) auipc   t5, 0x6
core   0: 3 0x80009d58 (0x00006f17) x30 0x8000fd58
core   0: 0x80009d5c (0x2a3f2423) sw      gp, 680(t5)
core   0: 3 0x80009d5c (0x2a3f2423) mem 0x80010000 0x00000001
core   0: 0x80009d60 (0xff9ff06f) j       pc - 0x8
core   0: 3 0x80009d60 (0xff9ff06f)
core   0: 0x80009d58 (0x00006f17) auipc   t5, 0x6
core   0: 3 0x80009d58 (0x00006f17) x30 0x8000fd58
core   0: 0x80009d5c (0x2a3f2423) sw      gp, 680(t5)
core   0: 3 0x80009d5c (0x2a3f2423) mem 0x80010000 0x00000001
core   0: 0x80009d60 (0xff9ff06f) j       pc - 0x8
core   0: 3 0x80009d60 (0xff9ff06f)
core   0: 0x80009d58 (0x00006f17) auipc   t5, 0x6
core   0: 3 0x80009d58 (0x00006f17) x30 0x8000fd58
core   0: 0x80009d5c (0x2a3f2423) sw      gp, 680(t5)
core   0: 3 0x80009d5c (0x2a3f2423) mem 0x80010000 0x00000001
core   0: 0x80009d60 (0xff9ff06f) j       pc - 0x8
core   0: 3 0x80009d60 (0xff9ff06f)
core   0: 0x80009d58 (0x00006f17) auipc   t5, 0x6
core   0: 3 0x80009d58 (0x00006f17) x30 0x8000fd58
core   0: 0x80009d5c (0x2a3f2423) sw      gp, 680(t5)
core   0: 3 0x80009d5c (0x2a3f2423) mem 0x80010000 0x00000001
core   0: 0x80009d60 (0xff9ff06f) j       pc - 0x8
core   0: 3 0x80009d60 (0xff9ff06f)
core   0: 0x80009d58 (0x00006f17) auipc   t5, 0x6
core   0: 3 0x80009d58 (0x00006f17) x30 0x8000fd58
core   0: 0x80009d5c (0x2a3f2423) sw      gp, 680(t5)
core   0: 3 0x80009d5c (0x2a3f2423) mem 0x80010000 0x00000001
core   0: 0x80009d60 (0xff9ff06f) j       pc - 0x8
core   0: 3 0x80009d60 (0xff9ff06f)
core   0: 0x80009d58 (0x00006f17) auipc   t5, 0x6
core   0: 3 0x80009d58 (0x00006f17) x30 0x8000fd58
core   0: 0x80009d5c (0x2a3f2423) sw      gp, 680(t5)
core   0: 3 0x80009d5c (0x2a3f2423) mem 0x80010000 0x00000001
core   0: 0x80009d60 (0xff9ff06f) j       pc - 0x8
core   0: 3 0x80009d60 (0xff9ff06f)
core   0: 0x80009d58 (0x00006f17) auipc   t5, 0x6
core   0: 3 0x80009d58 (0x00006f17) x30 0x8000fd58
core   0: 0x80009d5c (0x2a3f2423) sw      gp, 680(t5)
core   0: 3 0x80009d5c (0x2a3f2423) mem 0x80010000 0x00000001
core   0: 0x80009d60 (0xff9ff06f) j       pc - 0x8
core   0: 3 0x80009d60 (0xff9ff06f)
core   0: 0x80009d58 (0x00006f17) auipc   t5, 0x6
core   0: 3 0x80009d58 (0x00006f17) x30 0x8000fd58
core   0: 0x80009d5c (0x2a3f2423) sw      gp, 680(t5)
core   0: 3 0x80009d5c (0x2a3f2423) mem 0x80010000 0x00000001
core   0: 0x80009d60 (0xff9ff06f) j       pc - 0x8
core   0: 3 0x80009d60 (0xff9ff06f)
core   0: 0x80009d58 (0x00006f17) auipc   t5, 0x6
core   0: 3 0x80009d58 (0x00006f17) x30 0x8000fd58
core   0: 0x80009d5c (0x2a3f2423) sw      gp, 680(t5)
core   0: 3 0x80009d5c (0x2a3f2423) mem 0x80010000 0x00000001
core   0: 0x80009d60 (0xff9ff06f) j       pc - 0x8
core   0: 3 0x80009d60 (0xff9ff06f)
core   0: 0x80009d58 (0x00006f17) auipc   t5, 0x6
core   0: 3 0x80009d58 (0x00006f17) x30 0x8000fd58
core   0: 0x80009d5c (0x2a3f2423) sw      gp, 680(t5)
core   0: 3 0x80009d5c (0x2a3f2423) mem 0x80010000 0x00000001
core   0: 0x80009d60 (0xff9ff06f) j       pc - 0x8
core   0: 3 0x80009d60 (0xff9ff06f)
core   0: 0x80009d58 (0x00006f17) auipc   t5, 0x6
core   0: 3 0x80009d58 (0x00006f17) x30 0x8000fd58
core   0: 0x80009d5c (0x2a3f2423) sw      gp, 680(t5)
core   0: 3 0x80009d5c (0x2a3f2423) mem 0x80010000 0x00000001
core   0: 0x80009d60 (0xff9ff06f) j       pc - 0x8
core   0: 3 0x80009d60 (0xff9ff06f)
core   0: 0x80009d58 (0x00006f17) auipc   t5, 0x6
core   0: 3 0x80009d58 (0x00006f17) x30 0x8000fd58
core   0: 0x80009d5c (0x2a3f2423) sw      gp, 680(t5)
core   0: 3 0x80009d5c (0x2a3f2423) mem 0x80010000 0x00000001
core   0: 0x80009d60 (0xff9ff06f) j       pc - 0x8
core   0: 3 0x80009d60 (0xff9ff06f)
core   0: 0x80009d58 (0x00006f17) auipc   t5, 0x6
core   0: 3 0x80009d58 (0x00006f17) x30 0x8000fd58
core   0: 0x80009d5c (0x2a3f2423) sw      gp, 680(t5)
core   0: 3 0x80009d5c (0x2a3f2423) mem 0x80010000 0x00000001
core   0: 0x80009d60 (0xff9ff06f) j       pc - 0x8
core   0: 3 0x80009d60 (0xff9ff06f)
core   0: 0x80009d58 (0x00006f17) auipc   t5, 0x6
core   0: 3 0x80009d58 (0x00006f17) x30 0x8000fd58
core   0: 0x80009d5c (0x2a3f2423) sw      gp, 680(t5)
core   0: 3 0x80009d5c (0x2a3f2423) mem 0x80010000 0x00000001
core   0: 0x80009d60 (0xff9ff06f) j       pc - 0x8
core   0: 3 0x80009d60 (0xff9ff06f)
core   0: 0x80009d58 (0x00006f17) auipc   t5, 0x6
core   0: 3 0x80009d58 (0x00006f17) x30 0x8000fd58
core   0: 0x80009d5c (0x2a3f2423) sw      gp, 680(t5)
core   0: 3 0x80009d5c (0x2a3f2423) mem 0x80010000 0x00000001
core   0: 0x80009d60 (0xff9ff06f) j       pc - 0x8
core   0: 3 0x80009d60 (0xff9ff06f)
core   0: 0x80009d58 (0x00006f17) auipc   t5, 0x6
core   0: 3 0x80009d58 (0x00006f17) x30 0x8000fd58
core   0: 0x80009d5c (0x2a3f2423) sw      gp, 680(t5)
core   0: 3 0x80009d5c (0x2a3f2423) mem 0x80010000 0x00000001
core   0: 0x80009d60 (0xff9ff06f) j       pc - 0x8
core   0: 3 0x80009d60 (0xff9ff06f)
core   0: 0x80009d58 (0x00006f17) auipc   t5, 0x6
core   0: 3 0x80009d58 (0x00006f17) x30 0x8000fd58
core   0: 0x80009d5c (0x2a3f2423) sw      gp, 680(t5)
core   0: 3 0x80009d5c (0x2a3f2423) mem 0x80010000 0x00000001
core   0: 0x80009d60 (0xff9ff06f) j       pc - 0x8
core   0: 3 0x80009d60 (0xff9ff06f)
core   0: 0x80009d58 (0x00006f17) auipc   t5, 0x6
core   0: 3 0x80009d58 (0x00006f17) x30 0x8000fd58
core   0: 0x80009d5c (0x2a3f2423) sw      gp, 680(t5)
core   0: 3 0x80009d5c (0x2a3f2423) mem 0x80010000 0x00000001
core   0: 0x80009d60 (0xff9ff06f) j       pc - 0x8
core   0: 3 0x80009d60 (0xff9ff06f)
core   0: 0x80009d58 (0x00006f17) auipc   t5, 0x6
core   0: 3 0x80009d58 (0x00006f17) x30 0x8000fd58
core   0: 0x80009d5c (0x2a3f2423) sw      gp, 680(t5)
core   0: 3 0x80009d5c (0x2a3f2423) mem 0x80010000 0x00000001
core   0: 0x80009d60 (0xff9ff06f) j       pc - 0x8
core   0: 3 0x80009d60 (0xff9ff06f)
core   0: 0x80009d58 (0x00006f17) auipc   t5, 0x6
core   0: 3 0x80009d58 (0x00006f17) x30 0x8000fd58
core   0: 0x80009d5c (0x2a3f2423) sw      gp, 680(t5)
core   0: 3 0x80009d5c (0x2a3f2423) mem 0x80010000 0x00000001
core   0: 0x80009d60 (0xff9ff06f) j       pc - 0x8
core   0: 3 0x80009d60 (0xff9ff06f)
core   0: 0x80009d58 (0x00006f17) auipc   t5, 0x6
core   0: 3 0x80009d58 (0x00006f17) x30 0x8000fd58
core   0: 0x80009d5c (0x2a3f2423) sw      gp, 680(t5)
core   0: 3 0x80009d5c (0x2a3f2423) mem 0x80010000 0x00000001
core   0: 0x80009d60 (0xff9ff06f) j       pc - 0x8
core   0: 3 0x80009d60 (0xff9ff06f)
core   0: 0x80009d58 (0x00006f17) auipc   t5, 0x6
core   0: 3 0x80009d58 (0x00006f17) x30 0x8000fd58
core   0: 0x80009d5c (0x2a3f2423) sw      gp, 680(t5)
core   0: 3 0x80009d5c (0x2a3f2423) mem 0x80010000 0x00000001
core   0: 0x80009d60 (0xff9ff06f) j       pc - 0x8
core   0: 3 0x80009d60 (0xff9ff06f)
core   0: 0x80009d58 (0x00006f17) auipc   t5, 0x6
core   0: 3 0x80009d58 (0x00006f17) x30 0x8000fd58
core   0: 0x80009d5c (0x2a3f2423) sw      gp, 680(t5)
core   0: 3 0x80009d5c (0x2a3f2423) mem 0x80010000 0x00000001
core   0: 0x80009d60 (0xff9ff06f) j       pc - 0x8
core   0: 3 0x80009d60 (0xff9ff06f)
core   0: 0x80009d58 (0x00006f17) auipc   t5, 0x6
core   0: 3 0x80009d58 (0x00006f17) x30 0x8000fd58
core   0: 0x80009d5c (0x2a3f2423) sw      gp, 680(t5)
core   0: 3 0x80009d5c (0x2a3f2423) mem 0x80010000 0x00000001
core   0: 0x80009d60 (0xff9ff06f) j       pc - 0x8
core   0: 3 0x80009d60 (0xff9ff06f)
core   0: 0x80009d58 (0x00006f17) auipc   t5, 0x6
core   0: 3 0x80009d58 (0x00006f17) x30 0x8000fd58
core   0: 0x80009d5c (0x2a3f2423) sw      gp, 680(t5)
core   0: 3 0x80009d5c (0x2a3f2423) mem 0x80010000 0x00000001
core   0: 0x80009d60 (0xff9ff06f) j       pc - 0x8
core   0: 3 0x80009d60 (0xff9ff06f)
core   0: 0x80009d58 (0x00006f17) auipc   t5, 0x6
core   0: 3 0x80009d58 (0x00006f17) x30 0x8000fd58
core   0: 0x80009d5c (0x2a3f2423) sw      gp, 680(t5)
core   0: 3 0x80009d5c (0x2a3f2423) mem 0x80010000 0x00000001
core   0: 0x80009d60 (0xff9ff06f) j       pc - 0x8
core   0: 3 0x80009d60 (0xff9ff06f)
core   0: 0x80009d58 (0x00006f17) auipc   t5, 0x6
core   0: 3 0x80009d58 (0x00006f17) x30 0x8000fd58
core   0: 0x80009d5c (0x2a3f2423) sw      gp, 680(t5)
core   0: 3 0x80009d5c (0x2a3f2423) mem 0x80010000 0x00000001
core   0: 0x80009d60 (0xff9ff06f) j       pc - 0x8
core   0: 3 0x80009d60 (0xff9ff06f)
core   0: 0x80009d58 (0x00006f17) auipc   t5, 0x6
core   0: 3 0x80009d58 (0x00006f17) x30 0x8000fd58
core   0: 0x80009d5c (0x2a3f2423) sw      gp, 680(t5)
core   0: 3 0x80009d5c (0x2a3f2423) mem 0x80010000 0x00000001
core   0: 0x80009d60 (0xff9ff06f) j       pc - 0x8
core   0: 3 0x80009d60 (0xff9ff06f)
core   0: 0x80009d58 (0x00006f17) auipc   t5, 0x6
core   0: 3 0x80009d58 (0x00006f17) x30 0x8000fd58
core   0: 0x80009d5c (0x2a3f2423) sw      gp, 680(t5)
core   0: 3 0x80009d5c (0x2a3f2423) mem 0x80010000 0x00000001
core   0: 0x80009d60 (0xff9ff06f) j       pc - 0x8
core   0: 3 0x80009d60 (0xff9ff06f)
core   0: 0x80009d58 (0x00006f17) auipc   t5, 0x6
core   0: 3 0x80009d58 (0x00006f17) x30 0x8000fd58
core   0: 0x80009d5c (0x2a3f2423) sw      gp, 680(t5)
core   0: 3 0x80009d5c (0x2a3f2423) mem 0x80010000 0x00000001
core   0: 0x80009d60 (0xff9ff06f) j       pc - 0x8
core   0: 3 0x80009d60 (0xff9ff06f)
core   0: 0x80009d58 (0x00006f17) auipc   t5, 0x6
core   0: 3 0x80009d58 (0x00006f17) x30 0x8000fd58
core   0: 0x80009d5c (0x2a3f2423) sw      gp, 680(t5)
core   0: 3 0x80009d5c (0x2a3f2423) mem 0x80010000 0x00000001
core   0: 0x80009d60 (0xff9ff06f) j       pc - 0x8
core   0: 3 0x80009d60 (0xff9ff06f)
core   0: 0x80009d58 (0x00006f17) auipc   t5, 0x6
core   0: 3 0x80009d58 (0x00006f17) x30 0x8000fd58
core   0: 0x80009d5c (0x2a3f2423) sw      gp, 680(t5)
core   0: 3 0x80009d5c (0x2a3f2423) mem 0x80010000 0x00000001
core   0: 0x80009d60 (0xff9ff06f) j       pc - 0x8
core   0: 3 0x80009d60 (0xff9ff06f)
core   0: 0x80009d58 (0x00006f17) auipc   t5, 0x6
core   0: 3 0x80009d58 (0x00006f17) x30 0x8000fd58
core   0: 0x80009d5c (0x2a3f2423) sw      gp, 680(t5)
core   0: 3 0x80009d5c (0x2a3f2423) mem 0x80010000 0x00000001
core   0: 0x80009d60 (0xff9ff06f) j       pc - 0x8
core   0: 3 0x80009d60 (0xff9ff06f)
core   0: 0x80009d58 (0x00006f17) auipc   t5, 0x6
core   0: 3 0x80009d58 (0x00006f17) x30 0x8000fd58
core   0: 0x80009d5c (0x2a3f2423) sw      gp, 680(t5)
core   0: 3 0x80009d5c (0x2a3f2423) mem 0x80010000 0x00000001
core   0: 0x80009d60 (0xff9ff06f) j       pc - 0x8
core   0: 3 0x80009d60 (0xff9ff06f)
core   0: 0x80009d58 (0x00006f17) auipc   t5, 0x6
core   0: 3 0x80009d58 (0x00006f17) x30 0x8000fd58
core   0: 0x80009d5c (0x2a3f2423) sw      gp, 680(t5)
core   0: 3 0x80009d5c (0x2a3f2423) mem 0x80010000 0x00000001
core   0: 0x80009d60 (0xff9ff06f) j       pc - 0x8
core   0: 3 0x80009d60 (0xff9ff06f)
core   0: 0x80009d58 (0x00006f17) auipc   t5, 0x6
core   0: 3 0x80009d58 (0x00006f17) x30 0x8000fd58
core   0: 0x80009d5c (0x2a3f2423) sw      gp, 680(t5)
core   0: 3 0x80009d5c (0x2a3f2423) mem 0x80010000 0x00000001
core   0: 0x80009d60 (0xff9ff06f) j       pc - 0x8
core   0: 3 0x80009d60 (0xff9ff06f)
core   0: 0x80009d58 (0x00006f17) auipc   t5, 0x6
core   0: 3 0x80009d58 (0x00006f17) x30 0x8000fd58
core   0: 0x80009d5c (0x2a3f2423) sw      gp, 680(t5)
core   0: 3 0x80009d5c (0x2a3f2423) mem 0x80010000 0x00000001
core   0: 0x80009d60 (0xff9ff06f) j       pc - 0x8
core   0: 3 0x80009d60 (0xff9ff06f)
core   0: 0x80009d58 (0x00006f17) auipc   t5, 0x6
core   0: 3 0x80009d58 (0x00006f17) x30 0x8000fd58
core   0: 0x80009d5c (0x2a3f2423) sw      gp, 680(t5)
core   0: 3 0x80009d5c (0x2a3f2423) mem 0x80010000 0x00000001
core   0: 0x80009d60 (0xff9ff06f) j       pc - 0x8
core   0: 3 0x80009d60 (0xff9ff06f)
core   0: 0x80009d58 (0x00006f17) auipc   t5, 0x6
core   0: 3 0x80009d58 (0x00006f17) x30 0x8000fd58
core   0: 0x80009d5c (0x2a3f2423) sw      gp, 680(t5)
core   0: 3 0x80009d5c (0x2a3f2423) mem 0x80010000 0x00000001
core   0: 0x80009d60 (0xff9ff06f) j       pc - 0x8
core   0: 3 0x80009d60 (0xff9ff06f)
core   0: 0x80009d58 (0x00006f17) auipc   t5, 0x6
core   0: 3 0x80009d58 (0x00006f17) x30 0x8000fd58
core   0: 0x80009d5c (0x2a3f2423) sw      gp, 680(t5)
core   0: 3 0x80009d5c (0x2a3f2423) mem 0x80010000 0x00000001
core   0: 0x80009d60 (0xff9ff06f) j       pc - 0x8
core   0: 3 0x80009d60 (0xff9ff06f)
core   0: 0x80009d58 (0x00006f17) auipc   t5, 0x6
core   0: 3 0x80009d58 (0x00006f17) x30 0x8000fd58
core   0: 0x80009d5c (0x2a3f2423) sw      gp, 680(t5)
core   0: 3 0x80009d5c (0x2a3f2423) mem 0x80010000 0x00000001
core   0: 0x80009d60 (0xff9ff06f) j       pc - 0x8
core   0: 3 0x80009d60 (0xff9ff06f)
core   0: 0x80009d58 (0x00006f17) auipc   t5, 0x6
core   0: 3 0x80009d58 (0x00006f17) x30 0x8000fd58
core   0: 0x80009d5c (0x2a3f2423) sw      gp, 680(t5)
core   0: 3 0x80009d5c (0x2a3f2423) mem 0x80010000 0x00000001
core   0: 0x80009d60 (0xff9ff06f) j       pc - 0x8
core   0: 3 0x80009d60 (0xff9ff06f)
core   0: 0x80009d58 (0x00006f17) auipc   t5, 0x6
core   0: 3 0x80009d58 (0x00006f17) x30 0x8000fd58
core   0: 0x80009d5c (0x2a3f2423) sw      gp, 680(t5)
core   0: 3 0x80009d5c (0x2a3f2423) mem 0x80010000 0x00000001
core   0: 0x80009d60 (0xff9ff06f) j       pc - 0x8
core   0: 3 0x80009d60 (0xff9ff06f)
core   0: 0x80009d58 (0x00006f17) auipc   t5, 0x6
core   0: 3 0x80009d58 (0x00006f17) x30 0x8000fd58
core   0: 0x80009d5c (0x2a3f2423) sw      gp, 680(t5)
core   0: 3 0x80009d5c (0x2a3f2423) mem 0x80010000 0x00000001
core   0: 0x80009d60 (0xff9ff06f) j       pc - 0x8
core   0: 3 0x80009d60 (0xff9ff06f)
core   0: 0x80009d58 (0x00006f17) auipc   t5, 0x6
core   0: 3 0x80009d58 (0x00006f17) x30 0x8000fd58
core   0: 0x80009d5c (0x2a3f2423) sw      gp, 680(t5)
core   0: 3 0x80009d5c (0x2a3f2423) mem 0x80010000 0x00000001
core   0: 0x80009d60 (0xff9ff06f) j       pc - 0x8
core   0: 3 0x80009d60 (0xff9ff06f)
core   0: 0x80009d58 (0x00006f17) auipc   t5, 0x6
core   0: 3 0x80009d58 (0x00006f17) x30 0x8000fd58
core   0: 0x80009d5c (0x2a3f2423) sw      gp, 680(t5)
core   0: 3 0x80009d5c (0x2a3f2423) mem 0x80010000 0x00000001
core   0: 0x80009d60 (0xff9ff06f) j       pc - 0x8
core   0: 3 0x80009d60 (0xff9ff06f)
core   0: 0x80009d58 (0x00006f17) auipc   t5, 0x6
core   0: 3 0x80009d58 (0x00006f17) x30 0x8000fd58
core   0: 0x80009d5c (0x2a3f2423) sw      gp, 680(t5)
core   0: 3 0x80009d5c (0x2a3f2423) mem 0x80010000 0x00000001
core   0: 0x80009d60 (0xff9ff06f) j       pc - 0x8
core   0: 3 0x80009d60 (0xff9ff06f)
core   0: 0x80009d58 (0x00006f17) auipc   t5, 0x6
core   0: 3 0x80009d58 (0x00006f17) x30 0x8000fd58
core   0: 0x80009d5c (0x2a3f2423) sw      gp, 680(t5)
core   0: 3 0x80009d5c (0x2a3f2423) mem 0x80010000 0x00000001
core   0: 0x80009d60 (0xff9ff06f) j       pc - 0x8
core   0: 3 0x80009d60 (0xff9ff06f)
core   0: 0x80009d58 (0x00006f17) auipc   t5, 0x6
core   0: 3 0x80009d58 (0x00006f17) x30 0x8000fd58
core   0: 0x80009d5c (0x2a3f2423) sw      gp, 680(t5)
core   0: 3 0x80009d5c (0x2a3f2423) mem 0x80010000 0x00000001
core   0: 0x80009d60 (0xff9ff06f) j       pc - 0x8
core   0: 3 0x80009d60 (0xff9ff06f)
core   0: 0x80009d58 (0x00006f17) auipc   t5, 0x6
core   0: 3 0x80009d58 (0x00006f17) x30 0x8000fd58
core   0: 0x80009d5c (0x2a3f2423) sw      gp, 680(t5)
core   0: 3 0x80009d5c (0x2a3f2423) mem 0x80010000 0x00000001
core   0: 0x80009d60 (0xff9ff06f) j       pc - 0x8
core   0: 3 0x80009d60 (0xff9ff06f)
core   0: 0x80009d58 (0x00006f17) auipc   t5, 0x6
core   0: 3 0x80009d58 (0x00006f17) x30 0x8000fd58
core   0: 0x80009d5c (0x2a3f2423) sw      gp, 680(t5)
core   0: 3 0x80009d5c (0x2a3f2423) mem 0x80010000 0x00000001
core   0: 0x80009d60 (0xff9ff06f) j       pc - 0x8
core   0: 3 0x80009d60 (0xff9ff06f)
core   0: 0x80009d58 (0x00006f17) auipc   t5, 0x6
core   0: 3 0x80009d58 (0x00006f17) x30 0x8000fd58
core   0: 0x80009d5c (0x2a3f2423) sw      gp, 680(t5)
core   0: 3 0x80009d5c (0x2a3f2423) mem 0x80010000 0x00000001
core   0: 0x80009d60 (0xff9ff06f) j       pc - 0x8
core   0: 3 0x80009d60 (0xff9ff06f)
core   0: 0x80009d58 (0x00006f17) auipc   t5, 0x6
core   0: 3 0x80009d58 (0x00006f17) x30 0x8000fd58
core   0: 0x80009d5c (0x2a3f2423) sw      gp, 680(t5)
core   0: 3 0x80009d5c (0x2a3f2423) mem 0x80010000 0x00000001
core   0: 0x80009d60 (0xff9ff06f) j       pc - 0x8
core   0: 3 0x80009d60 (0xff9ff06f)
core   0: 0x80009d58 (0x00006f17) auipc   t5, 0x6
core   0: 3 0x80009d58 (0x00006f17) x30 0x8000fd58
core   0: 0x80009d5c (0x2a3f2423) sw      gp, 680(t5)
core   0: 3 0x80009d5c (0x2a3f2423) mem 0x80010000 0x00000001
core   0: 0x80009d60 (0xff9ff06f) j       pc - 0x8
core   0: 3 0x80009d60 (0xff9ff06f)
core   0: 0x80009d58 (0x00006f17) auipc   t5, 0x6
core   0: 3 0x80009d58 (0x00006f17) x30 0x8000fd58
core   0: 0x80009d5c (0x2a3f2423) sw      gp, 680(t5)
core   0: 3 0x80009d5c (0x2a3f2423) mem 0x80010000 0x00000001
core   0: 0x80009d60 (0xff9ff06f) j       pc - 0x8
core   0: 3 0x80009d60 (0xff9ff06f)
core   0: 0x80009d58 (0x00006f17) auipc   t5, 0x6
core   0: 3 0x80009d58 (0x00006f17) x30 0x8000fd58
core   0: 0x80009d5c (0x2a3f2423) sw      gp, 680(t5)
core   0: 3 0x80009d5c (0x2a3f2423) mem 0x80010000 0x00000001
core   0: 0x80009d60 (0xff9ff06f) j       pc - 0x8
core   0: 3 0x80009d60 (0xff9ff06f)
core   0: 0x80009d58 (0x00006f17) auipc   t5, 0x6
core   0: 3 0x80009d58 (0x00006f17) x30 0x8000fd58
core   0: 0x80009d5c (0x2a3f2423) sw      gp, 680(t5)
core   0: 3 0x80009d5c (0x2a3f2423) mem 0x80010000 0x00000001
core   0: 0x80009d60 (0xff9ff06f) j       pc - 0x8
core   0: 3 0x80009d60 (0xff9ff06f)
core   0: 0x80009d58 (0x00006f17) auipc   t5, 0x6
core   0: 3 0x80009d58 (0x00006f17) x30 0x8000fd58
core   0: 0x80009d5c (0x2a3f2423) sw      gp, 680(t5)
core   0: 3 0x80009d5c (0x2a3f2423) mem 0x80010000 0x00000001
core   0: 0x80009d60 (0xff9ff06f) j       pc - 0x8
core   0: 3 0x80009d60 (0xff9ff06f)
core   0: 0x80009d58 (0x00006f17) auipc   t5, 0x6
core   0: 3 0x80009d58 (0x00006f17) x30 0x8000fd58
core   0: 0x80009d5c (0x2a3f2423) sw      gp, 680(t5)
core   0: 3 0x80009d5c (0x2a3f2423) mem 0x80010000 0x00000001
core   0: 0x80009d60 (0xff9ff06f) j       pc - 0x8
core   0: 3 0x80009d60 (0xff9ff06f)
core   0: 0x80009d58 (0x00006f17) auipc   t5, 0x6
core   0: 3 0x80009d58 (0x00006f17) x30 0x8000fd58
core   0: 0x80009d5c (0x2a3f2423) sw      gp, 680(t5)
core   0: 3 0x80009d5c (0x2a3f2423) mem 0x80010000 0x00000001
core   0: 0x80009d60 (0xff9ff06f) j       pc - 0x8
core   0: 3 0x80009d60 (0xff9ff06f)
core   0: 0x80009d58 (0x00006f17) auipc   t5, 0x6
core   0: 3 0x80009d58 (0x00006f17) x30 0x8000fd58
core   0: 0x80009d5c (0x2a3f2423) sw      gp, 680(t5)
core   0: 3 0x80009d5c (0x2a3f2423) mem 0x80010000 0x00000001
core   0: 0x80009d60 (0xff9ff06f) j       pc - 0x8
core   0: 3 0x80009d60 (0xff9ff06f)
core   0: 0x80009d58 (0x00006f17) auipc   t5, 0x6
core   0: 3 0x80009d58 (0x00006f17) x30 0x8000fd58
core   0: 0x80009d5c (0x2a3f2423) sw      gp, 680(t5)
core   0: 3 0x80009d5c (0x2a3f2423) mem 0x80010000 0x00000001
core   0: 0x80009d60 (0xff9ff06f) j       pc - 0x8
core   0: 3 0x80009d60 (0xff9ff06f)
core   0: 0x80009d58 (0x00006f17) auipc   t5, 0x6
core   0: 3 0x80009d58 (0x00006f17) x30 0x8000fd58
core   0: 0x80009d5c (0x2a3f2423) sw      gp, 680(t5)
core   0: 3 0x80009d5c (0x2a3f2423) mem 0x80010000 0x00000001
core   0: 0x80009d60 (0xff9ff06f) j       pc - 0x8
core   0: 3 0x80009d60 (0xff9ff06f)
core   0: 0x80009d58 (0x00006f17) auipc   t5, 0x6
core   0: 3 0x80009d58 (0x00006f17) x30 0x8000fd58
core   0: 0x80009d5c (0x2a3f2423) sw      gp, 680(t5)
core   0: 3 0x80009d5c (0x2a3f2423) mem 0x80010000 0x00000001
core   0: 0x80009d60 (0xff9ff06f) j       pc - 0x8
core   0: 3 0x80009d60 (0xff9ff06f)
core   0: 0x80009d58 (0x00006f17) auipc   t5, 0x6
core   0: 3 0x80009d58 (0x00006f17) x30 0x8000fd58
core   0: 0x80009d5c (0x2a3f2423) sw      gp, 680(t5)
core   0: 3 0x80009d5c (0x2a3f2423) mem 0x80010000 0x00000001
core   0: 0x80009d60 (0xff9ff06f) j       pc - 0x8
core   0: 3 0x80009d60 (0xff9ff06f)
core   0: 0x80009d58 (0x00006f17) auipc   t5, 0x6
core   0: 3 0x80009d58 (0x00006f17) x30 0x8000fd58
core   0: 0x80009d5c (0x2a3f2423) sw      gp, 680(t5)
core   0: 3 0x80009d5c (0x2a3f2423) mem 0x80010000 0x00000001
core   0: 0x80009d60 (0xff9ff06f) j       pc - 0x8
core   0: 3 0x80009d60 (0xff9ff06f)
core   0: 0x80009d58 (0x00006f17) auipc   t5, 0x6
core   0: 3 0x80009d58 (0x00006f17) x30 0x8000fd58
core   0: 0x80009d5c (0x2a3f2423) sw      gp, 680(t5)
core   0: 3 0x80009d5c (0x2a3f2423) mem 0x80010000 0x00000001
core   0: 0x80009d60 (0xff9ff06f) j       pc - 0x8
core   0: 3 0x80009d60 (0xff9ff06f)
core   0: 0x80009d58 (0x00006f17) auipc   t5, 0x6
core   0: 3 0x80009d58 (0x00006f17) x30 0x8000fd58
core   0: 0x80009d5c (0x2a3f2423) sw      gp, 680(t5)
core   0: 3 0x80009d5c (0x2a3f2423) mem 0x80010000 0x00000001
core   0: 0x80009d60 (0xff9ff06f) j       pc - 0x8
core   0: 3 0x80009d60 (0xff9ff06f)
core   0: 0x80009d58 (0x00006f17) auipc   t5, 0x6
core   0: 3 0x80009d58 (0x00006f17) x30 0x8000fd58
core   0: 0x80009d5c (0x2a3f2423) sw      gp, 680(t5)
core   0: 3 0x80009d5c (0x2a3f2423) mem 0x80010000 0x00000001
core   0: 0x80009d60 (0xff9ff06f) j       pc - 0x8
core   0: 3 0x80009d60 (0xff9ff06f)
core   0: 0x80009d58 (0x00006f17) auipc   t5, 0x6
core   0: 3 0x80009d58 (0x00006f17) x30 0x8000fd58
core   0: 0x80009d5c (0x2a3f2423) sw      gp, 680(t5)
core   0: 3 0x80009d5c (0x2a3f2423) mem 0x80010000 0x00000001
core   0: 0x80009d60 (0xff9ff06f) j       pc - 0x8
core   0: 3 0x80009d60 (0xff9ff06f)
core   0: 0x80009d58 (0x00006f17) auipc   t5, 0x6
core   0: 3 0x80009d58 (0x00006f17) x30 0x8000fd58
core   0: 0x80009d5c (0x2a3f2423) sw      gp, 680(t5)
core   0: 3 0x80009d5c (0x2a3f2423) mem 0x80010000 0x00000001
core   0: 0x80009d60 (0xff9ff06f) j       pc - 0x8
core   0: 3 0x80009d60 (0xff9ff06f)
core   0: 0x80009d58 (0x00006f17) auipc   t5, 0x6
core   0: 3 0x80009d58 (0x00006f17) x30 0x8000fd58
core   0: 0x80009d5c (0x2a3f2423) sw      gp, 680(t5)
core   0: 3 0x80009d5c (0x2a3f2423) mem 0x80010000 0x00000001
core   0: 0x80009d60 (0xff9ff06f) j       pc - 0x8
core   0: 3 0x80009d60 (0xff9ff06f)
core   0: 0x80009d58 (0x00006f17) auipc   t5, 0x6
core   0: 3 0x80009d58 (0x00006f17) x30 0x8000fd58
core   0: 0x80009d5c (0x2a3f2423) sw      gp, 680(t5)
core   0: 3 0x80009d5c (0x2a3f2423) mem 0x80010000 0x00000001
core   0: 0x80009d60 (0xff9ff06f) j       pc - 0x8
core   0: 3 0x80009d60 (0xff9ff06f)
core   0: 0x80009d58 (0x00006f17) auipc   t5, 0x6
core   0: 3 0x80009d58 (0x00006f17) x30 0x8000fd58
core   0: 0x80009d5c (0x2a3f2423) sw      gp, 680(t5)
core   0: 3 0x80009d5c (0x2a3f2423) mem 0x80010000 0x00000001
core   0: 0x80009d60 (0xff9ff06f) j       pc - 0x8
core   0: 3 0x80009d60 (0xff9ff06f)
core   0: 0x80009d58 (0x00006f17) auipc   t5, 0x6
core   0: 3 0x80009d58 (0x00006f17) x30 0x8000fd58
core   0: 0x80009d5c (0x2a3f2423) sw      gp, 680(t5)
core   0: 3 0x80009d5c (0x2a3f2423) mem 0x80010000 0x00000001
core   0: 0x80009d60 (0xff9ff06f) j       pc - 0x8
core   0: 3 0x80009d60 (0xff9ff06f)
core   0: 0x80009d58 (0x00006f17) auipc   t5, 0x6
core   0: 3 0x80009d58 (0x00006f17) x30 0x8000fd58
core   0: 0x80009d5c (0x2a3f2423) sw      gp, 680(t5)
core   0: 3 0x80009d5c (0x2a3f2423) mem 0x80010000 0x00000001
core   0: 0x80009d60 (0xff9ff06f) j       pc - 0x8
core   0: 3 0x80009d60 (0xff9ff06f)
core   0: 0x80009d58 (0x00006f17) auipc   t5, 0x6
core   0: 3 0x80009d58 (0x00006f17) x30 0x8000fd58
core   0: 0x80009d5c (0x2a3f2423) sw      gp, 680(t5)
core   0: 3 0x80009d5c (0x2a3f2423) mem 0x80010000 0x00000001
core   0: 0x80009d60 (0xff9ff06f) j       pc - 0x8
core   0: 3 0x80009d60 (0xff9ff06f)
core   0: 0x80009d58 (0x00006f17) auipc   t5, 0x6
core   0: 3 0x80009d58 (0x00006f17) x30 0x8000fd58
core   0: 0x80009d5c (0x2a3f2423) sw      gp, 680(t5)
core   0: 3 0x80009d5c (0x2a3f2423) mem 0x80010000 0x00000001
core   0: 0x80009d60 (0xff9ff06f) j       pc - 0x8
core   0: 3 0x80009d60 (0xff9ff06f)
core   0: 0x80009d58 (0x00006f17) auipc   t5, 0x6
core   0: 3 0x80009d58 (0x00006f17) x30 0x8000fd58
core   0: 0x80009d5c (0x2a3f2423) sw      gp, 680(t5)
core   0: 3 0x80009d5c (0x2a3f2423) mem 0x80010000 0x00000001
core   0: 0x80009d60 (0xff9ff06f) j       pc - 0x8
core   0: 3 0x80009d60 (0xff9ff06f)
core   0: 0x80009d58 (0x00006f17) auipc   t5, 0x6
core   0: 3 0x80009d58 (0x00006f17) x30 0x8000fd58
core   0: 0x80009d5c (0x2a3f2423) sw      gp, 680(t5)
core   0: 3 0x80009d5c (0x2a3f2423) mem 0x80010000 0x00000001
core   0: 0x80009d60 (0xff9ff06f) j       pc - 0x8
core   0: 3 0x80009d60 (0xff9ff06f)
core   0: 0x80009d58 (0x00006f17) auipc   t5, 0x6
core   0: 3 0x80009d58 (0x00006f17) x30 0x8000fd58
core   0: 0x80009d5c (0x2a3f2423) sw      gp, 680(t5)
core   0: 3 0x80009d5c (0x2a3f2423) mem 0x80010000 0x00000001
core   0: 0x80009d60 (0xff9ff06f) j       pc - 0x8
core   0: 3 0x80009d60 (0xff9ff06f)
core   0: 0x80009d58 (0x00006f17) auipc   t5, 0x6
core   0: 3 0x80009d58 (0x00006f17) x30 0x8000fd58
core   0: 0x80009d5c (0x2a3f2423) sw      gp, 680(t5)
core   0: 3 0x80009d5c (0x2a3f2423) mem 0x80010000 0x00000001
core   0: 0x80009d60 (0xff9ff06f) j       pc - 0x8
core   0: 3 0x80009d60 (0xff9ff06f)
core   0: 0x80009d58 (0x00006f17) auipc   t5, 0x6
core   0: 3 0x80009d58 (0x00006f17) x30 0x8000fd58
core   0: 0x80009d5c (0x2a3f2423) sw      gp, 680(t5)
core   0: 3 0x80009d5c (0x2a3f2423) mem 0x80010000 0x00000001
core   0: 0x80009d60 (0xff9ff06f) j       pc - 0x8
core   0: 3 0x80009d60 (0xff9ff06f)
core   0: 0x80009d58 (0x00006f17) auipc   t5, 0x6
core   0: 3 0x80009d58 (0x00006f17) x30 0x8000fd58
core   0: 0x80009d5c (0x2a3f2423) sw      gp, 680(t5)
core   0: 3 0x80009d5c (0x2a3f2423) mem 0x80010000 0x00000001
core   0: 0x80009d60 (0xff9ff06f) j       pc - 0x8
core   0: 3 0x80009d60 (0xff9ff06f)
core   0: 0x80009d58 (0x00006f17) auipc   t5, 0x6
core   0: 3 0x80009d58 (0x00006f17) x30 0x8000fd58
core   0: 0x80009d5c (0x2a3f2423) sw      gp, 680(t5)
core   0: 3 0x80009d5c (0x2a3f2423) mem 0x80010000 0x00000001
core   0: 0x80009d60 (0xff9ff06f) j       pc - 0x8
core   0: 3 0x80009d60 (0xff9ff06f)
core   0: 0x80009d58 (0x00006f17) auipc   t5, 0x6
core   0: 3 0x80009d58 (0x00006f17) x30 0x8000fd58
core   0: 0x80009d5c (0x2a3f2423) sw      gp, 680(t5)
core   0: 3 0x80009d5c (0x2a3f2423) mem 0x80010000 0x00000001
core   0: 0x80009d60 (0xff9ff06f) j       pc - 0x8
core   0: 3 0x80009d60 (0xff9ff06f)
core   0: 0x80009d58 (0x00006f17) auipc   t5, 0x6
core   0: 3 0x80009d58 (0x00006f17) x30 0x8000fd58
core   0: 0x80009d5c (0x2a3f2423) sw      gp, 680(t5)
core   0: 3 0x80009d5c (0x2a3f2423) mem 0x80010000 0x00000001
core   0: 0x80009d60 (0xff9ff06f) j       pc - 0x8
core   0: 3 0x80009d60 (0xff9ff06f)
core   0: 0x80009d58 (0x00006f17) auipc   t5, 0x6
core   0: 3 0x80009d58 (0x00006f17) x30 0x8000fd58
core   0: 0x80009d5c (0x2a3f2423) sw      gp, 680(t5)
core   0: 3 0x80009d5c (0x2a3f2423) mem 0x80010000 0x00000001
core   0: 0x80009d60 (0xff9ff06f) j       pc - 0x8
core   0: 3 0x80009d60 (0xff9ff06f)
core   0: 0x80009d58 (0x00006f17) auipc   t5, 0x6
core   0: 3 0x80009d58 (0x00006f17) x30 0x8000fd58
core   0: 0x80009d5c (0x2a3f2423) sw      gp, 680(t5)
core   0: 3 0x80009d5c (0x2a3f2423) mem 0x80010000 0x00000001
core   0: 0x80009d60 (0xff9ff06f) j       pc - 0x8
core   0: 3 0x80009d60 (0xff9ff06f)
core   0: 0x80009d58 (0x00006f17) auipc   t5, 0x6
core   0: 3 0x80009d58 (0x00006f17) x30 0x8000fd58
core   0: 0x80009d5c (0x2a3f2423) sw      gp, 680(t5)
core   0: 3 0x80009d5c (0x2a3f2423) mem 0x80010000 0x00000001
core   0: 0x80009d60 (0xff9ff06f) j       pc - 0x8
core   0: 3 0x80009d60 (0xff9ff06f)
core   0: 0x80009d58 (0x00006f17) auipc   t5, 0x6
core   0: 3 0x80009d58 (0x00006f17) x30 0x8000fd58
core   0: 0x80009d5c (0x2a3f2423) sw      gp, 680(t5)
core   0: 3 0x80009d5c (0x2a3f2423) mem 0x80010000 0x00000001
core   0: 0x80009d60 (0xff9ff06f) j       pc - 0x8
core   0: 3 0x80009d60 (0xff9ff06f)
core   0: 0x80009d58 (0x00006f17) auipc   t5, 0x6
core   0: 3 0x80009d58 (0x00006f17) x30 0x8000fd58
core   0: 0x80009d5c (0x2a3f2423) sw      gp, 680(t5)
core   0: 3 0x80009d5c (0x2a3f2423) mem 0x80010000 0x00000001
core   0: 0x80009d60 (0xff9ff06f) j       pc - 0x8
core   0: 3 0x80009d60 (0xff9ff06f)
core   0: 0x80009d58 (0x00006f17) auipc   t5, 0x6
core   0: 3 0x80009d58 (0x00006f17) x30 0x8000fd58
core   0: 0x80009d5c (0x2a3f2423) sw      gp, 680(t5)
core   0: 3 0x80009d5c (0x2a3f2423) mem 0x80010000 0x00000001
core   0: 0x80009d60 (0xff9ff06f) j       pc - 0x8
core   0: 3 0x80009d60 (0xff9ff06f)
core   0: 0x80009d58 (0x00006f17) auipc   t5, 0x6
core   0: 3 0x80009d58 (0x00006f17) x30 0x8000fd58
core   0: 0x80009d5c (0x2a3f2423) sw      gp, 680(t5)
core   0: 3 0x80009d5c (0x2a3f2423) mem 0x80010000 0x00000001
core   0: 0x80009d60 (0xff9ff06f) j       pc - 0x8
core   0: 3 0x80009d60 (0xff9ff06f)
core   0: 0x80009d58 (0x00006f17) auipc   t5, 0x6
core   0: 3 0x80009d58 (0x00006f17) x30 0x8000fd58
core   0: 0x80009d5c (0x2a3f2423) sw      gp, 680(t5)
core   0: 3 0x80009d5c (0x2a3f2423) mem 0x80010000 0x00000001
core   0: 0x80009d60 (0xff9ff06f) j       pc - 0x8
core   0: 3 0x80009d60 (0xff9ff06f)
core   0: 0x80009d58 (0x00006f17) auipc   t5, 0x6
core   0: 3 0x80009d58 (0x00006f17) x30 0x8000fd58
core   0: 0x80009d5c (0x2a3f2423) sw      gp, 680(t5)
core   0: 3 0x80009d5c (0x2a3f2423) mem 0x80010000 0x00000001
core   0: 0x80009d60 (0xff9ff06f) j       pc - 0x8
core   0: 3 0x80009d60 (0xff9ff06f)
core   0: 0x80009d58 (0x00006f17) auipc   t5, 0x6
core   0: 3 0x80009d58 (0x00006f17) x30 0x8000fd58
core   0: 0x80009d5c (0x2a3f2423) sw      gp, 680(t5)
core   0: 3 0x80009d5c (0x2a3f2423) mem 0x80010000 0x00000001
core   0: 0x80009d60 (0xff9ff06f) j       pc - 0x8
core   0: 3 0x80009d60 (0xff9ff06f)
core   0: 0x80009d58 (0x00006f17) auipc   t5, 0x6
core   0: 3 0x80009d58 (0x00006f17) x30 0x8000fd58
core   0: 0x80009d5c (0x2a3f2423) sw      gp, 680(t5)
core   0: 3 0x80009d5c (0x2a3f2423) mem 0x80010000 0x00000001
core   0: 0x80009d60 (0xff9ff06f) j       pc - 0x8
core   0: 3 0x80009d60 (0xff9ff06f)
core   0: 0x80009d58 (0x00006f17) auipc   t5, 0x6
core   0: 3 0x80009d58 (0x00006f17) x30 0x8000fd58
core   0: 0x80009d5c (0x2a3f2423) sw      gp, 680(t5)
core   0: 3 0x80009d5c (0x2a3f2423) mem 0x80010000 0x00000001
core   0: 0x80009d60 (0xff9ff06f) j       pc - 0x8
core   0: 3 0x80009d60 (0xff9ff06f)
core   0: 0x80009d58 (0x00006f17) auipc   t5, 0x6
core   0: 3 0x80009d58 (0x00006f17) x30 0x8000fd58
core   0: 0x80009d5c (0x2a3f2423) sw      gp, 680(t5)
core   0: 3 0x80009d5c (0x2a3f2423) mem 0x80010000 0x00000001
core   0: 0x80009d60 (0xff9ff06f) j       pc - 0x8
core   0: 3 0x80009d60 (0xff9ff06f)
core   0: 0x80009d58 (0x00006f17) auipc   t5, 0x6
core   0: 3 0x80009d58 (0x00006f17) x30 0x8000fd58
core   0: 0x80009d5c (0x2a3f2423) sw      gp, 680(t5)
core   0: 3 0x80009d5c (0x2a3f2423) mem 0x80010000 0x00000001
core   0: 0x80009d60 (0xff9ff06f) j       pc - 0x8
core   0: 3 0x80009d60 (0xff9ff06f)
core   0: 0x80009d58 (0x00006f17) auipc   t5, 0x6
core   0: 3 0x80009d58 (0x00006f17) x30 0x8000fd58
core   0: 0x80009d5c (0x2a3f2423) sw      gp, 680(t5)
core   0: 3 0x80009d5c (0x2a3f2423) mem 0x80010000 0x00000001
core   0: 0x80009d60 (0xff9ff06f) j       pc - 0x8
core   0: 3 0x80009d60 (0xff9ff06f)
core   0: 0x80009d58 (0x00006f17) auipc   t5, 0x6
core   0: 3 0x80009d58 (0x00006f17) x30 0x8000fd58
core   0: 0x80009d5c (0x2a3f2423) sw      gp, 680(t5)
core   0: 3 0x80009d5c (0x2a3f2423) mem 0x80010000 0x00000001
core   0: 0x80009d60 (0xff9ff06f) j       pc - 0x8
core   0: 3 0x80009d60 (0xff9ff06f)
core   0: 0x80009d58 (0x00006f17) auipc   t5, 0x6
core   0: 3 0x80009d58 (0x00006f17) x30 0x8000fd58
core   0: 0x80009d5c (0x2a3f2423) sw      gp, 680(t5)
core   0: 3 0x80009d5c (0x2a3f2423) mem 0x80010000 0x00000001
core   0: 0x80009d60 (0xff9ff06f) j       pc - 0x8
core   0: 3 0x80009d60 (0xff9ff06f)
core   0: 0x80009d58 (0x00006f17) auipc   t5, 0x6
core   0: 3 0x80009d58 (0x00006f17) x30 0x8000fd58
core   0: 0x80009d5c (0x2a3f2423) sw      gp, 680(t5)
core   0: 3 0x80009d5c (0x2a3f2423) mem 0x80010000 0x00000001
core   0: 0x80009d60 (0xff9ff06f) j       pc - 0x8
core   0: 3 0x80009d60 (0xff9ff06f)
core   0: 0x80009d58 (0x00006f17) auipc   t5, 0x6
core   0: 3 0x80009d58 (0x00006f17) x30 0x8000fd58
core   0: 0x80009d5c (0x2a3f2423) sw      gp, 680(t5)
core   0: 3 0x80009d5c (0x2a3f2423) mem 0x80010000 0x00000001
core   0: 0x80009d60 (0xff9ff06f) j       pc - 0x8
core   0: 3 0x80009d60 (0xff9ff06f)
core   0: 0x80009d58 (0x00006f17) auipc   t5, 0x6
core   0: 3 0x80009d58 (0x00006f17) x30 0x8000fd58
core   0: 0x80009d5c (0x2a3f2423) sw      gp, 680(t5)
core   0: 3 0x80009d5c (0x2a3f2423) mem 0x80010000 0x00000001
core   0: 0x80009d60 (0xff9ff06f) j       pc - 0x8
core   0: 3 0x80009d60 (0xff9ff06f)
core   0: 0x80009d58 (0x00006f17) auipc   t5, 0x6
core   0: 3 0x80009d58 (0x00006f17) x30 0x8000fd58
core   0: 0x80009d5c (0x2a3f2423) sw      gp, 680(t5)
core   0: 3 0x80009d5c (0x2a3f2423) mem 0x80010000 0x00000001
core   0: 0x80009d60 (0xff9ff06f) j       pc - 0x8
core   0: 3 0x80009d60 (0xff9ff06f)
core   0: 0x80009d58 (0x00006f17) auipc   t5, 0x6
core   0: 3 0x80009d58 (0x00006f17) x30 0x8000fd58
core   0: 0x80009d5c (0x2a3f2423) sw      gp, 680(t5)
core   0: 3 0x80009d5c (0x2a3f2423) mem 0x80010000 0x00000001
core   0: 0x80009d60 (0xff9ff06f) j       pc - 0x8
core   0: 3 0x80009d60 (0xff9ff06f)
core   0: 0x80009d58 (0x00006f17) auipc   t5, 0x6
core   0: 3 0x80009d58 (0x00006f17) x30 0x8000fd58
core   0: 0x80009d5c (0x2a3f2423) sw      gp, 680(t5)
core   0: 3 0x80009d5c (0x2a3f2423) mem 0x80010000 0x00000001
core   0: 0x80009d60 (0xff9ff06f) j       pc - 0x8
core   0: 3 0x80009d60 (0xff9ff06f)
core   0: 0x80009d58 (0x00006f17) auipc   t5, 0x6
core   0: 3 0x80009d58 (0x00006f17) x30 0x8000fd58
core   0: 0x80009d5c (0x2a3f2423) sw      gp, 680(t5)
core   0: 3 0x80009d5c (0x2a3f2423) mem 0x80010000 0x00000001
core   0: 0x80009d60 (0xff9ff06f) j       pc - 0x8
core   0: 3 0x80009d60 (0xff9ff06f)
core   0: 0x80009d58 (0x00006f17) auipc   t5, 0x6
core   0: 3 0x80009d58 (0x00006f17) x30 0x8000fd58
core   0: 0x80009d5c (0x2a3f2423) sw      gp, 680(t5)
core   0: 3 0x80009d5c (0x2a3f2423) mem 0x80010000 0x00000001
core   0: 0x80009d60 (0xff9ff06f) j       pc - 0x8
core   0: 3 0x80009d60 (0xff9ff06f)
core   0: 0x80009d58 (0x00006f17) auipc   t5, 0x6
core   0: 3 0x80009d58 (0x00006f17) x30 0x8000fd58
core   0: 0x80009d5c (0x2a3f2423) sw      gp, 680(t5)
core   0: 3 0x80009d5c (0x2a3f2423) mem 0x80010000 0x00000001
core   0: 0x80009d60 (0xff9ff06f) j       pc - 0x8
core   0: 3 0x80009d60 (0xff9ff06f)
core   0: 0x80009d58 (0x00006f17) auipc   t5, 0x6
core   0: 3 0x80009d58 (0x00006f17) x30 0x8000fd58
core   0: 0x80009d5c (0x2a3f2423) sw      gp, 680(t5)
core   0: 3 0x80009d5c (0x2a3f2423) mem 0x80010000 0x00000001
core   0: 0x80009d60 (0xff9ff06f) j       pc - 0x8
core   0: 3 0x80009d60 (0xff9ff06f)
core   0: 0x80009d58 (0x00006f17) auipc   t5, 0x6
core   0: 3 0x80009d58 (0x00006f17) x30 0x8000fd58
core   0: 0x80009d5c (0x2a3f2423) sw      gp, 680(t5)
core   0: 3 0x80009d5c (0x2a3f2423) mem 0x80010000 0x00000001
core   0: 0x80009d60 (0xff9ff06f) j       pc - 0x8
core   0: 3 0x80009d60 (0xff9ff06f)
core   0: 0x80009d58 (0x00006f17) auipc   t5, 0x6
core   0: 3 0x80009d58 (0x00006f17) x30 0x8000fd58
core   0: 0x80009d5c (0x2a3f2423) sw      gp, 680(t5)
core   0: 3 0x80009d5c (0x2a3f2423) mem 0x80010000 0x00000001
core   0: 0x80009d60 (0xff9ff06f) j       pc - 0x8
core   0: 3 0x80009d60 (0xff9ff06f)
core   0: 0x80009d58 (0x00006f17) auipc   t5, 0x6
core   0: 3 0x80009d58 (0x00006f17) x30 0x8000fd58
core   0: 0x80009d5c (0x2a3f2423) sw      gp, 680(t5)
core   0: 3 0x80009d5c (0x2a3f2423) mem 0x80010000 0x00000001
core   0: 0x80009d60 (0xff9ff06f) j       pc - 0x8
core   0: 3 0x80009d60 (0xff9ff06f)
core   0: 0x80009d58 (0x00006f17) auipc   t5, 0x6
core   0: 3 0x80009d58 (0x00006f17) x30 0x8000fd58
core   0: 0x80009d5c (0x2a3f2423) sw      gp, 680(t5)
core   0: 3 0x80009d5c (0x2a3f2423) mem 0x80010000 0x00000001
core   0: 0x80009d60 (0xff9ff06f) j       pc - 0x8
core   0: 3 0x80009d60 (0xff9ff06f)
core   0: 0x80009d58 (0x00006f17) auipc   t5, 0x6
core   0: 3 0x80009d58 (0x00006f17) x30 0x8000fd58
core   0: 0x80009d5c (0x2a3f2423) sw      gp, 680(t5)
core   0: 3 0x80009d5c (0x2a3f2423) mem 0x80010000 0x00000001
core   0: 0x80009d60 (0xff9ff06f) j       pc - 0x8
core   0: 3 0x80009d60 (0xff9ff06f)
core   0: 0x80009d58 (0x00006f17) auipc   t5, 0x6
core   0: 3 0x80009d58 (0x00006f17) x30 0x8000fd58
core   0: 0x80009d5c (0x2a3f2423) sw      gp, 680(t5)
core   0: 3 0x80009d5c (0x2a3f2423) mem 0x80010000 0x00000001
core   0: 0x80009d60 (0xff9ff06f) j       pc - 0x8
core   0: 3 0x80009d60 (0xff9ff06f)
core   0: 0x80009d58 (0x00006f17) auipc   t5, 0x6
core   0: 3 0x80009d58 (0x00006f17) x30 0x8000fd58
core   0: 0x80009d5c (0x2a3f2423) sw      gp, 680(t5)
core   0: 3 0x80009d5c (0x2a3f2423) mem 0x80010000 0x00000001
core   0: 0x80009d60 (0xff9ff06f) j       pc - 0x8
core   0: 3 0x80009d60 (0xff9ff06f)
core   0: 0x80009d58 (0x00006f17) auipc   t5, 0x6
core   0: 3 0x80009d58 (0x00006f17) x30 0x8000fd58
core   0: 0x80009d5c (0x2a3f2423) sw      gp, 680(t5)
core   0: 3 0x80009d5c (0x2a3f2423) mem 0x80010000 0x00000001
core   0: 0x80009d60 (0xff9ff06f) j       pc - 0x8
core   0: 3 0x80009d60 (0xff9ff06f)
core   0: 0x80009d58 (0x00006f17) auipc   t5, 0x6
core   0: 3 0x80009d58 (0x00006f17) x30 0x8000fd58
core   0: 0x80009d5c (0x2a3f2423) sw      gp, 680(t5)
core   0: 3 0x80009d5c (0x2a3f2423) mem 0x80010000 0x00000001
core   0: 0x80009d60 (0xff9ff06f) j       pc - 0x8
core   0: 3 0x80009d60 (0xff9ff06f)
core   0: 0x80009d58 (0x00006f17) auipc   t5, 0x6
core   0: 3 0x80009d58 (0x00006f17) x30 0x8000fd58
core   0: 0x80009d5c (0x2a3f2423) sw      gp, 680(t5)
core   0: 3 0x80009d5c (0x2a3f2423) mem 0x80010000 0x00000001
core   0: 0x80009d60 (0xff9ff06f) j       pc - 0x8
core   0: 3 0x80009d60 (0xff9ff06f)
core   0: 0x80009d58 (0x00006f17) auipc   t5, 0x6
core   0: 3 0x80009d58 (0x00006f17) x30 0x8000fd58
core   0: 0x80009d5c (0x2a3f2423) sw      gp, 680(t5)
core   0: 3 0x80009d5c (0x2a3f2423) mem 0x80010000 0x00000001
core   0: 0x80009d60 (0xff9ff06f) j       pc - 0x8
core   0: 3 0x80009d60 (0xff9ff06f)
core   0: 0x80009d58 (0x00006f17) auipc   t5, 0x6
core   0: 3 0x80009d58 (0x00006f17) x30 0x8000fd58
core   0: 0x80009d5c (0x2a3f2423) sw      gp, 680(t5)
core   0: 3 0x80009d5c (0x2a3f2423) mem 0x80010000 0x00000001
core   0: 0x80009d60 (0xff9ff06f) j       pc - 0x8
core   0: 3 0x80009d60 (0xff9ff06f)
core   0: 0x80009d58 (0x00006f17) auipc   t5, 0x6
core   0: 3 0x80009d58 (0x00006f17) x30 0x8000fd58
core   0: 0x80009d5c (0x2a3f2423) sw      gp, 680(t5)
core   0: 3 0x80009d5c (0x2a3f2423) mem 0x80010000 0x00000001
core   0: 0x80009d60 (0xff9ff06f) j       pc - 0x8
core   0: 3 0x80009d60 (0xff9ff06f)
core   0: 0x80009d58 (0x00006f17) auipc   t5, 0x6
core   0: 3 0x80009d58 (0x00006f17) x30 0x8000fd58
core   0: 0x80009d5c (0x2a3f2423) sw      gp, 680(t5)
core   0: 3 0x80009d5c (0x2a3f2423) mem 0x80010000 0x00000001
core   0: 0x80009d60 (0xff9ff06f) j       pc - 0x8
core   0: 3 0x80009d60 (0xff9ff06f)
core   0: 0x80009d58 (0x00006f17) auipc   t5, 0x6
core   0: 3 0x80009d58 (0x00006f17) x30 0x8000fd58
core   0: 0x80009d5c (0x2a3f2423) sw      gp, 680(t5)
core   0: 3 0x80009d5c (0x2a3f2423) mem 0x80010000 0x00000001
core   0: 0x80009d60 (0xff9ff06f) j       pc - 0x8
core   0: 3 0x80009d60 (0xff9ff06f)
core   0: 0x80009d58 (0x00006f17) auipc   t5, 0x6
core   0: 3 0x80009d58 (0x00006f17) x30 0x8000fd58
core   0: 0x80009d5c (0x2a3f2423) sw      gp, 680(t5)
core   0: 3 0x80009d5c (0x2a3f2423) mem 0x80010000 0x00000001
core   0: 0x80009d60 (0xff9ff06f) j       pc - 0x8
core   0: 3 0x80009d60 (0xff9ff06f)
core   0: 0x80009d58 (0x00006f17) auipc   t5, 0x6
core   0: 3 0x80009d58 (0x00006f17) x30 0x8000fd58
core   0: 0x80009d5c (0x2a3f2423) sw      gp, 680(t5)
core   0: 3 0x80009d5c (0x2a3f2423) mem 0x80010000 0x00000001
core   0: 0x80009d60 (0xff9ff06f) j       pc - 0x8
core   0: 3 0x80009d60 (0xff9ff06f)
core   0: 0x80009d58 (0x00006f17) auipc   t5, 0x6
core   0: 3 0x80009d58 (0x00006f17) x30 0x8000fd58
core   0: 0x80009d5c (0x2a3f2423) sw      gp, 680(t5)
core   0: 3 0x80009d5c (0x2a3f2423) mem 0x80010000 0x00000001
core   0: 0x80009d60 (0xff9ff06f) j       pc - 0x8
core   0: 3 0x80009d60 (0xff9ff06f)
core   0: 0x80009d58 (0x00006f17) auipc   t5, 0x6
core   0: 3 0x80009d58 (0x00006f17) x30 0x8000fd58
core   0: 0x80009d5c (0x2a3f2423) sw      gp, 680(t5)
core   0: 3 0x80009d5c (0x2a3f2423) mem 0x80010000 0x00000001
core   0: 0x80009d60 (0xff9ff06f) j       pc - 0x8
core   0: 3 0x80009d60 (0xff9ff06f)
core   0: 0x80009d58 (0x00006f17) auipc   t5, 0x6
core   0: 3 0x80009d58 (0x00006f17) x30 0x8000fd58
core   0: 0x80009d5c (0x2a3f2423) sw      gp, 680(t5)
core   0: 3 0x80009d5c (0x2a3f2423) mem 0x80010000 0x00000001
core   0: 0x80009d60 (0xff9ff06f) j       pc - 0x8
core   0: 3 0x80009d60 (0xff9ff06f)
core   0: 0x80009d58 (0x00006f17) auipc   t5, 0x6
core   0: 3 0x80009d58 (0x00006f17) x30 0x8000fd58
core   0: 0x80009d5c (0x2a3f2423) sw      gp, 680(t5)
core   0: 3 0x80009d5c (0x2a3f2423) mem 0x80010000 0x00000001
core   0: 0x80009d60 (0xff9ff06f) j       pc - 0x8
core   0: 3 0x80009d60 (0xff9ff06f)
core   0: 0x80009d58 (0x00006f17) auipc   t5, 0x6
core   0: 3 0x80009d58 (0x00006f17) x30 0x8000fd58
core   0: 0x80009d5c (0x2a3f2423) sw      gp, 680(t5)
core   0: 3 0x80009d5c (0x2a3f2423) mem 0x80010000 0x00000001
core   0: 0x80009d60 (0xff9ff06f) j       pc - 0x8
core   0: 3 0x80009d60 (0xff9ff06f)
core   0: 0x80009d58 (0x00006f17) auipc   t5, 0x6
core   0: 3 0x80009d58 (0x00006f17) x30 0x8000fd58
core   0: 0x80009d5c (0x2a3f2423) sw      gp, 680(t5)
core   0: 3 0x80009d5c (0x2a3f2423) mem 0x80010000 0x00000001
core   0: 0x80009d60 (0xff9ff06f) j       pc - 0x8
core   0: 3 0x80009d60 (0xff9ff06f)
core   0: 0x80009d58 (0x00006f17) auipc   t5, 0x6
core   0: 3 0x80009d58 (0x00006f17) x30 0x8000fd58
core   0: 0x80009d5c (0x2a3f2423) sw      gp, 680(t5)
core   0: 3 0x80009d5c (0x2a3f2423) mem 0x80010000 0x00000001
core   0: 0x80009d60 (0xff9ff06f) j       pc - 0x8
core   0: 3 0x80009d60 (0xff9ff06f)
core   0: 0x80009d58 (0x00006f17) auipc   t5, 0x6
core   0: 3 0x80009d58 (0x00006f17) x30 0x8000fd58
core   0: 0x80009d5c (0x2a3f2423) sw      gp, 680(t5)
core   0: 3 0x80009d5c (0x2a3f2423) mem 0x80010000 0x00000001
core   0: 0x80009d60 (0xff9ff06f) j       pc - 0x8
core   0: 3 0x80009d60 (0xff9ff06f)
core   0: 0x80009d58 (0x00006f17) auipc   t5, 0x6
core   0: 3 0x80009d58 (0x00006f17) x30 0x8000fd58
core   0: 0x80009d5c (0x2a3f2423) sw      gp, 680(t5)
core   0: 3 0x80009d5c (0x2a3f2423) mem 0x80010000 0x00000001
core   0: 0x80009d60 (0xff9ff06f) j       pc - 0x8
core   0: 3 0x80009d60 (0xff9ff06f)
core   0: 0x80009d58 (0x00006f17) auipc   t5, 0x6
core   0: 3 0x80009d58 (0x00006f17) x30 0x8000fd58
core   0: 0x80009d5c (0x2a3f2423) sw      gp, 680(t5)
core   0: 3 0x80009d5c (0x2a3f2423) mem 0x80010000 0x00000001
core   0: 0x80009d60 (0xff9ff06f) j       pc - 0x8
core   0: 3 0x80009d60 (0xff9ff06f)
core   0: 0x80009d58 (0x00006f17) auipc   t5, 0x6
core   0: 3 0x80009d58 (0x00006f17) x30 0x8000fd58
core   0: 0x80009d5c (0x2a3f2423) sw      gp, 680(t5)
core   0: 3 0x80009d5c (0x2a3f2423) mem 0x80010000 0x00000001
core   0: 0x80009d60 (0xff9ff06f) j       pc - 0x8
core   0: 3 0x80009d60 (0xff9ff06f)
core   0: 0x80009d58 (0x00006f17) auipc   t5, 0x6
core   0: 3 0x80009d58 (0x00006f17) x30 0x8000fd58
core   0: 0x80009d5c (0x2a3f2423) sw      gp, 680(t5)
core   0: 3 0x80009d5c (0x2a3f2423) mem 0x80010000 0x00000001
core   0: 0x80009d60 (0xff9ff06f) j       pc - 0x8
core   0: 3 0x80009d60 (0xff9ff06f)
core   0: 0x80009d58 (0x00006f17) auipc   t5, 0x6
core   0: 3 0x80009d58 (0x00006f17) x30 0x8000fd58
core   0: 0x80009d5c (0x2a3f2423) sw      gp, 680(t5)
core   0: 3 0x80009d5c (0x2a3f2423) mem 0x80010000 0x00000001
core   0: 0x80009d60 (0xff9ff06f) j       pc - 0x8
core   0: 3 0x80009d60 (0xff9ff06f)
core   0: 0x80009d58 (0x00006f17) auipc   t5, 0x6
core   0: 3 0x80009d58 (0x00006f17) x30 0x8000fd58
core   0: 0x80009d5c (0x2a3f2423) sw      gp, 680(t5)
core   0: 3 0x80009d5c (0x2a3f2423) mem 0x80010000 0x00000001
core   0: 0x80009d60 (0xff9ff06f) j       pc - 0x8
core   0: 3 0x80009d60 (0xff9ff06f)
core   0: 0x80009d58 (0x00006f17) auipc   t5, 0x6
core   0: 3 0x80009d58 (0x00006f17) x30 0x8000fd58
core   0: 0x80009d5c (0x2a3f2423) sw      gp, 680(t5)
core   0: 3 0x80009d5c (0x2a3f2423) mem 0x80010000 0x00000001
core   0: 0x80009d60 (0xff9ff06f) j       pc - 0x8
core   0: 3 0x80009d60 (0xff9ff06f)
core   0: 0x80009d58 (0x00006f17) auipc   t5, 0x6
core   0: 3 0x80009d58 (0x00006f17) x30 0x8000fd58
core   0: 0x80009d5c (0x2a3f2423) sw      gp, 680(t5)
core   0: 3 0x80009d5c (0x2a3f2423) mem 0x80010000 0x00000001
core   0: 0x80009d60 (0xff9ff06f) j       pc - 0x8
core   0: 3 0x80009d60 (0xff9ff06f)
core   0: 0x80009d58 (0x00006f17) auipc   t5, 0x6
core   0: 3 0x80009d58 (0x00006f17) x30 0x8000fd58
core   0: 0x80009d5c (0x2a3f2423) sw      gp, 680(t5)
core   0: 3 0x80009d5c (0x2a3f2423) mem 0x80010000 0x00000001
core   0: 0x80009d60 (0xff9ff06f) j       pc - 0x8
core   0: 3 0x80009d60 (0xff9ff06f)
core   0: 0x80009d58 (0x00006f17) auipc   t5, 0x6
core   0: 3 0x80009d58 (0x00006f17) x30 0x8000fd58
core   0: 0x80009d5c (0x2a3f2423) sw      gp, 680(t5)
core   0: 3 0x80009d5c (0x2a3f2423) mem 0x80010000 0x00000001
core   0: 0x80009d60 (0xff9ff06f) j       pc - 0x8
core   0: 3 0x80009d60 (0xff9ff06f)
core   0: 0x80009d58 (0x00006f17) auipc   t5, 0x6
core   0: 3 0x80009d58 (0x00006f17) x30 0x8000fd58
core   0: 0x80009d5c (0x2a3f2423) sw      gp, 680(t5)
core   0: 3 0x80009d5c (0x2a3f2423) mem 0x80010000 0x00000001
core   0: 0x80009d60 (0xff9ff06f) j       pc - 0x8
core   0: 3 0x80009d60 (0xff9ff06f)
core   0: 0x80009d58 (0x00006f17) auipc   t5, 0x6
core   0: 3 0x80009d58 (0x00006f17) x30 0x8000fd58
core   0: 0x80009d5c (0x2a3f2423) sw      gp, 680(t5)
core   0: 3 0x80009d5c (0x2a3f2423) mem 0x80010000 0x00000001
core   0: 0x80009d60 (0xff9ff06f) j       pc - 0x8
core   0: 3 0x80009d60 (0xff9ff06f)
core   0: 0x80009d58 (0x00006f17) auipc   t5, 0x6
core   0: 3 0x80009d58 (0x00006f17) x30 0x8000fd58
core   0: 0x80009d5c (0x2a3f2423) sw      gp, 680(t5)
core   0: 3 0x80009d5c (0x2a3f2423) mem 0x80010000 0x00000001
core   0: 0x80009d60 (0xff9ff06f) j       pc - 0x8
core   0: 3 0x80009d60 (0xff9ff06f)
core   0: 0x80009d58 (0x00006f17) auipc   t5, 0x6
core   0: 3 0x80009d58 (0x00006f17) x30 0x8000fd58
core   0: 0x80009d5c (0x2a3f2423) sw      gp, 680(t5)
core   0: 3 0x80009d5c (0x2a3f2423) mem 0x80010000 0x00000001
core   0: 0x80009d60 (0xff9ff06f) j       pc - 0x8
core   0: 3 0x80009d60 (0xff9ff06f)
core   0: 0x80009d58 (0x00006f17) auipc   t5, 0x6
core   0: 3 0x80009d58 (0x00006f17) x30 0x8000fd58
core   0: 0x80009d5c (0x2a3f2423) sw      gp, 680(t5)
core   0: 3 0x80009d5c (0x2a3f2423) mem 0x80010000 0x00000001
core   0: 0x80009d60 (0xff9ff06f) j       pc - 0x8
core   0: 3 0x80009d60 (0xff9ff06f)
core   0: 0x80009d58 (0x00006f17) auipc   t5, 0x6
core   0: 3 0x80009d58 (0x00006f17) x30 0x8000fd58
core   0: 0x80009d5c (0x2a3f2423) sw      gp, 680(t5)
core   0: 3 0x80009d5c (0x2a3f2423) mem 0x80010000 0x00000001
core   0: 0x80009d60 (0xff9ff06f) j       pc - 0x8
core   0: 3 0x80009d60 (0xff9ff06f)
core   0: 0x80009d58 (0x00006f17) auipc   t5, 0x6
core   0: 3 0x80009d58 (0x00006f17) x30 0x8000fd58
core   0: 0x80009d5c (0x2a3f2423) sw      gp, 680(t5)
core   0: 3 0x80009d5c (0x2a3f2423) mem 0x80010000 0x00000001
core   0: 0x80009d60 (0xff9ff06f) j       pc - 0x8
core   0: 3 0x80009d60 (0xff9ff06f)
core   0: 0x80009d58 (0x00006f17) auipc   t5, 0x6
core   0: 3 0x80009d58 (0x00006f17) x30 0x8000fd58
core   0: 0x80009d5c (0x2a3f2423) sw      gp, 680(t5)
core   0: 3 0x80009d5c (0x2a3f2423) mem 0x80010000 0x00000001
core   0: 0x80009d60 (0xff9ff06f) j       pc - 0x8
core   0: 3 0x80009d60 (0xff9ff06f)
core   0: 0x80009d58 (0x00006f17) auipc   t5, 0x6
core   0: 3 0x80009d58 (0x00006f17) x30 0x8000fd58
core   0: 0x80009d5c (0x2a3f2423) sw      gp, 680(t5)
core   0: 3 0x80009d5c (0x2a3f2423) mem 0x80010000 0x00000001
core   0: 0x80009d60 (0xff9ff06f) j       pc - 0x8
core   0: 3 0x80009d60 (0xff9ff06f)
core   0: 0x80009d58 (0x00006f17) auipc   t5, 0x6
core   0: 3 0x80009d58 (0x00006f17) x30 0x8000fd58
core   0: 0x80009d5c (0x2a3f2423) sw      gp, 680(t5)
core   0: 3 0x80009d5c (0x2a3f2423) mem 0x80010000 0x00000001
core   0: 0x80009d60 (0xff9ff06f) j       pc - 0x8
core   0: 3 0x80009d60 (0xff9ff06f)
core   0: 0x80009d58 (0x00006f17) auipc   t5, 0x6
core   0: 3 0x80009d58 (0x00006f17) x30 0x8000fd58
core   0: 0x80009d5c (0x2a3f2423) sw      gp, 680(t5)
core   0: 3 0x80009d5c (0x2a3f2423) mem 0x80010000 0x00000001
core   0: 0x80009d60 (0xff9ff06f) j       pc - 0x8
core   0: 3 0x80009d60 (0xff9ff06f)
core   0: 0x80009d58 (0x00006f17) auipc   t5, 0x6
core   0: 3 0x80009d58 (0x00006f17) x30 0x8000fd58
core   0: 0x80009d5c (0x2a3f2423) sw      gp, 680(t5)
core   0: 3 0x80009d5c (0x2a3f2423) mem 0x80010000 0x00000001
core   0: 0x80009d60 (0xff9ff06f) j       pc - 0x8
core   0: 3 0x80009d60 (0xff9ff06f)
core   0: 0x80009d58 (0x00006f17) auipc   t5, 0x6
core   0: 3 0x80009d58 (0x00006f17) x30 0x8000fd58
core   0: 0x80009d5c (0x2a3f2423) sw      gp, 680(t5)
core   0: 3 0x80009d5c (0x2a3f2423) mem 0x80010000 0x00000001
core   0: 0x80009d60 (0xff9ff06f) j       pc - 0x8
core   0: 3 0x80009d60 (0xff9ff06f)
core   0: 0x80009d58 (0x00006f17) auipc   t5, 0x6
core   0: 3 0x80009d58 (0x00006f17) x30 0x8000fd58
core   0: 0x80009d5c (0x2a3f2423) sw      gp, 680(t5)
core   0: 3 0x80009d5c (0x2a3f2423) mem 0x80010000 0x00000001
core   0: 0x80009d60 (0xff9ff06f) j       pc - 0x8
core   0: 3 0x80009d60 (0xff9ff06f)
core   0: 0x80009d58 (0x00006f17) auipc   t5, 0x6
core   0: 3 0x80009d58 (0x00006f17) x30 0x8000fd58
core   0: 0x80009d5c (0x2a3f2423) sw      gp, 680(t5)
core   0: 3 0x80009d5c (0x2a3f2423) mem 0x80010000 0x00000001
core   0: 0x80009d60 (0xff9ff06f) j       pc - 0x8
core   0: 3 0x80009d60 (0xff9ff06f)
core   0: 0x80009d58 (0x00006f17) auipc   t5, 0x6
core   0: 3 0x80009d58 (0x00006f17) x30 0x8000fd58
core   0: 0x80009d5c (0x2a3f2423) sw      gp, 680(t5)
core   0: 3 0x80009d5c (0x2a3f2423) mem 0x80010000 0x00000001
core   0: 0x80009d60 (0xff9ff06f) j       pc - 0x8
core   0: 3 0x80009d60 (0xff9ff06f)
core   0: 0x80009d58 (0x00006f17) auipc   t5, 0x6
core   0: 3 0x80009d58 (0x00006f17) x30 0x8000fd58
core   0: 0x80009d5c (0x2a3f2423) sw      gp, 680(t5)
core   0: 3 0x80009d5c (0x2a3f2423) mem 0x80010000 0x00000001
core   0: 0x80009d60 (0xff9ff06f) j       pc - 0x8
core   0: 3 0x80009d60 (0xff9ff06f)
core   0: 0x80009d58 (0x00006f17) auipc   t5, 0x6
core   0: 3 0x80009d58 (0x00006f17) x30 0x8000fd58
core   0: 0x80009d5c (0x2a3f2423) sw      gp, 680(t5)
core   0: 3 0x80009d5c (0x2a3f2423) mem 0x80010000 0x00000001
core   0: 0x80009d60 (0xff9ff06f) j       pc - 0x8
core   0: 3 0x80009d60 (0xff9ff06f)
core   0: 0x80009d58 (0x00006f17) auipc   t5, 0x6
core   0: 3 0x80009d58 (0x00006f17) x30 0x8000fd58
core   0: 0x80009d5c (0x2a3f2423) sw      gp, 680(t5)
core   0: 3 0x80009d5c (0x2a3f2423) mem 0x80010000 0x00000001
core   0: 0x80009d60 (0xff9ff06f) j       pc - 0x8
core   0: 3 0x80009d60 (0xff9ff06f)
core   0: 0x80009d58 (0x00006f17) auipc   t5, 0x6
core   0: 3 0x80009d58 (0x00006f17) x30 0x8000fd58
core   0: 0x80009d5c (0x2a3f2423) sw      gp, 680(t5)
core   0: 3 0x80009d5c (0x2a3f2423) mem 0x80010000 0x00000001
core   0: 0x80009d60 (0xff9ff06f) j       pc - 0x8
core   0: 3 0x80009d60 (0xff9ff06f)
core   0: 0x80009d58 (0x00006f17) auipc   t5, 0x6
core   0: 3 0x80009d58 (0x00006f17) x30 0x8000fd58
core   0: 0x80009d5c (0x2a3f2423) sw      gp, 680(t5)
core   0: 3 0x80009d5c (0x2a3f2423) mem 0x80010000 0x00000001
core   0: 0x80009d60 (0xff9ff06f) j       pc - 0x8
core   0: 3 0x80009d60 (0xff9ff06f)
core   0: 0x80009d58 (0x00006f17) auipc   t5, 0x6
core   0: 3 0x80009d58 (0x00006f17) x30 0x8000fd58
core   0: 0x80009d5c (0x2a3f2423) sw      gp, 680(t5)
core   0: 3 0x80009d5c (0x2a3f2423) mem 0x80010000 0x00000001
core   0: 0x80009d60 (0xff9ff06f) j       pc - 0x8
core   0: 3 0x80009d60 (0xff9ff06f)
core   0: 0x80009d58 (0x00006f17) auipc   t5, 0x6
core   0: 3 0x80009d58 (0x00006f17) x30 0x8000fd58
core   0: 0x80009d5c (0x2a3f2423) sw      gp, 680(t5)
core   0: 3 0x80009d5c (0x2a3f2423) mem 0x80010000 0x00000001
core   0: 0x80009d60 (0xff9ff06f) j       pc - 0x8
core   0: 3 0x80009d60 (0xff9ff06f)
core   0: 0x80009d58 (0x00006f17) auipc   t5, 0x6
core   0: 3 0x80009d58 (0x00006f17) x30 0x8000fd58
core   0: 0x80009d5c (0x2a3f2423) sw      gp, 680(t5)
core   0: 3 0x80009d5c (0x2a3f2423) mem 0x80010000 0x00000001
core   0: 0x80009d60 (0xff9ff06f) j       pc - 0x8
core   0: 3 0x80009d60 (0xff9ff06f)
core   0: 0x80009d58 (0x00006f17) auipc   t5, 0x6
core   0: 3 0x80009d58 (0x00006f17) x30 0x8000fd58
core   0: 0x80009d5c (0x2a3f2423) sw      gp, 680(t5)
core   0: 3 0x80009d5c (0x2a3f2423) mem 0x80010000 0x00000001
core   0: 0x80009d60 (0xff9ff06f) j       pc - 0x8
core   0: 3 0x80009d60 (0xff9ff06f)
core   0: 0x80009d58 (0x00006f17) auipc   t5, 0x6
core   0: 3 0x80009d58 (0x00006f17) x30 0x8000fd58
core   0: 0x80009d5c (0x2a3f2423) sw      gp, 680(t5)
core   0: 3 0x80009d5c (0x2a3f2423) mem 0x80010000 0x00000001
core   0: 0x80009d60 (0xff9ff06f) j       pc - 0x8
core   0: 3 0x80009d60 (0xff9ff06f)
core   0: 0x80009d58 (0x00006f17) auipc   t5, 0x6
core   0: 3 0x80009d58 (0x00006f17) x30 0x8000fd58
core   0: 0x80009d5c (0x2a3f2423) sw      gp, 680(t5)
core   0: 3 0x80009d5c (0x2a3f2423) mem 0x80010000 0x00000001
core   0: 0x80009d60 (0xff9ff06f) j       pc - 0x8
core   0: 3 0x80009d60 (0xff9ff06f)
core   0: 0x80009d58 (0x00006f17) auipc   t5, 0x6
core   0: 3 0x80009d58 (0x00006f17) x30 0x8000fd58
core   0: 0x80009d5c (0x2a3f2423) sw      gp, 680(t5)
core   0: 3 0x80009d5c (0x2a3f2423) mem 0x80010000 0x00000001
core   0: 0x80009d60 (0xff9ff06f) j       pc - 0x8
core   0: 3 0x80009d60 (0xff9ff06f)
core   0: 0x80009d58 (0x00006f17) auipc   t5, 0x6
core   0: 3 0x80009d58 (0x00006f17) x30 0x8000fd58
core   0: 0x80009d5c (0x2a3f2423) sw      gp, 680(t5)
core   0: 3 0x80009d5c (0x2a3f2423) mem 0x80010000 0x00000001
core   0: 0x80009d60 (0xff9ff06f) j       pc - 0x8
core   0: 3 0x80009d60 (0xff9ff06f)
core   0: 0x80009d58 (0x00006f17) auipc   t5, 0x6
core   0: 3 0x80009d58 (0x00006f17) x30 0x8000fd58
core   0: 0x80009d5c (0x2a3f2423) sw      gp, 680(t5)
core   0: 3 0x80009d5c (0x2a3f2423) mem 0x80010000 0x00000001
core   0: 0x80009d60 (0xff9ff06f) j       pc - 0x8
core   0: 3 0x80009d60 (0xff9ff06f)
core   0: 0x80009d58 (0x00006f17) auipc   t5, 0x6
core   0: 3 0x80009d58 (0x00006f17) x30 0x8000fd58
core   0: 0x80009d5c (0x2a3f2423) sw      gp, 680(t5)
core   0: 3 0x80009d5c (0x2a3f2423) mem 0x80010000 0x00000001
core   0: 0x80009d60 (0xff9ff06f) j       pc - 0x8
core   0: 3 0x80009d60 (0xff9ff06f)
core   0: 0x80009d58 (0x00006f17) auipc   t5, 0x6
core   0: 3 0x80009d58 (0x00006f17) x30 0x8000fd58
core   0: 0x80009d5c (0x2a3f2423) sw      gp, 680(t5)
core   0: 3 0x80009d5c (0x2a3f2423) mem 0x80010000 0x00000001
core   0: 0x80009d60 (0xff9ff06f) j       pc - 0x8
core   0: 3 0x80009d60 (0xff9ff06f)
core   0: 0x80009d58 (0x00006f17) auipc   t5, 0x6
core   0: 3 0x80009d58 (0x00006f17) x30 0x8000fd58
core   0: 0x80009d5c (0x2a3f2423) sw      gp, 680(t5)
core   0: 3 0x80009d5c (0x2a3f2423) mem 0x80010000 0x00000001
core   0: 0x80009d60 (0xff9ff06f) j       pc - 0x8
core   0: 3 0x80009d60 (0xff9ff06f)
core   0: 0x80009d58 (0x00006f17) auipc   t5, 0x6
core   0: 3 0x80009d58 (0x00006f17) x30 0x8000fd58
core   0: 0x80009d5c (0x2a3f2423) sw      gp, 680(t5)
core   0: 3 0x80009d5c (0x2a3f2423) mem 0x80010000 0x00000001
core   0: 0x80009d60 (0xff9ff06f) j       pc - 0x8
core   0: 3 0x80009d60 (0xff9ff06f)
core   0: 0x80009d58 (0x00006f17) auipc   t5, 0x6
core   0: 3 0x80009d58 (0x00006f17) x30 0x8000fd58
core   0: 0x80009d5c (0x2a3f2423) sw      gp, 680(t5)
core   0: 3 0x80009d5c (0x2a3f2423) mem 0x80010000 0x00000001
core   0: 0x80009d60 (0xff9ff06f) j       pc - 0x8
core   0: 3 0x80009d60 (0xff9ff06f)
core   0: 0x80009d58 (0x00006f17) auipc   t5, 0x6
core   0: 3 0x80009d58 (0x00006f17) x30 0x8000fd58
core   0: 0x80009d5c (0x2a3f2423) sw      gp, 680(t5)
core   0: 3 0x80009d5c (0x2a3f2423) mem 0x80010000 0x00000001
core   0: 0x80009d60 (0xff9ff06f) j       pc - 0x8
core   0: 3 0x80009d60 (0xff9ff06f)
core   0: 0x80009d58 (0x00006f17) auipc   t5, 0x6
core   0: 3 0x80009d58 (0x00006f17) x30 0x8000fd58
core   0: 0x80009d5c (0x2a3f2423) sw      gp, 680(t5)
core   0: 3 0x80009d5c (0x2a3f2423) mem 0x80010000 0x00000001
core   0: 0x80009d60 (0xff9ff06f) j       pc - 0x8
core   0: 3 0x80009d60 (0xff9ff06f)
core   0: 0x80009d58 (0x00006f17) auipc   t5, 0x6
core   0: 3 0x80009d58 (0x00006f17) x30 0x8000fd58
core   0: 0x80009d5c (0x2a3f2423) sw      gp, 680(t5)
core   0: 3 0x80009d5c (0x2a3f2423) mem 0x80010000 0x00000001
core   0: 0x80009d60 (0xff9ff06f) j       pc - 0x8
core   0: 3 0x80009d60 (0xff9ff06f)
core   0: 0x80009d58 (0x00006f17) auipc   t5, 0x6
core   0: 3 0x80009d58 (0x00006f17) x30 0x8000fd58
core   0: 0x80009d5c (0x2a3f2423) sw      gp, 680(t5)
core   0: 3 0x80009d5c (0x2a3f2423) mem 0x80010000 0x00000001
core   0: 0x80009d60 (0xff9ff06f) j       pc - 0x8
core   0: 3 0x80009d60 (0xff9ff06f)
core   0: 0x80009d58 (0x00006f17) auipc   t5, 0x6
core   0: 3 0x80009d58 (0x00006f17) x30 0x8000fd58
core   0: 0x80009d5c (0x2a3f2423) sw      gp, 680(t5)
core   0: 3 0x80009d5c (0x2a3f2423) mem 0x80010000 0x00000001
core   0: 0x80009d60 (0xff9ff06f) j       pc - 0x8
core   0: 3 0x80009d60 (0xff9ff06f)
core   0: 0x80009d58 (0x00006f17) auipc   t5, 0x6
core   0: 3 0x80009d58 (0x00006f17) x30 0x8000fd58
core   0: 0x80009d5c (0x2a3f2423) sw      gp, 680(t5)
core   0: 3 0x80009d5c (0x2a3f2423) mem 0x80010000 0x00000001
core   0: 0x80009d60 (0xff9ff06f) j       pc - 0x8
core   0: 3 0x80009d60 (0xff9ff06f)
core   0: 0x80009d58 (0x00006f17) auipc   t5, 0x6
core   0: 3 0x80009d58 (0x00006f17) x30 0x8000fd58
core   0: 0x80009d5c (0x2a3f2423) sw      gp, 680(t5)
core   0: 3 0x80009d5c (0x2a3f2423) mem 0x80010000 0x00000001
core   0: 0x80009d60 (0xff9ff06f) j       pc - 0x8
core   0: 3 0x80009d60 (0xff9ff06f)
core   0: 0x80009d58 (0x00006f17) auipc   t5, 0x6
core   0: 3 0x80009d58 (0x00006f17) x30 0x8000fd58
core   0: 0x80009d5c (0x2a3f2423) sw      gp, 680(t5)
core   0: 3 0x80009d5c (0x2a3f2423) mem 0x80010000 0x00000001
core   0: 0x80009d60 (0xff9ff06f) j       pc - 0x8
core   0: 3 0x80009d60 (0xff9ff06f)
core   0: 0x80009d58 (0x00006f17) auipc   t5, 0x6
core   0: 3 0x80009d58 (0x00006f17) x30 0x8000fd58
core   0: 0x80009d5c (0x2a3f2423) sw      gp, 680(t5)
core   0: 3 0x80009d5c (0x2a3f2423) mem 0x80010000 0x00000001
core   0: 0x80009d60 (0xff9ff06f) j       pc - 0x8
core   0: 3 0x80009d60 (0xff9ff06f)
core   0: 0x80009d58 (0x00006f17) auipc   t5, 0x6
core   0: 3 0x80009d58 (0x00006f17) x30 0x8000fd58
core   0: 0x80009d5c (0x2a3f2423) sw      gp, 680(t5)
core   0: 3 0x80009d5c (0x2a3f2423) mem 0x80010000 0x00000001
core   0: 0x80009d60 (0xff9ff06f) j       pc - 0x8
core   0: 3 0x80009d60 (0xff9ff06f)
core   0: 0x80009d58 (0x00006f17) auipc   t5, 0x6
core   0: 3 0x80009d58 (0x00006f17) x30 0x8000fd58
core   0: 0x80009d5c (0x2a3f2423) sw      gp, 680(t5)
core   0: 3 0x80009d5c (0x2a3f2423) mem 0x80010000 0x00000001
core   0: 0x80009d60 (0xff9ff06f) j       pc - 0x8
core   0: 3 0x80009d60 (0xff9ff06f)
core   0: 0x80009d58 (0x00006f17) auipc   t5, 0x6
core   0: 3 0x80009d58 (0x00006f17) x30 0x8000fd58
core   0: 0x80009d5c (0x2a3f2423) sw      gp, 680(t5)
core   0: 3 0x80009d5c (0x2a3f2423) mem 0x80010000 0x00000001
core   0: 0x80009d60 (0xff9ff06f) j       pc - 0x8
core   0: 3 0x80009d60 (0xff9ff06f)
core   0: 0x80009d58 (0x00006f17) auipc   t5, 0x6
core   0: 3 0x80009d58 (0x00006f17) x30 0x8000fd58
core   0: 0x80009d5c (0x2a3f2423) sw      gp, 680(t5)
core   0: 3 0x80009d5c (0x2a3f2423) mem 0x80010000 0x00000001
core   0: 0x80009d60 (0xff9ff06f) j       pc - 0x8
core   0: 3 0x80009d60 (0xff9ff06f)
core   0: 0x80009d58 (0x00006f17) auipc   t5, 0x6
core   0: 3 0x80009d58 (0x00006f17) x30 0x8000fd58
core   0: 0x80009d5c (0x2a3f2423) sw      gp, 680(t5)
core   0: 3 0x80009d5c (0x2a3f2423) mem 0x80010000 0x00000001
core   0: 0x80009d60 (0xff9ff06f) j       pc - 0x8
core   0: 3 0x80009d60 (0xff9ff06f)
core   0: 0x80009d58 (0x00006f17) auipc   t5, 0x6
core   0: 3 0x80009d58 (0x00006f17) x30 0x8000fd58
core   0: 0x80009d5c (0x2a3f2423) sw      gp, 680(t5)
core   0: 3 0x80009d5c (0x2a3f2423) mem 0x80010000 0x00000001
core   0: 0x80009d60 (0xff9ff06f) j       pc - 0x8
core   0: 3 0x80009d60 (0xff9ff06f)
core   0: 0x80009d58 (0x00006f17) auipc   t5, 0x6
core   0: 3 0x80009d58 (0x00006f17) x30 0x8000fd58
core   0: 0x80009d5c (0x2a3f2423) sw      gp, 680(t5)
core   0: 3 0x80009d5c (0x2a3f2423) mem 0x80010000 0x00000001
core   0: 0x80009d60 (0xff9ff06f) j       pc - 0x8
core   0: 3 0x80009d60 (0xff9ff06f)
core   0: 0x80009d58 (0x00006f17) auipc   t5, 0x6
core   0: 3 0x80009d58 (0x00006f17) x30 0x8000fd58
core   0: 0x80009d5c (0x2a3f2423) sw      gp, 680(t5)
core   0: 3 0x80009d5c (0x2a3f2423) mem 0x80010000 0x00000001
core   0: 0x80009d60 (0xff9ff06f) j       pc - 0x8
core   0: 3 0x80009d60 (0xff9ff06f)
core   0: 0x80009d58 (0x00006f17) auipc   t5, 0x6
core   0: 3 0x80009d58 (0x00006f17) x30 0x8000fd58
core   0: 0x80009d5c (0x2a3f2423) sw      gp, 680(t5)
core   0: 3 0x80009d5c (0x2a3f2423) mem 0x80010000 0x00000001
core   0: 0x80009d60 (0xff9ff06f) j       pc - 0x8
core   0: 3 0x80009d60 (0xff9ff06f)
core   0: 0x80009d58 (0x00006f17) auipc   t5, 0x6
core   0: 3 0x80009d58 (0x00006f17) x30 0x8000fd58
core   0: 0x80009d5c (0x2a3f2423) sw      gp, 680(t5)
core   0: 3 0x80009d5c (0x2a3f2423) mem 0x80010000 0x00000001
core   0: 0x80009d60 (0xff9ff06f) j       pc - 0x8
core   0: 3 0x80009d60 (0xff9ff06f)
core   0: 0x80009d58 (0x00006f17) auipc   t5, 0x6
core   0: 3 0x80009d58 (0x00006f17) x30 0x8000fd58
core   0: 0x80009d5c (0x2a3f2423) sw      gp, 680(t5)
core   0: 3 0x80009d5c (0x2a3f2423) mem 0x80010000 0x00000001
core   0: 0x80009d60 (0xff9ff06f) j       pc - 0x8
core   0: 3 0x80009d60 (0xff9ff06f)
core   0: 0x80009d58 (0x00006f17) auipc   t5, 0x6
core   0: 3 0x80009d58 (0x00006f17) x30 0x8000fd58
core   0: 0x80009d5c (0x2a3f2423) sw      gp, 680(t5)
core   0: 3 0x80009d5c (0x2a3f2423) mem 0x80010000 0x00000001
core   0: 0x80009d60 (0xff9ff06f) j       pc - 0x8
core   0: 3 0x80009d60 (0xff9ff06f)
core   0: 0x80009d58 (0x00006f17) auipc   t5, 0x6
core   0: 3 0x80009d58 (0x00006f17) x30 0x8000fd58
core   0: 0x80009d5c (0x2a3f2423) sw      gp, 680(t5)
core   0: 3 0x80009d5c (0x2a3f2423) mem 0x80010000 0x00000001
core   0: 0x80009d60 (0xff9ff06f) j       pc - 0x8
core   0: 3 0x80009d60 (0xff9ff06f)
core   0: 0x80009d58 (0x00006f17) auipc   t5, 0x6
core   0: 3 0x80009d58 (0x00006f17) x30 0x8000fd58
core   0: 0x80009d5c (0x2a3f2423) sw      gp, 680(t5)
core   0: 3 0x80009d5c (0x2a3f2423) mem 0x80010000 0x00000001
core   0: 0x80009d60 (0xff9ff06f) j       pc - 0x8
core   0: 3 0x80009d60 (0xff9ff06f)
core   0: 0x80009d58 (0x00006f17) auipc   t5, 0x6
core   0: 3 0x80009d58 (0x00006f17) x30 0x8000fd58
core   0: 0x80009d5c (0x2a3f2423) sw      gp, 680(t5)
core   0: 3 0x80009d5c (0x2a3f2423) mem 0x80010000 0x00000001
core   0: 0x80009d60 (0xff9ff06f) j       pc - 0x8
core   0: 3 0x80009d60 (0xff9ff06f)
core   0: 0x80009d58 (0x00006f17) auipc   t5, 0x6
core   0: 3 0x80009d58 (0x00006f17) x30 0x8000fd58
core   0: 0x80009d5c (0x2a3f2423) sw      gp, 680(t5)
core   0: 3 0x80009d5c (0x2a3f2423) mem 0x80010000 0x00000001
core   0: 0x80009d60 (0xff9ff06f) j       pc - 0x8
core   0: 3 0x80009d60 (0xff9ff06f)
core   0: 0x80009d58 (0x00006f17) auipc   t5, 0x6
core   0: 3 0x80009d58 (0x00006f17) x30 0x8000fd58
core   0: 0x80009d5c (0x2a3f2423) sw      gp, 680(t5)
core   0: 3 0x80009d5c (0x2a3f2423) mem 0x80010000 0x00000001
core   0: 0x80009d60 (0xff9ff06f) j       pc - 0x8
core   0: 3 0x80009d60 (0xff9ff06f)
core   0: 0x80009d58 (0x00006f17) auipc   t5, 0x6
core   0: 3 0x80009d58 (0x00006f17) x30 0x8000fd58
core   0: 0x80009d5c (0x2a3f2423) sw      gp, 680(t5)
core   0: 3 0x80009d5c (0x2a3f2423) mem 0x80010000 0x00000001
core   0: 0x80009d60 (0xff9ff06f) j       pc - 0x8
core   0: 3 0x80009d60 (0xff9ff06f)
core   0: 0x80009d58 (0x00006f17) auipc   t5, 0x6
core   0: 3 0x80009d58 (0x00006f17) x30 0x8000fd58
core   0: 0x80009d5c (0x2a3f2423) sw      gp, 680(t5)
core   0: 3 0x80009d5c (0x2a3f2423) mem 0x80010000 0x00000001
core   0: 0x80009d60 (0xff9ff06f) j       pc - 0x8
core   0: 3 0x80009d60 (0xff9ff06f)
core   0: 0x80009d58 (0x00006f17) auipc   t5, 0x6
core   0: 3 0x80009d58 (0x00006f17) x30 0x8000fd58
core   0: 0x80009d5c (0x2a3f2423) sw      gp, 680(t5)
core   0: 3 0x80009d5c (0x2a3f2423) mem 0x80010000 0x00000001
core   0: 0x80009d60 (0xff9ff06f) j       pc - 0x8
core   0: 3 0x80009d60 (0xff9ff06f)
core   0: 0x80009d58 (0x00006f17) auipc   t5, 0x6
core   0: 3 0x80009d58 (0x00006f17) x30 0x8000fd58
core   0: 0x80009d5c (0x2a3f2423) sw      gp, 680(t5)
core   0: 3 0x80009d5c (0x2a3f2423) mem 0x80010000 0x00000001
core   0: 0x80009d60 (0xff9ff06f) j       pc - 0x8
core   0: 3 0x80009d60 (0xff9ff06f)
core   0: 0x80009d58 (0x00006f17) auipc   t5, 0x6
core   0: 3 0x80009d58 (0x00006f17) x30 0x8000fd58
core   0: 0x80009d5c (0x2a3f2423) sw      gp, 680(t5)
core   0: 3 0x80009d5c (0x2a3f2423) mem 0x80010000 0x00000001
core   0: 0x80009d60 (0xff9ff06f) j       pc - 0x8
core   0: 3 0x80009d60 (0xff9ff06f)
core   0: 0x80009d58 (0x00006f17) auipc   t5, 0x6
core   0: 3 0x80009d58 (0x00006f17) x30 0x8000fd58
core   0: 0x80009d5c (0x2a3f2423) sw      gp, 680(t5)
core   0: 3 0x80009d5c (0x2a3f2423) mem 0x80010000 0x00000001
core   0: 0x80009d60 (0xff9ff06f) j       pc - 0x8
core   0: 3 0x80009d60 (0xff9ff06f)
core   0: 0x80009d58 (0x00006f17) auipc   t5, 0x6
core   0: 3 0x80009d58 (0x00006f17) x30 0x8000fd58
core   0: 0x80009d5c (0x2a3f2423) sw      gp, 680(t5)
core   0: 3 0x80009d5c (0x2a3f2423) mem 0x80010000 0x00000001
core   0: 0x80009d60 (0xff9ff06f) j       pc - 0x8
core   0: 3 0x80009d60 (0xff9ff06f)
core   0: 0x80009d58 (0x00006f17) auipc   t5, 0x6
core   0: 3 0x80009d58 (0x00006f17) x30 0x8000fd58
core   0: 0x80009d5c (0x2a3f2423) sw      gp, 680(t5)
core   0: 3 0x80009d5c (0x2a3f2423) mem 0x80010000 0x00000001
core   0: 0x80009d60 (0xff9ff06f) j       pc - 0x8
core   0: 3 0x80009d60 (0xff9ff06f)
core   0: 0x80009d58 (0x00006f17) auipc   t5, 0x6
core   0: 3 0x80009d58 (0x00006f17) x30 0x8000fd58
core   0: 0x80009d5c (0x2a3f2423) sw      gp, 680(t5)
core   0: 3 0x80009d5c (0x2a3f2423) mem 0x80010000 0x00000001
core   0: 0x80009d60 (0xff9ff06f) j       pc - 0x8
core   0: 3 0x80009d60 (0xff9ff06f)
core   0: 0x80009d58 (0x00006f17) auipc   t5, 0x6
core   0: 3 0x80009d58 (0x00006f17) x30 0x8000fd58
core   0: 0x80009d5c (0x2a3f2423) sw      gp, 680(t5)
core   0: 3 0x80009d5c (0x2a3f2423) mem 0x80010000 0x00000001
core   0: 0x80009d60 (0xff9ff06f) j       pc - 0x8
core   0: 3 0x80009d60 (0xff9ff06f)
core   0: 0x80009d58 (0x00006f17) auipc   t5, 0x6
core   0: 3 0x80009d58 (0x00006f17) x30 0x8000fd58
core   0: 0x80009d5c (0x2a3f2423) sw      gp, 680(t5)
core   0: 3 0x80009d5c (0x2a3f2423) mem 0x80010000 0x00000001
core   0: 0x80009d60 (0xff9ff06f) j       pc - 0x8
core   0: 3 0x80009d60 (0xff9ff06f)
core   0: 0x80009d58 (0x00006f17) auipc   t5, 0x6
core   0: 3 0x80009d58 (0x00006f17) x30 0x8000fd58
core   0: 0x80009d5c (0x2a3f2423) sw      gp, 680(t5)
core   0: 3 0x80009d5c (0x2a3f2423) mem 0x80010000 0x00000001
core   0: 0x80009d60 (0xff9ff06f) j       pc - 0x8
core   0: 3 0x80009d60 (0xff9ff06f)
core   0: 0x80009d58 (0x00006f17) auipc   t5, 0x6
core   0: 3 0x80009d58 (0x00006f17) x30 0x8000fd58
core   0: 0x80009d5c (0x2a3f2423) sw      gp, 680(t5)
core   0: 3 0x80009d5c (0x2a3f2423) mem 0x80010000 0x00000001
core   0: 0x80009d60 (0xff9ff06f) j       pc - 0x8
core   0: 3 0x80009d60 (0xff9ff06f)
core   0: 0x80009d58 (0x00006f17) auipc   t5, 0x6
core   0: 3 0x80009d58 (0x00006f17) x30 0x8000fd58
core   0: 0x80009d5c (0x2a3f2423) sw      gp, 680(t5)
core   0: 3 0x80009d5c (0x2a3f2423) mem 0x80010000 0x00000001
core   0: 0x80009d60 (0xff9ff06f) j       pc - 0x8
core   0: 3 0x80009d60 (0xff9ff06f)
core   0: 0x80009d58 (0x00006f17) auipc   t5, 0x6
core   0: 3 0x80009d58 (0x00006f17) x30 0x8000fd58
core   0: 0x80009d5c (0x2a3f2423) sw      gp, 680(t5)
core   0: 3 0x80009d5c (0x2a3f2423) mem 0x80010000 0x00000001
core   0: 0x80009d60 (0xff9ff06f) j       pc - 0x8
core   0: 3 0x80009d60 (0xff9ff06f)
core   0: 0x80009d58 (0x00006f17) auipc   t5, 0x6
core   0: 3 0x80009d58 (0x00006f17) x30 0x8000fd58
core   0: 0x80009d5c (0x2a3f2423) sw      gp, 680(t5)
core   0: 3 0x80009d5c (0x2a3f2423) mem 0x80010000 0x00000001
core   0: 0x80009d60 (0xff9ff06f) j       pc - 0x8
core   0: 3 0x80009d60 (0xff9ff06f)
core   0: 0x80009d58 (0x00006f17) auipc   t5, 0x6
core   0: 3 0x80009d58 (0x00006f17) x30 0x8000fd58
core   0: 0x80009d5c (0x2a3f2423) sw      gp, 680(t5)
core   0: 3 0x80009d5c (0x2a3f2423) mem 0x80010000 0x00000001
core   0: 0x80009d60 (0xff9ff06f) j       pc - 0x8
core   0: 3 0x80009d60 (0xff9ff06f)
core   0: 0x80009d58 (0x00006f17) auipc   t5, 0x6
core   0: 3 0x80009d58 (0x00006f17) x30 0x8000fd58
core   0: 0x80009d5c (0x2a3f2423) sw      gp, 680(t5)
core   0: 3 0x80009d5c (0x2a3f2423) mem 0x80010000 0x00000001
core   0: 0x80009d60 (0xff9ff06f) j       pc - 0x8
core   0: 3 0x80009d60 (0xff9ff06f)
core   0: 0x80009d58 (0x00006f17) auipc   t5, 0x6
core   0: 3 0x80009d58 (0x00006f17) x30 0x8000fd58
core   0: 0x80009d5c (0x2a3f2423) sw      gp, 680(t5)
core   0: 3 0x80009d5c (0x2a3f2423) mem 0x80010000 0x00000001
core   0: 0x80009d60 (0xff9ff06f) j       pc - 0x8
core   0: 3 0x80009d60 (0xff9ff06f)
core   0: 0x80009d58 (0x00006f17) auipc   t5, 0x6
core   0: 3 0x80009d58 (0x00006f17) x30 0x8000fd58
core   0: 0x80009d5c (0x2a3f2423) sw      gp, 680(t5)
core   0: 3 0x80009d5c (0x2a3f2423) mem 0x80010000 0x00000001
core   0: 0x80009d60 (0xff9ff06f) j       pc - 0x8
core   0: 3 0x80009d60 (0xff9ff06f)
core   0: 0x80009d58 (0x00006f17) auipc   t5, 0x6
core   0: 3 0x80009d58 (0x00006f17) x30 0x8000fd58
core   0: 0x80009d5c (0x2a3f2423) sw      gp, 680(t5)
core   0: 3 0x80009d5c (0x2a3f2423) mem 0x80010000 0x00000001
core   0: 0x80009d60 (0xff9ff06f) j       pc - 0x8
core   0: 3 0x80009d60 (0xff9ff06f)
core   0: 0x80009d58 (0x00006f17) auipc   t5, 0x6
core   0: 3 0x80009d58 (0x00006f17) x30 0x8000fd58
core   0: 0x80009d5c (0x2a3f2423) sw      gp, 680(t5)
core   0: 3 0x80009d5c (0x2a3f2423) mem 0x80010000 0x00000001
core   0: 0x80009d60 (0xff9ff06f) j       pc - 0x8
core   0: 3 0x80009d60 (0xff9ff06f)
core   0: 0x80009d58 (0x00006f17) auipc   t5, 0x6
core   0: 3 0x80009d58 (0x00006f17) x30 0x8000fd58
core   0: 0x80009d5c (0x2a3f2423) sw      gp, 680(t5)
core   0: 3 0x80009d5c (0x2a3f2423) mem 0x80010000 0x00000001
core   0: 0x80009d60 (0xff9ff06f) j       pc - 0x8
core   0: 3 0x80009d60 (0xff9ff06f)
core   0: 0x80009d58 (0x00006f17) auipc   t5, 0x6
core   0: 3 0x80009d58 (0x00006f17) x30 0x8000fd58
core   0: 0x80009d5c (0x2a3f2423) sw      gp, 680(t5)
core   0: 3 0x80009d5c (0x2a3f2423) mem 0x80010000 0x00000001
core   0: 0x80009d60 (0xff9ff06f) j       pc - 0x8
core   0: 3 0x80009d60 (0xff9ff06f)
core   0: 0x80009d58 (0x00006f17) auipc   t5, 0x6
core   0: 3 0x80009d58 (0x00006f17) x30 0x8000fd58
core   0: 0x80009d5c (0x2a3f2423) sw      gp, 680(t5)
core   0: 3 0x80009d5c (0x2a3f2423) mem 0x80010000 0x00000001
core   0: 0x80009d60 (0xff9ff06f) j       pc - 0x8
core   0: 3 0x80009d60 (0xff9ff06f)
core   0: 0x80009d58 (0x00006f17) auipc   t5, 0x6
core   0: 3 0x80009d58 (0x00006f17) x30 0x8000fd58
core   0: 0x80009d5c (0x2a3f2423) sw      gp, 680(t5)
core   0: 3 0x80009d5c (0x2a3f2423) mem 0x80010000 0x00000001
core   0: 0x80009d60 (0xff9ff06f) j       pc - 0x8
core   0: 3 0x80009d60 (0xff9ff06f)
core   0: 0x80009d58 (0x00006f17) auipc   t5, 0x6
core   0: 3 0x80009d58 (0x00006f17) x30 0x8000fd58
core   0: 0x80009d5c (0x2a3f2423) sw      gp, 680(t5)
core   0: 3 0x80009d5c (0x2a3f2423) mem 0x80010000 0x00000001
core   0: 0x80009d60 (0xff9ff06f) j       pc - 0x8
core   0: 3 0x80009d60 (0xff9ff06f)
core   0: 0x80009d58 (0x00006f17) auipc   t5, 0x6
core   0: 3 0x80009d58 (0x00006f17) x30 0x8000fd58
core   0: 0x80009d5c (0x2a3f2423) sw      gp, 680(t5)
core   0: 3 0x80009d5c (0x2a3f2423) mem 0x80010000 0x00000001
core   0: 0x80009d60 (0xff9ff06f) j       pc - 0x8
core   0: 3 0x80009d60 (0xff9ff06f)
core   0: 0x80009d58 (0x00006f17) auipc   t5, 0x6
core   0: 3 0x80009d58 (0x00006f17) x30 0x8000fd58
core   0: 0x80009d5c (0x2a3f2423) sw      gp, 680(t5)
core   0: 3 0x80009d5c (0x2a3f2423) mem 0x80010000 0x00000001
core   0: 0x80009d60 (0xff9ff06f) j       pc - 0x8
core   0: 3 0x80009d60 (0xff9ff06f)
core   0: 0x80009d58 (0x00006f17) auipc   t5, 0x6
core   0: 3 0x80009d58 (0x00006f17) x30 0x8000fd58
core   0: 0x80009d5c (0x2a3f2423) sw      gp, 680(t5)
core   0: 3 0x80009d5c (0x2a3f2423) mem 0x80010000 0x00000001
core   0: 0x80009d60 (0xff9ff06f) j       pc - 0x8
core   0: 3 0x80009d60 (0xff9ff06f)
core   0: 0x80009d58 (0x00006f17) auipc   t5, 0x6
core   0: 3 0x80009d58 (0x00006f17) x30 0x8000fd58
core   0: 0x80009d5c (0x2a3f2423) sw      gp, 680(t5)
core   0: 3 0x80009d5c (0x2a3f2423) mem 0x80010000 0x00000001
core   0: 0x80009d60 (0xff9ff06f) j       pc - 0x8
core   0: 3 0x80009d60 (0xff9ff06f)
core   0: 0x80009d58 (0x00006f17) auipc   t5, 0x6
core   0: 3 0x80009d58 (0x00006f17) x30 0x8000fd58
core   0: 0x80009d5c (0x2a3f2423) sw      gp, 680(t5)
core   0: 3 0x80009d5c (0x2a3f2423) mem 0x80010000 0x00000001
core   0: 0x80009d60 (0xff9ff06f) j       pc - 0x8
core   0: 3 0x80009d60 (0xff9ff06f)
core   0: 0x80009d58 (0x00006f17) auipc   t5, 0x6
core   0: 3 0x80009d58 (0x00006f17) x30 0x8000fd58
core   0: 0x80009d5c (0x2a3f2423) sw      gp, 680(t5)
core   0: 3 0x80009d5c (0x2a3f2423) mem 0x80010000 0x00000001
core   0: 0x80009d60 (0xff9ff06f) j       pc - 0x8
core   0: 3 0x80009d60 (0xff9ff06f)
core   0: 0x80009d58 (0x00006f17) auipc   t5, 0x6
core   0: 3 0x80009d58 (0x00006f17) x30 0x8000fd58
core   0: 0x80009d5c (0x2a3f2423) sw      gp, 680(t5)
core   0: 3 0x80009d5c (0x2a3f2423) mem 0x80010000 0x00000001
core   0: 0x80009d60 (0xff9ff06f) j       pc - 0x8
core   0: 3 0x80009d60 (0xff9ff06f)
core   0: 0x80009d58 (0x00006f17) auipc   t5, 0x6
core   0: 3 0x80009d58 (0x00006f17) x30 0x8000fd58
core   0: 0x80009d5c (0x2a3f2423) sw      gp, 680(t5)
core   0: 3 0x80009d5c (0x2a3f2423) mem 0x80010000 0x00000001
core   0: 0x80009d60 (0xff9ff06f) j       pc - 0x8
core   0: 3 0x80009d60 (0xff9ff06f)
core   0: 0x80009d58 (0x00006f17) auipc   t5, 0x6
core   0: 3 0x80009d58 (0x00006f17) x30 0x8000fd58
core   0: 0x80009d5c (0x2a3f2423) sw      gp, 680(t5)
core   0: 3 0x80009d5c (0x2a3f2423) mem 0x80010000 0x00000001
core   0: 0x80009d60 (0xff9ff06f) j       pc - 0x8
core   0: 3 0x80009d60 (0xff9ff06f)
core   0: 0x80009d58 (0x00006f17) auipc   t5, 0x6
core   0: 3 0x80009d58 (0x00006f17) x30 0x8000fd58
core   0: 0x80009d5c (0x2a3f2423) sw      gp, 680(t5)
core   0: 3 0x80009d5c (0x2a3f2423) mem 0x80010000 0x00000001
core   0: 0x80009d60 (0xff9ff06f) j       pc - 0x8
core   0: 3 0x80009d60 (0xff9ff06f)
core   0: 0x80009d58 (0x00006f17) auipc   t5, 0x6
core   0: 3 0x80009d58 (0x00006f17) x30 0x8000fd58
core   0: 0x80009d5c (0x2a3f2423) sw      gp, 680(t5)
core   0: 3 0x80009d5c (0x2a3f2423) mem 0x80010000 0x00000001
core   0: 0x80009d60 (0xff9ff06f) j       pc - 0x8
core   0: 3 0x80009d60 (0xff9ff06f)
core   0: 0x80009d58 (0x00006f17) auipc   t5, 0x6
core   0: 3 0x80009d58 (0x00006f17) x30 0x8000fd58
core   0: 0x80009d5c (0x2a3f2423) sw      gp, 680(t5)
core   0: 3 0x80009d5c (0x2a3f2423) mem 0x80010000 0x00000001
core   0: 0x80009d60 (0xff9ff06f) j       pc - 0x8
core   0: 3 0x80009d60 (0xff9ff06f)
core   0: 0x80009d58 (0x00006f17) auipc   t5, 0x6
core   0: 3 0x80009d58 (0x00006f17) x30 0x8000fd58
core   0: 0x80009d5c (0x2a3f2423) sw      gp, 680(t5)
core   0: 3 0x80009d5c (0x2a3f2423) mem 0x80010000 0x00000001
core   0: 0x80009d60 (0xff9ff06f) j       pc - 0x8
core   0: 3 0x80009d60 (0xff9ff06f)
core   0: 0x80009d58 (0x00006f17) auipc   t5, 0x6
core   0: 3 0x80009d58 (0x00006f17) x30 0x8000fd58
core   0: 0x80009d5c (0x2a3f2423) sw      gp, 680(t5)
core   0: 3 0x80009d5c (0x2a3f2423) mem 0x80010000 0x00000001
core   0: 0x80009d60 (0xff9ff06f) j       pc - 0x8
core   0: 3 0x80009d60 (0xff9ff06f)
core   0: 0x80009d58 (0x00006f17) auipc   t5, 0x6
core   0: 3 0x80009d58 (0x00006f17) x30 0x8000fd58
core   0: 0x80009d5c (0x2a3f2423) sw      gp, 680(t5)
core   0: 3 0x80009d5c (0x2a3f2423) mem 0x80010000 0x00000001
core   0: 0x80009d60 (0xff9ff06f) j       pc - 0x8
core   0: 3 0x80009d60 (0xff9ff06f)
core   0: 0x80009d58 (0x00006f17) auipc   t5, 0x6
core   0: 3 0x80009d58 (0x00006f17) x30 0x8000fd58
core   0: 0x80009d5c (0x2a3f2423) sw      gp, 680(t5)
core   0: 3 0x80009d5c (0x2a3f2423) mem 0x80010000 0x00000001
core   0: 0x80009d60 (0xff9ff06f) j       pc - 0x8
core   0: 3 0x80009d60 (0xff9ff06f)
core   0: 0x80009d58 (0x00006f17) auipc   t5, 0x6
core   0: 3 0x80009d58 (0x00006f17) x30 0x8000fd58
core   0: 0x80009d5c (0x2a3f2423) sw      gp, 680(t5)
core   0: 3 0x80009d5c (0x2a3f2423) mem 0x80010000 0x00000001
core   0: 0x80009d60 (0xff9ff06f) j       pc - 0x8
core   0: 3 0x80009d60 (0xff9ff06f)
core   0: 0x80009d58 (0x00006f17) auipc   t5, 0x6
core   0: 3 0x80009d58 (0x00006f17) x30 0x8000fd58
core   0: 0x80009d5c (0x2a3f2423) sw      gp, 680(t5)
core   0: 3 0x80009d5c (0x2a3f2423) mem 0x80010000 0x00000001
core   0: 0x80009d60 (0xff9ff06f) j       pc - 0x8
core   0: 3 0x80009d60 (0xff9ff06f)
core   0: 0x80009d58 (0x00006f17) auipc   t5, 0x6
core   0: 3 0x80009d58 (0x00006f17) x30 0x8000fd58
core   0: 0x80009d5c (0x2a3f2423) sw      gp, 680(t5)
core   0: 3 0x80009d5c (0x2a3f2423) mem 0x80010000 0x00000001
core   0: 0x80009d60 (0xff9ff06f) j       pc - 0x8
core   0: 3 0x80009d60 (0xff9ff06f)
core   0: 0x80009d58 (0x00006f17) auipc   t5, 0x6
core   0: 3 0x80009d58 (0x00006f17) x30 0x8000fd58
core   0: 0x80009d5c (0x2a3f2423) sw      gp, 680(t5)
core   0: 3 0x80009d5c (0x2a3f2423) mem 0x80010000 0x00000001
core   0: 0x80009d60 (0xff9ff06f) j       pc - 0x8
core   0: 3 0x80009d60 (0xff9ff06f)
core   0: 0x80009d58 (0x00006f17) auipc   t5, 0x6
core   0: 3 0x80009d58 (0x00006f17) x30 0x8000fd58
core   0: 0x80009d5c (0x2a3f2423) sw      gp, 680(t5)
core   0: 3 0x80009d5c (0x2a3f2423) mem 0x80010000 0x00000001
core   0: 0x80009d60 (0xff9ff06f) j       pc - 0x8
core   0: 3 0x80009d60 (0xff9ff06f)
core   0: 0x80009d58 (0x00006f17) auipc   t5, 0x6
core   0: 3 0x80009d58 (0x00006f17) x30 0x8000fd58
core   0: 0x80009d5c (0x2a3f2423) sw      gp, 680(t5)
core   0: 3 0x80009d5c (0x2a3f2423) mem 0x80010000 0x00000001
core   0: 0x80009d60 (0xff9ff06f) j       pc - 0x8
core   0: 3 0x80009d60 (0xff9ff06f)
core   0: 0x80009d58 (0x00006f17) auipc   t5, 0x6
core   0: 3 0x80009d58 (0x00006f17) x30 0x8000fd58
core   0: 0x80009d5c (0x2a3f2423) sw      gp, 680(t5)
core   0: 3 0x80009d5c (0x2a3f2423) mem 0x80010000 0x00000001
core   0: 0x80009d60 (0xff9ff06f) j       pc - 0x8
core   0: 3 0x80009d60 (0xff9ff06f)
core   0: 0x80009d58 (0x00006f17) auipc   t5, 0x6
core   0: 3 0x80009d58 (0x00006f17) x30 0x8000fd58
core   0: 0x80009d5c (0x2a3f2423) sw      gp, 680(t5)
core   0: 3 0x80009d5c (0x2a3f2423) mem 0x80010000 0x00000001
core   0: 0x80009d60 (0xff9ff06f) j       pc - 0x8
core   0: 3 0x80009d60 (0xff9ff06f)
core   0: 0x80009d58 (0x00006f17) auipc   t5, 0x6
core   0: 3 0x80009d58 (0x00006f17) x30 0x8000fd58
core   0: 0x80009d5c (0x2a3f2423) sw      gp, 680(t5)
core   0: 3 0x80009d5c (0x2a3f2423) mem 0x80010000 0x00000001
core   0: 0x80009d60 (0xff9ff06f) j       pc - 0x8
core   0: 3 0x80009d60 (0xff9ff06f)
core   0: 0x80009d58 (0x00006f17) auipc   t5, 0x6
core   0: 3 0x80009d58 (0x00006f17) x30 0x8000fd58
core   0: 0x80009d5c (0x2a3f2423) sw      gp, 680(t5)
core   0: 3 0x80009d5c (0x2a3f2423) mem 0x80010000 0x00000001
core   0: 0x80009d60 (0xff9ff06f) j       pc - 0x8
core   0: 3 0x80009d60 (0xff9ff06f)
core   0: 0x80009d58 (0x00006f17) auipc   t5, 0x6
core   0: 3 0x80009d58 (0x00006f17) x30 0x8000fd58
core   0: 0x80009d5c (0x2a3f2423) sw      gp, 680(t5)
core   0: 3 0x80009d5c (0x2a3f2423) mem 0x80010000 0x00000001
core   0: 0x80009d60 (0xff9ff06f) j       pc - 0x8
core   0: 3 0x80009d60 (0xff9ff06f)
core   0: 0x80009d58 (0x00006f17) auipc   t5, 0x6
core   0: 3 0x80009d58 (0x00006f17) x30 0x8000fd58
core   0: 0x80009d5c (0x2a3f2423) sw      gp, 680(t5)
core   0: 3 0x80009d5c (0x2a3f2423) mem 0x80010000 0x00000001
core   0: 0x80009d60 (0xff9ff06f) j       pc - 0x8
core   0: 3 0x80009d60 (0xff9ff06f)
core   0: 0x80009d58 (0x00006f17) auipc   t5, 0x6
core   0: 3 0x80009d58 (0x00006f17) x30 0x8000fd58
core   0: 0x80009d5c (0x2a3f2423) sw      gp, 680(t5)
core   0: 3 0x80009d5c (0x2a3f2423) mem 0x80010000 0x00000001
core   0: 0x80009d60 (0xff9ff06f) j       pc - 0x8
core   0: 3 0x80009d60 (0xff9ff06f)
core   0: 0x80009d58 (0x00006f17) auipc   t5, 0x6
core   0: 3 0x80009d58 (0x00006f17) x30 0x8000fd58
core   0: 0x80009d5c (0x2a3f2423) sw      gp, 680(t5)
core   0: 3 0x80009d5c (0x2a3f2423) mem 0x80010000 0x00000001
core   0: 0x80009d60 (0xff9ff06f) j       pc - 0x8
core   0: 3 0x80009d60 (0xff9ff06f)
core   0: 0x80009d58 (0x00006f17) auipc   t5, 0x6
core   0: 3 0x80009d58 (0x00006f17) x30 0x8000fd58
core   0: 0x80009d5c (0x2a3f2423) sw      gp, 680(t5)
core   0: 3 0x80009d5c (0x2a3f2423) mem 0x80010000 0x00000001
core   0: 0x80009d60 (0xff9ff06f) j       pc - 0x8
core   0: 3 0x80009d60 (0xff9ff06f)
core   0: 0x80009d58 (0x00006f17) auipc   t5, 0x6
core   0: 3 0x80009d58 (0x00006f17) x30 0x8000fd58
core   0: 0x80009d5c (0x2a3f2423) sw      gp, 680(t5)
core   0: 3 0x80009d5c (0x2a3f2423) mem 0x80010000 0x00000001
core   0: 0x80009d60 (0xff9ff06f) j       pc - 0x8
core   0: 3 0x80009d60 (0xff9ff06f)
core   0: 0x80009d58 (0x00006f17) auipc   t5, 0x6
core   0: 3 0x80009d58 (0x00006f17) x30 0x8000fd58
core   0: 0x80009d5c (0x2a3f2423) sw      gp, 680(t5)
core   0: 3 0x80009d5c (0x2a3f2423) mem 0x80010000 0x00000001
core   0: 0x80009d60 (0xff9ff06f) j       pc - 0x8
core   0: 3 0x80009d60 (0xff9ff06f)
core   0: 0x80009d58 (0x00006f17) auipc   t5, 0x6
core   0: 3 0x80009d58 (0x00006f17) x30 0x8000fd58
core   0: 0x80009d5c (0x2a3f2423) sw      gp, 680(t5)
core   0: 3 0x80009d5c (0x2a3f2423) mem 0x80010000 0x00000001
core   0: 0x80009d60 (0xff9ff06f) j       pc - 0x8
core   0: 3 0x80009d60 (0xff9ff06f)
core   0: 0x80009d58 (0x00006f17) auipc   t5, 0x6
core   0: 3 0x80009d58 (0x00006f17) x30 0x8000fd58
core   0: 0x80009d5c (0x2a3f2423) sw      gp, 680(t5)
core   0: 3 0x80009d5c (0x2a3f2423) mem 0x80010000 0x00000001
core   0: 0x80009d60 (0xff9ff06f) j       pc - 0x8
core   0: 3 0x80009d60 (0xff9ff06f)
core   0: 0x80009d58 (0x00006f17) auipc   t5, 0x6
core   0: 3 0x80009d58 (0x00006f17) x30 0x8000fd58
core   0: 0x80009d5c (0x2a3f2423) sw      gp, 680(t5)
core   0: 3 0x80009d5c (0x2a3f2423) mem 0x80010000 0x00000001
core   0: 0x80009d60 (0xff9ff06f) j       pc - 0x8
core   0: 3 0x80009d60 (0xff9ff06f)
core   0: 0x80009d58 (0x00006f17) auipc   t5, 0x6
core   0: 3 0x80009d58 (0x00006f17) x30 0x8000fd58
core   0: 0x80009d5c (0x2a3f2423) sw      gp, 680(t5)
core   0: 3 0x80009d5c (0x2a3f2423) mem 0x80010000 0x00000001
core   0: 0x80009d60 (0xff9ff06f) j       pc - 0x8
core   0: 3 0x80009d60 (0xff9ff06f)
core   0: 0x80009d58 (0x00006f17) auipc   t5, 0x6
core   0: 3 0x80009d58 (0x00006f17) x30 0x8000fd58
core   0: 0x80009d5c (0x2a3f2423) sw      gp, 680(t5)
core   0: 3 0x80009d5c (0x2a3f2423) mem 0x80010000 0x00000001
core   0: 0x80009d60 (0xff9ff06f) j       pc - 0x8
core   0: 3 0x80009d60 (0xff9ff06f)
core   0: 0x80009d58 (0x00006f17) auipc   t5, 0x6
core   0: 3 0x80009d58 (0x00006f17) x30 0x8000fd58
core   0: 0x80009d5c (0x2a3f2423) sw      gp, 680(t5)
core   0: 3 0x80009d5c (0x2a3f2423) mem 0x80010000 0x00000001
core   0: 0x80009d60 (0xff9ff06f) j       pc - 0x8
core   0: 3 0x80009d60 (0xff9ff06f)
core   0: 0x80009d58 (0x00006f17) auipc   t5, 0x6
core   0: 3 0x80009d58 (0x00006f17) x30 0x8000fd58
core   0: 0x80009d5c (0x2a3f2423) sw      gp, 680(t5)
core   0: 3 0x80009d5c (0x2a3f2423) mem 0x80010000 0x00000001
core   0: 0x80009d60 (0xff9ff06f) j       pc - 0x8
core   0: 3 0x80009d60 (0xff9ff06f)
core   0: 0x80009d58 (0x00006f17) auipc   t5, 0x6
core   0: 3 0x80009d58 (0x00006f17) x30 0x8000fd58
core   0: 0x80009d5c (0x2a3f2423) sw      gp, 680(t5)
core   0: 3 0x80009d5c (0x2a3f2423) mem 0x80010000 0x00000001
core   0: 0x80009d60 (0xff9ff06f) j       pc - 0x8
core   0: 3 0x80009d60 (0xff9ff06f)
core   0: 0x80009d58 (0x00006f17) auipc   t5, 0x6
core   0: 3 0x80009d58 (0x00006f17) x30 0x8000fd58
core   0: 0x80009d5c (0x2a3f2423) sw      gp, 680(t5)
core   0: 3 0x80009d5c (0x2a3f2423) mem 0x80010000 0x00000001
core   0: 0x80009d60 (0xff9ff06f) j       pc - 0x8
core   0: 3 0x80009d60 (0xff9ff06f)
core   0: 0x80009d58 (0x00006f17) auipc   t5, 0x6
core   0: 3 0x80009d58 (0x00006f17) x30 0x8000fd58
core   0: 0x80009d5c (0x2a3f2423) sw      gp, 680(t5)
core   0: 3 0x80009d5c (0x2a3f2423) mem 0x80010000 0x00000001
core   0: 0x80009d60 (0xff9ff06f) j       pc - 0x8
core   0: 3 0x80009d60 (0xff9ff06f)
core   0: 0x80009d58 (0x00006f17) auipc   t5, 0x6
core   0: 3 0x80009d58 (0x00006f17) x30 0x8000fd58
core   0: 0x80009d5c (0x2a3f2423) sw      gp, 680(t5)
core   0: 3 0x80009d5c (0x2a3f2423) mem 0x80010000 0x00000001
core   0: 0x80009d60 (0xff9ff06f) j       pc - 0x8
core   0: 3 0x80009d60 (0xff9ff06f)
core   0: 0x80009d58 (0x00006f17) auipc   t5, 0x6
core   0: 3 0x80009d58 (0x00006f17) x30 0x8000fd58
core   0: 0x80009d5c (0x2a3f2423) sw      gp, 680(t5)
core   0: 3 0x80009d5c (0x2a3f2423) mem 0x80010000 0x00000001
core   0: 0x80009d60 (0xff9ff06f) j       pc - 0x8
core   0: 3 0x80009d60 (0xff9ff06f)
core   0: 0x80009d58 (0x00006f17) auipc   t5, 0x6
core   0: 3 0x80009d58 (0x00006f17) x30 0x8000fd58
core   0: 0x80009d5c (0x2a3f2423) sw      gp, 680(t5)
core   0: 3 0x80009d5c (0x2a3f2423) mem 0x80010000 0x00000001
core   0: 0x80009d60 (0xff9ff06f) j       pc - 0x8
core   0: 3 0x80009d60 (0xff9ff06f)
core   0: 0x80009d58 (0x00006f17) auipc   t5, 0x6
core   0: 3 0x80009d58 (0x00006f17) x30 0x8000fd58
core   0: 0x80009d5c (0x2a3f2423) sw      gp, 680(t5)
core   0: 3 0x80009d5c (0x2a3f2423) mem 0x80010000 0x00000001
core   0: 0x80009d60 (0xff9ff06f) j       pc - 0x8
core   0: 3 0x80009d60 (0xff9ff06f)
core   0: 0x80009d58 (0x00006f17) auipc   t5, 0x6
core   0: 3 0x80009d58 (0x00006f17) x30 0x8000fd58
core   0: 0x80009d5c (0x2a3f2423) sw      gp, 680(t5)
core   0: 3 0x80009d5c (0x2a3f2423) mem 0x80010000 0x00000001
core   0: 0x80009d60 (0xff9ff06f) j       pc - 0x8
core   0: 3 0x80009d60 (0xff9ff06f)
core   0: 0x80009d58 (0x00006f17) auipc   t5, 0x6
core   0: 3 0x80009d58 (0x00006f17) x30 0x8000fd58
core   0: 0x80009d5c (0x2a3f2423) sw      gp, 680(t5)
core   0: 3 0x80009d5c (0x2a3f2423) mem 0x80010000 0x00000001
core   0: 0x80009d60 (0xff9ff06f) j       pc - 0x8
core   0: 3 0x80009d60 (0xff9ff06f)
core   0: 0x80009d58 (0x00006f17) auipc   t5, 0x6
core   0: 3 0x80009d58 (0x00006f17) x30 0x8000fd58
core   0: 0x80009d5c (0x2a3f2423) sw      gp, 680(t5)
core   0: 3 0x80009d5c (0x2a3f2423) mem 0x80010000 0x00000001
core   0: 0x80009d60 (0xff9ff06f) j       pc - 0x8
core   0: 3 0x80009d60 (0xff9ff06f)
core   0: 0x80009d58 (0x00006f17) auipc   t5, 0x6
core   0: 3 0x80009d58 (0x00006f17) x30 0x8000fd58
core   0: 0x80009d5c (0x2a3f2423) sw      gp, 680(t5)
core   0: 3 0x80009d5c (0x2a3f2423) mem 0x80010000 0x00000001
core   0: 0x80009d60 (0xff9ff06f) j       pc - 0x8
core   0: 3 0x80009d60 (0xff9ff06f)
core   0: 0x80009d58 (0x00006f17) auipc   t5, 0x6
core   0: 3 0x80009d58 (0x00006f17) x30 0x8000fd58
core   0: 0x80009d5c (0x2a3f2423) sw      gp, 680(t5)
core   0: 3 0x80009d5c (0x2a3f2423) mem 0x80010000 0x00000001
core   0: 0x80009d60 (0xff9ff06f) j       pc - 0x8
core   0: 3 0x80009d60 (0xff9ff06f)
core   0: 0x80009d58 (0x00006f17) auipc   t5, 0x6
core   0: 3 0x80009d58 (0x00006f17) x30 0x8000fd58
core   0: 0x80009d5c (0x2a3f2423) sw      gp, 680(t5)
core   0: 3 0x80009d5c (0x2a3f2423) mem 0x80010000 0x00000001
core   0: 0x80009d60 (0xff9ff06f) j       pc - 0x8
core   0: 3 0x80009d60 (0xff9ff06f)
core   0: 0x80009d58 (0x00006f17) auipc   t5, 0x6
core   0: 3 0x80009d58 (0x00006f17) x30 0x8000fd58
core   0: 0x80009d5c (0x2a3f2423) sw      gp, 680(t5)
core   0: 3 0x80009d5c (0x2a3f2423) mem 0x80010000 0x00000001
core   0: 0x80009d60 (0xff9ff06f) j       pc - 0x8
core   0: 3 0x80009d60 (0xff9ff06f)
core   0: 0x80009d58 (0x00006f17) auipc   t5, 0x6
core   0: 3 0x80009d58 (0x00006f17) x30 0x8000fd58
core   0: 0x80009d5c (0x2a3f2423) sw      gp, 680(t5)
core   0: 3 0x80009d5c (0x2a3f2423) mem 0x80010000 0x00000001
core   0: 0x80009d60 (0xff9ff06f) j       pc - 0x8
core   0: 3 0x80009d60 (0xff9ff06f)
core   0: 0x80009d58 (0x00006f17) auipc   t5, 0x6
core   0: 3 0x80009d58 (0x00006f17) x30 0x8000fd58
core   0: 0x80009d5c (0x2a3f2423) sw      gp, 680(t5)
core   0: 3 0x80009d5c (0x2a3f2423) mem 0x80010000 0x00000001
core   0: 0x80009d60 (0xff9ff06f) j       pc - 0x8
core   0: 3 0x80009d60 (0xff9ff06f)
core   0: 0x80009d58 (0x00006f17) auipc   t5, 0x6
core   0: 3 0x80009d58 (0x00006f17) x30 0x8000fd58
core   0: 0x80009d5c (0x2a3f2423) sw      gp, 680(t5)
core   0: 3 0x80009d5c (0x2a3f2423) mem 0x80010000 0x00000001
core   0: 0x80009d60 (0xff9ff06f) j       pc - 0x8
core   0: 3 0x80009d60 (0xff9ff06f)
core   0: 0x80009d58 (0x00006f17) auipc   t5, 0x6
core   0: 3 0x80009d58 (0x00006f17) x30 0x8000fd58
core   0: 0x80009d5c (0x2a3f2423) sw      gp, 680(t5)
core   0: 3 0x80009d5c (0x2a3f2423) mem 0x80010000 0x00000001
core   0: 0x80009d60 (0xff9ff06f) j       pc - 0x8
core   0: 3 0x80009d60 (0xff9ff06f)
core   0: 0x80009d58 (0x00006f17) auipc   t5, 0x6
core   0: 3 0x80009d58 (0x00006f17) x30 0x8000fd58
core   0: 0x80009d5c (0x2a3f2423) sw      gp, 680(t5)
core   0: 3 0x80009d5c (0x2a3f2423) mem 0x80010000 0x00000001
core   0: 0x80009d60 (0xff9ff06f) j       pc - 0x8
core   0: 3 0x80009d60 (0xff9ff06f)
core   0: 0x80009d58 (0x00006f17) auipc   t5, 0x6
core   0: 3 0x80009d58 (0x00006f17) x30 0x8000fd58
core   0: 0x80009d5c (0x2a3f2423) sw      gp, 680(t5)
core   0: 3 0x80009d5c (0x2a3f2423) mem 0x80010000 0x00000001
core   0: 0x80009d60 (0xff9ff06f) j       pc - 0x8
core   0: 3 0x80009d60 (0xff9ff06f)
core   0: 0x80009d58 (0x00006f17) auipc   t5, 0x6
core   0: 3 0x80009d58 (0x00006f17) x30 0x8000fd58
core   0: 0x80009d5c (0x2a3f2423) sw      gp, 680(t5)
core   0: 3 0x80009d5c (0x2a3f2423) mem 0x80010000 0x00000001
core   0: 0x80009d60 (0xff9ff06f) j       pc - 0x8
core   0: 3 0x80009d60 (0xff9ff06f)
core   0: 0x80009d58 (0x00006f17) auipc   t5, 0x6
core   0: 3 0x80009d58 (0x00006f17) x30 0x8000fd58
core   0: 0x80009d5c (0x2a3f2423) sw      gp, 680(t5)
core   0: 3 0x80009d5c (0x2a3f2423) mem 0x80010000 0x00000001
core   0: 0x80009d60 (0xff9ff06f) j       pc - 0x8
core   0: 3 0x80009d60 (0xff9ff06f)
core   0: 0x80009d58 (0x00006f17) auipc   t5, 0x6
core   0: 3 0x80009d58 (0x00006f17) x30 0x8000fd58
core   0: 0x80009d5c (0x2a3f2423) sw      gp, 680(t5)
core   0: 3 0x80009d5c (0x2a3f2423) mem 0x80010000 0x00000001
core   0: 0x80009d60 (0xff9ff06f) j       pc - 0x8
core   0: 3 0x80009d60 (0xff9ff06f)
core   0: 0x80009d58 (0x00006f17) auipc   t5, 0x6
core   0: 3 0x80009d58 (0x00006f17) x30 0x8000fd58
core   0: 0x80009d5c (0x2a3f2423) sw      gp, 680(t5)
core   0: 3 0x80009d5c (0x2a3f2423) mem 0x80010000 0x00000001
core   0: 0x80009d60 (0xff9ff06f) j       pc - 0x8
core   0: 3 0x80009d60 (0xff9ff06f)
core   0: 0x80009d58 (0x00006f17) auipc   t5, 0x6
core   0: 3 0x80009d58 (0x00006f17) x30 0x8000fd58
core   0: 0x80009d5c (0x2a3f2423) sw      gp, 680(t5)
core   0: 3 0x80009d5c (0x2a3f2423) mem 0x80010000 0x00000001
core   0: 0x80009d60 (0xff9ff06f) j       pc - 0x8
core   0: 3 0x80009d60 (0xff9ff06f)
core   0: 0x80009d58 (0x00006f17) auipc   t5, 0x6
core   0: 3 0x80009d58 (0x00006f17) x30 0x8000fd58
core   0: 0x80009d5c (0x2a3f2423) sw      gp, 680(t5)
core   0: 3 0x80009d5c (0x2a3f2423) mem 0x80010000 0x00000001
core   0: 0x80009d60 (0xff9ff06f) j       pc - 0x8
core   0: 3 0x80009d60 (0xff9ff06f)
core   0: 0x80009d58 (0x00006f17) auipc   t5, 0x6
core   0: 3 0x80009d58 (0x00006f17) x30 0x8000fd58
core   0: 0x80009d5c (0x2a3f2423) sw      gp, 680(t5)
core   0: 3 0x80009d5c (0x2a3f2423) mem 0x80010000 0x00000001
core   0: 0x80009d60 (0xff9ff06f) j       pc - 0x8
core   0: 3 0x80009d60 (0xff9ff06f)
core   0: 0x80009d58 (0x00006f17) auipc   t5, 0x6
core   0: 3 0x80009d58 (0x00006f17) x30 0x8000fd58
core   0: 0x80009d5c (0x2a3f2423) sw      gp, 680(t5)
core   0: 3 0x80009d5c (0x2a3f2423) mem 0x80010000 0x00000001
core   0: 0x80009d60 (0xff9ff06f) j       pc - 0x8
core   0: 3 0x80009d60 (0xff9ff06f)
core   0: 0x80009d58 (0x00006f17) auipc   t5, 0x6
core   0: 3 0x80009d58 (0x00006f17) x30 0x8000fd58
core   0: 0x80009d5c (0x2a3f2423) sw      gp, 680(t5)
core   0: 3 0x80009d5c (0x2a3f2423) mem 0x80010000 0x00000001
core   0: 0x80009d60 (0xff9ff06f) j       pc - 0x8
core   0: 3 0x80009d60 (0xff9ff06f)
core   0: 0x80009d58 (0x00006f17) auipc   t5, 0x6
core   0: 3 0x80009d58 (0x00006f17) x30 0x8000fd58
core   0: 0x80009d5c (0x2a3f2423) sw      gp, 680(t5)
core   0: 3 0x80009d5c (0x2a3f2423) mem 0x80010000 0x00000001
core   0: 0x80009d60 (0xff9ff06f) j       pc - 0x8
core   0: 3 0x80009d60 (0xff9ff06f)
core   0: 0x80009d58 (0x00006f17) auipc   t5, 0x6
core   0: 3 0x80009d58 (0x00006f17) x30 0x8000fd58
core   0: 0x80009d5c (0x2a3f2423) sw      gp, 680(t5)
core   0: 3 0x80009d5c (0x2a3f2423) mem 0x80010000 0x00000001
core   0: 0x80009d60 (0xff9ff06f) j       pc - 0x8
core   0: 3 0x80009d60 (0xff9ff06f)
core   0: 0x80009d58 (0x00006f17) auipc   t5, 0x6
core   0: 3 0x80009d58 (0x00006f17) x30 0x8000fd58
core   0: 0x80009d5c (0x2a3f2423) sw      gp, 680(t5)
core   0: 3 0x80009d5c (0x2a3f2423) mem 0x80010000 0x00000001
core   0: 0x80009d60 (0xff9ff06f) j       pc - 0x8
core   0: 3 0x80009d60 (0xff9ff06f)
core   0: 0x80009d58 (0x00006f17) auipc   t5, 0x6
core   0: 3 0x80009d58 (0x00006f17) x30 0x8000fd58
core   0: 0x80009d5c (0x2a3f2423) sw      gp, 680(t5)
core   0: 3 0x80009d5c (0x2a3f2423) mem 0x80010000 0x00000001
core   0: 0x80009d60 (0xff9ff06f) j       pc - 0x8
core   0: 3 0x80009d60 (0xff9ff06f)
core   0: 0x80009d58 (0x00006f17) auipc   t5, 0x6
core   0: 3 0x80009d58 (0x00006f17) x30 0x8000fd58
core   0: 0x80009d5c (0x2a3f2423) sw      gp, 680(t5)
core   0: 3 0x80009d5c (0x2a3f2423) mem 0x80010000 0x00000001
core   0: 0x80009d60 (0xff9ff06f) j       pc - 0x8
core   0: 3 0x80009d60 (0xff9ff06f)
core   0: 0x80009d58 (0x00006f17) auipc   t5, 0x6
core   0: 3 0x80009d58 (0x00006f17) x30 0x8000fd58
core   0: 0x80009d5c (0x2a3f2423) sw      gp, 680(t5)
core   0: 3 0x80009d5c (0x2a3f2423) mem 0x80010000 0x00000001
core   0: 0x80009d60 (0xff9ff06f) j       pc - 0x8
core   0: 3 0x80009d60 (0xff9ff06f)
core   0: 0x80009d58 (0x00006f17) auipc   t5, 0x6
core   0: 3 0x80009d58 (0x00006f17) x30 0x8000fd58
core   0: 0x80009d5c (0x2a3f2423) sw      gp, 680(t5)
core   0: 3 0x80009d5c (0x2a3f2423) mem 0x80010000 0x00000001
core   0: 0x80009d60 (0xff9ff06f) j       pc - 0x8
core   0: 3 0x80009d60 (0xff9ff06f)
core   0: 0x80009d58 (0x00006f17) auipc   t5, 0x6
core   0: 3 0x80009d58 (0x00006f17) x30 0x8000fd58
core   0: 0x80009d5c (0x2a3f2423) sw      gp, 680(t5)
core   0: 3 0x80009d5c (0x2a3f2423) mem 0x80010000 0x00000001
core   0: 0x80009d60 (0xff9ff06f) j       pc - 0x8
core   0: 3 0x80009d60 (0xff9ff06f)
core   0: 0x80009d58 (0x00006f17) auipc   t5, 0x6
core   0: 3 0x80009d58 (0x00006f17) x30 0x8000fd58
core   0: 0x80009d5c (0x2a3f2423) sw      gp, 680(t5)
core   0: 3 0x80009d5c (0x2a3f2423) mem 0x80010000 0x00000001
core   0: 0x80009d60 (0xff9ff06f) j       pc - 0x8
core   0: 3 0x80009d60 (0xff9ff06f)
core   0: 0x80009d58 (0x00006f17) auipc   t5, 0x6
core   0: 3 0x80009d58 (0x00006f17) x30 0x8000fd58
core   0: 0x80009d5c (0x2a3f2423) sw      gp, 680(t5)
core   0: 3 0x80009d5c (0x2a3f2423) mem 0x80010000 0x00000001
core   0: 0x80009d60 (0xff9ff06f) j       pc - 0x8
core   0: 3 0x80009d60 (0xff9ff06f)
core   0: 0x80009d58 (0x00006f17) auipc   t5, 0x6
core   0: 3 0x80009d58 (0x00006f17) x30 0x8000fd58
core   0: 0x80009d5c (0x2a3f2423) sw      gp, 680(t5)
core   0: 3 0x80009d5c (0x2a3f2423) mem 0x80010000 0x00000001
core   0: 0x80009d60 (0xff9ff06f) j       pc - 0x8
core   0: 3 0x80009d60 (0xff9ff06f)
core   0: 0x80009d58 (0x00006f17) auipc   t5, 0x6
core   0: 3 0x80009d58 (0x00006f17) x30 0x8000fd58
core   0: 0x80009d5c (0x2a3f2423) sw      gp, 680(t5)
core   0: 3 0x80009d5c (0x2a3f2423) mem 0x80010000 0x00000001
core   0: 0x80009d60 (0xff9ff06f) j       pc - 0x8
core   0: 3 0x80009d60 (0xff9ff06f)
core   0: 0x80009d58 (0x00006f17) auipc   t5, 0x6
core   0: 3 0x80009d58 (0x00006f17) x30 0x8000fd58
core   0: 0x80009d5c (0x2a3f2423) sw      gp, 680(t5)
core   0: 3 0x80009d5c (0x2a3f2423) mem 0x80010000 0x00000001
core   0: 0x80009d60 (0xff9ff06f) j       pc - 0x8
core   0: 3 0x80009d60 (0xff9ff06f)
core   0: 0x80009d58 (0x00006f17) auipc   t5, 0x6
core   0: 3 0x80009d58 (0x00006f17) x30 0x8000fd58
core   0: 0x80009d5c (0x2a3f2423) sw      gp, 680(t5)
core   0: 3 0x80009d5c (0x2a3f2423) mem 0x80010000 0x00000001
core   0: 0x80009d60 (0xff9ff06f) j       pc - 0x8
core   0: 3 0x80009d60 (0xff9ff06f)
core   0: 0x80009d58 (0x00006f17) auipc   t5, 0x6
core   0: 3 0x80009d58 (0x00006f17) x30 0x8000fd58
core   0: 0x80009d5c (0x2a3f2423) sw      gp, 680(t5)
core   0: 3 0x80009d5c (0x2a3f2423) mem 0x80010000 0x00000001
core   0: 0x80009d60 (0xff9ff06f) j       pc - 0x8
core   0: 3 0x80009d60 (0xff9ff06f)
core   0: 0x80009d58 (0x00006f17) auipc   t5, 0x6
core   0: 3 0x80009d58 (0x00006f17) x30 0x8000fd58
core   0: 0x80009d5c (0x2a3f2423) sw      gp, 680(t5)
core   0: 3 0x80009d5c (0x2a3f2423) mem 0x80010000 0x00000001
core   0: 0x80009d60 (0xff9ff06f) j       pc - 0x8
core   0: 3 0x80009d60 (0xff9ff06f)
core   0: 0x80009d58 (0x00006f17) auipc   t5, 0x6
core   0: 3 0x80009d58 (0x00006f17) x30 0x8000fd58
core   0: 0x80009d5c (0x2a3f2423) sw      gp, 680(t5)
core   0: 3 0x80009d5c (0x2a3f2423) mem 0x80010000 0x00000001
core   0: 0x80009d60 (0xff9ff06f) j       pc - 0x8
core   0: 3 0x80009d60 (0xff9ff06f)
core   0: 0x80009d58 (0x00006f17) auipc   t5, 0x6
core   0: 3 0x80009d58 (0x00006f17) x30 0x8000fd58
core   0: 0x80009d5c (0x2a3f2423) sw      gp, 680(t5)
core   0: 3 0x80009d5c (0x2a3f2423) mem 0x80010000 0x00000001
core   0: 0x80009d60 (0xff9ff06f) j       pc - 0x8
core   0: 3 0x80009d60 (0xff9ff06f)
core   0: 0x80009d58 (0x00006f17) auipc   t5, 0x6
core   0: 3 0x80009d58 (0x00006f17) x30 0x8000fd58
core   0: 0x80009d5c (0x2a3f2423) sw      gp, 680(t5)
core   0: 3 0x80009d5c (0x2a3f2423) mem 0x80010000 0x00000001
core   0: 0x80009d60 (0xff9ff06f) j       pc - 0x8
core   0: 3 0x80009d60 (0xff9ff06f)
core   0: 0x80009d58 (0x00006f17) auipc   t5, 0x6
core   0: 3 0x80009d58 (0x00006f17) x30 0x8000fd58
core   0: 0x80009d5c (0x2a3f2423) sw      gp, 680(t5)
core   0: 3 0x80009d5c (0x2a3f2423) mem 0x80010000 0x00000001
core   0: 0x80009d60 (0xff9ff06f) j       pc - 0x8
core   0: 3 0x80009d60 (0xff9ff06f)
core   0: 0x80009d58 (0x00006f17) auipc   t5, 0x6
core   0: 3 0x80009d58 (0x00006f17) x30 0x8000fd58
core   0: 0x80009d5c (0x2a3f2423) sw      gp, 680(t5)
core   0: 3 0x80009d5c (0x2a3f2423) mem 0x80010000 0x00000001
core   0: 0x80009d60 (0xff9ff06f) j       pc - 0x8
core   0: 3 0x80009d60 (0xff9ff06f)
core   0: 0x80009d58 (0x00006f17) auipc   t5, 0x6
core   0: 3 0x80009d58 (0x00006f17) x30 0x8000fd58
core   0: 0x80009d5c (0x2a3f2423) sw      gp, 680(t5)
core   0: 3 0x80009d5c (0x2a3f2423) mem 0x80010000 0x00000001
core   0: 0x80009d60 (0xff9ff06f) j       pc - 0x8
core   0: 3 0x80009d60 (0xff9ff06f)
core   0: 0x80009d58 (0x00006f17) auipc   t5, 0x6
core   0: 3 0x80009d58 (0x00006f17) x30 0x8000fd58
core   0: 0x80009d5c (0x2a3f2423) sw      gp, 680(t5)
core   0: 3 0x80009d5c (0x2a3f2423) mem 0x80010000 0x00000001
core   0: 0x80009d60 (0xff9ff06f) j       pc - 0x8
core   0: 3 0x80009d60 (0xff9ff06f)
core   0: 0x80009d58 (0x00006f17) auipc   t5, 0x6
core   0: 3 0x80009d58 (0x00006f17) x30 0x8000fd58
core   0: 0x80009d5c (0x2a3f2423) sw      gp, 680(t5)
core   0: 3 0x80009d5c (0x2a3f2423) mem 0x80010000 0x00000001
core   0: 0x80009d60 (0xff9ff06f) j       pc - 0x8
core   0: 3 0x80009d60 (0xff9ff06f)
core   0: 0x80009d58 (0x00006f17) auipc   t5, 0x6
core   0: 3 0x80009d58 (0x00006f17) x30 0x8000fd58
core   0: 0x80009d5c (0x2a3f2423) sw      gp, 680(t5)
core   0: 3 0x80009d5c (0x2a3f2423) mem 0x80010000 0x00000001
core   0: 0x80009d60 (0xff9ff06f) j       pc - 0x8
core   0: 3 0x80009d60 (0xff9ff06f)
core   0: 0x80009d58 (0x00006f17) auipc   t5, 0x6
core   0: 3 0x80009d58 (0x00006f17) x30 0x8000fd58
core   0: 0x80009d5c (0x2a3f2423) sw      gp, 680(t5)
core   0: 3 0x80009d5c (0x2a3f2423) mem 0x80010000 0x00000001
core   0: 0x80009d60 (0xff9ff06f) j       pc - 0x8
core   0: 3 0x80009d60 (0xff9ff06f)
core   0: 0x80009d58 (0x00006f17) auipc   t5, 0x6
core   0: 3 0x80009d58 (0x00006f17) x30 0x8000fd58
core   0: 0x80009d5c (0x2a3f2423) sw      gp, 680(t5)
core   0: 3 0x80009d5c (0x2a3f2423) mem 0x80010000 0x00000001
core   0: 0x80009d60 (0xff9ff06f) j       pc - 0x8
core   0: 3 0x80009d60 (0xff9ff06f)
core   0: 0x80009d58 (0x00006f17) auipc   t5, 0x6
core   0: 3 0x80009d58 (0x00006f17) x30 0x8000fd58
core   0: 0x80009d5c (0x2a3f2423) sw      gp, 680(t5)
core   0: 3 0x80009d5c (0x2a3f2423) mem 0x80010000 0x00000001
core   0: 0x80009d60 (0xff9ff06f) j       pc - 0x8
core   0: 3 0x80009d60 (0xff9ff06f)
core   0: 0x80009d58 (0x00006f17) auipc   t5, 0x6
core   0: 3 0x80009d58 (0x00006f17) x30 0x8000fd58
core   0: 0x80009d5c (0x2a3f2423) sw      gp, 680(t5)
core   0: 3 0x80009d5c (0x2a3f2423) mem 0x80010000 0x00000001
core   0: 0x80009d60 (0xff9ff06f) j       pc - 0x8
core   0: 3 0x80009d60 (0xff9ff06f)
core   0: 0x80009d58 (0x00006f17) auipc   t5, 0x6
core   0: 3 0x80009d58 (0x00006f17) x30 0x8000fd58
core   0: 0x80009d5c (0x2a3f2423) sw      gp, 680(t5)
core   0: 3 0x80009d5c (0x2a3f2423) mem 0x80010000 0x00000001
core   0: 0x80009d60 (0xff9ff06f) j       pc - 0x8
core   0: 3 0x80009d60 (0xff9ff06f)
core   0: 0x80009d58 (0x00006f17) auipc   t5, 0x6
core   0: 3 0x80009d58 (0x00006f17) x30 0x8000fd58
core   0: 0x80009d5c (0x2a3f2423) sw      gp, 680(t5)
core   0: 3 0x80009d5c (0x2a3f2423) mem 0x80010000 0x00000001
core   0: 0x80009d60 (0xff9ff06f) j       pc - 0x8
core   0: 3 0x80009d60 (0xff9ff06f)
core   0: 0x80009d58 (0x00006f17) auipc   t5, 0x6
core   0: 3 0x80009d58 (0x00006f17) x30 0x8000fd58
core   0: 0x80009d5c (0x2a3f2423) sw      gp, 680(t5)
core   0: 3 0x80009d5c (0x2a3f2423) mem 0x80010000 0x00000001
core   0: 0x80009d60 (0xff9ff06f) j       pc - 0x8
core   0: 3 0x80009d60 (0xff9ff06f)
core   0: 0x80009d58 (0x00006f17) auipc   t5, 0x6
core   0: 3 0x80009d58 (0x00006f17) x30 0x8000fd58
core   0: 0x80009d5c (0x2a3f2423) sw      gp, 680(t5)
core   0: 3 0x80009d5c (0x2a3f2423) mem 0x80010000 0x00000001
core   0: 0x80009d60 (0xff9ff06f) j       pc - 0x8
core   0: 3 0x80009d60 (0xff9ff06f)
core   0: 0x80009d58 (0x00006f17) auipc   t5, 0x6
core   0: 3 0x80009d58 (0x00006f17) x30 0x8000fd58
core   0: 0x80009d5c (0x2a3f2423) sw      gp, 680(t5)
core   0: 3 0x80009d5c (0x2a3f2423) mem 0x80010000 0x00000001
core   0: 0x80009d60 (0xff9ff06f) j       pc - 0x8
core   0: 3 0x80009d60 (0xff9ff06f)
core   0: 0x80009d58 (0x00006f17) auipc   t5, 0x6
core   0: 3 0x80009d58 (0x00006f17) x30 0x8000fd58
core   0: 0x80009d5c (0x2a3f2423) sw      gp, 680(t5)
core   0: 3 0x80009d5c (0x2a3f2423) mem 0x80010000 0x00000001
core   0: 0x80009d60 (0xff9ff06f) j       pc - 0x8
core   0: 3 0x80009d60 (0xff9ff06f)
core   0: 0x80009d58 (0x00006f17) auipc   t5, 0x6
core   0: 3 0x80009d58 (0x00006f17) x30 0x8000fd58
core   0: 0x80009d5c (0x2a3f2423) sw      gp, 680(t5)
core   0: 3 0x80009d5c (0x2a3f2423) mem 0x80010000 0x00000001
core   0: 0x80009d60 (0xff9ff06f) j       pc - 0x8
core   0: 3 0x80009d60 (0xff9ff06f)
core   0: 0x80009d58 (0x00006f17) auipc   t5, 0x6
core   0: 3 0x80009d58 (0x00006f17) x30 0x8000fd58
core   0: 0x80009d5c (0x2a3f2423) sw      gp, 680(t5)
core   0: 3 0x80009d5c (0x2a3f2423) mem 0x80010000 0x00000001
core   0: 0x80009d60 (0xff9ff06f) j       pc - 0x8
core   0: 3 0x80009d60 (0xff9ff06f)
core   0: 0x80009d58 (0x00006f17) auipc   t5, 0x6
core   0: 3 0x80009d58 (0x00006f17) x30 0x8000fd58
core   0: 0x80009d5c (0x2a3f2423) sw      gp, 680(t5)
core   0: 3 0x80009d5c (0x2a3f2423) mem 0x80010000 0x00000001
core   0: 0x80009d60 (0xff9ff06f) j       pc - 0x8
core   0: 3 0x80009d60 (0xff9ff06f)
core   0: 0x80009d58 (0x00006f17) auipc   t5, 0x6
core   0: 3 0x80009d58 (0x00006f17) x30 0x8000fd58
core   0: 0x80009d5c (0x2a3f2423) sw      gp, 680(t5)
core   0: 3 0x80009d5c (0x2a3f2423) mem 0x80010000 0x00000001
core   0: 0x80009d60 (0xff9ff06f) j       pc - 0x8
core   0: 3 0x80009d60 (0xff9ff06f)
core   0: 0x80009d58 (0x00006f17) auipc   t5, 0x6
core   0: 3 0x80009d58 (0x00006f17) x30 0x8000fd58
core   0: 0x80009d5c (0x2a3f2423) sw      gp, 680(t5)
core   0: 3 0x80009d5c (0x2a3f2423) mem 0x80010000 0x00000001
core   0: 0x80009d60 (0xff9ff06f) j       pc - 0x8
core   0: 3 0x80009d60 (0xff9ff06f)
core   0: 0x80009d58 (0x00006f17) auipc   t5, 0x6
core   0: 3 0x80009d58 (0x00006f17) x30 0x8000fd58
core   0: 0x80009d5c (0x2a3f2423) sw      gp, 680(t5)
core   0: 3 0x80009d5c (0x2a3f2423) mem 0x80010000 0x00000001
core   0: 0x80009d60 (0xff9ff06f) j       pc - 0x8
core   0: 3 0x80009d60 (0xff9ff06f)
core   0: 0x80009d58 (0x00006f17) auipc   t5, 0x6
core   0: 3 0x80009d58 (0x00006f17) x30 0x8000fd58
core   0: 0x80009d5c (0x2a3f2423) sw      gp, 680(t5)
core   0: 3 0x80009d5c (0x2a3f2423) mem 0x80010000 0x00000001
core   0: 0x80009d60 (0xff9ff06f) j       pc - 0x8
core   0: 3 0x80009d60 (0xff9ff06f)
core   0: 0x80009d58 (0x00006f17) auipc   t5, 0x6
core   0: 3 0x80009d58 (0x00006f17) x30 0x8000fd58
core   0: 0x80009d5c (0x2a3f2423) sw      gp, 680(t5)
core   0: 3 0x80009d5c (0x2a3f2423) mem 0x80010000 0x00000001
core   0: 0x80009d60 (0xff9ff06f) j       pc - 0x8
core   0: 3 0x80009d60 (0xff9ff06f)
core   0: 0x80009d58 (0x00006f17) auipc   t5, 0x6
core   0: 3 0x80009d58 (0x00006f17) x30 0x8000fd58
core   0: 0x80009d5c (0x2a3f2423) sw      gp, 680(t5)
core   0: 3 0x80009d5c (0x2a3f2423) mem 0x80010000 0x00000001
core   0: 0x80009d60 (0xff9ff06f) j       pc - 0x8
core   0: 3 0x80009d60 (0xff9ff06f)
core   0: 0x80009d58 (0x00006f17) auipc   t5, 0x6
core   0: 3 0x80009d58 (0x00006f17) x30 0x8000fd58
core   0: 0x80009d5c (0x2a3f2423) sw      gp, 680(t5)
core   0: 3 0x80009d5c (0x2a3f2423) mem 0x80010000 0x00000001
core   0: 0x80009d60 (0xff9ff06f) j       pc - 0x8
core   0: 3 0x80009d60 (0xff9ff06f)
core   0: 0x80009d58 (0x00006f17) auipc   t5, 0x6
core   0: 3 0x80009d58 (0x00006f17) x30 0x8000fd58
core   0: 0x80009d5c (0x2a3f2423) sw      gp, 680(t5)
core   0: 3 0x80009d5c (0x2a3f2423) mem 0x80010000 0x00000001
core   0: 0x80009d60 (0xff9ff06f) j       pc - 0x8
core   0: 3 0x80009d60 (0xff9ff06f)
core   0: 0x80009d58 (0x00006f17) auipc   t5, 0x6
core   0: 3 0x80009d58 (0x00006f17) x30 0x8000fd58
core   0: 0x80009d5c (0x2a3f2423) sw      gp, 680(t5)
core   0: 3 0x80009d5c (0x2a3f2423) mem 0x80010000 0x00000001
core   0: 0x80009d60 (0xff9ff06f) j       pc - 0x8
core   0: 3 0x80009d60 (0xff9ff06f)
core   0: 0x80009d58 (0x00006f17) auipc   t5, 0x6
core   0: 3 0x80009d58 (0x00006f17) x30 0x8000fd58
core   0: 0x80009d5c (0x2a3f2423) sw      gp, 680(t5)
core   0: 3 0x80009d5c (0x2a3f2423) mem 0x80010000 0x00000001
core   0: 0x80009d60 (0xff9ff06f) j       pc - 0x8
core   0: 3 0x80009d60 (0xff9ff06f)
core   0: 0x80009d58 (0x00006f17) auipc   t5, 0x6
core   0: 3 0x80009d58 (0x00006f17) x30 0x8000fd58
core   0: 0x80009d5c (0x2a3f2423) sw      gp, 680(t5)
core   0: 3 0x80009d5c (0x2a3f2423) mem 0x80010000 0x00000001
core   0: 0x80009d60 (0xff9ff06f) j       pc - 0x8
core   0: 3 0x80009d60 (0xff9ff06f)
core   0: 0x80009d58 (0x00006f17) auipc   t5, 0x6
core   0: 3 0x80009d58 (0x00006f17) x30 0x8000fd58
core   0: 0x80009d5c (0x2a3f2423) sw      gp, 680(t5)
core   0: 3 0x80009d5c (0x2a3f2423) mem 0x80010000 0x00000001
core   0: 0x80009d60 (0xff9ff06f) j       pc - 0x8
core   0: 3 0x80009d60 (0xff9ff06f)
core   0: 0x80009d58 (0x00006f17) auipc   t5, 0x6
core   0: 3 0x80009d58 (0x00006f17) x30 0x8000fd58
core   0: 0x80009d5c (0x2a3f2423) sw      gp, 680(t5)
core   0: 3 0x80009d5c (0x2a3f2423) mem 0x80010000 0x00000001
core   0: 0x80009d60 (0xff9ff06f) j       pc - 0x8
core   0: 3 0x80009d60 (0xff9ff06f)
core   0: 0x80009d58 (0x00006f17) auipc   t5, 0x6
core   0: 3 0x80009d58 (0x00006f17) x30 0x8000fd58
core   0: 0x80009d5c (0x2a3f2423) sw      gp, 680(t5)
core   0: 3 0x80009d5c (0x2a3f2423) mem 0x80010000 0x00000001
core   0: 0x80009d60 (0xff9ff06f) j       pc - 0x8
core   0: 3 0x80009d60 (0xff9ff06f)
core   0: 0x80009d58 (0x00006f17) auipc   t5, 0x6
core   0: 3 0x80009d58 (0x00006f17) x30 0x8000fd58
core   0: 0x80009d5c (0x2a3f2423) sw      gp, 680(t5)
core   0: 3 0x80009d5c (0x2a3f2423) mem 0x80010000 0x00000001
core   0: 0x80009d60 (0xff9ff06f) j       pc - 0x8
core   0: 3 0x80009d60 (0xff9ff06f)
core   0: 0x80009d58 (0x00006f17) auipc   t5, 0x6
core   0: 3 0x80009d58 (0x00006f17) x30 0x8000fd58
core   0: 0x80009d5c (0x2a3f2423) sw      gp, 680(t5)
core   0: 3 0x80009d5c (0x2a3f2423) mem 0x80010000 0x00000001
core   0: 0x80009d60 (0xff9ff06f) j       pc - 0x8
core   0: 3 0x80009d60 (0xff9ff06f)
core   0: 0x80009d58 (0x00006f17) auipc   t5, 0x6
core   0: 3 0x80009d58 (0x00006f17) x30 0x8000fd58
core   0: 0x80009d5c (0x2a3f2423) sw      gp, 680(t5)
core   0: 3 0x80009d5c (0x2a3f2423) mem 0x80010000 0x00000001
core   0: 0x80009d60 (0xff9ff06f) j       pc - 0x8
core   0: 3 0x80009d60 (0xff9ff06f)
core   0: 0x80009d58 (0x00006f17) auipc   t5, 0x6
core   0: 3 0x80009d58 (0x00006f17) x30 0x8000fd58
core   0: 0x80009d5c (0x2a3f2423) sw      gp, 680(t5)
core   0: 3 0x80009d5c (0x2a3f2423) mem 0x80010000 0x00000001
core   0: 0x80009d60 (0xff9ff06f) j       pc - 0x8
core   0: 3 0x80009d60 (0xff9ff06f)
core   0: 0x80009d58 (0x00006f17) auipc   t5, 0x6
core   0: 3 0x80009d58 (0x00006f17) x30 0x8000fd58
core   0: 0x80009d5c (0x2a3f2423) sw      gp, 680(t5)
core   0: 3 0x80009d5c (0x2a3f2423) mem 0x80010000 0x00000001
core   0: 0x80009d60 (0xff9ff06f) j       pc - 0x8
core   0: 3 0x80009d60 (0xff9ff06f)
core   0: 0x80009d58 (0x00006f17) auipc   t5, 0x6
core   0: 3 0x80009d58 (0x00006f17) x30 0x8000fd58
core   0: 0x80009d5c (0x2a3f2423) sw      gp, 680(t5)
core   0: 3 0x80009d5c (0x2a3f2423) mem 0x80010000 0x00000001
core   0: 0x80009d60 (0xff9ff06f) j       pc - 0x8
core   0: 3 0x80009d60 (0xff9ff06f)
core   0: 0x80009d58 (0x00006f17) auipc   t5, 0x6
core   0: 3 0x80009d58 (0x00006f17) x30 0x8000fd58
core   0: 0x80009d5c (0x2a3f2423) sw      gp, 680(t5)
core   0: 3 0x80009d5c (0x2a3f2423) mem 0x80010000 0x00000001
core   0: 0x80009d60 (0xff9ff06f) j       pc - 0x8
core   0: 3 0x80009d60 (0xff9ff06f)
core   0: 0x80009d58 (0x00006f17) auipc   t5, 0x6
core   0: 3 0x80009d58 (0x00006f17) x30 0x8000fd58
core   0: 0x80009d5c (0x2a3f2423) sw      gp, 680(t5)
core   0: 3 0x80009d5c (0x2a3f2423) mem 0x80010000 0x00000001
core   0: 0x80009d60 (0xff9ff06f) j       pc - 0x8
core   0: 3 0x80009d60 (0xff9ff06f)
core   0: 0x80009d58 (0x00006f17) auipc   t5, 0x6
core   0: 3 0x80009d58 (0x00006f17) x30 0x8000fd58
core   0: 0x80009d5c (0x2a3f2423) sw      gp, 680(t5)
core   0: 3 0x80009d5c (0x2a3f2423) mem 0x80010000 0x00000001
core   0: 0x80009d60 (0xff9ff06f) j       pc - 0x8
core   0: 3 0x80009d60 (0xff9ff06f)
core   0: 0x80009d58 (0x00006f17) auipc   t5, 0x6
core   0: 3 0x80009d58 (0x00006f17) x30 0x8000fd58
core   0: 0x80009d5c (0x2a3f2423) sw      gp, 680(t5)
core   0: 3 0x80009d5c (0x2a3f2423) mem 0x80010000 0x00000001
core   0: 0x80009d60 (0xff9ff06f) j       pc - 0x8
core   0: 3 0x80009d60 (0xff9ff06f)
core   0: 0x80009d58 (0x00006f17) auipc   t5, 0x6
core   0: 3 0x80009d58 (0x00006f17) x30 0x8000fd58
core   0: 0x80009d5c (0x2a3f2423) sw      gp, 680(t5)
core   0: 3 0x80009d5c (0x2a3f2423) mem 0x80010000 0x00000001
core   0: 0x80009d60 (0xff9ff06f) j       pc - 0x8
core   0: 3 0x80009d60 (0xff9ff06f)
core   0: 0x80009d58 (0x00006f17) auipc   t5, 0x6
core   0: 3 0x80009d58 (0x00006f17) x30 0x8000fd58
core   0: 0x80009d5c (0x2a3f2423) sw      gp, 680(t5)
core   0: 3 0x80009d5c (0x2a3f2423) mem 0x80010000 0x00000001
core   0: 0x80009d60 (0xff9ff06f) j       pc - 0x8
core   0: 3 0x80009d60 (0xff9ff06f)
core   0: 0x80009d58 (0x00006f17) auipc   t5, 0x6
core   0: 3 0x80009d58 (0x00006f17) x30 0x8000fd58
core   0: 0x80009d5c (0x2a3f2423) sw      gp, 680(t5)
core   0: 3 0x80009d5c (0x2a3f2423) mem 0x80010000 0x00000001
core   0: 0x80009d60 (0xff9ff06f) j       pc - 0x8
core   0: 3 0x80009d60 (0xff9ff06f)
core   0: 0x80009d58 (0x00006f17) auipc   t5, 0x6
core   0: 3 0x80009d58 (0x00006f17) x30 0x8000fd58
core   0: 0x80009d5c (0x2a3f2423) sw      gp, 680(t5)
core   0: 3 0x80009d5c (0x2a3f2423) mem 0x80010000 0x00000001
core   0: 0x80009d60 (0xff9ff06f) j       pc - 0x8
core   0: 3 0x80009d60 (0xff9ff06f)
core   0: 0x80009d58 (0x00006f17) auipc   t5, 0x6
core   0: 3 0x80009d58 (0x00006f17) x30 0x8000fd58
core   0: 0x80009d5c (0x2a3f2423) sw      gp, 680(t5)
core   0: 3 0x80009d5c (0x2a3f2423) mem 0x80010000 0x00000001
core   0: 0x80009d60 (0xff9ff06f) j       pc - 0x8
core   0: 3 0x80009d60 (0xff9ff06f)
core   0: 0x80009d58 (0x00006f17) auipc   t5, 0x6
core   0: 3 0x80009d58 (0x00006f17) x30 0x8000fd58
core   0: 0x80009d5c (0x2a3f2423) sw      gp, 680(t5)
core   0: 3 0x80009d5c (0x2a3f2423) mem 0x80010000 0x00000001
core   0: 0x80009d60 (0xff9ff06f) j       pc - 0x8
core   0: 3 0x80009d60 (0xff9ff06f)
core   0: 0x80009d58 (0x00006f17) auipc   t5, 0x6
core   0: 3 0x80009d58 (0x00006f17) x30 0x8000fd58
core   0: 0x80009d5c (0x2a3f2423) sw      gp, 680(t5)
core   0: 3 0x80009d5c (0x2a3f2423) mem 0x80010000 0x00000001
core   0: 0x80009d60 (0xff9ff06f) j       pc - 0x8
core   0: 3 0x80009d60 (0xff9ff06f)
core   0: 0x80009d58 (0x00006f17) auipc   t5, 0x6
core   0: 3 0x80009d58 (0x00006f17) x30 0x8000fd58
core   0: 0x80009d5c (0x2a3f2423) sw      gp, 680(t5)
core   0: 3 0x80009d5c (0x2a3f2423) mem 0x80010000 0x00000001
core   0: 0x80009d60 (0xff9ff06f) j       pc - 0x8
core   0: 3 0x80009d60 (0xff9ff06f)
core   0: 0x80009d58 (0x00006f17) auipc   t5, 0x6
core   0: 3 0x80009d58 (0x00006f17) x30 0x8000fd58
core   0: 0x80009d5c (0x2a3f2423) sw      gp, 680(t5)
core   0: 3 0x80009d5c (0x2a3f2423) mem 0x80010000 0x00000001
core   0: 0x80009d60 (0xff9ff06f) j       pc - 0x8
core   0: 3 0x80009d60 (0xff9ff06f)
core   0: 0x80009d58 (0x00006f17) auipc   t5, 0x6
core   0: 3 0x80009d58 (0x00006f17) x30 0x8000fd58
core   0: 0x80009d5c (0x2a3f2423) sw      gp, 680(t5)
core   0: 3 0x80009d5c (0x2a3f2423) mem 0x80010000 0x00000001
core   0: 0x80009d60 (0xff9ff06f) j       pc - 0x8
core   0: 3 0x80009d60 (0xff9ff06f)
core   0: 0x80009d58 (0x00006f17) auipc   t5, 0x6
core   0: 3 0x80009d58 (0x00006f17) x30 0x8000fd58
core   0: 0x80009d5c (0x2a3f2423) sw      gp, 680(t5)
core   0: 3 0x80009d5c (0x2a3f2423) mem 0x80010000 0x00000001
core   0: 0x80009d60 (0xff9ff06f) j       pc - 0x8
core   0: 3 0x80009d60 (0xff9ff06f)
core   0: 0x80009d58 (0x00006f17) auipc   t5, 0x6
core   0: 3 0x80009d58 (0x00006f17) x30 0x8000fd58
core   0: 0x80009d5c (0x2a3f2423) sw      gp, 680(t5)
core   0: 3 0x80009d5c (0x2a3f2423) mem 0x80010000 0x00000001
core   0: 0x80009d60 (0xff9ff06f) j       pc - 0x8
core   0: 3 0x80009d60 (0xff9ff06f)
core   0: 0x80009d58 (0x00006f17) auipc   t5, 0x6
core   0: 3 0x80009d58 (0x00006f17) x30 0x8000fd58
core   0: 0x80009d5c (0x2a3f2423) sw      gp, 680(t5)
core   0: 3 0x80009d5c (0x2a3f2423) mem 0x80010000 0x00000001
core   0: 0x80009d60 (0xff9ff06f) j       pc - 0x8
core   0: 3 0x80009d60 (0xff9ff06f)
core   0: 0x80009d58 (0x00006f17) auipc   t5, 0x6
core   0: 3 0x80009d58 (0x00006f17) x30 0x8000fd58
core   0: 0x80009d5c (0x2a3f2423) sw      gp, 680(t5)
core   0: 3 0x80009d5c (0x2a3f2423) mem 0x80010000 0x00000001
core   0: 0x80009d60 (0xff9ff06f) j       pc - 0x8
core   0: 3 0x80009d60 (0xff9ff06f)
core   0: 0x80009d58 (0x00006f17) auipc   t5, 0x6
core   0: 3 0x80009d58 (0x00006f17) x30 0x8000fd58
core   0: 0x80009d5c (0x2a3f2423) sw      gp, 680(t5)
core   0: 3 0x80009d5c (0x2a3f2423) mem 0x80010000 0x00000001
core   0: 0x80009d60 (0xff9ff06f) j       pc - 0x8
core   0: 3 0x80009d60 (0xff9ff06f)
core   0: 0x80009d58 (0x00006f17) auipc   t5, 0x6
core   0: 3 0x80009d58 (0x00006f17) x30 0x8000fd58
core   0: 0x80009d5c (0x2a3f2423) sw      gp, 680(t5)
core   0: 3 0x80009d5c (0x2a3f2423) mem 0x80010000 0x00000001
core   0: 0x80009d60 (0xff9ff06f) j       pc - 0x8
core   0: 3 0x80009d60 (0xff9ff06f)
core   0: 0x80009d58 (0x00006f17) auipc   t5, 0x6
core   0: 3 0x80009d58 (0x00006f17) x30 0x8000fd58
core   0: 0x80009d5c (0x2a3f2423) sw      gp, 680(t5)
core   0: 3 0x80009d5c (0x2a3f2423) mem 0x80010000 0x00000001
core   0: 0x80009d60 (0xff9ff06f) j       pc - 0x8
core   0: 3 0x80009d60 (0xff9ff06f)
core   0: 0x80009d58 (0x00006f17) auipc   t5, 0x6
core   0: 3 0x80009d58 (0x00006f17) x30 0x8000fd58
core   0: 0x80009d5c (0x2a3f2423) sw      gp, 680(t5)
core   0: 3 0x80009d5c (0x2a3f2423) mem 0x80010000 0x00000001
core   0: 0x80009d60 (0xff9ff06f) j       pc - 0x8
core   0: 3 0x80009d60 (0xff9ff06f)
core   0: 0x80009d58 (0x00006f17) auipc   t5, 0x6
core   0: 3 0x80009d58 (0x00006f17) x30 0x8000fd58
core   0: 0x80009d5c (0x2a3f2423) sw      gp, 680(t5)
core   0: 3 0x80009d5c (0x2a3f2423) mem 0x80010000 0x00000001
core   0: 0x80009d60 (0xff9ff06f) j       pc - 0x8
core   0: 3 0x80009d60 (0xff9ff06f)
core   0: 0x80009d58 (0x00006f17) auipc   t5, 0x6
core   0: 3 0x80009d58 (0x00006f17) x30 0x8000fd58
core   0: 0x80009d5c (0x2a3f2423) sw      gp, 680(t5)
core   0: 3 0x80009d5c (0x2a3f2423) mem 0x80010000 0x00000001
core   0: 0x80009d60 (0xff9ff06f) j       pc - 0x8
core   0: 3 0x80009d60 (0xff9ff06f)
core   0: 0x80009d58 (0x00006f17) auipc   t5, 0x6
core   0: 3 0x80009d58 (0x00006f17) x30 0x8000fd58
core   0: 0x80009d5c (0x2a3f2423) sw      gp, 680(t5)
core   0: 3 0x80009d5c (0x2a3f2423) mem 0x80010000 0x00000001
core   0: 0x80009d60 (0xff9ff06f) j       pc - 0x8
core   0: 3 0x80009d60 (0xff9ff06f)
core   0: 0x80009d58 (0x00006f17) auipc   t5, 0x6
core   0: 3 0x80009d58 (0x00006f17) x30 0x8000fd58
core   0: 0x80009d5c (0x2a3f2423) sw      gp, 680(t5)
core   0: 3 0x80009d5c (0x2a3f2423) mem 0x80010000 0x00000001
core   0: 0x80009d60 (0xff9ff06f) j       pc - 0x8
core   0: 3 0x80009d60 (0xff9ff06f)
core   0: 0x80009d58 (0x00006f17) auipc   t5, 0x6
core   0: 3 0x80009d58 (0x00006f17) x30 0x8000fd58
core   0: 0x80009d5c (0x2a3f2423) sw      gp, 680(t5)
core   0: 3 0x80009d5c (0x2a3f2423) mem 0x80010000 0x00000001
core   0: 0x80009d60 (0xff9ff06f) j       pc - 0x8
core   0: 3 0x80009d60 (0xff9ff06f)
core   0: 0x80009d58 (0x00006f17) auipc   t5, 0x6
core   0: 3 0x80009d58 (0x00006f17) x30 0x8000fd58
core   0: 0x80009d5c (0x2a3f2423) sw      gp, 680(t5)
core   0: 3 0x80009d5c (0x2a3f2423) mem 0x80010000 0x00000001
core   0: 0x80009d60 (0xff9ff06f) j       pc - 0x8
core   0: 3 0x80009d60 (0xff9ff06f)
core   0: 0x80009d58 (0x00006f17) auipc   t5, 0x6
core   0: 3 0x80009d58 (0x00006f17) x30 0x8000fd58
core   0: 0x80009d5c (0x2a3f2423) sw      gp, 680(t5)
core   0: 3 0x80009d5c (0x2a3f2423) mem 0x80010000 0x00000001
core   0: 0x80009d60 (0xff9ff06f) j       pc - 0x8
core   0: 3 0x80009d60 (0xff9ff06f)
core   0: 0x80009d58 (0x00006f17) auipc   t5, 0x6
core   0: 3 0x80009d58 (0x00006f17) x30 0x8000fd58
core   0: 0x80009d5c (0x2a3f2423) sw      gp, 680(t5)
core   0: 3 0x80009d5c (0x2a3f2423) mem 0x80010000 0x00000001
core   0: 0x80009d60 (0xff9ff06f) j       pc - 0x8
core   0: 3 0x80009d60 (0xff9ff06f)
core   0: 0x80009d58 (0x00006f17) auipc   t5, 0x6
core   0: 3 0x80009d58 (0x00006f17) x30 0x8000fd58
core   0: 0x80009d5c (0x2a3f2423) sw      gp, 680(t5)
core   0: 3 0x80009d5c (0x2a3f2423) mem 0x80010000 0x00000001
core   0: 0x80009d60 (0xff9ff06f) j       pc - 0x8
core   0: 3 0x80009d60 (0xff9ff06f)
core   0: 0x80009d58 (0x00006f17) auipc   t5, 0x6
core   0: 3 0x80009d58 (0x00006f17) x30 0x8000fd58
core   0: 0x80009d5c (0x2a3f2423) sw      gp, 680(t5)
core   0: 3 0x80009d5c (0x2a3f2423) mem 0x80010000 0x00000001
core   0: 0x80009d60 (0xff9ff06f) j       pc - 0x8
core   0: 3 0x80009d60 (0xff9ff06f)
core   0: 0x80009d58 (0x00006f17) auipc   t5, 0x6
core   0: 3 0x80009d58 (0x00006f17) x30 0x8000fd58
core   0: 0x80009d5c (0x2a3f2423) sw      gp, 680(t5)
core   0: 3 0x80009d5c (0x2a3f2423) mem 0x80010000 0x00000001
core   0: 0x80009d60 (0xff9ff06f) j       pc - 0x8
core   0: 3 0x80009d60 (0xff9ff06f)
core   0: 0x80009d58 (0x00006f17) auipc   t5, 0x6
core   0: 3 0x80009d58 (0x00006f17) x30 0x8000fd58
core   0: 0x80009d5c (0x2a3f2423) sw      gp, 680(t5)
core   0: 3 0x80009d5c (0x2a3f2423) mem 0x80010000 0x00000001
core   0: 0x80009d60 (0xff9ff06f) j       pc - 0x8
core   0: 3 0x80009d60 (0xff9ff06f)
core   0: 0x80009d58 (0x00006f17) auipc   t5, 0x6
core   0: 3 0x80009d58 (0x00006f17) x30 0x8000fd58
core   0: 0x80009d5c (0x2a3f2423) sw      gp, 680(t5)
core   0: 3 0x80009d5c (0x2a3f2423) mem 0x80010000 0x00000001
core   0: 0x80009d60 (0xff9ff06f) j       pc - 0x8
core   0: 3 0x80009d60 (0xff9ff06f)
core   0: 0x80009d58 (0x00006f17) auipc   t5, 0x6
core   0: 3 0x80009d58 (0x00006f17) x30 0x8000fd58
core   0: 0x80009d5c (0x2a3f2423) sw      gp, 680(t5)
core   0: 3 0x80009d5c (0x2a3f2423) mem 0x80010000 0x00000001
core   0: 0x80009d60 (0xff9ff06f) j       pc - 0x8
core   0: 3 0x80009d60 (0xff9ff06f)
core   0: 0x80009d58 (0x00006f17) auipc   t5, 0x6
core   0: 3 0x80009d58 (0x00006f17) x30 0x8000fd58
core   0: 0x80009d5c (0x2a3f2423) sw      gp, 680(t5)
core   0: 3 0x80009d5c (0x2a3f2423) mem 0x80010000 0x00000001
core   0: 0x80009d60 (0xff9ff06f) j       pc - 0x8
core   0: 3 0x80009d60 (0xff9ff06f)
core   0: 0x80009d58 (0x00006f17) auipc   t5, 0x6
core   0: 3 0x80009d58 (0x00006f17) x30 0x8000fd58
core   0: 0x80009d5c (0x2a3f2423) sw      gp, 680(t5)
core   0: 3 0x80009d5c (0x2a3f2423) mem 0x80010000 0x00000001
core   0: 0x80009d60 (0xff9ff06f) j       pc - 0x8
core   0: 3 0x80009d60 (0xff9ff06f)
core   0: 0x80009d58 (0x00006f17) auipc   t5, 0x6
core   0: 3 0x80009d58 (0x00006f17) x30 0x8000fd58
core   0: 0x80009d5c (0x2a3f2423) sw      gp, 680(t5)
core   0: 3 0x80009d5c (0x2a3f2423) mem 0x80010000 0x00000001
core   0: 0x80009d60 (0xff9ff06f) j       pc - 0x8
core   0: 3 0x80009d60 (0xff9ff06f)
core   0: 0x80009d58 (0x00006f17) auipc   t5, 0x6
core   0: 3 0x80009d58 (0x00006f17) x30 0x8000fd58
core   0: 0x80009d5c (0x2a3f2423) sw      gp, 680(t5)
core   0: 3 0x80009d5c (0x2a3f2423) mem 0x80010000 0x00000001
core   0: 0x80009d60 (0xff9ff06f) j       pc - 0x8
core   0: 3 0x80009d60 (0xff9ff06f)
core   0: 0x80009d58 (0x00006f17) auipc   t5, 0x6
core   0: 3 0x80009d58 (0x00006f17) x30 0x8000fd58
core   0: 0x80009d5c (0x2a3f2423) sw      gp, 680(t5)
core   0: 3 0x80009d5c (0x2a3f2423) mem 0x80010000 0x00000001
core   0: 0x80009d60 (0xff9ff06f) j       pc - 0x8
core   0: 3 0x80009d60 (0xff9ff06f)
core   0: 0x80009d58 (0x00006f17) auipc   t5, 0x6
core   0: 3 0x80009d58 (0x00006f17) x30 0x8000fd58
core   0: 0x80009d5c (0x2a3f2423) sw      gp, 680(t5)
core   0: 3 0x80009d5c (0x2a3f2423) mem 0x80010000 0x00000001
core   0: 0x80009d60 (0xff9ff06f) j       pc - 0x8
core   0: 3 0x80009d60 (0xff9ff06f)
core   0: 0x80009d58 (0x00006f17) auipc   t5, 0x6
core   0: 3 0x80009d58 (0x00006f17) x30 0x8000fd58
core   0: 0x80009d5c (0x2a3f2423) sw      gp, 680(t5)
core   0: 3 0x80009d5c (0x2a3f2423) mem 0x80010000 0x00000001
core   0: 0x80009d60 (0xff9ff06f) j       pc - 0x8
core   0: 3 0x80009d60 (0xff9ff06f)
core   0: 0x80009d58 (0x00006f17) auipc   t5, 0x6
core   0: 3 0x80009d58 (0x00006f17) x30 0x8000fd58
core   0: 0x80009d5c (0x2a3f2423) sw      gp, 680(t5)
core   0: 3 0x80009d5c (0x2a3f2423) mem 0x80010000 0x00000001
core   0: 0x80009d60 (0xff9ff06f) j       pc - 0x8
core   0: 3 0x80009d60 (0xff9ff06f)
core   0: 0x80009d58 (0x00006f17) auipc   t5, 0x6
core   0: 3 0x80009d58 (0x00006f17) x30 0x8000fd58
core   0: 0x80009d5c (0x2a3f2423) sw      gp, 680(t5)
core   0: 3 0x80009d5c (0x2a3f2423) mem 0x80010000 0x00000001
core   0: 0x80009d60 (0xff9ff06f) j       pc - 0x8
core   0: 3 0x80009d60 (0xff9ff06f)
core   0: 0x80009d58 (0x00006f17) auipc   t5, 0x6
core   0: 3 0x80009d58 (0x00006f17) x30 0x8000fd58
core   0: 0x80009d5c (0x2a3f2423) sw      gp, 680(t5)
core   0: 3 0x80009d5c (0x2a3f2423) mem 0x80010000 0x00000001
core   0: 0x80009d60 (0xff9ff06f) j       pc - 0x8
core   0: 3 0x80009d60 (0xff9ff06f)
core   0: 0x80009d58 (0x00006f17) auipc   t5, 0x6
core   0: 3 0x80009d58 (0x00006f17) x30 0x8000fd58
core   0: 0x80009d5c (0x2a3f2423) sw      gp, 680(t5)
core   0: 3 0x80009d5c (0x2a3f2423) mem 0x80010000 0x00000001
core   0: 0x80009d60 (0xff9ff06f) j       pc - 0x8
core   0: 3 0x80009d60 (0xff9ff06f)
core   0: 0x80009d58 (0x00006f17) auipc   t5, 0x6
core   0: 3 0x80009d58 (0x00006f17) x30 0x8000fd58
core   0: 0x80009d5c (0x2a3f2423) sw      gp, 680(t5)
core   0: 3 0x80009d5c (0x2a3f2423) mem 0x80010000 0x00000001
core   0: 0x80009d60 (0xff9ff06f) j       pc - 0x8
core   0: 3 0x80009d60 (0xff9ff06f)
core   0: 0x80009d58 (0x00006f17) auipc   t5, 0x6
core   0: 3 0x80009d58 (0x00006f17) x30 0x8000fd58
core   0: 0x80009d5c (0x2a3f2423) sw      gp, 680(t5)
core   0: 3 0x80009d5c (0x2a3f2423) mem 0x80010000 0x00000001
core   0: 0x80009d60 (0xff9ff06f) j       pc - 0x8
core   0: 3 0x80009d60 (0xff9ff06f)
core   0: 0x80009d58 (0x00006f17) auipc   t5, 0x6
core   0: 3 0x80009d58 (0x00006f17) x30 0x8000fd58
core   0: 0x80009d5c (0x2a3f2423) sw      gp, 680(t5)
core   0: 3 0x80009d5c (0x2a3f2423) mem 0x80010000 0x00000001
core   0: 0x80009d60 (0xff9ff06f) j       pc - 0x8
core   0: 3 0x80009d60 (0xff9ff06f)
core   0: 0x80009d58 (0x00006f17) auipc   t5, 0x6
core   0: 3 0x80009d58 (0x00006f17) x30 0x8000fd58
core   0: 0x80009d5c (0x2a3f2423) sw      gp, 680(t5)
core   0: 3 0x80009d5c (0x2a3f2423) mem 0x80010000 0x00000001
core   0: 0x80009d60 (0xff9ff06f) j       pc - 0x8
core   0: 3 0x80009d60 (0xff9ff06f)
core   0: 0x80009d58 (0x00006f17) auipc   t5, 0x6
core   0: 3 0x80009d58 (0x00006f17) x30 0x8000fd58
core   0: 0x80009d5c (0x2a3f2423) sw      gp, 680(t5)
core   0: 3 0x80009d5c (0x2a3f2423) mem 0x80010000 0x00000001
core   0: 0x80009d60 (0xff9ff06f) j       pc - 0x8
core   0: 3 0x80009d60 (0xff9ff06f)
core   0: 0x80009d58 (0x00006f17) auipc   t5, 0x6
core   0: 3 0x80009d58 (0x00006f17) x30 0x8000fd58
core   0: 0x80009d5c (0x2a3f2423) sw      gp, 680(t5)
core   0: 3 0x80009d5c (0x2a3f2423) mem 0x80010000 0x00000001
core   0: 0x80009d60 (0xff9ff06f) j       pc - 0x8
core   0: 3 0x80009d60 (0xff9ff06f)
core   0: 0x80009d58 (0x00006f17) auipc   t5, 0x6
core   0: 3 0x80009d58 (0x00006f17) x30 0x8000fd58
core   0: 0x80009d5c (0x2a3f2423) sw      gp, 680(t5)
core   0: 3 0x80009d5c (0x2a3f2423) mem 0x80010000 0x00000001
core   0: 0x80009d60 (0xff9ff06f) j       pc - 0x8
core   0: 3 0x80009d60 (0xff9ff06f)
core   0: 0x80009d58 (0x00006f17) auipc   t5, 0x6
core   0: 3 0x80009d58 (0x00006f17) x30 0x8000fd58
core   0: 0x80009d5c (0x2a3f2423) sw      gp, 680(t5)
core   0: 3 0x80009d5c (0x2a3f2423) mem 0x80010000 0x00000001
core   0: 0x80009d60 (0xff9ff06f) j       pc - 0x8
core   0: 3 0x80009d60 (0xff9ff06f)
core   0: 0x80009d58 (0x00006f17) auipc   t5, 0x6
core   0: 3 0x80009d58 (0x00006f17) x30 0x8000fd58
core   0: 0x80009d5c (0x2a3f2423) sw      gp, 680(t5)
core   0: 3 0x80009d5c (0x2a3f2423) mem 0x80010000 0x00000001
core   0: 0x80009d60 (0xff9ff06f) j       pc - 0x8
core   0: 3 0x80009d60 (0xff9ff06f)
core   0: 0x80009d58 (0x00006f17) auipc   t5, 0x6
core   0: 3 0x80009d58 (0x00006f17) x30 0x8000fd58
core   0: 0x80009d5c (0x2a3f2423) sw      gp, 680(t5)
core   0: 3 0x80009d5c (0x2a3f2423) mem 0x80010000 0x00000001
core   0: 0x80009d60 (0xff9ff06f) j       pc - 0x8
core   0: 3 0x80009d60 (0xff9ff06f)
core   0: 0x80009d58 (0x00006f17) auipc   t5, 0x6
core   0: 3 0x80009d58 (0x00006f17) x30 0x8000fd58
core   0: 0x80009d5c (0x2a3f2423) sw      gp, 680(t5)
core   0: 3 0x80009d5c (0x2a3f2423) mem 0x80010000 0x00000001
core   0: 0x80009d60 (0xff9ff06f) j       pc - 0x8
core   0: 3 0x80009d60 (0xff9ff06f)
core   0: 0x80009d58 (0x00006f17) auipc   t5, 0x6
core   0: 3 0x80009d58 (0x00006f17) x30 0x8000fd58
core   0: 0x80009d5c (0x2a3f2423) sw      gp, 680(t5)
core   0: 3 0x80009d5c (0x2a3f2423) mem 0x80010000 0x00000001
core   0: 0x80009d60 (0xff9ff06f) j       pc - 0x8
core   0: 3 0x80009d60 (0xff9ff06f)
core   0: 0x80009d58 (0x00006f17) auipc   t5, 0x6
core   0: 3 0x80009d58 (0x00006f17) x30 0x8000fd58
core   0: 0x80009d5c (0x2a3f2423) sw      gp, 680(t5)
core   0: 3 0x80009d5c (0x2a3f2423) mem 0x80010000 0x00000001
core   0: 0x80009d60 (0xff9ff06f) j       pc - 0x8
core   0: 3 0x80009d60 (0xff9ff06f)
core   0: 0x80009d58 (0x00006f17) auipc   t5, 0x6
core   0: 3 0x80009d58 (0x00006f17) x30 0x8000fd58
core   0: 0x80009d5c (0x2a3f2423) sw      gp, 680(t5)
core   0: 3 0x80009d5c (0x2a3f2423) mem 0x80010000 0x00000001
core   0: 0x80009d60 (0xff9ff06f) j       pc - 0x8
core   0: 3 0x80009d60 (0xff9ff06f)
core   0: 0x80009d58 (0x00006f17) auipc   t5, 0x6
core   0: 3 0x80009d58 (0x00006f17) x30 0x8000fd58
core   0: 0x80009d5c (0x2a3f2423) sw      gp, 680(t5)
core   0: 3 0x80009d5c (0x2a3f2423) mem 0x80010000 0x00000001
core   0: 0x80009d60 (0xff9ff06f) j       pc - 0x8
core   0: 3 0x80009d60 (0xff9ff06f)
core   0: 0x80009d58 (0x00006f17) auipc   t5, 0x6
core   0: 3 0x80009d58 (0x00006f17) x30 0x8000fd58
core   0: 0x80009d5c (0x2a3f2423) sw      gp, 680(t5)
core   0: 3 0x80009d5c (0x2a3f2423) mem 0x80010000 0x00000001
core   0: 0x80009d60 (0xff9ff06f) j       pc - 0x8
core   0: 3 0x80009d60 (0xff9ff06f)
core   0: 0x80009d58 (0x00006f17) auipc   t5, 0x6
core   0: 3 0x80009d58 (0x00006f17) x30 0x8000fd58
core   0: 0x80009d5c (0x2a3f2423) sw      gp, 680(t5)
core   0: 3 0x80009d5c (0x2a3f2423) mem 0x80010000 0x00000001
core   0: 0x80009d60 (0xff9ff06f) j       pc - 0x8
core   0: 3 0x80009d60 (0xff9ff06f)
core   0: 0x80009d58 (0x00006f17) auipc   t5, 0x6
core   0: 3 0x80009d58 (0x00006f17) x30 0x8000fd58
core   0: 0x80009d5c (0x2a3f2423) sw      gp, 680(t5)
core   0: 3 0x80009d5c (0x2a3f2423) mem 0x80010000 0x00000001
core   0: 0x80009d60 (0xff9ff06f) j       pc - 0x8
core   0: 3 0x80009d60 (0xff9ff06f)
core   0: 0x80009d58 (0x00006f17) auipc   t5, 0x6
core   0: 3 0x80009d58 (0x00006f17) x30 0x8000fd58
core   0: 0x80009d5c (0x2a3f2423) sw      gp, 680(t5)
core   0: 3 0x80009d5c (0x2a3f2423) mem 0x80010000 0x00000001
core   0: 0x80009d60 (0xff9ff06f) j       pc - 0x8
core   0: 3 0x80009d60 (0xff9ff06f)
core   0: 0x80009d58 (0x00006f17) auipc   t5, 0x6
core   0: 3 0x80009d58 (0x00006f17) x30 0x8000fd58
core   0: 0x80009d5c (0x2a3f2423) sw      gp, 680(t5)
core   0: 3 0x80009d5c (0x2a3f2423) mem 0x80010000 0x00000001
core   0: 0x80009d60 (0xff9ff06f) j       pc - 0x8
core   0: 3 0x80009d60 (0xff9ff06f)
core   0: 0x80009d58 (0x00006f17) auipc   t5, 0x6
core   0: 3 0x80009d58 (0x00006f17) x30 0x8000fd58
core   0: 0x80009d5c (0x2a3f2423) sw      gp, 680(t5)
core   0: 3 0x80009d5c (0x2a3f2423) mem 0x80010000 0x00000001
core   0: 0x80009d60 (0xff9ff06f) j       pc - 0x8
core   0: 3 0x80009d60 (0xff9ff06f)
core   0: 0x80009d58 (0x00006f17) auipc   t5, 0x6
core   0: 3 0x80009d58 (0x00006f17) x30 0x8000fd58
core   0: 0x80009d5c (0x2a3f2423) sw      gp, 680(t5)
core   0: 3 0x80009d5c (0x2a3f2423) mem 0x80010000 0x00000001
core   0: 0x80009d60 (0xff9ff06f) j       pc - 0x8
core   0: 3 0x80009d60 (0xff9ff06f)
core   0: 0x80009d58 (0x00006f17) auipc   t5, 0x6
core   0: 3 0x80009d58 (0x00006f17) x30 0x8000fd58
core   0: 0x80009d5c (0x2a3f2423) sw      gp, 680(t5)
core   0: 3 0x80009d5c (0x2a3f2423) mem 0x80010000 0x00000001
core   0: 0x80009d60 (0xff9ff06f) j       pc - 0x8
core   0: 3 0x80009d60 (0xff9ff06f)
core   0: 0x80009d58 (0x00006f17) auipc   t5, 0x6
core   0: 3 0x80009d58 (0x00006f17) x30 0x8000fd58
core   0: 0x80009d5c (0x2a3f2423) sw      gp, 680(t5)
core   0: 3 0x80009d5c (0x2a3f2423) mem 0x80010000 0x00000001
core   0: 0x80009d60 (0xff9ff06f) j       pc - 0x8
core   0: 3 0x80009d60 (0xff9ff06f)
core   0: 0x80009d58 (0x00006f17) auipc   t5, 0x6
core   0: 3 0x80009d58 (0x00006f17) x30 0x8000fd58
core   0: 0x80009d5c (0x2a3f2423) sw      gp, 680(t5)
core   0: 3 0x80009d5c (0x2a3f2423) mem 0x80010000 0x00000001
core   0: 0x80009d60 (0xff9ff06f) j       pc - 0x8
core   0: 3 0x80009d60 (0xff9ff06f)
core   0: 0x80009d58 (0x00006f17) auipc   t5, 0x6
core   0: 3 0x80009d58 (0x00006f17) x30 0x8000fd58
core   0: 0x80009d5c (0x2a3f2423) sw      gp, 680(t5)
core   0: 3 0x80009d5c (0x2a3f2423) mem 0x80010000 0x00000001
core   0: 0x80009d60 (0xff9ff06f) j       pc - 0x8
core   0: 3 0x80009d60 (0xff9ff06f)
core   0: 0x80009d58 (0x00006f17) auipc   t5, 0x6
core   0: 3 0x80009d58 (0x00006f17) x30 0x8000fd58
core   0: 0x80009d5c (0x2a3f2423) sw      gp, 680(t5)
core   0: 3 0x80009d5c (0x2a3f2423) mem 0x80010000 0x00000001
core   0: 0x80009d60 (0xff9ff06f) j       pc - 0x8
core   0: 3 0x80009d60 (0xff9ff06f)
core   0: 0x80009d58 (0x00006f17) auipc   t5, 0x6
core   0: 3 0x80009d58 (0x00006f17) x30 0x8000fd58
core   0: 0x80009d5c (0x2a3f2423) sw      gp, 680(t5)
core   0: 3 0x80009d5c (0x2a3f2423) mem 0x80010000 0x00000001
core   0: 0x80009d60 (0xff9ff06f) j       pc - 0x8
core   0: 3 0x80009d60 (0xff9ff06f)
core   0: 0x80009d58 (0x00006f17) auipc   t5, 0x6
core   0: 3 0x80009d58 (0x00006f17) x30 0x8000fd58
core   0: 0x80009d5c (0x2a3f2423) sw      gp, 680(t5)
core   0: 3 0x80009d5c (0x2a3f2423) mem 0x80010000 0x00000001
core   0: 0x80009d60 (0xff9ff06f) j       pc - 0x8
core   0: 3 0x80009d60 (0xff9ff06f)
core   0: 0x80009d58 (0x00006f17) auipc   t5, 0x6
core   0: 3 0x80009d58 (0x00006f17) x30 0x8000fd58
core   0: 0x80009d5c (0x2a3f2423) sw      gp, 680(t5)
core   0: 3 0x80009d5c (0x2a3f2423) mem 0x80010000 0x00000001
core   0: 0x80009d60 (0xff9ff06f) j       pc - 0x8
core   0: 3 0x80009d60 (0xff9ff06f)
core   0: 0x80009d58 (0x00006f17) auipc   t5, 0x6
core   0: 3 0x80009d58 (0x00006f17) x30 0x8000fd58
core   0: 0x80009d5c (0x2a3f2423) sw      gp, 680(t5)
core   0: 3 0x80009d5c (0x2a3f2423) mem 0x80010000 0x00000001
core   0: 0x80009d60 (0xff9ff06f) j       pc - 0x8
core   0: 3 0x80009d60 (0xff9ff06f)
core   0: 0x80009d58 (0x00006f17) auipc   t5, 0x6
core   0: 3 0x80009d58 (0x00006f17) x30 0x8000fd58
core   0: 0x80009d5c (0x2a3f2423) sw      gp, 680(t5)
core   0: 3 0x80009d5c (0x2a3f2423) mem 0x80010000 0x00000001
core   0: 0x80009d60 (0xff9ff06f) j       pc - 0x8
core   0: 3 0x80009d60 (0xff9ff06f)
core   0: 0x80009d58 (0x00006f17) auipc   t5, 0x6
core   0: 3 0x80009d58 (0x00006f17) x30 0x8000fd58
core   0: 0x80009d5c (0x2a3f2423) sw      gp, 680(t5)
core   0: 3 0x80009d5c (0x2a3f2423) mem 0x80010000 0x00000001
core   0: 0x80009d60 (0xff9ff06f) j       pc - 0x8
core   0: 3 0x80009d60 (0xff9ff06f)
core   0: 0x80009d58 (0x00006f17) auipc   t5, 0x6
core   0: 3 0x80009d58 (0x00006f17) x30 0x8000fd58
core   0: 0x80009d5c (0x2a3f2423) sw      gp, 680(t5)
core   0: 3 0x80009d5c (0x2a3f2423) mem 0x80010000 0x00000001
core   0: 0x80009d60 (0xff9ff06f) j       pc - 0x8
core   0: 3 0x80009d60 (0xff9ff06f)
core   0: 0x80009d58 (0x00006f17) auipc   t5, 0x6
core   0: 3 0x80009d58 (0x00006f17) x30 0x8000fd58
core   0: 0x80009d5c (0x2a3f2423) sw      gp, 680(t5)
core   0: 3 0x80009d5c (0x2a3f2423) mem 0x80010000 0x00000001
core   0: 0x80009d60 (0xff9ff06f) j       pc - 0x8
core   0: 3 0x80009d60 (0xff9ff06f)
core   0: 0x80009d58 (0x00006f17) auipc   t5, 0x6
core   0: 3 0x80009d58 (0x00006f17) x30 0x8000fd58
core   0: 0x80009d5c (0x2a3f2423) sw      gp, 680(t5)
core   0: 3 0x80009d5c (0x2a3f2423) mem 0x80010000 0x00000001
core   0: 0x80009d60 (0xff9ff06f) j       pc - 0x8
core   0: 3 0x80009d60 (0xff9ff06f)
core   0: 0x80009d58 (0x00006f17) auipc   t5, 0x6
core   0: 3 0x80009d58 (0x00006f17) x30 0x8000fd58
core   0: 0x80009d5c (0x2a3f2423) sw      gp, 680(t5)
core   0: 3 0x80009d5c (0x2a3f2423) mem 0x80010000 0x00000001
core   0: 0x80009d60 (0xff9ff06f) j       pc - 0x8
core   0: 3 0x80009d60 (0xff9ff06f)
core   0: 0x80009d58 (0x00006f17) auipc   t5, 0x6
core   0: 3 0x80009d58 (0x00006f17) x30 0x8000fd58
core   0: 0x80009d5c (0x2a3f2423) sw      gp, 680(t5)
core   0: 3 0x80009d5c (0x2a3f2423) mem 0x80010000 0x00000001
core   0: 0x80009d60 (0xff9ff06f) j       pc - 0x8
core   0: 3 0x80009d60 (0xff9ff06f)
core   0: 0x80009d58 (0x00006f17) auipc   t5, 0x6
core   0: 3 0x80009d58 (0x00006f17) x30 0x8000fd58
core   0: 0x80009d5c (0x2a3f2423) sw      gp, 680(t5)
core   0: 3 0x80009d5c (0x2a3f2423) mem 0x80010000 0x00000001
core   0: 0x80009d60 (0xff9ff06f) j       pc - 0x8
core   0: 3 0x80009d60 (0xff9ff06f)
core   0: 0x80009d58 (0x00006f17) auipc   t5, 0x6
core   0: 3 0x80009d58 (0x00006f17) x30 0x8000fd58
core   0: 0x80009d5c (0x2a3f2423) sw      gp, 680(t5)
core   0: 3 0x80009d5c (0x2a3f2423) mem 0x80010000 0x00000001
core   0: 0x80009d60 (0xff9ff06f) j       pc - 0x8
core   0: 3 0x80009d60 (0xff9ff06f)
core   0: 0x80009d58 (0x00006f17) auipc   t5, 0x6
core   0: 3 0x80009d58 (0x00006f17) x30 0x8000fd58
core   0: 0x80009d5c (0x2a3f2423) sw      gp, 680(t5)
core   0: 3 0x80009d5c (0x2a3f2423) mem 0x80010000 0x00000001
core   0: 0x80009d60 (0xff9ff06f) j       pc - 0x8
core   0: 3 0x80009d60 (0xff9ff06f)
core   0: 0x80009d58 (0x00006f17) auipc   t5, 0x6
core   0: 3 0x80009d58 (0x00006f17) x30 0x8000fd58
core   0: 0x80009d5c (0x2a3f2423) sw      gp, 680(t5)
core   0: 3 0x80009d5c (0x2a3f2423) mem 0x80010000 0x00000001
core   0: 0x80009d60 (0xff9ff06f) j       pc - 0x8
core   0: 3 0x80009d60 (0xff9ff06f)
core   0: 0x80009d58 (0x00006f17) auipc   t5, 0x6
core   0: 3 0x80009d58 (0x00006f17) x30 0x8000fd58
core   0: 0x80009d5c (0x2a3f2423) sw      gp, 680(t5)
core   0: 3 0x80009d5c (0x2a3f2423) mem 0x80010000 0x00000001
core   0: 0x80009d60 (0xff9ff06f) j       pc - 0x8
core   0: 3 0x80009d60 (0xff9ff06f)
core   0: 0x80009d58 (0x00006f17) auipc   t5, 0x6
core   0: 3 0x80009d58 (0x00006f17) x30 0x8000fd58
core   0: 0x80009d5c (0x2a3f2423) sw      gp, 680(t5)
core   0: 3 0x80009d5c (0x2a3f2423) mem 0x80010000 0x00000001
core   0: 0x80009d60 (0xff9ff06f) j       pc - 0x8
core   0: 3 0x80009d60 (0xff9ff06f)
core   0: 0x80009d58 (0x00006f17) auipc   t5, 0x6
core   0: 3 0x80009d58 (0x00006f17) x30 0x8000fd58
core   0: 0x80009d5c (0x2a3f2423) sw      gp, 680(t5)
core   0: 3 0x80009d5c (0x2a3f2423) mem 0x80010000 0x00000001
core   0: 0x80009d60 (0xff9ff06f) j       pc - 0x8
core   0: 3 0x80009d60 (0xff9ff06f)
core   0: 0x80009d58 (0x00006f17) auipc   t5, 0x6
core   0: 3 0x80009d58 (0x00006f17) x30 0x8000fd58
core   0: 0x80009d5c (0x2a3f2423) sw      gp, 680(t5)
core   0: 3 0x80009d5c (0x2a3f2423) mem 0x80010000 0x00000001
core   0: 0x80009d60 (0xff9ff06f) j       pc - 0x8
core   0: 3 0x80009d60 (0xff9ff06f)
core   0: 0x80009d58 (0x00006f17) auipc   t5, 0x6
core   0: 3 0x80009d58 (0x00006f17) x30 0x8000fd58
core   0: 0x80009d5c (0x2a3f2423) sw      gp, 680(t5)
core   0: 3 0x80009d5c (0x2a3f2423) mem 0x80010000 0x00000001
core   0: 0x80009d60 (0xff9ff06f) j       pc - 0x8
core   0: 3 0x80009d60 (0xff9ff06f)
core   0: 0x80009d58 (0x00006f17) auipc   t5, 0x6
core   0: 3 0x80009d58 (0x00006f17) x30 0x8000fd58
core   0: 0x80009d5c (0x2a3f2423) sw      gp, 680(t5)
core   0: 3 0x80009d5c (0x2a3f2423) mem 0x80010000 0x00000001
core   0: 0x80009d60 (0xff9ff06f) j       pc - 0x8
core   0: 3 0x80009d60 (0xff9ff06f)
core   0: 0x80009d58 (0x00006f17) auipc   t5, 0x6
core   0: 3 0x80009d58 (0x00006f17) x30 0x8000fd58
core   0: 0x80009d5c (0x2a3f2423) sw      gp, 680(t5)
core   0: 3 0x80009d5c (0x2a3f2423) mem 0x80010000 0x00000001
core   0: 0x80009d60 (0xff9ff06f) j       pc - 0x8
core   0: 3 0x80009d60 (0xff9ff06f)
core   0: 0x80009d58 (0x00006f17) auipc   t5, 0x6
core   0: 3 0x80009d58 (0x00006f17) x30 0x8000fd58
core   0: 0x80009d5c (0x2a3f2423) sw      gp, 680(t5)
core   0: 3 0x80009d5c (0x2a3f2423) mem 0x80010000 0x00000001
core   0: 0x80009d60 (0xff9ff06f) j       pc - 0x8
core   0: 3 0x80009d60 (0xff9ff06f)
core   0: 0x80009d58 (0x00006f17) auipc   t5, 0x6
core   0: 3 0x80009d58 (0x00006f17) x30 0x8000fd58
core   0: 0x80009d5c (0x2a3f2423) sw      gp, 680(t5)
core   0: 3 0x80009d5c (0x2a3f2423) mem 0x80010000 0x00000001
core   0: 0x80009d60 (0xff9ff06f) j       pc - 0x8
core   0: 3 0x80009d60 (0xff9ff06f)
core   0: 0x80009d58 (0x00006f17) auipc   t5, 0x6
core   0: 3 0x80009d58 (0x00006f17) x30 0x8000fd58
core   0: 0x80009d5c (0x2a3f2423) sw      gp, 680(t5)
core   0: 3 0x80009d5c (0x2a3f2423) mem 0x80010000 0x00000001
core   0: 0x80009d60 (0xff9ff06f) j       pc - 0x8
core   0: 3 0x80009d60 (0xff9ff06f)
core   0: 0x80009d58 (0x00006f17) auipc   t5, 0x6
core   0: 3 0x80009d58 (0x00006f17) x30 0x8000fd58
core   0: 0x80009d5c (0x2a3f2423) sw      gp, 680(t5)
core   0: 3 0x80009d5c (0x2a3f2423) mem 0x80010000 0x00000001
core   0: 0x80009d60 (0xff9ff06f) j       pc - 0x8
core   0: 3 0x80009d60 (0xff9ff06f)
core   0: 0x80009d58 (0x00006f17) auipc   t5, 0x6
core   0: 3 0x80009d58 (0x00006f17) x30 0x8000fd58
core   0: 0x80009d5c (0x2a3f2423) sw      gp, 680(t5)
core   0: 3 0x80009d5c (0x2a3f2423) mem 0x80010000 0x00000001
core   0: 0x80009d60 (0xff9ff06f) j       pc - 0x8
core   0: 3 0x80009d60 (0xff9ff06f)
core   0: 0x80009d58 (0x00006f17) auipc   t5, 0x6
core   0: 3 0x80009d58 (0x00006f17) x30 0x8000fd58
core   0: 0x80009d5c (0x2a3f2423) sw      gp, 680(t5)
core   0: 3 0x80009d5c (0x2a3f2423) mem 0x80010000 0x00000001
core   0: 0x80009d60 (0xff9ff06f) j       pc - 0x8
core   0: 3 0x80009d60 (0xff9ff06f)
core   0: 0x80009d58 (0x00006f17) auipc   t5, 0x6
core   0: 3 0x80009d58 (0x00006f17) x30 0x8000fd58
core   0: 0x80009d5c (0x2a3f2423) sw      gp, 680(t5)
core   0: 3 0x80009d5c (0x2a3f2423) mem 0x80010000 0x00000001
core   0: 0x80009d60 (0xff9ff06f) j       pc - 0x8
core   0: 3 0x80009d60 (0xff9ff06f)
core   0: 0x80009d58 (0x00006f17) auipc   t5, 0x6
core   0: 3 0x80009d58 (0x00006f17) x30 0x8000fd58
core   0: 0x80009d5c (0x2a3f2423) sw      gp, 680(t5)
core   0: 3 0x80009d5c (0x2a3f2423) mem 0x80010000 0x00000001
core   0: 0x80009d60 (0xff9ff06f) j       pc - 0x8
core   0: 3 0x80009d60 (0xff9ff06f)
core   0: 0x80009d58 (0x00006f17) auipc   t5, 0x6
core   0: 3 0x80009d58 (0x00006f17) x30 0x8000fd58
core   0: 0x80009d5c (0x2a3f2423) sw      gp, 680(t5)
core   0: 3 0x80009d5c (0x2a3f2423) mem 0x80010000 0x00000001
core   0: 0x80009d60 (0xff9ff06f) j       pc - 0x8
core   0: 3 0x80009d60 (0xff9ff06f)
core   0: 0x80009d58 (0x00006f17) auipc   t5, 0x6
core   0: 3 0x80009d58 (0x00006f17) x30 0x8000fd58
core   0: 0x80009d5c (0x2a3f2423) sw      gp, 680(t5)
core   0: 3 0x80009d5c (0x2a3f2423) mem 0x80010000 0x00000001
core   0: 0x80009d60 (0xff9ff06f) j       pc - 0x8
core   0: 3 0x80009d60 (0xff9ff06f)
core   0: 0x80009d58 (0x00006f17) auipc   t5, 0x6
core   0: 3 0x80009d58 (0x00006f17) x30 0x8000fd58
core   0: 0x80009d5c (0x2a3f2423) sw      gp, 680(t5)
core   0: 3 0x80009d5c (0x2a3f2423) mem 0x80010000 0x00000001
core   0: 0x80009d60 (0xff9ff06f) j       pc - 0x8
core   0: 3 0x80009d60 (0xff9ff06f)
core   0: 0x80009d58 (0x00006f17) auipc   t5, 0x6
core   0: 3 0x80009d58 (0x00006f17) x30 0x8000fd58
core   0: 0x80009d5c (0x2a3f2423) sw      gp, 680(t5)
core   0: 3 0x80009d5c (0x2a3f2423) mem 0x80010000 0x00000001
core   0: 0x80009d60 (0xff9ff06f) j       pc - 0x8
core   0: 3 0x80009d60 (0xff9ff06f)
core   0: 0x80009d58 (0x00006f17) auipc   t5, 0x6
core   0: 3 0x80009d58 (0x00006f17) x30 0x8000fd58
core   0: 0x80009d5c (0x2a3f2423) sw      gp, 680(t5)
core   0: 3 0x80009d5c (0x2a3f2423) mem 0x80010000 0x00000001
core   0: 0x80009d60 (0xff9ff06f) j       pc - 0x8
core   0: 3 0x80009d60 (0xff9ff06f)
core   0: 0x80009d58 (0x00006f17) auipc   t5, 0x6
core   0: 3 0x80009d58 (0x00006f17) x30 0x8000fd58
core   0: 0x80009d5c (0x2a3f2423) sw      gp, 680(t5)
core   0: 3 0x80009d5c (0x2a3f2423) mem 0x80010000 0x00000001
core   0: 0x80009d60 (0xff9ff06f) j       pc - 0x8
core   0: 3 0x80009d60 (0xff9ff06f)
core   0: 0x80009d58 (0x00006f17) auipc   t5, 0x6
core   0: 3 0x80009d58 (0x00006f17) x30 0x8000fd58
core   0: 0x80009d5c (0x2a3f2423) sw      gp, 680(t5)
core   0: 3 0x80009d5c (0x2a3f2423) mem 0x80010000 0x00000001
core   0: 0x80009d60 (0xff9ff06f) j       pc - 0x8
core   0: 3 0x80009d60 (0xff9ff06f)
core   0: 0x80009d58 (0x00006f17) auipc   t5, 0x6
core   0: 3 0x80009d58 (0x00006f17) x30 0x8000fd58
core   0: 0x80009d5c (0x2a3f2423) sw      gp, 680(t5)
core   0: 3 0x80009d5c (0x2a3f2423) mem 0x80010000 0x00000001
core   0: 0x80009d60 (0xff9ff06f) j       pc - 0x8
core   0: 3 0x80009d60 (0xff9ff06f)
core   0: 0x80009d58 (0x00006f17) auipc   t5, 0x6
core   0: 3 0x80009d58 (0x00006f17) x30 0x8000fd58
core   0: 0x80009d5c (0x2a3f2423) sw      gp, 680(t5)
core   0: 3 0x80009d5c (0x2a3f2423) mem 0x80010000 0x00000001
core   0: 0x80009d60 (0xff9ff06f) j       pc - 0x8
core   0: 3 0x80009d60 (0xff9ff06f)
core   0: 0x80009d58 (0x00006f17) auipc   t5, 0x6
core   0: 3 0x80009d58 (0x00006f17) x30 0x8000fd58
core   0: 0x80009d5c (0x2a3f2423) sw      gp, 680(t5)
core   0: 3 0x80009d5c (0x2a3f2423) mem 0x80010000 0x00000001
core   0: 0x80009d60 (0xff9ff06f) j       pc - 0x8
core   0: 3 0x80009d60 (0xff9ff06f)
core   0: 0x80009d58 (0x00006f17) auipc   t5, 0x6
core   0: 3 0x80009d58 (0x00006f17) x30 0x8000fd58
core   0: 0x80009d5c (0x2a3f2423) sw      gp, 680(t5)
core   0: 3 0x80009d5c (0x2a3f2423) mem 0x80010000 0x00000001
core   0: 0x80009d60 (0xff9ff06f) j       pc - 0x8
core   0: 3 0x80009d60 (0xff9ff06f)
core   0: 0x80009d58 (0x00006f17) auipc   t5, 0x6
core   0: 3 0x80009d58 (0x00006f17) x30 0x8000fd58
core   0: 0x80009d5c (0x2a3f2423) sw      gp, 680(t5)
core   0: 3 0x80009d5c (0x2a3f2423) mem 0x80010000 0x00000001
core   0: 0x80009d60 (0xff9ff06f) j       pc - 0x8
core   0: 3 0x80009d60 (0xff9ff06f)
core   0: 0x80009d58 (0x00006f17) auipc   t5, 0x6
core   0: 3 0x80009d58 (0x00006f17) x30 0x8000fd58
core   0: 0x80009d5c (0x2a3f2423) sw      gp, 680(t5)
core   0: 3 0x80009d5c (0x2a3f2423) mem 0x80010000 0x00000001
core   0: 0x80009d60 (0xff9ff06f) j       pc - 0x8
core   0: 3 0x80009d60 (0xff9ff06f)
core   0: 0x80009d58 (0x00006f17) auipc   t5, 0x6
core   0: 3 0x80009d58 (0x00006f17) x30 0x8000fd58
core   0: 0x80009d5c (0x2a3f2423) sw      gp, 680(t5)
core   0: 3 0x80009d5c (0x2a3f2423) mem 0x80010000 0x00000001
core   0: 0x80009d60 (0xff9ff06f) j       pc - 0x8
core   0: 3 0x80009d60 (0xff9ff06f)
core   0: 0x80009d58 (0x00006f17) auipc   t5, 0x6
core   0: 3 0x80009d58 (0x00006f17) x30 0x8000fd58
core   0: 0x80009d5c (0x2a3f2423) sw      gp, 680(t5)
core   0: 3 0x80009d5c (0x2a3f2423) mem 0x80010000 0x00000001
core   0: 0x80009d60 (0xff9ff06f) j       pc - 0x8
core   0: 3 0x80009d60 (0xff9ff06f)
core   0: 0x80009d58 (0x00006f17) auipc   t5, 0x6
core   0: 3 0x80009d58 (0x00006f17) x30 0x8000fd58
core   0: 0x80009d5c (0x2a3f2423) sw      gp, 680(t5)
core   0: 3 0x80009d5c (0x2a3f2423) mem 0x80010000 0x00000001
core   0: 0x80009d60 (0xff9ff06f) j       pc - 0x8
core   0: 3 0x80009d60 (0xff9ff06f)
core   0: 0x80009d58 (0x00006f17) auipc   t5, 0x6
core   0: 3 0x80009d58 (0x00006f17) x30 0x8000fd58
core   0: 0x80009d5c (0x2a3f2423) sw      gp, 680(t5)
core   0: 3 0x80009d5c (0x2a3f2423) mem 0x80010000 0x00000001
core   0: 0x80009d60 (0xff9ff06f) j       pc - 0x8
core   0: 3 0x80009d60 (0xff9ff06f)
core   0: 0x80009d58 (0x00006f17) auipc   t5, 0x6
core   0: 3 0x80009d58 (0x00006f17) x30 0x8000fd58
core   0: 0x80009d5c (0x2a3f2423) sw      gp, 680(t5)
core   0: 3 0x80009d5c (0x2a3f2423) mem 0x80010000 0x00000001
core   0: 0x80009d60 (0xff9ff06f) j       pc - 0x8
core   0: 3 0x80009d60 (0xff9ff06f)
core   0: 0x80009d58 (0x00006f17) auipc   t5, 0x6
core   0: 3 0x80009d58 (0x00006f17) x30 0x8000fd58
core   0: 0x80009d5c (0x2a3f2423) sw      gp, 680(t5)
core   0: 3 0x80009d5c (0x2a3f2423) mem 0x80010000 0x00000001
core   0: 0x80009d60 (0xff9ff06f) j       pc - 0x8
core   0: 3 0x80009d60 (0xff9ff06f)
core   0: 0x80009d58 (0x00006f17) auipc   t5, 0x6
core   0: 3 0x80009d58 (0x00006f17) x30 0x8000fd58
core   0: 0x80009d5c (0x2a3f2423) sw      gp, 680(t5)
core   0: 3 0x80009d5c (0x2a3f2423) mem 0x80010000 0x00000001
core   0: 0x80009d60 (0xff9ff06f) j       pc - 0x8
core   0: 3 0x80009d60 (0xff9ff06f)
core   0: 0x80009d58 (0x00006f17) auipc   t5, 0x6
core   0: 3 0x80009d58 (0x00006f17) x30 0x8000fd58
core   0: 0x80009d5c (0x2a3f2423) sw      gp, 680(t5)
core   0: 3 0x80009d5c (0x2a3f2423) mem 0x80010000 0x00000001
core   0: 0x80009d60 (0xff9ff06f) j       pc - 0x8
core   0: 3 0x80009d60 (0xff9ff06f)
core   0: 0x80009d58 (0x00006f17) auipc   t5, 0x6
core   0: 3 0x80009d58 (0x00006f17) x30 0x8000fd58
core   0: 0x80009d5c (0x2a3f2423) sw      gp, 680(t5)
core   0: 3 0x80009d5c (0x2a3f2423) mem 0x80010000 0x00000001
core   0: 0x80009d60 (0xff9ff06f) j       pc - 0x8
core   0: 3 0x80009d60 (0xff9ff06f)
core   0: 0x80009d58 (0x00006f17) auipc   t5, 0x6
core   0: 3 0x80009d58 (0x00006f17) x30 0x8000fd58
core   0: 0x80009d5c (0x2a3f2423) sw      gp, 680(t5)
core   0: 3 0x80009d5c (0x2a3f2423) mem 0x80010000 0x00000001
core   0: 0x80009d60 (0xff9ff06f) j       pc - 0x8
core   0: 3 0x80009d60 (0xff9ff06f)
core   0: 0x80009d58 (0x00006f17) auipc   t5, 0x6
core   0: 3 0x80009d58 (0x00006f17) x30 0x8000fd58
core   0: 0x80009d5c (0x2a3f2423) sw      gp, 680(t5)
core   0: 3 0x80009d5c (0x2a3f2423) mem 0x80010000 0x00000001
core   0: 0x80009d60 (0xff9ff06f) j       pc - 0x8
core   0: 3 0x80009d60 (0xff9ff06f)
core   0: 0x80009d58 (0x00006f17) auipc   t5, 0x6
core   0: 3 0x80009d58 (0x00006f17) x30 0x8000fd58
core   0: 0x80009d5c (0x2a3f2423) sw      gp, 680(t5)
core   0: 3 0x80009d5c (0x2a3f2423) mem 0x80010000 0x00000001
core   0: 0x80009d60 (0xff9ff06f) j       pc - 0x8
core   0: 3 0x80009d60 (0xff9ff06f)
core   0: 0x80009d58 (0x00006f17) auipc   t5, 0x6
core   0: 3 0x80009d58 (0x00006f17) x30 0x8000fd58
core   0: 0x80009d5c (0x2a3f2423) sw      gp, 680(t5)
core   0: 3 0x80009d5c (0x2a3f2423) mem 0x80010000 0x00000001
core   0: 0x80009d60 (0xff9ff06f) j       pc - 0x8
core   0: 3 0x80009d60 (0xff9ff06f)
core   0: 0x80009d58 (0x00006f17) auipc   t5, 0x6
core   0: 3 0x80009d58 (0x00006f17) x30 0x8000fd58
core   0: 0x80009d5c (0x2a3f2423) sw      gp, 680(t5)
core   0: 3 0x80009d5c (0x2a3f2423) mem 0x80010000 0x00000001
core   0: 0x80009d60 (0xff9ff06f) j       pc - 0x8
core   0: 3 0x80009d60 (0xff9ff06f)
core   0: 0x80009d58 (0x00006f17) auipc   t5, 0x6
core   0: 3 0x80009d58 (0x00006f17) x30 0x8000fd58
core   0: 0x80009d5c (0x2a3f2423) sw      gp, 680(t5)
core   0: 3 0x80009d5c (0x2a3f2423) mem 0x80010000 0x00000001
core   0: 0x80009d60 (0xff9ff06f) j       pc - 0x8
core   0: 3 0x80009d60 (0xff9ff06f)
core   0: 0x80009d58 (0x00006f17) auipc   t5, 0x6
core   0: 3 0x80009d58 (0x00006f17) x30 0x8000fd58
core   0: 0x80009d5c (0x2a3f2423) sw      gp, 680(t5)
core   0: 3 0x80009d5c (0x2a3f2423) mem 0x80010000 0x00000001
core   0: 0x80009d60 (0xff9ff06f) j       pc - 0x8
core   0: 3 0x80009d60 (0xff9ff06f)
core   0: 0x80009d58 (0x00006f17) auipc   t5, 0x6
core   0: 3 0x80009d58 (0x00006f17) x30 0x8000fd58
core   0: 0x80009d5c (0x2a3f2423) sw      gp, 680(t5)
core   0: 3 0x80009d5c (0x2a3f2423) mem 0x80010000 0x00000001
core   0: 0x80009d60 (0xff9ff06f) j       pc - 0x8
core   0: 3 0x80009d60 (0xff9ff06f)
core   0: 0x80009d58 (0x00006f17) auipc   t5, 0x6
core   0: 3 0x80009d58 (0x00006f17) x30 0x8000fd58
core   0: 0x80009d5c (0x2a3f2423) sw      gp, 680(t5)
core   0: 3 0x80009d5c (0x2a3f2423) mem 0x80010000 0x00000001
core   0: 0x80009d60 (0xff9ff06f) j       pc - 0x8
core   0: 3 0x80009d60 (0xff9ff06f)
core   0: 0x80009d58 (0x00006f17) auipc   t5, 0x6
core   0: 3 0x80009d58 (0x00006f17) x30 0x8000fd58
core   0: 0x80009d5c (0x2a3f2423) sw      gp, 680(t5)
core   0: 3 0x80009d5c (0x2a3f2423) mem 0x80010000 0x00000001
core   0: 0x80009d60 (0xff9ff06f) j       pc - 0x8
core   0: 3 0x80009d60 (0xff9ff06f)
core   0: 0x80009d58 (0x00006f17) auipc   t5, 0x6
core   0: 3 0x80009d58 (0x00006f17) x30 0x8000fd58
core   0: 0x80009d5c (0x2a3f2423) sw      gp, 680(t5)
core   0: 3 0x80009d5c (0x2a3f2423) mem 0x80010000 0x00000001
core   0: 0x80009d60 (0xff9ff06f) j       pc - 0x8
core   0: 3 0x80009d60 (0xff9ff06f)
core   0: 0x80009d58 (0x00006f17) auipc   t5, 0x6
core   0: 3 0x80009d58 (0x00006f17) x30 0x8000fd58
core   0: 0x80009d5c (0x2a3f2423) sw      gp, 680(t5)
core   0: 3 0x80009d5c (0x2a3f2423) mem 0x80010000 0x00000001
core   0: 0x80009d60 (0xff9ff06f) j       pc - 0x8
core   0: 3 0x80009d60 (0xff9ff06f)
core   0: 0x80009d58 (0x00006f17) auipc   t5, 0x6
core   0: 3 0x80009d58 (0x00006f17) x30 0x8000fd58
core   0: 0x80009d5c (0x2a3f2423) sw      gp, 680(t5)
core   0: 3 0x80009d5c (0x2a3f2423) mem 0x80010000 0x00000001
core   0: 0x80009d60 (0xff9ff06f) j       pc - 0x8
core   0: 3 0x80009d60 (0xff9ff06f)
core   0: 0x80009d58 (0x00006f17) auipc   t5, 0x6
core   0: 3 0x80009d58 (0x00006f17) x30 0x8000fd58
core   0: 0x80009d5c (0x2a3f2423) sw      gp, 680(t5)
core   0: 3 0x80009d5c (0x2a3f2423) mem 0x80010000 0x00000001
core   0: 0x80009d60 (0xff9ff06f) j       pc - 0x8
core   0: 3 0x80009d60 (0xff9ff06f)
core   0: 0x80009d58 (0x00006f17) auipc   t5, 0x6
core   0: 3 0x80009d58 (0x00006f17) x30 0x8000fd58
core   0: 0x80009d5c (0x2a3f2423) sw      gp, 680(t5)
core   0: 3 0x80009d5c (0x2a3f2423) mem 0x80010000 0x00000001
core   0: 0x80009d60 (0xff9ff06f) j       pc - 0x8
core   0: 3 0x80009d60 (0xff9ff06f)
core   0: 0x80009d58 (0x00006f17) auipc   t5, 0x6
core   0: 3 0x80009d58 (0x00006f17) x30 0x8000fd58
core   0: 0x80009d5c (0x2a3f2423) sw      gp, 680(t5)
core   0: 3 0x80009d5c (0x2a3f2423) mem 0x80010000 0x00000001
core   0: 0x80009d60 (0xff9ff06f) j       pc - 0x8
core   0: 3 0x80009d60 (0xff9ff06f)
core   0: 0x80009d58 (0x00006f17) auipc   t5, 0x6
core   0: 3 0x80009d58 (0x00006f17) x30 0x8000fd58
core   0: 0x80009d5c (0x2a3f2423) sw      gp, 680(t5)
core   0: 3 0x80009d5c (0x2a3f2423) mem 0x80010000 0x00000001
core   0: 0x80009d60 (0xff9ff06f) j       pc - 0x8
core   0: 3 0x80009d60 (0xff9ff06f)
core   0: 0x80009d58 (0x00006f17) auipc   t5, 0x6
core   0: 3 0x80009d58 (0x00006f17) x30 0x8000fd58
core   0: 0x80009d5c (0x2a3f2423) sw      gp, 680(t5)
core   0: 3 0x80009d5c (0x2a3f2423) mem 0x80010000 0x00000001
core   0: 0x80009d60 (0xff9ff06f) j       pc - 0x8
core   0: 3 0x80009d60 (0xff9ff06f)
core   0: 0x80009d58 (0x00006f17) auipc   t5, 0x6
core   0: 3 0x80009d58 (0x00006f17) x30 0x8000fd58
core   0: 0x80009d5c (0x2a3f2423) sw      gp, 680(t5)
core   0: 3 0x80009d5c (0x2a3f2423) mem 0x80010000 0x00000001
core   0: 0x80009d60 (0xff9ff06f) j       pc - 0x8
core   0: 3 0x80009d60 (0xff9ff06f)
core   0: 0x80009d58 (0x00006f17) auipc   t5, 0x6
core   0: 3 0x80009d58 (0x00006f17) x30 0x8000fd58
core   0: 0x80009d5c (0x2a3f2423) sw      gp, 680(t5)
core   0: 3 0x80009d5c (0x2a3f2423) mem 0x80010000 0x00000001
core   0: 0x80009d60 (0xff9ff06f) j       pc - 0x8
core   0: 3 0x80009d60 (0xff9ff06f)
core   0: 0x80009d58 (0x00006f17) auipc   t5, 0x6
core   0: 3 0x80009d58 (0x00006f17) x30 0x8000fd58
core   0: 0x80009d5c (0x2a3f2423) sw      gp, 680(t5)
core   0: 3 0x80009d5c (0x2a3f2423) mem 0x80010000 0x00000001
core   0: 0x80009d60 (0xff9ff06f) j       pc - 0x8
core   0: 3 0x80009d60 (0xff9ff06f)
core   0: 0x80009d58 (0x00006f17) auipc   t5, 0x6
core   0: 3 0x80009d58 (0x00006f17) x30 0x8000fd58
core   0: 0x80009d5c (0x2a3f2423) sw      gp, 680(t5)
core   0: 3 0x80009d5c (0x2a3f2423) mem 0x80010000 0x00000001
core   0: 0x80009d60 (0xff9ff06f) j       pc - 0x8
core   0: 3 0x80009d60 (0xff9ff06f)
core   0: 0x80009d58 (0x00006f17) auipc   t5, 0x6
core   0: 3 0x80009d58 (0x00006f17) x30 0x8000fd58
core   0: 0x80009d5c (0x2a3f2423) sw      gp, 680(t5)
core   0: 3 0x80009d5c (0x2a3f2423) mem 0x80010000 0x00000001
core   0: 0x80009d60 (0xff9ff06f) j       pc - 0x8
core   0: 3 0x80009d60 (0xff9ff06f)
core   0: 0x80009d58 (0x00006f17) auipc   t5, 0x6
core   0: 3 0x80009d58 (0x00006f17) x30 0x8000fd58
core   0: 0x80009d5c (0x2a3f2423) sw      gp, 680(t5)
core   0: 3 0x80009d5c (0x2a3f2423) mem 0x80010000 0x00000001
core   0: 0x80009d60 (0xff9ff06f) j       pc - 0x8
core   0: 3 0x80009d60 (0xff9ff06f)
core   0: 0x80009d58 (0x00006f17) auipc   t5, 0x6
core   0: 3 0x80009d58 (0x00006f17) x30 0x8000fd58
core   0: 0x80009d5c (0x2a3f2423) sw      gp, 680(t5)
core   0: 3 0x80009d5c (0x2a3f2423) mem 0x80010000 0x00000001
core   0: 0x80009d60 (0xff9ff06f) j       pc - 0x8
core   0: 3 0x80009d60 (0xff9ff06f)
core   0: 0x80009d58 (0x00006f17) auipc   t5, 0x6
core   0: 3 0x80009d58 (0x00006f17) x30 0x8000fd58
core   0: 0x80009d5c (0x2a3f2423) sw      gp, 680(t5)
core   0: 3 0x80009d5c (0x2a3f2423) mem 0x80010000 0x00000001
core   0: 0x80009d60 (0xff9ff06f) j       pc - 0x8
core   0: 3 0x80009d60 (0xff9ff06f)
core   0: 0x80009d58 (0x00006f17) auipc   t5, 0x6
core   0: 3 0x80009d58 (0x00006f17) x30 0x8000fd58
core   0: 0x80009d5c (0x2a3f2423) sw      gp, 680(t5)
core   0: 3 0x80009d5c (0x2a3f2423) mem 0x80010000 0x00000001
core   0: 0x80009d60 (0xff9ff06f) j       pc - 0x8
core   0: 3 0x80009d60 (0xff9ff06f)
core   0: 0x80009d58 (0x00006f17) auipc   t5, 0x6
core   0: 3 0x80009d58 (0x00006f17) x30 0x8000fd58
core   0: 0x80009d5c (0x2a3f2423) sw      gp, 680(t5)
core   0: 3 0x80009d5c (0x2a3f2423) mem 0x80010000 0x00000001
core   0: 0x80009d60 (0xff9ff06f) j       pc - 0x8
core   0: 3 0x80009d60 (0xff9ff06f)
core   0: 0x80009d58 (0x00006f17) auipc   t5, 0x6
core   0: 3 0x80009d58 (0x00006f17) x30 0x8000fd58
core   0: 0x80009d5c (0x2a3f2423) sw      gp, 680(t5)
core   0: 3 0x80009d5c (0x2a3f2423) mem 0x80010000 0x00000001
core   0: 0x80009d60 (0xff9ff06f) j       pc - 0x8
core   0: 3 0x80009d60 (0xff9ff06f)
core   0: 0x80009d58 (0x00006f17) auipc   t5, 0x6
core   0: 3 0x80009d58 (0x00006f17) x30 0x8000fd58
core   0: 0x80009d5c (0x2a3f2423) sw      gp, 680(t5)
core   0: 3 0x80009d5c (0x2a3f2423) mem 0x80010000 0x00000001
core   0: 0x80009d60 (0xff9ff06f) j       pc - 0x8
core   0: 3 0x80009d60 (0xff9ff06f)
core   0: 0x80009d58 (0x00006f17) auipc   t5, 0x6
core   0: 3 0x80009d58 (0x00006f17) x30 0x8000fd58
core   0: 0x80009d5c (0x2a3f2423) sw      gp, 680(t5)
core   0: 3 0x80009d5c (0x2a3f2423) mem 0x80010000 0x00000001
core   0: 0x80009d60 (0xff9ff06f) j       pc - 0x8
core   0: 3 0x80009d60 (0xff9ff06f)
core   0: 0x80009d58 (0x00006f17) auipc   t5, 0x6
core   0: 3 0x80009d58 (0x00006f17) x30 0x8000fd58
core   0: 0x80009d5c (0x2a3f2423) sw      gp, 680(t5)
core   0: 3 0x80009d5c (0x2a3f2423) mem 0x80010000 0x00000001
core   0: 0x80009d60 (0xff9ff06f) j       pc - 0x8
core   0: 3 0x80009d60 (0xff9ff06f)
core   0: 0x80009d58 (0x00006f17) auipc   t5, 0x6
core   0: 3 0x80009d58 (0x00006f17) x30 0x8000fd58
core   0: 0x80009d5c (0x2a3f2423) sw      gp, 680(t5)
core   0: 3 0x80009d5c (0x2a3f2423) mem 0x80010000 0x00000001
core   0: 0x80009d60 (0xff9ff06f) j       pc - 0x8
core   0: 3 0x80009d60 (0xff9ff06f)
core   0: 0x80009d58 (0x00006f17) auipc   t5, 0x6
core   0: 3 0x80009d58 (0x00006f17) x30 0x8000fd58
core   0: 0x80009d5c (0x2a3f2423) sw      gp, 680(t5)
core   0: 3 0x80009d5c (0x2a3f2423) mem 0x80010000 0x00000001
core   0: 0x80009d60 (0xff9ff06f) j       pc - 0x8
core   0: 3 0x80009d60 (0xff9ff06f)
core   0: 0x80009d58 (0x00006f17) auipc   t5, 0x6
core   0: 3 0x80009d58 (0x00006f17) x30 0x8000fd58
core   0: 0x80009d5c (0x2a3f2423) sw      gp, 680(t5)
core   0: 3 0x80009d5c (0x2a3f2423) mem 0x80010000 0x00000001
core   0: 0x80009d60 (0xff9ff06f) j       pc - 0x8
core   0: 3 0x80009d60 (0xff9ff06f)
core   0: 0x80009d58 (0x00006f17) auipc   t5, 0x6
core   0: 3 0x80009d58 (0x00006f17) x30 0x8000fd58
core   0: 0x80009d5c (0x2a3f2423) sw      gp, 680(t5)
core   0: 3 0x80009d5c (0x2a3f2423) mem 0x80010000 0x00000001
core   0: 0x80009d60 (0xff9ff06f) j       pc - 0x8
core   0: 3 0x80009d60 (0xff9ff06f)
core   0: 0x80009d58 (0x00006f17) auipc   t5, 0x6
core   0: 3 0x80009d58 (0x00006f17) x30 0x8000fd58
core   0: 0x80009d5c (0x2a3f2423) sw      gp, 680(t5)
core   0: 3 0x80009d5c (0x2a3f2423) mem 0x80010000 0x00000001
core   0: 0x80009d60 (0xff9ff06f) j       pc - 0x8
core   0: 3 0x80009d60 (0xff9ff06f)
core   0: 0x80009d58 (0x00006f17) auipc   t5, 0x6
core   0: 3 0x80009d58 (0x00006f17) x30 0x8000fd58
core   0: 0x80009d5c (0x2a3f2423) sw      gp, 680(t5)
core   0: 3 0x80009d5c (0x2a3f2423) mem 0x80010000 0x00000001
core   0: 0x80009d60 (0xff9ff06f) j       pc - 0x8
core   0: 3 0x80009d60 (0xff9ff06f)
core   0: 0x80009d58 (0x00006f17) auipc   t5, 0x6
core   0: 3 0x80009d58 (0x00006f17) x30 0x8000fd58
core   0: 0x80009d5c (0x2a3f2423) sw      gp, 680(t5)
core   0: 3 0x80009d5c (0x2a3f2423) mem 0x80010000 0x00000001
core   0: 0x80009d60 (0xff9ff06f) j       pc - 0x8
core   0: 3 0x80009d60 (0xff9ff06f)
core   0: 0x80009d58 (0x00006f17) auipc   t5, 0x6
core   0: 3 0x80009d58 (0x00006f17) x30 0x8000fd58
core   0: 0x80009d5c (0x2a3f2423) sw      gp, 680(t5)
core   0: 3 0x80009d5c (0x2a3f2423) mem 0x80010000 0x00000001
core   0: 0x80009d60 (0xff9ff06f) j       pc - 0x8
core   0: 3 0x80009d60 (0xff9ff06f)
core   0: 0x80009d58 (0x00006f17) auipc   t5, 0x6
core   0: 3 0x80009d58 (0x00006f17) x30 0x8000fd58
core   0: 0x80009d5c (0x2a3f2423) sw      gp, 680(t5)
core   0: 3 0x80009d5c (0x2a3f2423) mem 0x80010000 0x00000001
core   0: 0x80009d60 (0xff9ff06f) j       pc - 0x8
core   0: 3 0x80009d60 (0xff9ff06f)
core   0: 0x80009d58 (0x00006f17) auipc   t5, 0x6
core   0: 3 0x80009d58 (0x00006f17) x30 0x8000fd58
core   0: 0x80009d5c (0x2a3f2423) sw      gp, 680(t5)
core   0: 3 0x80009d5c (0x2a3f2423) mem 0x80010000 0x00000001
core   0: 0x80009d60 (0xff9ff06f) j       pc - 0x8
core   0: 3 0x80009d60 (0xff9ff06f)
core   0: 0x80009d58 (0x00006f17) auipc   t5, 0x6
core   0: 3 0x80009d58 (0x00006f17) x30 0x8000fd58
core   0: 0x80009d5c (0x2a3f2423) sw      gp, 680(t5)
core   0: 3 0x80009d5c (0x2a3f2423) mem 0x80010000 0x00000001
core   0: 0x80009d60 (0xff9ff06f) j       pc - 0x8
core   0: 3 0x80009d60 (0xff9ff06f)
core   0: 0x80009d58 (0x00006f17) auipc   t5, 0x6
core   0: 3 0x80009d58 (0x00006f17) x30 0x8000fd58
core   0: 0x80009d5c (0x2a3f2423) sw      gp, 680(t5)
core   0: 3 0x80009d5c (0x2a3f2423) mem 0x80010000 0x00000001
core   0: 0x80009d60 (0xff9ff06f) j       pc - 0x8
core   0: 3 0x80009d60 (0xff9ff06f)
core   0: 0x80009d58 (0x00006f17) auipc   t5, 0x6
core   0: 3 0x80009d58 (0x00006f17) x30 0x8000fd58
core   0: 0x80009d5c (0x2a3f2423) sw      gp, 680(t5)
core   0: 3 0x80009d5c (0x2a3f2423) mem 0x80010000 0x00000001
core   0: 0x80009d60 (0xff9ff06f) j       pc - 0x8
core   0: 3 0x80009d60 (0xff9ff06f)
core   0: 0x80009d58 (0x00006f17) auipc   t5, 0x6
core   0: 3 0x80009d58 (0x00006f17) x30 0x8000fd58
core   0: 0x80009d5c (0x2a3f2423) sw      gp, 680(t5)
core   0: 3 0x80009d5c (0x2a3f2423) mem 0x80010000 0x00000001
core   0: 0x80009d60 (0xff9ff06f) j       pc - 0x8
core   0: 3 0x80009d60 (0xff9ff06f)
core   0: 0x80009d58 (0x00006f17) auipc   t5, 0x6
core   0: 3 0x80009d58 (0x00006f17) x30 0x8000fd58
core   0: 0x80009d5c (0x2a3f2423) sw      gp, 680(t5)
core   0: 3 0x80009d5c (0x2a3f2423) mem 0x80010000 0x00000001
core   0: 0x80009d60 (0xff9ff06f) j       pc - 0x8
core   0: 3 0x80009d60 (0xff9ff06f)
core   0: 0x80009d58 (0x00006f17) auipc   t5, 0x6
core   0: 3 0x80009d58 (0x00006f17) x30 0x8000fd58
core   0: 0x80009d5c (0x2a3f2423) sw      gp, 680(t5)
core   0: 3 0x80009d5c (0x2a3f2423) mem 0x80010000 0x00000001
core   0: 0x80009d60 (0xff9ff06f) j       pc - 0x8
core   0: 3 0x80009d60 (0xff9ff06f)
core   0: 0x80009d58 (0x00006f17) auipc   t5, 0x6
core   0: 3 0x80009d58 (0x00006f17) x30 0x8000fd58
core   0: 0x80009d5c (0x2a3f2423) sw      gp, 680(t5)
core   0: 3 0x80009d5c (0x2a3f2423) mem 0x80010000 0x00000001
core   0: 0x80009d60 (0xff9ff06f) j       pc - 0x8
core   0: 3 0x80009d60 (0xff9ff06f)
core   0: 0x80009d58 (0x00006f17) auipc   t5, 0x6
core   0: 3 0x80009d58 (0x00006f17) x30 0x8000fd58
core   0: 0x80009d5c (0x2a3f2423) sw      gp, 680(t5)
core   0: 3 0x80009d5c (0x2a3f2423) mem 0x80010000 0x00000001
core   0: 0x80009d60 (0xff9ff06f) j       pc - 0x8
core   0: 3 0x80009d60 (0xff9ff06f)
core   0: 0x80009d58 (0x00006f17) auipc   t5, 0x6
core   0: 3 0x80009d58 (0x00006f17) x30 0x8000fd58
core   0: 0x80009d5c (0x2a3f2423) sw      gp, 680(t5)
core   0: 3 0x80009d5c (0x2a3f2423) mem 0x80010000 0x00000001
core   0: 0x80009d60 (0xff9ff06f) j       pc - 0x8
core   0: 3 0x80009d60 (0xff9ff06f)
core   0: 0x80009d58 (0x00006f17) auipc   t5, 0x6
core   0: 3 0x80009d58 (0x00006f17) x30 0x8000fd58
core   0: 0x80009d5c (0x2a3f2423) sw      gp, 680(t5)
core   0: 3 0x80009d5c (0x2a3f2423) mem 0x80010000 0x00000001
core   0: 0x80009d60 (0xff9ff06f) j       pc - 0x8
core   0: 3 0x80009d60 (0xff9ff06f)
core   0: 0x80009d58 (0x00006f17) auipc   t5, 0x6
core   0: 3 0x80009d58 (0x00006f17) x30 0x8000fd58
core   0: 0x80009d5c (0x2a3f2423) sw      gp, 680(t5)
core   0: 3 0x80009d5c (0x2a3f2423) mem 0x80010000 0x00000001
core   0: 0x80009d60 (0xff9ff06f) j       pc - 0x8
core   0: 3 0x80009d60 (0xff9ff06f)
core   0: 0x80009d58 (0x00006f17) auipc   t5, 0x6
core   0: 3 0x80009d58 (0x00006f17) x30 0x8000fd58
core   0: 0x80009d5c (0x2a3f2423) sw      gp, 680(t5)
core   0: 3 0x80009d5c (0x2a3f2423) mem 0x80010000 0x00000001
core   0: 0x80009d60 (0xff9ff06f) j       pc - 0x8
core   0: 3 0x80009d60 (0xff9ff06f)
core   0: 0x80009d58 (0x00006f17) auipc   t5, 0x6
core   0: 3 0x80009d58 (0x00006f17) x30 0x8000fd58
core   0: 0x80009d5c (0x2a3f2423) sw      gp, 680(t5)
core   0: 3 0x80009d5c (0x2a3f2423) mem 0x80010000 0x00000001
core   0: 0x80009d60 (0xff9ff06f) j       pc - 0x8
core   0: 3 0x80009d60 (0xff9ff06f)
core   0: 0x80009d58 (0x00006f17) auipc   t5, 0x6
core   0: 3 0x80009d58 (0x00006f17) x30 0x8000fd58
core   0: 0x80009d5c (0x2a3f2423) sw      gp, 680(t5)
core   0: 3 0x80009d5c (0x2a3f2423) mem 0x80010000 0x00000001
core   0: 0x80009d60 (0xff9ff06f) j       pc - 0x8
core   0: 3 0x80009d60 (0xff9ff06f)
core   0: 0x80009d58 (0x00006f17) auipc   t5, 0x6
core   0: 3 0x80009d58 (0x00006f17) x30 0x8000fd58
core   0: 0x80009d5c (0x2a3f2423) sw      gp, 680(t5)
core   0: 3 0x80009d5c (0x2a3f2423) mem 0x80010000 0x00000001
core   0: 0x80009d60 (0xff9ff06f) j       pc - 0x8
core   0: 3 0x80009d60 (0xff9ff06f)
core   0: 0x80009d58 (0x00006f17) auipc   t5, 0x6
core   0: 3 0x80009d58 (0x00006f17) x30 0x8000fd58
core   0: 0x80009d5c (0x2a3f2423) sw      gp, 680(t5)
core   0: 3 0x80009d5c (0x2a3f2423) mem 0x80010000 0x00000001
core   0: 0x80009d60 (0xff9ff06f) j       pc - 0x8
core   0: 3 0x80009d60 (0xff9ff06f)
core   0: 0x80009d58 (0x00006f17) auipc   t5, 0x6
core   0: 3 0x80009d58 (0x00006f17) x30 0x8000fd58
core   0: 0x80009d5c (0x2a3f2423) sw      gp, 680(t5)
core   0: 3 0x80009d5c (0x2a3f2423) mem 0x80010000 0x00000001
core   0: 0x80009d60 (0xff9ff06f) j       pc - 0x8
core   0: 3 0x80009d60 (0xff9ff06f)
core   0: 0x80009d58 (0x00006f17) auipc   t5, 0x6
core   0: 3 0x80009d58 (0x00006f17) x30 0x8000fd58
core   0: 0x80009d5c (0x2a3f2423) sw      gp, 680(t5)
core   0: 3 0x80009d5c (0x2a3f2423) mem 0x80010000 0x00000001
core   0: 0x80009d60 (0xff9ff06f) j       pc - 0x8
core   0: 3 0x80009d60 (0xff9ff06f)
core   0: 0x80009d58 (0x00006f17) auipc   t5, 0x6
core   0: 3 0x80009d58 (0x00006f17) x30 0x8000fd58
core   0: 0x80009d5c (0x2a3f2423) sw      gp, 680(t5)
core   0: 3 0x80009d5c (0x2a3f2423) mem 0x80010000 0x00000001
core   0: 0x80009d60 (0xff9ff06f) j       pc - 0x8
core   0: 3 0x80009d60 (0xff9ff06f)
core   0: 0x80009d58 (0x00006f17) auipc   t5, 0x6
core   0: 3 0x80009d58 (0x00006f17) x30 0x8000fd58
core   0: 0x80009d5c (0x2a3f2423) sw      gp, 680(t5)
core   0: 3 0x80009d5c (0x2a3f2423) mem 0x80010000 0x00000001
core   0: 0x80009d60 (0xff9ff06f) j       pc - 0x8
core   0: 3 0x80009d60 (0xff9ff06f)
core   0: 0x80009d58 (0x00006f17) auipc   t5, 0x6
core   0: 3 0x80009d58 (0x00006f17) x30 0x8000fd58
core   0: 0x80009d5c (0x2a3f2423) sw      gp, 680(t5)
core   0: 3 0x80009d5c (0x2a3f2423) mem 0x80010000 0x00000001
