core   0: 0x00001000 (0x00000297) auipc   t0, 0x0
core   0: 3 0x00001000 (0x00000297) x 5 0x00001000
core   0: 0x00001004 (0x02028593) addi    a1, t0, 32
core   0: 3 0x00001004 (0x02028593) x11 0x00001020
core   0: 0x00001008 (0xf1402573) csrr    a0, mhartid
core   0: 3 0x00001008 (0xf1402573) x10 0x00000000
core   0: 0x0000100c (0x0182a283) lw      t0, 24(t0)
core   0: 3 0x0000100c (0x0182a283) x 5 0x80000000 mem 0x00001018
core   0: 0x00001010 (0x00028067) jr      t0
core   0: 3 0x00001010 (0x00028067)
core   0: 0x80000000 (0xf14022f3) csrr    t0, mhartid
core   0: 3 0x80000000 (0xf14022f3) x 5 0x00000000
core   0: 0x80000004 (0x00000313) li      t1, 0
core   0: 3 0x80000004 (0x00000313) x 6 0x00000000
core   0: 0x80000008 (0x00628263) beq     t0, t1, pc + 4
core   0: 3 0x80000008 (0x00628263)
core   0: 0x8000000c (0x00000117) auipc   sp, 0x0
core   0: 3 0x8000000c (0x00000117) x 2 0x8000000c
core   0: 0x80000010 (0x00c10113) addi    sp, sp, 12
core   0: 3 0x80000010 (0x00c10113) x 2 0x80000018
core   0: 0x80000014 (0x00010067) jr      sp
core   0: 3 0x80000014 (0x00010067)
core   0: 0x80000018 (0x40001a37) lui     s4, 0x40001
core   0: 3 0x80000018 (0x40001a37) x20 0x40001000
core   0: 0x8000001c (0x104a0a13) addi    s4, s4, 260
core   0: 3 0x8000001c (0x104a0a13) x20 0x40001104
core   0: 0x80000020 (0x301a1073) csrw    misa, s4
core   0: 3 0x80000020 (0x301a1073) c769_misa 0x40141100
core   0: 0x80000024 (0x00019e17) auipc   t3, 0x19
core   0: 3 0x80000024 (0x00019e17) x28 0x80019024
core   0: 0x80000028 (0xcc0e0e13) addi    t3, t3, -832
core   0: 3 0x80000028 (0xcc0e0e13) x28 0x80018ce4
core   0: 0x8000002c (0x0000aa17) auipc   s4, 0xa
core   0: 3 0x8000002c (0x0000aa17) x20 0x8000a02c
core   0: 0x80000030 (0xd44a0a13) addi    s4, s4, -700
core   0: 3 0x80000030 (0xd44a0a13) x20 0x80009d70
core   0: 0x80000034 (0x000a6a13) ori     s4, s4, 0
core   0: 3 0x80000034 (0x000a6a13) x20 0x80009d70
core   0: 0x80000038 (0x305a1073) csrw    mtvec, s4
core   0: 3 0x80000038 (0x305a1073) c773_mtvec 0x80009d70
core   0: 0x8000003c (0x00000a17) auipc   s4, 0x0
core   0: 3 0x8000003c (0x00000a17) x20 0x8000003c
core   0: 0x80000040 (0x028a0a13) addi    s4, s4, 40
core   0: 3 0x80000040 (0x028a0a13) x20 0x80000064
core   0: 0x80000044 (0x341a1073) csrw    mepc, s4
core   0: 3 0x80000044 (0x341a1073) c833_mepc 0x80000064
core   0: 0x80000048 (0x00000013) nop
core   0: 3 0x80000048 (0x00000013)
core   0: 0x8000004c (0x00002a37) lui     s4, 0x2
core   0: 3 0x8000004c (0x00002a37) x20 0x00002000
core   0: 0x80000050 (0x800a0a13) addi    s4, s4, -2048
core   0: 3 0x80000050 (0x800a0a13) x20 0x00001800
core   0: 0x80000054 (0x300a1073) csrw    mstatus, s4
core   0: 3 0x80000054 (0x300a1073) c768_mstatus 0x00001800
core   0: 0x80000058 (0x00000a13) li      s4, 0
core   0: 3 0x80000058 (0x00000a13) x20 0x00000000
core   0: 0x8000005c (0x304a1073) csrw    mie, s4
core   0: 3 0x8000005c (0x304a1073) c772_mie 0x00000000
core   0: 0x80000060 (0x30200073) mret
core   0: 3 0x80000060 (0x30200073) c768_mstatus 0x00000080
core   0: >>>>  init
core   0: 0x80000064 (0xf3a10037) lui     zero, 0xf3a10
core   0: 3 0x80000064 (0xf3a10037)
core   0: 0x80000068 (0x5e700013) li      zero, 1511
core   0: 3 0x80000068 (0x5e700013)
core   0: 0x8000006c (0x15c920b7) lui     ra, 0x15c92
core   0: 3 0x8000006c (0x15c920b7) x 1 0x15c92000
core   0: 0x80000070 (0x73b08093) addi    ra, ra, 1851
core   0: 3 0x80000070 (0x73b08093) x 1 0x15c9273b
core   0: 0x80000074 (0x00800113) li      sp, 8
core   0: 3 0x80000074 (0x00800113) x 2 0x00000008
core   0: 0x80000078 (0x00c00193) li      gp, 12
core   0: 3 0x80000078 (0x00c00193) x 3 0x0000000c
core   0: 0x8000007c (0x80000237) lui     tp, 0x80000
core   0: 3 0x8000007c (0x80000237) x 4 0x80000000
core   0: 0x80000080 (0x00000313) li      t1, 0
core   0: 3 0x80000080 (0x00000313) x 6 0x00000000
core   0: 0x80000084 (0x800003b7) lui     t2, 0x80000
core   0: 3 0x80000084 (0x800003b7) x 7 0x80000000
core   0: 0x80000088 (0x00000413) li      s0, 0
core   0: 3 0x80000088 (0x00000413) x 8 0x00000000
core   0: 0x8000008c (0x800004b7) lui     s1, 0x80000
core   0: 3 0x8000008c (0x800004b7) x 9 0x80000000
core   0: 0x80000090 (0x80000537) lui     a0, 0x80000
core   0: 3 0x80000090 (0x80000537) x10 0x80000000
core   0: 0x80000094 (0x00000593) li      a1, 0
core   0: 3 0x80000094 (0x00000593) x11 0x00000000
core   0: 0x80000098 (0x00100613) li      a2, 1
core   0: 3 0x80000098 (0x00100613) x12 0x00000001
core   0: 0x8000009c (0xf3fd66b7) lui     a3, 0xf3fd6
core   0: 3 0x8000009c (0xf3fd66b7) x13 0xf3fd6000
core   0: 0x800000a0 (0x28768693) addi    a3, a3, 647
core   0: 3 0x800000a0 (0x28768693) x13 0xf3fd6287
core   0: 0x800000a4 (0x279a8737) lui     a4, 0x279a8
core   0: 3 0x800000a4 (0x279a8737) x14 0x279a8000
core   0: 0x800000a8 (0x35f70713) addi    a4, a4, 863
core   0: 3 0x800000a8 (0x35f70713) x14 0x279a835f
core   0: 0x800000ac (0x425777b7) lui     a5, 0x42577
core   0: 3 0x800000ac (0x425777b7) x15 0x42577000
core   0: 0x800000b0 (0xb9478793) addi    a5, a5, -1132
core   0: 3 0x800000b0 (0xb9478793) x15 0x42576b94
core   0: 0x800000b4 (0xf0e7a837) lui     a6, 0xf0e7a
core   0: 3 0x800000b4 (0xf0e7a837) x16 0xf0e7a000
core   0: 0x800000b8 (0x64180813) addi    a6, a6, 1601
core   0: 3 0x800000b8 (0x64180813) x16 0xf0e7a641
core   0: 0x800000bc (0x00000893) li      a7, 0
core   0: 3 0x800000bc (0x00000893) x17 0x00000000
core   0: 0x800000c0 (0x00000913) li      s2, 0
core   0: 3 0x800000c0 (0x00000913) x18 0x00000000
core   0: 0x800000c4 (0x00000993) li      s3, 0
core   0: 3 0x800000c4 (0x00000993) x19 0x00000000
core   0: 0x800000c8 (0xf32a3a37) lui     s4, 0xf32a3
core   0: 3 0x800000c8 (0xf32a3a37) x20 0xf32a3000
core   0: 0x800000cc (0x9c6a0a13) addi    s4, s4, -1594
core   0: 3 0x800000cc (0x9c6a0a13) x20 0xf32a29c6
core   0: 0x800000d0 (0x00600a93) li      s5, 6
core   0: 3 0x800000d0 (0x00600a93) x21 0x00000006
core   0: 0x800000d4 (0x80000b37) lui     s6, 0x80000
core   0: 3 0x800000d4 (0x80000b37) x22 0x80000000
core   0: 0x800000d8 (0xc0b1bbb7) lui     s7, 0xc0b1b
core   0: 3 0x800000d8 (0xc0b1bbb7) x23 0xc0b1b000
core   0: 0x800000dc (0x091b8b93) addi    s7, s7, 145
core   0: 3 0x800000dc (0x091b8b93) x23 0xc0b1b091
core   0: 0x800000e0 (0x00f00c13) li      s8, 15
core   0: 3 0x800000e0 (0x00f00c13) x24 0x0000000f
core   0: 0x800000e4 (0x80000cb7) lui     s9, 0x80000
core   0: 3 0x800000e4 (0x80000cb7) x25 0x80000000
core   0: 0x800000e8 (0x0bb59d37) lui     s10, 0xbb59
core   0: 3 0x800000e8 (0x0bb59d37) x26 0x0bb59000
core   0: 0x800000ec (0x917d0d13) addi    s10, s10, -1769
core   0: 3 0x800000ec (0x917d0d13) x26 0x0bb58917
core   0: 0x800000f0 (0x00400d93) li      s11, 4
core   0: 3 0x800000f0 (0x00400d93) x27 0x00000004
core   0: 0x800000f4 (0x00700e93) li      t4, 7
core   0: 3 0x800000f4 (0x00700e93) x29 0x00000007
core   0: 0x800000f8 (0xfe32cf37) lui     t5, 0xfe32c
core   0: 3 0x800000f8 (0xfe32cf37) x30 0xfe32c000
core   0: 0x800000fc (0x95cf0f13) addi    t5, t5, -1700
core   0: 3 0x800000fc (0x95cf0f13) x30 0xfe32b95c
core   0: 0x80000100 (0x00000f93) li      t6, 0
core   0: 3 0x80000100 (0x00000f93) x31 0x00000000
core   0: 0x80000104 (0x00015297) auipc   t0, 0x15
core   0: 3 0x80000104 (0x00015297) x 5 0x80015104
core   0: 0x80000108 (0xd6028293) addi    t0, t0, -672
core   0: 3 0x80000108 (0xd6028293) x 5 0x80014e64
core   0: 0x8000010c (0x0025b0b3) sltu    ra, a1, sp
core   0: 3 0x8000010c (0x0025b0b3) x 1 0x00000001
core   0: 0x80000110 (0x3e7a2b93) slti    s7, s4, 999
core   0: 3 0x80000110 (0x3e7a2b93) x23 0x00000001
core   0: 0x80000114 (0x0382c9b3) div     s3, t0, s8
core   0: 3 0x80000114 (0x0382c9b3) x19 0xf7778dc3
core   0: 0x80000118 (0x009f0d33) add     s10, t5, s1
core   0: 3 0x80000118 (0x009f0d33) x26 0x7e32b95c
core   0: 0x8000011c (0xc11c7613) andi    a2, s8, -1007
core   0: 3 0x8000011c (0xc11c7613) x12 0x00000001
core   0: 0x80000120 (0x005d17b3) sll     a5, s10, t0
core   0: 3 0x80000120 (0x005d17b3) x15 0xe32b95c0
core   0: 0x80000124 (0x030df333) remu    t1, s11, a6
core   0: 3 0x80000124 (0x030df333) x 6 0x00000004
core   0: 0x80000128 (0x41bde697) auipc   a3, 0x41bde
core   0: 3 0x80000128 (0x41bde697) x13 0xc1bde128
core   0: 0x8000012c (0x0354c5b3) div     a1, s1, s5
core   0: 3 0x8000012c (0x0354c5b3) x11 0xeaaaaaab
core   0: 0x80000130 (0x01be7333) and     t1, t3, s11
core   0: 3 0x80000130 (0x01be7333) x 6 0x00000004
core   0: 0x80000134 (0x426a2413) slti    s0, s4, 1062
core   0: 3 0x80000134 (0x426a2413) x 8 0x00000001
core   0: 0x80000138 (0x0301f4b3) remu    s1, gp, a6
core   0: 3 0x80000138 (0x0301f4b3) x 9 0x0000000c
core   0: 0x8000013c (0x3ff5e913) ori     s2, a1, 1023
core   0: 3 0x8000013c (0x3ff5e913) x18 0xeaaaabff
core   0: 0x80000140 (0x0092a433) slt     s0, t0, s1
core   0: 3 0x80000140 (0x0092a433) x 8 0x00000001
core   0: 0x80000144 (0x5e8cf413) andi    s0, s9, 1512
core   0: 3 0x80000144 (0x5e8cf413) x 8 0x00000000
core   0: 0x80000148 (0x03fdb7b3) mulhu   a5, s11, t6
core   0: 3 0x80000148 (0x03fdb7b3) x15 0x00000000
core   0: 0x8000014c (0x02325833) divu    a6, tp, gp
core   0: 3 0x8000014c (0x02325833) x16 0x0aaaaaaa
core   0: 0x80000150 (0x005ef6b3) and     a3, t4, t0
core   0: 3 0x80000150 (0x005ef6b3) x13 0x00000004
core   0: 0x80000154 (0x00a138b3) sltu    a7, sp, a0
core   0: 3 0x80000154 (0x00a138b3) x17 0x00000001
core   0: 0x80000158 (0x0011f1b3) and     gp, gp, ra
core   0: 3 0x80000158 (0x0011f1b3) x 3 0x00000000
core   0: 0x8000015c (0x02c131b3) mulhu   gp, sp, a2
core   0: 3 0x8000015c (0x02c131b3) x 3 0x00000000
core   0: 0x80000160 (0x008e06b3) add     a3, t3, s0
core   0: 3 0x80000160 (0x008e06b3) x13 0x80018ce4
core   0: 0x80000164 (0x00b66433) or      s0, a2, a1
core   0: 3 0x80000164 (0x00b66433) x 8 0xeaaaaaab
core   0: 0x80000168 (0x01829913) slli    s2, t0, 24
core   0: 3 0x80000168 (0x01829913) x18 0x64000000
core   0: 0x8000016c (0xaf70a593) slti    a1, ra, -1289
core   0: 3 0x8000016c (0xaf70a593) x11 0x00000000
core   0: 0x80000170 (0x01443f33) sltu    t5, s0, s4
core   0: 3 0x80000170 (0x01443f33) x30 0x00000001
core   0: 0x80000174 (0x027c4ab3) div     s5, s8, t2
core   0: 3 0x80000174 (0x027c4ab3) x21 0x00000000
core   0: 0x80000178 (0x40c600b3) sub     ra, a2, a2
core   0: 3 0x80000178 (0x40c600b3) x 1 0x00000000
core   0: 0x8000017c (0x414201b3) sub     gp, tp, s4
core   0: 3 0x8000017c (0x414201b3) x 3 0x8cd5d63a
core   0: 0x80000180 (0x0204f8b3) remu    a7, s1, zero
core   0: 3 0x80000180 (0x0204f8b3) x17 0x0000000c
core   0: 0x80000184 (0xd46f0193) addi    gp, t5, -698
core   0: 3 0x80000184 (0xd46f0193) x 3 0xfffffd47
core   0: 0x80000188 (0x01f83733) sltu    a4, a6, t6
core   0: 3 0x80000188 (0x01f83733) x14 0x00000000
core   0: 0x8000018c (0x00000013) nop
core   0: 3 0x8000018c (0x00000013)
core   0: 0x80000190 (0x01437633) and     a2, t1, s4
core   0: 3 0x80000190 (0x01437633) x12 0x00000004
core   0: 0x80000194 (0x0d337393) andi    t2, t1, 211
core   0: 3 0x80000194 (0x0d337393) x 7 0x00000000
core   0: 0x80000198 (0x036fe5b3) rem     a1, t6, s6
core   0: 3 0x80000198 (0x036fe5b3) x11 0x00000000
core   0: 0x8000019c (0xabc5c097) auipc   ra, 0xabc5c
core   0: 3 0x8000019c (0xabc5c097) x 1 0x2bc5c19c
core   0: 0x800001a0 (0x00e6eab3) or      s5, a3, a4
core   0: 3 0x800001a0 (0x00e6eab3) x21 0x80018ce4
core   0: 0x800001a4 (0x40e75f33) sra     t5, a4, a4
core   0: 3 0x800001a4 (0x40e75f33) x30 0x00000000
core   0: 0x800001a8 (0x001edd93) srli    s11, t4, 1
core   0: 3 0x800001a8 (0x001edd93) x27 0x00000003
core   0: 0x800001ac (0x00000013) nop
core   0: 3 0x800001ac (0x00000013)
core   0: 0x800001b0 (0x02c23a33) mulhu   s4, tp, a2
core   0: 3 0x800001b0 (0x02c23a33) x20 0x00000002
core   0: 0x800001b4 (0x02230333) mul     t1, t1, sp
core   0: 3 0x800001b4 (0x02230333) x 6 0x00000020
core   0: 0x800001b8 (0x03cb3733) mulhu   a4, s6, t3
core   0: 3 0x800001b8 (0x03cb3733) x14 0x4000c672
core   0: 0x800001bc (0x02543fb3) mulhu   t6, s0, t0
core   0: 3 0x800001bc (0x02543fb3) x31 0x755687db
core   0: 0x800001c0 (0x02b99cb3) mulh    s9, s3, a1
core   0: 3 0x800001c0 (0x02b99cb3) x25 0x00000000
core   0: 0x800001c4 (0x012a8d33) add     s10, s5, s2
core   0: 3 0x800001c4 (0x012a8d33) x26 0xe4018ce4
core   0: 0x800001c8 (0x02291833) mulh    a6, s2, sp
core   0: 3 0x800001c8 (0x02291833) x16 0x00000003
core   0: 0x800001cc (0xa3aecb93) xori    s7, t4, -1478
core   0: 3 0x800001cc (0xa3aecb93) x23 0xfffffa3d
core   0: 0x800001d0 (0x03288c33) mul     s8, a7, s2
core   0: 3 0x800001d0 (0x03288c33) x24 0xb0000000
core   0: 0x800001d4 (0x01548433) add     s0, s1, s5
core   0: 3 0x800001d4 (0x01548433) x 8 0x80018cf0
core   0: 0x800001d8 (0x02feaf33) mulhsu  t5, t4, a5
core   0: 3 0x800001d8 (0x02feaf33) x30 0x00000000
core   0: 0x800001dc (0x00f6d8b3) srl     a7, a3, a5
core   0: 3 0x800001dc (0x00f6d8b3) x17 0x80018ce4
core   0: 0x800001e0 (0x008048b3) xor     a7, zero, s0
core   0: 3 0x800001e0 (0x008048b3) x17 0x80018cf0
core   0: 0x800001e4 (0x037509b3) mul     s3, a0, s7
core   0: 3 0x800001e4 (0x037509b3) x19 0x80000000
core   0: 0x800001e8 (0x008ba833) slt     a6, s7, s0
core   0: 3 0x800001e8 (0x008ba833) x16 0x00000000
core   0: 0x800001ec (0x01d01893) slli    a7, zero, 29
core   0: 3 0x800001ec (0x01d01893) x17 0x00000000
core   0: 0x800001f0 (0x03194eb3) div     t4, s2, a7
core   0: 3 0x800001f0 (0x03194eb3) x29 0xffffffff
core   0: 0x800001f4 (0x03fe1b33) mulh    s6, t3, t6
core   0: 3 0x800001f4 (0x03fe1b33) x22 0xc55571fc
core   0: 0x800001f8 (0x8227c793) xori    a5, a5, -2014
core   0: 3 0x800001f8 (0x8227c793) x15 0xfffff822
core   0: 0x800001fc (0x03b8e4b3) rem     s1, a7, s11
core   0: 3 0x800001fc (0x03b8e4b3) x 9 0x00000000
core   0: 0x80000200 (0x00484733) xor     a4, a6, tp
core   0: 3 0x80000200 (0x00484733) x14 0x80000000
core   0: 0x80000204 (0x01eba633) slt     a2, s7, t5
core   0: 3 0x80000204 (0x01eba633) x12 0x00000001
core   0: 0x80000208 (0x007f8fb3) add     t6, t6, t2
core   0: 3 0x80000208 (0x007f8fb3) x31 0x755687db
core   0: 0x8000020c (0x025ac033) div     zero, s5, t0
core   0: 3 0x8000020c (0x025ac033)
core   0: 0x80000210 (0x030d1833) mulh    a6, s10, a6
core   0: 3 0x80000210 (0x030d1833) x16 0x00000000
core   0: 0x80000214 (0x01d09993) slli    s3, ra, 29
core   0: 3 0x80000214 (0x01d09993) x19 0x80000000
core   0: 0x80000218 (0x00000013) nop
core   0: 3 0x80000218 (0x00000013)
core   0: 0x8000021c (0x006e1633) sll     a2, t3, t1
core   0: 3 0x8000021c (0x006e1633) x12 0x80018ce4
core   0: 0x80000220 (0x366f7913) andi    s2, t5, 870
core   0: 3 0x80000220 (0x366f7913) x18 0x00000000
core   0: 0x80000224 (0x03126c33) rem     s8, tp, a7
core   0: 3 0x80000224 (0x03126c33) x24 0x80000000
core   0: 0x80000228 (0x0161c233) xor     tp, gp, s6
core   0: 3 0x80000228 (0x0161c233) x 4 0x3aaa8cbb
core   0: 0x8000022c (0x0c918013) addi    zero, gp, 201
core   0: 3 0x8000022c (0x0c918013)
core   0: 0x80000230 (0x02409533) mulh    a0, ra, tp
core   0: 3 0x80000230 (0x02409533) x10 0x0a07f740
core   0: 0x80000234 (0x1cda1837) lui     a6, 0x1cda1
core   0: 3 0x80000234 (0x1cda1837) x16 0x1cda1000
core   0: 0x80000238 (0xa61e3093) sltiu   ra, t3, -1439
core   0: 3 0x80000238 (0xa61e3093) x 1 0x00000001
core   0: 0x8000023c (0x03e52cb3) mulhsu  s9, a0, t5
core   0: 3 0x8000023c (0x03e52cb3) x25 0x00000000
core   0: 0x80000240 (0x41a0d193) srai    gp, ra, 26
core   0: 3 0x80000240 (0x41a0d193) x 3 0x00000000
core   0: 0x80000244 (0x018ab233) sltu    tp, s5, s8
core   0: 3 0x80000244 (0x018ab233) x 4 0x00000000
core   0: 0x80000248 (0x01ecbfb3) sltu    t6, s9, t5
core   0: 3 0x80000248 (0x01ecbfb3) x31 0x00000000
core   0: 0x8000024c (0x0049c033) xor     zero, s3, tp
core   0: 3 0x8000024c (0x0049c033)
core   0: 0x80000250 (0x2d33f037) lui     zero, 0x2d33f
core   0: 3 0x80000250 (0x2d33f037)
core   0: 0x80000254 (0x02e87c33) remu    s8, a6, a4
core   0: 3 0x80000254 (0x02e87c33) x24 0x1cda1000
core   0: 0x80000258 (0x024466b3) rem     a3, s0, tp
core   0: 3 0x80000258 (0x024466b3) x13 0x80018cf0
core   0: 0x8000025c (0x00498833) add     a6, s3, tp
core   0: 3 0x8000025c (0x00498833) x16 0x80000000
core   0: 0x80000260 (0x02a0d433) divu    s0, ra, a0
core   0: 3 0x80000260 (0x02a0d433) x 8 0x00000000
core   0: 0x80000264 (0x00ac94b3) sll     s1, s9, a0
core   0: 3 0x80000264 (0x00ac94b3) x 9 0x00000000
core   0: 0x80000268 (0x27369997) auipc   s3, 0x27369
core   0: 3 0x80000268 (0x27369997) x19 0xa7369268
core   0: 0x8000026c (0x0367dcb3) divu    s9, a5, s6
core   0: 3 0x8000026c (0x0367dcb3) x25 0x00000001
core   0: 0x80000270 (0x03b69eb3) mulh    t4, a3, s11
core   0: 3 0x80000270 (0x03b69eb3) x29 0xfffffffe
core   0: 0x80000274 (0x01cde6b3) or      a3, s11, t3
core   0: 3 0x80000274 (0x01cde6b3) x13 0x80018ce7
core   0: 0x80000278 (0x1857ad13) slti    s10, a5, 389
core   0: 3 0x80000278 (0x1857ad13) x26 0x00000001
core   0: 0x8000027c (0x00000013) nop
core   0: 3 0x8000027c (0x00000013)
core   0: 0x80000280 (0x03f80f33) mul     t5, a6, t6
core   0: 3 0x80000280 (0x03f80f33) x30 0x00000000
core   0: 0x80000284 (0x012c9193) slli    gp, s9, 18
core   0: 3 0x80000284 (0x012c9193) x 3 0x00040000
core   0: 0x80000288 (0xc8898513) addi    a0, s3, -888
core   0: 3 0x80000288 (0xc8898513) x10 0xa7368ef0
core   0: 0x8000028c (0x004da6b3) slt     a3, s11, tp
core   0: 3 0x8000028c (0x004da6b3) x13 0x00000000
core   0: 0x80000290 (0x035644b3) div     s1, a2, s5
core   0: 3 0x80000290 (0x035644b3) x 9 0x00000001
core   0: 0x80000294 (0x01d21eb3) sll     t4, tp, t4
core   0: 3 0x80000294 (0x01d21eb3) x29 0x00000000
core   0: 0x80000298 (0xc64d7897) auipc   a7, 0xc64d7
core   0: 3 0x80000298 (0xc64d7897) x17 0x464d7298
core   0: 0x8000029c (0x4ada7b93) andi    s7, s4, 1197
core   0: 3 0x8000029c (0x4ada7b93) x23 0x00000000
core   0: 0x800002a0 (0x408cd593) srai    a1, s9, 8
core   0: 3 0x800002a0 (0x408cd593) x11 0x00000000
core   0: 0x800002a4 (0xe7d80813) addi    a6, a6, -387
core   0: 3 0x800002a4 (0xe7d80813) x16 0x7ffffe7d
core   0: 0x800002a8 (0x02bbecb3) rem     s9, s7, a1
core   0: 3 0x800002a8 (0x02bbecb3) x25 0x00000000
core   0: 0x800002ac (0x8288f493) andi    s1, a7, -2008
core   0: 3 0x800002ac (0x8288f493) x 9 0x464d7008
core   0: 0x800002b0 (0x66fa7913) andi    s2, s4, 1647
core   0: 3 0x800002b0 (0x66fa7913) x18 0x00000002
core   0: 0x800002b4 (0x38887f13) andi    t5, a6, 904
core   0: 3 0x800002b4 (0x38887f13) x30 0x00000208
core   0: 0x800002b8 (0x00000013) nop
core   0: 3 0x800002b8 (0x00000013)
core   0: 0x800002bc (0x01a09b33) sll     s6, ra, s10
core   0: 3 0x800002bc (0x01a09b33) x22 0x00000002
core   0: 0x800002c0 (0x001cc233) xor     tp, s9, ra
core   0: 3 0x800002c0 (0x001cc233) x 4 0x00000001
core   0: 0x800002c4 (0xdfc4ef93) ori     t6, s1, -516
core   0: 3 0x800002c4 (0xdfc4ef93) x31 0xfffffdfc
core   0: 0x800002c8 (0x00386ab3) or      s5, a6, gp
core   0: 3 0x800002c8 (0x00386ab3) x21 0x7ffffe7d
core   0: 0x800002cc (0x03c6e3b3) rem     t2, a3, t3
core   0: 3 0x800002cc (0x03c6e3b3) x 7 0x00000000
core   0: 0x800002d0 (0x0206cdb3) div     s11, a3, zero
core   0: 3 0x800002d0 (0x0206cdb3) x27 0xffffffff
core   0: 0x800002d4 (0x02c23eb3) mulhu   t4, tp, a2
core   0: 3 0x800002d4 (0x02c23eb3) x29 0x00000000
core   0: 0x800002d8 (0x008e5693) srli    a3, t3, 8
core   0: 3 0x800002d8 (0x008e5693) x13 0x0080018c
core   0: 0x800002dc (0x03263333) mulhu   t1, a2, s2
core   0: 3 0x800002dc (0x03263333) x 6 0x00000001
core   0: 0x800002e0 (0x97113493) sltiu   s1, sp, -1679
core   0: 3 0x800002e0 (0x97113493) x 9 0x00000001
core   0: 0x800002e4 (0x22fcf7b7) lui     a5, 0x22fcf
core   0: 3 0x800002e4 (0x22fcf7b7) x15 0x22fcf000
core   0: 0x800002e8 (0x70c03a93) sltiu   s5, zero, 1804
core   0: 3 0x800002e8 (0x70c03a93) x21 0x00000001
core   0: 0x800002ec (0x030edb33) divu    s6, t4, a6
core   0: 3 0x800002ec (0x030edb33) x22 0x00000000
core   0: 0x800002f0 (0x01379d93) slli    s11, a5, 19
core   0: 3 0x800002f0 (0x01379d93) x27 0x80000000
core   0: 0x800002f4 (0x03e00d33) mul     s10, zero, t5
core   0: 3 0x800002f4 (0x03e00d33) x26 0x00000000
core   0: 0x800002f8 (0x03264233) div     tp, a2, s2
core   0: 3 0x800002f8 (0x03264233) x 4 0xc000c672
core   0: 0x800002fc (0x416ed393) srai    t2, t4, 22
core   0: 3 0x800002fc (0x416ed393) x 7 0x00000000
core   0: 0x80000300 (0x40b7d193) srai    gp, a5, 11
core   0: 3 0x80000300 (0x40b7d193) x 3 0x00045f9e
core   0: 0x80000304 (0x5dfa8913) addi    s2, s5, 1503
core   0: 3 0x80000304 (0x5dfa8913) x18 0x000005e0
core   0: 0x80000308 (0x0288a633) mulhsu  a2, a7, s0
core   0: 3 0x80000308 (0x0288a633) x12 0x00000000
core   0: 0x8000030c (0x45372097) auipc   ra, 0x45372
core   0: 3 0x8000030c (0x45372097) x 1 0xc537230c
core   0: 0x80000310 (0x00a50633) add     a2, a0, a0
core   0: 3 0x80000310 (0x00a50633) x12 0x4e6d1de0
core   0: 0x80000314 (0x01345b33) srl     s6, s0, s3
core   0: 3 0x80000314 (0x01345b33) x22 0x00000000
core   0: 0x80000318 (0xe8d43493) sltiu   s1, s0, -371
core   0: 3 0x80000318 (0xe8d43493) x 9 0x00000001
core   0: 0x8000031c (0x40660333) sub     t1, a2, t1
core   0: 3 0x8000031c (0x40660333) x 6 0x4e6d1ddf
core   0: 0x80000320 (0xe0e94213) xori    tp, s2, -498
core   0: 3 0x80000320 (0xe0e94213) x 4 0xfffffbee
core   0: 0x80000324 (0x005af933) and     s2, s5, t0
core   0: 3 0x80000324 (0x005af933) x18 0x00000000
core   0: 0x80000328 (0x02c6dbb3) divu    s7, a3, a2
core   0: 3 0x80000328 (0x02c6dbb3) x23 0x00000000
core   0: 0x8000032c (0x404805b3) sub     a1, a6, tp
core   0: 3 0x8000032c (0x404805b3) x11 0x8000028f
core   0: 0x80000330 (0x00d9f433) and     s0, s3, a3
core   0: 3 0x80000330 (0x00d9f433) x 8 0x00000008
core   0: 0x80000334 (0x40db51b3) sra     gp, s6, a3
core   0: 3 0x80000334 (0x40db51b3) x 3 0x00000000
core   0: 0x80000338 (0x03d89633) mulh    a2, a7, t4
core   0: 3 0x80000338 (0x03d89633) x12 0x00000000
core   0: 0x8000033c (0x035cadb3) mulhsu  s11, s9, s5
core   0: 3 0x8000033c (0x035cadb3) x27 0x00000000
core   0: 0x80000340 (0x018bb733) sltu    a4, s7, s8
core   0: 3 0x80000340 (0x018bb733) x14 0x00000001
core   0: 0x80000344 (0x24c50793) addi    a5, a0, 588
core   0: 3 0x80000344 (0x24c50793) x15 0xa736913c
core   0: 0x80000348 (0x00000013) nop
core   0: 3 0x80000348 (0x00000013)
core   0: 0x8000034c (0x00fff0b3) and     ra, t6, a5
core   0: 3 0x8000034c (0x00fff0b3) x 1 0xa736913c
core   0: 0x80000350 (0x01c5d1b3) srl     gp, a1, t3
core   0: 3 0x80000350 (0x01c5d1b3) x 3 0x08000028
core   0: 0x80000354 (0x02cf2eb3) mulhsu  t4, t5, a2
core   0: 3 0x80000354 (0x02cf2eb3) x29 0x00000000
core   0: 0x80000358 (0x03f348b3) div     a7, t1, t6
core   0: 3 0x80000358 (0x03f348b3) x17 0xffd91743
core   0: 0x8000035c (0x91df3a17) auipc   s4, 0x91df3
core   0: 3 0x8000035c (0x91df3a17) x20 0x11df335c
core   0: 0x80000360 (0x073cfeb7) lui     t4, 0x73cf
core   0: 3 0x80000360 (0x073cfeb7) x29 0x073cf000
core   0: 0x80000364 (0x416b5393) srai    t2, s6, 22
core   0: 3 0x80000364 (0x416b5393) x 7 0x00000000
core   0: 0x80000368 (0x01f231b3) sltu    gp, tp, t6
core   0: 3 0x80000368 (0x01f231b3) x 3 0x00000001
core   0: 0x8000036c (0x415d87b3) sub     a5, s11, s5
core   0: 3 0x8000036c (0x415d87b3) x15 0xffffffff
core   0: 0x80000370 (0x3893c493) xori    s1, t2, 905
core   0: 3 0x80000370 (0x3893c493) x 9 0x00000389
core   0: 0x80000374 (0x41ac0833) sub     a6, s8, s10
core   0: 3 0x80000374 (0x41ac0833) x16 0x1cda1000
core   0: 0x80000378 (0xf003d0b7) lui     ra, 0xf003d
core   0: 3 0x80000378 (0xf003d0b7) x 1 0xf003d000
core   0: 0x8000037c (0x0231ab33) mulhsu  s6, gp, gp
core   0: 3 0x8000037c (0x0231ab33) x22 0x00000000
core   0: 0x80000380 (0x88fb8c13) addi    s8, s7, -1905
core   0: 3 0x80000380 (0x88fb8c13) x24 0xfffff88f
core   0: 0x80000384 (0x02dcaeb3) mulhsu  t4, s9, a3
core   0: 3 0x80000384 (0x02dcaeb3) x29 0x00000000
core   0: 0x80000388 (0x036f1333) mulh    t1, t5, s6
core   0: 3 0x80000388 (0x036f1333) x 6 0x00000000
core   0: 0x8000038c (0x4146d513) srai    a0, a3, 20
core   0: 3 0x8000038c (0x4146d513) x10 0x00000008
core   0: 0x80000390 (0x41d3d593) srai    a1, t2, 29
core   0: 3 0x80000390 (0x41d3d593) x11 0x00000000
core   0: 0x80000394 (0x0365b533) mulhu   a0, a1, s6
core   0: 3 0x80000394 (0x0365b533) x10 0x00000000
core   0: 0x80000398 (0x02b4b433) mulhu   s0, s1, a1
core   0: 3 0x80000398 (0x02b4b433) x 8 0x00000000
core   0: 0x8000039c (0x02b80093) addi    ra, a6, 43
core   0: 3 0x8000039c (0x02b80093) x 1 0x1cda102b
core   0: 0x800003a0 (0x461fb593) sltiu   a1, t6, 1121
core   0: 3 0x800003a0 (0x461fb593) x11 0x00000000
core   0: 0x800003a4 (0x027b56b3) divu    a3, s6, t2
core   0: 3 0x800003a4 (0x027b56b3) x13 0xffffffff
core   0: 0x800003a8 (0x02903db3) mulhu   s11, zero, s1
core   0: 3 0x800003a8 (0x02903db3) x27 0x00000000
core   0: 0x800003ac (0x81e6c213) xori    tp, a3, -2018
core   0: 3 0x800003ac (0x81e6c213) x 4 0x000007e1
core   0: 0x800003b0 (0x40998733) sub     a4, s3, s1
core   0: 3 0x800003b0 (0x40998733) x14 0xa7368edf
core   0: 0x800003b4 (0x02f9e033) rem     zero, s3, a5
core   0: 3 0x800003b4 (0x02f9e033)
core   0: 0x800003b8 (0x464e6493) ori     s1, t3, 1124
core   0: 3 0x800003b8 (0x464e6493) x 9 0x80018ce4
core   0: 0x800003bc (0x0074a933) slt     s2, s1, t2
core   0: 3 0x800003bc (0x0074a933) x18 0x00000001
core   0: 0x800003c0 (0x0321abb3) mulhsu  s7, gp, s2
core   0: 3 0x800003c0 (0x0321abb3) x23 0x00000000
core   0: 0x800003c4 (0x027587b3) mul     a5, a1, t2
core   0: 3 0x800003c4 (0x027587b3) x15 0x00000000
core   0: 0x800003c8 (0x024a4733) div     a4, s4, tp
core   0: 3 0x800003c8 (0x024a4733) x14 0x000244b0
core   0: 0x800003cc (0x02120233) mul     tp, tp, ra
core   0: 3 0x800003cc (0x02120233) x 4 0x521962cb
core   0: 0x800003d0 (0x01919b33) sll     s6, gp, s9
core   0: 3 0x800003d0 (0x01919b33) x22 0x00000001
core   0: 0x800003d4 (0x2b4d3913) sltiu   s2, s10, 692
core   0: 3 0x800003d4 (0x2b4d3913) x18 0x00000001
core   0: 0x800003d8 (0x00000013) nop
core   0: 3 0x800003d8 (0x00000013)
core   0: 0x800003dc (0x016c9813) slli    a6, s9, 22
core   0: 3 0x800003dc (0x016c9813) x16 0x00000000
core   0: 0x800003e0 (0x4cfae693) ori     a3, s5, 1231
core   0: 3 0x800003e0 (0x4cfae693) x13 0x000004cf
core   0: 0x800003e4 (0x01890bb3) add     s7, s2, s8
core   0: 3 0x800003e4 (0x01890bb3) x23 0xfffff890
core   0: 0x800003e8 (0x01de9333) sll     t1, t4, t4
core   0: 3 0x800003e8 (0x01de9333) x 6 0x00000000
core   0: 0x800003ec (0x75521fb7) lui     t6, 0x75521
core   0: 3 0x800003ec (0x75521fb7) x31 0x75521000
core   0: 0x800003f0 (0x001b5c33) srl     s8, s6, ra
core   0: 3 0x800003f0 (0x001b5c33) x24 0x00000000
core   0: 0x800003f4 (0x40b083b3) sub     t2, ra, a1
core   0: 3 0x800003f4 (0x40b083b3) x 7 0x1cda102b
core   0: 0x800003f8 (0x02b979b3) remu    s3, s2, a1
core   0: 3 0x800003f8 (0x02b979b3) x19 0x00000001
core   0: 0x800003fc (0x0083d333) srl     t1, t2, s0
core   0: 3 0x800003fc (0x0083d333) x 6 0x1cda102b
core   0: 0x80000400 (0x01652fb3) slt     t6, a0, s6
core   0: 3 0x80000400 (0x01652fb3) x31 0x00000001
core   0: 0x80000404 (0x00279bb3) sll     s7, a5, sp
core   0: 3 0x80000404 (0x00279bb3) x23 0x00000000
core   0: 0x80000408 (0x2e6f3337) lui     t1, 0x2e6f3
core   0: 3 0x80000408 (0x2e6f3337) x 6 0x2e6f3000
core   0: 0x8000040c (0x0347f433) remu    s0, a5, s4
core   0: 3 0x8000040c (0x0347f433) x 8 0x00000000
core   0: 0x80000410 (0x0a439f17) auipc   t5, 0xa439
core   0: 3 0x80000410 (0x0a439f17) x30 0x8a439410
core   0: 0x80000414 (0x020d58b3) divu    a7, s10, zero
core   0: 3 0x80000414 (0x020d58b3) x17 0xffffffff
core   0: 0x80000418 (0x7bf44097) auipc   ra, 0x7bf44
core   0: 3 0x80000418 (0x7bf44097) x 1 0xfbf44418
core   0: 0x8000041c (0x03da7b33) remu    s6, s4, t4
core   0: 3 0x8000041c (0x03da7b33) x22 0x11df335c
core   0: 0x80000420 (0x0283c3b3) div     t2, t2, s0
core   0: 3 0x80000420 (0x0283c3b3) x 7 0xffffffff
core   0: 0x80000424 (0x00fa1d33) sll     s10, s4, a5
core   0: 3 0x80000424 (0x00fa1d33) x26 0x11df335c
core   0: 0x80000428 (0x00000013) nop
core   0: 3 0x80000428 (0x00000013)
core   0: 0x8000042c (0x10293593) sltiu   a1, s2, 258
core   0: 3 0x8000042c (0x10293593) x11 0x00000001
core   0: 0x80000430 (0x029b71b3) remu    gp, s6, s1
core   0: 3 0x80000430 (0x029b71b3) x 3 0x11df335c
core   0: 0x80000434 (0x00c6a633) slt     a2, a3, a2
core   0: 3 0x80000434 (0x00c6a633) x12 0x00000000
core   0: 0x80000438 (0x001130b3) sltu    ra, sp, ra
core   0: 3 0x80000438 (0x001130b3) x 1 0x00000001
core   0: 0x8000043c (0x0339f433) remu    s0, s3, s3
core   0: 3 0x8000043c (0x0339f433) x 8 0x00000000
core   0: 0x80000440 (0x03e89033) mulh    zero, a7, t5
core   0: 3 0x80000440 (0x03e89033)
core   0: 0x80000444 (0x01c1d393) srli    t2, gp, 28
core   0: 3 0x80000444 (0x01c1d393) x 7 0x00000001
core   0: 0x80000448 (0x02f8eeb3) rem     t4, a7, a5
core   0: 3 0x80000448 (0x02f8eeb3) x29 0xffffffff
core   0: 0x8000044c (0x0129b233) sltu    tp, s3, s2
core   0: 3 0x8000044c (0x0129b233) x 4 0x00000000
core   0: 0x80000450 (0x036ea3b3) mulhsu  t2, t4, s6
core   0: 3 0x80000450 (0x036ea3b3) x 7 0xffffffff
core   0: 0x80000454 (0x03d325b3) mulhsu  a1, t1, t4
core   0: 3 0x80000454 (0x03d325b3) x11 0x2e6f2fff
core   0: 0x80000458 (0x03888333) mul     t1, a7, s8
core   0: 3 0x80000458 (0x03888333) x 6 0x00000000
core   0: 0x8000045c (0x01a3dab3) srl     s5, t2, s10
core   0: 3 0x8000045c (0x01a3dab3) x21 0x0000000f
core   0: 0x80000460 (0xdc503017) auipc   zero, 0xdc503
core   0: 3 0x80000460 (0xdc503017)
core   0: 0x80000464 (0x0232ea33) rem     s4, t0, gp
core   0: 3 0x80000464 (0x0232ea33) x20 0xfd1bb5e8
core   0: 0x80000468 (0x024cfbb3) remu    s7, s9, tp
core   0: 3 0x80000468 (0x024cfbb3) x23 0x00000000
core   0: 0x8000046c (0x010770b3) and     ra, a4, a6
core   0: 3 0x8000046c (0x010770b3) x 1 0x00000000
core   0: 0x80000470 (0x05f72693) slti    a3, a4, 95
core   0: 3 0x80000470 (0x05f72693) x13 0x00000000
core   0: 0x80000474 (0x40d5deb3) sra     t4, a1, a3
core   0: 3 0x80000474 (0x40d5deb3) x29 0x2e6f2fff
core   0: 0x80000478 (0x00e437b3) sltu    a5, s0, a4
core   0: 3 0x80000478 (0x00e437b3) x15 0x00000001
core   0: 0x8000047c (0x953e6e93) ori     t4, t3, -1709
core   0: 3 0x8000047c (0x953e6e93) x29 0xfffffdf7
core   0: 0x80000480 (0x00000013) nop
core   0: 3 0x80000480 (0x00000013)
core   0: 0x80000484 (0xc7f4bd13) sltiu   s10, s1, -897
core   0: 3 0x80000484 (0xc7f4bd13) x26 0x00000001
core   0: 0x80000488 (0x027db0b3) mulhu   ra, s11, t2
core   0: 3 0x80000488 (0x027db0b3) x 1 0x00000000
core   0: 0x8000048c (0x0346edb3) rem     s11, a3, s4
core   0: 3 0x8000048c (0x0346edb3) x27 0x00000000
core   0: 0x80000490 (0x5f3eb193) sltiu   gp, t4, 1523
core   0: 3 0x80000490 (0x5f3eb193) x 3 0x00000000
core   0: 0x80000494 (0x03e13f33) mulhu   t5, sp, t5
core   0: 3 0x80000494 (0x03e13f33) x30 0x00000004
core   0: 0x80000498 (0x3614ca13) xori    s4, s1, 865
core   0: 3 0x80000498 (0x3614ca13) x20 0x80018f85
core   0: 0x8000049c (0x022a24b3) mulhsu  s1, s4, sp
core   0: 3 0x8000049c (0x022a24b3) x 9 0xfffffffc
core   0: 0x800004a0 (0x001d7ab3) and     s5, s10, ra
core   0: 3 0x800004a0 (0x001d7ab3) x21 0x00000000
core   0: 0x800004a4 (0x034d2d33) mulhsu  s10, s10, s4
core   0: 3 0x800004a4 (0x034d2d33) x26 0x00000000
core   0: 0x800004a8 (0x79094ab7) lui     s5, 0x79094
core   0: 3 0x800004a8 (0x79094ab7) x21 0x79094000
core   0: 0x800004ac (0xb9db8697) auipc   a3, 0xb9db8
core   0: 3 0x800004ac (0xb9db8697) x13 0x39db84ac
core   0: 0x800004b0 (0x026049b3) div     s3, zero, t1
core   0: 3 0x800004b0 (0x026049b3) x19 0xffffffff
core   0: 0x800004b4 (0x401e5c13) srai    s8, t3, 1
core   0: 3 0x800004b4 (0x401e5c13) x24 0xc000c672
core   0: 0x800004b8 (0x904ca093) slti    ra, s9, -1788
core   0: 3 0x800004b8 (0x904ca093) x 1 0x00000000
core   0: 0x800004bc (0x0047cdb3) xor     s11, a5, tp
core   0: 3 0x800004bc (0x0047cdb3) x27 0x00000001
core   0: 0x800004c0 (0x0262c1b3) div     gp, t0, t1
core   0: 3 0x800004c0 (0x0262c1b3) x 3 0xffffffff
core   0: 0x800004c4 (0x8a328c13) addi    s8, t0, -1885
core   0: 3 0x800004c4 (0x8a328c13) x24 0x80014707
core   0: 0x800004c8 (0x40398933) sub     s2, s3, gp
core   0: 3 0x800004c8 (0x40398933) x18 0x00000000
core   0: 0x800004cc (0x03c47fb3) remu    t6, s0, t3
core   0: 3 0x800004cc (0x03c47fb3) x31 0x00000000
core   0: 0x800004d0 (0x0072aeb3) slt     t4, t0, t2
core   0: 3 0x800004d0 (0x0072aeb3) x29 0x00000001
core   0: 0x800004d4 (0x00000013) nop
core   0: 3 0x800004d4 (0x00000013)
core   0: 0x800004d8 (0x012f1f33) sll     t5, t5, s2
core   0: 3 0x800004d8 (0x012f1f33) x30 0x00000004
core   0: 0x800004dc (0x0278c0b3) div     ra, a7, t2
core   0: 3 0x800004dc (0x0278c0b3) x 1 0x00000001
core   0: 0x800004e0 (0x01ee6833) or      a6, t3, t5
core   0: 3 0x800004e0 (0x01ee6833) x16 0x80018ce4
core   0: 0x800004e4 (0x00000013) nop
core   0: 3 0x800004e4 (0x00000013)
core   0: 0x800004e8 (0x02205933) divu    s2, zero, sp
core   0: 3 0x800004e8 (0x02205933) x18 0x00000000
core   0: 0x800004ec (0x0103cd33) xor     s10, t2, a6
core   0: 3 0x800004ec (0x0103cd33) x26 0x7ffe731b
core   0: 0x800004f0 (0x02683333) mulhu   t1, a6, t1
core   0: 3 0x800004f0 (0x02683333) x 6 0x00000000
core   0: 0x800004f4 (0x0163f9b3) and     s3, t2, s6
core   0: 3 0x800004f4 (0x0163f9b3) x19 0x11df335c
core   0: 0x800004f8 (0x8e78ba13) sltiu   s4, a7, -1817
core   0: 3 0x800004f8 (0x8e78ba13) x20 0x00000000
core   0: 0x800004fc (0x01549213) slli    tp, s1, 21
core   0: 3 0x800004fc (0x01549213) x 4 0xff800000
core   0: 0x80000500 (0x452b7b93) andi    s7, s6, 1106
core   0: 3 0x80000500 (0x452b7b93) x23 0x00000050
core   0: 0x80000504 (0x02664b33) div     s6, a2, t1
core   0: 3 0x80000504 (0x02664b33) x22 0xffffffff
core   0: 0x80000508 (0x00136fb3) or      t6, t1, ra
core   0: 3 0x80000508 (0x00136fb3) x31 0x00000001
core   0: 0x8000050c (0x029291b3) mulh    gp, t0, s1
core   0: 3 0x8000050c (0x029291b3) x 3 0x00000001
core   0: 0x80000510 (0xf6a1e193) ori     gp, gp, -150
core   0: 3 0x80000510 (0xf6a1e193) x 3 0xffffff6b
core   0: 0x80000514 (0x51d30d93) addi    s11, t1, 1309
core   0: 3 0x80000514 (0x51d30d93) x27 0x0000051d
core   0: 0x80000518 (0x00000013) nop
core   0: 3 0x80000518 (0x00000013)
core   0: 0x8000051c (0x03602a33) mulhsu  s4, zero, s6
core   0: 3 0x8000051c (0x03602a33) x20 0x00000000
core   0: 0x80000520 (0xc866c6b7) lui     a3, 0xc866c
core   0: 3 0x80000520 (0xc866c6b7) x13 0xc866c000
core   0: 0x80000524 (0x00e30233) add     tp, t1, a4
core   0: 3 0x80000524 (0x00e30233) x 4 0x000244b0
core   0: 0x80000528 (0x02135433) divu    s0, t1, ra
core   0: 3 0x80000528 (0x02135433) x 8 0x00000000
core   0: 0x8000052c (0xc4ebc313) xori    t1, s7, -946
core   0: 3 0x8000052c (0xc4ebc313) x 6 0xfffffc1e
core   0: 0x80000530 (0x84051397) auipc   t2, 0x84051
core   0: 3 0x80000530 (0x84051397) x 7 0x04051530
core   0: 0x80000534 (0x0373b1b3) mulhu   gp, t2, s7
core   0: 3 0x80000534 (0x0373b1b3) x 3 0x00000001
core   0: 0x80000538 (0x00000013) nop
core   0: 3 0x80000538 (0x00000013)
core   0: 0x8000053c (0x409859b3) sra     s3, a6, s1
core   0: 3 0x8000053c (0x409859b3) x19 0xfffffff8
core   0: 0x80000540 (0x03404533) div     a0, zero, s4
core   0: 3 0x80000540 (0x03404533) x10 0xffffffff
core   0: 0x80000544 (0x00000013) nop
core   0: 3 0x80000544 (0x00000013)
core   0: 0x80000548 (0x03731b33) mulh    s6, t1, s7
core   0: 3 0x80000548 (0x03731b33) x22 0xffffffff
core   0: 0x8000054c (0x03d933b3) mulhu   t2, s2, t4
core   0: 3 0x8000054c (0x03d933b3) x 7 0x00000000
core   0: 0x80000550 (0x006838b3) sltu    a7, a6, t1
core   0: 3 0x80000550 (0x006838b3) x17 0x00000001
core   0: 0x80000554 (0xc2596b93) ori     s7, s2, -987
core   0: 3 0x80000554 (0xc2596b93) x23 0xfffffc25
core   0: 0x80000558 (0x4083d033) sra     zero, t2, s0
core   0: 3 0x80000558 (0x4083d033)
core   0: 0x8000055c (0x00da01b3) add     gp, s4, a3
core   0: 3 0x8000055c (0x00da01b3) x 3 0xc866c000
core   0: 0x80000560 (0x4084d333) sra     t1, s1, s0
core   0: 3 0x80000560 (0x4084d333) x 6 0xfffffffc
core   0: 0x80000564 (0x01c3fdb3) and     s11, t2, t3
core   0: 3 0x80000564 (0x01c3fdb3) x27 0x00000000
core   0: 0x80000568 (0x017444b3) xor     s1, s0, s7
core   0: 3 0x80000568 (0x017444b3) x 9 0xfffffc25
core   0: 0x8000056c (0x01838eb3) add     t4, t2, s8
core   0: 3 0x8000056c (0x01838eb3) x29 0x80014707
core   0: 0x80000570 (0x62244017) auipc   zero, 0x62244
core   0: 3 0x80000570 (0x62244017)
core   0: 0x80000574 (0x02baf533) remu    a0, s5, a1
core   0: 3 0x80000574 (0x02baf533) x10 0x1c2ae002
core   0: 0x80000578 (0x00000013) nop
core   0: 3 0x80000578 (0x00000013)
core   0: 0x8000057c (0x0000d813) srli    a6, ra, 0
core   0: 3 0x8000057c (0x0000d813) x16 0x00000001
core   0: 0x80000580 (0x0303a833) mulhsu  a6, t2, a6
core   0: 3 0x80000580 (0x0303a833) x16 0x00000000
core   0: 0x80000584 (0x02e135b3) mulhu   a1, sp, a4
core   0: 3 0x80000584 (0x02e135b3) x11 0x00000000
core   0: 0x80000588 (0x02ac5bb3) divu    s7, s8, a0
core   0: 3 0x80000588 (0x02ac5bb3) x23 0x00000004
core   0: 0x8000058c (0x00000013) nop
core   0: 3 0x8000058c (0x00000013)
core   0: 0x80000590 (0x7a928013) addi    zero, t0, 1961
core   0: 3 0x80000590 (0x7a928013)
core   0: 0x80000594 (0xcc4d3b17) auipc   s6, 0xcc4d3
core   0: 3 0x80000594 (0xcc4d3b17) x22 0x4c4d3594
core   0: 0x80000598 (0x01a3a6b3) slt     a3, t2, s10
core   0: 3 0x80000598 (0x01a3a6b3) x13 0x00000001
core   0: 0x8000059c (0x003aceb3) xor     t4, s5, gp
core   0: 3 0x8000059c (0x003aceb3) x29 0xb16f8000
core   0: 0x800005a0 (0x41b15e93) srai    t4, sp, 27
core   0: 3 0x800005a0 (0x41b15e93) x29 0x00000000
core   0: 0x800005a4 (0x61cd7213) andi    tp, s10, 1564
core   0: 3 0x800005a4 (0x61cd7213) x 4 0x00000218
core   0: 0x800005a8 (0x02cb8eb3) mul     t4, s7, a2
core   0: 3 0x800005a8 (0x02cb8eb3) x29 0x00000000
core   0: 0x800005ac (0x01c93db3) sltu    s11, s2, t3
core   0: 3 0x800005ac (0x01c93db3) x27 0x00000001
core   0: 0x800005b0 (0x03bcd6b3) divu    a3, s9, s11
core   0: 3 0x800005b0 (0x03bcd6b3) x13 0x00000000
core   0: 0x800005b4 (0x40245713) srai    a4, s0, 2
core   0: 3 0x800005b4 (0x40245713) x14 0x00000000
core   0: 0x800005b8 (0x023061b3) rem     gp, zero, gp
core   0: 3 0x800005b8 (0x023061b3) x 3 0x00000000
core   0: 0x800005bc (0x003420b3) slt     ra, s0, gp
core   0: 3 0x800005bc (0x003420b3) x 1 0x00000000
core   0: 0x800005c0 (0x02f1db33) divu    s6, gp, a5
core   0: 3 0x800005c0 (0x02f1db33) x22 0x00000000
core   0: 0x800005c4 (0x00000013) nop
core   0: 3 0x800005c4 (0x00000013)
core   0: 0x800005c8 (0x9fca6817) auipc   a6, 0x9fca6
core   0: 3 0x800005c8 (0x9fca6817) x16 0x1fca65c8
core   0: 0x800005cc (0xe963c593) xori    a1, t2, -362
core   0: 3 0x800005cc (0xe963c593) x11 0xfffffe96
core   0: 0x800005d0 (0x00d45613) srli    a2, s0, 13
core   0: 3 0x800005d0 (0x00d45613) x12 0x00000000
core   0: 0x800005d4 (0x01346ab3) or      s5, s0, s3
core   0: 3 0x800005d4 (0x01346ab3) x21 0xfffffff8
core   0: 0x800005d8 (0xacfb7037) lui     zero, 0xacfb7
core   0: 3 0x800005d8 (0xacfb7037)
core   0: 0x800005dc (0x77dba893) slti    a7, s7, 1917
core   0: 3 0x800005dc (0x77dba893) x17 0x00000001
core   0: 0x800005e0 (0x01605c33) srl     s8, zero, s6
core   0: 3 0x800005e0 (0x01605c33) x24 0x00000000
core   0: 0x800005e4 (0x01e994b3) sll     s1, s3, t5
core   0: 3 0x800005e4 (0x01e994b3) x 9 0xffffff80
core   0: 0x800005e8 (0xde01ac93) slti    s9, gp, -544
core   0: 3 0x800005e8 (0xde01ac93) x25 0x00000000
core   0: 0x800005ec (0x41bb85b3) sub     a1, s7, s11
core   0: 3 0x800005ec (0x41bb85b3) x11 0x00000003
core   0: 0x800005f0 (0x00650c33) add     s8, a0, t1
core   0: 3 0x800005f0 (0x00650c33) x24 0x1c2adffe
core   0: 0x800005f4 (0xa8942913) slti    s2, s0, -1399
core   0: 3 0x800005f4 (0xa8942913) x18 0x00000000
core   0: 0x800005f8 (0x28ba9337) lui     t1, 0x28ba9
core   0: 3 0x800005f8 (0x28ba9337) x 6 0x28ba9000
core   0: 0x800005fc (0x02e49f33) mulh    t5, s1, a4
core   0: 3 0x800005fc (0x02e49f33) x30 0x00000000
core   0: 0x80000600 (0x03411eb3) mulh    t4, sp, s4
core   0: 3 0x80000600 (0x03411eb3) x29 0x00000000
core   0: 0x80000604 (0x00ab1ab3) sll     s5, s6, a0
core   0: 3 0x80000604 (0x00ab1ab3) x21 0x00000000
core   0: 0x80000608 (0x853f83b7) lui     t2, 0x853f8
core   0: 3 0x80000608 (0x853f83b7) x 7 0x853f8000
core   0: 0x8000060c (0x03298c33) mul     s8, s3, s2
core   0: 3 0x8000060c (0x03298c33) x24 0x00000000
core   0: 0x80000610 (0x000f7cb3) and     s9, t5, zero
core   0: 3 0x80000610 (0x000f7cb3) x25 0x00000000
core   0: 0x80000614 (0x0288ceb3) div     t4, a7, s0
core   0: 3 0x80000614 (0x0288ceb3) x29 0xffffffff
core   0: 0x80000618 (0x028f5db3) divu    s11, t5, s0
core   0: 3 0x80000618 (0x028f5db3) x27 0xffffffff
core   0: 0x8000061c (0x020f54b3) divu    s1, t5, zero
core   0: 3 0x8000061c (0x020f54b3) x 9 0xffffffff
core   0: 0x80000620 (0x03f00033) mul     zero, zero, t6
core   0: 3 0x80000620 (0x03f00033)
core   0: 0x80000624 (0x03ee45b3) div     a1, t3, t5
core   0: 3 0x80000624 (0x03ee45b3) x11 0xffffffff
core   0: 0x80000628 (0x014886b3) add     a3, a7, s4
core   0: 3 0x80000628 (0x014886b3) x13 0x00000001
core   0: 0x8000062c (0x40758ab3) sub     s5, a1, t2
core   0: 3 0x8000062c (0x40758ab3) x21 0x7ac07fff
core   0: 0x80000630 (0x6bbe7093) andi    ra, t3, 1723
core   0: 3 0x80000630 (0x6bbe7093) x 1 0x000004a0
core   0: 0x80000634 (0xcc808993) addi    s3, ra, -824
core   0: 3 0x80000634 (0xcc808993) x19 0x00000168
core   0: 0x80000638 (0x01729b33) sll     s6, t0, s7
core   0: 3 0x80000638 (0x01729b33) x22 0x0014e640
core   0: 0x8000063c (0x01e555b3) srl     a1, a0, t5
core   0: 3 0x8000063c (0x01e555b3) x11 0x1c2ae002
core   0: 0x80000640 (0x00b0d593) srli    a1, ra, 11
core   0: 3 0x80000640 (0x00b0d593) x11 0x00000000
core   0: 0x80000644 (0x012a5993) srli    s3, s4, 18
core   0: 3 0x80000644 (0x012a5993) x19 0x00000000
core   0: 0x80000648 (0x410f5093) srai    ra, t5, 16
core   0: 3 0x80000648 (0x410f5093) x 1 0x00000000
core   0: 0x8000064c (0x4122d5b3) sra     a1, t0, s2
core   0: 3 0x8000064c (0x4122d5b3) x11 0x80014e64
core   0: 0x80000650 (0x024f1fb3) mulh    t6, t5, tp
core   0: 3 0x80000650 (0x024f1fb3) x31 0x00000000
core   0: 0x80000654 (0x0165b1b3) sltu    gp, a1, s6
core   0: 3 0x80000654 (0x0165b1b3) x 3 0x00000000
core   0: 0x80000658 (0x41fa0433) sub     s0, s4, t6
core   0: 3 0x80000658 (0x41fa0433) x 8 0x00000000
core   0: 0x8000065c (0x7a7a0197) auipc   gp, 0x7a7a0
core   0: 3 0x8000065c (0x7a7a0197) x 3 0xfa7a065c
core   0: 0x80000660 (0x03b98333) mul     t1, s3, s11
core   0: 3 0x80000660 (0x03b98333) x 6 0x00000000
core   0: 0x80000664 (0x234a7793) andi    a5, s4, 564
core   0: 3 0x80000664 (0x234a7793) x15 0x00000000
core   0: 0x80000668 (0x03eed9b3) divu    s3, t4, t5
core   0: 3 0x80000668 (0x03eed9b3) x19 0xffffffff
core   0: 0x8000066c (0x1717f413) andi    s0, a5, 369
core   0: 3 0x8000066c (0x1717f413) x 8 0x00000000
core   0: 0x80000670 (0x03321633) mulh    a2, tp, s3
core   0: 3 0x80000670 (0x03321633) x12 0xffffffff
core   0: 0x80000674 (0x02bb7233) remu    tp, s6, a1
core   0: 3 0x80000674 (0x02bb7233) x 4 0x0014e640
core   0: 0x80000678 (0xa12e8d13) addi    s10, t4, -1518
core   0: 3 0x80000678 (0xa12e8d13) x26 0xfffffa11
core   0: 0x8000067c (0x020c1633) mulh    a2, s8, zero
core   0: 3 0x8000067c (0x020c1633) x12 0x00000000
core   0: 0x80000680 (0x005a2db3) slt     s11, s4, t0
core   0: 3 0x80000680 (0x005a2db3) x27 0x00000000
core   0: 0x80000684 (0x004128b3) slt     a7, sp, tp
core   0: 3 0x80000684 (0x004128b3) x17 0x00000001
core   0: 0x80000688 (0x00dc1793) slli    a5, s8, 13
core   0: 3 0x80000688 (0x00dc1793) x15 0x00000000
core   0: 0x8000068c (0x03aa3d33) mulhu   s10, s4, s10
core   0: 3 0x8000068c (0x03aa3d33) x26 0x00000000
core   0: 0x80000690 (0x00bedbb3) srl     s7, t4, a1
core   0: 3 0x80000690 (0x00bedbb3) x23 0x0fffffff
core   0: 0x80000694 (0x03aacfb3) div     t6, s5, s10
core   0: 3 0x80000694 (0x03aacfb3) x31 0xffffffff
core   0: 0x80000698 (0x014a96b3) sll     a3, s5, s4
core   0: 3 0x80000698 (0x014a96b3) x13 0x7ac07fff
core   0: 0x8000069c (0x2f377213) andi    tp, a4, 755
core   0: 3 0x8000069c (0x2f377213) x 4 0x00000000
core   0: 0x800006a0 (0x016bd233) srl     tp, s7, s6
core   0: 3 0x800006a0 (0x016bd233) x 4 0x0fffffff
core   0: 0x800006a4 (0x02c33c33) mulhu   s8, t1, a2
core   0: 3 0x800006a4 (0x02c33c33) x24 0x00000000
core   0: 0x800006a8 (0xc6417593) andi    a1, sp, -924
core   0: 3 0x800006a8 (0xc6417593) x11 0x00000000
core   0: 0x800006ac (0x00000013) nop
core   0: 3 0x800006ac (0x00000013)
core   0: 0x800006b0 (0x026a5eb3) divu    t4, s4, t1
core   0: 3 0x800006b0 (0x026a5eb3) x29 0xffffffff
core   0: 0x800006b4 (0xfa2c2313) slti    t1, s8, -94
core   0: 3 0x800006b4 (0xfa2c2313) x 6 0x00000000
core   0: 0x800006b8 (0x02adabb3) mulhsu  s7, s11, a0
core   0: 3 0x800006b8 (0x02adabb3) x23 0x00000000
core   0: 0x800006bc (0x9905b413) sltiu   s0, a1, -1648
core   0: 3 0x800006bc (0x9905b413) x 8 0x00000001
core   0: 0x800006c0 (0x00597633) and     a2, s2, t0
core   0: 3 0x800006c0 (0x00597633) x12 0x00000000
core   0: 0x800006c4 (0x68de3393) sltiu   t2, t3, 1677
core   0: 3 0x800006c4 (0x68de3393) x 7 0x00000000
core   0: 0x800006c8 (0x006cb6b3) sltu    a3, s9, t1
core   0: 3 0x800006c8 (0x006cb6b3) x13 0x00000000
core   0: 0x800006cc (0x03ba1a33) mulh    s4, s4, s11
core   0: 3 0x800006cc (0x03ba1a33) x20 0x00000000
core   0: 0x800006d0 (0x03289533) mulh    a0, a7, s2
core   0: 3 0x800006d0 (0x03289533) x10 0x00000000
core   0: 0x800006d4 (0x6a77f593) andi    a1, a5, 1703
core   0: 3 0x800006d4 (0x6a77f593) x11 0x00000000
core   0: 0x800006d8 (0x41fad033) sra     zero, s5, t6
core   0: 3 0x800006d8 (0x41fad033)
core   0: 0x800006dc (0x81120a93) addi    s5, tp, -2031
core   0: 3 0x800006dc (0x81120a93) x21 0x0ffff810
core   0: 0x800006e0 (0x095a6513) ori     a0, s4, 149
core   0: 3 0x800006e0 (0x095a6513) x10 0x00000095
core   0: 0x800006e4 (0x02f34ab3) div     s5, t1, a5
core   0: 3 0x800006e4 (0x02f34ab3) x21 0xffffffff
core   0: 0x800006e8 (0x021418b3) mulh    a7, s0, ra
core   0: 3 0x800006e8 (0x021418b3) x17 0x00000000
core   0: 0x800006ec (0x00c54033) xor     zero, a0, a2
core   0: 3 0x800006ec (0x00c54033)
core   0: 0x800006f0 (0xd7133213) sltiu   tp, t1, -655
core   0: 3 0x800006f0 (0xd7133213) x 4 0x00000001
core   0: 0x800006f4 (0x7125cab7) lui     s5, 0x7125c
core   0: 3 0x800006f4 (0x7125cab7) x21 0x7125c000
core   0: 0x800006f8 (0x03e4afb3) mulhsu  t6, s1, t5
core   0: 3 0x800006f8 (0x03e4afb3) x31 0x00000000
core   0: 0x800006fc (0x00461f33) sll     t5, a2, tp
core   0: 3 0x800006fc (0x00461f33) x30 0x00000000
core   0: 0x80000700 (0xadf66613) ori     a2, a2, -1313
core   0: 3 0x80000700 (0xadf66613) x12 0xfffffadf
core   0: 0x80000704 (0x34e87337) lui     t1, 0x34e87
core   0: 3 0x80000704 (0x34e87337) x 6 0x34e87000
core   0: 0x80000708 (0x4140dcb3) sra     s9, ra, s4
core   0: 3 0x80000708 (0x4140dcb3) x25 0x00000000
core   0: 0x8000070c (0x026774b3) remu    s1, a4, t1
core   0: 3 0x8000070c (0x026774b3) x 9 0x00000000
core   0: 0x80000710 (0x78fc2693) slti    a3, s8, 1935
core   0: 3 0x80000710 (0x78fc2693) x13 0x00000001
core   0: 0x80000714 (0x008e31b3) sltu    gp, t3, s0
core   0: 3 0x80000714 (0x008e31b3) x 3 0x00000000
core   0: 0x80000718 (0x7ea89537) lui     a0, 0x7ea89
core   0: 3 0x80000718 (0x7ea89537) x10 0x7ea89000
core   0: 0x8000071c (0x81beea93) ori     s5, t4, -2021
core   0: 3 0x8000071c (0x81beea93) x21 0xffffffff
core   0: 0x80000720 (0x2c820c13) addi    s8, tp, 712
core   0: 3 0x80000720 (0x2c820c13) x24 0x000002c9
core   0: 0x80000724 (0x0360b3b3) mulhu   t2, ra, s6
core   0: 3 0x80000724 (0x0360b3b3) x 7 0x00000000
core   0: 0x80000728 (0x8b8b0313) addi    t1, s6, -1864
core   0: 3 0x80000728 (0x8b8b0313) x 6 0x0014def8
core   0: 0x8000072c (0x486ba313) slti    t1, s7, 1158
core   0: 3 0x8000072c (0x486ba313) x 6 0x00000001
core   0: 0x80000730 (0x011cddb3) srl     s11, s9, a7
core   0: 3 0x80000730 (0x011cddb3) x27 0x00000000
core   0: 0x80000734 (0x00dc80b3) add     ra, s9, a3
core   0: 3 0x80000734 (0x00dc80b3) x 1 0x00000001
core   0: 0x80000738 (0x0265a5b3) mulhsu  a1, a1, t1
core   0: 3 0x80000738 (0x0265a5b3) x11 0x00000000
core   0: 0x8000073c (0x0366d5b3) divu    a1, a3, s6
core   0: 3 0x8000073c (0x0366d5b3) x11 0x00000000
core   0: 0x80000740 (0x00784bb3) xor     s7, a6, t2
core   0: 3 0x80000740 (0x00784bb3) x23 0x1fca65c8
core   0: 0x80000744 (0x01fc3a33) sltu    s4, s8, t6
core   0: 3 0x80000744 (0x01fc3a33) x20 0x00000000
core   0: 0x80000748 (0xecfd0813) addi    a6, s10, -305
core   0: 3 0x80000748 (0xecfd0813) x16 0xfffffecf
core   0: 0x8000074c (0x03bf40b3) div     ra, t5, s11
core   0: 3 0x8000074c (0x03bf40b3) x 1 0xffffffff
core   0: 0x80000750 (0x0334b033) mulhu   zero, s1, s3
core   0: 3 0x80000750 (0x0334b033)
core   0: 0x80000754 (0x00c70f33) add     t5, a4, a2
core   0: 3 0x80000754 (0x00c70f33) x30 0xfffffadf
core   0: 0x80000758 (0x2199b6b7) lui     a3, 0x2199b
core   0: 3 0x80000758 (0x2199b6b7) x13 0x2199b000
core   0: 0x8000075c (0x4194df33) sra     t5, s1, s9
core   0: 3 0x8000075c (0x4194df33) x30 0x00000000
core   0: 0x80000760 (0x009210b3) sll     ra, tp, s1
core   0: 3 0x80000760 (0x009210b3) x 1 0x00000001
core   0: 0x80000764 (0x02061db3) mulh    s11, a2, zero
core   0: 3 0x80000764 (0x02061db3) x27 0x00000000
core   0: 0x80000768 (0xa6bc3793) sltiu   a5, s8, -1429
core   0: 3 0x80000768 (0xa6bc3793) x15 0x00000001
core   0: 0x8000076c (0x03486d33) rem     s10, a6, s4
core   0: 3 0x8000076c (0x03486d33) x26 0xfffffecf
core   0: 0x80000770 (0x028381b3) mul     gp, t2, s0
core   0: 3 0x80000770 (0x028381b3) x 3 0x00000000
core   0: 0x80000774 (0x00000013) nop
core   0: 3 0x80000774 (0x00000013)
core   0: 0x80000778 (0x1751e937) lui     s2, 0x1751e
core   0: 3 0x80000778 (0x1751e937) x18 0x1751e000
core   0: 0x8000077c (0xf3b0ff13) andi    t5, ra, -197
core   0: 3 0x8000077c (0xf3b0ff13) x30 0x00000001
core   0: 0x80000780 (0x00dd5b33) srl     s6, s10, a3
core   0: 3 0x80000780 (0x00dd5b33) x22 0xfffffecf
core   0: 0x80000784 (0x006c04b3) add     s1, s8, t1
core   0: 3 0x80000784 (0x006c04b3) x 9 0x000002ca
core   0: 0x80000788 (0x00ab6c33) or      s8, s6, a0
core   0: 3 0x80000788 (0x00ab6c33) x24 0xfffffecf
core   0: 0x8000078c (0x008efd33) and     s10, t4, s0
core   0: 3 0x8000078c (0x008efd33) x26 0x00000001
core   0: 0x80000790 (0x015a35b3) sltu    a1, s4, s5
core   0: 3 0x80000790 (0x015a35b3) x11 0x00000001
core   0: 0x80000794 (0x2481cd13) xori    s10, gp, 584
core   0: 3 0x80000794 (0x2481cd13) x26 0x00000248
core   0: 0x80000798 (0x003c8cb3) add     s9, s9, gp
core   0: 3 0x80000798 (0x003c8cb3) x25 0x00000000
core   0: 0x8000079c (0x009cfdb3) and     s11, s9, s1
core   0: 3 0x8000079c (0x009cfdb3) x27 0x00000000
core   0: 0x800007a0 (0x006979b3) and     s3, s2, t1
core   0: 3 0x800007a0 (0x006979b3) x19 0x00000000
core   0: 0x800007a4 (0x00000013) nop
core   0: 3 0x800007a4 (0x00000013)
core   0: 0x800007a8 (0x410d0933) sub     s2, s10, a6
core   0: 3 0x800007a8 (0x410d0933) x18 0x00000379
core   0: 0x800007ac (0x00000013) nop
core   0: 3 0x800007ac (0x00000013)
core   0: 0x800007b0 (0x00e49a33) sll     s4, s1, a4
core   0: 3 0x800007b0 (0x00e49a33) x20 0x000002ca
core   0: 0x800007b4 (0x141c7f93) andi    t6, s8, 321
core   0: 3 0x800007b4 (0x141c7f93) x31 0x00000041
core   0: 0x800007b8 (0x01e6f8b3) and     a7, a3, t5
core   0: 3 0x800007b8 (0x01e6f8b3) x17 0x00000000
core   0: 0x800007bc (0x02d9dc33) divu    s8, s3, a3
core   0: 3 0x800007bc (0x02d9dc33) x24 0x00000000
core   0: 0x800007c0 (0x00ded593) srli    a1, t4, 13
core   0: 3 0x800007c0 (0x00ded593) x11 0x0007ffff
core   0: 0x800007c4 (0x40678ab3) sub     s5, a5, t1
core   0: 3 0x800007c4 (0x40678ab3) x21 0x00000000
core   0: 0x800007c8 (0x03b861b3) rem     gp, a6, s11
core   0: 3 0x800007c8 (0x03b861b3) x 3 0xfffffecf
core   0: 0x800007cc (0x392f0193) addi    gp, t5, 914
core   0: 3 0x800007cc (0x392f0193) x 3 0x00000393
core   0: 0x800007d0 (0x0061b833) sltu    a6, gp, t1
core   0: 3 0x800007d0 (0x0061b833) x16 0x00000000
core   0: 0x800007d4 (0x18f92d37) lui     s10, 0x18f92
core   0: 3 0x800007d4 (0x18f92d37) x26 0x18f92000
core   0: 0x800007d8 (0xff634a13) xori    s4, t1, -10
core   0: 3 0x800007d8 (0xff634a13) x20 0xfffffff7
core   0: 0x800007dc (0x021663b3) rem     t2, a2, ra
core   0: 3 0x800007dc (0x021663b3) x 7 0x00000000
core   0: 0x800007e0 (0x9e8ace93) xori    t4, s5, -1560
core   0: 3 0x800007e0 (0x9e8ace93) x29 0xfffff9e8
core   0: 0x800007e4 (0x015a5f93) srli    t6, s4, 21
core   0: 3 0x800007e4 (0x015a5f93) x31 0x000007ff
core   0: 0x800007e8 (0x01395b93) srli    s7, s2, 19
core   0: 3 0x800007e8 (0x01395b93) x23 0x00000000
core   0: 0x800007ec (0x4126d413) srai    s0, a3, 18
core   0: 3 0x800007ec (0x4126d413) x 8 0x00000866
core   0: 0x800007f0 (0x3b226017) auipc   zero, 0x3b226
core   0: 3 0x800007f0 (0x3b226017)
core   0: 0x800007f4 (0x03f14433) div     s0, sp, t6
core   0: 3 0x800007f4 (0x03f14433) x 8 0x00000000
core   0: 0x800007f8 (0xb9056093) ori     ra, a0, -1136
core   0: 3 0x800007f8 (0xb9056093) x 1 0xfffffb90
core   0: 0x800007fc (0x012817b3) sll     a5, a6, s2
core   0: 3 0x800007fc (0x012817b3) x15 0x00000000
core   0: 0x80000800 (0x00f9b533) sltu    a0, s3, a5
core   0: 3 0x80000800 (0x00f9b533) x10 0x00000000
core   0: 0x80000804 (0x408dd233) sra     tp, s11, s0
core   0: 3 0x80000804 (0x408dd233) x 4 0x00000000
core   0: 0x80000808 (0x00000013) nop
core   0: 3 0x80000808 (0x00000013)
core   0: 0x8000080c (0x00c84033) xor     zero, a6, a2
core   0: 3 0x8000080c (0x00c84033)
core   0: 0x80000810 (0x014f0333) add     t1, t5, s4
core   0: 3 0x80000810 (0x014f0333) x 6 0xfffffff8
core   0: 0x80000814 (0x3c166693) ori     a3, a2, 961
core   0: 3 0x80000814 (0x3c166693) x13 0xfffffbdf
core   0: 0x80000818 (0x012bdc33) srl     s8, s7, s2
core   0: 3 0x80000818 (0x012bdc33) x24 0x00000000
core   0: 0x8000081c (0x04adb813) sltiu   a6, s11, 74
core   0: 3 0x8000081c (0x04adb813) x16 0x00000001
core   0: 0x80000820 (0x008d4233) xor     tp, s10, s0
core   0: 3 0x80000820 (0x008d4233) x 4 0x18f92000
core   0: 0x80000824 (0x01b238b3) sltu    a7, tp, s11
core   0: 3 0x80000824 (0x01b238b3) x17 0x00000000
core   0: 0x80000828 (0x00000013) nop
core   0: 3 0x80000828 (0x00000013)
core   0: 0x8000082c (0xc2f9ba93) sltiu   s5, s3, -977
core   0: 3 0x8000082c (0xc2f9ba93) x21 0x00000001
core   0: 0x80000830 (0x9646ce93) xori    t4, a3, -1692
core   0: 3 0x80000830 (0x9646ce93) x29 0x000002bb
core   0: 0x80000834 (0x03148db3) mul     s11, s1, a7
core   0: 3 0x80000834 (0x03148db3) x27 0x00000000
core   0: 0x80000838 (0x00ee23b3) slt     t2, t3, a4
core   0: 3 0x80000838 (0x00ee23b3) x 7 0x00000001
core   0: 0x8000083c (0x03a8fa33) remu    s4, a7, s10
core   0: 3 0x8000083c (0x03a8fa33) x20 0x00000000
core   0: 0x80000840 (0x02815cb3) divu    s9, sp, s0
core   0: 3 0x80000840 (0x02815cb3) x25 0xffffffff
core   0: 0x80000844 (0x4051da13) srai    s4, gp, 5
core   0: 3 0x80000844 (0x4051da13) x20 0x0000001c
core   0: 0x80000848 (0xc023c313) xori    t1, t2, -1022
core   0: 3 0x80000848 (0xc023c313) x 6 0xfffffc03
core   0: 0x8000084c (0x00195f33) srl     t5, s2, ra
core   0: 3 0x8000084c (0x00195f33) x30 0x00000000
core   0: 0x80000850 (0xf5a20693) addi    a3, tp, -166
core   0: 3 0x80000850 (0xf5a20693) x13 0x18f91f5a
core   0: 0x80000854 (0xf87ee193) ori     gp, t4, -121
core   0: 3 0x80000854 (0xf87ee193) x 3 0xffffffbf
core   0: 0x80000858 (0x0139bcb3) sltu    s9, s3, s3
core   0: 3 0x80000858 (0x0139bcb3) x25 0x00000000
core   0: 0x8000085c (0x0083ed33) or      s10, t2, s0
core   0: 3 0x8000085c (0x0083ed33) x26 0x00000001
core   0: 0x80000860 (0x00a1a0b3) slt     ra, gp, a0
core   0: 3 0x80000860 (0x00a1a0b3) x 1 0x00000001
core   0: 0x80000864 (0x409bd233) sra     tp, s7, s1
core   0: 3 0x80000864 (0x409bd233) x 4 0x00000000
core   0: 0x80000868 (0xff1ba493) slti    s1, s7, -15
core   0: 3 0x80000868 (0xff1ba493) x 9 0x00000000
core   0: 0x8000086c (0x00f78fb3) add     t6, a5, a5
core   0: 3 0x8000086c (0x00f78fb3) x31 0x00000000
core   0: 0x80000870 (0x1564c093) xori    ra, s1, 342
core   0: 3 0x80000870 (0x1564c093) x 1 0x00000156
core   0: 0x80000874 (0x0152e533) or      a0, t0, s5
core   0: 3 0x80000874 (0x0152e533) x10 0x80014e65
core   0: 0x80000878 (0x012601b3) add     gp, a2, s2
core   0: 3 0x80000878 (0x012601b3) x 3 0xfffffe58
core   0: 0x8000087c (0x00302a33) slt     s4, zero, gp
core   0: 3 0x8000087c (0x00302a33) x20 0x00000000
core   0: 0x80000880 (0x4025da93) srai    s5, a1, 2
core   0: 3 0x80000880 (0x4025da93) x21 0x0001ffff
core   0: 0x80000884 (0x03a6eeb3) rem     t4, a3, s10
core   0: 3 0x80000884 (0x03a6eeb3) x29 0x00000000
core   0: 0x80000888 (0x01d7b833) sltu    a6, a5, t4
core   0: 3 0x80000888 (0x01d7b833) x16 0x00000000
core   0: 0x8000088c (0x40c35fb3) sra     t6, t1, a2
core   0: 3 0x8000088c (0x40c35fb3) x31 0xffffffff
core   0: 0x80000890 (0x02298533) mul     a0, s3, sp
core   0: 3 0x80000890 (0x02298533) x10 0x00000000
core   0: 0x80000894 (0x000de6b3) or      a3, s11, zero
core   0: 3 0x80000894 (0x000de6b3) x13 0x00000000
core   0: 0x80000898 (0x00b02533) slt     a0, zero, a1
core   0: 3 0x80000898 (0x00b02533) x10 0x00000001
core   0: 0x8000089c (0x41b4c417) auipc   s0, 0x41b4c
core   0: 3 0x8000089c (0x41b4c417) x 8 0xc1b4c89c
core   0: 0x800008a0 (0xdceef513) andi    a0, t4, -562
core   0: 3 0x800008a0 (0xdceef513) x10 0x00000000
core   0: 0x800008a4 (0x02d0f233) remu    tp, ra, a3
core   0: 3 0x800008a4 (0x02d0f233) x 4 0x00000156
core   0: 0x800008a8 (0x418ed233) sra     tp, t4, s8
core   0: 3 0x800008a8 (0x418ed233) x 4 0x00000000
core   0: 0x800008ac (0x57106f17) auipc   t5, 0x57106
core   0: 3 0x800008ac (0x57106f17) x30 0xd71068ac
core   0: 0x800008b0 (0x8711ba93) sltiu   s5, gp, -1935
core   0: 3 0x800008b0 (0x8711ba93) x21 0x00000000
core   0: 0x800008b4 (0x01fa4833) xor     a6, s4, t6
core   0: 3 0x800008b4 (0x01fa4833) x16 0xffffffff
core   0: 0x800008b8 (0x03712fb3) mulhsu  t6, sp, s7
core   0: 3 0x800008b8 (0x03712fb3) x31 0x00000000
core   0: 0x800008bc (0x20cb4d97) auipc   s11, 0x20cb4
core   0: 3 0x800008bc (0x20cb4d97) x27 0xa0cb48bc
core   0: 0x800008c0 (0x00000013) nop
core   0: 3 0x800008c0 (0x00000013)
core   0: 0x800008c4 (0x96a0be93) sltiu   t4, ra, -1686
core   0: 3 0x800008c4 (0x96a0be93) x29 0x00000001
core   0: 0x800008c8 (0x01d19693) slli    a3, gp, 29
core   0: 3 0x800008c8 (0x01d19693) x13 0x00000000
core   0: 0x800008cc (0x00f87733) and     a4, a6, a5
core   0: 3 0x800008cc (0x00f87733) x14 0x00000000
core   0: 0x800008d0 (0x00209513) slli    a0, ra, 2
core   0: 3 0x800008d0 (0x00209513) x10 0x00000558
core   0: 0x800008d4 (0x00829093) slli    ra, t0, 8
core   0: 3 0x800008d4 (0x00829093) x 1 0x014e6400
core   0: 0x800008d8 (0x00995c13) srli    s8, s2, 9
core   0: 3 0x800008d8 (0x00995c13) x24 0x00000001
core   0: 0x800008dc (0x5d7dc493) xori    s1, s11, 1495
core   0: 3 0x800008dc (0x5d7dc493) x 9 0xa0cb4d6b
core   0: 0x800008e0 (0x0042c233) xor     tp, t0, tp
core   0: 3 0x800008e0 (0x0042c233) x 4 0x80014e64
core   0: 0x800008e4 (0x001a1f13) slli    t5, s4, 1
core   0: 3 0x800008e4 (0x001a1f13) x30 0x00000000
core   0: 0x800008e8 (0x016cc933) xor     s2, s9, s6
core   0: 3 0x800008e8 (0x016cc933) x18 0xfffffecf
core   0: 0x800008ec (0x01a39d93) slli    s11, t2, 26
core   0: 3 0x800008ec (0x01a39d93) x27 0x04000000
core   0: 0x800008f0 (0x013194b3) sll     s1, gp, s3
core   0: 3 0x800008f0 (0x013194b3) x 9 0xfffffe58
core   0: 0x800008f4 (0x017c15b3) sll     a1, s8, s7
core   0: 3 0x800008f4 (0x017c15b3) x11 0x00000001
core   0: 0x800008f8 (0x03af3833) mulhu   a6, t5, s10
core   0: 3 0x800008f8 (0x03af3833) x16 0x00000000
core   0: 0x800008fc (0x010de233) or      tp, s11, a6
core   0: 3 0x800008fc (0x010de233) x 4 0x04000000
core   0: 0x80000900 (0x0240fc33) remu    s8, ra, tp
core   0: 3 0x80000900 (0x0240fc33) x24 0x014e6400
core   0: 0x80000904 (0x0263c5b3) div     a1, t2, t1
core   0: 3 0x80000904 (0x0263c5b3) x11 0x00000000
core   0: 0x80000908 (0x7271ca13) xori    s4, gp, 1831
core   0: 3 0x80000908 (0x7271ca13) x20 0xfffff97f
core   0: 0x8000090c (0x39becb93) xori    s7, t4, 923
core   0: 3 0x8000090c (0x39becb93) x23 0x0000039a
core   0: 0x80000910 (0x01bd1693) slli    a3, s10, 27
core   0: 3 0x80000910 (0x01bd1693) x13 0x08000000
core   0: 0x80000914 (0xdba88613) addi    a2, a7, -582
core   0: 3 0x80000914 (0xdba88613) x12 0xfffffdba
core   0: 0x80000918 (0x41635213) srai    tp, t1, 22
core   0: 3 0x80000918 (0x41635213) x 4 0xffffffff
core   0: 0x8000091c (0x01001913) slli    s2, zero, 16
core   0: 3 0x8000091c (0x01001913) x18 0x00000000
core   0: 0x80000920 (0x02a817b3) mulh    a5, a6, a0
core   0: 3 0x80000920 (0x02a817b3) x15 0x00000000
core   0: 0x80000924 (0xfa7c4193) xori    gp, s8, -89
core   0: 3 0x80000924 (0xfa7c4193) x 3 0xfeb19ba7
core   0: 0x80000928 (0x016fd8b3) srl     a7, t6, s6
core   0: 3 0x80000928 (0x016fd8b3) x17 0x00000000
core   0: 0x8000092c (0x018d5b13) srli    s6, s10, 24
core   0: 3 0x8000092c (0x018d5b13) x22 0x00000000
core   0: 0x80000930 (0x5bdc0693) addi    a3, s8, 1469
core   0: 3 0x80000930 (0x5bdc0693) x13 0x014e69bd
core   0: 0x80000934 (0x70370d93) addi    s11, a4, 1795
core   0: 3 0x80000934 (0x70370d93) x27 0x00000703
core   0: 0x80000938 (0x03e85533) divu    a0, a6, t5
core   0: 3 0x80000938 (0x03e85533) x10 0xffffffff
core   0: 0x8000093c (0x016e8f33) add     t5, t4, s6
core   0: 3 0x8000093c (0x016e8f33) x30 0x00000001
core   0: 0x80000940 (0x10add517) auipc   a0, 0x10add
core   0: 3 0x80000940 (0x10add517) x10 0x90add940
core   0: 0x80000944 (0x0268e4b3) rem     s1, a7, t1
core   0: 3 0x80000944 (0x0268e4b3) x 9 0x00000000
core   0: 0x80000948 (0x02537f33) remu    t5, t1, t0
core   0: 3 0x80000948 (0x02537f33) x30 0x7ffead9f
core   0: 0x8000094c (0x03c8d933) divu    s2, a7, t3
core   0: 3 0x8000094c (0x03c8d933) x18 0x00000000
core   0: 0x80000950 (0x038ce433) rem     s0, s9, s8
core   0: 3 0x80000950 (0x038ce433) x 8 0x00000000
core   0: 0x80000954 (0x011781b3) add     gp, a5, a7
core   0: 3 0x80000954 (0x011781b3) x 3 0x00000000
core   0: 0x80000958 (0x40b30c33) sub     s8, t1, a1
core   0: 3 0x80000958 (0x40b30c33) x24 0xfffffc03
core   0: 0x8000095c (0x017e8fb3) add     t6, t4, s7
core   0: 3 0x8000095c (0x017e8fb3) x31 0x0000039b
core   0: 0x80000960 (0x413b5013) srai    zero, s6, 19
core   0: 3 0x80000960 (0x413b5013)
core   0: 0x80000964 (0x7e0ee197) auipc   gp, 0x7e0ee
core   0: 3 0x80000964 (0x7e0ee197) x 3 0xfe0ee964
core   0: 0x80000968 (0x0051a433) slt     s0, gp, t0
core   0: 3 0x80000968 (0x0051a433) x 8 0x00000000
core   0: 0x8000096c (0x01ace5b3) or      a1, s9, s10
core   0: 3 0x8000096c (0x01ace5b3) x11 0x00000001
core   0: 0x80000970 (0x03bbbfb3) mulhu   t6, s7, s11
core   0: 3 0x80000970 (0x03bbbfb3) x31 0x00000000
core   0: 0x80000974 (0xd5522693) slti    a3, tp, -683
core   0: 3 0x80000974 (0xd5522693) x13 0x00000000
core   0: 0x80000978 (0xcd114a93) xori    s5, sp, -815
core   0: 3 0x80000978 (0xcd114a93) x21 0xfffffcd9
core   0: 0x8000097c (0x0344b5b3) mulhu   a1, s1, s4
core   0: 3 0x8000097c (0x0344b5b3) x11 0x00000000
core   0: 0x80000980 (0xb873ef93) ori     t6, t2, -1145
core   0: 3 0x80000980 (0xb873ef93) x31 0xfffffb87
core   0: 0x80000984 (0x41c98f33) sub     t5, s3, t3
core   0: 3 0x80000984 (0x41c98f33) x30 0x7ffe731c
core   0: 0x80000988 (0xd692b097) auipc   ra, 0xd692b
core   0: 3 0x80000988 (0xd692b097) x 1 0x5692b988
core   0: 0x8000098c (0x41d2d533) sra     a0, t0, t4
core   0: 3 0x8000098c (0x41d2d533) x10 0xc000a732
core   0: 0x80000990 (0x03dce233) rem     tp, s9, t4
core   0: 3 0x80000990 (0x03dce233) x 4 0x00000000
core   0: 0x80000994 (0x007efcb3) and     s9, t4, t2
core   0: 3 0x80000994 (0x007efcb3) x25 0x00000001
core   0: 0x80000998 (0x4000dcb3) sra     s9, ra, zero
core   0: 3 0x80000998 (0x4000dcb3) x25 0x5692b988
core   0: 0x8000099c (0x02a70cb3) mul     s9, a4, a0
core   0: 3 0x8000099c (0x02a70cb3) x25 0x00000000
core   0: 0x800009a0 (0x03b3df33) divu    t5, t2, s11
core   0: 3 0x800009a0 (0x03b3df33) x30 0x00000000
core   0: 0x800009a4 (0x025d2c33) mulhsu  s8, s10, t0
core   0: 3 0x800009a4 (0x025d2c33) x24 0x00000000
core   0: 0x800009a8 (0x01be5bb3) srl     s7, t3, s11
core   0: 3 0x800009a8 (0x01be5bb3) x23 0x1000319c
core   0: 0x800009ac (0x4034d833) sra     a6, s1, gp
core   0: 3 0x800009ac (0x4034d833) x16 0x00000000
core   0: 0x800009b0 (0x0108dd33) srl     s10, a7, a6
core   0: 3 0x800009b0 (0x0108dd33) x26 0x00000000
core   0: 0x800009b4 (0x02d5d533) divu    a0, a1, a3
core   0: 3 0x800009b4 (0x02d5d533) x10 0xffffffff
core   0: 0x800009b8 (0x40e28db3) sub     s11, t0, a4
core   0: 3 0x800009b8 (0x40e28db3) x27 0x80014e64
core   0: 0x800009bc (0x037e5cb3) divu    s9, t3, s7
core   0: 3 0x800009bc (0x037e5cb3) x25 0x00000008
core   0: 0x800009c0 (0x5028ac93) slti    s9, a7, 1282
core   0: 3 0x800009c0 (0x5028ac93) x25 0x00000001
core   0: 0x800009c4 (0x0092b533) sltu    a0, t0, s1
core   0: 3 0x800009c4 (0x0092b533) x10 0x00000000
core   0: 0x800009c8 (0x036cfcb3) remu    s9, s9, s6
core   0: 3 0x800009c8 (0x036cfcb3) x25 0x00000001
core   0: 0x800009cc (0x00000013) nop
core   0: 3 0x800009cc (0x00000013)
core   0: 0x800009d0 (0x01c9c833) xor     a6, s3, t3
core   0: 3 0x800009d0 (0x01c9c833) x16 0x80018ce4
core   0: 0x800009d4 (0x016c5733) srl     a4, s8, s6
core   0: 3 0x800009d4 (0x016c5733) x14 0x00000000
core   0: 0x800009d8 (0x41ca0633) sub     a2, s4, t3
core   0: 3 0x800009d8 (0x41ca0633) x12 0x7ffe6c9b
core   0: 0x800009dc (0x03869cb3) mulh    s9, a3, s8
core   0: 3 0x800009dc (0x03869cb3) x25 0x00000000
core   0: 0x800009e0 (0x14680813) addi    a6, a6, 326
core   0: 3 0x800009e0 (0x14680813) x16 0x80018e2a
core   0: 0x800009e4 (0x00f97db3) and     s11, s2, a5
core   0: 3 0x800009e4 (0x00f97db3) x27 0x00000000
core   0: 0x800009e8 (0x020b9733) mulh    a4, s7, zero
core   0: 3 0x800009e8 (0x020b9733) x14 0x00000000
core   0: 0x800009ec (0x01c31833) sll     a6, t1, t3
core   0: 3 0x800009ec (0x01c31833) x16 0xffffc030
core   0: 0x800009f0 (0x6baec017) auipc   zero, 0x6baec
core   0: 3 0x800009f0 (0x6baec017)
core   0: 0x800009f4 (0xc7bf7d13) andi    s10, t5, -901
core   0: 3 0x800009f4 (0xc7bf7d13) x26 0x00000000
core   0: 0x800009f8 (0x1d400213) li      tp, 468
core   0: 3 0x800009f8 (0x1d400213) x 4 0x000001d4
core   0: 0x800009fc (0xca710d17) auipc   s10, 0xca710
core   0: 3 0x800009fc (0xca710d17) x26 0x4a7109fc
core   0: 0x80000a00 (0x03261db3) mulh    s11, a2, s2
core   0: 3 0x80000a00 (0x03261db3) x27 0x00000000
core   0: 0x80000a04 (0x408704b3) sub     s1, a4, s0
core   0: 3 0x80000a04 (0x408704b3) x 9 0x00000000
core   0: 0x80000a08 (0x00326533) or      a0, tp, gp
core   0: 3 0x80000a08 (0x00326533) x10 0xfe0ee9f4
core   0: 0x80000a0c (0x01874233) xor     tp, a4, s8
core   0: 3 0x80000a0c (0x01874233) x 4 0x00000000
core   0: 0x80000a10 (0xcfe26f17) auipc   t5, 0xcfe26
core   0: 3 0x80000a10 (0xcfe26f17) x30 0x4fe26a10
core   0: 0x80000a14 (0x00951c93) slli    s9, a0, 9
core   0: 3 0x80000a14 (0x00951c93) x25 0x1dd3e800
core   0: 0x80000a18 (0x00155833) srl     a6, a0, ra
core   0: 3 0x80000a18 (0x00155833) x16 0x00fe0ee9
core   0: 0x80000a1c (0x0276af33) mulhsu  t5, a3, t2
core   0: 3 0x80000a1c (0x0276af33) x30 0x00000000
core   0: 0x80000a20 (0x023246b3) div     a3, tp, gp
core   0: 3 0x80000a20 (0x023246b3) x13 0x00000000
core   0: 0x80000a24 (0x01883b33) sltu    s6, a6, s8
core   0: 3 0x80000a24 (0x01883b33) x22 0x00000000
core   0: 0x80000a28 (0x3ab98093) addi    ra, s3, 939
core   0: 3 0x80000a28 (0x3ab98093) x 1 0x000003ab
core   0: 0x80000a2c (0x00da5b33) srl     s6, s4, a3
core   0: 3 0x80000a2c (0x00da5b33) x22 0xfffff97f
core   0: 0x80000a30 (0xab57fe93) andi    t4, a5, -1355
core   0: 3 0x80000a30 (0xab57fe93) x29 0x00000000
core   0: 0x80000a34 (0x03826b33) rem     s6, tp, s8
core   0: 3 0x80000a34 (0x03826b33) x22 0x00000000
core   0: 0x80000a38 (0x00819093) slli    ra, gp, 8
core   0: 3 0x80000a38 (0x00819093) x 1 0x0ee96400
core   0: 0x80000a3c (0x859d4f93) xori    t6, s10, -1959
core   0: 3 0x80000a3c (0x859d4f93) x31 0xb58ef1a5
core   0: 0x80000a40 (0x037d4233) div     tp, s10, s7
core   0: 3 0x80000a40 (0x037d4233) x 4 0x00000004
core   0: 0x80000a44 (0x016651b3) srl     gp, a2, s6
core   0: 3 0x80000a44 (0x016651b3) x 3 0x7ffe6c9b
core   0: 0x80000a48 (0xd3c16a37) lui     s4, 0xd3c16
core   0: 3 0x80000a48 (0xd3c16a37) x20 0xd3c16000
core   0: 0x80000a4c (0xc55ba393) slti    t2, s7, -939
core   0: 3 0x80000a4c (0xc55ba393) x 7 0x00000000
core   0: 0x80000a50 (0x00e45d93) srli    s11, s0, 14
core   0: 3 0x80000a50 (0x00e45d93) x27 0x00000000
core   0: 0x80000a54 (0x03500d33) mul     s10, zero, s5
core   0: 3 0x80000a54 (0x03500d33) x26 0x00000000
core   0: 0x80000a58 (0x02c3b033) mulhu   zero, t2, a2
core   0: 3 0x80000a58 (0x02c3b033)
core   0: 0x80000a5c (0xf2e7b693) sltiu   a3, a5, -210
core   0: 3 0x80000a5c (0xf2e7b693) x13 0x00000001
core   0: 0x80000a60 (0x02c997b3) mulh    a5, s3, a2
core   0: 3 0x80000a60 (0x02c997b3) x15 0x00000000
core   0: 0x80000a64 (0xfaa8fc13) andi    s8, a7, -86
core   0: 3 0x80000a64 (0xfaa8fc13) x24 0x00000000
core   0: 0x80000a68 (0x027efc33) remu    s8, t4, t2
core   0: 3 0x80000a68 (0x027efc33) x24 0x00000000
core   0: 0x80000a6c (0xf0fa3613) sltiu   a2, s4, -241
core   0: 3 0x80000a6c (0xf0fa3613) x12 0x00000001
core   0: 0x80000a70 (0x01113033) sltu    zero, sp, a7
core   0: 3 0x80000a70 (0x01113033)
core   0: 0x80000a74 (0x9509e813) ori     a6, s3, -1712
core   0: 3 0x80000a74 (0x9509e813) x16 0xfffff950
core   0: 0x80000a78 (0x4ef2cf13) xori    t5, t0, 1263
core   0: 3 0x80000a78 (0x4ef2cf13) x30 0x80014a8b
core   0: 0x80000a7c (0x025bbc33) mulhu   s8, s7, t0
core   0: 3 0x80000a7c (0x025bbc33) x24 0x08002db4
core   0: 0x80000a80 (0x407f8f33) sub     t5, t6, t2
core   0: 3 0x80000a80 (0x407f8f33) x30 0xb58ef1a5
core   0: 0x80000a84 (0x8aa4f993) andi    s3, s1, -1878
core   0: 3 0x80000a84 (0x8aa4f993) x19 0x00000000
core   0: 0x80000a88 (0xcb50a613) slti    a2, ra, -843
core   0: 3 0x80000a88 (0xcb50a613) x12 0x00000000
core   0: 0x80000a8c (0x00000013) nop
core   0: 3 0x80000a8c (0x00000013)
core   0: 0x80000a90 (0x3d33b913) sltiu   s2, t2, 979
core   0: 3 0x80000a90 (0x3d33b913) x18 0x00000001
core   0: 0x80000a94 (0x018b26b3) slt     a3, s6, s8
core   0: 3 0x80000a94 (0x018b26b3) x13 0x00000001
core   0: 0x80000a98 (0x010385b3) add     a1, t2, a6
core   0: 3 0x80000a98 (0x010385b3) x11 0xfffff950
core   0: 0x80000a9c (0x02a689b3) mul     s3, a3, a0
core   0: 3 0x80000a9c (0x02a689b3) x19 0xfe0ee9f4
core   0: 0x80000aa0 (0x00d31ab3) sll     s5, t1, a3
core   0: 3 0x80000aa0 (0x00d31ab3) x21 0xfffff806
core   0: 0x80000aa4 (0x4044d533) sra     a0, s1, tp
core   0: 3 0x80000aa4 (0x4044d533) x10 0x00000000
core   0: 0x80000aa8 (0xcbd5aa13) slti    s4, a1, -835
core   0: 3 0x80000aa8 (0xcbd5aa13) x20 0x00000001
core   0: 0x80000aac (0x00000013) nop
core   0: 3 0x80000aac (0x00000013)
core   0: 0x80000ab0 (0x80d07313) andi    t1, zero, -2035
core   0: 3 0x80000ab0 (0x80d07313) x 6 0x00000000
core   0: 0x80000ab4 (0x011d6233) or      tp, s10, a7
core   0: 3 0x80000ab4 (0x011d6233) x 4 0x00000000
core   0: 0x80000ab8 (0x004bec33) or      s8, s7, tp
core   0: 3 0x80000ab8 (0x004bec33) x24 0x1000319c
core   0: 0x80000abc (0x03f65db3) divu    s11, a2, t6
core   0: 3 0x80000abc (0x03f65db3) x27 0x00000000
core   0: 0x80000ac0 (0x00dc2933) slt     s2, s8, a3
core   0: 3 0x80000ac0 (0x00dc2933) x18 0x00000000
core   0: 0x80000ac4 (0x01deda33) srl     s4, t4, t4
core   0: 3 0x80000ac4 (0x01deda33) x20 0x00000000
core   0: 0x80000ac8 (0x00000013) nop
core   0: 3 0x80000ac8 (0x00000013)
core   0: 0x80000acc (0xfac0a013) slti    zero, ra, -84
core   0: 3 0x80000acc (0xfac0a013)
core   0: 0x80000ad0 (0xe5ca3397) auipc   t2, 0xe5ca3
core   0: 3 0x80000ad0 (0xe5ca3397) x 7 0x65ca3ad0
core   0: 0x80000ad4 (0x0270afb3) mulhsu  t6, ra, t2
core   0: 3 0x80000ad4 (0x0270afb3) x31 0x05eddc09
core   0: 0x80000ad8 (0x016ebeb3) sltu    t4, t4, s6
core   0: 3 0x80000ad8 (0x016ebeb3) x29 0x00000000
core   0: 0x80000adc (0xf65544b7) lui     s1, 0xf6554
core   0: 3 0x80000adc (0xf65544b7) x 9 0xf6554000
core   0: 0x80000ae0 (0x40b0df13) srai    t5, ra, 11
core   0: 3 0x80000ae0 (0x40b0df13) x30 0x0001dd2c
core   0: 0x80000ae4 (0x01eb03b3) add     t2, s6, t5
core   0: 3 0x80000ae4 (0x01eb03b3) x 7 0x0001dd2c
core   0: 0x80000ae8 (0x003e2bb3) slt     s7, t3, gp
core   0: 3 0x80000ae8 (0x003e2bb3) x23 0x00000001
core   0: 0x80000aec (0x40a7deb3) sra     t4, a5, a0
core   0: 3 0x80000aec (0x40a7deb3) x29 0x00000000
core   0: 0x80000af0 (0x02fc3d33) mulhu   s10, s8, a5
core   0: 3 0x80000af0 (0x02fc3d33) x26 0x00000000
core   0: 0x80000af4 (0x0142dc13) srli    s8, t0, 20
core   0: 3 0x80000af4 (0x0142dc13) x24 0x00000800
core   0: 0x80000af8 (0x01145a93) srli    s5, s0, 17
core   0: 3 0x80000af8 (0x01145a93) x21 0x00000000
core   0: 0x80000afc (0x40d18633) sub     a2, gp, a3
core   0: 3 0x80000afc (0x40d18633) x12 0x7ffe6c9a
core   0: 0x80000b00 (0x41c44413) xori    s0, s0, 1052
core   0: 3 0x80000b00 (0x41c44413) x 8 0x0000041c
core   0: 0x80000b04 (0x00000013) nop
core   0: 3 0x80000b04 (0x00000013)
core   0: 0x80000b08 (0xc34e6393) ori     t2, t3, -972
core   0: 3 0x80000b08 (0xc34e6393) x 7 0xfffffcf4
core   0: 0x80000b0c (0x01159313) slli    t1, a1, 17
core   0: 3 0x80000b0c (0x01159313) x 6 0xf2a00000
core   0: 0x80000b10 (0x00bd4733) xor     a4, s10, a1
core   0: 3 0x80000b10 (0x00bd4733) x14 0xfffff950
core   0: 0x80000b14 (0x01ff3633) sltu    a2, t5, t6
core   0: 3 0x80000b14 (0x01ff3633) x12 0x00000001
core   0: 0x80000b18 (0x60f52f13) slti    t5, a0, 1551
core   0: 3 0x80000b18 (0x60f52f13) x30 0x00000001
core   0: 0x80000b1c (0x00cdda13) srli    s4, s11, 12
core   0: 3 0x80000b1c (0x00cdda13) x20 0x00000000
core   0: 0x80000b20 (0x64b33913) sltiu   s2, t1, 1611
core   0: 3 0x80000b20 (0x64b33913) x18 0x00000000
core   0: 0x80000b24 (0x002693b3) sll     t2, a3, sp
core   0: 3 0x80000b24 (0x002693b3) x 7 0x00000100
core   0: 0x80000b28 (0x03d9d033) divu    zero, s3, t4
core   0: 3 0x80000b28 (0x03d9d033)
core   0: 0x80000b2c (0x00000013) nop
core   0: 3 0x80000b2c (0x00000013)
core   0: 0x80000b30 (0x018857b3) srl     a5, a6, s8
core   0: 3 0x80000b30 (0x018857b3) x15 0xfffff950
core   0: 0x80000b34 (0x024036b3) mulhu   a3, zero, tp
core   0: 3 0x80000b34 (0x024036b3) x13 0x00000000
core   0: 0x80000b38 (0xa06b23b7) lui     t2, 0xa06b2
core   0: 3 0x80000b38 (0xa06b23b7) x 7 0xa06b2000
core   0: 0x80000b3c (0x00379893) slli    a7, a5, 3
core   0: 3 0x80000b3c (0x00379893) x17 0xffffca80
core   0: 0x80000b40 (0x00bb7eb3) and     t4, s6, a1
core   0: 3 0x80000b40 (0x00bb7eb3) x29 0x00000000
core   0: 0x80000b44 (0x00ff1c13) slli    s8, t5, 15
core   0: 3 0x80000b44 (0x00ff1c13) x24 0x00008000
core   0: 0x80000b48 (0x039cc433) div     s0, s9, s9
core   0: 3 0x80000b48 (0x039cc433) x 8 0x00000001
core   0: 0x80000b4c (0x400387b3) sub     a5, t2, zero
core   0: 3 0x80000b4c (0x400387b3) x15 0xa06b2000
core   0: 0x80000b50 (0xd12a4893) xori    a7, s4, -750
core   0: 3 0x80000b50 (0xd12a4893) x17 0xfffffd12
core   0: 0x80000b54 (0x031a9333) mulh    t1, s5, a7
core   0: 3 0x80000b54 (0x031a9333) x 6 0x00000000
core   0: 0x80000b58 (0x411b5813) srai    a6, s6, 17
core   0: 3 0x80000b58 (0x411b5813) x16 0x00000000
core   0: 0x80000b5c (0x40dc05b3) sub     a1, s8, a3
core   0: 3 0x80000b5c (0x40dc05b3) x11 0x00008000
core   0: 0x80000b60 (0x0382d933) divu    s2, t0, s8
core   0: 3 0x80000b60 (0x0382d933) x18 0x00010002
core   0: 0x80000b64 (0x001b07b3) add     a5, s6, ra
core   0: 3 0x80000b64 (0x001b07b3) x15 0x0ee96400
core   0: 0x80000b68 (0x020f8db3) mul     s11, t6, zero
core   0: 3 0x80000b68 (0x020f8db3) x27 0x00000000
core   0: 0x80000b6c (0x02030b33) mul     s6, t1, zero
core   0: 3 0x80000b6c (0x02030b33) x22 0x00000000
core   0: 0x80000b70 (0xfc2908b7) lui     a7, 0xfc290
core   0: 3 0x80000b70 (0xfc2908b7) x17 0xfc290000
core   0: 0x80000b74 (0x41f657b3) sra     a5, a2, t6
core   0: 3 0x80000b74 (0x41f657b3) x15 0x00000000
core   0: 0x80000b78 (0x03738bb3) mul     s7, t2, s7
core   0: 3 0x80000b78 (0x03738bb3) x23 0xa06b2000
core   0: 0x80000b7c (0x03ff94b3) mulh    s1, t6, t6
core   0: 3 0x80000b7c (0x03ff94b3) x 9 0x00232799
core   0: 0x80000b80 (0x563ba913) slti    s2, s7, 1379
core   0: 3 0x80000b80 (0x563ba913) x18 0x00000001
core   0: 0x80000b84 (0xaeb30697) auipc   a3, 0xaeb30
core   0: 3 0x80000b84 (0xaeb30697) x13 0x2eb30b84
core   0: 0x80000b88 (0x41ea5013) srai    zero, s4, 30
core   0: 3 0x80000b88 (0x41ea5013)
core   0: 0x80000b8c (0x01ab16b3) sll     a3, s6, s10
core   0: 3 0x80000b8c (0x01ab16b3) x13 0x00000000
core   0: 0x80000b90 (0x02d79c33) mulh    s8, a5, a3
core   0: 3 0x80000b90 (0x02d79c33) x24 0x00000000
core   0: 0x80000b94 (0x90b54013) xori    zero, a0, -1781
core   0: 3 0x80000b94 (0x90b54013)
core   0: 0x80000b98 (0x01cbad33) slt     s10, s7, t3
core   0: 3 0x80000b98 (0x01cbad33) x26 0x00000000
core   0: 0x80000b9c (0x00d271b3) and     gp, tp, a3
core   0: 3 0x80000b9c (0x00d271b3) x 3 0x00000000
core   0: 0x80000ba0 (0xe0657337) lui     t1, 0xe0657
core   0: 3 0x80000ba0 (0xe0657337) x 6 0xe0657000
core   0: 0x80000ba4 (0x0300aab3) mulhsu  s5, ra, a6
core   0: 3 0x80000ba4 (0x0300aab3) x21 0x00000000
core   0: 0x80000ba8 (0x80b7e213) ori     tp, a5, -2037
core   0: 3 0x80000ba8 (0x80b7e213) x 4 0xfffff80b
core   0: 0x80000bac (0x00d95213) srli    tp, s2, 13
core   0: 3 0x80000bac (0x00d95213) x 4 0x00000000
core   0: 0x80000bb0 (0x03efdeb3) divu    t4, t6, t5
core   0: 3 0x80000bb0 (0x03efdeb3) x29 0x05eddc09
core   0: 0x80000bb4 (0x09943d13) sltiu   s10, s0, 153
core   0: 3 0x80000bb4 (0x09943d13) x26 0x00000001
core   0: 0x80000bb8 (0x00000013) nop
core   0: 3 0x80000bb8 (0x00000013)
core   0: 0x80000bbc (0x01a086b3) add     a3, ra, s10
core   0: 3 0x80000bbc (0x01a086b3) x13 0x0ee96401
core   0: 0x80000bc0 (0x036b15b3) mulh    a1, s6, s6
core   0: 3 0x80000bc0 (0x036b15b3) x11 0x00000000
core   0: 0x80000bc4 (0x0aaeb593) sltiu   a1, t4, 170
core   0: 3 0x80000bc4 (0x0aaeb593) x11 0x00000000
core   0: 0x80000bc8 (0x01039413) slli    s0, t2, 16
core   0: 3 0x80000bc8 (0x01039413) x 8 0x20000000
core   0: 0x80000bcc (0x40c5d8b3) sra     a7, a1, a2
core   0: 3 0x80000bcc (0x40c5d8b3) x17 0x00000000
core   0: 0x80000bd0 (0x015c9d33) sll     s10, s9, s5
core   0: 3 0x80000bd0 (0x015c9d33) x26 0x1dd3e800
core   0: 0x80000bd4 (0x020b6b33) rem     s6, s6, zero
core   0: 3 0x80000bd4 (0x020b6b33) x22 0x00000000
core   0: 0x80000bd8 (0x00b91f33) sll     t5, s2, a1
core   0: 3 0x80000bd8 (0x00b91f33) x30 0x00000001
core   0: 0x80000bdc (0x4095db93) srai    s7, a1, 9
core   0: 3 0x80000bdc (0x4095db93) x23 0x00000000
core   0: 0x80000be0 (0x40d45313) srai    t1, s0, 13
core   0: 3 0x80000be0 (0x40d45313) x 6 0x00010000
core   0: 0x80000be4 (0x0287fcb3) remu    s9, a5, s0
core   0: 3 0x80000be4 (0x0287fcb3) x25 0x00000000
core   0: 0x80000be8 (0x02d92cb3) mulhsu  s9, s2, a3
core   0: 3 0x80000be8 (0x02d92cb3) x25 0x00000000
core   0: 0x80000bec (0x40f05d93) srai    s11, zero, 15
core   0: 3 0x80000bec (0x40f05d93) x27 0x00000000
core   0: 0x80000bf0 (0x22a20d13) addi    s10, tp, 554
core   0: 3 0x80000bf0 (0x22a20d13) x26 0x0000022a
core   0: 0x80000bf4 (0x02a8f833) remu    a6, a7, a0
core   0: 3 0x80000bf4 (0x02a8f833) x16 0x00000000
core   0: 0x80000bf8 (0x03650c33) mul     s8, a0, s6
core   0: 3 0x80000bf8 (0x03650c33) x24 0x00000000
core   0: 0x80000bfc (0x99e2ee93) ori     t4, t0, -1634
core   0: 3 0x80000bfc (0x99e2ee93) x29 0xfffffffe
core   0: 0x80000c00 (0x00719b33) sll     s6, gp, t2
core   0: 3 0x80000c00 (0x00719b33) x22 0x00000000
core   0: 0x80000c04 (0x02f0c4b3) div     s1, ra, a5
core   0: 3 0x80000c04 (0x02f0c4b3) x 9 0xffffffff
core   0: 0x80000c08 (0x12d87993) andi    s3, a6, 301
core   0: 3 0x80000c08 (0x12d87993) x19 0x00000000
core   0: 0x80000c0c (0xdfb5c913) xori    s2, a1, -517
core   0: 3 0x80000c0c (0xdfb5c913) x18 0xfffffdfb
core   0: 0x80000c10 (0x02c3c633) div     a2, t2, a2
core   0: 3 0x80000c10 (0x02c3c633) x12 0xa06b2000
core   0: 0x80000c14 (0xfbeb7d93) andi    s11, s6, -66
core   0: 3 0x80000c14 (0xfbeb7d93) x27 0x00000000
core   0: 0x80000c18 (0x4f27e737) lui     a4, 0x4f27e
core   0: 3 0x80000c18 (0x4f27e737) x14 0x4f27e000
core   0: 0x80000c1c (0x024d8d33) mul     s10, s11, tp
core   0: 3 0x80000c1c (0x024d8d33) x26 0x00000000
core   0: 0x80000c20 (0xf61c4013) xori    zero, s8, -159
core   0: 3 0x80000c20 (0xf61c4013)
core   0: 0x80000c24 (0x012e9413) slli    s0, t4, 18
core   0: 3 0x80000c24 (0x012e9413) x 8 0xfff80000
core   0: 0x80000c28 (0x015de7b3) or      a5, s11, s5
core   0: 3 0x80000c28 (0x015de7b3) x15 0x00000000
core   0: 0x80000c2c (0x02431d33) mulh    s10, t1, tp
core   0: 3 0x80000c2c (0x02431d33) x26 0x00000000
core   0: 0x80000c30 (0x4a4af913) andi    s2, s5, 1188
core   0: 3 0x80000c30 (0x4a4af913) x18 0x00000000
core   0: 0x80000c34 (0xd2793993) sltiu   s3, s2, -729
core   0: 3 0x80000c34 (0xd2793993) x19 0x00000001
core   0: 0x80000c38 (0xfc324f93) xori    t6, tp, -61
core   0: 3 0x80000c38 (0xfc324f93) x31 0xffffffc3
core   0: 0x80000c3c (0x015feab3) or      s5, t6, s5
core   0: 3 0x80000c3c (0x015feab3) x21 0xffffffc3
core   0: 0x80000c40 (0x0124d493) srli    s1, s1, 18
core   0: 3 0x80000c40 (0x0124d493) x 9 0x00003fff
core   0: 0x80000c44 (0x01670d33) add     s10, a4, s6
core   0: 3 0x80000c44 (0x01670d33) x26 0x4f27e000
core   0: 0x80000c48 (0x00c904b3) add     s1, s2, a2
core   0: 3 0x80000c48 (0x00c904b3) x 9 0xa06b2000
core   0: 0x80000c4c (0xfb5e6b93) ori     s7, t3, -75
core   0: 3 0x80000c4c (0xfb5e6b93) x23 0xfffffff5
core   0: 0x80000c50 (0x01f137b3) sltu    a5, sp, t6
core   0: 3 0x80000c50 (0x01f137b3) x15 0x00000001
core   0: 0x80000c54 (0x03a2c3b3) div     t2, t0, s10
core   0: 3 0x80000c54 (0x03a2c3b3) x 7 0xffffffff
core   0: 0x80000c58 (0x01d51593) slli    a1, a0, 29
core   0: 3 0x80000c58 (0x01d51593) x11 0x00000000
core   0: 0x80000c5c (0x0187f5b3) and     a1, a5, s8
core   0: 3 0x80000c5c (0x0187f5b3) x11 0x00000000
core   0: 0x80000c60 (0x6d968893) addi    a7, a3, 1753
core   0: 3 0x80000c60 (0x6d968893) x17 0x0ee96ada
core   0: 0x80000c64 (0x0394b433) mulhu   s0, s1, s9
core   0: 3 0x80000c64 (0x0394b433) x 8 0x00000000
core   0: 0x80000c68 (0x00442333) slt     t1, s0, tp
core   0: 3 0x80000c68 (0x00442333) x 6 0x00000000
core   0: 0x80000c6c (0x01ffdb13) srli    s6, t6, 31
core   0: 3 0x80000c6c (0x01ffdb13) x22 0x00000001
core   0: 0x80000c70 (0x41890f33) sub     t5, s2, s8
core   0: 3 0x80000c70 (0x41890f33) x30 0x00000000
core   0: 0x80000c74 (0x024aeeb3) rem     t4, s5, tp
core   0: 3 0x80000c74 (0x024aeeb3) x29 0xffffffc3
core   0: 0x80000c78 (0x02f26733) rem     a4, tp, a5
core   0: 3 0x80000c78 (0x02f26733) x14 0x00000000
core   0: 0x80000c7c (0x00e193b3) sll     t2, gp, a4
core   0: 3 0x80000c7c (0x00e193b3) x 7 0x00000000
core   0: 0x80000c80 (0x03b01733) mulh    a4, zero, s11
core   0: 3 0x80000c80 (0x03b01733) x14 0x00000000
core   0: 0x80000c84 (0x031f6333) rem     t1, t5, a7
core   0: 3 0x80000c84 (0x031f6333) x 6 0x00000000
core   0: 0x80000c88 (0x1f3acd93) xori    s11, s5, 499
core   0: 3 0x80000c88 (0x1f3acd93) x27 0xfffffe30
core   0: 0x80000c8c (0x0027b433) sltu    s0, a5, sp
core   0: 3 0x80000c8c (0x0027b433) x 8 0x00000001
core   0: 0x80000c90 (0x02fd8433) mul     s0, s11, a5
core   0: 3 0x80000c90 (0x02fd8433) x 8 0xfffffe30
core   0: 0x80000c94 (0x01da1893) slli    a7, s4, 29
core   0: 3 0x80000c94 (0x01da1893) x17 0x00000000
core   0: 0x80000c98 (0x02d326b3) mulhsu  a3, t1, a3
core   0: 3 0x80000c98 (0x02d326b3) x13 0x00000000
core   0: 0x80000c9c (0x0094a833) slt     a6, s1, s1
core   0: 3 0x80000c9c (0x0094a833) x16 0x00000000
core   0: 0x80000ca0 (0x011b0b33) add     s6, s6, a7
core   0: 3 0x80000ca0 (0x011b0b33) x22 0x00000001
core   0: 0x80000ca4 (0x0028e4b3) or      s1, a7, sp
core   0: 3 0x80000ca4 (0x0028e4b3) x 9 0x00000008
core   0: 0x80000ca8 (0x40d05813) srai    a6, zero, 13
core   0: 3 0x80000ca8 (0x40d05813) x16 0x00000000
core   0: 0x80000cac (0x70558893) addi    a7, a1, 1797
core   0: 3 0x80000cac (0x70558893) x17 0x00000705
core   0: 0x80000cb0 (0x7f6c7413) andi    s0, s8, 2038
core   0: 3 0x80000cb0 (0x7f6c7413) x 8 0x00000000
core   0: 0x80000cb4 (0x41295c93) srai    s9, s2, 18
core   0: 3 0x80000cb4 (0x41295c93) x25 0x00000000
core   0: 0x80000cb8 (0x017ceab3) or      s5, s9, s7
core   0: 3 0x80000cb8 (0x017ceab3) x21 0xfffffff5
core   0: 0x80000cbc (0x0186f0b3) and     ra, a3, s8
core   0: 3 0x80000cbc (0x0186f0b3) x 1 0x00000000
core   0: 0x80000cc0 (0x03a83033) mulhu   zero, a6, s10
core   0: 3 0x80000cc0 (0x03a83033)
core   0: 0x80000cc4 (0x408f5a13) srai    s4, t5, 8
core   0: 3 0x80000cc4 (0x408f5a13) x20 0x00000000
core   0: 0x80000cc8 (0x01045a13) srli    s4, s0, 16
core   0: 3 0x80000cc8 (0x01045a13) x20 0x00000000
core   0: 0x80000ccc (0x40430433) sub     s0, t1, tp
core   0: 3 0x80000ccc (0x40430433) x 8 0x00000000
core   0: 0x80000cd0 (0x0107b0b3) sltu    ra, a5, a6
core   0: 3 0x80000cd0 (0x0107b0b3) x 1 0x00000000
core   0: 0x80000cd4 (0x00000013) nop
core   0: 3 0x80000cd4 (0x00000013)
core   0: 0x80000cd8 (0x01c9d933) srl     s2, s3, t3
core   0: 3 0x80000cd8 (0x01c9d933) x18 0x00000000
core   0: 0x80000cdc (0x01b7b933) sltu    s2, a5, s11
core   0: 3 0x80000cdc (0x01b7b933) x18 0x00000001
core   0: 0x80000ce0 (0x01fb8db3) add     s11, s7, t6
core   0: 3 0x80000ce0 (0x01fb8db3) x27 0xffffffb8
core   0: 0x80000ce4 (0x026a40b3) div     ra, s4, t1
core   0: 3 0x80000ce4 (0x026a40b3) x 1 0xffffffff
core   0: 0x80000ce8 (0xfb20af13) slti    t5, ra, -78
core   0: 3 0x80000ce8 (0xfb20af13) x30 0x00000000
core   0: 0x80000cec (0x03f1b433) mulhu   s0, gp, t6
core   0: 3 0x80000cec (0x03f1b433) x 8 0x00000000
core   0: 0x80000cf0 (0x01f7f733) and     a4, a5, t6
core   0: 3 0x80000cf0 (0x01f7f733) x14 0x00000001
core   0: 0x80000cf4 (0x01a62933) slt     s2, a2, s10
core   0: 3 0x80000cf4 (0x01a62933) x18 0x00000001
core   0: 0x80000cf8 (0x3a7a8993) addi    s3, s5, 935
core   0: 3 0x80000cf8 (0x3a7a8993) x19 0x0000039c
core   0: 0x80000cfc (0x00b34db3) xor     s11, t1, a1
core   0: 3 0x80000cfc (0x00b34db3) x27 0x00000000
core   0: 0x80000d00 (0x039ce0b3) rem     ra, s9, s9
core   0: 3 0x80000d00 (0x039ce0b3) x 1 0x00000000
core   0: 0x80000d04 (0xf57dab93) slti    s7, s11, -169
core   0: 3 0x80000d04 (0xf57dab93) x23 0x00000000
core   0: 0x80000d08 (0x003506b3) add     a3, a0, gp
core   0: 3 0x80000d08 (0x003506b3) x13 0x00000000
core   0: 0x80000d0c (0x0271a033) mulhsu  zero, gp, t2
core   0: 3 0x80000d0c (0x0271a033)
core   0: 0x80000d10 (0x02587233) remu    tp, a6, t0
core   0: 3 0x80000d10 (0x02587233) x 4 0x00000000
core   0: 0x80000d14 (0x00000013) nop
core   0: 3 0x80000d14 (0x00000013)
core   0: 0x80000d18 (0x276db013) sltiu   zero, s11, 630
core   0: 3 0x80000d18 (0x276db013)
core   0: 0x80000d1c (0xf4d98c93) addi    s9, s3, -179
core   0: 3 0x80000d1c (0xf4d98c93) x25 0x000002e9
core   0: 0x80000d20 (0x01691993) slli    s3, s2, 22
core   0: 3 0x80000d20 (0x01691993) x19 0x00400000
core   0: 0x80000d24 (0x41e8dd13) srai    s10, a7, 30
core   0: 3 0x80000d24 (0x41e8dd13) x26 0x00000000
core   0: 0x80000d28 (0x8699a393) slti    t2, s3, -1943
core   0: 3 0x80000d28 (0x8699a393) x 7 0x00000000
core   0: 0x80000d2c (0x01260333) add     t1, a2, s2
core   0: 3 0x80000d2c (0x01260333) x 6 0xa06b2001
core   0: 0x80000d30 (0x00b1cb33) xor     s6, gp, a1
core   0: 3 0x80000d30 (0x00b1cb33) x22 0x00000000
core   0: 0x80000d34 (0x00781e93) slli    t4, a6, 7
core   0: 3 0x80000d34 (0x00781e93) x29 0x00000000
core   0: 0x80000d38 (0x985ae093) ori     ra, s5, -1659
core   0: 3 0x80000d38 (0x985ae093) x 1 0xfffffff5
core   0: 0x80000d3c (0x41d08533) sub     a0, ra, t4
core   0: 3 0x80000d3c (0x41d08533) x10 0xfffffff5
core   0: 0x80000d40 (0x02a8c833) div     a6, a7, a0
core   0: 3 0x80000d40 (0x02a8c833) x16 0xffffff5d
core   0: 0x80000d44 (0x0073cdb3) xor     s11, t2, t2
core   0: 3 0x80000d44 (0x0073cdb3) x27 0x00000000
core   0: 0x80000d48 (0xd28aa193) slti    gp, s5, -728
core   0: 3 0x80000d48 (0xd28aa193) x 3 0x00000000
core   0: 0x80000d4c (0xa0746713) ori     a4, s0, -1529
core   0: 3 0x80000d4c (0xa0746713) x14 0xfffffa07
core   0: 0x80000d50 (0x035499b3) mulh    s3, s1, s5
core   0: 3 0x80000d50 (0x035499b3) x19 0xffffffff
core   0: 0x80000d54 (0x014c1f93) slli    t6, s8, 20
core   0: 3 0x80000d54 (0x014c1f93) x31 0x00000000
core   0: 0x80000d58 (0xfc52f793) andi    a5, t0, -59
core   0: 3 0x80000d58 (0xfc52f793) x15 0x80014e44
core   0: 0x80000d5c (0x022020b3) mulhsu  ra, zero, sp
core   0: 3 0x80000d5c (0x022020b3) x 1 0x00000000
core   0: 0x80000d60 (0x03732833) mulhsu  a6, t1, s7
core   0: 3 0x80000d60 (0x03732833) x16 0x00000000
core   0: 0x80000d64 (0x418c80b3) sub     ra, s9, s8
core   0: 3 0x80000d64 (0x418c80b3) x 1 0x000002e9
core   0: 0x80000d68 (0x00000013) nop
core   0: 3 0x80000d68 (0x00000013)
core   0: 0x80000d6c (0x02656f33) rem     t5, a0, t1
core   0: 3 0x80000d6c (0x02656f33) x30 0xfffffff5
core   0: 0x80000d70 (0xf3307793) andi    a5, zero, -205
core   0: 3 0x80000d70 (0xf3307793) x15 0x00000000
core   0: 0x80000d74 (0x02164a33) div     s4, a2, ra
core   0: 3 0x80000d74 (0x02164a33) x20 0xffdf27e8
core   0: 0x80000d78 (0x347da593) slti    a1, s11, 839
core   0: 3 0x80000d78 (0x347da593) x11 0x00000001
core   0: 0x80000d7c (0xb0e53093) sltiu   ra, a0, -1266
core   0: 3 0x80000d7c (0xb0e53093) x 1 0x00000000
core   0: 0x80000d80 (0x00000013) nop
core   0: 3 0x80000d80 (0x00000013)
core   0: 0x80000d84 (0xbfe386b7) lui     a3, 0xbfe38
core   0: 3 0x80000d84 (0xbfe386b7) x13 0xbfe38000
core   0: 0x80000d88 (0x03be3533) mulhu   a0, t3, s11
core   0: 3 0x80000d88 (0x03be3533) x10 0x00000000
core   0: 0x80000d8c (0x00429bb3) sll     s7, t0, tp
core   0: 3 0x80000d8c (0x00429bb3) x23 0x80014e64
core   0: 0x80000d90 (0x0399e433) rem     s0, s3, s9
core   0: 3 0x80000d90 (0x0399e433) x 8 0xffffffff
core   0: 0x80000d94 (0x02d795b3) mulh    a1, a5, a3
core   0: 3 0x80000d94 (0x02d795b3) x11 0x00000000
core   0: 0x80000d98 (0xa1f40617) auipc   a2, 0xa1f40
core   0: 3 0x80000d98 (0xa1f40617) x12 0x21f40d98
core   0: 0x80000d9c (0x01ffc733) xor     a4, t6, t6
core   0: 3 0x80000d9c (0x01ffc733) x14 0x00000000
core   0: 0x80000da0 (0x00dd4eb3) xor     t4, s10, a3
core   0: 3 0x80000da0 (0x00dd4eb3) x29 0xbfe38000
core   0: 0x80000da4 (0x00c0dcb3) srl     s9, ra, a2
core   0: 3 0x80000da4 (0x00c0dcb3) x25 0x00000000
core   0: 0x80000da8 (0x000ebd33) sltu    s10, t4, zero
core   0: 3 0x80000da8 (0x000ebd33) x26 0x00000000
core   0: 0x80000dac (0x3fcb3613) sltiu   a2, s6, 1020
core   0: 3 0x80000dac (0x3fcb3613) x12 0x00000001
core   0: 0x80000db0 (0xcad0a093) slti    ra, ra, -851
core   0: 3 0x80000db0 (0xcad0a093) x 1 0x00000000
core   0: 0x80000db4 (0x00429793) slli    a5, t0, 4
core   0: 3 0x80000db4 (0x00429793) x15 0x0014e640
core   0: 0x80000db8 (0x417b0433) sub     s0, s6, s7
core   0: 3 0x80000db8 (0x417b0433) x 8 0x7ffeb19c
core   0: 0x80000dbc (0x03a46433) rem     s0, s0, s10
core   0: 3 0x80000dbc (0x03a46433) x 8 0x7ffeb19c
core   0: 0x80000dc0 (0x682c4613) xori    a2, s8, 1666
core   0: 3 0x80000dc0 (0x682c4613) x12 0x00000682
core   0: 0x80000dc4 (0x027b9ab3) mulh    s5, s7, t2
core   0: 3 0x80000dc4 (0x027b9ab3) x21 0x00000000
core   0: 0x80000dc8 (0x03b4f433) remu    s0, s1, s11
core   0: 3 0x80000dc8 (0x03b4f433) x 8 0x00000008
core   0: 0x80000dcc (0x01bd5cb3) srl     s9, s10, s11
core   0: 3 0x80000dcc (0x01bd5cb3) x25 0x00000000
core   0: 0x80000dd0 (0x00892333) slt     t1, s2, s0
core   0: 3 0x80000dd0 (0x00892333) x 6 0x00000001
core   0: 0x80000dd4 (0x02b0d3b3) divu    t2, ra, a1
core   0: 3 0x80000dd4 (0x02b0d3b3) x 7 0xffffffff
core   0: 0x80000dd8 (0x014cdbb3) srl     s7, s9, s4
core   0: 3 0x80000dd8 (0x014cdbb3) x23 0x00000000
core   0: 0x80000ddc (0x02a8ddb3) divu    s11, a7, a0
core   0: 3 0x80000ddc (0x02a8ddb3) x27 0xffffffff
core   0: 0x80000de0 (0x41ba0db3) sub     s11, s4, s11
core   0: 3 0x80000de0 (0x41ba0db3) x27 0xffdf27e9
core   0: 0x80000de4 (0x03413733) mulhu   a4, sp, s4
core   0: 3 0x80000de4 (0x03413733) x14 0x00000007
core   0: 0x80000de8 (0x013b1a33) sll     s4, s6, s3
core   0: 3 0x80000de8 (0x013b1a33) x20 0x00000000
core   0: 0x80000dec (0x00f69d93) slli    s11, a3, 15
core   0: 3 0x80000dec (0x00f69d93) x27 0xc0000000
core   0: 0x80000df0 (0xb4816c93) ori     s9, sp, -1208
core   0: 3 0x80000df0 (0xb4816c93) x25 0xfffffb48
core   0: 0x80000df4 (0xdb47f513) andi    a0, a5, -588
core   0: 3 0x80000df4 (0xdb47f513) x10 0x0014e400
core   0: 0x80000df8 (0x00739093) slli    ra, t2, 7
core   0: 3 0x80000df8 (0x00739093) x 1 0xffffff80
core   0: 0x80000dfc (0x000a1f93) slli    t6, s4, 0
core   0: 3 0x80000dfc (0x000a1f93) x31 0x00000000
core   0: 0x80000e00 (0x0205bd33) mulhu   s10, a1, zero
core   0: 3 0x80000e00 (0x0205bd33) x26 0x00000000
core   0: 0x80000e04 (0x032588b3) mul     a7, a1, s2
core   0: 3 0x80000e04 (0x032588b3) x17 0x00000000
core   0: 0x80000e08 (0x41785913) srai    s2, a6, 23
core   0: 3 0x80000e08 (0x41785913) x18 0x00000000
core   0: 0x80000e0c (0x008fab33) slt     s6, t6, s0
core   0: 3 0x80000e0c (0x008fab33) x22 0x00000001
core   0: 0x80000e10 (0x007d13b3) sll     t2, s10, t2
core   0: 3 0x80000e10 (0x007d13b3) x 7 0x00000000
core   0: 0x80000e14 (0xeb815537) lui     a0, 0xeb815
core   0: 3 0x80000e14 (0xeb815537) x10 0xeb815000
core   0: 0x80000e18 (0x01f0db93) srli    s7, ra, 31
core   0: 3 0x80000e18 (0x01f0db93) x23 0x00000001
core   0: 0x80000e1c (0x3af83c93) sltiu   s9, a6, 943
core   0: 3 0x80000e1c (0x3af83c93) x25 0x00000001
core   0: 0x80000e20 (0x00b08ab3) add     s5, ra, a1
core   0: 3 0x80000e20 (0x00b08ab3) x21 0xffffff80
core   0: 0x80000e24 (0x00000013) nop
core   0: 3 0x80000e24 (0x00000013)
core   0: 0x80000e28 (0x7b2a2b93) slti    s7, s4, 1970
core   0: 3 0x80000e28 (0x7b2a2b93) x23 0x00000001
core   0: 0x80000e2c (0x9f2e6f93) ori     t6, t3, -1550
core   0: 3 0x80000e2c (0x9f2e6f93) x31 0xfffffdf6
core   0: 0x80000e30 (0x5646ec13) ori     s8, a3, 1380
core   0: 3 0x80000e30 (0x5646ec13) x24 0xbfe38564
core   0: 0x80000e34 (0x014c36b3) sltu    a3, s8, s4
core   0: 3 0x80000e34 (0x014c36b3) x13 0x00000000
core   0: 0x80000e38 (0x007b0fb3) add     t6, s6, t2
core   0: 3 0x80000e38 (0x007b0fb3) x31 0x00000001
core   0: 0x80000e3c (0x4105d033) sra     zero, a1, a6
core   0: 3 0x80000e3c (0x4105d033)
core   0: 0x80000e40 (0x018371b3) and     gp, t1, s8
core   0: 3 0x80000e40 (0x018371b3) x 3 0x00000000
core   0: 0x80000e44 (0x0184d213) srli    tp, s1, 24
core   0: 3 0x80000e44 (0x0184d213) x 4 0x00000000
core   0: 0x80000e48 (0x014fd393) srli    t2, t6, 20
core   0: 3 0x80000e48 (0x014fd393) x 7 0x00000000
core   0: 0x80000e4c (0x40795413) srai    s0, s2, 7
core   0: 3 0x80000e4c (0x40795413) x 8 0x00000000
core   0: 0x80000e50 (0x07184797) auipc   a5, 0x7184
core   0: 3 0x80000e50 (0x07184797) x15 0x87184e50
core   0: 0x80000e54 (0x02add333) divu    t1, s11, a0
core   0: 3 0x80000e54 (0x02add333) x 6 0x00000000
core   0: 0x80000e58 (0x5ab06813) ori     a6, zero, 1451
core   0: 3 0x80000e58 (0x5ab06813) x16 0x000005ab
core   0: 0x80000e5c (0x025f7ab3) remu    s5, t5, t0
core   0: 3 0x80000e5c (0x025f7ab3) x21 0x7ffeb191
core   0: 0x80000e60 (0x00a45b13) srli    s6, s0, 10
core   0: 3 0x80000e60 (0x00a45b13) x22 0x00000000
core   0: 0x80000e64 (0x018310b3) sll     ra, t1, s8
core   0: 3 0x80000e64 (0x018310b3) x 1 0x00000000
core   0: 0x80000e68 (0x0244cfb3) div     t6, s1, tp
core   0: 3 0x80000e68 (0x0244cfb3) x31 0xffffffff
core   0: 0x80000e6c (0xbc30ff13) andi    t5, ra, -1085
core   0: 3 0x80000e6c (0xbc30ff13) x30 0x00000000
core   0: 0x80000e70 (0x039a8f33) mul     t5, s5, s9
core   0: 3 0x80000e70 (0x039a8f33) x30 0x7ffeb191
core   0: 0x80000e74 (0x03e5aeb3) mulhsu  t4, a1, t5
core   0: 3 0x80000e74 (0x03e5aeb3) x29 0x00000000
core   0: 0x80000e78 (0x01b1ebb3) or      s7, gp, s11
core   0: 3 0x80000e78 (0x01b1ebb3) x23 0xc0000000
core   0: 0x80000e7c (0x4075d793) srai    a5, a1, 7
core   0: 3 0x80000e7c (0x4075d793) x15 0x00000000
core   0: 0x80000e80 (0x0872a793) slti    a5, t0, 135
core   0: 3 0x80000e80 (0x0872a793) x15 0x00000001
core   0: 0x80000e84 (0x017e9e93) slli    t4, t4, 23
core   0: 3 0x80000e84 (0x017e9e93) x29 0x00000000
core   0: 0x80000e88 (0x0096ba33) sltu    s4, a3, s1
core   0: 3 0x80000e88 (0x0096ba33) x20 0x00000001
core   0: 0x80000e8c (0x00199fb3) sll     t6, s3, ra
core   0: 3 0x80000e8c (0x00199fb3) x31 0xffffffff
core   0: 0x80000e90 (0x0114d413) srli    s0, s1, 17
core   0: 3 0x80000e90 (0x0114d413) x 8 0x00000000
core   0: 0x80000e94 (0x5786c513) xori    a0, a3, 1400
core   0: 3 0x80000e94 (0x5786c513) x10 0x00000578
core   0: 0x80000e98 (0x013706b3) add     a3, a4, s3
core   0: 3 0x80000e98 (0x013706b3) x13 0x00000006
core   0: 0x80000e9c (0xfc342593) slti    a1, s0, -61
core   0: 3 0x80000e9c (0xfc342593) x11 0x00000000
core   0: 0x80000ea0 (0x00842533) slt     a0, s0, s0
core   0: 3 0x80000ea0 (0x00842533) x10 0x00000000
core   0: 0x80000ea4 (0x976cab93) slti    s7, s9, -1674
core   0: 3 0x80000ea4 (0x976cab93) x23 0x00000000
core   0: 0x80000ea8 (0x01184cb3) xor     s9, a6, a7
core   0: 3 0x80000ea8 (0x01184cb3) x25 0x000005ab
core   0: 0x80000eac (0x026f28b3) mulhsu  a7, t5, t1
core   0: 3 0x80000eac (0x026f28b3) x17 0x00000000
core   0: 0x80000eb0 (0x01e417b3) sll     a5, s0, t5
core   0: 3 0x80000eb0 (0x01e417b3) x15 0x00000000
core   0: 0x80000eb4 (0xab423813) sltiu   a6, tp, -1356
core   0: 3 0x80000eb4 (0xab423813) x16 0x00000001
core   0: 0x80000eb8 (0x00000013) nop
core   0: 3 0x80000eb8 (0x00000013)
core   0: 0x80000ebc (0x00974733) xor     a4, a4, s1
core   0: 3 0x80000ebc (0x00974733) x14 0x0000000f
core   0: 0x80000ec0 (0x29561f37) lui     t5, 0x29561
core   0: 3 0x80000ec0 (0x29561f37) x30 0x29561000
core   0: 0x80000ec4 (0x01389a93) slli    s5, a7, 19
core   0: 3 0x80000ec4 (0x01389a93) x21 0x00000000
core   0: 0x80000ec8 (0xb5560817) auipc   a6, 0xb5560
core   0: 3 0x80000ec8 (0xb5560817) x16 0x35560ec8
core   0: 0x80000ecc (0xbfac0793) addi    a5, s8, -1030
core   0: 3 0x80000ecc (0xbfac0793) x15 0xbfe3815e
core   0: 0x80000ed0 (0xe5d92813) slti    a6, s2, -419
core   0: 3 0x80000ed0 (0xe5d92813) x16 0x00000000
core   0: 0x80000ed4 (0x41520d33) sub     s10, tp, s5
core   0: 3 0x80000ed4 (0x41520d33) x26 0x00000000
core   0: 0x80000ed8 (0x02c62033) mulhsu  zero, a2, a2
core   0: 3 0x80000ed8 (0x02c62033)
core   0: 0x80000edc (0x2dd9fb93) andi    s7, s3, 733
core   0: 3 0x80000edc (0x2dd9fb93) x23 0x000002dd
core   0: 0x80000ee0 (0x01c9bc33) sltu    s8, s3, t3
core   0: 3 0x80000ee0 (0x01c9bc33) x24 0x00000000
core   0: 0x80000ee4 (0x017ea633) slt     a2, t4, s7
core   0: 3 0x80000ee4 (0x017ea633) x12 0x00000001
core   0: 0x80000ee8 (0x00cdb6b3) sltu    a3, s11, a2
core   0: 3 0x80000ee8 (0x00cdb6b3) x13 0x00000000
core   0: 0x80000eec (0x6001aa13) slti    s4, gp, 1536
core   0: 3 0x80000eec (0x6001aa13) x20 0x00000001
core   0: 0x80000ef0 (0x004c9a13) slli    s4, s9, 4
core   0: 3 0x80000ef0 (0x004c9a13) x20 0x00005ab0
core   0: 0x80000ef4 (0x415e8333) sub     t1, t4, s5
core   0: 3 0x80000ef4 (0x415e8333) x 6 0x00000000
core   0: 0x80000ef8 (0x417b8a33) sub     s4, s7, s7
core   0: 3 0x80000ef8 (0x417b8a33) x20 0x00000000
core   0: 0x80000efc (0x021ffd33) remu    s10, t6, ra
core   0: 3 0x80000efc (0x021ffd33) x26 0xffffffff
core   0: 0x80000f00 (0x86bdd317) auipc   t1, 0x86bdd
core   0: 3 0x80000f00 (0x86bdd317) x 6 0x06bddf00
core   0: 0x80000f04 (0x00000013) nop
core   0: 3 0x80000f04 (0x00000013)
core   0: 0x80000f08 (0x02c15f33) divu    t5, sp, a2
core   0: 3 0x80000f08 (0x02c15f33) x30 0x00000008
core   0: 0x80000f0c (0x01030233) add     tp, t1, a6
core   0: 3 0x80000f0c (0x01030233) x 4 0x06bddf00
core   0: 0x80000f10 (0x013956b3) srl     a3, s2, s3
core   0: 3 0x80000f10 (0x013956b3) x13 0x00000000
core   0: 0x80000f14 (0x23863693) sltiu   a3, a2, 568
core   0: 3 0x80000f14 (0x23863693) x13 0x00000001
core   0: 0x80000f18 (0x01245513) srli    a0, s0, 18
core   0: 3 0x80000f18 (0x01245513) x10 0x00000000
core   0: 0x80000f1c (0x40a30ab3) sub     s5, t1, a0
core   0: 3 0x80000f1c (0x40a30ab3) x21 0x06bddf00
core   0: 0x80000f20 (0x00d42733) slt     a4, s0, a3
core   0: 3 0x80000f20 (0x00d42733) x14 0x00000001
core   0: 0x80000f24 (0x4078d633) sra     a2, a7, t2
core   0: 3 0x80000f24 (0x4078d633) x12 0x00000000
core   0: 0x80000f28 (0x03c649b3) div     s3, a2, t3
core   0: 3 0x80000f28 (0x03c649b3) x19 0x00000000
core   0: 0x80000f2c (0x99166d93) ori     s11, a2, -1647
core   0: 3 0x80000f2c (0x99166d93) x27 0xfffff991
core   0: 0x80000f30 (0x40c55593) srai    a1, a0, 12
core   0: 3 0x80000f30 (0x40c55593) x11 0x00000000
core   0: 0x80000f34 (0x3538fa93) andi    s5, a7, 851
core   0: 3 0x80000f34 (0x3538fa93) x21 0x00000000
core   0: 0x80000f38 (0x24922093) slti    ra, tp, 585
core   0: 3 0x80000f38 (0x24922093) x 1 0x00000000
core   0: 0x80000f3c (0xe5f2c437) lui     s0, 0xe5f2c
core   0: 3 0x80000f3c (0xe5f2c437) x 8 0xe5f2c000
core   0: 0x80000f40 (0xbd0e6617) auipc   a2, 0xbd0e6
core   0: 3 0x80000f40 (0xbd0e6617) x12 0x3d0e6f40
core   0: 0x80000f44 (0x03426533) rem     a0, tp, s4
core   0: 3 0x80000f44 (0x03426533) x10 0x06bddf00
core   0: 0x80000f48 (0x00ebd313) srli    t1, s7, 14
core   0: 3 0x80000f48 (0x00ebd313) x 6 0x00000000
core   0: 0x80000f4c (0x03a3bbb3) mulhu   s7, t2, s10
core   0: 3 0x80000f4c (0x03a3bbb3) x23 0x00000000
core   0: 0x80000f50 (0x0194e533) or      a0, s1, s9
core   0: 3 0x80000f50 (0x0194e533) x10 0x000005ab
core   0: 0x80000f54 (0x01353433) sltu    s0, a0, s3
core   0: 3 0x80000f54 (0x01353433) x 8 0x00000000
core   0: 0x80000f58 (0x03a70833) mul     a6, a4, s10
core   0: 3 0x80000f58 (0x03a70833) x16 0xffffffff
core   0: 0x80000f5c (0x02fdf0b3) remu    ra, s11, a5
core   0: 3 0x80000f5c (0x02fdf0b3) x 1 0x401c7833
core   0: 0x80000f60 (0x02e67533) remu    a0, a2, a4
core   0: 3 0x80000f60 (0x02e67533) x10 0x00000000
core   0: 0x80000f64 (0x000010b3) sll     ra, zero, zero
core   0: 3 0x80000f64 (0x000010b3) x 1 0x00000000
core   0: 0x80000f68 (0x2069b993) sltiu   s3, s3, 518
core   0: 3 0x80000f68 (0x2069b993) x19 0x00000001
core   0: 0x80000f6c (0x03635ab3) divu    s5, t1, s6
core   0: 3 0x80000f6c (0x03635ab3) x21 0xffffffff
core   0: 0x80000f70 (0x411f5333) sra     t1, t5, a7
core   0: 3 0x80000f70 (0x411f5333) x 6 0x00000008
core   0: 0x80000f74 (0x018deeb3) or      t4, s11, s8
core   0: 3 0x80000f74 (0x018deeb3) x29 0xfffff991
core   0: 0x80000f78 (0x3093bd93) sltiu   s11, t2, 777
core   0: 3 0x80000f78 (0x3093bd93) x27 0x00000001
core   0: 0x80000f7c (0x62bda513) slti    a0, s11, 1579
core   0: 3 0x80000f7c (0x62bda513) x10 0x00000001
core   0: 0x80000f80 (0x00dbe333) or      t1, s7, a3
core   0: 3 0x80000f80 (0x00dbe333) x 6 0x00000001
core   0: 0x80000f84 (0x009946b3) xor     a3, s2, s1
core   0: 3 0x80000f84 (0x009946b3) x13 0x00000008
core   0: 0x80000f88 (0xc77c0e93) addi    t4, s8, -905
core   0: 3 0x80000f88 (0xc77c0e93) x29 0xfffffc77
core   0: 0x80000f8c (0x402cd5b3) sra     a1, s9, sp
core   0: 3 0x80000f8c (0x402cd5b3) x11 0x00000005
core   0: 0x80000f90 (0xe93c6793) ori     a5, s8, -365
core   0: 3 0x80000f90 (0xe93c6793) x15 0xfffffe93
core   0: 0x80000f94 (0x02907ab3) remu    s5, zero, s1
core   0: 3 0x80000f94 (0x02907ab3) x21 0x00000000
core   0: 0x80000f98 (0x41e7d533) sra     a0, a5, t5
core   0: 3 0x80000f98 (0x41e7d533) x10 0xfffffffe
core   0: 0x80000f9c (0x00c82433) slt     s0, a6, a2
core   0: 3 0x80000f9c (0x00c82433) x 8 0x00000001
core   0: 0x80000fa0 (0x9a4d2837) lui     a6, 0x9a4d2
core   0: 3 0x80000fa0 (0x9a4d2837) x16 0x9a4d2000
core   0: 0x80000fa4 (0x7213ab17) auipc   s6, 0x7213a
core   0: 3 0x80000fa4 (0x7213ab17) x22 0xf213afa4
core   0: 0x80000fa8 (0x04927c13) andi    s8, tp, 73
core   0: 3 0x80000fa8 (0x04927c13) x24 0x00000000
core   0: 0x80000fac (0x006bbcb3) sltu    s9, s7, t1
core   0: 3 0x80000fac (0x006bbcb3) x25 0x00000001
core   0: 0x80000fb0 (0x02c78633) mul     a2, a5, a2
core   0: 3 0x80000fb0 (0x02c78633) x12 0xf26b61c0
core   0: 0x80000fb4 (0x98ac4913) xori    s2, s8, -1654
core   0: 3 0x80000fb4 (0x98ac4913) x18 0xfffff98a
core   0: 0x80000fb8 (0x01950333) add     t1, a0, s9
core   0: 3 0x80000fb8 (0x01950333) x 6 0xffffffff
core   0: 0x80000fbc (0x03ddd233) divu    tp, s11, t4
core   0: 3 0x80000fbc (0x03ddd233) x 4 0x00000000
core   0: 0x80000fc0 (0x002d24b3) slt     s1, s10, sp
core   0: 3 0x80000fc0 (0x002d24b3) x 9 0x00000001
core   0: 0x80000fc4 (0x0373e233) rem     tp, t2, s7
core   0: 3 0x80000fc4 (0x0373e233) x 4 0x00000000
core   0: 0x80000fc8 (0x005e6c33) or      s8, t3, t0
core   0: 3 0x80000fc8 (0x005e6c33) x24 0x8001cee4
core   0: 0x80000fcc (0x79f6f893) andi    a7, a3, 1951
core   0: 3 0x80000fcc (0x79f6f893) x17 0x00000008
core   0: 0x80000fd0 (0x00000013) nop
core   0: 3 0x80000fd0 (0x00000013)
core   0: 0x80000fd4 (0x40fadc93) srai    s9, s5, 15
core   0: 3 0x80000fd4 (0x40fadc93) x25 0x00000000
core   0: 0x80000fd8 (0x415dd733) sra     a4, s11, s5
core   0: 3 0x80000fd8 (0x415dd733) x14 0x00000001
core   0: 0x80000fdc (0x01cd8933) add     s2, s11, t3
core   0: 3 0x80000fdc (0x01cd8933) x18 0x80018ce5
core   0: 0x80000fe0 (0x017d0893) addi    a7, s10, 23
core   0: 3 0x80000fe0 (0x017d0893) x17 0x00000016
core   0: 0x80000fe4 (0x02ed20b3) mulhsu  ra, s10, a4
core   0: 3 0x80000fe4 (0x02ed20b3) x 1 0xffffffff
core   0: 0x80000fe8 (0x00d9d513) srli    a0, s3, 13
core   0: 3 0x80000fe8 (0x00d9d513) x10 0x00000000
core   0: 0x80000fec (0xa25c4713) xori    a4, s8, -1499
core   0: 3 0x80000fec (0xa25c4713) x14 0x7ffe34c1
core   0: 0x80000ff0 (0x32040193) addi    gp, s0, 800
core   0: 3 0x80000ff0 (0x32040193) x 3 0x00000321
core   0: 0x80000ff4 (0x0108d3b3) srl     t2, a7, a6
core   0: 3 0x80000ff4 (0x0108d3b3) x 7 0x00000016
core   0: 0x80000ff8 (0x0336a4b3) mulhsu  s1, a3, s3
core   0: 3 0x80000ff8 (0x0336a4b3) x 9 0x00000000
core   0: 0x80000ffc (0x0312c233) div     tp, t0, a7
core   0: 3 0x80000ffc (0x0312c233) x 4 0xfa2e9ad6
core   0: 0x80001000 (0x03388fb3) mul     t6, a7, s3
core   0: 3 0x80001000 (0x03388fb3) x31 0x00000016
core   0: 0x80001004 (0x03f30f33) mul     t5, t1, t6
core   0: 3 0x80001004 (0x03f30f33) x30 0xffffffea
core   0: 0x80001008 (0x0d59ac13) slti    s8, s3, 213
core   0: 3 0x80001008 (0x0d59ac13) x24 0x00000001
core   0: 0x8000100c (0x00d0cdb3) xor     s11, ra, a3
core   0: 3 0x8000100c (0x00d0cdb3) x27 0xfffffff7
core   0: 0x80001010 (0x02bd1533) mulh    a0, s10, a1
core   0: 3 0x80001010 (0x02bd1533) x10 0xffffffff
core   0: 0x80001014 (0x933e8213) addi    tp, t4, -1741
core   0: 3 0x80001014 (0x933e8213) x 4 0xfffff5aa
core   0: 0x80001018 (0x0242b533) mulhu   a0, t0, tp
core   0: 3 0x80001018 (0x0242b533) x10 0x80014938
core   0: 0x8000101c (0x02b21833) mulh    a6, tp, a1
core   0: 3 0x8000101c (0x02b21833) x16 0xffffffff
core   0: 0x80001020 (0xc5d1c013) xori    zero, gp, -931
core   0: 3 0x80001020 (0xc5d1c013)
core   0: 0x80001024 (0x02760cb3) mul     s9, a2, t2
core   0: 3 0x80001024 (0x02760cb3) x25 0xd53a6680
core   0: 0x80001028 (0x0052f933) and     s2, t0, t0
core   0: 3 0x80001028 (0x0052f933) x18 0x80014e64
core   0: 0x8000102c (0xcdd00513) li      a0, -803
core   0: 3 0x8000102c (0xcdd00513) x10 0xfffffcdd
core   0: 0x80001030 (0x40bd56b3) sra     a3, s10, a1
core   0: 3 0x80001030 (0x40bd56b3) x13 0xffffffff
core   0: 0x80001034 (0x011dd893) srli    a7, s11, 17
core   0: 3 0x80001034 (0x011dd893) x17 0x00007fff
core   0: 0x80001038 (0xaa653d13) sltiu   s10, a0, -1370
core   0: 3 0x80001038 (0xaa653d13) x26 0x00000000
core   0: 0x8000103c (0xab13dc97) auipc   s9, 0xab13d
core   0: 3 0x8000103c (0xab13dc97) x25 0x2b13e03c
core   0: 0x80001040 (0x03a050b3) divu    ra, zero, s10
core   0: 3 0x80001040 (0x03a050b3) x 1 0xffffffff
core   0: 0x80001044 (0x00000013) nop
core   0: 3 0x80001044 (0x00000013)
core   0: 0x80001048 (0x752d8593) addi    a1, s11, 1874
core   0: 3 0x80001048 (0x752d8593) x11 0x00000749
core   0: 0x8000104c (0x0110f933) and     s2, ra, a7
core   0: 3 0x8000104c (0x0110f933) x18 0x00007fff
core   0: 0x80001050 (0x016d4433) xor     s0, s10, s6
core   0: 3 0x80001050 (0x016d4433) x 8 0xf213afa4
core   0: 0x80001054 (0xb07b8713) addi    a4, s7, -1273
core   0: 3 0x80001054 (0xb07b8713) x14 0xfffffb07
core   0: 0x80001058 (0x0006d533) srl     a0, a3, zero
core   0: 3 0x80001058 (0x0006d533) x10 0xffffffff
core   0: 0x8000105c (0x00cbf233) and     tp, s7, a2
core   0: 3 0x8000105c (0x00cbf233) x 4 0x00000000
core   0: 0x80001060 (0x76fcf593) andi    a1, s9, 1903
core   0: 3 0x80001060 (0x76fcf593) x11 0x0000002c
core   0: 0x80001064 (0x2d379337) lui     t1, 0x2d379
core   0: 3 0x80001064 (0x2d379337) x 6 0x2d379000
core   0: 0x80001068 (0xb20b8e93) addi    t4, s7, -1248
core   0: 3 0x80001068 (0xb20b8e93) x29 0xfffffb20
core   0: 0x8000106c (0x00ebe933) or      s2, s7, a4
core   0: 3 0x8000106c (0x00ebe933) x18 0xfffffb07
core   0: 0x80001070 (0x4178ab13) slti    s6, a7, 1047
core   0: 3 0x80001070 (0x4178ab13) x22 0x00000000
core   0: 0x80001074 (0x03635c33) divu    s8, t1, s6
core   0: 3 0x80001074 (0x03635c33) x24 0xffffffff
core   0: 0x80001078 (0x01ebdbb3) srl     s7, s7, t5
core   0: 3 0x80001078 (0x01ebdbb3) x23 0x00000000
core   0: 0x8000107c (0x01781013) slli    zero, a6, 23
core   0: 3 0x8000107c (0x01781013)
core   0: 0x80001080 (0x00fa9893) slli    a7, s5, 15
core   0: 3 0x80001080 (0x00fa9893) x17 0x00000000
core   0: 0x80001084 (0x2f394013) xori    zero, s2, 755
core   0: 3 0x80001084 (0x2f394013)
core   0: 0x80001088 (0x014104b3) add     s1, sp, s4
core   0: 3 0x80001088 (0x014104b3) x 9 0x00000008
core   0: 0x8000108c (0x01340c33) add     s8, s0, s3
core   0: 3 0x8000108c (0x01340c33) x24 0xf213afa5
core   0: 0x80001090 (0x9e37ad93) slti    s11, a5, -1565
core   0: 3 0x80001090 (0x9e37ad93) x27 0x00000000
core   0: 0x80001094 (0x007846b3) xor     a3, a6, t2
core   0: 3 0x80001094 (0x007846b3) x13 0xffffffe9
core   0: 0x80001098 (0x406605b3) sub     a1, a2, t1
core   0: 3 0x80001098 (0x406605b3) x11 0xc533d1c0
core   0: 0x8000109c (0x007dc6b3) xor     a3, s11, t2
core   0: 3 0x8000109c (0x007dc6b3) x13 0x00000016
core   0: 0x800010a0 (0x412e5393) srai    t2, t3, 18
core   0: 3 0x800010a0 (0x412e5393) x 7 0xffffe000
core   0: 0x800010a4 (0x006407b3) add     a5, s0, t1
core   0: 3 0x800010a4 (0x006407b3) x15 0x1f4b3fa4
core   0: 0x800010a8 (0x0103c833) xor     a6, t2, a6
core   0: 3 0x800010a8 (0x0103c833) x16 0x00001fff
core   0: 0x800010ac (0x41d08b33) sub     s6, ra, t4
core   0: 3 0x800010ac (0x41d08b33) x22 0x000004df
core   0: 0x800010b0 (0x3c7b7093) andi    ra, s6, 967
core   0: 3 0x800010b0 (0x3c7b7093) x 1 0x000000c7
core   0: 0x800010b4 (0x01fb74b3) and     s1, s6, t6
core   0: 3 0x800010b4 (0x01fb74b3) x 9 0x00000016
core   0: 0x800010b8 (0x02821533) mulh    a0, tp, s0
core   0: 3 0x800010b8 (0x02821533) x10 0x00000000
core   0: 0x800010bc (0x403b5c13) srai    s8, s6, 3
core   0: 3 0x800010bc (0x403b5c13) x24 0x0000009b
core   0: 0x800010c0 (0x417c8633) sub     a2, s9, s7
core   0: 3 0x800010c0 (0x417c8633) x12 0x2b13e03c
core   0: 0x800010c4 (0x414c0c33) sub     s8, s8, s4
core   0: 3 0x800010c4 (0x414c0c33) x24 0x0000009b
core   0: 0x800010c8 (0x413d0433) sub     s0, s10, s3
core   0: 3 0x800010c8 (0x413d0433) x 8 0xffffffff
core   0: 0x800010cc (0x019990b3) sll     ra, s3, s9
core   0: 3 0x800010cc (0x019990b3) x 1 0x10000000
core   0: 0x800010d0 (0x00b636b3) sltu    a3, a2, a1
core   0: 3 0x800010d0 (0x00b636b3) x13 0x00000001
core   0: 0x800010d4 (0x15892813) slti    a6, s2, 344
core   0: 3 0x800010d4 (0x15892813) x16 0x00000001
core   0: 0x800010d8 (0x037e7633) remu    a2, t3, s7
core   0: 3 0x800010d8 (0x037e7633) x12 0x80018ce4
core   0: 0x800010dc (0x010d4033) xor     zero, s10, a6
core   0: 3 0x800010dc (0x010d4033)
core   0: 0x800010e0 (0x4177db13) srai    s6, a5, 23
core   0: 3 0x800010e0 (0x4177db13) x22 0x0000003e
core   0: 0x800010e4 (0x03e3b1b3) mulhu   gp, t2, t5
core   0: 3 0x800010e4 (0x03e3b1b3) x 3 0xffffdfea
core   0: 0x800010e8 (0x41b757b3) sra     a5, a4, s11
core   0: 3 0x800010e8 (0x41b757b3) x15 0xfffffb07
core   0: 0x800010ec (0x00d546b3) xor     a3, a0, a3
core   0: 3 0x800010ec (0x00d546b3) x13 0x00000001
core   0: 0x800010f0 (0xddc04193) xori    gp, zero, -548
core   0: 3 0x800010f0 (0xddc04193) x 3 0xfffffddc
core   0: 0x800010f4 (0x031bec33) rem     s8, s7, a7
core   0: 3 0x800010f4 (0x031bec33) x24 0x00000000
core   0: 0x800010f8 (0x03f81f33) mulh    t5, a6, t6
core   0: 3 0x800010f8 (0x03f81f33) x30 0x00000000
core   0: 0x800010fc (0x02d31233) mulh    tp, t1, a3
core   0: 3 0x800010fc (0x02d31233) x 4 0x00000000
core   0: 0x80001100 (0xcf343c13) sltiu   s8, s0, -781
core   0: 3 0x80001100 (0xcf343c13) x24 0x00000000
core   0: 0x80001104 (0xa7baca93) xori    s5, s5, -1413
core   0: 3 0x80001104 (0xa7baca93) x21 0xfffffa7b
core   0: 0x80001108 (0x008de3b3) or      t2, s11, s0
core   0: 3 0x80001108 (0x008de3b3) x 7 0xffffffff
core   0: 0x8000110c (0x284bcc93) xori    s9, s7, 644
core   0: 3 0x8000110c (0x284bcc93) x25 0x00000284
core   0: 0x80001110 (0x7e9ec013) xori    zero, t4, 2025
core   0: 3 0x80001110 (0x7e9ec013)
core   0: 0x80001114 (0x073a0d93) addi    s11, s4, 115
core   0: 3 0x80001114 (0x073a0d93) x27 0x00000073
core   0: 0x80001118 (0x019faf33) slt     t5, t6, s9
core   0: 3 0x80001118 (0x019faf33) x30 0x00000001
core   0: 0x8000111c (0x41e78db3) sub     s11, a5, t5
core   0: 3 0x8000111c (0x41e78db3) x27 0xfffffb06
core   0: 0x80001120 (0x00d93633) sltu    a2, s2, a3
core   0: 3 0x80001120 (0x00d93633) x12 0x00000000
core   0: 0x80001124 (0x00cb1813) slli    a6, s6, 12
core   0: 3 0x80001124 (0x00cb1813) x16 0x0003e000
core   0: 0x80001128 (0x03785bb3) divu    s7, a6, s7
core   0: 3 0x80001128 (0x03785bb3) x23 0xffffffff
core   0: 0x8000112c (0x01c41213) slli    tp, s0, 28
core   0: 3 0x8000112c (0x01c41213) x 4 0xf0000000
core   0: 0x80001130 (0x0043edb3) or      s11, t2, tp
core   0: 3 0x80001130 (0x0043edb3) x27 0xffffffff
core   0: 0x80001134 (0x00253c33) sltu    s8, a0, sp
core   0: 3 0x80001134 (0x00253c33) x24 0x00000001
core   0: 0x80001138 (0x01535333) srl     t1, t1, s5
core   0: 3 0x80001138 (0x01535333) x 6 0x00000005
core   0: 0x8000113c (0x00efe933) or      s2, t6, a4
core   0: 3 0x8000113c (0x00efe933) x18 0xfffffb17
core   0: 0x80001140 (0x01455d13) srli    s10, a0, 20
core   0: 3 0x80001140 (0x01455d13) x26 0x00000000
core   0: 0x80001144 (0x639be193) ori     gp, s7, 1593
core   0: 3 0x80001144 (0x639be193) x 3 0xffffffff
core   0: 0x80001148 (0x00d4a633) slt     a2, s1, a3
core   0: 3 0x80001148 (0x00d4a633) x12 0x00000000
core   0: 0x8000114c (0x00bf5713) srli    a4, t5, 11
core   0: 3 0x8000114c (0x00bf5713) x14 0x00000000
core   0: 0x80001150 (0x039be933) rem     s2, s7, s9
core   0: 3 0x80001150 (0x039be933) x18 0xffffffff
core   0: 0x80001154 (0x02f37cb3) remu    s9, t1, a5
core   0: 3 0x80001154 (0x02f37cb3) x25 0x00000005
core   0: 0x80001158 (0x01768cb3) add     s9, a3, s7
core   0: 3 0x80001158 (0x01768cb3) x25 0x00000000
core   0: 0x8000115c (0x02061333) mulh    t1, a2, zero
core   0: 3 0x8000115c (0x02061333) x 6 0x00000000
core   0: 0x80001160 (0xb5145b37) lui     s6, 0xb5145
core   0: 3 0x80001160 (0xb5145b37) x22 0xb5145000
core   0: 0x80001164 (0x00e27d33) and     s10, tp, a4
core   0: 3 0x80001164 (0x00e27d33) x26 0x00000000
core   0: 0x80001168 (0x4105d633) sra     a2, a1, a6
core   0: 3 0x80001168 (0x4105d633) x12 0xc533d1c0
core   0: 0x8000116c (0xee79f993) andi    s3, s3, -281
core   0: 3 0x8000116c (0xee79f993) x19 0x00000001
core   0: 0x80001170 (0x278e2893) slti    a7, t3, 632
core   0: 3 0x80001170 (0x278e2893) x17 0x00000001
core   0: 0x80001174 (0x03f18033) mul     zero, gp, t6
core   0: 3 0x80001174 (0x03f18033)
core   0: 0x80001178 (0xc2671a17) auipc   s4, 0xc2671
core   0: 3 0x80001178 (0xc2671a17) x20 0x42672178
core   0: 0x8000117c (0x00c51093) slli    ra, a0, 12
core   0: 3 0x8000117c (0x00c51093) x 1 0x00000000
core   0: 0x80001180 (0x41680433) sub     s0, a6, s6
core   0: 3 0x80001180 (0x41680433) x 8 0x4aef9000
core   0: 0x80001184 (0x40778533) sub     a0, a5, t2
core   0: 3 0x80001184 (0x40778533) x10 0xfffffb08
core   0: 0x80001188 (0x02385533) divu    a0, a6, gp
core   0: 3 0x80001188 (0x02385533) x10 0x00000000
core   0: 0x8000118c (0x02874db3) div     s11, a4, s0
core   0: 3 0x8000118c (0x02874db3) x27 0x00000000
core   0: 0x80001190 (0x4013d513) srai    a0, t2, 1
core   0: 3 0x80001190 (0x4013d513) x10 0xffffffff
core   0: 0x80001194 (0xcd93ca93) xori    s5, t2, -807
core   0: 3 0x80001194 (0xcd93ca93) x21 0x00000326
core   0: 0x80001198 (0xefc64613) xori    a2, a2, -260
core   0: 3 0x80001198 (0xefc64613) x12 0x3acc2f3c
core   0: 0x8000119c (0x40a7d913) srai    s2, a5, 10
core   0: 3 0x8000119c (0x40a7d913) x18 0xfffffffe
core   0: 0x800011a0 (0x7fea8493) addi    s1, s5, 2046
core   0: 3 0x800011a0 (0x7fea8493) x 9 0x00000b24
core   0: 0x800011a4 (0x0283d833) divu    a6, t2, s0
core   0: 3 0x800011a4 (0x0283d833) x16 0x00000003
core   0: 0x800011a8 (0x01754a33) xor     s4, a0, s7
core   0: 3 0x800011a8 (0x01754a33) x20 0x00000000
core   0: 0x800011ac (0x21c88613) addi    a2, a7, 540
core   0: 3 0x800011ac (0x21c88613) x12 0x0000021d
core   0: 0x800011b0 (0x02963f33) mulhu   t5, a2, s1
core   0: 3 0x800011b0 (0x02963f33) x30 0x00000000
core   0: 0x800011b4 (0x03ec64b3) rem     s1, s8, t5
core   0: 3 0x800011b4 (0x03ec64b3) x 9 0x00000001
core   0: 0x800011b8 (0x00000013) nop
core   0: 3 0x800011b8 (0x00000013)
core   0: 0x800011bc (0x02804433) div     s0, zero, s0
core   0: 3 0x800011bc (0x02804433) x 8 0x00000000
core   0: 0x800011c0 (0x00000013) nop
core   0: 3 0x800011c0 (0x00000013)
core   0: 0x800011c4 (0x033d9d33) mulh    s10, s11, s3
core   0: 3 0x800011c4 (0x033d9d33) x26 0x00000000
core   0: 0x800011c8 (0x031cdc33) divu    s8, s9, a7
core   0: 3 0x800011c8 (0x031cdc33) x24 0x00000000
core   0: 0x800011cc (0x037451b3) divu    gp, s0, s7
core   0: 3 0x800011cc (0x037451b3) x 3 0x00000000
core   0: 0x800011d0 (0x9a128c93) addi    s9, t0, -1631
core   0: 3 0x800011d0 (0x9a128c93) x25 0x80014805
core   0: 0x800011d4 (0x015f5c33) srl     s8, t5, s5
core   0: 3 0x800011d4 (0x015f5c33) x24 0x00000000
core   0: 0x800011d8 (0xe1a9bd97) auipc   s11, 0xe1a9b
core   0: 3 0x800011d8 (0xe1a9bd97) x27 0x61a9c1d8
core   0: 0x800011dc (0x01fc9533) sll     a0, s9, t6
core   0: 3 0x800011dc (0x01fc9533) x10 0x01400000
core   0: 0x800011e0 (0xf1d08993) addi    s3, ra, -227
core   0: 3 0x800011e0 (0xf1d08993) x19 0xffffff1d
core   0: 0x800011e4 (0x01b8f833) and     a6, a7, s11
core   0: 3 0x800011e4 (0x01b8f833) x16 0x00000000
core   0: 0x800011e8 (0x41575b93) srai    s7, a4, 21
core   0: 3 0x800011e8 (0x41575b93) x23 0x00000000
core   0: 0x800011ec (0x03038333) mul     t1, t2, a6
core   0: 3 0x800011ec (0x03038333) x 6 0x00000000
core   0: 0x800011f0 (0x02bca333) mulhsu  t1, s9, a1
core   0: 3 0x800011f0 (0x02bca333) x 6 0x9d6713ce
core   0: 0x800011f4 (0x01ff7333) and     t1, t5, t6
core   0: 3 0x800011f4 (0x01ff7333) x 6 0x00000000
core   0: 0x800011f8 (0x001200b3) add     ra, tp, ra
core   0: 3 0x800011f8 (0x001200b3) x 1 0xf0000000
core   0: 0x800011fc (0x03519cb3) mulh    s9, gp, s5
core   0: 3 0x800011fc (0x03519cb3) x25 0x00000000
core   0: 0x80001200 (0x2ecffa13) andi    s4, t6, 748
core   0: 3 0x80001200 (0x2ecffa13) x20 0x00000004
core   0: 0x80001204 (0x01f21533) sll     a0, tp, t6
core   0: 3 0x80001204 (0x01f21533) x10 0x00000000
core   0: 0x80001208 (0x00602eb3) slt     t4, zero, t1
core   0: 3 0x80001208 (0x00602eb3) x29 0x00000000
core   0: 0x8000120c (0x01afdf13) srli    t5, t6, 26
core   0: 3 0x8000120c (0x01afdf13) x30 0x00000000
core   0: 0x80001210 (0x01d42f33) slt     t5, s0, t4
core   0: 3 0x80001210 (0x01d42f33) x30 0x00000000
core   0: 0x80001214 (0x00c4d1b3) srl     gp, s1, a2
core   0: 3 0x80001214 (0x00c4d1b3) x 3 0x00000000
core   0: 0x80001218 (0x00445913) srli    s2, s0, 4
core   0: 3 0x80001218 (0x00445913) x18 0x00000000
core   0: 0x8000121c (0x0273fd33) remu    s10, t2, t2
core   0: 3 0x8000121c (0x0273fd33) x26 0x00000000
core   0: 0x80001220 (0x418add13) srai    s10, s5, 24
core   0: 3 0x80001220 (0x418add13) x26 0x00000000
core   0: 0x80001224 (0x038d3eb3) mulhu   t4, s10, s8
core   0: 3 0x80001224 (0x038d3eb3) x29 0x00000000
core   0: 0x80001228 (0x80992b93) slti    s7, s2, -2039
core   0: 3 0x80001228 (0x80992b93) x23 0x00000000
core   0: 0x8000122c (0x02ead7b3) divu    a5, s5, a4
core   0: 3 0x8000122c (0x02ead7b3) x15 0xffffffff
core   0: 0x80001230 (0x034fcc33) div     s8, t6, s4
core   0: 3 0x80001230 (0x034fcc33) x24 0x00000005
core   0: 0x80001234 (0x00000013) nop
core   0: 3 0x80001234 (0x00000013)
core   0: 0x80001238 (0x008c2933) slt     s2, s8, s0
core   0: 3 0x80001238 (0x008c2933) x18 0x00000000
core   0: 0x8000123c (0x025de533) rem     a0, s11, t0
core   0: 3 0x8000123c (0x025de533) x10 0x61a9c1d8
core   0: 0x80001240 (0x00973933) sltu    s2, a4, s1
core   0: 3 0x80001240 (0x00973933) x18 0x00000001
core   0: 0x80001244 (0x03c1b633) mulhu   a2, gp, t3
core   0: 3 0x80001244 (0x03c1b633) x12 0x00000000
core   0: 0x80001248 (0x80affa93) andi    s5, t6, -2038
core   0: 3 0x80001248 (0x80affa93) x21 0x00000002
core   0: 0x8000124c (0x0317beb3) mulhu   t4, a5, a7
core   0: 3 0x8000124c (0x0317beb3) x29 0x00000000
core   0: 0x80001250 (0xab2b8913) addi    s2, s7, -1358
core   0: 3 0x80001250 (0xab2b8913) x18 0xfffffab2
core   0: 0x80001254 (0x01b8fab3) and     s5, a7, s11
core   0: 3 0x80001254 (0x01b8fab3) x21 0x00000000
core   0: 0x80001258 (0x025c81b3) mul     gp, s9, t0
core   0: 3 0x80001258 (0x025c81b3) x 3 0x00000000
core   0: 0x8000125c (0xe8e4bb13) sltiu   s6, s1, -370
core   0: 3 0x8000125c (0xe8e4bb13) x22 0x00000001
core   0: 0x80001260 (0x01d3a033) slt     zero, t2, t4
core   0: 3 0x80001260 (0x01d3a033)
core   0: 0x80001264 (0x032928b3) mulhsu  a7, s2, s2
core   0: 3 0x80001264 (0x032928b3) x17 0xfffffab2
core   0: 0x80001268 (0x01324633) xor     a2, tp, s3
core   0: 3 0x80001268 (0x01324633) x12 0x0fffff1d
core   0: 0x8000126c (0x00000013) nop
core   0: 3 0x8000126c (0x00000013)
core   0: 0x80001270 (0x419c0eb3) sub     t4, s8, s9
core   0: 3 0x80001270 (0x419c0eb3) x29 0x00000005
core   0: 0x80001274 (0xe6fd2d93) slti    s11, s10, -401
core   0: 3 0x80001274 (0xe6fd2d93) x27 0x00000000
core   0: 0x80001278 (0x40478d33) sub     s10, a5, tp
core   0: 3 0x80001278 (0x40478d33) x26 0x0fffffff
core   0: 0x8000127c (0x023611b3) mulh    gp, a2, gp
core   0: 3 0x8000127c (0x023611b3) x 3 0x00000000
core   0: 0x80001280 (0x018873b3) and     t2, a6, s8
core   0: 3 0x80001280 (0x018873b3) x 7 0x00000000
core   0: 0x80001284 (0x03e59bb3) mulh    s7, a1, t5
core   0: 3 0x80001284 (0x03e59bb3) x23 0x00000000
core   0: 0x80001288 (0x97efae93) slti    t4, t6, -1666
core   0: 3 0x80001288 (0x97efae93) x29 0x00000000
core   0: 0x8000128c (0xc4526f17) auipc   t5, 0xc4526
core   0: 3 0x8000128c (0xc4526f17) x30 0x4452728c
core   0: 0x80001290 (0x014c20b3) slt     ra, s8, s4
core   0: 3 0x80001290 (0x014c20b3) x 1 0x00000000
core   0: 0x80001294 (0x40815b33) sra     s6, sp, s0
core   0: 3 0x80001294 (0x40815b33) x22 0x00000008
core   0: 0x80001298 (0x34349917) auipc   s2, 0x34349
core   0: 3 0x80001298 (0x34349917) x18 0xb434a298
core   0: 0x8000129c (0x025717b3) mulh    a5, a4, t0
core   0: 3 0x8000129c (0x025717b3) x15 0x00000000
core   0: 0x800012a0 (0x00fd30b3) sltu    ra, s10, a5
core   0: 3 0x800012a0 (0x00fd30b3) x 1 0x00000000
core   0: 0x800012a4 (0x02b3d4b3) divu    s1, t2, a1
core   0: 3 0x800012a4 (0x02b3d4b3) x 9 0x00000000
core   0: 0x800012a8 (0x01a0dab3) srl     s5, ra, s10
core   0: 3 0x800012a8 (0x01a0dab3) x21 0x00000000
core   0: 0x800012ac (0x0231c033) div     zero, gp, gp
core   0: 3 0x800012ac (0x0231c033)
core   0: 0x800012b0 (0xa24fc693) xori    a3, t6, -1500
core   0: 3 0x800012b0 (0xa24fc693) x13 0xfffffa32
core   0: 0x800012b4 (0x02769433) mulh    s0, a3, t2
core   0: 3 0x800012b4 (0x02769433) x 8 0x00000000
core   0: 0x800012b8 (0x2fb77913) andi    s2, a4, 763
core   0: 3 0x800012b8 (0x2fb77913) x18 0x00000000
core   0: 0x800012bc (0x41bc0033) sub     zero, s8, s11
core   0: 3 0x800012bc (0x41bc0033)
core   0: 0x800012c0 (0x00000013) nop
core   0: 3 0x800012c0 (0x00000013)
core   0: 0x800012c4 (0x00dcb833) sltu    a6, s9, a3
core   0: 3 0x800012c4 (0x00dcb833) x16 0x00000001
core   0: 0x800012c8 (0x01f21b93) slli    s7, tp, 31
core   0: 3 0x800012c8 (0x01f21b93) x23 0x00000000
core   0: 0x800012cc (0x006f57b3) srl     a5, t5, t1
core   0: 3 0x800012cc (0x006f57b3) x15 0x4452728c
core   0: 0x800012d0 (0x02da6a33) rem     s4, s4, a3
core   0: 3 0x800012d0 (0x02da6a33) x20 0x00000004
core   0: 0x800012d4 (0x03ed4fb3) div     t6, s10, t5
core   0: 3 0x800012d4 (0x03ed4fb3) x31 0x00000000
core   0: 0x800012d8 (0x021524b3) mulhsu  s1, a0, ra
core   0: 3 0x800012d8 (0x021524b3) x 9 0x00000000
core   0: 0x800012dc (0x00895d33) srl     s10, s2, s0
core   0: 3 0x800012dc (0x00895d33) x26 0x00000000
core   0: 0x800012e0 (0x00000013) nop
core   0: 3 0x800012e0 (0x00000013)
core   0: 0x800012e4 (0x5b504f93) xori    t6, zero, 1461
core   0: 3 0x800012e4 (0x5b504f93) x31 0x000005b5
core   0: 0x800012e8 (0xdf9bc437) lui     s0, 0xdf9bc
core   0: 3 0x800012e8 (0xdf9bc437) x 8 0xdf9bc000
core   0: 0x800012ec (0x408a53b3) sra     t2, s4, s0
core   0: 3 0x800012ec (0x408a53b3) x 7 0x00000004
core   0: 0x800012f0 (0xadd7fb97) auipc   s7, 0xadd7f
core   0: 3 0x800012f0 (0xadd7fb97) x23 0x2dd802f0
core   0: 0x800012f4 (0x028e23b3) mulhsu  t2, t3, s0
core   0: 3 0x800012f4 (0x028e23b3) x 7 0x90337aac
core   0: 0x800012f8 (0x0056bcb3) sltu    s9, a3, t0
core   0: 3 0x800012f8 (0x0056bcb3) x25 0x00000000
core   0: 0x800012fc (0x02b0a333) mulhsu  t1, ra, a1
core   0: 3 0x800012fc (0x02b0a333) x 6 0x00000000
core   0: 0x80001300 (0x40008ab3) sub     s5, ra, zero
core   0: 3 0x80001300 (0x40008ab3) x21 0x00000000
core   0: 0x80001304 (0x02dc1933) mulh    s2, s8, a3
core   0: 3 0x80001304 (0x02dc1933) x18 0xffffffff
core   0: 0x80001308 (0x037e6ab3) rem     s5, t3, s7
core   0: 3 0x80001308 (0x037e6ab3) x21 0xdbb192c4
core   0: 0x8000130c (0x6961c593) xori    a1, gp, 1686
core   0: 3 0x8000130c (0x6961c593) x11 0x00000696
core   0: 0x80001310 (0x00985a33) srl     s4, a6, s1
core   0: 3 0x80001310 (0x00985a33) x20 0x00000001
core   0: 0x80001314 (0x0089f7b3) and     a5, s3, s0
core   0: 3 0x80001314 (0x0089f7b3) x15 0xdf9bc000
core   0: 0x80001318 (0x01f05a13) srli    s4, zero, 31
core   0: 3 0x80001318 (0x01f05a13) x20 0x00000000
core   0: 0x8000131c (0x0229fc33) remu    s8, s3, sp
core   0: 3 0x8000131c (0x0229fc33) x24 0x00000005
core   0: 0x80001320 (0xb4df2213) slti    tp, t5, -1203
core   0: 3 0x80001320 (0xb4df2213) x 4 0x00000000
core   0: 0x80001324 (0x00000013) nop
core   0: 3 0x80001324 (0x00000013)
core   0: 0x80001328 (0x02fb71b3) remu    gp, s6, a5
core   0: 3 0x80001328 (0x02fb71b3) x 3 0x00000008
core   0: 0x8000132c (0x7196e217) auipc   tp, 0x7196e
core   0: 3 0x8000132c (0x7196e217) x 4 0xf196f32c
core   0: 0x80001330 (0xcbccb593) sltiu   a1, s9, -836
core   0: 3 0x80001330 (0xcbccb593) x11 0x00000001
core   0: 0x80001334 (0x010b45b3) xor     a1, s6, a6
core   0: 3 0x80001334 (0x010b45b3) x11 0x00000009
core   0: 0x80001338 (0x00b5fc33) and     s8, a1, a1
core   0: 3 0x80001338 (0x00b5fc33) x24 0x00000009
core   0: 0x8000133c (0x02ac59b3) divu    s3, s8, a0
core   0: 3 0x8000133c (0x02ac59b3) x19 0x00000000
core   0: 0x80001340 (0x01581d13) slli    s10, a6, 21
core   0: 3 0x80001340 (0x01581d13) x26 0x00200000
core   0: 0x80001344 (0x36b4edb7) lui     s11, 0x36b4e
core   0: 3 0x80001344 (0x36b4edb7) x27 0x36b4e000
core   0: 0x80001348 (0x00000013) nop
core   0: 3 0x80001348 (0x00000013)
core   0: 0x8000134c (0x3563b693) sltiu   a3, t2, 854
core   0: 3 0x8000134c (0x3563b693) x13 0x00000000
core   0: 0x80001350 (0x02cde833) rem     a6, s11, a2
core   0: 3 0x80001350 (0x02cde833) x16 0x06b4e2a9
core   0: 0x80001354 (0x005fde93) srli    t4, t6, 5
core   0: 3 0x80001354 (0x005fde93) x29 0x0000002d
core   0: 0x80001358 (0x029facb3) mulhsu  s9, t6, s1
core   0: 3 0x80001358 (0x029facb3) x25 0x00000000
core   0: 0x8000135c (0x03153cb3) mulhu   s9, a0, a7
core   0: 3 0x8000135c (0x03153cb3) x25 0x61a9bfd1
core   0: 0x80001360 (0x02b86633) rem     a2, a6, a1
core   0: 3 0x80001360 (0x02b86633) x12 0x00000008
core   0: 0x80001364 (0x406c0233) sub     tp, s8, t1
core   0: 3 0x80001364 (0x406c0233) x 4 0x00000009
core   0: 0x80001368 (0x82443393) sltiu   t2, s0, -2012
core   0: 3 0x80001368 (0x82443393) x 7 0x00000001
core   0: 0x8000136c (0x17a01997) auipc   s3, 0x17a01
core   0: 3 0x8000136c (0x17a01997) x19 0x97a0236c
core   0: 0x80001370 (0x00eb41b3) xor     gp, s6, a4
core   0: 3 0x80001370 (0x00eb41b3) x 3 0x00000008
core   0: 0x80001374 (0x018d3433) sltu    s0, s10, s8
core   0: 3 0x80001374 (0x018d3433) x 8 0x00000000
core   0: 0x80001378 (0x0002a233) slt     tp, t0, zero
core   0: 3 0x80001378 (0x0002a233) x 4 0x00000001
core   0: 0x8000137c (0x02f4dbb3) divu    s7, s1, a5
core   0: 3 0x8000137c (0x02f4dbb3) x23 0x00000000
core   0: 0x80001380 (0x034117b3) mulh    a5, sp, s4
core   0: 3 0x80001380 (0x034117b3) x15 0x00000000
core   0: 0x80001384 (0x02e2ceb3) div     t4, t0, a4
core   0: 3 0x80001384 (0x02e2ceb3) x29 0xffffffff
core   0: 0x80001388 (0x02e2ac33) mulhsu  s8, t0, a4
core   0: 3 0x80001388 (0x02e2ac33) x24 0x00000000
core   0: 0x8000138c (0x0058dab3) srl     s5, a7, t0
core   0: 3 0x8000138c (0x0058dab3) x21 0x0fffffab
core   0: 0x80001390 (0x4002dab3) sra     s5, t0, zero
core   0: 3 0x80001390 (0x4002dab3) x21 0x80014e64
core   0: 0x80001394 (0x148cbdb7) lui     s11, 0x148cb
core   0: 3 0x80001394 (0x148cbdb7) x27 0x148cb000
core   0: 0x80001398 (0x00a913b3) sll     t2, s2, a0
core   0: 3 0x80001398 (0x00a913b3) x 7 0xff000000
core   0: 0x8000139c (0x01234db3) xor     s11, t1, s2
core   0: 3 0x8000139c (0x01234db3) x27 0xffffffff
core   0: 0x800013a0 (0x9c00ff93) andi    t6, ra, -1600
core   0: 3 0x800013a0 (0x9c00ff93) x31 0x00000000
core   0: 0x800013a4 (0x03729f33) mulh    t5, t0, s7
core   0: 3 0x800013a4 (0x03729f33) x30 0x00000000
core   0: 0x800013a8 (0x039ded33) rem     s10, s11, s9
core   0: 3 0x800013a8 (0x039ded33) x26 0xffffffff
core   0: 0x800013ac (0x00de70b3) and     ra, t3, a3
core   0: 3 0x800013ac (0x00de70b3) x 1 0x00000000
core   0: 0x800013b0 (0x0357f8b3) remu    a7, a5, s5
core   0: 3 0x800013b0 (0x0357f8b3) x17 0x00000000
core   0: 0x800013b4 (0x00000013) nop
core   0: 3 0x800013b4 (0x00000013)
core   0: 0x800013b8 (0x41568c33) sub     s8, a3, s5
core   0: 3 0x800013b8 (0x41568c33) x24 0x7ffeb19c
core   0: 0x800013bc (0x0180e033) or      zero, ra, s8
core   0: 3 0x800013bc (0x0180e033)
core   0: 0x800013c0 (0x028d49b3) div     s3, s10, s0
core   0: 3 0x800013c0 (0x028d49b3) x19 0xffffffff
core   0: 0x800013c4 (0x036533b3) mulhu   t2, a0, s6
core   0: 3 0x800013c4 (0x036533b3) x 7 0x00000003
core   0: 0x800013c8 (0x413958b3) sra     a7, s2, s3
core   0: 3 0x800013c8 (0x413958b3) x17 0xffffffff
core   0: 0x800013cc (0x23ccbb93) sltiu   s7, s9, 572
core   0: 3 0x800013cc (0x23ccbb93) x23 0x00000000
core   0: 0x800013d0 (0x01243a33) sltu    s4, s0, s2
core   0: 3 0x800013d0 (0x01243a33) x20 0x00000001
core   0: 0x800013d4 (0x01b771b3) and     gp, a4, s11
core   0: 3 0x800013d4 (0x01b771b3) x 3 0x00000000
core   0: 0x800013d8 (0x028e2233) mulhsu  tp, t3, s0
core   0: 3 0x800013d8 (0x028e2233) x 4 0x00000000
core   0: 0x800013dc (0x028d00b3) mul     ra, s10, s0
core   0: 3 0x800013dc (0x028d00b3) x 1 0x00000000
core   0: 0x800013e0 (0x014475b3) and     a1, s0, s4
core   0: 3 0x800013e0 (0x014475b3) x11 0x00000000
core   0: 0x800013e4 (0x40ae5b93) srai    s7, t3, 10
core   0: 3 0x800013e4 (0x40ae5b93) x23 0xffe00063
core   0: 0x800013e8 (0x0cafe213) ori     tp, t6, 202
core   0: 3 0x800013e8 (0x0cafe213) x 4 0x000000ca
core   0: 0x800013ec (0x9c9e0193) addi    gp, t3, -1591
core   0: 3 0x800013ec (0x9c9e0193) x 3 0x800186ad
core   0: 0x800013f0 (0x012136b3) sltu    a3, sp, s2
core   0: 3 0x800013f0 (0x012136b3) x13 0x00000001
core   0: 0x800013f4 (0x40230433) sub     s0, t1, sp
core   0: 3 0x800013f4 (0x40230433) x 8 0xfffffff8
core   0: 0x800013f8 (0x415a5193) srai    gp, s4, 21
core   0: 3 0x800013f8 (0x415a5193) x 3 0x00000000
core   0: 0x800013fc (0xcbb33837) lui     a6, 0xcbb33
core   0: 3 0x800013fc (0xcbb33837) x16 0xcbb33000
core   0: 0x80001400 (0xabfb4413) xori    s0, s6, -1345
core   0: 3 0x80001400 (0xabfb4413) x 8 0xfffffab7
core   0: 0x80001404 (0x0034f4b3) and     s1, s1, gp
core   0: 3 0x80001404 (0x0034f4b3) x 9 0x00000000
core   0: 0x80001408 (0xaa5ebab7) lui     s5, 0xaa5eb
core   0: 3 0x80001408 (0xaa5ebab7) x21 0xaa5eb000
core   0: 0x8000140c (0x017a4cb3) xor     s9, s4, s7
core   0: 3 0x8000140c (0x017a4cb3) x25 0xffe00062
core   0: 0x80001410 (0x9726e793) ori     a5, a3, -1678
core   0: 3 0x80001410 (0x9726e793) x15 0xfffff973
core   0: 0x80001414 (0xf5107093) andi    ra, zero, -175
core   0: 3 0x80001414 (0xf5107093) x 1 0x00000000
core   0: 0x80001418 (0x000dd217) auipc   tp, 0xdd
core   0: 3 0x80001418 (0x000dd217) x 4 0x800de418
core   0: 0x8000141c (0x002d1d13) slli    s10, s10, 2
core   0: 3 0x8000141c (0x002d1d13) x26 0xfffffffc
core   0: 0x80001420 (0x01e557b3) srl     a5, a0, t5
core   0: 3 0x80001420 (0x01e557b3) x15 0x61a9c1d8
core   0: 0x80001424 (0x027f56b3) divu    a3, t5, t2
core   0: 3 0x80001424 (0x027f56b3) x13 0x00000000
core   0: 0x80001428 (0x01c27533) and     a0, tp, t3
core   0: 3 0x80001428 (0x01c27533) x10 0x80018400
core   0: 0x8000142c (0x02bdba33) mulhu   s4, s11, a1
core   0: 3 0x8000142c (0x02bdba33) x20 0x00000000
core   0: 0x80001430 (0x029be933) rem     s2, s7, s1
core   0: 3 0x80001430 (0x029be933) x18 0xffe00063
core   0: 0x80001434 (0x7915e493) ori     s1, a1, 1937
core   0: 3 0x80001434 (0x7915e493) x 9 0x00000791
core   0: 0x80001438 (0x02066eb3) rem     t4, a2, zero
core   0: 3 0x80001438 (0x02066eb3) x29 0x00000008
core   0: 0x8000143c (0x02adaf33) mulhsu  t5, s11, a0
core   0: 3 0x8000143c (0x02adaf33) x30 0xffffffff
core   0: 0x80001440 (0x56476193) ori     gp, a4, 1380
core   0: 3 0x80001440 (0x56476193) x 3 0x00000564
core   0: 0x80001444 (0x007186b3) add     a3, gp, t2
core   0: 3 0x80001444 (0x007186b3) x13 0x00000567
core   0: 0x80001448 (0x0158e333) or      t1, a7, s5
core   0: 3 0x80001448 (0x0158e333) x 6 0xffffffff
core   0: 0x8000144c (0x21a90237) lui     tp, 0x21a90
core   0: 3 0x8000144c (0x21a90237) x 4 0x21a90000
core   0: 0x80001450 (0x02fe2cb3) mulhsu  s9, t3, a5
core   0: 3 0x80001450 (0x02fe2cb3) x25 0xcf2bb67d
core   0: 0x80001454 (0x0279ea33) rem     s4, s3, t2
core   0: 3 0x80001454 (0x0279ea33) x20 0xffffffff
core   0: 0x80001458 (0x7815b593) sltiu   a1, a1, 1921
core   0: 3 0x80001458 (0x7815b593) x11 0x00000001
core   0: 0x8000145c (0x7097a193) slti    gp, a5, 1801
core   0: 3 0x8000145c (0x7097a193) x 3 0x00000000
core   0: 0x80001460 (0x03b2ecb3) rem     s9, t0, s11
core   0: 3 0x80001460 (0x03b2ecb3) x25 0x00000000
core   0: 0x80001464 (0x0275c333) div     t1, a1, t2
core   0: 3 0x80001464 (0x0275c333) x 6 0x00000000
core   0: 0x80001468 (0x03889933) mulh    s2, a7, s8
core   0: 3 0x80001468 (0x03889933) x18 0xffffffff
core   0: 0x8000146c (0xa2706d37) lui     s10, 0xa2706
core   0: 3 0x8000146c (0xa2706d37) x26 0xa2706000
core   0: 0x80001470 (0x410b8b33) sub     s6, s7, a6
core   0: 3 0x80001470 (0x410b8b33) x22 0x342cd063
core   0: 0x80001474 (0x7ca1ee97) auipc   t4, 0x7ca1e
core   0: 3 0x80001474 (0x7ca1ee97) x29 0xfca1f474
core   0: 0x80001478 (0x014b9a93) slli    s5, s7, 20
core   0: 3 0x80001478 (0x014b9a93) x21 0x06300000
core   0: 0x8000147c (0x03d0b8b3) mulhu   a7, ra, t4
core   0: 3 0x8000147c (0x03d0b8b3) x17 0x00000000
core   0: 0x80001480 (0x01d2dab3) srl     s5, t0, t4
core   0: 3 0x80001480 (0x01d2dab3) x21 0x00000800
core   0: 0x80001484 (0x00135a13) srli    s4, t1, 1
core   0: 3 0x80001484 (0x00135a13) x20 0x00000000
core   0: 0x80001488 (0x0394c733) div     a4, s1, s9
core   0: 3 0x80001488 (0x0394c733) x14 0xffffffff
core   0: 0x8000148c (0x010a9f33) sll     t5, s5, a6
core   0: 3 0x8000148c (0x010a9f33) x30 0x00000800
core   0: 0x80001490 (0x40a05813) srai    a6, zero, 10
core   0: 3 0x80001490 (0x40a05813) x16 0x00000000
core   0: 0x80001494 (0x00f4b6b3) sltu    a3, s1, a5
core   0: 3 0x80001494 (0x00f4b6b3) x13 0x00000001
core   0: 0x80001498 (0x00bf9613) slli    a2, t6, 11
core   0: 3 0x80001498 (0x00bf9613) x12 0x00000000
core   0: 0x8000149c (0x026c8c33) mul     s8, s9, t1
core   0: 3 0x8000149c (0x026c8c33) x24 0x00000000
core   0: 0x800014a0 (0x00e83bb3) sltu    s7, a6, a4
core   0: 3 0x800014a0 (0x00e83bb3) x23 0x00000001
core   0: 0x800014a4 (0x4052dc93) srai    s9, t0, 5
core   0: 3 0x800014a4 (0x4052dc93) x25 0xfc000a73
core   0: 0x800014a8 (0x00000013) nop
core   0: 3 0x800014a8 (0x00000013)
core   0: 0x800014ac (0x0181acb3) slt     s9, gp, s8
core   0: 3 0x800014ac (0x0181acb3) x25 0x00000000
core   0: 0x800014b0 (0x01f15493) srli    s1, sp, 31
core   0: 3 0x800014b0 (0x01f15493) x 9 0x00000000
core   0: 0x800014b4 (0x02022433) mulhsu  s0, tp, zero
core   0: 3 0x800014b4 (0x02022433) x 8 0x00000000
core   0: 0x800014b8 (0x030d94b3) mulh    s1, s11, a6
core   0: 3 0x800014b8 (0x030d94b3) x 9 0x00000000
core   0: 0x800014bc (0x01646633) or      a2, s0, s6
core   0: 3 0x800014bc (0x01646633) x12 0x342cd063
core   0: 0x800014c0 (0x00a08a33) add     s4, ra, a0
core   0: 3 0x800014c0 (0x00a08a33) x20 0x80018400
core   0: 0x800014c4 (0x03a18ab3) mul     s5, gp, s10
core   0: 3 0x800014c4 (0x03a18ab3) x21 0x00000000
core   0: 0x800014c8 (0x03aef033) remu    zero, t4, s10
core   0: 3 0x800014c8 (0x03aef033)
core   0: 0x800014cc (0x0223dc33) divu    s8, t2, sp
core   0: 3 0x800014cc (0x0223dc33) x24 0x00000000
core   0: 0x800014d0 (0x838d1237) lui     tp, 0x838d1
core   0: 3 0x800014d0 (0x838d1237) x 4 0x838d1000
core   0: 0x800014d4 (0x008dfb33) and     s6, s11, s0
core   0: 3 0x800014d4 (0x008dfb33) x22 0x00000000
core   0: 0x800014d8 (0x5fcb8513) addi    a0, s7, 1532
core   0: 3 0x800014d8 (0x5fcb8513) x10 0x000005fd
core   0: 0x800014dc (0x00663733) sltu    a4, a2, t1
core   0: 3 0x800014dc (0x00663733) x14 0x00000000
core   0: 0x800014e0 (0xa8703537) lui     a0, 0xa8703
core   0: 3 0x800014e0 (0xa8703537) x10 0xa8703000
core   0: 0x800014e4 (0x4014dd93) srai    s11, s1, 1
core   0: 3 0x800014e4 (0x4014dd93) x27 0x00000000
core   0: 0x800014e8 (0x3e506713) ori     a4, zero, 997
core   0: 3 0x800014e8 (0x3e506713) x14 0x000003e5
core   0: 0x800014ec (0x00fe8533) add     a0, t4, a5
core   0: 3 0x800014ec (0x00fe8533) x10 0x5e4bb64c
core   0: 0x800014f0 (0x02fd5333) divu    t1, s10, a5
core   0: 3 0x800014f0 (0x02fd5333) x 6 0x00000001
core   0: 0x800014f4 (0xb3e0e417) auipc   s0, 0xb3e0e
core   0: 3 0x800014f4 (0xb3e0e417) x 8 0x33e0f4f4
core   0: 0x800014f8 (0x6d72df97) auipc   t6, 0x6d72d
core   0: 3 0x800014f8 (0x6d72df97) x31 0xed72e4f8
core   0: 0x800014fc (0x4562f917) auipc   s2, 0x4562f
core   0: 3 0x800014fc (0x4562f917) x18 0xc56304fc
core   0: 0x80001500 (0x366e8317) auipc   t1, 0x366e8
core   0: 3 0x80001500 (0x366e8317) x 6 0xb66e9500
core   0: 0x80001504 (0x03b3ea33) rem     s4, t2, s11
core   0: 3 0x80001504 (0x03b3ea33) x20 0x00000003
core   0: 0x80001508 (0x5d27e817) auipc   a6, 0x5d27e
core   0: 3 0x80001508 (0x5d27e817) x16 0xdd27f508
core   0: 0x8000150c (0x0324e4b3) rem     s1, s1, s2
core   0: 3 0x8000150c (0x0324e4b3) x 9 0x00000000
core   0: 0x80001510 (0x03834ab3) div     s5, t1, s8
core   0: 3 0x80001510 (0x03834ab3) x21 0xffffffff
core   0: 0x80001514 (0x41e10033) sub     zero, sp, t5
core   0: 3 0x80001514 (0x41e10033)
core   0: 0x80001518 (0x490b2613) slti    a2, s6, 1168
core   0: 3 0x80001518 (0x490b2613) x12 0x00000001
core   0: 0x8000151c (0x02cf26b3) mulhsu  a3, t5, a2
core   0: 3 0x8000151c (0x02cf26b3) x13 0x00000000
core   0: 0x80001520 (0xc35dc913) xori    s2, s11, -971
core   0: 3 0x80001520 (0xc35dc913) x18 0xfffffc35
core   0: 0x80001524 (0x037d9233) mulh    tp, s11, s7
core   0: 3 0x80001524 (0x037d9233) x 4 0x00000000
core   0: 0x80001528 (0x0370ad33) mulhsu  s10, ra, s7
core   0: 3 0x80001528 (0x0370ad33) x26 0x00000000
core   0: 0x8000152c (0x40500733) sub     a4, zero, t0
core   0: 3 0x8000152c (0x40500733) x14 0x7ffeb19c
core   0: 0x80001530 (0x015994b3) sll     s1, s3, s5
core   0: 3 0x80001530 (0x015994b3) x 9 0x80000000
core   0: 0x80001534 (0xd4c36213) ori     tp, t1, -692
core   0: 3 0x80001534 (0xd4c36213) x 4 0xfffffd4c
core   0: 0x80001538 (0x017e1833) sll     a6, t3, s7
core   0: 3 0x80001538 (0x017e1833) x16 0x000319c8
core   0: 0x8000153c (0x3d9dc693) xori    a3, s11, 985
core   0: 3 0x8000153c (0x3d9dc693) x13 0x000003d9
core   0: 0x80001540 (0x0121f733) and     a4, gp, s2
core   0: 3 0x80001540 (0x0121f733) x14 0x00000000
core   0: 0x80001544 (0x022188b3) mul     a7, gp, sp
core   0: 3 0x80001544 (0x022188b3) x17 0x00000000
core   0: 0x80001548 (0x1c31a893) slti    a7, gp, 451
core   0: 3 0x80001548 (0x1c31a893) x17 0x00000001
core   0: 0x8000154c (0x01d14b33) xor     s6, sp, t4
core   0: 3 0x8000154c (0x01d14b33) x22 0xfca1f47c
core   0: 0x80001550 (0x00000013) nop
core   0: 3 0x80001550 (0x00000013)
core   0: 0x80001554 (0x00000013) nop
core   0: 3 0x80001554 (0x00000013)
core   0: 0x80001558 (0x00000013) nop
core   0: 3 0x80001558 (0x00000013)
core   0: 0x8000155c (0x01b84233) xor     tp, a6, s11
core   0: 3 0x8000155c (0x01b84233) x 4 0x000319c8
core   0: 0x80001560 (0x024728b3) mulhsu  a7, a4, tp
core   0: 3 0x80001560 (0x024728b3) x17 0x00000000
core   0: 0x80001564 (0x95b66913) ori     s2, a2, -1701
core   0: 3 0x80001564 (0x95b66913) x18 0xfffff95b
core   0: 0x80001568 (0x0383ca33) div     s4, t2, s8
core   0: 3 0x80001568 (0x0383ca33) x20 0xffffffff
core   0: 0x8000156c (0x0136c833) xor     a6, a3, s3
core   0: 3 0x8000156c (0x0136c833) x16 0xfffffc26
core   0: 0x80001570 (0x008754b3) srl     s1, a4, s0
core   0: 3 0x80001570 (0x008754b3) x 9 0x00000000
core   0: 0x80001574 (0x3c823613) sltiu   a2, tp, 968
core   0: 3 0x80001574 (0x3c823613) x12 0x00000000
core   0: 0x80001578 (0xb1075d97) auipc   s11, 0xb1075
core   0: 3 0x80001578 (0xb1075d97) x27 0x31076578
core   0: 0x8000157c (0x02b65cb3) divu    s9, a2, a1
core   0: 3 0x8000157c (0x02b65cb3) x25 0x00000000
core   0: 0x80001580 (0x00dc9933) sll     s2, s9, a3
core   0: 3 0x80001580 (0x00dc9933) x18 0x00000000
core   0: 0x80001584 (0x0367a3b3) mulhsu  t2, a5, s6
core   0: 3 0x80001584 (0x0367a3b3) x 7 0x6060e3d8
core   0: 0x80001588 (0x01691313) slli    t1, s2, 22
core   0: 3 0x80001588 (0x01691313) x 6 0x00000000
core   0: 0x8000158c (0xa2237393) andi    t2, t1, -1502
core   0: 3 0x8000158c (0xa2237393) x 7 0x00000000
core   0: 0x80001590 (0x03e2abb3) mulhsu  s7, t0, t5
core   0: 3 0x80001590 (0x03e2abb3) x23 0xfffffc00
core   0: 0x80001594 (0x02ca24b3) mulhsu  s1, s4, a2
core   0: 3 0x80001594 (0x02ca24b3) x 9 0x00000000
core   0: 0x80001598 (0x0156a4b3) slt     s1, a3, s5
core   0: 3 0x80001598 (0x0156a4b3) x 9 0x00000000
core   0: 0x8000159c (0x01049cb3) sll     s9, s1, a6
core   0: 3 0x8000159c (0x01049cb3) x25 0x00000000
core   0: 0x800015a0 (0xb88a6413) ori     s0, s4, -1144
core   0: 3 0x800015a0 (0xb88a6413) x 8 0xffffffff
core   0: 0x800015a4 (0x010a9d13) slli    s10, s5, 16
core   0: 3 0x800015a4 (0x010a9d13) x26 0xffff0000
core   0: 0x800015a8 (0x010131b3) sltu    gp, sp, a6
core   0: 3 0x800015a8 (0x010131b3) x 3 0x00000001
core   0: 0x800015ac (0xb13e8e93) addi    t4, t4, -1261
core   0: 3 0x800015ac (0xb13e8e93) x29 0xfca1ef87
core   0: 0x800015b0 (0x008cef33) or      t5, s9, s0
core   0: 3 0x800015b0 (0x008cef33) x30 0xffffffff
core   0: 0x800015b4 (0x0178cf33) xor     t5, a7, s7
core   0: 3 0x800015b4 (0x0178cf33) x30 0xfffffc00
core   0: 0x800015b8 (0x00f6db33) srl     s6, a3, a5
core   0: 3 0x800015b8 (0x00f6db33) x22 0x00000000
core   0: 0x800015bc (0x40b086b3) sub     a3, ra, a1
core   0: 3 0x800015bc (0x40b086b3) x13 0xffffffff
core   0: 0x800015c0 (0x413d5993) srai    s3, s10, 19
core   0: 3 0x800015c0 (0x413d5993) x19 0xffffffff
core   0: 0x800015c4 (0x00000013) nop
core   0: 3 0x800015c4 (0x00000013)
core   0: 0x800015c8 (0x0211a933) mulhsu  s2, gp, ra
core   0: 3 0x800015c8 (0x0211a933) x18 0x00000000
core   0: 0x800015cc (0x02a280b3) mul     ra, t0, a0
core   0: 3 0x800015cc (0x02a280b3) x 1 0x9d6a5db0
core   0: 0x800015d0 (0xe14fab17) auipc   s6, 0xe14fa
core   0: 3 0x800015d0 (0xe14fab17) x22 0x614fb5d0
core   0: 0x800015d4 (0x00dd8f33) add     t5, s11, a3
core   0: 3 0x800015d4 (0x00dd8f33) x30 0x31076577
core   0: 0x800015d8 (0x03a84a33) div     s4, a6, s10
core   0: 3 0x800015d8 (0x03a84a33) x20 0x00000000
core   0: 0x800015dc (0x00442b33) slt     s6, s0, tp
core   0: 3 0x800015dc (0x00442b33) x22 0x00000001
core   0: 0x800015e0 (0x01d45593) srli    a1, s0, 29
core   0: 3 0x800015e0 (0x01d45593) x11 0x00000007
core   0: 0x800015e4 (0xbf9c5217) auipc   tp, 0xbf9c5
core   0: 3 0x800015e4 (0xbf9c5217) x 4 0x3f9c65e4
core   0: 0x800015e8 (0x00b74f33) xor     t5, a4, a1
core   0: 3 0x800015e8 (0x00b74f33) x30 0x00000007
core   0: 0x800015ec (0x02c74cb3) div     s9, a4, a2
core   0: 3 0x800015ec (0x02c74cb3) x25 0xffffffff
core   0: 0x800015f0 (0x016c14b3) sll     s1, s8, s6
core   0: 3 0x800015f0 (0x016c14b3) x 9 0x00000000
core   0: 0x800015f4 (0xbb657593) andi    a1, a0, -1098
core   0: 3 0x800015f4 (0xbb657593) x11 0x5e4bb204
core   0: 0x800015f8 (0x41215893) srai    a7, sp, 18
core   0: 3 0x800015f8 (0x41215893) x17 0x00000000
core   0: 0x800015fc (0x01ce3033) sltu    zero, t3, t3
core   0: 3 0x800015fc (0x01ce3033)
core   0: 0x80001600 (0x7cee1497) auipc   s1, 0x7cee1
core   0: 3 0x80001600 (0x7cee1497) x 9 0xfcee2600
core   0: 0x80001604 (0x419fdd33) sra     s10, t6, s9
core   0: 3 0x80001604 (0x419fdd33) x26 0xffffffff
core   0: 0x80001608 (0x00d6db33) srl     s6, a3, a3
core   0: 3 0x80001608 (0x00d6db33) x22 0x00000001
core   0: 0x8000160c (0x01c12833) slt     a6, sp, t3
core   0: 3 0x8000160c (0x01c12833) x16 0x00000000
core   0: 0x80001610 (0x0061a0b3) slt     ra, gp, t1
core   0: 3 0x80001610 (0x0061a0b3) x 1 0x00000000
core   0: 0x80001614 (0x00e11533) sll     a0, sp, a4
core   0: 3 0x80001614 (0x00e11533) x10 0x00000008
core   0: 0x80001618 (0x01ef3933) sltu    s2, t5, t5
core   0: 3 0x80001618 (0x01ef3933) x18 0x00000000
core   0: 0x8000161c (0x2af10313) addi    t1, sp, 687
core   0: 3 0x8000161c (0x2af10313) x 6 0x000002b7
core   0: 0x80001620 (0x00000013) nop
core   0: 3 0x80001620 (0x00000013)
core   0: 0x80001624 (0x02c8d033) divu    zero, a7, a2
core   0: 3 0x80001624 (0x02c8d033)
core   0: 0x80001628 (0x04d70d93) addi    s11, a4, 77
core   0: 3 0x80001628 (0x04d70d93) x27 0x0000004d
core   0: 0x8000162c (0x7d6a0013) addi    zero, s4, 2006
core   0: 3 0x8000162c (0x7d6a0013)
core   0: 0x80001630 (0x02a4a3b3) mulhsu  t2, s1, a0
core   0: 3 0x80001630 (0x02a4a3b3) x 7 0xffffffff
core   0: 0x80001634 (0x2ff0c913) xori    s2, ra, 767
core   0: 3 0x80001634 (0x2ff0c913) x18 0x000002ff
core   0: 0x80001638 (0xd00ab693) sltiu   a3, s5, -768
core   0: 3 0x80001638 (0xd00ab693) x13 0x00000000
core   0: 0x8000163c (0x03fcbbb3) mulhu   s7, s9, t6
core   0: 3 0x8000163c (0x03fcbbb3) x23 0xed72e4f7
core   0: 0x80001640 (0xa3bb8493) addi    s1, s7, -1477
core   0: 3 0x80001640 (0xa3bb8493) x 9 0xed72df32
core   0: 0x80001644 (0x03154233) div     tp, a0, a7
core   0: 3 0x80001644 (0x03154233) x 4 0xffffffff
core   0: 0x80001648 (0x03cba7b3) mulhsu  a5, s7, t3
core   0: 3 0x80001648 (0x03cba7b3) x15 0xf6b955b8
core   0: 0x8000164c (0x40bb5f93) srai    t6, s6, 11
core   0: 3 0x8000164c (0x40bb5f93) x31 0x00000000
core   0: 0x80001650 (0x1676a8b7) lui     a7, 0x1676a
core   0: 3 0x80001650 (0x1676a8b7) x17 0x1676a000
core   0: 0x80001654 (0x02c0b6b3) mulhu   a3, ra, a2
core   0: 3 0x80001654 (0x02c0b6b3) x13 0x00000000
core   0: 0x80001658 (0x5c46a613) slti    a2, a3, 1476
core   0: 3 0x80001658 (0x5c46a613) x12 0x00000001
core   0: 0x8000165c (0x02793f33) mulhu   t5, s2, t2
core   0: 3 0x8000165c (0x02793f33) x30 0x000002fe
core   0: 0x80001660 (0x03cdedb3) rem     s11, s11, t3
core   0: 3 0x80001660 (0x03cdedb3) x27 0x0000004d
core   0: 0x80001664 (0x01e60f33) add     t5, a2, t5
core   0: 3 0x80001664 (0x01e60f33) x30 0x000002ff
core   0: 0x80001668 (0x400e8b33) sub     s6, t4, zero
core   0: 3 0x80001668 (0x400e8b33) x22 0xfca1ef87
core   0: 0x8000166c (0xc7608913) addi    s2, ra, -906
core   0: 3 0x8000166c (0xc7608913) x18 0xfffffc76
core   0: 0x80001670 (0x00ad68b3) or      a7, s10, a0
core   0: 3 0x80001670 (0x00ad68b3) x17 0xffffffff
core   0: 0x80001674 (0x0209e1b3) rem     gp, s3, zero
core   0: 3 0x80001674 (0x0209e1b3) x 3 0xffffffff
core   0: 0x80001678 (0x008515b3) sll     a1, a0, s0
core   0: 3 0x80001678 (0x008515b3) x11 0x00000000
core   0: 0x8000167c (0x013deeb3) or      t4, s11, s3
core   0: 3 0x8000167c (0x013deeb3) x29 0xffffffff
core   0: 0x80001680 (0x7e2fe797) auipc   a5, 0x7e2fe
core   0: 3 0x80001680 (0x7e2fe797) x15 0xfe2ff680
core   0: 0x80001684 (0x47176e93) ori     t4, a4, 1137
core   0: 3 0x80001684 (0x47176e93) x29 0x00000471
core   0: 0x80001688 (0x0298e8b3) rem     a7, a7, s1
core   0: 3 0x80001688 (0x0298e8b3) x17 0xffffffff
core   0: 0x8000168c (0xb466bc13) sltiu   s8, a3, -1210
core   0: 3 0x8000168c (0xb466bc13) x24 0x00000001
core   0: 0x80001690 (0x414100b3) sub     ra, sp, s4
core   0: 3 0x80001690 (0x414100b3) x 1 0x00000008
core   0: 0x80001694 (0x01e527b3) slt     a5, a0, t5
core   0: 3 0x80001694 (0x01e527b3) x15 0x00000001
core   0: 0x80001698 (0x03632a33) mulhsu  s4, t1, s6
core   0: 3 0x80001698 (0x03632a33) x20 0x000002ad
core   0: 0x8000169c (0x01be67b3) or      a5, t3, s11
core   0: 3 0x8000169c (0x01be67b3) x15 0x80018ced
core   0: 0x800016a0 (0x019a4433) xor     s0, s4, s9
core   0: 3 0x800016a0 (0x019a4433) x 8 0xfffffd52
core   0: 0x800016a4 (0x414d81b3) sub     gp, s11, s4
core   0: 3 0x800016a4 (0x414d81b3) x 3 0xfffffda0
core   0: 0x800016a8 (0x000970b3) and     ra, s2, zero
core   0: 3 0x800016a8 (0x000970b3) x 1 0x00000000
core   0: 0x800016ac (0x004bc6b3) xor     a3, s7, tp
core   0: 3 0x800016ac (0x004bc6b3) x13 0x128d1b08
core   0: 0x800016b0 (0x01e69833) sll     a6, a3, t5
core   0: 3 0x800016b0 (0x01e69833) x16 0x00000000
core   0: 0x800016b4 (0x01b366b3) or      a3, t1, s11
core   0: 3 0x800016b4 (0x01b366b3) x13 0x000002ff
core   0: 0x800016b8 (0x40395693) srai    a3, s2, 3
core   0: 3 0x800016b8 (0x40395693) x13 0xffffff8e
core   0: 0x800016bc (0xa73c6793) ori     a5, s8, -1421
core   0: 3 0x800016bc (0xa73c6793) x15 0xfffffa73
core   0: 0x800016c0 (0x41055693) srai    a3, a0, 16
core   0: 3 0x800016c0 (0x41055693) x13 0x00000000
core   0: 0x800016c4 (0x00000013) nop
core   0: 3 0x800016c4 (0x00000013)
core   0: 0x800016c8 (0x4168d513) srai    a0, a7, 22
core   0: 3 0x800016c8 (0x4168d513) x10 0xffffffff
core   0: 0x800016cc (0x25d17eb7) lui     t4, 0x25d17
core   0: 3 0x800016cc (0x25d17eb7) x29 0x25d17000
core   0: 0x800016d0 (0x421b0713) addi    a4, s6, 1057
core   0: 3 0x800016d0 (0x421b0713) x14 0xfca1f3a8
core   0: 0x800016d4 (0x034b7cb3) remu    s9, s6, s4
core   0: 3 0x800016d4 (0x034b7cb3) x25 0x0000029b
core   0: 0x800016d8 (0x64c724b7) lui     s1, 0x64c72
core   0: 3 0x800016d8 (0x64c724b7) x 9 0x64c72000
core   0: 0x800016dc (0x02bcf833) remu    a6, s9, a1
core   0: 3 0x800016dc (0x02bcf833) x16 0x0000029b
core   0: 0x800016e0 (0x020b0fb3) mul     t6, s6, zero
core   0: 3 0x800016e0 (0x020b0fb3) x31 0x00000000
core   0: 0x800016e4 (0x017788b3) add     a7, a5, s7
core   0: 3 0x800016e4 (0x017788b3) x17 0xed72df6a
core   0: 0x800016e8 (0x00718433) add     s0, gp, t2
core   0: 3 0x800016e8 (0x00718433) x 8 0xfffffd9f
core   0: 0x800016ec (0x015b2eb3) slt     t4, s6, s5
core   0: 3 0x800016ec (0x015b2eb3) x29 0x00000001
core   0: 0x800016f0 (0x27b7e017) auipc   zero, 0x27b7e
core   0: 3 0x800016f0 (0x27b7e017)
core   0: 0x800016f4 (0x00d48193) addi    gp, s1, 13
core   0: 3 0x800016f4 (0x00d48193) x 3 0x64c7200d
core   0: 0x800016f8 (0x03e8aeb3) mulhsu  t4, a7, t5
core   0: 3 0x800016f8 (0x03e8aeb3) x29 0xffffffc8
core   0: 0x800016fc (0x03897eb3) remu    t4, s2, s8
core   0: 3 0x800016fc (0x03897eb3) x29 0x00000000
core   0: 0x80001700 (0x031ee4b3) rem     s1, t4, a7
core   0: 3 0x80001700 (0x031ee4b3) x 9 0x00000000
core   0: 0x80001704 (0x40ac5bb3) sra     s7, s8, a0
core   0: 3 0x80001704 (0x40ac5bb3) x23 0x00000000
core   0: 0x80001708 (0x026e73b3) remu    t2, t3, t1
core   0: 3 0x80001708 (0x026e73b3) x 7 0x000001f6
core   0: 0x8000170c (0x038a83b3) mul     t2, s5, s8
core   0: 3 0x8000170c (0x038a83b3) x 7 0xffffffff
core   0: 0x80001710 (0xc26a6d13) ori     s10, s4, -986
core   0: 3 0x80001710 (0xc26a6d13) x26 0xfffffeaf
core   0: 0x80001714 (0x66b1f313) andi    t1, gp, 1643
core   0: 3 0x80001714 (0x66b1f313) x 6 0x00000009
core   0: 0x80001718 (0x03961633) mulh    a2, a2, s9
core   0: 3 0x80001718 (0x03961633) x12 0x00000000
core   0: 0x8000171c (0x0140b6b3) sltu    a3, ra, s4
core   0: 3 0x8000171c (0x0140b6b3) x13 0x00000001
core   0: 0x80001720 (0x01504bb3) xor     s7, zero, s5
core   0: 3 0x80001720 (0x01504bb3) x23 0xffffffff
core   0: 0x80001724 (0x93f2b593) sltiu   a1, t0, -1729
core   0: 3 0x80001724 (0x93f2b593) x11 0x00000001
core   0: 0x80001728 (0x4ef88c13) addi    s8, a7, 1263
core   0: 3 0x80001728 (0x4ef88c13) x24 0xed72e459
core   0: 0x8000172c (0x03c20733) mul     a4, tp, t3
core   0: 3 0x8000172c (0x03c20733) x14 0x7ffe731c
core   0: 0x80001730 (0x41ffdf33) sra     t5, t6, t6
core   0: 3 0x80001730 (0x41ffdf33) x30 0x00000000
core   0: 0x80001734 (0xa4c9ec93) ori     s9, s3, -1460
core   0: 3 0x80001734 (0xa4c9ec93) x25 0xffffffff
core   0: 0x80001738 (0x010ffc33) and     s8, t6, a6
core   0: 3 0x80001738 (0x010ffc33) x24 0x00000000
core   0: 0x8000173c (0x00c4adb3) slt     s11, s1, a2
core   0: 3 0x8000173c (0x00c4adb3) x27 0x00000000
core   0: 0x80001740 (0x00c719b3) sll     s3, a4, a2
core   0: 3 0x80001740 (0x00c719b3) x19 0x7ffe731c
core   0: 0x80001744 (0x3c438a37) lui     s4, 0x3c438
core   0: 3 0x80001744 (0x3c438a37) x20 0x3c438000
core   0: 0x80001748 (0x021f58b3) divu    a7, t5, ra
core   0: 3 0x80001748 (0x021f58b3) x17 0xffffffff
core   0: 0x8000174c (0x0181dab3) srl     s5, gp, s8
core   0: 3 0x8000174c (0x0181dab3) x21 0x64c7200d
core   0: 0x80001750 (0x007e33b3) sltu    t2, t3, t2
core   0: 3 0x80001750 (0x007e33b3) x 7 0x00000001
core   0: 0x80001754 (0x0099deb3) srl     t4, s3, s1
core   0: 3 0x80001754 (0x0099deb3) x29 0x7ffe731c
core   0: 0x80001758 (0x01139913) slli    s2, t2, 17
core   0: 3 0x80001758 (0x01139913) x18 0x00020000
core   0: 0x8000175c (0x010486b3) add     a3, s1, a6
core   0: 3 0x8000175c (0x010486b3) x13 0x0000029b
core   0: 0x80001760 (0x02a65db3) divu    s11, a2, a0
core   0: 3 0x80001760 (0x02a65db3) x27 0x00000000
core   0: 0x80001764 (0x401e51b3) sra     gp, t3, ra
core   0: 3 0x80001764 (0x401e51b3) x 3 0x80018ce4
core   0: 0x80001768 (0x02347733) remu    a4, s0, gp
core   0: 3 0x80001768 (0x02347733) x14 0x7ffe70bb
core   0: 0x8000176c (0x09717f13) andi    t5, sp, 151
core   0: 3 0x8000176c (0x09717f13) x30 0x00000000
core   0: 0x80001770 (0x61704a93) xori    s5, zero, 1559
core   0: 3 0x80001770 (0x61704a93) x21 0x00000617
core   0: 0x80001774 (0x031d3433) mulhu   s0, s10, a7
core   0: 3 0x80001774 (0x031d3433) x 8 0xfffffeae
core   0: 0x80001778 (0x012fd613) srli    a2, t6, 18
core   0: 3 0x80001778 (0x012fd613) x12 0x00000000
core   0: 0x8000177c (0x480e5e97) auipc   t4, 0x480e5
core   0: 3 0x8000177c (0x480e5e97) x29 0xc80e677c
core   0: 0x80001780 (0x01371913) slli    s2, a4, 19
core   0: 3 0x80001780 (0x01371913) x18 0x85d80000
core   0: 0x80001784 (0x00d3edb3) or      s11, t2, a3
core   0: 3 0x80001784 (0x00d3edb3) x27 0x0000029b
core   0: 0x80001788 (0x0065ad33) slt     s10, a1, t1
core   0: 3 0x80001788 (0x0065ad33) x26 0x00000001
core   0: 0x8000178c (0x008e6eb3) or      t4, t3, s0
core   0: 3 0x8000178c (0x008e6eb3) x29 0xfffffeee
core   0: 0x80001790 (0x016feb33) or      s6, t6, s6
core   0: 3 0x80001790 (0x016feb33) x22 0xfca1ef87
core   0: 0x80001794 (0x03bbe3b3) rem     t2, s7, s11
core   0: 3 0x80001794 (0x03bbe3b3) x 7 0xffffffff
core   0: 0x80001798 (0x40305a33) sra     s4, zero, gp
core   0: 3 0x80001798 (0x40305a33) x20 0x00000000
core   0: 0x8000179c (0x402b8db3) sub     s11, s7, sp
core   0: 3 0x8000179c (0x402b8db3) x27 0xfffffff7
core   0: 0x800017a0 (0x3d258d13) addi    s10, a1, 978
core   0: 3 0x800017a0 (0x3d258d13) x26 0x000003d3
core   0: 0x800017a4 (0x3e3e6737) lui     a4, 0x3e3e6
core   0: 3 0x800017a4 (0x3e3e6737) x14 0x3e3e6000
core   0: 0x800017a8 (0x889f0813) addi    a6, t5, -1911
core   0: 3 0x800017a8 (0x889f0813) x16 0xfffff889
core   0: 0x800017ac (0x01a7d213) srli    tp, a5, 26
core   0: 3 0x800017ac (0x01a7d213) x 4 0x0000003f
core   0: 0x800017b0 (0x02563c33) mulhu   s8, a2, t0
core   0: 3 0x800017b0 (0x02563c33) x24 0x00000000
core   0: 0x800017b4 (0x03522a33) mulhsu  s4, tp, s5
core   0: 3 0x800017b4 (0x03522a33) x20 0x00000000
core   0: 0x800017b8 (0x01657cb3) and     s9, a0, s6
core   0: 3 0x800017b8 (0x01657cb3) x25 0xfca1ef87
core   0: 0x800017bc (0x4178d713) srai    a4, a7, 23
core   0: 3 0x800017bc (0x4178d713) x14 0xffffffff
core   0: 0x800017c0 (0x41a685b3) sub     a1, a3, s10
core   0: 3 0x800017c0 (0x41a685b3) x11 0xfffffec8
core   0: 0x800017c4 (0xcabf6413) ori     s0, t5, -853
core   0: 3 0x800017c4 (0xcabf6413) x 8 0xfffffcab
core   0: 0x800017c8 (0x00000013) nop
core   0: 3 0x800017c8 (0x00000013)
core   0: 0x800017cc (0x0039b1b3) sltu    gp, s3, gp
core   0: 3 0x800017cc (0x0039b1b3) x 3 0x00000001
core   0: 0x800017d0 (0x03d7b533) mulhu   a0, a5, t4
core   0: 3 0x800017d0 (0x03d7b533) x10 0xfffff961
core   0: 0x800017d4 (0xdd64c793) xori    a5, s1, -554
core   0: 3 0x800017d4 (0xdd64c793) x15 0xfffffdd6
core   0: 0x800017d8 (0xe4ae3b17) auipc   s6, 0xe4ae3
core   0: 3 0x800017d8 (0xe4ae3b17) x22 0x64ae47d8
core   0: 0x800017dc (0x413303b3) sub     t2, t1, s3
core   0: 3 0x800017dc (0x413303b3) x 7 0x80018ced
core   0: 0x800017e0 (0x03b801b3) mul     gp, a6, s11
core   0: 3 0x800017e0 (0x03b801b3) x 3 0x0000432f
core   0: 0x800017e4 (0x03a791b3) mulh    gp, a5, s10
core   0: 3 0x800017e4 (0x03a791b3) x 3 0xffffffff
core   0: 0x800017e8 (0x200dbdb7) lui     s11, 0x200db
core   0: 3 0x800017e8 (0x200dbdb7) x27 0x200db000
core   0: 0x800017ec (0x02a76833) rem     a6, a4, a0
core   0: 3 0x800017ec (0x02a76833) x16 0xffffffff
core   0: 0x800017f0 (0x005c5d33) srl     s10, s8, t0
core   0: 3 0x800017f0 (0x005c5d33) x26 0x00000000
core   0: 0x800017f4 (0x400889b3) sub     s3, a7, zero
core   0: 3 0x800017f4 (0x400889b3) x19 0xffffffff
core   0: 0x800017f8 (0x019497b3) sll     a5, s1, s9
core   0: 3 0x800017f8 (0x019497b3) x15 0x00000000
core   0: 0x800017fc (0x01089213) slli    tp, a7, 16
core   0: 3 0x800017fc (0x01089213) x 4 0xffff0000
core   0: 0x80001800 (0x885a7c13) andi    s8, s4, -1915
core   0: 3 0x80001800 (0x885a7c13) x24 0x00000000
core   0: 0x80001804 (0x02f2f9b3) remu    s3, t0, a5
core   0: 3 0x80001804 (0x02f2f9b3) x19 0x80014e64
core   0: 0x80001808 (0x0349e1b3) rem     gp, s3, s4
core   0: 3 0x80001808 (0x0349e1b3) x 3 0x80014e64
core   0: 0x8000180c (0x00d596b3) sll     a3, a1, a3
core   0: 3 0x8000180c (0x00d596b3) x13 0x40000000
core   0: 0x80001810 (0x668ffc13) andi    s8, t6, 1640
core   0: 3 0x80001810 (0x668ffc13) x24 0x00000000
core   0: 0x80001814 (0x6eee9597) auipc   a1, 0x6eee9
core   0: 3 0x80001814 (0x6eee9597) x11 0xeeeea814
core   0: 0x80001818 (0x013a5893) srli    a7, s4, 19
core   0: 3 0x80001818 (0x013a5893) x17 0x00000000
core   0: 0x8000181c (0x02430433) mul     s0, t1, tp
core   0: 3 0x8000181c (0x02430433) x 8 0xfff70000
core   0: 0x80001820 (0x01fd9233) sll     tp, s11, t6
core   0: 3 0x80001820 (0x01fd9233) x 4 0x200db000
core   0: 0x80001824 (0x01600713) li      a4, 22
core   0: 3 0x80001824 (0x01600713) x14 0x00000016
core   0: 0x80001828 (0x560f9617) auipc   a2, 0x560f9
core   0: 3 0x80001828 (0x560f9617) x12 0xd60fa828
core   0: 0x8000182c (0x00546bb3) or      s7, s0, t0
core   0: 3 0x8000182c (0x00546bb3) x23 0xfff74e64
core   0: 0x80001830 (0x40b607b3) sub     a5, a2, a1
core   0: 3 0x80001830 (0x40b607b3) x15 0xe7210014
core   0: 0x80001834 (0x00af2533) slt     a0, t5, a0
core   0: 3 0x80001834 (0x00af2533) x10 0x00000000
core   0: 0x80001838 (0x00b70433) add     s0, a4, a1
core   0: 3 0x80001838 (0x00b70433) x 8 0xeeeea82a
core   0: 0x8000183c (0x0146d733) srl     a4, a3, s4
core   0: 3 0x8000183c (0x0146d733) x14 0x40000000
core   0: 0x80001840 (0x289d4a93) xori    s5, s10, 649
core   0: 3 0x80001840 (0x289d4a93) x21 0x00000289
core   0: 0x80001844 (0x4041d333) sra     t1, gp, tp
core   0: 3 0x80001844 (0x4041d333) x 6 0x80014e64
core   0: 0x80001848 (0x2c7aa413) slti    s0, s5, 711
core   0: 3 0x80001848 (0x2c7aa413) x 8 0x00000001
core   0: 0x8000184c (0x002cbbb3) sltu    s7, s9, sp
core   0: 3 0x8000184c (0x002cbbb3) x23 0x00000000
core   0: 0x80001850 (0x12d53b13) sltiu   s6, a0, 301
core   0: 3 0x80001850 (0x12d53b13) x22 0x00000001
core   0: 0x80001854 (0x0023ceb3) xor     t4, t2, sp
core   0: 3 0x80001854 (0x0023ceb3) x29 0x80018ce5
core   0: 0x80001858 (0x00bd3033) sltu    zero, s10, a1
core   0: 3 0x80001858 (0x00bd3033)
core   0: 0x8000185c (0x01f4df13) srli    t5, s1, 31
core   0: 3 0x8000185c (0x01f4df13) x30 0x00000000
core   0: 0x80001860 (0x01c9e833) or      a6, s3, t3
core   0: 3 0x80001860 (0x01c9e833) x16 0x8001cee4
core   0: 0x80001864 (0x036bddb3) divu    s11, s7, s6
core   0: 3 0x80001864 (0x036bddb3) x27 0x00000000
core   0: 0x80001868 (0xa9c04f93) xori    t6, zero, -1380
core   0: 3 0x80001868 (0xa9c04f93) x31 0xfffffa9c
core   0: 0x8000186c (0x03f3b1b3) mulhu   gp, t2, t6
core   0: 3 0x8000186c (0x03f3b1b3) x 3 0x80018a3a
core   0: 0x80001870 (0x03d02033) mulhsu  zero, zero, t4
core   0: 3 0x80001870 (0x03d02033)
core   0: 0x80001874 (0x036533b3) mulhu   t2, a0, s6
core   0: 3 0x80001874 (0x036533b3) x 7 0x00000000
core   0: 0x80001878 (0x020da0b3) mulhsu  ra, s11, zero
core   0: 3 0x80001878 (0x020da0b3) x 1 0x00000000
core   0: 0x8000187c (0x01ef4933) xor     s2, t5, t5
core   0: 3 0x8000187c (0x01ef4933) x18 0x00000000
core   0: 0x80001880 (0x00e02bb3) slt     s7, zero, a4
core   0: 3 0x80001880 (0x00e02bb3) x23 0x00000001
core   0: 0x80001884 (0x032af333) remu    t1, s5, s2
core   0: 3 0x80001884 (0x032af333) x 6 0x00000289
core   0: 0x80001888 (0xc7b5d7b7) lui     a5, 0xc7b5d
core   0: 3 0x80001888 (0xc7b5d7b7) x15 0xc7b5d000
core   0: 0x8000188c (0x9f55b513) sltiu   a0, a1, -1547
core   0: 3 0x8000188c (0x9f55b513) x10 0x00000001
core   0: 0x80001890 (0x03992f33) mulhsu  t5, s2, s9
core   0: 3 0x80001890 (0x03992f33) x30 0x00000000
core   0: 0x80001894 (0x0250e4b3) rem     s1, ra, t0
core   0: 3 0x80001894 (0x0250e4b3) x 9 0x00000000
core   0: 0x80001898 (0x01174d33) xor     s10, a4, a7
core   0: 3 0x80001898 (0x01174d33) x26 0x40000000
core   0: 0x8000189c (0x00000013) nop
core   0: 3 0x8000189c (0x00000013)
core   0: 0x800018a0 (0x00c87433) and     s0, a6, a2
core   0: 3 0x800018a0 (0x00c87433) x 8 0x80018820
core   0: 0x800018a4 (0x5993b313) sltiu   t1, t2, 1433
core   0: 3 0x800018a4 (0x5993b313) x 6 0x00000001
core   0: 0x800018a8 (0x0213c9b3) div     s3, t2, ra
core   0: 3 0x800018a8 (0x0213c9b3) x19 0xffffffff
core   0: 0x800018ac (0x02468433) mul     s0, a3, tp
core   0: 3 0x800018ac (0x02468433) x 8 0x00000000
core   0: 0x800018b0 (0x019d3a33) sltu    s4, s10, s9
core   0: 3 0x800018b0 (0x019d3a33) x20 0x00000001
core   0: 0x800018b4 (0x41e38533) sub     a0, t2, t5
core   0: 3 0x800018b4 (0x41e38533) x10 0x00000000
core   0: 0x800018b8 (0x418a80b3) sub     ra, s5, s8
core   0: 3 0x800018b8 (0x418a80b3) x 1 0x00000289
core   0: 0x800018bc (0x02413733) mulhu   a4, sp, tp
core   0: 3 0x800018bc (0x02413733) x14 0x00000001
core   0: 0x800018c0 (0x41ee8c33) sub     s8, t4, t5
core   0: 3 0x800018c0 (0x41ee8c33) x24 0x80018ce5
core   0: 0x800018c4 (0x0043d593) srli    a1, t2, 4
core   0: 3 0x800018c4 (0x0043d593) x11 0x00000000
core   0: 0x800018c8 (0x016a50b3) srl     ra, s4, s6
core   0: 3 0x800018c8 (0x016a50b3) x 1 0x00000000
core   0: 0x800018cc (0x40ee8bb3) sub     s7, t4, a4
core   0: 3 0x800018cc (0x40ee8bb3) x23 0x80018ce4
core   0: 0x800018d0 (0x0007da13) srli    s4, a5, 0
core   0: 3 0x800018d0 (0x0007da13) x20 0xc7b5d000
core   0: 0x800018d4 (0xd3934a37) lui     s4, 0xd3934
core   0: 3 0x800018d4 (0xd3934a37) x20 0xd3934000
core   0: 0x800018d8 (0x0288e9b3) rem     s3, a7, s0
core   0: 3 0x800018d8 (0x0288e9b3) x19 0x00000000
core   0: 0x800018dc (0x4133d933) sra     s2, t2, s3
core   0: 3 0x800018dc (0x4133d933) x18 0x00000000
core   0: 0x800018e0 (0x02347b33) remu    s6, s0, gp
core   0: 3 0x800018e0 (0x02347b33) x22 0x00000000
core   0: 0x800018e4 (0x03ef2cb3) mulhsu  s9, t5, t5
core   0: 3 0x800018e4 (0x03ef2cb3) x25 0x00000000
core   0: 0x800018e8 (0x1e3dc597) auipc   a1, 0x1e3dc
core   0: 3 0x800018e8 (0x1e3dc597) x11 0x9e3dd8e8
core   0: 0x800018ec (0x01327833) and     a6, tp, s3
core   0: 3 0x800018ec (0x01327833) x16 0x00000000
core   0: 0x800018f0 (0x030fdfb3) divu    t6, t6, a6
core   0: 3 0x800018f0 (0x030fdfb3) x31 0xffffffff
core   0: 0x800018f4 (0xb04c2b93) slti    s7, s8, -1276
core   0: 3 0x800018f4 (0xb04c2b93) x23 0x00000001
core   0: 0x800018f8 (0x9627b213) sltiu   tp, a5, -1694
core   0: 3 0x800018f8 (0x9627b213) x 4 0x00000001
core   0: 0x800018fc (0x02c038b3) mulhu   a7, zero, a2
core   0: 3 0x800018fc (0x02c038b3) x17 0x00000000
core   0: 0x80001900 (0x02f48eb3) mul     t4, s1, a5
core   0: 3 0x80001900 (0x02f48eb3) x29 0x00000000
core   0: 0x80001904 (0x01eb1793) slli    a5, s6, 30
core   0: 3 0x80001904 (0x01eb1793) x15 0x00000000
core   0: 0x80001908 (0x002b1413) slli    s0, s6, 2
core   0: 3 0x80001908 (0x002b1413) x 8 0x00000000
core   0: 0x8000190c (0x03eb00b3) mul     ra, s6, t5
core   0: 3 0x8000190c (0x03eb00b3) x 1 0x00000000
core   0: 0x80001910 (0x495a7013) andi    zero, s4, 1173
core   0: 3 0x80001910 (0x495a7013)
core   0: 0x80001914 (0x4165d1b3) sra     gp, a1, s6
core   0: 3 0x80001914 (0x4165d1b3) x 3 0x9e3dd8e8
core   0: 0x80001918 (0x0352f3b3) remu    t2, t0, s5
core   0: 3 0x80001918 (0x0352f3b3) x 7 0x00000159
core   0: 0x8000191c (0x00c25413) srli    s0, tp, 12
core   0: 3 0x8000191c (0x00c25413) x 8 0x00000000
core   0: 0x80001920 (0x02a61db3) mulh    s11, a2, a0
core   0: 3 0x80001920 (0x02a61db3) x27 0x00000000
core   0: 0x80001924 (0x0085d893) srli    a7, a1, 8
core   0: 3 0x80001924 (0x0085d893) x17 0x009e3dd8
core   0: 0x80001928 (0x014649b3) xor     s3, a2, s4
core   0: 3 0x80001928 (0x014649b3) x19 0x059ce828
core   0: 0x8000192c (0x01501033) sll     zero, zero, s5
core   0: 3 0x8000192c (0x01501033)
core   0: 0x80001930 (0x027be033) rem     zero, s7, t2
core   0: 3 0x80001930 (0x027be033)
core   0: 0x80001934 (0x70bc6d93) ori     s11, s8, 1803
core   0: 3 0x80001934 (0x70bc6d93) x27 0x80018fef
core   0: 0x80001938 (0x0323dcb3) divu    s9, t2, s2
core   0: 3 0x80001938 (0x0323dcb3) x25 0xffffffff
core   0: 0x8000193c (0xb42f0d13) addi    s10, t5, -1214
core   0: 3 0x8000193c (0xb42f0d13) x26 0xfffffb42
core   0: 0x80001940 (0x03d4bb33) mulhu   s6, s1, t4
core   0: 3 0x80001940 (0x03d4bb33) x22 0x00000000
core   0: 0x80001944 (0x00151c93) slli    s9, a0, 1
core   0: 3 0x80001944 (0x00151c93) x25 0x00000000
core   0: 0x80001948 (0x008f2ab3) slt     s5, t5, s0
core   0: 3 0x80001948 (0x008f2ab3) x21 0x00000000
core   0: 0x8000194c (0x0141df93) srli    t6, gp, 20
core   0: 3 0x8000194c (0x0141df93) x31 0x000009e3
core   0: 0x80001950 (0x412ed233) sra     tp, t4, s2
core   0: 3 0x80001950 (0x412ed233) x 4 0x00000000
core   0: 0x80001954 (0x0393cab3) div     s5, t2, s9
core   0: 3 0x80001954 (0x0393cab3) x21 0xffffffff
core   0: 0x80001958 (0x3ae84317) auipc   t1, 0x3ae84
core   0: 3 0x80001958 (0x3ae84317) x 6 0xbae85958
core   0: 0x8000195c (0x127ee513) ori     a0, t4, 295
core   0: 3 0x8000195c (0x127ee513) x10 0x00000127
core   0: 0x80001960 (0x00e9b333) sltu    t1, s3, a4
core   0: 3 0x80001960 (0x00e9b333) x 6 0x00000000
core   0: 0x80001964 (0x00f71c33) sll     s8, a4, a5
core   0: 3 0x80001964 (0x00f71c33) x24 0x00000001
core   0: 0x80001968 (0x00099733) sll     a4, s3, zero
core   0: 3 0x80001968 (0x00099733) x14 0x059ce828
core   0: 0x8000196c (0x00f6e933) or      s2, a3, a5
core   0: 3 0x8000196c (0x00f6e933) x18 0x40000000
core   0: 0x80001970 (0x7693f193) andi    gp, t2, 1897
core   0: 3 0x80001970 (0x7693f193) x 3 0x00000149
core   0: 0x80001974 (0x24788013) addi    zero, a7, 583
core   0: 3 0x80001974 (0x24788013)
core   0: 0x80001978 (0x40fd8933) sub     s2, s11, a5
core   0: 3 0x80001978 (0x40fd8933) x18 0x80018fef
core   0: 0x8000197c (0x039cc333) div     t1, s9, s9
core   0: 3 0x8000197c (0x039cc333) x 6 0xffffffff
core   0: 0x80001980 (0x40ac5d33) sra     s10, s8, a0
core   0: 3 0x80001980 (0x40ac5d33) x26 0x00000000
core   0: 0x80001984 (0x03057933) remu    s2, a0, a6
core   0: 3 0x80001984 (0x03057933) x18 0x00000127
core   0: 0x80001988 (0x020108b3) mul     a7, sp, zero
core   0: 3 0x80001988 (0x020108b3) x17 0x00000000
core   0: 0x8000198c (0x039eb733) mulhu   a4, t4, s9
core   0: 3 0x8000198c (0x039eb733) x14 0x00000000
core   0: 0x80001990 (0x0135a333) slt     t1, a1, s3
core   0: 3 0x80001990 (0x0135a333) x 6 0x00000001
core   0: 0x80001994 (0x03183b33) mulhu   s6, a6, a7
core   0: 3 0x80001994 (0x03183b33) x22 0x00000000
core   0: 0x80001998 (0x01045d13) srli    s10, s0, 16
core   0: 3 0x80001998 (0x01045d13) x26 0x00000000
core   0: 0x8000199c (0xb9437537) lui     a0, 0xb9437
core   0: 3 0x8000199c (0xb9437537) x10 0xb9437000
core   0: 0x800019a0 (0xa17d3213) sltiu   tp, s10, -1513
core   0: 3 0x800019a0 (0xa17d3213) x 4 0x00000001
core   0: 0x800019a4 (0x9b5b8c13) addi    s8, s7, -1611
core   0: 3 0x800019a4 (0x9b5b8c13) x24 0xfffff9b6
core   0: 0x800019a8 (0x256f7593) andi    a1, t5, 598
core   0: 3 0x800019a8 (0x256f7593) x11 0x00000000
core   0: 0x800019ac (0x00d9deb3) srl     t4, s3, a3
core   0: 3 0x800019ac (0x00d9deb3) x29 0x059ce828
core   0: 0x800019b0 (0x01be7f33) and     t5, t3, s11
core   0: 3 0x800019b0 (0x01be7f33) x30 0x80018ce4
core   0: 0x800019b4 (0x007c3bb3) sltu    s7, s8, t2
core   0: 3 0x800019b4 (0x007c3bb3) x23 0x00000000
core   0: 0x800019b8 (0x41685233) sra     tp, a6, s6
core   0: 3 0x800019b8 (0x41685233) x 4 0x00000000
core   0: 0x800019bc (0x4096ddb3) sra     s11, a3, s1
core   0: 3 0x800019bc (0x4096ddb3) x27 0x40000000
core   0: 0x800019c0 (0x415653b3) sra     t2, a2, s5
core   0: 3 0x800019c0 (0x415653b3) x 7 0xffffffff
core   0: 0x800019c4 (0x022980b3) mul     ra, s3, sp
core   0: 3 0x800019c4 (0x022980b3) x 1 0x2ce74140
core   0: 0x800019c8 (0x029b3833) mulhu   a6, s6, s1
core   0: 3 0x800019c8 (0x029b3833) x16 0x00000000
core   0: 0x800019cc (0x0293c433) div     s0, t2, s1
core   0: 3 0x800019cc (0x0293c433) x 8 0xffffffff
core   0: 0x800019d0 (0x03195233) divu    tp, s2, a7
core   0: 3 0x800019d0 (0x03195233) x 4 0xffffffff
core   0: 0x800019d4 (0x01e88333) add     t1, a7, t5
core   0: 3 0x800019d4 (0x01e88333) x 6 0x80018ce4
core   0: 0x800019d8 (0x03f6e633) rem     a2, a3, t6
core   0: 3 0x800019d8 (0x03f6e633) x12 0x000001fc
core   0: 0x800019dc (0xcf6f2093) slti    ra, t5, -778
core   0: 3 0x800019dc (0xcf6f2093) x 1 0x00000001
core   0: 0x800019e0 (0x03b32633) mulhsu  a2, t1, s11
core   0: 3 0x800019e0 (0x03b32633) x12 0xe0006339
core   0: 0x800019e4 (0xb82c1917) auipc   s2, 0xb82c1
core   0: 3 0x800019e4 (0xb82c1917) x18 0x382c29e4
core   0: 0x800019e8 (0xd805ac93) slti    s9, a1, -640
core   0: 3 0x800019e8 (0xd805ac93) x25 0x00000000
core   0: 0x800019ec (0x93c02913) slti    s2, zero, -1732
core   0: 3 0x800019ec (0x93c02913) x18 0x00000000
core   0: 0x800019f0 (0x030a4a33) div     s4, s4, a6
core   0: 3 0x800019f0 (0x030a4a33) x20 0xffffffff
core   0: 0x800019f4 (0x02ca6ab3) rem     s5, s4, a2
core   0: 3 0x800019f4 (0x02ca6ab3) x21 0xffffffff
core   0: 0x800019f8 (0x00cafbb3) and     s7, s5, a2
core   0: 3 0x800019f8 (0x00cafbb3) x23 0xe0006339
core   0: 0x800019fc (0x0028fcb3) and     s9, a7, sp
core   0: 3 0x800019fc (0x0028fcb3) x25 0x00000000
core   0: 0x80001a00 (0x55f46f13) ori     t5, s0, 1375
core   0: 3 0x80001a00 (0x55f46f13) x30 0xffffffff
core   0: 0x80001a04 (0x018d1633) sll     a2, s10, s8
core   0: 3 0x80001a04 (0x018d1633) x12 0x00000000
core   0: 0x80001a08 (0x01b14533) xor     a0, sp, s11
core   0: 3 0x80001a08 (0x01b14533) x10 0x40000008
core   0: 0x80001a0c (0x03d08f33) mul     t5, ra, t4
core   0: 3 0x80001a0c (0x03d08f33) x30 0x059ce828
core   0: 0x80001a10 (0x016b51b3) srl     gp, s6, s6
core   0: 3 0x80001a10 (0x016b51b3) x 3 0x00000000
core   0: 0x80001a14 (0x03833033) mulhu   zero, t1, s8
core   0: 3 0x80001a14 (0x03833033)
core   0: 0x80001a18 (0x026a1533) mulh    a0, s4, t1
core   0: 3 0x80001a18 (0x026a1533) x10 0x00000000
core   0: 0x80001a1c (0x011b6333) or      t1, s6, a7
core   0: 3 0x80001a1c (0x011b6333) x 6 0x00000000
core   0: 0x80001a20 (0x02441233) mulh    tp, s0, tp
core   0: 3 0x80001a20 (0x02441233) x 4 0x00000000
core   0: 0x80001a24 (0x039a28b3) mulhsu  a7, s4, s9
core   0: 3 0x80001a24 (0x039a28b3) x17 0x00000000
core   0: 0x80001a28 (0x03fc9233) mulh    tp, s9, t6
core   0: 3 0x80001a28 (0x03fc9233) x 4 0x00000000
core   0: 0x80001a2c (0x4de77613) andi    a2, a4, 1246
core   0: 3 0x80001a2c (0x4de77613) x12 0x00000000
core   0: 0x80001a30 (0xd35e1417) auipc   s0, 0xd35e1
core   0: 3 0x80001a30 (0xd35e1417) x 8 0x535e2a30
core   0: 0x80001a34 (0x00000013) nop
core   0: 3 0x80001a34 (0x00000013)
core   0: 0x80001a38 (0x008e37b3) sltu    a5, t3, s0
core   0: 3 0x80001a38 (0x008e37b3) x15 0x00000000
core   0: 0x80001a3c (0x522a2893) slti    a7, s4, 1314
core   0: 3 0x80001a3c (0x522a2893) x17 0x00000001
core   0: 0x80001a40 (0x02f83533) mulhu   a0, a6, a5
core   0: 3 0x80001a40 (0x02f83533) x10 0x00000000
core   0: 0x80001a44 (0x032d70b3) remu    ra, s10, s2
core   0: 3 0x80001a44 (0x032d70b3) x 1 0x00000000
core   0: 0x80001a48 (0x01db5833) srl     a6, s6, t4
core   0: 3 0x80001a48 (0x01db5833) x16 0x00000000
core   0: 0x80001a4c (0x401ab213) sltiu   tp, s5, 1025
core   0: 3 0x80001a4c (0x401ab213) x 4 0x00000000
core   0: 0x80001a50 (0x02c1be93) sltiu   t4, gp, 44
core   0: 3 0x80001a50 (0x02c1be93) x29 0x00000001
core   0: 0x80001a54 (0xe30a4bb7) lui     s7, 0xe30a4
core   0: 3 0x80001a54 (0xe30a4bb7) x23 0xe30a4000
core   0: 0x80001a58 (0x00bedc13) srli    s8, t4, 11
core   0: 3 0x80001a58 (0x00bedc13) x24 0x00000000
core   0: 0x80001a5c (0xd536fd13) andi    s10, a3, -685
core   0: 3 0x80001a5c (0xd536fd13) x26 0x40000000
core   0: 0x80001a60 (0x154ae593) ori     a1, s5, 340
core   0: 3 0x80001a60 (0x154ae593) x11 0xffffffff
core   0: 0x80001a64 (0x022455b3) divu    a1, s0, sp
core   0: 3 0x80001a64 (0x022455b3) x11 0x0a6bc546
core   0: 0x80001a68 (0x0301a8b3) mulhsu  a7, gp, a6
core   0: 3 0x80001a68 (0x0301a8b3) x17 0x00000000
core   0: 0x80001a6c (0xc075f793) andi    a5, a1, -1017
core   0: 3 0x80001a6c (0xc075f793) x15 0x0a6bc406
core   0: 0x80001a70 (0x016a3a33) sltu    s4, s4, s6
core   0: 3 0x80001a70 (0x016a3a33) x20 0x00000000
core   0: 0x80001a74 (0x6678dcb7) lui     s9, 0x6678d
core   0: 3 0x80001a74 (0x6678dcb7) x25 0x6678d000
core   0: 0x80001a78 (0x98adeb97) auipc   s7, 0x98ade
core   0: 3 0x80001a78 (0x98adeb97) x23 0x18adfa78
core   0: 0x80001a7c (0xc060b393) sltiu   t2, ra, -1018
core   0: 3 0x80001a7c (0xc060b393) x 7 0x00000001
core   0: 0x80001a80 (0x7084c413) xori    s0, s1, 1800
core   0: 3 0x80001a80 (0x7084c413) x 8 0x00000708
core   0: 0x80001a84 (0x44b36e93) ori     t4, t1, 1099
core   0: 3 0x80001a84 (0x44b36e93) x29 0x0000044b
core   0: 0x80001a88 (0x01c69b13) slli    s6, a3, 28
core   0: 3 0x80001a88 (0x01c69b13) x22 0x00000000
core   0: 0x80001a8c (0x00000013) nop
core   0: 3 0x80001a8c (0x00000013)
core   0: 0x80001a90 (0x00000013) nop
core   0: 3 0x80001a90 (0x00000013)
core   0: 0x80001a94 (0xcfab6013) ori     zero, s6, -774
core   0: 3 0x80001a94 (0xcfab6013)
core   0: 0x80001a98 (0x03a77f33) remu    t5, a4, s10
core   0: 3 0x80001a98 (0x03a77f33) x30 0x00000000
core   0: 0x80001a9c (0x712345b7) lui     a1, 0x71234
core   0: 3 0x80001a9c (0x712345b7) x11 0x71234000
core   0: 0x80001aa0 (0x00754bb3) xor     s7, a0, t2
core   0: 3 0x80001aa0 (0x00754bb3) x23 0x00000001
core   0: 0x80001aa4 (0x9957ef13) ori     t5, a5, -1643
core   0: 3 0x80001aa4 (0x9957ef13) x30 0xfffffd97
core   0: 0x80001aa8 (0x02351c33) mulh    s8, a0, gp
core   0: 3 0x80001aa8 (0x02351c33) x24 0x00000000
core   0: 0x80001aac (0x017320b3) slt     ra, t1, s7
core   0: 3 0x80001aac (0x017320b3) x 1 0x00000001
core   0: 0x80001ab0 (0x40000b33) sub     s6, zero, zero
core   0: 3 0x80001ab0 (0x40000b33) x22 0x00000000
core   0: 0x80001ab4 (0x005683b3) add     t2, a3, t0
core   0: 3 0x80001ab4 (0x005683b3) x 7 0xc0014e64
core   0: 0x80001ab8 (0x036f9833) mulh    a6, t6, s6
core   0: 3 0x80001ab8 (0x036f9833) x16 0x00000000
core   0: 0x80001abc (0x02127533) remu    a0, tp, ra
core   0: 3 0x80001abc (0x02127533) x10 0x00000000
core   0: 0x80001ac0 (0x011c6f33) or      t5, s8, a7
core   0: 3 0x80001ac0 (0x011c6f33) x30 0x00000000
core   0: 0x80001ac4 (0x012c21b3) slt     gp, s8, s2
core   0: 3 0x80001ac4 (0x012c21b3) x 3 0x00000000
core   0: 0x80001ac8 (0x020005b3) mul     a1, zero, zero
core   0: 3 0x80001ac8 (0x020005b3) x11 0x00000000
core   0: 0x80001acc (0xd395ac13) slti    s8, a1, -711
core   0: 3 0x80001acc (0xd395ac13) x24 0x00000000
core   0: 0x80001ad0 (0x412fd813) srai    a6, t6, 18
core   0: 3 0x80001ad0 (0x412fd813) x16 0x00000000
core   0: 0x80001ad4 (0x00b994b3) sll     s1, s3, a1
core   0: 3 0x80001ad4 (0x00b994b3) x 9 0x059ce828
core   0: 0x80001ad8 (0x01465633) srl     a2, a2, s4
core   0: 3 0x80001ad8 (0x01465633) x12 0x00000000
core   0: 0x80001adc (0x0215a1b3) mulhsu  gp, a1, ra
core   0: 3 0x80001adc (0x0215a1b3) x 3 0x00000000
core   0: 0x80001ae0 (0x050eb5b7) lui     a1, 0x50eb
core   0: 3 0x80001ae0 (0x050eb5b7) x11 0x050eb000
core   0: 0x80001ae4 (0x02018ab3) mul     s5, gp, zero
core   0: 3 0x80001ae4 (0x02018ab3) x21 0x00000000
core   0: 0x80001ae8 (0x19859f97) auipc   t6, 0x19859
core   0: 3 0x80001ae8 (0x19859f97) x31 0x9985aae8
core   0: 0x80001aec (0x03d52633) mulhsu  a2, a0, t4
core   0: 3 0x80001aec (0x03d52633) x12 0x00000000
core   0: 0x80001af0 (0x00a90333) add     t1, s2, a0
core   0: 3 0x80001af0 (0x00a90333) x 6 0x00000000
core   0: 0x80001af4 (0x00d8eeb3) or      t4, a7, a3
core   0: 3 0x80001af4 (0x00d8eeb3) x29 0x40000000
core   0: 0x80001af8 (0x01a2fd33) and     s10, t0, s10
core   0: 3 0x80001af8 (0x01a2fd33) x26 0x00000000
core   0: 0x80001afc (0x00000013) nop
core   0: 3 0x80001afc (0x00000013)
core   0: 0x80001b00 (0x41a5df33) sra     t5, a1, s10
core   0: 3 0x80001b00 (0x41a5df33) x30 0x050eb000
core   0: 0x80001b04 (0x00fd7bb3) and     s7, s10, a5
core   0: 3 0x80001b04 (0x00fd7bb3) x23 0x00000000
core   0: 0x80001b08 (0x0254dfb3) divu    t6, s1, t0
core   0: 3 0x80001b08 (0x0254dfb3) x31 0x00000000
core   0: 0x80001b0c (0x02b86bb3) rem     s7, a6, a1
core   0: 3 0x80001b0c (0x02b86bb3) x23 0x00000000
core   0: 0x80001b10 (0x03a957b3) divu    a5, s2, s10
core   0: 3 0x80001b10 (0x03a957b3) x15 0xffffffff
core   0: 0x80001b14 (0x0333b7b3) mulhu   a5, t2, s3
core   0: 3 0x80001b14 (0x0333b7b3) x15 0x0435b572
core   0: 0x80001b18 (0x00f01b13) slli    s6, zero, 15
core   0: 3 0x80001b18 (0x00f01b13) x22 0x00000000
core   0: 0x80001b1c (0x0244f933) remu    s2, s1, tp
core   0: 3 0x80001b1c (0x0244f933) x18 0x059ce828
core   0: 0x80001b20 (0x00801093) slli    ra, zero, 8
core   0: 3 0x80001b20 (0x00801093) x 1 0x00000000
core   0: 0x80001b24 (0x02de8333) mul     t1, t4, a3
core   0: 3 0x80001b24 (0x02de8333) x 6 0x00000000
core   0: 0x80001b28 (0x4126df33) sra     t5, a3, s2
core   0: 3 0x80001b28 (0x4126df33) x30 0x00400000
core   0: 0x80001b2c (0x03364333) div     t1, a2, s3
core   0: 3 0x80001b2c (0x03364333) x 6 0x00000000
core   0: 0x80001b30 (0x00000013) nop
core   0: 3 0x80001b30 (0x00000013)
core   0: 0x80001b34 (0x015cac33) slt     s8, s9, s5
core   0: 3 0x80001b34 (0x015cac33) x24 0x00000000
core   0: 0x80001b38 (0x045c0097) auipc   ra, 0x45c0
core   0: 3 0x80001b38 (0x045c0097) x 1 0x845c1b38
core   0: 0x80001b3c (0x0376a033) mulhsu  zero, a3, s7
core   0: 3 0x80001b3c (0x0376a033)
core   0: 0x80001b40 (0x00c85913) srli    s2, a6, 12
core   0: 3 0x80001b40 (0x00c85913) x18 0x00000000
core   0: 0x80001b44 (0x69223593) sltiu   a1, tp, 1682
core   0: 3 0x80001b44 (0x69223593) x11 0x00000001
core   0: 0x80001b48 (0x90243b13) sltiu   s6, s0, -1790
core   0: 3 0x80001b48 (0x90243b13) x22 0x00000001
core   0: 0x80001b4c (0x037f16b3) mulh    a3, t5, s7
core   0: 3 0x80001b4c (0x037f16b3) x13 0x00000000
core   0: 0x80001b50 (0x00000013) nop
core   0: 3 0x80001b50 (0x00000013)
core   0: 0x80001b54 (0x0034e8b3) or      a7, s1, gp
core   0: 3 0x80001b54 (0x0034e8b3) x17 0x059ce828
core   0: 0x80001b58 (0x00eac233) xor     tp, s5, a4
core   0: 3 0x80001b58 (0x00eac233) x 4 0x00000000
core   0: 0x80001b5c (0x020c3f33) mulhu   t5, s8, zero
core   0: 3 0x80001b5c (0x020c3f33) x30 0x00000000
core   0: 0x80001b60 (0x02d5b9b3) mulhu   s3, a1, a3
core   0: 3 0x80001b60 (0x02d5b9b3) x19 0x00000000
core   0: 0x80001b64 (0x00f11693) slli    a3, sp, 15
core   0: 3 0x80001b64 (0x00f11693) x13 0x00040000
core   0: 0x80001b68 (0xb768b393) sltiu   t2, a7, -1162
core   0: 3 0x80001b68 (0xb768b393) x 7 0x00000001
core   0: 0x80001b6c (0x03a875b3) remu    a1, a6, s10
core   0: 3 0x80001b6c (0x03a875b3) x11 0x00000000
core   0: 0x80001b70 (0x00febeb3) sltu    t4, t4, a5
core   0: 3 0x80001b70 (0x00febeb3) x29 0x00000000
core   0: 0x80001b74 (0x003189b3) add     s3, gp, gp
core   0: 3 0x80001b74 (0x003189b3) x19 0x00000000
core   0: 0x80001b78 (0x002a66b3) or      a3, s4, sp
core   0: 3 0x80001b78 (0x002a66b3) x13 0x00000008
core   0: 0x80001b7c (0x02d6cf33) div     t5, a3, a3
core   0: 3 0x80001b7c (0x02d6cf33) x30 0x00000001
core   0: 0x80001b80 (0x00000013) nop
core   0: 3 0x80001b80 (0x00000013)
core   0: 0x80001b84 (0x7ced4193) xori    gp, s10, 1998
core   0: 3 0x80001b84 (0x7ced4193) x 3 0x000007ce
core   0: 0x80001b88 (0x00000013) nop
core   0: 3 0x80001b88 (0x00000013)
core   0: 0x80001b8c (0x01bec533) xor     a0, t4, s11
core   0: 3 0x80001b8c (0x01bec533) x10 0x40000000
core   0: 0x80001b90 (0xdeb73913) sltiu   s2, a4, -533
core   0: 3 0x80001b90 (0xdeb73913) x18 0x00000001
core   0: 0x80001b94 (0x01601733) sll     a4, zero, s6
core   0: 3 0x80001b94 (0x01601733) x14 0x00000000
core   0: 0x80001b98 (0x00000013) nop
core   0: 3 0x80001b98 (0x00000013)
core   0: 0x80001b9c (0xf23ebd93) sltiu   s11, t4, -221
core   0: 3 0x80001b9c (0xf23ebd93) x27 0x00000001
core   0: 0x80001ba0 (0x0259f633) remu    a2, s3, t0
core   0: 3 0x80001ba0 (0x0259f633) x12 0x00000000
core   0: 0x80001ba4 (0x4133d3b3) sra     t2, t2, s3
core   0: 3 0x80001ba4 (0x4133d3b3) x 7 0x00000001
core   0: 0x80001ba8 (0x03dd61b3) rem     gp, s10, t4
core   0: 3 0x80001ba8 (0x03dd61b3) x 3 0x00000000
core   0: 0x80001bac (0x00ebd0b3) srl     ra, s7, a4
core   0: 3 0x80001bac (0x00ebd0b3) x 1 0x00000000
core   0: 0x80001bb0 (0x03bbb5b3) mulhu   a1, s7, s11
core   0: 3 0x80001bb0 (0x03bbb5b3) x11 0x00000000
core   0: 0x80001bb4 (0x01d91313) slli    t1, s2, 29
core   0: 3 0x80001bb4 (0x01d91313) x 6 0x20000000
core   0: 0x80001bb8 (0x02f4b033) mulhu   zero, s1, a5
core   0: 3 0x80001bb8 (0x02f4b033)
core   0: 0x80001bbc (0x41de8933) sub     s2, t4, t4
core   0: 3 0x80001bbc (0x41de8933) x18 0x00000000
core   0: 0x80001bc0 (0xd83dfe93) andi    t4, s11, -637
core   0: 3 0x80001bc0 (0xd83dfe93) x29 0x00000001
core   0: 0x80001bc4 (0x013335b3) sltu    a1, t1, s3
core   0: 3 0x80001bc4 (0x013335b3) x11 0x00000000
core   0: 0x80001bc8 (0x01ffd513) srli    a0, t6, 31
core   0: 3 0x80001bc8 (0x01ffd513) x10 0x00000000
core   0: 0x80001bcc (0x01c5ef33) or      t5, a1, t3
core   0: 3 0x80001bcc (0x01c5ef33) x30 0x80018ce4
core   0: 0x80001bd0 (0xf52e3613) sltiu   a2, t3, -174
core   0: 3 0x80001bd0 (0xf52e3613) x12 0x00000001
core   0: 0x80001bd4 (0x413a8eb3) sub     t4, s5, s3
core   0: 3 0x80001bd4 (0x413a8eb3) x29 0x00000000
core   0: 0x80001bd8 (0x40a806b3) sub     a3, a6, a0
core   0: 3 0x80001bd8 (0x40a806b3) x13 0x00000000
core   0: 0x80001bdc (0x00df1a93) slli    s5, t5, 13
core   0: 3 0x80001bdc (0x00df1a93) x21 0x319c8000
core   0: 0x80001be0 (0xdc494793) xori    a5, s2, -572
core   0: 3 0x80001be0 (0xdc494793) x15 0xfffffdc4
core   0: 0x80001be4 (0x37be1097) auipc   ra, 0x37be1
core   0: 3 0x80001be4 (0x37be1097) x 1 0xb7be2be4
core   0: 0x80001be8 (0x0344abb3) mulhsu  s7, s1, s4
core   0: 3 0x80001be8 (0x0344abb3) x23 0x00000000
core   0: 0x80001bec (0x039bb833) mulhu   a6, s7, s9
core   0: 3 0x80001bec (0x039bb833) x16 0x00000000
core   0: 0x80001bf0 (0x0081dbb3) srl     s7, gp, s0
core   0: 3 0x80001bf0 (0x0081dbb3) x23 0x00000000
core   0: 0x80001bf4 (0x014a66b3) or      a3, s4, s4
core   0: 3 0x80001bf4 (0x014a66b3) x13 0x00000000
core   0: 0x80001bf8 (0xd8728893) addi    a7, t0, -633
core   0: 3 0x80001bf8 (0xd8728893) x17 0x80014beb
core   0: 0x80001bfc (0x40c75d13) srai    s10, a4, 12
core   0: 3 0x80001bfc (0x40c75d13) x26 0x00000000
core   0: 0x80001c00 (0x01fd9313) slli    t1, s11, 31
core   0: 3 0x80001c00 (0x01fd9313) x 6 0x80000000
core   0: 0x80001c04 (0x009f59b3) srl     s3, t5, s1
core   0: 3 0x80001c04 (0x009f59b3) x19 0x0080018c
core   0: 0x80001c08 (0x6b10a417) auipc   s0, 0x6b10a
core   0: 3 0x80001c08 (0x6b10a417) x 8 0xeb10bc08
core   0: 0x80001c0c (0x03dd0833) mul     a6, s10, t4
core   0: 3 0x80001c0c (0x03dd0833) x16 0x00000000
core   0: 0x80001c10 (0x2472e613) ori     a2, t0, 583
core   0: 3 0x80001c10 (0x2472e613) x12 0x80014e67
core   0: 0x80001c14 (0x005dba33) sltu    s4, s11, t0
core   0: 3 0x80001c14 (0x005dba33) x20 0x00000001
core   0: 0x80001c18 (0x0064a1b3) slt     gp, s1, t1
core   0: 3 0x80001c18 (0x0064a1b3) x 3 0x00000000
core   0: 0x80001c1c (0x0201cd33) div     s10, gp, zero
core   0: 3 0x80001c1c (0x0201cd33) x26 0xffffffff
core   0: 0x80001c20 (0x41460733) sub     a4, a2, s4
core   0: 3 0x80001c20 (0x41460733) x14 0x80014e66
core   0: 0x80001c24 (0x00ac7933) and     s2, s8, a0
core   0: 3 0x80001c24 (0x00ac7933) x18 0x00000000
core   0: 0x80001c28 (0xf267ce93) xori    t4, a5, -218
core   0: 3 0x80001c28 (0xf267ce93) x29 0x000002e2
core   0: 0x80001c2c (0x3e0a2397) auipc   t2, 0x3e0a2
core   0: 3 0x80001c2c (0x3e0a2397) x 7 0xbe0a3c2c
core   0: 0x80001c30 (0x03a11fb3) mulh    t6, sp, s10
core   0: 3 0x80001c30 (0x03a11fb3) x31 0xffffffff
core   0: 0x80001c34 (0x9e1fa413) slti    s0, t6, -1567
core   0: 3 0x80001c34 (0x9e1fa413) x 8 0x00000000
core   0: 0x80001c38 (0x00364633) xor     a2, a2, gp
core   0: 3 0x80001c38 (0x00364633) x12 0x80014e67
core   0: 0x80001c3c (0x008ae733) or      a4, s5, s0
core   0: 3 0x80001c3c (0x008ae733) x14 0x319c8000
core   0: 0x80001c40 (0x017341b3) xor     gp, t1, s7
core   0: 3 0x80001c40 (0x017341b3) x 3 0x80000000
core   0: 0x80001c44 (0x03201eb3) mulh    t4, zero, s2
core   0: 3 0x80001c44 (0x03201eb3) x29 0x00000000
core   0: 0x80001c48 (0x01c26ab3) or      s5, tp, t3
core   0: 3 0x80001c48 (0x01c26ab3) x21 0x80018ce4
core   0: 0x80001c4c (0x03daf6b3) remu    a3, s5, t4
core   0: 3 0x80001c4c (0x03daf6b3) x13 0x80018ce4
core   0: 0x80001c50 (0x0364b333) mulhu   t1, s1, s6
core   0: 3 0x80001c50 (0x0364b333) x 6 0x00000000
core   0: 0x80001c54 (0x01d19093) slli    ra, gp, 29
core   0: 3 0x80001c54 (0x01d19093) x 1 0x00000000
core   0: 0x80001c58 (0x00f01f13) slli    t5, zero, 15
core   0: 3 0x80001c58 (0x00f01f13) x30 0x00000000
core   0: 0x80001c5c (0x00000013) nop
core   0: 3 0x80001c5c (0x00000013)
core   0: 0x80001c60 (0xfc4d0f93) addi    t6, s10, -60
core   0: 3 0x80001c60 (0xfc4d0f93) x31 0xffffffc3
core   0: 0x80001c64 (0x02bc74b3) remu    s1, s8, a1
core   0: 3 0x80001c64 (0x02bc74b3) x 9 0x00000000
core   0: 0x80001c68 (0xcf474b13) xori    s6, a4, -780
core   0: 3 0x80001c68 (0xcf474b13) x22 0xce637cf4
core   0: 0x80001c6c (0x20390213) addi    tp, s2, 515
core   0: 3 0x80001c6c (0x20390213) x 4 0x00000203
core   0: 0x80001c70 (0x3bb2b9b7) lui     s3, 0x3bb2b
core   0: 3 0x80001c70 (0x3bb2b9b7) x19 0x3bb2b000
core   0: 0x80001c74 (0x4047d693) srai    a3, a5, 4
core   0: 3 0x80001c74 (0x4047d693) x13 0xffffffdc
core   0: 0x80001c78 (0x02badbb3) divu    s7, s5, a1
core   0: 3 0x80001c78 (0x02badbb3) x23 0xffffffff
core   0: 0x80001c7c (0x035a0033) mul     zero, s4, s5
core   0: 3 0x80001c7c (0x035a0033)
core   0: 0x80001c80 (0x015b9893) slli    a7, s7, 21
core   0: 3 0x80001c80 (0x015b9893) x17 0xffe00000
core   0: 0x80001c84 (0x036bb733) mulhu   a4, s7, s6
core   0: 3 0x80001c84 (0x036bb733) x14 0xce637cf3
core   0: 0x80001c88 (0x019f2cb3) slt     s9, t5, s9
core   0: 3 0x80001c88 (0x019f2cb3) x25 0x00000001
core   0: 0x80001c8c (0x40dc8a33) sub     s4, s9, a3
core   0: 3 0x80001c8c (0x40dc8a33) x20 0x00000025
core   0: 0x80001c90 (0x01cb68b3) or      a7, s6, t3
core   0: 3 0x80001c90 (0x01cb68b3) x17 0xce63fcf4
core   0: 0x80001c94 (0x41345613) srai    a2, s0, 19
core   0: 3 0x80001c94 (0x41345613) x12 0x00000000
core   0: 0x80001c98 (0x02174933) div     s2, a4, ra
core   0: 3 0x80001c98 (0x02174933) x18 0xffffffff
core   0: 0x80001c9c (0x01ff2bb3) slt     s7, t5, t6
core   0: 3 0x80001c9c (0x01ff2bb3) x23 0x00000000
core   0: 0x80001ca0 (0x015951b3) srl     gp, s2, s5
core   0: 3 0x80001ca0 (0x015951b3) x 3 0x0fffffff
core   0: 0x80001ca4 (0x41b50b13) addi    s6, a0, 1051
core   0: 3 0x80001ca4 (0x41b50b13) x22 0x0000041b
core   0: 0x80001ca8 (0x023b8633) mul     a2, s7, gp
core   0: 3 0x80001ca8 (0x023b8633) x12 0x00000000
core   0: 0x80001cac (0x0199f433) and     s0, s3, s9
core   0: 3 0x80001cac (0x0199f433) x 8 0x00000000
core   0: 0x80001cb0 (0xb94e0f93) addi    t6, t3, -1132
core   0: 3 0x80001cb0 (0xb94e0f93) x31 0x80018878
core   0: 0x80001cb4 (0x815f0793) addi    a5, t5, -2027
core   0: 3 0x80001cb4 (0x815f0793) x15 0xfffff815
core   0: 0x80001cb8 (0xf3e33893) sltiu   a7, t1, -194
core   0: 3 0x80001cb8 (0xf3e33893) x17 0x00000001
core   0: 0x80001cbc (0x02b540b3) div     ra, a0, a1
core   0: 3 0x80001cbc (0x02b540b3) x 1 0xffffffff
core   0: 0x80001cc0 (0x025d2333) mulhsu  t1, s10, t0
core   0: 3 0x80001cc0 (0x025d2333) x 6 0xffffffff
core   0: 0x80001cc4 (0x009253b3) srl     t2, tp, s1
core   0: 3 0x80001cc4 (0x009253b3) x 7 0x00000203
core   0: 0x80001cc8 (0x6663f897) auipc   a7, 0x6663f
core   0: 3 0x80001cc8 (0x6663f897) x17 0xe6640cc8
core   0: 0x80001ccc (0x0215b1b3) mulhu   gp, a1, ra
core   0: 3 0x80001ccc (0x0215b1b3) x 3 0x00000000
core   0: 0x80001cd0 (0x02b72233) mulhsu  tp, a4, a1
core   0: 3 0x80001cd0 (0x02b72233) x 4 0x00000000
core   0: 0x80001cd4 (0x01128a33) add     s4, t0, a7
core   0: 3 0x80001cd4 (0x01128a33) x20 0x66655b2c
core   0: 0x80001cd8 (0x00d45e93) srli    t4, s0, 13
core   0: 3 0x80001cd8 (0x00d45e93) x29 0x00000000
core   0: 0x80001cdc (0x017d48b3) xor     a7, s10, s7
core   0: 3 0x80001cdc (0x017d48b3) x17 0xffffffff
core   0: 0x80001ce0 (0x00d68db3) add     s11, a3, a3
core   0: 3 0x80001ce0 (0x00d68db3) x27 0xffffffb8
core   0: 0x80001ce4 (0x00e79893) slli    a7, a5, 14
core   0: 3 0x80001ce4 (0x00e79893) x17 0xfe054000
core   0: 0x80001ce8 (0x92c72f13) slti    t5, a4, -1748
core   0: 3 0x80001ce8 (0x92c72f13) x30 0x00000001
core   0: 0x80001cec (0x78db3b93) sltiu   s7, s6, 1933
core   0: 3 0x80001cec (0x78db3b93) x23 0x00000001
core   0: 0x80001cf0 (0x00e77933) and     s2, a4, a4
core   0: 3 0x80001cf0 (0x00e77933) x18 0xce637cf3
core   0: 0x80001cf4 (0x402bdbb3) sra     s7, s7, sp
core   0: 3 0x80001cf4 (0x402bdbb3) x23 0x00000000
core   0: 0x80001cf8 (0x01a010b3) sll     ra, zero, s10
core   0: 3 0x80001cf8 (0x01a010b3) x 1 0x00000000
core   0: 0x80001cfc (0x7f4a3b97) auipc   s7, 0x7f4a3
core   0: 3 0x80001cfc (0x7f4a3b97) x23 0xff4a4cfc
core   0: 0x80001d00 (0x414f5cb3) sra     s9, t5, s4
core   0: 3 0x80001d00 (0x414f5cb3) x25 0x00000000
core   0: 0x80001d04 (0x006031b3) snez    gp, t1
core   0: 3 0x80001d04 (0x006031b3) x 3 0x00000001
core   0: 0x80001d08 (0x81cb6413) ori     s0, s6, -2020
core   0: 3 0x80001d08 (0x81cb6413) x 8 0xfffffc1f
core   0: 0x80001d0c (0x090b8413) addi    s0, s7, 144
core   0: 3 0x80001d0c (0x090b8413) x 8 0xff4a4d8c
core   0: 0x80001d10 (0x002e2c33) slt     s8, t3, sp
core   0: 3 0x80001d10 (0x002e2c33) x24 0x00000001
core   0: 0x80001d14 (0x02c045b3) div     a1, zero, a2
core   0: 3 0x80001d14 (0x02c045b3) x11 0xffffffff
core   0: 0x80001d18 (0x003f0933) add     s2, t5, gp
core   0: 3 0x80001d18 (0x003f0933) x18 0x00000002
core   0: 0x80001d1c (0xd79d3413) sltiu   s0, s10, -647
core   0: 3 0x80001d1c (0xd79d3413) x 8 0x00000000
core   0: 0x80001d20 (0x012f5ab3) srl     s5, t5, s2
core   0: 3 0x80001d20 (0x012f5ab3) x21 0x00000000
core   0: 0x80001d24 (0x03c014b3) mulh    s1, zero, t3
core   0: 3 0x80001d24 (0x03c014b3) x 9 0x00000000
core   0: 0x80001d28 (0x0334fc33) remu    s8, s1, s3
core   0: 3 0x80001d28 (0x0334fc33) x24 0x00000000
core   0: 0x80001d2c (0x00c0f1b3) and     gp, ra, a2
core   0: 3 0x80001d2c (0x00c0f1b3) x 3 0x00000000
core   0: 0x80001d30 (0xb83fde97) auipc   t4, 0xb83fd
core   0: 3 0x80001d30 (0xb83fde97) x29 0x383fed30
core   0: 0x80001d34 (0x01c25a13) srli    s4, tp, 28
core   0: 3 0x80001d34 (0x01c25a13) x20 0x00000000
core   0: 0x80001d38 (0x964a2813) slti    a6, s4, -1692
core   0: 3 0x80001d38 (0x964a2813) x16 0x00000000
core   0: 0x80001d3c (0xefed2197) auipc   gp, 0xefed2
core   0: 3 0x80001d3c (0xefed2197) x 3 0x6fed3d3c
core   0: 0x80001d40 (0x0133c8b3) xor     a7, t2, s3
core   0: 3 0x80001d40 (0x0133c8b3) x17 0x3bb2b203
core   0: 0x80001d44 (0x025680b3) mul     ra, a3, t0
core   0: 3 0x80001d44 (0x025680b3) x 1 0xffd0f9f0
core   0: 0x80001d48 (0x439a0913) addi    s2, s4, 1081
core   0: 3 0x80001d48 (0x439a0913) x18 0x00000439
core   0: 0x80001d4c (0x034d57b3) divu    a5, s10, s4
core   0: 3 0x80001d4c (0x034d57b3) x15 0xffffffff
core   0: 0x80001d50 (0x02453633) mulhu   a2, a0, tp
core   0: 3 0x80001d50 (0x02453633) x12 0x00000000
core   0: 0x80001d54 (0x015bceb3) xor     t4, s7, s5
core   0: 3 0x80001d54 (0x015bceb3) x29 0xff4a4cfc
core   0: 0x80001d58 (0x400a8eb3) sub     t4, s5, zero
core   0: 3 0x80001d58 (0x400a8eb3) x29 0x00000000
core   0: 0x80001d5c (0xd58d39b7) lui     s3, 0xd58d3
core   0: 3 0x80001d5c (0xd58d39b7) x19 0xd58d3000
core   0: 0x80001d60 (0x411a5d33) sra     s10, s4, a7
core   0: 3 0x80001d60 (0x411a5d33) x26 0x00000000
core   0: 0x80001d64 (0x0029f3b3) and     t2, s3, sp
core   0: 3 0x80001d64 (0x0029f3b3) x 7 0x00000000
core   0: 0x80001d68 (0xbb19f1b7) lui     gp, 0xbb19f
core   0: 3 0x80001d68 (0xbb19f1b7) x 3 0xbb19f000
core   0: 0x80001d6c (0x0394b1b3) mulhu   gp, s1, s9
core   0: 3 0x80001d6c (0x0394b1b3) x 3 0x00000000
core   0: 0x80001d70 (0x41f4d793) srai    a5, s1, 31
core   0: 3 0x80001d70 (0x41f4d793) x15 0x00000000
core   0: 0x80001d74 (0xc2756417) auipc   s0, 0xc2756
core   0: 3 0x80001d74 (0xc2756417) x 8 0x42757d74
core   0: 0x80001d78 (0x015d0db3) add     s11, s10, s5
core   0: 3 0x80001d78 (0x015d0db3) x27 0x00000000
core   0: 0x80001d7c (0x0234a9b3) mulhsu  s3, s1, gp
core   0: 3 0x80001d7c (0x0234a9b3) x19 0x00000000
core   0: 0x80001d80 (0x017b56b3) srl     a3, s6, s7
core   0: 3 0x80001d80 (0x017b56b3) x13 0x00000000
core   0: 0x80001d84 (0x012f0bb3) add     s7, t5, s2
core   0: 3 0x80001d84 (0x012f0bb3) x23 0x0000043a
core   0: 0x80001d88 (0x009b50b3) srl     ra, s6, s1
core   0: 3 0x80001d88 (0x009b50b3) x 1 0x0000041b
core   0: 0x80001d8c (0x417c05b3) sub     a1, s8, s7
core   0: 3 0x80001d8c (0x417c05b3) x11 0xfffffbc6
core   0: 0x80001d90 (0x2f998413) addi    s0, s3, 761
core   0: 3 0x80001d90 (0x2f998413) x 8 0x000002f9
core   0: 0x80001d94 (0x40088a33) sub     s4, a7, zero
core   0: 3 0x80001d94 (0x40088a33) x20 0x3bb2b203
core   0: 0x80001d98 (0x0139fb33) and     s6, s3, s3
core   0: 3 0x80001d98 (0x0139fb33) x22 0x00000000
core   0: 0x80001d9c (0x028509b3) mul     s3, a0, s0
core   0: 3 0x80001d9c (0x028509b3) x19 0x00000000
core   0: 0x80001da0 (0x02b1ec33) rem     s8, gp, a1
core   0: 3 0x80001da0 (0x02b1ec33) x24 0x00000000
core   0: 0x80001da4 (0x01b506b3) add     a3, a0, s11
core   0: 3 0x80001da4 (0x01b506b3) x13 0x00000000
core   0: 0x80001da8 (0x369b2a93) slti    s5, s6, 873
core   0: 3 0x80001da8 (0x369b2a93) x21 0x00000001
core   0: 0x80001dac (0x1146a713) slti    a4, a3, 276
core   0: 3 0x80001dac (0x1146a713) x14 0x00000001
core   0: 0x80001db0 (0x0051bbb3) sltu    s7, gp, t0
core   0: 3 0x80001db0 (0x0051bbb3) x23 0x00000001
core   0: 0x80001db4 (0x00f0edb3) or      s11, ra, a5
core   0: 3 0x80001db4 (0x00f0edb3) x27 0x0000041b
core   0: 0x80001db8 (0x03f2f533) remu    a0, t0, t6
core   0: 3 0x80001db8 (0x03f2f533) x10 0x80014e64
core   0: 0x80001dbc (0x02370493) addi    s1, a4, 35
core   0: 3 0x80001dbc (0x02370493) x 9 0x00000024
core   0: 0x80001dc0 (0x5c986193) ori     gp, a6, 1481
core   0: 3 0x80001dc0 (0x5c986193) x 3 0x000005c9
core   0: 0x80001dc4 (0xccee2093) slti    ra, t3, -818
core   0: 3 0x80001dc4 (0xccee2093) x 1 0x00000001
core   0: 0x80001dc8 (0x0374c1b3) div     gp, s1, s7
core   0: 3 0x80001dc8 (0x0374c1b3) x 3 0x00000024
core   0: 0x80001dcc (0x000120b3) slt     ra, sp, zero
core   0: 3 0x80001dcc (0x000120b3) x 1 0x00000000
core   0: 0x80001dd0 (0x0066c3b3) xor     t2, a3, t1
core   0: 3 0x80001dd0 (0x0066c3b3) x 7 0xffffffff
core   0: 0x80001dd4 (0x018e60b3) or      ra, t3, s8
core   0: 3 0x80001dd4 (0x018e60b3) x 1 0x80018ce4
core   0: 0x80001dd8 (0x009956b3) srl     a3, s2, s1
core   0: 3 0x80001dd8 (0x009956b3) x13 0x00000043
core   0: 0x80001ddc (0x00000013) nop
core   0: 3 0x80001ddc (0x00000013)
core   0: 0x80001de0 (0x01829213) slli    tp, t0, 24
core   0: 3 0x80001de0 (0x01829213) x 4 0x64000000
core   0: 0x80001de4 (0xb7e83713) sltiu   a4, a6, -1154
core   0: 3 0x80001de4 (0xb7e83713) x14 0x00000001
core   0: 0x80001de8 (0x001f10b3) sll     ra, t5, ra
core   0: 3 0x80001de8 (0x001f10b3) x 1 0x00000010
core   0: 0x80001dec (0xa553f213) andi    tp, t2, -1451
core   0: 3 0x80001dec (0xa553f213) x 4 0xfffffa55
core   0: 0x80001df0 (0x395ce593) ori     a1, s9, 917
core   0: 3 0x80001df0 (0x395ce593) x11 0x00000395
core   0: 0x80001df4 (0x41bd5ab3) sra     s5, s10, s11
core   0: 3 0x80001df4 (0x41bd5ab3) x21 0x00000000
core   0: 0x80001df8 (0x53853a13) sltiu   s4, a0, 1336
core   0: 3 0x80001df8 (0x53853a13) x20 0x00000000
core   0: 0x80001dfc (0x40fa59b3) sra     s3, s4, a5
core   0: 3 0x80001dfc (0x40fa59b3) x19 0x00000000
core   0: 0x80001e00 (0x407053b3) sra     t2, zero, t2
core   0: 3 0x80001e00 (0x407053b3) x 7 0x00000000
core   0: 0x80001e04 (0x02e0bfb3) mulhu   t6, ra, a4
core   0: 3 0x80001e04 (0x02e0bfb3) x31 0x00000000
core   0: 0x80001e08 (0x038540b3) div     ra, a0, s8
core   0: 3 0x80001e08 (0x038540b3) x 1 0xffffffff
core   0: 0x80001e0c (0x0231e333) rem     t1, gp, gp
core   0: 3 0x80001e0c (0x0231e333) x 6 0x00000000
core   0: 0x80001e10 (0x015c96b3) sll     a3, s9, s5
core   0: 3 0x80001e10 (0x015c96b3) x13 0x00000000
core   0: 0x80001e14 (0x01b36933) or      s2, t1, s11
core   0: 3 0x80001e14 (0x01b36933) x18 0x0000041b
core   0: 0x80001e18 (0x02c27f33) remu    t5, tp, a2
core   0: 3 0x80001e18 (0x02c27f33) x30 0xfffffa55
core   0: 0x80001e1c (0x023327b3) mulhsu  a5, t1, gp
core   0: 3 0x80001e1c (0x023327b3) x15 0x00000000
core   0: 0x80001e20 (0x410bdc13) srai    s8, s7, 16
core   0: 3 0x80001e20 (0x410bdc13) x24 0x00000000
core   0: 0x80001e24 (0x019c5fb3) srl     t6, s8, s9
core   0: 3 0x80001e24 (0x019c5fb3) x31 0x00000000
core   0: 0x80001e28 (0x00a29413) slli    s0, t0, 10
core   0: 3 0x80001e28 (0x00a29413) x 8 0x05399000
core   0: 0x80001e2c (0x00849a93) slli    s5, s1, 8
core   0: 3 0x80001e2c (0x00849a93) x21 0x00002400
core   0: 0x80001e30 (0x7dc5e4b7) lui     s1, 0x7dc5e
core   0: 3 0x80001e30 (0x7dc5e4b7) x 9 0x7dc5e000
core   0: 0x80001e34 (0x01e77eb3) and     t4, a4, t5
core   0: 3 0x80001e34 (0x01e77eb3) x29 0x00000001
core   0: 0x80001e38 (0xa370e6b7) lui     a3, 0xa370e
core   0: 3 0x80001e38 (0xa370e6b7) x13 0xa370e000
core   0: 0x80001e3c (0x03e1edb3) rem     s11, gp, t5
core   0: 3 0x80001e3c (0x03e1edb3) x27 0x00000024
core   0: 0x80001e40 (0x006f3fb3) sltu    t6, t5, t1
core   0: 3 0x80001e40 (0x006f3fb3) x31 0x00000000
core   0: 0x80001e44 (0x870a14b7) lui     s1, 0x870a1
core   0: 3 0x80001e44 (0x870a14b7) x 9 0x870a1000
core   0: 0x80001e48 (0x00000013) nop
core   0: 3 0x80001e48 (0x00000013)
core   0: 0x80001e4c (0x028bdab3) divu    s5, s7, s0
core   0: 3 0x80001e4c (0x028bdab3) x21 0x00000000
core   0: 0x80001e50 (0xee398393) addi    t2, s3, -285
core   0: 3 0x80001e50 (0xee398393) x 7 0xfffffee3
core   0: 0x80001e54 (0x01dbdf33) srl     t5, s7, t4
core   0: 3 0x80001e54 (0x01dbdf33) x30 0x00000000
core   0: 0x80001e58 (0x01e50033) add     zero, a0, t5
core   0: 3 0x80001e58 (0x01e50033)
core   0: 0x80001e5c (0x01c773b3) and     t2, a4, t3
core   0: 3 0x80001e5c (0x01c773b3) x 7 0x00000000
core   0: 0x80001e60 (0x400806b3) sub     a3, a6, zero
core   0: 3 0x80001e60 (0x400806b3) x13 0x00000000
core   0: 0x80001e64 (0x02ae34b3) mulhu   s1, t3, a0
core   0: 3 0x80001e64 (0x02ae34b3) x 9 0x40016da6
core   0: 0x80001e68 (0x01f1eeb3) or      t4, gp, t6
core   0: 3 0x80001e68 (0x01f1eeb3) x29 0x00000024
core   0: 0x80001e6c (0x004625b3) slt     a1, a2, tp
core   0: 3 0x80001e6c (0x004625b3) x11 0x00000000
core   0: 0x80001e70 (0x00000013) nop
core   0: 3 0x80001e70 (0x00000013)
core   0: 0x80001e74 (0x01109233) sll     tp, ra, a7
core   0: 3 0x80001e74 (0x01109233) x 4 0xfffffff8
core   0: 0x80001e78 (0x003a2cb3) slt     s9, s4, gp
core   0: 3 0x80001e78 (0x003a2cb3) x25 0x00000001
core   0: 0x80001e7c (0x01704ab3) xor     s5, zero, s7
core   0: 3 0x80001e7c (0x01704ab3) x21 0x00000001
core   0: 0x80001e80 (0x03693cb3) mulhu   s9, s2, s6
core   0: 3 0x80001e80 (0x03693cb3) x25 0x00000000
core   0: 0x80001e84 (0x5c234213) xori    tp, t1, 1474
core   0: 3 0x80001e84 (0x5c234213) x 4 0x000005c2
core   0: 0x80001e88 (0x0311d633) divu    a2, gp, a7
core   0: 3 0x80001e88 (0x0311d633) x12 0x00000000
core   0: 0x80001e8c (0x2aec6993) ori     s3, s8, 686
core   0: 3 0x80001e8c (0x2aec6993) x19 0x000002ae
core   0: 0x80001e90 (0x03cdf6b3) remu    a3, s11, t3
core   0: 3 0x80001e90 (0x03cdf6b3) x13 0x00000024
core   0: 0x80001e94 (0x418cd393) srai    t2, s9, 24
core   0: 3 0x80001e94 (0x418cd393) x 7 0x00000000
core   0: 0x80001e98 (0x00000013) nop
core   0: 3 0x80001e98 (0x00000013)
core   0: 0x80001e9c (0x52557413) andi    s0, a0, 1317
core   0: 3 0x80001e9c (0x52557413) x 8 0x00000424
core   0: 0x80001ea0 (0x59b23f13) sltiu   t5, tp, 1435
core   0: 3 0x80001ea0 (0x59b23f13) x30 0x00000000
core   0: 0x80001ea4 (0xea759697) auipc   a3, 0xea759
core   0: 3 0x80001ea4 (0xea759697) x13 0x6a75aea4
core   0: 0x80001ea8 (0x009a1433) sll     s0, s4, s1
core   0: 3 0x80001ea8 (0x009a1433) x 8 0x00000000
core   0: 0x80001eac (0x3b528697) auipc   a3, 0x3b528
core   0: 3 0x80001eac (0x3b528697) x13 0xbb529eac
core   0: 0x80001eb0 (0x01aedb13) srli    s6, t4, 26
core   0: 3 0x80001eb0 (0x01aedb13) x22 0x00000000
core   0: 0x80001eb4 (0x02275533) divu    a0, a4, sp
core   0: 3 0x80001eb4 (0x02275533) x10 0x00000000
core   0: 0x80001eb8 (0x406a5f33) sra     t5, s4, t1
core   0: 3 0x80001eb8 (0x406a5f33) x30 0x00000000
core   0: 0x80001ebc (0x028cb0b3) mulhu   ra, s9, s0
core   0: 3 0x80001ebc (0x028cb0b3) x 1 0x00000000
core   0: 0x80001ec0 (0x7476cb93) xori    s7, a3, 1863
core   0: 3 0x80001ec0 (0x7476cb93) x23 0xbb5299eb
core   0: 0x80001ec4 (0x5b3e0b13) addi    s6, t3, 1459
core   0: 3 0x80001ec4 (0x5b3e0b13) x22 0x80019297
core   0: 0x80001ec8 (0x02760333) mul     t1, a2, t2
core   0: 3 0x80001ec8 (0x02760333) x 6 0x00000000
core   0: 0x80001ecc (0xa8805817) auipc   a6, 0xa8805
core   0: 3 0x80001ecc (0xa8805817) x16 0x28806ecc
core   0: 0x80001ed0 (0x00d4e3b3) or      t2, s1, a3
core   0: 3 0x80001ed0 (0x00d4e3b3) x 7 0xfb53ffae
core   0: 0x80001ed4 (0x409383b3) sub     t2, t2, s1
core   0: 3 0x80001ed4 (0x409383b3) x 7 0xbb529208
core   0: 0x80001ed8 (0xd91a8237) lui     tp, 0xd91a8
core   0: 3 0x80001ed8 (0xd91a8237) x 4 0xd91a8000
core   0: 0x80001edc (0x01aa9d93) slli    s11, s5, 26
core   0: 3 0x80001edc (0x01aa9d93) x27 0x04000000
core   0: 0x80001ee0 (0x02917933) remu    s2, sp, s1
core   0: 3 0x80001ee0 (0x02917933) x18 0x00000008
core   0: 0x80001ee4 (0x99020513) addi    a0, tp, -1648
core   0: 3 0x80001ee4 (0x99020513) x10 0xd91a7990
core   0: 0x80001ee8 (0x023cdeb3) divu    t4, s9, gp
core   0: 3 0x80001ee8 (0x023cdeb3) x29 0x00000000
core   0: 0x80001eec (0x02977f33) remu    t5, a4, s1
core   0: 3 0x80001eec (0x02977f33) x30 0x00000001
core   0: 0x80001ef0 (0xe7e44713) xori    a4, s0, -386
core   0: 3 0x80001ef0 (0xe7e44713) x14 0xfffffe7e
core   0: 0x80001ef4 (0x40950f33) sub     t5, a0, s1
core   0: 3 0x80001ef4 (0x40950f33) x30 0x99190bea
core   0: 0x80001ef8 (0x03af2a33) mulhsu  s4, t5, s10
core   0: 3 0x80001ef8 (0x03af2a33) x20 0x00000000
core   0: 0x80001efc (0x019c85b3) add     a1, s9, s9
core   0: 3 0x80001efc (0x019c85b3) x11 0x00000000
core   0: 0x80001f00 (0x014a0233) add     tp, s4, s4
core   0: 3 0x80001f00 (0x014a0233) x 4 0x00000000
core   0: 0x80001f04 (0x00c59693) slli    a3, a1, 12
core   0: 3 0x80001f04 (0x00c59693) x13 0x00000000
core   0: 0x80001f08 (0x00fab0b3) sltu    ra, s5, a5
core   0: 3 0x80001f08 (0x00fab0b3) x 1 0x00000000
core   0: 0x80001f0c (0xff956093) ori     ra, a0, -7
core   0: 3 0x80001f0c (0xff956093) x 1 0xfffffff9
core   0: 0x80001f10 (0x0023bcb3) sltu    s9, t2, sp
core   0: 3 0x80001f10 (0x0023bcb3) x25 0x00000000
core   0: 0x80001f14 (0x03edc7b3) div     a5, s11, t5
core   0: 3 0x80001f14 (0x03edc7b3) x15 0x00000000
core   0: 0x80001f18 (0xe49ec593) xori    a1, t4, -439
core   0: 3 0x80001f18 (0xe49ec593) x11 0xfffffe49
core   0: 0x80001f1c (0x02b67b33) remu    s6, a2, a1
core   0: 3 0x80001f1c (0x02b67b33) x22 0x00000000
core   0: 0x80001f20 (0x02f911b3) mulh    gp, s2, a5
core   0: 3 0x80001f20 (0x02f911b3) x 3 0x00000000
core   0: 0x80001f24 (0x00f388b3) add     a7, t2, a5
core   0: 3 0x80001f24 (0x00f388b3) x17 0xbb529208
core   0: 0x80001f28 (0x4047d913) srai    s2, a5, 4
core   0: 3 0x80001f28 (0x4047d913) x18 0x00000000
core   0: 0x80001f2c (0x007fcf33) xor     t5, t6, t2
core   0: 3 0x80001f2c (0x007fcf33) x30 0xbb529208
core   0: 0x80001f30 (0x0309cab3) div     s5, s3, a6
core   0: 3 0x80001f30 (0x0309cab3) x21 0x00000000
core   0: 0x80001f34 (0x007748b3) xor     a7, a4, t2
core   0: 3 0x80001f34 (0x007748b3) x17 0x44ad6c76
core   0: 0x80001f38 (0x01b0dfb3) srl     t6, ra, s11
core   0: 3 0x80001f38 (0x01b0dfb3) x31 0xfffffff9
core   0: 0x80001f3c (0x5950fd93) andi    s11, ra, 1429
core   0: 3 0x80001f3c (0x5950fd93) x27 0x00000591
core   0: 0x80001f40 (0x00000013) nop
core   0: 3 0x80001f40 (0x00000013)
core   0: 0x80001f44 (0x156fa637) lui     a2, 0x156fa
core   0: 3 0x80001f44 (0x156fa637) x12 0x156fa000
core   0: 0x80001f48 (0x025aedb3) rem     s11, s5, t0
core   0: 3 0x80001f48 (0x025aedb3) x27 0x00000000
core   0: 0x80001f4c (0x01bf9913) slli    s2, t6, 27
core   0: 3 0x80001f4c (0x01bf9913) x18 0xc8000000
core   0: 0x80001f50 (0x02192833) mulhsu  a6, s2, ra
core   0: 3 0x80001f50 (0x02192833) x16 0xc8000001
core   0: 0x80001f54 (0x03d767b3) rem     a5, a4, t4
core   0: 3 0x80001f54 (0x03d767b3) x15 0xfffffe7e
core   0: 0x80001f58 (0x039edb33) divu    s6, t4, s9
core   0: 3 0x80001f58 (0x039edb33) x22 0xffffffff
core   0: 0x80001f5c (0x01f0fab3) and     s5, ra, t6
core   0: 3 0x80001f5c (0x01f0fab3) x21 0xfffffff9
core   0: 0x80001f60 (0x02a92233) mulhsu  tp, s2, a0
core   0: 3 0x80001f60 (0x02a92233) x 4 0xd0823568
core   0: 0x80001f64 (0x41b4d1b3) sra     gp, s1, s11
core   0: 3 0x80001f64 (0x41b4d1b3) x 3 0x40016da6
core   0: 0x80001f68 (0x012fc033) xor     zero, t6, s2
core   0: 3 0x80001f68 (0x012fc033)
core   0: 0x80001f6c (0x00319333) sll     t1, gp, gp
core   0: 3 0x80001f6c (0x00319333) x 6 0x005b6980
core   0: 0x80001f70 (0x03d94db3) div     s11, s2, t4
core   0: 3 0x80001f70 (0x03d94db3) x27 0xffffffff
core   0: 0x80001f74 (0x00000013) nop
core   0: 3 0x80001f74 (0x00000013)
core   0: 0x80001f78 (0x027830b3) mulhu   ra, a6, t2
core   0: 3 0x80001f78 (0x027830b3) x 1 0x92588216
core   0: 0x80001f7c (0x017311b3) sll     gp, t1, s7
core   0: 3 0x80001f7c (0x017311b3) x 3 0xdb4c0000
core   0: 0x80001f80 (0x01eb9c13) slli    s8, s7, 30
core   0: 3 0x80001f80 (0x01eb9c13) x24 0xc0000000
core   0: 0x80001f84 (0x00f3dc33) srl     s8, t2, a5
core   0: 3 0x80001f84 (0x00f3dc33) x24 0x00000002
core   0: 0x80001f88 (0x415a5233) sra     tp, s4, s5
core   0: 3 0x80001f88 (0x415a5233) x 4 0x00000000
core   0: 0x80001f8c (0x005209b3) add     s3, tp, t0
core   0: 3 0x80001f8c (0x005209b3) x19 0x80014e64
core   0: 0x80001f90 (0x004d8c33) add     s8, s11, tp
core   0: 3 0x80001f90 (0x004d8c33) x24 0xffffffff
core   0: 0x80001f94 (0xfc5e0993) addi    s3, t3, -59
core   0: 3 0x80001f94 (0xfc5e0993) x19 0x80018ca9
core   0: 0x80001f98 (0x001678b3) and     a7, a2, ra
core   0: 3 0x80001f98 (0x001678b3) x17 0x10488000
core   0: 0x80001f9c (0x23be7393) andi    t2, t3, 571
core   0: 3 0x80001f9c (0x23be7393) x 7 0x00000020
core   0: 0x80001fa0 (0x02c31eb3) mulh    t4, t1, a2
core   0: 3 0x80001fa0 (0x02c31eb3) x29 0x0007a783
core   0: 0x80001fa4 (0x022956b3) divu    a3, s2, sp
core   0: 3 0x80001fa4 (0x022956b3) x13 0x19000000
core   0: 0x80001fa8 (0x00b79233) sll     tp, a5, a1
core   0: 3 0x80001fa8 (0x00b79233) x 4 0xfffcfc00
core   0: 0x80001fac (0x003e74b3) and     s1, t3, gp
core   0: 3 0x80001fac (0x003e74b3) x 9 0x80000000
core   0: 0x80001fb0 (0x00283233) sltu    tp, a6, sp
core   0: 3 0x80001fb0 (0x00283233) x 4 0x00000000
core   0: 0x80001fb4 (0x0292e733) rem     a4, t0, s1
core   0: 3 0x80001fb4 (0x0292e733) x14 0x80014e64
core   0: 0x80001fb8 (0x00de9c93) slli    s9, t4, 13
core   0: 3 0x80001fb8 (0x00de9c93) x25 0xf4f06000
core   0: 0x80001fbc (0x01c46cb3) or      s9, s0, t3
core   0: 3 0x80001fbc (0x01c46cb3) x25 0x80018ce4
core   0: 0x80001fc0 (0x418c0833) sub     a6, s8, s8
core   0: 3 0x80001fc0 (0x418c0833) x16 0x00000000
core   0: 0x80001fc4 (0x000c1813) slli    a6, s8, 0
core   0: 3 0x80001fc4 (0x000c1813) x16 0xffffffff
core   0: 0x80001fc8 (0x3d49dd97) auipc   s11, 0x3d49d
core   0: 3 0x80001fc8 (0x3d49dd97) x27 0xbd49efc8
core   0: 0x80001fcc (0x6ff74193) xori    gp, a4, 1791
core   0: 3 0x80001fcc (0x6ff74193) x 3 0x8001489b
core   0: 0x80001fd0 (0x01454bb3) xor     s7, a0, s4
core   0: 3 0x80001fd0 (0x01454bb3) x23 0xd91a7990
core   0: 0x80001fd4 (0x018914b3) sll     s1, s2, s8
core   0: 3 0x80001fd4 (0x018914b3) x 9 0x00000000
core   0: 0x80001fd8 (0x0314d333) divu    t1, s1, a7
core   0: 3 0x80001fd8 (0x0314d333) x 6 0x00000000
core   0: 0x80001fdc (0x03d5bfb3) mulhu   t6, a1, t4
core   0: 3 0x80001fdc (0x03d5bfb3) x31 0x0007a782
core   0: 0x80001fe0 (0x0337c933) div     s2, a5, s3
core   0: 3 0x80001fe0 (0x0337c933) x18 0x00000000
core   0: 0x80001fe4 (0x013d4633) xor     a2, s10, s3
core   0: 3 0x80001fe4 (0x013d4633) x12 0x80018ca9
core   0: 0x80001fe8 (0x00efc9b3) xor     s3, t6, a4
core   0: 3 0x80001fe8 (0x00efc9b3) x19 0x8006e9e6
core   0: 0x80001fec (0x01d73233) sltu    tp, a4, t4
core   0: 3 0x80001fec (0x01d73233) x 4 0x00000000
core   0: 0x80001ff0 (0x40700233) sub     tp, zero, t2
core   0: 3 0x80001ff0 (0x40700233) x 4 0xffffffe0
core   0: 0x80001ff4 (0x00000013) nop
core   0: 3 0x80001ff4 (0x00000013)
core   0: 0x80001ff8 (0x0257b433) mulhu   s0, a5, t0
core   0: 3 0x80001ff8 (0x0257b433) x 8 0x80014da2
core   0: 0x80001ffc (0xdb462d93) slti    s11, a2, -588
core   0: 3 0x80001ffc (0xdb462d93) x27 0x00000001
core   0: 0x80002000 (0x001fc833) xor     a6, t6, ra
core   0: 3 0x80002000 (0x001fc833) x16 0x925f2594
core   0: 0x80002004 (0x01a47a33) and     s4, s0, s10
core   0: 3 0x80002004 (0x01a47a33) x20 0x00000000
core   0: 0x80002008 (0x028cdf33) divu    t5, s9, s0
core   0: 3 0x80002008 (0x028cdf33) x30 0x00000001
core   0: 0x8000200c (0x400008b3) sub     a7, zero, zero
core   0: 3 0x8000200c (0x400008b3) x17 0x00000000
core   0: 0x80002010 (0x03d703b3) mul     t2, a4, t4
core   0: 3 0x80002010 (0x03d703b3) x 7 0x7f8a592c
core   0: 0x80002014 (0x01a41093) slli    ra, s0, 26
core   0: 3 0x80002014 (0x01a41093) x 1 0x88000000
core   0: 0x80002018 (0xaa213793) sltiu   a5, sp, -1374
core   0: 3 0x80002018 (0xaa213793) x15 0x00000001
core   0: 0x8000201c (0x03fe2eb3) mulhsu  t4, t3, t6
core   0: 3 0x8000201c (0x03fe2eb3) x29 0xfffc2c4a
core   0: 0x80002020 (0x00663cb3) sltu    s9, a2, t1
core   0: 3 0x80002020 (0x00663cb3) x25 0x00000000
core   0: 0x80002024 (0x0256f8b3) remu    a7, a3, t0
core   0: 3 0x80002024 (0x0256f8b3) x17 0x19000000
core   0: 0x80002028 (0x00000013) nop
core   0: 3 0x80002028 (0x00000013)
core   0: 0x8000202c (0x00739a13) slli    s4, t2, 7
core   0: 3 0x8000202c (0x00739a13) x20 0xc52c9600
core   0: 0x80002030 (0x02458c33) mul     s8, a1, tp
core   0: 3 0x80002030 (0x02458c33) x24 0x000036e0
core   0: 0x80002034 (0x03b6fab3) remu    s5, a3, s11
core   0: 3 0x80002034 (0x03b6fab3) x21 0x00000000
core   0: 0x80002038 (0xe2dfa513) slti    a0, t6, -467
core   0: 3 0x80002038 (0xe2dfa513) x10 0x00000000
core   0: 0x8000203c (0x03e50433) mul     s0, a0, t5
core   0: 3 0x8000203c (0x03e50433) x 8 0x00000000
core   0: 0x80002040 (0x006c9813) slli    a6, s9, 6
core   0: 3 0x80002040 (0x006c9813) x16 0x00000000
core   0: 0x80002044 (0x02b94733) div     a4, s2, a1
core   0: 3 0x80002044 (0x02b94733) x14 0x00000000
core   0: 0x80002048 (0x0280af33) mulhsu  t5, ra, s0
core   0: 3 0x80002048 (0x0280af33) x30 0x00000000
core   0: 0x8000204c (0x022bb5b3) mulhu   a1, s7, sp
core   0: 3 0x8000204c (0x022bb5b3) x11 0x00000006
core   0: 0x80002050 (0x41968c33) sub     s8, a3, s9
core   0: 3 0x80002050 (0x41968c33) x24 0x19000000
core   0: 0x80002054 (0x024354b3) divu    s1, t1, tp
core   0: 3 0x80002054 (0x024354b3) x 9 0x00000000
core   0: 0x80002058 (0xd9cd3893) sltiu   a7, s10, -612
core   0: 3 0x80002058 (0xd9cd3893) x17 0x00000001
core   0: 0x8000205c (0x317df013) andi    zero, s11, 791
core   0: 3 0x8000205c (0x317df013)
core   0: 0x80002060 (0x01394c33) xor     s8, s2, s3
core   0: 3 0x80002060 (0x01394c33) x24 0x8006e9e6
core   0: 0x80002064 (0xa4fe4e93) xori    t4, t3, -1457
core   0: 3 0x80002064 (0xa4fe4e93) x29 0x7ffe76ab
core   0: 0x80002068 (0x027daab3) mulhsu  s5, s11, t2
core   0: 3 0x80002068 (0x027daab3) x21 0x00000000
core   0: 0x8000206c (0x022f1933) mulh    s2, t5, sp
core   0: 3 0x8000206c (0x022f1933) x18 0x00000000
core   0: 0x80002070 (0x01df1e93) slli    t4, t5, 29
core   0: 3 0x80002070 (0x01df1e93) x29 0x00000000
core   0: 0x80002074 (0x02f83933) mulhu   s2, a6, a5
core   0: 3 0x80002074 (0x02f83933) x18 0x00000000
core   0: 0x80002078 (0x00f65b93) srli    s7, a2, 15
core   0: 3 0x80002078 (0x00f65b93) x23 0x00010003
core   0: 0x8000207c (0x021ea7b3) mulhsu  a5, t4, ra
core   0: 3 0x8000207c (0x021ea7b3) x15 0x00000000
core   0: 0x80002080 (0x025f5533) divu    a0, t5, t0
core   0: 3 0x80002080 (0x025f5533) x10 0x00000000
core   0: 0x80002084 (0x3a1d3093) sltiu   ra, s10, 929
core   0: 3 0x80002084 (0x3a1d3093) x 1 0x00000001
core   0: 0x80002088 (0x00fc5bb3) srl     s7, s8, a5
core   0: 3 0x80002088 (0x00fc5bb3) x23 0x8006e9e6
core   0: 0x8000208c (0x700e2793) slti    a5, t3, 1792
core   0: 3 0x8000208c (0x700e2793) x15 0x00000001
core   0: 0x80002090 (0x015e4cb3) xor     s9, t3, s5
core   0: 3 0x80002090 (0x015e4cb3) x25 0x80018ce4
core   0: 0x80002094 (0x008196b3) sll     a3, gp, s0
core   0: 3 0x80002094 (0x008196b3) x13 0x8001489b
core   0: 0x80002098 (0x03722bb3) mulhsu  s7, tp, s7
core   0: 3 0x80002098 (0x03722bb3) x23 0xffffffef
core   0: 0x8000209c (0x00000013) nop
core   0: 3 0x8000209c (0x00000013)
core   0: 0x800020a0 (0x028166b3) rem     a3, sp, s0
core   0: 3 0x800020a0 (0x028166b3) x13 0x00000008
core   0: 0x800020a4 (0x00521013) slli    zero, tp, 5
core   0: 3 0x800020a4 (0x00521013)
core   0: 0x800020a8 (0x017e7533) and     a0, t3, s7
core   0: 3 0x800020a8 (0x017e7533) x10 0x80018ce4
core   0: 0x800020ac (0x00a6fc33) and     s8, a3, a0
core   0: 3 0x800020ac (0x00a6fc33) x24 0x00000000
core   0: 0x800020b0 (0x013f7533) and     a0, t5, s3
core   0: 3 0x800020b0 (0x013f7533) x10 0x00000000
core   0: 0x800020b4 (0x012d16b3) sll     a3, s10, s2
core   0: 3 0x800020b4 (0x012d16b3) x13 0x00000000
core   0: 0x800020b8 (0x7b7fcb93) xori    s7, t6, 1975
core   0: 3 0x800020b8 (0x7b7fcb93) x23 0x0007a035
core   0: 0x800020bc (0x72fab393) sltiu   t2, s5, 1839
core   0: 3 0x800020bc (0x72fab393) x 7 0x00000001
core   0: 0x800020c0 (0x5bb5c993) xori    s3, a1, 1467
core   0: 3 0x800020c0 (0x5bb5c993) x19 0x000005bd
core   0: 0x800020c4 (0x00b9a333) slt     t1, s3, a1
core   0: 3 0x800020c4 (0x00b9a333) x 6 0x00000000
core   0: 0x800020c8 (0x04106813) ori     a6, zero, 65
core   0: 3 0x800020c8 (0x04106813) x16 0x00000041
core   0: 0x800020cc (0x02a8dbb3) divu    s7, a7, a0
core   0: 3 0x800020cc (0x02a8dbb3) x23 0xffffffff
core   0: 0x800020d0 (0x02521eb3) mulh    t4, tp, t0
core   0: 3 0x800020d0 (0x02521eb3) x29 0x0000000f
core   0: 0x800020d4 (0x02b01433) mulh    s0, zero, a1
core   0: 3 0x800020d4 (0x02b01433) x 8 0x00000000
core   0: 0x800020d8 (0x41618c13) addi    s8, gp, 1046
core   0: 3 0x800020d8 (0x41618c13) x24 0x80014cb1
core   0: 0x800020dc (0x015cf4b3) and     s1, s9, s5
core   0: 3 0x800020dc (0x015cf4b3) x 9 0x00000000
core   0: 0x800020e0 (0x0319ed33) rem     s10, s3, a7
core   0: 3 0x800020e0 (0x0319ed33) x26 0x00000000
core   0: 0x800020e4 (0x415c5213) srai    tp, s8, 21
core   0: 3 0x800020e4 (0x415c5213) x 4 0xfffffc00
core   0: 0x800020e8 (0xf3ca7413) andi    s0, s4, -196
core   0: 3 0x800020e8 (0xf3ca7413) x 8 0xc52c9600
core   0: 0x800020ec (0x00b08ab3) add     s5, ra, a1
core   0: 3 0x800020ec (0x00b08ab3) x21 0x00000007
core   0: 0x800020f0 (0x00fcd733) srl     a4, s9, a5
core   0: 3 0x800020f0 (0x00fcd733) x14 0x4000c672
core   0: 0x800020f4 (0x15baad97) auipc   s11, 0x15baa
core   0: 3 0x800020f4 (0x15baad97) x27 0x95bac0f4
core   0: 0x800020f8 (0x03f65db3) divu    s11, a2, t6
core   0: 3 0x800020f8 (0x03f65db3) x27 0x000010b9
core   0: 0x800020fc (0x00f5bb33) sltu    s6, a1, a5
core   0: 3 0x800020fc (0x00f5bb33) x22 0x00000000
core   0: 0x80002100 (0x036661b3) rem     gp, a2, s6
core   0: 3 0x80002100 (0x036661b3) x 3 0x80018ca9
core   0: 0x80002104 (0x00000013) nop
core   0: 3 0x80002104 (0x00000013)
core   0: 0x80002108 (0x03c35033) divu    zero, t1, t3
core   0: 3 0x80002108 (0x03c35033)
core   0: 0x8000210c (0x02e1ff33) remu    t5, gp, a4
core   0: 3 0x8000210c (0x02e1ff33) x30 0x4000c637
core   0: 0x80002110 (0x0210fd33) remu    s10, ra, ra
core   0: 3 0x80002110 (0x0210fd33) x26 0x00000000
core   0: 0x80002114 (0x82976093) ori     ra, a4, -2007
core   0: 3 0x80002114 (0x82976093) x 1 0xfffffe7b
core   0: 0x80002118 (0xeae1f217) auipc   tp, 0xeae1f
core   0: 3 0x80002118 (0xeae1f217) x 4 0x6ae21118
core   0: 0x8000211c (0xe4aae713) ori     a4, s5, -438
core   0: 3 0x8000211c (0xe4aae713) x14 0xfffffe4f
core   0: 0x80002120 (0xddd0b213) sltiu   tp, ra, -547
core   0: 3 0x80002120 (0xddd0b213) x 4 0x00000000
core   0: 0x80002124 (0x98226713) ori     a4, tp, -1662
core   0: 3 0x80002124 (0x98226713) x14 0xfffff982
core   0: 0x80002128 (0x00b79c33) sll     s8, a5, a1
core   0: 3 0x80002128 (0x00b79c33) x24 0x00000040
core   0: 0x8000212c (0xe97eba93) sltiu   s5, t4, -361
core   0: 3 0x8000212c (0xe97eba93) x21 0x00000001
core   0: 0x80002130 (0x633f8993) addi    s3, t6, 1587
core   0: 3 0x80002130 (0x633f8993) x19 0x0007adb5
core   0: 0x80002134 (0x036376b3) remu    a3, t1, s6
core   0: 3 0x80002134 (0x036376b3) x13 0x00000000
core   0: 0x80002138 (0x035f97b3) mulh    a5, t6, s5
core   0: 3 0x80002138 (0x035f97b3) x15 0x00000000
core   0: 0x8000213c (0x40673c93) sltiu   s9, a4, 1030
core   0: 3 0x8000213c (0x40673c93) x25 0x00000000
core   0: 0x80002140 (0x03092533) mulhsu  a0, s2, a6
core   0: 3 0x80002140 (0x03092533) x10 0x00000000
core   0: 0x80002144 (0x509770b7) lui     ra, 0x50977
core   0: 3 0x80002144 (0x509770b7) x 1 0x50977000
core   0: 0x80002148 (0x01920db3) add     s11, tp, s9
core   0: 3 0x80002148 (0x01920db3) x27 0x00000000
core   0: 0x8000214c (0x00ec5193) srli    gp, s8, 14
core   0: 3 0x8000214c (0x00ec5193) x 3 0x00000000
core   0: 0x80002150 (0x0207cb33) div     s6, a5, zero
core   0: 3 0x80002150 (0x0207cb33) x22 0xffffffff
core   0: 0x80002154 (0x411983b3) sub     t2, s3, a7
core   0: 3 0x80002154 (0x411983b3) x 7 0x0007adb4
core   0: 0x80002158 (0x017ddb13) srli    s6, s11, 23
core   0: 3 0x80002158 (0x017ddb13) x22 0x00000000
core   0: 0x8000215c (0x032dc733) div     a4, s11, s2
core   0: 3 0x8000215c (0x032dc733) x14 0xffffffff
core   0: 0x80002160 (0x005e4033) xor     zero, t3, t0
core   0: 3 0x80002160 (0x005e4033)
core   0: 0x80002164 (0x40445b33) sra     s6, s0, tp
core   0: 3 0x80002164 (0x40445b33) x22 0xc52c9600
core   0: 0x80002168 (0x01969613) slli    a2, a3, 25
core   0: 3 0x80002168 (0x01969613) x12 0x00000000
core   0: 0x8000216c (0x3e316697) auipc   a3, 0x3e316
core   0: 3 0x8000216c (0x3e316697) x13 0xbe31816c
core   0: 0x80002170 (0x410e5cb3) sra     s9, t3, a6
core   0: 3 0x80002170 (0x410e5cb3) x25 0xc000c672
core   0: 0x80002174 (0x41a05733) sra     a4, zero, s10
core   0: 3 0x80002174 (0x41a05733) x14 0x00000000
core   0: 0x80002178 (0x01733c33) sltu    s8, t1, s7
core   0: 3 0x80002178 (0x01733c33) x24 0x00000001
core   0: 0x8000217c (0xc77f2097) auipc   ra, 0xc77f2
core   0: 3 0x8000217c (0xc77f2097) x 1 0x477f417c
core   0: 0x80002180 (0x02848033) mul     zero, s1, s0
core   0: 3 0x80002180 (0x02848033)
core   0: 0x80002184 (0x021f7d33) remu    s10, t5, ra
core   0: 3 0x80002184 (0x021f7d33) x26 0x4000c637
core   0: 0x80002188 (0x0250aa33) mulhsu  s4, ra, t0
core   0: 3 0x80002188 (0x0250aa33) x20 0x23bffe21
core   0: 0x8000218c (0x02c9c733) div     a4, s3, a2
core   0: 3 0x8000218c (0x02c9c733) x14 0xffffffff
core   0: 0x80002190 (0x40bbda13) srai    s4, s7, 11
core   0: 3 0x80002190 (0x40bbda13) x20 0xffffffff
core   0: 0x80002194 (0x8992a217) auipc   tp, 0x8992a
core   0: 3 0x80002194 (0x8992a217) x 4 0x0992c194
core   0: 0x80002198 (0x021e5433) divu    s0, t3, ra
core   0: 3 0x80002198 (0x021e5433) x 8 0x00000001
core   0: 0x8000219c (0x014725b3) slt     a1, a4, s4
core   0: 3 0x8000219c (0x014725b3) x11 0x00000000
core   0: 0x800021a0 (0x0283e933) rem     s2, t2, s0
core   0: 3 0x800021a0 (0x0283e933) x18 0x00000000
core   0: 0x800021a4 (0xd18c3617) auipc   a2, 0xd18c3
core   0: 3 0x800021a4 (0xd18c3617) x12 0x518c51a4
core   0: 0x800021a8 (0x008ed693) srli    a3, t4, 8
core   0: 3 0x800021a8 (0x008ed693) x13 0x00000000
core   0: 0x800021ac (0x038d8233) mul     tp, s11, s8
core   0: 3 0x800021ac (0x038d8233) x 4 0x00000000
core   0: 0x800021b0 (0x8b80ae93) slti    t4, ra, -1864
core   0: 3 0x800021b0 (0x8b80ae93) x29 0x00000000
core   0: 0x800021b4 (0x403485b3) sub     a1, s1, gp
core   0: 3 0x800021b4 (0x403485b3) x11 0x00000000
core   0: 0x800021b8 (0x035cc533) div     a0, s9, s5
core   0: 3 0x800021b8 (0x035cc533) x10 0xc000c672
core   0: 0x800021bc (0x01d41213) slli    tp, s0, 29
core   0: 3 0x800021bc (0x01d41213) x 4 0x20000000
core   0: 0x800021c0 (0x01db8433) add     s0, s7, t4
core   0: 3 0x800021c0 (0x01db8433) x 8 0xffffffff
core   0: 0x800021c4 (0x4bedf913) andi    s2, s11, 1214
core   0: 3 0x800021c4 (0x4bedf913) x18 0x00000000
core   0: 0x800021c8 (0x597bad93) slti    s11, s7, 1431
core   0: 3 0x800021c8 (0x597bad93) x27 0x00000001
core   0: 0x800021cc (0x01ac85b3) add     a1, s9, s10
core   0: 3 0x800021cc (0x01ac85b3) x11 0x00018ca9
core   0: 0x800021d0 (0x40f4da33) sra     s4, s1, a5
core   0: 3 0x800021d0 (0x40f4da33) x20 0x00000000
core   0: 0x800021d4 (0xba31bd93) sltiu   s11, gp, -1117
core   0: 3 0x800021d4 (0xba31bd93) x27 0x00000001
core   0: 0x800021d8 (0x03a05ab3) divu    s5, zero, s10
core   0: 3 0x800021d8 (0x03a05ab3) x21 0x00000000
core   0: 0x800021dc (0x56a4b913) sltiu   s2, s1, 1386
core   0: 3 0x800021dc (0x56a4b913) x18 0x00000001
core   0: 0x800021e0 (0x657d8413) addi    s0, s11, 1623
core   0: 3 0x800021e0 (0x657d8413) x 8 0x00000658
core   0: 0x800021e4 (0x036164b3) rem     s1, sp, s6
core   0: 3 0x800021e4 (0x036164b3) x 9 0x00000008
core   0: 0x800021e8 (0x0365abb3) mulhsu  s7, a1, s6
core   0: 3 0x800021e8 (0x0365abb3) x23 0x00013183
core   0: 0x800021ec (0x01c01413) slli    s0, zero, 28
core   0: 3 0x800021ec (0x01c01413) x 8 0x00000000
core   0: 0x800021f0 (0x00105fb3) srl     t6, zero, ra
core   0: 3 0x800021f0 (0x00105fb3) x31 0x00000000
core   0: 0x800021f4 (0x41570fb3) sub     t6, a4, s5
core   0: 3 0x800021f4 (0x41570fb3) x31 0xffffffff
core   0: 0x800021f8 (0x03064333) div     t1, a2, a6
core   0: 3 0x800021f8 (0x03064333) x 6 0x01412c94
core   0: 0x800021fc (0x0151d233) srl     tp, gp, s5
core   0: 3 0x800021fc (0x0151d233) x 4 0x00000000
core   0: 0x80002200 (0x00000013) nop
core   0: 3 0x80002200 (0x00000013)
core   0: 0x80002204 (0x00f85233) srl     tp, a6, a5
core   0: 3 0x80002204 (0x00f85233) x 4 0x00000041
core   0: 0x80002208 (0x035747b3) div     a5, a4, s5
core   0: 3 0x80002208 (0x035747b3) x15 0xffffffff
core   0: 0x8000220c (0x03cf91b3) mulh    gp, t6, t3
core   0: 3 0x8000220c (0x03cf91b3) x 3 0x00000000
core   0: 0x80002210 (0x002e3ab3) sltu    s5, t3, sp
core   0: 3 0x80002210 (0x002e3ab3) x21 0x00000000
core   0: 0x80002214 (0x31803413) sltiu   s0, zero, 792
core   0: 3 0x80002214 (0x31803413) x 8 0x00000001
core   0: 0x80002218 (0x00c6ba33) sltu    s4, a3, a2
core   0: 3 0x80002218 (0x00c6ba33) x20 0x00000001
core   0: 0x8000221c (0x035ff6b3) remu    a3, t6, s5
core   0: 3 0x8000221c (0x035ff6b3) x13 0xffffffff
core   0: 0x80002220 (0x0114d913) srli    s2, s1, 17
core   0: 3 0x80002220 (0x0114d913) x18 0x00000000
core   0: 0x80002224 (0x03b3f533) remu    a0, t2, s11
core   0: 3 0x80002224 (0x03b3f533) x10 0x00000000
core   0: 0x80002228 (0x03d76c33) rem     s8, a4, t4
core   0: 3 0x80002228 (0x03d76c33) x24 0xffffffff
core   0: 0x8000222c (0x01daf533) and     a0, s5, t4
core   0: 3 0x8000222c (0x01daf533) x10 0x00000000
core   0: 0x80002230 (0x2929f993) andi    s3, s3, 658
core   0: 3 0x80002230 (0x2929f993) x19 0x00000090
core   0: 0x80002234 (0xeff4f213) andi    tp, s1, -257
core   0: 3 0x80002234 (0xeff4f213) x 4 0x00000008
core   0: 0x80002238 (0x40185eb3) sra     t4, a6, ra
core   0: 3 0x80002238 (0x40185eb3) x29 0x00000000
core   0: 0x8000223c (0x41f75613) srai    a2, a4, 31
core   0: 3 0x8000223c (0x41f75613) x12 0xffffffff
core   0: 0x80002240 (0x02105fb3) divu    t6, zero, ra
core   0: 3 0x80002240 (0x02105fb3) x31 0x00000000
core   0: 0x80002244 (0xbfc56a13) ori     s4, a0, -1028
core   0: 3 0x80002244 (0xbfc56a13) x20 0xfffffbfc
core   0: 0x80002248 (0x0073d933) srl     s2, t2, t2
core   0: 3 0x80002248 (0x0073d933) x18 0x00000000
core   0: 0x8000224c (0x021125b3) mulhsu  a1, sp, ra
core   0: 3 0x8000224c (0x021125b3) x11 0x00000002
core   0: 0x80002250 (0x029c7b33) remu    s6, s8, s1
core   0: 3 0x80002250 (0x029c7b33) x22 0x00000007
core   0: 0x80002254 (0x5c92d717) auipc   a4, 0x5c92d
core   0: 3 0x80002254 (0x5c92d717) x14 0xdc92f254
core   0: 0x80002258 (0x72c1f813) andi    a6, gp, 1836
core   0: 3 0x80002258 (0x72c1f813) x16 0x00000000
core   0: 0x8000225c (0x41fc5eb3) sra     t4, s8, t6
core   0: 3 0x8000225c (0x41fc5eb3) x29 0xffffffff
core   0: 0x80002260 (0x0271a3b3) mulhsu  t2, gp, t2
core   0: 3 0x80002260 (0x0271a3b3) x 7 0x00000000
core   0: 0x80002264 (0x41a15913) srai    s2, sp, 26
core   0: 3 0x80002264 (0x41a15913) x18 0x00000000
core   0: 0x80002268 (0x028b67b3) rem     a5, s6, s0
core   0: 3 0x80002268 (0x028b67b3) x15 0x00000000
core   0: 0x8000226c (0x00632fb3) slt     t6, t1, t1
core   0: 3 0x8000226c (0x00632fb3) x31 0x00000000
core   0: 0x80002270 (0x6d37e313) ori     t1, a5, 1747
core   0: 3 0x80002270 (0x6d37e313) x 6 0x000006d3
core   0: 0x80002274 (0xb6fc7f13) andi    t5, s8, -1169
core   0: 3 0x80002274 (0xb6fc7f13) x30 0xfffffb6f
core   0: 0x80002278 (0x0330edb3) rem     s11, ra, s3
core   0: 3 0x80002278 (0x0330edb3) x27 0x0000000c
core   0: 0x8000227c (0x0108eab3) or      s5, a7, a6
core   0: 3 0x8000227c (0x0108eab3) x21 0x00000001
core   0: 0x80002280 (0x0128e3b3) or      t2, a7, s2
core   0: 3 0x80002280 (0x0128e3b3) x 7 0x00000001
core   0: 0x80002284 (0x406486b3) sub     a3, s1, t1
core   0: 3 0x80002284 (0x406486b3) x13 0xfffff935
core   0: 0x80002288 (0x006038b3) snez    a7, t1
core   0: 3 0x80002288 (0x006038b3) x17 0x00000001
core   0: 0x8000228c (0x020286b3) mul     a3, t0, zero
core   0: 3 0x8000228c (0x020286b3) x13 0x00000000
core   0: 0x80002290 (0x00c348b3) xor     a7, t1, a2
core   0: 3 0x80002290 (0x00c348b3) x17 0xfffff92c
core   0: 0x80002294 (0x02bb54b3) divu    s1, s6, a1
core   0: 3 0x80002294 (0x02bb54b3) x 9 0x00000003
core   0: 0x80002298 (0x01dbb6b3) sltu    a3, s7, t4
core   0: 3 0x80002298 (0x01dbb6b3) x13 0x00000001
core   0: 0x8000229c (0x00000013) nop
core   0: 3 0x8000229c (0x00000013)
core   0: 0x800022a0 (0x6f8ec713) xori    a4, t4, 1784
core   0: 3 0x800022a0 (0x6f8ec713) x14 0xfffff907
core   0: 0x800022a4 (0x00ae5513) srli    a0, t3, 10
core   0: 3 0x800022a4 (0x00ae5513) x10 0x00200063
core   0: 0x800022a8 (0x02d23333) mulhu   t1, tp, a3
core   0: 3 0x800022a8 (0x02d23333) x 6 0x00000000
core   0: 0x800022ac (0x235aa513) slti    a0, s5, 565
core   0: 3 0x800022ac (0x235aa513) x10 0x00000001
core   0: 0x800022b0 (0x00000013) nop
core   0: 3 0x800022b0 (0x00000013)
core   0: 0x800022b4 (0x5ca3e0b7) lui     ra, 0x5ca3e
core   0: 3 0x800022b4 (0x5ca3e0b7) x 1 0x5ca3e000
core   0: 0x800022b8 (0x01d19733) sll     a4, gp, t4
core   0: 3 0x800022b8 (0x01d19733) x14 0x00000000
core   0: 0x800022bc (0x0cc13493) sltiu   s1, sp, 204
core   0: 3 0x800022bc (0x0cc13493) x 9 0x00000001
core   0: 0x800022c0 (0x796c23b7) lui     t2, 0x796c2
core   0: 3 0x800022c0 (0x796c23b7) x 7 0x796c2000
core   0: 0x800022c4 (0x41cf8b33) sub     s6, t6, t3
core   0: 3 0x800022c4 (0x41cf8b33) x22 0x7ffe731c
core   0: 0x800022c8 (0xe9862013) slti    zero, a2, -360
core   0: 3 0x800022c8 (0xe9862013)
core   0: 0x800022cc (0x0300b9b3) mulhu   s3, ra, a6
core   0: 3 0x800022cc (0x0300b9b3) x19 0x00000000
core   0: 0x800022d0 (0x01909d13) slli    s10, ra, 25
core   0: 3 0x800022d0 (0x01909d13) x26 0x00000000
core   0: 0x800022d4 (0x6ba8bd13) sltiu   s10, a7, 1722
core   0: 3 0x800022d4 (0x6ba8bd13) x26 0x00000000
core   0: 0x800022d8 (0x01ba9fb3) sll     t6, s5, s11
core   0: 3 0x800022d8 (0x01ba9fb3) x31 0x00001000
core   0: 0x800022dc (0x03e14d33) div     s10, sp, t5
core   0: 3 0x800022dc (0x03e14d33) x26 0x00000000
core   0: 0x800022e0 (0x00000013) nop
core   0: 3 0x800022e0 (0x00000013)
core   0: 0x800022e4 (0x00552333) slt     t1, a0, t0
core   0: 3 0x800022e4 (0x00552333) x 6 0x00000000
core   0: 0x800022e8 (0x127e2193) slti    gp, t3, 295
core   0: 3 0x800022e8 (0x127e2193) x 3 0x00000001
core   0: 0x800022ec (0x66eb2493) slti    s1, s6, 1646
core   0: 3 0x800022ec (0x66eb2493) x 9 0x00000000
core   0: 0x800022f0 (0x76968537) lui     a0, 0x76968
core   0: 3 0x800022f0 (0x76968537) x10 0x76968000
core   0: 0x800022f4 (0x40475433) sra     s0, a4, tp
core   0: 3 0x800022f4 (0x40475433) x 8 0x00000000
core   0: 0x800022f8 (0x00ad1a93) slli    s5, s10, 10
core   0: 3 0x800022f8 (0x00ad1a93) x21 0x00000000
core   0: 0x800022fc (0x03589633) mulh    a2, a7, s5
core   0: 3 0x800022fc (0x03589633) x12 0x00000000
core   0: 0x80002300 (0x000cd333) srl     t1, s9, zero
core   0: 3 0x80002300 (0x000cd333) x 6 0xc000c672
core   0: 0x80002304 (0x02a823b3) mulhsu  t2, a6, a0
core   0: 3 0x80002304 (0x02a823b3) x 7 0x00000000
core   0: 0x80002308 (0x024ed633) divu    a2, t4, tp
core   0: 3 0x80002308 (0x024ed633) x12 0x1fffffff
core   0: 0x8000230c (0x00000013) nop
core   0: 3 0x8000230c (0x00000013)
core   0: 0x80002310 (0xe0088313) addi    t1, a7, -512
core   0: 3 0x80002310 (0xe0088313) x 6 0xfffff72c
core   0: 0x80002314 (0x4279c893) xori    a7, s3, 1063
core   0: 3 0x80002314 (0x4279c893) x17 0x00000427
core   0: 0x80002318 (0x01a2e3b3) or      t2, t0, s10
core   0: 3 0x80002318 (0x01a2e3b3) x 7 0x80014e64
core   0: 0x8000231c (0x03e195b3) mulh    a1, gp, t5
core   0: 3 0x8000231c (0x03e195b3) x11 0xffffffff
core   0: 0x80002320 (0x41a48b33) sub     s6, s1, s10
core   0: 3 0x80002320 (0x41a48b33) x22 0x00000000
core   0: 0x80002324 (0x02519f33) mulh    t5, gp, t0
core   0: 3 0x80002324 (0x02519f33) x30 0xffffffff
core   0: 0x80002328 (0x02dea033) mulhsu  zero, t4, a3
core   0: 3 0x80002328 (0x02dea033)
core   0: 0x8000232c (0x0336af33) mulhsu  t5, a3, s3
core   0: 3 0x8000232c (0x0336af33) x30 0x00000000
core   0: 0x80002330 (0x8a60bf93) sltiu   t6, ra, -1882
core   0: 3 0x80002330 (0x8a60bf93) x31 0x00000001
core   0: 0x80002334 (0x411bd093) srai    ra, s7, 17
core   0: 3 0x80002334 (0x411bd093) x 1 0x00000000
core   0: 0x80002338 (0x9066c713) xori    a4, a3, -1786
core   0: 3 0x80002338 (0x9066c713) x14 0xfffff907
core   0: 0x8000233c (0x011b8733) add     a4, s7, a7
core   0: 3 0x8000233c (0x011b8733) x14 0x000135aa
core   0: 0x80002340 (0x415487b3) sub     a5, s1, s5
core   0: 3 0x80002340 (0x415487b3) x15 0x00000000
core   0: 0x80002344 (0x01f00a33) add     s4, zero, t6
core   0: 3 0x80002344 (0x01f00a33) x20 0x00000001
core   0: 0x80002348 (0xf9406093) ori     ra, zero, -108
core   0: 3 0x80002348 (0xf9406093) x 1 0xffffff94
core   0: 0x8000234c (0x41a0de93) srai    t4, ra, 26
core   0: 3 0x8000234c (0x41a0de93) x29 0xffffffff
core   0: 0x80002350 (0x03f11ab3) mulh    s5, sp, t6
core   0: 3 0x80002350 (0x03f11ab3) x21 0x00000000
core   0: 0x80002354 (0xd13df693) andi    a3, s11, -749
core   0: 3 0x80002354 (0xd13df693) x13 0x00000000
core   0: 0x80002358 (0x9b2416b7) lui     a3, 0x9b241
core   0: 3 0x80002358 (0x9b2416b7) x13 0x9b241000
core   0: 0x8000235c (0x40170733) sub     a4, a4, ra
core   0: 3 0x8000235c (0x40170733) x14 0x00013616
core   0: 0x80002360 (0x015187b3) add     a5, gp, s5
core   0: 3 0x80002360 (0x015187b3) x15 0x00000001
core   0: 0x80002364 (0x41c40933) sub     s2, s0, t3
core   0: 3 0x80002364 (0x41c40933) x18 0x7ffe731c
core   0: 0x80002368 (0x01acdb93) srli    s7, s9, 26
core   0: 3 0x80002368 (0x01acdb93) x23 0x00000030
core   0: 0x8000236c (0x037780b3) mul     ra, a5, s7
core   0: 3 0x8000236c (0x037780b3) x 1 0x00000030
core   0: 0x80002370 (0x41978f33) sub     t5, a5, s9
core   0: 3 0x80002370 (0x41978f33) x30 0x3fff398f
core   0: 0x80002374 (0x023005b3) mul     a1, zero, gp
core   0: 3 0x80002374 (0x023005b3) x11 0x00000000
core   0: 0x80002378 (0x02f666b3) rem     a3, a2, a5
core   0: 3 0x80002378 (0x02f666b3) x13 0x00000000
core   0: 0x8000237c (0x014bde93) srli    t4, s7, 20
core   0: 3 0x8000237c (0x014bde93) x29 0x00000000
core   0: 0x80002380 (0x1eeab513) sltiu   a0, s5, 494
core   0: 3 0x80002380 (0x1eeab513) x10 0x00000001
core   0: 0x80002384 (0x7aa67613) andi    a2, a2, 1962
core   0: 3 0x80002384 (0x7aa67613) x12 0x000007aa
core   0: 0x80002388 (0x3880a513) slti    a0, ra, 904
core   0: 3 0x80002388 (0x3880a513) x10 0x00000001
core   0: 0x8000238c (0xccf58093) addi    ra, a1, -817
core   0: 3 0x8000238c (0xccf58093) x 1 0xfffffccf
core   0: 0x80002390 (0x01001ab3) sll     s5, zero, a6
core   0: 3 0x80002390 (0x01001ab3) x21 0x00000000
core   0: 0x80002394 (0x0101b033) sltu    zero, gp, a6
core   0: 3 0x80002394 (0x0101b033)
core   0: 0x80002398 (0xd1dc0213) addi    tp, s8, -739
core   0: 3 0x80002398 (0xd1dc0213) x 4 0xfffffd1c
core   0: 0x8000239c (0x40e2d593) srai    a1, t0, 14
core   0: 3 0x8000239c (0x40e2d593) x11 0xfffe0005
core   0: 0x800023a0 (0x00bf9fb3) sll     t6, t6, a1
core   0: 3 0x800023a0 (0x00bf9fb3) x31 0x00000020
core   0: 0x800023a4 (0xd33da493) slti    s1, s11, -717
core   0: 3 0x800023a4 (0xd33da493) x 9 0x00000000
core   0: 0x800023a8 (0x00d358b3) srl     a7, t1, a3
core   0: 3 0x800023a8 (0x00d358b3) x17 0xfffff72c
core   0: 0x800023ac (0x00e8bf33) sltu    t5, a7, a4
core   0: 3 0x800023ac (0x00e8bf33) x30 0x00000000
core   0: 0x800023b0 (0x414c5933) sra     s2, s8, s4
core   0: 3 0x800023b0 (0x414c5933) x18 0xffffffff
core   0: 0x800023b4 (0x03750b33) mul     s6, a0, s7
core   0: 3 0x800023b4 (0x03750b33) x22 0x00000030
core   0: 0x800023b8 (0x00c7efb3) or      t6, a5, a2
core   0: 3 0x800023b8 (0x00c7efb3) x31 0x000007ab
core   0: 0x800023bc (0x01603033) snez    zero, s6
core   0: 3 0x800023bc (0x01603033)
core   0: 0x800023c0 (0x024fbab3) mulhu   s5, t6, tp
core   0: 3 0x800023c0 (0x024fbab3) x21 0x000007aa
core   0: 0x800023c4 (0x073cb513) sltiu   a0, s9, 115
core   0: 3 0x800023c4 (0x073cb513) x10 0x00000000
core   0: 0x800023c8 (0x09a0f313) andi    t1, ra, 154
core   0: 3 0x800023c8 (0x09a0f313) x 6 0x0000008a
core   0: 0x800023cc (0x02711c33) mulh    s8, sp, t2
core   0: 3 0x800023cc (0x02711c33) x24 0xfffffffc
core   0: 0x800023d0 (0x468e9917) auipc   s2, 0x468e9
core   0: 3 0x800023d0 (0x468e9917) x18 0xc68eb3d0
core   0: 0x800023d4 (0x74f68d13) addi    s10, a3, 1871
core   0: 3 0x800023d4 (0x74f68d13) x26 0x0000074f
core   0: 0x800023d8 (0x036b4cb3) div     s9, s6, s6
core   0: 3 0x800023d8 (0x036b4cb3) x25 0x00000001
core   0: 0x800023dc (0x011023b3) slt     t2, zero, a7
core   0: 3 0x800023dc (0x011023b3) x 7 0x00000000
core   0: 0x800023e0 (0x17190793) addi    a5, s2, 369
core   0: 3 0x800023e0 (0x17190793) x15 0xc68eb541
core   0: 0x800023e4 (0x00bf4933) xor     s2, t5, a1
core   0: 3 0x800023e4 (0x00bf4933) x18 0xfffe0005
core   0: 0x800023e8 (0x0151efb3) or      t6, gp, s5
core   0: 3 0x800023e8 (0x0151efb3) x31 0x000007ab
core   0: 0x800023ec (0x00141ab3) sll     s5, s0, ra
core   0: 3 0x800023ec (0x00141ab3) x21 0x00000000
core   0: 0x800023f0 (0x1fdea313) slti    t1, t4, 509
core   0: 3 0x800023f0 (0x1fdea313) x 6 0x00000001
core   0: 0x800023f4 (0x41ac5893) srai    a7, s8, 26
core   0: 3 0x800023f4 (0x41ac5893) x17 0xffffffff
core   0: 0x800023f8 (0x67e77c13) andi    s8, a4, 1662
core   0: 3 0x800023f8 (0x67e77c13) x24 0x00000616
core   0: 0x800023fc (0x01fde9b3) or      s3, s11, t6
core   0: 3 0x800023fc (0x01fde9b3) x19 0x000007af
core   0: 0x80002400 (0xb9ec4b13) xori    s6, s8, -1122
core   0: 3 0x80002400 (0xb9ec4b13) x22 0xfffffd88
core   0: 0x80002404 (0x6abe8193) addi    gp, t4, 1707
core   0: 3 0x80002404 (0x6abe8193) x 3 0x000006ab
core   0: 0x80002408 (0x56b43097) auipc   ra, 0x56b43
core   0: 3 0x80002408 (0x56b43097) x 1 0xd6b45408
core   0: 0x8000240c (0x034ad0b3) divu    ra, s5, s4
core   0: 3 0x8000240c (0x034ad0b3) x 1 0x00000000
core   0: 0x80002410 (0x03f40233) mul     tp, s0, t6
core   0: 3 0x80002410 (0x03f40233) x 4 0x00000000
core   0: 0x80002414 (0x019cabb3) slt     s7, s9, s9
core   0: 3 0x80002414 (0x019cabb3) x23 0x00000000
core   0: 0x80002418 (0x744a0493) addi    s1, s4, 1860
core   0: 3 0x80002418 (0x744a0493) x 9 0x00000745
core   0: 0x8000241c (0x01e666b3) or      a3, a2, t5
core   0: 3 0x8000241c (0x01e666b3) x13 0x000007aa
core   0: 0x80002420 (0x0232ccb3) div     s9, t0, gp
core   0: 3 0x80002420 (0x0232ccb3) x25 0xffeccdf5
core   0: 0x80002424 (0x0233f7b3) remu    a5, t2, gp
core   0: 3 0x80002424 (0x0233f7b3) x15 0x00000000
core   0: 0x80002428 (0x03e93933) mulhu   s2, s2, t5
core   0: 3 0x80002428 (0x03e93933) x18 0x00000000
core   0: 0x8000242c (0x018cec33) or      s8, s9, s8
core   0: 3 0x8000242c (0x018cec33) x24 0xffeccff7
core   0: 0x80002430 (0xc5e77a13) andi    s4, a4, -930
core   0: 3 0x80002430 (0xc5e77a13) x20 0x00013416
core   0: 0x80002434 (0x9e7f4313) xori    t1, t5, -1561
core   0: 3 0x80002434 (0x9e7f4313) x 6 0xfffff9e7
core   0: 0x80002438 (0x0161f333) and     t1, gp, s6
core   0: 3 0x80002438 (0x0161f333) x 6 0x00000488
core   0: 0x8000243c (0x33d4fa13) andi    s4, s1, 829
core   0: 3 0x8000243c (0x33d4fa13) x20 0x00000305
core   0: 0x80002440 (0x024ee833) rem     a6, t4, tp
core   0: 3 0x80002440 (0x024ee833) x16 0x00000000
core   0: 0x80002444 (0x037d17b3) mulh    a5, s10, s7
core   0: 3 0x80002444 (0x037d17b3) x15 0x00000000
core   0: 0x80002448 (0x02936cb3) rem     s9, t1, s1
core   0: 3 0x80002448 (0x02936cb3) x25 0x00000488
core   0: 0x8000244c (0x02f52f33) mulhsu  t5, a0, a5
core   0: 3 0x8000244c (0x02f52f33) x30 0x00000000
core   0: 0x80002450 (0xb56b8337) lui     t1, 0xb56b8
core   0: 3 0x80002450 (0xb56b8337) x 6 0xb56b8000
core   0: 0x80002454 (0x4108d3b3) sra     t2, a7, a6
core   0: 3 0x80002454 (0x4108d3b3) x 7 0xffffffff
core   0: 0x80002458 (0x8491ff37) lui     t5, 0x8491f
core   0: 3 0x80002458 (0x8491ff37) x30 0x8491f000
core   0: 0x8000245c (0xd3544193) xori    gp, s0, -715
core   0: 3 0x8000245c (0xd3544193) x 3 0xfffffd35
core   0: 0x80002460 (0x03cf4833) div     a6, t5, t3
core   0: 3 0x80002460 (0x03cf4833) x16 0x00000000
core   0: 0x80002464 (0x046f0d37) lui     s10, 0x46f0
core   0: 3 0x80002464 (0x046f0d37) x26 0x046f0000
core   0: 0x80002468 (0x1969c693) xori    a3, s3, 406
core   0: 3 0x80002468 (0x1969c693) x13 0x00000639
core   0: 0x8000246c (0x00e1efb3) or      t6, gp, a4
core   0: 3 0x8000246c (0x00e1efb3) x31 0xffffff37
core   0: 0x80002470 (0x00000013) nop
core   0: 3 0x80002470 (0x00000013)
core   0: 0x80002474 (0x03e1cfb3) div     t6, gp, t5
core   0: 3 0x80002474 (0x03e1cfb3) x31 0x00000000
core   0: 0x80002478 (0x4056dc33) sra     s8, a3, t0
core   0: 3 0x80002478 (0x4056dc33) x24 0x00000063
core   0: 0x8000247c (0x02ad5a33) divu    s4, s10, a0
core   0: 3 0x8000247c (0x02ad5a33) x20 0xffffffff
core   0: 0x80002480 (0x01cb91b3) sll     gp, s7, t3
core   0: 3 0x80002480 (0x01cb91b3) x 3 0x00000000
core   0: 0x80002484 (0x02978eb3) mul     t4, a5, s1
core   0: 3 0x80002484 (0x02978eb3) x29 0x00000000
core   0: 0x80002488 (0x0127aeb3) slt     t4, a5, s2
core   0: 3 0x80002488 (0x0127aeb3) x29 0x00000000
core   0: 0x8000248c (0x00000013) nop
core   0: 3 0x8000248c (0x00000013)
core   0: 0x80002490 (0x00a46d33) or      s10, s0, a0
core   0: 3 0x80002490 (0x00a46d33) x26 0x00000000
core   0: 0x80002494 (0x5502fd93) andi    s11, t0, 1360
core   0: 3 0x80002494 (0x5502fd93) x27 0x00000440
core   0: 0x80002498 (0x01c95f13) srli    t5, s2, 28
core   0: 3 0x80002498 (0x01c95f13) x30 0x00000000
core   0: 0x8000249c (0x03f6f533) remu    a0, a3, t6
core   0: 3 0x8000249c (0x03f6f533) x10 0x00000639
core   0: 0x800024a0 (0x73163f13) sltiu   t5, a2, 1841
core   0: 3 0x800024a0 (0x73163f13) x30 0x00000000
core   0: 0x800024a4 (0x2d953813) sltiu   a6, a0, 729
core   0: 3 0x800024a4 (0x2d953813) x16 0x00000000
core   0: 0x800024a8 (0x5d098913) addi    s2, s3, 1488
core   0: 3 0x800024a8 (0x5d098913) x18 0x00000d7f
core   0: 0x800024ac (0x026b3cb3) mulhu   s9, s6, t1
core   0: 3 0x800024ac (0x026b3cb3) x25 0xb56b7e40
core   0: 0x800024b0 (0x038e4f33) div     t5, t3, s8
core   0: 3 0x800024b0 (0x038e4f33) x30 0xfeb50699
core   0: 0x800024b4 (0x009fbfb3) sltu    t6, t6, s1
core   0: 3 0x800024b4 (0x009fbfb3) x31 0x00000001
core   0: 0x800024b8 (0x00a8d913) srli    s2, a7, 10
core   0: 3 0x800024b8 (0x00a8d913) x18 0x003fffff
core   0: 0x800024bc (0x01fb0333) add     t1, s6, t6
core   0: 3 0x800024bc (0x01fb0333) x 6 0xfffffd89
core   0: 0x800024c0 (0x00751793) slli    a5, a0, 7
core   0: 3 0x800024c0 (0x00751793) x15 0x00031c80
core   0: 0x800024c4 (0xbf38b993) sltiu   s3, a7, -1037
core   0: 3 0x800024c4 (0xbf38b993) x19 0x00000000
core   0: 0x800024c8 (0xa005ea13) ori     s4, a1, -1536
core   0: 3 0x800024c8 (0xa005ea13) x20 0xfffffa05
core   0: 0x800024cc (0x0225c633) div     a2, a1, sp
core   0: 3 0x800024cc (0x0225c633) x12 0xffffc001
core   0: 0x800024d0 (0x02732b33) mulhsu  s6, t1, t2
core   0: 3 0x800024d0 (0x02732b33) x22 0xfffffd89
core   0: 0x800024d4 (0x00f2c533) xor     a0, t0, a5
core   0: 3 0x800024d4 (0x00f2c533) x10 0x800252e4
core   0: 0x800024d8 (0x00d00333) add     t1, zero, a3
core   0: 3 0x800024d8 (0x00d00333) x 6 0x00000639
core   0: 0x800024dc (0x0102d393) srli    t2, t0, 16
core   0: 3 0x800024dc (0x0102d393) x 7 0x00008001
core   0: 0x800024e0 (0x01e41c13) slli    s8, s0, 30
core   0: 3 0x800024e0 (0x01e41c13) x24 0x00000000
core   0: 0x800024e4 (0x0251cdb3) div     s11, gp, t0
core   0: 3 0x800024e4 (0x0251cdb3) x27 0x00000000
core   0: 0x800024e8 (0x411b58b3) sra     a7, s6, a7
core   0: 3 0x800024e8 (0x411b58b3) x17 0xffffffff
core   0: 0x800024ec (0x01c75593) srli    a1, a4, 28
core   0: 3 0x800024ec (0x01c75593) x11 0x00000000
core   0: 0x800024f0 (0x033f7533) remu    a0, t5, s3
core   0: 3 0x800024f0 (0x033f7533) x10 0xfeb50699
core   0: 0x800024f4 (0x006dd5b3) srl     a1, s11, t1
core   0: 3 0x800024f4 (0x006dd5b3) x11 0x00000000
core   0: 0x800024f8 (0x033e9fb3) mulh    t6, t4, s3
core   0: 3 0x800024f8 (0x033e9fb3) x31 0x00000000
core   0: 0x800024fc (0x008a2a33) slt     s4, s4, s0
core   0: 3 0x800024fc (0x008a2a33) x20 0x00000001
core   0: 0x80002500 (0x024c5f33) divu    t5, s8, tp
core   0: 3 0x80002500 (0x024c5f33) x30 0xffffffff
core   0: 0x80002504 (0x0388cf33) div     t5, a7, s8
core   0: 3 0x80002504 (0x0388cf33) x30 0xffffffff
core   0: 0x80002508 (0xf7366f13) ori     t5, a2, -141
core   0: 3 0x80002508 (0xf7366f13) x30 0xffffff73
core   0: 0x8000250c (0x3df8ad17) auipc   s10, 0x3df8a
core   0: 3 0x8000250c (0x3df8ad17) x26 0xbdf8c50c
core   0: 0x80002510 (0x03c5f733) remu    a4, a1, t3
core   0: 3 0x80002510 (0x03c5f733) x14 0x00000000
core   0: 0x80002514 (0x3ed2ac17) auipc   s8, 0x3ed2a
core   0: 3 0x80002514 (0x3ed2ac17) x24 0xbed2c514
core   0: 0x80002518 (0x02620c33) mul     s8, tp, t1
core   0: 3 0x80002518 (0x02620c33) x24 0x00000000
core   0: 0x8000251c (0x4c48f193) andi    gp, a7, 1220
core   0: 3 0x8000251c (0x4c48f193) x 3 0x000004c4
core   0: 0x80002520 (0x41e00eb3) sub     t4, zero, t5
core   0: 3 0x80002520 (0x41e00eb3) x29 0x0000008d
core   0: 0x80002524 (0x008847b3) xor     a5, a6, s0
core   0: 3 0x80002524 (0x008847b3) x15 0x00000000
core   0: 0x80002528 (0x40645533) sra     a0, s0, t1
core   0: 3 0x80002528 (0x40645533) x10 0x00000000
core   0: 0x8000252c (0x03376533) rem     a0, a4, s3
core   0: 3 0x8000252c (0x03376533) x10 0x00000000
core   0: 0x80002530 (0x00039b33) sll     s6, t2, zero
core   0: 3 0x80002530 (0x00039b33) x22 0x00008001
core   0: 0x80002534 (0x5e6ac393) xori    t2, s5, 1510
core   0: 3 0x80002534 (0x5e6ac393) x 7 0x000005e6
core   0: 0x80002538 (0x4b39a793) slti    a5, s3, 1203
core   0: 3 0x80002538 (0x4b39a793) x15 0x00000001
core   0: 0x8000253c (0x02904733) div     a4, zero, s1
core   0: 3 0x8000253c (0x02904733) x14 0x00000000
core   0: 0x80002540 (0x00579813) slli    a6, a5, 5
core   0: 3 0x80002540 (0x00579813) x16 0x00000020
core   0: 0x80002544 (0x01c25693) srli    a3, tp, 28
core   0: 3 0x80002544 (0x01c25693) x13 0x00000000
core   0: 0x80002548 (0xf43aa897) auipc   a7, 0xf43aa
core   0: 3 0x80002548 (0xf43aa897) x17 0x743ac548
core   0: 0x8000254c (0x011d8633) add     a2, s11, a7
core   0: 3 0x8000254c (0x011d8633) x12 0x743ac548
core   0: 0x80002550 (0x01b151b3) srl     gp, sp, s11
core   0: 3 0x80002550 (0x01b151b3) x 3 0x00000008
core   0: 0x80002554 (0x01349613) slli    a2, s1, 19
core   0: 3 0x80002554 (0x01349613) x12 0x3a280000
core   0: 0x80002558 (0x02d7d233) divu    tp, a5, a3
core   0: 3 0x80002558 (0x02d7d233) x 4 0xffffffff
core   0: 0x8000255c (0x01573d33) sltu    s10, a4, s5
core   0: 3 0x8000255c (0x01573d33) x26 0x00000000
core   0: 0x80002560 (0x02c7e4b3) rem     s1, a5, a2
core   0: 3 0x80002560 (0x02c7e4b3) x 9 0x00000001
core   0: 0x80002564 (0xe9d8bc13) sltiu   s8, a7, -355
core   0: 3 0x80002564 (0xe9d8bc13) x24 0x00000001
core   0: 0x80002568 (0x40378033) sub     zero, a5, gp
core   0: 3 0x80002568 (0x40378033)
core   0: 0x8000256c (0x94b8b393) sltiu   t2, a7, -1717
core   0: 3 0x8000256c (0x94b8b393) x 7 0x00000001
core   0: 0x80002570 (0xe650ba93) sltiu   s5, ra, -411
core   0: 3 0x80002570 (0xe650ba93) x21 0x00000001
core   0: 0x80002574 (0x6e246337) lui     t1, 0x6e246
core   0: 3 0x80002574 (0x6e246337) x 6 0x6e246000
core   0: 0x80002578 (0x78a08a93) addi    s5, ra, 1930
core   0: 3 0x80002578 (0x78a08a93) x21 0x0000078a
core   0: 0x8000257c (0x2913a213) slti    tp, t2, 657
core   0: 3 0x8000257c (0x2913a213) x 4 0x00000001
core   0: 0x80002580 (0x10fe4993) xori    s3, t3, 271
core   0: 3 0x80002580 (0x10fe4993) x19 0x80018deb
core   0: 0x80002584 (0x0309dab3) divu    s5, s3, a6
core   0: 3 0x80002584 (0x0309dab3) x21 0x04000c6f
core   0: 0x80002588 (0x02d85233) divu    tp, a6, a3
core   0: 3 0x80002588 (0x02d85233) x 4 0xffffffff
core   0: 0x8000258c (0x0250d4b3) divu    s1, ra, t0
core   0: 3 0x8000258c (0x0250d4b3) x 9 0x00000000
core   0: 0x80002590 (0x01ad8fb3) add     t6, s11, s10
core   0: 3 0x80002590 (0x01ad8fb3) x31 0x00000000
core   0: 0x80002594 (0xceeb3413) sltiu   s0, s6, -786
core   0: 3 0x80002594 (0xceeb3413) x 8 0x00000001
core   0: 0x80002598 (0x0306b6b3) mulhu   a3, a3, a6
core   0: 3 0x80002598 (0x0306b6b3) x13 0x00000000
core   0: 0x8000259c (0xdaeee317) auipc   t1, 0xdaeee
core   0: 3 0x8000259c (0xdaeee317) x 6 0x5aef059c
core   0: 0x800025a0 (0x0171e933) or      s2, gp, s7
core   0: 3 0x800025a0 (0x0171e933) x18 0x00000008
core   0: 0x800025a4 (0x013dd533) srl     a0, s11, s3
core   0: 3 0x800025a4 (0x013dd533) x10 0x00000000
core   0: 0x800025a8 (0xdd6e8613) addi    a2, t4, -554
core   0: 3 0x800025a8 (0xdd6e8613) x12 0xfffffe63
core   0: 0x800025ac (0xa1600393) li      t2, -1514
core   0: 3 0x800025ac (0xa1600393) x 7 0xfffffa16
core   0: 0x800025b0 (0x02864333) div     t1, a2, s0
core   0: 3 0x800025b0 (0x02864333) x 6 0xfffffe63
core   0: 0x800025b4 (0x723fbd93) sltiu   s11, t6, 1827
core   0: 3 0x800025b4 (0x723fbd93) x27 0x00000001
core   0: 0x800025b8 (0xa41ff013) andi    zero, t6, -1471
core   0: 3 0x800025b8 (0xa41ff013)
core   0: 0x800025bc (0xce692693) slti    a3, s2, -794
core   0: 3 0x800025bc (0xce692693) x13 0x00000000
core   0: 0x800025c0 (0x412e8eb3) sub     t4, t4, s2
core   0: 3 0x800025c0 (0x412e8eb3) x29 0x00000085
core   0: 0x800025c4 (0x4076dd13) srai    s10, a3, 7
core   0: 3 0x800025c4 (0x4076dd13) x26 0x00000000
core   0: 0x800025c8 (0x00f5d513) srli    a0, a1, 15
core   0: 3 0x800025c8 (0x00f5d513) x10 0x00000000
core   0: 0x800025cc (0x02db9c33) mulh    s8, s7, a3
core   0: 3 0x800025cc (0x02db9c33) x24 0x00000000
core   0: 0x800025d0 (0x02354733) div     a4, a0, gp
core   0: 3 0x800025d0 (0x02354733) x14 0x00000000
core   0: 0x800025d4 (0x4134d213) srai    tp, s1, 19
core   0: 3 0x800025d4 (0x4134d213) x 4 0x00000000
core   0: 0x800025d8 (0x00ed6333) or      t1, s10, a4
core   0: 3 0x800025d8 (0x00ed6333) x 6 0x00000000
core   0: 0x800025dc (0x85a58c93) addi    s9, a1, -1958
core   0: 3 0x800025dc (0x85a58c93) x25 0xfffff85a
core   0: 0x800025e0 (0x028435b3) mulhu   a1, s0, s0
core   0: 3 0x800025e0 (0x028435b3) x11 0x00000000
core   0: 0x800025e4 (0xf588b093) sltiu   ra, a7, -168
core   0: 3 0x800025e4 (0xf588b093) x 1 0x00000001
core   0: 0x800025e8 (0xfa694813) xori    a6, s2, -90
core   0: 3 0x800025e8 (0xfa694813) x16 0xffffffae
core   0: 0x800025ec (0x02d97eb3) remu    t4, s2, a3
core   0: 3 0x800025ec (0x02d97eb3) x29 0x00000008
core   0: 0x800025f0 (0xe9243093) sltiu   ra, s0, -366
core   0: 3 0x800025f0 (0xe9243093) x 1 0x00000001
core   0: 0x800025f4 (0x405e5713) srai    a4, t3, 5
core   0: 3 0x800025f4 (0x405e5713) x14 0xfc000c67
core   0: 0x800025f8 (0x08764d93) xori    s11, a2, 135
core   0: 3 0x800025f8 (0x08764d93) x27 0xfffffee4
core   0: 0x800025fc (0x03f9c233) div     tp, s3, t6
core   0: 3 0x800025fc (0x03f9c233) x 4 0xffffffff
core   0: 0x80002600 (0x00000013) nop
core   0: 3 0x80002600 (0x00000013)
core   0: 0x80002604 (0x023fa833) mulhsu  a6, t6, gp
core   0: 3 0x80002604 (0x023fa833) x16 0x00000000
core   0: 0x80002608 (0x01e51993) slli    s3, a0, 30
core   0: 3 0x80002608 (0x01e51993) x19 0x00000000
core   0: 0x8000260c (0x8bd90413) addi    s0, s2, -1859
core   0: 3 0x8000260c (0x8bd90413) x 8 0xfffff8c5
core   0: 0x80002610 (0x00117d33) and     s10, sp, ra
core   0: 3 0x80002610 (0x00117d33) x26 0x00000000
core   0: 0x80002614 (0x01cbc1b3) xor     gp, s7, t3
core   0: 3 0x80002614 (0x01cbc1b3) x 3 0x80018ce4
core   0: 0x80002618 (0xd3036a93) ori     s5, t1, -720
core   0: 3 0x80002618 (0xd3036a93) x21 0xfffffd30
core   0: 0x8000261c (0x00ab0333) add     t1, s6, a0
core   0: 3 0x8000261c (0x00ab0333) x 6 0x00008001
core   0: 0x80002620 (0x005c4a33) xor     s4, s8, t0
core   0: 3 0x80002620 (0x005c4a33) x20 0x80014e64
core   0: 0x80002624 (0x0016bf33) sltu    t5, a3, ra
core   0: 3 0x80002624 (0x0016bf33) x30 0x00000001
core   0: 0x80002628 (0x40105a33) sra     s4, zero, ra
core   0: 3 0x80002628 (0x40105a33) x20 0x00000000
core   0: 0x8000262c (0x40785533) sra     a0, a6, t2
core   0: 3 0x8000262c (0x40785533) x10 0x00000000
core   0: 0x80002630 (0x016d9f13) slli    t5, s11, 22
core   0: 3 0x80002630 (0x016d9f13) x30 0xb9000000
core   0: 0x80002634 (0x01b704b3) add     s1, a4, s11
core   0: 3 0x80002634 (0x01b704b3) x 9 0xfc000b4b
core   0: 0x80002638 (0x4fabfb13) andi    s6, s7, 1274
core   0: 3 0x80002638 (0x4fabfb13) x22 0x00000000
core   0: 0x8000263c (0x02d8d933) divu    s2, a7, a3
core   0: 3 0x8000263c (0x02d8d933) x18 0xffffffff
core   0: 0x80002640 (0x2ae8f017) auipc   zero, 0x2ae8f
core   0: 3 0x80002640 (0x2ae8f017)
core   0: 0x80002644 (0x4d88e993) ori     s3, a7, 1240
core   0: 3 0x80002644 (0x4d88e993) x19 0x743ac5d8
core   0: 0x80002648 (0x00000013) nop
core   0: 3 0x80002648 (0x00000013)
core   0: 0x8000264c (0x01b74fb3) xor     t6, a4, s11
core   0: 3 0x8000264c (0x01b74fb3) x31 0x03fff283
core   0: 0x80002650 (0x00607a33) and     s4, zero, t1
core   0: 3 0x80002650 (0x00607a33) x20 0x00000000
core   0: 0x80002654 (0x517f0f13) addi    t5, t5, 1303
core   0: 3 0x80002654 (0x517f0f13) x30 0xb9000517
core   0: 0x80002658 (0xb4be3c93) sltiu   s9, t3, -1205
core   0: 3 0x80002658 (0xb4be3c93) x25 0x00000001
core   0: 0x8000265c (0x00d5feb3) and     t4, a1, a3
core   0: 3 0x8000265c (0x00d5feb3) x29 0x00000000
core   0: 0x80002660 (0x41b155b3) sra     a1, sp, s11
core   0: 3 0x80002660 (0x41b155b3) x11 0x00000000
core   0: 0x80002664 (0x405388b3) sub     a7, t2, t0
core   0: 3 0x80002664 (0x405388b3) x17 0x7ffeabb2
core   0: 0x80002668 (0x006f9a33) sll     s4, t6, t1
core   0: 3 0x80002668 (0x006f9a33) x20 0x07ffe506
core   0: 0x8000266c (0x03579c33) mulh    s8, a5, s5
core   0: 3 0x8000266c (0x03579c33) x24 0xffffffff
core   0: 0x80002670 (0x02342333) mulhsu  t1, s0, gp
core   0: 3 0x80002670 (0x02342333) x 6 0xfffffc62
core   0: 0x80002674 (0x03c79f33) mulh    t5, a5, t3
core   0: 3 0x80002674 (0x03c79f33) x30 0xffffffff
core   0: 0x80002678 (0x0287dcb3) divu    s9, a5, s0
core   0: 3 0x80002678 (0x0287dcb3) x25 0x00000000
core   0: 0x8000267c (0x0206e933) rem     s2, a3, zero
core   0: 3 0x8000267c (0x0206e933) x18 0x00000000
core   0: 0x80002680 (0x01317b33) and     s6, sp, s3
core   0: 3 0x80002680 (0x01317b33) x22 0x00000008
core   0: 0x80002684 (0x00eb1b33) sll     s6, s6, a4
core   0: 3 0x80002684 (0x00eb1b33) x22 0x00000400
core   0: 0x80002688 (0x029e8f33) mul     t5, t4, s1
core   0: 3 0x80002688 (0x029e8f33) x30 0x00000000
core   0: 0x8000268c (0x0151e7b3) or      a5, gp, s5
core   0: 3 0x8000268c (0x0151e7b3) x15 0xfffffdf4
core   0: 0x80002690 (0x01f69093) slli    ra, a3, 31
core   0: 3 0x80002690 (0x01f69093) x 1 0x00000000
core   0: 0x80002694 (0x00000013) nop
core   0: 3 0x80002694 (0x00000013)
core   0: 0x80002698 (0xc7703d93) sltiu   s11, zero, -905
core   0: 3 0x80002698 (0xc7703d93) x27 0x00000001
core   0: 0x8000269c (0x41cb0833) sub     a6, s6, t3
core   0: 3 0x8000269c (0x41cb0833) x16 0x7ffe771c
core   0: 0x800026a0 (0x6b226f93) ori     t6, tp, 1714
core   0: 3 0x800026a0 (0x6b226f93) x31 0xffffffff
core   0: 0x800026a4 (0x00000013) nop
core   0: 3 0x800026a4 (0x00000013)
core   0: 0x800026a8 (0x020923b3) mulhsu  t2, s2, zero
core   0: 3 0x800026a8 (0x020923b3) x 7 0x00000000
core   0: 0x800026ac (0x039dcab3) div     s5, s11, s9
core   0: 3 0x800026ac (0x039dcab3) x21 0xffffffff
core   0: 0x800026b0 (0x006e7ab3) and     s5, t3, t1
core   0: 3 0x800026b0 (0x006e7ab3) x21 0x80018c60
core   0: 0x800026b4 (0x03893d33) mulhu   s10, s2, s8
core   0: 3 0x800026b4 (0x03893d33) x26 0x00000000
core   0: 0x800026b8 (0x023a40b3) div     ra, s4, gp
core   0: 3 0x800026b8 (0x023a40b3) x 1 0x00000000
core   0: 0x800026bc (0x035cf6b3) remu    a3, s9, s5
core   0: 3 0x800026bc (0x035cf6b3) x13 0x00000000
core   0: 0x800026c0 (0x060eea93) ori     s5, t4, 96
core   0: 3 0x800026c0 (0x060eea93) x21 0x00000060
core   0: 0x800026c4 (0x405503b3) sub     t2, a0, t0
core   0: 3 0x800026c4 (0x405503b3) x 7 0x7ffeb19c
core   0: 0x800026c8 (0x41b6d913) srai    s2, a3, 27
core   0: 3 0x800026c8 (0x41b6d913) x18 0x00000000
core   0: 0x800026cc (0x03e32eb3) mulhsu  t4, t1, t5
core   0: 3 0x800026cc (0x03e32eb3) x29 0x00000000
core   0: 0x800026d0 (0x00be0733) add     a4, t3, a1
core   0: 3 0x800026d0 (0x00be0733) x14 0x80018ce4
core   0: 0x800026d4 (0xfd752313) slti    t1, a0, -41
core   0: 3 0x800026d4 (0xfd752313) x 6 0x00000000
core   0: 0x800026d8 (0x2694a513) slti    a0, s1, 617
core   0: 3 0x800026d8 (0x2694a513) x10 0x00000001
core   0: 0x800026dc (0x01a714b3) sll     s1, a4, s10
core   0: 3 0x800026dc (0x01a714b3) x 9 0x80018ce4
core   0: 0x800026e0 (0x000aefb3) or      t6, s5, zero
core   0: 3 0x800026e0 (0x000aefb3) x31 0x00000060
core   0: 0x800026e4 (0x003b0333) add     t1, s6, gp
core   0: 3 0x800026e4 (0x003b0333) x 6 0x800190e4
core   0: 0x800026e8 (0x00ac1a13) slli    s4, s8, 10
core   0: 3 0x800026e8 (0x00ac1a13) x20 0xfffffc00
core   0: 0x800026ec (0x40175f33) sra     t5, a4, ra
core   0: 3 0x800026ec (0x40175f33) x30 0x80018ce4
core   0: 0x800026f0 (0x01abafb3) slt     t6, s7, s10
core   0: 3 0x800026f0 (0x01abafb3) x31 0x00000000
core   0: 0x800026f4 (0x01327513) andi    a0, tp, 19
core   0: 3 0x800026f4 (0x01327513) x10 0x00000013
core   0: 0x800026f8 (0x0231ec33) rem     s8, gp, gp
core   0: 3 0x800026f8 (0x0231ec33) x24 0x00000000
core   0: 0x800026fc (0x885f0593) addi    a1, t5, -1915
core   0: 3 0x800026fc (0x885f0593) x11 0x80018569
core   0: 0x80002700 (0x005d5333) srl     t1, s10, t0
core   0: 3 0x80002700 (0x005d5333) x 6 0x00000000
core   0: 0x80002704 (0x00741993) slli    s3, s0, 7
core   0: 3 0x80002704 (0x00741993) x19 0xfffc6280
core   0: 0x80002708 (0x021eaeb3) mulhsu  t4, t4, ra
core   0: 3 0x80002708 (0x021eaeb3) x29 0x00000000
core   0: 0x8000270c (0x035c4533) div     a0, s8, s5
core   0: 3 0x8000270c (0x035c4533) x10 0x00000000
core   0: 0x80002710 (0x40875b13) srai    s6, a4, 8
core   0: 3 0x80002710 (0x40875b13) x22 0xff80018c
core   0: 0x80002714 (0x01d365b3) or      a1, t1, t4
core   0: 3 0x80002714 (0x01d365b3) x11 0x00000000
core   0: 0x80002718 (0x00000013) nop
core   0: 3 0x80002718 (0x00000013)
core   0: 0x8000271c (0x00942db3) slt     s11, s0, s1
core   0: 3 0x8000271c (0x00942db3) x27 0x00000000
core   0: 0x80002720 (0x00355a93) srli    s5, a0, 3
core   0: 3 0x80002720 (0x00355a93) x21 0x00000000
core   0: 0x80002724 (0xe0102493) slti    s1, zero, -511
core   0: 3 0x80002724 (0xe0102493) x 9 0x00000000
core   0: 0x80002728 (0x012baeb3) slt     t4, s7, s2
core   0: 3 0x80002728 (0x012baeb3) x29 0x00000000
core   0: 0x8000272c (0x718fc013) xori    zero, t6, 1816
core   0: 3 0x8000272c (0x718fc013)
core   0: 0x80002730 (0x01235033) srl     zero, t1, s2
core   0: 3 0x80002730 (0x01235033)
core   0: 0x80002734 (0x029944b3) div     s1, s2, s1
core   0: 3 0x80002734 (0x029944b3) x 9 0xffffffff
core   0: 0x80002738 (0xb06d3f13) sltiu   t5, s10, -1274
core   0: 3 0x80002738 (0xb06d3f13) x30 0x00000001
core   0: 0x8000273c (0x00847fb3) and     t6, s0, s0
core   0: 3 0x8000273c (0x00847fb3) x31 0xfffff8c5
core   0: 0x80002740 (0x002b1eb3) sll     t4, s6, sp
core   0: 3 0x80002740 (0x002b1eb3) x29 0x80018c00
core   0: 0x80002744 (0x41be8ab3) sub     s5, t4, s11
core   0: 3 0x80002744 (0x41be8ab3) x21 0x80018c00
core   0: 0x80002748 (0x008a56b3) srl     a3, s4, s0
core   0: 3 0x80002748 (0x008a56b3) x13 0x07ffffe0
core   0: 0x8000274c (0x00d76c33) or      s8, a4, a3
core   0: 3 0x8000274c (0x00d76c33) x24 0x87ffffe4
core   0: 0x80002750 (0x03888933) mul     s2, a7, s8
core   0: 3 0x80002750 (0x03888933) x18 0x90253888
core   0: 0x80002754 (0x41d85813) srai    a6, a6, 29
core   0: 3 0x80002754 (0x41d85813) x16 0x00000003
core   0: 0x80002758 (0x024dd6b3) divu    a3, s11, tp
core   0: 3 0x80002758 (0x024dd6b3) x13 0x00000000
core   0: 0x8000275c (0x01fec1b3) xor     gp, t4, t6
core   0: 3 0x8000275c (0x01fec1b3) x 3 0x7ffe74c5
core   0: 0x80002760 (0x03a6e5b3) rem     a1, a3, s10
core   0: 3 0x80002760 (0x03a6e5b3) x11 0x00000000
core   0: 0x80002764 (0x00000013) nop
core   0: 3 0x80002764 (0x00000013)
core   0: 0x80002768 (0x00725313) srli    t1, tp, 7
core   0: 3 0x80002768 (0x00725313) x 6 0x01ffffff
core   0: 0x8000276c (0x02aa5033) divu    zero, s4, a0
core   0: 3 0x8000276c (0x02aa5033)
core   0: 0x80002770 (0x013e4033) xor     zero, t3, s3
core   0: 3 0x80002770 (0x013e4033)
core   0: 0x80002774 (0xdc1c2593) slti    a1, s8, -575
core   0: 3 0x80002774 (0xdc1c2593) x11 0x00000001
core   0: 0x80002778 (0x0202ccb3) div     s9, t0, zero
core   0: 3 0x80002778 (0x0202ccb3) x25 0xffffffff
core   0: 0x8000277c (0x0116a8b3) slt     a7, a3, a7
core   0: 3 0x8000277c (0x0116a8b3) x17 0x00000001
core   0: 0x80002780 (0x76da4613) xori    a2, s4, 1901
core   0: 3 0x80002780 (0x76da4613) x12 0xfffffb6d
core   0: 0x80002784 (0x85cf4513) xori    a0, t5, -1956
core   0: 3 0x80002784 (0x85cf4513) x10 0xfffff85d
core   0: 0x80002788 (0x013d1733) sll     a4, s10, s3
core   0: 3 0x80002788 (0x013d1733) x14 0x00000000
core   0: 0x8000278c (0x5fb63917) auipc   s2, 0x5fb63
core   0: 3 0x8000278c (0x5fb63917) x18 0xdfb6578c
core   0: 0x80002790 (0x034100b3) mul     ra, sp, s4
core   0: 3 0x80002790 (0x034100b3) x 1 0xffffe000
core   0: 0x80002794 (0x003985b3) add     a1, s3, gp
core   0: 3 0x80002794 (0x003985b3) x11 0x7ffad745
core   0: 0x80002798 (0x01585433) srl     s0, a6, s5
core   0: 3 0x80002798 (0x01585433) x 8 0x00000003
core   0: 0x8000279c (0x039b4a33) div     s4, s6, s9
core   0: 3 0x8000279c (0x039b4a33) x20 0x007ffe74
core   0: 0x800027a0 (0x007e19b3) sll     s3, t3, t2
core   0: 3 0x800027a0 (0x007e19b3) x19 0x40000000
core   0: 0x800027a4 (0xff8c7313) andi    t1, s8, -8
core   0: 3 0x800027a4 (0xff8c7313) x 6 0x87ffffe0
core   0: 0x800027a8 (0x029a9ab3) mulh    s5, s5, s1
core   0: 3 0x800027a8 (0x029a9ab3) x21 0x00000000
core   0: 0x800027ac (0xa6e50517) auipc   a0, 0xa6e50
core   0: 3 0x800027ac (0xa6e50517) x10 0x26e527ac
core   0: 0x800027b0 (0x038f9933) mulh    s2, t6, s8
core   0: 3 0x800027b0 (0x038f9933) x18 0x00000363
core   0: 0x800027b4 (0x73f4b893) sltiu   a7, s1, 1855
core   0: 3 0x800027b4 (0x73f4b893) x17 0x00000000
core   0: 0x800027b8 (0x00b34033) xor     zero, t1, a1
core   0: 3 0x800027b8 (0x00b34033)
core   0: 0x800027bc (0x01acea33) or      s4, s9, s10
core   0: 3 0x800027bc (0x01acea33) x20 0xffffffff
core   0: 0x800027c0 (0x02bd3ab3) mulhu   s5, s10, a1
core   0: 3 0x800027c0 (0x02bd3ab3) x21 0x00000000
core   0: 0x800027c4 (0x036e76b3) remu    a3, t3, s6
core   0: 3 0x800027c4 (0x036e76b3) x13 0x80018ce4
core   0: 0x800027c8 (0x02cef4b3) remu    s1, t4, a2
core   0: 3 0x800027c8 (0x02cef4b3) x 9 0x80018c00
core   0: 0x800027cc (0x0ec40c93) addi    s9, s0, 236
core   0: 3 0x800027cc (0x0ec40c93) x25 0x000000ef
core   0: 0x800027d0 (0x00196cb3) or      s9, s2, ra
core   0: 3 0x800027d0 (0x00196cb3) x25 0xffffe363
core   0: 0x800027d4 (0x40d984b3) sub     s1, s3, a3
core   0: 3 0x800027d4 (0x40d984b3) x 9 0xbffe731c
core   0: 0x800027d8 (0x0007a033) slt     zero, a5, zero
core   0: 3 0x800027d8 (0x0007a033)
core   0: 0x800027dc (0x02729233) mulh    tp, t0, t2
core   0: 3 0x800027dc (0x02729233) x 4 0xc0014e62
core   0: 0x800027e0 (0x000ddfb3) srl     t6, s11, zero
core   0: 3 0x800027e0 (0x000ddfb3) x31 0x00000000
core   0: 0x800027e4 (0x39db07b7) lui     a5, 0x39db0
core   0: 3 0x800027e4 (0x39db07b7) x15 0x39db0000
core   0: 0x800027e8 (0x02623233) mulhu   tp, tp, t1
core   0: 3 0x800027e8 (0x02623233) x 4 0x6600b18c
core   0: 0x800027ec (0x49475737) lui     a4, 0x49475
core   0: 3 0x800027ec (0x49475737) x14 0x49475000
core   0: 0x800027f0 (0x03c826b3) mulhsu  a3, a6, t3
core   0: 3 0x800027f0 (0x03c826b3) x13 0x00000001
core   0: 0x800027f4 (0x1abd6393) ori     t2, s10, 427
core   0: 3 0x800027f4 (0x1abd6393) x 7 0x000001ab
core   0: 0x800027f8 (0x038cef33) rem     t5, s9, s8
core   0: 3 0x800027f8 (0x038cef33) x30 0xffffe363
core   0: 0x800027fc (0x03caff33) remu    t5, s5, t3
core   0: 3 0x800027fc (0x03caff33) x30 0x00000000
core   0: 0x80002800 (0x0013e9b3) or      s3, t2, ra
core   0: 3 0x80002800 (0x0013e9b3) x19 0xffffe1ab
core   0: 0x80002804 (0x80b2fd93) andi    s11, t0, -2037
core   0: 3 0x80002804 (0x80b2fd93) x27 0x80014800
core   0: 0x80002808 (0x01745bb3) srl     s7, s0, s7
core   0: 3 0x80002808 (0x01745bb3) x23 0x00000003
core   0: 0x8000280c (0x5b3d7c13) andi    s8, s10, 1459
core   0: 3 0x8000280c (0x5b3d7c13) x24 0x00000000
core   0: 0x80002810 (0x40a60333) sub     t1, a2, a0
core   0: 3 0x80002810 (0x40a60333) x 6 0xd91ad3c1
core   0: 0x80002814 (0x00e628b3) slt     a7, a2, a4
core   0: 3 0x80002814 (0x00e628b3) x17 0x00000001
core   0: 0x80002818 (0x01654eb3) xor     t4, a0, s6
core   0: 3 0x80002818 (0x01654eb3) x29 0xd9652620
core   0: 0x8000281c (0x00b31033) sll     zero, t1, a1
core   0: 3 0x8000281c (0x00b31033)
core   0: 0x80002820 (0x1872a513) slti    a0, t0, 391
core   0: 3 0x80002820 (0x1872a513) x10 0x00000001
core   0: 0x80002824 (0xbb973193) sltiu   gp, a4, -1095
core   0: 3 0x80002824 (0xbb973193) x 3 0x00000001
core   0: 0x80002828 (0xa37c4f13) xori    t5, s8, -1481
core   0: 3 0x80002828 (0xa37c4f13) x30 0xfffffa37
core   0: 0x8000282c (0x00f90333) add     t1, s2, a5
core   0: 3 0x8000282c (0x00f90333) x 6 0x39db0363
core   0: 0x80002830 (0x03e429b3) mulhsu  s3, s0, t5
core   0: 3 0x80002830 (0x03e429b3) x19 0x00000002
core   0: 0x80002834 (0xaeb22193) slti    gp, tp, -1301
core   0: 3 0x80002834 (0xaeb22193) x 3 0x00000000
core   0: 0x80002838 (0x07816393) ori     t2, sp, 120
core   0: 3 0x80002838 (0x07816393) x 7 0x00000078
core   0: 0x8000283c (0x03321233) mulh    tp, tp, s3
core   0: 3 0x8000283c (0x03321233) x 4 0x00000000
core   0: 0x80002840 (0x3fd53d17) auipc   s10, 0x3fd53
core   0: 3 0x80002840 (0x3fd53d17) x26 0xbfd55840
core   0: 0x80002844 (0x409f5c13) srai    s8, t5, 9
core   0: 3 0x80002844 (0x409f5c13) x24 0xfffffffd
core   0: 0x80002848 (0x01359b13) slli    s6, a1, 19
core   0: 3 0x80002848 (0x01359b13) x22 0xba280000
core   0: 0x8000284c (0x1705ef93) ori     t6, a1, 368
core   0: 3 0x8000284c (0x1705ef93) x31 0x7ffad775
core   0: 0x80002850 (0xcad2c513) xori    a0, t0, -851
core   0: 3 0x80002850 (0xcad2c513) x10 0x7ffeb2c9
core   0: 0x80002854 (0x02a7c533) div     a0, a5, a0
core   0: 3 0x80002854 (0x02a7c533) x10 0x00000000
core   0: 0x80002858 (0x03a9ceb3) div     t4, s3, s10
core   0: 3 0x80002858 (0x03a9ceb3) x29 0x00000000
core   0: 0x8000285c (0xefc06693) ori     a3, zero, -260
core   0: 3 0x8000285c (0xefc06693) x13 0xfffffefc
core   0: 0x80002860 (0x02a8e7b3) rem     a5, a7, a0
core   0: 3 0x80002860 (0x02a8e7b3) x15 0x00000001
core   0: 0x80002864 (0x00fc5593) srli    a1, s8, 15
core   0: 3 0x80002864 (0x00fc5593) x11 0x0001ffff
core   0: 0x80002868 (0x00bf1733) sll     a4, t5, a1
core   0: 3 0x80002868 (0x00bf1733) x14 0x80000000
core   0: 0x8000286c (0x03276a33) rem     s4, a4, s2
core   0: 3 0x8000286c (0x03276a33) x20 0xffffffb3
core   0: 0x80002870 (0x6f180d93) addi    s11, a6, 1777
core   0: 3 0x80002870 (0x6f180d93) x27 0x000006f4
core   0: 0x80002874 (0x01babcb3) sltu    s9, s5, s11
core   0: 3 0x80002874 (0x01babcb3) x25 0x00000001
core   0: 0x80002878 (0x0098e633) or      a2, a7, s1
core   0: 3 0x80002878 (0x0098e633) x12 0xbffe731d
core   0: 0x8000287c (0x00a79413) slli    s0, a5, 10
core   0: 3 0x8000287c (0x00a79413) x 8 0x00000400
core   0: 0x80002880 (0x037fb833) mulhu   a6, t6, s7
core   0: 3 0x80002880 (0x037fb833) x16 0x00000001
core   0: 0x80002884 (0x01ad9193) slli    gp, s11, 26
core   0: 3 0x80002884 (0x01ad9193) x 3 0xd0000000
core   0: 0x80002888 (0x0355c0b3) div     ra, a1, s5
core   0: 3 0x80002888 (0x0355c0b3) x 1 0xffffffff
core   0: 0x8000288c (0x020db033) mulhu   zero, s11, zero
core   0: 3 0x8000288c (0x020db033)
core   0: 0x80002890 (0x00000013) nop
core   0: 3 0x80002890 (0x00000013)
core   0: 0x80002894 (0x00393c33) sltu    s8, s2, gp
core   0: 3 0x80002894 (0x00393c33) x24 0x00000001
core   0: 0x80002898 (0x00eb9d13) slli    s10, s7, 14
core   0: 3 0x80002898 (0x00eb9d13) x26 0x0000c000
core   0: 0x8000289c (0x00a053b3) srl     t2, zero, a0
core   0: 3 0x8000289c (0x00a053b3) x 7 0x00000000
core   0: 0x800028a0 (0x00d77f33) and     t5, a4, a3
core   0: 3 0x800028a0 (0x00d77f33) x30 0x80000000
core   0: 0x800028a4 (0x02ae5eb3) divu    t4, t3, a0
core   0: 3 0x800028a4 (0x02ae5eb3) x29 0xffffffff
core   0: 0x800028a8 (0x01efe1b3) or      gp, t6, t5
core   0: 3 0x800028a8 (0x01efe1b3) x 3 0xfffad775
core   0: 0x800028ac (0x0748f513) andi    a0, a7, 116
core   0: 3 0x800028ac (0x0748f513) x10 0x00000000
core   0: 0x800028b0 (0x0278c833) div     a6, a7, t2
core   0: 3 0x800028b0 (0x0278c833) x16 0xffffffff
core   0: 0x800028b4 (0xd8847d93) andi    s11, s0, -632
core   0: 3 0x800028b4 (0xd8847d93) x27 0x00000400
core   0: 0x800028b8 (0x29f39097) auipc   ra, 0x29f39
core   0: 3 0x800028b8 (0x29f39097) x 1 0xa9f3b8b8
core   0: 0x800028bc (0x4173dfb3) sra     t6, t2, s7
core   0: 3 0x800028bc (0x4173dfb3) x31 0x00000000
core   0: 0x800028c0 (0x0fa2c013) xori    zero, t0, 250
core   0: 3 0x800028c0 (0x0fa2c013)
core   0: 0x800028c4 (0x039abeb3) mulhu   t4, s5, s9
core   0: 3 0x800028c4 (0x039abeb3) x29 0x00000000
core   0: 0x800028c8 (0xfd7ea813) slti    a6, t4, -41
core   0: 3 0x800028c8 (0xfd7ea813) x16 0x00000000
core   0: 0x800028cc (0x4010d013) srai    zero, ra, 1
core   0: 3 0x800028cc (0x4010d013)
core   0: 0x800028d0 (0x4053dd13) srai    s10, t2, 5
core   0: 3 0x800028d0 (0x4053dd13) x26 0x00000000
core   0: 0x800028d4 (0x005136b3) sltu    a3, sp, t0
core   0: 3 0x800028d4 (0x005136b3) x13 0x00000001
core   0: 0x800028d8 (0x017973b3) and     t2, s2, s7
core   0: 3 0x800028d8 (0x017973b3) x 7 0x00000003
core   0: 0x800028dc (0x01c88a33) add     s4, a7, t3
core   0: 3 0x800028dc (0x01c88a33) x20 0x80018ce5
core   0: 0x800028e0 (0x00000013) nop
core   0: 3 0x800028e0 (0x00000013)
core   0: 0x800028e4 (0x543197b7) lui     a5, 0x54319
core   0: 3 0x800028e4 (0x543197b7) x15 0x54319000
core   0: 0x800028e8 (0x41590f33) sub     t5, s2, s5
core   0: 3 0x800028e8 (0x41590f33) x30 0x00000363
core   0: 0x800028ec (0x031fbfb3) mulhu   t6, t6, a7
core   0: 3 0x800028ec (0x031fbfb3) x31 0x00000000
core   0: 0x800028f0 (0x01ebb3b3) sltu    t2, s7, t5
core   0: 3 0x800028f0 (0x01ebb3b3) x 7 0x00000001
core   0: 0x800028f4 (0x03f924b3) mulhsu  s1, s2, t6
core   0: 3 0x800028f4 (0x03f924b3) x 9 0x00000000
core   0: 0x800028f8 (0xc0c88313) addi    t1, a7, -1012
core   0: 3 0x800028f8 (0xc0c88313) x 6 0xfffffc0d
core   0: 0x800028fc (0x017b1a33) sll     s4, s6, s7
core   0: 3 0x800028fc (0x017b1a33) x20 0xd1400000
core   0: 0x80002900 (0xd2682513) slti    a0, a6, -730
core   0: 3 0x80002900 (0xd2682513) x10 0x00000000
core   0: 0x80002904 (0x4155d333) sra     t1, a1, s5
core   0: 3 0x80002904 (0x4155d333) x 6 0x0001ffff
core   0: 0x80002908 (0x7736c093) xori    ra, a3, 1907
core   0: 3 0x80002908 (0x7736c093) x 1 0x00000772
core   0: 0x8000290c (0x02893eb3) mulhu   t4, s2, s0
core   0: 3 0x8000290c (0x02893eb3) x29 0x00000000
core   0: 0x80002910 (0x6e30ed97) auipc   s11, 0x6e30e
core   0: 3 0x80002910 (0x6e30ed97) x27 0xee310910
core   0: 0x80002914 (0x0191a9b3) slt     s3, gp, s9
core   0: 3 0x80002914 (0x0191a9b3) x19 0x00000001
core   0: 0x80002918 (0x00b39c93) slli    s9, t2, 11
core   0: 3 0x80002918 (0x00b39c93) x25 0x00000800
core   0: 0x8000291c (0x25e23e93) sltiu   t4, tp, 606
core   0: 3 0x8000291c (0x25e23e93) x29 0x00000001
core   0: 0x80002920 (0x02927c33) remu    s8, tp, s1
core   0: 3 0x80002920 (0x02927c33) x24 0x00000000
core   0: 0x80002924 (0x7a82e837) lui     a6, 0x7a82e
core   0: 3 0x80002924 (0x7a82e837) x16 0x7a82e000
core   0: 0x80002928 (0x41e855b3) sra     a1, a6, t5
core   0: 3 0x80002928 (0x41e855b3) x11 0x0f505c00
core   0: 0x8000292c (0x00569093) slli    ra, a3, 5
core   0: 3 0x8000292c (0x00569093) x 1 0x00000020
core   0: 0x80002930 (0x01df00b3) add     ra, t5, t4
core   0: 3 0x80002930 (0x01df00b3) x 1 0x00000364
core   0: 0x80002934 (0x89ca6e93) ori     t4, s4, -1892
core   0: 3 0x80002934 (0x89ca6e93) x29 0xfffff89c
core   0: 0x80002938 (0x02a97eb3) remu    t4, s2, a0
core   0: 3 0x80002938 (0x02a97eb3) x29 0x00000363
core   0: 0x8000293c (0x0125d6b3) srl     a3, a1, s2
core   0: 3 0x8000293c (0x0125d6b3) x13 0x01ea0b80
core   0: 0x80002940 (0x37407193) andi    gp, zero, 884
core   0: 3 0x80002940 (0x37407193) x 3 0x00000000
core   0: 0x80002944 (0xac5cf937) lui     s2, 0xac5cf
core   0: 3 0x80002944 (0xac5cf937) x18 0xac5cf000
core   0: 0x80002948 (0xd0fbe813) ori     a6, s7, -753
core   0: 3 0x80002948 (0xd0fbe813) x16 0xfffffd0f
core   0: 0x8000294c (0x02c70233) mul     tp, a4, a2
core   0: 3 0x8000294c (0x02c70233) x 4 0x80000000
core   0: 0x80002950 (0x52de8713) addi    a4, t4, 1325
core   0: 3 0x80002950 (0x52de8713) x14 0x00000890
core   0: 0x80002954 (0x0185ca33) xor     s4, a1, s8
core   0: 3 0x80002954 (0x0185ca33) x20 0x0f505c00
core   0: 0x80002958 (0x020e0533) mul     a0, t3, zero
core   0: 3 0x80002958 (0x020e0533) x10 0x00000000
core   0: 0x8000295c (0x404b0933) sub     s2, s6, tp
core   0: 3 0x8000295c (0x404b0933) x18 0x3a280000
core   0: 0x80002960 (0x012f73b3) and     t2, t5, s2
core   0: 3 0x80002960 (0x012f73b3) x 7 0x00000000
core   0: 0x80002964 (0xd90f2237) lui     tp, 0xd90f2
core   0: 3 0x80002964 (0xd90f2237) x 4 0xd90f2000
core   0: 0x80002968 (0x01434cb3) xor     s9, t1, s4
core   0: 3 0x80002968 (0x01434cb3) x25 0x0f51a3ff
core   0: 0x8000296c (0xc3162b93) slti    s7, a2, -975
core   0: 3 0x8000296c (0xc3162b93) x23 0x00000001
core   0: 0x80002970 (0x001194b3) sll     s1, gp, ra
core   0: 3 0x80002970 (0x001194b3) x 9 0x00000000
core   0: 0x80002974 (0x41d45a93) srai    s5, s0, 29
core   0: 3 0x80002974 (0x41d45a93) x21 0x00000000
core   0: 0x80002978 (0x04f5fd13) andi    s10, a1, 79
core   0: 3 0x80002978 (0x04f5fd13) x26 0x00000000
core   0: 0x8000297c (0x8e0dc413) xori    s0, s11, -1824
core   0: 3 0x8000297c (0x8e0dc413) x 8 0x11cef1f0
core   0: 0x80002980 (0x02817533) remu    a0, sp, s0
core   0: 3 0x80002980 (0x02817533) x10 0x00000008
core   0: 0x80002984 (0x00702633) slt     a2, zero, t2
core   0: 3 0x80002984 (0x00702633) x12 0x00000000
core   0: 0x80002988 (0x419b04b3) sub     s1, s6, s9
core   0: 3 0x80002988 (0x419b04b3) x 9 0xaad65c01
core   0: 0x8000298c (0x0395e0b3) rem     ra, a1, s9
core   0: 3 0x8000298c (0x0395e0b3) x 1 0x0f505c00
core   0: 0x80002990 (0x412af613) andi    a2, s5, 1042
core   0: 3 0x80002990 (0x412af613) x12 0x00000000
core   0: 0x80002994 (0x54b32693) slti    a3, t1, 1355
core   0: 3 0x80002994 (0x54b32693) x13 0x00000000
core   0: 0x80002998 (0x00a8bf33) sltu    t5, a7, a0
core   0: 3 0x80002998 (0x00a8bf33) x30 0x00000001
core   0: 0x8000299c (0xbfe3b693) sltiu   a3, t2, -1026
core   0: 3 0x8000299c (0xbfe3b693) x13 0x00000001
core   0: 0x800029a0 (0x01f57b33) and     s6, a0, t6
core   0: 3 0x800029a0 (0x01f57b33) x22 0x00000000
core   0: 0x800029a4 (0x05042b13) slti    s6, s0, 80
core   0: 3 0x800029a4 (0x05042b13) x22 0x00000000
core   0: 0x800029a8 (0x93feb497) auipc   s1, 0x93feb
core   0: 3 0x800029a8 (0x93feb497) x 9 0x13fed9a8
core   0: 0x800029ac (0x01279013) slli    zero, a5, 18
core   0: 3 0x800029ac (0x01279013)
core   0: 0x800029b0 (0x286c0817) auipc   a6, 0x286c0
core   0: 3 0x800029b0 (0x286c0817) x16 0xa86c29b0
core   0: 0x800029b4 (0x014aa533) slt     a0, s5, s4
core   0: 3 0x800029b4 (0x014aa533) x10 0x00000001
core   0: 0x800029b8 (0x02e03433) mulhu   s0, zero, a4
core   0: 3 0x800029b8 (0x02e03433) x 8 0x00000000
core   0: 0x800029bc (0x01e51a33) sll     s4, a0, t5
core   0: 3 0x800029bc (0x01e51a33) x20 0x00000002
core   0: 0x800029c0 (0x411156b3) sra     a3, sp, a7
core   0: 3 0x800029c0 (0x411156b3) x13 0x00000004
core   0: 0x800029c4 (0x02b837b3) mulhu   a5, a6, a1
core   0: 3 0x800029c4 (0x02b837b3) x15 0x0a1334c5
core   0: 0x800029c8 (0x00bf2bb3) slt     s7, t5, a1
core   0: 3 0x800029c8 (0x00bf2bb3) x23 0x00000001
core   0: 0x800029cc (0x010f96b3) sll     a3, t6, a6
core   0: 3 0x800029cc (0x010f96b3) x13 0x00000000
core   0: 0x800029d0 (0x4a6dbd93) sltiu   s11, s11, 1190
core   0: 3 0x800029d0 (0x4a6dbd93) x27 0x00000000
core   0: 0x800029d4 (0x02fef3b3) remu    t2, t4, a5
core   0: 3 0x800029d4 (0x02fef3b3) x 7 0x00000363
core   0: 0x800029d8 (0xaad1f917) auipc   s2, 0xaad1f
core   0: 3 0x800029d8 (0xaad1f917) x18 0x2ad219d8
core   0: 0x800029dc (0x03555a33) divu    s4, a0, s5
core   0: 3 0x800029dc (0x03555a33) x20 0xffffffff
core   0: 0x800029e0 (0xa2ee3f93) sltiu   t6, t3, -1490
core   0: 3 0x800029e0 (0xa2ee3f93) x31 0x00000001
core   0: 0x800029e4 (0x7c0c6a93) ori     s5, s8, 1984
core   0: 3 0x800029e4 (0x7c0c6a93) x21 0x000007c0
core   0: 0x800029e8 (0x03c965b3) rem     a1, s2, t3
core   0: 3 0x800029e8 (0x03c965b3) x11 0x2ad219d8
core   0: 0x800029ec (0x0f62c513) xori    a0, t0, 246
core   0: 3 0x800029ec (0x0f62c513) x10 0x80014e92
core   0: 0x800029f0 (0x42dba393) slti    t2, s7, 1069
core   0: 3 0x800029f0 (0x42dba393) x 7 0x00000001
core   0: 0x800029f4 (0x22177513) andi    a0, a4, 545
core   0: 3 0x800029f4 (0x22177513) x10 0x00000000
core   0: 0x800029f8 (0x168ae893) ori     a7, s5, 360
core   0: 3 0x800029f8 (0x168ae893) x17 0x000007e8
core   0: 0x800029fc (0xd9321097) auipc   ra, 0xd9321
core   0: 3 0x800029fc (0xd9321097) x 1 0x593239fc
core   0: 0x80002a00 (0x13e61537) lui     a0, 0x13e61
core   0: 3 0x80002a00 (0x13e61537) x10 0x13e61000
core   0: 0x80002a04 (0x00135733) srl     a4, t1, ra
core   0: 3 0x80002a04 (0x00135733) x14 0x00000000
core   0: 0x80002a08 (0x03fc0f33) mul     t5, s8, t6
core   0: 3 0x80002a08 (0x03fc0f33) x30 0x00000000
core   0: 0x80002a0c (0x03826f33) rem     t5, tp, s8
core   0: 3 0x80002a0c (0x03826f33) x30 0xd90f2000
core   0: 0x80002a10 (0x02936333) rem     t1, t1, s1
core   0: 3 0x80002a10 (0x02936333) x 6 0x0001ffff
core   0: 0x80002a14 (0x0203f0b3) remu    ra, t2, zero
core   0: 3 0x80002a14 (0x0203f0b3) x 1 0x00000001
core   0: 0x80002a18 (0xcdf0f693) andi    a3, ra, -801
core   0: 3 0x80002a18 (0xcdf0f693) x13 0x00000001
core   0: 0x80002a1c (0x033707b3) mul     a5, a4, s3
core   0: 3 0x80002a1c (0x033707b3) x15 0x00000000
core   0: 0x80002a20 (0x008561b3) or      gp, a0, s0
core   0: 3 0x80002a20 (0x008561b3) x 3 0x13e61000
core   0: 0x80002a24 (0x032d1533) mulh    a0, s10, s2
core   0: 3 0x80002a24 (0x032d1533) x10 0x00000000
core   0: 0x80002a28 (0x02d70233) mul     tp, a4, a3
core   0: 3 0x80002a28 (0x02d70233) x 4 0x00000000
core   0: 0x80002a2c (0x027d3ab3) mulhu   s5, s10, t2
core   0: 3 0x80002a2c (0x027d3ab3) x21 0x00000000
core   0: 0x80002a30 (0x03fc3233) mulhu   tp, s8, t6
core   0: 3 0x80002a30 (0x03fc3233) x 4 0x00000000
core   0: 0x80002a34 (0x00a12633) slt     a2, sp, a0
core   0: 3 0x80002a34 (0x00a12633) x12 0x00000000
core   0: 0x80002a38 (0x0241b8b3) mulhu   a7, gp, tp
core   0: 3 0x80002a38 (0x0241b8b3) x17 0x00000000
core   0: 0x80002a3c (0x00229993) slli    s3, t0, 2
core   0: 3 0x80002a3c (0x00229993) x19 0x00053990
core   0: 0x80002a40 (0x0331cf33) div     t5, gp, s3
core   0: 3 0x80002a40 (0x0331cf33) x30 0x000003ce
core   0: 0x80002a44 (0x411fd7b3) sra     a5, t6, a7
core   0: 3 0x80002a44 (0x411fd7b3) x15 0x00000001
core   0: 0x80002a48 (0x2c5ad217) auipc   tp, 0x2c5ad
core   0: 3 0x80002a48 (0x2c5ad217) x 4 0xac5afa48
core   0: 0x80002a4c (0x01fcd5b3) srl     a1, s9, t6
core   0: 3 0x80002a4c (0x01fcd5b3) x11 0x07a8d1ff
core   0: 0x80002a50 (0x0145ed33) or      s10, a1, s4
core   0: 3 0x80002a50 (0x0145ed33) x26 0xffffffff
core   0: 0x80002a54 (0x02cad9b3) divu    s3, s5, a2
core   0: 3 0x80002a54 (0x02cad9b3) x19 0xffffffff
core   0: 0x80002a58 (0x038867b3) rem     a5, a6, s8
core   0: 3 0x80002a58 (0x038867b3) x15 0xa86c29b0
core   0: 0x80002a5c (0x00aab333) sltu    t1, s5, a0
core   0: 3 0x80002a5c (0x00aab333) x 6 0x00000000
core   0: 0x80002a60 (0x0279dcb3) divu    s9, s3, t2
core   0: 3 0x80002a60 (0x0279dcb3) x25 0xffffffff
core   0: 0x80002a64 (0x00672b33) slt     s6, a4, t1
core   0: 3 0x80002a64 (0x00672b33) x22 0x00000000
core   0: 0x80002a68 (0x00e26233) or      tp, tp, a4
core   0: 3 0x80002a68 (0x00e26233) x 4 0xac5afa48
core   0: 0x80002a6c (0x6b430d93) addi    s11, t1, 1716
core   0: 3 0x80002a6c (0x6b430d93) x27 0x000006b4
core   0: 0x80002a70 (0x00a80eb3) add     t4, a6, a0
core   0: 3 0x80002a70 (0x00a80eb3) x29 0xa86c29b0
core   0: 0x80002a74 (0x60b46993) ori     s3, s0, 1547
core   0: 3 0x80002a74 (0x60b46993) x19 0x0000060b
core   0: 0x80002a78 (0x00a5d413) srli    s0, a1, 10
core   0: 3 0x80002a78 (0x00a5d413) x 8 0x0001ea34
core   0: 0x80002a7c (0x00004c33) xor     s8, zero, zero
core   0: 3 0x80002a7c (0x00004c33) x24 0x00000000
core   0: 0x80002a80 (0x0113f5b3) and     a1, t2, a7
core   0: 3 0x80002a80 (0x0113f5b3) x11 0x00000000
core   0: 0x80002a84 (0x2bd67313) andi    t1, a2, 701
core   0: 3 0x80002a84 (0x2bd67313) x 6 0x00000000
core   0: 0x80002a88 (0x02f8e933) rem     s2, a7, a5
core   0: 3 0x80002a88 (0x02f8e933) x18 0x00000000
core   0: 0x80002a8c (0x006364b3) or      s1, t1, t1
core   0: 3 0x80002a8c (0x006364b3) x 9 0x00000000
core   0: 0x80002a90 (0x0175a933) slt     s2, a1, s7
core   0: 3 0x80002a90 (0x0175a933) x18 0x00000001
core   0: 0x80002a94 (0x00000013) nop
core   0: 3 0x80002a94 (0x00000013)
core   0: 0x80002a98 (0xc69f4313) xori    t1, t5, -919
core   0: 3 0x80002a98 (0xc69f4313) x 6 0xffffffa7
core   0: 0x80002a9c (0x412be097) auipc   ra, 0x412be
core   0: 3 0x80002a9c (0x412be097) x 1 0xc12c0a9c
core   0: 0x80002aa0 (0x36ca3093) sltiu   ra, s4, 876
core   0: 3 0x80002aa0 (0x36ca3093) x 1 0x00000000
core   0: 0x80002aa4 (0x029016b3) mulh    a3, zero, s1
core   0: 3 0x80002aa4 (0x029016b3) x13 0x00000000
core   0: 0x80002aa8 (0x00000013) nop
core   0: 3 0x80002aa8 (0x00000013)
core   0: 0x80002aac (0x03e729b3) mulhsu  s3, a4, t5
core   0: 3 0x80002aac (0x03e729b3) x19 0x00000000
core   0: 0x80002ab0 (0x00c557b3) srl     a5, a0, a2
core   0: 3 0x80002ab0 (0x00c557b3) x15 0x00000000
core   0: 0x80002ab4 (0x02c44c33) div     s8, s0, a2
core   0: 3 0x80002ab4 (0x02c44c33) x24 0xffffffff
core   0: 0x80002ab8 (0x4110dc93) srai    s9, ra, 17
core   0: 3 0x80002ab8 (0x4110dc93) x25 0x00000000
core   0: 0x80002abc (0x01503db3) snez    s11, s5
core   0: 3 0x80002abc (0x01503db3) x27 0x00000000
core   0: 0x80002ac0 (0x00081013) slli    zero, a6, 0
core   0: 3 0x80002ac0 (0x00081013)
core   0: 0x80002ac4 (0xb0e0c5b7) lui     a1, 0xb0e0c
core   0: 3 0x80002ac4 (0xb0e0c5b7) x11 0xb0e0c000
core   0: 0x80002ac8 (0x008b5613) srli    a2, s6, 8
core   0: 3 0x80002ac8 (0x008b5613) x12 0x00000000
core   0: 0x80002acc (0x01a9a6b3) slt     a3, s3, s10
core   0: 3 0x80002acc (0x01a9a6b3) x13 0x00000000
core   0: 0x80002ad0 (0x4daf0993) addi    s3, t5, 1242
core   0: 3 0x80002ad0 (0x4daf0993) x19 0x000008a8
core   0: 0x80002ad4 (0x01df16b3) sll     a3, t5, t4
core   0: 3 0x80002ad4 (0x01df16b3) x13 0x03ce0000
core   0: 0x80002ad8 (0x03181eb3) mulh    t4, a6, a7
core   0: 3 0x80002ad8 (0x03181eb3) x29 0x00000000
core   0: 0x80002adc (0x8db39cb7) lui     s9, 0x8db39
core   0: 3 0x80002adc (0x8db39cb7) x25 0x8db39000
core   0: 0x80002ae0 (0x015cbfb3) sltu    t6, s9, s5
core   0: 3 0x80002ae0 (0x015cbfb3) x31 0x00000000
core   0: 0x80002ae4 (0x016da5b3) slt     a1, s11, s6
core   0: 3 0x80002ae4 (0x016da5b3) x11 0x00000000
core   0: 0x80002ae8 (0x19264a93) xori    s5, a2, 402
core   0: 3 0x80002ae8 (0x19264a93) x21 0x00000192
core   0: 0x80002aec (0x02407b33) remu    s6, zero, tp
core   0: 3 0x80002aec (0x02407b33) x22 0x00000000
core   0: 0x80002af0 (0x03f0dc33) divu    s8, ra, t6
core   0: 3 0x80002af0 (0x03f0dc33) x24 0xffffffff
core   0: 0x80002af4 (0x40745313) srai    t1, s0, 7
core   0: 3 0x80002af4 (0x40745313) x 6 0x000003d4
core   0: 0x80002af8 (0x000adb93) srli    s7, s5, 0
core   0: 3 0x80002af8 (0x000adb93) x23 0x00000192
core   0: 0x80002afc (0x03f59333) mulh    t1, a1, t6
core   0: 3 0x80002afc (0x03f59333) x 6 0x00000000
core   0: 0x80002b00 (0xec85ca93) xori    s5, a1, -312
core   0: 3 0x80002b00 (0xec85ca93) x21 0xfffffec8
core   0: 0x80002b04 (0x20b22793) slti    a5, tp, 523
core   0: 3 0x80002b04 (0x20b22793) x15 0x00000001
core   0: 0x80002b08 (0x00b9d693) srli    a3, s3, 11
core   0: 3 0x80002b08 (0x00b9d693) x13 0x00000001
core   0: 0x80002b0c (0x0126d193) srli    gp, a3, 18
core   0: 3 0x80002b0c (0x0126d193) x 3 0x00000000
core   0: 0x80002b10 (0x0217cd33) div     s10, a5, ra
core   0: 3 0x80002b10 (0x0217cd33) x26 0xffffffff
core   0: 0x80002b14 (0x02e8ebb3) rem     s7, a7, a4
core   0: 3 0x80002b14 (0x02e8ebb3) x23 0x00000000
core   0: 0x80002b18 (0x02581bb3) mulh    s7, a6, t0
core   0: 3 0x80002b18 (0x02581bb3) x23 0x2bc978c2
core   0: 0x80002b1c (0x03f5c033) div     zero, a1, t6
core   0: 3 0x80002b1c (0x03f5c033)
core   0: 0x80002b20 (0x02c47bb3) remu    s7, s0, a2
core   0: 3 0x80002b20 (0x02c47bb3) x23 0x0001ea34
core   0: 0x80002b24 (0x41535313) srai    t1, t1, 21
core   0: 3 0x80002b24 (0x41535313) x 6 0x00000000
core   0: 0x80002b28 (0x01d6c233) xor     tp, a3, t4
core   0: 3 0x80002b28 (0x01d6c233) x 4 0x00000001
core   0: 0x80002b2c (0xae96c813) xori    a6, a3, -1303
core   0: 3 0x80002b2c (0xae96c813) x16 0xfffffae8
core   0: 0x80002b30 (0xb48ff093) andi    ra, t6, -1208
core   0: 3 0x80002b30 (0xb48ff093) x 1 0x00000000
core   0: 0x80002b34 (0x027ceeb3) rem     t4, s9, t2
core   0: 3 0x80002b34 (0x027ceeb3) x29 0x00000000
core   0: 0x80002b38 (0x002a7eb3) and     t4, s4, sp
core   0: 3 0x80002b38 (0x002a7eb3) x29 0x00000008
core   0: 0x80002b3c (0x015a9d33) sll     s10, s5, s5
core   0: 3 0x80002b3c (0x015a9d33) x26 0xfffec800
core   0: 0x80002b40 (0x03da7333) remu    t1, s4, t4
core   0: 3 0x80002b40 (0x03da7333) x 6 0x00000007
core   0: 0x80002b44 (0x00000013) nop
core   0: 3 0x80002b44 (0x00000013)
core   0: 0x80002b48 (0x3087f913) andi    s2, a5, 776
core   0: 3 0x80002b48 (0x3087f913) x18 0x00000000
core   0: 0x80002b4c (0xd3cfec93) ori     s9, t6, -708
core   0: 3 0x80002b4c (0xd3cfec93) x25 0xfffffd3c
core   0: 0x80002b50 (0x0125ecb3) or      s9, a1, s2
core   0: 3 0x80002b50 (0x0125ecb3) x25 0x00000000
core   0: 0x80002b54 (0x01b19333) sll     t1, gp, s11
core   0: 3 0x80002b54 (0x01b19333) x 6 0x00000000
core   0: 0x80002b58 (0x0232e633) rem     a2, t0, gp
core   0: 3 0x80002b58 (0x0232e633) x12 0x80014e64
core   0: 0x80002b5c (0x91ecae93) slti    t4, s9, -1762
core   0: 3 0x80002b5c (0x91ecae93) x29 0x00000000
core   0: 0x80002b60 (0x011845b3) xor     a1, a6, a7
core   0: 3 0x80002b60 (0x011845b3) x11 0xfffffae8
core   0: 0x80002b64 (0x03d38933) mul     s2, t2, t4
core   0: 3 0x80002b64 (0x03d38933) x18 0x00000000
core   0: 0x80002b68 (0x0255dfb3) divu    t6, a1, t0
core   0: 3 0x80002b68 (0x0255dfb3) x31 0x00000001
core   0: 0x80002b6c (0x47ccc413) xori    s0, s9, 1148
core   0: 3 0x80002b6c (0x47ccc413) x 8 0x0000047c
core   0: 0x80002b70 (0x01fef0b3) and     ra, t4, t6
core   0: 3 0x80002b70 (0x01fef0b3) x 1 0x00000000
core   0: 0x80002b74 (0x456b8e93) addi    t4, s7, 1110
core   0: 3 0x80002b74 (0x456b8e93) x29 0x0001ee8a
core   0: 0x80002b78 (0x00e719b3) sll     s3, a4, a4
core   0: 3 0x80002b78 (0x00e719b3) x19 0x00000000
core   0: 0x80002b7c (0x03f277b3) remu    a5, tp, t6
core   0: 3 0x80002b7c (0x03f277b3) x15 0x00000000
core   0: 0x80002b80 (0x0140da93) srli    s5, ra, 20
core   0: 3 0x80002b80 (0x0140da93) x21 0x00000000
core   0: 0x80002b84 (0xf1d7e913) ori     s2, a5, -227
core   0: 3 0x80002b84 (0xf1d7e913) x18 0xffffff1d
core   0: 0x80002b88 (0x82a5a193) slti    gp, a1, -2006
core   0: 3 0x80002b88 (0x82a5a193) x 3 0x00000000
core   0: 0x80002b8c (0xebdd6d93) ori     s11, s10, -323
core   0: 3 0x80002b8c (0xebdd6d93) x27 0xfffffebd
core   0: 0x80002b90 (0x009f5b33) srl     s6, t5, s1
core   0: 3 0x80002b90 (0x009f5b33) x22 0x000003ce
core   0: 0x80002b94 (0x0305f8b3) remu    a7, a1, a6
core   0: 3 0x80002b94 (0x0305f8b3) x17 0x00000000
core   0: 0x80002b98 (0x006e1f33) sll     t5, t3, t1
core   0: 3 0x80002b98 (0x006e1f33) x30 0x80018ce4
core   0: 0x80002b9c (0x26febe93) sltiu   t4, t4, 623
core   0: 3 0x80002b9c (0x26febe93) x29 0x00000000
core   0: 0x80002ba0 (0xb05d4e93) xori    t4, s10, -1275
core   0: 3 0x80002ba0 (0xb05d4e93) x29 0x00013305
core   0: 0x80002ba4 (0x01e14bb3) xor     s7, sp, t5
core   0: 3 0x80002ba4 (0x01e14bb3) x23 0x80018cec
core   0: 0x80002ba8 (0x022a6533) rem     a0, s4, sp
core   0: 3 0x80002ba8 (0x022a6533) x10 0xffffffff
core   0: 0x80002bac (0x00b0d393) srli    t2, ra, 11
core   0: 3 0x80002bac (0x00b0d393) x 7 0x00000000
core   0: 0x80002bb0 (0x000a1bb3) sll     s7, s4, zero
core   0: 3 0x80002bb0 (0x000a1bb3) x23 0xffffffff
core   0: 0x80002bb4 (0x63a17417) auipc   s0, 0x63a17
core   0: 3 0x80002bb4 (0x63a17417) x 8 0xe3a19bb4
core   0: 0x80002bb8 (0x01677ab3) and     s5, a4, s6
core   0: 3 0x80002bb8 (0x01677ab3) x21 0x00000000
core   0: 0x80002bbc (0x00c31893) slli    a7, t1, 12
core   0: 3 0x80002bbc (0x00c31893) x17 0x00000000
core   0: 0x80002bc0 (0xae604d93) xori    s11, zero, -1306
core   0: 3 0x80002bc0 (0xae604d93) x27 0xfffffae6
core   0: 0x80002bc4 (0x01d33933) sltu    s2, t1, t4
core   0: 3 0x80002bc4 (0x01d33933) x18 0x00000001
core   0: 0x80002bc8 (0x9bb21997) auipc   s3, 0x9bb21
core   0: 3 0x80002bc8 (0x9bb21997) x19 0x1bb23bc8
core   0: 0x80002bcc (0x02a11d33) mulh    s10, sp, a0
core   0: 3 0x80002bcc (0x02a11d33) x26 0xffffffff
core   0: 0x80002bd0 (0x00f18733) add     a4, gp, a5
core   0: 3 0x80002bd0 (0x00f18733) x14 0x00000000
core   0: 0x80002bd4 (0x01cff733) and     a4, t6, t3
core   0: 3 0x80002bd4 (0x01cff733) x14 0x00000000
core   0: 0x80002bd8 (0x03d459b3) divu    s3, s0, t4
core   0: 3 0x80002bd8 (0x03d459b3) x19 0x0000bdcd
core   0: 0x80002bdc (0x4128d793) srai    a5, a7, 18
core   0: 3 0x80002bdc (0x4128d793) x15 0x00000000
core   0: 0x80002be0 (0x023378b3) remu    a7, t1, gp
core   0: 3 0x80002be0 (0x023378b3) x17 0x00000000
core   0: 0x80002be4 (0x15f98793) addi    a5, s3, 351
core   0: 3 0x80002be4 (0x15f98793) x15 0x0000bf2c
core   0: 0x80002be8 (0x08cd2e93) slti    t4, s10, 140
core   0: 3 0x80002be8 (0x08cd2e93) x29 0x00000001
core   0: 0x80002bec (0x03dfe533) rem     a0, t6, t4
core   0: 3 0x80002bec (0x03dfe533) x10 0x00000000
core   0: 0x80002bf0 (0x540b8393) addi    t2, s7, 1344
core   0: 3 0x80002bf0 (0x540b8393) x 7 0x0000053f
core   0: 0x80002bf4 (0x40a48fb3) sub     t6, s1, a0
core   0: 3 0x80002bf4 (0x40a48fb3) x31 0x00000000
core   0: 0x80002bf8 (0x7f52c393) xori    t2, t0, 2037
core   0: 3 0x80002bf8 (0x7f52c393) x 7 0x80014991
core   0: 0x80002bfc (0x01ee1913) slli    s2, t3, 30
core   0: 3 0x80002bfc (0x01ee1913) x18 0x00000000
core   0: 0x80002c00 (0x02a1f333) remu    t1, gp, a0
core   0: 3 0x80002c00 (0x02a1f333) x 6 0x00000000
core   0: 0x80002c04 (0xfcec4b97) auipc   s7, 0xfcec4
core   0: 3 0x80002c04 (0xfcec4b97) x23 0x7cec6c04
core   0: 0x80002c08 (0x0019b1b3) sltu    gp, s3, ra
core   0: 3 0x80002c08 (0x0019b1b3) x 3 0x00000000
core   0: 0x80002c0c (0x01394ab3) xor     s5, s2, s3
core   0: 3 0x80002c0c (0x01394ab3) x21 0x0000bdcd
core   0: 0x80002c10 (0x005367b3) or      a5, t1, t0
core   0: 3 0x80002c10 (0x005367b3) x15 0x80014e64
core   0: 0x80002c14 (0x030567b3) rem     a5, a0, a6
core   0: 3 0x80002c14 (0x030567b3) x15 0x00000000
core   0: 0x80002c18 (0x007a4c33) xor     s8, s4, t2
core   0: 3 0x80002c18 (0x007a4c33) x24 0x7ffeb66e
core   0: 0x80002c1c (0x03116ab3) rem     s5, sp, a7
core   0: 3 0x80002c1c (0x03116ab3) x21 0x00000008
core   0: 0x80002c20 (0x03e87c33) remu    s8, a6, t5
core   0: 3 0x80002c20 (0x03e87c33) x24 0x7ffe6e04
core   0: 0x80002c24 (0x00df9333) sll     t1, t6, a3
core   0: 3 0x80002c24 (0x00df9333) x 6 0x00000000
core   0: 0x80002c28 (0x00f1f1b3) and     gp, gp, a5
core   0: 3 0x80002c28 (0x00f1f1b3) x 3 0x00000000
core   0: 0x80002c2c (0x24977013) andi    zero, a4, 585
core   0: 3 0x80002c2c (0x24977013)
core   0: 0x80002c30 (0x024d9b33) mulh    s6, s11, tp
core   0: 3 0x80002c30 (0x024d9b33) x22 0xffffffff
core   0: 0x80002c34 (0x352028b7) lui     a7, 0x35202
core   0: 3 0x80002c34 (0x352028b7) x17 0x35202000
core   0: 0x80002c38 (0x0379cc33) div     s8, s3, s7
core   0: 3 0x80002c38 (0x0379cc33) x24 0x00000000
core   0: 0x80002c3c (0x40e0dd13) srai    s10, ra, 14
core   0: 3 0x80002c3c (0x40e0dd13) x26 0x00000000
core   0: 0x80002c40 (0x00ecedb3) or      s11, s9, a4
core   0: 3 0x80002c40 (0x00ecedb3) x27 0x00000000
core   0: 0x80002c44 (0x00391713) slli    a4, s2, 3
core   0: 3 0x80002c44 (0x00391713) x14 0x00000000
core   0: 0x80002c48 (0x013cd8b3) srl     a7, s9, s3
core   0: 3 0x80002c48 (0x013cd8b3) x17 0x00000000
core   0: 0x80002c4c (0x45f4cd93) xori    s11, s1, 1119
core   0: 3 0x80002c4c (0x45f4cd93) x27 0x0000045f
core   0: 0x80002c50 (0xef319217) auipc   tp, 0xef319
core   0: 3 0x80002c50 (0xef319217) x 4 0x6f31bc50
core   0: 0x80002c54 (0xca6dc593) xori    a1, s11, -858
core   0: 3 0x80002c54 (0xca6dc593) x11 0xfffff8f9
core   0: 0x80002c58 (0x0022ffb3) and     t6, t0, sp
core   0: 3 0x80002c58 (0x0022ffb3) x31 0x00000000
core   0: 0x80002c5c (0x025f3d33) mulhu   s10, t5, t0
core   0: 3 0x80002c5c (0x025f3d33) x26 0x40016da6
core   0: 0x80002c60 (0x00000013) nop
core   0: 3 0x80002c60 (0x00000013)
core   0: 0x80002c64 (0x41e706b3) sub     a3, a4, t5
core   0: 3 0x80002c64 (0x41e706b3) x13 0x7ffe731c
core   0: 0x80002c68 (0x022c8eb3) mul     t4, s9, sp
core   0: 3 0x80002c68 (0x022c8eb3) x29 0x00000000
core   0: 0x80002c6c (0xf5714413) xori    s0, sp, -169
core   0: 3 0x80002c6c (0xf5714413) x 8 0xffffff5f
core   0: 0x80002c70 (0x0170ecb3) or      s9, ra, s7
core   0: 3 0x80002c70 (0x0170ecb3) x25 0x7cec6c04
core   0: 0x80002c74 (0x2fc3fa13) andi    s4, t2, 764
core   0: 3 0x80002c74 (0x2fc3fa13) x20 0x00000090
core   0: 0x80002c78 (0x037aaa33) mulhsu  s4, s5, s7
core   0: 3 0x80002c78 (0x037aaa33) x20 0x00000003
core   0: 0x80002c7c (0x401e8eb3) sub     t4, t4, ra
core   0: 3 0x80002c7c (0x401e8eb3) x29 0x00000000
core   0: 0x80002c80 (0xaa7ef193) andi    gp, t4, -1369
core   0: 3 0x80002c80 (0xaa7ef193) x 3 0x00000000
core   0: 0x80002c84 (0x2c9d3c13) sltiu   s8, s10, 713
core   0: 3 0x80002c84 (0x2c9d3c13) x24 0x00000000
core   0: 0x80002c88 (0x00000013) nop
core   0: 3 0x80002c88 (0x00000013)
core   0: 0x80002c8c (0x88e9c593) xori    a1, s3, -1906
core   0: 3 0x80002c8c (0x88e9c593) x11 0xffff4543
core   0: 0x80002c90 (0x03972ab3) mulhsu  s5, a4, s9
core   0: 3 0x80002c90 (0x03972ab3) x21 0x00000000
core   0: 0x80002c94 (0x00f6e333) or      t1, a3, a5
core   0: 3 0x80002c94 (0x00f6e333) x 6 0x7ffe731c
core   0: 0x80002c98 (0x014a9033) sll     zero, s5, s4
core   0: 3 0x80002c98 (0x014a9033)
core   0: 0x80002c9c (0x7c282013) slti    zero, a6, 1986
core   0: 3 0x80002c9c (0x7c282013)
core   0: 0x80002ca0 (0x75edec93) ori     s9, s11, 1886
core   0: 3 0x80002ca0 (0x75edec93) x25 0x0000075f
core   0: 0x80002ca4 (0x41c108b3) sub     a7, sp, t3
core   0: 3 0x80002ca4 (0x41c108b3) x17 0x7ffe7324
core   0: 0x80002ca8 (0x0116a733) slt     a4, a3, a7
core   0: 3 0x80002ca8 (0x0116a733) x14 0x00000001
core   0: 0x80002cac (0x40d90933) sub     s2, s2, a3
core   0: 3 0x80002cac (0x40d90933) x18 0x80018ce4
core   0: 0x80002cb0 (0x03f2cbb3) div     s7, t0, t6
core   0: 3 0x80002cb0 (0x03f2cbb3) x23 0xffffffff
core   0: 0x80002cb4 (0x00000013) nop
core   0: 3 0x80002cb4 (0x00000013)
core   0: 0x80002cb8 (0x01e3a1b3) slt     gp, t2, t5
core   0: 3 0x80002cb8 (0x01e3a1b3) x 3 0x00000001
core   0: 0x80002cbc (0xdf37ae93) slti    t4, a5, -525
core   0: 3 0x80002cbc (0xdf37ae93) x29 0x00000000
core   0: 0x80002cc0 (0x62feb797) auipc   a5, 0x62feb
core   0: 3 0x80002cc0 (0x62feb797) x15 0xe2fedcc0
core   0: 0x80002cc4 (0x010a3633) sltu    a2, s4, a6
core   0: 3 0x80002cc4 (0x010a3633) x12 0x00000001
core   0: 0x80002cc8 (0x0169bb33) sltu    s6, s3, s6
core   0: 3 0x80002cc8 (0x0169bb33) x22 0x00000001
core   0: 0x80002ccc (0x73f90993) addi    s3, s2, 1855
core   0: 3 0x80002ccc (0x73f90993) x19 0x80019423
core   0: 0x80002cd0 (0x584ecb93) xori    s7, t4, 1412
core   0: 3 0x80002cd0 (0x584ecb93) x23 0x00000584
core   0: 0x80002cd4 (0x0025c733) xor     a4, a1, sp
core   0: 3 0x80002cd4 (0x0025c733) x14 0xffff454b
core   0: 0x80002cd8 (0x00000013) nop
core   0: 3 0x80002cd8 (0x00000013)
core   0: 0x80002cdc (0x003db3b3) sltu    t2, s11, gp
core   0: 3 0x80002cdc (0x003db3b3) x 7 0x00000000
core   0: 0x80002ce0 (0x02110233) mul     tp, sp, ra
core   0: 3 0x80002ce0 (0x02110233) x 4 0x00000000
core   0: 0x80002ce4 (0x03d08333) mul     t1, ra, t4
core   0: 3 0x80002ce4 (0x03d08333) x 6 0x00000000
core   0: 0x80002ce8 (0x02dbb433) mulhu   s0, s7, a3
core   0: 3 0x80002ce8 (0x02dbb433) x 8 0x000002c1
core   0: 0x80002cec (0x02df6cb3) rem     s9, t5, a3
core   0: 3 0x80002cec (0x02df6cb3) x25 0x00000000
core   0: 0x80002cf0 (0x01e56d33) or      s10, a0, t5
core   0: 3 0x80002cf0 (0x01e56d33) x26 0x80018ce4
core   0: 0x80002cf4 (0x03cb55b3) divu    a1, s6, t3
core   0: 3 0x80002cf4 (0x03cb55b3) x11 0x00000000
core   0: 0x80002cf8 (0x41220cb3) sub     s9, tp, s2
core   0: 3 0x80002cf8 (0x41220cb3) x25 0x7ffe731c
core   0: 0x80002cfc (0x02153ab3) mulhu   s5, a0, ra
core   0: 3 0x80002cfc (0x02153ab3) x21 0x00000000
core   0: 0x80002d00 (0x01d389b3) add     s3, t2, t4
core   0: 3 0x80002d00 (0x01d389b3) x19 0x00000000
core   0: 0x80002d04 (0x019ab333) sltu    t1, s5, s9
core   0: 3 0x80002d04 (0x019ab333) x 6 0x00000001
core   0: 0x80002d08 (0x41e480b3) sub     ra, s1, t5
core   0: 3 0x80002d08 (0x41e480b3) x 1 0x7ffe731c
core   0: 0x80002d0c (0x039048b3) div     a7, zero, s9
core   0: 3 0x80002d0c (0x039048b3) x17 0x00000000
core   0: 0x80002d10 (0x00000013) nop
core   0: 3 0x80002d10 (0x00000013)
core   0: 0x80002d14 (0x039521b3) mulhsu  gp, a0, s9
core   0: 3 0x80002d14 (0x039521b3) x 3 0x00000000
core   0: 0x80002d18 (0x023f8a33) mul     s4, t6, gp
core   0: 3 0x80002d18 (0x023f8a33) x20 0x00000000
core   0: 0x80002d1c (0x41c285b3) sub     a1, t0, t3
core   0: 3 0x80002d1c (0x41c285b3) x11 0xffffc180
core   0: 0x80002d20 (0x0037dab3) srl     s5, a5, gp
core   0: 3 0x80002d20 (0x0037dab3) x21 0xe2fedcc0
core   0: 0x80002d24 (0xecf70c93) addi    s9, a4, -305
core   0: 3 0x80002d24 (0xecf70c93) x25 0xffff441a
core   0: 0x80002d28 (0xe62c2413) slti    s0, s8, -414
core   0: 3 0x80002d28 (0xe62c2413) x 8 0x00000000
core   0: 0x80002d2c (0x016f5933) srl     s2, t5, s6
core   0: 3 0x80002d2c (0x016f5933) x18 0x4000c672
core   0: 0x80002d30 (0x0eaae993) ori     s3, s5, 234
core   0: 3 0x80002d30 (0x0eaae993) x19 0xe2fedcea
core   0: 0x80002d34 (0x01f19c93) slli    s9, gp, 31
core   0: 3 0x80002d34 (0x01f19c93) x25 0x00000000
core   0: 0x80002d38 (0x02664433) div     s0, a2, t1
core   0: 3 0x80002d38 (0x02664433) x 8 0x00000001
core   0: 0x80002d3c (0x03866bb3) rem     s7, a2, s8
core   0: 3 0x80002d3c (0x03866bb3) x23 0x00000001
core   0: 0x80002d40 (0x00b9b333) sltu    t1, s3, a1
core   0: 3 0x80002d40 (0x00b9b333) x 6 0x00000001
core   0: 0x80002d44 (0x009853b3) srl     t2, a6, s1
core   0: 3 0x80002d44 (0x009853b3) x 7 0xfffffae8
core   0: 0x80002d48 (0x01c1e833) or      a6, gp, t3
core   0: 3 0x80002d48 (0x01c1e833) x16 0x80018ce4
core   0: 0x80002d4c (0xc2c4af17) auipc   t5, 0xc2c4a
core   0: 3 0x80002d4c (0xc2c4af17) x30 0x42c4cd4c
core   0: 0x80002d50 (0x4100dfb3) sra     t6, ra, a6
core   0: 3 0x80002d50 (0x4100dfb3) x31 0x07ffe731
core   0: 0x80002d54 (0xe1e0b893) sltiu   a7, ra, -482
core   0: 3 0x80002d54 (0xe1e0b893) x17 0x00000001
core   0: 0x80002d58 (0x01706933) or      s2, zero, s7
core   0: 3 0x80002d58 (0x01706933) x18 0x00000001
core   0: 0x80002d5c (0x40f20b33) sub     s6, tp, a5
core   0: 3 0x80002d5c (0x40f20b33) x22 0x1d012340
core   0: 0x80002d60 (0x005a1213) slli    tp, s4, 5
core   0: 3 0x80002d60 (0x005a1213) x 4 0x00000000
core   0: 0x80002d64 (0x03ecccb3) div     s9, s9, t5
core   0: 3 0x80002d64 (0x03ecccb3) x25 0x00000000
core   0: 0x80002d68 (0x033dffb3) remu    t6, s11, s3
core   0: 3 0x80002d68 (0x033dffb3) x31 0x0000045f
core   0: 0x80002d6c (0xc27e8417) auipc   s0, 0xc27e8
core   0: 3 0x80002d6c (0xc27e8417) x 8 0x427ead6c
core   0: 0x80002d70 (0x41138833) sub     a6, t2, a7
core   0: 3 0x80002d70 (0x41138833) x16 0xfffffae7
core   0: 0x80002d74 (0x024ced33) rem     s10, s9, tp
core   0: 3 0x80002d74 (0x024ced33) x26 0x00000000
core   0: 0x80002d78 (0x00e21bb3) sll     s7, tp, a4
core   0: 3 0x80002d78 (0x00e21bb3) x23 0x00000000
core   0: 0x80002d7c (0x40015733) sra     a4, sp, zero
core   0: 3 0x80002d7c (0x40015733) x14 0x00000008
core   0: 0x80002d80 (0x00f14cb3) xor     s9, sp, a5
core   0: 3 0x80002d80 (0x00f14cb3) x25 0xe2fedcc8
core   0: 0x80002d84 (0x41eada13) srai    s4, s5, 30
core   0: 3 0x80002d84 (0x41eada13) x20 0xffffffff
core   0: 0x80002d88 (0x00000013) nop
core   0: 3 0x80002d88 (0x00000013)
core   0: 0x80002d8c (0x015d1533) sll     a0, s10, s5
core   0: 3 0x80002d8c (0x015d1533) x10 0x00000000
core   0: 0x80002d90 (0xfeec0a93) addi    s5, s8, -18
core   0: 3 0x80002d90 (0xfeec0a93) x21 0xffffffee
core   0: 0x80002d94 (0x03e1a3b3) mulhsu  t2, gp, t5
core   0: 3 0x80002d94 (0x03e1a3b3) x 7 0x00000000
core   0: 0x80002d98 (0x00721913) slli    s2, tp, 7
core   0: 3 0x80002d98 (0x00721913) x18 0x00000000
core   0: 0x80002d9c (0x0164ffb3) and     t6, s1, s6
core   0: 3 0x80002d9c (0x0164ffb3) x31 0x00000000
core   0: 0x80002da0 (0x408e5bb3) sra     s7, t3, s0
core   0: 3 0x80002da0 (0x408e5bb3) x23 0xfff80018
core   0: 0x80002da4 (0x02bba633) mulhsu  a2, s7, a1
core   0: 3 0x80002da4 (0x02bba633) x12 0xfff80019
core   0: 0x80002da8 (0x035108b3) mul     a7, sp, s5
core   0: 3 0x80002da8 (0x035108b3) x17 0xffffff70
core   0: 0x80002dac (0x000d1913) slli    s2, s10, 0
core   0: 3 0x80002dac (0x000d1913) x18 0x00000000
core   0: 0x80002db0 (0xffbe7313) andi    t1, t3, -5
core   0: 3 0x80002db0 (0xffbe7313) x 6 0x80018ce0
core   0: 0x80002db4 (0x7399bd93) sltiu   s11, s3, 1849
core   0: 3 0x80002db4 (0x7399bd93) x27 0x00000000
core   0: 0x80002db8 (0x01825f33) srl     t5, tp, s8
core   0: 3 0x80002db8 (0x01825f33) x30 0x00000000
core   0: 0x80002dbc (0xf8fcf193) andi    gp, s9, -113
core   0: 3 0x80002dbc (0xf8fcf193) x 3 0xe2fedc88
core   0: 0x80002dc0 (0x020e6633) rem     a2, t3, zero
core   0: 3 0x80002dc0 (0x020e6633) x12 0x80018ce4
core   0: 0x80002dc4 (0x03e4cc33) div     s8, s1, t5
core   0: 3 0x80002dc4 (0x03e4cc33) x24 0xffffffff
core   0: 0x80002dc8 (0x590e7693) andi    a3, t3, 1424
core   0: 3 0x80002dc8 (0x590e7693) x13 0x00000480
core   0: 0x80002dcc (0x02fc5b33) divu    s6, s8, a5
core   0: 3 0x80002dcc (0x02fc5b33) x22 0x00000001
core   0: 0x80002dd0 (0x01815a93) srli    s5, sp, 24
core   0: 3 0x80002dd0 (0x01815a93) x21 0x00000000
core   0: 0x80002dd4 (0x02c4e1b3) rem     gp, s1, a2
core   0: 3 0x80002dd4 (0x02c4e1b3) x 3 0x00000000
core   0: 0x80002dd8 (0x031f8eb3) mul     t4, t6, a7
core   0: 3 0x80002dd8 (0x031f8eb3) x29 0x00000000
core   0: 0x80002ddc (0x009f19b3) sll     s3, t5, s1
core   0: 3 0x80002ddc (0x009f19b3) x19 0x00000000
core   0: 0x80002de0 (0x014470b3) and     ra, s0, s4
core   0: 3 0x80002de0 (0x014470b3) x 1 0x427ead6c
core   0: 0x80002de4 (0x03cc1f33) mulh    t5, s8, t3
core   0: 3 0x80002de4 (0x03cc1f33) x30 0x00000000
core   0: 0x80002de8 (0x012623b3) slt     t2, a2, s2
core   0: 3 0x80002de8 (0x012623b3) x 7 0x00000001
core   0: 0x80002dec (0x00000013) nop
core   0: 3 0x80002dec (0x00000013)
core   0: 0x80002df0 (0x41368933) sub     s2, a3, s3
core   0: 3 0x80002df0 (0x41368933) x18 0x00000480
core   0: 0x80002df4 (0x71b97a93) andi    s5, s2, 1819
core   0: 3 0x80002df4 (0x71b97a93) x21 0x00000400
core   0: 0x80002df8 (0x029790b3) mulh    ra, a5, s1
core   0: 3 0x80002df8 (0x029790b3) x 1 0x00000000
core   0: 0x80002dfc (0x02ea7d33) remu    s10, s4, a4
core   0: 3 0x80002dfc (0x02ea7d33) x26 0x00000007
core   0: 0x80002e00 (0xc1ac2b93) slti    s7, s8, -998
core   0: 3 0x80002e00 (0xc1ac2b93) x23 0x00000000
core   0: 0x80002e04 (0x03629c33) mulh    s8, t0, s6
core   0: 3 0x80002e04 (0x03629c33) x24 0xffffffff
core   0: 0x80002e08 (0x4069d393) srai    t2, s3, 6
core   0: 3 0x80002e08 (0x4069d393) x 7 0x00000000
core   0: 0x80002e0c (0x015c6fb3) or      t6, s8, s5
core   0: 3 0x80002e0c (0x015c6fb3) x31 0xffffffff
core   0: 0x80002e10 (0x002acfb3) xor     t6, s5, sp
core   0: 3 0x80002e10 (0x002acfb3) x31 0x00000408
core   0: 0x80002e14 (0x02db96b3) mulh    a3, s7, a3
core   0: 3 0x80002e14 (0x02db96b3) x13 0x00000000
core   0: 0x80002e18 (0x2dab9f17) auipc   t5, 0x2dab9
core   0: 3 0x80002e18 (0x2dab9f17) x30 0xadabbe18
core   0: 0x80002e1c (0x60354a93) xori    s5, a0, 1539
core   0: 3 0x80002e1c (0x60354a93) x21 0x00000603
core   0: 0x80002e20 (0x030d7ab3) remu    s5, s10, a6
core   0: 3 0x80002e20 (0x030d7ab3) x21 0x00000007
core   0: 0x80002e24 (0x41f250b3) sra     ra, tp, t6
core   0: 3 0x80002e24 (0x41f250b3) x 1 0x00000000
core   0: 0x80002e28 (0x0271b0b3) mulhu   ra, gp, t2
core   0: 3 0x80002e28 (0x0271b0b3) x 1 0x00000000
core   0: 0x80002e2c (0x010acab3) xor     s5, s5, a6
core   0: 3 0x80002e2c (0x010acab3) x21 0xfffffae0
core   0: 0x80002e30 (0x03b4d9b3) divu    s3, s1, s11
core   0: 3 0x80002e30 (0x03b4d9b3) x19 0xffffffff
core   0: 0x80002e34 (0x6c567d17) auipc   s10, 0x6c567
core   0: 3 0x80002e34 (0x6c567d17) x26 0xec569e34
core   0: 0x80002e38 (0x036888b3) mul     a7, a7, s6
core   0: 3 0x80002e38 (0x036888b3) x17 0xffffff70
core   0: 0x80002e3c (0x03526633) rem     a2, tp, s5
core   0: 3 0x80002e3c (0x03526633) x12 0x00000000
core   0: 0x80002e40 (0x037dcc33) div     s8, s11, s7
core   0: 3 0x80002e40 (0x037dcc33) x24 0xffffffff
core   0: 0x80002e44 (0x03fb5333) divu    t1, s6, t6
core   0: 3 0x80002e44 (0x03fb5333) x 6 0x00000000
core   0: 0x80002e48 (0x01b84bb3) xor     s7, a6, s11
core   0: 3 0x80002e48 (0x01b84bb3) x23 0xfffffae7
core   0: 0x80002e4c (0x015b43b3) xor     t2, s6, s5
core   0: 3 0x80002e4c (0x015b43b3) x 7 0xfffffae1
core   0: 0x80002e50 (0x02ed5333) divu    t1, s10, a4
core   0: 3 0x80002e50 (0x02ed5333) x 6 0x1d8ad3c6
core   0: 0x80002e54 (0x00223333) sltu    t1, tp, sp
core   0: 3 0x80002e54 (0x00223333) x 6 0x00000001
core   0: 0x80002e58 (0x40a000b3) sub     ra, zero, a0
core   0: 3 0x80002e58 (0x40a000b3) x 1 0x00000000
core   0: 0x80002e5c (0x0169c5b3) xor     a1, s3, s6
core   0: 3 0x80002e5c (0x0169c5b3) x11 0xfffffffe
core   0: 0x80002e60 (0x0366e3b3) rem     t2, a3, s6
core   0: 3 0x80002e60 (0x0366e3b3) x 7 0x00000000
core   0: 0x80002e64 (0x41348033) sub     zero, s1, s3
core   0: 3 0x80002e64 (0x41348033)
core   0: 0x80002e68 (0x2cb3c593) xori    a1, t2, 715
core   0: 3 0x80002e68 (0x2cb3c593) x11 0x000002cb
core   0: 0x80002e6c (0x02bc2a33) mulhsu  s4, s8, a1
core   0: 3 0x80002e6c (0x02bc2a33) x20 0xffffffff
core   0: 0x80002e70 (0xf669c893) xori    a7, s3, -154
core   0: 3 0x80002e70 (0xf669c893) x17 0x00000099
core   0: 0x80002e74 (0x00000013) nop
core   0: 3 0x80002e74 (0x00000013)
core   0: 0x80002e78 (0x41a68833) sub     a6, a3, s10
core   0: 3 0x80002e78 (0x41a68833) x16 0x13a961cc
core   0: 0x80002e7c (0x0242d4b3) divu    s1, t0, tp
core   0: 3 0x80002e7c (0x0242d4b3) x 9 0xffffffff
core   0: 0x80002e80 (0x0195e433) or      s0, a1, s9
core   0: 3 0x80002e80 (0x0195e433) x 8 0xe2fedecb
core   0: 0x80002e84 (0x0050fc33) and     s8, ra, t0
core   0: 3 0x80002e84 (0x0050fc33) x24 0x00000000
core   0: 0x80002e88 (0x2bbc6893) ori     a7, s8, 699
core   0: 3 0x80002e88 (0x2bbc6893) x17 0x000002bb
core   0: 0x80002e8c (0x01d6e9b3) or      s3, a3, t4
core   0: 3 0x80002e8c (0x01d6e9b3) x19 0x00000000
core   0: 0x80002e90 (0x405ed233) sra     tp, t4, t0
core   0: 3 0x80002e90 (0x405ed233) x 4 0x00000000
core   0: 0x80002e94 (0x0091ec33) or      s8, gp, s1
core   0: 3 0x80002e94 (0x0091ec33) x24 0xffffffff
core   0: 0x80002e98 (0x6ff42f93) slti    t6, s0, 1791
core   0: 3 0x80002e98 (0x6ff42f93) x31 0x00000001
core   0: 0x80002e9c (0x01460533) add     a0, a2, s4
core   0: 3 0x80002e9c (0x01460533) x10 0xffffffff
core   0: 0x80002ea0 (0x0210f233) remu    tp, ra, ra
core   0: 3 0x80002ea0 (0x0210f233) x 4 0x00000000
core   0: 0x80002ea4 (0x006051b3) srl     gp, zero, t1
core   0: 3 0x80002ea4 (0x006051b3) x 3 0x00000000
core   0: 0x80002ea8 (0x1a55c893) xori    a7, a1, 421
core   0: 3 0x80002ea8 (0x1a55c893) x17 0x0000036e
core   0: 0x80002eac (0x03695633) divu    a2, s2, s6
core   0: 3 0x80002eac (0x03695633) x12 0x00000480
core   0: 0x80002eb0 (0x0391bbb3) mulhu   s7, gp, s9
core   0: 3 0x80002eb0 (0x0391bbb3) x23 0x00000000
core   0: 0x80002eb4 (0x01ea2633) slt     a2, s4, t5
core   0: 3 0x80002eb4 (0x01ea2633) x12 0x00000000
core   0: 0x80002eb8 (0x03ece8b3) rem     a7, s9, t5
core   0: 3 0x80002eb8 (0x03ece8b3) x17 0xe2fedcc8
core   0: 0x80002ebc (0x00000013) nop
core   0: 3 0x80002ebc (0x00000013)
core   0: 0x80002ec0 (0x02681fb3) mulh    t6, a6, t1
core   0: 3 0x80002ec0 (0x02681fb3) x31 0x00000000
core   0: 0x80002ec4 (0x00226733) or      a4, tp, sp
core   0: 3 0x80002ec4 (0x00226733) x14 0x00000008
core   0: 0x80002ec8 (0x30fbe793) ori     a5, s7, 783
core   0: 3 0x80002ec8 (0x30fbe793) x15 0x0000030f
core   0: 0x80002ecc (0x0327d733) divu    a4, a5, s2
core   0: 3 0x80002ecc (0x0327d733) x14 0x00000000
core   0: 0x80002ed0 (0x4050d193) srai    gp, ra, 5
core   0: 3 0x80002ed0 (0x4050d193) x 3 0x00000000
core   0: 0x80002ed4 (0xd92cf637) lui     a2, 0xd92cf
core   0: 3 0x80002ed4 (0xd92cf637) x12 0xd92cf000
core   0: 0x80002ed8 (0x019d7ab3) and     s5, s10, s9
core   0: 3 0x80002ed8 (0x019d7ab3) x21 0xe0569c00
core   0: 0x80002edc (0x013955b3) srl     a1, s2, s3
core   0: 3 0x80002edc (0x013955b3) x11 0x00000480
core   0: 0x80002ee0 (0x02bf8233) mul     tp, t6, a1
core   0: 3 0x80002ee0 (0x02bf8233) x 4 0x00000000
core   0: 0x80002ee4 (0x64ff6f13) ori     t5, t5, 1615
core   0: 3 0x80002ee4 (0x64ff6f13) x30 0xadabbe5f
core   0: 0x80002ee8 (0x4a55fe97) auipc   t4, 0x4a55f
core   0: 3 0x80002ee8 (0x4a55fe97) x29 0xca561ee8
core   0: 0x80002eec (0x4167dd13) srai    s10, a5, 22
core   0: 3 0x80002eec (0x4167dd13) x26 0x00000000
core   0: 0x80002ef0 (0x018504b3) add     s1, a0, s8
core   0: 3 0x80002ef0 (0x018504b3) x 9 0xfffffffe
core   0: 0x80002ef4 (0x036faeb3) mulhsu  t4, t6, s6
core   0: 3 0x80002ef4 (0x036faeb3) x29 0x00000000
core   0: 0x80002ef8 (0xdefe3393) sltiu   t2, t3, -529
core   0: 3 0x80002ef8 (0xdefe3393) x 7 0x00000001
core   0: 0x80002efc (0xbdbc0813) addi    a6, s8, -1061
core   0: 3 0x80002efc (0xbdbc0813) x16 0xfffffbda
core   0: 0x80002f00 (0x0216bcb3) mulhu   s9, a3, ra
core   0: 3 0x80002f00 (0x0216bcb3) x25 0x00000000
core   0: 0x80002f04 (0xd2d6f193) andi    gp, a3, -723
core   0: 3 0x80002f04 (0xd2d6f193) x 3 0x00000000
core   0: 0x80002f08 (0x02334b33) div     s6, t1, gp
core   0: 3 0x80002f08 (0x02334b33) x22 0xffffffff
core   0: 0x80002f0c (0xa302cc13) xori    s8, t0, -1488
core   0: 3 0x80002f0c (0xa302cc13) x24 0x7ffeb454
core   0: 0x80002f10 (0x039db8b3) mulhu   a7, s11, s9
core   0: 3 0x80002f10 (0x039db8b3) x17 0x00000000
core   0: 0x80002f14 (0x40edd733) sra     a4, s11, a4
core   0: 3 0x80002f14 (0x40edd733) x14 0x00000000
core   0: 0x80002f18 (0x02e33233) mulhu   tp, t1, a4
core   0: 3 0x80002f18 (0x02e33233) x 4 0x00000000
core   0: 0x80002f1c (0x1b1e7a93) andi    s5, t3, 433
core   0: 3 0x80002f1c (0x1b1e7a93) x21 0x000000a0
core   0: 0x80002f20 (0x51c74097) auipc   ra, 0x51c74
core   0: 3 0x80002f20 (0x51c74097) x 1 0xd1c76f20
core   0: 0x80002f24 (0x96922493) slti    s1, tp, -1687
core   0: 3 0x80002f24 (0x96922493) x 9 0x00000000
core   0: 0x80002f28 (0x027f74b3) remu    s1, t5, t2
core   0: 3 0x80002f28 (0x027f74b3) x 9 0x00000000
core   0: 0x80002f2c (0xace35237) lui     tp, 0xace35
core   0: 3 0x80002f2c (0xace35237) x 4 0xace35000
core   0: 0x80002f30 (0xc50c6213) ori     tp, s8, -944
core   0: 3 0x80002f30 (0xc50c6213) x 4 0xfffffc54
core   0: 0x80002f34 (0x004993b3) sll     t2, s3, tp
core   0: 3 0x80002f34 (0x004993b3) x 7 0x00000000
core   0: 0x80002f38 (0xfce7d797) auipc   a5, 0xfce7d
core   0: 3 0x80002f38 (0xfce7d797) x15 0x7ce7ff38
core   0: 0x80002f3c (0x01422033) slt     zero, tp, s4
core   0: 3 0x80002f3c (0x01422033)
core   0: 0x80002f40 (0x00c62cb3) slt     s9, a2, a2
core   0: 3 0x80002f40 (0x00c62cb3) x25 0x00000000
core   0: 0x80002f44 (0x00e0bc33) sltu    s8, ra, a4
core   0: 3 0x80002f44 (0x00e0bc33) x24 0x00000000
core   0: 0x80002f48 (0x2c994097) auipc   ra, 0x2c994
core   0: 3 0x80002f48 (0x2c994097) x 1 0xac996f48
core   0: 0x80002f4c (0x62128813) addi    a6, t0, 1569
core   0: 3 0x80002f4c (0x62128813) x16 0x80015485
core   0: 0x80002f50 (0x00000013) nop
core   0: 3 0x80002f50 (0x00000013)
core   0: 0x80002f54 (0xf92766b7) lui     a3, 0xf9276
core   0: 3 0x80002f54 (0xf92766b7) x13 0xf9276000
core   0: 0x80002f58 (0xecb79417) auipc   s0, 0xecb79
core   0: 3 0x80002f58 (0xecb79417) x 8 0x6cb7bf58
core   0: 0x80002f5c (0x013939b3) sltu    s3, s2, s3
core   0: 3 0x80002f5c (0x013939b3) x19 0x00000000
core   0: 0x80002f60 (0x00a15893) srli    a7, sp, 10
core   0: 3 0x80002f60 (0x00a15893) x17 0x00000000
core   0: 0x80002f64 (0x02de1fb3) mulh    t6, t3, a3
core   0: 3 0x80002f64 (0x02de1fb3) x31 0x036c4562
core   0: 0x80002f68 (0x3e360013) addi    zero, a2, 995
core   0: 3 0x80002f68 (0x3e360013)
core   0: 0x80002f6c (0x039bd6b3) divu    a3, s7, s9
core   0: 3 0x80002f6c (0x039bd6b3) x13 0xffffffff
core   0: 0x80002f70 (0x01fd1933) sll     s2, s10, t6
core   0: 3 0x80002f70 (0x01fd1933) x18 0x00000000
core   0: 0x80002f74 (0xa838cb13) xori    s6, a7, -1405
core   0: 3 0x80002f74 (0xa838cb13) x22 0xfffffa83
core   0: 0x80002f78 (0x037c10b3) mulh    ra, s8, s7
core   0: 3 0x80002f78 (0x037c10b3) x 1 0x00000000
core   0: 0x80002f7c (0x000b21b3) slt     gp, s6, zero
core   0: 3 0x80002f7c (0x000b21b3) x 3 0x00000001
core   0: 0x80002f80 (0x00840ab3) add     s5, s0, s0
core   0: 3 0x80002f80 (0x00840ab3) x21 0xd96f7eb0
core   0: 0x80002f84 (0xdbebbd13) sltiu   s10, s7, -578
core   0: 3 0x80002f84 (0xdbebbd13) x26 0x00000001
core   0: 0x80002f88 (0x02e35eb3) divu    t4, t1, a4
core   0: 3 0x80002f88 (0x02e35eb3) x29 0xffffffff
core   0: 0x80002f8c (0x0393e033) rem     zero, t2, s9
core   0: 3 0x80002f8c (0x0393e033)
core   0: 0x80002f90 (0xd4827493) andi    s1, tp, -696
core   0: 3 0x80002f90 (0xd4827493) x 9 0xfffffc40
core   0: 0x80002f94 (0x0205a733) mulhsu  a4, a1, zero
core   0: 3 0x80002f94 (0x0205a733) x14 0x00000000
core   0: 0x80002f98 (0x01972933) slt     s2, a4, s9
core   0: 3 0x80002f98 (0x01972933) x18 0x00000000
core   0: 0x80002f9c (0x02d9bbb3) mulhu   s7, s3, a3
core   0: 3 0x80002f9c (0x02d9bbb3) x23 0x00000000
core   0: 0x80002fa0 (0x02f2f5b3) remu    a1, t0, a5
core   0: 3 0x80002fa0 (0x02f2f5b3) x11 0x03194f2c
core   0: 0x80002fa4 (0x752ae913) ori     s2, s5, 1874
core   0: 3 0x80002fa4 (0x752ae913) x18 0xd96f7ff2
core   0: 0x80002fa8 (0x037077b3) remu    a5, zero, s7
core   0: 3 0x80002fa8 (0x037077b3) x15 0x00000000
core   0: 0x80002fac (0x421f3513) sltiu   a0, t5, 1057
core   0: 3 0x80002fac (0x421f3513) x10 0x00000000
core   0: 0x80002fb0 (0x4e714b93) xori    s7, sp, 1255
core   0: 3 0x80002fb0 (0x4e714b93) x23 0x000004ef
core   0: 0x80002fb4 (0x0363fdb3) remu    s11, t2, s6
core   0: 3 0x80002fb4 (0x0363fdb3) x27 0x00000000
core   0: 0x80002fb8 (0xf2a1f493) andi    s1, gp, -214
core   0: 3 0x80002fb8 (0xf2a1f493) x 9 0x00000000
core   0: 0x80002fbc (0x03aeaa33) mulhsu  s4, t4, s10
core   0: 3 0x80002fbc (0x03aeaa33) x20 0xffffffff
core   0: 0x80002fc0 (0xf18bcd13) xori    s10, s7, -232
core   0: 3 0x80002fc0 (0xf18bcd13) x26 0xfffffbf7
core   0: 0x80002fc4 (0x00ce1b33) sll     s6, t3, a2
core   0: 3 0x80002fc4 (0x00ce1b33) x22 0x80018ce4
core   0: 0x80002fc8 (0x01e2d6b3) srl     a3, t0, t5
core   0: 3 0x80002fc8 (0x01e2d6b3) x13 0x00000001
core   0: 0x80002fcc (0x02e697b3) mulh    a5, a3, a4
core   0: 3 0x80002fcc (0x02e697b3) x15 0x00000000
core   0: 0x80002fd0 (0x8c614613) xori    a2, sp, -1850
core   0: 3 0x80002fd0 (0x8c614613) x12 0xfffff8ce
core   0: 0x80002fd4 (0x03265a33) divu    s4, a2, s2
core   0: 3 0x80002fd4 (0x03265a33) x20 0x00000001
core   0: 0x80002fd8 (0x0345f333) remu    t1, a1, s4
core   0: 3 0x80002fd8 (0x0345f333) x 6 0x00000000
core   0: 0x80002fdc (0x0066f733) and     a4, a3, t1
core   0: 3 0x80002fdc (0x0066f733) x14 0x00000000
core   0: 0x80002fe0 (0x01cedb13) srli    s6, t4, 28
core   0: 3 0x80002fe0 (0x01cedb13) x22 0x0000000f
core   0: 0x80002fe4 (0x01bfc6b3) xor     a3, t6, s11
core   0: 3 0x80002fe4 (0x01bfc6b3) x13 0x036c4562
core   0: 0x80002fe8 (0x02cdb333) mulhu   t1, s11, a2
core   0: 3 0x80002fe8 (0x02cdb333) x 6 0x00000000
core   0: 0x80002fec (0x02746833) rem     a6, s0, t2
core   0: 3 0x80002fec (0x02746833) x16 0x6cb7bf58
core   0: 0x80002ff0 (0x0337b6b3) mulhu   a3, a5, s3
core   0: 3 0x80002ff0 (0x0337b6b3) x13 0x00000000
core   0: 0x80002ff4 (0x033467b3) rem     a5, s0, s3
core   0: 3 0x80002ff4 (0x033467b3) x15 0x6cb7bf58
core   0: 0x80002ff8 (0x00bfaf33) slt     t5, t6, a1
core   0: 3 0x80002ff8 (0x00bfaf33) x30 0x00000000
core   0: 0x80002ffc (0x00000013) nop
core   0: 3 0x80002ffc (0x00000013)
core   0: 0x80003000 (0x00a9f6b3) and     a3, s3, a0
core   0: 3 0x80003000 (0x00a9f6b3) x13 0x00000000
core   0: 0x80003004 (0x70707093) andi    ra, zero, 1799
core   0: 3 0x80003004 (0x70707093) x 1 0x00000000
core   0: 0x80003008 (0x03b52533) mulhsu  a0, a0, s11
core   0: 3 0x80003008 (0x03b52533) x10 0x00000000
core   0: 0x8000300c (0x027f8d33) mul     s10, t6, t2
core   0: 3 0x8000300c (0x027f8d33) x26 0x00000000
core   0: 0x80003010 (0x903d2c93) slti    s9, s10, -1789
core   0: 3 0x80003010 (0x903d2c93) x25 0x00000000
core   0: 0x80003014 (0x019e6a33) or      s4, t3, s9
core   0: 3 0x80003014 (0x019e6a33) x20 0x80018ce4
core   0: 0x80003018 (0x033329b3) mulhsu  s3, t1, s3
core   0: 3 0x80003018 (0x033329b3) x19 0x00000000
core   0: 0x8000301c (0x03912933) mulhsu  s2, sp, s9
core   0: 3 0x8000301c (0x03912933) x18 0x00000000
core   0: 0x80003020 (0xfd6f3713) sltiu   a4, t5, -42
core   0: 3 0x80003020 (0xfd6f3713) x14 0x00000001
core   0: 0x80003024 (0x037739b3) mulhu   s3, a4, s7
core   0: 3 0x80003024 (0x037739b3) x19 0x00000000
core   0: 0x80003028 (0x00000013) nop
core   0: 3 0x80003028 (0x00000013)
core   0: 0x8000302c (0x031069b3) rem     s3, zero, a7
core   0: 3 0x8000302c (0x031069b3) x19 0x00000000
core   0: 0x80003030 (0xc32aca13) xori    s4, s5, -974
core   0: 3 0x80003030 (0xc32aca13) x20 0x26908282
core   0: 0x80003034 (0x005dc4b3) xor     s1, s11, t0
core   0: 3 0x80003034 (0x005dc4b3) x 9 0x80014e64
core   0: 0x80003038 (0x03e0feb3) remu    t4, ra, t5
core   0: 3 0x80003038 (0x03e0feb3) x29 0x00000000
core   0: 0x8000303c (0x41fe8633) sub     a2, t4, t6
core   0: 3 0x8000303c (0x41fe8633) x12 0xfc93ba9e
core   0: 0x80003040 (0x401dd193) srai    gp, s11, 1
core   0: 3 0x80003040 (0x401dd193) x 3 0x00000000
core   0: 0x80003044 (0x0004c6b3) xor     a3, s1, zero
core   0: 3 0x80003044 (0x0004c6b3) x13 0x80014e64
core   0: 0x80003048 (0x118f8017) auipc   zero, 0x118f8
core   0: 3 0x80003048 (0x118f8017)
core   0: 0x8000304c (0x42b77d93) andi    s11, a4, 1067
core   0: 3 0x8000304c (0x42b77d93) x27 0x00000001
core   0: 0x80003050 (0x992b6313) ori     t1, s6, -1646
core   0: 3 0x80003050 (0x992b6313) x 6 0xfffff99f
core   0: 0x80003054 (0xcc298b17) auipc   s6, 0xcc298
core   0: 3 0x80003054 (0xcc298b17) x22 0x4c29b054
core   0: 0x80003058 (0x01e59693) slli    a3, a1, 30
core   0: 3 0x80003058 (0x01e59693) x13 0x00000000
core   0: 0x8000305c (0x01c4a733) slt     a4, s1, t3
core   0: 3 0x8000305c (0x01c4a733) x14 0x00000001
core   0: 0x80003060 (0x0272ac33) mulhsu  s8, t0, t2
core   0: 3 0x80003060 (0x0272ac33) x24 0x00000000
core   0: 0x80003064 (0x00e048b3) xor     a7, zero, a4
core   0: 3 0x80003064 (0x00e048b3) x17 0x00000001
core   0: 0x80003068 (0x010726b3) slt     a3, a4, a6
core   0: 3 0x80003068 (0x010726b3) x13 0x00000001
core   0: 0x8000306c (0x00a90c33) add     s8, s2, a0
core   0: 3 0x8000306c (0x00a90c33) x24 0x00000000
core   0: 0x80003070 (0x40565693) srai    a3, a2, 5
core   0: 3 0x80003070 (0x40565693) x13 0xffe49dd4
core   0: 0x80003074 (0x004fa433) slt     s0, t6, tp
core   0: 3 0x80003074 (0x004fa433) x 8 0x00000000
core   0: 0x80003078 (0x010523b3) slt     t2, a0, a6
core   0: 3 0x80003078 (0x010523b3) x 7 0x00000001
core   0: 0x8000307c (0xeb128893) addi    a7, t0, -335
core   0: 3 0x8000307c (0xeb128893) x17 0x80014d15
core   0: 0x80003080 (0x5c9fc097) auipc   ra, 0x5c9fc
core   0: 3 0x80003080 (0x5c9fc097) x 1 0xdc9ff080
core   0: 0x80003084 (0x02260c33) mul     s8, a2, sp
core   0: 3 0x80003084 (0x02260c33) x24 0xe49dd4f0
core   0: 0x80003088 (0x029a1d33) mulh    s10, s4, s1
core   0: 3 0x80003088 (0x029a1d33) x26 0xecb7f11e
core   0: 0x8000308c (0x00eb4bb3) xor     s7, s6, a4
core   0: 3 0x8000308c (0x00eb4bb3) x23 0x4c29b055
core   0: 0x80003090 (0x00000013) nop
core   0: 3 0x80003090 (0x00000013)
core   0: 0x80003094 (0x00c36f33) or      t5, t1, a2
core   0: 3 0x80003094 (0x00c36f33) x30 0xfffffb9f
core   0: 0x80003098 (0x000c3eb3) sltu    t4, s8, zero
core   0: 3 0x80003098 (0x000c3eb3) x29 0x00000000
core   0: 0x8000309c (0x005a1d33) sll     s10, s4, t0
core   0: 3 0x8000309c (0x005a1d33) x26 0x69082820
core   0: 0x800030a0 (0xcdc3a093) slti    ra, t2, -804
core   0: 3 0x800030a0 (0xcdc3a093) x 1 0x00000000
core   0: 0x800030a4 (0x3f4fa393) slti    t2, t6, 1012
core   0: 3 0x800030a4 (0x3f4fa393) x 7 0x00000000
core   0: 0x800030a8 (0x75ea0097) auipc   ra, 0x75ea0
core   0: 3 0x800030a8 (0x75ea0097) x 1 0xf5ea30a8
core   0: 0x800030ac (0x02af3cb3) mulhu   s9, t5, a0
core   0: 3 0x800030ac (0x02af3cb3) x25 0x00000000
core   0: 0x800030b0 (0x0295c9b3) div     s3, a1, s1
core   0: 3 0x800030b0 (0x0295c9b3) x19 0x00000000
core   0: 0x800030b4 (0x02f2fa33) remu    s4, t0, a5
core   0: 3 0x800030b4 (0x02f2fa33) x20 0x13498f0c
core   0: 0x800030b8 (0x6b338313) addi    t1, t2, 1715
core   0: 3 0x800030b8 (0x6b338313) x 6 0x000006b3
core   0: 0x800030bc (0x01e6a6b3) slt     a3, a3, t5
core   0: 3 0x800030bc (0x01e6a6b3) x13 0x00000001
core   0: 0x800030c0 (0x00663b33) sltu    s6, a2, t1
core   0: 3 0x800030c0 (0x00663b33) x22 0x00000000
core   0: 0x800030c4 (0x020cfa33) remu    s4, s9, zero
core   0: 3 0x800030c4 (0x020cfa33) x20 0x00000000
core   0: 0x800030c8 (0x03a22db3) mulhsu  s11, tp, s10
core   0: 3 0x800030c8 (0x03a22db3) x27 0xfffffe7e
core   0: 0x800030cc (0x01df77b3) and     a5, t5, t4
core   0: 3 0x800030cc (0x01df77b3) x15 0x00000000
core   0: 0x800030d0 (0x01e81c13) slli    s8, a6, 30
core   0: 3 0x800030d0 (0x01e81c13) x24 0x00000000
core   0: 0x800030d4 (0x40525c33) sra     s8, tp, t0
core   0: 3 0x800030d4 (0x40525c33) x24 0xffffffc5
core   0: 0x800030d8 (0x02b7b8b3) mulhu   a7, a5, a1
core   0: 3 0x800030d8 (0x02b7b8b3) x17 0x00000000
core   0: 0x800030dc (0x41025093) srai    ra, tp, 16
core   0: 3 0x800030dc (0x41025093) x 1 0xffffffff
core   0: 0x800030e0 (0x015b7033) and     zero, s6, s5
core   0: 3 0x800030e0 (0x015b7033)
core   0: 0x800030e4 (0x00fb91b3) sll     gp, s7, a5
core   0: 3 0x800030e4 (0x00fb91b3) x 3 0x4c29b055
core   0: 0x800030e8 (0x007a9d13) slli    s10, s5, 7
core   0: 3 0x800030e8 (0x007a9d13) x26 0xb7bf5800
core   0: 0x800030ec (0x00000013) nop
core   0: 3 0x800030ec (0x00000013)
core   0: 0x800030f0 (0x004da6b3) slt     a3, s11, tp
core   0: 3 0x800030f0 (0x004da6b3) x13 0x00000000
core   0: 0x800030f4 (0xabf73eb7) lui     t4, 0xabf73
core   0: 3 0x800030f4 (0xabf73eb7) x29 0xabf73000
core   0: 0x800030f8 (0x01c28233) add     tp, t0, t3
core   0: 3 0x800030f8 (0x01c28233) x 4 0x0002db48
core   0: 0x800030fc (0x4ebe3693) sltiu   a3, t3, 1259
core   0: 3 0x800030fc (0x4ebe3693) x13 0x00000000
core   0: 0x80003100 (0x0161bfb3) sltu    t6, gp, s6
core   0: 3 0x80003100 (0x0161bfb3) x31 0x00000000
core   0: 0x80003104 (0x1deaab93) slti    s7, s5, 478
core   0: 3 0x80003104 (0x1deaab93) x23 0x00000001
core   0: 0x80003108 (0x40065733) sra     a4, a2, zero
core   0: 3 0x80003108 (0x40065733) x14 0xfc93ba9e
core   0: 0x8000310c (0x00d3d1b3) srl     gp, t2, a3
core   0: 3 0x8000310c (0x00d3d1b3) x 3 0x00000000
core   0: 0x80003110 (0x02b14233) div     tp, sp, a1
core   0: 3 0x80003110 (0x02b14233) x 4 0x00000000
core   0: 0x80003114 (0x413c5db3) sra     s11, s8, s3
core   0: 3 0x80003114 (0x413c5db3) x27 0xffffffc5
core   0: 0x80003118 (0xab93b413) sltiu   s0, t2, -1351
core   0: 3 0x80003118 (0xab93b413) x 8 0x00000001
core   0: 0x8000311c (0x55ef4593) xori    a1, t5, 1374
core   0: 3 0x8000311c (0x55ef4593) x11 0xfffffec1
core   0: 0x80003120 (0xc58fab97) auipc   s7, 0xc58fa
core   0: 3 0x80003120 (0xc58fab97) x23 0x458fd120
core   0: 0x80003124 (0x03f8c633) div     a2, a7, t6
core   0: 3 0x80003124 (0x03f8c633) x12 0xffffffff
core   0: 0x80003128 (0x01bc9ab3) sll     s5, s9, s11
core   0: 3 0x80003128 (0x01bc9ab3) x21 0x00000000
core   0: 0x8000312c (0x3aeac413) xori    s0, s5, 942
core   0: 3 0x8000312c (0x3aeac413) x 8 0x000003ae
core   0: 0x80003130 (0x01b41913) slli    s2, s0, 27
core   0: 3 0x80003130 (0x01b41913) x18 0x70000000
core   0: 0x80003134 (0x03691ab3) mulh    s5, s2, s6
core   0: 3 0x80003134 (0x03691ab3) x21 0x00000000
core   0: 0x80003138 (0x0289a233) mulhsu  tp, s3, s0
core   0: 3 0x80003138 (0x0289a233) x 4 0x00000000
core   0: 0x8000313c (0x00909a33) sll     s4, ra, s1
core   0: 3 0x8000313c (0x00909a33) x20 0xfffffff0
core   0: 0x80003140 (0x006674b3) and     s1, a2, t1
core   0: 3 0x80003140 (0x006674b3) x 9 0x000006b3
core   0: 0x80003144 (0x00aa07b3) add     a5, s4, a0
core   0: 3 0x80003144 (0x00aa07b3) x15 0xfffffff0
core   0: 0x80003148 (0x01b08c33) add     s8, ra, s11
core   0: 3 0x80003148 (0x01b08c33) x24 0xffffffc4
core   0: 0x8000314c (0x0131dcb3) srl     s9, gp, s3
core   0: 3 0x8000314c (0x0131dcb3) x25 0x00000000
core   0: 0x80003150 (0x01472b33) slt     s6, a4, s4
core   0: 3 0x80003150 (0x01472b33) x22 0x00000001
core   0: 0x80003154 (0x7cf5f437) lui     s0, 0x7cf5f
core   0: 3 0x80003154 (0x7cf5f437) x 8 0x7cf5f000
core   0: 0x80003158 (0x620a2893) slti    a7, s4, 1568
core   0: 3 0x80003158 (0x620a2893) x17 0x00000001
core   0: 0x8000315c (0x03e181b3) mul     gp, gp, t5
core   0: 3 0x8000315c (0x03e181b3) x 3 0x00000000
core   0: 0x80003160 (0x0318c4b3) div     s1, a7, a7
core   0: 3 0x80003160 (0x0318c4b3) x 9 0x00000001
core   0: 0x80003164 (0x02279033) mulh    zero, a5, sp
core   0: 3 0x80003164 (0x02279033)
core   0: 0x80003168 (0x41a0db93) srai    s7, ra, 26
core   0: 3 0x80003168 (0x41a0db93) x23 0xffffffff
core   0: 0x8000316c (0x80e07a13) andi    s4, zero, -2034
core   0: 3 0x8000316c (0x80e07a13) x20 0x00000000
core   0: 0x80003170 (0x418ab013) sltiu   zero, s5, 1048
core   0: 3 0x80003170 (0x418ab013)
core   0: 0x80003174 (0x7bcd3213) sltiu   tp, s10, 1980
core   0: 3 0x80003174 (0x7bcd3213) x 4 0x00000000
core   0: 0x80003178 (0x0384dbb3) divu    s7, s1, s8
core   0: 3 0x80003178 (0x0384dbb3) x23 0x00000000
core   0: 0x8000317c (0x01d8a9b3) slt     s3, a7, t4
core   0: 3 0x8000317c (0x01d8a9b3) x19 0x00000000
core   0: 0x80003180 (0x00aaf733) and     a4, s5, a0
core   0: 3 0x80003180 (0x00aaf733) x14 0x00000000
core   0: 0x80003184 (0xf5d1f313) andi    t1, gp, -163
core   0: 3 0x80003184 (0xf5d1f313) x 6 0x00000000
core   0: 0x80003188 (0x02c2a633) mulhsu  a2, t0, a2
core   0: 3 0x80003188 (0x02c2a633) x12 0x80014e64
core   0: 0x8000318c (0x0086d033) srl     zero, a3, s0
core   0: 3 0x8000318c (0x0086d033)
core   0: 0x80003190 (0x02ea1633) mulh    a2, s4, a4
core   0: 3 0x80003190 (0x02ea1633) x12 0x00000000
core   0: 0x80003194 (0x82c2ff13) andi    t5, t0, -2004
core   0: 3 0x80003194 (0x82c2ff13) x30 0x80014824
core   0: 0x80003198 (0x00c6c9b3) xor     s3, a3, a2
core   0: 3 0x80003198 (0x00c6c9b3) x19 0x00000000
core   0: 0x8000319c (0x01c1a233) slt     tp, gp, t3
core   0: 3 0x8000319c (0x01c1a233) x 4 0x00000000
core   0: 0x800031a0 (0x00d39b93) slli    s7, t2, 13
core   0: 3 0x800031a0 (0x00d39b93) x23 0x00000000
core   0: 0x800031a4 (0x0002d733) srl     a4, t0, zero
core   0: 3 0x800031a4 (0x0002d733) x14 0x80014e64
core   0: 0x800031a8 (0x01b7ca33) xor     s4, a5, s11
core   0: 3 0x800031a8 (0x01b7ca33) x20 0x00000035
core   0: 0x800031ac (0x034a4593) xori    a1, s4, 52
core   0: 3 0x800031ac (0x034a4593) x11 0x00000001
core   0: 0x800031b0 (0x00803833) snez    a6, s0
core   0: 3 0x800031b0 (0x00803833) x16 0x00000001
core   0: 0x800031b4 (0x22fb70b7) lui     ra, 0x22fb7
core   0: 3 0x800031b4 (0x22fb70b7) x 1 0x22fb7000
core   0: 0x800031b8 (0x00258633) add     a2, a1, sp
core   0: 3 0x800031b8 (0x00258633) x12 0x00000009
core   0: 0x800031bc (0x014ce4b3) or      s1, s9, s4
core   0: 3 0x800031bc (0x014ce4b3) x 9 0x00000035
core   0: 0x800031c0 (0x410b8933) sub     s2, s7, a6
core   0: 3 0x800031c0 (0x410b8933) x18 0xffffffff
core   0: 0x800031c4 (0x0346feb3) remu    t4, a3, s4
core   0: 3 0x800031c4 (0x0346feb3) x29 0x00000000
core   0: 0x800031c8 (0x02cab8b3) mulhu   a7, s5, a2
core   0: 3 0x800031c8 (0x02cab8b3) x17 0x00000000
core   0: 0x800031cc (0x0002bfb3) sltu    t6, t0, zero
core   0: 3 0x800031cc (0x0002bfb3) x31 0x00000000
core   0: 0x800031d0 (0x01b63a33) sltu    s4, a2, s11
core   0: 3 0x800031d0 (0x01b63a33) x20 0x00000001
core   0: 0x800031d4 (0x02423a33) mulhu   s4, tp, tp
core   0: 3 0x800031d4 (0x02423a33) x20 0x00000000
core   0: 0x800031d8 (0x02735533) divu    a0, t1, t2
core   0: 3 0x800031d8 (0x02735533) x10 0xffffffff
core   0: 0x800031dc (0x01ac5913) srli    s2, s8, 26
core   0: 3 0x800031dc (0x01ac5913) x18 0x0000003f
core   0: 0x800031e0 (0x01c7f1b3) and     gp, a5, t3
core   0: 3 0x800031e0 (0x01c7f1b3) x 3 0x80018ce0
core   0: 0x800031e4 (0x009d69b3) or      s3, s10, s1
core   0: 3 0x800031e4 (0x009d69b3) x19 0xb7bf5835
core   0: 0x800031e8 (0xca3bbe93) sltiu   t4, s7, -861
core   0: 3 0x800031e8 (0xca3bbe93) x29 0x00000001
core   0: 0x800031ec (0x40e208b3) sub     a7, tp, a4
core   0: 3 0x800031ec (0x40e208b3) x17 0x7ffeb19c
core   0: 0x800031f0 (0x003ede93) srli    t4, t4, 3
core   0: 3 0x800031f0 (0x003ede93) x29 0x00000000
core   0: 0x800031f4 (0x40f4deb3) sra     t4, s1, a5
core   0: 3 0x800031f4 (0x40f4deb3) x29 0x00000000
core   0: 0x800031f8 (0x02f1dc33) divu    s8, gp, a5
core   0: 3 0x800031f8 (0x02f1dc33) x24 0x00000000
core   0: 0x800031fc (0x02195733) divu    a4, s2, ra
core   0: 3 0x800031fc (0x02195733) x14 0x00000000
core   0: 0x80003200 (0x037db033) mulhu   zero, s11, s7
core   0: 3 0x80003200 (0x037db033)
core   0: 0x80003204 (0x03ff5833) divu    a6, t5, t6
core   0: 3 0x80003204 (0x03ff5833) x16 0xffffffff
core   0: 0x80003208 (0x01cca833) slt     a6, s9, t3
core   0: 3 0x80003208 (0x01cca833) x16 0x00000000
core   0: 0x8000320c (0x87ad3213) sltiu   tp, s10, -1926
core   0: 3 0x8000320c (0x87ad3213) x 4 0x00000001
core   0: 0x80003210 (0x00646f33) or      t5, s0, t1
core   0: 3 0x80003210 (0x00646f33) x30 0x7cf5f000
core   0: 0x80003214 (0x02011533) mulh    a0, sp, zero
core   0: 3 0x80003214 (0x02011533) x10 0x00000000
core   0: 0x80003218 (0x0183d193) srli    gp, t2, 24
core   0: 3 0x80003218 (0x0183d193) x 3 0x00000000
core   0: 0x8000321c (0x79b27193) andi    gp, tp, 1947
core   0: 3 0x8000321c (0x79b27193) x 3 0x00000001
core   0: 0x80003220 (0x01415333) srl     t1, sp, s4
core   0: 3 0x80003220 (0x01415333) x 6 0x00000008
core   0: 0x80003224 (0x00000013) nop
core   0: 3 0x80003224 (0x00000013)
core   0: 0x80003228 (0x0104b933) sltu    s2, s1, a6
core   0: 3 0x80003228 (0x0104b933) x18 0x00000000
core   0: 0x8000322c (0x036607b3) mul     a5, a2, s6
core   0: 3 0x8000322c (0x036607b3) x15 0x00000009
core   0: 0x80003230 (0x0090a233) slt     tp, ra, s1
core   0: 3 0x80003230 (0x0090a233) x 4 0x00000000
core   0: 0x80003234 (0x330cb013) sltiu   zero, s9, 816
core   0: 3 0x80003234 (0x330cb013)
core   0: 0x80003238 (0x41edd9b3) sra     s3, s11, t5
core   0: 3 0x80003238 (0x41edd9b3) x19 0xffffffc5
core   0: 0x8000323c (0x4164dd93) srai    s11, s1, 22
core   0: 3 0x8000323c (0x4164dd93) x27 0x00000000
core   0: 0x80003240 (0x037d8333) mul     t1, s11, s7
core   0: 3 0x80003240 (0x037d8333) x 6 0x00000000
core   0: 0x80003244 (0x93377793) andi    a5, a4, -1741
core   0: 3 0x80003244 (0x93377793) x15 0x00000000
core   0: 0x80003248 (0x023b6533) rem     a0, s6, gp
core   0: 3 0x80003248 (0x023b6533) x10 0x00000000
core   0: 0x8000324c (0x41fa0033) sub     zero, s4, t6
core   0: 3 0x8000324c (0x41fa0033)
core   0: 0x80003250 (0x00c6f233) and     tp, a3, a2
core   0: 3 0x80003250 (0x00c6f233) x 4 0x00000000
core   0: 0x80003254 (0xed78b617) auipc   a2, 0xed78b
core   0: 3 0x80003254 (0xed78b617) x12 0x6d78e254
core   0: 0x80003258 (0x00a6e8b3) or      a7, a3, a0
core   0: 3 0x80003258 (0x00a6e8b3) x17 0x00000000
core   0: 0x8000325c (0x01ee5fb3) srl     t6, t3, t5
core   0: 3 0x8000325c (0x01ee5fb3) x31 0x80018ce4
core   0: 0x80003260 (0x02886233) rem     tp, a6, s0
core   0: 3 0x80003260 (0x02886233) x 4 0x00000000
core   0: 0x80003264 (0x0228a4b3) mulhsu  s1, a7, sp
core   0: 3 0x80003264 (0x0228a4b3) x 9 0x00000000
core   0: 0x80003268 (0x0025c3b3) xor     t2, a1, sp
core   0: 3 0x80003268 (0x0025c3b3) x 7 0x00000009
core   0: 0x8000326c (0x016770b3) and     ra, a4, s6
core   0: 3 0x8000326c (0x016770b3) x 1 0x00000000
core   0: 0x80003270 (0x00000013) nop
core   0: 3 0x80003270 (0x00000013)
core   0: 0x80003274 (0x843af713) andi    a4, s5, -1981
core   0: 3 0x80003274 (0x843af713) x14 0x00000000
core   0: 0x80003278 (0xc532e313) ori     t1, t0, -941
core   0: 3 0x80003278 (0xc532e313) x 6 0xfffffe77
core   0: 0x8000327c (0x0d507013) andi    zero, zero, 213
core   0: 3 0x8000327c (0x0d507013)
core   0: 0x80003280 (0x41cd53b3) sra     t2, s10, t3
core   0: 3 0x80003280 (0x41cd53b3) x 7 0xfb7bf580
core   0: 0x80003284 (0x03d968b3) rem     a7, s2, t4
core   0: 3 0x80003284 (0x03d968b3) x17 0x00000000
core   0: 0x80003288 (0x400459b3) sra     s3, s0, zero
core   0: 3 0x80003288 (0x400459b3) x19 0x7cf5f000
core   0: 0x8000328c (0x00301493) slli    s1, zero, 3
core   0: 3 0x8000328c (0x00301493) x 9 0x00000000
core   0: 0x80003290 (0x90eb6313) ori     t1, s6, -1778
core   0: 3 0x80003290 (0x90eb6313) x 6 0xfffff90f
core   0: 0x80003294 (0x03c85933) divu    s2, a6, t3
core   0: 3 0x80003294 (0x03c85933) x18 0x00000000
core   0: 0x80003298 (0x03233f33) mulhu   t5, t1, s2
core   0: 3 0x80003298 (0x03233f33) x30 0x00000000
core   0: 0x8000329c (0x40d007b3) sub     a5, zero, a3
core   0: 3 0x8000329c (0x40d007b3) x15 0x00000000
core   0: 0x800032a0 (0x002fd733) srl     a4, t6, sp
core   0: 3 0x800032a0 (0x002fd733) x14 0x0080018c
core   0: 0x800032a4 (0x0195e1b3) or      gp, a1, s9
core   0: 3 0x800032a4 (0x0195e1b3) x 3 0x00000001
core   0: 0x800032a8 (0x03400333) mul     t1, zero, s4
core   0: 3 0x800032a8 (0x03400333) x 6 0x00000000
core   0: 0x800032ac (0x03696cb3) rem     s9, s2, s6
core   0: 3 0x800032ac (0x03696cb3) x25 0x00000000
core   0: 0x800032b0 (0x001dd933) srl     s2, s11, ra
core   0: 3 0x800032b0 (0x001dd933) x18 0x00000000
core   0: 0x800032b4 (0x01f42533) slt     a0, s0, t6
core   0: 3 0x800032b4 (0x01f42533) x10 0x00000000
core   0: 0x800032b8 (0x40605cb3) sra     s9, zero, t1
core   0: 3 0x800032b8 (0x40605cb3) x25 0x00000000
core   0: 0x800032bc (0x011f1b93) slli    s7, t5, 17
core   0: 3 0x800032bc (0x011f1b93) x23 0x00000000
core   0: 0x800032c0 (0xc9dcc617) auipc   a2, 0xc9dcc
core   0: 3 0x800032c0 (0xc9dcc617) x12 0x49dcf2c0
core   0: 0x800032c4 (0x1e4aa513) slti    a0, s5, 484
core   0: 3 0x800032c4 (0x1e4aa513) x10 0x00000001
core   0: 0x800032c8 (0x72036ab7) lui     s5, 0x72036
core   0: 3 0x800032c8 (0x72036ab7) x21 0x72036000
core   0: 0x800032cc (0x0299d0b3) divu    ra, s3, s1
core   0: 3 0x800032cc (0x0299d0b3) x 1 0xffffffff
core   0: 0x800032d0 (0xd48fb737) lui     a4, 0xd48fb
core   0: 3 0x800032d0 (0xd48fb737) x14 0xd48fb000
core   0: 0x800032d4 (0x410e5db3) sra     s11, t3, a6
core   0: 3 0x800032d4 (0x410e5db3) x27 0x80018ce4
core   0: 0x800032d8 (0x02d4ebb3) rem     s7, s1, a3
core   0: 3 0x800032d8 (0x02d4ebb3) x23 0x00000000
core   0: 0x800032dc (0x02bdd1b3) divu    gp, s11, a1
core   0: 3 0x800032dc (0x02bdd1b3) x 3 0x80018ce4
core   0: 0x800032e0 (0x00000013) nop
core   0: 3 0x800032e0 (0x00000013)
core   0: 0x800032e4 (0x72d0a593) slti    a1, ra, 1837
core   0: 3 0x800032e4 (0x72d0a593) x11 0x00000001
core   0: 0x800032e8 (0x004a3db3) sltu    s11, s4, tp
core   0: 3 0x800032e8 (0x004a3db3) x27 0x00000000
core   0: 0x800032ec (0x41685d13) srai    s10, a6, 22
core   0: 3 0x800032ec (0x41685d13) x26 0x00000000
core   0: 0x800032f0 (0x0057b533) sltu    a0, a5, t0
core   0: 3 0x800032f0 (0x0057b533) x10 0x00000001
core   0: 0x800032f4 (0x40380eb3) sub     t4, a6, gp
core   0: 3 0x800032f4 (0x40380eb3) x29 0x7ffe731c
core   0: 0x800032f8 (0x028fd7b3) divu    a5, t6, s0
core   0: 3 0x800032f8 (0x028fd7b3) x15 0x00000001
core   0: 0x800032fc (0x002c27b3) slt     a5, s8, sp
core   0: 3 0x800032fc (0x002c27b3) x15 0x00000001
core   0: 0x80003300 (0x033d1233) mulh    tp, s10, s3
core   0: 3 0x80003300 (0x033d1233) x 4 0x00000000
core   0: 0x80003304 (0x41e1dab3) sra     s5, gp, t5
core   0: 3 0x80003304 (0x41e1dab3) x21 0x80018ce4
core   0: 0x80003308 (0x0253d733) divu    a4, t2, t0
core   0: 3 0x80003308 (0x0253d733) x14 0x00000001
core   0: 0x8000330c (0x41828a33) sub     s4, t0, s8
core   0: 3 0x8000330c (0x41828a33) x20 0x80014e64
core   0: 0x80003310 (0x4e648ab7) lui     s5, 0x4e648
core   0: 3 0x80003310 (0x4e648ab7) x21 0x4e648000
core   0: 0x80003314 (0x002546b3) xor     a3, a0, sp
core   0: 3 0x80003314 (0x002546b3) x13 0x00000009
core   0: 0x80003318 (0x02cc0eb3) mul     t4, s8, a2
core   0: 3 0x80003318 (0x02cc0eb3) x29 0x00000000
core   0: 0x8000331c (0x41e08a33) sub     s4, ra, t5
core   0: 3 0x8000331c (0x41e08a33) x20 0xffffffff
core   0: 0x80003320 (0x827aab13) slti    s6, s5, -2009
core   0: 3 0x80003320 (0x827aab13) x22 0x00000000
core   0: 0x80003324 (0xccfb6693) ori     a3, s6, -817
core   0: 3 0x80003324 (0xccfb6693) x13 0xfffffccf
core   0: 0x80003328 (0x418983b3) sub     t2, s3, s8
core   0: 3 0x80003328 (0x418983b3) x 7 0x7cf5f000
core   0: 0x8000332c (0xa52f4013) xori    zero, t5, -1454
core   0: 3 0x8000332c (0xa52f4013)
core   0: 0x80003330 (0x02088ab3) mul     s5, a7, zero
core   0: 3 0x80003330 (0x02088ab3) x21 0x00000000
core   0: 0x80003334 (0x00f7cdb3) xor     s11, a5, a5
core   0: 3 0x80003334 (0x00f7cdb3) x27 0x00000000
core   0: 0x80003338 (0x03753233) mulhu   tp, a0, s7
core   0: 3 0x80003338 (0x03753233) x 4 0x00000000
core   0: 0x8000333c (0x41f15a33) sra     s4, sp, t6
core   0: 3 0x8000333c (0x41f15a33) x20 0x00000000
core   0: 0x80003340 (0x00865f13) srli    t5, a2, 8
core   0: 3 0x80003340 (0x00865f13) x30 0x0049dcf2
core   0: 0x80003344 (0x7dbfcd13) xori    s10, t6, 2011
core   0: 3 0x80003344 (0x7dbfcd13) x26 0x80018b3f
core   0: 0x80003348 (0x0329cf33) div     t5, s3, s2
core   0: 3 0x80003348 (0x0329cf33) x30 0xffffffff
core   0: 0x8000334c (0x0156a033) slt     zero, a3, s5
core   0: 3 0x8000334c (0x0156a033)
core   0: 0x80003350 (0xf567bf97) auipc   t6, 0xf567b
core   0: 3 0x80003350 (0xf567bf97) x31 0x7567e350
core   0: 0x80003354 (0x012dbcb3) sltu    s9, s11, s2
core   0: 3 0x80003354 (0x012dbcb3) x25 0x00000000
core   0: 0x80003358 (0x002af333) and     t1, s5, sp
core   0: 3 0x80003358 (0x002af333) x 6 0x00000000
core   0: 0x8000335c (0x01db8d33) add     s10, s7, t4
core   0: 3 0x8000335c (0x01db8d33) x26 0x00000000
core   0: 0x80003360 (0x00000013) nop
core   0: 3 0x80003360 (0x00000013)
core   0: 0x80003364 (0xdd41c217) auipc   tp, 0xdd41c
core   0: 3 0x80003364 (0xdd41c217) x 4 0x5d41f364
core   0: 0x80003368 (0x02331233) mulh    tp, t1, gp
core   0: 3 0x80003368 (0x02331233) x 4 0x00000000
core   0: 0x8000336c (0x004421b3) slt     gp, s0, tp
core   0: 3 0x8000336c (0x004421b3) x 3 0x00000000
core   0: 0x80003370 (0x02f65f33) divu    t5, a2, a5
core   0: 3 0x80003370 (0x02f65f33) x30 0x49dcf2c0
core   0: 0x80003374 (0x000236b3) sltu    a3, tp, zero
core   0: 3 0x80003374 (0x000236b3) x13 0x00000000
core   0: 0x80003378 (0x00983cb3) sltu    s9, a6, s1
core   0: 3 0x80003378 (0x00983cb3) x25 0x00000000
core   0: 0x8000337c (0x0327ed33) rem     s10, a5, s2
core   0: 3 0x8000337c (0x0327ed33) x26 0x00000001
core   0: 0x80003380 (0x012b1733) sll     a4, s6, s2
core   0: 3 0x80003380 (0x012b1733) x14 0x00000000
core   0: 0x80003384 (0x00c111b3) sll     gp, sp, a2
core   0: 3 0x80003384 (0x00c111b3) x 3 0x00000008
core   0: 0x80003388 (0x00000013) nop
core   0: 3 0x80003388 (0x00000013)
core   0: 0x8000338c (0x41b55013) srai    zero, a0, 27
core   0: 3 0x8000338c (0x41b55013)
core   0: 0x80003390 (0x01e62b33) slt     s6, a2, t5
core   0: 3 0x80003390 (0x01e62b33) x22 0x00000000
core   0: 0x80003394 (0x01e915b3) sll     a1, s2, t5
core   0: 3 0x80003394 (0x01e915b3) x11 0x00000000
core   0: 0x80003398 (0x03f18233) mul     tp, gp, t6
core   0: 3 0x80003398 (0x03f18233) x 4 0xab3f1a80
core   0: 0x8000339c (0xe3bc5a17) auipc   s4, 0xe3bc5
core   0: 3 0x8000339c (0xe3bc5a17) x20 0x63bc839c
core   0: 0x800033a0 (0x00f8e933) or      s2, a7, a5
core   0: 3 0x800033a0 (0x00f8e933) x18 0x00000001
core   0: 0x800033a4 (0x40d45793) srai    a5, s0, 13
core   0: 3 0x800033a4 (0x40d45793) x15 0x0003e7af
core   0: 0x800033a8 (0x02abed33) rem     s10, s7, a0
core   0: 3 0x800033a8 (0x02abed33) x26 0x00000000
core   0: 0x800033ac (0x5bd22a93) slti    s5, tp, 1469
core   0: 3 0x800033ac (0x5bd22a93) x21 0x00000001
core   0: 0x800033b0 (0x402b54b3) sra     s1, s6, sp
core   0: 3 0x800033b0 (0x402b54b3) x 9 0x00000000
core   0: 0x800033b4 (0x4d20b693) sltiu   a3, ra, 1234
core   0: 3 0x800033b4 (0x4d20b693) x13 0x00000000
core   0: 0x800033b8 (0x6c82b193) sltiu   gp, t0, 1736
core   0: 3 0x800033b8 (0x6c82b193) x 3 0x00000000
core   0: 0x800033bc (0x00c33633) sltu    a2, t1, a2
core   0: 3 0x800033bc (0x00c33633) x12 0x00000001
core   0: 0x800033c0 (0x0186cab3) xor     s5, a3, s8
core   0: 3 0x800033c0 (0x0186cab3) x21 0x00000000
core   0: 0x800033c4 (0x0b890d13) addi    s10, s2, 184
core   0: 3 0x800033c4 (0x0b890d13) x26 0x000000b9
core   0: 0x800033c8 (0x01cc5913) srli    s2, s8, 28
core   0: 3 0x800033c8 (0x01cc5913) x18 0x00000000
core   0: 0x800033cc (0x0352b433) mulhu   s0, t0, s5
core   0: 3 0x800033cc (0x0352b433) x 8 0x00000000
core   0: 0x800033d0 (0x02923fb3) mulhu   t6, tp, s1
core   0: 3 0x800033d0 (0x02923fb3) x31 0x00000000
core   0: 0x800033d4 (0x00000013) nop
core   0: 3 0x800033d4 (0x00000013)
core   0: 0x800033d8 (0x00000013) nop
core   0: 3 0x800033d8 (0x00000013)
core   0: 0x800033dc (0x02a28c33) mul     s8, t0, a0
core   0: 3 0x800033dc (0x02a28c33) x24 0x80014e64
core   0: 0x800033e0 (0x40885c13) srai    s8, a6, 8
core   0: 3 0x800033e0 (0x40885c13) x24 0x00000000
core   0: 0x800033e4 (0x030e30b3) mulhu   ra, t3, a6
core   0: 3 0x800033e4 (0x030e30b3) x 1 0x00000000
core   0: 0x800033e8 (0x101b4d93) xori    s11, s6, 257
core   0: 3 0x800033e8 (0x101b4d93) x27 0x00000101
core   0: 0x800033ec (0x013b6f33) or      t5, s6, s3
core   0: 3 0x800033ec (0x013b6f33) x30 0x7cf5f000
core   0: 0x800033f0 (0x016dd513) srli    a0, s11, 22
core   0: 3 0x800033f0 (0x016dd513) x10 0x00000000
core   0: 0x800033f4 (0x01e41c33) sll     s8, s0, t5
core   0: 3 0x800033f4 (0x01e41c33) x24 0x00000000
core   0: 0x800033f8 (0x02cbb733) mulhu   a4, s7, a2
core   0: 3 0x800033f8 (0x02cbb733) x14 0x00000000
core   0: 0x800033fc (0x5e2e3a97) auipc   s5, 0x5e2e3
core   0: 3 0x800033fc (0x5e2e3a97) x21 0xde2e63fc
core   0: 0x80003400 (0xe539f513) andi    a0, s3, -429
core   0: 3 0x80003400 (0xe539f513) x10 0x7cf5f000
core   0: 0x80003404 (0x00e3d013) srli    zero, t2, 14
core   0: 3 0x80003404 (0x00e3d013)
core   0: 0x80003408 (0x00777633) and     a2, a4, t2
core   0: 3 0x80003408 (0x00777633) x12 0x00000000
core   0: 0x8000340c (0x01d56ab3) or      s5, a0, t4
core   0: 3 0x8000340c (0x01d56ab3) x21 0x7cf5f000
core   0: 0x80003410 (0x002b7333) and     t1, s6, sp
core   0: 3 0x80003410 (0x002b7333) x 6 0x00000000
core   0: 0x80003414 (0x03690cb3) mul     s9, s2, s6
core   0: 3 0x80003414 (0x03690cb3) x25 0x00000000
core   0: 0x80003418 (0x00ac2833) slt     a6, s8, a0
core   0: 3 0x80003418 (0x00ac2833) x16 0x00000001
core   0: 0x8000341c (0x00e3d713) srli    a4, t2, 14
core   0: 3 0x8000341c (0x00e3d713) x14 0x0001f3d7
core   0: 0x80003420 (0x01eaf833) and     a6, s5, t5
core   0: 3 0x80003420 (0x01eaf833) x16 0x7cf5f000
core   0: 0x80003424 (0x03cca233) mulhsu  tp, s9, t3
core   0: 3 0x80003424 (0x03cca233) x 4 0x00000000
core   0: 0x80003428 (0x01c33eb3) sltu    t4, t1, t3
core   0: 3 0x80003428 (0x01c33eb3) x29 0x00000001
core   0: 0x8000342c (0x00000013) nop
core   0: 3 0x8000342c (0x00000013)
core   0: 0x80003430 (0x00000013) nop
core   0: 3 0x80003430 (0x00000013)
core   0: 0x80003434 (0x03b79db3) mulh    s11, a5, s11
core   0: 3 0x80003434 (0x03b79db3) x27 0x00000000
core   0: 0x80003438 (0x0179e0b3) or      ra, s3, s7
core   0: 3 0x80003438 (0x0179e0b3) x 1 0x7cf5f000
core   0: 0x8000343c (0xd8b30b13) addi    s6, t1, -629
core   0: 3 0x8000343c (0xd8b30b13) x22 0xfffffd8b
core   0: 0x80003440 (0x00ca75b3) and     a1, s4, a2
core   0: 3 0x80003440 (0x00ca75b3) x11 0x00000000
core   0: 0x80003444 (0x00a30db3) add     s11, t1, a0
core   0: 3 0x80003444 (0x00a30db3) x27 0x7cf5f000
core   0: 0x80003448 (0x7be04513) xori    a0, zero, 1982
core   0: 3 0x80003448 (0x7be04513) x10 0x000007be
core   0: 0x8000344c (0x02acddb3) divu    s11, s9, a0
core   0: 3 0x8000344c (0x02acddb3) x27 0x00000000
core   0: 0x80003450 (0x0330d6b3) divu    a3, ra, s3
core   0: 3 0x80003450 (0x0330d6b3) x13 0x00000001
core   0: 0x80003454 (0x3e8e7413) andi    s0, t3, 1000
core   0: 3 0x80003454 (0x3e8e7413) x 8 0x000000e0
core   0: 0x80003458 (0x01ef9f13) slli    t5, t6, 30
core   0: 3 0x80003458 (0x01ef9f13) x30 0x00000000
core   0: 0x8000345c (0x03cdeb33) rem     s6, s11, t3
core   0: 3 0x8000345c (0x03cdeb33) x22 0x00000000
core   0: 0x80003460 (0x71ec1cb7) lui     s9, 0x71ec1
core   0: 3 0x80003460 (0x71ec1cb7) x25 0x71ec1000
core   0: 0x80003464 (0x30d03193) sltiu   gp, zero, 781
core   0: 3 0x80003464 (0x30d03193) x 3 0x00000001
core   0: 0x80003468 (0x00fd1233) sll     tp, s10, a5
core   0: 3 0x80003468 (0x00fd1233) x 4 0x005c8000
core   0: 0x8000346c (0xdb63f413) andi    s0, t2, -586
core   0: 3 0x8000346c (0xdb63f413) x 8 0x7cf5f000
core   0: 0x80003470 (0x02b22ab3) mulhsu  s5, tp, a1
core   0: 3 0x80003470 (0x02b22ab3) x21 0x00000000
core   0: 0x80003474 (0xcba26613) ori     a2, tp, -838
core   0: 3 0x80003474 (0xcba26613) x12 0xfffffcba
core   0: 0x80003478 (0xa00ab493) sltiu   s1, s5, -1536
core   0: 3 0x80003478 (0xa00ab493) x 9 0x00000001
core   0: 0x8000347c (0x032e91b3) mulh    gp, t4, s2
core   0: 3 0x8000347c (0x032e91b3) x 3 0x00000000
core   0: 0x80003480 (0xeaff9897) auipc   a7, 0xeaff9
core   0: 3 0x80003480 (0xeaff9897) x17 0x6affc480
core   0: 0x80003484 (0x01f7cbb3) xor     s7, a5, t6
core   0: 3 0x80003484 (0x01f7cbb3) x23 0x0003e7af
core   0: 0x80003488 (0x033f3a33) mulhu   s4, t5, s3
core   0: 3 0x80003488 (0x033f3a33) x20 0x00000000
core   0: 0x8000348c (0x001836b3) sltu    a3, a6, ra
core   0: 3 0x8000348c (0x001836b3) x13 0x00000000
core   0: 0x80003490 (0x01bc6fb3) or      t6, s8, s11
core   0: 3 0x80003490 (0x01bc6fb3) x31 0x00000000
core   0: 0x80003494 (0xc22df393) andi    t2, s11, -990
core   0: 3 0x80003494 (0xc22df393) x 7 0x00000000
core   0: 0x80003498 (0x00551eb3) sll     t4, a0, t0
core   0: 3 0x80003498 (0x00551eb3) x29 0x00007be0
core   0: 0x8000349c (0x40de05b3) sub     a1, t3, a3
core   0: 3 0x8000349c (0x40de05b3) x11 0x80018ce4
core   0: 0x800034a0 (0x45d20613) addi    a2, tp, 1117
core   0: 3 0x800034a0 (0x45d20613) x12 0x005c845d
core   0: 0x800034a4 (0x011e24b3) slt     s1, t3, a7
core   0: 3 0x800034a4 (0x011e24b3) x 9 0x00000001
core   0: 0x800034a8 (0x0298d8b3) divu    a7, a7, s1
core   0: 3 0x800034a8 (0x0298d8b3) x17 0x6affc480
core   0: 0x800034ac (0x415809b3) sub     s3, a6, s5
core   0: 3 0x800034ac (0x415809b3) x19 0x7cf5f000
core   0: 0x800034b0 (0x03f865b3) rem     a1, a6, t6
core   0: 3 0x800034b0 (0x03f865b3) x11 0x7cf5f000
core   0: 0x800034b4 (0x72f36413) ori     s0, t1, 1839
core   0: 3 0x800034b4 (0x72f36413) x 8 0x0000072f
core   0: 0x800034b8 (0x03af74b3) remu    s1, t5, s10
core   0: 3 0x800034b8 (0x03af74b3) x 9 0x00000000
core   0: 0x800034bc (0xc12d0993) addi    s3, s10, -1006
core   0: 3 0x800034bc (0xc12d0993) x19 0xfffffccb
core   0: 0x800034c0 (0x0044de93) srli    t4, s1, 4
core   0: 3 0x800034c0 (0x0044de93) x29 0x00000000
core   0: 0x800034c4 (0x00000013) nop
core   0: 3 0x800034c4 (0x00000013)
core   0: 0x800034c8 (0x004806b3) add     a3, a6, tp
core   0: 3 0x800034c8 (0x004806b3) x13 0x7d527000
core   0: 0x800034cc (0x86236313) ori     t1, t1, -1950
core   0: 3 0x800034cc (0x86236313) x 6 0xfffff862
core   0: 0x800034d0 (0x89901817) auipc   a6, 0x89901
core   0: 3 0x800034d0 (0x89901817) x16 0x099044d0
core   0: 0x800034d4 (0x00000013) nop
core   0: 3 0x800034d4 (0x00000013)
core   0: 0x800034d8 (0x00550433) add     s0, a0, t0
core   0: 3 0x800034d8 (0x00550433) x 8 0x80015622
core   0: 0x800034dc (0xb0d5a493) slti    s1, a1, -1267
core   0: 3 0x800034dc (0xb0d5a493) x 9 0x00000000
core   0: 0x800034e0 (0x02b38833) mul     a6, t2, a1
core   0: 3 0x800034e0 (0x02b38833) x16 0x00000000
core   0: 0x800034e4 (0x01a88a33) add     s4, a7, s10
core   0: 3 0x800034e4 (0x01a88a33) x20 0x6affc539
core   0: 0x800034e8 (0x003a1693) slli    a3, s4, 3
core   0: 3 0x800034e8 (0x003a1693) x13 0x57fe29c8
core   0: 0x800034ec (0x02d8df33) divu    t5, a7, a3
core   0: 3 0x800034ec (0x02d8df33) x30 0x00000001
core   0: 0x800034f0 (0x00f05233) srl     tp, zero, a5
core   0: 3 0x800034f0 (0x00f05233) x 4 0x00000000
core   0: 0x800034f4 (0x00000013) nop
core   0: 3 0x800034f4 (0x00000013)
core   0: 0x800034f8 (0x002b44b3) xor     s1, s6, sp
core   0: 3 0x800034f8 (0x002b44b3) x 9 0x00000008
core   0: 0x800034fc (0x00ba5993) srli    s3, s4, 11
core   0: 3 0x800034fc (0x00ba5993) x19 0x000d5ff8
core   0: 0x80003500 (0x7c71a313) slti    t1, gp, 1991
core   0: 3 0x80003500 (0x7c71a313) x 6 0x00000001
core   0: 0x80003504 (0x00bdafb3) slt     t6, s11, a1
core   0: 3 0x80003504 (0x00bdafb3) x31 0x00000001
core   0: 0x80003508 (0x00000013) nop
core   0: 3 0x80003508 (0x00000013)
core   0: 0x8000350c (0x00228633) add     a2, t0, sp
core   0: 3 0x8000350c (0x00228633) x12 0x80014e6c
core   0: 0x80003510 (0x02c76b33) rem     s6, a4, a2
core   0: 3 0x80003510 (0x02c76b33) x22 0x0001f3d7
core   0: 0x80003514 (0x00817433) and     s0, sp, s0
core   0: 3 0x80003514 (0x00817433) x 8 0x00000000
core   0: 0x80003518 (0x6659b193) sltiu   gp, s3, 1637
core   0: 3 0x80003518 (0x6659b193) x 3 0x00000000
core   0: 0x8000351c (0x449f3c93) sltiu   s9, t5, 1097
core   0: 3 0x8000351c (0x449f3c93) x25 0x00000001
core   0: 0x80003520 (0x02291cb3) mulh    s9, s2, sp
core   0: 3 0x80003520 (0x02291cb3) x25 0x00000000
core   0: 0x80003524 (0x01f490b3) sll     ra, s1, t6
core   0: 3 0x80003524 (0x01f490b3) x 1 0x00000010
core   0: 0x80003528 (0x0360e533) rem     a0, ra, s6
core   0: 3 0x80003528 (0x0360e533) x10 0x00000010
core   0: 0x8000352c (0x021cf733) remu    a4, s9, ra
core   0: 3 0x8000352c (0x021cf733) x14 0x00000000
core   0: 0x80003530 (0x001c7a33) and     s4, s8, ra
core   0: 3 0x80003530 (0x001c7a33) x20 0x00000000
core   0: 0x80003534 (0x022abdb3) mulhu   s11, s5, sp
core   0: 3 0x80003534 (0x022abdb3) x27 0x00000000
core   0: 0x80003538 (0x01d0b1b3) sltu    gp, ra, t4
core   0: 3 0x80003538 (0x01d0b1b3) x 3 0x00000000
core   0: 0x8000353c (0x4e2aa013) slti    zero, s5, 1250
core   0: 3 0x8000353c (0x4e2aa013)
core   0: 0x80003540 (0xeb253593) sltiu   a1, a0, -334
core   0: 3 0x80003540 (0xeb253593) x11 0x00000001
core   0: 0x80003544 (0x634639b7) lui     s3, 0x63463
core   0: 3 0x80003544 (0x634639b7) x19 0x63463000
core   0: 0x80003548 (0x016fd4b3) srl     s1, t6, s6
core   0: 3 0x80003548 (0x016fd4b3) x 9 0x00000000
core   0: 0x8000354c (0x01dad513) srli    a0, s5, 29
core   0: 3 0x8000354c (0x01dad513) x10 0x00000000
core   0: 0x80003550 (0x01a36233) or      tp, t1, s10
core   0: 3 0x80003550 (0x01a36233) x 4 0x000000b9
core   0: 0x80003554 (0x413a8733) sub     a4, s5, s3
core   0: 3 0x80003554 (0x413a8733) x14 0x9cb9d000
core   0: 0x80003558 (0x015059b3) srl     s3, zero, s5
core   0: 3 0x80003558 (0x015059b3) x19 0x00000000
core   0: 0x8000355c (0xdc066393) ori     t2, a2, -576
core   0: 3 0x8000355c (0xdc066393) x 7 0xffffffec
core   0: 0x80003560 (0xeb402b13) slti    s6, zero, -332
core   0: 3 0x80003560 (0xeb402b13) x22 0x00000000
core   0: 0x80003564 (0xd2d6c193) xori    gp, a3, -723
core   0: 3 0x80003564 (0xd2d6c193) x 3 0xa801d4e5
core   0: 0x80003568 (0x024a9db3) mulh    s11, s5, tp
core   0: 3 0x80003568 (0x024a9db3) x27 0x00000000
core   0: 0x8000356c (0x03f021b3) mulhsu  gp, zero, t6
core   0: 3 0x8000356c (0x03f021b3) x 3 0x00000000
core   0: 0x80003570 (0x02283cb3) mulhu   s9, a6, sp
core   0: 3 0x80003570 (0x02283cb3) x25 0x00000000
core   0: 0x80003574 (0x01b5bab3) sltu    s5, a1, s11
core   0: 3 0x80003574 (0x01b5bab3) x21 0x00000000
core   0: 0x80003578 (0xead63093) sltiu   ra, a2, -339
core   0: 3 0x80003578 (0xead63093) x 1 0x00000001
core   0: 0x8000357c (0x02e9d3b3) divu    t2, s3, a4
core   0: 3 0x8000357c (0x02e9d3b3) x 7 0x00000000
core   0: 0x80003580 (0x02d0f233) remu    tp, ra, a3
core   0: 3 0x80003580 (0x02d0f233) x 4 0x00000001
core   0: 0x80003584 (0x87cc1217) auipc   tp, 0x87cc1
core   0: 3 0x80003584 (0x87cc1217) x 4 0x07cc4584
core   0: 0x80003588 (0xcd338c13) addi    s8, t2, -813
core   0: 3 0x80003588 (0xcd338c13) x24 0xfffffcd3
core   0: 0x8000358c (0xce994493) xori    s1, s2, -791
core   0: 3 0x8000358c (0xce994493) x 9 0xfffffce9
core   0: 0x80003590 (0x0085ceb3) xor     t4, a1, s0
core   0: 3 0x80003590 (0x0085ceb3) x29 0x00000001
core   0: 0x80003594 (0x012af9b3) and     s3, s5, s2
core   0: 3 0x80003594 (0x012af9b3) x19 0x00000000
core   0: 0x80003598 (0x01846a33) or      s4, s0, s8
core   0: 3 0x80003598 (0x01846a33) x20 0xfffffcd3
core   0: 0x8000359c (0x02158d33) mul     s10, a1, ra
core   0: 3 0x8000359c (0x02158d33) x26 0x00000001
core   0: 0x800035a0 (0x01e75813) srli    a6, a4, 30
core   0: 3 0x800035a0 (0x01e75813) x16 0x00000002
core   0: 0x800035a4 (0x906bfc93) andi    s9, s7, -1786
core   0: 3 0x800035a4 (0x906bfc93) x25 0x0003e106
core   0: 0x800035a8 (0x50fd3693) sltiu   a3, s10, 1295
core   0: 3 0x800035a8 (0x50fd3693) x13 0x00000001
core   0: 0x800035ac (0x034337b3) mulhu   a5, t1, s4
core   0: 3 0x800035ac (0x034337b3) x15 0x00000000
core   0: 0x800035b0 (0x01beb0b3) sltu    ra, t4, s11
core   0: 3 0x800035b0 (0x01beb0b3) x 1 0x00000000
core   0: 0x800035b4 (0x8f1dadb7) lui     s11, 0x8f1da
core   0: 3 0x800035b4 (0x8f1dadb7) x27 0x8f1da000
core   0: 0x800035b8 (0x0132f9b3) and     s3, t0, s3
core   0: 3 0x800035b8 (0x0132f9b3) x19 0x00000000
core   0: 0x800035bc (0x532a2a93) slti    s5, s4, 1330
core   0: 3 0x800035bc (0x532a2a93) x21 0x00000001
core   0: 0x800035c0 (0x030f0b33) mul     s6, t5, a6
core   0: 3 0x800035c0 (0x030f0b33) x22 0x00000002
core   0: 0x800035c4 (0x024a6cb3) rem     s9, s4, tp
core   0: 3 0x800035c4 (0x024a6cb3) x25 0xfffffcd3
core   0: 0x800035c8 (0xc6906713) ori     a4, zero, -919
core   0: 3 0x800035c8 (0xc6906713) x14 0xfffffc69
core   0: 0x800035cc (0x01c8d033) srl     zero, a7, t3
core   0: 3 0x800035cc (0x01c8d033)
core   0: 0x800035d0 (0x01d99193) slli    gp, s3, 29
core   0: 3 0x800035d0 (0x01d99193) x 3 0x00000000
core   0: 0x800035d4 (0x419c5db3) sra     s11, s8, s9
core   0: 3 0x800035d4 (0x419c5db3) x27 0xffffffff
core   0: 0x800035d8 (0x02f73733) mulhu   a4, a4, a5
core   0: 3 0x800035d8 (0x02f73733) x14 0x00000000
core   0: 0x800035dc (0x03ec35b3) mulhu   a1, s8, t5
core   0: 3 0x800035dc (0x03ec35b3) x11 0x00000000
core   0: 0x800035e0 (0x002ebab3) sltu    s5, t4, sp
core   0: 3 0x800035e0 (0x002ebab3) x21 0x00000001
core   0: 0x800035e4 (0x00841193) slli    gp, s0, 8
core   0: 3 0x800035e4 (0x00841193) x 3 0x00000000
core   0: 0x800035e8 (0x00a59533) sll     a0, a1, a0
core   0: 3 0x800035e8 (0x00a59533) x10 0x00000000
core   0: 0x800035ec (0x017c3533) sltu    a0, s8, s7
core   0: 3 0x800035ec (0x017c3533) x10 0x00000000
core   0: 0x800035f0 (0xea8a33b7) lui     t2, 0xea8a3
core   0: 3 0x800035f0 (0xea8a33b7) x 7 0xea8a3000
core   0: 0x800035f4 (0x00df37b3) sltu    a5, t5, a3
core   0: 3 0x800035f4 (0x00df37b3) x15 0x00000000
core   0: 0x800035f8 (0x0203d233) divu    tp, t2, zero
core   0: 3 0x800035f8 (0x0203d233) x 4 0xffffffff
core   0: 0x800035fc (0x0dbae6b7) lui     a3, 0xdbae
core   0: 3 0x800035fc (0x0dbae6b7) x13 0x0dbae000
core   0: 0x80003600 (0x0044dd33) srl     s10, s1, tp
core   0: 3 0x80003600 (0x0044dd33) x26 0x00000001
core   0: 0x80003604 (0x9a2b0e93) addi    t4, s6, -1630
core   0: 3 0x80003604 (0x9a2b0e93) x29 0xfffff9a4
core   0: 0x80003608 (0x40c088b3) sub     a7, ra, a2
core   0: 3 0x80003608 (0x40c088b3) x17 0x7ffeb194
core   0: 0x8000360c (0x000a4db3) xor     s11, s4, zero
core   0: 3 0x8000360c (0x000a4db3) x27 0xfffffcd3
core   0: 0x80003610 (0xefad3413) sltiu   s0, s10, -262
core   0: 3 0x80003610 (0xefad3413) x 8 0x00000001
core   0: 0x80003614 (0x00f2f533) and     a0, t0, a5
core   0: 3 0x80003614 (0x00f2f533) x10 0x00000000
core   0: 0x80003618 (0x01bdd193) srli    gp, s11, 27
core   0: 3 0x80003618 (0x01bdd193) x 3 0x0000001f
core   0: 0x8000361c (0x66bfca93) xori    s5, t6, 1643
core   0: 3 0x8000361c (0x66bfca93) x21 0x0000066a
core   0: 0x80003620 (0xfab0b313) sltiu   t1, ra, -85
core   0: 3 0x80003620 (0xfab0b313) x 6 0x00000001
core   0: 0x80003624 (0x5fff2193) slti    gp, t5, 1535
core   0: 3 0x80003624 (0x5fff2193) x 3 0x00000001
core   0: 0x80003628 (0x1f402b93) slti    s7, zero, 500
core   0: 3 0x80003628 (0x1f402b93) x23 0x00000001
core   0: 0x8000362c (0x40015233) sra     tp, sp, zero
core   0: 3 0x8000362c (0x40015233) x 4 0x00000008
core   0: 0x80003630 (0x0206feb3) remu    t4, a3, zero
core   0: 3 0x80003630 (0x0206feb3) x29 0x0dbae000
core   0: 0x80003634 (0x029bf3b3) remu    t2, s7, s1
core   0: 3 0x80003634 (0x029bf3b3) x 7 0x00000001
core   0: 0x80003638 (0x41aed433) sra     s0, t4, s10
core   0: 3 0x80003638 (0x41aed433) x 8 0x06dd7000
core   0: 0x8000363c (0x017351b3) srl     gp, t1, s7
core   0: 3 0x8000363c (0x017351b3) x 3 0x00000000
core   0: 0x80003640 (0x016fd013) srli    zero, t6, 22
core   0: 3 0x80003640 (0x016fd013)
core   0: 0x80003644 (0x03ab13b3) mulh    t2, s6, s10
core   0: 3 0x80003644 (0x03ab13b3) x 7 0x00000000
core   0: 0x80003648 (0x03e80f33) mul     t5, a6, t5
core   0: 3 0x80003648 (0x03e80f33) x30 0x00000002
core   0: 0x8000364c (0x54cab413) sltiu   s0, s5, 1356
core   0: 3 0x8000364c (0x54cab413) x 8 0x00000000
core   0: 0x80003650 (0xafd3fc93) andi    s9, t2, -1283
core   0: 3 0x80003650 (0xafd3fc93) x25 0x00000000
core   0: 0x80003654 (0x00369c13) slli    s8, a3, 3
core   0: 3 0x80003654 (0x00369c13) x24 0x6dd70000
core   0: 0x80003658 (0x41435333) sra     t1, t1, s4
core   0: 3 0x80003658 (0x41435333) x 6 0x00000000
core   0: 0x8000365c (0x01663cb3) sltu    s9, a2, s6
core   0: 3 0x8000365c (0x01663cb3) x25 0x00000000
core   0: 0x80003660 (0xfb85e513) ori     a0, a1, -72
core   0: 3 0x80003660 (0xfb85e513) x10 0xffffffb8
core   0: 0x80003664 (0x004f5793) srli    a5, t5, 4
core   0: 3 0x80003664 (0x004f5793) x15 0x00000000
core   0: 0x80003668 (0x3b79ce93) xori    t4, s3, 951
core   0: 3 0x80003668 (0x3b79ce93) x29 0x000003b7
core   0: 0x8000366c (0x01ce31b3) sltu    gp, t3, t3
core   0: 3 0x8000366c (0x01ce31b3) x 3 0x00000000
core   0: 0x80003670 (0x006db7b3) sltu    a5, s11, t1
core   0: 3 0x80003670 (0x006db7b3) x15 0x00000000
core   0: 0x80003674 (0x00ef7933) and     s2, t5, a4
core   0: 3 0x80003674 (0x00ef7933) x18 0x00000000
core   0: 0x80003678 (0x00cc3933) sltu    s2, s8, a2
core   0: 3 0x80003678 (0x00cc3933) x18 0x00000001
core   0: 0x8000367c (0xcdf44c17) auipc   s8, 0xcdf44
core   0: 3 0x8000367c (0xcdf44c17) x24 0x4df4767c
core   0: 0x80003680 (0x02ffb233) mulhu   tp, t6, a5
core   0: 3 0x80003680 (0x02ffb233) x 4 0x00000000
core   0: 0x80003684 (0x4047d4b3) sra     s1, a5, tp
core   0: 3 0x80003684 (0x4047d4b3) x 9 0x00000000
core   0: 0x80003688 (0x01523533) sltu    a0, tp, s5
core   0: 3 0x80003688 (0x01523533) x10 0x00000001
core   0: 0x8000368c (0x01f744b3) xor     s1, a4, t6
core   0: 3 0x8000368c (0x01f744b3) x 9 0x00000001
core   0: 0x80003690 (0x40cfdcb3) sra     s9, t6, a2
core   0: 3 0x80003690 (0x40cfdcb3) x25 0x00000000
core   0: 0x80003694 (0x026f8333) mul     t1, t6, t1
core   0: 3 0x80003694 (0x026f8333) x 6 0x00000000
core   0: 0x80003698 (0x0171f733) and     a4, gp, s7
core   0: 3 0x80003698 (0x0171f733) x14 0x00000000
core   0: 0x8000369c (0x037daeb3) mulhsu  t4, s11, s7
core   0: 3 0x8000369c (0x037daeb3) x29 0xffffffff
core   0: 0x800036a0 (0x7a546413) ori     s0, s0, 1957
core   0: 3 0x800036a0 (0x7a546413) x 8 0x000007a5
core   0: 0x800036a4 (0x00031f93) slli    t6, t1, 0
core   0: 3 0x800036a4 (0x00031f93) x31 0x00000000
core   0: 0x800036a8 (0xf2f63f93) sltiu   t6, a2, -209
core   0: 3 0x800036a8 (0xf2f63f93) x31 0x00000001
core   0: 0x800036ac (0x01a1d833) srl     a6, gp, s10
core   0: 3 0x800036ac (0x01a1d833) x16 0x00000000
core   0: 0x800036b0 (0x009187b3) add     a5, gp, s1
core   0: 3 0x800036b0 (0x009187b3) x15 0x00000001
core   0: 0x800036b4 (0x036681b3) mul     gp, a3, s6
core   0: 3 0x800036b4 (0x036681b3) x 3 0x1b75c000
core   0: 0x800036b8 (0x037fdeb3) divu    t4, t6, s7
core   0: 3 0x800036b8 (0x037fdeb3) x29 0x00000001
core   0: 0x800036bc (0x002b41b3) xor     gp, s6, sp
core   0: 3 0x800036bc (0x002b41b3) x 3 0x0000000a
core   0: 0x800036c0 (0x029cdfb3) divu    t6, s9, s1
core   0: 3 0x800036c0 (0x029cdfb3) x31 0x00000000
core   0: 0x800036c4 (0x038157b3) divu    a5, sp, s8
core   0: 3 0x800036c4 (0x038157b3) x15 0x00000000
core   0: 0x800036c8 (0x418fdbb3) sra     s7, t6, s8
core   0: 3 0x800036c8 (0x418fdbb3) x23 0x00000000
core   0: 0x800036cc (0x01feeab3) or      s5, t4, t6
core   0: 3 0x800036cc (0x01feeab3) x21 0x00000001
core   0: 0x800036d0 (0x02336833) rem     a6, t1, gp
core   0: 3 0x800036d0 (0x02336833) x16 0x00000000
core   0: 0x800036d4 (0x400d5213) srai    tp, s10, 0
core   0: 3 0x800036d4 (0x400d5213) x 4 0x00000001
core   0: 0x800036d8 (0xe39e3193) sltiu   gp, t3, -455
core   0: 3 0x800036d8 (0xe39e3193) x 3 0x00000001
core   0: 0x800036dc (0x004e1a93) slli    s5, t3, 4
core   0: 3 0x800036dc (0x004e1a93) x21 0x0018ce40
core   0: 0x800036e0 (0x00639a13) slli    s4, t2, 6
core   0: 3 0x800036e0 (0x00639a13) x20 0x00000000
core   0: 0x800036e4 (0x010bd713) srli    a4, s7, 16
core   0: 3 0x800036e4 (0x010bd713) x14 0x00000000
core   0: 0x800036e8 (0x008898b3) sll     a7, a7, s0
core   0: 3 0x800036e8 (0x008898b3) x17 0xffd63280
core   0: 0x800036ec (0x02f5c333) div     t1, a1, a5
core   0: 3 0x800036ec (0x02f5c333) x 6 0xffffffff
core   0: 0x800036f0 (0x01523233) sltu    tp, tp, s5
core   0: 3 0x800036f0 (0x01523233) x 4 0x00000001
core   0: 0x800036f4 (0x4f386693) ori     a3, a6, 1267
core   0: 3 0x800036f4 (0x4f386693) x13 0x000004f3
core   0: 0x800036f8 (0x008e55b3) srl     a1, t3, s0
core   0: 3 0x800036f8 (0x008e55b3) x11 0x04000c67
core   0: 0x800036fc (0x012cb6b3) sltu    a3, s9, s2
core   0: 3 0x800036fc (0x012cb6b3) x13 0x00000001
core   0: 0x80003700 (0x0119b033) sltu    zero, s3, a7
core   0: 3 0x80003700 (0x0119b033)
core   0: 0x80003704 (0x003ee533) or      a0, t4, gp
core   0: 3 0x80003704 (0x003ee533) x10 0x00000001
core   0: 0x80003708 (0x00a0a333) slt     t1, ra, a0
core   0: 3 0x80003708 (0x00a0a333) x 6 0x00000001
core   0: 0x8000370c (0x03a5eeb3) rem     t4, a1, s10
core   0: 3 0x8000370c (0x03a5eeb3) x29 0x00000000
core   0: 0x80003710 (0x0398eb33) rem     s6, a7, s9
core   0: 3 0x80003710 (0x0398eb33) x22 0xffd63280
core   0: 0x80003714 (0x00ef75b3) and     a1, t5, a4
core   0: 3 0x80003714 (0x00ef75b3) x11 0x00000000
core   0: 0x80003718 (0xbfca3697) auipc   a3, 0xbfca3
core   0: 3 0x80003718 (0xbfca3697) x13 0x3fca6718
core   0: 0x8000371c (0xf19f93b7) lui     t2, 0xf19f9
core   0: 3 0x8000371c (0xf19f93b7) x 7 0xf19f9000
core   0: 0x80003720 (0x012e96b3) sll     a3, t4, s2
core   0: 3 0x80003720 (0x012e96b3) x13 0x00000000
core   0: 0x80003724 (0x4f410b13) addi    s6, sp, 1268
core   0: 3 0x80003724 (0x4f410b13) x22 0x000004fc
core   0: 0x80003728 (0x0007d733) srl     a4, a5, zero
core   0: 3 0x80003728 (0x0007d733) x14 0x00000000
core   0: 0x8000372c (0x410ad813) srai    a6, s5, 16
core   0: 3 0x8000372c (0x410ad813) x16 0x00000018
core   0: 0x80003730 (0x00e25cb3) srl     s9, tp, a4
core   0: 3 0x80003730 (0x00e25cb3) x25 0x00000001
core   0: 0x80003734 (0x004316b3) sll     a3, t1, tp
core   0: 3 0x80003734 (0x004316b3) x13 0x00000002
core   0: 0x80003738 (0x01554033) xor     zero, a0, s5
core   0: 3 0x80003738 (0x01554033)
core   0: 0x8000373c (0x7da9ab13) slti    s6, s3, 2010
core   0: 3 0x8000373c (0x7da9ab13) x22 0x00000001
core   0: 0x80003740 (0x03579eb3) mulh    t4, a5, s5
core   0: 3 0x80003740 (0x03579eb3) x29 0x00000000
core   0: 0x80003744 (0x03c496b3) mulh    a3, s1, t3
core   0: 3 0x80003744 (0x03c496b3) x13 0xffffffff
core   0: 0x80003748 (0x36d82517) auipc   a0, 0x36d82
core   0: 3 0x80003748 (0x36d82517) x10 0xb6d85748
core   0: 0x8000374c (0x00866bb3) or      s7, a2, s0
core   0: 3 0x8000374c (0x00866bb3) x23 0x80014fed
core   0: 0x80003750 (0x01775993) srli    s3, a4, 23
core   0: 3 0x80003750 (0x01775993) x19 0x00000000
core   0: 0x80003754 (0xe22aac93) slti    s9, s5, -478
core   0: 3 0x80003754 (0xe22aac93) x25 0x00000000
core   0: 0x80003758 (0x03d297b3) mulh    a5, t0, t4
core   0: 3 0x80003758 (0x03d297b3) x15 0x00000000
core   0: 0x8000375c (0x01071813) slli    a6, a4, 16
core   0: 3 0x8000375c (0x01071813) x16 0x00000000
core   0: 0x80003760 (0x02b8c1b3) div     gp, a7, a1
core   0: 3 0x80003760 (0x02b8c1b3) x 3 0xffffffff
core   0: 0x80003764 (0x00dda5b3) slt     a1, s11, a3
core   0: 3 0x80003764 (0x00dda5b3) x11 0x00000001
core   0: 0x80003768 (0x032b2793) slti    a5, s6, 50
core   0: 3 0x80003768 (0x032b2793) x15 0x00000001
core   0: 0x8000376c (0x035b44b3) div     s1, s6, s5
core   0: 3 0x8000376c (0x035b44b3) x 9 0x00000000
core   0: 0x80003770 (0xf75f7393) andi    t2, t5, -139
core   0: 3 0x80003770 (0xf75f7393) x 7 0x00000000
core   0: 0x80003774 (0xeb7e6b13) ori     s6, t3, -329
core   0: 3 0x80003774 (0xeb7e6b13) x22 0xfffffef7
core   0: 0x80003778 (0x416e5613) srai    a2, t3, 22
core   0: 3 0x80003778 (0x416e5613) x12 0xfffffe00
core   0: 0x8000377c (0x0231ab33) mulhsu  s6, gp, gp
core   0: 3 0x8000377c (0x0231ab33) x22 0xffffffff
core   0: 0x80003780 (0x011e3f33) sltu    t5, t3, a7
core   0: 3 0x80003780 (0x011e3f33) x30 0x00000001
core   0: 0x80003784 (0x02e71d33) mulh    s10, a4, a4
core   0: 3 0x80003784 (0x02e71d33) x26 0x00000000
core   0: 0x80003788 (0x00a1eab3) or      s5, gp, a0
core   0: 3 0x80003788 (0x00a1eab3) x21 0xffffffff
core   0: 0x8000378c (0xc7dd8237) lui     tp, 0xc7dd8
core   0: 3 0x8000378c (0xc7dd8237) x 4 0xc7dd8000
core   0: 0x80003790 (0x417bdb93) srai    s7, s7, 23
core   0: 3 0x80003790 (0x417bdb93) x23 0xffffff00
core   0: 0x80003794 (0x3ca18537) lui     a0, 0x3ca18
core   0: 3 0x80003794 (0x3ca18537) x10 0x3ca18000
core   0: 0x80003798 (0x00a79493) slli    s1, a5, 10
core   0: 3 0x80003798 (0x00a79493) x 9 0x00000400
core   0: 0x8000379c (0x00a978b3) and     a7, s2, a0
core   0: 3 0x8000379c (0x00a978b3) x17 0x00000000
core   0: 0x800037a0 (0x020d8d33) mul     s10, s11, zero
core   0: 3 0x800037a0 (0x020d8d33) x26 0x00000000
core   0: 0x800037a4 (0x00000013) nop
core   0: 3 0x800037a4 (0x00000013)
core   0: 0x800037a8 (0x2d4283b7) lui     t2, 0x2d428
core   0: 3 0x800037a8 (0x2d4283b7) x 7 0x2d428000
core   0: 0x800037ac (0x02901233) mulh    tp, zero, s1
core   0: 3 0x800037ac (0x02901233) x 4 0x00000000
core   0: 0x800037b0 (0x02e2c433) div     s0, t0, a4
core   0: 3 0x800037b0 (0x02e2c433) x 8 0xffffffff
core   0: 0x800037b4 (0x40010033) sub     zero, sp, zero
core   0: 3 0x800037b4 (0x40010033)
core   0: 0x800037b8 (0x929fce93) xori    t4, t6, -1751
core   0: 3 0x800037b8 (0x929fce93) x29 0xfffff929
core   0: 0x800037bc (0x01df41b3) xor     gp, t5, t4
core   0: 3 0x800037bc (0x01df41b3) x 3 0xfffff928
core   0: 0x800037c0 (0xb261bb93) sltiu   s7, gp, -1242
core   0: 3 0x800037c0 (0xb261bb93) x23 0x00000001
core   0: 0x800037c4 (0x015f4cb3) xor     s9, t5, s5
core   0: 3 0x800037c4 (0x015f4cb3) x25 0xfffffffe
core   0: 0x800037c8 (0x00099a13) slli    s4, s3, 0
core   0: 3 0x800037c8 (0x00099a13) x20 0x00000000
core   0: 0x800037cc (0x0316f633) remu    a2, a3, a7
core   0: 3 0x800037cc (0x0316f633) x12 0xffffffff
core   0: 0x800037d0 (0x020108b3) mul     a7, sp, zero
core   0: 3 0x800037d0 (0x020108b3) x17 0x00000000
core   0: 0x800037d4 (0x02c96fb3) rem     t6, s2, a2
core   0: 3 0x800037d4 (0x02c96fb3) x31 0x00000000
core   0: 0x800037d8 (0x00d1cd33) xor     s10, gp, a3
core   0: 3 0x800037d8 (0x00d1cd33) x26 0x000006d7
core   0: 0x800037dc (0x01df18b3) sll     a7, t5, t4
core   0: 3 0x800037dc (0x01df18b3) x17 0x00000200
core   0: 0x800037e0 (0x0091d4b3) srl     s1, gp, s1
core   0: 3 0x800037e0 (0x0091d4b3) x 9 0xfffff928
core   0: 0x800037e4 (0x4002d013) srai    zero, t0, 0
core   0: 3 0x800037e4 (0x4002d013)
core   0: 0x800037e8 (0x02e70fb3) mul     t6, a4, a4
core   0: 3 0x800037e8 (0x02e70fb3) x31 0x00000000
core   0: 0x800037ec (0x03a77033) remu    zero, a4, s10
core   0: 3 0x800037ec (0x03a77033)
core   0: 0x800037f0 (0x1181b693) sltiu   a3, gp, 280
core   0: 3 0x800037f0 (0x1181b693) x13 0x00000000
core   0: 0x800037f4 (0x00c1de93) srli    t4, gp, 12
core   0: 3 0x800037f4 (0x00c1de93) x29 0x000fffff
core   0: 0x800037f8 (0x8e48b7b7) lui     a5, 0x8e48b
core   0: 3 0x800037f8 (0x8e48b7b7) x15 0x8e48b000
core   0: 0x800037fc (0xe6262193) slti    gp, a2, -414
core   0: 3 0x800037fc (0xe6262193) x 3 0x00000000
core   0: 0x80003800 (0x01f89ab3) sll     s5, a7, t6
core   0: 3 0x80003800 (0x01f89ab3) x21 0x00000200
core   0: 0x80003804 (0x01844233) xor     tp, s0, s8
core   0: 3 0x80003804 (0x01844233) x 4 0xb20b8983
core   0: 0x80003808 (0x01dee6b3) or      a3, t4, t4
core   0: 3 0x80003808 (0x01dee6b3) x13 0x000fffff
core   0: 0x8000380c (0xd3e40393) addi    t2, s0, -706
core   0: 3 0x8000380c (0xd3e40393) x 7 0xfffffd3d
core   0: 0x80003810 (0x2a15eb17) auipc   s6, 0x2a15e
core   0: 3 0x80003810 (0x2a15eb17) x22 0xaa161810
core   0: 0x80003814 (0x038dbd33) mulhu   s10, s11, s8
core   0: 3 0x80003814 (0x038dbd33) x26 0x4df47584
core   0: 0x80003818 (0x6ccba513) slti    a0, s7, 1740
core   0: 3 0x80003818 (0x6ccba513) x10 0x00000001
core   0: 0x8000381c (0x034bdcb3) divu    s9, s7, s4
core   0: 3 0x8000381c (0x034bdcb3) x25 0xffffffff
core   0: 0x80003820 (0x034b19b3) mulh    s3, s6, s4
core   0: 3 0x80003820 (0x034b19b3) x19 0x00000000
core   0: 0x80003824 (0x406a5033) sra     zero, s4, t1
core   0: 3 0x80003824 (0x406a5033)
core   0: 0x80003828 (0x038974b3) remu    s1, s2, s8
core   0: 3 0x80003828 (0x038974b3) x 9 0x00000001
core   0: 0x8000382c (0x00b6e9b3) or      s3, a3, a1
core   0: 3 0x8000382c (0x00b6e9b3) x19 0x000fffff
core   0: 0x80003830 (0x7e1cf593) andi    a1, s9, 2017
core   0: 3 0x80003830 (0x7e1cf593) x11 0x000007e1
core   0: 0x80003834 (0x0257b5b3) mulhu   a1, a5, t0
core   0: 3 0x80003834 (0x0257b5b3) x11 0x472511da
core   0: 0x80003838 (0x0349b3b3) mulhu   t2, s3, s4
core   0: 3 0x80003838 (0x0349b3b3) x 7 0x00000000
core   0: 0x8000383c (0x00000013) nop
core   0: 3 0x8000383c (0x00000013)
core   0: 0x80003840 (0x017b5e93) srli    t4, s6, 23
core   0: 3 0x80003840 (0x017b5e93) x29 0x00000154
core   0: 0x80003844 (0x4db93193) sltiu   gp, s2, 1243
core   0: 3 0x80003844 (0x4db93193) x 3 0x00000001
core   0: 0x80003848 (0x03a50933) mul     s2, a0, s10
core   0: 3 0x80003848 (0x03a50933) x18 0x4df47584
core   0: 0x8000384c (0x01decf33) xor     t5, t4, t4
core   0: 3 0x8000384c (0x01decf33) x30 0x00000000
core   0: 0x80003850 (0x0266d3b3) divu    t2, a3, t1
core   0: 3 0x80003850 (0x0266d3b3) x 7 0x000fffff
core   0: 0x80003854 (0x79fbfc13) andi    s8, s7, 1951
core   0: 3 0x80003854 (0x79fbfc13) x24 0x00000001
core   0: 0x80003858 (0x31c77793) andi    a5, a4, 796
core   0: 3 0x80003858 (0x31c77793) x15 0x00000000
core   0: 0x8000385c (0x03bcd633) divu    a2, s9, s11
core   0: 3 0x8000385c (0x03bcd633) x12 0x00000001
core   0: 0x80003860 (0x00feb833) sltu    a6, t4, a5
core   0: 3 0x80003860 (0x00feb833) x16 0x00000000
core   0: 0x80003864 (0x019cd233) srl     tp, s9, s9
core   0: 3 0x80003864 (0x019cd233) x 4 0x00000001
core   0: 0x80003868 (0x03d1dab3) divu    s5, gp, t4
core   0: 3 0x80003868 (0x03d1dab3) x21 0x00000000
core   0: 0x8000386c (0x7d408417) auipc   s0, 0x7d408
core   0: 3 0x8000386c (0x7d408417) x 8 0xfd40b86c
core   0: 0x80003870 (0x004d5593) srli    a1, s10, 4
core   0: 3 0x80003870 (0x004d5593) x11 0x04df4758
core   0: 0x80003874 (0x9de0c613) xori    a2, ra, -1570
core   0: 3 0x80003874 (0x9de0c613) x12 0xfffff9de
core   0: 0x80003878 (0x03ee5333) divu    t1, t3, t5
core   0: 3 0x80003878 (0x03ee5333) x 6 0xffffffff
core   0: 0x8000387c (0x2ea93097) auipc   ra, 0x2ea93
core   0: 3 0x8000387c (0x2ea93097) x 1 0xaea9687c
core   0: 0x80003880 (0x41fb0cb3) sub     s9, s6, t6
core   0: 3 0x80003880 (0x41fb0cb3) x25 0xaa161810
core   0: 0x80003884 (0x02d2b3b3) mulhu   t2, t0, a3
core   0: 3 0x80003884 (0x02d2b3b3) x 7 0x00080014
core   0: 0x80003888 (0xaa230313) addi    t1, t1, -1374
core   0: 3 0x80003888 (0xaa230313) x 6 0xfffffaa1
core   0: 0x8000388c (0x403706b3) sub     a3, a4, gp
core   0: 3 0x8000388c (0x403706b3) x13 0xffffffff
core   0: 0x80003890 (0x01595a33) srl     s4, s2, s5
core   0: 3 0x80003890 (0x01595a33) x20 0x4df47584
core   0: 0x80003894 (0x03c69fb3) mulh    t6, a3, t3
core   0: 3 0x80003894 (0x03c69fb3) x31 0x00000000
core   0: 0x80003898 (0x0068ef33) or      t5, a7, t1
core   0: 3 0x80003898 (0x0068ef33) x30 0xfffffaa1
core   0: 0x8000389c (0x01209cb3) sll     s9, ra, s2
core   0: 3 0x8000389c (0x01209cb3) x25 0xea9687c0
core   0: 0x800038a0 (0x01df1713) slli    a4, t5, 29
core   0: 3 0x800038a0 (0x01df1713) x14 0x20000000
core   0: 0x800038a4 (0x036680b3) mul     ra, a3, s6
core   0: 3 0x800038a4 (0x036680b3) x 1 0x55e9e7f0
core   0: 0x800038a8 (0x00000013) nop
core   0: 3 0x800038a8 (0x00000013)
core   0: 0x800038ac (0x03350733) mul     a4, a0, s3
core   0: 3 0x800038ac (0x03350733) x14 0x000fffff
core   0: 0x800038b0 (0x031dc0b3) div     ra, s11, a7
core   0: 3 0x800038b0 (0x031dc0b3) x 1 0xffffffff
core   0: 0x800038b4 (0x84232213) slti    tp, t1, -1982
core   0: 3 0x800038b4 (0x84232213) x 4 0x00000000
core   0: 0x800038b8 (0x0229ca33) div     s4, s3, sp
core   0: 3 0x800038b8 (0x0229ca33) x20 0x0001ffff
core   0: 0x800038bc (0x01e8f033) and     zero, a7, t5
core   0: 3 0x800038bc (0x01e8f033)
core   0: 0x800038c0 (0x030ff033) remu    zero, t6, a6
core   0: 3 0x800038c0 (0x030ff033)
core   0: 0x800038c4 (0x03641333) mulh    t1, s0, s6
core   0: 3 0x800038c4 (0x03641333) x 6 0x00ec0559
core   0: 0x800038c8 (0x00a3aeb3) slt     t4, t2, a0
core   0: 3 0x800038c8 (0x00a3aeb3) x29 0x00000000
core   0: 0x800038cc (0xb8e32237) lui     tp, 0xb8e32
core   0: 3 0x800038cc (0xb8e32237) x 4 0xb8e32000
core   0: 0x800038d0 (0x00cabeb3) sltu    t4, s5, a2
core   0: 3 0x800038d0 (0x00cabeb3) x29 0x00000001
core   0: 0x800038d4 (0x60241697) auipc   a3, 0x60241
core   0: 3 0x800038d4 (0x60241697) x13 0xe02448d4
core   0: 0x800038d8 (0x076c2093) slti    ra, s8, 118
core   0: 3 0x800038d8 (0x076c2093) x 1 0x00000001
core   0: 0x800038dc (0x03ae83b3) mul     t2, t4, s10
core   0: 3 0x800038dc (0x03ae83b3) x 7 0x4df47584
core   0: 0x800038e0 (0x033ae3b3) rem     t2, s5, s3
core   0: 3 0x800038e0 (0x033ae3b3) x 7 0x00000000
core   0: 0x800038e4 (0x6c9d8a17) auipc   s4, 0x6c9d8
core   0: 3 0x800038e4 (0x6c9d8a17) x20 0xec9db8e4
core   0: 0x800038e8 (0x41d0d693) srai    a3, ra, 29
core   0: 3 0x800038e8 (0x41d0d693) x13 0x00000000
core   0: 0x800038ec (0x4038d8b3) sra     a7, a7, gp
core   0: 3 0x800038ec (0x4038d8b3) x17 0x00000100
core   0: 0x800038f0 (0x03e6ea33) rem     s4, a3, t5
core   0: 3 0x800038f0 (0x03e6ea33) x20 0x00000000
core   0: 0x800038f4 (0x036993b3) mulh    t2, s3, s6
core   0: 3 0x800038f4 (0x036993b3) x 7 0xfffaa161
core   0: 0x800038f8 (0x00a563b3) or      t2, a0, a0
core   0: 3 0x800038f8 (0x00a563b3) x 7 0x00000001
core   0: 0x800038fc (0x00096b33) or      s6, s2, zero
core   0: 3 0x800038fc (0x00096b33) x22 0x4df47584
core   0: 0x80003900 (0x00000013) nop
core   0: 3 0x80003900 (0x00000013)
core   0: 0x80003904 (0x0998b393) sltiu   t2, a7, 153
core   0: 3 0x80003904 (0x0998b393) x 7 0x00000000
core   0: 0x80003908 (0x00841993) slli    s3, s0, 8
core   0: 3 0x80003908 (0x00841993) x19 0x40b86c00
core   0: 0x8000390c (0x03821033) mulh    zero, tp, s8
core   0: 3 0x8000390c (0x03821033)
core   0: 0x80003910 (0x1d5af513) andi    a0, s5, 469
core   0: 3 0x80003910 (0x1d5af513) x10 0x00000000
core   0: 0x80003914 (0x41d48a33) sub     s4, s1, t4
core   0: 3 0x80003914 (0x41d48a33) x20 0x00000000
core   0: 0x80003918 (0x031c25b3) mulhsu  a1, s8, a7
core   0: 3 0x80003918 (0x031c25b3) x11 0x00000000
core   0: 0x8000391c (0x00bc7033) and     zero, s8, a1
core   0: 3 0x8000391c (0x00bc7033)
core   0: 0x80003920 (0x01d20db3) add     s11, tp, t4
core   0: 3 0x80003920 (0x01d20db3) x27 0xb8e32001
core   0: 0x80003924 (0x40100cb3) sub     s9, zero, ra
core   0: 3 0x80003924 (0x40100cb3) x25 0xffffffff
core   0: 0x80003928 (0x013b5733) srl     a4, s6, s3
core   0: 3 0x80003928 (0x013b5733) x14 0x4df47584
core   0: 0x8000392c (0x012b2c33) slt     s8, s6, s2
core   0: 3 0x8000392c (0x012b2c33) x24 0x00000000
core   0: 0x80003930 (0x0055cab3) xor     s5, a1, t0
core   0: 3 0x80003930 (0x0055cab3) x21 0x80014e64
core   0: 0x80003934 (0x036f6eb3) rem     t4, t5, s6
core   0: 3 0x80003934 (0x036f6eb3) x29 0xfffffaa1
core   0: 0x80003938 (0xaed30a13) addi    s4, t1, -1299
core   0: 3 0x80003938 (0xaed30a13) x20 0x00ec0046
core   0: 0x8000393c (0x9a7ce713) ori     a4, s9, -1625
core   0: 3 0x8000393c (0x9a7ce713) x14 0xffffffff
core   0: 0x80003940 (0x02abaab3) mulhsu  s5, s7, a0
core   0: 3 0x80003940 (0x02abaab3) x21 0x00000000
core   0: 0x80003944 (0x03c4e733) rem     a4, s1, t3
core   0: 3 0x80003944 (0x03c4e733) x14 0x00000001
core   0: 0x80003948 (0x40ec0c33) sub     s8, s8, a4
core   0: 3 0x80003948 (0x40ec0c33) x24 0xffffffff
core   0: 0x8000394c (0x4141da33) sra     s4, gp, s4
core   0: 3 0x8000394c (0x4141da33) x20 0x00000000
core   0: 0x80003950 (0x400edc33) sra     s8, t4, zero
core   0: 3 0x80003950 (0x400edc33) x24 0xfffffaa1
core   0: 0x80003954 (0x40dd0433) sub     s0, s10, a3
core   0: 3 0x80003954 (0x40dd0433) x 8 0x4df47584
core   0: 0x80003958 (0x8d05bc93) sltiu   s9, a1, -1840
core   0: 3 0x80003958 (0x8d05bc93) x25 0x00000001
core   0: 0x8000395c (0x023738b3) mulhu   a7, a4, gp
core   0: 3 0x8000395c (0x023738b3) x17 0x00000000
core   0: 0x80003960 (0x01ee0433) add     s0, t3, t5
core   0: 3 0x80003960 (0x01ee0433) x 8 0x80018785
core   0: 0x80003964 (0x01766fb3) or      t6, a2, s7
core   0: 3 0x80003964 (0x01766fb3) x31 0xfffff9df
core   0: 0x80003968 (0x00121633) sll     a2, tp, ra
core   0: 3 0x80003968 (0x00121633) x12 0x71c64000
core   0: 0x8000396c (0x0092f533) and     a0, t0, s1
core   0: 3 0x8000396c (0x0092f533) x10 0x00000000
core   0: 0x80003970 (0x00000013) nop
core   0: 3 0x80003970 (0x00000013)
core   0: 0x80003974 (0x997e94b7) lui     s1, 0x997e9
core   0: 3 0x80003974 (0x997e94b7) x 9 0x997e9000
core   0: 0x80003978 (0x024da333) mulhsu  t1, s11, tp
core   0: 3 0x80003978 (0x024da333) x 6 0xcca42782
core   0: 0x8000397c (0x016b1b33) sll     s6, s6, s6
core   0: 3 0x8000397c (0x016b1b33) x22 0xdf475840
core   0: 0x80003980 (0x630bf793) andi    a5, s7, 1584
core   0: 3 0x80003980 (0x630bf793) x15 0x00000000
core   0: 0x80003984 (0x4afff013) andi    zero, t6, 1199
core   0: 3 0x80003984 (0x4afff013)
core   0: 0x80003988 (0x400286b3) sub     a3, t0, zero
core   0: 3 0x80003988 (0x400286b3) x13 0x80014e64
core   0: 0x8000398c (0x01f9c433) xor     s0, s3, t6
core   0: 3 0x8000398c (0x01f9c433) x 8 0xbf4795df
core   0: 0x80003990 (0x002005b3) add     a1, zero, sp
core   0: 3 0x80003990 (0x002005b3) x11 0x00000008
core   0: 0x80003994 (0x404e5213) srai    tp, t3, 4
core   0: 3 0x80003994 (0x404e5213) x 4 0xf80018ce
core   0: 0x80003998 (0x00b4d513) srli    a0, s1, 11
core   0: 3 0x80003998 (0x00b4d513) x10 0x00132fd2
core   0: 0x8000399c (0x03e360b3) rem     ra, t1, t5
core   0: 3 0x8000399c (0x03e360b3) x 1 0xfffffbbf
core   0: 0x800039a0 (0xd7a03c93) sltiu   s9, zero, -646
core   0: 3 0x800039a0 (0xd7a03c93) x25 0x00000001
core   0: 0x800039a4 (0x15d86f93) ori     t6, a6, 349
core   0: 3 0x800039a4 (0x15d86f93) x31 0x0000015d
core   0: 0x800039a8 (0x0151d613) srli    a2, gp, 21
core   0: 3 0x800039a8 (0x0151d613) x12 0x00000000
core   0: 0x800039ac (0x00045f93) srli    t6, s0, 0
core   0: 3 0x800039ac (0x00045f93) x31 0xbf4795df
core   0: 0x800039b0 (0x01cae933) or      s2, s5, t3
core   0: 3 0x800039b0 (0x01cae933) x18 0x80018ce4
core   0: 0x800039b4 (0x40d2dc33) sra     s8, t0, a3
core   0: 3 0x800039b4 (0x40d2dc33) x24 0xf80014e6
core   0: 0x800039b8 (0x01ae7db3) and     s11, t3, s10
core   0: 3 0x800039b8 (0x01ae7db3) x27 0x00000484
core   0: 0x800039bc (0x01bb86b3) add     a3, s7, s11
core   0: 3 0x800039bc (0x01bb86b3) x13 0x00000485
core   0: 0x800039c0 (0x00000013) nop
core   0: 3 0x800039c0 (0x00000013)
core   0: 0x800039c4 (0x028ca1b3) mulhsu  gp, s9, s0
core   0: 3 0x800039c4 (0x028ca1b3) x 3 0x00000000
core   0: 0x800039c8 (0x41935ab3) sra     s5, t1, s9
core   0: 3 0x800039c8 (0x41935ab3) x21 0xe65213c1
core   0: 0x800039cc (0x00862633) slt     a2, a2, s0
core   0: 3 0x800039cc (0x00862633) x12 0x00000000
core   0: 0x800039d0 (0x01685493) srli    s1, a6, 22
core   0: 3 0x800039d0 (0x01685493) x 9 0x00000000
core   0: 0x800039d4 (0x00000013) nop
core   0: 3 0x800039d4 (0x00000013)
core   0: 0x800039d8 (0x004c8393) addi    t2, s9, 4
core   0: 3 0x800039d8 (0x004c8393) x 7 0x00000005
core   0: 0x800039dc (0x014390b3) sll     ra, t2, s4
core   0: 3 0x800039dc (0x014390b3) x 1 0x00000005
core   0: 0x800039e0 (0x030a7333) remu    t1, s4, a6
core   0: 3 0x800039e0 (0x030a7333) x 6 0x00000000
core   0: 0x800039e4 (0xb7fb4193) xori    gp, s6, -1153
core   0: 3 0x800039e4 (0xb7fb4193) x 3 0x20b8a33f
core   0: 0x800039e8 (0x01bb14b3) sll     s1, s6, s11
core   0: 3 0x800039e8 (0x01bb14b3) x 9 0xf4758400
core   0: 0x800039ec (0x0191b333) sltu    t1, gp, s9
core   0: 3 0x800039ec (0x0191b333) x 6 0x00000000
core   0: 0x800039f0 (0x02ba03b3) mul     t2, s4, a1
core   0: 3 0x800039f0 (0x02ba03b3) x 7 0x00000000
core   0: 0x800039f4 (0x7ae88017) auipc   zero, 0x7ae88
core   0: 3 0x800039f4 (0x7ae88017)
core   0: 0x800039f8 (0x034c0933) mul     s2, s8, s4
core   0: 3 0x800039f8 (0x034c0933) x18 0x00000000
core   0: 0x800039fc (0x03066bb3) rem     s7, a2, a6
core   0: 3 0x800039fc (0x03066bb3) x23 0x00000000
core   0: 0x80003a00 (0xe8c43f13) sltiu   t5, s0, -372
core   0: 3 0x80003a00 (0xe8c43f13) x30 0x00000001
core   0: 0x80003a04 (0x092d8393) addi    t2, s11, 146
core   0: 3 0x80003a04 (0x092d8393) x 7 0x00000516
core   0: 0x80003a08 (0x41ebd213) srai    tp, s7, 30
core   0: 3 0x80003a08 (0x41ebd213) x 4 0x00000000
core   0: 0x80003a0c (0x020c1733) mulh    a4, s8, zero
core   0: 3 0x80003a0c (0x020c1733) x14 0x00000000
core   0: 0x80003a10 (0x0382cc33) div     s8, t0, s8
core   0: 3 0x80003a10 (0x0382cc33) x24 0x0000000f
core   0: 0x80003a14 (0x00aee433) or      s0, t4, a0
core   0: 3 0x80003a14 (0x00aee433) x 8 0xfffffff3
core   0: 0x80003a18 (0x1045ae97) auipc   t4, 0x1045a
core   0: 3 0x80003a18 (0x1045ae97) x29 0x9045da18
core   0: 0x80003a1c (0x02bdd5b3) divu    a1, s11, a1
core   0: 3 0x80003a1c (0x02bdd5b3) x11 0x00000090
core   0: 0x80003a20 (0x01a98933) add     s2, s3, s10
core   0: 3 0x80003a20 (0x01a98933) x18 0x8eace184
core   0: 0x80003a24 (0x0243bdb3) mulhu   s11, t2, tp
core   0: 3 0x80003a24 (0x0243bdb3) x27 0x00000000
core   0: 0x80003a28 (0x001c2233) slt     tp, s8, ra
core   0: 3 0x80003a28 (0x001c2233) x 4 0x00000000
core   0: 0x80003a2c (0x406251b3) sra     gp, tp, t1
core   0: 3 0x80003a2c (0x406251b3) x 3 0x00000000
core   0: 0x80003a30 (0x029e3633) mulhu   a2, t3, s1
core   0: 3 0x80003a30 (0x029e3633) x12 0x7a3c3cff
core   0: 0x80003a34 (0xf33d9937) lui     s2, 0xf33d9
core   0: 3 0x80003a34 (0xf33d9937) x18 0xf33d9000
core   0: 0x80003a38 (0x016c5b13) srli    s6, s8, 22
core   0: 3 0x80003a38 (0x016c5b13) x22 0x00000000
core   0: 0x80003a3c (0x0092d193) srli    gp, t0, 9
core   0: 3 0x80003a3c (0x0092d193) x 3 0x004000a7
core   0: 0x80003a40 (0xb2df3c13) sltiu   s8, t5, -1235
core   0: 3 0x80003a40 (0xb2df3c13) x24 0x00000001
core   0: 0x80003a44 (0x008098b3) sll     a7, ra, s0
core   0: 3 0x80003a44 (0x008098b3) x17 0x00280000
core   0: 0x80003a48 (0x016ed193) srli    gp, t4, 22
core   0: 3 0x80003a48 (0x016ed193) x 3 0x00000241
core   0: 0x80003a4c (0x6544c793) xori    a5, s1, 1620
core   0: 3 0x80003a4c (0x6544c793) x15 0xf4758254
core   0: 0x80003a50 (0x0115d393) srli    t2, a1, 17
core   0: 3 0x80003a50 (0x0115d393) x 7 0x00000000
core   0: 0x80003a54 (0x01449913) slli    s2, s1, 20
core   0: 3 0x80003a54 (0x01449913) x18 0x40000000
core   0: 0x80003a58 (0xe569eb93) ori     s7, s3, -426
core   0: 3 0x80003a58 (0xe569eb93) x23 0xfffffe56
core   0: 0x80003a5c (0xac292593) slti    a1, s2, -1342
core   0: 3 0x80003a5c (0xac292593) x11 0x00000000
core   0: 0x80003a60 (0x0078db13) srli    s6, a7, 7
core   0: 3 0x80003a60 (0x0078db13) x22 0x00005000
core   0: 0x80003a64 (0x004e7ab3) and     s5, t3, tp
core   0: 3 0x80003a64 (0x004e7ab3) x21 0x00000000
core   0: 0x80003a68 (0x026b23b3) mulhsu  t2, s6, t1
core   0: 3 0x80003a68 (0x026b23b3) x 7 0x00000000
core   0: 0x80003a6c (0x00371d33) sll     s10, a4, gp
core   0: 3 0x80003a6c (0x00371d33) x26 0x00000000
core   0: 0x80003a70 (0x003a0eb3) add     t4, s4, gp
core   0: 3 0x80003a70 (0x003a0eb3) x29 0x00000241
core   0: 0x80003a74 (0x032b7933) remu    s2, s6, s2
core   0: 3 0x80003a74 (0x032b7933) x18 0x00005000
core   0: 0x80003a78 (0x03195eb3) divu    t4, s2, a7
core   0: 3 0x80003a78 (0x03195eb3) x29 0x00000000
core   0: 0x80003a7c (0x2b1e6513) ori     a0, t3, 689
core   0: 3 0x80003a7c (0x2b1e6513) x10 0x80018ef5
core   0: 0x80003a80 (0xe36d4993) xori    s3, s10, -458
core   0: 3 0x80003a80 (0xe36d4993) x19 0xfffffe36
core   0: 0x80003a84 (0x41f38c33) sub     s8, t2, t6
core   0: 3 0x80003a84 (0x41f38c33) x24 0x40b86a21
core   0: 0x80003a88 (0x02ee28b3) mulhsu  a7, t3, a4
core   0: 3 0x80003a88 (0x02ee28b3) x17 0x00000000
core   0: 0x80003a8c (0x41b4d6b3) sra     a3, s1, s11
core   0: 3 0x80003a8c (0x41b4d6b3) x13 0xf4758400
core   0: 0x80003a90 (0x406d01b3) sub     gp, s10, t1
core   0: 3 0x80003a90 (0x406d01b3) x 3 0x00000000
core   0: 0x80003a94 (0x02f629b3) mulhsu  s3, a2, a5
core   0: 3 0x80003a94 (0x02f629b3) x19 0x74b985e5
core   0: 0x80003a98 (0x02a035b3) mulhu   a1, zero, a0
core   0: 3 0x80003a98 (0x02a035b3) x11 0x00000000
core   0: 0x80003a9c (0x00a14cb3) xor     s9, sp, a0
core   0: 3 0x80003a9c (0x00a14cb3) x25 0x80018efd
core   0: 0x80003aa0 (0x0314acb3) mulhsu  s9, s1, a7
core   0: 3 0x80003aa0 (0x0314acb3) x25 0x00000000
core   0: 0x80003aa4 (0x036863b3) rem     t2, a6, s6
core   0: 3 0x80003aa4 (0x036863b3) x 7 0x00000000
core   0: 0x80003aa8 (0x03838d33) mul     s10, t2, s8
core   0: 3 0x80003aa8 (0x03838d33) x26 0x00000000
core   0: 0x80003aac (0x01ce5e93) srli    t4, t3, 28
core   0: 3 0x80003aac (0x01ce5e93) x29 0x00000008
core   0: 0x80003ab0 (0x75767493) andi    s1, a2, 1879
core   0: 3 0x80003ab0 (0x75767493) x 9 0x00000457
core   0: 0x80003ab4 (0x00e710b3) sll     ra, a4, a4
core   0: 3 0x80003ab4 (0x00e710b3) x 1 0x00000000
core   0: 0x80003ab8 (0x41855a33) sra     s4, a0, s8
core   0: 3 0x80003ab8 (0x41855a33) x20 0xc000c77a
core   0: 0x80003abc (0x19d8bc93) sltiu   s9, a7, 413
core   0: 3 0x80003abc (0x19d8bc93) x25 0x00000001
core   0: 0x80003ac0 (0x01689493) slli    s1, a7, 22
core   0: 3 0x80003ac0 (0x01689493) x 9 0x00000000
core   0: 0x80003ac4 (0x4094deb3) sra     t4, s1, s1
core   0: 3 0x80003ac4 (0x4094deb3) x29 0x00000000
core   0: 0x80003ac8 (0x01ec1833) sll     a6, s8, t5
core   0: 3 0x80003ac8 (0x01ec1833) x16 0x8170d442
core   0: 0x80003acc (0x003ca1b3) slt     gp, s9, gp
core   0: 3 0x80003acc (0x003ca1b3) x 3 0x00000000
core   0: 0x80003ad0 (0x00b2f233) and     tp, t0, a1
core   0: 3 0x80003ad0 (0x00b2f233) x 4 0x00000000
core   0: 0x80003ad4 (0x01e04933) xor     s2, zero, t5
core   0: 3 0x80003ad4 (0x01e04933) x18 0x00000001
core   0: 0x80003ad8 (0x027123b3) mulhsu  t2, sp, t2
core   0: 3 0x80003ad8 (0x027123b3) x 7 0x00000000
core   0: 0x80003adc (0x0247cbb3) div     s7, a5, tp
core   0: 3 0x80003adc (0x0247cbb3) x23 0xffffffff
core   0: 0x80003ae0 (0x03dbcab3) div     s5, s7, t4
core   0: 3 0x80003ae0 (0x03dbcab3) x21 0xffffffff
core   0: 0x80003ae4 (0x01d35813) srli    a6, t1, 29
core   0: 3 0x80003ae4 (0x01d35813) x16 0x00000000
core   0: 0x80003ae8 (0x0087cc33) xor     s8, a5, s0
core   0: 3 0x80003ae8 (0x0087cc33) x24 0x0b8a7da7
core   0: 0x80003aec (0x44f5f393) andi    t2, a1, 1103
core   0: 3 0x80003aec (0x44f5f393) x 7 0x00000000
core   0: 0x80003af0 (0x01f29d13) slli    s10, t0, 31
core   0: 3 0x80003af0 (0x01f29d13) x26 0x00000000
core   0: 0x80003af4 (0x01a2c7b3) xor     a5, t0, s10
core   0: 3 0x80003af4 (0x01a2c7b3) x15 0x80014e64
core   0: 0x80003af8 (0x4acf3b93) sltiu   s7, t5, 1196
core   0: 3 0x80003af8 (0x4acf3b93) x23 0x00000001
core   0: 0x80003afc (0x664aec13) ori     s8, s5, 1636
core   0: 3 0x80003afc (0x664aec13) x24 0xffffffff
core   0: 0x80003b00 (0x01ef3fb3) sltu    t6, t5, t5
core   0: 3 0x80003b00 (0x01ef3fb3) x31 0x00000000
core   0: 0x80003b04 (0x01cbc613) xori    a2, s7, 28
core   0: 3 0x80003b04 (0x01cbc613) x12 0x0000001d
core   0: 0x80003b08 (0x03fddf33) divu    t5, s11, t6
core   0: 3 0x80003b08 (0x03fddf33) x30 0xffffffff
core   0: 0x80003b0c (0x81132d13) slti    s10, t1, -2031
core   0: 3 0x80003b0c (0x81132d13) x26 0x00000000
core   0: 0x80003b10 (0x65aa7b93) andi    s7, s4, 1626
core   0: 3 0x80003b10 (0x65aa7b93) x23 0x0000065a
core   0: 0x80003b14 (0xa3de3c17) auipc   s8, 0xa3de3
core   0: 3 0x80003b14 (0xa3de3c17) x24 0x23de6b14
core   0: 0x80003b18 (0x1ae48317) auipc   t1, 0x1ae48
core   0: 3 0x80003b18 (0x1ae48317) x 6 0x9ae4bb18
core   0: 0x80003b1c (0x9cd1b493) sltiu   s1, gp, -1587
core   0: 3 0x80003b1c (0x9cd1b493) x 9 0x00000001
core   0: 0x80003b20 (0x2d5fca37) lui     s4, 0x2d5fc
core   0: 3 0x80003b20 (0x2d5fca37) x20 0x2d5fc000
core   0: 0x80003b24 (0x0023ffb3) and     t6, t2, sp
core   0: 3 0x80003b24 (0x0023ffb3) x31 0x00000000
core   0: 0x80003b28 (0x40205eb3) sra     t4, zero, sp
core   0: 3 0x80003b28 (0x40205eb3) x29 0x00000000
core   0: 0x80003b2c (0x02daec33) rem     s8, s5, a3
core   0: 3 0x80003b2c (0x02daec33) x24 0xffffffff
core   0: 0x80003b30 (0x02408c93) addi    s9, ra, 36
core   0: 3 0x80003b30 (0x02408c93) x25 0x00000024
core   0: 0x80003b34 (0x02348ab3) mul     s5, s1, gp
core   0: 3 0x80003b34 (0x02348ab3) x21 0x00000000
core   0: 0x80003b38 (0x02a8cf33) div     t5, a7, a0
core   0: 3 0x80003b38 (0x02a8cf33) x30 0x00000000
core   0: 0x80003b3c (0xa6321797) auipc   a5, 0xa6321
core   0: 3 0x80003b3c (0xa6321797) x15 0x26324b3c
core   0: 0x80003b40 (0x40fa81b3) sub     gp, s5, a5
core   0: 3 0x80003b40 (0x40fa81b3) x 3 0xd9cdb4c4
core   0: 0x80003b44 (0x0187e7b3) or      a5, a5, s8
core   0: 3 0x80003b44 (0x0187e7b3) x15 0xffffffff
core   0: 0x80003b48 (0x41fe8d33) sub     s10, t4, t6
core   0: 3 0x80003b48 (0x41fe8d33) x26 0x00000000
core   0: 0x80003b4c (0x00000013) nop
core   0: 3 0x80003b4c (0x00000013)
core   0: 0x80003b50 (0x02f82233) mulhsu  tp, a6, a5
core   0: 3 0x80003b50 (0x02f82233) x 4 0x00000000
core   0: 0x80003b54 (0x0016ca33) xor     s4, a3, ra
core   0: 3 0x80003b54 (0x0016ca33) x20 0xf4758400
core   0: 0x80003b58 (0x03016ab3) rem     s5, sp, a6
core   0: 3 0x80003b58 (0x03016ab3) x21 0x00000008
core   0: 0x80003b5c (0x7092bd93) sltiu   s11, t0, 1801
core   0: 3 0x80003b5c (0x7092bd93) x27 0x00000000
core   0: 0x80003b60 (0x349bbc13) sltiu   s8, s7, 841
core   0: 3 0x80003b60 (0x349bbc13) x24 0x00000000
core   0: 0x80003b64 (0x1f900813) li      a6, 505
core   0: 3 0x80003b64 (0x1f900813) x16 0x000001f9
core   0: 0x80003b68 (0xc91dfd13) andi    s10, s11, -879
core   0: 3 0x80003b68 (0xc91dfd13) x26 0x00000000
core   0: 0x80003b6c (0x02635d33) divu    s10, t1, t1
core   0: 3 0x80003b6c (0x02635d33) x26 0x00000001
core   0: 0x80003b70 (0x010ccbb3) xor     s7, s9, a6
core   0: 3 0x80003b70 (0x010ccbb3) x23 0x000001dd
core   0: 0x80003b74 (0x00ff9a33) sll     s4, t6, a5
core   0: 3 0x80003b74 (0x00ff9a33) x20 0x00000000
core   0: 0x80003b78 (0x5e480a93) addi    s5, a6, 1508
core   0: 3 0x80003b78 (0x5e480a93) x21 0x000007dd
core   0: 0x80003b7c (0x024db633) mulhu   a2, s11, tp
core   0: 3 0x80003b7c (0x024db633) x12 0x00000000
core   0: 0x80003b80 (0x03446ab3) rem     s5, s0, s4
core   0: 3 0x80003b80 (0x03446ab3) x21 0xfffffff3
core   0: 0x80003b84 (0x0115d413) srli    s0, a1, 17
core   0: 3 0x80003b84 (0x0115d413) x 8 0x00000000
core   0: 0x80003b88 (0x02864633) div     a2, a2, s0
core   0: 3 0x80003b88 (0x02864633) x12 0xffffffff
core   0: 0x80003b8c (0x002a2bb3) slt     s7, s4, sp
core   0: 3 0x80003b8c (0x002a2bb3) x23 0x00000001
core   0: 0x80003b90 (0x69a00013) li      zero, 1690
core   0: 3 0x80003b90 (0x69a00013)
core   0: 0x80003b94 (0x093d4b93) xori    s7, s10, 147
core   0: 3 0x80003b94 (0x093d4b93) x23 0x00000092
core   0: 0x80003b98 (0x039b96b3) mulh    a3, s7, s9
core   0: 3 0x80003b98 (0x039b96b3) x13 0x00000000
core   0: 0x80003b9c (0x002bb033) sltu    zero, s7, sp
core   0: 3 0x80003b9c (0x002bb033)
core   0: 0x80003ba0 (0x018e4fb3) xor     t6, t3, s8
core   0: 3 0x80003ba0 (0x018e4fb3) x31 0x80018ce4
core   0: 0x80003ba4 (0x007c1d93) slli    s11, s8, 7
core   0: 3 0x80003ba4 (0x007c1d93) x27 0x00000000
core   0: 0x80003ba8 (0x01afe433) or      s0, t6, s10
core   0: 3 0x80003ba8 (0x01afe433) x 8 0x80018ce5
core   0: 0x80003bac (0x00a19013) slli    zero, gp, 10
core   0: 3 0x80003bac (0x00a19013)
core   0: 0x80003bb0 (0x00000013) nop
core   0: 3 0x80003bb0 (0x00000013)
core   0: 0x80003bb4 (0x02004033) div     zero, zero, zero
core   0: 3 0x80003bb4 (0x02004033)
core   0: 0x80003bb8 (0x015bd7b3) srl     a5, s7, s5
core   0: 3 0x80003bb8 (0x015bd7b3) x15 0x00000000
core   0: 0x80003bbc (0x01ad3b33) sltu    s6, s10, s10
core   0: 3 0x80003bbc (0x01ad3b33) x22 0x00000000
core   0: 0x80003bc0 (0x00be5f33) srl     t5, t3, a1
core   0: 3 0x80003bc0 (0x00be5f33) x30 0x80018ce4
core   0: 0x80003bc4 (0x02c636b3) mulhu   a3, a2, a2
core   0: 3 0x80003bc4 (0x02c636b3) x13 0xfffffffe
core   0: 0x80003bc8 (0x005271b3) and     gp, tp, t0
core   0: 3 0x80003bc8 (0x005271b3) x 3 0x00000000
core   0: 0x80003bcc (0xab33be93) sltiu   t4, t2, -1357
core   0: 3 0x80003bcc (0xab33be93) x29 0x00000001
core   0: 0x80003bd0 (0xa0b44393) xori    t2, s0, -1525
core   0: 3 0x80003bd0 (0xa0b44393) x 7 0x7ffe76ee
core   0: 0x80003bd4 (0x400e50b3) sra     ra, t3, zero
core   0: 3 0x80003bd4 (0x400e50b3) x 1 0x80018ce4
core   0: 0x80003bd8 (0x00a97db3) and     s11, s2, a0
core   0: 3 0x80003bd8 (0x00a97db3) x27 0x00000001
core   0: 0x80003bdc (0x039fbdb3) mulhu   s11, t6, s9
core   0: 3 0x80003bdc (0x039fbdb3) x27 0x00000012
core   0: 0x80003be0 (0x07c9da37) lui     s4, 0x7c9d
core   0: 3 0x80003be0 (0x07c9da37) x20 0x07c9d000
core   0: 0x80003be4 (0x0099f0b3) and     ra, s3, s1
core   0: 3 0x80003be4 (0x0099f0b3) x 1 0x00000001
core   0: 0x80003be8 (0x4155dc93) srai    s9, a1, 21
core   0: 3 0x80003be8 (0x4155dc93) x25 0x00000000
core   0: 0x80003bec (0xef70f613) andi    a2, ra, -265
core   0: 3 0x80003bec (0xef70f613) x12 0x00000001
core   0: 0x80003bf0 (0x02505033) divu    zero, zero, t0
core   0: 3 0x80003bf0 (0x02505033)
core   0: 0x80003bf4 (0x012a88b3) add     a7, s5, s2
core   0: 3 0x80003bf4 (0x012a88b3) x17 0xfffffff4
core   0: 0x80003bf8 (0x02b85833) divu    a6, a6, a1
core   0: 3 0x80003bf8 (0x02b85833) x16 0xffffffff
core   0: 0x80003bfc (0x0e58f193) andi    gp, a7, 229
core   0: 3 0x80003bfc (0x0e58f193) x 3 0x000000e4
core   0: 0x80003c00 (0x02c5d333) divu    t1, a1, a2
core   0: 3 0x80003c00 (0x02c5d333) x 6 0x00000000
core   0: 0x80003c04 (0x411985b3) sub     a1, s3, a7
core   0: 3 0x80003c04 (0x411985b3) x11 0x74b985f1
core   0: 0x80003c08 (0x687bca93) xori    s5, s7, 1671
core   0: 3 0x80003c08 (0x687bca93) x21 0x00000615
core   0: 0x80003c0c (0x019a3cb3) sltu    s9, s4, s9
core   0: 3 0x80003c0c (0x019a3cb3) x25 0x00000000
core   0: 0x80003c10 (0x001c9093) slli    ra, s9, 1
core   0: 3 0x80003c10 (0x001c9093) x 1 0x00000000
core   0: 0x80003c14 (0x75862b97) auipc   s7, 0x75862
core   0: 3 0x80003c14 (0x75862b97) x23 0xf5865c14
core   0: 0x80003c18 (0x0068ed33) or      s10, a7, t1
core   0: 3 0x80003c18 (0x0068ed33) x26 0xfffffff4
core   0: 0x80003c1c (0x02affc33) remu    s8, t6, a0
core   0: 3 0x80003c1c (0x02affc33) x24 0x80018ce4
core   0: 0x80003c20 (0x03b2f633) remu    a2, t0, s11
core   0: 3 0x80003c20 (0x03b2f633) x12 0x00000010
core   0: 0x80003c24 (0x00e396b3) sll     a3, t2, a4
core   0: 3 0x80003c24 (0x00e396b3) x13 0x7ffe76ee
core   0: 0x80003c28 (0x417dd833) sra     a6, s11, s7
core   0: 3 0x80003c28 (0x417dd833) x16 0x00000000
core   0: 0x80003c2c (0x01399e93) slli    t4, s3, 19
core   0: 3 0x80003c2c (0x01399e93) x29 0x2f280000
core   0: 0x80003c30 (0x0155d993) srli    s3, a1, 21
core   0: 3 0x80003c30 (0x0155d993) x19 0x000003a5
core   0: 0x80003c34 (0x0381c6b3) div     a3, gp, s8
core   0: 3 0x80003c34 (0x0381c6b3) x13 0x00000000
core   0: 0x80003c38 (0x0344e8b3) rem     a7, s1, s4
core   0: 3 0x80003c38 (0x0344e8b3) x17 0x00000001
core   0: 0x80003c3c (0x00189993) slli    s3, a7, 1
core   0: 3 0x80003c3c (0x00189993) x19 0x00000002
core   0: 0x80003c40 (0x00000013) nop
core   0: 3 0x80003c40 (0x00000013)
core   0: 0x80003c44 (0x01ce5813) srli    a6, t3, 28
core   0: 3 0x80003c44 (0x01ce5813) x16 0x00000008
core   0: 0x80003c48 (0x6514ef13) ori     t5, s1, 1617
core   0: 3 0x80003c48 (0x6514ef13) x30 0x00000651
core   0: 0x80003c4c (0x00e5f5b3) and     a1, a1, a4
core   0: 3 0x80003c4c (0x00e5f5b3) x11 0x00000000
core   0: 0x80003c50 (0x415e8cb3) sub     s9, t4, s5
core   0: 3 0x80003c50 (0x415e8cb3) x25 0x2f27f9eb
core   0: 0x80003c54 (0x034dbc33) mulhu   s8, s11, s4
core   0: 3 0x80003c54 (0x034dbc33) x24 0x00000000
core   0: 0x80003c58 (0x01ae40b3) xor     ra, t3, s10
core   0: 3 0x80003c58 (0x01ae40b3) x 1 0x7ffe7310
core   0: 0x80003c5c (0x01c09e93) slli    t4, ra, 28
core   0: 3 0x80003c5c (0x01c09e93) x29 0x00000000
core   0: 0x80003c60 (0x41e4d193) srai    gp, s1, 30
core   0: 3 0x80003c60 (0x41e4d193) x 3 0x00000000
core   0: 0x80003c64 (0x00d21813) slli    a6, tp, 13
core   0: 3 0x80003c64 (0x00d21813) x16 0x00000000
core   0: 0x80003c68 (0x00000013) nop
core   0: 3 0x80003c68 (0x00000013)
core   0: 0x80003c6c (0x00dc59b3) srl     s3, s8, a3
core   0: 3 0x80003c6c (0x00dc59b3) x19 0x00000000
core   0: 0x80003c70 (0x9a45c513) xori    a0, a1, -1628
core   0: 3 0x80003c70 (0x9a45c513) x10 0xfffff9a4
core   0: 0x80003c74 (0x024c9eb3) mulh    t4, s9, tp
core   0: 3 0x80003c74 (0x024c9eb3) x29 0x00000000
core   0: 0x80003c78 (0x03eca033) mulhsu  zero, s9, t5
core   0: 3 0x80003c78 (0x03eca033)
core   0: 0x80003c7c (0x40db0633) sub     a2, s6, a3
core   0: 3 0x80003c7c (0x40db0633) x12 0x00000000
core   0: 0x80003c80 (0x008c51b3) srl     gp, s8, s0
core   0: 3 0x80003c80 (0x008c51b3) x 3 0x00000000
core   0: 0x80003c84 (0x00654033) xor     zero, a0, t1
core   0: 3 0x80003c84 (0x00654033)
core   0: 0x80003c88 (0x40e45c33) sra     s8, s0, a4
core   0: 3 0x80003c88 (0x40e45c33) x24 0x80018ce5
core   0: 0x80003c8c (0x03e61833) mulh    a6, a2, t5
core   0: 3 0x80003c8c (0x03e61833) x16 0x00000000
core   0: 0x80003c90 (0x64dec213) xori    tp, t4, 1613
core   0: 3 0x80003c90 (0x64dec213) x 4 0x0000064d
core   0: 0x80003c94 (0x4097d0b3) sra     ra, a5, s1
core   0: 3 0x80003c94 (0x4097d0b3) x 1 0x00000000
core   0: 0x80003c98 (0x00c268b3) or      a7, tp, a2
core   0: 3 0x80003c98 (0x00c268b3) x17 0x0000064d
core   0: 0x80003c9c (0x4060dcb3) sra     s9, ra, t1
core   0: 3 0x80003c9c (0x4060dcb3) x25 0x00000000
core   0: 0x80003ca0 (0x01815493) srli    s1, sp, 24
core   0: 3 0x80003ca0 (0x01815493) x 9 0x00000000
core   0: 0x80003ca4 (0x0362bfb3) mulhu   t6, t0, s6
core   0: 3 0x80003ca4 (0x0362bfb3) x31 0x00000000
core   0: 0x80003ca8 (0x41115993) srai    s3, sp, 17
core   0: 3 0x80003ca8 (0x41115993) x19 0x00000000
core   0: 0x80003cac (0x0dc4c217) auipc   tp, 0xdc4c
core   0: 3 0x80003cac (0x0dc4c217) x 4 0x8dc4fcac
core   0: 0x80003cb0 (0x035f5833) divu    a6, t5, s5
core   0: 3 0x80003cb0 (0x035f5833) x16 0x00000001
core   0: 0x80003cb4 (0x40350eb3) sub     t4, a0, gp
core   0: 3 0x80003cb4 (0x40350eb3) x29 0xfffff9a4
core   0: 0x80003cb8 (0x00b1a833) slt     a6, gp, a1
core   0: 3 0x80003cb8 (0x00b1a833) x16 0x00000000
core   0: 0x80003cbc (0x00fb94b3) sll     s1, s7, a5
core   0: 3 0x80003cbc (0x00fb94b3) x 9 0xf5865c14
core   0: 0x80003cc0 (0x02341333) mulh    t1, s0, gp
core   0: 3 0x80003cc0 (0x02341333) x 6 0x00000000
core   0: 0x80003cc4 (0x407bd413) srai    s0, s7, 7
core   0: 3 0x80003cc4 (0x407bd413) x 8 0xffeb0cb8
core   0: 0x80003cc8 (0x01d55893) srli    a7, a0, 29
core   0: 3 0x80003cc8 (0x01d55893) x17 0x00000007
core   0: 0x80003ccc (0x028bc333) div     t1, s7, s0
core   0: 3 0x80003ccc (0x028bc333) x 6 0x0000007f
core   0: 0x80003cd0 (0x00940a33) add     s4, s0, s1
core   0: 3 0x80003cd0 (0x00940a33) x20 0xf57168cc
core   0: 0x80003cd4 (0x02b8a533) mulhsu  a0, a7, a1
core   0: 3 0x80003cd4 (0x02b8a533) x10 0x00000000
core   0: 0x80003cd8 (0x8a042a13) slti    s4, s0, -1888
core   0: 3 0x80003cd8 (0x8a042a13) x20 0x00000001
core   0: 0x80003cdc (0x4148dd13) srai    s10, a7, 20
core   0: 3 0x80003cdc (0x4148dd13) x26 0x00000000
core   0: 0x80003ce0 (0x018136b3) sltu    a3, sp, s8
core   0: 3 0x80003ce0 (0x018136b3) x13 0x00000001
core   0: 0x80003ce4 (0x0231c1b3) div     gp, gp, gp
core   0: 3 0x80003ce4 (0x0231c1b3) x 3 0xffffffff
core   0: 0x80003ce8 (0x035e2c33) mulhsu  s8, t3, s5
core   0: 3 0x80003ce8 (0x035e2c33) x24 0xfffffcf5
core   0: 0x80003cec (0x011af8b3) and     a7, s5, a7
core   0: 3 0x80003cec (0x011af8b3) x17 0x00000005
core   0: 0x80003cf0 (0x41e45533) sra     a0, s0, t5
core   0: 3 0x80003cf0 (0x41e45533) x10 0xfffffff5
core   0: 0x80003cf4 (0x03f138b3) mulhu   a7, sp, t6
core   0: 3 0x80003cf4 (0x03f138b3) x17 0x00000000
core   0: 0x80003cf8 (0x8a7a8693) addi    a3, s5, -1881
core   0: 3 0x80003cf8 (0x8a7a8693) x13 0xfffffebc
core   0: 0x80003cfc (0x02146833) rem     a6, s0, ra
core   0: 3 0x80003cfc (0x02146833) x16 0xffeb0cb8
core   0: 0x80003d00 (0x0060e333) or      t1, ra, t1
core   0: 3 0x80003d00 (0x0060e333) x 6 0x0000007f
core   0: 0x80003d04 (0x0112eeb3) or      t4, t0, a7
core   0: 3 0x80003d04 (0x0112eeb3) x29 0x80014e64
core   0: 0x80003d08 (0xf8c8ca17) auipc   s4, 0xf8c8c
core   0: 3 0x80003d08 (0xf8c8ca17) x20 0x78c8fd08
core   0: 0x80003d0c (0xbe632493) slti    s1, t1, -1050
core   0: 3 0x80003d0c (0xbe632493) x 9 0x00000000
core   0: 0x80003d10 (0x03704c33) div     s8, zero, s7
core   0: 3 0x80003d10 (0x03704c33) x24 0x00000000
core   0: 0x80003d14 (0x01937a33) and     s4, t1, s9
core   0: 3 0x80003d14 (0x01937a33) x20 0x00000000
core   0: 0x80003d18 (0x7b3b6593) ori     a1, s6, 1971
core   0: 3 0x80003d18 (0x7b3b6593) x11 0x000007b3
core   0: 0x80003d1c (0x00a31713) slli    a4, t1, 10
core   0: 3 0x80003d1c (0x00a31713) x14 0x0001fc00
core   0: 0x80003d20 (0x01d030b3) snez    ra, t4
core   0: 3 0x80003d20 (0x01d030b3) x 1 0x00000001
core   0: 0x80003d24 (0x418b0a33) sub     s4, s6, s8
core   0: 3 0x80003d24 (0x418b0a33) x20 0x00000000
core   0: 0x80003d28 (0x2c29eb93) ori     s7, s3, 706
core   0: 3 0x80003d28 (0x2c29eb93) x23 0x000002c2
core   0: 0x80003d2c (0x010faf33) slt     t5, t6, a6
core   0: 3 0x80003d2c (0x010faf33) x30 0x00000000
core   0: 0x80003d30 (0x0019e8b3) or      a7, s3, ra
core   0: 3 0x80003d30 (0x0019e8b3) x17 0x00000001
core   0: 0x80003d34 (0x40058bb3) sub     s7, a1, zero
core   0: 3 0x80003d34 (0x40058bb3) x23 0x000007b3
core   0: 0x80003d38 (0x40add313) srai    t1, s11, 10
core   0: 3 0x80003d38 (0x40add313) x 6 0x00000000
core   0: 0x80003d3c (0x021e2233) mulhsu  tp, t3, ra
core   0: 3 0x80003d3c (0x021e2233) x 4 0xffffffff
core   0: 0x80003d40 (0x02bae833) rem     a6, s5, a1
core   0: 3 0x80003d40 (0x02bae833) x16 0x00000615
core   0: 0x80003d44 (0x00000013) nop
core   0: 3 0x80003d44 (0x00000013)
core   0: 0x80003d48 (0x40338433) sub     s0, t2, gp
core   0: 3 0x80003d48 (0x40338433) x 8 0x7ffe76ef
core   0: 0x80003d4c (0x002c9013) slli    zero, s9, 2
core   0: 3 0x80003d4c (0x002c9013)
core   0: 0x80003d50 (0xd61f2a13) slti    s4, t5, -671
core   0: 3 0x80003d50 (0xd61f2a13) x20 0x00000000
core   0: 0x80003d54 (0xca78a393) slti    t2, a7, -857
core   0: 3 0x80003d54 (0xca78a393) x 7 0x00000000
core   0: 0x80003d58 (0x410d0433) sub     s0, s10, a6
core   0: 3 0x80003d58 (0x410d0433) x 8 0xfffff9eb
core   0: 0x80003d5c (0x01f560b3) or      ra, a0, t6
core   0: 3 0x80003d5c (0x01f560b3) x 1 0xfffffff5
core   0: 0x80003d60 (0x0186ceb3) xor     t4, a3, s8
core   0: 3 0x80003d60 (0x0186ceb3) x29 0xfffffebc
core   0: 0x80003d64 (0x00e2c933) xor     s2, t0, a4
core   0: 3 0x80003d64 (0x00e2c933) x18 0x8000b264
core   0: 0x80003d68 (0xf996b793) sltiu   a5, a3, -103
core   0: 3 0x80003d68 (0xf996b793) x15 0x00000001
core   0: 0x80003d6c (0x4165d533) sra     a0, a1, s6
core   0: 3 0x80003d6c (0x4165d533) x10 0x000007b3
core   0: 0x80003d70 (0x005466b3) or      a3, s0, t0
core   0: 3 0x80003d70 (0x005466b3) x13 0xffffffef
core   0: 0x80003d74 (0x01d415b3) sll     a1, s0, t4
core   0: 3 0x80003d74 (0x01d415b3) x11 0xb0000000
core   0: 0x80003d78 (0x4130d593) srai    a1, ra, 19
core   0: 3 0x80003d78 (0x4130d593) x11 0xffffffff
core   0: 0x80003d7c (0x019a1833) sll     a6, s4, s9
core   0: 3 0x80003d7c (0x019a1833) x16 0x00000000
core   0: 0x80003d80 (0x03406cb3) rem     s9, zero, s4
core   0: 3 0x80003d80 (0x03406cb3) x25 0x00000000
core   0: 0x80003d84 (0x618c2b93) slti    s7, s8, 1560
core   0: 3 0x80003d84 (0x618c2b93) x23 0x00000001
core   0: 0x80003d88 (0x82847b93) andi    s7, s0, -2008
core   0: 3 0x80003d88 (0x82847b93) x23 0xfffff828
core   0: 0x80003d8c (0x00815213) srli    tp, sp, 8
core   0: 3 0x80003d8c (0x00815213) x 4 0x00000000
core   0: 0x80003d90 (0x02195633) divu    a2, s2, ra
core   0: 3 0x80003d90 (0x02195633) x12 0x00000000
core   0: 0x80003d94 (0x03c3f033) remu    zero, t2, t3
core   0: 3 0x80003d94 (0x03c3f033)
core   0: 0x80003d98 (0x01f1c233) xor     tp, gp, t6
core   0: 3 0x80003d98 (0x01f1c233) x 4 0xffffffff
core   0: 0x80003d9c (0x01ea1f13) slli    t5, s4, 30
core   0: 3 0x80003d9c (0x01ea1f13) x30 0x00000000
core   0: 0x80003da0 (0x41398eb3) sub     t4, s3, s3
core   0: 3 0x80003da0 (0x41398eb3) x29 0x00000000
core   0: 0x80003da4 (0x034165b3) rem     a1, sp, s4
core   0: 3 0x80003da4 (0x034165b3) x11 0x00000008
core   0: 0x80003da8 (0x022ac9b3) div     s3, s5, sp
core   0: 3 0x80003da8 (0x022ac9b3) x19 0x000000c2
core   0: 0x80003dac (0x00000013) nop
core   0: 3 0x80003dac (0x00000013)
core   0: 0x80003db0 (0x03f618b3) mulh    a7, a2, t6
core   0: 3 0x80003db0 (0x03f618b3) x17 0x00000000
core   0: 0x80003db4 (0x007ea7b3) slt     a5, t4, t2
core   0: 3 0x80003db4 (0x007ea7b3) x15 0x00000000
core   0: 0x80003db8 (0x00b0e033) or      zero, ra, a1
core   0: 3 0x80003db8 (0x00b0e033)
core   0: 0x80003dbc (0x40185a33) sra     s4, a6, ra
core   0: 3 0x80003dbc (0x40185a33) x20 0x00000000
core   0: 0x80003dc0 (0x01b2d093) srli    ra, t0, 27
core   0: 3 0x80003dc0 (0x01b2d093) x 1 0x00000010
core   0: 0x80003dc4 (0xb5446c17) auipc   s8, 0xb5446
core   0: 3 0x80003dc4 (0xb5446c17) x24 0x35449dc4
core   0: 0x80003dc8 (0x01b54fb3) xor     t6, a0, s11
core   0: 3 0x80003dc8 (0x01b54fb3) x31 0x000007a1
core   0: 0x80003dcc (0x00dcc933) xor     s2, s9, a3
core   0: 3 0x80003dcc (0x00dcc933) x18 0xffffffef
core   0: 0x80003dd0 (0x0157a433) slt     s0, a5, s5
core   0: 3 0x80003dd0 (0x0157a433) x 8 0x00000001
core   0: 0x80003dd4 (0xbf906cb7) lui     s9, 0xbf906
core   0: 3 0x80003dd4 (0xbf906cb7) x25 0xbf906000
core   0: 0x80003dd8 (0x0169c7b3) xor     a5, s3, s6
core   0: 3 0x80003dd8 (0x0169c7b3) x15 0x000000c2
core   0: 0x80003ddc (0x013b0bb3) add     s7, s6, s3
core   0: 3 0x80003ddc (0x013b0bb3) x23 0x000000c2
core   0: 0x80003de0 (0x55c67c13) andi    s8, a2, 1372
core   0: 3 0x80003de0 (0x55c67c13) x24 0x00000000
core   0: 0x80003de4 (0x40eb0433) sub     s0, s6, a4
core   0: 3 0x80003de4 (0x40eb0433) x 8 0xfffe0400
core   0: 0x80003de8 (0x010ab3b3) sltu    t2, s5, a6
core   0: 3 0x80003de8 (0x010ab3b3) x 7 0x00000000
core   0: 0x80003dec (0x411b5433) sra     s0, s6, a7
core   0: 3 0x80003dec (0x411b5433) x 8 0x00000000
core   0: 0x80003df0 (0xc32d8a13) addi    s4, s11, -974
core   0: 3 0x80003df0 (0xc32d8a13) x20 0xfffffc44
core   0: 0x80003df4 (0x0094c033) xor     zero, s1, s1
core   0: 3 0x80003df4 (0x0094c033)
core   0: 0x80003df8 (0x56d90393) addi    t2, s2, 1389
core   0: 3 0x80003df8 (0x56d90393) x 7 0x0000055c
core   0: 0x80003dfc (0x997ffd93) andi    s11, t6, -1641
core   0: 3 0x80003dfc (0x997ffd93) x27 0x00000181
core   0: 0x80003e00 (0x9b7a7c93) andi    s9, s4, -1609
core   0: 3 0x80003e00 (0x9b7a7c93) x25 0xfffff804
core   0: 0x80003e04 (0x00000013) nop
core   0: 3 0x80003e04 (0x00000013)
core   0: 0x80003e08 (0x00a3f633) and     a2, t2, a0
core   0: 3 0x80003e08 (0x00a3f633) x12 0x00000510
core   0: 0x80003e0c (0x023886b3) mul     a3, a7, gp
core   0: 3 0x80003e0c (0x023886b3) x13 0x00000000
core   0: 0x80003e10 (0x0073a933) slt     s2, t2, t2
core   0: 3 0x80003e10 (0x0073a933) x18 0x00000000
core   0: 0x80003e14 (0x1cdbf893) andi    a7, s7, 461
core   0: 3 0x80003e14 (0x1cdbf893) x17 0x000000c0
core   0: 0x80003e18 (0x4054d0b3) sra     ra, s1, t0
core   0: 3 0x80003e18 (0x4054d0b3) x 1 0x00000000
core   0: 0x80003e1c (0x00a5c733) xor     a4, a1, a0
core   0: 3 0x80003e1c (0x00a5c733) x14 0x000007bb
core   0: 0x80003e20 (0x41370bb3) sub     s7, a4, s3
core   0: 3 0x80003e20 (0x41370bb3) x23 0x000006f9
core   0: 0x80003e24 (0x02cdfa33) remu    s4, s11, a2
core   0: 3 0x80003e24 (0x02cdfa33) x20 0x00000181
core   0: 0x80003e28 (0x9d821097) auipc   ra, 0x9d821
core   0: 3 0x80003e28 (0x9d821097) x 1 0x1d824e28
core   0: 0x80003e2c (0x60bb7517) auipc   a0, 0x60bb7
core   0: 3 0x80003e2c (0x60bb7517) x10 0xe0bbae2c
core   0: 0x80003e30 (0x0030a633) slt     a2, ra, gp
core   0: 3 0x80003e30 (0x0030a633) x12 0x00000000
core   0: 0x80003e34 (0x01500a33) add     s4, zero, s5
core   0: 3 0x80003e34 (0x01500a33) x20 0x00000615
core   0: 0x80003e38 (0x03eb85b3) mul     a1, s7, t5
core   0: 3 0x80003e38 (0x03eb85b3) x11 0x00000000
core   0: 0x80003e3c (0x6b826097) auipc   ra, 0x6b826
core   0: 3 0x80003e3c (0x6b826097) x 1 0xeb829e3c
core   0: 0x80003e40 (0x40cc8933) sub     s2, s9, a2
core   0: 3 0x80003e40 (0x40cc8933) x18 0xfffff804
core   0: 0x80003e44 (0x0283d033) divu    zero, t2, s0
core   0: 3 0x80003e44 (0x0283d033)
core   0: 0x80003e48 (0x05d28313) addi    t1, t0, 93
core   0: 3 0x80003e48 (0x05d28313) x 6 0x80014ec1
core   0: 0x80003e4c (0x024cc433) div     s0, s9, tp
core   0: 3 0x80003e4c (0x024cc433) x 8 0x000007fc
core   0: 0x80003e50 (0x03d39933) mulh    s2, t2, t4
core   0: 3 0x80003e50 (0x03d39933) x18 0x00000000
core   0: 0x80003e54 (0x03b4bc33) mulhu   s8, s1, s11
core   0: 3 0x80003e54 (0x03b4bc33) x24 0x00000000
core   0: 0x80003e58 (0x00cd5033) srl     zero, s10, a2
core   0: 3 0x80003e58 (0x00cd5033)
core   0: 0x80003e5c (0x63b2e693) ori     a3, t0, 1595
core   0: 3 0x80003e5c (0x63b2e693) x13 0x80014e7f
core   0: 0x80003e60 (0x015a5533) srl     a0, s4, s5
core   0: 3 0x80003e60 (0x015a5533) x10 0x00000000
core   0: 0x80003e64 (0x4071db33) sra     s6, gp, t2
core   0: 3 0x80003e64 (0x4071db33) x22 0xffffffff
core   0: 0x80003e68 (0x0067fbb3) and     s7, a5, t1
core   0: 3 0x80003e68 (0x0067fbb3) x23 0x000000c0
core   0: 0x80003e6c (0x00000013) nop
core   0: 3 0x80003e6c (0x00000013)
core   0: 0x80003e70 (0x02398db3) mul     s11, s3, gp
core   0: 3 0x80003e70 (0x02398db3) x27 0xffffff3e
core   0: 0x80003e74 (0x029b83b3) mul     t2, s7, s1
core   0: 3 0x80003e74 (0x029b83b3) x 7 0x00000000
core   0: 0x80003e78 (0x64f28f93) addi    t6, t0, 1615
core   0: 3 0x80003e78 (0x64f28f93) x31 0x800154b3
core   0: 0x80003e7c (0x7640b317) auipc   t1, 0x7640b
core   0: 3 0x80003e7c (0x7640b317) x 6 0xf640ee7c
core   0: 0x80003e80 (0x63202b17) auipc   s6, 0x63202
core   0: 3 0x80003e80 (0x63202b17) x22 0xe3205e80
core   0: 0x80003e84 (0x90a64613) xori    a2, a2, -1782
core   0: 3 0x80003e84 (0x90a64613) x12 0xfffff90a
core   0: 0x80003e88 (0x039598b3) mulh    a7, a1, s9
core   0: 3 0x80003e88 (0x039598b3) x17 0x00000000
core   0: 0x80003e8c (0x03204233) div     tp, zero, s2
core   0: 3 0x80003e8c (0x03204233) x 4 0xffffffff
core   0: 0x80003e90 (0x035d4433) div     s0, s10, s5
core   0: 3 0x80003e90 (0x035d4433) x 8 0x00000000
core   0: 0x80003e94 (0xa43b7f13) andi    t5, s6, -1469
core   0: 3 0x80003e94 (0xa43b7f13) x30 0xe3205a00
core   0: 0x80003e98 (0x0094a733) slt     a4, s1, s1
core   0: 3 0x80003e98 (0x0094a733) x14 0x00000000
core   0: 0x80003e9c (0x025df033) remu    zero, s11, t0
core   0: 3 0x80003e9c (0x025df033)
core   0: 0x80003ea0 (0x6f64ba93) sltiu   s5, s1, 1782
core   0: 3 0x80003ea0 (0x6f64ba93) x21 0x00000001
core   0: 0x80003ea4 (0xfa014613) xori    a2, sp, -96
core   0: 3 0x80003ea4 (0xfa014613) x12 0xffffffa8
core   0: 0x80003ea8 (0x032638b3) mulhu   a7, a2, s2
core   0: 3 0x80003ea8 (0x032638b3) x17 0x00000000
core   0: 0x80003eac (0x03beb7b3) mulhu   a5, t4, s11
core   0: 3 0x80003eac (0x03beb7b3) x15 0x00000000
core   0: 0x80003eb0 (0x01425ab3) srl     s5, tp, s4
core   0: 3 0x80003eb0 (0x01425ab3) x21 0x000007ff
core   0: 0x80003eb4 (0x70e07c13) andi    s8, zero, 1806
core   0: 3 0x80003eb4 (0x70e07c13) x24 0x00000000
core   0: 0x80003eb8 (0x40a7d233) sra     tp, a5, a0
core   0: 3 0x80003eb8 (0x40a7d233) x 4 0x00000000
core   0: 0x80003ebc (0x40b45b33) sra     s6, s0, a1
core   0: 3 0x80003ebc (0x40b45b33) x22 0x00000000
core   0: 0x80003ec0 (0xe24ab093) sltiu   ra, s5, -476
core   0: 3 0x80003ec0 (0xe24ab093) x 1 0x00000001
core   0: 0x80003ec4 (0x01b440b3) xor     ra, s0, s11
core   0: 3 0x80003ec4 (0x01b440b3) x 1 0xffffff3e
core   0: 0x80003ec8 (0xa0478d93) addi    s11, a5, -1532
core   0: 3 0x80003ec8 (0xa0478d93) x27 0xfffffa04
core   0: 0x80003ecc (0x02eff6b3) remu    a3, t6, a4
core   0: 3 0x80003ecc (0x02eff6b3) x13 0x800154b3
core   0: 0x80003ed0 (0x00000013) nop
core   0: 3 0x80003ed0 (0x00000013)
core   0: 0x80003ed4 (0x0094d733) srl     a4, s1, s1
core   0: 3 0x80003ed4 (0x0094d733) x14 0x00000000
core   0: 0x80003ed8 (0x6bf00b13) li      s6, 1727
core   0: 3 0x80003ed8 (0x6bf00b13) x22 0x000006bf
core   0: 0x80003edc (0xd0a1bc93) sltiu   s9, gp, -758
core   0: 3 0x80003edc (0xd0a1bc93) x25 0x00000000
core   0: 0x80003ee0 (0x01f37c33) and     s8, t1, t6
core   0: 3 0x80003ee0 (0x01f37c33) x24 0x80004430
core   0: 0x80003ee4 (0x02333233) mulhu   tp, t1, gp
core   0: 3 0x80003ee4 (0x02333233) x 4 0xf640ee7b
core   0: 0x80003ee8 (0x00a3e4b3) or      s1, t2, a0
core   0: 3 0x80003ee8 (0x00a3e4b3) x 9 0x00000000
core   0: 0x80003eec (0x406b0833) sub     a6, s6, t1
core   0: 3 0x80003eec (0x406b0833) x16 0x09bf1843
core   0: 0x80003ef0 (0x01737ab3) and     s5, t1, s7
core   0: 3 0x80003ef0 (0x01737ab3) x21 0x00000040
core   0: 0x80003ef4 (0xb205e613) ori     a2, a1, -1248
core   0: 3 0x80003ef4 (0xb205e613) x12 0xfffffb20
core   0: 0x80003ef8 (0x02a3fb33) remu    s6, t2, a0
core   0: 3 0x80003ef8 (0x02a3fb33) x22 0x00000000
core   0: 0x80003efc (0x02520db3) mul     s11, tp, t0
core   0: 3 0x80003efc (0x02520db3) x27 0x6881a20c
core   0: 0x80003f00 (0x57084237) lui     tp, 0x57084
core   0: 3 0x80003f00 (0x57084237) x 4 0x57084000
core   0: 0x80003f04 (0x01cd49b3) xor     s3, s10, t3
core   0: 3 0x80003f04 (0x01cd49b3) x19 0x80018ce4
core   0: 0x80003f08 (0x023f37b3) mulhu   a5, t5, gp
core   0: 3 0x80003f08 (0x023f37b3) x15 0xe32059ff
core   0: 0x80003f0c (0x9e473013) sltiu   zero, a4, -1564
core   0: 3 0x80003f0c (0x9e473013)
core   0: 0x80003f10 (0x02cd3233) mulhu   tp, s10, a2
core   0: 3 0x80003f10 (0x02cd3233) x 4 0x00000000
core   0: 0x80003f14 (0x403ad313) srai    t1, s5, 3
core   0: 3 0x80003f14 (0x403ad313) x 6 0x00000008
core   0: 0x80003f18 (0x03aa4533) div     a0, s4, s10
core   0: 3 0x80003f18 (0x03aa4533) x10 0xffffffff
core   0: 0x80003f1c (0xa8138a97) auipc   s5, 0xa8138
core   0: 3 0x80003f1c (0xa8138a97) x21 0x2813bf1c
core   0: 0x80003f20 (0x00d39913) slli    s2, t2, 13
core   0: 3 0x80003f20 (0x00d39913) x18 0x00000000
core   0: 0x80003f24 (0x415dd993) srai    s3, s11, 21
core   0: 3 0x80003f24 (0x415dd993) x19 0x00000344
core   0: 0x80003f28 (0x41655b13) srai    s6, a0, 22
core   0: 3 0x80003f28 (0x41655b13) x22 0xffffffff
core   0: 0x80003f2c (0x01a3d613) srli    a2, t2, 26
core   0: 3 0x80003f2c (0x01a3d613) x12 0x00000000
core   0: 0x80003f30 (0x03a50933) mul     s2, a0, s10
core   0: 3 0x80003f30 (0x03a50933) x18 0x00000000
core   0: 0x80003f34 (0x0380d933) divu    s2, ra, s8
core   0: 3 0x80003f34 (0x0380d933) x18 0x00000001
core   0: 0x80003f38 (0x418f81b3) sub     gp, t6, s8
core   0: 3 0x80003f38 (0x418f81b3) x 3 0x00011083
core   0: 0x80003f3c (0x0010db13) srli    s6, ra, 1
core   0: 3 0x80003f3c (0x0010db13) x22 0x7fffff9f
core   0: 0x80003f40 (0x02bbc9b3) div     s3, s7, a1
core   0: 3 0x80003f40 (0x02bbc9b3) x19 0xffffffff
core   0: 0x80003f44 (0x00aa36b3) sltu    a3, s4, a0
core   0: 3 0x80003f44 (0x00aa36b3) x13 0x00000001
core   0: 0x80003f48 (0x40ec05b3) sub     a1, s8, a4
core   0: 3 0x80003f48 (0x40ec05b3) x11 0x80004430
core   0: 0x80003f4c (0x022fb533) mulhu   a0, t6, sp
core   0: 3 0x80003f4c (0x022fb533) x10 0x00000004
core   0: 0x80003f50 (0xf4cae493) ori     s1, s5, -180
core   0: 3 0x80003f50 (0xf4cae493) x 9 0xffffff5c
core   0: 0x80003f54 (0x007c43b3) xor     t2, s8, t2
core   0: 3 0x80003f54 (0x007c43b3) x 7 0x80004430
core   0: 0x80003f58 (0x02e67533) remu    a0, a2, a4
core   0: 3 0x80003f58 (0x02e67533) x10 0x00000000
core   0: 0x80003f5c (0x011eb233) sltu    tp, t4, a7
core   0: 3 0x80003f5c (0x011eb233) x 4 0x00000000
core   0: 0x80003f60 (0x02687b33) remu    s6, a6, t1
core   0: 3 0x80003f60 (0x02687b33) x22 0x00000003
core   0: 0x80003f64 (0x0127f7b3) and     a5, a5, s2
core   0: 3 0x80003f64 (0x0127f7b3) x15 0x00000001
core   0: 0x80003f68 (0x00ab1193) slli    gp, s6, 10
core   0: 3 0x80003f68 (0x00ab1193) x 3 0x00000c00
core   0: 0x80003f6c (0x41a183b3) sub     t2, gp, s10
core   0: 3 0x80003f6c (0x41a183b3) x 7 0x00000c00
core   0: 0x80003f70 (0x01f5dab3) srl     s5, a1, t6
core   0: 3 0x80003f70 (0x01f5dab3) x21 0x00001000
core   0: 0x80003f74 (0x41875333) sra     t1, a4, s8
core   0: 3 0x80003f74 (0x41875333) x 6 0x00000000
core   0: 0x80003f78 (0x41b85a93) srai    s5, a6, 27
core   0: 3 0x80003f78 (0x41b85a93) x21 0x00000001
core   0: 0x80003f7c (0xde0a3417) auipc   s0, 0xde0a3
core   0: 3 0x80003f7c (0xde0a3417) x 8 0x5e0a6f7c
core   0: 0x80003f80 (0x61ccab13) slti    s6, s9, 1564
core   0: 3 0x80003f80 (0x61ccab13) x22 0x00000001
core   0: 0x80003f84 (0x01031ab3) sll     s5, t1, a6
core   0: 3 0x80003f84 (0x01031ab3) x21 0x00000000
core   0: 0x80003f88 (0x60514d93) xori    s11, sp, 1541
core   0: 3 0x80003f88 (0x60514d93) x27 0x0000060d
core   0: 0x80003f8c (0x009e8b33) add     s6, t4, s1
core   0: 3 0x80003f8c (0x009e8b33) x22 0xffffff5c
core   0: 0x80003f90 (0x00835eb3) srl     t4, t1, s0
core   0: 3 0x80003f90 (0x00835eb3) x29 0x00000000
core   0: 0x80003f94 (0x01756b33) or      s6, a0, s7
core   0: 3 0x80003f94 (0x01756b33) x22 0x000000c0
core   0: 0x80003f98 (0x02b04fb3) div     t6, zero, a1
core   0: 3 0x80003f98 (0x02b04fb3) x31 0x00000000
core   0: 0x80003f9c (0x03960f33) mul     t5, a2, s9
core   0: 3 0x80003f9c (0x03960f33) x30 0x00000000
core   0: 0x80003fa0 (0x039bb0b3) mulhu   ra, s7, s9
core   0: 3 0x80003fa0 (0x039bb0b3) x 1 0x00000000
core   0: 0x80003fa4 (0x00a85933) srl     s2, a6, a0
core   0: 3 0x80003fa4 (0x00a85933) x18 0x09bf1843
core   0: 0x80003fa8 (0x9ce660b7) lui     ra, 0x9ce66
core   0: 3 0x80003fa8 (0x9ce660b7) x 1 0x9ce66000
core   0: 0x80003fac (0x015edc13) srli    s8, t4, 21
core   0: 3 0x80003fac (0x015edc13) x24 0x00000000
core   0: 0x80003fb0 (0xa9f57217) auipc   tp, 0xa9f57
core   0: 3 0x80003fb0 (0xa9f57217) x 4 0x29f5afb0
core   0: 0x80003fb4 (0x40fb5193) srai    gp, s6, 15
core   0: 3 0x80003fb4 (0x40fb5193) x 3 0x00000000
core   0: 0x80003fb8 (0x0025c833) xor     a6, a1, sp
core   0: 3 0x80003fb8 (0x0025c833) x16 0x80004438
core   0: 0x80003fbc (0x04f10097) auipc   ra, 0x4f10
core   0: 3 0x80003fbc (0x04f10097) x 1 0x84f13fbc
core   0: 0x80003fc0 (0x00000013) nop
core   0: 3 0x80003fc0 (0x00000013)
core   0: 0x80003fc4 (0x039cf933) remu    s2, s9, s9
core   0: 3 0x80003fc4 (0x039cf933) x18 0x00000000
core   0: 0x80003fc8 (0x0335ceb3) div     t4, a1, s3
core   0: 3 0x80003fc8 (0x0335ceb3) x29 0x7fffbbd0
core   0: 0x80003fcc (0x0258c0b3) div     ra, a7, t0
core   0: 3 0x80003fcc (0x0258c0b3) x 1 0x00000000
core   0: 0x80003fd0 (0xee6a8893) addi    a7, s5, -282
core   0: 3 0x80003fd0 (0xee6a8893) x17 0xfffffee6
core   0: 0x80003fd4 (0xde2e2613) slti    a2, t3, -542
core   0: 3 0x80003fd4 (0xde2e2613) x12 0x00000001
core   0: 0x80003fd8 (0x0129ecb3) or      s9, s3, s2
core   0: 3 0x80003fd8 (0x0129ecb3) x25 0xffffffff
core   0: 0x80003fdc (0x01ac1ab3) sll     s5, s8, s10
core   0: 3 0x80003fdc (0x01ac1ab3) x21 0x00000000
core   0: 0x80003fe0 (0x01d29313) slli    t1, t0, 29
core   0: 3 0x80003fe0 (0x01d29313) x 6 0x80000000
core   0: 0x80003fe4 (0xeac2fa93) andi    s5, t0, -340
core   0: 3 0x80003fe4 (0xeac2fa93) x21 0x80014e24
core   0: 0x80003fe8 (0x41d65a33) sra     s4, a2, t4
core   0: 3 0x80003fe8 (0x41d65a33) x20 0x00000000
core   0: 0x80003fec (0x0302e3b3) rem     t2, t0, a6
core   0: 3 0x80003fec (0x0302e3b3) x 7 0x80014e64
core   0: 0x80003ff0 (0x012f6333) or      t1, t5, s2
core   0: 3 0x80003ff0 (0x012f6333) x 6 0x00000000
core   0: 0x80003ff4 (0x03fd2333) mulhsu  t1, s10, t6
core   0: 3 0x80003ff4 (0x03fd2333) x 6 0x00000000
core   0: 0x80003ff8 (0xcdd8ca93) xori    s5, a7, -803
core   0: 3 0x80003ff8 (0xcdd8ca93) x21 0x0000023b
core   0: 0x80003ffc (0xc53a2d13) slti    s10, s4, -941
core   0: 3 0x80003ffc (0xc53a2d13) x26 0x00000000
core   0: 0x80004000 (0x009d9eb3) sll     t4, s11, s1
core   0: 3 0x80004000 (0x009d9eb3) x29 0xd0000000
core   0: 0x80004004 (0x41bed733) sra     a4, t4, s11
core   0: 3 0x80004004 (0x41bed733) x14 0xfffe8000
core   0: 0x80004008 (0x7e7991b7) lui     gp, 0x7e799
core   0: 3 0x80004008 (0x7e7991b7) x 3 0x7e799000
core   0: 0x8000400c (0x0389b0b3) mulhu   ra, s3, s8
core   0: 3 0x8000400c (0x0389b0b3) x 1 0x00000000
core   0: 0x80004010 (0x02380f33) mul     t5, a6, gp
core   0: 3 0x80004010 (0x02380f33) x30 0xf4d78000
core   0: 0x80004014 (0x00ec4a33) xor     s4, s8, a4
core   0: 3 0x80004014 (0x00ec4a33) x20 0xfffe8000
core   0: 0x80004018 (0x1b32a313) slti    t1, t0, 435
core   0: 3 0x80004018 (0x1b32a313) x 6 0x00000001
core   0: 0x8000401c (0x002063b3) or      t2, zero, sp
core   0: 3 0x8000401c (0x002063b3) x 7 0x00000008
core   0: 0x80004020 (0x0244f6b3) remu    a3, s1, tp
core   0: 3 0x80004020 (0x0244f6b3) x13 0x043de13c
core   0: 0x80004024 (0x80443613) sltiu   a2, s0, -2044
core   0: 3 0x80004024 (0x80443613) x12 0x00000001
core   0: 0x80004028 (0x280b8d13) addi    s10, s7, 640
core   0: 3 0x80004028 (0x280b8d13) x26 0x00000340
core   0: 0x8000402c (0x020747b3) div     a5, a4, zero
core   0: 3 0x8000402c (0x020747b3) x15 0xffffffff
core   0: 0x80004030 (0x005d6933) or      s2, s10, t0
core   0: 3 0x80004030 (0x005d6933) x18 0x80014f64
core   0: 0x80004034 (0x41dedd13) srai    s10, t4, 29
core   0: 3 0x80004034 (0x41dedd13) x26 0xfffffffe
core   0: 0x80004038 (0x00a304b3) add     s1, t1, a0
core   0: 3 0x80004038 (0x00a304b3) x 9 0x00000001
core   0: 0x8000403c (0x122d7f13) andi    t5, s10, 290
core   0: 3 0x8000403c (0x122d7f13) x30 0x00000122
core   0: 0x80004040 (0x12bde093) ori     ra, s11, 299
core   0: 3 0x80004040 (0x12bde093) x 1 0x0000072f
core   0: 0x80004044 (0x00a2d1b3) srl     gp, t0, a0
core   0: 3 0x80004044 (0x00a2d1b3) x 3 0x80014e64
core   0: 0x80004048 (0x29556a93) ori     s5, a0, 661
core   0: 3 0x80004048 (0x29556a93) x21 0x00000295
core   0: 0x8000404c (0x0324f7b3) remu    a5, s1, s2
core   0: 3 0x8000404c (0x0324f7b3) x15 0x00000001
core   0: 0x80004050 (0x00000013) nop
core   0: 3 0x80004050 (0x00000013)
core   0: 0x80004054 (0x013d9033) sll     zero, s11, s3
core   0: 3 0x80004054 (0x013d9033)
core   0: 0x80004058 (0x0006c0b3) xor     ra, a3, zero
core   0: 3 0x80004058 (0x0006c0b3) x 1 0x043de13c
core   0: 0x8000405c (0x02c3b0b3) mulhu   ra, t2, a2
core   0: 3 0x8000405c (0x02c3b0b3) x 1 0x00000000
core   0: 0x80004060 (0x036d27b3) mulhsu  a5, s10, s6
core   0: 3 0x80004060 (0x036d27b3) x15 0xffffffff
core   0: 0x80004064 (0x0198a0b3) slt     ra, a7, s9
core   0: 3 0x80004064 (0x0198a0b3) x 1 0x00000001
core   0: 0x80004068 (0x006c0c33) add     s8, s8, t1
core   0: 3 0x80004068 (0x006c0c33) x24 0x00000001
core   0: 0x8000406c (0x017d9a13) slli    s4, s11, 23
core   0: 3 0x8000406c (0x017d9a13) x20 0x06800000
core   0: 0x80004070 (0x01dbb6b3) sltu    a3, s7, t4
core   0: 3 0x80004070 (0x01dbb6b3) x13 0x00000001
core   0: 0x80004074 (0x4b43ad93) slti    s11, t2, 1204
core   0: 3 0x80004074 (0x4b43ad93) x27 0x00000001
core   0: 0x80004078 (0x01beefb3) or      t6, t4, s11
core   0: 3 0x80004078 (0x01beefb3) x31 0xd0000001
core   0: 0x8000407c (0x036c5333) divu    t1, s8, s6
core   0: 3 0x8000407c (0x036c5333) x 6 0x00000000
core   0: 0x80004080 (0x41075a33) sra     s4, a4, a6
core   0: 3 0x80004080 (0x41075a33) x20 0xffffffff
core   0: 0x80004084 (0x01c71693) slli    a3, a4, 28
core   0: 3 0x80004084 (0x01c71693) x13 0x00000000
core   0: 0x80004088 (0x03dd45b3) div     a1, s10, t4
core   0: 3 0x80004088 (0x03dd45b3) x11 0x00000000
core   0: 0x8000408c (0xfb456713) ori     a4, a0, -76
core   0: 3 0x8000408c (0xfb456713) x14 0xffffffb4
core   0: 0x80004090 (0x036f96b7) lui     a3, 0x36f9
core   0: 3 0x80004090 (0x036f96b7) x13 0x036f9000
core   0: 0x80004094 (0x020e41b3) div     gp, t3, zero
core   0: 3 0x80004094 (0x020e41b3) x 3 0xffffffff
core   0: 0x80004098 (0x003d3bb3) sltu    s7, s10, gp
core   0: 3 0x80004098 (0x003d3bb3) x23 0x00000001
core   0: 0x8000409c (0x01cbbf33) sltu    t5, s7, t3
core   0: 3 0x8000409c (0x01cbbf33) x30 0x00000001
core   0: 0x800040a0 (0x032ab1b3) mulhu   gp, s5, s2
core   0: 3 0x800040a0 (0x032ab1b3) x 3 0x0000014a
core   0: 0x800040a4 (0x00000013) nop
core   0: 3 0x800040a4 (0x00000013)
core   0: 0x800040a8 (0x7fa40893) addi    a7, s0, 2042
core   0: 3 0x800040a8 (0x7fa40893) x17 0x5e0a7776
core   0: 0x800040ac (0x00000013) nop
core   0: 3 0x800040ac (0x00000013)
core   0: 0x800040b0 (0x0b17a593) slti    a1, a5, 177
core   0: 3 0x800040b0 (0x0b17a593) x11 0x00000001
core   0: 0x800040b4 (0x40b75993) srai    s3, a4, 11
core   0: 3 0x800040b4 (0x40b75993) x19 0xffffffff
core   0: 0x800040b8 (0x00f6d813) srli    a6, a3, 15
core   0: 3 0x800040b8 (0x00f6d813) x16 0x000006df
core   0: 0x800040bc (0x47e80637) lui     a2, 0x47e80
core   0: 3 0x800040bc (0x47e80637) x12 0x47e80000
core   0: 0x800040c0 (0x00ea80b3) add     ra, s5, a4
core   0: 3 0x800040c0 (0x00ea80b3) x 1 0x00000249
core   0: 0x800040c4 (0x00d91d33) sll     s10, s2, a3
core   0: 3 0x800040c4 (0x00d91d33) x26 0x80014f64
core   0: 0x800040c8 (0x60dc8413) addi    s0, s9, 1549
core   0: 3 0x800040c8 (0x60dc8413) x 8 0x0000060c
core   0: 0x800040cc (0x00d7bfb3) sltu    t6, a5, a3
core   0: 3 0x800040cc (0x00d7bfb3) x31 0x00000000
core   0: 0x800040d0 (0x4c354a13) xori    s4, a0, 1219
core   0: 3 0x800040d0 (0x4c354a13) x20 0x000004c3
core   0: 0x800040d4 (0x02af45b3) div     a1, t5, a0
core   0: 3 0x800040d4 (0x02af45b3) x11 0xffffffff
core   0: 0x800040d8 (0x00307fb3) and     t6, zero, gp
core   0: 3 0x800040d8 (0x00307fb3) x31 0x00000000
core   0: 0x800040dc (0x8d748213) addi    tp, s1, -1833
core   0: 3 0x800040dc (0x8d748213) x 4 0xfffff8d8
core   0: 0x800040e0 (0x00d305b3) add     a1, t1, a3
core   0: 3 0x800040e0 (0x00d305b3) x11 0x036f9000
core   0: 0x800040e4 (0xfd72a593) slti    a1, t0, -41
core   0: 3 0x800040e4 (0xfd72a593) x11 0x00000001
core   0: 0x800040e8 (0x82f63213) sltiu   tp, a2, -2001
core   0: 3 0x800040e8 (0x82f63213) x 4 0x00000001
core   0: 0x800040ec (0x11082393) slti    t2, a6, 272
core   0: 3 0x800040ec (0x11082393) x 7 0x00000000
core   0: 0x800040f0 (0x00000013) nop
core   0: 3 0x800040f0 (0x00000013)
core   0: 0x800040f4 (0x00000013) nop
core   0: 3 0x800040f4 (0x00000013)
core   0: 0x800040f8 (0x03503d33) mulhu   s10, zero, s5
core   0: 3 0x800040f8 (0x03503d33) x26 0x00000000
core   0: 0x800040fc (0x03cb6933) rem     s2, s6, t3
core   0: 3 0x800040fc (0x03cb6933) x18 0x000000c0
core   0: 0x80004100 (0x01fc5b93) srli    s7, s8, 31
core   0: 3 0x80004100 (0x01fc5b93) x23 0x00000000
core   0: 0x80004104 (0x40208fb3) sub     t6, ra, sp
core   0: 3 0x80004104 (0x40208fb3) x31 0x00000241
core   0: 0x80004108 (0x01e7e9b3) or      s3, a5, t5
core   0: 3 0x80004108 (0x01e7e9b3) x19 0xffffffff
core   0: 0x8000410c (0xf2202c93) slti    s9, zero, -222
core   0: 3 0x8000410c (0xf2202c93) x25 0x00000000
core   0: 0x80004110 (0x7692b697) auipc   a3, 0x7692b
core   0: 3 0x80004110 (0x7692b697) x13 0xf692f110
core   0: 0x80004114 (0x0312ab33) mulhsu  s6, t0, a7
core   0: 3 0x80004114 (0x0312ab33) x22 0xd0fb3f1b
core   0: 0x80004118 (0x74102493) slti    s1, zero, 1857
core   0: 3 0x80004118 (0x74102493) x 9 0x00000001
core   0: 0x8000411c (0xc00ebc93) sltiu   s9, t4, -1024
core   0: 3 0x8000411c (0xc00ebc93) x25 0x00000001
core   0: 0x80004120 (0x00d338b3) sltu    a7, t1, a3
core   0: 3 0x80004120 (0x00d338b3) x17 0x00000001
core   0: 0x80004124 (0x031b9f33) mulh    t5, s7, a7
core   0: 3 0x80004124 (0x031b9f33) x30 0x00000000
core   0: 0x80004128 (0x022019b3) mulh    s3, zero, sp
core   0: 3 0x80004128 (0x022019b3) x19 0x00000000
core   0: 0x8000412c (0xc6e4f937) lui     s2, 0xc6e4f
core   0: 3 0x8000412c (0xc6e4f937) x18 0xc6e4f000
core   0: 0x80004130 (0x22c1cc93) xori    s9, gp, 556
core   0: 3 0x80004130 (0x22c1cc93) x25 0x00000366
core   0: 0x80004134 (0x0163d433) srl     s0, t2, s6
core   0: 3 0x80004134 (0x0163d433) x 8 0x00000000
core   0: 0x80004138 (0x00743db3) sltu    s11, s0, t2
core   0: 3 0x80004138 (0x00743db3) x27 0x00000000
core   0: 0x8000413c (0x85e2a1b7) lui     gp, 0x85e2a
core   0: 3 0x8000413c (0x85e2a1b7) x 3 0x85e2a000
core   0: 0x80004140 (0x00eedc93) srli    s9, t4, 14
core   0: 3 0x80004140 (0x00eedc93) x25 0x00034000
core   0: 0x80004144 (0xabea98b7) lui     a7, 0xabea9
core   0: 3 0x80004144 (0xabea98b7) x17 0xabea9000
core   0: 0x80004148 (0x016566b3) or      a3, a0, s6
core   0: 3 0x80004148 (0x016566b3) x13 0xd0fb3f1b
core   0: 0x8000414c (0x00000013) nop
core   0: 3 0x8000414c (0x00000013)
core   0: 0x80004150 (0x02bda4b3) mulhsu  s1, s11, a1
core   0: 3 0x80004150 (0x02bda4b3) x 9 0x00000000
core   0: 0x80004154 (0x039271b3) remu    gp, tp, s9
core   0: 3 0x80004154 (0x039271b3) x 3 0x00000001
core   0: 0x80004158 (0x0399d6b3) divu    a3, s3, s9
core   0: 3 0x80004158 (0x0399d6b3) x13 0x00000000
core   0: 0x8000415c (0x11dbfa93) andi    s5, s7, 285
core   0: 3 0x8000415c (0x11dbfa93) x21 0x00000000
core   0: 0x80004160 (0x00000013) nop
core   0: 3 0x80004160 (0x00000013)
core   0: 0x80004164 (0x0250ec33) rem     s8, ra, t0
core   0: 3 0x80004164 (0x0250ec33) x24 0x00000249
core   0: 0x80004168 (0x41eedd13) srai    s10, t4, 30
core   0: 3 0x80004168 (0x41eedd13) x26 0xffffffff
core   0: 0x8000416c (0x02872033) mulhsu  zero, a4, s0
core   0: 3 0x8000416c (0x02872033)
core   0: 0x80004170 (0x01935a33) srl     s4, t1, s9
core   0: 3 0x80004170 (0x01935a33) x20 0x00000000
core   0: 0x80004174 (0x02dba633) mulhsu  a2, s7, a3
core   0: 3 0x80004174 (0x02dba633) x12 0x00000000
core   0: 0x80004178 (0x01834933) xor     s2, t1, s8
core   0: 3 0x80004178 (0x01834933) x18 0x00000249
core   0: 0x8000417c (0x02f80833) mul     a6, a6, a5
core   0: 3 0x8000417c (0x02f80833) x16 0xfffff921
core   0: 0x80004180 (0xac13ad13) slti    s10, t2, -1343
core   0: 3 0x80004180 (0xac13ad13) x26 0x00000000
core   0: 0x80004184 (0x022ef6b3) remu    a3, t4, sp
core   0: 3 0x80004184 (0x022ef6b3) x13 0x00000000
core   0: 0x80004188 (0x00000013) nop
core   0: 3 0x80004188 (0x00000013)
core   0: 0x8000418c (0x862fe013) ori     zero, t6, -1950
core   0: 3 0x8000418c (0x862fe013)
core   0: 0x80004190 (0x03b67cb3) remu    s9, a2, s11
core   0: 3 0x80004190 (0x03b67cb3) x25 0x00000000
core   0: 0x80004194 (0x02c936b3) mulhu   a3, s2, a2
core   0: 3 0x80004194 (0x02c936b3) x13 0x00000000
core   0: 0x80004198 (0x1baf3613) sltiu   a2, t5, 442
core   0: 3 0x80004198 (0x1baf3613) x12 0x00000001
core   0: 0x8000419c (0x0128b633) sltu    a2, a7, s2
core   0: 3 0x8000419c (0x0128b633) x12 0x00000000
core   0: 0x800041a0 (0xb9007493) andi    s1, zero, -1136
core   0: 3 0x800041a0 (0xb9007493) x 9 0x00000000
core   0: 0x800041a4 (0x01316433) or      s0, sp, s3
core   0: 3 0x800041a4 (0x01316433) x 8 0x00000008
core   0: 0x800041a8 (0x0192b3b3) sltu    t2, t0, s9
core   0: 3 0x800041a8 (0x0192b3b3) x 7 0x00000000
core   0: 0x800041ac (0x7da44517) auipc   a0, 0x7da44
core   0: 3 0x800041ac (0x7da44517) x10 0xfda481ac
core   0: 0x800041b0 (0x029bb733) mulhu   a4, s7, s1
core   0: 3 0x800041b0 (0x029bb733) x14 0x00000000
core   0: 0x800041b4 (0x00b737b3) sltu    a5, a4, a1
core   0: 3 0x800041b4 (0x00b737b3) x15 0x00000001
core   0: 0x800041b8 (0x2f28f013) andi    zero, a7, 754
core   0: 3 0x800041b8 (0x2f28f013)
core   0: 0x800041bc (0x00e08333) add     t1, ra, a4
core   0: 3 0x800041bc (0x00e08333) x 6 0x00000249
core   0: 0x800041c0 (0x0350bf33) mulhu   t5, ra, s5
core   0: 3 0x800041c0 (0x0350bf33) x30 0x00000000
core   0: 0x800041c4 (0x02fc4733) div     a4, s8, a5
core   0: 3 0x800041c4 (0x02fc4733) x14 0x00000249
core   0: 0x800041c8 (0xcb8db493) sltiu   s1, s11, -840
core   0: 3 0x800041c8 (0xcb8db493) x 9 0x00000001
core   0: 0x800041cc (0x0244a6b3) mulhsu  a3, s1, tp
core   0: 3 0x800041cc (0x0244a6b3) x13 0x00000000
core   0: 0x800041d0 (0x0004f433) and     s0, s1, zero
core   0: 3 0x800041d0 (0x0004f433) x 8 0x00000000
core   0: 0x800041d4 (0x014e5433) srl     s0, t3, s4
core   0: 3 0x800041d4 (0x014e5433) x 8 0x80018ce4
core   0: 0x800041d8 (0x00ae3933) sltu    s2, t3, a0
core   0: 3 0x800041d8 (0x00ae3933) x18 0x00000001
core   0: 0x800041dc (0xb8f7f693) andi    a3, a5, -1137
core   0: 3 0x800041dc (0xb8f7f693) x13 0x00000001
core   0: 0x800041e0 (0x0021bdb3) sltu    s11, gp, sp
core   0: 3 0x800041e0 (0x0021bdb3) x27 0x00000001
core   0: 0x800041e4 (0x013fabb3) slt     s7, t6, s3
core   0: 3 0x800041e4 (0x013fabb3) x23 0x00000000
core   0: 0x800041e8 (0xc4690713) addi    a4, s2, -954
core   0: 3 0x800041e8 (0xc4690713) x14 0xfffffc47
core   0: 0x800041ec (0x13773413) sltiu   s0, a4, 311
core   0: 3 0x800041ec (0x13773413) x 8 0x00000000
core   0: 0x800041f0 (0x00000013) nop
core   0: 3 0x800041f0 (0x00000013)
core   0: 0x800041f4 (0x00f50fb3) add     t6, a0, a5
core   0: 3 0x800041f4 (0x00f50fb3) x31 0xfda481ad
core   0: 0x800041f8 (0x01d89613) slli    a2, a7, 29
core   0: 3 0x800041f8 (0x01d89613) x12 0x00000000
core   0: 0x800041fc (0x01ab78b3) and     a7, s6, s10
core   0: 3 0x800041fc (0x01ab78b3) x17 0x00000000
core   0: 0x80004200 (0x01155bb3) srl     s7, a0, a7
core   0: 3 0x80004200 (0x01155bb3) x23 0xfda481ac
core   0: 0x80004204 (0x9376d8b7) lui     a7, 0x9376d
core   0: 3 0x80004204 (0x9376d8b7) x17 0x9376d000
core   0: 0x80004208 (0x000f2733) slt     a4, t5, zero
core   0: 3 0x80004208 (0x000f2733) x14 0x00000000
core   0: 0x8000420c (0x03dcb633) mulhu   a2, s9, t4
core   0: 3 0x8000420c (0x03dcb633) x12 0x00000000
core   0: 0x80004210 (0x00000013) nop
core   0: 3 0x80004210 (0x00000013)
core   0: 0x80004214 (0x3dc3bd17) auipc   s10, 0x3dc3b
core   0: 3 0x80004214 (0x3dc3bd17) x26 0xbdc3f214
core   0: 0x80004218 (0x00000013) nop
core   0: 3 0x80004218 (0x00000013)
core   0: 0x8000421c (0x03a8d1b3) divu    gp, a7, s10
core   0: 3 0x8000421c (0x03a8d1b3) x 3 0x00000000
core   0: 0x80004220 (0xfa753213) sltiu   tp, a0, -89
core   0: 3 0x80004220 (0xfa753213) x 4 0x00000001
core   0: 0x80004224 (0x01465713) srli    a4, a2, 20
core   0: 3 0x80004224 (0x01465713) x14 0x00000000
core   0: 0x80004228 (0x4135d413) srai    s0, a1, 19
core   0: 3 0x80004228 (0x4135d413) x 8 0x00000000
core   0: 0x8000422c (0x025e9a33) mulh    s4, t4, t0
core   0: 3 0x8000422c (0x025e9a33) x20 0x17ffc14d
core   0: 0x80004230 (0x011f1f33) sll     t5, t5, a7
core   0: 3 0x80004230 (0x011f1f33) x30 0x00000000
core   0: 0x80004234 (0x01ed8bb3) add     s7, s11, t5
core   0: 3 0x80004234 (0x01ed8bb3) x23 0x00000001
core   0: 0x80004238 (0x01861933) sll     s2, a2, s8
core   0: 3 0x80004238 (0x01861933) x18 0x00000000
core   0: 0x8000423c (0xf1a33e93) sltiu   t4, t1, -230
core   0: 3 0x8000423c (0xf1a33e93) x29 0x00000001
core   0: 0x80004240 (0x002c30b3) sltu    ra, s8, sp
core   0: 3 0x80004240 (0x002c30b3) x 1 0x00000000
core   0: 0x80004244 (0x41f65b33) sra     s6, a2, t6
core   0: 3 0x80004244 (0x41f65b33) x22 0x00000000
core   0: 0x80004248 (0x00ab91b3) sll     gp, s7, a0
core   0: 3 0x80004248 (0x00ab91b3) x 3 0x00001000
core   0: 0x8000424c (0x0038dcb3) srl     s9, a7, gp
core   0: 3 0x8000424c (0x0038dcb3) x25 0x9376d000
core   0: 0x80004250 (0x00000013) nop
core   0: 3 0x80004250 (0x00000013)
core   0: 0x80004254 (0xb9966d13) ori     s10, a2, -1127
core   0: 3 0x80004254 (0xb9966d13) x26 0xfffffb99
core   0: 0x80004258 (0xf1fb2593) slti    a1, s6, -225
core   0: 3 0x80004258 (0xf1fb2593) x11 0x00000000
core   0: 0x8000425c (0x023269b3) rem     s3, tp, gp
core   0: 3 0x8000425c (0x023269b3) x19 0x00000001
core   0: 0x80004260 (0x019aedb3) or      s11, s5, s9
core   0: 3 0x80004260 (0x019aedb3) x27 0x9376d000
core   0: 0x80004264 (0x7e890f93) addi    t6, s2, 2024
core   0: 3 0x80004264 (0x7e890f93) x31 0x000007e8
core   0: 0x80004268 (0x40dd84b3) sub     s1, s11, a3
core   0: 3 0x80004268 (0x40dd84b3) x 9 0x9376cfff
core   0: 0x8000426c (0x02d756b3) divu    a3, a4, a3
core   0: 3 0x8000426c (0x02d756b3) x13 0x00000000
core   0: 0x80004270 (0x03607cb3) remu    s9, zero, s6
core   0: 3 0x80004270 (0x03607cb3) x25 0x00000000
core   0: 0x80004274 (0xae24a493) slti    s1, s1, -1310
core   0: 3 0x80004274 (0xae24a493) x 9 0x00000001
core   0: 0x80004278 (0x00eb34b3) sltu    s1, s6, a4
core   0: 3 0x80004278 (0x00eb34b3) x 9 0x00000000
core   0: 0x8000427c (0xff3a6797) auipc   a5, 0xff3a6
core   0: 3 0x8000427c (0xff3a6797) x15 0x7f3aa27c
core   0: 0x80004280 (0x00000013) nop
core   0: 3 0x80004280 (0x00000013)
core   0: 0x80004284 (0x41918d33) sub     s10, gp, s9
core   0: 3 0x80004284 (0x41918d33) x26 0x00001000
core   0: 0x80004288 (0x0205ac33) mulhsu  s8, a1, zero
core   0: 3 0x80004288 (0x0205ac33) x24 0x00000000
core   0: 0x8000428c (0x02578333) mul     t1, a5, t0
core   0: 3 0x8000428c (0x02578333) x 6 0x32e54070
core   0: 0x80004290 (0x0320e633) rem     a2, ra, s2
core   0: 3 0x80004290 (0x0320e633) x12 0x00000000
core   0: 0x80004294 (0x0219deb3) divu    t4, s3, ra
core   0: 3 0x80004294 (0x0219deb3) x29 0xffffffff
core   0: 0x80004298 (0x00000013) nop
core   0: 3 0x80004298 (0x00000013)
core   0: 0x8000429c (0x0016d933) srl     s2, a3, ra
core   0: 3 0x8000429c (0x0016d933) x18 0x00000000
core   0: 0x800042a0 (0x02e6ca33) div     s4, a3, a4
core   0: 3 0x800042a0 (0x02e6ca33) x20 0xffffffff
core   0: 0x800042a4 (0x01c78633) add     a2, a5, t3
core   0: 3 0x800042a4 (0x01c78633) x12 0xff3c2f60
core   0: 0x800042a8 (0xf1822fb7) lui     t6, 0xf1822
core   0: 3 0x800042a8 (0xf1822fb7) x31 0xf1822000
core   0: 0x800042ac (0x011ea7b3) slt     a5, t4, a7
core   0: 3 0x800042ac (0x011ea7b3) x15 0x00000000
core   0: 0x800042b0 (0x033351b3) divu    gp, t1, s3
core   0: 3 0x800042b0 (0x033351b3) x 3 0x32e54070
core   0: 0x800042b4 (0x037eb233) mulhu   tp, t4, s7
core   0: 3 0x800042b4 (0x037eb233) x 4 0x00000000
core   0: 0x800042b8 (0x4164d933) sra     s2, s1, s6
core   0: 3 0x800042b8 (0x4164d933) x18 0x00000000
core   0: 0x800042bc (0x019b6c33) or      s8, s6, s9
core   0: 3 0x800042bc (0x019b6c33) x24 0x00000000
core   0: 0x800042c0 (0x00cd56b3) srl     a3, s10, a2
core   0: 3 0x800042c0 (0x00cd56b3) x13 0x00001000
core   0: 0x800042c4 (0x003741b3) xor     gp, a4, gp
core   0: 3 0x800042c4 (0x003741b3) x 3 0x32e54070
core   0: 0x800042c8 (0x00000013) nop
core   0: 3 0x800042c8 (0x00000013)
core   0: 0x800042cc (0x53dbf793) andi    a5, s7, 1341
core   0: 3 0x800042cc (0x53dbf793) x15 0x00000001
core   0: 0x800042d0 (0x13ec26b7) lui     a3, 0x13ec2
core   0: 3 0x800042d0 (0x13ec26b7) x13 0x13ec2000
core   0: 0x800042d4 (0xde89bab7) lui     s5, 0xde89b
core   0: 3 0x800042d4 (0xde89bab7) x21 0xde89b000
core   0: 0x800042d8 (0x01101593) slli    a1, zero, 17
core   0: 3 0x800042d8 (0x01101593) x11 0x00000000
core   0: 0x800042dc (0x1a4a4213) xori    tp, s4, 420
core   0: 3 0x800042dc (0x1a4a4213) x 4 0xfffffe5b
core   0: 0x800042e0 (0x0343aeb3) mulhsu  t4, t2, s4
core   0: 3 0x800042e0 (0x0343aeb3) x29 0x00000000
core   0: 0x800042e4 (0x0372bb33) mulhu   s6, t0, s7
core   0: 3 0x800042e4 (0x0372bb33) x22 0x00000000
core   0: 0x800042e8 (0x417c85b3) sub     a1, s9, s7
core   0: 3 0x800042e8 (0x417c85b3) x11 0xffffffff
core   0: 0x800042ec (0x01600ab3) add     s5, zero, s6
core   0: 3 0x800042ec (0x01600ab3) x21 0x00000000
core   0: 0x800042f0 (0x004fb833) sltu    a6, t6, tp
core   0: 3 0x800042f0 (0x004fb833) x16 0x00000001
core   0: 0x800042f4 (0x00f83eb3) sltu    t4, a6, a5
core   0: 3 0x800042f4 (0x00f83eb3) x29 0x00000000
core   0: 0x800042f8 (0x01e69913) slli    s2, a3, 30
core   0: 3 0x800042f8 (0x01e69913) x18 0x00000000
core   0: 0x800042fc (0x03c99933) mulh    s2, s3, t3
core   0: 3 0x800042fc (0x03c99933) x18 0xffffffff
core   0: 0x80004300 (0x0136cd33) xor     s10, a3, s3
core   0: 3 0x80004300 (0x0136cd33) x26 0x13ec2001
core   0: 0x80004304 (0x0072a5b3) slt     a1, t0, t2
core   0: 3 0x80004304 (0x0072a5b3) x11 0x00000001
core   0: 0x80004308 (0x030f2533) mulhsu  a0, t5, a6
core   0: 3 0x80004308 (0x030f2533) x10 0x00000000
core   0: 0x8000430c (0xc223a813) slti    a6, t2, -990
core   0: 3 0x8000430c (0xc223a813) x16 0x00000000
core   0: 0x80004310 (0x41f28333) sub     t1, t0, t6
core   0: 3 0x80004310 (0x41f28333) x 6 0x8e7f2e64
core   0: 0x80004314 (0x028e3d33) mulhu   s10, t3, s0
core   0: 3 0x80004314 (0x028e3d33) x26 0x00000000
core   0: 0x80004318 (0x025d2fb3) mulhsu  t6, s10, t0
core   0: 3 0x80004318 (0x025d2fb3) x31 0x00000000
core   0: 0x8000431c (0x011ed633) srl     a2, t4, a7
core   0: 3 0x8000431c (0x011ed633) x12 0x00000000
core   0: 0x80004320 (0x008aacb3) slt     s9, s5, s0
core   0: 3 0x80004320 (0x008aacb3) x25 0x00000000
core   0: 0x80004324 (0x00931a33) sll     s4, t1, s1
core   0: 3 0x80004324 (0x00931a33) x20 0x8e7f2e64
core   0: 0x80004328 (0x01125c93) srli    s9, tp, 17
core   0: 3 0x80004328 (0x01125c93) x25 0x00007fff
core   0: 0x8000432c (0x111bbd93) sltiu   s11, s7, 273
core   0: 3 0x8000432c (0x111bbd93) x27 0x00000001
core   0: 0x80004330 (0x41888233) sub     tp, a7, s8
core   0: 3 0x80004330 (0x41888233) x 4 0x9376d000
core   0: 0x80004334 (0x03e49cb3) mulh    s9, s1, t5
core   0: 3 0x80004334 (0x03e49cb3) x25 0x00000000
core   0: 0x80004338 (0x033801b3) mul     gp, a6, s3
core   0: 3 0x80004338 (0x033801b3) x 3 0x00000000
core   0: 0x8000433c (0x01ae75b3) and     a1, t3, s10
core   0: 3 0x8000433c (0x01ae75b3) x11 0x00000000
core   0: 0x80004340 (0x413f8333) sub     t1, t6, s3
core   0: 3 0x80004340 (0x413f8333) x 6 0xffffffff
core   0: 0x80004344 (0x0472c013) xori    zero, t0, 71
core   0: 3 0x80004344 (0x0472c013)
core   0: 0x80004348 (0x00000013) nop
core   0: 3 0x80004348 (0x00000013)
core   0: 0x8000434c (0x030df833) remu    a6, s11, a6
core   0: 3 0x8000434c (0x030df833) x16 0x00000001
core   0: 0x80004350 (0x40225633) sra     a2, tp, sp
core   0: 3 0x80004350 (0x40225633) x12 0xff9376d0
core   0: 0x80004354 (0x003817b3) sll     a5, a6, gp
core   0: 3 0x80004354 (0x003817b3) x15 0x00000001
core   0: 0x80004358 (0x3208c593) xori    a1, a7, 800
core   0: 3 0x80004358 (0x3208c593) x11 0x9376d320
core   0: 0x8000435c (0x013ec533) xor     a0, t4, s3
core   0: 3 0x8000435c (0x013ec533) x10 0x00000001
core   0: 0x80004360 (0x411e5633) sra     a2, t3, a7
core   0: 3 0x80004360 (0x411e5633) x12 0x80018ce4
core   0: 0x80004364 (0x01699213) slli    tp, s3, 22
core   0: 3 0x80004364 (0x01699213) x 4 0x00400000
core   0: 0x80004368 (0xe0870493) addi    s1, a4, -504
core   0: 3 0x80004368 (0xe0870493) x 9 0xfffffe08
core   0: 0x8000436c (0x55d1c793) xori    a5, gp, 1373
core   0: 3 0x8000436c (0x55d1c793) x15 0x0000055d
core   0: 0x80004370 (0x00eb5013) srli    zero, s6, 14
core   0: 3 0x80004370 (0x00eb5013)
core   0: 0x80004374 (0x19ef6413) ori     s0, t5, 414
core   0: 3 0x80004374 (0x19ef6413) x 8 0x0000019e
core   0: 0x80004378 (0x004f4333) xor     t1, t5, tp
core   0: 3 0x80004378 (0x004f4333) x 6 0x00400000
core   0: 0x8000437c (0xfed5e093) ori     ra, a1, -19
core   0: 3 0x8000437c (0xfed5e093) x 1 0xffffffed
core   0: 0x80004380 (0x00c0a233) slt     tp, ra, a2
core   0: 3 0x80004380 (0x00c0a233) x 4 0x00000000
core   0: 0x80004384 (0x039bd933) divu    s2, s7, s9
core   0: 3 0x80004384 (0x039bd933) x18 0xffffffff
core   0: 0x80004388 (0x8ad37a93) andi    s5, t1, -1875
core   0: 3 0x80004388 (0x8ad37a93) x21 0x00400000
core   0: 0x8000438c (0x5b056c13) ori     s8, a0, 1456
core   0: 3 0x8000438c (0x5b056c13) x24 0x000005b1
core   0: 0x80004390 (0x130ace93) xori    t4, s5, 304
core   0: 3 0x80004390 (0x130ace93) x29 0x00400130
core   0: 0x80004394 (0xdc808893) addi    a7, ra, -568
core   0: 3 0x80004394 (0xdc808893) x17 0xfffffdb5
core   0: 0x80004398 (0x01da24b3) slt     s1, s4, t4
core   0: 3 0x80004398 (0x01da24b3) x 9 0x00000001
core   0: 0x8000439c (0xe0ffb793) sltiu   a5, t6, -497
core   0: 3 0x8000439c (0xe0ffb793) x15 0x00000001
core   0: 0x800043a0 (0x023b0f33) mul     t5, s6, gp
core   0: 3 0x800043a0 (0x023b0f33) x30 0x00000000
core   0: 0x800043a4 (0x005b87b3) add     a5, s7, t0
core   0: 3 0x800043a4 (0x005b87b3) x15 0x80014e65
core   0: 0x800043a8 (0x00160f33) add     t5, a2, ra
core   0: 3 0x800043a8 (0x00160f33) x30 0x80018cd1
core   0: 0x800043ac (0x02ce50b3) divu    ra, t3, a2
core   0: 3 0x800043ac (0x02ce50b3) x 1 0x00000001
core   0: 0x800043b0 (0x412d07b3) sub     a5, s10, s2
core   0: 3 0x800043b0 (0x412d07b3) x15 0x00000001
core   0: 0x800043b4 (0x432db897) auipc   a7, 0x432db
core   0: 3 0x800043b4 (0x432db897) x17 0xc32df3b4
core   0: 0x800043b8 (0x042b3793) sltiu   a5, s6, 66
core   0: 3 0x800043b8 (0x042b3793) x15 0x00000001
core   0: 0x800043bc (0x84946013) ori     zero, s0, -1975
core   0: 3 0x800043bc (0x84946013)
core   0: 0x800043c0 (0x01063f33) sltu    t5, a2, a6
core   0: 3 0x800043c0 (0x01063f33) x30 0x00000000
core   0: 0x800043c4 (0x40df8233) sub     tp, t6, a3
core   0: 3 0x800043c4 (0x40df8233) x 4 0xec13e000
core   0: 0x800043c8 (0x029b5933) divu    s2, s6, s1
core   0: 3 0x800043c8 (0x029b5933) x18 0x00000000
core   0: 0x800043cc (0x024243b3) div     t2, tp, tp
core   0: 3 0x800043cc (0x024243b3) x 7 0x00000001
core   0: 0x800043d0 (0x40bed333) sra     t1, t4, a1
core   0: 3 0x800043d0 (0x40bed333) x 6 0x00400130
core   0: 0x800043d4 (0x408e5a13) srai    s4, t3, 8
core   0: 3 0x800043d4 (0x408e5a13) x20 0xff80018c
core   0: 0x800043d8 (0xcf4d2093) slti    ra, s10, -780
core   0: 3 0x800043d8 (0xcf4d2093) x 1 0x00000000
core   0: 0x800043dc (0x4138db93) srai    s7, a7, 19
core   0: 3 0x800043dc (0x4138db93) x23 0xfffff865
core   0: 0x800043e0 (0x0301cbb3) div     s7, gp, a6
core   0: 3 0x800043e0 (0x0301cbb3) x23 0x00000000
core   0: 0x800043e4 (0x41c2d833) sra     a6, t0, t3
core   0: 3 0x800043e4 (0x41c2d833) x16 0xf80014e6
core   0: 0x800043e8 (0x73aa89b7) lui     s3, 0x73aa8
core   0: 3 0x800043e8 (0x73aa89b7) x19 0x73aa8000
core   0: 0x800043ec (0x40a50333) sub     t1, a0, a0
core   0: 3 0x800043ec (0x40a50333) x 6 0x00000000
core   0: 0x800043f0 (0x4590b893) sltiu   a7, ra, 1113
core   0: 3 0x800043f0 (0x4590b893) x17 0x00000001
core   0: 0x800043f4 (0x00279093) slli    ra, a5, 2
core   0: 3 0x800043f4 (0x00279093) x 1 0x00000004
core   0: 0x800043f8 (0x03bbc0b3) div     ra, s7, s11
core   0: 3 0x800043f8 (0x03bbc0b3) x 1 0x00000000
core   0: 0x800043fc (0x006fdf33) srl     t5, t6, t1
core   0: 3 0x800043fc (0x006fdf33) x30 0x00000000
core   0: 0x80004400 (0xec92ab13) slti    s6, t0, -311
core   0: 3 0x80004400 (0xec92ab13) x22 0x00000001
core   0: 0x80004404 (0x02780833) mul     a6, a6, t2
core   0: 3 0x80004404 (0x02780833) x16 0xf80014e6
core   0: 0x80004408 (0x2863bf13) sltiu   t5, t2, 646
core   0: 3 0x80004408 (0x2863bf13) x30 0x00000001
core   0: 0x8000440c (0x019d96b3) sll     a3, s11, s9
core   0: 3 0x8000440c (0x019d96b3) x13 0x00000001
core   0: 0x80004410 (0x014ac0b3) xor     ra, s5, s4
core   0: 3 0x80004410 (0x014ac0b3) x 1 0xffc0018c
core   0: 0x80004414 (0x6e082517) auipc   a0, 0x6e082
core   0: 3 0x80004414 (0x6e082517) x10 0xee086414
core   0: 0x80004418 (0x030ab633) mulhu   a2, s5, a6
core   0: 3 0x80004418 (0x030ab633) x12 0x003e0005
core   0: 0x8000441c (0x01fecb33) xor     s6, t4, t6
core   0: 3 0x8000441c (0x01fecb33) x22 0x00400130
core   0: 0x80004420 (0x03b34833) div     a6, t1, s11
core   0: 3 0x80004420 (0x03b34833) x16 0x00000000
core   0: 0x80004424 (0x03bd6eb3) rem     t4, s10, s11
core   0: 3 0x80004424 (0x03bd6eb3) x29 0x00000000
core   0: 0x80004428 (0x003f0db3) add     s11, t5, gp
core   0: 3 0x80004428 (0x003f0db3) x27 0x00000001
core   0: 0x8000442c (0xb3db3613) sltiu   a2, s6, -1219
core   0: 3 0x8000442c (0xb3db3613) x12 0x00000001
core   0: 0x80004430 (0x00c61ab3) sll     s5, a2, a2
core   0: 3 0x80004430 (0x00c61ab3) x21 0x00000002
core   0: 0x80004434 (0x018deeb3) or      t4, s11, s8
core   0: 3 0x80004434 (0x018deeb3) x29 0x000005b1
core   0: 0x80004438 (0x00000013) nop
core   0: 3 0x80004438 (0x00000013)
core   0: 0x8000443c (0x40d4d693) srai    a3, s1, 13
core   0: 3 0x8000443c (0x40d4d693) x13 0x00000000
core   0: 0x80004440 (0x02049cb3) mulh    s9, s1, zero
core   0: 3 0x80004440 (0x02049cb3) x25 0x00000000
core   0: 0x80004444 (0xd0200313) li      t1, -766
core   0: 3 0x80004444 (0xd0200313) x 6 0xfffffd02
core   0: 0x80004448 (0xf9726893) ori     a7, tp, -105
core   0: 3 0x80004448 (0xf9726893) x17 0xffffff97
core   0: 0x8000444c (0x026e81b3) mul     gp, t4, t1
core   0: 3 0x8000444c (0x026e81b3) x 3 0xffeef862
core   0: 0x80004450 (0x97e22213) slti    tp, tp, -1666
core   0: 3 0x80004450 (0x97e22213) x 4 0x00000001
core   0: 0x80004454 (0x43706713) ori     a4, zero, 1079
core   0: 3 0x80004454 (0x43706713) x14 0x00000437
core   0: 0x80004458 (0x01cfa233) slt     tp, t6, t3
core   0: 3 0x80004458 (0x01cfa233) x 4 0x00000000
core   0: 0x8000445c (0x0ba85337) lui     t1, 0xba85
core   0: 3 0x8000445c (0x0ba85337) x 6 0x0ba85000
core   0: 0x80004460 (0xb47e8c93) addi    s9, t4, -1209
core   0: 3 0x80004460 (0xb47e8c93) x25 0x000000f8
core   0: 0x80004464 (0x3a680937) lui     s2, 0x3a680
core   0: 3 0x80004464 (0x3a680937) x18 0x3a680000
core   0: 0x80004468 (0x01862a33) slt     s4, a2, s8
core   0: 3 0x80004468 (0x01862a33) x20 0x00000001
core   0: 0x8000446c (0x020a97b3) mulh    a5, s5, zero
core   0: 3 0x8000446c (0x020a97b3) x15 0x00000000
core   0: 0x80004470 (0x00179893) slli    a7, a5, 1
core   0: 3 0x80004470 (0x00179893) x17 0x00000000
core   0: 0x80004474 (0x030addb3) divu    s11, s5, a6
core   0: 3 0x80004474 (0x030addb3) x27 0xffffffff
core   0: 0x80004478 (0x41c25eb3) sra     t4, tp, t3
core   0: 3 0x80004478 (0x41c25eb3) x29 0x00000000
core   0: 0x8000447c (0x00018933) add     s2, gp, zero
core   0: 3 0x8000447c (0x00018933) x18 0xffeef862
core   0: 0x80004480 (0x00000013) nop
core   0: 3 0x80004480 (0x00000013)
core   0: 0x80004484 (0x01b864b3) or      s1, a6, s11
core   0: 3 0x80004484 (0x01b864b3) x 9 0xffffffff
core   0: 0x80004488 (0x029d3c33) mulhu   s8, s10, s1
core   0: 3 0x80004488 (0x029d3c33) x24 0x00000000
core   0: 0x8000448c (0x00fecdb3) xor     s11, t4, a5
core   0: 3 0x8000448c (0x00fecdb3) x27 0x00000000
core   0: 0x80004490 (0x023f5733) divu    a4, t5, gp
core   0: 3 0x80004490 (0x023f5733) x14 0x00000000
core   0: 0x80004494 (0x023a73b3) remu    t2, s4, gp
core   0: 3 0x80004494 (0x023a73b3) x 7 0x00000001
core   0: 0x80004498 (0x40908b33) sub     s6, ra, s1
core   0: 3 0x80004498 (0x40908b33) x22 0xffc0018d
core   0: 0x8000449c (0x0123da33) srl     s4, t2, s2
core   0: 3 0x8000449c (0x0123da33) x20 0x00000000
core   0: 0x800044a0 (0x02212433) mulhsu  s0, sp, sp
core   0: 3 0x800044a0 (0x02212433) x 8 0x00000000
core   0: 0x800044a4 (0x4127d313) srai    t1, a5, 18
core   0: 3 0x800044a4 (0x4127d313) x 6 0x00000000
core   0: 0x800044a8 (0x01dee5b3) or      a1, t4, t4
core   0: 3 0x800044a8 (0x01dee5b3) x11 0x00000000
core   0: 0x800044ac (0x00bb1313) slli    t1, s6, 11
core   0: 3 0x800044ac (0x00bb1313) x 6 0x000c6800
core   0: 0x800044b0 (0x00081d93) slli    s11, a6, 0
core   0: 3 0x800044b0 (0x00081d93) x27 0x00000000
core   0: 0x800044b4 (0x03b049b3) div     s3, zero, s11
core   0: 3 0x800044b4 (0x03b049b3) x19 0xffffffff
core   0: 0x800044b8 (0x001f9d93) slli    s11, t6, 1
core   0: 3 0x800044b8 (0x001f9d93) x27 0x00000000
core   0: 0x800044bc (0x03775633) divu    a2, a4, s7
core   0: 3 0x800044bc (0x03775633) x12 0xffffffff
core   0: 0x800044c0 (0x8dec8093) addi    ra, s9, -1826
core   0: 3 0x800044c0 (0x8dec8093) x 1 0xfffff9d6
core   0: 0x800044c4 (0x0a8cdc97) auipc   s9, 0xa8cd
core   0: 3 0x800044c4 (0x0a8cdc97) x25 0x8a8d14c4
core   0: 0x800044c8 (0x02827a33) remu    s4, tp, s0
core   0: 3 0x800044c8 (0x02827a33) x20 0x00000000
core   0: 0x800044cc (0x5fde3893) sltiu   a7, t3, 1533
core   0: 3 0x800044cc (0x5fde3893) x17 0x00000000
core   0: 0x800044d0 (0x00000013) nop
core   0: 3 0x800044d0 (0x00000013)
core   0: 0x800044d4 (0x02a045b3) div     a1, zero, a0
core   0: 3 0x800044d4 (0x02a045b3) x11 0x00000000
core   0: 0x800044d8 (0xe805bf17) auipc   t5, 0xe805b
core   0: 3 0x800044d8 (0xe805bf17) x30 0x6805f4d8
core   0: 0x800044dc (0x323a4313) xori    t1, s4, 803
core   0: 3 0x800044dc (0x323a4313) x 6 0x00000323
core   0: 0x800044e0 (0x03c11533) mulh    a0, sp, t3
core   0: 3 0x800044e0 (0x03c11533) x10 0xfffffffc
core   0: 0x800044e4 (0x0102cbb3) xor     s7, t0, a6
core   0: 3 0x800044e4 (0x0102cbb3) x23 0x80014e64
core   0: 0x800044e8 (0x404a0d33) sub     s10, s4, tp
core   0: 3 0x800044e8 (0x404a0d33) x26 0x00000000
core   0: 0x800044ec (0x003889b3) add     s3, a7, gp
core   0: 3 0x800044ec (0x003889b3) x19 0xffeef862
core   0: 0x800044f0 (0x003068b3) or      a7, zero, gp
core   0: 3 0x800044f0 (0x003068b3) x17 0xffeef862
core   0: 0x800044f4 (0x02a28633) mul     a2, t0, a0
core   0: 3 0x800044f4 (0x02a28633) x12 0xfffac670
core   0: 0x800044f8 (0x01561e93) slli    t4, a2, 21
core   0: 3 0x800044f8 (0x01561e93) x29 0xce000000
core   0: 0x800044fc (0x3e4d1237) lui     tp, 0x3e4d1
core   0: 3 0x800044fc (0x3e4d1237) x 4 0x3e4d1000
core   0: 0x80004500 (0x01a90d33) add     s10, s2, s10
core   0: 3 0x80004500 (0x01a90d33) x26 0xffeef862
core   0: 0x80004504 (0x02fa3433) mulhu   s0, s4, a5
core   0: 3 0x80004504 (0x02fa3433) x 8 0x00000000
core   0: 0x80004508 (0x025d6fb3) rem     t6, s10, t0
core   0: 3 0x80004508 (0x025d6fb3) x31 0xffeef862
core   0: 0x8000450c (0x58513b93) sltiu   s7, sp, 1413
core   0: 3 0x8000450c (0x58513b93) x23 0x00000001
core   0: 0x80004510 (0x01b16733) or      a4, sp, s11
core   0: 3 0x80004510 (0x01b16733) x14 0x00000008
core   0: 0x80004514 (0x38e2f893) andi    a7, t0, 910
core   0: 3 0x80004514 (0x38e2f893) x17 0x00000204
core   0: 0x80004518 (0x9fdf4c93) xori    s9, t5, -1539
core   0: 3 0x80004518 (0x9fdf4c93) x25 0x97fa0d25
core   0: 0x8000451c (0x01fca333) slt     t1, s9, t6
core   0: 3 0x8000451c (0x01fca333) x 6 0x00000001
core   0: 0x80004520 (0x00d043b3) xor     t2, zero, a3
core   0: 3 0x80004520 (0x00d043b3) x 7 0x00000000
core   0: 0x80004524 (0x025370b3) remu    ra, t1, t0
core   0: 3 0x80004524 (0x025370b3) x 1 0x00000001
core   0: 0x80004528 (0x019335b3) sltu    a1, t1, s9
core   0: 3 0x80004528 (0x019335b3) x11 0x00000001
core   0: 0x8000452c (0x406905b3) sub     a1, s2, t1
core   0: 3 0x8000452c (0x406905b3) x11 0xffeef861
core   0: 0x80004530 (0x01d81413) slli    s0, a6, 29
core   0: 3 0x80004530 (0x01d81413) x 8 0x00000000
core   0: 0x80004534 (0x03bc4f33) div     t5, s8, s11
core   0: 3 0x80004534 (0x03bc4f33) x30 0xffffffff
core   0: 0x80004538 (0x009b3833) sltu    a6, s6, s1
core   0: 3 0x80004538 (0x009b3833) x16 0x00000001
core   0: 0x8000453c (0x010709b3) add     s3, a4, a6
core   0: 3 0x8000453c (0x010709b3) x19 0x00000009
core   0: 0x80004540 (0x810daa13) slti    s4, s11, -2032
core   0: 3 0x80004540 (0x810daa13) x20 0x00000000
core   0: 0x80004544 (0x01f81533) sll     a0, a6, t6
core   0: 3 0x80004544 (0x01f81533) x10 0x00000004
core   0: 0x80004548 (0x4051d433) sra     s0, gp, t0
core   0: 3 0x80004548 (0x4051d433) x 8 0xfffeef86
core   0: 0x8000454c (0xcfe06413) ori     s0, zero, -770
core   0: 3 0x8000454c (0xcfe06413) x 8 0xfffffcfe
core   0: 0x80004550 (0x01060733) add     a4, a2, a6
core   0: 3 0x80004550 (0x01060733) x14 0xfffac671
core   0: 0x80004554 (0x84267d37) lui     s10, 0x84267
core   0: 3 0x80004554 (0x84267d37) x26 0x84267000
core   0: 0x80004558 (0x027844b3) div     s1, a6, t2
core   0: 3 0x80004558 (0x027844b3) x 9 0xffffffff
core   0: 0x8000455c (0x00000013) nop
core   0: 3 0x8000455c (0x00000013)
core   0: 0x80004560 (0x41a50633) sub     a2, a0, s10
core   0: 3 0x80004560 (0x41a50633) x12 0x7bd99004
core   0: 0x80004564 (0x00000013) nop
core   0: 3 0x80004564 (0x00000013)
core   0: 0x80004568 (0x024ec933) div     s2, t4, tp
core   0: 3 0x80004568 (0x024ec933) x18 0x00000000
core   0: 0x8000456c (0x00000013) nop
core   0: 3 0x8000456c (0x00000013)
core   0: 0x80004570 (0x0106bf33) sltu    t5, a3, a6
core   0: 3 0x80004570 (0x0106bf33) x30 0x00000001
core   0: 0x80004574 (0x00a15933) srl     s2, sp, a0
core   0: 3 0x80004574 (0x00a15933) x18 0x00000000
core   0: 0x80004578 (0x00b570b3) and     ra, a0, a1
core   0: 3 0x80004578 (0x00b570b3) x 1 0x00000000
core   0: 0x8000457c (0x02964a33) div     s4, a2, s1
core   0: 3 0x8000457c (0x02964a33) x20 0x84266ffc
core   0: 0x80004580 (0x02157033) remu    zero, a0, ra
core   0: 3 0x80004580 (0x02157033)
core   0: 0x80004584 (0x014b8233) add     tp, s7, s4
core   0: 3 0x80004584 (0x014b8233) x 4 0x84266ffd
core   0: 0x80004588 (0x015fb0b3) sltu    ra, t6, s5
core   0: 3 0x80004588 (0x015fb0b3) x 1 0x00000000
core   0: 0x8000458c (0x00000013) nop
core   0: 3 0x8000458c (0x00000013)
core   0: 0x80004590 (0x0162f333) and     t1, t0, s6
core   0: 3 0x80004590 (0x0162f333) x 6 0x80000004
core   0: 0x80004594 (0x03d4a033) mulhsu  zero, s1, t4
core   0: 3 0x80004594 (0x03d4a033)
core   0: 0x80004598 (0xeef03b93) sltiu   s7, zero, -273
core   0: 3 0x80004598 (0xeef03b93) x23 0x00000001
core   0: 0x8000459c (0x00000013) nop
core   0: 3 0x8000459c (0x00000013)
core   0: 0x800045a0 (0x8b2e7313) andi    t1, t3, -1870
core   0: 3 0x800045a0 (0x8b2e7313) x 6 0x800188a0
core   0: 0x800045a4 (0x025f0233) mul     tp, t5, t0
core   0: 3 0x800045a4 (0x025f0233) x 4 0x80014e64
core   0: 0x800045a8 (0x03074933) div     s2, a4, a6
core   0: 3 0x800045a8 (0x03074933) x18 0xfffac671
core   0: 0x800045ac (0x40d48bb3) sub     s7, s1, a3
core   0: 3 0x800045ac (0x40d48bb3) x23 0xffffffff
core   0: 0x800045b0 (0xeb649b97) auipc   s7, 0xeb649
core   0: 3 0x800045b0 (0xeb649b97) x23 0x6b64d5b0
core   0: 0x800045b4 (0x0270c8b3) div     a7, ra, t2
core   0: 3 0x800045b4 (0x0270c8b3) x17 0xffffffff
core   0: 0x800045b8 (0xd9097713) andi    a4, s2, -624
core   0: 3 0x800045b8 (0xd9097713) x14 0xfffac410
core   0: 0x800045bc (0x03feb6b3) mulhu   a3, t4, t6
core   0: 3 0x800045bc (0x03feb6b3) x13 0xcdf24bde
core   0: 0x800045c0 (0x039173b3) remu    t2, sp, s9
core   0: 3 0x800045c0 (0x039173b3) x 7 0x00000008
core   0: 0x800045c4 (0x006335b3) sltu    a1, t1, t1
core   0: 3 0x800045c4 (0x006335b3) x11 0x00000000
core   0: 0x800045c8 (0x00304533) xor     a0, zero, gp
core   0: 3 0x800045c8 (0x00304533) x10 0xffeef862
core   0: 0x800045cc (0x004b9a13) slli    s4, s7, 4
core   0: 3 0x800045cc (0x004b9a13) x20 0xb64d5b00
core   0: 0x800045d0 (0x03b994b3) mulh    s1, s3, s11
core   0: 3 0x800045d0 (0x03b994b3) x 9 0x00000000
core   0: 0x800045d4 (0x5b057f13) andi    t5, a0, 1456
core   0: 3 0x800045d4 (0x5b057f13) x30 0x00000020
core   0: 0x800045d8 (0x01f691b3) sll     gp, a3, t6
core   0: 3 0x800045d8 (0x01f691b3) x 3 0x37c92f78
core   0: 0x800045dc (0xc95c7eb7) lui     t4, 0xc95c7
core   0: 3 0x800045dc (0xc95c7eb7) x29 0xc95c7000
core   0: 0x800045e0 (0x690cf013) andi    zero, s9, 1680
core   0: 3 0x800045e0 (0x690cf013)
core   0: 0x800045e4 (0x021415b3) mulh    a1, s0, ra
core   0: 3 0x800045e4 (0x021415b3) x11 0x00000000
core   0: 0x800045e8 (0x03f4b6b3) mulhu   a3, s1, t6
core   0: 3 0x800045e8 (0x03f4b6b3) x13 0x00000000
core   0: 0x800045ec (0xf03a7913) andi    s2, s4, -253
core   0: 3 0x800045ec (0xf03a7913) x18 0xb64d5b00
core   0: 0x800045f0 (0x03386db3) rem     s11, a6, s3
core   0: 3 0x800045f0 (0x03386db3) x27 0x00000001
core   0: 0x800045f4 (0x03b21b33) mulh    s6, tp, s11
core   0: 3 0x800045f4 (0x03b21b33) x22 0xffffffff
core   0: 0x800045f8 (0x10847713) andi    a4, s0, 264
core   0: 3 0x800045f8 (0x10847713) x14 0x00000008
core   0: 0x800045fc (0x01095f13) srli    t5, s2, 16
core   0: 3 0x800045fc (0x01095f13) x30 0x0000b64d
core   0: 0x80004600 (0x01e74933) xor     s2, a4, t5
core   0: 3 0x80004600 (0x01e74933) x18 0x0000b645
core   0: 0x80004604 (0xd8bea093) slti    ra, t4, -629
core   0: 3 0x80004604 (0xd8bea093) x 1 0x00000001
core   0: 0x80004608 (0x41575c33) sra     s8, a4, s5
core   0: 3 0x80004608 (0x41575c33) x24 0x00000002
core   0: 0x8000460c (0x00000013) nop
core   0: 3 0x8000460c (0x00000013)
core   0: 0x80004610 (0xebf3a613) slti    a2, t2, -321
core   0: 3 0x80004610 (0xebf3a613) x12 0x00000000
core   0: 0x80004614 (0x03502433) mulhsu  s0, zero, s5
core   0: 3 0x80004614 (0x03502433) x 8 0x00000000
core   0: 0x80004618 (0xe8a76c93) ori     s9, a4, -374
core   0: 3 0x80004618 (0xe8a76c93) x25 0xfffffe8a
core   0: 0x8000461c (0x00fd0db3) add     s11, s10, a5
core   0: 3 0x8000461c (0x00fd0db3) x27 0x84267000
core   0: 0x80004620 (0x0149b9b3) sltu    s3, s3, s4
core   0: 3 0x80004620 (0x0149b9b3) x19 0x00000001
core   0: 0x80004624 (0x016770b3) and     ra, a4, s6
core   0: 3 0x80004624 (0x016770b3) x 1 0x00000008
core   0: 0x80004628 (0x39580d13) addi    s10, a6, 917
core   0: 3 0x80004628 (0x39580d13) x26 0x00000396
core   0: 0x8000462c (0x0135ceb3) xor     t4, a1, s3
core   0: 3 0x8000462c (0x0135ceb3) x29 0x00000001
core   0: 0x80004630 (0x01b30f33) add     t5, t1, s11
core   0: 3 0x80004630 (0x01b30f33) x30 0x0427f8a0
core   0: 0x80004634 (0x021a1cb3) mulh    s9, s4, ra
core   0: 3 0x80004634 (0x021a1cb3) x25 0xfffffffd
core   0: 0x80004638 (0x02c66833) rem     a6, a2, a2
core   0: 3 0x80004638 (0x02c66833) x16 0x00000000
core   0: 0x8000463c (0x00619a13) slli    s4, gp, 6
core   0: 3 0x8000463c (0x00619a13) x20 0xf24bde00
core   0: 0x80004640 (0x623941b7) lui     gp, 0x62394
core   0: 3 0x80004640 (0x623941b7) x 3 0x62394000
core   0: 0x80004644 (0x0098c7b3) xor     a5, a7, s1
core   0: 3 0x80004644 (0x0098c7b3) x15 0xffffffff
core   0: 0x80004648 (0x02958db3) mul     s11, a1, s1
core   0: 3 0x80004648 (0x02958db3) x27 0x00000000
core   0: 0x8000464c (0x03506a33) rem     s4, zero, s5
core   0: 3 0x8000464c (0x03506a33) x20 0x00000000
core   0: 0x80004650 (0x00d55933) srl     s2, a0, a3
core   0: 3 0x80004650 (0x00d55933) x18 0xffeef862
core   0: 0x80004654 (0x0004bab3) sltu    s5, s1, zero
core   0: 3 0x80004654 (0x0004bab3) x21 0x00000000
core   0: 0x80004658 (0x00000013) nop
core   0: 3 0x80004658 (0x00000013)
core   0: 0x8000465c (0x03917c33) remu    s8, sp, s9
core   0: 3 0x8000465c (0x03917c33) x24 0x00000008
core   0: 0x80004660 (0x0197feb3) and     t4, a5, s9
core   0: 3 0x80004660 (0x0197feb3) x29 0xfffffffd
core   0: 0x80004664 (0x00000013) nop
core   0: 3 0x80004664 (0x00000013)
core   0: 0x80004668 (0x0175f333) and     t1, a1, s7
core   0: 3 0x80004668 (0x0175f333) x 6 0x00000000
core   0: 0x8000466c (0x017294b3) sll     s1, t0, s7
core   0: 3 0x8000466c (0x017294b3) x 9 0x4e640000
core   0: 0x80004670 (0x0241b6b3) mulhu   a3, gp, tp
core   0: 3 0x80004670 (0x0241b6b3) x13 0x311d204d
core   0: 0x80004674 (0x41e8dfb3) sra     t6, a7, t5
core   0: 3 0x80004674 (0x41e8dfb3) x31 0xffffffff
core   0: 0x80004678 (0x003db5b3) sltu    a1, s11, gp
core   0: 3 0x80004678 (0x003db5b3) x11 0x00000001
core   0: 0x8000467c (0x0288ba33) mulhu   s4, a7, s0
core   0: 3 0x8000467c (0x0288ba33) x20 0x00000000
core   0: 0x80004680 (0x03c52533) mulhsu  a0, a0, t3
core   0: 3 0x80004680 (0x03c52533) x10 0xfff77c16
core   0: 0x80004684 (0x01b1c533) xor     a0, gp, s11
core   0: 3 0x80004684 (0x01b1c533) x10 0x62394000
core   0: 0x80004688 (0x00115213) srli    tp, sp, 1
core   0: 3 0x80004688 (0x00115213) x 4 0x00000004
core   0: 0x8000468c (0x03614933) div     s2, sp, s6
core   0: 3 0x8000468c (0x03614933) x18 0xfffffff8
core   0: 0x80004690 (0x01249b13) slli    s6, s1, 18
core   0: 3 0x80004690 (0x01249b13) x22 0x00000000
core   0: 0x80004694 (0x020c6cb3) rem     s9, s8, zero
core   0: 3 0x80004694 (0x020c6cb3) x25 0x00000008
core   0: 0x80004698 (0x5469ed97) auipc   s11, 0x5469e
core   0: 3 0x80004698 (0x5469ed97) x27 0xd46a2698
core   0: 0x8000469c (0x9b20feb7) lui     t4, 0x9b20f
core   0: 3 0x8000469c (0x9b20feb7) x29 0x9b20f000
core   0: 0x800046a0 (0x8b7bb693) sltiu   a3, s7, -1865
core   0: 3 0x800046a0 (0x8b7bb693) x13 0x00000001
core   0: 0x800046a4 (0x00866233) or      tp, a2, s0
core   0: 3 0x800046a4 (0x00866233) x 4 0x00000000
core   0: 0x800046a8 (0x00e226b3) slt     a3, tp, a4
core   0: 3 0x800046a8 (0x00e226b3) x13 0x00000001
core   0: 0x800046ac (0x03387fb3) remu    t6, a6, s3
core   0: 3 0x800046ac (0x03387fb3) x31 0x00000000
core   0: 0x800046b0 (0x03dfc5b3) div     a1, t6, t4
core   0: 3 0x800046b0 (0x03dfc5b3) x11 0x00000000
core   0: 0x800046b4 (0x03fd0733) mul     a4, s10, t6
core   0: 3 0x800046b4 (0x03fd0733) x14 0x00000000
core   0: 0x800046b8 (0x0120f033) and     zero, ra, s2
core   0: 3 0x800046b8 (0x0120f033)
core   0: 0x800046bc (0x229b3d93) sltiu   s11, s6, 553
core   0: 3 0x800046bc (0x229b3d93) x27 0x00000001
core   0: 0x800046c0 (0x03be1833) mulh    a6, t3, s11
core   0: 3 0x800046c0 (0x03be1833) x16 0xffffffff
core   0: 0x800046c4 (0x02a3a4b3) mulhsu  s1, t2, a0
core   0: 3 0x800046c4 (0x02a3a4b3) x 9 0x00000003
core   0: 0x800046c8 (0x03f37233) remu    tp, t1, t6
core   0: 3 0x800046c8 (0x03f37233) x 4 0x00000000
core   0: 0x800046cc (0x41e38633) sub     a2, t2, t5
core   0: 3 0x800046cc (0x41e38633) x12 0xfbd80768
core   0: 0x800046d0 (0x5309f393) andi    t2, s3, 1328
core   0: 3 0x800046d0 (0x5309f393) x 7 0x00000000
core   0: 0x800046d4 (0x0011e3b3) or      t2, gp, ra
core   0: 3 0x800046d4 (0x0011e3b3) x 7 0x62394008
core   0: 0x800046d8 (0x01856333) or      t1, a0, s8
core   0: 3 0x800046d8 (0x01856333) x 6 0x62394008
core   0: 0x800046dc (0x9740ad13) slti    s10, ra, -1676
core   0: 3 0x800046dc (0x9740ad13) x26 0x00000000
core   0: 0x800046e0 (0x0142b6b3) sltu    a3, t0, s4
core   0: 3 0x800046e0 (0x0142b6b3) x13 0x00000000
core   0: 0x800046e4 (0x403755b3) sra     a1, a4, gp
core   0: 3 0x800046e4 (0x403755b3) x11 0x00000000
core   0: 0x800046e8 (0x00045513) srli    a0, s0, 0
core   0: 3 0x800046e8 (0x00045513) x10 0x00000000
core   0: 0x800046ec (0x034f19b3) mulh    s3, t5, s4
core   0: 3 0x800046ec (0x034f19b3) x19 0x00000000
core   0: 0x800046f0 (0x38908413) addi    s0, ra, 905
core   0: 3 0x800046f0 (0x38908413) x 8 0x00000391
core   0: 0x800046f4 (0x02d72433) mulhsu  s0, a4, a3
core   0: 3 0x800046f4 (0x02d72433) x 8 0x00000000
core   0: 0x800046f8 (0x41245e93) srai    t4, s0, 18
core   0: 3 0x800046f8 (0x41245e93) x29 0x00000000
core   0: 0x800046fc (0x03400a33) mul     s4, zero, s4
core   0: 3 0x800046fc (0x03400a33) x20 0x00000000
core   0: 0x80004700 (0x02de7533) remu    a0, t3, a3
core   0: 3 0x80004700 (0x02de7533) x10 0x80018ce4
core   0: 0x80004704 (0x02bfe6b3) rem     a3, t6, a1
core   0: 3 0x80004704 (0x02bfe6b3) x13 0x00000000
core   0: 0x80004708 (0x0264f733) remu    a4, s1, t1
core   0: 3 0x80004708 (0x0264f733) x14 0x00000003
core   0: 0x8000470c (0x02f6e033) rem     zero, a3, a5
core   0: 3 0x8000470c (0x02f6e033)
core   0: 0x80004710 (0x006fa0b3) slt     ra, t6, t1
core   0: 3 0x80004710 (0x006fa0b3) x 1 0x00000001
core   0: 0x80004714 (0x01729593) slli    a1, t0, 23
core   0: 3 0x80004714 (0x01729593) x11 0x32000000
core   0: 0x80004718 (0x00c45313) srli    t1, s0, 12
core   0: 3 0x80004718 (0x00c45313) x 6 0x00000000
core   0: 0x8000471c (0x032c1533) mulh    a0, s8, s2
core   0: 3 0x8000471c (0x032c1533) x10 0xffffffff
core   0: 0x80004720 (0xf2cd4b17) auipc   s6, 0xf2cd4
core   0: 3 0x80004720 (0xf2cd4b17) x22 0x72cd8720
core   0: 0x80004724 (0x41fd5633) sra     a2, s10, t6
core   0: 3 0x80004724 (0x41fd5633) x12 0x00000000
core   0: 0x80004728 (0xb0e20c13) addi    s8, tp, -1266
core   0: 3 0x80004728 (0xb0e20c13) x24 0xfffffb0e
core   0: 0x8000472c (0x02dd4033) div     zero, s10, a3
core   0: 3 0x8000472c (0x02dd4033)
core   0: 0x80004730 (0x02eee033) rem     zero, t4, a4
core   0: 3 0x80004730 (0x02eee033)
core   0: 0x80004734 (0x007c71b3) and     gp, s8, t2
core   0: 3 0x80004734 (0x007c71b3) x 3 0x62394008
core   0: 0x80004738 (0x43ad6513) ori     a0, s10, 1082
core   0: 3 0x80004738 (0x43ad6513) x10 0x0000043a
core   0: 0x8000473c (0xbe9b1d97) auipc   s11, 0xbe9b1
core   0: 3 0x8000473c (0xbe9b1d97) x27 0x3e9b573c
core   0: 0x80004740 (0x4c48c837) lui     a6, 0x4c48c
core   0: 3 0x80004740 (0x4c48c837) x16 0x4c48c000
core   0: 0x80004744 (0x03ac9733) mulh    a4, s9, s10
core   0: 3 0x80004744 (0x03ac9733) x14 0x00000000
core   0: 0x80004748 (0x4f792093) slti    ra, s2, 1271
core   0: 3 0x80004748 (0x4f792093) x 1 0x00000001
core   0: 0x8000474c (0x0088bbb3) sltu    s7, a7, s0
core   0: 3 0x8000474c (0x0088bbb3) x23 0x00000000
core   0: 0x80004750 (0x024c4533) div     a0, s8, tp
core   0: 3 0x80004750 (0x024c4533) x10 0xffffffff
core   0: 0x80004754 (0x0233ceb3) div     t4, t2, gp
core   0: 3 0x80004754 (0x0233ceb3) x29 0x00000001
core   0: 0x80004758 (0x03d0e0b3) rem     ra, ra, t4
core   0: 3 0x80004758 (0x03d0e0b3) x 1 0x00000000
core   0: 0x8000475c (0x01495db3) srl     s11, s2, s4
core   0: 3 0x8000475c (0x01495db3) x27 0xfffffff8
core   0: 0x80004760 (0x02d3a0b3) mulhsu  ra, t2, a3
core   0: 3 0x80004760 (0x02d3a0b3) x 1 0x00000000
core   0: 0x80004764 (0x00d9ffb3) and     t6, s3, a3
core   0: 3 0x80004764 (0x00d9ffb3) x31 0x00000000
core   0: 0x80004768 (0x7a0fb837) lui     a6, 0x7a0fb
core   0: 3 0x80004768 (0x7a0fb837) x16 0x7a0fb000
core   0: 0x8000476c (0x374e6d93) ori     s11, t3, 884
core   0: 3 0x8000476c (0x374e6d93) x27 0x80018ff4
core   0: 0x80004770 (0x9785f413) andi    s0, a1, -1672
core   0: 3 0x80004770 (0x9785f413) x 8 0x32000000
core   0: 0x80004774 (0xe1163713) sltiu   a4, a2, -495
core   0: 3 0x80004774 (0xe1163713) x14 0x00000001
core   0: 0x80004778 (0x7d440eb7) lui     t4, 0x7d440
core   0: 3 0x80004778 (0x7d440eb7) x29 0x7d440000
core   0: 0x8000477c (0x0318a6b3) mulhsu  a3, a7, a7
core   0: 3 0x8000477c (0x0318a6b3) x13 0xffffffff
core   0: 0x80004780 (0xf56d3893) sltiu   a7, s10, -170
core   0: 3 0x80004780 (0xf56d3893) x17 0x00000001
core   0: 0x80004784 (0x018b0ab3) add     s5, s6, s8
core   0: 3 0x80004784 (0x018b0ab3) x21 0x72cd822e
core   0: 0x80004788 (0x02108d13) addi    s10, ra, 33
core   0: 3 0x80004788 (0x02108d13) x26 0x00000021
core   0: 0x8000478c (0x02416a33) rem     s4, sp, tp
core   0: 3 0x8000478c (0x02416a33) x20 0x00000008
core   0: 0x80004790 (0x007abb33) sltu    s6, s5, t2
core   0: 3 0x80004790 (0x007abb33) x22 0x00000000
core   0: 0x80004794 (0x004148b3) xor     a7, sp, tp
core   0: 3 0x80004794 (0x004148b3) x17 0x00000008
core   0: 0x80004798 (0x03ecbfb3) mulhu   t6, s9, t5
core   0: 3 0x80004798 (0x03ecbfb3) x31 0x00000000
core   0: 0x8000479c (0xea48b493) sltiu   s1, a7, -348
core   0: 3 0x8000479c (0xea48b493) x 9 0x00000001
core   0: 0x800047a0 (0xc2b28c93) addi    s9, t0, -981
core   0: 3 0x800047a0 (0xc2b28c93) x25 0x80014a8f
core   0: 0x800047a4 (0x01b26db3) or      s11, tp, s11
core   0: 3 0x800047a4 (0x01b26db3) x27 0x80018ff4
core   0: 0x800047a8 (0x00599333) sll     t1, s3, t0
core   0: 3 0x800047a8 (0x00599333) x 6 0x00000000
core   0: 0x800047ac (0x0367b633) mulhu   a2, a5, s6
core   0: 3 0x800047ac (0x0367b633) x12 0x00000000
core   0: 0x800047b0 (0x03c2c833) div     a6, t0, t3
core   0: 3 0x800047b0 (0x03c2c833) x16 0x00000001
core   0: 0x800047b4 (0x03bd5c33) divu    s8, s10, s11
core   0: 3 0x800047b4 (0x03bd5c33) x24 0x00000000
core   0: 0x800047b8 (0x020b88b3) mul     a7, s7, zero
core   0: 3 0x800047b8 (0x020b88b3) x17 0x00000000
core   0: 0x800047bc (0x4013dab3) sra     s5, t2, ra
core   0: 3 0x800047bc (0x4013dab3) x21 0x62394008
core   0: 0x800047c0 (0x02662eb3) mulhsu  t4, a2, t1
core   0: 3 0x800047c0 (0x02662eb3) x29 0x00000000
core   0: 0x800047c4 (0x8e9acc93) xori    s9, s5, -1815
core   0: 3 0x800047c4 (0x8e9acc93) x25 0x9dc6b8e1
core   0: 0x800047c8 (0xb480f713) andi    a4, ra, -1208
core   0: 3 0x800047c8 (0xb480f713) x14 0x00000000
core   0: 0x800047cc (0x03881cb3) mulh    s9, a6, s8
core   0: 3 0x800047cc (0x03881cb3) x25 0x00000000
core   0: 0x800047d0 (0x00b3d393) srli    t2, t2, 11
core   0: 3 0x800047d0 (0x00b3d393) x 7 0x000c4728
core   0: 0x800047d4 (0x02785a33) divu    s4, a6, t2
core   0: 3 0x800047d4 (0x02785a33) x20 0x00000000
core   0: 0x800047d8 (0xc3133d17) auipc   s10, 0xc3133
core   0: 3 0x800047d8 (0xc3133d17) x26 0x431377d8
core   0: 0x800047dc (0x414b5793) srai    a5, s6, 20
core   0: 3 0x800047dc (0x414b5793) x15 0x00000000
core   0: 0x800047e0 (0x01f1a033) slt     zero, gp, t6
core   0: 3 0x800047e0 (0x01f1a033)
core   0: 0x800047e4 (0x4067da93) srai    s5, a5, 6
core   0: 3 0x800047e4 (0x4067da93) x21 0x00000000
core   0: 0x800047e8 (0x0235a333) mulhsu  t1, a1, gp
core   0: 3 0x800047e8 (0x0235a333) x 6 0x132f2e81
core   0: 0x800047ec (0x01d29893) slli    a7, t0, 29
core   0: 3 0x800047ec (0x01d29893) x17 0x80000000
core   0: 0x800047f0 (0x404edc33) sra     s8, t4, tp
core   0: 3 0x800047f0 (0x404edc33) x24 0x00000000
core   0: 0x800047f4 (0x00d700b3) add     ra, a4, a3
core   0: 3 0x800047f4 (0x00d700b3) x 1 0xffffffff
core   0: 0x800047f8 (0x002e1a13) slli    s4, t3, 2
core   0: 3 0x800047f8 (0x002e1a13) x20 0x00063390
core   0: 0x800047fc (0xe798f513) andi    a0, a7, -391
core   0: 3 0x800047fc (0xe798f513) x10 0x80000000
core   0: 0x80004800 (0x03533233) mulhu   tp, t1, s5
core   0: 3 0x80004800 (0x03533233) x 4 0x00000000
core   0: 0x80004804 (0x036d8fb3) mul     t6, s11, s6
core   0: 3 0x80004804 (0x036d8fb3) x31 0x00000000
core   0: 0x80004808 (0x9672f797) auipc   a5, 0x9672f
core   0: 3 0x80004808 (0x9672f797) x15 0x16733808
core   0: 0x8000480c (0x026d9933) mulh    s2, s11, t1
core   0: 3 0x8000480c (0x026d9933) x18 0xf66886b8
core   0: 0x80004810 (0x00991a93) slli    s5, s2, 9
core   0: 3 0x80004810 (0x00991a93) x21 0xd10d7000
core   0: 0x80004814 (0x012616b3) sll     a3, a2, s2
core   0: 3 0x80004814 (0x012616b3) x13 0x00000000
core   0: 0x80004818 (0x022e0233) mul     tp, t3, sp
core   0: 3 0x80004818 (0x022e0233) x 4 0x000c6720
core   0: 0x8000481c (0x028ee833) rem     a6, t4, s0
core   0: 3 0x8000481c (0x028ee833) x16 0x00000000
core   0: 0x80004820 (0x02880eb3) mul     t4, a6, s0
core   0: 3 0x80004820 (0x02880eb3) x29 0x00000000
core   0: 0x80004824 (0xa58a7f93) andi    t6, s4, -1448
core   0: 3 0x80004824 (0xa58a7f93) x31 0x00063210
core   0: 0x80004828 (0xec7d0eb7) lui     t4, 0xec7d0
core   0: 3 0x80004828 (0xec7d0eb7) x29 0xec7d0000
core   0: 0x8000482c (0xe07f6a37) lui     s4, 0xe07f6
core   0: 3 0x8000482c (0xe07f6a37) x20 0xe07f6000
core   0: 0x80004830 (0x026ebf33) mulhu   t5, t4, t1
core   0: 3 0x80004830 (0x026ebf33) x30 0x11b8dce8
core   0: 0x80004834 (0x0198c9b3) xor     s3, a7, s9
core   0: 3 0x80004834 (0x0198c9b3) x19 0x80000000
core   0: 0x80004838 (0x03a5f6b3) remu    a3, a1, s10
core   0: 3 0x80004838 (0x03a5f6b3) x13 0x32000000
core   0: 0x8000483c (0x0122e4b3) or      s1, t0, s2
core   0: 3 0x8000483c (0x0122e4b3) x 9 0xf669cefc
core   0: 0x80004840 (0x01191513) slli    a0, s2, 17
core   0: 3 0x80004840 (0x01191513) x10 0x0d700000
core   0: 0x80004844 (0xff1efa13) andi    s4, t4, -15
core   0: 3 0x80004844 (0xff1efa13) x20 0xec7d0000
core   0: 0x80004848 (0x14c33893) sltiu   a7, t1, 332
core   0: 3 0x80004848 (0x14c33893) x17 0x00000000
core   0: 0x8000484c (0x030236b3) mulhu   a3, tp, a6
core   0: 3 0x8000484c (0x030236b3) x13 0x00000000
core   0: 0x80004850 (0x02397433) remu    s0, s2, gp
core   0: 3 0x80004850 (0x02397433) x 8 0x31f606a8
core   0: 0x80004854 (0xe424ba97) auipc   s5, 0xe424b
core   0: 3 0x80004854 (0xe424ba97) x21 0x6424f854
core   0: 0x80004858 (0x02bb8213) addi    tp, s7, 43
core   0: 3 0x80004858 (0x02bb8213) x 4 0x0000002b
core   0: 0x8000485c (0x02a5e9b3) rem     s3, a1, a0
core   0: 3 0x8000485c (0x02a5e9b3) x19 0x09b00000
core   0: 0x80004860 (0x03ba3bb3) mulhu   s7, s4, s11
core   0: 3 0x80004860 (0x03ba3bb3) x23 0x763ff178
core   0: 0x80004864 (0x0256bbb3) mulhu   s7, a3, t0
core   0: 3 0x80004864 (0x0256bbb3) x23 0x00000000
core   0: 0x80004868 (0x02ef1833) mulh    a6, t5, a4
core   0: 3 0x80004868 (0x02ef1833) x16 0x00000000
core   0: 0x8000486c (0x00e651b3) srl     gp, a2, a4
core   0: 3 0x8000486c (0x00e651b3) x 3 0x00000000
core   0: 0x80004870 (0x015f8eb3) add     t4, t6, s5
core   0: 3 0x80004870 (0x015f8eb3) x29 0x642b2a64
core   0: 0x80004874 (0x00feef33) or      t5, t4, a5
core   0: 3 0x80004874 (0x00feef33) x30 0x767b3a6c
core   0: 0x80004878 (0xa10d7c13) andi    s8, s10, -1520
core   0: 3 0x80004878 (0xa10d7c13) x24 0x43137210
core   0: 0x8000487c (0x8874eb37) lui     s6, 0x8874e
core   0: 3 0x8000487c (0x8874eb37) x22 0x8874e000
core   0: 0x80004880 (0x00d4b433) sltu    s0, s1, a3
core   0: 3 0x80004880 (0x00d4b433) x 8 0x00000000
core   0: 0x80004884 (0x0282aa33) mulhsu  s4, t0, s0
core   0: 3 0x80004884 (0x0282aa33) x20 0x00000000
core   0: 0x80004888 (0x4c95a013) slti    zero, a1, 1225
core   0: 3 0x80004888 (0x4c95a013)
core   0: 0x8000488c (0x0163d633) srl     a2, t2, s6
core   0: 3 0x8000488c (0x0163d633) x12 0x000c4728
core   0: 0x80004890 (0x03f0c533) div     a0, ra, t6
core   0: 3 0x80004890 (0x03f0c533) x10 0x00000000
core   0: 0x80004894 (0x0322a233) mulhsu  tp, t0, s2
core   0: 3 0x80004894 (0x0322a233) x 4 0x84ccfe80
core   0: 0x80004898 (0x039345b3) div     a1, t1, s9
core   0: 3 0x80004898 (0x039345b3) x11 0xffffffff
core   0: 0x8000489c (0x03e0e6b3) rem     a3, ra, t5
core   0: 3 0x8000489c (0x03e0e6b3) x13 0xffffffff
core   0: 0x800048a0 (0x0047e033) or      zero, a5, tp
core   0: 3 0x800048a0 (0x0047e033)
core   0: 0x800048a4 (0x008a78b3) and     a7, s4, s0
core   0: 3 0x800048a4 (0x008a78b3) x17 0x00000000
core   0: 0x800048a8 (0x007148b3) xor     a7, sp, t2
core   0: 3 0x800048a8 (0x007148b3) x17 0x000c4720
core   0: 0x800048ac (0x00000013) nop
core   0: 3 0x800048ac (0x00000013)
core   0: 0x800048b0 (0x0042a4b3) slt     s1, t0, tp
core   0: 3 0x800048b0 (0x0042a4b3) x 9 0x00000001
core   0: 0x800048b4 (0x02b95633) divu    a2, s2, a1
core   0: 3 0x800048b4 (0x02b95633) x12 0x00000000
core   0: 0x800048b8 (0x00000013) nop
core   0: 3 0x800048b8 (0x00000013)
core   0: 0x800048bc (0x0095deb3) srl     t4, a1, s1
core   0: 3 0x800048bc (0x0095deb3) x29 0x7fffffff
core   0: 0x800048c0 (0x0192d193) srli    gp, t0, 25
core   0: 3 0x800048c0 (0x0192d193) x 3 0x00000040
core   0: 0x800048c4 (0xde104c93) xori    s9, zero, -543
core   0: 3 0x800048c4 (0xde104c93) x25 0xfffffde1
core   0: 0x800048c8 (0x59a68197) auipc   gp, 0x59a68
core   0: 3 0x800048c8 (0x59a68197) x 3 0xd9a6c8c8
core   0: 0x800048cc (0x41168833) sub     a6, a3, a7
core   0: 3 0x800048cc (0x41168833) x16 0xfff3b8df
core   0: 0x800048d0 (0x01b050b3) srl     ra, zero, s11
core   0: 3 0x800048d0 (0x01b050b3) x 1 0x00000000
core   0: 0x800048d4 (0x634bae93) slti    t4, s7, 1588
core   0: 3 0x800048d4 (0x634bae93) x29 0x00000001
core   0: 0x800048d8 (0xb4dafe93) andi    t4, s5, -1203
core   0: 3 0x800048d8 (0xb4dafe93) x29 0x6424f844
core   0: 0x800048dc (0x037cf533) remu    a0, s9, s7
core   0: 3 0x800048dc (0x037cf533) x10 0xfffffde1
core   0: 0x800048e0 (0x00000013) nop
core   0: 3 0x800048e0 (0x00000013)
core   0: 0x800048e4 (0x03215db3) divu    s11, sp, s2
core   0: 3 0x800048e4 (0x03215db3) x27 0x00000000
core   0: 0x800048e8 (0xd9410a13) addi    s4, sp, -620
core   0: 3 0x800048e8 (0xd9410a13) x20 0xfffffd9c
core   0: 0x800048ec (0x0088a433) slt     s0, a7, s0
core   0: 3 0x800048ec (0x0088a433) x 8 0x00000000
core   0: 0x800048f0 (0xa505fa93) andi    s5, a1, -1456
core   0: 3 0x800048f0 (0xa505fa93) x21 0xfffffa50
core   0: 0x800048f4 (0xe4618813) addi    a6, gp, -442
core   0: 3 0x800048f4 (0xe4618813) x16 0xd9a6c70e
core   0: 0x800048f8 (0xc9167717) auipc   a4, 0xc9167
core   0: 3 0x800048f8 (0xc9167717) x14 0x4916b8f8
core   0: 0x800048fc (0x03e4a9b3) mulhsu  s3, s1, t5
core   0: 3 0x800048fc (0x03e4a9b3) x19 0x00000000
core   0: 0x80004900 (0x02069c33) mulh    s8, a3, zero
core   0: 3 0x80004900 (0x02069c33) x24 0x00000000
core   0: 0x80004904 (0x0209eb33) rem     s6, s3, zero
core   0: 3 0x80004904 (0x0209eb33) x22 0x00000000
core   0: 0x80004908 (0x015bd413) srli    s0, s7, 21
core   0: 3 0x80004908 (0x015bd413) x 8 0x00000000
core   0: 0x8000490c (0x00012033) slt     zero, sp, zero
core   0: 3 0x8000490c (0x00012033)
core   0: 0x80004910 (0x001d0633) add     a2, s10, ra
core   0: 3 0x80004910 (0x001d0633) x12 0x431377d8
core   0: 0x80004914 (0x2d82d0b7) lui     ra, 0x2d82d
core   0: 3 0x80004914 (0x2d82d0b7) x 1 0x2d82d000
core   0: 0x80004918 (0x01f32633) slt     a2, t1, t6
core   0: 3 0x80004918 (0x01f32633) x12 0x00000000
core   0: 0x8000491c (0x030cf3b3) remu    t2, s9, a6
core   0: 3 0x8000491c (0x030cf3b3) x 7 0x265936d3
core   0: 0x80004920 (0xe8af2513) slti    a0, t5, -374
core   0: 3 0x80004920 (0xe8af2513) x10 0x00000000
core   0: 0x80004924 (0x1afaec93) ori     s9, s5, 431
core   0: 3 0x80004924 (0x1afaec93) x25 0xfffffbff
core   0: 0x80004928 (0x40d10c33) sub     s8, sp, a3
core   0: 3 0x80004928 (0x40d10c33) x24 0x00000009
core   0: 0x8000492c (0x024d53b3) divu    t2, s10, tp
core   0: 3 0x8000492c (0x024d53b3) x 7 0x00000000
core   0: 0x80004930 (0x022eb233) mulhu   tp, t4, sp
core   0: 3 0x80004930 (0x022eb233) x 4 0x00000003
core   0: 0x80004934 (0x0389b6b3) mulhu   a3, s3, s8
core   0: 3 0x80004934 (0x0389b6b3) x13 0x00000000
core   0: 0x80004938 (0x41688d33) sub     s10, a7, s6
core   0: 3 0x80004938 (0x41688d33) x26 0x000c4720
core   0: 0x8000493c (0x0350f333) remu    t1, ra, s5
core   0: 3 0x8000493c (0x0350f333) x 6 0x2d82d000
core   0: 0x80004940 (0xc3f31937) lui     s2, 0xc3f31
core   0: 3 0x80004940 (0xc3f31937) x18 0xc3f31000
core   0: 0x80004944 (0x0340e6b3) rem     a3, ra, s4
core   0: 3 0x80004944 (0x0340e6b3) x13 0x00000218
core   0: 0x80004948 (0x11218e93) addi    t4, gp, 274
core   0: 3 0x80004948 (0x11218e93) x29 0xd9a6c9da
core   0: 0x8000494c (0x010d7db3) and     s11, s10, a6
core   0: 3 0x8000494c (0x010d7db3) x27 0x00044700
core   0: 0x80004950 (0x02aeaeb3) mulhsu  t4, t4, a0
core   0: 3 0x80004950 (0x02aeaeb3) x29 0x00000000
core   0: 0x80004954 (0xf1f07193) andi    gp, zero, -225
core   0: 3 0x80004954 (0xf1f07193) x 3 0x00000000
core   0: 0x80004958 (0x013adeb3) srl     t4, s5, s3
core   0: 3 0x80004958 (0x013adeb3) x29 0xfffffa50
core   0: 0x8000495c (0x00209e93) slli    t4, ra, 2
core   0: 3 0x8000495c (0x00209e93) x29 0xb60b4000
core   0: 0x80004960 (0x0234a8b3) mulhsu  a7, s1, gp
core   0: 3 0x80004960 (0x0234a8b3) x17 0x00000000
core   0: 0x80004964 (0x67c0ed93) ori     s11, ra, 1660
core   0: 3 0x80004964 (0x67c0ed93) x27 0x2d82d67c
core   0: 0x80004968 (0xf8b16413) ori     s0, sp, -117
core   0: 3 0x80004968 (0xf8b16413) x 8 0xffffff8b
core   0: 0x8000496c (0x00975d13) srli    s10, a4, 9
core   0: 3 0x8000496c (0x00975d13) x26 0x00248b5c
core   0: 0x80004970 (0xd4657793) andi    a5, a0, -698
core   0: 3 0x80004970 (0xd4657793) x15 0x00000000
core   0: 0x80004974 (0xb3d92393) slti    t2, s2, -1219
core   0: 3 0x80004974 (0xb3d92393) x 7 0x00000001
core   0: 0x80004978 (0x0278b333) mulhu   t1, a7, t2
core   0: 3 0x80004978 (0x0278b333) x 6 0x00000000
core   0: 0x8000497c (0xbc89b213) sltiu   tp, s3, -1080
core   0: 3 0x8000497c (0xbc89b213) x 4 0x00000001
core   0: 0x80004980 (0x011568b3) or      a7, a0, a7
core   0: 3 0x80004980 (0x011568b3) x17 0x00000000
core   0: 0x80004984 (0x00269393) slli    t2, a3, 2
core   0: 3 0x80004984 (0x00269393) x 7 0x00000860
core   0: 0x80004988 (0xd317e793) ori     a5, a5, -719
core   0: 3 0x80004988 (0xd317e793) x15 0xfffffd31
core   0: 0x8000498c (0x0386ecb3) rem     s9, a3, s8
core   0: 3 0x8000498c (0x0386ecb3) x25 0x00000005
core   0: 0x80004990 (0x03c8c633) div     a2, a7, t3
core   0: 3 0x80004990 (0x03c8c633) x12 0x00000000
core   0: 0x80004994 (0x00000013) nop
core   0: 3 0x80004994 (0x00000013)
core   0: 0x80004998 (0x418c07b3) sub     a5, s8, s8
core   0: 3 0x80004998 (0x418c07b3) x15 0x00000000
core   0: 0x8000499c (0x03a56ab3) rem     s5, a0, s10
core   0: 3 0x8000499c (0x03a56ab3) x21 0x00000000
core   0: 0x800049a0 (0xcba52b13) slti    s6, a0, -838
core   0: 3 0x800049a0 (0xcba52b13) x22 0x00000000
core   0: 0x800049a4 (0x01503fb3) snez    t6, s5
core   0: 3 0x800049a4 (0x01503fb3) x31 0x00000000
core   0: 0x800049a8 (0x011b1893) slli    a7, s6, 17
core   0: 3 0x800049a8 (0x011b1893) x17 0x00000000
core   0: 0x800049ac (0x03b759b3) divu    s3, a4, s11
core   0: 3 0x800049ac (0x03b759b3) x19 0x00000001
core   0: 0x800049b0 (0x0a6ccb13) xori    s6, s9, 166
core   0: 3 0x800049b0 (0x0a6ccb13) x22 0x000000a3
core   0: 0x800049b4 (0x03329f33) mulh    t5, t0, s3
core   0: 3 0x800049b4 (0x03329f33) x30 0xffffffff
core   0: 0x800049b8 (0x032ab733) mulhu   a4, s5, s2
core   0: 3 0x800049b8 (0x032ab733) x14 0x00000000
core   0: 0x800049bc (0x01abadb3) slt     s11, s7, s10
core   0: 3 0x800049bc (0x01abadb3) x27 0x00000001
core   0: 0x800049c0 (0x4dcf4893) xori    a7, t5, 1244
core   0: 3 0x800049c0 (0x4dcf4893) x17 0xfffffb23
core   0: 0x800049c4 (0x00c27b33) and     s6, tp, a2
core   0: 3 0x800049c4 (0x00c27b33) x22 0x00000000
core   0: 0x800049c8 (0x41a4d933) sra     s2, s1, s10
core   0: 3 0x800049c8 (0x41a4d933) x18 0x00000000
core   0: 0x800049cc (0x008fb633) sltu    a2, t6, s0
core   0: 3 0x800049cc (0x008fb633) x12 0x00000001
core   0: 0x800049d0 (0x02c63333) mulhu   t1, a2, a2
core   0: 3 0x800049d0 (0x02c63333) x 6 0x00000000
core   0: 0x800049d4 (0x006328b3) slt     a7, t1, t1
core   0: 3 0x800049d4 (0x006328b3) x17 0x00000000
core   0: 0x800049d8 (0x000c9c93) slli    s9, s9, 0
core   0: 3 0x800049d8 (0x000c9c93) x25 0x00000005
core   0: 0x800049dc (0x0388b933) mulhu   s2, a7, s8
core   0: 3 0x800049dc (0x0388b933) x18 0x00000000
core   0: 0x800049e0 (0x021a2033) mulhsu  zero, s4, ra
core   0: 3 0x800049e0 (0x021a2033)
core   0: 0x800049e4 (0x033656b3) divu    a3, a2, s3
core   0: 3 0x800049e4 (0x033656b3) x13 0x00000001
core   0: 0x800049e8 (0x04cd0e93) addi    t4, s10, 76
core   0: 3 0x800049e8 (0x04cd0e93) x29 0x00248ba8
core   0: 0x800049ec (0x030005b3) mul     a1, zero, a6
core   0: 3 0x800049ec (0x030005b3) x11 0x00000000
core   0: 0x800049f0 (0x01546733) or      a4, s0, s5
core   0: 3 0x800049f0 (0x01546733) x14 0xffffff8b
core   0: 0x800049f4 (0xf2d80413) addi    s0, a6, -211
core   0: 3 0x800049f4 (0xf2d80413) x 8 0xd9a6c63b
core   0: 0x800049f8 (0x4030db33) sra     s6, ra, gp
core   0: 3 0x800049f8 (0x4030db33) x22 0x2d82d000
core   0: 0x800049fc (0x0394d533) divu    a0, s1, s9
core   0: 3 0x800049fc (0x0394d533) x10 0x00000000
core   0: 0x80004a00 (0x409c80b3) sub     ra, s9, s1
core   0: 3 0x80004a00 (0x409c80b3) x 1 0x00000004
core   0: 0x80004a04 (0x142abe97) auipc   t4, 0x142ab
core   0: 3 0x80004a04 (0x142abe97) x29 0x942afa04
core   0: 0x80004a08 (0x004787b3) add     a5, a5, tp
core   0: 3 0x80004a08 (0x004787b3) x15 0x00000001
core   0: 0x80004a0c (0x02c5d7b3) divu    a5, a1, a2
core   0: 3 0x80004a0c (0x02c5d7b3) x15 0x00000000
core   0: 0x80004a10 (0x02a8c3b3) div     t2, a7, a0
core   0: 3 0x80004a10 (0x02a8c3b3) x 7 0xffffffff
core   0: 0x80004a14 (0x40765ab3) sra     s5, a2, t2
core   0: 3 0x80004a14 (0x40765ab3) x21 0x00000000
core   0: 0x80004a18 (0x02d56933) rem     s2, a0, a3
core   0: 3 0x80004a18 (0x02d56933) x18 0x00000000
core   0: 0x80004a1c (0x0362e5b3) rem     a1, t0, s6
core   0: 3 0x80004a1c (0x0362e5b3) x11 0xdb06ee64
core   0: 0x80004a20 (0x016725b3) slt     a1, a4, s6
core   0: 3 0x80004a20 (0x016725b3) x11 0x00000001
core   0: 0x80004a24 (0xb0041197) auipc   gp, 0xb0041
core   0: 3 0x80004a24 (0xb0041197) x 3 0x30045a24
core   0: 0x80004a28 (0xb6414813) xori    a6, sp, -1180
core   0: 3 0x80004a28 (0xb6414813) x16 0xfffffb6c
core   0: 0x80004a2c (0x00000013) nop
core   0: 3 0x80004a2c (0x00000013)
core   0: 0x80004a30 (0x01577fb3) and     t6, a4, s5
core   0: 3 0x80004a30 (0x01577fb3) x31 0x00000000
core   0: 0x80004a34 (0x41315c13) srai    s8, sp, 19
core   0: 3 0x80004a34 (0x41315c13) x24 0x00000000
core   0: 0x80004a38 (0x016a23b3) slt     t2, s4, s6
core   0: 3 0x80004a38 (0x016a23b3) x 7 0x00000001
core   0: 0x80004a3c (0x02c53ab3) mulhu   s5, a0, a2
core   0: 3 0x80004a3c (0x02c53ab3) x21 0x00000000
core   0: 0x80004a40 (0xbeeaa817) auipc   a6, 0xbeeaa
core   0: 3 0x80004a40 (0xbeeaa817) x16 0x3eeaea40
core   0: 0x80004a44 (0x00000013) nop
core   0: 3 0x80004a44 (0x00000013)
core   0: 0x80004a48 (0x03c27c33) remu    s8, tp, t3
core   0: 3 0x80004a48 (0x03c27c33) x24 0x00000001
core   0: 0x80004a4c (0x57d78417) auipc   s0, 0x57d78
core   0: 3 0x80004a4c (0x57d78417) x 8 0xd7d7ca4c
core   0: 0x80004a50 (0x01a9db33) srl     s6, s3, s10
core   0: 3 0x80004a50 (0x01a9db33) x22 0x00000000
core   0: 0x80004a54 (0x2f69c413) xori    s0, s3, 758
core   0: 3 0x80004a54 (0x2f69c413) x 8 0x000002f7
core   0: 0x80004a58 (0x030416b3) mulh    a3, s0, a6
core   0: 3 0x80004a58 (0x030416b3) x13 0x000000ba
core   0: 0x80004a5c (0x949c0313) addi    t1, s8, -1719
core   0: 3 0x80004a5c (0x949c0313) x 6 0xfffff94a
core   0: 0x80004a60 (0x5db97d93) andi    s11, s2, 1499
core   0: 3 0x80004a60 (0x5db97d93) x27 0x00000000
core   0: 0x80004a64 (0x03c36633) rem     a2, t1, t3
core   0: 3 0x80004a64 (0x03c36633) x12 0xfffff94a
core   0: 0x80004a68 (0xa0c40997) auipc   s3, 0xa0c40
core   0: 3 0x80004a68 (0xa0c40997) x19 0x20c44a68
core   0: 0x80004a6c (0x0295c0b3) div     ra, a1, s1
core   0: 3 0x80004a6c (0x0295c0b3) x 1 0x00000001
core   0: 0x80004a70 (0x01bc7833) and     a6, s8, s11
core   0: 3 0x80004a70 (0x01bc7833) x16 0x00000000
core   0: 0x80004a74 (0x02fdc333) div     t1, s11, a5
core   0: 3 0x80004a74 (0x02fdc333) x 6 0xffffffff
core   0: 0x80004a78 (0x02de60b3) rem     ra, t3, a3
core   0: 3 0x80004a78 (0x02de60b3) x 1 0xffffff74
core   0: 0x80004a7c (0x013934b3) sltu    s1, s2, s3
core   0: 3 0x80004a7c (0x013934b3) x 9 0x00000001
core   0: 0x80004a80 (0xcfb3d637) lui     a2, 0xcfb3d
core   0: 3 0x80004a80 (0xcfb3d637) x12 0xcfb3d000
core   0: 0x80004a84 (0x00000013) nop
core   0: 3 0x80004a84 (0x00000013)
core   0: 0x80004a88 (0x01053633) sltu    a2, a0, a6
core   0: 3 0x80004a88 (0x01053633) x12 0x00000000
core   0: 0x80004a8c (0x01ab9e93) slli    t4, s7, 26
core   0: 3 0x80004a8c (0x01ab9e93) x29 0x00000000
core   0: 0x80004a90 (0x01d17ab3) and     s5, sp, t4
core   0: 3 0x80004a90 (0x01d17ab3) x21 0x00000000
core   0: 0x80004a94 (0x01834f33) xor     t5, t1, s8
core   0: 3 0x80004a94 (0x01834f33) x30 0xfffffffe
core   0: 0x80004a98 (0x038fc7b3) div     a5, t6, s8
core   0: 3 0x80004a98 (0x038fc7b3) x15 0x00000000
core   0: 0x80004a9c (0x61ab6413) ori     s0, s6, 1562
core   0: 3 0x80004a9c (0x61ab6413) x 8 0x0000061a
core   0: 0x80004aa0 (0x4023dc33) sra     s8, t2, sp
core   0: 3 0x80004aa0 (0x4023dc33) x24 0x00000000
core   0: 0x80004aa4 (0x018cbc33) sltu    s8, s9, s8
core   0: 3 0x80004aa4 (0x018cbc33) x24 0x00000000
core   0: 0x80004aa8 (0x004c9fb3) sll     t6, s9, tp
core   0: 3 0x80004aa8 (0x004c9fb3) x31 0x0000000a
core   0: 0x80004aac (0x01a0d213) srli    tp, ra, 26
core   0: 3 0x80004aac (0x01a0d213) x 4 0x0000003f
core   0: 0x80004ab0 (0x40715193) srai    gp, sp, 7
core   0: 3 0x80004ab0 (0x40715193) x 3 0x00000000
core   0: 0x80004ab4 (0x845e8213) addi    tp, t4, -1979
core   0: 3 0x80004ab4 (0x845e8213) x 4 0xfffff845
core   0: 0x80004ab8 (0x03edeab3) rem     s5, s11, t5
core   0: 3 0x80004ab8 (0x03edeab3) x21 0x00000000
core   0: 0x80004abc (0x0244d7b3) divu    a5, s1, tp
core   0: 3 0x80004abc (0x0244d7b3) x15 0x00000000
core   0: 0x80004ac0 (0x01a73533) sltu    a0, a4, s10
core   0: 3 0x80004ac0 (0x01a73533) x10 0x00000000
core   0: 0x80004ac4 (0x4061dcb3) sra     s9, gp, t1
core   0: 3 0x80004ac4 (0x4061dcb3) x25 0x00000000
core   0: 0x80004ac8 (0x00000013) nop
core   0: 3 0x80004ac8 (0x00000013)
core   0: 0x80004acc (0x2a578f13) addi    t5, a5, 677
core   0: 3 0x80004acc (0x2a578f13) x30 0x000002a5
core   0: 0x80004ad0 (0x077cb013) sltiu   zero, s9, 119
core   0: 3 0x80004ad0 (0x077cb013)
core   0: 0x80004ad4 (0x01eac333) xor     t1, s5, t5
core   0: 3 0x80004ad4 (0x01eac333) x 6 0x000002a5
core   0: 0x80004ad8 (0x0077d593) srli    a1, a5, 7
core   0: 3 0x80004ad8 (0x0077d593) x11 0x00000000
core   0: 0x80004adc (0x02ffb9b3) mulhu   s3, t6, a5
core   0: 3 0x80004adc (0x02ffb9b3) x19 0x00000000
core   0: 0x80004ae0 (0x417f0c33) sub     s8, t5, s7
core   0: 3 0x80004ae0 (0x417f0c33) x24 0x000002a5
core   0: 0x80004ae4 (0x403b5c13) srai    s8, s6, 3
core   0: 3 0x80004ae4 (0x403b5c13) x24 0x00000000
core   0: 0x80004ae8 (0x01aa7bb3) and     s7, s4, s10
core   0: 3 0x80004ae8 (0x01aa7bb3) x23 0x0024891c
core   0: 0x80004aec (0x5c0ace97) auipc   t4, 0x5c0ac
core   0: 3 0x80004aec (0x5c0ace97) x29 0xdc0b0aec
core   0: 0x80004af0 (0x024b3db3) mulhu   s11, s6, tp
core   0: 3 0x80004af0 (0x024b3db3) x27 0x00000000
core   0: 0x80004af4 (0x034f3ab3) mulhu   s5, t5, s4
core   0: 3 0x80004af4 (0x034f3ab3) x21 0x000002a4
core   0: 0x80004af8 (0x02784bb3) div     s7, a6, t2
core   0: 3 0x80004af8 (0x02784bb3) x23 0x00000000
core   0: 0x80004afc (0x03f1d6b3) divu    a3, gp, t6
core   0: 3 0x80004afc (0x03f1d6b3) x13 0x00000000
core   0: 0x80004b00 (0xed1d4e93) xori    t4, s10, -303
core   0: 3 0x80004b00 (0xed1d4e93) x29 0xffdb758d
core   0: 0x80004b04 (0x02943c33) mulhu   s8, s0, s1
core   0: 3 0x80004b04 (0x02943c33) x24 0x00000000
core   0: 0x80004b08 (0x3f046c17) auipc   s8, 0x3f046
core   0: 3 0x80004b08 (0x3f046c17) x24 0xbf04ab08
core   0: 0x80004b0c (0xd059fc13) andi    s8, s3, -763
core   0: 3 0x80004b0c (0xd059fc13) x24 0x00000000
core   0: 0x80004b10 (0x02416733) rem     a4, sp, tp
core   0: 3 0x80004b10 (0x02416733) x14 0x00000008
core   0: 0x80004b14 (0x00ca9713) slli    a4, s5, 12
core   0: 3 0x80004b14 (0x00ca9713) x14 0x002a4000
core   0: 0x80004b18 (0x03060933) mul     s2, a2, a6
core   0: 3 0x80004b18 (0x03060933) x18 0x00000000
core   0: 0x80004b1c (0x006d13b3) sll     t2, s10, t1
core   0: 3 0x80004b1c (0x006d13b3) x 7 0x04916b80
core   0: 0x80004b20 (0x03523833) mulhu   a6, tp, s5
core   0: 3 0x80004b20 (0x03523833) x16 0x000002a3
core   0: 0x80004b24 (0x41a1d413) srai    s0, gp, 26
core   0: 3 0x80004b24 (0x41a1d413) x 8 0x00000000
core   0: 0x80004b28 (0x024701b3) mul     gp, a4, tp
core   0: 3 0x80004b28 (0x024701b3) x 3 0xb9634000
core   0: 0x80004b2c (0x0070ceb3) xor     t4, ra, t2
core   0: 3 0x80004b2c (0x0070ceb3) x29 0xfb6e94f4
core   0: 0x80004b30 (0x4055da93) srai    s5, a1, 5
core   0: 3 0x80004b30 (0x4055da93) x21 0x00000000
core   0: 0x80004b34 (0x00e3c6b3) xor     a3, t2, a4
core   0: 3 0x80004b34 (0x00e3c6b3) x13 0x04bb2b80
core   0: 0x80004b38 (0x00b18c33) add     s8, gp, a1
core   0: 3 0x80004b38 (0x00b18c33) x24 0xb9634000
core   0: 0x80004b3c (0x016af6b3) and     a3, s5, s6
core   0: 3 0x80004b3c (0x016af6b3) x13 0x00000000
core   0: 0x80004b40 (0xb0182d17) auipc   s10, 0xb0182
core   0: 3 0x80004b40 (0xb0182d17) x26 0x30186b40
core   0: 0x80004b44 (0x2db78613) addi    a2, a5, 731
core   0: 3 0x80004b44 (0x2db78613) x12 0x000002db
core   0: 0x80004b48 (0xfc080a93) addi    s5, a6, -64
core   0: 3 0x80004b48 (0xfc080a93) x21 0x00000263
core   0: 0x80004b4c (0xe4180e93) addi    t4, a6, -447
core   0: 3 0x80004b4c (0xe4180e93) x29 0x000000e4
core   0: 0x80004b50 (0x03c330b3) mulhu   ra, t1, t3
core   0: 3 0x80004b50 (0x03c330b3) x 1 0x00000152
core   0: 0x80004b54 (0x408fd3b3) sra     t2, t6, s0
core   0: 3 0x80004b54 (0x408fd3b3) x 7 0x0000000a
core   0: 0x80004b58 (0x40cdd693) srai    a3, s11, 12
core   0: 3 0x80004b58 (0x40cdd693) x13 0x00000000
core   0: 0x80004b5c (0x40d706b3) sub     a3, a4, a3
core   0: 3 0x80004b5c (0x40d706b3) x13 0x002a4000
core   0: 0x80004b60 (0x818b0a13) addi    s4, s6, -2024
core   0: 3 0x80004b60 (0x818b0a13) x20 0xfffff818
core   0: 0x80004b64 (0x7ddf0d17) auipc   s10, 0x7ddf0
core   0: 3 0x80004b64 (0x7ddf0d17) x26 0xfddf4b64
core   0: 0x80004b68 (0x021f78b3) remu    a7, t5, ra
core   0: 3 0x80004b68 (0x021f78b3) x17 0x00000001
core   0: 0x80004b6c (0xf510ae93) slti    t4, ra, -175
core   0: 3 0x80004b6c (0xf510ae93) x29 0x00000000
core   0: 0x80004b70 (0x03fb81b3) mul     gp, s7, t6
core   0: 3 0x80004b70 (0x03fb81b3) x 3 0x00000000
core   0: 0x80004b74 (0x012977b3) and     a5, s2, s2
core   0: 3 0x80004b74 (0x012977b3) x15 0x00000000
core   0: 0x80004b78 (0x41eab513) sltiu   a0, s5, 1054
core   0: 3 0x80004b78 (0x41eab513) x10 0x00000001
core   0: 0x80004b7c (0x03d95d33) divu    s10, s2, t4
core   0: 3 0x80004b7c (0x03d95d33) x26 0xffffffff
core   0: 0x80004b80 (0x03d2e633) rem     a2, t0, t4
core   0: 3 0x80004b80 (0x03d2e633) x12 0x80014e64
core   0: 0x80004b84 (0x40c55ab3) sra     s5, a0, a2
core   0: 3 0x80004b84 (0x40c55ab3) x21 0x00000000
core   0: 0x80004b88 (0x40e950b3) sra     ra, s2, a4
core   0: 3 0x80004b88 (0x40e950b3) x 1 0x00000000
core   0: 0x80004b8c (0x026a08b3) mul     a7, s4, t1
core   0: 3 0x80004b8c (0x026a08b3) x17 0xffeb1778
core   0: 0x80004b90 (0x03558fb3) mul     t6, a1, s5
core   0: 3 0x80004b90 (0x03558fb3) x31 0x00000000
core   0: 0x80004b94 (0xcd7b4393) xori    t2, s6, -809
core   0: 3 0x80004b94 (0xcd7b4393) x 7 0xfffffcd7
core   0: 0x80004b98 (0x024f5633) divu    a2, t5, tp
core   0: 3 0x80004b98 (0x024f5633) x12 0x00000000
core   0: 0x80004b9c (0x029a3eb3) mulhu   t4, s4, s1
core   0: 3 0x80004b9c (0x029a3eb3) x29 0x00000000
core   0: 0x80004ba0 (0x035fc233) div     tp, t6, s5
core   0: 3 0x80004ba0 (0x035fc233) x 4 0xffffffff
core   0: 0x80004ba4 (0x0080da33) srl     s4, ra, s0
core   0: 3 0x80004ba4 (0x0080da33) x20 0x00000000
core   0: 0x80004ba8 (0xec5a6e93) ori     t4, s4, -315
core   0: 3 0x80004ba8 (0xec5a6e93) x29 0xfffffec5
core   0: 0x80004bac (0x00a171b3) and     gp, sp, a0
core   0: 3 0x80004bac (0x00a171b3) x 3 0x00000000
core   0: 0x80004bb0 (0x6ee4f613) andi    a2, s1, 1774
core   0: 3 0x80004bb0 (0x6ee4f613) x12 0x00000000
core   0: 0x80004bb4 (0x03513cb3) mulhu   s9, sp, s5
core   0: 3 0x80004bb4 (0x03513cb3) x25 0x00000000
core   0: 0x80004bb8 (0x007a0ab3) add     s5, s4, t2
core   0: 3 0x80004bb8 (0x007a0ab3) x21 0xfffffcd7
core   0: 0x80004bbc (0x2c216313) ori     t1, sp, 706
core   0: 3 0x80004bbc (0x2c216313) x 6 0x000002ca
core   0: 0x80004bc0 (0x00000013) nop
core   0: 3 0x80004bc0 (0x00000013)
core   0: 0x80004bc4 (0x27736eb7) lui     t4, 0x27736
core   0: 3 0x80004bc4 (0x27736eb7) x29 0x27736000
core   0: 0x80004bc8 (0x413d5a93) srai    s5, s10, 19
core   0: 3 0x80004bc8 (0x413d5a93) x21 0xffffffff
core   0: 0x80004bcc (0x0020bfb3) sltu    t6, ra, sp
core   0: 3 0x80004bcc (0x0020bfb3) x31 0x00000001
core   0: 0x80004bd0 (0x3014ed13) ori     s10, s1, 769
core   0: 3 0x80004bd0 (0x3014ed13) x26 0x00000301
core   0: 0x80004bd4 (0x01fa1513) slli    a0, s4, 31
core   0: 3 0x80004bd4 (0x01fa1513) x10 0x00000000
core   0: 0x80004bd8 (0x006d2cb3) slt     s9, s10, t1
core   0: 3 0x80004bd8 (0x006d2cb3) x25 0x00000000
core   0: 0x80004bdc (0x00e7efb3) or      t6, a5, a4
core   0: 3 0x80004bdc (0x00e7efb3) x31 0x002a4000
core   0: 0x80004be0 (0x00000013) nop
core   0: 3 0x80004be0 (0x00000013)
core   0: 0x80004be4 (0x037323b3) mulhsu  t2, t1, s7
core   0: 3 0x80004be4 (0x037323b3) x 7 0x00000000
core   0: 0x80004be8 (0x016208b3) add     a7, tp, s6
core   0: 3 0x80004be8 (0x016208b3) x17 0xffffffff
core   0: 0x80004bec (0xc9a36013) ori     zero, t1, -870
core   0: 3 0x80004bec (0xc9a36013)
core   0: 0x80004bf0 (0x3c64b813) sltiu   a6, s1, 966
core   0: 3 0x80004bf0 (0x3c64b813) x16 0x00000001
core   0: 0x80004bf4 (0x0388b4b3) mulhu   s1, a7, s8
core   0: 3 0x80004bf4 (0x0388b4b3) x 9 0xb9633fff
core   0: 0x80004bf8 (0x00bf8f33) add     t5, t6, a1
core   0: 3 0x80004bf8 (0x00bf8f33) x30 0x002a4000
core   0: 0x80004bfc (0x004f6433) or      s0, t5, tp
core   0: 3 0x80004bfc (0x004f6433) x 8 0xffffffff
core   0: 0x80004c00 (0xdd75bf37) lui     t5, 0xdd75b
core   0: 3 0x80004c00 (0xdd75bf37) x30 0xdd75b000
core   0: 0x80004c04 (0x41188433) sub     s0, a7, a7
core   0: 3 0x80004c04 (0x41188433) x 8 0x00000000
core   0: 0x80004c08 (0x03b9e333) rem     t1, s3, s11
core   0: 3 0x80004c08 (0x03b9e333) x 6 0x00000000
core   0: 0x80004c0c (0x03639bb3) mulh    s7, t2, s6
core   0: 3 0x80004c0c (0x03639bb3) x23 0x00000000
core   0: 0x80004c10 (0xc9f34493) xori    s1, t1, -865
core   0: 3 0x80004c10 (0xc9f34493) x 9 0xfffffc9f
core   0: 0x80004c14 (0x01941633) sll     a2, s0, s9
core   0: 3 0x80004c14 (0x01941633) x12 0x00000000
core   0: 0x80004c18 (0x01e83d33) sltu    s10, a6, t5
core   0: 3 0x80004c18 (0x01e83d33) x26 0x00000001
core   0: 0x80004c1c (0x02bc17b3) mulh    a5, s8, a1
core   0: 3 0x80004c1c (0x02bc17b3) x15 0x00000000
core   0: 0x80004c20 (0xbbe88437) lui     s0, 0xbbe88
core   0: 3 0x80004c20 (0xbbe88437) x 8 0xbbe88000
core   0: 0x80004c24 (0x00f71d93) slli    s11, a4, 15
core   0: 3 0x80004c24 (0x00f71d93) x27 0x20000000
core   0: 0x80004c28 (0x5e3b8413) addi    s0, s7, 1507
core   0: 3 0x80004c28 (0x5e3b8413) x 8 0x000005e3
core   0: 0x80004c2c (0x2d7b5497) auipc   s1, 0x2d7b5
core   0: 3 0x80004c2c (0x2d7b5497) x 9 0xad7b9c2c
core   0: 0x80004c30 (0x00bad633) srl     a2, s5, a1
core   0: 3 0x80004c30 (0x00bad633) x12 0xffffffff
core   0: 0x80004c34 (0xe6b78717) auipc   a4, 0xe6b78
core   0: 3 0x80004c34 (0xe6b78717) x14 0x66b7cc34
core   0: 0x80004c38 (0x209aa913) slti    s2, s5, 521
core   0: 3 0x80004c38 (0x209aa913) x18 0x00000001
core   0: 0x80004c3c (0x02715fb3) divu    t6, sp, t2
core   0: 3 0x80004c3c (0x02715fb3) x31 0xffffffff
core   0: 0x80004c40 (0x0149f6b3) and     a3, s3, s4
core   0: 3 0x80004c40 (0x0149f6b3) x13 0x00000000
core   0: 0x80004c44 (0xb5478193) addi    gp, a5, -1196
core   0: 3 0x80004c44 (0xb5478193) x 3 0xfffffb54
core   0: 0x80004c48 (0x01d82bb3) slt     s7, a6, t4
core   0: 3 0x80004c48 (0x01d82bb3) x23 0x00000001
core   0: 0x80004c4c (0x01601b33) sll     s6, zero, s6
core   0: 3 0x80004c4c (0x01601b33) x22 0x00000000
core   0: 0x80004c50 (0x9afb2793) slti    a5, s6, -1617
core   0: 3 0x80004c50 (0x9afb2793) x15 0x00000000
core   0: 0x80004c54 (0x41bdd3b3) sra     t2, s11, s11
core   0: 3 0x80004c54 (0x41bdd3b3) x 7 0x20000000
core   0: 0x80004c58 (0x02236bb3) rem     s7, t1, sp
core   0: 3 0x80004c58 (0x02236bb3) x23 0x00000000
core   0: 0x80004c5c (0x009dd233) srl     tp, s11, s1
core   0: 3 0x80004c5c (0x009dd233) x 4 0x00020000
core   0: 0x80004c60 (0x032adf33) divu    t5, s5, s2
core   0: 3 0x80004c60 (0x032adf33) x30 0xffffffff
core   0: 0x80004c64 (0x01409a13) slli    s4, ra, 20
core   0: 3 0x80004c64 (0x01409a13) x20 0x00000000
core   0: 0x80004c68 (0x000144b3) xor     s1, sp, zero
core   0: 3 0x80004c68 (0x000144b3) x 9 0x00000008
core   0: 0x80004c6c (0x40698db3) sub     s11, s3, t1
core   0: 3 0x80004c6c (0x40698db3) x27 0x00000000
core   0: 0x80004c70 (0x01b3e9b3) or      s3, t2, s11
core   0: 3 0x80004c70 (0x01b3e9b3) x19 0x20000000
core   0: 0x80004c74 (0x03a78933) mul     s2, a5, s10
core   0: 3 0x80004c74 (0x03a78933) x18 0x00000000
core   0: 0x80004c78 (0xac566613) ori     a2, a2, -1339
core   0: 3 0x80004c78 (0xac566613) x12 0xffffffff
core   0: 0x80004c7c (0x2f1a3793) sltiu   a5, s4, 753
core   0: 3 0x80004c7c (0x2f1a3793) x15 0x00000001
core   0: 0x80004c80 (0x178a3a93) sltiu   s5, s4, 376
core   0: 3 0x80004c80 (0x178a3a93) x21 0x00000001
core   0: 0x80004c84 (0x00000013) nop
core   0: 3 0x80004c84 (0x00000013)
core   0: 0x80004c88 (0x02178533) mul     a0, a5, ra
core   0: 3 0x80004c88 (0x02178533) x10 0x00000000
core   0: 0x80004c8c (0x037e2933) mulhsu  s2, t3, s7
core   0: 3 0x80004c8c (0x037e2933) x18 0x00000000
core   0: 0x80004c90 (0x037dc3b3) div     t2, s11, s7
core   0: 3 0x80004c90 (0x037dc3b3) x 7 0xffffffff
core   0: 0x80004c94 (0xd6fef713) andi    a4, t4, -657
core   0: 3 0x80004c94 (0xd6fef713) x14 0x27736000
core   0: 0x80004c98 (0x00399633) sll     a2, s3, gp
core   0: 3 0x80004c98 (0x00399633) x12 0x00000000
core   0: 0x80004c9c (0x0035c3b3) xor     t2, a1, gp
core   0: 3 0x80004c9c (0x0035c3b3) x 7 0xfffffb54
core   0: 0x80004ca0 (0x02c2c533) div     a0, t0, a2
core   0: 3 0x80004ca0 (0x02c2c533) x10 0xffffffff
core   0: 0x80004ca4 (0x01449933) sll     s2, s1, s4
core   0: 3 0x80004ca4 (0x01449933) x18 0x00000008
core   0: 0x80004ca8 (0x03d1abb3) mulhsu  s7, gp, t4
core   0: 3 0x80004ca8 (0x03d1abb3) x23 0xffffff47
core   0: 0x80004cac (0x5b454613) xori    a2, a0, 1460
core   0: 3 0x80004cac (0x5b454613) x12 0xfffffa4b
core   0: 0x80004cb0 (0x40b65533) sra     a0, a2, a1
core   0: 3 0x80004cb0 (0x40b65533) x10 0xfffffa4b
core   0: 0x80004cb4 (0x9d70f013) andi    zero, ra, -1577
core   0: 3 0x80004cb4 (0x9d70f013)
core   0: 0x80004cb8 (0x00000013) nop
core   0: 3 0x80004cb8 (0x00000013)
core   0: 0x80004cbc (0x02954533) div     a0, a0, s1
core   0: 3 0x80004cbc (0x02954533) x10 0xffffff4a
core   0: 0x80004cc0 (0x02d4aab3) mulhsu  s5, s1, a3
core   0: 3 0x80004cc0 (0x02d4aab3) x21 0x00000000
core   0: 0x80004cc4 (0x0241c333) div     t1, gp, tp
core   0: 3 0x80004cc4 (0x0241c333) x 6 0x00000000
core   0: 0x80004cc8 (0x021ae3b3) rem     t2, s5, ra
core   0: 3 0x80004cc8 (0x021ae3b3) x 7 0x00000000
core   0: 0x80004ccc (0x34971617) auipc   a2, 0x34971
core   0: 3 0x80004ccc (0x34971617) x12 0xb4975ccc
core   0: 0x80004cd0 (0xc0724093) xori    ra, tp, -1017
core   0: 3 0x80004cd0 (0xc0724093) x 1 0xfffdfc07
core   0: 0x80004cd4 (0x4067db13) srai    s6, a5, 6
core   0: 3 0x80004cd4 (0x4067db13) x22 0x00000000
core   0: 0x80004cd8 (0x02b24eb3) div     t4, tp, a1
core   0: 3 0x80004cd8 (0x02b24eb3) x29 0xffffffff
core   0: 0x80004cdc (0x024675b3) remu    a1, a2, tp
core   0: 3 0x80004cdc (0x024675b3) x11 0x00015ccc
core   0: 0x80004ce0 (0x418105b3) sub     a1, sp, s8
core   0: 3 0x80004ce0 (0x418105b3) x11 0x469cc008
core   0: 0x80004ce4 (0x41bb5033) sra     zero, s6, s11
core   0: 3 0x80004ce4 (0x41bb5033)
core   0: 0x80004ce8 (0x40ab5733) sra     a4, s6, a0
core   0: 3 0x80004ce8 (0x40ab5733) x14 0x00000000
core   0: 0x80004cec (0xaeee2313) slti    t1, t3, -1298
core   0: 3 0x80004cec (0xaeee2313) x 6 0x00000001
core   0: 0x80004cf0 (0x014b39b3) sltu    s3, s6, s4
core   0: 3 0x80004cf0 (0x014b39b3) x19 0x00000000
core   0: 0x80004cf4 (0x0025b533) sltu    a0, a1, sp
core   0: 3 0x80004cf4 (0x0025b533) x10 0x00000000
core   0: 0x80004cf8 (0x039fc233) div     tp, t6, s9
core   0: 3 0x80004cf8 (0x039fc233) x 4 0xffffffff
core   0: 0x80004cfc (0x02a4c9b3) div     s3, s1, a0
core   0: 3 0x80004cfc (0x02a4c9b3) x19 0xffffffff
core   0: 0x80004d00 (0x00522d33) slt     s10, tp, t0
core   0: 3 0x80004d00 (0x00522d33) x26 0x00000000
core   0: 0x80004d04 (0x8adcec97) auipc   s9, 0x8adce
core   0: 3 0x80004d04 (0x8adcec97) x25 0x0add2d04
core   0: 0x80004d08 (0x02c52db3) mulhsu  s11, a0, a2
core   0: 3 0x80004d08 (0x02c52db3) x27 0x00000000
core   0: 0x80004d0c (0x00112433) slt     s0, sp, ra
core   0: 3 0x80004d0c (0x00112433) x 8 0x00000000
core   0: 0x80004d10 (0x012c0a33) add     s4, s8, s2
core   0: 3 0x80004d10 (0x012c0a33) x20 0xb9634008
core   0: 0x80004d14 (0xdaadc893) xori    a7, s11, -598
core   0: 3 0x80004d14 (0xdaadc893) x17 0xfffffdaa
core   0: 0x80004d18 (0x00734433) xor     s0, t1, t2
core   0: 3 0x80004d18 (0x00734433) x 8 0x00000001
core   0: 0x80004d1c (0x1b064613) xori    a2, a2, 432
core   0: 3 0x80004d1c (0x1b064613) x12 0xb4975d7c
core   0: 0x80004d20 (0x01175db3) srl     s11, a4, a7
core   0: 3 0x80004d20 (0x01175db3) x27 0x00000000
core   0: 0x80004d24 (0x00000013) nop
core   0: 3 0x80004d24 (0x00000013)
core   0: 0x80004d28 (0x01ea4eb3) xor     t4, s4, t5
core   0: 3 0x80004d28 (0x01ea4eb3) x29 0x469cbff7
core   0: 0x80004d2c (0x00000013) nop
core   0: 3 0x80004d2c (0x00000013)
core   0: 0x80004d30 (0x40f2d093) srai    ra, t0, 15
core   0: 3 0x80004d30 (0x40f2d093) x 1 0xffff0002
core   0: 0x80004d34 (0x00f9e4b3) or      s1, s3, a5
core   0: 3 0x80004d34 (0x00f9e4b3) x 9 0xffffffff
core   0: 0x80004d38 (0x404f5213) srai    tp, t5, 4
core   0: 3 0x80004d38 (0x404f5213) x 4 0xffffffff
core   0: 0x80004d3c (0xfde7f013) andi    zero, a5, -34
core   0: 3 0x80004d3c (0xfde7f013)
core   0: 0x80004d40 (0x4142d833) sra     a6, t0, s4
core   0: 3 0x80004d40 (0x4142d833) x16 0xff80014e
core   0: 0x80004d44 (0x40f7d813) srai    a6, a5, 15
core   0: 3 0x80004d44 (0x40f7d813) x16 0x00000000
core   0: 0x80004d48 (0x009bf033) and     zero, s7, s1
core   0: 3 0x80004d48 (0x009bf033)
core   0: 0x80004d4c (0x00a39033) sll     zero, t2, a0
core   0: 3 0x80004d4c (0x00a39033)
core   0: 0x80004d50 (0x03c46733) rem     a4, s0, t3
core   0: 3 0x80004d50 (0x03c46733) x14 0x00000001
core   0: 0x80004d54 (0x00f61493) slli    s1, a2, 15
core   0: 3 0x80004d54 (0x00f61493) x 9 0xaebe0000
core   0: 0x80004d58 (0x439fa393) slti    t2, t6, 1081
core   0: 3 0x80004d58 (0x439fa393) x 7 0x00000001
core   0: 0x80004d5c (0x9d204713) xori    a4, zero, -1582
core   0: 3 0x80004d5c (0x9d204713) x14 0xfffff9d2
core   0: 0x80004d60 (0x012e5d33) srl     s10, t3, s2
core   0: 3 0x80004d60 (0x012e5d33) x26 0x0080018c
core   0: 0x80004d64 (0xe9e9ab93) slti    s7, s3, -354
core   0: 3 0x80004d64 (0xe9e9ab93) x23 0x00000000
core   0: 0x80004d68 (0x03c66433) rem     s0, a2, t3
core   0: 3 0x80004d68 (0x03c66433) x 8 0xb4975d7c
core   0: 0x80004d6c (0x00169593) slli    a1, a3, 1
core   0: 3 0x80004d6c (0x00169593) x11 0x00000000
core   0: 0x80004d70 (0x02a05ab3) divu    s5, zero, a0
core   0: 3 0x80004d70 (0x02a05ab3) x21 0xffffffff
core   0: 0x80004d74 (0x400f0eb3) sub     t4, t5, zero
core   0: 3 0x80004d74 (0x400f0eb3) x29 0xffffffff
core   0: 0x80004d78 (0x00ed0a33) add     s4, s10, a4
core   0: 3 0x80004d78 (0x00ed0a33) x20 0x007ffb5e
core   0: 0x80004d7c (0x01b1d193) srli    gp, gp, 27
core   0: 3 0x80004d7c (0x01b1d193) x 3 0x0000001f
core   0: 0x80004d80 (0x313ef093) andi    ra, t4, 787
core   0: 3 0x80004d80 (0x313ef093) x 1 0x00000313
core   0: 0x80004d84 (0x027ebbb3) mulhu   s7, t4, t2
core   0: 3 0x80004d84 (0x027ebbb3) x23 0x00000000
core   0: 0x80004d88 (0x03b721b3) mulhsu  gp, a4, s11
core   0: 3 0x80004d88 (0x03b721b3) x 3 0x00000000
core   0: 0x80004d8c (0xa74a2193) slti    gp, s4, -1420
core   0: 3 0x80004d8c (0xa74a2193) x 3 0x00000000
core   0: 0x80004d90 (0xdcfe4f93) xori    t6, t3, -561
core   0: 3 0x80004d90 (0xdcfe4f93) x31 0x7ffe712b
core   0: 0x80004d94 (0xb73c4c13) xori    s8, s8, -1165
core   0: 3 0x80004d94 (0xb73c4c13) x24 0x469cbb73
core   0: 0x80004d98 (0x015a4933) xor     s2, s4, s5
core   0: 3 0x80004d98 (0x015a4933) x18 0xff8004a1
core   0: 0x80004d9c (0x3becd537) lui     a0, 0x3becd
core   0: 3 0x80004d9c (0x3becd537) x10 0x3becd000
core   0: 0x80004da0 (0x02407db3) remu    s11, zero, tp
core   0: 3 0x80004da0 (0x02407db3) x27 0x00000000
core   0: 0x80004da4 (0x02bd29b3) mulhsu  s3, s10, a1
core   0: 3 0x80004da4 (0x02bd29b3) x19 0x00000000
core   0: 0x80004da8 (0x0245bc33) mulhu   s8, a1, tp
core   0: 3 0x80004da8 (0x0245bc33) x24 0x00000000
core   0: 0x80004dac (0x40f75c13) srai    s8, a4, 15
core   0: 3 0x80004dac (0x40f75c13) x24 0xffffffff
core   0: 0x80004db0 (0x01d67033) and     zero, a2, t4
core   0: 3 0x80004db0 (0x01d67033)
core   0: 0x80004db4 (0x00c70033) add     zero, a4, a2
core   0: 3 0x80004db4 (0x00c70033)
core   0: 0x80004db8 (0x00b7f233) and     tp, a5, a1
core   0: 3 0x80004db8 (0x00b7f233) x 4 0x00000000
core   0: 0x80004dbc (0x01c3a933) slt     s2, t2, t3
core   0: 3 0x80004dbc (0x01c3a933) x18 0x00000000
core   0: 0x80004dc0 (0x028f3433) mulhu   s0, t5, s0
core   0: 3 0x80004dc0 (0x028f3433) x 8 0xb4975d7b
core   0: 0x80004dc4 (0x8aabc513) xori    a0, s7, -1878
core   0: 3 0x80004dc4 (0x8aabc513) x10 0xfffff8aa
core   0: 0x80004dc8 (0x00ca1893) slli    a7, s4, 12
core   0: 3 0x80004dc8 (0x00ca1893) x17 0xffb5e000
core   0: 0x80004dcc (0x0147d013) srli    zero, a5, 20
core   0: 3 0x80004dcc (0x0147d013)
core   0: 0x80004dd0 (0x0040ca33) xor     s4, ra, tp
core   0: 3 0x80004dd0 (0x0040ca33) x20 0x00000313
core   0: 0x80004dd4 (0x411e8533) sub     a0, t4, a7
core   0: 3 0x80004dd4 (0x411e8533) x10 0x004a1fff
core   0: 0x80004dd8 (0x019b9ab3) sll     s5, s7, s9
core   0: 3 0x80004dd8 (0x019b9ab3) x21 0x00000000
core   0: 0x80004ddc (0x034f1533) mulh    a0, t5, s4
core   0: 3 0x80004ddc (0x034f1533) x10 0xffffffff
core   0: 0x80004de0 (0x013a5e93) srli    t4, s4, 19
core   0: 3 0x80004de0 (0x013a5e93) x29 0x00000000
core   0: 0x80004de4 (0x02245ab3) divu    s5, s0, sp
core   0: 3 0x80004de4 (0x02245ab3) x21 0x1692ebaf
core   0: 0x80004de8 (0x00f9d1b3) srl     gp, s3, a5
core   0: 3 0x80004de8 (0x00f9d1b3) x 3 0x00000000
core   0: 0x80004dec (0x158bfb93) andi    s7, s7, 344
core   0: 3 0x80004dec (0x158bfb93) x23 0x00000000
core   0: 0x80004df0 (0x03e15c33) divu    s8, sp, t5
core   0: 3 0x80004df0 (0x03e15c33) x24 0x00000000
core   0: 0x80004df4 (0x031320b3) mulhsu  ra, t1, a7
core   0: 3 0x80004df4 (0x031320b3) x 1 0x00000000
core   0: 0x80004df8 (0x01ceb3b3) sltu    t2, t4, t3
core   0: 3 0x80004df8 (0x01ceb3b3) x 7 0x00000001
core   0: 0x80004dfc (0x0115f4b3) and     s1, a1, a7
core   0: 3 0x80004dfc (0x0115f4b3) x 9 0x00000000
core   0: 0x80004e00 (0x84b0fa13) andi    s4, ra, -1973
core   0: 3 0x80004e00 (0x84b0fa13) x20 0x00000000
core   0: 0x80004e04 (0x033d5b33) divu    s6, s10, s3
core   0: 3 0x80004e04 (0x033d5b33) x22 0xffffffff
core   0: 0x80004e08 (0x29d52993) slti    s3, a0, 669
core   0: 3 0x80004e08 (0x29d52993) x19 0x00000001
core   0: 0x80004e0c (0x00000013) nop
core   0: 3 0x80004e0c (0x00000013)
core   0: 0x80004e10 (0x41355d93) srai    s11, a0, 19
core   0: 3 0x80004e10 (0x41355d93) x27 0xffffffff
core   0: 0x80004e14 (0x0076b933) sltu    s2, a3, t2
core   0: 3 0x80004e14 (0x0076b933) x18 0x00000001
core   0: 0x80004e18 (0x0349ba97) auipc   s5, 0x349b
core   0: 3 0x80004e18 (0x0349ba97) x21 0x8349fe18
core   0: 0x80004e1c (0x008997b3) sll     a5, s3, s0
core   0: 3 0x80004e1c (0x008997b3) x15 0x08000000
core   0: 0x80004e20 (0x8cc8e017) auipc   zero, 0x8cc8e
core   0: 3 0x80004e20 (0x8cc8e017)
core   0: 0x80004e24 (0x033557b3) divu    a5, a0, s3
core   0: 3 0x80004e24 (0x033557b3) x15 0xffffffff
core   0: 0x80004e28 (0x6d1c3493) sltiu   s1, s8, 1745
core   0: 3 0x80004e28 (0x6d1c3493) x 9 0x00000001
core   0: 0x80004e2c (0x0180f8b3) and     a7, ra, s8
core   0: 3 0x80004e2c (0x0180f8b3) x17 0x00000000
core   0: 0x80004e30 (0x01c31a33) sll     s4, t1, t3
core   0: 3 0x80004e30 (0x01c31a33) x20 0x00000010
core   0: 0x80004e34 (0x02cbc5b3) div     a1, s7, a2
core   0: 3 0x80004e34 (0x02cbc5b3) x11 0x00000000
core   0: 0x80004e38 (0xdd571c17) auipc   s8, 0xdd571
core   0: 3 0x80004e38 (0xdd571c17) x24 0x5d575e38
core   0: 0x80004e3c (0xc8715897) auipc   a7, 0xc8715
core   0: 3 0x80004e3c (0xc8715897) x17 0x48719e3c
core   0: 0x80004e40 (0x01ff46b3) xor     a3, t5, t6
core   0: 3 0x80004e40 (0x01ff46b3) x13 0x80018ed4
core   0: 0x80004e44 (0x2f267393) andi    t2, a2, 754
core   0: 3 0x80004e44 (0x2f267393) x 7 0x00000070
core   0: 0x80004e48 (0x00000013) nop
core   0: 3 0x80004e48 (0x00000013)
core   0: 0x80004e4c (0x54df8513) addi    a0, t6, 1357
core   0: 3 0x80004e4c (0x54df8513) x10 0x7ffe7678
core   0: 0x80004e50 (0x007fa0b3) slt     ra, t6, t2
core   0: 3 0x80004e50 (0x007fa0b3) x 1 0x00000000
core   0: 0x80004e54 (0xa7d59917) auipc   s2, 0xa7d59
core   0: 3 0x80004e54 (0xa7d59917) x18 0x27d5de54
core   0: 0x80004e58 (0x01ebd8b3) srl     a7, s7, t5
core   0: 3 0x80004e58 (0x01ebd8b3) x17 0x00000000
core   0: 0x80004e5c (0x00000013) nop
core   0: 3 0x80004e5c (0x00000013)
core   0: 0x80004e60 (0x04e6a913) slti    s2, a3, 78
core   0: 3 0x80004e60 (0x04e6a913) x18 0x00000001
core   0: 0x80004e64 (0x02f8c333) div     t1, a7, a5
core   0: 3 0x80004e64 (0x02f8c333) x 6 0x00000000
core   0: 0x80004e68 (0x417756b3) sra     a3, a4, s7
core   0: 3 0x80004e68 (0x417756b3) x13 0xfffff9d2
core   0: 0x80004e6c (0x0118db13) srli    s6, a7, 17
core   0: 3 0x80004e6c (0x0118db13) x22 0x00000000
core   0: 0x80004e70 (0x0394b333) mulhu   t1, s1, s9
core   0: 3 0x80004e70 (0x0394b333) x 6 0x00000000
core   0: 0x80004e74 (0x8ce66a13) ori     s4, a2, -1842
core   0: 3 0x80004e74 (0x8ce66a13) x20 0xfffffdfe
core   0: 0x80004e78 (0x00149513) slli    a0, s1, 1
core   0: 3 0x80004e78 (0x00149513) x10 0x00000002
core   0: 0x80004e7c (0x4036d513) srai    a0, a3, 3
core   0: 3 0x80004e7c (0x4036d513) x10 0xffffff3a
core   0: 0x80004e80 (0x00ec6533) or      a0, s8, a4
core   0: 3 0x80004e80 (0x00ec6533) x10 0xfffffffa
core   0: 0x80004e84 (0x94f5eb97) auipc   s7, 0x94f5e
core   0: 3 0x80004e84 (0x94f5eb97) x23 0x14f62e84
core   0: 0x80004e88 (0x01fe5613) srli    a2, t3, 31
core   0: 3 0x80004e88 (0x01fe5613) x12 0x00000001
core   0: 0x80004e8c (0x00579993) slli    s3, a5, 5
core   0: 3 0x80004e8c (0x00579993) x19 0xffffffe0
core   0: 0x80004e90 (0x02d146b3) div     a3, sp, a3
core   0: 3 0x80004e90 (0x02d146b3) x13 0x00000000
core   0: 0x80004e94 (0x02b0a333) mulhsu  t1, ra, a1
core   0: 3 0x80004e94 (0x02b0a333) x 6 0x00000000
core   0: 0x80004e98 (0x41ecc893) xori    a7, s9, 1054
core   0: 3 0x80004e98 (0x41ecc893) x17 0x0add291a
core   0: 0x80004e9c (0x034a7733) remu    a4, s4, s4
core   0: 3 0x80004e9c (0x034a7733) x14 0x00000000
core   0: 0x80004ea0 (0x01cb9933) sll     s2, s7, t3
core   0: 3 0x80004ea0 (0x01cb9933) x18 0x4f62e840
core   0: 0x80004ea4 (0x011d6733) or      a4, s10, a7
core   0: 3 0x80004ea4 (0x011d6733) x14 0x0add299e
core   0: 0x80004ea8 (0x02b29633) mulh    a2, t0, a1
core   0: 3 0x80004ea8 (0x02b29633) x12 0x00000000
core   0: 0x80004eac (0x41fad413) srai    s0, s5, 31
core   0: 3 0x80004eac (0x41fad413) x 8 0xffffffff
core   0: 0x80004eb0 (0x00916833) or      a6, sp, s1
core   0: 3 0x80004eb0 (0x00916833) x16 0x00000009
core   0: 0x80004eb4 (0x00000013) nop
core   0: 3 0x80004eb4 (0x00000013)
core   0: 0x80004eb8 (0x00724233) xor     tp, tp, t2
core   0: 3 0x80004eb8 (0x00724233) x 4 0x00000070
core   0: 0x80004ebc (0xadff7613) andi    a2, t5, -1313
core   0: 3 0x80004ebc (0xadff7613) x12 0xfffffadf
core   0: 0x80004ec0 (0x0269aab3) mulhsu  s5, s3, t1
core   0: 3 0x80004ec0 (0x0269aab3) x21 0x00000000
core   0: 0x80004ec4 (0x0056b633) sltu    a2, a3, t0
core   0: 3 0x80004ec4 (0x0056b633) x12 0x00000001
core   0: 0x80004ec8 (0x0220eb33) rem     s6, ra, sp
core   0: 3 0x80004ec8 (0x0220eb33) x22 0x00000000
core   0: 0x80004ecc (0x033d60b3) rem     ra, s10, s3
core   0: 3 0x80004ecc (0x033d60b3) x 1 0x0000000c
core   0: 0x80004ed0 (0x03328bb3) mul     s7, t0, s3
core   0: 3 0x80004ed0 (0x03328bb3) x23 0xffd63380
core   0: 0x80004ed4 (0x2da5cd13) xori    s10, a1, 730
core   0: 3 0x80004ed4 (0x2da5cd13) x26 0x000002da
core   0: 0x80004ed8 (0x01f44333) xor     t1, s0, t6
core   0: 3 0x80004ed8 (0x01f44333) x 6 0x80018ed4
core   0: 0x80004edc (0x027abd33) mulhu   s10, s5, t2
core   0: 3 0x80004edc (0x027abd33) x26 0x00000000
core   0: 0x80004ee0 (0x01c5d1b3) srl     gp, a1, t3
core   0: 3 0x80004ee0 (0x01c5d1b3) x 3 0x00000000
core   0: 0x80004ee4 (0x01d1d033) srl     zero, gp, t4
core   0: 3 0x80004ee4 (0x01d1d033)
core   0: 0x80004ee8 (0x00395093) srli    ra, s2, 3
core   0: 3 0x80004ee8 (0x00395093) x 1 0x09ec5d08
core   0: 0x80004eec (0x01b9cab3) xor     s5, s3, s11
core   0: 3 0x80004eec (0x01b9cab3) x21 0x0000001f
core   0: 0x80004ef0 (0x0187ec33) or      s8, a5, s8
core   0: 3 0x80004ef0 (0x0187ec33) x24 0xffffffff
core   0: 0x80004ef4 (0x03440833) mul     a6, s0, s4
core   0: 3 0x80004ef4 (0x03440833) x16 0x00000202
core   0: 0x80004ef8 (0x036557b3) divu    a5, a0, s6
core   0: 3 0x80004ef8 (0x036557b3) x15 0xffffffff
core   0: 0x80004efc (0x01df9f13) slli    t5, t6, 29
core   0: 3 0x80004efc (0x01df9f13) x30 0x60000000
core   0: 0x80004f00 (0x0168ddb3) srl     s11, a7, s6
core   0: 3 0x80004f00 (0x0168ddb3) x27 0x0add291a
core   0: 0x80004f04 (0x010a9033) sll     zero, s5, a6
core   0: 3 0x80004f04 (0x010a9033)
core   0: 0x80004f08 (0x0320b4b3) mulhu   s1, ra, s2
core   0: 3 0x80004f08 (0x0320b4b3) x 9 0x0313c631
core   0: 0x80004f0c (0x0099db33) srl     s6, s3, s1
core   0: 3 0x80004f0c (0x0099db33) x22 0x00007fff
core   0: 0x80004f10 (0x02c78333) mul     t1, a5, a2
core   0: 3 0x80004f10 (0x02c78333) x 6 0xffffffff
core   0: 0x80004f14 (0x01ec44b3) xor     s1, s8, t5
core   0: 3 0x80004f14 (0x01ec44b3) x 9 0x9fffffff
core   0: 0x80004f18 (0x03732d33) mulhsu  s10, t1, s7
core   0: 3 0x80004f18 (0x03732d33) x26 0xffffffff
core   0: 0x80004f1c (0x0374a5b3) mulhsu  a1, s1, s7
core   0: 3 0x80004f1c (0x0374a5b3) x11 0xa00facaf
core   0: 0x80004f20 (0x40d283b3) sub     t2, t0, a3
core   0: 3 0x80004f20 (0x40d283b3) x 7 0x80014e64
core   0: 0x80004f24 (0x00f65613) srli    a2, a2, 15
core   0: 3 0x80004f24 (0x00f65613) x12 0x00000000
core   0: 0x80004f28 (0xa83b4f93) xori    t6, s6, -1405
core   0: 3 0x80004f28 (0xa83b4f93) x31 0xffff857c
core   0: 0x80004f2c (0x02a1d233) divu    tp, gp, a0
core   0: 3 0x80004f2c (0x02a1d233) x 4 0x00000000
core   0: 0x80004f30 (0x00c08ab3) add     s5, ra, a2
core   0: 3 0x80004f30 (0x00c08ab3) x21 0x09ec5d08
core   0: 0x80004f34 (0x2bb84213) xori    tp, a6, 699
core   0: 3 0x80004f34 (0x2bb84213) x 4 0x000000b9
core   0: 0x80004f38 (0x01709633) sll     a2, ra, s7
core   0: 3 0x80004f38 (0x01709633) x12 0x09ec5d08
core   0: 0x80004f3c (0xa0a73a17) auipc   s4, 0xa0a73
core   0: 3 0x80004f3c (0xa0a73a17) x20 0x20a77f3c
core   0: 0x80004f40 (0x1d7360b7) lui     ra, 0x1d736
core   0: 3 0x80004f40 (0x1d7360b7) x 1 0x1d736000
core   0: 0x80004f44 (0x02b5beb3) mulhu   t4, a1, a1
core   0: 3 0x80004f44 (0x02b5beb3) x29 0x641398d0
core   0: 0x80004f48 (0x03a97333) remu    t1, s2, s10
core   0: 3 0x80004f48 (0x03a97333) x 6 0x4f62e840
core   0: 0x80004f4c (0x02f7b033) mulhu   zero, a5, a5
core   0: 3 0x80004f4c (0x02f7b033)
core   0: 0x80004f50 (0x997d9817) auipc   a6, 0x997d9
core   0: 3 0x80004f50 (0x997d9817) x16 0x197ddf50
core   0: 0x80004f54 (0x41250eb3) sub     t4, a0, s2
core   0: 3 0x80004f54 (0x41250eb3) x29 0xb09d17ba
core   0: 0x80004f58 (0x67a08913) addi    s2, ra, 1658
core   0: 3 0x80004f58 (0x67a08913) x18 0x1d73667a
core   0: 0x80004f5c (0xfd8529b7) lui     s3, 0xfd852
core   0: 3 0x80004f5c (0xfd8529b7) x19 0xfd852000
core   0: 0x80004f60 (0x0be32a93) slti    s5, t1, 190
core   0: 3 0x80004f60 (0x0be32a93) x21 0x00000000
core   0: 0x80004f64 (0x0089dd13) srli    s10, s3, 8
core   0: 3 0x80004f64 (0x0089dd13) x26 0x00fd8520
core   0: 0x80004f68 (0x41c5df33) sra     t5, a1, t3
core   0: 3 0x80004f68 (0x41c5df33) x30 0xfa00faca
core   0: 0x80004f6c (0x00971513) slli    a0, a4, 9
core   0: 3 0x80004f6c (0x00971513) x10 0xba533c00
core   0: 0x80004f70 (0x67332a13) slti    s4, t1, 1651
core   0: 3 0x80004f70 (0x67332a13) x20 0x00000000
core   0: 0x80004f74 (0x020baeb3) mulhsu  t4, s7, zero
core   0: 3 0x80004f74 (0x020baeb3) x29 0x00000000
core   0: 0x80004f78 (0x02afffb3) remu    t6, t6, a0
core   0: 3 0x80004f78 (0x02afffb3) x31 0x45ac497c
core   0: 0x80004f7c (0x3ff1f993) andi    s3, gp, 1023
core   0: 3 0x80004f7c (0x3ff1f993) x19 0x00000000
core   0: 0x80004f80 (0x02f3b533) mulhu   a0, t2, a5
core   0: 3 0x80004f80 (0x02f3b533) x10 0x80014e63
core   0: 0x80004f84 (0x02155a33) divu    s4, a0, ra
core   0: 3 0x80004f84 (0x02155a33) x20 0x00000004
core   0: 0x80004f88 (0x0041f5b3) and     a1, gp, tp
core   0: 3 0x80004f88 (0x0041f5b3) x11 0x00000000
core   0: 0x80004f8c (0x00385033) srl     zero, a6, gp
core   0: 3 0x80004f8c (0x00385033)
core   0: 0x80004f90 (0x41c20bb3) sub     s7, tp, t3
core   0: 3 0x80004f90 (0x41c20bb3) x23 0x7ffe73d5
core   0: 0x80004f94 (0x005d0eb3) add     t4, s10, t0
core   0: 3 0x80004f94 (0x005d0eb3) x29 0x80fed384
core   0: 0x80004f98 (0x409a5a93) srai    s5, s4, 9
core   0: 3 0x80004f98 (0x409a5a93) x21 0x00000000
core   0: 0x80004f9c (0x0370b433) mulhu   s0, ra, s7
core   0: 3 0x80004f9c (0x0370b433) x 8 0x0eb9826c
core   0: 0x80004fa0 (0x7ffeaa13) slti    s4, t4, 2047
core   0: 3 0x80004fa0 (0x7ffeaa13) x20 0x00000001
core   0: 0x80004fa4 (0x01facdb3) xor     s11, s5, t6
core   0: 3 0x80004fa4 (0x01facdb3) x27 0x45ac497c
core   0: 0x80004fa8 (0x01372d33) slt     s10, a4, s3
core   0: 3 0x80004fa8 (0x01372d33) x26 0x00000000
core   0: 0x80004fac (0x01b561b3) or      gp, a0, s11
core   0: 3 0x80004fac (0x01b561b3) x 3 0xc5ad4f7f
core   0: 0x80004fb0 (0x01fcd6b3) srl     a3, s9, t6
core   0: 3 0x80004fb0 (0x01fcd6b3) x13 0x00000000
core   0: 0x80004fb4 (0x0083e7b3) or      a5, t2, s0
core   0: 3 0x80004fb4 (0x0083e7b3) x15 0x8eb9ce6c
core   0: 0x80004fb8 (0x37244713) xori    a4, s0, 882
core   0: 3 0x80004fb8 (0x37244713) x14 0x0eb9811e
core   0: 0x80004fbc (0xadbc3613) sltiu   a2, s8, -1317
core   0: 3 0x80004fbc (0xadbc3613) x12 0x00000000
core   0: 0x80004fc0 (0x00759433) sll     s0, a1, t2
core   0: 3 0x80004fc0 (0x00759433) x 8 0x00000000
core   0: 0x80004fc4 (0x02512033) mulhsu  zero, sp, t0
core   0: 3 0x80004fc4 (0x02512033)
core   0: 0x80004fc8 (0x021f5633) divu    a2, t5, ra
core   0: 3 0x80004fc8 (0x021f5633) x12 0x00000008
core   0: 0x80004fcc (0x419851b3) sra     gp, a6, s9
core   0: 3 0x80004fcc (0x419851b3) x 3 0x0197ddf5
core   0: 0x80004fd0 (0x038bf833) remu    a6, s7, s8
core   0: 3 0x80004fd0 (0x038bf833) x16 0x7ffe73d5
core   0: 0x80004fd4 (0x02b2e7b3) rem     a5, t0, a1
core   0: 3 0x80004fd4 (0x02b2e7b3) x15 0x80014e64
core   0: 0x80004fd8 (0x01d7a533) slt     a0, a5, t4
core   0: 3 0x80004fd8 (0x01d7a533) x10 0x00000001
core   0: 0x80004fdc (0x0300c5b3) div     a1, ra, a6
core   0: 3 0x80004fdc (0x0300c5b3) x11 0x00000000
core   0: 0x80004fe0 (0x0346b9b3) mulhu   s3, a3, s4
core   0: 3 0x80004fe0 (0x0346b9b3) x19 0x00000000
core   0: 0x80004fe4 (0x006468b3) or      a7, s0, t1
core   0: 3 0x80004fe4 (0x006468b3) x17 0x4f62e840
core   0: 0x80004fe8 (0x03f90433) mul     s0, s2, t6
core   0: 3 0x80004fe8 (0x03f90433) x 8 0xe8166d18
core   0: 0x80004fec (0x0341e9b3) rem     s3, gp, s4
core   0: 3 0x80004fec (0x0341e9b3) x19 0x00000000
core   0: 0x80004ff0 (0x03698b33) mul     s6, s3, s6
core   0: 3 0x80004ff0 (0x03698b33) x22 0x00000000
core   0: 0x80004ff4 (0x03cefdb3) remu    s11, t4, t3
core   0: 3 0x80004ff4 (0x03cefdb3) x27 0x00fd46a0
core   0: 0x80004ff8 (0x336e6c93) ori     s9, t3, 822
core   0: 3 0x80004ff8 (0x336e6c93) x25 0x80018ff6
core   0: 0x80004ffc (0x40b653b3) sra     t2, a2, a1
core   0: 3 0x80004ffc (0x40b653b3) x 7 0x00000008
core   0: 0x80005000 (0x6e01b213) sltiu   tp, gp, 1760
core   0: 3 0x80005000 (0x6e01b213) x 4 0x00000000
core   0: 0x80005004 (0x01fb1633) sll     a2, s6, t6
core   0: 3 0x80005004 (0x01fb1633) x12 0x00000000
core   0: 0x80005008 (0x715ff013) andi    zero, t6, 1813
core   0: 3 0x80005008 (0x715ff013)
core   0: 0x8000500c (0x029efcb3) remu    s9, t4, s1
core   0: 3 0x8000500c (0x029efcb3) x25 0x80fed384
core   0: 0x80005010 (0x8af63f13) sltiu   t5, a2, -1873
core   0: 3 0x80005010 (0x8af63f13) x30 0x00000001
core   0: 0x80005014 (0x1c1b8c93) addi    s9, s7, 449
core   0: 3 0x80005014 (0x1c1b8c93) x25 0x7ffe7596
core   0: 0x80005018 (0x01b1f333) and     t1, gp, s11
core   0: 3 0x80005018 (0x01b1f333) x 6 0x009544a0
core   0: 0x8000501c (0x00d6a533) slt     a0, a3, a3
core   0: 3 0x8000501c (0x00d6a533) x10 0x00000000
core   0: 0x80005020 (0x0091dd93) srli    s11, gp, 9
core   0: 3 0x80005020 (0x0091dd93) x27 0x0000cbee
core   0: 0x80005024 (0x01d7e217) auipc   tp, 0x1d7e
core   0: 3 0x80005024 (0x01d7e217) x 4 0x81d83024
core   0: 0x80005028 (0x5511f313) andi    t1, gp, 1361
core   0: 3 0x80005028 (0x5511f313) x 6 0x00000551
core   0: 0x8000502c (0xf4659997) auipc   s3, 0xf4659
core   0: 3 0x8000502c (0xf4659997) x19 0x7465e02c
core   0: 0x80005030 (0x02769733) mulh    a4, a3, t2
core   0: 3 0x80005030 (0x02769733) x14 0x00000000
core   0: 0x80005034 (0x01f33fb3) sltu    t6, t1, t6
core   0: 3 0x80005034 (0x01f33fb3) x31 0x00000001
core   0: 0x80005038 (0x03892833) mulhsu  a6, s2, s8
core   0: 3 0x80005038 (0x03892833) x16 0x1d736679
core   0: 0x8000503c (0x03aff433) remu    s0, t6, s10
core   0: 3 0x8000503c (0x03aff433) x 8 0x00000001
core   0: 0x80005040 (0xf076ad13) slti    s10, a3, -249
core   0: 3 0x80005040 (0xf076ad13) x26 0x00000000
core   0: 0x80005044 (0x03abd0b3) divu    ra, s7, s10
core   0: 3 0x80005044 (0x03abd0b3) x 1 0xffffffff
core   0: 0x80005048 (0xf3d8aa93) slti    s5, a7, -195
core   0: 3 0x80005048 (0xf3d8aa93) x21 0x00000000
core   0: 0x8000504c (0x03d1ed33) rem     s10, gp, t4
core   0: 3 0x8000504c (0x03d1ed33) x26 0x0197ddf5
core   0: 0x80005050 (0x00000013) nop
core   0: 3 0x80005050 (0x00000013)
core   0: 0x80005054 (0x00000013) nop
core   0: 3 0x80005054 (0x00000013)
core   0: 0x80005058 (0x41a4d933) sra     s2, s1, s10
core   0: 3 0x80005058 (0x41a4d933) x18 0xfffffcff
core   0: 0x8000505c (0x00feb6b3) sltu    a3, t4, a5
core   0: 3 0x8000505c (0x00feb6b3) x13 0x00000000
core   0: 0x80005060 (0x03f10c33) mul     s8, sp, t6
core   0: 3 0x80005060 (0x03f10c33) x24 0x00000008
core   0: 0x80005064 (0x00392bb3) slt     s7, s2, gp
core   0: 3 0x80005064 (0x00392bb3) x23 0x00000001
core   0: 0x80005068 (0x02d2ddb3) divu    s11, t0, a3
core   0: 3 0x80005068 (0x02d2ddb3) x27 0xffffffff
core   0: 0x8000506c (0x01b91413) slli    s0, s2, 27
core   0: 3 0x8000506c (0x01b91413) x 8 0xf8000000
core   0: 0x80005070 (0x4084da13) srai    s4, s1, 8
core   0: 3 0x80005070 (0x4084da13) x20 0xff9fffff
core   0: 0x80005074 (0x40c78fb3) sub     t6, a5, a2
core   0: 3 0x80005074 (0x40c78fb3) x31 0x80014e64
core   0: 0x80005078 (0x1063c393) xori    t2, t2, 262
core   0: 3 0x80005078 (0x1063c393) x 7 0x0000010e
core   0: 0x8000507c (0x035823b3) mulhsu  t2, a6, s5
core   0: 3 0x8000507c (0x035823b3) x 7 0x00000000
core   0: 0x80005080 (0xce016613) ori     a2, sp, -800
core   0: 3 0x80005080 (0xce016613) x12 0xfffffce8
core   0: 0x80005084 (0x41c3a413) slti    s0, t2, 1052
core   0: 3 0x80005084 (0x41c3a413) x 8 0x00000001
core   0: 0x80005088 (0xfa5c3697) auipc   a3, 0xfa5c3
core   0: 3 0x80005088 (0xfa5c3697) x13 0x7a5c8088
core   0: 0x8000508c (0x199fc8b7) lui     a7, 0x199fc
core   0: 3 0x8000508c (0x199fc8b7) x17 0x199fc000
core   0: 0x80005090 (0xb4f5d397) auipc   t2, 0xb4f5d
core   0: 3 0x80005090 (0xb4f5d397) x 7 0x34f62090
core   0: 0x80005094 (0x01975c33) srl     s8, a4, s9
core   0: 3 0x80005094 (0x01975c33) x24 0x00000000
core   0: 0x80005098 (0xfb727893) andi    a7, tp, -73
core   0: 3 0x80005098 (0xfb727893) x17 0x81d83024
core   0: 0x8000509c (0xd2687813) andi    a6, a6, -730
core   0: 3 0x8000509c (0xd2687813) x16 0x1d736420
core   0: 0x800050a0 (0xe362e413) ori     s0, t0, -458
core   0: 3 0x800050a0 (0xe362e413) x 8 0xfffffe76
core   0: 0x800050a4 (0xbafeae93) slti    t4, t4, -1105
core   0: 3 0x800050a4 (0xbafeae93) x29 0x00000001
core   0: 0x800050a8 (0x01267233) and     tp, a2, s2
core   0: 3 0x800050a8 (0x01267233) x 4 0xfffffce8
core   0: 0x800050ac (0x4133d233) sra     tp, t2, s3
core   0: 3 0x800050ac (0x4133d233) x 4 0x00034f62
core   0: 0x800050b0 (0x61704c93) xori    s9, zero, 1559
core   0: 3 0x800050b0 (0x61704c93) x25 0x00000617
core   0: 0x800050b4 (0x45a0c493) xori    s1, ra, 1114
core   0: 3 0x800050b4 (0x45a0c493) x 9 0xfffffba5
core   0: 0x800050b8 (0x489b8b13) addi    s6, s7, 1161
core   0: 3 0x800050b8 (0x489b8b13) x22 0x0000048a
core   0: 0x800050bc (0x03ce6ab3) rem     s5, t3, t3
core   0: 3 0x800050bc (0x03ce6ab3) x21 0x00000000
core   0: 0x800050c0 (0x00000013) nop
core   0: 3 0x800050c0 (0x00000013)
core   0: 0x800050c4 (0x00c8b633) sltu    a2, a7, a2
core   0: 3 0x800050c4 (0x00c8b633) x12 0x00000001
core   0: 0x800050c8 (0x73e43917) auipc   s2, 0x73e43
core   0: 3 0x800050c8 (0x73e43917) x18 0xf3e480c8
core   0: 0x800050cc (0x020cc933) div     s2, s9, zero
core   0: 3 0x800050cc (0x020cc933) x18 0xffffffff
core   0: 0x800050d0 (0x034666b3) rem     a3, a2, s4
core   0: 3 0x800050d0 (0x034666b3) x13 0x00000001
core   0: 0x800050d4 (0x0310a6b3) mulhsu  a3, ra, a7
core   0: 3 0x800050d4 (0x0310a6b3) x13 0xffffffff
core   0: 0x800050d8 (0x02721bb3) mulh    s7, tp, t2
core   0: 3 0x800050d8 (0x02721bb3) x23 0x0000af4e
core   0: 0x800050dc (0x035b03b3) mul     t2, s6, s5
core   0: 3 0x800050dc (0x035b03b3) x 7 0x00000000
core   0: 0x800050e0 (0x01fb2833) slt     a6, s6, t6
core   0: 3 0x800050e0 (0x01fb2833) x16 0x00000000
core   0: 0x800050e4 (0x003c9693) slli    a3, s9, 3
core   0: 3 0x800050e4 (0x003c9693) x13 0x000030b8
core   0: 0x800050e8 (0xb16d6593) ori     a1, s10, -1258
core   0: 3 0x800050e8 (0xb16d6593) x11 0xfffffff7
core   0: 0x800050ec (0x6aa7f497) auipc   s1, 0x6aa7f
core   0: 3 0x800050ec (0x6aa7f497) x 9 0xeaa840ec
core   0: 0x800050f0 (0x02d97733) remu    a4, s2, a3
core   0: 3 0x800050f0 (0x02d97733) x14 0x0000257f
core   0: 0x800050f4 (0x02d74533) div     a0, a4, a3
core   0: 3 0x800050f4 (0x02d74533) x10 0x00000000
core   0: 0x800050f8 (0x02c1c633) div     a2, gp, a2
core   0: 3 0x800050f8 (0x02c1c633) x12 0x0197ddf5
core   0: 0x800050fc (0x4aaf4893) xori    a7, t5, 1194
core   0: 3 0x800050fc (0x4aaf4893) x17 0x000004ab
core   0: 0x80005100 (0x7f1dc813) xori    a6, s11, 2033
core   0: 3 0x80005100 (0x7f1dc813) x16 0xfffff80e
core   0: 0x80005104 (0xfda76313) ori     t1, a4, -38
core   0: 3 0x80005104 (0xfda76313) x 6 0xffffffff
core   0: 0x80005108 (0x78ef6b13) ori     s6, t5, 1934
core   0: 3 0x80005108 (0x78ef6b13) x22 0x0000078f
core   0: 0x8000510c (0x01481893) slli    a7, a6, 20
core   0: 3 0x8000510c (0x01481893) x17 0x80e00000
core   0: 0x80005110 (0xc6793e93) sltiu   t4, s2, -921
core   0: 3 0x80005110 (0xc6793e93) x29 0x00000000
core   0: 0x80005114 (0xf377c5b7) lui     a1, 0xf377c
core   0: 3 0x80005114 (0xf377c5b7) x11 0xf377c000
core   0: 0x80005118 (0xaf0b8cb7) lui     s9, 0xaf0b8
core   0: 3 0x80005118 (0xaf0b8cb7) x25 0xaf0b8000
core   0: 0x8000511c (0x40ddd833) sra     a6, s11, a3
core   0: 3 0x8000511c (0x40ddd833) x16 0xffffffff
core   0: 0x80005120 (0xff232e93) slti    t4, t1, -14
core   0: 3 0x80005120 (0xff232e93) x29 0x00000000
core   0: 0x80005124 (0x67ebb713) sltiu   a4, s7, 1662
core   0: 3 0x80005124 (0x67ebb713) x14 0x00000000
core   0: 0x80005128 (0x030c11b3) mulh    gp, s8, a6
core   0: 3 0x80005128 (0x030c11b3) x 3 0x00000000
core   0: 0x8000512c (0x0103d813) srli    a6, t2, 16
core   0: 3 0x8000512c (0x0103d813) x16 0x00000000
core   0: 0x80005130 (0x5df98fb7) lui     t6, 0x5df98
core   0: 3 0x80005130 (0x5df98fb7) x31 0x5df98000
core   0: 0x80005134 (0x03668fb3) mul     t6, a3, s6
core   0: 3 0x80005134 (0x03668fb3) x31 0x01703ec8
core   0: 0x80005138 (0x00000013) nop
core   0: 3 0x80005138 (0x00000013)
core   0: 0x8000513c (0x00ceca33) xor     s4, t4, a2
core   0: 3 0x8000513c (0x00ceca33) x20 0x0197ddf5
core   0: 0x80005140 (0x407c8cb3) sub     s9, s9, t2
core   0: 3 0x80005140 (0x407c8cb3) x25 0xaf0b8000
core   0: 0x80005144 (0x00f3a8b3) slt     a7, t2, a5
core   0: 3 0x80005144 (0x00f3a8b3) x17 0x00000000
core   0: 0x80005148 (0x09652213) slti    tp, a0, 150
core   0: 3 0x80005148 (0x09652213) x 4 0x00000001
core   0: 0x8000514c (0x01061e93) slli    t4, a2, 16
core   0: 3 0x8000514c (0x01061e93) x29 0xddf50000
core   0: 0x80005150 (0x00000013) nop
core   0: 3 0x80005150 (0x00000013)
core   0: 0x80005154 (0x40970cb3) sub     s9, a4, s1
core   0: 3 0x80005154 (0x40970cb3) x25 0x1557bf14
core   0: 0x80005158 (0x40ead493) srai    s1, s5, 14
core   0: 3 0x80005158 (0x40ead493) x 9 0x00000000
core   0: 0x8000515c (0x41f75f13) srai    t5, a4, 31
core   0: 3 0x8000515c (0x41f75f13) x30 0x00000000
core   0: 0x80005160 (0x0236bbb3) mulhu   s7, a3, gp
core   0: 3 0x80005160 (0x0236bbb3) x23 0x00000000
core   0: 0x80005164 (0x02915a33) divu    s4, sp, s1
core   0: 3 0x80005164 (0x02915a33) x20 0xffffffff
core   0: 0x80005168 (0x00c0a9b3) slt     s3, ra, a2
core   0: 3 0x80005168 (0x00c0a9b3) x19 0x00000001
core   0: 0x8000516c (0x405f5b33) sra     s6, t5, t0
core   0: 3 0x8000516c (0x405f5b33) x22 0x00000000
core   0: 0x80005170 (0x01eb1893) slli    a7, s6, 30
core   0: 3 0x80005170 (0x01eb1893) x17 0x00000000
core   0: 0x80005174 (0x00ee6fb3) or      t6, t3, a4
core   0: 3 0x80005174 (0x00ee6fb3) x31 0x80018ce4
core   0: 0x80005178 (0x0365c5b3) div     a1, a1, s6
core   0: 3 0x80005178 (0x0365c5b3) x11 0xffffffff
core   0: 0x8000517c (0x404a5fb3) sra     t6, s4, tp
core   0: 3 0x8000517c (0x404a5fb3) x31 0xffffffff
core   0: 0x80005180 (0x03c053b3) divu    t2, zero, t3
core   0: 3 0x80005180 (0x03c053b3) x 7 0x00000000
core   0: 0x80005184 (0x41a7d513) srai    a0, a5, 26
core   0: 3 0x80005184 (0x41a7d513) x10 0xffffffe0
core   0: 0x80005188 (0x022121b3) mulhsu  gp, sp, sp
core   0: 3 0x80005188 (0x022121b3) x 3 0x00000000
core   0: 0x8000518c (0x0078f333) and     t1, a7, t2
core   0: 3 0x8000518c (0x0078f333) x 6 0x00000000
core   0: 0x80005190 (0x0236d033) divu    zero, a3, gp
core   0: 3 0x80005190 (0x0236d033)
core   0: 0x80005194 (0x01325ab3) srl     s5, tp, s3
core   0: 3 0x80005194 (0x01325ab3) x21 0x00000000
core   0: 0x80005198 (0x003578b3) and     a7, a0, gp
core   0: 3 0x80005198 (0x003578b3) x17 0x00000000
core   0: 0x8000519c (0x00be7033) and     zero, t3, a1
core   0: 3 0x8000519c (0x00be7033)
core   0: 0x800051a0 (0x03f4e233) rem     tp, s1, t6
core   0: 3 0x800051a0 (0x03f4e233) x 4 0x00000000
core   0: 0x800051a4 (0x02a34533) div     a0, t1, a0
core   0: 3 0x800051a4 (0x02a34533) x10 0x00000000
core   0: 0x800051a8 (0x00421c33) sll     s8, tp, tp
core   0: 3 0x800051a8 (0x00421c33) x24 0x00000000
core   0: 0x800051ac (0x032bc033) div     zero, s7, s2
core   0: 3 0x800051ac (0x032bc033)
core   0: 0x800051b0 (0x0322b433) mulhu   s0, t0, s2
core   0: 3 0x800051b0 (0x0322b433) x 8 0x80014e63
core   0: 0x800051b4 (0x2339cd13) xori    s10, s3, 563
core   0: 3 0x800051b4 (0x2339cd13) x26 0x00000232
core   0: 0x800051b8 (0x43d12593) slti    a1, sp, 1085
core   0: 3 0x800051b8 (0x43d12593) x11 0x00000001
core   0: 0x800051bc (0xa22eb213) sltiu   tp, t4, -1502
core   0: 3 0x800051bc (0xa22eb213) x 4 0x00000001
core   0: 0x800051c0 (0x40b50f33) sub     t5, a0, a1
core   0: 3 0x800051c0 (0x40b50f33) x30 0xffffffff
core   0: 0x800051c4 (0x7b386093) ori     ra, a6, 1971
core   0: 3 0x800051c4 (0x7b386093) x 1 0x000007b3
core   0: 0x800051c8 (0x0191a433) slt     s0, gp, s9
core   0: 3 0x800051c8 (0x0191a433) x 8 0x00000001
core   0: 0x800051cc (0xe52a0013) addi    zero, s4, -430
core   0: 3 0x800051cc (0xe52a0013)
core   0: 0x800051d0 (0x0142d933) srl     s2, t0, s4
core   0: 3 0x800051d0 (0x0142d933) x18 0x00000001
core   0: 0x800051d4 (0x02bcc7b3) div     a5, s9, a1
core   0: 3 0x800051d4 (0x02bcc7b3) x15 0x1557bf14
core   0: 0x800051d8 (0x00000013) nop
core   0: 3 0x800051d8 (0x00000013)
core   0: 0x800051dc (0x0288cd33) div     s10, a7, s0
core   0: 3 0x800051dc (0x0288cd33) x26 0x00000000
core   0: 0x800051e0 (0x03d41033) mulh    zero, s0, t4
core   0: 3 0x800051e0 (0x03d41033)
core   0: 0x800051e4 (0x41493193) sltiu   gp, s2, 1044
core   0: 3 0x800051e4 (0x41493193) x 3 0x00000001
core   0: 0x800051e8 (0x01404333) xor     t1, zero, s4
core   0: 3 0x800051e8 (0x01404333) x 6 0xffffffff
core   0: 0x800051ec (0x01efcd33) xor     s10, t6, t5
core   0: 3 0x800051ec (0x01efcd33) x26 0x00000000
core   0: 0x800051f0 (0x413cdab3) sra     s5, s9, s3
core   0: 3 0x800051f0 (0x413cdab3) x21 0x0aabdf8a
core   0: 0x800051f4 (0x01d04e93) xori    t4, zero, 29
core   0: 3 0x800051f4 (0x01d04e93) x29 0x0000001d
core   0: 0x800051f8 (0x00000013) nop
core   0: 3 0x800051f8 (0x00000013)
core   0: 0x800051fc (0xadcf6593) ori     a1, t5, -1316
core   0: 3 0x800051fc (0xadcf6593) x11 0xffffffff
core   0: 0x80005200 (0x0221cc33) div     s8, gp, sp
core   0: 3 0x80005200 (0x0221cc33) x24 0x00000000
core   0: 0x80005204 (0x03ff96b3) mulh    a3, t6, t6
core   0: 3 0x80005204 (0x03ff96b3) x13 0x00000000
core   0: 0x80005208 (0x00cf4833) xor     a6, t5, a2
core   0: 3 0x80005208 (0x00cf4833) x16 0xfe68220a
core   0: 0x8000520c (0x025e7eb3) remu    t4, t3, t0
core   0: 3 0x8000520c (0x025e7eb3) x29 0x00003e80
core   0: 0x80005210 (0x00a8fdb3) and     s11, a7, a0
core   0: 3 0x80005210 (0x00a8fdb3) x27 0x00000000
core   0: 0x80005214 (0x01201d93) slli    s11, zero, 18
core   0: 3 0x80005214 (0x01201d93) x27 0x00000000
core   0: 0x80005218 (0xbdb40797) auipc   a5, 0xbdb40
core   0: 3 0x80005218 (0xbdb40797) x15 0x3db45218
core   0: 0x8000521c (0x031dcbb3) div     s7, s11, a7
core   0: 3 0x8000521c (0x031dcbb3) x23 0xffffffff
core   0: 0x80005220 (0x024411b3) mulh    gp, s0, tp
core   0: 3 0x80005220 (0x024411b3) x 3 0x00000000
core   0: 0x80005224 (0x037295b3) mulh    a1, t0, s7
core   0: 3 0x80005224 (0x037295b3) x11 0x00000000
core   0: 0x80005228 (0x2a684613) xori    a2, a6, 678
core   0: 3 0x80005228 (0x2a684613) x12 0xfe6820ac
core   0: 0x8000522c (0x9b3a4817) auipc   a6, 0x9b3a4
core   0: 3 0x8000522c (0x9b3a4817) x16 0x1b3a922c
core   0: 0x80005230 (0x650f6993) ori     s3, t5, 1616
core   0: 3 0x80005230 (0x650f6993) x19 0xffffffff
core   0: 0x80005234 (0xc2692713) slti    a4, s2, -986
core   0: 3 0x80005234 (0xc2692713) x14 0x00000000
core   0: 0x80005238 (0x038037b3) mulhu   a5, zero, s8
core   0: 3 0x80005238 (0x038037b3) x15 0x00000000
core   0: 0x8000523c (0x00935533) srl     a0, t1, s1
core   0: 3 0x8000523c (0x00935533) x10 0xffffffff
core   0: 0x80005240 (0x03a1e833) rem     a6, gp, s10
core   0: 3 0x80005240 (0x03a1e833) x16 0x00000000
core   0: 0x80005244 (0x02c1cdb3) div     s11, gp, a2
core   0: 3 0x80005244 (0x02c1cdb3) x27 0x00000000
core   0: 0x80005248 (0x0239cf33) div     t5, s3, gp
core   0: 3 0x80005248 (0x0239cf33) x30 0xffffffff
core   0: 0x8000524c (0x020ab433) mulhu   s0, s5, zero
core   0: 3 0x8000524c (0x020ab433) x 8 0x00000000
core   0: 0x80005250 (0x02e1e6b3) rem     a3, gp, a4
core   0: 3 0x80005250 (0x02e1e6b3) x13 0x00000000
core   0: 0x80005254 (0x00c7df33) srl     t5, a5, a2
core   0: 3 0x80005254 (0x00c7df33) x30 0x00000000
core   0: 0x80005258 (0x03907833) remu    a6, zero, s9
core   0: 3 0x80005258 (0x03907833) x16 0x00000000
core   0: 0x8000525c (0x41a85393) srai    t2, a6, 26
core   0: 3 0x8000525c (0x41a85393) x 7 0x00000000
core   0: 0x80005260 (0x7c1a3393) sltiu   t2, s4, 1985
core   0: 3 0x80005260 (0x7c1a3393) x 7 0x00000000
core   0: 0x80005264 (0xbf1d9a37) lui     s4, 0xbf1d9
core   0: 3 0x80005264 (0xbf1d9a37) x20 0xbf1d9000
core   0: 0x80005268 (0x036c9833) mulh    a6, s9, s6
core   0: 3 0x80005268 (0x036c9833) x16 0x00000000
core   0: 0x8000526c (0x42d893b7) lui     t2, 0x42d89
core   0: 3 0x8000526c (0x42d893b7) x 7 0x42d89000
core   0: 0x80005270 (0x02823933) mulhu   s2, tp, s0
core   0: 3 0x80005270 (0x02823933) x18 0x00000000
core   0: 0x80005274 (0x0266d033) divu    zero, a3, t1
core   0: 3 0x80005274 (0x0266d033)
core   0: 0x80005278 (0x038593b3) mulh    t2, a1, s8
core   0: 3 0x80005278 (0x038593b3) x 7 0x00000000
core   0: 0x8000527c (0x41a609b3) sub     s3, a2, s10
core   0: 3 0x8000527c (0x41a609b3) x19 0xfe6820ac
core   0: 0x80005280 (0x418fdd13) srai    s10, t6, 24
core   0: 3 0x80005280 (0x418fdd13) x26 0xffffffff
core   0: 0x80005284 (0x01872f33) slt     t5, a4, s8
core   0: 3 0x80005284 (0x01872f33) x30 0x00000000
core   0: 0x80005288 (0x015e9333) sll     t1, t4, s5
core   0: 3 0x80005288 (0x015e9333) x 6 0x00fa0000
core   0: 0x8000528c (0x00000013) nop
core   0: 3 0x8000528c (0x00000013)
core   0: 0x80005290 (0x01d4fbb3) and     s7, s1, t4
core   0: 3 0x80005290 (0x01d4fbb3) x23 0x00000000
core   0: 0x80005294 (0x62f4f7b7) lui     a5, 0x62f4f
core   0: 3 0x80005294 (0x62f4f7b7) x15 0x62f4f000
core   0: 0x80005298 (0x02f850b3) divu    ra, a6, a5
core   0: 3 0x80005298 (0x02f850b3) x 1 0x00000000
core   0: 0x8000529c (0xcfe53f93) sltiu   t6, a0, -770
core   0: 3 0x8000529c (0xcfe53f93) x31 0x00000000
core   0: 0x800052a0 (0x45e1aa13) slti    s4, gp, 1118
core   0: 3 0x800052a0 (0x45e1aa13) x20 0x00000001
core   0: 0x800052a4 (0x00e478b3) and     a7, s0, a4
core   0: 3 0x800052a4 (0x00e478b3) x17 0x00000000
core   0: 0x800052a8 (0x032da333) mulhsu  t1, s11, s2
core   0: 3 0x800052a8 (0x032da333) x 6 0x00000000
core   0: 0x800052ac (0x00000013) nop
core   0: 3 0x800052ac (0x00000013)
core   0: 0x800052b0 (0x01cf3933) sltu    s2, t5, t3
core   0: 3 0x800052b0 (0x01cf3933) x18 0x00000001
core   0: 0x800052b4 (0x0113db93) srli    s7, t2, 17
core   0: 3 0x800052b4 (0x0113db93) x23 0x00000000
core   0: 0x800052b8 (0x026d0c33) mul     s8, s10, t1
core   0: 3 0x800052b8 (0x026d0c33) x24 0x00000000
core   0: 0x800052bc (0x02b733b3) mulhu   t2, a4, a1
core   0: 3 0x800052bc (0x02b733b3) x 7 0x00000000
core   0: 0x800052c0 (0x01eaf333) and     t1, s5, t5
core   0: 3 0x800052c0 (0x01eaf333) x 6 0x00000000
core   0: 0x800052c4 (0x007f5bb3) srl     s7, t5, t2
core   0: 3 0x800052c4 (0x007f5bb3) x23 0x00000000
core   0: 0x800052c8 (0x01c55513) srli    a0, a0, 28
core   0: 3 0x800052c8 (0x01c55513) x10 0x0000000f
core   0: 0x800052cc (0x03220cb3) mul     s9, tp, s2
core   0: 3 0x800052cc (0x03220cb3) x25 0x00000001
core   0: 0x800052d0 (0x0a986617) auipc   a2, 0xa986
core   0: 3 0x800052d0 (0x0a986617) x12 0x8a98b2d0
core   0: 0x800052d4 (0x022aa0b3) mulhsu  ra, s5, sp
core   0: 3 0x800052d4 (0x022aa0b3) x 1 0x00000000
core   0: 0x800052d8 (0x01505213) srli    tp, zero, 21
core   0: 3 0x800052d8 (0x01505213) x 4 0x00000000
core   0: 0x800052dc (0x013928b3) slt     a7, s2, s3
core   0: 3 0x800052dc (0x013928b3) x17 0x00000000
core   0: 0x800052e0 (0x01619d13) slli    s10, gp, 22
core   0: 3 0x800052e0 (0x01619d13) x26 0x00000000
core   0: 0x800052e4 (0x0390e833) rem     a6, ra, s9
core   0: 3 0x800052e4 (0x0390e833) x16 0x00000000
core   0: 0x800052e8 (0xf892fb93) andi    s7, t0, -119
core   0: 3 0x800052e8 (0xf892fb93) x23 0x80014e00
core   0: 0x800052ec (0xe85daa93) slti    s5, s11, -379
core   0: 3 0x800052ec (0xe85daa93) x21 0x00000000
core   0: 0x800052f0 (0x00401033) sll     zero, zero, tp
core   0: 3 0x800052f0 (0x00401033)
core   0: 0x800052f4 (0x03a09733) mulh    a4, ra, s10
core   0: 3 0x800052f4 (0x03a09733) x14 0x00000000
core   0: 0x800052f8 (0x59bcfc13) andi    s8, s9, 1435
core   0: 3 0x800052f8 (0x59bcfc13) x24 0x00000001
core   0: 0x800052fc (0x02acc533) div     a0, s9, a0
core   0: 3 0x800052fc (0x02acc533) x10 0x00000000
core   0: 0x80005300 (0x03b0f7b3) remu    a5, ra, s11
core   0: 3 0x80005300 (0x03b0f7b3) x15 0x00000000
core   0: 0x80005304 (0x03d4b9b3) mulhu   s3, s1, t4
core   0: 3 0x80005304 (0x03d4b9b3) x19 0x00000000
core   0: 0x80005308 (0x00eab333) sltu    t1, s5, a4
core   0: 3 0x80005308 (0x00eab333) x 6 0x00000000
core   0: 0x8000530c (0x0318fc33) remu    s8, a7, a7
core   0: 3 0x8000530c (0x0318fc33) x24 0x00000000
core   0: 0x80005310 (0x00f95093) srli    ra, s2, 15
core   0: 3 0x80005310 (0x00f95093) x 1 0x00000000
core   0: 0x80005314 (0x037bd1b3) divu    gp, s7, s7
core   0: 3 0x80005314 (0x037bd1b3) x 3 0x00000001
core   0: 0x80005318 (0x03c22433) mulhsu  s0, tp, t3
core   0: 3 0x80005318 (0x03c22433) x 8 0x00000000
core   0: 0x8000531c (0x03287c33) remu    s8, a6, s2
core   0: 3 0x8000531c (0x03287c33) x24 0x00000000
core   0: 0x80005320 (0x3c97a393) slti    t2, a5, 969
core   0: 3 0x80005320 (0x3c97a393) x 7 0x00000001
core   0: 0x80005324 (0x038390b3) mulh    ra, t2, s8
core   0: 3 0x80005324 (0x038390b3) x 1 0x00000000
core   0: 0x80005328 (0x00000013) nop
core   0: 3 0x80005328 (0x00000013)
core   0: 0x8000532c (0x49b00997) auipc   s3, 0x49b00
core   0: 3 0x8000532c (0x49b00997) x19 0xc9b0532c
core   0: 0x80005330 (0x8522ca13) xori    s4, t0, -1966
core   0: 3 0x80005330 (0x8522ca13) x20 0x7ffeb636
core   0: 0x80005334 (0x033a5533) divu    a0, s4, s3
core   0: 3 0x80005334 (0x033a5533) x10 0x00000000
core   0: 0x80005338 (0x008bd193) srli    gp, s7, 8
core   0: 3 0x80005338 (0x008bd193) x 3 0x0080014e
core   0: 0x8000533c (0x02ead3b3) divu    t2, s5, a4
core   0: 3 0x8000533c (0x02ead3b3) x 7 0xffffffff
core   0: 0x80005340 (0x03427533) remu    a0, tp, s4
core   0: 3 0x80005340 (0x03427533) x10 0x00000000
core   0: 0x80005344 (0x01028433) add     s0, t0, a6
core   0: 3 0x80005344 (0x01028433) x 8 0x80014e64
core   0: 0x80005348 (0x5fd57db7) lui     s11, 0x5fd57
core   0: 3 0x80005348 (0x5fd57db7) x27 0x5fd57000
core   0: 0x8000534c (0x0843bd93) sltiu   s11, t2, 132
core   0: 3 0x8000534c (0x0843bd93) x27 0x00000000
core   0: 0x80005350 (0x026886b3) mul     a3, a7, t1
core   0: 3 0x80005350 (0x026886b3) x13 0x00000000
core   0: 0x80005354 (0x019d51b3) srl     gp, s10, s9
core   0: 3 0x80005354 (0x019d51b3) x 3 0x00000000
core   0: 0x80005358 (0x013810b3) sll     ra, a6, s3
core   0: 3 0x80005358 (0x013810b3) x 1 0x00000000
core   0: 0x8000535c (0x02a88933) mul     s2, a7, a0
core   0: 3 0x8000535c (0x02a88933) x18 0x00000000
core   0: 0x80005360 (0xec9aff13) andi    t5, s5, -311
core   0: 3 0x80005360 (0xec9aff13) x30 0x00000000
core   0: 0x80005364 (0x6ff1fa13) andi    s4, gp, 1791
core   0: 3 0x80005364 (0x6ff1fa13) x20 0x00000000
core   0: 0x80005368 (0x03a61fb3) mulh    t6, a2, s10
core   0: 3 0x80005368 (0x03a61fb3) x31 0x00000000
core   0: 0x8000536c (0x00000013) nop
core   0: 3 0x8000536c (0x00000013)
core   0: 0x80005370 (0x40148a33) sub     s4, s1, ra
core   0: 3 0x80005370 (0x40148a33) x20 0x00000000
core   0: 0x80005374 (0x411609b3) sub     s3, a2, a7
core   0: 3 0x80005374 (0x411609b3) x19 0x8a98b2d0
core   0: 0x80005378 (0x23267213) andi    tp, a2, 562
core   0: 3 0x80005378 (0x23267213) x 4 0x00000210
core   0: 0x8000537c (0x016bf333) and     t1, s7, s6
core   0: 3 0x8000537c (0x016bf333) x 6 0x00000000
core   0: 0x80005380 (0x225ee493) ori     s1, t4, 549
core   0: 3 0x80005380 (0x225ee493) x 9 0x00003ea5
core   0: 0x80005384 (0x01cb7a33) and     s4, s6, t3
core   0: 3 0x80005384 (0x01cb7a33) x20 0x00000000
core   0: 0x80005388 (0x40dd5213) srai    tp, s10, 13
core   0: 3 0x80005388 (0x40dd5213) x 4 0x00000000
core   0: 0x8000538c (0x01610933) add     s2, sp, s6
core   0: 3 0x8000538c (0x01610933) x18 0x00000008
core   0: 0x80005390 (0x02f725b3) mulhsu  a1, a4, a5
core   0: 3 0x80005390 (0x02f725b3) x11 0x00000000
core   0: 0x80005394 (0x01a394b3) sll     s1, t2, s10
core   0: 3 0x80005394 (0x01a394b3) x 9 0xffffffff
core   0: 0x80005398 (0x01781513) slli    a0, a6, 23
core   0: 3 0x80005398 (0x01781513) x10 0x00000000
core   0: 0x8000539c (0x00000013) nop
core   0: 3 0x8000539c (0x00000013)
core   0: 0x800053a0 (0x02442633) mulhsu  a2, s0, tp
core   0: 3 0x800053a0 (0x02442633) x12 0x00000000
core   0: 0x800053a4 (0x4056d213) srai    tp, a3, 5
core   0: 3 0x800053a4 (0x4056d213) x 4 0x00000000
core   0: 0x800053a8 (0x0150deb3) srl     t4, ra, s5
core   0: 3 0x800053a8 (0x0150deb3) x29 0x00000000
core   0: 0x800053ac (0x0335d3b3) divu    t2, a1, s3
core   0: 3 0x800053ac (0x0335d3b3) x 7 0x00000000
core   0: 0x800053b0 (0x02487833) remu    a6, a6, tp
core   0: 3 0x800053b0 (0x02487833) x16 0x00000000
core   0: 0x800053b4 (0x03e6eab3) rem     s5, a3, t5
core   0: 3 0x800053b4 (0x03e6eab3) x21 0x00000000
core   0: 0x800053b8 (0x41d006b3) sub     a3, zero, t4
core   0: 3 0x800053b8 (0x41d006b3) x13 0x00000000
core   0: 0x800053bc (0x401b07b3) sub     a5, s6, ra
core   0: 3 0x800053bc (0x401b07b3) x15 0x00000000
core   0: 0x800053c0 (0x4049d233) sra     tp, s3, tp
core   0: 3 0x800053c0 (0x4049d233) x 4 0x8a98b2d0
core   0: 0x800053c4 (0x005bd493) srli    s1, s7, 5
core   0: 3 0x800053c4 (0x005bd493) x 9 0x04000a70
core   0: 0x800053c8 (0x021c41b3) div     gp, s8, ra
core   0: 3 0x800053c8 (0x021c41b3) x 3 0xffffffff
core   0: 0x800053cc (0x2188a597) auipc   a1, 0x2188a
core   0: 3 0x800053cc (0x2188a597) x11 0xa188f3cc
core   0: 0x800053d0 (0x9fae7b13) andi    s6, t3, -1542
core   0: 3 0x800053d0 (0x9fae7b13) x22 0x800188e0
core   0: 0x800053d4 (0x020721b3) mulhsu  gp, a4, zero
core   0: 3 0x800053d4 (0x020721b3) x 3 0x00000000
core   0: 0x800053d8 (0x88492f93) slti    t6, s2, -1916
core   0: 3 0x800053d8 (0x88492f93) x31 0x00000000
core   0: 0x800053dc (0xc40ac693) xori    a3, s5, -960
core   0: 3 0x800053dc (0xc40ac693) x13 0xfffffc40
core   0: 0x800053e0 (0xfb278313) addi    t1, a5, -78
core   0: 3 0x800053e0 (0xfb278313) x 6 0xffffffb2
core   0: 0x800053e4 (0x40905233) sra     tp, zero, s1
core   0: 3 0x800053e4 (0x40905233) x 4 0x00000000
core   0: 0x800053e8 (0x0183bbb3) sltu    s7, t2, s8
core   0: 3 0x800053e8 (0x0183bbb3) x23 0x00000000
core   0: 0x800053ec (0x2fe74a93) xori    s5, a4, 766
core   0: 3 0x800053ec (0x2fe74a93) x21 0x000002fe
core   0: 0x800053f0 (0x82ae6a93) ori     s5, t3, -2006
core   0: 3 0x800053f0 (0x82ae6a93) x21 0xfffffcee
core   0: 0x800053f4 (0x00000013) nop
core   0: 3 0x800053f4 (0x00000013)
core   0: 0x800053f8 (0xa321c893) xori    a7, gp, -1486
core   0: 3 0x800053f8 (0xa321c893) x17 0xfffffa32
core   0: 0x800053fc (0x4150dd33) sra     s10, ra, s5
core   0: 3 0x800053fc (0x4150dd33) x26 0x00000000
core   0: 0x80005400 (0x02aa8333) mul     t1, s5, a0
core   0: 3 0x80005400 (0x02aa8333) x 6 0x00000000
core   0: 0x80005404 (0x030c2eb3) mulhsu  t4, s8, a6
core   0: 3 0x80005404 (0x030c2eb3) x29 0x00000000
core   0: 0x80005408 (0xce537a13) andi    s4, t1, -795
core   0: 3 0x80005408 (0xce537a13) x20 0x00000000
core   0: 0x8000540c (0x033c7b33) remu    s6, s8, s3
core   0: 3 0x8000540c (0x033c7b33) x22 0x00000000
core   0: 0x80005410 (0x01f31993) slli    s3, t1, 31
core   0: 3 0x80005410 (0x01f31993) x19 0x00000000
core   0: 0x80005414 (0x02f97b33) remu    s6, s2, a5
core   0: 3 0x80005414 (0x02f97b33) x22 0x00000008
core   0: 0x80005418 (0x012fdcb3) srl     s9, t6, s2
core   0: 3 0x80005418 (0x012fdcb3) x25 0x00000000
core   0: 0x8000541c (0x002527b3) slt     a5, a0, sp
core   0: 3 0x8000541c (0x002527b3) x15 0x00000001
core   0: 0x80005420 (0x8335ea93) ori     s5, a1, -1997
core   0: 3 0x80005420 (0x8335ea93) x21 0xfffffbff
core   0: 0x80005424 (0x00035e93) srli    t4, t1, 0
core   0: 3 0x80005424 (0x00035e93) x29 0x00000000
core   0: 0x80005428 (0x039b3bb3) mulhu   s7, s6, s9
core   0: 3 0x80005428 (0x039b3bb3) x23 0x00000000
core   0: 0x8000542c (0x01d8f633) and     a2, a7, t4
core   0: 3 0x8000542c (0x01d8f633) x12 0x00000000
core   0: 0x80005430 (0x00ddaeb3) slt     t4, s11, a3
core   0: 3 0x80005430 (0x00ddaeb3) x29 0x00000000
core   0: 0x80005434 (0xe1c2e693) ori     a3, t0, -484
core   0: 3 0x80005434 (0xe1c2e693) x13 0xfffffe7c
core   0: 0x80005438 (0x0057cb33) xor     s6, a5, t0
core   0: 3 0x80005438 (0x0057cb33) x22 0x80014e65
core   0: 0x8000543c (0xd7e63017) auipc   zero, 0xd7e63
core   0: 3 0x8000543c (0xd7e63017)
core   0: 0x80005440 (0xb45f0e93) addi    t4, t5, -1211
core   0: 3 0x80005440 (0xb45f0e93) x29 0xfffffb45
core   0: 0x80005444 (0x03424eb3) div     t4, tp, s4
core   0: 3 0x80005444 (0x03424eb3) x29 0xffffffff
core   0: 0x80005448 (0x03766eb3) rem     t4, a2, s7
core   0: 3 0x80005448 (0x03766eb3) x29 0x00000000
core   0: 0x8000544c (0x0159db93) srli    s7, s3, 21
core   0: 3 0x8000544c (0x0159db93) x23 0x00000000
core   0: 0x80005450 (0x1894a813) slti    a6, s1, 393
core   0: 3 0x80005450 (0x1894a813) x16 0x00000000
core   0: 0x80005454 (0xfcc3ad93) slti    s11, t2, -52
core   0: 3 0x80005454 (0xfcc3ad93) x27 0x00000000
core   0: 0x80005458 (0x00defcb3) and     s9, t4, a3
core   0: 3 0x80005458 (0x00defcb3) x25 0x00000000
core   0: 0x8000545c (0xe9b8f913) andi    s2, a7, -357
core   0: 3 0x8000545c (0xe9b8f913) x18 0xfffffa12
core   0: 0x80005460 (0x00b147b3) xor     a5, sp, a1
core   0: 3 0x80005460 (0x00b147b3) x15 0xa188f3c4
core   0: 0x80005464 (0x00000013) nop
core   0: 3 0x80005464 (0x00000013)
core   0: 0x80005468 (0x0160b833) sltu    a6, ra, s6
core   0: 3 0x80005468 (0x0160b833) x16 0x00000001
core   0: 0x8000546c (0x01fa40b3) xor     ra, s4, t6
core   0: 3 0x8000546c (0x01fa40b3) x 1 0x00000000
core   0: 0x80005470 (0x39956f13) ori     t5, a0, 921
core   0: 3 0x80005470 (0x39956f13) x30 0x00000399
core   0: 0x80005474 (0x418957b3) sra     a5, s2, s8
core   0: 3 0x80005474 (0x418957b3) x15 0xfffffa12
core   0: 0x80005478 (0x006b2733) slt     a4, s6, t1
core   0: 3 0x80005478 (0x006b2733) x14 0x00000001
core   0: 0x8000547c (0x00cf10b3) sll     ra, t5, a2
core   0: 3 0x8000547c (0x00cf10b3) x 1 0x00000399
core   0: 0x80005480 (0x01b39693) slli    a3, t2, 27
core   0: 3 0x80005480 (0x01b39693) x13 0x00000000
core   0: 0x80005484 (0x64017e93) andi    t4, sp, 1600
core   0: 3 0x80005484 (0x64017e93) x29 0x00000000
core   0: 0x80005488 (0x03dc2033) mulhsu  zero, s8, t4
core   0: 3 0x80005488 (0x03dc2033)
core   0: 0x8000548c (0x6ed70b13) addi    s6, a4, 1773
core   0: 3 0x8000548c (0x6ed70b13) x22 0x000006ee
core   0: 0x80005490 (0x02e885b3) mul     a1, a7, a4
core   0: 3 0x80005490 (0x02e885b3) x11 0xfffffa32
core   0: 0x80005494 (0x4116db33) sra     s6, a3, a7
core   0: 3 0x80005494 (0x4116db33) x22 0x00000000
core   0: 0x80005498 (0x1598fb13) andi    s6, a7, 345
core   0: 3 0x80005498 (0x1598fb13) x22 0x00000010
core   0: 0x8000549c (0x01620db3) add     s11, tp, s6
core   0: 3 0x8000549c (0x01620db3) x27 0x00000010
core   0: 0x800054a0 (0x017ab9b3) sltu    s3, s5, s7
core   0: 3 0x800054a0 (0x017ab9b3) x19 0x00000000
core   0: 0x800054a4 (0x40c65db3) sra     s11, a2, a2
core   0: 3 0x800054a4 (0x40c65db3) x27 0x00000000
core   0: 0x800054a8 (0xa0948793) addi    a5, s1, -1527
core   0: 3 0x800054a8 (0xa0948793) x15 0x04000479
core   0: 0x800054ac (0x723cbf13) sltiu   t5, s9, 1827
core   0: 3 0x800054ac (0x723cbf13) x30 0x00000001
core   0: 0x800054b0 (0xa6751d37) lui     s10, 0xa6751
core   0: 3 0x800054b0 (0xa6751d37) x26 0xa6751000
core   0: 0x800054b4 (0x01ed99b3) sll     s3, s11, t5
core   0: 3 0x800054b4 (0x01ed99b3) x19 0x00000000
core   0: 0x800054b8 (0x030edeb3) divu    t4, t4, a6
core   0: 3 0x800054b8 (0x030edeb3) x29 0x00000000
core   0: 0x800054bc (0xbc8af613) andi    a2, s5, -1080
core   0: 3 0x800054bc (0xbc8af613) x12 0xfffffbc8
core   0: 0x800054c0 (0x00131eb3) sll     t4, t1, ra
core   0: 3 0x800054c0 (0x00131eb3) x29 0x00000000
core   0: 0x800054c4 (0x415e5d93) srai    s11, t3, 21
core   0: 3 0x800054c4 (0x415e5d93) x27 0xfffffc00
core   0: 0x800054c8 (0x020c8ab3) mul     s5, s9, zero
core   0: 3 0x800054c8 (0x020c8ab3) x21 0x00000000
core   0: 0x800054cc (0x01646d33) or      s10, s0, s6
core   0: 3 0x800054cc (0x01646d33) x26 0x80014e74
core   0: 0x800054d0 (0x02bb8b33) mul     s6, s7, a1
core   0: 3 0x800054d0 (0x02bb8b33) x22 0x00000000
core   0: 0x800054d4 (0x00f37833) and     a6, t1, a5
core   0: 3 0x800054d4 (0x00f37833) x16 0x00000000
core   0: 0x800054d8 (0x1fb87493) andi    s1, a6, 507
core   0: 3 0x800054d8 (0x1fb87493) x 9 0x00000000
core   0: 0x800054dc (0x007a2fb3) slt     t6, s4, t2
core   0: 3 0x800054dc (0x007a2fb3) x31 0x00000000
core   0: 0x800054e0 (0x02f360b3) rem     ra, t1, a5
core   0: 3 0x800054e0 (0x02f360b3) x 1 0x00000000
core   0: 0x800054e4 (0xbce877b7) lui     a5, 0xbce87
core   0: 3 0x800054e4 (0xbce877b7) x15 0xbce87000
core   0: 0x800054e8 (0xcf9b3f13) sltiu   t5, s6, -775
core   0: 3 0x800054e8 (0xcf9b3f13) x30 0x00000001
core   0: 0x800054ec (0x014b8033) add     zero, s7, s4
core   0: 3 0x800054ec (0x014b8033)
core   0: 0x800054f0 (0x00087533) and     a0, a6, zero
core   0: 3 0x800054f0 (0x00087533) x10 0x00000000
core   0: 0x800054f4 (0x01f256b3) srl     a3, tp, t6
core   0: 3 0x800054f4 (0x01f256b3) x13 0x00000000
core   0: 0x800054f8 (0x004c5593) srli    a1, s8, 4
core   0: 3 0x800054f8 (0x004c5593) x11 0x00000000
core   0: 0x800054fc (0x017cc533) xor     a0, s9, s7
core   0: 3 0x800054fc (0x017cc533) x10 0x00000000
core   0: 0x80005500 (0x00be6733) or      a4, t3, a1
core   0: 3 0x80005500 (0x00be6733) x14 0x80018ce4
core   0: 0x80005504 (0x0111b5b3) sltu    a1, gp, a7
core   0: 3 0x80005504 (0x0111b5b3) x11 0x00000001
core   0: 0x80005508 (0x675fba93) sltiu   s5, t6, 1653
core   0: 3 0x80005508 (0x675fba93) x21 0x00000001
core   0: 0x8000550c (0x00000013) nop
core   0: 3 0x8000550c (0x00000013)
core   0: 0x80005510 (0x006d1d93) slli    s11, s10, 6
core   0: 3 0x80005510 (0x006d1d93) x27 0x00539d00
core   0: 0x80005514 (0x033d2733) mulhsu  a4, s10, s3
core   0: 3 0x80005514 (0x033d2733) x14 0x00000000
core   0: 0x80005518 (0x010f1633) sll     a2, t5, a6
core   0: 3 0x80005518 (0x010f1633) x12 0x00000001
core   0: 0x8000551c (0x03a3ff33) remu    t5, t2, s10
core   0: 3 0x8000551c (0x03a3ff33) x30 0x00000000
core   0: 0x80005520 (0x01fe5713) srli    a4, t3, 31
core   0: 3 0x80005520 (0x01fe5713) x14 0x00000001
core   0: 0x80005524 (0xee5d3d13) sltiu   s10, s10, -283
core   0: 3 0x80005524 (0xee5d3d13) x26 0x00000001
core   0: 0x80005528 (0x01e5a233) slt     tp, a1, t5
core   0: 3 0x80005528 (0x01e5a233) x 4 0x00000000
core   0: 0x8000552c (0x03bcc6b3) div     a3, s9, s11
core   0: 3 0x8000552c (0x03bcc6b3) x13 0x00000000
core   0: 0x80005530 (0x01f3feb3) and     t4, t2, t6
core   0: 3 0x80005530 (0x01f3feb3) x29 0x00000000
core   0: 0x80005534 (0x036b34b3) mulhu   s1, s6, s6
core   0: 3 0x80005534 (0x036b34b3) x 9 0x00000000
core   0: 0x80005538 (0x02ae96b3) mulh    a3, t4, a0
core   0: 3 0x80005538 (0x02ae96b3) x13 0x00000000
core   0: 0x8000553c (0x022f39b3) mulhu   s3, t5, sp
core   0: 3 0x8000553c (0x022f39b3) x19 0x00000000
core   0: 0x80005540 (0x03122033) mulhsu  zero, tp, a7
core   0: 3 0x80005540 (0x03122033)
core   0: 0x80005544 (0x262a0d13) addi    s10, s4, 610
core   0: 3 0x80005544 (0x262a0d13) x26 0x00000262
core   0: 0x80005548 (0x726a6593) ori     a1, s4, 1830
core   0: 3 0x80005548 (0x726a6593) x11 0x00000726
core   0: 0x8000554c (0x8b62bf37) lui     t5, 0x8b62b
core   0: 3 0x8000554c (0x8b62bf37) x30 0x8b62b000
core   0: 0x80005550 (0xee4aa513) slti    a0, s5, -284
core   0: 3 0x80005550 (0xee4aa513) x10 0x00000000
core   0: 0x80005554 (0x00000013) nop
core   0: 3 0x80005554 (0x00000013)
core   0: 0x80005558 (0xbb5c61b7) lui     gp, 0xbb5c6
core   0: 3 0x80005558 (0xbb5c61b7) x 3 0xbb5c6000
core   0: 0x8000555c (0x21b58c13) addi    s8, a1, 539
core   0: 3 0x8000555c (0x21b58c13) x24 0x00000941
core   0: 0x80005560 (0xd2288493) addi    s1, a7, -734
core   0: 3 0x80005560 (0xd2288493) x 9 0xfffff754
core   0: 0x80005564 (0x033bceb3) div     t4, s7, s3
core   0: 3 0x80005564 (0x033bceb3) x29 0xffffffff
core   0: 0x80005568 (0x44ff7013) andi    zero, t5, 1103
core   0: 3 0x80005568 (0x44ff7013)
core   0: 0x8000556c (0x0070b1b3) sltu    gp, ra, t2
core   0: 3 0x8000556c (0x0070b1b3) x 3 0x00000000
core   0: 0x80005570 (0x03a35fb3) divu    t6, t1, s10
core   0: 3 0x80005570 (0x03a35fb3) x31 0x00000000
core   0: 0x80005574 (0x01bbe6b3) or      a3, s7, s11
core   0: 3 0x80005574 (0x01bbe6b3) x13 0x00539d00
core   0: 0x80005578 (0x02d696b3) mulh    a3, a3, a3
core   0: 3 0x80005578 (0x02d696b3) x13 0x00001b4f
core   0: 0x8000557c (0x025a68b3) rem     a7, s4, t0
core   0: 3 0x8000557c (0x025a68b3) x17 0x00000000
core   0: 0x80005580 (0x415f50b3) sra     ra, t5, s5
core   0: 3 0x80005580 (0x415f50b3) x 1 0xc5b15800
core   0: 0x80005584 (0x40f85b33) sra     s6, a6, a5
core   0: 3 0x80005584 (0x40f85b33) x22 0x00000000
core   0: 0x80005588 (0x01ced493) srli    s1, t4, 28
core   0: 3 0x80005588 (0x01ced493) x 9 0x0000000f
core   0: 0x8000558c (0x4206ea13) ori     s4, a3, 1056
core   0: 3 0x8000558c (0x4206ea13) x20 0x00001f6f
core   0: 0x80005590 (0x01f493b3) sll     t2, s1, t6
core   0: 3 0x80005590 (0x01f493b3) x 7 0x0000000f
core   0: 0x80005594 (0x00000013) nop
core   0: 3 0x80005594 (0x00000013)
core   0: 0x80005598 (0x01996f33) or      t5, s2, s9
core   0: 3 0x80005598 (0x01996f33) x30 0xfffffa12
core   0: 0x8000559c (0x03e1ab33) mulhsu  s6, gp, t5
core   0: 3 0x8000559c (0x03e1ab33) x22 0x00000000
core   0: 0x800055a0 (0x015993b3) sll     t2, s3, s5
core   0: 3 0x800055a0 (0x015993b3) x 7 0x00000000
core   0: 0x800055a4 (0xad35b493) sltiu   s1, a1, -1325
core   0: 3 0x800055a4 (0xad35b493) x 9 0x00000001
core   0: 0x800055a8 (0x03b3bf33) mulhu   t5, t2, s11
core   0: 3 0x800055a8 (0x03b3bf33) x30 0x00000000
core   0: 0x800055ac (0x02d26833) rem     a6, tp, a3
core   0: 3 0x800055ac (0x02d26833) x16 0x00000000
core   0: 0x800055b0 (0x42eac8b7) lui     a7, 0x42eac
core   0: 3 0x800055b0 (0x42eac8b7) x17 0x42eac000
core   0: 0x800055b4 (0x41818fb3) sub     t6, gp, s8
core   0: 3 0x800055b4 (0x41818fb3) x31 0xfffff6bf
core   0: 0x800055b8 (0x01c52433) slt     s0, a0, t3
core   0: 3 0x800055b8 (0x01c52433) x 8 0x00000000
core   0: 0x800055bc (0x8ec63b93) sltiu   s7, a2, -1812
core   0: 3 0x800055bc (0x8ec63b93) x23 0x00000001
core   0: 0x800055c0 (0x000aea33) or      s4, s5, zero
core   0: 3 0x800055c0 (0x000aea33) x20 0x00000001
core   0: 0x800055c4 (0x02846cb3) rem     s9, s0, s0
core   0: 3 0x800055c4 (0x02846cb3) x25 0x00000000
core   0: 0x800055c8 (0x0379bab3) mulhu   s5, s3, s7
core   0: 3 0x800055c8 (0x0379bab3) x21 0x00000000
core   0: 0x800055cc (0x4100df93) srai    t6, ra, 16
core   0: 3 0x800055cc (0x4100df93) x31 0xffffc5b1
core   0: 0x800055d0 (0x00d14bb3) xor     s7, sp, a3
core   0: 3 0x800055d0 (0x00d14bb3) x23 0x00001b47
core   0: 0x800055d4 (0x789dc393) xori    t2, s11, 1929
core   0: 3 0x800055d4 (0x789dc393) x 7 0x00539a89
core   0: 0x800055d8 (0x025430b3) mulhu   ra, s0, t0
core   0: 3 0x800055d8 (0x025430b3) x 1 0x00000000
core   0: 0x800055dc (0xcb49e913) ori     s2, s3, -844
core   0: 3 0x800055dc (0xcb49e913) x18 0xfffffcb4
core   0: 0x800055e0 (0x23328e93) addi    t4, t0, 563
core   0: 3 0x800055e0 (0x23328e93) x29 0x80015097
core   0: 0x800055e4 (0x00000013) nop
core   0: 3 0x800055e4 (0x00000013)
core   0: 0x800055e8 (0x881bc093) xori    ra, s7, -1919
core   0: 3 0x800055e8 (0x881bc093) x 1 0xffffe3c6
core   0: 0x800055ec (0x40a3d433) sra     s0, t2, a0
core   0: 3 0x800055ec (0x40a3d433) x 8 0x00539a89
core   0: 0x800055f0 (0x002e8a33) add     s4, t4, sp
core   0: 3 0x800055f0 (0x002e8a33) x20 0x8001509f
core   0: 0x800055f4 (0x0350c333) div     t1, ra, s5
core   0: 3 0x800055f4 (0x0350c333) x 6 0xffffffff
core   0: 0x800055f8 (0x01ca5793) srli    a5, s4, 28
core   0: 3 0x800055f8 (0x01ca5793) x15 0x00000008
core   0: 0x800055fc (0x00b6d4b3) srl     s1, a3, a1
core   0: 3 0x800055fc (0x00b6d4b3) x 9 0x0000006d
core   0: 0x80005600 (0x00000013) nop
core   0: 3 0x80005600 (0x00000013)
core   0: 0x80005604 (0x6fe34097) auipc   ra, 0x6fe34
core   0: 3 0x80005604 (0x6fe34097) x 1 0xefe39604
core   0: 0x80005608 (0x64337493) andi    s1, t1, 1603
core   0: 3 0x80005608 (0x64337493) x 9 0x00000643
core   0: 0x8000560c (0x0053a933) slt     s2, t2, t0
core   0: 3 0x8000560c (0x0053a933) x18 0x00000000
core   0: 0x80005610 (0x00000013) nop
core   0: 3 0x80005610 (0x00000013)
core   0: 0x80005614 (0xd3e52a13) slti    s4, a0, -706
core   0: 3 0x80005614 (0xd3e52a13) x20 0x00000000
core   0: 0x80005618 (0x400f5437) lui     s0, 0x400f5
core   0: 3 0x80005618 (0x400f5437) x 8 0x400f5000
core   0: 0x8000561c (0x402b8733) sub     a4, s7, sp
core   0: 3 0x8000561c (0x402b8733) x14 0x00001b3f
core   0: 0x80005620 (0x5e698193) addi    gp, s3, 1510
core   0: 3 0x80005620 (0x5e698193) x 3 0x000005e6
core   0: 0x80005624 (0x00a32033) slt     zero, t1, a0
core   0: 3 0x80005624 (0x00a32033)
core   0: 0x80005628 (0xc96ed517) auipc   a0, 0xc96ed
core   0: 3 0x80005628 (0xc96ed517) x10 0x496f2628
core   0: 0x8000562c (0x40a057b3) sra     a5, zero, a0
core   0: 3 0x8000562c (0x40a057b3) x15 0x00000000
core   0: 0x80005630 (0x02992333) mulhsu  t1, s2, s1
core   0: 3 0x80005630 (0x02992333) x 6 0x00000000
core   0: 0x80005634 (0x009f4333) xor     t1, t5, s1
core   0: 3 0x80005634 (0x009f4333) x 6 0x00000643
core   0: 0x80005638 (0x03abdc33) divu    s8, s7, s10
core   0: 3 0x80005638 (0x03abdc33) x24 0x0000000b
core   0: 0x8000563c (0x1c1c2993) slti    s3, s8, 449
core   0: 3 0x8000563c (0x1c1c2993) x19 0x00000001
core   0: 0x80005640 (0x13e3e913) ori     s2, t2, 318
core   0: 3 0x80005640 (0x13e3e913) x18 0x00539bbf
core   0: 0x80005644 (0x006e1813) slli    a6, t3, 6
core   0: 3 0x80005644 (0x006e1813) x16 0x00633900
core   0: 0x80005648 (0x02ff6ab3) rem     s5, t5, a5
core   0: 3 0x80005648 (0x02ff6ab3) x21 0x00000000
core   0: 0x8000564c (0x00c0a9b3) slt     s3, ra, a2
core   0: 3 0x8000564c (0x00c0a9b3) x19 0x00000001
core   0: 0x80005650 (0xaffb0213) addi    tp, s6, -1281
core   0: 3 0x80005650 (0xaffb0213) x 4 0xfffffaff
core   0: 0x80005654 (0x03098c33) mul     s8, s3, a6
core   0: 3 0x80005654 (0x03098c33) x24 0x00633900
core   0: 0x80005658 (0x03054d33) div     s10, a0, a6
core   0: 3 0x80005658 (0x03054d33) x26 0x000000bd
core   0: 0x8000565c (0x71e38613) addi    a2, t2, 1822
core   0: 3 0x8000565c (0x71e38613) x12 0x0053a1a7
core   0: 0x80005660 (0x7900a617) auipc   a2, 0x7900a
core   0: 3 0x80005660 (0x7900a617) x12 0xf900f660
core   0: 0x80005664 (0x014904b3) add     s1, s2, s4
core   0: 3 0x80005664 (0x014904b3) x 9 0x00539bbf
core   0: 0x80005668 (0x00000013) nop
core   0: 3 0x80005668 (0x00000013)
core   0: 0x8000566c (0x020b9eb3) mulh    t4, s7, zero
core   0: 3 0x8000566c (0x020b9eb3) x29 0x00000000
core   0: 0x80005670 (0x406d5893) srai    a7, s10, 6
core   0: 3 0x80005670 (0x406d5893) x17 0x00000002
core   0: 0x80005674 (0x0259c0b3) div     ra, s3, t0
core   0: 3 0x80005674 (0x0259c0b3) x 1 0x00000000
core   0: 0x80005678 (0xc7b963b7) lui     t2, 0xc7b96
core   0: 3 0x80005678 (0xc7b963b7) x 7 0xc7b96000
core   0: 0x8000567c (0x018289b3) add     s3, t0, s8
core   0: 3 0x8000567c (0x018289b3) x19 0x80648764
core   0: 0x80005680 (0x00129fb3) sll     t6, t0, ra
core   0: 3 0x80005680 (0x00129fb3) x31 0x80014e64
core   0: 0x80005684 (0x0335a0b3) mulhsu  ra, a1, s3
core   0: 3 0x80005684 (0x0335a0b3) x 1 0x00000395
core   0: 0x80005688 (0x007991b3) sll     gp, s3, t2
core   0: 3 0x80005688 (0x007991b3) x 3 0x80648764
core   0: 0x8000568c (0x0323e5b3) rem     a1, t2, s2
core   0: 3 0x8000568c (0x0323e5b3) x11 0xffe60454
core   0: 0x80005690 (0x018d5bb3) srl     s7, s10, s8
core   0: 3 0x80005690 (0x018d5bb3) x23 0x000000bd
core   0: 0x80005694 (0x039a53b3) divu    t2, s4, s9
core   0: 3 0x80005694 (0x039a53b3) x 7 0xffffffff
core   0: 0x80005698 (0x05ce9317) auipc   t1, 0x5ce9
core   0: 3 0x80005698 (0x05ce9317) x 6 0x85cee698
core   0: 0x8000569c (0x0281bf33) mulhu   t5, gp, s0
core   0: 3 0x8000569c (0x0281bf33) x30 0x2020cfdc
core   0: 0x800056a0 (0x415a8433) sub     s0, s5, s5
core   0: 3 0x800056a0 (0x415a8433) x 8 0x00000000
core   0: 0x800056a4 (0x02aceab3) rem     s5, s9, a0
core   0: 3 0x800056a4 (0x02aceab3) x21 0x00000000
core   0: 0x800056a8 (0x027e3a33) mulhu   s4, t3, t2
core   0: 3 0x800056a8 (0x027e3a33) x20 0x80018ce3
core   0: 0x800056ac (0x02f4a933) mulhsu  s2, s1, a5
core   0: 3 0x800056ac (0x02f4a933) x18 0x00000000
core   0: 0x800056b0 (0x00cad6b3) srl     a3, s5, a2
core   0: 3 0x800056b0 (0x00cad6b3) x13 0x00000000
core   0: 0x800056b4 (0x03b551b3) divu    gp, a0, s11
core   0: 3 0x800056b4 (0x03b551b3) x 3 0x000000e0
core   0: 0x800056b8 (0x0380d033) divu    zero, ra, s8
core   0: 3 0x800056b8 (0x0380d033)
core   0: 0x800056bc (0x01fe80b3) add     ra, t4, t6
core   0: 3 0x800056bc (0x01fe80b3) x 1 0x80014e64
core   0: 0x800056c0 (0x4130d933) sra     s2, ra, s3
core   0: 3 0x800056c0 (0x4130d933) x18 0xf80014e6
core   0: 0x800056c4 (0x017697b3) sll     a5, a3, s7
core   0: 3 0x800056c4 (0x017697b3) x15 0x00000000
core   0: 0x800056c8 (0x41b15213) srai    tp, sp, 27
core   0: 3 0x800056c8 (0x41b15213) x 4 0x00000000
core   0: 0x800056cc (0x82f2a713) slti    a4, t0, -2001
core   0: 3 0x800056cc (0x82f2a713) x14 0x00000001
core   0: 0x800056d0 (0x01daa6b3) slt     a3, s5, t4
core   0: 3 0x800056d0 (0x01daa6b3) x13 0x00000000
core   0: 0x800056d4 (0x00563033) sltu    zero, a2, t0
core   0: 3 0x800056d4 (0x00563033)
core   0: 0x800056d8 (0x00f034b3) snez    s1, a5
core   0: 3 0x800056d8 (0x00f034b3) x 9 0x00000000
core   0: 0x800056dc (0xfe42ef13) ori     t5, t0, -28
core   0: 3 0x800056dc (0xfe42ef13) x30 0xffffffe4
core   0: 0x800056e0 (0x01b0d193) srli    gp, ra, 27
core   0: 3 0x800056e0 (0x01b0d193) x 3 0x00000010
core   0: 0x800056e4 (0xb1d34e93) xori    t4, t1, -1251
core   0: 3 0x800056e4 (0xb1d34e93) x29 0x7a311d85
core   0: 0x800056e8 (0x034e4a33) div     s4, t3, s4
core   0: 3 0x800056e8 (0x034e4a33) x20 0x00000000
core   0: 0x800056ec (0x03c1bbb3) mulhu   s7, gp, t3
core   0: 3 0x800056ec (0x03c1bbb3) x23 0x00000008
core   0: 0x800056f0 (0x5ae60517) auipc   a0, 0x5ae60
core   0: 3 0x800056f0 (0x5ae60517) x10 0xdae656f0
core   0: 0x800056f4 (0x5294ec13) ori     s8, s1, 1321
core   0: 3 0x800056f4 (0x5294ec13) x24 0x00000529
core   0: 0x800056f8 (0xe79bf913) andi    s2, s7, -391
core   0: 3 0x800056f8 (0xe79bf913) x18 0x00000008
core   0: 0x800056fc (0xa1142e93) slti    t4, s0, -1519
core   0: 3 0x800056fc (0xa1142e93) x29 0x00000000
core   0: 0x80005700 (0x015e5633) srl     a2, t3, s5
core   0: 3 0x80005700 (0x015e5633) x12 0x80018ce4
core   0: 0x80005704 (0x404bd693) srai    a3, s7, 4
core   0: 3 0x80005704 (0x404bd693) x13 0x00000000
core   0: 0x80005708 (0x01ca8eb3) add     t4, s5, t3
core   0: 3 0x80005708 (0x01ca8eb3) x29 0x80018ce4
core   0: 0x8000570c (0x40c10fb3) sub     t6, sp, a2
core   0: 3 0x8000570c (0x40c10fb3) x31 0x7ffe7324
core   0: 0x80005710 (0x017d5533) srl     a0, s10, s7
core   0: 3 0x80005710 (0x017d5533) x10 0x00000000
core   0: 0x80005714 (0x03aa11b3) mulh    gp, s4, s10
core   0: 3 0x80005714 (0x03aa11b3) x 3 0x00000000
core   0: 0x80005718 (0x758b2993) slti    s3, s6, 1880
core   0: 3 0x80005718 (0x758b2993) x19 0x00000001
core   0: 0x8000571c (0x01a0d993) srli    s3, ra, 26
core   0: 3 0x8000571c (0x01a0d993) x19 0x00000020
core   0: 0x80005720 (0x01cc0433) add     s0, s8, t3
core   0: 3 0x80005720 (0x01cc0433) x 8 0x8001920d
core   0: 0x80005724 (0x0035d3b3) srl     t2, a1, gp
core   0: 3 0x80005724 (0x0035d3b3) x 7 0xffe60454
core   0: 0x80005728 (0x01d4cfb3) xor     t6, s1, t4
core   0: 3 0x80005728 (0x01d4cfb3) x31 0x80018ce4
core   0: 0x8000572c (0x021bcdb3) div     s11, s7, ra
core   0: 3 0x8000572c (0x021bcdb3) x27 0x00000000
core   0: 0x80005730 (0x020dca33) div     s4, s11, zero
core   0: 3 0x80005730 (0x020dca33) x20 0xffffffff
core   0: 0x80005734 (0x02a40bb3) mul     s7, s0, a0
core   0: 3 0x80005734 (0x02a40bb3) x23 0x00000000
core   0: 0x80005738 (0x025df333) remu    t1, s11, t0
core   0: 3 0x80005738 (0x025df333) x 6 0x00000000
core   0: 0x8000573c (0xd3e5cb97) auipc   s7, 0xd3e5c
core   0: 3 0x8000573c (0xd3e5cb97) x23 0x53e6173c
core   0: 0x80005740 (0xb8f87d13) andi    s10, a6, -1137
core   0: 3 0x80005740 (0xb8f87d13) x26 0x00633900
core   0: 0x80005744 (0x015ed333) srl     t1, t4, s5
core   0: 3 0x80005744 (0x015ed333) x 6 0x80018ce4
core   0: 0x80005748 (0x00682233) slt     tp, a6, t1
core   0: 3 0x80005748 (0x00682233) x 4 0x00000000
core   0: 0x8000574c (0x02b5d9b3) divu    s3, a1, a1
core   0: 3 0x8000574c (0x02b5d9b3) x19 0x00000001
core   0: 0x80005750 (0x40f58633) sub     a2, a1, a5
core   0: 3 0x80005750 (0x40f58633) x12 0xffe60454
core   0: 0x80005754 (0x004a7eb3) and     t4, s4, tp
core   0: 3 0x80005754 (0x004a7eb3) x29 0x00000000
core   0: 0x80005758 (0xa3a26817) auipc   a6, 0xa3a26
core   0: 3 0x80005758 (0xa3a26817) x16 0x23a2b758
core   0: 0x8000575c (0x1935ba13) sltiu   s4, a1, 403
core   0: 3 0x8000575c (0x1935ba13) x20 0x00000000
core   0: 0x80005760 (0x00ca8d33) add     s10, s5, a2
core   0: 3 0x80005760 (0x00ca8d33) x26 0xffe60454
core   0: 0x80005764 (0x0203bab3) mulhu   s5, t2, zero
core   0: 3 0x80005764 (0x0203bab3) x21 0x00000000
core   0: 0x80005768 (0x0068c6b3) xor     a3, a7, t1
core   0: 3 0x80005768 (0x0068c6b3) x13 0x80018ce6
core   0: 0x8000576c (0x02af1b33) mulh    s6, t5, a0
core   0: 3 0x8000576c (0x02af1b33) x22 0x00000000
core   0: 0x80005770 (0x78caf993) andi    s3, s5, 1932
core   0: 3 0x80005770 (0x78caf993) x19 0x00000000
core   0: 0x80005774 (0x47a02e93) slti    t4, zero, 1146
core   0: 3 0x80005774 (0x47a02e93) x29 0x00000001
core   0: 0x80005778 (0x4194df33) sra     t5, s1, s9
core   0: 3 0x80005778 (0x4194df33) x30 0x00000000
core   0: 0x8000577c (0x02348633) mul     a2, s1, gp
core   0: 3 0x8000577c (0x02348633) x12 0x00000000
core   0: 0x80005780 (0x030ae433) rem     s0, s5, a6
core   0: 3 0x80005780 (0x030ae433) x 8 0x00000000
core   0: 0x80005784 (0xf47d1517) auipc   a0, 0xf47d1
core   0: 3 0x80005784 (0xf47d1517) x10 0x747d6784
core   0: 0x80005788 (0x020e6833) rem     a6, t3, zero
core   0: 3 0x80005788 (0x020e6833) x16 0x80018ce4
core   0: 0x8000578c (0x03feb833) mulhu   a6, t4, t6
core   0: 3 0x8000578c (0x03feb833) x16 0x00000000
core   0: 0x80005790 (0x1cbd8213) addi    tp, s11, 459
core   0: 3 0x80005790 (0x1cbd8213) x 4 0x000001cb
core   0: 0x80005794 (0x03bcfdb3) remu    s11, s9, s11
core   0: 3 0x80005794 (0x03bcfdb3) x27 0x00000000
core   0: 0x80005798 (0x45b6c893) xori    a7, a3, 1115
core   0: 3 0x80005798 (0x45b6c893) x17 0x800188bd
core   0: 0x8000579c (0x01c77eb3) and     t4, a4, t3
core   0: 3 0x8000579c (0x01c77eb3) x29 0x00000000
core   0: 0x800057a0 (0x4c386cb7) lui     s9, 0x4c386
core   0: 3 0x800057a0 (0x4c386cb7) x25 0x4c386000
core   0: 0x800057a4 (0x026b6333) rem     t1, s6, t1
core   0: 3 0x800057a4 (0x026b6333) x 6 0x00000000
core   0: 0x800057a8 (0x01abf833) and     a6, s7, s10
core   0: 3 0x800057a8 (0x01abf833) x16 0x53e60414
core   0: 0x800057ac (0x413656b3) sra     a3, a2, s3
core   0: 3 0x800057ac (0x413656b3) x13 0x00000000
core   0: 0x800057b0 (0x00669833) sll     a6, a3, t1
core   0: 3 0x800057b0 (0x00669833) x16 0x00000000
core   0: 0x800057b4 (0x02c45833) divu    a6, s0, a2
core   0: 3 0x800057b4 (0x02c45833) x16 0xffffffff
core   0: 0x800057b8 (0x00f21bb3) sll     s7, tp, a5
core   0: 3 0x800057b8 (0x00f21bb3) x23 0x000001cb
core   0: 0x800057bc (0x0007fc33) and     s8, a5, zero
core   0: 3 0x800057bc (0x0007fc33) x24 0x00000000
core   0: 0x800057c0 (0x03d92db3) mulhsu  s11, s2, t4
core   0: 3 0x800057c0 (0x03d92db3) x27 0x00000000
core   0: 0x800057c4 (0x009381b3) add     gp, t2, s1
core   0: 3 0x800057c4 (0x009381b3) x 3 0xffe60454
core   0: 0x800057c8 (0x02d59c33) mulh    s8, a1, a3
core   0: 3 0x800057c8 (0x02d59c33) x24 0x00000000
core   0: 0x800057cc (0x2284f193) andi    gp, s1, 552
core   0: 3 0x800057cc (0x2284f193) x 3 0x00000000
core   0: 0x800057d0 (0xf9a03493) sltiu   s1, zero, -102
core   0: 3 0x800057d0 (0xf9a03493) x 9 0x00000001
core   0: 0x800057d4 (0x40a9ddb3) sra     s11, s3, a0
core   0: 3 0x800057d4 (0x40a9ddb3) x27 0x00000000
core   0: 0x800057d8 (0x55966593) ori     a1, a2, 1369
core   0: 3 0x800057d8 (0x55966593) x11 0x00000559
core   0: 0x800057dc (0x0353e9b3) rem     s3, t2, s5
core   0: 3 0x800057dc (0x0353e9b3) x19 0xffe60454
core   0: 0x800057e0 (0x0316dc33) divu    s8, a3, a7
core   0: 3 0x800057e0 (0x0316dc33) x24 0x00000000
core   0: 0x800057e4 (0x01a31c33) sll     s8, t1, s10
core   0: 3 0x800057e4 (0x01a31c33) x24 0x00000000
core   0: 0x800057e8 (0x01b57fb3) and     t6, a0, s11
core   0: 3 0x800057e8 (0x01b57fb3) x31 0x00000000
core   0: 0x800057ec (0x01d5df13) srli    t5, a1, 29
core   0: 3 0x800057ec (0x01d5df13) x30 0x00000000
core   0: 0x800057f0 (0xe7f48093) addi    ra, s1, -385
core   0: 3 0x800057f0 (0xe7f48093) x 1 0xfffffe80
core   0: 0x800057f4 (0x4054d213) srai    tp, s1, 5
core   0: 3 0x800057f4 (0x4054d213) x 4 0x00000000
core   0: 0x800057f8 (0x02d49b33) mulh    s6, s1, a3
core   0: 3 0x800057f8 (0x02d49b33) x22 0x00000000
core   0: 0x800057fc (0x0077bd33) sltu    s10, a5, t2
core   0: 3 0x800057fc (0x0077bd33) x26 0x00000001
core   0: 0x80005800 (0x41b5d713) srai    a4, a1, 27
core   0: 3 0x80005800 (0x41b5d713) x14 0x00000000
core   0: 0x80005804 (0x035164b3) rem     s1, sp, s5
core   0: 3 0x80005804 (0x035164b3) x 9 0x00000008
core   0: 0x80005808 (0xae1c6613) ori     a2, s8, -1311
core   0: 3 0x80005808 (0xae1c6613) x12 0xfffffae1
core   0: 0x8000580c (0x94123513) sltiu   a0, tp, -1727
core   0: 3 0x8000580c (0x94123513) x10 0x00000001
core   0: 0x80005810 (0x03ee9fb3) mulh    t6, t4, t5
core   0: 3 0x80005810 (0x03ee9fb3) x31 0x00000000
core   0: 0x80005814 (0x038cddb3) divu    s11, s9, s8
core   0: 3 0x80005814 (0x038cddb3) x27 0xffffffff
core   0: 0x80005818 (0xfd2d8393) addi    t2, s11, -46
core   0: 3 0x80005818 (0xfd2d8393) x 7 0xffffffd1
core   0: 0x8000581c (0x1ffcf413) andi    s0, s9, 511
core   0: 3 0x8000581c (0x1ffcf413) x 8 0x00000000
core   0: 0x80005820 (0x409dd7b3) sra     a5, s11, s1
core   0: 3 0x80005820 (0x409dd7b3) x15 0xffffffff
core   0: 0x80005824 (0x03f1fa33) remu    s4, gp, t6
core   0: 3 0x80005824 (0x03f1fa33) x20 0x00000000
core   0: 0x80005828 (0x03972a33) mulhsu  s4, a4, s9
core   0: 3 0x80005828 (0x03972a33) x20 0x00000000
core   0: 0x8000582c (0x02baf8b3) remu    a7, s5, a1
core   0: 3 0x8000582c (0x02baf8b3) x17 0x00000000
core   0: 0x80005830 (0x01b92bb3) slt     s7, s2, s11
core   0: 3 0x80005830 (0x01b92bb3) x23 0x00000000
core   0: 0x80005834 (0x40dcd533) sra     a0, s9, a3
core   0: 3 0x80005834 (0x40dcd533) x10 0x4c386000
core   0: 0x80005838 (0x00f125b3) slt     a1, sp, a5
core   0: 3 0x80005838 (0x00f125b3) x11 0x00000000
core   0: 0x8000583c (0xb4b13193) sltiu   gp, sp, -1205
core   0: 3 0x8000583c (0xb4b13193) x 3 0x00000001
core   0: 0x80005840 (0x01915c13) srli    s8, sp, 25
core   0: 3 0x80005840 (0x01915c13) x24 0x00000000
core   0: 0x80005844 (0x99404393) xori    t2, zero, -1644
core   0: 3 0x80005844 (0x99404393) x 7 0xfffff994
core   0: 0x80005848 (0x0978ee93) ori     t4, a7, 151
core   0: 3 0x80005848 (0x0978ee93) x29 0x00000097
core   0: 0x8000584c (0x01fe1db3) sll     s11, t3, t6
core   0: 3 0x8000584c (0x01fe1db3) x27 0x80018ce4
core   0: 0x80005850 (0x8133fa93) andi    s5, t2, -2029
core   0: 3 0x80005850 (0x8133fa93) x21 0xfffff810
core   0: 0x80005854 (0x40a25393) srai    t2, tp, 10
core   0: 3 0x80005854 (0x40a25393) x 7 0x00000000
core   0: 0x80005858 (0x00a93cb3) sltu    s9, s2, a0
core   0: 3 0x80005858 (0x00a93cb3) x25 0x00000001
core   0: 0x8000585c (0x23350913) addi    s2, a0, 563
core   0: 3 0x8000585c (0x23350913) x18 0x4c386233
core   0: 0x80005860 (0x01ebe633) or      a2, s7, t5
core   0: 3 0x80005860 (0x01ebe633) x12 0x00000000
core   0: 0x80005864 (0x0359f733) remu    a4, s3, s5
core   0: 3 0x80005864 (0x0359f733) x14 0xffe60454
core   0: 0x80005868 (0x00ce5513) srli    a0, t3, 12
core   0: 3 0x80005868 (0x00ce5513) x10 0x00080018
core   0: 0x8000586c (0x40b6dd93) srai    s11, a3, 11
core   0: 3 0x8000586c (0x40b6dd93) x27 0x00000000
core   0: 0x80005870 (0x409ade93) srai    t4, s5, 9
core   0: 3 0x80005870 (0x409ade93) x29 0xfffffffc
core   0: 0x80005874 (0x00f95993) srli    s3, s2, 15
core   0: 3 0x80005874 (0x00f95993) x19 0x00009870
core   0: 0x80005878 (0x01fe7233) and     tp, t3, t6
core   0: 3 0x80005878 (0x01fe7233) x 4 0x00000000
core   0: 0x8000587c (0x8e1e6693) ori     a3, t3, -1823
core   0: 3 0x8000587c (0x8e1e6693) x13 0xfffffce5
core   0: 0x80005880 (0x015c57b3) srl     a5, s8, s5
core   0: 3 0x80005880 (0x015c57b3) x15 0x00000000
core   0: 0x80005884 (0x9c450f13) addi    t5, a0, -1596
core   0: 3 0x80005884 (0x9c450f13) x30 0x0007f9dc
core   0: 0x80005888 (0x019e1c33) sll     s8, t3, s9
core   0: 3 0x80005888 (0x019e1c33) x24 0x000319c8
core   0: 0x8000588c (0x00c9d3b3) srl     t2, s3, a2
core   0: 3 0x8000588c (0x00c9d3b3) x 7 0x00009870
core   0: 0x80005890 (0x41345b93) srai    s7, s0, 19
core   0: 3 0x80005890 (0x41345b93) x23 0x00000000
core   0: 0x80005894 (0x023b76b3) remu    a3, s6, gp
core   0: 3 0x80005894 (0x023b76b3) x13 0x00000000
core   0: 0x80005898 (0x0199e833) or      a6, s3, s9
core   0: 3 0x80005898 (0x0199e833) x16 0x00009871
core   0: 0x8000589c (0x01ede0b3) or      ra, s11, t5
core   0: 3 0x8000589c (0x01ede0b3) x 1 0x0007f9dc
core   0: 0x800058a0 (0x011bb7b3) sltu    a5, s7, a7
core   0: 3 0x800058a0 (0x011bb7b3) x15 0x00000000
core   0: 0x800058a4 (0x03b3cb33) div     s6, t2, s11
core   0: 3 0x800058a4 (0x03b3cb33) x22 0xffffffff
core   0: 0x800058a8 (0x0328b733) mulhu   a4, a7, s2
core   0: 3 0x800058a8 (0x0328b733) x14 0x00000000
core   0: 0x800058ac (0x19742913) slti    s2, s0, 407
core   0: 3 0x800058ac (0x19742913) x18 0x00000001
core   0: 0x800058b0 (0x02b7ffb3) remu    t6, a5, a1
core   0: 3 0x800058b0 (0x02b7ffb3) x31 0x00000000
core   0: 0x800058b4 (0x01c1fcb3) and     s9, gp, t3
core   0: 3 0x800058b4 (0x01c1fcb3) x25 0x00000000
core   0: 0x800058b8 (0x012ae5b3) or      a1, s5, s2
core   0: 3 0x800058b8 (0x012ae5b3) x11 0xfffff811
core   0: 0x800058bc (0x034e96b3) mulh    a3, t4, s4
core   0: 3 0x800058bc (0x034e96b3) x13 0x00000000
core   0: 0x800058c0 (0x01155ab3) srl     s5, a0, a7
core   0: 3 0x800058c0 (0x01155ab3) x21 0x00080018
core   0: 0x800058c4 (0x40e3d593) srai    a1, t2, 14
core   0: 3 0x800058c4 (0x40e3d593) x11 0x00000002
core   0: 0x800058c8 (0x036d93b3) mulh    t2, s11, s6
core   0: 3 0x800058c8 (0x036d93b3) x 7 0x00000000
core   0: 0x800058cc (0x02f274b3) remu    s1, tp, a5
core   0: 3 0x800058cc (0x02f274b3) x 9 0x00000000
core   0: 0x800058d0 (0x016d15b3) sll     a1, s10, s6
core   0: 3 0x800058d0 (0x016d15b3) x11 0x80000000
core   0: 0x800058d4 (0x01911b13) slli    s6, sp, 25
core   0: 3 0x800058d4 (0x01911b13) x22 0x10000000
core   0: 0x800058d8 (0x00f11a13) slli    s4, sp, 15
core   0: 3 0x800058d8 (0x00f11a13) x20 0x00040000
core   0: 0x800058dc (0x02d393b3) mulh    t2, t2, a3
core   0: 3 0x800058dc (0x02d393b3) x 7 0x00000000
core   0: 0x800058e0 (0x00de8033) add     zero, t4, a3
core   0: 3 0x800058e0 (0x00de8033)
core   0: 0x800058e4 (0x019798b3) sll     a7, a5, s9
core   0: 3 0x800058e4 (0x019798b3) x17 0x00000000
core   0: 0x800058e8 (0x41d0db93) srai    s7, ra, 29
core   0: 3 0x800058e8 (0x41d0db93) x23 0x00000000
core   0: 0x800058ec (0x03f0d3b3) divu    t2, ra, t6
core   0: 3 0x800058ec (0x03f0d3b3) x 7 0xffffffff
core   0: 0x800058f0 (0x419cd093) srai    ra, s9, 25
core   0: 3 0x800058f0 (0x419cd093) x 1 0x00000000
core   0: 0x800058f4 (0xa860c793) xori    a5, ra, -1402
core   0: 3 0x800058f4 (0xa860c793) x15 0xfffffa86
core   0: 0x800058f8 (0x03fda7b3) mulhsu  a5, s11, t6
core   0: 3 0x800058f8 (0x03fda7b3) x15 0x00000000
core   0: 0x800058fc (0xb1f67793) andi    a5, a2, -1249
core   0: 3 0x800058fc (0xb1f67793) x15 0x00000000
core   0: 0x80005900 (0x02a7c033) div     zero, a5, a0
core   0: 3 0x80005900 (0x02a7c033)
core   0: 0x80005904 (0x012bd3b3) srl     t2, s7, s2
core   0: 3 0x80005904 (0x012bd3b3) x 7 0x00000000
core   0: 0x80005908 (0x01cdf533) and     a0, s11, t3
core   0: 3 0x80005908 (0x01cdf533) x10 0x00000000
core   0: 0x8000590c (0x03958bb3) mul     s7, a1, s9
core   0: 3 0x8000590c (0x03958bb3) x23 0x00000000
core   0: 0x80005910 (0x00cf53b3) srl     t2, t5, a2
core   0: 3 0x80005910 (0x00cf53b3) x 7 0x0007f9dc
core   0: 0x80005914 (0x416b5f93) srai    t6, s6, 22
core   0: 3 0x80005914 (0x416b5f93) x31 0x00000040
core   0: 0x80005918 (0x02e4aeb3) mulhsu  t4, s1, a4
core   0: 3 0x80005918 (0x02e4aeb3) x29 0x00000000
core   0: 0x8000591c (0x5ed66e93) ori     t4, a2, 1517
core   0: 3 0x8000591c (0x5ed66e93) x29 0x000005ed
core   0: 0x80005920 (0x03f5d5b3) divu    a1, a1, t6
core   0: 3 0x80005920 (0x03f5d5b3) x11 0x02000000
core   0: 0x80005924 (0x039d5433) divu    s0, s10, s9
core   0: 3 0x80005924 (0x039d5433) x 8 0xffffffff
core   0: 0x80005928 (0x016d79b3) and     s3, s10, s6
core   0: 3 0x80005928 (0x016d79b3) x19 0x00000000
core   0: 0x8000592c (0x23778093) addi    ra, a5, 567
core   0: 3 0x8000592c (0x23778093) x 1 0x00000237
core   0: 0x80005930 (0xf19ac997) auipc   s3, 0xf19ac
core   0: 3 0x80005930 (0xf19ac997) x19 0x719b1930
core   0: 0x80005934 (0x014c2533) slt     a0, s8, s4
core   0: 3 0x80005934 (0x014c2533) x10 0x00000001
core   0: 0x80005938 (0x00f2d933) srl     s2, t0, a5
core   0: 3 0x80005938 (0x00f2d933) x18 0x80014e64
core   0: 0x8000593c (0xb3594f37) lui     t5, 0xb3594
core   0: 3 0x8000593c (0xb3594f37) x30 0xb3594000
core   0: 0x80005940 (0xa796fd13) andi    s10, a3, -1415
core   0: 3 0x80005940 (0xa796fd13) x26 0x00000000
core   0: 0x80005944 (0x972b3313) sltiu   t1, s6, -1678
core   0: 3 0x80005944 (0x972b3313) x 6 0x00000001
core   0: 0x80005948 (0xd7793f37) lui     t5, 0xd7793
core   0: 3 0x80005948 (0xd7793f37) x30 0xd7793000
core   0: 0x8000594c (0x40420d33) sub     s10, tp, tp
core   0: 3 0x8000594c (0x40420d33) x26 0x00000000
core   0: 0x80005950 (0xc78737b7) lui     a5, 0xc7873
core   0: 3 0x80005950 (0xc78737b7) x15 0xc7873000
core   0: 0x80005954 (0xe6b174b7) lui     s1, 0xe6b17
core   0: 3 0x80005954 (0xe6b174b7) x 9 0xe6b17000
core   0: 0x80005958 (0x001b5ab3) srl     s5, s6, ra
core   0: 3 0x80005958 (0x001b5ab3) x21 0x00000020
core   0: 0x8000595c (0x03315c33) divu    s8, sp, s3
core   0: 3 0x8000595c (0x03315c33) x24 0x00000000
core   0: 0x80005960 (0x11f48513) addi    a0, s1, 287
core   0: 3 0x80005960 (0x11f48513) x10 0xe6b1711f
core   0: 0x80005964 (0x01fbbb33) sltu    s6, s7, t6
core   0: 3 0x80005964 (0x01fbbb33) x22 0x00000001
core   0: 0x80005968 (0x41dc0333) sub     t1, s8, t4
core   0: 3 0x80005968 (0x41dc0333) x 6 0xfffffa13
core   0: 0x8000596c (0xa188b813) sltiu   a6, a7, -1512
core   0: 3 0x8000596c (0xa188b813) x16 0x00000001
core   0: 0x80005970 (0x0228ebb3) rem     s7, a7, sp
core   0: 3 0x80005970 (0x0228ebb3) x23 0x00000000
core   0: 0x80005974 (0x0347cd33) div     s10, a5, s4
core   0: 3 0x80005974 (0x0347cd33) x26 0xfffff1e2
core   0: 0x80005978 (0x023bb033) mulhu   zero, s7, gp
core   0: 3 0x80005978 (0x023bb033)
core   0: 0x8000597c (0x03aaeb33) rem     s6, s5, s10
core   0: 3 0x8000597c (0x03aaeb33) x22 0x00000020
core   0: 0x80005980 (0x030706b3) mul     a3, a4, a6
core   0: 3 0x80005980 (0x030706b3) x13 0x00000000
core   0: 0x80005984 (0x01e98433) add     s0, s3, t5
core   0: 3 0x80005984 (0x01e98433) x 8 0x49144930
core   0: 0x80005988 (0x416ad833) sra     a6, s5, s6
core   0: 3 0x80005988 (0x416ad833) x16 0x00000020
core   0: 0x8000598c (0x02a78b33) mul     s6, a5, a0
core   0: 3 0x8000598c (0x02a78b33) x22 0x058ed000
core   0: 0x80005990 (0x40cbd693) srai    a3, s7, 12
core   0: 3 0x80005990 (0x40cbd693) x13 0x00000000
core   0: 0x80005994 (0x01bde997) auipc   s3, 0x1bde
core   0: 3 0x80005994 (0x01bde997) x19 0x81be3994
core   0: 0x80005998 (0x017f30b3) sltu    ra, t5, s7
core   0: 3 0x80005998 (0x017f30b3) x 1 0x00000000
core   0: 0x8000599c (0x26550c93) addi    s9, a0, 613
core   0: 3 0x8000599c (0x26550c93) x25 0xe6b17384
core   0: 0x800059a0 (0x00169313) slli    t1, a3, 1
core   0: 3 0x800059a0 (0x00169313) x 6 0x00000000
core   0: 0x800059a4 (0x016caeb3) slt     t4, s9, s6
core   0: 3 0x800059a4 (0x016caeb3) x29 0x00000001
core   0: 0x800059a8 (0x0061fc33) and     s8, gp, t1
core   0: 3 0x800059a8 (0x0061fc33) x24 0x00000000
core   0: 0x800059ac (0x017ed5b3) srl     a1, t4, s7
core   0: 3 0x800059ac (0x017ed5b3) x11 0x00000001
core   0: 0x800059b0 (0x02d9db33) divu    s6, s3, a3
core   0: 3 0x800059b0 (0x02d9db33) x22 0xffffffff
core   0: 0x800059b4 (0x03f52cb3) mulhsu  s9, a0, t6
core   0: 3 0x800059b4 (0x03f52cb3) x25 0xfffffff9
core   0: 0x800059b8 (0x00e13eb3) sltu    t4, sp, a4
core   0: 3 0x800059b8 (0x00e13eb3) x29 0x00000000
core   0: 0x800059bc (0xe336a197) auipc   gp, 0xe336a
core   0: 3 0x800059bc (0xe336a197) x 3 0x6336f9bc
core   0: 0x800059c0 (0xf7b2a093) slti    ra, t0, -133
core   0: 3 0x800059c0 (0xf7b2a093) x 1 0x00000001
core   0: 0x800059c4 (0x0e333e93) sltiu   t4, t1, 227
core   0: 3 0x800059c4 (0x0e333e93) x29 0x00000001
core   0: 0x800059c8 (0x006c1fb3) sll     t6, s8, t1
core   0: 3 0x800059c8 (0x006c1fb3) x31 0x00000000
core   0: 0x800059cc (0x00ff5933) srl     s2, t5, a5
core   0: 3 0x800059cc (0x00ff5933) x18 0xd7793000
core   0: 0x800059d0 (0x0094aab3) slt     s5, s1, s1
core   0: 3 0x800059d0 (0x0094aab3) x21 0x00000000
core   0: 0x800059d4 (0x418e84b3) sub     s1, t4, s8
core   0: 3 0x800059d4 (0x418e84b3) x 9 0x00000001
core   0: 0x800059d8 (0xeb70f093) andi    ra, ra, -329
core   0: 3 0x800059d8 (0xeb70f093) x 1 0x00000001
core   0: 0x800059dc (0x0303e0b3) rem     ra, t2, a6
core   0: 3 0x800059dc (0x0303e0b3) x 1 0x0000001c
core   0: 0x800059e0 (0x00894233) xor     tp, s2, s0
core   0: 3 0x800059e0 (0x00894233) x 4 0x9e6d7930
core   0: 0x800059e4 (0x41f55813) srai    a6, a0, 31
core   0: 3 0x800059e4 (0x41f55813) x16 0xffffffff
core   0: 0x800059e8 (0x755ae213) ori     tp, s5, 1877
core   0: 3 0x800059e8 (0x755ae213) x 4 0x00000755
core   0: 0x800059ec (0x42054393) xori    t2, a0, 1056
core   0: 3 0x800059ec (0x42054393) x 7 0xe6b1753f
core   0: 0x800059f0 (0x02a18fb3) mul     t6, gp, a0
core   0: 3 0x800059f0 (0x02a18fb3) x31 0xdae039c4
core   0: 0x800059f4 (0x032ff9b3) remu    s3, t6, s2
core   0: 3 0x800059f4 (0x032ff9b3) x19 0x036709c4
core   0: 0x800059f8 (0x001b7033) and     zero, s6, ra
core   0: 3 0x800059f8 (0x001b7033)
core   0: 0x800059fc (0x033c7733) remu    a4, s8, s3
core   0: 3 0x800059fc (0x033c7733) x14 0x00000000
core   0: 0x80005a00 (0x039faab3) mulhsu  s5, t6, s9
core   0: 3 0x80005a00 (0x039faab3) x21 0xdae039c5
core   0: 0x80005a04 (0x008d1493) slli    s1, s10, 8
core   0: 3 0x80005a04 (0x008d1493) x 9 0xfff1e200
core   0: 0x80005a08 (0x409bd993) srai    s3, s7, 9
core   0: 3 0x80005a08 (0x409bd993) x19 0x00000000
core   0: 0x80005a0c (0x00544833) xor     a6, s0, t0
core   0: 3 0x80005a0c (0x00544833) x16 0xc9150754
core   0: 0x80005a10 (0x03c05233) divu    tp, zero, t3
core   0: 3 0x80005a10 (0x03c05233) x 4 0x00000000
core   0: 0x80005a14 (0x02ebd533) divu    a0, s7, a4
core   0: 3 0x80005a14 (0x02ebd533) x10 0xffffffff
core   0: 0x80005a18 (0xe9308393) addi    t2, ra, -365
core   0: 3 0x80005a18 (0xe9308393) x 7 0xfffffeaf
core   0: 0x80005a1c (0x40ffa513) slti    a0, t6, 1039
core   0: 3 0x80005a1c (0x40ffa513) x10 0x00000001
core   0: 0x80005a20 (0x01ec9a93) slli    s5, s9, 30
core   0: 3 0x80005a20 (0x01ec9a93) x21 0x40000000
core   0: 0x80005a24 (0xa655f413) andi    s0, a1, -1435
core   0: 3 0x80005a24 (0xa655f413) x 8 0x00000001
core   0: 0x80005a28 (0x0058bbb3) sltu    s7, a7, t0
core   0: 3 0x80005a28 (0x0058bbb3) x23 0x00000001
core   0: 0x80005a2c (0x010906b3) add     a3, s2, a6
core   0: 3 0x80005a2c (0x010906b3) x13 0xa08e3754
core   0: 0x80005a30 (0x00d9f7b3) and     a5, s3, a3
core   0: 3 0x80005a30 (0x00d9f7b3) x15 0x00000000
core   0: 0x80005a34 (0x00a9e6b3) or      a3, s3, a0
core   0: 3 0x80005a34 (0x00a9e6b3) x13 0x00000001
core   0: 0x80005a38 (0x039979b3) remu    s3, s2, s9
core   0: 3 0x80005a38 (0x039979b3) x19 0xd7793000
core   0: 0x80005a3c (0xc85eb513) sltiu   a0, t4, -891
core   0: 3 0x80005a3c (0xc85eb513) x10 0x00000001
core   0: 0x80005a40 (0x00d29b13) slli    s6, t0, 13
core   0: 3 0x80005a40 (0x00d29b13) x22 0x29cc8000
core   0: 0x80005a44 (0xf936c993) xori    s3, a3, -109
core   0: 3 0x80005a44 (0xf936c993) x19 0xffffff92
core   0: 0x80005a48 (0x00420b33) add     s6, tp, tp
core   0: 3 0x80005a48 (0x00420b33) x22 0x00000000
core   0: 0x80005a4c (0x410f56b3) sra     a3, t5, a6
core   0: 3 0x80005a4c (0x410f56b3) x13 0xfffffd77
core   0: 0x80005a50 (0x013fff33) and     t5, t6, s3
core   0: 3 0x80005a50 (0x013fff33) x30 0xdae03980
core   0: 0x80005a54 (0xd28d8317) auipc   t1, 0xd28d8
core   0: 3 0x80005a54 (0xd28d8317) x 6 0x528dda54
core   0: 0x80005a58 (0xc2c87437) lui     s0, 0xc2c87
core   0: 3 0x80005a58 (0xc2c87437) x 8 0xc2c87000
core   0: 0x80005a5c (0x9aeaea13) ori     s4, s5, -1618
core   0: 3 0x80005a5c (0x9aeaea13) x20 0xfffff9ae
core   0: 0x80005a60 (0x4c53b213) sltiu   tp, t2, 1221
core   0: 3 0x80005a60 (0x4c53b213) x 4 0x00000000
core   0: 0x80005a64 (0x023a7fb3) remu    t6, s4, gp
core   0: 3 0x80005a64 (0x023a7fb3) x31 0x39920636
core   0: 0x80005a68 (0x031b9533) mulh    a0, s7, a7
core   0: 3 0x80005a68 (0x031b9533) x10 0x00000000
core   0: 0x80005a6c (0x0276b5b3) mulhu   a1, a3, t2
core   0: 3 0x80005a6c (0x0276b5b3) x11 0xfffffc26
core   0: 0x80005a70 (0x03af0b33) mul     s6, t5, s10
core   0: 3 0x80005a70 (0x03af0b33) x22 0x16944300
core   0: 0x80005a74 (0xe6983493) sltiu   s1, a6, -407
core   0: 3 0x80005a74 (0xe6983493) x 9 0x00000001
core   0: 0x80005a78 (0x0173b533) sltu    a0, t2, s7
core   0: 3 0x80005a78 (0x0173b533) x10 0x00000000
core   0: 0x80005a7c (0x00a98b33) add     s6, s3, a0
core   0: 3 0x80005a7c (0x00a98b33) x22 0xffffff92
core   0: 0x80005a80 (0x00794933) xor     s2, s2, t2
core   0: 3 0x80005a80 (0x00794933) x18 0x2886ceaf
core   0: 0x80005a84 (0x03deafb3) mulhsu  t6, t4, t4
core   0: 3 0x80005a84 (0x03deafb3) x31 0x00000000
core   0: 0x80005a88 (0x0bd19b37) lui     s6, 0xbd19
core   0: 3 0x80005a88 (0x0bd19b37) x22 0x0bd19000
core   0: 0x80005a8c (0x00000013) nop
core   0: 3 0x80005a8c (0x00000013)
core   0: 0x80005a90 (0x0244cdb3) div     s11, s1, tp
core   0: 3 0x80005a90 (0x0244cdb3) x27 0xffffffff
core   0: 0x80005a94 (0x000a0633) add     a2, s4, zero
core   0: 3 0x80005a94 (0x000a0633) x12 0xfffff9ae
core   0: 0x80005a98 (0x014906b3) add     a3, s2, s4
core   0: 3 0x80005a98 (0x014906b3) x13 0x2886c85d
core   0: 0x80005a9c (0x922f4893) xori    a7, t5, -1758
core   0: 3 0x80005a9c (0x922f4893) x17 0x251fc0a2
core   0: 0x80005aa0 (0xcfb94313) xori    t1, s2, -773
core   0: 3 0x80005aa0 (0xcfb94313) x 6 0xd7793254
core   0: 0x80005aa4 (0x010523b3) slt     t2, a0, a6
core   0: 3 0x80005aa4 (0x010523b3) x 7 0x00000000
core   0: 0x80005aa8 (0x01d16433) or      s0, sp, t4
core   0: 3 0x80005aa8 (0x01d16433) x 8 0x00000009
core   0: 0x80005aac (0x417cd9b3) sra     s3, s9, s7
core   0: 3 0x80005aac (0x417cd9b3) x19 0xfffffffc
core   0: 0x80005ab0 (0x48a92f13) slti    t5, s2, 1162
core   0: 3 0x80005ab0 (0x48a92f13) x30 0x00000000
core   0: 0x80005ab4 (0x00676433) or      s0, a4, t1
core   0: 3 0x80005ab4 (0x00676433) x 8 0xd7793254
core   0: 0x80005ab8 (0x3ece4913) xori    s2, t3, 1004
core   0: 3 0x80005ab8 (0x3ece4913) x18 0x80018f08
core   0: 0x80005abc (0x03c8ea33) rem     s4, a7, t3
core   0: 3 0x80005abc (0x03c8ea33) x20 0x251fc0a2
core   0: 0x80005ac0 (0xd959c393) xori    t2, s3, -619
core   0: 3 0x80005ac0 (0xd959c393) x 7 0x00000269
core   0: 0x80005ac4 (0xfb24e213) ori     tp, s1, -78
core   0: 3 0x80005ac4 (0xfb24e213) x 4 0xffffffb3
core   0: 0x80005ac8 (0x0208f5b3) remu    a1, a7, zero
core   0: 3 0x80005ac8 (0x0208f5b3) x11 0x251fc0a2
core   0: 0x80005acc (0xb298e793) ori     a5, a7, -1239
core   0: 3 0x80005acc (0xb298e793) x15 0xfffffbab
core   0: 0x80005ad0 (0x03416eb3) rem     t4, sp, s4
core   0: 3 0x80005ad0 (0x03416eb3) x29 0x00000008
core   0: 0x80005ad4 (0x01146a33) or      s4, s0, a7
core   0: 3 0x80005ad4 (0x01146a33) x20 0xf77ff2f6
core   0: 0x80005ad8 (0x00117533) and     a0, sp, ra
core   0: 3 0x80005ad8 (0x00117533) x10 0x00000008
core   0: 0x80005adc (0x00e53033) sltu    zero, a0, a4
core   0: 3 0x80005adc (0x00e53033)
core   0: 0x80005ae0 (0x00809313) slli    t1, ra, 8
core   0: 3 0x80005ae0 (0x00809313) x 6 0x00001c00
core   0: 0x80005ae4 (0xfd440f93) addi    t6, s0, -44
core   0: 3 0x80005ae4 (0xfd440f93) x31 0xd7793228
core   0: 0x80005ae8 (0xf29c2793) slti    a5, s8, -215
core   0: 3 0x80005ae8 (0xf29c2793) x15 0x00000000
core   0: 0x80005aec (0x0190ea33) or      s4, ra, s9
core   0: 3 0x80005aec (0x0190ea33) x20 0xfffffffd
core   0: 0x80005af0 (0x01f450b3) srl     ra, s0, t6
core   0: 3 0x80005af0 (0x01f450b3) x 1 0x00d77932
core   0: 0x80005af4 (0xd6692c13) slti    s8, s2, -666
core   0: 3 0x80005af4 (0xd6692c13) x24 0x00000001
core   0: 0x80005af8 (0x00ed8d33) add     s10, s11, a4
core   0: 3 0x80005af8 (0x00ed8d33) x26 0xffffffff
core   0: 0x80005afc (0xcdeec213) xori    tp, t4, -802
core   0: 3 0x80005afc (0xcdeec213) x 4 0xfffffcd6
core   0: 0x80005b00 (0x00095213) srli    tp, s2, 0
core   0: 3 0x80005b00 (0x00095213) x 4 0x80018f08
core   0: 0x80005b04 (0x0040a533) slt     a0, ra, tp
core   0: 3 0x80005b04 (0x0040a533) x10 0x00000000
core   0: 0x80005b08 (0x021ab3b3) mulhu   t2, s5, ra
core   0: 3 0x80005b08 (0x021ab3b3) x 7 0x0035de4c
core   0: 0x80005b0c (0xfa67ca93) xori    s5, a5, -90
core   0: 3 0x80005b0c (0xfa67ca93) x21 0xffffffa6
core   0: 0x80005b10 (0x01b46233) or      tp, s0, s11
core   0: 3 0x80005b10 (0x01b46233) x 4 0xffffffff
core   0: 0x80005b14 (0x40b25413) srai    s0, tp, 11
core   0: 3 0x80005b14 (0x40b25413) x 8 0xffffffff
core   0: 0x80005b18 (0xa6e1c313) xori    t1, gp, -1426
core   0: 3 0x80005b18 (0xa6e1c313) x 6 0x9cc903d2
core   0: 0x80005b1c (0x40f951b3) sra     gp, s2, a5
core   0: 3 0x80005b1c (0x40f951b3) x 3 0x80018f08
core   0: 0x80005b20 (0x00cfdd33) srl     s10, t6, a2
core   0: 3 0x80005b20 (0x00cfdd33) x26 0x00035de4
core   0: 0x80005b24 (0x017d8733) add     a4, s11, s7
core   0: 3 0x80005b24 (0x017d8733) x14 0x00000000
core   0: 0x80005b28 (0x00aca8b3) slt     a7, s9, a0
core   0: 3 0x80005b28 (0x00aca8b3) x17 0x00000001
core   0: 0x80005b2c (0x00e2f233) and     tp, t0, a4
core   0: 3 0x80005b2c (0x00e2f233) x 4 0x00000000
core   0: 0x80005b30 (0x00ee0cb3) add     s9, t3, a4
core   0: 3 0x80005b30 (0x00ee0cb3) x25 0x80018ce4
core   0: 0x80005b34 (0x02461033) mulh    zero, a2, tp
core   0: 3 0x80005b34 (0x02461033)
core   0: 0x80005b38 (0x01ce1093) slli    ra, t3, 28
core   0: 3 0x80005b38 (0x01ce1093) x 1 0x40000000
core   0: 0x80005b3c (0x6f128f93) addi    t6, t0, 1777
core   0: 3 0x80005b3c (0x6f128f93) x31 0x80015555
core   0: 0x80005b40 (0x01cc09b3) add     s3, s8, t3
core   0: 3 0x80005b40 (0x01cc09b3) x19 0x80018ce5
core   0: 0x80005b44 (0x00e0e9b3) or      s3, ra, a4
core   0: 3 0x80005b44 (0x00e0e9b3) x19 0x40000000
core   0: 0x80005b48 (0x2e47b193) sltiu   gp, a5, 740
core   0: 3 0x80005b48 (0x2e47b193) x 3 0x00000001
core   0: 0x80005b4c (0x9ec277b7) lui     a5, 0x9ec27
core   0: 3 0x80005b4c (0x9ec277b7) x15 0x9ec27000
core   0: 0x80005b50 (0x03c13eb3) mulhu   t4, sp, t3
core   0: 3 0x80005b50 (0x03c13eb3) x29 0x00000004
core   0: 0x80005b54 (0x5c5b8793) addi    a5, s7, 1477
core   0: 3 0x80005b54 (0x5c5b8793) x15 0x000005c6
core   0: 0x80005b58 (0x410f8fb3) sub     t6, t6, a6
core   0: 3 0x80005b58 (0x410f8fb3) x31 0xb6ec4e01
core   0: 0x80005b5c (0x01baf933) and     s2, s5, s11
core   0: 3 0x80005b5c (0x01baf933) x18 0xffffffa6
core   0: 0x80005b60 (0x03e1cb33) div     s6, gp, t5
core   0: 3 0x80005b60 (0x03e1cb33) x22 0xffffffff
core   0: 0x80005b64 (0x39aace93) xori    t4, s5, 922
core   0: 3 0x80005b64 (0x39aace93) x29 0xfffffc3c
core   0: 0x80005b68 (0x0330adb3) mulhsu  s11, ra, s3
core   0: 3 0x80005b68 (0x0330adb3) x27 0x10000000
core   0: 0x80005b6c (0x01f6e333) or      t1, a3, t6
core   0: 3 0x80005b6c (0x01f6e333) x 6 0xbeeece5d
core   0: 0x80005b70 (0x40cc0933) sub     s2, s8, a2
core   0: 3 0x80005b70 (0x40cc0933) x18 0x00000653
core   0: 0x80005b74 (0x031bbb33) mulhu   s6, s7, a7
core   0: 3 0x80005b74 (0x031bbb33) x22 0x00000000
core   0: 0x80005b78 (0x02d80833) mul     a6, a6, a3
core   0: 3 0x80005b78 (0x02d80833) x16 0x70554984
core   0: 0x80005b7c (0x02bef6b3) remu    a3, t4, a1
core   0: 3 0x80005b7c (0x02bef6b3) x13 0x21417870
core   0: 0x80005b80 (0x015d1833) sll     a6, s10, s5
core   0: 3 0x80005b80 (0x015d1833) x16 0x00d77900
core   0: 0x80005b84 (0x0016b333) sltu    t1, a3, ra
core   0: 3 0x80005b84 (0x0016b333) x 6 0x00000001
core   0: 0x80005b88 (0x01d51fb3) sll     t6, a0, t4
core   0: 3 0x80005b88 (0x01d51fb3) x31 0x00000000
core   0: 0x80005b8c (0x00000013) nop
core   0: 3 0x80005b8c (0x00000013)
core   0: 0x80005b90 (0x4002d733) sra     a4, t0, zero
core   0: 3 0x80005b90 (0x4002d733) x14 0x80014e64
core   0: 0x80005b94 (0x039e08b3) mul     a7, t3, s9
core   0: 3 0x80005b94 (0x039e08b3) x17 0x67522b10
core   0: 0x80005b98 (0x025b0eb3) mul     t4, s6, t0
core   0: 3 0x80005b98 (0x025b0eb3) x29 0x00000000
core   0: 0x80005b9c (0x00439ab3) sll     s5, t2, tp
core   0: 3 0x80005b9c (0x00439ab3) x21 0x0035de4c
core   0: 0x80005ba0 (0x02aa73b3) remu    t2, s4, a0
core   0: 3 0x80005ba0 (0x02aa73b3) x 7 0xfffffffd
core   0: 0x80005ba4 (0x0031af33) slt     t5, gp, gp
core   0: 3 0x80005ba4 (0x0031af33) x30 0x00000000
core   0: 0x80005ba8 (0x01b51913) slli    s2, a0, 27
core   0: 3 0x80005ba8 (0x01b51913) x18 0x00000000
core   0: 0x80005bac (0x011b5013) srli    zero, s6, 17
core   0: 3 0x80005bac (0x011b5013)
core   0: 0x80005bb0 (0xcb9ecf13) xori    t5, t4, -839
core   0: 3 0x80005bb0 (0xcb9ecf13) x30 0xfffffcb9
core   0: 0x80005bb4 (0x00bf8d33) add     s10, t6, a1
core   0: 3 0x80005bb4 (0x00bf8d33) x26 0x251fc0a2
core   0: 0x80005bb8 (0x03b145b3) div     a1, sp, s11
core   0: 3 0x80005bb8 (0x03b145b3) x11 0x00000000
core   0: 0x80005bbc (0x6d12c197) auipc   gp, 0x6d12c
core   0: 3 0x80005bbc (0x6d12c197) x 3 0xed131bbc
core   0: 0x80005bc0 (0x00000013) nop
core   0: 3 0x80005bc0 (0x00000013)
core   0: 0x80005bc4 (0x01259c33) sll     s8, a1, s2
core   0: 3 0x80005bc4 (0x01259c33) x24 0x00000000
core   0: 0x80005bc8 (0x0123d033) srl     zero, t2, s2
core   0: 3 0x80005bc8 (0x0123d033)
core   0: 0x80005bcc (0x00000013) nop
core   0: 3 0x80005bcc (0x00000013)
core   0: 0x80005bd0 (0xc563c313) xori    t1, t2, -938
core   0: 3 0x80005bd0 (0xc563c313) x 6 0x000003ab
core   0: 0x80005bd4 (0x03b44733) div     a4, s0, s11
core   0: 3 0x80005bd4 (0x03b44733) x14 0x00000000
core   0: 0x80005bd8 (0x00d278b3) and     a7, tp, a3
core   0: 3 0x80005bd8 (0x00d278b3) x17 0x00000000
core   0: 0x80005bdc (0x03185b33) divu    s6, a6, a7
core   0: 3 0x80005bdc (0x03185b33) x22 0xffffffff
core   0: 0x80005be0 (0x01d65593) srli    a1, a2, 29
core   0: 3 0x80005be0 (0x01d65593) x11 0x00000007
core   0: 0x80005be4 (0x00841eb3) sll     t4, s0, s0
core   0: 3 0x80005be4 (0x00841eb3) x29 0x80000000
core   0: 0x80005be8 (0x01fcafb3) slt     t6, s9, t6
core   0: 3 0x80005be8 (0x01fcafb3) x31 0x00000001
core   0: 0x80005bec (0xfae8a593) slti    a1, a7, -82
core   0: 3 0x80005bec (0xfae8a593) x11 0x00000000
core   0: 0x80005bf0 (0xb97b3313) sltiu   t1, s6, -1129
core   0: 3 0x80005bf0 (0xb97b3313) x 6 0x00000000
core   0: 0x80005bf4 (0x01425593) srli    a1, tp, 20
core   0: 3 0x80005bf4 (0x01425593) x11 0x00000000
core   0: 0x80005bf8 (0x03ee5a33) divu    s4, t3, t5
core   0: 3 0x80005bf8 (0x03ee5a33) x20 0x00000000
core   0: 0x80005bfc (0x03de38b3) mulhu   a7, t3, t4
core   0: 3 0x80005bfc (0x03de38b3) x17 0x4000c672
core   0: 0x80005c00 (0x00a85b13) srli    s6, a6, 10
core   0: 3 0x80005c00 (0x00a85b13) x22 0x000035de
core   0: 0x80005c04 (0x28b68717) auipc   a4, 0x28b68
core   0: 3 0x80005c04 (0x28b68717) x14 0xa8b6dc04
core   0: 0x80005c08 (0xa8644913) xori    s2, s0, -1402
core   0: 3 0x80005c08 (0xa8644913) x18 0x00000579
core   0: 0x80005c0c (0x01901813) slli    a6, zero, 25
core   0: 3 0x80005c0c (0x01901813) x16 0x00000000
core   0: 0x80005c10 (0x013756b3) srl     a3, a4, s3
core   0: 3 0x80005c10 (0x013756b3) x13 0xa8b6dc04
core   0: 0x80005c14 (0x027fab33) mulhsu  s6, t6, t2
core   0: 3 0x80005c14 (0x027fab33) x22 0x00000000
core   0: 0x80005c18 (0x4148d093) srai    ra, a7, 20
core   0: 3 0x80005c18 (0x4148d093) x 1 0x00000400
core   0: 0x80005c1c (0x88db5c97) auipc   s9, 0x88db5
core   0: 3 0x80005c1c (0x88db5c97) x25 0x08dbac1c
core   0: 0x80005c20 (0x018c8033) add     zero, s9, s8
core   0: 3 0x80005c20 (0x018c8033)
core   0: 0x80005c24 (0x4119d3b3) sra     t2, s3, a7
core   0: 3 0x80005c24 (0x4119d3b3) x 7 0x00001000
core   0: 0x80005c28 (0x00faf933) and     s2, s5, a5
core   0: 3 0x80005c28 (0x00faf933) x18 0x00000444
core   0: 0x80005c2c (0x6de82713) slti    a4, a6, 1758
core   0: 3 0x80005c2c (0x6de82713) x14 0x00000001
core   0: 0x80005c30 (0x02e13f33) mulhu   t5, sp, a4
core   0: 3 0x80005c30 (0x02e13f33) x30 0x00000000
core   0: 0x80005c34 (0xd29bed93) ori     s11, s7, -727
core   0: 3 0x80005c34 (0xd29bed93) x27 0xfffffd29
core   0: 0x80005c38 (0x03b495b3) mulh    a1, s1, s11
core   0: 3 0x80005c38 (0x03b495b3) x11 0xffffffff
core   0: 0x80005c3c (0x03787a33) remu    s4, a6, s7
core   0: 3 0x80005c3c (0x03787a33) x20 0x00000000
core   0: 0x80005c40 (0x00cffdb3) and     s11, t6, a2
core   0: 3 0x80005c40 (0x00cffdb3) x27 0x00000000
core   0: 0x80005c44 (0x6a4f7d93) andi    s11, t5, 1700
core   0: 3 0x80005c44 (0x6a4f7d93) x27 0x00000000
core   0: 0x80005c48 (0x00d4b1b3) sltu    gp, s1, a3
core   0: 3 0x80005c48 (0x00d4b1b3) x 3 0x00000001
core   0: 0x80005c4c (0x03461833) mulh    a6, a2, s4
core   0: 3 0x80005c4c (0x03461833) x16 0x00000000
core   0: 0x80005c50 (0x001740b3) xor     ra, a4, ra
core   0: 3 0x80005c50 (0x001740b3) x 1 0x00000401
core   0: 0x80005c54 (0x403c0533) sub     a0, s8, gp
core   0: 3 0x80005c54 (0x403c0533) x10 0xffffffff
core   0: 0x80005c58 (0x027ec033) div     zero, t4, t2
core   0: 3 0x80005c58 (0x027ec033)
core   0: 0x80005c5c (0x00f11713) slli    a4, sp, 15
core   0: 3 0x80005c5c (0x00f11713) x14 0x00040000
core   0: 0x80005c60 (0x035aa5b3) mulhsu  a1, s5, s5
core   0: 3 0x80005c60 (0x035aa5b3) x11 0x00000b55
core   0: 0x80005c64 (0x40088eb3) sub     t4, a7, zero
core   0: 3 0x80005c64 (0x40088eb3) x29 0x4000c672
core   0: 0x80005c68 (0x00f438b3) sltu    a7, s0, a5
core   0: 3 0x80005c68 (0x00f438b3) x17 0x00000000
core   0: 0x80005c6c (0x40c88a33) sub     s4, a7, a2
core   0: 3 0x80005c6c (0x40c88a33) x20 0x00000652
core   0: 0x80005c70 (0x03c591b3) mulh    gp, a1, t3
core   0: 3 0x80005c70 (0x03c591b3) x 3 0xfffffa55
core   0: 0x80005c74 (0x00cf4fb3) xor     t6, t5, a2
core   0: 3 0x80005c74 (0x00cf4fb3) x31 0xfffff9ae
core   0: 0x80005c78 (0x02953333) mulhu   t1, a0, s1
core   0: 3 0x80005c78 (0x02953333) x 6 0x00000000
core   0: 0x80005c7c (0xc62246b7) lui     a3, 0xc6224
core   0: 3 0x80005c7c (0xc62246b7) x13 0xc6224000
core   0: 0x80005c80 (0xc2d7ca93) xori    s5, a5, -979
core   0: 3 0x80005c80 (0xc2d7ca93) x21 0xfffff9eb
core   0: 0x80005c84 (0x0142a333) slt     t1, t0, s4
core   0: 3 0x80005c84 (0x0142a333) x 6 0x00000001
core   0: 0x80005c88 (0x025aa0b3) mulhsu  ra, s5, t0
core   0: 3 0x80005c88 (0x025aa0b3) x 1 0xfffffcf5
core   0: 0x80005c8c (0x00b96333) or      t1, s2, a1
core   0: 3 0x80005c8c (0x00b96333) x 6 0x00000f55
core   0: 0x80005c90 (0x0afb7c13) andi    s8, s6, 175
core   0: 3 0x80005c90 (0x0afb7c13) x24 0x00000000
core   0: 0x80005c94 (0x00048033) add     zero, s1, zero
core   0: 3 0x80005c94 (0x00048033)
core   0: 0x80005c98 (0x00c38b33) add     s6, t2, a2
core   0: 3 0x80005c98 (0x00c38b33) x22 0x000009ae
core   0: 0x80005c9c (0xb59c3313) sltiu   t1, s8, -1191
core   0: 3 0x80005c9c (0xb59c3313) x 6 0x00000001
core   0: 0x80005ca0 (0x41335d37) lui     s10, 0x41335
core   0: 3 0x80005ca0 (0x41335d37) x26 0x41335000
core   0: 0x80005ca4 (0x01585233) srl     tp, a6, s5
core   0: 3 0x80005ca4 (0x01585233) x 4 0x00000000
core   0: 0x80005ca8 (0x02e33233) mulhu   tp, t1, a4
core   0: 3 0x80005ca8 (0x02e33233) x 4 0x00000000
core   0: 0x80005cac (0x0065b0b3) sltu    ra, a1, t1
core   0: 3 0x80005cac (0x0065b0b3) x 1 0x00000000
core   0: 0x80005cb0 (0x2be47693) andi    a3, s0, 702
core   0: 3 0x80005cb0 (0x2be47693) x13 0x000002be
core   0: 0x80005cb4 (0xbd083c93) sltiu   s9, a6, -1072
core   0: 3 0x80005cb4 (0xbd083c93) x25 0x00000001
core   0: 0x80005cb8 (0x40608eb3) sub     t4, ra, t1
core   0: 3 0x80005cb8 (0x40608eb3) x29 0xffffffff
core   0: 0x80005cbc (0x00000013) nop
core   0: 3 0x80005cbc (0x00000013)
core   0: 0x80005cc0 (0x00000013) nop
core   0: 3 0x80005cc0 (0x00000013)
core   0: 0x80005cc4 (0x027ecbb3) div     s7, t4, t2
core   0: 3 0x80005cc4 (0x027ecbb3) x23 0x00000000
core   0: 0x80005cc8 (0x0142aa33) slt     s4, t0, s4
core   0: 3 0x80005cc8 (0x0142aa33) x20 0x00000001
core   0: 0x80005ccc (0x008718b3) sll     a7, a4, s0
core   0: 3 0x80005ccc (0x008718b3) x17 0x00000000
core   0: 0x80005cd0 (0x01f9d5b3) srl     a1, s3, t6
core   0: 3 0x80005cd0 (0x01f9d5b3) x11 0x00010000
core   0: 0x80005cd4 (0x4eb93993) sltiu   s3, s2, 1259
core   0: 3 0x80005cd4 (0x4eb93993) x19 0x00000001
core   0: 0x80005cd8 (0x037caab3) mulhsu  s5, s9, s7
core   0: 3 0x80005cd8 (0x037caab3) x21 0x00000000
core   0: 0x80005cdc (0x024880b3) mul     ra, a7, tp
core   0: 3 0x80005cdc (0x024880b3) x 1 0x00000000
core   0: 0x80005ce0 (0x03b22933) mulhsu  s2, tp, s11
core   0: 3 0x80005ce0 (0x03b22933) x18 0x00000000
core   0: 0x80005ce4 (0x01461233) sll     tp, a2, s4
core   0: 3 0x80005ce4 (0x01461233) x 4 0xfffff35c
core   0: 0x80005ce8 (0x417d5b33) sra     s6, s10, s7
core   0: 3 0x80005ce8 (0x417d5b33) x22 0x41335000
core   0: 0x80005cec (0x2f940e93) addi    t4, s0, 761
core   0: 3 0x80005cec (0x2f940e93) x29 0x000002f8
core   0: 0x80005cf0 (0x2ad97593) andi    a1, s2, 685
core   0: 3 0x80005cf0 (0x2ad97593) x11 0x00000000
core   0: 0x80005cf4 (0x40c88eb3) sub     t4, a7, a2
core   0: 3 0x80005cf4 (0x40c88eb3) x29 0x00000652
core   0: 0x80005cf8 (0x036ac033) div     zero, s5, s6
core   0: 3 0x80005cf8 (0x036ac033)
core   0: 0x80005cfc (0xe62bbd17) auipc   s10, 0xe62bb
core   0: 3 0x80005cfc (0xe62bbd17) x26 0x662c0cfc
core   0: 0x80005d00 (0x49656993) ori     s3, a0, 1174
core   0: 3 0x80005d00 (0x49656993) x19 0xffffffff
core   0: 0x80005d04 (0x03c2cab3) div     s5, t0, t3
core   0: 3 0x80005d04 (0x03c2cab3) x21 0x00000001
core   0: 0x80005d08 (0x0178bc33) sltu    s8, a7, s7
core   0: 3 0x80005d08 (0x0178bc33) x24 0x00000000
core   0: 0x80005d0c (0x01b4bc33) sltu    s8, s1, s11
core   0: 3 0x80005d0c (0x01b4bc33) x24 0x00000000
core   0: 0x80005d10 (0x012c10b3) sll     ra, s8, s2
core   0: 3 0x80005d10 (0x012c10b3) x 1 0x00000000
core   0: 0x80005d14 (0x5700e193) ori     gp, ra, 1392
core   0: 3 0x80005d14 (0x5700e193) x 3 0x00000570
core   0: 0x80005d18 (0x0007f5b3) and     a1, a5, zero
core   0: 3 0x80005d18 (0x0007f5b3) x11 0x00000000
core   0: 0x80005d1c (0x41280ab3) sub     s5, a6, s2
core   0: 3 0x80005d1c (0x41280ab3) x21 0x00000000
core   0: 0x80005d20 (0x005f3f33) sltu    t5, t5, t0
core   0: 3 0x80005d20 (0x005f3f33) x30 0x00000001
core   0: 0x80005d24 (0x418fd0b3) sra     ra, t6, s8
core   0: 3 0x80005d24 (0x418fd0b3) x 1 0xfffff9ae
core   0: 0x80005d28 (0x40845833) sra     a6, s0, s0
core   0: 3 0x80005d28 (0x40845833) x16 0xffffffff
core   0: 0x80005d2c (0x006fdd13) srli    s10, t6, 6
core   0: 3 0x80005d2c (0x006fdd13) x26 0x03ffffe6
core   0: 0x80005d30 (0x02b95633) divu    a2, s2, a1
core   0: 3 0x80005d30 (0x02b95633) x12 0xffffffff
core   0: 0x80005d34 (0x02d2e433) rem     s0, t0, a3
core   0: 3 0x80005d34 (0x02d2e433) x 8 0xfffffe6e
core   0: 0x80005d38 (0x4199deb3) sra     t4, s3, s9
core   0: 3 0x80005d38 (0x4199deb3) x29 0xffffffff
core   0: 0x80005d3c (0x0357cab3) div     s5, a5, s5
core   0: 3 0x80005d3c (0x0357cab3) x21 0xffffffff
core   0: 0x80005d40 (0x02af65b3) rem     a1, t5, a0
core   0: 3 0x80005d40 (0x02af65b3) x11 0x00000000
core   0: 0x80005d44 (0xf7a2ab93) slti    s7, t0, -134
core   0: 3 0x80005d44 (0xf7a2ab93) x23 0x00000001
core   0: 0x80005d48 (0x012371b3) and     gp, t1, s2
core   0: 3 0x80005d48 (0x012371b3) x 3 0x00000000
core   0: 0x80005d4c (0x00f05313) srli    t1, zero, 15
core   0: 3 0x80005d4c (0x00f05313) x 6 0x00000000
core   0: 0x80005d50 (0x034ac0b3) div     ra, s5, s4
core   0: 3 0x80005d50 (0x034ac0b3) x 1 0xffffffff
core   0: 0x80005d54 (0x3d3d3913) sltiu   s2, s10, 979
core   0: 3 0x80005d54 (0x3d3d3913) x18 0x00000000
core   0: 0x80005d58 (0x17051fb7) lui     t6, 0x17051
core   0: 3 0x80005d58 (0x17051fb7) x31 0x17051000
core   0: 0x80005d5c (0xb2e1e313) ori     t1, gp, -1234
core   0: 3 0x80005d5c (0xb2e1e313) x 6 0xfffffb2e
core   0: 0x80005d60 (0x605a0613) addi    a2, s4, 1541
core   0: 3 0x80005d60 (0x605a0613) x12 0x00000606
core   0: 0x80005d64 (0x0021e9b3) or      s3, gp, sp
core   0: 3 0x80005d64 (0x0021e9b3) x19 0x00000008
core   0: 0x80005d68 (0x9ac62593) slti    a1, a2, -1620
core   0: 3 0x80005d68 (0x9ac62593) x11 0x00000000
core   0: 0x80005d6c (0x031675b3) remu    a1, a2, a7
core   0: 3 0x80005d6c (0x031675b3) x11 0x00000606
core   0: 0x80005d70 (0x0df0e893) ori     a7, ra, 223
core   0: 3 0x80005d70 (0x0df0e893) x17 0xffffffff
core   0: 0x80005d74 (0xb8f85d37) lui     s10, 0xb8f85
core   0: 3 0x80005d74 (0xb8f85d37) x26 0xb8f85000
core   0: 0x80005d78 (0x012e81b3) add     gp, t4, s2
core   0: 3 0x80005d78 (0x012e81b3) x 3 0xffffffff
core   0: 0x80005d7c (0x0093d613) srli    a2, t2, 9
core   0: 3 0x80005d7c (0x0093d613) x12 0x00000008
core   0: 0x80005d80 (0x012cd933) srl     s2, s9, s2
core   0: 3 0x80005d80 (0x012cd933) x18 0x00000001
core   0: 0x80005d84 (0x016a0233) add     tp, s4, s6
core   0: 3 0x80005d84 (0x016a0233) x 4 0x41335001
core   0: 0x80005d88 (0x40495833) sra     a6, s2, tp
core   0: 3 0x80005d88 (0x40495833) x16 0x00000000
core   0: 0x80005d8c (0x40fe8033) sub     zero, t4, a5
core   0: 3 0x80005d8c (0x40fe8033)
core   0: 0x80005d90 (0x015e1793) slli    a5, t3, 21
core   0: 3 0x80005d90 (0x015e1793) x15 0x9c800000
core   0: 0x80005d94 (0x0827fa13) andi    s4, a5, 130
core   0: 3 0x80005d94 (0x0827fa13) x20 0x00000000
core   0: 0x80005d98 (0x01591ab3) sll     s5, s2, s5
core   0: 3 0x80005d98 (0x01591ab3) x21 0x80000000
core   0: 0x80005d9c (0x484bff93) andi    t6, s7, 1156
core   0: 3 0x80005d9c (0x484bff93) x31 0x00000000
core   0: 0x80005da0 (0x0206f1b3) remu    gp, a3, zero
core   0: 3 0x80005da0 (0x0206f1b3) x 3 0x000002be
core   0: 0x80005da4 (0x0098ed33) or      s10, a7, s1
core   0: 3 0x80005da4 (0x0098ed33) x26 0xffffffff
core   0: 0x80005da8 (0x0006f7b3) and     a5, a3, zero
core   0: 3 0x80005da8 (0x0006f7b3) x15 0x00000000
core   0: 0x80005dac (0x40ad8333) sub     t1, s11, a0
core   0: 3 0x80005dac (0x40ad8333) x 6 0x00000001
core   0: 0x80005db0 (0x01c05d33) srl     s10, zero, t3
core   0: 3 0x80005db0 (0x01c05d33) x26 0x00000000
core   0: 0x80005db4 (0xc15c2f37) lui     t5, 0xc15c2
core   0: 3 0x80005db4 (0xc15c2f37) x30 0xc15c2000
core   0: 0x80005db8 (0x015414b3) sll     s1, s0, s5
core   0: 3 0x80005db8 (0x015414b3) x 9 0xfffffe6e
core   0: 0x80005dbc (0x41e9deb3) sra     t4, s3, t5
core   0: 3 0x80005dbc (0x41e9deb3) x29 0x00000008
core   0: 0x80005dc0 (0xab60ff13) andi    t5, ra, -1354
core   0: 3 0x80005dc0 (0xab60ff13) x30 0xfffffab6
core   0: 0x80005dc4 (0x0367bdb3) mulhu   s11, a5, s6
core   0: 3 0x80005dc4 (0x0367bdb3) x27 0x00000000
core   0: 0x80005dc8 (0x02256333) rem     t1, a0, sp
core   0: 3 0x80005dc8 (0x02256333) x 6 0xffffffff
core   0: 0x80005dcc (0x40df8fb3) sub     t6, t6, a3
core   0: 3 0x80005dcc (0x40df8fb3) x31 0xfffffd42
core   0: 0x80005dd0 (0x17ee3593) sltiu   a1, t3, 382
core   0: 3 0x80005dd0 (0x17ee3593) x11 0x00000000
core   0: 0x80005dd4 (0x2040ef17) auipc   t5, 0x2040e
core   0: 3 0x80005dd4 (0x2040ef17) x30 0xa0413dd4
core   0: 0x80005dd8 (0x032b5333) divu    t1, s6, s2
core   0: 3 0x80005dd8 (0x032b5333) x 6 0x41335000
core   0: 0x80005ddc (0x0283c533) div     a0, t2, s0
core   0: 3 0x80005ddc (0x0283c533) x10 0xfffffff6
core   0: 0x80005de0 (0x01829933) sll     s2, t0, s8
core   0: 3 0x80005de0 (0x01829933) x18 0x80014e64
core   0: 0x80005de4 (0x58b6fd93) andi    s11, a3, 1419
core   0: 3 0x80005de4 (0x58b6fd93) x27 0x0000008a
core   0: 0x80005de8 (0x0106d333) srl     t1, a3, a6
core   0: 3 0x80005de8 (0x0106d333) x 6 0x000002be
core   0: 0x80005dec (0x003151b3) srl     gp, sp, gp
core   0: 3 0x80005dec (0x003151b3) x 3 0x00000000
core   0: 0x80005df0 (0x032721b3) mulhsu  gp, a4, s2
core   0: 3 0x80005df0 (0x032721b3) x 3 0x00020005
core   0: 0x80005df4 (0x01b2d793) srli    a5, t0, 27
core   0: 3 0x80005df4 (0x01b2d793) x15 0x00000010
core   0: 0x80005df8 (0x0010dc33) srl     s8, ra, ra
core   0: 3 0x80005df8 (0x0010dc33) x24 0x00000001
core   0: 0x80005dfc (0xcea30097) auipc   ra, 0xcea30
core   0: 3 0x80005dfc (0xcea30097) x 1 0x4ea35dfc
core   0: 0x80005e00 (0x002c5f13) srli    t5, s8, 2
core   0: 3 0x80005e00 (0x002c5f13) x30 0x00000000
core   0: 0x80005e04 (0x5683af13) slti    t5, t2, 1384
core   0: 3 0x80005e04 (0x5683af13) x30 0x00000000
core   0: 0x80005e08 (0x000e9fb3) sll     t6, t4, zero
core   0: 3 0x80005e08 (0x000e9fb3) x31 0x00000008
core   0: 0x80005e0c (0xc6ff3993) sltiu   s3, t5, -913
core   0: 3 0x80005e0c (0xc6ff3993) x19 0x00000001
core   0: 0x80005e10 (0x4123d913) srai    s2, t2, 18
core   0: 3 0x80005e10 (0x4123d913) x18 0x00000000
core   0: 0x80005e14 (0x03e5e8b3) rem     a7, a1, t5
core   0: 3 0x80005e14 (0x03e5e8b3) x17 0x00000000
core   0: 0x80005e18 (0xe6d68913) addi    s2, a3, -403
core   0: 3 0x80005e18 (0xe6d68913) x18 0x0000012b
core   0: 0x80005e1c (0x000424b3) slt     s1, s0, zero
core   0: 3 0x80005e1c (0x000424b3) x 9 0x00000001
core   0: 0x80005e20 (0x03217a33) remu    s4, sp, s2
core   0: 3 0x80005e20 (0x03217a33) x20 0x00000008
core   0: 0x80005e24 (0x01e6e333) or      t1, a3, t5
core   0: 3 0x80005e24 (0x01e6e333) x 6 0x000002be
core   0: 0x80005e28 (0x03765c33) divu    s8, a2, s7
core   0: 3 0x80005e28 (0x03765c33) x24 0x00000008
core   0: 0x80005e2c (0x00b9f033) and     zero, s3, a1
core   0: 3 0x80005e2c (0x00b9f033)
core   0: 0x80005e30 (0x003995b3) sll     a1, s3, gp
core   0: 3 0x80005e30 (0x003995b3) x11 0x00000020
core   0: 0x80005e34 (0x00df5fb3) srl     t6, t5, a3
core   0: 3 0x80005e34 (0x00df5fb3) x31 0x00000000
core   0: 0x80005e38 (0x00000013) nop
core   0: 3 0x80005e38 (0x00000013)
core   0: 0x80005e3c (0x40448733) sub     a4, s1, tp
core   0: 3 0x80005e3c (0x40448733) x14 0xbeccb000
core   0: 0x80005e40 (0x0111aa33) slt     s4, gp, a7
core   0: 3 0x80005e40 (0x0111aa33) x20 0x00000000
core   0: 0x80005e44 (0x82c4e613) ori     a2, s1, -2004
core   0: 3 0x80005e44 (0x82c4e613) x12 0xfffff82d
core   0: 0x80005e48 (0x016b5913) srli    s2, s6, 22
core   0: 3 0x80005e48 (0x016b5913) x18 0x00000104
core   0: 0x80005e4c (0x013dab33) slt     s6, s11, s3
core   0: 3 0x80005e4c (0x013dab33) x22 0x00000000
core   0: 0x80005e50 (0x00e45233) srl     tp, s0, a4
core   0: 3 0x80005e50 (0x00e45233) x 4 0xfffffe6e
core   0: 0x80005e54 (0x0d106013) ori     zero, zero, 209
core   0: 3 0x80005e54 (0x0d106013)
core   0: 0x80005e58 (0x40bb0fb3) sub     t6, s6, a1
core   0: 3 0x80005e58 (0x40bb0fb3) x31 0xffffffe0
core   0: 0x80005e5c (0x014c9213) slli    tp, s9, 20
core   0: 3 0x80005e5c (0x014c9213) x 4 0x00100000
core   0: 0x80005e60 (0xff0ebd93) sltiu   s11, t4, -16
core   0: 3 0x80005e60 (0xff0ebd93) x27 0x00000001
core   0: 0x80005e64 (0x00bf77b3) and     a5, t5, a1
core   0: 3 0x80005e64 (0x00bf77b3) x15 0x00000000
core   0: 0x80005e68 (0x00000013) nop
core   0: 3 0x80005e68 (0x00000013)
core   0: 0x80005e6c (0x0234d8b3) divu    a7, s1, gp
core   0: 3 0x80005e6c (0x0234d8b3) x17 0x00000000
core   0: 0x80005e70 (0x46592193) slti    gp, s2, 1125
core   0: 3 0x80005e70 (0x46592193) x 3 0x00000001
core   0: 0x80005e74 (0x01de67b3) or      a5, t3, t4
core   0: 3 0x80005e74 (0x01de67b3) x15 0x80018cec
core   0: 0x80005e78 (0x02d67c33) remu    s8, a2, a3
core   0: 3 0x80005e78 (0x02d67c33) x24 0x0000007d
core   0: 0x80005e7c (0x03a68233) mul     tp, a3, s10
core   0: 3 0x80005e7c (0x03a68233) x 4 0x00000000
core   0: 0x80005e80 (0x006ca033) slt     zero, s9, t1
core   0: 3 0x80005e80 (0x006ca033)
core   0: 0x80005e84 (0x01b8bab3) sltu    s5, a7, s11
core   0: 3 0x80005e84 (0x01b8bab3) x21 0x00000001
core   0: 0x80005e88 (0x001726b3) slt     a3, a4, ra
core   0: 3 0x80005e88 (0x001726b3) x13 0x00000001
core   0: 0x80005e8c (0x1ad39637) lui     a2, 0x1ad39
core   0: 3 0x80005e8c (0x1ad39637) x12 0x1ad39000
core   0: 0x80005e90 (0x00000013) nop
core   0: 3 0x80005e90 (0x00000013)
core   0: 0x80005e94 (0x0377b033) mulhu   zero, a5, s7
core   0: 3 0x80005e94 (0x0377b033)
core   0: 0x80005e98 (0x02fd5bb3) divu    s7, s10, a5
core   0: 3 0x80005e98 (0x02fd5bb3) x23 0x00000000
core   0: 0x80005e9c (0x41e95233) sra     tp, s2, t5
core   0: 3 0x80005e9c (0x41e95233) x 4 0x00000104
core   0: 0x80005ea0 (0x003ed513) srli    a0, t4, 3
core   0: 3 0x80005ea0 (0x003ed513) x10 0x00000001
core   0: 0x80005ea4 (0x03301db3) mulh    s11, zero, s3
core   0: 3 0x80005ea4 (0x03301db3) x27 0x00000000
core   0: 0x80005ea8 (0x013a41b3) xor     gp, s4, s3
core   0: 3 0x80005ea8 (0x013a41b3) x 3 0x00000001
core   0: 0x80005eac (0xcfec2013) slti    zero, s8, -770
core   0: 3 0x80005eac (0xcfec2013)
core   0: 0x80005eb0 (0x8d984b13) xori    s6, a6, -1831
core   0: 3 0x80005eb0 (0x8d984b13) x22 0xfffff8d9
core   0: 0x80005eb4 (0x03ee08b3) mul     a7, t3, t5
core   0: 3 0x80005eb4 (0x03ee08b3) x17 0x00000000
core   0: 0x80005eb8 (0x02327a33) remu    s4, tp, gp
core   0: 3 0x80005eb8 (0x02327a33) x20 0x00000000
core   0: 0x80005ebc (0x03c98833) mul     a6, s3, t3
core   0: 3 0x80005ebc (0x03c98833) x16 0x80018ce4
core   0: 0x80005ec0 (0x00d15f33) srl     t5, sp, a3
core   0: 3 0x80005ec0 (0x00d15f33) x30 0x00000004
core   0: 0x80005ec4 (0x028fafb3) mulhsu  t6, t6, s0
core   0: 3 0x80005ec4 (0x028fafb3) x31 0xffffffe0
core   0: 0x80005ec8 (0x005a2933) slt     s2, s4, t0
core   0: 3 0x80005ec8 (0x005a2933) x18 0x00000000
core   0: 0x80005ecc (0x039047b3) div     a5, zero, s9
core   0: 3 0x80005ecc (0x039047b3) x15 0x00000000
core   0: 0x80005ed0 (0x40d083b3) sub     t2, ra, a3
core   0: 3 0x80005ed0 (0x40d083b3) x 7 0x4ea35dfb
core   0: 0x80005ed4 (0x02621cb3) mulh    s9, tp, t1
core   0: 3 0x80005ed4 (0x02621cb3) x25 0x00000000
core   0: 0x80005ed8 (0x027354b3) divu    s1, t1, t2
core   0: 3 0x80005ed8 (0x027354b3) x 9 0x00000000
core   0: 0x80005edc (0x00549513) slli    a0, s1, 5
core   0: 3 0x80005edc (0x00549513) x10 0x00000000
core   0: 0x80005ee0 (0x00943533) sltu    a0, s0, s1
core   0: 3 0x80005ee0 (0x00943533) x10 0x00000000
core   0: 0x80005ee4 (0x00e6e3b3) or      t2, a3, a4
core   0: 3 0x80005ee4 (0x00e6e3b3) x 7 0xbeccb001
core   0: 0x80005ee8 (0x03610c33) mul     s8, sp, s6
core   0: 3 0x80005ee8 (0x03610c33) x24 0xffffc6c8
core   0: 0x80005eec (0x029001b3) mul     gp, zero, s1
core   0: 3 0x80005eec (0x029001b3) x 3 0x00000000
core   0: 0x80005ef0 (0xfaa56c93) ori     s9, a0, -86
core   0: 3 0x80005ef0 (0xfaa56c93) x25 0xffffffaa
core   0: 0x80005ef4 (0x00799513) slli    a0, s3, 7
core   0: 3 0x80005ef4 (0x00799513) x10 0x00000080
core   0: 0x80005ef8 (0x41d8d3b3) sra     t2, a7, t4
core   0: 3 0x80005ef8 (0x41d8d3b3) x 7 0x00000000
core   0: 0x80005efc (0x407d04b3) sub     s1, s10, t2
core   0: 3 0x80005efc (0x407d04b3) x 9 0x00000000
core   0: 0x80005f00 (0x00000013) nop
core   0: 3 0x80005f00 (0x00000013)
core   0: 0x80005f04 (0x016227b3) slt     a5, tp, s6
core   0: 3 0x80005f04 (0x016227b3) x15 0x00000000
core   0: 0x80005f08 (0x0347b1b3) mulhu   gp, a5, s4
core   0: 3 0x80005f08 (0x0347b1b3) x 3 0x00000000
core   0: 0x80005f0c (0x41b6dc33) sra     s8, a3, s11
core   0: 3 0x80005f0c (0x41b6dc33) x24 0x00000001
core   0: 0x80005f10 (0x002ea1b3) slt     gp, t4, sp
core   0: 3 0x80005f10 (0x002ea1b3) x 3 0x00000000
core   0: 0x80005f14 (0x00232013) slti    zero, t1, 2
core   0: 3 0x80005f14 (0x00232013)
core   0: 0x80005f18 (0x02239933) mulh    s2, t2, sp
core   0: 3 0x80005f18 (0x02239933) x18 0x00000000
core   0: 0x80005f1c (0x407a5bb3) sra     s7, s4, t2
core   0: 3 0x80005f1c (0x407a5bb3) x23 0x00000000
core   0: 0x80005f20 (0x037310b3) mulh    ra, t1, s7
core   0: 3 0x80005f20 (0x037310b3) x 1 0x00000000
core   0: 0x80005f24 (0x01a35393) srli    t2, t1, 26
core   0: 3 0x80005f24 (0x01a35393) x 7 0x00000000
core   0: 0x80005f28 (0x019f7db3) and     s11, t5, s9
core   0: 3 0x80005f28 (0x019f7db3) x27 0x00000000
core   0: 0x80005f2c (0x02bfffb3) remu    t6, t6, a1
core   0: 3 0x80005f2c (0x02bfffb3) x31 0x00000000
core   0: 0x80005f30 (0x0383a833) mulhsu  a6, t2, s8
core   0: 3 0x80005f30 (0x0383a833) x16 0x00000000
core   0: 0x80005f34 (0x62323193) sltiu   gp, tp, 1571
core   0: 3 0x80005f34 (0x62323193) x 3 0x00000001
core   0: 0x80005f38 (0x003596b3) sll     a3, a1, gp
core   0: 3 0x80005f38 (0x003596b3) x13 0x00000040
core   0: 0x80005f3c (0x59f8e893) ori     a7, a7, 1439
core   0: 3 0x80005f3c (0x59f8e893) x17 0x0000059f
core   0: 0x80005f40 (0x00ea98b3) sll     a7, s5, a4
core   0: 3 0x80005f40 (0x00ea98b3) x17 0x00000001
core   0: 0x80005f44 (0x5bce3b93) sltiu   s7, t3, 1468
core   0: 3 0x80005f44 (0x5bce3b93) x23 0x00000000
core   0: 0x80005f48 (0x02b603b3) mul     t2, a2, a1
core   0: 3 0x80005f48 (0x02b603b3) x 7 0x5a720000
core   0: 0x80005f4c (0x02c84633) div     a2, a6, a2
core   0: 3 0x80005f4c (0x02c84633) x12 0x00000000
core   0: 0x80005f50 (0x01dc93b3) sll     t2, s9, t4
core   0: 3 0x80005f50 (0x01dc93b3) x 7 0xffffaa00
core   0: 0x80005f54 (0x00ceb333) sltu    t1, t4, a2
core   0: 3 0x80005f54 (0x00ceb333) x 6 0x00000000
core   0: 0x80005f58 (0x03f22533) mulhsu  a0, tp, t6
core   0: 3 0x80005f58 (0x03f22533) x10 0x00000000
core   0: 0x80005f5c (0x0323f5b3) remu    a1, t2, s2
core   0: 3 0x80005f5c (0x0323f5b3) x11 0xffffaa00
core   0: 0x80005f60 (0x07b78f93) addi    t6, a5, 123
core   0: 3 0x80005f60 (0x07b78f93) x31 0x0000007b
core   0: 0x80005f64 (0x1d6a93b7) lui     t2, 0x1d6a9
core   0: 3 0x80005f64 (0x1d6a93b7) x 7 0x1d6a9000
core   0: 0x80005f68 (0x025b38b3) mulhu   a7, s6, t0
core   0: 3 0x80005f68 (0x025b38b3) x17 0x80014ad0
core   0: 0x80005f6c (0x012885b3) add     a1, a7, s2
core   0: 3 0x80005f6c (0x012885b3) x11 0x80014ad0
core   0: 0x80005f70 (0x020618b3) mulh    a7, a2, zero
core   0: 3 0x80005f70 (0x020618b3) x17 0x00000000
core   0: 0x80005f74 (0x00948f33) add     t5, s1, s1
core   0: 3 0x80005f74 (0x00948f33) x30 0x00000000
core   0: 0x80005f78 (0x5a27bb13) sltiu   s6, a5, 1442
core   0: 3 0x80005f78 (0x5a27bb13) x22 0x00000001
core   0: 0x80005f7c (0x404fd693) srai    a3, t6, 4
core   0: 3 0x80005f7c (0x404fd693) x13 0x00000007
core   0: 0x80005f80 (0x03bf1d33) mulh    s10, t5, s11
core   0: 3 0x80005f80 (0x03bf1d33) x26 0x00000000
core   0: 0x80005f84 (0xb1df4f93) xori    t6, t5, -1251
core   0: 3 0x80005f84 (0xb1df4f93) x31 0xfffffb1d
core   0: 0x80005f88 (0x4099d313) srai    t1, s3, 9
core   0: 3 0x80005f88 (0x4099d313) x 6 0x00000000
core   0: 0x80005f8c (0x01f56233) or      tp, a0, t6
core   0: 3 0x80005f8c (0x01f56233) x 4 0xfffffb1d
core   0: 0x80005f90 (0x232f3713) sltiu   a4, t5, 562
core   0: 3 0x80005f90 (0x232f3713) x14 0x00000001
core   0: 0x80005f94 (0x0042edb3) or      s11, t0, tp
core   0: 3 0x80005f94 (0x0042edb3) x27 0xffffff7d
core   0: 0x80005f98 (0x40e78633) sub     a2, a5, a4
core   0: 3 0x80005f98 (0x40e78633) x12 0xffffffff
core   0: 0x80005f9c (0xea7d86b7) lui     a3, 0xea7d8
core   0: 3 0x80005f9c (0xea7d86b7) x13 0xea7d8000
core   0: 0x80005fa0 (0x032568b3) rem     a7, a0, s2
core   0: 3 0x80005fa0 (0x032568b3) x17 0x00000000
core   0: 0x80005fa4 (0x9380a913) slti    s2, ra, -1736
core   0: 3 0x80005fa4 (0x9380a913) x18 0x00000000
core   0: 0x80005fa8 (0x016fc0b3) xor     ra, t6, s6
core   0: 3 0x80005fa8 (0x016fc0b3) x 1 0xfffffb1c
core   0: 0x80005fac (0x006530b3) sltu    ra, a0, t1
core   0: 3 0x80005fac (0x006530b3) x 1 0x00000000
core   0: 0x80005fb0 (0x010f25b3) slt     a1, t5, a6
core   0: 3 0x80005fb0 (0x010f25b3) x11 0x00000000
core   0: 0x80005fb4 (0x027bd333) divu    t1, s7, t2
core   0: 3 0x80005fb4 (0x027bd333) x 6 0x00000000
core   0: 0x80005fb8 (0x01961813) slli    a6, a2, 25
core   0: 3 0x80005fb8 (0x01961813) x16 0xfe000000
core   0: 0x80005fbc (0x007e9c13) slli    s8, t4, 7
core   0: 3 0x80005fbc (0x007e9c13) x24 0x00000400
core   0: 0x80005fc0 (0xa9df8393) addi    t2, t6, -1379
core   0: 3 0x80005fc0 (0xa9df8393) x 7 0xfffff5ba
core   0: 0x80005fc4 (0x027eff33) remu    t5, t4, t2
core   0: 3 0x80005fc4 (0x027eff33) x30 0x00000008
core   0: 0x80005fc8 (0x00d87533) and     a0, a6, a3
core   0: 3 0x80005fc8 (0x00d87533) x10 0xea000000
core   0: 0x80005fcc (0x033e2433) mulhsu  s0, t3, s3
core   0: 3 0x80005fcc (0x033e2433) x 8 0xffffffff
core   0: 0x80005fd0 (0x0015bab3) sltu    s5, a1, ra
core   0: 3 0x80005fd0 (0x0015bab3) x21 0x00000000
core   0: 0x80005fd4 (0x002f7633) and     a2, t5, sp
core   0: 3 0x80005fd4 (0x002f7633) x12 0x00000008
core   0: 0x80005fd8 (0x6e8d0913) addi    s2, s10, 1768
core   0: 3 0x80005fd8 (0x6e8d0913) x18 0x000006e8
core   0: 0x80005fdc (0x00000013) nop
core   0: 3 0x80005fdc (0x00000013)
core   0: 0x80005fe0 (0x364f0093) addi    ra, t5, 868
core   0: 3 0x80005fe0 (0x364f0093) x 1 0x0000036c
core   0: 0x80005fe4 (0x02ba1c33) mulh    s8, s4, a1
core   0: 3 0x80005fe4 (0x02ba1c33) x24 0x00000000
core   0: 0x80005fe8 (0x006b91b3) sll     gp, s7, t1
core   0: 3 0x80005fe8 (0x006b91b3) x 3 0x00000000
core   0: 0x80005fec (0x030c04b3) mul     s1, s8, a6
core   0: 3 0x80005fec (0x030c04b3) x 9 0x00000000
core   0: 0x80005ff0 (0x0058d393) srli    t2, a7, 5
core   0: 3 0x80005ff0 (0x0058d393) x 7 0x00000000
core   0: 0x80005ff4 (0x41cc5ab3) sra     s5, s8, t3
core   0: 3 0x80005ff4 (0x41cc5ab3) x21 0x00000000
core   0: 0x80005ff8 (0x411a5933) sra     s2, s4, a7
core   0: 3 0x80005ff8 (0x411a5933) x18 0x00000000
core   0: 0x80005ffc (0x00bb80b3) add     ra, s7, a1
core   0: 3 0x80005ffc (0x00bb80b3) x 1 0x00000000
core   0: 0x80006000 (0x013f34b3) sltu    s1, t5, s3
core   0: 3 0x80006000 (0x013f34b3) x 9 0x00000000
core   0: 0x80006004 (0x024ca533) mulhsu  a0, s9, tp
core   0: 3 0x80006004 (0x024ca533) x10 0xffffffaa
core   0: 0x80006008 (0x17b32b13) slti    s6, t1, 379
core   0: 3 0x80006008 (0x17b32b13) x22 0x00000001
core   0: 0x8000600c (0x74a5eb93) ori     s7, a1, 1866
core   0: 3 0x8000600c (0x74a5eb93) x23 0x0000074a
core   0: 0x80006010 (0x00000013) nop
core   0: 3 0x80006010 (0x00000013)
core   0: 0x80006014 (0x000f53b3) srl     t2, t5, zero
core   0: 3 0x80006014 (0x000f53b3) x 7 0x00000008
core   0: 0x80006018 (0xf58a0b93) addi    s7, s4, -168
core   0: 3 0x80006018 (0xf58a0b93) x23 0xffffff58
core   0: 0x8000601c (0x62ebbb37) lui     s6, 0x62ebb
core   0: 3 0x8000601c (0x62ebbb37) x22 0x62ebb000
core   0: 0x80006020 (0x023193b3) mulh    t2, gp, gp
core   0: 3 0x80006020 (0x023193b3) x 7 0x00000000
core   0: 0x80006024 (0x02c9c0b3) div     ra, s3, a2
core   0: 3 0x80006024 (0x02c9c0b3) x 1 0x00000000
core   0: 0x80006028 (0x41358ab3) sub     s5, a1, s3
core   0: 3 0x80006028 (0x41358ab3) x21 0xffffffff
core   0: 0x8000602c (0x03213bb3) mulhu   s7, sp, s2
core   0: 3 0x8000602c (0x03213bb3) x23 0x00000000
core   0: 0x80006030 (0x02a15233) divu    tp, sp, a0
core   0: 3 0x80006030 (0x02a15233) x 4 0x00000000
core   0: 0x80006034 (0x01169ab3) sll     s5, a3, a7
core   0: 3 0x80006034 (0x01169ab3) x21 0xea7d8000
core   0: 0x80006038 (0xc339f037) lui     zero, 0xc339f
core   0: 3 0x80006038 (0xc339f037)
core   0: 0x8000603c (0x03574433) div     s0, a4, s5
core   0: 3 0x8000603c (0x03574433) x 8 0x00000000
core   0: 0x80006040 (0xa71e3513) sltiu   a0, t3, -1423
core   0: 3 0x80006040 (0xa71e3513) x10 0x00000001
core   0: 0x80006044 (0x28a88893) addi    a7, a7, 650
core   0: 3 0x80006044 (0x28a88893) x17 0x0000028a
core   0: 0x80006048 (0x00000013) nop
core   0: 3 0x80006048 (0x00000013)
core   0: 0x8000604c (0x00d2dcb3) srl     s9, t0, a3
core   0: 3 0x8000604c (0x00d2dcb3) x25 0x80014e64
core   0: 0x80006050 (0x019bad33) slt     s10, s7, s9
core   0: 3 0x80006050 (0x019bad33) x26 0x00000000
core   0: 0x80006054 (0x41f2d513) srai    a0, t0, 31
core   0: 3 0x80006054 (0x41f2d513) x10 0xffffffff
core   0: 0x80006058 (0x024e5cb3) divu    s9, t3, tp
core   0: 3 0x80006058 (0x024e5cb3) x25 0xffffffff
core   0: 0x8000605c (0xfa27fa13) andi    s4, a5, -94
core   0: 3 0x8000605c (0xfa27fa13) x20 0x00000000
core   0: 0x80006060 (0xced0b337) lui     t1, 0xced0b
core   0: 3 0x80006060 (0xced0b337) x 6 0xced0b000
core   0: 0x80006064 (0x0297ebb3) rem     s7, a5, s1
core   0: 3 0x80006064 (0x0297ebb3) x23 0x00000000
core   0: 0x80006068 (0x03cfb633) mulhu   a2, t6, t3
core   0: 3 0x80006068 (0x03cfb633) x12 0x80018a72
core   0: 0x8000606c (0x0378c833) div     a6, a7, s7
core   0: 3 0x8000606c (0x0378c833) x16 0xffffffff
core   0: 0x80006070 (0x0004e733) or      a4, s1, zero
core   0: 3 0x80006070 (0x0004e733) x14 0x00000000
core   0: 0x80006074 (0x03ce49b3) div     s3, t3, t3
core   0: 3 0x80006074 (0x03ce49b3) x19 0x00000001
core   0: 0x80006078 (0x41808233) sub     tp, ra, s8
core   0: 3 0x80006078 (0x41808233) x 4 0x00000000
core   0: 0x8000607c (0x000b5ab3) srl     s5, s6, zero
core   0: 3 0x8000607c (0x000b5ab3) x21 0x62ebb000
core   0: 0x80006080 (0x02656833) rem     a6, a0, t1
core   0: 3 0x80006080 (0x02656833) x16 0xffffffff
core   0: 0x80006084 (0x03ccb0b3) mulhu   ra, s9, t3
core   0: 3 0x80006084 (0x03ccb0b3) x 1 0x80018ce3
core   0: 0x80006088 (0x016e4db3) xor     s11, t3, s6
core   0: 3 0x80006088 (0x016e4db3) x27 0xe2ea3ce4
core   0: 0x8000608c (0x01dce3b3) or      t2, s9, t4
core   0: 3 0x8000608c (0x01dce3b3) x 7 0xffffffff
core   0: 0x80006090 (0x022d65b3) rem     a1, s10, sp
core   0: 3 0x80006090 (0x022d65b3) x11 0x00000000
core   0: 0x80006094 (0x25c38c93) addi    s9, t2, 604
core   0: 3 0x80006094 (0x25c38c93) x25 0x0000025b
core   0: 0x80006098 (0x954ac913) xori    s2, s5, -1708
core   0: 3 0x80006098 (0x954ac913) x18 0x9d144954
core   0: 0x8000609c (0x01525fb3) srl     t6, tp, s5
core   0: 3 0x8000609c (0x01525fb3) x31 0x00000000
core   0: 0x800060a0 (0x4111d893) srai    a7, gp, 17
core   0: 3 0x800060a0 (0x4111d893) x17 0x00000000
core   0: 0x800060a4 (0x599e4013) xori    zero, t3, 1433
core   0: 3 0x800060a4 (0x599e4013)
core   0: 0x800060a8 (0x0181b7b3) sltu    a5, gp, s8
core   0: 3 0x800060a8 (0x0181b7b3) x15 0x00000000
core   0: 0x800060ac (0x01ee4ab3) xor     s5, t3, t5
core   0: 3 0x800060ac (0x01ee4ab3) x21 0x80018cec
core   0: 0x800060b0 (0x03549fb3) mulh    t6, s1, s5
core   0: 3 0x800060b0 (0x03549fb3) x31 0x00000000
core   0: 0x800060b4 (0x038f0b33) mul     s6, t5, s8
core   0: 3 0x800060b4 (0x038f0b33) x22 0x00000000
core   0: 0x800060b8 (0x000b8ab3) add     s5, s7, zero
core   0: 3 0x800060b8 (0x000b8ab3) x21 0x00000000
core   0: 0x800060bc (0x0220bf33) mulhu   t5, ra, sp
core   0: 3 0x800060bc (0x0220bf33) x30 0x00000004
core   0: 0x800060c0 (0x01a96933) or      s2, s2, s10
core   0: 3 0x800060c0 (0x01a96933) x18 0x9d144954
core   0: 0x800060c4 (0x02365233) divu    tp, a2, gp
core   0: 3 0x800060c4 (0x02365233) x 4 0xffffffff
core   0: 0x800060c8 (0x013c8ab3) add     s5, s9, s3
core   0: 3 0x800060c8 (0x013c8ab3) x21 0x0000025c
core   0: 0x800060cc (0x006eceb3) xor     t4, t4, t1
core   0: 3 0x800060cc (0x006eceb3) x29 0xced0b008
core   0: 0x800060d0 (0xce157517) auipc   a0, 0xce157
core   0: 3 0x800060d0 (0xce157517) x10 0x4e15d0d0
core   0: 0x800060d4 (0x00000013) nop
core   0: 3 0x800060d4 (0x00000013)
core   0: 0x800060d8 (0x40340933) sub     s2, s0, gp
core   0: 3 0x800060d8 (0x40340933) x18 0x00000000
core   0: 0x800060dc (0x01ed41b3) xor     gp, s10, t5
core   0: 3 0x800060dc (0x01ed41b3) x 3 0x00000004
core   0: 0x800060e0 (0x0251ac33) mulhsu  s8, gp, t0
core   0: 3 0x800060e0 (0x0251ac33) x24 0x00000002
core   0: 0x800060e4 (0x41fb8d33) sub     s10, s7, t6
core   0: 3 0x800060e4 (0x41fb8d33) x26 0x00000000
core   0: 0x800060e8 (0x037bdfb3) divu    t6, s7, s7
core   0: 3 0x800060e8 (0x037bdfb3) x31 0xffffffff
core   0: 0x800060ec (0x71f67037) lui     zero, 0x71f67
core   0: 3 0x800060ec (0x71f67037)
core   0: 0x800060f0 (0x40db56b3) sra     a3, s6, a3
core   0: 3 0x800060f0 (0x40db56b3) x13 0x00000000
core   0: 0x800060f4 (0x03871933) mulh    s2, a4, s8
core   0: 3 0x800060f4 (0x03871933) x18 0x00000000
core   0: 0x800060f8 (0x000850b3) srl     ra, a6, zero
core   0: 3 0x800060f8 (0x000850b3) x 1 0xffffffff
core   0: 0x800060fc (0x014d3233) sltu    tp, s10, s4
core   0: 3 0x800060fc (0x014d3233) x 4 0x00000000
core   0: 0x80006100 (0x019c39b3) sltu    s3, s8, s9
core   0: 3 0x80006100 (0x019c39b3) x19 0x00000001
core   0: 0x80006104 (0x008a0933) add     s2, s4, s0
core   0: 3 0x80006104 (0x008a0933) x18 0x00000000
core   0: 0x80006108 (0x40ca5eb3) sra     t4, s4, a2
core   0: 3 0x80006108 (0x40ca5eb3) x29 0x00000000
core   0: 0x8000610c (0x02421433) mulh    s0, tp, tp
core   0: 3 0x8000610c (0x02421433) x 8 0x00000000
core   0: 0x80006110 (0x01f45033) srl     zero, s0, t6
core   0: 3 0x80006110 (0x01f45033)
core   0: 0x80006114 (0x18186313) ori     t1, a6, 385
core   0: 3 0x80006114 (0x18186313) x 6 0xffffffff
core   0: 0x80006118 (0x03773f33) mulhu   t5, a4, s7
core   0: 3 0x80006118 (0x03773f33) x30 0x00000000
core   0: 0x8000611c (0x034e88b3) mul     a7, t4, s4
core   0: 3 0x8000611c (0x034e88b3) x17 0x00000000
core   0: 0x80006120 (0x03a6ec33) rem     s8, a3, s10
core   0: 3 0x80006120 (0x03a6ec33) x24 0x00000000
core   0: 0x80006124 (0x00000013) nop
core   0: 3 0x80006124 (0x00000013)
core   0: 0x80006128 (0x43f00893) li      a7, 1087
core   0: 3 0x80006128 (0x43f00893) x17 0x0000043f
core   0: 0x8000612c (0x00f96733) or      a4, s2, a5
core   0: 3 0x8000612c (0x00f96733) x14 0x00000000
core   0: 0x80006130 (0x7eb3f613) andi    a2, t2, 2027
core   0: 3 0x80006130 (0x7eb3f613) x12 0x000007eb
core   0: 0x80006134 (0x0068dfb3) srl     t6, a7, t1
core   0: 3 0x80006134 (0x0068dfb3) x31 0x00000000
core   0: 0x80006138 (0x01f59693) slli    a3, a1, 31
core   0: 3 0x80006138 (0x01f59693) x13 0x00000000
core   0: 0x8000613c (0x1730c013) xori    zero, ra, 371
core   0: 3 0x8000613c (0x1730c013)
core   0: 0x80006140 (0x00362cb3) slt     s9, a2, gp
core   0: 3 0x80006140 (0x00362cb3) x25 0x00000000
core   0: 0x80006144 (0x32113d93) sltiu   s11, sp, 801
core   0: 3 0x80006144 (0x32113d93) x27 0x00000001
core   0: 0x80006148 (0x39646d13) ori     s10, s0, 918
core   0: 3 0x80006148 (0x39646d13) x26 0x00000396
core   0: 0x8000614c (0x02edc733) div     a4, s11, a4
core   0: 3 0x8000614c (0x02edc733) x14 0xffffffff
core   0: 0x80006150 (0xf54db313) sltiu   t1, s11, -172
core   0: 3 0x80006150 (0xf54db313) x 6 0x00000001
core   0: 0x80006154 (0x03cc39b3) mulhu   s3, s8, t3
core   0: 3 0x80006154 (0x03cc39b3) x19 0x00000000
core   0: 0x80006158 (0x010d9f93) slli    t6, s11, 16
core   0: 3 0x80006158 (0x010d9f93) x31 0x00010000
core   0: 0x8000615c (0x7c360d93) addi    s11, a2, 1987
core   0: 3 0x8000615c (0x7c360d93) x27 0x00000fae
core   0: 0x80006160 (0x0225aa33) mulhsu  s4, a1, sp
core   0: 3 0x80006160 (0x0225aa33) x20 0x00000000
core   0: 0x80006164 (0x018b6db3) or      s11, s6, s8
core   0: 3 0x80006164 (0x018b6db3) x27 0x00000000
core   0: 0x80006168 (0x0249fcb3) remu    s9, s3, tp
core   0: 3 0x80006168 (0x0249fcb3) x25 0x00000000
core   0: 0x8000616c (0x02f6bc33) mulhu   s8, a3, a5
core   0: 3 0x8000616c (0x02f6bc33) x24 0x00000000
core   0: 0x80006170 (0xe08ef493) andi    s1, t4, -504
core   0: 3 0x80006170 (0xe08ef493) x 9 0x00000000
core   0: 0x80006174 (0x0351f233) remu    tp, gp, s5
core   0: 3 0x80006174 (0x0351f233) x 4 0x00000004
core   0: 0x80006178 (0x40d7dab3) sra     s5, a5, a3
core   0: 3 0x80006178 (0x40d7dab3) x21 0x00000000
core   0: 0x8000617c (0x03942db3) mulhsu  s11, s0, s9
core   0: 3 0x8000617c (0x03942db3) x27 0x00000000
core   0: 0x80006180 (0x8a9d2893) slti    a7, s10, -1879
core   0: 3 0x80006180 (0x8a9d2893) x17 0x00000000
core   0: 0x80006184 (0xa6ee7c93) andi    s9, t3, -1426
core   0: 3 0x80006184 (0xa6ee7c93) x25 0x80018864
core   0: 0x80006188 (0xcafaaa93) slti    s5, s5, -849
core   0: 3 0x80006188 (0xcafaaa93) x21 0x00000000
core   0: 0x8000618c (0x00d596b3) sll     a3, a1, a3
core   0: 3 0x8000618c (0x00d596b3) x13 0x00000000
core   0: 0x80006190 (0x03f008b3) mul     a7, zero, t6
core   0: 3 0x80006190 (0x03f008b3) x17 0x00000000
core   0: 0x80006194 (0x00a06433) or      s0, zero, a0
core   0: 3 0x80006194 (0x00a06433) x 8 0x4e15d0d0
core   0: 0x80006198 (0x01265c93) srli    s9, a2, 18
core   0: 3 0x80006198 (0x01265c93) x25 0x00000000
core   0: 0x8000619c (0x02fd89b3) mul     s3, s11, a5
core   0: 3 0x8000619c (0x02fd89b3) x19 0x00000000
core   0: 0x800061a0 (0x011e9b93) slli    s7, t4, 17
core   0: 3 0x800061a0 (0x011e9b93) x23 0x00000000
core   0: 0x800061a4 (0x0000d413) srli    s0, ra, 0
core   0: 3 0x800061a4 (0x0000d413) x 8 0xffffffff
core   0: 0x800061a8 (0x413c8933) sub     s2, s9, s3
core   0: 3 0x800061a8 (0x413c8933) x18 0x00000000
core   0: 0x800061ac (0x403bda33) sra     s4, s7, gp
core   0: 3 0x800061ac (0x403bda33) x20 0x00000000
core   0: 0x800061b0 (0x00071393) slli    t2, a4, 0
core   0: 3 0x800061b0 (0x00071393) x 7 0xffffffff
core   0: 0x800061b4 (0x41b755b3) sra     a1, a4, s11
core   0: 3 0x800061b4 (0x41b755b3) x11 0xffffffff
core   0: 0x800061b8 (0x00000013) nop
core   0: 3 0x800061b8 (0x00000013)
core   0: 0x800061bc (0x98300493) li      s1, -1661
core   0: 3 0x800061bc (0x98300493) x 9 0xfffff983
core   0: 0x800061c0 (0x03e985b3) mul     a1, s3, t5
core   0: 3 0x800061c0 (0x03e985b3) x11 0x00000000
core   0: 0x800061c4 (0x41235eb3) sra     t4, t1, s2
core   0: 3 0x800061c4 (0x41235eb3) x29 0x00000001
core   0: 0x800061c8 (0x03ccdab3) divu    s5, s9, t3
core   0: 3 0x800061c8 (0x03ccdab3) x21 0x00000000
core   0: 0x800061cc (0x7a820193) addi    gp, tp, 1960
core   0: 3 0x800061cc (0x7a820193) x 3 0x000007ac
core   0: 0x800061d0 (0xcdafc393) xori    t2, t6, -806
core   0: 3 0x800061d0 (0xcdafc393) x 7 0xfffefcda
core   0: 0x800061d4 (0x039cd1b3) divu    gp, s9, s9
core   0: 3 0x800061d4 (0x039cd1b3) x 3 0xffffffff
core   0: 0x800061d8 (0x0054d493) srli    s1, s1, 5
core   0: 3 0x800061d8 (0x0054d493) x 9 0x07ffffcc
core   0: 0x800061dc (0x03d8b033) mulhu   zero, a7, t4
core   0: 3 0x800061dc (0x03d8b033)
core   0: 0x800061e0 (0x418bdfb3) sra     t6, s7, s8
core   0: 3 0x800061e0 (0x418bdfb3) x31 0x00000000
core   0: 0x800061e4 (0x01aebbb3) sltu    s7, t4, s10
core   0: 3 0x800061e4 (0x01aebbb3) x23 0x00000001
core   0: 0x800061e8 (0x40e65913) srai    s2, a2, 14
core   0: 3 0x800061e8 (0x40e65913) x18 0x00000000
core   0: 0x800061ec (0xf8de0c13) addi    s8, t3, -115
core   0: 3 0x800061ec (0xf8de0c13) x24 0x80018c71
core   0: 0x800061f0 (0x02983333) mulhu   t1, a6, s1
core   0: 3 0x800061f0 (0x02983333) x 6 0x07ffffcb
core   0: 0x800061f4 (0x01d9cbb3) xor     s7, s3, t4
core   0: 3 0x800061f4 (0x01d9cbb3) x23 0x00000001
core   0: 0x800061f8 (0x02402633) mulhsu  a2, zero, tp
core   0: 3 0x800061f8 (0x02402633) x12 0x00000000
core   0: 0x800061fc (0x6a2bf693) andi    a3, s7, 1698
core   0: 3 0x800061fc (0x6a2bf693) x13 0x00000000
core   0: 0x80006200 (0x031edf33) divu    t5, t4, a7
core   0: 3 0x80006200 (0x031edf33) x30 0xffffffff
core   0: 0x80006204 (0x03e088b3) mul     a7, ra, t5
core   0: 3 0x80006204 (0x03e088b3) x17 0x00000001
core   0: 0x80006208 (0x0490af13) slti    t5, ra, 73
core   0: 3 0x80006208 (0x0490af13) x30 0x00000001
core   0: 0x8000620c (0x00d2eab3) or      s5, t0, a3
core   0: 3 0x8000620c (0x00d2eab3) x21 0x80014e64
core   0: 0x80006210 (0xb85bf313) andi    t1, s7, -1147
core   0: 3 0x80006210 (0xb85bf313) x 6 0x00000001
core   0: 0x80006214 (0x00a01213) slli    tp, zero, 10
core   0: 3 0x80006214 (0x00a01213) x 4 0x00000000
core   0: 0x80006218 (0x01bee633) or      a2, t4, s11
core   0: 3 0x80006218 (0x01bee633) x12 0x00000001
core   0: 0x8000621c (0x02d33f33) mulhu   t5, t1, a3
core   0: 3 0x8000621c (0x02d33f33) x30 0x00000000
core   0: 0x80006220 (0x03ccbab3) mulhu   s5, s9, t3
core   0: 3 0x80006220 (0x03ccbab3) x21 0x00000000
core   0: 0x80006224 (0x2d0fbd93) sltiu   s11, t6, 720
core   0: 3 0x80006224 (0x2d0fbd93) x27 0x00000001
core   0: 0x80006228 (0x01629f33) sll     t5, t0, s6
core   0: 3 0x80006228 (0x01629f33) x30 0x80014e64
core   0: 0x8000622c (0x028fbab3) mulhu   s5, t6, s0
core   0: 3 0x8000622c (0x028fbab3) x21 0x00000000
core   0: 0x80006230 (0x8008f213) andi    tp, a7, -2048
core   0: 3 0x80006230 (0x8008f213) x 4 0x00000000
core   0: 0x80006234 (0xa3356f13) ori     t5, a0, -1485
core   0: 3 0x80006234 (0xa3356f13) x30 0xfffffaf3
core   0: 0x80006238 (0x538bc9b7) lui     s3, 0x538bc
core   0: 3 0x80006238 (0x538bc9b7) x19 0x538bc000
core   0: 0x8000623c (0xa8d94993) xori    s3, s2, -1395
core   0: 3 0x8000623c (0xa8d94993) x19 0xfffffa8d
core   0: 0x80006240 (0x037990b3) mulh    ra, s3, s7
core   0: 3 0x80006240 (0x037990b3) x 1 0xffffffff
core   0: 0x80006244 (0xc2de2e93) slti    t4, t3, -979
core   0: 3 0x80006244 (0xc2de2e93) x29 0x00000001
core   0: 0x80006248 (0x02f98f33) mul     t5, s3, a5
core   0: 3 0x80006248 (0x02f98f33) x30 0x00000000
core   0: 0x8000624c (0xaf79a993) slti    s3, s3, -1289
core   0: 3 0x8000624c (0xaf79a993) x19 0x00000001
core   0: 0x80006250 (0x013975b3) and     a1, s2, s3
core   0: 3 0x80006250 (0x013975b3) x11 0x00000000
core   0: 0x80006254 (0x469c9d37) lui     s10, 0x469c9
core   0: 3 0x80006254 (0x469c9d37) x26 0x469c9000
core   0: 0x80006258 (0x41e6d213) srai    tp, a3, 30
core   0: 3 0x80006258 (0x41e6d213) x 4 0x00000000
core   0: 0x8000625c (0x4f644793) xori    a5, s0, 1270
core   0: 3 0x8000625c (0x4f644793) x15 0xfffffb09
core   0: 0x80006260 (0x019bf833) and     a6, s7, s9
core   0: 3 0x80006260 (0x019bf833) x16 0x00000000
core   0: 0x80006264 (0x2ac9a813) slti    a6, s3, 684
core   0: 3 0x80006264 (0x2ac9a813) x16 0x00000001
core   0: 0x80006268 (0x7e69ee93) ori     t4, s3, 2022
core   0: 3 0x80006268 (0x7e69ee93) x29 0x000007e7
core   0: 0x8000626c (0xf7c67a93) andi    s5, a2, -132
core   0: 3 0x8000626c (0xf7c67a93) x21 0x00000000
core   0: 0x80006270 (0x386cddb7) lui     s11, 0x386cd
core   0: 3 0x80006270 (0x386cddb7) x27 0x386cd000
core   0: 0x80006274 (0x013c9093) slli    ra, s9, 19
core   0: 3 0x80006274 (0x013c9093) x 1 0x00000000
core   0: 0x80006278 (0x00049f33) sll     t5, s1, zero
core   0: 3 0x80006278 (0x00049f33) x30 0x07ffffcc
core   0: 0x8000627c (0x001f37b3) sltu    a5, t5, ra
core   0: 3 0x8000627c (0x001f37b3) x15 0x00000000
core   0: 0x80006280 (0x037e61b3) rem     gp, t3, s7
core   0: 3 0x80006280 (0x037e61b3) x 3 0x00000000
core   0: 0x80006284 (0x00707d33) and     s10, zero, t2
core   0: 3 0x80006284 (0x00707d33) x26 0x00000000
core   0: 0x80006288 (0x01401413) slli    s0, zero, 20
core   0: 3 0x80006288 (0x01401413) x 8 0x00000000
core   0: 0x8000628c (0x026accb3) div     s9, s5, t1
core   0: 3 0x8000628c (0x026accb3) x25 0x00000000
core   0: 0x80006290 (0x0351c033) div     zero, gp, s5
core   0: 3 0x80006290 (0x0351c033)
core   0: 0x80006294 (0x009176b3) and     a3, sp, s1
core   0: 3 0x80006294 (0x009176b3) x13 0x00000008
core   0: 0x80006298 (0x0193e3b3) or      t2, t2, s9
core   0: 3 0x80006298 (0x0193e3b3) x 7 0xfffefcda
core   0: 0x8000629c (0xc9f32017) auipc   zero, 0xc9f32
core   0: 3 0x8000629c (0xc9f32017)
core   0: 0x800062a0 (0x008a9d33) sll     s10, s5, s0
core   0: 3 0x800062a0 (0x008a9d33) x26 0x00000000
core   0: 0x800062a4 (0x4097d933) sra     s2, a5, s1
core   0: 3 0x800062a4 (0x4097d933) x18 0x00000000
core   0: 0x800062a8 (0x402e0233) sub     tp, t3, sp
core   0: 3 0x800062a8 (0x402e0233) x 4 0x80018cdc
core   0: 0x800062ac (0x01f35213) srli    tp, t1, 31
core   0: 3 0x800062ac (0x01f35213) x 4 0x00000000
core   0: 0x800062b0 (0x0007a833) slt     a6, a5, zero
core   0: 3 0x800062b0 (0x0007a833) x16 0x00000000
core   0: 0x800062b4 (0x014c9633) sll     a2, s9, s4
core   0: 3 0x800062b4 (0x014c9633) x12 0x00000000
core   0: 0x800062b8 (0x35dd2cb7) lui     s9, 0x35dd2
core   0: 3 0x800062b8 (0x35dd2cb7) x25 0x35dd2000
core   0: 0x800062bc (0x01f564b3) or      s1, a0, t6
core   0: 3 0x800062bc (0x01f564b3) x 9 0x4e15d0d0
core   0: 0x800062c0 (0x027af1b3) remu    gp, s5, t2
core   0: 3 0x800062c0 (0x027af1b3) x 3 0x00000000
core   0: 0x800062c4 (0x03ada333) mulhsu  t1, s11, s10
core   0: 3 0x800062c4 (0x03ada333) x 6 0x00000000
core   0: 0x800062c8 (0x00000013) nop
core   0: 3 0x800062c8 (0x00000013)
core   0: 0x800062cc (0x0046d593) srli    a1, a3, 4
core   0: 3 0x800062cc (0x0046d593) x11 0x00000000
core   0: 0x800062d0 (0xbab24d93) xori    s11, tp, -1109
core   0: 3 0x800062d0 (0xbab24d93) x27 0xfffffbab
core   0: 0x800062d4 (0x030b41b3) div     gp, s6, a6
core   0: 3 0x800062d4 (0x030b41b3) x 3 0xffffffff
core   0: 0x800062d8 (0xe088cbb7) lui     s7, 0xe088c
core   0: 3 0x800062d8 (0xe088cbb7) x23 0xe088c000
core   0: 0x800062dc (0x02eda4b3) mulhsu  s1, s11, a4
core   0: 3 0x800062dc (0x02eda4b3) x 9 0xfffffbab
core   0: 0x800062e0 (0xe4f57813) andi    a6, a0, -433
core   0: 3 0x800062e0 (0xe4f57813) x16 0x4e15d040
core   0: 0x800062e4 (0x00ea80b3) add     ra, s5, a4
core   0: 3 0x800062e4 (0x00ea80b3) x 1 0xffffffff
core   0: 0x800062e8 (0x5fa60413) addi    s0, a2, 1530
core   0: 3 0x800062e8 (0x5fa60413) x 8 0x000005fa
core   0: 0x800062ec (0x006e36b3) sltu    a3, t3, t1
core   0: 3 0x800062ec (0x006e36b3) x13 0x00000000
core   0: 0x800062f0 (0x0164aa33) slt     s4, s1, s6
core   0: 3 0x800062f0 (0x0164aa33) x20 0x00000001
core   0: 0x800062f4 (0xad2a7d37) lui     s10, 0xad2a7
core   0: 3 0x800062f4 (0xad2a7d37) x26 0xad2a7000
core   0: 0x800062f8 (0x00e3a633) slt     a2, t2, a4
core   0: 3 0x800062f8 (0x00e3a633) x12 0x00000001
core   0: 0x800062fc (0x02316933) rem     s2, sp, gp
core   0: 3 0x800062fc (0x02316933) x18 0x00000000
core   0: 0x80006300 (0x00b555b3) srl     a1, a0, a1
core   0: 3 0x80006300 (0x00b555b3) x11 0x4e15d0d0
core   0: 0x80006304 (0x029558b3) divu    a7, a0, s1
core   0: 3 0x80006304 (0x029558b3) x17 0x00000000
core   0: 0x80006308 (0x47f14793) xori    a5, sp, 1151
core   0: 3 0x80006308 (0x47f14793) x15 0x00000477
core   0: 0x8000630c (0x411b8d33) sub     s10, s7, a7
core   0: 3 0x8000630c (0x411b8d33) x26 0xe088c000
core   0: 0x80006310 (0x416f5733) sra     a4, t5, s6
core   0: 3 0x80006310 (0x416f5733) x14 0x07ffffcc
core   0: 0x80006314 (0xf6ea9817) auipc   a6, 0xf6ea9
core   0: 3 0x80006314 (0xf6ea9817) x16 0x76eaf314
core   0: 0x80006318 (0x00000013) nop
core   0: 3 0x80006318 (0x00000013)
core   0: 0x8000631c (0x02f340b3) div     ra, t1, a5
core   0: 3 0x8000631c (0x02f340b3) x 1 0x00000000
core   0: 0x80006320 (0x005facb3) slt     s9, t6, t0
core   0: 3 0x80006320 (0x005facb3) x25 0x00000000
core   0: 0x80006324 (0x2b8d5337) lui     t1, 0x2b8d5
core   0: 3 0x80006324 (0x2b8d5337) x 6 0x2b8d5000
core   0: 0x80006328 (0x01b05233) srl     tp, zero, s11
core   0: 3 0x80006328 (0x01b05233) x 4 0x00000000
core   0: 0x8000632c (0x031c8733) mul     a4, s9, a7
core   0: 3 0x8000632c (0x031c8733) x14 0x00000000
core   0: 0x80006330 (0x03131cb3) mulh    s9, t1, a7
core   0: 3 0x80006330 (0x03131cb3) x25 0x00000000
core   0: 0x80006334 (0xa67b07b7) lui     a5, 0xa67b0
core   0: 3 0x80006334 (0xa67b07b7) x15 0xa67b0000
core   0: 0x80006338 (0x00f5c7b3) xor     a5, a1, a5
core   0: 3 0x80006338 (0x00f5c7b3) x15 0xe86ed0d0
core   0: 0x8000633c (0x00d1ccb3) xor     s9, gp, a3
core   0: 3 0x8000633c (0x00d1ccb3) x25 0xffffffff
core   0: 0x80006340 (0x033e13b3) mulh    t2, t3, s3
core   0: 3 0x80006340 (0x033e13b3) x 7 0xffffffff
core   0: 0x80006344 (0x00de35b3) sltu    a1, t3, a3
core   0: 3 0x80006344 (0x00de35b3) x11 0x00000000
core   0: 0x80006348 (0x21ae3613) sltiu   a2, t3, 538
core   0: 3 0x80006348 (0x21ae3613) x12 0x00000000
core   0: 0x8000634c (0x8d0ca5b7) lui     a1, 0x8d0ca
core   0: 3 0x8000634c (0x8d0ca5b7) x11 0x8d0ca000
core   0: 0x80006350 (0x000f9513) slli    a0, t6, 0
core   0: 3 0x80006350 (0x000f9513) x10 0x00000000
core   0: 0x80006354 (0xde8c8413) addi    s0, s9, -536
core   0: 3 0x80006354 (0xde8c8413) x 8 0xfffffde7
core   0: 0x80006358 (0x01471793) slli    a5, a4, 20
core   0: 3 0x80006358 (0x01471793) x15 0x00000000
core   0: 0x8000635c (0x03547033) remu    zero, s0, s5
core   0: 3 0x8000635c (0x03547033)
core   0: 0x80006360 (0x01799f13) slli    t5, s3, 23
core   0: 3 0x80006360 (0x01799f13) x30 0x00800000
core   0: 0x80006364 (0x403a8d33) sub     s10, s5, gp
core   0: 3 0x80006364 (0x403a8d33) x26 0x00000001
core   0: 0x80006368 (0x02c03333) mulhu   t1, zero, a2
core   0: 3 0x80006368 (0x02c03333) x 6 0x00000000
core   0: 0x8000636c (0x00df1413) slli    s0, t5, 13
core   0: 3 0x8000636c (0x00df1413) x 8 0x00000000
core   0: 0x80006370 (0x01a37733) and     a4, t1, s10
core   0: 3 0x80006370 (0x01a37733) x14 0x00000000
core   0: 0x80006374 (0xde124813) xori    a6, tp, -543
core   0: 3 0x80006374 (0xde124813) x16 0xfffffde1
core   0: 0x80006378 (0x0321ad33) mulhsu  s10, gp, s2
core   0: 3 0x80006378 (0x0321ad33) x26 0x00000000
core   0: 0x8000637c (0x0131c333) xor     t1, gp, s3
core   0: 3 0x8000637c (0x0131c333) x 6 0xfffffffe
core   0: 0x80006380 (0x8e673a93) sltiu   s5, a4, -1818
core   0: 3 0x80006380 (0x8e673a93) x21 0x00000001
core   0: 0x80006384 (0x02f33f33) mulhu   t5, t1, a5
core   0: 3 0x80006384 (0x02f33f33) x30 0x00000000
core   0: 0x80006388 (0x00000013) nop
core   0: 3 0x80006388 (0x00000013)
core   0: 0x8000638c (0x003e9893) slli    a7, t4, 3
core   0: 3 0x8000638c (0x003e9893) x17 0x00003f38
core   0: 0x80006390 (0x40845193) srai    gp, s0, 8
core   0: 3 0x80006390 (0x40845193) x 3 0x00000000
core   0: 0x80006394 (0x03707db3) remu    s11, zero, s7
core   0: 3 0x80006394 (0x03707db3) x27 0x00000000
core   0: 0x80006398 (0x4174d1b3) sra     gp, s1, s7
core   0: 3 0x80006398 (0x4174d1b3) x 3 0xfffffbab
core   0: 0x8000639c (0x035c2833) mulhsu  a6, s8, s5
core   0: 3 0x8000639c (0x035c2833) x16 0xffffffff
core   0: 0x800063a0 (0x0124edb3) or      s11, s1, s2
core   0: 3 0x800063a0 (0x0124edb3) x27 0xfffffbab
core   0: 0x800063a4 (0x00eb9913) slli    s2, s7, 14
core   0: 3 0x800063a4 (0x00eb9913) x18 0x30000000
core   0: 0x800063a8 (0x023baeb3) mulhsu  t4, s7, gp
core   0: 3 0x800063a8 (0x023baeb3) x29 0xe088c088
core   0: 0x800063ac (0x02eefc33) remu    s8, t4, a4
core   0: 3 0x800063ac (0x02eefc33) x24 0xe088c088
core   0: 0x800063b0 (0x0d912a37) lui     s4, 0xd912
core   0: 3 0x800063b0 (0x0d912a37) x20 0x0d912000
core   0: 0x800063b4 (0x0005db13) srli    s6, a1, 0
core   0: 3 0x800063b4 (0x0005db13) x22 0x8d0ca000
core   0: 0x800063b8 (0x77d6f893) andi    a7, a3, 1917
core   0: 3 0x800063b8 (0x77d6f893) x17 0x00000000
core   0: 0x800063bc (0x40645b33) sra     s6, s0, t1
core   0: 3 0x800063bc (0x40645b33) x22 0x00000000
core   0: 0x800063c0 (0x02408433) mul     s0, ra, tp
core   0: 3 0x800063c0 (0x02408433) x 8 0x00000000
core   0: 0x800063c4 (0x006d2db3) slt     s11, s10, t1
core   0: 3 0x800063c4 (0x006d2db3) x27 0x00000000
core   0: 0x800063c8 (0x039edbb3) divu    s7, t4, s9
core   0: 3 0x800063c8 (0x039edbb3) x23 0x00000000
core   0: 0x800063cc (0x00d99093) slli    ra, s3, 13
core   0: 3 0x800063cc (0x00d99093) x 1 0x00002000
core   0: 0x800063d0 (0x01d95893) srli    a7, s2, 29
core   0: 3 0x800063d0 (0x01d95893) x17 0x00000001
core   0: 0x800063d4 (0x0237f6b3) remu    a3, a5, gp
core   0: 3 0x800063d4 (0x0237f6b3) x13 0x00000000
core   0: 0x800063d8 (0xd6206a93) ori     s5, zero, -670
core   0: 3 0x800063d8 (0xd6206a93) x21 0xfffffd62
core   0: 0x800063dc (0x013fd5b3) srl     a1, t6, s3
core   0: 3 0x800063dc (0x013fd5b3) x11 0x00000000
core   0: 0x800063e0 (0x6de84493) xori    s1, a6, 1758
core   0: 3 0x800063e0 (0x6de84493) x 9 0xfffff921
core   0: 0x800063e4 (0x02dce5b3) rem     a1, s9, a3
core   0: 3 0x800063e4 (0x02dce5b3) x11 0xffffffff
core   0: 0x800063e8 (0x02c52d33) mulhsu  s10, a0, a2
core   0: 3 0x800063e8 (0x02c52d33) x26 0x00000000
core   0: 0x800063ec (0x01bd69b3) or      s3, s10, s11
core   0: 3 0x800063ec (0x01bd69b3) x19 0x00000000
core   0: 0x800063f0 (0x01eab5b3) sltu    a1, s5, t5
core   0: 3 0x800063f0 (0x01eab5b3) x11 0x00000000
core   0: 0x800063f4 (0x55af0213) addi    tp, t5, 1370
core   0: 3 0x800063f4 (0x55af0213) x 4 0x0000055a
core   0: 0x800063f8 (0x013da033) slt     zero, s11, s3
core   0: 3 0x800063f8 (0x013da033)
core   0: 0x800063fc (0x03cf31b3) mulhu   gp, t5, t3
core   0: 3 0x800063fc (0x03cf31b3) x 3 0x00000000
core   0: 0x80006400 (0x2075c393) xori    t2, a1, 519
core   0: 3 0x80006400 (0x2075c393) x 7 0x00000207
core   0: 0x80006404 (0x0282df33) divu    t5, t0, s0
core   0: 3 0x80006404 (0x0282df33) x30 0xffffffff
core   0: 0x80006408 (0x03bea9b3) mulhsu  s3, t4, s11
core   0: 3 0x80006408 (0x03bea9b3) x19 0x00000000
core   0: 0x8000640c (0x02d61a33) mulh    s4, a2, a3
core   0: 3 0x8000640c (0x02d61a33) x20 0x00000000
core   0: 0x80006410 (0x013156b3) srl     a3, sp, s3
core   0: 3 0x80006410 (0x013156b3) x13 0x00000008
core   0: 0x80006414 (0x59625417) auipc   s0, 0x59625
core   0: 3 0x80006414 (0x59625417) x 8 0xd962b414
core   0: 0x80006418 (0x0151ebb3) or      s7, gp, s5
core   0: 3 0x80006418 (0x0151ebb3) x23 0xfffffd62
core   0: 0x8000641c (0x0175db93) srli    s7, a1, 23
core   0: 3 0x8000641c (0x0175db93) x23 0x00000000
core   0: 0x80006420 (0xc3202413) slti    s0, zero, -974
core   0: 3 0x80006420 (0xc3202413) x 8 0x00000000
core   0: 0x80006424 (0x02c96bb3) rem     s7, s2, a2
core   0: 3 0x80006424 (0x02c96bb3) x23 0x30000000
core   0: 0x80006428 (0x40b757b3) sra     a5, a4, a1
core   0: 3 0x80006428 (0x40b757b3) x15 0x00000000
core   0: 0x8000642c (0x0348c833) div     a6, a7, s4
core   0: 3 0x8000642c (0x0348c833) x16 0xffffffff
core   0: 0x80006430 (0x035e1733) mulh    a4, t3, s5
core   0: 3 0x80006430 (0x035e1733) x14 0x0000014e
core   0: 0x80006434 (0x01db5333) srl     t1, s6, t4
core   0: 3 0x80006434 (0x01db5333) x 6 0x00000000
core   0: 0x80006438 (0x02cfbab3) mulhu   s5, t6, a2
core   0: 3 0x80006438 (0x02cfbab3) x21 0x00000000
core   0: 0x8000643c (0x00800f33) add     t5, zero, s0
core   0: 3 0x8000643c (0x00800f33) x30 0x00000000
core   0: 0x80006440 (0x22ba3617) auipc   a2, 0x22ba3
core   0: 3 0x80006440 (0x22ba3617) x12 0xa2ba9440
core   0: 0x80006444 (0x8e3f3413) sltiu   s0, t5, -1821
core   0: 3 0x80006444 (0x8e3f3413) x 8 0x00000001
core   0: 0x80006448 (0x00feb333) sltu    t1, t4, a5
core   0: 3 0x80006448 (0x00feb333) x 6 0x00000000
core   0: 0x8000644c (0x0375e333) rem     t1, a1, s7
core   0: 3 0x8000644c (0x0375e333) x 6 0x00000000
core   0: 0x80006450 (0x007b1933) sll     s2, s6, t2
core   0: 3 0x80006450 (0x007b1933) x18 0x00000000
core   0: 0x80006454 (0x67938db7) lui     s11, 0x67938
core   0: 3 0x80006454 (0x67938db7) x27 0x67938000
core   0: 0x80006458 (0x40c7db33) sra     s6, a5, a2
core   0: 3 0x80006458 (0x40c7db33) x22 0x00000000
core   0: 0x8000645c (0xff997093) andi    ra, s2, -7
core   0: 3 0x8000645c (0xff997093) x 1 0x00000000
core   0: 0x80006460 (0x005fa8b3) slt     a7, t6, t0
core   0: 3 0x80006460 (0x005fa8b3) x17 0x00000000
core   0: 0x80006464 (0x0107d9b3) srl     s3, a5, a6
core   0: 3 0x80006464 (0x0107d9b3) x19 0x00000000
core   0: 0x80006468 (0x03ef0833) mul     a6, t5, t5
core   0: 3 0x80006468 (0x03ef0833) x16 0x00000000
core   0: 0x8000646c (0x00fe40b3) xor     ra, t3, a5
core   0: 3 0x8000646c (0x00fe40b3) x 1 0x80018ce4
core   0: 0x80006470 (0x01c25913) srli    s2, tp, 28
core   0: 3 0x80006470 (0x01c25913) x18 0x00000000
core   0: 0x80006474 (0x41efd0b3) sra     ra, t6, t5
core   0: 3 0x80006474 (0x41efd0b3) x 1 0x00000000
core   0: 0x80006478 (0x03fa80b3) mul     ra, s5, t6
core   0: 3 0x80006478 (0x03fa80b3) x 1 0x00000000
core   0: 0x8000647c (0x037775b3) remu    a1, a4, s7
core   0: 3 0x8000647c (0x037775b3) x11 0x0000014e
core   0: 0x80006480 (0x38713f93) sltiu   t6, sp, 903
core   0: 3 0x80006480 (0x38713f93) x31 0x00000001
core   0: 0x80006484 (0xc092bb13) sltiu   s6, t0, -1015
core   0: 3 0x80006484 (0xc092bb13) x22 0x00000001
core   0: 0x80006488 (0x03776433) rem     s0, a4, s7
core   0: 3 0x80006488 (0x03776433) x 8 0x0000014e
core   0: 0x8000648c (0x02233793) sltiu   a5, t1, 34
core   0: 3 0x8000648c (0x02233793) x15 0x00000001
core   0: 0x80006490 (0x11e03a13) sltiu   s4, zero, 286
core   0: 3 0x80006490 (0x11e03a13) x20 0x00000001
core   0: 0x80006494 (0x01619613) slli    a2, gp, 22
core   0: 3 0x80006494 (0x01619613) x12 0x00000000
core   0: 0x80006498 (0x00000013) nop
core   0: 3 0x80006498 (0x00000013)
core   0: 0x8000649c (0x01c51eb3) sll     t4, a0, t3
core   0: 3 0x8000649c (0x01c51eb3) x29 0x00000000
core   0: 0x800064a0 (0x06b4c093) xori    ra, s1, 107
core   0: 3 0x800064a0 (0x06b4c093) x 1 0xfffff94a
core   0: 0x800064a4 (0x005ad533) srl     a0, s5, t0
core   0: 3 0x800064a4 (0x005ad533) x10 0x00000000
core   0: 0x800064a8 (0x02375d33) divu    s10, a4, gp
core   0: 3 0x800064a8 (0x02375d33) x26 0xffffffff
core   0: 0x800064ac (0x00919a33) sll     s4, gp, s1
core   0: 3 0x800064ac (0x00919a33) x20 0x00000000
core   0: 0x800064b0 (0x00b53333) sltu    t1, a0, a1
core   0: 3 0x800064b0 (0x00b53333) x 6 0x00000001
core   0: 0x800064b4 (0x00000013) nop
core   0: 3 0x800064b4 (0x00000013)
core   0: 0x800064b8 (0x020d0033) mul     zero, s10, zero
core   0: 3 0x800064b8 (0x020d0033)
core   0: 0x800064bc (0x849d0d13) addi    s10, s10, -1975
core   0: 3 0x800064bc (0x849d0d13) x26 0xfffff848
core   0: 0x800064c0 (0x02755d33) divu    s10, a0, t2
core   0: 3 0x800064c0 (0x02755d33) x26 0x00000000
core   0: 0x800064c4 (0x99d42693) slti    a3, s0, -1635
core   0: 3 0x800064c4 (0x99d42693) x13 0x00000000
core   0: 0x800064c8 (0x03e16ab3) rem     s5, sp, t5
core   0: 3 0x800064c8 (0x03e16ab3) x21 0x00000008
core   0: 0x800064cc (0x001555b3) srl     a1, a0, ra
core   0: 3 0x800064cc (0x001555b3) x11 0x00000000
core   0: 0x800064d0 (0x00fd8bb3) add     s7, s11, a5
core   0: 3 0x800064d0 (0x00fd8bb3) x23 0x67938001
core   0: 0x800064d4 (0x019381b3) add     gp, t2, s9
core   0: 3 0x800064d4 (0x019381b3) x 3 0x00000206
core   0: 0x800064d8 (0x00bb6d33) or      s10, s6, a1
core   0: 3 0x800064d8 (0x00bb6d33) x26 0x00000001
core   0: 0x800064dc (0x6973c393) xori    t2, t2, 1687
core   0: 3 0x800064dc (0x6973c393) x 7 0x00000490
core   0: 0x800064e0 (0x038f56b3) divu    a3, t5, s8
core   0: 3 0x800064e0 (0x038f56b3) x13 0x00000000
core   0: 0x800064e4 (0x01ec9713) slli    a4, s9, 30
core   0: 3 0x800064e4 (0x01ec9713) x14 0xc0000000
core   0: 0x800064e8 (0x356f3197) auipc   gp, 0x356f3
core   0: 3 0x800064e8 (0x356f3197) x 3 0xb56f94e8
core   0: 0x800064ec (0x032986b3) mul     a3, s3, s2
core   0: 3 0x800064ec (0x032986b3) x13 0x00000000
core   0: 0x800064f0 (0x03a079b3) remu    s3, zero, s10
core   0: 3 0x800064f0 (0x03a079b3) x19 0x00000000
core   0: 0x800064f4 (0x406c87b3) sub     a5, s9, t1
core   0: 3 0x800064f4 (0x406c87b3) x15 0xfffffffe
core   0: 0x800064f8 (0x0129c233) xor     tp, s3, s2
core   0: 3 0x800064f8 (0x0129c233) x 4 0x00000000
core   0: 0x800064fc (0x01445693) srli    a3, s0, 20
core   0: 3 0x800064fc (0x01445693) x13 0x00000000
core   0: 0x80006500 (0x02f765b3) rem     a1, a4, a5
core   0: 3 0x80006500 (0x02f765b3) x11 0x00000000
core   0: 0x80006504 (0x00e69c13) slli    s8, a3, 14
core   0: 3 0x80006504 (0x00e69c13) x24 0x00000000
core   0: 0x80006508 (0x97c79c17) auipc   s8, 0x97c79
core   0: 3 0x80006508 (0x97c79c17) x24 0x17c7f508
core   0: 0x8000650c (0xc71c4197) auipc   gp, 0xc71c4
core   0: 3 0x8000650c (0xc71c4197) x 3 0x471ca50c
core   0: 0x80006510 (0x009228b3) slt     a7, tp, s1
core   0: 3 0x80006510 (0x009228b3) x17 0x00000000
core   0: 0x80006514 (0x014e24b3) slt     s1, t3, s4
core   0: 3 0x80006514 (0x014e24b3) x 9 0x00000001
core   0: 0x80006518 (0x01d80833) add     a6, a6, t4
core   0: 3 0x80006518 (0x01d80833) x16 0x00000000
core   0: 0x8000651c (0x0082d213) srli    tp, t0, 8
core   0: 3 0x8000651c (0x0082d213) x 4 0x0080014e
core   0: 0x80006520 (0x0214e033) rem     zero, s1, ra
core   0: 3 0x80006520 (0x0214e033)
core   0: 0x80006524 (0x1e188993) addi    s3, a7, 481
core   0: 3 0x80006524 (0x1e188993) x19 0x000001e1
core   0: 0x80006528 (0x01e4f633) and     a2, s1, t5
core   0: 3 0x80006528 (0x01e4f633) x12 0x00000000
core   0: 0x8000652c (0x03cc1b33) mulh    s6, s8, t3
core   0: 3 0x8000652c (0x03cc1b33) x22 0xf41c2a5a
core   0: 0x80006530 (0x009717b3) sll     a5, a4, s1
core   0: 3 0x80006530 (0x009717b3) x15 0x80000000
core   0: 0x80006534 (0x023c8033) mul     zero, s9, gp
core   0: 3 0x80006534 (0x023c8033)
core   0: 0x80006538 (0x0381df33) divu    t5, gp, s8
core   0: 3 0x80006538 (0x0381df33) x30 0x00000002
core   0: 0x8000653c (0xd20f8a93) addi    s5, t6, -736
core   0: 3 0x8000653c (0xd20f8a93) x21 0xfffffd21
core   0: 0x80006540 (0xabaf2f93) slti    t6, t5, -1350
core   0: 3 0x80006540 (0xabaf2f93) x31 0x00000000
core   0: 0x80006544 (0xc9f9ee93) ori     t4, s3, -865
core   0: 3 0x80006544 (0xc9f9ee93) x29 0xfffffdff
core   0: 0x80006548 (0xe65f2f13) slti    t5, t5, -411
core   0: 3 0x80006548 (0xe65f2f13) x30 0x00000000
core   0: 0x8000654c (0x00a400b3) add     ra, s0, a0
core   0: 3 0x8000654c (0x00a400b3) x 1 0x0000014e
core   0: 0x80006550 (0x9c9d7c93) andi    s9, s10, -1591
core   0: 3 0x80006550 (0x9c9d7c93) x25 0x00000001
core   0: 0x80006554 (0x001833b3) sltu    t2, a6, ra
core   0: 3 0x80006554 (0x001833b3) x 7 0x00000001
core   0: 0x80006558 (0x0254d6b3) divu    a3, s1, t0
core   0: 3 0x80006558 (0x0254d6b3) x13 0x00000000
core   0: 0x8000655c (0x039e5d33) divu    s10, t3, s9
core   0: 3 0x8000655c (0x039e5d33) x26 0x80018ce4
core   0: 0x80006560 (0xaac3db17) auipc   s6, 0xaac3d
core   0: 3 0x80006560 (0xaac3db17) x22 0x2ac43560
core   0: 0x80006564 (0x005f7fb3) and     t6, t5, t0
core   0: 3 0x80006564 (0x005f7fb3) x31 0x00000000
core   0: 0x80006568 (0x34801917) auipc   s2, 0x34801
core   0: 3 0x80006568 (0x34801917) x18 0xb4807568
core   0: 0x8000656c (0x413a8d33) sub     s10, s5, s3
core   0: 3 0x8000656c (0x413a8d33) x26 0xfffffb40
core   0: 0x80006570 (0xa98e1c97) auipc   s9, 0xa98e1
core   0: 3 0x80006570 (0xa98e1c97) x25 0x298e7570
core   0: 0x80006574 (0x02889d33) mulh    s10, a7, s0
core   0: 3 0x80006574 (0x02889d33) x26 0x00000000
core   0: 0x80006578 (0x1401a893) slti    a7, gp, 320
core   0: 3 0x80006578 (0x1401a893) x17 0x00000000
core   0: 0x8000657c (0x025d0333) mul     t1, s10, t0
core   0: 3 0x8000657c (0x025d0333) x 6 0x00000000
core   0: 0x80006580 (0x01f990b3) sll     ra, s3, t6
core   0: 3 0x80006580 (0x01f990b3) x 1 0x000001e1
core   0: 0x80006584 (0x03efa833) mulhsu  a6, t6, t5
core   0: 3 0x80006584 (0x03efa833) x16 0x00000000
core   0: 0x80006588 (0x015c2f33) slt     t5, s8, s5
core   0: 3 0x80006588 (0x015c2f33) x30 0x00000000
core   0: 0x8000658c (0x01cbd033) srl     zero, s7, t3
core   0: 3 0x8000658c (0x01cbd033)
core   0: 0x80006590 (0x03500f33) mul     t5, zero, s5
core   0: 3 0x80006590 (0x03500f33) x30 0x00000000
core   0: 0x80006594 (0x408d0733) sub     a4, s10, s0
core   0: 3 0x80006594 (0x408d0733) x14 0xfffffeb2
core   0: 0x80006598 (0x02e42533) mulhsu  a0, s0, a4
core   0: 3 0x80006598 (0x02e42533) x10 0x0000014d
core   0: 0x8000659c (0x036e17b3) mulh    a5, t3, s6
core   0: 3 0x8000659c (0x036e17b3) x15 0xea9e279d
core   0: 0x800065a0 (0x01ffd633) srl     a2, t6, t6
core   0: 3 0x800065a0 (0x01ffd633) x12 0x00000000
core   0: 0x800065a4 (0x01b16ab3) or      s5, sp, s11
core   0: 3 0x800065a4 (0x01b16ab3) x21 0x67938008
core   0: 0x800065a8 (0x01b150b3) srl     ra, sp, s11
core   0: 3 0x800065a8 (0x01b150b3) x 1 0x00000008
core   0: 0x800065ac (0x01e773b3) and     t2, a4, t5
core   0: 3 0x800065ac (0x01e773b3) x 7 0x00000000
core   0: 0x800065b0 (0x01914d33) xor     s10, sp, s9
core   0: 3 0x800065b0 (0x01914d33) x26 0x298e7578
core   0: 0x800065b4 (0x032313b3) mulh    t2, t1, s2
core   0: 3 0x800065b4 (0x032313b3) x 7 0x00000000
core   0: 0x800065b8 (0x017091b3) sll     gp, ra, s7
core   0: 3 0x800065b8 (0x017091b3) x 3 0x00000010
core   0: 0x800065bc (0x03056ab3) rem     s5, a0, a6
core   0: 3 0x800065bc (0x03056ab3) x21 0x0000014d
core   0: 0x800065c0 (0x021dbcb3) mulhu   s9, s11, ra
core   0: 3 0x800065c0 (0x021dbcb3) x25 0x00000003
core   0: 0x800065c4 (0x018d5093) srli    ra, s10, 24
core   0: 3 0x800065c4 (0x018d5093) x 1 0x00000029
core   0: 0x800065c8 (0x41d356b3) sra     a3, t1, t4
core   0: 3 0x800065c8 (0x41d356b3) x13 0x00000000
core   0: 0x800065cc (0x029566b3) rem     a3, a0, s1
core   0: 3 0x800065cc (0x029566b3) x13 0x00000000
core   0: 0x800065d0 (0x03734233) div     tp, t1, s7
core   0: 3 0x800065d0 (0x03734233) x 4 0x00000000
core   0: 0x800065d4 (0x01f2b8b3) sltu    a7, t0, t6
core   0: 3 0x800065d4 (0x01f2b8b3) x17 0x00000000
core   0: 0x800065d8 (0x0e0e6713) ori     a4, t3, 224
core   0: 3 0x800065d8 (0x0e0e6713) x14 0x80018ce4
core   0: 0x800065dc (0x0384c633) div     a2, s1, s8
core   0: 3 0x800065dc (0x0384c633) x12 0x00000000
core   0: 0x800065e0 (0x02d10cb3) mul     s9, sp, a3
core   0: 3 0x800065e0 (0x02d10cb3) x25 0x00000000
core   0: 0x800065e4 (0x03f328b3) mulhsu  a7, t1, t6
core   0: 3 0x800065e4 (0x03f328b3) x17 0x00000000
core   0: 0x800065e8 (0x339c3237) lui     tp, 0x339c3
core   0: 3 0x800065e8 (0x339c3237) x 4 0x339c3000
core   0: 0x800065ec (0x020176b3) remu    a3, sp, zero
core   0: 3 0x800065ec (0x020176b3) x13 0x00000008
core   0: 0x800065f0 (0x01115893) srli    a7, sp, 17
core   0: 3 0x800065f0 (0x01115893) x17 0x00000000
core   0: 0x800065f4 (0x977f6a93) ori     s5, t5, -1673
core   0: 3 0x800065f4 (0x977f6a93) x21 0xfffff977
core   0: 0x800065f8 (0x0201dbb3) divu    s7, gp, zero
core   0: 3 0x800065f8 (0x0201dbb3) x23 0xffffffff
core   0: 0x800065fc (0x0093f6b3) and     a3, t2, s1
core   0: 3 0x800065fc (0x0093f6b3) x13 0x00000000
core   0: 0x80006600 (0xe6b74f93) xori    t6, a4, -405
core   0: 3 0x80006600 (0xe6b74f93) x31 0x7ffe728f
core   0: 0x80006604 (0x400605b3) sub     a1, a2, zero
core   0: 3 0x80006604 (0x400605b3) x11 0x00000000
core   0: 0x80006608 (0x01dae1b3) or      gp, s5, t4
core   0: 3 0x80006608 (0x01dae1b3) x 3 0xfffffdff
core   0: 0x8000660c (0x00987fb3) and     t6, a6, s1
core   0: 3 0x8000660c (0x00987fb3) x31 0x00000000
core   0: 0x80006610 (0x00000013) nop
core   0: 3 0x80006610 (0x00000013)
core   0: 0x80006614 (0x410b5fb3) sra     t6, s6, a6
core   0: 3 0x80006614 (0x410b5fb3) x31 0x2ac43560
core   0: 0x80006618 (0x036ea7b3) mulhsu  a5, t4, s6
core   0: 3 0x80006618 (0x036ea7b3) x15 0xffffffaa
core   0: 0x8000661c (0x03401533) mulh    a0, zero, s4
core   0: 3 0x8000661c (0x03401533) x10 0x00000000
core   0: 0x80006620 (0x017a91b3) sll     gp, s5, s7
core   0: 3 0x80006620 (0x017a91b3) x 3 0x80000000
core   0: 0x80006624 (0x01fc0733) add     a4, s8, t6
core   0: 3 0x80006624 (0x01fc0733) x14 0x428c2a68
core   0: 0x80006628 (0x415bd0b3) sra     ra, s7, s5
core   0: 3 0x80006628 (0x415bd0b3) x 1 0xffffffff
core   0: 0x8000662c (0x7ca3ffb7) lui     t6, 0x7ca3f
core   0: 3 0x8000662c (0x7ca3ffb7) x31 0x7ca3f000
core   0: 0x80006630 (0x017b1213) slli    tp, s6, 23
core   0: 3 0x80006630 (0x017b1213) x 4 0xb0000000
core   0: 0x80006634 (0xdb803913) sltiu   s2, zero, -584
core   0: 3 0x80006634 (0xdb803913) x18 0x00000001
core   0: 0x80006638 (0x02e60eb3) mul     t4, a2, a4
core   0: 3 0x80006638 (0x02e60eb3) x29 0x00000000
core   0: 0x8000663c (0x00e517b3) sll     a5, a0, a4
core   0: 3 0x8000663c (0x00e517b3) x15 0x00000000
core   0: 0x80006640 (0x992ce413) ori     s0, s9, -1646
core   0: 3 0x80006640 (0x992ce413) x 8 0xfffff992
core   0: 0x80006644 (0x00056b33) or      s6, a0, zero
core   0: 3 0x80006644 (0x00056b33) x22 0x00000000
core   0: 0x80006648 (0x01241c13) slli    s8, s0, 18
core   0: 3 0x80006648 (0x01241c13) x24 0xe6480000
core   0: 0x8000664c (0x006e1f13) slli    t5, t3, 6
core   0: 3 0x8000664c (0x006e1f13) x30 0x00633900
core   0: 0x80006650 (0x02d41cb3) mulh    s9, s0, a3
core   0: 3 0x80006650 (0x02d41cb3) x25 0x00000000
core   0: 0x80006654 (0x4fd7aa13) slti    s4, a5, 1277
core   0: 3 0x80006654 (0x4fd7aa13) x20 0x00000001
core   0: 0x80006658 (0x01a796b3) sll     a3, a5, s10
core   0: 3 0x80006658 (0x01a796b3) x13 0x00000000
core   0: 0x8000665c (0x407f01b3) sub     gp, t5, t2
core   0: 3 0x8000665c (0x407f01b3) x 3 0x00633900
core   0: 0x80006660 (0x01eb9193) slli    gp, s7, 30
core   0: 3 0x80006660 (0x01eb9193) x 3 0xc0000000
core   0: 0x80006664 (0x0116b7b3) sltu    a5, a3, a7
core   0: 3 0x80006664 (0x0116b7b3) x15 0x00000000
core   0: 0x80006668 (0x0e39b793) sltiu   a5, s3, 227
core   0: 3 0x80006668 (0x0e39b793) x15 0x00000000
core   0: 0x8000666c (0x029adcb3) divu    s9, s5, s1
core   0: 3 0x8000666c (0x029adcb3) x25 0xfffff977
core   0: 0x80006670 (0xc59cf713) andi    a4, s9, -935
core   0: 3 0x80006670 (0xc59cf713) x14 0xfffff851
core   0: 0x80006674 (0x039bceb3) div     t4, s7, s9
core   0: 3 0x80006674 (0x039bceb3) x29 0x00000000
core   0: 0x80006678 (0x02fcbab3) mulhu   s5, s9, a5
core   0: 3 0x80006678 (0x02fcbab3) x21 0x00000000
core   0: 0x8000667c (0x026e3db3) mulhu   s11, t3, t1
core   0: 3 0x8000667c (0x026e3db3) x27 0x00000000
core   0: 0x80006680 (0x00182933) slt     s2, a6, ra
core   0: 3 0x80006680 (0x00182933) x18 0x00000000
core   0: 0x80006684 (0x020b8bb3) mul     s7, s7, zero
core   0: 3 0x80006684 (0x020b8bb3) x23 0x00000000
core   0: 0x80006688 (0x11663493) sltiu   s1, a2, 278
core   0: 3 0x80006688 (0x11663493) x 9 0x00000001
core   0: 0x8000668c (0x01815c33) srl     s8, sp, s8
core   0: 3 0x8000668c (0x01815c33) x24 0x00000008
core   0: 0x80006690 (0x40735b13) srai    s6, t1, 7
core   0: 3 0x80006690 (0x40735b13) x22 0x00000000
core   0: 0x80006694 (0xf1204517) auipc   a0, 0xf1204
core   0: 3 0x80006694 (0xf1204517) x10 0x7120a694
core   0: 0x80006698 (0x00389d33) sll     s10, a7, gp
core   0: 3 0x80006698 (0x00389d33) x26 0x00000000
core   0: 0x8000669c (0x11612f13) slti    t5, sp, 278
core   0: 3 0x8000669c (0x11612f13) x30 0x00000001
core   0: 0x800066a0 (0x7aea1637) lui     a2, 0x7aea1
core   0: 3 0x800066a0 (0x7aea1637) x12 0x7aea1000
core   0: 0x800066a4 (0x40570833) sub     a6, a4, t0
core   0: 3 0x800066a4 (0x40570833) x16 0x7ffea9ed
core   0: 0x800066a8 (0x00b41c13) slli    s8, s0, 11
core   0: 3 0x800066a8 (0x00b41c13) x24 0xffcc9000
core   0: 0x800066ac (0x02649cb3) mulh    s9, s1, t1
core   0: 3 0x800066ac (0x02649cb3) x25 0x00000000
core   0: 0x800066b0 (0x006cf4b3) and     s1, s9, t1
core   0: 3 0x800066b0 (0x006cf4b3) x 9 0x00000000
core   0: 0x800066b4 (0x000e5c13) srli    s8, t3, 0
core   0: 3 0x800066b4 (0x000e5c13) x24 0x80018ce4
core   0: 0x800066b8 (0x80fdf3b7) lui     t2, 0x80fdf
core   0: 3 0x800066b8 (0x80fdf3b7) x 7 0x80fdf000
core   0: 0x800066bc (0x7c79e913) ori     s2, s3, 1991
core   0: 3 0x800066bc (0x7c79e913) x18 0x000007e7
core   0: 0x800066c0 (0x69292713) slti    a4, s2, 1682
core   0: 3 0x800066c0 (0x69292713) x14 0x00000000
core   0: 0x800066c4 (0x74bcd697) auipc   a3, 0x74bcd
core   0: 3 0x800066c4 (0x74bcd697) x13 0xf4bd36c4
core   0: 0x800066c8 (0x02503eb3) mulhu   t4, zero, t0
core   0: 3 0x800066c8 (0x02503eb3) x29 0x00000000
core   0: 0x800066cc (0x6df767b7) lui     a5, 0x6df76
core   0: 3 0x800066cc (0x6df767b7) x15 0x6df76000
core   0: 0x800066d0 (0x03f43933) mulhu   s2, s0, t6
core   0: 3 0x800066d0 (0x03f43933) x18 0x7ca3ecde
core   0: 0x800066d4 (0x009a86b3) add     a3, s5, s1
core   0: 3 0x800066d4 (0x009a86b3) x13 0x00000000
core   0: 0x800066d8 (0x00099b93) slli    s7, s3, 0
core   0: 3 0x800066d8 (0x00099b93) x23 0x000001e1
core   0: 0x800066dc (0x7ea52e93) slti    t4, a0, 2026
core   0: 3 0x800066dc (0x7ea52e93) x29 0x00000000
core   0: 0x800066e0 (0x01423633) sltu    a2, tp, s4
core   0: 3 0x800066e0 (0x01423633) x12 0x00000000
core   0: 0x800066e4 (0x004a4fb3) xor     t6, s4, tp
core   0: 3 0x800066e4 (0x004a4fb3) x31 0xb0000001
core   0: 0x800066e8 (0x00f9aeb3) slt     t4, s3, a5
core   0: 3 0x800066e8 (0x00f9aeb3) x29 0x00000001
core   0: 0x800066ec (0x00000013) nop
core   0: 3 0x800066ec (0x00000013)
core   0: 0x800066f0 (0x03fe43b3) div     t2, t3, t6
core   0: 3 0x800066f0 (0x03fe43b3) x 7 0x00000001
core   0: 0x800066f4 (0x03673c33) mulhu   s8, a4, s6
core   0: 3 0x800066f4 (0x03673c33) x24 0x00000000
core   0: 0x800066f8 (0x02f1ff33) remu    t5, gp, a5
core   0: 3 0x800066f8 (0x02f1ff33) x30 0x5208a000
core   0: 0x800066fc (0x7e09d237) lui     tp, 0x7e09d
core   0: 3 0x800066fc (0x7e09d237) x 4 0x7e09d000
core   0: 0x80006700 (0x031d87b3) mul     a5, s11, a7
core   0: 3 0x80006700 (0x031d87b3) x15 0x00000000
core   0: 0x80006704 (0x004c7eb3) and     t4, s8, tp
core   0: 3 0x80006704 (0x004c7eb3) x29 0x00000000
core   0: 0x80006708 (0x01d61833) sll     a6, a2, t4
core   0: 3 0x80006708 (0x01d61833) x16 0x00000000
core   0: 0x8000670c (0xcd22cf93) xori    t6, t0, -814
core   0: 3 0x8000670c (0xcd22cf93) x31 0x7ffeb2b6
core   0: 0x80006710 (0x369ae413) ori     s0, s5, 873
core   0: 3 0x80006710 (0x369ae413) x 8 0x00000369
core   0: 0x80006714 (0x0314e733) rem     a4, s1, a7
core   0: 3 0x80006714 (0x0314e733) x14 0x00000000
core   0: 0x80006718 (0x007537b3) sltu    a5, a0, t2
core   0: 3 0x80006718 (0x007537b3) x15 0x00000000
core   0: 0x8000671c (0x02cde333) rem     t1, s11, a2
core   0: 3 0x8000671c (0x02cde333) x 6 0x00000000
core   0: 0x80006720 (0xbad22913) slti    s2, tp, -1107
core   0: 3 0x80006720 (0xbad22913) x18 0x00000000
core   0: 0x80006724 (0x00000013) nop
core   0: 3 0x80006724 (0x00000013)
core   0: 0x80006728 (0x01bad933) srl     s2, s5, s11
core   0: 3 0x80006728 (0x01bad933) x18 0x00000000
core   0: 0x8000672c (0x00373ab3) sltu    s5, a4, gp
core   0: 3 0x8000672c (0x00373ab3) x21 0x00000001
core   0: 0x80006730 (0x41c8d8b3) sra     a7, a7, t3
core   0: 3 0x80006730 (0x41c8d8b3) x17 0x00000000
core   0: 0x80006734 (0x00f9f333) and     t1, s3, a5
core   0: 3 0x80006734 (0x00f9f333) x 6 0x00000000
core   0: 0x80006738 (0x29c58913) addi    s2, a1, 668
core   0: 3 0x80006738 (0x29c58913) x18 0x0000029c
core   0: 0x8000673c (0x01003533) snez    a0, a6
core   0: 3 0x8000673c (0x01003533) x10 0x00000000
core   0: 0x80006740 (0x7dc37213) andi    tp, t1, 2012
core   0: 3 0x80006740 (0x7dc37213) x 4 0x00000000
core   0: 0x80006744 (0xf264ff13) andi    t5, s1, -218
core   0: 3 0x80006744 (0xf264ff13) x30 0x00000000
core   0: 0x80006748 (0x410c5613) srai    a2, s8, 16
core   0: 3 0x80006748 (0x410c5613) x12 0x00000000
core   0: 0x8000674c (0x02532333) mulhsu  t1, t1, t0
core   0: 3 0x8000674c (0x02532333) x 6 0x00000000
core   0: 0x80006750 (0x40e10b33) sub     s6, sp, a4
core   0: 3 0x80006750 (0x40e10b33) x22 0x00000008
core   0: 0x80006754 (0x001d88b3) add     a7, s11, ra
core   0: 3 0x80006754 (0x001d88b3) x17 0xffffffff
core   0: 0x80006758 (0x00000013) nop
core   0: 3 0x80006758 (0x00000013)
core   0: 0x8000675c (0x01c25c33) srl     s8, tp, t3
core   0: 3 0x8000675c (0x01c25c33) x24 0x00000000
core   0: 0x80006760 (0xe82f0613) addi    a2, t5, -382
core   0: 3 0x80006760 (0xe82f0613) x12 0xfffffe82
core   0: 0x80006764 (0x03f278b3) remu    a7, tp, t6
core   0: 3 0x80006764 (0x03f278b3) x17 0x00000000
core   0: 0x80006768 (0x38607513) andi    a0, zero, 902
core   0: 3 0x80006768 (0x38607513) x10 0x00000000
core   0: 0x8000676c (0x00a95533) srl     a0, s2, a0
core   0: 3 0x8000676c (0x00a95533) x10 0x0000029c
core   0: 0x80006770 (0x00aa31b3) sltu    gp, s4, a0
core   0: 3 0x80006770 (0x00aa31b3) x 3 0x00000001
core   0: 0x80006774 (0x001181b3) add     gp, gp, ra
core   0: 3 0x80006774 (0x001181b3) x 3 0x00000000
core   0: 0x80006778 (0x234aa193) slti    gp, s5, 564
core   0: 3 0x80006778 (0x234aa193) x 3 0x00000001
core   0: 0x8000677c (0x009ee433) or      s0, t4, s1
core   0: 3 0x8000677c (0x009ee433) x 8 0x00000000
core   0: 0x80006780 (0x00000013) nop
core   0: 3 0x80006780 (0x00000013)
core   0: 0x80006784 (0x01958033) add     zero, a1, s9
core   0: 3 0x80006784 (0x01958033)
core   0: 0x80006788 (0x03614eb3) div     t4, sp, s6
core   0: 3 0x80006788 (0x03614eb3) x29 0x00000001
core   0: 0x8000678c (0x4db00593) li      a1, 1243
core   0: 3 0x8000678c (0x4db00593) x11 0x000004db
core   0: 0x80006790 (0x00905b93) srli    s7, zero, 9
core   0: 3 0x80006790 (0x00905b93) x23 0x00000000
core   0: 0x80006794 (0x1c013093) sltiu   ra, sp, 448
core   0: 3 0x80006794 (0x1c013093) x 1 0x00000001
core   0: 0x80006798 (0x0332f0b3) remu    ra, t0, s3
core   0: 3 0x80006798 (0x0332f0b3) x 1 0x000001c4
core   0: 0x8000679c (0x01c2db13) srli    s6, t0, 28
core   0: 3 0x8000679c (0x01c2db13) x22 0x00000008
core   0: 0x800067a0 (0x00000013) nop
core   0: 3 0x800067a0 (0x00000013)
core   0: 0x800067a4 (0x449e2413) slti    s0, t3, 1097
core   0: 3 0x800067a4 (0x449e2413) x 8 0x00000001
core   0: 0x800067a8 (0xa962c193) xori    gp, t0, -1386
core   0: 3 0x800067a8 (0xa962c193) x 3 0x7ffeb4f2
core   0: 0x800067ac (0x5542a893) slti    a7, t0, 1364
core   0: 3 0x800067ac (0x5542a893) x17 0x00000001
core   0: 0x800067b0 (0xe6b7ac93) slti    s9, a5, -405
core   0: 3 0x800067b0 (0xe6b7ac93) x25 0x00000000
core   0: 0x800067b4 (0xc2523237) lui     tp, 0xc2523
core   0: 3 0x800067b4 (0xc2523237) x 4 0xc2523000
core   0: 0x800067b8 (0x4c74cd17) auipc   s10, 0x4c74c
core   0: 3 0x800067b8 (0x4c74cd17) x26 0xcc7527b8
core   0: 0x800067bc (0x00f27c33) and     s8, tp, a5
core   0: 3 0x800067bc (0x00f27c33) x24 0x00000000
core   0: 0x800067c0 (0xd4f72013) slti    zero, a4, -689
core   0: 3 0x800067c0 (0xd4f72013)
core   0: 0x800067c4 (0x03963eb3) mulhu   t4, a2, s9
core   0: 3 0x800067c4 (0x03963eb3) x29 0x00000000
core   0: 0x800067c8 (0x025e5f33) divu    t5, t3, t0
core   0: 3 0x800067c8 (0x025e5f33) x30 0x00000001
core   0: 0x800067cc (0x031d98b3) mulh    a7, s11, a7
core   0: 3 0x800067cc (0x031d98b3) x17 0x00000000
core   0: 0x800067d0 (0x013808b3) add     a7, a6, s3
core   0: 3 0x800067d0 (0x013808b3) x17 0x000001e1
core   0: 0x800067d4 (0x03ac7433) remu    s0, s8, s10
core   0: 3 0x800067d4 (0x03ac7433) x 8 0x00000000
core   0: 0x800067d8 (0x002d5eb3) srl     t4, s10, sp
core   0: 3 0x800067d8 (0x002d5eb3) x29 0x00cc7527
core   0: 0x800067dc (0x01412db3) slt     s11, sp, s4
core   0: 3 0x800067dc (0x01412db3) x27 0x00000000
core   0: 0x800067e0 (0x6d342f13) slti    t5, s0, 1747
core   0: 3 0x800067e0 (0x6d342f13) x30 0x00000001
core   0: 0x800067e4 (0x004c1c93) slli    s9, s8, 4
core   0: 3 0x800067e4 (0x004c1c93) x25 0x00000000
core   0: 0x800067e8 (0x03206ab3) rem     s5, zero, s2
core   0: 3 0x800067e8 (0x03206ab3) x21 0x00000000
core   0: 0x800067ec (0x84f43d37) lui     s10, 0x84f43
core   0: 3 0x800067ec (0x84f43d37) x26 0x84f43000
core   0: 0x800067f0 (0x73e0f013) andi    zero, ra, 1854
core   0: 3 0x800067f0 (0x73e0f013)
core   0: 0x800067f4 (0x011e5c13) srli    s8, t3, 17
core   0: 3 0x800067f4 (0x011e5c13) x24 0x00004000
core   0: 0x800067f8 (0x0139d513) srli    a0, s3, 19
core   0: 3 0x800067f8 (0x0139d513) x10 0x00000000
core   0: 0x800067fc (0xb0b32917) auipc   s2, 0xb0b32
core   0: 3 0x800067fc (0xb0b32917) x18 0x30b387fc
core   0: 0x80006800 (0x38b36513) ori     a0, t1, 907
core   0: 3 0x80006800 (0x38b36513) x10 0x0000038b
core   0: 0x80006804 (0xd3d7b213) sltiu   tp, a5, -707
core   0: 3 0x80006804 (0xd3d7b213) x 4 0x00000001
core   0: 0x80006808 (0x02645233) divu    tp, s0, t1
core   0: 3 0x80006808 (0x02645233) x 4 0xffffffff
core   0: 0x8000680c (0x033c1fb3) mulh    t6, s8, s3
core   0: 3 0x8000680c (0x033c1fb3) x31 0x00000000
core   0: 0x80006810 (0x03a45eb3) divu    t4, s0, s10
core   0: 3 0x80006810 (0x03a45eb3) x29 0x00000000
core   0: 0x80006814 (0x00dae7b3) or      a5, s5, a3
core   0: 3 0x80006814 (0x00dae7b3) x15 0x00000000
core   0: 0x80006818 (0x19562693) slti    a3, a2, 405
core   0: 3 0x80006818 (0x19562693) x13 0x00000001
core   0: 0x8000681c (0xebe31397) auipc   t2, 0xebe31
core   0: 3 0x8000681c (0xebe31397) x 7 0x6be3781c
core   0: 0x80006820 (0x94670513) addi    a0, a4, -1722
core   0: 3 0x80006820 (0x94670513) x10 0xfffff946
core   0: 0x80006824 (0x0293ea33) rem     s4, t2, s1
core   0: 3 0x80006824 (0x0293ea33) x20 0x6be3781c
core   0: 0x80006828 (0x02552bb3) mulhsu  s7, a0, t0
core   0: 3 0x80006828 (0x02552bb3) x23 0xfffffca2
core   0: 0x8000682c (0x903e4213) xori    tp, t3, -1789
core   0: 3 0x8000682c (0x903e4213) x 4 0x7ffe75e7
core   0: 0x80006830 (0x404f8d93) addi    s11, t6, 1028
core   0: 3 0x80006830 (0x404f8d93) x27 0x00000404
core   0: 0x80006834 (0x013f1033) sll     zero, t5, s3
core   0: 3 0x80006834 (0x013f1033)
core   0: 0x80006838 (0x0349afb3) mulhsu  t6, s3, s4
core   0: 3 0x80006838 (0x0349afb3) x31 0x000000ca
core   0: 0x8000683c (0x40fe5693) srai    a3, t3, 15
core   0: 3 0x8000683c (0x40fe5693) x13 0xffff0003
core   0: 0x80006840 (0x006d6c33) or      s8, s10, t1
core   0: 3 0x80006840 (0x006d6c33) x24 0x84f43000
core   0: 0x80006844 (0x02fb19b3) mulh    s3, s6, a5
core   0: 3 0x80006844 (0x02fb19b3) x19 0x00000000
core   0: 0x80006848 (0x0008d033) srl     zero, a7, zero
core   0: 3 0x80006848 (0x0008d033)
core   0: 0x8000684c (0x03650033) mul     zero, a0, s6
core   0: 3 0x8000684c (0x03650033)
core   0: 0x80006850 (0x0351f033) remu    zero, gp, s5
core   0: 3 0x80006850 (0x0351f033)
core   0: 0x80006854 (0x403ddab3) sra     s5, s11, gp
core   0: 3 0x80006854 (0x403ddab3) x21 0x00000000
core   0: 0x80006858 (0x4185ddb3) sra     s11, a1, s8
core   0: 3 0x80006858 (0x4185ddb3) x27 0x000004db
core   0: 0x8000685c (0x35eac613) xori    a2, s5, 862
core   0: 3 0x8000685c (0x35eac613) x12 0x0000035e
core   0: 0x80006860 (0xc1bbe313) ori     t1, s7, -997
core   0: 3 0x80006860 (0xc1bbe313) x 6 0xfffffcbb
core   0: 0x80006864 (0xa758e713) ori     a4, a7, -1419
core   0: 3 0x80006864 (0xa758e713) x14 0xfffffbf5
core   0: 0x80006868 (0x6bc17193) andi    gp, sp, 1724
core   0: 3 0x80006868 (0x6bc17193) x 3 0x00000008
core   0: 0x8000686c (0x03647233) remu    tp, s0, s6
core   0: 3 0x8000686c (0x03647233) x 4 0x00000000
core   0: 0x80006870 (0x00d5eeb3) or      t4, a1, a3
core   0: 3 0x80006870 (0x00d5eeb3) x29 0xffff04db
core   0: 0x80006874 (0x01d00833) add     a6, zero, t4
core   0: 3 0x80006874 (0x01d00833) x16 0xffff04db
core   0: 0x80006878 (0x03fca4b3) mulhsu  s1, s9, t6
core   0: 3 0x80006878 (0x03fca4b3) x 9 0x00000000
core   0: 0x8000687c (0x038560b3) rem     ra, a0, s8
core   0: 3 0x8000687c (0x038560b3) x 1 0xfffff946
core   0: 0x80006880 (0xf09d7813) andi    a6, s10, -247
core   0: 3 0x80006880 (0xf09d7813) x16 0x84f43000
core   0: 0x80006884 (0x012cd9b3) srl     s3, s9, s2
core   0: 3 0x80006884 (0x012cd9b3) x19 0x00000000
core   0: 0x80006888 (0x00f4d613) srli    a2, s1, 15
core   0: 3 0x80006888 (0x00f4d613) x12 0x00000000
core   0: 0x8000688c (0x00cc8033) add     zero, s9, a2
core   0: 3 0x8000688c (0x00cc8033)
core   0: 0x80006890 (0x031e89b3) mul     s3, t4, a7
core   0: 3 0x80006890 (0x031e89b3) x19 0xfe281f7b
core   0: 0x80006894 (0x40dadd13) srai    s10, s5, 13
core   0: 3 0x80006894 (0x40dadd13) x26 0x00000000
core   0: 0x80006898 (0x03b76433) rem     s0, a4, s11
core   0: 3 0x80006898 (0x03b76433) x 8 0xfffffbf5
core   0: 0x8000689c (0x036227b3) mulhsu  a5, tp, s6
core   0: 3 0x8000689c (0x036227b3) x15 0x00000000
core   0: 0x800068a0 (0x00000013) nop
core   0: 3 0x800068a0 (0x00000013)
core   0: 0x800068a4 (0x8219bc17) auipc   s8, 0x8219b
core   0: 3 0x800068a4 (0x8219bc17) x24 0x021a18a4
core   0: 0x800068a8 (0xd40b2893) slti    a7, s6, -704
core   0: 3 0x800068a8 (0xd40b2893) x17 0x00000000
core   0: 0x800068ac (0xffe16493) ori     s1, sp, -2
core   0: 3 0x800068ac (0xffe16493) x 9 0xfffffffe
core   0: 0x800068b0 (0x003707b3) add     a5, a4, gp
core   0: 3 0x800068b0 (0x003707b3) x15 0xfffffbfd
core   0: 0x800068b4 (0x00d1c433) xor     s0, gp, a3
core   0: 3 0x800068b4 (0x00d1c433) x 8 0xffff000b
core   0: 0x800068b8 (0x02cc98b3) mulh    a7, s9, a2
core   0: 3 0x800068b8 (0x02cc98b3) x17 0x00000000
core   0: 0x800068bc (0x00656f33) or      t5, a0, t1
core   0: 3 0x800068bc (0x00656f33) x30 0xfffffdff
core   0: 0x800068c0 (0x03fed0b3) divu    ra, t4, t6
core   0: 3 0x800068c0 (0x03fed0b3) x 1 0x01446e48
core   0: 0x800068c4 (0xb238ce93) xori    t4, a7, -1245
core   0: 3 0x800068c4 (0xb238ce93) x29 0xfffffb23
core   0: 0x800068c8 (0x026bd1b3) divu    gp, s7, t1
core   0: 3 0x800068c8 (0x026bd1b3) x 3 0x00000000
core   0: 0x800068cc (0x033114b3) mulh    s1, sp, s3
core   0: 3 0x800068cc (0x033114b3) x 9 0xffffffff
core   0: 0x800068d0 (0x003f5f13) srli    t5, t5, 3
core   0: 3 0x800068d0 (0x003f5f13) x30 0x1fffffbf
core   0: 0x800068d4 (0x03a01eb3) mulh    t4, zero, s10
core   0: 3 0x800068d4 (0x03a01eb3) x29 0x00000000
core   0: 0x800068d8 (0x039a4533) div     a0, s4, s9
core   0: 3 0x800068d8 (0x039a4533) x10 0xffffffff
core   0: 0x800068dc (0x4181d893) srai    a7, gp, 24
core   0: 3 0x800068dc (0x4181d893) x17 0x00000000
core   0: 0x800068e0 (0xd8acc097) auipc   ra, 0xd8acc
core   0: 3 0x800068e0 (0xd8acc097) x 1 0x58ad28e0
core   0: 0x800068e4 (0x1e603a13) sltiu   s4, zero, 486
core   0: 3 0x800068e4 (0x1e603a13) x20 0x00000001
core   0: 0x800068e8 (0x407a8ab3) sub     s5, s5, t2
core   0: 3 0x800068e8 (0x407a8ab3) x21 0x941c87e4
core   0: 0x800068ec (0x0003ca33) xor     s4, t2, zero
core   0: 3 0x800068ec (0x0003ca33) x20 0x6be3781c
core   0: 0x800068f0 (0x72092413) slti    s0, s2, 1824
core   0: 3 0x800068f0 (0x72092413) x 8 0x00000000
core   0: 0x800068f4 (0x013c5633) srl     a2, s8, s3
core   0: 3 0x800068f4 (0x013c5633) x12 0x00000000
core   0: 0x800068f8 (0x00905c33) srl     s8, zero, s1
core   0: 3 0x800068f8 (0x00905c33) x24 0x00000000
core   0: 0x800068fc (0x00b85913) srli    s2, a6, 11
core   0: 3 0x800068fc (0x00b85913) x18 0x00109e86
core   0: 0x80006900 (0x1fbf3493) sltiu   s1, t5, 507
core   0: 3 0x80006900 (0x1fbf3493) x 9 0x00000000
core   0: 0x80006904 (0x004aa033) slt     zero, s5, tp
core   0: 3 0x80006904 (0x004aa033)
core   0: 0x80006908 (0xda2e4813) xori    a6, t3, -606
core   0: 3 0x80006908 (0xda2e4813) x16 0x7ffe7146
core   0: 0x8000690c (0x004cb0b3) sltu    ra, s9, tp
core   0: 3 0x8000690c (0x004cb0b3) x 1 0x00000000
core   0: 0x80006910 (0x44d61337) lui     t1, 0x44d61
core   0: 3 0x80006910 (0x44d61337) x 6 0x44d61000
core   0: 0x80006914 (0x00ee4fb3) xor     t6, t3, a4
core   0: 3 0x80006914 (0x00ee4fb3) x31 0x7ffe7711
core   0: 0x80006918 (0x0152e733) or      a4, t0, s5
core   0: 3 0x80006918 (0x0152e733) x14 0x941dcfe4
core   0: 0x8000691c (0x495fc813) xori    a6, t6, 1173
core   0: 3 0x8000691c (0x495fc813) x16 0x7ffe7384
core   0: 0x80006920 (0x03f98f33) mul     t5, s3, t6
core   0: 3 0x80006920 (0x03f98f33) x30 0xc856442b
core   0: 0x80006924 (0x6b914613) xori    a2, sp, 1721
core   0: 3 0x80006924 (0x6b914613) x12 0x000006b1
core   0: 0x80006928 (0x1d9eba93) sltiu   s5, t4, 473
core   0: 3 0x80006928 (0x1d9eba93) x21 0x00000001
core   0: 0x8000692c (0x01d04a33) xor     s4, zero, t4
core   0: 3 0x8000692c (0x01d04a33) x20 0x00000000
core   0: 0x80006930 (0x03c4fab3) remu    s5, s1, t3
core   0: 3 0x80006930 (0x03c4fab3) x21 0x00000000
core   0: 0x80006934 (0x02a5bbb3) mulhu   s7, a1, a0
core   0: 3 0x80006934 (0x02a5bbb3) x23 0x000004da
core   0: 0x80006938 (0x0396cf33) div     t5, a3, s9
core   0: 3 0x80006938 (0x0396cf33) x30 0xffffffff
core   0: 0x8000693c (0x403d0f33) sub     t5, s10, gp
core   0: 3 0x8000693c (0x403d0f33) x30 0x00000000
core   0: 0x80006940 (0x96fbf793) andi    a5, s7, -1681
core   0: 3 0x80006940 (0x96fbf793) x15 0x0000004a
core   0: 0x80006944 (0x0007ceb3) xor     t4, a5, zero
core   0: 3 0x80006944 (0x0007ceb3) x29 0x0000004a
core   0: 0x80006948 (0x019b63b3) or      t2, s6, s9
core   0: 3 0x80006948 (0x019b63b3) x 7 0x00000008
core   0: 0x8000694c (0x00598833) add     a6, s3, t0
core   0: 3 0x8000694c (0x00598833) x16 0x7e296ddf
core   0: 0x80006950 (0x40390733) sub     a4, s2, gp
core   0: 3 0x80006950 (0x40390733) x14 0x00109e86
core   0: 0x80006954 (0x03ec1db3) mulh    s11, s8, t5
core   0: 3 0x80006954 (0x03ec1db3) x27 0x00000000
core   0: 0x80006958 (0x01c000b3) add     ra, zero, t3
core   0: 3 0x80006958 (0x01c000b3) x 1 0x80018ce4
core   0: 0x8000695c (0x40cfdeb3) sra     t4, t6, a2
core   0: 3 0x8000695c (0x40cfdeb3) x29 0x00003fff
core   0: 0x80006960 (0x00c9ceb3) xor     t4, s3, a2
core   0: 3 0x80006960 (0x00c9ceb3) x29 0xfe2819ca
core   0: 0x80006964 (0x008b3233) sltu    tp, s6, s0
core   0: 3 0x80006964 (0x008b3233) x 4 0x00000000
core   0: 0x80006968 (0xb396e613) ori     a2, a3, -1223
core   0: 3 0x80006968 (0xb396e613) x12 0xfffffb3b
core   0: 0x8000696c (0xc6a76a93) ori     s5, a4, -918
core   0: 3 0x8000696c (0xc6a76a93) x21 0xfffffeee
core   0: 0x80006970 (0xc1370513) addi    a0, a4, -1005
core   0: 3 0x80006970 (0xc1370513) x10 0x00109a99
core   0: 0x80006974 (0x019cddb3) srl     s11, s9, s9
core   0: 3 0x80006974 (0x019cddb3) x27 0x00000000
core   0: 0x80006978 (0x41f0dd33) sra     s10, ra, t6
core   0: 3 0x80006978 (0x41f0dd33) x26 0xffffc000
core   0: 0x8000697c (0x2b51ea13) ori     s4, gp, 693
core   0: 3 0x8000697c (0x2b51ea13) x20 0x000002b5
core   0: 0x80006980 (0x0379a1b3) mulhsu  gp, s3, s7
core   0: 3 0x80006980 (0x0379a1b3) x 3 0xfffffff7
core   0: 0x80006984 (0x35d8a393) slti    t2, a7, 861
core   0: 3 0x80006984 (0x35d8a393) x 7 0x00000001
core   0: 0x80006988 (0x4002df33) sra     t5, t0, zero
core   0: 3 0x80006988 (0x4002df33) x30 0x80014e64
core   0: 0x8000698c (0x01c171b3) and     gp, sp, t3
core   0: 3 0x8000698c (0x01c171b3) x 3 0x00000000
core   0: 0x80006990 (0x0018ef33) or      t5, a7, ra
core   0: 3 0x80006990 (0x0018ef33) x30 0x80018ce4
core   0: 0x80006994 (0x006f9cb3) sll     s9, t6, t1
core   0: 3 0x80006994 (0x006f9cb3) x25 0x7ffe7711
core   0: 0x80006998 (0x330bdb17) auipc   s6, 0x330bd
core   0: 3 0x80006998 (0x330bdb17) x22 0xb30c3998
core   0: 0x8000699c (0x41b08db3) sub     s11, ra, s11
core   0: 3 0x8000699c (0x41b08db3) x27 0x80018ce4
core   0: 0x800069a0 (0x027c00b3) mul     ra, s8, t2
core   0: 3 0x800069a0 (0x027c00b3) x 1 0x00000000
core   0: 0x800069a4 (0x02365533) divu    a0, a2, gp
core   0: 3 0x800069a4 (0x02365533) x10 0xffffffff
core   0: 0x800069a8 (0x0010c033) xor     zero, ra, ra
core   0: 3 0x800069a8 (0x0010c033)
core   0: 0x800069ac (0xfe68a213) slti    tp, a7, -26
core   0: 3 0x800069ac (0xfe68a213) x 4 0x00000000
core   0: 0x800069b0 (0x00000013) nop
core   0: 3 0x800069b0 (0x00000013)
core   0: 0x800069b4 (0x0157a633) slt     a2, a5, s5
core   0: 3 0x800069b4 (0x0157a633) x12 0x00000000
core   0: 0x800069b8 (0x0220e833) rem     a6, ra, sp
core   0: 3 0x800069b8 (0x0220e833) x16 0x00000000
core   0: 0x800069bc (0x413804b3) sub     s1, a6, s3
core   0: 3 0x800069bc (0x413804b3) x 9 0x01d7e085
core   0: 0x800069c0 (0x00000013) nop
core   0: 3 0x800069c0 (0x00000013)
core   0: 0x800069c4 (0x00000013) nop
core   0: 3 0x800069c4 (0x00000013)
core   0: 0x800069c8 (0x018d6cb3) or      s9, s10, s8
core   0: 3 0x800069c8 (0x018d6cb3) x25 0xffffc000
core   0: 0x800069cc (0xaad82793) slti    a5, a6, -1363
core   0: 3 0x800069cc (0xaad82793) x15 0x00000000
core   0: 0x800069d0 (0x03fed733) divu    a4, t4, t6
core   0: 3 0x800069d0 (0x03fed733) x14 0x00000001
core   0: 0x800069d4 (0x4397c4b7) lui     s1, 0x4397c
core   0: 3 0x800069d4 (0x4397c4b7) x 9 0x4397c000
core   0: 0x800069d8 (0x03af0ab3) mul     s5, t5, s10
core   0: 3 0x800069d8 (0x03af0ab3) x21 0x9cc70000
core   0: 0x800069dc (0x02ec4c33) div     s8, s8, a4
core   0: 3 0x800069dc (0x02ec4c33) x24 0x00000000
core   0: 0x800069e0 (0x03ba8333) mul     t1, s5, s11
core   0: 3 0x800069e0 (0x03ba8333) x 6 0x753c0000
core   0: 0x800069e4 (0x0089f533) and     a0, s3, s0
core   0: 3 0x800069e4 (0x0089f533) x10 0x00000000
core   0: 0x800069e8 (0xd6eb0f93) addi    t6, s6, -658
core   0: 3 0x800069e8 (0xd6eb0f93) x31 0xb30c3706
core   0: 0x800069ec (0x0293f3b3) remu    t2, t2, s1
core   0: 3 0x800069ec (0x0293f3b3) x 7 0x00000001
core   0: 0x800069f0 (0x01e626b3) slt     a3, a2, t5
core   0: 3 0x800069f0 (0x01e626b3) x13 0x00000000
core   0: 0x800069f4 (0xbcf34b13) xori    s6, t1, -1073
core   0: 3 0x800069f4 (0xbcf34b13) x22 0x8ac3fbcf
core   0: 0x800069f8 (0x01ee5a33) srl     s4, t3, t5
core   0: 3 0x800069f8 (0x01ee5a33) x20 0x080018ce
core   0: 0x800069fc (0x007bf3b3) and     t2, s7, t2
core   0: 3 0x800069fc (0x007bf3b3) x 7 0x00000000
core   0: 0x80006a00 (0x03601fb3) mulh    t6, zero, s6
core   0: 3 0x80006a00 (0x03601fb3) x31 0x00000000
core   0: 0x80006a04 (0x03f2f933) remu    s2, t0, t6
core   0: 3 0x80006a04 (0x03f2f933) x18 0x80014e64
core   0: 0x80006a08 (0x037ca8b3) mulhsu  a7, s9, s7
core   0: 3 0x80006a08 (0x037ca8b3) x17 0xffffffff
core   0: 0x80006a0c (0x6a1d6c13) ori     s8, s10, 1697
core   0: 3 0x80006a0c (0x6a1d6c13) x24 0xffffc6a1
core   0: 0x80006a10 (0x00000013) nop
core   0: 3 0x80006a10 (0x00000013)
core   0: 0x80006a14 (0x017d45b3) xor     a1, s10, s7
core   0: 3 0x80006a14 (0x017d45b3) x11 0xffffc4da
core   0: 0x80006a18 (0x02847633) remu    a2, s0, s0
core   0: 3 0x80006a18 (0x02847633) x12 0x00000000
core   0: 0x80006a1c (0x9b742493) slti    s1, s0, -1609
core   0: 3 0x80006a1c (0x9b742493) x 9 0x00000000
core   0: 0x80006a20 (0x2d332613) slti    a2, t1, 723
core   0: 3 0x80006a20 (0x2d332613) x12 0x00000000
core   0: 0x80006a24 (0x025d51b3) divu    gp, s10, t0
core   0: 3 0x80006a24 (0x025d51b3) x 3 0x00000001
core   0: 0x80006a28 (0x009904b3) add     s1, s2, s1
core   0: 3 0x80006a28 (0x009904b3) x 9 0x80014e64
core   0: 0x80006a2c (0x01c71c93) slli    s9, a4, 28
core   0: 3 0x80006a2c (0x01c71c93) x25 0x10000000
core   0: 0x80006a30 (0x02defa33) remu    s4, t4, a3
core   0: 3 0x80006a30 (0x02defa33) x20 0xfe2819ca
core   0: 0x80006a34 (0x4144d913) srai    s2, s1, 20
core   0: 3 0x80006a34 (0x4144d913) x18 0xfffff800
core   0: 0x80006a38 (0x010264b3) or      s1, tp, a6
core   0: 3 0x80006a38 (0x010264b3) x 9 0x00000000
core   0: 0x80006a3c (0x01819393) slli    t2, gp, 24
core   0: 3 0x80006a3c (0x01819393) x 7 0x01000000
core   0: 0x80006a40 (0x0093d993) srli    s3, t2, 9
core   0: 3 0x80006a40 (0x0093d993) x19 0x00008000
core   0: 0x80006a44 (0x416fd813) srai    a6, t6, 22
core   0: 3 0x80006a44 (0x416fd813) x16 0x00000000
core   0: 0x80006a48 (0xc74f6593) ori     a1, t5, -908
core   0: 3 0x80006a48 (0xc74f6593) x11 0xfffffcf4
core   0: 0x80006a4c (0x02e83a33) mulhu   s4, a6, a4
core   0: 3 0x80006a4c (0x02e83a33) x20 0x00000000
core   0: 0x80006a50 (0x001d3bb3) sltu    s7, s10, ra
core   0: 3 0x80006a50 (0x001d3bb3) x23 0x00000000
core   0: 0x80006a54 (0x0011a9b3) slt     s3, gp, ra
core   0: 3 0x80006a54 (0x0011a9b3) x19 0x00000000
core   0: 0x80006a58 (0x01fc6533) or      a0, s8, t6
core   0: 3 0x80006a58 (0x01fc6533) x10 0xffffc6a1
core   0: 0x80006a5c (0x7e202637) lui     a2, 0x7e202
core   0: 3 0x80006a5c (0x7e202637) x12 0x7e202000
core   0: 0x80006a60 (0x00b737b3) sltu    a5, a4, a1
core   0: 3 0x80006a60 (0x00b737b3) x15 0x00000001
core   0: 0x80006a64 (0x00fad933) srl     s2, s5, a5
core   0: 3 0x80006a64 (0x00fad933) x18 0x4e638000
core   0: 0x80006a68 (0x40b704b3) sub     s1, a4, a1
core   0: 3 0x80006a68 (0x40b704b3) x 9 0x0000030d
core   0: 0x80006a6c (0x407d0633) sub     a2, s10, t2
core   0: 3 0x80006a6c (0x407d0633) x12 0xfeffc000
core   0: 0x80006a70 (0x01074033) xor     zero, a4, a6
core   0: 3 0x80006a70 (0x01074033)
core   0: 0x80006a74 (0x5d377cb7) lui     s9, 0x5d377
core   0: 3 0x80006a74 (0x5d377cb7) x25 0x5d377000
core   0: 0x80006a78 (0x41575393) srai    t2, a4, 21
core   0: 3 0x80006a78 (0x41575393) x 7 0x00000000
core   0: 0x80006a7c (0x7185f893) andi    a7, a1, 1816
core   0: 3 0x80006a7c (0x7185f893) x17 0x00000410
core   0: 0x80006a80 (0xc9423d93) sltiu   s11, tp, -876
core   0: 3 0x80006a80 (0xc9423d93) x27 0x00000001
core   0: 0x80006a84 (0x3358c693) xori    a3, a7, 821
core   0: 3 0x80006a84 (0x3358c693) x13 0x00000725
core   0: 0x80006a88 (0x01ecd733) srl     a4, s9, t5
core   0: 3 0x80006a88 (0x01ecd733) x14 0x05d37700
core   0: 0x80006a8c (0x1744f693) andi    a3, s1, 372
core   0: 3 0x80006a8c (0x1744f693) x13 0x00000104
core   0: 0x80006a90 (0x010fec33) or      s8, t6, a6
core   0: 3 0x80006a90 (0x010fec33) x24 0x00000000
core   0: 0x80006a94 (0x02eaa4b3) mulhsu  s1, s5, a4
core   0: 3 0x80006a94 (0x02eaa4b3) x 9 0xfdbdece5
core   0: 0x80006a98 (0x019a5d33) srl     s10, s4, s9
core   0: 3 0x80006a98 (0x019a5d33) x26 0x00000000
core   0: 0x80006a9c (0x03a86bb3) rem     s7, a6, s10
core   0: 3 0x80006a9c (0x03a86bb3) x23 0x00000000
core   0: 0x80006aa0 (0x02a6c0b3) div     ra, a3, a0
core   0: 3 0x80006aa0 (0x02a6c0b3) x 1 0x00000000
core   0: 0x80006aa4 (0x00495833) srl     a6, s2, tp
core   0: 3 0x80006aa4 (0x00495833) x16 0x4e638000
core   0: 0x80006aa8 (0x8696aeb7) lui     t4, 0x8696a
core   0: 3 0x80006aa8 (0x8696aeb7) x29 0x8696a000
core   0: 0x80006aac (0x03b99733) mulh    a4, s3, s11
core   0: 3 0x80006aac (0x03b99733) x14 0x00000000
core   0: 0x80006ab0 (0x02ca6c33) rem     s8, s4, a2
core   0: 3 0x80006ab0 (0x02ca6c33) x24 0x00000000
core   0: 0x80006ab4 (0xf98b2193) slti    gp, s6, -104
core   0: 3 0x80006ab4 (0xf98b2193) x 3 0x00000001
core   0: 0x80006ab8 (0x01de2fb3) slt     t6, t3, t4
core   0: 3 0x80006ab8 (0x01de2fb3) x31 0x00000001
core   0: 0x80006abc (0xdc0bfb97) auipc   s7, 0xdc0bf
core   0: 3 0x80006abc (0xdc0bfb97) x23 0x5c0c5abc
core   0: 0x80006ac0 (0x0185f233) and     tp, a1, s8
core   0: 3 0x80006ac0 (0x0185f233) x 4 0x00000000
core   0: 0x80006ac4 (0x00ac1a13) slli    s4, s8, 10
core   0: 3 0x80006ac4 (0x00ac1a13) x20 0x00000000
core   0: 0x80006ac8 (0x0281d533) divu    a0, gp, s0
core   0: 3 0x80006ac8 (0x0281d533) x10 0xffffffff
core   0: 0x80006acc (0x6fd1da17) auipc   s4, 0x6fd1d
core   0: 3 0x80006acc (0x6fd1da17) x20 0xefd23acc
core   0: 0x80006ad0 (0x4b484c93) xori    s9, a6, 1204
core   0: 3 0x80006ad0 (0x4b484c93) x25 0x4e6384b4
core   0: 0x80006ad4 (0x003d3db3) sltu    s11, s10, gp
core   0: 3 0x80006ad4 (0x003d3db3) x27 0x00000001
core   0: 0x80006ad8 (0xb737a593) slti    a1, a5, -1165
core   0: 3 0x80006ad8 (0xb737a593) x11 0x00000000
core   0: 0x80006adc (0x0032d393) srli    t2, t0, 3
core   0: 3 0x80006adc (0x0032d393) x 7 0x100029cc
core   0: 0x80006ae0 (0x00000013) nop
core   0: 3 0x80006ae0 (0x00000013)
core   0: 0x80006ae4 (0x6f2c8593) addi    a1, s9, 1778
core   0: 3 0x80006ae4 (0x6f2c8593) x11 0x4e638ba6
core   0: 0x80006ae8 (0x02bac3b3) div     t2, s5, a1
core   0: 3 0x80006ae8 (0x02bac3b3) x 7 0xffffffff
core   0: 0x80006aec (0x40525533) sra     a0, tp, t0
core   0: 3 0x80006aec (0x40525533) x10 0x00000000
core   0: 0x80006af0 (0x0132d013) srli    zero, t0, 19
core   0: 3 0x80006af0 (0x0132d013)
core   0: 0x80006af4 (0x00fda933) slt     s2, s11, a5
core   0: 3 0x80006af4 (0x00fda933) x18 0x00000000
core   0: 0x80006af8 (0xa32bba93) sltiu   s5, s7, -1486
core   0: 3 0x80006af8 (0xa32bba93) x21 0x00000001
core   0: 0x80006afc (0x01438fb3) add     t6, t2, s4
core   0: 3 0x80006afc (0x01438fb3) x31 0xefd23acb
core   0: 0x80006b00 (0x0319e0b3) rem     ra, s3, a7
core   0: 3 0x80006b00 (0x0319e0b3) x 1 0x00000000
core   0: 0x80006b04 (0x031abf33) mulhu   t5, s5, a7
core   0: 3 0x80006b04 (0x031abf33) x30 0x00000000
core   0: 0x80006b08 (0x40f95813) srai    a6, s2, 15
core   0: 3 0x80006b08 (0x40f95813) x16 0x00000000
core   0: 0x80006b0c (0x01c62033) slt     zero, a2, t3
core   0: 3 0x80006b0c (0x01c62033)
core   0: 0x80006b10 (0xd59e5937) lui     s2, 0xd59e5
core   0: 3 0x80006b10 (0xd59e5937) x18 0xd59e5000
core   0: 0x80006b14 (0x01ba4d33) xor     s10, s4, s11
core   0: 3 0x80006b14 (0x01ba4d33) x26 0xefd23acd
core   0: 0x80006b18 (0x42c5e3b7) lui     t2, 0x42c5e
core   0: 3 0x80006b18 (0x42c5e3b7) x 7 0x42c5e000
core   0: 0x80006b1c (0x3fcda993) slti    s3, s11, 1020
core   0: 3 0x80006b1c (0x3fcda993) x19 0x00000001
core   0: 0x80006b20 (0x0040ceb3) xor     t4, ra, tp
core   0: 3 0x80006b20 (0x0040ceb3) x29 0x00000000
core   0: 0x80006b24 (0x40e10bb3) sub     s7, sp, a4
core   0: 3 0x80006b24 (0x40e10bb3) x23 0x00000008
core   0: 0x80006b28 (0x0746ec93) ori     s9, a3, 116
core   0: 3 0x80006b28 (0x0746ec93) x25 0x00000174
core   0: 0x80006b2c (0x4601f313) andi    t1, gp, 1120
core   0: 3 0x80006b2c (0x4601f313) x 6 0x00000000
core   0: 0x80006b30 (0x0223fa97) auipc   s5, 0x223f
core   0: 3 0x80006b30 (0x0223fa97) x21 0x82245b30
core   0: 0x80006b34 (0xce932217) auipc   tp, 0xce932
core   0: 3 0x80006b34 (0xce932217) x 4 0x4e938b34
core   0: 0x80006b38 (0x023efa33) remu    s4, t4, gp
core   0: 3 0x80006b38 (0x023efa33) x20 0x00000000
core   0: 0x80006b3c (0x2d07a0b7) lui     ra, 0x2d07a
core   0: 3 0x80006b3c (0x2d07a0b7) x 1 0x2d07a000
core   0: 0x80006b40 (0x5004c397) auipc   t2, 0x5004c
core   0: 3 0x80006b40 (0x5004c397) x 7 0xd0052b40
core   0: 0x80006b44 (0x411701b3) sub     gp, a4, a7
core   0: 3 0x80006b44 (0x411701b3) x 3 0xfffffbf0
core   0: 0x80006b48 (0x41655613) srai    a2, a0, 22
core   0: 3 0x80006b48 (0x41655613) x12 0x00000000
core   0: 0x80006b4c (0x51eb3093) sltiu   ra, s6, 1310
core   0: 3 0x80006b4c (0x51eb3093) x 1 0x00000000
core   0: 0x80006b50 (0x626e0393) addi    t2, t3, 1574
core   0: 3 0x80006b50 (0x626e0393) x 7 0x8001930a
core   0: 0x80006b54 (0x01aad6b3) srl     a3, s5, s10
core   0: 3 0x80006b54 (0x01aad6b3) x13 0x00041122
core   0: 0x80006b58 (0x02c32533) mulhsu  a0, t1, a2
core   0: 3 0x80006b58 (0x02c32533) x10 0x00000000
core   0: 0x80006b5c (0x00543733) sltu    a4, s0, t0
core   0: 3 0x80006b5c (0x00543733) x14 0x00000001
core   0: 0x80006b60 (0x03828333) mul     t1, t0, s8
core   0: 3 0x80006b60 (0x03828333) x 6 0x00000000
core   0: 0x80006b64 (0xc28d3093) sltiu   ra, s10, -984
core   0: 3 0x80006b64 (0xc28d3093) x 1 0x00000001
core   0: 0x80006b68 (0x000423b3) slt     t2, s0, zero
core   0: 3 0x80006b68 (0x000423b3) x 7 0x00000000
core   0: 0x80006b6c (0x2a710a13) addi    s4, sp, 679
core   0: 3 0x80006b6c (0x2a710a13) x20 0x000002af
core   0: 0x80006b70 (0x030a1933) mulh    s2, s4, a6
core   0: 3 0x80006b70 (0x030a1933) x18 0x00000000
core   0: 0x80006b74 (0x01d85693) srli    a3, a6, 29
core   0: 3 0x80006b74 (0x01d85693) x13 0x00000000
core   0: 0x80006b78 (0x00000013) nop
core   0: 3 0x80006b78 (0x00000013)
core   0: 0x80006b7c (0xae6e0197) auipc   gp, 0xae6e0
core   0: 3 0x80006b7c (0xae6e0197) x 3 0x2e6e6b7c
core   0: 0x80006b80 (0x00000013) nop
core   0: 3 0x80006b80 (0x00000013)
core   0: 0x80006b84 (0x4121dc93) srai    s9, gp, 18
core   0: 3 0x80006b84 (0x4121dc93) x25 0x00000b9b
core   0: 0x80006b88 (0x0097c7b3) xor     a5, a5, s1
core   0: 3 0x80006b88 (0x0097c7b3) x15 0xfdbdece4
core   0: 0x80006b8c (0x9af6b517) auipc   a0, 0x9af6b
core   0: 3 0x80006b8c (0x9af6b517) x10 0x1af71b8c
core   0: 0x80006b90 (0x014c5813) srli    a6, s8, 20
core   0: 3 0x80006b90 (0x014c5813) x16 0x00000000
core   0: 0x80006b94 (0x02ac1233) mulh    tp, s8, a0
core   0: 3 0x80006b94 (0x02ac1233) x 4 0x00000000
core   0: 0x80006b98 (0x02405633) divu    a2, zero, tp
core   0: 3 0x80006b98 (0x02405633) x12 0xffffffff
core   0: 0x80006b9c (0x01bb6d33) or      s10, s6, s11
core   0: 3 0x80006b9c (0x01bb6d33) x26 0x8ac3fbcf
core   0: 0x80006ba0 (0x01e1a833) slt     a6, gp, t5
core   0: 3 0x80006ba0 (0x01e1a833) x16 0x00000000
core   0: 0x80006ba4 (0x40db54b3) sra     s1, s6, a3
core   0: 3 0x80006ba4 (0x40db54b3) x 9 0x8ac3fbcf
core   0: 0x80006ba8 (0x7a03a697) auipc   a3, 0x7a03a
core   0: 3 0x80006ba8 (0x7a03a697) x13 0xfa040ba8
core   0: 0x80006bac (0x00401b93) slli    s7, zero, 4
core   0: 3 0x80006bac (0x00401b93) x23 0x00000000
core   0: 0x80006bb0 (0x980ce313) ori     t1, s9, -1664
core   0: 3 0x80006bb0 (0x980ce313) x 6 0xfffffb9b
core   0: 0x80006bb4 (0x00c4f333) and     t1, s1, a2
core   0: 3 0x80006bb4 (0x00c4f333) x 6 0x8ac3fbcf
core   0: 0x80006bb8 (0x00aa26b3) slt     a3, s4, a0
core   0: 3 0x80006bb8 (0x00aa26b3) x13 0x00000001
core   0: 0x80006bbc (0x408255b3) sra     a1, tp, s0
core   0: 3 0x80006bbc (0x408255b3) x11 0x00000000
core   0: 0x80006bc0 (0x015d6ab3) or      s5, s10, s5
core   0: 3 0x80006bc0 (0x015d6ab3) x21 0x8ae7fbff
core   0: 0x80006bc4 (0x0095ea33) or      s4, a1, s1
core   0: 3 0x80006bc4 (0x0095ea33) x20 0x8ac3fbcf
core   0: 0x80006bc8 (0x017cdc33) srl     s8, s9, s7
core   0: 3 0x80006bc8 (0x017cdc33) x24 0x00000b9b
core   0: 0x80006bcc (0x00725f93) srli    t6, tp, 7
core   0: 3 0x80006bcc (0x00725f93) x31 0x00000000
core   0: 0x80006bd0 (0x14ebc813) xori    a6, s7, 334
core   0: 3 0x80006bd0 (0x14ebc813) x16 0x0000014e
core   0: 0x80006bd4 (0x023fe4b3) rem     s1, t6, gp
core   0: 3 0x80006bd4 (0x023fe4b3) x 9 0x00000000
core   0: 0x80006bd8 (0x00000013) nop
core   0: 3 0x80006bd8 (0x00000013)
core   0: 0x80006bdc (0xf1257713) andi    a4, a0, -238
core   0: 3 0x80006bdc (0xf1257713) x14 0x1af71b00
core   0: 0x80006be0 (0x4097dd13) srai    s10, a5, 9
core   0: 3 0x80006be0 (0x4097dd13) x26 0xfffedef6
core   0: 0x80006be4 (0x425c7217) auipc   tp, 0x425c7
core   0: 3 0x80006be4 (0x425c7217) x 4 0xc25cdbe4
core   0: 0x80006be8 (0x01f59893) slli    a7, a1, 31
core   0: 3 0x80006be8 (0x01f59893) x17 0x00000000
core   0: 0x80006bec (0x02f337b3) mulhu   a5, t1, a5
core   0: 3 0x80006bec (0x02f337b3) x15 0x898aa2f4
core   0: 0x80006bf0 (0x01449ab3) sll     s5, s1, s4
core   0: 3 0x80006bf0 (0x01449ab3) x21 0x00000000
core   0: 0x80006bf4 (0x4ff36013) ori     zero, t1, 1279
core   0: 3 0x80006bf4 (0x4ff36013)
core   0: 0x80006bf8 (0x01c2f3b3) and     t2, t0, t3
core   0: 3 0x80006bf8 (0x01c2f3b3) x 7 0x80010c64
core   0: 0x80006bfc (0x01fb77b3) and     a5, s6, t6
core   0: 3 0x80006bfc (0x01fb77b3) x15 0x00000000
core   0: 0x80006c00 (0x0164a533) slt     a0, s1, s6
core   0: 3 0x80006c00 (0x0164a533) x10 0x00000000
core   0: 0x80006c04 (0x03e0c7b3) div     a5, ra, t5
core   0: 3 0x80006c04 (0x03e0c7b3) x15 0xffffffff
core   0: 0x80006c08 (0x82880993) addi    s3, a6, -2008
core   0: 3 0x80006c08 (0x82880993) x19 0xfffff976
core   0: 0x80006c0c (0x00ce9213) slli    tp, t4, 12
core   0: 3 0x80006c0c (0x00ce9213) x 4 0x00000000
core   0: 0x80006c10 (0x0078cdb3) xor     s11, a7, t2
core   0: 3 0x80006c10 (0x0078cdb3) x27 0x80010c64
core   0: 0x80006c14 (0x00efe333) or      t1, t6, a4
core   0: 3 0x80006c14 (0x00efe333) x 6 0x1af71b00
core   0: 0x80006c18 (0x036d7893) andi    a7, s10, 54
core   0: 3 0x80006c18 (0x036d7893) x17 0x00000036
core   0: 0x80006c1c (0x0271e5b3) rem     a1, gp, t2
core   0: 3 0x80006c1c (0x0271e5b3) x11 0x2e6e6b7c
core   0: 0x80006c20 (0x03916f13) ori     t5, sp, 57
core   0: 3 0x80006c20 (0x03916f13) x30 0x00000039
core   0: 0x80006c24 (0xf10af713) andi    a4, s5, -240
core   0: 3 0x80006c24 (0xf10af713) x14 0x00000000
core   0: 0x80006c28 (0x00229013) slli    zero, t0, 2
core   0: 3 0x80006c28 (0x00229013)
core   0: 0x80006c2c (0x019f9413) slli    s0, t6, 25
core   0: 3 0x80006c2c (0x019f9413) x 8 0x00000000
core   0: 0x80006c30 (0x02e489b3) mul     s3, s1, a4
core   0: 3 0x80006c30 (0x02e489b3) x19 0x00000000
core   0: 0x80006c34 (0x0005c1b3) xor     gp, a1, zero
core   0: 3 0x80006c34 (0x0005c1b3) x 3 0x2e6e6b7c
core   0: 0x80006c38 (0x037badb3) mulhsu  s11, s7, s7
core   0: 3 0x80006c38 (0x037badb3) x27 0x00000000
core   0: 0x80006c3c (0xf9a2f413) andi    s0, t0, -102
core   0: 3 0x80006c3c (0xf9a2f413) x 8 0x80014e00
core   0: 0x80006c40 (0x02a48933) mul     s2, s1, a0
core   0: 3 0x80006c40 (0x02a48933) x18 0x00000000
core   0: 0x80006c44 (0x003c3eb3) sltu    t4, s8, gp
core   0: 3 0x80006c44 (0x003c3eb3) x29 0x00000001
core   0: 0x80006c48 (0x016f2233) slt     tp, t5, s6
core   0: 3 0x80006c48 (0x016f2233) x 4 0x00000000
core   0: 0x80006c4c (0x01b41eb3) sll     t4, s0, s11
core   0: 3 0x80006c4c (0x01b41eb3) x29 0x80014e00
core   0: 0x80006c50 (0x018fdb33) srl     s6, t6, s8
core   0: 3 0x80006c50 (0x018fdb33) x22 0x00000000
core   0: 0x80006c54 (0xa9a0bd13) sltiu   s10, ra, -1382
core   0: 3 0x80006c54 (0xa9a0bd13) x26 0x00000001
core   0: 0x80006c58 (0xa5e48993) addi    s3, s1, -1442
core   0: 3 0x80006c58 (0xa5e48993) x19 0xfffffa5e
core   0: 0x80006c5c (0x021460b3) rem     ra, s0, ra
core   0: 3 0x80006c5c (0x021460b3) x 1 0x00000000
core   0: 0x80006c60 (0x035a11b3) mulh    gp, s4, s5
core   0: 3 0x80006c60 (0x035a11b3) x 3 0x00000000
core   0: 0x80006c64 (0x01c5ed33) or      s10, a1, t3
core   0: 3 0x80006c64 (0x01c5ed33) x26 0xae6feffc
core   0: 0x80006c68 (0xa82125b7) lui     a1, 0xa8212
core   0: 3 0x80006c68 (0xa82125b7) x11 0xa8212000
core   0: 0x80006c6c (0x9e04a213) slti    tp, s1, -1568
core   0: 3 0x80006c6c (0x9e04a213) x 4 0x00000000
core   0: 0x80006c70 (0x01a0d493) srli    s1, ra, 26
core   0: 3 0x80006c70 (0x01a0d493) x 9 0x00000000
core   0: 0x80006c74 (0x8f94b013) sltiu   zero, s1, -1799
core   0: 3 0x80006c74 (0x8f94b013)
core   0: 0x80006c78 (0x035816b3) mulh    a3, a6, s5
core   0: 3 0x80006c78 (0x035816b3) x13 0x00000000
core   0: 0x80006c7c (0x02fc9f33) mulh    t5, s9, a5
core   0: 3 0x80006c7c (0x02fc9f33) x30 0xffffffff
core   0: 0x80006c80 (0x010c5213) srli    tp, s8, 16
core   0: 3 0x80006c80 (0x010c5213) x 4 0x00000000
core   0: 0x80006c84 (0x00e10f33) add     t5, sp, a4
core   0: 3 0x80006c84 (0x00e10f33) x30 0x00000008
core   0: 0x80006c88 (0xd0923793) sltiu   a5, tp, -759
core   0: 3 0x80006c88 (0xd0923793) x15 0x00000001
core   0: 0x80006c8c (0x48ed3b13) sltiu   s6, s10, 1166
core   0: 3 0x80006c8c (0x48ed3b13) x22 0x00000000
core   0: 0x80006c90 (0xcb3f8a93) addi    s5, t6, -845
core   0: 3 0x80006c90 (0xcb3f8a93) x21 0xfffffcb3
core   0: 0x80006c94 (0x418ad4b3) sra     s1, s5, s8
core   0: 3 0x80006c94 (0x418ad4b3) x 9 0xffffffff
core   0: 0x80006c98 (0x006cfbb3) and     s7, s9, t1
core   0: 3 0x80006c98 (0x006cfbb3) x23 0x00000b00
core   0: 0x80006c9c (0x02f684b3) mul     s1, a3, a5
core   0: 3 0x80006c9c (0x02f684b3) x 9 0x00000000
core   0: 0x80006ca0 (0x033851b3) divu    gp, a6, s3
core   0: 3 0x80006ca0 (0x033851b3) x 3 0x00000000
core   0: 0x80006ca4 (0xdbca2613) slti    a2, s4, -580
core   0: 3 0x80006ca4 (0xdbca2613) x12 0x00000001
core   0: 0x80006ca8 (0x02c913b3) mulh    t2, s2, a2
core   0: 3 0x80006ca8 (0x02c913b3) x 7 0x00000000
core   0: 0x80006cac (0x41bf5313) srai    t1, t5, 27
core   0: 3 0x80006cac (0x41bf5313) x 6 0x00000000
core   0: 0x80006cb0 (0x404404b3) sub     s1, s0, tp
core   0: 3 0x80006cb0 (0x404404b3) x 9 0x80014e00
core   0: 0x80006cb4 (0x03b917b3) mulh    a5, s2, s11
core   0: 3 0x80006cb4 (0x03b917b3) x15 0x00000000
core   0: 0x80006cb8 (0x02f9ceb3) div     t4, s3, a5
core   0: 3 0x80006cb8 (0x02f9ceb3) x29 0xffffffff
core   0: 0x80006cbc (0x03c250b3) divu    ra, tp, t3
core   0: 3 0x80006cbc (0x03c250b3) x 1 0x00000000
core   0: 0x80006cc0 (0x03944533) div     a0, s0, s9
core   0: 3 0x80006cc0 (0x03944533) x10 0xfff4f89e
core   0: 0x80006cc4 (0x00714f33) xor     t5, sp, t2
core   0: 3 0x80006cc4 (0x00714f33) x30 0x00000008
core   0: 0x80006cc8 (0x014609b3) add     s3, a2, s4
core   0: 3 0x80006cc8 (0x014609b3) x19 0x8ac3fbd0
core   0: 0x80006ccc (0xb98f7793) andi    a5, t5, -1128
core   0: 3 0x80006ccc (0xb98f7793) x15 0x00000008
core   0: 0x80006cd0 (0x41f4d6b3) sra     a3, s1, t6
core   0: 3 0x80006cd0 (0x41f4d6b3) x13 0x80014e00
core   0: 0x80006cd4 (0x008d3633) sltu    a2, s10, s0
core   0: 3 0x80006cd4 (0x008d3633) x12 0x00000000
core   0: 0x80006cd8 (0x01cc4b33) xor     s6, s8, t3
core   0: 3 0x80006cd8 (0x01cc4b33) x22 0x8001877f
core   0: 0x80006cdc (0x007c5b33) srl     s6, s8, t2
core   0: 3 0x80006cdc (0x007c5b33) x22 0x00000b9b
core   0: 0x80006ce0 (0x2a20ca13) xori    s4, ra, 674
core   0: 3 0x80006ce0 (0x2a20ca13) x20 0x000002a2
core   0: 0x80006ce4 (0x01edd193) srli    gp, s11, 30
core   0: 3 0x80006ce4 (0x01edd193) x 3 0x00000000
core   0: 0x80006ce8 (0x039856b3) divu    a3, a6, s9
core   0: 3 0x80006ce8 (0x039856b3) x13 0x00000000
core   0: 0x80006cec (0xdf4e4e93) xori    t4, t3, -524
core   0: 3 0x80006cec (0xdf4e4e93) x29 0x7ffe7110
core   0: 0x80006cf0 (0x02d3c0b3) div     ra, t2, a3
core   0: 3 0x80006cf0 (0x02d3c0b3) x 1 0xffffffff
core   0: 0x80006cf4 (0x00f20db3) add     s11, tp, a5
core   0: 3 0x80006cf4 (0x00f20db3) x27 0x00000008
core   0: 0x80006cf8 (0x41415933) sra     s2, sp, s4
core   0: 3 0x80006cf8 (0x41415933) x18 0x00000002
core   0: 0x80006cfc (0x08863093) sltiu   ra, a2, 136
core   0: 3 0x80006cfc (0x08863093) x 1 0x00000001
core   0: 0x80006d00 (0x42f1e193) ori     gp, gp, 1071
core   0: 3 0x80006d00 (0x42f1e193) x 3 0x0000042f
core   0: 0x80006d04 (0x81aef093) andi    ra, t4, -2022
core   0: 3 0x80006d04 (0x81aef093) x 1 0x7ffe7010
core   0: 0x80006d08 (0x0382b733) mulhu   a4, t0, s8
core   0: 3 0x80006d08 (0x0382b733) x14 0x000005cd
core   0: 0x80006d0c (0x025b7f33) remu    t5, s6, t0
core   0: 3 0x80006d0c (0x025b7f33) x30 0x00000b9b
core   0: 0x80006d10 (0x41cf0233) sub     tp, t5, t3
core   0: 3 0x80006d10 (0x41cf0233) x 4 0x7ffe7eb7
core   0: 0x80006d14 (0x01a1f233) and     tp, gp, s10
core   0: 3 0x80006d14 (0x01a1f233) x 4 0x0000042c
core   0: 0x80006d18 (0x00003433) snez    s0, zero
core   0: 3 0x80006d18 (0x00003433) x 8 0x00000000
core   0: 0x80006d1c (0x038b6f33) rem     t5, s6, s8
core   0: 3 0x80006d1c (0x038b6f33) x30 0x00000000
core   0: 0x80006d20 (0x02d2b733) mulhu   a4, t0, a3
core   0: 3 0x80006d20 (0x02d2b733) x14 0x00000000
core   0: 0x80006d24 (0x009d8d33) add     s10, s11, s1
core   0: 3 0x80006d24 (0x009d8d33) x26 0x80014e08
core   0: 0x80006d28 (0x03178b33) mul     s6, a5, a7
core   0: 3 0x80006d28 (0x03178b33) x22 0x000001b0
core   0: 0x80006d2c (0x0217d8b3) divu    a7, a5, ra
core   0: 3 0x80006d2c (0x0217d8b3) x17 0x00000000
core   0: 0x80006d30 (0xb4808b93) addi    s7, ra, -1208
core   0: 3 0x80006d30 (0xb4808b93) x23 0x7ffe6b58
core   0: 0x80006d34 (0x01ab04b3) add     s1, s6, s10
core   0: 3 0x80006d34 (0x01ab04b3) x 9 0x80014fb8
core   0: 0x80006d38 (0x00501393) slli    t2, zero, 5
core   0: 3 0x80006d38 (0x00501393) x 7 0x00000000
core   0: 0x80006d3c (0x03e38b33) mul     s6, t2, t5
core   0: 3 0x80006d3c (0x03e38b33) x22 0x00000000
core   0: 0x80006d40 (0x027c90b3) mulh    ra, s9, t2
core   0: 3 0x80006d40 (0x027c90b3) x 1 0x00000000
core   0: 0x80006d44 (0x00079613) slli    a2, a5, 0
core   0: 3 0x80006d44 (0x00079613) x12 0x00000008
core   0: 0x80006d48 (0x01299f93) slli    t6, s3, 18
core   0: 3 0x80006d48 (0x01299f93) x31 0xef400000
core   0: 0x80006d4c (0x41530033) sub     zero, t1, s5
core   0: 3 0x80006d4c (0x41530033)
core   0: 0x80006d50 (0x02dc3b33) mulhu   s6, s8, a3
core   0: 3 0x80006d50 (0x02dc3b33) x22 0x00000000
core   0: 0x80006d54 (0x03dd26b3) mulhsu  a3, s10, t4
core   0: 3 0x80006d54 (0x03dd26b3) x13 0xc0016e79
core   0: 0x80006d58 (0x01594633) xor     a2, s2, s5
core   0: 3 0x80006d58 (0x01594633) x12 0xfffffcb1
core   0: 0x80006d5c (0x00aae433) or      s0, s5, a0
core   0: 3 0x80006d5c (0x00aae433) x 8 0xfffffcbf
core   0: 0x80006d60 (0xd2c05f37) lui     t5, 0xd2c05
core   0: 3 0x80006d60 (0xd2c05f37) x30 0xd2c05000
core   0: 0x80006d64 (0x03e97933) remu    s2, s2, t5
core   0: 3 0x80006d64 (0x03e97933) x18 0x00000002
core   0: 0x80006d68 (0x00478833) add     a6, a5, tp
core   0: 3 0x80006d68 (0x00478833) x16 0x00000434
core   0: 0x80006d6c (0x8351e393) ori     t2, gp, -1995
core   0: 3 0x80006d6c (0x8351e393) x 7 0xfffffc3f
core   0: 0x80006d70 (0x00e54d33) xor     s10, a0, a4
core   0: 3 0x80006d70 (0x00e54d33) x26 0xfff4f89e
core   0: 0x80006d74 (0x40a35933) sra     s2, t1, a0
core   0: 3 0x80006d74 (0x40a35933) x18 0x00000000
core   0: 0x80006d78 (0x41e957b3) sra     a5, s2, t5
core   0: 3 0x80006d78 (0x41e957b3) x15 0x00000000
core   0: 0x80006d7c (0x001a0933) add     s2, s4, ra
core   0: 3 0x80006d7c (0x001a0933) x18 0x000002a2
core   0: 0x80006d80 (0x03de2db3) mulhsu  s11, t3, t4
core   0: 3 0x80006d80 (0x03de2db3) x27 0xc0018de7
core   0: 0x80006d84 (0xa1799f17) auipc   t5, 0xa1799
core   0: 3 0x80006d84 (0xa1799f17) x30 0x2179fd84
core   0: 0x80006d88 (0x8f675a97) auipc   s5, 0x8f675
core   0: 3 0x80006d88 (0x8f675a97) x21 0x0f67bd88
core   0: 0x80006d8c (0x7b234993) xori    s3, t1, 1970
core   0: 3 0x80006d8c (0x7b234993) x19 0x000007b2
core   0: 0x80006d90 (0x0210e733) rem     a4, ra, ra
core   0: 3 0x80006d90 (0x0210e733) x14 0x00000000
core   0: 0x80006d94 (0x03eb49b3) div     s3, s6, t5
core   0: 3 0x80006d94 (0x03eb49b3) x19 0x00000000
core   0: 0x80006d98 (0x001304b3) add     s1, t1, ra
core   0: 3 0x80006d98 (0x001304b3) x 9 0x00000000
core   0: 0x80006d9c (0x03e98233) mul     tp, s3, t5
core   0: 3 0x80006d9c (0x03e98233) x 4 0x00000000
core   0: 0x80006da0 (0x02332933) mulhsu  s2, t1, gp
core   0: 3 0x80006da0 (0x02332933) x18 0x00000000
core   0: 0x80006da4 (0xe78b6513) ori     a0, s6, -392
core   0: 3 0x80006da4 (0xe78b6513) x10 0xfffffe78
core   0: 0x80006da8 (0x00788833) add     a6, a7, t2
core   0: 3 0x80006da8 (0x00788833) x16 0xfffffc3f
core   0: 0x80006dac (0x75046613) ori     a2, s0, 1872
core   0: 3 0x80006dac (0x75046613) x12 0xffffffff
core   0: 0x80006db0 (0x40b35f33) sra     t5, t1, a1
core   0: 3 0x80006db0 (0x40b35f33) x30 0x00000000
core   0: 0x80006db4 (0x769df5b7) lui     a1, 0x769df
core   0: 3 0x80006db4 (0x769df5b7) x11 0x769df000
core   0: 0x80006db8 (0x1c879fb7) lui     t6, 0x1c879
core   0: 3 0x80006db8 (0x1c879fb7) x31 0x1c879000
core   0: 0x80006dbc (0x03119633) mulh    a2, gp, a7
core   0: 3 0x80006dbc (0x03119633) x12 0x00000000
core   0: 0x80006dc0 (0x40d75bb3) sra     s7, a4, a3
core   0: 3 0x80006dc0 (0x40d75bb3) x23 0x00000000
core   0: 0x80006dc4 (0x083ee6b7) lui     a3, 0x83ee
core   0: 3 0x80006dc4 (0x083ee6b7) x13 0x083ee000
core   0: 0x80006dc8 (0x411805b3) sub     a1, a6, a7
core   0: 3 0x80006dc8 (0x411805b3) x11 0xfffffc3f
core   0: 0x80006dcc (0x6ce0c913) xori    s2, ra, 1742
core   0: 3 0x80006dcc (0x6ce0c913) x18 0x000006ce
core   0: 0x80006dd0 (0x01fa66b3) or      a3, s4, t6
core   0: 3 0x80006dd0 (0x01fa66b3) x13 0x1c8792a2
core   0: 0x80006dd4 (0x02df9a33) mulh    s4, t6, a3
core   0: 3 0x80006dd4 (0x02df9a33) x20 0x032def94
core   0: 0x80006dd8 (0x01e37033) and     zero, t1, t5
core   0: 3 0x80006dd8 (0x01e37033)
core   0: 0x80006ddc (0x038f6c33) rem     s8, t5, s8
core   0: 3 0x80006ddc (0x038f6c33) x24 0x00000000
core   0: 0x80006de0 (0x011671b3) and     gp, a2, a7
core   0: 3 0x80006de0 (0x011671b3) x 3 0x00000000
core   0: 0x80006de4 (0x16f49197) auipc   gp, 0x16f49
core   0: 3 0x80006de4 (0x16f49197) x 3 0x96f4fde4
core   0: 0x80006de8 (0x01265793) srli    a5, a2, 18
core   0: 3 0x80006de8 (0x01265793) x15 0x00000000
core   0: 0x80006dec (0x0163da93) srli    s5, t2, 22
core   0: 3 0x80006dec (0x0163da93) x21 0x000003ff
core   0: 0x80006df0 (0x013b9613) slli    a2, s7, 19
core   0: 3 0x80006df0 (0x013b9613) x12 0x00000000
core   0: 0x80006df4 (0x00000013) nop
core   0: 3 0x80006df4 (0x00000013)
core   0: 0x80006df8 (0xb20ec093) xori    ra, t4, -1248
core   0: 3 0x80006df8 (0xb20ec093) x 1 0x80018a30
core   0: 0x80006dfc (0x03419833) mulh    a6, gp, s4
core   0: 3 0x80006dfc (0x03419833) x16 0xfeb205bc
core   0: 0x80006e00 (0x01d31233) sll     tp, t1, t4
core   0: 3 0x80006e00 (0x01d31233) x 4 0x00000000
core   0: 0x80006e04 (0x00190cb3) add     s9, s2, ra
core   0: 3 0x80006e04 (0x00190cb3) x25 0x800190fe
core   0: 0x80006e08 (0x23422693) slti    a3, tp, 564
core   0: 3 0x80006e08 (0x23422693) x13 0x00000001
core   0: 0x80006e0c (0x16602417) auipc   s0, 0x16602
core   0: 3 0x80006e0c (0x16602417) x 8 0x96608e0c
core   0: 0x80006e10 (0x01fa6bb3) or      s7, s4, t6
core   0: 3 0x80006e10 (0x01fa6bb3) x23 0x1fafff94
core   0: 0x80006e14 (0x00c7eab3) or      s5, a5, a2
core   0: 3 0x80006e14 (0x00c7eab3) x21 0x00000000
core   0: 0x80006e18 (0x0040e233) or      tp, ra, tp
core   0: 3 0x80006e18 (0x0040e233) x 4 0x80018a30
core   0: 0x80006e1c (0x00371db3) sll     s11, a4, gp
core   0: 3 0x80006e1c (0x00371db3) x27 0x00000000
core   0: 0x80006e20 (0x00dbd313) srli    t1, s7, 13
core   0: 3 0x80006e20 (0x00dbd313) x 6 0x0000fd7f
core   0: 0x80006e24 (0x020608b3) mul     a7, a2, zero
core   0: 3 0x80006e24 (0x020608b3) x17 0x00000000
core   0: 0x80006e28 (0x068ecf93) xori    t6, t4, 104
core   0: 3 0x80006e28 (0x068ecf93) x31 0x7ffe7178
core   0: 0x80006e2c (0x00615893) srli    a7, sp, 6
core   0: 3 0x80006e2c (0x00615893) x17 0x00000000
core   0: 0x80006e30 (0x04cfe893) ori     a7, t6, 76
core   0: 3 0x80006e30 (0x04cfe893) x17 0x7ffe717c
core   0: 0x80006e34 (0x022a9db3) mulh    s11, s5, sp
core   0: 3 0x80006e34 (0x022a9db3) x27 0x00000000
core   0: 0x80006e38 (0x00f741b3) xor     gp, a4, a5
core   0: 3 0x80006e38 (0x00f741b3) x 3 0x00000000
core   0: 0x80006e3c (0x41468933) sub     s2, a3, s4
core   0: 3 0x80006e3c (0x41468933) x18 0xfcd2106d
core   0: 0x80006e40 (0x9fe1fc37) lui     s8, 0x9fe1f
core   0: 3 0x80006e40 (0x9fe1fc37) x24 0x9fe1f000
core   0: 0x80006e44 (0xfc84fbb7) lui     s7, 0xfc84f
core   0: 3 0x80006e44 (0xfc84fbb7) x23 0xfc84f000
core   0: 0x80006e48 (0x023013b3) mulh    t2, zero, gp
core   0: 3 0x80006e48 (0x023013b3) x 7 0x00000000
core   0: 0x80006e4c (0x03f3b333) mulhu   t1, t2, t6
core   0: 3 0x80006e4c (0x03f3b333) x 6 0x00000000
core   0: 0x80006e50 (0x08283e93) sltiu   t4, a6, 130
core   0: 3 0x80006e50 (0x08283e93) x29 0x00000000
core   0: 0x80006e54 (0x02d921b3) mulhsu  gp, s2, a3
core   0: 3 0x80006e54 (0x02d921b3) x 3 0xffffffff
core   0: 0x80006e58 (0x6bd5ad13) slti    s10, a1, 1725
core   0: 3 0x80006e58 (0x6bd5ad13) x26 0x00000001
core   0: 0x80006e5c (0x0323db33) divu    s6, t2, s2
core   0: 3 0x80006e5c (0x0323db33) x22 0x00000000
core   0: 0x80006e60 (0x00ebbd33) sltu    s10, s7, a4
core   0: 3 0x80006e60 (0x00ebbd33) x26 0x00000000
core   0: 0x80006e64 (0x6a25a313) slti    t1, a1, 1698
core   0: 3 0x80006e64 (0x6a25a313) x 6 0x00000001
core   0: 0x80006e68 (0x256c8e97) auipc   t4, 0x256c8
core   0: 3 0x80006e68 (0x256c8e97) x29 0xa56cee68
core   0: 0x80006e6c (0x02567f33) remu    t5, a2, t0
core   0: 3 0x80006e6c (0x02567f33) x30 0x00000000
core   0: 0x80006e70 (0x004b5f33) srl     t5, s6, tp
core   0: 3 0x80006e70 (0x004b5f33) x30 0x00000000
core   0: 0x80006e74 (0x008558b3) srl     a7, a0, s0
core   0: 3 0x80006e74 (0x008558b3) x17 0x000fffff
core   0: 0x80006e78 (0x03b8b8b3) mulhu   a7, a7, s11
core   0: 3 0x80006e78 (0x03b8b8b3) x17 0x00000000
core   0: 0x80006e7c (0x509c5a97) auipc   s5, 0x509c5
core   0: 3 0x80006e7c (0x509c5a97) x21 0xd09cbe7c
core   0: 0x80006e80 (0x01505fb3) srl     t6, zero, s5
core   0: 3 0x80006e80 (0x01505fb3) x31 0x00000000
core   0: 0x80006e84 (0x0392d233) divu    tp, t0, s9
core   0: 3 0x80006e84 (0x0392d233) x 4 0x00000000
core   0: 0x80006e88 (0x41805693) srai    a3, zero, 24
core   0: 3 0x80006e88 (0x41805693) x13 0x00000000
core   0: 0x80006e8c (0x62252413) slti    s0, a0, 1570
core   0: 3 0x80006e8c (0x62252413) x 8 0x00000001
core   0: 0x80006e90 (0x41e2d213) srai    tp, t0, 30
core   0: 3 0x80006e90 (0x41e2d213) x 4 0xfffffffe
core   0: 0x80006e94 (0x003d3a33) sltu    s4, s10, gp
core   0: 3 0x80006e94 (0x003d3a33) x20 0x00000001
core   0: 0x80006e98 (0xa3b00937) lui     s2, 0xa3b00
core   0: 3 0x80006e98 (0xa3b00937) x18 0xa3b00000
core   0: 0x80006e9c (0x418d5a33) sra     s4, s10, s8
core   0: 3 0x80006e9c (0x418d5a33) x20 0x00000000
core   0: 0x80006ea0 (0x0f9c3513) sltiu   a0, s8, 249
core   0: 3 0x80006ea0 (0x0f9c3513) x10 0x00000000
core   0: 0x80006ea4 (0x01161b13) slli    s6, a2, 17
core   0: 3 0x80006ea4 (0x01161b13) x22 0x00000000
core   0: 0x80006ea8 (0x02a535b3) mulhu   a1, a0, a0
core   0: 3 0x80006ea8 (0x02a535b3) x11 0x00000000
core   0: 0x80006eac (0x4053d4b3) sra     s1, t2, t0
core   0: 3 0x80006eac (0x4053d4b3) x 9 0x00000000
core   0: 0x80006eb0 (0x0d00bc13) sltiu   s8, ra, 208
core   0: 3 0x80006eb0 (0x0d00bc13) x24 0x00000000
core   0: 0x80006eb4 (0x031935b3) mulhu   a1, s2, a7
core   0: 3 0x80006eb4 (0x031935b3) x11 0x00000000
core   0: 0x80006eb8 (0x56c37d93) andi    s11, t1, 1388
core   0: 3 0x80006eb8 (0x56c37d93) x27 0x00000000
core   0: 0x80006ebc (0x023e6633) rem     a2, t3, gp
core   0: 3 0x80006ebc (0x023e6633) x12 0x00000000
core   0: 0x80006ec0 (0x0361f433) remu    s0, gp, s6
core   0: 3 0x80006ec0 (0x0361f433) x 8 0xffffffff
core   0: 0x80006ec4 (0x009f7bb3) and     s7, t5, s1
core   0: 3 0x80006ec4 (0x009f7bb3) x23 0x00000000
core   0: 0x80006ec8 (0x0065b933) sltu    s2, a1, t1
core   0: 3 0x80006ec8 (0x0065b933) x18 0x00000001
core   0: 0x80006ecc (0x0123b733) sltu    a4, t2, s2
core   0: 3 0x80006ecc (0x0123b733) x14 0x00000001
core   0: 0x80006ed0 (0x01d5c0b3) xor     ra, a1, t4
core   0: 3 0x80006ed0 (0x01d5c0b3) x 1 0xa56cee68
core   0: 0x80006ed4 (0x6a81f693) andi    a3, gp, 1704
core   0: 3 0x80006ed4 (0x6a81f693) x13 0x000006a8
core   0: 0x80006ed8 (0x019d97b3) sll     a5, s11, s9
core   0: 3 0x80006ed8 (0x019d97b3) x15 0x00000000
core   0: 0x80006edc (0x0094af33) slt     t5, s1, s1
core   0: 3 0x80006edc (0x0094af33) x30 0x00000000
core   0: 0x80006ee0 (0x036c6633) rem     a2, s8, s6
core   0: 3 0x80006ee0 (0x036c6633) x12 0x00000000
core   0: 0x80006ee4 (0xa0da81b7) lui     gp, 0xa0da8
core   0: 3 0x80006ee4 (0xa0da81b7) x 3 0xa0da8000
core   0: 0x80006ee8 (0x024f4733) div     a4, t5, tp
core   0: 3 0x80006ee8 (0x024f4733) x14 0x00000000
core   0: 0x80006eec (0x00f1fdb3) and     s11, gp, a5
core   0: 3 0x80006eec (0x00f1fdb3) x27 0x00000000
core   0: 0x80006ef0 (0x41f8df33) sra     t5, a7, t6
core   0: 3 0x80006ef0 (0x41f8df33) x30 0x00000000
core   0: 0x80006ef4 (0x00000013) nop
core   0: 3 0x80006ef4 (0x00000013)
core   0: 0x80006ef8 (0x7ceff613) andi    a2, t6, 1998
core   0: 3 0x80006ef8 (0x7ceff613) x12 0x00000000
core   0: 0x80006efc (0x6488c513) xori    a0, a7, 1608
core   0: 3 0x80006efc (0x6488c513) x10 0x00000648
core   0: 0x80006f00 (0x02970ab3) mul     s5, a4, s1
core   0: 3 0x80006f00 (0x02970ab3) x21 0x00000000
core   0: 0x80006f04 (0x03154233) div     tp, a0, a7
core   0: 3 0x80006f04 (0x03154233) x 4 0xffffffff
core   0: 0x80006f08 (0x417609b3) sub     s3, a2, s7
core   0: 3 0x80006f08 (0x417609b3) x19 0x00000000
core   0: 0x80006f0c (0x5cd20713) addi    a4, tp, 1485
core   0: 3 0x80006f0c (0x5cd20713) x14 0x000005cc
core   0: 0x80006f10 (0x02bb24b3) mulhsu  s1, s6, a1
core   0: 3 0x80006f10 (0x02bb24b3) x 9 0x00000000
core   0: 0x80006f14 (0xd8bd2793) slti    a5, s10, -629
core   0: 3 0x80006f14 (0xd8bd2793) x15 0x00000000
core   0: 0x80006f18 (0x01c360b3) or      ra, t1, t3
core   0: 3 0x80006f18 (0x01c360b3) x 1 0x80018ce5
core   0: 0x80006f1c (0xac30e893) ori     a7, ra, -1341
core   0: 3 0x80006f1c (0xac30e893) x17 0xfffffee7
core   0: 0x80006f20 (0x01e88733) add     a4, a7, t5
core   0: 3 0x80006f20 (0x01e88733) x14 0xfffffee7
core   0: 0x80006f24 (0x00edb833) sltu    a6, s11, a4
core   0: 3 0x80006f24 (0x00edb833) x16 0x00000001
core   0: 0x80006f28 (0xc3a73793) sltiu   a5, a4, -966
core   0: 3 0x80006f28 (0xc3a73793) x15 0x00000000
core   0: 0x80006f2c (0x00d31fb3) sll     t6, t1, a3
core   0: 3 0x80006f2c (0x00d31fb3) x31 0x00000100
core   0: 0x80006f30 (0x95a10a13) addi    s4, sp, -1702
core   0: 3 0x80006f30 (0x95a10a13) x20 0xfffff962
core   0: 0x80006f34 (0xf9550313) addi    t1, a0, -107
core   0: 3 0x80006f34 (0xf9550313) x 6 0x000005dd
core   0: 0x80006f38 (0x00b50c33) add     s8, a0, a1
core   0: 3 0x80006f38 (0x00b50c33) x24 0x00000648
core   0: 0x80006f3c (0x0172aab3) slt     s5, t0, s7
core   0: 3 0x80006f3c (0x0172aab3) x21 0x00000001
core   0: 0x80006f40 (0x00be3fb3) sltu    t6, t3, a1
core   0: 3 0x80006f40 (0x00be3fb3) x31 0x00000000
core   0: 0x80006f44 (0x001e06b3) add     a3, t3, ra
core   0: 3 0x80006f44 (0x001e06b3) x13 0x000319c9
core   0: 0x80006f48 (0x00a84c33) xor     s8, a6, a0
core   0: 3 0x80006f48 (0x00a84c33) x24 0x00000649
core   0: 0x80006f4c (0x0387cdb3) div     s11, a5, s8
core   0: 3 0x80006f4c (0x0387cdb3) x27 0x00000000
core   0: 0x80006f50 (0x46c84493) xori    s1, a6, 1132
core   0: 3 0x80006f50 (0x46c84493) x 9 0x0000046d
core   0: 0x80006f54 (0x03248b97) auipc   s7, 0x3248
core   0: 3 0x80006f54 (0x03248b97) x23 0x8324ef54
core   0: 0x80006f58 (0x11898d97) auipc   s11, 0x11898
core   0: 3 0x80006f58 (0x11898d97) x27 0x9189ef58
core   0: 0x80006f5c (0x027f6933) rem     s2, t5, t2
core   0: 3 0x80006f5c (0x027f6933) x18 0x00000000
core   0: 0x80006f60 (0x0259edb3) rem     s11, s3, t0
core   0: 3 0x80006f60 (0x0259edb3) x27 0x00000000
core   0: 0x80006f64 (0x01d92fb3) slt     t6, s2, t4
core   0: 3 0x80006f64 (0x01d92fb3) x31 0x00000000
core   0: 0x80006f68 (0x01a3beb3) sltu    t4, t2, s10
core   0: 3 0x80006f68 (0x01a3beb3) x29 0x00000000
core   0: 0x80006f6c (0x00e25633) srl     a2, tp, a4
core   0: 3 0x80006f6c (0x00e25633) x12 0x01ffffff
core   0: 0x80006f70 (0x010e1d13) slli    s10, t3, 16
core   0: 3 0x80006f70 (0x010e1d13) x26 0x8ce40000
core   0: 0x80006f74 (0x6fc93a93) sltiu   s5, s2, 1788
core   0: 3 0x80006f74 (0x6fc93a93) x21 0x00000001
core   0: 0x80006f78 (0x41310eb3) sub     t4, sp, s3
core   0: 3 0x80006f78 (0x41310eb3) x29 0x00000008
core   0: 0x80006f7c (0x03e81333) mulh    t1, a6, t5
core   0: 3 0x80006f7c (0x03e81333) x 6 0x00000000
core   0: 0x80006f80 (0x70203a13) sltiu   s4, zero, 1794
core   0: 3 0x80006f80 (0x70203a13) x20 0x00000001
core   0: 0x80006f84 (0x9ed9f517) auipc   a0, 0x9ed9f
core   0: 3 0x80006f84 (0x9ed9f517) x10 0x1eda5f84
core   0: 0x80006f88 (0x0216eeb3) rem     t4, a3, ra
core   0: 3 0x80006f88 (0x0216eeb3) x29 0x000319c9
core   0: 0x80006f8c (0x03ef7eb3) remu    t4, t5, t5
core   0: 3 0x80006f8c (0x03ef7eb3) x29 0x00000000
core   0: 0x80006f90 (0x00000013) nop
core   0: 3 0x80006f90 (0x00000013)
core   0: 0x80006f94 (0x02847033) remu    zero, s0, s0
core   0: 3 0x80006f94 (0x02847033)
core   0: 0x80006f98 (0x00b84c33) xor     s8, a6, a1
core   0: 3 0x80006f98 (0x00b84c33) x24 0x00000001
core   0: 0x80006f9c (0x2723b0b7) lui     ra, 0x2723b
core   0: 3 0x80006f9c (0x2723b0b7) x 1 0x2723b000
core   0: 0x80006fa0 (0x3a440593) addi    a1, s0, 932
core   0: 3 0x80006fa0 (0x3a440593) x11 0x000003a3
core   0: 0x80006fa4 (0x96b97213) andi    tp, s2, -1685
core   0: 3 0x80006fa4 (0x96b97213) x 4 0x00000000
core   0: 0x80006fa8 (0x411255b3) sra     a1, tp, a7
core   0: 3 0x80006fa8 (0x411255b3) x11 0x00000000
core   0: 0x80006fac (0x005301b3) add     gp, t1, t0
core   0: 3 0x80006fac (0x005301b3) x 3 0x80014e64
core   0: 0x80006fb0 (0x000a33b3) sltu    t2, s4, zero
core   0: 3 0x80006fb0 (0x000a33b3) x 7 0x00000000
core   0: 0x80006fb4 (0x031d1fb3) mulh    t6, s10, a7
core   0: 3 0x80006fb4 (0x031d1fb3) x31 0x0000007e
core   0: 0x80006fb8 (0x96494d93) xori    s11, s2, -1692
core   0: 3 0x80006fb8 (0x96494d93) x27 0xfffff964
core   0: 0x80006fbc (0x012b9413) slli    s0, s7, 18
core   0: 3 0x80006fbc (0x012b9413) x 8 0xbd500000
core   0: 0x80006fc0 (0x002afcb3) and     s9, s5, sp
core   0: 3 0x80006fc0 (0x002afcb3) x25 0x00000000
core   0: 0x80006fc4 (0x00895433) srl     s0, s2, s0
core   0: 3 0x80006fc4 (0x00895433) x 8 0x00000000
core   0: 0x80006fc8 (0x003bbb33) sltu    s6, s7, gp
core   0: 3 0x80006fc8 (0x003bbb33) x22 0x00000000
core   0: 0x80006fcc (0x008b5a33) srl     s4, s6, s0
core   0: 3 0x80006fcc (0x008b5a33) x20 0x00000000
core   0: 0x80006fd0 (0x00cdebb3) or      s7, s11, a2
core   0: 3 0x80006fd0 (0x00cdebb3) x23 0xffffffff
core   0: 0x80006fd4 (0x001fd693) srli    a3, t6, 1
core   0: 3 0x80006fd4 (0x001fd693) x13 0x0000003f
core   0: 0x80006fd8 (0x034ad433) divu    s0, s5, s4
core   0: 3 0x80006fd8 (0x034ad433) x 8 0xffffffff
core   0: 0x80006fdc (0x021f4ab3) div     s5, t5, ra
core   0: 3 0x80006fdc (0x021f4ab3) x21 0x00000000
core   0: 0x80006fe0 (0x5b207a93) andi    s5, zero, 1458
core   0: 3 0x80006fe0 (0x5b207a93) x21 0x00000000
core   0: 0x80006fe4 (0x87f88737) lui     a4, 0x87f88
core   0: 3 0x80006fe4 (0x87f88737) x14 0x87f88000
core   0: 0x80006fe8 (0xc521b093) sltiu   ra, gp, -942
core   0: 3 0x80006fe8 (0xc521b093) x 1 0x00000001
core   0: 0x80006fec (0x02dba9b3) mulhsu  s3, s7, a3
core   0: 3 0x80006fec (0x02dba9b3) x19 0xffffffff
core   0: 0x80006ff0 (0x537be693) ori     a3, s7, 1335
core   0: 3 0x80006ff0 (0x537be693) x13 0xffffffff
core   0: 0x80006ff4 (0x009a1993) slli    s3, s4, 9
core   0: 3 0x80006ff4 (0x009a1993) x19 0x00000000
core   0: 0x80006ff8 (0x03862c33) mulhsu  s8, a2, s8
core   0: 3 0x80006ff8 (0x03862c33) x24 0x00000000
core   0: 0x80006ffc (0x02749bb3) mulh    s7, s1, t2
core   0: 3 0x80006ffc (0x02749bb3) x23 0x00000000
core   0: 0x80007000 (0x039306b3) mul     a3, t1, s9
core   0: 3 0x80007000 (0x039306b3) x13 0x00000000
core   0: 0x80007004 (0x4138df13) srai    t5, a7, 19
core   0: 3 0x80007004 (0x4138df13) x30 0xffffffff
core   0: 0x80007008 (0x025525b3) mulhsu  a1, a0, t0
core   0: 3 0x80007008 (0x025525b3) x11 0x0f6d580e
core   0: 0x8000700c (0x00000013) nop
core   0: 3 0x8000700c (0x00000013)
core   0: 0x80007010 (0x5fe5bf13) sltiu   t5, a1, 1534
core   0: 3 0x80007010 (0x5fe5bf13) x30 0x00000000
core   0: 0x80007014 (0x46b23637) lui     a2, 0x46b23
core   0: 3 0x80007014 (0x46b23637) x12 0x46b23000
core   0: 0x80007018 (0x03629d33) mulh    s10, t0, s6
core   0: 3 0x80007018 (0x03629d33) x26 0x00000000
core   0: 0x8000701c (0x0290f433) remu    s0, ra, s1
core   0: 3 0x8000701c (0x0290f433) x 8 0x00000001
core   0: 0x80007020 (0x00a1f8b3) and     a7, gp, a0
core   0: 3 0x80007020 (0x00a1f8b3) x17 0x00004e04
core   0: 0x80007024 (0x40540c33) sub     s8, s0, t0
core   0: 3 0x80007024 (0x40540c33) x24 0x7ffeb19d
core   0: 0x80007028 (0x02d8f8b3) remu    a7, a7, a3
core   0: 3 0x80007028 (0x02d8f8b3) x17 0x00004e04
core   0: 0x8000702c (0x00000013) nop
core   0: 3 0x8000702c (0x00000013)
core   0: 0x80007030 (0x00419033) sll     zero, gp, tp
core   0: 3 0x80007030 (0x00419033)
core   0: 0x80007034 (0x517da393) slti    t2, s11, 1303
core   0: 3 0x80007034 (0x517da393) x 7 0x00000001
core   0: 0x80007038 (0x018f59b3) srl     s3, t5, s8
core   0: 3 0x80007038 (0x018f59b3) x19 0x00000000
core   0: 0x8000703c (0x315b7c13) andi    s8, s6, 789
core   0: 3 0x8000703c (0x315b7c13) x24 0x00000000
core   0: 0x80007040 (0x985694b7) lui     s1, 0x98569
core   0: 3 0x80007040 (0x985694b7) x 9 0x98569000
core   0: 0x80007044 (0x407a5733) sra     a4, s4, t2
core   0: 3 0x80007044 (0x407a5733) x14 0x00000000
core   0: 0x80007048 (0x40dcd733) sra     a4, s9, a3
core   0: 3 0x80007048 (0x40dcd733) x14 0x00000000
core   0: 0x8000704c (0x00000013) nop
core   0: 3 0x8000704c (0x00000013)
core   0: 0x80007050 (0x00b28c33) add     s8, t0, a1
core   0: 3 0x80007050 (0x00b28c33) x24 0x8f6ea672
core   0: 0x80007054 (0x8c0c7693) andi    a3, s8, -1856
core   0: 3 0x80007054 (0x8c0c7693) x13 0x8f6ea040
core   0: 0x80007058 (0x036d6433) rem     s0, s10, s6
core   0: 3 0x80007058 (0x036d6433) x 8 0x00000000
core   0: 0x8000705c (0x397fbb37) lui     s6, 0x397fb
core   0: 3 0x8000705c (0x397fbb37) x22 0x397fb000
core   0: 0x80007060 (0x010a6033) or      zero, s4, a6
core   0: 3 0x80007060 (0x010a6033)
core   0: 0x80007064 (0x408006b3) sub     a3, zero, s0
core   0: 3 0x80007064 (0x408006b3) x13 0x00000000
core   0: 0x80007068 (0x01780733) add     a4, a6, s7
core   0: 3 0x80007068 (0x01780733) x14 0x00000001
core   0: 0x8000706c (0x004ce4b3) or      s1, s9, tp
core   0: 3 0x8000706c (0x004ce4b3) x 9 0x00000000
core   0: 0x80007070 (0x018c5a13) srli    s4, s8, 24
core   0: 3 0x80007070 (0x018c5a13) x20 0x0000008f
core   0: 0x80007074 (0x0054ffb3) and     t6, s1, t0
core   0: 3 0x80007074 (0x0054ffb3) x31 0x00000000
core   0: 0x80007078 (0x01b25913) srli    s2, tp, 27
core   0: 3 0x80007078 (0x01b25913) x18 0x00000000
core   0: 0x8000707c (0x35896d93) ori     s11, s2, 856
core   0: 3 0x8000707c (0x35896d93) x27 0x00000358
core   0: 0x80007080 (0x01534233) xor     tp, t1, s5
core   0: 3 0x80007080 (0x01534233) x 4 0x00000000
core   0: 0x80007084 (0x00df9b93) slli    s7, t6, 13
core   0: 3 0x80007084 (0x00df9b93) x23 0x00000000
core   0: 0x80007088 (0x00000013) nop
core   0: 3 0x80007088 (0x00000013)
core   0: 0x8000708c (0x03ff3433) mulhu   s0, t5, t6
core   0: 3 0x8000708c (0x03ff3433) x 8 0x00000000
core   0: 0x80007090 (0x03d59633) mulh    a2, a1, t4
core   0: 3 0x80007090 (0x03d59633) x12 0x00000000
core   0: 0x80007094 (0x4d22f713) andi    a4, t0, 1234
core   0: 3 0x80007094 (0x4d22f713) x14 0x00000440
core   0: 0x80007098 (0xde4d9017) auipc   zero, 0xde4d9
core   0: 3 0x80007098 (0xde4d9017)
core   0: 0x8000709c (0x03995bb3) divu    s7, s2, s9
core   0: 3 0x8000709c (0x03995bb3) x23 0xffffffff
core   0: 0x800070a0 (0xcaf76413) ori     s0, a4, -849
core   0: 3 0x800070a0 (0xcaf76413) x 8 0xfffffcef
core   0: 0x800070a4 (0x01525693) srli    a3, tp, 21
core   0: 3 0x800070a4 (0x01525693) x13 0x00000000
core   0: 0x800070a8 (0x029e2833) mulhsu  a6, t3, s1
core   0: 3 0x800070a8 (0x029e2833) x16 0x00000000
core   0: 0x800070ac (0x00332433) slt     s0, t1, gp
core   0: 3 0x800070ac (0x00332433) x 8 0x00000000
core   0: 0x800070b0 (0x33337393) andi    t2, t1, 819
core   0: 3 0x800070b0 (0x33337393) x 7 0x00000000
core   0: 0x800070b4 (0x02aebeb3) mulhu   t4, t4, a0
core   0: 3 0x800070b4 (0x02aebeb3) x29 0x00000000
core   0: 0x800070b8 (0x03b50033) mul     zero, a0, s11
core   0: 3 0x800070b8 (0x03b50033)
core   0: 0x800070bc (0x2e7a3a13) sltiu   s4, s4, 743
core   0: 3 0x800070bc (0x2e7a3a13) x20 0x00000001
core   0: 0x800070c0 (0x4013d913) srai    s2, t2, 1
core   0: 3 0x800070c0 (0x4013d913) x18 0x00000000
core   0: 0x800070c4 (0x41005213) srai    tp, zero, 16
core   0: 3 0x800070c4 (0x41005213) x 4 0x00000000
core   0: 0x800070c8 (0x0204c7b3) div     a5, s1, zero
core   0: 3 0x800070c8 (0x0204c7b3) x15 0xffffffff
core   0: 0x800070cc (0x02fe4ab3) div     s5, t3, a5
core   0: 3 0x800070cc (0x02fe4ab3) x21 0x7ffe731c
core   0: 0x800070d0 (0x01d7dcb3) srl     s9, a5, t4
core   0: 3 0x800070d0 (0x01d7dcb3) x25 0xffffffff
core   0: 0x800070d4 (0x1f3be713) ori     a4, s7, 499
core   0: 3 0x800070d4 (0x1f3be713) x14 0xffffffff
core   0: 0x800070d8 (0x02789533) mulh    a0, a7, t2
core   0: 3 0x800070d8 (0x02789533) x10 0x00000000
core   0: 0x800070dc (0x00c9beb3) sltu    t4, s3, a2
core   0: 3 0x800070dc (0x00c9beb3) x29 0x00000000
core   0: 0x800070e0 (0x031df633) remu    a2, s11, a7
core   0: 3 0x800070e0 (0x031df633) x12 0x00000358
core   0: 0x800070e4 (0x02520333) mul     t1, tp, t0
core   0: 3 0x800070e4 (0x02520333) x 6 0x00000000
core   0: 0x800070e8 (0x3a880593) addi    a1, a6, 936
core   0: 3 0x800070e8 (0x3a880593) x11 0x000003a8
core   0: 0x800070ec (0x011735b3) sltu    a1, a4, a7
core   0: 3 0x800070ec (0x011735b3) x11 0x00000000
core   0: 0x800070f0 (0xdc61b617) auipc   a2, 0xdc61b
core   0: 3 0x800070f0 (0xdc61b617) x12 0x5c6220f0
core   0: 0x800070f4 (0x418c5433) sra     s0, s8, s8
core   0: 3 0x800070f4 (0x418c5433) x 8 0xffffe3db
core   0: 0x800070f8 (0x02102d33) mulhsu  s10, zero, ra
core   0: 3 0x800070f8 (0x02102d33) x26 0x00000000
core   0: 0x800070fc (0x0167d333) srl     t1, a5, s6
core   0: 3 0x800070fc (0x0167d333) x 6 0xffffffff
core   0: 0x80007100 (0x47d00ab7) lui     s5, 0x47d00
core   0: 3 0x80007100 (0x47d00ab7) x21 0x47d00000
core   0: 0x80007104 (0xb8aa0d13) addi    s10, s4, -1142
core   0: 3 0x80007104 (0xb8aa0d13) x26 0xfffffb8b
core   0: 0x80007108 (0x551ed837) lui     a6, 0x551ed
core   0: 3 0x80007108 (0x551ed837) x16 0x551ed000
core   0: 0x8000710c (0x0282dab3) divu    s5, t0, s0
core   0: 3 0x8000710c (0x0282dab3) x21 0x00000000
core   0: 0x80007110 (0xc4380a13) addi    s4, a6, -957
core   0: 3 0x80007110 (0xc4380a13) x20 0x551ecc43
core   0: 0x80007114 (0x02b631b3) mulhu   gp, a2, a1
core   0: 3 0x80007114 (0x02b631b3) x 3 0x00000000
core   0: 0x80007118 (0x02da46b3) div     a3, s4, a3
core   0: 3 0x80007118 (0x02da46b3) x13 0xffffffff
core   0: 0x8000711c (0xd68d6917) auipc   s2, 0xd68d6
core   0: 3 0x8000711c (0xd68d6917) x18 0x568dd11c
core   0: 0x80007120 (0x5aec4f17) auipc   t5, 0x5aec4
core   0: 3 0x80007120 (0x5aec4f17) x30 0xdaecb120
core   0: 0x80007124 (0x01f79393) slli    t2, a5, 31
core   0: 3 0x80007124 (0x01f79393) x 7 0x80000000
core   0: 0x80007128 (0x00af06b3) add     a3, t5, a0
core   0: 3 0x80007128 (0x00af06b3) x13 0xdaecb120
core   0: 0x8000712c (0x01765233) srl     tp, a2, s7
core   0: 3 0x8000712c (0x01765233) x 4 0x00000000
core   0: 0x80007130 (0x03da1933) mulh    s2, s4, t4
core   0: 3 0x80007130 (0x03da1933) x18 0x00000000
core   0: 0x80007134 (0x01ea1533) sll     a0, s4, t5
core   0: 3 0x80007134 (0x01ea1533) x10 0x551ecc43
core   0: 0x80007138 (0x00c339b3) sltu    s3, t1, a2
core   0: 3 0x80007138 (0x00c339b3) x19 0x00000000
core   0: 0x8000713c (0x00d931b3) sltu    gp, s2, a3
core   0: 3 0x8000713c (0x00d931b3) x 3 0x00000001
core   0: 0x80007140 (0x035bdb33) divu    s6, s7, s5
core   0: 3 0x80007140 (0x035bdb33) x22 0xffffffff
core   0: 0x80007144 (0x0e21c893) xori    a7, gp, 226
core   0: 3 0x80007144 (0x0e21c893) x17 0x000000e3
core   0: 0x80007148 (0x01fed413) srli    s0, t4, 31
core   0: 3 0x80007148 (0x01fed413) x 8 0x00000000
core   0: 0x8000714c (0x015cb033) sltu    zero, s9, s5
core   0: 3 0x8000714c (0x015cb033)
core   0: 0x80007150 (0x001f48b3) xor     a7, t5, ra
core   0: 3 0x80007150 (0x001f48b3) x17 0xdaecb121
core   0: 0x80007154 (0x0129f233) and     tp, s3, s2
core   0: 3 0x80007154 (0x0129f233) x 4 0x00000000
core   0: 0x80007158 (0x03d3d833) divu    a6, t2, t4
core   0: 3 0x80007158 (0x03d3d833) x16 0xffffffff
core   0: 0x8000715c (0x0372d7b3) divu    a5, t0, s7
core   0: 3 0x8000715c (0x0372d7b3) x15 0x00000000
core   0: 0x80007160 (0x41ba5313) srai    t1, s4, 27
core   0: 3 0x80007160 (0x41ba5313) x 6 0x0000000a
core   0: 0x80007164 (0xaab2b717) auipc   a4, 0xaab2b
core   0: 3 0x80007164 (0xaab2b717) x14 0x2ab32164
core   0: 0x80007168 (0x4180d8b3) sra     a7, ra, s8
core   0: 3 0x80007168 (0x4180d8b3) x17 0x00000000
core   0: 0x8000716c (0x001b3833) sltu    a6, s6, ra
core   0: 3 0x8000716c (0x001b3833) x16 0x00000000
core   0: 0x80007170 (0x012550b3) srl     ra, a0, s2
core   0: 3 0x80007170 (0x012550b3) x 1 0x551ecc43
core   0: 0x80007174 (0x03ba4c33) div     s8, s4, s11
core   0: 3 0x80007174 (0x03ba4c33) x24 0x001974df
core   0: 0x80007178 (0xf047ac93) slti    s9, a5, -252
core   0: 3 0x80007178 (0xf047ac93) x25 0x00000000
core   0: 0x8000717c (0x001d5bb3) srl     s7, s10, ra
core   0: 3 0x8000717c (0x001d5bb3) x23 0x1fffff71
core   0: 0x80007180 (0x4055db33) sra     s6, a1, t0
core   0: 3 0x80007180 (0x4055db33) x22 0x00000000
core   0: 0x80007184 (0x03a8beb3) mulhu   t4, a7, s10
core   0: 3 0x80007184 (0x03a8beb3) x29 0x00000000
core   0: 0x80007188 (0x09476f93) ori     t6, a4, 148
core   0: 3 0x80007188 (0x09476f93) x31 0x2ab321f4
core   0: 0x8000718c (0x02669db3) mulh    s11, a3, t1
core   0: 3 0x8000718c (0x02669db3) x27 0xfffffffe
core   0: 0x80007190 (0x01171793) slli    a5, a4, 17
core   0: 3 0x80007190 (0x01171793) x15 0x42c80000
core   0: 0x80007194 (0x00000013) nop
core   0: 3 0x80007194 (0x00000013)
core   0: 0x80007198 (0x01b8c833) xor     a6, a7, s11
core   0: 3 0x80007198 (0x01b8c833) x16 0xfffffffe
core   0: 0x8000719c (0x000fcc33) xor     s8, t6, zero
core   0: 3 0x8000719c (0x000fcc33) x24 0x2ab321f4
core   0: 0x800071a0 (0x4026df33) sra     t5, a3, sp
core   0: 3 0x800071a0 (0x4026df33) x30 0xffdaecb1
core   0: 0x800071a4 (0x03bd3f33) mulhu   t5, s10, s11
core   0: 3 0x800071a4 (0x03bd3f33) x30 0xfffffb89
core   0: 0x800071a8 (0x01d491b3) sll     gp, s1, t4
core   0: 3 0x800071a8 (0x01d491b3) x 3 0x00000000
core   0: 0x800071ac (0xe2a13213) sltiu   tp, sp, -470
core   0: 3 0x800071ac (0xe2a13213) x 4 0x00000001
core   0: 0x800071b0 (0x01230fb3) add     t6, t1, s2
core   0: 3 0x800071b0 (0x01230fb3) x31 0x0000000a
core   0: 0x800071b4 (0x417a0733) sub     a4, s4, s7
core   0: 3 0x800071b4 (0x417a0733) x14 0x351eccd2
core   0: 0x800071b8 (0x8e692313) slti    t1, s2, -1818
core   0: 3 0x800071b8 (0x8e692313) x 6 0x00000000
core   0: 0x800071bc (0x2d71e4b7) lui     s1, 0x2d71e
core   0: 3 0x800071bc (0x2d71e4b7) x 9 0x2d71e000
core   0: 0x800071c0 (0x01189cb3) sll     s9, a7, a7
core   0: 3 0x800071c0 (0x01189cb3) x25 0x00000000
core   0: 0x800071c4 (0x8d2326b7) lui     a3, 0x8d232
core   0: 3 0x800071c4 (0x8d2326b7) x13 0x8d232000
core   0: 0x800071c8 (0xa1238413) addi    s0, t2, -1518
core   0: 3 0x800071c8 (0xa1238413) x 8 0x7ffffa12
core   0: 0x800071cc (0x41d7db33) sra     s6, a5, t4
core   0: 3 0x800071cc (0x41d7db33) x22 0x42c80000
core   0: 0x800071d0 (0x03998ab3) mul     s5, s3, s9
core   0: 3 0x800071d0 (0x03998ab3) x21 0x00000000
core   0: 0x800071d4 (0x02d089b3) mul     s3, ra, a3
core   0: 3 0x800071d4 (0x02d089b3) x19 0xadb16000
core   0: 0x800071d8 (0x5a11fd93) andi    s11, gp, 1441
core   0: 3 0x800071d8 (0x5a11fd93) x27 0x00000000
core   0: 0x800071dc (0x0384ff33) remu    t5, s1, s8
core   0: 3 0x800071dc (0x0384ff33) x30 0x02bebe0c
core   0: 0x800071e0 (0x54700397) auipc   t2, 0x54700
core   0: 3 0x800071e0 (0x54700397) x 7 0xd47071e0
core   0: 0x800071e4 (0x019fabb3) slt     s7, t6, s9
core   0: 3 0x800071e4 (0x019fabb3) x23 0x00000000
core   0: 0x800071e8 (0x01593cb3) sltu    s9, s2, s5
core   0: 3 0x800071e8 (0x01593cb3) x25 0x00000000
core   0: 0x800071ec (0x00000013) nop
core   0: 3 0x800071ec (0x00000013)
core   0: 0x800071f0 (0x020844b3) div     s1, a6, zero
core   0: 3 0x800071f0 (0x020844b3) x 9 0xffffffff
core   0: 0x800071f4 (0x41815213) srai    tp, sp, 24
core   0: 3 0x800071f4 (0x41815213) x 4 0x00000000
core   0: 0x800071f8 (0x021528b3) mulhsu  a7, a0, ra
core   0: 3 0x800071f8 (0x021528b3) x17 0x1c4d7759
core   0: 0x800071fc (0x0104ca33) xor     s4, s1, a6
core   0: 3 0x800071fc (0x0104ca33) x20 0x00000001
core   0: 0x80007200 (0x01ee0bb3) add     s7, t3, t5
core   0: 3 0x80007200 (0x01ee0bb3) x23 0x82c04af0
core   0: 0x80007204 (0x72de0b13) addi    s6, t3, 1837
core   0: 3 0x80007204 (0x72de0b13) x22 0x80019411
core   0: 0x80007208 (0x00e53933) sltu    s2, a0, a4
core   0: 3 0x80007208 (0x00e53933) x18 0x00000000
core   0: 0x8000720c (0x9058b493) sltiu   s1, a7, -1787
core   0: 3 0x8000720c (0x9058b493) x 9 0x00000001
core   0: 0x80007210 (0x03756033) rem     zero, a0, s7
core   0: 3 0x80007210 (0x03756033)
core   0: 0x80007214 (0x410850b3) sra     ra, a6, a6
core   0: 3 0x80007214 (0x410850b3) x 1 0xffffffff
core   0: 0x80007218 (0x00000013) nop
core   0: 3 0x80007218 (0x00000013)
core   0: 0x8000721c (0x00ed1c13) slli    s8, s10, 14
core   0: 3 0x8000721c (0x00ed1c13) x24 0xfee2c000
core   0: 0x80007220 (0x02890f33) mul     t5, s2, s0
core   0: 3 0x80007220 (0x02890f33) x30 0x00000000
core   0: 0x80007224 (0x00fa9f33) sll     t5, s5, a5
core   0: 3 0x80007224 (0x00fa9f33) x30 0x00000000
core   0: 0x80007228 (0xeac43713) sltiu   a4, s0, -340
core   0: 3 0x80007228 (0xeac43713) x14 0x00000001
core   0: 0x8000722c (0x02fb3033) mulhu   zero, s6, a5
core   0: 3 0x8000722c (0x02fb3033)
core   0: 0x80007230 (0x01dcabb3) slt     s7, s9, t4
core   0: 3 0x80007230 (0x01dcabb3) x23 0x00000000
core   0: 0x80007234 (0x02abc733) div     a4, s7, a0
core   0: 3 0x80007234 (0x02abc733) x14 0x00000000
core   0: 0x80007238 (0x0365cf33) div     t5, a1, s6
core   0: 3 0x80007238 (0x0365cf33) x30 0x00000000
core   0: 0x8000723c (0x03d7f9b3) remu    s3, a5, t4
core   0: 3 0x8000723c (0x03d7f9b3) x19 0x42c80000
core   0: 0x80007240 (0x4d723713) sltiu   a4, tp, 1239
core   0: 3 0x80007240 (0x4d723713) x14 0x00000001
core   0: 0x80007244 (0x41118333) sub     t1, gp, a7
core   0: 3 0x80007244 (0x41118333) x 6 0xe3b288a7
core   0: 0x80007248 (0x4029d6b3) sra     a3, s3, sp
core   0: 3 0x80007248 (0x4029d6b3) x13 0x0042c800
core   0: 0x8000724c (0x007f2333) slt     t1, t5, t2
core   0: 3 0x8000724c (0x007f2333) x 6 0x00000000
core   0: 0x80007250 (0x006998b3) sll     a7, s3, t1
core   0: 3 0x80007250 (0x006998b3) x17 0x42c80000
core   0: 0x80007254 (0xe1bfac93) slti    s9, t6, -485
core   0: 3 0x80007254 (0xe1bfac93) x25 0x00000000
core   0: 0x80007258 (0x415dd5b3) sra     a1, s11, s5
core   0: 3 0x80007258 (0x415dd5b3) x11 0x00000000
core   0: 0x8000725c (0x006ecbb3) xor     s7, t4, t1
core   0: 3 0x8000725c (0x006ecbb3) x23 0x00000000
core   0: 0x80007260 (0xb9937d13) andi    s10, t1, -1127
core   0: 3 0x80007260 (0xb9937d13) x26 0x00000000
core   0: 0x80007264 (0x77c4a537) lui     a0, 0x77c4a
core   0: 3 0x80007264 (0x77c4a537) x10 0x77c4a000
core   0: 0x80007268 (0x0753c513) xori    a0, t2, 117
core   0: 3 0x80007268 (0x0753c513) x10 0xd4707195
core   0: 0x8000726c (0xa6694193) xori    gp, s2, -1434
core   0: 3 0x8000726c (0xa6694193) x 3 0xfffffa66
core   0: 0x80007270 (0x0029f733) and     a4, s3, sp
core   0: 3 0x80007270 (0x0029f733) x14 0x00000000
core   0: 0x80007274 (0x03347ab3) remu    s5, s0, s3
core   0: 3 0x80007274 (0x03347ab3) x21 0x3d37fa12
core   0: 0x80007278 (0x02ba2c33) mulhsu  s8, s4, a1
core   0: 3 0x80007278 (0x02ba2c33) x24 0x00000000
core   0: 0x8000727c (0x00f7bd33) sltu    s10, a5, a5
core   0: 3 0x8000727c (0x00f7bd33) x26 0x00000000
core   0: 0x80007280 (0x0036a533) slt     a0, a3, gp
core   0: 3 0x80007280 (0x0036a533) x10 0x00000000
core   0: 0x80007284 (0x012d30b3) sltu    ra, s10, s2
core   0: 3 0x80007284 (0x012d30b3) x 1 0x00000000
core   0: 0x80007288 (0x02125b33) divu    s6, tp, ra
core   0: 3 0x80007288 (0x02125b33) x22 0xffffffff
core   0: 0x8000728c (0x03a9df33) divu    t5, s3, s10
core   0: 3 0x8000728c (0x03a9df33) x30 0xffffffff
core   0: 0x80007290 (0x417a03b3) sub     t2, s4, s7
core   0: 3 0x80007290 (0x417a03b3) x 7 0x00000001
core   0: 0x80007294 (0x7eb12d37) lui     s10, 0x7eb12
core   0: 3 0x80007294 (0x7eb12d37) x26 0x7eb12000
core   0: 0x80007298 (0x037da6b3) mulhsu  a3, s11, s7
core   0: 3 0x80007298 (0x037da6b3) x13 0x00000000
core   0: 0x8000729c (0xcce7fd93) andi    s11, a5, -818
core   0: 3 0x8000729c (0xcce7fd93) x27 0x42c80000
core   0: 0x800072a0 (0x012a0033) add     zero, s4, s2
core   0: 3 0x800072a0 (0x012a0033)
core   0: 0x800072a4 (0x0121dc93) srli    s9, gp, 18
core   0: 3 0x800072a4 (0x0121dc93) x25 0x00003fff
core   0: 0x800072a8 (0x00d0dab3) srl     s5, ra, a3
core   0: 3 0x800072a8 (0x00d0dab3) x21 0x00000000
core   0: 0x800072ac (0xf4835797) auipc   a5, 0xf4835
core   0: 3 0x800072ac (0xf4835797) x15 0x7483c2ac
core   0: 0x800072b0 (0x008a06b3) add     a3, s4, s0
core   0: 3 0x800072b0 (0x008a06b3) x13 0x7ffffa13
core   0: 0x800072b4 (0x00596737) lui     a4, 0x596
core   0: 3 0x800072b4 (0x00596737) x14 0x00596000
core   0: 0x800072b8 (0x45547b13) andi    s6, s0, 1109
core   0: 3 0x800072b8 (0x45547b13) x22 0x00000010
core   0: 0x800072bc (0x019ef333) and     t1, t4, s9
core   0: 3 0x800072bc (0x019ef333) x 6 0x00000000
core   0: 0x800072c0 (0x01753033) sltu    zero, a0, s7
core   0: 3 0x800072c0 (0x01753033)
core   0: 0x800072c4 (0x00000013) nop
core   0: 3 0x800072c4 (0x00000013)
core   0: 0x800072c8 (0x015578b3) and     a7, a0, s5
core   0: 3 0x800072c8 (0x015578b3) x17 0x00000000
core   0: 0x800072cc (0x40415d33) sra     s10, sp, tp
core   0: 3 0x800072cc (0x40415d33) x26 0x00000008
core   0: 0x800072d0 (0x00281ab3) sll     s5, a6, sp
core   0: 3 0x800072d0 (0x00281ab3) x21 0xfffffe00
core   0: 0x800072d4 (0x00db21b3) slt     gp, s6, a3
core   0: 3 0x800072d4 (0x00db21b3) x 3 0x00000001
core   0: 0x800072d8 (0x010a41b3) xor     gp, s4, a6
core   0: 3 0x800072d8 (0x010a41b3) x 3 0xffffffff
core   0: 0x800072dc (0xe0f87897) auipc   a7, 0xe0f87
core   0: 3 0x800072dc (0xe0f87897) x17 0x60f8e2dc
core   0: 0x800072e0 (0x41edd833) sra     a6, s11, t5
core   0: 3 0x800072e0 (0x41edd833) x16 0x00000000
core   0: 0x800072e4 (0x006bdb93) srli    s7, s7, 6
core   0: 3 0x800072e4 (0x006bdb93) x23 0x00000000
core   0: 0x800072e8 (0x01f709b3) add     s3, a4, t6
core   0: 3 0x800072e8 (0x01f709b3) x19 0x0059600a
core   0: 0x800072ec (0x010700b3) add     ra, a4, a6
core   0: 3 0x800072ec (0x010700b3) x 1 0x00596000
core   0: 0x800072f0 (0x000409b3) add     s3, s0, zero
core   0: 3 0x800072f0 (0x000409b3) x19 0x7ffffa12
core   0: 0x800072f4 (0xea638013) addi    zero, t2, -346
core   0: 3 0x800072f4 (0xea638013)
core   0: 0x800072f8 (0x00b85733) srl     a4, a6, a1
core   0: 3 0x800072f8 (0x00b85733) x14 0x00000000
core   0: 0x800072fc (0x6e6baab7) lui     s5, 0x6e6ba
core   0: 3 0x800072fc (0x6e6baab7) x21 0x6e6ba000
core   0: 0x80007300 (0x03e81db3) mulh    s11, a6, t5
core   0: 3 0x80007300 (0x03e81db3) x27 0x00000000
core   0: 0x80007304 (0x004b38b3) sltu    a7, s6, tp
core   0: 3 0x80007304 (0x004b38b3) x17 0x00000000
core   0: 0x80007308 (0xcc5c2f17) auipc   t5, 0xcc5c2
core   0: 3 0x80007308 (0xcc5c2f17) x30 0x4c5c9308
core   0: 0x8000730c (0x02b6aab3) mulhsu  s5, a3, a1
core   0: 3 0x8000730c (0x02b6aab3) x21 0x00000000
core   0: 0x80007310 (0x029744b3) div     s1, a4, s1
core   0: 3 0x80007310 (0x029744b3) x 9 0x00000000
core   0: 0x80007314 (0x02b3fbb3) remu    s7, t2, a1
core   0: 3 0x80007314 (0x02b3fbb3) x23 0x00000001
core   0: 0x80007318 (0x01c29413) slli    s0, t0, 28
core   0: 3 0x80007318 (0x01c29413) x 8 0x40000000
core   0: 0x8000731c (0x03630533) mul     a0, t1, s6
core   0: 3 0x8000731c (0x03630533) x10 0x00000000
core   0: 0x80007320 (0x02210733) mul     a4, sp, sp
core   0: 3 0x80007320 (0x02210733) x14 0x00000040
core   0: 0x80007324 (0x00869e93) slli    t4, a3, 8
core   0: 3 0x80007324 (0x00869e93) x29 0xfffa1300
core   0: 0x80007328 (0x532947b7) lui     a5, 0x53294
core   0: 3 0x80007328 (0x532947b7) x15 0x53294000
core   0: 0x8000732c (0x00000013) nop
core   0: 3 0x8000732c (0x00000013)
core   0: 0x80007330 (0x41c2deb3) sra     t4, t0, t3
core   0: 3 0x80007330 (0x41c2deb3) x29 0xf80014e6
core   0: 0x80007334 (0x4198d0b3) sra     ra, a7, s9
core   0: 3 0x80007334 (0x4198d0b3) x 1 0x00000000
core   0: 0x80007338 (0x008ebb33) sltu    s6, t4, s0
core   0: 3 0x80007338 (0x008ebb33) x22 0x00000000
core   0: 0x8000733c (0x64ade097) auipc   ra, 0x64ade
core   0: 3 0x8000733c (0x64ade097) x 1 0xe4ae533c
core   0: 0x80007340 (0x00000013) nop
core   0: 3 0x80007340 (0x00000013)
core   0: 0x80007344 (0x02dc6eb3) rem     t4, s8, a3
core   0: 3 0x80007344 (0x02dc6eb3) x29 0x00000000
core   0: 0x80007348 (0x02894233) div     tp, s2, s0
core   0: 3 0x80007348 (0x02894233) x 4 0x00000000
core   0: 0x8000734c (0x02470c33) mul     s8, a4, tp
core   0: 3 0x8000734c (0x02470c33) x24 0x00000000
core   0: 0x80007350 (0xcdfcb213) sltiu   tp, s9, -801
core   0: 3 0x80007350 (0xcdfcb213) x 4 0x00000001
core   0: 0x80007354 (0x28670f93) addi    t6, a4, 646
core   0: 3 0x80007354 (0x28670f93) x31 0x000002c6
core   0: 0x80007358 (0x02f4f6b3) remu    a3, s1, a5
core   0: 3 0x80007358 (0x02f4f6b3) x13 0x00000000
core   0: 0x8000735c (0x44a7eb13) ori     s6, a5, 1098
core   0: 3 0x8000735c (0x44a7eb13) x22 0x5329444a
core   0: 0x80007360 (0x017e56b3) srl     a3, t3, s7
core   0: 3 0x80007360 (0x017e56b3) x13 0x4000c672
core   0: 0x80007364 (0x02f9b633) mulhu   a2, s3, a5
core   0: 3 0x80007364 (0x02f9b633) x12 0x29949e12
core   0: 0x80007368 (0x02ee56b3) divu    a3, t3, a4
core   0: 3 0x80007368 (0x02ee56b3) x13 0x02000633
core   0: 0x8000736c (0x0328e9b3) rem     s3, a7, s2
core   0: 3 0x8000736c (0x0328e9b3) x19 0x00000000
core   0: 0x80007370 (0x02968ab3) mul     s5, a3, s1
core   0: 3 0x80007370 (0x02968ab3) x21 0x00000000
core   0: 0x80007374 (0x01a880b3) add     ra, a7, s10
core   0: 3 0x80007374 (0x01a880b3) x 1 0x00000008
core   0: 0x80007378 (0x01777433) and     s0, a4, s7
core   0: 3 0x80007378 (0x01777433) x 8 0x00000000
core   0: 0x8000737c (0x02f6acb3) mulhsu  s9, a3, a5
core   0: 3 0x8000737c (0x02f6acb3) x25 0x00a65483
core   0: 0x80007380 (0x01f57db3) and     s11, a0, t6
core   0: 3 0x80007380 (0x01f57db3) x27 0x00000000
core   0: 0x80007384 (0x003d5493) srli    s1, s10, 3
core   0: 3 0x80007384 (0x003d5493) x 9 0x00000001
core   0: 0x80007388 (0x009b30b3) sltu    ra, s6, s1
core   0: 3 0x80007388 (0x009b30b3) x 1 0x00000000
core   0: 0x8000738c (0x023586b3) mul     a3, a1, gp
core   0: 3 0x8000738c (0x023586b3) x13 0x00000000
core   0: 0x80007390 (0x03b2b3b3) mulhu   t2, t0, s11
core   0: 3 0x80007390 (0x03b2b3b3) x 7 0x00000000
core   0: 0x80007394 (0xd943f337) lui     t1, 0xd943f
core   0: 3 0x80007394 (0xd943f337) x 6 0xd943f000
core   0: 0x80007398 (0x02fa0033) mul     zero, s4, a5
core   0: 3 0x80007398 (0x02fa0033)
core   0: 0x8000739c (0xda284393) xori    t2, a6, -606
core   0: 3 0x8000739c (0xda284393) x 7 0xfffffda2
core   0: 0x800073a0 (0xa24f8213) addi    tp, t6, -1500
core   0: 3 0x800073a0 (0xa24f8213) x 4 0xfffffcea
core   0: 0x800073a4 (0x819c0413) addi    s0, s8, -2023
core   0: 3 0x800073a4 (0x819c0413) x 8 0xfffff819
core   0: 0x800073a8 (0x50aeed93) ori     s11, t4, 1290
core   0: 3 0x800073a8 (0x50aeed93) x27 0x0000050a
core   0: 0x800073ac (0x02b02c33) mulhsu  s8, zero, a1
core   0: 3 0x800073ac (0x02b02c33) x24 0x00000000
core   0: 0x800073b0 (0x00e2f033) and     zero, t0, a4
core   0: 3 0x800073b0 (0x00e2f033)
core   0: 0x800073b4 (0x0322d9b3) divu    s3, t0, s2
core   0: 3 0x800073b4 (0x0322d9b3) x19 0xffffffff
core   0: 0x800073b8 (0x0346a933) mulhsu  s2, a3, s4
core   0: 3 0x800073b8 (0x0346a933) x18 0x00000000
core   0: 0x800073bc (0x41c58bb3) sub     s7, a1, t3
core   0: 3 0x800073bc (0x41c58bb3) x23 0x7ffe731c
core   0: 0x800073c0 (0x0e5e4a13) xori    s4, t3, 229
core   0: 3 0x800073c0 (0x0e5e4a13) x20 0x80018c01
core   0: 0x800073c4 (0xfbfde613) ori     a2, s11, -65
core   0: 3 0x800073c4 (0xfbfde613) x12 0xffffffbf
core   0: 0x800073c8 (0x2b632513) slti    a0, t1, 694
core   0: 3 0x800073c8 (0x2b632513) x10 0x00000001
core   0: 0x800073cc (0x00791d93) slli    s11, s2, 7
core   0: 3 0x800073cc (0x00791d93) x27 0x00000000
core   0: 0x800073d0 (0xc83d2f13) slti    t5, s10, -893
core   0: 3 0x800073d0 (0xc83d2f13) x30 0x00000000
core   0: 0x800073d4 (0x02833a33) mulhu   s4, t1, s0
core   0: 3 0x800073d4 (0x02833a33) x20 0xd943e94b
core   0: 0x800073d8 (0x93806b93) ori     s7, zero, -1736
core   0: 3 0x800073d8 (0x93806b93) x23 0xfffff938
core   0: 0x800073dc (0x03f4d533) divu    a0, s1, t6
core   0: 3 0x800073dc (0x03f4d533) x10 0x00000000
core   0: 0x800073e0 (0x0052db93) srli    s7, t0, 5
core   0: 3 0x800073e0 (0x0052db93) x23 0x04000a73
core   0: 0x800073e4 (0xbc47c413) xori    s0, a5, -1084
core   0: 3 0x800073e4 (0xbc47c413) x 8 0xacd6bbc4
core   0: 0x800073e8 (0x031df533) remu    a0, s11, a7
core   0: 3 0x800073e8 (0x031df533) x10 0x00000000
core   0: 0x800073ec (0x41da5693) srai    a3, s4, 29
core   0: 3 0x800073ec (0x41da5693) x13 0xfffffffe
core   0: 0x800073f0 (0xd730ef93) ori     t6, ra, -653
core   0: 3 0x800073f0 (0xd730ef93) x31 0xfffffd73
core   0: 0x800073f4 (0xc8b1b9b7) lui     s3, 0xc8b1b
core   0: 3 0x800073f4 (0xc8b1b9b7) x19 0xc8b1b000
core   0: 0x800073f8 (0x005cccb3) xor     s9, s9, t0
core   0: 3 0x800073f8 (0x005cccb3) x25 0x80a71ae7
core   0: 0x800073fc (0x00000013) nop
core   0: 3 0x800073fc (0x00000013)
core   0: 0x80007400 (0x0022bbb3) sltu    s7, t0, sp
core   0: 3 0x80007400 (0x0022bbb3) x23 0x00000000
core   0: 0x80007404 (0x3eac0513) addi    a0, s8, 1002
core   0: 3 0x80007404 (0x3eac0513) x10 0x000003ea
core   0: 0x80007408 (0x01da7fb3) and     t6, s4, t4
core   0: 3 0x80007408 (0x01da7fb3) x31 0x00000000
core   0: 0x8000740c (0x021a2f33) mulhsu  t5, s4, ra
core   0: 3 0x8000740c (0x021a2f33) x30 0x00000000
core   0: 0x80007410 (0xb69f8c13) addi    s8, t6, -1175
core   0: 3 0x80007410 (0xb69f8c13) x24 0xfffffb69
core   0: 0x80007414 (0xffc57393) andi    t2, a0, -4
core   0: 3 0x80007414 (0xffc57393) x 7 0x000003e8
core   0: 0x80007418 (0x32d53393) sltiu   t2, a0, 813
core   0: 3 0x80007418 (0x32d53393) x 7 0x00000000
core   0: 0x8000741c (0x4158ddb3) sra     s11, a7, s5
core   0: 3 0x8000741c (0x4158ddb3) x27 0x00000000
core   0: 0x80007420 (0x02d5e0b3) rem     ra, a1, a3
core   0: 3 0x80007420 (0x02d5e0b3) x 1 0x00000000
core   0: 0x80007424 (0x014bdcb3) srl     s9, s7, s4
core   0: 3 0x80007424 (0x014bdcb3) x25 0x00000000
core   0: 0x80007428 (0x40060c33) sub     s8, a2, zero
core   0: 3 0x80007428 (0x40060c33) x24 0xffffffbf
core   0: 0x8000742c (0x029e1033) mulh    zero, t3, s1
core   0: 3 0x8000742c (0x029e1033)
core   0: 0x80007430 (0x03140cb3) mul     s9, s0, a7
core   0: 3 0x80007430 (0x03140cb3) x25 0x00000000
core   0: 0x80007434 (0x008147b3) xor     a5, sp, s0
core   0: 3 0x80007434 (0x008147b3) x15 0xacd6bbcc
core   0: 0x80007438 (0x00000013) nop
core   0: 3 0x80007438 (0x00000013)
core   0: 0x8000743c (0x030db733) mulhu   a4, s11, a6
core   0: 3 0x8000743c (0x030db733) x14 0x00000000
core   0: 0x80007440 (0x01faafb3) slt     t6, s5, t6
core   0: 3 0x80007440 (0x01faafb3) x31 0x00000000
core   0: 0x80007444 (0x017bb033) sltu    zero, s7, s7
core   0: 3 0x80007444 (0x017bb033)
core   0: 0x80007448 (0x01628bb3) add     s7, t0, s6
core   0: 3 0x80007448 (0x01628bb3) x23 0xd32a92ae
core   0: 0x8000744c (0x00eb2933) slt     s2, s6, a4
core   0: 3 0x8000744c (0x00eb2933) x18 0x00000000
core   0: 0x80007450 (0x00284633) xor     a2, a6, sp
core   0: 3 0x80007450 (0x00284633) x12 0x00000008
core   0: 0x80007454 (0xa7493517) auipc   a0, 0xa7493
core   0: 3 0x80007454 (0xa7493517) x10 0x2749a454
core   0: 0x80007458 (0x00a52033) slt     zero, a0, a0
core   0: 3 0x80007458 (0x00a52033)
core   0: 0x8000745c (0x40170c33) sub     s8, a4, ra
core   0: 3 0x8000745c (0x40170c33) x24 0x00000000
core   0: 0x80007460 (0x0049c033) xor     zero, s3, tp
core   0: 3 0x80007460 (0x0049c033)
core   0: 0x80007464 (0x03133f33) mulhu   t5, t1, a7
core   0: 3 0x80007464 (0x03133f33) x30 0x00000000
core   0: 0x80007468 (0x00000013) nop
core   0: 3 0x80007468 (0x00000013)
core   0: 0x8000746c (0x022dd933) divu    s2, s11, sp
core   0: 3 0x8000746c (0x022dd933) x18 0x00000000
core   0: 0x80007470 (0x03cc1733) mulh    a4, s8, t3
core   0: 3 0x80007470 (0x03cc1733) x14 0x00000000
core   0: 0x80007474 (0x036c87b3) mul     a5, s9, s6
core   0: 3 0x80007474 (0x036c87b3) x15 0x00000000
core   0: 0x80007478 (0x0114eab3) or      s5, s1, a7
core   0: 3 0x80007478 (0x0114eab3) x21 0x00000001
core   0: 0x8000747c (0x00e61513) slli    a0, a2, 14
core   0: 3 0x8000747c (0x00e61513) x10 0x00020000
core   0: 0x80007480 (0x0173d993) srli    s3, t2, 23
core   0: 3 0x80007480 (0x0173d993) x19 0x00000000
core   0: 0x80007484 (0x031aa633) mulhsu  a2, s5, a7
core   0: 3 0x80007484 (0x031aa633) x12 0x00000000
core   0: 0x80007488 (0x85310817) auipc   a6, 0x85310
core   0: 3 0x80007488 (0x85310817) x16 0x05317488
core   0: 0x8000748c (0x01bba7b3) slt     a5, s7, s11
core   0: 3 0x8000748c (0x01bba7b3) x15 0x00000001
core   0: 0x80007490 (0x02cee4b3) rem     s1, t4, a2
core   0: 3 0x80007490 (0x02cee4b3) x 9 0x00000000
core   0: 0x80007494 (0x01af89b3) add     s3, t6, s10
core   0: 3 0x80007494 (0x01af89b3) x19 0x00000008
core   0: 0x80007498 (0x4ed48793) addi    a5, s1, 1261
core   0: 3 0x80007498 (0x4ed48793) x15 0x000004ed
core   0: 0x8000749c (0x415dd1b3) sra     gp, s11, s5
core   0: 3 0x8000749c (0x415dd1b3) x 3 0x00000000
core   0: 0x800074a0 (0x018c9693) slli    a3, s9, 24
core   0: 3 0x800074a0 (0x018c9693) x13 0x00000000
core   0: 0x800074a4 (0x00631a13) slli    s4, t1, 6
core   0: 3 0x800074a4 (0x00631a13) x20 0x50fc0000
core   0: 0x800074a8 (0x00689213) slli    tp, a7, 6
core   0: 3 0x800074a8 (0x00689213) x 4 0x00000000
core   0: 0x800074ac (0x0124aeb3) slt     t4, s1, s2
core   0: 3 0x800074ac (0x0124aeb3) x29 0x00000000
core   0: 0x800074b0 (0xac6e7b93) andi    s7, t3, -1338
core   0: 3 0x800074b0 (0xac6e7b93) x23 0x800188c4
core   0: 0x800074b4 (0x02fb8f33) mul     t5, s7, a5
core   0: 3 0x800074b4 (0x02fb8f33) x30 0x878ead74
core   0: 0x800074b8 (0x0372f533) remu    a0, t0, s7
core   0: 3 0x800074b8 (0x0372f533) x10 0x80014e64
core   0: 0x800074bc (0x0259f1b3) remu    gp, s3, t0
core   0: 3 0x800074bc (0x0259f1b3) x 3 0x00000008
core   0: 0x800074c0 (0x25cd7097) auipc   ra, 0x25cd7
core   0: 3 0x800074c0 (0x25cd7097) x 1 0xa5cde4c0
core   0: 0x800074c4 (0x00f88d33) add     s10, a7, a5
core   0: 3 0x800074c4 (0x00f88d33) x26 0x000004ed
core   0: 0x800074c8 (0x01b26433) or      s0, tp, s11
core   0: 3 0x800074c8 (0x01b26433) x 8 0x00000000
core   0: 0x800074cc (0x406f8933) sub     s2, t6, t1
core   0: 3 0x800074cc (0x406f8933) x18 0x26bc1000
core   0: 0x800074d0 (0x015e5593) srli    a1, t3, 21
core   0: 3 0x800074d0 (0x015e5593) x11 0x00000400
core   0: 0x800074d4 (0x00ae5f13) srli    t5, t3, 10
core   0: 3 0x800074d4 (0x00ae5f13) x30 0x00200063
core   0: 0x800074d8 (0x0326c333) div     t1, a3, s2
core   0: 3 0x800074d8 (0x0326c333) x 6 0x00000000
core   0: 0x800074dc (0x002dd413) srli    s0, s11, 2
core   0: 3 0x800074dc (0x002dd413) x 8 0x00000000
core   0: 0x800074e0 (0x010a61b3) or      gp, s4, a6
core   0: 3 0x800074e0 (0x010a61b3) x 3 0x55fd7488
core   0: 0x800074e4 (0xc8126913) ori     s2, tp, -895
core   0: 3 0x800074e4 (0xc8126913) x18 0xfffffc81
core   0: 0x800074e8 (0x3edde993) ori     s3, s11, 1005
core   0: 3 0x800074e8 (0x3edde993) x19 0x000003ed
core   0: 0x800074ec (0x707ab317) auipc   t1, 0x707ab
core   0: 3 0x800074ec (0x707ab317) x 6 0xf07b24ec
core   0: 0x800074f0 (0x41cbdb93) srai    s7, s7, 28
core   0: 3 0x800074f0 (0x41cbdb93) x23 0xfffffff8
core   0: 0x800074f4 (0x029bb0b3) mulhu   ra, s7, s1
core   0: 3 0x800074f4 (0x029bb0b3) x 1 0x00000000
core   0: 0x800074f8 (0x01131513) slli    a0, t1, 17
core   0: 3 0x800074f8 (0x01131513) x10 0x49d80000
core   0: 0x800074fc (0x03fee833) rem     a6, t4, t6
core   0: 3 0x800074fc (0x03fee833) x16 0x00000000
core   0: 0x80007500 (0x00a7efb3) or      t6, a5, a0
core   0: 3 0x80007500 (0x00a7efb3) x31 0x49d804ed
core   0: 0x80007504 (0x40ee5213) srai    tp, t3, 14
core   0: 3 0x80007504 (0x40ee5213) x 4 0xfffe0006
core   0: 0x80007508 (0xa8528537) lui     a0, 0xa8528
core   0: 3 0x80007508 (0xa8528537) x10 0xa8528000
core   0: 0x8000750c (0x3e409697) auipc   a3, 0x3e409
core   0: 3 0x8000750c (0x3e409697) x13 0xbe41050c
core   0: 0x80007510 (0x029e5ab3) divu    s5, t3, s1
core   0: 3 0x80007510 (0x029e5ab3) x21 0xffffffff
core   0: 0x80007514 (0x019aad33) slt     s10, s5, s9
core   0: 3 0x80007514 (0x019aad33) x26 0x00000001
core   0: 0x80007518 (0x01a436b3) sltu    a3, s0, s10
core   0: 3 0x80007518 (0x01a436b3) x13 0x00000001
core   0: 0x8000751c (0x01b12eb3) slt     t4, sp, s11
core   0: 3 0x8000751c (0x01b12eb3) x29 0x00000000
core   0: 0x80007520 (0x01fea333) slt     t1, t4, t6
core   0: 3 0x80007520 (0x01fea333) x 6 0x00000001
core   0: 0x80007524 (0x00000013) nop
core   0: 3 0x80007524 (0x00000013)
core   0: 0x80007528 (0x0394ac33) mulhsu  s8, s1, s9
core   0: 3 0x80007528 (0x0394ac33) x24 0x00000000
core   0: 0x8000752c (0x01c61533) sll     a0, a2, t3
core   0: 3 0x8000752c (0x01c61533) x10 0x00000000
core   0: 0x80007530 (0xd6b7cf13) xori    t5, a5, -661
core   0: 3 0x80007530 (0xd6b7cf13) x30 0xfffff986
core   0: 0x80007534 (0x016dc033) xor     zero, s11, s6
core   0: 3 0x80007534 (0x016dc033)
core   0: 0x80007538 (0x405a5913) srai    s2, s4, 5
core   0: 3 0x80007538 (0x405a5913) x18 0x0287e000
core   0: 0x8000753c (0x00e8dcb3) srl     s9, a7, a4
core   0: 3 0x8000753c (0x00e8dcb3) x25 0x00000000
core   0: 0x80007540 (0x0175ec33) or      s8, a1, s7
core   0: 3 0x80007540 (0x0175ec33) x24 0xfffffff8
core   0: 0x80007544 (0x037ca533) mulhsu  a0, s9, s7
core   0: 3 0x80007544 (0x037ca533) x10 0x00000000
core   0: 0x80007548 (0x0391bf33) mulhu   t5, gp, s9
core   0: 3 0x80007548 (0x0391bf33) x30 0x00000000
core   0: 0x8000754c (0x41c60b33) sub     s6, a2, t3
core   0: 3 0x8000754c (0x41c60b33) x22 0x7ffe731c
core   0: 0x80007550 (0x0329cbb3) div     s7, s3, s2
core   0: 3 0x80007550 (0x0329cbb3) x23 0x00000000
core   0: 0x80007554 (0x0330fd33) remu    s10, ra, s3
core   0: 3 0x80007554 (0x0330fd33) x26 0x00000000
core   0: 0x80007558 (0x60fbe693) ori     a3, s7, 1551
core   0: 3 0x80007558 (0x60fbe693) x13 0x0000060f
core   0: 0x8000755c (0xb4a23613) sltiu   a2, tp, -1206
core   0: 3 0x8000755c (0xb4a23613) x12 0x00000001
core   0: 0x80007560 (0x007b1533) sll     a0, s6, t2
core   0: 3 0x80007560 (0x007b1533) x10 0x7ffe731c
core   0: 0x80007564 (0x03aa8833) mul     a6, s5, s10
core   0: 3 0x80007564 (0x03aa8833) x16 0x00000000
core   0: 0x80007568 (0x4dfd0013) addi    zero, s10, 1247
core   0: 3 0x80007568 (0x4dfd0013)
core   0: 0x8000756c (0x0072bf33) sltu    t5, t0, t2
core   0: 3 0x8000756c (0x0072bf33) x30 0x00000000
core   0: 0x80007570 (0x418959b3) sra     s3, s2, s8
core   0: 3 0x80007570 (0x418959b3) x19 0x00000002
core   0: 0x80007574 (0x00000013) nop
core   0: 3 0x80007574 (0x00000013)
core   0: 0x80007578 (0x03efdf33) divu    t5, t6, t5
core   0: 3 0x80007578 (0x03efdf33) x30 0xffffffff
core   0: 0x8000757c (0x00338c33) add     s8, t2, gp
core   0: 3 0x8000757c (0x00338c33) x24 0x55fd7488
core   0: 0x80007580 (0xdb7b0a13) addi    s4, s6, -585
core   0: 3 0x80007580 (0xdb7b0a13) x20 0x7ffe70d3
core   0: 0x80007584 (0x019b30b3) sltu    ra, s6, s9
core   0: 3 0x80007584 (0x019b30b3) x 1 0x00000000
core   0: 0x80007588 (0x009f1433) sll     s0, t5, s1
core   0: 3 0x80007588 (0x009f1433) x 8 0xffffffff
core   0: 0x8000758c (0x0197af33) slt     t5, a5, s9
core   0: 3 0x8000758c (0x0197af33) x30 0x00000000
core   0: 0x80007590 (0x88b33b13) sltiu   s6, t1, -1909
core   0: 3 0x80007590 (0x88b33b13) x22 0x00000001
core   0: 0x80007594 (0x007f17b3) sll     a5, t5, t2
core   0: 3 0x80007594 (0x007f17b3) x15 0x00000000
core   0: 0x80007598 (0xaacd5eb7) lui     t4, 0xaacd5
core   0: 3 0x80007598 (0xaacd5eb7) x29 0xaacd5000
core   0: 0x8000759c (0x002268b3) or      a7, tp, sp
core   0: 3 0x8000759c (0x002268b3) x17 0xfffe000e
core   0: 0x800075a0 (0x0338b6b3) mulhu   a3, a7, s3
core   0: 3 0x800075a0 (0x0338b6b3) x13 0x00000001
core   0: 0x800075a4 (0x00000013) nop
core   0: 3 0x800075a4 (0x00000013)
core   0: 0x800075a8 (0x01b7d633) srl     a2, a5, s11
core   0: 3 0x800075a8 (0x01b7d633) x12 0x00000000
core   0: 0x800075ac (0x0e0b86b7) lui     a3, 0xe0b8
core   0: 3 0x800075ac (0x0e0b86b7) x13 0x0e0b8000
core   0: 0x800075b0 (0x007c7db3) and     s11, s8, t2
core   0: 3 0x800075b0 (0x007c7db3) x27 0x00000000
core   0: 0x800075b4 (0x00aaceb3) xor     t4, s5, a0
core   0: 3 0x800075b4 (0x00aaceb3) x29 0x80018ce3
core   0: 0x800075b8 (0x412d86b3) sub     a3, s11, s2
core   0: 3 0x800075b8 (0x412d86b3) x13 0xfd782000
core   0: 0x800075bc (0x00000013) nop
core   0: 3 0x800075bc (0x00000013)
core   0: 0x800075c0 (0xca794893) xori    a7, s2, -857
core   0: 3 0x800075c0 (0xca794893) x17 0xfd781ca7
core   0: 0x800075c4 (0x50436c37) lui     s8, 0x50436
core   0: 3 0x800075c4 (0x50436c37) x24 0x50436000
core   0: 0x800075c8 (0x00b11fb3) sll     t6, sp, a1
core   0: 3 0x800075c8 (0x00b11fb3) x31 0x00000008
core   0: 0x800075cc (0x01519793) slli    a5, gp, 21
core   0: 3 0x800075cc (0x01519793) x15 0x91000000
core   0: 0x800075d0 (0x7aeaf693) andi    a3, s5, 1966
core   0: 3 0x800075d0 (0x7aeaf693) x13 0x000007ae
core   0: 0x800075d4 (0xeb67cc93) xori    s9, a5, -330
core   0: 3 0x800075d4 (0xeb67cc93) x25 0x6efffeb6
core   0: 0x800075d8 (0x026d2cb3) mulhsu  s9, s10, t1
core   0: 3 0x800075d8 (0x026d2cb3) x25 0x00000000
core   0: 0x800075dc (0x01da2c33) slt     s8, s4, t4
core   0: 3 0x800075dc (0x01da2c33) x24 0x00000000
core   0: 0x800075e0 (0x017837b3) sltu    a5, a6, s7
core   0: 3 0x800075e0 (0x017837b3) x15 0x00000000
core   0: 0x800075e4 (0xb9bec313) xori    t1, t4, -1125
core   0: 3 0x800075e4 (0xb9bec313) x 6 0x7ffe7778
core   0: 0x800075e8 (0x544df593) andi    a1, s11, 1348
core   0: 3 0x800075e8 (0x544df593) x11 0x00000000
core   0: 0x800075ec (0x00525993) srli    s3, tp, 5
core   0: 3 0x800075ec (0x00525993) x19 0x07fff000
core   0: 0x800075f0 (0x01fef5b3) and     a1, t4, t6
core   0: 3 0x800075f0 (0x01fef5b3) x11 0x00000000
core   0: 0x800075f4 (0x01bdd013) srli    zero, s11, 27
core   0: 3 0x800075f4 (0x01bdd013)
core   0: 0x800075f8 (0x02e1f9b3) remu    s3, gp, a4
core   0: 3 0x800075f8 (0x02e1f9b3) x19 0x55fd7488
core   0: 0x800075fc (0x41df5fb3) sra     t6, t5, t4
core   0: 3 0x800075fc (0x41df5fb3) x31 0x00000000
core   0: 0x80007600 (0x015fc933) xor     s2, t6, s5
core   0: 3 0x80007600 (0x015fc933) x18 0xffffffff
core   0: 0x80007604 (0x00bac8b3) xor     a7, s5, a1
core   0: 3 0x80007604 (0x00bac8b3) x17 0xffffffff
core   0: 0x80007608 (0x02f7d3b3) divu    t2, a5, a5
core   0: 3 0x80007608 (0x02f7d3b3) x 7 0xffffffff
core   0: 0x8000760c (0x003698b3) sll     a7, a3, gp
core   0: 3 0x8000760c (0x003698b3) x17 0x0007ae00
core   0: 0x80007610 (0x031f61b3) rem     gp, t5, a7
core   0: 3 0x80007610 (0x031f61b3) x 3 0x00000000
core   0: 0x80007614 (0x40e3d033) sra     zero, t2, a4
core   0: 3 0x80007614 (0x40e3d033)
core   0: 0x80007618 (0x41c787b3) sub     a5, a5, t3
core   0: 3 0x80007618 (0x41c787b3) x15 0x7ffe731c
core   0: 0x8000761c (0xd40fe037) lui     zero, 0xd40fe
core   0: 3 0x8000761c (0xd40fe037)
core   0: 0x80007620 (0x016a8533) add     a0, s5, s6
core   0: 3 0x80007620 (0x016a8533) x10 0x00000000
core   0: 0x80007624 (0x8d0f6513) ori     a0, t5, -1840
core   0: 3 0x80007624 (0x8d0f6513) x10 0xfffff8d0
core   0: 0x80007628 (0x027b5333) divu    t1, s6, t2
core   0: 3 0x80007628 (0x027b5333) x 6 0x00000000
core   0: 0x8000762c (0x012dd493) srli    s1, s11, 18
core   0: 3 0x8000762c (0x012dd493) x 9 0x00000000
core   0: 0x80007630 (0x024b91b3) mulh    gp, s7, tp
core   0: 3 0x80007630 (0x024b91b3) x 3 0x00000000
core   0: 0x80007634 (0x00f8dab3) srl     s5, a7, a5
core   0: 3 0x80007634 (0x00f8dab3) x21 0x00000000
core   0: 0x80007638 (0x4031db33) sra     s6, gp, gp
core   0: 3 0x80007638 (0x4031db33) x22 0x00000000
core   0: 0x8000763c (0x01ab79b3) and     s3, s6, s10
core   0: 3 0x8000763c (0x01ab79b3) x19 0x00000000
core   0: 0x80007640 (0x02cf2833) mulhsu  a6, t5, a2
core   0: 3 0x80007640 (0x02cf2833) x16 0x00000000
core   0: 0x80007644 (0x01ffe533) or      a0, t6, t6
core   0: 3 0x80007644 (0x01ffe533) x10 0x00000000
core   0: 0x80007648 (0x02cf7fb3) remu    t6, t5, a2
core   0: 3 0x80007648 (0x02cf7fb3) x31 0x00000000
core   0: 0x8000764c (0x026348b3) div     a7, t1, t1
core   0: 3 0x8000764c (0x026348b3) x17 0xffffffff
core   0: 0x80007650 (0x037c0fb3) mul     t6, s8, s7
core   0: 3 0x80007650 (0x037c0fb3) x31 0x00000000
core   0: 0x80007654 (0x00a33033) sltu    zero, t1, a0
core   0: 3 0x80007654 (0x00a33033)
core   0: 0x80007658 (0x67ccf193) andi    gp, s9, 1660
core   0: 3 0x80007658 (0x67ccf193) x 3 0x00000000
core   0: 0x8000765c (0x89e1f093) andi    ra, gp, -1890
core   0: 3 0x8000765c (0x89e1f093) x 1 0x00000000
core   0: 0x80007660 (0x032d1b33) mulh    s6, s10, s2
core   0: 3 0x80007660 (0x032d1b33) x22 0x00000000
core   0: 0x80007664 (0x442f2b13) slti    s6, t5, 1090
core   0: 3 0x80007664 (0x442f2b13) x22 0x00000001
core   0: 0x80007668 (0x039ee0b3) rem     ra, t4, s9
core   0: 3 0x80007668 (0x039ee0b3) x 1 0x80018ce3
core   0: 0x8000766c (0x0368e633) rem     a2, a7, s6
core   0: 3 0x8000766c (0x0368e633) x12 0x00000000
core   0: 0x80007670 (0x01c276b3) and     a3, tp, t3
core   0: 3 0x80007670 (0x01c276b3) x13 0x80000004
core   0: 0x80007674 (0x000b9793) slli    a5, s7, 0
core   0: 3 0x80007674 (0x000b9793) x15 0x00000000
core   0: 0x80007678 (0x030a50b3) divu    ra, s4, a6
core   0: 3 0x80007678 (0x030a50b3) x 1 0xffffffff
core   0: 0x8000767c (0x008aaab3) slt     s5, s5, s0
core   0: 3 0x8000767c (0x008aaab3) x21 0x00000000
core   0: 0x80007680 (0x00522cb3) slt     s9, tp, t0
core   0: 3 0x80007680 (0x00522cb3) x25 0x00000000
core   0: 0x80007684 (0x03c38b33) mul     s6, t2, t3
core   0: 3 0x80007684 (0x03c38b33) x22 0x7ffe731c
core   0: 0x80007688 (0x028c60b3) rem     ra, s8, s0
core   0: 3 0x80007688 (0x028c60b3) x 1 0x00000000
core   0: 0x8000768c (0x39a7b993) sltiu   s3, a5, 922
core   0: 3 0x8000768c (0x39a7b993) x19 0x00000001
core   0: 0x80007690 (0x2f1b0613) addi    a2, s6, 753
core   0: 3 0x80007690 (0x2f1b0613) x12 0x7ffe760d
core   0: 0x80007694 (0x491c4c97) auipc   s9, 0x491c4
core   0: 3 0x80007694 (0x491c4c97) x25 0xc91cb694
core   0: 0x80007698 (0xc0f28713) addi    a4, t0, -1009
core   0: 3 0x80007698 (0xc0f28713) x14 0x80014a73
core   0: 0x8000769c (0x03069db3) mulh    s11, a3, a6
core   0: 3 0x8000769c (0x03069db3) x27 0x00000000
core   0: 0x800076a0 (0x02b376b3) remu    a3, t1, a1
core   0: 3 0x800076a0 (0x02b376b3) x13 0x00000000
core   0: 0x800076a4 (0x91430e93) addi    t4, t1, -1772
core   0: 3 0x800076a4 (0x91430e93) x29 0xfffff914
core   0: 0x800076a8 (0x4110da33) sra     s4, ra, a7
core   0: 3 0x800076a8 (0x4110da33) x20 0x00000000
core   0: 0x800076ac (0x00933fb3) sltu    t6, t1, s1
core   0: 3 0x800076ac (0x00933fb3) x31 0x00000000
core   0: 0x800076b0 (0x5ce0a093) slti    ra, ra, 1486
core   0: 3 0x800076b0 (0x5ce0a093) x 1 0x00000001
core   0: 0x800076b4 (0xe618c197) auipc   gp, 0xe618c
core   0: 3 0x800076b4 (0xe618c197) x 3 0x661936b4
core   0: 0x800076b8 (0x01c1c1b3) xor     gp, gp, t3
core   0: 3 0x800076b8 (0x01c1c1b3) x 3 0xe618ba50
core   0: 0x800076bc (0x02a60013) addi    zero, a2, 42
core   0: 3 0x800076bc (0x02a60013)
core   0: 0x800076c0 (0x02fcddb3) divu    s11, s9, a5
core   0: 3 0x800076c0 (0x02fcddb3) x27 0xffffffff
core   0: 0x800076c4 (0xcfebf597) auipc   a1, 0xcfebf
core   0: 3 0x800076c4 (0xcfebf597) x11 0x4fec66c4
core   0: 0x800076c8 (0x00c00c33) add     s8, zero, a2
core   0: 3 0x800076c8 (0x00c00c33) x24 0x7ffe760d
core   0: 0x800076cc (0x0149eeb3) or      t4, s3, s4
core   0: 3 0x800076cc (0x0149eeb3) x29 0x00000001
core   0: 0x800076d0 (0x8d47b9b7) lui     s3, 0x8d47b
core   0: 3 0x800076d0 (0x8d47b9b7) x19 0x8d47b000
core   0: 0x800076d4 (0x406cd733) sra     a4, s9, t1
core   0: 3 0x800076d4 (0x406cd733) x14 0xc91cb694
core   0: 0x800076d8 (0x030e9a33) mulh    s4, t4, a6
core   0: 3 0x800076d8 (0x030e9a33) x20 0x00000000
core   0: 0x800076dc (0x01d15693) srli    a3, sp, 29
core   0: 3 0x800076dc (0x01d15693) x13 0x00000000
core   0: 0x800076e0 (0xde3e2513) slti    a0, t3, -541
core   0: 3 0x800076e0 (0xde3e2513) x10 0x00000001
core   0: 0x800076e4 (0x895f2d13) slti    s10, t5, -1899
core   0: 3 0x800076e4 (0x895f2d13) x26 0x00000000
core   0: 0x800076e8 (0x00eb88b3) add     a7, s7, a4
core   0: 3 0x800076e8 (0x00eb88b3) x17 0xc91cb694
core   0: 0x800076ec (0x019db033) sltu    zero, s11, s9
core   0: 3 0x800076ec (0x019db033)
core   0: 0x800076f0 (0x019b00b3) add     ra, s6, s9
core   0: 3 0x800076f0 (0x019b00b3) x 1 0x491b29b0
core   0: 0x800076f4 (0x0006ea33) or      s4, a3, zero
core   0: 3 0x800076f4 (0x0006ea33) x20 0x00000000
core   0: 0x800076f8 (0x00000013) nop
core   0: 3 0x800076f8 (0x00000013)
core   0: 0x800076fc (0x0107e433) or      s0, a5, a6
core   0: 3 0x800076fc (0x0107e433) x 8 0x00000000
core   0: 0x80007700 (0xfcb1c893) xori    a7, gp, -53
core   0: 3 0x80007700 (0xfcb1c893) x17 0x19e7459b
core   0: 0x80007704 (0x0066c6b3) xor     a3, a3, t1
core   0: 3 0x80007704 (0x0066c6b3) x13 0x00000000
core   0: 0x80007708 (0x31822693) slti    a3, tp, 792
core   0: 3 0x80007708 (0x31822693) x13 0x00000001
core   0: 0x8000770c (0x036e2ab3) mulhsu  s5, t3, s6
core   0: 3 0x8000770c (0x036e2ab3) x21 0xc0018ce1
core   0: 0x80007710 (0x9ce3c193) xori    gp, t2, -1586
core   0: 3 0x80007710 (0x9ce3c193) x 3 0x00000631
core   0: 0x80007714 (0x0051b533) sltu    a0, gp, t0
core   0: 3 0x80007714 (0x0051b533) x10 0x00000001
core   0: 0x80007718 (0x03904633) div     a2, zero, s9
core   0: 3 0x80007718 (0x03904633) x12 0x00000000
core   0: 0x8000771c (0x00000013) nop
core   0: 3 0x8000771c (0x00000013)
core   0: 0x80007720 (0x98f2ea13) ori     s4, t0, -1649
core   0: 3 0x80007720 (0x98f2ea13) x20 0xffffffef
core   0: 0x80007724 (0x010126b3) slt     a3, sp, a6
core   0: 3 0x80007724 (0x010126b3) x13 0x00000000
core   0: 0x80007728 (0x02e535b3) mulhu   a1, a0, a4
core   0: 3 0x80007728 (0x02e535b3) x11 0x00000000
core   0: 0x8000772c (0x03f1a033) mulhsu  zero, gp, t6
core   0: 3 0x8000772c (0x03f1a033)
core   0: 0x80007730 (0x00935b13) srli    s6, t1, 9
core   0: 3 0x80007730 (0x00935b13) x22 0x00000000
core   0: 0x80007734 (0x02712c33) mulhsu  s8, sp, t2
core   0: 3 0x80007734 (0x02712c33) x24 0x00000007
core   0: 0x80007738 (0xbc713497) auipc   s1, 0xbc713
core   0: 3 0x80007738 (0xbc713497) x 9 0x3c71a738
core   0: 0x8000773c (0x00a927b3) slt     a5, s2, a0
core   0: 3 0x8000773c (0x00a927b3) x15 0x00000001
core   0: 0x80007740 (0x02f397b3) mulh    a5, t2, a5
core   0: 3 0x80007740 (0x02f397b3) x15 0xffffffff
core   0: 0x80007744 (0x02324733) div     a4, tp, gp
core   0: 3 0x80007744 (0x02324733) x14 0xffffffae
core   0: 0x80007748 (0x407ed6b3) sra     a3, t4, t2
core   0: 3 0x80007748 (0x407ed6b3) x13 0x00000000
core   0: 0x8000774c (0x011d4bb3) xor     s7, s10, a7
core   0: 3 0x8000774c (0x011d4bb3) x23 0x19e7459b
core   0: 0x80007750 (0x01e15db3) srl     s11, sp, t5
core   0: 3 0x80007750 (0x01e15db3) x27 0x00000008
core   0: 0x80007754 (0x0170c633) xor     a2, ra, s7
core   0: 3 0x80007754 (0x0170c633) x12 0x50fc6c2b
core   0: 0x80007758 (0x3f9bf597) auipc   a1, 0x3f9bf
core   0: 3 0x80007758 (0x3f9bf597) x11 0xbf9c6758
core   0: 0x8000775c (0xeef90c93) addi    s9, s2, -273
core   0: 3 0x8000775c (0xeef90c93) x25 0xfffffeee
core   0: 0x80007760 (0x006c8833) add     a6, s9, t1
core   0: 3 0x80007760 (0x006c8833) x16 0xfffffeee
core   0: 0x80007764 (0x00000013) nop
core   0: 3 0x80007764 (0x00000013)
core   0: 0x80007768 (0x980e8bb7) lui     s7, 0x980e8
core   0: 3 0x80007768 (0x980e8bb7) x23 0x980e8000
core   0: 0x8000776c (0x41660433) sub     s0, a2, s6
core   0: 3 0x8000776c (0x41660433) x 8 0x50fc6c2b
core   0: 0x80007770 (0x0121f833) and     a6, gp, s2
core   0: 3 0x80007770 (0x0121f833) x16 0x00000631
core   0: 0x80007774 (0xc673a793) slti    a5, t2, -921
core   0: 3 0x80007774 (0xc673a793) x15 0x00000000
core   0: 0x80007778 (0x40efdc33) sra     s8, t6, a4
core   0: 3 0x80007778 (0x40efdc33) x24 0x00000000
core   0: 0x8000777c (0x0c921317) auipc   t1, 0xc921
core   0: 3 0x8000777c (0x0c921317) x 6 0x8c92877c
core   0: 0x80007780 (0x02d00db3) mul     s11, zero, a3
core   0: 3 0x80007780 (0x02d00db3) x27 0x00000000
core   0: 0x80007784 (0x01453cb3) sltu    s9, a0, s4
core   0: 3 0x80007784 (0x01453cb3) x25 0x00000001
core   0: 0x80007788 (0x01d14a33) xor     s4, sp, t4
core   0: 3 0x80007788 (0x01d14a33) x20 0x00000009
core   0: 0x8000778c (0x38bccb37) lui     s6, 0x38bcc
core   0: 3 0x8000778c (0x38bccb37) x22 0x38bcc000
core   0: 0x80007790 (0x03620eb3) mul     t4, tp, s6
core   0: 3 0x80007790 (0x03620eb3) x29 0xd46c8000
core   0: 0x80007794 (0x94084d13) xori    s10, a6, -1728
core   0: 3 0x80007794 (0x94084d13) x26 0xffffff71
core   0: 0x80007798 (0x027bf533) remu    a0, s7, t2
core   0: 3 0x80007798 (0x027bf533) x10 0x980e8000
core   0: 0x8000779c (0x021ba7b3) mulhsu  a5, s7, ra
core   0: 3 0x8000779c (0x021ba7b3) x15 0xe2511b1a
core   0: 0x800077a0 (0x039f1d33) mulh    s10, t5, s9
core   0: 3 0x800077a0 (0x039f1d33) x26 0x00000000
core   0: 0x800077a4 (0x034d1233) mulh    tp, s10, s4
core   0: 3 0x800077a4 (0x034d1233) x 4 0x00000000
core   0: 0x800077a8 (0xbbf10493) addi    s1, sp, -1089
core   0: 3 0x800077a8 (0xbbf10493) x 9 0xfffffbc7
core   0: 0x800077ac (0x671ea713) slti    a4, t4, 1649
core   0: 3 0x800077ac (0x671ea713) x14 0x00000001
core   0: 0x800077b0 (0x03c2e833) rem     a6, t0, t3
core   0: 3 0x800077b0 (0x03c2e833) x16 0xffffc180
core   0: 0x800077b4 (0x02efc0b3) div     ra, t6, a4
core   0: 3 0x800077b4 (0x02efc0b3) x 1 0x00000000
core   0: 0x800077b8 (0x02343433) mulhu   s0, s0, gp
core   0: 3 0x800077b8 (0x02343433) x 8 0x000001f5
core   0: 0x800077bc (0x02a50733) mul     a4, a0, a0
core   0: 3 0x800077bc (0x02a50733) x14 0x40000000
core   0: 0x800077c0 (0x000c38b3) sltu    a7, s8, zero
core   0: 3 0x800077c0 (0x000c38b3) x17 0x00000000
core   0: 0x800077c4 (0xd5b4eb93) ori     s7, s1, -677
core   0: 3 0x800077c4 (0xd5b4eb93) x23 0xffffffdf
core   0: 0x800077c8 (0x00739f93) slli    t6, t2, 7
core   0: 3 0x800077c8 (0x00739f93) x31 0xffffff80
core   0: 0x800077cc (0x02c82533) mulhsu  a0, a6, a2
core   0: 3 0x800077cc (0x02c82533) x10 0xffffec3a
core   0: 0x800077d0 (0x02369733) mulh    a4, a3, gp
core   0: 3 0x800077d0 (0x02369733) x14 0x00000000
core   0: 0x800077d4 (0x90ef2093) slti    ra, t5, -1778
core   0: 3 0x800077d4 (0x90ef2093) x 1 0x00000000
core   0: 0x800077d8 (0x40425333) sra     t1, tp, tp
core   0: 3 0x800077d8 (0x40425333) x 6 0x00000000
core   0: 0x800077dc (0x0176dd93) srli    s11, a3, 23
core   0: 3 0x800077dc (0x0176dd93) x27 0x00000000
core   0: 0x800077e0 (0xc767b493) sltiu   s1, a5, -906
core   0: 3 0x800077e0 (0xc767b493) x 9 0x00000001
core   0: 0x800077e4 (0xe5b0bb93) sltiu   s7, ra, -421
core   0: 3 0x800077e4 (0xe5b0bb93) x23 0x00000001
core   0: 0x800077e8 (0x015500b3) add     ra, a0, s5
core   0: 3 0x800077e8 (0x015500b3) x 1 0xc001791b
core   0: 0x800077ec (0x4fa8cc13) xori    s8, a7, 1274
core   0: 3 0x800077ec (0x4fa8cc13) x24 0x000004fa
core   0: 0x800077f0 (0x02aa0eb3) mul     t4, s4, a0
core   0: 3 0x800077f0 (0x02aa0eb3) x29 0xffff4e0a
core   0: 0x800077f4 (0x196eec93) ori     s9, t4, 406
core   0: 3 0x800077f4 (0x196eec93) x25 0xffff4f9e
core   0: 0x800077f8 (0x01ed84b3) add     s1, s11, t5
core   0: 3 0x800077f8 (0x01ed84b3) x 9 0x00000000
core   0: 0x800077fc (0x00000013) nop
core   0: 3 0x800077fc (0x00000013)
core   0: 0x80007800 (0x013d4f33) xor     t5, s10, s3
core   0: 3 0x80007800 (0x013d4f33) x30 0x8d47b000
core   0: 0x80007804 (0x02b703b3) mul     t2, a4, a1
core   0: 3 0x80007804 (0x02b703b3) x 7 0x00000000
core   0: 0x80007808 (0x01c95a13) srli    s4, s2, 28
core   0: 3 0x80007808 (0x01c95a13) x20 0x0000000f
core   0: 0x8000780c (0x3d1a0913) addi    s2, s4, 977
core   0: 3 0x8000780c (0x3d1a0913) x18 0x000003e0
core   0: 0x80007810 (0x5cf57013) andi    zero, a0, 1487
core   0: 3 0x80007810 (0x5cf57013)
core   0: 0x80007814 (0x01e63eb3) sltu    t4, a2, t5
core   0: 3 0x80007814 (0x01e63eb3) x29 0x00000001
core   0: 0x80007818 (0x016ab933) sltu    s2, s5, s6
core   0: 3 0x80007818 (0x016ab933) x18 0x00000000
core   0: 0x8000781c (0x011be433) or      s0, s7, a7
core   0: 3 0x8000781c (0x011be433) x 8 0x00000001
core   0: 0x80007820 (0xc5272413) slti    s0, a4, -942
core   0: 3 0x80007820 (0xc5272413) x 8 0x00000000
core   0: 0x80007824 (0xde979bb7) lui     s7, 0xde979
core   0: 3 0x80007824 (0xde979bb7) x23 0xde979000
core   0: 0x80007828 (0x026bebb3) rem     s7, s7, t1
core   0: 3 0x80007828 (0x026bebb3) x23 0xde979000
core   0: 0x8000782c (0x02334ab3) div     s5, t1, gp
core   0: 3 0x8000782c (0x02334ab3) x21 0x00000000
core   0: 0x80007830 (0x883bc893) xori    a7, s7, -1917
core   0: 3 0x80007830 (0x883bc893) x17 0x21686883
core   0: 0x80007834 (0x414300b3) sub     ra, t1, s4
core   0: 3 0x80007834 (0x414300b3) x 1 0xfffffff1
core   0: 0x80007838 (0x00541cb3) sll     s9, s0, t0
core   0: 3 0x80007838 (0x00541cb3) x25 0x00000000
core   0: 0x8000783c (0xa835f493) andi    s1, a1, -1405
core   0: 3 0x8000783c (0xa835f493) x 9 0xbf9c6200
core   0: 0x80007840 (0x0062f833) and     a6, t0, t1
core   0: 3 0x80007840 (0x0062f833) x16 0x00000000
core   0: 0x80007844 (0xbdbd2d13) slti    s10, s10, -1061
core   0: 3 0x80007844 (0xbdbd2d13) x26 0x00000000
core   0: 0x80007848 (0x00025e93) srli    t4, tp, 0
core   0: 3 0x80007848 (0x00025e93) x29 0x00000000
core   0: 0x8000784c (0xdee07b93) andi    s7, zero, -530
core   0: 3 0x8000784c (0xdee07b93) x23 0x00000000
core   0: 0x80007850 (0x027c1bb3) mulh    s7, s8, t2
core   0: 3 0x80007850 (0x027c1bb3) x23 0x00000000
core   0: 0x80007854 (0x027dd633) divu    a2, s11, t2
core   0: 3 0x80007854 (0x027dd633) x12 0xffffffff
core   0: 0x80007858 (0x39d4b613) sltiu   a2, s1, 925
core   0: 3 0x80007858 (0x39d4b613) x12 0x00000000
core   0: 0x8000785c (0x0334b9b3) mulhu   s3, s1, s3
core   0: 3 0x8000785c (0x0334b9b3) x19 0x69beca14
core   0: 0x80007860 (0x0209e8b3) rem     a7, s3, zero
core   0: 3 0x80007860 (0x0209e8b3) x17 0x69beca14
core   0: 0x80007864 (0x4051d0b3) sra     ra, gp, t0
core   0: 3 0x80007864 (0x4051d0b3) x 1 0x00000063
core   0: 0x80007868 (0x016d1ab3) sll     s5, s10, s6
core   0: 3 0x80007868 (0x016d1ab3) x21 0x00000000
core   0: 0x8000786c (0x37daca93) xori    s5, s5, 893
core   0: 3 0x8000786c (0x37daca93) x21 0x0000037d
core   0: 0x80007870 (0x00f87bb3) and     s7, a6, a5
core   0: 3 0x80007870 (0x00f87bb3) x23 0x00000000
core   0: 0x80007874 (0x001503b3) add     t2, a0, ra
core   0: 3 0x80007874 (0x001503b3) x 7 0xffffec9d
core   0: 0x80007878 (0xfb873a17) auipc   s4, 0xfb873
core   0: 3 0x80007878 (0xfb873a17) x20 0x7b87a878
core   0: 0x8000787c (0x410ed333) sra     t1, t4, a6
core   0: 3 0x8000787c (0x410ed333) x 6 0x00000000
core   0: 0x80007880 (0x00000013) nop
core   0: 3 0x80007880 (0x00000013)
core   0: 0x80007884 (0x01b1a833) slt     a6, gp, s11
core   0: 3 0x80007884 (0x01b1a833) x16 0x00000000
core   0: 0x80007888 (0x031f1a33) mulh    s4, t5, a7
core   0: 3 0x80007888 (0x031f1a33) x20 0xd09ce7d6
core   0: 0x8000788c (0x41a6d9b3) sra     s3, a3, s10
core   0: 3 0x8000788c (0x41a6d9b3) x19 0x00000000
core   0: 0x80007890 (0x032018b3) mulh    a7, zero, s2
core   0: 3 0x80007890 (0x032018b3) x17 0x00000000
core   0: 0x80007894 (0x02c23233) mulhu   tp, tp, a2
core   0: 3 0x80007894 (0x02c23233) x 4 0x00000000
core   0: 0x80007898 (0xc38a6313) ori     t1, s4, -968
core   0: 3 0x80007898 (0xc38a6313) x 6 0xfffffffe
core   0: 0x8000789c (0x0255f6b3) remu    a3, a1, t0
core   0: 3 0x8000789c (0x0255f6b3) x13 0x3f9b18f4
core   0: 0x800078a0 (0x01c2d1b3) srl     gp, t0, t3
core   0: 3 0x800078a0 (0x01c2d1b3) x 3 0x080014e6
core   0: 0x800078a4 (0x00dfd1b3) srl     gp, t6, a3
core   0: 3 0x800078a4 (0x00dfd1b3) x 3 0x00000fff
core   0: 0x800078a8 (0x02b55bb3) divu    s7, a0, a1
core   0: 3 0x800078a8 (0x02b55bb3) x23 0x00000001
core   0: 0x800078ac (0x02f827b3) mulhsu  a5, a6, a5
core   0: 3 0x800078ac (0x02f827b3) x15 0x00000000
core   0: 0x800078b0 (0x03338ab3) mul     s5, t2, s3
core   0: 3 0x800078b0 (0x03338ab3) x21 0x00000000
core   0: 0x800078b4 (0x01b11f13) slli    t5, sp, 27
core   0: 3 0x800078b4 (0x01b11f13) x30 0x40000000
core   0: 0x800078b8 (0x93c60313) addi    t1, a2, -1732
core   0: 3 0x800078b8 (0x93c60313) x 6 0xfffff93c
core   0: 0x800078bc (0x01cdd213) srli    tp, s11, 28
core   0: 3 0x800078bc (0x01cdd213) x 4 0x00000000
core   0: 0x800078c0 (0xd4793393) sltiu   t2, s2, -697
core   0: 3 0x800078c0 (0xd4793393) x 7 0x00000001
core   0: 0x800078c4 (0x02195db3) divu    s11, s2, ra
core   0: 3 0x800078c4 (0x02195db3) x27 0x00000000
core   0: 0x800078c8 (0x01fbd913) srli    s2, s7, 31
core   0: 3 0x800078c8 (0x01fbd913) x18 0x00000000
core   0: 0x800078cc (0x8cb90eb7) lui     t4, 0x8cb90
core   0: 3 0x800078cc (0x8cb90eb7) x29 0x8cb90000
core   0: 0x800078d0 (0x6c321c17) auipc   s8, 0x6c321
core   0: 3 0x800078d0 (0x6c321c17) x24 0xec3288d0
core   0: 0x800078d4 (0x4075d1b3) sra     gp, a1, t2
core   0: 3 0x800078d4 (0x4075d1b3) x 3 0xdfce33ac
core   0: 0x800078d8 (0x01d2c633) xor     a2, t0, t4
core   0: 3 0x800078d8 (0x01d2c633) x12 0x0cb84e64
core   0: 0x800078dc (0x0257fab3) remu    s5, a5, t0
core   0: 3 0x800078dc (0x0257fab3) x21 0x00000000
core   0: 0x800078e0 (0x402a8eb3) sub     t4, s5, sp
core   0: 3 0x800078e0 (0x402a8eb3) x29 0xfffffff8
core   0: 0x800078e4 (0x01ac04b3) add     s1, s8, s10
core   0: 3 0x800078e4 (0x01ac04b3) x 9 0xec3288d0
core   0: 0x800078e8 (0x41e4d613) srai    a2, s1, 30
core   0: 3 0x800078e8 (0x41e4d613) x12 0xffffffff
core   0: 0x800078ec (0x009f1393) slli    t2, t5, 9
core   0: 3 0x800078ec (0x009f1393) x 7 0x00000000
core   0: 0x800078f0 (0x0036d793) srli    a5, a3, 3
core   0: 3 0x800078f0 (0x0036d793) x15 0x07f3631e
core   0: 0x800078f4 (0x009b1a33) sll     s4, s6, s1
core   0: 3 0x800078f4 (0x009b1a33) x20 0xc0000000
core   0: 0x800078f8 (0x03d37d93) andi    s11, t1, 61
core   0: 3 0x800078f8 (0x03d37d93) x27 0x0000003c
core   0: 0x800078fc (0x0330bb33) mulhu   s6, ra, s3
core   0: 3 0x800078fc (0x0330bb33) x22 0x00000000
core   0: 0x80007900 (0x365f8793) addi    a5, t6, 869
core   0: 3 0x80007900 (0x365f8793) x15 0x000002e5
core   0: 0x80007904 (0x037ab413) sltiu   s0, s5, 55
core   0: 3 0x80007904 (0x037ab413) x 8 0x00000001
core   0: 0x80007908 (0x01f81393) slli    t2, a6, 31
core   0: 3 0x80007908 (0x01f81393) x 7 0x00000000
core   0: 0x8000790c (0x0231bc33) mulhu   s8, gp, gp
core   0: 3 0x8000790c (0x0231bc33) x24 0xc3a8e41c
core   0: 0x80007910 (0x40185693) srai    a3, a6, 1
core   0: 3 0x80007910 (0x40185693) x13 0x00000000
core   0: 0x80007914 (0x406eda93) srai    s5, t4, 6
core   0: 3 0x80007914 (0x406eda93) x21 0xffffffff
core   0: 0x80007918 (0x02364033) div     zero, a2, gp
core   0: 3 0x80007918 (0x02364033)
core   0: 0x8000791c (0x0333eeb3) rem     t4, t2, s3
core   0: 3 0x8000791c (0x0333eeb3) x29 0x00000000
core   0: 0x80007920 (0x01811793) slli    a5, sp, 24
core   0: 3 0x80007920 (0x01811793) x15 0x08000000
core   0: 0x80007924 (0x016b3db3) sltu    s11, s6, s6
core   0: 3 0x80007924 (0x016b3db3) x27 0x00000000
core   0: 0x80007928 (0x024b5733) divu    a4, s6, tp
core   0: 3 0x80007928 (0x024b5733) x14 0xffffffff
core   0: 0x8000792c (0x000b9513) slli    a0, s7, 0
core   0: 3 0x8000792c (0x000b9513) x10 0x00000001
core   0: 0x80007930 (0x03657333) remu    t1, a0, s6
core   0: 3 0x80007930 (0x03657333) x 6 0x00000001
core   0: 0x80007934 (0x01ad5733) srl     a4, s10, s10
core   0: 3 0x80007934 (0x01ad5733) x14 0x00000000
core   0: 0x80007938 (0x00302333) slt     t1, zero, gp
core   0: 3 0x80007938 (0x00302333) x 6 0x00000000
core   0: 0x8000793c (0x00e198b3) sll     a7, gp, a4
core   0: 3 0x8000793c (0x00e198b3) x17 0xdfce33ac
core   0: 0x80007940 (0x01714cb3) xor     s9, sp, s7
core   0: 3 0x80007940 (0x01714cb3) x25 0x00000009
core   0: 0x80007944 (0x41f388b3) sub     a7, t2, t6
core   0: 3 0x80007944 (0x41f388b3) x17 0x00000080
core   0: 0x80007948 (0x00000013) nop
core   0: 3 0x80007948 (0x00000013)
core   0: 0x8000794c (0x57fa4593) xori    a1, s4, 1407
core   0: 3 0x8000794c (0x57fa4593) x11 0xc000057f
core   0: 0x80007950 (0x00c01913) slli    s2, zero, 12
core   0: 3 0x80007950 (0x00c01913) x18 0x00000000
core   0: 0x80007954 (0x00149733) sll     a4, s1, ra
core   0: 3 0x80007954 (0x00149733) x14 0x61944680
core   0: 0x80007958 (0xfe1a7a13) andi    s4, s4, -31
core   0: 3 0x80007958 (0xfe1a7a13) x20 0xc0000000
core   0: 0x8000795c (0x027d1933) mulh    s2, s10, t2
core   0: 3 0x8000795c (0x027d1933) x18 0x00000000
core   0: 0x80007960 (0x8ee34e93) xori    t4, t1, -1810
core   0: 3 0x80007960 (0x8ee34e93) x29 0xfffff8ee
core   0: 0x80007964 (0x00c5c5b3) xor     a1, a1, a2
core   0: 3 0x80007964 (0x00c5c5b3) x11 0x3ffffa80
core   0: 0x80007968 (0x6da31717) auipc   a4, 0x6da31
core   0: 3 0x80007968 (0x6da31717) x14 0xeda38968
core   0: 0x8000796c (0x03a8ad33) mulhsu  s10, a7, s10
core   0: 3 0x8000796c (0x03a8ad33) x26 0x00000000
core   0: 0x80007970 (0x03402633) mulhsu  a2, zero, s4
core   0: 3 0x80007970 (0x03402633) x12 0x00000000
core   0: 0x80007974 (0x005ed233) srl     tp, t4, t0
core   0: 3 0x80007974 (0x005ed233) x 4 0x0fffff8e
core   0: 0x80007978 (0x00000013) nop
core   0: 3 0x80007978 (0x00000013)
core   0: 0x8000797c (0x412855b3) sra     a1, a6, s2
core   0: 3 0x8000797c (0x412855b3) x11 0x00000000
core   0: 0x80007980 (0x79a46497) auipc   s1, 0x79a46
core   0: 3 0x80007980 (0x79a46497) x 9 0xf9a4d980
core   0: 0x80007984 (0x01dc7eb3) and     t4, s8, t4
core   0: 3 0x80007984 (0x01dc7eb3) x29 0xc3a8e00c
core   0: 0x80007988 (0x0171adb3) slt     s11, gp, s7
core   0: 3 0x80007988 (0x0171adb3) x27 0x00000001
core   0: 0x8000798c (0x7a134517) auipc   a0, 0x7a134
core   0: 3 0x8000798c (0x7a134517) x10 0xfa13b98c
core   0: 0x80007990 (0xfc6b7413) andi    s0, s6, -58
core   0: 3 0x80007990 (0xfc6b7413) x 8 0x00000000
core   0: 0x80007994 (0x0196cab3) xor     s5, a3, s9
core   0: 3 0x80007994 (0x0196cab3) x21 0x00000009
core   0: 0x80007998 (0x4158dd33) sra     s10, a7, s5
core   0: 3 0x80007998 (0x4158dd33) x26 0x00000000
core   0: 0x8000799c (0x0396ea33) rem     s4, a3, s9
core   0: 3 0x8000799c (0x0396ea33) x20 0x00000000
core   0: 0x800079a0 (0xa68e4bb7) lui     s7, 0xa68e4
core   0: 3 0x800079a0 (0xa68e4bb7) x23 0xa68e4000
core   0: 0x800079a4 (0x44490d93) addi    s11, s2, 1092
core   0: 3 0x800079a4 (0x44490d93) x27 0x00000444
core   0: 0x800079a8 (0xf91b4013) xori    zero, s6, -111
core   0: 3 0x800079a8 (0xf91b4013)
core   0: 0x800079ac (0x935e2c93) slti    s9, t3, -1739
core   0: 3 0x800079ac (0x935e2c93) x25 0x00000001
core   0: 0x800079b0 (0x01de9f13) slli    t5, t4, 29
core   0: 3 0x800079b0 (0x01de9f13) x30 0x80000000
core   0: 0x800079b4 (0x029fe833) rem     a6, t6, s1
core   0: 3 0x800079b4 (0x029fe833) x16 0xffffff80
core   0: 0x800079b8 (0x40175533) sra     a0, a4, ra
core   0: 3 0x800079b8 (0x40175533) x10 0xfdb4712d
core   0: 0x800079bc (0xdec3cd93) xori    s11, t2, -532
core   0: 3 0x800079bc (0xdec3cd93) x27 0xfffffdec
core   0: 0x800079c0 (0x1fddca13) xori    s4, s11, 509
core   0: 3 0x800079c0 (0x1fddca13) x20 0xfffffc11
core   0: 0x800079c4 (0x00d85433) srl     s0, a6, a3
core   0: 3 0x800079c4 (0x00d85433) x 8 0xffffff80
core   0: 0x800079c8 (0x00000013) nop
core   0: 3 0x800079c8 (0x00000013)
core   0: 0x800079cc (0x41b45f13) srai    t5, s0, 27
core   0: 3 0x800079cc (0x41b45f13) x30 0xffffffff
core   0: 0x800079d0 (0xc79bbb93) sltiu   s7, s7, -903
core   0: 3 0x800079d0 (0xc79bbb93) x23 0x00000001
core   0: 0x800079d4 (0x01dac533) xor     a0, s5, t4
core   0: 3 0x800079d4 (0x01dac533) x10 0xc3a8e005
core   0: 0x800079d8 (0x03ceccb3) div     s9, t4, t3
core   0: 3 0x800079d8 (0x03ceccb3) x25 0x00000000
core   0: 0x800079dc (0x01552f33) slt     t5, a0, s5
core   0: 3 0x800079dc (0x01552f33) x30 0x00000001
core   0: 0x800079e0 (0x41645eb3) sra     t4, s0, s6
core   0: 3 0x800079e0 (0x41645eb3) x29 0xffffff80
core   0: 0x800079e4 (0x01791b13) slli    s6, s2, 23
core   0: 3 0x800079e4 (0x01791b13) x22 0x00000000
core   0: 0x800079e8 (0x001bdfb3) srl     t6, s7, ra
core   0: 3 0x800079e8 (0x001bdfb3) x31 0x00000000
core   0: 0x800079ec (0x016f5333) srl     t1, t5, s6
core   0: 3 0x800079ec (0x016f5333) x 6 0x00000001
core   0: 0x800079f0 (0x01378733) add     a4, a5, s3
core   0: 3 0x800079f0 (0x01378733) x14 0x08000000
core   0: 0x800079f4 (0x03d59833) mulh    a6, a1, t4
core   0: 3 0x800079f4 (0x03d59833) x16 0x00000000
core   0: 0x800079f8 (0x033f2cb3) mulhsu  s9, t5, s3
core   0: 3 0x800079f8 (0x033f2cb3) x25 0x00000000
core   0: 0x800079fc (0x01645bb3) srl     s7, s0, s6
core   0: 3 0x800079fc (0x01645bb3) x23 0xffffff80
core   0: 0x80007a00 (0xb4ea4b93) xori    s7, s4, -1202
core   0: 3 0x80007a00 (0xb4ea4b93) x23 0x0000075f
core   0: 0x80007a04 (0x03cb7033) remu    zero, s6, t3
core   0: 3 0x80007a04 (0x03cb7033)
core   0: 0x80007a08 (0x0143dcb3) srl     s9, t2, s4
core   0: 3 0x80007a08 (0x0143dcb3) x25 0x00000000
core   0: 0x80007a0c (0x007b36b3) sltu    a3, s6, t2
core   0: 3 0x80007a0c (0x007b36b3) x13 0x00000000
core   0: 0x80007a10 (0x018ad433) srl     s0, s5, s8
core   0: 3 0x80007a10 (0x018ad433) x 8 0x00000000
core   0: 0x80007a14 (0x00000013) nop
core   0: 3 0x80007a14 (0x00000013)
core   0: 0x80007a18 (0x03061333) mulh    t1, a2, a6
core   0: 3 0x80007a18 (0x03061333) x 6 0x00000000
core   0: 0x80007a1c (0x9837c793) xori    a5, a5, -1661
core   0: 3 0x80007a1c (0x9837c793) x15 0xf7fff983
core   0: 0x80007a20 (0x01ac1a93) slli    s5, s8, 26
core   0: 3 0x80007a20 (0x01ac1a93) x21 0x70000000
core   0: 0x80007a24 (0x4b66a513) slti    a0, a3, 1206
core   0: 3 0x80007a24 (0x4b66a513) x10 0x00000001
core   0: 0x80007a28 (0x03d2cfb3) div     t6, t0, t4
core   0: 3 0x80007a28 (0x03d2cfb3) x31 0x00fffd63
core   0: 0x80007a2c (0x686a8d93) addi    s11, s5, 1670
core   0: 3 0x80007a2c (0x686a8d93) x27 0x70000686
core   0: 0x80007a30 (0x01c108b3) add     a7, sp, t3
core   0: 3 0x80007a30 (0x01c108b3) x17 0x80018cec
core   0: 0x80007a34 (0x02580f33) mul     t5, a6, t0
core   0: 3 0x80007a34 (0x02580f33) x30 0x00000000
core   0: 0x80007a38 (0x416d8d33) sub     s10, s11, s6
core   0: 3 0x80007a38 (0x416d8d33) x26 0x70000686
core   0: 0x80007a3c (0x23884a13) xori    s4, a6, 568
core   0: 3 0x80007a3c (0x23884a13) x20 0x00000238
core   0: 0x80007a40 (0x02842d33) mulhsu  s10, s0, s0
core   0: 3 0x80007a40 (0x02842d33) x26 0x00000000
core   0: 0x80007a44 (0x419d5d93) srai    s11, s10, 25
core   0: 3 0x80007a44 (0x419d5d93) x27 0x00000000
core   0: 0x80007a48 (0x0328e633) rem     a2, a7, s2
core   0: 3 0x80007a48 (0x0328e633) x12 0x80018cec
core   0: 0x80007a4c (0x007bcbb3) xor     s7, s7, t2
core   0: 3 0x80007a4c (0x007bcbb3) x23 0x0000075f
core   0: 0x80007a50 (0x01f01333) sll     t1, zero, t6
core   0: 3 0x80007a50 (0x01f01333) x 6 0x00000000
core   0: 0x80007a54 (0x00a337b3) sltu    a5, t1, a0
core   0: 3 0x80007a54 (0x00a337b3) x15 0x00000001
core   0: 0x80007a58 (0x039590b3) mulh    ra, a1, s9
core   0: 3 0x80007a58 (0x039590b3) x 1 0x00000000
core   0: 0x80007a5c (0x00000013) nop
core   0: 3 0x80007a5c (0x00000013)
core   0: 0x80007a60 (0xfa7c2c13) slti    s8, s8, -89
core   0: 3 0x80007a60 (0xfa7c2c13) x24 0x00000001
core   0: 0x80007a64 (0x00b35d93) srli    s11, t1, 11
core   0: 3 0x80007a64 (0x00b35d93) x27 0x00000000
core   0: 0x80007a68 (0x003b8233) add     tp, s7, gp
core   0: 3 0x80007a68 (0x003b8233) x 4 0xdfce3b0b
core   0: 0x80007a6c (0x40a604b3) sub     s1, a2, a0
core   0: 3 0x80007a6c (0x40a604b3) x 9 0x80018ceb
core   0: 0x80007a70 (0x00000013) nop
core   0: 3 0x80007a70 (0x00000013)
core   0: 0x80007a74 (0x02cbfeb3) remu    t4, s7, a2
core   0: 3 0x80007a74 (0x02cbfeb3) x29 0x0000075f
core   0: 0x80007a78 (0x03598eb3) mul     t4, s3, s5
core   0: 3 0x80007a78 (0x03598eb3) x29 0x00000000
core   0: 0x80007a7c (0x41e4dbb3) sra     s7, s1, t5
core   0: 3 0x80007a7c (0x41e4dbb3) x23 0x80018ceb
core   0: 0x80007a80 (0x03c71333) mulh    t1, a4, t3
core   0: 3 0x80007a80 (0x03c71333) x 6 0xfc000c67
core   0: 0x80007a84 (0x02cc9333) mulh    t1, s9, a2
core   0: 3 0x80007a84 (0x02cc9333) x 6 0x00000000
core   0: 0x80007a88 (0x671b0a93) addi    s5, s6, 1649
core   0: 3 0x80007a88 (0x671b0a93) x21 0x00000671
core   0: 0x80007a8c (0x5ae96a13) ori     s4, s2, 1454
core   0: 3 0x80007a8c (0x5ae96a13) x20 0x000005ae
core   0: 0x80007a90 (0x01065b13) srli    s6, a2, 16
core   0: 3 0x80007a90 (0x01065b13) x22 0x00008001
core   0: 0x80007a94 (0x02f0a0b3) mulhsu  ra, ra, a5
core   0: 3 0x80007a94 (0x02f0a0b3) x 1 0x00000000
core   0: 0x80007a98 (0x81f0ac93) slti    s9, ra, -2017
core   0: 3 0x80007a98 (0x81f0ac93) x25 0x00000000
core   0: 0x80007a9c (0x0203bbb3) mulhu   s7, t2, zero
core   0: 3 0x80007a9c (0x0203bbb3) x23 0x00000000
core   0: 0x80007aa0 (0x03791533) mulh    a0, s2, s7
core   0: 3 0x80007aa0 (0x03791533) x10 0x00000000
core   0: 0x80007aa4 (0x020f58b3) divu    a7, t5, zero
core   0: 3 0x80007aa4 (0x020f58b3) x17 0xffffffff
core   0: 0x80007aa8 (0x0050c1b3) xor     gp, ra, t0
core   0: 3 0x80007aa8 (0x0050c1b3) x 3 0x80014e64
core   0: 0x80007aac (0xc6da0793) addi    a5, s4, -915
core   0: 3 0x80007aac (0xc6da0793) x15 0x0000021b
core   0: 0x80007ab0 (0xe042af13) slti    t5, t0, -508
core   0: 3 0x80007ab0 (0xe042af13) x30 0x00000001
core   0: 0x80007ab4 (0x03076fb3) rem     t6, a4, a6
core   0: 3 0x80007ab4 (0x03076fb3) x31 0x08000000
core   0: 0x80007ab8 (0x01ad4433) xor     s0, s10, s10
core   0: 3 0x80007ab8 (0x01ad4433) x 8 0x00000000
core   0: 0x80007abc (0x03eb09b3) mul     s3, s6, t5
core   0: 3 0x80007abc (0x03eb09b3) x19 0x00008001
core   0: 0x80007ac0 (0x00ca0b33) add     s6, s4, a2
core   0: 3 0x80007ac0 (0x00ca0b33) x22 0x8001929a
core   0: 0x80007ac4 (0x02662eb3) mulhsu  t4, a2, t1
core   0: 3 0x80007ac4 (0x02662eb3) x29 0x00000000
core   0: 0x80007ac8 (0x03daadb3) mulhsu  s11, s5, t4
core   0: 3 0x80007ac8 (0x03daadb3) x27 0x00000000
core   0: 0x80007acc (0x013a81b3) add     gp, s5, s3
core   0: 3 0x80007acc (0x013a81b3) x 3 0x00008672
core   0: 0x80007ad0 (0x024b2d33) mulhsu  s10, s6, tp
core   0: 3 0x80007ad0 (0x024b2d33) x26 0x901a4272
core   0: 0x80007ad4 (0x01b09333) sll     t1, ra, s11
core   0: 3 0x80007ad4 (0x01b09333) x 6 0x00000000
core   0: 0x80007ad8 (0x004754b3) srl     s1, a4, tp
core   0: 3 0x80007ad8 (0x004754b3) x 9 0x00010000
core   0: 0x80007adc (0x039e9f33) mulh    t5, t4, s9
core   0: 3 0x80007adc (0x039e9f33) x30 0x00000000
core   0: 0x80007ae0 (0xf3558e93) addi    t4, a1, -203
core   0: 3 0x80007ae0 (0xf3558e93) x29 0xffffff35
core   0: 0x80007ae4 (0x02ddc233) div     tp, s11, a3
core   0: 3 0x80007ae4 (0x02ddc233) x 4 0xffffffff
core   0: 0x80007ae8 (0x02d565b3) rem     a1, a0, a3
core   0: 3 0x80007ae8 (0x02d565b3) x11 0x00000000
core   0: 0x80007aec (0x4aaf7c93) andi    s9, t5, 1194
core   0: 3 0x80007aec (0x4aaf7c93) x25 0x00000000
core   0: 0x80007af0 (0x00286b33) or      s6, a6, sp
core   0: 3 0x80007af0 (0x00286b33) x22 0x00000008
core   0: 0x80007af4 (0x405bd593) srai    a1, s7, 5
core   0: 3 0x80007af4 (0x405bd593) x11 0x00000000
core   0: 0x80007af8 (0x00000013) nop
core   0: 3 0x80007af8 (0x00000013)
core   0: 0x80007afc (0x02997a33) remu    s4, s2, s1
core   0: 3 0x80007afc (0x02997a33) x20 0x00000000
core   0: 0x80007b00 (0x41775a13) srai    s4, a4, 23
core   0: 3 0x80007b00 (0x41775a13) x20 0x00000010
core   0: 0x80007b04 (0x006e7b33) and     s6, t3, t1
core   0: 3 0x80007b04 (0x006e7b33) x22 0x00000000
core   0: 0x80007b08 (0x0227ffb3) remu    t6, a5, sp
core   0: 3 0x80007b08 (0x0227ffb3) x31 0x00000003
core   0: 0x80007b0c (0xa7f32013) slti    zero, t1, -1409
core   0: 3 0x80007b0c (0xa7f32013)
core   0: 0x80007b10 (0x020981b3) mul     gp, s3, zero
core   0: 3 0x80007b10 (0x020981b3) x 3 0x00000000
core   0: 0x80007b14 (0x01320933) add     s2, tp, s3
core   0: 3 0x80007b14 (0x01320933) x18 0x00008000
core   0: 0x80007b18 (0x2c4c3493) sltiu   s1, s8, 708
core   0: 3 0x80007b18 (0x2c4c3493) x 9 0x00000001
core   0: 0x80007b1c (0x01279913) slli    s2, a5, 18
core   0: 3 0x80007b1c (0x01279913) x18 0x086c0000
core   0: 0x80007b20 (0x00e89733) sll     a4, a7, a4
core   0: 3 0x80007b20 (0x00e89733) x14 0xffffffff
core   0: 0x80007b24 (0x4c52b313) sltiu   t1, t0, 1221
core   0: 3 0x80007b24 (0x4c52b313) x 6 0x00000000
core   0: 0x80007b28 (0x01262fb3) slt     t6, a2, s2
core   0: 3 0x80007b28 (0x01262fb3) x31 0x00000001
core   0: 0x80007b2c (0x01ed2a33) slt     s4, s10, t5
core   0: 3 0x80007b2c (0x01ed2a33) x20 0x00000001
core   0: 0x80007b30 (0x2ce61037) lui     zero, 0x2ce61
core   0: 3 0x80007b30 (0x2ce61037)
core   0: 0x80007b34 (0x630ddc37) lui     s8, 0x630dd
core   0: 3 0x80007b34 (0x630ddc37) x24 0x630dd000
core   0: 0x80007b38 (0x1fec0193) addi    gp, s8, 510
core   0: 3 0x80007b38 (0x1fec0193) x 3 0x630dd1fe
core   0: 0x80007b3c (0x252c6413) ori     s0, s8, 594
core   0: 3 0x80007b3c (0x252c6413) x 8 0x630dd252
core   0: 0x80007b40 (0x91de0913) addi    s2, t3, -1763
core   0: 3 0x80007b40 (0x91de0913) x18 0x80018601
core   0: 0x80007b44 (0x345afd17) auipc   s10, 0x345af
core   0: 3 0x80007b44 (0x345afd17) x26 0xb45b6b44
core   0: 0x80007b48 (0x00000013) nop
core   0: 3 0x80007b48 (0x00000013)
core   0: 0x80007b4c (0x270b1317) auipc   t1, 0x270b1
core   0: 3 0x80007b4c (0x270b1317) x 6 0xa70b8b4c
core   0: 0x80007b50 (0x005e0f33) add     t5, t3, t0
core   0: 3 0x80007b50 (0x005e0f33) x30 0x0002db48
core   0: 0x80007b54 (0x032507b3) mul     a5, a0, s2
core   0: 3 0x80007b54 (0x032507b3) x15 0x00000000
core   0: 0x80007b58 (0x02928433) mul     s0, t0, s1
core   0: 3 0x80007b58 (0x02928433) x 8 0x80014e64
core   0: 0x80007b5c (0x000c8ab3) add     s5, s9, zero
core   0: 3 0x80007b5c (0x000c8ab3) x21 0x00000000
core   0: 0x80007b60 (0x005e21b3) slt     gp, t3, t0
core   0: 3 0x80007b60 (0x005e21b3) x 3 0x00000000
core   0: 0x80007b64 (0xc9b81597) auipc   a1, 0xc9b81
core   0: 3 0x80007b64 (0xc9b81597) x11 0x49b88b64
core   0: 0x80007b68 (0x009dc0b3) xor     ra, s11, s1
core   0: 3 0x80007b68 (0x009dc0b3) x 1 0x00000001
core   0: 0x80007b6c (0x02bd2933) mulhsu  s2, s10, a1
core   0: 3 0x80007b6c (0x02bd2933) x18 0xea378a1b
core   0: 0x80007b70 (0x03abc1b3) div     gp, s7, s10
core   0: 3 0x80007b70 (0x03abc1b3) x 3 0x00000000
core   0: 0x80007b74 (0x01b9e533) or      a0, s3, s11
core   0: 3 0x80007b74 (0x01b9e533) x10 0x00008001
core   0: 0x80007b78 (0x02604c33) div     s8, zero, t1
core   0: 3 0x80007b78 (0x02604c33) x24 0x00000000
core   0: 0x80007b7c (0x006a0633) add     a2, s4, t1
core   0: 3 0x80007b7c (0x006a0633) x12 0xa70b8b4d
core   0: 0x80007b80 (0x00d94033) xor     zero, s2, a3
core   0: 3 0x80007b80 (0x00d94033)
core   0: 0x80007b84 (0x02dca3b3) mulhsu  t2, s9, a3
core   0: 3 0x80007b84 (0x02dca3b3) x 7 0x00000000
core   0: 0x80007b88 (0x2ac50513) addi    a0, a0, 684
core   0: 3 0x80007b88 (0x2ac50513) x10 0x000082ad
core   0: 0x80007b8c (0x032e1333) mulh    t1, t3, s2
core   0: 3 0x80007b8c (0x032e1333) x 6 0x0ae4192d
core   0: 0x80007b90 (0x15d8ad93) slti    s11, a7, 349
core   0: 3 0x80007b90 (0x15d8ad93) x27 0x00000001
core   0: 0x80007b94 (0x0392a533) mulhsu  a0, t0, s9
core   0: 3 0x80007b94 (0x0392a533) x10 0x00000000
core   0: 0x80007b98 (0x01ad5b13) srli    s6, s10, 26
core   0: 3 0x80007b98 (0x01ad5b13) x22 0x0000002d
core   0: 0x80007b9c (0x00000013) nop
core   0: 3 0x80007b9c (0x00000013)
core   0: 0x80007ba0 (0x407cd5b3) sra     a1, s9, t2
core   0: 3 0x80007ba0 (0x407cd5b3) x11 0x00000000
core   0: 0x80007ba4 (0x41955033) sra     zero, a0, s9
core   0: 3 0x80007ba4 (0x41955033)
core   0: 0x80007ba8 (0x0325ccb3) div     s9, a1, s2
core   0: 3 0x80007ba8 (0x0325ccb3) x25 0x00000000
core   0: 0x80007bac (0x3f398313) addi    t1, s3, 1011
core   0: 3 0x80007bac (0x3f398313) x 6 0x000083f4
core   0: 0x80007bb0 (0x032a8f33) mul     t5, s5, s2
core   0: 3 0x80007bb0 (0x032a8f33) x30 0x00000000
core   0: 0x80007bb4 (0xd439a013) slti    zero, s3, -701
core   0: 3 0x80007bb4 (0xd439a013)
core   0: 0x80007bb8 (0x036b33b3) mulhu   t2, s6, s6
core   0: 3 0x80007bb8 (0x036b33b3) x 7 0x00000000
core   0: 0x80007bbc (0x000d8ab3) add     s5, s11, zero
core   0: 3 0x80007bbc (0x000d8ab3) x21 0x00000001
core   0: 0x80007bc0 (0x004b77b3) and     a5, s6, tp
core   0: 3 0x80007bc0 (0x004b77b3) x15 0x0000002d
core   0: 0x80007bc4 (0x41c80533) sub     a0, a6, t3
core   0: 3 0x80007bc4 (0x41c80533) x10 0x7ffe731c
core   0: 0x80007bc8 (0x030355b3) divu    a1, t1, a6
core   0: 3 0x80007bc8 (0x030355b3) x11 0xffffffff
core   0: 0x80007bcc (0x0100c4b3) xor     s1, ra, a6
core   0: 3 0x80007bcc (0x0100c4b3) x 9 0x00000001
core   0: 0x80007bd0 (0x00f8dab3) srl     s5, a7, a5
core   0: 3 0x80007bd0 (0x00f8dab3) x21 0x0007ffff
core   0: 0x80007bd4 (0x03887a33) remu    s4, a6, s8
core   0: 3 0x80007bd4 (0x03887a33) x20 0x00000000
core   0: 0x80007bd8 (0x027ce0b3) rem     ra, s9, t2
core   0: 3 0x80007bd8 (0x027ce0b3) x 1 0x00000000
core   0: 0x80007bdc (0x40055d13) srai    s10, a0, 0
core   0: 3 0x80007bdc (0x40055d13) x26 0x7ffe731c
core   0: 0x80007be0 (0x4155c013) xori    zero, a1, 1045
core   0: 3 0x80007be0 (0x4155c013)
core   0: 0x80007be4 (0xa5fbcb13) xori    s6, s7, -1441
core   0: 3 0x80007be4 (0xa5fbcb13) x22 0xfffffa5f
core   0: 0x80007be8 (0x40f0d533) sra     a0, ra, a5
core   0: 3 0x80007be8 (0x40f0d533) x10 0x00000000
core   0: 0x80007bec (0x038051b3) divu    gp, zero, s8
core   0: 3 0x80007bec (0x038051b3) x 3 0xffffffff
core   0: 0x80007bf0 (0x01d49833) sll     a6, s1, t4
core   0: 3 0x80007bf0 (0x01d49833) x16 0x00200000
core   0: 0x80007bf4 (0x00664a33) xor     s4, a2, t1
core   0: 3 0x80007bf4 (0x00664a33) x20 0xa70b08b9
core   0: 0x80007bf8 (0x0287cb33) div     s6, a5, s0
core   0: 3 0x80007bf8 (0x0287cb33) x22 0x00000000
core   0: 0x80007bfc (0x0175a7b3) slt     a5, a1, s7
core   0: 3 0x80007bfc (0x0175a7b3) x15 0x00000001
core   0: 0x80007c00 (0xd5046817) auipc   a6, 0xd5046
core   0: 3 0x80007c00 (0xd5046817) x16 0x5504dc00
core   0: 0x80007c04 (0xd5a33013) sltiu   zero, t1, -678
core   0: 3 0x80007c04 (0xd5a33013)
core   0: 0x80007c08 (0x40df8cb3) sub     s9, t6, a3
core   0: 3 0x80007c08 (0x40df8cb3) x25 0x00000001
core   0: 0x80007c0c (0x41b6da93) srai    s5, a3, 27
core   0: 3 0x80007c0c (0x41b6da93) x21 0x00000000
core   0: 0x80007c10 (0x027a5c33) divu    s8, s4, t2
core   0: 3 0x80007c10 (0x027a5c33) x24 0xffffffff
core   0: 0x80007c14 (0x03d709b3) mul     s3, a4, t4
core   0: 3 0x80007c14 (0x03d709b3) x19 0x000000cb
core   0: 0x80007c18 (0x01277eb3) and     t4, a4, s2
core   0: 3 0x80007c18 (0x01277eb3) x29 0xea378a1b
core   0: 0x80007c1c (0x02c9ca33) div     s4, s3, a2
core   0: 3 0x80007c1c (0x02c9ca33) x20 0x00000000
core   0: 0x80007c20 (0x00d8a233) slt     tp, a7, a3
core   0: 3 0x80007c20 (0x00d8a233) x 4 0x00000001
core   0: 0x80007c24 (0x00645493) srli    s1, s0, 6
core   0: 3 0x80007c24 (0x00645493) x 9 0x02000539
core   0: 0x80007c28 (0x4179d333) sra     t1, s3, s7
core   0: 3 0x80007c28 (0x4179d333) x 6 0x000000cb
core   0: 0x80007c2c (0x00000013) nop
core   0: 3 0x80007c2c (0x00000013)
core   0: 0x80007c30 (0x0374dab3) divu    s5, s1, s7
core   0: 3 0x80007c30 (0x0374dab3) x21 0xffffffff
core   0: 0x80007c34 (0x414e8633) sub     a2, t4, s4
core   0: 3 0x80007c34 (0x414e8633) x12 0xea378a1b
core   0: 0x80007c38 (0x00983b33) sltu    s6, a6, s1
core   0: 3 0x80007c38 (0x00983b33) x22 0x00000000
core   0: 0x80007c3c (0x035770b3) remu    ra, a4, s5
core   0: 3 0x80007c3c (0x035770b3) x 1 0x00000000
core   0: 0x80007c40 (0x023a84b3) mul     s1, s5, gp
core   0: 3 0x80007c40 (0x023a84b3) x 9 0x00000001
core   0: 0x80007c44 (0x0162deb3) srl     t4, t0, s6
core   0: 3 0x80007c44 (0x0162deb3) x29 0x80014e64
core   0: 0x80007c48 (0x3afc0013) addi    zero, s8, 943
core   0: 3 0x80007c48 (0x3afc0013)
core   0: 0x80007c4c (0x018a1cb3) sll     s9, s4, s8
core   0: 3 0x80007c4c (0x018a1cb3) x25 0x00000000
core   0: 0x80007c50 (0x01e22db3) slt     s11, tp, t5
core   0: 3 0x80007c50 (0x01e22db3) x27 0x00000000
core   0: 0x80007c54 (0x02a24033) div     zero, tp, a0
core   0: 3 0x80007c54 (0x02a24033)
core   0: 0x80007c58 (0x00d5a6b3) slt     a3, a1, a3
core   0: 3 0x80007c58 (0x00d5a6b3) x13 0x00000001
core   0: 0x80007c5c (0xf251df97) auipc   t6, 0xf251d
core   0: 3 0x80007c5c (0xf251df97) x31 0x72524c5c
core   0: 0x80007c60 (0xa5096597) auipc   a1, 0xa5096
core   0: 3 0x80007c60 (0xa5096597) x11 0x2509dc60
core   0: 0x80007c64 (0x98338393) addi    t2, t2, -1661
core   0: 3 0x80007c64 (0x98338393) x 7 0xfffff983
core   0: 0x80007c68 (0x0188a7b3) slt     a5, a7, s8
core   0: 3 0x80007c68 (0x0188a7b3) x15 0x00000000
core   0: 0x80007c6c (0x03239a33) mulh    s4, t2, s2
core   0: 3 0x80007c6c (0x03239a33) x20 0x0000008d
core   0: 0x80007c70 (0x71908f93) addi    t6, ra, 1817
core   0: 3 0x80007c70 (0x71908f93) x31 0x00000719
core   0: 0x80007c74 (0x0fc4f493) andi    s1, s1, 252
core   0: 3 0x80007c74 (0x0fc4f493) x 9 0x00000000
core   0: 0x80007c78 (0x01b193b3) sll     t2, gp, s11
core   0: 3 0x80007c78 (0x01b193b3) x 7 0xffffffff
core   0: 0x80007c7c (0xb272a893) slti    a7, t0, -1241
core   0: 3 0x80007c7c (0xb272a893) x17 0x00000001
core   0: 0x80007c80 (0x003a1033) sll     zero, s4, gp
core   0: 3 0x80007c80 (0x003a1033)
core   0: 0x80007c84 (0x41e184b3) sub     s1, gp, t5
core   0: 3 0x80007c84 (0x41e184b3) x 9 0xffffffff
core   0: 0x80007c88 (0x400481b3) sub     gp, s1, zero
core   0: 3 0x80007c88 (0x400481b3) x 3 0xffffffff
core   0: 0x80007c8c (0x00966db3) or      s11, a2, s1
core   0: 3 0x80007c8c (0x00966db3) x27 0xffffffff
core   0: 0x80007c90 (0x004a0f33) add     t5, s4, tp
core   0: 3 0x80007c90 (0x004a0f33) x30 0x0000008e
core   0: 0x80007c94 (0x037a19b3) mulh    s3, s4, s7
core   0: 3 0x80007c94 (0x037a19b3) x19 0x00000000
core   0: 0x80007c98 (0x00000013) nop
core   0: 3 0x80007c98 (0x00000013)
core   0: 0x80007c9c (0x01866bb3) or      s7, a2, s8
core   0: 3 0x80007c9c (0x01866bb3) x23 0xffffffff
core   0: 0x80007ca0 (0xebee2413) slti    s0, t3, -322
core   0: 3 0x80007ca0 (0xebee2413) x 8 0x00000001
core   0: 0x80007ca4 (0x46b7f913) andi    s2, a5, 1131
core   0: 3 0x80007ca4 (0x46b7f913) x18 0x00000000
core   0: 0x80007ca8 (0x5bfb7517) auipc   a0, 0x5bfb7
core   0: 3 0x80007ca8 (0x5bfb7517) x10 0xdbfbeca8
core   0: 0x80007cac (0x01e98eb3) add     t4, s3, t5
core   0: 3 0x80007cac (0x01e98eb3) x29 0x0000008e
core   0: 0x80007cb0 (0x00de23b3) slt     t2, t3, a3
core   0: 3 0x80007cb0 (0x00de23b3) x 7 0x00000001
core   0: 0x80007cb4 (0x59258a93) addi    s5, a1, 1426
core   0: 3 0x80007cb4 (0x59258a93) x21 0x2509e1f2
core   0: 0x80007cb8 (0x009d5733) srl     a4, s10, s1
core   0: 3 0x80007cb8 (0x009d5733) x14 0x00000000
core   0: 0x80007cbc (0x00000013) nop
core   0: 3 0x80007cbc (0x00000013)
core   0: 0x80007cc0 (0x0025ef33) or      t5, a1, sp
core   0: 3 0x80007cc0 (0x0025ef33) x30 0x2509dc68
core   0: 0x80007cc4 (0xd2a5a9b7) lui     s3, 0xd2a5a
core   0: 3 0x80007cc4 (0xd2a5a9b7) x19 0xd2a5a000
core   0: 0x80007cc8 (0x00522833) slt     a6, tp, t0
core   0: 3 0x80007cc8 (0x00522833) x16 0x00000000
core   0: 0x80007ccc (0x6d744f93) xori    t6, s0, 1751
core   0: 3 0x80007ccc (0x6d744f93) x31 0x000006d6
core   0: 0x80007cd0 (0x01813333) sltu    t1, sp, s8
core   0: 3 0x80007cd0 (0x01813333) x 6 0x00000001
core   0: 0x80007cd4 (0x01d3a8b3) slt     a7, t2, t4
core   0: 3 0x80007cd4 (0x01d3a8b3) x17 0x00000001
core   0: 0x80007cd8 (0x00e1bcb3) sltu    s9, gp, a4
core   0: 3 0x80007cd8 (0x00e1bcb3) x25 0x00000000
core   0: 0x80007cdc (0x72aee413) ori     s0, t4, 1834
core   0: 3 0x80007cdc (0x72aee413) x 8 0x000007ae
core   0: 0x80007ce0 (0x083e8193) addi    gp, t4, 131
core   0: 3 0x80007ce0 (0x083e8193) x 3 0x00000111
core   0: 0x80007ce4 (0x01409693) slli    a3, ra, 20
core   0: 3 0x80007ce4 (0x01409693) x13 0x00000000
core   0: 0x80007ce8 (0x01625033) srl     zero, tp, s6
core   0: 3 0x80007ce8 (0x01625033)
core   0: 0x80007cec (0x02e9dbb3) divu    s7, s3, a4
core   0: 3 0x80007cec (0x02e9dbb3) x23 0xffffffff
core   0: 0x80007cf0 (0x083ea213) slti    tp, t4, 131
core   0: 3 0x80007cf0 (0x083ea213) x 4 0x00000000
core   0: 0x80007cf4 (0x414b8bb3) sub     s7, s7, s4
core   0: 3 0x80007cf4 (0x414b8bb3) x23 0xffffff72
core   0: 0x80007cf8 (0x40e10733) sub     a4, sp, a4
core   0: 3 0x80007cf8 (0x40e10733) x14 0x00000008
core   0: 0x80007cfc (0x01c087b3) add     a5, ra, t3
core   0: 3 0x80007cfc (0x01c087b3) x15 0x80018ce4
core   0: 0x80007d00 (0x0d1f6513) ori     a0, t5, 209
core   0: 3 0x80007d00 (0x0d1f6513) x10 0x2509dcf9
core   0: 0x80007d04 (0x03655933) divu    s2, a0, s6
core   0: 3 0x80007d04 (0x03655933) x18 0xffffffff
core   0: 0x80007d08 (0x01898533) add     a0, s3, s8
core   0: 3 0x80007d08 (0x01898533) x10 0xd2a59fff
core   0: 0x80007d0c (0xcdfb8697) auipc   a3, 0xcdfb8
core   0: 3 0x80007d0c (0xcdfb8697) x13 0x4dfbfd0c
core   0: 0x80007d10 (0x0397dab3) divu    s5, a5, s9
core   0: 3 0x80007d10 (0x0397dab3) x21 0xffffffff
core   0: 0x80007d14 (0x020aaeb3) mulhsu  t4, s5, zero
core   0: 3 0x80007d14 (0x020aaeb3) x29 0x00000000
core   0: 0x80007d18 (0x01cdd8b3) srl     a7, s11, t3
core   0: 3 0x80007d18 (0x01cdd8b3) x17 0x0fffffff
core   0: 0x80007d1c (0x023509b3) mul     s3, a0, gp
core   0: 3 0x80007d1c (0x023509b3) x19 0xa29f9eef
core   0: 0x80007d20 (0xbbc53913) sltiu   s2, a0, -1092
core   0: 3 0x80007d20 (0xbbc53913) x18 0x00000001
core   0: 0x80007d24 (0x03af7033) remu    zero, t5, s10
core   0: 3 0x80007d24 (0x03af7033)
core   0: 0x80007d28 (0x00000013) nop
core   0: 3 0x80007d28 (0x00000013)
core   0: 0x80007d2c (0x9407a993) slti    s3, a5, -1728
core   0: 3 0x80007d2c (0x9407a993) x19 0x00000001
core   0: 0x80007d30 (0x00d8d433) srl     s0, a7, a3
core   0: 3 0x80007d30 (0x00d8d433) x 8 0x0000ffff
core   0: 0x80007d34 (0xb11f7213) andi    tp, t5, -1263
core   0: 3 0x80007d34 (0xb11f7213) x 4 0x2509d800
core   0: 0x80007d38 (0x01958333) add     t1, a1, s9
core   0: 3 0x80007d38 (0x01958333) x 6 0x2509dc60
core   0: 0x80007d3c (0x036b9433) mulh    s0, s7, s6
core   0: 3 0x80007d3c (0x036b9433) x 8 0x00000000
core   0: 0x80007d40 (0x027bd233) divu    tp, s7, t2
core   0: 3 0x80007d40 (0x027bd233) x 4 0xffffff72
core   0: 0x80007d44 (0x00d79ab3) sll     s5, a5, a3
core   0: 3 0x80007d44 (0x00d79ab3) x21 0x18ce4000
core   0: 0x80007d48 (0xcb37e693) ori     a3, a5, -845
core   0: 3 0x80007d48 (0xcb37e693) x13 0xfffffcf7
core   0: 0x80007d4c (0x01ab46b3) xor     a3, s6, s10
core   0: 3 0x80007d4c (0x01ab46b3) x13 0x7ffe731c
core   0: 0x80007d50 (0xa4cda693) slti    a3, s11, -1460
core   0: 3 0x80007d50 (0xa4cda693) x13 0x00000000
core   0: 0x80007d54 (0x41ef5413) srai    s0, t5, 30
core   0: 3 0x80007d54 (0x41ef5413) x 8 0x00000000
core   0: 0x80007d58 (0x001dd193) srli    gp, s11, 1
core   0: 3 0x80007d58 (0x001dd193) x 3 0x7fffffff
core   0: 0x80007d5c (0x031cd233) divu    tp, s9, a7
core   0: 3 0x80007d5c (0x031cd233) x 4 0x00000000
core   0: 0x80007d60 (0xfa964393) xori    t2, a2, -87
core   0: 3 0x80007d60 (0xfa964393) x 7 0x15c875b2
core   0: 0x80007d64 (0x0049bc33) sltu    s8, s3, tp
core   0: 3 0x80007d64 (0x0049bc33) x24 0x00000000
core   0: 0x80007d68 (0x01be1893) slli    a7, t3, 27
core   0: 3 0x80007d68 (0x01be1893) x17 0x20000000
core   0: 0x80007d6c (0x41b607b3) sub     a5, a2, s11
core   0: 3 0x80007d6c (0x41b607b3) x15 0xea378a1c
core   0: 0x80007d70 (0x02c94bb3) div     s7, s2, a2
core   0: 3 0x80007d70 (0x02c94bb3) x23 0x00000000
core   0: 0x80007d74 (0x403088b3) sub     a7, ra, gp
core   0: 3 0x80007d74 (0x403088b3) x17 0x80000001
core   0: 0x80007d78 (0x40265913) srai    s2, a2, 2
core   0: 3 0x80007d78 (0x40265913) x18 0xfa8de286
core   0: 0x80007d7c (0x3232eb37) lui     s6, 0x3232e
core   0: 3 0x80007d7c (0x3232eb37) x22 0x3232e000
core   0: 0x80007d80 (0x01c92bb3) slt     s7, s2, t3
core   0: 3 0x80007d80 (0x01c92bb3) x23 0x00000000
core   0: 0x80007d84 (0x020137b3) mulhu   a5, sp, zero
core   0: 3 0x80007d84 (0x020137b3) x15 0x00000000
core   0: 0x80007d88 (0x02102cb3) mulhsu  s9, zero, ra
core   0: 3 0x80007d88 (0x02102cb3) x25 0x00000000
core   0: 0x80007d8c (0x0069e1b3) or      gp, s3, t1
core   0: 3 0x80007d8c (0x0069e1b3) x 3 0x2509dc61
core   0: 0x80007d90 (0x000531b3) sltu    gp, a0, zero
core   0: 3 0x80007d90 (0x000531b3) x 3 0x00000000
core   0: 0x80007d94 (0x00aa6933) or      s2, s4, a0
core   0: 3 0x80007d94 (0x00aa6933) x18 0xd2a59fff
core   0: 0x80007d98 (0x49214193) xori    gp, sp, 1170
core   0: 3 0x80007d98 (0x49214193) x 3 0x0000049a
core   0: 0x80007d9c (0x03617033) remu    zero, sp, s6
core   0: 3 0x80007d9c (0x03617033)
core   0: 0x80007da0 (0x00333333) sltu    t1, t1, gp
core   0: 3 0x80007da0 (0x00333333) x 6 0x00000000
core   0: 0x80007da4 (0x01e147b3) xor     a5, sp, t5
core   0: 3 0x80007da4 (0x01e147b3) x15 0x2509dc60
core   0: 0x80007da8 (0x0323c533) div     a0, t2, s2
core   0: 3 0x80007da8 (0x0323c533) x10 0x00000000
core   0: 0x80007dac (0x404903b3) sub     t2, s2, tp
core   0: 3 0x80007dac (0x404903b3) x 7 0xd2a59fff
core   0: 0x80007db0 (0x0384ca33) div     s4, s1, s8
core   0: 3 0x80007db0 (0x0384ca33) x20 0xffffffff
core   0: 0x80007db4 (0x01d31393) slli    t2, t1, 29
core   0: 3 0x80007db4 (0x01d31393) x 7 0x00000000
core   0: 0x80007db8 (0x00bf8bb3) add     s7, t6, a1
core   0: 3 0x80007db8 (0x00bf8bb3) x23 0x2509e336
core   0: 0x80007dbc (0x3ce57497) auipc   s1, 0x3ce57
core   0: 3 0x80007dbc (0x3ce57497) x 9 0xbce5edbc
core   0: 0x80007dc0 (0x034a0933) mul     s2, s4, s4
core   0: 3 0x80007dc0 (0x034a0933) x18 0x00000001
core   0: 0x80007dc4 (0x00000013) nop
core   0: 3 0x80007dc4 (0x00000013)
core   0: 0x80007dc8 (0x23ea0817) auipc   a6, 0x23ea0
core   0: 3 0x80007dc8 (0x23ea0817) x16 0xa3ea7dc8
core   0: 0x80007dcc (0x028cc3b3) div     t2, s9, s0
core   0: 3 0x80007dcc (0x028cc3b3) x 7 0xffffffff
core   0: 0x80007dd0 (0x2f353813) sltiu   a6, a0, 755
core   0: 3 0x80007dd0 (0x2f353813) x16 0x00000001
core   0: 0x80007dd4 (0x004b4cb3) xor     s9, s6, tp
core   0: 3 0x80007dd4 (0x004b4cb3) x25 0x3232e000
core   0: 0x80007dd8 (0x02140333) mul     t1, s0, ra
core   0: 3 0x80007dd8 (0x02140333) x 6 0x00000000
core   0: 0x80007ddc (0x03dcd0b3) divu    ra, s9, t4
core   0: 3 0x80007ddc (0x03dcd0b3) x 1 0xffffffff
core   0: 0x80007de0 (0x03ba3633) mulhu   a2, s4, s11
core   0: 3 0x80007de0 (0x03ba3633) x12 0xfffffffe
core   0: 0x80007de4 (0x02d28cb3) mul     s9, t0, a3
core   0: 3 0x80007de4 (0x02d28cb3) x25 0x00000000
core   0: 0x80007de8 (0x00e478b3) and     a7, s0, a4
core   0: 3 0x80007de8 (0x00e478b3) x17 0x00000000
core   0: 0x80007dec (0x0104e033) or      zero, s1, a6
core   0: 3 0x80007dec (0x0104e033)
core   0: 0x80007df0 (0xe8de4713) xori    a4, t3, -371
core   0: 3 0x80007df0 (0xe8de4713) x14 0x7ffe7269
core   0: 0x80007df4 (0x412fdc13) srai    s8, t6, 18
core   0: 3 0x80007df4 (0x412fdc13) x24 0x00000000
core   0: 0x80007df8 (0x00998a33) add     s4, s3, s1
core   0: 3 0x80007df8 (0x00998a33) x20 0xbce5edbd
core   0: 0x80007dfc (0x020e2233) mulhsu  tp, t3, zero
core   0: 3 0x80007dfc (0x020e2233) x 4 0x00000000
core   0: 0x80007e00 (0x03c7b7b3) mulhu   a5, a5, t3
core   0: 3 0x80007e00 (0x03c7b7b3) x15 0x1285279c
core   0: 0x80007e04 (0x00b337b3) sltu    a5, t1, a1
core   0: 3 0x80007e04 (0x00b337b3) x15 0x00000001
core   0: 0x80007e08 (0x03338ab3) mul     s5, t2, s3
core   0: 3 0x80007e08 (0x03338ab3) x21 0xffffffff
core   0: 0x80007e0c (0x00000013) nop
core   0: 3 0x80007e0c (0x00000013)
core   0: 0x80007e10 (0x02897233) remu    tp, s2, s0
core   0: 3 0x80007e10 (0x02897233) x 4 0x00000001
core   0: 0x80007e14 (0x0338e4b3) rem     s1, a7, s3
core   0: 3 0x80007e14 (0x0338e4b3) x 9 0x00000000
core   0: 0x80007e18 (0xaf650213) addi    tp, a0, -1290
core   0: 3 0x80007e18 (0xaf650213) x 4 0xfffffaf6
core   0: 0x80007e1c (0x02d93033) mulhu   zero, s2, a3
core   0: 3 0x80007e1c (0x02d93033)
core   0: 0x80007e20 (0x41d8da93) srai    s5, a7, 29
core   0: 3 0x80007e20 (0x41d8da93) x21 0x00000000
core   0: 0x80007e24 (0x015271b3) and     gp, tp, s5
core   0: 3 0x80007e24 (0x015271b3) x 3 0x00000000
core   0: 0x80007e28 (0x016ad333) srl     t1, s5, s6
core   0: 3 0x80007e28 (0x016ad333) x 6 0x00000000
core   0: 0x80007e2c (0x00000013) nop
core   0: 3 0x80007e2c (0x00000013)
core   0: 0x80007e30 (0x0060e333) or      t1, ra, t1
core   0: 3 0x80007e30 (0x0060e333) x 6 0xffffffff
core   0: 0x80007e34 (0x01f83433) sltu    s0, a6, t6
core   0: 3 0x80007e34 (0x01f83433) x 8 0x00000001
core   0: 0x80007e38 (0x01a5c4b3) xor     s1, a1, s10
core   0: 3 0x80007e38 (0x01a5c4b3) x 9 0x5af7af7c
core   0: 0x80007e3c (0x006bf9b3) and     s3, s7, t1
core   0: 3 0x80007e3c (0x006bf9b3) x19 0x2509e336
core   0: 0x80007e40 (0x02c63f33) mulhu   t5, a2, a2
core   0: 3 0x80007e40 (0x02c63f33) x30 0xfffffffc
core   0: 0x80007e44 (0x024eb533) mulhu   a0, t4, tp
core   0: 3 0x80007e44 (0x024eb533) x10 0x00000000
core   0: 0x80007e48 (0xbd5f1a17) auipc   s4, 0xbd5f1
core   0: 3 0x80007e48 (0xbd5f1a17) x20 0x3d5f8e48
core   0: 0x80007e4c (0x01e431b3) sltu    gp, s0, t5
core   0: 3 0x80007e4c (0x01e431b3) x 3 0x00000001
core   0: 0x80007e50 (0x029faf33) mulhsu  t5, t6, s1
core   0: 3 0x80007e50 (0x029faf33) x30 0x0000026d
core   0: 0x80007e54 (0x035a2eb3) mulhsu  t4, s4, s5
core   0: 3 0x80007e54 (0x035a2eb3) x29 0x00000000
core   0: 0x80007e58 (0x5331ba93) sltiu   s5, gp, 1331
core   0: 3 0x80007e58 (0x5331ba93) x21 0x00000001
core   0: 0x80007e5c (0x02286833) rem     a6, a6, sp
core   0: 3 0x80007e5c (0x02286833) x16 0x00000001
core   0: 0x80007e60 (0x40f08eb3) sub     t4, ra, a5
core   0: 3 0x80007e60 (0x40f08eb3) x29 0xfffffffe
core   0: 0x80007e64 (0x036a0ab3) mul     s5, s4, s6
core   0: 3 0x80007e64 (0x036a0ab3) x21 0x768f0000
core   0: 0x80007e68 (0x03c43db3) mulhu   s11, s0, t3
core   0: 3 0x80007e68 (0x03c43db3) x27 0x00000000
core   0: 0x80007e6c (0x1221bb13) sltiu   s6, gp, 290
core   0: 3 0x80007e6c (0x1221bb13) x22 0x00000001
core   0: 0x80007e70 (0xe70ca213) slti    tp, s9, -400
core   0: 3 0x80007e70 (0xe70ca213) x 4 0x00000000
core   0: 0x80007e74 (0xfa0b7a93) andi    s5, s6, -96
core   0: 3 0x80007e74 (0xfa0b7a93) x21 0x00000000
core   0: 0x80007e78 (0x00694db3) xor     s11, s2, t1
core   0: 3 0x80007e78 (0x00694db3) x27 0xfffffffe
core   0: 0x80007e7c (0x00907d33) and     s10, zero, s1
core   0: 3 0x80007e7c (0x00907d33) x26 0x00000000
core   0: 0x80007e80 (0x00000013) nop
core   0: 3 0x80007e80 (0x00000013)
core   0: 0x80007e84 (0x00231393) slli    t2, t1, 2
core   0: 3 0x80007e84 (0x00231393) x 7 0xfffffffc
core   0: 0x80007e88 (0x01f3e333) or      t1, t2, t6
core   0: 3 0x80007e88 (0x01f3e333) x 6 0xfffffffe
core   0: 0x80007e8c (0x0389a4b3) mulhsu  s1, s3, s8
core   0: 3 0x80007e8c (0x0389a4b3) x 9 0x00000000
core   0: 0x80007e90 (0x03ca5ab3) divu    s5, s4, t3
core   0: 3 0x80007e90 (0x03ca5ab3) x21 0x00000000
core   0: 0x80007e94 (0x020858b3) divu    a7, a6, zero
core   0: 3 0x80007e94 (0x020858b3) x17 0xffffffff
core   0: 0x80007e98 (0x034fc5b3) div     a1, t6, s4
core   0: 3 0x80007e98 (0x034fc5b3) x11 0x00000000
core   0: 0x80007e9c (0x00ec1f13) slli    t5, s8, 14
core   0: 3 0x80007e9c (0x00ec1f13) x30 0x00000000
core   0: 0x80007ea0 (0x014c5433) srl     s0, s8, s4
core   0: 3 0x80007ea0 (0x014c5433) x 8 0x00000000
core   0: 0x80007ea4 (0x01adbcb3) sltu    s9, s11, s10
core   0: 3 0x80007ea4 (0x01adbcb3) x25 0x00000000
core   0: 0x80007ea8 (0x41455f13) srai    t5, a0, 20
core   0: 3 0x80007ea8 (0x41455f13) x30 0x00000000
core   0: 0x80007eac (0x00a051b3) srl     gp, zero, a0
core   0: 3 0x80007eac (0x00a051b3) x 3 0x00000000
core   0: 0x80007eb0 (0x029093b3) mulh    t2, ra, s1
core   0: 3 0x80007eb0 (0x029093b3) x 7 0x00000000
core   0: 0x80007eb4 (0x01f1f533) and     a0, gp, t6
core   0: 3 0x80007eb4 (0x01f1f533) x10 0x00000000
core   0: 0x80007eb8 (0x02c38733) mul     a4, t2, a2
core   0: 3 0x80007eb8 (0x02c38733) x14 0x00000000
core   0: 0x80007ebc (0x01415b93) srli    s7, sp, 20
core   0: 3 0x80007ebc (0x01415b93) x23 0x00000000
core   0: 0x80007ec0 (0x00000013) nop
core   0: 3 0x80007ec0 (0x00000013)
core   0: 0x80007ec4 (0x00000013) nop
core   0: 3 0x80007ec4 (0x00000013)
core   0: 0x80007ec8 (0x40050d33) sub     s10, a0, zero
core   0: 3 0x80007ec8 (0x40050d33) x26 0x00000000
core   0: 0x80007ecc (0x001db833) sltu    a6, s11, ra
core   0: 3 0x80007ecc (0x001db833) x16 0x00000001
core   0: 0x80007ed0 (0x031fedb3) rem     s11, t6, a7
core   0: 3 0x80007ed0 (0x031fedb3) x27 0x00000000
core   0: 0x80007ed4 (0x00000013) nop
core   0: 3 0x80007ed4 (0x00000013)
core   0: 0x80007ed8 (0xeade7f93) andi    t6, t3, -339
core   0: 3 0x80007ed8 (0xeade7f93) x31 0x80018ca4
core   0: 0x80007edc (0x0102e5b3) or      a1, t0, a6
core   0: 3 0x80007edc (0x0102e5b3) x11 0x80014e65
core   0: 0x80007ee0 (0x003aa933) slt     s2, s5, gp
core   0: 3 0x80007ee0 (0x003aa933) x18 0x00000000
core   0: 0x80007ee4 (0xf543c013) xori    zero, t2, -172
core   0: 3 0x80007ee4 (0xf543c013)
core   0: 0x80007ee8 (0x01c778b3) and     a7, a4, t3
core   0: 3 0x80007ee8 (0x01c778b3) x17 0x00000000
core   0: 0x80007eec (0x03fd91b3) mulh    gp, s11, t6
core   0: 3 0x80007eec (0x03fd91b3) x 3 0x00000000
core   0: 0x80007ef0 (0x002df5b3) and     a1, s11, sp
core   0: 3 0x80007ef0 (0x002df5b3) x11 0x00000000
core   0: 0x80007ef4 (0x02a51533) mulh    a0, a0, a0
core   0: 3 0x80007ef4 (0x02a51533) x10 0x00000000
core   0: 0x80007ef8 (0x01d5f533) and     a0, a1, t4
core   0: 3 0x80007ef8 (0x01d5f533) x10 0x00000000
core   0: 0x80007efc (0x009ba933) slt     s2, s7, s1
core   0: 3 0x80007efc (0x009ba933) x18 0x00000000
core   0: 0x80007f00 (0x40fbda13) srai    s4, s7, 15
core   0: 3 0x80007f00 (0x40fbda13) x20 0x00000000
core   0: 0x80007f04 (0x001edf93) srli    t6, t4, 1
core   0: 3 0x80007f04 (0x001edf93) x31 0x7fffffff
core   0: 0x80007f08 (0x26ebc593) xori    a1, s7, 622
core   0: 3 0x80007f08 (0x26ebc593) x11 0x0000026e
core   0: 0x80007f0c (0x41ef5193) srai    gp, t5, 30
core   0: 3 0x80007f0c (0x41ef5193) x 3 0x00000000
core   0: 0x80007f10 (0x40455db3) sra     s11, a0, tp
core   0: 3 0x80007f10 (0x40455db3) x27 0x00000000
core   0: 0x80007f14 (0x407fd333) sra     t1, t6, t2
core   0: 3 0x80007f14 (0x407fd333) x 6 0x7fffffff
core   0: 0x80007f18 (0x1e597817) auipc   a6, 0x1e597
core   0: 3 0x80007f18 (0x1e597817) x16 0x9e59ef18
core   0: 0x80007f1c (0x0245fbb3) remu    s7, a1, tp
core   0: 3 0x80007f1c (0x0245fbb3) x23 0x0000026e
core   0: 0x80007f20 (0x019fe0b3) or      ra, t6, s9
core   0: 3 0x80007f20 (0x019fe0b3) x 1 0x7fffffff
core   0: 0x80007f24 (0x4057da13) srai    s4, a5, 5
core   0: 3 0x80007f24 (0x4057da13) x20 0x00000000
core   0: 0x80007f28 (0x00d4af33) slt     t5, s1, a3
core   0: 3 0x80007f28 (0x00d4af33) x30 0x00000000
core   0: 0x80007f2c (0x41cadb93) srai    s7, s5, 28
core   0: 3 0x80007f2c (0x41cadb93) x23 0x00000000
core   0: 0x80007f30 (0xdc472913) slti    s2, a4, -572
core   0: 3 0x80007f30 (0xdc472913) x18 0x00000000
core   0: 0x80007f34 (0x02130533) mul     a0, t1, ra
core   0: 3 0x80007f34 (0x02130533) x10 0x00000001
core   0: 0x80007f38 (0x0079ed33) or      s10, s3, t2
core   0: 3 0x80007f38 (0x0079ed33) x26 0x2509e336
core   0: 0x80007f3c (0x16ecbf13) sltiu   t5, s9, 366
core   0: 3 0x80007f3c (0x16ecbf13) x30 0x00000001
core   0: 0x80007f40 (0x02edc033) div     zero, s11, a4
core   0: 3 0x80007f40 (0x02edc033)
core   0: 0x80007f44 (0x00000013) nop
core   0: 3 0x80007f44 (0x00000013)
core   0: 0x80007f48 (0xfc572613) slti    a2, a4, -59
core   0: 3 0x80007f48 (0xfc572613) x12 0x00000000
core   0: 0x80007f4c (0x01309733) sll     a4, ra, s3
core   0: 3 0x80007f4c (0x01309733) x14 0xffc00000
core   0: 0x80007f50 (0x99d2ff97) auipc   t6, 0x99d2f
core   0: 3 0x80007f50 (0x99d2ff97) x31 0x19d36f50
core   0: 0x80007f54 (0x03e275b3) remu    a1, tp, t5
core   0: 3 0x80007f54 (0x03e275b3) x11 0x00000000
core   0: 0x80007f58 (0x88b86693) ori     a3, a6, -1909
core   0: 3 0x80007f58 (0x88b86693) x13 0xffffff9b
core   0: 0x80007f5c (0x023c3233) mulhu   tp, s8, gp
core   0: 3 0x80007f5c (0x023c3233) x 4 0x00000000
core   0: 0x80007f60 (0x027ce5b3) rem     a1, s9, t2
core   0: 3 0x80007f60 (0x027ce5b3) x11 0x00000000
core   0: 0x80007f64 (0x57e22f93) slti    t6, tp, 1406
core   0: 3 0x80007f64 (0x57e22f93) x31 0x00000001
core   0: 0x80007f68 (0x17bcbd37) lui     s10, 0x17bcb
core   0: 3 0x80007f68 (0x17bcbd37) x26 0x17bcb000
core   0: 0x80007f6c (0x9244f693) andi    a3, s1, -1756
core   0: 3 0x80007f6c (0x9244f693) x13 0x00000000
core   0: 0x80007f70 (0x4dda0517) auipc   a0, 0x4dda0
core   0: 3 0x80007f70 (0x4dda0517) x10 0xcdda7f70
core   0: 0x80007f74 (0x40745f33) sra     t5, s0, t2
core   0: 3 0x80007f74 (0x40745f33) x30 0x00000000
core   0: 0x80007f78 (0x00312033) slt     zero, sp, gp
core   0: 3 0x80007f78 (0x00312033)
core   0: 0x80007f7c (0x00000013) nop
core   0: 3 0x80007f7c (0x00000013)
core   0: 0x80007f80 (0x02afbcb3) mulhu   s9, t6, a0
core   0: 3 0x80007f80 (0x02afbcb3) x25 0x00000000
core   0: 0x80007f84 (0x03de5f33) divu    t5, t3, t4
core   0: 3 0x80007f84 (0x03de5f33) x30 0x00000000
core   0: 0x80007f88 (0x41b155b3) sra     a1, sp, s11
core   0: 3 0x80007f88 (0x41b155b3) x11 0x00000008
core   0: 0x80007f8c (0xead1b013) sltiu   zero, gp, -339
core   0: 3 0x80007f8c (0xead1b013)
core   0: 0x80007f90 (0x1dbfb093) sltiu   ra, t6, 475
core   0: 3 0x80007f90 (0x1dbfb093) x 1 0x00000001
core   0: 0x80007f94 (0x402809b3) sub     s3, a6, sp
core   0: 3 0x80007f94 (0x402809b3) x19 0x9e59ef10
core   0: 0x80007f98 (0x03eb8933) mul     s2, s7, t5
core   0: 3 0x80007f98 (0x03eb8933) x18 0x00000000
core   0: 0x80007f9c (0x03327533) remu    a0, tp, s3
core   0: 3 0x80007f9c (0x03327533) x10 0x00000000
core   0: 0x80007fa0 (0x415ed693) srai    a3, t4, 21
core   0: 3 0x80007fa0 (0x415ed693) x13 0xffffffff
core   0: 0x80007fa4 (0x00d7a333) slt     t1, a5, a3
core   0: 3 0x80007fa4 (0x00d7a333) x 6 0x00000000
core   0: 0x80007fa8 (0x022edfb3) divu    t6, t4, sp
core   0: 3 0x80007fa8 (0x022edfb3) x31 0x1fffffff
core   0: 0x80007fac (0x01107533) and     a0, zero, a7
core   0: 3 0x80007fac (0x01107533) x10 0x00000000
core   0: 0x80007fb0 (0x03f7a433) mulhsu  s0, a5, t6
core   0: 3 0x80007fb0 (0x03f7a433) x 8 0x00000000
core   0: 0x80007fb4 (0x01a60533) add     a0, a2, s10
core   0: 3 0x80007fb4 (0x01a60533) x10 0x17bcb000
core   0: 0x80007fb8 (0x7f884a93) xori    s5, a6, 2040
core   0: 3 0x80007fb8 (0x7f884a93) x21 0x9e59e8e0
core   0: 0x80007fbc (0x15dc7d37) lui     s10, 0x15dc7
core   0: 3 0x80007fbc (0x15dc7d37) x26 0x15dc7000
core   0: 0x80007fc0 (0x53572317) auipc   t1, 0x53572
core   0: 3 0x80007fc0 (0x53572317) x 6 0xd3579fc0
core   0: 0x80007fc4 (0x0069d4b3) srl     s1, s3, t1
core   0: 3 0x80007fc4 (0x0069d4b3) x 9 0x9e59ef10
core   0: 0x80007fc8 (0x41abd433) sra     s0, s7, s10
core   0: 3 0x80007fc8 (0x41abd433) x 8 0x00000000
core   0: 0x80007fcc (0x03035533) divu    a0, t1, a6
core   0: 3 0x80007fcc (0x03035533) x10 0x00000001
core   0: 0x80007fd0 (0x032e81b3) mul     gp, t4, s2
core   0: 3 0x80007fd0 (0x032e81b3) x 3 0x00000000
core   0: 0x80007fd4 (0x40f9d713) srai    a4, s3, 15
core   0: 3 0x80007fd4 (0x40f9d713) x14 0xffff3cb3
core   0: 0x80007fd8 (0x00a4ac33) slt     s8, s1, a0
core   0: 3 0x80007fd8 (0x00a4ac33) x24 0x00000001
core   0: 0x80007fdc (0xbb18e793) ori     a5, a7, -1103
core   0: 3 0x80007fdc (0xbb18e793) x15 0xfffffbb1
core   0: 0x80007fe0 (0x0335a6b3) mulhsu  a3, a1, s3
core   0: 3 0x80007fe0 (0x0335a6b3) x13 0x00000004
core   0: 0x80007fe4 (0x0305d333) divu    t1, a1, a6
core   0: 3 0x80007fe4 (0x0305d333) x 6 0x00000000
core   0: 0x80007fe8 (0x03fd9b33) mulh    s6, s11, t6
core   0: 3 0x80007fe8 (0x03fd9b33) x22 0x00000000
core   0: 0x80007fec (0x01d6c533) xor     a0, a3, t4
core   0: 3 0x80007fec (0x01d6c533) x10 0xfffffffa
core   0: 0x80007ff0 (0x415a8033) sub     zero, s5, s5
core   0: 3 0x80007ff0 (0x415a8033)
core   0: 0x80007ff4 (0x029b35b3) mulhu   a1, s6, s1
core   0: 3 0x80007ff4 (0x029b35b3) x11 0x00000000
core   0: 0x80007ff8 (0x000c5db3) srl     s11, s8, zero
core   0: 3 0x80007ff8 (0x000c5db3) x27 0x00000001
core   0: 0x80007ffc (0x01561533) sll     a0, a2, s5
core   0: 3 0x80007ffc (0x01561533) x10 0x00000000
core   0: 0x80008000 (0x00dd78b3) and     a7, s10, a3
core   0: 3 0x80008000 (0x00dd78b3) x17 0x00000000
core   0: 0x80008004 (0x0241d033) divu    zero, gp, tp
core   0: 3 0x80008004 (0x0241d033)
core   0: 0x80008008 (0x00e52d33) slt     s10, a0, a4
core   0: 3 0x80008008 (0x00e52d33) x26 0x00000000
core   0: 0x8000800c (0x10fca193) slti    gp, s9, 271
core   0: 3 0x8000800c (0x10fca193) x 3 0x00000001
core   0: 0x80008010 (0x164cb093) sltiu   ra, s9, 356
core   0: 3 0x80008010 (0x164cb093) x 1 0x00000001
core   0: 0x80008014 (0x0373e1b3) rem     gp, t2, s7
core   0: 3 0x80008014 (0x0373e1b3) x 3 0x00000000
core   0: 0x80008018 (0x002c07b3) add     a5, s8, sp
core   0: 3 0x80008018 (0x002c07b3) x15 0x00000009
core   0: 0x8000801c (0x00000013) nop
core   0: 3 0x8000801c (0x00000013)
core   0: 0x80008020 (0x4063d313) srai    t1, t2, 6
core   0: 3 0x80008020 (0x4063d313) x 6 0x00000000
core   0: 0x80008024 (0x419add93) srai    s11, s5, 25
core   0: 3 0x80008024 (0x419add93) x27 0xffffffcf
core   0: 0x80008028 (0x00006fb3) or      t6, zero, zero
core   0: 3 0x80008028 (0x00006fb3) x31 0x00000000
core   0: 0x8000802c (0x0070d913) srli    s2, ra, 7
core   0: 3 0x8000802c (0x0070d913) x18 0x00000000
core   0: 0x80008030 (0x00000013) nop
core   0: 3 0x80008030 (0x00000013)
core   0: 0x80008034 (0x41425193) srai    gp, tp, 20
core   0: 3 0x80008034 (0x41425193) x 3 0x00000000
core   0: 0x80008038 (0x0159c7b3) xor     a5, s3, s5
core   0: 3 0x80008038 (0x0159c7b3) x15 0x000007f0
core   0: 0x8000803c (0x00000013) nop
core   0: 3 0x8000803c (0x00000013)
core   0: 0x80008040 (0x0232a833) mulhsu  a6, t0, gp
core   0: 3 0x80008040 (0x0232a833) x16 0x00000000
core   0: 0x80008044 (0x0043dd13) srli    s10, t2, 4
core   0: 3 0x80008044 (0x0043dd13) x26 0x00000000
core   0: 0x80008048 (0x0198a533) slt     a0, a7, s9
core   0: 3 0x80008048 (0x0198a533) x10 0x00000000
core   0: 0x8000804c (0x034b25b3) mulhsu  a1, s6, s4
core   0: 3 0x8000804c (0x034b25b3) x11 0x00000000
core   0: 0x80008050 (0x4c9de497) auipc   s1, 0x4c9de
core   0: 3 0x80008050 (0x4c9de497) x 9 0xcc9e6050
core   0: 0x80008054 (0x00679b13) slli    s6, a5, 6
core   0: 3 0x80008054 (0x00679b13) x22 0x0001fc00
core   0: 0x80008058 (0x9817cc17) auipc   s8, 0x9817c
core   0: 3 0x80008058 (0x9817cc17) x24 0x18184058
core   0: 0x8000805c (0x00b45a33) srl     s4, s0, a1
core   0: 3 0x8000805c (0x00b45a33) x20 0x00000000
core   0: 0x80008060 (0x00000013) nop
core   0: 3 0x80008060 (0x00000013)
core   0: 0x80008064 (0x03212033) mulhsu  zero, sp, s2
core   0: 3 0x80008064 (0x03212033)
core   0: 0x80008068 (0xf4f7bc93) sltiu   s9, a5, -177
core   0: 3 0x80008068 (0xf4f7bc93) x25 0x00000001
core   0: 0x8000806c (0x01465d13) srli    s10, a2, 20
core   0: 3 0x8000806c (0x01465d13) x26 0x00000000
core   0: 0x80008070 (0x024ca4b3) mulhsu  s1, s9, tp
core   0: 3 0x80008070 (0x024ca4b3) x 9 0x00000000
core   0: 0x80008074 (0x27f79937) lui     s2, 0x27f79
core   0: 3 0x80008074 (0x27f79937) x18 0x27f79000
core   0: 0x80008078 (0x45a8f513) andi    a0, a7, 1114
core   0: 3 0x80008078 (0x45a8f513) x10 0x00000000
core   0: 0x8000807c (0x02ac18b3) mulh    a7, s8, a0
core   0: 3 0x8000807c (0x02ac18b3) x17 0x00000000
core   0: 0x80008080 (0xf0c46237) lui     tp, 0xf0c46
core   0: 3 0x80008080 (0xf0c46237) x 4 0xf0c46000
core   0: 0x80008084 (0x0363f533) remu    a0, t2, s6
core   0: 3 0x80008084 (0x0363f533) x10 0x00000000
core   0: 0x80008088 (0x1c97a813) slti    a6, a5, 457
core   0: 3 0x80008088 (0x1c97a813) x16 0x00000000
core   0: 0x8000808c (0x01ff3433) sltu    s0, t5, t6
core   0: 3 0x8000808c (0x01ff3433) x 8 0x00000000
core   0: 0x80008090 (0x6c2e8b93) addi    s7, t4, 1730
core   0: 3 0x80008090 (0x6c2e8b93) x23 0x000006c0
core   0: 0x80008094 (0x03943c33) mulhu   s8, s0, s9
core   0: 3 0x80008094 (0x03943c33) x24 0x00000000
core   0: 0x80008098 (0x35752c13) slti    s8, a0, 855
core   0: 3 0x80008098 (0x35752c13) x24 0x00000001
core   0: 0x8000809c (0x0086d1b3) srl     gp, a3, s0
core   0: 3 0x8000809c (0x0086d1b3) x 3 0x00000004
core   0: 0x800080a0 (0xfd98bb93) sltiu   s7, a7, -39
core   0: 3 0x800080a0 (0xfd98bb93) x23 0x00000001
core   0: 0x800080a4 (0x01c81233) sll     tp, a6, t3
core   0: 3 0x800080a4 (0x01c81233) x 4 0x00000000
core   0: 0x800080a8 (0x41d8d1b3) sra     gp, a7, t4
core   0: 3 0x800080a8 (0x41d8d1b3) x 3 0x00000000
core   0: 0x800080ac (0xef948d13) addi    s10, s1, -263
core   0: 3 0x800080ac (0xef948d13) x26 0xfffffef9
core   0: 0x800080b0 (0x02ae0cb3) mul     s9, t3, a0
core   0: 3 0x800080b0 (0x02ae0cb3) x25 0x00000000
core   0: 0x800080b4 (0x03cea8b3) mulhsu  a7, t4, t3
core   0: 3 0x800080b4 (0x03cea8b3) x17 0xfffffffe
core   0: 0x800080b8 (0xb8caf793) andi    a5, s5, -1140
core   0: 3 0x800080b8 (0xb8caf793) x15 0x9e59e880
core   0: 0x800080bc (0x00933c33) sltu    s8, t1, s1
core   0: 3 0x800080bc (0x00933c33) x24 0x00000000
core   0: 0x800080c0 (0x01f69eb3) sll     t4, a3, t6
core   0: 3 0x800080c0 (0x01f69eb3) x29 0x00000004
core   0: 0x800080c4 (0x0337d933) divu    s2, a5, s3
core   0: 3 0x800080c4 (0x0337d933) x18 0x00000000
core   0: 0x800080c8 (0xb8fe7a37) lui     s4, 0xb8fe7
core   0: 3 0x800080c8 (0xb8fe7a37) x20 0xb8fe7000
core   0: 0x800080cc (0x00000013) nop
core   0: 3 0x800080cc (0x00000013)
core   0: 0x800080d0 (0x00821513) slli    a0, tp, 8
core   0: 3 0x800080d0 (0x00821513) x10 0x00000000
core   0: 0x800080d4 (0xc5d8c593) xori    a1, a7, -931
core   0: 3 0x800080d4 (0xc5d8c593) x11 0x000003a3
core   0: 0x800080d8 (0x789b7893) andi    a7, s6, 1929
core   0: 3 0x800080d8 (0x789b7893) x17 0x00000400
core   0: 0x800080dc (0xe9e16013) ori     zero, sp, -354
core   0: 3 0x800080dc (0xe9e16013)
core   0: 0x800080e0 (0x00000013) nop
core   0: 3 0x800080e0 (0x00000013)
core   0: 0x800080e4 (0xb16d75b7) lui     a1, 0xb16d7
core   0: 3 0x800080e4 (0xb16d75b7) x11 0xb16d7000
core   0: 0x800080e8 (0x01d99033) sll     zero, s3, t4
core   0: 3 0x800080e8 (0x01d99033)
core   0: 0x800080ec (0xfb522393) slti    t2, tp, -75
core   0: 3 0x800080ec (0xfb522393) x 7 0x00000000
core   0: 0x800080f0 (0x01b6fa33) and     s4, a3, s11
core   0: 3 0x800080f0 (0x01b6fa33) x20 0x00000004
core   0: 0x800080f4 (0x27c44d93) xori    s11, s0, 636
core   0: 3 0x800080f4 (0x27c44d93) x27 0x0000027c
core   0: 0x800080f8 (0x00c7d9b3) srl     s3, a5, a2
core   0: 3 0x800080f8 (0x00c7d9b3) x19 0x9e59e880
core   0: 0x800080fc (0xa7767f93) andi    t6, a2, -1417
core   0: 3 0x800080fc (0xa7767f93) x31 0x00000000
core   0: 0x80008100 (0x0158e933) or      s2, a7, s5
core   0: 3 0x80008100 (0x0158e933) x18 0x9e59ece0
core   0: 0x80008104 (0x00000013) nop
core   0: 3 0x80008104 (0x00000013)
core   0: 0x80008108 (0x00c40a33) add     s4, s0, a2
core   0: 3 0x80008108 (0x00c40a33) x20 0x00000000
core   0: 0x8000810c (0x022abd33) mulhu   s10, s5, sp
core   0: 3 0x8000810c (0x022abd33) x26 0x00000004
core   0: 0x80008110 (0x415bd4b3) sra     s1, s7, s5
core   0: 3 0x80008110 (0x415bd4b3) x 9 0x00000001
core   0: 0x80008114 (0x03011f33) mulh    t5, sp, a6
core   0: 3 0x80008114 (0x03011f33) x30 0x00000000
core   0: 0x80008118 (0x033bd9b3) divu    s3, s7, s3
core   0: 3 0x80008118 (0x033bd9b3) x19 0x00000000
core   0: 0x8000811c (0x03e23d33) mulhu   s10, tp, t5
core   0: 3 0x8000811c (0x03e23d33) x26 0x00000000
core   0: 0x80008120 (0x01407c33) and     s8, zero, s4
core   0: 3 0x80008120 (0x01407c33) x24 0x00000000
core   0: 0x80008124 (0x006c6c33) or      s8, s8, t1
core   0: 3 0x80008124 (0x006c6c33) x24 0x00000000
core   0: 0x80008128 (0xa496fe93) andi    t4, a3, -1463
core   0: 3 0x80008128 (0xa496fe93) x29 0x00000000
core   0: 0x8000812c (0x54aa1f37) lui     t5, 0x54aa1
core   0: 3 0x8000812c (0x54aa1f37) x30 0x54aa1000
core   0: 0x80008130 (0x00000013) nop
core   0: 3 0x80008130 (0x00000013)
core   0: 0x80008134 (0x01d008b3) add     a7, zero, t4
core   0: 3 0x80008134 (0x01d008b3) x17 0x00000000
core   0: 0x80008138 (0x5589e093) ori     ra, s3, 1368
core   0: 3 0x80008138 (0x5589e093) x 1 0x00000558
core   0: 0x8000813c (0x0338f3b3) remu    t2, a7, s3
core   0: 3 0x8000813c (0x0338f3b3) x 7 0x00000000
core   0: 0x80008140 (0x035969b3) rem     s3, s2, s5
core   0: 3 0x80008140 (0x035969b3) x19 0x9e59ece0
core   0: 0x80008144 (0x141cca13) xori    s4, s9, 321
core   0: 3 0x80008144 (0x141cca13) x20 0x00000141
core   0: 0x80008148 (0x030ba333) mulhsu  t1, s7, a6
core   0: 3 0x80008148 (0x030ba333) x 6 0x00000000
core   0: 0x8000814c (0x00d8bfb3) sltu    t6, a7, a3
core   0: 3 0x8000814c (0x00d8bfb3) x31 0x00000001
core   0: 0x80008150 (0x009e3c93) sltiu   s9, t3, 9
core   0: 3 0x80008150 (0x009e3c93) x25 0x00000000
core   0: 0x80008154 (0x0fbecf13) xori    t5, t4, 251
core   0: 3 0x80008154 (0x0fbecf13) x30 0x000000fb
core   0: 0x80008158 (0x0146af33) slt     t5, a3, s4
core   0: 3 0x80008158 (0x0146af33) x30 0x00000001
core   0: 0x8000815c (0xb3b80213) addi    tp, a6, -1221
core   0: 3 0x8000815c (0xb3b80213) x 4 0xfffffb3b
core   0: 0x80008160 (0x009fe4b3) or      s1, t6, s1
core   0: 3 0x80008160 (0x009fe4b3) x 9 0x00000001
core   0: 0x80008164 (0x02e71fb3) mulh    t6, a4, a4
core   0: 3 0x80008164 (0x02e71fb3) x31 0x00000000
core   0: 0x80008168 (0x000a73b3) and     t2, s4, zero
core   0: 3 0x80008168 (0x000a73b3) x 7 0x00000000
core   0: 0x8000816c (0x03caadb3) mulhsu  s11, s5, t3
core   0: 3 0x8000816c (0x03caadb3) x27 0xcf2c5d0c
core   0: 0x80008170 (0x003fc4b3) xor     s1, t6, gp
core   0: 3 0x80008170 (0x003fc4b3) x 9 0x00000000
core   0: 0x80008174 (0xf8372913) slti    s2, a4, -125
core   0: 3 0x80008174 (0xf8372913) x18 0x00000001
core   0: 0x80008178 (0x6af7c893) xori    a7, a5, 1711
core   0: 3 0x80008178 (0x6af7c893) x17 0x9e59ee2f
core   0: 0x8000817c (0x02a9b6b3) mulhu   a3, s3, a0
core   0: 3 0x8000817c (0x02a9b6b3) x13 0x00000000
core   0: 0x80008180 (0x01f4eb33) or      s6, s1, t6
core   0: 3 0x80008180 (0x01f4eb33) x22 0x00000000
core   0: 0x80008184 (0x00c09ab3) sll     s5, ra, a2
core   0: 3 0x80008184 (0x00c09ab3) x21 0x00000558
core   0: 0x80008188 (0x010ddc33) srl     s8, s11, a6
core   0: 3 0x80008188 (0x010ddc33) x24 0xcf2c5d0c
core   0: 0x8000818c (0xf03fa913) slti    s2, t6, -253
core   0: 3 0x8000818c (0xf03fa913) x18 0x00000000
core   0: 0x80008190 (0xae097413) andi    s0, s2, -1312
core   0: 3 0x80008190 (0xae097413) x 8 0x00000000
core   0: 0x80008194 (0x013c89b3) add     s3, s9, s3
core   0: 3 0x80008194 (0x013c89b3) x19 0x9e59ece0
core   0: 0x80008198 (0x403080b3) sub     ra, ra, gp
core   0: 3 0x80008198 (0x403080b3) x 1 0x00000558
core   0: 0x8000819c (0x5c6e7213) andi    tp, t3, 1478
core   0: 3 0x8000819c (0x5c6e7213) x 4 0x000004c4
core   0: 0x800081a0 (0x00c66f33) or      t5, a2, a2
core   0: 3 0x800081a0 (0x00c66f33) x30 0x00000000
core   0: 0x800081a4 (0x40930fb3) sub     t6, t1, s1
core   0: 3 0x800081a4 (0x40930fb3) x31 0x00000000
core   0: 0x800081a8 (0x318d4213) xori    tp, s10, 792
core   0: 3 0x800081a8 (0x318d4213) x 4 0x00000318
core   0: 0x800081ac (0x00c95a33) srl     s4, s2, a2
core   0: 3 0x800081ac (0x00c95a33) x20 0x00000000
core   0: 0x800081b0 (0x8206c613) xori    a2, a3, -2016
core   0: 3 0x800081b0 (0x8206c613) x12 0xfffff820
core   0: 0x800081b4 (0x016ec533) xor     a0, t4, s6
core   0: 3 0x800081b4 (0x016ec533) x10 0x00000000
core   0: 0x800081b8 (0x43e34db7) lui     s11, 0x43e34
core   0: 3 0x800081b8 (0x43e34db7) x27 0x43e34000
core   0: 0x800081bc (0xc5032a13) slti    s4, t1, -944
core   0: 3 0x800081bc (0xc5032a13) x20 0x00000000
core   0: 0x800081c0 (0x4047d393) srai    t2, a5, 4
core   0: 3 0x800081c0 (0x4047d393) x 7 0xf9e59e88
core   0: 0x800081c4 (0xd6996d93) ori     s11, s2, -663
core   0: 3 0x800081c4 (0xd6996d93) x27 0xfffffd69
core   0: 0x800081c8 (0x00668c33) add     s8, a3, t1
core   0: 3 0x800081c8 (0x00668c33) x24 0x00000000
core   0: 0x800081cc (0x02b31f33) mulh    t5, t1, a1
core   0: 3 0x800081cc (0x02b31f33) x30 0x00000000
core   0: 0x800081d0 (0xffb52f13) slti    t5, a0, -5
core   0: 3 0x800081d0 (0xffb52f13) x30 0x00000000
core   0: 0x800081d4 (0x00f43a33) sltu    s4, s0, a5
core   0: 3 0x800081d4 (0x00f43a33) x20 0x00000001
core   0: 0x800081d8 (0x7eb7b897) auipc   a7, 0x7eb7b
core   0: 3 0x800081d8 (0x7eb7b897) x17 0xfeb831d8
core   0: 0x800081dc (0x640ea913) slti    s2, t4, 1600
core   0: 3 0x800081dc (0x640ea913) x18 0x00000001
core   0: 0x800081e0 (0x82ba7f93) andi    t6, s4, -2005
core   0: 3 0x800081e0 (0x82ba7f93) x31 0x00000001
core   0: 0x800081e4 (0x03e3ffb3) remu    t6, t2, t5
core   0: 3 0x800081e4 (0x03e3ffb3) x31 0xf9e59e88
core   0: 0x800081e8 (0x721faf97) auipc   t6, 0x721fa
core   0: 3 0x800081e8 (0x721faf97) x31 0xf22021e8
core   0: 0x800081ec (0xa0e90993) addi    s3, s2, -1522
core   0: 3 0x800081ec (0xa0e90993) x19 0xfffffa0f
core   0: 0x800081f0 (0x41618333) sub     t1, gp, s6
core   0: 3 0x800081f0 (0x41618333) x 6 0x00000000
core   0: 0x800081f4 (0xbb6fe613) ori     a2, t6, -1098
core   0: 3 0x800081f4 (0xbb6fe613) x12 0xfffffbfe
core   0: 0x800081f8 (0x028a51b3) divu    gp, s4, s0
core   0: 3 0x800081f8 (0x028a51b3) x 3 0xffffffff
core   0: 0x800081fc (0x039d7733) remu    a4, s10, s9
core   0: 3 0x800081fc (0x039d7733) x14 0x00000000
core   0: 0x80008200 (0x00875413) srli    s0, a4, 8
core   0: 3 0x80008200 (0x00875413) x 8 0x00000000
core   0: 0x80008204 (0x00fe6233) or      tp, t3, a5
core   0: 3 0x80008204 (0x00fe6233) x 4 0x9e59ece4
core   0: 0x80008208 (0x0102d5b3) srl     a1, t0, a6
core   0: 3 0x80008208 (0x0102d5b3) x11 0x80014e64
core   0: 0x8000820c (0x40cbd9b3) sra     s3, s7, a2
core   0: 3 0x8000820c (0x40cbd9b3) x19 0x00000000
core   0: 0x80008210 (0x418c08b3) sub     a7, s8, s8
core   0: 3 0x80008210 (0x418c08b3) x17 0x00000000
core   0: 0x80008214 (0x02c5e1b3) rem     gp, a1, a2
core   0: 3 0x80008214 (0x02c5e1b3) x 3 0xfffffdcc
core   0: 0x80008218 (0x00000013) nop
core   0: 3 0x80008218 (0x00000013)
core   0: 0x8000821c (0x4071d913) srai    s2, gp, 7
core   0: 3 0x8000821c (0x4071d913) x18 0xfffffffb
core   0: 0x80008220 (0x0991fd93) andi    s11, gp, 153
core   0: 3 0x80008220 (0x0991fd93) x27 0x00000088
core   0: 0x80008224 (0x00965093) srli    ra, a2, 9
core   0: 3 0x80008224 (0x00965093) x 1 0x007ffffd
core   0: 0x80008228 (0xfb0fc637) lui     a2, 0xfb0fc
core   0: 3 0x80008228 (0xfb0fc637) x12 0xfb0fc000
core   0: 0x8000822c (0x205b4f93) xori    t6, s6, 517
core   0: 3 0x8000822c (0x205b4f93) x31 0x00000205
core   0: 0x80008230 (0xb8a026b7) lui     a3, 0xb8a02
core   0: 3 0x80008230 (0xb8a026b7) x13 0xb8a02000
core   0: 0x80008234 (0x418a5c33) sra     s8, s4, s8
core   0: 3 0x80008234 (0x418a5c33) x24 0x00000001
core   0: 0x80008238 (0x02e68d33) mul     s10, a3, a4
core   0: 3 0x80008238 (0x02e68d33) x26 0x00000000
core   0: 0x8000823c (0x015b1933) sll     s2, s6, s5
core   0: 3 0x8000823c (0x015b1933) x18 0x00000000
core   0: 0x80008240 (0x3a8ebc37) lui     s8, 0x3a8eb
core   0: 3 0x80008240 (0x3a8ebc37) x24 0x3a8eb000
core   0: 0x80008244 (0x01f4fab3) and     s5, s1, t6
core   0: 3 0x80008244 (0x01f4fab3) x21 0x00000000
core   0: 0x80008248 (0x018220b3) slt     ra, tp, s8
core   0: 3 0x80008248 (0x018220b3) x 1 0x00000001
core   0: 0x8000824c (0x86b5cd13) xori    s10, a1, -1941
core   0: 3 0x8000824c (0x86b5cd13) x26 0x7ffeb60f
core   0: 0x80008250 (0x25daaeb7) lui     t4, 0x25daa
core   0: 3 0x80008250 (0x25daaeb7) x29 0x25daa000
core   0: 0x80008254 (0xd36e3f93) sltiu   t6, t3, -714
core   0: 3 0x80008254 (0xd36e3f93) x31 0x00000001
core   0: 0x80008258 (0x0043dc93) srli    s9, t2, 4
core   0: 3 0x80008258 (0x0043dc93) x25 0x0f9e59e8
core   0: 0x8000825c (0x00b911b3) sll     gp, s2, a1
core   0: 3 0x8000825c (0x00b911b3) x 3 0x00000000
core   0: 0x80008260 (0x02af7433) remu    s0, t5, a0
core   0: 3 0x80008260 (0x02af7433) x 8 0x00000000
core   0: 0x80008264 (0x03c10a33) mul     s4, sp, t3
core   0: 3 0x80008264 (0x03c10a33) x20 0x000c6720
core   0: 0x80008268 (0x037136b3) mulhu   a3, sp, s7
core   0: 3 0x80008268 (0x037136b3) x13 0x00000000
core   0: 0x8000826c (0x654be013) ori     zero, s7, 1620
core   0: 3 0x8000826c (0x654be013)
core   0: 0x80008270 (0x03b793b3) mulh    t2, a5, s11
core   0: 3 0x80008270 (0x03b793b3) x 7 0xffffffcc
core   0: 0x80008274 (0x01d96333) or      t1, s2, t4
core   0: 3 0x80008274 (0x01d96333) x 6 0x25daa000
core   0: 0x80008278 (0x00bc5c33) srl     s8, s8, a1
core   0: 3 0x80008278 (0x00bc5c33) x24 0x03a8eb00
core   0: 0x8000827c (0x1886a493) slti    s1, a3, 392
core   0: 3 0x8000827c (0x1886a493) x 9 0x00000001
core   0: 0x80008280 (0x03241db3) mulh    s11, s0, s2
core   0: 3 0x80008280 (0x03241db3) x27 0x00000000
core   0: 0x80008284 (0x408f5633) sra     a2, t5, s0
core   0: 3 0x80008284 (0x408f5633) x12 0x00000000
core   0: 0x80008288 (0x165d4d13) xori    s10, s10, 357
core   0: 3 0x80008288 (0x165d4d13) x26 0x7ffeb76a
core   0: 0x8000828c (0x417f06b3) sub     a3, t5, s7
core   0: 3 0x8000828c (0x417f06b3) x13 0xffffffff
core   0: 0x80008290 (0x08c98517) auipc   a0, 0x8c98
core   0: 3 0x80008290 (0x08c98517) x10 0x88ca0290
core   0: 0x80008294 (0x00000013) nop
core   0: 3 0x80008294 (0x00000013)
core   0: 0x80008298 (0x01dc01b3) add     gp, s8, t4
core   0: 3 0x80008298 (0x01dc01b3) x 3 0x29838b00
core   0: 0x8000829c (0x02c33733) mulhu   a4, t1, a2
core   0: 3 0x8000829c (0x02c33733) x14 0x00000000
core   0: 0x800082a0 (0x01b3acb3) slt     s9, t2, s11
core   0: 3 0x800082a0 (0x01b3acb3) x25 0x00000001
core   0: 0x800082a4 (0xd3d3b613) sltiu   a2, t2, -707
core   0: 3 0x800082a4 (0xd3d3b613) x12 0x00000000
core   0: 0x800082a8 (0x00697bb3) and     s7, s2, t1
core   0: 3 0x800082a8 (0x00697bb3) x23 0x00000000
core   0: 0x800082ac (0x00e22fb3) slt     t6, tp, a4
core   0: 3 0x800082ac (0x00e22fb3) x31 0x00000001
core   0: 0x800082b0 (0x1c75ac17) auipc   s8, 0x1c75a
core   0: 3 0x800082b0 (0x1c75ac17) x24 0x9c7622b0
core   0: 0x800082b4 (0x40968db3) sub     s11, a3, s1
core   0: 3 0x800082b4 (0x40968db3) x27 0xfffffffe
core   0: 0x800082b8 (0x0472aa13) slti    s4, t0, 71
core   0: 3 0x800082b8 (0x0472aa13) x20 0x00000001
core   0: 0x800082bc (0xfae7e693) ori     a3, a5, -82
core   0: 3 0x800082bc (0xfae7e693) x13 0xffffffae
core   0: 0x800082c0 (0xe6eb6337) lui     t1, 0xe6eb6
core   0: 3 0x800082c0 (0xe6eb6337) x 6 0xe6eb6000
core   0: 0x800082c4 (0x02012833) mulhsu  a6, sp, zero
core   0: 3 0x800082c4 (0x02012833) x16 0x00000000
core   0: 0x800082c8 (0x5822ed93) ori     s11, t0, 1410
core   0: 3 0x800082c8 (0x5822ed93) x27 0x80014fe6
core   0: 0x800082cc (0x017b5033) srl     zero, s6, s7
core   0: 3 0x800082cc (0x017b5033)
core   0: 0x800082d0 (0xb6300693) li      a3, -1181
core   0: 3 0x800082d0 (0xb6300693) x13 0xfffffb63
core   0: 0x800082d4 (0x017bb1b3) sltu    gp, s7, s7
core   0: 3 0x800082d4 (0x017bb1b3) x 3 0x00000000
core   0: 0x800082d8 (0x41ea8a33) sub     s4, s5, t5
core   0: 3 0x800082d8 (0x41ea8a33) x20 0x00000000
core   0: 0x800082dc (0x01eeacb3) slt     s9, t4, t5
core   0: 3 0x800082dc (0x01eeacb3) x25 0x00000000
core   0: 0x800082e0 (0x0373e4b3) rem     s1, t2, s7
core   0: 3 0x800082e0 (0x0373e4b3) x 9 0xffffffcc
core   0: 0x800082e4 (0x0087c033) xor     zero, a5, s0
core   0: 3 0x800082e4 (0x0087c033)
core   0: 0x800082e8 (0x03d37d33) remu    s10, t1, t4
core   0: 3 0x800082e8 (0x03d37d33) x26 0x03cba000
core   0: 0x800082ec (0x0077b1b3) sltu    gp, a5, t2
core   0: 3 0x800082ec (0x0077b1b3) x 3 0x00000001
core   0: 0x800082f0 (0x2337cb13) xori    s6, a5, 563
core   0: 3 0x800082f0 (0x2337cb13) x22 0x9e59eab3
core   0: 0x800082f4 (0x01c515b3) sll     a1, a0, t3
core   0: 3 0x800082f4 (0x01c515b3) x11 0x8ca02900
core   0: 0x800082f8 (0x00080533) add     a0, a6, zero
core   0: 3 0x800082f8 (0x00080533) x10 0x00000000
core   0: 0x800082fc (0xb747e617) auipc   a2, 0xb747e
core   0: 3 0x800082fc (0xb747e617) x12 0x374862fc
core   0: 0x80008300 (0x00a13233) sltu    tp, sp, a0
core   0: 3 0x80008300 (0x00a13233) x 4 0x00000000
core   0: 0x80008304 (0x0071e0b3) or      ra, gp, t2
core   0: 3 0x80008304 (0x0071e0b3) x 1 0xffffffcd
core   0: 0x80008308 (0x401e5833) sra     a6, t3, ra
core   0: 3 0x80008308 (0x401e5833) x16 0xfffc000c
core   0: 0x8000830c (0xdb697993) andi    s3, s2, -586
core   0: 3 0x8000830c (0xdb697993) x19 0x00000000
core   0: 0x80008310 (0x48946b13) ori     s6, s0, 1161
core   0: 3 0x80008310 (0x48946b13) x22 0x00000489
core   0: 0x80008314 (0x21c2ae93) slti    t4, t0, 540
core   0: 3 0x80008314 (0x21c2ae93) x29 0x00000001
core   0: 0x80008318 (0xd9e98213) addi    tp, s3, -610
core   0: 3 0x80008318 (0xd9e98213) x 4 0xfffffd9e
core   0: 0x8000831c (0x0122a433) slt     s0, t0, s2
core   0: 3 0x8000831c (0x0122a433) x 8 0x00000001
core   0: 0x80008320 (0x0071d733) srl     a4, gp, t2
core   0: 3 0x80008320 (0x0071d733) x14 0x00000000
core   0: 0x80008324 (0x010b8d33) add     s10, s7, a6
core   0: 3 0x80008324 (0x010b8d33) x26 0xfffc000c
core   0: 0x80008328 (0x01a1db93) srli    s7, gp, 26
core   0: 3 0x80008328 (0x01a1db93) x23 0x00000000
core   0: 0x8000832c (0x43ea8913) addi    s2, s5, 1086
core   0: 3 0x8000832c (0x43ea8913) x18 0x0000043e
core   0: 0x80008330 (0x2ab26b13) ori     s6, tp, 683
core   0: 3 0x80008330 (0x2ab26b13) x22 0xffffffbf
core   0: 0x80008334 (0xd0c92f13) slti    t5, s2, -756
core   0: 3 0x80008334 (0xd0c92f13) x30 0x00000000
core   0: 0x80008338 (0x41285693) srai    a3, a6, 18
core   0: 3 0x80008338 (0x41285693) x13 0xffffffff
core   0: 0x8000833c (0x40b10433) sub     s0, sp, a1
core   0: 3 0x8000833c (0x40b10433) x 8 0x735fd708
core   0: 0x80008340 (0x37dca713) slti    a4, s9, 893
core   0: 3 0x80008340 (0x37dca713) x14 0x00000001
core   0: 0x80008344 (0xf89e3513) sltiu   a0, t3, -119
core   0: 3 0x80008344 (0xf89e3513) x10 0x00000001
core   0: 0x80008348 (0x0255a833) mulhsu  a6, a1, t0
core   0: 3 0x80008348 (0x0255a833) x16 0xc64f7dcb
core   0: 0x8000834c (0x25988893) addi    a7, a7, 601
core   0: 3 0x8000834c (0x25988893) x17 0x00000259
core   0: 0x80008350 (0x41edd413) srai    s0, s11, 30
core   0: 3 0x80008350 (0x41edd413) x 8 0xfffffffe
core   0: 0x80008354 (0x0270df33) divu    t5, ra, t2
core   0: 3 0x80008354 (0x0270df33) x30 0x00000001
core   0: 0x80008358 (0x4182d413) srai    s0, t0, 24
core   0: 3 0x80008358 (0x4182d413) x 8 0xffffff80
core   0: 0x8000835c (0x01274333) xor     t1, a4, s2
core   0: 3 0x8000835c (0x01274333) x 6 0x0000043f
core   0: 0x80008360 (0x40b406b3) sub     a3, s0, a1
core   0: 3 0x80008360 (0x40b406b3) x13 0x735fd680
core   0: 0x80008364 (0x003e93b3) sll     t2, t4, gp
core   0: 3 0x80008364 (0x003e93b3) x 7 0x00000002
core   0: 0x80008368 (0x41645213) srai    tp, s0, 22
core   0: 3 0x80008368 (0x41645213) x 4 0xffffffff
core   0: 0x8000836c (0xfcaf5497) auipc   s1, 0xfcaf5
core   0: 3 0x8000836c (0xfcaf5497) x 9 0x7cafd36c
core   0: 0x80008370 (0x020623b3) mulhsu  t2, a2, zero
core   0: 3 0x80008370 (0x020623b3) x 7 0x00000000
core   0: 0x80008374 (0x015427b3) slt     a5, s0, s5
core   0: 3 0x80008374 (0x015427b3) x15 0x00000001
core   0: 0x80008378 (0x01bb1633) sll     a2, s6, s11
core   0: 3 0x80008378 (0x01bb1633) x12 0xffffefc0
core   0: 0x8000837c (0x03e6f233) remu    tp, a3, t5
core   0: 3 0x8000837c (0x03e6f233) x 4 0x00000000
core   0: 0x80008380 (0xa3958a13) addi    s4, a1, -1479
core   0: 3 0x80008380 (0xa3958a13) x20 0x8ca02339
core   0: 0x80008384 (0x02659db3) mulh    s11, a1, t1
core   0: 3 0x80008384 (0x02659db3) x27 0xfffffe16
core   0: 0x80008388 (0xdd3b3013) sltiu   zero, s6, -557
core   0: 3 0x80008388 (0xdd3b3013)
core   0: 0x8000838c (0x7165b793) sltiu   a5, a1, 1814
core   0: 3 0x8000838c (0x7165b793) x15 0x00000000
core   0: 0x80008390 (0x00f09393) slli    t2, ra, 15
core   0: 3 0x80008390 (0x00f09393) x 7 0xffe68000
core   0: 0x80008394 (0x41d30ab3) sub     s5, t1, t4
core   0: 3 0x80008394 (0x41d30ab3) x21 0x0000043e
core   0: 0x80008398 (0x024b7b33) remu    s6, s6, tp
core   0: 3 0x80008398 (0x024b7b33) x22 0xffffffbf
core   0: 0x8000839c (0x039f0233) mul     tp, t5, s9
core   0: 3 0x8000839c (0x039f0233) x 4 0x00000000
core   0: 0x800083a0 (0x008421b3) slt     gp, s0, s0
core   0: 3 0x800083a0 (0x008421b3) x 3 0x00000000
core   0: 0x800083a4 (0x01bf4a33) xor     s4, t5, s11
core   0: 3 0x800083a4 (0x01bf4a33) x20 0xfffffe17
core   0: 0x800083a8 (0x00000013) nop
core   0: 3 0x800083a8 (0x00000013)
core   0: 0x800083ac (0x01ade833) or      a6, s11, s10
core   0: 3 0x800083ac (0x01ade833) x16 0xfffffe1e
core   0: 0x800083b0 (0x27412513) slti    a0, sp, 628
core   0: 3 0x800083b0 (0x27412513) x10 0x00000001
core   0: 0x800083b4 (0x001181b3) add     gp, gp, ra
core   0: 3 0x800083b4 (0x001181b3) x 3 0xffffffcd
core   0: 0x800083b8 (0x005fd693) srli    a3, t6, 5
core   0: 3 0x800083b8 (0x005fd693) x13 0x00000000
core   0: 0x800083bc (0x035c7b33) remu    s6, s8, s5
core   0: 3 0x800083bc (0x035c7b33) x22 0x000003a6
core   0: 0x800083c0 (0x03e4cf33) div     t5, s1, t5
core   0: 3 0x800083c0 (0x03e4cf33) x30 0x7cafd36c
core   0: 0x800083c4 (0x41928433) sub     s0, t0, s9
core   0: 3 0x800083c4 (0x41928433) x 8 0x80014e64
core   0: 0x800083c8 (0xf3623613) sltiu   a2, tp, -202
core   0: 3 0x800083c8 (0xf3623613) x12 0x00000001
core   0: 0x800083cc (0x411b5a33) sra     s4, s6, a7
core   0: 3 0x800083cc (0x411b5a33) x20 0x00000000
core   0: 0x800083d0 (0x01f04333) xor     t1, zero, t6
core   0: 3 0x800083d0 (0x01f04333) x 6 0x00000001
core   0: 0x800083d4 (0xad8d6993) ori     s3, s10, -1320
core   0: 3 0x800083d4 (0xad8d6993) x19 0xfffffadc
core   0: 0x800083d8 (0x0313f333) remu    t1, t2, a7
core   0: 3 0x800083d8 (0x0313f333) x 6 0x00000155
core   0: 0x800083dc (0x35896f93) ori     t6, s2, 856
core   0: 3 0x800083dc (0x35896f93) x31 0x0000077e
core   0: 0x800083e0 (0x08d79537) lui     a0, 0x8d79
core   0: 3 0x800083e0 (0x08d79537) x10 0x08d79000
core   0: 0x800083e4 (0x409c8c33) sub     s8, s9, s1
core   0: 3 0x800083e4 (0x409c8c33) x24 0x83502c94
core   0: 0x800083e8 (0x0306c833) div     a6, a3, a6
core   0: 3 0x800083e8 (0x0306c833) x16 0x00000000
core   0: 0x800083ec (0x015bf233) and     tp, s7, s5
core   0: 3 0x800083ec (0x015bf233) x 4 0x00000000
core   0: 0x800083f0 (0x02258533) mul     a0, a1, sp
core   0: 3 0x800083f0 (0x02258533) x10 0x65014800
core   0: 0x800083f4 (0x01c5e033) or      zero, a1, t3
core   0: 3 0x800083f4 (0x01c5e033)
core   0: 0x800083f8 (0x00000013) nop
core   0: 3 0x800083f8 (0x00000013)
core   0: 0x800083fc (0x815cbb93) sltiu   s7, s9, -2027
core   0: 3 0x800083fc (0x815cbb93) x23 0x00000001
core   0: 0x80008400 (0x41be5233) sra     tp, t3, s11
core   0: 3 0x80008400 (0x41be5233) x 4 0xfffffe00
core   0: 0x80008404 (0x01985313) srli    t1, a6, 25
core   0: 3 0x80008404 (0x01985313) x 6 0x00000000
core   0: 0x80008408 (0x02758ab3) mul     s5, a1, t2
core   0: 3 0x80008408 (0x02758ab3) x21 0xea800000
core   0: 0x8000840c (0x002a2433) slt     s0, s4, sp
core   0: 3 0x8000840c (0x002a2433) x 8 0x00000001
core   0: 0x80008410 (0xb44c7613) andi    a2, s8, -1212
core   0: 3 0x80008410 (0xb44c7613) x12 0x83502804
core   0: 0x80008414 (0xb1b12037) lui     zero, 0xb1b12
core   0: 3 0x80008414 (0xb1b12037)
core   0: 0x80008418 (0x02664bb3) div     s7, a2, t1
core   0: 3 0x80008418 (0x02664bb3) x23 0xffffffff
core   0: 0x8000841c (0x031189b3) mul     s3, gp, a7
core   0: 3 0x8000841c (0x031189b3) x19 0xffff8845
core   0: 0x80008420 (0x0008d313) srli    t1, a7, 0
core   0: 3 0x80008420 (0x0008d313) x 6 0x00000259
core   0: 0x80008424 (0x032e01b3) mul     gp, t3, s2
core   0: 3 0x80008424 (0x032e01b3) x 3 0x0693af38
core   0: 0x80008428 (0x00435393) srli    t2, t1, 4
core   0: 3 0x80008428 (0x00435393) x 7 0x00000025
core   0: 0x8000842c (0x91e68b13) addi    s6, a3, -1762
core   0: 3 0x8000842c (0x91e68b13) x22 0xfffff91e
core   0: 0x80008430 (0x031404b3) mul     s1, s0, a7
core   0: 3 0x80008430 (0x031404b3) x 9 0x00000259
core   0: 0x80008434 (0x03562333) mulhsu  t1, a2, s5
core   0: 3 0x80008434 (0x03562333) x 6 0x8dc8eca7
core   0: 0x80008438 (0x03723333) mulhu   t1, tp, s7
core   0: 3 0x80008438 (0x03723333) x 6 0xfffffdff
core   0: 0x8000843c (0x03050933) mul     s2, a0, a6
core   0: 3 0x8000843c (0x03050933) x18 0x00000000
core   0: 0x80008440 (0x01ca58b3) srl     a7, s4, t3
core   0: 3 0x80008440 (0x01ca58b3) x17 0x00000000
core   0: 0x80008444 (0x02d17993) andi    s3, sp, 45
core   0: 3 0x80008444 (0x02d17993) x19 0x00000008
core   0: 0x80008448 (0x03d518b3) mulh    a7, a0, t4
core   0: 3 0x80008448 (0x03d518b3) x17 0x00000000
core   0: 0x8000844c (0x019ac433) xor     s0, s5, s9
core   0: 3 0x8000844c (0x019ac433) x 8 0xea800000
core   0: 0x80008450 (0x01a7d4b3) srl     s1, a5, s10
core   0: 3 0x80008450 (0x01a7d4b3) x 9 0x00000000
core   0: 0x80008454 (0x02d0c533) div     a0, ra, a3
core   0: 3 0x80008454 (0x02d0c533) x10 0xffffffff
core   0: 0x80008458 (0x014c9513) slli    a0, s9, 20
core   0: 3 0x80008458 (0x014c9513) x10 0x00000000
core   0: 0x8000845c (0x01521a13) slli    s4, tp, 21
core   0: 3 0x8000845c (0x01521a13) x20 0xc0000000
core   0: 0x80008460 (0x00db1b93) slli    s7, s6, 13
core   0: 3 0x80008460 (0x00db1b93) x23 0xff23c000
core   0: 0x80008464 (0xb27e4a93) xori    s5, t3, -1241
core   0: 3 0x80008464 (0xb27e4a93) x21 0x7ffe77c3
core   0: 0x80008468 (0x019bd493) srli    s1, s7, 25
core   0: 3 0x80008468 (0x019bd493) x 9 0x0000007f
core   0: 0x8000846c (0x41755d13) srai    s10, a0, 23
core   0: 3 0x8000846c (0x41755d13) x26 0x00000000
core   0: 0x80008470 (0x41eadfb3) sra     t6, s5, t5
core   0: 3 0x80008470 (0x41eadfb3) x31 0x0007ffe7
core   0: 0x80008474 (0x03eedeb3) divu    t4, t4, t5
core   0: 3 0x80008474 (0x03eedeb3) x29 0x00000000
core   0: 0x80008478 (0xbeecaf97) auipc   t6, 0xbeeca
core   0: 3 0x80008478 (0xbeecaf97) x31 0x3eed2478
core   0: 0x8000847c (0x01c8acb3) slt     s9, a7, t3
core   0: 3 0x8000847c (0x01c8acb3) x25 0x00000000
core   0: 0x80008480 (0x0011c533) xor     a0, gp, ra
core   0: 3 0x80008480 (0x0011c533) x10 0xf96c50f5
core   0: 0x80008484 (0x001be1b3) or      gp, s7, ra
core   0: 3 0x80008484 (0x001be1b3) x 3 0xffffffcd
core   0: 0x80008488 (0x3fa2f193) andi    gp, t0, 1018
core   0: 3 0x80008488 (0x3fa2f193) x 3 0x00000260
core   0: 0x8000848c (0x00000013) nop
core   0: 3 0x8000848c (0x00000013)
core   0: 0x80008490 (0x54467093) andi    ra, a2, 1348
core   0: 3 0x80008490 (0x54467093) x 1 0x00000004
core   0: 0x80008494 (0x008d83b3) add     t2, s11, s0
core   0: 3 0x80008494 (0x008d83b3) x 7 0xea7ffe16
core   0: 0x80008498 (0xa8d4cd93) xori    s11, s1, -1395
core   0: 3 0x80008498 (0xa8d4cd93) x27 0xfffffaf2
core   0: 0x8000849c (0x4198d6b3) sra     a3, a7, s9
core   0: 3 0x8000849c (0x4198d6b3) x13 0x00000000
core   0: 0x800084a0 (0x018a5913) srli    s2, s4, 24
core   0: 3 0x800084a0 (0x018a5913) x18 0x000000c0
core   0: 0x800084a4 (0xe022ac93) slti    s9, t0, -510
core   0: 3 0x800084a4 (0xe022ac93) x25 0x00000001
core   0: 0x800084a8 (0x02a561b3) rem     gp, a0, a0
core   0: 3 0x800084a8 (0x02a561b3) x 3 0x00000000
core   0: 0x800084ac (0x03c11033) mulh    zero, sp, t3
core   0: 3 0x800084ac (0x03c11033)
core   0: 0x800084b0 (0x01593d33) sltu    s10, s2, s5
core   0: 3 0x800084b0 (0x01593d33) x26 0x00000001
core   0: 0x800084b4 (0x0261b9b3) mulhu   s3, gp, t1
core   0: 3 0x800084b4 (0x0261b9b3) x19 0x00000000
core   0: 0x800084b8 (0x41755513) srai    a0, a0, 23
core   0: 3 0x800084b8 (0x41755513) x10 0xfffffff2
core   0: 0x800084bc (0x00c9b333) sltu    t1, s3, a2
core   0: 3 0x800084bc (0x00c9b333) x 6 0x00000001
core   0: 0x800084c0 (0x004d0733) add     a4, s10, tp
core   0: 3 0x800084c0 (0x004d0733) x14 0xfffffe01
core   0: 0x800084c4 (0x590b0a93) addi    s5, s6, 1424
core   0: 3 0x800084c4 (0x590b0a93) x21 0xfffffeae
core   0: 0x800084c8 (0x00000013) nop
core   0: 3 0x800084c8 (0x00000013)
core   0: 0x800084cc (0x37fcbe93) sltiu   t4, s9, 895
core   0: 3 0x800084cc (0x37fcbe93) x29 0x00000001
core   0: 0x800084d0 (0x0187bfb3) sltu    t6, a5, s8
core   0: 3 0x800084d0 (0x0187bfb3) x31 0x00000001
core   0: 0x800084d4 (0x016ca0b3) slt     ra, s9, s6
core   0: 3 0x800084d4 (0x016ca0b3) x 1 0x00000000
core   0: 0x800084d8 (0x0094cdb3) xor     s11, s1, s1
core   0: 3 0x800084d8 (0x0094cdb3) x27 0x00000000
core   0: 0x800084dc (0x02930cb3) mul     s9, t1, s1
core   0: 3 0x800084dc (0x02930cb3) x25 0x0000007f
core   0: 0x800084e0 (0xf0075ab7) lui     s5, 0xf0075
core   0: 3 0x800084e0 (0xf0075ab7) x21 0xf0075000
core   0: 0x800084e4 (0x03801433) mulh    s0, zero, s8
core   0: 3 0x800084e4 (0x03801433) x 8 0x00000000
core   0: 0x800084e8 (0x9ff72f13) slti    t5, a4, -1537
core   0: 3 0x800084e8 (0x9ff72f13) x30 0x00000000
core   0: 0x800084ec (0x09f28793) addi    a5, t0, 159
core   0: 3 0x800084ec (0x09f28793) x15 0x80014f03
core   0: 0x800084f0 (0xc23fa713) slti    a4, t6, -989
core   0: 3 0x800084f0 (0xc23fa713) x14 0x00000000
core   0: 0x800084f4 (0x02f36cb3) rem     s9, t1, a5
core   0: 3 0x800084f4 (0x02f36cb3) x25 0x00000001
core   0: 0x800084f8 (0x0240c8b3) div     a7, ra, tp
core   0: 3 0x800084f8 (0x0240c8b3) x17 0x00000000
core   0: 0x800084fc (0x036730b3) mulhu   ra, a4, s6
core   0: 3 0x800084fc (0x036730b3) x 1 0x00000000
core   0: 0x80008500 (0x00fdb533) sltu    a0, s11, a5
core   0: 3 0x80008500 (0x00fdb533) x10 0x00000001
core   0: 0x80008504 (0x01362233) slt     tp, a2, s3
core   0: 3 0x80008504 (0x01362233) x 4 0x00000001
core   0: 0x80008508 (0x03f95b33) divu    s6, s2, t6
core   0: 3 0x80008508 (0x03f95b33) x22 0x000000c0
core   0: 0x8000850c (0x400103b3) sub     t2, sp, zero
core   0: 3 0x8000850c (0x400103b3) x 7 0x00000008
core   0: 0x80008510 (0x037bac33) mulhsu  s8, s7, s7
core   0: 3 0x80008510 (0x037bac33) x24 0xff247d7e
core   0: 0x80008514 (0xbd880e93) addi    t4, a6, -1064
core   0: 3 0x80008514 (0xbd880e93) x29 0xfffffbd8
core   0: 0x80008518 (0x01be9193) slli    gp, t4, 27
core   0: 3 0x80008518 (0x01be9193) x 3 0xc0000000
core   0: 0x8000851c (0x025a6033) rem     zero, s4, t0
core   0: 3 0x8000851c (0x025a6033)
core   0: 0x80008520 (0x016018b3) sll     a7, zero, s6
core   0: 3 0x80008520 (0x016018b3) x17 0x00000000
core   0: 0x80008524 (0x01dfff33) and     t5, t6, t4
core   0: 3 0x80008524 (0x01dfff33) x30 0x00000000
core   0: 0x80008528 (0x0394f433) remu    s0, s1, s9
core   0: 3 0x80008528 (0x0394f433) x 8 0x00000000
core   0: 0x8000852c (0x40975633) sra     a2, a4, s1
core   0: 3 0x8000852c (0x40975633) x12 0x00000000
core   0: 0x80008530 (0x029c5433) divu    s0, s8, s1
core   0: 3 0x80008530 (0x029c5433) x 8 0x02024d96
core   0: 0x80008534 (0x033f6f33) rem     t5, t5, s3
core   0: 3 0x80008534 (0x033f6f33) x30 0x00000000
core   0: 0x80008538 (0x02cefdb3) remu    s11, t4, a2
core   0: 3 0x80008538 (0x02cefdb3) x27 0xfffffbd8
core   0: 0x8000853c (0x418507b3) sub     a5, a0, s8
core   0: 3 0x8000853c (0x418507b3) x15 0x00db8283
core   0: 0x80008540 (0x00cc1093) slli    ra, s8, 12
core   0: 3 0x80008540 (0x00cc1093) x 1 0x47d7e000
core   0: 0x80008544 (0x81ea3913) sltiu   s2, s4, -2018
core   0: 3 0x80008544 (0x81ea3913) x18 0x00000001
core   0: 0x80008548 (0x0363cbb3) div     s7, t2, s6
core   0: 3 0x80008548 (0x0363cbb3) x23 0x00000000
core   0: 0x8000854c (0x01425e93) srli    t4, tp, 20
core   0: 3 0x8000854c (0x01425e93) x29 0x00000000
core   0: 0x80008550 (0x0001aa33) slt     s4, gp, zero
core   0: 3 0x80008550 (0x0001aa33) x20 0x00000001
core   0: 0x80008554 (0x0286e033) rem     zero, a3, s0
core   0: 3 0x80008554 (0x0286e033)
core   0: 0x80008558 (0x039c2ab3) mulhsu  s5, s8, s9
core   0: 3 0x80008558 (0x039c2ab3) x21 0xffffffff
core   0: 0x8000855c (0x00dbe233) or      tp, s7, a3
core   0: 3 0x8000855c (0x00dbe233) x 4 0x00000000
core   0: 0x80008560 (0x03762233) mulhsu  tp, a2, s7
core   0: 3 0x80008560 (0x03762233) x 4 0x00000000
core   0: 0x80008564 (0x02fa50b3) divu    ra, s4, a5
core   0: 3 0x80008564 (0x02fa50b3) x 1 0x00000000
core   0: 0x80008568 (0x007f84b3) add     s1, t6, t2
core   0: 3 0x80008568 (0x007f84b3) x 9 0x00000009
core   0: 0x8000856c (0x02368cb3) mul     s9, a3, gp
core   0: 3 0x8000856c (0x02368cb3) x25 0x00000000
core   0: 0x80008570 (0x00e61f93) slli    t6, a2, 14
core   0: 3 0x80008570 (0x00e61f93) x31 0x00000000
core   0: 0x80008574 (0x00d32833) slt     a6, t1, a3
core   0: 3 0x80008574 (0x00d32833) x16 0x00000000
core   0: 0x80008578 (0x40255fb3) sra     t6, a0, sp
core   0: 3 0x80008578 (0x40255fb3) x31 0x00000000
core   0: 0x8000857c (0x400b5d13) srai    s10, s6, 0
core   0: 3 0x8000857c (0x400b5d13) x26 0x000000c0
core   0: 0x80008580 (0x032c4533) div     a0, s8, s2
core   0: 3 0x80008580 (0x032c4533) x10 0xff247d7e
core   0: 0x80008584 (0x03758233) mul     tp, a1, s7
core   0: 3 0x80008584 (0x03758233) x 4 0x00000000
core   0: 0x80008588 (0x302f0813) addi    a6, t5, 770
core   0: 3 0x80008588 (0x302f0813) x16 0x00000302
core   0: 0x8000858c (0x02d91f33) mulh    t5, s2, a3
core   0: 3 0x8000858c (0x02d91f33) x30 0x00000000
core   0: 0x80008590 (0x00937f33) and     t5, t1, s1
core   0: 3 0x80008590 (0x00937f33) x30 0x00000001
core   0: 0x80008594 (0x00c95033) srl     zero, s2, a2
core   0: 3 0x80008594 (0x00c95033)
core   0: 0x80008598 (0x00000013) nop
core   0: 3 0x80008598 (0x00000013)
core   0: 0x8000859c (0x038de233) rem     tp, s11, s8
core   0: 3 0x8000859c (0x038de233) x 4 0xfffffbd8
core   0: 0x800085a0 (0x00e65c33) srl     s8, a2, a4
core   0: 3 0x800085a0 (0x00e65c33) x24 0x00000000
core   0: 0x800085a4 (0x415083b3) sub     t2, ra, s5
core   0: 3 0x800085a4 (0x415083b3) x 7 0x00000001
core   0: 0x800085a8 (0x02cca933) mulhsu  s2, s9, a2
core   0: 3 0x800085a8 (0x02cca933) x18 0x00000000
core   0: 0x800085ac (0x033de9b3) rem     s3, s11, s3
core   0: 3 0x800085ac (0x033de9b3) x19 0xfffffbd8
core   0: 0x800085b0 (0x0059d413) srli    s0, s3, 5
core   0: 3 0x800085b0 (0x0059d413) x 8 0x07ffffde
core   0: 0x800085b4 (0x57dcf6b7) lui     a3, 0x57dcf
core   0: 3 0x800085b4 (0x57dcf6b7) x13 0x57dcf000
core   0: 0x800085b8 (0x41695893) srai    a7, s2, 22
core   0: 3 0x800085b8 (0x41695893) x17 0x00000000
core   0: 0x800085bc (0x4173dbb3) sra     s7, t2, s7
core   0: 3 0x800085bc (0x4173dbb3) x23 0x00000001
core   0: 0x800085c0 (0x020de833) rem     a6, s11, zero
core   0: 3 0x800085c0 (0x020de833) x16 0xfffffbd8
core   0: 0x800085c4 (0xf72f3713) sltiu   a4, t5, -142
core   0: 3 0x800085c4 (0xf72f3713) x14 0x00000001
core   0: 0x800085c8 (0x03e639b3) mulhu   s3, a2, t5
core   0: 3 0x800085c8 (0x03e639b3) x19 0x00000000
core   0: 0x800085cc (0x03fac6b3) div     a3, s5, t6
core   0: 3 0x800085cc (0x03fac6b3) x13 0xffffffff
core   0: 0x800085d0 (0x01595cb3) srl     s9, s2, s5
core   0: 3 0x800085d0 (0x01595cb3) x25 0x00000000
core   0: 0x800085d4 (0x00954433) xor     s0, a0, s1
core   0: 3 0x800085d4 (0x00954433) x 8 0xff247d77
core   0: 0x800085d8 (0x019bdd13) srli    s10, s7, 25
core   0: 3 0x800085d8 (0x019bdd13) x26 0x00000000
core   0: 0x800085dc (0x013b96b3) sll     a3, s7, s3
core   0: 3 0x800085dc (0x013b96b3) x13 0x00000001
core   0: 0x800085e0 (0x00e34fb3) xor     t6, t1, a4
core   0: 3 0x800085e0 (0x00e34fb3) x31 0x00000000
core   0: 0x800085e4 (0x00d5afb3) slt     t6, a1, a3
core   0: 3 0x800085e4 (0x00d5afb3) x31 0x00000001
core   0: 0x800085e8 (0x01e6ba33) sltu    s4, a3, t5
core   0: 3 0x800085e8 (0x01e6ba33) x20 0x00000000
core   0: 0x800085ec (0x8b4ba593) slti    a1, s7, -1868
core   0: 3 0x800085ec (0x8b4ba593) x11 0x00000000
core   0: 0x800085f0 (0x000e1033) sll     zero, t3, zero
core   0: 3 0x800085f0 (0x000e1033)
core   0: 0x800085f4 (0x38ec7f13) andi    t5, s8, 910
core   0: 3 0x800085f4 (0x38ec7f13) x30 0x00000000
core   0: 0x800085f8 (0x023c3eb3) mulhu   t4, s8, gp
core   0: 3 0x800085f8 (0x023c3eb3) x29 0x00000000
core   0: 0x800085fc (0x40f70b33) sub     s6, a4, a5
core   0: 3 0x800085fc (0x40f70b33) x22 0xff247d7e
core   0: 0x80008600 (0x0835ec97) auipc   s9, 0x835e
core   0: 3 0x80008600 (0x0835ec97) x25 0x88366600
core   0: 0x80008604 (0x0381cf33) div     t5, gp, s8
core   0: 3 0x80008604 (0x0381cf33) x30 0xffffffff
core   0: 0x80008608 (0x401bd693) srai    a3, s7, 1
core   0: 3 0x80008608 (0x401bd693) x13 0x00000000
core   0: 0x8000860c (0xf918b597) auipc   a1, 0xf918b
core   0: 3 0x8000860c (0xf918b597) x11 0x7919360c
core   0: 0x80008610 (0x01c0f9b3) and     s3, ra, t3
core   0: 3 0x80008610 (0x01c0f9b3) x19 0x00000000
core   0: 0x80008614 (0x009fccb3) xor     s9, t6, s1
core   0: 3 0x80008614 (0x009fccb3) x25 0x00000008
core   0: 0x80008618 (0x68772a93) slti    s5, a4, 1671
core   0: 3 0x80008618 (0x68772a93) x21 0x00000001
core   0: 0x8000861c (0x40e4d413) srai    s0, s1, 14
core   0: 3 0x8000861c (0x40e4d413) x 8 0x00000000
core   0: 0x80008620 (0x01e5d593) srli    a1, a1, 30
core   0: 3 0x80008620 (0x01e5d593) x11 0x00000001
core   0: 0x80008624 (0x0358efb3) rem     t6, a7, s5
core   0: 3 0x80008624 (0x0358efb3) x31 0x00000000
core   0: 0x80008628 (0x40e55f93) srai    t6, a0, 14
core   0: 3 0x80008628 (0x40e55f93) x31 0xfffffc91
core   0: 0x8000862c (0x03796a33) rem     s4, s2, s7
core   0: 3 0x8000862c (0x03796a33) x20 0x00000000
core   0: 0x80008630 (0x0159bcb3) sltu    s9, s3, s5
core   0: 3 0x80008630 (0x0159bcb3) x25 0x00000001
core   0: 0x80008634 (0x00000013) nop
core   0: 3 0x80008634 (0x00000013)
core   0: 0x80008638 (0x52bd8593) addi    a1, s11, 1323
core   0: 3 0x80008638 (0x52bd8593) x11 0x00000103
core   0: 0x8000863c (0x01fa33b3) sltu    t2, s4, t6
core   0: 3 0x8000863c (0x01fa33b3) x 7 0x00000001
core   0: 0x80008640 (0xfbddc393) xori    t2, s11, -67
core   0: 3 0x80008640 (0xfbddc393) x 7 0x00000465
core   0: 0x80008644 (0x014b5e93) srli    t4, s6, 20
core   0: 3 0x80008644 (0x014b5e93) x29 0x00000ff2
core   0: 0x80008648 (0x00fb9033) sll     zero, s7, a5
core   0: 3 0x80008648 (0x00fb9033)
core   0: 0x8000864c (0x5b9a7c93) andi    s9, s4, 1465
core   0: 3 0x8000864c (0x5b9a7c93) x25 0x00000000
core   0: 0x80008650 (0x0249e433) rem     s0, s3, tp
core   0: 3 0x80008650 (0x0249e433) x 8 0x00000000
core   0: 0x80008654 (0x00ce11b3) sll     gp, t3, a2
core   0: 3 0x80008654 (0x00ce11b3) x 3 0x80018ce4
core   0: 0x80008658 (0x69fdf313) andi    t1, s11, 1695
core   0: 3 0x80008658 (0x69fdf313) x 6 0x00000298
core   0: 0x8000865c (0x028a3f33) mulhu   t5, s4, s0
core   0: 3 0x8000865c (0x028a3f33) x30 0x00000000
core   0: 0x80008660 (0x00d2d333) srl     t1, t0, a3
core   0: 3 0x80008660 (0x00d2d333) x 6 0x80014e64
core   0: 0x80008664 (0x107ee493) ori     s1, t4, 263
core   0: 3 0x80008664 (0x107ee493) x 9 0x00000ff7
core   0: 0x80008668 (0xb1506d97) auipc   s11, 0xb1506
core   0: 3 0x80008668 (0xb1506d97) x27 0x3150e668
core   0: 0x8000866c (0x49282f97) auipc   t6, 0x49282
core   0: 3 0x8000866c (0x49282f97) x31 0xc928a66c
core   0: 0x80008670 (0x038f3533) mulhu   a0, t5, s8
core   0: 3 0x80008670 (0x038f3533) x10 0x00000000
core   0: 0x80008674 (0xf19ae817) auipc   a6, 0xf19ae
core   0: 3 0x80008674 (0xf19ae817) x16 0x719b6674
core   0: 0x80008678 (0x01c41b93) slli    s7, s0, 28
core   0: 3 0x80008678 (0x01c41b93) x23 0x00000000
core   0: 0x8000867c (0x03363833) mulhu   a6, a2, s3
core   0: 3 0x8000867c (0x03363833) x16 0x00000000
core   0: 0x80008680 (0x9d48c513) xori    a0, a7, -1580
core   0: 3 0x80008680 (0x9d48c513) x10 0xfffff9d4
core   0: 0x80008684 (0x0354b7b3) mulhu   a5, s1, s5
core   0: 3 0x80008684 (0x0354b7b3) x15 0x00000000
core   0: 0x80008688 (0x011595b3) sll     a1, a1, a7
core   0: 3 0x80008688 (0x011595b3) x11 0x00000103
core   0: 0x8000868c (0x7ade4897) auipc   a7, 0x7ade4
core   0: 3 0x8000868c (0x7ade4897) x17 0xfadec68c
core   0: 0x80008690 (0x64bdef13) ori     t5, s11, 1611
core   0: 3 0x80008690 (0x64bdef13) x30 0x3150e66b
core   0: 0x80008694 (0x0091fab3) and     s5, gp, s1
core   0: 3 0x80008694 (0x0091fab3) x21 0x00000ce4
core   0: 0x80008698 (0xb0507e93) andi    t4, zero, -1275
core   0: 3 0x80008698 (0xb0507e93) x29 0x00000000
core   0: 0x8000869c (0x7b283593) sltiu   a1, a6, 1970
core   0: 3 0x8000869c (0x7b283593) x11 0x00000001
core   0: 0x800086a0 (0xbc722a93) slti    s5, tp, -1081
core   0: 3 0x800086a0 (0xbc722a93) x21 0x00000000
core   0: 0x800086a4 (0xc39ff893) andi    a7, t6, -967
core   0: 3 0x800086a4 (0xc39ff893) x17 0xc928a428
core   0: 0x800086a8 (0xdd8afb93) andi    s7, s5, -552
core   0: 3 0x800086a8 (0xdd8afb93) x23 0x00000000
core   0: 0x800086ac (0x08174c97) auipc   s9, 0x8174
core   0: 3 0x800086ac (0x08174c97) x25 0x8817c6ac
core   0: 0x800086b0 (0xbac88a13) addi    s4, a7, -1108
core   0: 3 0x800086b0 (0xbac88a13) x20 0xc9289fd4
core   0: 0x800086b4 (0x0025c0b3) xor     ra, a1, sp
core   0: 3 0x800086b4 (0x0025c0b3) x 1 0x00000009
core   0: 0x800086b8 (0x408804b3) sub     s1, a6, s0
core   0: 3 0x800086b8 (0x408804b3) x 9 0x00000000
core   0: 0x800086bc (0xbc470613) addi    a2, a4, -1084
core   0: 3 0x800086bc (0xbc470613) x12 0xfffffbc5
core   0: 0x800086c0 (0x0061b433) sltu    s0, gp, t1
core   0: 3 0x800086c0 (0x0061b433) x 8 0x00000000
core   0: 0x800086c4 (0x0372deb3) divu    t4, t0, s7
core   0: 3 0x800086c4 (0x0372deb3) x29 0xffffffff
core   0: 0x800086c8 (0x40e9d393) srai    t2, s3, 14
core   0: 3 0x800086c8 (0x40e9d393) x 7 0x00000000
core   0: 0x800086cc (0x01d244b3) xor     s1, tp, t4
core   0: 3 0x800086cc (0x01d244b3) x 9 0x00000427
core   0: 0x800086d0 (0x00ed1433) sll     s0, s10, a4
core   0: 3 0x800086d0 (0x00ed1433) x 8 0x00000000
core   0: 0x800086d4 (0x018ecf33) xor     t5, t4, s8
core   0: 3 0x800086d4 (0x018ecf33) x30 0xffffffff
core   0: 0x800086d8 (0x039cc033) div     zero, s9, s9
core   0: 3 0x800086d8 (0x039cc033)
core   0: 0x800086dc (0x024be1b3) rem     gp, s7, tp
core   0: 3 0x800086dc (0x024be1b3) x 3 0x00000000
core   0: 0x800086e0 (0x40260cb3) sub     s9, a2, sp
core   0: 3 0x800086e0 (0x40260cb3) x25 0xfffffbbd
core   0: 0x800086e4 (0x02013ab3) mulhu   s5, sp, zero
core   0: 3 0x800086e4 (0x02013ab3) x21 0x00000000
core   0: 0x800086e8 (0x009647b3) xor     a5, a2, s1
core   0: 3 0x800086e8 (0x009647b3) x15 0xffffffe2
core   0: 0x800086ec (0x405ad5b3) sra     a1, s5, t0
core   0: 3 0x800086ec (0x405ad5b3) x11 0x00000000
core   0: 0x800086f0 (0x00d7dd13) srli    s10, a5, 13
core   0: 3 0x800086f0 (0x00d7dd13) x26 0x0007ffff
core   0: 0x800086f4 (0x03ea3733) mulhu   a4, s4, t5
core   0: 3 0x800086f4 (0x03ea3733) x14 0xc9289fd3
core   0: 0x800086f8 (0x00946633) or      a2, s0, s1
core   0: 3 0x800086f8 (0x00946633) x12 0x00000427
core   0: 0x800086fc (0x000503b3) add     t2, a0, zero
core   0: 3 0x800086fc (0x000503b3) x 7 0xfffff9d4
core   0: 0x80008700 (0x03f243b3) div     t2, tp, t6
core   0: 3 0x80008700 (0x03f243b3) x 7 0x00000000
core   0: 0x80008704 (0x00d221b3) slt     gp, tp, a3
core   0: 3 0x80008704 (0x00d221b3) x 3 0x00000001
core   0: 0x80008708 (0x00b156b3) srl     a3, sp, a1
core   0: 3 0x80008708 (0x00b156b3) x13 0x00000008
core   0: 0x8000870c (0x8b6dc0b7) lui     ra, 0x8b6dc
core   0: 3 0x8000870c (0x8b6dc0b7) x 1 0x8b6dc000
core   0: 0x80008710 (0x03a36ab3) rem     s5, t1, s10
core   0: 3 0x80008710 (0x03a36ab3) x21 0xfff93e65
core   0: 0x80008714 (0xd84be213) ori     tp, s7, -636
core   0: 3 0x80008714 (0xd84be213) x 4 0xfffffd84
core   0: 0x80008718 (0x00c56633) or      a2, a0, a2
core   0: 3 0x80008718 (0x00c56633) x12 0xfffffdf7
core   0: 0x8000871c (0x029f2933) mulhsu  s2, t5, s1
core   0: 3 0x8000871c (0x029f2933) x18 0xffffffff
core   0: 0x80008720 (0xe6882693) slti    a3, a6, -408
core   0: 3 0x80008720 (0xe6882693) x13 0x00000000
core   0: 0x80008724 (0x02729233) mulh    tp, t0, t2
core   0: 3 0x80008724 (0x02729233) x 4 0x00000000
core   0: 0x80008728 (0x02943c33) mulhu   s8, s0, s1
core   0: 3 0x80008728 (0x02943c33) x24 0x00000000
core   0: 0x8000872c (0xcff46613) ori     a2, s0, -769
core   0: 3 0x8000872c (0xcff46613) x12 0xfffffcff
core   0: 0x80008730 (0x03cb9533) mulh    a0, s7, t3
core   0: 3 0x80008730 (0x03cb9533) x10 0x00000000
core   0: 0x80008734 (0x03042b33) mulhsu  s6, s0, a6
core   0: 3 0x80008734 (0x03042b33) x22 0x00000000
core   0: 0x80008738 (0x00682033) slt     zero, a6, t1
core   0: 3 0x80008738 (0x00682033)
core   0: 0x8000873c (0x03062a33) mulhsu  s4, a2, a6
core   0: 3 0x8000873c (0x03062a33) x20 0x00000000
core   0: 0x80008740 (0x360c6e93) ori     t4, s8, 864
core   0: 3 0x80008740 (0x360c6e93) x29 0x00000360
core   0: 0x80008744 (0x9ad1a693) slti    a3, gp, -1619
core   0: 3 0x80008744 (0x9ad1a693) x13 0x00000000
core   0: 0x80008748 (0x01e027b3) slt     a5, zero, t5
core   0: 3 0x80008748 (0x01e027b3) x15 0x00000000
core   0: 0x8000874c (0x02fbdb33) divu    s6, s7, a5
core   0: 3 0x8000874c (0x02fbdb33) x22 0xffffffff
core   0: 0x80008750 (0x0e5df693) andi    a3, s11, 229
core   0: 3 0x80008750 (0x0e5df693) x13 0x00000060
core   0: 0x80008754 (0x17014a13) xori    s4, sp, 368
core   0: 3 0x80008754 (0x17014a13) x20 0x00000178
core   0: 0x80008758 (0x03acc533) div     a0, s9, s10
core   0: 3 0x80008758 (0x03acc533) x10 0x00000000
core   0: 0x8000875c (0x41880533) sub     a0, a6, s8
core   0: 3 0x8000875c (0x41880533) x10 0x00000000
core   0: 0x80008760 (0x00f3d7b3) srl     a5, t2, a5
core   0: 3 0x80008760 (0x00f3d7b3) x15 0x00000000
core   0: 0x80008764 (0x00235c13) srli    s8, t1, 2
core   0: 3 0x80008764 (0x00235c13) x24 0x20005399
core   0: 0x80008768 (0x01bc8eb3) add     t4, s9, s11
core   0: 3 0x80008768 (0x01bc8eb3) x29 0x3150e225
core   0: 0x8000876c (0x4002dcb3) sra     s9, t0, zero
core   0: 3 0x8000876c (0x4002dcb3) x25 0x80014e64
core   0: 0x80008770 (0x03c6ffb3) remu    t6, a3, t3
core   0: 3 0x80008770 (0x03c6ffb3) x31 0x00000060
core   0: 0x80008774 (0x1af3e193) ori     gp, t2, 431
core   0: 3 0x80008774 (0x1af3e193) x 3 0x000001af
core   0: 0x80008778 (0x45e57593) andi    a1, a0, 1118
core   0: 3 0x80008778 (0x45e57593) x11 0x00000000
core   0: 0x8000877c (0x01801613) slli    a2, zero, 24
core   0: 3 0x8000877c (0x01801613) x12 0x00000000
core   0: 0x80008780 (0x40ad8ab3) sub     s5, s11, a0
core   0: 3 0x80008780 (0x40ad8ab3) x21 0x3150e668
core   0: 0x80008784 (0x02abc633) div     a2, s7, a0
core   0: 3 0x80008784 (0x02abc633) x12 0xffffffff
core   0: 0x80008788 (0x028a3433) mulhu   s0, s4, s0
core   0: 3 0x80008788 (0x028a3433) x 8 0x00000000
core   0: 0x8000878c (0x204c2993) slti    s3, s8, 516
core   0: 3 0x8000878c (0x204c2993) x19 0x00000000
core   0: 0x80008790 (0xe5316693) ori     a3, sp, -429
core   0: 3 0x80008790 (0xe5316693) x13 0xfffffe5b
core   0: 0x80008794 (0x41d00733) sub     a4, zero, t4
core   0: 3 0x80008794 (0x41d00733) x14 0xceaf1ddb
core   0: 0x80008798 (0x036f0033) mul     zero, t5, s6
core   0: 3 0x80008798 (0x036f0033)
core   0: 0x8000879c (0x02a71c33) mulh    s8, a4, a0
core   0: 3 0x8000879c (0x02a71c33) x24 0x00000000
core   0: 0x800087a0 (0x00f8a633) slt     a2, a7, a5
core   0: 3 0x800087a0 (0x00f8a633) x12 0x00000001
core   0: 0x800087a4 (0x0175e3b3) or      t2, a1, s7
core   0: 3 0x800087a4 (0x0175e3b3) x 7 0x00000000
core   0: 0x800087a8 (0x41da0933) sub     s2, s4, t4
core   0: 3 0x800087a8 (0x41da0933) x18 0xceaf1f53
core   0: 0x800087ac (0x02bcacb3) mulhsu  s9, s9, a1
core   0: 3 0x800087ac (0x02bcacb3) x25 0x00000000
core   0: 0x800087b0 (0x0031a233) slt     tp, gp, gp
core   0: 3 0x800087b0 (0x0031a233) x 4 0x00000000
core   0: 0x800087b4 (0x03e42533) mulhsu  a0, s0, t5
core   0: 3 0x800087b4 (0x03e42533) x10 0x00000000
core   0: 0x800087b8 (0x03d375b3) remu    a1, t1, t4
core   0: 3 0x800087b8 (0x03d375b3) x11 0x1d5f8a1a
core   0: 0x800087bc (0x00000013) nop
core   0: 3 0x800087bc (0x00000013)
core   0: 0x800087c0 (0x0269aab3) mulhsu  s5, s3, t1
core   0: 3 0x800087c0 (0x0269aab3) x21 0x00000000
core   0: 0x800087c4 (0x024b47b3) div     a5, s6, tp
core   0: 3 0x800087c4 (0x024b47b3) x15 0xffffffff
core   0: 0x800087c8 (0x03b90eb3) mul     t4, s2, s11
core   0: 3 0x800087c8 (0x03b90eb3) x29 0xfa394bb8
core   0: 0x800087cc (0x57b82713) slti    a4, a6, 1403
core   0: 3 0x800087cc (0x57b82713) x14 0x00000001
core   0: 0x800087d0 (0x00ba9913) slli    s2, s5, 11
core   0: 3 0x800087d0 (0x00ba9913) x18 0x00000000
core   0: 0x800087d4 (0x03a9bdb3) mulhu   s11, s3, s10
core   0: 3 0x800087d4 (0x03a9bdb3) x27 0x00000000
core   0: 0x800087d8 (0xc2d9ea13) ori     s4, s3, -979
core   0: 3 0x800087d8 (0xc2d9ea13) x20 0xfffffc2d
core   0: 0x800087dc (0x40c8dd93) srai    s11, a7, 12
core   0: 3 0x800087dc (0x40c8dd93) x27 0xfffc928a
core   0: 0x800087e0 (0x03ad7233) remu    tp, s10, s10
core   0: 3 0x800087e0 (0x03ad7233) x 4 0x00000000
core   0: 0x800087e4 (0x00afd013) srli    zero, t6, 10
core   0: 3 0x800087e4 (0x00afd013)
core   0: 0x800087e8 (0x0396c633) div     a2, a3, s9
core   0: 3 0x800087e8 (0x0396c633) x12 0xffffffff
core   0: 0x800087ec (0x01e25593) srli    a1, tp, 30
core   0: 3 0x800087ec (0x01e25593) x11 0x00000000
core   0: 0x800087f0 (0x02c42a33) mulhsu  s4, s0, a2
core   0: 3 0x800087f0 (0x02c42a33) x20 0x00000000
core   0: 0x800087f4 (0x035c8033) mul     zero, s9, s5
core   0: 3 0x800087f4 (0x035c8033)
core   0: 0x800087f8 (0x017fdf33) srl     t5, t6, s7
core   0: 3 0x800087f8 (0x017fdf33) x30 0x00000060
core   0: 0x800087fc (0x84858f93) addi    t6, a1, -1976
core   0: 3 0x800087fc (0x84858f93) x31 0xfffff848
core   0: 0x80008800 (0x41718db3) sub     s11, gp, s7
core   0: 3 0x80008800 (0x41718db3) x27 0x000001af
core   0: 0x80008804 (0x03d78a33) mul     s4, a5, t4
core   0: 3 0x80008804 (0x03d78a33) x20 0x05c6b448
core   0: 0x80008808 (0x03149933) mulh    s2, s1, a7
core   0: 3 0x80008808 (0x03149933) x18 0xffffff1c
core   0: 0x8000880c (0x0136ebb3) or      s7, a3, s3
core   0: 3 0x8000880c (0x0136ebb3) x23 0xfffffe5b
core   0: 0x80008810 (0x41e55c13) srai    s8, a0, 30
core   0: 3 0x80008810 (0x41e55c13) x24 0x00000000
core   0: 0x80008814 (0x02f6a533) mulhsu  a0, a3, a5
core   0: 3 0x80008814 (0x02f6a533) x10 0xfffffe5b
core   0: 0x80008818 (0x144e3793) sltiu   a5, t3, 324
core   0: 3 0x80008818 (0x144e3793) x15 0x00000000
core   0: 0x8000881c (0x99abfa13) andi    s4, s7, -1638
core   0: 3 0x8000881c (0x99abfa13) x20 0xfffff81a
core   0: 0x80008820 (0xc7334013) xori    zero, t1, -909
core   0: 3 0x80008820 (0xc7334013)
core   0: 0x80008824 (0x01d1beb3) sltu    t4, gp, t4
core   0: 3 0x80008824 (0x01d1beb3) x29 0x00000001
core   0: 0x80008828 (0x00dd7bb3) and     s7, s10, a3
core   0: 3 0x80008828 (0x00dd7bb3) x23 0x0007fe5b
core   0: 0x8000882c (0x035f24b3) mulhsu  s1, t5, s5
core   0: 3 0x8000882c (0x035f24b3) x 9 0x00000000
core   0: 0x80008830 (0xb3ee0693) addi    a3, t3, -1218
core   0: 3 0x80008830 (0xb3ee0693) x13 0x80018822
core   0: 0x80008834 (0x00db9a13) slli    s4, s7, 13
core   0: 3 0x80008834 (0x00db9a13) x20 0xffcb6000
core   0: 0x80008838 (0x00000013) nop
core   0: 3 0x80008838 (0x00000013)
core   0: 0x8000883c (0xf04e8f13) addi    t5, t4, -252
core   0: 3 0x8000883c (0xf04e8f13) x30 0xffffff05
core   0: 0x80008840 (0x03ac2533) mulhsu  a0, s8, s10
core   0: 3 0x80008840 (0x03ac2533) x10 0x00000000
core   0: 0x80008844 (0x00000013) nop
core   0: 3 0x80008844 (0x00000013)
core   0: 0x80008848 (0x00787c33) and     s8, a6, t2
core   0: 3 0x80008848 (0x00787c33) x24 0x00000000
core   0: 0x8000884c (0x377c3913) sltiu   s2, s8, 887
core   0: 3 0x8000884c (0x377c3913) x18 0x00000001
core   0: 0x80008850 (0x405a0733) sub     a4, s4, t0
core   0: 3 0x80008850 (0x405a0733) x14 0x7fca119c
core   0: 0x80008854 (0x00f8ef33) or      t5, a7, a5
core   0: 3 0x80008854 (0x00f8ef33) x30 0xc928a428
core   0: 0x80008858 (0x00394f33) xor     t5, s2, gp
core   0: 3 0x80008858 (0x00394f33) x30 0x000001ae
core   0: 0x8000885c (0x03d799b3) mulh    s3, a5, t4
core   0: 3 0x8000885c (0x03d799b3) x19 0x00000000
core   0: 0x80008860 (0x034e5eb3) divu    t4, t3, s4
core   0: 3 0x80008860 (0x034e5eb3) x29 0x00000000
core   0: 0x80008864 (0x038e0ab3) mul     s5, t3, s8
core   0: 3 0x80008864 (0x038e0ab3) x21 0x00000000
core   0: 0x80008868 (0x0086d533) srl     a0, a3, s0
core   0: 3 0x80008868 (0x0086d533) x10 0x80018822
core   0: 0x8000886c (0x02e6f433) remu    s0, a3, a4
core   0: 3 0x8000886c (0x02e6f433) x 8 0x00377686
core   0: 0x80008870 (0x7736f913) andi    s2, a3, 1907
core   0: 3 0x80008870 (0x7736f913) x18 0x00000022
core   0: 0x80008874 (0x011751b3) srl     gp, a4, a7
core   0: 3 0x80008874 (0x011751b3) x 3 0x007fca11
core   0: 0x80008878 (0x03a12eb3) mulhsu  t4, sp, s10
core   0: 3 0x80008878 (0x03a12eb3) x29 0x00000000
core   0: 0x8000887c (0x7ff03013) sltiu   zero, zero, 2047
core   0: 3 0x8000887c (0x7ff03013)
core   0: 0x80008880 (0x6285eb93) ori     s7, a1, 1576
core   0: 3 0x80008880 (0x6285eb93) x23 0x00000628
core   0: 0x80008884 (0x02364f33) div     t5, a2, gp
core   0: 3 0x80008884 (0x02364f33) x30 0x00000000
core   0: 0x80008888 (0x019160b3) or      ra, sp, s9
core   0: 3 0x80008888 (0x019160b3) x 1 0x00000008
core   0: 0x8000888c (0x0b9dfe97) auipc   t4, 0xb9df
core   0: 3 0x8000888c (0x0b9dfe97) x29 0x8b9e788c
core   0: 0x80008890 (0x008a9db3) sll     s11, s5, s0
core   0: 3 0x80008890 (0x008a9db3) x27 0x00000000
core   0: 0x80008894 (0x41720b33) sub     s6, tp, s7
core   0: 3 0x80008894 (0x41720b33) x22 0xfffff9d8
core   0: 0x80008898 (0x002339b3) sltu    s3, t1, sp
core   0: 3 0x80008898 (0x002339b3) x19 0x00000000
core   0: 0x8000889c (0x034dd333) divu    t1, s11, s4
core   0: 3 0x8000889c (0x034dd333) x 6 0x00000000
core   0: 0x800088a0 (0x02886b33) rem     s6, a6, s0
core   0: 3 0x800088a0 (0x02886b33) x22 0x00000000
core   0: 0x800088a4 (0x035ad633) divu    a2, s5, s5
core   0: 3 0x800088a4 (0x035ad633) x12 0xffffffff
core   0: 0x800088a8 (0x408287b3) sub     a5, t0, s0
core   0: 3 0x800088a8 (0x408287b3) x15 0x7fc9d7de
core   0: 0x800088ac (0x029ba3b3) mulhsu  t2, s7, s1
core   0: 3 0x800088ac (0x029ba3b3) x 7 0x00000000
core   0: 0x800088b0 (0x24850213) addi    tp, a0, 584
core   0: 3 0x800088b0 (0x24850213) x 4 0x80018a6a
core   0: 0x800088b4 (0xa8708a13) addi    s4, ra, -1401
core   0: 3 0x800088b4 (0xa8708a13) x20 0xfffffa8f
core   0: 0x800088b8 (0x0163cfb3) xor     t6, t2, s6
core   0: 3 0x800088b8 (0x0163cfb3) x31 0x00000000
core   0: 0x800088bc (0x01b80833) add     a6, a6, s11
core   0: 3 0x800088bc (0x01b80833) x16 0x00000000
core   0: 0x800088c0 (0x41200633) sub     a2, zero, s2
core   0: 3 0x800088c0 (0x41200633) x12 0xffffffde
core   0: 0x800088c4 (0x02580433) mul     s0, a6, t0
core   0: 3 0x800088c4 (0x02580433) x 8 0x00000000
core   0: 0x800088c8 (0xa59dec93) ori     s9, s11, -1447
core   0: 3 0x800088c8 (0xa59dec93) x25 0xfffffa59
core   0: 0x800088cc (0x005c9cb3) sll     s9, s9, t0
core   0: 3 0x800088cc (0x005c9cb3) x25 0xffffa590
core   0: 0x800088d0 (0x03544333) div     t1, s0, s5
core   0: 3 0x800088d0 (0x03544333) x 6 0xffffffff
core   0: 0x800088d4 (0x022dab33) mulhsu  s6, s11, sp
core   0: 3 0x800088d4 (0x022dab33) x22 0x00000000
core   0: 0x800088d8 (0x0286f933) remu    s2, a3, s0
core   0: 3 0x800088d8 (0x0286f933) x18 0x80018822
core   0: 0x800088dc (0x03cf97b3) mulh    a5, t6, t3
core   0: 3 0x800088dc (0x03cf97b3) x15 0x00000000
core   0: 0x800088e0 (0x033016b3) mulh    a3, zero, s3
core   0: 3 0x800088e0 (0x033016b3) x13 0x00000000
core   0: 0x800088e4 (0x4189dcb3) sra     s9, s3, s8
core   0: 3 0x800088e4 (0x4189dcb3) x25 0x00000000
core   0: 0x800088e8 (0x01f995b3) sll     a1, s3, t6
core   0: 3 0x800088e8 (0x01f995b3) x11 0x00000000
core   0: 0x800088ec (0x01205e93) srli    t4, zero, 18
core   0: 3 0x800088ec (0x01205e93) x29 0x00000000
core   0: 0x800088f0 (0x1a2b8993) addi    s3, s7, 418
core   0: 3 0x800088f0 (0x1a2b8993) x19 0x000007ca
core   0: 0x800088f4 (0x035717b3) mulh    a5, a4, s5
core   0: 3 0x800088f4 (0x035717b3) x15 0x00000000
core   0: 0x800088f8 (0x03ab8ab3) mul     s5, s7, s10
core   0: 3 0x800088f8 (0x03ab8ab3) x21 0x313ff9d8
core   0: 0x800088fc (0x00bacdb3) xor     s11, s5, a1
core   0: 3 0x800088fc (0x00bacdb3) x27 0x313ff9d8
core   0: 0x80008900 (0x7c3ce913) ori     s2, s9, 1987
core   0: 3 0x80008900 (0x7c3ce913) x18 0x000007c3
core   0: 0x80008904 (0x02d3ec33) rem     s8, t2, a3
core   0: 3 0x80008904 (0x02d3ec33) x24 0x00000000
core   0: 0x80008908 (0x415806b3) sub     a3, a6, s5
core   0: 3 0x80008908 (0x415806b3) x13 0xcec00628
core   0: 0x8000890c (0x01cf1793) slli    a5, t5, 28
core   0: 3 0x8000890c (0x01cf1793) x15 0x00000000
core   0: 0x80008910 (0x02e5af33) mulhsu  t5, a1, a4
core   0: 3 0x80008910 (0x02e5af33) x30 0x00000000
core   0: 0x80008914 (0x00fc49b3) xor     s3, s8, a5
core   0: 3 0x80008914 (0x00fc49b3) x19 0x00000000
core   0: 0x80008918 (0x01efb3b3) sltu    t2, t6, t5
core   0: 3 0x80008918 (0x01efb3b3) x 7 0x00000000
core   0: 0x8000891c (0x0282c933) div     s2, t0, s0
core   0: 3 0x8000891c (0x0282c933) x18 0xffffffff
core   0: 0x80008920 (0x00854a33) xor     s4, a0, s0
core   0: 3 0x80008920 (0x00854a33) x20 0x80018822
core   0: 0x80008924 (0x03b16fb3) rem     t6, sp, s11
core   0: 3 0x80008924 (0x03b16fb3) x31 0x00000008
core   0: 0x80008928 (0xed9daf37) lui     t5, 0xed9da
core   0: 3 0x80008928 (0xed9daf37) x30 0xed9da000
core   0: 0x8000892c (0xa75eeb93) ori     s7, t4, -1419
core   0: 3 0x8000892c (0xa75eeb93) x23 0xfffffa75
core   0: 0x80008930 (0x03ca34b3) mulhu   s1, s4, t3
core   0: 3 0x80008930 (0x03ca34b3) x 9 0x40018a85
core   0: 0x80008934 (0x00d08833) add     a6, ra, a3
core   0: 3 0x80008934 (0x00d08833) x16 0xcec00630
core   0: 0x80008938 (0x02a44db3) div     s11, s0, a0
core   0: 3 0x80008938 (0x02a44db3) x27 0x00000000
core   0: 0x8000893c (0xdc211017) auipc   zero, 0xdc211
core   0: 3 0x8000893c (0xdc211017)
core   0: 0x80008940 (0x009d6533) or      a0, s10, s1
core   0: 3 0x80008940 (0x009d6533) x10 0x4007ffff
core   0: 0x80008944 (0x035813b3) mulh    t2, a6, s5
core   0: 3 0x80008944 (0x035813b3) x 7 0xf686725f
core   0: 0x80008948 (0x01475093) srli    ra, a4, 20
core   0: 3 0x80008948 (0x01475093) x 1 0x000007fc
core   0: 0x8000894c (0x016a6633) or      a2, s4, s6
core   0: 3 0x8000894c (0x016a6633) x12 0x80018822
core   0: 0x80008950 (0x41fcd233) sra     tp, s9, t6
core   0: 3 0x80008950 (0x41fcd233) x 4 0x00000000
core   0: 0x80008954 (0x013e9593) slli    a1, t4, 19
core   0: 3 0x80008954 (0x013e9593) x11 0x00000000
core   0: 0x80008958 (0x01501fb3) sll     t6, zero, s5
core   0: 3 0x80008958 (0x01501fb3) x31 0x00000000
core   0: 0x8000895c (0x03c6a333) mulhsu  t1, a3, t3
core   0: 3 0x8000895c (0x03c6a333) x 6 0xe75fb6b9
core   0: 0x80008960 (0x17a28013) addi    zero, t0, 378
core   0: 3 0x80008960 (0x17a28013)
core   0: 0x80008964 (0x41675893) srai    a7, a4, 22
core   0: 3 0x80008964 (0x41675893) x17 0x000001ff
core   0: 0x80008968 (0x02059cb3) mulh    s9, a1, zero
core   0: 3 0x80008968 (0x02059cb3) x25 0x00000000
core   0: 0x8000896c (0xb4b4c937) lui     s2, 0xb4b4c
core   0: 3 0x8000896c (0xb4b4c937) x18 0xb4b4c000
core   0: 0x80008970 (0xfc368f13) addi    t5, a3, -61
core   0: 3 0x80008970 (0xfc368f13) x30 0xcec005eb
core   0: 0x80008974 (0x000353b3) srl     t2, t1, zero
core   0: 3 0x80008974 (0x000353b3) x 7 0xe75fb6b9
core   0: 0x80008978 (0x01bf2333) slt     t1, t5, s11
core   0: 3 0x80008978 (0x01bf2333) x 6 0x00000001
core   0: 0x8000897c (0x0d5d7b13) andi    s6, s10, 213
core   0: 3 0x8000897c (0x0d5d7b13) x22 0x000000d5
core   0: 0x80008980 (0x80f3d637) lui     a2, 0x80f3d
core   0: 3 0x80008980 (0x80f3d637) x12 0x80f3d000
core   0: 0x80008984 (0x01511ab3) sll     s5, sp, s5
core   0: 3 0x80008984 (0x01511ab3) x21 0x08000000
core   0: 0x80008988 (0x4010d993) srai    s3, ra, 1
core   0: 3 0x80008988 (0x4010d993) x19 0x000003fe
core   0: 0x8000898c (0x01c16f33) or      t5, sp, t3
core   0: 3 0x8000898c (0x01c16f33) x30 0x80018cec
core   0: 0x80008990 (0x45123013) sltiu   zero, tp, 1105
core   0: 3 0x80008990 (0x45123013)
core   0: 0x80008994 (0x0224d433) divu    s0, s1, sp
core   0: 3 0x80008994 (0x0224d433) x 8 0x08003150
core   0: 0x80008998 (0x030a1933) mulh    s2, s4, a6
core   0: 3 0x80008998 (0x030a1933) x18 0x189fb177
core   0: 0x8000899c (0x698d0613) addi    a2, s10, 1688
core   0: 3 0x8000899c (0x698d0613) x12 0x00080697
core   0: 0x800089a0 (0x89e0e493) ori     s1, ra, -1890
core   0: 3 0x800089a0 (0x89e0e493) x 9 0xfffffffe
core   0: 0x800089a4 (0x001080b3) add     ra, ra, ra
core   0: 3 0x800089a4 (0x001080b3) x 1 0x00000ff8
core   0: 0x800089a8 (0x021d1233) mulh    tp, s10, ra
core   0: 3 0x800089a8 (0x021d1233) x 4 0x00000000
core   0: 0x800089ac (0x03d42033) mulhsu  zero, s0, t4
core   0: 3 0x800089ac (0x03d42033)
core   0: 0x800089b0 (0x0279aab3) mulhsu  s5, s3, t2
core   0: 3 0x800089b0 (0x0279aab3) x21 0x0000039b
core   0: 0x800089b4 (0x41dc8233) sub     tp, s9, t4
core   0: 3 0x800089b4 (0x41dc8233) x 4 0x00000000
core   0: 0x800089b8 (0x03a947b3) div     a5, s2, s10
core   0: 3 0x800089b8 (0x03a947b3) x15 0x00000313
core   0: 0x800089bc (0x01feb433) sltu    s0, t4, t6
core   0: 3 0x800089bc (0x01feb433) x 8 0x00000000
core   0: 0x800089c0 (0x01357933) and     s2, a0, s3
core   0: 3 0x800089c0 (0x01357933) x18 0x000003fe
core   0: 0x800089c4 (0x01d91993) slli    s3, s2, 29
core   0: 3 0x800089c4 (0x01d91993) x19 0xc0000000
core   0: 0x800089c8 (0x027d2d33) mulhsu  s10, s10, t2
core   0: 3 0x800089c8 (0x027d2d33) x26 0x00073afc
core   0: 0x800089cc (0x018a1693) slli    a3, s4, 24
core   0: 3 0x800089cc (0x018a1693) x13 0x22000000
core   0: 0x800089d0 (0x411f51b3) sra     gp, t5, a7
core   0: 3 0x800089d0 (0x411f51b3) x 3 0xffffffff
core   0: 0x800089d4 (0xee7e9497) auipc   s1, 0xee7e9
core   0: 3 0x800089d4 (0xee7e9497) x 9 0x6e7f19d4
core   0: 0x800089d8 (0x018a3eb3) sltu    t4, s4, s8
core   0: 3 0x800089d8 (0x018a3eb3) x29 0x00000000
core   0: 0x800089dc (0x01810c33) add     s8, sp, s8
core   0: 3 0x800089dc (0x01810c33) x24 0x00000008
core   0: 0x800089e0 (0x025638b3) mulhu   a7, a2, t0
core   0: 3 0x800089e0 (0x025638b3) x17 0x00040355
core   0: 0x800089e4 (0x41fad033) sra     zero, s5, t6
core   0: 3 0x800089e4 (0x41fad033)
core   0: 0x800089e8 (0x1ca1f513) andi    a0, gp, 458
core   0: 3 0x800089e8 (0x1ca1f513) x10 0x000001ca
core   0: 0x800089ec (0x002a7db3) and     s11, s4, sp
core   0: 3 0x800089ec (0x002a7db3) x27 0x00000000
core   0: 0x800089f0 (0x02dfbb33) mulhu   s6, t6, a3
core   0: 3 0x800089f0 (0x02dfbb33) x22 0x00000000
core   0: 0x800089f4 (0x313d0093) addi    ra, s10, 787
core   0: 3 0x800089f4 (0x313d0093) x 1 0x00073e0f
core   0: 0x800089f8 (0x0208ef33) rem     t5, a7, zero
core   0: 3 0x800089f8 (0x0208ef33) x30 0x00040355
core   0: 0x800089fc (0x02de6eb3) rem     t4, t3, a3
core   0: 3 0x800089fc (0x02de6eb3) x29 0xe6018ce4
core   0: 0x80008a00 (0x016668b3) or      a7, a2, s6
core   0: 3 0x80008a00 (0x016668b3) x17 0x00080697
core   0: 0x80008a04 (0xa695ed93) ori     s11, a1, -1431
core   0: 3 0x80008a04 (0xa695ed93) x27 0xfffffa69
core   0: 0x80008a08 (0x03ef37b3) mulhu   a5, t5, t5
core   0: 3 0x80008a08 (0x03ef37b3) x15 0x00000010
core   0: 0x80008a0c (0x41d85093) srai    ra, a6, 29
core   0: 3 0x80008a0c (0x41d85093) x 1 0xfffffffe
core   0: 0x80008a10 (0x03f887b3) mul     a5, a7, t6
core   0: 3 0x80008a10 (0x03f887b3) x15 0x00000000
core   0: 0x80008a14 (0x025c8933) mul     s2, s9, t0
core   0: 3 0x80008a14 (0x025c8933) x18 0x00000000
core   0: 0x80008a18 (0x03abdcb3) divu    s9, s7, s10
core   0: 3 0x80008a18 (0x03abdcb3) x25 0x00002367
core   0: 0x80008a1c (0x003198b3) sll     a7, gp, gp
core   0: 3 0x80008a1c (0x003198b3) x17 0x80000000
core   0: 0x80008a20 (0x0325f5b3) remu    a1, a1, s2
core   0: 3 0x80008a20 (0x0325f5b3) x11 0x00000000
core   0: 0x80008a24 (0x00661eb3) sll     t4, a2, t1
core   0: 3 0x80008a24 (0x00661eb3) x29 0x00100d2e
core   0: 0x80008a28 (0x403dda93) srai    s5, s11, 3
core   0: 3 0x80008a28 (0x403dda93) x21 0xffffff4d
core   0: 0x80008a2c (0x0119fcb3) and     s9, s3, a7
core   0: 3 0x80008a2c (0x0119fcb3) x25 0x80000000
core   0: 0x80008a30 (0x03cde5b3) rem     a1, s11, t3
core   0: 3 0x80008a30 (0x03cde5b3) x11 0xfffffa69
core   0: 0x80008a34 (0x4e1e4c13) xori    s8, t3, 1249
core   0: 3 0x80008a34 (0x4e1e4c13) x24 0x80018805
core   0: 0x80008a38 (0xcb039537) lui     a0, 0xcb039
core   0: 3 0x80008a38 (0xcb039537) x10 0xcb039000
core   0: 0x80008a3c (0x01489eb3) sll     t4, a7, s4
core   0: 3 0x80008a3c (0x01489eb3) x29 0x00000000
core   0: 0x80008a40 (0x0292dc33) divu    s8, t0, s1
core   0: 3 0x80008a40 (0x0292dc33) x24 0x00000001
core   0: 0x80008a44 (0x028fc9b3) div     s3, t6, s0
core   0: 3 0x80008a44 (0x028fc9b3) x19 0xffffffff
core   0: 0x80008a48 (0x12bc4597) auipc   a1, 0x12bc4
core   0: 3 0x80008a48 (0x12bc4597) x11 0x92bcca48
core   0: 0x80008a4c (0x039eb333) mulhu   t1, t4, s9
core   0: 3 0x80008a4c (0x039eb333) x 6 0x00000000
core   0: 0x80008a50 (0x03766a33) rem     s4, a2, s7
core   0: 3 0x80008a50 (0x03766a33) x20 0x000003b1
core   0: 0x80008a54 (0x017c4c33) xor     s8, s8, s7
core   0: 3 0x80008a54 (0x017c4c33) x24 0xfffffa74
core   0: 0x80008a58 (0x00000013) nop
core   0: 3 0x80008a58 (0x00000013)
core   0: 0x80008a5c (0x41c70d33) sub     s10, a4, t3
core   0: 3 0x80008a5c (0x41c70d33) x26 0xffc884b8
core   0: 0x80008a60 (0x00f6a6b3) slt     a3, a3, a5
core   0: 3 0x80008a60 (0x00f6a6b3) x13 0x00000000
core   0: 0x80008a64 (0x025c0433) mul     s0, s8, t0
core   0: 3 0x80008a64 (0x025c0433) x 8 0xf8c12d50
core   0: 0x80008a68 (0x004ec533) xor     a0, t4, tp
core   0: 3 0x80008a68 (0x004ec533) x10 0x00000000
core   0: 0x80008a6c (0x008508b3) add     a7, a0, s0
core   0: 3 0x80008a6c (0x008508b3) x17 0xf8c12d50
core   0: 0x80008a70 (0x8eeb24b7) lui     s1, 0x8eeb2
core   0: 3 0x80008a70 (0x8eeb24b7) x 9 0x8eeb2000
core   0: 0x80008a74 (0x7a784393) xori    t2, a6, 1959
core   0: 3 0x80008a74 (0x7a784393) x 7 0xcec00197
core   0: 0x80008a78 (0x00386ab3) or      s5, a6, gp
core   0: 3 0x80008a78 (0x00386ab3) x21 0xffffffff
core   0: 0x80008a7c (0x419883b3) sub     t2, a7, s9
core   0: 3 0x80008a7c (0x419883b3) x 7 0x78c12d50
core   0: 0x80008a80 (0x00c21a13) slli    s4, tp, 12
core   0: 3 0x80008a80 (0x00c21a13) x20 0x00000000
core   0: 0x80008a84 (0x03643033) mulhu   zero, s0, s6
core   0: 3 0x80008a84 (0x03643033)
core   0: 0x80008a88 (0xf0cc7c97) auipc   s9, 0xf0cc7
core   0: 3 0x80008a88 (0xf0cc7c97) x25 0x70ccfa88
core   0: 0x80008a8c (0x01419213) slli    tp, gp, 20
core   0: 3 0x80008a8c (0x01419213) x 4 0xfff00000
core   0: 0x80008a90 (0x02d55eb3) divu    t4, a0, a3
core   0: 3 0x80008a90 (0x02d55eb3) x29 0xffffffff
core   0: 0x80008a94 (0xf5cd6e93) ori     t4, s10, -164
core   0: 3 0x80008a94 (0xf5cd6e93) x29 0xfffffffc
core   0: 0x80008a98 (0xa62c7f13) andi    t5, s8, -1438
core   0: 3 0x80008a98 (0xa62c7f13) x30 0xfffffa60
core   0: 0x80008a9c (0x03290ab3) mul     s5, s2, s2
core   0: 3 0x80008a9c (0x03290ab3) x21 0x00000000
core   0: 0x80008aa0 (0x037c0a33) mul     s4, s8, s7
core   0: 3 0x80008aa0 (0x037c0a33) x20 0x001ebf04
core   0: 0x80008aa4 (0x01140bb3) add     s7, s0, a7
core   0: 3 0x80008aa4 (0x01140bb3) x23 0xf1825aa0
core   0: 0x80008aa8 (0xd764af93) slti    t6, s1, -650
core   0: 3 0x80008aa8 (0xd764af93) x31 0x00000001
core   0: 0x80008aac (0x254b8693) addi    a3, s7, 596
core   0: 3 0x80008aac (0x254b8693) x13 0xf1825cf4
core   0: 0x80008ab0 (0x67501f97) auipc   t6, 0x67501
core   0: 3 0x80008ab0 (0x67501f97) x31 0xe7509ab0
core   0: 0x80008ab4 (0xcb798093) addi    ra, s3, -841
core   0: 3 0x80008ab4 (0xcb798093) x 1 0xfffffcb6
core   0: 0x80008ab8 (0x462ec697) auipc   a3, 0x462ec
core   0: 3 0x80008ab8 (0x462ec697) x13 0xc62f4ab8
core   0: 0x80008abc (0x02ac5933) divu    s2, s8, a0
core   0: 3 0x80008abc (0x02ac5933) x18 0xffffffff
core   0: 0x80008ac0 (0x02022eb3) mulhsu  t4, tp, zero
core   0: 3 0x80008ac0 (0x02022eb3) x29 0x00000000
core   0: 0x80008ac4 (0x00144c33) xor     s8, s0, ra
core   0: 3 0x80008ac4 (0x00144c33) x24 0x073ed1e6
core   0: 0x80008ac8 (0x53333b37) lui     s6, 0x53333
core   0: 3 0x80008ac8 (0x53333b37) x22 0x53333000
core   0: 0x80008acc (0x0215ecb3) rem     s9, a1, ra
core   0: 3 0x80008acc (0x0215ecb3) x25 0xfffffe1e
core   0: 0x80008ad0 (0x0371fb33) remu    s6, gp, s7
core   0: 3 0x80008ad0 (0x0371fb33) x22 0x0e7da55f
core   0: 0x80008ad4 (0x265d4513) xori    a0, s10, 613
core   0: 3 0x80008ad4 (0x265d4513) x10 0xffc886dd
core   0: 0x80008ad8 (0x000ceeb3) or      t4, s9, zero
core   0: 3 0x80008ad8 (0x000ceeb3) x29 0xfffffe1e
core   0: 0x80008adc (0x0365bdb3) mulhu   s11, a1, s6
core   0: 3 0x80008adc (0x0365bdb3) x27 0x084e5808
core   0: 0x80008ae0 (0xa9930517) auipc   a0, 0xa9930
core   0: 3 0x80008ae0 (0xa9930517) x10 0x29938ae0
core   0: 0x80008ae4 (0x4151d333) sra     t1, gp, s5
core   0: 3 0x80008ae4 (0x4151d333) x 6 0xffffffff
core   0: 0x80008ae8 (0x0298b7b3) mulhu   a5, a7, s1
core   0: 3 0x80008ae8 (0x0298b7b3) x15 0x8adf9f8f
core   0: 0x80008aec (0xa7257213) andi    tp, a0, -1422
core   0: 3 0x80008aec (0xa7257213) x 4 0x29938a60
core   0: 0x80008af0 (0x00ac4cb3) xor     s9, s8, a0
core   0: 3 0x80008af0 (0x00ac4cb3) x25 0x2ead5b06
core   0: 0x80008af4 (0x01c186b3) add     a3, gp, t3
core   0: 3 0x80008af4 (0x01c186b3) x13 0x80018ce3
core   0: 0x80008af8 (0x02d146b3) div     a3, sp, a3
core   0: 3 0x80008af8 (0x02d146b3) x13 0x00000000
core   0: 0x80008afc (0x419ddc93) srai    s9, s11, 25
core   0: 3 0x80008afc (0x419ddc93) x25 0x00000004
core   0: 0x80008b00 (0x03b849b3) div     s3, a6, s11
core   0: 3 0x80008b00 (0x03b849b3) x19 0xfffffffb
core   0: 0x80008b04 (0x02016fb3) rem     t6, sp, zero
core   0: 3 0x80008b04 (0x02016fb3) x31 0x00000008
core   0: 0x80008b08 (0x01068fb3) add     t6, a3, a6
core   0: 3 0x80008b08 (0x01068fb3) x31 0xcec00630
core   0: 0x80008b0c (0x0325a3b3) mulhsu  t2, a1, s2
core   0: 3 0x80008b0c (0x0325a3b3) x 7 0x92bcca48
core   0: 0x80008b10 (0x00214b33) xor     s6, sp, sp
core   0: 3 0x80008b10 (0x00214b33) x22 0x00000000
core   0: 0x80008b14 (0x002ba333) slt     t1, s7, sp
core   0: 3 0x80008b14 (0x002ba333) x 6 0x00000001
core   0: 0x80008b18 (0x94e02793) slti    a5, zero, -1714
core   0: 3 0x80008b18 (0x94e02793) x15 0x00000000
core   0: 0x80008b1c (0x03065bb3) divu    s7, a2, a6
core   0: 3 0x80008b1c (0x03065bb3) x23 0x00000000
core   0: 0x80008b20 (0x006fa333) slt     t1, t6, t1
core   0: 3 0x80008b20 (0x006fa333) x 6 0x00000001
core   0: 0x80008b24 (0xbecb7093) andi    ra, s6, -1044
core   0: 3 0x80008b24 (0xbecb7093) x 1 0x00000000
core   0: 0x80008b28 (0x02c1cab3) div     s5, gp, a2
core   0: 3 0x80008b28 (0x02c1cab3) x21 0x00000000
core   0: 0x80008b2c (0x00d35633) srl     a2, t1, a3
core   0: 3 0x80008b2c (0x00d35633) x12 0x00000001
core   0: 0x80008b30 (0x02d70a33) mul     s4, a4, a3
core   0: 3 0x80008b30 (0x02d70a33) x20 0x00000000
core   0: 0x80008b34 (0x409cdcb3) sra     s9, s9, s1
core   0: 3 0x80008b34 (0x409cdcb3) x25 0x00000004
core   0: 0x80008b38 (0x02e0abb3) mulhsu  s7, ra, a4
core   0: 3 0x80008b38 (0x02e0abb3) x23 0x00000000
core   0: 0x80008b3c (0x1eea0f13) addi    t5, s4, 494
core   0: 3 0x80008b3c (0x1eea0f13) x30 0x000001ee
core   0: 0x80008b40 (0x02906bb3) rem     s7, zero, s1
core   0: 3 0x80008b40 (0x02906bb3) x23 0x00000000
core   0: 0x80008b44 (0x177a8d13) addi    s10, s5, 375
core   0: 3 0x80008b44 (0x177a8d13) x26 0x00000177
core   0: 0x80008b48 (0xb77e6937) lui     s2, 0xb77e6
core   0: 3 0x80008b48 (0xb77e6937) x18 0xb77e6000
core   0: 0x80008b4c (0x031067b3) rem     a5, zero, a7
core   0: 3 0x80008b4c (0x031067b3) x15 0x00000000
core   0: 0x80008b50 (0x40b503b3) sub     t2, a0, a1
core   0: 3 0x80008b50 (0x40b503b3) x 7 0x96d6c098
core   0: 0x80008b54 (0x02f2e833) rem     a6, t0, a5
core   0: 3 0x80008b54 (0x02f2e833) x16 0x80014e64
core   0: 0x80008b58 (0x00000013) nop
core   0: 3 0x80008b58 (0x00000013)
core   0: 0x80008b5c (0x0042db13) srli    s6, t0, 4
core   0: 3 0x80008b5c (0x0042db13) x22 0x080014e6
core   0: 0x80008b60 (0x0067d533) srl     a0, a5, t1
core   0: 3 0x80008b60 (0x0067d533) x10 0x00000000
core   0: 0x80008b64 (0x4f634393) xori    t2, t1, 1270
core   0: 3 0x80008b64 (0x4f634393) x 7 0x000004f7
core   0: 0x80008b68 (0x01cb18b3) sll     a7, s6, t3
core   0: 3 0x80008b68 (0x01cb18b3) x17 0x80014e60
core   0: 0x80008b6c (0x01a51313) slli    t1, a0, 26
core   0: 3 0x80008b6c (0x01a51313) x 6 0x00000000
core   0: 0x80008b70 (0x01405c93) srli    s9, zero, 20
core   0: 3 0x80008b70 (0x01405c93) x25 0x00000000
core   0: 0x80008b74 (0xebd02713) slti    a4, zero, -323
core   0: 3 0x80008b74 (0xebd02713) x14 0x00000000
core   0: 0x80008b78 (0x02c9f3b3) remu    t2, s3, a2
core   0: 3 0x80008b78 (0x02c9f3b3) x 7 0x00000000
core   0: 0x80008b7c (0x00bb9f13) slli    t5, s7, 11
core   0: 3 0x80008b7c (0x00bb9f13) x30 0x00000000
core   0: 0x80008b80 (0x027e79b3) remu    s3, t3, t2
core   0: 3 0x80008b80 (0x027e79b3) x19 0x80018ce4
core   0: 0x80008b84 (0x00000013) nop
core   0: 3 0x80008b84 (0x00000013)
core   0: 0x80008b88 (0x00000013) nop
core   0: 3 0x80008b88 (0x00000013)
core   0: 0x80008b8c (0x033d8b33) mul     s6, s11, s3
core   0: 3 0x80008b8c (0x033d8b33) x22 0x95f2c720
core   0: 0x80008b90 (0x8c19bd93) sltiu   s11, s3, -1855
core   0: 3 0x80008b90 (0x8c19bd93) x27 0x00000001
core   0: 0x80008b94 (0x025fe933) rem     s2, t6, t0
core   0: 3 0x80008b94 (0x025fe933) x18 0xcec00630
core   0: 0x80008b98 (0x67513513) sltiu   a0, sp, 1653
core   0: 3 0x80008b98 (0x67513513) x10 0x00000001
core   0: 0x80008b9c (0x00000013) nop
core   0: 3 0x80008b9c (0x00000013)
core   0: 0x80008ba0 (0x29381517) auipc   a0, 0x29381
core   0: 3 0x80008ba0 (0x29381517) x10 0xa9389ba0
core   0: 0x80008ba4 (0x00f3b733) sltu    a4, t2, a5
core   0: 3 0x80008ba4 (0x00f3b733) x14 0x00000000
core   0: 0x80008ba8 (0x835d8a93) addi    s5, s11, -1995
core   0: 3 0x80008ba8 (0x835d8a93) x21 0xfffff836
core   0: 0x80008bac (0x58491237) lui     tp, 0x58491
core   0: 3 0x80008bac (0x58491237) x 4 0x58491000
core   0: 0x80008bb0 (0x036437b3) mulhu   a5, s0, s6
core   0: 3 0x80008bb0 (0x036437b3) x15 0x91b45779
core   0: 0x80008bb4 (0x89033c93) sltiu   s9, t1, -1904
core   0: 3 0x80008bb4 (0x89033c93) x25 0x00000001
core   0: 0x80008bb8 (0xf0d24437) lui     s0, 0xf0d24
core   0: 3 0x80008bb8 (0xf0d24437) x 8 0xf0d24000
core   0: 0x80008bbc (0x40bed033) sra     zero, t4, a1
core   0: 3 0x80008bbc (0x40bed033)
core   0: 0x80008bc0 (0x40e38733) sub     a4, t2, a4
core   0: 3 0x80008bc0 (0x40e38733) x14 0x00000000
core   0: 0x80008bc4 (0x02a2b7b3) mulhu   a5, t0, a0
core   0: 3 0x80008bc4 (0x02a2b7b3) x15 0x549d2ad9
core   0: 0x80008bc8 (0x00c357b3) srl     a5, t1, a2
core   0: 3 0x80008bc8 (0x00c357b3) x15 0x00000000
core   0: 0x80008bcc (0xcdd2ca93) xori    s5, t0, -803
core   0: 3 0x80008bcc (0xcdd2ca93) x21 0x7ffeb2b9
core   0: 0x80008bd0 (0x026a60b3) rem     ra, s4, t1
core   0: 3 0x80008bd0 (0x026a60b3) x 1 0x00000000
core   0: 0x80008bd4 (0x0355bab3) mulhu   s5, a1, s5
core   0: 3 0x80008bd4 (0x0355bab3) x21 0x495da61b
core   0: 0x80008bd8 (0x401ed193) srai    gp, t4, 1
core   0: 3 0x80008bd8 (0x401ed193) x 3 0xffffff0f
core   0: 0x80008bdc (0x00f9c833) xor     a6, s3, a5
core   0: 3 0x80008bdc (0x00f9c833) x16 0x80018ce4
core   0: 0x80008be0 (0x00000013) nop
core   0: 3 0x80008be0 (0x00000013)
core   0: 0x80008be4 (0x2eaf8193) addi    gp, t6, 746
core   0: 3 0x80008be4 (0x2eaf8193) x 3 0xcec0091a
core   0: 0x80008be8 (0x00c9c9b3) xor     s3, s3, a2
core   0: 3 0x80008be8 (0x00c9c9b3) x19 0x80018ce5
core   0: 0x80008bec (0x037b7bb3) remu    s7, s6, s7
core   0: 3 0x80008bec (0x037b7bb3) x23 0x95f2c720
core   0: 0x80008bf0 (0x0003c233) xor     tp, t2, zero
core   0: 3 0x80008bf0 (0x0003c233) x 4 0x00000000
core   0: 0x80008bf4 (0x0037d933) srl     s2, a5, gp
core   0: 3 0x80008bf4 (0x0037d933) x18 0x00000000
core   0: 0x80008bf8 (0x03e275b3) remu    a1, tp, t5
core   0: 3 0x80008bf8 (0x03e275b3) x11 0x00000000
core   0: 0x80008bfc (0x01b73433) sltu    s0, a4, s11
core   0: 3 0x80008bfc (0x01b73433) x 8 0x00000001
core   0: 0x80008c00 (0x0027a3b3) slt     t2, a5, sp
core   0: 3 0x80008c00 (0x0027a3b3) x 7 0x00000001
core   0: 0x80008c04 (0xc6b2c193) xori    gp, t0, -917
core   0: 3 0x80008c04 (0xc6b2c193) x 3 0x7ffeb20f
core   0: 0x80008c08 (0x003e7ab3) and     s5, t3, gp
core   0: 3 0x80008c08 (0x003e7ab3) x21 0x00008004
core   0: 0x80008c0c (0x02a22833) mulhsu  a6, tp, a0
core   0: 3 0x80008c0c (0x02a22833) x16 0x00000000
core   0: 0x80008c10 (0x51023937) lui     s2, 0x51023
core   0: 3 0x80008c10 (0x51023937) x18 0x51023000
core   0: 0x80008c14 (0x0117bfb3) sltu    t6, a5, a7
core   0: 3 0x80008c14 (0x0117bfb3) x31 0x00000001
core   0: 0x80008c18 (0x032df4b3) remu    s1, s11, s2
core   0: 3 0x80008c18 (0x032df4b3) x 9 0x00000001
core   0: 0x80008c1c (0x03d411b3) mulh    gp, s0, t4
core   0: 3 0x80008c1c (0x03d411b3) x 3 0xffffffff
core   0: 0x80008c20 (0x01a7f933) and     s2, a5, s10
core   0: 3 0x80008c20 (0x01a7f933) x18 0x00000000
core   0: 0x80008c24 (0x0028a6b3) slt     a3, a7, sp
core   0: 3 0x80008c24 (0x0028a6b3) x13 0x00000001
core   0: 0x80008c28 (0x4047d493) srai    s1, a5, 4
core   0: 3 0x80008c28 (0x4047d493) x 9 0x00000000
core   0: 0x80008c2c (0x33fcb197) auipc   gp, 0x33fcb
core   0: 3 0x80008c2c (0x33fcb197) x 3 0xb3fd3c2c
core   0: 0x80008c30 (0x03ac1b33) mulh    s6, s8, s10
core   0: 3 0x80008c30 (0x03ac1b33) x22 0x0000000a
core   0: 0x80008c34 (0x0056a5b3) slt     a1, a3, t0
core   0: 3 0x80008c34 (0x0056a5b3) x11 0x00000000
core   0: 0x80008c38 (0x2f1a3d93) sltiu   s11, s4, 753
core   0: 3 0x80008c38 (0x2f1a3d93) x27 0x00000001
core   0: 0x80008c3c (0x00000013) nop
core   0: 3 0x80008c3c (0x00000013)
core   0: 0x80008c40 (0x01e9f3b3) and     t2, s3, t5
core   0: 3 0x80008c40 (0x01e9f3b3) x 7 0x00000000
core   0: 0x80008c44 (0x01151733) sll     a4, a0, a7
core   0: 3 0x80008c44 (0x01151733) x14 0xa9389ba0
core   0: 0x80008c48 (0x0289bf33) mulhu   t5, s3, s0
core   0: 3 0x80008c48 (0x0289bf33) x30 0x00000000
core   0: 0x80008c4c (0x87d2e737) lui     a4, 0x87d2e
core   0: 3 0x80008c4c (0x87d2e737) x14 0x87d2e000
core   0: 0x80008c50 (0x02daac33) mulhsu  s8, s5, a3
core   0: 3 0x80008c50 (0x02daac33) x24 0x00000000
core   0: 0x80008c54 (0x004ecdb3) xor     s11, t4, tp
core   0: 3 0x80008c54 (0x004ecdb3) x27 0xfffffe1e
core   0: 0x80008c58 (0x0be84913) xori    s2, a6, 190
core   0: 3 0x80008c58 (0x0be84913) x18 0x000000be
core   0: 0x80008c5c (0x4cb08513) addi    a0, ra, 1227
core   0: 3 0x80008c5c (0x4cb08513) x10 0x000004cb
core   0: 0x80008c60 (0x01afd493) srli    s1, t6, 26
core   0: 3 0x80008c60 (0x01afd493) x 9 0x00000000
core   0: 0x80008c64 (0x02429c33) mulh    s8, t0, tp
core   0: 3 0x80008c64 (0x02429c33) x24 0x00000000
core   0: 0x80008c68 (0x035ed8b3) divu    a7, t4, s5
core   0: 3 0x80008c68 (0x035ed8b3) x17 0x0001ffef
core   0: 0x80008c6c (0x03d6ccb3) div     s9, a3, t4
core   0: 3 0x80008c6c (0x03d6ccb3) x25 0x00000000
core   0: 0x80008c70 (0x00a7a3b3) slt     t2, a5, a0
core   0: 3 0x80008c70 (0x00a7a3b3) x 7 0x00000001
core   0: 0x80008c74 (0x02b03cb3) mulhu   s9, zero, a1
core   0: 3 0x80008c74 (0x02b03cb3) x25 0x00000000
core   0: 0x80008c78 (0xb3162697) auipc   a3, 0xb3162
core   0: 3 0x80008c78 (0xb3162697) x13 0x3316ac78
core   0: 0x80008c7c (0x40a05333) sra     t1, zero, a0
core   0: 3 0x80008c7c (0x40a05333) x 6 0x00000000
core   0: 0x80008c80 (0x0118b033) sltu    zero, a7, a7
core   0: 3 0x80008c80 (0x0118b033)
core   0: 0x80008c84 (0x01b8b833) sltu    a6, a7, s11
core   0: 3 0x80008c84 (0x01b8b833) x16 0x00000001
core   0: 0x80008c88 (0x0074b8b3) sltu    a7, s1, t2
core   0: 3 0x80008c88 (0x0074b8b3) x17 0x00000001
core   0: 0x80008c8c (0x407e55b3) sra     a1, t3, t2
core   0: 3 0x80008c8c (0x407e55b3) x11 0xc000c672
core   0: 0x80008c90 (0x03e071b3) remu    gp, zero, t5
core   0: 3 0x80008c90 (0x03e071b3) x 3 0x00000000
core   0: 0x80008c94 (0x409656b3) sra     a3, a2, s1
core   0: 3 0x80008c94 (0x409656b3) x13 0x00000001
core   0: 0x80008c98 (0xd7ede313) ori     t1, s11, -642
core   0: 3 0x80008c98 (0xd7ede313) x 6 0xffffff7e
core   0: 0x80008c9c (0x00455f33) srl     t5, a0, tp
core   0: 3 0x80008c9c (0x00455f33) x30 0x000004cb
core   0: 0x80008ca0 (0x98ffbd13) sltiu   s10, t6, -1649
core   0: 3 0x80008ca0 (0x98ffbd13) x26 0x00000001
core   0: 0x80008ca4 (0x4162db13) srai    s6, t0, 22
core   0: 3 0x80008ca4 (0x4162db13) x22 0xfffffe00
core   0: 0x80008ca8 (0x01e09a33) sll     s4, ra, t5
core   0: 3 0x80008ca8 (0x01e09a33) x20 0x00000000
core   0: 0x80008cac (0x004b0833) add     a6, s6, tp
core   0: 3 0x80008cac (0x004b0833) x16 0xfffffe00
core   0: 0x80008cb0 (0x0065b1b3) sltu    gp, a1, t1
core   0: 3 0x80008cb0 (0x0065b1b3) x 3 0x00000001
core   0: 0x80008cb4 (0x40ef8ab3) sub     s5, t6, a4
core   0: 3 0x80008cb4 (0x40ef8ab3) x21 0x782d2001
core   0: 0x80008cb8 (0xa5223013) sltiu   zero, tp, -1454
core   0: 3 0x80008cb8 (0xa5223013)
core   0: 0x80008cbc (0x03560433) mul     s0, a2, s5
core   0: 3 0x80008cbc (0x03560433) x 8 0x782d2001
core   0: 0x80008cc0 (0x02d7ab33) mulhsu  s6, a5, a3
core   0: 3 0x80008cc0 (0x02d7ab33) x22 0x00000000
core   0: 0x80008cc4 (0x039775b3) remu    a1, a4, s9
core   0: 3 0x80008cc4 (0x039775b3) x11 0x87d2e000
core   0: 0x80008cc8 (0x4909ed13) ori     s10, s3, 1168
core   0: 3 0x80008cc8 (0x4909ed13) x26 0x80018cf5
core   0: 0x80008ccc (0x011d0333) add     t1, s10, a7
core   0: 3 0x80008ccc (0x011d0333) x 6 0x80018cf6
core   0: 0x80008cd0 (0x414c5433) sra     s0, s8, s4
core   0: 3 0x80008cd0 (0x414c5433) x 8 0x00000000
core   0: 0x80008cd4 (0x40b5dd93) srai    s11, a1, 11
core   0: 3 0x80008cd4 (0x40b5dd93) x27 0xfff0fa5c
core   0: 0x80008cd8 (0x04262f13) slti    t5, a2, 66
core   0: 3 0x80008cd8 (0x04262f13) x30 0x00000001
core   0: 0x80008cdc (0x00460d33) add     s10, a2, tp
core   0: 3 0x80008cdc (0x00460d33) x26 0x00000001
core   0: 0x80008ce0 (0xb0fd6e93) ori     t4, s10, -1265
core   0: 3 0x80008ce0 (0xb0fd6e93) x29 0xfffffb0f
core   0: 0x80008ce4 (0x937dcc13) xori    s8, s11, -1737
core   0: 3 0x80008ce4 (0x937dcc13) x24 0x000f036b
core   0: 0x80008ce8 (0x025e5233) divu    tp, t3, t0
core   0: 3 0x80008ce8 (0x025e5233) x 4 0x00000001
core   0: 0x80008cec (0xf35d2b13) slti    s6, s10, -203
core   0: 3 0x80008cec (0xf35d2b13) x22 0x00000000
core   0: 0x80008cf0 (0x4278ec13) ori     s8, a7, 1063
core   0: 3 0x80008cf0 (0x4278ec13) x24 0x00000427
core   0: 0x80008cf4 (0x004e5193) srli    gp, t3, 4
core   0: 3 0x80008cf4 (0x004e5193) x 3 0x080018ce
core   0: 0x80008cf8 (0x01c70d33) add     s10, a4, t3
core   0: 3 0x80008cf8 (0x01c70d33) x26 0x07d46ce4
core   0: 0x80008cfc (0x00b9e033) or      zero, s3, a1
core   0: 3 0x80008cfc (0x00b9e033)
core   0: 0x80008d00 (0x00d6d413) srli    s0, a3, 13
core   0: 3 0x80008d00 (0x00d6d413) x 8 0x00000000
core   0: 0x80008d04 (0x02d663b3) rem     t2, a2, a3
core   0: 3 0x80008d04 (0x02d663b3) x 7 0x00000000
core   0: 0x80008d08 (0x0261ee93) ori     t4, gp, 38
core   0: 3 0x80008d08 (0x0261ee93) x29 0x080018ee
core   0: 0x80008d0c (0x0170bcb3) sltu    s9, ra, s7
core   0: 3 0x80008d0c (0x0170bcb3) x25 0x00000001
core   0: 0x80008d10 (0x01963233) sltu    tp, a2, s9
core   0: 3 0x80008d10 (0x01963233) x 4 0x00000000
core   0: 0x80008d14 (0x025be9b3) rem     s3, s7, t0
core   0: 3 0x80008d14 (0x025be9b3) x19 0x95f2c720
core   0: 0x80008d18 (0x026be0b3) rem     ra, s7, t1
core   0: 3 0x80008d18 (0x026be0b3) x 1 0x95f2c720
core   0: 0x80008d1c (0x01f21a13) slli    s4, tp, 31
core   0: 3 0x80008d1c (0x01f21a13) x20 0x00000000
core   0: 0x80008d20 (0x02365833) divu    a6, a2, gp
core   0: 3 0x80008d20 (0x02365833) x16 0x00000000
core   0: 0x80008d24 (0x02fdd533) divu    a0, s11, a5
core   0: 3 0x80008d24 (0x02fdd533) x10 0xffffffff
core   0: 0x80008d28 (0x41acdb93) srai    s7, s9, 26
core   0: 3 0x80008d28 (0x41acdb93) x23 0x00000000
core   0: 0x80008d2c (0x020a2533) mulhsu  a0, s4, zero
core   0: 3 0x80008d2c (0x020a2533) x10 0x00000000
core   0: 0x80008d30 (0x00757f33) and     t5, a0, t2
core   0: 3 0x80008d30 (0x00757f33) x30 0x00000000
core   0: 0x80008d34 (0x008f1693) slli    a3, t5, 8
core   0: 3 0x80008d34 (0x008f1693) x13 0x00000000
core   0: 0x80008d38 (0x015c9433) sll     s0, s9, s5
core   0: 3 0x80008d38 (0x015c9433) x 8 0x00000002
core   0: 0x80008d3c (0x026ccfb3) div     t6, s9, t1
core   0: 3 0x80008d3c (0x026ccfb3) x31 0x00000000
core   0: 0x80008d40 (0x2646cd97) auipc   s11, 0x2646c
core   0: 3 0x80008d40 (0x2646cd97) x27 0xa6474d40
core   0: 0x80008d44 (0x025e90b3) mulh    ra, t4, t0
core   0: 3 0x80008d44 (0x025e90b3) x 1 0xfbfffdfc
core   0: 0x80008d48 (0x023d7f33) remu    t5, s10, gp
core   0: 3 0x80008d48 (0x023d7f33) x30 0x07d46ce4
core   0: 0x80008d4c (0x022a1db3) mulh    s11, s4, sp
core   0: 3 0x80008d4c (0x022a1db3) x27 0x00000000
core   0: 0x80008d50 (0x016f85b3) add     a1, t6, s6
core   0: 3 0x80008d50 (0x016f85b3) x11 0x00000000
core   0: 0x80008d54 (0x6fb34c37) lui     s8, 0x6fb34
core   0: 3 0x80008d54 (0x6fb34c37) x24 0x6fb34000
core   0: 0x80008d58 (0x0044e533) or      a0, s1, tp
core   0: 3 0x80008d58 (0x0044e533) x10 0x00000000
core   0: 0x80008d5c (0x6c493e93) sltiu   t4, s2, 1732
core   0: 3 0x80008d5c (0x6c493e93) x29 0x00000001
core   0: 0x80008d60 (0x00b4f9b3) and     s3, s1, a1
core   0: 3 0x80008d60 (0x00b4f9b3) x19 0x00000000
core   0: 0x80008d64 (0x000e5fb3) srl     t6, t3, zero
core   0: 3 0x80008d64 (0x000e5fb3) x31 0x80018ce4
core   0: 0x80008d68 (0x01c003b3) add     t2, zero, t3
core   0: 3 0x80008d68 (0x01c003b3) x 7 0x80018ce4
core   0: 0x80008d6c (0x0019a3b3) slt     t2, s3, ra
core   0: 3 0x80008d6c (0x0019a3b3) x 7 0x00000000
core   0: 0x80008d70 (0x02238bb3) mul     s7, t2, sp
core   0: 3 0x80008d70 (0x02238bb3) x23 0x00000000
core   0: 0x80008d74 (0x404105b3) sub     a1, sp, tp
core   0: 3 0x80008d74 (0x404105b3) x11 0x00000008
core   0: 0x80008d78 (0x4e1b6b93) ori     s7, s6, 1249
core   0: 3 0x80008d78 (0x4e1b6b93) x23 0x000004e1
core   0: 0x80008d7c (0xfa845d17) auipc   s10, 0xfa845
core   0: 3 0x80008d7c (0xfa845d17) x26 0x7a84dd7c
core   0: 0x80008d80 (0xfd1c4813) xori    a6, s8, -47
core   0: 3 0x80008d80 (0xfd1c4813) x16 0x904cbfd1
core   0: 0x80008d84 (0x01b1d913) srli    s2, gp, 27
core   0: 3 0x80008d84 (0x01b1d913) x18 0x00000001
core   0: 0x80008d88 (0x02f170b3) remu    ra, sp, a5
core   0: 3 0x80008d88 (0x02f170b3) x 1 0x00000008
core   0: 0x80008d8c (0x403ec013) xori    zero, t4, 1027
core   0: 3 0x80008d8c (0x403ec013)
core   0: 0x80008d90 (0x004296b3) sll     a3, t0, tp
core   0: 3 0x80008d90 (0x004296b3) x13 0x80014e64
core   0: 0x80008d94 (0x012fdf93) srli    t6, t6, 18
core   0: 3 0x80008d94 (0x012fdf93) x31 0x00002000
core   0: 0x80008d98 (0x01282733) slt     a4, a6, s2
core   0: 3 0x80008d98 (0x01282733) x14 0x00000001
core   0: 0x80008d9c (0x02745d33) divu    s10, s0, t2
core   0: 3 0x80008d9c (0x02745d33) x26 0xffffffff
core   0: 0x80008da0 (0x039b5b33) divu    s6, s6, s9
core   0: 3 0x80008da0 (0x039b5b33) x22 0x00000000
core   0: 0x80008da4 (0x20aa7413) andi    s0, s4, 522
core   0: 3 0x80008da4 (0x20aa7413) x 8 0x00000000
core   0: 0x80008da8 (0x036453b3) divu    t2, s0, s6
core   0: 3 0x80008da8 (0x036453b3) x 7 0xffffffff
core   0: 0x80008dac (0x03b4bd33) mulhu   s10, s1, s11
core   0: 3 0x80008dac (0x03b4bd33) x26 0x00000000
core   0: 0x80008db0 (0x41d95213) srai    tp, s2, 29
core   0: 3 0x80008db0 (0x41d95213) x 4 0x00000000
core   0: 0x80008db4 (0x1c6b3c13) sltiu   s8, s6, 454
core   0: 3 0x80008db4 (0x1c6b3c13) x24 0x00000001
core   0: 0x80008db8 (0x04443a37) lui     s4, 0x4443
core   0: 3 0x80008db8 (0x04443a37) x20 0x04443000
core   0: 0x80008dbc (0x41435533) sra     a0, t1, s4
core   0: 3 0x80008dbc (0x41435533) x10 0x80018cf6
core   0: 0x80008dc0 (0x02f35233) divu    tp, t1, a5
core   0: 3 0x80008dc0 (0x02f35233) x 4 0xffffffff
core   0: 0x80008dc4 (0x00000013) nop
core   0: 3 0x80008dc4 (0x00000013)
core   0: 0x80008dc8 (0x01775313) srli    t1, a4, 23
core   0: 3 0x80008dc8 (0x01775313) x 6 0x00000000
core   0: 0x80008dcc (0x41f0dc33) sra     s8, ra, t6
core   0: 3 0x80008dcc (0x41f0dc33) x24 0x00000008
core   0: 0x80008dd0 (0xa8d1a9b7) lui     s3, 0xa8d1a
core   0: 3 0x80008dd0 (0xa8d1a9b7) x19 0xa8d1a000
core   0: 0x80008dd4 (0x00454033) xor     zero, a0, tp
core   0: 3 0x80008dd4 (0x00454033)
core   0: 0x80008dd8 (0x033017b3) mulh    a5, zero, s3
core   0: 3 0x80008dd8 (0x033017b3) x15 0x00000000
core   0: 0x80008ddc (0x018add93) srli    s11, s5, 24
core   0: 3 0x80008ddc (0x018add93) x27 0x00000078
core   0: 0x80008de0 (0x40a68fb3) sub     t6, a3, a0
core   0: 3 0x80008de0 (0x40a68fb3) x31 0xffffc16e
core   0: 0x80008de4 (0x003cb1b3) sltu    gp, s9, gp
core   0: 3 0x80008de4 (0x003cb1b3) x 3 0x00000001
core   0: 0x80008de8 (0x107b8413) addi    s0, s7, 263
core   0: 3 0x80008de8 (0x107b8413) x 8 0x000005e8
core   0: 0x80008dec (0x01874f33) xor     t5, a4, s8
core   0: 3 0x80008dec (0x01874f33) x30 0x00000009
core   0: 0x80008df0 (0xb14c4313) xori    t1, s8, -1260
core   0: 3 0x80008df0 (0xb14c4313) x 6 0xfffffb1c
core   0: 0x80008df4 (0x03287fb3) remu    t6, a6, s2
core   0: 3 0x80008df4 (0x03287fb3) x31 0x00000000
core   0: 0x80008df8 (0xef86a3b7) lui     t2, 0xef86a
core   0: 3 0x80008df8 (0xef86a3b7) x 7 0xef86a000
core   0: 0x80008dfc (0x0117d013) srli    zero, a5, 17
core   0: 3 0x80008dfc (0x0117d013)
core   0: 0x80008e00 (0x35a1cb13) xori    s6, gp, 858
core   0: 3 0x80008e00 (0x35a1cb13) x22 0x0000035b
core   0: 0x80008e04 (0xef175f37) lui     t5, 0xef175
core   0: 3 0x80008e04 (0xef175f37) x30 0xef175000
core   0: 0x80008e08 (0x418284b3) sub     s1, t0, s8
core   0: 3 0x80008e08 (0x418284b3) x 9 0x80014e5c
core   0: 0x80008e0c (0x00225f13) srli    t5, tp, 2
core   0: 3 0x80008e0c (0x00225f13) x30 0x3fffffff
core   0: 0x80008e10 (0x00000013) nop
core   0: 3 0x80008e10 (0x00000013)
core   0: 0x80008e14 (0x81edf0b7) lui     ra, 0x81edf
core   0: 3 0x80008e14 (0x81edf0b7) x 1 0x81edf000
core   0: 0x80008e18 (0x59665c37) lui     s8, 0x59665
core   0: 3 0x80008e18 (0x59665c37) x24 0x59665000
core   0: 0x80008e1c (0x4043dc13) srai    s8, t2, 4
core   0: 3 0x80008e1c (0x4043dc13) x24 0xfef86a00
core   0: 0x80008e20 (0x00761233) sll     tp, a2, t2
core   0: 3 0x80008e20 (0x00761233) x 4 0x00000001
core   0: 0x80008e24 (0x01b9cfb3) xor     t6, s3, s11
core   0: 3 0x80008e24 (0x01b9cfb3) x31 0xa8d1a078
core   0: 0x80008e28 (0x85a88c13) addi    s8, a7, -1958
core   0: 3 0x80008e28 (0x85a88c13) x24 0xfffff85b
core   0: 0x80008e2c (0x01c2d713) srli    a4, t0, 28
core   0: 3 0x80008e2c (0x01c2d713) x14 0x00000008
core   0: 0x80008e30 (0x04840e93) addi    t4, s0, 72
core   0: 3 0x80008e30 (0x04840e93) x29 0x00000630
core   0: 0x80008e34 (0x01752933) slt     s2, a0, s7
core   0: 3 0x80008e34 (0x01752933) x18 0x00000001
core   0: 0x80008e38 (0x40f286b3) sub     a3, t0, a5
core   0: 3 0x80008e38 (0x40f286b3) x13 0x80014e64
core   0: 0x80008e3c (0x03de5db3) divu    s11, t3, t4
core   0: 3 0x80008e3c (0x03de5db3) x27 0x0014b016
core   0: 0x80008e40 (0x418b5f13) srai    t5, s6, 24
core   0: 3 0x80008e40 (0x418b5f13) x30 0x00000000
core   0: 0x80008e44 (0x0287b233) mulhu   tp, a5, s0
core   0: 3 0x80008e44 (0x0287b233) x 4 0x00000000
core   0: 0x80008e48 (0x1a3d7413) andi    s0, s10, 419
core   0: 3 0x80008e48 (0x1a3d7413) x 8 0x00000000
core   0: 0x80008e4c (0x031865b3) rem     a1, a6, a7
core   0: 3 0x80008e4c (0x031865b3) x11 0x00000000
core   0: 0x80008e50 (0x03cdc933) div     s2, s11, t3
core   0: 3 0x80008e50 (0x03cdc933) x18 0x00000000
core   0: 0x80008e54 (0x00000013) nop
core   0: 3 0x80008e54 (0x00000013)
core   0: 0x80008e58 (0x2d35f993) andi    s3, a1, 723
core   0: 3 0x80008e58 (0x2d35f993) x19 0x00000000
core   0: 0x80008e5c (0x022988b3) mul     a7, s3, sp
core   0: 3 0x80008e5c (0x022988b3) x17 0x00000000
core   0: 0x80008e60 (0x41a3d0b3) sra     ra, t2, s10
core   0: 3 0x80008e60 (0x41a3d0b3) x 1 0xef86a000
core   0: 0x80008e64 (0xe4bf6f93) ori     t6, t5, -437
core   0: 3 0x80008e64 (0xe4bf6f93) x31 0xfffffe4b
core   0: 0x80008e68 (0x40e2dd13) srai    s10, t0, 14
core   0: 3 0x80008e68 (0x40e2dd13) x26 0xfffe0005
core   0: 0x80008e6c (0x00042bb3) slt     s7, s0, zero
core   0: 3 0x80008e6c (0x00042bb3) x23 0x00000000
core   0: 0x80008e70 (0x031b6ab3) rem     s5, s6, a7
core   0: 3 0x80008e70 (0x031b6ab3) x21 0x0000035b
core   0: 0x80008e74 (0x00eb6d93) ori     s11, s6, 14
core   0: 3 0x80008e74 (0x00eb6d93) x27 0x0000035f
core   0: 0x80008e78 (0x00d7d033) srl     zero, a5, a3
core   0: 3 0x80008e78 (0x00d7d033)
core   0: 0x80008e7c (0x01710433) add     s0, sp, s7
core   0: 3 0x80008e7c (0x01710433) x 8 0x00000008
core   0: 0x80008e80 (0x0302b9b3) mulhu   s3, t0, a6
core   0: 3 0x80008e80 (0x0302b9b3) x19 0x48271c65
core   0: 0x80008e84 (0xd3643197) auipc   gp, 0xd3643
core   0: 3 0x80008e84 (0xd3643197) x 3 0x5364be84
core   0: 0x80008e88 (0x4178d5b3) sra     a1, a7, s7
core   0: 3 0x80008e88 (0x4178d5b3) x11 0x00000000
core   0: 0x80008e8c (0x2c6b6713) ori     a4, s6, 710
core   0: 3 0x80008e8c (0x2c6b6713) x14 0x000003df
core   0: 0x80008e90 (0x038dd8b3) divu    a7, s11, s8
core   0: 3 0x80008e90 (0x038dd8b3) x17 0x00000000
core   0: 0x80008e94 (0x237f0f13) addi    t5, t5, 567
core   0: 3 0x80008e94 (0x237f0f13) x30 0x00000237
core   0: 0x80008e98 (0x0202a233) mulhsu  tp, t0, zero
core   0: 3 0x80008e98 (0x0202a233) x 4 0x00000000
core   0: 0x80008e9c (0x02889bb3) mulh    s7, a7, s0
core   0: 3 0x80008e9c (0x02889bb3) x23 0x00000000
core   0: 0x80008ea0 (0x0120d013) srli    zero, ra, 18
core   0: 3 0x80008ea0 (0x0120d013)
core   0: 0x80008ea4 (0x029b53b3) divu    t2, s6, s1
core   0: 3 0x80008ea4 (0x029b53b3) x 7 0x00000000
core   0: 0x80008ea8 (0x00757c33) and     s8, a0, t2
core   0: 3 0x80008ea8 (0x00757c33) x24 0x00000000
core   0: 0x80008eac (0x003455b3) srl     a1, s0, gp
core   0: 3 0x80008eac (0x003455b3) x11 0x00000000
core   0: 0x80008eb0 (0x01369313) slli    t1, a3, 19
core   0: 3 0x80008eb0 (0x01369313) x 6 0x73200000
core   0: 0x80008eb4 (0x5d837313) andi    t1, t1, 1496
core   0: 3 0x80008eb4 (0x5d837313) x 6 0x00000000
core   0: 0x80008eb8 (0x0110d613) srli    a2, ra, 17
core   0: 3 0x80008eb8 (0x0110d613) x12 0x000077c3
core   0: 0x80008ebc (0x032ae0b3) rem     ra, s5, s2
core   0: 3 0x80008ebc (0x032ae0b3) x 1 0x0000035b
core   0: 0x80008ec0 (0x034dfeb3) remu    t4, s11, s4
core   0: 3 0x80008ec0 (0x034dfeb3) x29 0x0000035f
core   0: 0x80008ec4 (0x02f67ab3) remu    s5, a2, a5
core   0: 3 0x80008ec4 (0x02f67ab3) x21 0x000077c3
core   0: 0x80008ec8 (0x038549b3) div     s3, a0, s8
core   0: 3 0x80008ec8 (0x038549b3) x19 0xffffffff
core   0: 0x80008ecc (0x015c9913) slli    s2, s9, 21
core   0: 3 0x80008ecc (0x015c9913) x18 0x00200000
core   0: 0x80008ed0 (0xaa9f5697) auipc   a3, 0xaa9f5
core   0: 3 0x80008ed0 (0xaa9f5697) x13 0x2a9fded0
core   0: 0x80008ed4 (0x00258433) add     s0, a1, sp
core   0: 3 0x80008ed4 (0x00258433) x 8 0x00000008
core   0: 0x80008ed8 (0x02377733) remu    a4, a4, gp
core   0: 3 0x80008ed8 (0x02377733) x14 0x000003df
core   0: 0x80008edc (0x027a2b33) mulhsu  s6, s4, t2
core   0: 3 0x80008edc (0x027a2b33) x22 0x00000000
core   0: 0x80008ee0 (0xb6636193) ori     gp, t1, -1178
core   0: 3 0x80008ee0 (0xb6636193) x 3 0xfffffb66
core   0: 0x80008ee4 (0x0106df33) srl     t5, a3, a6
core   0: 3 0x80008ee4 (0x0106df33) x30 0x0000154f
core   0: 0x80008ee8 (0x02931333) mulh    t1, t1, s1
core   0: 3 0x80008ee8 (0x02931333) x 6 0x00000000
core   0: 0x80008eec (0x025ee833) rem     a6, t4, t0
core   0: 3 0x80008eec (0x025ee833) x16 0x0000035f
core   0: 0x80008ef0 (0x7e93ef17) auipc   t5, 0x7e93e
core   0: 3 0x80008ef0 (0x7e93ef17) x30 0xfe946ef0
core   0: 0x80008ef4 (0x014963b3) or      t2, s2, s4
core   0: 3 0x80008ef4 (0x014963b3) x 7 0x04643000
core   0: 0x80008ef8 (0xec578d93) addi    s11, a5, -315
core   0: 3 0x80008ef8 (0xec578d93) x27 0xfffffec5
core   0: 0x80008efc (0x40308ab3) sub     s5, ra, gp
core   0: 3 0x80008efc (0x40308ab3) x21 0x000007f5
core   0: 0x80008f00 (0x000fa9b3) slt     s3, t6, zero
core   0: 3 0x80008f00 (0x000fa9b3) x19 0x00000001
core   0: 0x80008f04 (0xf737e513) ori     a0, a5, -141
core   0: 3 0x80008f04 (0xf737e513) x10 0xffffff73
core   0: 0x80008f08 (0x0393feb3) remu    t4, t2, s9
core   0: 3 0x80008f08 (0x0393feb3) x29 0x00000000
core   0: 0x80008f0c (0x03d66eb3) rem     t4, a2, t4
core   0: 3 0x80008f0c (0x03d66eb3) x29 0x000077c3
core   0: 0x80008f10 (0x408edeb3) sra     t4, t4, s0
core   0: 3 0x80008f10 (0x408edeb3) x29 0x00000077
core   0: 0x80008f14 (0x00000013) nop
core   0: 3 0x80008f14 (0x00000013)
core   0: 0x80008f18 (0x669fc493) xori    s1, t6, 1641
core   0: 3 0x80008f18 (0x669fc493) x 9 0xfffff822
core   0: 0x80008f1c (0x018901b3) add     gp, s2, s8
core   0: 3 0x80008f1c (0x018901b3) x 3 0x00200000
core   0: 0x80008f20 (0x01e74b33) xor     s6, a4, t5
core   0: 3 0x80008f20 (0x01e74b33) x22 0xfe946d2f
core   0: 0x80008f24 (0x00728eb3) add     t4, t0, t2
core   0: 3 0x80008f24 (0x00728eb3) x29 0x84657e64
core   0: 0x80008f28 (0xf9212813) slti    a6, sp, -110
core   0: 3 0x80008f28 (0xf9212813) x16 0x00000000
core   0: 0x80008f2c (0x03b7d633) divu    a2, a5, s11
core   0: 3 0x80008f2c (0x03b7d633) x12 0x00000000
core   0: 0x80008f30 (0x07795c97) auipc   s9, 0x7795
core   0: 3 0x80008f30 (0x07795c97) x25 0x8779df30
core   0: 0x80008f34 (0x01a92eb3) slt     t4, s2, s10
core   0: 3 0x80008f34 (0x01a92eb3) x29 0x00000000
core   0: 0x80008f38 (0x02b01033) mulh    zero, zero, a1
core   0: 3 0x80008f38 (0x02b01033)
core   0: 0x80008f3c (0x4015d1b3) sra     gp, a1, ra
core   0: 3 0x80008f3c (0x4015d1b3) x 3 0x00000000
core   0: 0x80008f40 (0x02357633) remu    a2, a0, gp
core   0: 3 0x80008f40 (0x02357633) x12 0xffffff73
core   0: 0x80008f44 (0x03870533) mul     a0, a4, s8
core   0: 3 0x80008f44 (0x03870533) x10 0x00000000
core   0: 0x80008f48 (0x0348abb3) mulhsu  s7, a7, s4
core   0: 3 0x80008f48 (0x0348abb3) x23 0x00000000
core   0: 0x80008f4c (0xe44b3613) sltiu   a2, s6, -444
core   0: 3 0x80008f4c (0xe44b3613) x12 0x00000001
core   0: 0x80008f50 (0x4174df33) sra     t5, s1, s7
core   0: 3 0x80008f50 (0x4174df33) x30 0xfffff822
core   0: 0x80008f54 (0x030b3db3) mulhu   s11, s6, a6
core   0: 3 0x80008f54 (0x030b3db3) x27 0x00000000
core   0: 0x80008f58 (0x01736c33) or      s8, t1, s7
core   0: 3 0x80008f58 (0x01736c33) x24 0x00000000
core   0: 0x80008f5c (0x03906033) rem     zero, zero, s9
core   0: 3 0x80008f5c (0x03906033)
core   0: 0x80008f60 (0x3a0a0a13) addi    s4, s4, 928
core   0: 3 0x80008f60 (0x3a0a0a13) x20 0x044433a0
core   0: 0x80008f64 (0x41c85033) sra     zero, a6, t3
core   0: 3 0x80008f64 (0x41c85033)
core   0: 0x80008f68 (0x2855c893) xori    a7, a1, 645
core   0: 3 0x80008f68 (0x2855c893) x17 0x00000285
core   0: 0x80008f6c (0x02600ab3) mul     s5, zero, t1
core   0: 3 0x80008f6c (0x02600ab3) x21 0x00000000
core   0: 0x80008f70 (0x944dc017) auipc   zero, 0x944dc
core   0: 3 0x80008f70 (0x944dc017)
core   0: 0x80008f74 (0x41bfd713) srai    a4, t6, 27
core   0: 3 0x80008f74 (0x41bfd713) x14 0xffffffff
core   0: 0x80008f78 (0x00000013) nop
core   0: 3 0x80008f78 (0x00000013)
core   0: 0x80008f7c (0x01b183b3) add     t2, gp, s11
core   0: 3 0x80008f7c (0x01b183b3) x 7 0x00000000
core   0: 0x80008f80 (0x22164d13) xori    s10, a2, 545
core   0: 3 0x80008f80 (0x22164d13) x26 0x00000220
core   0: 0x80008f84 (0xb3906a13) ori     s4, zero, -1223
core   0: 3 0x80008f84 (0xb3906a13) x20 0xfffffb39
core   0: 0x80008f88 (0x4048d613) srai    a2, a7, 4
core   0: 3 0x80008f88 (0x4048d613) x12 0x00000028
core   0: 0x80008f8c (0xe8ea3ab7) lui     s5, 0xe8ea3
core   0: 3 0x80008f8c (0xe8ea3ab7) x21 0xe8ea3000
core   0: 0x80008f90 (0x46702c93) slti    s9, zero, 1127
core   0: 3 0x80008f90 (0x46702c93) x25 0x00000001
core   0: 0x80008f94 (0x0153ad33) slt     s10, t2, s5
core   0: 3 0x80008f94 (0x0153ad33) x26 0x00000000
core   0: 0x80008f98 (0x40658333) sub     t1, a1, t1
core   0: 3 0x80008f98 (0x40658333) x 6 0x00000000
core   0: 0x80008f9c (0x036696b3) mulh    a3, a3, s6
core   0: 3 0x80008f9c (0x036696b3) x13 0xffc376dd
core   0: 0x80008fa0 (0x0246c033) div     zero, a3, tp
core   0: 3 0x80008fa0 (0x0246c033)
core   0: 0x80008fa4 (0x02016c33) rem     s8, sp, zero
core   0: 3 0x80008fa4 (0x02016c33) x24 0x00000008
core   0: 0x80008fa8 (0x00000013) nop
core   0: 3 0x80008fa8 (0x00000013)
core   0: 0x80008fac (0x37712693) slti    a3, sp, 887
core   0: 3 0x80008fac (0x37712693) x13 0x00000001
core   0: 0x80008fb0 (0x0088e333) or      t1, a7, s0
core   0: 3 0x80008fb0 (0x0088e333) x 6 0x0000028d
core   0: 0x80008fb4 (0x41008fb3) sub     t6, ra, a6
core   0: 3 0x80008fb4 (0x41008fb3) x31 0x0000035b
core   0: 0x80008fb8 (0x02199c33) mulh    s8, s3, ra
core   0: 3 0x80008fb8 (0x02199c33) x24 0x00000000
core   0: 0x80008fbc (0x00340713) addi    a4, s0, 3
core   0: 3 0x80008fbc (0x00340713) x14 0x0000000b
core   0: 0x80008fc0 (0x012ca933) slt     s2, s9, s2
core   0: 3 0x80008fc0 (0x012ca933) x18 0x00000001
core   0: 0x80008fc4 (0x02836a93) ori     s5, t1, 40
core   0: 3 0x80008fc4 (0x02836a93) x21 0x000002ad
core   0: 0x80008fc8 (0x02a71633) mulh    a2, a4, a0
core   0: 3 0x80008fc8 (0x02a71633) x12 0x00000000
core   0: 0x80008fcc (0x011a9393) slli    t2, s5, 17
core   0: 3 0x80008fcc (0x011a9393) x 7 0x055a0000
core   0: 0x80008fd0 (0xe9b5bd13) sltiu   s10, a1, -357
core   0: 3 0x80008fd0 (0xe9b5bd13) x26 0x00000001
core   0: 0x80008fd4 (0x00a44633) xor     a2, s0, a0
core   0: 3 0x80008fd4 (0x00a44633) x12 0x00000008
core   0: 0x80008fd8 (0x00a50bb3) add     s7, a0, a0
core   0: 3 0x80008fd8 (0x00a50bb3) x23 0x00000000
core   0: 0x80008fdc (0x87b26913) ori     s2, tp, -1925
core   0: 3 0x80008fdc (0x87b26913) x18 0xfffff87b
core   0: 0x80008fe0 (0xfb10b037) lui     zero, 0xfb10b
core   0: 3 0x80008fe0 (0xfb10b037)
core   0: 0x80008fe4 (0x00b69693) slli    a3, a3, 11
core   0: 3 0x80008fe4 (0x00b69693) x13 0x00000800
core   0: 0x80008fe8 (0x41d98fb3) sub     t6, s3, t4
core   0: 3 0x80008fe8 (0x41d98fb3) x31 0x00000001
core   0: 0x80008fec (0x00fbe533) or      a0, s7, a5
core   0: 3 0x80008fec (0x00fbe533) x10 0x00000000
core   0: 0x80008ff0 (0x403d5713) srai    a4, s10, 3
core   0: 3 0x80008ff0 (0x403d5713) x14 0x00000000
core   0: 0x80008ff4 (0x03545633) divu    a2, s0, s5
core   0: 3 0x80008ff4 (0x03545633) x12 0x00000000
core   0: 0x80008ff8 (0x0916ef93) ori     t6, a3, 145
core   0: 3 0x80008ff8 (0x0916ef93) x31 0x00000891
core   0: 0x80008ffc (0x026ff633) remu    a2, t6, t1
core   0: 3 0x80008ffc (0x026ff633) x12 0x000000ea
core   0: 0x80009000 (0xd1557d13) andi    s10, a0, -747
core   0: 3 0x80009000 (0xd1557d13) x26 0x00000000
core   0: 0x80009004 (0x375dd197) auipc   gp, 0x375dd
core   0: 3 0x80009004 (0x375dd197) x 3 0xb75e6004
core   0: 0x80009008 (0x0209feb3) remu    t4, s3, zero
core   0: 3 0x80009008 (0x0209feb3) x29 0x00000001
core   0: 0x8000900c (0x00805513) srli    a0, zero, 8
core   0: 3 0x8000900c (0x00805513) x10 0x00000000
core   0: 0x80009010 (0x4196da33) sra     s4, a3, s9
core   0: 3 0x80009010 (0x4196da33) x20 0x00000400
core   0: 0x80009014 (0xd19e0797) auipc   a5, 0xd19e0
core   0: 3 0x80009014 (0xd19e0797) x15 0x519e9014
core   0: 0x80009018 (0x011e1c93) slli    s9, t3, 17
core   0: 3 0x80009018 (0x011e1c93) x25 0x19c80000
core   0: 0x8000901c (0x015123b3) slt     t2, sp, s5
core   0: 3 0x8000901c (0x015123b3) x 7 0x00000001
core   0: 0x80009020 (0x00140c33) add     s8, s0, ra
core   0: 3 0x80009020 (0x00140c33) x24 0x00000363
core   0: 0x80009024 (0x023b2633) mulhsu  a2, s6, gp
core   0: 3 0x80009024 (0x023b2633) x12 0xfefb9404
core   0: 0x80009028 (0x03f6c233) div     tp, a3, t6
core   0: 3 0x80009028 (0x03f6c233) x 4 0x00000000
core   0: 0x8000902c (0x02c12433) mulhsu  s0, sp, a2
core   0: 3 0x8000902c (0x02c12433) x 8 0x00000007
core   0: 0x80009030 (0x029e9a33) mulh    s4, t4, s1
core   0: 3 0x80009030 (0x029e9a33) x20 0xffffffff
core   0: 0x80009034 (0x0160b1b3) sltu    gp, ra, s6
core   0: 3 0x80009034 (0x0160b1b3) x 3 0x00000001
core   0: 0x80009038 (0x0278e1b3) rem     gp, a7, t2
core   0: 3 0x80009038 (0x0278e1b3) x 3 0x00000000
core   0: 0x8000903c (0x00617ab3) and     s5, sp, t1
core   0: 3 0x8000903c (0x00617ab3) x21 0x00000008
core   0: 0x80009040 (0x68b43893) sltiu   a7, s0, 1675
core   0: 3 0x80009040 (0x68b43893) x17 0x00000001
core   0: 0x80009044 (0x002f0f33) add     t5, t5, sp
core   0: 3 0x80009044 (0x002f0f33) x30 0xfffff82a
core   0: 0x80009048 (0xdc0cab13) slti    s6, s9, -576
core   0: 3 0x80009048 (0xdc0cab13) x22 0x00000000
core   0: 0x8000904c (0xebba4413) xori    s0, s4, -325
core   0: 3 0x8000904c (0xebba4413) x 8 0x00000144
core   0: 0x80009050 (0x01dc6233) or      tp, s8, t4
core   0: 3 0x80009050 (0x01dc6233) x 4 0x00000363
core   0: 0x80009054 (0x021a6cb3) rem     s9, s4, ra
core   0: 3 0x80009054 (0x021a6cb3) x25 0xffffffff
core   0: 0x80009058 (0x03d123b3) mulhsu  t2, sp, t4
core   0: 3 0x80009058 (0x03d123b3) x 7 0x00000000
core   0: 0x8000905c (0x0086e1b3) or      gp, a3, s0
core   0: 3 0x8000905c (0x0086e1b3) x 3 0x00000944
core   0: 0x80009060 (0x284c0893) addi    a7, s8, 644
core   0: 3 0x80009060 (0x284c0893) x17 0x000005e7
core   0: 0x80009064 (0x95d5c1b7) lui     gp, 0x95d5c
core   0: 3 0x80009064 (0x95d5c1b7) x 3 0x95d5c000
core   0: 0x80009068 (0x00e33f33) sltu    t5, t1, a4
core   0: 3 0x80009068 (0x00e33f33) x30 0x00000000
core   0: 0x8000906c (0x39090713) addi    a4, s2, 912
core   0: 3 0x8000906c (0x39090713) x14 0xfffffc0b
core   0: 0x80009070 (0x021d25b3) mulhsu  a1, s10, ra
core   0: 3 0x80009070 (0x021d25b3) x11 0x00000000
core   0: 0x80009074 (0x7129cb17) auipc   s6, 0x7129c
core   0: 3 0x80009074 (0x7129cb17) x22 0xf12a5074
core   0: 0x80009078 (0x02a21c33) mulh    s8, tp, a0
core   0: 3 0x80009078 (0x02a21c33) x24 0x00000000
core   0: 0x8000907c (0x02c8bdb3) mulhu   s11, a7, a2
core   0: 3 0x8000907c (0x02c8bdb3) x27 0x000005e0
core   0: 0x80009080 (0x03e71033) mulh    zero, a4, t5
core   0: 3 0x80009080 (0x03e71033)
core   0: 0x80009084 (0x0005b1b3) sltu    gp, a1, zero
core   0: 3 0x80009084 (0x0005b1b3) x 3 0x00000000
core   0: 0x80009088 (0x00fd07b3) add     a5, s10, a5
core   0: 3 0x80009088 (0x00fd07b3) x15 0x519e9014
core   0: 0x8000908c (0x0287fbb3) remu    s7, a5, s0
core   0: 3 0x8000908c (0x0287fbb3) x23 0x000000f4
core   0: 0x80009090 (0x0108d993) srli    s3, a7, 16
core   0: 3 0x80009090 (0x0108d993) x19 0x00000000
core   0: 0x80009094 (0x01ace533) or      a0, s9, s10
core   0: 3 0x80009094 (0x01ace533) x10 0xffffffff
core   0: 0x80009098 (0x01502533) slt     a0, zero, s5
core   0: 3 0x80009098 (0x01502533) x10 0x00000001
core   0: 0x8000909c (0x00a0cab3) xor     s5, ra, a0
core   0: 3 0x8000909c (0x00a0cab3) x21 0x0000035a
core   0: 0x800090a0 (0x01179493) slli    s1, a5, 17
core   0: 3 0x800090a0 (0x01179493) x 9 0x20280000
core   0: 0x800090a4 (0x4122d533) sra     a0, t0, s2
core   0: 3 0x800090a4 (0x4122d533) x10 0xfffffff0
core   0: 0x800090a8 (0x024ee5b3) rem     a1, t4, tp
core   0: 3 0x800090a8 (0x024ee5b3) x11 0x00000001
core   0: 0x800090ac (0x00108fb3) add     t6, ra, ra
core   0: 3 0x800090ac (0x00108fb3) x31 0x000006b6
core   0: 0x800090b0 (0x039b6ab3) rem     s5, s6, s9
core   0: 3 0x800090b0 (0x039b6ab3) x21 0x00000000
core   0: 0x800090b4 (0x37e74713) xori    a4, a4, 894
core   0: 3 0x800090b4 (0x37e74713) x14 0xffffff75
core   0: 0x800090b8 (0x01c07633) and     a2, zero, t3
core   0: 3 0x800090b8 (0x01c07633) x12 0x00000000
core   0: 0x800090bc (0x03d346b3) div     a3, t1, t4
core   0: 3 0x800090bc (0x03d346b3) x13 0x0000028d
core   0: 0x800090c0 (0x03092fb3) mulhsu  t6, s2, a6
core   0: 3 0x800090c0 (0x03092fb3) x31 0x00000000
core   0: 0x800090c4 (0x025d7a33) remu    s4, s10, t0
core   0: 3 0x800090c4 (0x025d7a33) x20 0x00000000
core   0: 0x800090c8 (0x09c93093) sltiu   ra, s2, 156
core   0: 3 0x800090c8 (0x09c93093) x 1 0x00000000
core   0: 0x800090cc (0x019e6b33) or      s6, t3, s9
core   0: 3 0x800090cc (0x019e6b33) x22 0xffffffff
core   0: 0x800090d0 (0x02d18a33) mul     s4, gp, a3
core   0: 3 0x800090d0 (0x02d18a33) x20 0x00000000
core   0: 0x800090d4 (0x409f04b3) sub     s1, t5, s1
core   0: 3 0x800090d4 (0x409f04b3) x 9 0xdfd80000
core   0: 0x800090d8 (0x84057e93) andi    t4, a0, -1984
core   0: 3 0x800090d8 (0x84057e93) x29 0xfffff840
core   0: 0x800090dc (0x036da6b3) mulhsu  a3, s11, s6
core   0: 3 0x800090dc (0x036da6b3) x13 0x000005df
core   0: 0x800090e0 (0x03927c33) remu    s8, tp, s9
core   0: 3 0x800090e0 (0x03927c33) x24 0x00000363
core   0: 0x800090e4 (0x029f8533) mul     a0, t6, s1
core   0: 3 0x800090e4 (0x029f8533) x10 0x00000000
core   0: 0x800090e8 (0x0033ec33) or      s8, t2, gp
core   0: 3 0x800090e8 (0x0033ec33) x24 0x00000000
core   0: 0x800090ec (0x413955b3) sra     a1, s2, s3
core   0: 3 0x800090ec (0x413955b3) x11 0xfffff87b
core   0: 0x800090f0 (0x01e536b3) sltu    a3, a0, t5
core   0: 3 0x800090f0 (0x01e536b3) x13 0x00000000
core   0: 0x800090f4 (0x41d20a33) sub     s4, tp, t4
core   0: 3 0x800090f4 (0x41d20a33) x20 0x00000b23
core   0: 0x800090f8 (0x2a45cb93) xori    s7, a1, 676
core   0: 3 0x800090f8 (0x2a45cb93) x23 0xfffffadf
core   0: 0x800090fc (0x0123beb3) sltu    t4, t2, s2
core   0: 3 0x800090fc (0x0123beb3) x29 0x00000001
core   0: 0x80009100 (0x02c75bb3) divu    s7, a4, a2
core   0: 3 0x80009100 (0x02c75bb3) x23 0xffffffff
core   0: 0x80009104 (0x00e69793) slli    a5, a3, 14
core   0: 3 0x80009104 (0x00e69793) x15 0x00000000
core   0: 0x80009108 (0x02ce0433) mul     s0, t3, a2
core   0: 3 0x80009108 (0x02ce0433) x 8 0x00000000
core   0: 0x8000910c (0x023c99b3) mulh    s3, s9, gp
core   0: 3 0x8000910c (0x023c99b3) x19 0x00000000
core   0: 0x80009110 (0xe57fa1b7) lui     gp, 0xe57fa
core   0: 3 0x80009110 (0xe57fa1b7) x 3 0xe57fa000
core   0: 0x80009114 (0x015ed213) srli    tp, t4, 21
core   0: 3 0x80009114 (0x015ed213) x 4 0x00000000
core   0: 0x80009118 (0x00000013) nop
core   0: 3 0x80009118 (0x00000013)
core   0: 0x8000911c (0x01678533) add     a0, a5, s6
core   0: 3 0x8000911c (0x01678533) x10 0xffffffff
core   0: 0x80009120 (0x012d5a93) srli    s5, s10, 18
core   0: 3 0x80009120 (0x012d5a93) x21 0x00000000
core   0: 0x80009124 (0xcae0bc93) sltiu   s9, ra, -850
core   0: 3 0x80009124 (0xcae0bc93) x25 0x00000001
core   0: 0x80009128 (0xa54d9a17) auipc   s4, 0xa54d9
core   0: 3 0x80009128 (0xa54d9a17) x20 0x254e2128
core   0: 0x8000912c (0x03089933) mulh    s2, a7, a6
core   0: 3 0x8000912c (0x03089933) x18 0x00000000
core   0: 0x80009130 (0x01591d93) slli    s11, s2, 21
core   0: 3 0x80009130 (0x01591d93) x27 0x00000000
core   0: 0x80009134 (0x41468b33) sub     s6, a3, s4
core   0: 3 0x80009134 (0x41468b33) x22 0xdab1ded8
core   0: 0x80009138 (0x02d3f9b3) remu    s3, t2, a3
core   0: 3 0x80009138 (0x02d3f9b3) x19 0x00000000
core   0: 0x8000913c (0x03c8d433) divu    s0, a7, t3
core   0: 3 0x8000913c (0x03c8d433) x 8 0x00000000
core   0: 0x80009140 (0x01f2dd93) srli    s11, t0, 31
core   0: 3 0x80009140 (0x01f2dd93) x27 0x00000001
core   0: 0x80009144 (0x00c105b3) add     a1, sp, a2
core   0: 3 0x80009144 (0x00c105b3) x11 0x00000008
core   0: 0x80009148 (0x03ecebb3) rem     s7, s9, t5
core   0: 3 0x80009148 (0x03ecebb3) x23 0x00000001
core   0: 0x8000914c (0x0165b6b3) sltu    a3, a1, s6
core   0: 3 0x8000914c (0x0165b6b3) x13 0x00000001
core   0: 0x80009150 (0x0aa74d13) xori    s10, a4, 170
core   0: 3 0x80009150 (0x0aa74d13) x26 0xffffffdf
core   0: 0x80009154 (0xec1ac913) xori    s2, s5, -319
core   0: 3 0x80009154 (0xec1ac913) x18 0xfffffec1
core   0: 0x80009158 (0x40c70933) sub     s2, a4, a2
core   0: 3 0x80009158 (0x40c70933) x18 0xffffff75
core   0: 0x8000915c (0x02fcd733) divu    a4, s9, a5
core   0: 3 0x8000915c (0x02fcd733) x14 0xffffffff
core   0: 0x80009160 (0xb14e8413) addi    s0, t4, -1260
core   0: 3 0x80009160 (0xb14e8413) x 8 0xfffffb15
core   0: 0x80009164 (0x019e1f33) sll     t5, t3, s9
core   0: 3 0x80009164 (0x019e1f33) x30 0x000319c8
core   0: 0x80009168 (0x54d17b97) auipc   s7, 0x54d17
core   0: 3 0x80009168 (0x54d17b97) x23 0xd4d20168
core   0: 0x8000916c (0x01359ab3) sll     s5, a1, s3
core   0: 3 0x8000916c (0x01359ab3) x21 0x00000008
core   0: 0x80009170 (0x02cef533) remu    a0, t4, a2
core   0: 3 0x80009170 (0x02cef533) x10 0x00000001
core   0: 0x80009174 (0x015855b3) srl     a1, a6, s5
core   0: 3 0x80009174 (0x015855b3) x11 0x00000000
core   0: 0x80009178 (0x414fd013) srai    zero, t6, 20
core   0: 3 0x80009178 (0x414fd013)
core   0: 0x8000917c (0x1ab78617) auipc   a2, 0x1ab78
core   0: 3 0x8000917c (0x1ab78617) x12 0x9ab8117c
core   0: 0x80009180 (0xfaa53593) sltiu   a1, a0, -86
core   0: 3 0x80009180 (0xfaa53593) x11 0x00000001
core   0: 0x80009184 (0x895ea513) slti    a0, t4, -1899
core   0: 3 0x80009184 (0x895ea513) x10 0x00000000
core   0: 0x80009188 (0x02b08233) mul     tp, ra, a1
core   0: 3 0x80009188 (0x02b08233) x 4 0x00000000
core   0: 0x8000918c (0x03ef8633) mul     a2, t6, t5
core   0: 3 0x8000918c (0x03ef8633) x12 0x00000000
core   0: 0x80009190 (0x00f4fb33) and     s6, s1, a5
core   0: 3 0x80009190 (0x00f4fb33) x22 0x00000000
core   0: 0x80009194 (0x729d0793) addi    a5, s10, 1833
core   0: 3 0x80009194 (0x729d0793) x15 0x00000708
core   0: 0x80009198 (0x4153df33) sra     t5, t2, s5
core   0: 3 0x80009198 (0x4153df33) x30 0x00000000
core   0: 0x8000919c (0x01e629b3) slt     s3, a2, t5
core   0: 3 0x8000919c (0x01e629b3) x19 0x00000000
core   0: 0x800091a0 (0xa63a4617) auipc   a2, 0xa63a4
core   0: 3 0x800091a0 (0xa63a4617) x12 0x263ad1a0
core   0: 0x800091a4 (0x00112833) slt     a6, sp, ra
core   0: 3 0x800091a4 (0x00112833) x16 0x00000000
core   0: 0x800091a8 (0x00000013) nop
core   0: 3 0x800091a8 (0x00000013)
core   0: 0x800091ac (0x001a9c33) sll     s8, s5, ra
core   0: 3 0x800091ac (0x001a9c33) x24 0x00000008
core   0: 0x800091b0 (0x4a964a93) xori    s5, a2, 1193
core   0: 3 0x800091b0 (0x4a964a93) x21 0x263ad509
core   0: 0x800091b4 (0x01e54f33) xor     t5, a0, t5
core   0: 3 0x800091b4 (0x01e54f33) x30 0x00000000
core   0: 0x800091b8 (0x03281433) mulh    s0, a6, s2
core   0: 3 0x800091b8 (0x03281433) x 8 0x00000000
core   0: 0x800091bc (0x035119b3) mulh    s3, sp, s5
core   0: 3 0x800091bc (0x035119b3) x19 0x00000001
core   0: 0x800091c0 (0xccdc2213) slti    tp, s8, -819
core   0: 3 0x800091c0 (0xccdc2213) x 4 0x00000000
core   0: 0x800091c4 (0x2e93a917) auipc   s2, 0x2e93a
core   0: 3 0x800091c4 (0x2e93a917) x18 0xae9431c4
core   0: 0x800091c8 (0x0ffaa537) lui     a0, 0xffaa
core   0: 3 0x800091c8 (0x0ffaa537) x10 0x0ffaa000
core   0: 0x800091cc (0x03744eb3) div     t4, s0, s7
core   0: 3 0x800091cc (0x03744eb3) x29 0x00000000
core   0: 0x800091d0 (0x63d4c993) xori    s3, s1, 1597
core   0: 3 0x800091d0 (0x63d4c993) x19 0xdfd8063d
core   0: 0x800091d4 (0x42ca9c97) auipc   s9, 0x42ca9
core   0: 3 0x800091d4 (0x42ca9c97) x25 0xc2cb21d4
core   0: 0x800091d8 (0x00f97f33) and     t5, s2, a5
core   0: 3 0x800091d8 (0x00f97f33) x30 0x00000100
core   0: 0x800091dc (0x0117bab3) sltu    s5, a5, a7
core   0: 3 0x800091dc (0x0117bab3) x21 0x00000000
core   0: 0x800091e0 (0x00000013) nop
core   0: 3 0x800091e0 (0x00000013)
core   0: 0x800091e4 (0xbe00fa13) andi    s4, ra, -1056
core   0: 3 0x800091e4 (0xbe00fa13) x20 0x00000000
core   0: 0x800091e8 (0x0025e533) or      a0, a1, sp
core   0: 3 0x800091e8 (0x0025e533) x10 0x00000009
core   0: 0x800091ec (0x408ad913) srai    s2, s5, 8
core   0: 3 0x800091ec (0x408ad913) x18 0x00000000
core   0: 0x800091f0 (0xf5dd1417) auipc   s0, 0xf5dd1
core   0: 3 0x800091f0 (0xf5dd1417) x 8 0x75dda1f0
core   0: 0x800091f4 (0x2698bb13) sltiu   s6, a7, 617
core   0: 3 0x800091f4 (0x2698bb13) x22 0x00000000
core   0: 0x800091f8 (0x01858633) add     a2, a1, s8
core   0: 3 0x800091f8 (0x01858633) x12 0x00000009
core   0: 0x800091fc (0x028f25b3) mulhsu  a1, t5, s0
core   0: 3 0x800091fc (0x028f25b3) x11 0x00000075
core   0: 0x80009200 (0x3f987893) andi    a7, a6, 1017
core   0: 3 0x80009200 (0x3f987893) x17 0x00000000
core   0: 0x80009204 (0x007a6933) or      s2, s4, t2
core   0: 3 0x80009204 (0x007a6933) x18 0x00000000
core   0: 0x80009208 (0xb886c193) xori    gp, a3, -1144
core   0: 3 0x80009208 (0xb886c193) x 3 0xfffffb89
core   0: 0x8000920c (0x7247c393) xori    t2, a5, 1828
core   0: 3 0x8000920c (0x7247c393) x 7 0x0000002c
core   0: 0x80009210 (0x01a333b3) sltu    t2, t1, s10
core   0: 3 0x80009210 (0x01a333b3) x 7 0x00000001
core   0: 0x80009214 (0x03d58533) mul     a0, a1, t4
core   0: 3 0x80009214 (0x03d58533) x10 0x00000000
core   0: 0x80009218 (0x41648d33) sub     s10, s1, s6
core   0: 3 0x80009218 (0x41648d33) x26 0xdfd80000
core   0: 0x8000921c (0x365e6593) ori     a1, t3, 869
core   0: 3 0x8000921c (0x365e6593) x11 0x80018fe5
core   0: 0x80009220 (0x01d36b33) or      s6, t1, t4
core   0: 3 0x80009220 (0x01d36b33) x22 0x0000028d
core   0: 0x80009224 (0x403ad893) srai    a7, s5, 3
core   0: 3 0x80009224 (0x403ad893) x17 0x00000000
core   0: 0x80009228 (0x055f99b7) lui     s3, 0x55f9
core   0: 3 0x80009228 (0x055f99b7) x19 0x055f9000
core   0: 0x8000922c (0x03f8b033) mulhu   zero, a7, t6
core   0: 3 0x8000922c (0x03f8b033)
core   0: 0x80009230 (0x02aa83b3) mul     t2, s5, a0
core   0: 3 0x80009230 (0x02aa83b3) x 7 0x00000000
core   0: 0x80009234 (0x010bd513) srli    a0, s7, 16
core   0: 3 0x80009234 (0x010bd513) x10 0x0000d4d2
core   0: 0x80009238 (0x02b734b3) mulhu   s1, a4, a1
core   0: 3 0x80009238 (0x02b734b3) x 9 0x80018fe4
core   0: 0x8000923c (0x00000013) nop
core   0: 3 0x8000923c (0x00000013)
core   0: 0x80009240 (0x1258ca13) xori    s4, a7, 293
core   0: 3 0x80009240 (0x1258ca13) x20 0x00000125
core   0: 0x80009244 (0xa0557c17) auipc   s8, 0xa0557
core   0: 3 0x80009244 (0xa0557c17) x24 0x20560244
core   0: 0x80009248 (0x00669413) slli    s0, a3, 6
core   0: 3 0x80009248 (0x00669413) x 8 0x00000040
core   0: 0x8000924c (0xa3670c13) addi    s8, a4, -1482
core   0: 3 0x8000924c (0xa3670c13) x24 0xfffffa35
core   0: 0x80009250 (0x02dbd233) divu    tp, s7, a3
core   0: 3 0x80009250 (0x02dbd233) x 4 0xd4d20168
core   0: 0x80009254 (0x037bebb3) rem     s7, s7, s7
core   0: 3 0x80009254 (0x037bebb3) x23 0x00000000
core   0: 0x80009258 (0x3264ec13) ori     s8, s1, 806
core   0: 3 0x80009258 (0x3264ec13) x24 0x80018fe6
core   0: 0x8000925c (0x408b0233) sub     tp, s6, s0
core   0: 3 0x8000925c (0x408b0233) x 4 0x0000024d
core   0: 0x80009260 (0x002fea33) or      s4, t6, sp
core   0: 3 0x80009260 (0x002fea33) x20 0x00000008
core   0: 0x80009264 (0x8aa0ea93) ori     s5, ra, -1878
core   0: 3 0x80009264 (0x8aa0ea93) x21 0xfffff8aa
core   0: 0x80009268 (0x7632f993) andi    s3, t0, 1891
core   0: 3 0x80009268 (0x7632f993) x19 0x00000660
core   0: 0x8000926c (0x035879b3) remu    s3, a6, s5
core   0: 3 0x8000926c (0x035879b3) x19 0x00000000
core   0: 0x80009270 (0x003a95b3) sll     a1, s5, gp
core   0: 3 0x80009270 (0x003a95b3) x11 0xfff15400
core   0: 0x80009274 (0x80544e93) xori    t4, s0, -2043
core   0: 3 0x80009274 (0x80544e93) x29 0xfffff845
core   0: 0x80009278 (0x0184dd13) srli    s10, s1, 24
core   0: 3 0x80009278 (0x0184dd13) x26 0x00000080
core   0: 0x8000927c (0x00961eb3) sll     t4, a2, s1
core   0: 3 0x8000927c (0x00961eb3) x29 0x00000090
core   0: 0x80009280 (0x02ac0db3) mul     s11, s8, a0
core   0: 3 0x80009280 (0x02ac0db3) x27 0x4c7282ac
core   0: 0x80009284 (0x0013a433) slt     s0, t2, ra
core   0: 3 0x80009284 (0x0013a433) x 8 0x00000000
core   0: 0x80009288 (0x010bf033) and     zero, s7, a6
core   0: 3 0x80009288 (0x010bf033)
core   0: 0x8000928c (0x0168d493) srli    s1, a7, 22
core   0: 3 0x8000928c (0x0168d493) x 9 0x00000000
core   0: 0x80009290 (0x03ff14b3) mulh    s1, t5, t6
core   0: 3 0x80009290 (0x03ff14b3) x 9 0x00000000
core   0: 0x80009294 (0x33e28513) addi    a0, t0, 830
core   0: 3 0x80009294 (0x33e28513) x10 0x800151a2
core   0: 0x80009298 (0x00000013) nop
core   0: 3 0x80009298 (0x00000013)
core   0: 0x8000929c (0x7450bc13) sltiu   s8, ra, 1861
core   0: 3 0x8000929c (0x7450bc13) x24 0x00000001
core   0: 0x800092a0 (0x02f90033) mul     zero, s2, a5
core   0: 3 0x800092a0 (0x02f90033)
core   0: 0x800092a4 (0x0198d393) srli    t2, a7, 25
core   0: 3 0x800092a4 (0x0198d393) x 7 0x00000000
core   0: 0x800092a8 (0x017256b3) srl     a3, tp, s7
core   0: 3 0x800092a8 (0x017256b3) x13 0x0000024d
core   0: 0x800092ac (0x011cd933) srl     s2, s9, a7
core   0: 3 0x800092ac (0x011cd933) x18 0xc2cb21d4
core   0: 0x800092b0 (0x751fa013) slti    zero, t6, 1873
core   0: 3 0x800092b0 (0x751fa013)
core   0: 0x800092b4 (0x02cb3533) mulhu   a0, s6, a2
core   0: 3 0x800092b4 (0x02cb3533) x10 0x00000000
core   0: 0x800092b8 (0x004d4333) xor     t1, s10, tp
core   0: 3 0x800092b8 (0x004d4333) x 6 0x000002cd
core   0: 0x800092bc (0x01ac19b3) sll     s3, s8, s10
core   0: 3 0x800092bc (0x01ac19b3) x19 0x00000001
core   0: 0x800092c0 (0x00e8bbb3) sltu    s7, a7, a4
core   0: 3 0x800092c0 (0x00e8bbb3) x23 0x00000001
core   0: 0x800092c4 (0x1e2ec213) xori    tp, t4, 482
core   0: 3 0x800092c4 (0x1e2ec213) x 4 0x00000172
core   0: 0x800092c8 (0x013c11b3) sll     gp, s8, s3
core   0: 3 0x800092c8 (0x013c11b3) x 3 0x00000002
core   0: 0x800092cc (0x008a1033) sll     zero, s4, s0
core   0: 3 0x800092cc (0x008a1033)
core   0: 0x800092d0 (0x017fc1b3) xor     gp, t6, s7
core   0: 3 0x800092d0 (0x017fc1b3) x 3 0x00000001
core   0: 0x800092d4 (0x02a6bab3) mulhu   s5, a3, a0
core   0: 3 0x800092d4 (0x02a6bab3) x21 0x00000000
core   0: 0x800092d8 (0x01d5bdb3) sltu    s11, a1, t4
core   0: 3 0x800092d8 (0x01d5bdb3) x27 0x00000000
core   0: 0x800092dc (0xe4b33d13) sltiu   s10, t1, -437
core   0: 3 0x800092dc (0xe4b33d13) x26 0x00000001
core   0: 0x800092e0 (0x3f14f493) andi    s1, s1, 1009
core   0: 3 0x800092e0 (0x3f14f493) x 9 0x00000000
core   0: 0x800092e4 (0x01539b93) slli    s7, t2, 21
core   0: 3 0x800092e4 (0x01539b93) x23 0x00000000
core   0: 0x800092e8 (0x00d8c1b3) xor     gp, a7, a3
core   0: 3 0x800092e8 (0x00d8c1b3) x 3 0x0000024d
core   0: 0x800092ec (0x01b29013) slli    zero, t0, 27
core   0: 3 0x800092ec (0x01b29013)
core   0: 0x800092f0 (0x7289e413) ori     s0, s3, 1832
core   0: 3 0x800092f0 (0x7289e413) x 8 0x00000729
core   0: 0x800092f4 (0x0174bf33) sltu    t5, s1, s7
core   0: 3 0x800092f4 (0x0174bf33) x30 0x00000000
core   0: 0x800092f8 (0x0187f233) and     tp, a5, s8
core   0: 3 0x800092f8 (0x0187f233) x 4 0x00000000
core   0: 0x800092fc (0x09c0e3b7) lui     t2, 0x9c0e
core   0: 3 0x800092fc (0x09c0e3b7) x 7 0x09c0e000
core   0: 0x80009300 (0x026fbf33) mulhu   t5, t6, t1
core   0: 3 0x80009300 (0x026fbf33) x30 0x00000000
core   0: 0x80009304 (0x0142b833) sltu    a6, t0, s4
core   0: 3 0x80009304 (0x0142b833) x16 0x00000000
core   0: 0x80009308 (0x021b60b3) rem     ra, s6, ra
core   0: 3 0x80009308 (0x021b60b3) x 1 0x0000028d
core   0: 0x8000930c (0x02525333) divu    t1, tp, t0
core   0: 3 0x8000930c (0x02525333) x 6 0x00000000
core   0: 0x80009310 (0x0365b1b3) mulhu   gp, a1, s6
core   0: 3 0x80009310 (0x0365b1b3) x 3 0x0000028c
core   0: 0x80009314 (0x03ea13b3) mulh    t2, s4, t5
core   0: 3 0x80009314 (0x03ea13b3) x 7 0x00000000
core   0: 0x80009318 (0x0289fcb3) remu    s9, s3, s0
core   0: 3 0x80009318 (0x0289fcb3) x25 0x00000001
core   0: 0x8000931c (0x010c5493) srli    s1, s8, 16
core   0: 3 0x8000931c (0x010c5493) x 9 0x00000000
core   0: 0x80009320 (0x0390d233) divu    tp, ra, s9
core   0: 3 0x80009320 (0x0390d233) x 4 0x0000028d
core   0: 0x80009324 (0x003944b3) xor     s1, s2, gp
core   0: 3 0x80009324 (0x003944b3) x 9 0xc2cb2358
core   0: 0x80009328 (0x036e8c33) mul     s8, t4, s6
core   0: 3 0x80009328 (0x036e8c33) x24 0x00016f50
core   0: 0x8000932c (0x00c27c33) and     s8, tp, a2
core   0: 3 0x8000932c (0x00c27c33) x24 0x00000009
core   0: 0x80009330 (0x1b02c993) xori    s3, t0, 432
core   0: 3 0x80009330 (0x1b02c993) x19 0x80014fd4
core   0: 0x80009334 (0x43ab2a13) slti    s4, s6, 1082
core   0: 3 0x80009334 (0x43ab2a13) x20 0x00000001
core   0: 0x80009338 (0x028a5ab3) divu    s5, s4, s0
core   0: 3 0x80009338 (0x028a5ab3) x21 0x00000000
core   0: 0x8000933c (0x031840b3) div     ra, a6, a7
core   0: 3 0x8000933c (0x031840b3) x 1 0xffffffff
core   0: 0x80009340 (0xcdf94013) xori    zero, s2, -801
core   0: 3 0x80009340 (0xcdf94013)
core   0: 0x80009344 (0x01af05b3) add     a1, t5, s10
core   0: 3 0x80009344 (0x01af05b3) x11 0x00000001
core   0: 0x80009348 (0x41cbd393) srai    t2, s7, 28
core   0: 3 0x80009348 (0x41cbd393) x 7 0x00000000
core   0: 0x8000934c (0x02c945b3) div     a1, s2, a2
core   0: 3 0x8000934c (0x02c945b3) x11 0xf93303c3
core   0: 0x80009350 (0x00000013) nop
core   0: 3 0x80009350 (0x00000013)
core   0: 0x80009354 (0x9efba893) slti    a7, s7, -1553
core   0: 3 0x80009354 (0x9efba893) x17 0x00000000
core   0: 0x80009358 (0x00b73033) sltu    zero, a4, a1
core   0: 3 0x80009358 (0x00b73033)
core   0: 0x8000935c (0x0248a333) mulhsu  t1, a7, tp
core   0: 3 0x8000935c (0x0248a333) x 6 0x00000000
core   0: 0x80009360 (0x401387b3) sub     a5, t2, ra
core   0: 3 0x80009360 (0x401387b3) x15 0x00000001
core   0: 0x80009364 (0x03e6bab3) mulhu   s5, a3, t5
core   0: 3 0x80009364 (0x03e6bab3) x21 0x00000000
core   0: 0x80009368 (0x00000013) nop
core   0: 3 0x80009368 (0x00000013)
core   0: 0x8000936c (0x01c9aeb3) slt     t4, s3, t3
core   0: 3 0x8000936c (0x01c9aeb3) x29 0x00000001
core   0: 0x80009370 (0x02797c33) remu    s8, s2, t2
core   0: 3 0x80009370 (0x02797c33) x24 0xc2cb21d4
core   0: 0x80009374 (0x03fd4c33) div     s8, s10, t6
core   0: 3 0x80009374 (0x03fd4c33) x24 0xffffffff
core   0: 0x80009378 (0x030e8f33) mul     t5, t4, a6
core   0: 3 0x80009378 (0x030e8f33) x30 0x00000000
core   0: 0x8000937c (0x08100213) li      tp, 129
core   0: 3 0x8000937c (0x08100213) x 4 0x00000081
core   0: 0x80009380 (0x02621333) mulh    t1, tp, t1
core   0: 3 0x80009380 (0x02621333) x 6 0x00000000
core   0: 0x80009384 (0x024bfb33) remu    s6, s7, tp
core   0: 3 0x80009384 (0x024bfb33) x22 0x00000000
core   0: 0x80009388 (0x0239eeb3) rem     t4, s3, gp
core   0: 3 0x80009388 (0x0239eeb3) x29 0xfffffe2c
core   0: 0x8000938c (0x03fafeb3) remu    t4, s5, t6
core   0: 3 0x8000938c (0x03fafeb3) x29 0x00000000
core   0: 0x80009390 (0x01481213) slli    tp, a6, 20
core   0: 3 0x80009390 (0x01481213) x 4 0x00000000
core   0: 0x80009394 (0x00e30ab3) add     s5, t1, a4
core   0: 3 0x80009394 (0x00e30ab3) x21 0xffffffff
core   0: 0x80009398 (0x00000013) nop
core   0: 3 0x80009398 (0x00000013)
core   0: 0x8000939c (0x039edf33) divu    t5, t4, s9
core   0: 3 0x8000939c (0x039edf33) x30 0x00000000
core   0: 0x800093a0 (0x02ded5b3) divu    a1, t4, a3
core   0: 3 0x800093a0 (0x02ded5b3) x11 0x00000000
core   0: 0x800093a4 (0x006b1b33) sll     s6, s6, t1
core   0: 3 0x800093a4 (0x006b1b33) x22 0x00000000
core   0: 0x800093a8 (0x69c02b13) slti    s6, zero, 1692
core   0: 3 0x800093a8 (0x69c02b13) x22 0x00000001
core   0: 0x800093ac (0x40018533) sub     a0, gp, zero
core   0: 3 0x800093ac (0x40018533) x10 0x0000028c
core   0: 0x800093b0 (0x0135d333) srl     t1, a1, s3
core   0: 3 0x800093b0 (0x0135d333) x 6 0x00000000
core   0: 0x800093b4 (0x02373b33) mulhu   s6, a4, gp
core   0: 3 0x800093b4 (0x02373b33) x22 0x0000028b
core   0: 0x800093b8 (0x8f2d3f93) sltiu   t6, s10, -1806
core   0: 3 0x800093b8 (0x8f2d3f93) x31 0x00000001
core   0: 0x800093bc (0x00bdfc33) and     s8, s11, a1
core   0: 3 0x800093bc (0x00bdfc33) x24 0x00000000
core   0: 0x800093c0 (0x035336b3) mulhu   a3, t1, s5
core   0: 3 0x800093c0 (0x035336b3) x13 0x00000000
core   0: 0x800093c4 (0x86e73737) lui     a4, 0x86e73
core   0: 3 0x800093c4 (0x86e73737) x14 0x86e73000
core   0: 0x800093c8 (0x0360dc33) divu    s8, ra, s6
core   0: 3 0x800093c8 (0x0360dc33) x24 0x0064ab74
core   0: 0x800093cc (0x7227fc13) andi    s8, a5, 1826
core   0: 3 0x800093cc (0x7227fc13) x24 0x00000000
core   0: 0x800093d0 (0x01b1df33) srl     t5, gp, s11
core   0: 3 0x800093d0 (0x01b1df33) x30 0x0000028c
core   0: 0x800093d4 (0x2186c913) xori    s2, a3, 536
core   0: 3 0x800093d4 (0x2186c913) x18 0x00000218
core   0: 0x800093d8 (0x89259b37) lui     s6, 0x89259
core   0: 3 0x800093d8 (0x89259b37) x22 0x89259000
core   0: 0x800093dc (0xcc0c8213) addi    tp, s9, -832
core   0: 3 0x800093dc (0xcc0c8213) x 4 0xfffffcc1
core   0: 0x800093e0 (0x1d1bc613) xori    a2, s7, 465
core   0: 3 0x800093e0 (0x1d1bc613) x12 0x000001d1
core   0: 0x800093e4 (0x0389fcb3) remu    s9, s3, s8
core   0: 3 0x800093e4 (0x0389fcb3) x25 0x80014fd4
core   0: 0x800093e8 (0x03b007b3) mul     a5, zero, s11
core   0: 3 0x800093e8 (0x03b007b3) x15 0x00000000
core   0: 0x800093ec (0x0105a033) slt     zero, a1, a6
core   0: 3 0x800093ec (0x0105a033)
core   0: 0x800093f0 (0x039269b3) rem     s3, tp, s9
core   0: 3 0x800093f0 (0x039269b3) x19 0xfffffcc1
core   0: 0x800093f4 (0x8adbb413) sltiu   s0, s7, -1875
core   0: 3 0x800093f4 (0x8adbb413) x 8 0x00000001
core   0: 0x800093f8 (0x001a37b3) sltu    a5, s4, ra
core   0: 3 0x800093f8 (0x001a37b3) x15 0x00000001
core   0: 0x800093fc (0x0324d233) divu    tp, s1, s2
core   0: 3 0x800093fc (0x0324d233) x 4 0x005d0923
core   0: 0x80009400 (0x022f6433) rem     s0, t5, sp
core   0: 3 0x80009400 (0x022f6433) x 8 0x00000004
core   0: 0x80009404 (0x0cd70e93) addi    t4, a4, 205
core   0: 3 0x80009404 (0x0cd70e93) x29 0x86e730cd
core   0: 0x80009408 (0x39248d93) addi    s11, s1, 914
core   0: 3 0x80009408 (0x39248d93) x27 0xc2cb26ea
core   0: 0x8000940c (0x03139033) mulh    zero, t2, a7
core   0: 3 0x8000940c (0x03139033)
core   0: 0x80009410 (0x41105813) srai    a6, zero, 17
core   0: 3 0x80009410 (0x41105813) x16 0x00000000
core   0: 0x80009414 (0x00d95993) srli    s3, s2, 13
core   0: 3 0x80009414 (0x00d95993) x19 0x00000000
core   0: 0x80009418 (0x01f456b3) srl     a3, s0, t6
core   0: 3 0x80009418 (0x01f456b3) x13 0x00000002
core   0: 0x8000941c (0x00000013) nop
core   0: 3 0x8000941c (0x00000013)
core   0: 0x80009420 (0x01abd393) srli    t2, s7, 26
core   0: 3 0x80009420 (0x01abd393) x 7 0x00000000
core   0: 0x80009424 (0x418409b3) sub     s3, s0, s8
core   0: 3 0x80009424 (0x418409b3) x19 0x00000004
core   0: 0x80009428 (0x03b88433) mul     s0, a7, s11
core   0: 3 0x80009428 (0x03b88433) x 8 0x00000000
core   0: 0x8000942c (0x63e70013) addi    zero, a4, 1598
core   0: 3 0x8000942c (0x63e70013)
core   0: 0x80009430 (0x00fd76b3) and     a3, s10, a5
core   0: 3 0x80009430 (0x00fd76b3) x13 0x00000001
core   0: 0x80009434 (0x01369b33) sll     s6, a3, s3
core   0: 3 0x80009434 (0x01369b33) x22 0x00000010
core   0: 0x80009438 (0x00ea7633) and     a2, s4, a4
core   0: 3 0x80009438 (0x00ea7633) x12 0x00000000
core   0: 0x8000943c (0xabb8c493) xori    s1, a7, -1349
core   0: 3 0x8000943c (0xabb8c493) x 9 0xfffffabb
core   0: 0x80009440 (0x01f8b8b3) sltu    a7, a7, t6
core   0: 3 0x80009440 (0x01f8b8b3) x17 0x00000001
core   0: 0x80009444 (0x01545093) srli    ra, s0, 21
core   0: 3 0x80009444 (0x01545093) x 1 0x00000000
core   0: 0x80009448 (0x40590c33) sub     s8, s2, t0
core   0: 3 0x80009448 (0x40590c33) x24 0x7ffeb3b4
core   0: 0x8000944c (0x010517b3) sll     a5, a0, a6
core   0: 3 0x8000944c (0x010517b3) x15 0x0000028c
core   0: 0x80009450 (0x03b649b3) div     s3, a2, s11
core   0: 3 0x80009450 (0x03b649b3) x19 0x00000000
core   0: 0x80009454 (0x01dff8b3) and     a7, t6, t4
core   0: 3 0x80009454 (0x01dff8b3) x17 0x00000001
core   0: 0x80009458 (0x00531793) slli    a5, t1, 5
core   0: 3 0x80009458 (0x00531793) x15 0x00000000
core   0: 0x8000945c (0xb298a813) slti    a6, a7, -1239
core   0: 3 0x8000945c (0xb298a813) x16 0x00000000
core   0: 0x80009460 (0x0206dfb3) divu    t6, a3, zero
core   0: 3 0x80009460 (0x0206dfb3) x31 0xffffffff
core   0: 0x80009464 (0x00c13233) sltu    tp, sp, a2
core   0: 3 0x80009464 (0x00c13233) x 4 0x00000000
core   0: 0x80009468 (0x01f583b3) add     t2, a1, t6
core   0: 3 0x80009468 (0x01f583b3) x 7 0xffffffff
core   0: 0x8000946c (0xfaa06913) ori     s2, zero, -86
core   0: 3 0x8000946c (0xfaa06913) x18 0xffffffaa
core   0: 0x80009470 (0x41535093) srai    ra, t1, 21
core   0: 3 0x80009470 (0x41535093) x 1 0x00000000
core   0: 0x80009474 (0x023aceb3) div     t4, s5, gp
core   0: 3 0x80009474 (0x023aceb3) x29 0x00000000
core   0: 0x80009478 (0x2fb1a713) slti    a4, gp, 763
core   0: 3 0x80009478 (0x2fb1a713) x14 0x00000001
core   0: 0x8000947c (0x00122cb3) slt     s9, tp, ra
core   0: 3 0x8000947c (0x00122cb3) x25 0x00000000
core   0: 0x80009480 (0x41615e93) srai    t4, sp, 22
core   0: 3 0x80009480 (0x41615e93) x29 0x00000000
core   0: 0x80009484 (0x28056013) ori     zero, a0, 640
core   0: 3 0x80009484 (0x28056013)
core   0: 0x80009488 (0x03261fb3) mulh    t6, a2, s2
core   0: 3 0x80009488 (0x03261fb3) x31 0x00000000
core   0: 0x8000948c (0x13217697) auipc   a3, 0x13217
core   0: 3 0x8000948c (0x13217697) x13 0x9322048c
core   0: 0x80009490 (0x48d7ba93) sltiu   s5, a5, 1165
core   0: 3 0x80009490 (0x48d7ba93) x21 0x00000001
core   0: 0x80009494 (0xffb41b37) lui     s6, 0xffb41
core   0: 3 0x80009494 (0xffb41b37) x22 0xffb41000
core   0: 0x80009498 (0x00000013) nop
core   0: 3 0x80009498 (0x00000013)
core   0: 0x8000949c (0x40325a33) sra     s4, tp, gp
core   0: 3 0x8000949c (0x40325a33) x20 0x00000000
core   0: 0x800094a0 (0xb7688193) addi    gp, a7, -1162
core   0: 3 0x800094a0 (0xb7688193) x 3 0xfffffb77
core   0: 0x800094a4 (0x0080fa33) and     s4, ra, s0
core   0: 3 0x800094a4 (0x0080fa33) x20 0x00000000
core   0: 0x800094a8 (0x00989393) slli    t2, a7, 9
core   0: 3 0x800094a8 (0x00989393) x 7 0x00000200
core   0: 0x800094ac (0x00d133b3) sltu    t2, sp, a3
core   0: 3 0x800094ac (0x00d133b3) x 7 0x00000001
core   0: 0x800094b0 (0x01ef9d13) slli    s10, t6, 30
core   0: 3 0x800094b0 (0x01ef9d13) x26 0x00000000
core   0: 0x800094b4 (0x5d180317) auipc   t1, 0x5d180
core   0: 3 0x800094b4 (0x5d180317) x 6 0xdd1894b4
core   0: 0x800094b8 (0x00339693) slli    a3, t2, 3
core   0: 3 0x800094b8 (0x00339693) x13 0x00000008
core   0: 0x800094bc (0x01a08233) add     tp, ra, s10
core   0: 3 0x800094bc (0x01a08233) x 4 0x00000000
core   0: 0x800094c0 (0x00000013) nop
core   0: 3 0x800094c0 (0x00000013)
core   0: 0x800094c4 (0x02713033) mulhu   zero, sp, t2
core   0: 3 0x800094c4 (0x02713033)
core   0: 0x800094c8 (0x00165913) srli    s2, a2, 1
core   0: 3 0x800094c8 (0x00165913) x18 0x00000000
core   0: 0x800094cc (0x025ffb33) remu    s6, t6, t0
core   0: 3 0x800094cc (0x025ffb33) x22 0x00000000
core   0: 0x800094d0 (0x03f23b33) mulhu   s6, tp, t6
core   0: 3 0x800094d0 (0x03f23b33) x22 0x00000000
core   0: 0x800094d4 (0xd9e28c13) addi    s8, t0, -610
core   0: 3 0x800094d4 (0xd9e28c13) x24 0x80014c02
core   0: 0x800094d8 (0x9e12a537) lui     a0, 0x9e12a
core   0: 3 0x800094d8 (0x9e12a537) x10 0x9e12a000
core   0: 0x800094dc (0x03aebab3) mulhu   s5, t4, s10
core   0: 3 0x800094dc (0x03aebab3) x21 0x00000000
core   0: 0x800094e0 (0x00a28733) add     a4, t0, a0
core   0: 3 0x800094e0 (0x00a28733) x14 0x1e13ee64
core   0: 0x800094e4 (0x03b83f33) mulhu   t5, a6, s11
core   0: 3 0x800094e4 (0x03b83f33) x30 0x00000000
core   0: 0x800094e8 (0x02fbccb3) div     s9, s7, a5
core   0: 3 0x800094e8 (0x02fbccb3) x25 0xffffffff
core   0: 0x800094ec (0x0042c1b3) xor     gp, t0, tp
core   0: 3 0x800094ec (0x0042c1b3) x 3 0x80014e64
core   0: 0x800094f0 (0x00000013) nop
core   0: 3 0x800094f0 (0x00000013)
core   0: 0x800094f4 (0x44fd4193) xori    gp, s10, 1103
core   0: 3 0x800094f4 (0x44fd4193) x 3 0x0000044f
core   0: 0x800094f8 (0x009073b3) and     t2, zero, s1
core   0: 3 0x800094f8 (0x009073b3) x 7 0x00000000
core   0: 0x800094fc (0x0049f8b3) and     a7, s3, tp
core   0: 3 0x800094fc (0x0049f8b3) x17 0x00000000
core   0: 0x80009500 (0x03a6f633) remu    a2, a3, s10
core   0: 3 0x80009500 (0x03a6f633) x12 0x00000008
core   0: 0x80009504 (0x033f4f33) div     t5, t5, s3
core   0: 3 0x80009504 (0x033f4f33) x30 0xffffffff
core   0: 0x80009508 (0x00cae533) or      a0, s5, a2
core   0: 3 0x80009508 (0x00cae533) x10 0x00000008
core   0: 0x8000950c (0x837d2a93) slti    s5, s10, -1993
core   0: 3 0x8000950c (0x837d2a93) x21 0x00000000
core   0: 0x80009510 (0x002adb13) srli    s6, s5, 2
core   0: 3 0x80009510 (0x002adb13) x22 0x00000000
core   0: 0x80009514 (0x012a3433) sltu    s0, s4, s2
core   0: 3 0x80009514 (0x012a3433) x 8 0x00000000
core   0: 0x80009518 (0x40545b13) srai    s6, s0, 5
core   0: 3 0x80009518 (0x40545b13) x22 0x00000000
core   0: 0x8000951c (0xeb3af213) andi    tp, s5, -333
core   0: 3 0x8000951c (0xeb3af213) x 4 0x00000000
core   0: 0x80009520 (0x03502f33) mulhsu  t5, zero, s5
core   0: 3 0x80009520 (0x03502f33) x30 0x00000000
core   0: 0x80009524 (0x02ad5ab3) divu    s5, s10, a0
core   0: 3 0x80009524 (0x02ad5ab3) x21 0x00000000
core   0: 0x80009528 (0x016e6f33) or      t5, t3, s6
core   0: 3 0x80009528 (0x016e6f33) x30 0x80018ce4
core   0: 0x8000952c (0x019f1cb3) sll     s9, t5, s9
core   0: 3 0x8000952c (0x019f1cb3) x25 0x00000000
core   0: 0x80009530 (0x01ca86b3) add     a3, s5, t3
core   0: 3 0x80009530 (0x01ca86b3) x13 0x80018ce4
core   0: 0x80009534 (0xd589a213) slti    tp, s3, -680
core   0: 3 0x80009534 (0xd589a213) x 4 0x00000000
core   0: 0x80009538 (0x017ec633) xor     a2, t4, s7
core   0: 3 0x80009538 (0x017ec633) x12 0x00000000
core   0: 0x8000953c (0x8306c513) xori    a0, a3, -2000
core   0: 3 0x8000953c (0x8306c513) x10 0x7ffe74d4
core   0: 0x80009540 (0x021b1233) mulh    tp, s6, ra
core   0: 3 0x80009540 (0x021b1233) x 4 0x00000000
core   0: 0x80009544 (0x4092da33) sra     s4, t0, s1
core   0: 3 0x80009544 (0x4092da33) x20 0xfffffff0
core   0: 0x80009548 (0x007daeb3) slt     t4, s11, t2
core   0: 3 0x80009548 (0x007daeb3) x29 0x00000001
core   0: 0x8000954c (0xde84bc13) sltiu   s8, s1, -536
core   0: 3 0x8000954c (0xde84bc13) x24 0x00000001
core   0: 0x80009550 (0x409dda33) sra     s4, s11, s1
core   0: 3 0x80009550 (0x409dda33) x20 0xfffffff8
core   0: 0x80009554 (0x02938bb3) mul     s7, t2, s1
core   0: 3 0x80009554 (0x02938bb3) x23 0x00000000
core   0: 0x80009558 (0x02da8633) mul     a2, s5, a3
core   0: 3 0x80009558 (0x02da8633) x12 0x00000000
core   0: 0x8000955c (0x017c8833) add     a6, s9, s7
core   0: 3 0x8000955c (0x017c8833) x16 0x00000000
core   0: 0x80009560 (0x410589b3) sub     s3, a1, a6
core   0: 3 0x80009560 (0x410589b3) x19 0x00000000
core   0: 0x80009564 (0x40fb0933) sub     s2, s6, a5
core   0: 3 0x80009564 (0x40fb0933) x18 0x00000000
core   0: 0x80009568 (0x0160cf33) xor     t5, ra, s6
core   0: 3 0x80009568 (0x0160cf33) x30 0x00000000
core   0: 0x8000956c (0x016b5c93) srli    s9, s6, 22
core   0: 3 0x8000956c (0x016b5c93) x25 0x00000000
core   0: 0x80009570 (0x0064bf33) sltu    t5, s1, t1
core   0: 3 0x80009570 (0x0064bf33) x30 0x00000000
core   0: 0x80009574 (0x02ed7b33) remu    s6, s10, a4
core   0: 3 0x80009574 (0x02ed7b33) x22 0x00000000
core   0: 0x80009578 (0x015ba533) slt     a0, s7, s5
core   0: 3 0x80009578 (0x015ba533) x10 0x00000000
core   0: 0x8000957c (0x01bbeeb3) or      t4, s7, s11
core   0: 3 0x8000957c (0x01bbeeb3) x29 0xc2cb26ea
core   0: 0x80009580 (0x01cfd593) srli    a1, t6, 28
core   0: 3 0x80009580 (0x01cfd593) x11 0x00000000
core   0: 0x80009584 (0x00fd24b3) slt     s1, s10, a5
core   0: 3 0x80009584 (0x00fd24b3) x 9 0x00000000
core   0: 0x80009588 (0xa4edc313) xori    t1, s11, -1458
core   0: 3 0x80009588 (0xa4edc313) x 6 0x3d34dca4
core   0: 0x8000958c (0x029ddb33) divu    s6, s11, s1
core   0: 3 0x8000958c (0x029ddb33) x22 0xffffffff
core   0: 0x80009590 (0x2e002a17) auipc   s4, 0x2e002
core   0: 3 0x80009590 (0x2e002a17) x20 0xae00b590
core   0: 0x80009594 (0xc3e669b7) lui     s3, 0xc3e66
core   0: 3 0x80009594 (0xc3e669b7) x19 0xc3e66000
core   0: 0x80009598 (0x009cf7b3) and     a5, s9, s1
core   0: 3 0x80009598 (0x009cf7b3) x15 0x00000000
core   0: 0x8000959c (0x409686b3) sub     a3, a3, s1
core   0: 3 0x8000959c (0x409686b3) x13 0x80018ce4
core   0: 0x800095a0 (0xd1e17037) lui     zero, 0xd1e17
core   0: 3 0x800095a0 (0xd1e17037)
core   0: 0x800095a4 (0xd99a2b93) slti    s7, s4, -615
core   0: 3 0x800095a4 (0xd99a2b93) x23 0x00000001
core   0: 0x800095a8 (0x000804b3) add     s1, a6, zero
core   0: 3 0x800095a8 (0x000804b3) x 9 0x00000000
core   0: 0x800095ac (0xde3fea13) ori     s4, t6, -541
core   0: 3 0x800095ac (0xde3fea13) x20 0xfffffde3
core   0: 0x800095b0 (0x40e90e93) addi    t4, s2, 1038
core   0: 3 0x800095b0 (0x40e90e93) x29 0x0000040e
core   0: 0x800095b4 (0x01050cb3) add     s9, a0, a6
core   0: 3 0x800095b4 (0x01050cb3) x25 0x00000000
core   0: 0x800095b8 (0x3542a693) slti    a3, t0, 852
core   0: 3 0x800095b8 (0x3542a693) x13 0x00000001
core   0: 0x800095bc (0x9ff6f993) andi    s3, a3, -1537
core   0: 3 0x800095bc (0x9ff6f993) x19 0x00000001
core   0: 0x800095c0 (0x03035a33) divu    s4, t1, a6
core   0: 3 0x800095c0 (0x03035a33) x20 0xffffffff
core   0: 0x800095c4 (0x03c4dd33) divu    s10, s1, t3
core   0: 3 0x800095c4 (0x03c4dd33) x26 0x00000000
core   0: 0x800095c8 (0x563ac993) xori    s3, s5, 1379
core   0: 3 0x800095c8 (0x563ac993) x19 0x00000563
core   0: 0x800095cc (0x72e56013) ori     zero, a0, 1838
core   0: 3 0x800095cc (0x72e56013)
core   0: 0x800095d0 (0x029700b3) mul     ra, a4, s1
core   0: 3 0x800095d0 (0x029700b3) x 1 0x00000000
core   0: 0x800095d4 (0x00ce61b3) or      gp, t3, a2
core   0: 3 0x800095d4 (0x00ce61b3) x 3 0x80018ce4
core   0: 0x800095d8 (0xfeea0917) auipc   s2, 0xfeea0
core   0: 3 0x800095d8 (0xfeea0917) x18 0x7eea95d8
core   0: 0x800095dc (0xb6e2c637) lui     a2, 0xb6e2c
core   0: 3 0x800095dc (0xb6e2c637) x12 0xb6e2c000
core   0: 0x800095e0 (0xbc42a417) auipc   s0, 0xbc42a
core   0: 3 0x800095e0 (0xbc42a417) x 8 0x3c4335e0
core   0: 0x800095e4 (0x0177a633) slt     a2, a5, s7
core   0: 3 0x800095e4 (0x0177a633) x12 0x00000001
core   0: 0x800095e8 (0x00000013) nop
core   0: 3 0x800095e8 (0x00000013)
core   0: 0x800095ec (0x03ad2eb3) mulhsu  t4, s10, s10
core   0: 3 0x800095ec (0x03ad2eb3) x29 0x00000000
core   0: 0x800095f0 (0x02cb81b3) mul     gp, s7, a2
core   0: 3 0x800095f0 (0x02cb81b3) x 3 0x00000001
core   0: 0x800095f4 (0x8342ef13) ori     t5, t0, -1996
core   0: 3 0x800095f4 (0x8342ef13) x30 0xfffffe74
core   0: 0x800095f8 (0x03196533) rem     a0, s2, a7
core   0: 3 0x800095f8 (0x03196533) x10 0x7eea95d8
core   0: 0x800095fc (0x020a0eb3) mul     t4, s4, zero
core   0: 3 0x800095fc (0x020a0eb3) x29 0x00000000
core   0: 0x80009600 (0xd36b0c13) addi    s8, s6, -714
core   0: 3 0x80009600 (0xd36b0c13) x24 0xfffffd35
core   0: 0x80009604 (0xd38ba313) slti    t1, s7, -712
core   0: 3 0x80009604 (0xd38ba313) x 6 0x00000000
core   0: 0x80009608 (0x9a266693) ori     a3, a2, -1630
core   0: 3 0x80009608 (0x9a266693) x13 0xfffff9a3
core   0: 0x8000960c (0x00000013) nop
core   0: 3 0x8000960c (0x00000013)
core   0: 0x80009610 (0x00a81513) slli    a0, a6, 10
core   0: 3 0x80009610 (0x00a81513) x10 0x00000000
core   0: 0x80009614 (0x22d80513) addi    a0, a6, 557
core   0: 3 0x80009614 (0x22d80513) x10 0x0000022d
core   0: 0x80009618 (0x031ef6b3) remu    a3, t4, a7
core   0: 3 0x80009618 (0x031ef6b3) x13 0x00000000
core   0: 0x8000961c (0x00c20033) add     zero, tp, a2
core   0: 3 0x8000961c (0x00c20033)
core   0: 0x80009620 (0x0056bd33) sltu    s10, a3, t0
core   0: 3 0x80009620 (0x0056bd33) x26 0x00000001
core   0: 0x80009624 (0x276ee593) ori     a1, t4, 630
core   0: 3 0x80009624 (0x276ee593) x11 0x00000276
core   0: 0x80009628 (0x0166b0b3) sltu    ra, a3, s6
core   0: 3 0x80009628 (0x0166b0b3) x 1 0x00000001
core   0: 0x8000962c (0x00b79793) slli    a5, a5, 11
core   0: 3 0x8000962c (0x00b79793) x15 0x00000000
core   0: 0x80009630 (0xeb910413) addi    s0, sp, -327
core   0: 3 0x80009630 (0xeb910413) x 8 0xfffffec1
core   0: 0x80009634 (0x00c5da33) srl     s4, a1, a2
core   0: 3 0x80009634 (0x00c5da33) x20 0x0000013b
core   0: 0x80009638 (0x009329b3) slt     s3, t1, s1
core   0: 3 0x80009638 (0x009329b3) x19 0x00000000
core   0: 0x8000963c (0x0340afb3) mulhsu  t6, ra, s4
core   0: 3 0x8000963c (0x0340afb3) x31 0x00000000
core   0: 0x80009640 (0x0097ab33) slt     s6, a5, s1
core   0: 3 0x80009640 (0x0097ab33) x22 0x00000000
core   0: 0x80009644 (0x0250c233) div     tp, ra, t0
core   0: 3 0x80009644 (0x0250c233) x 4 0x00000000
core   0: 0x80009648 (0x0316dfb3) divu    t6, a3, a7
core   0: 3 0x80009648 (0x0316dfb3) x31 0xffffffff
core   0: 0x8000964c (0x0273ec33) rem     s8, t2, t2
core   0: 3 0x8000964c (0x0273ec33) x24 0x00000000
core   0: 0x80009650 (0x03e3feb3) remu    t4, t2, t5
core   0: 3 0x80009650 (0x03e3feb3) x29 0x00000000
core   0: 0x80009654 (0x5a1aa193) slti    gp, s5, 1441
core   0: 3 0x80009654 (0x5a1aa193) x 3 0x00000001
core   0: 0x80009658 (0x2afb4393) xori    t2, s6, 687
core   0: 3 0x80009658 (0x2afb4393) x 7 0x000002af
core   0: 0x8000965c (0x01217033) and     zero, sp, s2
core   0: 3 0x8000965c (0x01217033)
core   0: 0x80009660 (0x000d81b3) add     gp, s11, zero
core   0: 3 0x80009660 (0x000d81b3) x 3 0xc2cb26ea
core   0: 0x80009664 (0x00401b33) sll     s6, zero, tp
core   0: 3 0x80009664 (0x00401b33) x22 0x00000000
core   0: 0x80009668 (0xbd526d37) lui     s10, 0xbd526
core   0: 3 0x80009668 (0xbd526d37) x26 0xbd526000
core   0: 0x8000966c (0x006f6933) or      s2, t5, t1
core   0: 3 0x8000966c (0x006f6933) x18 0xfffffe74
core   0: 0x80009670 (0x009d6833) or      a6, s10, s1
core   0: 3 0x80009670 (0x009d6833) x16 0xbd526000
core   0: 0x80009674 (0x03f573b3) remu    t2, a0, t6
core   0: 3 0x80009674 (0x03f573b3) x 7 0x0000022d
core   0: 0x80009678 (0x034f3433) mulhu   s0, t5, s4
core   0: 3 0x80009678 (0x034f3433) x 8 0x0000013a
core   0: 0x8000967c (0x030086b3) mul     a3, ra, a6
core   0: 3 0x8000967c (0x030086b3) x13 0xbd526000
core   0: 0x80009680 (0x003ad793) srli    a5, s5, 3
core   0: 3 0x80009680 (0x003ad793) x15 0x00000000
core   0: 0x80009684 (0x40b68333) sub     t1, a3, a1
core   0: 3 0x80009684 (0x40b68333) x 6 0xbd525d8a
core   0: 0x80009688 (0x01611f13) slli    t5, sp, 22
core   0: 3 0x80009688 (0x01611f13) x30 0x02000000
core   0: 0x8000968c (0x01b9eb33) or      s6, s3, s11
core   0: 3 0x8000968c (0x01b9eb33) x22 0xc2cb26ea
core   0: 0x80009690 (0x411056b3) sra     a3, zero, a7
core   0: 3 0x80009690 (0x411056b3) x13 0x00000000
core   0: 0x80009694 (0x41935633) sra     a2, t1, s9
core   0: 3 0x80009694 (0x41935633) x12 0xbd525d8a
core   0: 0x80009698 (0x01004033) xor     zero, zero, a6
core   0: 3 0x80009698 (0x01004033)
core   0: 0x8000969c (0x29e425b7) lui     a1, 0x29e42
core   0: 3 0x8000969c (0x29e425b7) x11 0x29e42000
core   0: 0x800096a0 (0x01ddfeb3) and     t4, s11, t4
core   0: 3 0x800096a0 (0x01ddfeb3) x29 0x00000000
core   0: 0x800096a4 (0x00a4b933) sltu    s2, s1, a0
core   0: 3 0x800096a4 (0x00a4b933) x18 0x00000001
core   0: 0x800096a8 (0x00000013) nop
core   0: 3 0x800096a8 (0x00000013)
core   0: 0x800096ac (0x01a08033) add     zero, ra, s10
core   0: 3 0x800096ac (0x01a08033)
core   0: 0x800096b0 (0xc2ace937) lui     s2, 0xc2ace
core   0: 3 0x800096b0 (0xc2ace937) x18 0xc2ace000
core   0: 0x800096b4 (0x00b949b3) xor     s3, s2, a1
core   0: 3 0x800096b4 (0x00b949b3) x19 0xeb48c000
core   0: 0x800096b8 (0x02598c33) mul     s8, s3, t0
core   0: 3 0x800096b8 (0x02598c33) x24 0xd2eb0000
core   0: 0x800096bc (0x78474393) xori    t2, a4, 1924
core   0: 3 0x800096bc (0x78474393) x 7 0x1e13e9e0
core   0: 0x800096c0 (0x02e8c1b3) div     gp, a7, a4
core   0: 3 0x800096c0 (0x02e8c1b3) x 3 0x00000000
core   0: 0x800096c4 (0xae603193) sltiu   gp, zero, -1306
core   0: 3 0x800096c4 (0xae603193) x 3 0x00000001
core   0: 0x800096c8 (0x0252dcb3) divu    s9, t0, t0
core   0: 3 0x800096c8 (0x0252dcb3) x25 0x00000001
core   0: 0x800096cc (0x029059b3) divu    s3, zero, s1
core   0: 3 0x800096cc (0x029059b3) x19 0xffffffff
core   0: 0x800096d0 (0x01cdbcb3) sltu    s9, s11, t3
core   0: 3 0x800096d0 (0x01cdbcb3) x25 0x00000000
core   0: 0x800096d4 (0x027d6233) rem     tp, s10, t2
core   0: 3 0x800096d4 (0x027d6233) x 4 0xf97a33c0
core   0: 0x800096d8 (0x1040fb17) auipc   s6, 0x1040f
core   0: 3 0x800096d8 (0x1040fb17) x22 0x904186d8
core   0: 0x800096dc (0x005863b3) or      t2, a6, t0
core   0: 3 0x800096dc (0x005863b3) x 7 0xbd536e64
core   0: 0x800096e0 (0x00b696b3) sll     a3, a3, a1
core   0: 3 0x800096e0 (0x00b696b3) x13 0x00000000
core   0: 0x800096e4 (0x036f4fb3) div     t6, t5, s6
core   0: 3 0x800096e4 (0x036f4fb3) x31 0x00000000
core   0: 0x800096e8 (0x03e2e033) rem     zero, t0, t5
core   0: 3 0x800096e8 (0x03e2e033)
core   0: 0x800096ec (0x08abbd13) sltiu   s10, s7, 138
core   0: 3 0x800096ec (0x08abbd13) x26 0x00000001
core   0: 0x800096f0 (0xf3140517) auipc   a0, 0xf3140
core   0: 3 0x800096f0 (0xf3140517) x10 0x731496f0
core   0: 0x800096f4 (0xc80a2fb7) lui     t6, 0xc80a2
core   0: 3 0x800096f4 (0xc80a2fb7) x31 0xc80a2000
core   0: 0x800096f8 (0x001834b3) sltu    s1, a6, ra
core   0: 3 0x800096f8 (0x001834b3) x 9 0x00000000
core   0: 0x800096fc (0x0058e633) or      a2, a7, t0
core   0: 3 0x800096fc (0x0058e633) x12 0x80014e64
core   0: 0x80009700 (0xa52fd417) auipc   s0, 0xa52fd
core   0: 3 0x80009700 (0xa52fd417) x 8 0x25306700
core   0: 0x80009704 (0xb1b9b213) sltiu   tp, s3, -1253
core   0: 3 0x80009704 (0xb1b9b213) x 4 0x00000000
core   0: 0x80009708 (0x01701d13) slli    s10, zero, 23
core   0: 3 0x80009708 (0x01701d13) x26 0x00000000
core   0: 0x8000970c (0x4188df13) srai    t5, a7, 24
core   0: 3 0x8000970c (0x4188df13) x30 0x00000000
core   0: 0x80009710 (0xfb0a0a93) addi    s5, s4, -80
core   0: 3 0x80009710 (0xfb0a0a93) x21 0x000000eb
core   0: 0x80009714 (0x40915213) srai    tp, sp, 9
core   0: 3 0x80009714 (0x40915213) x 4 0x00000000
core   0: 0x80009718 (0x20be3517) auipc   a0, 0x20be3
core   0: 3 0x80009718 (0x20be3517) x10 0xa0bec718
core   0: 0x8000971c (0x03fc4833) div     a6, s8, t6
core   0: 3 0x8000971c (0x03fc4833) x16 0x00000000
core   0: 0x80009720 (0x5c44a213) slti    tp, s1, 1476
core   0: 3 0x80009720 (0x5c44a213) x 4 0x00000001
core   0: 0x80009724 (0x01ff1b13) slli    s6, t5, 31
core   0: 3 0x80009724 (0x01ff1b13) x22 0x00000000
core   0: 0x80009728 (0xf227cd13) xori    s10, a5, -222
core   0: 3 0x80009728 (0xf227cd13) x26 0xffffff22
core   0: 0x8000972c (0xf673bf93) sltiu   t6, t2, -153
core   0: 3 0x8000972c (0xf673bf93) x31 0x00000001
core   0: 0x80009730 (0x0187d893) srli    a7, a5, 24
core   0: 3 0x80009730 (0x0187d893) x17 0x00000000
core   0: 0x80009734 (0x41af5c13) srai    s8, t5, 26
core   0: 3 0x80009734 (0x41af5c13) x24 0x00000000
core   0: 0x80009738 (0x03c08733) mul     a4, ra, t3
core   0: 3 0x80009738 (0x03c08733) x14 0x80018ce4
core   0: 0x8000973c (0x9003ba13) sltiu   s4, t2, -1792
core   0: 3 0x8000973c (0x9003ba13) x20 0x00000001
core   0: 0x80009740 (0x023abf33) mulhu   t5, s5, gp
core   0: 3 0x80009740 (0x023abf33) x30 0x00000000
core   0: 0x80009744 (0x018c6533) or      a0, s8, s8
core   0: 3 0x80009744 (0x018c6533) x10 0x00000000
core   0: 0x80009748 (0x36430313) addi    t1, t1, 868
core   0: 3 0x80009748 (0x36430313) x 6 0xbd5260ee
core   0: 0x8000974c (0x02f384b3) mul     s1, t2, a5
core   0: 3 0x8000974c (0x02f384b3) x 9 0x00000000
core   0: 0x80009750 (0x02dedc33) divu    s8, t4, a3
core   0: 3 0x80009750 (0x02dedc33) x24 0xffffffff
core   0: 0x80009754 (0x00b59233) sll     tp, a1, a1
core   0: 3 0x80009754 (0x00b59233) x 4 0x29e42000
core   0: 0x80009758 (0x41d98433) sub     s0, s3, t4
core   0: 3 0x80009758 (0x41d98433) x 8 0xffffffff
core   0: 0x8000975c (0x1f864813) xori    a6, a2, 504
core   0: 3 0x8000975c (0x1f864813) x16 0x80014f9c
core   0: 0x80009760 (0x008aa0b3) slt     ra, s5, s0
core   0: 3 0x80009760 (0x008aa0b3) x 1 0x00000000
core   0: 0x80009764 (0x00000013) nop
core   0: 3 0x80009764 (0x00000013)
core   0: 0x80009768 (0xe3d0eb93) ori     s7, ra, -451
core   0: 3 0x80009768 (0xe3d0eb93) x23 0xfffffe3d
core   0: 0x8000976c (0x7ecb2e93) slti    t4, s6, 2028
core   0: 3 0x8000976c (0x7ecb2e93) x29 0x00000001
core   0: 0x80009770 (0x00e5dab3) srl     s5, a1, a4
core   0: 3 0x80009770 (0x00e5dab3) x21 0x029e4200
core   0: 0x80009774 (0x42e03493) sltiu   s1, zero, 1070
core   0: 3 0x80009774 (0x42e03493) x 9 0x00000001
core   0: 0x80009778 (0xd4567793) andi    a5, a2, -699
core   0: 3 0x80009778 (0xd4567793) x15 0x80014c44
core   0: 0x8000977c (0x0ff4bc13) sltiu   s8, s1, 255
core   0: 3 0x8000977c (0x0ff4bc13) x24 0x00000001
core   0: 0x80009780 (0xa5ac3513) sltiu   a0, s8, -1446
core   0: 3 0x80009780 (0xa5ac3513) x10 0x00000001
core   0: 0x80009784 (0xa7979c17) auipc   s8, 0xa7979
core   0: 3 0x80009784 (0xa7979c17) x24 0x27982784
core   0: 0x80009788 (0x218d6213) ori     tp, s10, 536
core   0: 3 0x80009788 (0x218d6213) x 4 0xffffff3a
core   0: 0x8000978c (0x033e4a33) div     s4, t3, s3
core   0: 3 0x8000978c (0x033e4a33) x20 0x7ffe731c
core   0: 0x80009790 (0x008917b3) sll     a5, s2, s0
core   0: 3 0x80009790 (0x008917b3) x15 0x00000000
core   0: 0x80009794 (0x0265c033) div     zero, a1, t1
core   0: 3 0x80009794 (0x0265c033)
core   0: 0x80009798 (0xcb9ef713) andi    a4, t4, -839
core   0: 3 0x80009798 (0xcb9ef713) x14 0x00000001
core   0: 0x8000979c (0x0335cc33) div     s8, a1, s3
core   0: 3 0x8000979c (0x0335cc33) x24 0xd61be000
core   0: 0x800097a0 (0x7fb5e613) ori     a2, a1, 2043
core   0: 3 0x800097a0 (0x7fb5e613) x12 0x29e427fb
core   0: 0x800097a4 (0x4240e213) ori     tp, ra, 1060
core   0: 3 0x800097a4 (0x4240e213) x 4 0x00000424
core   0: 0x800097a8 (0x03649bb3) mulh    s7, s1, s6
core   0: 3 0x800097a8 (0x03649bb3) x23 0x00000000
core   0: 0x800097ac (0x003eb733) sltu    a4, t4, gp
core   0: 3 0x800097ac (0x003eb733) x14 0x00000000
core   0: 0x800097b0 (0x01227a33) and     s4, tp, s2
core   0: 3 0x800097b0 (0x01227a33) x20 0x00000000
core   0: 0x800097b4 (0x01805313) srli    t1, zero, 24
core   0: 3 0x800097b4 (0x01805313) x 6 0x00000000
core   0: 0x800097b8 (0xa44a3013) sltiu   zero, s4, -1468
core   0: 3 0x800097b8 (0xa44a3013)
core   0: 0x800097bc (0x015f6433) or      s0, t5, s5
core   0: 3 0x800097bc (0x015f6433) x 8 0x029e4200
core   0: 0x800097c0 (0x02729933) mulh    s2, t0, t2
core   0: 3 0x800097c0 (0x02729933) x18 0x2155f1b6
core   0: 0x800097c4 (0x037f3d33) mulhu   s10, t5, s7
core   0: 3 0x800097c4 (0x037f3d33) x26 0x00000000
core   0: 0x800097c8 (0x333e4593) xori    a1, t3, 819
core   0: 3 0x800097c8 (0x333e4593) x11 0x80018fd7
core   0: 0x800097cc (0x009e6733) or      a4, t3, s1
core   0: 3 0x800097cc (0x009e6733) x14 0x80018ce5
core   0: 0x800097d0 (0xdc8f4793) xori    a5, t5, -568
core   0: 3 0x800097d0 (0xdc8f4793) x15 0xfffffdc8
core   0: 0x800097d4 (0x02d568b3) rem     a7, a0, a3
core   0: 3 0x800097d4 (0x02d568b3) x17 0x00000001
core   0: 0x800097d8 (0x01ea9393) slli    t2, s5, 30
core   0: 3 0x800097d8 (0x01ea9393) x 7 0x00000000
core   0: 0x800097dc (0x85a44b13) xori    s6, s0, -1958
core   0: 3 0x800097dc (0x85a44b13) x22 0xfd61ba5a
core   0: 0x800097e0 (0x00ab30b3) sltu    ra, s6, a0
core   0: 3 0x800097e0 (0x00ab30b3) x 1 0x00000000
core   0: 0x800097e4 (0x78350513) addi    a0, a0, 1923
core   0: 3 0x800097e4 (0x78350513) x10 0x00000784
core   0: 0x800097e8 (0x00551ab3) sll     s5, a0, t0
core   0: 3 0x800097e8 (0x00551ab3) x21 0x00007840
core   0: 0x800097ec (0x800a3f93) sltiu   t6, s4, -2048
core   0: 3 0x800097ec (0x800a3f93) x31 0x00000001
core   0: 0x800097f0 (0x01bf9913) slli    s2, t6, 27
core   0: 3 0x800097f0 (0x01bf9913) x18 0x08000000
core   0: 0x800097f4 (0x036bbab3) mulhu   s5, s7, s6
core   0: 3 0x800097f4 (0x036bbab3) x21 0x00000000
core   0: 0x800097f8 (0xaadcc813) xori    a6, s9, -1363
core   0: 3 0x800097f8 (0xaadcc813) x16 0xfffffaad
core   0: 0x800097fc (0x5d753a93) sltiu   s5, a0, 1495
core   0: 3 0x800097fc (0x5d753a93) x21 0x00000000
core   0: 0x80009800 (0xeb100693) li      a3, -335
core   0: 3 0x80009800 (0xeb100693) x13 0xfffffeb1
core   0: 0x80009804 (0x02fd0b33) mul     s6, s10, a5
core   0: 3 0x80009804 (0x02fd0b33) x22 0x00000000
core   0: 0x80009808 (0x01b064b3) or      s1, zero, s11
core   0: 3 0x80009808 (0x01b064b3) x 9 0xc2cb26ea
core   0: 0x8000980c (0x017857b3) srl     a5, a6, s7
core   0: 3 0x8000980c (0x017857b3) x15 0xfffffaad
core   0: 0x80009810 (0x000b1493) slli    s1, s6, 0
core   0: 3 0x80009810 (0x000b1493) x 9 0x00000000
core   0: 0x80009814 (0x0266bab3) mulhu   s5, a3, t1
core   0: 3 0x80009814 (0x0266bab3) x21 0x00000000
core   0: 0x80009818 (0x015ac933) xor     s2, s5, s5
core   0: 3 0x80009818 (0x015ac933) x18 0x00000000
core   0: 0x8000981c (0x011b54b3) srl     s1, s6, a7
core   0: 3 0x8000981c (0x011b54b3) x 9 0x00000000
core   0: 0x80009820 (0x8b004b93) xori    s7, zero, -1872
core   0: 3 0x80009820 (0x8b004b93) x23 0xfffff8b0
core   0: 0x80009824 (0x02ec3033) mulhu   zero, s8, a4
core   0: 3 0x80009824 (0x02ec3033)
core   0: 0x80009828 (0x0224b033) mulhu   zero, s1, sp
core   0: 3 0x80009828 (0x0224b033)
core   0: 0x8000982c (0x00feca33) xor     s4, t4, a5
core   0: 3 0x8000982c (0x00feca33) x20 0xfffffaac
core   0: 0x80009830 (0x030639b3) mulhu   s3, a2, a6
core   0: 3 0x80009830 (0x030639b3) x19 0x29e4271b
core   0: 0x80009834 (0x00631733) sll     a4, t1, t1
core   0: 3 0x80009834 (0x00631733) x14 0x00000000
core   0: 0x80009838 (0x01daeab3) or      s5, s5, t4
core   0: 3 0x80009838 (0x01daeab3) x21 0x00000001
core   0: 0x8000983c (0x01652eb3) slt     t4, a0, s6
core   0: 3 0x8000983c (0x01652eb3) x29 0x00000000
core   0: 0x80009840 (0x00000013) nop
core   0: 3 0x80009840 (0x00000013)
core   0: 0x80009844 (0x012be8b3) or      a7, s7, s2
core   0: 3 0x80009844 (0x012be8b3) x17 0xfffff8b0
core   0: 0x80009848 (0x02b08833) mul     a6, ra, a1
core   0: 3 0x80009848 (0x02b08833) x16 0x00000000
core   0: 0x8000984c (0x000095b3) sll     a1, ra, zero
core   0: 3 0x8000984c (0x000095b3) x11 0x00000000
core   0: 0x80009850 (0x5df2ffb7) lui     t6, 0x5df2f
core   0: 3 0x80009850 (0x5df2ffb7) x31 0x5df2f000
core   0: 0x80009854 (0xc2b1a093) slti    ra, gp, -981
core   0: 3 0x80009854 (0xc2b1a093) x 1 0x00000000
core   0: 0x80009858 (0xeb684513) xori    a0, a6, -330
core   0: 3 0x80009858 (0xeb684513) x10 0xfffffeb6
core   0: 0x8000985c (0x00aa6433) or      s0, s4, a0
core   0: 3 0x8000985c (0x00aa6433) x 8 0xfffffebe
core   0: 0x80009860 (0x002b9593) slli    a1, s7, 2
core   0: 3 0x80009860 (0x002b9593) x11 0xffffe2c0
core   0: 0x80009864 (0x94f86313) ori     t1, a6, -1713
core   0: 3 0x80009864 (0x94f86313) x 6 0xfffff94f
core   0: 0x80009868 (0xf86ee013) ori     zero, t4, -122
core   0: 3 0x80009868 (0xf86ee013)
core   0: 0x8000986c (0x2b4cb393) sltiu   t2, s9, 692
core   0: 3 0x8000986c (0x2b4cb393) x 7 0x00000001
core   0: 0x80009870 (0x02a06d33) rem     s10, zero, a0
core   0: 3 0x80009870 (0x02a06d33) x26 0x00000000
core   0: 0x80009874 (0x001e1593) slli    a1, t3, 1
core   0: 3 0x80009874 (0x001e1593) x11 0x000319c8
core   0: 0x80009878 (0x0308aa33) mulhsu  s4, a7, a6
core   0: 3 0x80009878 (0x0308aa33) x20 0x00000000
core   0: 0x8000987c (0x18869fb7) lui     t6, 0x18869
core   0: 3 0x8000987c (0x18869fb7) x31 0x18869000
core   0: 0x80009880 (0x00f60633) add     a2, a2, a5
core   0: 3 0x80009880 (0x00f60633) x12 0x29e422a8
core   0: 0x80009884 (0xf4d28537) lui     a0, 0xf4d28
core   0: 3 0x80009884 (0xf4d28537) x10 0xf4d28000
core   0: 0x80009888 (0x0025d733) srl     a4, a1, sp
core   0: 3 0x80009888 (0x0025d733) x14 0x00000319
core   0: 0x8000988c (0x867f4e93) xori    t4, t5, -1945
core   0: 3 0x8000988c (0x867f4e93) x29 0xfffff867
core   0: 0x80009890 (0x018698b3) sll     a7, a3, s8
core   0: 3 0x80009890 (0x018698b3) x17 0xfffffeb1
core   0: 0x80009894 (0x03dc56b3) divu    a3, s8, t4
core   0: 3 0x80009894 (0x03dc56b3) x13 0x00000000
core   0: 0x80009898 (0x288fb193) sltiu   gp, t6, 648
core   0: 3 0x80009898 (0x288fb193) x 3 0x00000000
core   0: 0x8000989c (0x00000013) nop
core   0: 3 0x8000989c (0x00000013)
core   0: 0x800098a0 (0x02151333) mulh    t1, a0, ra
core   0: 3 0x800098a0 (0x02151333) x 6 0x00000000
core   0: 0x800098a4 (0x009a2433) slt     s0, s4, s1
core   0: 3 0x800098a4 (0x009a2433) x 8 0x00000000
core   0: 0x800098a8 (0x42c3cd13) xori    s10, t2, 1068
core   0: 3 0x800098a8 (0x42c3cd13) x26 0x0000042d
core   0: 0x800098ac (0x5d493f93) sltiu   t6, s2, 1492
core   0: 3 0x800098ac (0x5d493f93) x31 0x00000001
core   0: 0x800098b0 (0xec04e393) ori     t2, s1, -320
core   0: 3 0x800098b0 (0xec04e393) x 7 0xfffffec0
core   0: 0x800098b4 (0x03877533) remu    a0, a4, s8
core   0: 3 0x800098b4 (0x03877533) x10 0x00000319
core   0: 0x800098b8 (0x01775313) srli    t1, a4, 23
core   0: 3 0x800098b8 (0x01775313) x 6 0x00000000
core   0: 0x800098bc (0x400bd193) srai    gp, s7, 0
core   0: 3 0x800098bc (0x400bd193) x 3 0xfffff8b0
core   0: 0x800098c0 (0x53f8fd17) auipc   s10, 0x53f8f
core   0: 3 0x800098c0 (0x53f8fd17) x26 0xd3f988c0
core   0: 0x800098c4 (0x4136db33) sra     s6, a3, s3
core   0: 3 0x800098c4 (0x4136db33) x22 0x00000000
core   0: 0x800098c8 (0x005fc733) xor     a4, t6, t0
core   0: 3 0x800098c8 (0x005fc733) x14 0x80014e65
core   0: 0x800098cc (0x01f05f93) srli    t6, zero, 31
core   0: 3 0x800098cc (0x01f05f93) x31 0x00000000
core   0: 0x800098d0 (0x025917b3) mulh    a5, s2, t0
core   0: 3 0x800098d0 (0x025917b3) x15 0x00000000
core   0: 0x800098d4 (0x00945fb3) srl     t6, s0, s1
core   0: 3 0x800098d4 (0x00945fb3) x31 0x00000000
core   0: 0x800098d8 (0x02839433) mulh    s0, t2, s0
core   0: 3 0x800098d8 (0x02839433) x 8 0x00000000
core   0: 0x800098dc (0x013d0333) add     t1, s10, s3
core   0: 3 0x800098dc (0x013d0333) x 6 0xfdddafdb
core   0: 0x800098e0 (0x015ca833) slt     a6, s9, s5
core   0: 3 0x800098e0 (0x015ca833) x16 0x00000001
core   0: 0x800098e4 (0x166ae513) ori     a0, s5, 358
core   0: 3 0x800098e4 (0x166ae513) x10 0x00000167
core   0: 0x800098e8 (0x008b1333) sll     t1, s6, s0
core   0: 3 0x800098e8 (0x008b1333) x 6 0x00000000
core   0: 0x800098ec (0x0339d1b3) divu    gp, s3, s3
core   0: 3 0x800098ec (0x0339d1b3) x 3 0x00000001
core   0: 0x800098f0 (0x408c50b3) sra     ra, s8, s0
core   0: 3 0x800098f0 (0x408c50b3) x 1 0xd61be000
core   0: 0x800098f4 (0x021f6933) rem     s2, t5, ra
core   0: 3 0x800098f4 (0x021f6933) x18 0x00000000
core   0: 0x800098f8 (0x02e0c733) div     a4, ra, a4
core   0: 3 0x800098f8 (0x02e0c733) x14 0x00000000
core   0: 0x800098fc (0x014f53b3) srl     t2, t5, s4
core   0: 3 0x800098fc (0x014f53b3) x 7 0x00000000
core   0: 0x80009900 (0x86bb8793) addi    a5, s7, -1941
core   0: 3 0x80009900 (0x86bb8793) x15 0xfffff11b
core   0: 0x80009904 (0xea9b65b7) lui     a1, 0xea9b6
core   0: 3 0x80009904 (0xea9b65b7) x11 0xea9b6000
core   0: 0x80009908 (0xffb86237) lui     tp, 0xffb86
core   0: 3 0x80009908 (0xffb86237) x 4 0xffb86000
core   0: 0x8000990c (0xb1bda513) slti    a0, s11, -1253
core   0: 3 0x8000990c (0xb1bda513) x10 0x00000001
core   0: 0x80009910 (0x092a4513) xori    a0, s4, 146
core   0: 3 0x80009910 (0x092a4513) x10 0x00000092
core   0: 0x80009914 (0x011dd593) srli    a1, s11, 17
core   0: 3 0x80009914 (0x011dd593) x11 0x00006165
core   0: 0x80009918 (0x72ec0693) addi    a3, s8, 1838
core   0: 3 0x80009918 (0x72ec0693) x13 0xd61be72e
core   0: 0x8000991c (0x02621733) mulh    a4, tp, t1
core   0: 3 0x8000991c (0x02621733) x14 0x00000000
core   0: 0x80009920 (0x5e33eb13) ori     s6, t2, 1507
core   0: 3 0x80009920 (0x5e33eb13) x22 0x000005e3
core   0: 0x80009924 (0x0100e4b3) or      s1, ra, a6
core   0: 3 0x80009924 (0x0100e4b3) x 9 0xd61be001
core   0: 0x80009928 (0x0132e733) or      a4, t0, s3
core   0: 3 0x80009928 (0x0132e733) x14 0xa9e56f7f
core   0: 0x8000992c (0x03de0733) mul     a4, t3, t4
core   0: 3 0x8000992c (0x03de0733) x14 0x74388fbc
core   0: 0x80009930 (0xade70513) addi    a0, a4, -1314
core   0: 3 0x80009930 (0xade70513) x10 0x74388a9a
core   0: 0x80009934 (0x0286c0b3) div     ra, a3, s0
core   0: 3 0x80009934 (0x0286c0b3) x 1 0xffffffff
core   0: 0x80009938 (0x01282fb3) slt     t6, a6, s2
core   0: 3 0x80009938 (0x01282fb3) x31 0x00000000
core   0: 0x8000993c (0x0191ca33) xor     s4, gp, s9
core   0: 3 0x8000993c (0x0191ca33) x20 0x00000001
core   0: 0x80009940 (0x02d0b9b3) mulhu   s3, ra, a3
core   0: 3 0x80009940 (0x02d0b9b3) x19 0xd61be72d
core   0: 0x80009944 (0x9bfda613) slti    a2, s11, -1601
core   0: 3 0x80009944 (0x9bfda613) x12 0x00000001
core   0: 0x80009948 (0x80d8f413) andi    s0, a7, -2035
core   0: 3 0x80009948 (0x80d8f413) x 8 0xfffff801
core   0: 0x8000994c (0x0173cdb3) xor     s11, t2, s7
core   0: 3 0x8000994c (0x0173cdb3) x27 0xfffff8b0
core   0: 0x80009950 (0x00f58933) add     s2, a1, a5
core   0: 3 0x80009950 (0x00f58933) x18 0x00005280
core   0: 0x80009954 (0x03611ab3) mulh    s5, sp, s6
core   0: 3 0x80009954 (0x03611ab3) x21 0x00000000
core   0: 0x80009958 (0x004ceab3) or      s5, s9, tp
core   0: 3 0x80009958 (0x004ceab3) x21 0xffb86000
core   0: 0x8000995c (0x0145c3b3) xor     t2, a1, s4
core   0: 3 0x8000995c (0x0145c3b3) x 7 0x00006164
core   0: 0x80009960 (0x01acc033) xor     zero, s9, s10
core   0: 3 0x80009960 (0x01acc033)
core   0: 0x80009964 (0x03196a33) rem     s4, s2, a7
core   0: 3 0x80009964 (0x03196a33) x20 0x0000000f
core   0: 0x80009968 (0x026115b3) mulh    a1, sp, t1
core   0: 3 0x80009968 (0x026115b3) x11 0x00000000
core   0: 0x8000996c (0x012f0d33) add     s10, t5, s2
core   0: 3 0x8000996c (0x012f0d33) x26 0x00005280
core   0: 0x80009970 (0x00f480b3) add     ra, s1, a5
core   0: 3 0x80009970 (0x00f480b3) x 1 0xd61bd11c
core   0: 0x80009974 (0x00c270b3) and     ra, tp, a2
core   0: 3 0x80009974 (0x00c270b3) x 1 0x00000000
core   0: 0x80009978 (0x40648f33) sub     t5, s1, t1
core   0: 3 0x80009978 (0x40648f33) x30 0xd61be001
core   0: 0x8000997c (0x03930b33) mul     s6, t1, s9
core   0: 3 0x8000997c (0x03930b33) x22 0x00000000
core   0: 0x80009980 (0x031cdbb3) divu    s7, s9, a7
core   0: 3 0x80009980 (0x031cdbb3) x23 0x00000000
core   0: 0x80009984 (0x019d5613) srli    a2, s10, 25
core   0: 3 0x80009984 (0x019d5613) x12 0x00000000
core   0: 0x80009988 (0xefa4f513) andi    a0, s1, -262
core   0: 3 0x80009988 (0xefa4f513) x10 0xd61be000
core   0: 0x8000998c (0x01df9193) slli    gp, t6, 29
core   0: 3 0x8000998c (0x01df9193) x 3 0x00000000
core   0: 0x80009990 (0x02a209b7) lui     s3, 0x2a20
core   0: 3 0x80009990 (0x02a209b7) x19 0x02a20000
core   0: 0x80009994 (0x00000013) nop
core   0: 3 0x80009994 (0x00000013)
core   0: 0x80009998 (0x03123ab3) mulhu   s5, tp, a7
core   0: 3 0x80009998 (0x03123ab3) x21 0xffb85eb1
core   0: 0x8000999c (0x00000013) nop
core   0: 3 0x8000999c (0x00000013)
core   0: 0x800099a0 (0x00be0fb3) add     t6, t3, a1
core   0: 3 0x800099a0 (0x00be0fb3) x31 0x80018ce4
core   0: 0x800099a4 (0x00055d93) srli    s11, a0, 0
core   0: 3 0x800099a4 (0x00055d93) x27 0xd61be000
core   0: 0x800099a8 (0x00c29eb3) sll     t4, t0, a2
core   0: 3 0x800099a8 (0x00c29eb3) x29 0x80014e64
core   0: 0x800099ac (0x41535933) sra     s2, t1, s5
core   0: 3 0x800099ac (0x41535933) x18 0x00000000
core   0: 0x800099b0 (0x00b7e7b3) or      a5, a5, a1
core   0: 3 0x800099b0 (0x00b7e7b3) x15 0xfffff11b
core   0: 0x800099b4 (0x0304f333) remu    t1, s1, a6
core   0: 3 0x800099b4 (0x0304f333) x 6 0x00000000
core   0: 0x800099b8 (0x405bdb93) srai    s7, s7, 5
core   0: 3 0x800099b8 (0x405bdb93) x23 0x00000000
core   0: 0x800099bc (0x41d35933) sra     s2, t1, t4
core   0: 3 0x800099bc (0x41d35933) x18 0x00000000
core   0: 0x800099c0 (0x00c37cb3) and     s9, t1, a2
core   0: 3 0x800099c0 (0x00c37cb3) x25 0x00000000
core   0: 0x800099c4 (0x41e00c33) sub     s8, zero, t5
core   0: 3 0x800099c4 (0x41e00c33) x24 0x29e41fff
core   0: 0x800099c8 (0x00087ab3) and     s5, a6, zero
core   0: 3 0x800099c8 (0x00087ab3) x21 0x00000000
core   0: 0x800099cc (0x418856b3) sra     a3, a6, s8
core   0: 3 0x800099cc (0x418856b3) x13 0x00000000
core   0: 0x800099d0 (0x0116a633) slt     a2, a3, a7
core   0: 3 0x800099d0 (0x0116a633) x12 0x00000000
core   0: 0x800099d4 (0x0100bbb3) sltu    s7, ra, a6
core   0: 3 0x800099d4 (0x0100bbb3) x23 0x00000001
core   0: 0x800099d8 (0x037583b3) mul     t2, a1, s7
core   0: 3 0x800099d8 (0x037583b3) x 7 0x00000000
core   0: 0x800099dc (0xe656bf13) sltiu   t5, a3, -411
core   0: 3 0x800099dc (0xe656bf13) x30 0x00000001
core   0: 0x800099e0 (0x01b931b3) sltu    gp, s2, s11
core   0: 3 0x800099e0 (0x01b931b3) x 3 0x00000001
core   0: 0x800099e4 (0x03540833) mul     a6, s0, s5
core   0: 3 0x800099e4 (0x03540833) x16 0x00000000
core   0: 0x800099e8 (0x24300793) li      a5, 579
core   0: 3 0x800099e8 (0x24300793) x15 0x00000243
core   0: 0x800099ec (0x00000013) nop
core   0: 3 0x800099ec (0x00000013)
core   0: 0x800099f0 (0xd4878693) addi    a3, a5, -696
core   0: 3 0x800099f0 (0xd4878693) x13 0xffffff8b
core   0: 0x800099f4 (0x343a7d13) andi    s10, s4, 835
core   0: 3 0x800099f4 (0x343a7d13) x26 0x00000003
core   0: 0x800099f8 (0x40d4dc93) srai    s9, s1, 13
core   0: 3 0x800099f8 (0x40d4dc93) x25 0xfffeb0df
core   0: 0x800099fc (0x01ce5993) srli    s3, t3, 28
core   0: 3 0x800099fc (0x01ce5993) x19 0x00000008
core   0: 0x80009a00 (0x01a2c533) xor     a0, t0, s10
core   0: 3 0x80009a00 (0x01a2c533) x10 0x80014e67
core   0: 0x80009a04 (0x4128da93) srai    s5, a7, 18
core   0: 3 0x80009a04 (0x4128da93) x21 0xffffffff
core   0: 0x80009a08 (0x9abe80b7) lui     ra, 0x9abe8
core   0: 3 0x80009a08 (0x9abe80b7) x 1 0x9abe8000
core   0: 0x80009a0c (0x031d9fb3) mulh    t6, s11, a7
core   0: 3 0x80009a0c (0x031d9fb3) x31 0x00000036
core   0: 0x80009a10 (0x009cacb3) slt     s9, s9, s1
core   0: 3 0x80009a10 (0x009cacb3) x25 0x00000000
core   0: 0x80009a14 (0x012c5933) srl     s2, s8, s2
core   0: 3 0x80009a14 (0x012c5933) x18 0x29e41fff
core   0: 0x80009a18 (0x03197fb3) remu    t6, s2, a7
core   0: 3 0x80009a18 (0x03197fb3) x31 0x29e41fff
core   0: 0x80009a1c (0x78f67c13) andi    s8, a2, 1935
core   0: 3 0x80009a1c (0x78f67c13) x24 0x00000000
core   0: 0x80009a20 (0x028d2d33) mulhsu  s10, s10, s0
core   0: 3 0x80009a20 (0x028d2d33) x26 0x00000002
core   0: 0x80009a24 (0x021fe633) rem     a2, t6, ra
core   0: 3 0x80009a24 (0x021fe633) x12 0x29e41fff
core   0: 0x80009a28 (0xc8e3dc97) auipc   s9, 0xc8e3d
core   0: 3 0x80009a28 (0xc8e3dc97) x25 0x48e46a28
core   0: 0x80009a2c (0x0112dc33) srl     s8, t0, a7
core   0: 3 0x80009a2c (0x0112dc33) x24 0x00004000
core   0: 0x80009a30 (0x031e1533) mulh    a0, t3, a7
core   0: 3 0x80009a30 (0x031e1533) x10 0x000000a7
core   0: 0x80009a34 (0x400f0bb3) sub     s7, t5, zero
core   0: 3 0x80009a34 (0x400f0bb3) x23 0x00000001
core   0: 0x80009a38 (0x7362bb93) sltiu   s7, t0, 1846
core   0: 3 0x80009a38 (0x7362bb93) x23 0x00000000
core   0: 0x80009a3c (0x0085a833) slt     a6, a1, s0
core   0: 3 0x80009a3c (0x0085a833) x16 0x00000000
core   0: 0x80009a40 (0x25852913) slti    s2, a0, 600
core   0: 3 0x80009a40 (0x25852913) x18 0x00000001
core   0: 0x80009a44 (0xa3ca7693) andi    a3, s4, -1476
core   0: 3 0x80009a44 (0xa3ca7693) x13 0x0000000c
core   0: 0x80009a48 (0x014c6533) or      a0, s8, s4
core   0: 3 0x80009a48 (0x014c6533) x10 0x0000400f
core   0: 0x80009a4c (0x8ed12d13) slti    s10, sp, -1811
core   0: 3 0x80009a4c (0x8ed12d13) x26 0x00000000
core   0: 0x80009a50 (0x002dcbb3) xor     s7, s11, sp
core   0: 3 0x80009a50 (0x002dcbb3) x23 0xd61be008
core   0: 0x80009a54 (0xc1967913) andi    s2, a2, -999
core   0: 3 0x80009a54 (0xc1967913) x18 0x29e41c19
core   0: 0x80009a58 (0x0211ecb3) rem     s9, gp, ra
core   0: 3 0x80009a58 (0x0211ecb3) x25 0x00000001
core   0: 0x80009a5c (0x40fc5ab3) sra     s5, s8, a5
core   0: 3 0x80009a5c (0x40fc5ab3) x21 0x00000800
core   0: 0x80009a60 (0xdbe62913) slti    s2, a2, -578
core   0: 3 0x80009a60 (0xdbe62913) x18 0x00000000
core   0: 0x80009a64 (0x01d1bab3) sltu    s5, gp, t4
core   0: 3 0x80009a64 (0x01d1bab3) x21 0x00000001
core   0: 0x80009a68 (0x001d0c33) add     s8, s10, ra
core   0: 3 0x80009a68 (0x001d0c33) x24 0x9abe8000
core   0: 0x80009a6c (0xec1bfa13) andi    s4, s7, -319
core   0: 3 0x80009a6c (0xec1bfa13) x20 0xd61be000
core   0: 0x80009a70 (0x00d2ffb3) and     t6, t0, a3
core   0: 3 0x80009a70 (0x00d2ffb3) x31 0x00000004
core   0: 0x80009a74 (0xf9c22c93) slti    s9, tp, -100
core   0: 3 0x80009a74 (0xf9c22c93) x25 0x00000001
core   0: 0x80009a78 (0x74261697) auipc   a3, 0x74261
core   0: 3 0x80009a78 (0x74261697) x13 0xf426aa78
core   0: 0x80009a7c (0x007c9eb3) sll     t4, s9, t2
core   0: 3 0x80009a7c (0x007c9eb3) x29 0x00000001
core   0: 0x80009a80 (0x03e33333) mulhu   t1, t1, t5
core   0: 3 0x80009a80 (0x03e33333) x 6 0x00000000
core   0: 0x80009a84 (0x15d20017) auipc   zero, 0x15d20
core   0: 3 0x80009a84 (0x15d20017)
core   0: 0x80009a88 (0x02f82233) mulhsu  tp, a6, a5
core   0: 3 0x80009a88 (0x02f82233) x 4 0x00000000
core   0: 0x80009a8c (0x01594bb3) xor     s7, s2, s5
core   0: 3 0x80009a8c (0x01594bb3) x23 0x00000001
core   0: 0x80009a90 (0xd9eab593) sltiu   a1, s5, -610
core   0: 3 0x80009a90 (0xd9eab593) x11 0x00000001
core   0: 0x80009a94 (0x414fd7b3) sra     a5, t6, s4
core   0: 3 0x80009a94 (0x414fd7b3) x15 0x00000004
core   0: 0x80009a98 (0x409908b3) sub     a7, s2, s1
core   0: 3 0x80009a98 (0x409908b3) x17 0x29e41fff
core   0: 0x80009a9c (0x011c33b3) sltu    t2, s8, a7
core   0: 3 0x80009a9c (0x011c33b3) x 7 0x00000000
core   0: 0x80009aa0 (0x411bd793) srai    a5, s7, 17
core   0: 3 0x80009aa0 (0x411bd793) x15 0x00000000
core   0: 0x80009aa4 (0x41f30633) sub     a2, t1, t6
core   0: 3 0x80009aa4 (0x41f30633) x12 0xfffffffc
core   0: 0x80009aa8 (0x023e3933) mulhu   s2, t3, gp
core   0: 3 0x80009aa8 (0x023e3933) x18 0x00000000
core   0: 0x80009aac (0x019a1693) slli    a3, s4, 25
core   0: 3 0x80009aac (0x019a1693) x13 0x00000000
core   0: 0x80009ab0 (0x033946b3) div     a3, s2, s3
core   0: 3 0x80009ab0 (0x033946b3) x13 0x00000000
core   0: 0x80009ab4 (0x01062f33) slt     t5, a2, a6
core   0: 3 0x80009ab4 (0x01062f33) x30 0x00000001
core   0: 0x80009ab8 (0x40fc88b3) sub     a7, s9, a5
core   0: 3 0x80009ab8 (0x40fc88b3) x17 0x00000001
core   0: 0x80009abc (0x406e5313) srai    t1, t3, 6
core   0: 3 0x80009abc (0x406e5313) x 6 0xfe000633
core   0: 0x80009ac0 (0x03b4fab3) remu    s5, s1, s11
core   0: 3 0x80009ac0 (0x03b4fab3) x21 0x00000001
core   0: 0x80009ac4 (0x4035da13) srai    s4, a1, 3
core   0: 3 0x80009ac4 (0x4035da13) x20 0x00000000
core   0: 0x80009ac8 (0x034dbeb3) mulhu   t4, s11, s4
core   0: 3 0x80009ac8 (0x034dbeb3) x29 0x00000000
core   0: 0x80009acc (0x00a22eb3) slt     t4, tp, a0
core   0: 3 0x80009acc (0x00a22eb3) x29 0x00000001
core   0: 0x80009ad0 (0x02588ab3) mul     s5, a7, t0
core   0: 3 0x80009ad0 (0x02588ab3) x21 0x80014e64
core   0: 0x80009ad4 (0x030914b3) mulh    s1, s2, a6
core   0: 3 0x80009ad4 (0x030914b3) x 9 0x00000000
core   0: 0x80009ad8 (0xb3d16693) ori     a3, sp, -1219
core   0: 3 0x80009ad8 (0xb3d16693) x13 0xfffffb3d
core   0: 0x80009adc (0x03b3ed33) rem     s10, t2, s11
core   0: 3 0x80009adc (0x03b3ed33) x26 0x00000000
core   0: 0x80009ae0 (0x022831b3) mulhu   gp, a6, sp
core   0: 3 0x80009ae0 (0x022831b3) x 3 0x00000000
core   0: 0x80009ae4 (0x41335a93) srai    s5, t1, 19
core   0: 3 0x80009ae4 (0x41335a93) x21 0xffffffc0
core   0: 0x80009ae8 (0x02437233) remu    tp, t1, tp
core   0: 3 0x80009ae8 (0x02437233) x 4 0xfe000633
core   0: 0x80009aec (0x0013fab3) and     s5, t2, ra
core   0: 3 0x80009aec (0x0013fab3) x21 0x00000000
core   0: 0x80009af0 (0x00000013) nop
core   0: 3 0x80009af0 (0x00000013)
core   0: 0x80009af4 (0x035adb33) divu    s6, s5, s5
core   0: 3 0x80009af4 (0x035adb33) x22 0xffffffff
core   0: 0x80009af8 (0x01759093) slli    ra, a1, 23
core   0: 3 0x80009af8 (0x01759093) x 1 0x00800000
core   0: 0x80009afc (0xfa450313) addi    t1, a0, -92
core   0: 3 0x80009afc (0xfa450313) x 6 0x00003fb3
core   0: 0x80009b00 (0x03091eb3) mulh    t4, s2, a6
core   0: 3 0x80009b00 (0x03091eb3) x29 0x00000000
core   0: 0x80009b04 (0x000eb633) sltu    a2, t4, zero
core   0: 3 0x80009b04 (0x000eb633) x12 0x00000000
core   0: 0x80009b08 (0x03d1a533) mulhsu  a0, gp, t4
core   0: 3 0x80009b08 (0x03d1a533) x10 0x00000000
core   0: 0x80009b0c (0xeca08937) lui     s2, 0xeca08
core   0: 3 0x80009b0c (0xeca08937) x18 0xeca08000
core   0: 0x80009b10 (0x02912c33) mulhsu  s8, sp, s1
core   0: 3 0x80009b10 (0x02912c33) x24 0x00000000
core   0: 0x80009b14 (0x00d81313) slli    t1, a6, 13
core   0: 3 0x80009b14 (0x00d81313) x 6 0x00000000
core   0: 0x80009b18 (0x009ac433) xor     s0, s5, s1
core   0: 3 0x80009b18 (0x009ac433) x 8 0x00000000
core   0: 0x80009b1c (0x03882833) mulhsu  a6, a6, s8
core   0: 3 0x80009b1c (0x03882833) x16 0x00000000
core   0: 0x80009b20 (0x03a7bf33) mulhu   t5, a5, s10
core   0: 3 0x80009b20 (0x03a7bf33) x30 0x00000000
core   0: 0x80009b24 (0x8f1c5337) lui     t1, 0x8f1c5
core   0: 3 0x80009b24 (0x8f1c5337) x 6 0x8f1c5000
core   0: 0x80009b28 (0x00b746b3) xor     a3, a4, a1
core   0: 3 0x80009b28 (0x00b746b3) x13 0x74388fbd
core   0: 0x80009b2c (0x409c5c13) srai    s8, s8, 9
core   0: 3 0x80009b2c (0x409c5c13) x24 0x00000000
core   0: 0x80009b30 (0x03372533) mulhsu  a0, a4, s3
core   0: 3 0x80009b30 (0x03372533) x10 0x00000003
core   0: 0x80009b34 (0xbff9bc13) sltiu   s8, s3, -1025
core   0: 3 0x80009b34 (0xbff9bc13) x24 0x00000001
core   0: 0x80009b38 (0x08f18613) addi    a2, gp, 143
core   0: 3 0x80009b38 (0x08f18613) x12 0x0000008f
core   0: 0x80009b3c (0x4132dc93) srai    s9, t0, 19
core   0: 3 0x80009b3c (0x4132dc93) x25 0xfffff000
core   0: 0x80009b40 (0x01005c13) srli    s8, zero, 16
core   0: 3 0x80009b40 (0x01005c13) x24 0x00000000
core   0: 0x80009b44 (0x00a9fab3) and     s5, s3, a0
core   0: 3 0x80009b44 (0x00a9fab3) x21 0x00000000
core   0: 0x80009b48 (0x89f7a393) slti    t2, a5, -1889
core   0: 3 0x80009b48 (0x89f7a393) x 7 0x00000000
core   0: 0x80009b4c (0x027d8633) mul     a2, s11, t2
core   0: 3 0x80009b4c (0x027d8633) x12 0x00000000
core   0: 0x80009b50 (0x02b26633) rem     a2, tp, a1
core   0: 3 0x80009b50 (0x02b26633) x12 0x00000000
core   0: 0x80009b54 (0x00c18633) add     a2, gp, a2
core   0: 3 0x80009b54 (0x00c18633) x12 0x00000000
core   0: 0x80009b58 (0x34570e93) addi    t4, a4, 837
core   0: 3 0x80009b58 (0x34570e93) x29 0x74389301
core   0: 0x80009b5c (0x00c1d833) srl     a6, gp, a2
core   0: 3 0x80009b5c (0x00c1d833) x16 0x00000000
core   0: 0x80009b60 (0x00000013) nop
core   0: 3 0x80009b60 (0x00000013)
core   0: 0x80009b64 (0x40205213) srai    tp, zero, 2
core   0: 3 0x80009b64 (0x40205213) x 4 0x00000000
core   0: 0x80009b68 (0xe0b8ab13) slti    s6, a7, -501
core   0: 3 0x80009b68 (0xe0b8ab13) x22 0x00000000
core   0: 0x80009b6c (0x5c708a17) auipc   s4, 0x5c708
core   0: 3 0x80009b6c (0x5c708a17) x20 0xdc711b6c
core   0: 0x80009b70 (0x02404733) div     a4, zero, tp
core   0: 3 0x80009b70 (0x02404733) x14 0xffffffff
core   0: 0x80009b74 (0x96492d93) slti    s11, s2, -1692
core   0: 3 0x80009b74 (0x96492d93) x27 0x00000001
core   0: 0x80009b78 (0xbc4e6513) ori     a0, t3, -1084
core   0: 3 0x80009b78 (0xbc4e6513) x10 0xffffffe4
core   0: 0x80009b7c (0x01729a93) slli    s5, t0, 23
core   0: 3 0x80009b7c (0x01729a93) x21 0x32000000
core   0: 0x80009b80 (0x02fb50b3) divu    ra, s6, a5
core   0: 3 0x80009b80 (0x02fb50b3) x 1 0xffffffff
core   0: 0x80009b84 (0x00000013) nop
core   0: 3 0x80009b84 (0x00000013)
core   0: 0x80009b88 (0x018a1f13) slli    t5, s4, 24
core   0: 3 0x80009b88 (0x018a1f13) x30 0x6c000000
core   0: 0x80009b8c (0x162ab593) sltiu   a1, s5, 354
core   0: 3 0x80009b8c (0x162ab593) x11 0x00000000
core   0: 0x80009b90 (0x01c16033) or      zero, sp, t3
core   0: 3 0x80009b90 (0x01c16033)
core   0: 0x80009b94 (0x02169d33) mulh    s10, a3, ra
core   0: 3 0x80009b94 (0x02169d33) x26 0xffffffff
core   0: 0x80009b98 (0x0192ceb3) xor     t4, t0, s9
core   0: 3 0x80009b98 (0x0192ceb3) x29 0x7ffebe64
core   0: 0x80009b9c (0x02622ab3) mulhsu  s5, tp, t1
core   0: 3 0x80009b9c (0x02622ab3) x21 0x00000000
core   0: 0x80009ba0 (0x419808b3) sub     a7, a6, s9
core   0: 3 0x80009ba0 (0x419808b3) x17 0x00001000
core   0: 0x80009ba4 (0xc0514237) lui     tp, 0xc0514
core   0: 3 0x80009ba4 (0xc0514237) x 4 0xc0514000
core   0: 0x80009ba8 (0x03b8f3b3) remu    t2, a7, s11
core   0: 3 0x80009ba8 (0x03b8f3b3) x 7 0x00000000
core   0: 0x80009bac (0x0125c533) xor     a0, a1, s2
core   0: 3 0x80009bac (0x0125c533) x10 0xeca08000
core   0: 0x80009bb0 (0x41a8d8b3) sra     a7, a7, s10
core   0: 3 0x80009bb0 (0x41a8d8b3) x17 0x00000000
core   0: 0x80009bb4 (0x4165d893) srai    a7, a1, 22
core   0: 3 0x80009bb4 (0x4165d893) x17 0x00000000
core   0: 0x80009bb8 (0x033946b3) div     a3, s2, s3
core   0: 3 0x80009bb8 (0x033946b3) x13 0xfd941000
core   0: 0x80009bbc (0x01806333) or      t1, zero, s8
core   0: 3 0x80009bbc (0x01806333) x 6 0x00000000
core   0: 0x80009bc0 (0xab08ddb7) lui     s11, 0xab08d
core   0: 3 0x80009bc0 (0xab08ddb7) x27 0xab08d000
core   0: 0x80009bc4 (0xbef969b7) lui     s3, 0xbef96
core   0: 3 0x80009bc4 (0xbef969b7) x19 0xbef96000
core   0: 0x80009bc8 (0x0055ccb3) xor     s9, a1, t0
core   0: 3 0x80009bc8 (0x0055ccb3) x25 0x80014e64
core   0: 0x80009bcc (0x012cdf13) srli    t5, s9, 18
core   0: 3 0x80009bcc (0x012cdf13) x30 0x00002000
core   0: 0x80009bd0 (0x03d54933) div     s2, a0, t4
core   0: 3 0x80009bd0 (0x03d54933) x18 0x00000000
core   0: 0x80009bd4 (0x41f800b3) sub     ra, a6, t6
core   0: 3 0x80009bd4 (0x41f800b3) x 1 0xfffffffc
core   0: 0x80009bd8 (0x41a05993) srai    s3, zero, 26
core   0: 3 0x80009bd8 (0x41a05993) x19 0x00000000
core   0: 0x80009bdc (0x009e5593) srli    a1, t3, 9
core   0: 3 0x80009bdc (0x009e5593) x11 0x004000c6
core   0: 0x80009be0 (0x01d4db13) srli    s6, s1, 29
core   0: 3 0x80009be0 (0x01d4db13) x22 0x00000000
core   0: 0x80009be4 (0x00416933) or      s2, sp, tp
core   0: 3 0x80009be4 (0x00416933) x18 0xc0514008
core   0: 0x80009be8 (0x028b2233) mulhsu  tp, s6, s0
core   0: 3 0x80009be8 (0x028b2233) x 4 0x00000000
core   0: 0x80009bec (0x0132dcb3) srl     s9, t0, s3
core   0: 3 0x80009bec (0x0132dcb3) x25 0x80014e64
core   0: 0x80009bf0 (0x02024933) div     s2, tp, zero
core   0: 3 0x80009bf0 (0x02024933) x18 0xffffffff
core   0: 0x80009bf4 (0x4f56ec93) ori     s9, a3, 1269
core   0: 3 0x80009bf4 (0x4f56ec93) x25 0xfd9414f5
core   0: 0x80009bf8 (0x00646db3) or      s11, s0, t1
core   0: 3 0x80009bf8 (0x00646db3) x27 0x00000000
core   0: 0x80009bfc (0x01ce2333) slt     t1, t3, t3
core   0: 3 0x80009bfc (0x01ce2333) x 6 0x00000000
core   0: 0x80009c00 (0x0327f233) remu    tp, a5, s2
core   0: 3 0x80009c00 (0x0327f233) x 4 0x00000000
core   0: 0x80009c04 (0x03a2a533) mulhsu  a0, t0, s10
core   0: 3 0x80009c04 (0x03a2a533) x10 0x80014e64
core   0: 0x80009c08 (0x46a08513) addi    a0, ra, 1130
core   0: 3 0x80009c08 (0x46a08513) x10 0x00000466
core   0: 0x80009c0c (0x006b1933) sll     s2, s6, t1
core   0: 3 0x80009c0c (0x006b1933) x18 0x00000000
core   0: 0x80009c10 (0xaad08193) addi    gp, ra, -1363
core   0: 3 0x80009c10 (0xaad08193) x 3 0xfffffaa9
core   0: 0x80009c14 (0x2a90ed13) ori     s10, ra, 681
core   0: 3 0x80009c14 (0x2a90ed13) x26 0xfffffffd
core   0: 0x80009c18 (0x0006cfb3) xor     t6, a3, zero
core   0: 3 0x80009c18 (0x0006cfb3) x31 0xfd941000
core   0: 0x80009c1c (0x625e0713) addi    a4, t3, 1573
core   0: 3 0x80009c1c (0x625e0713) x14 0x80019309
core   0: 0x80009c20 (0x01a7d613) srli    a2, a5, 26
core   0: 3 0x80009c20 (0x01a7d613) x12 0x00000000
core   0: 0x80009c24 (0x02303bb3) mulhu   s7, zero, gp
core   0: 3 0x80009c24 (0x02303bb3) x23 0x00000000
core   0: 0x80009c28 (0x03f04bb3) div     s7, zero, t6
core   0: 3 0x80009c28 (0x03f04bb3) x23 0x00000000
core   0: 0x80009c2c (0x00619033) sll     zero, gp, t1
core   0: 3 0x80009c2c (0x00619033)
core   0: 0x80009c30 (0x81038a17) auipc   s4, 0x81038
core   0: 3 0x80009c30 (0x81038a17) x20 0x01041c30
core   0: 0x80009c34 (0x034d2f33) mulhsu  t5, s10, s4
core   0: 3 0x80009c34 (0x034d2f33) x30 0xffffffff
core   0: 0x80009c38 (0xaca8e693) ori     a3, a7, -1334
core   0: 3 0x80009c38 (0xaca8e693) x13 0xfffffaca
core   0: 0x80009c3c (0x00b714b3) sll     s1, a4, a1
core   0: 3 0x80009c3c (0x00b714b3) x 9 0x0064c240
core   0: 0x80009c40 (0x00bddf33) srl     t5, s11, a1
core   0: 3 0x80009c40 (0x00bddf33) x30 0x00000000
core   0: 0x80009c44 (0x4065dc13) srai    s8, a1, 6
core   0: 3 0x80009c44 (0x4065dc13) x24 0x00010003
core   0: 0x80009c48 (0xd2f54c93) xori    s9, a0, -721
core   0: 3 0x80009c48 (0xd2f54c93) x25 0xfffff949
core   0: 0x80009c4c (0x854df693) andi    a3, s11, -1964
core   0: 3 0x80009c4c (0x854df693) x13 0x00000000
core   0: 0x80009c50 (0x58cc4193) xori    gp, s8, 1420
core   0: 3 0x80009c50 (0x58cc4193) x 3 0x0001058f
core   0: 0x80009c54 (0xf6627013) andi    zero, tp, -154
core   0: 3 0x80009c54 (0xf6627013)
core   0: 0x80009c58 (0x40418333) sub     t1, gp, tp
core   0: 3 0x80009c58 (0x40418333) x 6 0x0001058f
core   0: 0x80009c5c (0x03ba2033) mulhsu  zero, s4, s11
core   0: 3 0x80009c5c (0x03ba2033)
core   0: 0x80009c60 (0x3deb0a17) auipc   s4, 0x3deb0
core   0: 3 0x80009c60 (0x3deb0a17) x20 0xbdeb9c60
core   0: 0x80009c64 (0x0237d8b3) divu    a7, a5, gp
core   0: 3 0x80009c64 (0x0237d8b3) x17 0x00000000
core   0: 0x80009c68 (0x41135013) srai    zero, t1, 17
core   0: 3 0x80009c68 (0x41135013)
core   0: 0x80009c6c (0x02ffe433) rem     s0, t6, a5
core   0: 3 0x80009c6c (0x02ffe433) x 8 0xfd941000
core   0: 0x80009c70 (0x01ff1313) slli    t1, t5, 31
core   0: 3 0x80009c70 (0x01ff1313) x 6 0x00000000
core   0: 0x80009c74 (0x03c8aeb3) mulhsu  t4, a7, t3
core   0: 3 0x80009c74 (0x03c8aeb3) x29 0x00000000
core   0: 0x80009c78 (0xf103ed13) ori     s10, t2, -240
core   0: 3 0x80009c78 (0xf103ed13) x26 0xffffff10
core   0: 0x80009c7c (0x021205b3) mul     a1, tp, ra
core   0: 3 0x80009c7c (0x021205b3) x11 0x00000000
core   0: 0x80009c80 (0xaf7cc693) xori    a3, s9, -1289
core   0: 3 0x80009c80 (0xaf7cc693) x13 0x000003be
core   0: 0x80009c84 (0x03d16b33) rem     s6, sp, t4
core   0: 3 0x80009c84 (0x03d16b33) x22 0x00000008
core   0: 0x80009c88 (0x038527b3) mulhsu  a5, a0, s8
core   0: 3 0x80009c88 (0x038527b3) x15 0x00000000
core   0: 0x80009c8c (0x007a5d93) srli    s11, s4, 7
core   0: 3 0x80009c8c (0x007a5d93) x27 0x017bd738
core   0: 0x80009c90 (0x022fe233) rem     tp, t6, sp
core   0: 3 0x80009c90 (0x022fe233) x 4 0x00000000
core   0: 0x80009c94 (0x03596333) rem     t1, s2, s5
core   0: 3 0x80009c94 (0x03596333) x 6 0x00000000
core   0: 0x80009c98 (0x002a8eb3) add     t4, s5, sp
core   0: 3 0x80009c98 (0x002a8eb3) x29 0x00000008
core   0: 0x80009c9c (0x013573b3) and     t2, a0, s3
core   0: 3 0x80009c9c (0x013573b3) x 7 0x00000000
core   0: 0x80009ca0 (0x001ba633) slt     a2, s7, ra
core   0: 3 0x80009ca0 (0x001ba633) x12 0x00000000
core   0: 0x80009ca4 (0x032670b3) remu    ra, a2, s2
core   0: 3 0x80009ca4 (0x032670b3) x 1 0x00000000
core   0: 0x80009ca8 (0xf31bf093) andi    ra, s7, -207
core   0: 3 0x80009ca8 (0xf31bf093) x 1 0x00000000
core   0: 0x80009cac (0x7d024413) xori    s0, tp, 2000
core   0: 3 0x80009cac (0x7d024413) x 8 0x000007d0
core   0: 0x80009cb0 (0xb1e9cb93) xori    s7, s3, -1250
core   0: 3 0x80009cb0 (0xb1e9cb93) x23 0xfffffb1e
core   0: 0x80009cb4 (0x028d91b3) mulh    gp, s11, s0
core   0: 3 0x80009cb4 (0x028d91b3) x 3 0x0000000b
core   0: 0x80009cb8 (0x40fb5eb3) sra     t4, s6, a5
core   0: 3 0x80009cb8 (0x40fb5eb3) x29 0x00000008
core   0: 0x80009cbc (0x01dbb633) sltu    a2, s7, t4
core   0: 3 0x80009cbc (0x01dbb633) x12 0x00000000
core   0: 0x80009cc0 (0x537df893) andi    a7, s11, 1335
core   0: 3 0x80009cc0 (0x537df893) x17 0x00000530
core   0: 0x80009cc4 (0x00b4bdb3) sltu    s11, s1, a1
core   0: 3 0x80009cc4 (0x00b4bdb3) x27 0x00000000
core   0: 0x80009cc8 (0x006394b3) sll     s1, t2, t1
core   0: 3 0x80009cc8 (0x006394b3) x 9 0x00000000
core   0: 0x80009ccc (0x03c807b3) mul     a5, a6, t3
core   0: 3 0x80009ccc (0x03c807b3) x15 0x00000000
core   0: 0x80009cd0 (0x0209db33) divu    s6, s3, zero
core   0: 3 0x80009cd0 (0x0209db33) x22 0xffffffff
core   0: 0x80009cd4 (0x00142d33) slt     s10, s0, ra
core   0: 3 0x80009cd4 (0x00142d33) x26 0x00000000
core   0: 0x80009cd8 (0x037c1bb3) mulh    s7, s8, s7
core   0: 3 0x80009cd8 (0x037c1bb3) x23 0xffffffff
core   0: 0x80009cdc (0x00291d33) sll     s10, s2, sp
core   0: 3 0x80009cdc (0x00291d33) x26 0x00000000
core   0: 0x80009ce0 (0x400fd213) srai    tp, t6, 0
core   0: 3 0x80009ce0 (0x400fd213) x 4 0xfd941000
core   0: 0x80009ce4 (0x00000013) nop
core   0: 3 0x80009ce4 (0x00000013)
core   0: 0x80009ce8 (0xba42ef93) ori     t6, t0, -1116
core   0: 3 0x80009ce8 (0xba42ef93) x31 0xffffffe4
core   0: 0x80009cec (0x02b92c33) mulhsu  s8, s2, a1
core   0: 3 0x80009cec (0x02b92c33) x24 0x00000000
core   0: 0x80009cf0 (0x039446b3) div     a3, s0, s9
core   0: 3 0x80009cf0 (0x039446b3) x13 0xffffffff
core   0: 0x80009cf4 (0x40ddd7b3) sra     a5, s11, a3
core   0: 3 0x80009cf4 (0x40ddd7b3) x15 0x00000000
core   0: 0x80009cf8 (0xb30ac013) xori    zero, s5, -1232
core   0: 3 0x80009cf8 (0xb30ac013)
core   0: 0x80009cfc (0x02349db3) mulh    s11, s1, gp
core   0: 3 0x80009cfc (0x02349db3) x27 0x00000000
core   0: 0x80009d00 (0x40da0bb3) sub     s7, s4, a3
core   0: 3 0x80009d00 (0x40da0bb3) x23 0xbdeb9c61
core   0: 0x80009d04 (0x02fb20b3) mulhsu  ra, s6, a5
core   0: 3 0x80009d04 (0x02fb20b3) x 1 0x00000000
core   0: 0x80009d08 (0x41780533) sub     a0, a6, s7
core   0: 3 0x80009d08 (0x41780533) x10 0x4214639f
core   0: 0x80009d0c (0xf7792213) slti    tp, s2, -137
core   0: 3 0x80009d0c (0xf7792213) x 4 0x00000000
core   0: 0x80009d10 (0x88ab4693) xori    a3, s6, -1910
core   0: 3 0x80009d10 (0x88ab4693) x13 0x00000775
core   0: 0x80009d14 (0x028f7933) remu    s2, t5, s0
core   0: 3 0x80009d14 (0x028f7933) x18 0x00000000
core   0: 0x80009d18 (0x00947db3) and     s11, s0, s1
core   0: 3 0x80009d18 (0x00947db3) x27 0x00000000
core   0: 0x80009d1c (0x40a788b3) sub     a7, a5, a0
core   0: 3 0x80009d1c (0x40a788b3) x17 0xbdeb9c61
core   0: 0x80009d20 (0x003b5f33) srl     t5, s6, gp
core   0: 3 0x80009d20 (0x003b5f33) x30 0x001fffff
core   0: 0x80009d24 (0x00284333) xor     t1, a6, sp
core   0: 3 0x80009d24 (0x00284333) x 6 0x00000008
core   0: 0x80009d28 (0x90ba3793) sltiu   a5, s4, -1781
core   0: 3 0x80009d28 (0x90ba3793) x15 0x00000001
core   0: 0x80009d2c (0x016a2d33) slt     s10, s4, s6
core   0: 3 0x80009d2c (0x016a2d33) x26 0x00000001
core   0: 0x80009d30 (0x416a8033) sub     zero, s5, s6
core   0: 3 0x80009d30 (0x416a8033)
core   0: 0x80009d34 (0x00000013) nop
core   0: 3 0x80009d34 (0x00000013)
core   0: 0x80009d38 (0xd46d7e93) andi    t4, s10, -698
core   0: 3 0x80009d38 (0xd46d7e93) x29 0x00000000
core   0: 0x80009d3c (0x00e59f93) slli    t6, a1, 14
core   0: 3 0x80009d3c (0x00e59f93) x31 0x00000000
core   0: 0x80009d40 (0x011e0633) add     a2, t3, a7
core   0: 3 0x80009d40 (0x011e0633) x12 0x3ded2945
core   0: 0x80009d44 (0x40918f33) sub     t5, gp, s1
core   0: 3 0x80009d44 (0x40918f33) x30 0x0000000b
core   0: 0x80009d48 (0x005e5913) srli    s2, t3, 5
core   0: 3 0x80009d48 (0x005e5913) x18 0x04000c67
core   0: 0x80009d4c (0x00000117) auipc   sp, 0x0
core   0: 3 0x80009d4c (0x00000117) x 2 0x80009d4c
core   0: 0x80009d50 (0x00c10113) addi    sp, sp, 12
core   0: 3 0x80009d50 (0x00c10113) x 2 0x80009d58
core   0: 0x80009d54 (0x00010067) jr      sp
core   0: 3 0x80009d54 (0x00010067)
core   0: 0x80009d58 (0x00100193) li      gp, 1
core   0: 3 0x80009d58 (0x00100193) x 3 0x00000001
core   0: 0x80009d5c (0x00000073) ecall
core   0: exception trap_machine_ecall, epc 0x80009d5c
core   0: >>>>  mtvec_handler
core   0: 0x80009d70 (0xffce0e13) addi    t3, t3, -4
core   0: 3 0x80009d70 (0xffce0e13) x28 0x80018ce0
core   0: 0x80009d74 (0x005e2023) sw      t0, 0(t3)
core   0: 3 0x80009d74 (0x005e2023) mem 0x80018ce0 0x80014e64
core   0: 0x80009d78 (0x000e02b3) add     t0, t3, zero
core   0: 3 0x80009d78 (0x000e02b3) x 5 0x80018ce0
core   0: 0x80009d7c (0xf8028293) addi    t0, t0, -128
core   0: 3 0x80009d7c (0xf8028293) x 5 0x80018c60
core   0: 0x80009d80 (0x0012a223) sw      ra, 4(t0)
core   0: 3 0x80009d80 (0x0012a223) mem 0x80018c64 0x00000000
core   0: 0x80009d84 (0x0022a423) sw      sp, 8(t0)
core   0: 3 0x80009d84 (0x0022a423) mem 0x80018c68 0x80009d58
core   0: 0x80009d88 (0x0032a623) sw      gp, 12(t0)
core   0: 3 0x80009d88 (0x0032a623) mem 0x80018c6c 0x00000001
core   0: 0x80009d8c (0x0042a823) sw      tp, 16(t0)
core   0: 3 0x80009d8c (0x0042a823) mem 0x80018c70 0x00000000
core   0: 0x80009d90 (0x0052aa23) sw      t0, 20(t0)
core   0: 3 0x80009d90 (0x0052aa23) mem 0x80018c74 0x80018c60
core   0: 0x80009d94 (0x0062ac23) sw      t1, 24(t0)
core   0: 3 0x80009d94 (0x0062ac23) mem 0x80018c78 0x00000008
core   0: 0x80009d98 (0x0072ae23) sw      t2, 28(t0)
core   0: 3 0x80009d98 (0x0072ae23) mem 0x80018c7c 0x00000000
core   0: 0x80009d9c (0x0282a023) sw      s0, 32(t0)
core   0: 3 0x80009d9c (0x0282a023) mem 0x80018c80 0x000007d0
core   0: 0x80009da0 (0x0292a223) sw      s1, 36(t0)
core   0: 3 0x80009da0 (0x0292a223) mem 0x80018c84 0x00000000
core   0: 0x80009da4 (0x02a2a423) sw      a0, 40(t0)
core   0: 3 0x80009da4 (0x02a2a423) mem 0x80018c88 0x4214639f
core   0: 0x80009da8 (0x02b2a623) sw      a1, 44(t0)
core   0: 3 0x80009da8 (0x02b2a623) mem 0x80018c8c 0x00000000
core   0: 0x80009dac (0x02c2a823) sw      a2, 48(t0)
core   0: 3 0x80009dac (0x02c2a823) mem 0x80018c90 0x3ded2945
core   0: 0x80009db0 (0x02d2aa23) sw      a3, 52(t0)
core   0: 3 0x80009db0 (0x02d2aa23) mem 0x80018c94 0x00000775
core   0: 0x80009db4 (0x02e2ac23) sw      a4, 56(t0)
core   0: 3 0x80009db4 (0x02e2ac23) mem 0x80018c98 0x80019309
core   0: 0x80009db8 (0x02f2ae23) sw      a5, 60(t0)
core   0: 3 0x80009db8 (0x02f2ae23) mem 0x80018c9c 0x00000001
core   0: 0x80009dbc (0x0502a023) sw      a6, 64(t0)
core   0: 3 0x80009dbc (0x0502a023) mem 0x80018ca0 0x00000000
core   0: 0x80009dc0 (0x0512a223) sw      a7, 68(t0)
core   0: 3 0x80009dc0 (0x0512a223) mem 0x80018ca4 0xbdeb9c61
core   0: 0x80009dc4 (0x0522a423) sw      s2, 72(t0)
core   0: 3 0x80009dc4 (0x0522a423) mem 0x80018ca8 0x04000c67
core   0: 0x80009dc8 (0x0532a623) sw      s3, 76(t0)
core   0: 3 0x80009dc8 (0x0532a623) mem 0x80018cac 0x00000000
core   0: 0x80009dcc (0x0542a823) sw      s4, 80(t0)
core   0: 3 0x80009dcc (0x0542a823) mem 0x80018cb0 0xbdeb9c60
core   0: 0x80009dd0 (0x0552aa23) sw      s5, 84(t0)
core   0: 3 0x80009dd0 (0x0552aa23) mem 0x80018cb4 0x00000000
core   0: 0x80009dd4 (0x0562ac23) sw      s6, 88(t0)
core   0: 3 0x80009dd4 (0x0562ac23) mem 0x80018cb8 0xffffffff
core   0: 0x80009dd8 (0x0572ae23) sw      s7, 92(t0)
core   0: 3 0x80009dd8 (0x0572ae23) mem 0x80018cbc 0xbdeb9c61
core   0: 0x80009ddc (0x0782a023) sw      s8, 96(t0)
core   0: 3 0x80009ddc (0x0782a023) mem 0x80018cc0 0x00000000
core   0: 0x80009de0 (0x0792a223) sw      s9, 100(t0)
core   0: 3 0x80009de0 (0x0792a223) mem 0x80018cc4 0xfffff949
core   0: 0x80009de4 (0x07a2a423) sw      s10, 104(t0)
core   0: 3 0x80009de4 (0x07a2a423) mem 0x80018cc8 0x00000001
core   0: 0x80009de8 (0x07b2a623) sw      s11, 108(t0)
core   0: 3 0x80009de8 (0x07b2a623) mem 0x80018ccc 0x00000000
core   0: 0x80009dec (0x07c2a823) sw      t3, 112(t0)
core   0: 3 0x80009dec (0x07c2a823) mem 0x80018cd0 0x80018ce0
core   0: 0x80009df0 (0x07d2aa23) sw      t4, 116(t0)
core   0: 3 0x80009df0 (0x07d2aa23) mem 0x80018cd4 0x00000000
core   0: 0x80009df4 (0x07e2ac23) sw      t5, 120(t0)
core   0: 3 0x80009df4 (0x07e2ac23) mem 0x80018cd8 0x0000000b
core   0: 0x80009df8 (0x07f2ae23) sw      t6, 124(t0)
core   0: 3 0x80009df8 (0x07f2ae23) mem 0x80018cdc 0x00000000
core   0: 0x80009dfc (0x00028e33) add     t3, t0, zero
core   0: 3 0x80009dfc (0x00028e33) x28 0x80018c60
core   0: 0x80009e00 (0x30002a73) csrr    s4, mstatus
core   0: 3 0x80009e00 (0x30002a73) x20 0x00001800
core   0: 0x80009e04 (0x34202a73) csrr    s4, mcause
core   0: 3 0x80009e04 (0x34202a73) x20 0x0000000b
core   0: 0x80009e08 (0x01fa5a13) srli    s4, s4, 31
core   0: 3 0x80009e08 (0x01fa5a13) x20 0x00000000
core   0: 0x80009e0c (0x400a1463) bnez    s4, pc + 1032
core   0: 3 0x80009e0c (0x400a1463)
core   0: 0x80009e10 (0x34102a73) csrr    s4, mepc
core   0: 3 0x80009e10 (0x34102a73) x20 0x80009d5c
core   0: 0x80009e14 (0x34202a73) csrr    s4, mcause
core   0: 3 0x80009e14 (0x34202a73) x20 0x0000000b
core   0: 0x80009e18 (0x00300493) li      s1, 3
core   0: 3 0x80009e18 (0x00300493) x 9 0x00000003
core   0: 0x80009e1c (0x2a9a0a63) beq     s4, s1, pc + 692
core   0: 3 0x80009e1c (0x2a9a0a63)
core   0: 0x80009e20 (0x00800493) li      s1, 8
core   0: 3 0x80009e20 (0x00800493) x 9 0x00000008
core   0: 0x80009e24 (0x049a0e63) beq     s4, s1, pc + 92
core   0: 3 0x80009e24 (0x049a0e63)
core   0: 0x80009e28 (0x00900493) li      s1, 9
core   0: 3 0x80009e28 (0x00900493) x 9 0x00000009
core   0: 0x80009e2c (0x049a0a63) beq     s4, s1, pc + 84
core   0: 3 0x80009e2c (0x049a0a63)
core   0: 0x80009e30 (0x00b00493) li      s1, 11
core   0: 3 0x80009e30 (0x00b00493) x 9 0x0000000b
core   0: 0x80009e34 (0x049a0663) beq     s4, s1, pc + 76
core   0: 3 0x80009e34 (0x049a0663)
core   0: 0x80009e80 (0xffff6a17) auipc   s4, 0xffff6
core   0: 3 0x80009e80 (0xffff6a17) x20 0x7ffffe80
core   0: 0x80009e84 (0x180a0a13) addi    s4, s4, 384
core   0: 3 0x80009e84 (0x180a0a13) x20 0x80000000
core   0: 0x80009e88 (0x000a2023) sw      zero, 0(s4)
core   0: 3 0x80009e88 (0x000a2023) mem 0x80000000 0x00000000
core   0: 0x80009e8c (0x001a2223) sw      ra, 4(s4)
core   0: 3 0x80009e8c (0x001a2223) mem 0x80000004 0x00000000
core   0: 0x80009e90 (0x002a2423) sw      sp, 8(s4)
core   0: 3 0x80009e90 (0x002a2423) mem 0x80000008 0x80009d58
core   0: 0x80009e94 (0x003a2623) sw      gp, 12(s4)
core   0: 3 0x80009e94 (0x003a2623) mem 0x8000000c 0x00000001
core   0: 0x80009e98 (0x004a2823) sw      tp, 16(s4)
core   0: 3 0x80009e98 (0x004a2823) mem 0x80000010 0x00000000
core   0: 0x80009e9c (0x005a2a23) sw      t0, 20(s4)
core   0: 3 0x80009e9c (0x005a2a23) mem 0x80000014 0x80018c60
core   0: 0x80009ea0 (0x006a2c23) sw      t1, 24(s4)
core   0: 3 0x80009ea0 (0x006a2c23) mem 0x80000018 0x00000008
core   0: 0x80009ea4 (0x007a2e23) sw      t2, 28(s4)
core   0: 3 0x80009ea4 (0x007a2e23) mem 0x8000001c 0x00000000
core   0: 0x80009ea8 (0x028a2023) sw      s0, 32(s4)
core   0: 3 0x80009ea8 (0x028a2023) mem 0x80000020 0x000007d0
core   0: 0x80009eac (0x029a2223) sw      s1, 36(s4)
core   0: 3 0x80009eac (0x029a2223) mem 0x80000024 0x0000000b
core   0: 0x80009eb0 (0x02aa2423) sw      a0, 40(s4)
core   0: 3 0x80009eb0 (0x02aa2423) mem 0x80000028 0x4214639f
core   0: 0x80009eb4 (0x02ba2623) sw      a1, 44(s4)
core   0: 3 0x80009eb4 (0x02ba2623) mem 0x8000002c 0x00000000
core   0: 0x80009eb8 (0x02ca2823) sw      a2, 48(s4)
core   0: 3 0x80009eb8 (0x02ca2823) mem 0x80000030 0x3ded2945
core   0: 0x80009ebc (0x02da2a23) sw      a3, 52(s4)
core   0: 3 0x80009ebc (0x02da2a23) mem 0x80000034 0x00000775
core   0: 0x80009ec0 (0x02ea2c23) sw      a4, 56(s4)
core   0: 3 0x80009ec0 (0x02ea2c23) mem 0x80000038 0x80019309
core   0: 0x80009ec4 (0x02fa2e23) sw      a5, 60(s4)
core   0: 3 0x80009ec4 (0x02fa2e23) mem 0x8000003c 0x00000001
core   0: 0x80009ec8 (0x050a2023) sw      a6, 64(s4)
core   0: 3 0x80009ec8 (0x050a2023) mem 0x80000040 0x00000000
core   0: 0x80009ecc (0x051a2223) sw      a7, 68(s4)
core   0: 3 0x80009ecc (0x051a2223) mem 0x80000044 0xbdeb9c61
core   0: 0x80009ed0 (0x052a2423) sw      s2, 72(s4)
core   0: 3 0x80009ed0 (0x052a2423) mem 0x80000048 0x04000c67
core   0: 0x80009ed4 (0x053a2623) sw      s3, 76(s4)
core   0: 3 0x80009ed4 (0x053a2623) mem 0x8000004c 0x00000000
core   0: 0x80009ed8 (0x054a2823) sw      s4, 80(s4)
core   0: 3 0x80009ed8 (0x054a2823) mem 0x80000050 0x80000000
core   0: 0x80009edc (0x055a2a23) sw      s5, 84(s4)
core   0: 3 0x80009edc (0x055a2a23) mem 0x80000054 0x00000000
core   0: 0x80009ee0 (0x056a2c23) sw      s6, 88(s4)
core   0: 3 0x80009ee0 (0x056a2c23) mem 0x80000058 0xffffffff
core   0: 0x80009ee4 (0x057a2e23) sw      s7, 92(s4)
core   0: 3 0x80009ee4 (0x057a2e23) mem 0x8000005c 0xbdeb9c61
core   0: 0x80009ee8 (0x078a2023) sw      s8, 96(s4)
core   0: 3 0x80009ee8 (0x078a2023) mem 0x80000060 0x00000000
core   0: 0x80009eec (0x079a2223) sw      s9, 100(s4)
core   0: 3 0x80009eec (0x079a2223) mem 0x80000064 0xfffff949
core   0: 0x80009ef0 (0x07aa2423) sw      s10, 104(s4)
core   0: 3 0x80009ef0 (0x07aa2423) mem 0x80000068 0x00000001
core   0: 0x80009ef4 (0x07ba2623) sw      s11, 108(s4)
core   0: 3 0x80009ef4 (0x07ba2623) mem 0x8000006c 0x00000000
core   0: 0x80009ef8 (0x07ca2823) sw      t3, 112(s4)
core   0: 3 0x80009ef8 (0x07ca2823) mem 0x80000070 0x80018c60
core   0: 0x80009efc (0x07da2a23) sw      t4, 116(s4)
core   0: 3 0x80009efc (0x07da2a23) mem 0x80000074 0x00000000
core   0: 0x80009f00 (0x07ea2c23) sw      t5, 120(s4)
core   0: 3 0x80009f00 (0x07ea2c23) mem 0x80000078 0x0000000b
core   0: 0x80009f04 (0x07fa2e23) sw      t6, 124(s4)
core   0: 3 0x80009f04 (0x07fa2e23) mem 0x8000007c 0x00000000
core   0: 0x80009f08 (0x00000117) auipc   sp, 0x0
core   0: 3 0x80009f08 (0x00000117) x 2 0x80009f08
core   0: 0x80009f0c (0xe5810113) addi    sp, sp, -424
core   0: 3 0x80009f0c (0xe5810113) x 2 0x80009d60
core   0: 0x80009f10 (0x00010067) jr      sp
core   0: 3 0x80009f10 (0x00010067)
core   0: 0x80009d60 (0x00006f17) auipc   t5, 0x6
core   0: 3 0x80009d60 (0x00006f17) x30 0x8000fd60
core   0: 0x80009d64 (0x2a3f2023) sw      gp, 672(t5)
core   0: 3 0x80009d64 (0x2a3f2023) mem 0x80010000 0x00000001
core   0: 0x80009d68 (0xff9ff06f) j       pc - 0x8
core   0: 3 0x80009d68 (0xff9ff06f)
core   0: 0x80009d60 (0x00006f17) auipc   t5, 0x6
core   0: 3 0x80009d60 (0x00006f17) x30 0x8000fd60
core   0: 0x80009d64 (0x2a3f2023) sw      gp, 672(t5)
core   0: 3 0x80009d64 (0x2a3f2023) mem 0x80010000 0x00000001
core   0: 0x80009d68 (0xff9ff06f) j       pc - 0x8
core   0: 3 0x80009d68 (0xff9ff06f)
core   0: 0x80009d60 (0x00006f17) auipc   t5, 0x6
core   0: 3 0x80009d60 (0x00006f17) x30 0x8000fd60
core   0: 0x80009d64 (0x2a3f2023) sw      gp, 672(t5)
core   0: 3 0x80009d64 (0x2a3f2023) mem 0x80010000 0x00000001
core   0: 0x80009d68 (0xff9ff06f) j       pc - 0x8
core   0: 3 0x80009d68 (0xff9ff06f)
core   0: 0x80009d60 (0x00006f17) auipc   t5, 0x6
core   0: 3 0x80009d60 (0x00006f17) x30 0x8000fd60
core   0: 0x80009d64 (0x2a3f2023) sw      gp, 672(t5)
core   0: 3 0x80009d64 (0x2a3f2023) mem 0x80010000 0x00000001
core   0: 0x80009d68 (0xff9ff06f) j       pc - 0x8
core   0: 3 0x80009d68 (0xff9ff06f)
core   0: 0x80009d60 (0x00006f17) auipc   t5, 0x6
core   0: 3 0x80009d60 (0x00006f17) x30 0x8000fd60
core   0: 0x80009d64 (0x2a3f2023) sw      gp, 672(t5)
core   0: 3 0x80009d64 (0x2a3f2023) mem 0x80010000 0x00000001
core   0: 0x80009d68 (0xff9ff06f) j       pc - 0x8
core   0: 3 0x80009d68 (0xff9ff06f)
core   0: 0x80009d60 (0x00006f17) auipc   t5, 0x6
core   0: 3 0x80009d60 (0x00006f17) x30 0x8000fd60
core   0: 0x80009d64 (0x2a3f2023) sw      gp, 672(t5)
core   0: 3 0x80009d64 (0x2a3f2023) mem 0x80010000 0x00000001
core   0: 0x80009d68 (0xff9ff06f) j       pc - 0x8
core   0: 3 0x80009d68 (0xff9ff06f)
core   0: 0x80009d60 (0x00006f17) auipc   t5, 0x6
core   0: 3 0x80009d60 (0x00006f17) x30 0x8000fd60
core   0: 0x80009d64 (0x2a3f2023) sw      gp, 672(t5)
core   0: 3 0x80009d64 (0x2a3f2023) mem 0x80010000 0x00000001
core   0: 0x80009d68 (0xff9ff06f) j       pc - 0x8
core   0: 3 0x80009d68 (0xff9ff06f)
core   0: 0x80009d60 (0x00006f17) auipc   t5, 0x6
core   0: 3 0x80009d60 (0x00006f17) x30 0x8000fd60
core   0: 0x80009d64 (0x2a3f2023) sw      gp, 672(t5)
core   0: 3 0x80009d64 (0x2a3f2023) mem 0x80010000 0x00000001
core   0: 0x80009d68 (0xff9ff06f) j       pc - 0x8
core   0: 3 0x80009d68 (0xff9ff06f)
core   0: 0x80009d60 (0x00006f17) auipc   t5, 0x6
core   0: 3 0x80009d60 (0x00006f17) x30 0x8000fd60
core   0: 0x80009d64 (0x2a3f2023) sw      gp, 672(t5)
core   0: 3 0x80009d64 (0x2a3f2023) mem 0x80010000 0x00000001
core   0: 0x80009d68 (0xff9ff06f) j       pc - 0x8
core   0: 3 0x80009d68 (0xff9ff06f)
core   0: 0x80009d60 (0x00006f17) auipc   t5, 0x6
core   0: 3 0x80009d60 (0x00006f17) x30 0x8000fd60
core   0: 0x80009d64 (0x2a3f2023) sw      gp, 672(t5)
core   0: 3 0x80009d64 (0x2a3f2023) mem 0x80010000 0x00000001
core   0: 0x80009d68 (0xff9ff06f) j       pc - 0x8
core   0: 3 0x80009d68 (0xff9ff06f)
core   0: 0x80009d60 (0x00006f17) auipc   t5, 0x6
core   0: 3 0x80009d60 (0x00006f17) x30 0x8000fd60
core   0: 0x80009d64 (0x2a3f2023) sw      gp, 672(t5)
core   0: 3 0x80009d64 (0x2a3f2023) mem 0x80010000 0x00000001
core   0: 0x80009d68 (0xff9ff06f) j       pc - 0x8
core   0: 3 0x80009d68 (0xff9ff06f)
core   0: 0x80009d60 (0x00006f17) auipc   t5, 0x6
core   0: 3 0x80009d60 (0x00006f17) x30 0x8000fd60
core   0: 0x80009d64 (0x2a3f2023) sw      gp, 672(t5)
core   0: 3 0x80009d64 (0x2a3f2023) mem 0x80010000 0x00000001
core   0: 0x80009d68 (0xff9ff06f) j       pc - 0x8
core   0: 3 0x80009d68 (0xff9ff06f)
core   0: 0x80009d60 (0x00006f17) auipc   t5, 0x6
core   0: 3 0x80009d60 (0x00006f17) x30 0x8000fd60
core   0: 0x80009d64 (0x2a3f2023) sw      gp, 672(t5)
core   0: 3 0x80009d64 (0x2a3f2023) mem 0x80010000 0x00000001
core   0: 0x80009d68 (0xff9ff06f) j       pc - 0x8
core   0: 3 0x80009d68 (0xff9ff06f)
core   0: 0x80009d60 (0x00006f17) auipc   t5, 0x6
core   0: 3 0x80009d60 (0x00006f17) x30 0x8000fd60
core   0: 0x80009d64 (0x2a3f2023) sw      gp, 672(t5)
core   0: 3 0x80009d64 (0x2a3f2023) mem 0x80010000 0x00000001
core   0: 0x80009d68 (0xff9ff06f) j       pc - 0x8
core   0: 3 0x80009d68 (0xff9ff06f)
core   0: 0x80009d60 (0x00006f17) auipc   t5, 0x6
core   0: 3 0x80009d60 (0x00006f17) x30 0x8000fd60
core   0: 0x80009d64 (0x2a3f2023) sw      gp, 672(t5)
core   0: 3 0x80009d64 (0x2a3f2023) mem 0x80010000 0x00000001
core   0: 0x80009d68 (0xff9ff06f) j       pc - 0x8
core   0: 3 0x80009d68 (0xff9ff06f)
core   0: 0x80009d60 (0x00006f17) auipc   t5, 0x6
core   0: 3 0x80009d60 (0x00006f17) x30 0x8000fd60
core   0: 0x80009d64 (0x2a3f2023) sw      gp, 672(t5)
core   0: 3 0x80009d64 (0x2a3f2023) mem 0x80010000 0x00000001
core   0: 0x80009d68 (0xff9ff06f) j       pc - 0x8
core   0: 3 0x80009d68 (0xff9ff06f)
core   0: 0x80009d60 (0x00006f17) auipc   t5, 0x6
core   0: 3 0x80009d60 (0x00006f17) x30 0x8000fd60
core   0: 0x80009d64 (0x2a3f2023) sw      gp, 672(t5)
core   0: 3 0x80009d64 (0x2a3f2023) mem 0x80010000 0x00000001
core   0: 0x80009d68 (0xff9ff06f) j       pc - 0x8
core   0: 3 0x80009d68 (0xff9ff06f)
core   0: 0x80009d60 (0x00006f17) auipc   t5, 0x6
core   0: 3 0x80009d60 (0x00006f17) x30 0x8000fd60
core   0: 0x80009d64 (0x2a3f2023) sw      gp, 672(t5)
core   0: 3 0x80009d64 (0x2a3f2023) mem 0x80010000 0x00000001
core   0: 0x80009d68 (0xff9ff06f) j       pc - 0x8
core   0: 3 0x80009d68 (0xff9ff06f)
core   0: 0x80009d60 (0x00006f17) auipc   t5, 0x6
core   0: 3 0x80009d60 (0x00006f17) x30 0x8000fd60
core   0: 0x80009d64 (0x2a3f2023) sw      gp, 672(t5)
core   0: 3 0x80009d64 (0x2a3f2023) mem 0x80010000 0x00000001
core   0: 0x80009d68 (0xff9ff06f) j       pc - 0x8
core   0: 3 0x80009d68 (0xff9ff06f)
core   0: 0x80009d60 (0x00006f17) auipc   t5, 0x6
core   0: 3 0x80009d60 (0x00006f17) x30 0x8000fd60
core   0: 0x80009d64 (0x2a3f2023) sw      gp, 672(t5)
core   0: 3 0x80009d64 (0x2a3f2023) mem 0x80010000 0x00000001
core   0: 0x80009d68 (0xff9ff06f) j       pc - 0x8
core   0: 3 0x80009d68 (0xff9ff06f)
core   0: 0x80009d60 (0x00006f17) auipc   t5, 0x6
core   0: 3 0x80009d60 (0x00006f17) x30 0x8000fd60
core   0: 0x80009d64 (0x2a3f2023) sw      gp, 672(t5)
core   0: 3 0x80009d64 (0x2a3f2023) mem 0x80010000 0x00000001
core   0: 0x80009d68 (0xff9ff06f) j       pc - 0x8
core   0: 3 0x80009d68 (0xff9ff06f)
core   0: 0x80009d60 (0x00006f17) auipc   t5, 0x6
core   0: 3 0x80009d60 (0x00006f17) x30 0x8000fd60
core   0: 0x80009d64 (0x2a3f2023) sw      gp, 672(t5)
core   0: 3 0x80009d64 (0x2a3f2023) mem 0x80010000 0x00000001
core   0: 0x80009d68 (0xff9ff06f) j       pc - 0x8
core   0: 3 0x80009d68 (0xff9ff06f)
core   0: 0x80009d60 (0x00006f17) auipc   t5, 0x6
core   0: 3 0x80009d60 (0x00006f17) x30 0x8000fd60
core   0: 0x80009d64 (0x2a3f2023) sw      gp, 672(t5)
core   0: 3 0x80009d64 (0x2a3f2023) mem 0x80010000 0x00000001
core   0: 0x80009d68 (0xff9ff06f) j       pc - 0x8
core   0: 3 0x80009d68 (0xff9ff06f)
core   0: 0x80009d60 (0x00006f17) auipc   t5, 0x6
core   0: 3 0x80009d60 (0x00006f17) x30 0x8000fd60
core   0: 0x80009d64 (0x2a3f2023) sw      gp, 672(t5)
core   0: 3 0x80009d64 (0x2a3f2023) mem 0x80010000 0x00000001
core   0: 0x80009d68 (0xff9ff06f) j       pc - 0x8
core   0: 3 0x80009d68 (0xff9ff06f)
core   0: 0x80009d60 (0x00006f17) auipc   t5, 0x6
core   0: 3 0x80009d60 (0x00006f17) x30 0x8000fd60
core   0: 0x80009d64 (0x2a3f2023) sw      gp, 672(t5)
core   0: 3 0x80009d64 (0x2a3f2023) mem 0x80010000 0x00000001
core   0: 0x80009d68 (0xff9ff06f) j       pc - 0x8
core   0: 3 0x80009d68 (0xff9ff06f)
core   0: 0x80009d60 (0x00006f17) auipc   t5, 0x6
core   0: 3 0x80009d60 (0x00006f17) x30 0x8000fd60
core   0: 0x80009d64 (0x2a3f2023) sw      gp, 672(t5)
core   0: 3 0x80009d64 (0x2a3f2023) mem 0x80010000 0x00000001
core   0: 0x80009d68 (0xff9ff06f) j       pc - 0x8
core   0: 3 0x80009d68 (0xff9ff06f)
core   0: 0x80009d60 (0x00006f17) auipc   t5, 0x6
core   0: 3 0x80009d60 (0x00006f17) x30 0x8000fd60
core   0: 0x80009d64 (0x2a3f2023) sw      gp, 672(t5)
core   0: 3 0x80009d64 (0x2a3f2023) mem 0x80010000 0x00000001
core   0: 0x80009d68 (0xff9ff06f) j       pc - 0x8
core   0: 3 0x80009d68 (0xff9ff06f)
core   0: 0x80009d60 (0x00006f17) auipc   t5, 0x6
core   0: 3 0x80009d60 (0x00006f17) x30 0x8000fd60
core   0: 0x80009d64 (0x2a3f2023) sw      gp, 672(t5)
core   0: 3 0x80009d64 (0x2a3f2023) mem 0x80010000 0x00000001
core   0: 0x80009d68 (0xff9ff06f) j       pc - 0x8
core   0: 3 0x80009d68 (0xff9ff06f)
core   0: 0x80009d60 (0x00006f17) auipc   t5, 0x6
core   0: 3 0x80009d60 (0x00006f17) x30 0x8000fd60
core   0: 0x80009d64 (0x2a3f2023) sw      gp, 672(t5)
core   0: 3 0x80009d64 (0x2a3f2023) mem 0x80010000 0x00000001
core   0: 0x80009d68 (0xff9ff06f) j       pc - 0x8
core   0: 3 0x80009d68 (0xff9ff06f)
core   0: 0x80009d60 (0x00006f17) auipc   t5, 0x6
core   0: 3 0x80009d60 (0x00006f17) x30 0x8000fd60
core   0: 0x80009d64 (0x2a3f2023) sw      gp, 672(t5)
core   0: 3 0x80009d64 (0x2a3f2023) mem 0x80010000 0x00000001
core   0: 0x80009d68 (0xff9ff06f) j       pc - 0x8
core   0: 3 0x80009d68 (0xff9ff06f)
core   0: 0x80009d60 (0x00006f17) auipc   t5, 0x6
core   0: 3 0x80009d60 (0x00006f17) x30 0x8000fd60
core   0: 0x80009d64 (0x2a3f2023) sw      gp, 672(t5)
core   0: 3 0x80009d64 (0x2a3f2023) mem 0x80010000 0x00000001
core   0: 0x80009d68 (0xff9ff06f) j       pc - 0x8
core   0: 3 0x80009d68 (0xff9ff06f)
core   0: 0x80009d60 (0x00006f17) auipc   t5, 0x6
core   0: 3 0x80009d60 (0x00006f17) x30 0x8000fd60
core   0: 0x80009d64 (0x2a3f2023) sw      gp, 672(t5)
core   0: 3 0x80009d64 (0x2a3f2023) mem 0x80010000 0x00000001
core   0: 0x80009d68 (0xff9ff06f) j       pc - 0x8
core   0: 3 0x80009d68 (0xff9ff06f)
core   0: 0x80009d60 (0x00006f17) auipc   t5, 0x6
core   0: 3 0x80009d60 (0x00006f17) x30 0x8000fd60
core   0: 0x80009d64 (0x2a3f2023) sw      gp, 672(t5)
core   0: 3 0x80009d64 (0x2a3f2023) mem 0x80010000 0x00000001
core   0: 0x80009d68 (0xff9ff06f) j       pc - 0x8
core   0: 3 0x80009d68 (0xff9ff06f)
core   0: 0x80009d60 (0x00006f17) auipc   t5, 0x6
core   0: 3 0x80009d60 (0x00006f17) x30 0x8000fd60
core   0: 0x80009d64 (0x2a3f2023) sw      gp, 672(t5)
core   0: 3 0x80009d64 (0x2a3f2023) mem 0x80010000 0x00000001
core   0: 0x80009d68 (0xff9ff06f) j       pc - 0x8
core   0: 3 0x80009d68 (0xff9ff06f)
core   0: 0x80009d60 (0x00006f17) auipc   t5, 0x6
core   0: 3 0x80009d60 (0x00006f17) x30 0x8000fd60
core   0: 0x80009d64 (0x2a3f2023) sw      gp, 672(t5)
core   0: 3 0x80009d64 (0x2a3f2023) mem 0x80010000 0x00000001
core   0: 0x80009d68 (0xff9ff06f) j       pc - 0x8
core   0: 3 0x80009d68 (0xff9ff06f)
core   0: 0x80009d60 (0x00006f17) auipc   t5, 0x6
core   0: 3 0x80009d60 (0x00006f17) x30 0x8000fd60
core   0: 0x80009d64 (0x2a3f2023) sw      gp, 672(t5)
core   0: 3 0x80009d64 (0x2a3f2023) mem 0x80010000 0x00000001
core   0: 0x80009d68 (0xff9ff06f) j       pc - 0x8
core   0: 3 0x80009d68 (0xff9ff06f)
core   0: 0x80009d60 (0x00006f17) auipc   t5, 0x6
core   0: 3 0x80009d60 (0x00006f17) x30 0x8000fd60
core   0: 0x80009d64 (0x2a3f2023) sw      gp, 672(t5)
core   0: 3 0x80009d64 (0x2a3f2023) mem 0x80010000 0x00000001
core   0: 0x80009d68 (0xff9ff06f) j       pc - 0x8
core   0: 3 0x80009d68 (0xff9ff06f)
core   0: 0x80009d60 (0x00006f17) auipc   t5, 0x6
core   0: 3 0x80009d60 (0x00006f17) x30 0x8000fd60
core   0: 0x80009d64 (0x2a3f2023) sw      gp, 672(t5)
core   0: 3 0x80009d64 (0x2a3f2023) mem 0x80010000 0x00000001
core   0: 0x80009d68 (0xff9ff06f) j       pc - 0x8
core   0: 3 0x80009d68 (0xff9ff06f)
core   0: 0x80009d60 (0x00006f17) auipc   t5, 0x6
core   0: 3 0x80009d60 (0x00006f17) x30 0x8000fd60
core   0: 0x80009d64 (0x2a3f2023) sw      gp, 672(t5)
core   0: 3 0x80009d64 (0x2a3f2023) mem 0x80010000 0x00000001
core   0: 0x80009d68 (0xff9ff06f) j       pc - 0x8
core   0: 3 0x80009d68 (0xff9ff06f)
core   0: 0x80009d60 (0x00006f17) auipc   t5, 0x6
core   0: 3 0x80009d60 (0x00006f17) x30 0x8000fd60
core   0: 0x80009d64 (0x2a3f2023) sw      gp, 672(t5)
core   0: 3 0x80009d64 (0x2a3f2023) mem 0x80010000 0x00000001
core   0: 0x80009d68 (0xff9ff06f) j       pc - 0x8
core   0: 3 0x80009d68 (0xff9ff06f)
core   0: 0x80009d60 (0x00006f17) auipc   t5, 0x6
core   0: 3 0x80009d60 (0x00006f17) x30 0x8000fd60
core   0: 0x80009d64 (0x2a3f2023) sw      gp, 672(t5)
core   0: 3 0x80009d64 (0x2a3f2023) mem 0x80010000 0x00000001
core   0: 0x80009d68 (0xff9ff06f) j       pc - 0x8
core   0: 3 0x80009d68 (0xff9ff06f)
core   0: 0x80009d60 (0x00006f17) auipc   t5, 0x6
core   0: 3 0x80009d60 (0x00006f17) x30 0x8000fd60
core   0: 0x80009d64 (0x2a3f2023) sw      gp, 672(t5)
core   0: 3 0x80009d64 (0x2a3f2023) mem 0x80010000 0x00000001
core   0: 0x80009d68 (0xff9ff06f) j       pc - 0x8
core   0: 3 0x80009d68 (0xff9ff06f)
core   0: 0x80009d60 (0x00006f17) auipc   t5, 0x6
core   0: 3 0x80009d60 (0x00006f17) x30 0x8000fd60
core   0: 0x80009d64 (0x2a3f2023) sw      gp, 672(t5)
core   0: 3 0x80009d64 (0x2a3f2023) mem 0x80010000 0x00000001
core   0: 0x80009d68 (0xff9ff06f) j       pc - 0x8
core   0: 3 0x80009d68 (0xff9ff06f)
core   0: 0x80009d60 (0x00006f17) auipc   t5, 0x6
core   0: 3 0x80009d60 (0x00006f17) x30 0x8000fd60
core   0: 0x80009d64 (0x2a3f2023) sw      gp, 672(t5)
core   0: 3 0x80009d64 (0x2a3f2023) mem 0x80010000 0x00000001
core   0: 0x80009d68 (0xff9ff06f) j       pc - 0x8
core   0: 3 0x80009d68 (0xff9ff06f)
core   0: 0x80009d60 (0x00006f17) auipc   t5, 0x6
core   0: 3 0x80009d60 (0x00006f17) x30 0x8000fd60
core   0: 0x80009d64 (0x2a3f2023) sw      gp, 672(t5)
core   0: 3 0x80009d64 (0x2a3f2023) mem 0x80010000 0x00000001
core   0: 0x80009d68 (0xff9ff06f) j       pc - 0x8
core   0: 3 0x80009d68 (0xff9ff06f)
core   0: 0x80009d60 (0x00006f17) auipc   t5, 0x6
core   0: 3 0x80009d60 (0x00006f17) x30 0x8000fd60
core   0: 0x80009d64 (0x2a3f2023) sw      gp, 672(t5)
core   0: 3 0x80009d64 (0x2a3f2023) mem 0x80010000 0x00000001
core   0: 0x80009d68 (0xff9ff06f) j       pc - 0x8
core   0: 3 0x80009d68 (0xff9ff06f)
core   0: 0x80009d60 (0x00006f17) auipc   t5, 0x6
core   0: 3 0x80009d60 (0x00006f17) x30 0x8000fd60
core   0: 0x80009d64 (0x2a3f2023) sw      gp, 672(t5)
core   0: 3 0x80009d64 (0x2a3f2023) mem 0x80010000 0x00000001
core   0: 0x80009d68 (0xff9ff06f) j       pc - 0x8
core   0: 3 0x80009d68 (0xff9ff06f)
core   0: 0x80009d60 (0x00006f17) auipc   t5, 0x6
core   0: 3 0x80009d60 (0x00006f17) x30 0x8000fd60
core   0: 0x80009d64 (0x2a3f2023) sw      gp, 672(t5)
core   0: 3 0x80009d64 (0x2a3f2023) mem 0x80010000 0x00000001
core   0: 0x80009d68 (0xff9ff06f) j       pc - 0x8
core   0: 3 0x80009d68 (0xff9ff06f)
core   0: 0x80009d60 (0x00006f17) auipc   t5, 0x6
core   0: 3 0x80009d60 (0x00006f17) x30 0x8000fd60
core   0: 0x80009d64 (0x2a3f2023) sw      gp, 672(t5)
core   0: 3 0x80009d64 (0x2a3f2023) mem 0x80010000 0x00000001
core   0: 0x80009d68 (0xff9ff06f) j       pc - 0x8
core   0: 3 0x80009d68 (0xff9ff06f)
core   0: 0x80009d60 (0x00006f17) auipc   t5, 0x6
core   0: 3 0x80009d60 (0x00006f17) x30 0x8000fd60
core   0: 0x80009d64 (0x2a3f2023) sw      gp, 672(t5)
core   0: 3 0x80009d64 (0x2a3f2023) mem 0x80010000 0x00000001
core   0: 0x80009d68 (0xff9ff06f) j       pc - 0x8
core   0: 3 0x80009d68 (0xff9ff06f)
core   0: 0x80009d60 (0x00006f17) auipc   t5, 0x6
core   0: 3 0x80009d60 (0x00006f17) x30 0x8000fd60
core   0: 0x80009d64 (0x2a3f2023) sw      gp, 672(t5)
core   0: 3 0x80009d64 (0x2a3f2023) mem 0x80010000 0x00000001
core   0: 0x80009d68 (0xff9ff06f) j       pc - 0x8
core   0: 3 0x80009d68 (0xff9ff06f)
core   0: 0x80009d60 (0x00006f17) auipc   t5, 0x6
core   0: 3 0x80009d60 (0x00006f17) x30 0x8000fd60
core   0: 0x80009d64 (0x2a3f2023) sw      gp, 672(t5)
core   0: 3 0x80009d64 (0x2a3f2023) mem 0x80010000 0x00000001
core   0: 0x80009d68 (0xff9ff06f) j       pc - 0x8
core   0: 3 0x80009d68 (0xff9ff06f)
core   0: 0x80009d60 (0x00006f17) auipc   t5, 0x6
core   0: 3 0x80009d60 (0x00006f17) x30 0x8000fd60
core   0: 0x80009d64 (0x2a3f2023) sw      gp, 672(t5)
core   0: 3 0x80009d64 (0x2a3f2023) mem 0x80010000 0x00000001
core   0: 0x80009d68 (0xff9ff06f) j       pc - 0x8
core   0: 3 0x80009d68 (0xff9ff06f)
core   0: 0x80009d60 (0x00006f17) auipc   t5, 0x6
core   0: 3 0x80009d60 (0x00006f17) x30 0x8000fd60
core   0: 0x80009d64 (0x2a3f2023) sw      gp, 672(t5)
core   0: 3 0x80009d64 (0x2a3f2023) mem 0x80010000 0x00000001
core   0: 0x80009d68 (0xff9ff06f) j       pc - 0x8
core   0: 3 0x80009d68 (0xff9ff06f)
core   0: 0x80009d60 (0x00006f17) auipc   t5, 0x6
core   0: 3 0x80009d60 (0x00006f17) x30 0x8000fd60
core   0: 0x80009d64 (0x2a3f2023) sw      gp, 672(t5)
core   0: 3 0x80009d64 (0x2a3f2023) mem 0x80010000 0x00000001
core   0: 0x80009d68 (0xff9ff06f) j       pc - 0x8
core   0: 3 0x80009d68 (0xff9ff06f)
core   0: 0x80009d60 (0x00006f17) auipc   t5, 0x6
core   0: 3 0x80009d60 (0x00006f17) x30 0x8000fd60
core   0: 0x80009d64 (0x2a3f2023) sw      gp, 672(t5)
core   0: 3 0x80009d64 (0x2a3f2023) mem 0x80010000 0x00000001
core   0: 0x80009d68 (0xff9ff06f) j       pc - 0x8
core   0: 3 0x80009d68 (0xff9ff06f)
core   0: 0x80009d60 (0x00006f17) auipc   t5, 0x6
core   0: 3 0x80009d60 (0x00006f17) x30 0x8000fd60
core   0: 0x80009d64 (0x2a3f2023) sw      gp, 672(t5)
core   0: 3 0x80009d64 (0x2a3f2023) mem 0x80010000 0x00000001
core   0: 0x80009d68 (0xff9ff06f) j       pc - 0x8
core   0: 3 0x80009d68 (0xff9ff06f)
core   0: 0x80009d60 (0x00006f17) auipc   t5, 0x6
core   0: 3 0x80009d60 (0x00006f17) x30 0x8000fd60
core   0: 0x80009d64 (0x2a3f2023) sw      gp, 672(t5)
core   0: 3 0x80009d64 (0x2a3f2023) mem 0x80010000 0x00000001
core   0: 0x80009d68 (0xff9ff06f) j       pc - 0x8
core   0: 3 0x80009d68 (0xff9ff06f)
core   0: 0x80009d60 (0x00006f17) auipc   t5, 0x6
core   0: 3 0x80009d60 (0x00006f17) x30 0x8000fd60
core   0: 0x80009d64 (0x2a3f2023) sw      gp, 672(t5)
core   0: 3 0x80009d64 (0x2a3f2023) mem 0x80010000 0x00000001
core   0: 0x80009d68 (0xff9ff06f) j       pc - 0x8
core   0: 3 0x80009d68 (0xff9ff06f)
core   0: 0x80009d60 (0x00006f17) auipc   t5, 0x6
core   0: 3 0x80009d60 (0x00006f17) x30 0x8000fd60
core   0: 0x80009d64 (0x2a3f2023) sw      gp, 672(t5)
core   0: 3 0x80009d64 (0x2a3f2023) mem 0x80010000 0x00000001
core   0: 0x80009d68 (0xff9ff06f) j       pc - 0x8
core   0: 3 0x80009d68 (0xff9ff06f)
core   0: 0x80009d60 (0x00006f17) auipc   t5, 0x6
core   0: 3 0x80009d60 (0x00006f17) x30 0x8000fd60
core   0: 0x80009d64 (0x2a3f2023) sw      gp, 672(t5)
core   0: 3 0x80009d64 (0x2a3f2023) mem 0x80010000 0x00000001
core   0: 0x80009d68 (0xff9ff06f) j       pc - 0x8
core   0: 3 0x80009d68 (0xff9ff06f)
core   0: 0x80009d60 (0x00006f17) auipc   t5, 0x6
core   0: 3 0x80009d60 (0x00006f17) x30 0x8000fd60
core   0: 0x80009d64 (0x2a3f2023) sw      gp, 672(t5)
core   0: 3 0x80009d64 (0x2a3f2023) mem 0x80010000 0x00000001
core   0: 0x80009d68 (0xff9ff06f) j       pc - 0x8
core   0: 3 0x80009d68 (0xff9ff06f)
core   0: 0x80009d60 (0x00006f17) auipc   t5, 0x6
core   0: 3 0x80009d60 (0x00006f17) x30 0x8000fd60
core   0: 0x80009d64 (0x2a3f2023) sw      gp, 672(t5)
core   0: 3 0x80009d64 (0x2a3f2023) mem 0x80010000 0x00000001
core   0: 0x80009d68 (0xff9ff06f) j       pc - 0x8
core   0: 3 0x80009d68 (0xff9ff06f)
core   0: 0x80009d60 (0x00006f17) auipc   t5, 0x6
core   0: 3 0x80009d60 (0x00006f17) x30 0x8000fd60
core   0: 0x80009d64 (0x2a3f2023) sw      gp, 672(t5)
core   0: 3 0x80009d64 (0x2a3f2023) mem 0x80010000 0x00000001
core   0: 0x80009d68 (0xff9ff06f) j       pc - 0x8
core   0: 3 0x80009d68 (0xff9ff06f)
core   0: 0x80009d60 (0x00006f17) auipc   t5, 0x6
core   0: 3 0x80009d60 (0x00006f17) x30 0x8000fd60
core   0: 0x80009d64 (0x2a3f2023) sw      gp, 672(t5)
core   0: 3 0x80009d64 (0x2a3f2023) mem 0x80010000 0x00000001
core   0: 0x80009d68 (0xff9ff06f) j       pc - 0x8
core   0: 3 0x80009d68 (0xff9ff06f)
core   0: 0x80009d60 (0x00006f17) auipc   t5, 0x6
core   0: 3 0x80009d60 (0x00006f17) x30 0x8000fd60
core   0: 0x80009d64 (0x2a3f2023) sw      gp, 672(t5)
core   0: 3 0x80009d64 (0x2a3f2023) mem 0x80010000 0x00000001
core   0: 0x80009d68 (0xff9ff06f) j       pc - 0x8
core   0: 3 0x80009d68 (0xff9ff06f)
core   0: 0x80009d60 (0x00006f17) auipc   t5, 0x6
core   0: 3 0x80009d60 (0x00006f17) x30 0x8000fd60
core   0: 0x80009d64 (0x2a3f2023) sw      gp, 672(t5)
core   0: 3 0x80009d64 (0x2a3f2023) mem 0x80010000 0x00000001
core   0: 0x80009d68 (0xff9ff06f) j       pc - 0x8
core   0: 3 0x80009d68 (0xff9ff06f)
core   0: 0x80009d60 (0x00006f17) auipc   t5, 0x6
core   0: 3 0x80009d60 (0x00006f17) x30 0x8000fd60
core   0: 0x80009d64 (0x2a3f2023) sw      gp, 672(t5)
core   0: 3 0x80009d64 (0x2a3f2023) mem 0x80010000 0x00000001
core   0: 0x80009d68 (0xff9ff06f) j       pc - 0x8
core   0: 3 0x80009d68 (0xff9ff06f)
core   0: 0x80009d60 (0x00006f17) auipc   t5, 0x6
core   0: 3 0x80009d60 (0x00006f17) x30 0x8000fd60
core   0: 0x80009d64 (0x2a3f2023) sw      gp, 672(t5)
core   0: 3 0x80009d64 (0x2a3f2023) mem 0x80010000 0x00000001
core   0: 0x80009d68 (0xff9ff06f) j       pc - 0x8
core   0: 3 0x80009d68 (0xff9ff06f)
core   0: 0x80009d60 (0x00006f17) auipc   t5, 0x6
core   0: 3 0x80009d60 (0x00006f17) x30 0x8000fd60
core   0: 0x80009d64 (0x2a3f2023) sw      gp, 672(t5)
core   0: 3 0x80009d64 (0x2a3f2023) mem 0x80010000 0x00000001
core   0: 0x80009d68 (0xff9ff06f) j       pc - 0x8
core   0: 3 0x80009d68 (0xff9ff06f)
core   0: 0x80009d60 (0x00006f17) auipc   t5, 0x6
core   0: 3 0x80009d60 (0x00006f17) x30 0x8000fd60
core   0: 0x80009d64 (0x2a3f2023) sw      gp, 672(t5)
core   0: 3 0x80009d64 (0x2a3f2023) mem 0x80010000 0x00000001
core   0: 0x80009d68 (0xff9ff06f) j       pc - 0x8
core   0: 3 0x80009d68 (0xff9ff06f)
core   0: 0x80009d60 (0x00006f17) auipc   t5, 0x6
core   0: 3 0x80009d60 (0x00006f17) x30 0x8000fd60
core   0: 0x80009d64 (0x2a3f2023) sw      gp, 672(t5)
core   0: 3 0x80009d64 (0x2a3f2023) mem 0x80010000 0x00000001
core   0: 0x80009d68 (0xff9ff06f) j       pc - 0x8
core   0: 3 0x80009d68 (0xff9ff06f)
core   0: 0x80009d60 (0x00006f17) auipc   t5, 0x6
core   0: 3 0x80009d60 (0x00006f17) x30 0x8000fd60
core   0: 0x80009d64 (0x2a3f2023) sw      gp, 672(t5)
core   0: 3 0x80009d64 (0x2a3f2023) mem 0x80010000 0x00000001
core   0: 0x80009d68 (0xff9ff06f) j       pc - 0x8
core   0: 3 0x80009d68 (0xff9ff06f)
core   0: 0x80009d60 (0x00006f17) auipc   t5, 0x6
core   0: 3 0x80009d60 (0x00006f17) x30 0x8000fd60
core   0: 0x80009d64 (0x2a3f2023) sw      gp, 672(t5)
core   0: 3 0x80009d64 (0x2a3f2023) mem 0x80010000 0x00000001
core   0: 0x80009d68 (0xff9ff06f) j       pc - 0x8
core   0: 3 0x80009d68 (0xff9ff06f)
core   0: 0x80009d60 (0x00006f17) auipc   t5, 0x6
core   0: 3 0x80009d60 (0x00006f17) x30 0x8000fd60
core   0: 0x80009d64 (0x2a3f2023) sw      gp, 672(t5)
core   0: 3 0x80009d64 (0x2a3f2023) mem 0x80010000 0x00000001
core   0: 0x80009d68 (0xff9ff06f) j       pc - 0x8
core   0: 3 0x80009d68 (0xff9ff06f)
core   0: 0x80009d60 (0x00006f17) auipc   t5, 0x6
core   0: 3 0x80009d60 (0x00006f17) x30 0x8000fd60
core   0: 0x80009d64 (0x2a3f2023) sw      gp, 672(t5)
core   0: 3 0x80009d64 (0x2a3f2023) mem 0x80010000 0x00000001
core   0: 0x80009d68 (0xff9ff06f) j       pc - 0x8
core   0: 3 0x80009d68 (0xff9ff06f)
core   0: 0x80009d60 (0x00006f17) auipc   t5, 0x6
core   0: 3 0x80009d60 (0x00006f17) x30 0x8000fd60
core   0: 0x80009d64 (0x2a3f2023) sw      gp, 672(t5)
core   0: 3 0x80009d64 (0x2a3f2023) mem 0x80010000 0x00000001
core   0: 0x80009d68 (0xff9ff06f) j       pc - 0x8
core   0: 3 0x80009d68 (0xff9ff06f)
core   0: 0x80009d60 (0x00006f17) auipc   t5, 0x6
core   0: 3 0x80009d60 (0x00006f17) x30 0x8000fd60
core   0: 0x80009d64 (0x2a3f2023) sw      gp, 672(t5)
core   0: 3 0x80009d64 (0x2a3f2023) mem 0x80010000 0x00000001
core   0: 0x80009d68 (0xff9ff06f) j       pc - 0x8
core   0: 3 0x80009d68 (0xff9ff06f)
core   0: 0x80009d60 (0x00006f17) auipc   t5, 0x6
core   0: 3 0x80009d60 (0x00006f17) x30 0x8000fd60
core   0: 0x80009d64 (0x2a3f2023) sw      gp, 672(t5)
core   0: 3 0x80009d64 (0x2a3f2023) mem 0x80010000 0x00000001
core   0: 0x80009d68 (0xff9ff06f) j       pc - 0x8
core   0: 3 0x80009d68 (0xff9ff06f)
core   0: 0x80009d60 (0x00006f17) auipc   t5, 0x6
core   0: 3 0x80009d60 (0x00006f17) x30 0x8000fd60
core   0: 0x80009d64 (0x2a3f2023) sw      gp, 672(t5)
core   0: 3 0x80009d64 (0x2a3f2023) mem 0x80010000 0x00000001
core   0: 0x80009d68 (0xff9ff06f) j       pc - 0x8
core   0: 3 0x80009d68 (0xff9ff06f)
core   0: 0x80009d60 (0x00006f17) auipc   t5, 0x6
core   0: 3 0x80009d60 (0x00006f17) x30 0x8000fd60
core   0: 0x80009d64 (0x2a3f2023) sw      gp, 672(t5)
core   0: 3 0x80009d64 (0x2a3f2023) mem 0x80010000 0x00000001
core   0: 0x80009d68 (0xff9ff06f) j       pc - 0x8
core   0: 3 0x80009d68 (0xff9ff06f)
core   0: 0x80009d60 (0x00006f17) auipc   t5, 0x6
core   0: 3 0x80009d60 (0x00006f17) x30 0x8000fd60
core   0: 0x80009d64 (0x2a3f2023) sw      gp, 672(t5)
core   0: 3 0x80009d64 (0x2a3f2023) mem 0x80010000 0x00000001
core   0: 0x80009d68 (0xff9ff06f) j       pc - 0x8
core   0: 3 0x80009d68 (0xff9ff06f)
core   0: 0x80009d60 (0x00006f17) auipc   t5, 0x6
core   0: 3 0x80009d60 (0x00006f17) x30 0x8000fd60
core   0: 0x80009d64 (0x2a3f2023) sw      gp, 672(t5)
core   0: 3 0x80009d64 (0x2a3f2023) mem 0x80010000 0x00000001
core   0: 0x80009d68 (0xff9ff06f) j       pc - 0x8
core   0: 3 0x80009d68 (0xff9ff06f)
core   0: 0x80009d60 (0x00006f17) auipc   t5, 0x6
core   0: 3 0x80009d60 (0x00006f17) x30 0x8000fd60
core   0: 0x80009d64 (0x2a3f2023) sw      gp, 672(t5)
core   0: 3 0x80009d64 (0x2a3f2023) mem 0x80010000 0x00000001
core   0: 0x80009d68 (0xff9ff06f) j       pc - 0x8
core   0: 3 0x80009d68 (0xff9ff06f)
core   0: 0x80009d60 (0x00006f17) auipc   t5, 0x6
core   0: 3 0x80009d60 (0x00006f17) x30 0x8000fd60
core   0: 0x80009d64 (0x2a3f2023) sw      gp, 672(t5)
core   0: 3 0x80009d64 (0x2a3f2023) mem 0x80010000 0x00000001
core   0: 0x80009d68 (0xff9ff06f) j       pc - 0x8
core   0: 3 0x80009d68 (0xff9ff06f)
core   0: 0x80009d60 (0x00006f17) auipc   t5, 0x6
core   0: 3 0x80009d60 (0x00006f17) x30 0x8000fd60
core   0: 0x80009d64 (0x2a3f2023) sw      gp, 672(t5)
core   0: 3 0x80009d64 (0x2a3f2023) mem 0x80010000 0x00000001
core   0: 0x80009d68 (0xff9ff06f) j       pc - 0x8
core   0: 3 0x80009d68 (0xff9ff06f)
core   0: 0x80009d60 (0x00006f17) auipc   t5, 0x6
core   0: 3 0x80009d60 (0x00006f17) x30 0x8000fd60
core   0: 0x80009d64 (0x2a3f2023) sw      gp, 672(t5)
core   0: 3 0x80009d64 (0x2a3f2023) mem 0x80010000 0x00000001
core   0: 0x80009d68 (0xff9ff06f) j       pc - 0x8
core   0: 3 0x80009d68 (0xff9ff06f)
core   0: 0x80009d60 (0x00006f17) auipc   t5, 0x6
core   0: 3 0x80009d60 (0x00006f17) x30 0x8000fd60
core   0: 0x80009d64 (0x2a3f2023) sw      gp, 672(t5)
core   0: 3 0x80009d64 (0x2a3f2023) mem 0x80010000 0x00000001
core   0: 0x80009d68 (0xff9ff06f) j       pc - 0x8
core   0: 3 0x80009d68 (0xff9ff06f)
core   0: 0x80009d60 (0x00006f17) auipc   t5, 0x6
core   0: 3 0x80009d60 (0x00006f17) x30 0x8000fd60
core   0: 0x80009d64 (0x2a3f2023) sw      gp, 672(t5)
core   0: 3 0x80009d64 (0x2a3f2023) mem 0x80010000 0x00000001
core   0: 0x80009d68 (0xff9ff06f) j       pc - 0x8
core   0: 3 0x80009d68 (0xff9ff06f)
core   0: 0x80009d60 (0x00006f17) auipc   t5, 0x6
core   0: 3 0x80009d60 (0x00006f17) x30 0x8000fd60
core   0: 0x80009d64 (0x2a3f2023) sw      gp, 672(t5)
core   0: 3 0x80009d64 (0x2a3f2023) mem 0x80010000 0x00000001
core   0: 0x80009d68 (0xff9ff06f) j       pc - 0x8
core   0: 3 0x80009d68 (0xff9ff06f)
core   0: 0x80009d60 (0x00006f17) auipc   t5, 0x6
core   0: 3 0x80009d60 (0x00006f17) x30 0x8000fd60
core   0: 0x80009d64 (0x2a3f2023) sw      gp, 672(t5)
core   0: 3 0x80009d64 (0x2a3f2023) mem 0x80010000 0x00000001
core   0: 0x80009d68 (0xff9ff06f) j       pc - 0x8
core   0: 3 0x80009d68 (0xff9ff06f)
core   0: 0x80009d60 (0x00006f17) auipc   t5, 0x6
core   0: 3 0x80009d60 (0x00006f17) x30 0x8000fd60
core   0: 0x80009d64 (0x2a3f2023) sw      gp, 672(t5)
core   0: 3 0x80009d64 (0x2a3f2023) mem 0x80010000 0x00000001
core   0: 0x80009d68 (0xff9ff06f) j       pc - 0x8
core   0: 3 0x80009d68 (0xff9ff06f)
core   0: 0x80009d60 (0x00006f17) auipc   t5, 0x6
core   0: 3 0x80009d60 (0x00006f17) x30 0x8000fd60
core   0: 0x80009d64 (0x2a3f2023) sw      gp, 672(t5)
core   0: 3 0x80009d64 (0x2a3f2023) mem 0x80010000 0x00000001
core   0: 0x80009d68 (0xff9ff06f) j       pc - 0x8
core   0: 3 0x80009d68 (0xff9ff06f)
core   0: 0x80009d60 (0x00006f17) auipc   t5, 0x6
core   0: 3 0x80009d60 (0x00006f17) x30 0x8000fd60
core   0: 0x80009d64 (0x2a3f2023) sw      gp, 672(t5)
core   0: 3 0x80009d64 (0x2a3f2023) mem 0x80010000 0x00000001
core   0: 0x80009d68 (0xff9ff06f) j       pc - 0x8
core   0: 3 0x80009d68 (0xff9ff06f)
core   0: 0x80009d60 (0x00006f17) auipc   t5, 0x6
core   0: 3 0x80009d60 (0x00006f17) x30 0x8000fd60
core   0: 0x80009d64 (0x2a3f2023) sw      gp, 672(t5)
core   0: 3 0x80009d64 (0x2a3f2023) mem 0x80010000 0x00000001
core   0: 0x80009d68 (0xff9ff06f) j       pc - 0x8
core   0: 3 0x80009d68 (0xff9ff06f)
core   0: 0x80009d60 (0x00006f17) auipc   t5, 0x6
core   0: 3 0x80009d60 (0x00006f17) x30 0x8000fd60
core   0: 0x80009d64 (0x2a3f2023) sw      gp, 672(t5)
core   0: 3 0x80009d64 (0x2a3f2023) mem 0x80010000 0x00000001
core   0: 0x80009d68 (0xff9ff06f) j       pc - 0x8
core   0: 3 0x80009d68 (0xff9ff06f)
core   0: 0x80009d60 (0x00006f17) auipc   t5, 0x6
core   0: 3 0x80009d60 (0x00006f17) x30 0x8000fd60
core   0: 0x80009d64 (0x2a3f2023) sw      gp, 672(t5)
core   0: 3 0x80009d64 (0x2a3f2023) mem 0x80010000 0x00000001
core   0: 0x80009d68 (0xff9ff06f) j       pc - 0x8
core   0: 3 0x80009d68 (0xff9ff06f)
core   0: 0x80009d60 (0x00006f17) auipc   t5, 0x6
core   0: 3 0x80009d60 (0x00006f17) x30 0x8000fd60
core   0: 0x80009d64 (0x2a3f2023) sw      gp, 672(t5)
core   0: 3 0x80009d64 (0x2a3f2023) mem 0x80010000 0x00000001
core   0: 0x80009d68 (0xff9ff06f) j       pc - 0x8
core   0: 3 0x80009d68 (0xff9ff06f)
core   0: 0x80009d60 (0x00006f17) auipc   t5, 0x6
core   0: 3 0x80009d60 (0x00006f17) x30 0x8000fd60
core   0: 0x80009d64 (0x2a3f2023) sw      gp, 672(t5)
core   0: 3 0x80009d64 (0x2a3f2023) mem 0x80010000 0x00000001
core   0: 0x80009d68 (0xff9ff06f) j       pc - 0x8
core   0: 3 0x80009d68 (0xff9ff06f)
core   0: 0x80009d60 (0x00006f17) auipc   t5, 0x6
core   0: 3 0x80009d60 (0x00006f17) x30 0x8000fd60
core   0: 0x80009d64 (0x2a3f2023) sw      gp, 672(t5)
core   0: 3 0x80009d64 (0x2a3f2023) mem 0x80010000 0x00000001
core   0: 0x80009d68 (0xff9ff06f) j       pc - 0x8
core   0: 3 0x80009d68 (0xff9ff06f)
core   0: 0x80009d60 (0x00006f17) auipc   t5, 0x6
core   0: 3 0x80009d60 (0x00006f17) x30 0x8000fd60
core   0: 0x80009d64 (0x2a3f2023) sw      gp, 672(t5)
core   0: 3 0x80009d64 (0x2a3f2023) mem 0x80010000 0x00000001
core   0: 0x80009d68 (0xff9ff06f) j       pc - 0x8
core   0: 3 0x80009d68 (0xff9ff06f)
core   0: 0x80009d60 (0x00006f17) auipc   t5, 0x6
core   0: 3 0x80009d60 (0x00006f17) x30 0x8000fd60
core   0: 0x80009d64 (0x2a3f2023) sw      gp, 672(t5)
core   0: 3 0x80009d64 (0x2a3f2023) mem 0x80010000 0x00000001
core   0: 0x80009d68 (0xff9ff06f) j       pc - 0x8
core   0: 3 0x80009d68 (0xff9ff06f)
core   0: 0x80009d60 (0x00006f17) auipc   t5, 0x6
core   0: 3 0x80009d60 (0x00006f17) x30 0x8000fd60
core   0: 0x80009d64 (0x2a3f2023) sw      gp, 672(t5)
core   0: 3 0x80009d64 (0x2a3f2023) mem 0x80010000 0x00000001
core   0: 0x80009d68 (0xff9ff06f) j       pc - 0x8
core   0: 3 0x80009d68 (0xff9ff06f)
core   0: 0x80009d60 (0x00006f17) auipc   t5, 0x6
core   0: 3 0x80009d60 (0x00006f17) x30 0x8000fd60
core   0: 0x80009d64 (0x2a3f2023) sw      gp, 672(t5)
core   0: 3 0x80009d64 (0x2a3f2023) mem 0x80010000 0x00000001
core   0: 0x80009d68 (0xff9ff06f) j       pc - 0x8
core   0: 3 0x80009d68 (0xff9ff06f)
core   0: 0x80009d60 (0x00006f17) auipc   t5, 0x6
core   0: 3 0x80009d60 (0x00006f17) x30 0x8000fd60
core   0: 0x80009d64 (0x2a3f2023) sw      gp, 672(t5)
core   0: 3 0x80009d64 (0x2a3f2023) mem 0x80010000 0x00000001
core   0: 0x80009d68 (0xff9ff06f) j       pc - 0x8
core   0: 3 0x80009d68 (0xff9ff06f)
core   0: 0x80009d60 (0x00006f17) auipc   t5, 0x6
core   0: 3 0x80009d60 (0x00006f17) x30 0x8000fd60
core   0: 0x80009d64 (0x2a3f2023) sw      gp, 672(t5)
core   0: 3 0x80009d64 (0x2a3f2023) mem 0x80010000 0x00000001
core   0: 0x80009d68 (0xff9ff06f) j       pc - 0x8
core   0: 3 0x80009d68 (0xff9ff06f)
core   0: 0x80009d60 (0x00006f17) auipc   t5, 0x6
core   0: 3 0x80009d60 (0x00006f17) x30 0x8000fd60
core   0: 0x80009d64 (0x2a3f2023) sw      gp, 672(t5)
core   0: 3 0x80009d64 (0x2a3f2023) mem 0x80010000 0x00000001
core   0: 0x80009d68 (0xff9ff06f) j       pc - 0x8
core   0: 3 0x80009d68 (0xff9ff06f)
core   0: 0x80009d60 (0x00006f17) auipc   t5, 0x6
core   0: 3 0x80009d60 (0x00006f17) x30 0x8000fd60
core   0: 0x80009d64 (0x2a3f2023) sw      gp, 672(t5)
core   0: 3 0x80009d64 (0x2a3f2023) mem 0x80010000 0x00000001
core   0: 0x80009d68 (0xff9ff06f) j       pc - 0x8
core   0: 3 0x80009d68 (0xff9ff06f)
core   0: 0x80009d60 (0x00006f17) auipc   t5, 0x6
core   0: 3 0x80009d60 (0x00006f17) x30 0x8000fd60
core   0: 0x80009d64 (0x2a3f2023) sw      gp, 672(t5)
core   0: 3 0x80009d64 (0x2a3f2023) mem 0x80010000 0x00000001
core   0: 0x80009d68 (0xff9ff06f) j       pc - 0x8
core   0: 3 0x80009d68 (0xff9ff06f)
core   0: 0x80009d60 (0x00006f17) auipc   t5, 0x6
core   0: 3 0x80009d60 (0x00006f17) x30 0x8000fd60
core   0: 0x80009d64 (0x2a3f2023) sw      gp, 672(t5)
core   0: 3 0x80009d64 (0x2a3f2023) mem 0x80010000 0x00000001
core   0: 0x80009d68 (0xff9ff06f) j       pc - 0x8
core   0: 3 0x80009d68 (0xff9ff06f)
core   0: 0x80009d60 (0x00006f17) auipc   t5, 0x6
core   0: 3 0x80009d60 (0x00006f17) x30 0x8000fd60
core   0: 0x80009d64 (0x2a3f2023) sw      gp, 672(t5)
core   0: 3 0x80009d64 (0x2a3f2023) mem 0x80010000 0x00000001
core   0: 0x80009d68 (0xff9ff06f) j       pc - 0x8
core   0: 3 0x80009d68 (0xff9ff06f)
core   0: 0x80009d60 (0x00006f17) auipc   t5, 0x6
core   0: 3 0x80009d60 (0x00006f17) x30 0x8000fd60
core   0: 0x80009d64 (0x2a3f2023) sw      gp, 672(t5)
core   0: 3 0x80009d64 (0x2a3f2023) mem 0x80010000 0x00000001
core   0: 0x80009d68 (0xff9ff06f) j       pc - 0x8
core   0: 3 0x80009d68 (0xff9ff06f)
core   0: 0x80009d60 (0x00006f17) auipc   t5, 0x6
core   0: 3 0x80009d60 (0x00006f17) x30 0x8000fd60
core   0: 0x80009d64 (0x2a3f2023) sw      gp, 672(t5)
core   0: 3 0x80009d64 (0x2a3f2023) mem 0x80010000 0x00000001
core   0: 0x80009d68 (0xff9ff06f) j       pc - 0x8
core   0: 3 0x80009d68 (0xff9ff06f)
core   0: 0x80009d60 (0x00006f17) auipc   t5, 0x6
core   0: 3 0x80009d60 (0x00006f17) x30 0x8000fd60
core   0: 0x80009d64 (0x2a3f2023) sw      gp, 672(t5)
core   0: 3 0x80009d64 (0x2a3f2023) mem 0x80010000 0x00000001
core   0: 0x80009d68 (0xff9ff06f) j       pc - 0x8
core   0: 3 0x80009d68 (0xff9ff06f)
core   0: 0x80009d60 (0x00006f17) auipc   t5, 0x6
core   0: 3 0x80009d60 (0x00006f17) x30 0x8000fd60
core   0: 0x80009d64 (0x2a3f2023) sw      gp, 672(t5)
core   0: 3 0x80009d64 (0x2a3f2023) mem 0x80010000 0x00000001
core   0: 0x80009d68 (0xff9ff06f) j       pc - 0x8
core   0: 3 0x80009d68 (0xff9ff06f)
core   0: 0x80009d60 (0x00006f17) auipc   t5, 0x6
core   0: 3 0x80009d60 (0x00006f17) x30 0x8000fd60
core   0: 0x80009d64 (0x2a3f2023) sw      gp, 672(t5)
core   0: 3 0x80009d64 (0x2a3f2023) mem 0x80010000 0x00000001
core   0: 0x80009d68 (0xff9ff06f) j       pc - 0x8
core   0: 3 0x80009d68 (0xff9ff06f)
core   0: 0x80009d60 (0x00006f17) auipc   t5, 0x6
core   0: 3 0x80009d60 (0x00006f17) x30 0x8000fd60
core   0: 0x80009d64 (0x2a3f2023) sw      gp, 672(t5)
core   0: 3 0x80009d64 (0x2a3f2023) mem 0x80010000 0x00000001
core   0: 0x80009d68 (0xff9ff06f) j       pc - 0x8
core   0: 3 0x80009d68 (0xff9ff06f)
core   0: 0x80009d60 (0x00006f17) auipc   t5, 0x6
core   0: 3 0x80009d60 (0x00006f17) x30 0x8000fd60
core   0: 0x80009d64 (0x2a3f2023) sw      gp, 672(t5)
core   0: 3 0x80009d64 (0x2a3f2023) mem 0x80010000 0x00000001
core   0: 0x80009d68 (0xff9ff06f) j       pc - 0x8
core   0: 3 0x80009d68 (0xff9ff06f)
core   0: 0x80009d60 (0x00006f17) auipc   t5, 0x6
core   0: 3 0x80009d60 (0x00006f17) x30 0x8000fd60
core   0: 0x80009d64 (0x2a3f2023) sw      gp, 672(t5)
core   0: 3 0x80009d64 (0x2a3f2023) mem 0x80010000 0x00000001
core   0: 0x80009d68 (0xff9ff06f) j       pc - 0x8
core   0: 3 0x80009d68 (0xff9ff06f)
core   0: 0x80009d60 (0x00006f17) auipc   t5, 0x6
core   0: 3 0x80009d60 (0x00006f17) x30 0x8000fd60
core   0: 0x80009d64 (0x2a3f2023) sw      gp, 672(t5)
core   0: 3 0x80009d64 (0x2a3f2023) mem 0x80010000 0x00000001
core   0: 0x80009d68 (0xff9ff06f) j       pc - 0x8
core   0: 3 0x80009d68 (0xff9ff06f)
core   0: 0x80009d60 (0x00006f17) auipc   t5, 0x6
core   0: 3 0x80009d60 (0x00006f17) x30 0x8000fd60
core   0: 0x80009d64 (0x2a3f2023) sw      gp, 672(t5)
core   0: 3 0x80009d64 (0x2a3f2023) mem 0x80010000 0x00000001
core   0: 0x80009d68 (0xff9ff06f) j       pc - 0x8
core   0: 3 0x80009d68 (0xff9ff06f)
core   0: 0x80009d60 (0x00006f17) auipc   t5, 0x6
core   0: 3 0x80009d60 (0x00006f17) x30 0x8000fd60
core   0: 0x80009d64 (0x2a3f2023) sw      gp, 672(t5)
core   0: 3 0x80009d64 (0x2a3f2023) mem 0x80010000 0x00000001
core   0: 0x80009d68 (0xff9ff06f) j       pc - 0x8
core   0: 3 0x80009d68 (0xff9ff06f)
core   0: 0x80009d60 (0x00006f17) auipc   t5, 0x6
core   0: 3 0x80009d60 (0x00006f17) x30 0x8000fd60
core   0: 0x80009d64 (0x2a3f2023) sw      gp, 672(t5)
core   0: 3 0x80009d64 (0x2a3f2023) mem 0x80010000 0x00000001
core   0: 0x80009d68 (0xff9ff06f) j       pc - 0x8
core   0: 3 0x80009d68 (0xff9ff06f)
core   0: 0x80009d60 (0x00006f17) auipc   t5, 0x6
core   0: 3 0x80009d60 (0x00006f17) x30 0x8000fd60
core   0: 0x80009d64 (0x2a3f2023) sw      gp, 672(t5)
core   0: 3 0x80009d64 (0x2a3f2023) mem 0x80010000 0x00000001
core   0: 0x80009d68 (0xff9ff06f) j       pc - 0x8
core   0: 3 0x80009d68 (0xff9ff06f)
core   0: 0x80009d60 (0x00006f17) auipc   t5, 0x6
core   0: 3 0x80009d60 (0x00006f17) x30 0x8000fd60
core   0: 0x80009d64 (0x2a3f2023) sw      gp, 672(t5)
core   0: 3 0x80009d64 (0x2a3f2023) mem 0x80010000 0x00000001
core   0: 0x80009d68 (0xff9ff06f) j       pc - 0x8
core   0: 3 0x80009d68 (0xff9ff06f)
core   0: 0x80009d60 (0x00006f17) auipc   t5, 0x6
core   0: 3 0x80009d60 (0x00006f17) x30 0x8000fd60
core   0: 0x80009d64 (0x2a3f2023) sw      gp, 672(t5)
core   0: 3 0x80009d64 (0x2a3f2023) mem 0x80010000 0x00000001
core   0: 0x80009d68 (0xff9ff06f) j       pc - 0x8
core   0: 3 0x80009d68 (0xff9ff06f)
core   0: 0x80009d60 (0x00006f17) auipc   t5, 0x6
core   0: 3 0x80009d60 (0x00006f17) x30 0x8000fd60
core   0: 0x80009d64 (0x2a3f2023) sw      gp, 672(t5)
core   0: 3 0x80009d64 (0x2a3f2023) mem 0x80010000 0x00000001
core   0: 0x80009d68 (0xff9ff06f) j       pc - 0x8
core   0: 3 0x80009d68 (0xff9ff06f)
core   0: 0x80009d60 (0x00006f17) auipc   t5, 0x6
core   0: 3 0x80009d60 (0x00006f17) x30 0x8000fd60
core   0: 0x80009d64 (0x2a3f2023) sw      gp, 672(t5)
core   0: 3 0x80009d64 (0x2a3f2023) mem 0x80010000 0x00000001
core   0: 0x80009d68 (0xff9ff06f) j       pc - 0x8
core   0: 3 0x80009d68 (0xff9ff06f)
core   0: 0x80009d60 (0x00006f17) auipc   t5, 0x6
core   0: 3 0x80009d60 (0x00006f17) x30 0x8000fd60
core   0: 0x80009d64 (0x2a3f2023) sw      gp, 672(t5)
core   0: 3 0x80009d64 (0x2a3f2023) mem 0x80010000 0x00000001
core   0: 0x80009d68 (0xff9ff06f) j       pc - 0x8
core   0: 3 0x80009d68 (0xff9ff06f)
core   0: 0x80009d60 (0x00006f17) auipc   t5, 0x6
core   0: 3 0x80009d60 (0x00006f17) x30 0x8000fd60
core   0: 0x80009d64 (0x2a3f2023) sw      gp, 672(t5)
core   0: 3 0x80009d64 (0x2a3f2023) mem 0x80010000 0x00000001
core   0: 0x80009d68 (0xff9ff06f) j       pc - 0x8
core   0: 3 0x80009d68 (0xff9ff06f)
core   0: 0x80009d60 (0x00006f17) auipc   t5, 0x6
core   0: 3 0x80009d60 (0x00006f17) x30 0x8000fd60
core   0: 0x80009d64 (0x2a3f2023) sw      gp, 672(t5)
core   0: 3 0x80009d64 (0x2a3f2023) mem 0x80010000 0x00000001
core   0: 0x80009d68 (0xff9ff06f) j       pc - 0x8
core   0: 3 0x80009d68 (0xff9ff06f)
core   0: 0x80009d60 (0x00006f17) auipc   t5, 0x6
core   0: 3 0x80009d60 (0x00006f17) x30 0x8000fd60
core   0: 0x80009d64 (0x2a3f2023) sw      gp, 672(t5)
core   0: 3 0x80009d64 (0x2a3f2023) mem 0x80010000 0x00000001
core   0: 0x80009d68 (0xff9ff06f) j       pc - 0x8
core   0: 3 0x80009d68 (0xff9ff06f)
core   0: 0x80009d60 (0x00006f17) auipc   t5, 0x6
core   0: 3 0x80009d60 (0x00006f17) x30 0x8000fd60
core   0: 0x80009d64 (0x2a3f2023) sw      gp, 672(t5)
core   0: 3 0x80009d64 (0x2a3f2023) mem 0x80010000 0x00000001
core   0: 0x80009d68 (0xff9ff06f) j       pc - 0x8
core   0: 3 0x80009d68 (0xff9ff06f)
core   0: 0x80009d60 (0x00006f17) auipc   t5, 0x6
core   0: 3 0x80009d60 (0x00006f17) x30 0x8000fd60
core   0: 0x80009d64 (0x2a3f2023) sw      gp, 672(t5)
core   0: 3 0x80009d64 (0x2a3f2023) mem 0x80010000 0x00000001
core   0: 0x80009d68 (0xff9ff06f) j       pc - 0x8
core   0: 3 0x80009d68 (0xff9ff06f)
core   0: 0x80009d60 (0x00006f17) auipc   t5, 0x6
core   0: 3 0x80009d60 (0x00006f17) x30 0x8000fd60
core   0: 0x80009d64 (0x2a3f2023) sw      gp, 672(t5)
core   0: 3 0x80009d64 (0x2a3f2023) mem 0x80010000 0x00000001
core   0: 0x80009d68 (0xff9ff06f) j       pc - 0x8
core   0: 3 0x80009d68 (0xff9ff06f)
core   0: 0x80009d60 (0x00006f17) auipc   t5, 0x6
core   0: 3 0x80009d60 (0x00006f17) x30 0x8000fd60
core   0: 0x80009d64 (0x2a3f2023) sw      gp, 672(t5)
core   0: 3 0x80009d64 (0x2a3f2023) mem 0x80010000 0x00000001
core   0: 0x80009d68 (0xff9ff06f) j       pc - 0x8
core   0: 3 0x80009d68 (0xff9ff06f)
core   0: 0x80009d60 (0x00006f17) auipc   t5, 0x6
core   0: 3 0x80009d60 (0x00006f17) x30 0x8000fd60
core   0: 0x80009d64 (0x2a3f2023) sw      gp, 672(t5)
core   0: 3 0x80009d64 (0x2a3f2023) mem 0x80010000 0x00000001
core   0: 0x80009d68 (0xff9ff06f) j       pc - 0x8
core   0: 3 0x80009d68 (0xff9ff06f)
core   0: 0x80009d60 (0x00006f17) auipc   t5, 0x6
core   0: 3 0x80009d60 (0x00006f17) x30 0x8000fd60
core   0: 0x80009d64 (0x2a3f2023) sw      gp, 672(t5)
core   0: 3 0x80009d64 (0x2a3f2023) mem 0x80010000 0x00000001
core   0: 0x80009d68 (0xff9ff06f) j       pc - 0x8
core   0: 3 0x80009d68 (0xff9ff06f)
core   0: 0x80009d60 (0x00006f17) auipc   t5, 0x6
core   0: 3 0x80009d60 (0x00006f17) x30 0x8000fd60
core   0: 0x80009d64 (0x2a3f2023) sw      gp, 672(t5)
core   0: 3 0x80009d64 (0x2a3f2023) mem 0x80010000 0x00000001
core   0: 0x80009d68 (0xff9ff06f) j       pc - 0x8
core   0: 3 0x80009d68 (0xff9ff06f)
core   0: 0x80009d60 (0x00006f17) auipc   t5, 0x6
core   0: 3 0x80009d60 (0x00006f17) x30 0x8000fd60
core   0: 0x80009d64 (0x2a3f2023) sw      gp, 672(t5)
core   0: 3 0x80009d64 (0x2a3f2023) mem 0x80010000 0x00000001
core   0: 0x80009d68 (0xff9ff06f) j       pc - 0x8
core   0: 3 0x80009d68 (0xff9ff06f)
core   0: 0x80009d60 (0x00006f17) auipc   t5, 0x6
core   0: 3 0x80009d60 (0x00006f17) x30 0x8000fd60
core   0: 0x80009d64 (0x2a3f2023) sw      gp, 672(t5)
core   0: 3 0x80009d64 (0x2a3f2023) mem 0x80010000 0x00000001
core   0: 0x80009d68 (0xff9ff06f) j       pc - 0x8
core   0: 3 0x80009d68 (0xff9ff06f)
core   0: 0x80009d60 (0x00006f17) auipc   t5, 0x6
core   0: 3 0x80009d60 (0x00006f17) x30 0x8000fd60
core   0: 0x80009d64 (0x2a3f2023) sw      gp, 672(t5)
core   0: 3 0x80009d64 (0x2a3f2023) mem 0x80010000 0x00000001
core   0: 0x80009d68 (0xff9ff06f) j       pc - 0x8
core   0: 3 0x80009d68 (0xff9ff06f)
core   0: 0x80009d60 (0x00006f17) auipc   t5, 0x6
core   0: 3 0x80009d60 (0x00006f17) x30 0x8000fd60
core   0: 0x80009d64 (0x2a3f2023) sw      gp, 672(t5)
core   0: 3 0x80009d64 (0x2a3f2023) mem 0x80010000 0x00000001
core   0: 0x80009d68 (0xff9ff06f) j       pc - 0x8
core   0: 3 0x80009d68 (0xff9ff06f)
core   0: 0x80009d60 (0x00006f17) auipc   t5, 0x6
core   0: 3 0x80009d60 (0x00006f17) x30 0x8000fd60
core   0: 0x80009d64 (0x2a3f2023) sw      gp, 672(t5)
core   0: 3 0x80009d64 (0x2a3f2023) mem 0x80010000 0x00000001
core   0: 0x80009d68 (0xff9ff06f) j       pc - 0x8
core   0: 3 0x80009d68 (0xff9ff06f)
core   0: 0x80009d60 (0x00006f17) auipc   t5, 0x6
core   0: 3 0x80009d60 (0x00006f17) x30 0x8000fd60
core   0: 0x80009d64 (0x2a3f2023) sw      gp, 672(t5)
core   0: 3 0x80009d64 (0x2a3f2023) mem 0x80010000 0x00000001
core   0: 0x80009d68 (0xff9ff06f) j       pc - 0x8
core   0: 3 0x80009d68 (0xff9ff06f)
core   0: 0x80009d60 (0x00006f17) auipc   t5, 0x6
core   0: 3 0x80009d60 (0x00006f17) x30 0x8000fd60
core   0: 0x80009d64 (0x2a3f2023) sw      gp, 672(t5)
core   0: 3 0x80009d64 (0x2a3f2023) mem 0x80010000 0x00000001
core   0: 0x80009d68 (0xff9ff06f) j       pc - 0x8
core   0: 3 0x80009d68 (0xff9ff06f)
core   0: 0x80009d60 (0x00006f17) auipc   t5, 0x6
core   0: 3 0x80009d60 (0x00006f17) x30 0x8000fd60
core   0: 0x80009d64 (0x2a3f2023) sw      gp, 672(t5)
core   0: 3 0x80009d64 (0x2a3f2023) mem 0x80010000 0x00000001
core   0: 0x80009d68 (0xff9ff06f) j       pc - 0x8
core   0: 3 0x80009d68 (0xff9ff06f)
core   0: 0x80009d60 (0x00006f17) auipc   t5, 0x6
core   0: 3 0x80009d60 (0x00006f17) x30 0x8000fd60
core   0: 0x80009d64 (0x2a3f2023) sw      gp, 672(t5)
core   0: 3 0x80009d64 (0x2a3f2023) mem 0x80010000 0x00000001
core   0: 0x80009d68 (0xff9ff06f) j       pc - 0x8
core   0: 3 0x80009d68 (0xff9ff06f)
core   0: 0x80009d60 (0x00006f17) auipc   t5, 0x6
core   0: 3 0x80009d60 (0x00006f17) x30 0x8000fd60
core   0: 0x80009d64 (0x2a3f2023) sw      gp, 672(t5)
core   0: 3 0x80009d64 (0x2a3f2023) mem 0x80010000 0x00000001
core   0: 0x80009d68 (0xff9ff06f) j       pc - 0x8
core   0: 3 0x80009d68 (0xff9ff06f)
core   0: 0x80009d60 (0x00006f17) auipc   t5, 0x6
core   0: 3 0x80009d60 (0x00006f17) x30 0x8000fd60
core   0: 0x80009d64 (0x2a3f2023) sw      gp, 672(t5)
core   0: 3 0x80009d64 (0x2a3f2023) mem 0x80010000 0x00000001
core   0: 0x80009d68 (0xff9ff06f) j       pc - 0x8
core   0: 3 0x80009d68 (0xff9ff06f)
core   0: 0x80009d60 (0x00006f17) auipc   t5, 0x6
core   0: 3 0x80009d60 (0x00006f17) x30 0x8000fd60
core   0: 0x80009d64 (0x2a3f2023) sw      gp, 672(t5)
core   0: 3 0x80009d64 (0x2a3f2023) mem 0x80010000 0x00000001
core   0: 0x80009d68 (0xff9ff06f) j       pc - 0x8
core   0: 3 0x80009d68 (0xff9ff06f)
core   0: 0x80009d60 (0x00006f17) auipc   t5, 0x6
core   0: 3 0x80009d60 (0x00006f17) x30 0x8000fd60
core   0: 0x80009d64 (0x2a3f2023) sw      gp, 672(t5)
core   0: 3 0x80009d64 (0x2a3f2023) mem 0x80010000 0x00000001
core   0: 0x80009d68 (0xff9ff06f) j       pc - 0x8
core   0: 3 0x80009d68 (0xff9ff06f)
core   0: 0x80009d60 (0x00006f17) auipc   t5, 0x6
core   0: 3 0x80009d60 (0x00006f17) x30 0x8000fd60
core   0: 0x80009d64 (0x2a3f2023) sw      gp, 672(t5)
core   0: 3 0x80009d64 (0x2a3f2023) mem 0x80010000 0x00000001
core   0: 0x80009d68 (0xff9ff06f) j       pc - 0x8
core   0: 3 0x80009d68 (0xff9ff06f)
core   0: 0x80009d60 (0x00006f17) auipc   t5, 0x6
core   0: 3 0x80009d60 (0x00006f17) x30 0x8000fd60
core   0: 0x80009d64 (0x2a3f2023) sw      gp, 672(t5)
core   0: 3 0x80009d64 (0x2a3f2023) mem 0x80010000 0x00000001
core   0: 0x80009d68 (0xff9ff06f) j       pc - 0x8
core   0: 3 0x80009d68 (0xff9ff06f)
core   0: 0x80009d60 (0x00006f17) auipc   t5, 0x6
core   0: 3 0x80009d60 (0x00006f17) x30 0x8000fd60
core   0: 0x80009d64 (0x2a3f2023) sw      gp, 672(t5)
core   0: 3 0x80009d64 (0x2a3f2023) mem 0x80010000 0x00000001
core   0: 0x80009d68 (0xff9ff06f) j       pc - 0x8
core   0: 3 0x80009d68 (0xff9ff06f)
core   0: 0x80009d60 (0x00006f17) auipc   t5, 0x6
core   0: 3 0x80009d60 (0x00006f17) x30 0x8000fd60
core   0: 0x80009d64 (0x2a3f2023) sw      gp, 672(t5)
core   0: 3 0x80009d64 (0x2a3f2023) mem 0x80010000 0x00000001
core   0: 0x80009d68 (0xff9ff06f) j       pc - 0x8
core   0: 3 0x80009d68 (0xff9ff06f)
core   0: 0x80009d60 (0x00006f17) auipc   t5, 0x6
core   0: 3 0x80009d60 (0x00006f17) x30 0x8000fd60
core   0: 0x80009d64 (0x2a3f2023) sw      gp, 672(t5)
core   0: 3 0x80009d64 (0x2a3f2023) mem 0x80010000 0x00000001
core   0: 0x80009d68 (0xff9ff06f) j       pc - 0x8
core   0: 3 0x80009d68 (0xff9ff06f)
core   0: 0x80009d60 (0x00006f17) auipc   t5, 0x6
core   0: 3 0x80009d60 (0x00006f17) x30 0x8000fd60
core   0: 0x80009d64 (0x2a3f2023) sw      gp, 672(t5)
core   0: 3 0x80009d64 (0x2a3f2023) mem 0x80010000 0x00000001
core   0: 0x80009d68 (0xff9ff06f) j       pc - 0x8
core   0: 3 0x80009d68 (0xff9ff06f)
core   0: 0x80009d60 (0x00006f17) auipc   t5, 0x6
core   0: 3 0x80009d60 (0x00006f17) x30 0x8000fd60
core   0: 0x80009d64 (0x2a3f2023) sw      gp, 672(t5)
core   0: 3 0x80009d64 (0x2a3f2023) mem 0x80010000 0x00000001
core   0: 0x80009d68 (0xff9ff06f) j       pc - 0x8
core   0: 3 0x80009d68 (0xff9ff06f)
core   0: 0x80009d60 (0x00006f17) auipc   t5, 0x6
core   0: 3 0x80009d60 (0x00006f17) x30 0x8000fd60
core   0: 0x80009d64 (0x2a3f2023) sw      gp, 672(t5)
core   0: 3 0x80009d64 (0x2a3f2023) mem 0x80010000 0x00000001
core   0: 0x80009d68 (0xff9ff06f) j       pc - 0x8
core   0: 3 0x80009d68 (0xff9ff06f)
core   0: 0x80009d60 (0x00006f17) auipc   t5, 0x6
core   0: 3 0x80009d60 (0x00006f17) x30 0x8000fd60
core   0: 0x80009d64 (0x2a3f2023) sw      gp, 672(t5)
core   0: 3 0x80009d64 (0x2a3f2023) mem 0x80010000 0x00000001
core   0: 0x80009d68 (0xff9ff06f) j       pc - 0x8
core   0: 3 0x80009d68 (0xff9ff06f)
core   0: 0x80009d60 (0x00006f17) auipc   t5, 0x6
core   0: 3 0x80009d60 (0x00006f17) x30 0x8000fd60
core   0: 0x80009d64 (0x2a3f2023) sw      gp, 672(t5)
core   0: 3 0x80009d64 (0x2a3f2023) mem 0x80010000 0x00000001
core   0: 0x80009d68 (0xff9ff06f) j       pc - 0x8
core   0: 3 0x80009d68 (0xff9ff06f)
core   0: 0x80009d60 (0x00006f17) auipc   t5, 0x6
core   0: 3 0x80009d60 (0x00006f17) x30 0x8000fd60
core   0: 0x80009d64 (0x2a3f2023) sw      gp, 672(t5)
core   0: 3 0x80009d64 (0x2a3f2023) mem 0x80010000 0x00000001
core   0: 0x80009d68 (0xff9ff06f) j       pc - 0x8
core   0: 3 0x80009d68 (0xff9ff06f)
core   0: 0x80009d60 (0x00006f17) auipc   t5, 0x6
core   0: 3 0x80009d60 (0x00006f17) x30 0x8000fd60
core   0: 0x80009d64 (0x2a3f2023) sw      gp, 672(t5)
core   0: 3 0x80009d64 (0x2a3f2023) mem 0x80010000 0x00000001
core   0: 0x80009d68 (0xff9ff06f) j       pc - 0x8
core   0: 3 0x80009d68 (0xff9ff06f)
core   0: 0x80009d60 (0x00006f17) auipc   t5, 0x6
core   0: 3 0x80009d60 (0x00006f17) x30 0x8000fd60
core   0: 0x80009d64 (0x2a3f2023) sw      gp, 672(t5)
core   0: 3 0x80009d64 (0x2a3f2023) mem 0x80010000 0x00000001
core   0: 0x80009d68 (0xff9ff06f) j       pc - 0x8
core   0: 3 0x80009d68 (0xff9ff06f)
core   0: 0x80009d60 (0x00006f17) auipc   t5, 0x6
core   0: 3 0x80009d60 (0x00006f17) x30 0x8000fd60
core   0: 0x80009d64 (0x2a3f2023) sw      gp, 672(t5)
core   0: 3 0x80009d64 (0x2a3f2023) mem 0x80010000 0x00000001
core   0: 0x80009d68 (0xff9ff06f) j       pc - 0x8
core   0: 3 0x80009d68 (0xff9ff06f)
core   0: 0x80009d60 (0x00006f17) auipc   t5, 0x6
core   0: 3 0x80009d60 (0x00006f17) x30 0x8000fd60
core   0: 0x80009d64 (0x2a3f2023) sw      gp, 672(t5)
core   0: 3 0x80009d64 (0x2a3f2023) mem 0x80010000 0x00000001
core   0: 0x80009d68 (0xff9ff06f) j       pc - 0x8
core   0: 3 0x80009d68 (0xff9ff06f)
core   0: 0x80009d60 (0x00006f17) auipc   t5, 0x6
core   0: 3 0x80009d60 (0x00006f17) x30 0x8000fd60
core   0: 0x80009d64 (0x2a3f2023) sw      gp, 672(t5)
core   0: 3 0x80009d64 (0x2a3f2023) mem 0x80010000 0x00000001
core   0: 0x80009d68 (0xff9ff06f) j       pc - 0x8
core   0: 3 0x80009d68 (0xff9ff06f)
core   0: 0x80009d60 (0x00006f17) auipc   t5, 0x6
core   0: 3 0x80009d60 (0x00006f17) x30 0x8000fd60
core   0: 0x80009d64 (0x2a3f2023) sw      gp, 672(t5)
core   0: 3 0x80009d64 (0x2a3f2023) mem 0x80010000 0x00000001
core   0: 0x80009d68 (0xff9ff06f) j       pc - 0x8
core   0: 3 0x80009d68 (0xff9ff06f)
core   0: 0x80009d60 (0x00006f17) auipc   t5, 0x6
core   0: 3 0x80009d60 (0x00006f17) x30 0x8000fd60
core   0: 0x80009d64 (0x2a3f2023) sw      gp, 672(t5)
core   0: 3 0x80009d64 (0x2a3f2023) mem 0x80010000 0x00000001
core   0: 0x80009d68 (0xff9ff06f) j       pc - 0x8
core   0: 3 0x80009d68 (0xff9ff06f)
core   0: 0x80009d60 (0x00006f17) auipc   t5, 0x6
core   0: 3 0x80009d60 (0x00006f17) x30 0x8000fd60
core   0: 0x80009d64 (0x2a3f2023) sw      gp, 672(t5)
core   0: 3 0x80009d64 (0x2a3f2023) mem 0x80010000 0x00000001
core   0: 0x80009d68 (0xff9ff06f) j       pc - 0x8
core   0: 3 0x80009d68 (0xff9ff06f)
core   0: 0x80009d60 (0x00006f17) auipc   t5, 0x6
core   0: 3 0x80009d60 (0x00006f17) x30 0x8000fd60
core   0: 0x80009d64 (0x2a3f2023) sw      gp, 672(t5)
core   0: 3 0x80009d64 (0x2a3f2023) mem 0x80010000 0x00000001
core   0: 0x80009d68 (0xff9ff06f) j       pc - 0x8
core   0: 3 0x80009d68 (0xff9ff06f)
core   0: 0x80009d60 (0x00006f17) auipc   t5, 0x6
core   0: 3 0x80009d60 (0x00006f17) x30 0x8000fd60
core   0: 0x80009d64 (0x2a3f2023) sw      gp, 672(t5)
core   0: 3 0x80009d64 (0x2a3f2023) mem 0x80010000 0x00000001
core   0: 0x80009d68 (0xff9ff06f) j       pc - 0x8
core   0: 3 0x80009d68 (0xff9ff06f)
core   0: 0x80009d60 (0x00006f17) auipc   t5, 0x6
core   0: 3 0x80009d60 (0x00006f17) x30 0x8000fd60
core   0: 0x80009d64 (0x2a3f2023) sw      gp, 672(t5)
core   0: 3 0x80009d64 (0x2a3f2023) mem 0x80010000 0x00000001
core   0: 0x80009d68 (0xff9ff06f) j       pc - 0x8
core   0: 3 0x80009d68 (0xff9ff06f)
core   0: 0x80009d60 (0x00006f17) auipc   t5, 0x6
core   0: 3 0x80009d60 (0x00006f17) x30 0x8000fd60
core   0: 0x80009d64 (0x2a3f2023) sw      gp, 672(t5)
core   0: 3 0x80009d64 (0x2a3f2023) mem 0x80010000 0x00000001
core   0: 0x80009d68 (0xff9ff06f) j       pc - 0x8
core   0: 3 0x80009d68 (0xff9ff06f)
core   0: 0x80009d60 (0x00006f17) auipc   t5, 0x6
core   0: 3 0x80009d60 (0x00006f17) x30 0x8000fd60
core   0: 0x80009d64 (0x2a3f2023) sw      gp, 672(t5)
core   0: 3 0x80009d64 (0x2a3f2023) mem 0x80010000 0x00000001
core   0: 0x80009d68 (0xff9ff06f) j       pc - 0x8
core   0: 3 0x80009d68 (0xff9ff06f)
core   0: 0x80009d60 (0x00006f17) auipc   t5, 0x6
core   0: 3 0x80009d60 (0x00006f17) x30 0x8000fd60
core   0: 0x80009d64 (0x2a3f2023) sw      gp, 672(t5)
core   0: 3 0x80009d64 (0x2a3f2023) mem 0x80010000 0x00000001
core   0: 0x80009d68 (0xff9ff06f) j       pc - 0x8
core   0: 3 0x80009d68 (0xff9ff06f)
core   0: 0x80009d60 (0x00006f17) auipc   t5, 0x6
core   0: 3 0x80009d60 (0x00006f17) x30 0x8000fd60
core   0: 0x80009d64 (0x2a3f2023) sw      gp, 672(t5)
core   0: 3 0x80009d64 (0x2a3f2023) mem 0x80010000 0x00000001
core   0: 0x80009d68 (0xff9ff06f) j       pc - 0x8
core   0: 3 0x80009d68 (0xff9ff06f)
core   0: 0x80009d60 (0x00006f17) auipc   t5, 0x6
core   0: 3 0x80009d60 (0x00006f17) x30 0x8000fd60
core   0: 0x80009d64 (0x2a3f2023) sw      gp, 672(t5)
core   0: 3 0x80009d64 (0x2a3f2023) mem 0x80010000 0x00000001
core   0: 0x80009d68 (0xff9ff06f) j       pc - 0x8
core   0: 3 0x80009d68 (0xff9ff06f)
core   0: 0x80009d60 (0x00006f17) auipc   t5, 0x6
core   0: 3 0x80009d60 (0x00006f17) x30 0x8000fd60
core   0: 0x80009d64 (0x2a3f2023) sw      gp, 672(t5)
core   0: 3 0x80009d64 (0x2a3f2023) mem 0x80010000 0x00000001
core   0: 0x80009d68 (0xff9ff06f) j       pc - 0x8
core   0: 3 0x80009d68 (0xff9ff06f)
core   0: 0x80009d60 (0x00006f17) auipc   t5, 0x6
core   0: 3 0x80009d60 (0x00006f17) x30 0x8000fd60
core   0: 0x80009d64 (0x2a3f2023) sw      gp, 672(t5)
core   0: 3 0x80009d64 (0x2a3f2023) mem 0x80010000 0x00000001
core   0: 0x80009d68 (0xff9ff06f) j       pc - 0x8
core   0: 3 0x80009d68 (0xff9ff06f)
core   0: 0x80009d60 (0x00006f17) auipc   t5, 0x6
core   0: 3 0x80009d60 (0x00006f17) x30 0x8000fd60
core   0: 0x80009d64 (0x2a3f2023) sw      gp, 672(t5)
core   0: 3 0x80009d64 (0x2a3f2023) mem 0x80010000 0x00000001
core   0: 0x80009d68 (0xff9ff06f) j       pc - 0x8
core   0: 3 0x80009d68 (0xff9ff06f)
core   0: 0x80009d60 (0x00006f17) auipc   t5, 0x6
core   0: 3 0x80009d60 (0x00006f17) x30 0x8000fd60
core   0: 0x80009d64 (0x2a3f2023) sw      gp, 672(t5)
core   0: 3 0x80009d64 (0x2a3f2023) mem 0x80010000 0x00000001
core   0: 0x80009d68 (0xff9ff06f) j       pc - 0x8
core   0: 3 0x80009d68 (0xff9ff06f)
core   0: 0x80009d60 (0x00006f17) auipc   t5, 0x6
core   0: 3 0x80009d60 (0x00006f17) x30 0x8000fd60
core   0: 0x80009d64 (0x2a3f2023) sw      gp, 672(t5)
core   0: 3 0x80009d64 (0x2a3f2023) mem 0x80010000 0x00000001
core   0: 0x80009d68 (0xff9ff06f) j       pc - 0x8
core   0: 3 0x80009d68 (0xff9ff06f)
core   0: 0x80009d60 (0x00006f17) auipc   t5, 0x6
core   0: 3 0x80009d60 (0x00006f17) x30 0x8000fd60
core   0: 0x80009d64 (0x2a3f2023) sw      gp, 672(t5)
core   0: 3 0x80009d64 (0x2a3f2023) mem 0x80010000 0x00000001
core   0: 0x80009d68 (0xff9ff06f) j       pc - 0x8
core   0: 3 0x80009d68 (0xff9ff06f)
core   0: 0x80009d60 (0x00006f17) auipc   t5, 0x6
core   0: 3 0x80009d60 (0x00006f17) x30 0x8000fd60
core   0: 0x80009d64 (0x2a3f2023) sw      gp, 672(t5)
core   0: 3 0x80009d64 (0x2a3f2023) mem 0x80010000 0x00000001
core   0: 0x80009d68 (0xff9ff06f) j       pc - 0x8
core   0: 3 0x80009d68 (0xff9ff06f)
core   0: 0x80009d60 (0x00006f17) auipc   t5, 0x6
core   0: 3 0x80009d60 (0x00006f17) x30 0x8000fd60
core   0: 0x80009d64 (0x2a3f2023) sw      gp, 672(t5)
core   0: 3 0x80009d64 (0x2a3f2023) mem 0x80010000 0x00000001
core   0: 0x80009d68 (0xff9ff06f) j       pc - 0x8
core   0: 3 0x80009d68 (0xff9ff06f)
core   0: 0x80009d60 (0x00006f17) auipc   t5, 0x6
core   0: 3 0x80009d60 (0x00006f17) x30 0x8000fd60
core   0: 0x80009d64 (0x2a3f2023) sw      gp, 672(t5)
core   0: 3 0x80009d64 (0x2a3f2023) mem 0x80010000 0x00000001
core   0: 0x80009d68 (0xff9ff06f) j       pc - 0x8
core   0: 3 0x80009d68 (0xff9ff06f)
core   0: 0x80009d60 (0x00006f17) auipc   t5, 0x6
core   0: 3 0x80009d60 (0x00006f17) x30 0x8000fd60
core   0: 0x80009d64 (0x2a3f2023) sw      gp, 672(t5)
core   0: 3 0x80009d64 (0x2a3f2023) mem 0x80010000 0x00000001
core   0: 0x80009d68 (0xff9ff06f) j       pc - 0x8
core   0: 3 0x80009d68 (0xff9ff06f)
core   0: 0x80009d60 (0x00006f17) auipc   t5, 0x6
core   0: 3 0x80009d60 (0x00006f17) x30 0x8000fd60
core   0: 0x80009d64 (0x2a3f2023) sw      gp, 672(t5)
core   0: 3 0x80009d64 (0x2a3f2023) mem 0x80010000 0x00000001
core   0: 0x80009d68 (0xff9ff06f) j       pc - 0x8
core   0: 3 0x80009d68 (0xff9ff06f)
core   0: 0x80009d60 (0x00006f17) auipc   t5, 0x6
core   0: 3 0x80009d60 (0x00006f17) x30 0x8000fd60
core   0: 0x80009d64 (0x2a3f2023) sw      gp, 672(t5)
core   0: 3 0x80009d64 (0x2a3f2023) mem 0x80010000 0x00000001
core   0: 0x80009d68 (0xff9ff06f) j       pc - 0x8
core   0: 3 0x80009d68 (0xff9ff06f)
core   0: 0x80009d60 (0x00006f17) auipc   t5, 0x6
core   0: 3 0x80009d60 (0x00006f17) x30 0x8000fd60
core   0: 0x80009d64 (0x2a3f2023) sw      gp, 672(t5)
core   0: 3 0x80009d64 (0x2a3f2023) mem 0x80010000 0x00000001
core   0: 0x80009d68 (0xff9ff06f) j       pc - 0x8
core   0: 3 0x80009d68 (0xff9ff06f)
core   0: 0x80009d60 (0x00006f17) auipc   t5, 0x6
core   0: 3 0x80009d60 (0x00006f17) x30 0x8000fd60
core   0: 0x80009d64 (0x2a3f2023) sw      gp, 672(t5)
core   0: 3 0x80009d64 (0x2a3f2023) mem 0x80010000 0x00000001
core   0: 0x80009d68 (0xff9ff06f) j       pc - 0x8
core   0: 3 0x80009d68 (0xff9ff06f)
core   0: 0x80009d60 (0x00006f17) auipc   t5, 0x6
core   0: 3 0x80009d60 (0x00006f17) x30 0x8000fd60
core   0: 0x80009d64 (0x2a3f2023) sw      gp, 672(t5)
core   0: 3 0x80009d64 (0x2a3f2023) mem 0x80010000 0x00000001
core   0: 0x80009d68 (0xff9ff06f) j       pc - 0x8
core   0: 3 0x80009d68 (0xff9ff06f)
core   0: 0x80009d60 (0x00006f17) auipc   t5, 0x6
core   0: 3 0x80009d60 (0x00006f17) x30 0x8000fd60
core   0: 0x80009d64 (0x2a3f2023) sw      gp, 672(t5)
core   0: 3 0x80009d64 (0x2a3f2023) mem 0x80010000 0x00000001
core   0: 0x80009d68 (0xff9ff06f) j       pc - 0x8
core   0: 3 0x80009d68 (0xff9ff06f)
core   0: 0x80009d60 (0x00006f17) auipc   t5, 0x6
core   0: 3 0x80009d60 (0x00006f17) x30 0x8000fd60
core   0: 0x80009d64 (0x2a3f2023) sw      gp, 672(t5)
core   0: 3 0x80009d64 (0x2a3f2023) mem 0x80010000 0x00000001
core   0: 0x80009d68 (0xff9ff06f) j       pc - 0x8
core   0: 3 0x80009d68 (0xff9ff06f)
core   0: 0x80009d60 (0x00006f17) auipc   t5, 0x6
core   0: 3 0x80009d60 (0x00006f17) x30 0x8000fd60
core   0: 0x80009d64 (0x2a3f2023) sw      gp, 672(t5)
core   0: 3 0x80009d64 (0x2a3f2023) mem 0x80010000 0x00000001
core   0: 0x80009d68 (0xff9ff06f) j       pc - 0x8
core   0: 3 0x80009d68 (0xff9ff06f)
core   0: 0x80009d60 (0x00006f17) auipc   t5, 0x6
core   0: 3 0x80009d60 (0x00006f17) x30 0x8000fd60
core   0: 0x80009d64 (0x2a3f2023) sw      gp, 672(t5)
core   0: 3 0x80009d64 (0x2a3f2023) mem 0x80010000 0x00000001
core   0: 0x80009d68 (0xff9ff06f) j       pc - 0x8
core   0: 3 0x80009d68 (0xff9ff06f)
core   0: 0x80009d60 (0x00006f17) auipc   t5, 0x6
core   0: 3 0x80009d60 (0x00006f17) x30 0x8000fd60
core   0: 0x80009d64 (0x2a3f2023) sw      gp, 672(t5)
core   0: 3 0x80009d64 (0x2a3f2023) mem 0x80010000 0x00000001
core   0: 0x80009d68 (0xff9ff06f) j       pc - 0x8
core   0: 3 0x80009d68 (0xff9ff06f)
core   0: 0x80009d60 (0x00006f17) auipc   t5, 0x6
core   0: 3 0x80009d60 (0x00006f17) x30 0x8000fd60
core   0: 0x80009d64 (0x2a3f2023) sw      gp, 672(t5)
core   0: 3 0x80009d64 (0x2a3f2023) mem 0x80010000 0x00000001
core   0: 0x80009d68 (0xff9ff06f) j       pc - 0x8
core   0: 3 0x80009d68 (0xff9ff06f)
core   0: 0x80009d60 (0x00006f17) auipc   t5, 0x6
core   0: 3 0x80009d60 (0x00006f17) x30 0x8000fd60
core   0: 0x80009d64 (0x2a3f2023) sw      gp, 672(t5)
core   0: 3 0x80009d64 (0x2a3f2023) mem 0x80010000 0x00000001
core   0: 0x80009d68 (0xff9ff06f) j       pc - 0x8
core   0: 3 0x80009d68 (0xff9ff06f)
core   0: 0x80009d60 (0x00006f17) auipc   t5, 0x6
core   0: 3 0x80009d60 (0x00006f17) x30 0x8000fd60
core   0: 0x80009d64 (0x2a3f2023) sw      gp, 672(t5)
core   0: 3 0x80009d64 (0x2a3f2023) mem 0x80010000 0x00000001
core   0: 0x80009d68 (0xff9ff06f) j       pc - 0x8
core   0: 3 0x80009d68 (0xff9ff06f)
core   0: 0x80009d60 (0x00006f17) auipc   t5, 0x6
core   0: 3 0x80009d60 (0x00006f17) x30 0x8000fd60
core   0: 0x80009d64 (0x2a3f2023) sw      gp, 672(t5)
core   0: 3 0x80009d64 (0x2a3f2023) mem 0x80010000 0x00000001
core   0: 0x80009d68 (0xff9ff06f) j       pc - 0x8
core   0: 3 0x80009d68 (0xff9ff06f)
core   0: 0x80009d60 (0x00006f17) auipc   t5, 0x6
core   0: 3 0x80009d60 (0x00006f17) x30 0x8000fd60
core   0: 0x80009d64 (0x2a3f2023) sw      gp, 672(t5)
core   0: 3 0x80009d64 (0x2a3f2023) mem 0x80010000 0x00000001
core   0: 0x80009d68 (0xff9ff06f) j       pc - 0x8
core   0: 3 0x80009d68 (0xff9ff06f)
core   0: 0x80009d60 (0x00006f17) auipc   t5, 0x6
core   0: 3 0x80009d60 (0x00006f17) x30 0x8000fd60
core   0: 0x80009d64 (0x2a3f2023) sw      gp, 672(t5)
core   0: 3 0x80009d64 (0x2a3f2023) mem 0x80010000 0x00000001
core   0: 0x80009d68 (0xff9ff06f) j       pc - 0x8
core   0: 3 0x80009d68 (0xff9ff06f)
core   0: 0x80009d60 (0x00006f17) auipc   t5, 0x6
core   0: 3 0x80009d60 (0x00006f17) x30 0x8000fd60
core   0: 0x80009d64 (0x2a3f2023) sw      gp, 672(t5)
core   0: 3 0x80009d64 (0x2a3f2023) mem 0x80010000 0x00000001
core   0: 0x80009d68 (0xff9ff06f) j       pc - 0x8
core   0: 3 0x80009d68 (0xff9ff06f)
core   0: 0x80009d60 (0x00006f17) auipc   t5, 0x6
core   0: 3 0x80009d60 (0x00006f17) x30 0x8000fd60
core   0: 0x80009d64 (0x2a3f2023) sw      gp, 672(t5)
core   0: 3 0x80009d64 (0x2a3f2023) mem 0x80010000 0x00000001
core   0: 0x80009d68 (0xff9ff06f) j       pc - 0x8
core   0: 3 0x80009d68 (0xff9ff06f)
core   0: 0x80009d60 (0x00006f17) auipc   t5, 0x6
core   0: 3 0x80009d60 (0x00006f17) x30 0x8000fd60
core   0: 0x80009d64 (0x2a3f2023) sw      gp, 672(t5)
core   0: 3 0x80009d64 (0x2a3f2023) mem 0x80010000 0x00000001
core   0: 0x80009d68 (0xff9ff06f) j       pc - 0x8
core   0: 3 0x80009d68 (0xff9ff06f)
core   0: 0x80009d60 (0x00006f17) auipc   t5, 0x6
core   0: 3 0x80009d60 (0x00006f17) x30 0x8000fd60
core   0: 0x80009d64 (0x2a3f2023) sw      gp, 672(t5)
core   0: 3 0x80009d64 (0x2a3f2023) mem 0x80010000 0x00000001
core   0: 0x80009d68 (0xff9ff06f) j       pc - 0x8
core   0: 3 0x80009d68 (0xff9ff06f)
core   0: 0x80009d60 (0x00006f17) auipc   t5, 0x6
core   0: 3 0x80009d60 (0x00006f17) x30 0x8000fd60
core   0: 0x80009d64 (0x2a3f2023) sw      gp, 672(t5)
core   0: 3 0x80009d64 (0x2a3f2023) mem 0x80010000 0x00000001
core   0: 0x80009d68 (0xff9ff06f) j       pc - 0x8
core   0: 3 0x80009d68 (0xff9ff06f)
core   0: 0x80009d60 (0x00006f17) auipc   t5, 0x6
core   0: 3 0x80009d60 (0x00006f17) x30 0x8000fd60
core   0: 0x80009d64 (0x2a3f2023) sw      gp, 672(t5)
core   0: 3 0x80009d64 (0x2a3f2023) mem 0x80010000 0x00000001
core   0: 0x80009d68 (0xff9ff06f) j       pc - 0x8
core   0: 3 0x80009d68 (0xff9ff06f)
core   0: 0x80009d60 (0x00006f17) auipc   t5, 0x6
core   0: 3 0x80009d60 (0x00006f17) x30 0x8000fd60
core   0: 0x80009d64 (0x2a3f2023) sw      gp, 672(t5)
core   0: 3 0x80009d64 (0x2a3f2023) mem 0x80010000 0x00000001
core   0: 0x80009d68 (0xff9ff06f) j       pc - 0x8
core   0: 3 0x80009d68 (0xff9ff06f)
core   0: 0x80009d60 (0x00006f17) auipc   t5, 0x6
core   0: 3 0x80009d60 (0x00006f17) x30 0x8000fd60
core   0: 0x80009d64 (0x2a3f2023) sw      gp, 672(t5)
core   0: 3 0x80009d64 (0x2a3f2023) mem 0x80010000 0x00000001
core   0: 0x80009d68 (0xff9ff06f) j       pc - 0x8
core   0: 3 0x80009d68 (0xff9ff06f)
core   0: 0x80009d60 (0x00006f17) auipc   t5, 0x6
core   0: 3 0x80009d60 (0x00006f17) x30 0x8000fd60
core   0: 0x80009d64 (0x2a3f2023) sw      gp, 672(t5)
core   0: 3 0x80009d64 (0x2a3f2023) mem 0x80010000 0x00000001
core   0: 0x80009d68 (0xff9ff06f) j       pc - 0x8
core   0: 3 0x80009d68 (0xff9ff06f)
core   0: 0x80009d60 (0x00006f17) auipc   t5, 0x6
core   0: 3 0x80009d60 (0x00006f17) x30 0x8000fd60
core   0: 0x80009d64 (0x2a3f2023) sw      gp, 672(t5)
core   0: 3 0x80009d64 (0x2a3f2023) mem 0x80010000 0x00000001
core   0: 0x80009d68 (0xff9ff06f) j       pc - 0x8
core   0: 3 0x80009d68 (0xff9ff06f)
core   0: 0x80009d60 (0x00006f17) auipc   t5, 0x6
core   0: 3 0x80009d60 (0x00006f17) x30 0x8000fd60
core   0: 0x80009d64 (0x2a3f2023) sw      gp, 672(t5)
core   0: 3 0x80009d64 (0x2a3f2023) mem 0x80010000 0x00000001
core   0: 0x80009d68 (0xff9ff06f) j       pc - 0x8
core   0: 3 0x80009d68 (0xff9ff06f)
core   0: 0x80009d60 (0x00006f17) auipc   t5, 0x6
core   0: 3 0x80009d60 (0x00006f17) x30 0x8000fd60
core   0: 0x80009d64 (0x2a3f2023) sw      gp, 672(t5)
core   0: 3 0x80009d64 (0x2a3f2023) mem 0x80010000 0x00000001
core   0: 0x80009d68 (0xff9ff06f) j       pc - 0x8
core   0: 3 0x80009d68 (0xff9ff06f)
core   0: 0x80009d60 (0x00006f17) auipc   t5, 0x6
core   0: 3 0x80009d60 (0x00006f17) x30 0x8000fd60
core   0: 0x80009d64 (0x2a3f2023) sw      gp, 672(t5)
core   0: 3 0x80009d64 (0x2a3f2023) mem 0x80010000 0x00000001
core   0: 0x80009d68 (0xff9ff06f) j       pc - 0x8
core   0: 3 0x80009d68 (0xff9ff06f)
core   0: 0x80009d60 (0x00006f17) auipc   t5, 0x6
core   0: 3 0x80009d60 (0x00006f17) x30 0x8000fd60
core   0: 0x80009d64 (0x2a3f2023) sw      gp, 672(t5)
core   0: 3 0x80009d64 (0x2a3f2023) mem 0x80010000 0x00000001
core   0: 0x80009d68 (0xff9ff06f) j       pc - 0x8
core   0: 3 0x80009d68 (0xff9ff06f)
core   0: 0x80009d60 (0x00006f17) auipc   t5, 0x6
core   0: 3 0x80009d60 (0x00006f17) x30 0x8000fd60
core   0: 0x80009d64 (0x2a3f2023) sw      gp, 672(t5)
core   0: 3 0x80009d64 (0x2a3f2023) mem 0x80010000 0x00000001
core   0: 0x80009d68 (0xff9ff06f) j       pc - 0x8
core   0: 3 0x80009d68 (0xff9ff06f)
core   0: 0x80009d60 (0x00006f17) auipc   t5, 0x6
core   0: 3 0x80009d60 (0x00006f17) x30 0x8000fd60
core   0: 0x80009d64 (0x2a3f2023) sw      gp, 672(t5)
core   0: 3 0x80009d64 (0x2a3f2023) mem 0x80010000 0x00000001
core   0: 0x80009d68 (0xff9ff06f) j       pc - 0x8
core   0: 3 0x80009d68 (0xff9ff06f)
core   0: 0x80009d60 (0x00006f17) auipc   t5, 0x6
core   0: 3 0x80009d60 (0x00006f17) x30 0x8000fd60
core   0: 0x80009d64 (0x2a3f2023) sw      gp, 672(t5)
core   0: 3 0x80009d64 (0x2a3f2023) mem 0x80010000 0x00000001
core   0: 0x80009d68 (0xff9ff06f) j       pc - 0x8
core   0: 3 0x80009d68 (0xff9ff06f)
core   0: 0x80009d60 (0x00006f17) auipc   t5, 0x6
core   0: 3 0x80009d60 (0x00006f17) x30 0x8000fd60
core   0: 0x80009d64 (0x2a3f2023) sw      gp, 672(t5)
core   0: 3 0x80009d64 (0x2a3f2023) mem 0x80010000 0x00000001
core   0: 0x80009d68 (0xff9ff06f) j       pc - 0x8
core   0: 3 0x80009d68 (0xff9ff06f)
core   0: 0x80009d60 (0x00006f17) auipc   t5, 0x6
core   0: 3 0x80009d60 (0x00006f17) x30 0x8000fd60
core   0: 0x80009d64 (0x2a3f2023) sw      gp, 672(t5)
core   0: 3 0x80009d64 (0x2a3f2023) mem 0x80010000 0x00000001
core   0: 0x80009d68 (0xff9ff06f) j       pc - 0x8
core   0: 3 0x80009d68 (0xff9ff06f)
core   0: 0x80009d60 (0x00006f17) auipc   t5, 0x6
core   0: 3 0x80009d60 (0x00006f17) x30 0x8000fd60
core   0: 0x80009d64 (0x2a3f2023) sw      gp, 672(t5)
core   0: 3 0x80009d64 (0x2a3f2023) mem 0x80010000 0x00000001
core   0: 0x80009d68 (0xff9ff06f) j       pc - 0x8
core   0: 3 0x80009d68 (0xff9ff06f)
core   0: 0x80009d60 (0x00006f17) auipc   t5, 0x6
core   0: 3 0x80009d60 (0x00006f17) x30 0x8000fd60
core   0: 0x80009d64 (0x2a3f2023) sw      gp, 672(t5)
core   0: 3 0x80009d64 (0x2a3f2023) mem 0x80010000 0x00000001
core   0: 0x80009d68 (0xff9ff06f) j       pc - 0x8
core   0: 3 0x80009d68 (0xff9ff06f)
core   0: 0x80009d60 (0x00006f17) auipc   t5, 0x6
core   0: 3 0x80009d60 (0x00006f17) x30 0x8000fd60
core   0: 0x80009d64 (0x2a3f2023) sw      gp, 672(t5)
core   0: 3 0x80009d64 (0x2a3f2023) mem 0x80010000 0x00000001
core   0: 0x80009d68 (0xff9ff06f) j       pc - 0x8
core   0: 3 0x80009d68 (0xff9ff06f)
core   0: 0x80009d60 (0x00006f17) auipc   t5, 0x6
core   0: 3 0x80009d60 (0x00006f17) x30 0x8000fd60
core   0: 0x80009d64 (0x2a3f2023) sw      gp, 672(t5)
core   0: 3 0x80009d64 (0x2a3f2023) mem 0x80010000 0x00000001
core   0: 0x80009d68 (0xff9ff06f) j       pc - 0x8
core   0: 3 0x80009d68 (0xff9ff06f)
core   0: 0x80009d60 (0x00006f17) auipc   t5, 0x6
core   0: 3 0x80009d60 (0x00006f17) x30 0x8000fd60
core   0: 0x80009d64 (0x2a3f2023) sw      gp, 672(t5)
core   0: 3 0x80009d64 (0x2a3f2023) mem 0x80010000 0x00000001
core   0: 0x80009d68 (0xff9ff06f) j       pc - 0x8
core   0: 3 0x80009d68 (0xff9ff06f)
core   0: 0x80009d60 (0x00006f17) auipc   t5, 0x6
core   0: 3 0x80009d60 (0x00006f17) x30 0x8000fd60
core   0: 0x80009d64 (0x2a3f2023) sw      gp, 672(t5)
core   0: 3 0x80009d64 (0x2a3f2023) mem 0x80010000 0x00000001
core   0: 0x80009d68 (0xff9ff06f) j       pc - 0x8
core   0: 3 0x80009d68 (0xff9ff06f)
core   0: 0x80009d60 (0x00006f17) auipc   t5, 0x6
core   0: 3 0x80009d60 (0x00006f17) x30 0x8000fd60
core   0: 0x80009d64 (0x2a3f2023) sw      gp, 672(t5)
core   0: 3 0x80009d64 (0x2a3f2023) mem 0x80010000 0x00000001
core   0: 0x80009d68 (0xff9ff06f) j       pc - 0x8
core   0: 3 0x80009d68 (0xff9ff06f)
core   0: 0x80009d60 (0x00006f17) auipc   t5, 0x6
core   0: 3 0x80009d60 (0x00006f17) x30 0x8000fd60
core   0: 0x80009d64 (0x2a3f2023) sw      gp, 672(t5)
core   0: 3 0x80009d64 (0x2a3f2023) mem 0x80010000 0x00000001
core   0: 0x80009d68 (0xff9ff06f) j       pc - 0x8
core   0: 3 0x80009d68 (0xff9ff06f)
core   0: 0x80009d60 (0x00006f17) auipc   t5, 0x6
core   0: 3 0x80009d60 (0x00006f17) x30 0x8000fd60
core   0: 0x80009d64 (0x2a3f2023) sw      gp, 672(t5)
core   0: 3 0x80009d64 (0x2a3f2023) mem 0x80010000 0x00000001
core   0: 0x80009d68 (0xff9ff06f) j       pc - 0x8
core   0: 3 0x80009d68 (0xff9ff06f)
core   0: 0x80009d60 (0x00006f17) auipc   t5, 0x6
core   0: 3 0x80009d60 (0x00006f17) x30 0x8000fd60
core   0: 0x80009d64 (0x2a3f2023) sw      gp, 672(t5)
core   0: 3 0x80009d64 (0x2a3f2023) mem 0x80010000 0x00000001
core   0: 0x80009d68 (0xff9ff06f) j       pc - 0x8
core   0: 3 0x80009d68 (0xff9ff06f)
core   0: 0x80009d60 (0x00006f17) auipc   t5, 0x6
core   0: 3 0x80009d60 (0x00006f17) x30 0x8000fd60
core   0: 0x80009d64 (0x2a3f2023) sw      gp, 672(t5)
core   0: 3 0x80009d64 (0x2a3f2023) mem 0x80010000 0x00000001
core   0: 0x80009d68 (0xff9ff06f) j       pc - 0x8
core   0: 3 0x80009d68 (0xff9ff06f)
core   0: 0x80009d60 (0x00006f17) auipc   t5, 0x6
core   0: 3 0x80009d60 (0x00006f17) x30 0x8000fd60
core   0: 0x80009d64 (0x2a3f2023) sw      gp, 672(t5)
core   0: 3 0x80009d64 (0x2a3f2023) mem 0x80010000 0x00000001
core   0: 0x80009d68 (0xff9ff06f) j       pc - 0x8
core   0: 3 0x80009d68 (0xff9ff06f)
core   0: 0x80009d60 (0x00006f17) auipc   t5, 0x6
core   0: 3 0x80009d60 (0x00006f17) x30 0x8000fd60
core   0: 0x80009d64 (0x2a3f2023) sw      gp, 672(t5)
core   0: 3 0x80009d64 (0x2a3f2023) mem 0x80010000 0x00000001
core   0: 0x80009d68 (0xff9ff06f) j       pc - 0x8
core   0: 3 0x80009d68 (0xff9ff06f)
core   0: 0x80009d60 (0x00006f17) auipc   t5, 0x6
core   0: 3 0x80009d60 (0x00006f17) x30 0x8000fd60
core   0: 0x80009d64 (0x2a3f2023) sw      gp, 672(t5)
core   0: 3 0x80009d64 (0x2a3f2023) mem 0x80010000 0x00000001
core   0: 0x80009d68 (0xff9ff06f) j       pc - 0x8
core   0: 3 0x80009d68 (0xff9ff06f)
core   0: 0x80009d60 (0x00006f17) auipc   t5, 0x6
core   0: 3 0x80009d60 (0x00006f17) x30 0x8000fd60
core   0: 0x80009d64 (0x2a3f2023) sw      gp, 672(t5)
core   0: 3 0x80009d64 (0x2a3f2023) mem 0x80010000 0x00000001
core   0: 0x80009d68 (0xff9ff06f) j       pc - 0x8
core   0: 3 0x80009d68 (0xff9ff06f)
core   0: 0x80009d60 (0x00006f17) auipc   t5, 0x6
core   0: 3 0x80009d60 (0x00006f17) x30 0x8000fd60
core   0: 0x80009d64 (0x2a3f2023) sw      gp, 672(t5)
core   0: 3 0x80009d64 (0x2a3f2023) mem 0x80010000 0x00000001
core   0: 0x80009d68 (0xff9ff06f) j       pc - 0x8
core   0: 3 0x80009d68 (0xff9ff06f)
core   0: 0x80009d60 (0x00006f17) auipc   t5, 0x6
core   0: 3 0x80009d60 (0x00006f17) x30 0x8000fd60
core   0: 0x80009d64 (0x2a3f2023) sw      gp, 672(t5)
core   0: 3 0x80009d64 (0x2a3f2023) mem 0x80010000 0x00000001
core   0: 0x80009d68 (0xff9ff06f) j       pc - 0x8
core   0: 3 0x80009d68 (0xff9ff06f)
core   0: 0x80009d60 (0x00006f17) auipc   t5, 0x6
core   0: 3 0x80009d60 (0x00006f17) x30 0x8000fd60
core   0: 0x80009d64 (0x2a3f2023) sw      gp, 672(t5)
core   0: 3 0x80009d64 (0x2a3f2023) mem 0x80010000 0x00000001
core   0: 0x80009d68 (0xff9ff06f) j       pc - 0x8
core   0: 3 0x80009d68 (0xff9ff06f)
core   0: 0x80009d60 (0x00006f17) auipc   t5, 0x6
core   0: 3 0x80009d60 (0x00006f17) x30 0x8000fd60
core   0: 0x80009d64 (0x2a3f2023) sw      gp, 672(t5)
core   0: 3 0x80009d64 (0x2a3f2023) mem 0x80010000 0x00000001
core   0: 0x80009d68 (0xff9ff06f) j       pc - 0x8
core   0: 3 0x80009d68 (0xff9ff06f)
core   0: 0x80009d60 (0x00006f17) auipc   t5, 0x6
core   0: 3 0x80009d60 (0x00006f17) x30 0x8000fd60
core   0: 0x80009d64 (0x2a3f2023) sw      gp, 672(t5)
core   0: 3 0x80009d64 (0x2a3f2023) mem 0x80010000 0x00000001
core   0: 0x80009d68 (0xff9ff06f) j       pc - 0x8
core   0: 3 0x80009d68 (0xff9ff06f)
core   0: 0x80009d60 (0x00006f17) auipc   t5, 0x6
core   0: 3 0x80009d60 (0x00006f17) x30 0x8000fd60
core   0: 0x80009d64 (0x2a3f2023) sw      gp, 672(t5)
core   0: 3 0x80009d64 (0x2a3f2023) mem 0x80010000 0x00000001
core   0: 0x80009d68 (0xff9ff06f) j       pc - 0x8
core   0: 3 0x80009d68 (0xff9ff06f)
core   0: 0x80009d60 (0x00006f17) auipc   t5, 0x6
core   0: 3 0x80009d60 (0x00006f17) x30 0x8000fd60
core   0: 0x80009d64 (0x2a3f2023) sw      gp, 672(t5)
core   0: 3 0x80009d64 (0x2a3f2023) mem 0x80010000 0x00000001
core   0: 0x80009d68 (0xff9ff06f) j       pc - 0x8
core   0: 3 0x80009d68 (0xff9ff06f)
core   0: 0x80009d60 (0x00006f17) auipc   t5, 0x6
core   0: 3 0x80009d60 (0x00006f17) x30 0x8000fd60
core   0: 0x80009d64 (0x2a3f2023) sw      gp, 672(t5)
core   0: 3 0x80009d64 (0x2a3f2023) mem 0x80010000 0x00000001
core   0: 0x80009d68 (0xff9ff06f) j       pc - 0x8
core   0: 3 0x80009d68 (0xff9ff06f)
core   0: 0x80009d60 (0x00006f17) auipc   t5, 0x6
core   0: 3 0x80009d60 (0x00006f17) x30 0x8000fd60
core   0: 0x80009d64 (0x2a3f2023) sw      gp, 672(t5)
core   0: 3 0x80009d64 (0x2a3f2023) mem 0x80010000 0x00000001
core   0: 0x80009d68 (0xff9ff06f) j       pc - 0x8
core   0: 3 0x80009d68 (0xff9ff06f)
core   0: 0x80009d60 (0x00006f17) auipc   t5, 0x6
core   0: 3 0x80009d60 (0x00006f17) x30 0x8000fd60
core   0: 0x80009d64 (0x2a3f2023) sw      gp, 672(t5)
core   0: 3 0x80009d64 (0x2a3f2023) mem 0x80010000 0x00000001
core   0: 0x80009d68 (0xff9ff06f) j       pc - 0x8
core   0: 3 0x80009d68 (0xff9ff06f)
core   0: 0x80009d60 (0x00006f17) auipc   t5, 0x6
core   0: 3 0x80009d60 (0x00006f17) x30 0x8000fd60
core   0: 0x80009d64 (0x2a3f2023) sw      gp, 672(t5)
core   0: 3 0x80009d64 (0x2a3f2023) mem 0x80010000 0x00000001
core   0: 0x80009d68 (0xff9ff06f) j       pc - 0x8
core   0: 3 0x80009d68 (0xff9ff06f)
core   0: 0x80009d60 (0x00006f17) auipc   t5, 0x6
core   0: 3 0x80009d60 (0x00006f17) x30 0x8000fd60
core   0: 0x80009d64 (0x2a3f2023) sw      gp, 672(t5)
core   0: 3 0x80009d64 (0x2a3f2023) mem 0x80010000 0x00000001
core   0: 0x80009d68 (0xff9ff06f) j       pc - 0x8
core   0: 3 0x80009d68 (0xff9ff06f)
core   0: 0x80009d60 (0x00006f17) auipc   t5, 0x6
core   0: 3 0x80009d60 (0x00006f17) x30 0x8000fd60
core   0: 0x80009d64 (0x2a3f2023) sw      gp, 672(t5)
core   0: 3 0x80009d64 (0x2a3f2023) mem 0x80010000 0x00000001
core   0: 0x80009d68 (0xff9ff06f) j       pc - 0x8
core   0: 3 0x80009d68 (0xff9ff06f)
core   0: 0x80009d60 (0x00006f17) auipc   t5, 0x6
core   0: 3 0x80009d60 (0x00006f17) x30 0x8000fd60
core   0: 0x80009d64 (0x2a3f2023) sw      gp, 672(t5)
core   0: 3 0x80009d64 (0x2a3f2023) mem 0x80010000 0x00000001
core   0: 0x80009d68 (0xff9ff06f) j       pc - 0x8
core   0: 3 0x80009d68 (0xff9ff06f)
core   0: 0x80009d60 (0x00006f17) auipc   t5, 0x6
core   0: 3 0x80009d60 (0x00006f17) x30 0x8000fd60
core   0: 0x80009d64 (0x2a3f2023) sw      gp, 672(t5)
core   0: 3 0x80009d64 (0x2a3f2023) mem 0x80010000 0x00000001
core   0: 0x80009d68 (0xff9ff06f) j       pc - 0x8
core   0: 3 0x80009d68 (0xff9ff06f)
core   0: 0x80009d60 (0x00006f17) auipc   t5, 0x6
core   0: 3 0x80009d60 (0x00006f17) x30 0x8000fd60
core   0: 0x80009d64 (0x2a3f2023) sw      gp, 672(t5)
core   0: 3 0x80009d64 (0x2a3f2023) mem 0x80010000 0x00000001
core   0: 0x80009d68 (0xff9ff06f) j       pc - 0x8
core   0: 3 0x80009d68 (0xff9ff06f)
core   0: 0x80009d60 (0x00006f17) auipc   t5, 0x6
core   0: 3 0x80009d60 (0x00006f17) x30 0x8000fd60
core   0: 0x80009d64 (0x2a3f2023) sw      gp, 672(t5)
core   0: 3 0x80009d64 (0x2a3f2023) mem 0x80010000 0x00000001
core   0: 0x80009d68 (0xff9ff06f) j       pc - 0x8
core   0: 3 0x80009d68 (0xff9ff06f)
core   0: 0x80009d60 (0x00006f17) auipc   t5, 0x6
core   0: 3 0x80009d60 (0x00006f17) x30 0x8000fd60
core   0: 0x80009d64 (0x2a3f2023) sw      gp, 672(t5)
core   0: 3 0x80009d64 (0x2a3f2023) mem 0x80010000 0x00000001
core   0: 0x80009d68 (0xff9ff06f) j       pc - 0x8
core   0: 3 0x80009d68 (0xff9ff06f)
core   0: 0x80009d60 (0x00006f17) auipc   t5, 0x6
core   0: 3 0x80009d60 (0x00006f17) x30 0x8000fd60
core   0: 0x80009d64 (0x2a3f2023) sw      gp, 672(t5)
core   0: 3 0x80009d64 (0x2a3f2023) mem 0x80010000 0x00000001
core   0: 0x80009d68 (0xff9ff06f) j       pc - 0x8
core   0: 3 0x80009d68 (0xff9ff06f)
core   0: 0x80009d60 (0x00006f17) auipc   t5, 0x6
core   0: 3 0x80009d60 (0x00006f17) x30 0x8000fd60
core   0: 0x80009d64 (0x2a3f2023) sw      gp, 672(t5)
core   0: 3 0x80009d64 (0x2a3f2023) mem 0x80010000 0x00000001
core   0: 0x80009d68 (0xff9ff06f) j       pc - 0x8
core   0: 3 0x80009d68 (0xff9ff06f)
core   0: 0x80009d60 (0x00006f17) auipc   t5, 0x6
core   0: 3 0x80009d60 (0x00006f17) x30 0x8000fd60
core   0: 0x80009d64 (0x2a3f2023) sw      gp, 672(t5)
core   0: 3 0x80009d64 (0x2a3f2023) mem 0x80010000 0x00000001
core   0: 0x80009d68 (0xff9ff06f) j       pc - 0x8
core   0: 3 0x80009d68 (0xff9ff06f)
core   0: 0x80009d60 (0x00006f17) auipc   t5, 0x6
core   0: 3 0x80009d60 (0x00006f17) x30 0x8000fd60
core   0: 0x80009d64 (0x2a3f2023) sw      gp, 672(t5)
core   0: 3 0x80009d64 (0x2a3f2023) mem 0x80010000 0x00000001
core   0: 0x80009d68 (0xff9ff06f) j       pc - 0x8
core   0: 3 0x80009d68 (0xff9ff06f)
core   0: 0x80009d60 (0x00006f17) auipc   t5, 0x6
core   0: 3 0x80009d60 (0x00006f17) x30 0x8000fd60
core   0: 0x80009d64 (0x2a3f2023) sw      gp, 672(t5)
core   0: 3 0x80009d64 (0x2a3f2023) mem 0x80010000 0x00000001
core   0: 0x80009d68 (0xff9ff06f) j       pc - 0x8
core   0: 3 0x80009d68 (0xff9ff06f)
core   0: 0x80009d60 (0x00006f17) auipc   t5, 0x6
core   0: 3 0x80009d60 (0x00006f17) x30 0x8000fd60
core   0: 0x80009d64 (0x2a3f2023) sw      gp, 672(t5)
core   0: 3 0x80009d64 (0x2a3f2023) mem 0x80010000 0x00000001
core   0: 0x80009d68 (0xff9ff06f) j       pc - 0x8
core   0: 3 0x80009d68 (0xff9ff06f)
core   0: 0x80009d60 (0x00006f17) auipc   t5, 0x6
core   0: 3 0x80009d60 (0x00006f17) x30 0x8000fd60
core   0: 0x80009d64 (0x2a3f2023) sw      gp, 672(t5)
core   0: 3 0x80009d64 (0x2a3f2023) mem 0x80010000 0x00000001
core   0: 0x80009d68 (0xff9ff06f) j       pc - 0x8
core   0: 3 0x80009d68 (0xff9ff06f)
core   0: 0x80009d60 (0x00006f17) auipc   t5, 0x6
core   0: 3 0x80009d60 (0x00006f17) x30 0x8000fd60
core   0: 0x80009d64 (0x2a3f2023) sw      gp, 672(t5)
core   0: 3 0x80009d64 (0x2a3f2023) mem 0x80010000 0x00000001
core   0: 0x80009d68 (0xff9ff06f) j       pc - 0x8
core   0: 3 0x80009d68 (0xff9ff06f)
core   0: 0x80009d60 (0x00006f17) auipc   t5, 0x6
core   0: 3 0x80009d60 (0x00006f17) x30 0x8000fd60
core   0: 0x80009d64 (0x2a3f2023) sw      gp, 672(t5)
core   0: 3 0x80009d64 (0x2a3f2023) mem 0x80010000 0x00000001
core   0: 0x80009d68 (0xff9ff06f) j       pc - 0x8
core   0: 3 0x80009d68 (0xff9ff06f)
core   0: 0x80009d60 (0x00006f17) auipc   t5, 0x6
core   0: 3 0x80009d60 (0x00006f17) x30 0x8000fd60
core   0: 0x80009d64 (0x2a3f2023) sw      gp, 672(t5)
core   0: 3 0x80009d64 (0x2a3f2023) mem 0x80010000 0x00000001
core   0: 0x80009d68 (0xff9ff06f) j       pc - 0x8
core   0: 3 0x80009d68 (0xff9ff06f)
core   0: 0x80009d60 (0x00006f17) auipc   t5, 0x6
core   0: 3 0x80009d60 (0x00006f17) x30 0x8000fd60
core   0: 0x80009d64 (0x2a3f2023) sw      gp, 672(t5)
core   0: 3 0x80009d64 (0x2a3f2023) mem 0x80010000 0x00000001
core   0: 0x80009d68 (0xff9ff06f) j       pc - 0x8
core   0: 3 0x80009d68 (0xff9ff06f)
core   0: 0x80009d60 (0x00006f17) auipc   t5, 0x6
core   0: 3 0x80009d60 (0x00006f17) x30 0x8000fd60
core   0: 0x80009d64 (0x2a3f2023) sw      gp, 672(t5)
core   0: 3 0x80009d64 (0x2a3f2023) mem 0x80010000 0x00000001
core   0: 0x80009d68 (0xff9ff06f) j       pc - 0x8
core   0: 3 0x80009d68 (0xff9ff06f)
core   0: 0x80009d60 (0x00006f17) auipc   t5, 0x6
core   0: 3 0x80009d60 (0x00006f17) x30 0x8000fd60
core   0: 0x80009d64 (0x2a3f2023) sw      gp, 672(t5)
core   0: 3 0x80009d64 (0x2a3f2023) mem 0x80010000 0x00000001
core   0: 0x80009d68 (0xff9ff06f) j       pc - 0x8
core   0: 3 0x80009d68 (0xff9ff06f)
core   0: 0x80009d60 (0x00006f17) auipc   t5, 0x6
core   0: 3 0x80009d60 (0x00006f17) x30 0x8000fd60
core   0: 0x80009d64 (0x2a3f2023) sw      gp, 672(t5)
core   0: 3 0x80009d64 (0x2a3f2023) mem 0x80010000 0x00000001
core   0: 0x80009d68 (0xff9ff06f) j       pc - 0x8
core   0: 3 0x80009d68 (0xff9ff06f)
core   0: 0x80009d60 (0x00006f17) auipc   t5, 0x6
core   0: 3 0x80009d60 (0x00006f17) x30 0x8000fd60
core   0: 0x80009d64 (0x2a3f2023) sw      gp, 672(t5)
core   0: 3 0x80009d64 (0x2a3f2023) mem 0x80010000 0x00000001
core   0: 0x80009d68 (0xff9ff06f) j       pc - 0x8
core   0: 3 0x80009d68 (0xff9ff06f)
core   0: 0x80009d60 (0x00006f17) auipc   t5, 0x6
core   0: 3 0x80009d60 (0x00006f17) x30 0x8000fd60
core   0: 0x80009d64 (0x2a3f2023) sw      gp, 672(t5)
core   0: 3 0x80009d64 (0x2a3f2023) mem 0x80010000 0x00000001
core   0: 0x80009d68 (0xff9ff06f) j       pc - 0x8
core   0: 3 0x80009d68 (0xff9ff06f)
core   0: 0x80009d60 (0x00006f17) auipc   t5, 0x6
core   0: 3 0x80009d60 (0x00006f17) x30 0x8000fd60
core   0: 0x80009d64 (0x2a3f2023) sw      gp, 672(t5)
core   0: 3 0x80009d64 (0x2a3f2023) mem 0x80010000 0x00000001
core   0: 0x80009d68 (0xff9ff06f) j       pc - 0x8
core   0: 3 0x80009d68 (0xff9ff06f)
core   0: 0x80009d60 (0x00006f17) auipc   t5, 0x6
core   0: 3 0x80009d60 (0x00006f17) x30 0x8000fd60
core   0: 0x80009d64 (0x2a3f2023) sw      gp, 672(t5)
core   0: 3 0x80009d64 (0x2a3f2023) mem 0x80010000 0x00000001
core   0: 0x80009d68 (0xff9ff06f) j       pc - 0x8
core   0: 3 0x80009d68 (0xff9ff06f)
core   0: 0x80009d60 (0x00006f17) auipc   t5, 0x6
core   0: 3 0x80009d60 (0x00006f17) x30 0x8000fd60
core   0: 0x80009d64 (0x2a3f2023) sw      gp, 672(t5)
core   0: 3 0x80009d64 (0x2a3f2023) mem 0x80010000 0x00000001
core   0: 0x80009d68 (0xff9ff06f) j       pc - 0x8
core   0: 3 0x80009d68 (0xff9ff06f)
core   0: 0x80009d60 (0x00006f17) auipc   t5, 0x6
core   0: 3 0x80009d60 (0x00006f17) x30 0x8000fd60
core   0: 0x80009d64 (0x2a3f2023) sw      gp, 672(t5)
core   0: 3 0x80009d64 (0x2a3f2023) mem 0x80010000 0x00000001
core   0: 0x80009d68 (0xff9ff06f) j       pc - 0x8
core   0: 3 0x80009d68 (0xff9ff06f)
core   0: 0x80009d60 (0x00006f17) auipc   t5, 0x6
core   0: 3 0x80009d60 (0x00006f17) x30 0x8000fd60
core   0: 0x80009d64 (0x2a3f2023) sw      gp, 672(t5)
core   0: 3 0x80009d64 (0x2a3f2023) mem 0x80010000 0x00000001
core   0: 0x80009d68 (0xff9ff06f) j       pc - 0x8
core   0: 3 0x80009d68 (0xff9ff06f)
core   0: 0x80009d60 (0x00006f17) auipc   t5, 0x6
core   0: 3 0x80009d60 (0x00006f17) x30 0x8000fd60
core   0: 0x80009d64 (0x2a3f2023) sw      gp, 672(t5)
core   0: 3 0x80009d64 (0x2a3f2023) mem 0x80010000 0x00000001
core   0: 0x80009d68 (0xff9ff06f) j       pc - 0x8
core   0: 3 0x80009d68 (0xff9ff06f)
core   0: 0x80009d60 (0x00006f17) auipc   t5, 0x6
core   0: 3 0x80009d60 (0x00006f17) x30 0x8000fd60
core   0: 0x80009d64 (0x2a3f2023) sw      gp, 672(t5)
core   0: 3 0x80009d64 (0x2a3f2023) mem 0x80010000 0x00000001
core   0: 0x80009d68 (0xff9ff06f) j       pc - 0x8
core   0: 3 0x80009d68 (0xff9ff06f)
core   0: 0x80009d60 (0x00006f17) auipc   t5, 0x6
core   0: 3 0x80009d60 (0x00006f17) x30 0x8000fd60
core   0: 0x80009d64 (0x2a3f2023) sw      gp, 672(t5)
core   0: 3 0x80009d64 (0x2a3f2023) mem 0x80010000 0x00000001
core   0: 0x80009d68 (0xff9ff06f) j       pc - 0x8
core   0: 3 0x80009d68 (0xff9ff06f)
core   0: 0x80009d60 (0x00006f17) auipc   t5, 0x6
core   0: 3 0x80009d60 (0x00006f17) x30 0x8000fd60
core   0: 0x80009d64 (0x2a3f2023) sw      gp, 672(t5)
core   0: 3 0x80009d64 (0x2a3f2023) mem 0x80010000 0x00000001
core   0: 0x80009d68 (0xff9ff06f) j       pc - 0x8
core   0: 3 0x80009d68 (0xff9ff06f)
core   0: 0x80009d60 (0x00006f17) auipc   t5, 0x6
core   0: 3 0x80009d60 (0x00006f17) x30 0x8000fd60
core   0: 0x80009d64 (0x2a3f2023) sw      gp, 672(t5)
core   0: 3 0x80009d64 (0x2a3f2023) mem 0x80010000 0x00000001
core   0: 0x80009d68 (0xff9ff06f) j       pc - 0x8
core   0: 3 0x80009d68 (0xff9ff06f)
core   0: 0x80009d60 (0x00006f17) auipc   t5, 0x6
core   0: 3 0x80009d60 (0x00006f17) x30 0x8000fd60
core   0: 0x80009d64 (0x2a3f2023) sw      gp, 672(t5)
core   0: 3 0x80009d64 (0x2a3f2023) mem 0x80010000 0x00000001
core   0: 0x80009d68 (0xff9ff06f) j       pc - 0x8
core   0: 3 0x80009d68 (0xff9ff06f)
core   0: 0x80009d60 (0x00006f17) auipc   t5, 0x6
core   0: 3 0x80009d60 (0x00006f17) x30 0x8000fd60
core   0: 0x80009d64 (0x2a3f2023) sw      gp, 672(t5)
core   0: 3 0x80009d64 (0x2a3f2023) mem 0x80010000 0x00000001
core   0: 0x80009d68 (0xff9ff06f) j       pc - 0x8
core   0: 3 0x80009d68 (0xff9ff06f)
core   0: 0x80009d60 (0x00006f17) auipc   t5, 0x6
core   0: 3 0x80009d60 (0x00006f17) x30 0x8000fd60
core   0: 0x80009d64 (0x2a3f2023) sw      gp, 672(t5)
core   0: 3 0x80009d64 (0x2a3f2023) mem 0x80010000 0x00000001
core   0: 0x80009d68 (0xff9ff06f) j       pc - 0x8
core   0: 3 0x80009d68 (0xff9ff06f)
core   0: 0x80009d60 (0x00006f17) auipc   t5, 0x6
core   0: 3 0x80009d60 (0x00006f17) x30 0x8000fd60
core   0: 0x80009d64 (0x2a3f2023) sw      gp, 672(t5)
core   0: 3 0x80009d64 (0x2a3f2023) mem 0x80010000 0x00000001
core   0: 0x80009d68 (0xff9ff06f) j       pc - 0x8
core   0: 3 0x80009d68 (0xff9ff06f)
core   0: 0x80009d60 (0x00006f17) auipc   t5, 0x6
core   0: 3 0x80009d60 (0x00006f17) x30 0x8000fd60
core   0: 0x80009d64 (0x2a3f2023) sw      gp, 672(t5)
core   0: 3 0x80009d64 (0x2a3f2023) mem 0x80010000 0x00000001
core   0: 0x80009d68 (0xff9ff06f) j       pc - 0x8
core   0: 3 0x80009d68 (0xff9ff06f)
core   0: 0x80009d60 (0x00006f17) auipc   t5, 0x6
core   0: 3 0x80009d60 (0x00006f17) x30 0x8000fd60
core   0: 0x80009d64 (0x2a3f2023) sw      gp, 672(t5)
core   0: 3 0x80009d64 (0x2a3f2023) mem 0x80010000 0x00000001
core   0: 0x80009d68 (0xff9ff06f) j       pc - 0x8
core   0: 3 0x80009d68 (0xff9ff06f)
core   0: 0x80009d60 (0x00006f17) auipc   t5, 0x6
core   0: 3 0x80009d60 (0x00006f17) x30 0x8000fd60
core   0: 0x80009d64 (0x2a3f2023) sw      gp, 672(t5)
core   0: 3 0x80009d64 (0x2a3f2023) mem 0x80010000 0x00000001
core   0: 0x80009d68 (0xff9ff06f) j       pc - 0x8
core   0: 3 0x80009d68 (0xff9ff06f)
core   0: 0x80009d60 (0x00006f17) auipc   t5, 0x6
core   0: 3 0x80009d60 (0x00006f17) x30 0x8000fd60
core   0: 0x80009d64 (0x2a3f2023) sw      gp, 672(t5)
core   0: 3 0x80009d64 (0x2a3f2023) mem 0x80010000 0x00000001
core   0: 0x80009d68 (0xff9ff06f) j       pc - 0x8
core   0: 3 0x80009d68 (0xff9ff06f)
core   0: 0x80009d60 (0x00006f17) auipc   t5, 0x6
core   0: 3 0x80009d60 (0x00006f17) x30 0x8000fd60
core   0: 0x80009d64 (0x2a3f2023) sw      gp, 672(t5)
core   0: 3 0x80009d64 (0x2a3f2023) mem 0x80010000 0x00000001
core   0: 0x80009d68 (0xff9ff06f) j       pc - 0x8
core   0: 3 0x80009d68 (0xff9ff06f)
core   0: 0x80009d60 (0x00006f17) auipc   t5, 0x6
core   0: 3 0x80009d60 (0x00006f17) x30 0x8000fd60
core   0: 0x80009d64 (0x2a3f2023) sw      gp, 672(t5)
core   0: 3 0x80009d64 (0x2a3f2023) mem 0x80010000 0x00000001
core   0: 0x80009d68 (0xff9ff06f) j       pc - 0x8
core   0: 3 0x80009d68 (0xff9ff06f)
core   0: 0x80009d60 (0x00006f17) auipc   t5, 0x6
core   0: 3 0x80009d60 (0x00006f17) x30 0x8000fd60
core   0: 0x80009d64 (0x2a3f2023) sw      gp, 672(t5)
core   0: 3 0x80009d64 (0x2a3f2023) mem 0x80010000 0x00000001
core   0: 0x80009d68 (0xff9ff06f) j       pc - 0x8
core   0: 3 0x80009d68 (0xff9ff06f)
core   0: 0x80009d60 (0x00006f17) auipc   t5, 0x6
core   0: 3 0x80009d60 (0x00006f17) x30 0x8000fd60
core   0: 0x80009d64 (0x2a3f2023) sw      gp, 672(t5)
core   0: 3 0x80009d64 (0x2a3f2023) mem 0x80010000 0x00000001
core   0: 0x80009d68 (0xff9ff06f) j       pc - 0x8
core   0: 3 0x80009d68 (0xff9ff06f)
core   0: 0x80009d60 (0x00006f17) auipc   t5, 0x6
core   0: 3 0x80009d60 (0x00006f17) x30 0x8000fd60
core   0: 0x80009d64 (0x2a3f2023) sw      gp, 672(t5)
core   0: 3 0x80009d64 (0x2a3f2023) mem 0x80010000 0x00000001
core   0: 0x80009d68 (0xff9ff06f) j       pc - 0x8
core   0: 3 0x80009d68 (0xff9ff06f)
core   0: 0x80009d60 (0x00006f17) auipc   t5, 0x6
core   0: 3 0x80009d60 (0x00006f17) x30 0x8000fd60
core   0: 0x80009d64 (0x2a3f2023) sw      gp, 672(t5)
core   0: 3 0x80009d64 (0x2a3f2023) mem 0x80010000 0x00000001
core   0: 0x80009d68 (0xff9ff06f) j       pc - 0x8
core   0: 3 0x80009d68 (0xff9ff06f)
core   0: 0x80009d60 (0x00006f17) auipc   t5, 0x6
core   0: 3 0x80009d60 (0x00006f17) x30 0x8000fd60
core   0: 0x80009d64 (0x2a3f2023) sw      gp, 672(t5)
core   0: 3 0x80009d64 (0x2a3f2023) mem 0x80010000 0x00000001
core   0: 0x80009d68 (0xff9ff06f) j       pc - 0x8
core   0: 3 0x80009d68 (0xff9ff06f)
core   0: 0x80009d60 (0x00006f17) auipc   t5, 0x6
core   0: 3 0x80009d60 (0x00006f17) x30 0x8000fd60
core   0: 0x80009d64 (0x2a3f2023) sw      gp, 672(t5)
core   0: 3 0x80009d64 (0x2a3f2023) mem 0x80010000 0x00000001
core   0: 0x80009d68 (0xff9ff06f) j       pc - 0x8
core   0: 3 0x80009d68 (0xff9ff06f)
core   0: 0x80009d60 (0x00006f17) auipc   t5, 0x6
core   0: 3 0x80009d60 (0x00006f17) x30 0x8000fd60
core   0: 0x80009d64 (0x2a3f2023) sw      gp, 672(t5)
core   0: 3 0x80009d64 (0x2a3f2023) mem 0x80010000 0x00000001
core   0: 0x80009d68 (0xff9ff06f) j       pc - 0x8
core   0: 3 0x80009d68 (0xff9ff06f)
core   0: 0x80009d60 (0x00006f17) auipc   t5, 0x6
core   0: 3 0x80009d60 (0x00006f17) x30 0x8000fd60
core   0: 0x80009d64 (0x2a3f2023) sw      gp, 672(t5)
core   0: 3 0x80009d64 (0x2a3f2023) mem 0x80010000 0x00000001
core   0: 0x80009d68 (0xff9ff06f) j       pc - 0x8
core   0: 3 0x80009d68 (0xff9ff06f)
core   0: 0x80009d60 (0x00006f17) auipc   t5, 0x6
core   0: 3 0x80009d60 (0x00006f17) x30 0x8000fd60
core   0: 0x80009d64 (0x2a3f2023) sw      gp, 672(t5)
core   0: 3 0x80009d64 (0x2a3f2023) mem 0x80010000 0x00000001
core   0: 0x80009d68 (0xff9ff06f) j       pc - 0x8
core   0: 3 0x80009d68 (0xff9ff06f)
core   0: 0x80009d60 (0x00006f17) auipc   t5, 0x6
core   0: 3 0x80009d60 (0x00006f17) x30 0x8000fd60
core   0: 0x80009d64 (0x2a3f2023) sw      gp, 672(t5)
core   0: 3 0x80009d64 (0x2a3f2023) mem 0x80010000 0x00000001
core   0: 0x80009d68 (0xff9ff06f) j       pc - 0x8
core   0: 3 0x80009d68 (0xff9ff06f)
core   0: 0x80009d60 (0x00006f17) auipc   t5, 0x6
core   0: 3 0x80009d60 (0x00006f17) x30 0x8000fd60
core   0: 0x80009d64 (0x2a3f2023) sw      gp, 672(t5)
core   0: 3 0x80009d64 (0x2a3f2023) mem 0x80010000 0x00000001
core   0: 0x80009d68 (0xff9ff06f) j       pc - 0x8
core   0: 3 0x80009d68 (0xff9ff06f)
core   0: 0x80009d60 (0x00006f17) auipc   t5, 0x6
core   0: 3 0x80009d60 (0x00006f17) x30 0x8000fd60
core   0: 0x80009d64 (0x2a3f2023) sw      gp, 672(t5)
core   0: 3 0x80009d64 (0x2a3f2023) mem 0x80010000 0x00000001
core   0: 0x80009d68 (0xff9ff06f) j       pc - 0x8
core   0: 3 0x80009d68 (0xff9ff06f)
core   0: 0x80009d60 (0x00006f17) auipc   t5, 0x6
core   0: 3 0x80009d60 (0x00006f17) x30 0x8000fd60
core   0: 0x80009d64 (0x2a3f2023) sw      gp, 672(t5)
core   0: 3 0x80009d64 (0x2a3f2023) mem 0x80010000 0x00000001
core   0: 0x80009d68 (0xff9ff06f) j       pc - 0x8
core   0: 3 0x80009d68 (0xff9ff06f)
core   0: 0x80009d60 (0x00006f17) auipc   t5, 0x6
core   0: 3 0x80009d60 (0x00006f17) x30 0x8000fd60
core   0: 0x80009d64 (0x2a3f2023) sw      gp, 672(t5)
core   0: 3 0x80009d64 (0x2a3f2023) mem 0x80010000 0x00000001
core   0: 0x80009d68 (0xff9ff06f) j       pc - 0x8
core   0: 3 0x80009d68 (0xff9ff06f)
core   0: 0x80009d60 (0x00006f17) auipc   t5, 0x6
core   0: 3 0x80009d60 (0x00006f17) x30 0x8000fd60
core   0: 0x80009d64 (0x2a3f2023) sw      gp, 672(t5)
core   0: 3 0x80009d64 (0x2a3f2023) mem 0x80010000 0x00000001
core   0: 0x80009d68 (0xff9ff06f) j       pc - 0x8
core   0: 3 0x80009d68 (0xff9ff06f)
core   0: 0x80009d60 (0x00006f17) auipc   t5, 0x6
core   0: 3 0x80009d60 (0x00006f17) x30 0x8000fd60
core   0: 0x80009d64 (0x2a3f2023) sw      gp, 672(t5)
core   0: 3 0x80009d64 (0x2a3f2023) mem 0x80010000 0x00000001
core   0: 0x80009d68 (0xff9ff06f) j       pc - 0x8
core   0: 3 0x80009d68 (0xff9ff06f)
core   0: 0x80009d60 (0x00006f17) auipc   t5, 0x6
core   0: 3 0x80009d60 (0x00006f17) x30 0x8000fd60
core   0: 0x80009d64 (0x2a3f2023) sw      gp, 672(t5)
core   0: 3 0x80009d64 (0x2a3f2023) mem 0x80010000 0x00000001
core   0: 0x80009d68 (0xff9ff06f) j       pc - 0x8
core   0: 3 0x80009d68 (0xff9ff06f)
core   0: 0x80009d60 (0x00006f17) auipc   t5, 0x6
core   0: 3 0x80009d60 (0x00006f17) x30 0x8000fd60
core   0: 0x80009d64 (0x2a3f2023) sw      gp, 672(t5)
core   0: 3 0x80009d64 (0x2a3f2023) mem 0x80010000 0x00000001
core   0: 0x80009d68 (0xff9ff06f) j       pc - 0x8
core   0: 3 0x80009d68 (0xff9ff06f)
core   0: 0x80009d60 (0x00006f17) auipc   t5, 0x6
core   0: 3 0x80009d60 (0x00006f17) x30 0x8000fd60
core   0: 0x80009d64 (0x2a3f2023) sw      gp, 672(t5)
core   0: 3 0x80009d64 (0x2a3f2023) mem 0x80010000 0x00000001
core   0: 0x80009d68 (0xff9ff06f) j       pc - 0x8
core   0: 3 0x80009d68 (0xff9ff06f)
core   0: 0x80009d60 (0x00006f17) auipc   t5, 0x6
core   0: 3 0x80009d60 (0x00006f17) x30 0x8000fd60
core   0: 0x80009d64 (0x2a3f2023) sw      gp, 672(t5)
core   0: 3 0x80009d64 (0x2a3f2023) mem 0x80010000 0x00000001
core   0: 0x80009d68 (0xff9ff06f) j       pc - 0x8
core   0: 3 0x80009d68 (0xff9ff06f)
core   0: 0x80009d60 (0x00006f17) auipc   t5, 0x6
core   0: 3 0x80009d60 (0x00006f17) x30 0x8000fd60
core   0: 0x80009d64 (0x2a3f2023) sw      gp, 672(t5)
core   0: 3 0x80009d64 (0x2a3f2023) mem 0x80010000 0x00000001
core   0: 0x80009d68 (0xff9ff06f) j       pc - 0x8
core   0: 3 0x80009d68 (0xff9ff06f)
core   0: 0x80009d60 (0x00006f17) auipc   t5, 0x6
core   0: 3 0x80009d60 (0x00006f17) x30 0x8000fd60
core   0: 0x80009d64 (0x2a3f2023) sw      gp, 672(t5)
core   0: 3 0x80009d64 (0x2a3f2023) mem 0x80010000 0x00000001
core   0: 0x80009d68 (0xff9ff06f) j       pc - 0x8
core   0: 3 0x80009d68 (0xff9ff06f)
core   0: 0x80009d60 (0x00006f17) auipc   t5, 0x6
core   0: 3 0x80009d60 (0x00006f17) x30 0x8000fd60
core   0: 0x80009d64 (0x2a3f2023) sw      gp, 672(t5)
core   0: 3 0x80009d64 (0x2a3f2023) mem 0x80010000 0x00000001
core   0: 0x80009d68 (0xff9ff06f) j       pc - 0x8
core   0: 3 0x80009d68 (0xff9ff06f)
core   0: 0x80009d60 (0x00006f17) auipc   t5, 0x6
core   0: 3 0x80009d60 (0x00006f17) x30 0x8000fd60
core   0: 0x80009d64 (0x2a3f2023) sw      gp, 672(t5)
core   0: 3 0x80009d64 (0x2a3f2023) mem 0x80010000 0x00000001
core   0: 0x80009d68 (0xff9ff06f) j       pc - 0x8
core   0: 3 0x80009d68 (0xff9ff06f)
core   0: 0x80009d60 (0x00006f17) auipc   t5, 0x6
core   0: 3 0x80009d60 (0x00006f17) x30 0x8000fd60
core   0: 0x80009d64 (0x2a3f2023) sw      gp, 672(t5)
core   0: 3 0x80009d64 (0x2a3f2023) mem 0x80010000 0x00000001
core   0: 0x80009d68 (0xff9ff06f) j       pc - 0x8
core   0: 3 0x80009d68 (0xff9ff06f)
core   0: 0x80009d60 (0x00006f17) auipc   t5, 0x6
core   0: 3 0x80009d60 (0x00006f17) x30 0x8000fd60
core   0: 0x80009d64 (0x2a3f2023) sw      gp, 672(t5)
core   0: 3 0x80009d64 (0x2a3f2023) mem 0x80010000 0x00000001
core   0: 0x80009d68 (0xff9ff06f) j       pc - 0x8
core   0: 3 0x80009d68 (0xff9ff06f)
core   0: 0x80009d60 (0x00006f17) auipc   t5, 0x6
core   0: 3 0x80009d60 (0x00006f17) x30 0x8000fd60
core   0: 0x80009d64 (0x2a3f2023) sw      gp, 672(t5)
core   0: 3 0x80009d64 (0x2a3f2023) mem 0x80010000 0x00000001
core   0: 0x80009d68 (0xff9ff06f) j       pc - 0x8
core   0: 3 0x80009d68 (0xff9ff06f)
core   0: 0x80009d60 (0x00006f17) auipc   t5, 0x6
core   0: 3 0x80009d60 (0x00006f17) x30 0x8000fd60
core   0: 0x80009d64 (0x2a3f2023) sw      gp, 672(t5)
core   0: 3 0x80009d64 (0x2a3f2023) mem 0x80010000 0x00000001
core   0: 0x80009d68 (0xff9ff06f) j       pc - 0x8
core   0: 3 0x80009d68 (0xff9ff06f)
core   0: 0x80009d60 (0x00006f17) auipc   t5, 0x6
core   0: 3 0x80009d60 (0x00006f17) x30 0x8000fd60
core   0: 0x80009d64 (0x2a3f2023) sw      gp, 672(t5)
core   0: 3 0x80009d64 (0x2a3f2023) mem 0x80010000 0x00000001
core   0: 0x80009d68 (0xff9ff06f) j       pc - 0x8
core   0: 3 0x80009d68 (0xff9ff06f)
core   0: 0x80009d60 (0x00006f17) auipc   t5, 0x6
core   0: 3 0x80009d60 (0x00006f17) x30 0x8000fd60
core   0: 0x80009d64 (0x2a3f2023) sw      gp, 672(t5)
core   0: 3 0x80009d64 (0x2a3f2023) mem 0x80010000 0x00000001
core   0: 0x80009d68 (0xff9ff06f) j       pc - 0x8
core   0: 3 0x80009d68 (0xff9ff06f)
core   0: 0x80009d60 (0x00006f17) auipc   t5, 0x6
core   0: 3 0x80009d60 (0x00006f17) x30 0x8000fd60
core   0: 0x80009d64 (0x2a3f2023) sw      gp, 672(t5)
core   0: 3 0x80009d64 (0x2a3f2023) mem 0x80010000 0x00000001
core   0: 0x80009d68 (0xff9ff06f) j       pc - 0x8
core   0: 3 0x80009d68 (0xff9ff06f)
core   0: 0x80009d60 (0x00006f17) auipc   t5, 0x6
core   0: 3 0x80009d60 (0x00006f17) x30 0x8000fd60
core   0: 0x80009d64 (0x2a3f2023) sw      gp, 672(t5)
core   0: 3 0x80009d64 (0x2a3f2023) mem 0x80010000 0x00000001
core   0: 0x80009d68 (0xff9ff06f) j       pc - 0x8
core   0: 3 0x80009d68 (0xff9ff06f)
core   0: 0x80009d60 (0x00006f17) auipc   t5, 0x6
core   0: 3 0x80009d60 (0x00006f17) x30 0x8000fd60
core   0: 0x80009d64 (0x2a3f2023) sw      gp, 672(t5)
core   0: 3 0x80009d64 (0x2a3f2023) mem 0x80010000 0x00000001
core   0: 0x80009d68 (0xff9ff06f) j       pc - 0x8
core   0: 3 0x80009d68 (0xff9ff06f)
core   0: 0x80009d60 (0x00006f17) auipc   t5, 0x6
core   0: 3 0x80009d60 (0x00006f17) x30 0x8000fd60
core   0: 0x80009d64 (0x2a3f2023) sw      gp, 672(t5)
core   0: 3 0x80009d64 (0x2a3f2023) mem 0x80010000 0x00000001
core   0: 0x80009d68 (0xff9ff06f) j       pc - 0x8
core   0: 3 0x80009d68 (0xff9ff06f)
core   0: 0x80009d60 (0x00006f17) auipc   t5, 0x6
core   0: 3 0x80009d60 (0x00006f17) x30 0x8000fd60
core   0: 0x80009d64 (0x2a3f2023) sw      gp, 672(t5)
core   0: 3 0x80009d64 (0x2a3f2023) mem 0x80010000 0x00000001
core   0: 0x80009d68 (0xff9ff06f) j       pc - 0x8
core   0: 3 0x80009d68 (0xff9ff06f)
core   0: 0x80009d60 (0x00006f17) auipc   t5, 0x6
core   0: 3 0x80009d60 (0x00006f17) x30 0x8000fd60
core   0: 0x80009d64 (0x2a3f2023) sw      gp, 672(t5)
core   0: 3 0x80009d64 (0x2a3f2023) mem 0x80010000 0x00000001
core   0: 0x80009d68 (0xff9ff06f) j       pc - 0x8
core   0: 3 0x80009d68 (0xff9ff06f)
core   0: 0x80009d60 (0x00006f17) auipc   t5, 0x6
core   0: 3 0x80009d60 (0x00006f17) x30 0x8000fd60
core   0: 0x80009d64 (0x2a3f2023) sw      gp, 672(t5)
core   0: 3 0x80009d64 (0x2a3f2023) mem 0x80010000 0x00000001
core   0: 0x80009d68 (0xff9ff06f) j       pc - 0x8
core   0: 3 0x80009d68 (0xff9ff06f)
core   0: 0x80009d60 (0x00006f17) auipc   t5, 0x6
core   0: 3 0x80009d60 (0x00006f17) x30 0x8000fd60
core   0: 0x80009d64 (0x2a3f2023) sw      gp, 672(t5)
core   0: 3 0x80009d64 (0x2a3f2023) mem 0x80010000 0x00000001
core   0: 0x80009d68 (0xff9ff06f) j       pc - 0x8
core   0: 3 0x80009d68 (0xff9ff06f)
core   0: 0x80009d60 (0x00006f17) auipc   t5, 0x6
core   0: 3 0x80009d60 (0x00006f17) x30 0x8000fd60
core   0: 0x80009d64 (0x2a3f2023) sw      gp, 672(t5)
core   0: 3 0x80009d64 (0x2a3f2023) mem 0x80010000 0x00000001
core   0: 0x80009d68 (0xff9ff06f) j       pc - 0x8
core   0: 3 0x80009d68 (0xff9ff06f)
core   0: 0x80009d60 (0x00006f17) auipc   t5, 0x6
core   0: 3 0x80009d60 (0x00006f17) x30 0x8000fd60
core   0: 0x80009d64 (0x2a3f2023) sw      gp, 672(t5)
core   0: 3 0x80009d64 (0x2a3f2023) mem 0x80010000 0x00000001
core   0: 0x80009d68 (0xff9ff06f) j       pc - 0x8
core   0: 3 0x80009d68 (0xff9ff06f)
core   0: 0x80009d60 (0x00006f17) auipc   t5, 0x6
core   0: 3 0x80009d60 (0x00006f17) x30 0x8000fd60
core   0: 0x80009d64 (0x2a3f2023) sw      gp, 672(t5)
core   0: 3 0x80009d64 (0x2a3f2023) mem 0x80010000 0x00000001
core   0: 0x80009d68 (0xff9ff06f) j       pc - 0x8
core   0: 3 0x80009d68 (0xff9ff06f)
core   0: 0x80009d60 (0x00006f17) auipc   t5, 0x6
core   0: 3 0x80009d60 (0x00006f17) x30 0x8000fd60
core   0: 0x80009d64 (0x2a3f2023) sw      gp, 672(t5)
core   0: 3 0x80009d64 (0x2a3f2023) mem 0x80010000 0x00000001
core   0: 0x80009d68 (0xff9ff06f) j       pc - 0x8
core   0: 3 0x80009d68 (0xff9ff06f)
core   0: 0x80009d60 (0x00006f17) auipc   t5, 0x6
core   0: 3 0x80009d60 (0x00006f17) x30 0x8000fd60
core   0: 0x80009d64 (0x2a3f2023) sw      gp, 672(t5)
core   0: 3 0x80009d64 (0x2a3f2023) mem 0x80010000 0x00000001
core   0: 0x80009d68 (0xff9ff06f) j       pc - 0x8
core   0: 3 0x80009d68 (0xff9ff06f)
core   0: 0x80009d60 (0x00006f17) auipc   t5, 0x6
core   0: 3 0x80009d60 (0x00006f17) x30 0x8000fd60
core   0: 0x80009d64 (0x2a3f2023) sw      gp, 672(t5)
core   0: 3 0x80009d64 (0x2a3f2023) mem 0x80010000 0x00000001
core   0: 0x80009d68 (0xff9ff06f) j       pc - 0x8
core   0: 3 0x80009d68 (0xff9ff06f)
core   0: 0x80009d60 (0x00006f17) auipc   t5, 0x6
core   0: 3 0x80009d60 (0x00006f17) x30 0x8000fd60
core   0: 0x80009d64 (0x2a3f2023) sw      gp, 672(t5)
core   0: 3 0x80009d64 (0x2a3f2023) mem 0x80010000 0x00000001
core   0: 0x80009d68 (0xff9ff06f) j       pc - 0x8
core   0: 3 0x80009d68 (0xff9ff06f)
core   0: 0x80009d60 (0x00006f17) auipc   t5, 0x6
core   0: 3 0x80009d60 (0x00006f17) x30 0x8000fd60
core   0: 0x80009d64 (0x2a3f2023) sw      gp, 672(t5)
core   0: 3 0x80009d64 (0x2a3f2023) mem 0x80010000 0x00000001
core   0: 0x80009d68 (0xff9ff06f) j       pc - 0x8
core   0: 3 0x80009d68 (0xff9ff06f)
core   0: 0x80009d60 (0x00006f17) auipc   t5, 0x6
core   0: 3 0x80009d60 (0x00006f17) x30 0x8000fd60
core   0: 0x80009d64 (0x2a3f2023) sw      gp, 672(t5)
core   0: 3 0x80009d64 (0x2a3f2023) mem 0x80010000 0x00000001
core   0: 0x80009d68 (0xff9ff06f) j       pc - 0x8
core   0: 3 0x80009d68 (0xff9ff06f)
core   0: 0x80009d60 (0x00006f17) auipc   t5, 0x6
core   0: 3 0x80009d60 (0x00006f17) x30 0x8000fd60
core   0: 0x80009d64 (0x2a3f2023) sw      gp, 672(t5)
core   0: 3 0x80009d64 (0x2a3f2023) mem 0x80010000 0x00000001
core   0: 0x80009d68 (0xff9ff06f) j       pc - 0x8
core   0: 3 0x80009d68 (0xff9ff06f)
core   0: 0x80009d60 (0x00006f17) auipc   t5, 0x6
core   0: 3 0x80009d60 (0x00006f17) x30 0x8000fd60
core   0: 0x80009d64 (0x2a3f2023) sw      gp, 672(t5)
core   0: 3 0x80009d64 (0x2a3f2023) mem 0x80010000 0x00000001
core   0: 0x80009d68 (0xff9ff06f) j       pc - 0x8
core   0: 3 0x80009d68 (0xff9ff06f)
core   0: 0x80009d60 (0x00006f17) auipc   t5, 0x6
core   0: 3 0x80009d60 (0x00006f17) x30 0x8000fd60
core   0: 0x80009d64 (0x2a3f2023) sw      gp, 672(t5)
core   0: 3 0x80009d64 (0x2a3f2023) mem 0x80010000 0x00000001
core   0: 0x80009d68 (0xff9ff06f) j       pc - 0x8
core   0: 3 0x80009d68 (0xff9ff06f)
core   0: 0x80009d60 (0x00006f17) auipc   t5, 0x6
core   0: 3 0x80009d60 (0x00006f17) x30 0x8000fd60
core   0: 0x80009d64 (0x2a3f2023) sw      gp, 672(t5)
core   0: 3 0x80009d64 (0x2a3f2023) mem 0x80010000 0x00000001
core   0: 0x80009d68 (0xff9ff06f) j       pc - 0x8
core   0: 3 0x80009d68 (0xff9ff06f)
core   0: 0x80009d60 (0x00006f17) auipc   t5, 0x6
core   0: 3 0x80009d60 (0x00006f17) x30 0x8000fd60
core   0: 0x80009d64 (0x2a3f2023) sw      gp, 672(t5)
core   0: 3 0x80009d64 (0x2a3f2023) mem 0x80010000 0x00000001
core   0: 0x80009d68 (0xff9ff06f) j       pc - 0x8
core   0: 3 0x80009d68 (0xff9ff06f)
core   0: 0x80009d60 (0x00006f17) auipc   t5, 0x6
core   0: 3 0x80009d60 (0x00006f17) x30 0x8000fd60
core   0: 0x80009d64 (0x2a3f2023) sw      gp, 672(t5)
core   0: 3 0x80009d64 (0x2a3f2023) mem 0x80010000 0x00000001
core   0: 0x80009d68 (0xff9ff06f) j       pc - 0x8
core   0: 3 0x80009d68 (0xff9ff06f)
core   0: 0x80009d60 (0x00006f17) auipc   t5, 0x6
core   0: 3 0x80009d60 (0x00006f17) x30 0x8000fd60
core   0: 0x80009d64 (0x2a3f2023) sw      gp, 672(t5)
core   0: 3 0x80009d64 (0x2a3f2023) mem 0x80010000 0x00000001
core   0: 0x80009d68 (0xff9ff06f) j       pc - 0x8
core   0: 3 0x80009d68 (0xff9ff06f)
core   0: 0x80009d60 (0x00006f17) auipc   t5, 0x6
core   0: 3 0x80009d60 (0x00006f17) x30 0x8000fd60
core   0: 0x80009d64 (0x2a3f2023) sw      gp, 672(t5)
core   0: 3 0x80009d64 (0x2a3f2023) mem 0x80010000 0x00000001
core   0: 0x80009d68 (0xff9ff06f) j       pc - 0x8
core   0: 3 0x80009d68 (0xff9ff06f)
core   0: 0x80009d60 (0x00006f17) auipc   t5, 0x6
core   0: 3 0x80009d60 (0x00006f17) x30 0x8000fd60
core   0: 0x80009d64 (0x2a3f2023) sw      gp, 672(t5)
core   0: 3 0x80009d64 (0x2a3f2023) mem 0x80010000 0x00000001
core   0: 0x80009d68 (0xff9ff06f) j       pc - 0x8
core   0: 3 0x80009d68 (0xff9ff06f)
core   0: 0x80009d60 (0x00006f17) auipc   t5, 0x6
core   0: 3 0x80009d60 (0x00006f17) x30 0x8000fd60
core   0: 0x80009d64 (0x2a3f2023) sw      gp, 672(t5)
core   0: 3 0x80009d64 (0x2a3f2023) mem 0x80010000 0x00000001
core   0: 0x80009d68 (0xff9ff06f) j       pc - 0x8
core   0: 3 0x80009d68 (0xff9ff06f)
core   0: 0x80009d60 (0x00006f17) auipc   t5, 0x6
core   0: 3 0x80009d60 (0x00006f17) x30 0x8000fd60
core   0: 0x80009d64 (0x2a3f2023) sw      gp, 672(t5)
core   0: 3 0x80009d64 (0x2a3f2023) mem 0x80010000 0x00000001
core   0: 0x80009d68 (0xff9ff06f) j       pc - 0x8
core   0: 3 0x80009d68 (0xff9ff06f)
core   0: 0x80009d60 (0x00006f17) auipc   t5, 0x6
core   0: 3 0x80009d60 (0x00006f17) x30 0x8000fd60
core   0: 0x80009d64 (0x2a3f2023) sw      gp, 672(t5)
core   0: 3 0x80009d64 (0x2a3f2023) mem 0x80010000 0x00000001
core   0: 0x80009d68 (0xff9ff06f) j       pc - 0x8
core   0: 3 0x80009d68 (0xff9ff06f)
core   0: 0x80009d60 (0x00006f17) auipc   t5, 0x6
core   0: 3 0x80009d60 (0x00006f17) x30 0x8000fd60
core   0: 0x80009d64 (0x2a3f2023) sw      gp, 672(t5)
core   0: 3 0x80009d64 (0x2a3f2023) mem 0x80010000 0x00000001
core   0: 0x80009d68 (0xff9ff06f) j       pc - 0x8
core   0: 3 0x80009d68 (0xff9ff06f)
core   0: 0x80009d60 (0x00006f17) auipc   t5, 0x6
core   0: 3 0x80009d60 (0x00006f17) x30 0x8000fd60
core   0: 0x80009d64 (0x2a3f2023) sw      gp, 672(t5)
core   0: 3 0x80009d64 (0x2a3f2023) mem 0x80010000 0x00000001
core   0: 0x80009d68 (0xff9ff06f) j       pc - 0x8
core   0: 3 0x80009d68 (0xff9ff06f)
core   0: 0x80009d60 (0x00006f17) auipc   t5, 0x6
core   0: 3 0x80009d60 (0x00006f17) x30 0x8000fd60
core   0: 0x80009d64 (0x2a3f2023) sw      gp, 672(t5)
core   0: 3 0x80009d64 (0x2a3f2023) mem 0x80010000 0x00000001
core   0: 0x80009d68 (0xff9ff06f) j       pc - 0x8
core   0: 3 0x80009d68 (0xff9ff06f)
core   0: 0x80009d60 (0x00006f17) auipc   t5, 0x6
core   0: 3 0x80009d60 (0x00006f17) x30 0x8000fd60
core   0: 0x80009d64 (0x2a3f2023) sw      gp, 672(t5)
core   0: 3 0x80009d64 (0x2a3f2023) mem 0x80010000 0x00000001
core   0: 0x80009d68 (0xff9ff06f) j       pc - 0x8
core   0: 3 0x80009d68 (0xff9ff06f)
core   0: 0x80009d60 (0x00006f17) auipc   t5, 0x6
core   0: 3 0x80009d60 (0x00006f17) x30 0x8000fd60
core   0: 0x80009d64 (0x2a3f2023) sw      gp, 672(t5)
core   0: 3 0x80009d64 (0x2a3f2023) mem 0x80010000 0x00000001
core   0: 0x80009d68 (0xff9ff06f) j       pc - 0x8
core   0: 3 0x80009d68 (0xff9ff06f)
core   0: 0x80009d60 (0x00006f17) auipc   t5, 0x6
core   0: 3 0x80009d60 (0x00006f17) x30 0x8000fd60
core   0: 0x80009d64 (0x2a3f2023) sw      gp, 672(t5)
core   0: 3 0x80009d64 (0x2a3f2023) mem 0x80010000 0x00000001
core   0: 0x80009d68 (0xff9ff06f) j       pc - 0x8
core   0: 3 0x80009d68 (0xff9ff06f)
core   0: 0x80009d60 (0x00006f17) auipc   t5, 0x6
core   0: 3 0x80009d60 (0x00006f17) x30 0x8000fd60
core   0: 0x80009d64 (0x2a3f2023) sw      gp, 672(t5)
core   0: 3 0x80009d64 (0x2a3f2023) mem 0x80010000 0x00000001
core   0: 0x80009d68 (0xff9ff06f) j       pc - 0x8
core   0: 3 0x80009d68 (0xff9ff06f)
core   0: 0x80009d60 (0x00006f17) auipc   t5, 0x6
core   0: 3 0x80009d60 (0x00006f17) x30 0x8000fd60
core   0: 0x80009d64 (0x2a3f2023) sw      gp, 672(t5)
core   0: 3 0x80009d64 (0x2a3f2023) mem 0x80010000 0x00000001
core   0: 0x80009d68 (0xff9ff06f) j       pc - 0x8
core   0: 3 0x80009d68 (0xff9ff06f)
core   0: 0x80009d60 (0x00006f17) auipc   t5, 0x6
core   0: 3 0x80009d60 (0x00006f17) x30 0x8000fd60
core   0: 0x80009d64 (0x2a3f2023) sw      gp, 672(t5)
core   0: 3 0x80009d64 (0x2a3f2023) mem 0x80010000 0x00000001
core   0: 0x80009d68 (0xff9ff06f) j       pc - 0x8
core   0: 3 0x80009d68 (0xff9ff06f)
core   0: 0x80009d60 (0x00006f17) auipc   t5, 0x6
core   0: 3 0x80009d60 (0x00006f17) x30 0x8000fd60
core   0: 0x80009d64 (0x2a3f2023) sw      gp, 672(t5)
core   0: 3 0x80009d64 (0x2a3f2023) mem 0x80010000 0x00000001
core   0: 0x80009d68 (0xff9ff06f) j       pc - 0x8
core   0: 3 0x80009d68 (0xff9ff06f)
core   0: 0x80009d60 (0x00006f17) auipc   t5, 0x6
core   0: 3 0x80009d60 (0x00006f17) x30 0x8000fd60
core   0: 0x80009d64 (0x2a3f2023) sw      gp, 672(t5)
core   0: 3 0x80009d64 (0x2a3f2023) mem 0x80010000 0x00000001
core   0: 0x80009d68 (0xff9ff06f) j       pc - 0x8
core   0: 3 0x80009d68 (0xff9ff06f)
core   0: 0x80009d60 (0x00006f17) auipc   t5, 0x6
core   0: 3 0x80009d60 (0x00006f17) x30 0x8000fd60
core   0: 0x80009d64 (0x2a3f2023) sw      gp, 672(t5)
core   0: 3 0x80009d64 (0x2a3f2023) mem 0x80010000 0x00000001
core   0: 0x80009d68 (0xff9ff06f) j       pc - 0x8
core   0: 3 0x80009d68 (0xff9ff06f)
core   0: 0x80009d60 (0x00006f17) auipc   t5, 0x6
core   0: 3 0x80009d60 (0x00006f17) x30 0x8000fd60
core   0: 0x80009d64 (0x2a3f2023) sw      gp, 672(t5)
core   0: 3 0x80009d64 (0x2a3f2023) mem 0x80010000 0x00000001
core   0: 0x80009d68 (0xff9ff06f) j       pc - 0x8
core   0: 3 0x80009d68 (0xff9ff06f)
core   0: 0x80009d60 (0x00006f17) auipc   t5, 0x6
core   0: 3 0x80009d60 (0x00006f17) x30 0x8000fd60
core   0: 0x80009d64 (0x2a3f2023) sw      gp, 672(t5)
core   0: 3 0x80009d64 (0x2a3f2023) mem 0x80010000 0x00000001
core   0: 0x80009d68 (0xff9ff06f) j       pc - 0x8
core   0: 3 0x80009d68 (0xff9ff06f)
core   0: 0x80009d60 (0x00006f17) auipc   t5, 0x6
core   0: 3 0x80009d60 (0x00006f17) x30 0x8000fd60
core   0: 0x80009d64 (0x2a3f2023) sw      gp, 672(t5)
core   0: 3 0x80009d64 (0x2a3f2023) mem 0x80010000 0x00000001
core   0: 0x80009d68 (0xff9ff06f) j       pc - 0x8
core   0: 3 0x80009d68 (0xff9ff06f)
core   0: 0x80009d60 (0x00006f17) auipc   t5, 0x6
core   0: 3 0x80009d60 (0x00006f17) x30 0x8000fd60
core   0: 0x80009d64 (0x2a3f2023) sw      gp, 672(t5)
core   0: 3 0x80009d64 (0x2a3f2023) mem 0x80010000 0x00000001
core   0: 0x80009d68 (0xff9ff06f) j       pc - 0x8
core   0: 3 0x80009d68 (0xff9ff06f)
core   0: 0x80009d60 (0x00006f17) auipc   t5, 0x6
core   0: 3 0x80009d60 (0x00006f17) x30 0x8000fd60
core   0: 0x80009d64 (0x2a3f2023) sw      gp, 672(t5)
core   0: 3 0x80009d64 (0x2a3f2023) mem 0x80010000 0x00000001
core   0: 0x80009d68 (0xff9ff06f) j       pc - 0x8
core   0: 3 0x80009d68 (0xff9ff06f)
core   0: 0x80009d60 (0x00006f17) auipc   t5, 0x6
core   0: 3 0x80009d60 (0x00006f17) x30 0x8000fd60
core   0: 0x80009d64 (0x2a3f2023) sw      gp, 672(t5)
core   0: 3 0x80009d64 (0x2a3f2023) mem 0x80010000 0x00000001
core   0: 0x80009d68 (0xff9ff06f) j       pc - 0x8
core   0: 3 0x80009d68 (0xff9ff06f)
core   0: 0x80009d60 (0x00006f17) auipc   t5, 0x6
core   0: 3 0x80009d60 (0x00006f17) x30 0x8000fd60
core   0: 0x80009d64 (0x2a3f2023) sw      gp, 672(t5)
core   0: 3 0x80009d64 (0x2a3f2023) mem 0x80010000 0x00000001
core   0: 0x80009d68 (0xff9ff06f) j       pc - 0x8
core   0: 3 0x80009d68 (0xff9ff06f)
core   0: 0x80009d60 (0x00006f17) auipc   t5, 0x6
core   0: 3 0x80009d60 (0x00006f17) x30 0x8000fd60
core   0: 0x80009d64 (0x2a3f2023) sw      gp, 672(t5)
core   0: 3 0x80009d64 (0x2a3f2023) mem 0x80010000 0x00000001
core   0: 0x80009d68 (0xff9ff06f) j       pc - 0x8
core   0: 3 0x80009d68 (0xff9ff06f)
core   0: 0x80009d60 (0x00006f17) auipc   t5, 0x6
core   0: 3 0x80009d60 (0x00006f17) x30 0x8000fd60
core   0: 0x80009d64 (0x2a3f2023) sw      gp, 672(t5)
core   0: 3 0x80009d64 (0x2a3f2023) mem 0x80010000 0x00000001
core   0: 0x80009d68 (0xff9ff06f) j       pc - 0x8
core   0: 3 0x80009d68 (0xff9ff06f)
core   0: 0x80009d60 (0x00006f17) auipc   t5, 0x6
core   0: 3 0x80009d60 (0x00006f17) x30 0x8000fd60
core   0: 0x80009d64 (0x2a3f2023) sw      gp, 672(t5)
core   0: 3 0x80009d64 (0x2a3f2023) mem 0x80010000 0x00000001
core   0: 0x80009d68 (0xff9ff06f) j       pc - 0x8
core   0: 3 0x80009d68 (0xff9ff06f)
core   0: 0x80009d60 (0x00006f17) auipc   t5, 0x6
core   0: 3 0x80009d60 (0x00006f17) x30 0x8000fd60
core   0: 0x80009d64 (0x2a3f2023) sw      gp, 672(t5)
core   0: 3 0x80009d64 (0x2a3f2023) mem 0x80010000 0x00000001
core   0: 0x80009d68 (0xff9ff06f) j       pc - 0x8
core   0: 3 0x80009d68 (0xff9ff06f)
core   0: 0x80009d60 (0x00006f17) auipc   t5, 0x6
core   0: 3 0x80009d60 (0x00006f17) x30 0x8000fd60
core   0: 0x80009d64 (0x2a3f2023) sw      gp, 672(t5)
core   0: 3 0x80009d64 (0x2a3f2023) mem 0x80010000 0x00000001
core   0: 0x80009d68 (0xff9ff06f) j       pc - 0x8
core   0: 3 0x80009d68 (0xff9ff06f)
core   0: 0x80009d60 (0x00006f17) auipc   t5, 0x6
core   0: 3 0x80009d60 (0x00006f17) x30 0x8000fd60
core   0: 0x80009d64 (0x2a3f2023) sw      gp, 672(t5)
core   0: 3 0x80009d64 (0x2a3f2023) mem 0x80010000 0x00000001
core   0: 0x80009d68 (0xff9ff06f) j       pc - 0x8
core   0: 3 0x80009d68 (0xff9ff06f)
core   0: 0x80009d60 (0x00006f17) auipc   t5, 0x6
core   0: 3 0x80009d60 (0x00006f17) x30 0x8000fd60
core   0: 0x80009d64 (0x2a3f2023) sw      gp, 672(t5)
core   0: 3 0x80009d64 (0x2a3f2023) mem 0x80010000 0x00000001
core   0: 0x80009d68 (0xff9ff06f) j       pc - 0x8
core   0: 3 0x80009d68 (0xff9ff06f)
core   0: 0x80009d60 (0x00006f17) auipc   t5, 0x6
core   0: 3 0x80009d60 (0x00006f17) x30 0x8000fd60
core   0: 0x80009d64 (0x2a3f2023) sw      gp, 672(t5)
core   0: 3 0x80009d64 (0x2a3f2023) mem 0x80010000 0x00000001
core   0: 0x80009d68 (0xff9ff06f) j       pc - 0x8
core   0: 3 0x80009d68 (0xff9ff06f)
core   0: 0x80009d60 (0x00006f17) auipc   t5, 0x6
core   0: 3 0x80009d60 (0x00006f17) x30 0x8000fd60
core   0: 0x80009d64 (0x2a3f2023) sw      gp, 672(t5)
core   0: 3 0x80009d64 (0x2a3f2023) mem 0x80010000 0x00000001
core   0: 0x80009d68 (0xff9ff06f) j       pc - 0x8
core   0: 3 0x80009d68 (0xff9ff06f)
core   0: 0x80009d60 (0x00006f17) auipc   t5, 0x6
core   0: 3 0x80009d60 (0x00006f17) x30 0x8000fd60
core   0: 0x80009d64 (0x2a3f2023) sw      gp, 672(t5)
core   0: 3 0x80009d64 (0x2a3f2023) mem 0x80010000 0x00000001
core   0: 0x80009d68 (0xff9ff06f) j       pc - 0x8
core   0: 3 0x80009d68 (0xff9ff06f)
core   0: 0x80009d60 (0x00006f17) auipc   t5, 0x6
core   0: 3 0x80009d60 (0x00006f17) x30 0x8000fd60
core   0: 0x80009d64 (0x2a3f2023) sw      gp, 672(t5)
core   0: 3 0x80009d64 (0x2a3f2023) mem 0x80010000 0x00000001
core   0: 0x80009d68 (0xff9ff06f) j       pc - 0x8
core   0: 3 0x80009d68 (0xff9ff06f)
core   0: 0x80009d60 (0x00006f17) auipc   t5, 0x6
core   0: 3 0x80009d60 (0x00006f17) x30 0x8000fd60
core   0: 0x80009d64 (0x2a3f2023) sw      gp, 672(t5)
core   0: 3 0x80009d64 (0x2a3f2023) mem 0x80010000 0x00000001
core   0: 0x80009d68 (0xff9ff06f) j       pc - 0x8
core   0: 3 0x80009d68 (0xff9ff06f)
core   0: 0x80009d60 (0x00006f17) auipc   t5, 0x6
core   0: 3 0x80009d60 (0x00006f17) x30 0x8000fd60
core   0: 0x80009d64 (0x2a3f2023) sw      gp, 672(t5)
core   0: 3 0x80009d64 (0x2a3f2023) mem 0x80010000 0x00000001
core   0: 0x80009d68 (0xff9ff06f) j       pc - 0x8
core   0: 3 0x80009d68 (0xff9ff06f)
core   0: 0x80009d60 (0x00006f17) auipc   t5, 0x6
core   0: 3 0x80009d60 (0x00006f17) x30 0x8000fd60
core   0: 0x80009d64 (0x2a3f2023) sw      gp, 672(t5)
core   0: 3 0x80009d64 (0x2a3f2023) mem 0x80010000 0x00000001
core   0: 0x80009d68 (0xff9ff06f) j       pc - 0x8
core   0: 3 0x80009d68 (0xff9ff06f)
core   0: 0x80009d60 (0x00006f17) auipc   t5, 0x6
core   0: 3 0x80009d60 (0x00006f17) x30 0x8000fd60
core   0: 0x80009d64 (0x2a3f2023) sw      gp, 672(t5)
core   0: 3 0x80009d64 (0x2a3f2023) mem 0x80010000 0x00000001
core   0: 0x80009d68 (0xff9ff06f) j       pc - 0x8
core   0: 3 0x80009d68 (0xff9ff06f)
core   0: 0x80009d60 (0x00006f17) auipc   t5, 0x6
core   0: 3 0x80009d60 (0x00006f17) x30 0x8000fd60
core   0: 0x80009d64 (0x2a3f2023) sw      gp, 672(t5)
core   0: 3 0x80009d64 (0x2a3f2023) mem 0x80010000 0x00000001
core   0: 0x80009d68 (0xff9ff06f) j       pc - 0x8
core   0: 3 0x80009d68 (0xff9ff06f)
core   0: 0x80009d60 (0x00006f17) auipc   t5, 0x6
core   0: 3 0x80009d60 (0x00006f17) x30 0x8000fd60
core   0: 0x80009d64 (0x2a3f2023) sw      gp, 672(t5)
core   0: 3 0x80009d64 (0x2a3f2023) mem 0x80010000 0x00000001
core   0: 0x80009d68 (0xff9ff06f) j       pc - 0x8
core   0: 3 0x80009d68 (0xff9ff06f)
core   0: 0x80009d60 (0x00006f17) auipc   t5, 0x6
core   0: 3 0x80009d60 (0x00006f17) x30 0x8000fd60
core   0: 0x80009d64 (0x2a3f2023) sw      gp, 672(t5)
core   0: 3 0x80009d64 (0x2a3f2023) mem 0x80010000 0x00000001
core   0: 0x80009d68 (0xff9ff06f) j       pc - 0x8
core   0: 3 0x80009d68 (0xff9ff06f)
core   0: 0x80009d60 (0x00006f17) auipc   t5, 0x6
core   0: 3 0x80009d60 (0x00006f17) x30 0x8000fd60
core   0: 0x80009d64 (0x2a3f2023) sw      gp, 672(t5)
core   0: 3 0x80009d64 (0x2a3f2023) mem 0x80010000 0x00000001
core   0: 0x80009d68 (0xff9ff06f) j       pc - 0x8
core   0: 3 0x80009d68 (0xff9ff06f)
core   0: 0x80009d60 (0x00006f17) auipc   t5, 0x6
core   0: 3 0x80009d60 (0x00006f17) x30 0x8000fd60
core   0: 0x80009d64 (0x2a3f2023) sw      gp, 672(t5)
core   0: 3 0x80009d64 (0x2a3f2023) mem 0x80010000 0x00000001
core   0: 0x80009d68 (0xff9ff06f) j       pc - 0x8
core   0: 3 0x80009d68 (0xff9ff06f)
core   0: 0x80009d60 (0x00006f17) auipc   t5, 0x6
core   0: 3 0x80009d60 (0x00006f17) x30 0x8000fd60
core   0: 0x80009d64 (0x2a3f2023) sw      gp, 672(t5)
core   0: 3 0x80009d64 (0x2a3f2023) mem 0x80010000 0x00000001
core   0: 0x80009d68 (0xff9ff06f) j       pc - 0x8
core   0: 3 0x80009d68 (0xff9ff06f)
core   0: 0x80009d60 (0x00006f17) auipc   t5, 0x6
core   0: 3 0x80009d60 (0x00006f17) x30 0x8000fd60
core   0: 0x80009d64 (0x2a3f2023) sw      gp, 672(t5)
core   0: 3 0x80009d64 (0x2a3f2023) mem 0x80010000 0x00000001
core   0: 0x80009d68 (0xff9ff06f) j       pc - 0x8
core   0: 3 0x80009d68 (0xff9ff06f)
core   0: 0x80009d60 (0x00006f17) auipc   t5, 0x6
core   0: 3 0x80009d60 (0x00006f17) x30 0x8000fd60
core   0: 0x80009d64 (0x2a3f2023) sw      gp, 672(t5)
core   0: 3 0x80009d64 (0x2a3f2023) mem 0x80010000 0x00000001
core   0: 0x80009d68 (0xff9ff06f) j       pc - 0x8
core   0: 3 0x80009d68 (0xff9ff06f)
core   0: 0x80009d60 (0x00006f17) auipc   t5, 0x6
core   0: 3 0x80009d60 (0x00006f17) x30 0x8000fd60
core   0: 0x80009d64 (0x2a3f2023) sw      gp, 672(t5)
core   0: 3 0x80009d64 (0x2a3f2023) mem 0x80010000 0x00000001
core   0: 0x80009d68 (0xff9ff06f) j       pc - 0x8
core   0: 3 0x80009d68 (0xff9ff06f)
core   0: 0x80009d60 (0x00006f17) auipc   t5, 0x6
core   0: 3 0x80009d60 (0x00006f17) x30 0x8000fd60
core   0: 0x80009d64 (0x2a3f2023) sw      gp, 672(t5)
core   0: 3 0x80009d64 (0x2a3f2023) mem 0x80010000 0x00000001
core   0: 0x80009d68 (0xff9ff06f) j       pc - 0x8
core   0: 3 0x80009d68 (0xff9ff06f)
core   0: 0x80009d60 (0x00006f17) auipc   t5, 0x6
core   0: 3 0x80009d60 (0x00006f17) x30 0x8000fd60
core   0: 0x80009d64 (0x2a3f2023) sw      gp, 672(t5)
core   0: 3 0x80009d64 (0x2a3f2023) mem 0x80010000 0x00000001
core   0: 0x80009d68 (0xff9ff06f) j       pc - 0x8
core   0: 3 0x80009d68 (0xff9ff06f)
core   0: 0x80009d60 (0x00006f17) auipc   t5, 0x6
core   0: 3 0x80009d60 (0x00006f17) x30 0x8000fd60
core   0: 0x80009d64 (0x2a3f2023) sw      gp, 672(t5)
core   0: 3 0x80009d64 (0x2a3f2023) mem 0x80010000 0x00000001
core   0: 0x80009d68 (0xff9ff06f) j       pc - 0x8
core   0: 3 0x80009d68 (0xff9ff06f)
core   0: 0x80009d60 (0x00006f17) auipc   t5, 0x6
core   0: 3 0x80009d60 (0x00006f17) x30 0x8000fd60
core   0: 0x80009d64 (0x2a3f2023) sw      gp, 672(t5)
core   0: 3 0x80009d64 (0x2a3f2023) mem 0x80010000 0x00000001
core   0: 0x80009d68 (0xff9ff06f) j       pc - 0x8
core   0: 3 0x80009d68 (0xff9ff06f)
core   0: 0x80009d60 (0x00006f17) auipc   t5, 0x6
core   0: 3 0x80009d60 (0x00006f17) x30 0x8000fd60
core   0: 0x80009d64 (0x2a3f2023) sw      gp, 672(t5)
core   0: 3 0x80009d64 (0x2a3f2023) mem 0x80010000 0x00000001
core   0: 0x80009d68 (0xff9ff06f) j       pc - 0x8
core   0: 3 0x80009d68 (0xff9ff06f)
core   0: 0x80009d60 (0x00006f17) auipc   t5, 0x6
core   0: 3 0x80009d60 (0x00006f17) x30 0x8000fd60
core   0: 0x80009d64 (0x2a3f2023) sw      gp, 672(t5)
core   0: 3 0x80009d64 (0x2a3f2023) mem 0x80010000 0x00000001
core   0: 0x80009d68 (0xff9ff06f) j       pc - 0x8
core   0: 3 0x80009d68 (0xff9ff06f)
core   0: 0x80009d60 (0x00006f17) auipc   t5, 0x6
core   0: 3 0x80009d60 (0x00006f17) x30 0x8000fd60
core   0: 0x80009d64 (0x2a3f2023) sw      gp, 672(t5)
core   0: 3 0x80009d64 (0x2a3f2023) mem 0x80010000 0x00000001
core   0: 0x80009d68 (0xff9ff06f) j       pc - 0x8
core   0: 3 0x80009d68 (0xff9ff06f)
core   0: 0x80009d60 (0x00006f17) auipc   t5, 0x6
core   0: 3 0x80009d60 (0x00006f17) x30 0x8000fd60
core   0: 0x80009d64 (0x2a3f2023) sw      gp, 672(t5)
core   0: 3 0x80009d64 (0x2a3f2023) mem 0x80010000 0x00000001
core   0: 0x80009d68 (0xff9ff06f) j       pc - 0x8
core   0: 3 0x80009d68 (0xff9ff06f)
core   0: 0x80009d60 (0x00006f17) auipc   t5, 0x6
core   0: 3 0x80009d60 (0x00006f17) x30 0x8000fd60
core   0: 0x80009d64 (0x2a3f2023) sw      gp, 672(t5)
core   0: 3 0x80009d64 (0x2a3f2023) mem 0x80010000 0x00000001
core   0: 0x80009d68 (0xff9ff06f) j       pc - 0x8
core   0: 3 0x80009d68 (0xff9ff06f)
core   0: 0x80009d60 (0x00006f17) auipc   t5, 0x6
core   0: 3 0x80009d60 (0x00006f17) x30 0x8000fd60
core   0: 0x80009d64 (0x2a3f2023) sw      gp, 672(t5)
core   0: 3 0x80009d64 (0x2a3f2023) mem 0x80010000 0x00000001
core   0: 0x80009d68 (0xff9ff06f) j       pc - 0x8
core   0: 3 0x80009d68 (0xff9ff06f)
core   0: 0x80009d60 (0x00006f17) auipc   t5, 0x6
core   0: 3 0x80009d60 (0x00006f17) x30 0x8000fd60
core   0: 0x80009d64 (0x2a3f2023) sw      gp, 672(t5)
core   0: 3 0x80009d64 (0x2a3f2023) mem 0x80010000 0x00000001
core   0: 0x80009d68 (0xff9ff06f) j       pc - 0x8
core   0: 3 0x80009d68 (0xff9ff06f)
core   0: 0x80009d60 (0x00006f17) auipc   t5, 0x6
core   0: 3 0x80009d60 (0x00006f17) x30 0x8000fd60
core   0: 0x80009d64 (0x2a3f2023) sw      gp, 672(t5)
core   0: 3 0x80009d64 (0x2a3f2023) mem 0x80010000 0x00000001
core   0: 0x80009d68 (0xff9ff06f) j       pc - 0x8
core   0: 3 0x80009d68 (0xff9ff06f)
core   0: 0x80009d60 (0x00006f17) auipc   t5, 0x6
core   0: 3 0x80009d60 (0x00006f17) x30 0x8000fd60
core   0: 0x80009d64 (0x2a3f2023) sw      gp, 672(t5)
core   0: 3 0x80009d64 (0x2a3f2023) mem 0x80010000 0x00000001
core   0: 0x80009d68 (0xff9ff06f) j       pc - 0x8
core   0: 3 0x80009d68 (0xff9ff06f)
core   0: 0x80009d60 (0x00006f17) auipc   t5, 0x6
core   0: 3 0x80009d60 (0x00006f17) x30 0x8000fd60
core   0: 0x80009d64 (0x2a3f2023) sw      gp, 672(t5)
core   0: 3 0x80009d64 (0x2a3f2023) mem 0x80010000 0x00000001
core   0: 0x80009d68 (0xff9ff06f) j       pc - 0x8
core   0: 3 0x80009d68 (0xff9ff06f)
core   0: 0x80009d60 (0x00006f17) auipc   t5, 0x6
core   0: 3 0x80009d60 (0x00006f17) x30 0x8000fd60
core   0: 0x80009d64 (0x2a3f2023) sw      gp, 672(t5)
core   0: 3 0x80009d64 (0x2a3f2023) mem 0x80010000 0x00000001
core   0: 0x80009d68 (0xff9ff06f) j       pc - 0x8
core   0: 3 0x80009d68 (0xff9ff06f)
core   0: 0x80009d60 (0x00006f17) auipc   t5, 0x6
core   0: 3 0x80009d60 (0x00006f17) x30 0x8000fd60
core   0: 0x80009d64 (0x2a3f2023) sw      gp, 672(t5)
core   0: 3 0x80009d64 (0x2a3f2023) mem 0x80010000 0x00000001
core   0: 0x80009d68 (0xff9ff06f) j       pc - 0x8
core   0: 3 0x80009d68 (0xff9ff06f)
core   0: 0x80009d60 (0x00006f17) auipc   t5, 0x6
core   0: 3 0x80009d60 (0x00006f17) x30 0x8000fd60
core   0: 0x80009d64 (0x2a3f2023) sw      gp, 672(t5)
core   0: 3 0x80009d64 (0x2a3f2023) mem 0x80010000 0x00000001
core   0: 0x80009d68 (0xff9ff06f) j       pc - 0x8
core   0: 3 0x80009d68 (0xff9ff06f)
core   0: 0x80009d60 (0x00006f17) auipc   t5, 0x6
core   0: 3 0x80009d60 (0x00006f17) x30 0x8000fd60
core   0: 0x80009d64 (0x2a3f2023) sw      gp, 672(t5)
core   0: 3 0x80009d64 (0x2a3f2023) mem 0x80010000 0x00000001
core   0: 0x80009d68 (0xff9ff06f) j       pc - 0x8
core   0: 3 0x80009d68 (0xff9ff06f)
core   0: 0x80009d60 (0x00006f17) auipc   t5, 0x6
core   0: 3 0x80009d60 (0x00006f17) x30 0x8000fd60
core   0: 0x80009d64 (0x2a3f2023) sw      gp, 672(t5)
core   0: 3 0x80009d64 (0x2a3f2023) mem 0x80010000 0x00000001
core   0: 0x80009d68 (0xff9ff06f) j       pc - 0x8
core   0: 3 0x80009d68 (0xff9ff06f)
core   0: 0x80009d60 (0x00006f17) auipc   t5, 0x6
core   0: 3 0x80009d60 (0x00006f17) x30 0x8000fd60
core   0: 0x80009d64 (0x2a3f2023) sw      gp, 672(t5)
core   0: 3 0x80009d64 (0x2a3f2023) mem 0x80010000 0x00000001
core   0: 0x80009d68 (0xff9ff06f) j       pc - 0x8
core   0: 3 0x80009d68 (0xff9ff06f)
core   0: 0x80009d60 (0x00006f17) auipc   t5, 0x6
core   0: 3 0x80009d60 (0x00006f17) x30 0x8000fd60
core   0: 0x80009d64 (0x2a3f2023) sw      gp, 672(t5)
core   0: 3 0x80009d64 (0x2a3f2023) mem 0x80010000 0x00000001
core   0: 0x80009d68 (0xff9ff06f) j       pc - 0x8
core   0: 3 0x80009d68 (0xff9ff06f)
core   0: 0x80009d60 (0x00006f17) auipc   t5, 0x6
core   0: 3 0x80009d60 (0x00006f17) x30 0x8000fd60
core   0: 0x80009d64 (0x2a3f2023) sw      gp, 672(t5)
core   0: 3 0x80009d64 (0x2a3f2023) mem 0x80010000 0x00000001
core   0: 0x80009d68 (0xff9ff06f) j       pc - 0x8
core   0: 3 0x80009d68 (0xff9ff06f)
core   0: 0x80009d60 (0x00006f17) auipc   t5, 0x6
core   0: 3 0x80009d60 (0x00006f17) x30 0x8000fd60
core   0: 0x80009d64 (0x2a3f2023) sw      gp, 672(t5)
core   0: 3 0x80009d64 (0x2a3f2023) mem 0x80010000 0x00000001
core   0: 0x80009d68 (0xff9ff06f) j       pc - 0x8
core   0: 3 0x80009d68 (0xff9ff06f)
core   0: 0x80009d60 (0x00006f17) auipc   t5, 0x6
core   0: 3 0x80009d60 (0x00006f17) x30 0x8000fd60
core   0: 0x80009d64 (0x2a3f2023) sw      gp, 672(t5)
core   0: 3 0x80009d64 (0x2a3f2023) mem 0x80010000 0x00000001
core   0: 0x80009d68 (0xff9ff06f) j       pc - 0x8
core   0: 3 0x80009d68 (0xff9ff06f)
core   0: 0x80009d60 (0x00006f17) auipc   t5, 0x6
core   0: 3 0x80009d60 (0x00006f17) x30 0x8000fd60
core   0: 0x80009d64 (0x2a3f2023) sw      gp, 672(t5)
core   0: 3 0x80009d64 (0x2a3f2023) mem 0x80010000 0x00000001
core   0: 0x80009d68 (0xff9ff06f) j       pc - 0x8
core   0: 3 0x80009d68 (0xff9ff06f)
core   0: 0x80009d60 (0x00006f17) auipc   t5, 0x6
core   0: 3 0x80009d60 (0x00006f17) x30 0x8000fd60
core   0: 0x80009d64 (0x2a3f2023) sw      gp, 672(t5)
core   0: 3 0x80009d64 (0x2a3f2023) mem 0x80010000 0x00000001
core   0: 0x80009d68 (0xff9ff06f) j       pc - 0x8
core   0: 3 0x80009d68 (0xff9ff06f)
core   0: 0x80009d60 (0x00006f17) auipc   t5, 0x6
core   0: 3 0x80009d60 (0x00006f17) x30 0x8000fd60
core   0: 0x80009d64 (0x2a3f2023) sw      gp, 672(t5)
core   0: 3 0x80009d64 (0x2a3f2023) mem 0x80010000 0x00000001
core   0: 0x80009d68 (0xff9ff06f) j       pc - 0x8
core   0: 3 0x80009d68 (0xff9ff06f)
core   0: 0x80009d60 (0x00006f17) auipc   t5, 0x6
core   0: 3 0x80009d60 (0x00006f17) x30 0x8000fd60
core   0: 0x80009d64 (0x2a3f2023) sw      gp, 672(t5)
core   0: 3 0x80009d64 (0x2a3f2023) mem 0x80010000 0x00000001
core   0: 0x80009d68 (0xff9ff06f) j       pc - 0x8
core   0: 3 0x80009d68 (0xff9ff06f)
core   0: 0x80009d60 (0x00006f17) auipc   t5, 0x6
core   0: 3 0x80009d60 (0x00006f17) x30 0x8000fd60
core   0: 0x80009d64 (0x2a3f2023) sw      gp, 672(t5)
core   0: 3 0x80009d64 (0x2a3f2023) mem 0x80010000 0x00000001
core   0: 0x80009d68 (0xff9ff06f) j       pc - 0x8
core   0: 3 0x80009d68 (0xff9ff06f)
core   0: 0x80009d60 (0x00006f17) auipc   t5, 0x6
core   0: 3 0x80009d60 (0x00006f17) x30 0x8000fd60
core   0: 0x80009d64 (0x2a3f2023) sw      gp, 672(t5)
core   0: 3 0x80009d64 (0x2a3f2023) mem 0x80010000 0x00000001
core   0: 0x80009d68 (0xff9ff06f) j       pc - 0x8
core   0: 3 0x80009d68 (0xff9ff06f)
core   0: 0x80009d60 (0x00006f17) auipc   t5, 0x6
core   0: 3 0x80009d60 (0x00006f17) x30 0x8000fd60
core   0: 0x80009d64 (0x2a3f2023) sw      gp, 672(t5)
core   0: 3 0x80009d64 (0x2a3f2023) mem 0x80010000 0x00000001
core   0: 0x80009d68 (0xff9ff06f) j       pc - 0x8
core   0: 3 0x80009d68 (0xff9ff06f)
core   0: 0x80009d60 (0x00006f17) auipc   t5, 0x6
core   0: 3 0x80009d60 (0x00006f17) x30 0x8000fd60
core   0: 0x80009d64 (0x2a3f2023) sw      gp, 672(t5)
core   0: 3 0x80009d64 (0x2a3f2023) mem 0x80010000 0x00000001
core   0: 0x80009d68 (0xff9ff06f) j       pc - 0x8
core   0: 3 0x80009d68 (0xff9ff06f)
core   0: 0x80009d60 (0x00006f17) auipc   t5, 0x6
core   0: 3 0x80009d60 (0x00006f17) x30 0x8000fd60
core   0: 0x80009d64 (0x2a3f2023) sw      gp, 672(t5)
core   0: 3 0x80009d64 (0x2a3f2023) mem 0x80010000 0x00000001
core   0: 0x80009d68 (0xff9ff06f) j       pc - 0x8
core   0: 3 0x80009d68 (0xff9ff06f)
core   0: 0x80009d60 (0x00006f17) auipc   t5, 0x6
core   0: 3 0x80009d60 (0x00006f17) x30 0x8000fd60
core   0: 0x80009d64 (0x2a3f2023) sw      gp, 672(t5)
core   0: 3 0x80009d64 (0x2a3f2023) mem 0x80010000 0x00000001
core   0: 0x80009d68 (0xff9ff06f) j       pc - 0x8
core   0: 3 0x80009d68 (0xff9ff06f)
core   0: 0x80009d60 (0x00006f17) auipc   t5, 0x6
core   0: 3 0x80009d60 (0x00006f17) x30 0x8000fd60
core   0: 0x80009d64 (0x2a3f2023) sw      gp, 672(t5)
core   0: 3 0x80009d64 (0x2a3f2023) mem 0x80010000 0x00000001
core   0: 0x80009d68 (0xff9ff06f) j       pc - 0x8
core   0: 3 0x80009d68 (0xff9ff06f)
core   0: 0x80009d60 (0x00006f17) auipc   t5, 0x6
core   0: 3 0x80009d60 (0x00006f17) x30 0x8000fd60
core   0: 0x80009d64 (0x2a3f2023) sw      gp, 672(t5)
core   0: 3 0x80009d64 (0x2a3f2023) mem 0x80010000 0x00000001
core   0: 0x80009d68 (0xff9ff06f) j       pc - 0x8
core   0: 3 0x80009d68 (0xff9ff06f)
core   0: 0x80009d60 (0x00006f17) auipc   t5, 0x6
core   0: 3 0x80009d60 (0x00006f17) x30 0x8000fd60
core   0: 0x80009d64 (0x2a3f2023) sw      gp, 672(t5)
core   0: 3 0x80009d64 (0x2a3f2023) mem 0x80010000 0x00000001
core   0: 0x80009d68 (0xff9ff06f) j       pc - 0x8
core   0: 3 0x80009d68 (0xff9ff06f)
core   0: 0x80009d60 (0x00006f17) auipc   t5, 0x6
core   0: 3 0x80009d60 (0x00006f17) x30 0x8000fd60
core   0: 0x80009d64 (0x2a3f2023) sw      gp, 672(t5)
core   0: 3 0x80009d64 (0x2a3f2023) mem 0x80010000 0x00000001
core   0: 0x80009d68 (0xff9ff06f) j       pc - 0x8
core   0: 3 0x80009d68 (0xff9ff06f)
core   0: 0x80009d60 (0x00006f17) auipc   t5, 0x6
core   0: 3 0x80009d60 (0x00006f17) x30 0x8000fd60
core   0: 0x80009d64 (0x2a3f2023) sw      gp, 672(t5)
core   0: 3 0x80009d64 (0x2a3f2023) mem 0x80010000 0x00000001
core   0: 0x80009d68 (0xff9ff06f) j       pc - 0x8
core   0: 3 0x80009d68 (0xff9ff06f)
core   0: 0x80009d60 (0x00006f17) auipc   t5, 0x6
core   0: 3 0x80009d60 (0x00006f17) x30 0x8000fd60
core   0: 0x80009d64 (0x2a3f2023) sw      gp, 672(t5)
core   0: 3 0x80009d64 (0x2a3f2023) mem 0x80010000 0x00000001
core   0: 0x80009d68 (0xff9ff06f) j       pc - 0x8
core   0: 3 0x80009d68 (0xff9ff06f)
core   0: 0x80009d60 (0x00006f17) auipc   t5, 0x6
core   0: 3 0x80009d60 (0x00006f17) x30 0x8000fd60
core   0: 0x80009d64 (0x2a3f2023) sw      gp, 672(t5)
core   0: 3 0x80009d64 (0x2a3f2023) mem 0x80010000 0x00000001
core   0: 0x80009d68 (0xff9ff06f) j       pc - 0x8
core   0: 3 0x80009d68 (0xff9ff06f)
core   0: 0x80009d60 (0x00006f17) auipc   t5, 0x6
core   0: 3 0x80009d60 (0x00006f17) x30 0x8000fd60
core   0: 0x80009d64 (0x2a3f2023) sw      gp, 672(t5)
core   0: 3 0x80009d64 (0x2a3f2023) mem 0x80010000 0x00000001
core   0: 0x80009d68 (0xff9ff06f) j       pc - 0x8
core   0: 3 0x80009d68 (0xff9ff06f)
core   0: 0x80009d60 (0x00006f17) auipc   t5, 0x6
core   0: 3 0x80009d60 (0x00006f17) x30 0x8000fd60
core   0: 0x80009d64 (0x2a3f2023) sw      gp, 672(t5)
core   0: 3 0x80009d64 (0x2a3f2023) mem 0x80010000 0x00000001
core   0: 0x80009d68 (0xff9ff06f) j       pc - 0x8
core   0: 3 0x80009d68 (0xff9ff06f)
core   0: 0x80009d60 (0x00006f17) auipc   t5, 0x6
core   0: 3 0x80009d60 (0x00006f17) x30 0x8000fd60
core   0: 0x80009d64 (0x2a3f2023) sw      gp, 672(t5)
core   0: 3 0x80009d64 (0x2a3f2023) mem 0x80010000 0x00000001
core   0: 0x80009d68 (0xff9ff06f) j       pc - 0x8
core   0: 3 0x80009d68 (0xff9ff06f)
core   0: 0x80009d60 (0x00006f17) auipc   t5, 0x6
core   0: 3 0x80009d60 (0x00006f17) x30 0x8000fd60
core   0: 0x80009d64 (0x2a3f2023) sw      gp, 672(t5)
core   0: 3 0x80009d64 (0x2a3f2023) mem 0x80010000 0x00000001
core   0: 0x80009d68 (0xff9ff06f) j       pc - 0x8
core   0: 3 0x80009d68 (0xff9ff06f)
core   0: 0x80009d60 (0x00006f17) auipc   t5, 0x6
core   0: 3 0x80009d60 (0x00006f17) x30 0x8000fd60
core   0: 0x80009d64 (0x2a3f2023) sw      gp, 672(t5)
core   0: 3 0x80009d64 (0x2a3f2023) mem 0x80010000 0x00000001
core   0: 0x80009d68 (0xff9ff06f) j       pc - 0x8
core   0: 3 0x80009d68 (0xff9ff06f)
core   0: 0x80009d60 (0x00006f17) auipc   t5, 0x6
core   0: 3 0x80009d60 (0x00006f17) x30 0x8000fd60
core   0: 0x80009d64 (0x2a3f2023) sw      gp, 672(t5)
core   0: 3 0x80009d64 (0x2a3f2023) mem 0x80010000 0x00000001
core   0: 0x80009d68 (0xff9ff06f) j       pc - 0x8
core   0: 3 0x80009d68 (0xff9ff06f)
core   0: 0x80009d60 (0x00006f17) auipc   t5, 0x6
core   0: 3 0x80009d60 (0x00006f17) x30 0x8000fd60
core   0: 0x80009d64 (0x2a3f2023) sw      gp, 672(t5)
core   0: 3 0x80009d64 (0x2a3f2023) mem 0x80010000 0x00000001
core   0: 0x80009d68 (0xff9ff06f) j       pc - 0x8
core   0: 3 0x80009d68 (0xff9ff06f)
core   0: 0x80009d60 (0x00006f17) auipc   t5, 0x6
core   0: 3 0x80009d60 (0x00006f17) x30 0x8000fd60
core   0: 0x80009d64 (0x2a3f2023) sw      gp, 672(t5)
core   0: 3 0x80009d64 (0x2a3f2023) mem 0x80010000 0x00000001
core   0: 0x80009d68 (0xff9ff06f) j       pc - 0x8
core   0: 3 0x80009d68 (0xff9ff06f)
core   0: 0x80009d60 (0x00006f17) auipc   t5, 0x6
core   0: 3 0x80009d60 (0x00006f17) x30 0x8000fd60
core   0: 0x80009d64 (0x2a3f2023) sw      gp, 672(t5)
core   0: 3 0x80009d64 (0x2a3f2023) mem 0x80010000 0x00000001
core   0: 0x80009d68 (0xff9ff06f) j       pc - 0x8
core   0: 3 0x80009d68 (0xff9ff06f)
core   0: 0x80009d60 (0x00006f17) auipc   t5, 0x6
core   0: 3 0x80009d60 (0x00006f17) x30 0x8000fd60
core   0: 0x80009d64 (0x2a3f2023) sw      gp, 672(t5)
core   0: 3 0x80009d64 (0x2a3f2023) mem 0x80010000 0x00000001
core   0: 0x80009d68 (0xff9ff06f) j       pc - 0x8
core   0: 3 0x80009d68 (0xff9ff06f)
core   0: 0x80009d60 (0x00006f17) auipc   t5, 0x6
core   0: 3 0x80009d60 (0x00006f17) x30 0x8000fd60
core   0: 0x80009d64 (0x2a3f2023) sw      gp, 672(t5)
core   0: 3 0x80009d64 (0x2a3f2023) mem 0x80010000 0x00000001
core   0: 0x80009d68 (0xff9ff06f) j       pc - 0x8
core   0: 3 0x80009d68 (0xff9ff06f)
core   0: 0x80009d60 (0x00006f17) auipc   t5, 0x6
core   0: 3 0x80009d60 (0x00006f17) x30 0x8000fd60
core   0: 0x80009d64 (0x2a3f2023) sw      gp, 672(t5)
core   0: 3 0x80009d64 (0x2a3f2023) mem 0x80010000 0x00000001
core   0: 0x80009d68 (0xff9ff06f) j       pc - 0x8
core   0: 3 0x80009d68 (0xff9ff06f)
core   0: 0x80009d60 (0x00006f17) auipc   t5, 0x6
core   0: 3 0x80009d60 (0x00006f17) x30 0x8000fd60
core   0: 0x80009d64 (0x2a3f2023) sw      gp, 672(t5)
core   0: 3 0x80009d64 (0x2a3f2023) mem 0x80010000 0x00000001
core   0: 0x80009d68 (0xff9ff06f) j       pc - 0x8
core   0: 3 0x80009d68 (0xff9ff06f)
core   0: 0x80009d60 (0x00006f17) auipc   t5, 0x6
core   0: 3 0x80009d60 (0x00006f17) x30 0x8000fd60
core   0: 0x80009d64 (0x2a3f2023) sw      gp, 672(t5)
core   0: 3 0x80009d64 (0x2a3f2023) mem 0x80010000 0x00000001
core   0: 0x80009d68 (0xff9ff06f) j       pc - 0x8
core   0: 3 0x80009d68 (0xff9ff06f)
core   0: 0x80009d60 (0x00006f17) auipc   t5, 0x6
core   0: 3 0x80009d60 (0x00006f17) x30 0x8000fd60
core   0: 0x80009d64 (0x2a3f2023) sw      gp, 672(t5)
core   0: 3 0x80009d64 (0x2a3f2023) mem 0x80010000 0x00000001
core   0: 0x80009d68 (0xff9ff06f) j       pc - 0x8
core   0: 3 0x80009d68 (0xff9ff06f)
core   0: 0x80009d60 (0x00006f17) auipc   t5, 0x6
core   0: 3 0x80009d60 (0x00006f17) x30 0x8000fd60
core   0: 0x80009d64 (0x2a3f2023) sw      gp, 672(t5)
core   0: 3 0x80009d64 (0x2a3f2023) mem 0x80010000 0x00000001
core   0: 0x80009d68 (0xff9ff06f) j       pc - 0x8
core   0: 3 0x80009d68 (0xff9ff06f)
core   0: 0x80009d60 (0x00006f17) auipc   t5, 0x6
core   0: 3 0x80009d60 (0x00006f17) x30 0x8000fd60
core   0: 0x80009d64 (0x2a3f2023) sw      gp, 672(t5)
core   0: 3 0x80009d64 (0x2a3f2023) mem 0x80010000 0x00000001
core   0: 0x80009d68 (0xff9ff06f) j       pc - 0x8
core   0: 3 0x80009d68 (0xff9ff06f)
core   0: 0x80009d60 (0x00006f17) auipc   t5, 0x6
core   0: 3 0x80009d60 (0x00006f17) x30 0x8000fd60
core   0: 0x80009d64 (0x2a3f2023) sw      gp, 672(t5)
core   0: 3 0x80009d64 (0x2a3f2023) mem 0x80010000 0x00000001
core   0: 0x80009d68 (0xff9ff06f) j       pc - 0x8
core   0: 3 0x80009d68 (0xff9ff06f)
core   0: 0x80009d60 (0x00006f17) auipc   t5, 0x6
core   0: 3 0x80009d60 (0x00006f17) x30 0x8000fd60
core   0: 0x80009d64 (0x2a3f2023) sw      gp, 672(t5)
core   0: 3 0x80009d64 (0x2a3f2023) mem 0x80010000 0x00000001
core   0: 0x80009d68 (0xff9ff06f) j       pc - 0x8
core   0: 3 0x80009d68 (0xff9ff06f)
core   0: 0x80009d60 (0x00006f17) auipc   t5, 0x6
core   0: 3 0x80009d60 (0x00006f17) x30 0x8000fd60
core   0: 0x80009d64 (0x2a3f2023) sw      gp, 672(t5)
core   0: 3 0x80009d64 (0x2a3f2023) mem 0x80010000 0x00000001
core   0: 0x80009d68 (0xff9ff06f) j       pc - 0x8
core   0: 3 0x80009d68 (0xff9ff06f)
core   0: 0x80009d60 (0x00006f17) auipc   t5, 0x6
core   0: 3 0x80009d60 (0x00006f17) x30 0x8000fd60
core   0: 0x80009d64 (0x2a3f2023) sw      gp, 672(t5)
core   0: 3 0x80009d64 (0x2a3f2023) mem 0x80010000 0x00000001
core   0: 0x80009d68 (0xff9ff06f) j       pc - 0x8
core   0: 3 0x80009d68 (0xff9ff06f)
core   0: 0x80009d60 (0x00006f17) auipc   t5, 0x6
core   0: 3 0x80009d60 (0x00006f17) x30 0x8000fd60
core   0: 0x80009d64 (0x2a3f2023) sw      gp, 672(t5)
core   0: 3 0x80009d64 (0x2a3f2023) mem 0x80010000 0x00000001
core   0: 0x80009d68 (0xff9ff06f) j       pc - 0x8
core   0: 3 0x80009d68 (0xff9ff06f)
core   0: 0x80009d60 (0x00006f17) auipc   t5, 0x6
core   0: 3 0x80009d60 (0x00006f17) x30 0x8000fd60
core   0: 0x80009d64 (0x2a3f2023) sw      gp, 672(t5)
core   0: 3 0x80009d64 (0x2a3f2023) mem 0x80010000 0x00000001
core   0: 0x80009d68 (0xff9ff06f) j       pc - 0x8
core   0: 3 0x80009d68 (0xff9ff06f)
core   0: 0x80009d60 (0x00006f17) auipc   t5, 0x6
core   0: 3 0x80009d60 (0x00006f17) x30 0x8000fd60
core   0: 0x80009d64 (0x2a3f2023) sw      gp, 672(t5)
core   0: 3 0x80009d64 (0x2a3f2023) mem 0x80010000 0x00000001
core   0: 0x80009d68 (0xff9ff06f) j       pc - 0x8
core   0: 3 0x80009d68 (0xff9ff06f)
core   0: 0x80009d60 (0x00006f17) auipc   t5, 0x6
core   0: 3 0x80009d60 (0x00006f17) x30 0x8000fd60
core   0: 0x80009d64 (0x2a3f2023) sw      gp, 672(t5)
core   0: 3 0x80009d64 (0x2a3f2023) mem 0x80010000 0x00000001
core   0: 0x80009d68 (0xff9ff06f) j       pc - 0x8
core   0: 3 0x80009d68 (0xff9ff06f)
core   0: 0x80009d60 (0x00006f17) auipc   t5, 0x6
core   0: 3 0x80009d60 (0x00006f17) x30 0x8000fd60
core   0: 0x80009d64 (0x2a3f2023) sw      gp, 672(t5)
core   0: 3 0x80009d64 (0x2a3f2023) mem 0x80010000 0x00000001
core   0: 0x80009d68 (0xff9ff06f) j       pc - 0x8
core   0: 3 0x80009d68 (0xff9ff06f)
core   0: 0x80009d60 (0x00006f17) auipc   t5, 0x6
core   0: 3 0x80009d60 (0x00006f17) x30 0x8000fd60
core   0: 0x80009d64 (0x2a3f2023) sw      gp, 672(t5)
core   0: 3 0x80009d64 (0x2a3f2023) mem 0x80010000 0x00000001
core   0: 0x80009d68 (0xff9ff06f) j       pc - 0x8
core   0: 3 0x80009d68 (0xff9ff06f)
core   0: 0x80009d60 (0x00006f17) auipc   t5, 0x6
core   0: 3 0x80009d60 (0x00006f17) x30 0x8000fd60
core   0: 0x80009d64 (0x2a3f2023) sw      gp, 672(t5)
core   0: 3 0x80009d64 (0x2a3f2023) mem 0x80010000 0x00000001
core   0: 0x80009d68 (0xff9ff06f) j       pc - 0x8
core   0: 3 0x80009d68 (0xff9ff06f)
core   0: 0x80009d60 (0x00006f17) auipc   t5, 0x6
core   0: 3 0x80009d60 (0x00006f17) x30 0x8000fd60
core   0: 0x80009d64 (0x2a3f2023) sw      gp, 672(t5)
core   0: 3 0x80009d64 (0x2a3f2023) mem 0x80010000 0x00000001
core   0: 0x80009d68 (0xff9ff06f) j       pc - 0x8
core   0: 3 0x80009d68 (0xff9ff06f)
core   0: 0x80009d60 (0x00006f17) auipc   t5, 0x6
core   0: 3 0x80009d60 (0x00006f17) x30 0x8000fd60
core   0: 0x80009d64 (0x2a3f2023) sw      gp, 672(t5)
core   0: 3 0x80009d64 (0x2a3f2023) mem 0x80010000 0x00000001
core   0: 0x80009d68 (0xff9ff06f) j       pc - 0x8
core   0: 3 0x80009d68 (0xff9ff06f)
core   0: 0x80009d60 (0x00006f17) auipc   t5, 0x6
core   0: 3 0x80009d60 (0x00006f17) x30 0x8000fd60
core   0: 0x80009d64 (0x2a3f2023) sw      gp, 672(t5)
core   0: 3 0x80009d64 (0x2a3f2023) mem 0x80010000 0x00000001
core   0: 0x80009d68 (0xff9ff06f) j       pc - 0x8
core   0: 3 0x80009d68 (0xff9ff06f)
core   0: 0x80009d60 (0x00006f17) auipc   t5, 0x6
core   0: 3 0x80009d60 (0x00006f17) x30 0x8000fd60
core   0: 0x80009d64 (0x2a3f2023) sw      gp, 672(t5)
core   0: 3 0x80009d64 (0x2a3f2023) mem 0x80010000 0x00000001
core   0: 0x80009d68 (0xff9ff06f) j       pc - 0x8
core   0: 3 0x80009d68 (0xff9ff06f)
core   0: 0x80009d60 (0x00006f17) auipc   t5, 0x6
core   0: 3 0x80009d60 (0x00006f17) x30 0x8000fd60
core   0: 0x80009d64 (0x2a3f2023) sw      gp, 672(t5)
core   0: 3 0x80009d64 (0x2a3f2023) mem 0x80010000 0x00000001
core   0: 0x80009d68 (0xff9ff06f) j       pc - 0x8
core   0: 3 0x80009d68 (0xff9ff06f)
core   0: 0x80009d60 (0x00006f17) auipc   t5, 0x6
core   0: 3 0x80009d60 (0x00006f17) x30 0x8000fd60
core   0: 0x80009d64 (0x2a3f2023) sw      gp, 672(t5)
core   0: 3 0x80009d64 (0x2a3f2023) mem 0x80010000 0x00000001
core   0: 0x80009d68 (0xff9ff06f) j       pc - 0x8
core   0: 3 0x80009d68 (0xff9ff06f)
core   0: 0x80009d60 (0x00006f17) auipc   t5, 0x6
core   0: 3 0x80009d60 (0x00006f17) x30 0x8000fd60
core   0: 0x80009d64 (0x2a3f2023) sw      gp, 672(t5)
core   0: 3 0x80009d64 (0x2a3f2023) mem 0x80010000 0x00000001
core   0: 0x80009d68 (0xff9ff06f) j       pc - 0x8
core   0: 3 0x80009d68 (0xff9ff06f)
core   0: 0x80009d60 (0x00006f17) auipc   t5, 0x6
core   0: 3 0x80009d60 (0x00006f17) x30 0x8000fd60
core   0: 0x80009d64 (0x2a3f2023) sw      gp, 672(t5)
core   0: 3 0x80009d64 (0x2a3f2023) mem 0x80010000 0x00000001
core   0: 0x80009d68 (0xff9ff06f) j       pc - 0x8
core   0: 3 0x80009d68 (0xff9ff06f)
core   0: 0x80009d60 (0x00006f17) auipc   t5, 0x6
core   0: 3 0x80009d60 (0x00006f17) x30 0x8000fd60
core   0: 0x80009d64 (0x2a3f2023) sw      gp, 672(t5)
core   0: 3 0x80009d64 (0x2a3f2023) mem 0x80010000 0x00000001
core   0: 0x80009d68 (0xff9ff06f) j       pc - 0x8
core   0: 3 0x80009d68 (0xff9ff06f)
core   0: 0x80009d60 (0x00006f17) auipc   t5, 0x6
core   0: 3 0x80009d60 (0x00006f17) x30 0x8000fd60
core   0: 0x80009d64 (0x2a3f2023) sw      gp, 672(t5)
core   0: 3 0x80009d64 (0x2a3f2023) mem 0x80010000 0x00000001
core   0: 0x80009d68 (0xff9ff06f) j       pc - 0x8
core   0: 3 0x80009d68 (0xff9ff06f)
core   0: 0x80009d60 (0x00006f17) auipc   t5, 0x6
core   0: 3 0x80009d60 (0x00006f17) x30 0x8000fd60
core   0: 0x80009d64 (0x2a3f2023) sw      gp, 672(t5)
core   0: 3 0x80009d64 (0x2a3f2023) mem 0x80010000 0x00000001
core   0: 0x80009d68 (0xff9ff06f) j       pc - 0x8
core   0: 3 0x80009d68 (0xff9ff06f)
core   0: 0x80009d60 (0x00006f17) auipc   t5, 0x6
core   0: 3 0x80009d60 (0x00006f17) x30 0x8000fd60
core   0: 0x80009d64 (0x2a3f2023) sw      gp, 672(t5)
core   0: 3 0x80009d64 (0x2a3f2023) mem 0x80010000 0x00000001
core   0: 0x80009d68 (0xff9ff06f) j       pc - 0x8
core   0: 3 0x80009d68 (0xff9ff06f)
core   0: 0x80009d60 (0x00006f17) auipc   t5, 0x6
core   0: 3 0x80009d60 (0x00006f17) x30 0x8000fd60
core   0: 0x80009d64 (0x2a3f2023) sw      gp, 672(t5)
core   0: 3 0x80009d64 (0x2a3f2023) mem 0x80010000 0x00000001
core   0: 0x80009d68 (0xff9ff06f) j       pc - 0x8
core   0: 3 0x80009d68 (0xff9ff06f)
core   0: 0x80009d60 (0x00006f17) auipc   t5, 0x6
core   0: 3 0x80009d60 (0x00006f17) x30 0x8000fd60
core   0: 0x80009d64 (0x2a3f2023) sw      gp, 672(t5)
core   0: 3 0x80009d64 (0x2a3f2023) mem 0x80010000 0x00000001
core   0: 0x80009d68 (0xff9ff06f) j       pc - 0x8
core   0: 3 0x80009d68 (0xff9ff06f)
core   0: 0x80009d60 (0x00006f17) auipc   t5, 0x6
core   0: 3 0x80009d60 (0x00006f17) x30 0x8000fd60
core   0: 0x80009d64 (0x2a3f2023) sw      gp, 672(t5)
core   0: 3 0x80009d64 (0x2a3f2023) mem 0x80010000 0x00000001
core   0: 0x80009d68 (0xff9ff06f) j       pc - 0x8
core   0: 3 0x80009d68 (0xff9ff06f)
core   0: 0x80009d60 (0x00006f17) auipc   t5, 0x6
core   0: 3 0x80009d60 (0x00006f17) x30 0x8000fd60
core   0: 0x80009d64 (0x2a3f2023) sw      gp, 672(t5)
core   0: 3 0x80009d64 (0x2a3f2023) mem 0x80010000 0x00000001
core   0: 0x80009d68 (0xff9ff06f) j       pc - 0x8
core   0: 3 0x80009d68 (0xff9ff06f)
core   0: 0x80009d60 (0x00006f17) auipc   t5, 0x6
core   0: 3 0x80009d60 (0x00006f17) x30 0x8000fd60
core   0: 0x80009d64 (0x2a3f2023) sw      gp, 672(t5)
core   0: 3 0x80009d64 (0x2a3f2023) mem 0x80010000 0x00000001
core   0: 0x80009d68 (0xff9ff06f) j       pc - 0x8
core   0: 3 0x80009d68 (0xff9ff06f)
core   0: 0x80009d60 (0x00006f17) auipc   t5, 0x6
core   0: 3 0x80009d60 (0x00006f17) x30 0x8000fd60
core   0: 0x80009d64 (0x2a3f2023) sw      gp, 672(t5)
core   0: 3 0x80009d64 (0x2a3f2023) mem 0x80010000 0x00000001
core   0: 0x80009d68 (0xff9ff06f) j       pc - 0x8
core   0: 3 0x80009d68 (0xff9ff06f)
core   0: 0x80009d60 (0x00006f17) auipc   t5, 0x6
core   0: 3 0x80009d60 (0x00006f17) x30 0x8000fd60
core   0: 0x80009d64 (0x2a3f2023) sw      gp, 672(t5)
core   0: 3 0x80009d64 (0x2a3f2023) mem 0x80010000 0x00000001
core   0: 0x80009d68 (0xff9ff06f) j       pc - 0x8
core   0: 3 0x80009d68 (0xff9ff06f)
core   0: 0x80009d60 (0x00006f17) auipc   t5, 0x6
core   0: 3 0x80009d60 (0x00006f17) x30 0x8000fd60
core   0: 0x80009d64 (0x2a3f2023) sw      gp, 672(t5)
core   0: 3 0x80009d64 (0x2a3f2023) mem 0x80010000 0x00000001
core   0: 0x80009d68 (0xff9ff06f) j       pc - 0x8
core   0: 3 0x80009d68 (0xff9ff06f)
core   0: 0x80009d60 (0x00006f17) auipc   t5, 0x6
core   0: 3 0x80009d60 (0x00006f17) x30 0x8000fd60
core   0: 0x80009d64 (0x2a3f2023) sw      gp, 672(t5)
core   0: 3 0x80009d64 (0x2a3f2023) mem 0x80010000 0x00000001
core   0: 0x80009d68 (0xff9ff06f) j       pc - 0x8
core   0: 3 0x80009d68 (0xff9ff06f)
core   0: 0x80009d60 (0x00006f17) auipc   t5, 0x6
core   0: 3 0x80009d60 (0x00006f17) x30 0x8000fd60
core   0: 0x80009d64 (0x2a3f2023) sw      gp, 672(t5)
core   0: 3 0x80009d64 (0x2a3f2023) mem 0x80010000 0x00000001
core   0: 0x80009d68 (0xff9ff06f) j       pc - 0x8
core   0: 3 0x80009d68 (0xff9ff06f)
core   0: 0x80009d60 (0x00006f17) auipc   t5, 0x6
core   0: 3 0x80009d60 (0x00006f17) x30 0x8000fd60
core   0: 0x80009d64 (0x2a3f2023) sw      gp, 672(t5)
core   0: 3 0x80009d64 (0x2a3f2023) mem 0x80010000 0x00000001
core   0: 0x80009d68 (0xff9ff06f) j       pc - 0x8
core   0: 3 0x80009d68 (0xff9ff06f)
core   0: 0x80009d60 (0x00006f17) auipc   t5, 0x6
core   0: 3 0x80009d60 (0x00006f17) x30 0x8000fd60
core   0: 0x80009d64 (0x2a3f2023) sw      gp, 672(t5)
core   0: 3 0x80009d64 (0x2a3f2023) mem 0x80010000 0x00000001
core   0: 0x80009d68 (0xff9ff06f) j       pc - 0x8
core   0: 3 0x80009d68 (0xff9ff06f)
core   0: 0x80009d60 (0x00006f17) auipc   t5, 0x6
core   0: 3 0x80009d60 (0x00006f17) x30 0x8000fd60
core   0: 0x80009d64 (0x2a3f2023) sw      gp, 672(t5)
core   0: 3 0x80009d64 (0x2a3f2023) mem 0x80010000 0x00000001
core   0: 0x80009d68 (0xff9ff06f) j       pc - 0x8
core   0: 3 0x80009d68 (0xff9ff06f)
core   0: 0x80009d60 (0x00006f17) auipc   t5, 0x6
core   0: 3 0x80009d60 (0x00006f17) x30 0x8000fd60
core   0: 0x80009d64 (0x2a3f2023) sw      gp, 672(t5)
core   0: 3 0x80009d64 (0x2a3f2023) mem 0x80010000 0x00000001
core   0: 0x80009d68 (0xff9ff06f) j       pc - 0x8
core   0: 3 0x80009d68 (0xff9ff06f)
core   0: 0x80009d60 (0x00006f17) auipc   t5, 0x6
core   0: 3 0x80009d60 (0x00006f17) x30 0x8000fd60
core   0: 0x80009d64 (0x2a3f2023) sw      gp, 672(t5)
core   0: 3 0x80009d64 (0x2a3f2023) mem 0x80010000 0x00000001
core   0: 0x80009d68 (0xff9ff06f) j       pc - 0x8
core   0: 3 0x80009d68 (0xff9ff06f)
core   0: 0x80009d60 (0x00006f17) auipc   t5, 0x6
core   0: 3 0x80009d60 (0x00006f17) x30 0x8000fd60
core   0: 0x80009d64 (0x2a3f2023) sw      gp, 672(t5)
core   0: 3 0x80009d64 (0x2a3f2023) mem 0x80010000 0x00000001
core   0: 0x80009d68 (0xff9ff06f) j       pc - 0x8
core   0: 3 0x80009d68 (0xff9ff06f)
core   0: 0x80009d60 (0x00006f17) auipc   t5, 0x6
core   0: 3 0x80009d60 (0x00006f17) x30 0x8000fd60
core   0: 0x80009d64 (0x2a3f2023) sw      gp, 672(t5)
core   0: 3 0x80009d64 (0x2a3f2023) mem 0x80010000 0x00000001
core   0: 0x80009d68 (0xff9ff06f) j       pc - 0x8
core   0: 3 0x80009d68 (0xff9ff06f)
core   0: 0x80009d60 (0x00006f17) auipc   t5, 0x6
core   0: 3 0x80009d60 (0x00006f17) x30 0x8000fd60
core   0: 0x80009d64 (0x2a3f2023) sw      gp, 672(t5)
core   0: 3 0x80009d64 (0x2a3f2023) mem 0x80010000 0x00000001
core   0: 0x80009d68 (0xff9ff06f) j       pc - 0x8
core   0: 3 0x80009d68 (0xff9ff06f)
core   0: 0x80009d60 (0x00006f17) auipc   t5, 0x6
core   0: 3 0x80009d60 (0x00006f17) x30 0x8000fd60
core   0: 0x80009d64 (0x2a3f2023) sw      gp, 672(t5)
core   0: 3 0x80009d64 (0x2a3f2023) mem 0x80010000 0x00000001
core   0: 0x80009d68 (0xff9ff06f) j       pc - 0x8
core   0: 3 0x80009d68 (0xff9ff06f)
core   0: 0x80009d60 (0x00006f17) auipc   t5, 0x6
core   0: 3 0x80009d60 (0x00006f17) x30 0x8000fd60
core   0: 0x80009d64 (0x2a3f2023) sw      gp, 672(t5)
core   0: 3 0x80009d64 (0x2a3f2023) mem 0x80010000 0x00000001
core   0: 0x80009d68 (0xff9ff06f) j       pc - 0x8
core   0: 3 0x80009d68 (0xff9ff06f)
core   0: 0x80009d60 (0x00006f17) auipc   t5, 0x6
core   0: 3 0x80009d60 (0x00006f17) x30 0x8000fd60
core   0: 0x80009d64 (0x2a3f2023) sw      gp, 672(t5)
core   0: 3 0x80009d64 (0x2a3f2023) mem 0x80010000 0x00000001
core   0: 0x80009d68 (0xff9ff06f) j       pc - 0x8
core   0: 3 0x80009d68 (0xff9ff06f)
core   0: 0x80009d60 (0x00006f17) auipc   t5, 0x6
core   0: 3 0x80009d60 (0x00006f17) x30 0x8000fd60
core   0: 0x80009d64 (0x2a3f2023) sw      gp, 672(t5)
core   0: 3 0x80009d64 (0x2a3f2023) mem 0x80010000 0x00000001
core   0: 0x80009d68 (0xff9ff06f) j       pc - 0x8
core   0: 3 0x80009d68 (0xff9ff06f)
core   0: 0x80009d60 (0x00006f17) auipc   t5, 0x6
core   0: 3 0x80009d60 (0x00006f17) x30 0x8000fd60
core   0: 0x80009d64 (0x2a3f2023) sw      gp, 672(t5)
core   0: 3 0x80009d64 (0x2a3f2023) mem 0x80010000 0x00000001
core   0: 0x80009d68 (0xff9ff06f) j       pc - 0x8
core   0: 3 0x80009d68 (0xff9ff06f)
core   0: 0x80009d60 (0x00006f17) auipc   t5, 0x6
core   0: 3 0x80009d60 (0x00006f17) x30 0x8000fd60
core   0: 0x80009d64 (0x2a3f2023) sw      gp, 672(t5)
core   0: 3 0x80009d64 (0x2a3f2023) mem 0x80010000 0x00000001
core   0: 0x80009d68 (0xff9ff06f) j       pc - 0x8
core   0: 3 0x80009d68 (0xff9ff06f)
core   0: 0x80009d60 (0x00006f17) auipc   t5, 0x6
core   0: 3 0x80009d60 (0x00006f17) x30 0x8000fd60
core   0: 0x80009d64 (0x2a3f2023) sw      gp, 672(t5)
core   0: 3 0x80009d64 (0x2a3f2023) mem 0x80010000 0x00000001
core   0: 0x80009d68 (0xff9ff06f) j       pc - 0x8
core   0: 3 0x80009d68 (0xff9ff06f)
core   0: 0x80009d60 (0x00006f17) auipc   t5, 0x6
core   0: 3 0x80009d60 (0x00006f17) x30 0x8000fd60
core   0: 0x80009d64 (0x2a3f2023) sw      gp, 672(t5)
core   0: 3 0x80009d64 (0x2a3f2023) mem 0x80010000 0x00000001
core   0: 0x80009d68 (0xff9ff06f) j       pc - 0x8
core   0: 3 0x80009d68 (0xff9ff06f)
core   0: 0x80009d60 (0x00006f17) auipc   t5, 0x6
core   0: 3 0x80009d60 (0x00006f17) x30 0x8000fd60
core   0: 0x80009d64 (0x2a3f2023) sw      gp, 672(t5)
core   0: 3 0x80009d64 (0x2a3f2023) mem 0x80010000 0x00000001
core   0: 0x80009d68 (0xff9ff06f) j       pc - 0x8
core   0: 3 0x80009d68 (0xff9ff06f)
core   0: 0x80009d60 (0x00006f17) auipc   t5, 0x6
core   0: 3 0x80009d60 (0x00006f17) x30 0x8000fd60
core   0: 0x80009d64 (0x2a3f2023) sw      gp, 672(t5)
core   0: 3 0x80009d64 (0x2a3f2023) mem 0x80010000 0x00000001
core   0: 0x80009d68 (0xff9ff06f) j       pc - 0x8
core   0: 3 0x80009d68 (0xff9ff06f)
core   0: 0x80009d60 (0x00006f17) auipc   t5, 0x6
core   0: 3 0x80009d60 (0x00006f17) x30 0x8000fd60
core   0: 0x80009d64 (0x2a3f2023) sw      gp, 672(t5)
core   0: 3 0x80009d64 (0x2a3f2023) mem 0x80010000 0x00000001
core   0: 0x80009d68 (0xff9ff06f) j       pc - 0x8
core   0: 3 0x80009d68 (0xff9ff06f)
core   0: 0x80009d60 (0x00006f17) auipc   t5, 0x6
core   0: 3 0x80009d60 (0x00006f17) x30 0x8000fd60
core   0: 0x80009d64 (0x2a3f2023) sw      gp, 672(t5)
core   0: 3 0x80009d64 (0x2a3f2023) mem 0x80010000 0x00000001
core   0: 0x80009d68 (0xff9ff06f) j       pc - 0x8
core   0: 3 0x80009d68 (0xff9ff06f)
core   0: 0x80009d60 (0x00006f17) auipc   t5, 0x6
core   0: 3 0x80009d60 (0x00006f17) x30 0x8000fd60
core   0: 0x80009d64 (0x2a3f2023) sw      gp, 672(t5)
core   0: 3 0x80009d64 (0x2a3f2023) mem 0x80010000 0x00000001
core   0: 0x80009d68 (0xff9ff06f) j       pc - 0x8
core   0: 3 0x80009d68 (0xff9ff06f)
core   0: 0x80009d60 (0x00006f17) auipc   t5, 0x6
core   0: 3 0x80009d60 (0x00006f17) x30 0x8000fd60
core   0: 0x80009d64 (0x2a3f2023) sw      gp, 672(t5)
core   0: 3 0x80009d64 (0x2a3f2023) mem 0x80010000 0x00000001
core   0: 0x80009d68 (0xff9ff06f) j       pc - 0x8
core   0: 3 0x80009d68 (0xff9ff06f)
core   0: 0x80009d60 (0x00006f17) auipc   t5, 0x6
core   0: 3 0x80009d60 (0x00006f17) x30 0x8000fd60
core   0: 0x80009d64 (0x2a3f2023) sw      gp, 672(t5)
core   0: 3 0x80009d64 (0x2a3f2023) mem 0x80010000 0x00000001
core   0: 0x80009d68 (0xff9ff06f) j       pc - 0x8
core   0: 3 0x80009d68 (0xff9ff06f)
core   0: 0x80009d60 (0x00006f17) auipc   t5, 0x6
core   0: 3 0x80009d60 (0x00006f17) x30 0x8000fd60
core   0: 0x80009d64 (0x2a3f2023) sw      gp, 672(t5)
core   0: 3 0x80009d64 (0x2a3f2023) mem 0x80010000 0x00000001
core   0: 0x80009d68 (0xff9ff06f) j       pc - 0x8
core   0: 3 0x80009d68 (0xff9ff06f)
core   0: 0x80009d60 (0x00006f17) auipc   t5, 0x6
core   0: 3 0x80009d60 (0x00006f17) x30 0x8000fd60
core   0: 0x80009d64 (0x2a3f2023) sw      gp, 672(t5)
core   0: 3 0x80009d64 (0x2a3f2023) mem 0x80010000 0x00000001
core   0: 0x80009d68 (0xff9ff06f) j       pc - 0x8
core   0: 3 0x80009d68 (0xff9ff06f)
core   0: 0x80009d60 (0x00006f17) auipc   t5, 0x6
core   0: 3 0x80009d60 (0x00006f17) x30 0x8000fd60
core   0: 0x80009d64 (0x2a3f2023) sw      gp, 672(t5)
core   0: 3 0x80009d64 (0x2a3f2023) mem 0x80010000 0x00000001
core   0: 0x80009d68 (0xff9ff06f) j       pc - 0x8
core   0: 3 0x80009d68 (0xff9ff06f)
core   0: 0x80009d60 (0x00006f17) auipc   t5, 0x6
core   0: 3 0x80009d60 (0x00006f17) x30 0x8000fd60
core   0: 0x80009d64 (0x2a3f2023) sw      gp, 672(t5)
core   0: 3 0x80009d64 (0x2a3f2023) mem 0x80010000 0x00000001
core   0: 0x80009d68 (0xff9ff06f) j       pc - 0x8
core   0: 3 0x80009d68 (0xff9ff06f)
core   0: 0x80009d60 (0x00006f17) auipc   t5, 0x6
core   0: 3 0x80009d60 (0x00006f17) x30 0x8000fd60
core   0: 0x80009d64 (0x2a3f2023) sw      gp, 672(t5)
core   0: 3 0x80009d64 (0x2a3f2023) mem 0x80010000 0x00000001
core   0: 0x80009d68 (0xff9ff06f) j       pc - 0x8
core   0: 3 0x80009d68 (0xff9ff06f)
core   0: 0x80009d60 (0x00006f17) auipc   t5, 0x6
core   0: 3 0x80009d60 (0x00006f17) x30 0x8000fd60
core   0: 0x80009d64 (0x2a3f2023) sw      gp, 672(t5)
core   0: 3 0x80009d64 (0x2a3f2023) mem 0x80010000 0x00000001
core   0: 0x80009d68 (0xff9ff06f) j       pc - 0x8
core   0: 3 0x80009d68 (0xff9ff06f)
core   0: 0x80009d60 (0x00006f17) auipc   t5, 0x6
core   0: 3 0x80009d60 (0x00006f17) x30 0x8000fd60
core   0: 0x80009d64 (0x2a3f2023) sw      gp, 672(t5)
core   0: 3 0x80009d64 (0x2a3f2023) mem 0x80010000 0x00000001
core   0: 0x80009d68 (0xff9ff06f) j       pc - 0x8
core   0: 3 0x80009d68 (0xff9ff06f)
core   0: 0x80009d60 (0x00006f17) auipc   t5, 0x6
core   0: 3 0x80009d60 (0x00006f17) x30 0x8000fd60
core   0: 0x80009d64 (0x2a3f2023) sw      gp, 672(t5)
core   0: 3 0x80009d64 (0x2a3f2023) mem 0x80010000 0x00000001
core   0: 0x80009d68 (0xff9ff06f) j       pc - 0x8
core   0: 3 0x80009d68 (0xff9ff06f)
core   0: 0x80009d60 (0x00006f17) auipc   t5, 0x6
core   0: 3 0x80009d60 (0x00006f17) x30 0x8000fd60
core   0: 0x80009d64 (0x2a3f2023) sw      gp, 672(t5)
core   0: 3 0x80009d64 (0x2a3f2023) mem 0x80010000 0x00000001
core   0: 0x80009d68 (0xff9ff06f) j       pc - 0x8
core   0: 3 0x80009d68 (0xff9ff06f)
core   0: 0x80009d60 (0x00006f17) auipc   t5, 0x6
core   0: 3 0x80009d60 (0x00006f17) x30 0x8000fd60
core   0: 0x80009d64 (0x2a3f2023) sw      gp, 672(t5)
core   0: 3 0x80009d64 (0x2a3f2023) mem 0x80010000 0x00000001
core   0: 0x80009d68 (0xff9ff06f) j       pc - 0x8
core   0: 3 0x80009d68 (0xff9ff06f)
core   0: 0x80009d60 (0x00006f17) auipc   t5, 0x6
core   0: 3 0x80009d60 (0x00006f17) x30 0x8000fd60
core   0: 0x80009d64 (0x2a3f2023) sw      gp, 672(t5)
core   0: 3 0x80009d64 (0x2a3f2023) mem 0x80010000 0x00000001
core   0: 0x80009d68 (0xff9ff06f) j       pc - 0x8
core   0: 3 0x80009d68 (0xff9ff06f)
core   0: 0x80009d60 (0x00006f17) auipc   t5, 0x6
core   0: 3 0x80009d60 (0x00006f17) x30 0x8000fd60
core   0: 0x80009d64 (0x2a3f2023) sw      gp, 672(t5)
core   0: 3 0x80009d64 (0x2a3f2023) mem 0x80010000 0x00000001
core   0: 0x80009d68 (0xff9ff06f) j       pc - 0x8
core   0: 3 0x80009d68 (0xff9ff06f)
core   0: 0x80009d60 (0x00006f17) auipc   t5, 0x6
core   0: 3 0x80009d60 (0x00006f17) x30 0x8000fd60
core   0: 0x80009d64 (0x2a3f2023) sw      gp, 672(t5)
core   0: 3 0x80009d64 (0x2a3f2023) mem 0x80010000 0x00000001
core   0: 0x80009d68 (0xff9ff06f) j       pc - 0x8
core   0: 3 0x80009d68 (0xff9ff06f)
core   0: 0x80009d60 (0x00006f17) auipc   t5, 0x6
core   0: 3 0x80009d60 (0x00006f17) x30 0x8000fd60
core   0: 0x80009d64 (0x2a3f2023) sw      gp, 672(t5)
core   0: 3 0x80009d64 (0x2a3f2023) mem 0x80010000 0x00000001
core   0: 0x80009d68 (0xff9ff06f) j       pc - 0x8
core   0: 3 0x80009d68 (0xff9ff06f)
core   0: 0x80009d60 (0x00006f17) auipc   t5, 0x6
core   0: 3 0x80009d60 (0x00006f17) x30 0x8000fd60
core   0: 0x80009d64 (0x2a3f2023) sw      gp, 672(t5)
core   0: 3 0x80009d64 (0x2a3f2023) mem 0x80010000 0x00000001
core   0: 0x80009d68 (0xff9ff06f) j       pc - 0x8
core   0: 3 0x80009d68 (0xff9ff06f)
core   0: 0x80009d60 (0x00006f17) auipc   t5, 0x6
core   0: 3 0x80009d60 (0x00006f17) x30 0x8000fd60
core   0: 0x80009d64 (0x2a3f2023) sw      gp, 672(t5)
core   0: 3 0x80009d64 (0x2a3f2023) mem 0x80010000 0x00000001
core   0: 0x80009d68 (0xff9ff06f) j       pc - 0x8
core   0: 3 0x80009d68 (0xff9ff06f)
core   0: 0x80009d60 (0x00006f17) auipc   t5, 0x6
core   0: 3 0x80009d60 (0x00006f17) x30 0x8000fd60
core   0: 0x80009d64 (0x2a3f2023) sw      gp, 672(t5)
core   0: 3 0x80009d64 (0x2a3f2023) mem 0x80010000 0x00000001
core   0: 0x80009d68 (0xff9ff06f) j       pc - 0x8
core   0: 3 0x80009d68 (0xff9ff06f)
core   0: 0x80009d60 (0x00006f17) auipc   t5, 0x6
core   0: 3 0x80009d60 (0x00006f17) x30 0x8000fd60
core   0: 0x80009d64 (0x2a3f2023) sw      gp, 672(t5)
core   0: 3 0x80009d64 (0x2a3f2023) mem 0x80010000 0x00000001
core   0: 0x80009d68 (0xff9ff06f) j       pc - 0x8
core   0: 3 0x80009d68 (0xff9ff06f)
core   0: 0x80009d60 (0x00006f17) auipc   t5, 0x6
core   0: 3 0x80009d60 (0x00006f17) x30 0x8000fd60
core   0: 0x80009d64 (0x2a3f2023) sw      gp, 672(t5)
core   0: 3 0x80009d64 (0x2a3f2023) mem 0x80010000 0x00000001
core   0: 0x80009d68 (0xff9ff06f) j       pc - 0x8
core   0: 3 0x80009d68 (0xff9ff06f)
core   0: 0x80009d60 (0x00006f17) auipc   t5, 0x6
core   0: 3 0x80009d60 (0x00006f17) x30 0x8000fd60
core   0: 0x80009d64 (0x2a3f2023) sw      gp, 672(t5)
core   0: 3 0x80009d64 (0x2a3f2023) mem 0x80010000 0x00000001
core   0: 0x80009d68 (0xff9ff06f) j       pc - 0x8
core   0: 3 0x80009d68 (0xff9ff06f)
core   0: 0x80009d60 (0x00006f17) auipc   t5, 0x6
core   0: 3 0x80009d60 (0x00006f17) x30 0x8000fd60
core   0: 0x80009d64 (0x2a3f2023) sw      gp, 672(t5)
core   0: 3 0x80009d64 (0x2a3f2023) mem 0x80010000 0x00000001
core   0: 0x80009d68 (0xff9ff06f) j       pc - 0x8
core   0: 3 0x80009d68 (0xff9ff06f)
core   0: 0x80009d60 (0x00006f17) auipc   t5, 0x6
core   0: 3 0x80009d60 (0x00006f17) x30 0x8000fd60
core   0: 0x80009d64 (0x2a3f2023) sw      gp, 672(t5)
core   0: 3 0x80009d64 (0x2a3f2023) mem 0x80010000 0x00000001
core   0: 0x80009d68 (0xff9ff06f) j       pc - 0x8
core   0: 3 0x80009d68 (0xff9ff06f)
core   0: 0x80009d60 (0x00006f17) auipc   t5, 0x6
core   0: 3 0x80009d60 (0x00006f17) x30 0x8000fd60
core   0: 0x80009d64 (0x2a3f2023) sw      gp, 672(t5)
core   0: 3 0x80009d64 (0x2a3f2023) mem 0x80010000 0x00000001
core   0: 0x80009d68 (0xff9ff06f) j       pc - 0x8
core   0: 3 0x80009d68 (0xff9ff06f)
core   0: 0x80009d60 (0x00006f17) auipc   t5, 0x6
core   0: 3 0x80009d60 (0x00006f17) x30 0x8000fd60
core   0: 0x80009d64 (0x2a3f2023) sw      gp, 672(t5)
core   0: 3 0x80009d64 (0x2a3f2023) mem 0x80010000 0x00000001
core   0: 0x80009d68 (0xff9ff06f) j       pc - 0x8
core   0: 3 0x80009d68 (0xff9ff06f)
core   0: 0x80009d60 (0x00006f17) auipc   t5, 0x6
core   0: 3 0x80009d60 (0x00006f17) x30 0x8000fd60
core   0: 0x80009d64 (0x2a3f2023) sw      gp, 672(t5)
core   0: 3 0x80009d64 (0x2a3f2023) mem 0x80010000 0x00000001
core   0: 0x80009d68 (0xff9ff06f) j       pc - 0x8
core   0: 3 0x80009d68 (0xff9ff06f)
core   0: 0x80009d60 (0x00006f17) auipc   t5, 0x6
core   0: 3 0x80009d60 (0x00006f17) x30 0x8000fd60
core   0: 0x80009d64 (0x2a3f2023) sw      gp, 672(t5)
core   0: 3 0x80009d64 (0x2a3f2023) mem 0x80010000 0x00000001
core   0: 0x80009d68 (0xff9ff06f) j       pc - 0x8
core   0: 3 0x80009d68 (0xff9ff06f)
core   0: 0x80009d60 (0x00006f17) auipc   t5, 0x6
core   0: 3 0x80009d60 (0x00006f17) x30 0x8000fd60
core   0: 0x80009d64 (0x2a3f2023) sw      gp, 672(t5)
core   0: 3 0x80009d64 (0x2a3f2023) mem 0x80010000 0x00000001
core   0: 0x80009d68 (0xff9ff06f) j       pc - 0x8
core   0: 3 0x80009d68 (0xff9ff06f)
core   0: 0x80009d60 (0x00006f17) auipc   t5, 0x6
core   0: 3 0x80009d60 (0x00006f17) x30 0x8000fd60
core   0: 0x80009d64 (0x2a3f2023) sw      gp, 672(t5)
core   0: 3 0x80009d64 (0x2a3f2023) mem 0x80010000 0x00000001
core   0: 0x80009d68 (0xff9ff06f) j       pc - 0x8
core   0: 3 0x80009d68 (0xff9ff06f)
core   0: 0x80009d60 (0x00006f17) auipc   t5, 0x6
core   0: 3 0x80009d60 (0x00006f17) x30 0x8000fd60
core   0: 0x80009d64 (0x2a3f2023) sw      gp, 672(t5)
core   0: 3 0x80009d64 (0x2a3f2023) mem 0x80010000 0x00000001
core   0: 0x80009d68 (0xff9ff06f) j       pc - 0x8
core   0: 3 0x80009d68 (0xff9ff06f)
core   0: 0x80009d60 (0x00006f17) auipc   t5, 0x6
core   0: 3 0x80009d60 (0x00006f17) x30 0x8000fd60
core   0: 0x80009d64 (0x2a3f2023) sw      gp, 672(t5)
core   0: 3 0x80009d64 (0x2a3f2023) mem 0x80010000 0x00000001
core   0: 0x80009d68 (0xff9ff06f) j       pc - 0x8
core   0: 3 0x80009d68 (0xff9ff06f)
core   0: 0x80009d60 (0x00006f17) auipc   t5, 0x6
core   0: 3 0x80009d60 (0x00006f17) x30 0x8000fd60
core   0: 0x80009d64 (0x2a3f2023) sw      gp, 672(t5)
core   0: 3 0x80009d64 (0x2a3f2023) mem 0x80010000 0x00000001
core   0: 0x80009d68 (0xff9ff06f) j       pc - 0x8
core   0: 3 0x80009d68 (0xff9ff06f)
core   0: 0x80009d60 (0x00006f17) auipc   t5, 0x6
core   0: 3 0x80009d60 (0x00006f17) x30 0x8000fd60
core   0: 0x80009d64 (0x2a3f2023) sw      gp, 672(t5)
core   0: 3 0x80009d64 (0x2a3f2023) mem 0x80010000 0x00000001
core   0: 0x80009d68 (0xff9ff06f) j       pc - 0x8
core   0: 3 0x80009d68 (0xff9ff06f)
core   0: 0x80009d60 (0x00006f17) auipc   t5, 0x6
core   0: 3 0x80009d60 (0x00006f17) x30 0x8000fd60
core   0: 0x80009d64 (0x2a3f2023) sw      gp, 672(t5)
core   0: 3 0x80009d64 (0x2a3f2023) mem 0x80010000 0x00000001
core   0: 0x80009d68 (0xff9ff06f) j       pc - 0x8
core   0: 3 0x80009d68 (0xff9ff06f)
core   0: 0x80009d60 (0x00006f17) auipc   t5, 0x6
core   0: 3 0x80009d60 (0x00006f17) x30 0x8000fd60
core   0: 0x80009d64 (0x2a3f2023) sw      gp, 672(t5)
core   0: 3 0x80009d64 (0x2a3f2023) mem 0x80010000 0x00000001
core   0: 0x80009d68 (0xff9ff06f) j       pc - 0x8
core   0: 3 0x80009d68 (0xff9ff06f)
core   0: 0x80009d60 (0x00006f17) auipc   t5, 0x6
core   0: 3 0x80009d60 (0x00006f17) x30 0x8000fd60
core   0: 0x80009d64 (0x2a3f2023) sw      gp, 672(t5)
core   0: 3 0x80009d64 (0x2a3f2023) mem 0x80010000 0x00000001
core   0: 0x80009d68 (0xff9ff06f) j       pc - 0x8
core   0: 3 0x80009d68 (0xff9ff06f)
core   0: 0x80009d60 (0x00006f17) auipc   t5, 0x6
core   0: 3 0x80009d60 (0x00006f17) x30 0x8000fd60
core   0: 0x80009d64 (0x2a3f2023) sw      gp, 672(t5)
core   0: 3 0x80009d64 (0x2a3f2023) mem 0x80010000 0x00000001
core   0: 0x80009d68 (0xff9ff06f) j       pc - 0x8
core   0: 3 0x80009d68 (0xff9ff06f)
core   0: 0x80009d60 (0x00006f17) auipc   t5, 0x6
core   0: 3 0x80009d60 (0x00006f17) x30 0x8000fd60
core   0: 0x80009d64 (0x2a3f2023) sw      gp, 672(t5)
core   0: 3 0x80009d64 (0x2a3f2023) mem 0x80010000 0x00000001
core   0: 0x80009d68 (0xff9ff06f) j       pc - 0x8
core   0: 3 0x80009d68 (0xff9ff06f)
core   0: 0x80009d60 (0x00006f17) auipc   t5, 0x6
core   0: 3 0x80009d60 (0x00006f17) x30 0x8000fd60
core   0: 0x80009d64 (0x2a3f2023) sw      gp, 672(t5)
core   0: 3 0x80009d64 (0x2a3f2023) mem 0x80010000 0x00000001
core   0: 0x80009d68 (0xff9ff06f) j       pc - 0x8
core   0: 3 0x80009d68 (0xff9ff06f)
core   0: 0x80009d60 (0x00006f17) auipc   t5, 0x6
core   0: 3 0x80009d60 (0x00006f17) x30 0x8000fd60
core   0: 0x80009d64 (0x2a3f2023) sw      gp, 672(t5)
core   0: 3 0x80009d64 (0x2a3f2023) mem 0x80010000 0x00000001
core   0: 0x80009d68 (0xff9ff06f) j       pc - 0x8
core   0: 3 0x80009d68 (0xff9ff06f)
core   0: 0x80009d60 (0x00006f17) auipc   t5, 0x6
core   0: 3 0x80009d60 (0x00006f17) x30 0x8000fd60
core   0: 0x80009d64 (0x2a3f2023) sw      gp, 672(t5)
core   0: 3 0x80009d64 (0x2a3f2023) mem 0x80010000 0x00000001
core   0: 0x80009d68 (0xff9ff06f) j       pc - 0x8
core   0: 3 0x80009d68 (0xff9ff06f)
core   0: 0x80009d60 (0x00006f17) auipc   t5, 0x6
core   0: 3 0x80009d60 (0x00006f17) x30 0x8000fd60
core   0: 0x80009d64 (0x2a3f2023) sw      gp, 672(t5)
core   0: 3 0x80009d64 (0x2a3f2023) mem 0x80010000 0x00000001
core   0: 0x80009d68 (0xff9ff06f) j       pc - 0x8
core   0: 3 0x80009d68 (0xff9ff06f)
core   0: 0x80009d60 (0x00006f17) auipc   t5, 0x6
core   0: 3 0x80009d60 (0x00006f17) x30 0x8000fd60
core   0: 0x80009d64 (0x2a3f2023) sw      gp, 672(t5)
core   0: 3 0x80009d64 (0x2a3f2023) mem 0x80010000 0x00000001
core   0: 0x80009d68 (0xff9ff06f) j       pc - 0x8
core   0: 3 0x80009d68 (0xff9ff06f)
core   0: 0x80009d60 (0x00006f17) auipc   t5, 0x6
core   0: 3 0x80009d60 (0x00006f17) x30 0x8000fd60
core   0: 0x80009d64 (0x2a3f2023) sw      gp, 672(t5)
core   0: 3 0x80009d64 (0x2a3f2023) mem 0x80010000 0x00000001
core   0: 0x80009d68 (0xff9ff06f) j       pc - 0x8
core   0: 3 0x80009d68 (0xff9ff06f)
core   0: 0x80009d60 (0x00006f17) auipc   t5, 0x6
core   0: 3 0x80009d60 (0x00006f17) x30 0x8000fd60
core   0: 0x80009d64 (0x2a3f2023) sw      gp, 672(t5)
core   0: 3 0x80009d64 (0x2a3f2023) mem 0x80010000 0x00000001
core   0: 0x80009d68 (0xff9ff06f) j       pc - 0x8
core   0: 3 0x80009d68 (0xff9ff06f)
core   0: 0x80009d60 (0x00006f17) auipc   t5, 0x6
core   0: 3 0x80009d60 (0x00006f17) x30 0x8000fd60
core   0: 0x80009d64 (0x2a3f2023) sw      gp, 672(t5)
core   0: 3 0x80009d64 (0x2a3f2023) mem 0x80010000 0x00000001
core   0: 0x80009d68 (0xff9ff06f) j       pc - 0x8
core   0: 3 0x80009d68 (0xff9ff06f)
core   0: 0x80009d60 (0x00006f17) auipc   t5, 0x6
core   0: 3 0x80009d60 (0x00006f17) x30 0x8000fd60
core   0: 0x80009d64 (0x2a3f2023) sw      gp, 672(t5)
core   0: 3 0x80009d64 (0x2a3f2023) mem 0x80010000 0x00000001
core   0: 0x80009d68 (0xff9ff06f) j       pc - 0x8
core   0: 3 0x80009d68 (0xff9ff06f)
core   0: 0x80009d60 (0x00006f17) auipc   t5, 0x6
core   0: 3 0x80009d60 (0x00006f17) x30 0x8000fd60
core   0: 0x80009d64 (0x2a3f2023) sw      gp, 672(t5)
core   0: 3 0x80009d64 (0x2a3f2023) mem 0x80010000 0x00000001
core   0: 0x80009d68 (0xff9ff06f) j       pc - 0x8
core   0: 3 0x80009d68 (0xff9ff06f)
core   0: 0x80009d60 (0x00006f17) auipc   t5, 0x6
core   0: 3 0x80009d60 (0x00006f17) x30 0x8000fd60
core   0: 0x80009d64 (0x2a3f2023) sw      gp, 672(t5)
core   0: 3 0x80009d64 (0x2a3f2023) mem 0x80010000 0x00000001
core   0: 0x80009d68 (0xff9ff06f) j       pc - 0x8
core   0: 3 0x80009d68 (0xff9ff06f)
core   0: 0x80009d60 (0x00006f17) auipc   t5, 0x6
core   0: 3 0x80009d60 (0x00006f17) x30 0x8000fd60
core   0: 0x80009d64 (0x2a3f2023) sw      gp, 672(t5)
core   0: 3 0x80009d64 (0x2a3f2023) mem 0x80010000 0x00000001
core   0: 0x80009d68 (0xff9ff06f) j       pc - 0x8
core   0: 3 0x80009d68 (0xff9ff06f)
core   0: 0x80009d60 (0x00006f17) auipc   t5, 0x6
core   0: 3 0x80009d60 (0x00006f17) x30 0x8000fd60
core   0: 0x80009d64 (0x2a3f2023) sw      gp, 672(t5)
core   0: 3 0x80009d64 (0x2a3f2023) mem 0x80010000 0x00000001
core   0: 0x80009d68 (0xff9ff06f) j       pc - 0x8
core   0: 3 0x80009d68 (0xff9ff06f)
core   0: 0x80009d60 (0x00006f17) auipc   t5, 0x6
core   0: 3 0x80009d60 (0x00006f17) x30 0x8000fd60
core   0: 0x80009d64 (0x2a3f2023) sw      gp, 672(t5)
core   0: 3 0x80009d64 (0x2a3f2023) mem 0x80010000 0x00000001
core   0: 0x80009d68 (0xff9ff06f) j       pc - 0x8
core   0: 3 0x80009d68 (0xff9ff06f)
core   0: 0x80009d60 (0x00006f17) auipc   t5, 0x6
core   0: 3 0x80009d60 (0x00006f17) x30 0x8000fd60
core   0: 0x80009d64 (0x2a3f2023) sw      gp, 672(t5)
core   0: 3 0x80009d64 (0x2a3f2023) mem 0x80010000 0x00000001
core   0: 0x80009d68 (0xff9ff06f) j       pc - 0x8
core   0: 3 0x80009d68 (0xff9ff06f)
core   0: 0x80009d60 (0x00006f17) auipc   t5, 0x6
core   0: 3 0x80009d60 (0x00006f17) x30 0x8000fd60
core   0: 0x80009d64 (0x2a3f2023) sw      gp, 672(t5)
core   0: 3 0x80009d64 (0x2a3f2023) mem 0x80010000 0x00000001
core   0: 0x80009d68 (0xff9ff06f) j       pc - 0x8
core   0: 3 0x80009d68 (0xff9ff06f)
core   0: 0x80009d60 (0x00006f17) auipc   t5, 0x6
core   0: 3 0x80009d60 (0x00006f17) x30 0x8000fd60
core   0: 0x80009d64 (0x2a3f2023) sw      gp, 672(t5)
core   0: 3 0x80009d64 (0x2a3f2023) mem 0x80010000 0x00000001
core   0: 0x80009d68 (0xff9ff06f) j       pc - 0x8
core   0: 3 0x80009d68 (0xff9ff06f)
core   0: 0x80009d60 (0x00006f17) auipc   t5, 0x6
core   0: 3 0x80009d60 (0x00006f17) x30 0x8000fd60
core   0: 0x80009d64 (0x2a3f2023) sw      gp, 672(t5)
core   0: 3 0x80009d64 (0x2a3f2023) mem 0x80010000 0x00000001
core   0: 0x80009d68 (0xff9ff06f) j       pc - 0x8
core   0: 3 0x80009d68 (0xff9ff06f)
core   0: 0x80009d60 (0x00006f17) auipc   t5, 0x6
core   0: 3 0x80009d60 (0x00006f17) x30 0x8000fd60
core   0: 0x80009d64 (0x2a3f2023) sw      gp, 672(t5)
core   0: 3 0x80009d64 (0x2a3f2023) mem 0x80010000 0x00000001
core   0: 0x80009d68 (0xff9ff06f) j       pc - 0x8
core   0: 3 0x80009d68 (0xff9ff06f)
core   0: 0x80009d60 (0x00006f17) auipc   t5, 0x6
core   0: 3 0x80009d60 (0x00006f17) x30 0x8000fd60
core   0: 0x80009d64 (0x2a3f2023) sw      gp, 672(t5)
core   0: 3 0x80009d64 (0x2a3f2023) mem 0x80010000 0x00000001
core   0: 0x80009d68 (0xff9ff06f) j       pc - 0x8
core   0: 3 0x80009d68 (0xff9ff06f)
core   0: 0x80009d60 (0x00006f17) auipc   t5, 0x6
core   0: 3 0x80009d60 (0x00006f17) x30 0x8000fd60
core   0: 0x80009d64 (0x2a3f2023) sw      gp, 672(t5)
core   0: 3 0x80009d64 (0x2a3f2023) mem 0x80010000 0x00000001
core   0: 0x80009d68 (0xff9ff06f) j       pc - 0x8
core   0: 3 0x80009d68 (0xff9ff06f)
core   0: 0x80009d60 (0x00006f17) auipc   t5, 0x6
core   0: 3 0x80009d60 (0x00006f17) x30 0x8000fd60
core   0: 0x80009d64 (0x2a3f2023) sw      gp, 672(t5)
core   0: 3 0x80009d64 (0x2a3f2023) mem 0x80010000 0x00000001
core   0: 0x80009d68 (0xff9ff06f) j       pc - 0x8
core   0: 3 0x80009d68 (0xff9ff06f)
core   0: 0x80009d60 (0x00006f17) auipc   t5, 0x6
core   0: 3 0x80009d60 (0x00006f17) x30 0x8000fd60
core   0: 0x80009d64 (0x2a3f2023) sw      gp, 672(t5)
core   0: 3 0x80009d64 (0x2a3f2023) mem 0x80010000 0x00000001
core   0: 0x80009d68 (0xff9ff06f) j       pc - 0x8
core   0: 3 0x80009d68 (0xff9ff06f)
core   0: 0x80009d60 (0x00006f17) auipc   t5, 0x6
core   0: 3 0x80009d60 (0x00006f17) x30 0x8000fd60
core   0: 0x80009d64 (0x2a3f2023) sw      gp, 672(t5)
core   0: 3 0x80009d64 (0x2a3f2023) mem 0x80010000 0x00000001
core   0: 0x80009d68 (0xff9ff06f) j       pc - 0x8
core   0: 3 0x80009d68 (0xff9ff06f)
core   0: 0x80009d60 (0x00006f17) auipc   t5, 0x6
core   0: 3 0x80009d60 (0x00006f17) x30 0x8000fd60
core   0: 0x80009d64 (0x2a3f2023) sw      gp, 672(t5)
core   0: 3 0x80009d64 (0x2a3f2023) mem 0x80010000 0x00000001
core   0: 0x80009d68 (0xff9ff06f) j       pc - 0x8
core   0: 3 0x80009d68 (0xff9ff06f)
core   0: 0x80009d60 (0x00006f17) auipc   t5, 0x6
core   0: 3 0x80009d60 (0x00006f17) x30 0x8000fd60
core   0: 0x80009d64 (0x2a3f2023) sw      gp, 672(t5)
core   0: 3 0x80009d64 (0x2a3f2023) mem 0x80010000 0x00000001
core   0: 0x80009d68 (0xff9ff06f) j       pc - 0x8
core   0: 3 0x80009d68 (0xff9ff06f)
core   0: 0x80009d60 (0x00006f17) auipc   t5, 0x6
core   0: 3 0x80009d60 (0x00006f17) x30 0x8000fd60
core   0: 0x80009d64 (0x2a3f2023) sw      gp, 672(t5)
core   0: 3 0x80009d64 (0x2a3f2023) mem 0x80010000 0x00000001
core   0: 0x80009d68 (0xff9ff06f) j       pc - 0x8
core   0: 3 0x80009d68 (0xff9ff06f)
core   0: 0x80009d60 (0x00006f17) auipc   t5, 0x6
core   0: 3 0x80009d60 (0x00006f17) x30 0x8000fd60
core   0: 0x80009d64 (0x2a3f2023) sw      gp, 672(t5)
core   0: 3 0x80009d64 (0x2a3f2023) mem 0x80010000 0x00000001
core   0: 0x80009d68 (0xff9ff06f) j       pc - 0x8
core   0: 3 0x80009d68 (0xff9ff06f)
core   0: 0x80009d60 (0x00006f17) auipc   t5, 0x6
core   0: 3 0x80009d60 (0x00006f17) x30 0x8000fd60
core   0: 0x80009d64 (0x2a3f2023) sw      gp, 672(t5)
core   0: 3 0x80009d64 (0x2a3f2023) mem 0x80010000 0x00000001
core   0: 0x80009d68 (0xff9ff06f) j       pc - 0x8
core   0: 3 0x80009d68 (0xff9ff06f)
core   0: 0x80009d60 (0x00006f17) auipc   t5, 0x6
core   0: 3 0x80009d60 (0x00006f17) x30 0x8000fd60
core   0: 0x80009d64 (0x2a3f2023) sw      gp, 672(t5)
core   0: 3 0x80009d64 (0x2a3f2023) mem 0x80010000 0x00000001
core   0: 0x80009d68 (0xff9ff06f) j       pc - 0x8
core   0: 3 0x80009d68 (0xff9ff06f)
core   0: 0x80009d60 (0x00006f17) auipc   t5, 0x6
core   0: 3 0x80009d60 (0x00006f17) x30 0x8000fd60
core   0: 0x80009d64 (0x2a3f2023) sw      gp, 672(t5)
core   0: 3 0x80009d64 (0x2a3f2023) mem 0x80010000 0x00000001
core   0: 0x80009d68 (0xff9ff06f) j       pc - 0x8
core   0: 3 0x80009d68 (0xff9ff06f)
core   0: 0x80009d60 (0x00006f17) auipc   t5, 0x6
core   0: 3 0x80009d60 (0x00006f17) x30 0x8000fd60
core   0: 0x80009d64 (0x2a3f2023) sw      gp, 672(t5)
core   0: 3 0x80009d64 (0x2a3f2023) mem 0x80010000 0x00000001
core   0: 0x80009d68 (0xff9ff06f) j       pc - 0x8
core   0: 3 0x80009d68 (0xff9ff06f)
core   0: 0x80009d60 (0x00006f17) auipc   t5, 0x6
core   0: 3 0x80009d60 (0x00006f17) x30 0x8000fd60
core   0: 0x80009d64 (0x2a3f2023) sw      gp, 672(t5)
core   0: 3 0x80009d64 (0x2a3f2023) mem 0x80010000 0x00000001
core   0: 0x80009d68 (0xff9ff06f) j       pc - 0x8
core   0: 3 0x80009d68 (0xff9ff06f)
core   0: 0x80009d60 (0x00006f17) auipc   t5, 0x6
core   0: 3 0x80009d60 (0x00006f17) x30 0x8000fd60
core   0: 0x80009d64 (0x2a3f2023) sw      gp, 672(t5)
core   0: 3 0x80009d64 (0x2a3f2023) mem 0x80010000 0x00000001
core   0: 0x80009d68 (0xff9ff06f) j       pc - 0x8
core   0: 3 0x80009d68 (0xff9ff06f)
core   0: 0x80009d60 (0x00006f17) auipc   t5, 0x6
core   0: 3 0x80009d60 (0x00006f17) x30 0x8000fd60
core   0: 0x80009d64 (0x2a3f2023) sw      gp, 672(t5)
core   0: 3 0x80009d64 (0x2a3f2023) mem 0x80010000 0x00000001
core   0: 0x80009d68 (0xff9ff06f) j       pc - 0x8
core   0: 3 0x80009d68 (0xff9ff06f)
core   0: 0x80009d60 (0x00006f17) auipc   t5, 0x6
core   0: 3 0x80009d60 (0x00006f17) x30 0x8000fd60
core   0: 0x80009d64 (0x2a3f2023) sw      gp, 672(t5)
core   0: 3 0x80009d64 (0x2a3f2023) mem 0x80010000 0x00000001
core   0: 0x80009d68 (0xff9ff06f) j       pc - 0x8
core   0: 3 0x80009d68 (0xff9ff06f)
core   0: 0x80009d60 (0x00006f17) auipc   t5, 0x6
core   0: 3 0x80009d60 (0x00006f17) x30 0x8000fd60
core   0: 0x80009d64 (0x2a3f2023) sw      gp, 672(t5)
core   0: 3 0x80009d64 (0x2a3f2023) mem 0x80010000 0x00000001
core   0: 0x80009d68 (0xff9ff06f) j       pc - 0x8
core   0: 3 0x80009d68 (0xff9ff06f)
core   0: 0x80009d60 (0x00006f17) auipc   t5, 0x6
core   0: 3 0x80009d60 (0x00006f17) x30 0x8000fd60
core   0: 0x80009d64 (0x2a3f2023) sw      gp, 672(t5)
core   0: 3 0x80009d64 (0x2a3f2023) mem 0x80010000 0x00000001
core   0: 0x80009d68 (0xff9ff06f) j       pc - 0x8
core   0: 3 0x80009d68 (0xff9ff06f)
core   0: 0x80009d60 (0x00006f17) auipc   t5, 0x6
core   0: 3 0x80009d60 (0x00006f17) x30 0x8000fd60
core   0: 0x80009d64 (0x2a3f2023) sw      gp, 672(t5)
core   0: 3 0x80009d64 (0x2a3f2023) mem 0x80010000 0x00000001
core   0: 0x80009d68 (0xff9ff06f) j       pc - 0x8
core   0: 3 0x80009d68 (0xff9ff06f)
core   0: 0x80009d60 (0x00006f17) auipc   t5, 0x6
core   0: 3 0x80009d60 (0x00006f17) x30 0x8000fd60
core   0: 0x80009d64 (0x2a3f2023) sw      gp, 672(t5)
core   0: 3 0x80009d64 (0x2a3f2023) mem 0x80010000 0x00000001
core   0: 0x80009d68 (0xff9ff06f) j       pc - 0x8
core   0: 3 0x80009d68 (0xff9ff06f)
core   0: 0x80009d60 (0x00006f17) auipc   t5, 0x6
core   0: 3 0x80009d60 (0x00006f17) x30 0x8000fd60
core   0: 0x80009d64 (0x2a3f2023) sw      gp, 672(t5)
core   0: 3 0x80009d64 (0x2a3f2023) mem 0x80010000 0x00000001
core   0: 0x80009d68 (0xff9ff06f) j       pc - 0x8
core   0: 3 0x80009d68 (0xff9ff06f)
core   0: 0x80009d60 (0x00006f17) auipc   t5, 0x6
core   0: 3 0x80009d60 (0x00006f17) x30 0x8000fd60
core   0: 0x80009d64 (0x2a3f2023) sw      gp, 672(t5)
core   0: 3 0x80009d64 (0x2a3f2023) mem 0x80010000 0x00000001
core   0: 0x80009d68 (0xff9ff06f) j       pc - 0x8
core   0: 3 0x80009d68 (0xff9ff06f)
core   0: 0x80009d60 (0x00006f17) auipc   t5, 0x6
core   0: 3 0x80009d60 (0x00006f17) x30 0x8000fd60
core   0: 0x80009d64 (0x2a3f2023) sw      gp, 672(t5)
core   0: 3 0x80009d64 (0x2a3f2023) mem 0x80010000 0x00000001
core   0: 0x80009d68 (0xff9ff06f) j       pc - 0x8
core   0: 3 0x80009d68 (0xff9ff06f)
core   0: 0x80009d60 (0x00006f17) auipc   t5, 0x6
core   0: 3 0x80009d60 (0x00006f17) x30 0x8000fd60
core   0: 0x80009d64 (0x2a3f2023) sw      gp, 672(t5)
core   0: 3 0x80009d64 (0x2a3f2023) mem 0x80010000 0x00000001
core   0: 0x80009d68 (0xff9ff06f) j       pc - 0x8
core   0: 3 0x80009d68 (0xff9ff06f)
core   0: 0x80009d60 (0x00006f17) auipc   t5, 0x6
core   0: 3 0x80009d60 (0x00006f17) x30 0x8000fd60
core   0: 0x80009d64 (0x2a3f2023) sw      gp, 672(t5)
core   0: 3 0x80009d64 (0x2a3f2023) mem 0x80010000 0x00000001
core   0: 0x80009d68 (0xff9ff06f) j       pc - 0x8
core   0: 3 0x80009d68 (0xff9ff06f)
core   0: 0x80009d60 (0x00006f17) auipc   t5, 0x6
core   0: 3 0x80009d60 (0x00006f17) x30 0x8000fd60
core   0: 0x80009d64 (0x2a3f2023) sw      gp, 672(t5)
core   0: 3 0x80009d64 (0x2a3f2023) mem 0x80010000 0x00000001
core   0: 0x80009d68 (0xff9ff06f) j       pc - 0x8
core   0: 3 0x80009d68 (0xff9ff06f)
core   0: 0x80009d60 (0x00006f17) auipc   t5, 0x6
core   0: 3 0x80009d60 (0x00006f17) x30 0x8000fd60
core   0: 0x80009d64 (0x2a3f2023) sw      gp, 672(t5)
core   0: 3 0x80009d64 (0x2a3f2023) mem 0x80010000 0x00000001
core   0: 0x80009d68 (0xff9ff06f) j       pc - 0x8
core   0: 3 0x80009d68 (0xff9ff06f)
core   0: 0x80009d60 (0x00006f17) auipc   t5, 0x6
core   0: 3 0x80009d60 (0x00006f17) x30 0x8000fd60
core   0: 0x80009d64 (0x2a3f2023) sw      gp, 672(t5)
core   0: 3 0x80009d64 (0x2a3f2023) mem 0x80010000 0x00000001
core   0: 0x80009d68 (0xff9ff06f) j       pc - 0x8
core   0: 3 0x80009d68 (0xff9ff06f)
core   0: 0x80009d60 (0x00006f17) auipc   t5, 0x6
core   0: 3 0x80009d60 (0x00006f17) x30 0x8000fd60
core   0: 0x80009d64 (0x2a3f2023) sw      gp, 672(t5)
core   0: 3 0x80009d64 (0x2a3f2023) mem 0x80010000 0x00000001
core   0: 0x80009d68 (0xff9ff06f) j       pc - 0x8
core   0: 3 0x80009d68 (0xff9ff06f)
core   0: 0x80009d60 (0x00006f17) auipc   t5, 0x6
core   0: 3 0x80009d60 (0x00006f17) x30 0x8000fd60
core   0: 0x80009d64 (0x2a3f2023) sw      gp, 672(t5)
core   0: 3 0x80009d64 (0x2a3f2023) mem 0x80010000 0x00000001
core   0: 0x80009d68 (0xff9ff06f) j       pc - 0x8
core   0: 3 0x80009d68 (0xff9ff06f)
core   0: 0x80009d60 (0x00006f17) auipc   t5, 0x6
core   0: 3 0x80009d60 (0x00006f17) x30 0x8000fd60
core   0: 0x80009d64 (0x2a3f2023) sw      gp, 672(t5)
core   0: 3 0x80009d64 (0x2a3f2023) mem 0x80010000 0x00000001
core   0: 0x80009d68 (0xff9ff06f) j       pc - 0x8
core   0: 3 0x80009d68 (0xff9ff06f)
core   0: 0x80009d60 (0x00006f17) auipc   t5, 0x6
core   0: 3 0x80009d60 (0x00006f17) x30 0x8000fd60
core   0: 0x80009d64 (0x2a3f2023) sw      gp, 672(t5)
core   0: 3 0x80009d64 (0x2a3f2023) mem 0x80010000 0x00000001
core   0: 0x80009d68 (0xff9ff06f) j       pc - 0x8
core   0: 3 0x80009d68 (0xff9ff06f)
core   0: 0x80009d60 (0x00006f17) auipc   t5, 0x6
core   0: 3 0x80009d60 (0x00006f17) x30 0x8000fd60
core   0: 0x80009d64 (0x2a3f2023) sw      gp, 672(t5)
core   0: 3 0x80009d64 (0x2a3f2023) mem 0x80010000 0x00000001
core   0: 0x80009d68 (0xff9ff06f) j       pc - 0x8
core   0: 3 0x80009d68 (0xff9ff06f)
core   0: 0x80009d60 (0x00006f17) auipc   t5, 0x6
core   0: 3 0x80009d60 (0x00006f17) x30 0x8000fd60
core   0: 0x80009d64 (0x2a3f2023) sw      gp, 672(t5)
core   0: 3 0x80009d64 (0x2a3f2023) mem 0x80010000 0x00000001
core   0: 0x80009d68 (0xff9ff06f) j       pc - 0x8
core   0: 3 0x80009d68 (0xff9ff06f)
core   0: 0x80009d60 (0x00006f17) auipc   t5, 0x6
core   0: 3 0x80009d60 (0x00006f17) x30 0x8000fd60
core   0: 0x80009d64 (0x2a3f2023) sw      gp, 672(t5)
core   0: 3 0x80009d64 (0x2a3f2023) mem 0x80010000 0x00000001
core   0: 0x80009d68 (0xff9ff06f) j       pc - 0x8
core   0: 3 0x80009d68 (0xff9ff06f)
core   0: 0x80009d60 (0x00006f17) auipc   t5, 0x6
core   0: 3 0x80009d60 (0x00006f17) x30 0x8000fd60
core   0: 0x80009d64 (0x2a3f2023) sw      gp, 672(t5)
core   0: 3 0x80009d64 (0x2a3f2023) mem 0x80010000 0x00000001
core   0: 0x80009d68 (0xff9ff06f) j       pc - 0x8
core   0: 3 0x80009d68 (0xff9ff06f)
core   0: 0x80009d60 (0x00006f17) auipc   t5, 0x6
core   0: 3 0x80009d60 (0x00006f17) x30 0x8000fd60
core   0: 0x80009d64 (0x2a3f2023) sw      gp, 672(t5)
core   0: 3 0x80009d64 (0x2a3f2023) mem 0x80010000 0x00000001
core   0: 0x80009d68 (0xff9ff06f) j       pc - 0x8
core   0: 3 0x80009d68 (0xff9ff06f)
core   0: 0x80009d60 (0x00006f17) auipc   t5, 0x6
core   0: 3 0x80009d60 (0x00006f17) x30 0x8000fd60
core   0: 0x80009d64 (0x2a3f2023) sw      gp, 672(t5)
core   0: 3 0x80009d64 (0x2a3f2023) mem 0x80010000 0x00000001
core   0: 0x80009d68 (0xff9ff06f) j       pc - 0x8
core   0: 3 0x80009d68 (0xff9ff06f)
core   0: 0x80009d60 (0x00006f17) auipc   t5, 0x6
core   0: 3 0x80009d60 (0x00006f17) x30 0x8000fd60
core   0: 0x80009d64 (0x2a3f2023) sw      gp, 672(t5)
core   0: 3 0x80009d64 (0x2a3f2023) mem 0x80010000 0x00000001
core   0: 0x80009d68 (0xff9ff06f) j       pc - 0x8
core   0: 3 0x80009d68 (0xff9ff06f)
core   0: 0x80009d60 (0x00006f17) auipc   t5, 0x6
core   0: 3 0x80009d60 (0x00006f17) x30 0x8000fd60
core   0: 0x80009d64 (0x2a3f2023) sw      gp, 672(t5)
core   0: 3 0x80009d64 (0x2a3f2023) mem 0x80010000 0x00000001
core   0: 0x80009d68 (0xff9ff06f) j       pc - 0x8
core   0: 3 0x80009d68 (0xff9ff06f)
core   0: 0x80009d60 (0x00006f17) auipc   t5, 0x6
core   0: 3 0x80009d60 (0x00006f17) x30 0x8000fd60
core   0: 0x80009d64 (0x2a3f2023) sw      gp, 672(t5)
core   0: 3 0x80009d64 (0x2a3f2023) mem 0x80010000 0x00000001
core   0: 0x80009d68 (0xff9ff06f) j       pc - 0x8
core   0: 3 0x80009d68 (0xff9ff06f)
core   0: 0x80009d60 (0x00006f17) auipc   t5, 0x6
core   0: 3 0x80009d60 (0x00006f17) x30 0x8000fd60
core   0: 0x80009d64 (0x2a3f2023) sw      gp, 672(t5)
core   0: 3 0x80009d64 (0x2a3f2023) mem 0x80010000 0x00000001
core   0: 0x80009d68 (0xff9ff06f) j       pc - 0x8
core   0: 3 0x80009d68 (0xff9ff06f)
core   0: 0x80009d60 (0x00006f17) auipc   t5, 0x6
core   0: 3 0x80009d60 (0x00006f17) x30 0x8000fd60
core   0: 0x80009d64 (0x2a3f2023) sw      gp, 672(t5)
core   0: 3 0x80009d64 (0x2a3f2023) mem 0x80010000 0x00000001
core   0: 0x80009d68 (0xff9ff06f) j       pc - 0x8
core   0: 3 0x80009d68 (0xff9ff06f)
core   0: 0x80009d60 (0x00006f17) auipc   t5, 0x6
core   0: 3 0x80009d60 (0x00006f17) x30 0x8000fd60
core   0: 0x80009d64 (0x2a3f2023) sw      gp, 672(t5)
core   0: 3 0x80009d64 (0x2a3f2023) mem 0x80010000 0x00000001
core   0: 0x80009d68 (0xff9ff06f) j       pc - 0x8
core   0: 3 0x80009d68 (0xff9ff06f)
core   0: 0x80009d60 (0x00006f17) auipc   t5, 0x6
core   0: 3 0x80009d60 (0x00006f17) x30 0x8000fd60
core   0: 0x80009d64 (0x2a3f2023) sw      gp, 672(t5)
core   0: 3 0x80009d64 (0x2a3f2023) mem 0x80010000 0x00000001
core   0: 0x80009d68 (0xff9ff06f) j       pc - 0x8
core   0: 3 0x80009d68 (0xff9ff06f)
core   0: 0x80009d60 (0x00006f17) auipc   t5, 0x6
core   0: 3 0x80009d60 (0x00006f17) x30 0x8000fd60
core   0: 0x80009d64 (0x2a3f2023) sw      gp, 672(t5)
core   0: 3 0x80009d64 (0x2a3f2023) mem 0x80010000 0x00000001
core   0: 0x80009d68 (0xff9ff06f) j       pc - 0x8
core   0: 3 0x80009d68 (0xff9ff06f)
core   0: 0x80009d60 (0x00006f17) auipc   t5, 0x6
core   0: 3 0x80009d60 (0x00006f17) x30 0x8000fd60
core   0: 0x80009d64 (0x2a3f2023) sw      gp, 672(t5)
core   0: 3 0x80009d64 (0x2a3f2023) mem 0x80010000 0x00000001
core   0: 0x80009d68 (0xff9ff06f) j       pc - 0x8
core   0: 3 0x80009d68 (0xff9ff06f)
core   0: 0x80009d60 (0x00006f17) auipc   t5, 0x6
core   0: 3 0x80009d60 (0x00006f17) x30 0x8000fd60
core   0: 0x80009d64 (0x2a3f2023) sw      gp, 672(t5)
core   0: 3 0x80009d64 (0x2a3f2023) mem 0x80010000 0x00000001
core   0: 0x80009d68 (0xff9ff06f) j       pc - 0x8
core   0: 3 0x80009d68 (0xff9ff06f)
core   0: 0x80009d60 (0x00006f17) auipc   t5, 0x6
core   0: 3 0x80009d60 (0x00006f17) x30 0x8000fd60
core   0: 0x80009d64 (0x2a3f2023) sw      gp, 672(t5)
core   0: 3 0x80009d64 (0x2a3f2023) mem 0x80010000 0x00000001
core   0: 0x80009d68 (0xff9ff06f) j       pc - 0x8
core   0: 3 0x80009d68 (0xff9ff06f)
core   0: 0x80009d60 (0x00006f17) auipc   t5, 0x6
core   0: 3 0x80009d60 (0x00006f17) x30 0x8000fd60
core   0: 0x80009d64 (0x2a3f2023) sw      gp, 672(t5)
core   0: 3 0x80009d64 (0x2a3f2023) mem 0x80010000 0x00000001
core   0: 0x80009d68 (0xff9ff06f) j       pc - 0x8
core   0: 3 0x80009d68 (0xff9ff06f)
core   0: 0x80009d60 (0x00006f17) auipc   t5, 0x6
core   0: 3 0x80009d60 (0x00006f17) x30 0x8000fd60
core   0: 0x80009d64 (0x2a3f2023) sw      gp, 672(t5)
core   0: 3 0x80009d64 (0x2a3f2023) mem 0x80010000 0x00000001
core   0: 0x80009d68 (0xff9ff06f) j       pc - 0x8
core   0: 3 0x80009d68 (0xff9ff06f)
core   0: 0x80009d60 (0x00006f17) auipc   t5, 0x6
core   0: 3 0x80009d60 (0x00006f17) x30 0x8000fd60
core   0: 0x80009d64 (0x2a3f2023) sw      gp, 672(t5)
core   0: 3 0x80009d64 (0x2a3f2023) mem 0x80010000 0x00000001
core   0: 0x80009d68 (0xff9ff06f) j       pc - 0x8
core   0: 3 0x80009d68 (0xff9ff06f)
core   0: 0x80009d60 (0x00006f17) auipc   t5, 0x6
core   0: 3 0x80009d60 (0x00006f17) x30 0x8000fd60
core   0: 0x80009d64 (0x2a3f2023) sw      gp, 672(t5)
core   0: 3 0x80009d64 (0x2a3f2023) mem 0x80010000 0x00000001
core   0: 0x80009d68 (0xff9ff06f) j       pc - 0x8
core   0: 3 0x80009d68 (0xff9ff06f)
core   0: 0x80009d60 (0x00006f17) auipc   t5, 0x6
core   0: 3 0x80009d60 (0x00006f17) x30 0x8000fd60
core   0: 0x80009d64 (0x2a3f2023) sw      gp, 672(t5)
core   0: 3 0x80009d64 (0x2a3f2023) mem 0x80010000 0x00000001
core   0: 0x80009d68 (0xff9ff06f) j       pc - 0x8
core   0: 3 0x80009d68 (0xff9ff06f)
core   0: 0x80009d60 (0x00006f17) auipc   t5, 0x6
core   0: 3 0x80009d60 (0x00006f17) x30 0x8000fd60
core   0: 0x80009d64 (0x2a3f2023) sw      gp, 672(t5)
core   0: 3 0x80009d64 (0x2a3f2023) mem 0x80010000 0x00000001
core   0: 0x80009d68 (0xff9ff06f) j       pc - 0x8
core   0: 3 0x80009d68 (0xff9ff06f)
core   0: 0x80009d60 (0x00006f17) auipc   t5, 0x6
core   0: 3 0x80009d60 (0x00006f17) x30 0x8000fd60
core   0: 0x80009d64 (0x2a3f2023) sw      gp, 672(t5)
core   0: 3 0x80009d64 (0x2a3f2023) mem 0x80010000 0x00000001
core   0: 0x80009d68 (0xff9ff06f) j       pc - 0x8
core   0: 3 0x80009d68 (0xff9ff06f)
core   0: 0x80009d60 (0x00006f17) auipc   t5, 0x6
core   0: 3 0x80009d60 (0x00006f17) x30 0x8000fd60
core   0: 0x80009d64 (0x2a3f2023) sw      gp, 672(t5)
core   0: 3 0x80009d64 (0x2a3f2023) mem 0x80010000 0x00000001
core   0: 0x80009d68 (0xff9ff06f) j       pc - 0x8
core   0: 3 0x80009d68 (0xff9ff06f)
core   0: 0x80009d60 (0x00006f17) auipc   t5, 0x6
core   0: 3 0x80009d60 (0x00006f17) x30 0x8000fd60
core   0: 0x80009d64 (0x2a3f2023) sw      gp, 672(t5)
core   0: 3 0x80009d64 (0x2a3f2023) mem 0x80010000 0x00000001
core   0: 0x80009d68 (0xff9ff06f) j       pc - 0x8
core   0: 3 0x80009d68 (0xff9ff06f)
core   0: 0x80009d60 (0x00006f17) auipc   t5, 0x6
core   0: 3 0x80009d60 (0x00006f17) x30 0x8000fd60
core   0: 0x80009d64 (0x2a3f2023) sw      gp, 672(t5)
core   0: 3 0x80009d64 (0x2a3f2023) mem 0x80010000 0x00000001
core   0: 0x80009d68 (0xff9ff06f) j       pc - 0x8
core   0: 3 0x80009d68 (0xff9ff06f)
core   0: 0x80009d60 (0x00006f17) auipc   t5, 0x6
core   0: 3 0x80009d60 (0x00006f17) x30 0x8000fd60
core   0: 0x80009d64 (0x2a3f2023) sw      gp, 672(t5)
core   0: 3 0x80009d64 (0x2a3f2023) mem 0x80010000 0x00000001
core   0: 0x80009d68 (0xff9ff06f) j       pc - 0x8
core   0: 3 0x80009d68 (0xff9ff06f)
core   0: 0x80009d60 (0x00006f17) auipc   t5, 0x6
core   0: 3 0x80009d60 (0x00006f17) x30 0x8000fd60
core   0: 0x80009d64 (0x2a3f2023) sw      gp, 672(t5)
core   0: 3 0x80009d64 (0x2a3f2023) mem 0x80010000 0x00000001
core   0: 0x80009d68 (0xff9ff06f) j       pc - 0x8
core   0: 3 0x80009d68 (0xff9ff06f)
core   0: 0x80009d60 (0x00006f17) auipc   t5, 0x6
core   0: 3 0x80009d60 (0x00006f17) x30 0x8000fd60
core   0: 0x80009d64 (0x2a3f2023) sw      gp, 672(t5)
core   0: 3 0x80009d64 (0x2a3f2023) mem 0x80010000 0x00000001
core   0: 0x80009d68 (0xff9ff06f) j       pc - 0x8
core   0: 3 0x80009d68 (0xff9ff06f)
core   0: 0x80009d60 (0x00006f17) auipc   t5, 0x6
core   0: 3 0x80009d60 (0x00006f17) x30 0x8000fd60
core   0: 0x80009d64 (0x2a3f2023) sw      gp, 672(t5)
core   0: 3 0x80009d64 (0x2a3f2023) mem 0x80010000 0x00000001
core   0: 0x80009d68 (0xff9ff06f) j       pc - 0x8
core   0: 3 0x80009d68 (0xff9ff06f)
core   0: 0x80009d60 (0x00006f17) auipc   t5, 0x6
core   0: 3 0x80009d60 (0x00006f17) x30 0x8000fd60
core   0: 0x80009d64 (0x2a3f2023) sw      gp, 672(t5)
core   0: 3 0x80009d64 (0x2a3f2023) mem 0x80010000 0x00000001
core   0: 0x80009d68 (0xff9ff06f) j       pc - 0x8
core   0: 3 0x80009d68 (0xff9ff06f)
core   0: 0x80009d60 (0x00006f17) auipc   t5, 0x6
core   0: 3 0x80009d60 (0x00006f17) x30 0x8000fd60
core   0: 0x80009d64 (0x2a3f2023) sw      gp, 672(t5)
core   0: 3 0x80009d64 (0x2a3f2023) mem 0x80010000 0x00000001
core   0: 0x80009d68 (0xff9ff06f) j       pc - 0x8
core   0: 3 0x80009d68 (0xff9ff06f)
core   0: 0x80009d60 (0x00006f17) auipc   t5, 0x6
core   0: 3 0x80009d60 (0x00006f17) x30 0x8000fd60
core   0: 0x80009d64 (0x2a3f2023) sw      gp, 672(t5)
core   0: 3 0x80009d64 (0x2a3f2023) mem 0x80010000 0x00000001
core   0: 0x80009d68 (0xff9ff06f) j       pc - 0x8
core   0: 3 0x80009d68 (0xff9ff06f)
core   0: 0x80009d60 (0x00006f17) auipc   t5, 0x6
core   0: 3 0x80009d60 (0x00006f17) x30 0x8000fd60
core   0: 0x80009d64 (0x2a3f2023) sw      gp, 672(t5)
core   0: 3 0x80009d64 (0x2a3f2023) mem 0x80010000 0x00000001
core   0: 0x80009d68 (0xff9ff06f) j       pc - 0x8
core   0: 3 0x80009d68 (0xff9ff06f)
core   0: 0x80009d60 (0x00006f17) auipc   t5, 0x6
core   0: 3 0x80009d60 (0x00006f17) x30 0x8000fd60
core   0: 0x80009d64 (0x2a3f2023) sw      gp, 672(t5)
core   0: 3 0x80009d64 (0x2a3f2023) mem 0x80010000 0x00000001
core   0: 0x80009d68 (0xff9ff06f) j       pc - 0x8
core   0: 3 0x80009d68 (0xff9ff06f)
core   0: 0x80009d60 (0x00006f17) auipc   t5, 0x6
core   0: 3 0x80009d60 (0x00006f17) x30 0x8000fd60
core   0: 0x80009d64 (0x2a3f2023) sw      gp, 672(t5)
core   0: 3 0x80009d64 (0x2a3f2023) mem 0x80010000 0x00000001
core   0: 0x80009d68 (0xff9ff06f) j       pc - 0x8
core   0: 3 0x80009d68 (0xff9ff06f)
core   0: 0x80009d60 (0x00006f17) auipc   t5, 0x6
core   0: 3 0x80009d60 (0x00006f17) x30 0x8000fd60
core   0: 0x80009d64 (0x2a3f2023) sw      gp, 672(t5)
core   0: 3 0x80009d64 (0x2a3f2023) mem 0x80010000 0x00000001
core   0: 0x80009d68 (0xff9ff06f) j       pc - 0x8
core   0: 3 0x80009d68 (0xff9ff06f)
core   0: 0x80009d60 (0x00006f17) auipc   t5, 0x6
core   0: 3 0x80009d60 (0x00006f17) x30 0x8000fd60
core   0: 0x80009d64 (0x2a3f2023) sw      gp, 672(t5)
core   0: 3 0x80009d64 (0x2a3f2023) mem 0x80010000 0x00000001
core   0: 0x80009d68 (0xff9ff06f) j       pc - 0x8
core   0: 3 0x80009d68 (0xff9ff06f)
core   0: 0x80009d60 (0x00006f17) auipc   t5, 0x6
core   0: 3 0x80009d60 (0x00006f17) x30 0x8000fd60
core   0: 0x80009d64 (0x2a3f2023) sw      gp, 672(t5)
core   0: 3 0x80009d64 (0x2a3f2023) mem 0x80010000 0x00000001
core   0: 0x80009d68 (0xff9ff06f) j       pc - 0x8
core   0: 3 0x80009d68 (0xff9ff06f)
core   0: 0x80009d60 (0x00006f17) auipc   t5, 0x6
core   0: 3 0x80009d60 (0x00006f17) x30 0x8000fd60
core   0: 0x80009d64 (0x2a3f2023) sw      gp, 672(t5)
core   0: 3 0x80009d64 (0x2a3f2023) mem 0x80010000 0x00000001
core   0: 0x80009d68 (0xff9ff06f) j       pc - 0x8
core   0: 3 0x80009d68 (0xff9ff06f)
core   0: 0x80009d60 (0x00006f17) auipc   t5, 0x6
core   0: 3 0x80009d60 (0x00006f17) x30 0x8000fd60
core   0: 0x80009d64 (0x2a3f2023) sw      gp, 672(t5)
core   0: 3 0x80009d64 (0x2a3f2023) mem 0x80010000 0x00000001
core   0: 0x80009d68 (0xff9ff06f) j       pc - 0x8
core   0: 3 0x80009d68 (0xff9ff06f)
core   0: 0x80009d60 (0x00006f17) auipc   t5, 0x6
core   0: 3 0x80009d60 (0x00006f17) x30 0x8000fd60
core   0: 0x80009d64 (0x2a3f2023) sw      gp, 672(t5)
core   0: 3 0x80009d64 (0x2a3f2023) mem 0x80010000 0x00000001
core   0: 0x80009d68 (0xff9ff06f) j       pc - 0x8
core   0: 3 0x80009d68 (0xff9ff06f)
core   0: 0x80009d60 (0x00006f17) auipc   t5, 0x6
core   0: 3 0x80009d60 (0x00006f17) x30 0x8000fd60
core   0: 0x80009d64 (0x2a3f2023) sw      gp, 672(t5)
core   0: 3 0x80009d64 (0x2a3f2023) mem 0x80010000 0x00000001
core   0: 0x80009d68 (0xff9ff06f) j       pc - 0x8
core   0: 3 0x80009d68 (0xff9ff06f)
core   0: 0x80009d60 (0x00006f17) auipc   t5, 0x6
core   0: 3 0x80009d60 (0x00006f17) x30 0x8000fd60
core   0: 0x80009d64 (0x2a3f2023) sw      gp, 672(t5)
core   0: 3 0x80009d64 (0x2a3f2023) mem 0x80010000 0x00000001
core   0: 0x80009d68 (0xff9ff06f) j       pc - 0x8
core   0: 3 0x80009d68 (0xff9ff06f)
core   0: 0x80009d60 (0x00006f17) auipc   t5, 0x6
core   0: 3 0x80009d60 (0x00006f17) x30 0x8000fd60
core   0: 0x80009d64 (0x2a3f2023) sw      gp, 672(t5)
core   0: 3 0x80009d64 (0x2a3f2023) mem 0x80010000 0x00000001
core   0: 0x80009d68 (0xff9ff06f) j       pc - 0x8
core   0: 3 0x80009d68 (0xff9ff06f)
core   0: 0x80009d60 (0x00006f17) auipc   t5, 0x6
core   0: 3 0x80009d60 (0x00006f17) x30 0x8000fd60
core   0: 0x80009d64 (0x2a3f2023) sw      gp, 672(t5)
core   0: 3 0x80009d64 (0x2a3f2023) mem 0x80010000 0x00000001
core   0: 0x80009d68 (0xff9ff06f) j       pc - 0x8
core   0: 3 0x80009d68 (0xff9ff06f)
core   0: 0x80009d60 (0x00006f17) auipc   t5, 0x6
core   0: 3 0x80009d60 (0x00006f17) x30 0x8000fd60
core   0: 0x80009d64 (0x2a3f2023) sw      gp, 672(t5)
core   0: 3 0x80009d64 (0x2a3f2023) mem 0x80010000 0x00000001
core   0: 0x80009d68 (0xff9ff06f) j       pc - 0x8
core   0: 3 0x80009d68 (0xff9ff06f)
core   0: 0x80009d60 (0x00006f17) auipc   t5, 0x6
core   0: 3 0x80009d60 (0x00006f17) x30 0x8000fd60
core   0: 0x80009d64 (0x2a3f2023) sw      gp, 672(t5)
core   0: 3 0x80009d64 (0x2a3f2023) mem 0x80010000 0x00000001
core   0: 0x80009d68 (0xff9ff06f) j       pc - 0x8
core   0: 3 0x80009d68 (0xff9ff06f)
core   0: 0x80009d60 (0x00006f17) auipc   t5, 0x6
core   0: 3 0x80009d60 (0x00006f17) x30 0x8000fd60
core   0: 0x80009d64 (0x2a3f2023) sw      gp, 672(t5)
core   0: 3 0x80009d64 (0x2a3f2023) mem 0x80010000 0x00000001
core   0: 0x80009d68 (0xff9ff06f) j       pc - 0x8
core   0: 3 0x80009d68 (0xff9ff06f)
core   0: 0x80009d60 (0x00006f17) auipc   t5, 0x6
core   0: 3 0x80009d60 (0x00006f17) x30 0x8000fd60
core   0: 0x80009d64 (0x2a3f2023) sw      gp, 672(t5)
core   0: 3 0x80009d64 (0x2a3f2023) mem 0x80010000 0x00000001
core   0: 0x80009d68 (0xff9ff06f) j       pc - 0x8
core   0: 3 0x80009d68 (0xff9ff06f)
core   0: 0x80009d60 (0x00006f17) auipc   t5, 0x6
core   0: 3 0x80009d60 (0x00006f17) x30 0x8000fd60
core   0: 0x80009d64 (0x2a3f2023) sw      gp, 672(t5)
core   0: 3 0x80009d64 (0x2a3f2023) mem 0x80010000 0x00000001
core   0: 0x80009d68 (0xff9ff06f) j       pc - 0x8
core   0: 3 0x80009d68 (0xff9ff06f)
core   0: 0x80009d60 (0x00006f17) auipc   t5, 0x6
core   0: 3 0x80009d60 (0x00006f17) x30 0x8000fd60
core   0: 0x80009d64 (0x2a3f2023) sw      gp, 672(t5)
core   0: 3 0x80009d64 (0x2a3f2023) mem 0x80010000 0x00000001
core   0: 0x80009d68 (0xff9ff06f) j       pc - 0x8
core   0: 3 0x80009d68 (0xff9ff06f)
core   0: 0x80009d60 (0x00006f17) auipc   t5, 0x6
core   0: 3 0x80009d60 (0x00006f17) x30 0x8000fd60
core   0: 0x80009d64 (0x2a3f2023) sw      gp, 672(t5)
core   0: 3 0x80009d64 (0x2a3f2023) mem 0x80010000 0x00000001
core   0: 0x80009d68 (0xff9ff06f) j       pc - 0x8
core   0: 3 0x80009d68 (0xff9ff06f)
core   0: 0x80009d60 (0x00006f17) auipc   t5, 0x6
core   0: 3 0x80009d60 (0x00006f17) x30 0x8000fd60
core   0: 0x80009d64 (0x2a3f2023) sw      gp, 672(t5)
core   0: 3 0x80009d64 (0x2a3f2023) mem 0x80010000 0x00000001
core   0: 0x80009d68 (0xff9ff06f) j       pc - 0x8
core   0: 3 0x80009d68 (0xff9ff06f)
core   0: 0x80009d60 (0x00006f17) auipc   t5, 0x6
core   0: 3 0x80009d60 (0x00006f17) x30 0x8000fd60
core   0: 0x80009d64 (0x2a3f2023) sw      gp, 672(t5)
core   0: 3 0x80009d64 (0x2a3f2023) mem 0x80010000 0x00000001
core   0: 0x80009d68 (0xff9ff06f) j       pc - 0x8
core   0: 3 0x80009d68 (0xff9ff06f)
core   0: 0x80009d60 (0x00006f17) auipc   t5, 0x6
core   0: 3 0x80009d60 (0x00006f17) x30 0x8000fd60
core   0: 0x80009d64 (0x2a3f2023) sw      gp, 672(t5)
core   0: 3 0x80009d64 (0x2a3f2023) mem 0x80010000 0x00000001
core   0: 0x80009d68 (0xff9ff06f) j       pc - 0x8
core   0: 3 0x80009d68 (0xff9ff06f)
core   0: 0x80009d60 (0x00006f17) auipc   t5, 0x6
core   0: 3 0x80009d60 (0x00006f17) x30 0x8000fd60
core   0: 0x80009d64 (0x2a3f2023) sw      gp, 672(t5)
core   0: 3 0x80009d64 (0x2a3f2023) mem 0x80010000 0x00000001
core   0: 0x80009d68 (0xff9ff06f) j       pc - 0x8
core   0: 3 0x80009d68 (0xff9ff06f)
core   0: 0x80009d60 (0x00006f17) auipc   t5, 0x6
core   0: 3 0x80009d60 (0x00006f17) x30 0x8000fd60
core   0: 0x80009d64 (0x2a3f2023) sw      gp, 672(t5)
core   0: 3 0x80009d64 (0x2a3f2023) mem 0x80010000 0x00000001
core   0: 0x80009d68 (0xff9ff06f) j       pc - 0x8
core   0: 3 0x80009d68 (0xff9ff06f)
core   0: 0x80009d60 (0x00006f17) auipc   t5, 0x6
core   0: 3 0x80009d60 (0x00006f17) x30 0x8000fd60
core   0: 0x80009d64 (0x2a3f2023) sw      gp, 672(t5)
core   0: 3 0x80009d64 (0x2a3f2023) mem 0x80010000 0x00000001
core   0: 0x80009d68 (0xff9ff06f) j       pc - 0x8
core   0: 3 0x80009d68 (0xff9ff06f)
core   0: 0x80009d60 (0x00006f17) auipc   t5, 0x6
core   0: 3 0x80009d60 (0x00006f17) x30 0x8000fd60
core   0: 0x80009d64 (0x2a3f2023) sw      gp, 672(t5)
core   0: 3 0x80009d64 (0x2a3f2023) mem 0x80010000 0x00000001
core   0: 0x80009d68 (0xff9ff06f) j       pc - 0x8
core   0: 3 0x80009d68 (0xff9ff06f)
core   0: 0x80009d60 (0x00006f17) auipc   t5, 0x6
core   0: 3 0x80009d60 (0x00006f17) x30 0x8000fd60
core   0: 0x80009d64 (0x2a3f2023) sw      gp, 672(t5)
core   0: 3 0x80009d64 (0x2a3f2023) mem 0x80010000 0x00000001
core   0: 0x80009d68 (0xff9ff06f) j       pc - 0x8
core   0: 3 0x80009d68 (0xff9ff06f)
core   0: 0x80009d60 (0x00006f17) auipc   t5, 0x6
core   0: 3 0x80009d60 (0x00006f17) x30 0x8000fd60
core   0: 0x80009d64 (0x2a3f2023) sw      gp, 672(t5)
core   0: 3 0x80009d64 (0x2a3f2023) mem 0x80010000 0x00000001
core   0: 0x80009d68 (0xff9ff06f) j       pc - 0x8
core   0: 3 0x80009d68 (0xff9ff06f)
core   0: 0x80009d60 (0x00006f17) auipc   t5, 0x6
core   0: 3 0x80009d60 (0x00006f17) x30 0x8000fd60
core   0: 0x80009d64 (0x2a3f2023) sw      gp, 672(t5)
core   0: 3 0x80009d64 (0x2a3f2023) mem 0x80010000 0x00000001
core   0: 0x80009d68 (0xff9ff06f) j       pc - 0x8
core   0: 3 0x80009d68 (0xff9ff06f)
core   0: 0x80009d60 (0x00006f17) auipc   t5, 0x6
core   0: 3 0x80009d60 (0x00006f17) x30 0x8000fd60
core   0: 0x80009d64 (0x2a3f2023) sw      gp, 672(t5)
core   0: 3 0x80009d64 (0x2a3f2023) mem 0x80010000 0x00000001
core   0: 0x80009d68 (0xff9ff06f) j       pc - 0x8
core   0: 3 0x80009d68 (0xff9ff06f)
core   0: 0x80009d60 (0x00006f17) auipc   t5, 0x6
core   0: 3 0x80009d60 (0x00006f17) x30 0x8000fd60
core   0: 0x80009d64 (0x2a3f2023) sw      gp, 672(t5)
core   0: 3 0x80009d64 (0x2a3f2023) mem 0x80010000 0x00000001
core   0: 0x80009d68 (0xff9ff06f) j       pc - 0x8
core   0: 3 0x80009d68 (0xff9ff06f)
core   0: 0x80009d60 (0x00006f17) auipc   t5, 0x6
core   0: 3 0x80009d60 (0x00006f17) x30 0x8000fd60
core   0: 0x80009d64 (0x2a3f2023) sw      gp, 672(t5)
core   0: 3 0x80009d64 (0x2a3f2023) mem 0x80010000 0x00000001
core   0: 0x80009d68 (0xff9ff06f) j       pc - 0x8
core   0: 3 0x80009d68 (0xff9ff06f)
core   0: 0x80009d60 (0x00006f17) auipc   t5, 0x6
core   0: 3 0x80009d60 (0x00006f17) x30 0x8000fd60
core   0: 0x80009d64 (0x2a3f2023) sw      gp, 672(t5)
core   0: 3 0x80009d64 (0x2a3f2023) mem 0x80010000 0x00000001
core   0: 0x80009d68 (0xff9ff06f) j       pc - 0x8
core   0: 3 0x80009d68 (0xff9ff06f)
core   0: 0x80009d60 (0x00006f17) auipc   t5, 0x6
core   0: 3 0x80009d60 (0x00006f17) x30 0x8000fd60
core   0: 0x80009d64 (0x2a3f2023) sw      gp, 672(t5)
core   0: 3 0x80009d64 (0x2a3f2023) mem 0x80010000 0x00000001
core   0: 0x80009d68 (0xff9ff06f) j       pc - 0x8
core   0: 3 0x80009d68 (0xff9ff06f)
core   0: 0x80009d60 (0x00006f17) auipc   t5, 0x6
core   0: 3 0x80009d60 (0x00006f17) x30 0x8000fd60
core   0: 0x80009d64 (0x2a3f2023) sw      gp, 672(t5)
core   0: 3 0x80009d64 (0x2a3f2023) mem 0x80010000 0x00000001
core   0: 0x80009d68 (0xff9ff06f) j       pc - 0x8
core   0: 3 0x80009d68 (0xff9ff06f)
core   0: 0x80009d60 (0x00006f17) auipc   t5, 0x6
core   0: 3 0x80009d60 (0x00006f17) x30 0x8000fd60
core   0: 0x80009d64 (0x2a3f2023) sw      gp, 672(t5)
core   0: 3 0x80009d64 (0x2a3f2023) mem 0x80010000 0x00000001
core   0: 0x80009d68 (0xff9ff06f) j       pc - 0x8
core   0: 3 0x80009d68 (0xff9ff06f)
core   0: 0x80009d60 (0x00006f17) auipc   t5, 0x6
core   0: 3 0x80009d60 (0x00006f17) x30 0x8000fd60
core   0: 0x80009d64 (0x2a3f2023) sw      gp, 672(t5)
core   0: 3 0x80009d64 (0x2a3f2023) mem 0x80010000 0x00000001
core   0: 0x80009d68 (0xff9ff06f) j       pc - 0x8
core   0: 3 0x80009d68 (0xff9ff06f)
core   0: 0x80009d60 (0x00006f17) auipc   t5, 0x6
core   0: 3 0x80009d60 (0x00006f17) x30 0x8000fd60
core   0: 0x80009d64 (0x2a3f2023) sw      gp, 672(t5)
core   0: 3 0x80009d64 (0x2a3f2023) mem 0x80010000 0x00000001
core   0: 0x80009d68 (0xff9ff06f) j       pc - 0x8
core   0: 3 0x80009d68 (0xff9ff06f)
core   0: 0x80009d60 (0x00006f17) auipc   t5, 0x6
core   0: 3 0x80009d60 (0x00006f17) x30 0x8000fd60
core   0: 0x80009d64 (0x2a3f2023) sw      gp, 672(t5)
core   0: 3 0x80009d64 (0x2a3f2023) mem 0x80010000 0x00000001
core   0: 0x80009d68 (0xff9ff06f) j       pc - 0x8
core   0: 3 0x80009d68 (0xff9ff06f)
core   0: 0x80009d60 (0x00006f17) auipc   t5, 0x6
core   0: 3 0x80009d60 (0x00006f17) x30 0x8000fd60
core   0: 0x80009d64 (0x2a3f2023) sw      gp, 672(t5)
core   0: 3 0x80009d64 (0x2a3f2023) mem 0x80010000 0x00000001
core   0: 0x80009d68 (0xff9ff06f) j       pc - 0x8
core   0: 3 0x80009d68 (0xff9ff06f)
core   0: 0x80009d60 (0x00006f17) auipc   t5, 0x6
core   0: 3 0x80009d60 (0x00006f17) x30 0x8000fd60
core   0: 0x80009d64 (0x2a3f2023) sw      gp, 672(t5)
core   0: 3 0x80009d64 (0x2a3f2023) mem 0x80010000 0x00000001
core   0: 0x80009d68 (0xff9ff06f) j       pc - 0x8
core   0: 3 0x80009d68 (0xff9ff06f)
core   0: 0x80009d60 (0x00006f17) auipc   t5, 0x6
core   0: 3 0x80009d60 (0x00006f17) x30 0x8000fd60
core   0: 0x80009d64 (0x2a3f2023) sw      gp, 672(t5)
core   0: 3 0x80009d64 (0x2a3f2023) mem 0x80010000 0x00000001
core   0: 0x80009d68 (0xff9ff06f) j       pc - 0x8
core   0: 3 0x80009d68 (0xff9ff06f)
core   0: 0x80009d60 (0x00006f17) auipc   t5, 0x6
core   0: 3 0x80009d60 (0x00006f17) x30 0x8000fd60
core   0: 0x80009d64 (0x2a3f2023) sw      gp, 672(t5)
core   0: 3 0x80009d64 (0x2a3f2023) mem 0x80010000 0x00000001
core   0: 0x80009d68 (0xff9ff06f) j       pc - 0x8
core   0: 3 0x80009d68 (0xff9ff06f)
core   0: 0x80009d60 (0x00006f17) auipc   t5, 0x6
core   0: 3 0x80009d60 (0x00006f17) x30 0x8000fd60
core   0: 0x80009d64 (0x2a3f2023) sw      gp, 672(t5)
core   0: 3 0x80009d64 (0x2a3f2023) mem 0x80010000 0x00000001
core   0: 0x80009d68 (0xff9ff06f) j       pc - 0x8
core   0: 3 0x80009d68 (0xff9ff06f)
core   0: 0x80009d60 (0x00006f17) auipc   t5, 0x6
core   0: 3 0x80009d60 (0x00006f17) x30 0x8000fd60
core   0: 0x80009d64 (0x2a3f2023) sw      gp, 672(t5)
core   0: 3 0x80009d64 (0x2a3f2023) mem 0x80010000 0x00000001
core   0: 0x80009d68 (0xff9ff06f) j       pc - 0x8
core   0: 3 0x80009d68 (0xff9ff06f)
core   0: 0x80009d60 (0x00006f17) auipc   t5, 0x6
core   0: 3 0x80009d60 (0x00006f17) x30 0x8000fd60
core   0: 0x80009d64 (0x2a3f2023) sw      gp, 672(t5)
core   0: 3 0x80009d64 (0x2a3f2023) mem 0x80010000 0x00000001
core   0: 0x80009d68 (0xff9ff06f) j       pc - 0x8
core   0: 3 0x80009d68 (0xff9ff06f)
core   0: 0x80009d60 (0x00006f17) auipc   t5, 0x6
core   0: 3 0x80009d60 (0x00006f17) x30 0x8000fd60
core   0: 0x80009d64 (0x2a3f2023) sw      gp, 672(t5)
core   0: 3 0x80009d64 (0x2a3f2023) mem 0x80010000 0x00000001
core   0: 0x80009d68 (0xff9ff06f) j       pc - 0x8
core   0: 3 0x80009d68 (0xff9ff06f)
core   0: 0x80009d60 (0x00006f17) auipc   t5, 0x6
core   0: 3 0x80009d60 (0x00006f17) x30 0x8000fd60
core   0: 0x80009d64 (0x2a3f2023) sw      gp, 672(t5)
core   0: 3 0x80009d64 (0x2a3f2023) mem 0x80010000 0x00000001
core   0: 0x80009d68 (0xff9ff06f) j       pc - 0x8
core   0: 3 0x80009d68 (0xff9ff06f)
core   0: 0x80009d60 (0x00006f17) auipc   t5, 0x6
core   0: 3 0x80009d60 (0x00006f17) x30 0x8000fd60
core   0: 0x80009d64 (0x2a3f2023) sw      gp, 672(t5)
core   0: 3 0x80009d64 (0x2a3f2023) mem 0x80010000 0x00000001
core   0: 0x80009d68 (0xff9ff06f) j       pc - 0x8
core   0: 3 0x80009d68 (0xff9ff06f)
core   0: 0x80009d60 (0x00006f17) auipc   t5, 0x6
core   0: 3 0x80009d60 (0x00006f17) x30 0x8000fd60
core   0: 0x80009d64 (0x2a3f2023) sw      gp, 672(t5)
core   0: 3 0x80009d64 (0x2a3f2023) mem 0x80010000 0x00000001
core   0: 0x80009d68 (0xff9ff06f) j       pc - 0x8
core   0: 3 0x80009d68 (0xff9ff06f)
core   0: 0x80009d60 (0x00006f17) auipc   t5, 0x6
core   0: 3 0x80009d60 (0x00006f17) x30 0x8000fd60
core   0: 0x80009d64 (0x2a3f2023) sw      gp, 672(t5)
core   0: 3 0x80009d64 (0x2a3f2023) mem 0x80010000 0x00000001
core   0: 0x80009d68 (0xff9ff06f) j       pc - 0x8
core   0: 3 0x80009d68 (0xff9ff06f)
core   0: 0x80009d60 (0x00006f17) auipc   t5, 0x6
core   0: 3 0x80009d60 (0x00006f17) x30 0x8000fd60
core   0: 0x80009d64 (0x2a3f2023) sw      gp, 672(t5)
core   0: 3 0x80009d64 (0x2a3f2023) mem 0x80010000 0x00000001
core   0: 0x80009d68 (0xff9ff06f) j       pc - 0x8
core   0: 3 0x80009d68 (0xff9ff06f)
core   0: 0x80009d60 (0x00006f17) auipc   t5, 0x6
core   0: 3 0x80009d60 (0x00006f17) x30 0x8000fd60
core   0: 0x80009d64 (0x2a3f2023) sw      gp, 672(t5)
core   0: 3 0x80009d64 (0x2a3f2023) mem 0x80010000 0x00000001
core   0: 0x80009d68 (0xff9ff06f) j       pc - 0x8
core   0: 3 0x80009d68 (0xff9ff06f)
core   0: 0x80009d60 (0x00006f17) auipc   t5, 0x6
core   0: 3 0x80009d60 (0x00006f17) x30 0x8000fd60
core   0: 0x80009d64 (0x2a3f2023) sw      gp, 672(t5)
core   0: 3 0x80009d64 (0x2a3f2023) mem 0x80010000 0x00000001
core   0: 0x80009d68 (0xff9ff06f) j       pc - 0x8
core   0: 3 0x80009d68 (0xff9ff06f)
core   0: 0x80009d60 (0x00006f17) auipc   t5, 0x6
core   0: 3 0x80009d60 (0x00006f17) x30 0x8000fd60
core   0: 0x80009d64 (0x2a3f2023) sw      gp, 672(t5)
core   0: 3 0x80009d64 (0x2a3f2023) mem 0x80010000 0x00000001
core   0: 0x80009d68 (0xff9ff06f) j       pc - 0x8
core   0: 3 0x80009d68 (0xff9ff06f)
core   0: 0x80009d60 (0x00006f17) auipc   t5, 0x6
core   0: 3 0x80009d60 (0x00006f17) x30 0x8000fd60
core   0: 0x80009d64 (0x2a3f2023) sw      gp, 672(t5)
core   0: 3 0x80009d64 (0x2a3f2023) mem 0x80010000 0x00000001
core   0: 0x80009d68 (0xff9ff06f) j       pc - 0x8
core   0: 3 0x80009d68 (0xff9ff06f)
core   0: 0x80009d60 (0x00006f17) auipc   t5, 0x6
core   0: 3 0x80009d60 (0x00006f17) x30 0x8000fd60
core   0: 0x80009d64 (0x2a3f2023) sw      gp, 672(t5)
core   0: 3 0x80009d64 (0x2a3f2023) mem 0x80010000 0x00000001
core   0: 0x80009d68 (0xff9ff06f) j       pc - 0x8
core   0: 3 0x80009d68 (0xff9ff06f)
core   0: 0x80009d60 (0x00006f17) auipc   t5, 0x6
core   0: 3 0x80009d60 (0x00006f17) x30 0x8000fd60
core   0: 0x80009d64 (0x2a3f2023) sw      gp, 672(t5)
core   0: 3 0x80009d64 (0x2a3f2023) mem 0x80010000 0x00000001
core   0: 0x80009d68 (0xff9ff06f) j       pc - 0x8
core   0: 3 0x80009d68 (0xff9ff06f)
core   0: 0x80009d60 (0x00006f17) auipc   t5, 0x6
core   0: 3 0x80009d60 (0x00006f17) x30 0x8000fd60
core   0: 0x80009d64 (0x2a3f2023) sw      gp, 672(t5)
core   0: 3 0x80009d64 (0x2a3f2023) mem 0x80010000 0x00000001
core   0: 0x80009d68 (0xff9ff06f) j       pc - 0x8
core   0: 3 0x80009d68 (0xff9ff06f)
core   0: 0x80009d60 (0x00006f17) auipc   t5, 0x6
core   0: 3 0x80009d60 (0x00006f17) x30 0x8000fd60
core   0: 0x80009d64 (0x2a3f2023) sw      gp, 672(t5)
core   0: 3 0x80009d64 (0x2a3f2023) mem 0x80010000 0x00000001
core   0: 0x80009d68 (0xff9ff06f) j       pc - 0x8
core   0: 3 0x80009d68 (0xff9ff06f)
core   0: 0x80009d60 (0x00006f17) auipc   t5, 0x6
core   0: 3 0x80009d60 (0x00006f17) x30 0x8000fd60
core   0: 0x80009d64 (0x2a3f2023) sw      gp, 672(t5)
core   0: 3 0x80009d64 (0x2a3f2023) mem 0x80010000 0x00000001
core   0: 0x80009d68 (0xff9ff06f) j       pc - 0x8
core   0: 3 0x80009d68 (0xff9ff06f)
core   0: 0x80009d60 (0x00006f17) auipc   t5, 0x6
core   0: 3 0x80009d60 (0x00006f17) x30 0x8000fd60
core   0: 0x80009d64 (0x2a3f2023) sw      gp, 672(t5)
core   0: 3 0x80009d64 (0x2a3f2023) mem 0x80010000 0x00000001
core   0: 0x80009d68 (0xff9ff06f) j       pc - 0x8
core   0: 3 0x80009d68 (0xff9ff06f)
core   0: 0x80009d60 (0x00006f17) auipc   t5, 0x6
core   0: 3 0x80009d60 (0x00006f17) x30 0x8000fd60
core   0: 0x80009d64 (0x2a3f2023) sw      gp, 672(t5)
core   0: 3 0x80009d64 (0x2a3f2023) mem 0x80010000 0x00000001
core   0: 0x80009d68 (0xff9ff06f) j       pc - 0x8
core   0: 3 0x80009d68 (0xff9ff06f)
core   0: 0x80009d60 (0x00006f17) auipc   t5, 0x6
core   0: 3 0x80009d60 (0x00006f17) x30 0x8000fd60
core   0: 0x80009d64 (0x2a3f2023) sw      gp, 672(t5)
core   0: 3 0x80009d64 (0x2a3f2023) mem 0x80010000 0x00000001
core   0: 0x80009d68 (0xff9ff06f) j       pc - 0x8
core   0: 3 0x80009d68 (0xff9ff06f)
core   0: 0x80009d60 (0x00006f17) auipc   t5, 0x6
core   0: 3 0x80009d60 (0x00006f17) x30 0x8000fd60
core   0: 0x80009d64 (0x2a3f2023) sw      gp, 672(t5)
core   0: 3 0x80009d64 (0x2a3f2023) mem 0x80010000 0x00000001
core   0: 0x80009d68 (0xff9ff06f) j       pc - 0x8
core   0: 3 0x80009d68 (0xff9ff06f)
core   0: 0x80009d60 (0x00006f17) auipc   t5, 0x6
core   0: 3 0x80009d60 (0x00006f17) x30 0x8000fd60
core   0: 0x80009d64 (0x2a3f2023) sw      gp, 672(t5)
core   0: 3 0x80009d64 (0x2a3f2023) mem 0x80010000 0x00000001
core   0: 0x80009d68 (0xff9ff06f) j       pc - 0x8
core   0: 3 0x80009d68 (0xff9ff06f)
core   0: 0x80009d60 (0x00006f17) auipc   t5, 0x6
core   0: 3 0x80009d60 (0x00006f17) x30 0x8000fd60
core   0: 0x80009d64 (0x2a3f2023) sw      gp, 672(t5)
core   0: 3 0x80009d64 (0x2a3f2023) mem 0x80010000 0x00000001
core   0: 0x80009d68 (0xff9ff06f) j       pc - 0x8
core   0: 3 0x80009d68 (0xff9ff06f)
core   0: 0x80009d60 (0x00006f17) auipc   t5, 0x6
core   0: 3 0x80009d60 (0x00006f17) x30 0x8000fd60
core   0: 0x80009d64 (0x2a3f2023) sw      gp, 672(t5)
core   0: 3 0x80009d64 (0x2a3f2023) mem 0x80010000 0x00000001
core   0: 0x80009d68 (0xff9ff06f) j       pc - 0x8
core   0: 3 0x80009d68 (0xff9ff06f)
core   0: 0x80009d60 (0x00006f17) auipc   t5, 0x6
core   0: 3 0x80009d60 (0x00006f17) x30 0x8000fd60
core   0: 0x80009d64 (0x2a3f2023) sw      gp, 672(t5)
core   0: 3 0x80009d64 (0x2a3f2023) mem 0x80010000 0x00000001
core   0: 0x80009d68 (0xff9ff06f) j       pc - 0x8
core   0: 3 0x80009d68 (0xff9ff06f)
core   0: 0x80009d60 (0x00006f17) auipc   t5, 0x6
core   0: 3 0x80009d60 (0x00006f17) x30 0x8000fd60
core   0: 0x80009d64 (0x2a3f2023) sw      gp, 672(t5)
core   0: 3 0x80009d64 (0x2a3f2023) mem 0x80010000 0x00000001
core   0: 0x80009d68 (0xff9ff06f) j       pc - 0x8
core   0: 3 0x80009d68 (0xff9ff06f)
core   0: 0x80009d60 (0x00006f17) auipc   t5, 0x6
core   0: 3 0x80009d60 (0x00006f17) x30 0x8000fd60
core   0: 0x80009d64 (0x2a3f2023) sw      gp, 672(t5)
core   0: 3 0x80009d64 (0x2a3f2023) mem 0x80010000 0x00000001
core   0: 0x80009d68 (0xff9ff06f) j       pc - 0x8
core   0: 3 0x80009d68 (0xff9ff06f)
core   0: 0x80009d60 (0x00006f17) auipc   t5, 0x6
core   0: 3 0x80009d60 (0x00006f17) x30 0x8000fd60
core   0: 0x80009d64 (0x2a3f2023) sw      gp, 672(t5)
core   0: 3 0x80009d64 (0x2a3f2023) mem 0x80010000 0x00000001
core   0: 0x80009d68 (0xff9ff06f) j       pc - 0x8
core   0: 3 0x80009d68 (0xff9ff06f)
core   0: 0x80009d60 (0x00006f17) auipc   t5, 0x6
core   0: 3 0x80009d60 (0x00006f17) x30 0x8000fd60
core   0: 0x80009d64 (0x2a3f2023) sw      gp, 672(t5)
core   0: 3 0x80009d64 (0x2a3f2023) mem 0x80010000 0x00000001
core   0: 0x80009d68 (0xff9ff06f) j       pc - 0x8
core   0: 3 0x80009d68 (0xff9ff06f)
core   0: 0x80009d60 (0x00006f17) auipc   t5, 0x6
core   0: 3 0x80009d60 (0x00006f17) x30 0x8000fd60
core   0: 0x80009d64 (0x2a3f2023) sw      gp, 672(t5)
core   0: 3 0x80009d64 (0x2a3f2023) mem 0x80010000 0x00000001
core   0: 0x80009d68 (0xff9ff06f) j       pc - 0x8
core   0: 3 0x80009d68 (0xff9ff06f)
core   0: 0x80009d60 (0x00006f17) auipc   t5, 0x6
core   0: 3 0x80009d60 (0x00006f17) x30 0x8000fd60
core   0: 0x80009d64 (0x2a3f2023) sw      gp, 672(t5)
core   0: 3 0x80009d64 (0x2a3f2023) mem 0x80010000 0x00000001
core   0: 0x80009d68 (0xff9ff06f) j       pc - 0x8
core   0: 3 0x80009d68 (0xff9ff06f)
core   0: 0x80009d60 (0x00006f17) auipc   t5, 0x6
core   0: 3 0x80009d60 (0x00006f17) x30 0x8000fd60
core   0: 0x80009d64 (0x2a3f2023) sw      gp, 672(t5)
core   0: 3 0x80009d64 (0x2a3f2023) mem 0x80010000 0x00000001
core   0: 0x80009d68 (0xff9ff06f) j       pc - 0x8
core   0: 3 0x80009d68 (0xff9ff06f)
core   0: 0x80009d60 (0x00006f17) auipc   t5, 0x6
core   0: 3 0x80009d60 (0x00006f17) x30 0x8000fd60
core   0: 0x80009d64 (0x2a3f2023) sw      gp, 672(t5)
core   0: 3 0x80009d64 (0x2a3f2023) mem 0x80010000 0x00000001
core   0: 0x80009d68 (0xff9ff06f) j       pc - 0x8
core   0: 3 0x80009d68 (0xff9ff06f)
core   0: 0x80009d60 (0x00006f17) auipc   t5, 0x6
core   0: 3 0x80009d60 (0x00006f17) x30 0x8000fd60
core   0: 0x80009d64 (0x2a3f2023) sw      gp, 672(t5)
core   0: 3 0x80009d64 (0x2a3f2023) mem 0x80010000 0x00000001
core   0: 0x80009d68 (0xff9ff06f) j       pc - 0x8
core   0: 3 0x80009d68 (0xff9ff06f)
core   0: 0x80009d60 (0x00006f17) auipc   t5, 0x6
core   0: 3 0x80009d60 (0x00006f17) x30 0x8000fd60
core   0: 0x80009d64 (0x2a3f2023) sw      gp, 672(t5)
core   0: 3 0x80009d64 (0x2a3f2023) mem 0x80010000 0x00000001
core   0: 0x80009d68 (0xff9ff06f) j       pc - 0x8
core   0: 3 0x80009d68 (0xff9ff06f)
core   0: 0x80009d60 (0x00006f17) auipc   t5, 0x6
core   0: 3 0x80009d60 (0x00006f17) x30 0x8000fd60
core   0: 0x80009d64 (0x2a3f2023) sw      gp, 672(t5)
core   0: 3 0x80009d64 (0x2a3f2023) mem 0x80010000 0x00000001
core   0: 0x80009d68 (0xff9ff06f) j       pc - 0x8
core   0: 3 0x80009d68 (0xff9ff06f)
core   0: 0x80009d60 (0x00006f17) auipc   t5, 0x6
core   0: 3 0x80009d60 (0x00006f17) x30 0x8000fd60
core   0: 0x80009d64 (0x2a3f2023) sw      gp, 672(t5)
core   0: 3 0x80009d64 (0x2a3f2023) mem 0x80010000 0x00000001
core   0: 0x80009d68 (0xff9ff06f) j       pc - 0x8
core   0: 3 0x80009d68 (0xff9ff06f)
core   0: 0x80009d60 (0x00006f17) auipc   t5, 0x6
core   0: 3 0x80009d60 (0x00006f17) x30 0x8000fd60
core   0: 0x80009d64 (0x2a3f2023) sw      gp, 672(t5)
core   0: 3 0x80009d64 (0x2a3f2023) mem 0x80010000 0x00000001
core   0: 0x80009d68 (0xff9ff06f) j       pc - 0x8
core   0: 3 0x80009d68 (0xff9ff06f)
core   0: 0x80009d60 (0x00006f17) auipc   t5, 0x6
core   0: 3 0x80009d60 (0x00006f17) x30 0x8000fd60
core   0: 0x80009d64 (0x2a3f2023) sw      gp, 672(t5)
core   0: 3 0x80009d64 (0x2a3f2023) mem 0x80010000 0x00000001
core   0: 0x80009d68 (0xff9ff06f) j       pc - 0x8
core   0: 3 0x80009d68 (0xff9ff06f)
core   0: 0x80009d60 (0x00006f17) auipc   t5, 0x6
core   0: 3 0x80009d60 (0x00006f17) x30 0x8000fd60
core   0: 0x80009d64 (0x2a3f2023) sw      gp, 672(t5)
core   0: 3 0x80009d64 (0x2a3f2023) mem 0x80010000 0x00000001
core   0: 0x80009d68 (0xff9ff06f) j       pc - 0x8
core   0: 3 0x80009d68 (0xff9ff06f)
core   0: 0x80009d60 (0x00006f17) auipc   t5, 0x6
core   0: 3 0x80009d60 (0x00006f17) x30 0x8000fd60
core   0: 0x80009d64 (0x2a3f2023) sw      gp, 672(t5)
core   0: 3 0x80009d64 (0x2a3f2023) mem 0x80010000 0x00000001
core   0: 0x80009d68 (0xff9ff06f) j       pc - 0x8
core   0: 3 0x80009d68 (0xff9ff06f)
core   0: 0x80009d60 (0x00006f17) auipc   t5, 0x6
core   0: 3 0x80009d60 (0x00006f17) x30 0x8000fd60
core   0: 0x80009d64 (0x2a3f2023) sw      gp, 672(t5)
core   0: 3 0x80009d64 (0x2a3f2023) mem 0x80010000 0x00000001
core   0: 0x80009d68 (0xff9ff06f) j       pc - 0x8
core   0: 3 0x80009d68 (0xff9ff06f)
core   0: 0x80009d60 (0x00006f17) auipc   t5, 0x6
core   0: 3 0x80009d60 (0x00006f17) x30 0x8000fd60
core   0: 0x80009d64 (0x2a3f2023) sw      gp, 672(t5)
core   0: 3 0x80009d64 (0x2a3f2023) mem 0x80010000 0x00000001
core   0: 0x80009d68 (0xff9ff06f) j       pc - 0x8
core   0: 3 0x80009d68 (0xff9ff06f)
core   0: 0x80009d60 (0x00006f17) auipc   t5, 0x6
core   0: 3 0x80009d60 (0x00006f17) x30 0x8000fd60
core   0: 0x80009d64 (0x2a3f2023) sw      gp, 672(t5)
core   0: 3 0x80009d64 (0x2a3f2023) mem 0x80010000 0x00000001
core   0: 0x80009d68 (0xff9ff06f) j       pc - 0x8
core   0: 3 0x80009d68 (0xff9ff06f)
core   0: 0x80009d60 (0x00006f17) auipc   t5, 0x6
core   0: 3 0x80009d60 (0x00006f17) x30 0x8000fd60
core   0: 0x80009d64 (0x2a3f2023) sw      gp, 672(t5)
core   0: 3 0x80009d64 (0x2a3f2023) mem 0x80010000 0x00000001
core   0: 0x80009d68 (0xff9ff06f) j       pc - 0x8
core   0: 3 0x80009d68 (0xff9ff06f)
core   0: 0x80009d60 (0x00006f17) auipc   t5, 0x6
core   0: 3 0x80009d60 (0x00006f17) x30 0x8000fd60
core   0: 0x80009d64 (0x2a3f2023) sw      gp, 672(t5)
core   0: 3 0x80009d64 (0x2a3f2023) mem 0x80010000 0x00000001
core   0: 0x80009d68 (0xff9ff06f) j       pc - 0x8
core   0: 3 0x80009d68 (0xff9ff06f)
core   0: 0x80009d60 (0x00006f17) auipc   t5, 0x6
core   0: 3 0x80009d60 (0x00006f17) x30 0x8000fd60
core   0: 0x80009d64 (0x2a3f2023) sw      gp, 672(t5)
core   0: 3 0x80009d64 (0x2a3f2023) mem 0x80010000 0x00000001
core   0: 0x80009d68 (0xff9ff06f) j       pc - 0x8
core   0: 3 0x80009d68 (0xff9ff06f)
core   0: 0x80009d60 (0x00006f17) auipc   t5, 0x6
core   0: 3 0x80009d60 (0x00006f17) x30 0x8000fd60
core   0: 0x80009d64 (0x2a3f2023) sw      gp, 672(t5)
core   0: 3 0x80009d64 (0x2a3f2023) mem 0x80010000 0x00000001
core   0: 0x80009d68 (0xff9ff06f) j       pc - 0x8
core   0: 3 0x80009d68 (0xff9ff06f)
core   0: 0x80009d60 (0x00006f17) auipc   t5, 0x6
core   0: 3 0x80009d60 (0x00006f17) x30 0x8000fd60
core   0: 0x80009d64 (0x2a3f2023) sw      gp, 672(t5)
core   0: 3 0x80009d64 (0x2a3f2023) mem 0x80010000 0x00000001
core   0: 0x80009d68 (0xff9ff06f) j       pc - 0x8
core   0: 3 0x80009d68 (0xff9ff06f)
core   0: 0x80009d60 (0x00006f17) auipc   t5, 0x6
core   0: 3 0x80009d60 (0x00006f17) x30 0x8000fd60
core   0: 0x80009d64 (0x2a3f2023) sw      gp, 672(t5)
core   0: 3 0x80009d64 (0x2a3f2023) mem 0x80010000 0x00000001
core   0: 0x80009d68 (0xff9ff06f) j       pc - 0x8
core   0: 3 0x80009d68 (0xff9ff06f)
core   0: 0x80009d60 (0x00006f17) auipc   t5, 0x6
core   0: 3 0x80009d60 (0x00006f17) x30 0x8000fd60
core   0: 0x80009d64 (0x2a3f2023) sw      gp, 672(t5)
core   0: 3 0x80009d64 (0x2a3f2023) mem 0x80010000 0x00000001
core   0: 0x80009d68 (0xff9ff06f) j       pc - 0x8
core   0: 3 0x80009d68 (0xff9ff06f)
core   0: 0x80009d60 (0x00006f17) auipc   t5, 0x6
core   0: 3 0x80009d60 (0x00006f17) x30 0x8000fd60
core   0: 0x80009d64 (0x2a3f2023) sw      gp, 672(t5)
core   0: 3 0x80009d64 (0x2a3f2023) mem 0x80010000 0x00000001
core   0: 0x80009d68 (0xff9ff06f) j       pc - 0x8
core   0: 3 0x80009d68 (0xff9ff06f)
core   0: 0x80009d60 (0x00006f17) auipc   t5, 0x6
core   0: 3 0x80009d60 (0x00006f17) x30 0x8000fd60
core   0: 0x80009d64 (0x2a3f2023) sw      gp, 672(t5)
core   0: 3 0x80009d64 (0x2a3f2023) mem 0x80010000 0x00000001
core   0: 0x80009d68 (0xff9ff06f) j       pc - 0x8
core   0: 3 0x80009d68 (0xff9ff06f)
core   0: 0x80009d60 (0x00006f17) auipc   t5, 0x6
core   0: 3 0x80009d60 (0x00006f17) x30 0x8000fd60
core   0: 0x80009d64 (0x2a3f2023) sw      gp, 672(t5)
core   0: 3 0x80009d64 (0x2a3f2023) mem 0x80010000 0x00000001
core   0: 0x80009d68 (0xff9ff06f) j       pc - 0x8
core   0: 3 0x80009d68 (0xff9ff06f)
core   0: 0x80009d60 (0x00006f17) auipc   t5, 0x6
core   0: 3 0x80009d60 (0x00006f17) x30 0x8000fd60
core   0: 0x80009d64 (0x2a3f2023) sw      gp, 672(t5)
core   0: 3 0x80009d64 (0x2a3f2023) mem 0x80010000 0x00000001
core   0: 0x80009d68 (0xff9ff06f) j       pc - 0x8
core   0: 3 0x80009d68 (0xff9ff06f)
core   0: 0x80009d60 (0x00006f17) auipc   t5, 0x6
core   0: 3 0x80009d60 (0x00006f17) x30 0x8000fd60
core   0: 0x80009d64 (0x2a3f2023) sw      gp, 672(t5)
core   0: 3 0x80009d64 (0x2a3f2023) mem 0x80010000 0x00000001
core   0: 0x80009d68 (0xff9ff06f) j       pc - 0x8
core   0: 3 0x80009d68 (0xff9ff06f)
core   0: 0x80009d60 (0x00006f17) auipc   t5, 0x6
core   0: 3 0x80009d60 (0x00006f17) x30 0x8000fd60
core   0: 0x80009d64 (0x2a3f2023) sw      gp, 672(t5)
core   0: 3 0x80009d64 (0x2a3f2023) mem 0x80010000 0x00000001
core   0: 0x80009d68 (0xff9ff06f) j       pc - 0x8
core   0: 3 0x80009d68 (0xff9ff06f)
core   0: 0x80009d60 (0x00006f17) auipc   t5, 0x6
core   0: 3 0x80009d60 (0x00006f17) x30 0x8000fd60
core   0: 0x80009d64 (0x2a3f2023) sw      gp, 672(t5)
core   0: 3 0x80009d64 (0x2a3f2023) mem 0x80010000 0x00000001
core   0: 0x80009d68 (0xff9ff06f) j       pc - 0x8
core   0: 3 0x80009d68 (0xff9ff06f)
core   0: 0x80009d60 (0x00006f17) auipc   t5, 0x6
core   0: 3 0x80009d60 (0x00006f17) x30 0x8000fd60
core   0: 0x80009d64 (0x2a3f2023) sw      gp, 672(t5)
core   0: 3 0x80009d64 (0x2a3f2023) mem 0x80010000 0x00000001
core   0: 0x80009d68 (0xff9ff06f) j       pc - 0x8
core   0: 3 0x80009d68 (0xff9ff06f)
core   0: 0x80009d60 (0x00006f17) auipc   t5, 0x6
core   0: 3 0x80009d60 (0x00006f17) x30 0x8000fd60
core   0: 0x80009d64 (0x2a3f2023) sw      gp, 672(t5)
core   0: 3 0x80009d64 (0x2a3f2023) mem 0x80010000 0x00000001
core   0: 0x80009d68 (0xff9ff06f) j       pc - 0x8
core   0: 3 0x80009d68 (0xff9ff06f)
core   0: 0x80009d60 (0x00006f17) auipc   t5, 0x6
core   0: 3 0x80009d60 (0x00006f17) x30 0x8000fd60
core   0: 0x80009d64 (0x2a3f2023) sw      gp, 672(t5)
core   0: 3 0x80009d64 (0x2a3f2023) mem 0x80010000 0x00000001
core   0: 0x80009d68 (0xff9ff06f) j       pc - 0x8
core   0: 3 0x80009d68 (0xff9ff06f)
core   0: 0x80009d60 (0x00006f17) auipc   t5, 0x6
core   0: 3 0x80009d60 (0x00006f17) x30 0x8000fd60
core   0: 0x80009d64 (0x2a3f2023) sw      gp, 672(t5)
core   0: 3 0x80009d64 (0x2a3f2023) mem 0x80010000 0x00000001
core   0: 0x80009d68 (0xff9ff06f) j       pc - 0x8
core   0: 3 0x80009d68 (0xff9ff06f)
core   0: 0x80009d60 (0x00006f17) auipc   t5, 0x6
core   0: 3 0x80009d60 (0x00006f17) x30 0x8000fd60
core   0: 0x80009d64 (0x2a3f2023) sw      gp, 672(t5)
core   0: 3 0x80009d64 (0x2a3f2023) mem 0x80010000 0x00000001
core   0: 0x80009d68 (0xff9ff06f) j       pc - 0x8
core   0: 3 0x80009d68 (0xff9ff06f)
core   0: 0x80009d60 (0x00006f17) auipc   t5, 0x6
core   0: 3 0x80009d60 (0x00006f17) x30 0x8000fd60
core   0: 0x80009d64 (0x2a3f2023) sw      gp, 672(t5)
core   0: 3 0x80009d64 (0x2a3f2023) mem 0x80010000 0x00000001
core   0: 0x80009d68 (0xff9ff06f) j       pc - 0x8
core   0: 3 0x80009d68 (0xff9ff06f)
core   0: 0x80009d60 (0x00006f17) auipc   t5, 0x6
core   0: 3 0x80009d60 (0x00006f17) x30 0x8000fd60
core   0: 0x80009d64 (0x2a3f2023) sw      gp, 672(t5)
core   0: 3 0x80009d64 (0x2a3f2023) mem 0x80010000 0x00000001
core   0: 0x80009d68 (0xff9ff06f) j       pc - 0x8
core   0: 3 0x80009d68 (0xff9ff06f)
core   0: 0x80009d60 (0x00006f17) auipc   t5, 0x6
core   0: 3 0x80009d60 (0x00006f17) x30 0x8000fd60
core   0: 0x80009d64 (0x2a3f2023) sw      gp, 672(t5)
core   0: 3 0x80009d64 (0x2a3f2023) mem 0x80010000 0x00000001
core   0: 0x80009d68 (0xff9ff06f) j       pc - 0x8
core   0: 3 0x80009d68 (0xff9ff06f)
core   0: 0x80009d60 (0x00006f17) auipc   t5, 0x6
core   0: 3 0x80009d60 (0x00006f17) x30 0x8000fd60
core   0: 0x80009d64 (0x2a3f2023) sw      gp, 672(t5)
core   0: 3 0x80009d64 (0x2a3f2023) mem 0x80010000 0x00000001
core   0: 0x80009d68 (0xff9ff06f) j       pc - 0x8
core   0: 3 0x80009d68 (0xff9ff06f)
core   0: 0x80009d60 (0x00006f17) auipc   t5, 0x6
core   0: 3 0x80009d60 (0x00006f17) x30 0x8000fd60
core   0: 0x80009d64 (0x2a3f2023) sw      gp, 672(t5)
core   0: 3 0x80009d64 (0x2a3f2023) mem 0x80010000 0x00000001
core   0: 0x80009d68 (0xff9ff06f) j       pc - 0x8
core   0: 3 0x80009d68 (0xff9ff06f)
core   0: 0x80009d60 (0x00006f17) auipc   t5, 0x6
core   0: 3 0x80009d60 (0x00006f17) x30 0x8000fd60
core   0: 0x80009d64 (0x2a3f2023) sw      gp, 672(t5)
core   0: 3 0x80009d64 (0x2a3f2023) mem 0x80010000 0x00000001
core   0: 0x80009d68 (0xff9ff06f) j       pc - 0x8
core   0: 3 0x80009d68 (0xff9ff06f)
core   0: 0x80009d60 (0x00006f17) auipc   t5, 0x6
core   0: 3 0x80009d60 (0x00006f17) x30 0x8000fd60
core   0: 0x80009d64 (0x2a3f2023) sw      gp, 672(t5)
core   0: 3 0x80009d64 (0x2a3f2023) mem 0x80010000 0x00000001
core   0: 0x80009d68 (0xff9ff06f) j       pc - 0x8
core   0: 3 0x80009d68 (0xff9ff06f)
core   0: 0x80009d60 (0x00006f17) auipc   t5, 0x6
core   0: 3 0x80009d60 (0x00006f17) x30 0x8000fd60
core   0: 0x80009d64 (0x2a3f2023) sw      gp, 672(t5)
core   0: 3 0x80009d64 (0x2a3f2023) mem 0x80010000 0x00000001
core   0: 0x80009d68 (0xff9ff06f) j       pc - 0x8
core   0: 3 0x80009d68 (0xff9ff06f)
core   0: 0x80009d60 (0x00006f17) auipc   t5, 0x6
core   0: 3 0x80009d60 (0x00006f17) x30 0x8000fd60
core   0: 0x80009d64 (0x2a3f2023) sw      gp, 672(t5)
core   0: 3 0x80009d64 (0x2a3f2023) mem 0x80010000 0x00000001
core   0: 0x80009d68 (0xff9ff06f) j       pc - 0x8
core   0: 3 0x80009d68 (0xff9ff06f)
core   0: 0x80009d60 (0x00006f17) auipc   t5, 0x6
core   0: 3 0x80009d60 (0x00006f17) x30 0x8000fd60
core   0: 0x80009d64 (0x2a3f2023) sw      gp, 672(t5)
core   0: 3 0x80009d64 (0x2a3f2023) mem 0x80010000 0x00000001
core   0: 0x80009d68 (0xff9ff06f) j       pc - 0x8
core   0: 3 0x80009d68 (0xff9ff06f)
core   0: 0x80009d60 (0x00006f17) auipc   t5, 0x6
core   0: 3 0x80009d60 (0x00006f17) x30 0x8000fd60
core   0: 0x80009d64 (0x2a3f2023) sw      gp, 672(t5)
core   0: 3 0x80009d64 (0x2a3f2023) mem 0x80010000 0x00000001
core   0: 0x80009d68 (0xff9ff06f) j       pc - 0x8
core   0: 3 0x80009d68 (0xff9ff06f)
core   0: 0x80009d60 (0x00006f17) auipc   t5, 0x6
core   0: 3 0x80009d60 (0x00006f17) x30 0x8000fd60
core   0: 0x80009d64 (0x2a3f2023) sw      gp, 672(t5)
core   0: 3 0x80009d64 (0x2a3f2023) mem 0x80010000 0x00000001
core   0: 0x80009d68 (0xff9ff06f) j       pc - 0x8
core   0: 3 0x80009d68 (0xff9ff06f)
core   0: 0x80009d60 (0x00006f17) auipc   t5, 0x6
core   0: 3 0x80009d60 (0x00006f17) x30 0x8000fd60
core   0: 0x80009d64 (0x2a3f2023) sw      gp, 672(t5)
core   0: 3 0x80009d64 (0x2a3f2023) mem 0x80010000 0x00000001
core   0: 0x80009d68 (0xff9ff06f) j       pc - 0x8
core   0: 3 0x80009d68 (0xff9ff06f)
core   0: 0x80009d60 (0x00006f17) auipc   t5, 0x6
core   0: 3 0x80009d60 (0x00006f17) x30 0x8000fd60
core   0: 0x80009d64 (0x2a3f2023) sw      gp, 672(t5)
core   0: 3 0x80009d64 (0x2a3f2023) mem 0x80010000 0x00000001
core   0: 0x80009d68 (0xff9ff06f) j       pc - 0x8
core   0: 3 0x80009d68 (0xff9ff06f)
core   0: 0x80009d60 (0x00006f17) auipc   t5, 0x6
core   0: 3 0x80009d60 (0x00006f17) x30 0x8000fd60
core   0: 0x80009d64 (0x2a3f2023) sw      gp, 672(t5)
core   0: 3 0x80009d64 (0x2a3f2023) mem 0x80010000 0x00000001
core   0: 0x80009d68 (0xff9ff06f) j       pc - 0x8
core   0: 3 0x80009d68 (0xff9ff06f)
core   0: 0x80009d60 (0x00006f17) auipc   t5, 0x6
core   0: 3 0x80009d60 (0x00006f17) x30 0x8000fd60
core   0: 0x80009d64 (0x2a3f2023) sw      gp, 672(t5)
core   0: 3 0x80009d64 (0x2a3f2023) mem 0x80010000 0x00000001
core   0: 0x80009d68 (0xff9ff06f) j       pc - 0x8
core   0: 3 0x80009d68 (0xff9ff06f)
core   0: 0x80009d60 (0x00006f17) auipc   t5, 0x6
core   0: 3 0x80009d60 (0x00006f17) x30 0x8000fd60
core   0: 0x80009d64 (0x2a3f2023) sw      gp, 672(t5)
core   0: 3 0x80009d64 (0x2a3f2023) mem 0x80010000 0x00000001
core   0: 0x80009d68 (0xff9ff06f) j       pc - 0x8
core   0: 3 0x80009d68 (0xff9ff06f)
core   0: 0x80009d60 (0x00006f17) auipc   t5, 0x6
core   0: 3 0x80009d60 (0x00006f17) x30 0x8000fd60
core   0: 0x80009d64 (0x2a3f2023) sw      gp, 672(t5)
core   0: 3 0x80009d64 (0x2a3f2023) mem 0x80010000 0x00000001
core   0: 0x80009d68 (0xff9ff06f) j       pc - 0x8
core   0: 3 0x80009d68 (0xff9ff06f)
core   0: 0x80009d60 (0x00006f17) auipc   t5, 0x6
core   0: 3 0x80009d60 (0x00006f17) x30 0x8000fd60
core   0: 0x80009d64 (0x2a3f2023) sw      gp, 672(t5)
core   0: 3 0x80009d64 (0x2a3f2023) mem 0x80010000 0x00000001
core   0: 0x80009d68 (0xff9ff06f) j       pc - 0x8
core   0: 3 0x80009d68 (0xff9ff06f)
core   0: 0x80009d60 (0x00006f17) auipc   t5, 0x6
core   0: 3 0x80009d60 (0x00006f17) x30 0x8000fd60
core   0: 0x80009d64 (0x2a3f2023) sw      gp, 672(t5)
core   0: 3 0x80009d64 (0x2a3f2023) mem 0x80010000 0x00000001
core   0: 0x80009d68 (0xff9ff06f) j       pc - 0x8
core   0: 3 0x80009d68 (0xff9ff06f)
core   0: 0x80009d60 (0x00006f17) auipc   t5, 0x6
core   0: 3 0x80009d60 (0x00006f17) x30 0x8000fd60
core   0: 0x80009d64 (0x2a3f2023) sw      gp, 672(t5)
core   0: 3 0x80009d64 (0x2a3f2023) mem 0x80010000 0x00000001
core   0: 0x80009d68 (0xff9ff06f) j       pc - 0x8
core   0: 3 0x80009d68 (0xff9ff06f)
core   0: 0x80009d60 (0x00006f17) auipc   t5, 0x6
core   0: 3 0x80009d60 (0x00006f17) x30 0x8000fd60
core   0: 0x80009d64 (0x2a3f2023) sw      gp, 672(t5)
core   0: 3 0x80009d64 (0x2a3f2023) mem 0x80010000 0x00000001
core   0: 0x80009d68 (0xff9ff06f) j       pc - 0x8
core   0: 3 0x80009d68 (0xff9ff06f)
core   0: 0x80009d60 (0x00006f17) auipc   t5, 0x6
core   0: 3 0x80009d60 (0x00006f17) x30 0x8000fd60
core   0: 0x80009d64 (0x2a3f2023) sw      gp, 672(t5)
core   0: 3 0x80009d64 (0x2a3f2023) mem 0x80010000 0x00000001
core   0: 0x80009d68 (0xff9ff06f) j       pc - 0x8
core   0: 3 0x80009d68 (0xff9ff06f)
core   0: 0x80009d60 (0x00006f17) auipc   t5, 0x6
core   0: 3 0x80009d60 (0x00006f17) x30 0x8000fd60
core   0: 0x80009d64 (0x2a3f2023) sw      gp, 672(t5)
core   0: 3 0x80009d64 (0x2a3f2023) mem 0x80010000 0x00000001
core   0: 0x80009d68 (0xff9ff06f) j       pc - 0x8
core   0: 3 0x80009d68 (0xff9ff06f)
core   0: 0x80009d60 (0x00006f17) auipc   t5, 0x6
core   0: 3 0x80009d60 (0x00006f17) x30 0x8000fd60
core   0: 0x80009d64 (0x2a3f2023) sw      gp, 672(t5)
core   0: 3 0x80009d64 (0x2a3f2023) mem 0x80010000 0x00000001
core   0: 0x80009d68 (0xff9ff06f) j       pc - 0x8
core   0: 3 0x80009d68 (0xff9ff06f)
core   0: 0x80009d60 (0x00006f17) auipc   t5, 0x6
core   0: 3 0x80009d60 (0x00006f17) x30 0x8000fd60
core   0: 0x80009d64 (0x2a3f2023) sw      gp, 672(t5)
core   0: 3 0x80009d64 (0x2a3f2023) mem 0x80010000 0x00000001
core   0: 0x80009d68 (0xff9ff06f) j       pc - 0x8
core   0: 3 0x80009d68 (0xff9ff06f)
core   0: 0x80009d60 (0x00006f17) auipc   t5, 0x6
core   0: 3 0x80009d60 (0x00006f17) x30 0x8000fd60
core   0: 0x80009d64 (0x2a3f2023) sw      gp, 672(t5)
core   0: 3 0x80009d64 (0x2a3f2023) mem 0x80010000 0x00000001
core   0: 0x80009d68 (0xff9ff06f) j       pc - 0x8
core   0: 3 0x80009d68 (0xff9ff06f)
core   0: 0x80009d60 (0x00006f17) auipc   t5, 0x6
core   0: 3 0x80009d60 (0x00006f17) x30 0x8000fd60
core   0: 0x80009d64 (0x2a3f2023) sw      gp, 672(t5)
core   0: 3 0x80009d64 (0x2a3f2023) mem 0x80010000 0x00000001
core   0: 0x80009d68 (0xff9ff06f) j       pc - 0x8
core   0: 3 0x80009d68 (0xff9ff06f)
core   0: 0x80009d60 (0x00006f17) auipc   t5, 0x6
core   0: 3 0x80009d60 (0x00006f17) x30 0x8000fd60
core   0: 0x80009d64 (0x2a3f2023) sw      gp, 672(t5)
core   0: 3 0x80009d64 (0x2a3f2023) mem 0x80010000 0x00000001
core   0: 0x80009d68 (0xff9ff06f) j       pc - 0x8
core   0: 3 0x80009d68 (0xff9ff06f)
core   0: 0x80009d60 (0x00006f17) auipc   t5, 0x6
core   0: 3 0x80009d60 (0x00006f17) x30 0x8000fd60
core   0: 0x80009d64 (0x2a3f2023) sw      gp, 672(t5)
core   0: 3 0x80009d64 (0x2a3f2023) mem 0x80010000 0x00000001
core   0: 0x80009d68 (0xff9ff06f) j       pc - 0x8
core   0: 3 0x80009d68 (0xff9ff06f)
core   0: 0x80009d60 (0x00006f17) auipc   t5, 0x6
core   0: 3 0x80009d60 (0x00006f17) x30 0x8000fd60
core   0: 0x80009d64 (0x2a3f2023) sw      gp, 672(t5)
core   0: 3 0x80009d64 (0x2a3f2023) mem 0x80010000 0x00000001
core   0: 0x80009d68 (0xff9ff06f) j       pc - 0x8
core   0: 3 0x80009d68 (0xff9ff06f)
core   0: 0x80009d60 (0x00006f17) auipc   t5, 0x6
core   0: 3 0x80009d60 (0x00006f17) x30 0x8000fd60
core   0: 0x80009d64 (0x2a3f2023) sw      gp, 672(t5)
core   0: 3 0x80009d64 (0x2a3f2023) mem 0x80010000 0x00000001
core   0: 0x80009d68 (0xff9ff06f) j       pc - 0x8
core   0: 3 0x80009d68 (0xff9ff06f)
core   0: 0x80009d60 (0x00006f17) auipc   t5, 0x6
core   0: 3 0x80009d60 (0x00006f17) x30 0x8000fd60
core   0: 0x80009d64 (0x2a3f2023) sw      gp, 672(t5)
core   0: 3 0x80009d64 (0x2a3f2023) mem 0x80010000 0x00000001
core   0: 0x80009d68 (0xff9ff06f) j       pc - 0x8
core   0: 3 0x80009d68 (0xff9ff06f)
core   0: 0x80009d60 (0x00006f17) auipc   t5, 0x6
core   0: 3 0x80009d60 (0x00006f17) x30 0x8000fd60
core   0: 0x80009d64 (0x2a3f2023) sw      gp, 672(t5)
core   0: 3 0x80009d64 (0x2a3f2023) mem 0x80010000 0x00000001
core   0: 0x80009d68 (0xff9ff06f) j       pc - 0x8
core   0: 3 0x80009d68 (0xff9ff06f)
core   0: 0x80009d60 (0x00006f17) auipc   t5, 0x6
core   0: 3 0x80009d60 (0x00006f17) x30 0x8000fd60
core   0: 0x80009d64 (0x2a3f2023) sw      gp, 672(t5)
core   0: 3 0x80009d64 (0x2a3f2023) mem 0x80010000 0x00000001
core   0: 0x80009d68 (0xff9ff06f) j       pc - 0x8
core   0: 3 0x80009d68 (0xff9ff06f)
core   0: 0x80009d60 (0x00006f17) auipc   t5, 0x6
core   0: 3 0x80009d60 (0x00006f17) x30 0x8000fd60
core   0: 0x80009d64 (0x2a3f2023) sw      gp, 672(t5)
core   0: 3 0x80009d64 (0x2a3f2023) mem 0x80010000 0x00000001
core   0: 0x80009d68 (0xff9ff06f) j       pc - 0x8
core   0: 3 0x80009d68 (0xff9ff06f)
core   0: 0x80009d60 (0x00006f17) auipc   t5, 0x6
core   0: 3 0x80009d60 (0x00006f17) x30 0x8000fd60
core   0: 0x80009d64 (0x2a3f2023) sw      gp, 672(t5)
core   0: 3 0x80009d64 (0x2a3f2023) mem 0x80010000 0x00000001
core   0: 0x80009d68 (0xff9ff06f) j       pc - 0x8
core   0: 3 0x80009d68 (0xff9ff06f)
core   0: 0x80009d60 (0x00006f17) auipc   t5, 0x6
core   0: 3 0x80009d60 (0x00006f17) x30 0x8000fd60
core   0: 0x80009d64 (0x2a3f2023) sw      gp, 672(t5)
core   0: 3 0x80009d64 (0x2a3f2023) mem 0x80010000 0x00000001
core   0: 0x80009d68 (0xff9ff06f) j       pc - 0x8
core   0: 3 0x80009d68 (0xff9ff06f)
core   0: 0x80009d60 (0x00006f17) auipc   t5, 0x6
core   0: 3 0x80009d60 (0x00006f17) x30 0x8000fd60
core   0: 0x80009d64 (0x2a3f2023) sw      gp, 672(t5)
core   0: 3 0x80009d64 (0x2a3f2023) mem 0x80010000 0x00000001
core   0: 0x80009d68 (0xff9ff06f) j       pc - 0x8
core   0: 3 0x80009d68 (0xff9ff06f)
core   0: 0x80009d60 (0x00006f17) auipc   t5, 0x6
core   0: 3 0x80009d60 (0x00006f17) x30 0x8000fd60
core   0: 0x80009d64 (0x2a3f2023) sw      gp, 672(t5)
core   0: 3 0x80009d64 (0x2a3f2023) mem 0x80010000 0x00000001
core   0: 0x80009d68 (0xff9ff06f) j       pc - 0x8
core   0: 3 0x80009d68 (0xff9ff06f)
core   0: 0x80009d60 (0x00006f17) auipc   t5, 0x6
core   0: 3 0x80009d60 (0x00006f17) x30 0x8000fd60
core   0: 0x80009d64 (0x2a3f2023) sw      gp, 672(t5)
core   0: 3 0x80009d64 (0x2a3f2023) mem 0x80010000 0x00000001
core   0: 0x80009d68 (0xff9ff06f) j       pc - 0x8
core   0: 3 0x80009d68 (0xff9ff06f)
core   0: 0x80009d60 (0x00006f17) auipc   t5, 0x6
core   0: 3 0x80009d60 (0x00006f17) x30 0x8000fd60
core   0: 0x80009d64 (0x2a3f2023) sw      gp, 672(t5)
core   0: 3 0x80009d64 (0x2a3f2023) mem 0x80010000 0x00000001
core   0: 0x80009d68 (0xff9ff06f) j       pc - 0x8
core   0: 3 0x80009d68 (0xff9ff06f)
core   0: 0x80009d60 (0x00006f17) auipc   t5, 0x6
core   0: 3 0x80009d60 (0x00006f17) x30 0x8000fd60
core   0: 0x80009d64 (0x2a3f2023) sw      gp, 672(t5)
core   0: 3 0x80009d64 (0x2a3f2023) mem 0x80010000 0x00000001
core   0: 0x80009d68 (0xff9ff06f) j       pc - 0x8
core   0: 3 0x80009d68 (0xff9ff06f)
core   0: 0x80009d60 (0x00006f17) auipc   t5, 0x6
core   0: 3 0x80009d60 (0x00006f17) x30 0x8000fd60
core   0: 0x80009d64 (0x2a3f2023) sw      gp, 672(t5)
core   0: 3 0x80009d64 (0x2a3f2023) mem 0x80010000 0x00000001
core   0: 0x80009d68 (0xff9ff06f) j       pc - 0x8
core   0: 3 0x80009d68 (0xff9ff06f)
core   0: 0x80009d60 (0x00006f17) auipc   t5, 0x6
core   0: 3 0x80009d60 (0x00006f17) x30 0x8000fd60
core   0: 0x80009d64 (0x2a3f2023) sw      gp, 672(t5)
core   0: 3 0x80009d64 (0x2a3f2023) mem 0x80010000 0x00000001
core   0: 0x80009d68 (0xff9ff06f) j       pc - 0x8
core   0: 3 0x80009d68 (0xff9ff06f)
core   0: 0x80009d60 (0x00006f17) auipc   t5, 0x6
core   0: 3 0x80009d60 (0x00006f17) x30 0x8000fd60
core   0: 0x80009d64 (0x2a3f2023) sw      gp, 672(t5)
core   0: 3 0x80009d64 (0x2a3f2023) mem 0x80010000 0x00000001
core   0: 0x80009d68 (0xff9ff06f) j       pc - 0x8
core   0: 3 0x80009d68 (0xff9ff06f)
core   0: 0x80009d60 (0x00006f17) auipc   t5, 0x6
core   0: 3 0x80009d60 (0x00006f17) x30 0x8000fd60
core   0: 0x80009d64 (0x2a3f2023) sw      gp, 672(t5)
core   0: 3 0x80009d64 (0x2a3f2023) mem 0x80010000 0x00000001
core   0: 0x80009d68 (0xff9ff06f) j       pc - 0x8
core   0: 3 0x80009d68 (0xff9ff06f)
core   0: 0x80009d60 (0x00006f17) auipc   t5, 0x6
core   0: 3 0x80009d60 (0x00006f17) x30 0x8000fd60
core   0: 0x80009d64 (0x2a3f2023) sw      gp, 672(t5)
core   0: 3 0x80009d64 (0x2a3f2023) mem 0x80010000 0x00000001
core   0: 0x80009d68 (0xff9ff06f) j       pc - 0x8
core   0: 3 0x80009d68 (0xff9ff06f)
core   0: 0x80009d60 (0x00006f17) auipc   t5, 0x6
core   0: 3 0x80009d60 (0x00006f17) x30 0x8000fd60
core   0: 0x80009d64 (0x2a3f2023) sw      gp, 672(t5)
core   0: 3 0x80009d64 (0x2a3f2023) mem 0x80010000 0x00000001
core   0: 0x80009d68 (0xff9ff06f) j       pc - 0x8
core   0: 3 0x80009d68 (0xff9ff06f)
core   0: 0x80009d60 (0x00006f17) auipc   t5, 0x6
core   0: 3 0x80009d60 (0x00006f17) x30 0x8000fd60
core   0: 0x80009d64 (0x2a3f2023) sw      gp, 672(t5)
core   0: 3 0x80009d64 (0x2a3f2023) mem 0x80010000 0x00000001
core   0: 0x80009d68 (0xff9ff06f) j       pc - 0x8
core   0: 3 0x80009d68 (0xff9ff06f)
core   0: 0x80009d60 (0x00006f17) auipc   t5, 0x6
core   0: 3 0x80009d60 (0x00006f17) x30 0x8000fd60
core   0: 0x80009d64 (0x2a3f2023) sw      gp, 672(t5)
core   0: 3 0x80009d64 (0x2a3f2023) mem 0x80010000 0x00000001
core   0: 0x80009d68 (0xff9ff06f) j       pc - 0x8
core   0: 3 0x80009d68 (0xff9ff06f)
core   0: 0x80009d60 (0x00006f17) auipc   t5, 0x6
core   0: 3 0x80009d60 (0x00006f17) x30 0x8000fd60
core   0: 0x80009d64 (0x2a3f2023) sw      gp, 672(t5)
core   0: 3 0x80009d64 (0x2a3f2023) mem 0x80010000 0x00000001
core   0: 0x80009d68 (0xff9ff06f) j       pc - 0x8
core   0: 3 0x80009d68 (0xff9ff06f)
core   0: 0x80009d60 (0x00006f17) auipc   t5, 0x6
core   0: 3 0x80009d60 (0x00006f17) x30 0x8000fd60
core   0: 0x80009d64 (0x2a3f2023) sw      gp, 672(t5)
core   0: 3 0x80009d64 (0x2a3f2023) mem 0x80010000 0x00000001
core   0: 0x80009d68 (0xff9ff06f) j       pc - 0x8
core   0: 3 0x80009d68 (0xff9ff06f)
core   0: 0x80009d60 (0x00006f17) auipc   t5, 0x6
core   0: 3 0x80009d60 (0x00006f17) x30 0x8000fd60
core   0: 0x80009d64 (0x2a3f2023) sw      gp, 672(t5)
core   0: 3 0x80009d64 (0x2a3f2023) mem 0x80010000 0x00000001
core   0: 0x80009d68 (0xff9ff06f) j       pc - 0x8
core   0: 3 0x80009d68 (0xff9ff06f)
core   0: 0x80009d60 (0x00006f17) auipc   t5, 0x6
core   0: 3 0x80009d60 (0x00006f17) x30 0x8000fd60
core   0: 0x80009d64 (0x2a3f2023) sw      gp, 672(t5)
core   0: 3 0x80009d64 (0x2a3f2023) mem 0x80010000 0x00000001
core   0: 0x80009d68 (0xff9ff06f) j       pc - 0x8
core   0: 3 0x80009d68 (0xff9ff06f)
core   0: 0x80009d60 (0x00006f17) auipc   t5, 0x6
core   0: 3 0x80009d60 (0x00006f17) x30 0x8000fd60
core   0: 0x80009d64 (0x2a3f2023) sw      gp, 672(t5)
core   0: 3 0x80009d64 (0x2a3f2023) mem 0x80010000 0x00000001
core   0: 0x80009d68 (0xff9ff06f) j       pc - 0x8
core   0: 3 0x80009d68 (0xff9ff06f)
core   0: 0x80009d60 (0x00006f17) auipc   t5, 0x6
core   0: 3 0x80009d60 (0x00006f17) x30 0x8000fd60
core   0: 0x80009d64 (0x2a3f2023) sw      gp, 672(t5)
core   0: 3 0x80009d64 (0x2a3f2023) mem 0x80010000 0x00000001
core   0: 0x80009d68 (0xff9ff06f) j       pc - 0x8
core   0: 3 0x80009d68 (0xff9ff06f)
core   0: 0x80009d60 (0x00006f17) auipc   t5, 0x6
core   0: 3 0x80009d60 (0x00006f17) x30 0x8000fd60
core   0: 0x80009d64 (0x2a3f2023) sw      gp, 672(t5)
core   0: 3 0x80009d64 (0x2a3f2023) mem 0x80010000 0x00000001
core   0: 0x80009d68 (0xff9ff06f) j       pc - 0x8
core   0: 3 0x80009d68 (0xff9ff06f)
core   0: 0x80009d60 (0x00006f17) auipc   t5, 0x6
core   0: 3 0x80009d60 (0x00006f17) x30 0x8000fd60
core   0: 0x80009d64 (0x2a3f2023) sw      gp, 672(t5)
core   0: 3 0x80009d64 (0x2a3f2023) mem 0x80010000 0x00000001
core   0: 0x80009d68 (0xff9ff06f) j       pc - 0x8
core   0: 3 0x80009d68 (0xff9ff06f)
core   0: 0x80009d60 (0x00006f17) auipc   t5, 0x6
core   0: 3 0x80009d60 (0x00006f17) x30 0x8000fd60
core   0: 0x80009d64 (0x2a3f2023) sw      gp, 672(t5)
core   0: 3 0x80009d64 (0x2a3f2023) mem 0x80010000 0x00000001
core   0: 0x80009d68 (0xff9ff06f) j       pc - 0x8
core   0: 3 0x80009d68 (0xff9ff06f)
core   0: 0x80009d60 (0x00006f17) auipc   t5, 0x6
core   0: 3 0x80009d60 (0x00006f17) x30 0x8000fd60
core   0: 0x80009d64 (0x2a3f2023) sw      gp, 672(t5)
core   0: 3 0x80009d64 (0x2a3f2023) mem 0x80010000 0x00000001
core   0: 0x80009d68 (0xff9ff06f) j       pc - 0x8
core   0: 3 0x80009d68 (0xff9ff06f)
core   0: 0x80009d60 (0x00006f17) auipc   t5, 0x6
core   0: 3 0x80009d60 (0x00006f17) x30 0x8000fd60
core   0: 0x80009d64 (0x2a3f2023) sw      gp, 672(t5)
core   0: 3 0x80009d64 (0x2a3f2023) mem 0x80010000 0x00000001
core   0: 0x80009d68 (0xff9ff06f) j       pc - 0x8
core   0: 3 0x80009d68 (0xff9ff06f)
core   0: 0x80009d60 (0x00006f17) auipc   t5, 0x6
core   0: 3 0x80009d60 (0x00006f17) x30 0x8000fd60
core   0: 0x80009d64 (0x2a3f2023) sw      gp, 672(t5)
core   0: 3 0x80009d64 (0x2a3f2023) mem 0x80010000 0x00000001
core   0: 0x80009d68 (0xff9ff06f) j       pc - 0x8
core   0: 3 0x80009d68 (0xff9ff06f)
core   0: 0x80009d60 (0x00006f17) auipc   t5, 0x6
core   0: 3 0x80009d60 (0x00006f17) x30 0x8000fd60
core   0: 0x80009d64 (0x2a3f2023) sw      gp, 672(t5)
core   0: 3 0x80009d64 (0x2a3f2023) mem 0x80010000 0x00000001
core   0: 0x80009d68 (0xff9ff06f) j       pc - 0x8
core   0: 3 0x80009d68 (0xff9ff06f)
core   0: 0x80009d60 (0x00006f17) auipc   t5, 0x6
core   0: 3 0x80009d60 (0x00006f17) x30 0x8000fd60
core   0: 0x80009d64 (0x2a3f2023) sw      gp, 672(t5)
core   0: 3 0x80009d64 (0x2a3f2023) mem 0x80010000 0x00000001
core   0: 0x80009d68 (0xff9ff06f) j       pc - 0x8
core   0: 3 0x80009d68 (0xff9ff06f)
core   0: 0x80009d60 (0x00006f17) auipc   t5, 0x6
core   0: 3 0x80009d60 (0x00006f17) x30 0x8000fd60
core   0: 0x80009d64 (0x2a3f2023) sw      gp, 672(t5)
core   0: 3 0x80009d64 (0x2a3f2023) mem 0x80010000 0x00000001
core   0: 0x80009d68 (0xff9ff06f) j       pc - 0x8
core   0: 3 0x80009d68 (0xff9ff06f)
core   0: 0x80009d60 (0x00006f17) auipc   t5, 0x6
core   0: 3 0x80009d60 (0x00006f17) x30 0x8000fd60
core   0: 0x80009d64 (0x2a3f2023) sw      gp, 672(t5)
core   0: 3 0x80009d64 (0x2a3f2023) mem 0x80010000 0x00000001
core   0: 0x80009d68 (0xff9ff06f) j       pc - 0x8
core   0: 3 0x80009d68 (0xff9ff06f)
core   0: 0x80009d60 (0x00006f17) auipc   t5, 0x6
core   0: 3 0x80009d60 (0x00006f17) x30 0x8000fd60
core   0: 0x80009d64 (0x2a3f2023) sw      gp, 672(t5)
core   0: 3 0x80009d64 (0x2a3f2023) mem 0x80010000 0x00000001
core   0: 0x80009d68 (0xff9ff06f) j       pc - 0x8
core   0: 3 0x80009d68 (0xff9ff06f)
core   0: 0x80009d60 (0x00006f17) auipc   t5, 0x6
core   0: 3 0x80009d60 (0x00006f17) x30 0x8000fd60
core   0: 0x80009d64 (0x2a3f2023) sw      gp, 672(t5)
core   0: 3 0x80009d64 (0x2a3f2023) mem 0x80010000 0x00000001
core   0: 0x80009d68 (0xff9ff06f) j       pc - 0x8
core   0: 3 0x80009d68 (0xff9ff06f)
core   0: 0x80009d60 (0x00006f17) auipc   t5, 0x6
core   0: 3 0x80009d60 (0x00006f17) x30 0x8000fd60
core   0: 0x80009d64 (0x2a3f2023) sw      gp, 672(t5)
core   0: 3 0x80009d64 (0x2a3f2023) mem 0x80010000 0x00000001
core   0: 0x80009d68 (0xff9ff06f) j       pc - 0x8
core   0: 3 0x80009d68 (0xff9ff06f)
core   0: 0x80009d60 (0x00006f17) auipc   t5, 0x6
core   0: 3 0x80009d60 (0x00006f17) x30 0x8000fd60
core   0: 0x80009d64 (0x2a3f2023) sw      gp, 672(t5)
core   0: 3 0x80009d64 (0x2a3f2023) mem 0x80010000 0x00000001
core   0: 0x80009d68 (0xff9ff06f) j       pc - 0x8
core   0: 3 0x80009d68 (0xff9ff06f)
core   0: 0x80009d60 (0x00006f17) auipc   t5, 0x6
core   0: 3 0x80009d60 (0x00006f17) x30 0x8000fd60
core   0: 0x80009d64 (0x2a3f2023) sw      gp, 672(t5)
core   0: 3 0x80009d64 (0x2a3f2023) mem 0x80010000 0x00000001
core   0: 0x80009d68 (0xff9ff06f) j       pc - 0x8
core   0: 3 0x80009d68 (0xff9ff06f)
core   0: 0x80009d60 (0x00006f17) auipc   t5, 0x6
core   0: 3 0x80009d60 (0x00006f17) x30 0x8000fd60
core   0: 0x80009d64 (0x2a3f2023) sw      gp, 672(t5)
core   0: 3 0x80009d64 (0x2a3f2023) mem 0x80010000 0x00000001
core   0: 0x80009d68 (0xff9ff06f) j       pc - 0x8
core   0: 3 0x80009d68 (0xff9ff06f)
core   0: 0x80009d60 (0x00006f17) auipc   t5, 0x6
core   0: 3 0x80009d60 (0x00006f17) x30 0x8000fd60
core   0: 0x80009d64 (0x2a3f2023) sw      gp, 672(t5)
core   0: 3 0x80009d64 (0x2a3f2023) mem 0x80010000 0x00000001
core   0: 0x80009d68 (0xff9ff06f) j       pc - 0x8
core   0: 3 0x80009d68 (0xff9ff06f)
core   0: 0x80009d60 (0x00006f17) auipc   t5, 0x6
core   0: 3 0x80009d60 (0x00006f17) x30 0x8000fd60
core   0: 0x80009d64 (0x2a3f2023) sw      gp, 672(t5)
core   0: 3 0x80009d64 (0x2a3f2023) mem 0x80010000 0x00000001
core   0: 0x80009d68 (0xff9ff06f) j       pc - 0x8
core   0: 3 0x80009d68 (0xff9ff06f)
core   0: 0x80009d60 (0x00006f17) auipc   t5, 0x6
core   0: 3 0x80009d60 (0x00006f17) x30 0x8000fd60
core   0: 0x80009d64 (0x2a3f2023) sw      gp, 672(t5)
core   0: 3 0x80009d64 (0x2a3f2023) mem 0x80010000 0x00000001
core   0: 0x80009d68 (0xff9ff06f) j       pc - 0x8
core   0: 3 0x80009d68 (0xff9ff06f)
core   0: 0x80009d60 (0x00006f17) auipc   t5, 0x6
core   0: 3 0x80009d60 (0x00006f17) x30 0x8000fd60
core   0: 0x80009d64 (0x2a3f2023) sw      gp, 672(t5)
core   0: 3 0x80009d64 (0x2a3f2023) mem 0x80010000 0x00000001
core   0: 0x80009d68 (0xff9ff06f) j       pc - 0x8
core   0: 3 0x80009d68 (0xff9ff06f)
core   0: 0x80009d60 (0x00006f17) auipc   t5, 0x6
core   0: 3 0x80009d60 (0x00006f17) x30 0x8000fd60
core   0: 0x80009d64 (0x2a3f2023) sw      gp, 672(t5)
core   0: 3 0x80009d64 (0x2a3f2023) mem 0x80010000 0x00000001
core   0: 0x80009d68 (0xff9ff06f) j       pc - 0x8
core   0: 3 0x80009d68 (0xff9ff06f)
core   0: 0x80009d60 (0x00006f17) auipc   t5, 0x6
core   0: 3 0x80009d60 (0x00006f17) x30 0x8000fd60
core   0: 0x80009d64 (0x2a3f2023) sw      gp, 672(t5)
core   0: 3 0x80009d64 (0x2a3f2023) mem 0x80010000 0x00000001
core   0: 0x80009d68 (0xff9ff06f) j       pc - 0x8
core   0: 3 0x80009d68 (0xff9ff06f)
core   0: 0x80009d60 (0x00006f17) auipc   t5, 0x6
core   0: 3 0x80009d60 (0x00006f17) x30 0x8000fd60
core   0: 0x80009d64 (0x2a3f2023) sw      gp, 672(t5)
core   0: 3 0x80009d64 (0x2a3f2023) mem 0x80010000 0x00000001
core   0: 0x80009d68 (0xff9ff06f) j       pc - 0x8
core   0: 3 0x80009d68 (0xff9ff06f)
core   0: 0x80009d60 (0x00006f17) auipc   t5, 0x6
core   0: 3 0x80009d60 (0x00006f17) x30 0x8000fd60
core   0: 0x80009d64 (0x2a3f2023) sw      gp, 672(t5)
core   0: 3 0x80009d64 (0x2a3f2023) mem 0x80010000 0x00000001
core   0: 0x80009d68 (0xff9ff06f) j       pc - 0x8
core   0: 3 0x80009d68 (0xff9ff06f)
core   0: 0x80009d60 (0x00006f17) auipc   t5, 0x6
core   0: 3 0x80009d60 (0x00006f17) x30 0x8000fd60
core   0: 0x80009d64 (0x2a3f2023) sw      gp, 672(t5)
core   0: 3 0x80009d64 (0x2a3f2023) mem 0x80010000 0x00000001
core   0: 0x80009d68 (0xff9ff06f) j       pc - 0x8
core   0: 3 0x80009d68 (0xff9ff06f)
core   0: 0x80009d60 (0x00006f17) auipc   t5, 0x6
core   0: 3 0x80009d60 (0x00006f17) x30 0x8000fd60
core   0: 0x80009d64 (0x2a3f2023) sw      gp, 672(t5)
core   0: 3 0x80009d64 (0x2a3f2023) mem 0x80010000 0x00000001
core   0: 0x80009d68 (0xff9ff06f) j       pc - 0x8
core   0: 3 0x80009d68 (0xff9ff06f)
core   0: 0x80009d60 (0x00006f17) auipc   t5, 0x6
core   0: 3 0x80009d60 (0x00006f17) x30 0x8000fd60
core   0: 0x80009d64 (0x2a3f2023) sw      gp, 672(t5)
core   0: 3 0x80009d64 (0x2a3f2023) mem 0x80010000 0x00000001
core   0: 0x80009d68 (0xff9ff06f) j       pc - 0x8
core   0: 3 0x80009d68 (0xff9ff06f)
core   0: 0x80009d60 (0x00006f17) auipc   t5, 0x6
core   0: 3 0x80009d60 (0x00006f17) x30 0x8000fd60
core   0: 0x80009d64 (0x2a3f2023) sw      gp, 672(t5)
core   0: 3 0x80009d64 (0x2a3f2023) mem 0x80010000 0x00000001
core   0: 0x80009d68 (0xff9ff06f) j       pc - 0x8
core   0: 3 0x80009d68 (0xff9ff06f)
core   0: 0x80009d60 (0x00006f17) auipc   t5, 0x6
core   0: 3 0x80009d60 (0x00006f17) x30 0x8000fd60
core   0: 0x80009d64 (0x2a3f2023) sw      gp, 672(t5)
core   0: 3 0x80009d64 (0x2a3f2023) mem 0x80010000 0x00000001
core   0: 0x80009d68 (0xff9ff06f) j       pc - 0x8
core   0: 3 0x80009d68 (0xff9ff06f)
core   0: 0x80009d60 (0x00006f17) auipc   t5, 0x6
core   0: 3 0x80009d60 (0x00006f17) x30 0x8000fd60
core   0: 0x80009d64 (0x2a3f2023) sw      gp, 672(t5)
core   0: 3 0x80009d64 (0x2a3f2023) mem 0x80010000 0x00000001
core   0: 0x80009d68 (0xff9ff06f) j       pc - 0x8
core   0: 3 0x80009d68 (0xff9ff06f)
core   0: 0x80009d60 (0x00006f17) auipc   t5, 0x6
core   0: 3 0x80009d60 (0x00006f17) x30 0x8000fd60
core   0: 0x80009d64 (0x2a3f2023) sw      gp, 672(t5)
core   0: 3 0x80009d64 (0x2a3f2023) mem 0x80010000 0x00000001
core   0: 0x80009d68 (0xff9ff06f) j       pc - 0x8
core   0: 3 0x80009d68 (0xff9ff06f)
core   0: 0x80009d60 (0x00006f17) auipc   t5, 0x6
core   0: 3 0x80009d60 (0x00006f17) x30 0x8000fd60
core   0: 0x80009d64 (0x2a3f2023) sw      gp, 672(t5)
core   0: 3 0x80009d64 (0x2a3f2023) mem 0x80010000 0x00000001
core   0: 0x80009d68 (0xff9ff06f) j       pc - 0x8
core   0: 3 0x80009d68 (0xff9ff06f)
core   0: 0x80009d60 (0x00006f17) auipc   t5, 0x6
core   0: 3 0x80009d60 (0x00006f17) x30 0x8000fd60
core   0: 0x80009d64 (0x2a3f2023) sw      gp, 672(t5)
core   0: 3 0x80009d64 (0x2a3f2023) mem 0x80010000 0x00000001
core   0: 0x80009d68 (0xff9ff06f) j       pc - 0x8
core   0: 3 0x80009d68 (0xff9ff06f)
core   0: 0x80009d60 (0x00006f17) auipc   t5, 0x6
core   0: 3 0x80009d60 (0x00006f17) x30 0x8000fd60
core   0: 0x80009d64 (0x2a3f2023) sw      gp, 672(t5)
core   0: 3 0x80009d64 (0x2a3f2023) mem 0x80010000 0x00000001
core   0: 0x80009d68 (0xff9ff06f) j       pc - 0x8
core   0: 3 0x80009d68 (0xff9ff06f)
core   0: 0x80009d60 (0x00006f17) auipc   t5, 0x6
core   0: 3 0x80009d60 (0x00006f17) x30 0x8000fd60
core   0: 0x80009d64 (0x2a3f2023) sw      gp, 672(t5)
core   0: 3 0x80009d64 (0x2a3f2023) mem 0x80010000 0x00000001
core   0: 0x80009d68 (0xff9ff06f) j       pc - 0x8
core   0: 3 0x80009d68 (0xff9ff06f)
core   0: 0x80009d60 (0x00006f17) auipc   t5, 0x6
core   0: 3 0x80009d60 (0x00006f17) x30 0x8000fd60
core   0: 0x80009d64 (0x2a3f2023) sw      gp, 672(t5)
core   0: 3 0x80009d64 (0x2a3f2023) mem 0x80010000 0x00000001
core   0: 0x80009d68 (0xff9ff06f) j       pc - 0x8
core   0: 3 0x80009d68 (0xff9ff06f)
core   0: 0x80009d60 (0x00006f17) auipc   t5, 0x6
core   0: 3 0x80009d60 (0x00006f17) x30 0x8000fd60
core   0: 0x80009d64 (0x2a3f2023) sw      gp, 672(t5)
core   0: 3 0x80009d64 (0x2a3f2023) mem 0x80010000 0x00000001
core   0: 0x80009d68 (0xff9ff06f) j       pc - 0x8
core   0: 3 0x80009d68 (0xff9ff06f)
core   0: 0x80009d60 (0x00006f17) auipc   t5, 0x6
core   0: 3 0x80009d60 (0x00006f17) x30 0x8000fd60
core   0: 0x80009d64 (0x2a3f2023) sw      gp, 672(t5)
core   0: 3 0x80009d64 (0x2a3f2023) mem 0x80010000 0x00000001
core   0: 0x80009d68 (0xff9ff06f) j       pc - 0x8
core   0: 3 0x80009d68 (0xff9ff06f)
core   0: 0x80009d60 (0x00006f17) auipc   t5, 0x6
core   0: 3 0x80009d60 (0x00006f17) x30 0x8000fd60
core   0: 0x80009d64 (0x2a3f2023) sw      gp, 672(t5)
core   0: 3 0x80009d64 (0x2a3f2023) mem 0x80010000 0x00000001
core   0: 0x80009d68 (0xff9ff06f) j       pc - 0x8
core   0: 3 0x80009d68 (0xff9ff06f)
core   0: 0x80009d60 (0x00006f17) auipc   t5, 0x6
core   0: 3 0x80009d60 (0x00006f17) x30 0x8000fd60
core   0: 0x80009d64 (0x2a3f2023) sw      gp, 672(t5)
core   0: 3 0x80009d64 (0x2a3f2023) mem 0x80010000 0x00000001
core   0: 0x80009d68 (0xff9ff06f) j       pc - 0x8
core   0: 3 0x80009d68 (0xff9ff06f)
core   0: 0x80009d60 (0x00006f17) auipc   t5, 0x6
core   0: 3 0x80009d60 (0x00006f17) x30 0x8000fd60
core   0: 0x80009d64 (0x2a3f2023) sw      gp, 672(t5)
core   0: 3 0x80009d64 (0x2a3f2023) mem 0x80010000 0x00000001
core   0: 0x80009d68 (0xff9ff06f) j       pc - 0x8
core   0: 3 0x80009d68 (0xff9ff06f)
core   0: 0x80009d60 (0x00006f17) auipc   t5, 0x6
core   0: 3 0x80009d60 (0x00006f17) x30 0x8000fd60
core   0: 0x80009d64 (0x2a3f2023) sw      gp, 672(t5)
core   0: 3 0x80009d64 (0x2a3f2023) mem 0x80010000 0x00000001
core   0: 0x80009d68 (0xff9ff06f) j       pc - 0x8
core   0: 3 0x80009d68 (0xff9ff06f)
core   0: 0x80009d60 (0x00006f17) auipc   t5, 0x6
core   0: 3 0x80009d60 (0x00006f17) x30 0x8000fd60
core   0: 0x80009d64 (0x2a3f2023) sw      gp, 672(t5)
core   0: 3 0x80009d64 (0x2a3f2023) mem 0x80010000 0x00000001
core   0: 0x80009d68 (0xff9ff06f) j       pc - 0x8
core   0: 3 0x80009d68 (0xff9ff06f)
core   0: 0x80009d60 (0x00006f17) auipc   t5, 0x6
core   0: 3 0x80009d60 (0x00006f17) x30 0x8000fd60
core   0: 0x80009d64 (0x2a3f2023) sw      gp, 672(t5)
core   0: 3 0x80009d64 (0x2a3f2023) mem 0x80010000 0x00000001
core   0: 0x80009d68 (0xff9ff06f) j       pc - 0x8
core   0: 3 0x80009d68 (0xff9ff06f)
core   0: 0x80009d60 (0x00006f17) auipc   t5, 0x6
core   0: 3 0x80009d60 (0x00006f17) x30 0x8000fd60
core   0: 0x80009d64 (0x2a3f2023) sw      gp, 672(t5)
core   0: 3 0x80009d64 (0x2a3f2023) mem 0x80010000 0x00000001
core   0: 0x80009d68 (0xff9ff06f) j       pc - 0x8
core   0: 3 0x80009d68 (0xff9ff06f)
core   0: 0x80009d60 (0x00006f17) auipc   t5, 0x6
core   0: 3 0x80009d60 (0x00006f17) x30 0x8000fd60
core   0: 0x80009d64 (0x2a3f2023) sw      gp, 672(t5)
core   0: 3 0x80009d64 (0x2a3f2023) mem 0x80010000 0x00000001
core   0: 0x80009d68 (0xff9ff06f) j       pc - 0x8
core   0: 3 0x80009d68 (0xff9ff06f)
core   0: 0x80009d60 (0x00006f17) auipc   t5, 0x6
core   0: 3 0x80009d60 (0x00006f17) x30 0x8000fd60
core   0: 0x80009d64 (0x2a3f2023) sw      gp, 672(t5)
core   0: 3 0x80009d64 (0x2a3f2023) mem 0x80010000 0x00000001
core   0: 0x80009d68 (0xff9ff06f) j       pc - 0x8
core   0: 3 0x80009d68 (0xff9ff06f)
core   0: 0x80009d60 (0x00006f17) auipc   t5, 0x6
core   0: 3 0x80009d60 (0x00006f17) x30 0x8000fd60
core   0: 0x80009d64 (0x2a3f2023) sw      gp, 672(t5)
core   0: 3 0x80009d64 (0x2a3f2023) mem 0x80010000 0x00000001
core   0: 0x80009d68 (0xff9ff06f) j       pc - 0x8
core   0: 3 0x80009d68 (0xff9ff06f)
core   0: 0x80009d60 (0x00006f17) auipc   t5, 0x6
core   0: 3 0x80009d60 (0x00006f17) x30 0x8000fd60
core   0: 0x80009d64 (0x2a3f2023) sw      gp, 672(t5)
core   0: 3 0x80009d64 (0x2a3f2023) mem 0x80010000 0x00000001
core   0: 0x80009d68 (0xff9ff06f) j       pc - 0x8
core   0: 3 0x80009d68 (0xff9ff06f)
core   0: 0x80009d60 (0x00006f17) auipc   t5, 0x6
core   0: 3 0x80009d60 (0x00006f17) x30 0x8000fd60
core   0: 0x80009d64 (0x2a3f2023) sw      gp, 672(t5)
core   0: 3 0x80009d64 (0x2a3f2023) mem 0x80010000 0x00000001
core   0: 0x80009d68 (0xff9ff06f) j       pc - 0x8
core   0: 3 0x80009d68 (0xff9ff06f)
core   0: 0x80009d60 (0x00006f17) auipc   t5, 0x6
core   0: 3 0x80009d60 (0x00006f17) x30 0x8000fd60
core   0: 0x80009d64 (0x2a3f2023) sw      gp, 672(t5)
core   0: 3 0x80009d64 (0x2a3f2023) mem 0x80010000 0x00000001
core   0: 0x80009d68 (0xff9ff06f) j       pc - 0x8
core   0: 3 0x80009d68 (0xff9ff06f)
core   0: 0x80009d60 (0x00006f17) auipc   t5, 0x6
core   0: 3 0x80009d60 (0x00006f17) x30 0x8000fd60
core   0: 0x80009d64 (0x2a3f2023) sw      gp, 672(t5)
core   0: 3 0x80009d64 (0x2a3f2023) mem 0x80010000 0x00000001
core   0: 0x80009d68 (0xff9ff06f) j       pc - 0x8
core   0: 3 0x80009d68 (0xff9ff06f)
core   0: 0x80009d60 (0x00006f17) auipc   t5, 0x6
core   0: 3 0x80009d60 (0x00006f17) x30 0x8000fd60
core   0: 0x80009d64 (0x2a3f2023) sw      gp, 672(t5)
core   0: 3 0x80009d64 (0x2a3f2023) mem 0x80010000 0x00000001
core   0: 0x80009d68 (0xff9ff06f) j       pc - 0x8
core   0: 3 0x80009d68 (0xff9ff06f)
core   0: 0x80009d60 (0x00006f17) auipc   t5, 0x6
core   0: 3 0x80009d60 (0x00006f17) x30 0x8000fd60
core   0: 0x80009d64 (0x2a3f2023) sw      gp, 672(t5)
core   0: 3 0x80009d64 (0x2a3f2023) mem 0x80010000 0x00000001
core   0: 0x80009d68 (0xff9ff06f) j       pc - 0x8
core   0: 3 0x80009d68 (0xff9ff06f)
core   0: 0x80009d60 (0x00006f17) auipc   t5, 0x6
core   0: 3 0x80009d60 (0x00006f17) x30 0x8000fd60
core   0: 0x80009d64 (0x2a3f2023) sw      gp, 672(t5)
core   0: 3 0x80009d64 (0x2a3f2023) mem 0x80010000 0x00000001
core   0: 0x80009d68 (0xff9ff06f) j       pc - 0x8
core   0: 3 0x80009d68 (0xff9ff06f)
core   0: 0x80009d60 (0x00006f17) auipc   t5, 0x6
core   0: 3 0x80009d60 (0x00006f17) x30 0x8000fd60
core   0: 0x80009d64 (0x2a3f2023) sw      gp, 672(t5)
core   0: 3 0x80009d64 (0x2a3f2023) mem 0x80010000 0x00000001
core   0: 0x80009d68 (0xff9ff06f) j       pc - 0x8
core   0: 3 0x80009d68 (0xff9ff06f)
core   0: 0x80009d60 (0x00006f17) auipc   t5, 0x6
core   0: 3 0x80009d60 (0x00006f17) x30 0x8000fd60
core   0: 0x80009d64 (0x2a3f2023) sw      gp, 672(t5)
core   0: 3 0x80009d64 (0x2a3f2023) mem 0x80010000 0x00000001
core   0: 0x80009d68 (0xff9ff06f) j       pc - 0x8
core   0: 3 0x80009d68 (0xff9ff06f)
core   0: 0x80009d60 (0x00006f17) auipc   t5, 0x6
core   0: 3 0x80009d60 (0x00006f17) x30 0x8000fd60
core   0: 0x80009d64 (0x2a3f2023) sw      gp, 672(t5)
core   0: 3 0x80009d64 (0x2a3f2023) mem 0x80010000 0x00000001
core   0: 0x80009d68 (0xff9ff06f) j       pc - 0x8
core   0: 3 0x80009d68 (0xff9ff06f)
core   0: 0x80009d60 (0x00006f17) auipc   t5, 0x6
core   0: 3 0x80009d60 (0x00006f17) x30 0x8000fd60
core   0: 0x80009d64 (0x2a3f2023) sw      gp, 672(t5)
core   0: 3 0x80009d64 (0x2a3f2023) mem 0x80010000 0x00000001
core   0: 0x80009d68 (0xff9ff06f) j       pc - 0x8
core   0: 3 0x80009d68 (0xff9ff06f)
core   0: 0x80009d60 (0x00006f17) auipc   t5, 0x6
core   0: 3 0x80009d60 (0x00006f17) x30 0x8000fd60
core   0: 0x80009d64 (0x2a3f2023) sw      gp, 672(t5)
core   0: 3 0x80009d64 (0x2a3f2023) mem 0x80010000 0x00000001
core   0: 0x80009d68 (0xff9ff06f) j       pc - 0x8
core   0: 3 0x80009d68 (0xff9ff06f)
core   0: 0x80009d60 (0x00006f17) auipc   t5, 0x6
core   0: 3 0x80009d60 (0x00006f17) x30 0x8000fd60
core   0: 0x80009d64 (0x2a3f2023) sw      gp, 672(t5)
core   0: 3 0x80009d64 (0x2a3f2023) mem 0x80010000 0x00000001
core   0: 0x80009d68 (0xff9ff06f) j       pc - 0x8
core   0: 3 0x80009d68 (0xff9ff06f)
core   0: 0x80009d60 (0x00006f17) auipc   t5, 0x6
core   0: 3 0x80009d60 (0x00006f17) x30 0x8000fd60
core   0: 0x80009d64 (0x2a3f2023) sw      gp, 672(t5)
core   0: 3 0x80009d64 (0x2a3f2023) mem 0x80010000 0x00000001
core   0: 0x80009d68 (0xff9ff06f) j       pc - 0x8
core   0: 3 0x80009d68 (0xff9ff06f)
core   0: 0x80009d60 (0x00006f17) auipc   t5, 0x6
core   0: 3 0x80009d60 (0x00006f17) x30 0x8000fd60
core   0: 0x80009d64 (0x2a3f2023) sw      gp, 672(t5)
core   0: 3 0x80009d64 (0x2a3f2023) mem 0x80010000 0x00000001
core   0: 0x80009d68 (0xff9ff06f) j       pc - 0x8
core   0: 3 0x80009d68 (0xff9ff06f)
core   0: 0x80009d60 (0x00006f17) auipc   t5, 0x6
core   0: 3 0x80009d60 (0x00006f17) x30 0x8000fd60
core   0: 0x80009d64 (0x2a3f2023) sw      gp, 672(t5)
core   0: 3 0x80009d64 (0x2a3f2023) mem 0x80010000 0x00000001
core   0: 0x80009d68 (0xff9ff06f) j       pc - 0x8
core   0: 3 0x80009d68 (0xff9ff06f)
core   0: 0x80009d60 (0x00006f17) auipc   t5, 0x6
core   0: 3 0x80009d60 (0x00006f17) x30 0x8000fd60
core   0: 0x80009d64 (0x2a3f2023) sw      gp, 672(t5)
core   0: 3 0x80009d64 (0x2a3f2023) mem 0x80010000 0x00000001
core   0: 0x80009d68 (0xff9ff06f) j       pc - 0x8
core   0: 3 0x80009d68 (0xff9ff06f)
core   0: 0x80009d60 (0x00006f17) auipc   t5, 0x6
core   0: 3 0x80009d60 (0x00006f17) x30 0x8000fd60
core   0: 0x80009d64 (0x2a3f2023) sw      gp, 672(t5)
core   0: 3 0x80009d64 (0x2a3f2023) mem 0x80010000 0x00000001
core   0: 0x80009d68 (0xff9ff06f) j       pc - 0x8
core   0: 3 0x80009d68 (0xff9ff06f)
core   0: 0x80009d60 (0x00006f17) auipc   t5, 0x6
core   0: 3 0x80009d60 (0x00006f17) x30 0x8000fd60
core   0: 0x80009d64 (0x2a3f2023) sw      gp, 672(t5)
core   0: 3 0x80009d64 (0x2a3f2023) mem 0x80010000 0x00000001
core   0: 0x80009d68 (0xff9ff06f) j       pc - 0x8
core   0: 3 0x80009d68 (0xff9ff06f)
core   0: 0x80009d60 (0x00006f17) auipc   t5, 0x6
core   0: 3 0x80009d60 (0x00006f17) x30 0x8000fd60
core   0: 0x80009d64 (0x2a3f2023) sw      gp, 672(t5)
core   0: 3 0x80009d64 (0x2a3f2023) mem 0x80010000 0x00000001
core   0: 0x80009d68 (0xff9ff06f) j       pc - 0x8
core   0: 3 0x80009d68 (0xff9ff06f)
core   0: 0x80009d60 (0x00006f17) auipc   t5, 0x6
core   0: 3 0x80009d60 (0x00006f17) x30 0x8000fd60
core   0: 0x80009d64 (0x2a3f2023) sw      gp, 672(t5)
core   0: 3 0x80009d64 (0x2a3f2023) mem 0x80010000 0x00000001
core   0: 0x80009d68 (0xff9ff06f) j       pc - 0x8
core   0: 3 0x80009d68 (0xff9ff06f)
core   0: 0x80009d60 (0x00006f17) auipc   t5, 0x6
core   0: 3 0x80009d60 (0x00006f17) x30 0x8000fd60
core   0: 0x80009d64 (0x2a3f2023) sw      gp, 672(t5)
core   0: 3 0x80009d64 (0x2a3f2023) mem 0x80010000 0x00000001
core   0: 0x80009d68 (0xff9ff06f) j       pc - 0x8
core   0: 3 0x80009d68 (0xff9ff06f)
core   0: 0x80009d60 (0x00006f17) auipc   t5, 0x6
core   0: 3 0x80009d60 (0x00006f17) x30 0x8000fd60
core   0: 0x80009d64 (0x2a3f2023) sw      gp, 672(t5)
core   0: 3 0x80009d64 (0x2a3f2023) mem 0x80010000 0x00000001
core   0: 0x80009d68 (0xff9ff06f) j       pc - 0x8
core   0: 3 0x80009d68 (0xff9ff06f)
core   0: 0x80009d60 (0x00006f17) auipc   t5, 0x6
core   0: 3 0x80009d60 (0x00006f17) x30 0x8000fd60
core   0: 0x80009d64 (0x2a3f2023) sw      gp, 672(t5)
core   0: 3 0x80009d64 (0x2a3f2023) mem 0x80010000 0x00000001
core   0: 0x80009d68 (0xff9ff06f) j       pc - 0x8
core   0: 3 0x80009d68 (0xff9ff06f)
core   0: 0x80009d60 (0x00006f17) auipc   t5, 0x6
core   0: 3 0x80009d60 (0x00006f17) x30 0x8000fd60
core   0: 0x80009d64 (0x2a3f2023) sw      gp, 672(t5)
core   0: 3 0x80009d64 (0x2a3f2023) mem 0x80010000 0x00000001
core   0: 0x80009d68 (0xff9ff06f) j       pc - 0x8
core   0: 3 0x80009d68 (0xff9ff06f)
core   0: 0x80009d60 (0x00006f17) auipc   t5, 0x6
core   0: 3 0x80009d60 (0x00006f17) x30 0x8000fd60
core   0: 0x80009d64 (0x2a3f2023) sw      gp, 672(t5)
core   0: 3 0x80009d64 (0x2a3f2023) mem 0x80010000 0x00000001
core   0: 0x80009d68 (0xff9ff06f) j       pc - 0x8
core   0: 3 0x80009d68 (0xff9ff06f)
core   0: 0x80009d60 (0x00006f17) auipc   t5, 0x6
core   0: 3 0x80009d60 (0x00006f17) x30 0x8000fd60
core   0: 0x80009d64 (0x2a3f2023) sw      gp, 672(t5)
core   0: 3 0x80009d64 (0x2a3f2023) mem 0x80010000 0x00000001
core   0: 0x80009d68 (0xff9ff06f) j       pc - 0x8
core   0: 3 0x80009d68 (0xff9ff06f)
core   0: 0x80009d60 (0x00006f17) auipc   t5, 0x6
core   0: 3 0x80009d60 (0x00006f17) x30 0x8000fd60
core   0: 0x80009d64 (0x2a3f2023) sw      gp, 672(t5)
core   0: 3 0x80009d64 (0x2a3f2023) mem 0x80010000 0x00000001
core   0: 0x80009d68 (0xff9ff06f) j       pc - 0x8
core   0: 3 0x80009d68 (0xff9ff06f)
core   0: 0x80009d60 (0x00006f17) auipc   t5, 0x6
core   0: 3 0x80009d60 (0x00006f17) x30 0x8000fd60
core   0: 0x80009d64 (0x2a3f2023) sw      gp, 672(t5)
core   0: 3 0x80009d64 (0x2a3f2023) mem 0x80010000 0x00000001
core   0: 0x80009d68 (0xff9ff06f) j       pc - 0x8
core   0: 3 0x80009d68 (0xff9ff06f)
core   0: 0x80009d60 (0x00006f17) auipc   t5, 0x6
core   0: 3 0x80009d60 (0x00006f17) x30 0x8000fd60
core   0: 0x80009d64 (0x2a3f2023) sw      gp, 672(t5)
core   0: 3 0x80009d64 (0x2a3f2023) mem 0x80010000 0x00000001
core   0: 0x80009d68 (0xff9ff06f) j       pc - 0x8
core   0: 3 0x80009d68 (0xff9ff06f)
core   0: 0x80009d60 (0x00006f17) auipc   t5, 0x6
core   0: 3 0x80009d60 (0x00006f17) x30 0x8000fd60
core   0: 0x80009d64 (0x2a3f2023) sw      gp, 672(t5)
core   0: 3 0x80009d64 (0x2a3f2023) mem 0x80010000 0x00000001
core   0: 0x80009d68 (0xff9ff06f) j       pc - 0x8
core   0: 3 0x80009d68 (0xff9ff06f)
core   0: 0x80009d60 (0x00006f17) auipc   t5, 0x6
core   0: 3 0x80009d60 (0x00006f17) x30 0x8000fd60
core   0: 0x80009d64 (0x2a3f2023) sw      gp, 672(t5)
core   0: 3 0x80009d64 (0x2a3f2023) mem 0x80010000 0x00000001
core   0: 0x80009d68 (0xff9ff06f) j       pc - 0x8
core   0: 3 0x80009d68 (0xff9ff06f)
core   0: 0x80009d60 (0x00006f17) auipc   t5, 0x6
core   0: 3 0x80009d60 (0x00006f17) x30 0x8000fd60
core   0: 0x80009d64 (0x2a3f2023) sw      gp, 672(t5)
core   0: 3 0x80009d64 (0x2a3f2023) mem 0x80010000 0x00000001
core   0: 0x80009d68 (0xff9ff06f) j       pc - 0x8
core   0: 3 0x80009d68 (0xff9ff06f)
core   0: 0x80009d60 (0x00006f17) auipc   t5, 0x6
core   0: 3 0x80009d60 (0x00006f17) x30 0x8000fd60
core   0: 0x80009d64 (0x2a3f2023) sw      gp, 672(t5)
core   0: 3 0x80009d64 (0x2a3f2023) mem 0x80010000 0x00000001
core   0: 0x80009d68 (0xff9ff06f) j       pc - 0x8
core   0: 3 0x80009d68 (0xff9ff06f)
core   0: 0x80009d60 (0x00006f17) auipc   t5, 0x6
core   0: 3 0x80009d60 (0x00006f17) x30 0x8000fd60
core   0: 0x80009d64 (0x2a3f2023) sw      gp, 672(t5)
core   0: 3 0x80009d64 (0x2a3f2023) mem 0x80010000 0x00000001
core   0: 0x80009d68 (0xff9ff06f) j       pc - 0x8
core   0: 3 0x80009d68 (0xff9ff06f)
core   0: 0x80009d60 (0x00006f17) auipc   t5, 0x6
core   0: 3 0x80009d60 (0x00006f17) x30 0x8000fd60
core   0: 0x80009d64 (0x2a3f2023) sw      gp, 672(t5)
core   0: 3 0x80009d64 (0x2a3f2023) mem 0x80010000 0x00000001
core   0: 0x80009d68 (0xff9ff06f) j       pc - 0x8
core   0: 3 0x80009d68 (0xff9ff06f)
core   0: 0x80009d60 (0x00006f17) auipc   t5, 0x6
core   0: 3 0x80009d60 (0x00006f17) x30 0x8000fd60
core   0: 0x80009d64 (0x2a3f2023) sw      gp, 672(t5)
core   0: 3 0x80009d64 (0x2a3f2023) mem 0x80010000 0x00000001
core   0: 0x80009d68 (0xff9ff06f) j       pc - 0x8
core   0: 3 0x80009d68 (0xff9ff06f)
core   0: 0x80009d60 (0x00006f17) auipc   t5, 0x6
core   0: 3 0x80009d60 (0x00006f17) x30 0x8000fd60
core   0: 0x80009d64 (0x2a3f2023) sw      gp, 672(t5)
core   0: 3 0x80009d64 (0x2a3f2023) mem 0x80010000 0x00000001
core   0: 0x80009d68 (0xff9ff06f) j       pc - 0x8
core   0: 3 0x80009d68 (0xff9ff06f)
core   0: 0x80009d60 (0x00006f17) auipc   t5, 0x6
core   0: 3 0x80009d60 (0x00006f17) x30 0x8000fd60
core   0: 0x80009d64 (0x2a3f2023) sw      gp, 672(t5)
core   0: 3 0x80009d64 (0x2a3f2023) mem 0x80010000 0x00000001
core   0: 0x80009d68 (0xff9ff06f) j       pc - 0x8
core   0: 3 0x80009d68 (0xff9ff06f)
core   0: 0x80009d60 (0x00006f17) auipc   t5, 0x6
core   0: 3 0x80009d60 (0x00006f17) x30 0x8000fd60
core   0: 0x80009d64 (0x2a3f2023) sw      gp, 672(t5)
core   0: 3 0x80009d64 (0x2a3f2023) mem 0x80010000 0x00000001
core   0: 0x80009d68 (0xff9ff06f) j       pc - 0x8
core   0: 3 0x80009d68 (0xff9ff06f)
core   0: 0x80009d60 (0x00006f17) auipc   t5, 0x6
core   0: 3 0x80009d60 (0x00006f17) x30 0x8000fd60
core   0: 0x80009d64 (0x2a3f2023) sw      gp, 672(t5)
core   0: 3 0x80009d64 (0x2a3f2023) mem 0x80010000 0x00000001
core   0: 0x80009d68 (0xff9ff06f) j       pc - 0x8
core   0: 3 0x80009d68 (0xff9ff06f)
core   0: 0x80009d60 (0x00006f17) auipc   t5, 0x6
core   0: 3 0x80009d60 (0x00006f17) x30 0x8000fd60
core   0: 0x80009d64 (0x2a3f2023) sw      gp, 672(t5)
core   0: 3 0x80009d64 (0x2a3f2023) mem 0x80010000 0x00000001
core   0: 0x80009d68 (0xff9ff06f) j       pc - 0x8
core   0: 3 0x80009d68 (0xff9ff06f)
core   0: 0x80009d60 (0x00006f17) auipc   t5, 0x6
core   0: 3 0x80009d60 (0x00006f17) x30 0x8000fd60
core   0: 0x80009d64 (0x2a3f2023) sw      gp, 672(t5)
core   0: 3 0x80009d64 (0x2a3f2023) mem 0x80010000 0x00000001
core   0: 0x80009d68 (0xff9ff06f) j       pc - 0x8
core   0: 3 0x80009d68 (0xff9ff06f)
core   0: 0x80009d60 (0x00006f17) auipc   t5, 0x6
core   0: 3 0x80009d60 (0x00006f17) x30 0x8000fd60
core   0: 0x80009d64 (0x2a3f2023) sw      gp, 672(t5)
core   0: 3 0x80009d64 (0x2a3f2023) mem 0x80010000 0x00000001
core   0: 0x80009d68 (0xff9ff06f) j       pc - 0x8
core   0: 3 0x80009d68 (0xff9ff06f)
core   0: 0x80009d60 (0x00006f17) auipc   t5, 0x6
core   0: 3 0x80009d60 (0x00006f17) x30 0x8000fd60
core   0: 0x80009d64 (0x2a3f2023) sw      gp, 672(t5)
core   0: 3 0x80009d64 (0x2a3f2023) mem 0x80010000 0x00000001
core   0: 0x80009d68 (0xff9ff06f) j       pc - 0x8
core   0: 3 0x80009d68 (0xff9ff06f)
core   0: 0x80009d60 (0x00006f17) auipc   t5, 0x6
core   0: 3 0x80009d60 (0x00006f17) x30 0x8000fd60
core   0: 0x80009d64 (0x2a3f2023) sw      gp, 672(t5)
core   0: 3 0x80009d64 (0x2a3f2023) mem 0x80010000 0x00000001
core   0: 0x80009d68 (0xff9ff06f) j       pc - 0x8
core   0: 3 0x80009d68 (0xff9ff06f)
core   0: 0x80009d60 (0x00006f17) auipc   t5, 0x6
core   0: 3 0x80009d60 (0x00006f17) x30 0x8000fd60
core   0: 0x80009d64 (0x2a3f2023) sw      gp, 672(t5)
core   0: 3 0x80009d64 (0x2a3f2023) mem 0x80010000 0x00000001
core   0: 0x80009d68 (0xff9ff06f) j       pc - 0x8
core   0: 3 0x80009d68 (0xff9ff06f)
core   0: 0x80009d60 (0x00006f17) auipc   t5, 0x6
core   0: 3 0x80009d60 (0x00006f17) x30 0x8000fd60
core   0: 0x80009d64 (0x2a3f2023) sw      gp, 672(t5)
core   0: 3 0x80009d64 (0x2a3f2023) mem 0x80010000 0x00000001
core   0: 0x80009d68 (0xff9ff06f) j       pc - 0x8
core   0: 3 0x80009d68 (0xff9ff06f)
core   0: 0x80009d60 (0x00006f17) auipc   t5, 0x6
core   0: 3 0x80009d60 (0x00006f17) x30 0x8000fd60
core   0: 0x80009d64 (0x2a3f2023) sw      gp, 672(t5)
core   0: 3 0x80009d64 (0x2a3f2023) mem 0x80010000 0x00000001
core   0: 0x80009d68 (0xff9ff06f) j       pc - 0x8
core   0: 3 0x80009d68 (0xff9ff06f)
core   0: 0x80009d60 (0x00006f17) auipc   t5, 0x6
core   0: 3 0x80009d60 (0x00006f17) x30 0x8000fd60
core   0: 0x80009d64 (0x2a3f2023) sw      gp, 672(t5)
core   0: 3 0x80009d64 (0x2a3f2023) mem 0x80010000 0x00000001
core   0: 0x80009d68 (0xff9ff06f) j       pc - 0x8
core   0: 3 0x80009d68 (0xff9ff06f)
core   0: 0x80009d60 (0x00006f17) auipc   t5, 0x6
core   0: 3 0x80009d60 (0x00006f17) x30 0x8000fd60
core   0: 0x80009d64 (0x2a3f2023) sw      gp, 672(t5)
core   0: 3 0x80009d64 (0x2a3f2023) mem 0x80010000 0x00000001
core   0: 0x80009d68 (0xff9ff06f) j       pc - 0x8
core   0: 3 0x80009d68 (0xff9ff06f)
core   0: 0x80009d60 (0x00006f17) auipc   t5, 0x6
core   0: 3 0x80009d60 (0x00006f17) x30 0x8000fd60
core   0: 0x80009d64 (0x2a3f2023) sw      gp, 672(t5)
core   0: 3 0x80009d64 (0x2a3f2023) mem 0x80010000 0x00000001
core   0: 0x80009d68 (0xff9ff06f) j       pc - 0x8
core   0: 3 0x80009d68 (0xff9ff06f)
core   0: 0x80009d60 (0x00006f17) auipc   t5, 0x6
core   0: 3 0x80009d60 (0x00006f17) x30 0x8000fd60
core   0: 0x80009d64 (0x2a3f2023) sw      gp, 672(t5)
core   0: 3 0x80009d64 (0x2a3f2023) mem 0x80010000 0x00000001
core   0: 0x80009d68 (0xff9ff06f) j       pc - 0x8
core   0: 3 0x80009d68 (0xff9ff06f)
core   0: 0x80009d60 (0x00006f17) auipc   t5, 0x6
core   0: 3 0x80009d60 (0x00006f17) x30 0x8000fd60
core   0: 0x80009d64 (0x2a3f2023) sw      gp, 672(t5)
core   0: 3 0x80009d64 (0x2a3f2023) mem 0x80010000 0x00000001
core   0: 0x80009d68 (0xff9ff06f) j       pc - 0x8
core   0: 3 0x80009d68 (0xff9ff06f)
core   0: 0x80009d60 (0x00006f17) auipc   t5, 0x6
core   0: 3 0x80009d60 (0x00006f17) x30 0x8000fd60
core   0: 0x80009d64 (0x2a3f2023) sw      gp, 672(t5)
core   0: 3 0x80009d64 (0x2a3f2023) mem 0x80010000 0x00000001
core   0: 0x80009d68 (0xff9ff06f) j       pc - 0x8
core   0: 3 0x80009d68 (0xff9ff06f)
core   0: 0x80009d60 (0x00006f17) auipc   t5, 0x6
core   0: 3 0x80009d60 (0x00006f17) x30 0x8000fd60
core   0: 0x80009d64 (0x2a3f2023) sw      gp, 672(t5)
core   0: 3 0x80009d64 (0x2a3f2023) mem 0x80010000 0x00000001
core   0: 0x80009d68 (0xff9ff06f) j       pc - 0x8
core   0: 3 0x80009d68 (0xff9ff06f)
core   0: 0x80009d60 (0x00006f17) auipc   t5, 0x6
core   0: 3 0x80009d60 (0x00006f17) x30 0x8000fd60
core   0: 0x80009d64 (0x2a3f2023) sw      gp, 672(t5)
core   0: 3 0x80009d64 (0x2a3f2023) mem 0x80010000 0x00000001
core   0: 0x80009d68 (0xff9ff06f) j       pc - 0x8
core   0: 3 0x80009d68 (0xff9ff06f)
core   0: 0x80009d60 (0x00006f17) auipc   t5, 0x6
core   0: 3 0x80009d60 (0x00006f17) x30 0x8000fd60
core   0: 0x80009d64 (0x2a3f2023) sw      gp, 672(t5)
core   0: 3 0x80009d64 (0x2a3f2023) mem 0x80010000 0x00000001
core   0: 0x80009d68 (0xff9ff06f) j       pc - 0x8
core   0: 3 0x80009d68 (0xff9ff06f)
core   0: 0x80009d60 (0x00006f17) auipc   t5, 0x6
core   0: 3 0x80009d60 (0x00006f17) x30 0x8000fd60
core   0: 0x80009d64 (0x2a3f2023) sw      gp, 672(t5)
core   0: 3 0x80009d64 (0x2a3f2023) mem 0x80010000 0x00000001
core   0: 0x80009d68 (0xff9ff06f) j       pc - 0x8
core   0: 3 0x80009d68 (0xff9ff06f)
core   0: 0x80009d60 (0x00006f17) auipc   t5, 0x6
core   0: 3 0x80009d60 (0x00006f17) x30 0x8000fd60
core   0: 0x80009d64 (0x2a3f2023) sw      gp, 672(t5)
core   0: 3 0x80009d64 (0x2a3f2023) mem 0x80010000 0x00000001
core   0: 0x80009d68 (0xff9ff06f) j       pc - 0x8
core   0: 3 0x80009d68 (0xff9ff06f)
core   0: 0x80009d60 (0x00006f17) auipc   t5, 0x6
core   0: 3 0x80009d60 (0x00006f17) x30 0x8000fd60
core   0: 0x80009d64 (0x2a3f2023) sw      gp, 672(t5)
core   0: 3 0x80009d64 (0x2a3f2023) mem 0x80010000 0x00000001
core   0: 0x80009d68 (0xff9ff06f) j       pc - 0x8
core   0: 3 0x80009d68 (0xff9ff06f)
core   0: 0x80009d60 (0x00006f17) auipc   t5, 0x6
core   0: 3 0x80009d60 (0x00006f17) x30 0x8000fd60
core   0: 0x80009d64 (0x2a3f2023) sw      gp, 672(t5)
core   0: 3 0x80009d64 (0x2a3f2023) mem 0x80010000 0x00000001
core   0: 0x80009d68 (0xff9ff06f) j       pc - 0x8
core   0: 3 0x80009d68 (0xff9ff06f)
core   0: 0x80009d60 (0x00006f17) auipc   t5, 0x6
core   0: 3 0x80009d60 (0x00006f17) x30 0x8000fd60
core   0: 0x80009d64 (0x2a3f2023) sw      gp, 672(t5)
core   0: 3 0x80009d64 (0x2a3f2023) mem 0x80010000 0x00000001
core   0: 0x80009d68 (0xff9ff06f) j       pc - 0x8
core   0: 3 0x80009d68 (0xff9ff06f)
core   0: 0x80009d60 (0x00006f17) auipc   t5, 0x6
core   0: 3 0x80009d60 (0x00006f17) x30 0x8000fd60
core   0: 0x80009d64 (0x2a3f2023) sw      gp, 672(t5)
core   0: 3 0x80009d64 (0x2a3f2023) mem 0x80010000 0x00000001
core   0: 0x80009d68 (0xff9ff06f) j       pc - 0x8
core   0: 3 0x80009d68 (0xff9ff06f)
core   0: 0x80009d60 (0x00006f17) auipc   t5, 0x6
core   0: 3 0x80009d60 (0x00006f17) x30 0x8000fd60
core   0: 0x80009d64 (0x2a3f2023) sw      gp, 672(t5)
core   0: 3 0x80009d64 (0x2a3f2023) mem 0x80010000 0x00000001
core   0: 0x80009d68 (0xff9ff06f) j       pc - 0x8
core   0: 3 0x80009d68 (0xff9ff06f)
core   0: 0x80009d60 (0x00006f17) auipc   t5, 0x6
core   0: 3 0x80009d60 (0x00006f17) x30 0x8000fd60
core   0: 0x80009d64 (0x2a3f2023) sw      gp, 672(t5)
core   0: 3 0x80009d64 (0x2a3f2023) mem 0x80010000 0x00000001
core   0: 0x80009d68 (0xff9ff06f) j       pc - 0x8
core   0: 3 0x80009d68 (0xff9ff06f)
core   0: 0x80009d60 (0x00006f17) auipc   t5, 0x6
core   0: 3 0x80009d60 (0x00006f17) x30 0x8000fd60
core   0: 0x80009d64 (0x2a3f2023) sw      gp, 672(t5)
core   0: 3 0x80009d64 (0x2a3f2023) mem 0x80010000 0x00000001
core   0: 0x80009d68 (0xff9ff06f) j       pc - 0x8
core   0: 3 0x80009d68 (0xff9ff06f)
core   0: 0x80009d60 (0x00006f17) auipc   t5, 0x6
core   0: 3 0x80009d60 (0x00006f17) x30 0x8000fd60
core   0: 0x80009d64 (0x2a3f2023) sw      gp, 672(t5)
core   0: 3 0x80009d64 (0x2a3f2023) mem 0x80010000 0x00000001
core   0: 0x80009d68 (0xff9ff06f) j       pc - 0x8
core   0: 3 0x80009d68 (0xff9ff06f)
core   0: 0x80009d60 (0x00006f17) auipc   t5, 0x6
core   0: 3 0x80009d60 (0x00006f17) x30 0x8000fd60
core   0: 0x80009d64 (0x2a3f2023) sw      gp, 672(t5)
core   0: 3 0x80009d64 (0x2a3f2023) mem 0x80010000 0x00000001
core   0: 0x80009d68 (0xff9ff06f) j       pc - 0x8
core   0: 3 0x80009d68 (0xff9ff06f)
core   0: 0x80009d60 (0x00006f17) auipc   t5, 0x6
core   0: 3 0x80009d60 (0x00006f17) x30 0x8000fd60
core   0: 0x80009d64 (0x2a3f2023) sw      gp, 672(t5)
core   0: 3 0x80009d64 (0x2a3f2023) mem 0x80010000 0x00000001
core   0: 0x80009d68 (0xff9ff06f) j       pc - 0x8
core   0: 3 0x80009d68 (0xff9ff06f)
core   0: 0x80009d60 (0x00006f17) auipc   t5, 0x6
core   0: 3 0x80009d60 (0x00006f17) x30 0x8000fd60
core   0: 0x80009d64 (0x2a3f2023) sw      gp, 672(t5)
core   0: 3 0x80009d64 (0x2a3f2023) mem 0x80010000 0x00000001
core   0: 0x80009d68 (0xff9ff06f) j       pc - 0x8
core   0: 3 0x80009d68 (0xff9ff06f)
core   0: 0x80009d60 (0x00006f17) auipc   t5, 0x6
core   0: 3 0x80009d60 (0x00006f17) x30 0x8000fd60
core   0: 0x80009d64 (0x2a3f2023) sw      gp, 672(t5)
core   0: 3 0x80009d64 (0x2a3f2023) mem 0x80010000 0x00000001
core   0: 0x80009d68 (0xff9ff06f) j       pc - 0x8
core   0: 3 0x80009d68 (0xff9ff06f)
core   0: 0x80009d60 (0x00006f17) auipc   t5, 0x6
core   0: 3 0x80009d60 (0x00006f17) x30 0x8000fd60
core   0: 0x80009d64 (0x2a3f2023) sw      gp, 672(t5)
core   0: 3 0x80009d64 (0x2a3f2023) mem 0x80010000 0x00000001
core   0: 0x80009d68 (0xff9ff06f) j       pc - 0x8
core   0: 3 0x80009d68 (0xff9ff06f)
core   0: 0x80009d60 (0x00006f17) auipc   t5, 0x6
core   0: 3 0x80009d60 (0x00006f17) x30 0x8000fd60
core   0: 0x80009d64 (0x2a3f2023) sw      gp, 672(t5)
core   0: 3 0x80009d64 (0x2a3f2023) mem 0x80010000 0x00000001
core   0: 0x80009d68 (0xff9ff06f) j       pc - 0x8
core   0: 3 0x80009d68 (0xff9ff06f)
core   0: 0x80009d60 (0x00006f17) auipc   t5, 0x6
core   0: 3 0x80009d60 (0x00006f17) x30 0x8000fd60
core   0: 0x80009d64 (0x2a3f2023) sw      gp, 672(t5)
core   0: 3 0x80009d64 (0x2a3f2023) mem 0x80010000 0x00000001
core   0: 0x80009d68 (0xff9ff06f) j       pc - 0x8
core   0: 3 0x80009d68 (0xff9ff06f)
core   0: 0x80009d60 (0x00006f17) auipc   t5, 0x6
core   0: 3 0x80009d60 (0x00006f17) x30 0x8000fd60
core   0: 0x80009d64 (0x2a3f2023) sw      gp, 672(t5)
core   0: 3 0x80009d64 (0x2a3f2023) mem 0x80010000 0x00000001
core   0: 0x80009d68 (0xff9ff06f) j       pc - 0x8
core   0: 3 0x80009d68 (0xff9ff06f)
core   0: 0x80009d60 (0x00006f17) auipc   t5, 0x6
core   0: 3 0x80009d60 (0x00006f17) x30 0x8000fd60
core   0: 0x80009d64 (0x2a3f2023) sw      gp, 672(t5)
core   0: 3 0x80009d64 (0x2a3f2023) mem 0x80010000 0x00000001
core   0: 0x80009d68 (0xff9ff06f) j       pc - 0x8
core   0: 3 0x80009d68 (0xff9ff06f)
core   0: 0x80009d60 (0x00006f17) auipc   t5, 0x6
core   0: 3 0x80009d60 (0x00006f17) x30 0x8000fd60
core   0: 0x80009d64 (0x2a3f2023) sw      gp, 672(t5)
core   0: 3 0x80009d64 (0x2a3f2023) mem 0x80010000 0x00000001
core   0: 0x80009d68 (0xff9ff06f) j       pc - 0x8
core   0: 3 0x80009d68 (0xff9ff06f)
core   0: 0x80009d60 (0x00006f17) auipc   t5, 0x6
core   0: 3 0x80009d60 (0x00006f17) x30 0x8000fd60
core   0: 0x80009d64 (0x2a3f2023) sw      gp, 672(t5)
core   0: 3 0x80009d64 (0x2a3f2023) mem 0x80010000 0x00000001
core   0: 0x80009d68 (0xff9ff06f) j       pc - 0x8
core   0: 3 0x80009d68 (0xff9ff06f)
core   0: 0x80009d60 (0x00006f17) auipc   t5, 0x6
core   0: 3 0x80009d60 (0x00006f17) x30 0x8000fd60
core   0: 0x80009d64 (0x2a3f2023) sw      gp, 672(t5)
core   0: 3 0x80009d64 (0x2a3f2023) mem 0x80010000 0x00000001
core   0: 0x80009d68 (0xff9ff06f) j       pc - 0x8
core   0: 3 0x80009d68 (0xff9ff06f)
core   0: 0x80009d60 (0x00006f17) auipc   t5, 0x6
core   0: 3 0x80009d60 (0x00006f17) x30 0x8000fd60
core   0: 0x80009d64 (0x2a3f2023) sw      gp, 672(t5)
core   0: 3 0x80009d64 (0x2a3f2023) mem 0x80010000 0x00000001
core   0: 0x80009d68 (0xff9ff06f) j       pc - 0x8
core   0: 3 0x80009d68 (0xff9ff06f)
core   0: 0x80009d60 (0x00006f17) auipc   t5, 0x6
core   0: 3 0x80009d60 (0x00006f17) x30 0x8000fd60
core   0: 0x80009d64 (0x2a3f2023) sw      gp, 672(t5)
core   0: 3 0x80009d64 (0x2a3f2023) mem 0x80010000 0x00000001
core   0: 0x80009d68 (0xff9ff06f) j       pc - 0x8
core   0: 3 0x80009d68 (0xff9ff06f)
core   0: 0x80009d60 (0x00006f17) auipc   t5, 0x6
core   0: 3 0x80009d60 (0x00006f17) x30 0x8000fd60
core   0: 0x80009d64 (0x2a3f2023) sw      gp, 672(t5)
core   0: 3 0x80009d64 (0x2a3f2023) mem 0x80010000 0x00000001
core   0: 0x80009d68 (0xff9ff06f) j       pc - 0x8
core   0: 3 0x80009d68 (0xff9ff06f)
core   0: 0x80009d60 (0x00006f17) auipc   t5, 0x6
core   0: 3 0x80009d60 (0x00006f17) x30 0x8000fd60
core   0: 0x80009d64 (0x2a3f2023) sw      gp, 672(t5)
core   0: 3 0x80009d64 (0x2a3f2023) mem 0x80010000 0x00000001
core   0: 0x80009d68 (0xff9ff06f) j       pc - 0x8
core   0: 3 0x80009d68 (0xff9ff06f)
core   0: 0x80009d60 (0x00006f17) auipc   t5, 0x6
core   0: 3 0x80009d60 (0x00006f17) x30 0x8000fd60
core   0: 0x80009d64 (0x2a3f2023) sw      gp, 672(t5)
core   0: 3 0x80009d64 (0x2a3f2023) mem 0x80010000 0x00000001
core   0: 0x80009d68 (0xff9ff06f) j       pc - 0x8
core   0: 3 0x80009d68 (0xff9ff06f)
core   0: 0x80009d60 (0x00006f17) auipc   t5, 0x6
core   0: 3 0x80009d60 (0x00006f17) x30 0x8000fd60
core   0: 0x80009d64 (0x2a3f2023) sw      gp, 672(t5)
core   0: 3 0x80009d64 (0x2a3f2023) mem 0x80010000 0x00000001
core   0: 0x80009d68 (0xff9ff06f) j       pc - 0x8
core   0: 3 0x80009d68 (0xff9ff06f)
core   0: 0x80009d60 (0x00006f17) auipc   t5, 0x6
core   0: 3 0x80009d60 (0x00006f17) x30 0x8000fd60
core   0: 0x80009d64 (0x2a3f2023) sw      gp, 672(t5)
core   0: 3 0x80009d64 (0x2a3f2023) mem 0x80010000 0x00000001
core   0: 0x80009d68 (0xff9ff06f) j       pc - 0x8
core   0: 3 0x80009d68 (0xff9ff06f)
core   0: 0x80009d60 (0x00006f17) auipc   t5, 0x6
core   0: 3 0x80009d60 (0x00006f17) x30 0x8000fd60
core   0: 0x80009d64 (0x2a3f2023) sw      gp, 672(t5)
core   0: 3 0x80009d64 (0x2a3f2023) mem 0x80010000 0x00000001
core   0: 0x80009d68 (0xff9ff06f) j       pc - 0x8
core   0: 3 0x80009d68 (0xff9ff06f)
core   0: 0x80009d60 (0x00006f17) auipc   t5, 0x6
core   0: 3 0x80009d60 (0x00006f17) x30 0x8000fd60
core   0: 0x80009d64 (0x2a3f2023) sw      gp, 672(t5)
core   0: 3 0x80009d64 (0x2a3f2023) mem 0x80010000 0x00000001
core   0: 0x80009d68 (0xff9ff06f) j       pc - 0x8
core   0: 3 0x80009d68 (0xff9ff06f)
core   0: 0x80009d60 (0x00006f17) auipc   t5, 0x6
core   0: 3 0x80009d60 (0x00006f17) x30 0x8000fd60
core   0: 0x80009d64 (0x2a3f2023) sw      gp, 672(t5)
core   0: 3 0x80009d64 (0x2a3f2023) mem 0x80010000 0x00000001
core   0: 0x80009d68 (0xff9ff06f) j       pc - 0x8
core   0: 3 0x80009d68 (0xff9ff06f)
core   0: 0x80009d60 (0x00006f17) auipc   t5, 0x6
core   0: 3 0x80009d60 (0x00006f17) x30 0x8000fd60
core   0: 0x80009d64 (0x2a3f2023) sw      gp, 672(t5)
core   0: 3 0x80009d64 (0x2a3f2023) mem 0x80010000 0x00000001
core   0: 0x80009d68 (0xff9ff06f) j       pc - 0x8
core   0: 3 0x80009d68 (0xff9ff06f)
core   0: 0x80009d60 (0x00006f17) auipc   t5, 0x6
core   0: 3 0x80009d60 (0x00006f17) x30 0x8000fd60
core   0: 0x80009d64 (0x2a3f2023) sw      gp, 672(t5)
core   0: 3 0x80009d64 (0x2a3f2023) mem 0x80010000 0x00000001
core   0: 0x80009d68 (0xff9ff06f) j       pc - 0x8
core   0: 3 0x80009d68 (0xff9ff06f)
core   0: 0x80009d60 (0x00006f17) auipc   t5, 0x6
core   0: 3 0x80009d60 (0x00006f17) x30 0x8000fd60
core   0: 0x80009d64 (0x2a3f2023) sw      gp, 672(t5)
core   0: 3 0x80009d64 (0x2a3f2023) mem 0x80010000 0x00000001
core   0: 0x80009d68 (0xff9ff06f) j       pc - 0x8
core   0: 3 0x80009d68 (0xff9ff06f)
core   0: 0x80009d60 (0x00006f17) auipc   t5, 0x6
core   0: 3 0x80009d60 (0x00006f17) x30 0x8000fd60
core   0: 0x80009d64 (0x2a3f2023) sw      gp, 672(t5)
core   0: 3 0x80009d64 (0x2a3f2023) mem 0x80010000 0x00000001
core   0: 0x80009d68 (0xff9ff06f) j       pc - 0x8
core   0: 3 0x80009d68 (0xff9ff06f)
core   0: 0x80009d60 (0x00006f17) auipc   t5, 0x6
core   0: 3 0x80009d60 (0x00006f17) x30 0x8000fd60
core   0: 0x80009d64 (0x2a3f2023) sw      gp, 672(t5)
core   0: 3 0x80009d64 (0x2a3f2023) mem 0x80010000 0x00000001
core   0: 0x80009d68 (0xff9ff06f) j       pc - 0x8
core   0: 3 0x80009d68 (0xff9ff06f)
core   0: 0x80009d60 (0x00006f17) auipc   t5, 0x6
core   0: 3 0x80009d60 (0x00006f17) x30 0x8000fd60
core   0: 0x80009d64 (0x2a3f2023) sw      gp, 672(t5)
core   0: 3 0x80009d64 (0x2a3f2023) mem 0x80010000 0x00000001
core   0: 0x80009d68 (0xff9ff06f) j       pc - 0x8
core   0: 3 0x80009d68 (0xff9ff06f)
core   0: 0x80009d60 (0x00006f17) auipc   t5, 0x6
core   0: 3 0x80009d60 (0x00006f17) x30 0x8000fd60
core   0: 0x80009d64 (0x2a3f2023) sw      gp, 672(t5)
core   0: 3 0x80009d64 (0x2a3f2023) mem 0x80010000 0x00000001
core   0: 0x80009d68 (0xff9ff06f) j       pc - 0x8
core   0: 3 0x80009d68 (0xff9ff06f)
core   0: 0x80009d60 (0x00006f17) auipc   t5, 0x6
core   0: 3 0x80009d60 (0x00006f17) x30 0x8000fd60
core   0: 0x80009d64 (0x2a3f2023) sw      gp, 672(t5)
core   0: 3 0x80009d64 (0x2a3f2023) mem 0x80010000 0x00000001
core   0: 0x80009d68 (0xff9ff06f) j       pc - 0x8
core   0: 3 0x80009d68 (0xff9ff06f)
core   0: 0x80009d60 (0x00006f17) auipc   t5, 0x6
core   0: 3 0x80009d60 (0x00006f17) x30 0x8000fd60
core   0: 0x80009d64 (0x2a3f2023) sw      gp, 672(t5)
core   0: 3 0x80009d64 (0x2a3f2023) mem 0x80010000 0x00000001
core   0: 0x80009d68 (0xff9ff06f) j       pc - 0x8
core   0: 3 0x80009d68 (0xff9ff06f)
core   0: 0x80009d60 (0x00006f17) auipc   t5, 0x6
core   0: 3 0x80009d60 (0x00006f17) x30 0x8000fd60
core   0: 0x80009d64 (0x2a3f2023) sw      gp, 672(t5)
core   0: 3 0x80009d64 (0x2a3f2023) mem 0x80010000 0x00000001
core   0: 0x80009d68 (0xff9ff06f) j       pc - 0x8
core   0: 3 0x80009d68 (0xff9ff06f)
core   0: 0x80009d60 (0x00006f17) auipc   t5, 0x6
core   0: 3 0x80009d60 (0x00006f17) x30 0x8000fd60
core   0: 0x80009d64 (0x2a3f2023) sw      gp, 672(t5)
core   0: 3 0x80009d64 (0x2a3f2023) mem 0x80010000 0x00000001
core   0: 0x80009d68 (0xff9ff06f) j       pc - 0x8
core   0: 3 0x80009d68 (0xff9ff06f)
core   0: 0x80009d60 (0x00006f17) auipc   t5, 0x6
core   0: 3 0x80009d60 (0x00006f17) x30 0x8000fd60
core   0: 0x80009d64 (0x2a3f2023) sw      gp, 672(t5)
core   0: 3 0x80009d64 (0x2a3f2023) mem 0x80010000 0x00000001
core   0: 0x80009d68 (0xff9ff06f) j       pc - 0x8
core   0: 3 0x80009d68 (0xff9ff06f)
core   0: 0x80009d60 (0x00006f17) auipc   t5, 0x6
core   0: 3 0x80009d60 (0x00006f17) x30 0x8000fd60
core   0: 0x80009d64 (0x2a3f2023) sw      gp, 672(t5)
core   0: 3 0x80009d64 (0x2a3f2023) mem 0x80010000 0x00000001
core   0: 0x80009d68 (0xff9ff06f) j       pc - 0x8
core   0: 3 0x80009d68 (0xff9ff06f)
core   0: 0x80009d60 (0x00006f17) auipc   t5, 0x6
core   0: 3 0x80009d60 (0x00006f17) x30 0x8000fd60
core   0: 0x80009d64 (0x2a3f2023) sw      gp, 672(t5)
core   0: 3 0x80009d64 (0x2a3f2023) mem 0x80010000 0x00000001
core   0: 0x80009d68 (0xff9ff06f) j       pc - 0x8
core   0: 3 0x80009d68 (0xff9ff06f)
core   0: 0x80009d60 (0x00006f17) auipc   t5, 0x6
core   0: 3 0x80009d60 (0x00006f17) x30 0x8000fd60
core   0: 0x80009d64 (0x2a3f2023) sw      gp, 672(t5)
core   0: 3 0x80009d64 (0x2a3f2023) mem 0x80010000 0x00000001
core   0: 0x80009d68 (0xff9ff06f) j       pc - 0x8
core   0: 3 0x80009d68 (0xff9ff06f)
core   0: 0x80009d60 (0x00006f17) auipc   t5, 0x6
core   0: 3 0x80009d60 (0x00006f17) x30 0x8000fd60
core   0: 0x80009d64 (0x2a3f2023) sw      gp, 672(t5)
core   0: 3 0x80009d64 (0x2a3f2023) mem 0x80010000 0x00000001
core   0: 0x80009d68 (0xff9ff06f) j       pc - 0x8
core   0: 3 0x80009d68 (0xff9ff06f)
core   0: 0x80009d60 (0x00006f17) auipc   t5, 0x6
core   0: 3 0x80009d60 (0x00006f17) x30 0x8000fd60
core   0: 0x80009d64 (0x2a3f2023) sw      gp, 672(t5)
core   0: 3 0x80009d64 (0x2a3f2023) mem 0x80010000 0x00000001
core   0: 0x80009d68 (0xff9ff06f) j       pc - 0x8
core   0: 3 0x80009d68 (0xff9ff06f)
core   0: 0x80009d60 (0x00006f17) auipc   t5, 0x6
core   0: 3 0x80009d60 (0x00006f17) x30 0x8000fd60
core   0: 0x80009d64 (0x2a3f2023) sw      gp, 672(t5)
core   0: 3 0x80009d64 (0x2a3f2023) mem 0x80010000 0x00000001
core   0: 0x80009d68 (0xff9ff06f) j       pc - 0x8
core   0: 3 0x80009d68 (0xff9ff06f)
core   0: 0x80009d60 (0x00006f17) auipc   t5, 0x6
core   0: 3 0x80009d60 (0x00006f17) x30 0x8000fd60
core   0: 0x80009d64 (0x2a3f2023) sw      gp, 672(t5)
core   0: 3 0x80009d64 (0x2a3f2023) mem 0x80010000 0x00000001
core   0: 0x80009d68 (0xff9ff06f) j       pc - 0x8
core   0: 3 0x80009d68 (0xff9ff06f)
core   0: 0x80009d60 (0x00006f17) auipc   t5, 0x6
core   0: 3 0x80009d60 (0x00006f17) x30 0x8000fd60
core   0: 0x80009d64 (0x2a3f2023) sw      gp, 672(t5)
core   0: 3 0x80009d64 (0x2a3f2023) mem 0x80010000 0x00000001
core   0: 0x80009d68 (0xff9ff06f) j       pc - 0x8
core   0: 3 0x80009d68 (0xff9ff06f)
core   0: 0x80009d60 (0x00006f17) auipc   t5, 0x6
core   0: 3 0x80009d60 (0x00006f17) x30 0x8000fd60
core   0: 0x80009d64 (0x2a3f2023) sw      gp, 672(t5)
core   0: 3 0x80009d64 (0x2a3f2023) mem 0x80010000 0x00000001
core   0: 0x80009d68 (0xff9ff06f) j       pc - 0x8
core   0: 3 0x80009d68 (0xff9ff06f)
core   0: 0x80009d60 (0x00006f17) auipc   t5, 0x6
core   0: 3 0x80009d60 (0x00006f17) x30 0x8000fd60
core   0: 0x80009d64 (0x2a3f2023) sw      gp, 672(t5)
core   0: 3 0x80009d64 (0x2a3f2023) mem 0x80010000 0x00000001
core   0: 0x80009d68 (0xff9ff06f) j       pc - 0x8
core   0: 3 0x80009d68 (0xff9ff06f)
core   0: 0x80009d60 (0x00006f17) auipc   t5, 0x6
core   0: 3 0x80009d60 (0x00006f17) x30 0x8000fd60
core   0: 0x80009d64 (0x2a3f2023) sw      gp, 672(t5)
core   0: 3 0x80009d64 (0x2a3f2023) mem 0x80010000 0x00000001
core   0: 0x80009d68 (0xff9ff06f) j       pc - 0x8
core   0: 3 0x80009d68 (0xff9ff06f)
core   0: 0x80009d60 (0x00006f17) auipc   t5, 0x6
core   0: 3 0x80009d60 (0x00006f17) x30 0x8000fd60
core   0: 0x80009d64 (0x2a3f2023) sw      gp, 672(t5)
core   0: 3 0x80009d64 (0x2a3f2023) mem 0x80010000 0x00000001
core   0: 0x80009d68 (0xff9ff06f) j       pc - 0x8
core   0: 3 0x80009d68 (0xff9ff06f)
core   0: 0x80009d60 (0x00006f17) auipc   t5, 0x6
core   0: 3 0x80009d60 (0x00006f17) x30 0x8000fd60
core   0: 0x80009d64 (0x2a3f2023) sw      gp, 672(t5)
core   0: 3 0x80009d64 (0x2a3f2023) mem 0x80010000 0x00000001
core   0: 0x80009d68 (0xff9ff06f) j       pc - 0x8
core   0: 3 0x80009d68 (0xff9ff06f)
core   0: 0x80009d60 (0x00006f17) auipc   t5, 0x6
core   0: 3 0x80009d60 (0x00006f17) x30 0x8000fd60
core   0: 0x80009d64 (0x2a3f2023) sw      gp, 672(t5)
core   0: 3 0x80009d64 (0x2a3f2023) mem 0x80010000 0x00000001
core   0: 0x80009d68 (0xff9ff06f) j       pc - 0x8
core   0: 3 0x80009d68 (0xff9ff06f)
core   0: 0x80009d60 (0x00006f17) auipc   t5, 0x6
core   0: 3 0x80009d60 (0x00006f17) x30 0x8000fd60
core   0: 0x80009d64 (0x2a3f2023) sw      gp, 672(t5)
core   0: 3 0x80009d64 (0x2a3f2023) mem 0x80010000 0x00000001
core   0: 0x80009d68 (0xff9ff06f) j       pc - 0x8
core   0: 3 0x80009d68 (0xff9ff06f)
core   0: 0x80009d60 (0x00006f17) auipc   t5, 0x6
core   0: 3 0x80009d60 (0x00006f17) x30 0x8000fd60
core   0: 0x80009d64 (0x2a3f2023) sw      gp, 672(t5)
core   0: 3 0x80009d64 (0x2a3f2023) mem 0x80010000 0x00000001
core   0: 0x80009d68 (0xff9ff06f) j       pc - 0x8
core   0: 3 0x80009d68 (0xff9ff06f)
core   0: 0x80009d60 (0x00006f17) auipc   t5, 0x6
core   0: 3 0x80009d60 (0x00006f17) x30 0x8000fd60
core   0: 0x80009d64 (0x2a3f2023) sw      gp, 672(t5)
core   0: 3 0x80009d64 (0x2a3f2023) mem 0x80010000 0x00000001
core   0: 0x80009d68 (0xff9ff06f) j       pc - 0x8
core   0: 3 0x80009d68 (0xff9ff06f)
core   0: 0x80009d60 (0x00006f17) auipc   t5, 0x6
core   0: 3 0x80009d60 (0x00006f17) x30 0x8000fd60
core   0: 0x80009d64 (0x2a3f2023) sw      gp, 672(t5)
core   0: 3 0x80009d64 (0x2a3f2023) mem 0x80010000 0x00000001
core   0: 0x80009d68 (0xff9ff06f) j       pc - 0x8
core   0: 3 0x80009d68 (0xff9ff06f)
core   0: 0x80009d60 (0x00006f17) auipc   t5, 0x6
core   0: 3 0x80009d60 (0x00006f17) x30 0x8000fd60
core   0: 0x80009d64 (0x2a3f2023) sw      gp, 672(t5)
core   0: 3 0x80009d64 (0x2a3f2023) mem 0x80010000 0x00000001
core   0: 0x80009d68 (0xff9ff06f) j       pc - 0x8
core   0: 3 0x80009d68 (0xff9ff06f)
core   0: 0x80009d60 (0x00006f17) auipc   t5, 0x6
core   0: 3 0x80009d60 (0x00006f17) x30 0x8000fd60
core   0: 0x80009d64 (0x2a3f2023) sw      gp, 672(t5)
core   0: 3 0x80009d64 (0x2a3f2023) mem 0x80010000 0x00000001
core   0: 0x80009d68 (0xff9ff06f) j       pc - 0x8
core   0: 3 0x80009d68 (0xff9ff06f)
core   0: 0x80009d60 (0x00006f17) auipc   t5, 0x6
core   0: 3 0x80009d60 (0x00006f17) x30 0x8000fd60
core   0: 0x80009d64 (0x2a3f2023) sw      gp, 672(t5)
core   0: 3 0x80009d64 (0x2a3f2023) mem 0x80010000 0x00000001
core   0: 0x80009d68 (0xff9ff06f) j       pc - 0x8
core   0: 3 0x80009d68 (0xff9ff06f)
core   0: 0x80009d60 (0x00006f17) auipc   t5, 0x6
core   0: 3 0x80009d60 (0x00006f17) x30 0x8000fd60
core   0: 0x80009d64 (0x2a3f2023) sw      gp, 672(t5)
core   0: 3 0x80009d64 (0x2a3f2023) mem 0x80010000 0x00000001
core   0: 0x80009d68 (0xff9ff06f) j       pc - 0x8
core   0: 3 0x80009d68 (0xff9ff06f)
core   0: 0x80009d60 (0x00006f17) auipc   t5, 0x6
core   0: 3 0x80009d60 (0x00006f17) x30 0x8000fd60
core   0: 0x80009d64 (0x2a3f2023) sw      gp, 672(t5)
core   0: 3 0x80009d64 (0x2a3f2023) mem 0x80010000 0x00000001
core   0: 0x80009d68 (0xff9ff06f) j       pc - 0x8
core   0: 3 0x80009d68 (0xff9ff06f)
core   0: 0x80009d60 (0x00006f17) auipc   t5, 0x6
core   0: 3 0x80009d60 (0x00006f17) x30 0x8000fd60
core   0: 0x80009d64 (0x2a3f2023) sw      gp, 672(t5)
core   0: 3 0x80009d64 (0x2a3f2023) mem 0x80010000 0x00000001
core   0: 0x80009d68 (0xff9ff06f) j       pc - 0x8
core   0: 3 0x80009d68 (0xff9ff06f)
core   0: 0x80009d60 (0x00006f17) auipc   t5, 0x6
core   0: 3 0x80009d60 (0x00006f17) x30 0x8000fd60
core   0: 0x80009d64 (0x2a3f2023) sw      gp, 672(t5)
core   0: 3 0x80009d64 (0x2a3f2023) mem 0x80010000 0x00000001
core   0: 0x80009d68 (0xff9ff06f) j       pc - 0x8
core   0: 3 0x80009d68 (0xff9ff06f)
core   0: 0x80009d60 (0x00006f17) auipc   t5, 0x6
core   0: 3 0x80009d60 (0x00006f17) x30 0x8000fd60
core   0: 0x80009d64 (0x2a3f2023) sw      gp, 672(t5)
core   0: 3 0x80009d64 (0x2a3f2023) mem 0x80010000 0x00000001
core   0: 0x80009d68 (0xff9ff06f) j       pc - 0x8
core   0: 3 0x80009d68 (0xff9ff06f)
core   0: 0x80009d60 (0x00006f17) auipc   t5, 0x6
core   0: 3 0x80009d60 (0x00006f17) x30 0x8000fd60
core   0: 0x80009d64 (0x2a3f2023) sw      gp, 672(t5)
core   0: 3 0x80009d64 (0x2a3f2023) mem 0x80010000 0x00000001
core   0: 0x80009d68 (0xff9ff06f) j       pc - 0x8
core   0: 3 0x80009d68 (0xff9ff06f)
core   0: 0x80009d60 (0x00006f17) auipc   t5, 0x6
core   0: 3 0x80009d60 (0x00006f17) x30 0x8000fd60
core   0: 0x80009d64 (0x2a3f2023) sw      gp, 672(t5)
core   0: 3 0x80009d64 (0x2a3f2023) mem 0x80010000 0x00000001
core   0: 0x80009d68 (0xff9ff06f) j       pc - 0x8
core   0: 3 0x80009d68 (0xff9ff06f)
core   0: 0x80009d60 (0x00006f17) auipc   t5, 0x6
core   0: 3 0x80009d60 (0x00006f17) x30 0x8000fd60
core   0: 0x80009d64 (0x2a3f2023) sw      gp, 672(t5)
core   0: 3 0x80009d64 (0x2a3f2023) mem 0x80010000 0x00000001
core   0: 0x80009d68 (0xff9ff06f) j       pc - 0x8
core   0: 3 0x80009d68 (0xff9ff06f)
core   0: 0x80009d60 (0x00006f17) auipc   t5, 0x6
core   0: 3 0x80009d60 (0x00006f17) x30 0x8000fd60
core   0: 0x80009d64 (0x2a3f2023) sw      gp, 672(t5)
core   0: 3 0x80009d64 (0x2a3f2023) mem 0x80010000 0x00000001
core   0: 0x80009d68 (0xff9ff06f) j       pc - 0x8
core   0: 3 0x80009d68 (0xff9ff06f)
core   0: 0x80009d60 (0x00006f17) auipc   t5, 0x6
core   0: 3 0x80009d60 (0x00006f17) x30 0x8000fd60
core   0: 0x80009d64 (0x2a3f2023) sw      gp, 672(t5)
core   0: 3 0x80009d64 (0x2a3f2023) mem 0x80010000 0x00000001
core   0: 0x80009d68 (0xff9ff06f) j       pc - 0x8
core   0: 3 0x80009d68 (0xff9ff06f)
core   0: 0x80009d60 (0x00006f17) auipc   t5, 0x6
core   0: 3 0x80009d60 (0x00006f17) x30 0x8000fd60
core   0: 0x80009d64 (0x2a3f2023) sw      gp, 672(t5)
core   0: 3 0x80009d64 (0x2a3f2023) mem 0x80010000 0x00000001
core   0: 0x80009d68 (0xff9ff06f) j       pc - 0x8
core   0: 3 0x80009d68 (0xff9ff06f)
core   0: 0x80009d60 (0x00006f17) auipc   t5, 0x6
core   0: 3 0x80009d60 (0x00006f17) x30 0x8000fd60
core   0: 0x80009d64 (0x2a3f2023) sw      gp, 672(t5)
core   0: 3 0x80009d64 (0x2a3f2023) mem 0x80010000 0x00000001
core   0: 0x80009d68 (0xff9ff06f) j       pc - 0x8
core   0: 3 0x80009d68 (0xff9ff06f)
core   0: 0x80009d60 (0x00006f17) auipc   t5, 0x6
core   0: 3 0x80009d60 (0x00006f17) x30 0x8000fd60
core   0: 0x80009d64 (0x2a3f2023) sw      gp, 672(t5)
core   0: 3 0x80009d64 (0x2a3f2023) mem 0x80010000 0x00000001
core   0: 0x80009d68 (0xff9ff06f) j       pc - 0x8
core   0: 3 0x80009d68 (0xff9ff06f)
core   0: 0x80009d60 (0x00006f17) auipc   t5, 0x6
core   0: 3 0x80009d60 (0x00006f17) x30 0x8000fd60
core   0: 0x80009d64 (0x2a3f2023) sw      gp, 672(t5)
core   0: 3 0x80009d64 (0x2a3f2023) mem 0x80010000 0x00000001
core   0: 0x80009d68 (0xff9ff06f) j       pc - 0x8
core   0: 3 0x80009d68 (0xff9ff06f)
core   0: 0x80009d60 (0x00006f17) auipc   t5, 0x6
core   0: 3 0x80009d60 (0x00006f17) x30 0x8000fd60
core   0: 0x80009d64 (0x2a3f2023) sw      gp, 672(t5)
core   0: 3 0x80009d64 (0x2a3f2023) mem 0x80010000 0x00000001
core   0: 0x80009d68 (0xff9ff06f) j       pc - 0x8
core   0: 3 0x80009d68 (0xff9ff06f)
core   0: 0x80009d60 (0x00006f17) auipc   t5, 0x6
core   0: 3 0x80009d60 (0x00006f17) x30 0x8000fd60
core   0: 0x80009d64 (0x2a3f2023) sw      gp, 672(t5)
core   0: 3 0x80009d64 (0x2a3f2023) mem 0x80010000 0x00000001
core   0: 0x80009d68 (0xff9ff06f) j       pc - 0x8
core   0: 3 0x80009d68 (0xff9ff06f)
core   0: 0x80009d60 (0x00006f17) auipc   t5, 0x6
core   0: 3 0x80009d60 (0x00006f17) x30 0x8000fd60
core   0: 0x80009d64 (0x2a3f2023) sw      gp, 672(t5)
core   0: 3 0x80009d64 (0x2a3f2023) mem 0x80010000 0x00000001
core   0: 0x80009d68 (0xff9ff06f) j       pc - 0x8
core   0: 3 0x80009d68 (0xff9ff06f)
core   0: 0x80009d60 (0x00006f17) auipc   t5, 0x6
core   0: 3 0x80009d60 (0x00006f17) x30 0x8000fd60
core   0: 0x80009d64 (0x2a3f2023) sw      gp, 672(t5)
core   0: 3 0x80009d64 (0x2a3f2023) mem 0x80010000 0x00000001
core   0: 0x80009d68 (0xff9ff06f) j       pc - 0x8
core   0: 3 0x80009d68 (0xff9ff06f)
core   0: 0x80009d60 (0x00006f17) auipc   t5, 0x6
core   0: 3 0x80009d60 (0x00006f17) x30 0x8000fd60
core   0: 0x80009d64 (0x2a3f2023) sw      gp, 672(t5)
core   0: 3 0x80009d64 (0x2a3f2023) mem 0x80010000 0x00000001
core   0: 0x80009d68 (0xff9ff06f) j       pc - 0x8
core   0: 3 0x80009d68 (0xff9ff06f)
core   0: 0x80009d60 (0x00006f17) auipc   t5, 0x6
core   0: 3 0x80009d60 (0x00006f17) x30 0x8000fd60
core   0: 0x80009d64 (0x2a3f2023) sw      gp, 672(t5)
core   0: 3 0x80009d64 (0x2a3f2023) mem 0x80010000 0x00000001
core   0: 0x80009d68 (0xff9ff06f) j       pc - 0x8
core   0: 3 0x80009d68 (0xff9ff06f)
core   0: 0x80009d60 (0x00006f17) auipc   t5, 0x6
core   0: 3 0x80009d60 (0x00006f17) x30 0x8000fd60
core   0: 0x80009d64 (0x2a3f2023) sw      gp, 672(t5)
core   0: 3 0x80009d64 (0x2a3f2023) mem 0x80010000 0x00000001
core   0: 0x80009d68 (0xff9ff06f) j       pc - 0x8
core   0: 3 0x80009d68 (0xff9ff06f)
core   0: 0x80009d60 (0x00006f17) auipc   t5, 0x6
core   0: 3 0x80009d60 (0x00006f17) x30 0x8000fd60
core   0: 0x80009d64 (0x2a3f2023) sw      gp, 672(t5)
core   0: 3 0x80009d64 (0x2a3f2023) mem 0x80010000 0x00000001
core   0: 0x80009d68 (0xff9ff06f) j       pc - 0x8
core   0: 3 0x80009d68 (0xff9ff06f)
core   0: 0x80009d60 (0x00006f17) auipc   t5, 0x6
core   0: 3 0x80009d60 (0x00006f17) x30 0x8000fd60
core   0: 0x80009d64 (0x2a3f2023) sw      gp, 672(t5)
core   0: 3 0x80009d64 (0x2a3f2023) mem 0x80010000 0x00000001
core   0: 0x80009d68 (0xff9ff06f) j       pc - 0x8
core   0: 3 0x80009d68 (0xff9ff06f)
core   0: 0x80009d60 (0x00006f17) auipc   t5, 0x6
core   0: 3 0x80009d60 (0x00006f17) x30 0x8000fd60
core   0: 0x80009d64 (0x2a3f2023) sw      gp, 672(t5)
core   0: 3 0x80009d64 (0x2a3f2023) mem 0x80010000 0x00000001
core   0: 0x80009d68 (0xff9ff06f) j       pc - 0x8
core   0: 3 0x80009d68 (0xff9ff06f)
core   0: 0x80009d60 (0x00006f17) auipc   t5, 0x6
core   0: 3 0x80009d60 (0x00006f17) x30 0x8000fd60
core   0: 0x80009d64 (0x2a3f2023) sw      gp, 672(t5)
core   0: 3 0x80009d64 (0x2a3f2023) mem 0x80010000 0x00000001
core   0: 0x80009d68 (0xff9ff06f) j       pc - 0x8
core   0: 3 0x80009d68 (0xff9ff06f)
core   0: 0x80009d60 (0x00006f17) auipc   t5, 0x6
core   0: 3 0x80009d60 (0x00006f17) x30 0x8000fd60
core   0: 0x80009d64 (0x2a3f2023) sw      gp, 672(t5)
core   0: 3 0x80009d64 (0x2a3f2023) mem 0x80010000 0x00000001
core   0: 0x80009d68 (0xff9ff06f) j       pc - 0x8
core   0: 3 0x80009d68 (0xff9ff06f)
core   0: 0x80009d60 (0x00006f17) auipc   t5, 0x6
core   0: 3 0x80009d60 (0x00006f17) x30 0x8000fd60
core   0: 0x80009d64 (0x2a3f2023) sw      gp, 672(t5)
core   0: 3 0x80009d64 (0x2a3f2023) mem 0x80010000 0x00000001
core   0: 0x80009d68 (0xff9ff06f) j       pc - 0x8
core   0: 3 0x80009d68 (0xff9ff06f)
core   0: 0x80009d60 (0x00006f17) auipc   t5, 0x6
core   0: 3 0x80009d60 (0x00006f17) x30 0x8000fd60
core   0: 0x80009d64 (0x2a3f2023) sw      gp, 672(t5)
core   0: 3 0x80009d64 (0x2a3f2023) mem 0x80010000 0x00000001
core   0: 0x80009d68 (0xff9ff06f) j       pc - 0x8
core   0: 3 0x80009d68 (0xff9ff06f)
core   0: 0x80009d60 (0x00006f17) auipc   t5, 0x6
core   0: 3 0x80009d60 (0x00006f17) x30 0x8000fd60
core   0: 0x80009d64 (0x2a3f2023) sw      gp, 672(t5)
core   0: 3 0x80009d64 (0x2a3f2023) mem 0x80010000 0x00000001
core   0: 0x80009d68 (0xff9ff06f) j       pc - 0x8
core   0: 3 0x80009d68 (0xff9ff06f)
core   0: 0x80009d60 (0x00006f17) auipc   t5, 0x6
core   0: 3 0x80009d60 (0x00006f17) x30 0x8000fd60
core   0: 0x80009d64 (0x2a3f2023) sw      gp, 672(t5)
core   0: 3 0x80009d64 (0x2a3f2023) mem 0x80010000 0x00000001
core   0: 0x80009d68 (0xff9ff06f) j       pc - 0x8
core   0: 3 0x80009d68 (0xff9ff06f)
core   0: 0x80009d60 (0x00006f17) auipc   t5, 0x6
core   0: 3 0x80009d60 (0x00006f17) x30 0x8000fd60
core   0: 0x80009d64 (0x2a3f2023) sw      gp, 672(t5)
core   0: 3 0x80009d64 (0x2a3f2023) mem 0x80010000 0x00000001
core   0: 0x80009d68 (0xff9ff06f) j       pc - 0x8
core   0: 3 0x80009d68 (0xff9ff06f)
core   0: 0x80009d60 (0x00006f17) auipc   t5, 0x6
core   0: 3 0x80009d60 (0x00006f17) x30 0x8000fd60
core   0: 0x80009d64 (0x2a3f2023) sw      gp, 672(t5)
core   0: 3 0x80009d64 (0x2a3f2023) mem 0x80010000 0x00000001
core   0: 0x80009d68 (0xff9ff06f) j       pc - 0x8
core   0: 3 0x80009d68 (0xff9ff06f)
core   0: 0x80009d60 (0x00006f17) auipc   t5, 0x6
core   0: 3 0x80009d60 (0x00006f17) x30 0x8000fd60
core   0: 0x80009d64 (0x2a3f2023) sw      gp, 672(t5)
core   0: 3 0x80009d64 (0x2a3f2023) mem 0x80010000 0x00000001
core   0: 0x80009d68 (0xff9ff06f) j       pc - 0x8
core   0: 3 0x80009d68 (0xff9ff06f)
core   0: 0x80009d60 (0x00006f17) auipc   t5, 0x6
core   0: 3 0x80009d60 (0x00006f17) x30 0x8000fd60
core   0: 0x80009d64 (0x2a3f2023) sw      gp, 672(t5)
core   0: 3 0x80009d64 (0x2a3f2023) mem 0x80010000 0x00000001
core   0: 0x80009d68 (0xff9ff06f) j       pc - 0x8
core   0: 3 0x80009d68 (0xff9ff06f)
core   0: 0x80009d60 (0x00006f17) auipc   t5, 0x6
core   0: 3 0x80009d60 (0x00006f17) x30 0x8000fd60
core   0: 0x80009d64 (0x2a3f2023) sw      gp, 672(t5)
core   0: 3 0x80009d64 (0x2a3f2023) mem 0x80010000 0x00000001
core   0: 0x80009d68 (0xff9ff06f) j       pc - 0x8
core   0: 3 0x80009d68 (0xff9ff06f)
core   0: 0x80009d60 (0x00006f17) auipc   t5, 0x6
core   0: 3 0x80009d60 (0x00006f17) x30 0x8000fd60
core   0: 0x80009d64 (0x2a3f2023) sw      gp, 672(t5)
core   0: 3 0x80009d64 (0x2a3f2023) mem 0x80010000 0x00000001
core   0: 0x80009d68 (0xff9ff06f) j       pc - 0x8
core   0: 3 0x80009d68 (0xff9ff06f)
core   0: 0x80009d60 (0x00006f17) auipc   t5, 0x6
core   0: 3 0x80009d60 (0x00006f17) x30 0x8000fd60
core   0: 0x80009d64 (0x2a3f2023) sw      gp, 672(t5)
core   0: 3 0x80009d64 (0x2a3f2023) mem 0x80010000 0x00000001
core   0: 0x80009d68 (0xff9ff06f) j       pc - 0x8
core   0: 3 0x80009d68 (0xff9ff06f)
core   0: 0x80009d60 (0x00006f17) auipc   t5, 0x6
core   0: 3 0x80009d60 (0x00006f17) x30 0x8000fd60
core   0: 0x80009d64 (0x2a3f2023) sw      gp, 672(t5)
core   0: 3 0x80009d64 (0x2a3f2023) mem 0x80010000 0x00000001
core   0: 0x80009d68 (0xff9ff06f) j       pc - 0x8
core   0: 3 0x80009d68 (0xff9ff06f)
core   0: 0x80009d60 (0x00006f17) auipc   t5, 0x6
core   0: 3 0x80009d60 (0x00006f17) x30 0x8000fd60
core   0: 0x80009d64 (0x2a3f2023) sw      gp, 672(t5)
core   0: 3 0x80009d64 (0x2a3f2023) mem 0x80010000 0x00000001
core   0: 0x80009d68 (0xff9ff06f) j       pc - 0x8
core   0: 3 0x80009d68 (0xff9ff06f)
core   0: 0x80009d60 (0x00006f17) auipc   t5, 0x6
core   0: 3 0x80009d60 (0x00006f17) x30 0x8000fd60
core   0: 0x80009d64 (0x2a3f2023) sw      gp, 672(t5)
core   0: 3 0x80009d64 (0x2a3f2023) mem 0x80010000 0x00000001
core   0: 0x80009d68 (0xff9ff06f) j       pc - 0x8
core   0: 3 0x80009d68 (0xff9ff06f)
core   0: 0x80009d60 (0x00006f17) auipc   t5, 0x6
core   0: 3 0x80009d60 (0x00006f17) x30 0x8000fd60
core   0: 0x80009d64 (0x2a3f2023) sw      gp, 672(t5)
core   0: 3 0x80009d64 (0x2a3f2023) mem 0x80010000 0x00000001
core   0: 0x80009d68 (0xff9ff06f) j       pc - 0x8
core   0: 3 0x80009d68 (0xff9ff06f)
core   0: 0x80009d60 (0x00006f17) auipc   t5, 0x6
core   0: 3 0x80009d60 (0x00006f17) x30 0x8000fd60
core   0: 0x80009d64 (0x2a3f2023) sw      gp, 672(t5)
core   0: 3 0x80009d64 (0x2a3f2023) mem 0x80010000 0x00000001
core   0: 0x80009d68 (0xff9ff06f) j       pc - 0x8
core   0: 3 0x80009d68 (0xff9ff06f)
core   0: 0x80009d60 (0x00006f17) auipc   t5, 0x6
core   0: 3 0x80009d60 (0x00006f17) x30 0x8000fd60
core   0: 0x80009d64 (0x2a3f2023) sw      gp, 672(t5)
core   0: 3 0x80009d64 (0x2a3f2023) mem 0x80010000 0x00000001
core   0: 0x80009d68 (0xff9ff06f) j       pc - 0x8
core   0: 3 0x80009d68 (0xff9ff06f)
core   0: 0x80009d60 (0x00006f17) auipc   t5, 0x6
core   0: 3 0x80009d60 (0x00006f17) x30 0x8000fd60
core   0: 0x80009d64 (0x2a3f2023) sw      gp, 672(t5)
core   0: 3 0x80009d64 (0x2a3f2023) mem 0x80010000 0x00000001
core   0: 0x80009d68 (0xff9ff06f) j       pc - 0x8
core   0: 3 0x80009d68 (0xff9ff06f)
core   0: 0x80009d60 (0x00006f17) auipc   t5, 0x6
core   0: 3 0x80009d60 (0x00006f17) x30 0x8000fd60
core   0: 0x80009d64 (0x2a3f2023) sw      gp, 672(t5)
core   0: 3 0x80009d64 (0x2a3f2023) mem 0x80010000 0x00000001
core   0: 0x80009d68 (0xff9ff06f) j       pc - 0x8
core   0: 3 0x80009d68 (0xff9ff06f)
core   0: 0x80009d60 (0x00006f17) auipc   t5, 0x6
core   0: 3 0x80009d60 (0x00006f17) x30 0x8000fd60
core   0: 0x80009d64 (0x2a3f2023) sw      gp, 672(t5)
core   0: 3 0x80009d64 (0x2a3f2023) mem 0x80010000 0x00000001
core   0: 0x80009d68 (0xff9ff06f) j       pc - 0x8
core   0: 3 0x80009d68 (0xff9ff06f)
core   0: 0x80009d60 (0x00006f17) auipc   t5, 0x6
core   0: 3 0x80009d60 (0x00006f17) x30 0x8000fd60
core   0: 0x80009d64 (0x2a3f2023) sw      gp, 672(t5)
core   0: 3 0x80009d64 (0x2a3f2023) mem 0x80010000 0x00000001
core   0: 0x80009d68 (0xff9ff06f) j       pc - 0x8
core   0: 3 0x80009d68 (0xff9ff06f)
core   0: 0x80009d60 (0x00006f17) auipc   t5, 0x6
core   0: 3 0x80009d60 (0x00006f17) x30 0x8000fd60
core   0: 0x80009d64 (0x2a3f2023) sw      gp, 672(t5)
core   0: 3 0x80009d64 (0x2a3f2023) mem 0x80010000 0x00000001
core   0: 0x80009d68 (0xff9ff06f) j       pc - 0x8
core   0: 3 0x80009d68 (0xff9ff06f)
core   0: 0x80009d60 (0x00006f17) auipc   t5, 0x6
core   0: 3 0x80009d60 (0x00006f17) x30 0x8000fd60
core   0: 0x80009d64 (0x2a3f2023) sw      gp, 672(t5)
core   0: 3 0x80009d64 (0x2a3f2023) mem 0x80010000 0x00000001
core   0: 0x80009d68 (0xff9ff06f) j       pc - 0x8
core   0: 3 0x80009d68 (0xff9ff06f)
core   0: 0x80009d60 (0x00006f17) auipc   t5, 0x6
core   0: 3 0x80009d60 (0x00006f17) x30 0x8000fd60
core   0: 0x80009d64 (0x2a3f2023) sw      gp, 672(t5)
core   0: 3 0x80009d64 (0x2a3f2023) mem 0x80010000 0x00000001
core   0: 0x80009d68 (0xff9ff06f) j       pc - 0x8
core   0: 3 0x80009d68 (0xff9ff06f)
core   0: 0x80009d60 (0x00006f17) auipc   t5, 0x6
core   0: 3 0x80009d60 (0x00006f17) x30 0x8000fd60
core   0: 0x80009d64 (0x2a3f2023) sw      gp, 672(t5)
core   0: 3 0x80009d64 (0x2a3f2023) mem 0x80010000 0x00000001
core   0: 0x80009d68 (0xff9ff06f) j       pc - 0x8
core   0: 3 0x80009d68 (0xff9ff06f)
core   0: 0x80009d60 (0x00006f17) auipc   t5, 0x6
core   0: 3 0x80009d60 (0x00006f17) x30 0x8000fd60
core   0: 0x80009d64 (0x2a3f2023) sw      gp, 672(t5)
core   0: 3 0x80009d64 (0x2a3f2023) mem 0x80010000 0x00000001
core   0: 0x80009d68 (0xff9ff06f) j       pc - 0x8
core   0: 3 0x80009d68 (0xff9ff06f)
core   0: 0x80009d60 (0x00006f17) auipc   t5, 0x6
core   0: 3 0x80009d60 (0x00006f17) x30 0x8000fd60
core   0: 0x80009d64 (0x2a3f2023) sw      gp, 672(t5)
core   0: 3 0x80009d64 (0x2a3f2023) mem 0x80010000 0x00000001
core   0: 0x80009d68 (0xff9ff06f) j       pc - 0x8
core   0: 3 0x80009d68 (0xff9ff06f)
core   0: 0x80009d60 (0x00006f17) auipc   t5, 0x6
core   0: 3 0x80009d60 (0x00006f17) x30 0x8000fd60
core   0: 0x80009d64 (0x2a3f2023) sw      gp, 672(t5)
core   0: 3 0x80009d64 (0x2a3f2023) mem 0x80010000 0x00000001
core   0: 0x80009d68 (0xff9ff06f) j       pc - 0x8
core   0: 3 0x80009d68 (0xff9ff06f)
core   0: 0x80009d60 (0x00006f17) auipc   t5, 0x6
core   0: 3 0x80009d60 (0x00006f17) x30 0x8000fd60
core   0: 0x80009d64 (0x2a3f2023) sw      gp, 672(t5)
core   0: 3 0x80009d64 (0x2a3f2023) mem 0x80010000 0x00000001
core   0: 0x80009d68 (0xff9ff06f) j       pc - 0x8
core   0: 3 0x80009d68 (0xff9ff06f)
core   0: 0x80009d60 (0x00006f17) auipc   t5, 0x6
core   0: 3 0x80009d60 (0x00006f17) x30 0x8000fd60
core   0: 0x80009d64 (0x2a3f2023) sw      gp, 672(t5)
core   0: 3 0x80009d64 (0x2a3f2023) mem 0x80010000 0x00000001
core   0: 0x80009d68 (0xff9ff06f) j       pc - 0x8
core   0: 3 0x80009d68 (0xff9ff06f)
core   0: 0x80009d60 (0x00006f17) auipc   t5, 0x6
core   0: 3 0x80009d60 (0x00006f17) x30 0x8000fd60
core   0: 0x80009d64 (0x2a3f2023) sw      gp, 672(t5)
core   0: 3 0x80009d64 (0x2a3f2023) mem 0x80010000 0x00000001
core   0: 0x80009d68 (0xff9ff06f) j       pc - 0x8
core   0: 3 0x80009d68 (0xff9ff06f)
core   0: 0x80009d60 (0x00006f17) auipc   t5, 0x6
core   0: 3 0x80009d60 (0x00006f17) x30 0x8000fd60
core   0: 0x80009d64 (0x2a3f2023) sw      gp, 672(t5)
core   0: 3 0x80009d64 (0x2a3f2023) mem 0x80010000 0x00000001
core   0: 0x80009d68 (0xff9ff06f) j       pc - 0x8
core   0: 3 0x80009d68 (0xff9ff06f)
core   0: 0x80009d60 (0x00006f17) auipc   t5, 0x6
core   0: 3 0x80009d60 (0x00006f17) x30 0x8000fd60
core   0: 0x80009d64 (0x2a3f2023) sw      gp, 672(t5)
core   0: 3 0x80009d64 (0x2a3f2023) mem 0x80010000 0x00000001
core   0: 0x80009d68 (0xff9ff06f) j       pc - 0x8
core   0: 3 0x80009d68 (0xff9ff06f)
core   0: 0x80009d60 (0x00006f17) auipc   t5, 0x6
core   0: 3 0x80009d60 (0x00006f17) x30 0x8000fd60
core   0: 0x80009d64 (0x2a3f2023) sw      gp, 672(t5)
core   0: 3 0x80009d64 (0x2a3f2023) mem 0x80010000 0x00000001
core   0: 0x80009d68 (0xff9ff06f) j       pc - 0x8
core   0: 3 0x80009d68 (0xff9ff06f)
core   0: 0x80009d60 (0x00006f17) auipc   t5, 0x6
core   0: 3 0x80009d60 (0x00006f17) x30 0x8000fd60
core   0: 0x80009d64 (0x2a3f2023) sw      gp, 672(t5)
core   0: 3 0x80009d64 (0x2a3f2023) mem 0x80010000 0x00000001
core   0: 0x80009d68 (0xff9ff06f) j       pc - 0x8
core   0: 3 0x80009d68 (0xff9ff06f)
core   0: 0x80009d60 (0x00006f17) auipc   t5, 0x6
core   0: 3 0x80009d60 (0x00006f17) x30 0x8000fd60
core   0: 0x80009d64 (0x2a3f2023) sw      gp, 672(t5)
core   0: 3 0x80009d64 (0x2a3f2023) mem 0x80010000 0x00000001
core   0: 0x80009d68 (0xff9ff06f) j       pc - 0x8
core   0: 3 0x80009d68 (0xff9ff06f)
core   0: 0x80009d60 (0x00006f17) auipc   t5, 0x6
core   0: 3 0x80009d60 (0x00006f17) x30 0x8000fd60
core   0: 0x80009d64 (0x2a3f2023) sw      gp, 672(t5)
core   0: 3 0x80009d64 (0x2a3f2023) mem 0x80010000 0x00000001
core   0: 0x80009d68 (0xff9ff06f) j       pc - 0x8
core   0: 3 0x80009d68 (0xff9ff06f)
core   0: 0x80009d60 (0x00006f17) auipc   t5, 0x6
core   0: 3 0x80009d60 (0x00006f17) x30 0x8000fd60
core   0: 0x80009d64 (0x2a3f2023) sw      gp, 672(t5)
core   0: 3 0x80009d64 (0x2a3f2023) mem 0x80010000 0x00000001
core   0: 0x80009d68 (0xff9ff06f) j       pc - 0x8
core   0: 3 0x80009d68 (0xff9ff06f)
core   0: 0x80009d60 (0x00006f17) auipc   t5, 0x6
core   0: 3 0x80009d60 (0x00006f17) x30 0x8000fd60
core   0: 0x80009d64 (0x2a3f2023) sw      gp, 672(t5)
core   0: 3 0x80009d64 (0x2a3f2023) mem 0x80010000 0x00000001
core   0: 0x80009d68 (0xff9ff06f) j       pc - 0x8
core   0: 3 0x80009d68 (0xff9ff06f)
core   0: 0x80009d60 (0x00006f17) auipc   t5, 0x6
core   0: 3 0x80009d60 (0x00006f17) x30 0x8000fd60
core   0: 0x80009d64 (0x2a3f2023) sw      gp, 672(t5)
core   0: 3 0x80009d64 (0x2a3f2023) mem 0x80010000 0x00000001
core   0: 0x80009d68 (0xff9ff06f) j       pc - 0x8
core   0: 3 0x80009d68 (0xff9ff06f)
core   0: 0x80009d60 (0x00006f17) auipc   t5, 0x6
core   0: 3 0x80009d60 (0x00006f17) x30 0x8000fd60
core   0: 0x80009d64 (0x2a3f2023) sw      gp, 672(t5)
core   0: 3 0x80009d64 (0x2a3f2023) mem 0x80010000 0x00000001
core   0: 0x80009d68 (0xff9ff06f) j       pc - 0x8
core   0: 3 0x80009d68 (0xff9ff06f)
core   0: 0x80009d60 (0x00006f17) auipc   t5, 0x6
core   0: 3 0x80009d60 (0x00006f17) x30 0x8000fd60
core   0: 0x80009d64 (0x2a3f2023) sw      gp, 672(t5)
core   0: 3 0x80009d64 (0x2a3f2023) mem 0x80010000 0x00000001
core   0: 0x80009d68 (0xff9ff06f) j       pc - 0x8
core   0: 3 0x80009d68 (0xff9ff06f)
core   0: 0x80009d60 (0x00006f17) auipc   t5, 0x6
core   0: 3 0x80009d60 (0x00006f17) x30 0x8000fd60
core   0: 0x80009d64 (0x2a3f2023) sw      gp, 672(t5)
core   0: 3 0x80009d64 (0x2a3f2023) mem 0x80010000 0x00000001
core   0: 0x80009d68 (0xff9ff06f) j       pc - 0x8
core   0: 3 0x80009d68 (0xff9ff06f)
core   0: 0x80009d60 (0x00006f17) auipc   t5, 0x6
core   0: 3 0x80009d60 (0x00006f17) x30 0x8000fd60
core   0: 0x80009d64 (0x2a3f2023) sw      gp, 672(t5)
core   0: 3 0x80009d64 (0x2a3f2023) mem 0x80010000 0x00000001
core   0: 0x80009d68 (0xff9ff06f) j       pc - 0x8
core   0: 3 0x80009d68 (0xff9ff06f)
core   0: 0x80009d60 (0x00006f17) auipc   t5, 0x6
core   0: 3 0x80009d60 (0x00006f17) x30 0x8000fd60
core   0: 0x80009d64 (0x2a3f2023) sw      gp, 672(t5)
core   0: 3 0x80009d64 (0x2a3f2023) mem 0x80010000 0x00000001
core   0: 0x80009d68 (0xff9ff06f) j       pc - 0x8
core   0: 3 0x80009d68 (0xff9ff06f)
core   0: 0x80009d60 (0x00006f17) auipc   t5, 0x6
core   0: 3 0x80009d60 (0x00006f17) x30 0x8000fd60
core   0: 0x80009d64 (0x2a3f2023) sw      gp, 672(t5)
core   0: 3 0x80009d64 (0x2a3f2023) mem 0x80010000 0x00000001
core   0: 0x80009d68 (0xff9ff06f) j       pc - 0x8
core   0: 3 0x80009d68 (0xff9ff06f)
core   0: 0x80009d60 (0x00006f17) auipc   t5, 0x6
core   0: 3 0x80009d60 (0x00006f17) x30 0x8000fd60
core   0: 0x80009d64 (0x2a3f2023) sw      gp, 672(t5)
core   0: 3 0x80009d64 (0x2a3f2023) mem 0x80010000 0x00000001
core   0: 0x80009d68 (0xff9ff06f) j       pc - 0x8
core   0: 3 0x80009d68 (0xff9ff06f)
core   0: 0x80009d60 (0x00006f17) auipc   t5, 0x6
core   0: 3 0x80009d60 (0x00006f17) x30 0x8000fd60
core   0: 0x80009d64 (0x2a3f2023) sw      gp, 672(t5)
core   0: 3 0x80009d64 (0x2a3f2023) mem 0x80010000 0x00000001
core   0: 0x80009d68 (0xff9ff06f) j       pc - 0x8
core   0: 3 0x80009d68 (0xff9ff06f)
core   0: 0x80009d60 (0x00006f17) auipc   t5, 0x6
core   0: 3 0x80009d60 (0x00006f17) x30 0x8000fd60
core   0: 0x80009d64 (0x2a3f2023) sw      gp, 672(t5)
core   0: 3 0x80009d64 (0x2a3f2023) mem 0x80010000 0x00000001
core   0: 0x80009d68 (0xff9ff06f) j       pc - 0x8
core   0: 3 0x80009d68 (0xff9ff06f)
core   0: 0x80009d60 (0x00006f17) auipc   t5, 0x6
core   0: 3 0x80009d60 (0x00006f17) x30 0x8000fd60
core   0: 0x80009d64 (0x2a3f2023) sw      gp, 672(t5)
core   0: 3 0x80009d64 (0x2a3f2023) mem 0x80010000 0x00000001
core   0: 0x80009d68 (0xff9ff06f) j       pc - 0x8
core   0: 3 0x80009d68 (0xff9ff06f)
core   0: 0x80009d60 (0x00006f17) auipc   t5, 0x6
core   0: 3 0x80009d60 (0x00006f17) x30 0x8000fd60
core   0: 0x80009d64 (0x2a3f2023) sw      gp, 672(t5)
core   0: 3 0x80009d64 (0x2a3f2023) mem 0x80010000 0x00000001
core   0: 0x80009d68 (0xff9ff06f) j       pc - 0x8
core   0: 3 0x80009d68 (0xff9ff06f)
core   0: 0x80009d60 (0x00006f17) auipc   t5, 0x6
core   0: 3 0x80009d60 (0x00006f17) x30 0x8000fd60
core   0: 0x80009d64 (0x2a3f2023) sw      gp, 672(t5)
core   0: 3 0x80009d64 (0x2a3f2023) mem 0x80010000 0x00000001
core   0: 0x80009d68 (0xff9ff06f) j       pc - 0x8
core   0: 3 0x80009d68 (0xff9ff06f)
core   0: 0x80009d60 (0x00006f17) auipc   t5, 0x6
core   0: 3 0x80009d60 (0x00006f17) x30 0x8000fd60
core   0: 0x80009d64 (0x2a3f2023) sw      gp, 672(t5)
core   0: 3 0x80009d64 (0x2a3f2023) mem 0x80010000 0x00000001
core   0: 0x80009d68 (0xff9ff06f) j       pc - 0x8
core   0: 3 0x80009d68 (0xff9ff06f)
core   0: 0x80009d60 (0x00006f17) auipc   t5, 0x6
core   0: 3 0x80009d60 (0x00006f17) x30 0x8000fd60
core   0: 0x80009d64 (0x2a3f2023) sw      gp, 672(t5)
core   0: 3 0x80009d64 (0x2a3f2023) mem 0x80010000 0x00000001
core   0: 0x80009d68 (0xff9ff06f) j       pc - 0x8
core   0: 3 0x80009d68 (0xff9ff06f)
core   0: 0x80009d60 (0x00006f17) auipc   t5, 0x6
core   0: 3 0x80009d60 (0x00006f17) x30 0x8000fd60
core   0: 0x80009d64 (0x2a3f2023) sw      gp, 672(t5)
core   0: 3 0x80009d64 (0x2a3f2023) mem 0x80010000 0x00000001
core   0: 0x80009d68 (0xff9ff06f) j       pc - 0x8
core   0: 3 0x80009d68 (0xff9ff06f)
core   0: 0x80009d60 (0x00006f17) auipc   t5, 0x6
core   0: 3 0x80009d60 (0x00006f17) x30 0x8000fd60
core   0: 0x80009d64 (0x2a3f2023) sw      gp, 672(t5)
core   0: 3 0x80009d64 (0x2a3f2023) mem 0x80010000 0x00000001
core   0: 0x80009d68 (0xff9ff06f) j       pc - 0x8
core   0: 3 0x80009d68 (0xff9ff06f)
core   0: 0x80009d60 (0x00006f17) auipc   t5, 0x6
core   0: 3 0x80009d60 (0x00006f17) x30 0x8000fd60
core   0: 0x80009d64 (0x2a3f2023) sw      gp, 672(t5)
core   0: 3 0x80009d64 (0x2a3f2023) mem 0x80010000 0x00000001
core   0: 0x80009d68 (0xff9ff06f) j       pc - 0x8
core   0: 3 0x80009d68 (0xff9ff06f)
core   0: 0x80009d60 (0x00006f17) auipc   t5, 0x6
core   0: 3 0x80009d60 (0x00006f17) x30 0x8000fd60
core   0: 0x80009d64 (0x2a3f2023) sw      gp, 672(t5)
core   0: 3 0x80009d64 (0x2a3f2023) mem 0x80010000 0x00000001
core   0: 0x80009d68 (0xff9ff06f) j       pc - 0x8
core   0: 3 0x80009d68 (0xff9ff06f)
core   0: 0x80009d60 (0x00006f17) auipc   t5, 0x6
core   0: 3 0x80009d60 (0x00006f17) x30 0x8000fd60
core   0: 0x80009d64 (0x2a3f2023) sw      gp, 672(t5)
core   0: 3 0x80009d64 (0x2a3f2023) mem 0x80010000 0x00000001
core   0: 0x80009d68 (0xff9ff06f) j       pc - 0x8
core   0: 3 0x80009d68 (0xff9ff06f)
core   0: 0x80009d60 (0x00006f17) auipc   t5, 0x6
core   0: 3 0x80009d60 (0x00006f17) x30 0x8000fd60
core   0: 0x80009d64 (0x2a3f2023) sw      gp, 672(t5)
core   0: 3 0x80009d64 (0x2a3f2023) mem 0x80010000 0x00000001
core   0: 0x80009d68 (0xff9ff06f) j       pc - 0x8
core   0: 3 0x80009d68 (0xff9ff06f)
core   0: 0x80009d60 (0x00006f17) auipc   t5, 0x6
core   0: 3 0x80009d60 (0x00006f17) x30 0x8000fd60
core   0: 0x80009d64 (0x2a3f2023) sw      gp, 672(t5)
core   0: 3 0x80009d64 (0x2a3f2023) mem 0x80010000 0x00000001
core   0: 0x80009d68 (0xff9ff06f) j       pc - 0x8
core   0: 3 0x80009d68 (0xff9ff06f)
core   0: 0x80009d60 (0x00006f17) auipc   t5, 0x6
core   0: 3 0x80009d60 (0x00006f17) x30 0x8000fd60
core   0: 0x80009d64 (0x2a3f2023) sw      gp, 672(t5)
core   0: 3 0x80009d64 (0x2a3f2023) mem 0x80010000 0x00000001
core   0: 0x80009d68 (0xff9ff06f) j       pc - 0x8
core   0: 3 0x80009d68 (0xff9ff06f)
core   0: 0x80009d60 (0x00006f17) auipc   t5, 0x6
core   0: 3 0x80009d60 (0x00006f17) x30 0x8000fd60
core   0: 0x80009d64 (0x2a3f2023) sw      gp, 672(t5)
core   0: 3 0x80009d64 (0x2a3f2023) mem 0x80010000 0x00000001
core   0: 0x80009d68 (0xff9ff06f) j       pc - 0x8
core   0: 3 0x80009d68 (0xff9ff06f)
core   0: 0x80009d60 (0x00006f17) auipc   t5, 0x6
core   0: 3 0x80009d60 (0x00006f17) x30 0x8000fd60
core   0: 0x80009d64 (0x2a3f2023) sw      gp, 672(t5)
core   0: 3 0x80009d64 (0x2a3f2023) mem 0x80010000 0x00000001
core   0: 0x80009d68 (0xff9ff06f) j       pc - 0x8
core   0: 3 0x80009d68 (0xff9ff06f)
core   0: 0x80009d60 (0x00006f17) auipc   t5, 0x6
core   0: 3 0x80009d60 (0x00006f17) x30 0x8000fd60
core   0: 0x80009d64 (0x2a3f2023) sw      gp, 672(t5)
core   0: 3 0x80009d64 (0x2a3f2023) mem 0x80010000 0x00000001
core   0: 0x80009d68 (0xff9ff06f) j       pc - 0x8
core   0: 3 0x80009d68 (0xff9ff06f)
core   0: 0x80009d60 (0x00006f17) auipc   t5, 0x6
core   0: 3 0x80009d60 (0x00006f17) x30 0x8000fd60
core   0: 0x80009d64 (0x2a3f2023) sw      gp, 672(t5)
core   0: 3 0x80009d64 (0x2a3f2023) mem 0x80010000 0x00000001
core   0: 0x80009d68 (0xff9ff06f) j       pc - 0x8
core   0: 3 0x80009d68 (0xff9ff06f)
core   0: 0x80009d60 (0x00006f17) auipc   t5, 0x6
core   0: 3 0x80009d60 (0x00006f17) x30 0x8000fd60
core   0: 0x80009d64 (0x2a3f2023) sw      gp, 672(t5)
core   0: 3 0x80009d64 (0x2a3f2023) mem 0x80010000 0x00000001
core   0: 0x80009d68 (0xff9ff06f) j       pc - 0x8
core   0: 3 0x80009d68 (0xff9ff06f)
core   0: 0x80009d60 (0x00006f17) auipc   t5, 0x6
core   0: 3 0x80009d60 (0x00006f17) x30 0x8000fd60
core   0: 0x80009d64 (0x2a3f2023) sw      gp, 672(t5)
core   0: 3 0x80009d64 (0x2a3f2023) mem 0x80010000 0x00000001
core   0: 0x80009d68 (0xff9ff06f) j       pc - 0x8
core   0: 3 0x80009d68 (0xff9ff06f)
core   0: 0x80009d60 (0x00006f17) auipc   t5, 0x6
core   0: 3 0x80009d60 (0x00006f17) x30 0x8000fd60
core   0: 0x80009d64 (0x2a3f2023) sw      gp, 672(t5)
core   0: 3 0x80009d64 (0x2a3f2023) mem 0x80010000 0x00000001
core   0: 0x80009d68 (0xff9ff06f) j       pc - 0x8
core   0: 3 0x80009d68 (0xff9ff06f)
core   0: 0x80009d60 (0x00006f17) auipc   t5, 0x6
core   0: 3 0x80009d60 (0x00006f17) x30 0x8000fd60
core   0: 0x80009d64 (0x2a3f2023) sw      gp, 672(t5)
core   0: 3 0x80009d64 (0x2a3f2023) mem 0x80010000 0x00000001
core   0: 0x80009d68 (0xff9ff06f) j       pc - 0x8
core   0: 3 0x80009d68 (0xff9ff06f)
core   0: 0x80009d60 (0x00006f17) auipc   t5, 0x6
core   0: 3 0x80009d60 (0x00006f17) x30 0x8000fd60
core   0: 0x80009d64 (0x2a3f2023) sw      gp, 672(t5)
core   0: 3 0x80009d64 (0x2a3f2023) mem 0x80010000 0x00000001
core   0: 0x80009d68 (0xff9ff06f) j       pc - 0x8
core   0: 3 0x80009d68 (0xff9ff06f)
core   0: 0x80009d60 (0x00006f17) auipc   t5, 0x6
core   0: 3 0x80009d60 (0x00006f17) x30 0x8000fd60
core   0: 0x80009d64 (0x2a3f2023) sw      gp, 672(t5)
core   0: 3 0x80009d64 (0x2a3f2023) mem 0x80010000 0x00000001
core   0: 0x80009d68 (0xff9ff06f) j       pc - 0x8
core   0: 3 0x80009d68 (0xff9ff06f)
core   0: 0x80009d60 (0x00006f17) auipc   t5, 0x6
core   0: 3 0x80009d60 (0x00006f17) x30 0x8000fd60
core   0: 0x80009d64 (0x2a3f2023) sw      gp, 672(t5)
core   0: 3 0x80009d64 (0x2a3f2023) mem 0x80010000 0x00000001
core   0: 0x80009d68 (0xff9ff06f) j       pc - 0x8
core   0: 3 0x80009d68 (0xff9ff06f)
core   0: 0x80009d60 (0x00006f17) auipc   t5, 0x6
core   0: 3 0x80009d60 (0x00006f17) x30 0x8000fd60
core   0: 0x80009d64 (0x2a3f2023) sw      gp, 672(t5)
core   0: 3 0x80009d64 (0x2a3f2023) mem 0x80010000 0x00000001
core   0: 0x80009d68 (0xff9ff06f) j       pc - 0x8
core   0: 3 0x80009d68 (0xff9ff06f)
core   0: 0x80009d60 (0x00006f17) auipc   t5, 0x6
core   0: 3 0x80009d60 (0x00006f17) x30 0x8000fd60
core   0: 0x80009d64 (0x2a3f2023) sw      gp, 672(t5)
core   0: 3 0x80009d64 (0x2a3f2023) mem 0x80010000 0x00000001
core   0: 0x80009d68 (0xff9ff06f) j       pc - 0x8
core   0: 3 0x80009d68 (0xff9ff06f)
core   0: 0x80009d60 (0x00006f17) auipc   t5, 0x6
core   0: 3 0x80009d60 (0x00006f17) x30 0x8000fd60
core   0: 0x80009d64 (0x2a3f2023) sw      gp, 672(t5)
core   0: 3 0x80009d64 (0x2a3f2023) mem 0x80010000 0x00000001
core   0: 0x80009d68 (0xff9ff06f) j       pc - 0x8
core   0: 3 0x80009d68 (0xff9ff06f)
core   0: 0x80009d60 (0x00006f17) auipc   t5, 0x6
core   0: 3 0x80009d60 (0x00006f17) x30 0x8000fd60
core   0: 0x80009d64 (0x2a3f2023) sw      gp, 672(t5)
core   0: 3 0x80009d64 (0x2a3f2023) mem 0x80010000 0x00000001
core   0: 0x80009d68 (0xff9ff06f) j       pc - 0x8
core   0: 3 0x80009d68 (0xff9ff06f)
core   0: 0x80009d60 (0x00006f17) auipc   t5, 0x6
core   0: 3 0x80009d60 (0x00006f17) x30 0x8000fd60
core   0: 0x80009d64 (0x2a3f2023) sw      gp, 672(t5)
core   0: 3 0x80009d64 (0x2a3f2023) mem 0x80010000 0x00000001
core   0: 0x80009d68 (0xff9ff06f) j       pc - 0x8
core   0: 3 0x80009d68 (0xff9ff06f)
core   0: 0x80009d60 (0x00006f17) auipc   t5, 0x6
core   0: 3 0x80009d60 (0x00006f17) x30 0x8000fd60
core   0: 0x80009d64 (0x2a3f2023) sw      gp, 672(t5)
core   0: 3 0x80009d64 (0x2a3f2023) mem 0x80010000 0x00000001
core   0: 0x80009d68 (0xff9ff06f) j       pc - 0x8
core   0: 3 0x80009d68 (0xff9ff06f)
core   0: 0x80009d60 (0x00006f17) auipc   t5, 0x6
core   0: 3 0x80009d60 (0x00006f17) x30 0x8000fd60
core   0: 0x80009d64 (0x2a3f2023) sw      gp, 672(t5)
core   0: 3 0x80009d64 (0x2a3f2023) mem 0x80010000 0x00000001
core   0: 0x80009d68 (0xff9ff06f) j       pc - 0x8
core   0: 3 0x80009d68 (0xff9ff06f)
core   0: 0x80009d60 (0x00006f17) auipc   t5, 0x6
core   0: 3 0x80009d60 (0x00006f17) x30 0x8000fd60
core   0: 0x80009d64 (0x2a3f2023) sw      gp, 672(t5)
core   0: 3 0x80009d64 (0x2a3f2023) mem 0x80010000 0x00000001
core   0: 0x80009d68 (0xff9ff06f) j       pc - 0x8
core   0: 3 0x80009d68 (0xff9ff06f)
core   0: 0x80009d60 (0x00006f17) auipc   t5, 0x6
core   0: 3 0x80009d60 (0x00006f17) x30 0x8000fd60
core   0: 0x80009d64 (0x2a3f2023) sw      gp, 672(t5)
core   0: 3 0x80009d64 (0x2a3f2023) mem 0x80010000 0x00000001
core   0: 0x80009d68 (0xff9ff06f) j       pc - 0x8
core   0: 3 0x80009d68 (0xff9ff06f)
core   0: 0x80009d60 (0x00006f17) auipc   t5, 0x6
core   0: 3 0x80009d60 (0x00006f17) x30 0x8000fd60
core   0: 0x80009d64 (0x2a3f2023) sw      gp, 672(t5)
core   0: 3 0x80009d64 (0x2a3f2023) mem 0x80010000 0x00000001
core   0: 0x80009d68 (0xff9ff06f) j       pc - 0x8
core   0: 3 0x80009d68 (0xff9ff06f)
core   0: 0x80009d60 (0x00006f17) auipc   t5, 0x6
core   0: 3 0x80009d60 (0x00006f17) x30 0x8000fd60
core   0: 0x80009d64 (0x2a3f2023) sw      gp, 672(t5)
core   0: 3 0x80009d64 (0x2a3f2023) mem 0x80010000 0x00000001
core   0: 0x80009d68 (0xff9ff06f) j       pc - 0x8
core   0: 3 0x80009d68 (0xff9ff06f)
core   0: 0x80009d60 (0x00006f17) auipc   t5, 0x6
core   0: 3 0x80009d60 (0x00006f17) x30 0x8000fd60
core   0: 0x80009d64 (0x2a3f2023) sw      gp, 672(t5)
core   0: 3 0x80009d64 (0x2a3f2023) mem 0x80010000 0x00000001
core   0: 0x80009d68 (0xff9ff06f) j       pc - 0x8
core   0: 3 0x80009d68 (0xff9ff06f)
core   0: 0x80009d60 (0x00006f17) auipc   t5, 0x6
core   0: 3 0x80009d60 (0x00006f17) x30 0x8000fd60
core   0: 0x80009d64 (0x2a3f2023) sw      gp, 672(t5)
core   0: 3 0x80009d64 (0x2a3f2023) mem 0x80010000 0x00000001
core   0: 0x80009d68 (0xff9ff06f) j       pc - 0x8
core   0: 3 0x80009d68 (0xff9ff06f)
core   0: 0x80009d60 (0x00006f17) auipc   t5, 0x6
core   0: 3 0x80009d60 (0x00006f17) x30 0x8000fd60
core   0: 0x80009d64 (0x2a3f2023) sw      gp, 672(t5)
core   0: 3 0x80009d64 (0x2a3f2023) mem 0x80010000 0x00000001
core   0: 0x80009d68 (0xff9ff06f) j       pc - 0x8
core   0: 3 0x80009d68 (0xff9ff06f)
core   0: 0x80009d60 (0x00006f17) auipc   t5, 0x6
core   0: 3 0x80009d60 (0x00006f17) x30 0x8000fd60
core   0: 0x80009d64 (0x2a3f2023) sw      gp, 672(t5)
core   0: 3 0x80009d64 (0x2a3f2023) mem 0x80010000 0x00000001
core   0: 0x80009d68 (0xff9ff06f) j       pc - 0x8
core   0: 3 0x80009d68 (0xff9ff06f)
core   0: 0x80009d60 (0x00006f17) auipc   t5, 0x6
core   0: 3 0x80009d60 (0x00006f17) x30 0x8000fd60
core   0: 0x80009d64 (0x2a3f2023) sw      gp, 672(t5)
core   0: 3 0x80009d64 (0x2a3f2023) mem 0x80010000 0x00000001
core   0: 0x80009d68 (0xff9ff06f) j       pc - 0x8
core   0: 3 0x80009d68 (0xff9ff06f)
core   0: 0x80009d60 (0x00006f17) auipc   t5, 0x6
core   0: 3 0x80009d60 (0x00006f17) x30 0x8000fd60
core   0: 0x80009d64 (0x2a3f2023) sw      gp, 672(t5)
core   0: 3 0x80009d64 (0x2a3f2023) mem 0x80010000 0x00000001
core   0: 0x80009d68 (0xff9ff06f) j       pc - 0x8
core   0: 3 0x80009d68 (0xff9ff06f)
core   0: 0x80009d60 (0x00006f17) auipc   t5, 0x6
core   0: 3 0x80009d60 (0x00006f17) x30 0x8000fd60
core   0: 0x80009d64 (0x2a3f2023) sw      gp, 672(t5)
core   0: 3 0x80009d64 (0x2a3f2023) mem 0x80010000 0x00000001
core   0: 0x80009d68 (0xff9ff06f) j       pc - 0x8
core   0: 3 0x80009d68 (0xff9ff06f)
core   0: 0x80009d60 (0x00006f17) auipc   t5, 0x6
core   0: 3 0x80009d60 (0x00006f17) x30 0x8000fd60
core   0: 0x80009d64 (0x2a3f2023) sw      gp, 672(t5)
core   0: 3 0x80009d64 (0x2a3f2023) mem 0x80010000 0x00000001
core   0: 0x80009d68 (0xff9ff06f) j       pc - 0x8
core   0: 3 0x80009d68 (0xff9ff06f)
core   0: 0x80009d60 (0x00006f17) auipc   t5, 0x6
core   0: 3 0x80009d60 (0x00006f17) x30 0x8000fd60
core   0: 0x80009d64 (0x2a3f2023) sw      gp, 672(t5)
core   0: 3 0x80009d64 (0x2a3f2023) mem 0x80010000 0x00000001
core   0: 0x80009d68 (0xff9ff06f) j       pc - 0x8
core   0: 3 0x80009d68 (0xff9ff06f)
core   0: 0x80009d60 (0x00006f17) auipc   t5, 0x6
core   0: 3 0x80009d60 (0x00006f17) x30 0x8000fd60
core   0: 0x80009d64 (0x2a3f2023) sw      gp, 672(t5)
core   0: 3 0x80009d64 (0x2a3f2023) mem 0x80010000 0x00000001
core   0: 0x80009d68 (0xff9ff06f) j       pc - 0x8
core   0: 3 0x80009d68 (0xff9ff06f)
core   0: 0x80009d60 (0x00006f17) auipc   t5, 0x6
core   0: 3 0x80009d60 (0x00006f17) x30 0x8000fd60
core   0: 0x80009d64 (0x2a3f2023) sw      gp, 672(t5)
core   0: 3 0x80009d64 (0x2a3f2023) mem 0x80010000 0x00000001
core   0: 0x80009d68 (0xff9ff06f) j       pc - 0x8
core   0: 3 0x80009d68 (0xff9ff06f)
core   0: 0x80009d60 (0x00006f17) auipc   t5, 0x6
core   0: 3 0x80009d60 (0x00006f17) x30 0x8000fd60
core   0: 0x80009d64 (0x2a3f2023) sw      gp, 672(t5)
core   0: 3 0x80009d64 (0x2a3f2023) mem 0x80010000 0x00000001
core   0: 0x80009d68 (0xff9ff06f) j       pc - 0x8
core   0: 3 0x80009d68 (0xff9ff06f)
core   0: 0x80009d60 (0x00006f17) auipc   t5, 0x6
core   0: 3 0x80009d60 (0x00006f17) x30 0x8000fd60
core   0: 0x80009d64 (0x2a3f2023) sw      gp, 672(t5)
core   0: 3 0x80009d64 (0x2a3f2023) mem 0x80010000 0x00000001
core   0: 0x80009d68 (0xff9ff06f) j       pc - 0x8
core   0: 3 0x80009d68 (0xff9ff06f)
core   0: 0x80009d60 (0x00006f17) auipc   t5, 0x6
core   0: 3 0x80009d60 (0x00006f17) x30 0x8000fd60
core   0: 0x80009d64 (0x2a3f2023) sw      gp, 672(t5)
core   0: 3 0x80009d64 (0x2a3f2023) mem 0x80010000 0x00000001
core   0: 0x80009d68 (0xff9ff06f) j       pc - 0x8
core   0: 3 0x80009d68 (0xff9ff06f)
core   0: 0x80009d60 (0x00006f17) auipc   t5, 0x6
core   0: 3 0x80009d60 (0x00006f17) x30 0x8000fd60
core   0: 0x80009d64 (0x2a3f2023) sw      gp, 672(t5)
core   0: 3 0x80009d64 (0x2a3f2023) mem 0x80010000 0x00000001
core   0: 0x80009d68 (0xff9ff06f) j       pc - 0x8
core   0: 3 0x80009d68 (0xff9ff06f)
core   0: 0x80009d60 (0x00006f17) auipc   t5, 0x6
core   0: 3 0x80009d60 (0x00006f17) x30 0x8000fd60
core   0: 0x80009d64 (0x2a3f2023) sw      gp, 672(t5)
core   0: 3 0x80009d64 (0x2a3f2023) mem 0x80010000 0x00000001
core   0: 0x80009d68 (0xff9ff06f) j       pc - 0x8
core   0: 3 0x80009d68 (0xff9ff06f)
core   0: 0x80009d60 (0x00006f17) auipc   t5, 0x6
core   0: 3 0x80009d60 (0x00006f17) x30 0x8000fd60
core   0: 0x80009d64 (0x2a3f2023) sw      gp, 672(t5)
core   0: 3 0x80009d64 (0x2a3f2023) mem 0x80010000 0x00000001
core   0: 0x80009d68 (0xff9ff06f) j       pc - 0x8
core   0: 3 0x80009d68 (0xff9ff06f)
core   0: 0x80009d60 (0x00006f17) auipc   t5, 0x6
core   0: 3 0x80009d60 (0x00006f17) x30 0x8000fd60
core   0: 0x80009d64 (0x2a3f2023) sw      gp, 672(t5)
core   0: 3 0x80009d64 (0x2a3f2023) mem 0x80010000 0x00000001
core   0: 0x80009d68 (0xff9ff06f) j       pc - 0x8
core   0: 3 0x80009d68 (0xff9ff06f)
core   0: 0x80009d60 (0x00006f17) auipc   t5, 0x6
core   0: 3 0x80009d60 (0x00006f17) x30 0x8000fd60
core   0: 0x80009d64 (0x2a3f2023) sw      gp, 672(t5)
core   0: 3 0x80009d64 (0x2a3f2023) mem 0x80010000 0x00000001
core   0: 0x80009d68 (0xff9ff06f) j       pc - 0x8
core   0: 3 0x80009d68 (0xff9ff06f)
core   0: 0x80009d60 (0x00006f17) auipc   t5, 0x6
core   0: 3 0x80009d60 (0x00006f17) x30 0x8000fd60
core   0: 0x80009d64 (0x2a3f2023) sw      gp, 672(t5)
core   0: 3 0x80009d64 (0x2a3f2023) mem 0x80010000 0x00000001
core   0: 0x80009d68 (0xff9ff06f) j       pc - 0x8
core   0: 3 0x80009d68 (0xff9ff06f)
core   0: 0x80009d60 (0x00006f17) auipc   t5, 0x6
core   0: 3 0x80009d60 (0x00006f17) x30 0x8000fd60
core   0: 0x80009d64 (0x2a3f2023) sw      gp, 672(t5)
core   0: 3 0x80009d64 (0x2a3f2023) mem 0x80010000 0x00000001
core   0: 0x80009d68 (0xff9ff06f) j       pc - 0x8
core   0: 3 0x80009d68 (0xff9ff06f)
core   0: 0x80009d60 (0x00006f17) auipc   t5, 0x6
core   0: 3 0x80009d60 (0x00006f17) x30 0x8000fd60
core   0: 0x80009d64 (0x2a3f2023) sw      gp, 672(t5)
core   0: 3 0x80009d64 (0x2a3f2023) mem 0x80010000 0x00000001
core   0: 0x80009d68 (0xff9ff06f) j       pc - 0x8
core   0: 3 0x80009d68 (0xff9ff06f)
core   0: 0x80009d60 (0x00006f17) auipc   t5, 0x6
core   0: 3 0x80009d60 (0x00006f17) x30 0x8000fd60
core   0: 0x80009d64 (0x2a3f2023) sw      gp, 672(t5)
core   0: 3 0x80009d64 (0x2a3f2023) mem 0x80010000 0x00000001
core   0: 0x80009d68 (0xff9ff06f) j       pc - 0x8
core   0: 3 0x80009d68 (0xff9ff06f)
core   0: 0x80009d60 (0x00006f17) auipc   t5, 0x6
core   0: 3 0x80009d60 (0x00006f17) x30 0x8000fd60
core   0: 0x80009d64 (0x2a3f2023) sw      gp, 672(t5)
core   0: 3 0x80009d64 (0x2a3f2023) mem 0x80010000 0x00000001
core   0: 0x80009d68 (0xff9ff06f) j       pc - 0x8
core   0: 3 0x80009d68 (0xff9ff06f)
core   0: 0x80009d60 (0x00006f17) auipc   t5, 0x6
core   0: 3 0x80009d60 (0x00006f17) x30 0x8000fd60
core   0: 0x80009d64 (0x2a3f2023) sw      gp, 672(t5)
core   0: 3 0x80009d64 (0x2a3f2023) mem 0x80010000 0x00000001
core   0: 0x80009d68 (0xff9ff06f) j       pc - 0x8
core   0: 3 0x80009d68 (0xff9ff06f)
core   0: 0x80009d60 (0x00006f17) auipc   t5, 0x6
core   0: 3 0x80009d60 (0x00006f17) x30 0x8000fd60
core   0: 0x80009d64 (0x2a3f2023) sw      gp, 672(t5)
core   0: 3 0x80009d64 (0x2a3f2023) mem 0x80010000 0x00000001
core   0: 0x80009d68 (0xff9ff06f) j       pc - 0x8
core   0: 3 0x80009d68 (0xff9ff06f)
core   0: 0x80009d60 (0x00006f17) auipc   t5, 0x6
core   0: 3 0x80009d60 (0x00006f17) x30 0x8000fd60
core   0: 0x80009d64 (0x2a3f2023) sw      gp, 672(t5)
core   0: 3 0x80009d64 (0x2a3f2023) mem 0x80010000 0x00000001
core   0: 0x80009d68 (0xff9ff06f) j       pc - 0x8
core   0: 3 0x80009d68 (0xff9ff06f)
core   0: 0x80009d60 (0x00006f17) auipc   t5, 0x6
core   0: 3 0x80009d60 (0x00006f17) x30 0x8000fd60
core   0: 0x80009d64 (0x2a3f2023) sw      gp, 672(t5)
core   0: 3 0x80009d64 (0x2a3f2023) mem 0x80010000 0x00000001
core   0: 0x80009d68 (0xff9ff06f) j       pc - 0x8
core   0: 3 0x80009d68 (0xff9ff06f)
core   0: 0x80009d60 (0x00006f17) auipc   t5, 0x6
core   0: 3 0x80009d60 (0x00006f17) x30 0x8000fd60
core   0: 0x80009d64 (0x2a3f2023) sw      gp, 672(t5)
core   0: 3 0x80009d64 (0x2a3f2023) mem 0x80010000 0x00000001
core   0: 0x80009d68 (0xff9ff06f) j       pc - 0x8
core   0: 3 0x80009d68 (0xff9ff06f)
core   0: 0x80009d60 (0x00006f17) auipc   t5, 0x6
core   0: 3 0x80009d60 (0x00006f17) x30 0x8000fd60
core   0: 0x80009d64 (0x2a3f2023) sw      gp, 672(t5)
core   0: 3 0x80009d64 (0x2a3f2023) mem 0x80010000 0x00000001
core   0: 0x80009d68 (0xff9ff06f) j       pc - 0x8
core   0: 3 0x80009d68 (0xff9ff06f)
core   0: 0x80009d60 (0x00006f17) auipc   t5, 0x6
core   0: 3 0x80009d60 (0x00006f17) x30 0x8000fd60
core   0: 0x80009d64 (0x2a3f2023) sw      gp, 672(t5)
core   0: 3 0x80009d64 (0x2a3f2023) mem 0x80010000 0x00000001
core   0: 0x80009d68 (0xff9ff06f) j       pc - 0x8
core   0: 3 0x80009d68 (0xff9ff06f)
core   0: 0x80009d60 (0x00006f17) auipc   t5, 0x6
core   0: 3 0x80009d60 (0x00006f17) x30 0x8000fd60
core   0: 0x80009d64 (0x2a3f2023) sw      gp, 672(t5)
core   0: 3 0x80009d64 (0x2a3f2023) mem 0x80010000 0x00000001
core   0: 0x80009d68 (0xff9ff06f) j       pc - 0x8
core   0: 3 0x80009d68 (0xff9ff06f)
core   0: 0x80009d60 (0x00006f17) auipc   t5, 0x6
core   0: 3 0x80009d60 (0x00006f17) x30 0x8000fd60
core   0: 0x80009d64 (0x2a3f2023) sw      gp, 672(t5)
core   0: 3 0x80009d64 (0x2a3f2023) mem 0x80010000 0x00000001
core   0: 0x80009d68 (0xff9ff06f) j       pc - 0x8
core   0: 3 0x80009d68 (0xff9ff06f)
core   0: 0x80009d60 (0x00006f17) auipc   t5, 0x6
core   0: 3 0x80009d60 (0x00006f17) x30 0x8000fd60
core   0: 0x80009d64 (0x2a3f2023) sw      gp, 672(t5)
core   0: 3 0x80009d64 (0x2a3f2023) mem 0x80010000 0x00000001
core   0: 0x80009d68 (0xff9ff06f) j       pc - 0x8
core   0: 3 0x80009d68 (0xff9ff06f)
core   0: 0x80009d60 (0x00006f17) auipc   t5, 0x6
core   0: 3 0x80009d60 (0x00006f17) x30 0x8000fd60
core   0: 0x80009d64 (0x2a3f2023) sw      gp, 672(t5)
core   0: 3 0x80009d64 (0x2a3f2023) mem 0x80010000 0x00000001
core   0: 0x80009d68 (0xff9ff06f) j       pc - 0x8
core   0: 3 0x80009d68 (0xff9ff06f)
core   0: 0x80009d60 (0x00006f17) auipc   t5, 0x6
core   0: 3 0x80009d60 (0x00006f17) x30 0x8000fd60
core   0: 0x80009d64 (0x2a3f2023) sw      gp, 672(t5)
core   0: 3 0x80009d64 (0x2a3f2023) mem 0x80010000 0x00000001
core   0: 0x80009d68 (0xff9ff06f) j       pc - 0x8
core   0: 3 0x80009d68 (0xff9ff06f)
core   0: 0x80009d60 (0x00006f17) auipc   t5, 0x6
core   0: 3 0x80009d60 (0x00006f17) x30 0x8000fd60
core   0: 0x80009d64 (0x2a3f2023) sw      gp, 672(t5)
core   0: 3 0x80009d64 (0x2a3f2023) mem 0x80010000 0x00000001
core   0: 0x80009d68 (0xff9ff06f) j       pc - 0x8
core   0: 3 0x80009d68 (0xff9ff06f)
core   0: 0x80009d60 (0x00006f17) auipc   t5, 0x6
core   0: 3 0x80009d60 (0x00006f17) x30 0x8000fd60
core   0: 0x80009d64 (0x2a3f2023) sw      gp, 672(t5)
core   0: 3 0x80009d64 (0x2a3f2023) mem 0x80010000 0x00000001
core   0: 0x80009d68 (0xff9ff06f) j       pc - 0x8
core   0: 3 0x80009d68 (0xff9ff06f)
core   0: 0x80009d60 (0x00006f17) auipc   t5, 0x6
core   0: 3 0x80009d60 (0x00006f17) x30 0x8000fd60
core   0: 0x80009d64 (0x2a3f2023) sw      gp, 672(t5)
core   0: 3 0x80009d64 (0x2a3f2023) mem 0x80010000 0x00000001
core   0: 0x80009d68 (0xff9ff06f) j       pc - 0x8
core   0: 3 0x80009d68 (0xff9ff06f)
core   0: 0x80009d60 (0x00006f17) auipc   t5, 0x6
core   0: 3 0x80009d60 (0x00006f17) x30 0x8000fd60
core   0: 0x80009d64 (0x2a3f2023) sw      gp, 672(t5)
core   0: 3 0x80009d64 (0x2a3f2023) mem 0x80010000 0x00000001
core   0: 0x80009d68 (0xff9ff06f) j       pc - 0x8
core   0: 3 0x80009d68 (0xff9ff06f)
core   0: 0x80009d60 (0x00006f17) auipc   t5, 0x6
core   0: 3 0x80009d60 (0x00006f17) x30 0x8000fd60
core   0: 0x80009d64 (0x2a3f2023) sw      gp, 672(t5)
core   0: 3 0x80009d64 (0x2a3f2023) mem 0x80010000 0x00000001
core   0: 0x80009d68 (0xff9ff06f) j       pc - 0x8
core   0: 3 0x80009d68 (0xff9ff06f)
core   0: 0x80009d60 (0x00006f17) auipc   t5, 0x6
core   0: 3 0x80009d60 (0x00006f17) x30 0x8000fd60
core   0: 0x80009d64 (0x2a3f2023) sw      gp, 672(t5)
core   0: 3 0x80009d64 (0x2a3f2023) mem 0x80010000 0x00000001
core   0: 0x80009d68 (0xff9ff06f) j       pc - 0x8
core   0: 3 0x80009d68 (0xff9ff06f)
core   0: 0x80009d60 (0x00006f17) auipc   t5, 0x6
core   0: 3 0x80009d60 (0x00006f17) x30 0x8000fd60
core   0: 0x80009d64 (0x2a3f2023) sw      gp, 672(t5)
core   0: 3 0x80009d64 (0x2a3f2023) mem 0x80010000 0x00000001
core   0: 0x80009d68 (0xff9ff06f) j       pc - 0x8
core   0: 3 0x80009d68 (0xff9ff06f)
core   0: 0x80009d60 (0x00006f17) auipc   t5, 0x6
core   0: 3 0x80009d60 (0x00006f17) x30 0x8000fd60
core   0: 0x80009d64 (0x2a3f2023) sw      gp, 672(t5)
core   0: 3 0x80009d64 (0x2a3f2023) mem 0x80010000 0x00000001
core   0: 0x80009d68 (0xff9ff06f) j       pc - 0x8
core   0: 3 0x80009d68 (0xff9ff06f)
core   0: 0x80009d60 (0x00006f17) auipc   t5, 0x6
core   0: 3 0x80009d60 (0x00006f17) x30 0x8000fd60
core   0: 0x80009d64 (0x2a3f2023) sw      gp, 672(t5)
core   0: 3 0x80009d64 (0x2a3f2023) mem 0x80010000 0x00000001
core   0: 0x80009d68 (0xff9ff06f) j       pc - 0x8
core   0: 3 0x80009d68 (0xff9ff06f)
core   0: 0x80009d60 (0x00006f17) auipc   t5, 0x6
core   0: 3 0x80009d60 (0x00006f17) x30 0x8000fd60
core   0: 0x80009d64 (0x2a3f2023) sw      gp, 672(t5)
core   0: 3 0x80009d64 (0x2a3f2023) mem 0x80010000 0x00000001
core   0: 0x80009d68 (0xff9ff06f) j       pc - 0x8
core   0: 3 0x80009d68 (0xff9ff06f)
core   0: 0x80009d60 (0x00006f17) auipc   t5, 0x6
core   0: 3 0x80009d60 (0x00006f17) x30 0x8000fd60
core   0: 0x80009d64 (0x2a3f2023) sw      gp, 672(t5)
core   0: 3 0x80009d64 (0x2a3f2023) mem 0x80010000 0x00000001
core   0: 0x80009d68 (0xff9ff06f) j       pc - 0x8
core   0: 3 0x80009d68 (0xff9ff06f)
core   0: 0x80009d60 (0x00006f17) auipc   t5, 0x6
core   0: 3 0x80009d60 (0x00006f17) x30 0x8000fd60
core   0: 0x80009d64 (0x2a3f2023) sw      gp, 672(t5)
core   0: 3 0x80009d64 (0x2a3f2023) mem 0x80010000 0x00000001
core   0: 0x80009d68 (0xff9ff06f) j       pc - 0x8
core   0: 3 0x80009d68 (0xff9ff06f)
core   0: 0x80009d60 (0x00006f17) auipc   t5, 0x6
core   0: 3 0x80009d60 (0x00006f17) x30 0x8000fd60
core   0: 0x80009d64 (0x2a3f2023) sw      gp, 672(t5)
core   0: 3 0x80009d64 (0x2a3f2023) mem 0x80010000 0x00000001
core   0: 0x80009d68 (0xff9ff06f) j       pc - 0x8
core   0: 3 0x80009d68 (0xff9ff06f)
core   0: 0x80009d60 (0x00006f17) auipc   t5, 0x6
core   0: 3 0x80009d60 (0x00006f17) x30 0x8000fd60
core   0: 0x80009d64 (0x2a3f2023) sw      gp, 672(t5)
core   0: 3 0x80009d64 (0x2a3f2023) mem 0x80010000 0x00000001
core   0: 0x80009d68 (0xff9ff06f) j       pc - 0x8
core   0: 3 0x80009d68 (0xff9ff06f)
core   0: 0x80009d60 (0x00006f17) auipc   t5, 0x6
core   0: 3 0x80009d60 (0x00006f17) x30 0x8000fd60
core   0: 0x80009d64 (0x2a3f2023) sw      gp, 672(t5)
core   0: 3 0x80009d64 (0x2a3f2023) mem 0x80010000 0x00000001
core   0: 0x80009d68 (0xff9ff06f) j       pc - 0x8
core   0: 3 0x80009d68 (0xff9ff06f)
core   0: 0x80009d60 (0x00006f17) auipc   t5, 0x6
core   0: 3 0x80009d60 (0x00006f17) x30 0x8000fd60
core   0: 0x80009d64 (0x2a3f2023) sw      gp, 672(t5)
core   0: 3 0x80009d64 (0x2a3f2023) mem 0x80010000 0x00000001
core   0: 0x80009d68 (0xff9ff06f) j       pc - 0x8
core   0: 3 0x80009d68 (0xff9ff06f)
core   0: 0x80009d60 (0x00006f17) auipc   t5, 0x6
core   0: 3 0x80009d60 (0x00006f17) x30 0x8000fd60
core   0: 0x80009d64 (0x2a3f2023) sw      gp, 672(t5)
core   0: 3 0x80009d64 (0x2a3f2023) mem 0x80010000 0x00000001
core   0: 0x80009d68 (0xff9ff06f) j       pc - 0x8
core   0: 3 0x80009d68 (0xff9ff06f)
core   0: 0x80009d60 (0x00006f17) auipc   t5, 0x6
core   0: 3 0x80009d60 (0x00006f17) x30 0x8000fd60
core   0: 0x80009d64 (0x2a3f2023) sw      gp, 672(t5)
core   0: 3 0x80009d64 (0x2a3f2023) mem 0x80010000 0x00000001
core   0: 0x80009d68 (0xff9ff06f) j       pc - 0x8
core   0: 3 0x80009d68 (0xff9ff06f)
core   0: 0x80009d60 (0x00006f17) auipc   t5, 0x6
core   0: 3 0x80009d60 (0x00006f17) x30 0x8000fd60
core   0: 0x80009d64 (0x2a3f2023) sw      gp, 672(t5)
core   0: 3 0x80009d64 (0x2a3f2023) mem 0x80010000 0x00000001
core   0: 0x80009d68 (0xff9ff06f) j       pc - 0x8
core   0: 3 0x80009d68 (0xff9ff06f)
core   0: 0x80009d60 (0x00006f17) auipc   t5, 0x6
core   0: 3 0x80009d60 (0x00006f17) x30 0x8000fd60
core   0: 0x80009d64 (0x2a3f2023) sw      gp, 672(t5)
core   0: 3 0x80009d64 (0x2a3f2023) mem 0x80010000 0x00000001
core   0: 0x80009d68 (0xff9ff06f) j       pc - 0x8
core   0: 3 0x80009d68 (0xff9ff06f)
core   0: 0x80009d60 (0x00006f17) auipc   t5, 0x6
core   0: 3 0x80009d60 (0x00006f17) x30 0x8000fd60
core   0: 0x80009d64 (0x2a3f2023) sw      gp, 672(t5)
core   0: 3 0x80009d64 (0x2a3f2023) mem 0x80010000 0x00000001
core   0: 0x80009d68 (0xff9ff06f) j       pc - 0x8
core   0: 3 0x80009d68 (0xff9ff06f)
core   0: 0x80009d60 (0x00006f17) auipc   t5, 0x6
core   0: 3 0x80009d60 (0x00006f17) x30 0x8000fd60
core   0: 0x80009d64 (0x2a3f2023) sw      gp, 672(t5)
core   0: 3 0x80009d64 (0x2a3f2023) mem 0x80010000 0x00000001
core   0: 0x80009d68 (0xff9ff06f) j       pc - 0x8
core   0: 3 0x80009d68 (0xff9ff06f)
core   0: 0x80009d60 (0x00006f17) auipc   t5, 0x6
core   0: 3 0x80009d60 (0x00006f17) x30 0x8000fd60
core   0: 0x80009d64 (0x2a3f2023) sw      gp, 672(t5)
core   0: 3 0x80009d64 (0x2a3f2023) mem 0x80010000 0x00000001
core   0: 0x80009d68 (0xff9ff06f) j       pc - 0x8
core   0: 3 0x80009d68 (0xff9ff06f)
core   0: 0x80009d60 (0x00006f17) auipc   t5, 0x6
core   0: 3 0x80009d60 (0x00006f17) x30 0x8000fd60
core   0: 0x80009d64 (0x2a3f2023) sw      gp, 672(t5)
core   0: 3 0x80009d64 (0x2a3f2023) mem 0x80010000 0x00000001
core   0: 0x80009d68 (0xff9ff06f) j       pc - 0x8
core   0: 3 0x80009d68 (0xff9ff06f)
core   0: 0x80009d60 (0x00006f17) auipc   t5, 0x6
core   0: 3 0x80009d60 (0x00006f17) x30 0x8000fd60
core   0: 0x80009d64 (0x2a3f2023) sw      gp, 672(t5)
core   0: 3 0x80009d64 (0x2a3f2023) mem 0x80010000 0x00000001
core   0: 0x80009d68 (0xff9ff06f) j       pc - 0x8
core   0: 3 0x80009d68 (0xff9ff06f)
core   0: 0x80009d60 (0x00006f17) auipc   t5, 0x6
core   0: 3 0x80009d60 (0x00006f17) x30 0x8000fd60
core   0: 0x80009d64 (0x2a3f2023) sw      gp, 672(t5)
core   0: 3 0x80009d64 (0x2a3f2023) mem 0x80010000 0x00000001
core   0: 0x80009d68 (0xff9ff06f) j       pc - 0x8
core   0: 3 0x80009d68 (0xff9ff06f)
core   0: 0x80009d60 (0x00006f17) auipc   t5, 0x6
core   0: 3 0x80009d60 (0x00006f17) x30 0x8000fd60
core   0: 0x80009d64 (0x2a3f2023) sw      gp, 672(t5)
core   0: 3 0x80009d64 (0x2a3f2023) mem 0x80010000 0x00000001
core   0: 0x80009d68 (0xff9ff06f) j       pc - 0x8
core   0: 3 0x80009d68 (0xff9ff06f)
core   0: 0x80009d60 (0x00006f17) auipc   t5, 0x6
core   0: 3 0x80009d60 (0x00006f17) x30 0x8000fd60
core   0: 0x80009d64 (0x2a3f2023) sw      gp, 672(t5)
core   0: 3 0x80009d64 (0x2a3f2023) mem 0x80010000 0x00000001
core   0: 0x80009d68 (0xff9ff06f) j       pc - 0x8
core   0: 3 0x80009d68 (0xff9ff06f)
core   0: 0x80009d60 (0x00006f17) auipc   t5, 0x6
core   0: 3 0x80009d60 (0x00006f17) x30 0x8000fd60
core   0: 0x80009d64 (0x2a3f2023) sw      gp, 672(t5)
core   0: 3 0x80009d64 (0x2a3f2023) mem 0x80010000 0x00000001
core   0: 0x80009d68 (0xff9ff06f) j       pc - 0x8
core   0: 3 0x80009d68 (0xff9ff06f)
core   0: 0x80009d60 (0x00006f17) auipc   t5, 0x6
core   0: 3 0x80009d60 (0x00006f17) x30 0x8000fd60
core   0: 0x80009d64 (0x2a3f2023) sw      gp, 672(t5)
core   0: 3 0x80009d64 (0x2a3f2023) mem 0x80010000 0x00000001
core   0: 0x80009d68 (0xff9ff06f) j       pc - 0x8
core   0: 3 0x80009d68 (0xff9ff06f)
core   0: 0x80009d60 (0x00006f17) auipc   t5, 0x6
core   0: 3 0x80009d60 (0x00006f17) x30 0x8000fd60
core   0: 0x80009d64 (0x2a3f2023) sw      gp, 672(t5)
core   0: 3 0x80009d64 (0x2a3f2023) mem 0x80010000 0x00000001
core   0: 0x80009d68 (0xff9ff06f) j       pc - 0x8
core   0: 3 0x80009d68 (0xff9ff06f)
core   0: 0x80009d60 (0x00006f17) auipc   t5, 0x6
core   0: 3 0x80009d60 (0x00006f17) x30 0x8000fd60
core   0: 0x80009d64 (0x2a3f2023) sw      gp, 672(t5)
core   0: 3 0x80009d64 (0x2a3f2023) mem 0x80010000 0x00000001
core   0: 0x80009d68 (0xff9ff06f) j       pc - 0x8
core   0: 3 0x80009d68 (0xff9ff06f)
core   0: 0x80009d60 (0x00006f17) auipc   t5, 0x6
core   0: 3 0x80009d60 (0x00006f17) x30 0x8000fd60
core   0: 0x80009d64 (0x2a3f2023) sw      gp, 672(t5)
core   0: 3 0x80009d64 (0x2a3f2023) mem 0x80010000 0x00000001
core   0: 0x80009d68 (0xff9ff06f) j       pc - 0x8
core   0: 3 0x80009d68 (0xff9ff06f)
core   0: 0x80009d60 (0x00006f17) auipc   t5, 0x6
core   0: 3 0x80009d60 (0x00006f17) x30 0x8000fd60
core   0: 0x80009d64 (0x2a3f2023) sw      gp, 672(t5)
core   0: 3 0x80009d64 (0x2a3f2023) mem 0x80010000 0x00000001
core   0: 0x80009d68 (0xff9ff06f) j       pc - 0x8
core   0: 3 0x80009d68 (0xff9ff06f)
core   0: 0x80009d60 (0x00006f17) auipc   t5, 0x6
core   0: 3 0x80009d60 (0x00006f17) x30 0x8000fd60
core   0: 0x80009d64 (0x2a3f2023) sw      gp, 672(t5)
core   0: 3 0x80009d64 (0x2a3f2023) mem 0x80010000 0x00000001
core   0: 0x80009d68 (0xff9ff06f) j       pc - 0x8
core   0: 3 0x80009d68 (0xff9ff06f)
core   0: 0x80009d60 (0x00006f17) auipc   t5, 0x6
core   0: 3 0x80009d60 (0x00006f17) x30 0x8000fd60
core   0: 0x80009d64 (0x2a3f2023) sw      gp, 672(t5)
core   0: 3 0x80009d64 (0x2a3f2023) mem 0x80010000 0x00000001
core   0: 0x80009d68 (0xff9ff06f) j       pc - 0x8
core   0: 3 0x80009d68 (0xff9ff06f)
core   0: 0x80009d60 (0x00006f17) auipc   t5, 0x6
core   0: 3 0x80009d60 (0x00006f17) x30 0x8000fd60
core   0: 0x80009d64 (0x2a3f2023) sw      gp, 672(t5)
core   0: 3 0x80009d64 (0x2a3f2023) mem 0x80010000 0x00000001
core   0: 0x80009d68 (0xff9ff06f) j       pc - 0x8
core   0: 3 0x80009d68 (0xff9ff06f)
core   0: 0x80009d60 (0x00006f17) auipc   t5, 0x6
core   0: 3 0x80009d60 (0x00006f17) x30 0x8000fd60
core   0: 0x80009d64 (0x2a3f2023) sw      gp, 672(t5)
core   0: 3 0x80009d64 (0x2a3f2023) mem 0x80010000 0x00000001
core   0: 0x80009d68 (0xff9ff06f) j       pc - 0x8
core   0: 3 0x80009d68 (0xff9ff06f)
core   0: 0x80009d60 (0x00006f17) auipc   t5, 0x6
core   0: 3 0x80009d60 (0x00006f17) x30 0x8000fd60
core   0: 0x80009d64 (0x2a3f2023) sw      gp, 672(t5)
core   0: 3 0x80009d64 (0x2a3f2023) mem 0x80010000 0x00000001
core   0: 0x80009d68 (0xff9ff06f) j       pc - 0x8
core   0: 3 0x80009d68 (0xff9ff06f)
core   0: 0x80009d60 (0x00006f17) auipc   t5, 0x6
core   0: 3 0x80009d60 (0x00006f17) x30 0x8000fd60
core   0: 0x80009d64 (0x2a3f2023) sw      gp, 672(t5)
core   0: 3 0x80009d64 (0x2a3f2023) mem 0x80010000 0x00000001
core   0: 0x80009d68 (0xff9ff06f) j       pc - 0x8
core   0: 3 0x80009d68 (0xff9ff06f)
core   0: 0x80009d60 (0x00006f17) auipc   t5, 0x6
core   0: 3 0x80009d60 (0x00006f17) x30 0x8000fd60
core   0: 0x80009d64 (0x2a3f2023) sw      gp, 672(t5)
core   0: 3 0x80009d64 (0x2a3f2023) mem 0x80010000 0x00000001
core   0: 0x80009d68 (0xff9ff06f) j       pc - 0x8
core   0: 3 0x80009d68 (0xff9ff06f)
core   0: 0x80009d60 (0x00006f17) auipc   t5, 0x6
core   0: 3 0x80009d60 (0x00006f17) x30 0x8000fd60
core   0: 0x80009d64 (0x2a3f2023) sw      gp, 672(t5)
core   0: 3 0x80009d64 (0x2a3f2023) mem 0x80010000 0x00000001
core   0: 0x80009d68 (0xff9ff06f) j       pc - 0x8
core   0: 3 0x80009d68 (0xff9ff06f)
core   0: 0x80009d60 (0x00006f17) auipc   t5, 0x6
core   0: 3 0x80009d60 (0x00006f17) x30 0x8000fd60
core   0: 0x80009d64 (0x2a3f2023) sw      gp, 672(t5)
core   0: 3 0x80009d64 (0x2a3f2023) mem 0x80010000 0x00000001
core   0: 0x80009d68 (0xff9ff06f) j       pc - 0x8
core   0: 3 0x80009d68 (0xff9ff06f)
core   0: 0x80009d60 (0x00006f17) auipc   t5, 0x6
core   0: 3 0x80009d60 (0x00006f17) x30 0x8000fd60
core   0: 0x80009d64 (0x2a3f2023) sw      gp, 672(t5)
core   0: 3 0x80009d64 (0x2a3f2023) mem 0x80010000 0x00000001
core   0: 0x80009d68 (0xff9ff06f) j       pc - 0x8
core   0: 3 0x80009d68 (0xff9ff06f)
core   0: 0x80009d60 (0x00006f17) auipc   t5, 0x6
core   0: 3 0x80009d60 (0x00006f17) x30 0x8000fd60
core   0: 0x80009d64 (0x2a3f2023) sw      gp, 672(t5)
core   0: 3 0x80009d64 (0x2a3f2023) mem 0x80010000 0x00000001
core   0: 0x80009d68 (0xff9ff06f) j       pc - 0x8
core   0: 3 0x80009d68 (0xff9ff06f)
core   0: 0x80009d60 (0x00006f17) auipc   t5, 0x6
core   0: 3 0x80009d60 (0x00006f17) x30 0x8000fd60
core   0: 0x80009d64 (0x2a3f2023) sw      gp, 672(t5)
core   0: 3 0x80009d64 (0x2a3f2023) mem 0x80010000 0x00000001
core   0: 0x80009d68 (0xff9ff06f) j       pc - 0x8
core   0: 3 0x80009d68 (0xff9ff06f)
core   0: 0x80009d60 (0x00006f17) auipc   t5, 0x6
core   0: 3 0x80009d60 (0x00006f17) x30 0x8000fd60
core   0: 0x80009d64 (0x2a3f2023) sw      gp, 672(t5)
core   0: 3 0x80009d64 (0x2a3f2023) mem 0x80010000 0x00000001
core   0: 0x80009d68 (0xff9ff06f) j       pc - 0x8
core   0: 3 0x80009d68 (0xff9ff06f)
core   0: 0x80009d60 (0x00006f17) auipc   t5, 0x6
core   0: 3 0x80009d60 (0x00006f17) x30 0x8000fd60
core   0: 0x80009d64 (0x2a3f2023) sw      gp, 672(t5)
core   0: 3 0x80009d64 (0x2a3f2023) mem 0x80010000 0x00000001
core   0: 0x80009d68 (0xff9ff06f) j       pc - 0x8
core   0: 3 0x80009d68 (0xff9ff06f)
core   0: 0x80009d60 (0x00006f17) auipc   t5, 0x6
core   0: 3 0x80009d60 (0x00006f17) x30 0x8000fd60
core   0: 0x80009d64 (0x2a3f2023) sw      gp, 672(t5)
core   0: 3 0x80009d64 (0x2a3f2023) mem 0x80010000 0x00000001
core   0: 0x80009d68 (0xff9ff06f) j       pc - 0x8
core   0: 3 0x80009d68 (0xff9ff06f)
core   0: 0x80009d60 (0x00006f17) auipc   t5, 0x6
core   0: 3 0x80009d60 (0x00006f17) x30 0x8000fd60
core   0: 0x80009d64 (0x2a3f2023) sw      gp, 672(t5)
core   0: 3 0x80009d64 (0x2a3f2023) mem 0x80010000 0x00000001
core   0: 0x80009d68 (0xff9ff06f) j       pc - 0x8
core   0: 3 0x80009d68 (0xff9ff06f)
core   0: 0x80009d60 (0x00006f17) auipc   t5, 0x6
core   0: 3 0x80009d60 (0x00006f17) x30 0x8000fd60
core   0: 0x80009d64 (0x2a3f2023) sw      gp, 672(t5)
core   0: 3 0x80009d64 (0x2a3f2023) mem 0x80010000 0x00000001
core   0: 0x80009d68 (0xff9ff06f) j       pc - 0x8
core   0: 3 0x80009d68 (0xff9ff06f)
core   0: 0x80009d60 (0x00006f17) auipc   t5, 0x6
core   0: 3 0x80009d60 (0x00006f17) x30 0x8000fd60
core   0: 0x80009d64 (0x2a3f2023) sw      gp, 672(t5)
core   0: 3 0x80009d64 (0x2a3f2023) mem 0x80010000 0x00000001
core   0: 0x80009d68 (0xff9ff06f) j       pc - 0x8
core   0: 3 0x80009d68 (0xff9ff06f)
core   0: 0x80009d60 (0x00006f17) auipc   t5, 0x6
core   0: 3 0x80009d60 (0x00006f17) x30 0x8000fd60
core   0: 0x80009d64 (0x2a3f2023) sw      gp, 672(t5)
core   0: 3 0x80009d64 (0x2a3f2023) mem 0x80010000 0x00000001
core   0: 0x80009d68 (0xff9ff06f) j       pc - 0x8
core   0: 3 0x80009d68 (0xff9ff06f)
core   0: 0x80009d60 (0x00006f17) auipc   t5, 0x6
core   0: 3 0x80009d60 (0x00006f17) x30 0x8000fd60
core   0: 0x80009d64 (0x2a3f2023) sw      gp, 672(t5)
core   0: 3 0x80009d64 (0x2a3f2023) mem 0x80010000 0x00000001
core   0: 0x80009d68 (0xff9ff06f) j       pc - 0x8
core   0: 3 0x80009d68 (0xff9ff06f)
core   0: 0x80009d60 (0x00006f17) auipc   t5, 0x6
core   0: 3 0x80009d60 (0x00006f17) x30 0x8000fd60
core   0: 0x80009d64 (0x2a3f2023) sw      gp, 672(t5)
core   0: 3 0x80009d64 (0x2a3f2023) mem 0x80010000 0x00000001
core   0: 0x80009d68 (0xff9ff06f) j       pc - 0x8
core   0: 3 0x80009d68 (0xff9ff06f)
core   0: 0x80009d60 (0x00006f17) auipc   t5, 0x6
core   0: 3 0x80009d60 (0x00006f17) x30 0x8000fd60
core   0: 0x80009d64 (0x2a3f2023) sw      gp, 672(t5)
core   0: 3 0x80009d64 (0x2a3f2023) mem 0x80010000 0x00000001
core   0: 0x80009d68 (0xff9ff06f) j       pc - 0x8
core   0: 3 0x80009d68 (0xff9ff06f)
core   0: 0x80009d60 (0x00006f17) auipc   t5, 0x6
core   0: 3 0x80009d60 (0x00006f17) x30 0x8000fd60
core   0: 0x80009d64 (0x2a3f2023) sw      gp, 672(t5)
core   0: 3 0x80009d64 (0x2a3f2023) mem 0x80010000 0x00000001
core   0: 0x80009d68 (0xff9ff06f) j       pc - 0x8
core   0: 3 0x80009d68 (0xff9ff06f)
core   0: 0x80009d60 (0x00006f17) auipc   t5, 0x6
core   0: 3 0x80009d60 (0x00006f17) x30 0x8000fd60
core   0: 0x80009d64 (0x2a3f2023) sw      gp, 672(t5)
core   0: 3 0x80009d64 (0x2a3f2023) mem 0x80010000 0x00000001
core   0: 0x80009d68 (0xff9ff06f) j       pc - 0x8
core   0: 3 0x80009d68 (0xff9ff06f)
core   0: 0x80009d60 (0x00006f17) auipc   t5, 0x6
core   0: 3 0x80009d60 (0x00006f17) x30 0x8000fd60
core   0: 0x80009d64 (0x2a3f2023) sw      gp, 672(t5)
core   0: 3 0x80009d64 (0x2a3f2023) mem 0x80010000 0x00000001
core   0: 0x80009d68 (0xff9ff06f) j       pc - 0x8
core   0: 3 0x80009d68 (0xff9ff06f)
core   0: 0x80009d60 (0x00006f17) auipc   t5, 0x6
core   0: 3 0x80009d60 (0x00006f17) x30 0x8000fd60
core   0: 0x80009d64 (0x2a3f2023) sw      gp, 672(t5)
core   0: 3 0x80009d64 (0x2a3f2023) mem 0x80010000 0x00000001
core   0: 0x80009d68 (0xff9ff06f) j       pc - 0x8
core   0: 3 0x80009d68 (0xff9ff06f)
core   0: 0x80009d60 (0x00006f17) auipc   t5, 0x6
core   0: 3 0x80009d60 (0x00006f17) x30 0x8000fd60
core   0: 0x80009d64 (0x2a3f2023) sw      gp, 672(t5)
core   0: 3 0x80009d64 (0x2a3f2023) mem 0x80010000 0x00000001
core   0: 0x80009d68 (0xff9ff06f) j       pc - 0x8
core   0: 3 0x80009d68 (0xff9ff06f)
core   0: 0x80009d60 (0x00006f17) auipc   t5, 0x6
core   0: 3 0x80009d60 (0x00006f17) x30 0x8000fd60
core   0: 0x80009d64 (0x2a3f2023) sw      gp, 672(t5)
core   0: 3 0x80009d64 (0x2a3f2023) mem 0x80010000 0x00000001
core   0: 0x80009d68 (0xff9ff06f) j       pc - 0x8
core   0: 3 0x80009d68 (0xff9ff06f)
core   0: 0x80009d60 (0x00006f17) auipc   t5, 0x6
core   0: 3 0x80009d60 (0x00006f17) x30 0x8000fd60
core   0: 0x80009d64 (0x2a3f2023) sw      gp, 672(t5)
core   0: 3 0x80009d64 (0x2a3f2023) mem 0x80010000 0x00000001
core   0: 0x80009d68 (0xff9ff06f) j       pc - 0x8
core   0: 3 0x80009d68 (0xff9ff06f)
core   0: 0x80009d60 (0x00006f17) auipc   t5, 0x6
core   0: 3 0x80009d60 (0x00006f17) x30 0x8000fd60
core   0: 0x80009d64 (0x2a3f2023) sw      gp, 672(t5)
core   0: 3 0x80009d64 (0x2a3f2023) mem 0x80010000 0x00000001
core   0: 0x80009d68 (0xff9ff06f) j       pc - 0x8
core   0: 3 0x80009d68 (0xff9ff06f)
core   0: 0x80009d60 (0x00006f17) auipc   t5, 0x6
core   0: 3 0x80009d60 (0x00006f17) x30 0x8000fd60
core   0: 0x80009d64 (0x2a3f2023) sw      gp, 672(t5)
core   0: 3 0x80009d64 (0x2a3f2023) mem 0x80010000 0x00000001
core   0: 0x80009d68 (0xff9ff06f) j       pc - 0x8
core   0: 3 0x80009d68 (0xff9ff06f)
core   0: 0x80009d60 (0x00006f17) auipc   t5, 0x6
core   0: 3 0x80009d60 (0x00006f17) x30 0x8000fd60
core   0: 0x80009d64 (0x2a3f2023) sw      gp, 672(t5)
core   0: 3 0x80009d64 (0x2a3f2023) mem 0x80010000 0x00000001
core   0: 0x80009d68 (0xff9ff06f) j       pc - 0x8
core   0: 3 0x80009d68 (0xff9ff06f)
core   0: 0x80009d60 (0x00006f17) auipc   t5, 0x6
core   0: 3 0x80009d60 (0x00006f17) x30 0x8000fd60
core   0: 0x80009d64 (0x2a3f2023) sw      gp, 672(t5)
core   0: 3 0x80009d64 (0x2a3f2023) mem 0x80010000 0x00000001
core   0: 0x80009d68 (0xff9ff06f) j       pc - 0x8
core   0: 3 0x80009d68 (0xff9ff06f)
core   0: 0x80009d60 (0x00006f17) auipc   t5, 0x6
core   0: 3 0x80009d60 (0x00006f17) x30 0x8000fd60
core   0: 0x80009d64 (0x2a3f2023) sw      gp, 672(t5)
core   0: 3 0x80009d64 (0x2a3f2023) mem 0x80010000 0x00000001
core   0: 0x80009d68 (0xff9ff06f) j       pc - 0x8
core   0: 3 0x80009d68 (0xff9ff06f)
core   0: 0x80009d60 (0x00006f17) auipc   t5, 0x6
core   0: 3 0x80009d60 (0x00006f17) x30 0x8000fd60
core   0: 0x80009d64 (0x2a3f2023) sw      gp, 672(t5)
core   0: 3 0x80009d64 (0x2a3f2023) mem 0x80010000 0x00000001
core   0: 0x80009d68 (0xff9ff06f) j       pc - 0x8
core   0: 3 0x80009d68 (0xff9ff06f)
core   0: 0x80009d60 (0x00006f17) auipc   t5, 0x6
core   0: 3 0x80009d60 (0x00006f17) x30 0x8000fd60
core   0: 0x80009d64 (0x2a3f2023) sw      gp, 672(t5)
core   0: 3 0x80009d64 (0x2a3f2023) mem 0x80010000 0x00000001
core   0: 0x80009d68 (0xff9ff06f) j       pc - 0x8
core   0: 3 0x80009d68 (0xff9ff06f)
core   0: 0x80009d60 (0x00006f17) auipc   t5, 0x6
core   0: 3 0x80009d60 (0x00006f17) x30 0x8000fd60
core   0: 0x80009d64 (0x2a3f2023) sw      gp, 672(t5)
core   0: 3 0x80009d64 (0x2a3f2023) mem 0x80010000 0x00000001
core   0: 0x80009d68 (0xff9ff06f) j       pc - 0x8
core   0: 3 0x80009d68 (0xff9ff06f)
core   0: 0x80009d60 (0x00006f17) auipc   t5, 0x6
core   0: 3 0x80009d60 (0x00006f17) x30 0x8000fd60
core   0: 0x80009d64 (0x2a3f2023) sw      gp, 672(t5)
core   0: 3 0x80009d64 (0x2a3f2023) mem 0x80010000 0x00000001
core   0: 0x80009d68 (0xff9ff06f) j       pc - 0x8
core   0: 3 0x80009d68 (0xff9ff06f)
core   0: 0x80009d60 (0x00006f17) auipc   t5, 0x6
core   0: 3 0x80009d60 (0x00006f17) x30 0x8000fd60
core   0: 0x80009d64 (0x2a3f2023) sw      gp, 672(t5)
core   0: 3 0x80009d64 (0x2a3f2023) mem 0x80010000 0x00000001
core   0: 0x80009d68 (0xff9ff06f) j       pc - 0x8
core   0: 3 0x80009d68 (0xff9ff06f)
core   0: 0x80009d60 (0x00006f17) auipc   t5, 0x6
core   0: 3 0x80009d60 (0x00006f17) x30 0x8000fd60
core   0: 0x80009d64 (0x2a3f2023) sw      gp, 672(t5)
core   0: 3 0x80009d64 (0x2a3f2023) mem 0x80010000 0x00000001
core   0: 0x80009d68 (0xff9ff06f) j       pc - 0x8
core   0: 3 0x80009d68 (0xff9ff06f)
core   0: 0x80009d60 (0x00006f17) auipc   t5, 0x6
core   0: 3 0x80009d60 (0x00006f17) x30 0x8000fd60
core   0: 0x80009d64 (0x2a3f2023) sw      gp, 672(t5)
core   0: 3 0x80009d64 (0x2a3f2023) mem 0x80010000 0x00000001
core   0: 0x80009d68 (0xff9ff06f) j       pc - 0x8
core   0: 3 0x80009d68 (0xff9ff06f)
core   0: 0x80009d60 (0x00006f17) auipc   t5, 0x6
core   0: 3 0x80009d60 (0x00006f17) x30 0x8000fd60
core   0: 0x80009d64 (0x2a3f2023) sw      gp, 672(t5)
core   0: 3 0x80009d64 (0x2a3f2023) mem 0x80010000 0x00000001
core   0: 0x80009d68 (0xff9ff06f) j       pc - 0x8
core   0: 3 0x80009d68 (0xff9ff06f)
core   0: 0x80009d60 (0x00006f17) auipc   t5, 0x6
core   0: 3 0x80009d60 (0x00006f17) x30 0x8000fd60
core   0: 0x80009d64 (0x2a3f2023) sw      gp, 672(t5)
core   0: 3 0x80009d64 (0x2a3f2023) mem 0x80010000 0x00000001
core   0: 0x80009d68 (0xff9ff06f) j       pc - 0x8
core   0: 3 0x80009d68 (0xff9ff06f)
core   0: 0x80009d60 (0x00006f17) auipc   t5, 0x6
core   0: 3 0x80009d60 (0x00006f17) x30 0x8000fd60
core   0: 0x80009d64 (0x2a3f2023) sw      gp, 672(t5)
core   0: 3 0x80009d64 (0x2a3f2023) mem 0x80010000 0x00000001
core   0: 0x80009d68 (0xff9ff06f) j       pc - 0x8
core   0: 3 0x80009d68 (0xff9ff06f)
core   0: 0x80009d60 (0x00006f17) auipc   t5, 0x6
core   0: 3 0x80009d60 (0x00006f17) x30 0x8000fd60
core   0: 0x80009d64 (0x2a3f2023) sw      gp, 672(t5)
core   0: 3 0x80009d64 (0x2a3f2023) mem 0x80010000 0x00000001
core   0: 0x80009d68 (0xff9ff06f) j       pc - 0x8
core   0: 3 0x80009d68 (0xff9ff06f)
core   0: 0x80009d60 (0x00006f17) auipc   t5, 0x6
core   0: 3 0x80009d60 (0x00006f17) x30 0x8000fd60
core   0: 0x80009d64 (0x2a3f2023) sw      gp, 672(t5)
core   0: 3 0x80009d64 (0x2a3f2023) mem 0x80010000 0x00000001
core   0: 0x80009d68 (0xff9ff06f) j       pc - 0x8
core   0: 3 0x80009d68 (0xff9ff06f)
core   0: 0x80009d60 (0x00006f17) auipc   t5, 0x6
core   0: 3 0x80009d60 (0x00006f17) x30 0x8000fd60
core   0: 0x80009d64 (0x2a3f2023) sw      gp, 672(t5)
core   0: 3 0x80009d64 (0x2a3f2023) mem 0x80010000 0x00000001
core   0: 0x80009d68 (0xff9ff06f) j       pc - 0x8
core   0: 3 0x80009d68 (0xff9ff06f)
core   0: 0x80009d60 (0x00006f17) auipc   t5, 0x6
core   0: 3 0x80009d60 (0x00006f17) x30 0x8000fd60
core   0: 0x80009d64 (0x2a3f2023) sw      gp, 672(t5)
core   0: 3 0x80009d64 (0x2a3f2023) mem 0x80010000 0x00000001
core   0: 0x80009d68 (0xff9ff06f) j       pc - 0x8
core   0: 3 0x80009d68 (0xff9ff06f)
core   0: 0x80009d60 (0x00006f17) auipc   t5, 0x6
core   0: 3 0x80009d60 (0x00006f17) x30 0x8000fd60
core   0: 0x80009d64 (0x2a3f2023) sw      gp, 672(t5)
core   0: 3 0x80009d64 (0x2a3f2023) mem 0x80010000 0x00000001
core   0: 0x80009d68 (0xff9ff06f) j       pc - 0x8
core   0: 3 0x80009d68 (0xff9ff06f)
core   0: 0x80009d60 (0x00006f17) auipc   t5, 0x6
core   0: 3 0x80009d60 (0x00006f17) x30 0x8000fd60
core   0: 0x80009d64 (0x2a3f2023) sw      gp, 672(t5)
core   0: 3 0x80009d64 (0x2a3f2023) mem 0x80010000 0x00000001
core   0: 0x80009d68 (0xff9ff06f) j       pc - 0x8
core   0: 3 0x80009d68 (0xff9ff06f)
core   0: 0x80009d60 (0x00006f17) auipc   t5, 0x6
core   0: 3 0x80009d60 (0x00006f17) x30 0x8000fd60
core   0: 0x80009d64 (0x2a3f2023) sw      gp, 672(t5)
core   0: 3 0x80009d64 (0x2a3f2023) mem 0x80010000 0x00000001
core   0: 0x80009d68 (0xff9ff06f) j       pc - 0x8
core   0: 3 0x80009d68 (0xff9ff06f)
core   0: 0x80009d60 (0x00006f17) auipc   t5, 0x6
core   0: 3 0x80009d60 (0x00006f17) x30 0x8000fd60
core   0: 0x80009d64 (0x2a3f2023) sw      gp, 672(t5)
core   0: 3 0x80009d64 (0x2a3f2023) mem 0x80010000 0x00000001
core   0: 0x80009d68 (0xff9ff06f) j       pc - 0x8
core   0: 3 0x80009d68 (0xff9ff06f)
core   0: 0x80009d60 (0x00006f17) auipc   t5, 0x6
core   0: 3 0x80009d60 (0x00006f17) x30 0x8000fd60
core   0: 0x80009d64 (0x2a3f2023) sw      gp, 672(t5)
core   0: 3 0x80009d64 (0x2a3f2023) mem 0x80010000 0x00000001
core   0: 0x80009d68 (0xff9ff06f) j       pc - 0x8
core   0: 3 0x80009d68 (0xff9ff06f)
core   0: 0x80009d60 (0x00006f17) auipc   t5, 0x6
core   0: 3 0x80009d60 (0x00006f17) x30 0x8000fd60
core   0: 0x80009d64 (0x2a3f2023) sw      gp, 672(t5)
core   0: 3 0x80009d64 (0x2a3f2023) mem 0x80010000 0x00000001
core   0: 0x80009d68 (0xff9ff06f) j       pc - 0x8
core   0: 3 0x80009d68 (0xff9ff06f)
core   0: 0x80009d60 (0x00006f17) auipc   t5, 0x6
core   0: 3 0x80009d60 (0x00006f17) x30 0x8000fd60
core   0: 0x80009d64 (0x2a3f2023) sw      gp, 672(t5)
core   0: 3 0x80009d64 (0x2a3f2023) mem 0x80010000 0x00000001
core   0: 0x80009d68 (0xff9ff06f) j       pc - 0x8
core   0: 3 0x80009d68 (0xff9ff06f)
core   0: 0x80009d60 (0x00006f17) auipc   t5, 0x6
core   0: 3 0x80009d60 (0x00006f17) x30 0x8000fd60
core   0: 0x80009d64 (0x2a3f2023) sw      gp, 672(t5)
core   0: 3 0x80009d64 (0x2a3f2023) mem 0x80010000 0x00000001
core   0: 0x80009d68 (0xff9ff06f) j       pc - 0x8
core   0: 3 0x80009d68 (0xff9ff06f)
core   0: 0x80009d60 (0x00006f17) auipc   t5, 0x6
core   0: 3 0x80009d60 (0x00006f17) x30 0x8000fd60
core   0: 0x80009d64 (0x2a3f2023) sw      gp, 672(t5)
core   0: 3 0x80009d64 (0x2a3f2023) mem 0x80010000 0x00000001
core   0: 0x80009d68 (0xff9ff06f) j       pc - 0x8
core   0: 3 0x80009d68 (0xff9ff06f)
core   0: 0x80009d60 (0x00006f17) auipc   t5, 0x6
core   0: 3 0x80009d60 (0x00006f17) x30 0x8000fd60
core   0: 0x80009d64 (0x2a3f2023) sw      gp, 672(t5)
core   0: 3 0x80009d64 (0x2a3f2023) mem 0x80010000 0x00000001
core   0: 0x80009d68 (0xff9ff06f) j       pc - 0x8
core   0: 3 0x80009d68 (0xff9ff06f)
core   0: 0x80009d60 (0x00006f17) auipc   t5, 0x6
core   0: 3 0x80009d60 (0x00006f17) x30 0x8000fd60
core   0: 0x80009d64 (0x2a3f2023) sw      gp, 672(t5)
core   0: 3 0x80009d64 (0x2a3f2023) mem 0x80010000 0x00000001
core   0: 0x80009d68 (0xff9ff06f) j       pc - 0x8
core   0: 3 0x80009d68 (0xff9ff06f)
core   0: 0x80009d60 (0x00006f17) auipc   t5, 0x6
core   0: 3 0x80009d60 (0x00006f17) x30 0x8000fd60
core   0: 0x80009d64 (0x2a3f2023) sw      gp, 672(t5)
core   0: 3 0x80009d64 (0x2a3f2023) mem 0x80010000 0x00000001
core   0: 0x80009d68 (0xff9ff06f) j       pc - 0x8
core   0: 3 0x80009d68 (0xff9ff06f)
core   0: 0x80009d60 (0x00006f17) auipc   t5, 0x6
core   0: 3 0x80009d60 (0x00006f17) x30 0x8000fd60
core   0: 0x80009d64 (0x2a3f2023) sw      gp, 672(t5)
core   0: 3 0x80009d64 (0x2a3f2023) mem 0x80010000 0x00000001
core   0: 0x80009d68 (0xff9ff06f) j       pc - 0x8
core   0: 3 0x80009d68 (0xff9ff06f)
core   0: 0x80009d60 (0x00006f17) auipc   t5, 0x6
core   0: 3 0x80009d60 (0x00006f17) x30 0x8000fd60
core   0: 0x80009d64 (0x2a3f2023) sw      gp, 672(t5)
core   0: 3 0x80009d64 (0x2a3f2023) mem 0x80010000 0x00000001
core   0: 0x80009d68 (0xff9ff06f) j       pc - 0x8
core   0: 3 0x80009d68 (0xff9ff06f)
core   0: 0x80009d60 (0x00006f17) auipc   t5, 0x6
core   0: 3 0x80009d60 (0x00006f17) x30 0x8000fd60
core   0: 0x80009d64 (0x2a3f2023) sw      gp, 672(t5)
core   0: 3 0x80009d64 (0x2a3f2023) mem 0x80010000 0x00000001
core   0: 0x80009d68 (0xff9ff06f) j       pc - 0x8
core   0: 3 0x80009d68 (0xff9ff06f)
core   0: 0x80009d60 (0x00006f17) auipc   t5, 0x6
core   0: 3 0x80009d60 (0x00006f17) x30 0x8000fd60
core   0: 0x80009d64 (0x2a3f2023) sw      gp, 672(t5)
core   0: 3 0x80009d64 (0x2a3f2023) mem 0x80010000 0x00000001
core   0: 0x80009d68 (0xff9ff06f) j       pc - 0x8
core   0: 3 0x80009d68 (0xff9ff06f)
core   0: 0x80009d60 (0x00006f17) auipc   t5, 0x6
core   0: 3 0x80009d60 (0x00006f17) x30 0x8000fd60
core   0: 0x80009d64 (0x2a3f2023) sw      gp, 672(t5)
core   0: 3 0x80009d64 (0x2a3f2023) mem 0x80010000 0x00000001
core   0: 0x80009d68 (0xff9ff06f) j       pc - 0x8
core   0: 3 0x80009d68 (0xff9ff06f)
core   0: 0x80009d60 (0x00006f17) auipc   t5, 0x6
core   0: 3 0x80009d60 (0x00006f17) x30 0x8000fd60
core   0: 0x80009d64 (0x2a3f2023) sw      gp, 672(t5)
core   0: 3 0x80009d64 (0x2a3f2023) mem 0x80010000 0x00000001
core   0: 0x80009d68 (0xff9ff06f) j       pc - 0x8
core   0: 3 0x80009d68 (0xff9ff06f)
core   0: 0x80009d60 (0x00006f17) auipc   t5, 0x6
core   0: 3 0x80009d60 (0x00006f17) x30 0x8000fd60
core   0: 0x80009d64 (0x2a3f2023) sw      gp, 672(t5)
core   0: 3 0x80009d64 (0x2a3f2023) mem 0x80010000 0x00000001
core   0: 0x80009d68 (0xff9ff06f) j       pc - 0x8
core   0: 3 0x80009d68 (0xff9ff06f)
core   0: 0x80009d60 (0x00006f17) auipc   t5, 0x6
core   0: 3 0x80009d60 (0x00006f17) x30 0x8000fd60
core   0: 0x80009d64 (0x2a3f2023) sw      gp, 672(t5)
core   0: 3 0x80009d64 (0x2a3f2023) mem 0x80010000 0x00000001
core   0: 0x80009d68 (0xff9ff06f) j       pc - 0x8
core   0: 3 0x80009d68 (0xff9ff06f)
core   0: 0x80009d60 (0x00006f17) auipc   t5, 0x6
core   0: 3 0x80009d60 (0x00006f17) x30 0x8000fd60
core   0: 0x80009d64 (0x2a3f2023) sw      gp, 672(t5)
core   0: 3 0x80009d64 (0x2a3f2023) mem 0x80010000 0x00000001
core   0: 0x80009d68 (0xff9ff06f) j       pc - 0x8
core   0: 3 0x80009d68 (0xff9ff06f)
core   0: 0x80009d60 (0x00006f17) auipc   t5, 0x6
core   0: 3 0x80009d60 (0x00006f17) x30 0x8000fd60
core   0: 0x80009d64 (0x2a3f2023) sw      gp, 672(t5)
core   0: 3 0x80009d64 (0x2a3f2023) mem 0x80010000 0x00000001
core   0: 0x80009d68 (0xff9ff06f) j       pc - 0x8
core   0: 3 0x80009d68 (0xff9ff06f)
core   0: 0x80009d60 (0x00006f17) auipc   t5, 0x6
core   0: 3 0x80009d60 (0x00006f17) x30 0x8000fd60
core   0: 0x80009d64 (0x2a3f2023) sw      gp, 672(t5)
core   0: 3 0x80009d64 (0x2a3f2023) mem 0x80010000 0x00000001
core   0: 0x80009d68 (0xff9ff06f) j       pc - 0x8
core   0: 3 0x80009d68 (0xff9ff06f)
core   0: 0x80009d60 (0x00006f17) auipc   t5, 0x6
core   0: 3 0x80009d60 (0x00006f17) x30 0x8000fd60
core   0: 0x80009d64 (0x2a3f2023) sw      gp, 672(t5)
core   0: 3 0x80009d64 (0x2a3f2023) mem 0x80010000 0x00000001
core   0: 0x80009d68 (0xff9ff06f) j       pc - 0x8
core   0: 3 0x80009d68 (0xff9ff06f)
core   0: 0x80009d60 (0x00006f17) auipc   t5, 0x6
core   0: 3 0x80009d60 (0x00006f17) x30 0x8000fd60
core   0: 0x80009d64 (0x2a3f2023) sw      gp, 672(t5)
core   0: 3 0x80009d64 (0x2a3f2023) mem 0x80010000 0x00000001
core   0: 0x80009d68 (0xff9ff06f) j       pc - 0x8
core   0: 3 0x80009d68 (0xff9ff06f)
core   0: 0x80009d60 (0x00006f17) auipc   t5, 0x6
core   0: 3 0x80009d60 (0x00006f17) x30 0x8000fd60
core   0: 0x80009d64 (0x2a3f2023) sw      gp, 672(t5)
core   0: 3 0x80009d64 (0x2a3f2023) mem 0x80010000 0x00000001
core   0: 0x80009d68 (0xff9ff06f) j       pc - 0x8
core   0: 3 0x80009d68 (0xff9ff06f)
core   0: 0x80009d60 (0x00006f17) auipc   t5, 0x6
core   0: 3 0x80009d60 (0x00006f17) x30 0x8000fd60
core   0: 0x80009d64 (0x2a3f2023) sw      gp, 672(t5)
core   0: 3 0x80009d64 (0x2a3f2023) mem 0x80010000 0x00000001
core   0: 0x80009d68 (0xff9ff06f) j       pc - 0x8
core   0: 3 0x80009d68 (0xff9ff06f)
core   0: 0x80009d60 (0x00006f17) auipc   t5, 0x6
core   0: 3 0x80009d60 (0x00006f17) x30 0x8000fd60
core   0: 0x80009d64 (0x2a3f2023) sw      gp, 672(t5)
core   0: 3 0x80009d64 (0x2a3f2023) mem 0x80010000 0x00000001
core   0: 0x80009d68 (0xff9ff06f) j       pc - 0x8
core   0: 3 0x80009d68 (0xff9ff06f)
core   0: 0x80009d60 (0x00006f17) auipc   t5, 0x6
core   0: 3 0x80009d60 (0x00006f17) x30 0x8000fd60
core   0: 0x80009d64 (0x2a3f2023) sw      gp, 672(t5)
core   0: 3 0x80009d64 (0x2a3f2023) mem 0x80010000 0x00000001
core   0: 0x80009d68 (0xff9ff06f) j       pc - 0x8
core   0: 3 0x80009d68 (0xff9ff06f)
core   0: 0x80009d60 (0x00006f17) auipc   t5, 0x6
core   0: 3 0x80009d60 (0x00006f17) x30 0x8000fd60
core   0: 0x80009d64 (0x2a3f2023) sw      gp, 672(t5)
core   0: 3 0x80009d64 (0x2a3f2023) mem 0x80010000 0x00000001
core   0: 0x80009d68 (0xff9ff06f) j       pc - 0x8
core   0: 3 0x80009d68 (0xff9ff06f)
core   0: 0x80009d60 (0x00006f17) auipc   t5, 0x6
core   0: 3 0x80009d60 (0x00006f17) x30 0x8000fd60
core   0: 0x80009d64 (0x2a3f2023) sw      gp, 672(t5)
core   0: 3 0x80009d64 (0x2a3f2023) mem 0x80010000 0x00000001
core   0: 0x80009d68 (0xff9ff06f) j       pc - 0x8
core   0: 3 0x80009d68 (0xff9ff06f)
core   0: 0x80009d60 (0x00006f17) auipc   t5, 0x6
core   0: 3 0x80009d60 (0x00006f17) x30 0x8000fd60
core   0: 0x80009d64 (0x2a3f2023) sw      gp, 672(t5)
core   0: 3 0x80009d64 (0x2a3f2023) mem 0x80010000 0x00000001
core   0: 0x80009d68 (0xff9ff06f) j       pc - 0x8
core   0: 3 0x80009d68 (0xff9ff06f)
core   0: 0x80009d60 (0x00006f17) auipc   t5, 0x6
core   0: 3 0x80009d60 (0x00006f17) x30 0x8000fd60
core   0: 0x80009d64 (0x2a3f2023) sw      gp, 672(t5)
core   0: 3 0x80009d64 (0x2a3f2023) mem 0x80010000 0x00000001
core   0: 0x80009d68 (0xff9ff06f) j       pc - 0x8
core   0: 3 0x80009d68 (0xff9ff06f)
core   0: 0x80009d60 (0x00006f17) auipc   t5, 0x6
core   0: 3 0x80009d60 (0x00006f17) x30 0x8000fd60
core   0: 0x80009d64 (0x2a3f2023) sw      gp, 672(t5)
core   0: 3 0x80009d64 (0x2a3f2023) mem 0x80010000 0x00000001
core   0: 0x80009d68 (0xff9ff06f) j       pc - 0x8
core   0: 3 0x80009d68 (0xff9ff06f)
core   0: 0x80009d60 (0x00006f17) auipc   t5, 0x6
core   0: 3 0x80009d60 (0x00006f17) x30 0x8000fd60
core   0: 0x80009d64 (0x2a3f2023) sw      gp, 672(t5)
core   0: 3 0x80009d64 (0x2a3f2023) mem 0x80010000 0x00000001
core   0: 0x80009d68 (0xff9ff06f) j       pc - 0x8
core   0: 3 0x80009d68 (0xff9ff06f)
core   0: 0x80009d60 (0x00006f17) auipc   t5, 0x6
core   0: 3 0x80009d60 (0x00006f17) x30 0x8000fd60
core   0: 0x80009d64 (0x2a3f2023) sw      gp, 672(t5)
core   0: 3 0x80009d64 (0x2a3f2023) mem 0x80010000 0x00000001
core   0: 0x80009d68 (0xff9ff06f) j       pc - 0x8
core   0: 3 0x80009d68 (0xff9ff06f)
core   0: 0x80009d60 (0x00006f17) auipc   t5, 0x6
core   0: 3 0x80009d60 (0x00006f17) x30 0x8000fd60
core   0: 0x80009d64 (0x2a3f2023) sw      gp, 672(t5)
core   0: 3 0x80009d64 (0x2a3f2023) mem 0x80010000 0x00000001
core   0: 0x80009d68 (0xff9ff06f) j       pc - 0x8
core   0: 3 0x80009d68 (0xff9ff06f)
core   0: 0x80009d60 (0x00006f17) auipc   t5, 0x6
core   0: 3 0x80009d60 (0x00006f17) x30 0x8000fd60
core   0: 0x80009d64 (0x2a3f2023) sw      gp, 672(t5)
core   0: 3 0x80009d64 (0x2a3f2023) mem 0x80010000 0x00000001
core   0: 0x80009d68 (0xff9ff06f) j       pc - 0x8
core   0: 3 0x80009d68 (0xff9ff06f)
core   0: 0x80009d60 (0x00006f17) auipc   t5, 0x6
core   0: 3 0x80009d60 (0x00006f17) x30 0x8000fd60
core   0: 0x80009d64 (0x2a3f2023) sw      gp, 672(t5)
core   0: 3 0x80009d64 (0x2a3f2023) mem 0x80010000 0x00000001
core   0: 0x80009d68 (0xff9ff06f) j       pc - 0x8
core   0: 3 0x80009d68 (0xff9ff06f)
core   0: 0x80009d60 (0x00006f17) auipc   t5, 0x6
core   0: 3 0x80009d60 (0x00006f17) x30 0x8000fd60
core   0: 0x80009d64 (0x2a3f2023) sw      gp, 672(t5)
core   0: 3 0x80009d64 (0x2a3f2023) mem 0x80010000 0x00000001
core   0: 0x80009d68 (0xff9ff06f) j       pc - 0x8
core   0: 3 0x80009d68 (0xff9ff06f)
core   0: 0x80009d60 (0x00006f17) auipc   t5, 0x6
core   0: 3 0x80009d60 (0x00006f17) x30 0x8000fd60
core   0: 0x80009d64 (0x2a3f2023) sw      gp, 672(t5)
core   0: 3 0x80009d64 (0x2a3f2023) mem 0x80010000 0x00000001
core   0: 0x80009d68 (0xff9ff06f) j       pc - 0x8
core   0: 3 0x80009d68 (0xff9ff06f)
core   0: 0x80009d60 (0x00006f17) auipc   t5, 0x6
core   0: 3 0x80009d60 (0x00006f17) x30 0x8000fd60
core   0: 0x80009d64 (0x2a3f2023) sw      gp, 672(t5)
core   0: 3 0x80009d64 (0x2a3f2023) mem 0x80010000 0x00000001
core   0: 0x80009d68 (0xff9ff06f) j       pc - 0x8
core   0: 3 0x80009d68 (0xff9ff06f)
core   0: 0x80009d60 (0x00006f17) auipc   t5, 0x6
core   0: 3 0x80009d60 (0x00006f17) x30 0x8000fd60
core   0: 0x80009d64 (0x2a3f2023) sw      gp, 672(t5)
core   0: 3 0x80009d64 (0x2a3f2023) mem 0x80010000 0x00000001
core   0: 0x80009d68 (0xff9ff06f) j       pc - 0x8
core   0: 3 0x80009d68 (0xff9ff06f)
core   0: 0x80009d60 (0x00006f17) auipc   t5, 0x6
core   0: 3 0x80009d60 (0x00006f17) x30 0x8000fd60
core   0: 0x80009d64 (0x2a3f2023) sw      gp, 672(t5)
core   0: 3 0x80009d64 (0x2a3f2023) mem 0x80010000 0x00000001
core   0: 0x80009d68 (0xff9ff06f) j       pc - 0x8
core   0: 3 0x80009d68 (0xff9ff06f)
core   0: 0x80009d60 (0x00006f17) auipc   t5, 0x6
core   0: 3 0x80009d60 (0x00006f17) x30 0x8000fd60
core   0: 0x80009d64 (0x2a3f2023) sw      gp, 672(t5)
core   0: 3 0x80009d64 (0x2a3f2023) mem 0x80010000 0x00000001
core   0: 0x80009d68 (0xff9ff06f) j       pc - 0x8
core   0: 3 0x80009d68 (0xff9ff06f)
core   0: 0x80009d60 (0x00006f17) auipc   t5, 0x6
core   0: 3 0x80009d60 (0x00006f17) x30 0x8000fd60
core   0: 0x80009d64 (0x2a3f2023) sw      gp, 672(t5)
core   0: 3 0x80009d64 (0x2a3f2023) mem 0x80010000 0x00000001
core   0: 0x80009d68 (0xff9ff06f) j       pc - 0x8
core   0: 3 0x80009d68 (0xff9ff06f)
core   0: 0x80009d60 (0x00006f17) auipc   t5, 0x6
core   0: 3 0x80009d60 (0x00006f17) x30 0x8000fd60
core   0: 0x80009d64 (0x2a3f2023) sw      gp, 672(t5)
core   0: 3 0x80009d64 (0x2a3f2023) mem 0x80010000 0x00000001
core   0: 0x80009d68 (0xff9ff06f) j       pc - 0x8
core   0: 3 0x80009d68 (0xff9ff06f)
core   0: 0x80009d60 (0x00006f17) auipc   t5, 0x6
core   0: 3 0x80009d60 (0x00006f17) x30 0x8000fd60
core   0: 0x80009d64 (0x2a3f2023) sw      gp, 672(t5)
core   0: 3 0x80009d64 (0x2a3f2023) mem 0x80010000 0x00000001
core   0: 0x80009d68 (0xff9ff06f) j       pc - 0x8
core   0: 3 0x80009d68 (0xff9ff06f)
core   0: 0x80009d60 (0x00006f17) auipc   t5, 0x6
core   0: 3 0x80009d60 (0x00006f17) x30 0x8000fd60
core   0: 0x80009d64 (0x2a3f2023) sw      gp, 672(t5)
core   0: 3 0x80009d64 (0x2a3f2023) mem 0x80010000 0x00000001
core   0: 0x80009d68 (0xff9ff06f) j       pc - 0x8
core   0: 3 0x80009d68 (0xff9ff06f)
core   0: 0x80009d60 (0x00006f17) auipc   t5, 0x6
core   0: 3 0x80009d60 (0x00006f17) x30 0x8000fd60
core   0: 0x80009d64 (0x2a3f2023) sw      gp, 672(t5)
core   0: 3 0x80009d64 (0x2a3f2023) mem 0x80010000 0x00000001
core   0: 0x80009d68 (0xff9ff06f) j       pc - 0x8
core   0: 3 0x80009d68 (0xff9ff06f)
core   0: 0x80009d60 (0x00006f17) auipc   t5, 0x6
core   0: 3 0x80009d60 (0x00006f17) x30 0x8000fd60
core   0: 0x80009d64 (0x2a3f2023) sw      gp, 672(t5)
core   0: 3 0x80009d64 (0x2a3f2023) mem 0x80010000 0x00000001
core   0: 0x80009d68 (0xff9ff06f) j       pc - 0x8
core   0: 3 0x80009d68 (0xff9ff06f)
core   0: 0x80009d60 (0x00006f17) auipc   t5, 0x6
core   0: 3 0x80009d60 (0x00006f17) x30 0x8000fd60
core   0: 0x80009d64 (0x2a3f2023) sw      gp, 672(t5)
core   0: 3 0x80009d64 (0x2a3f2023) mem 0x80010000 0x00000001
core   0: 0x80009d68 (0xff9ff06f) j       pc - 0x8
core   0: 3 0x80009d68 (0xff9ff06f)
core   0: 0x80009d60 (0x00006f17) auipc   t5, 0x6
core   0: 3 0x80009d60 (0x00006f17) x30 0x8000fd60
core   0: 0x80009d64 (0x2a3f2023) sw      gp, 672(t5)
core   0: 3 0x80009d64 (0x2a3f2023) mem 0x80010000 0x00000001
core   0: 0x80009d68 (0xff9ff06f) j       pc - 0x8
core   0: 3 0x80009d68 (0xff9ff06f)
core   0: 0x80009d60 (0x00006f17) auipc   t5, 0x6
core   0: 3 0x80009d60 (0x00006f17) x30 0x8000fd60
core   0: 0x80009d64 (0x2a3f2023) sw      gp, 672(t5)
core   0: 3 0x80009d64 (0x2a3f2023) mem 0x80010000 0x00000001
core   0: 0x80009d68 (0xff9ff06f) j       pc - 0x8
core   0: 3 0x80009d68 (0xff9ff06f)
core   0: 0x80009d60 (0x00006f17) auipc   t5, 0x6
core   0: 3 0x80009d60 (0x00006f17) x30 0x8000fd60
core   0: 0x80009d64 (0x2a3f2023) sw      gp, 672(t5)
core   0: 3 0x80009d64 (0x2a3f2023) mem 0x80010000 0x00000001
core   0: 0x80009d68 (0xff9ff06f) j       pc - 0x8
core   0: 3 0x80009d68 (0xff9ff06f)
core   0: 0x80009d60 (0x00006f17) auipc   t5, 0x6
core   0: 3 0x80009d60 (0x00006f17) x30 0x8000fd60
core   0: 0x80009d64 (0x2a3f2023) sw      gp, 672(t5)
core   0: 3 0x80009d64 (0x2a3f2023) mem 0x80010000 0x00000001
core   0: 0x80009d68 (0xff9ff06f) j       pc - 0x8
core   0: 3 0x80009d68 (0xff9ff06f)
core   0: 0x80009d60 (0x00006f17) auipc   t5, 0x6
core   0: 3 0x80009d60 (0x00006f17) x30 0x8000fd60
core   0: 0x80009d64 (0x2a3f2023) sw      gp, 672(t5)
core   0: 3 0x80009d64 (0x2a3f2023) mem 0x80010000 0x00000001
core   0: 0x80009d68 (0xff9ff06f) j       pc - 0x8
core   0: 3 0x80009d68 (0xff9ff06f)
core   0: 0x80009d60 (0x00006f17) auipc   t5, 0x6
core   0: 3 0x80009d60 (0x00006f17) x30 0x8000fd60
core   0: 0x80009d64 (0x2a3f2023) sw      gp, 672(t5)
core   0: 3 0x80009d64 (0x2a3f2023) mem 0x80010000 0x00000001
core   0: 0x80009d68 (0xff9ff06f) j       pc - 0x8
core   0: 3 0x80009d68 (0xff9ff06f)
core   0: 0x80009d60 (0x00006f17) auipc   t5, 0x6
core   0: 3 0x80009d60 (0x00006f17) x30 0x8000fd60
core   0: 0x80009d64 (0x2a3f2023) sw      gp, 672(t5)
core   0: 3 0x80009d64 (0x2a3f2023) mem 0x80010000 0x00000001
core   0: 0x80009d68 (0xff9ff06f) j       pc - 0x8
core   0: 3 0x80009d68 (0xff9ff06f)
core   0: 0x80009d60 (0x00006f17) auipc   t5, 0x6
core   0: 3 0x80009d60 (0x00006f17) x30 0x8000fd60
core   0: 0x80009d64 (0x2a3f2023) sw      gp, 672(t5)
core   0: 3 0x80009d64 (0x2a3f2023) mem 0x80010000 0x00000001
core   0: 0x80009d68 (0xff9ff06f) j       pc - 0x8
core   0: 3 0x80009d68 (0xff9ff06f)
core   0: 0x80009d60 (0x00006f17) auipc   t5, 0x6
core   0: 3 0x80009d60 (0x00006f17) x30 0x8000fd60
core   0: 0x80009d64 (0x2a3f2023) sw      gp, 672(t5)
core   0: 3 0x80009d64 (0x2a3f2023) mem 0x80010000 0x00000001
core   0: 0x80009d68 (0xff9ff06f) j       pc - 0x8
core   0: 3 0x80009d68 (0xff9ff06f)
core   0: 0x80009d60 (0x00006f17) auipc   t5, 0x6
core   0: 3 0x80009d60 (0x00006f17) x30 0x8000fd60
core   0: 0x80009d64 (0x2a3f2023) sw      gp, 672(t5)
core   0: 3 0x80009d64 (0x2a3f2023) mem 0x80010000 0x00000001
core   0: 0x80009d68 (0xff9ff06f) j       pc - 0x8
core   0: 3 0x80009d68 (0xff9ff06f)
core   0: 0x80009d60 (0x00006f17) auipc   t5, 0x6
core   0: 3 0x80009d60 (0x00006f17) x30 0x8000fd60
core   0: 0x80009d64 (0x2a3f2023) sw      gp, 672(t5)
core   0: 3 0x80009d64 (0x2a3f2023) mem 0x80010000 0x00000001
core   0: 0x80009d68 (0xff9ff06f) j       pc - 0x8
core   0: 3 0x80009d68 (0xff9ff06f)
core   0: 0x80009d60 (0x00006f17) auipc   t5, 0x6
core   0: 3 0x80009d60 (0x00006f17) x30 0x8000fd60
core   0: 0x80009d64 (0x2a3f2023) sw      gp, 672(t5)
core   0: 3 0x80009d64 (0x2a3f2023) mem 0x80010000 0x00000001
core   0: 0x80009d68 (0xff9ff06f) j       pc - 0x8
core   0: 3 0x80009d68 (0xff9ff06f)
core   0: 0x80009d60 (0x00006f17) auipc   t5, 0x6
core   0: 3 0x80009d60 (0x00006f17) x30 0x8000fd60
core   0: 0x80009d64 (0x2a3f2023) sw      gp, 672(t5)
core   0: 3 0x80009d64 (0x2a3f2023) mem 0x80010000 0x00000001
core   0: 0x80009d68 (0xff9ff06f) j       pc - 0x8
core   0: 3 0x80009d68 (0xff9ff06f)
core   0: 0x80009d60 (0x00006f17) auipc   t5, 0x6
core   0: 3 0x80009d60 (0x00006f17) x30 0x8000fd60
core   0: 0x80009d64 (0x2a3f2023) sw      gp, 672(t5)
core   0: 3 0x80009d64 (0x2a3f2023) mem 0x80010000 0x00000001
core   0: 0x80009d68 (0xff9ff06f) j       pc - 0x8
core   0: 3 0x80009d68 (0xff9ff06f)
core   0: 0x80009d60 (0x00006f17) auipc   t5, 0x6
core   0: 3 0x80009d60 (0x00006f17) x30 0x8000fd60
core   0: 0x80009d64 (0x2a3f2023) sw      gp, 672(t5)
core   0: 3 0x80009d64 (0x2a3f2023) mem 0x80010000 0x00000001
core   0: 0x80009d68 (0xff9ff06f) j       pc - 0x8
core   0: 3 0x80009d68 (0xff9ff06f)
core   0: 0x80009d60 (0x00006f17) auipc   t5, 0x6
core   0: 3 0x80009d60 (0x00006f17) x30 0x8000fd60
core   0: 0x80009d64 (0x2a3f2023) sw      gp, 672(t5)
core   0: 3 0x80009d64 (0x2a3f2023) mem 0x80010000 0x00000001
core   0: 0x80009d68 (0xff9ff06f) j       pc - 0x8
core   0: 3 0x80009d68 (0xff9ff06f)
core   0: 0x80009d60 (0x00006f17) auipc   t5, 0x6
core   0: 3 0x80009d60 (0x00006f17) x30 0x8000fd60
core   0: 0x80009d64 (0x2a3f2023) sw      gp, 672(t5)
core   0: 3 0x80009d64 (0x2a3f2023) mem 0x80010000 0x00000001
core   0: 0x80009d68 (0xff9ff06f) j       pc - 0x8
core   0: 3 0x80009d68 (0xff9ff06f)
core   0: 0x80009d60 (0x00006f17) auipc   t5, 0x6
core   0: 3 0x80009d60 (0x00006f17) x30 0x8000fd60
core   0: 0x80009d64 (0x2a3f2023) sw      gp, 672(t5)
core   0: 3 0x80009d64 (0x2a3f2023) mem 0x80010000 0x00000001
core   0: 0x80009d68 (0xff9ff06f) j       pc - 0x8
core   0: 3 0x80009d68 (0xff9ff06f)
core   0: 0x80009d60 (0x00006f17) auipc   t5, 0x6
core   0: 3 0x80009d60 (0x00006f17) x30 0x8000fd60
core   0: 0x80009d64 (0x2a3f2023) sw      gp, 672(t5)
core   0: 3 0x80009d64 (0x2a3f2023) mem 0x80010000 0x00000001
core   0: 0x80009d68 (0xff9ff06f) j       pc - 0x8
core   0: 3 0x80009d68 (0xff9ff06f)
core   0: 0x80009d60 (0x00006f17) auipc   t5, 0x6
core   0: 3 0x80009d60 (0x00006f17) x30 0x8000fd60
core   0: 0x80009d64 (0x2a3f2023) sw      gp, 672(t5)
core   0: 3 0x80009d64 (0x2a3f2023) mem 0x80010000 0x00000001
core   0: 0x80009d68 (0xff9ff06f) j       pc - 0x8
core   0: 3 0x80009d68 (0xff9ff06f)
core   0: 0x80009d60 (0x00006f17) auipc   t5, 0x6
core   0: 3 0x80009d60 (0x00006f17) x30 0x8000fd60
core   0: 0x80009d64 (0x2a3f2023) sw      gp, 672(t5)
core   0: 3 0x80009d64 (0x2a3f2023) mem 0x80010000 0x00000001
core   0: 0x80009d68 (0xff9ff06f) j       pc - 0x8
core   0: 3 0x80009d68 (0xff9ff06f)
core   0: 0x80009d60 (0x00006f17) auipc   t5, 0x6
core   0: 3 0x80009d60 (0x00006f17) x30 0x8000fd60
core   0: 0x80009d64 (0x2a3f2023) sw      gp, 672(t5)
core   0: 3 0x80009d64 (0x2a3f2023) mem 0x80010000 0x00000001
core   0: 0x80009d68 (0xff9ff06f) j       pc - 0x8
core   0: 3 0x80009d68 (0xff9ff06f)
core   0: 0x80009d60 (0x00006f17) auipc   t5, 0x6
core   0: 3 0x80009d60 (0x00006f17) x30 0x8000fd60
core   0: 0x80009d64 (0x2a3f2023) sw      gp, 672(t5)
core   0: 3 0x80009d64 (0x2a3f2023) mem 0x80010000 0x00000001
core   0: 0x80009d68 (0xff9ff06f) j       pc - 0x8
core   0: 3 0x80009d68 (0xff9ff06f)
core   0: 0x80009d60 (0x00006f17) auipc   t5, 0x6
core   0: 3 0x80009d60 (0x00006f17) x30 0x8000fd60
core   0: 0x80009d64 (0x2a3f2023) sw      gp, 672(t5)
core   0: 3 0x80009d64 (0x2a3f2023) mem 0x80010000 0x00000001
core   0: 0x80009d68 (0xff9ff06f) j       pc - 0x8
core   0: 3 0x80009d68 (0xff9ff06f)
core   0: 0x80009d60 (0x00006f17) auipc   t5, 0x6
core   0: 3 0x80009d60 (0x00006f17) x30 0x8000fd60
core   0: 0x80009d64 (0x2a3f2023) sw      gp, 672(t5)
core   0: 3 0x80009d64 (0x2a3f2023) mem 0x80010000 0x00000001
core   0: 0x80009d68 (0xff9ff06f) j       pc - 0x8
core   0: 3 0x80009d68 (0xff9ff06f)
core   0: 0x80009d60 (0x00006f17) auipc   t5, 0x6
core   0: 3 0x80009d60 (0x00006f17) x30 0x8000fd60
core   0: 0x80009d64 (0x2a3f2023) sw      gp, 672(t5)
core   0: 3 0x80009d64 (0x2a3f2023) mem 0x80010000 0x00000001
core   0: 0x80009d68 (0xff9ff06f) j       pc - 0x8
core   0: 3 0x80009d68 (0xff9ff06f)
core   0: 0x80009d60 (0x00006f17) auipc   t5, 0x6
core   0: 3 0x80009d60 (0x00006f17) x30 0x8000fd60
core   0: 0x80009d64 (0x2a3f2023) sw      gp, 672(t5)
core   0: 3 0x80009d64 (0x2a3f2023) mem 0x80010000 0x00000001
core   0: 0x80009d68 (0xff9ff06f) j       pc - 0x8
core   0: 3 0x80009d68 (0xff9ff06f)
core   0: 0x80009d60 (0x00006f17) auipc   t5, 0x6
core   0: 3 0x80009d60 (0x00006f17) x30 0x8000fd60
core   0: 0x80009d64 (0x2a3f2023) sw      gp, 672(t5)
core   0: 3 0x80009d64 (0x2a3f2023) mem 0x80010000 0x00000001
core   0: 0x80009d68 (0xff9ff06f) j       pc - 0x8
core   0: 3 0x80009d68 (0xff9ff06f)
core   0: 0x80009d60 (0x00006f17) auipc   t5, 0x6
core   0: 3 0x80009d60 (0x00006f17) x30 0x8000fd60
core   0: 0x80009d64 (0x2a3f2023) sw      gp, 672(t5)
core   0: 3 0x80009d64 (0x2a3f2023) mem 0x80010000 0x00000001
core   0: 0x80009d68 (0xff9ff06f) j       pc - 0x8
core   0: 3 0x80009d68 (0xff9ff06f)
core   0: 0x80009d60 (0x00006f17) auipc   t5, 0x6
core   0: 3 0x80009d60 (0x00006f17) x30 0x8000fd60
core   0: 0x80009d64 (0x2a3f2023) sw      gp, 672(t5)
core   0: 3 0x80009d64 (0x2a3f2023) mem 0x80010000 0x00000001
core   0: 0x80009d68 (0xff9ff06f) j       pc - 0x8
core   0: 3 0x80009d68 (0xff9ff06f)
core   0: 0x80009d60 (0x00006f17) auipc   t5, 0x6
core   0: 3 0x80009d60 (0x00006f17) x30 0x8000fd60
core   0: 0x80009d64 (0x2a3f2023) sw      gp, 672(t5)
core   0: 3 0x80009d64 (0x2a3f2023) mem 0x80010000 0x00000001
core   0: 0x80009d68 (0xff9ff06f) j       pc - 0x8
core   0: 3 0x80009d68 (0xff9ff06f)
core   0: 0x80009d60 (0x00006f17) auipc   t5, 0x6
core   0: 3 0x80009d60 (0x00006f17) x30 0x8000fd60
core   0: 0x80009d64 (0x2a3f2023) sw      gp, 672(t5)
core   0: 3 0x80009d64 (0x2a3f2023) mem 0x80010000 0x00000001
core   0: 0x80009d68 (0xff9ff06f) j       pc - 0x8
core   0: 3 0x80009d68 (0xff9ff06f)
core   0: 0x80009d60 (0x00006f17) auipc   t5, 0x6
core   0: 3 0x80009d60 (0x00006f17) x30 0x8000fd60
core   0: 0x80009d64 (0x2a3f2023) sw      gp, 672(t5)
core   0: 3 0x80009d64 (0x2a3f2023) mem 0x80010000 0x00000001
core   0: 0x80009d68 (0xff9ff06f) j       pc - 0x8
core   0: 3 0x80009d68 (0xff9ff06f)
core   0: 0x80009d60 (0x00006f17) auipc   t5, 0x6
core   0: 3 0x80009d60 (0x00006f17) x30 0x8000fd60
core   0: 0x80009d64 (0x2a3f2023) sw      gp, 672(t5)
core   0: 3 0x80009d64 (0x2a3f2023) mem 0x80010000 0x00000001
core   0: 0x80009d68 (0xff9ff06f) j       pc - 0x8
core   0: 3 0x80009d68 (0xff9ff06f)
core   0: 0x80009d60 (0x00006f17) auipc   t5, 0x6
core   0: 3 0x80009d60 (0x00006f17) x30 0x8000fd60
core   0: 0x80009d64 (0x2a3f2023) sw      gp, 672(t5)
core   0: 3 0x80009d64 (0x2a3f2023) mem 0x80010000 0x00000001
core   0: 0x80009d68 (0xff9ff06f) j       pc - 0x8
core   0: 3 0x80009d68 (0xff9ff06f)
core   0: 0x80009d60 (0x00006f17) auipc   t5, 0x6
core   0: 3 0x80009d60 (0x00006f17) x30 0x8000fd60
core   0: 0x80009d64 (0x2a3f2023) sw      gp, 672(t5)
core   0: 3 0x80009d64 (0x2a3f2023) mem 0x80010000 0x00000001
core   0: 0x80009d68 (0xff9ff06f) j       pc - 0x8
core   0: 3 0x80009d68 (0xff9ff06f)
core   0: 0x80009d60 (0x00006f17) auipc   t5, 0x6
core   0: 3 0x80009d60 (0x00006f17) x30 0x8000fd60
core   0: 0x80009d64 (0x2a3f2023) sw      gp, 672(t5)
core   0: 3 0x80009d64 (0x2a3f2023) mem 0x80010000 0x00000001
core   0: 0x80009d68 (0xff9ff06f) j       pc - 0x8
core   0: 3 0x80009d68 (0xff9ff06f)
core   0: 0x80009d60 (0x00006f17) auipc   t5, 0x6
core   0: 3 0x80009d60 (0x00006f17) x30 0x8000fd60
core   0: 0x80009d64 (0x2a3f2023) sw      gp, 672(t5)
core   0: 3 0x80009d64 (0x2a3f2023) mem 0x80010000 0x00000001
core   0: 0x80009d68 (0xff9ff06f) j       pc - 0x8
core   0: 3 0x80009d68 (0xff9ff06f)
core   0: 0x80009d60 (0x00006f17) auipc   t5, 0x6
core   0: 3 0x80009d60 (0x00006f17) x30 0x8000fd60
core   0: 0x80009d64 (0x2a3f2023) sw      gp, 672(t5)
core   0: 3 0x80009d64 (0x2a3f2023) mem 0x80010000 0x00000001
core   0: 0x80009d68 (0xff9ff06f) j       pc - 0x8
core   0: 3 0x80009d68 (0xff9ff06f)
core   0: 0x80009d60 (0x00006f17) auipc   t5, 0x6
core   0: 3 0x80009d60 (0x00006f17) x30 0x8000fd60
core   0: 0x80009d64 (0x2a3f2023) sw      gp, 672(t5)
core   0: 3 0x80009d64 (0x2a3f2023) mem 0x80010000 0x00000001
core   0: 0x80009d68 (0xff9ff06f) j       pc - 0x8
core   0: 3 0x80009d68 (0xff9ff06f)
core   0: 0x80009d60 (0x00006f17) auipc   t5, 0x6
core   0: 3 0x80009d60 (0x00006f17) x30 0x8000fd60
core   0: 0x80009d64 (0x2a3f2023) sw      gp, 672(t5)
core   0: 3 0x80009d64 (0x2a3f2023) mem 0x80010000 0x00000001
core   0: 0x80009d68 (0xff9ff06f) j       pc - 0x8
core   0: 3 0x80009d68 (0xff9ff06f)
core   0: 0x80009d60 (0x00006f17) auipc   t5, 0x6
core   0: 3 0x80009d60 (0x00006f17) x30 0x8000fd60
core   0: 0x80009d64 (0x2a3f2023) sw      gp, 672(t5)
core   0: 3 0x80009d64 (0x2a3f2023) mem 0x80010000 0x00000001
core   0: 0x80009d68 (0xff9ff06f) j       pc - 0x8
core   0: 3 0x80009d68 (0xff9ff06f)
core   0: 0x80009d60 (0x00006f17) auipc   t5, 0x6
core   0: 3 0x80009d60 (0x00006f17) x30 0x8000fd60
core   0: 0x80009d64 (0x2a3f2023) sw      gp, 672(t5)
core   0: 3 0x80009d64 (0x2a3f2023) mem 0x80010000 0x00000001
core   0: 0x80009d68 (0xff9ff06f) j       pc - 0x8
core   0: 3 0x80009d68 (0xff9ff06f)
core   0: 0x80009d60 (0x00006f17) auipc   t5, 0x6
core   0: 3 0x80009d60 (0x00006f17) x30 0x8000fd60
core   0: 0x80009d64 (0x2a3f2023) sw      gp, 672(t5)
core   0: 3 0x80009d64 (0x2a3f2023) mem 0x80010000 0x00000001
core   0: 0x80009d68 (0xff9ff06f) j       pc - 0x8
core   0: 3 0x80009d68 (0xff9ff06f)
core   0: 0x80009d60 (0x00006f17) auipc   t5, 0x6
core   0: 3 0x80009d60 (0x00006f17) x30 0x8000fd60
core   0: 0x80009d64 (0x2a3f2023) sw      gp, 672(t5)
core   0: 3 0x80009d64 (0x2a3f2023) mem 0x80010000 0x00000001
core   0: 0x80009d68 (0xff9ff06f) j       pc - 0x8
core   0: 3 0x80009d68 (0xff9ff06f)
core   0: 0x80009d60 (0x00006f17) auipc   t5, 0x6
core   0: 3 0x80009d60 (0x00006f17) x30 0x8000fd60
core   0: 0x80009d64 (0x2a3f2023) sw      gp, 672(t5)
core   0: 3 0x80009d64 (0x2a3f2023) mem 0x80010000 0x00000001
core   0: 0x80009d68 (0xff9ff06f) j       pc - 0x8
core   0: 3 0x80009d68 (0xff9ff06f)
core   0: 0x80009d60 (0x00006f17) auipc   t5, 0x6
core   0: 3 0x80009d60 (0x00006f17) x30 0x8000fd60
core   0: 0x80009d64 (0x2a3f2023) sw      gp, 672(t5)
core   0: 3 0x80009d64 (0x2a3f2023) mem 0x80010000 0x00000001
core   0: 0x80009d68 (0xff9ff06f) j       pc - 0x8
core   0: 3 0x80009d68 (0xff9ff06f)
core   0: 0x80009d60 (0x00006f17) auipc   t5, 0x6
core   0: 3 0x80009d60 (0x00006f17) x30 0x8000fd60
core   0: 0x80009d64 (0x2a3f2023) sw      gp, 672(t5)
core   0: 3 0x80009d64 (0x2a3f2023) mem 0x80010000 0x00000001
core   0: 0x80009d68 (0xff9ff06f) j       pc - 0x8
core   0: 3 0x80009d68 (0xff9ff06f)
core   0: 0x80009d60 (0x00006f17) auipc   t5, 0x6
core   0: 3 0x80009d60 (0x00006f17) x30 0x8000fd60
core   0: 0x80009d64 (0x2a3f2023) sw      gp, 672(t5)
core   0: 3 0x80009d64 (0x2a3f2023) mem 0x80010000 0x00000001
core   0: 0x80009d68 (0xff9ff06f) j       pc - 0x8
core   0: 3 0x80009d68 (0xff9ff06f)
core   0: 0x80009d60 (0x00006f17) auipc   t5, 0x6
core   0: 3 0x80009d60 (0x00006f17) x30 0x8000fd60
core   0: 0x80009d64 (0x2a3f2023) sw      gp, 672(t5)
core   0: 3 0x80009d64 (0x2a3f2023) mem 0x80010000 0x00000001
core   0: 0x80009d68 (0xff9ff06f) j       pc - 0x8
core   0: 3 0x80009d68 (0xff9ff06f)
core   0: 0x80009d60 (0x00006f17) auipc   t5, 0x6
core   0: 3 0x80009d60 (0x00006f17) x30 0x8000fd60
core   0: 0x80009d64 (0x2a3f2023) sw      gp, 672(t5)
core   0: 3 0x80009d64 (0x2a3f2023) mem 0x80010000 0x00000001
core   0: 0x80009d68 (0xff9ff06f) j       pc - 0x8
core   0: 3 0x80009d68 (0xff9ff06f)
core   0: 0x80009d60 (0x00006f17) auipc   t5, 0x6
core   0: 3 0x80009d60 (0x00006f17) x30 0x8000fd60
core   0: 0x80009d64 (0x2a3f2023) sw      gp, 672(t5)
core   0: 3 0x80009d64 (0x2a3f2023) mem 0x80010000 0x00000001
core   0: 0x80009d68 (0xff9ff06f) j       pc - 0x8
core   0: 3 0x80009d68 (0xff9ff06f)
core   0: 0x80009d60 (0x00006f17) auipc   t5, 0x6
core   0: 3 0x80009d60 (0x00006f17) x30 0x8000fd60
core   0: 0x80009d64 (0x2a3f2023) sw      gp, 672(t5)
core   0: 3 0x80009d64 (0x2a3f2023) mem 0x80010000 0x00000001
core   0: 0x80009d68 (0xff9ff06f) j       pc - 0x8
core   0: 3 0x80009d68 (0xff9ff06f)
core   0: 0x80009d60 (0x00006f17) auipc   t5, 0x6
core   0: 3 0x80009d60 (0x00006f17) x30 0x8000fd60
core   0: 0x80009d64 (0x2a3f2023) sw      gp, 672(t5)
core   0: 3 0x80009d64 (0x2a3f2023) mem 0x80010000 0x00000001
core   0: 0x80009d68 (0xff9ff06f) j       pc - 0x8
core   0: 3 0x80009d68 (0xff9ff06f)
core   0: 0x80009d60 (0x00006f17) auipc   t5, 0x6
core   0: 3 0x80009d60 (0x00006f17) x30 0x8000fd60
core   0: 0x80009d64 (0x2a3f2023) sw      gp, 672(t5)
core   0: 3 0x80009d64 (0x2a3f2023) mem 0x80010000 0x00000001
core   0: 0x80009d68 (0xff9ff06f) j       pc - 0x8
core   0: 3 0x80009d68 (0xff9ff06f)
core   0: 0x80009d60 (0x00006f17) auipc   t5, 0x6
core   0: 3 0x80009d60 (0x00006f17) x30 0x8000fd60
core   0: 0x80009d64 (0x2a3f2023) sw      gp, 672(t5)
core   0: 3 0x80009d64 (0x2a3f2023) mem 0x80010000 0x00000001
core   0: 0x80009d68 (0xff9ff06f) j       pc - 0x8
core   0: 3 0x80009d68 (0xff9ff06f)
core   0: 0x80009d60 (0x00006f17) auipc   t5, 0x6
core   0: 3 0x80009d60 (0x00006f17) x30 0x8000fd60
core   0: 0x80009d64 (0x2a3f2023) sw      gp, 672(t5)
core   0: 3 0x80009d64 (0x2a3f2023) mem 0x80010000 0x00000001
core   0: 0x80009d68 (0xff9ff06f) j       pc - 0x8
core   0: 3 0x80009d68 (0xff9ff06f)
core   0: 0x80009d60 (0x00006f17) auipc   t5, 0x6
core   0: 3 0x80009d60 (0x00006f17) x30 0x8000fd60
core   0: 0x80009d64 (0x2a3f2023) sw      gp, 672(t5)
core   0: 3 0x80009d64 (0x2a3f2023) mem 0x80010000 0x00000001
core   0: 0x80009d68 (0xff9ff06f) j       pc - 0x8
core   0: 3 0x80009d68 (0xff9ff06f)
core   0: 0x80009d60 (0x00006f17) auipc   t5, 0x6
core   0: 3 0x80009d60 (0x00006f17) x30 0x8000fd60
core   0: 0x80009d64 (0x2a3f2023) sw      gp, 672(t5)
core   0: 3 0x80009d64 (0x2a3f2023) mem 0x80010000 0x00000001
core   0: 0x80009d68 (0xff9ff06f) j       pc - 0x8
core   0: 3 0x80009d68 (0xff9ff06f)
core   0: 0x80009d60 (0x00006f17) auipc   t5, 0x6
core   0: 3 0x80009d60 (0x00006f17) x30 0x8000fd60
core   0: 0x80009d64 (0x2a3f2023) sw      gp, 672(t5)
core   0: 3 0x80009d64 (0x2a3f2023) mem 0x80010000 0x00000001
core   0: 0x80009d68 (0xff9ff06f) j       pc - 0x8
core   0: 3 0x80009d68 (0xff9ff06f)
core   0: 0x80009d60 (0x00006f17) auipc   t5, 0x6
core   0: 3 0x80009d60 (0x00006f17) x30 0x8000fd60
core   0: 0x80009d64 (0x2a3f2023) sw      gp, 672(t5)
core   0: 3 0x80009d64 (0x2a3f2023) mem 0x80010000 0x00000001
core   0: 0x80009d68 (0xff9ff06f) j       pc - 0x8
core   0: 3 0x80009d68 (0xff9ff06f)
core   0: 0x80009d60 (0x00006f17) auipc   t5, 0x6
core   0: 3 0x80009d60 (0x00006f17) x30 0x8000fd60
core   0: 0x80009d64 (0x2a3f2023) sw      gp, 672(t5)
core   0: 3 0x80009d64 (0x2a3f2023) mem 0x80010000 0x00000001
core   0: 0x80009d68 (0xff9ff06f) j       pc - 0x8
core   0: 3 0x80009d68 (0xff9ff06f)
core   0: 0x80009d60 (0x00006f17) auipc   t5, 0x6
core   0: 3 0x80009d60 (0x00006f17) x30 0x8000fd60
core   0: 0x80009d64 (0x2a3f2023) sw      gp, 672(t5)
core   0: 3 0x80009d64 (0x2a3f2023) mem 0x80010000 0x00000001
core   0: 0x80009d68 (0xff9ff06f) j       pc - 0x8
core   0: 3 0x80009d68 (0xff9ff06f)
core   0: 0x80009d60 (0x00006f17) auipc   t5, 0x6
core   0: 3 0x80009d60 (0x00006f17) x30 0x8000fd60
core   0: 0x80009d64 (0x2a3f2023) sw      gp, 672(t5)
core   0: 3 0x80009d64 (0x2a3f2023) mem 0x80010000 0x00000001
core   0: 0x80009d68 (0xff9ff06f) j       pc - 0x8
core   0: 3 0x80009d68 (0xff9ff06f)
core   0: 0x80009d60 (0x00006f17) auipc   t5, 0x6
core   0: 3 0x80009d60 (0x00006f17) x30 0x8000fd60
core   0: 0x80009d64 (0x2a3f2023) sw      gp, 672(t5)
core   0: 3 0x80009d64 (0x2a3f2023) mem 0x80010000 0x00000001
core   0: 0x80009d68 (0xff9ff06f) j       pc - 0x8
core   0: 3 0x80009d68 (0xff9ff06f)
core   0: 0x80009d60 (0x00006f17) auipc   t5, 0x6
core   0: 3 0x80009d60 (0x00006f17) x30 0x8000fd60
core   0: 0x80009d64 (0x2a3f2023) sw      gp, 672(t5)
core   0: 3 0x80009d64 (0x2a3f2023) mem 0x80010000 0x00000001
core   0: 0x80009d68 (0xff9ff06f) j       pc - 0x8
core   0: 3 0x80009d68 (0xff9ff06f)
core   0: 0x80009d60 (0x00006f17) auipc   t5, 0x6
core   0: 3 0x80009d60 (0x00006f17) x30 0x8000fd60
core   0: 0x80009d64 (0x2a3f2023) sw      gp, 672(t5)
core   0: 3 0x80009d64 (0x2a3f2023) mem 0x80010000 0x00000001
core   0: 0x80009d68 (0xff9ff06f) j       pc - 0x8
core   0: 3 0x80009d68 (0xff9ff06f)
core   0: 0x80009d60 (0x00006f17) auipc   t5, 0x6
core   0: 3 0x80009d60 (0x00006f17) x30 0x8000fd60
core   0: 0x80009d64 (0x2a3f2023) sw      gp, 672(t5)
core   0: 3 0x80009d64 (0x2a3f2023) mem 0x80010000 0x00000001
core   0: 0x80009d68 (0xff9ff06f) j       pc - 0x8
core   0: 3 0x80009d68 (0xff9ff06f)
core   0: 0x80009d60 (0x00006f17) auipc   t5, 0x6
core   0: 3 0x80009d60 (0x00006f17) x30 0x8000fd60
core   0: 0x80009d64 (0x2a3f2023) sw      gp, 672(t5)
core   0: 3 0x80009d64 (0x2a3f2023) mem 0x80010000 0x00000001
core   0: 0x80009d68 (0xff9ff06f) j       pc - 0x8
core   0: 3 0x80009d68 (0xff9ff06f)
core   0: 0x80009d60 (0x00006f17) auipc   t5, 0x6
core   0: 3 0x80009d60 (0x00006f17) x30 0x8000fd60
core   0: 0x80009d64 (0x2a3f2023) sw      gp, 672(t5)
core   0: 3 0x80009d64 (0x2a3f2023) mem 0x80010000 0x00000001
core   0: 0x80009d68 (0xff9ff06f) j       pc - 0x8
core   0: 3 0x80009d68 (0xff9ff06f)
core   0: 0x80009d60 (0x00006f17) auipc   t5, 0x6
core   0: 3 0x80009d60 (0x00006f17) x30 0x8000fd60
core   0: 0x80009d64 (0x2a3f2023) sw      gp, 672(t5)
core   0: 3 0x80009d64 (0x2a3f2023) mem 0x80010000 0x00000001
core   0: 0x80009d68 (0xff9ff06f) j       pc - 0x8
core   0: 3 0x80009d68 (0xff9ff06f)
core   0: 0x80009d60 (0x00006f17) auipc   t5, 0x6
core   0: 3 0x80009d60 (0x00006f17) x30 0x8000fd60
core   0: 0x80009d64 (0x2a3f2023) sw      gp, 672(t5)
core   0: 3 0x80009d64 (0x2a3f2023) mem 0x80010000 0x00000001
core   0: 0x80009d68 (0xff9ff06f) j       pc - 0x8
core   0: 3 0x80009d68 (0xff9ff06f)
core   0: 0x80009d60 (0x00006f17) auipc   t5, 0x6
core   0: 3 0x80009d60 (0x00006f17) x30 0x8000fd60
core   0: 0x80009d64 (0x2a3f2023) sw      gp, 672(t5)
core   0: 3 0x80009d64 (0x2a3f2023) mem 0x80010000 0x00000001
core   0: 0x80009d68 (0xff9ff06f) j       pc - 0x8
core   0: 3 0x80009d68 (0xff9ff06f)
core   0: 0x80009d60 (0x00006f17) auipc   t5, 0x6
core   0: 3 0x80009d60 (0x00006f17) x30 0x8000fd60
core   0: 0x80009d64 (0x2a3f2023) sw      gp, 672(t5)
core   0: 3 0x80009d64 (0x2a3f2023) mem 0x80010000 0x00000001
core   0: 0x80009d68 (0xff9ff06f) j       pc - 0x8
core   0: 3 0x80009d68 (0xff9ff06f)
core   0: 0x80009d60 (0x00006f17) auipc   t5, 0x6
core   0: 3 0x80009d60 (0x00006f17) x30 0x8000fd60
core   0: 0x80009d64 (0x2a3f2023) sw      gp, 672(t5)
core   0: 3 0x80009d64 (0x2a3f2023) mem 0x80010000 0x00000001
core   0: 0x80009d68 (0xff9ff06f) j       pc - 0x8
core   0: 3 0x80009d68 (0xff9ff06f)
core   0: 0x80009d60 (0x00006f17) auipc   t5, 0x6
core   0: 3 0x80009d60 (0x00006f17) x30 0x8000fd60
core   0: 0x80009d64 (0x2a3f2023) sw      gp, 672(t5)
core   0: 3 0x80009d64 (0x2a3f2023) mem 0x80010000 0x00000001
core   0: 0x80009d68 (0xff9ff06f) j       pc - 0x8
core   0: 3 0x80009d68 (0xff9ff06f)
core   0: 0x80009d60 (0x00006f17) auipc   t5, 0x6
core   0: 3 0x80009d60 (0x00006f17) x30 0x8000fd60
core   0: 0x80009d64 (0x2a3f2023) sw      gp, 672(t5)
core   0: 3 0x80009d64 (0x2a3f2023) mem 0x80010000 0x00000001
core   0: 0x80009d68 (0xff9ff06f) j       pc - 0x8
core   0: 3 0x80009d68 (0xff9ff06f)
core   0: 0x80009d60 (0x00006f17) auipc   t5, 0x6
core   0: 3 0x80009d60 (0x00006f17) x30 0x8000fd60
core   0: 0x80009d64 (0x2a3f2023) sw      gp, 672(t5)
core   0: 3 0x80009d64 (0x2a3f2023) mem 0x80010000 0x00000001
core   0: 0x80009d68 (0xff9ff06f) j       pc - 0x8
core   0: 3 0x80009d68 (0xff9ff06f)
core   0: 0x80009d60 (0x00006f17) auipc   t5, 0x6
core   0: 3 0x80009d60 (0x00006f17) x30 0x8000fd60
core   0: 0x80009d64 (0x2a3f2023) sw      gp, 672(t5)
core   0: 3 0x80009d64 (0x2a3f2023) mem 0x80010000 0x00000001
core   0: 0x80009d68 (0xff9ff06f) j       pc - 0x8
core   0: 3 0x80009d68 (0xff9ff06f)
core   0: 0x80009d60 (0x00006f17) auipc   t5, 0x6
core   0: 3 0x80009d60 (0x00006f17) x30 0x8000fd60
core   0: 0x80009d64 (0x2a3f2023) sw      gp, 672(t5)
core   0: 3 0x80009d64 (0x2a3f2023) mem 0x80010000 0x00000001
core   0: 0x80009d68 (0xff9ff06f) j       pc - 0x8
core   0: 3 0x80009d68 (0xff9ff06f)
core   0: 0x80009d60 (0x00006f17) auipc   t5, 0x6
core   0: 3 0x80009d60 (0x00006f17) x30 0x8000fd60
core   0: 0x80009d64 (0x2a3f2023) sw      gp, 672(t5)
core   0: 3 0x80009d64 (0x2a3f2023) mem 0x80010000 0x00000001
core   0: 0x80009d68 (0xff9ff06f) j       pc - 0x8
core   0: 3 0x80009d68 (0xff9ff06f)
core   0: 0x80009d60 (0x00006f17) auipc   t5, 0x6
core   0: 3 0x80009d60 (0x00006f17) x30 0x8000fd60
core   0: 0x80009d64 (0x2a3f2023) sw      gp, 672(t5)
core   0: 3 0x80009d64 (0x2a3f2023) mem 0x80010000 0x00000001
core   0: 0x80009d68 (0xff9ff06f) j       pc - 0x8
core   0: 3 0x80009d68 (0xff9ff06f)
core   0: 0x80009d60 (0x00006f17) auipc   t5, 0x6
core   0: 3 0x80009d60 (0x00006f17) x30 0x8000fd60
core   0: 0x80009d64 (0x2a3f2023) sw      gp, 672(t5)
core   0: 3 0x80009d64 (0x2a3f2023) mem 0x80010000 0x00000001
core   0: 0x80009d68 (0xff9ff06f) j       pc - 0x8
core   0: 3 0x80009d68 (0xff9ff06f)
core   0: 0x80009d60 (0x00006f17) auipc   t5, 0x6
core   0: 3 0x80009d60 (0x00006f17) x30 0x8000fd60
core   0: 0x80009d64 (0x2a3f2023) sw      gp, 672(t5)
core   0: 3 0x80009d64 (0x2a3f2023) mem 0x80010000 0x00000001
core   0: 0x80009d68 (0xff9ff06f) j       pc - 0x8
core   0: 3 0x80009d68 (0xff9ff06f)
core   0: 0x80009d60 (0x00006f17) auipc   t5, 0x6
core   0: 3 0x80009d60 (0x00006f17) x30 0x8000fd60
core   0: 0x80009d64 (0x2a3f2023) sw      gp, 672(t5)
core   0: 3 0x80009d64 (0x2a3f2023) mem 0x80010000 0x00000001
core   0: 0x80009d68 (0xff9ff06f) j       pc - 0x8
core   0: 3 0x80009d68 (0xff9ff06f)
core   0: 0x80009d60 (0x00006f17) auipc   t5, 0x6
core   0: 3 0x80009d60 (0x00006f17) x30 0x8000fd60
core   0: 0x80009d64 (0x2a3f2023) sw      gp, 672(t5)
core   0: 3 0x80009d64 (0x2a3f2023) mem 0x80010000 0x00000001
core   0: 0x80009d68 (0xff9ff06f) j       pc - 0x8
core   0: 3 0x80009d68 (0xff9ff06f)
core   0: 0x80009d60 (0x00006f17) auipc   t5, 0x6
core   0: 3 0x80009d60 (0x00006f17) x30 0x8000fd60
core   0: 0x80009d64 (0x2a3f2023) sw      gp, 672(t5)
core   0: 3 0x80009d64 (0x2a3f2023) mem 0x80010000 0x00000001
core   0: 0x80009d68 (0xff9ff06f) j       pc - 0x8
core   0: 3 0x80009d68 (0xff9ff06f)
core   0: 0x80009d60 (0x00006f17) auipc   t5, 0x6
core   0: 3 0x80009d60 (0x00006f17) x30 0x8000fd60
core   0: 0x80009d64 (0x2a3f2023) sw      gp, 672(t5)
core   0: 3 0x80009d64 (0x2a3f2023) mem 0x80010000 0x00000001
core   0: 0x80009d68 (0xff9ff06f) j       pc - 0x8
core   0: 3 0x80009d68 (0xff9ff06f)
core   0: 0x80009d60 (0x00006f17) auipc   t5, 0x6
core   0: 3 0x80009d60 (0x00006f17) x30 0x8000fd60
core   0: 0x80009d64 (0x2a3f2023) sw      gp, 672(t5)
core   0: 3 0x80009d64 (0x2a3f2023) mem 0x80010000 0x00000001
core   0: 0x80009d68 (0xff9ff06f) j       pc - 0x8
core   0: 3 0x80009d68 (0xff9ff06f)
core   0: 0x80009d60 (0x00006f17) auipc   t5, 0x6
core   0: 3 0x80009d60 (0x00006f17) x30 0x8000fd60
core   0: 0x80009d64 (0x2a3f2023) sw      gp, 672(t5)
core   0: 3 0x80009d64 (0x2a3f2023) mem 0x80010000 0x00000001
core   0: 0x80009d68 (0xff9ff06f) j       pc - 0x8
core   0: 3 0x80009d68 (0xff9ff06f)
core   0: 0x80009d60 (0x00006f17) auipc   t5, 0x6
core   0: 3 0x80009d60 (0x00006f17) x30 0x8000fd60
core   0: 0x80009d64 (0x2a3f2023) sw      gp, 672(t5)
core   0: 3 0x80009d64 (0x2a3f2023) mem 0x80010000 0x00000001
core   0: 0x80009d68 (0xff9ff06f) j       pc - 0x8
core   0: 3 0x80009d68 (0xff9ff06f)
core   0: 0x80009d60 (0x00006f17) auipc   t5, 0x6
core   0: 3 0x80009d60 (0x00006f17) x30 0x8000fd60
core   0: 0x80009d64 (0x2a3f2023) sw      gp, 672(t5)
core   0: 3 0x80009d64 (0x2a3f2023) mem 0x80010000 0x00000001
core   0: 0x80009d68 (0xff9ff06f) j       pc - 0x8
core   0: 3 0x80009d68 (0xff9ff06f)
core   0: 0x80009d60 (0x00006f17) auipc   t5, 0x6
core   0: 3 0x80009d60 (0x00006f17) x30 0x8000fd60
core   0: 0x80009d64 (0x2a3f2023) sw      gp, 672(t5)
core   0: 3 0x80009d64 (0x2a3f2023) mem 0x80010000 0x00000001
core   0: 0x80009d68 (0xff9ff06f) j       pc - 0x8
core   0: 3 0x80009d68 (0xff9ff06f)
core   0: 0x80009d60 (0x00006f17) auipc   t5, 0x6
core   0: 3 0x80009d60 (0x00006f17) x30 0x8000fd60
core   0: 0x80009d64 (0x2a3f2023) sw      gp, 672(t5)
core   0: 3 0x80009d64 (0x2a3f2023) mem 0x80010000 0x00000001
core   0: 0x80009d68 (0xff9ff06f) j       pc - 0x8
core   0: 3 0x80009d68 (0xff9ff06f)
core   0: 0x80009d60 (0x00006f17) auipc   t5, 0x6
core   0: 3 0x80009d60 (0x00006f17) x30 0x8000fd60
core   0: 0x80009d64 (0x2a3f2023) sw      gp, 672(t5)
core   0: 3 0x80009d64 (0x2a3f2023) mem 0x80010000 0x00000001
core   0: 0x80009d68 (0xff9ff06f) j       pc - 0x8
core   0: 3 0x80009d68 (0xff9ff06f)
core   0: 0x80009d60 (0x00006f17) auipc   t5, 0x6
core   0: 3 0x80009d60 (0x00006f17) x30 0x8000fd60
core   0: 0x80009d64 (0x2a3f2023) sw      gp, 672(t5)
core   0: 3 0x80009d64 (0x2a3f2023) mem 0x80010000 0x00000001
core   0: 0x80009d68 (0xff9ff06f) j       pc - 0x8
core   0: 3 0x80009d68 (0xff9ff06f)
core   0: 0x80009d60 (0x00006f17) auipc   t5, 0x6
core   0: 3 0x80009d60 (0x00006f17) x30 0x8000fd60
core   0: 0x80009d64 (0x2a3f2023) sw      gp, 672(t5)
core   0: 3 0x80009d64 (0x2a3f2023) mem 0x80010000 0x00000001
core   0: 0x80009d68 (0xff9ff06f) j       pc - 0x8
core   0: 3 0x80009d68 (0xff9ff06f)
core   0: 0x80009d60 (0x00006f17) auipc   t5, 0x6
core   0: 3 0x80009d60 (0x00006f17) x30 0x8000fd60
core   0: 0x80009d64 (0x2a3f2023) sw      gp, 672(t5)
core   0: 3 0x80009d64 (0x2a3f2023) mem 0x80010000 0x00000001
core   0: 0x80009d68 (0xff9ff06f) j       pc - 0x8
core   0: 3 0x80009d68 (0xff9ff06f)
core   0: 0x80009d60 (0x00006f17) auipc   t5, 0x6
core   0: 3 0x80009d60 (0x00006f17) x30 0x8000fd60
core   0: 0x80009d64 (0x2a3f2023) sw      gp, 672(t5)
core   0: 3 0x80009d64 (0x2a3f2023) mem 0x80010000 0x00000001
core   0: 0x80009d68 (0xff9ff06f) j       pc - 0x8
core   0: 3 0x80009d68 (0xff9ff06f)
core   0: 0x80009d60 (0x00006f17) auipc   t5, 0x6
core   0: 3 0x80009d60 (0x00006f17) x30 0x8000fd60
core   0: 0x80009d64 (0x2a3f2023) sw      gp, 672(t5)
core   0: 3 0x80009d64 (0x2a3f2023) mem 0x80010000 0x00000001
core   0: 0x80009d68 (0xff9ff06f) j       pc - 0x8
core   0: 3 0x80009d68 (0xff9ff06f)
core   0: 0x80009d60 (0x00006f17) auipc   t5, 0x6
core   0: 3 0x80009d60 (0x00006f17) x30 0x8000fd60
core   0: 0x80009d64 (0x2a3f2023) sw      gp, 672(t5)
core   0: 3 0x80009d64 (0x2a3f2023) mem 0x80010000 0x00000001
core   0: 0x80009d68 (0xff9ff06f) j       pc - 0x8
core   0: 3 0x80009d68 (0xff9ff06f)
core   0: 0x80009d60 (0x00006f17) auipc   t5, 0x6
core   0: 3 0x80009d60 (0x00006f17) x30 0x8000fd60
core   0: 0x80009d64 (0x2a3f2023) sw      gp, 672(t5)
core   0: 3 0x80009d64 (0x2a3f2023) mem 0x80010000 0x00000001
core   0: 0x80009d68 (0xff9ff06f) j       pc - 0x8
core   0: 3 0x80009d68 (0xff9ff06f)
core   0: 0x80009d60 (0x00006f17) auipc   t5, 0x6
core   0: 3 0x80009d60 (0x00006f17) x30 0x8000fd60
core   0: 0x80009d64 (0x2a3f2023) sw      gp, 672(t5)
core   0: 3 0x80009d64 (0x2a3f2023) mem 0x80010000 0x00000001
core   0: 0x80009d68 (0xff9ff06f) j       pc - 0x8
core   0: 3 0x80009d68 (0xff9ff06f)
core   0: 0x80009d60 (0x00006f17) auipc   t5, 0x6
core   0: 3 0x80009d60 (0x00006f17) x30 0x8000fd60
core   0: 0x80009d64 (0x2a3f2023) sw      gp, 672(t5)
core   0: 3 0x80009d64 (0x2a3f2023) mem 0x80010000 0x00000001
core   0: 0x80009d68 (0xff9ff06f) j       pc - 0x8
core   0: 3 0x80009d68 (0xff9ff06f)
core   0: 0x80009d60 (0x00006f17) auipc   t5, 0x6
core   0: 3 0x80009d60 (0x00006f17) x30 0x8000fd60
core   0: 0x80009d64 (0x2a3f2023) sw      gp, 672(t5)
core   0: 3 0x80009d64 (0x2a3f2023) mem 0x80010000 0x00000001
core   0: 0x80009d68 (0xff9ff06f) j       pc - 0x8
core   0: 3 0x80009d68 (0xff9ff06f)
core   0: 0x80009d60 (0x00006f17) auipc   t5, 0x6
core   0: 3 0x80009d60 (0x00006f17) x30 0x8000fd60
core   0: 0x80009d64 (0x2a3f2023) sw      gp, 672(t5)
core   0: 3 0x80009d64 (0x2a3f2023) mem 0x80010000 0x00000001
core   0: 0x80009d68 (0xff9ff06f) j       pc - 0x8
core   0: 3 0x80009d68 (0xff9ff06f)
core   0: 0x80009d60 (0x00006f17) auipc   t5, 0x6
core   0: 3 0x80009d60 (0x00006f17) x30 0x8000fd60
core   0: 0x80009d64 (0x2a3f2023) sw      gp, 672(t5)
core   0: 3 0x80009d64 (0x2a3f2023) mem 0x80010000 0x00000001
core   0: 0x80009d68 (0xff9ff06f) j       pc - 0x8
core   0: 3 0x80009d68 (0xff9ff06f)
core   0: 0x80009d60 (0x00006f17) auipc   t5, 0x6
core   0: 3 0x80009d60 (0x00006f17) x30 0x8000fd60
core   0: 0x80009d64 (0x2a3f2023) sw      gp, 672(t5)
core   0: 3 0x80009d64 (0x2a3f2023) mem 0x80010000 0x00000001
core   0: 0x80009d68 (0xff9ff06f) j       pc - 0x8
core   0: 3 0x80009d68 (0xff9ff06f)
core   0: 0x80009d60 (0x00006f17) auipc   t5, 0x6
core   0: 3 0x80009d60 (0x00006f17) x30 0x8000fd60
core   0: 0x80009d64 (0x2a3f2023) sw      gp, 672(t5)
core   0: 3 0x80009d64 (0x2a3f2023) mem 0x80010000 0x00000001
core   0: 0x80009d68 (0xff9ff06f) j       pc - 0x8
core   0: 3 0x80009d68 (0xff9ff06f)
core   0: 0x80009d60 (0x00006f17) auipc   t5, 0x6
core   0: 3 0x80009d60 (0x00006f17) x30 0x8000fd60
core   0: 0x80009d64 (0x2a3f2023) sw      gp, 672(t5)
core   0: 3 0x80009d64 (0x2a3f2023) mem 0x80010000 0x00000001
core   0: 0x80009d68 (0xff9ff06f) j       pc - 0x8
core   0: 3 0x80009d68 (0xff9ff06f)
core   0: 0x80009d60 (0x00006f17) auipc   t5, 0x6
core   0: 3 0x80009d60 (0x00006f17) x30 0x8000fd60
core   0: 0x80009d64 (0x2a3f2023) sw      gp, 672(t5)
core   0: 3 0x80009d64 (0x2a3f2023) mem 0x80010000 0x00000001
core   0: 0x80009d68 (0xff9ff06f) j       pc - 0x8
core   0: 3 0x80009d68 (0xff9ff06f)
core   0: 0x80009d60 (0x00006f17) auipc   t5, 0x6
core   0: 3 0x80009d60 (0x00006f17) x30 0x8000fd60
core   0: 0x80009d64 (0x2a3f2023) sw      gp, 672(t5)
core   0: 3 0x80009d64 (0x2a3f2023) mem 0x80010000 0x00000001
core   0: 0x80009d68 (0xff9ff06f) j       pc - 0x8
core   0: 3 0x80009d68 (0xff9ff06f)
core   0: 0x80009d60 (0x00006f17) auipc   t5, 0x6
core   0: 3 0x80009d60 (0x00006f17) x30 0x8000fd60
core   0: 0x80009d64 (0x2a3f2023) sw      gp, 672(t5)
core   0: 3 0x80009d64 (0x2a3f2023) mem 0x80010000 0x00000001
core   0: 0x80009d68 (0xff9ff06f) j       pc - 0x8
core   0: 3 0x80009d68 (0xff9ff06f)
core   0: 0x80009d60 (0x00006f17) auipc   t5, 0x6
core   0: 3 0x80009d60 (0x00006f17) x30 0x8000fd60
core   0: 0x80009d64 (0x2a3f2023) sw      gp, 672(t5)
core   0: 3 0x80009d64 (0x2a3f2023) mem 0x80010000 0x00000001
core   0: 0x80009d68 (0xff9ff06f) j       pc - 0x8
core   0: 3 0x80009d68 (0xff9ff06f)
core   0: 0x80009d60 (0x00006f17) auipc   t5, 0x6
core   0: 3 0x80009d60 (0x00006f17) x30 0x8000fd60
core   0: 0x80009d64 (0x2a3f2023) sw      gp, 672(t5)
core   0: 3 0x80009d64 (0x2a3f2023) mem 0x80010000 0x00000001
core   0: 0x80009d68 (0xff9ff06f) j       pc - 0x8
core   0: 3 0x80009d68 (0xff9ff06f)
core   0: 0x80009d60 (0x00006f17) auipc   t5, 0x6
core   0: 3 0x80009d60 (0x00006f17) x30 0x8000fd60
core   0: 0x80009d64 (0x2a3f2023) sw      gp, 672(t5)
core   0: 3 0x80009d64 (0x2a3f2023) mem 0x80010000 0x00000001
core   0: 0x80009d68 (0xff9ff06f) j       pc - 0x8
core   0: 3 0x80009d68 (0xff9ff06f)
core   0: 0x80009d60 (0x00006f17) auipc   t5, 0x6
core   0: 3 0x80009d60 (0x00006f17) x30 0x8000fd60
core   0: 0x80009d64 (0x2a3f2023) sw      gp, 672(t5)
core   0: 3 0x80009d64 (0x2a3f2023) mem 0x80010000 0x00000001
core   0: 0x80009d68 (0xff9ff06f) j       pc - 0x8
core   0: 3 0x80009d68 (0xff9ff06f)
core   0: 0x80009d60 (0x00006f17) auipc   t5, 0x6
core   0: 3 0x80009d60 (0x00006f17) x30 0x8000fd60
core   0: 0x80009d64 (0x2a3f2023) sw      gp, 672(t5)
core   0: 3 0x80009d64 (0x2a3f2023) mem 0x80010000 0x00000001
core   0: 0x80009d68 (0xff9ff06f) j       pc - 0x8
core   0: 3 0x80009d68 (0xff9ff06f)
core   0: 0x80009d60 (0x00006f17) auipc   t5, 0x6
core   0: 3 0x80009d60 (0x00006f17) x30 0x8000fd60
core   0: 0x80009d64 (0x2a3f2023) sw      gp, 672(t5)
core   0: 3 0x80009d64 (0x2a3f2023) mem 0x80010000 0x00000001
core   0: 0x80009d68 (0xff9ff06f) j       pc - 0x8
core   0: 3 0x80009d68 (0xff9ff06f)
core   0: 0x80009d60 (0x00006f17) auipc   t5, 0x6
core   0: 3 0x80009d60 (0x00006f17) x30 0x8000fd60
core   0: 0x80009d64 (0x2a3f2023) sw      gp, 672(t5)
core   0: 3 0x80009d64 (0x2a3f2023) mem 0x80010000 0x00000001
core   0: 0x80009d68 (0xff9ff06f) j       pc - 0x8
core   0: 3 0x80009d68 (0xff9ff06f)
core   0: 0x80009d60 (0x00006f17) auipc   t5, 0x6
core   0: 3 0x80009d60 (0x00006f17) x30 0x8000fd60
core   0: 0x80009d64 (0x2a3f2023) sw      gp, 672(t5)
core   0: 3 0x80009d64 (0x2a3f2023) mem 0x80010000 0x00000001
core   0: 0x80009d68 (0xff9ff06f) j       pc - 0x8
core   0: 3 0x80009d68 (0xff9ff06f)
core   0: 0x80009d60 (0x00006f17) auipc   t5, 0x6
core   0: 3 0x80009d60 (0x00006f17) x30 0x8000fd60
core   0: 0x80009d64 (0x2a3f2023) sw      gp, 672(t5)
core   0: 3 0x80009d64 (0x2a3f2023) mem 0x80010000 0x00000001
core   0: 0x80009d68 (0xff9ff06f) j       pc - 0x8
core   0: 3 0x80009d68 (0xff9ff06f)
core   0: 0x80009d60 (0x00006f17) auipc   t5, 0x6
core   0: 3 0x80009d60 (0x00006f17) x30 0x8000fd60
core   0: 0x80009d64 (0x2a3f2023) sw      gp, 672(t5)
core   0: 3 0x80009d64 (0x2a3f2023) mem 0x80010000 0x00000001
core   0: 0x80009d68 (0xff9ff06f) j       pc - 0x8
core   0: 3 0x80009d68 (0xff9ff06f)
core   0: 0x80009d60 (0x00006f17) auipc   t5, 0x6
core   0: 3 0x80009d60 (0x00006f17) x30 0x8000fd60
core   0: 0x80009d64 (0x2a3f2023) sw      gp, 672(t5)
core   0: 3 0x80009d64 (0x2a3f2023) mem 0x80010000 0x00000001
core   0: 0x80009d68 (0xff9ff06f) j       pc - 0x8
core   0: 3 0x80009d68 (0xff9ff06f)
core   0: 0x80009d60 (0x00006f17) auipc   t5, 0x6
core   0: 3 0x80009d60 (0x00006f17) x30 0x8000fd60
core   0: 0x80009d64 (0x2a3f2023) sw      gp, 672(t5)
core   0: 3 0x80009d64 (0x2a3f2023) mem 0x80010000 0x00000001
core   0: 0x80009d68 (0xff9ff06f) j       pc - 0x8
core   0: 3 0x80009d68 (0xff9ff06f)
core   0: 0x80009d60 (0x00006f17) auipc   t5, 0x6
core   0: 3 0x80009d60 (0x00006f17) x30 0x8000fd60
core   0: 0x80009d64 (0x2a3f2023) sw      gp, 672(t5)
core   0: 3 0x80009d64 (0x2a3f2023) mem 0x80010000 0x00000001
core   0: 0x80009d68 (0xff9ff06f) j       pc - 0x8
core   0: 3 0x80009d68 (0xff9ff06f)
core   0: 0x80009d60 (0x00006f17) auipc   t5, 0x6
core   0: 3 0x80009d60 (0x00006f17) x30 0x8000fd60
core   0: 0x80009d64 (0x2a3f2023) sw      gp, 672(t5)
core   0: 3 0x80009d64 (0x2a3f2023) mem 0x80010000 0x00000001
core   0: 0x80009d68 (0xff9ff06f) j       pc - 0x8
core   0: 3 0x80009d68 (0xff9ff06f)
core   0: 0x80009d60 (0x00006f17) auipc   t5, 0x6
core   0: 3 0x80009d60 (0x00006f17) x30 0x8000fd60
core   0: 0x80009d64 (0x2a3f2023) sw      gp, 672(t5)
core   0: 3 0x80009d64 (0x2a3f2023) mem 0x80010000 0x00000001
core   0: 0x80009d68 (0xff9ff06f) j       pc - 0x8
core   0: 3 0x80009d68 (0xff9ff06f)
core   0: 0x80009d60 (0x00006f17) auipc   t5, 0x6
core   0: 3 0x80009d60 (0x00006f17) x30 0x8000fd60
core   0: 0x80009d64 (0x2a3f2023) sw      gp, 672(t5)
core   0: 3 0x80009d64 (0x2a3f2023) mem 0x80010000 0x00000001
core   0: 0x80009d68 (0xff9ff06f) j       pc - 0x8
core   0: 3 0x80009d68 (0xff9ff06f)
core   0: 0x80009d60 (0x00006f17) auipc   t5, 0x6
core   0: 3 0x80009d60 (0x00006f17) x30 0x8000fd60
core   0: 0x80009d64 (0x2a3f2023) sw      gp, 672(t5)
core   0: 3 0x80009d64 (0x2a3f2023) mem 0x80010000 0x00000001
core   0: 0x80009d68 (0xff9ff06f) j       pc - 0x8
core   0: 3 0x80009d68 (0xff9ff06f)
core   0: 0x80009d60 (0x00006f17) auipc   t5, 0x6
core   0: 3 0x80009d60 (0x00006f17) x30 0x8000fd60
core   0: 0x80009d64 (0x2a3f2023) sw      gp, 672(t5)
core   0: 3 0x80009d64 (0x2a3f2023) mem 0x80010000 0x00000001
core   0: 0x80009d68 (0xff9ff06f) j       pc - 0x8
core   0: 3 0x80009d68 (0xff9ff06f)
core   0: 0x80009d60 (0x00006f17) auipc   t5, 0x6
core   0: 3 0x80009d60 (0x00006f17) x30 0x8000fd60
core   0: 0x80009d64 (0x2a3f2023) sw      gp, 672(t5)
core   0: 3 0x80009d64 (0x2a3f2023) mem 0x80010000 0x00000001
core   0: 0x80009d68 (0xff9ff06f) j       pc - 0x8
core   0: 3 0x80009d68 (0xff9ff06f)
core   0: 0x80009d60 (0x00006f17) auipc   t5, 0x6
core   0: 3 0x80009d60 (0x00006f17) x30 0x8000fd60
core   0: 0x80009d64 (0x2a3f2023) sw      gp, 672(t5)
core   0: 3 0x80009d64 (0x2a3f2023) mem 0x80010000 0x00000001
core   0: 0x80009d68 (0xff9ff06f) j       pc - 0x8
core   0: 3 0x80009d68 (0xff9ff06f)
core   0: 0x80009d60 (0x00006f17) auipc   t5, 0x6
core   0: 3 0x80009d60 (0x00006f17) x30 0x8000fd60
core   0: 0x80009d64 (0x2a3f2023) sw      gp, 672(t5)
core   0: 3 0x80009d64 (0x2a3f2023) mem 0x80010000 0x00000001
core   0: 0x80009d68 (0xff9ff06f) j       pc - 0x8
core   0: 3 0x80009d68 (0xff9ff06f)
core   0: 0x80009d60 (0x00006f17) auipc   t5, 0x6
core   0: 3 0x80009d60 (0x00006f17) x30 0x8000fd60
core   0: 0x80009d64 (0x2a3f2023) sw      gp, 672(t5)
core   0: 3 0x80009d64 (0x2a3f2023) mem 0x80010000 0x00000001
core   0: 0x80009d68 (0xff9ff06f) j       pc - 0x8
core   0: 3 0x80009d68 (0xff9ff06f)
core   0: 0x80009d60 (0x00006f17) auipc   t5, 0x6
core   0: 3 0x80009d60 (0x00006f17) x30 0x8000fd60
core   0: 0x80009d64 (0x2a3f2023) sw      gp, 672(t5)
core   0: 3 0x80009d64 (0x2a3f2023) mem 0x80010000 0x00000001
core   0: 0x80009d68 (0xff9ff06f) j       pc - 0x8
core   0: 3 0x80009d68 (0xff9ff06f)
core   0: 0x80009d60 (0x00006f17) auipc   t5, 0x6
core   0: 3 0x80009d60 (0x00006f17) x30 0x8000fd60
core   0: 0x80009d64 (0x2a3f2023) sw      gp, 672(t5)
core   0: 3 0x80009d64 (0x2a3f2023) mem 0x80010000 0x00000001
core   0: 0x80009d68 (0xff9ff06f) j       pc - 0x8
core   0: 3 0x80009d68 (0xff9ff06f)
core   0: 0x80009d60 (0x00006f17) auipc   t5, 0x6
core   0: 3 0x80009d60 (0x00006f17) x30 0x8000fd60
core   0: 0x80009d64 (0x2a3f2023) sw      gp, 672(t5)
core   0: 3 0x80009d64 (0x2a3f2023) mem 0x80010000 0x00000001
core   0: 0x80009d68 (0xff9ff06f) j       pc - 0x8
core   0: 3 0x80009d68 (0xff9ff06f)
core   0: 0x80009d60 (0x00006f17) auipc   t5, 0x6
core   0: 3 0x80009d60 (0x00006f17) x30 0x8000fd60
core   0: 0x80009d64 (0x2a3f2023) sw      gp, 672(t5)
core   0: 3 0x80009d64 (0x2a3f2023) mem 0x80010000 0x00000001
core   0: 0x80009d68 (0xff9ff06f) j       pc - 0x8
core   0: 3 0x80009d68 (0xff9ff06f)
core   0: 0x80009d60 (0x00006f17) auipc   t5, 0x6
core   0: 3 0x80009d60 (0x00006f17) x30 0x8000fd60
core   0: 0x80009d64 (0x2a3f2023) sw      gp, 672(t5)
core   0: 3 0x80009d64 (0x2a3f2023) mem 0x80010000 0x00000001
core   0: 0x80009d68 (0xff9ff06f) j       pc - 0x8
core   0: 3 0x80009d68 (0xff9ff06f)
core   0: 0x80009d60 (0x00006f17) auipc   t5, 0x6
core   0: 3 0x80009d60 (0x00006f17) x30 0x8000fd60
core   0: 0x80009d64 (0x2a3f2023) sw      gp, 672(t5)
core   0: 3 0x80009d64 (0x2a3f2023) mem 0x80010000 0x00000001
core   0: 0x80009d68 (0xff9ff06f) j       pc - 0x8
core   0: 3 0x80009d68 (0xff9ff06f)
core   0: 0x80009d60 (0x00006f17) auipc   t5, 0x6
core   0: 3 0x80009d60 (0x00006f17) x30 0x8000fd60
core   0: 0x80009d64 (0x2a3f2023) sw      gp, 672(t5)
core   0: 3 0x80009d64 (0x2a3f2023) mem 0x80010000 0x00000001
core   0: 0x80009d68 (0xff9ff06f) j       pc - 0x8
core   0: 3 0x80009d68 (0xff9ff06f)
core   0: 0x80009d60 (0x00006f17) auipc   t5, 0x6
core   0: 3 0x80009d60 (0x00006f17) x30 0x8000fd60
core   0: 0x80009d64 (0x2a3f2023) sw      gp, 672(t5)
core   0: 3 0x80009d64 (0x2a3f2023) mem 0x80010000 0x00000001
core   0: 0x80009d68 (0xff9ff06f) j       pc - 0x8
core   0: 3 0x80009d68 (0xff9ff06f)
core   0: 0x80009d60 (0x00006f17) auipc   t5, 0x6
core   0: 3 0x80009d60 (0x00006f17) x30 0x8000fd60
core   0: 0x80009d64 (0x2a3f2023) sw      gp, 672(t5)
core   0: 3 0x80009d64 (0x2a3f2023) mem 0x80010000 0x00000001
core   0: 0x80009d68 (0xff9ff06f) j       pc - 0x8
core   0: 3 0x80009d68 (0xff9ff06f)
core   0: 0x80009d60 (0x00006f17) auipc   t5, 0x6
core   0: 3 0x80009d60 (0x00006f17) x30 0x8000fd60
core   0: 0x80009d64 (0x2a3f2023) sw      gp, 672(t5)
core   0: 3 0x80009d64 (0x2a3f2023) mem 0x80010000 0x00000001
core   0: 0x80009d68 (0xff9ff06f) j       pc - 0x8
core   0: 3 0x80009d68 (0xff9ff06f)
core   0: 0x80009d60 (0x00006f17) auipc   t5, 0x6
core   0: 3 0x80009d60 (0x00006f17) x30 0x8000fd60
core   0: 0x80009d64 (0x2a3f2023) sw      gp, 672(t5)
core   0: 3 0x80009d64 (0x2a3f2023) mem 0x80010000 0x00000001
core   0: 0x80009d68 (0xff9ff06f) j       pc - 0x8
core   0: 3 0x80009d68 (0xff9ff06f)
core   0: 0x80009d60 (0x00006f17) auipc   t5, 0x6
core   0: 3 0x80009d60 (0x00006f17) x30 0x8000fd60
core   0: 0x80009d64 (0x2a3f2023) sw      gp, 672(t5)
core   0: 3 0x80009d64 (0x2a3f2023) mem 0x80010000 0x00000001
core   0: 0x80009d68 (0xff9ff06f) j       pc - 0x8
core   0: 3 0x80009d68 (0xff9ff06f)
core   0: 0x80009d60 (0x00006f17) auipc   t5, 0x6
core   0: 3 0x80009d60 (0x00006f17) x30 0x8000fd60
core   0: 0x80009d64 (0x2a3f2023) sw      gp, 672(t5)
core   0: 3 0x80009d64 (0x2a3f2023) mem 0x80010000 0x00000001
core   0: 0x80009d68 (0xff9ff06f) j       pc - 0x8
core   0: 3 0x80009d68 (0xff9ff06f)
core   0: 0x80009d60 (0x00006f17) auipc   t5, 0x6
core   0: 3 0x80009d60 (0x00006f17) x30 0x8000fd60
core   0: 0x80009d64 (0x2a3f2023) sw      gp, 672(t5)
core   0: 3 0x80009d64 (0x2a3f2023) mem 0x80010000 0x00000001
core   0: 0x80009d68 (0xff9ff06f) j       pc - 0x8
core   0: 3 0x80009d68 (0xff9ff06f)
core   0: 0x80009d60 (0x00006f17) auipc   t5, 0x6
core   0: 3 0x80009d60 (0x00006f17) x30 0x8000fd60
core   0: 0x80009d64 (0x2a3f2023) sw      gp, 672(t5)
core   0: 3 0x80009d64 (0x2a3f2023) mem 0x80010000 0x00000001
core   0: 0x80009d68 (0xff9ff06f) j       pc - 0x8
core   0: 3 0x80009d68 (0xff9ff06f)
core   0: 0x80009d60 (0x00006f17) auipc   t5, 0x6
core   0: 3 0x80009d60 (0x00006f17) x30 0x8000fd60
core   0: 0x80009d64 (0x2a3f2023) sw      gp, 672(t5)
core   0: 3 0x80009d64 (0x2a3f2023) mem 0x80010000 0x00000001
core   0: 0x80009d68 (0xff9ff06f) j       pc - 0x8
core   0: 3 0x80009d68 (0xff9ff06f)
core   0: 0x80009d60 (0x00006f17) auipc   t5, 0x6
core   0: 3 0x80009d60 (0x00006f17) x30 0x8000fd60
core   0: 0x80009d64 (0x2a3f2023) sw      gp, 672(t5)
core   0: 3 0x80009d64 (0x2a3f2023) mem 0x80010000 0x00000001
core   0: 0x80009d68 (0xff9ff06f) j       pc - 0x8
core   0: 3 0x80009d68 (0xff9ff06f)
core   0: 0x80009d60 (0x00006f17) auipc   t5, 0x6
core   0: 3 0x80009d60 (0x00006f17) x30 0x8000fd60
core   0: 0x80009d64 (0x2a3f2023) sw      gp, 672(t5)
core   0: 3 0x80009d64 (0x2a3f2023) mem 0x80010000 0x00000001
core   0: 0x80009d68 (0xff9ff06f) j       pc - 0x8
core   0: 3 0x80009d68 (0xff9ff06f)
core   0: 0x80009d60 (0x00006f17) auipc   t5, 0x6
core   0: 3 0x80009d60 (0x00006f17) x30 0x8000fd60
core   0: 0x80009d64 (0x2a3f2023) sw      gp, 672(t5)
core   0: 3 0x80009d64 (0x2a3f2023) mem 0x80010000 0x00000001
core   0: 0x80009d68 (0xff9ff06f) j       pc - 0x8
core   0: 3 0x80009d68 (0xff9ff06f)
core   0: 0x80009d60 (0x00006f17) auipc   t5, 0x6
core   0: 3 0x80009d60 (0x00006f17) x30 0x8000fd60
core   0: 0x80009d64 (0x2a3f2023) sw      gp, 672(t5)
core   0: 3 0x80009d64 (0x2a3f2023) mem 0x80010000 0x00000001
core   0: 0x80009d68 (0xff9ff06f) j       pc - 0x8
core   0: 3 0x80009d68 (0xff9ff06f)
core   0: 0x80009d60 (0x00006f17) auipc   t5, 0x6
core   0: 3 0x80009d60 (0x00006f17) x30 0x8000fd60
core   0: 0x80009d64 (0x2a3f2023) sw      gp, 672(t5)
core   0: 3 0x80009d64 (0x2a3f2023) mem 0x80010000 0x00000001
core   0: 0x80009d68 (0xff9ff06f) j       pc - 0x8
core   0: 3 0x80009d68 (0xff9ff06f)
core   0: 0x80009d60 (0x00006f17) auipc   t5, 0x6
core   0: 3 0x80009d60 (0x00006f17) x30 0x8000fd60
core   0: 0x80009d64 (0x2a3f2023) sw      gp, 672(t5)
core   0: 3 0x80009d64 (0x2a3f2023) mem 0x80010000 0x00000001
core   0: 0x80009d68 (0xff9ff06f) j       pc - 0x8
core   0: 3 0x80009d68 (0xff9ff06f)
core   0: 0x80009d60 (0x00006f17) auipc   t5, 0x6
core   0: 3 0x80009d60 (0x00006f17) x30 0x8000fd60
core   0: 0x80009d64 (0x2a3f2023) sw      gp, 672(t5)
core   0: 3 0x80009d64 (0x2a3f2023) mem 0x80010000 0x00000001
core   0: 0x80009d68 (0xff9ff06f) j       pc - 0x8
core   0: 3 0x80009d68 (0xff9ff06f)
core   0: 0x80009d60 (0x00006f17) auipc   t5, 0x6
core   0: 3 0x80009d60 (0x00006f17) x30 0x8000fd60
core   0: 0x80009d64 (0x2a3f2023) sw      gp, 672(t5)
core   0: 3 0x80009d64 (0x2a3f2023) mem 0x80010000 0x00000001
core   0: 0x80009d68 (0xff9ff06f) j       pc - 0x8
core   0: 3 0x80009d68 (0xff9ff06f)
core   0: 0x80009d60 (0x00006f17) auipc   t5, 0x6
core   0: 3 0x80009d60 (0x00006f17) x30 0x8000fd60
core   0: 0x80009d64 (0x2a3f2023) sw      gp, 672(t5)
core   0: 3 0x80009d64 (0x2a3f2023) mem 0x80010000 0x00000001
core   0: 0x80009d68 (0xff9ff06f) j       pc - 0x8
core   0: 3 0x80009d68 (0xff9ff06f)
core   0: 0x80009d60 (0x00006f17) auipc   t5, 0x6
core   0: 3 0x80009d60 (0x00006f17) x30 0x8000fd60
core   0: 0x80009d64 (0x2a3f2023) sw      gp, 672(t5)
core   0: 3 0x80009d64 (0x2a3f2023) mem 0x80010000 0x00000001
core   0: 0x80009d68 (0xff9ff06f) j       pc - 0x8
core   0: 3 0x80009d68 (0xff9ff06f)
core   0: 0x80009d60 (0x00006f17) auipc   t5, 0x6
core   0: 3 0x80009d60 (0x00006f17) x30 0x8000fd60
core   0: 0x80009d64 (0x2a3f2023) sw      gp, 672(t5)
core   0: 3 0x80009d64 (0x2a3f2023) mem 0x80010000 0x00000001
core   0: 0x80009d68 (0xff9ff06f) j       pc - 0x8
core   0: 3 0x80009d68 (0xff9ff06f)
core   0: 0x80009d60 (0x00006f17) auipc   t5, 0x6
core   0: 3 0x80009d60 (0x00006f17) x30 0x8000fd60
core   0: 0x80009d64 (0x2a3f2023) sw      gp, 672(t5)
core   0: 3 0x80009d64 (0x2a3f2023) mem 0x80010000 0x00000001
core   0: 0x80009d68 (0xff9ff06f) j       pc - 0x8
core   0: 3 0x80009d68 (0xff9ff06f)
core   0: 0x80009d60 (0x00006f17) auipc   t5, 0x6
core   0: 3 0x80009d60 (0x00006f17) x30 0x8000fd60
core   0: 0x80009d64 (0x2a3f2023) sw      gp, 672(t5)
core   0: 3 0x80009d64 (0x2a3f2023) mem 0x80010000 0x00000001
core   0: 0x80009d68 (0xff9ff06f) j       pc - 0x8
core   0: 3 0x80009d68 (0xff9ff06f)
core   0: 0x80009d60 (0x00006f17) auipc   t5, 0x6
core   0: 3 0x80009d60 (0x00006f17) x30 0x8000fd60
core   0: 0x80009d64 (0x2a3f2023) sw      gp, 672(t5)
core   0: 3 0x80009d64 (0x2a3f2023) mem 0x80010000 0x00000001
core   0: 0x80009d68 (0xff9ff06f) j       pc - 0x8
core   0: 3 0x80009d68 (0xff9ff06f)
core   0: 0x80009d60 (0x00006f17) auipc   t5, 0x6
core   0: 3 0x80009d60 (0x00006f17) x30 0x8000fd60
core   0: 0x80009d64 (0x2a3f2023) sw      gp, 672(t5)
core   0: 3 0x80009d64 (0x2a3f2023) mem 0x80010000 0x00000001
core   0: 0x80009d68 (0xff9ff06f) j       pc - 0x8
core   0: 3 0x80009d68 (0xff9ff06f)
core   0: 0x80009d60 (0x00006f17) auipc   t5, 0x6
core   0: 3 0x80009d60 (0x00006f17) x30 0x8000fd60
core   0: 0x80009d64 (0x2a3f2023) sw      gp, 672(t5)
core   0: 3 0x80009d64 (0x2a3f2023) mem 0x80010000 0x00000001
core   0: 0x80009d68 (0xff9ff06f) j       pc - 0x8
core   0: 3 0x80009d68 (0xff9ff06f)
core   0: 0x80009d60 (0x00006f17) auipc   t5, 0x6
core   0: 3 0x80009d60 (0x00006f17) x30 0x8000fd60
core   0: 0x80009d64 (0x2a3f2023) sw      gp, 672(t5)
core   0: 3 0x80009d64 (0x2a3f2023) mem 0x80010000 0x00000001
core   0: 0x80009d68 (0xff9ff06f) j       pc - 0x8
core   0: 3 0x80009d68 (0xff9ff06f)
core   0: 0x80009d60 (0x00006f17) auipc   t5, 0x6
core   0: 3 0x80009d60 (0x00006f17) x30 0x8000fd60
core   0: 0x80009d64 (0x2a3f2023) sw      gp, 672(t5)
core   0: 3 0x80009d64 (0x2a3f2023) mem 0x80010000 0x00000001
core   0: 0x80009d68 (0xff9ff06f) j       pc - 0x8
core   0: 3 0x80009d68 (0xff9ff06f)
core   0: 0x80009d60 (0x00006f17) auipc   t5, 0x6
core   0: 3 0x80009d60 (0x00006f17) x30 0x8000fd60
core   0: 0x80009d64 (0x2a3f2023) sw      gp, 672(t5)
core   0: 3 0x80009d64 (0x2a3f2023) mem 0x80010000 0x00000001
core   0: 0x80009d68 (0xff9ff06f) j       pc - 0x8
core   0: 3 0x80009d68 (0xff9ff06f)
core   0: 0x80009d60 (0x00006f17) auipc   t5, 0x6
core   0: 3 0x80009d60 (0x00006f17) x30 0x8000fd60
core   0: 0x80009d64 (0x2a3f2023) sw      gp, 672(t5)
core   0: 3 0x80009d64 (0x2a3f2023) mem 0x80010000 0x00000001
core   0: 0x80009d68 (0xff9ff06f) j       pc - 0x8
core   0: 3 0x80009d68 (0xff9ff06f)
core   0: 0x80009d60 (0x00006f17) auipc   t5, 0x6
core   0: 3 0x80009d60 (0x00006f17) x30 0x8000fd60
core   0: 0x80009d64 (0x2a3f2023) sw      gp, 672(t5)
core   0: 3 0x80009d64 (0x2a3f2023) mem 0x80010000 0x00000001
core   0: 0x80009d68 (0xff9ff06f) j       pc - 0x8
core   0: 3 0x80009d68 (0xff9ff06f)
core   0: 0x80009d60 (0x00006f17) auipc   t5, 0x6
core   0: 3 0x80009d60 (0x00006f17) x30 0x8000fd60
core   0: 0x80009d64 (0x2a3f2023) sw      gp, 672(t5)
core   0: 3 0x80009d64 (0x2a3f2023) mem 0x80010000 0x00000001
core   0: 0x80009d68 (0xff9ff06f) j       pc - 0x8
core   0: 3 0x80009d68 (0xff9ff06f)
core   0: 0x80009d60 (0x00006f17) auipc   t5, 0x6
core   0: 3 0x80009d60 (0x00006f17) x30 0x8000fd60
core   0: 0x80009d64 (0x2a3f2023) sw      gp, 672(t5)
core   0: 3 0x80009d64 (0x2a3f2023) mem 0x80010000 0x00000001
core   0: 0x80009d68 (0xff9ff06f) j       pc - 0x8
core   0: 3 0x80009d68 (0xff9ff06f)
core   0: 0x80009d60 (0x00006f17) auipc   t5, 0x6
core   0: 3 0x80009d60 (0x00006f17) x30 0x8000fd60
core   0: 0x80009d64 (0x2a3f2023) sw      gp, 672(t5)
core   0: 3 0x80009d64 (0x2a3f2023) mem 0x80010000 0x00000001
core   0: 0x80009d68 (0xff9ff06f) j       pc - 0x8
core   0: 3 0x80009d68 (0xff9ff06f)
core   0: 0x80009d60 (0x00006f17) auipc   t5, 0x6
core   0: 3 0x80009d60 (0x00006f17) x30 0x8000fd60
core   0: 0x80009d64 (0x2a3f2023) sw      gp, 672(t5)
core   0: 3 0x80009d64 (0x2a3f2023) mem 0x80010000 0x00000001
core   0: 0x80009d68 (0xff9ff06f) j       pc - 0x8
core   0: 3 0x80009d68 (0xff9ff06f)
core   0: 0x80009d60 (0x00006f17) auipc   t5, 0x6
core   0: 3 0x80009d60 (0x00006f17) x30 0x8000fd60
core   0: 0x80009d64 (0x2a3f2023) sw      gp, 672(t5)
core   0: 3 0x80009d64 (0x2a3f2023) mem 0x80010000 0x00000001
core   0: 0x80009d68 (0xff9ff06f) j       pc - 0x8
core   0: 3 0x80009d68 (0xff9ff06f)
core   0: 0x80009d60 (0x00006f17) auipc   t5, 0x6
core   0: 3 0x80009d60 (0x00006f17) x30 0x8000fd60
core   0: 0x80009d64 (0x2a3f2023) sw      gp, 672(t5)
core   0: 3 0x80009d64 (0x2a3f2023) mem 0x80010000 0x00000001
core   0: 0x80009d68 (0xff9ff06f) j       pc - 0x8
core   0: 3 0x80009d68 (0xff9ff06f)
core   0: 0x80009d60 (0x00006f17) auipc   t5, 0x6
core   0: 3 0x80009d60 (0x00006f17) x30 0x8000fd60
core   0: 0x80009d64 (0x2a3f2023) sw      gp, 672(t5)
core   0: 3 0x80009d64 (0x2a3f2023) mem 0x80010000 0x00000001
core   0: 0x80009d68 (0xff9ff06f) j       pc - 0x8
core   0: 3 0x80009d68 (0xff9ff06f)
core   0: 0x80009d60 (0x00006f17) auipc   t5, 0x6
core   0: 3 0x80009d60 (0x00006f17) x30 0x8000fd60
core   0: 0x80009d64 (0x2a3f2023) sw      gp, 672(t5)
core   0: 3 0x80009d64 (0x2a3f2023) mem 0x80010000 0x00000001
core   0: 0x80009d68 (0xff9ff06f) j       pc - 0x8
core   0: 3 0x80009d68 (0xff9ff06f)
core   0: 0x80009d60 (0x00006f17) auipc   t5, 0x6
core   0: 3 0x80009d60 (0x00006f17) x30 0x8000fd60
core   0: 0x80009d64 (0x2a3f2023) sw      gp, 672(t5)
core   0: 3 0x80009d64 (0x2a3f2023) mem 0x80010000 0x00000001
core   0: 0x80009d68 (0xff9ff06f) j       pc - 0x8
core   0: 3 0x80009d68 (0xff9ff06f)
core   0: 0x80009d60 (0x00006f17) auipc   t5, 0x6
core   0: 3 0x80009d60 (0x00006f17) x30 0x8000fd60
core   0: 0x80009d64 (0x2a3f2023) sw      gp, 672(t5)
core   0: 3 0x80009d64 (0x2a3f2023) mem 0x80010000 0x00000001
core   0: 0x80009d68 (0xff9ff06f) j       pc - 0x8
core   0: 3 0x80009d68 (0xff9ff06f)
core   0: 0x80009d60 (0x00006f17) auipc   t5, 0x6
core   0: 3 0x80009d60 (0x00006f17) x30 0x8000fd60
core   0: 0x80009d64 (0x2a3f2023) sw      gp, 672(t5)
core   0: 3 0x80009d64 (0x2a3f2023) mem 0x80010000 0x00000001
core   0: 0x80009d68 (0xff9ff06f) j       pc - 0x8
core   0: 3 0x80009d68 (0xff9ff06f)
core   0: 0x80009d60 (0x00006f17) auipc   t5, 0x6
core   0: 3 0x80009d60 (0x00006f17) x30 0x8000fd60
core   0: 0x80009d64 (0x2a3f2023) sw      gp, 672(t5)
core   0: 3 0x80009d64 (0x2a3f2023) mem 0x80010000 0x00000001
core   0: 0x80009d68 (0xff9ff06f) j       pc - 0x8
core   0: 3 0x80009d68 (0xff9ff06f)
core   0: 0x80009d60 (0x00006f17) auipc   t5, 0x6
core   0: 3 0x80009d60 (0x00006f17) x30 0x8000fd60
core   0: 0x80009d64 (0x2a3f2023) sw      gp, 672(t5)
core   0: 3 0x80009d64 (0x2a3f2023) mem 0x80010000 0x00000001
core   0: 0x80009d68 (0xff9ff06f) j       pc - 0x8
core   0: 3 0x80009d68 (0xff9ff06f)
core   0: 0x80009d60 (0x00006f17) auipc   t5, 0x6
core   0: 3 0x80009d60 (0x00006f17) x30 0x8000fd60
core   0: 0x80009d64 (0x2a3f2023) sw      gp, 672(t5)
core   0: 3 0x80009d64 (0x2a3f2023) mem 0x80010000 0x00000001
core   0: 0x80009d68 (0xff9ff06f) j       pc - 0x8
core   0: 3 0x80009d68 (0xff9ff06f)
core   0: 0x80009d60 (0x00006f17) auipc   t5, 0x6
core   0: 3 0x80009d60 (0x00006f17) x30 0x8000fd60
core   0: 0x80009d64 (0x2a3f2023) sw      gp, 672(t5)
core   0: 3 0x80009d64 (0x2a3f2023) mem 0x80010000 0x00000001
core   0: 0x80009d68 (0xff9ff06f) j       pc - 0x8
core   0: 3 0x80009d68 (0xff9ff06f)
core   0: 0x80009d60 (0x00006f17) auipc   t5, 0x6
core   0: 3 0x80009d60 (0x00006f17) x30 0x8000fd60
core   0: 0x80009d64 (0x2a3f2023) sw      gp, 672(t5)
core   0: 3 0x80009d64 (0x2a3f2023) mem 0x80010000 0x00000001
core   0: 0x80009d68 (0xff9ff06f) j       pc - 0x8
core   0: 3 0x80009d68 (0xff9ff06f)
core   0: 0x80009d60 (0x00006f17) auipc   t5, 0x6
core   0: 3 0x80009d60 (0x00006f17) x30 0x8000fd60
core   0: 0x80009d64 (0x2a3f2023) sw      gp, 672(t5)
core   0: 3 0x80009d64 (0x2a3f2023) mem 0x80010000 0x00000001
core   0: 0x80009d68 (0xff9ff06f) j       pc - 0x8
core   0: 3 0x80009d68 (0xff9ff06f)
core   0: 0x80009d60 (0x00006f17) auipc   t5, 0x6
core   0: 3 0x80009d60 (0x00006f17) x30 0x8000fd60
core   0: 0x80009d64 (0x2a3f2023) sw      gp, 672(t5)
core   0: 3 0x80009d64 (0x2a3f2023) mem 0x80010000 0x00000001
core   0: 0x80009d68 (0xff9ff06f) j       pc - 0x8
core   0: 3 0x80009d68 (0xff9ff06f)
core   0: 0x80009d60 (0x00006f17) auipc   t5, 0x6
core   0: 3 0x80009d60 (0x00006f17) x30 0x8000fd60
core   0: 0x80009d64 (0x2a3f2023) sw      gp, 672(t5)
core   0: 3 0x80009d64 (0x2a3f2023) mem 0x80010000 0x00000001
core   0: 0x80009d68 (0xff9ff06f) j       pc - 0x8
core   0: 3 0x80009d68 (0xff9ff06f)
core   0: 0x80009d60 (0x00006f17) auipc   t5, 0x6
core   0: 3 0x80009d60 (0x00006f17) x30 0x8000fd60
core   0: 0x80009d64 (0x2a3f2023) sw      gp, 672(t5)
core   0: 3 0x80009d64 (0x2a3f2023) mem 0x80010000 0x00000001
core   0: 0x80009d68 (0xff9ff06f) j       pc - 0x8
core   0: 3 0x80009d68 (0xff9ff06f)
core   0: 0x80009d60 (0x00006f17) auipc   t5, 0x6
core   0: 3 0x80009d60 (0x00006f17) x30 0x8000fd60
core   0: 0x80009d64 (0x2a3f2023) sw      gp, 672(t5)
core   0: 3 0x80009d64 (0x2a3f2023) mem 0x80010000 0x00000001
core   0: 0x80009d68 (0xff9ff06f) j       pc - 0x8
core   0: 3 0x80009d68 (0xff9ff06f)
core   0: 0x80009d60 (0x00006f17) auipc   t5, 0x6
core   0: 3 0x80009d60 (0x00006f17) x30 0x8000fd60
core   0: 0x80009d64 (0x2a3f2023) sw      gp, 672(t5)
core   0: 3 0x80009d64 (0x2a3f2023) mem 0x80010000 0x00000001
core   0: 0x80009d68 (0xff9ff06f) j       pc - 0x8
core   0: 3 0x80009d68 (0xff9ff06f)
core   0: 0x80009d60 (0x00006f17) auipc   t5, 0x6
core   0: 3 0x80009d60 (0x00006f17) x30 0x8000fd60
core   0: 0x80009d64 (0x2a3f2023) sw      gp, 672(t5)
core   0: 3 0x80009d64 (0x2a3f2023) mem 0x80010000 0x00000001
core   0: 0x80009d68 (0xff9ff06f) j       pc - 0x8
core   0: 3 0x80009d68 (0xff9ff06f)
core   0: 0x80009d60 (0x00006f17) auipc   t5, 0x6
core   0: 3 0x80009d60 (0x00006f17) x30 0x8000fd60
core   0: 0x80009d64 (0x2a3f2023) sw      gp, 672(t5)
core   0: 3 0x80009d64 (0x2a3f2023) mem 0x80010000 0x00000001
core   0: 0x80009d68 (0xff9ff06f) j       pc - 0x8
core   0: 3 0x80009d68 (0xff9ff06f)
core   0: 0x80009d60 (0x00006f17) auipc   t5, 0x6
core   0: 3 0x80009d60 (0x00006f17) x30 0x8000fd60
core   0: 0x80009d64 (0x2a3f2023) sw      gp, 672(t5)
core   0: 3 0x80009d64 (0x2a3f2023) mem 0x80010000 0x00000001
core   0: 0x80009d68 (0xff9ff06f) j       pc - 0x8
core   0: 3 0x80009d68 (0xff9ff06f)
core   0: 0x80009d60 (0x00006f17) auipc   t5, 0x6
core   0: 3 0x80009d60 (0x00006f17) x30 0x8000fd60
core   0: 0x80009d64 (0x2a3f2023) sw      gp, 672(t5)
core   0: 3 0x80009d64 (0x2a3f2023) mem 0x80010000 0x00000001
core   0: 0x80009d68 (0xff9ff06f) j       pc - 0x8
core   0: 3 0x80009d68 (0xff9ff06f)
core   0: 0x80009d60 (0x00006f17) auipc   t5, 0x6
core   0: 3 0x80009d60 (0x00006f17) x30 0x8000fd60
core   0: 0x80009d64 (0x2a3f2023) sw      gp, 672(t5)
core   0: 3 0x80009d64 (0x2a3f2023) mem 0x80010000 0x00000001
core   0: 0x80009d68 (0xff9ff06f) j       pc - 0x8
core   0: 3 0x80009d68 (0xff9ff06f)
core   0: 0x80009d60 (0x00006f17) auipc   t5, 0x6
core   0: 3 0x80009d60 (0x00006f17) x30 0x8000fd60
core   0: 0x80009d64 (0x2a3f2023) sw      gp, 672(t5)
core   0: 3 0x80009d64 (0x2a3f2023) mem 0x80010000 0x00000001
core   0: 0x80009d68 (0xff9ff06f) j       pc - 0x8
core   0: 3 0x80009d68 (0xff9ff06f)
core   0: 0x80009d60 (0x00006f17) auipc   t5, 0x6
core   0: 3 0x80009d60 (0x00006f17) x30 0x8000fd60
core   0: 0x80009d64 (0x2a3f2023) sw      gp, 672(t5)
core   0: 3 0x80009d64 (0x2a3f2023) mem 0x80010000 0x00000001
core   0: 0x80009d68 (0xff9ff06f) j       pc - 0x8
core   0: 3 0x80009d68 (0xff9ff06f)
core   0: 0x80009d60 (0x00006f17) auipc   t5, 0x6
core   0: 3 0x80009d60 (0x00006f17) x30 0x8000fd60
core   0: 0x80009d64 (0x2a3f2023) sw      gp, 672(t5)
core   0: 3 0x80009d64 (0x2a3f2023) mem 0x80010000 0x00000001
core   0: 0x80009d68 (0xff9ff06f) j       pc - 0x8
core   0: 3 0x80009d68 (0xff9ff06f)
core   0: 0x80009d60 (0x00006f17) auipc   t5, 0x6
core   0: 3 0x80009d60 (0x00006f17) x30 0x8000fd60
core   0: 0x80009d64 (0x2a3f2023) sw      gp, 672(t5)
core   0: 3 0x80009d64 (0x2a3f2023) mem 0x80010000 0x00000001
core   0: 0x80009d68 (0xff9ff06f) j       pc - 0x8
core   0: 3 0x80009d68 (0xff9ff06f)
core   0: 0x80009d60 (0x00006f17) auipc   t5, 0x6
core   0: 3 0x80009d60 (0x00006f17) x30 0x8000fd60
core   0: 0x80009d64 (0x2a3f2023) sw      gp, 672(t5)
core   0: 3 0x80009d64 (0x2a3f2023) mem 0x80010000 0x00000001
core   0: 0x80009d68 (0xff9ff06f) j       pc - 0x8
core   0: 3 0x80009d68 (0xff9ff06f)
core   0: 0x80009d60 (0x00006f17) auipc   t5, 0x6
core   0: 3 0x80009d60 (0x00006f17) x30 0x8000fd60
core   0: 0x80009d64 (0x2a3f2023) sw      gp, 672(t5)
core   0: 3 0x80009d64 (0x2a3f2023) mem 0x80010000 0x00000001
core   0: 0x80009d68 (0xff9ff06f) j       pc - 0x8
core   0: 3 0x80009d68 (0xff9ff06f)
core   0: 0x80009d60 (0x00006f17) auipc   t5, 0x6
core   0: 3 0x80009d60 (0x00006f17) x30 0x8000fd60
core   0: 0x80009d64 (0x2a3f2023) sw      gp, 672(t5)
core   0: 3 0x80009d64 (0x2a3f2023) mem 0x80010000 0x00000001
core   0: 0x80009d68 (0xff9ff06f) j       pc - 0x8
core   0: 3 0x80009d68 (0xff9ff06f)
core   0: 0x80009d60 (0x00006f17) auipc   t5, 0x6
core   0: 3 0x80009d60 (0x00006f17) x30 0x8000fd60
core   0: 0x80009d64 (0x2a3f2023) sw      gp, 672(t5)
core   0: 3 0x80009d64 (0x2a3f2023) mem 0x80010000 0x00000001
core   0: 0x80009d68 (0xff9ff06f) j       pc - 0x8
core   0: 3 0x80009d68 (0xff9ff06f)
core   0: 0x80009d60 (0x00006f17) auipc   t5, 0x6
core   0: 3 0x80009d60 (0x00006f17) x30 0x8000fd60
core   0: 0x80009d64 (0x2a3f2023) sw      gp, 672(t5)
core   0: 3 0x80009d64 (0x2a3f2023) mem 0x80010000 0x00000001
core   0: 0x80009d68 (0xff9ff06f) j       pc - 0x8
core   0: 3 0x80009d68 (0xff9ff06f)
core   0: 0x80009d60 (0x00006f17) auipc   t5, 0x6
core   0: 3 0x80009d60 (0x00006f17) x30 0x8000fd60
core   0: 0x80009d64 (0x2a3f2023) sw      gp, 672(t5)
core   0: 3 0x80009d64 (0x2a3f2023) mem 0x80010000 0x00000001
core   0: 0x80009d68 (0xff9ff06f) j       pc - 0x8
core   0: 3 0x80009d68 (0xff9ff06f)
core   0: 0x80009d60 (0x00006f17) auipc   t5, 0x6
core   0: 3 0x80009d60 (0x00006f17) x30 0x8000fd60
core   0: 0x80009d64 (0x2a3f2023) sw      gp, 672(t5)
core   0: 3 0x80009d64 (0x2a3f2023) mem 0x80010000 0x00000001
core   0: 0x80009d68 (0xff9ff06f) j       pc - 0x8
core   0: 3 0x80009d68 (0xff9ff06f)
core   0: 0x80009d60 (0x00006f17) auipc   t5, 0x6
core   0: 3 0x80009d60 (0x00006f17) x30 0x8000fd60
core   0: 0x80009d64 (0x2a3f2023) sw      gp, 672(t5)
core   0: 3 0x80009d64 (0x2a3f2023) mem 0x80010000 0x00000001
core   0: 0x80009d68 (0xff9ff06f) j       pc - 0x8
core   0: 3 0x80009d68 (0xff9ff06f)
core   0: 0x80009d60 (0x00006f17) auipc   t5, 0x6
core   0: 3 0x80009d60 (0x00006f17) x30 0x8000fd60
core   0: 0x80009d64 (0x2a3f2023) sw      gp, 672(t5)
core   0: 3 0x80009d64 (0x2a3f2023) mem 0x80010000 0x00000001
core   0: 0x80009d68 (0xff9ff06f) j       pc - 0x8
core   0: 3 0x80009d68 (0xff9ff06f)
core   0: 0x80009d60 (0x00006f17) auipc   t5, 0x6
core   0: 3 0x80009d60 (0x00006f17) x30 0x8000fd60
core   0: 0x80009d64 (0x2a3f2023) sw      gp, 672(t5)
core   0: 3 0x80009d64 (0x2a3f2023) mem 0x80010000 0x00000001
core   0: 0x80009d68 (0xff9ff06f) j       pc - 0x8
core   0: 3 0x80009d68 (0xff9ff06f)
core   0: 0x80009d60 (0x00006f17) auipc   t5, 0x6
core   0: 3 0x80009d60 (0x00006f17) x30 0x8000fd60
core   0: 0x80009d64 (0x2a3f2023) sw      gp, 672(t5)
core   0: 3 0x80009d64 (0x2a3f2023) mem 0x80010000 0x00000001
core   0: 0x80009d68 (0xff9ff06f) j       pc - 0x8
core   0: 3 0x80009d68 (0xff9ff06f)
core   0: 0x80009d60 (0x00006f17) auipc   t5, 0x6
core   0: 3 0x80009d60 (0x00006f17) x30 0x8000fd60
core   0: 0x80009d64 (0x2a3f2023) sw      gp, 672(t5)
core   0: 3 0x80009d64 (0x2a3f2023) mem 0x80010000 0x00000001
core   0: 0x80009d68 (0xff9ff06f) j       pc - 0x8
core   0: 3 0x80009d68 (0xff9ff06f)
core   0: 0x80009d60 (0x00006f17) auipc   t5, 0x6
core   0: 3 0x80009d60 (0x00006f17) x30 0x8000fd60
core   0: 0x80009d64 (0x2a3f2023) sw      gp, 672(t5)
core   0: 3 0x80009d64 (0x2a3f2023) mem 0x80010000 0x00000001
core   0: 0x80009d68 (0xff9ff06f) j       pc - 0x8
core   0: 3 0x80009d68 (0xff9ff06f)
core   0: 0x80009d60 (0x00006f17) auipc   t5, 0x6
core   0: 3 0x80009d60 (0x00006f17) x30 0x8000fd60
core   0: 0x80009d64 (0x2a3f2023) sw      gp, 672(t5)
core   0: 3 0x80009d64 (0x2a3f2023) mem 0x80010000 0x00000001
core   0: 0x80009d68 (0xff9ff06f) j       pc - 0x8
core   0: 3 0x80009d68 (0xff9ff06f)
core   0: 0x80009d60 (0x00006f17) auipc   t5, 0x6
core   0: 3 0x80009d60 (0x00006f17) x30 0x8000fd60
core   0: 0x80009d64 (0x2a3f2023) sw      gp, 672(t5)
core   0: 3 0x80009d64 (0x2a3f2023) mem 0x80010000 0x00000001
core   0: 0x80009d68 (0xff9ff06f) j       pc - 0x8
core   0: 3 0x80009d68 (0xff9ff06f)
core   0: 0x80009d60 (0x00006f17) auipc   t5, 0x6
core   0: 3 0x80009d60 (0x00006f17) x30 0x8000fd60
core   0: 0x80009d64 (0x2a3f2023) sw      gp, 672(t5)
core   0: 3 0x80009d64 (0x2a3f2023) mem 0x80010000 0x00000001
core   0: 0x80009d68 (0xff9ff06f) j       pc - 0x8
core   0: 3 0x80009d68 (0xff9ff06f)
core   0: 0x80009d60 (0x00006f17) auipc   t5, 0x6
core   0: 3 0x80009d60 (0x00006f17) x30 0x8000fd60
core   0: 0x80009d64 (0x2a3f2023) sw      gp, 672(t5)
core   0: 3 0x80009d64 (0x2a3f2023) mem 0x80010000 0x00000001
core   0: 0x80009d68 (0xff9ff06f) j       pc - 0x8
core   0: 3 0x80009d68 (0xff9ff06f)
core   0: 0x80009d60 (0x00006f17) auipc   t5, 0x6
core   0: 3 0x80009d60 (0x00006f17) x30 0x8000fd60
core   0: 0x80009d64 (0x2a3f2023) sw      gp, 672(t5)
core   0: 3 0x80009d64 (0x2a3f2023) mem 0x80010000 0x00000001
core   0: 0x80009d68 (0xff9ff06f) j       pc - 0x8
core   0: 3 0x80009d68 (0xff9ff06f)
core   0: 0x80009d60 (0x00006f17) auipc   t5, 0x6
core   0: 3 0x80009d60 (0x00006f17) x30 0x8000fd60
core   0: 0x80009d64 (0x2a3f2023) sw      gp, 672(t5)
core   0: 3 0x80009d64 (0x2a3f2023) mem 0x80010000 0x00000001
core   0: 0x80009d68 (0xff9ff06f) j       pc - 0x8
core   0: 3 0x80009d68 (0xff9ff06f)
core   0: 0x80009d60 (0x00006f17) auipc   t5, 0x6
core   0: 3 0x80009d60 (0x00006f17) x30 0x8000fd60
core   0: 0x80009d64 (0x2a3f2023) sw      gp, 672(t5)
core   0: 3 0x80009d64 (0x2a3f2023) mem 0x80010000 0x00000001
core   0: 0x80009d68 (0xff9ff06f) j       pc - 0x8
core   0: 3 0x80009d68 (0xff9ff06f)
core   0: 0x80009d60 (0x00006f17) auipc   t5, 0x6
core   0: 3 0x80009d60 (0x00006f17) x30 0x8000fd60
core   0: 0x80009d64 (0x2a3f2023) sw      gp, 672(t5)
core   0: 3 0x80009d64 (0x2a3f2023) mem 0x80010000 0x00000001
core   0: 0x80009d68 (0xff9ff06f) j       pc - 0x8
core   0: 3 0x80009d68 (0xff9ff06f)
core   0: 0x80009d60 (0x00006f17) auipc   t5, 0x6
core   0: 3 0x80009d60 (0x00006f17) x30 0x8000fd60
core   0: 0x80009d64 (0x2a3f2023) sw      gp, 672(t5)
core   0: 3 0x80009d64 (0x2a3f2023) mem 0x80010000 0x00000001
core   0: 0x80009d68 (0xff9ff06f) j       pc - 0x8
core   0: 3 0x80009d68 (0xff9ff06f)
core   0: 0x80009d60 (0x00006f17) auipc   t5, 0x6
core   0: 3 0x80009d60 (0x00006f17) x30 0x8000fd60
core   0: 0x80009d64 (0x2a3f2023) sw      gp, 672(t5)
core   0: 3 0x80009d64 (0x2a3f2023) mem 0x80010000 0x00000001
core   0: 0x80009d68 (0xff9ff06f) j       pc - 0x8
core   0: 3 0x80009d68 (0xff9ff06f)
core   0: 0x80009d60 (0x00006f17) auipc   t5, 0x6
core   0: 3 0x80009d60 (0x00006f17) x30 0x8000fd60
core   0: 0x80009d64 (0x2a3f2023) sw      gp, 672(t5)
core   0: 3 0x80009d64 (0x2a3f2023) mem 0x80010000 0x00000001
core   0: 0x80009d68 (0xff9ff06f) j       pc - 0x8
core   0: 3 0x80009d68 (0xff9ff06f)
core   0: 0x80009d60 (0x00006f17) auipc   t5, 0x6
core   0: 3 0x80009d60 (0x00006f17) x30 0x8000fd60
core   0: 0x80009d64 (0x2a3f2023) sw      gp, 672(t5)
core   0: 3 0x80009d64 (0x2a3f2023) mem 0x80010000 0x00000001
core   0: 0x80009d68 (0xff9ff06f) j       pc - 0x8
core   0: 3 0x80009d68 (0xff9ff06f)
core   0: 0x80009d60 (0x00006f17) auipc   t5, 0x6
core   0: 3 0x80009d60 (0x00006f17) x30 0x8000fd60
core   0: 0x80009d64 (0x2a3f2023) sw      gp, 672(t5)
core   0: 3 0x80009d64 (0x2a3f2023) mem 0x80010000 0x00000001
core   0: 0x80009d68 (0xff9ff06f) j       pc - 0x8
core   0: 3 0x80009d68 (0xff9ff06f)
core   0: 0x80009d60 (0x00006f17) auipc   t5, 0x6
core   0: 3 0x80009d60 (0x00006f17) x30 0x8000fd60
core   0: 0x80009d64 (0x2a3f2023) sw      gp, 672(t5)
core   0: 3 0x80009d64 (0x2a3f2023) mem 0x80010000 0x00000001
core   0: 0x80009d68 (0xff9ff06f) j       pc - 0x8
core   0: 3 0x80009d68 (0xff9ff06f)
core   0: 0x80009d60 (0x00006f17) auipc   t5, 0x6
core   0: 3 0x80009d60 (0x00006f17) x30 0x8000fd60
core   0: 0x80009d64 (0x2a3f2023) sw      gp, 672(t5)
core   0: 3 0x80009d64 (0x2a3f2023) mem 0x80010000 0x00000001
core   0: 0x80009d68 (0xff9ff06f) j       pc - 0x8
core   0: 3 0x80009d68 (0xff9ff06f)
core   0: 0x80009d60 (0x00006f17) auipc   t5, 0x6
core   0: 3 0x80009d60 (0x00006f17) x30 0x8000fd60
core   0: 0x80009d64 (0x2a3f2023) sw      gp, 672(t5)
core   0: 3 0x80009d64 (0x2a3f2023) mem 0x80010000 0x00000001
core   0: 0x80009d68 (0xff9ff06f) j       pc - 0x8
core   0: 3 0x80009d68 (0xff9ff06f)
core   0: 0x80009d60 (0x00006f17) auipc   t5, 0x6
core   0: 3 0x80009d60 (0x00006f17) x30 0x8000fd60
core   0: 0x80009d64 (0x2a3f2023) sw      gp, 672(t5)
core   0: 3 0x80009d64 (0x2a3f2023) mem 0x80010000 0x00000001
core   0: 0x80009d68 (0xff9ff06f) j       pc - 0x8
core   0: 3 0x80009d68 (0xff9ff06f)
core   0: 0x80009d60 (0x00006f17) auipc   t5, 0x6
core   0: 3 0x80009d60 (0x00006f17) x30 0x8000fd60
core   0: 0x80009d64 (0x2a3f2023) sw      gp, 672(t5)
core   0: 3 0x80009d64 (0x2a3f2023) mem 0x80010000 0x00000001
core   0: 0x80009d68 (0xff9ff06f) j       pc - 0x8
core   0: 3 0x80009d68 (0xff9ff06f)
core   0: 0x80009d60 (0x00006f17) auipc   t5, 0x6
core   0: 3 0x80009d60 (0x00006f17) x30 0x8000fd60
core   0: 0x80009d64 (0x2a3f2023) sw      gp, 672(t5)
core   0: 3 0x80009d64 (0x2a3f2023) mem 0x80010000 0x00000001
core   0: 0x80009d68 (0xff9ff06f) j       pc - 0x8
core   0: 3 0x80009d68 (0xff9ff06f)
core   0: 0x80009d60 (0x00006f17) auipc   t5, 0x6
core   0: 3 0x80009d60 (0x00006f17) x30 0x8000fd60
core   0: 0x80009d64 (0x2a3f2023) sw      gp, 672(t5)
core   0: 3 0x80009d64 (0x2a3f2023) mem 0x80010000 0x00000001
core   0: 0x80009d68 (0xff9ff06f) j       pc - 0x8
core   0: 3 0x80009d68 (0xff9ff06f)
core   0: 0x80009d60 (0x00006f17) auipc   t5, 0x6
core   0: 3 0x80009d60 (0x00006f17) x30 0x8000fd60
core   0: 0x80009d64 (0x2a3f2023) sw      gp, 672(t5)
core   0: 3 0x80009d64 (0x2a3f2023) mem 0x80010000 0x00000001
core   0: 0x80009d68 (0xff9ff06f) j       pc - 0x8
core   0: 3 0x80009d68 (0xff9ff06f)
core   0: 0x80009d60 (0x00006f17) auipc   t5, 0x6
core   0: 3 0x80009d60 (0x00006f17) x30 0x8000fd60
core   0: 0x80009d64 (0x2a3f2023) sw      gp, 672(t5)
core   0: 3 0x80009d64 (0x2a3f2023) mem 0x80010000 0x00000001
core   0: 0x80009d68 (0xff9ff06f) j       pc - 0x8
core   0: 3 0x80009d68 (0xff9ff06f)
core   0: 0x80009d60 (0x00006f17) auipc   t5, 0x6
core   0: 3 0x80009d60 (0x00006f17) x30 0x8000fd60
core   0: 0x80009d64 (0x2a3f2023) sw      gp, 672(t5)
core   0: 3 0x80009d64 (0x2a3f2023) mem 0x80010000 0x00000001
core   0: 0x80009d68 (0xff9ff06f) j       pc - 0x8
core   0: 3 0x80009d68 (0xff9ff06f)
core   0: 0x80009d60 (0x00006f17) auipc   t5, 0x6
core   0: 3 0x80009d60 (0x00006f17) x30 0x8000fd60
core   0: 0x80009d64 (0x2a3f2023) sw      gp, 672(t5)
core   0: 3 0x80009d64 (0x2a3f2023) mem 0x80010000 0x00000001
core   0: 0x80009d68 (0xff9ff06f) j       pc - 0x8
core   0: 3 0x80009d68 (0xff9ff06f)
core   0: 0x80009d60 (0x00006f17) auipc   t5, 0x6
core   0: 3 0x80009d60 (0x00006f17) x30 0x8000fd60
core   0: 0x80009d64 (0x2a3f2023) sw      gp, 672(t5)
core   0: 3 0x80009d64 (0x2a3f2023) mem 0x80010000 0x00000001
core   0: 0x80009d68 (0xff9ff06f) j       pc - 0x8
core   0: 3 0x80009d68 (0xff9ff06f)
core   0: 0x80009d60 (0x00006f17) auipc   t5, 0x6
core   0: 3 0x80009d60 (0x00006f17) x30 0x8000fd60
core   0: 0x80009d64 (0x2a3f2023) sw      gp, 672(t5)
core   0: 3 0x80009d64 (0x2a3f2023) mem 0x80010000 0x00000001
core   0: 0x80009d68 (0xff9ff06f) j       pc - 0x8
core   0: 3 0x80009d68 (0xff9ff06f)
core   0: 0x80009d60 (0x00006f17) auipc   t5, 0x6
core   0: 3 0x80009d60 (0x00006f17) x30 0x8000fd60
core   0: 0x80009d64 (0x2a3f2023) sw      gp, 672(t5)
core   0: 3 0x80009d64 (0x2a3f2023) mem 0x80010000 0x00000001
core   0: 0x80009d68 (0xff9ff06f) j       pc - 0x8
core   0: 3 0x80009d68 (0xff9ff06f)
core   0: 0x80009d60 (0x00006f17) auipc   t5, 0x6
core   0: 3 0x80009d60 (0x00006f17) x30 0x8000fd60
core   0: 0x80009d64 (0x2a3f2023) sw      gp, 672(t5)
core   0: 3 0x80009d64 (0x2a3f2023) mem 0x80010000 0x00000001
core   0: 0x80009d68 (0xff9ff06f) j       pc - 0x8
core   0: 3 0x80009d68 (0xff9ff06f)
core   0: 0x80009d60 (0x00006f17) auipc   t5, 0x6
core   0: 3 0x80009d60 (0x00006f17) x30 0x8000fd60
core   0: 0x80009d64 (0x2a3f2023) sw      gp, 672(t5)
core   0: 3 0x80009d64 (0x2a3f2023) mem 0x80010000 0x00000001
core   0: 0x80009d68 (0xff9ff06f) j       pc - 0x8
core   0: 3 0x80009d68 (0xff9ff06f)
core   0: 0x80009d60 (0x00006f17) auipc   t5, 0x6
core   0: 3 0x80009d60 (0x00006f17) x30 0x8000fd60
core   0: 0x80009d64 (0x2a3f2023) sw      gp, 672(t5)
core   0: 3 0x80009d64 (0x2a3f2023) mem 0x80010000 0x00000001
core   0: 0x80009d68 (0xff9ff06f) j       pc - 0x8
core   0: 3 0x80009d68 (0xff9ff06f)
core   0: 0x80009d60 (0x00006f17) auipc   t5, 0x6
core   0: 3 0x80009d60 (0x00006f17) x30 0x8000fd60
core   0: 0x80009d64 (0x2a3f2023) sw      gp, 672(t5)
core   0: 3 0x80009d64 (0x2a3f2023) mem 0x80010000 0x00000001
core   0: 0x80009d68 (0xff9ff06f) j       pc - 0x8
core   0: 3 0x80009d68 (0xff9ff06f)
core   0: 0x80009d60 (0x00006f17) auipc   t5, 0x6
core   0: 3 0x80009d60 (0x00006f17) x30 0x8000fd60
core   0: 0x80009d64 (0x2a3f2023) sw      gp, 672(t5)
core   0: 3 0x80009d64 (0x2a3f2023) mem 0x80010000 0x00000001
core   0: 0x80009d68 (0xff9ff06f) j       pc - 0x8
core   0: 3 0x80009d68 (0xff9ff06f)
core   0: 0x80009d60 (0x00006f17) auipc   t5, 0x6
core   0: 3 0x80009d60 (0x00006f17) x30 0x8000fd60
core   0: 0x80009d64 (0x2a3f2023) sw      gp, 672(t5)
core   0: 3 0x80009d64 (0x2a3f2023) mem 0x80010000 0x00000001
core   0: 0x80009d68 (0xff9ff06f) j       pc - 0x8
core   0: 3 0x80009d68 (0xff9ff06f)
core   0: 0x80009d60 (0x00006f17) auipc   t5, 0x6
core   0: 3 0x80009d60 (0x00006f17) x30 0x8000fd60
core   0: 0x80009d64 (0x2a3f2023) sw      gp, 672(t5)
core   0: 3 0x80009d64 (0x2a3f2023) mem 0x80010000 0x00000001
core   0: 0x80009d68 (0xff9ff06f) j       pc - 0x8
core   0: 3 0x80009d68 (0xff9ff06f)
core   0: 0x80009d60 (0x00006f17) auipc   t5, 0x6
core   0: 3 0x80009d60 (0x00006f17) x30 0x8000fd60
core   0: 0x80009d64 (0x2a3f2023) sw      gp, 672(t5)
core   0: 3 0x80009d64 (0x2a3f2023) mem 0x80010000 0x00000001
core   0: 0x80009d68 (0xff9ff06f) j       pc - 0x8
core   0: 3 0x80009d68 (0xff9ff06f)
core   0: 0x80009d60 (0x00006f17) auipc   t5, 0x6
core   0: 3 0x80009d60 (0x00006f17) x30 0x8000fd60
core   0: 0x80009d64 (0x2a3f2023) sw      gp, 672(t5)
core   0: 3 0x80009d64 (0x2a3f2023) mem 0x80010000 0x00000001
core   0: 0x80009d68 (0xff9ff06f) j       pc - 0x8
core   0: 3 0x80009d68 (0xff9ff06f)
core   0: 0x80009d60 (0x00006f17) auipc   t5, 0x6
core   0: 3 0x80009d60 (0x00006f17) x30 0x8000fd60
core   0: 0x80009d64 (0x2a3f2023) sw      gp, 672(t5)
core   0: 3 0x80009d64 (0x2a3f2023) mem 0x80010000 0x00000001
core   0: 0x80009d68 (0xff9ff06f) j       pc - 0x8
core   0: 3 0x80009d68 (0xff9ff06f)
core   0: 0x80009d60 (0x00006f17) auipc   t5, 0x6
core   0: 3 0x80009d60 (0x00006f17) x30 0x8000fd60
core   0: 0x80009d64 (0x2a3f2023) sw      gp, 672(t5)
core   0: 3 0x80009d64 (0x2a3f2023) mem 0x80010000 0x00000001
core   0: 0x80009d68 (0xff9ff06f) j       pc - 0x8
core   0: 3 0x80009d68 (0xff9ff06f)
core   0: 0x80009d60 (0x00006f17) auipc   t5, 0x6
core   0: 3 0x80009d60 (0x00006f17) x30 0x8000fd60
core   0: 0x80009d64 (0x2a3f2023) sw      gp, 672(t5)
core   0: 3 0x80009d64 (0x2a3f2023) mem 0x80010000 0x00000001
core   0: 0x80009d68 (0xff9ff06f) j       pc - 0x8
core   0: 3 0x80009d68 (0xff9ff06f)
core   0: 0x80009d60 (0x00006f17) auipc   t5, 0x6
core   0: 3 0x80009d60 (0x00006f17) x30 0x8000fd60
core   0: 0x80009d64 (0x2a3f2023) sw      gp, 672(t5)
core   0: 3 0x80009d64 (0x2a3f2023) mem 0x80010000 0x00000001
core   0: 0x80009d68 (0xff9ff06f) j       pc - 0x8
core   0: 3 0x80009d68 (0xff9ff06f)
core   0: 0x80009d60 (0x00006f17) auipc   t5, 0x6
core   0: 3 0x80009d60 (0x00006f17) x30 0x8000fd60
core   0: 0x80009d64 (0x2a3f2023) sw      gp, 672(t5)
core   0: 3 0x80009d64 (0x2a3f2023) mem 0x80010000 0x00000001
core   0: 0x80009d68 (0xff9ff06f) j       pc - 0x8
core   0: 3 0x80009d68 (0xff9ff06f)
core   0: 0x80009d60 (0x00006f17) auipc   t5, 0x6
core   0: 3 0x80009d60 (0x00006f17) x30 0x8000fd60
core   0: 0x80009d64 (0x2a3f2023) sw      gp, 672(t5)
core   0: 3 0x80009d64 (0x2a3f2023) mem 0x80010000 0x00000001
core   0: 0x80009d68 (0xff9ff06f) j       pc - 0x8
core   0: 3 0x80009d68 (0xff9ff06f)
core   0: 0x80009d60 (0x00006f17) auipc   t5, 0x6
core   0: 3 0x80009d60 (0x00006f17) x30 0x8000fd60
core   0: 0x80009d64 (0x2a3f2023) sw      gp, 672(t5)
core   0: 3 0x80009d64 (0x2a3f2023) mem 0x80010000 0x00000001
core   0: 0x80009d68 (0xff9ff06f) j       pc - 0x8
core   0: 3 0x80009d68 (0xff9ff06f)
core   0: 0x80009d60 (0x00006f17) auipc   t5, 0x6
core   0: 3 0x80009d60 (0x00006f17) x30 0x8000fd60
core   0: 0x80009d64 (0x2a3f2023) sw      gp, 672(t5)
core   0: 3 0x80009d64 (0x2a3f2023) mem 0x80010000 0x00000001
core   0: 0x80009d68 (0xff9ff06f) j       pc - 0x8
core   0: 3 0x80009d68 (0xff9ff06f)
core   0: 0x80009d60 (0x00006f17) auipc   t5, 0x6
core   0: 3 0x80009d60 (0x00006f17) x30 0x8000fd60
core   0: 0x80009d64 (0x2a3f2023) sw      gp, 672(t5)
core   0: 3 0x80009d64 (0x2a3f2023) mem 0x80010000 0x00000001
core   0: 0x80009d68 (0xff9ff06f) j       pc - 0x8
core   0: 3 0x80009d68 (0xff9ff06f)
core   0: 0x80009d60 (0x00006f17) auipc   t5, 0x6
core   0: 3 0x80009d60 (0x00006f17) x30 0x8000fd60
core   0: 0x80009d64 (0x2a3f2023) sw      gp, 672(t5)
core   0: 3 0x80009d64 (0x2a3f2023) mem 0x80010000 0x00000001
core   0: 0x80009d68 (0xff9ff06f) j       pc - 0x8
core   0: 3 0x80009d68 (0xff9ff06f)
core   0: 0x80009d60 (0x00006f17) auipc   t5, 0x6
core   0: 3 0x80009d60 (0x00006f17) x30 0x8000fd60
core   0: 0x80009d64 (0x2a3f2023) sw      gp, 672(t5)
core   0: 3 0x80009d64 (0x2a3f2023) mem 0x80010000 0x00000001
core   0: 0x80009d68 (0xff9ff06f) j       pc - 0x8
core   0: 3 0x80009d68 (0xff9ff06f)
core   0: 0x80009d60 (0x00006f17) auipc   t5, 0x6
core   0: 3 0x80009d60 (0x00006f17) x30 0x8000fd60
core   0: 0x80009d64 (0x2a3f2023) sw      gp, 672(t5)
core   0: 3 0x80009d64 (0x2a3f2023) mem 0x80010000 0x00000001
core   0: 0x80009d68 (0xff9ff06f) j       pc - 0x8
core   0: 3 0x80009d68 (0xff9ff06f)
core   0: 0x80009d60 (0x00006f17) auipc   t5, 0x6
core   0: 3 0x80009d60 (0x00006f17) x30 0x8000fd60
core   0: 0x80009d64 (0x2a3f2023) sw      gp, 672(t5)
core   0: 3 0x80009d64 (0x2a3f2023) mem 0x80010000 0x00000001
core   0: 0x80009d68 (0xff9ff06f) j       pc - 0x8
core   0: 3 0x80009d68 (0xff9ff06f)
core   0: 0x80009d60 (0x00006f17) auipc   t5, 0x6
core   0: 3 0x80009d60 (0x00006f17) x30 0x8000fd60
core   0: 0x80009d64 (0x2a3f2023) sw      gp, 672(t5)
core   0: 3 0x80009d64 (0x2a3f2023) mem 0x80010000 0x00000001
core   0: 0x80009d68 (0xff9ff06f) j       pc - 0x8
core   0: 3 0x80009d68 (0xff9ff06f)
core   0: 0x80009d60 (0x00006f17) auipc   t5, 0x6
core   0: 3 0x80009d60 (0x00006f17) x30 0x8000fd60
core   0: 0x80009d64 (0x2a3f2023) sw      gp, 672(t5)
core   0: 3 0x80009d64 (0x2a3f2023) mem 0x80010000 0x00000001
core   0: 0x80009d68 (0xff9ff06f) j       pc - 0x8
core   0: 3 0x80009d68 (0xff9ff06f)
core   0: 0x80009d60 (0x00006f17) auipc   t5, 0x6
core   0: 3 0x80009d60 (0x00006f17) x30 0x8000fd60
core   0: 0x80009d64 (0x2a3f2023) sw      gp, 672(t5)
core   0: 3 0x80009d64 (0x2a3f2023) mem 0x80010000 0x00000001
core   0: 0x80009d68 (0xff9ff06f) j       pc - 0x8
core   0: 3 0x80009d68 (0xff9ff06f)
core   0: 0x80009d60 (0x00006f17) auipc   t5, 0x6
core   0: 3 0x80009d60 (0x00006f17) x30 0x8000fd60
core   0: 0x80009d64 (0x2a3f2023) sw      gp, 672(t5)
core   0: 3 0x80009d64 (0x2a3f2023) mem 0x80010000 0x00000001
core   0: 0x80009d68 (0xff9ff06f) j       pc - 0x8
core   0: 3 0x80009d68 (0xff9ff06f)
core   0: 0x80009d60 (0x00006f17) auipc   t5, 0x6
core   0: 3 0x80009d60 (0x00006f17) x30 0x8000fd60
core   0: 0x80009d64 (0x2a3f2023) sw      gp, 672(t5)
core   0: 3 0x80009d64 (0x2a3f2023) mem 0x80010000 0x00000001
core   0: 0x80009d68 (0xff9ff06f) j       pc - 0x8
core   0: 3 0x80009d68 (0xff9ff06f)
core   0: 0x80009d60 (0x00006f17) auipc   t5, 0x6
core   0: 3 0x80009d60 (0x00006f17) x30 0x8000fd60
core   0: 0x80009d64 (0x2a3f2023) sw      gp, 672(t5)
core   0: 3 0x80009d64 (0x2a3f2023) mem 0x80010000 0x00000001
core   0: 0x80009d68 (0xff9ff06f) j       pc - 0x8
core   0: 3 0x80009d68 (0xff9ff06f)
core   0: 0x80009d60 (0x00006f17) auipc   t5, 0x6
core   0: 3 0x80009d60 (0x00006f17) x30 0x8000fd60
core   0: 0x80009d64 (0x2a3f2023) sw      gp, 672(t5)
core   0: 3 0x80009d64 (0x2a3f2023) mem 0x80010000 0x00000001
core   0: 0x80009d68 (0xff9ff06f) j       pc - 0x8
core   0: 3 0x80009d68 (0xff9ff06f)
core   0: 0x80009d60 (0x00006f17) auipc   t5, 0x6
core   0: 3 0x80009d60 (0x00006f17) x30 0x8000fd60
core   0: 0x80009d64 (0x2a3f2023) sw      gp, 672(t5)
core   0: 3 0x80009d64 (0x2a3f2023) mem 0x80010000 0x00000001
core   0: 0x80009d68 (0xff9ff06f) j       pc - 0x8
core   0: 3 0x80009d68 (0xff9ff06f)
core   0: 0x80009d60 (0x00006f17) auipc   t5, 0x6
core   0: 3 0x80009d60 (0x00006f17) x30 0x8000fd60
core   0: 0x80009d64 (0x2a3f2023) sw      gp, 672(t5)
core   0: 3 0x80009d64 (0x2a3f2023) mem 0x80010000 0x00000001
core   0: 0x80009d68 (0xff9ff06f) j       pc - 0x8
core   0: 3 0x80009d68 (0xff9ff06f)
core   0: 0x80009d60 (0x00006f17) auipc   t5, 0x6
core   0: 3 0x80009d60 (0x00006f17) x30 0x8000fd60
core   0: 0x80009d64 (0x2a3f2023) sw      gp, 672(t5)
core   0: 3 0x80009d64 (0x2a3f2023) mem 0x80010000 0x00000001
core   0: 0x80009d68 (0xff9ff06f) j       pc - 0x8
core   0: 3 0x80009d68 (0xff9ff06f)
core   0: 0x80009d60 (0x00006f17) auipc   t5, 0x6
core   0: 3 0x80009d60 (0x00006f17) x30 0x8000fd60
core   0: 0x80009d64 (0x2a3f2023) sw      gp, 672(t5)
core   0: 3 0x80009d64 (0x2a3f2023) mem 0x80010000 0x00000001
core   0: 0x80009d68 (0xff9ff06f) j       pc - 0x8
core   0: 3 0x80009d68 (0xff9ff06f)
core   0: 0x80009d60 (0x00006f17) auipc   t5, 0x6
core   0: 3 0x80009d60 (0x00006f17) x30 0x8000fd60
core   0: 0x80009d64 (0x2a3f2023) sw      gp, 672(t5)
core   0: 3 0x80009d64 (0x2a3f2023) mem 0x80010000 0x00000001
core   0: 0x80009d68 (0xff9ff06f) j       pc - 0x8
core   0: 3 0x80009d68 (0xff9ff06f)
core   0: 0x80009d60 (0x00006f17) auipc   t5, 0x6
core   0: 3 0x80009d60 (0x00006f17) x30 0x8000fd60
core   0: 0x80009d64 (0x2a3f2023) sw      gp, 672(t5)
core   0: 3 0x80009d64 (0x2a3f2023) mem 0x80010000 0x00000001
core   0: 0x80009d68 (0xff9ff06f) j       pc - 0x8
core   0: 3 0x80009d68 (0xff9ff06f)
core   0: 0x80009d60 (0x00006f17) auipc   t5, 0x6
core   0: 3 0x80009d60 (0x00006f17) x30 0x8000fd60
core   0: 0x80009d64 (0x2a3f2023) sw      gp, 672(t5)
core   0: 3 0x80009d64 (0x2a3f2023) mem 0x80010000 0x00000001
core   0: 0x80009d68 (0xff9ff06f) j       pc - 0x8
core   0: 3 0x80009d68 (0xff9ff06f)
core   0: 0x80009d60 (0x00006f17) auipc   t5, 0x6
core   0: 3 0x80009d60 (0x00006f17) x30 0x8000fd60
core   0: 0x80009d64 (0x2a3f2023) sw      gp, 672(t5)
core   0: 3 0x80009d64 (0x2a3f2023) mem 0x80010000 0x00000001
core   0: 0x80009d68 (0xff9ff06f) j       pc - 0x8
core   0: 3 0x80009d68 (0xff9ff06f)
core   0: 0x80009d60 (0x00006f17) auipc   t5, 0x6
core   0: 3 0x80009d60 (0x00006f17) x30 0x8000fd60
core   0: 0x80009d64 (0x2a3f2023) sw      gp, 672(t5)
core   0: 3 0x80009d64 (0x2a3f2023) mem 0x80010000 0x00000001
core   0: 0x80009d68 (0xff9ff06f) j       pc - 0x8
core   0: 3 0x80009d68 (0xff9ff06f)
core   0: 0x80009d60 (0x00006f17) auipc   t5, 0x6
core   0: 3 0x80009d60 (0x00006f17) x30 0x8000fd60
core   0: 0x80009d64 (0x2a3f2023) sw      gp, 672(t5)
core   0: 3 0x80009d64 (0x2a3f2023) mem 0x80010000 0x00000001
core   0: 0x80009d68 (0xff9ff06f) j       pc - 0x8
core   0: 3 0x80009d68 (0xff9ff06f)
core   0: 0x80009d60 (0x00006f17) auipc   t5, 0x6
core   0: 3 0x80009d60 (0x00006f17) x30 0x8000fd60
core   0: 0x80009d64 (0x2a3f2023) sw      gp, 672(t5)
core   0: 3 0x80009d64 (0x2a3f2023) mem 0x80010000 0x00000001
core   0: 0x80009d68 (0xff9ff06f) j       pc - 0x8
core   0: 3 0x80009d68 (0xff9ff06f)
core   0: 0x80009d60 (0x00006f17) auipc   t5, 0x6
core   0: 3 0x80009d60 (0x00006f17) x30 0x8000fd60
core   0: 0x80009d64 (0x2a3f2023) sw      gp, 672(t5)
core   0: 3 0x80009d64 (0x2a3f2023) mem 0x80010000 0x00000001
core   0: 0x80009d68 (0xff9ff06f) j       pc - 0x8
core   0: 3 0x80009d68 (0xff9ff06f)
core   0: 0x80009d60 (0x00006f17) auipc   t5, 0x6
core   0: 3 0x80009d60 (0x00006f17) x30 0x8000fd60
core   0: 0x80009d64 (0x2a3f2023) sw      gp, 672(t5)
core   0: 3 0x80009d64 (0x2a3f2023) mem 0x80010000 0x00000001
core   0: 0x80009d68 (0xff9ff06f) j       pc - 0x8
core   0: 3 0x80009d68 (0xff9ff06f)
core   0: 0x80009d60 (0x00006f17) auipc   t5, 0x6
core   0: 3 0x80009d60 (0x00006f17) x30 0x8000fd60
core   0: 0x80009d64 (0x2a3f2023) sw      gp, 672(t5)
core   0: 3 0x80009d64 (0x2a3f2023) mem 0x80010000 0x00000001
core   0: 0x80009d68 (0xff9ff06f) j       pc - 0x8
core   0: 3 0x80009d68 (0xff9ff06f)
core   0: 0x80009d60 (0x00006f17) auipc   t5, 0x6
core   0: 3 0x80009d60 (0x00006f17) x30 0x8000fd60
core   0: 0x80009d64 (0x2a3f2023) sw      gp, 672(t5)
core   0: 3 0x80009d64 (0x2a3f2023) mem 0x80010000 0x00000001
core   0: 0x80009d68 (0xff9ff06f) j       pc - 0x8
core   0: 3 0x80009d68 (0xff9ff06f)
core   0: 0x80009d60 (0x00006f17) auipc   t5, 0x6
core   0: 3 0x80009d60 (0x00006f17) x30 0x8000fd60
core   0: 0x80009d64 (0x2a3f2023) sw      gp, 672(t5)
core   0: 3 0x80009d64 (0x2a3f2023) mem 0x80010000 0x00000001
core   0: 0x80009d68 (0xff9ff06f) j       pc - 0x8
core   0: 3 0x80009d68 (0xff9ff06f)
core   0: 0x80009d60 (0x00006f17) auipc   t5, 0x6
core   0: 3 0x80009d60 (0x00006f17) x30 0x8000fd60
core   0: 0x80009d64 (0x2a3f2023) sw      gp, 672(t5)
core   0: 3 0x80009d64 (0x2a3f2023) mem 0x80010000 0x00000001
core   0: 0x80009d68 (0xff9ff06f) j       pc - 0x8
core   0: 3 0x80009d68 (0xff9ff06f)
core   0: 0x80009d60 (0x00006f17) auipc   t5, 0x6
core   0: 3 0x80009d60 (0x00006f17) x30 0x8000fd60
core   0: 0x80009d64 (0x2a3f2023) sw      gp, 672(t5)
core   0: 3 0x80009d64 (0x2a3f2023) mem 0x80010000 0x00000001
core   0: 0x80009d68 (0xff9ff06f) j       pc - 0x8
core   0: 3 0x80009d68 (0xff9ff06f)
core   0: 0x80009d60 (0x00006f17) auipc   t5, 0x6
core   0: 3 0x80009d60 (0x00006f17) x30 0x8000fd60
core   0: 0x80009d64 (0x2a3f2023) sw      gp, 672(t5)
core   0: 3 0x80009d64 (0x2a3f2023) mem 0x80010000 0x00000001
core   0: 0x80009d68 (0xff9ff06f) j       pc - 0x8
core   0: 3 0x80009d68 (0xff9ff06f)
core   0: 0x80009d60 (0x00006f17) auipc   t5, 0x6
core   0: 3 0x80009d60 (0x00006f17) x30 0x8000fd60
core   0: 0x80009d64 (0x2a3f2023) sw      gp, 672(t5)
core   0: 3 0x80009d64 (0x2a3f2023) mem 0x80010000 0x00000001
core   0: 0x80009d68 (0xff9ff06f) j       pc - 0x8
core   0: 3 0x80009d68 (0xff9ff06f)
core   0: 0x80009d60 (0x00006f17) auipc   t5, 0x6
core   0: 3 0x80009d60 (0x00006f17) x30 0x8000fd60
core   0: 0x80009d64 (0x2a3f2023) sw      gp, 672(t5)
core   0: 3 0x80009d64 (0x2a3f2023) mem 0x80010000 0x00000001
core   0: 0x80009d68 (0xff9ff06f) j       pc - 0x8
core   0: 3 0x80009d68 (0xff9ff06f)
core   0: 0x80009d60 (0x00006f17) auipc   t5, 0x6
core   0: 3 0x80009d60 (0x00006f17) x30 0x8000fd60
core   0: 0x80009d64 (0x2a3f2023) sw      gp, 672(t5)
core   0: 3 0x80009d64 (0x2a3f2023) mem 0x80010000 0x00000001
core   0: 0x80009d68 (0xff9ff06f) j       pc - 0x8
core   0: 3 0x80009d68 (0xff9ff06f)
core   0: 0x80009d60 (0x00006f17) auipc   t5, 0x6
core   0: 3 0x80009d60 (0x00006f17) x30 0x8000fd60
core   0: 0x80009d64 (0x2a3f2023) sw      gp, 672(t5)
core   0: 3 0x80009d64 (0x2a3f2023) mem 0x80010000 0x00000001
core   0: 0x80009d68 (0xff9ff06f) j       pc - 0x8
core   0: 3 0x80009d68 (0xff9ff06f)
core   0: 0x80009d60 (0x00006f17) auipc   t5, 0x6
core   0: 3 0x80009d60 (0x00006f17) x30 0x8000fd60
core   0: 0x80009d64 (0x2a3f2023) sw      gp, 672(t5)
core   0: 3 0x80009d64 (0x2a3f2023) mem 0x80010000 0x00000001
core   0: 0x80009d68 (0xff9ff06f) j       pc - 0x8
core   0: 3 0x80009d68 (0xff9ff06f)
core   0: 0x80009d60 (0x00006f17) auipc   t5, 0x6
core   0: 3 0x80009d60 (0x00006f17) x30 0x8000fd60
core   0: 0x80009d64 (0x2a3f2023) sw      gp, 672(t5)
core   0: 3 0x80009d64 (0x2a3f2023) mem 0x80010000 0x00000001
core   0: 0x80009d68 (0xff9ff06f) j       pc - 0x8
core   0: 3 0x80009d68 (0xff9ff06f)
core   0: 0x80009d60 (0x00006f17) auipc   t5, 0x6
core   0: 3 0x80009d60 (0x00006f17) x30 0x8000fd60
core   0: 0x80009d64 (0x2a3f2023) sw      gp, 672(t5)
core   0: 3 0x80009d64 (0x2a3f2023) mem 0x80010000 0x00000001
core   0: 0x80009d68 (0xff9ff06f) j       pc - 0x8
core   0: 3 0x80009d68 (0xff9ff06f)
core   0: 0x80009d60 (0x00006f17) auipc   t5, 0x6
core   0: 3 0x80009d60 (0x00006f17) x30 0x8000fd60
core   0: 0x80009d64 (0x2a3f2023) sw      gp, 672(t5)
core   0: 3 0x80009d64 (0x2a3f2023) mem 0x80010000 0x00000001
core   0: 0x80009d68 (0xff9ff06f) j       pc - 0x8
core   0: 3 0x80009d68 (0xff9ff06f)
core   0: 0x80009d60 (0x00006f17) auipc   t5, 0x6
core   0: 3 0x80009d60 (0x00006f17) x30 0x8000fd60
core   0: 0x80009d64 (0x2a3f2023) sw      gp, 672(t5)
core   0: 3 0x80009d64 (0x2a3f2023) mem 0x80010000 0x00000001
core   0: 0x80009d68 (0xff9ff06f) j       pc - 0x8
core   0: 3 0x80009d68 (0xff9ff06f)
core   0: 0x80009d60 (0x00006f17) auipc   t5, 0x6
core   0: 3 0x80009d60 (0x00006f17) x30 0x8000fd60
core   0: 0x80009d64 (0x2a3f2023) sw      gp, 672(t5)
core   0: 3 0x80009d64 (0x2a3f2023) mem 0x80010000 0x00000001
core   0: 0x80009d68 (0xff9ff06f) j       pc - 0x8
core   0: 3 0x80009d68 (0xff9ff06f)
core   0: 0x80009d60 (0x00006f17) auipc   t5, 0x6
core   0: 3 0x80009d60 (0x00006f17) x30 0x8000fd60
core   0: 0x80009d64 (0x2a3f2023) sw      gp, 672(t5)
core   0: 3 0x80009d64 (0x2a3f2023) mem 0x80010000 0x00000001
core   0: 0x80009d68 (0xff9ff06f) j       pc - 0x8
core   0: 3 0x80009d68 (0xff9ff06f)
core   0: 0x80009d60 (0x00006f17) auipc   t5, 0x6
core   0: 3 0x80009d60 (0x00006f17) x30 0x8000fd60
core   0: 0x80009d64 (0x2a3f2023) sw      gp, 672(t5)
core   0: 3 0x80009d64 (0x2a3f2023) mem 0x80010000 0x00000001
core   0: 0x80009d68 (0xff9ff06f) j       pc - 0x8
core   0: 3 0x80009d68 (0xff9ff06f)
core   0: 0x80009d60 (0x00006f17) auipc   t5, 0x6
core   0: 3 0x80009d60 (0x00006f17) x30 0x8000fd60
core   0: 0x80009d64 (0x2a3f2023) sw      gp, 672(t5)
core   0: 3 0x80009d64 (0x2a3f2023) mem 0x80010000 0x00000001
core   0: 0x80009d68 (0xff9ff06f) j       pc - 0x8
core   0: 3 0x80009d68 (0xff9ff06f)
core   0: 0x80009d60 (0x00006f17) auipc   t5, 0x6
core   0: 3 0x80009d60 (0x00006f17) x30 0x8000fd60
core   0: 0x80009d64 (0x2a3f2023) sw      gp, 672(t5)
core   0: 3 0x80009d64 (0x2a3f2023) mem 0x80010000 0x00000001
core   0: 0x80009d68 (0xff9ff06f) j       pc - 0x8
core   0: 3 0x80009d68 (0xff9ff06f)
core   0: 0x80009d60 (0x00006f17) auipc   t5, 0x6
core   0: 3 0x80009d60 (0x00006f17) x30 0x8000fd60
core   0: 0x80009d64 (0x2a3f2023) sw      gp, 672(t5)
core   0: 3 0x80009d64 (0x2a3f2023) mem 0x80010000 0x00000001
core   0: 0x80009d68 (0xff9ff06f) j       pc - 0x8
core   0: 3 0x80009d68 (0xff9ff06f)
core   0: 0x80009d60 (0x00006f17) auipc   t5, 0x6
core   0: 3 0x80009d60 (0x00006f17) x30 0x8000fd60
core   0: 0x80009d64 (0x2a3f2023) sw      gp, 672(t5)
core   0: 3 0x80009d64 (0x2a3f2023) mem 0x80010000 0x00000001
core   0: 0x80009d68 (0xff9ff06f) j       pc - 0x8
core   0: 3 0x80009d68 (0xff9ff06f)
core   0: 0x80009d60 (0x00006f17) auipc   t5, 0x6
core   0: 3 0x80009d60 (0x00006f17) x30 0x8000fd60
core   0: 0x80009d64 (0x2a3f2023) sw      gp, 672(t5)
core   0: 3 0x80009d64 (0x2a3f2023) mem 0x80010000 0x00000001
core   0: 0x80009d68 (0xff9ff06f) j       pc - 0x8
core   0: 3 0x80009d68 (0xff9ff06f)
core   0: 0x80009d60 (0x00006f17) auipc   t5, 0x6
core   0: 3 0x80009d60 (0x00006f17) x30 0x8000fd60
core   0: 0x80009d64 (0x2a3f2023) sw      gp, 672(t5)
core   0: 3 0x80009d64 (0x2a3f2023) mem 0x80010000 0x00000001
core   0: 0x80009d68 (0xff9ff06f) j       pc - 0x8
core   0: 3 0x80009d68 (0xff9ff06f)
core   0: 0x80009d60 (0x00006f17) auipc   t5, 0x6
core   0: 3 0x80009d60 (0x00006f17) x30 0x8000fd60
core   0: 0x80009d64 (0x2a3f2023) sw      gp, 672(t5)
core   0: 3 0x80009d64 (0x2a3f2023) mem 0x80010000 0x00000001
core   0: 0x80009d68 (0xff9ff06f) j       pc - 0x8
core   0: 3 0x80009d68 (0xff9ff06f)
core   0: 0x80009d60 (0x00006f17) auipc   t5, 0x6
core   0: 3 0x80009d60 (0x00006f17) x30 0x8000fd60
core   0: 0x80009d64 (0x2a3f2023) sw      gp, 672(t5)
core   0: 3 0x80009d64 (0x2a3f2023) mem 0x80010000 0x00000001
core   0: 0x80009d68 (0xff9ff06f) j       pc - 0x8
core   0: 3 0x80009d68 (0xff9ff06f)
core   0: 0x80009d60 (0x00006f17) auipc   t5, 0x6
core   0: 3 0x80009d60 (0x00006f17) x30 0x8000fd60
core   0: 0x80009d64 (0x2a3f2023) sw      gp, 672(t5)
core   0: 3 0x80009d64 (0x2a3f2023) mem 0x80010000 0x00000001
core   0: 0x80009d68 (0xff9ff06f) j       pc - 0x8
core   0: 3 0x80009d68 (0xff9ff06f)
core   0: 0x80009d60 (0x00006f17) auipc   t5, 0x6
core   0: 3 0x80009d60 (0x00006f17) x30 0x8000fd60
core   0: 0x80009d64 (0x2a3f2023) sw      gp, 672(t5)
core   0: 3 0x80009d64 (0x2a3f2023) mem 0x80010000 0x00000001
core   0: 0x80009d68 (0xff9ff06f) j       pc - 0x8
core   0: 3 0x80009d68 (0xff9ff06f)
core   0: 0x80009d60 (0x00006f17) auipc   t5, 0x6
core   0: 3 0x80009d60 (0x00006f17) x30 0x8000fd60
core   0: 0x80009d64 (0x2a3f2023) sw      gp, 672(t5)
core   0: 3 0x80009d64 (0x2a3f2023) mem 0x80010000 0x00000001
core   0: 0x80009d68 (0xff9ff06f) j       pc - 0x8
core   0: 3 0x80009d68 (0xff9ff06f)
core   0: 0x80009d60 (0x00006f17) auipc   t5, 0x6
core   0: 3 0x80009d60 (0x00006f17) x30 0x8000fd60
core   0: 0x80009d64 (0x2a3f2023) sw      gp, 672(t5)
core   0: 3 0x80009d64 (0x2a3f2023) mem 0x80010000 0x00000001
core   0: 0x80009d68 (0xff9ff06f) j       pc - 0x8
core   0: 3 0x80009d68 (0xff9ff06f)
core   0: 0x80009d60 (0x00006f17) auipc   t5, 0x6
core   0: 3 0x80009d60 (0x00006f17) x30 0x8000fd60
core   0: 0x80009d64 (0x2a3f2023) sw      gp, 672(t5)
core   0: 3 0x80009d64 (0x2a3f2023) mem 0x80010000 0x00000001
core   0: 0x80009d68 (0xff9ff06f) j       pc - 0x8
core   0: 3 0x80009d68 (0xff9ff06f)
core   0: 0x80009d60 (0x00006f17) auipc   t5, 0x6
core   0: 3 0x80009d60 (0x00006f17) x30 0x8000fd60
core   0: 0x80009d64 (0x2a3f2023) sw      gp, 672(t5)
core   0: 3 0x80009d64 (0x2a3f2023) mem 0x80010000 0x00000001
core   0: 0x80009d68 (0xff9ff06f) j       pc - 0x8
core   0: 3 0x80009d68 (0xff9ff06f)
core   0: 0x80009d60 (0x00006f17) auipc   t5, 0x6
core   0: 3 0x80009d60 (0x00006f17) x30 0x8000fd60
core   0: 0x80009d64 (0x2a3f2023) sw      gp, 672(t5)
core   0: 3 0x80009d64 (0x2a3f2023) mem 0x80010000 0x00000001
core   0: 0x80009d68 (0xff9ff06f) j       pc - 0x8
core   0: 3 0x80009d68 (0xff9ff06f)
core   0: 0x80009d60 (0x00006f17) auipc   t5, 0x6
core   0: 3 0x80009d60 (0x00006f17) x30 0x8000fd60
core   0: 0x80009d64 (0x2a3f2023) sw      gp, 672(t5)
core   0: 3 0x80009d64 (0x2a3f2023) mem 0x80010000 0x00000001
core   0: 0x80009d68 (0xff9ff06f) j       pc - 0x8
core   0: 3 0x80009d68 (0xff9ff06f)
core   0: 0x80009d60 (0x00006f17) auipc   t5, 0x6
core   0: 3 0x80009d60 (0x00006f17) x30 0x8000fd60
core   0: 0x80009d64 (0x2a3f2023) sw      gp, 672(t5)
core   0: 3 0x80009d64 (0x2a3f2023) mem 0x80010000 0x00000001
core   0: 0x80009d68 (0xff9ff06f) j       pc - 0x8
core   0: 3 0x80009d68 (0xff9ff06f)
core   0: 0x80009d60 (0x00006f17) auipc   t5, 0x6
core   0: 3 0x80009d60 (0x00006f17) x30 0x8000fd60
core   0: 0x80009d64 (0x2a3f2023) sw      gp, 672(t5)
core   0: 3 0x80009d64 (0x2a3f2023) mem 0x80010000 0x00000001
core   0: 0x80009d68 (0xff9ff06f) j       pc - 0x8
core   0: 3 0x80009d68 (0xff9ff06f)
core   0: 0x80009d60 (0x00006f17) auipc   t5, 0x6
core   0: 3 0x80009d60 (0x00006f17) x30 0x8000fd60
core   0: 0x80009d64 (0x2a3f2023) sw      gp, 672(t5)
core   0: 3 0x80009d64 (0x2a3f2023) mem 0x80010000 0x00000001
core   0: 0x80009d68 (0xff9ff06f) j       pc - 0x8
core   0: 3 0x80009d68 (0xff9ff06f)
core   0: 0x80009d60 (0x00006f17) auipc   t5, 0x6
core   0: 3 0x80009d60 (0x00006f17) x30 0x8000fd60
core   0: 0x80009d64 (0x2a3f2023) sw      gp, 672(t5)
core   0: 3 0x80009d64 (0x2a3f2023) mem 0x80010000 0x00000001
core   0: 0x80009d68 (0xff9ff06f) j       pc - 0x8
core   0: 3 0x80009d68 (0xff9ff06f)
core   0: 0x80009d60 (0x00006f17) auipc   t5, 0x6
core   0: 3 0x80009d60 (0x00006f17) x30 0x8000fd60
core   0: 0x80009d64 (0x2a3f2023) sw      gp, 672(t5)
core   0: 3 0x80009d64 (0x2a3f2023) mem 0x80010000 0x00000001
core   0: 0x80009d68 (0xff9ff06f) j       pc - 0x8
core   0: 3 0x80009d68 (0xff9ff06f)
core   0: 0x80009d60 (0x00006f17) auipc   t5, 0x6
core   0: 3 0x80009d60 (0x00006f17) x30 0x8000fd60
core   0: 0x80009d64 (0x2a3f2023) sw      gp, 672(t5)
core   0: 3 0x80009d64 (0x2a3f2023) mem 0x80010000 0x00000001
core   0: 0x80009d68 (0xff9ff06f) j       pc - 0x8
core   0: 3 0x80009d68 (0xff9ff06f)
core   0: 0x80009d60 (0x00006f17) auipc   t5, 0x6
core   0: 3 0x80009d60 (0x00006f17) x30 0x8000fd60
core   0: 0x80009d64 (0x2a3f2023) sw      gp, 672(t5)
core   0: 3 0x80009d64 (0x2a3f2023) mem 0x80010000 0x00000001
core   0: 0x80009d68 (0xff9ff06f) j       pc - 0x8
core   0: 3 0x80009d68 (0xff9ff06f)
core   0: 0x80009d60 (0x00006f17) auipc   t5, 0x6
core   0: 3 0x80009d60 (0x00006f17) x30 0x8000fd60
core   0: 0x80009d64 (0x2a3f2023) sw      gp, 672(t5)
core   0: 3 0x80009d64 (0x2a3f2023) mem 0x80010000 0x00000001
core   0: 0x80009d68 (0xff9ff06f) j       pc - 0x8
core   0: 3 0x80009d68 (0xff9ff06f)
core   0: 0x80009d60 (0x00006f17) auipc   t5, 0x6
core   0: 3 0x80009d60 (0x00006f17) x30 0x8000fd60
core   0: 0x80009d64 (0x2a3f2023) sw      gp, 672(t5)
core   0: 3 0x80009d64 (0x2a3f2023) mem 0x80010000 0x00000001
core   0: 0x80009d68 (0xff9ff06f) j       pc - 0x8
core   0: 3 0x80009d68 (0xff9ff06f)
core   0: 0x80009d60 (0x00006f17) auipc   t5, 0x6
core   0: 3 0x80009d60 (0x00006f17) x30 0x8000fd60
core   0: 0x80009d64 (0x2a3f2023) sw      gp, 672(t5)
core   0: 3 0x80009d64 (0x2a3f2023) mem 0x80010000 0x00000001
core   0: 0x80009d68 (0xff9ff06f) j       pc - 0x8
core   0: 3 0x80009d68 (0xff9ff06f)
core   0: 0x80009d60 (0x00006f17) auipc   t5, 0x6
core   0: 3 0x80009d60 (0x00006f17) x30 0x8000fd60
core   0: 0x80009d64 (0x2a3f2023) sw      gp, 672(t5)
core   0: 3 0x80009d64 (0x2a3f2023) mem 0x80010000 0x00000001
core   0: 0x80009d68 (0xff9ff06f) j       pc - 0x8
core   0: 3 0x80009d68 (0xff9ff06f)
core   0: 0x80009d60 (0x00006f17) auipc   t5, 0x6
core   0: 3 0x80009d60 (0x00006f17) x30 0x8000fd60
core   0: 0x80009d64 (0x2a3f2023) sw      gp, 672(t5)
core   0: 3 0x80009d64 (0x2a3f2023) mem 0x80010000 0x00000001
core   0: 0x80009d68 (0xff9ff06f) j       pc - 0x8
core   0: 3 0x80009d68 (0xff9ff06f)
core   0: 0x80009d60 (0x00006f17) auipc   t5, 0x6
core   0: 3 0x80009d60 (0x00006f17) x30 0x8000fd60
core   0: 0x80009d64 (0x2a3f2023) sw      gp, 672(t5)
core   0: 3 0x80009d64 (0x2a3f2023) mem 0x80010000 0x00000001
core   0: 0x80009d68 (0xff9ff06f) j       pc - 0x8
core   0: 3 0x80009d68 (0xff9ff06f)
core   0: 0x80009d60 (0x00006f17) auipc   t5, 0x6
core   0: 3 0x80009d60 (0x00006f17) x30 0x8000fd60
core   0: 0x80009d64 (0x2a3f2023) sw      gp, 672(t5)
core   0: 3 0x80009d64 (0x2a3f2023) mem 0x80010000 0x00000001
core   0: 0x80009d68 (0xff9ff06f) j       pc - 0x8
core   0: 3 0x80009d68 (0xff9ff06f)
core   0: 0x80009d60 (0x00006f17) auipc   t5, 0x6
core   0: 3 0x80009d60 (0x00006f17) x30 0x8000fd60
core   0: 0x80009d64 (0x2a3f2023) sw      gp, 672(t5)
core   0: 3 0x80009d64 (0x2a3f2023) mem 0x80010000 0x00000001
core   0: 0x80009d68 (0xff9ff06f) j       pc - 0x8
core   0: 3 0x80009d68 (0xff9ff06f)
core   0: 0x80009d60 (0x00006f17) auipc   t5, 0x6
core   0: 3 0x80009d60 (0x00006f17) x30 0x8000fd60
core   0: 0x80009d64 (0x2a3f2023) sw      gp, 672(t5)
core   0: 3 0x80009d64 (0x2a3f2023) mem 0x80010000 0x00000001
core   0: 0x80009d68 (0xff9ff06f) j       pc - 0x8
core   0: 3 0x80009d68 (0xff9ff06f)
core   0: 0x80009d60 (0x00006f17) auipc   t5, 0x6
core   0: 3 0x80009d60 (0x00006f17) x30 0x8000fd60
core   0: 0x80009d64 (0x2a3f2023) sw      gp, 672(t5)
core   0: 3 0x80009d64 (0x2a3f2023) mem 0x80010000 0x00000001
core   0: 0x80009d68 (0xff9ff06f) j       pc - 0x8
core   0: 3 0x80009d68 (0xff9ff06f)
core   0: 0x80009d60 (0x00006f17) auipc   t5, 0x6
core   0: 3 0x80009d60 (0x00006f17) x30 0x8000fd60
core   0: 0x80009d64 (0x2a3f2023) sw      gp, 672(t5)
core   0: 3 0x80009d64 (0x2a3f2023) mem 0x80010000 0x00000001
core   0: 0x80009d68 (0xff9ff06f) j       pc - 0x8
core   0: 3 0x80009d68 (0xff9ff06f)
core   0: 0x80009d60 (0x00006f17) auipc   t5, 0x6
core   0: 3 0x80009d60 (0x00006f17) x30 0x8000fd60
core   0: 0x80009d64 (0x2a3f2023) sw      gp, 672(t5)
core   0: 3 0x80009d64 (0x2a3f2023) mem 0x80010000 0x00000001
core   0: 0x80009d68 (0xff9ff06f) j       pc - 0x8
core   0: 3 0x80009d68 (0xff9ff06f)
core   0: 0x80009d60 (0x00006f17) auipc   t5, 0x6
core   0: 3 0x80009d60 (0x00006f17) x30 0x8000fd60
core   0: 0x80009d64 (0x2a3f2023) sw      gp, 672(t5)
core   0: 3 0x80009d64 (0x2a3f2023) mem 0x80010000 0x00000001
core   0: 0x80009d68 (0xff9ff06f) j       pc - 0x8
core   0: 3 0x80009d68 (0xff9ff06f)
core   0: 0x80009d60 (0x00006f17) auipc   t5, 0x6
core   0: 3 0x80009d60 (0x00006f17) x30 0x8000fd60
core   0: 0x80009d64 (0x2a3f2023) sw      gp, 672(t5)
core   0: 3 0x80009d64 (0x2a3f2023) mem 0x80010000 0x00000001
core   0: 0x80009d68 (0xff9ff06f) j       pc - 0x8
core   0: 3 0x80009d68 (0xff9ff06f)
core   0: 0x80009d60 (0x00006f17) auipc   t5, 0x6
core   0: 3 0x80009d60 (0x00006f17) x30 0x8000fd60
core   0: 0x80009d64 (0x2a3f2023) sw      gp, 672(t5)
core   0: 3 0x80009d64 (0x2a3f2023) mem 0x80010000 0x00000001
core   0: 0x80009d68 (0xff9ff06f) j       pc - 0x8
core   0: 3 0x80009d68 (0xff9ff06f)
core   0: 0x80009d60 (0x00006f17) auipc   t5, 0x6
core   0: 3 0x80009d60 (0x00006f17) x30 0x8000fd60
core   0: 0x80009d64 (0x2a3f2023) sw      gp, 672(t5)
core   0: 3 0x80009d64 (0x2a3f2023) mem 0x80010000 0x00000001
core   0: 0x80009d68 (0xff9ff06f) j       pc - 0x8
core   0: 3 0x80009d68 (0xff9ff06f)
core   0: 0x80009d60 (0x00006f17) auipc   t5, 0x6
core   0: 3 0x80009d60 (0x00006f17) x30 0x8000fd60
core   0: 0x80009d64 (0x2a3f2023) sw      gp, 672(t5)
core   0: 3 0x80009d64 (0x2a3f2023) mem 0x80010000 0x00000001
core   0: 0x80009d68 (0xff9ff06f) j       pc - 0x8
core   0: 3 0x80009d68 (0xff9ff06f)
core   0: 0x80009d60 (0x00006f17) auipc   t5, 0x6
core   0: 3 0x80009d60 (0x00006f17) x30 0x8000fd60
core   0: 0x80009d64 (0x2a3f2023) sw      gp, 672(t5)
core   0: 3 0x80009d64 (0x2a3f2023) mem 0x80010000 0x00000001
core   0: 0x80009d68 (0xff9ff06f) j       pc - 0x8
core   0: 3 0x80009d68 (0xff9ff06f)
core   0: 0x80009d60 (0x00006f17) auipc   t5, 0x6
core   0: 3 0x80009d60 (0x00006f17) x30 0x8000fd60
core   0: 0x80009d64 (0x2a3f2023) sw      gp, 672(t5)
core   0: 3 0x80009d64 (0x2a3f2023) mem 0x80010000 0x00000001
core   0: 0x80009d68 (0xff9ff06f) j       pc - 0x8
core   0: 3 0x80009d68 (0xff9ff06f)
core   0: 0x80009d60 (0x00006f17) auipc   t5, 0x6
core   0: 3 0x80009d60 (0x00006f17) x30 0x8000fd60
core   0: 0x80009d64 (0x2a3f2023) sw      gp, 672(t5)
core   0: 3 0x80009d64 (0x2a3f2023) mem 0x80010000 0x00000001
core   0: 0x80009d68 (0xff9ff06f) j       pc - 0x8
core   0: 3 0x80009d68 (0xff9ff06f)
core   0: 0x80009d60 (0x00006f17) auipc   t5, 0x6
core   0: 3 0x80009d60 (0x00006f17) x30 0x8000fd60
core   0: 0x80009d64 (0x2a3f2023) sw      gp, 672(t5)
core   0: 3 0x80009d64 (0x2a3f2023) mem 0x80010000 0x00000001
core   0: 0x80009d68 (0xff9ff06f) j       pc - 0x8
core   0: 3 0x80009d68 (0xff9ff06f)
core   0: 0x80009d60 (0x00006f17) auipc   t5, 0x6
core   0: 3 0x80009d60 (0x00006f17) x30 0x8000fd60
core   0: 0x80009d64 (0x2a3f2023) sw      gp, 672(t5)
core   0: 3 0x80009d64 (0x2a3f2023) mem 0x80010000 0x00000001
core   0: 0x80009d68 (0xff9ff06f) j       pc - 0x8
core   0: 3 0x80009d68 (0xff9ff06f)
core   0: 0x80009d60 (0x00006f17) auipc   t5, 0x6
core   0: 3 0x80009d60 (0x00006f17) x30 0x8000fd60
core   0: 0x80009d64 (0x2a3f2023) sw      gp, 672(t5)
core   0: 3 0x80009d64 (0x2a3f2023) mem 0x80010000 0x00000001
core   0: 0x80009d68 (0xff9ff06f) j       pc - 0x8
core   0: 3 0x80009d68 (0xff9ff06f)
core   0: 0x80009d60 (0x00006f17) auipc   t5, 0x6
core   0: 3 0x80009d60 (0x00006f17) x30 0x8000fd60
core   0: 0x80009d64 (0x2a3f2023) sw      gp, 672(t5)
core   0: 3 0x80009d64 (0x2a3f2023) mem 0x80010000 0x00000001
core   0: 0x80009d68 (0xff9ff06f) j       pc - 0x8
core   0: 3 0x80009d68 (0xff9ff06f)
core   0: 0x80009d60 (0x00006f17) auipc   t5, 0x6
core   0: 3 0x80009d60 (0x00006f17) x30 0x8000fd60
core   0: 0x80009d64 (0x2a3f2023) sw      gp, 672(t5)
core   0: 3 0x80009d64 (0x2a3f2023) mem 0x80010000 0x00000001
core   0: 0x80009d68 (0xff9ff06f) j       pc - 0x8
core   0: 3 0x80009d68 (0xff9ff06f)
core   0: 0x80009d60 (0x00006f17) auipc   t5, 0x6
core   0: 3 0x80009d60 (0x00006f17) x30 0x8000fd60
core   0: 0x80009d64 (0x2a3f2023) sw      gp, 672(t5)
core   0: 3 0x80009d64 (0x2a3f2023) mem 0x80010000 0x00000001
core   0: 0x80009d68 (0xff9ff06f) j       pc - 0x8
core   0: 3 0x80009d68 (0xff9ff06f)
core   0: 0x80009d60 (0x00006f17) auipc   t5, 0x6
core   0: 3 0x80009d60 (0x00006f17) x30 0x8000fd60
core   0: 0x80009d64 (0x2a3f2023) sw      gp, 672(t5)
core   0: 3 0x80009d64 (0x2a3f2023) mem 0x80010000 0x00000001
core   0: 0x80009d68 (0xff9ff06f) j       pc - 0x8
core   0: 3 0x80009d68 (0xff9ff06f)
core   0: 0x80009d60 (0x00006f17) auipc   t5, 0x6
core   0: 3 0x80009d60 (0x00006f17) x30 0x8000fd60
core   0: 0x80009d64 (0x2a3f2023) sw      gp, 672(t5)
core   0: 3 0x80009d64 (0x2a3f2023) mem 0x80010000 0x00000001
core   0: 0x80009d68 (0xff9ff06f) j       pc - 0x8
core   0: 3 0x80009d68 (0xff9ff06f)
core   0: 0x80009d60 (0x00006f17) auipc   t5, 0x6
core   0: 3 0x80009d60 (0x00006f17) x30 0x8000fd60
core   0: 0x80009d64 (0x2a3f2023) sw      gp, 672(t5)
core   0: 3 0x80009d64 (0x2a3f2023) mem 0x80010000 0x00000001
core   0: 0x80009d68 (0xff9ff06f) j       pc - 0x8
core   0: 3 0x80009d68 (0xff9ff06f)
core   0: 0x80009d60 (0x00006f17) auipc   t5, 0x6
core   0: 3 0x80009d60 (0x00006f17) x30 0x8000fd60
core   0: 0x80009d64 (0x2a3f2023) sw      gp, 672(t5)
core   0: 3 0x80009d64 (0x2a3f2023) mem 0x80010000 0x00000001
core   0: 0x80009d68 (0xff9ff06f) j       pc - 0x8
core   0: 3 0x80009d68 (0xff9ff06f)
core   0: 0x80009d60 (0x00006f17) auipc   t5, 0x6
core   0: 3 0x80009d60 (0x00006f17) x30 0x8000fd60
core   0: 0x80009d64 (0x2a3f2023) sw      gp, 672(t5)
core   0: 3 0x80009d64 (0x2a3f2023) mem 0x80010000 0x00000001
core   0: 0x80009d68 (0xff9ff06f) j       pc - 0x8
core   0: 3 0x80009d68 (0xff9ff06f)
core   0: 0x80009d60 (0x00006f17) auipc   t5, 0x6
core   0: 3 0x80009d60 (0x00006f17) x30 0x8000fd60
core   0: 0x80009d64 (0x2a3f2023) sw      gp, 672(t5)
core   0: 3 0x80009d64 (0x2a3f2023) mem 0x80010000 0x00000001
core   0: 0x80009d68 (0xff9ff06f) j       pc - 0x8
core   0: 3 0x80009d68 (0xff9ff06f)
core   0: 0x80009d60 (0x00006f17) auipc   t5, 0x6
core   0: 3 0x80009d60 (0x00006f17) x30 0x8000fd60
core   0: 0x80009d64 (0x2a3f2023) sw      gp, 672(t5)
core   0: 3 0x80009d64 (0x2a3f2023) mem 0x80010000 0x00000001
core   0: 0x80009d68 (0xff9ff06f) j       pc - 0x8
core   0: 3 0x80009d68 (0xff9ff06f)
core   0: 0x80009d60 (0x00006f17) auipc   t5, 0x6
core   0: 3 0x80009d60 (0x00006f17) x30 0x8000fd60
core   0: 0x80009d64 (0x2a3f2023) sw      gp, 672(t5)
core   0: 3 0x80009d64 (0x2a3f2023) mem 0x80010000 0x00000001
core   0: 0x80009d68 (0xff9ff06f) j       pc - 0x8
core   0: 3 0x80009d68 (0xff9ff06f)
core   0: 0x80009d60 (0x00006f17) auipc   t5, 0x6
core   0: 3 0x80009d60 (0x00006f17) x30 0x8000fd60
core   0: 0x80009d64 (0x2a3f2023) sw      gp, 672(t5)
core   0: 3 0x80009d64 (0x2a3f2023) mem 0x80010000 0x00000001
core   0: 0x80009d68 (0xff9ff06f) j       pc - 0x8
core   0: 3 0x80009d68 (0xff9ff06f)
core   0: 0x80009d60 (0x00006f17) auipc   t5, 0x6
core   0: 3 0x80009d60 (0x00006f17) x30 0x8000fd60
core   0: 0x80009d64 (0x2a3f2023) sw      gp, 672(t5)
core   0: 3 0x80009d64 (0x2a3f2023) mem 0x80010000 0x00000001
core   0: 0x80009d68 (0xff9ff06f) j       pc - 0x8
core   0: 3 0x80009d68 (0xff9ff06f)
core   0: 0x80009d60 (0x00006f17) auipc   t5, 0x6
core   0: 3 0x80009d60 (0x00006f17) x30 0x8000fd60
core   0: 0x80009d64 (0x2a3f2023) sw      gp, 672(t5)
core   0: 3 0x80009d64 (0x2a3f2023) mem 0x80010000 0x00000001
core   0: 0x80009d68 (0xff9ff06f) j       pc - 0x8
core   0: 3 0x80009d68 (0xff9ff06f)
core   0: 0x80009d60 (0x00006f17) auipc   t5, 0x6
core   0: 3 0x80009d60 (0x00006f17) x30 0x8000fd60
core   0: 0x80009d64 (0x2a3f2023) sw      gp, 672(t5)
core   0: 3 0x80009d64 (0x2a3f2023) mem 0x80010000 0x00000001
core   0: 0x80009d68 (0xff9ff06f) j       pc - 0x8
core   0: 3 0x80009d68 (0xff9ff06f)
core   0: 0x80009d60 (0x00006f17) auipc   t5, 0x6
core   0: 3 0x80009d60 (0x00006f17) x30 0x8000fd60
core   0: 0x80009d64 (0x2a3f2023) sw      gp, 672(t5)
core   0: 3 0x80009d64 (0x2a3f2023) mem 0x80010000 0x00000001
core   0: 0x80009d68 (0xff9ff06f) j       pc - 0x8
core   0: 3 0x80009d68 (0xff9ff06f)
core   0: 0x80009d60 (0x00006f17) auipc   t5, 0x6
core   0: 3 0x80009d60 (0x00006f17) x30 0x8000fd60
core   0: 0x80009d64 (0x2a3f2023) sw      gp, 672(t5)
core   0: 3 0x80009d64 (0x2a3f2023) mem 0x80010000 0x00000001
core   0: 0x80009d68 (0xff9ff06f) j       pc - 0x8
core   0: 3 0x80009d68 (0xff9ff06f)
core   0: 0x80009d60 (0x00006f17) auipc   t5, 0x6
core   0: 3 0x80009d60 (0x00006f17) x30 0x8000fd60
core   0: 0x80009d64 (0x2a3f2023) sw      gp, 672(t5)
core   0: 3 0x80009d64 (0x2a3f2023) mem 0x80010000 0x00000001
core   0: 0x80009d68 (0xff9ff06f) j       pc - 0x8
core   0: 3 0x80009d68 (0xff9ff06f)
core   0: 0x80009d60 (0x00006f17) auipc   t5, 0x6
core   0: 3 0x80009d60 (0x00006f17) x30 0x8000fd60
core   0: 0x80009d64 (0x2a3f2023) sw      gp, 672(t5)
core   0: 3 0x80009d64 (0x2a3f2023) mem 0x80010000 0x00000001
core   0: 0x80009d68 (0xff9ff06f) j       pc - 0x8
core   0: 3 0x80009d68 (0xff9ff06f)
core   0: 0x80009d60 (0x00006f17) auipc   t5, 0x6
core   0: 3 0x80009d60 (0x00006f17) x30 0x8000fd60
core   0: 0x80009d64 (0x2a3f2023) sw      gp, 672(t5)
core   0: 3 0x80009d64 (0x2a3f2023) mem 0x80010000 0x00000001
core   0: 0x80009d68 (0xff9ff06f) j       pc - 0x8
core   0: 3 0x80009d68 (0xff9ff06f)
core   0: 0x80009d60 (0x00006f17) auipc   t5, 0x6
core   0: 3 0x80009d60 (0x00006f17) x30 0x8000fd60
core   0: 0x80009d64 (0x2a3f2023) sw      gp, 672(t5)
core   0: 3 0x80009d64 (0x2a3f2023) mem 0x80010000 0x00000001
core   0: 0x80009d68 (0xff9ff06f) j       pc - 0x8
core   0: 3 0x80009d68 (0xff9ff06f)
core   0: 0x80009d60 (0x00006f17) auipc   t5, 0x6
core   0: 3 0x80009d60 (0x00006f17) x30 0x8000fd60
core   0: 0x80009d64 (0x2a3f2023) sw      gp, 672(t5)
core   0: 3 0x80009d64 (0x2a3f2023) mem 0x80010000 0x00000001
core   0: 0x80009d68 (0xff9ff06f) j       pc - 0x8
core   0: 3 0x80009d68 (0xff9ff06f)
core   0: 0x80009d60 (0x00006f17) auipc   t5, 0x6
core   0: 3 0x80009d60 (0x00006f17) x30 0x8000fd60
core   0: 0x80009d64 (0x2a3f2023) sw      gp, 672(t5)
core   0: 3 0x80009d64 (0x2a3f2023) mem 0x80010000 0x00000001
core   0: 0x80009d68 (0xff9ff06f) j       pc - 0x8
core   0: 3 0x80009d68 (0xff9ff06f)
core   0: 0x80009d60 (0x00006f17) auipc   t5, 0x6
core   0: 3 0x80009d60 (0x00006f17) x30 0x8000fd60
core   0: 0x80009d64 (0x2a3f2023) sw      gp, 672(t5)
core   0: 3 0x80009d64 (0x2a3f2023) mem 0x80010000 0x00000001
core   0: 0x80009d68 (0xff9ff06f) j       pc - 0x8
core   0: 3 0x80009d68 (0xff9ff06f)
core   0: 0x80009d60 (0x00006f17) auipc   t5, 0x6
core   0: 3 0x80009d60 (0x00006f17) x30 0x8000fd60
core   0: 0x80009d64 (0x2a3f2023) sw      gp, 672(t5)
core   0: 3 0x80009d64 (0x2a3f2023) mem 0x80010000 0x00000001
core   0: 0x80009d68 (0xff9ff06f) j       pc - 0x8
core   0: 3 0x80009d68 (0xff9ff06f)
core   0: 0x80009d60 (0x00006f17) auipc   t5, 0x6
core   0: 3 0x80009d60 (0x00006f17) x30 0x8000fd60
core   0: 0x80009d64 (0x2a3f2023) sw      gp, 672(t5)
core   0: 3 0x80009d64 (0x2a3f2023) mem 0x80010000 0x00000001
core   0: 0x80009d68 (0xff9ff06f) j       pc - 0x8
core   0: 3 0x80009d68 (0xff9ff06f)
core   0: 0x80009d60 (0x00006f17) auipc   t5, 0x6
core   0: 3 0x80009d60 (0x00006f17) x30 0x8000fd60
core   0: 0x80009d64 (0x2a3f2023) sw      gp, 672(t5)
core   0: 3 0x80009d64 (0x2a3f2023) mem 0x80010000 0x00000001
core   0: 0x80009d68 (0xff9ff06f) j       pc - 0x8
core   0: 3 0x80009d68 (0xff9ff06f)
core   0: 0x80009d60 (0x00006f17) auipc   t5, 0x6
core   0: 3 0x80009d60 (0x00006f17) x30 0x8000fd60
core   0: 0x80009d64 (0x2a3f2023) sw      gp, 672(t5)
core   0: 3 0x80009d64 (0x2a3f2023) mem 0x80010000 0x00000001
core   0: 0x80009d68 (0xff9ff06f) j       pc - 0x8
core   0: 3 0x80009d68 (0xff9ff06f)
core   0: 0x80009d60 (0x00006f17) auipc   t5, 0x6
core   0: 3 0x80009d60 (0x00006f17) x30 0x8000fd60
core   0: 0x80009d64 (0x2a3f2023) sw      gp, 672(t5)
core   0: 3 0x80009d64 (0x2a3f2023) mem 0x80010000 0x00000001
core   0: 0x80009d68 (0xff9ff06f) j       pc - 0x8
core   0: 3 0x80009d68 (0xff9ff06f)
core   0: 0x80009d60 (0x00006f17) auipc   t5, 0x6
core   0: 3 0x80009d60 (0x00006f17) x30 0x8000fd60
core   0: 0x80009d64 (0x2a3f2023) sw      gp, 672(t5)
core   0: 3 0x80009d64 (0x2a3f2023) mem 0x80010000 0x00000001
core   0: 0x80009d68 (0xff9ff06f) j       pc - 0x8
core   0: 3 0x80009d68 (0xff9ff06f)
core   0: 0x80009d60 (0x00006f17) auipc   t5, 0x6
core   0: 3 0x80009d60 (0x00006f17) x30 0x8000fd60
core   0: 0x80009d64 (0x2a3f2023) sw      gp, 672(t5)
core   0: 3 0x80009d64 (0x2a3f2023) mem 0x80010000 0x00000001
core   0: 0x80009d68 (0xff9ff06f) j       pc - 0x8
core   0: 3 0x80009d68 (0xff9ff06f)
core   0: 0x80009d60 (0x00006f17) auipc   t5, 0x6
core   0: 3 0x80009d60 (0x00006f17) x30 0x8000fd60
core   0: 0x80009d64 (0x2a3f2023) sw      gp, 672(t5)
core   0: 3 0x80009d64 (0x2a3f2023) mem 0x80010000 0x00000001
core   0: 0x80009d68 (0xff9ff06f) j       pc - 0x8
core   0: 3 0x80009d68 (0xff9ff06f)
core   0: 0x80009d60 (0x00006f17) auipc   t5, 0x6
core   0: 3 0x80009d60 (0x00006f17) x30 0x8000fd60
core   0: 0x80009d64 (0x2a3f2023) sw      gp, 672(t5)
core   0: 3 0x80009d64 (0x2a3f2023) mem 0x80010000 0x00000001
core   0: 0x80009d68 (0xff9ff06f) j       pc - 0x8
core   0: 3 0x80009d68 (0xff9ff06f)
core   0: 0x80009d60 (0x00006f17) auipc   t5, 0x6
core   0: 3 0x80009d60 (0x00006f17) x30 0x8000fd60
core   0: 0x80009d64 (0x2a3f2023) sw      gp, 672(t5)
core   0: 3 0x80009d64 (0x2a3f2023) mem 0x80010000 0x00000001
core   0: 0x80009d68 (0xff9ff06f) j       pc - 0x8
core   0: 3 0x80009d68 (0xff9ff06f)
core   0: 0x80009d60 (0x00006f17) auipc   t5, 0x6
core   0: 3 0x80009d60 (0x00006f17) x30 0x8000fd60
core   0: 0x80009d64 (0x2a3f2023) sw      gp, 672(t5)
core   0: 3 0x80009d64 (0x2a3f2023) mem 0x80010000 0x00000001
core   0: 0x80009d68 (0xff9ff06f) j       pc - 0x8
core   0: 3 0x80009d68 (0xff9ff06f)
core   0: 0x80009d60 (0x00006f17) auipc   t5, 0x6
core   0: 3 0x80009d60 (0x00006f17) x30 0x8000fd60
core   0: 0x80009d64 (0x2a3f2023) sw      gp, 672(t5)
core   0: 3 0x80009d64 (0x2a3f2023) mem 0x80010000 0x00000001
core   0: 0x80009d68 (0xff9ff06f) j       pc - 0x8
core   0: 3 0x80009d68 (0xff9ff06f)
core   0: 0x80009d60 (0x00006f17) auipc   t5, 0x6
core   0: 3 0x80009d60 (0x00006f17) x30 0x8000fd60
core   0: 0x80009d64 (0x2a3f2023) sw      gp, 672(t5)
core   0: 3 0x80009d64 (0x2a3f2023) mem 0x80010000 0x00000001
core   0: 0x80009d68 (0xff9ff06f) j       pc - 0x8
core   0: 3 0x80009d68 (0xff9ff06f)
core   0: 0x80009d60 (0x00006f17) auipc   t5, 0x6
core   0: 3 0x80009d60 (0x00006f17) x30 0x8000fd60
core   0: 0x80009d64 (0x2a3f2023) sw      gp, 672(t5)
core   0: 3 0x80009d64 (0x2a3f2023) mem 0x80010000 0x00000001
core   0: 0x80009d68 (0xff9ff06f) j       pc - 0x8
core   0: 3 0x80009d68 (0xff9ff06f)
core   0: 0x80009d60 (0x00006f17) auipc   t5, 0x6
core   0: 3 0x80009d60 (0x00006f17) x30 0x8000fd60
core   0: 0x80009d64 (0x2a3f2023) sw      gp, 672(t5)
core   0: 3 0x80009d64 (0x2a3f2023) mem 0x80010000 0x00000001
core   0: 0x80009d68 (0xff9ff06f) j       pc - 0x8
core   0: 3 0x80009d68 (0xff9ff06f)
core   0: 0x80009d60 (0x00006f17) auipc   t5, 0x6
core   0: 3 0x80009d60 (0x00006f17) x30 0x8000fd60
core   0: 0x80009d64 (0x2a3f2023) sw      gp, 672(t5)
core   0: 3 0x80009d64 (0x2a3f2023) mem 0x80010000 0x00000001
core   0: 0x80009d68 (0xff9ff06f) j       pc - 0x8
core   0: 3 0x80009d68 (0xff9ff06f)
core   0: 0x80009d60 (0x00006f17) auipc   t5, 0x6
core   0: 3 0x80009d60 (0x00006f17) x30 0x8000fd60
core   0: 0x80009d64 (0x2a3f2023) sw      gp, 672(t5)
core   0: 3 0x80009d64 (0x2a3f2023) mem 0x80010000 0x00000001
