core   0: 0x00001000 (0x00000297) auipc   t0, 0x0
core   0: 3 0x00001000 (0x00000297) x 5 0x00001000
core   0: 0x00001004 (0x02028593) addi    a1, t0, 32
core   0: 3 0x00001004 (0x02028593) x11 0x00001020
core   0: 0x00001008 (0xf1402573) csrr    a0, mhartid
core   0: 3 0x00001008 (0xf1402573) x10 0x00000000
core   0: 0x0000100c (0x0182a283) lw      t0, 24(t0)
core   0: 3 0x0000100c (0x0182a283) x 5 0x80000000 mem 0x00001018
core   0: 0x00001010 (0x00028067) jr      t0
core   0: 3 0x00001010 (0x00028067)
core   0: 0x80000000 (0xf14022f3) csrr    t0, mhartid
core   0: 3 0x80000000 (0xf14022f3) x 5 0x00000000
core   0: 0x80000004 (0x00000313) li      t1, 0
core   0: 3 0x80000004 (0x00000313) x 6 0x00000000
core   0: 0x80000008 (0x00628263) beq     t0, t1, pc + 4
core   0: 3 0x80000008 (0x00628263)
core   0: 0x8000000c (0x00000d97) auipc   s11, 0x0
core   0: 3 0x8000000c (0x00000d97) x27 0x8000000c
core   0: 0x80000010 (0x00cd8d93) addi    s11, s11, 12
core   0: 3 0x80000010 (0x00cd8d93) x27 0x80000018
core   0: 0x80000014 (0x000d8067) jr      s11
core   0: 3 0x80000014 (0x000d8067)
core   0: 0x80000018 (0x400013b7) lui     t2, 0x40001
core   0: 3 0x80000018 (0x400013b7) x 7 0x40001000
core   0: 0x8000001c (0x10438393) addi    t2, t2, 260
core   0: 3 0x8000001c (0x10438393) x 7 0x40001104
core   0: 0x80000020 (0x30139073) csrw    misa, t2
core   0: 3 0x80000020 (0x30139073) c769_misa 0x40141100
core   0: 0x80000024 (0x00019717) auipc   a4, 0x19
core   0: 3 0x80000024 (0x00019717) x14 0x80019024
core   0: 0x80000028 (0xcc070713) addi    a4, a4, -832
core   0: 3 0x80000028 (0xcc070713) x14 0x80018ce4
core   0: 0x8000002c (0x0000a397) auipc   t2, 0xa
core   0: 3 0x8000002c (0x0000a397) x 7 0x8000a02c
core   0: 0x80000030 (0x76438393) addi    t2, t2, 1892
core   0: 3 0x80000030 (0x76438393) x 7 0x8000a790
core   0: 0x80000034 (0x0013e393) ori     t2, t2, 1
core   0: 3 0x80000034 (0x0013e393) x 7 0x8000a791
core   0: 0x80000038 (0x30539073) csrw    mtvec, t2
core   0: 3 0x80000038 (0x30539073) c773_mtvec 0x8000a791
core   0: 0x8000003c (0x00000397) auipc   t2, 0x0
core   0: 3 0x8000003c (0x00000397) x 7 0x8000003c
core   0: 0x80000040 (0x02838393) addi    t2, t2, 40
core   0: 3 0x80000040 (0x02838393) x 7 0x80000064
core   0: 0x80000044 (0x34139073) csrw    mepc, t2
core   0: 3 0x80000044 (0x34139073) c833_mepc 0x80000064
core   0: 0x80000048 (0x00000013) nop
core   0: 3 0x80000048 (0x00000013)
core   0: 0x8000004c (0x000023b7) lui     t2, 0x2
core   0: 3 0x8000004c (0x000023b7) x 7 0x00002000
core   0: 0x80000050 (0x80038393) addi    t2, t2, -2048
core   0: 3 0x80000050 (0x80038393) x 7 0x00001800
core   0: 0x80000054 (0x30039073) csrw    mstatus, t2
core   0: 3 0x80000054 (0x30039073) c768_mstatus 0x00001800
core   0: 0x80000058 (0x00000393) li      t2, 0
core   0: 3 0x80000058 (0x00000393) x 7 0x00000000
core   0: 0x8000005c (0x30439073) csrw    mie, t2
core   0: 3 0x8000005c (0x30439073) c772_mie 0x00000000
core   0: 0x80000060 (0x30200073) mret
core   0: 3 0x80000060 (0x30200073) c768_mstatus 0x00000080
core   0: >>>>  init
core   0: 0x80000064 (0xf7e98037) lui     zero, 0xf7e98
core   0: 3 0x80000064 (0xf7e98037)
core   0: 0x80000068 (0xd6f00013) li      zero, -657
core   0: 3 0x80000068 (0xd6f00013)
core   0: 0x8000006c (0x00800093) li      ra, 8
core   0: 3 0x8000006c (0x00800093) x 1 0x00000008
core   0: 0x80000070 (0x00700113) li      sp, 7
core   0: 3 0x80000070 (0x00700113) x 2 0x00000007
core   0: 0x80000074 (0x800001b7) lui     gp, 0x80000
core   0: 3 0x80000074 (0x800001b7) x 3 0x80000000
core   0: 0x80000078 (0x00f00213) li      tp, 15
core   0: 3 0x80000078 (0x00f00213) x 4 0x0000000f
core   0: 0x8000007c (0x5fa992b7) lui     t0, 0x5fa99
core   0: 3 0x8000007c (0x5fa992b7) x 5 0x5fa99000
core   0: 0x80000080 (0xfcf28293) addi    t0, t0, -49
core   0: 3 0x80000080 (0xfcf28293) x 5 0x5fa98fcf
core   0: 0x80000084 (0x00000313) li      t1, 0
core   0: 3 0x80000084 (0x00000313) x 6 0x00000000
core   0: 0x80000088 (0xfb1c73b7) lui     t2, 0xfb1c7
core   0: 3 0x80000088 (0xfb1c73b7) x 7 0xfb1c7000
core   0: 0x8000008c (0xc3638393) addi    t2, t2, -970
core   0: 3 0x8000008c (0xc3638393) x 7 0xfb1c6c36
core   0: 0x80000090 (0x00000413) li      s0, 0
core   0: 3 0x80000090 (0x00000413) x 8 0x00000000
core   0: 0x80000094 (0x800004b7) lui     s1, 0x80000
core   0: 3 0x80000094 (0x800004b7) x 9 0x80000000
core   0: 0x80000098 (0x076f3537) lui     a0, 0x76f3
core   0: 3 0x80000098 (0x076f3537) x10 0x076f3000
core   0: 0x8000009c (0x31e50513) addi    a0, a0, 798
core   0: 3 0x8000009c (0x31e50513) x10 0x076f331e
core   0: 0x800000a0 (0xf4c7a5b7) lui     a1, 0xf4c7a
core   0: 3 0x800000a0 (0xf4c7a5b7) x11 0xf4c7a000
core   0: 0x800000a4 (0x82958593) addi    a1, a1, -2007
core   0: 3 0x800000a4 (0x82958593) x11 0xf4c79829
core   0: 0x800000a8 (0x00a00613) li      a2, 10
core   0: 3 0x800000a8 (0x00a00613) x12 0x0000000a
core   0: 0x800000ac (0x00900693) li      a3, 9
core   0: 3 0x800000ac (0x00900693) x13 0x00000009
core   0: 0x800000b0 (0x00000793) li      a5, 0
core   0: 3 0x800000b0 (0x00000793) x15 0x00000000
core   0: 0x800000b4 (0x00200893) li      a7, 2
core   0: 3 0x800000b4 (0x00200893) x17 0x00000002
core   0: 0x800000b8 (0xb0c4e937) lui     s2, 0xb0c4e
core   0: 3 0x800000b8 (0xb0c4e937) x18 0xb0c4e000
core   0: 0x800000bc (0x47190913) addi    s2, s2, 1137
core   0: 3 0x800000bc (0x47190913) x18 0xb0c4e471
core   0: 0x800000c0 (0x1f4a39b7) lui     s3, 0x1f4a3
core   0: 3 0x800000c0 (0x1f4a39b7) x19 0x1f4a3000
core   0: 0x800000c4 (0xf4e98993) addi    s3, s3, -178
core   0: 3 0x800000c4 (0xf4e98993) x19 0x1f4a2f4e
core   0: 0x800000c8 (0x80000a37) lui     s4, 0x80000
core   0: 3 0x800000c8 (0x80000a37) x20 0x80000000
core   0: 0x800000cc (0xff732ab7) lui     s5, 0xff732
core   0: 3 0x800000cc (0xff732ab7) x21 0xff732000
core   0: 0x800000d0 (0x3fea8a93) addi    s5, s5, 1022
core   0: 3 0x800000d0 (0x3fea8a93) x21 0xff7323fe
core   0: 0x800000d4 (0xf0f7db37) lui     s6, 0xf0f7d
core   0: 3 0x800000d4 (0xf0f7db37) x22 0xf0f7d000
core   0: 0x800000d8 (0xe61b0b13) addi    s6, s6, -415
core   0: 3 0x800000d8 (0xe61b0b13) x22 0xf0f7ce61
core   0: 0x800000dc (0xf6198bb7) lui     s7, 0xf6198
core   0: 3 0x800000dc (0xf6198bb7) x23 0xf6198000
core   0: 0x800000e0 (0x3acb8b93) addi    s7, s7, 940
core   0: 3 0x800000e0 (0x3acb8b93) x23 0xf61983ac
core   0: 0x800000e4 (0x00a00c13) li      s8, 10
core   0: 3 0x800000e4 (0x00a00c13) x24 0x0000000a
core   0: 0x800000e8 (0xf47facb7) lui     s9, 0xf47fa
core   0: 3 0x800000e8 (0xf47facb7) x25 0xf47fa000
core   0: 0x800000ec (0x328c8c93) addi    s9, s9, 808
core   0: 3 0x800000ec (0x328c8c93) x25 0xf47fa328
core   0: 0x800000f0 (0x80000d37) lui     s10, 0x80000
core   0: 3 0x800000f0 (0x80000d37) x26 0x80000000
core   0: 0x800000f4 (0x00700d93) li      s11, 7
core   0: 3 0x800000f4 (0x00700d93) x27 0x00000007
core   0: 0x800000f8 (0x00900e13) li      t3, 9
core   0: 3 0x800000f8 (0x00900e13) x28 0x00000009
core   0: 0x800000fc (0x81970eb7) lui     t4, 0x81970
core   0: 3 0x800000fc (0x81970eb7) x29 0x81970000
core   0: 0x80000100 (0x413e8e93) addi    t4, t4, 1043
core   0: 3 0x80000100 (0x413e8e93) x29 0x81970413
core   0: 0x80000104 (0x0a4f7f37) lui     t5, 0xa4f7
core   0: 3 0x80000104 (0x0a4f7f37) x30 0x0a4f7000
core   0: 0x80000108 (0x714f0f13) addi    t5, t5, 1812
core   0: 3 0x80000108 (0x714f0f13) x30 0x0a4f7714
core   0: 0x8000010c (0x00b00f93) li      t6, 11
core   0: 3 0x8000010c (0x00b00f93) x31 0x0000000b
core   0: 0x80000110 (0x00015817) auipc   a6, 0x15
core   0: 3 0x80000110 (0x00015817) x16 0x80015110
core   0: 0x80000114 (0xd5480813) addi    a6, a6, -684
core   0: 3 0x80000114 (0xd5480813) x16 0x80014e64
core   0: 0x80000118 (0x02bcf233) remu    tp, s9, a1
core   0: 3 0x80000118 (0x02bcf233) x 4 0xf47fa328
core   0: 0x8000011c (0x033fa4b3) mulhsu  s1, t6, s3
core   0: 3 0x8000011c (0x033fa4b3) x 9 0x00000001
core   0: 0x80000120 (0x033127b3) mulhsu  a5, sp, s3
core   0: 3 0x80000120 (0x033127b3) x15 0x00000000
core   0: 0x80000124 (0x41e155b3) sra     a1, sp, t5
core   0: 3 0x80000124 (0x41e155b3) x11 0x00000000
core   0: 0x80000128 (0x00c91a33) sll     s4, s2, a2
core   0: 3 0x80000128 (0x00c91a33) x20 0x1391c400
core   0: 0x8000012c (0x01b66c33) or      s8, a2, s11
core   0: 3 0x8000012c (0x01b66c33) x24 0x0000000f
core   0: 0x80000130 (0x01b0d9b3) srl     s3, ra, s11
core   0: 3 0x80000130 (0x01b0d9b3) x19 0x00000000
core   0: 0x80000134 (0x00000013) nop
core   0: 3 0x80000134 (0x00000013)
core   0: 0x80000138 (0x00042633) slt     a2, s0, zero
core   0: 3 0x80000138 (0x00042633) x12 0x00000000
core   0: 0x8000013c (0x00dab2b3) sltu    t0, s5, a3
core   0: 3 0x8000013c (0x00dab2b3) x 5 0x00000000
core   0: 0x80000140 (0x030316b3) mulh    a3, t1, a6
core   0: 3 0x80000140 (0x030316b3) x13 0x00000000
core   0: 0x80000144 (0x00c45d33) srl     s10, s0, a2
core   0: 3 0x80000144 (0x00c45d33) x26 0x00000000
core   0: 0x80000148 (0x011aa633) slt     a2, s5, a7
core   0: 3 0x80000148 (0x011aa633) x12 0x00000001
core   0: 0x8000014c (0x01e1c933) xor     s2, gp, t5
core   0: 3 0x8000014c (0x01e1c933) x18 0x8a4f7714
core   0: 0x80000150 (0xdde8e017) auipc   zero, 0xdde8e
core   0: 3 0x80000150 (0xdde8e017)
core   0: 0x80000154 (0x406206b3) sub     a3, tp, t1
core   0: 3 0x80000154 (0x406206b3) x13 0xf47fa328
core   0: 0x80000158 (0x02247333) remu    t1, s0, sp
core   0: 3 0x80000158 (0x02247333) x 6 0x00000000
core   0: 0x8000015c (0x03392cb3) mulhsu  s9, s2, s3
core   0: 3 0x8000015c (0x03392cb3) x25 0x00000000
core   0: 0x80000160 (0xadd34513) xori    a0, t1, -1315
core   0: 3 0x80000160 (0xadd34513) x10 0xfffffadd
core   0: 0x80000164 (0xffe27a93) andi    s5, tp, -2
core   0: 3 0x80000164 (0xffe27a93) x21 0xf47fa328
core   0: 0x80000168 (0x02298cb3) mul     s9, s3, sp
core   0: 3 0x80000168 (0x02298cb3) x25 0x00000000
core   0: 0x8000016c (0x00000013) nop
core   0: 3 0x8000016c (0x00000013)
core   0: 0x80000170 (0x00da33b3) sltu    t2, s4, a3
core   0: 3 0x80000170 (0x00da33b3) x 7 0x00000001
core   0: 0x80000174 (0x11a7a413) slti    s0, a5, 282
core   0: 3 0x80000174 (0x11a7a413) x 8 0x00000001
core   0: 0x80000178 (0x0180d233) srl     tp, ra, s8
core   0: 3 0x80000178 (0x0180d233) x 4 0x00000000
core   0: 0x8000017c (0x03640b33) mul     s6, s0, s6
core   0: 3 0x8000017c (0x03640b33) x22 0xf0f7ce61
core   0: 0x80000180 (0x033a7d33) remu    s10, s4, s3
core   0: 3 0x80000180 (0x033a7d33) x26 0x1391c400
core   0: 0x80000184 (0x00000013) nop
core   0: 3 0x80000184 (0x00000013)
core   0: 0x80000188 (0x01dc6633) or      a2, s8, t4
core   0: 3 0x80000188 (0x01dc6633) x12 0x8197041f
core   0: 0x8000018c (0x00514fb3) xor     t6, sp, t0
core   0: 3 0x8000018c (0x00514fb3) x31 0x00000007
core   0: 0x80000190 (0x016099b3) sll     s3, ra, s6
core   0: 3 0x80000190 (0x016099b3) x19 0x00000010
core   0: 0x80000194 (0xfc3fb193) sltiu   gp, t6, -61
core   0: 3 0x80000194 (0xfc3fb193) x 3 0x00000001
core   0: 0x80000198 (0x02305b33) divu    s6, zero, gp
core   0: 3 0x80000198 (0x02305b33) x22 0x00000000
core   0: 0x8000019c (0x018f63b3) or      t2, t5, s8
core   0: 3 0x8000019c (0x018f63b3) x 7 0x0a4f771f
core   0: 0x800001a0 (0x02d872b3) remu    t0, a6, a3
core   0: 3 0x800001a0 (0x02d872b3) x 5 0x80014e64
core   0: 0x800001a4 (0x00000013) nop
core   0: 3 0x800001a4 (0x00000013)
core   0: 0x800001a8 (0x017b9b13) slli    s6, s7, 23
core   0: 3 0x800001a8 (0x017b9b13) x22 0xd6000000
core   0: 0x800001ac (0x026f5bb3) divu    s7, t5, t1
core   0: 3 0x800001ac (0x026f5bb3) x23 0xffffffff
core   0: 0x800001b0 (0x00e6e8b3) or      a7, a3, a4
core   0: 3 0x800001b0 (0x00e6e8b3) x17 0xf47fafec
core   0: 0x800001b4 (0x00123fb3) sltu    t6, tp, ra
core   0: 3 0x800001b4 (0x00123fb3) x31 0x00000001
core   0: 0x800001b8 (0x0ad63013) sltiu   zero, a2, 173
core   0: 3 0x800001b8 (0x0ad63013)
core   0: 0x800001bc (0x02b48fb3) mul     t6, s1, a1
core   0: 3 0x800001bc (0x02b48fb3) x31 0x00000000
core   0: 0x800001c0 (0x01f67933) and     s2, a2, t6
core   0: 3 0x800001c0 (0x01f67933) x18 0x00000000
core   0: 0x800001c4 (0x341ace17) auipc   t3, 0x341ac
core   0: 3 0x800001c4 (0x341ace17) x28 0xb41ac1c4
core   0: 0x800001c8 (0xf64b3b93) sltiu   s7, s6, -156
core   0: 3 0x800001c8 (0xf64b3b93) x23 0x00000001
core   0: 0x800001cc (0x41fddd13) srai    s10, s11, 31
core   0: 3 0x800001cc (0x41fddd13) x26 0x00000000
core   0: 0x800001d0 (0x018e6bb3) or      s7, t3, s8
core   0: 3 0x800001d0 (0x018e6bb3) x23 0xb41ac1cf
core   0: 0x800001d4 (0x020fdfb3) divu    t6, t6, zero
core   0: 3 0x800001d4 (0x020fdfb3) x31 0xffffffff
core   0: 0x800001d8 (0x01611293) slli    t0, sp, 22
core   0: 3 0x800001d8 (0x01611293) x 5 0x01c00000
core   0: 0x800001dc (0x03715933) divu    s2, sp, s7
core   0: 3 0x800001dc (0x03715933) x18 0x00000000
core   0: 0x800001e0 (0x005d99b3) sll     s3, s11, t0
core   0: 3 0x800001e0 (0x005d99b3) x19 0x00000007
core   0: 0x800001e4 (0x019f1413) slli    s0, t5, 25
core   0: 3 0x800001e4 (0x019f1413) x 8 0x28000000
core   0: 0x800001e8 (0x03d16633) rem     a2, sp, t4
core   0: 3 0x800001e8 (0x03d16633) x12 0x00000007
core   0: 0x800001ec (0x2afc0113) addi    sp, s8, 687
core   0: 3 0x800001ec (0x2afc0113) x 2 0x000002be
core   0: 0x800001f0 (0x0170d933) srl     s2, ra, s7
core   0: 3 0x800001f0 (0x0170d933) x18 0x00000000
core   0: 0x800001f4 (0x40f2da93) srai    s5, t0, 15
core   0: 3 0x800001f4 (0x40f2da93) x21 0x00000380
core   0: 0x800001f8 (0x02e9d5b3) divu    a1, s3, a4
core   0: 3 0x800001f8 (0x02e9d5b3) x11 0x00000000
core   0: 0x800001fc (0x00a7fab3) and     s5, a5, a0
core   0: 3 0x800001fc (0x00a7fab3) x21 0x00000000
core   0: 0x80000200 (0x00c627b3) slt     a5, a2, a2
core   0: 3 0x80000200 (0x00c627b3) x15 0x00000000
core   0: 0x80000204 (0x01fc4d33) xor     s10, s8, t6
core   0: 3 0x80000204 (0x01fc4d33) x26 0xfffffff0
core   0: 0x80000208 (0x00dded33) or      s10, s11, a3
core   0: 3 0x80000208 (0x00dded33) x26 0xf47fa32f
core   0: 0x8000020c (0x035f6d33) rem     s10, t5, s5
core   0: 3 0x8000020c (0x035f6d33) x26 0x0a4f7714
core   0: 0x80000210 (0x00e51593) slli    a1, a0, 14
core   0: 3 0x80000210 (0x00e51593) x11 0xfeb74000
core   0: 0x80000214 (0x036d4fb3) div     t6, s10, s6
core   0: 3 0x80000214 (0x036d4fb3) x31 0x00000000
core   0: 0x80000218 (0x00dddfb3) srl     t6, s11, a3
core   0: 3 0x80000218 (0x00dddfb3) x31 0x00000000
core   0: 0x8000021c (0x61083a17) auipc   s4, 0x61083
core   0: 3 0x8000021c (0x61083a17) x20 0xe108321c
core   0: 0x80000220 (0xc162b893) sltiu   a7, t0, -1002
core   0: 3 0x80000220 (0xc162b893) x17 0x00000001
core   0: 0x80000224 (0x03dfb033) mulhu   zero, t6, t4
core   0: 3 0x80000224 (0x03dfb033)
core   0: 0x80000228 (0x006046b3) xor     a3, zero, t1
core   0: 3 0x80000228 (0x006046b3) x13 0x00000000
core   0: 0x8000022c (0x41b9db33) sra     s6, s3, s11
core   0: 3 0x8000022c (0x41b9db33) x22 0x00000000
core   0: 0x80000230 (0x03bdf397) auipc   t2, 0x3bdf
core   0: 3 0x80000230 (0x03bdf397) x 7 0x83bdf230
core   0: 0x80000234 (0x0001e2b3) or      t0, gp, zero
core   0: 3 0x80000234 (0x0001e2b3) x 5 0x00000001
core   0: 0x80000238 (0x41245d13) srai    s10, s0, 18
core   0: 3 0x80000238 (0x41245d13) x26 0x00000a00
core   0: 0x8000023c (0xcbddbc97) auipc   s9, 0xcbddb
core   0: 3 0x8000023c (0xcbddbc97) x25 0x4bddb23c
core   0: 0x80000240 (0x26597c93) andi    s9, s2, 613
core   0: 3 0x80000240 (0x26597c93) x25 0x00000000
core   0: 0x80000244 (0x011f3fb3) sltu    t6, t5, a7
core   0: 3 0x80000244 (0x011f3fb3) x31 0x00000000
core   0: 0x80000248 (0x03cd7433) remu    s0, s10, t3
core   0: 3 0x80000248 (0x03cd7433) x 8 0x00000a00
core   0: 0x8000024c (0x92acb293) sltiu   t0, s9, -1750
core   0: 3 0x8000024c (0x92acb293) x 5 0x00000001
core   0: 0x80000250 (0x00568fb3) add     t6, a3, t0
core   0: 3 0x80000250 (0x00568fb3) x31 0x00000001
core   0: 0x80000254 (0x0142ce33) xor     t3, t0, s4
core   0: 3 0x80000254 (0x0142ce33) x28 0xe108321d
core   0: 0x80000258 (0xcc8e67b7) lui     a5, 0xcc8e6
core   0: 3 0x80000258 (0xcc8e67b7) x15 0xcc8e6000
core   0: 0x8000025c (0x03f189b3) mul     s3, gp, t6
core   0: 3 0x8000025c (0x03f189b3) x19 0x00000001
core   0: 0x80000260 (0x02d4ec33) rem     s8, s1, a3
core   0: 3 0x80000260 (0x02d4ec33) x24 0x00000001
core   0: 0x80000264 (0x00447b33) and     s6, s0, tp
core   0: 3 0x80000264 (0x00447b33) x22 0x00000000
core   0: 0x80000268 (0x96e9fc97) auipc   s9, 0x96e9f
core   0: 3 0x80000268 (0x96e9fc97) x25 0x16e9f268
core   0: 0x8000026c (0xbd0fb797) auipc   a5, 0xbd0fb
core   0: 3 0x8000026c (0xbd0fb797) x15 0x3d0fb26c
core   0: 0x80000270 (0x03f479b3) remu    s3, s0, t6
core   0: 3 0x80000270 (0x03f479b3) x19 0x00000000
core   0: 0x80000274 (0x011b34b3) sltu    s1, s6, a7
core   0: 3 0x80000274 (0x011b34b3) x 9 0x00000001
core   0: 0x80000278 (0x8972c493) xori    s1, t0, -1897
core   0: 3 0x80000278 (0x8972c493) x 9 0xfffff896
core   0: 0x8000027c (0x0394e5b3) rem     a1, s1, s9
core   0: 3 0x8000027c (0x0394e5b3) x11 0xfffff896
core   0: 0x80000280 (0x11083e13) sltiu   t3, a6, 272
core   0: 3 0x80000280 (0x11083e13) x28 0x00000000
core   0: 0x80000284 (0x41825093) srai    ra, tp, 24
core   0: 3 0x80000284 (0x41825093) x 1 0x00000000
core   0: 0x80000288 (0x00000013) nop
core   0: 3 0x80000288 (0x00000013)
core   0: 0x8000028c (0x031fcfb3) div     t6, t6, a7
core   0: 3 0x8000028c (0x031fcfb3) x31 0x00000001
core   0: 0x80000290 (0x010d8d33) add     s10, s11, a6
core   0: 3 0x80000290 (0x010d8d33) x26 0x80014e6b
core   0: 0x80000294 (0x013fd613) srli    a2, t6, 19
core   0: 3 0x80000294 (0x013fd613) x12 0x00000000
core   0: 0x80000298 (0x89db4293) xori    t0, s6, -1891
core   0: 3 0x80000298 (0x89db4293) x 5 0xfffff89d
core   0: 0x8000029c (0x32c25337) lui     t1, 0x32c25
core   0: 3 0x8000029c (0x32c25337) x 6 0x32c25000
core   0: 0x800002a0 (0x029241b3) div     gp, tp, s1
core   0: 3 0x800002a0 (0x029241b3) x 3 0x00000000
core   0: 0x800002a4 (0xc17806b7) lui     a3, 0xc1780
core   0: 3 0x800002a4 (0xc17806b7) x13 0xc1780000
core   0: 0x800002a8 (0x06448213) addi    tp, s1, 100
core   0: 3 0x800002a8 (0x06448213) x 4 0xfffff8fa
core   0: 0x800002ac (0x01120333) add     t1, tp, a7
core   0: 3 0x800002ac (0x01120333) x 6 0xfffff8fb
core   0: 0x800002b0 (0x013588b3) add     a7, a1, s3
core   0: 3 0x800002b0 (0x013588b3) x17 0xfffff896
core   0: 0x800002b4 (0x12c07b13) andi    s6, zero, 300
core   0: 3 0x800002b4 (0x12c07b13) x22 0x00000000
core   0: 0x800002b8 (0x01113cb3) sltu    s9, sp, a7
core   0: 3 0x800002b8 (0x01113cb3) x25 0x00000001
core   0: 0x800002bc (0xad266c13) ori     s8, a2, -1326
core   0: 3 0x800002bc (0xad266c13) x24 0xfffffad2
core   0: 0x800002c0 (0x02736333) rem     t1, t1, t2
core   0: 3 0x800002c0 (0x02736333) x 6 0xfffff8fb
core   0: 0x800002c4 (0x028c8333) mul     t1, s9, s0
core   0: 3 0x800002c4 (0x028c8333) x 6 0x00000a00
core   0: 0x800002c8 (0x01b05393) srli    t2, zero, 27
core   0: 3 0x800002c8 (0x01b05393) x 7 0x00000000
core   0: 0x800002cc (0x011be333) or      t1, s7, a7
core   0: 3 0x800002cc (0x011be333) x 6 0xfffff9df
core   0: 0x800002d0 (0x401cd9b3) sra     s3, s9, ra
core   0: 3 0x800002d0 (0x401cd9b3) x19 0x00000001
core   0: 0x800002d4 (0xe417ad13) slti    s10, a5, -447
core   0: 3 0x800002d4 (0xe417ad13) x26 0x00000000
core   0: 0x800002d8 (0x02c96cb3) rem     s9, s2, a2
core   0: 3 0x800002d8 (0x02c96cb3) x25 0x00000000
core   0: 0x800002dc (0x403ede93) srai    t4, t4, 3
core   0: 3 0x800002dc (0x403ede93) x29 0xf032e082
core   0: 0x800002e0 (0x0312aab3) mulhsu  s5, t0, a7
core   0: 3 0x800002e0 (0x0312aab3) x21 0xfffff89d
core   0: 0x800002e4 (0x01c3afb3) slt     t6, t2, t3
core   0: 3 0x800002e4 (0x01c3afb3) x31 0x00000000
core   0: 0x800002e8 (0x575d2b93) slti    s7, s10, 1397
core   0: 3 0x800002e8 (0x575d2b93) x23 0x00000001
core   0: 0x800002ec (0x7a64ea93) ori     s5, s1, 1958
core   0: 3 0x800002ec (0x7a64ea93) x21 0xffffffb6
core   0: 0x800002f0 (0x002094b3) sll     s1, ra, sp
core   0: 3 0x800002f0 (0x002094b3) x 9 0x00000000
core   0: 0x800002f4 (0x0200d2b3) divu    t0, ra, zero
core   0: 3 0x800002f4 (0x0200d2b3) x 5 0xffffffff
core   0: 0x800002f8 (0x40c98533) sub     a0, s3, a2
core   0: 3 0x800002f8 (0x40c98533) x10 0x00000001
core   0: 0x800002fc (0x011b79b3) and     s3, s6, a7
core   0: 3 0x800002fc (0x011b79b3) x19 0x00000000
core   0: 0x80000300 (0x029f82b3) mul     t0, t6, s1
core   0: 3 0x80000300 (0x029f82b3) x 5 0x00000000
core   0: 0x80000304 (0x02d1d4b3) divu    s1, gp, a3
core   0: 3 0x80000304 (0x02d1d4b3) x 9 0x00000000
core   0: 0x80000308 (0xb8618913) addi    s2, gp, -1146
core   0: 3 0x80000308 (0xb8618913) x18 0xfffffb86
core   0: 0x8000030c (0x4075db33) sra     s6, a1, t2
core   0: 3 0x8000030c (0x4075db33) x22 0xfffff896
core   0: 0x80000310 (0x034132b3) mulhu   t0, sp, s4
core   0: 3 0x80000310 (0x034132b3) x 5 0x00000269
core   0: 0x80000314 (0xe0a2c013) xori    zero, t0, -502
core   0: 3 0x80000314 (0xe0a2c013)
core   0: 0x80000318 (0x0106dd13) srli    s10, a3, 16
core   0: 3 0x80000318 (0x0106dd13) x26 0x0000c178
core   0: 0x8000031c (0x00ae9213) slli    tp, t4, 10
core   0: 3 0x8000031c (0x00ae9213) x 4 0xcb820800
core   0: 0x80000320 (0x031d2e33) mulhsu  t3, s10, a7
core   0: 3 0x80000320 (0x031d2e33) x28 0x0000c177
core   0: 0x80000324 (0xced0c493) xori    s1, ra, -787
core   0: 3 0x80000324 (0xced0c493) x 9 0xfffffced
core   0: 0x80000328 (0xf794fe17) auipc   t3, 0xf794f
core   0: 3 0x80000328 (0xf794fe17) x28 0x7794f328
core   0: 0x8000032c (0x27c16513) ori     a0, sp, 636
core   0: 3 0x8000032c (0x27c16513) x10 0x000002fe
core   0: 0x80000330 (0x8cde3593) sltiu   a1, t3, -1843
core   0: 3 0x80000330 (0x8cde3593) x11 0x00000001
core   0: 0x80000334 (0x410f8d33) sub     s10, t6, a6
core   0: 3 0x80000334 (0x410f8d33) x26 0x7ffeb19c
core   0: 0x80000338 (0xb96155b7) lui     a1, 0xb9615
core   0: 3 0x80000338 (0xb96155b7) x11 0xb9615000
core   0: 0x8000033c (0x003c8b33) add     s6, s9, gp
core   0: 3 0x8000033c (0x003c8b33) x22 0x00000000
core   0: 0x80000340 (0x01619cb3) sll     s9, gp, s6
core   0: 3 0x80000340 (0x01619cb3) x25 0x00000000
core   0: 0x80000344 (0x03ed5cb3) divu    s9, s10, t5
core   0: 3 0x80000344 (0x03ed5cb3) x25 0x0000000c
core   0: 0x80000348 (0x41a082b3) sub     t0, ra, s10
core   0: 3 0x80000348 (0x41a082b3) x 5 0x80014e64
core   0: 0x8000034c (0x2d762113) slti    sp, a2, 727
core   0: 3 0x8000034c (0x2d762113) x 2 0x00000001
core   0: 0x80000350 (0x01988a33) add     s4, a7, s9
core   0: 3 0x80000350 (0x01988a33) x20 0xfffff8a2
core   0: 0x80000354 (0x013974b3) and     s1, s2, s3
core   0: 3 0x80000354 (0x013974b3) x 9 0x00000000
core   0: 0x80000358 (0xd2209f37) lui     t5, 0xd2209
core   0: 3 0x80000358 (0xd2209f37) x30 0xd2209000
core   0: 0x8000035c (0x03f410b3) mulh    ra, s0, t6
core   0: 3 0x8000035c (0x03f410b3) x 1 0x00000000
core   0: 0x80000360 (0x01884933) xor     s2, a6, s8
core   0: 3 0x80000360 (0x01884933) x18 0x7ffeb4b6
core   0: 0x80000364 (0x41bc8d33) sub     s10, s9, s11
core   0: 3 0x80000364 (0x41bc8d33) x26 0x00000005
core   0: 0x80000368 (0x6e972c93) slti    s9, a4, 1769
core   0: 3 0x80000368 (0x6e972c93) x25 0x00000001
core   0: 0x8000036c (0xb2bb0f37) lui     t5, 0xb2bb0
core   0: 3 0x8000036c (0xb2bb0f37) x30 0xb2bb0000
core   0: 0x80000370 (0x017959b3) srl     s3, s2, s7
core   0: 3 0x80000370 (0x017959b3) x19 0x3fff5a5b
core   0: 0x80000374 (0x02f9ab33) mulhsu  s6, s3, a5
core   0: 3 0x80000374 (0x02f9ab33) x22 0x0f43c518
core   0: 0x80000378 (0x02012e33) mulhsu  t3, sp, zero
core   0: 3 0x80000378 (0x02012e33) x28 0x00000000
core   0: 0x8000037c (0x0157afb3) slt     t6, a5, s5
core   0: 3 0x8000037c (0x0157afb3) x31 0x00000000
core   0: 0x80000380 (0x03baaf33) mulhsu  t5, s5, s11
core   0: 3 0x80000380 (0x03baaf33) x30 0xffffffff
core   0: 0x80000384 (0x028fe533) rem     a0, t6, s0
core   0: 3 0x80000384 (0x028fe533) x10 0x00000000
core   0: 0x80000388 (0x49a36193) ori     gp, t1, 1178
core   0: 3 0x80000388 (0x49a36193) x 3 0xfffffddf
core   0: 0x8000038c (0x02fa35b3) mulhu   a1, s4, a5
core   0: 3 0x8000038c (0x02fa35b3) x11 0x3d0fb0aa
core   0: 0x80000390 (0x027d4433) div     s0, s10, t2
core   0: 3 0x80000390 (0x027d4433) x 8 0xffffffff
core   0: 0x80000394 (0x00894433) xor     s0, s2, s0
core   0: 3 0x80000394 (0x00894433) x 8 0x80014b49
core   0: 0x80000398 (0x011cfab3) and     s5, s9, a7
core   0: 3 0x80000398 (0x011cfab3) x21 0x00000000
core   0: 0x8000039c (0x02b0fcb3) remu    s9, ra, a1
core   0: 3 0x8000039c (0x02b0fcb3) x25 0x00000000
core   0: 0x800003a0 (0x02d211b3) mulh    gp, tp, a3
core   0: 3 0x800003a0 (0x02d211b3) x 3 0x0cd264fb
core   0: 0x800003a4 (0x00000013) nop
core   0: 3 0x800003a4 (0x00000013)
core   0: 0x800003a8 (0x412cd133) sra     sp, s9, s2
core   0: 3 0x800003a8 (0x412cd133) x 2 0x00000000
core   0: 0x800003ac (0x41cf5d33) sra     s10, t5, t3
core   0: 3 0x800003ac (0x41cf5d33) x26 0xffffffff
core   0: 0x800003b0 (0xfd01af13) slti    t5, gp, -48
core   0: 3 0x800003b0 (0xfd01af13) x30 0x00000000
core   0: 0x800003b4 (0xc9a3aa13) slti    s4, t2, -870
core   0: 3 0x800003b4 (0xc9a3aa13) x20 0x00000000
core   0: 0x800003b8 (0x029c69b3) rem     s3, s8, s1
core   0: 3 0x800003b8 (0x029c69b3) x19 0xfffffad2
core   0: 0x800003bc (0x0082f1b3) and     gp, t0, s0
core   0: 3 0x800003bc (0x0082f1b3) x 3 0x80014a40
core   0: 0x800003c0 (0x414ada33) sra     s4, s5, s4
core   0: 3 0x800003c0 (0x414ada33) x20 0x00000000
core   0: 0x800003c4 (0x02ab09b3) mul     s3, s6, a0
core   0: 3 0x800003c4 (0x02ab09b3) x19 0x00000000
core   0: 0x800003c8 (0x00485133) srl     sp, a6, tp
core   0: 3 0x800003c8 (0x00485133) x 2 0x80014e64
core   0: 0x800003cc (0x028576b3) remu    a3, a0, s0
core   0: 3 0x800003cc (0x028576b3) x13 0x00000000
core   0: 0x800003d0 (0x010e5a33) srl     s4, t3, a6
core   0: 3 0x800003d0 (0x010e5a33) x20 0x00000000
core   0: 0x800003d4 (0x01d620b3) slt     ra, a2, t4
core   0: 3 0x800003d4 (0x01d620b3) x 1 0x00000000
core   0: 0x800003d8 (0x03fa5cb3) divu    s9, s4, t6
core   0: 3 0x800003d8 (0x03fa5cb3) x25 0xffffffff
core   0: 0x800003dc (0x0d0eb897) auipc   a7, 0xd0eb
core   0: 3 0x800003dc (0x0d0eb897) x17 0x8d0eb3dc
core   0: 0x800003e0 (0x01b402b3) add     t0, s0, s11
core   0: 3 0x800003e0 (0x01b402b3) x 5 0x80014b50
core   0: 0x800003e4 (0x0256d6b3) divu    a3, a3, t0
core   0: 3 0x800003e4 (0x0256d6b3) x13 0x00000000
core   0: 0x800003e8 (0x02f1b8b3) mulhu   a7, gp, a5
core   0: 3 0x800003e8 (0x02f1b8b3) x17 0x1e8827fb
core   0: 0x800003ec (0x011109b3) add     s3, sp, a7
core   0: 3 0x800003ec (0x011109b3) x19 0x9e89765f
core   0: 0x800003f0 (0x00000013) nop
core   0: 3 0x800003f0 (0x00000013)
core   0: 0x800003f4 (0x01b25993) srli    s3, tp, 27
core   0: 3 0x800003f4 (0x01b25993) x19 0x00000019
core   0: 0x800003f8 (0x00135c33) srl     s8, t1, ra
core   0: 3 0x800003f8 (0x00135c33) x24 0xfffff9df
core   0: 0x800003fc (0x02db7933) remu    s2, s6, a3
core   0: 3 0x800003fc (0x02db7933) x18 0x0f43c518
core   0: 0x80000400 (0x03b02eb3) mulhsu  t4, zero, s11
core   0: 3 0x80000400 (0x03b02eb3) x29 0x00000000
core   0: 0x80000404 (0x5b84b997) auipc   s3, 0x5b84b
core   0: 3 0x80000404 (0x5b84b997) x19 0xdb84b404
core   0: 0x80000408 (0x41cfdcb3) sra     s9, t6, t3
core   0: 3 0x80000408 (0x41cfdcb3) x25 0x00000000
core   0: 0x8000040c (0xa9bb5617) auipc   a2, 0xa9bb5
core   0: 3 0x8000040c (0xa9bb5617) x12 0x29bb540c
core   0: 0x80000410 (0x0ddc7c93) andi    s9, s8, 221
core   0: 3 0x80000410 (0x0ddc7c93) x25 0x000000dd
core   0: 0x80000414 (0x01bd29b3) slt     s3, s10, s11
core   0: 3 0x80000414 (0x01bd29b3) x19 0x00000001
core   0: 0x80000418 (0x41735133) sra     sp, t1, s7
core   0: 3 0x80000418 (0x41735133) x 2 0xfffffcef
core   0: 0x8000041c (0x005abc33) sltu    s8, s5, t0
core   0: 3 0x8000041c (0x005abc33) x24 0x00000001
core   0: 0x80000420 (0x005cea33) or      s4, s9, t0
core   0: 3 0x80000420 (0x005cea33) x20 0x80014bdd
core   0: 0x80000424 (0x58f88513) addi    a0, a7, 1423
core   0: 3 0x80000424 (0x58f88513) x10 0x1e882d8a
core   0: 0x80000428 (0x02055133) divu    sp, a0, zero
core   0: 3 0x80000428 (0x02055133) x 2 0xffffffff
core   0: 0x8000042c (0x02c8c9b3) div     s3, a7, a2
core   0: 3 0x8000042c (0x02c8c9b3) x19 0x00000000
core   0: 0x80000430 (0x41435d13) srai    s10, t1, 20
core   0: 3 0x80000430 (0x41435d13) x26 0xffffffff
core   0: 0x80000434 (0x41c3dab3) sra     s5, t2, t3
core   0: 3 0x80000434 (0x41c3dab3) x21 0x00000000
core   0: 0x80000438 (0x00eba133) slt     sp, s7, a4
core   0: 3 0x80000438 (0x00eba133) x 2 0x00000000
core   0: 0x8000043c (0x03a78ab3) mul     s5, a5, s10
core   0: 3 0x8000043c (0x03a78ab3) x21 0xc2f04d94
core   0: 0x80000440 (0x018c1d13) slli    s10, s8, 24
core   0: 3 0x80000440 (0x018c1d13) x26 0x01000000
core   0: 0x80000444 (0x00b277b3) and     a5, tp, a1
core   0: 3 0x80000444 (0x00b277b3) x15 0x09020000
core   0: 0x80000448 (0x40098933) sub     s2, s3, zero
core   0: 3 0x80000448 (0x40098933) x18 0x00000000
core   0: 0x8000044c (0x40e18633) sub     a2, gp, a4
core   0: 3 0x8000044c (0x40e18633) x12 0xffffbd5c
core   0: 0x80000450 (0x03e8d633) divu    a2, a7, t5
core   0: 3 0x80000450 (0x03e8d633) x12 0xffffffff
core   0: 0x80000454 (0x02fec8b3) div     a7, t4, a5
core   0: 3 0x80000454 (0x02fec8b3) x17 0x00000000
core   0: 0x80000458 (0x1673b913) sltiu   s2, t2, 359
core   0: 3 0x80000458 (0x1673b913) x18 0x00000001
core   0: 0x8000045c (0x011138b3) sltu    a7, sp, a7
core   0: 3 0x8000045c (0x011138b3) x17 0x00000000
core   0: 0x80000460 (0x027d77b3) remu    a5, s10, t2
core   0: 3 0x80000460 (0x027d77b3) x15 0x01000000
core   0: 0x80000464 (0x020dbf33) mulhu   t5, s11, zero
core   0: 3 0x80000464 (0x020dbf33) x30 0x00000000
core   0: 0x80000468 (0x00a2ffb3) and     t6, t0, a0
core   0: 3 0x80000468 (0x00a2ffb3) x31 0x00000900
core   0: 0x8000046c (0x03a86033) rem     zero, a6, s10
core   0: 3 0x8000046c (0x03a86033)
core   0: 0x80000470 (0x41b98433) sub     s0, s3, s11
core   0: 3 0x80000470 (0x41b98433) x 8 0xfffffff9
core   0: 0x80000474 (0x863a1317) auipc   t1, 0x863a1
core   0: 3 0x80000474 (0x863a1317) x 6 0x063a1474
core   0: 0x80000478 (0x02ac3d33) mulhu   s10, s8, a0
core   0: 3 0x80000478 (0x02ac3d33) x26 0x00000000
core   0: 0x8000047c (0x7392b913) sltiu   s2, t0, 1849
core   0: 3 0x8000047c (0x7392b913) x18 0x00000000
core   0: 0x80000480 (0x0109ffb3) and     t6, s3, a6
core   0: 3 0x80000480 (0x0109ffb3) x31 0x00000000
core   0: 0x80000484 (0x0302e333) rem     t1, t0, a6
core   0: 3 0x80000484 (0x0302e333) x 6 0xfffffcec
core   0: 0x80000488 (0x0383c333) div     t1, t2, s8
core   0: 3 0x80000488 (0x0383c333) x 6 0x00000000
core   0: 0x8000048c (0x03afca33) div     s4, t6, s10
core   0: 3 0x8000048c (0x03afca33) x20 0xffffffff
core   0: 0x80000490 (0x400cd013) srai    zero, s9, 0
core   0: 3 0x80000490 (0x400cd013)
core   0: 0x80000494 (0x0164ed33) or      s10, s1, s6
core   0: 3 0x80000494 (0x0164ed33) x26 0x0f43c518
core   0: 0x80000498 (0x0102f1b3) and     gp, t0, a6
core   0: 3 0x80000498 (0x0102f1b3) x 3 0x80014a40
core   0: 0x8000049c (0x028beab3) rem     s5, s7, s0
core   0: 3 0x8000049c (0x028beab3) x21 0x00000001
core   0: 0x800004a0 (0xd55af093) andi    ra, s5, -683
core   0: 3 0x800004a0 (0xd55af093) x 1 0x00000001
core   0: 0x800004a4 (0x00a667b3) or      a5, a2, a0
core   0: 3 0x800004a4 (0x00a667b3) x15 0xffffffff
core   0: 0x800004a8 (0x53bbc393) xori    t2, s7, 1339
core   0: 3 0x800004a8 (0x53bbc393) x 7 0x0000053a
core   0: 0x800004ac (0xb4304f13) xori    t5, zero, -1213
core   0: 3 0x800004ac (0xb4304f13) x30 0xfffffb43
core   0: 0x800004b0 (0x00968bb3) add     s7, a3, s1
core   0: 3 0x800004b0 (0x00968bb3) x23 0x00000000
core   0: 0x800004b4 (0x34492513) slti    a0, s2, 836
core   0: 3 0x800004b4 (0x34492513) x10 0x00000001
core   0: 0x800004b8 (0x1f418193) addi    gp, gp, 500
core   0: 3 0x800004b8 (0x1f418193) x 3 0x80014c34
core   0: 0x800004bc (0x030c0ab3) mul     s5, s8, a6
core   0: 3 0x800004bc (0x030c0ab3) x21 0x80014e64
core   0: 0x800004c0 (0x007b9693) slli    a3, s7, 7
core   0: 3 0x800004c0 (0x007b9693) x13 0x00000000
core   0: 0x800004c4 (0x031cf633) remu    a2, s9, a7
core   0: 3 0x800004c4 (0x031cf633) x12 0x000000dd
core   0: 0x800004c8 (0x01610033) add     zero, sp, s6
core   0: 3 0x800004c8 (0x01610033)
core   0: 0x800004cc (0x02aaff33) remu    t5, s5, a0
core   0: 3 0x800004cc (0x02aaff33) x30 0x00000000
core   0: 0x800004d0 (0x00c6b3b3) sltu    t2, a3, a2
core   0: 3 0x800004d0 (0x00c6b3b3) x 7 0x00000001
core   0: 0x800004d4 (0x40735eb3) sra     t4, t1, t2
core   0: 3 0x800004d4 (0x40735eb3) x29 0x00000000
core   0: 0x800004d8 (0x4132dc13) srai    s8, t0, 19
core   0: 3 0x800004d8 (0x4132dc13) x24 0xfffff000
core   0: 0x800004dc (0x2f912e13) slti    t3, sp, 761
core   0: 3 0x800004dc (0x2f912e13) x28 0x00000001
core   0: 0x800004e0 (0x01db5f13) srli    t5, s6, 29
core   0: 3 0x800004e0 (0x01db5f13) x30 0x00000000
core   0: 0x800004e4 (0x02043f33) mulhu   t5, s0, zero
core   0: 3 0x800004e4 (0x02043f33) x30 0x00000000
core   0: 0x800004e8 (0x00b672b3) and     t0, a2, a1
core   0: 3 0x800004e8 (0x00b672b3) x 5 0x00000088
core   0: 0x800004ec (0x004a4d33) xor     s10, s4, tp
core   0: 3 0x800004ec (0x004a4d33) x26 0x347df7ff
core   0: 0x800004f0 (0x0269fe33) remu    t3, s3, t1
core   0: 3 0x800004f0 (0x0269fe33) x28 0x00000000
core   0: 0x800004f4 (0x4b70eb93) ori     s7, ra, 1207
core   0: 3 0x800004f4 (0x4b70eb93) x23 0x000004b7
core   0: 0x800004f8 (0xc9b42113) slti    sp, s0, -869
core   0: 3 0x800004f8 (0xc9b42113) x 2 0x00000000
core   0: 0x800004fc (0x0184d013) srli    zero, s1, 24
core   0: 3 0x800004fc (0x0184d013)
core   0: 0x80000500 (0x026f93b3) mulh    t2, t6, t1
core   0: 3 0x80000500 (0x026f93b3) x 7 0x00000000
core   0: 0x80000504 (0xfbe17313) andi    t1, sp, -66
core   0: 3 0x80000504 (0xfbe17313) x 6 0x00000000
core   0: 0x80000508 (0x01e214b3) sll     s1, tp, t5
core   0: 3 0x80000508 (0x01e214b3) x 9 0xcb820800
core   0: 0x8000050c (0x006791b3) sll     gp, a5, t1
core   0: 3 0x8000050c (0x006791b3) x 3 0xffffffff
core   0: 0x80000510 (0x03243093) sltiu   ra, s0, 50
core   0: 3 0x80000510 (0x03243093) x 1 0x00000000
core   0: 0x80000514 (0x40cd0fb3) sub     t6, s10, a2
core   0: 3 0x80000514 (0x40cd0fb3) x31 0x347df722
core   0: 0x80000518 (0x00b65033) srl     zero, a2, a1
core   0: 3 0x80000518 (0x00b65033)
core   0: 0x8000051c (0x001fd393) srli    t2, t6, 1
core   0: 3 0x8000051c (0x001fd393) x 7 0x1a3efb91
core   0: 0x80000520 (0x41e15ab3) sra     s5, sp, t5
core   0: 3 0x80000520 (0x41e15ab3) x21 0x00000000
core   0: 0x80000524 (0x8197e093) ori     ra, a5, -2023
core   0: 3 0x80000524 (0x8197e093) x 1 0xffffffff
core   0: 0x80000528 (0x0352f4b3) remu    s1, t0, s5
core   0: 3 0x80000528 (0x0352f4b3) x 9 0x00000088
core   0: 0x8000052c (0x0324a933) mulhsu  s2, s1, s2
core   0: 3 0x8000052c (0x0324a933) x18 0x00000000
core   0: 0x80000530 (0x03038f33) mul     t5, t2, a6
core   0: 3 0x80000530 (0x03038f33) x30 0xecd172a4
core   0: 0x80000534 (0x0f5249b7) lui     s3, 0xf524
core   0: 3 0x80000534 (0x0f5249b7) x19 0x0f524000
core   0: 0x80000538 (0x033bee33) rem     t3, s7, s3
core   0: 3 0x80000538 (0x033bee33) x28 0x000004b7
core   0: 0x8000053c (0x03bdc9b3) div     s3, s11, s11
core   0: 3 0x8000053c (0x03bdc9b3) x19 0x00000001
core   0: 0x80000540 (0x00d46bb3) or      s7, s0, a3
core   0: 3 0x80000540 (0x00d46bb3) x23 0xfffffff9
core   0: 0x80000544 (0x0350bab3) mulhu   s5, ra, s5
core   0: 3 0x80000544 (0x0350bab3) x21 0x00000000
core   0: 0x80000548 (0x364d6913) ori     s2, s10, 868
core   0: 3 0x80000548 (0x364d6913) x18 0x347df7ff
core   0: 0x8000054c (0x004d4d33) xor     s10, s10, tp
core   0: 3 0x8000054c (0x004d4d33) x26 0xffffffff
core   0: 0x80000550 (0x6299a117) auipc   sp, 0x6299a
core   0: 3 0x80000550 (0x6299a117) x 2 0xe299a550
core   0: 0x80000554 (0x0386deb3) divu    t4, a3, s8
core   0: 3 0x80000554 (0x0386deb3) x29 0x00000000
core   0: 0x80000558 (0x02b58433) mul     s0, a1, a1
core   0: 3 0x80000558 (0x02b58433) x 8 0x31d630e4
core   0: 0x8000055c (0x4023d693) srai    a3, t2, 2
core   0: 3 0x8000055c (0x4023d693) x13 0x068fbee4
core   0: 0x80000560 (0x0346aab3) mulhsu  s5, a3, s4
core   0: 3 0x80000560 (0x0346aab3) x21 0x068fbee3
core   0: 0x80000564 (0x00000013) nop
core   0: 3 0x80000564 (0x00000013)
core   0: 0x80000568 (0x419d8bb3) sub     s7, s11, s9
core   0: 3 0x80000568 (0x419d8bb3) x23 0xffffff2a
core   0: 0x8000056c (0x02d11d33) mulh    s10, sp, a3
core   0: 3 0x8000056c (0x02d11d33) x26 0xff3f17c7
core   0: 0x80000570 (0x00cfe333) or      t1, t6, a2
core   0: 3 0x80000570 (0x00cfe333) x 6 0x347df7ff
core   0: 0x80000574 (0x006ee4b3) or      s1, t4, t1
core   0: 3 0x80000574 (0x006ee4b3) x 9 0x347df7ff
core   0: 0x80000578 (0x03dcdb33) divu    s6, s9, t4
core   0: 3 0x80000578 (0x03dcdb33) x22 0xffffffff
core   0: 0x8000057c (0x4415c593) xori    a1, a1, 1089
core   0: 3 0x8000057c (0x4415c593) x11 0x3d0fb4eb
core   0: 0x80000580 (0x4af40597) auipc   a1, 0x4af40
core   0: 3 0x80000580 (0x4af40597) x11 0xcaf40580
core   0: 0x80000584 (0x03bdb433) mulhu   s0, s11, s11
core   0: 3 0x80000584 (0x03bdb433) x 8 0x00000000
core   0: 0x80000588 (0x027095b3) mulh    a1, ra, t2
core   0: 3 0x80000588 (0x027095b3) x11 0xffffffff
core   0: 0x8000058c (0x965bf017) auipc   zero, 0x965bf
core   0: 3 0x8000058c (0x965bf017)
core   0: 0x80000590 (0x0068da93) srli    s5, a7, 6
core   0: 3 0x80000590 (0x0068da93) x21 0x00000000
core   0: 0x80000594 (0x0351cd33) div     s10, gp, s5
core   0: 3 0x80000594 (0x0351cd33) x26 0xffffffff
core   0: 0x80000598 (0x01f0dc33) srl     s8, ra, t6
core   0: 3 0x80000598 (0x01f0dc33) x24 0x3fffffff
core   0: 0x8000059c (0x020f9033) mulh    zero, t6, zero
core   0: 3 0x8000059c (0x020f9033)
core   0: 0x800005a0 (0x63344d13) xori    s10, s0, 1587
core   0: 3 0x800005a0 (0x63344d13) x26 0x00000633
core   0: 0x800005a4 (0xd2260893) addi    a7, a2, -734
core   0: 3 0x800005a4 (0xd2260893) x17 0xfffffdff
core   0: 0x800005a8 (0x025aa6b3) mulhsu  a3, s5, t0
core   0: 3 0x800005a8 (0x025aa6b3) x13 0x00000000
core   0: 0x800005ac (0x00a9a633) slt     a2, s3, a0
core   0: 3 0x800005ac (0x00a9a633) x12 0x00000000
core   0: 0x800005b0 (0x0080dc33) srl     s8, ra, s0
core   0: 3 0x800005b0 (0x0080dc33) x24 0xffffffff
core   0: 0x800005b4 (0x018c5c93) srli    s9, s8, 24
core   0: 3 0x800005b4 (0x018c5c93) x25 0x000000ff
core   0: 0x800005b8 (0x003459b3) srl     s3, s0, gp
core   0: 3 0x800005b8 (0x003459b3) x19 0x00000000
core   0: 0x800005bc (0x00ba6133) or      sp, s4, a1
core   0: 3 0x800005bc (0x00ba6133) x 2 0xffffffff
core   0: 0x800005c0 (0x65351797) auipc   a5, 0x65351
core   0: 3 0x800005c0 (0x65351797) x15 0xe53515c0
core   0: 0x800005c4 (0x00a35933) srl     s2, t1, a0
core   0: 3 0x800005c4 (0x00a35933) x18 0x1a3efbff
core   0: 0x800005c8 (0x025cc933) div     s2, s9, t0
core   0: 3 0x800005c8 (0x025cc933) x18 0x00000001
core   0: 0x800005cc (0x0274d933) divu    s2, s1, t2
core   0: 3 0x800005cc (0x0274d933) x18 0x00000002
core   0: 0x800005d0 (0xac6cf613) andi    a2, s9, -1338
core   0: 3 0x800005d0 (0xac6cf613) x12 0x000000c6
core   0: 0x800005d4 (0x03c0f033) remu    zero, ra, t3
core   0: 3 0x800005d4 (0x03c0f033)
core   0: 0x800005d8 (0x01d5bb33) sltu    s6, a1, t4
core   0: 3 0x800005d8 (0x01d5bb33) x22 0x00000000
core   0: 0x800005dc (0x028a1ab3) mulh    s5, s4, s0
core   0: 3 0x800005dc (0x028a1ab3) x21 0x00000000
core   0: 0x800005e0 (0x8d8afc13) andi    s8, s5, -1832
core   0: 3 0x800005e0 (0x8d8afc13) x24 0x00000000
core   0: 0x800005e4 (0x88278b37) lui     s6, 0x88278
core   0: 3 0x800005e4 (0x88278b37) x22 0x88278000
core   0: 0x800005e8 (0x4153dd13) srai    s10, t2, 21
core   0: 3 0x800005e8 (0x4153dd13) x26 0x000000d1
core   0: 0x800005ec (0x03a893b3) mulh    t2, a7, s10
core   0: 3 0x800005ec (0x03a893b3) x 7 0xffffffff
core   0: 0x800005f0 (0x02dc8a33) mul     s4, s9, a3
core   0: 3 0x800005f0 (0x02dc8a33) x20 0x00000000
core   0: 0x800005f4 (0x02434bb3) div     s7, t1, tp
core   0: 3 0x800005f4 (0x02434bb3) x23 0x00000000
core   0: 0x800005f8 (0x007cd6b3) srl     a3, s9, t2
core   0: 3 0x800005f8 (0x007cd6b3) x13 0x00000000
core   0: 0x800005fc (0x031b7933) remu    s2, s6, a7
core   0: 3 0x800005fc (0x031b7933) x18 0x88278000
core   0: 0x80000600 (0x021219b3) mulh    s3, tp, ra
core   0: 3 0x80000600 (0x021219b3) x19 0x00000000
core   0: 0x80000604 (0x01c66f33) or      t5, a2, t3
core   0: 3 0x80000604 (0x01c66f33) x30 0x000004f7
core   0: 0x80000608 (0x030cabb3) mulhsu  s7, s9, a6
core   0: 3 0x80000608 (0x030cabb3) x23 0x0000007f
core   0: 0x8000060c (0x0136c133) xor     sp, a3, s3
core   0: 3 0x8000060c (0x0136c133) x 2 0x00000000
core   0: 0x80000610 (0x3de03513) sltiu   a0, zero, 990
core   0: 3 0x80000610 (0x3de03513) x10 0x00000001
core   0: 0x80000614 (0x44ffe993) ori     s3, t6, 1103
core   0: 3 0x80000614 (0x44ffe993) x19 0x347df76f
core   0: 0x80000618 (0x41270333) sub     t1, a4, s2
core   0: 3 0x80000618 (0x41270333) x 6 0xf7da0ce4
core   0: 0x8000061c (0xe5c82013) slti    zero, a6, -420
core   0: 3 0x8000061c (0xe5c82013)
core   0: 0x80000620 (0x0385ff33) remu    t5, a1, s8
core   0: 3 0x80000620 (0x0385ff33) x30 0xffffffff
core   0: 0x80000624 (0x41ecdc13) srai    s8, s9, 30
core   0: 3 0x80000624 (0x41ecdc13) x24 0x00000000
core   0: 0x80000628 (0x012cd993) srli    s3, s9, 18
core   0: 3 0x80000628 (0x012cd993) x19 0x00000000
core   0: 0x8000062c (0x00f91933) sll     s2, s2, a5
core   0: 3 0x8000062c (0x00f91933) x18 0x88278000
core   0: 0x80000630 (0x40aa8333) sub     t1, s5, a0
core   0: 3 0x80000630 (0x40aa8333) x 6 0xffffffff
core   0: 0x80000634 (0x01931113) slli    sp, t1, 25
core   0: 3 0x80000634 (0x01931113) x 2 0xfe000000
core   0: 0x80000638 (0x34607617) auipc   a2, 0x34607
core   0: 3 0x80000638 (0x34607617) x12 0xb4607638
core   0: 0x8000063c (0x0364b633) mulhu   a2, s1, s6
core   0: 3 0x8000063c (0x0364b633) x12 0x1beb052f
core   0: 0x80000640 (0x03fd1f33) mulh    t5, s10, t6
core   0: 3 0x80000640 (0x03fd1f33) x30 0x0000002a
core   0: 0x80000644 (0x00f95593) srli    a1, s2, 15
core   0: 3 0x80000644 (0x00f95593) x11 0x0001104f
core   0: 0x80000648 (0x2c2a9697) auipc   a3, 0x2c2a9
core   0: 3 0x80000648 (0x2c2a9697) x13 0xac2a9648
core   0: 0x8000064c (0x00000013) nop
core   0: 3 0x8000064c (0x00000013)
core   0: 0x80000650 (0xa9212e17) auipc   t3, 0xa9212
core   0: 3 0x80000650 (0xa9212e17) x28 0x29212650
core   0: 0x80000654 (0x024e9eb3) mulh    t4, t4, tp
core   0: 3 0x80000654 (0x024e9eb3) x29 0x00000000
core   0: 0x80000658 (0x03219633) mulh    a2, gp, s2
core   0: 3 0x80000658 (0x03219633) x12 0x00000000
core   0: 0x8000065c (0x03f2ea33) rem     s4, t0, t6
core   0: 3 0x8000065c (0x03f2ea33) x20 0x00000088
core   0: 0x80000660 (0x72358a13) addi    s4, a1, 1827
core   0: 3 0x80000660 (0x72358a13) x20 0x00011772
core   0: 0x80000664 (0x47516313) ori     t1, sp, 1141
core   0: 3 0x80000664 (0x47516313) x 6 0xfe000475
core   0: 0x80000668 (0x0244b9b3) mulhu   s3, s1, tp
core   0: 3 0x80000668 (0x0244b9b3) x19 0x29ba8d43
core   0: 0x8000066c (0x038f3233) mulhu   tp, t5, s8
core   0: 3 0x8000066c (0x038f3233) x 4 0x00000000
core   0: 0x80000670 (0x014e3933) sltu    s2, t3, s4
core   0: 3 0x80000670 (0x014e3933) x18 0x00000000
core   0: 0x80000674 (0x03adc5b3) div     a1, s11, s10
core   0: 3 0x80000674 (0x03adc5b3) x11 0x00000000
core   0: 0x80000678 (0x40b75f33) sra     t5, a4, a1
core   0: 3 0x80000678 (0x40b75f33) x30 0x80018ce4
core   0: 0x8000067c (0x400dd5b3) sra     a1, s11, zero
core   0: 3 0x8000067c (0x400dd5b3) x11 0x00000007
core   0: 0x80000680 (0x0382dd33) divu    s10, t0, s8
core   0: 3 0x80000680 (0x0382dd33) x26 0xffffffff
core   0: 0x80000684 (0x020c8b33) mul     s6, s9, zero
core   0: 3 0x80000684 (0x020c8b33) x22 0x00000000
core   0: 0x80000688 (0x032256b3) divu    a3, tp, s2
core   0: 3 0x80000688 (0x032256b3) x13 0xffffffff
core   0: 0x8000068c (0x0175da13) srli    s4, a1, 23
core   0: 3 0x8000068c (0x0175da13) x20 0x00000000
core   0: 0x80000690 (0x94d10e13) addi    t3, sp, -1715
core   0: 3 0x80000690 (0x94d10e13) x28 0xfdfff94d
core   0: 0x80000694 (0x79daaf37) lui     t5, 0x79daa
core   0: 3 0x80000694 (0x79daaf37) x30 0x79daa000
core   0: 0x80000698 (0x01d421b3) slt     gp, s0, t4
core   0: 3 0x80000698 (0x01d421b3) x 3 0x00000000
core   0: 0x8000069c (0x40ebdc33) sra     s8, s7, a4
core   0: 3 0x8000069c (0x40ebdc33) x24 0x00000007
core   0: 0x800006a0 (0x41555c33) sra     s8, a0, s5
core   0: 3 0x800006a0 (0x41555c33) x24 0x00000001
core   0: 0x800006a4 (0x1e0f0537) lui     a0, 0x1e0f0
core   0: 3 0x800006a4 (0x1e0f0537) x10 0x1e0f0000
core   0: 0x800006a8 (0x00ee5a13) srli    s4, t3, 14
core   0: 3 0x800006a8 (0x00ee5a13) x20 0x0003f7ff
core   0: 0x800006ac (0x0090d013) srli    zero, ra, 9
core   0: 3 0x800006ac (0x0090d013)
core   0: 0x800006b0 (0x586d6613) ori     a2, s10, 1414
core   0: 3 0x800006b0 (0x586d6613) x12 0xffffffff
core   0: 0x800006b4 (0x00000013) nop
core   0: 3 0x800006b4 (0x00000013)
core   0: 0x800006b8 (0xf7916397) auipc   t2, 0xf7916
core   0: 3 0x800006b8 (0xf7916397) x 7 0x779166b8
core   0: 0x800006bc (0x05728e17) auipc   t3, 0x5728
core   0: 3 0x800006bc (0x05728e17) x28 0x857286bc
core   0: 0x800006c0 (0x0015c5b3) xor     a1, a1, ra
core   0: 3 0x800006c0 (0x0015c5b3) x11 0xfffffff8
core   0: 0x800006c4 (0x02a2ed13) ori     s10, t0, 42
core   0: 3 0x800006c4 (0x02a2ed13) x26 0x000000aa
core   0: 0x800006c8 (0x02383933) mulhu   s2, a6, gp
core   0: 3 0x800006c8 (0x02383933) x18 0x00000000
core   0: 0x800006cc (0x0088dc13) srli    s8, a7, 8
core   0: 3 0x800006cc (0x0088dc13) x24 0x00fffffd
core   0: 0x800006d0 (0x00dcdab3) srl     s5, s9, a3
core   0: 3 0x800006d0 (0x00dcdab3) x21 0x00000000
core   0: 0x800006d4 (0x43fb0ab7) lui     s5, 0x43fb0
core   0: 3 0x800006d4 (0x43fb0ab7) x21 0x43fb0000
core   0: 0x800006d8 (0x0081df13) srli    t5, gp, 8
core   0: 3 0x800006d8 (0x0081df13) x30 0x00000000
core   0: 0x800006dc (0x01635533) srl     a0, t1, s6
core   0: 3 0x800006dc (0x01635533) x10 0xfe000475
core   0: 0x800006e0 (0x01080033) add     zero, a6, a6
core   0: 3 0x800006e0 (0x01080033)
core   0: 0x800006e4 (0x008b7333) and     t1, s6, s0
core   0: 3 0x800006e4 (0x008b7333) x 6 0x00000000
core   0: 0x800006e8 (0x41f1de13) srai    t3, gp, 31
core   0: 3 0x800006e8 (0x41f1de13) x28 0x00000000
core   0: 0x800006ec (0x038535b3) mulhu   a1, a0, s8
core   0: 3 0x800006ec (0x038535b3) x11 0x00fe0001
core   0: 0x800006f0 (0x0097b9b3) sltu    s3, a5, s1
core   0: 3 0x800006f0 (0x0097b9b3) x19 0x00000000
core   0: 0x800006f4 (0x66fd66b7) lui     a3, 0x66fd6
core   0: 3 0x800006f4 (0x66fd66b7) x13 0x66fd6000
core   0: 0x800006f8 (0x00000013) nop
core   0: 3 0x800006f8 (0x00000013)
core   0: 0x800006fc (0xf808f893) andi    a7, a7, -128
core   0: 3 0x800006fc (0xf808f893) x17 0xfffffd80
core   0: 0x80000700 (0x40d40033) sub     zero, s0, a3
core   0: 3 0x80000700 (0x40d40033)
core   0: 0x80000704 (0x013b9113) slli    sp, s7, 19
core   0: 3 0x80000704 (0x013b9113) x 2 0x03f80000
core   0: 0x80000708 (0x03660333) mul     t1, a2, s6
core   0: 3 0x80000708 (0x03660333) x 6 0x00000000
core   0: 0x8000070c (0x0057afb3) slt     t6, a5, t0
core   0: 3 0x8000070c (0x0057afb3) x31 0x00000001
core   0: 0x80000710 (0x03daacb3) mulhsu  s9, s5, t4
core   0: 3 0x80000710 (0x03daacb3) x25 0x00000000
core   0: 0x80000714 (0x033be133) rem     sp, s7, s3
core   0: 3 0x80000714 (0x033be133) x 2 0x0000007f
core   0: 0x80000718 (0x01f7ea33) or      s4, a5, t6
core   0: 3 0x80000718 (0x01f7ea33) x20 0xe53515c1
core   0: 0x8000071c (0x45c7bd13) sltiu   s10, a5, 1116
core   0: 3 0x8000071c (0x45c7bd13) x26 0x00000000
core   0: 0x80000720 (0x41e4df93) srai    t6, s1, 30
core   0: 3 0x80000720 (0x41e4df93) x31 0x00000000
core   0: 0x80000724 (0x41275c33) sra     s8, a4, s2
core   0: 3 0x80000724 (0x41275c33) x24 0x80018ce4
core   0: 0x80000728 (0x41da5893) srai    a7, s4, 29
core   0: 3 0x80000728 (0x41da5893) x17 0xffffffff
core   0: 0x8000072c (0x01166633) or      a2, a2, a7
core   0: 3 0x8000072c (0x01166633) x12 0xffffffff
core   0: 0x80000730 (0x00065a93) srli    s5, a2, 0
core   0: 3 0x80000730 (0x00065a93) x21 0xffffffff
core   0: 0x80000734 (0x41d15c93) srai    s9, sp, 29
core   0: 3 0x80000734 (0x41d15c93) x25 0x00000000
core   0: 0x80000738 (0xae8c4a13) xori    s4, s8, -1304
core   0: 3 0x80000738 (0xae8c4a13) x20 0x7ffe760c
core   0: 0x8000073c (0x0034f2b3) and     t0, s1, gp
core   0: 3 0x8000073c (0x0034f2b3) x 5 0x00000000
core   0: 0x80000740 (0x01956cb3) or      s9, a0, s9
core   0: 3 0x80000740 (0x01956cb3) x25 0xfe000475
core   0: 0x80000744 (0x02b2d7b3) divu    a5, t0, a1
core   0: 3 0x80000744 (0x02b2d7b3) x15 0x00000000
core   0: 0x80000748 (0x02b92033) mulhsu  zero, s2, a1
core   0: 3 0x80000748 (0x02b92033)
core   0: 0x8000074c (0x00cb5e13) srli    t3, s6, 12
core   0: 3 0x8000074c (0x00cb5e13) x28 0x00000000
core   0: 0x80000750 (0xdb2699b7) lui     s3, 0xdb269
core   0: 3 0x80000750 (0xdb2699b7) x19 0xdb269000
core   0: 0x80000754 (0x025a87b3) mul     a5, s5, t0
core   0: 3 0x80000754 (0x025a87b3) x15 0x00000000
core   0: 0x80000758 (0x03b2e633) rem     a2, t0, s11
core   0: 3 0x80000758 (0x03b2e633) x12 0x00000000
core   0: 0x8000075c (0xcbe95bb7) lui     s7, 0xcbe95
core   0: 3 0x8000075c (0xcbe95bb7) x23 0xcbe95000
core   0: 0x80000760 (0x018d6533) or      a0, s10, s8
core   0: 3 0x80000760 (0x018d6533) x10 0x80018ce4
core   0: 0x80000764 (0x00f31eb3) sll     t4, t1, a5
core   0: 3 0x80000764 (0x00f31eb3) x29 0x00000000
core   0: 0x80000768 (0x01139393) slli    t2, t2, 17
core   0: 3 0x80000768 (0x01139393) x 7 0xcd700000
core   0: 0x8000076c (0x40df05b3) sub     a1, t5, a3
core   0: 3 0x8000076c (0x40df05b3) x11 0x9902a000
core   0: 0x80000770 (0x32b4ba13) sltiu   s4, s1, 811
core   0: 3 0x80000770 (0x32b4ba13) x20 0x00000000
core   0: 0x80000774 (0x022647b3) div     a5, a2, sp
core   0: 3 0x80000774 (0x022647b3) x15 0x00000000
core   0: 0x80000778 (0x032ed633) divu    a2, t4, s2
core   0: 3 0x80000778 (0x032ed633) x12 0xffffffff
core   0: 0x8000077c (0x016e5c33) srl     s8, t3, s6
core   0: 3 0x8000077c (0x016e5c33) x24 0x00000000
core   0: 0x80000780 (0x03ba7033) remu    zero, s4, s11
core   0: 3 0x80000780 (0x03ba7033)
core   0: 0x80000784 (0x40cd5ab3) sra     s5, s10, a2
core   0: 3 0x80000784 (0x40cd5ab3) x21 0x00000000
core   0: 0x80000788 (0x01f81f13) slli    t5, a6, 31
core   0: 3 0x80000788 (0x01f81f13) x30 0x00000000
core   0: 0x8000078c (0x003233b3) sltu    t2, tp, gp
core   0: 3 0x8000078c (0x003233b3) x 7 0x00000000
core   0: 0x80000790 (0x40ab80b3) sub     ra, s7, a0
core   0: 3 0x80000790 (0x40ab80b3) x 1 0x4be7c31c
core   0: 0x80000794 (0x59184913) xori    s2, a6, 1425
core   0: 3 0x80000794 (0x59184913) x18 0x80014bf5
core   0: 0x80000798 (0xf07e0d13) addi    s10, t3, -249
core   0: 3 0x80000798 (0xf07e0d13) x26 0xffffff07
core   0: 0x8000079c (0x024b5533) divu    a0, s6, tp
core   0: 3 0x8000079c (0x024b5533) x10 0xffffffff
core   0: 0x800007a0 (0x12323593) sltiu   a1, tp, 291
core   0: 3 0x800007a0 (0x12323593) x11 0x00000001
core   0: 0x800007a4 (0xcab8a993) slti    s3, a7, -853
core   0: 3 0x800007a4 (0xcab8a993) x19 0x00000000
core   0: 0x800007a8 (0x03845433) divu    s0, s0, s8
core   0: 3 0x800007a8 (0x03845433) x 8 0xffffffff
core   0: 0x800007ac (0x03c96f33) rem     t5, s2, t3
core   0: 3 0x800007ac (0x03c96f33) x30 0x80014bf5
core   0: 0x800007b0 (0x01bd5b93) srli    s7, s10, 27
core   0: 3 0x800007b0 (0x01bd5b93) x23 0x0000001f
core   0: 0x800007b4 (0xea41c913) xori    s2, gp, -348
core   0: 3 0x800007b4 (0xea41c913) x18 0xfffffea4
core   0: 0x800007b8 (0x85416f37) lui     t5, 0x85416
core   0: 3 0x800007b8 (0x85416f37) x30 0x85416000
core   0: 0x800007bc (0x0359be33) mulhu   t3, s3, s5
core   0: 3 0x800007bc (0x0359be33) x28 0x00000000
core   0: 0x800007c0 (0x00e408b3) add     a7, s0, a4
core   0: 3 0x800007c0 (0x00e408b3) x17 0x80018ce3
core   0: 0x800007c4 (0x01dbb9b3) sltu    s3, s7, t4
core   0: 3 0x800007c4 (0x01dbb9b3) x19 0x00000000
core   0: 0x800007c8 (0x03c17933) remu    s2, sp, t3
core   0: 3 0x800007c8 (0x03c17933) x18 0x0000007f
core   0: 0x800007cc (0x400881b3) sub     gp, a7, zero
core   0: 3 0x800007cc (0x400881b3) x 3 0x80018ce3
core   0: 0x800007d0 (0x01444933) xor     s2, s0, s4
core   0: 3 0x800007d0 (0x01444933) x18 0xffffffff
core   0: 0x800007d4 (0x0321d8b3) divu    a7, gp, s2
core   0: 3 0x800007d4 (0x0321d8b3) x17 0x00000000
core   0: 0x800007d8 (0x025f6b33) rem     s6, t5, t0
core   0: 3 0x800007d8 (0x025f6b33) x22 0x85416000
core   0: 0x800007dc (0x019cbc33) sltu    s8, s9, s9
core   0: 3 0x800007dc (0x019cbc33) x24 0x00000000
core   0: 0x800007e0 (0x02c90633) mul     a2, s2, a2
core   0: 3 0x800007e0 (0x02c90633) x12 0x00000001
core   0: 0x800007e4 (0x01a903b3) add     t2, s2, s10
core   0: 3 0x800007e4 (0x01a903b3) x 7 0xffffff06
core   0: 0x800007e8 (0x02ca38b3) mulhu   a7, s4, a2
core   0: 3 0x800007e8 (0x02ca38b3) x17 0x00000000
core   0: 0x800007ec (0x05c8bf13) sltiu   t5, a7, 92
core   0: 3 0x800007ec (0x05c8bf13) x30 0x00000001
core   0: 0x800007f0 (0xaba38a97) auipc   s5, 0xaba38
core   0: 3 0x800007f0 (0xaba38a97) x21 0x2ba387f0
core   0: 0x800007f4 (0xee1f9937) lui     s2, 0xee1f9
core   0: 3 0x800007f4 (0xee1f9937) x18 0xee1f9000
core   0: 0x800007f8 (0x0d20c413) xori    s0, ra, 210
core   0: 3 0x800007f8 (0x0d20c413) x 8 0x4be7c3ce
core   0: 0x800007fc (0x0339a8b3) mulhsu  a7, s3, s3
core   0: 3 0x800007fc (0x0339a8b3) x17 0x00000000
core   0: 0x80000800 (0x86b46f93) ori     t6, s0, -1941
core   0: 3 0x80000800 (0x86b46f93) x31 0xfffffbef
core   0: 0x80000804 (0x03e64f33) div     t5, a2, t5
core   0: 3 0x80000804 (0x03e64f33) x30 0x00000001
core   0: 0x80000808 (0x006b4c33) xor     s8, s6, t1
core   0: 3 0x80000808 (0x006b4c33) x24 0x85416000
core   0: 0x8000080c (0x41d3d2b3) sra     t0, t2, t4
core   0: 3 0x8000080c (0x41d3d2b3) x 5 0xffffff06
core   0: 0x80000810 (0x00091333) sll     t1, s2, zero
core   0: 3 0x80000810 (0x00091333) x 6 0xee1f9000
core   0: 0x80000814 (0x417f8933) sub     s2, t6, s7
core   0: 3 0x80000814 (0x417f8933) x18 0xfffffbd0
core   0: 0x80000818 (0x02139ab3) mulh    s5, t2, ra
core   0: 3 0x80000818 (0x02139ab3) x21 0xffffffb5
core   0: 0x8000081c (0x409e01b3) sub     gp, t3, s1
core   0: 3 0x8000081c (0x409e01b3) x 3 0xcb820801
core   0: 0x80000820 (0x00a83ab3) sltu    s5, a6, a0
core   0: 3 0x80000820 (0x00a83ab3) x21 0x00000001
core   0: 0x80000824 (0x812dc893) xori    a7, s11, -2030
core   0: 3 0x80000824 (0x812dc893) x17 0xfffff815
core   0: 0x80000828 (0xf617a693) slti    a3, a5, -159
core   0: 3 0x80000828 (0xf617a693) x13 0x00000000
core   0: 0x8000082c (0x037978b3) remu    a7, s2, s7
core   0: 3 0x8000082c (0x037978b3) x17 0x00000011
core   0: 0x80000830 (0x026e15b3) mulh    a1, t3, t1
core   0: 3 0x80000830 (0x026e15b3) x11 0x00000000
core   0: 0x80000834 (0x0364beb3) mulhu   t4, s1, s6
core   0: 3 0x80000834 (0x0364beb3) x29 0x1b52d982
core   0: 0x80000838 (0x039abc33) mulhu   s8, s5, s9
core   0: 3 0x80000838 (0x039abc33) x24 0x00000000
core   0: 0x8000083c (0x01594333) xor     t1, s2, s5
core   0: 3 0x8000083c (0x01594333) x 6 0xfffffbd1
core   0: 0x80000840 (0x40018533) sub     a0, gp, zero
core   0: 3 0x80000840 (0x40018533) x10 0xcb820801
core   0: 0x80000844 (0x00351b33) sll     s6, a0, gp
core   0: 3 0x80000844 (0x00351b33) x22 0x97041002
core   0: 0x80000848 (0x0084c0b3) xor     ra, s1, s0
core   0: 3 0x80000848 (0x0084c0b3) x 1 0x7f9a3431
core   0: 0x8000084c (0x038c3ab3) mulhu   s5, s8, s8
core   0: 3 0x8000084c (0x038c3ab3) x21 0x00000000
core   0: 0x80000850 (0x0251cbb3) div     s7, gp, t0
core   0: 3 0x80000850 (0x0251cbb3) x23 0x0035c07a
core   0: 0x80000854 (0x031412b3) mulh    t0, s0, a7
core   0: 3 0x80000854 (0x031412b3) x 5 0x00000005
core   0: 0x80000858 (0x01d9d533) srl     a0, s3, t4
core   0: 3 0x80000858 (0x01d9d533) x10 0x00000000
core   0: 0x8000085c (0xee795b17) auipc   s6, 0xee795
core   0: 3 0x8000085c (0xee795b17) x22 0x6e79585c
core   0: 0x80000860 (0x03d556b3) divu    a3, a0, t4
core   0: 3 0x80000860 (0x03d556b3) x13 0x00000000
core   0: 0x80000864 (0x00286433) or      s0, a6, sp
core   0: 3 0x80000864 (0x00286433) x 8 0x80014e7f
core   0: 0x80000868 (0x03e6afb3) mulhsu  t6, a3, t5
core   0: 3 0x80000868 (0x03e6afb3) x31 0x00000000
core   0: 0x8000086c (0x4110d933) sra     s2, ra, a7
core   0: 3 0x8000086c (0x4110d933) x18 0x00003fcd
core   0: 0x80000870 (0x0358a7b3) mulhsu  a5, a7, s5
core   0: 3 0x80000870 (0x0358a7b3) x15 0x00000000
core   0: 0x80000874 (0x0235e533) rem     a0, a1, gp
core   0: 3 0x80000874 (0x0235e533) x10 0x00000000
core   0: 0x80000878 (0x01b24233) xor     tp, tp, s11
core   0: 3 0x80000878 (0x01b24233) x 4 0x00000007
core   0: 0x8000087c (0x009cd013) srli    zero, s9, 9
core   0: 3 0x8000087c (0x009cd013)
core   0: 0x80000880 (0x1803be93) sltiu   t4, t2, 384
core   0: 3 0x80000880 (0x1803be93) x29 0x00000000
core   0: 0x80000884 (0x02892933) mulhsu  s2, s2, s0
core   0: 3 0x80000884 (0x02892933) x18 0x00001fe6
core   0: 0x80000888 (0x031210b3) mulh    ra, tp, a7
core   0: 3 0x80000888 (0x031210b3) x 1 0x00000000
core   0: 0x8000088c (0x00411d13) slli    s10, sp, 4
core   0: 3 0x8000088c (0x00411d13) x26 0x000007f0
core   0: 0x80000890 (0x029e5933) divu    s2, t3, s1
core   0: 3 0x80000890 (0x029e5933) x18 0x00000000
core   0: 0x80000894 (0x1c01c493) xori    s1, gp, 448
core   0: 3 0x80000894 (0x1c01c493) x 9 0xcb8209c1
core   0: 0x80000898 (0x78eca313) slti    t1, s9, 1934
core   0: 3 0x80000898 (0x78eca313) x 6 0x00000001
core   0: 0x8000089c (0x29214517) auipc   a0, 0x29214
core   0: 3 0x8000089c (0x29214517) x10 0xa921489c
core   0: 0x800008a0 (0x405884b3) sub     s1, a7, t0
core   0: 3 0x800008a0 (0x405884b3) x 9 0x0000000c
core   0: 0x800008a4 (0x532c1d17) auipc   s10, 0x532c1
core   0: 3 0x800008a4 (0x532c1d17) x26 0xd32c18a4
core   0: 0x800008a8 (0x4094da93) srai    s5, s1, 9
core   0: 3 0x800008a8 (0x4094da93) x21 0x00000000
core   0: 0x800008ac (0x40e256b3) sra     a3, tp, a4
core   0: 3 0x800008ac (0x40e256b3) x13 0x00000000
core   0: 0x800008b0 (0x0112a633) slt     a2, t0, a7
core   0: 3 0x800008b0 (0x0112a633) x12 0x00000001
core   0: 0x800008b4 (0x02099533) mulh    a0, s3, zero
core   0: 3 0x800008b4 (0x02099533) x10 0x00000000
core   0: 0x800008b8 (0x02f73333) mulhu   t1, a4, a5
core   0: 3 0x800008b8 (0x02f73333) x 6 0x00000000
core   0: 0x800008bc (0x41dd8033) sub     zero, s11, t4
core   0: 3 0x800008bc (0x41dd8033)
core   0: 0x800008c0 (0xcebe17b7) lui     a5, 0xcebe1
core   0: 3 0x800008c0 (0xcebe17b7) x15 0xcebe1000
core   0: 0x800008c4 (0x40bcd7b3) sra     a5, s9, a1
core   0: 3 0x800008c4 (0x40bcd7b3) x15 0xfe000475
core   0: 0x800008c8 (0x00a118b3) sll     a7, sp, a0
core   0: 3 0x800008c8 (0x00a118b3) x17 0x0000007f
core   0: 0x800008cc (0x03cc4f33) div     t5, s8, t3
core   0: 3 0x800008cc (0x03cc4f33) x30 0xffffffff
core   0: 0x800008d0 (0x00d777b3) and     a5, a4, a3
core   0: 3 0x800008d0 (0x00d777b3) x15 0x00000000
core   0: 0x800008d4 (0x016e9513) slli    a0, t4, 22
core   0: 3 0x800008d4 (0x016e9513) x10 0x00000000
core   0: 0x800008d8 (0xd9e3a793) slti    a5, t2, -610
core   0: 3 0x800008d8 (0xd9e3a793) x15 0x00000000
core   0: 0x800008dc (0x4d50c613) xori    a2, ra, 1237
core   0: 3 0x800008dc (0x4d50c613) x12 0x000004d5
core   0: 0x800008e0 (0x02fd0a33) mul     s4, s10, a5
core   0: 3 0x800008e0 (0x02fd0a33) x20 0x00000000
core   0: 0x800008e4 (0xcdd80993) addi    s3, a6, -803
core   0: 3 0x800008e4 (0xcdd80993) x19 0x80014b41
core   0: 0x800008e8 (0x014bcc33) xor     s8, s7, s4
core   0: 3 0x800008e8 (0x014bcc33) x24 0x0035c07a
core   0: 0x800008ec (0x8c952497) auipc   s1, 0x8c952
core   0: 3 0x800008ec (0x8c952497) x 9 0x0c9528ec
core   0: 0x800008f0 (0x002d1993) slli    s3, s10, 2
core   0: 3 0x800008f0 (0x002d1993) x19 0x4cb06290
core   0: 0x800008f4 (0x55bd7393) andi    t2, s10, 1371
core   0: 3 0x800008f4 (0x55bd7393) x 7 0x00000000
core   0: 0x800008f8 (0x01003633) snez    a2, a6
core   0: 3 0x800008f8 (0x01003633) x12 0x00000001
core   0: 0x800008fc (0x03e46933) rem     s2, s0, t5
core   0: 3 0x800008fc (0x03e46933) x18 0x00000000
core   0: 0x80000900 (0x8232b293) sltiu   t0, t0, -2013
core   0: 3 0x80000900 (0x8232b293) x 5 0x00000001
core   0: 0x80000904 (0x02f11a33) mulh    s4, sp, a5
core   0: 3 0x80000904 (0x02f11a33) x20 0x00000000
core   0: 0x80000908 (0x005c59b3) srl     s3, s8, t0
core   0: 3 0x80000908 (0x005c59b3) x19 0x001ae03d
core   0: 0x8000090c (0x03fbfa33) remu    s4, s7, t6
core   0: 3 0x8000090c (0x03fbfa33) x20 0x0035c07a
core   0: 0x80000910 (0x01ec3033) sltu    zero, s8, t5
core   0: 3 0x80000910 (0x01ec3033)
core   0: 0x80000914 (0x00bdaf33) slt     t5, s11, a1
core   0: 3 0x80000914 (0x00bdaf33) x30 0x00000000
core   0: 0x80000918 (0x01627533) and     a0, tp, s6
core   0: 3 0x80000918 (0x01627533) x10 0x00000004
core   0: 0x8000091c (0x4018da13) srai    s4, a7, 1
core   0: 3 0x8000091c (0x4018da13) x20 0x0000003f
core   0: 0x80000920 (0xf6366f93) ori     t6, a2, -157
core   0: 3 0x80000920 (0xf6366f93) x31 0xffffff63
core   0: 0x80000924 (0x0046fa33) and     s4, a3, tp
core   0: 3 0x80000924 (0x0046fa33) x20 0x00000000
core   0: 0x80000928 (0x01e32e17) auipc   t3, 0x1e32
core   0: 3 0x80000928 (0x01e32e17) x28 0x81e32928
core   0: 0x8000092c (0x0237abb3) mulhsu  s7, a5, gp
core   0: 3 0x8000092c (0x0237abb3) x23 0x00000000
core   0: 0x80000930 (0xd8033e37) lui     t3, 0xd8033
core   0: 3 0x80000930 (0xd8033e37) x28 0xd8033000
core   0: 0x80000934 (0x41e25f33) sra     t5, tp, t5
core   0: 3 0x80000934 (0x41e25f33) x30 0x00000007
core   0: 0x80000938 (0x408cdf93) srai    t6, s9, 8
core   0: 3 0x80000938 (0x408cdf93) x31 0xfffe0004
core   0: 0x8000093c (0x014007b3) add     a5, zero, s4
core   0: 3 0x8000093c (0x014007b3) x15 0x00000000
core   0: 0x80000940 (0x00000013) nop
core   0: 3 0x80000940 (0x00000013)
core   0: 0x80000944 (0x010e8ab3) add     s5, t4, a6
core   0: 3 0x80000944 (0x010e8ab3) x21 0x80014e64
core   0: 0x80000948 (0x40135633) sra     a2, t1, ra
core   0: 3 0x80000948 (0x40135633) x12 0x00000000
core   0: 0x8000094c (0x0055d033) srl     zero, a1, t0
core   0: 3 0x8000094c (0x0055d033)
core   0: 0x80000950 (0x00000013) nop
core   0: 3 0x80000950 (0x00000013)
core   0: 0x80000954 (0x405985b3) sub     a1, s3, t0
core   0: 3 0x80000954 (0x405985b3) x11 0x001ae03c
core   0: 0x80000958 (0x01cf5433) srl     s0, t5, t3
core   0: 3 0x80000958 (0x01cf5433) x 8 0x00000007
core   0: 0x8000095c (0x008740b3) xor     ra, a4, s0
core   0: 3 0x8000095c (0x008740b3) x 1 0x80018ce3
core   0: 0x80000960 (0x01f7e433) or      s0, a5, t6
core   0: 3 0x80000960 (0x01f7e433) x 8 0xfffe0004
core   0: 0x80000964 (0x2f3ea313) slti    t1, t4, 755
core   0: 3 0x80000964 (0x2f3ea313) x 6 0x00000001
core   0: 0x80000968 (0x00c414b3) sll     s1, s0, a2
core   0: 3 0x80000968 (0x00c414b3) x 9 0xfffe0004
core   0: 0x8000096c (0x01a314b3) sll     s1, t1, s10
core   0: 3 0x8000096c (0x01a314b3) x 9 0x00000010
core   0: 0x80000970 (0x19f90e13) addi    t3, s2, 415
core   0: 3 0x80000970 (0x19f90e13) x28 0x0000019f
core   0: 0x80000974 (0x00000013) nop
core   0: 3 0x80000974 (0x00000013)
core   0: 0x80000978 (0x030bcd33) div     s10, s7, a6
core   0: 3 0x80000978 (0x030bcd33) x26 0x00000000
core   0: 0x8000097c (0x40ed5f93) srai    t6, s10, 14
core   0: 3 0x8000097c (0x40ed5f93) x31 0x00000000
core   0: 0x80000980 (0x02dd4d33) div     s10, s10, a3
core   0: 3 0x80000980 (0x02dd4d33) x26 0xffffffff
core   0: 0x80000984 (0xd07ae413) ori     s0, s5, -761
core   0: 3 0x80000984 (0xd07ae413) x 8 0xffffff67
core   0: 0x80000988 (0x00000013) nop
core   0: 3 0x80000988 (0x00000013)
core   0: 0x8000098c (0x0d3d7493) andi    s1, s10, 211
core   0: 3 0x8000098c (0x0d3d7493) x 9 0x000000d3
core   0: 0x80000990 (0x41235513) srai    a0, t1, 18
core   0: 3 0x80000990 (0x41235513) x10 0x00000000
core   0: 0x80000994 (0x03ee5f33) divu    t5, t3, t5
core   0: 3 0x80000994 (0x03ee5f33) x30 0x0000003b
core   0: 0x80000998 (0x414d54b3) sra     s1, s10, s4
core   0: 3 0x80000998 (0x414d54b3) x 9 0xffffffff
core   0: 0x8000099c (0x03aeafb3) mulhsu  t6, t4, s10
core   0: 3 0x8000099c (0x03aeafb3) x31 0x00000000
core   0: 0x800009a0 (0x0293f433) remu    s0, t2, s1
core   0: 3 0x800009a0 (0x0293f433) x 8 0x00000000
core   0: 0x800009a4 (0x00c35e93) srli    t4, t1, 12
core   0: 3 0x800009a4 (0x00c35e93) x29 0x00000000
core   0: 0x800009a8 (0x6fa84a17) auipc   s4, 0x6fa84
core   0: 3 0x800009a8 (0x6fa84a17) x20 0xefa849a8
core   0: 0x800009ac (0x0155a6b3) slt     a3, a1, s5
core   0: 3 0x800009ac (0x0155a6b3) x13 0x00000000
core   0: 0x800009b0 (0x01a4acb3) slt     s9, s1, s10
core   0: 3 0x800009b0 (0x01a4acb3) x25 0x00000000
core   0: 0x800009b4 (0x01c7bb33) sltu    s6, a5, t3
core   0: 3 0x800009b4 (0x01c7bb33) x22 0x00000001
core   0: 0x800009b8 (0x009b07b3) add     a5, s6, s1
core   0: 3 0x800009b8 (0x009b07b3) x15 0x00000000
core   0: 0x800009bc (0x402ed213) srai    tp, t4, 2
core   0: 3 0x800009bc (0x402ed213) x 4 0x00000000
core   0: 0x800009c0 (0x02157ab3) remu    s5, a0, ra
core   0: 3 0x800009c0 (0x02157ab3) x21 0x00000000
core   0: 0x800009c4 (0x0374a8b3) mulhsu  a7, s1, s7
core   0: 3 0x800009c4 (0x0374a8b3) x17 0x00000000
core   0: 0x800009c8 (0x91f72213) slti    tp, a4, -1761
core   0: 3 0x800009c8 (0x91f72213) x 4 0x00000001
core   0: 0x800009cc (0x02c9acb3) mulhsu  s9, s3, a2
core   0: 3 0x800009cc (0x02c9acb3) x25 0x00000000
core   0: 0x800009d0 (0x03308a33) mul     s4, ra, s3
core   0: 3 0x800009d0 (0x03308a33) x20 0x2ab33217
core   0: 0x800009d4 (0x2130c793) xori    a5, ra, 531
core   0: 3 0x800009d4 (0x2130c793) x15 0x80018ef0
core   0: 0x800009d8 (0x0072c3b3) xor     t2, t0, t2
core   0: 3 0x800009d8 (0x0072c3b3) x 7 0x00000001
core   0: 0x800009dc (0x019fceb3) xor     t4, t6, s9
core   0: 3 0x800009dc (0x019fceb3) x29 0x00000000
core   0: 0x800009e0 (0x021a08b3) mul     a7, s4, ra
core   0: 3 0x800009e0 (0x021a08b3) x17 0x8e60fe65
core   0: 0x800009e4 (0x0139d5b3) srl     a1, s3, s3
core   0: 3 0x800009e4 (0x0139d5b3) x11 0x00000000
core   0: 0x800009e8 (0x00e45a13) srli    s4, s0, 14
core   0: 3 0x800009e8 (0x00e45a13) x20 0x00000000
core   0: 0x800009ec (0x00002e33) slt     t3, zero, zero
core   0: 3 0x800009ec (0x00002e33) x28 0x00000000
core   0: 0x800009f0 (0x553c7f93) andi    t6, s8, 1363
core   0: 3 0x800009f0 (0x553c7f93) x31 0x00000052
core   0: 0x800009f4 (0x01b260b3) or      ra, tp, s11
core   0: 3 0x800009f4 (0x01b260b3) x 1 0x00000007
core   0: 0x800009f8 (0x39522593) slti    a1, tp, 917
core   0: 3 0x800009f8 (0x39522593) x11 0x00000001
core   0: 0x800009fc (0x90bbf193) andi    gp, s7, -1781
core   0: 3 0x800009fc (0x90bbf193) x 3 0x00000000
core   0: 0x80000a00 (0x005c1113) slli    sp, s8, 5
core   0: 3 0x80000a00 (0x005c1113) x 2 0x06b80f40
core   0: 0x80000a04 (0x03f729b3) mulhsu  s3, a4, t6
core   0: 3 0x80000a04 (0x03f729b3) x19 0xffffffd7
core   0: 0x80000a08 (0x012db9b3) sltu    s3, s11, s2
core   0: 3 0x80000a08 (0x012db9b3) x19 0x00000000
core   0: 0x80000a0c (0x03b310b3) mulh    ra, t1, s11
core   0: 3 0x80000a0c (0x03b310b3) x 1 0x00000000
core   0: 0x80000a10 (0x018e5493) srli    s1, t3, 24
core   0: 3 0x80000a10 (0x018e5493) x 9 0x00000000
core   0: 0x80000a14 (0x7046f697) auipc   a3, 0x7046f
core   0: 3 0x80000a14 (0x7046f697) x13 0xf046fa14
core   0: 0x80000a18 (0x00000013) nop
core   0: 3 0x80000a18 (0x00000013)
core   0: 0x80000a1c (0x0058c8b3) xor     a7, a7, t0
core   0: 3 0x80000a1c (0x0058c8b3) x17 0x8e60fe64
core   0: 0x80000a20 (0x40ea8d33) sub     s10, s5, a4
core   0: 3 0x80000a20 (0x40ea8d33) x26 0x7ffe731c
core   0: 0x80000a24 (0x1045a913) slti    s2, a1, 260
core   0: 3 0x80000a24 (0x1045a913) x18 0x00000001
core   0: 0x80000a28 (0x01806eb3) or      t4, zero, s8
core   0: 3 0x80000a28 (0x01806eb3) x29 0x0035c07a
core   0: 0x80000a2c (0x9b3abc13) sltiu   s8, s5, -1613
core   0: 3 0x80000a2c (0x9b3abc13) x24 0x00000001
core   0: 0x80000a30 (0x015068b3) or      a7, zero, s5
core   0: 3 0x80000a30 (0x015068b3) x17 0x00000000
core   0: 0x80000a34 (0x01696cb3) or      s9, s2, s6
core   0: 3 0x80000a34 (0x01696cb3) x25 0x00000001
core   0: 0x80000a38 (0x024b8bb3) mul     s7, s7, tp
core   0: 3 0x80000a38 (0x024b8bb3) x23 0x00000000
core   0: 0x80000a3c (0x43828493) addi    s1, t0, 1080
core   0: 3 0x80000a3c (0x43828493) x 9 0x00000439
core   0: 0x80000a40 (0x019e27b3) slt     a5, t3, s9
core   0: 3 0x80000a40 (0x019e27b3) x15 0x00000001
core   0: 0x80000a44 (0x027af7b3) remu    a5, s5, t2
core   0: 3 0x80000a44 (0x027af7b3) x15 0x00000000
core   0: 0x80000a48 (0x0387a0b3) mulhsu  ra, a5, s8
core   0: 3 0x80000a48 (0x0387a0b3) x 1 0x00000000
core   0: 0x80000a4c (0x9a57b0b7) lui     ra, 0x9a57b
core   0: 3 0x80000a4c (0x9a57b0b7) x 1 0x9a57b000
core   0: 0x80000a50 (0x029072b3) remu    t0, zero, s1
core   0: 3 0x80000a50 (0x029072b3) x 5 0x00000000
core   0: 0x80000a54 (0x02adb2b3) mulhu   t0, s11, a0
core   0: 3 0x80000a54 (0x02adb2b3) x 5 0x00000000
core   0: 0x80000a58 (0x40398fb3) sub     t6, s3, gp
core   0: 3 0x80000a58 (0x40398fb3) x31 0x00000000
core   0: 0x80000a5c (0x0c16e493) ori     s1, a3, 193
core   0: 3 0x80000a5c (0x0c16e493) x 9 0xf046fad5
core   0: 0x80000a60 (0x0321c533) div     a0, gp, s2
core   0: 3 0x80000a60 (0x0321c533) x10 0x00000000
core   0: 0x80000a64 (0x40045513) srai    a0, s0, 0
core   0: 3 0x80000a64 (0x40045513) x10 0x00000000
core   0: 0x80000a68 (0x014f1093) slli    ra, t5, 20
core   0: 3 0x80000a68 (0x014f1093) x 1 0x03b00000
core   0: 0x80000a6c (0xe8a5ba13) sltiu   s4, a1, -374
core   0: 3 0x80000a6c (0xe8a5ba13) x20 0x00000001
core   0: 0x80000a70 (0x3613fb13) andi    s6, t2, 865
core   0: 3 0x80000a70 (0x3613fb13) x22 0x00000001
core   0: 0x80000a74 (0x0113db33) srl     s6, t2, a7
core   0: 3 0x80000a74 (0x0113db33) x22 0x00000001
core   0: 0x80000a78 (0x02b38c33) mul     s8, t2, a1
core   0: 3 0x80000a78 (0x02b38c33) x24 0x00000001
core   0: 0x80000a7c (0x4108db33) sra     s6, a7, a6
core   0: 3 0x80000a7c (0x4108db33) x22 0x00000000
core   0: 0x80000a80 (0x033cd933) divu    s2, s9, s3
core   0: 3 0x80000a80 (0x033cd933) x18 0xffffffff
core   0: 0x80000a84 (0x001b22b3) slt     t0, s6, ra
core   0: 3 0x80000a84 (0x001b22b3) x 5 0x00000001
core   0: 0x80000a88 (0x413b5213) srai    tp, s6, 19
core   0: 3 0x80000a88 (0x413b5213) x 4 0x00000000
core   0: 0x80000a8c (0x0364b033) mulhu   zero, s1, s6
core   0: 3 0x80000a8c (0x0364b033)
core   0: 0x80000a90 (0x0219f8b3) remu    a7, s3, ra
core   0: 3 0x80000a90 (0x0219f8b3) x17 0x00000000
core   0: 0x80000a94 (0x022b78b3) remu    a7, s6, sp
core   0: 3 0x80000a94 (0x022b78b3) x17 0x00000000
core   0: 0x80000a98 (0x020a9a33) mulh    s4, s5, zero
core   0: 3 0x80000a98 (0x020a9a33) x20 0x00000000
core   0: 0x80000a9c (0x88ea8013) addi    zero, s5, -1906
core   0: 3 0x80000a9c (0x88ea8013)
core   0: 0x80000aa0 (0x01dbca33) xor     s4, s7, t4
core   0: 3 0x80000aa0 (0x01dbca33) x20 0x0035c07a
core   0: 0x80000aa4 (0xf8faf493) andi    s1, s5, -113
core   0: 3 0x80000aa4 (0xf8faf493) x 9 0x00000000
core   0: 0x80000aa8 (0x038dc3b3) div     t2, s11, s8
core   0: 3 0x80000aa8 (0x038dc3b3) x 7 0x00000007
core   0: 0x80000aac (0x00af7133) and     sp, t5, a0
core   0: 3 0x80000aac (0x00af7133) x 2 0x00000000
core   0: 0x80000ab0 (0x023b8a33) mul     s4, s7, gp
core   0: 3 0x80000ab0 (0x023b8a33) x20 0x00000000
core   0: 0x80000ab4 (0xd04d0113) addi    sp, s10, -764
core   0: 3 0x80000ab4 (0xd04d0113) x 2 0x7ffe7020
core   0: 0x80000ab8 (0x039a7033) remu    zero, s4, s9
core   0: 3 0x80000ab8 (0x039a7033)
core   0: 0x80000abc (0x0146f033) and     zero, a3, s4
core   0: 3 0x80000abc (0x0146f033)
core   0: 0x80000ac0 (0x0345c9b3) div     s3, a1, s4
core   0: 3 0x80000ac0 (0x0345c9b3) x19 0xffffffff
core   0: 0x80000ac4 (0x03067bb3) remu    s7, a2, a6
core   0: 3 0x80000ac4 (0x03067bb3) x23 0x00000000
core   0: 0x80000ac8 (0x032d64b3) rem     s1, s10, s2
core   0: 3 0x80000ac8 (0x032d64b3) x 9 0x00000000
core   0: 0x80000acc (0x05524393) xori    t2, tp, 85
core   0: 3 0x80000acc (0x05524393) x 7 0x00000055
core   0: 0x80000ad0 (0xb46dbc97) auipc   s9, 0xb46db
core   0: 3 0x80000ad0 (0xb46dbc97) x25 0x346dbad0
core   0: 0x80000ad4 (0x03a8a1b3) mulhsu  gp, a7, s10
core   0: 3 0x80000ad4 (0x03a8a1b3) x 3 0x00000000
core   0: 0x80000ad8 (0x00e83eb3) sltu    t4, a6, a4
core   0: 3 0x80000ad8 (0x00e83eb3) x29 0x00000001
core   0: 0x80000adc (0x035a1033) mulh    zero, s4, s5
core   0: 3 0x80000adc (0x035a1033)
core   0: 0x80000ae0 (0x01550333) add     t1, a0, s5
core   0: 3 0x80000ae0 (0x01550333) x 6 0x00000000
core   0: 0x80000ae4 (0x014b1d33) sll     s10, s6, s4
core   0: 3 0x80000ae4 (0x014b1d33) x26 0x00000000
core   0: 0x80000ae8 (0x271a83b7) lui     t2, 0x271a8
core   0: 3 0x80000ae8 (0x271a83b7) x 7 0x271a8000
core   0: 0x80000aec (0x4016d8b3) sra     a7, a3, ra
core   0: 3 0x80000aec (0x4016d8b3) x17 0xf046fa14
core   0: 0x80000af0 (0xa33ac013) xori    zero, s5, -1485
core   0: 3 0x80000af0 (0xa33ac013)
core   0: 0x80000af4 (0x0166d893) srli    a7, a3, 22
core   0: 3 0x80000af4 (0x0166d893) x17 0x000003c1
core   0: 0x80000af8 (0xa7307f13) andi    t5, zero, -1421
core   0: 3 0x80000af8 (0xa7307f13) x30 0x00000000
core   0: 0x80000afc (0x1a6d38b7) lui     a7, 0x1a6d3
core   0: 3 0x80000afc (0x1a6d38b7) x17 0x1a6d3000
core   0: 0x80000b00 (0x4ab6a313) slti    t1, a3, 1195
core   0: 3 0x80000b00 (0x4ab6a313) x 6 0x00000001
core   0: 0x80000b04 (0x01cb5b33) srl     s6, s6, t3
core   0: 3 0x80000b04 (0x01cb5b33) x22 0x00000000
core   0: 0x80000b08 (0x01528a33) add     s4, t0, s5
core   0: 3 0x80000b08 (0x01528a33) x20 0x00000001
core   0: 0x80000b0c (0x052b8c97) auipc   s9, 0x52b8
core   0: 3 0x80000b0c (0x052b8c97) x25 0x852b8b0c
core   0: 0x80000b10 (0x003fd513) srli    a0, t6, 3
core   0: 3 0x80000b10 (0x003fd513) x10 0x00000000
core   0: 0x80000b14 (0x002cca33) xor     s4, s9, sp
core   0: 3 0x80000b14 (0x002cca33) x20 0xfad5fb2c
core   0: 0x80000b18 (0x019b9433) sll     s0, s7, s9
core   0: 3 0x80000b18 (0x019b9433) x 8 0x00000000
core   0: 0x80000b1c (0xf9d9ae13) slti    t3, s3, -99
core   0: 3 0x80000b1c (0xf9d9ae13) x28 0x00000000
core   0: 0x80000b20 (0x03a87633) remu    a2, a6, s10
core   0: 3 0x80000b20 (0x03a87633) x12 0x80014e64
core   0: 0x80000b24 (0x02c553b3) divu    t2, a0, a2
core   0: 3 0x80000b24 (0x02c553b3) x 7 0x00000000
core   0: 0x80000b28 (0x08ba3213) sltiu   tp, s4, 139
core   0: 3 0x80000b28 (0x08ba3213) x 4 0x00000000
core   0: 0x80000b2c (0xf4c08c93) addi    s9, ra, -180
core   0: 3 0x80000b2c (0xf4c08c93) x25 0x03afff4c
core   0: 0x80000b30 (0x00000013) nop
core   0: 3 0x80000b30 (0x00000013)
core   0: 0x80000b34 (0x0b32ec13) ori     s8, t0, 179
core   0: 3 0x80000b34 (0x0b32ec13) x24 0x000000b3
core   0: 0x80000b38 (0x00000013) nop
core   0: 3 0x80000b38 (0x00000013)
core   0: 0x80000b3c (0x001c1a33) sll     s4, s8, ra
core   0: 3 0x80000b3c (0x001c1a33) x20 0x000000b3
core   0: 0x80000b40 (0x0131f0b3) and     ra, gp, s3
core   0: 3 0x80000b40 (0x0131f0b3) x 1 0x00000000
core   0: 0x80000b44 (0xfc868513) addi    a0, a3, -56
core   0: 3 0x80000b44 (0xfc868513) x10 0xf046f9dc
core   0: 0x80000b48 (0x4a654017) auipc   zero, 0x4a654
core   0: 3 0x80000b48 (0x4a654017)
core   0: 0x80000b4c (0x03fae3b3) rem     t2, s5, t6
core   0: 3 0x80000b4c (0x03fae3b3) x 7 0x00000000
core   0: 0x80000b50 (0xed42bc93) sltiu   s9, t0, -300
core   0: 3 0x80000b50 (0xed42bc93) x25 0x00000001
core   0: 0x80000b54 (0x10cb8293) addi    t0, s7, 268
core   0: 3 0x80000b54 (0x10cb8293) x 5 0x0000010c
core   0: 0x80000b58 (0x41d484b3) sub     s1, s1, t4
core   0: 3 0x80000b58 (0x41d484b3) x 9 0xffffffff
core   0: 0x80000b5c (0x03dc6a33) rem     s4, s8, t4
core   0: 3 0x80000b5c (0x03dc6a33) x20 0x00000000
core   0: 0x80000b60 (0x02e03433) mulhu   s0, zero, a4
core   0: 3 0x80000b60 (0x02e03433) x 8 0x00000000
core   0: 0x80000b64 (0x01101a13) slli    s4, zero, 17
core   0: 3 0x80000b64 (0x01101a13) x20 0x00000000
core   0: 0x80000b68 (0xc57ea593) slti    a1, t4, -937
core   0: 3 0x80000b68 (0xc57ea593) x11 0x00000000
core   0: 0x80000b6c (0x406f5f93) srai    t6, t5, 6
core   0: 3 0x80000b6c (0x406f5f93) x31 0x00000000
core   0: 0x80000b70 (0x9a093a13) sltiu   s4, s2, -1632
core   0: 3 0x80000b70 (0x9a093a13) x20 0x00000000
core   0: 0x80000b74 (0x00703d33) snez    s10, t2
core   0: 3 0x80000b74 (0x00703d33) x26 0x00000000
core   0: 0x80000b78 (0x02dd69b3) rem     s3, s10, a3
core   0: 3 0x80000b78 (0x02dd69b3) x19 0x00000000
core   0: 0x80000b7c (0x01c95993) srli    s3, s2, 28
core   0: 3 0x80000b7c (0x01c95993) x19 0x0000000f
core   0: 0x80000b80 (0xe5236a93) ori     s5, t1, -430
core   0: 3 0x80000b80 (0xe5236a93) x21 0xfffffe53
core   0: 0x80000b84 (0x011718b3) sll     a7, a4, a7
core   0: 3 0x80000b84 (0x011718b3) x17 0x80018ce4
core   0: 0x80000b88 (0x03f7c0b3) div     ra, a5, t6
core   0: 3 0x80000b88 (0x03f7c0b3) x 1 0xffffffff
core   0: 0x80000b8c (0x03d321b3) mulhsu  gp, t1, t4
core   0: 3 0x80000b8c (0x03d321b3) x 3 0x00000000
core   0: 0x80000b90 (0xf6462c13) slti    s8, a2, -156
core   0: 3 0x80000b90 (0xf6462c13) x24 0x00000001
core   0: 0x80000b94 (0x46ad7c13) andi    s8, s10, 1130
core   0: 3 0x80000b94 (0x46ad7c13) x24 0x00000000
core   0: 0x80000b98 (0x02747a33) remu    s4, s0, t2
core   0: 3 0x80000b98 (0x02747a33) x20 0x00000000
core   0: 0x80000b9c (0x03f01fb3) mulh    t6, zero, t6
core   0: 3 0x80000b9c (0x03f01fb3) x31 0x00000000
core   0: 0x80000ba0 (0x03dc85b3) mul     a1, s9, t4
core   0: 3 0x80000ba0 (0x03dc85b3) x11 0x00000001
core   0: 0x80000ba4 (0x03df65b3) rem     a1, t5, t4
core   0: 3 0x80000ba4 (0x03df65b3) x11 0x00000000
core   0: 0x80000ba8 (0x402b5a33) sra     s4, s6, sp
core   0: 3 0x80000ba8 (0x402b5a33) x20 0x00000000
core   0: 0x80000bac (0x3c9c4093) xori    ra, s8, 969
core   0: 3 0x80000bac (0x3c9c4093) x 1 0x000003c9
core   0: 0x80000bb0 (0x002d0633) add     a2, s10, sp
core   0: 3 0x80000bb0 (0x002d0633) x12 0x7ffe7020
core   0: 0x80000bb4 (0x00d41d33) sll     s10, s0, a3
core   0: 3 0x80000bb4 (0x00d41d33) x26 0x00000000
core   0: 0x80000bb8 (0x01335433) srl     s0, t1, s3
core   0: 3 0x80000bb8 (0x01335433) x 8 0x00000000
core   0: 0x80000bbc (0x0369d0b3) divu    ra, s3, s6
core   0: 3 0x80000bbc (0x0369d0b3) x 1 0xffffffff
core   0: 0x80000bc0 (0x02875cb3) divu    s9, a4, s0
core   0: 3 0x80000bc0 (0x02875cb3) x25 0xffffffff
core   0: 0x80000bc4 (0x5c044e97) auipc   t4, 0x5c044
core   0: 3 0x80000bc4 (0x5c044e97) x29 0xdc044bc4
core   0: 0x80000bc8 (0x14697613) andi    a2, s2, 326
core   0: 3 0x80000bc8 (0x14697613) x12 0x00000146
core   0: 0x80000bcc (0x03699fb3) mulh    t6, s3, s6
core   0: 3 0x80000bcc (0x03699fb3) x31 0x00000000
core   0: 0x80000bd0 (0x003576b3) and     a3, a0, gp
core   0: 3 0x80000bd0 (0x003576b3) x13 0x00000000
core   0: 0x80000bd4 (0x015427b3) slt     a5, s0, s5
core   0: 3 0x80000bd4 (0x015427b3) x15 0x00000000
core   0: 0x80000bd8 (0x0022fab3) and     s5, t0, sp
core   0: 3 0x80000bd8 (0x0022fab3) x21 0x00000000
core   0: 0x80000bdc (0x56224913) xori    s2, tp, 1378
core   0: 3 0x80000bdc (0x56224913) x18 0x00000562
core   0: 0x80000be0 (0x61e0e193) ori     gp, ra, 1566
core   0: 3 0x80000be0 (0x61e0e193) x 3 0xffffffff
core   0: 0x80000be4 (0x015ed293) srli    t0, t4, 21
core   0: 3 0x80000be4 (0x015ed293) x 5 0x000006e0
core   0: 0x80000be8 (0x00672033) slt     zero, a4, t1
core   0: 3 0x80000be8 (0x00672033)
core   0: 0x80000bec (0x0168f3b3) and     t2, a7, s6
core   0: 3 0x80000bec (0x0168f3b3) x 7 0x00000000
core   0: 0x80000bf0 (0x01b76933) or      s2, a4, s11
core   0: 3 0x80000bf0 (0x01b76933) x18 0x80018ce7
core   0: 0x80000bf4 (0x0059b3b3) sltu    t2, s3, t0
core   0: 3 0x80000bf4 (0x0059b3b3) x 7 0x00000001
core   0: 0x80000bf8 (0x0112c8b3) xor     a7, t0, a7
core   0: 3 0x80000bf8 (0x0112c8b3) x17 0x80018a04
core   0: 0x80000bfc (0x4008d113) srai    sp, a7, 0
core   0: 3 0x80000bfc (0x4008d113) x 2 0x80018a04
core   0: 0x80000c00 (0x01fd5933) srl     s2, s10, t6
core   0: 3 0x80000c00 (0x01fd5933) x18 0x00000000
core   0: 0x80000c04 (0x0f4beb13) ori     s6, s7, 244
core   0: 3 0x80000c04 (0x0f4beb13) x22 0x000000f4
core   0: 0x80000c08 (0x40675693) srai    a3, a4, 6
core   0: 3 0x80000c08 (0x40675693) x13 0xfe000633
core   0: 0x80000c0c (0x02c0e8b3) rem     a7, ra, a2
core   0: 3 0x80000c0c (0x02c0e8b3) x17 0xffffffff
core   0: 0x80000c10 (0x00000013) nop
core   0: 3 0x80000c10 (0x00000013)
core   0: 0x80000c14 (0x00d47933) and     s2, s0, a3
core   0: 3 0x80000c14 (0x00d47933) x18 0x00000000
core   0: 0x80000c18 (0x00a5ae33) slt     t3, a1, a0
core   0: 3 0x80000c18 (0x00a5ae33) x28 0x00000000
core   0: 0x80000c1c (0x03c847b3) div     a5, a6, t3
core   0: 3 0x80000c1c (0x03c847b3) x15 0xffffffff
core   0: 0x80000c20 (0x8c233a97) auipc   s5, 0x8c233
core   0: 3 0x80000c20 (0x8c233a97) x21 0x0c233c20
core   0: 0x80000c24 (0x036144b3) div     s1, sp, s6
core   0: 3 0x80000c24 (0x036144b3) x 9 0xff79b613
core   0: 0x80000c28 (0x0287d5b3) divu    a1, a5, s0
core   0: 3 0x80000c28 (0x0287d5b3) x11 0xffffffff
core   0: 0x80000c2c (0x02b47fb3) remu    t6, s0, a1
core   0: 3 0x80000c2c (0x02b47fb3) x31 0x00000000
core   0: 0x80000c30 (0x01a07233) and     tp, zero, s10
core   0: 3 0x80000c30 (0x01a07233) x 4 0x00000000
core   0: 0x80000c34 (0x008f1ab3) sll     s5, t5, s0
core   0: 3 0x80000c34 (0x008f1ab3) x21 0x00000000
core   0: 0x80000c38 (0x0344cd33) div     s10, s1, s4
core   0: 3 0x80000c38 (0x0344cd33) x26 0xffffffff
core   0: 0x80000c3c (0x0053df33) srl     t5, t2, t0
core   0: 3 0x80000c3c (0x0053df33) x30 0x00000001
core   0: 0x80000c40 (0x0382ed33) rem     s10, t0, s8
core   0: 3 0x80000c40 (0x0382ed33) x26 0x000006e0
core   0: 0x80000c44 (0x4129dfb3) sra     t6, s3, s2
core   0: 3 0x80000c44 (0x4129dfb3) x31 0x0000000f
core   0: 0x80000c48 (0x004cc5b3) xor     a1, s9, tp
core   0: 3 0x80000c48 (0x004cc5b3) x11 0xffffffff
core   0: 0x80000c4c (0x00eb5513) srli    a0, s6, 14
core   0: 3 0x80000c4c (0x00eb5513) x10 0x00000000
core   0: 0x80000c50 (0x0308f7b3) remu    a5, a7, a6
core   0: 3 0x80000c50 (0x0308f7b3) x15 0x7ffeb19b
core   0: 0x80000c54 (0x0226ecb3) rem     s9, a3, sp
core   0: 3 0x80000c54 (0x0226ecb3) x25 0xfe000633
core   0: 0x80000c58 (0x03900033) mul     zero, zero, s9
core   0: 3 0x80000c58 (0x03900033)
core   0: 0x80000c5c (0x4b4baf93) slti    t6, s7, 1204
core   0: 3 0x80000c5c (0x4b4baf93) x31 0x00000001
core   0: 0x80000c60 (0xd40feab7) lui     s5, 0xd40fe
core   0: 3 0x80000c60 (0xd40feab7) x21 0xd40fe000
core   0: 0x80000c64 (0xefa5a213) slti    tp, a1, -262
core   0: 3 0x80000c64 (0xefa5a213) x 4 0x00000000
core   0: 0x80000c68 (0x237a0613) addi    a2, s4, 567
core   0: 3 0x80000c68 (0x237a0613) x12 0x00000237
core   0: 0x80000c6c (0x0e3c3113) sltiu   sp, s8, 227
core   0: 3 0x80000c6c (0x0e3c3113) x 2 0x00000001
core   0: 0x80000c70 (0x66d66513) ori     a0, a2, 1645
core   0: 3 0x80000c70 (0x66d66513) x10 0x0000067f
core   0: 0x80000c74 (0x0135cd33) xor     s10, a1, s3
core   0: 3 0x80000c74 (0x0135cd33) x26 0xfffffff0
core   0: 0x80000c78 (0x0112dc33) srl     s8, t0, a7
core   0: 3 0x80000c78 (0x0112dc33) x24 0x00000000
core   0: 0x80000c7c (0x016b5d33) srl     s10, s6, s6
core   0: 3 0x80000c7c (0x016b5d33) x26 0x00000000
core   0: 0x80000c80 (0x02760bb3) mul     s7, a2, t2
core   0: 3 0x80000c80 (0x02760bb3) x23 0x00000237
core   0: 0x80000c84 (0x0121fc33) and     s8, gp, s2
core   0: 3 0x80000c84 (0x0121fc33) x24 0x00000000
core   0: 0x80000c88 (0x0330bfb3) mulhu   t6, ra, s3
core   0: 3 0x80000c88 (0x0330bfb3) x31 0x0000000e
core   0: 0x80000c8c (0x02934933) div     s2, t1, s1
core   0: 3 0x80000c8c (0x02934933) x18 0x00000000
core   0: 0x80000c90 (0x017d5033) srl     zero, s10, s7
core   0: 3 0x80000c90 (0x017d5033)
core   0: 0x80000c94 (0x0223dbb3) divu    s7, t2, sp
core   0: 3 0x80000c94 (0x0223dbb3) x23 0x00000001
core   0: 0x80000c98 (0x02a3c333) div     t1, t2, a0
core   0: 3 0x80000c98 (0x02a3c333) x 6 0x00000000
core   0: 0x80000c9c (0x0237d5b3) divu    a1, a5, gp
core   0: 3 0x80000c9c (0x0237d5b3) x11 0x00000000
core   0: 0x80000ca0 (0x01add293) srli    t0, s11, 26
core   0: 3 0x80000ca0 (0x01add293) x 5 0x00000000
core   0: 0x80000ca4 (0x0348c933) div     s2, a7, s4
core   0: 3 0x80000ca4 (0x0348c933) x18 0xffffffff
core   0: 0x80000ca8 (0x01e655b3) srl     a1, a2, t5
core   0: 3 0x80000ca8 (0x01e655b3) x11 0x0000011b
core   0: 0x80000cac (0x00b9ebb3) or      s7, s3, a1
core   0: 3 0x80000cac (0x00b9ebb3) x23 0x0000011f
core   0: 0x80000cb0 (0x02fcb533) mulhu   a0, s9, a5
core   0: 3 0x80000cb0 (0x02fcb533) x10 0x7efeb751
core   0: 0x80000cb4 (0x0189d793) srli    a5, s3, 24
core   0: 3 0x80000cb4 (0x0189d793) x15 0x00000000
core   0: 0x80000cb8 (0x1d2e0213) addi    tp, t3, 466
core   0: 3 0x80000cb8 (0x1d2e0213) x 4 0x000001d2
core   0: 0x80000cbc (0x6d573f13) sltiu   t5, a4, 1749
core   0: 3 0x80000cbc (0x6d573f13) x30 0x00000000
core   0: 0x80000cc0 (0x00891e33) sll     t3, s2, s0
core   0: 3 0x80000cc0 (0x00891e33) x28 0xffffffff
core   0: 0x80000cc4 (0x030d6033) rem     zero, s10, a6
core   0: 3 0x80000cc4 (0x030d6033)
core   0: 0x80000cc8 (0x020f27b3) mulhsu  a5, t5, zero
core   0: 3 0x80000cc8 (0x020f27b3) x15 0x00000000
core   0: 0x80000ccc (0x7d2ab193) sltiu   gp, s5, 2002
core   0: 3 0x80000ccc (0x7d2ab193) x 3 0x00000000
core   0: 0x80000cd0 (0x036eaf33) mulhsu  t5, t4, s6
core   0: 3 0x80000cd0 (0x036eaf33) x30 0xffffffdd
core   0: 0x80000cd4 (0x034cb033) mulhu   zero, s9, s4
core   0: 3 0x80000cd4 (0x034cb033)
core   0: 0x80000cd8 (0x02bce3b3) rem     t2, s9, a1
core   0: 3 0x80000cd8 (0x02bce3b3) x 7 0xffffffae
core   0: 0x80000cdc (0xe06bef97) auipc   t6, 0xe06be
core   0: 3 0x80000cdc (0xe06bef97) x31 0x606becdc
core   0: 0x80000ce0 (0x00cdd913) srli    s2, s11, 12
core   0: 3 0x80000ce0 (0x00cdd913) x18 0x00000000
core   0: 0x80000ce4 (0x03847333) remu    t1, s0, s8
core   0: 3 0x80000ce4 (0x03847333) x 6 0x00000000
core   0: 0x80000ce8 (0x03306ab3) rem     s5, zero, s3
core   0: 3 0x80000ce8 (0x03306ab3) x21 0x00000000
core   0: 0x80000cec (0x0325eab3) rem     s5, a1, s2
core   0: 3 0x80000cec (0x0325eab3) x21 0x0000011b
core   0: 0x80000cf0 (0x0392b913) sltiu   s2, t0, 57
core   0: 3 0x80000cf0 (0x0392b913) x18 0x00000001
core   0: 0x80000cf4 (0x01cce933) or      s2, s9, t3
core   0: 3 0x80000cf4 (0x01cce933) x18 0xffffffff
core   0: 0x80000cf8 (0x0060e3b3) or      t2, ra, t1
core   0: 3 0x80000cf8 (0x0060e3b3) x 7 0xffffffff
core   0: 0x80000cfc (0x312703b7) lui     t2, 0x31270
core   0: 3 0x80000cfc (0x312703b7) x 7 0x31270000
core   0: 0x80000d00 (0x01eb9cb3) sll     s9, s7, t5
core   0: 3 0x80000d00 (0x01eb9cb3) x25 0xe0000000
core   0: 0x80000d04 (0x6102b5b7) lui     a1, 0x6102b
core   0: 3 0x80000d04 (0x6102b5b7) x11 0x6102b000
core   0: 0x80000d08 (0x00aef633) and     a2, t4, a0
core   0: 3 0x80000d08 (0x00aef633) x12 0x5c040340
core   0: 0x80000d0c (0x026c7593) andi    a1, s8, 38
core   0: 3 0x80000d0c (0x026c7593) x11 0x00000000
core   0: 0x80000d10 (0x00398033) add     zero, s3, gp
core   0: 3 0x80000d10 (0x00398033)
core   0: 0x80000d14 (0x0243c1b3) div     gp, t2, tp
core   0: 3 0x80000d14 (0x0243c1b3) x 3 0x001b008c
core   0: 0x80000d18 (0x02892933) mulhsu  s2, s2, s0
core   0: 3 0x80000d18 (0x02892933) x18 0x00000000
core   0: 0x80000d1c (0xcd6ded13) ori     s10, s11, -810
core   0: 3 0x80000d1c (0xcd6ded13) x26 0xfffffcd7
core   0: 0x80000d20 (0x03a29eb3) mulh    t4, t0, s10
core   0: 3 0x80000d20 (0x03a29eb3) x29 0x00000000
core   0: 0x80000d24 (0x0132dab3) srl     s5, t0, s3
core   0: 3 0x80000d24 (0x0132dab3) x21 0x00000000
core   0: 0x80000d28 (0x2f78f913) andi    s2, a7, 759
core   0: 3 0x80000d28 (0x2f78f913) x18 0x000002f7
core   0: 0x80000d2c (0x4d06ae13) slti    t3, a3, 1232
core   0: 3 0x80000d2c (0x4d06ae13) x28 0x00000001
core   0: 0x80000d30 (0x683cab93) slti    s7, s9, 1667
core   0: 3 0x80000d30 (0x683cab93) x23 0x00000001
core   0: 0x80000d34 (0x81dbad13) slti    s10, s7, -2019
core   0: 3 0x80000d34 (0x81dbad13) x26 0x00000000
core   0: 0x80000d38 (0x219d27b7) lui     a5, 0x219d2
core   0: 3 0x80000d38 (0x219d27b7) x15 0x219d2000
core   0: 0x80000d3c (0x40940133) sub     sp, s0, s1
core   0: 3 0x80000d3c (0x40940133) x 2 0x008649ed
core   0: 0x80000d40 (0x0338bfb3) mulhu   t6, a7, s3
core   0: 3 0x80000d40 (0x0338bfb3) x31 0x0000000e
core   0: 0x80000d44 (0x00b55793) srli    a5, a0, 11
core   0: 3 0x80000d44 (0x00b55793) x15 0x000fdfd6
core   0: 0x80000d48 (0x40c75633) sra     a2, a4, a2
core   0: 3 0x80000d48 (0x40c75633) x12 0x80018ce4
core   0: 0x80000d4c (0x00fb32b3) sltu    t0, s6, a5
core   0: 3 0x80000d4c (0x00fb32b3) x 5 0x00000001
core   0: 0x80000d50 (0x0033b033) sltu    zero, t2, gp
core   0: 3 0x80000d50 (0x0033b033)
core   0: 0x80000d54 (0x88f48037) lui     zero, 0x88f48
core   0: 3 0x80000d54 (0x88f48037)
core   0: 0x80000d58 (0x03bd65b3) rem     a1, s10, s11
core   0: 3 0x80000d58 (0x03bd65b3) x11 0x00000000
core   0: 0x80000d5c (0x029365b3) rem     a1, t1, s1
core   0: 3 0x80000d5c (0x029365b3) x11 0x00000000
core   0: 0x80000d60 (0x01a32233) slt     tp, t1, s10
core   0: 3 0x80000d60 (0x01a32233) x 4 0x00000000
core   0: 0x80000d64 (0x008265b3) or      a1, tp, s0
core   0: 3 0x80000d64 (0x008265b3) x11 0x00000000
core   0: 0x80000d68 (0x0296b933) mulhu   s2, a3, s1
core   0: 3 0x80000d68 (0x0296b933) x18 0xfd7ac8d6
core   0: 0x80000d6c (0x022194b3) mulh    s1, gp, sp
core   0: 3 0x80000d6c (0x022194b3) x 9 0x00000e2a
core   0: 0x80000d70 (0x92ace613) ori     a2, s9, -1750
core   0: 3 0x80000d70 (0x92ace613) x12 0xfffff92a
core   0: 0x80000d74 (0x01891333) sll     t1, s2, s8
core   0: 3 0x80000d74 (0x01891333) x 6 0xfd7ac8d6
core   0: 0x80000d78 (0x0141fbb3) and     s7, gp, s4
core   0: 3 0x80000d78 (0x0141fbb3) x23 0x00000000
core   0: 0x80000d7c (0xf821cb13) xori    s6, gp, -126
core   0: 3 0x80000d7c (0xf821cb13) x22 0xffe4ff0e
core   0: 0x80000d80 (0x0071a533) slt     a0, gp, t2
core   0: 3 0x80000d80 (0x0071a533) x10 0x00000001
core   0: 0x80000d84 (0x03273533) mulhu   a0, a4, s2
core   0: 3 0x80000d84 (0x03273533) x10 0x7ebeed66
core   0: 0x80000d88 (0x0306aa33) mulhsu  s4, a3, a6
core   0: 3 0x80000d88 (0x0306aa33) x20 0xff00007c
core   0: 0x80000d8c (0xfd630593) addi    a1, t1, -42
core   0: 3 0x80000d8c (0xfd630593) x11 0xfd7ac8ac
core   0: 0x80000d90 (0x02efa233) mulhsu  tp, t6, a4
core   0: 3 0x80000d90 (0x02efa233) x 4 0x00000007
core   0: 0x80000d94 (0x03f458b3) divu    a7, s0, t6
core   0: 3 0x80000d94 (0x03f458b3) x17 0x00000000
core   0: 0x80000d98 (0x033f4a33) div     s4, t5, s3
core   0: 3 0x80000d98 (0x033f4a33) x20 0xfffffffe
core   0: 0x80000d9c (0x015aa5b3) slt     a1, s5, s5
core   0: 3 0x80000d9c (0x015aa5b3) x11 0x00000000
core   0: 0x80000da0 (0x01ec67b3) or      a5, s8, t5
core   0: 3 0x80000da0 (0x01ec67b3) x15 0xffffffdd
core   0: 0x80000da4 (0x01698633) add     a2, s3, s6
core   0: 3 0x80000da4 (0x01698633) x12 0xffe4ff1d
core   0: 0x80000da8 (0x00bc53b3) srl     t2, s8, a1
core   0: 3 0x80000da8 (0x00bc53b3) x 7 0x00000000
core   0: 0x80000dac (0x02b1d433) divu    s0, gp, a1
core   0: 3 0x80000dac (0x02b1d433) x 8 0xffffffff
core   0: 0x80000db0 (0x03e04d33) div     s10, zero, t5
core   0: 3 0x80000db0 (0x03e04d33) x26 0x00000000
core   0: 0x80000db4 (0x019c0ab3) add     s5, s8, s9
core   0: 3 0x80000db4 (0x019c0ab3) x21 0xe0000000
core   0: 0x80000db8 (0x644fbf17) auipc   t5, 0x644fb
core   0: 3 0x80000db8 (0x644fbf17) x30 0xe44fbdb8
core   0: 0x80000dbc (0xc1cd8437) lui     s0, 0xc1cd8
core   0: 3 0x80000dbc (0xc1cd8437) x 8 0xc1cd8000
core   0: 0x80000dc0 (0x00000013) nop
core   0: 3 0x80000dc0 (0x00000013)
core   0: 0x80000dc4 (0x01bbf533) and     a0, s7, s11
core   0: 3 0x80000dc4 (0x01bbf533) x10 0x00000000
core   0: 0x80000dc8 (0xb34e6f13) ori     t5, t3, -1228
core   0: 3 0x80000dc8 (0xb34e6f13) x30 0xfffffb35
core   0: 0x80000dcc (0x002a6933) or      s2, s4, sp
core   0: 3 0x80000dcc (0x002a6933) x18 0xffffffff
core   0: 0x80000dd0 (0x6b840c37) lui     s8, 0x6b840
core   0: 3 0x80000dd0 (0x6b840c37) x24 0x6b840000
core   0: 0x80000dd4 (0x01a980b3) add     ra, s3, s10
core   0: 3 0x80000dd4 (0x01a980b3) x 1 0x0000000f
core   0: 0x80000dd8 (0x4143dd33) sra     s10, t2, s4
core   0: 3 0x80000dd8 (0x4143dd33) x26 0x00000000
core   0: 0x80000ddc (0x02df67b3) rem     a5, t5, a3
core   0: 3 0x80000ddc (0x02df67b3) x15 0xfffffb35
core   0: 0x80000de0 (0x029684b3) mul     s1, a3, s1
core   0: 3 0x80000de0 (0x029684b3) x 9 0xac57ce5e
core   0: 0x80000de4 (0x018d0cb3) add     s9, s10, s8
core   0: 3 0x80000de4 (0x018d0cb3) x25 0x6b840000
core   0: 0x80000de8 (0x00000013) nop
core   0: 3 0x80000de8 (0x00000013)
core   0: 0x80000dec (0x01d57133) and     sp, a0, t4
core   0: 3 0x80000dec (0x01d57133) x 2 0x00000000
core   0: 0x80000df0 (0x021a8fb3) mul     t6, s5, ra
core   0: 3 0x80000df0 (0x021a8fb3) x31 0x20000000
core   0: 0x80000df4 (0x03a02633) mulhsu  a2, zero, s10
core   0: 3 0x80000df4 (0x03a02633) x12 0x00000000
core   0: 0x80000df8 (0x03a03a33) mulhu   s4, zero, s10
core   0: 3 0x80000df8 (0x03a03a33) x20 0x00000000
core   0: 0x80000dfc (0x4067dbb3) sra     s7, a5, t1
core   0: 3 0x80000dfc (0x4067dbb3) x23 0xffffffff
core   0: 0x80000e00 (0xe7a0a193) slti    gp, ra, -390
core   0: 3 0x80000e00 (0xe7a0a193) x 3 0x00000000
core   0: 0x80000e04 (0x40ff8eb3) sub     t4, t6, a5
core   0: 3 0x80000e04 (0x40ff8eb3) x29 0x200004cb
core   0: 0x80000e08 (0x00e15f13) srli    t5, sp, 14
core   0: 3 0x80000e08 (0x00e15f13) x30 0x00000000
core   0: 0x80000e0c (0x2087ce13) xori    t3, a5, 520
core   0: 3 0x80000e0c (0x2087ce13) x28 0xfffff93d
core   0: 0x80000e10 (0x1ef7f793) andi    a5, a5, 495
core   0: 3 0x80000e10 (0x1ef7f793) x15 0x00000125
core   0: 0x80000e14 (0x0369fd33) remu    s10, s3, s6
core   0: 3 0x80000e14 (0x0369fd33) x26 0x0000000f
core   0: 0x80000e18 (0x40fbd513) srai    a0, s7, 15
core   0: 3 0x80000e18 (0x40fbd513) x10 0xffffffff
core   0: 0x80000e1c (0x019edc13) srli    s8, t4, 25
core   0: 3 0x80000e1c (0x019edc13) x24 0x00000010
core   0: 0x80000e20 (0x17b60a93) addi    s5, a2, 379
core   0: 3 0x80000e20 (0x17b60a93) x21 0x0000017b
core   0: 0x80000e24 (0x035c28b3) mulhsu  a7, s8, s5
core   0: 3 0x80000e24 (0x035c28b3) x17 0x00000000
core   0: 0x80000e28 (0x0052a2b3) slt     t0, t0, t0
core   0: 3 0x80000e28 (0x0052a2b3) x 5 0x00000000
core   0: 0x80000e2c (0x02e8e933) rem     s2, a7, a4
core   0: 3 0x80000e2c (0x02e8e933) x18 0x00000000
core   0: 0x80000e30 (0x0170a1b3) slt     gp, ra, s7
core   0: 3 0x80000e30 (0x0170a1b3) x 3 0x00000000
core   0: 0x80000e34 (0x56d14393) xori    t2, sp, 1389
core   0: 3 0x80000e34 (0x56d14393) x 7 0x0000056d
core   0: 0x80000e38 (0x03dba0b3) mulhsu  ra, s7, t4
core   0: 3 0x80000e38 (0x03dba0b3) x 1 0xffffffff
core   0: 0x80000e3c (0x02444233) div     tp, s0, tp
core   0: 3 0x80000e3c (0x02444233) x 4 0xf71d5b6e
core   0: 0x80000e40 (0x03ffdc33) divu    s8, t6, t6
core   0: 3 0x80000e40 (0x03ffdc33) x24 0x00000001
core   0: 0x80000e44 (0x009c03b3) add     t2, s8, s1
core   0: 3 0x80000e44 (0x009c03b3) x 7 0xac57ce5f
core   0: 0x80000e48 (0x2c802137) lui     sp, 0x2c802
core   0: 3 0x80000e48 (0x2c802137) x 2 0x2c802000
core   0: 0x80000e4c (0x0266b6b3) mulhu   a3, a3, t1
core   0: 3 0x80000e4c (0x0266b6b3) x13 0xfb7fd967
core   0: 0x80000e50 (0x00524433) xor     s0, tp, t0
core   0: 3 0x80000e50 (0x00524433) x 8 0xf71d5b6e
core   0: 0x80000e54 (0x034ee3b3) rem     t2, t4, s4
core   0: 3 0x80000e54 (0x034ee3b3) x 7 0x200004cb
core   0: 0x80000e58 (0x8b0ce393) ori     t2, s9, -1872
core   0: 3 0x80000e58 (0x8b0ce393) x 7 0xfffff8b0
core   0: 0x80000e5c (0xc3694f13) xori    t5, s2, -970
core   0: 3 0x80000e5c (0xc3694f13) x30 0xfffffc36
core   0: 0x80000e60 (0x9ba54a93) xori    s5, a0, -1606
core   0: 3 0x80000e60 (0x9ba54a93) x21 0x00000645
core   0: 0x80000e64 (0x03c24e33) div     t3, tp, t3
core   0: 3 0x80000e64 (0x03c24e33) x28 0x00015066
core   0: 0x80000e68 (0x0306da33) divu    s4, a3, a6
core   0: 3 0x80000e68 (0x0306da33) x20 0x00000001
core   0: 0x80000e6c (0x036497b3) mulh    a5, s1, s6
core   0: 3 0x80000e6c (0x036497b3) x15 0x0008d30c
core   0: 0x80000e70 (0x1d2f8c13) addi    s8, t6, 466
core   0: 3 0x80000e70 (0x1d2f8c13) x24 0x200001d2
core   0: 0x80000e74 (0x759a8b93) addi    s7, s5, 1881
core   0: 3 0x80000e74 (0x759a8b93) x23 0x00000d9e
core   0: 0x80000e78 (0x016ad2b3) srl     t0, s5, s6
core   0: 3 0x80000e78 (0x016ad2b3) x 5 0x00000000
core   0: 0x80000e7c (0x037961b3) rem     gp, s2, s7
core   0: 3 0x80000e7c (0x037961b3) x 3 0x00000000
core   0: 0x80000e80 (0x1012a2b7) lui     t0, 0x1012a
core   0: 3 0x80000e80 (0x1012a2b7) x 5 0x1012a000
core   0: 0x80000e84 (0x942a0117) auipc   sp, 0x942a0
core   0: 3 0x80000e84 (0x942a0117) x 2 0x142a0e84
core   0: 0x80000e88 (0x9bd44593) xori    a1, s0, -1603
core   0: 3 0x80000e88 (0x9bd44593) x11 0x08e2a2d3
core   0: 0x80000e8c (0x41275f93) srai    t6, a4, 18
core   0: 3 0x80000e8c (0x41275f93) x31 0xffffe000
core   0: 0x80000e90 (0x3998e093) ori     ra, a7, 921
core   0: 3 0x80000e90 (0x3998e093) x 1 0x00000399
core   0: 0x80000e94 (0x2494bc93) sltiu   s9, s1, 585
core   0: 3 0x80000e94 (0x2494bc93) x25 0x00000000
core   0: 0x80000e98 (0x0039be33) sltu    t3, s3, gp
core   0: 3 0x80000e98 (0x0039be33) x28 0x00000000
core   0: 0x80000e9c (0x0329d5b3) divu    a1, s3, s2
core   0: 3 0x80000e9c (0x0329d5b3) x11 0xffffffff
core   0: 0x80000ea0 (0xedf2cd13) xori    s10, t0, -289
core   0: 3 0x80000ea0 (0xedf2cd13) x26 0xefed5edf
core   0: 0x80000ea4 (0x021583b3) mul     t2, a1, ra
core   0: 3 0x80000ea4 (0x021583b3) x 7 0xfffffc67
core   0: 0x80000ea8 (0x036a6bb3) rem     s7, s4, s6
core   0: 3 0x80000ea8 (0x036a6bb3) x23 0x00000001
core   0: 0x80000eac (0x0198fab3) and     s5, a7, s9
core   0: 3 0x80000eac (0x0198fab3) x21 0x00000000
core   0: 0x80000eb0 (0xff414793) xori    a5, sp, -12
core   0: 3 0x80000eb0 (0xff414793) x15 0xebd5f170
core   0: 0x80000eb4 (0x0070b233) sltu    tp, ra, t2
core   0: 3 0x80000eb4 (0x0070b233) x 4 0x00000001
core   0: 0x80000eb8 (0x005d9313) slli    t1, s11, 5
core   0: 3 0x80000eb8 (0x005d9313) x 6 0x000000e0
core   0: 0x80000ebc (0x02707bb3) remu    s7, zero, t2
core   0: 3 0x80000ebc (0x02707bb3) x23 0x00000000
core   0: 0x80000ec0 (0x4647cd37) lui     s10, 0x4647c
core   0: 3 0x80000ec0 (0x4647cd37) x26 0x4647c000
core   0: 0x80000ec4 (0xcb23ef13) ori     t5, t2, -846
core   0: 3 0x80000ec4 (0xcb23ef13) x30 0xfffffcf7
core   0: 0x80000ec8 (0x019cd0b3) srl     ra, s9, s9
core   0: 3 0x80000ec8 (0x019cd0b3) x 1 0x00000000
core   0: 0x80000ecc (0xc0447693) andi    a3, s0, -1020
core   0: 3 0x80000ecc (0xc0447693) x13 0xf71d5804
core   0: 0x80000ed0 (0x99827493) andi    s1, tp, -1640
core   0: 3 0x80000ed0 (0x99827493) x 9 0x00000000
core   0: 0x80000ed4 (0x01a4d233) srl     tp, s1, s10
core   0: 3 0x80000ed4 (0x01a4d233) x 4 0x00000000
core   0: 0x80000ed8 (0x97227437) lui     s0, 0x97227
core   0: 3 0x80000ed8 (0x97227437) x 8 0x97227000
core   0: 0x80000edc (0x00af9a13) slli    s4, t6, 10
core   0: 3 0x80000edc (0x00af9a13) x20 0xff800000
core   0: 0x80000ee0 (0xa090e193) ori     gp, ra, -1527
core   0: 3 0x80000ee0 (0xa090e193) x 3 0xfffffa09
core   0: 0x80000ee4 (0x71180997) auipc   s3, 0x71180
core   0: 3 0x80000ee4 (0x71180997) x19 0xf1180ee4
core   0: 0x80000ee8 (0x41e5deb3) sra     t4, a1, t5
core   0: 3 0x80000ee8 (0x41e5deb3) x29 0xffffffff
core   0: 0x80000eec (0x000dc5b3) xor     a1, s11, zero
core   0: 3 0x80000eec (0x000dc5b3) x11 0x00000007
core   0: 0x80000ef0 (0x03e75eb3) divu    t4, a4, t5
core   0: 3 0x80000ef0 (0x03e75eb3) x29 0x00000000
core   0: 0x80000ef4 (0x5567cc13) xori    s8, a5, 1366
core   0: 3 0x80000ef4 (0x5567cc13) x24 0xebd5f426
core   0: 0x80000ef8 (0xe6ee8697) auipc   a3, 0xe6ee8
core   0: 3 0x80000ef8 (0xe6ee8697) x13 0x66ee8ef8
core   0: 0x80000efc (0x83a08e93) addi    t4, ra, -1990
core   0: 3 0x80000efc (0x83a08e93) x29 0xfffff83a
core   0: 0x80000f00 (0x414200b3) sub     ra, tp, s4
core   0: 3 0x80000f00 (0x414200b3) x 1 0x00800000
core   0: 0x80000f04 (0x02f5f933) remu    s2, a1, a5
core   0: 3 0x80000f04 (0x02f5f933) x18 0x00000007
core   0: 0x80000f08 (0x0112c4b3) xor     s1, t0, a7
core   0: 3 0x80000f08 (0x0112c4b3) x 9 0x1012a000
core   0: 0x80000f0c (0x01a45133) srl     sp, s0, s10
core   0: 3 0x80000f0c (0x01a45133) x 2 0x97227000
core   0: 0x80000f10 (0x021018b3) mulh    a7, zero, ra
core   0: 3 0x80000f10 (0x021018b3) x17 0x00000000
core   0: 0x80000f14 (0x253ae793) ori     a5, s5, 595
core   0: 3 0x80000f14 (0x253ae793) x15 0x00000253
core   0: 0x80000f18 (0x01196633) or      a2, s2, a7
core   0: 3 0x80000f18 (0x01196633) x12 0x00000007
core   0: 0x80000f1c (0x0064a9b3) slt     s3, s1, t1
core   0: 3 0x80000f1c (0x0064a9b3) x19 0x00000000
core   0: 0x80000f20 (0x03dcd0b3) divu    ra, s9, t4
core   0: 3 0x80000f20 (0x03dcd0b3) x 1 0x00000000
core   0: 0x80000f24 (0x00000013) nop
core   0: 3 0x80000f24 (0x00000013)
core   0: 0x80000f28 (0x033c36b3) mulhu   a3, s8, s3
core   0: 3 0x80000f28 (0x033c36b3) x13 0x00000000
core   0: 0x80000f2c (0x0121d033) srl     zero, gp, s2
core   0: 3 0x80000f2c (0x0121d033)
core   0: 0x80000f30 (0x69703c37) lui     s8, 0x69703
core   0: 3 0x80000f30 (0x69703c37) x24 0x69703000
core   0: 0x80000f34 (0xfe842913) slti    s2, s0, -24
core   0: 3 0x80000f34 (0xfe842913) x18 0x00000001
core   0: 0x80000f38 (0x00b4d433) srl     s0, s1, a1
core   0: 3 0x80000f38 (0x00b4d433) x 8 0x00202540
core   0: 0x80000f3c (0x417253b3) sra     t2, tp, s7
core   0: 3 0x80000f3c (0x417253b3) x 7 0x00000000
core   0: 0x80000f40 (0x02fb60b3) rem     ra, s6, a5
core   0: 3 0x80000f40 (0x02fb60b3) x 1 0xffffff48
core   0: 0x80000f44 (0x409259b3) sra     s3, tp, s1
core   0: 3 0x80000f44 (0x409259b3) x19 0x00000000
core   0: 0x80000f48 (0x02859933) mulh    s2, a1, s0
core   0: 3 0x80000f48 (0x02859933) x18 0x00000000
core   0: 0x80000f4c (0x13d14d13) xori    s10, sp, 317
core   0: 3 0x80000f4c (0x13d14d13) x26 0x9722713d
core   0: 0x80000f50 (0xe11e6113) ori     sp, t3, -495
core   0: 3 0x80000f50 (0xe11e6113) x 2 0xfffffe11
core   0: 0x80000f54 (0x01d45893) srli    a7, s0, 29
core   0: 3 0x80000f54 (0x01d45893) x17 0x00000000
core   0: 0x80000f58 (0x37df8313) addi    t1, t6, 893
core   0: 3 0x80000f58 (0x37df8313) x 6 0xffffe37d
core   0: 0x80000f5c (0xab334913) xori    s2, t1, -1357
core   0: 3 0x80000f5c (0xab334913) x18 0x000019ce
core   0: 0x80000f60 (0x416a5433) sra     s0, s4, s6
core   0: 3 0x80000f60 (0x416a5433) x 8 0xfffffe00
core   0: 0x80000f64 (0x0244e1b3) rem     gp, s1, tp
core   0: 3 0x80000f64 (0x0244e1b3) x 3 0x1012a000
core   0: 0x80000f68 (0x3ae3b117) auipc   sp, 0x3ae3b
core   0: 3 0x80000f68 (0x3ae3b117) x 2 0xbae3bf68
core   0: 0x80000f6c (0x03b32933) mulhsu  s2, t1, s11
core   0: 3 0x80000f6c (0x03b32933) x18 0xffffffff
core   0: 0x80000f70 (0x039b45b3) div     a1, s6, s9
core   0: 3 0x80000f70 (0x039b45b3) x11 0xffffffff
core   0: 0x80000f74 (0x020d0f33) mul     t5, s10, zero
core   0: 3 0x80000f74 (0x020d0f33) x30 0x00000000
core   0: 0x80000f78 (0x40aa0bb3) sub     s7, s4, a0
core   0: 3 0x80000f78 (0x40aa0bb3) x23 0xff800001
core   0: 0x80000f7c (0x03f1f6b3) remu    a3, gp, t6
core   0: 3 0x80000f7c (0x03f1f6b3) x13 0x1012a000
core   0: 0x80000f80 (0x01c039b3) snez    s3, t3
core   0: 3 0x80000f80 (0x01c039b3) x19 0x00000000
core   0: 0x80000f84 (0x0c373313) sltiu   t1, a4, 195
core   0: 3 0x80000f84 (0x0c373313) x 6 0x00000000
core   0: 0x80000f88 (0x00635fb3) srl     t6, t1, t1
core   0: 3 0x80000f88 (0x00635fb3) x31 0x00000000
core   0: 0x80000f8c (0x41685f93) srai    t6, a6, 22
core   0: 3 0x80000f8c (0x41685f93) x31 0xfffffe00
core   0: 0x80000f90 (0x0377af33) mulhsu  t5, a5, s7
core   0: 3 0x80000f90 (0x0377af33) x30 0x00000251
core   0: 0x80000f94 (0x033c4b33) div     s6, s8, s3
core   0: 3 0x80000f94 (0x033c4b33) x22 0xffffffff
core   0: 0x80000f98 (0x7607f093) andi    ra, a5, 1888
core   0: 3 0x80000f98 (0x7607f093) x 1 0x00000240
core   0: 0x80000f9c (0x01560a33) add     s4, a2, s5
core   0: 3 0x80000f9c (0x01560a33) x20 0x00000007
core   0: 0x80000fa0 (0x009006b3) add     a3, zero, s1
core   0: 3 0x80000fa0 (0x009006b3) x13 0x1012a000
core   0: 0x80000fa4 (0x01c5d413) srli    s0, a1, 28
core   0: 3 0x80000fa4 (0x01c5d413) x 8 0x0000000f
core   0: 0x80000fa8 (0x00356a33) or      s4, a0, gp
core   0: 3 0x80000fa8 (0x00356a33) x20 0xffffffff
core   0: 0x80000fac (0x03620cb3) mul     s9, tp, s6
core   0: 3 0x80000fac (0x03620cb3) x25 0x00000000
core   0: 0x80000fb0 (0x01369313) slli    t1, a3, 19
core   0: 3 0x80000fb0 (0x01369313) x 6 0x00000000
core   0: 0x80000fb4 (0xe79ff893) andi    a7, t6, -391
core   0: 3 0x80000fb4 (0xe79ff893) x17 0xfffffe00
core   0: 0x80000fb8 (0x38dc0117) auipc   sp, 0x38dc0
core   0: 3 0x80000fb8 (0x38dc0117) x 2 0xb8dc0fb8
core   0: 0x80000fbc (0x40ff5e13) srai    t3, t5, 15
core   0: 3 0x80000fbc (0x40ff5e13) x28 0x00000000
core   0: 0x80000fc0 (0x00f685b3) add     a1, a3, a5
core   0: 3 0x80000fc0 (0x00f685b3) x11 0x1012a253
core   0: 0x80000fc4 (0x018f7333) and     t1, t5, s8
core   0: 3 0x80000fc4 (0x018f7333) x 6 0x00000000
core   0: 0x80000fc8 (0xda2bda17) auipc   s4, 0xda2bd
core   0: 3 0x80000fc8 (0xda2bda17) x20 0x5a2bdfc8
core   0: 0x80000fcc (0x009e5c93) srli    s9, t3, 9
core   0: 3 0x80000fcc (0x009e5c93) x25 0x00000000
core   0: 0x80000fd0 (0x034e72b3) remu    t0, t3, s4
core   0: 3 0x80000fd0 (0x034e72b3) x 5 0x00000000
core   0: 0x80000fd4 (0xe98c4513) xori    a0, s8, -360
core   0: 3 0x80000fd4 (0xe98c4513) x10 0x968fce98
core   0: 0x80000fd8 (0x01bbd233) srl     tp, s7, s11
core   0: 3 0x80000fd8 (0x01bbd233) x 4 0x01ff0000
core   0: 0x80000fdc (0x024d93b3) mulh    t2, s11, tp
core   0: 3 0x80000fdc (0x024d93b3) x 7 0x00000000
core   0: 0x80000fe0 (0x03e7c5b3) div     a1, a5, t5
core   0: 3 0x80000fe0 (0x03e7c5b3) x11 0x00000001
core   0: 0x80000fe4 (0x001f06b3) add     a3, t5, ra
core   0: 3 0x80000fe4 (0x001f06b3) x13 0x00000491
core   0: 0x80000fe8 (0x03c9fb33) remu    s6, s3, t3
core   0: 3 0x80000fe8 (0x03c9fb33) x22 0x00000000
core   0: 0x80000fec (0xa0a91617) auipc   a2, 0xa0a91
core   0: 3 0x80000fec (0xa0a91617) x12 0x20a91fec
core   0: 0x80000ff0 (0x02ee8c33) mul     s8, t4, a4
core   0: 3 0x80000ff0 (0x02ee8c33) x24 0xf3f2cba8
core   0: 0x80000ff4 (0xd3c83113) sltiu   sp, a6, -708
core   0: 3 0x80000ff4 (0xd3c83113) x 2 0x00000001
core   0: 0x80000ff8 (0x410b5b33) sra     s6, s6, a6
core   0: 3 0x80000ff8 (0x410b5b33) x22 0x00000000
core   0: 0x80000ffc (0x03055633) divu    a2, a0, a6
core   0: 3 0x80000ffc (0x03055633) x12 0x00000001
core   0: 0x80001000 (0x00695493) srli    s1, s2, 6
core   0: 3 0x80001000 (0x00695493) x 9 0x03ffffff
core   0: 0x80001004 (0x00000013) nop
core   0: 3 0x80001004 (0x00000013)
core   0: 0x80001008 (0xd4543c93) sltiu   s9, s0, -699
core   0: 3 0x80001008 (0xd4543c93) x25 0x00000001
core   0: 0x8000100c (0x036bfc33) remu    s8, s7, s6
core   0: 3 0x8000100c (0x036bfc33) x24 0xff800001
core   0: 0x80001010 (0x0115f1b3) and     gp, a1, a7
core   0: 3 0x80001010 (0x0115f1b3) x 3 0x00000000
core   0: 0x80001014 (0x417a5d13) srai    s10, s4, 23
core   0: 3 0x80001014 (0x417a5d13) x26 0x000000b4
core   0: 0x80001018 (0x0287c233) div     tp, a5, s0
core   0: 3 0x80001018 (0x0287c233) x 4 0x00000027
core   0: 0x8000101c (0x025cf0b3) remu    ra, s9, t0
core   0: 3 0x8000101c (0x025cf0b3) x 1 0x00000001
core   0: 0x80001020 (0x0191aab3) slt     s5, gp, s9
core   0: 3 0x80001020 (0x0191aab3) x21 0x00000001
core   0: 0x80001024 (0x023fbcb3) mulhu   s9, t6, gp
core   0: 3 0x80001024 (0x023fbcb3) x25 0x00000000
core   0: 0x80001028 (0x02ec45b3) div     a1, s8, a4
core   0: 3 0x80001028 (0x02ec45b3) x11 0x00000000
core   0: 0x8000102c (0x027ad933) divu    s2, s5, t2
core   0: 3 0x8000102c (0x027ad933) x18 0xffffffff
core   0: 0x80001030 (0x02b9d233) divu    tp, s3, a1
core   0: 3 0x80001030 (0x02b9d233) x 4 0xffffffff
core   0: 0x80001034 (0x03f2fe33) remu    t3, t0, t6
core   0: 3 0x80001034 (0x03f2fe33) x28 0x00000000
core   0: 0x80001038 (0x007f6c33) or      s8, t5, t2
core   0: 3 0x80001038 (0x007f6c33) x24 0x00000251
core   0: 0x8000103c (0x03185b33) divu    s6, a6, a7
core   0: 3 0x8000103c (0x03185b33) x22 0x00000000
core   0: 0x80001040 (0x01f0df33) srl     t5, ra, t6
core   0: 3 0x80001040 (0x01f0df33) x30 0x00000001
core   0: 0x80001044 (0x025a6933) rem     s2, s4, t0
core   0: 3 0x80001044 (0x025a6933) x18 0x5a2bdfc8
core   0: 0x80001048 (0x4083d9b3) sra     s3, t2, s0
core   0: 3 0x80001048 (0x4083d9b3) x19 0x00000000
core   0: 0x8000104c (0x013b11b3) sll     gp, s6, s3
core   0: 3 0x8000104c (0x013b11b3) x 3 0x00000000
core   0: 0x80001050 (0x01efdcb3) srl     s9, t6, t5
core   0: 3 0x80001050 (0x01efdcb3) x25 0x7fffff00
core   0: 0x80001054 (0x0366bd33) mulhu   s10, a3, s6
core   0: 3 0x80001054 (0x0366bd33) x26 0x00000000
core   0: 0x80001058 (0x0238d5b3) divu    a1, a7, gp
core   0: 3 0x80001058 (0x0238d5b3) x11 0xffffffff
core   0: 0x8000105c (0x009433b3) sltu    t2, s0, s1
core   0: 3 0x8000105c (0x009433b3) x 7 0x00000001
core   0: 0x80001060 (0x0000af33) slt     t5, ra, zero
core   0: 3 0x80001060 (0x0000af33) x30 0x00000000
core   0: 0x80001064 (0x406b8033) sub     zero, s7, t1
core   0: 3 0x80001064 (0x406b8033)
core   0: 0x80001068 (0x40e85793) srai    a5, a6, 14
core   0: 3 0x80001068 (0x40e85793) x15 0xfffe0005
core   0: 0x8000106c (0x00536a33) or      s4, t1, t0
core   0: 3 0x8000106c (0x00536a33) x20 0x00000000
core   0: 0x80001070 (0x00000013) nop
core   0: 3 0x80001070 (0x00000013)
core   0: 0x80001074 (0x00468533) add     a0, a3, tp
core   0: 3 0x80001074 (0x00468533) x10 0x00000490
core   0: 0x80001078 (0x02f9acb3) mulhsu  s9, s3, a5
core   0: 3 0x80001078 (0x02f9acb3) x25 0x00000000
core   0: 0x8000107c (0x5ad7d0b7) lui     ra, 0x5ad7d
core   0: 3 0x8000107c (0x5ad7d0b7) x 1 0x5ad7d000
core   0: 0x80001080 (0x6ab06493) ori     s1, zero, 1707
core   0: 3 0x80001080 (0x6ab06493) x 9 0x000006ab
core   0: 0x80001084 (0xbf98a637) lui     a2, 0xbf98a
core   0: 3 0x80001084 (0xbf98a637) x12 0xbf98a000
core   0: 0x80001088 (0x02fcde33) divu    t3, s9, a5
core   0: 3 0x80001088 (0x02fcde33) x28 0x00000000
core   0: 0x8000108c (0x0183d633) srl     a2, t2, s8
core   0: 3 0x8000108c (0x0183d633) x12 0x00000000
core   0: 0x80001090 (0x41ebd393) srai    t2, s7, 30
core   0: 3 0x80001090 (0x41ebd393) x 7 0xffffffff
core   0: 0x80001094 (0x01d31a33) sll     s4, t1, t4
core   0: 3 0x80001094 (0x01d31a33) x20 0x00000000
core   0: 0x80001098 (0x027a6633) rem     a2, s4, t2
core   0: 3 0x80001098 (0x027a6633) x12 0x00000000
core   0: 0x8000109c (0x1d14ca13) xori    s4, s1, 465
core   0: 3 0x8000109c (0x1d14ca13) x20 0x0000077a
core   0: 0x800010a0 (0x5b74bfb7) lui     t6, 0x5b74b
core   0: 3 0x800010a0 (0x5b74bfb7) x31 0x5b74b000
core   0: 0x800010a4 (0x63d3fe37) lui     t3, 0x63d3f
core   0: 3 0x800010a4 (0x63d3fe37) x28 0x63d3f000
core   0: 0x800010a8 (0xf5c3c593) xori    a1, t2, -164
core   0: 3 0x800010a8 (0xf5c3c593) x11 0x000000a3
core   0: 0x800010ac (0xf5744d13) xori    s10, s0, -169
core   0: 3 0x800010ac (0xf5744d13) x26 0xffffff58
core   0: 0x800010b0 (0x41610eb3) sub     t4, sp, s6
core   0: 3 0x800010b0 (0x41610eb3) x29 0x00000001
core   0: 0x800010b4 (0x546b2d37) lui     s10, 0x546b2
core   0: 3 0x800010b4 (0x546b2d37) x26 0x546b2000
core   0: 0x800010b8 (0x03370433) mul     s0, a4, s3
core   0: 3 0x800010b8 (0x03370433) x 8 0x00000000
core   0: 0x800010bc (0x40a853b3) sra     t2, a6, a0
core   0: 3 0x800010bc (0x40a853b3) x 7 0xffff8001
core   0: 0x800010c0 (0x417cdf13) srai    t5, s9, 23
core   0: 3 0x800010c0 (0x417cdf13) x30 0x00000000
core   0: 0x800010c4 (0x033fafb3) mulhsu  t6, t6, s3
core   0: 3 0x800010c4 (0x033fafb3) x31 0x00000000
core   0: 0x800010c8 (0x41095ab3) sra     s5, s2, a6
core   0: 3 0x800010c8 (0x41095ab3) x21 0x05a2bdfc
core   0: 0x800010cc (0x98bee113) ori     sp, t4, -1653
core   0: 3 0x800010cc (0x98bee113) x 2 0xfffff98b
core   0: 0x800010d0 (0x281e2337) lui     t1, 0x281e2
core   0: 3 0x800010d0 (0x281e2337) x 6 0x281e2000
core   0: 0x800010d4 (0x70c50c93) addi    s9, a0, 1804
core   0: 3 0x800010d4 (0x70c50c93) x25 0x00000b9c
core   0: 0x800010d8 (0x00a29fb3) sll     t6, t0, a0
core   0: 3 0x800010d8 (0x00a29fb3) x31 0x00000000
core   0: 0x800010dc (0x028871b3) remu    gp, a6, s0
core   0: 3 0x800010dc (0x028871b3) x 3 0x80014e64
core   0: 0x800010e0 (0x000a87b3) add     a5, s5, zero
core   0: 3 0x800010e0 (0x000a87b3) x15 0x05a2bdfc
core   0: 0x800010e4 (0x94708937) lui     s2, 0x94708
core   0: 3 0x800010e4 (0x94708937) x18 0x94708000
core   0: 0x800010e8 (0x0046d633) srl     a2, a3, tp
core   0: 3 0x800010e8 (0x0046d633) x12 0x00000000
core   0: 0x800010ec (0x00e7a2b3) slt     t0, a5, a4
core   0: 3 0x800010ec (0x00e7a2b3) x 5 0x00000000
core   0: 0x800010f0 (0x03e37233) remu    tp, t1, t5
core   0: 3 0x800010f0 (0x03e37233) x 4 0x281e2000
core   0: 0x800010f4 (0x03ad8133) mul     sp, s11, s10
core   0: 3 0x800010f4 (0x03ad8133) x 2 0x4eede000
core   0: 0x800010f8 (0x41c45f33) sra     t5, s0, t3
core   0: 3 0x800010f8 (0x41c45f33) x30 0x00000000
core   0: 0x800010fc (0x01423633) sltu    a2, tp, s4
core   0: 3 0x800010fc (0x01423633) x12 0x00000000
core   0: 0x80001100 (0x00000013) nop
core   0: 3 0x80001100 (0x00000013)
core   0: 0x80001104 (0x027dceb3) div     t4, s11, t2
core   0: 3 0x80001104 (0x027dceb3) x29 0x00000000
core   0: 0x80001108 (0x0005d193) srli    gp, a1, 0
core   0: 3 0x80001108 (0x0005d193) x 3 0x000000a3
core   0: 0x8000110c (0x03aa96b3) mulh    a3, s5, s10
core   0: 3 0x8000110c (0x03aa96b3) x13 0x01dbc210
core   0: 0x80001110 (0x00dcdf33) srl     t5, s9, a3
core   0: 3 0x80001110 (0x00dcdf33) x30 0x00000000
core   0: 0x80001114 (0x56adf413) andi    s0, s11, 1386
core   0: 3 0x80001114 (0x56adf413) x 8 0x00000002
core   0: 0x80001118 (0xbcb53c13) sltiu   s8, a0, -1077
core   0: 3 0x80001118 (0xbcb53c13) x24 0x00000001
core   0: 0x8000111c (0x00e1bc33) sltu    s8, gp, a4
core   0: 3 0x8000111c (0x00e1bc33) x24 0x00000001
core   0: 0x80001120 (0x03a1feb3) remu    t4, gp, s10
core   0: 3 0x80001120 (0x03a1feb3) x29 0x000000a3
core   0: 0x80001124 (0x00e8dd33) srl     s10, a7, a4
core   0: 3 0x80001124 (0x00e8dd33) x26 0x0fffffe0
core   0: 0x80001128 (0x926dbc93) sltiu   s9, s11, -1754
core   0: 3 0x80001128 (0x926dbc93) x25 0x00000001
core   0: 0x8000112c (0x47237213) andi    tp, t1, 1138
core   0: 3 0x8000112c (0x47237213) x 4 0x00000000
core   0: 0x80001130 (0x2ba07f13) andi    t5, zero, 698
core   0: 3 0x80001130 (0x2ba07f13) x30 0x00000000
core   0: 0x80001134 (0x9abfaf13) slti    t5, t6, -1621
core   0: 3 0x80001134 (0x9abfaf13) x30 0x00000000
core   0: 0x80001138 (0x0023c533) xor     a0, t2, sp
core   0: 3 0x80001138 (0x0023c533) x10 0xb1126001
core   0: 0x8000113c (0x669c6e93) ori     t4, s8, 1641
core   0: 3 0x8000113c (0x669c6e93) x29 0x00000669
core   0: 0x80001140 (0x02c995b3) mulh    a1, s3, a2
core   0: 3 0x80001140 (0x02c995b3) x11 0x00000000
core   0: 0x80001144 (0x37050613) addi    a2, a0, 880
core   0: 3 0x80001144 (0x37050613) x12 0xb1126371
core   0: 0x80001148 (0x026a35b3) mulhu   a1, s4, t1
core   0: 3 0x80001148 (0x026a35b3) x11 0x0000012b
core   0: 0x8000114c (0x729b0797) auipc   a5, 0x729b0
core   0: 3 0x8000114c (0x729b0797) x15 0xf29b114c
core   0: 0x80001150 (0xa87f0593) addi    a1, t5, -1401
core   0: 3 0x80001150 (0xa87f0593) x11 0xfffffa87
core   0: 0x80001154 (0xc2ef7093) andi    ra, t5, -978
core   0: 3 0x80001154 (0xc2ef7093) x 1 0x00000000
core   0: 0x80001158 (0x3db84093) xori    ra, a6, 987
core   0: 3 0x80001158 (0x3db84093) x 1 0x80014dbf
core   0: 0x8000115c (0xb7a14613) xori    a2, sp, -1158
core   0: 3 0x8000115c (0xb7a14613) x12 0xb1121b7a
core   0: 0x80001160 (0xcc4afa17) auipc   s4, 0xcc4af
core   0: 3 0x80001160 (0xcc4afa17) x20 0x4c4b0160
core   0: 0x80001164 (0xc16cfb93) andi    s7, s9, -1002
core   0: 3 0x80001164 (0xc16cfb93) x23 0x00000000
core   0: 0x80001168 (0x01278bb3) add     s7, a5, s2
core   0: 3 0x80001168 (0x01278bb3) x23 0x870b914c
core   0: 0x8000116c (0x02d59d33) mulh    s10, a1, a3
core   0: 3 0x8000116c (0x02d59d33) x26 0xfffffff5
core   0: 0x80001170 (0x00000013) nop
core   0: 3 0x80001170 (0x00000013)
core   0: 0x80001174 (0x03606033) rem     zero, zero, s6
core   0: 3 0x80001174 (0x03606033)
core   0: 0x80001178 (0xb8840e97) auipc   t4, 0xb8840
core   0: 3 0x80001178 (0xb8840e97) x29 0x38841178
core   0: 0x8000117c (0x035159b3) divu    s3, sp, s5
core   0: 3 0x8000117c (0x035159b3) x19 0x0000000e
core   0: 0x80001180 (0x6b3dc993) xori    s3, s11, 1715
core   0: 3 0x80001180 (0x6b3dc993) x19 0x000006b4
core   0: 0x80001184 (0x02a9aa33) mulhsu  s4, s3, a0
core   0: 3 0x80001184 (0x02a9aa33) x20 0x000004a2
core   0: 0x80001188 (0x03d4b4b3) mulhu   s1, s1, t4
core   0: 3 0x80001188 (0x03d4b4b3) x 9 0x00000178
core   0: 0x8000118c (0x158db793) sltiu   a5, s11, 344
core   0: 3 0x8000118c (0x158db793) x15 0x00000001
core   0: 0x80001190 (0x035756b3) divu    a3, a4, s5
core   0: 3 0x80001190 (0x035756b3) x13 0x00000016
core   0: 0x80001194 (0x41efdc13) srai    s8, t6, 30
core   0: 3 0x80001194 (0x41efdc13) x24 0x00000000
core   0: 0x80001198 (0x40fc5b93) srai    s7, s8, 15
core   0: 3 0x80001198 (0x40fc5b93) x23 0x00000000
core   0: 0x8000119c (0x007d26b3) slt     a3, s10, t2
core   0: 3 0x8000119c (0x007d26b3) x13 0x00000000
core   0: 0x800011a0 (0x020fb433) mulhu   s0, t6, zero
core   0: 3 0x800011a0 (0x020fb433) x 8 0x00000000
core   0: 0x800011a4 (0x03d96fb3) rem     t6, s2, t4
core   0: 3 0x800011a4 (0x03d96fb3) x31 0xccf49178
core   0: 0x800011a8 (0xb61f3c13) sltiu   s8, t5, -1183
core   0: 3 0x800011a8 (0xb61f3c13) x24 0x00000001
core   0: 0x800011ac (0x92dc3013) sltiu   zero, s8, -1747
core   0: 3 0x800011ac (0x92dc3013)
core   0: 0x800011b0 (0xb7fb0eb7) lui     t4, 0xb7fb0
core   0: 3 0x800011b0 (0xb7fb0eb7) x29 0xb7fb0000
core   0: 0x800011b4 (0x039cf133) remu    sp, s9, s9
core   0: 3 0x800011b4 (0x039cf133) x 2 0x00000000
core   0: 0x800011b8 (0x3a607d13) andi    s10, zero, 934
core   0: 3 0x800011b8 (0x3a607d13) x26 0x00000000
core   0: 0x800011bc (0x013008b3) add     a7, zero, s3
core   0: 3 0x800011bc (0x013008b3) x17 0x000006b4
core   0: 0x800011c0 (0x16406893) ori     a7, zero, 356
core   0: 3 0x800011c0 (0x16406893) x17 0x00000164
core   0: 0x800011c4 (0x012ec033) xor     zero, t4, s2
core   0: 3 0x800011c4 (0x012ec033)
core   0: 0x800011c8 (0x01117c33) and     s8, sp, a7
core   0: 3 0x800011c8 (0x01117c33) x24 0x00000000
core   0: 0x800011cc (0x03cdf333) remu    t1, s11, t3
core   0: 3 0x800011cc (0x03cdf333) x 6 0x00000007
core   0: 0x800011d0 (0x00000013) nop
core   0: 3 0x800011d0 (0x00000013)
core   0: 0x800011d4 (0x014c9213) slli    tp, s9, 20
core   0: 3 0x800011d4 (0x014c9213) x 4 0x00100000
core   0: 0x800011d8 (0x01e9df93) srli    t6, s3, 30
core   0: 3 0x800011d8 (0x01e9df93) x31 0x00000000
core   0: 0x800011dc (0x00955c13) srli    s8, a0, 9
core   0: 3 0x800011dc (0x00955c13) x24 0x00588930
core   0: 0x800011e0 (0x01ac1233) sll     tp, s8, s10
core   0: 3 0x800011e0 (0x01ac1233) x 4 0x00588930
core   0: 0x800011e4 (0x01c08cb3) add     s9, ra, t3
core   0: 3 0x800011e4 (0x01c08cb3) x25 0xe3d53dbf
core   0: 0x800011e8 (0x02bb2f13) slti    t5, s6, 43
core   0: 3 0x800011e8 (0x02bb2f13) x30 0x00000001
core   0: 0x800011ec (0xe7032e97) auipc   t4, 0xe7032
core   0: 3 0x800011ec (0xe7032e97) x29 0x670331ec
core   0: 0x800011f0 (0x02457013) andi    zero, a0, 36
core   0: 3 0x800011f0 (0x02457013)
core   0: 0x800011f4 (0x41b0dd13) srai    s10, ra, 27
core   0: 3 0x800011f4 (0x41b0dd13) x26 0xfffffff0
core   0: 0x800011f8 (0x7163a193) slti    gp, t2, 1814
core   0: 3 0x800011f8 (0x7163a193) x 3 0x00000001
core   0: 0x800011fc (0x00641f93) slli    t6, s0, 6
core   0: 3 0x800011fc (0x00641f93) x31 0x00000000
core   0: 0x80001200 (0x02a70bb3) mul     s7, a4, a0
core   0: 3 0x80001200 (0x02a70bb3) x23 0xa0df0ce4
core   0: 0x80001204 (0x016cafb3) slt     t6, s9, s6
core   0: 3 0x80001204 (0x016cafb3) x31 0x00000001
core   0: 0x80001208 (0x02bd5233) divu    tp, s10, a1
core   0: 3 0x80001208 (0x02bd5233) x 4 0x00000001
core   0: 0x8000120c (0x02c04233) div     tp, zero, a2
core   0: 3 0x8000120c (0x02c04233) x 4 0x00000000
core   0: 0x80001210 (0x00eb88b3) add     a7, s7, a4
core   0: 3 0x80001210 (0x00eb88b3) x17 0x20e099c8
core   0: 0x80001214 (0x02c1c9b3) div     s3, gp, a2
core   0: 3 0x80001214 (0x02c1c9b3) x19 0x00000000
core   0: 0x80001218 (0x3cd09f17) auipc   t5, 0x3cd09
core   0: 3 0x80001218 (0x3cd09f17) x30 0xbcd0a218
core   0: 0x8000121c (0xab51e113) ori     sp, gp, -1355
core   0: 3 0x8000121c (0xab51e113) x 2 0xfffffab5
core   0: 0x80001220 (0x01f8c6b3) xor     a3, a7, t6
core   0: 3 0x80001220 (0x01f8c6b3) x13 0x20e099c9
core   0: 0x80001224 (0x026d9cb3) mulh    s9, s11, t1
core   0: 3 0x80001224 (0x026d9cb3) x25 0x00000000
core   0: 0x80001228 (0x41a2dd33) sra     s10, t0, s10
core   0: 3 0x80001228 (0x41a2dd33) x26 0x00000000
core   0: 0x8000122c (0xfeef0f93) addi    t6, t5, -18
core   0: 3 0x8000122c (0xfeef0f93) x31 0xbcd0a206
core   0: 0x80001230 (0x00651bb3) sll     s7, a0, t1
core   0: 3 0x80001230 (0x00651bb3) x23 0x89300080
core   0: 0x80001234 (0xa066a637) lui     a2, 0xa066a
core   0: 3 0x80001234 (0xa066a637) x12 0xa066a000
core   0: 0x80001238 (0x413dd6b3) sra     a3, s11, s3
core   0: 3 0x80001238 (0x413dd6b3) x13 0x00000007
core   0: 0x8000123c (0x00000013) nop
core   0: 3 0x8000123c (0x00000013)
core   0: 0x80001240 (0x03c6d7b3) divu    a5, a3, t3
core   0: 3 0x80001240 (0x03c6d7b3) x15 0x00000000
core   0: 0x80001244 (0x03e3f6b3) remu    a3, t2, t5
core   0: 3 0x80001244 (0x03e3f6b3) x13 0x432edde9
core   0: 0x80001248 (0x228250b7) lui     ra, 0x22825
core   0: 3 0x80001248 (0x228250b7) x 1 0x22825000
core   0: 0x8000124c (0x014d01b3) add     gp, s10, s4
core   0: 3 0x8000124c (0x014d01b3) x 3 0x000004a2
core   0: 0x80001250 (0x00063f33) sltu    t5, a2, zero
core   0: 3 0x80001250 (0x00063f33) x30 0x00000000
core   0: 0x80001254 (0xd8608a17) auipc   s4, 0xd8608
core   0: 3 0x80001254 (0xd8608a17) x20 0x58609254
core   0: 0x80001258 (0x00000013) nop
core   0: 3 0x80001258 (0x00000013)
core   0: 0x8000125c (0x029ae233) rem     tp, s5, s1
core   0: 3 0x8000125c (0x029ae233) x 4 0x0000014c
core   0: 0x80001260 (0x01495613) srli    a2, s2, 20
core   0: 3 0x80001260 (0x01495613) x12 0x00000947
core   0: 0x80001264 (0x039d7c33) remu    s8, s10, s9
core   0: 3 0x80001264 (0x039d7c33) x24 0x00000000
core   0: 0x80001268 (0x01e99f93) slli    t6, s3, 30
core   0: 3 0x80001268 (0x01e99f93) x31 0x00000000
core   0: 0x8000126c (0x56307637) lui     a2, 0x56307
core   0: 3 0x8000126c (0x56307637) x12 0x56307000
core   0: 0x80001270 (0xa2c93393) sltiu   t2, s2, -1492
core   0: 3 0x80001270 (0xa2c93393) x 7 0x00000001
core   0: 0x80001274 (0x030bd333) divu    t1, s7, a6
core   0: 3 0x80001274 (0x030bd333) x 6 0x00000001
core   0: 0x80001278 (0x0f2e8a17) auipc   s4, 0xf2e8
core   0: 3 0x80001278 (0x0f2e8a17) x20 0x8f2e9278
core   0: 0x8000127c (0x02a3e933) rem     s2, t2, a0
core   0: 3 0x8000127c (0x02a3e933) x18 0x00000001
core   0: 0x80001280 (0x01254c33) xor     s8, a0, s2
core   0: 3 0x80001280 (0x01254c33) x24 0xb1126000
core   0: 0x80001284 (0x004c7cb3) and     s9, s8, tp
core   0: 3 0x80001284 (0x004c7cb3) x25 0x00000000
core   0: 0x80001288 (0x40e2d7b3) sra     a5, t0, a4
core   0: 3 0x80001288 (0x40e2d7b3) x15 0x00000000
core   0: 0x8000128c (0x00dd4633) xor     a2, s10, a3
core   0: 3 0x8000128c (0x00dd4633) x12 0x432edde9
core   0: 0x80001290 (0x01a776b3) and     a3, a4, s10
core   0: 3 0x80001290 (0x01a776b3) x13 0x00000000
core   0: 0x80001294 (0x02df69b3) rem     s3, t5, a3
core   0: 3 0x80001294 (0x02df69b3) x19 0x00000000
core   0: 0x80001298 (0x014a8a33) add     s4, s5, s4
core   0: 3 0x80001298 (0x014a8a33) x20 0x94d15074
core   0: 0x8000129c (0x9a4297b7) lui     a5, 0x9a429
core   0: 3 0x8000129c (0x9a4297b7) x15 0x9a429000
core   0: 0x800012a0 (0x40975133) sra     sp, a4, s1
core   0: 3 0x800012a0 (0x40975133) x 2 0xffffff80
core   0: 0x800012a4 (0xabe3f613) andi    a2, t2, -1346
core   0: 3 0x800012a4 (0xabe3f613) x12 0x00000000
core   0: 0x800012a8 (0x0026de13) srli    t3, a3, 2
core   0: 3 0x800012a8 (0x0026de13) x28 0x00000000
core   0: 0x800012ac (0x40fdde93) srai    t4, s11, 15
core   0: 3 0x800012ac (0x40fdde93) x29 0x00000000
core   0: 0x800012b0 (0x14d22e13) slti    t3, tp, 333
core   0: 3 0x800012b0 (0x14d22e13) x28 0x00000001
core   0: 0x800012b4 (0x01081213) slli    tp, a6, 16
core   0: 3 0x800012b4 (0x01081213) x 4 0x4e640000
core   0: 0x800012b8 (0x00fbd5b3) srl     a1, s7, a5
core   0: 3 0x800012b8 (0x00fbd5b3) x11 0x89300080
core   0: 0x800012bc (0x031870b3) remu    ra, a6, a7
core   0: 3 0x800012bc (0x031870b3) x 1 0x1d5f810c
core   0: 0x800012c0 (0x41b9d093) srai    ra, s3, 27
core   0: 3 0x800012c0 (0x41b9d093) x 1 0x00000000
core   0: 0x800012c4 (0x02b3bf33) mulhu   t5, t2, a1
core   0: 3 0x800012c4 (0x02b3bf33) x30 0x00000000
core   0: 0x800012c8 (0x01dab533) sltu    a0, s5, t4
core   0: 3 0x800012c8 (0x01dab533) x10 0x00000000
core   0: 0x800012cc (0x410200b3) sub     ra, tp, a6
core   0: 3 0x800012cc (0x410200b3) x 1 0xce62b19c
core   0: 0x800012d0 (0x001e1a93) slli    s5, t3, 1
core   0: 3 0x800012d0 (0x001e1a93) x21 0x00000002
core   0: 0x800012d4 (0x00d4fe33) and     t3, s1, a3
core   0: 3 0x800012d4 (0x00d4fe33) x28 0x00000000
core   0: 0x800012d8 (0x0216e133) rem     sp, a3, ra
core   0: 3 0x800012d8 (0x0216e133) x 2 0x00000000
core   0: 0x800012dc (0x00fdb633) sltu    a2, s11, a5
core   0: 3 0x800012dc (0x00fdb633) x12 0x00000001
core   0: 0x800012e0 (0xefb32513) slti    a0, t1, -261
core   0: 3 0x800012e0 (0xefb32513) x10 0x00000000
core   0: 0x800012e4 (0x0104f2b3) and     t0, s1, a6
core   0: 3 0x800012e4 (0x0104f2b3) x 5 0x00000060
core   0: 0x800012e8 (0xc59c7493) andi    s1, s8, -935
core   0: 3 0x800012e8 (0xc59c7493) x 9 0xb1126000
core   0: 0x800012ec (0x41028f33) sub     t5, t0, a6
core   0: 3 0x800012ec (0x41028f33) x30 0x7ffeb1fc
core   0: 0x800012f0 (0x00803bb3) snez    s7, s0
core   0: 3 0x800012f0 (0x00803bb3) x23 0x00000000
core   0: 0x800012f4 (0x0260f9b3) remu    s3, ra, t1
core   0: 3 0x800012f4 (0x0260f9b3) x19 0x00000000
core   0: 0x800012f8 (0xf2844a13) xori    s4, s0, -216
core   0: 3 0x800012f8 (0xf2844a13) x20 0xffffff28
core   0: 0x800012fc (0x0056b3b3) sltu    t2, a3, t0
core   0: 3 0x800012fc (0x0056b3b3) x 7 0x00000001
core   0: 0x80001300 (0x01601b93) slli    s7, zero, 22
core   0: 3 0x80001300 (0x01601b93) x23 0x00000000
core   0: 0x80001304 (0x01e21513) slli    a0, tp, 30
core   0: 3 0x80001304 (0x01e21513) x10 0x00000000
core   0: 0x80001308 (0x02ca7633) remu    a2, s4, a2
core   0: 3 0x80001308 (0x02ca7633) x12 0x00000000
core   0: 0x8000130c (0xdd52c313) xori    t1, t0, -555
core   0: 3 0x8000130c (0xdd52c313) x 6 0xfffffdb5
core   0: 0x80001310 (0x00f2d413) srli    s0, t0, 15
core   0: 3 0x80001310 (0x00f2d413) x 8 0x00000000
core   0: 0x80001314 (0x01a71f13) slli    t5, a4, 26
core   0: 3 0x80001314 (0x01a71f13) x30 0x90000000
core   0: 0x80001318 (0x5a7dc013) xori    zero, s11, 1447
core   0: 3 0x80001318 (0x5a7dc013)
core   0: 0x8000131c (0x41525ab3) sra     s5, tp, s5
core   0: 3 0x8000131c (0x41525ab3) x21 0x13990000
core   0: 0x80001320 (0x00c3dcb3) srl     s9, t2, a2
core   0: 3 0x80001320 (0x00c3dcb3) x25 0x00000001
core   0: 0x80001324 (0xeb2adcb7) lui     s9, 0xeb2ad
core   0: 3 0x80001324 (0xeb2adcb7) x25 0xeb2ad000
core   0: 0x80001328 (0x8426ea93) ori     s5, a3, -1982
core   0: 3 0x80001328 (0x8426ea93) x21 0xfffff842
core   0: 0x8000132c (0x0266b033) mulhu   zero, a3, t1
core   0: 3 0x8000132c (0x0266b033)
core   0: 0x80001330 (0x913a2593) slti    a1, s4, -1773
core   0: 3 0x80001330 (0x913a2593) x11 0x00000000
core   0: 0x80001334 (0x41975a13) srai    s4, a4, 25
core   0: 3 0x80001334 (0x41975a13) x20 0xffffffc0
core   0: 0x80001338 (0x0067c5b3) xor     a1, a5, t1
core   0: 3 0x80001338 (0x0067c5b3) x11 0x65bd6db5
core   0: 0x8000133c (0x00ff95b3) sll     a1, t6, a5
core   0: 3 0x8000133c (0x00ff95b3) x11 0x00000000
core   0: 0x80001340 (0x40ea0433) sub     s0, s4, a4
core   0: 3 0x80001340 (0x40ea0433) x 8 0x7ffe72dc
core   0: 0x80001344 (0x9ed33413) sltiu   s0, t1, -1555
core   0: 3 0x80001344 (0x9ed33413) x 8 0x00000000
core   0: 0x80001348 (0xcb8caa13) slti    s4, s9, -840
core   0: 3 0x80001348 (0xcb8caa13) x20 0x00000001
core   0: 0x8000134c (0x3ffa7297) auipc   t0, 0x3ffa7
core   0: 3 0x8000134c (0x3ffa7297) x 5 0xbffa834c
core   0: 0x80001350 (0xbad8a013) slti    zero, a7, -1107
core   0: 3 0x80001350 (0xbad8a013)
core   0: 0x80001354 (0xb4c08313) addi    t1, ra, -1204
core   0: 3 0x80001354 (0xb4c08313) x 6 0xce62ace8
core   0: 0x80001358 (0xd83e8637) lui     a2, 0xd83e8
core   0: 3 0x80001358 (0xd83e8637) x12 0xd83e8000
core   0: 0x8000135c (0x0213aeb3) mulhsu  t4, t2, ra
core   0: 3 0x8000135c (0x0213aeb3) x29 0x00000000
core   0: 0x80001360 (0x01e9dab3) srl     s5, s3, t5
core   0: 3 0x80001360 (0x01e9dab3) x21 0x00000000
core   0: 0x80001364 (0x034eb333) mulhu   t1, t4, s4
core   0: 3 0x80001364 (0x034eb333) x 6 0x00000000
core   0: 0x80001368 (0x01fdabb3) slt     s7, s11, t6
core   0: 3 0x80001368 (0x01fdabb3) x23 0x00000000
core   0: 0x8000136c (0x0289f433) remu    s0, s3, s0
core   0: 3 0x8000136c (0x0289f433) x 8 0x00000000
core   0: 0x80001370 (0x41a35c93) srai    s9, t1, 26
core   0: 3 0x80001370 (0x41a35c93) x25 0x00000000
core   0: 0x80001374 (0x00000013) nop
core   0: 3 0x80001374 (0x00000013)
core   0: 0x80001378 (0x0288fab3) remu    s5, a7, s0
core   0: 3 0x80001378 (0x0288fab3) x21 0x20e099c8
core   0: 0x8000137c (0x0134df93) srli    t6, s1, 19
core   0: 3 0x8000137c (0x0134df93) x31 0x00001622
core   0: 0x80001380 (0x01474c33) xor     s8, a4, s4
core   0: 3 0x80001380 (0x01474c33) x24 0x80018ce5
core   0: 0x80001384 (0x518d7f37) lui     t5, 0x518d7
core   0: 3 0x80001384 (0x518d7f37) x30 0x518d7000
core   0: 0x80001388 (0x03d7dab3) divu    s5, a5, t4
core   0: 3 0x80001388 (0x03d7dab3) x21 0xffffffff
core   0: 0x8000138c (0x00ed6bb3) or      s7, s10, a4
core   0: 3 0x8000138c (0x00ed6bb3) x23 0x80018ce4
core   0: 0x80001390 (0x03308333) mul     t1, ra, s3
core   0: 3 0x80001390 (0x03308333) x 6 0x00000000
core   0: 0x80001394 (0x039ef933) remu    s2, t4, s9
core   0: 3 0x80001394 (0x039ef933) x18 0x00000000
core   0: 0x80001398 (0x00000013) nop
core   0: 3 0x80001398 (0x00000013)
core   0: 0x8000139c (0x60f3df37) lui     t5, 0x60f3d
core   0: 3 0x8000139c (0x60f3df37) x30 0x60f3d000
core   0: 0x800013a0 (0x57312913) slti    s2, sp, 1395
core   0: 3 0x800013a0 (0x57312913) x18 0x00000001
core   0: 0x800013a4 (0x00d2f7b3) and     a5, t0, a3
core   0: 3 0x800013a4 (0x00d2f7b3) x15 0x00000000
core   0: 0x800013a8 (0x0d52b497) auipc   s1, 0xd52b
core   0: 3 0x800013a8 (0x0d52b497) x 9 0x8d52c3a8
core   0: 0x800013ac (0x8c752a13) slti    s4, a0, -1849
core   0: 3 0x800013ac (0x8c752a13) x20 0x00000000
core   0: 0x800013b0 (0x02f728b3) mulhsu  a7, a4, a5
core   0: 3 0x800013b0 (0x02f728b3) x17 0x00000000
core   0: 0x800013b4 (0x01f3d9b3) srl     s3, t2, t6
core   0: 3 0x800013b4 (0x01f3d9b3) x19 0x00000000
core   0: 0x800013b8 (0x014881b3) add     gp, a7, s4
core   0: 3 0x800013b8 (0x014881b3) x 3 0x00000000
core   0: 0x800013bc (0x4163d093) srai    ra, t2, 22
core   0: 3 0x800013bc (0x4163d093) x 1 0x00000000
core   0: 0x800013c0 (0x01f87a33) and     s4, a6, t6
core   0: 3 0x800013c0 (0x01f87a33) x20 0x00000620
core   0: 0x800013c4 (0x47830c13) addi    s8, t1, 1144
core   0: 3 0x800013c4 (0x47830c13) x24 0x00000478
core   0: 0x800013c8 (0x01429013) slli    zero, t0, 20
core   0: 3 0x800013c8 (0x01429013)
core   0: 0x800013cc (0x004852b3) srl     t0, a6, tp
core   0: 3 0x800013cc (0x004852b3) x 5 0x80014e64
core   0: 0x800013d0 (0x023ecc33) div     s8, t4, gp
core   0: 3 0x800013d0 (0x023ecc33) x24 0xffffffff
core   0: 0x800013d4 (0x53bd8a93) addi    s5, s11, 1339
core   0: 3 0x800013d4 (0x53bd8a93) x21 0x00000542
core   0: 0x800013d8 (0xb4303c97) auipc   s9, 0xb4303
core   0: 3 0x800013d8 (0xb4303c97) x25 0x343043d8
core   0: 0x800013dc (0x40178533) sub     a0, a5, ra
core   0: 3 0x800013dc (0x40178533) x10 0x00000000
core   0: 0x800013e0 (0x404954b3) sra     s1, s2, tp
core   0: 3 0x800013e0 (0x404954b3) x 9 0x00000001
core   0: 0x800013e4 (0xe7d3cc93) xori    s9, t2, -387
core   0: 3 0x800013e4 (0xe7d3cc93) x25 0xfffffe7c
core   0: 0x800013e8 (0x00000013) nop
core   0: 3 0x800013e8 (0x00000013)
core   0: 0x800013ec (0x009c5ab3) srl     s5, s8, s1
core   0: 3 0x800013ec (0x009c5ab3) x21 0x7fffffff
core   0: 0x800013f0 (0x00890b33) add     s6, s2, s0
core   0: 3 0x800013f0 (0x00890b33) x22 0x00000001
core   0: 0x800013f4 (0x0368d333) divu    t1, a7, s6
core   0: 3 0x800013f4 (0x0368d333) x 6 0x00000000
core   0: 0x800013f8 (0x7b956f13) ori     t5, a0, 1977
core   0: 3 0x800013f8 (0x7b956f13) x30 0x000007b9
core   0: 0x800013fc (0x00441593) slli    a1, s0, 4
core   0: 3 0x800013fc (0x00441593) x11 0x00000000
core   0: 0x80001400 (0x00a5c5b3) xor     a1, a1, a0
core   0: 3 0x80001400 (0x00a5c5b3) x11 0x00000000
core   0: 0x80001404 (0x001ad793) srli    a5, s5, 1
core   0: 3 0x80001404 (0x001ad793) x15 0x3fffffff
core   0: 0x80001408 (0x40de5513) srai    a0, t3, 13
core   0: 3 0x80001408 (0x40de5513) x10 0x00000000
core   0: 0x8000140c (0x41680333) sub     t1, a6, s6
core   0: 3 0x8000140c (0x41680333) x 6 0x80014e63
core   0: 0x80001410 (0x01347eb3) and     t4, s0, s3
core   0: 3 0x80001410 (0x01347eb3) x29 0x00000000
core   0: 0x80001414 (0x030332b3) mulhu   t0, t1, a6
core   0: 3 0x80001414 (0x030332b3) x 5 0x40014e65
core   0: 0x80001418 (0x01ab5793) srli    a5, s6, 26
core   0: 3 0x80001418 (0x01ab5793) x15 0x00000000
core   0: 0x8000141c (0x02c6f633) remu    a2, a3, a2
core   0: 3 0x8000141c (0x02c6f633) x12 0x00000000
core   0: 0x80001420 (0x40e68a33) sub     s4, a3, a4
core   0: 3 0x80001420 (0x40e68a33) x20 0x7ffe731c
core   0: 0x80001424 (0x41e5db13) srai    s6, a1, 30
core   0: 3 0x80001424 (0x41e5db13) x22 0x00000000
core   0: 0x80001428 (0x02db57b3) divu    a5, s6, a3
core   0: 3 0x80001428 (0x02db57b3) x15 0xffffffff
core   0: 0x8000142c (0x03fa3933) mulhu   s2, s4, t6
core   0: 3 0x8000142c (0x03fa3933) x18 0x00000b10
core   0: 0x80001430 (0x009fb033) sltu    zero, t6, s1
core   0: 3 0x80001430 (0x009fb033)
core   0: 0x80001434 (0x0357ebb3) rem     s7, a5, s5
core   0: 3 0x80001434 (0x0357ebb3) x23 0xffffffff
core   0: 0x80001438 (0x011dd633) srl     a2, s11, a7
core   0: 3 0x80001438 (0x011dd633) x12 0x00000007
core   0: 0x8000143c (0x01071333) sll     t1, a4, a6
core   0: 3 0x8000143c (0x01071333) x 6 0x0018ce40
core   0: 0x80001440 (0x03410217) auipc   tp, 0x3410
core   0: 3 0x80001440 (0x03410217) x 4 0x83411440
core   0: 0x80001444 (0x019e9193) slli    gp, t4, 25
core   0: 3 0x80001444 (0x019e9193) x 3 0x00000000
core   0: 0x80001448 (0x001a41b3) xor     gp, s4, ra
core   0: 3 0x80001448 (0x001a41b3) x 3 0x7ffe731c
core   0: 0x8000144c (0x1a5eca93) xori    s5, t4, 421
core   0: 3 0x8000144c (0x1a5eca93) x21 0x000001a5
core   0: 0x80001450 (0x00000013) nop
core   0: 3 0x80001450 (0x00000013)
core   0: 0x80001454 (0x010142b3) xor     t0, sp, a6
core   0: 3 0x80001454 (0x010142b3) x 5 0x80014e64
core   0: 0x80001458 (0x035416b3) mulh    a3, s0, s5
core   0: 3 0x80001458 (0x035416b3) x13 0x00000000
core   0: 0x8000145c (0x02a9cb33) div     s6, s3, a0
core   0: 3 0x8000145c (0x02a9cb33) x22 0xffffffff
core   0: 0x80001460 (0x005b9613) slli    a2, s7, 5
core   0: 3 0x80001460 (0x005b9613) x12 0xffffffe0
core   0: 0x80001464 (0x1c0a6393) ori     t2, s4, 448
core   0: 3 0x80001464 (0x1c0a6393) x 7 0x7ffe73dc
core   0: 0x80001468 (0x02e3f3b3) remu    t2, t2, a4
core   0: 3 0x80001468 (0x02e3f3b3) x 7 0x7ffe73dc
core   0: 0x8000146c (0x006fb233) sltu    tp, t6, t1
core   0: 3 0x8000146c (0x006fb233) x 4 0x00000001
core   0: 0x80001470 (0x010446b3) xor     a3, s0, a6
core   0: 3 0x80001470 (0x010446b3) x13 0x80014e64
core   0: 0x80001474 (0x009d41b3) xor     gp, s10, s1
core   0: 3 0x80001474 (0x009d41b3) x 3 0x00000001
core   0: 0x80001478 (0x02274d33) div     s10, a4, sp
core   0: 3 0x80001478 (0x02274d33) x26 0xffffffff
core   0: 0x8000147c (0x00000013) nop
core   0: 3 0x8000147c (0x00000013)
core   0: 0x80001480 (0x00ea1f33) sll     t5, s4, a4
core   0: 3 0x80001480 (0x00ea1f33) x30 0xffe731c0
core   0: 0x80001484 (0x415154b3) sra     s1, sp, s5
core   0: 3 0x80001484 (0x415154b3) x 9 0x00000000
core   0: 0x80001488 (0x025528b3) mulhsu  a7, a0, t0
core   0: 3 0x80001488 (0x025528b3) x17 0x00000000
core   0: 0x8000148c (0x00662b33) slt     s6, a2, t1
core   0: 3 0x8000148c (0x00662b33) x22 0x00000001
core   0: 0x80001490 (0x99c04b13) xori    s6, zero, -1636
core   0: 3 0x80001490 (0x99c04b13) x22 0xfffff99c
core   0: 0x80001494 (0x012f70b3) and     ra, t5, s2
core   0: 3 0x80001494 (0x012f70b3) x 1 0x00000100
core   0: 0x80001498 (0x0194a9b3) slt     s3, s1, s9
core   0: 3 0x80001498 (0x0194a9b3) x19 0x00000000
core   0: 0x8000149c (0x0314d3b3) divu    t2, s1, a7
core   0: 3 0x8000149c (0x0314d3b3) x 7 0xffffffff
core   0: 0x800014a0 (0x01621fb3) sll     t6, tp, s6
core   0: 3 0x800014a0 (0x01621fb3) x31 0x10000000
core   0: 0x800014a4 (0x015df8b3) and     a7, s11, s5
core   0: 3 0x800014a4 (0x015df8b3) x17 0x00000005
core   0: 0x800014a8 (0x028f2133) mulhsu  sp, t5, s0
core   0: 3 0x800014a8 (0x028f2133) x 2 0x00000000
core   0: 0x800014ac (0x01366233) or      tp, a2, s3
core   0: 3 0x800014ac (0x01366233) x 4 0xffffffe0
core   0: 0x800014b0 (0xc029fc13) andi    s8, s3, -1022
core   0: 3 0x800014b0 (0xc029fc13) x24 0x00000000
core   0: 0x800014b4 (0x03e74eb3) div     t4, a4, t5
core   0: 3 0x800014b4 (0x03e74eb3) x29 0x00000528
core   0: 0x800014b8 (0x8e8c7e93) andi    t4, s8, -1816
core   0: 3 0x800014b8 (0x8e8c7e93) x29 0x00000000
core   0: 0x800014bc (0x2faa5d37) lui     s10, 0x2faa5
core   0: 3 0x800014bc (0x2faa5d37) x26 0x2faa5000
core   0: 0x800014c0 (0x03fe95b3) mulh    a1, t4, t6
core   0: 3 0x800014c0 (0x03fe95b3) x11 0x00000000
core   0: 0x800014c4 (0x00000013) nop
core   0: 3 0x800014c4 (0x00000013)
core   0: 0x800014c8 (0x41e75913) srai    s2, a4, 30
core   0: 3 0x800014c8 (0x41e75913) x18 0xfffffffe
core   0: 0x800014cc (0x4024de13) srai    t3, s1, 2
core   0: 3 0x800014cc (0x4024de13) x28 0x00000000
core   0: 0x800014d0 (0x011e0933) add     s2, t3, a7
core   0: 3 0x800014d0 (0x011e0933) x18 0x00000005
core   0: 0x800014d4 (0x006d4b33) xor     s6, s10, t1
core   0: 3 0x800014d4 (0x006d4b33) x22 0x2fb29e40
core   0: 0x800014d8 (0x001795b3) sll     a1, a5, ra
core   0: 3 0x800014d8 (0x001795b3) x11 0xffffffff
core   0: 0x800014dc (0xe1073a93) sltiu   s5, a4, -496
core   0: 3 0x800014dc (0xe1073a93) x21 0x00000001
core   0: 0x800014e0 (0x02ca9a33) mulh    s4, s5, a2
core   0: 3 0x800014e0 (0x02ca9a33) x20 0xffffffff
core   0: 0x800014e4 (0x02842033) mulhsu  zero, s0, s0
core   0: 3 0x800014e4 (0x02842033)
core   0: 0x800014e8 (0x6635fb37) lui     s6, 0x6635f
core   0: 3 0x800014e8 (0x6635fb37) x22 0x6635f000
core   0: 0x800014ec (0xf1c50593) addi    a1, a0, -228
core   0: 3 0x800014ec (0xf1c50593) x11 0xffffff1c
core   0: 0x800014f0 (0x02af3e33) mulhu   t3, t5, a0
core   0: 3 0x800014f0 (0x02af3e33) x28 0x00000000
core   0: 0x800014f4 (0x00c19d33) sll     s10, gp, a2
core   0: 3 0x800014f4 (0x00c19d33) x26 0x00000001
core   0: 0x800014f8 (0x2c9d2113) slti    sp, s10, 713
core   0: 3 0x800014f8 (0x2c9d2113) x 2 0x00000001
core   0: 0x800014fc (0x01f62933) slt     s2, a2, t6
core   0: 3 0x800014fc (0x01f62933) x18 0x00000001
core   0: 0x80001500 (0x01a5d793) srli    a5, a1, 26
core   0: 3 0x80001500 (0x01a5d793) x15 0x0000003f
core   0: 0x80001504 (0x40d9d613) srai    a2, s3, 13
core   0: 3 0x80001504 (0x40d9d613) x12 0x00000000
core   0: 0x80001508 (0x02d6bd33) mulhu   s10, a3, a3
core   0: 3 0x80001508 (0x02d6bd33) x26 0x40014e65
core   0: 0x8000150c (0x013460b3) or      ra, s0, s3
core   0: 3 0x8000150c (0x013460b3) x 1 0x00000000
core   0: 0x80001510 (0x00befc33) and     s8, t4, a1
core   0: 3 0x80001510 (0x00befc33) x24 0x00000000
core   0: 0x80001514 (0x007adb93) srli    s7, s5, 7
core   0: 3 0x80001514 (0x007adb93) x23 0x00000000
core   0: 0x80001518 (0x01ae20b3) slt     ra, t3, s10
core   0: 3 0x80001518 (0x01ae20b3) x 1 0x00000001
core   0: 0x8000151c (0x01eba6b3) slt     a3, s7, t5
core   0: 3 0x8000151c (0x01eba6b3) x13 0x00000000
core   0: 0x80001520 (0x03467cb3) remu    s9, a2, s4
core   0: 3 0x80001520 (0x03467cb3) x25 0x00000000
core   0: 0x80001524 (0x02cd8033) mul     zero, s11, a2
core   0: 3 0x80001524 (0x02cd8033)
core   0: 0x80001528 (0x03906a33) rem     s4, zero, s9
core   0: 3 0x80001528 (0x03906a33) x20 0x00000000
core   0: 0x8000152c (0x017659b3) srl     s3, a2, s7
core   0: 3 0x8000152c (0x017659b3) x19 0x00000000
core   0: 0x80001530 (0x401ed113) srai    sp, t4, 1
core   0: 3 0x80001530 (0x401ed113) x 2 0x00000000
core   0: 0x80001534 (0x8db0cc93) xori    s9, ra, -1829
core   0: 3 0x80001534 (0x8db0cc93) x25 0xfffff8da
core   0: 0x80001538 (0x033cfb33) remu    s6, s9, s3
core   0: 3 0x80001538 (0x033cfb33) x22 0xfffff8da
core   0: 0x8000153c (0x0241aeb3) mulhsu  t4, gp, tp
core   0: 3 0x8000153c (0x0241aeb3) x29 0x00000000
core   0: 0x80001540 (0x02c7d533) divu    a0, a5, a2
core   0: 3 0x80001540 (0x02c7d533) x10 0xffffffff
core   0: 0x80001544 (0x039167b3) rem     a5, sp, s9
core   0: 3 0x80001544 (0x039167b3) x15 0x00000000
core   0: 0x80001548 (0x01479113) slli    sp, a5, 20
core   0: 3 0x80001548 (0x01479113) x 2 0x00000000
core   0: 0x8000154c (0x00dc9bb3) sll     s7, s9, a3
core   0: 3 0x8000154c (0x00dc9bb3) x23 0xfffff8da
core   0: 0x80001550 (0x038cf7b3) remu    a5, s9, s8
core   0: 3 0x80001550 (0x038cf7b3) x15 0xfffff8da
core   0: 0x80001554 (0x02c24d33) div     s10, tp, a2
core   0: 3 0x80001554 (0x02c24d33) x26 0xffffffff
core   0: 0x80001558 (0x01ead433) srl     s0, s5, t5
core   0: 3 0x80001558 (0x01ead433) x 8 0x00000001
core   0: 0x8000155c (0x009638b3) sltu    a7, a2, s1
core   0: 3 0x8000155c (0x009638b3) x17 0x00000000
core   0: 0x80001560 (0x00cda633) slt     a2, s11, a2
core   0: 3 0x80001560 (0x00cda633) x12 0x00000000
core   0: 0x80001564 (0x8b827197) auipc   gp, 0x8b827
core   0: 3 0x80001564 (0x8b827197) x 3 0x0b828564
core   0: 0x80001568 (0x00000013) nop
core   0: 3 0x80001568 (0x00000013)
core   0: 0x8000156c (0x01486497) auipc   s1, 0x1486
core   0: 3 0x8000156c (0x01486497) x 9 0x8148756c
core   0: 0x80001570 (0x0273e333) rem     t1, t2, t2
core   0: 3 0x80001570 (0x0273e333) x 6 0x00000000
core   0: 0x80001574 (0x02d30cb3) mul     s9, t1, a3
core   0: 3 0x80001574 (0x02d30cb3) x25 0x00000000
core   0: 0x80001578 (0x020f7d33) remu    s10, t5, zero
core   0: 3 0x80001578 (0x020f7d33) x26 0xffe731c0
core   0: 0x8000157c (0x00f04933) xor     s2, zero, a5
core   0: 3 0x8000157c (0x00f04933) x18 0xfffff8da
core   0: 0x80001580 (0x41b05a13) srai    s4, zero, 27
core   0: 3 0x80001580 (0x41b05a13) x20 0x00000000
core   0: 0x80001584 (0x41f5d233) sra     tp, a1, t6
core   0: 3 0x80001584 (0x41f5d233) x 4 0xffffff1c
core   0: 0x80001588 (0x01ee8a33) add     s4, t4, t5
core   0: 3 0x80001588 (0x01ee8a33) x20 0xffe731c0
core   0: 0x8000158c (0x014bc033) xor     zero, s7, s4
core   0: 3 0x8000158c (0x014bc033)
core   0: 0x80001590 (0xe5f7c093) xori    ra, a5, -417
core   0: 3 0x80001590 (0xe5f7c093) x 1 0x00000685
core   0: 0x80001594 (0x44f84413) xori    s0, a6, 1103
core   0: 3 0x80001594 (0x44f84413) x 8 0x80014a2b
core   0: 0x80001598 (0x0356b933) mulhu   s2, a3, s5
core   0: 3 0x80001598 (0x0356b933) x18 0x00000000
core   0: 0x8000159c (0x031b4c33) div     s8, s6, a7
core   0: 3 0x8000159c (0x031b4c33) x24 0xffffffff
core   0: 0x800015a0 (0x0071df13) srli    t5, gp, 7
core   0: 3 0x800015a0 (0x0071df13) x30 0x0017050a
core   0: 0x800015a4 (0x03213633) mulhu   a2, sp, s2
core   0: 3 0x800015a4 (0x03213633) x12 0x00000000
core   0: 0x800015a8 (0x033415b3) mulh    a1, s0, s3
core   0: 3 0x800015a8 (0x033415b3) x11 0x00000000
core   0: 0x800015ac (0x005d5293) srli    t0, s10, 5
core   0: 3 0x800015ac (0x005d5293) x 5 0x07ff398e
core   0: 0x800015b0 (0x55420517) auipc   a0, 0x55420
core   0: 3 0x800015b0 (0x55420517) x10 0xd54215b0
core   0: 0x800015b4 (0x032b2a33) mulhsu  s4, s6, s2
core   0: 3 0x800015b4 (0x032b2a33) x20 0x00000000
core   0: 0x800015b8 (0x02a3dc33) divu    s8, t2, a0
core   0: 3 0x800015b8 (0x02a3dc33) x24 0x00000001
core   0: 0x800015bc (0x021e1bb3) mulh    s7, t3, ra
core   0: 3 0x800015bc (0x021e1bb3) x23 0x00000000
core   0: 0x800015c0 (0x00659f13) slli    t5, a1, 6
core   0: 3 0x800015c0 (0x00659f13) x30 0x00000000
core   0: 0x800015c4 (0xd5f7a013) slti    zero, a5, -673
core   0: 3 0x800015c4 (0xd5f7a013)
core   0: 0x800015c8 (0x01e3d9b3) srl     s3, t2, t5
core   0: 3 0x800015c8 (0x01e3d9b3) x19 0xffffffff
core   0: 0x800015cc (0x01325b13) srli    s6, tp, 19
core   0: 3 0x800015cc (0x01325b13) x22 0x00001fff
core   0: 0x800015d0 (0x000486b3) add     a3, s1, zero
core   0: 3 0x800015d0 (0x000486b3) x13 0x8148756c
core   0: 0x800015d4 (0x02979633) mulh    a2, a5, s1
core   0: 3 0x800015d4 (0x02979633) x12 0x00000389
core   0: 0x800015d8 (0x00f49ab3) sll     s5, s1, a5
core   0: 3 0x800015d8 (0x00f49ab3) x21 0xb0000000
core   0: 0x800015dc (0x0050da33) srl     s4, ra, t0
core   0: 3 0x800015dc (0x0050da33) x20 0x00000000
core   0: 0x800015e0 (0x01efc8b3) xor     a7, t6, t5
core   0: 3 0x800015e0 (0x01efc8b3) x17 0x10000000
core   0: 0x800015e4 (0x98746513) ori     a0, s0, -1657
core   0: 3 0x800015e4 (0x98746513) x10 0xfffffbaf
core   0: 0x800015e8 (0x40960fb3) sub     t6, a2, s1
core   0: 3 0x800015e8 (0x40960fb3) x31 0x7eb78e1d
core   0: 0x800015ec (0x41e6da33) sra     s4, a3, t5
core   0: 3 0x800015ec (0x41e6da33) x20 0x8148756c
core   0: 0x800015f0 (0x0031d893) srli    a7, gp, 3
core   0: 3 0x800015f0 (0x0031d893) x17 0x017050ac
core   0: 0x800015f4 (0x4022d5b3) sra     a1, t0, sp
core   0: 3 0x800015f4 (0x4022d5b3) x11 0x07ff398e
core   0: 0x800015f8 (0x007d6533) or      a0, s10, t2
core   0: 3 0x800015f8 (0x007d6533) x10 0xffffffff
core   0: 0x800015fc (0x01e207b3) add     a5, tp, t5
core   0: 3 0x800015fc (0x01e207b3) x15 0xffffff1c
core   0: 0x80001600 (0x90c23a13) sltiu   s4, tp, -1780
core   0: 3 0x80001600 (0x90c23a13) x20 0x00000000
core   0: 0x80001604 (0x016dfe33) and     t3, s11, s6
core   0: 3 0x80001604 (0x016dfe33) x28 0x00000007
core   0: 0x80001608 (0x41190cb3) sub     s9, s2, a7
core   0: 3 0x80001608 (0x41190cb3) x25 0xfe8faf54
core   0: 0x8000160c (0x4051db13) srai    s6, gp, 5
core   0: 3 0x8000160c (0x4051db13) x22 0x005c142b
core   0: 0x80001610 (0x01255393) srli    t2, a0, 18
core   0: 3 0x80001610 (0x01255393) x 7 0x00003fff
core   0: 0x80001614 (0x02c19fb3) mulh    t6, gp, a2
core   0: 3 0x80001614 (0x02c19fb3) x31 0x00000028
core   0: 0x80001618 (0xf5427013) andi    zero, tp, -172
core   0: 3 0x80001618 (0xf5427013)
core   0: 0x8000161c (0x00556d33) or      s10, a0, t0
core   0: 3 0x8000161c (0x00556d33) x26 0xffffffff
core   0: 0x80001620 (0x01b75d33) srl     s10, a4, s11
core   0: 3 0x80001620 (0x01b75d33) x26 0x01000319
core   0: 0x80001624 (0x005185b3) add     a1, gp, t0
core   0: 3 0x80001624 (0x005185b3) x11 0x1381bef2
core   0: 0x80001628 (0x035889b3) mul     s3, a7, s5
core   0: 3 0x80001628 (0x035889b3) x19 0x40000000
core   0: 0x8000162c (0x00771d13) slli    s10, a4, 7
core   0: 3 0x8000162c (0x00771d13) x26 0x00c67200
core   0: 0x80001630 (0x038cd533) divu    a0, s9, s8
core   0: 3 0x80001630 (0x038cd533) x10 0xfe8faf54
core   0: 0x80001634 (0x00ba9913) slli    s2, s5, 11
core   0: 3 0x80001634 (0x00ba9913) x18 0x00000000
core   0: 0x80001638 (0x40cc0233) sub     tp, s8, a2
core   0: 3 0x80001638 (0x40cc0233) x 4 0xfffffc78
core   0: 0x8000163c (0xd75eb113) sltiu   sp, t4, -651
core   0: 3 0x8000163c (0xd75eb113) x 2 0x00000001
core   0: 0x80001640 (0x413b0cb3) sub     s9, s6, s3
core   0: 3 0x80001640 (0x413b0cb3) x25 0xc05c142b
core   0: 0x80001644 (0xd376c437) lui     s0, 0xd376c
core   0: 3 0x80001644 (0xd376c437) x 8 0xd376c000
core   0: 0x80001648 (0x40658ab3) sub     s5, a1, t1
core   0: 3 0x80001648 (0x40658ab3) x21 0x1381bef2
core   0: 0x8000164c (0x2730ea93) ori     s5, ra, 627
core   0: 3 0x8000164c (0x2730ea93) x21 0x000006f7
core   0: 0x80001650 (0x03c750b3) divu    ra, a4, t3
core   0: 3 0x80001650 (0x03c750b3) x 1 0x12495d45
core   0: 0x80001654 (0x007a5693) srli    a3, s4, 7
core   0: 3 0x80001654 (0x007a5693) x13 0x00000000
core   0: 0x80001658 (0x0122d533) srl     a0, t0, s2
core   0: 3 0x80001658 (0x0122d533) x10 0x07ff398e
core   0: 0x8000165c (0x02d5e233) rem     tp, a1, a3
core   0: 3 0x8000165c (0x02d5e233) x 4 0x1381bef2
core   0: 0x80001660 (0x0aa4bd13) sltiu   s10, s1, 170
core   0: 3 0x80001660 (0x0aa4bd13) x26 0x00000000
core   0: 0x80001664 (0xa157b213) sltiu   tp, a5, -1515
core   0: 3 0x80001664 (0xa157b213) x 4 0x00000000
core   0: 0x80001668 (0x4085dfb3) sra     t6, a1, s0
core   0: 3 0x80001668 (0x4085dfb3) x31 0x1381bef2
core   0: 0x8000166c (0x29370f13) addi    t5, a4, 659
core   0: 3 0x8000166c (0x29370f13) x30 0x80018f77
core   0: 0x80001670 (0xc6353513) sltiu   a0, a0, -925
core   0: 3 0x80001670 (0xc6353513) x10 0x00000001
core   0: 0x80001674 (0x03506633) rem     a2, zero, s5
core   0: 3 0x80001674 (0x03506633) x12 0x00000000
core   0: 0x80001678 (0x03eea0b3) mulhsu  ra, t4, t5
core   0: 3 0x80001678 (0x03eea0b3) x 1 0x00000000
core   0: 0x8000167c (0x4092d133) sra     sp, t0, s1
core   0: 3 0x8000167c (0x4092d133) x 2 0x00007ff3
core   0: 0x80001680 (0x02afdbb3) divu    s7, t6, a0
core   0: 3 0x80001680 (0x02afdbb3) x23 0x1381bef2
core   0: 0x80001684 (0x008f0633) add     a2, t5, s0
core   0: 3 0x80001684 (0x008f0633) x12 0x53784f77
core   0: 0x80001688 (0x03e30bb3) mul     s7, t1, t5
core   0: 3 0x80001688 (0x03e30bb3) x23 0x00000000
core   0: 0x8000168c (0x6981c513) xori    a0, gp, 1688
core   0: 3 0x8000168c (0x6981c513) x10 0x0b8283fc
core   0: 0x80001690 (0x53640993) addi    s3, s0, 1334
core   0: 3 0x80001690 (0x53640993) x19 0xd376c536
core   0: 0x80001694 (0xd7830d13) addi    s10, t1, -648
core   0: 3 0x80001694 (0xd7830d13) x26 0xfffffd78
core   0: 0x80001698 (0x00dc8e33) add     t3, s9, a3
core   0: 3 0x80001698 (0x00dc8e33) x28 0xc05c142b
core   0: 0x8000169c (0x01f6d133) srl     sp, a3, t6
core   0: 3 0x8000169c (0x01f6d133) x 2 0x00000000
core   0: 0x800016a0 (0x031ed033) divu    zero, t4, a7
core   0: 3 0x800016a0 (0x031ed033)
core   0: 0x800016a4 (0x00ce0eb3) add     t4, t3, a2
core   0: 3 0x800016a4 (0x00ce0eb3) x29 0x13d463a2
core   0: 0x800016a8 (0x3381c013) xori    zero, gp, 824
core   0: 3 0x800016a8 (0x3381c013)
core   0: 0x800016ac (0x034befb3) rem     t6, s7, s4
core   0: 3 0x800016ac (0x034befb3) x31 0x00000000
core   0: 0x800016b0 (0x00370eb3) add     t4, a4, gp
core   0: 3 0x800016b0 (0x00370eb3) x29 0x8b841248
core   0: 0x800016b4 (0x00723f33) sltu    t5, tp, t2
core   0: 3 0x800016b4 (0x00723f33) x30 0x00000001
core   0: 0x800016b8 (0x01b87633) and     a2, a6, s11
core   0: 3 0x800016b8 (0x01b87633) x12 0x00000004
core   0: 0x800016bc (0x00e1acb3) slt     s9, gp, a4
core   0: 3 0x800016bc (0x00e1acb3) x25 0x00000000
core   0: 0x800016c0 (0x030e1233) mulh    tp, t3, a6
core   0: 3 0x800016c0 (0x030e1233) x 4 0x1fd1a2c9
core   0: 0x800016c4 (0x0212ea33) rem     s4, t0, ra
core   0: 3 0x800016c4 (0x0212ea33) x20 0x07ff398e
core   0: 0x800016c8 (0x1afab493) sltiu   s1, s5, 431
core   0: 3 0x800016c8 (0x1afab493) x 9 0x00000000
core   0: 0x800016cc (0x02ad3fb3) mulhu   t6, s10, a0
core   0: 3 0x800016cc (0x02ad3fb3) x31 0x0b8283de
core   0: 0x800016d0 (0x0ff40113) addi    sp, s0, 255
core   0: 3 0x800016d0 (0x0ff40113) x 2 0xd376c0ff
core   0: 0x800016d4 (0x41305893) srai    a7, zero, 19
core   0: 3 0x800016d4 (0x41305893) x17 0x00000000
core   0: 0x800016d8 (0x01bd2c33) slt     s8, s10, s11
core   0: 3 0x800016d8 (0x01bd2c33) x24 0x00000001
core   0: 0x800016dc (0x00910ab3) add     s5, sp, s1
core   0: 3 0x800016dc (0x00910ab3) x21 0xd376c0ff
core   0: 0x800016e0 (0x403f5593) srai    a1, t5, 3
core   0: 3 0x800016e0 (0x403f5593) x11 0x00000000
core   0: 0x800016e4 (0x027328b3) mulhsu  a7, t1, t2
core   0: 3 0x800016e4 (0x027328b3) x17 0x00000000
core   0: 0x800016e8 (0x80ee7913) andi    s2, t3, -2034
core   0: 3 0x800016e8 (0x80ee7913) x18 0xc05c100a
core   0: 0x800016ec (0x01503cb3) snez    s9, s5
core   0: 3 0x800016ec (0x01503cb3) x25 0x00000001
core   0: 0x800016f0 (0x41ef5a33) sra     s4, t5, t5
core   0: 3 0x800016f0 (0x41ef5a33) x20 0x00000000
core   0: 0x800016f4 (0x02573033) mulhu   zero, a4, t0
core   0: 3 0x800016f4 (0x02573033)
core   0: 0x800016f8 (0x524eaa13) slti    s4, t4, 1316
core   0: 3 0x800016f8 (0x524eaa13) x20 0x00000001
core   0: 0x800016fc (0x02239cb3) mulh    s9, t2, sp
core   0: 3 0x800016fc (0x02239cb3) x25 0xfffff4dd
core   0: 0x80001700 (0xd2222897) auipc   a7, 0xd2222
core   0: 3 0x80001700 (0xd2222897) x17 0x52223700
core   0: 0x80001704 (0x00157033) and     zero, a0, ra
core   0: 3 0x80001704 (0x00157033)
core   0: 0x80001708 (0x46a04c13) xori    s8, zero, 1130
core   0: 3 0x80001708 (0x46a04c13) x24 0x0000046a
core   0: 0x8000170c (0xc8203413) sltiu   s0, zero, -894
core   0: 3 0x8000170c (0xc8203413) x 8 0x00000001
core   0: 0x80001710 (0x4076d7b3) sra     a5, a3, t2
core   0: 3 0x80001710 (0x4076d7b3) x15 0x00000000
core   0: 0x80001714 (0x31935897) auipc   a7, 0x31935
core   0: 3 0x80001714 (0x31935897) x17 0xb1936714
core   0: 0x80001718 (0x02354f33) div     t5, a0, gp
core   0: 3 0x80001718 (0x02354f33) x30 0x00000000
core   0: 0x8000171c (0x5afb4613) xori    a2, s6, 1455
core   0: 3 0x8000171c (0x5afb4613) x12 0x005c1184
core   0: 0x80001720 (0xadd44193) xori    gp, s0, -1315
core   0: 3 0x80001720 (0xadd44193) x 3 0xfffffadc
core   0: 0x80001724 (0x035c5bb3) divu    s7, s8, s5
core   0: 3 0x80001724 (0x035c5bb3) x23 0x00000000
core   0: 0x80001728 (0x00ab88b3) add     a7, s7, a0
core   0: 3 0x80001728 (0x00ab88b3) x17 0x0b8283fc
core   0: 0x8000172c (0x03ac9b33) mulh    s6, s9, s10
core   0: 3 0x8000172c (0x03ac9b33) x22 0x00000000
core   0: 0x80001730 (0x1f2f6593) ori     a1, t5, 498
core   0: 3 0x80001730 (0x1f2f6593) x11 0x000001f2
core   0: 0x80001734 (0x8f5b3d13) sltiu   s10, s6, -1803
core   0: 3 0x80001734 (0x8f5b3d13) x26 0x00000001
core   0: 0x80001738 (0x414edf13) srai    t5, t4, 20
core   0: 3 0x80001738 (0x414edf13) x30 0xfffff8b8
core   0: 0x8000173c (0x01ae2933) slt     s2, t3, s10
core   0: 3 0x8000173c (0x01ae2933) x18 0x00000001
core   0: 0x80001740 (0x02130bb3) mul     s7, t1, ra
core   0: 3 0x80001740 (0x02130bb3) x23 0x00000000
core   0: 0x80001744 (0x007233b3) sltu    t2, tp, t2
core   0: 3 0x80001744 (0x007233b3) x 7 0x00000000
core   0: 0x80001748 (0x00000013) nop
core   0: 3 0x80001748 (0x00000013)
core   0: 0x8000174c (0x00000013) nop
core   0: 3 0x8000174c (0x00000013)
core   0: 0x80001750 (0x0138cbb3) xor     s7, a7, s3
core   0: 3 0x80001750 (0x0138cbb3) x23 0xd8f446ca
core   0: 0x80001754 (0x024eb533) mulhu   a0, t4, tp
core   0: 3 0x80001754 (0x024eb533) x10 0x11573dc0
core   0: 0x80001758 (0x6f613d13) sltiu   s10, sp, 1782
core   0: 3 0x80001758 (0x6f613d13) x26 0x00000000
core   0: 0x8000175c (0x011dda13) srli    s4, s11, 17
core   0: 3 0x8000175c (0x011dda13) x20 0x00000000
core   0: 0x80001760 (0xa33ae413) ori     s0, s5, -1485
core   0: 3 0x80001760 (0xa33ae413) x 8 0xfffffaff
core   0: 0x80001764 (0xdcf68c13) addi    s8, a3, -561
core   0: 3 0x80001764 (0xdcf68c13) x24 0xfffffdcf
core   0: 0x80001768 (0x01b7e7b3) or      a5, a5, s11
core   0: 3 0x80001768 (0x01b7e7b3) x15 0x00000007
core   0: 0x8000176c (0x02295433) divu    s0, s2, sp
core   0: 3 0x8000176c (0x02295433) x 8 0x00000000
core   0: 0x80001770 (0x010c7133) and     sp, s8, a6
core   0: 3 0x80001770 (0x010c7133) x 2 0x80014c44
core   0: 0x80001774 (0x03819cb3) mulh    s9, gp, s8
core   0: 3 0x80001774 (0x03819cb3) x25 0x00000000
core   0: 0x80001778 (0x00df0933) add     s2, t5, a3
core   0: 3 0x80001778 (0x00df0933) x18 0xfffff8b8
core   0: 0x8000177c (0x409c06b3) sub     a3, s8, s1
core   0: 3 0x8000177c (0x409c06b3) x13 0xfffffdcf
core   0: 0x80001780 (0x00000013) nop
core   0: 3 0x80001780 (0x00000013)
core   0: 0x80001784 (0x03e023b3) mulhsu  t2, zero, t5
core   0: 3 0x80001784 (0x03e023b3) x 7 0x00000000
core   0: 0x80001788 (0x7cb46e13) ori     t3, s0, 1995
core   0: 3 0x80001788 (0x7cb46e13) x28 0x000007cb
core   0: 0x8000178c (0x01e940b3) xor     ra, s2, t5
core   0: 3 0x8000178c (0x01e940b3) x 1 0x00000000
core   0: 0x80001790 (0x00175a13) srli    s4, a4, 1
core   0: 3 0x80001790 (0x00175a13) x20 0x4000c672
core   0: 0x80001794 (0x02b663b3) rem     t2, a2, a1
core   0: 3 0x80001794 (0x02b663b3) x 7 0x0000001c
core   0: 0x80001798 (0x41a681b3) sub     gp, a3, s10
core   0: 3 0x80001798 (0x41a681b3) x 3 0xfffffdcf
core   0: 0x8000179c (0xe7e93097) auipc   ra, 0xe7e93
core   0: 3 0x8000179c (0xe7e93097) x 1 0x67e9479c
core   0: 0x800017a0 (0x0341ab33) mulhsu  s6, gp, s4
core   0: 3 0x800017a0 (0x0341ab33) x22 0xffffff73
core   0: 0x800017a4 (0x029120b3) mulhsu  ra, sp, s1
core   0: 3 0x800017a4 (0x029120b3) x 1 0x00000000
core   0: 0x800017a8 (0x015f8c33) add     s8, t6, s5
core   0: 3 0x800017a8 (0x015f8c33) x24 0xdef944dd
core   0: 0x800017ac (0x41b0d0b3) sra     ra, ra, s11
core   0: 3 0x800017ac (0x41b0d0b3) x 1 0x00000000
core   0: 0x800017b0 (0x00253cb3) sltu    s9, a0, sp
core   0: 3 0x800017b0 (0x00253cb3) x25 0x00000001
core   0: 0x800017b4 (0x004bf033) and     zero, s7, tp
core   0: 3 0x800017b4 (0x004bf033)
core   0: 0x800017b8 (0x41a0d133) sra     sp, ra, s10
core   0: 3 0x800017b8 (0x41a0d133) x 2 0x00000000
core   0: 0x800017bc (0x03fbe3b3) rem     t2, s7, t6
core   0: 3 0x800017bc (0x03fbe3b3) x 7 0xfb7bd264
core   0: 0x800017c0 (0x02b425b3) mulhsu  a1, s0, a1
core   0: 3 0x800017c0 (0x02b425b3) x11 0x00000000
core   0: 0x800017c4 (0x01a6de33) srl     t3, a3, s10
core   0: 3 0x800017c4 (0x01a6de33) x28 0xfffffdcf
core   0: 0x800017c8 (0x017b4533) xor     a0, s6, s7
core   0: 3 0x800017c8 (0x017b4533) x10 0x270bb9b9
core   0: 0x800017cc (0x002bfe33) and     t3, s7, sp
core   0: 3 0x800017cc (0x002bfe33) x28 0x00000000
core   0: 0x800017d0 (0x01cfe033) or      zero, t6, t3
core   0: 3 0x800017d0 (0x01cfe033)
core   0: 0x800017d4 (0x00000013) nop
core   0: 3 0x800017d4 (0x00000013)
core   0: 0x800017d8 (0x01e51313) slli    t1, a0, 30
core   0: 3 0x800017d8 (0x01e51313) x 6 0x40000000
core   0: 0x800017dc (0x03fe0d33) mul     s10, t3, t6
core   0: 3 0x800017dc (0x03fe0d33) x26 0x00000000
core   0: 0x800017e0 (0x00443533) sltu    a0, s0, tp
core   0: 3 0x800017e0 (0x00443533) x10 0x00000001
core   0: 0x800017e4 (0xe17a6293) ori     t0, s4, -489
core   0: 3 0x800017e4 (0xe17a6293) x 5 0xfffffe77
core   0: 0x800017e8 (0x01e01f13) slli    t5, zero, 30
core   0: 3 0x800017e8 (0x01e01f13) x30 0x00000000
core   0: 0x800017ec (0x03365eb3) divu    t4, a2, s3
core   0: 3 0x800017ec (0x03365eb3) x29 0x00000000
core   0: 0x800017f0 (0xcc1aa013) slti    zero, s5, -831
core   0: 3 0x800017f0 (0xcc1aa013)
core   0: 0x800017f4 (0x037f4433) div     s0, t5, s7
core   0: 3 0x800017f4 (0x037f4433) x 8 0x00000000
core   0: 0x800017f8 (0x43a29337) lui     t1, 0x43a29
core   0: 3 0x800017f8 (0x43a29337) x 6 0x43a29000
core   0: 0x800017fc (0x032116b3) mulh    a3, sp, s2
core   0: 3 0x800017fc (0x032116b3) x13 0x00000000
core   0: 0x80001800 (0x035fe933) rem     s2, t6, s5
core   0: 3 0x80001800 (0x035fe933) x18 0x0b8283de
core   0: 0x80001804 (0x019d0c33) add     s8, s10, s9
core   0: 3 0x80001804 (0x019d0c33) x24 0x00000001
core   0: 0x80001808 (0x00000013) nop
core   0: 3 0x80001808 (0x00000013)
core   0: 0x8000180c (0x0134cc33) xor     s8, s1, s3
core   0: 3 0x8000180c (0x0134cc33) x24 0xd376c536
core   0: 0x80001810 (0x032af6b3) remu    a3, s5, s2
core   0: 3 0x80001810 (0x032af6b3) x13 0x04497b63
core   0: 0x80001814 (0x0024c9b3) xor     s3, s1, sp
core   0: 3 0x80001814 (0x0024c9b3) x19 0x00000000
core   0: 0x80001818 (0x7d3db637) lui     a2, 0x7d3db
core   0: 3 0x80001818 (0x7d3db637) x12 0x7d3db000
core   0: 0x8000181c (0x02de76b3) remu    a3, t3, a3
core   0: 3 0x8000181c (0x02de76b3) x13 0x00000000
core   0: 0x80001820 (0x00e44b33) xor     s6, s0, a4
core   0: 3 0x80001820 (0x00e44b33) x22 0x80018ce4
core   0: 0x80001824 (0xcd0e2a93) slti    s5, t3, -816
core   0: 3 0x80001824 (0xcd0e2a93) x21 0x00000000
core   0: 0x80001828 (0x031c9d33) mulh    s10, s9, a7
core   0: 3 0x80001828 (0x031c9d33) x26 0x00000000
core   0: 0x8000182c (0x03e6b0b3) mulhu   ra, a3, t5
core   0: 3 0x8000182c (0x03e6b0b3) x 1 0x00000000
core   0: 0x80001830 (0x40b50533) sub     a0, a0, a1
core   0: 3 0x80001830 (0x40b50533) x10 0x00000001
core   0: 0x80001834 (0x033d5233) divu    tp, s10, s3
core   0: 3 0x80001834 (0x033d5233) x 4 0xffffffff
core   0: 0x80001838 (0x00000013) nop
core   0: 3 0x80001838 (0x00000013)
core   0: 0x8000183c (0x7f80a413) slti    s0, ra, 2040
core   0: 3 0x8000183c (0x7f80a413) x 8 0x00000001
core   0: 0x80001840 (0x5c014197) auipc   gp, 0x5c014
core   0: 3 0x80001840 (0x5c014197) x 3 0xdc015840
core   0: 0x80001844 (0xd3c4ae13) slti    t3, s1, -708
core   0: 3 0x80001844 (0xd3c4ae13) x28 0x00000000
core   0: 0x80001848 (0x037c83b3) mul     t2, s9, s7
core   0: 3 0x80001848 (0x037c83b3) x 7 0xd8f446ca
core   0: 0x8000184c (0x203ca393) slti    t2, s9, 515
core   0: 3 0x8000184c (0x203ca393) x 7 0x00000001
core   0: 0x80001850 (0x4cacc493) xori    s1, s9, 1226
core   0: 3 0x80001850 (0x4cacc493) x 9 0x000004cb
core   0: 0x80001854 (0x014fab33) slt     s6, t6, s4
core   0: 3 0x80001854 (0x014fab33) x22 0x00000001
core   0: 0x80001858 (0x00486133) or      sp, a6, tp
core   0: 3 0x80001858 (0x00486133) x 2 0xffffffff
core   0: 0x8000185c (0x2c3dc793) xori    a5, s11, 707
core   0: 3 0x8000185c (0x2c3dc793) x15 0x000002c4
core   0: 0x80001860 (0x007bc533) xor     a0, s7, t2
core   0: 3 0x80001860 (0x007bc533) x10 0xd8f446cb
core   0: 0x80001864 (0x02ccd933) divu    s2, s9, a2
core   0: 3 0x80001864 (0x02ccd933) x18 0x00000000
core   0: 0x80001868 (0x00bf6fb3) or      t6, t5, a1
core   0: 3 0x80001868 (0x00bf6fb3) x31 0x00000000
core   0: 0x8000186c (0x025b9333) mulh    t1, s7, t0
core   0: 3 0x8000186c (0x025b9333) x 6 0x0000003b
core   0: 0x80001870 (0x537509b7) lui     s3, 0x53750
core   0: 3 0x80001870 (0x537509b7) x19 0x53750000
core   0: 0x80001874 (0x0e8ff113) andi    sp, t6, 232
core   0: 3 0x80001874 (0x0e8ff113) x 2 0x00000000
core   0: 0x80001878 (0x0004df33) srl     t5, s1, zero
core   0: 3 0x80001878 (0x0004df33) x30 0x000004cb
core   0: 0x8000187c (0xc739cf93) xori    t6, s3, -909
core   0: 3 0x8000187c (0xc739cf93) x31 0xac8afc73
core   0: 0x80001880 (0xeccebb93) sltiu   s7, t4, -308
core   0: 3 0x80001880 (0xeccebb93) x23 0x00000001
core   0: 0x80001884 (0x00160d33) add     s10, a2, ra
core   0: 3 0x80001884 (0x00160d33) x26 0x7d3db000
core   0: 0x80001888 (0x01f4b133) sltu    sp, s1, t6
core   0: 3 0x80001888 (0x01f4b133) x 2 0x00000001
core   0: 0x8000188c (0x01dfb9b3) sltu    s3, t6, t4
core   0: 3 0x8000188c (0x01dfb9b3) x19 0x00000000
core   0: 0x80001890 (0x667f8a13) addi    s4, t6, 1639
core   0: 3 0x80001890 (0x667f8a13) x20 0xac8b02da
core   0: 0x80001894 (0x40b100b3) sub     ra, sp, a1
core   0: 3 0x80001894 (0x40b100b3) x 1 0x00000001
core   0: 0x80001898 (0x008c86b3) add     a3, s9, s0
core   0: 3 0x80001898 (0x008c86b3) x13 0x00000002
core   0: 0x8000189c (0x40e905b3) sub     a1, s2, a4
core   0: 3 0x8000189c (0x40e905b3) x11 0x7ffe731c
core   0: 0x800018a0 (0x00339cb3) sll     s9, t2, gp
core   0: 3 0x800018a0 (0x00339cb3) x25 0x00000001
core   0: 0x800018a4 (0x00db1c13) slli    s8, s6, 13
core   0: 3 0x800018a4 (0x00db1c13) x24 0x00002000
core   0: 0x800018a8 (0x40cc0c33) sub     s8, s8, a2
core   0: 3 0x800018a8 (0x40cc0c33) x24 0x82c27000
core   0: 0x800018ac (0x7a8eba97) auipc   s5, 0x7a8eb
core   0: 3 0x800018ac (0x7a8eba97) x21 0xfa8ec8ac
core   0: 0x800018b0 (0x0193d113) srli    sp, t2, 25
core   0: 3 0x800018b0 (0x0193d113) x 2 0x00000000
core   0: 0x800018b4 (0x023cd533) divu    a0, s9, gp
core   0: 3 0x800018b4 (0x023cd533) x10 0x00000000
core   0: 0x800018b8 (0x000ad993) srli    s3, s5, 0
core   0: 3 0x800018b8 (0x000ad993) x19 0xfa8ec8ac
core   0: 0x800018bc (0x01d9de93) srli    t4, s3, 29
core   0: 3 0x800018bc (0x01d9de93) x29 0x00000007
core   0: 0x800018c0 (0x021c12b3) mulh    t0, s8, ra
core   0: 3 0x800018c0 (0x021c12b3) x 5 0xffffffff
core   0: 0x800018c4 (0x00e26233) or      tp, tp, a4
core   0: 3 0x800018c4 (0x00e26233) x 4 0xffffffff
core   0: 0x800018c8 (0x01692fb3) slt     t6, s2, s6
core   0: 3 0x800018c8 (0x01692fb3) x31 0x00000001
core   0: 0x800018cc (0x41a75193) srai    gp, a4, 26
core   0: 3 0x800018cc (0x41a75193) x 3 0xffffffe0
core   0: 0x800018d0 (0x00de1933) sll     s2, t3, a3
core   0: 3 0x800018d0 (0x00de1933) x18 0x00000000
core   0: 0x800018d4 (0x85664f93) xori    t6, a2, -1962
core   0: 3 0x800018d4 (0x85664f93) x31 0x82c24856
core   0: 0x800018d8 (0x038d2a33) mulhsu  s4, s10, s8
core   0: 3 0x800018d8 (0x038d2a33) x20 0x3ff872ea
core   0: 0x800018dc (0x001b9e33) sll     t3, s7, ra
core   0: 3 0x800018dc (0x001b9e33) x28 0x00000002
core   0: 0x800018e0 (0x015ee8b3) or      a7, t4, s5
core   0: 3 0x800018e0 (0x015ee8b3) x17 0xfa8ec8af
core   0: 0x800018e4 (0x40875f93) srai    t6, a4, 8
core   0: 3 0x800018e4 (0x40875f93) x31 0xff80018c
core   0: 0x800018e8 (0x034e5633) divu    a2, t3, s4
core   0: 3 0x800018e8 (0x034e5633) x12 0x00000000
core   0: 0x800018ec (0x4e696693) ori     a3, s2, 1254
core   0: 3 0x800018ec (0x4e696693) x13 0x000004e6
core   0: 0x800018f0 (0xdd0d2593) slti    a1, s10, -560
core   0: 3 0x800018f0 (0xdd0d2593) x11 0x00000000
core   0: 0x800018f4 (0x03a1b633) mulhu   a2, gp, s10
core   0: 3 0x800018f4 (0x03a1b633) x12 0x7d3daff0
core   0: 0x800018f8 (0x86ccf393) andi    t2, s9, -1940
core   0: 3 0x800018f8 (0x86ccf393) x 7 0x00000000
core   0: 0x800018fc (0x011fd3b3) srl     t2, t6, a7
core   0: 3 0x800018fc (0x011fd3b3) x 7 0x0001ff00
core   0: 0x80001900 (0x023488b3) mul     a7, s1, gp
core   0: 3 0x80001900 (0x023488b3) x17 0xffff66a0
core   0: 0x80001904 (0x408608b3) sub     a7, a2, s0
core   0: 3 0x80001904 (0x408608b3) x17 0x7d3dafef
core   0: 0x80001908 (0x016492b3) sll     t0, s1, s6
core   0: 3 0x80001908 (0x016492b3) x 5 0x00000996
core   0: 0x8000190c (0x01b4a633) slt     a2, s1, s11
core   0: 3 0x8000190c (0x01b4a633) x12 0x00000000
core   0: 0x80001910 (0xaaaceb93) ori     s7, s9, -1366
core   0: 3 0x80001910 (0xaaaceb93) x23 0xfffffaab
core   0: 0x80001914 (0x409b5a13) srai    s4, s6, 9
core   0: 3 0x80001914 (0x409b5a13) x20 0x00000000
core   0: 0x80001918 (0x00000013) nop
core   0: 3 0x80001918 (0x00000013)
core   0: 0x8000191c (0x0357c893) xori    a7, a5, 53
core   0: 3 0x8000191c (0x0357c893) x17 0x000002f1
core   0: 0x80001920 (0xe0327b93) andi    s7, tp, -509
core   0: 3 0x80001920 (0xe0327b93) x23 0xfffffe03
core   0: 0x80001924 (0x03a34fb3) div     t6, t1, s10
core   0: 3 0x80001924 (0x03a34fb3) x31 0x00000000
core   0: 0x80001928 (0x029ce933) rem     s2, s9, s1
core   0: 3 0x80001928 (0x029ce933) x18 0x00000001
core   0: 0x8000192c (0x00d993b3) sll     t2, s3, a3
core   0: 3 0x8000192c (0x00d993b3) x 7 0xa3b22b00
core   0: 0x80001930 (0xb2161437) lui     s0, 0xb2161
core   0: 3 0x80001930 (0xb2161437) x 8 0xb2161000
core   0: 0x80001934 (0x8124b393) sltiu   t2, s1, -2030
core   0: 3 0x80001934 (0x8124b393) x 7 0x00000001
core   0: 0x80001938 (0x036160b3) rem     ra, sp, s6
core   0: 3 0x80001938 (0x036160b3) x 1 0x00000000
core   0: 0x8000193c (0x3abfc693) xori    a3, t6, 939
core   0: 3 0x8000193c (0x3abfc693) x13 0x000003ab
core   0: 0x80001940 (0x01e753b3) srl     t2, a4, t5
core   0: 3 0x80001940 (0x01e753b3) x 7 0x00100031
core   0: 0x80001944 (0x0217d233) divu    tp, a5, ra
core   0: 3 0x80001944 (0x0217d233) x 4 0xffffffff
core   0: 0x80001948 (0x02fb25b3) mulhsu  a1, s6, a5
core   0: 3 0x80001948 (0x02fb25b3) x11 0x00000000
core   0: 0x8000194c (0x025f5533) divu    a0, t5, t0
core   0: 3 0x8000194c (0x025f5533) x10 0x00000000
core   0: 0x80001950 (0x03040ab3) mul     s5, s0, a6
core   0: 3 0x80001950 (0x03040ab3) x21 0x597e4000
core   0: 0x80001954 (0x01881f33) sll     t5, a6, s8
core   0: 3 0x80001954 (0x01881f33) x30 0x80014e64
core   0: 0x80001958 (0x0136ebb3) or      s7, a3, s3
core   0: 3 0x80001958 (0x0136ebb3) x23 0xfa8ecbaf
core   0: 0x8000195c (0x039d6b33) rem     s6, s10, s9
core   0: 3 0x8000195c (0x039d6b33) x22 0x00000000
core   0: 0x80001960 (0x02f49633) mulh    a2, s1, a5
core   0: 3 0x80001960 (0x02f49633) x12 0x00000000
core   0: 0x80001964 (0xf0ab2093) slti    ra, s6, -246
core   0: 3 0x80001964 (0xf0ab2093) x 1 0x00000000
core   0: 0x80001968 (0x028e29b3) mulhsu  s3, t3, s0
core   0: 3 0x80001968 (0x028e29b3) x19 0x00000001
core   0: 0x8000196c (0xae4aba93) sltiu   s5, s5, -1308
core   0: 3 0x8000196c (0xae4aba93) x21 0x00000001
core   0: 0x80001970 (0x82e66593) ori     a1, a2, -2002
core   0: 3 0x80001970 (0x82e66593) x11 0xfffff82e
core   0: 0x80001974 (0x00139533) sll     a0, t2, ra
core   0: 3 0x80001974 (0x00139533) x10 0x00100031
core   0: 0x80001978 (0x01f841b3) xor     gp, a6, t6
core   0: 3 0x80001978 (0x01f841b3) x 3 0x80014e64
core   0: 0x8000197c (0x00000013) nop
core   0: 3 0x8000197c (0x00000013)
core   0: 0x80001980 (0x02ce9333) mulh    t1, t4, a2
core   0: 3 0x80001980 (0x02ce9333) x 6 0x00000000
core   0: 0x80001984 (0x408452b3) sra     t0, s0, s0
core   0: 3 0x80001984 (0x408452b3) x 5 0xb2161000
core   0: 0x80001988 (0x587aea13) ori     s4, s5, 1415
core   0: 3 0x80001988 (0x587aea13) x20 0x00000587
core   0: 0x8000198c (0x009bf8b3) and     a7, s7, s1
core   0: 3 0x8000198c (0x009bf8b3) x17 0x0000008b
core   0: 0x80001990 (0x0124d9b3) srl     s3, s1, s2
core   0: 3 0x80001990 (0x0124d9b3) x19 0x00000265
core   0: 0x80001994 (0x9b613513) sltiu   a0, sp, -1610
core   0: 3 0x80001994 (0x9b613513) x10 0x00000001
core   0: 0x80001998 (0xeb2fec13) ori     s8, t6, -334
core   0: 3 0x80001998 (0xeb2fec13) x24 0xfffffeb2
core   0: 0x8000199c (0x004d4933) xor     s2, s10, tp
core   0: 3 0x8000199c (0x004d4933) x18 0x82c24fff
core   0: 0x800019a0 (0x78c3ec13) ori     s8, t2, 1932
core   0: 3 0x800019a0 (0x78c3ec13) x24 0x001007bd
core   0: 0x800019a4 (0x03255a33) divu    s4, a0, s2
core   0: 3 0x800019a4 (0x03255a33) x20 0x00000000
core   0: 0x800019a8 (0x036eb933) mulhu   s2, t4, s6
core   0: 3 0x800019a8 (0x036eb933) x18 0x00000000
core   0: 0x800019ac (0x004e9a93) slli    s5, t4, 4
core   0: 3 0x800019ac (0x004e9a93) x21 0x00000070
core   0: 0x800019b0 (0x00aed013) srli    zero, t4, 10
core   0: 3 0x800019b0 (0x00aed013)
core   0: 0x800019b4 (0x030b9cb3) mulh    s9, s7, a6
core   0: 3 0x800019b4 (0x030b9cb3) x25 0x02b8930c
core   0: 0x800019b8 (0x024e7933) remu    s2, t3, tp
core   0: 3 0x800019b8 (0x024e7933) x18 0x00000002
core   0: 0x800019bc (0x029cf133) remu    sp, s9, s1
core   0: 3 0x800019bc (0x029cf133) x 2 0x000000a5
core   0: 0x800019c0 (0x0268c333) div     t1, a7, t1
core   0: 3 0x800019c0 (0x0268c333) x 6 0xffffffff
core   0: 0x800019c4 (0xf5a94793) xori    a5, s2, -166
core   0: 3 0x800019c4 (0xf5a94793) x15 0xffffff58
core   0: 0x800019c8 (0x00000013) nop
core   0: 3 0x800019c8 (0x00000013)
core   0: 0x800019cc (0x0077d893) srli    a7, a5, 7
core   0: 3 0x800019cc (0x0077d893) x17 0x01fffffe
core   0: 0x800019d0 (0x53e78097) auipc   ra, 0x53e78
core   0: 3 0x800019d0 (0x53e78097) x 1 0xd3e799d0
core   0: 0x800019d4 (0x41fcdc93) srai    s9, s9, 31
core   0: 3 0x800019d4 (0x41fcdc93) x25 0x00000000
core   0: 0x800019d8 (0x851e0c13) addi    s8, t3, -1967
core   0: 3 0x800019d8 (0x851e0c13) x24 0xfffff853
core   0: 0x800019dc (0x018124b3) slt     s1, sp, s8
core   0: 3 0x800019dc (0x018124b3) x 9 0x00000000
core   0: 0x800019e0 (0x62e87a13) andi    s4, a6, 1582
core   0: 3 0x800019e0 (0x62e87a13) x20 0x00000624
core   0: 0x800019e4 (0x014d9a93) slli    s5, s11, 20
core   0: 3 0x800019e4 (0x014d9a93) x21 0x00700000
core   0: 0x800019e8 (0x03e45eb3) divu    t4, s0, t5
core   0: 3 0x800019e8 (0x03e45eb3) x29 0x00000001
core   0: 0x800019ec (0x9beb4b93) xori    s7, s6, -1602
core   0: 3 0x800019ec (0x9beb4b93) x23 0xfffff9be
core   0: 0x800019f0 (0x0660ce93) xori    t4, ra, 102
core   0: 3 0x800019f0 (0x0660ce93) x29 0xd3e799b6
core   0: 0x800019f4 (0x00000013) nop
core   0: 3 0x800019f4 (0x00000013)
core   0: 0x800019f8 (0x40325213) srai    tp, tp, 3
core   0: 3 0x800019f8 (0x40325213) x 4 0xffffffff
core   0: 0x800019fc (0x012599b3) sll     s3, a1, s2
core   0: 3 0x800019fc (0x012599b3) x19 0xffffe0b8
core   0: 0x80001a00 (0xdf794913) xori    s2, s2, -521
core   0: 3 0x80001a00 (0xdf794913) x18 0xfffffdf5
core   0: 0x80001a04 (0x0250ec33) rem     s8, ra, t0
core   0: 3 0x80001a04 (0x0250ec33) x24 0xd3e799d0
core   0: 0x80001a08 (0x40cb55b3) sra     a1, s6, a2
core   0: 3 0x80001a08 (0x40cb55b3) x11 0x00000000
core   0: 0x80001a0c (0x038c0fb3) mul     t6, s8, s8
core   0: 3 0x80001a0c (0x038c0fb3) x31 0xd1ca4900
core   0: 0x80001a10 (0xbe720513) addi    a0, tp, -1049
core   0: 3 0x80001a10 (0xbe720513) x10 0xfffffbe6
core   0: 0x80001a14 (0x00302433) slt     s0, zero, gp
core   0: 3 0x80001a14 (0x00302433) x 8 0x00000000
core   0: 0x80001a18 (0x41800bb3) sub     s7, zero, s8
core   0: 3 0x80001a18 (0x41800bb3) x23 0x2c186630
core   0: 0x80001a1c (0x0236a1b3) mulhsu  gp, a3, gp
core   0: 3 0x80001a1c (0x0236a1b3) x 3 0x000001d5
core   0: 0x80001a20 (0xa4fd6193) ori     gp, s10, -1457
core   0: 3 0x80001a20 (0xa4fd6193) x 3 0xfffffa4f
core   0: 0x80001a24 (0x022dfb33) remu    s6, s11, sp
core   0: 3 0x80001a24 (0x022dfb33) x22 0x00000007
core   0: 0x80001a28 (0x00000013) nop
core   0: 3 0x80001a28 (0x00000013)
core   0: 0x80001a2c (0x002565b3) or      a1, a0, sp
core   0: 3 0x80001a2c (0x002565b3) x11 0xfffffbe7
core   0: 0x80001a30 (0xd984c413) xori    s0, s1, -616
core   0: 3 0x80001a30 (0xd984c413) x 8 0xfffffd98
core   0: 0x80001a34 (0x026ad8b3) divu    a7, s5, t1
core   0: 3 0x80001a34 (0x026ad8b3) x17 0x00000000
core   0: 0x80001a38 (0x0139e633) or      a2, s3, s3
core   0: 3 0x80001a38 (0x0139e633) x12 0xffffe0b8
core   0: 0x80001a3c (0x002b57b3) srl     a5, s6, sp
core   0: 3 0x80001a3c (0x002b57b3) x15 0x00000000
core   0: 0x80001a40 (0x0112dab3) srl     s5, t0, a7
core   0: 3 0x80001a40 (0x0112dab3) x21 0xb2161000
core   0: 0x80001a44 (0x025644b3) div     s1, a2, t0
core   0: 3 0x80001a44 (0x025644b3) x 9 0x00000000
core   0: 0x80001a48 (0x02650c33) mul     s8, a0, t1
core   0: 3 0x80001a48 (0x02650c33) x24 0x0000041a
core   0: 0x80001a4c (0x1da5e993) ori     s3, a1, 474
core   0: 3 0x80001a4c (0x1da5e993) x19 0xfffffbff
core   0: 0x80001a50 (0x002378b3) and     a7, t1, sp
core   0: 3 0x80001a50 (0x002378b3) x17 0x000000a5
core   0: 0x80001a54 (0x022fa033) mulhsu  zero, t6, sp
core   0: 3 0x80001a54 (0x022fa033)
core   0: 0x80001a58 (0x0128c8b3) xor     a7, a7, s2
core   0: 3 0x80001a58 (0x0128c8b3) x17 0xfffffd50
core   0: 0x80001a5c (0x909bca13) xori    s4, s7, -1783
core   0: 3 0x80001a5c (0x909bca13) x20 0xd3e79f39
core   0: 0x80001a60 (0x0285fa33) remu    s4, a1, s0
core   0: 3 0x80001a60 (0x0285fa33) x20 0xfffffbe7
core   0: 0x80001a64 (0x01e434b3) sltu    s1, s0, t5
core   0: 3 0x80001a64 (0x01e434b3) x 9 0x00000000
core   0: 0x80001a68 (0x00cb6eb3) or      t4, s6, a2
core   0: 3 0x80001a68 (0x00cb6eb3) x29 0xffffe0bf
core   0: 0x80001a6c (0x4ecc6193) ori     gp, s8, 1260
core   0: 3 0x80001a6c (0x4ecc6193) x 3 0x000004fe
core   0: 0x80001a70 (0x037bf9b3) remu    s3, s7, s7
core   0: 3 0x80001a70 (0x037bf9b3) x19 0x00000000
core   0: 0x80001a74 (0xb6cfaf93) slti    t6, t6, -1172
core   0: 3 0x80001a74 (0xb6cfaf93) x31 0x00000001
core   0: 0x80001a78 (0x387d4993) xori    s3, s10, 903
core   0: 3 0x80001a78 (0x387d4993) x19 0x7d3db387
core   0: 0x80001a7c (0x02a81033) mulh    zero, a6, a0
core   0: 3 0x80001a7c (0x02a81033)
core   0: 0x80001a80 (0x0021afb3) slt     t6, gp, sp
core   0: 3 0x80001a80 (0x0021afb3) x31 0x00000000
core   0: 0x80001a84 (0x632b1397) auipc   t2, 0x632b1
core   0: 3 0x80001a84 (0x632b1397) x 7 0xe32b2a84
core   0: 0x80001a88 (0x41f0dfb3) sra     t6, ra, t6
core   0: 3 0x80001a88 (0x41f0dfb3) x31 0xd3e799d0
core   0: 0x80001a8c (0x009df7b3) and     a5, s11, s1
core   0: 3 0x80001a8c (0x009df7b3) x15 0x00000000
core   0: 0x80001a90 (0x00000013) nop
core   0: 3 0x80001a90 (0x00000013)
core   0: 0x80001a94 (0x034720b3) mulhsu  ra, a4, s4
core   0: 3 0x80001a94 (0x034720b3) x 1 0x80018ef0
core   0: 0x80001a98 (0x0028c7b3) xor     a5, a7, sp
core   0: 3 0x80001a98 (0x0028c7b3) x15 0xfffffdf5
core   0: 0x80001a9c (0x02a4c433) div     s0, s1, a0
core   0: 3 0x80001a9c (0x02a4c433) x 8 0x00000000
core   0: 0x80001aa0 (0xcdc39597) auipc   a1, 0xcdc39
core   0: 3 0x80001aa0 (0xcdc39597) x11 0x4dc3aaa0
core   0: 0x80001aa4 (0xb4a36693) ori     a3, t1, -1206
core   0: 3 0x80001aa4 (0xb4a36693) x13 0xffffffff
core   0: 0x80001aa8 (0x1d7e0293) addi    t0, t3, 471
core   0: 3 0x80001aa8 (0x1d7e0293) x 5 0x000001d9
core   0: 0x80001aac (0x0398aeb3) mulhsu  t4, a7, s9
core   0: 3 0x80001aac (0x0398aeb3) x29 0x00000000
core   0: 0x80001ab0 (0x78300913) li      s2, 1923
core   0: 3 0x80001ab0 (0x78300913) x18 0x00000783
core   0: 0x80001ab4 (0x02292f33) mulhsu  t5, s2, sp
core   0: 3 0x80001ab4 (0x02292f33) x30 0x00000000
core   0: 0x80001ab8 (0x01982933) slt     s2, a6, s9
core   0: 3 0x80001ab8 (0x01982933) x18 0x00000001
core   0: 0x80001abc (0x03d86433) rem     s0, a6, t4
core   0: 3 0x80001abc (0x03d86433) x 8 0x80014e64
core   0: 0x80001ac0 (0x3446c013) xori    zero, a3, 836
core   0: 3 0x80001ac0 (0x3446c013)
core   0: 0x80001ac4 (0x03c844b3) div     s1, a6, t3
core   0: 3 0x80001ac4 (0x03c844b3) x 9 0xc000a732
core   0: 0x80001ac8 (0xca776693) ori     a3, a4, -857
core   0: 3 0x80001ac8 (0xca776693) x13 0xfffffce7
core   0: 0x80001acc (0x00278f33) add     t5, a5, sp
core   0: 3 0x80001acc (0x00278f33) x30 0xfffffe9a
core   0: 0x80001ad0 (0x0088a333) slt     t1, a7, s0
core   0: 3 0x80001ad0 (0x0088a333) x 6 0x00000000
core   0: 0x80001ad4 (0x038c2133) mulhsu  sp, s8, s8
core   0: 3 0x80001ad4 (0x038c2133) x 2 0x00000000
core   0: 0x80001ad8 (0x00175313) srli    t1, a4, 1
core   0: 3 0x80001ad8 (0x00175313) x 6 0x4000c672
core   0: 0x80001adc (0x01a1d233) srl     tp, gp, s10
core   0: 3 0x80001adc (0x01a1d233) x 4 0x000004fe
core   0: 0x80001ae0 (0x420e4113) xori    sp, t3, 1056
core   0: 3 0x80001ae0 (0x420e4113) x 2 0x00000422
core   0: 0x80001ae4 (0x70c84613) xori    a2, a6, 1804
core   0: 3 0x80001ae4 (0x70c84613) x12 0x80014968
core   0: 0x80001ae8 (0x00dba9b3) slt     s3, s7, a3
core   0: 3 0x80001ae8 (0x00dba9b3) x19 0x00000000
core   0: 0x80001aec (0x35616193) ori     gp, sp, 854
core   0: 3 0x80001aec (0x35616193) x 3 0x00000776
core   0: 0x80001af0 (0x0281bab3) mulhu   s5, gp, s0
core   0: 3 0x80001af0 (0x0281bab3) x21 0x000003bb
core   0: 0x80001af4 (0x005b7c33) and     s8, s6, t0
core   0: 3 0x80001af4 (0x005b7c33) x24 0x00000001
core   0: 0x80001af8 (0x036d6333) rem     t1, s10, s6
core   0: 3 0x80001af8 (0x036d6333) x 6 0x00000006
core   0: 0x80001afc (0xf7ae4f93) xori    t6, t3, -134
core   0: 3 0x80001afc (0xf7ae4f93) x31 0xffffff78
core   0: 0x80001b00 (0x01fe05b3) add     a1, t3, t6
core   0: 3 0x80001b00 (0x01fe05b3) x11 0xffffff7a
core   0: 0x80001b04 (0x03ddfb33) remu    s6, s11, t4
core   0: 3 0x80001b04 (0x03ddfb33) x22 0x00000007
core   0: 0x80001b08 (0x68687213) andi    tp, a6, 1670
core   0: 3 0x80001b08 (0x68687213) x 4 0x00000604
core   0: 0x80001b0c (0xaa983d13) sltiu   s10, a6, -1367
core   0: 3 0x80001b0c (0xaa983d13) x26 0x00000001
core   0: 0x80001b10 (0x012c99b3) sll     s3, s9, s2
core   0: 3 0x80001b10 (0x012c99b3) x19 0x00000000
core   0: 0x80001b14 (0x0066a1b3) slt     gp, a3, t1
core   0: 3 0x80001b14 (0x0066a1b3) x 3 0x00000001
core   0: 0x80001b18 (0x102bf417) auipc   s0, 0x102bf
core   0: 3 0x80001b18 (0x102bf417) x 8 0x902c0b18
core   0: 0x80001b1c (0x026a05b3) mul     a1, s4, t1
core   0: 3 0x80001b1c (0x026a05b3) x11 0xffffe76a
core   0: 0x80001b20 (0x020d95b3) mulh    a1, s11, zero
core   0: 3 0x80001b20 (0x020d95b3) x11 0x00000000
core   0: 0x80001b24 (0x4145d193) srai    gp, a1, 20
core   0: 3 0x80001b24 (0x4145d193) x 3 0x00000000
core   0: 0x80001b28 (0x01c35433) srl     s0, t1, t3
core   0: 3 0x80001b28 (0x01c35433) x 8 0x00000001
core   0: 0x80001b2c (0x00b5bc33) sltu    s8, a1, a1
core   0: 3 0x80001b2c (0x00b5bc33) x24 0x00000000
core   0: 0x80001b30 (0x0162b533) sltu    a0, t0, s6
core   0: 3 0x80001b30 (0x0162b533) x10 0x00000000
core   0: 0x80001b34 (0x7581ba13) sltiu   s4, gp, 1880
core   0: 3 0x80001b34 (0x7581ba13) x20 0x00000001
core   0: 0x80001b38 (0x7ebca913) slti    s2, s9, 2027
core   0: 3 0x80001b38 (0x7ebca913) x18 0x00000001
core   0: 0x80001b3c (0x018d4333) xor     t1, s10, s8
core   0: 3 0x80001b3c (0x018d4333) x 6 0x00000001
core   0: 0x80001b40 (0x40e65f93) srai    t6, a2, 14
core   0: 3 0x80001b40 (0x40e65f93) x31 0xfffe0005
core   0: 0x80001b44 (0x013e38b3) sltu    a7, t3, s3
core   0: 3 0x80001b44 (0x013e38b3) x17 0x00000000
core   0: 0x80001b48 (0xf991f393) andi    t2, gp, -103
core   0: 3 0x80001b48 (0xf991f393) x 7 0x00000000
core   0: 0x80001b4c (0x413bd2b3) sra     t0, s7, s3
core   0: 3 0x80001b4c (0x413bd2b3) x 5 0x2c186630
core   0: 0x80001b50 (0xe56ee293) ori     t0, t4, -426
core   0: 3 0x80001b50 (0xe56ee293) x 5 0xfffffe56
core   0: 0x80001b54 (0x007d0433) add     s0, s10, t2
core   0: 3 0x80001b54 (0x007d0433) x 8 0x00000001
core   0: 0x80001b58 (0x490b0f97) auipc   t6, 0x490b0
core   0: 3 0x80001b58 (0x490b0f97) x31 0xc90b1b58
core   0: 0x80001b5c (0x02473933) mulhu   s2, a4, tp
core   0: 3 0x80001b5c (0x02473933) x18 0x00000302
core   0: 0x80001b60 (0x41fe5233) sra     tp, t3, t6
core   0: 3 0x80001b60 (0x41fe5233) x 4 0x00000000
core   0: 0x80001b64 (0x02de8bb3) mul     s7, t4, a3
core   0: 3 0x80001b64 (0x02de8bb3) x23 0x00000000
core   0: 0x80001b68 (0x03406133) rem     sp, zero, s4
core   0: 3 0x80001b68 (0x03406133) x 2 0x00000000
core   0: 0x80001b6c (0x02e08f33) mul     t5, ra, a4
core   0: 3 0x80001b6c (0x02e08f33) x30 0x6a7e8dc0
core   0: 0x80001b70 (0x018515b3) sll     a1, a0, s8
core   0: 3 0x80001b70 (0x018515b3) x11 0x00000000
core   0: 0x80001b74 (0x017c5d33) srl     s10, s8, s7
core   0: 3 0x80001b74 (0x017c5d33) x26 0x00000000
core   0: 0x80001b78 (0x002fdcb3) srl     s9, t6, sp
core   0: 3 0x80001b78 (0x002fdcb3) x25 0xc90b1b58
core   0: 0x80001b7c (0x036b4033) div     zero, s6, s6
core   0: 3 0x80001b7c (0x036b4033)
core   0: 0x80001b80 (0x01d31c33) sll     s8, t1, t4
core   0: 3 0x80001b80 (0x01d31c33) x24 0x00000001
core   0: 0x80001b84 (0x411487b3) sub     a5, s1, a7
core   0: 3 0x80001b84 (0x411487b3) x15 0xc000a732
core   0: 0x80001b88 (0x00878033) add     zero, a5, s0
core   0: 3 0x80001b88 (0x00878033)
core   0: 0x80001b8c (0x00ac1a93) slli    s5, s8, 10
core   0: 3 0x80001b8c (0x00ac1a93) x21 0x00000400
core   0: 0x80001b90 (0x03ff70b3) remu    ra, t5, t6
core   0: 3 0x80001b90 (0x03ff70b3) x 1 0x6a7e8dc0
core   0: 0x80001b94 (0x003c3c33) sltu    s8, s8, gp
core   0: 3 0x80001b94 (0x003c3c33) x24 0x00000000
core   0: 0x80001b98 (0x028227b3) mulhsu  a5, tp, s0
core   0: 3 0x80001b98 (0x028227b3) x15 0x00000000
core   0: 0x80001b9c (0x021393b3) mulh    t2, t2, ra
core   0: 3 0x80001b9c (0x021393b3) x 7 0x00000000
core   0: 0x80001ba0 (0x41d90633) sub     a2, s2, t4
core   0: 3 0x80001ba0 (0x41d90633) x12 0x00000302
core   0: 0x80001ba4 (0x027654b3) divu    s1, a2, t2
core   0: 3 0x80001ba4 (0x027654b3) x 9 0xffffffff
core   0: 0x80001ba8 (0x00e8fab3) and     s5, a7, a4
core   0: 3 0x80001ba8 (0x00e8fab3) x21 0x00000000
core   0: 0x80001bac (0x41620633) sub     a2, tp, s6
core   0: 3 0x80001bac (0x41620633) x12 0xfffffff9
core   0: 0x80001bb0 (0x003979b3) and     s3, s2, gp
core   0: 3 0x80001bb0 (0x003979b3) x19 0x00000000
core   0: 0x80001bb4 (0x020a9433) mulh    s0, s5, zero
core   0: 3 0x80001bb4 (0x020a9433) x 8 0x00000000
core   0: 0x80001bb8 (0x02cb6d33) rem     s10, s6, a2
core   0: 3 0x80001bb8 (0x02cb6d33) x26 0x00000000
core   0: 0x80001bbc (0x9dd0fb93) andi    s7, ra, -1571
core   0: 3 0x80001bbc (0x9dd0fb93) x23 0x6a7e89c0
core   0: 0x80001bc0 (0x033e3c33) mulhu   s8, t3, s3
core   0: 3 0x80001bc0 (0x033e3c33) x24 0x00000000
core   0: 0x80001bc4 (0x01999093) slli    ra, s3, 25
core   0: 3 0x80001bc4 (0x01999093) x 1 0x00000000
core   0: 0x80001bc8 (0x03ff0333) mul     t1, t5, t6
core   0: 3 0x80001bc8 (0x03ff0333) x 6 0xcbb3fa00
core   0: 0x80001bcc (0x40ded7b3) sra     a5, t4, a3
core   0: 3 0x80001bcc (0x40ded7b3) x15 0x00000000
core   0: 0x80001bd0 (0x01a0c3b3) xor     t2, ra, s10
core   0: 3 0x80001bd0 (0x01a0c3b3) x 7 0x00000000
core   0: 0x80001bd4 (0x0311aeb3) mulhsu  t4, gp, a7
core   0: 3 0x80001bd4 (0x0311aeb3) x29 0x00000000
core   0: 0x80001bd8 (0xcca4da17) auipc   s4, 0xcca4d
core   0: 3 0x80001bd8 (0xcca4da17) x20 0x4ca4ebd8
core   0: 0x80001bdc (0xe4466893) ori     a7, a2, -444
core   0: 3 0x80001bdc (0xe4466893) x17 0xfffffffd
core   0: 0x80001be0 (0x31e8f937) lui     s2, 0x31e8f
core   0: 3 0x80001be0 (0x31e8f937) x18 0x31e8f000
core   0: 0x80001be4 (0x0100b433) sltu    s0, ra, a6
core   0: 3 0x80001be4 (0x0100b433) x 8 0x00000001
core   0: 0x80001be8 (0x00cf0333) add     t1, t5, a2
core   0: 3 0x80001be8 (0x00cf0333) x 6 0x6a7e8db9
core   0: 0x80001bec (0xa0784b13) xori    s6, a6, -1529
core   0: 3 0x80001bec (0xa0784b13) x22 0x7ffeb463
core   0: 0x80001bf0 (0x00000013) nop
core   0: 3 0x80001bf0 (0x00000013)
core   0: 0x80001bf4 (0x402f84b3) sub     s1, t6, sp
core   0: 3 0x80001bf4 (0x402f84b3) x 9 0xc90b1b58
core   0: 0x80001bf8 (0x03433cb3) mulhu   s9, t1, s4
core   0: 3 0x80001bf8 (0x03433cb3) x25 0x1fe22d41
core   0: 0x80001bfc (0x00c22cb3) slt     s9, tp, a2
core   0: 3 0x80001bfc (0x00c22cb3) x25 0x00000000
core   0: 0x80001c00 (0xe11c3513) sltiu   a0, s8, -495
core   0: 3 0x80001c00 (0xe11c3513) x10 0x00000001
core   0: 0x80001c04 (0x20e77a13) andi    s4, a4, 526
core   0: 3 0x80001c04 (0x20e77a13) x20 0x00000004
core   0: 0x80001c08 (0x10af4c93) xori    s9, t5, 266
core   0: 3 0x80001c08 (0x10af4c93) x25 0x6a7e8cca
core   0: 0x80001c0c (0x01c0bb33) sltu    s6, ra, t3
core   0: 3 0x80001c0c (0x01c0bb33) x22 0x00000001
core   0: 0x80001c10 (0x02bce533) rem     a0, s9, a1
core   0: 3 0x80001c10 (0x02bce533) x10 0x6a7e8cca
core   0: 0x80001c14 (0x025883b3) mul     t2, a7, t0
core   0: 3 0x80001c14 (0x025883b3) x 7 0x000004fe
core   0: 0x80001c18 (0x3d6d3613) sltiu   a2, s10, 982
core   0: 3 0x80001c18 (0x3d6d3613) x12 0x00000001
core   0: 0x80001c1c (0x323e6c13) ori     s8, t3, 803
core   0: 3 0x80001c1c (0x323e6c13) x24 0x00000323
core   0: 0x80001c20 (0x0211cb33) div     s6, gp, ra
core   0: 3 0x80001c20 (0x0211cb33) x22 0xffffffff
core   0: 0x80001c24 (0x03da9533) mulh    a0, s5, t4
core   0: 3 0x80001c24 (0x03da9533) x10 0x00000000
core   0: 0x80001c28 (0x01503f33) snez    t5, s5
core   0: 3 0x80001c28 (0x01503f33) x30 0x00000000
core   0: 0x80001c2c (0x0eb24f93) xori    t6, tp, 235
core   0: 3 0x80001c2c (0x0eb24f93) x31 0x000000eb
core   0: 0x80001c30 (0x01289893) slli    a7, a7, 18
core   0: 3 0x80001c30 (0x01289893) x17 0xfff40000
core   0: 0x80001c34 (0x002cd0b3) srl     ra, s9, sp
core   0: 3 0x80001c34 (0x002cd0b3) x 1 0x6a7e8cca
core   0: 0x80001c38 (0x016c0933) add     s2, s8, s6
core   0: 3 0x80001c38 (0x016c0933) x18 0x00000322
core   0: 0x80001c3c (0xd2e42c93) slti    s9, s0, -722
core   0: 3 0x80001c3c (0xd2e42c93) x25 0x00000000
core   0: 0x80001c40 (0x02f000b3) mul     ra, zero, a5
core   0: 3 0x80001c40 (0x02f000b3) x 1 0x00000000
core   0: 0x80001c44 (0x0012e5b3) or      a1, t0, ra
core   0: 3 0x80001c44 (0x0012e5b3) x11 0xfffffe56
core   0: 0x80001c48 (0x00dd71b3) and     gp, s10, a3
core   0: 3 0x80001c48 (0x00dd71b3) x 3 0x00000000
core   0: 0x80001c4c (0xe32b6493) ori     s1, s6, -462
core   0: 3 0x80001c4c (0xe32b6493) x 9 0xffffffff
core   0: 0x80001c50 (0x018c04b3) add     s1, s8, s8
core   0: 3 0x80001c50 (0x018c04b3) x 9 0x00000646
core   0: 0x80001c54 (0x02f859b3) divu    s3, a6, a5
core   0: 3 0x80001c54 (0x02f859b3) x19 0xffffffff
core   0: 0x80001c58 (0x02092333) mulhsu  t1, s2, zero
core   0: 3 0x80001c58 (0x02092333) x 6 0x00000000
core   0: 0x80001c5c (0x03d02633) mulhsu  a2, zero, t4
core   0: 3 0x80001c5c (0x03d02633) x12 0x00000000
core   0: 0x80001c60 (0x020ec633) div     a2, t4, zero
core   0: 3 0x80001c60 (0x020ec633) x12 0xffffffff
core   0: 0x80001c64 (0x03212f33) mulhsu  t5, sp, s2
core   0: 3 0x80001c64 (0x03212f33) x30 0x00000000
core   0: 0x80001c68 (0x035e85b3) mul     a1, t4, s5
core   0: 3 0x80001c68 (0x035e85b3) x11 0x00000000
core   0: 0x80001c6c (0x00e28133) add     sp, t0, a4
core   0: 3 0x80001c6c (0x00e28133) x 2 0x80018b3a
core   0: 0x80001c70 (0x012ad613) srli    a2, s5, 18
core   0: 3 0x80001c70 (0x012ad613) x12 0x00000000
core   0: 0x80001c74 (0xf69ce893) ori     a7, s9, -151
core   0: 3 0x80001c74 (0xf69ce893) x17 0xffffff69
core   0: 0x80001c78 (0x00205bb3) srl     s7, zero, sp
core   0: 3 0x80001c78 (0x00205bb3) x23 0x00000000
core   0: 0x80001c7c (0x00eb5bb3) srl     s7, s6, a4
core   0: 3 0x80001c7c (0x00eb5bb3) x23 0x0fffffff
core   0: 0x80001c80 (0x02d09e33) mulh    t3, ra, a3
core   0: 3 0x80001c80 (0x02d09e33) x28 0x00000000
core   0: 0x80001c84 (0x41a25333) sra     t1, tp, s10
core   0: 3 0x80001c84 (0x41a25333) x 6 0x00000000
core   0: 0x80001c88 (0x0104a633) slt     a2, s1, a6
core   0: 3 0x80001c88 (0x0104a633) x12 0x00000000
core   0: 0x80001c8c (0xa4668493) addi    s1, a3, -1466
core   0: 3 0x80001c8c (0xa4668493) x 9 0xfffff72d
core   0: 0x80001c90 (0x8bdf1bb7) lui     s7, 0x8bdf1
core   0: 3 0x80001c90 (0x8bdf1bb7) x23 0x8bdf1000
core   0: 0x80001c94 (0x01a1d5b3) srl     a1, gp, s10
core   0: 3 0x80001c94 (0x01a1d5b3) x11 0x00000000
core   0: 0x80001c98 (0x03205f33) divu    t5, zero, s2
core   0: 3 0x80001c98 (0x03205f33) x30 0x00000000
core   0: 0x80001c9c (0x40dcd893) srai    a7, s9, 13
core   0: 3 0x80001c9c (0x40dcd893) x17 0x00000000
core   0: 0x80001ca0 (0x02662533) mulhsu  a0, a2, t1
core   0: 3 0x80001ca0 (0x02662533) x10 0x00000000
core   0: 0x80001ca4 (0x5832d417) auipc   s0, 0x5832d
core   0: 3 0x80001ca4 (0x5832d417) x 8 0xd832eca4
core   0: 0x80001ca8 (0x000258b3) srl     a7, tp, zero
core   0: 3 0x80001ca8 (0x000258b3) x17 0x00000000
core   0: 0x80001cac (0x4088d693) srai    a3, a7, 8
core   0: 3 0x80001cac (0x4088d693) x13 0x00000000
core   0: 0x80001cb0 (0x0323bcb3) mulhu   s9, t2, s2
core   0: 3 0x80001cb0 (0x0323bcb3) x25 0x00000000
core   0: 0x80001cb4 (0x00b22893) slti    a7, tp, 11
core   0: 3 0x80001cb4 (0x00b22893) x17 0x00000001
core   0: 0x80001cb8 (0x01e2d0b3) srl     ra, t0, t5
core   0: 3 0x80001cb8 (0x01e2d0b3) x 1 0xfffffe56
core   0: 0x80001cbc (0x011cc533) xor     a0, s9, a7
core   0: 3 0x80001cbc (0x011cc533) x10 0x00000001
core   0: 0x80001cc0 (0x02109933) mulh    s2, ra, ra
core   0: 3 0x80001cc0 (0x02109933) x18 0x00000000
core   0: 0x80001cc4 (0x03b08eb3) mul     t4, ra, s11
core   0: 3 0x80001cc4 (0x03b08eb3) x29 0xfffff45a
core   0: 0x80001cc8 (0x035677b3) remu    a5, a2, s5
core   0: 3 0x80001cc8 (0x035677b3) x15 0x00000000
core   0: 0x80001ccc (0x29e4f693) andi    a3, s1, 670
core   0: 3 0x80001ccc (0x29e4f693) x13 0x0000020c
core   0: 0x80001cd0 (0x013e2133) slt     sp, t3, s3
core   0: 3 0x80001cd0 (0x013e2133) x 2 0x00000000
core   0: 0x80001cd4 (0x02241f33) mulh    t5, s0, sp
core   0: 3 0x80001cd4 (0x02241f33) x30 0x00000000
core   0: 0x80001cd8 (0x00271193) slli    gp, a4, 2
core   0: 3 0x80001cd8 (0x00271193) x 3 0x00063390
core   0: 0x80001cdc (0x40310433) sub     s0, sp, gp
core   0: 3 0x80001cdc (0x40310433) x 8 0xfff9cc70
core   0: 0x80001ce0 (0x0acc6493) ori     s1, s8, 172
core   0: 3 0x80001ce0 (0x0acc6493) x 9 0x000003af
core   0: 0x80001ce4 (0x0385ccb3) div     s9, a1, s8
core   0: 3 0x80001ce4 (0x0385ccb3) x25 0x00000000
core   0: 0x80001ce8 (0x414c5193) srai    gp, s8, 20
core   0: 3 0x80001ce8 (0x414c5193) x 3 0x00000000
core   0: 0x80001cec (0x6c3b8b93) addi    s7, s7, 1731
core   0: 3 0x80001cec (0x6c3b8b93) x23 0x8bdf16c3
core   0: 0x80001cf0 (0x00503a33) snez    s4, t0
core   0: 3 0x80001cf0 (0x00503a33) x20 0x00000001
core   0: 0x80001cf4 (0x01b754b3) srl     s1, a4, s11
core   0: 3 0x80001cf4 (0x01b754b3) x 9 0x01000319
core   0: 0x80001cf8 (0x027be0b3) rem     ra, s7, t2
core   0: 3 0x80001cf8 (0x027be0b3) x 1 0xfffffe97
core   0: 0x80001cfc (0x286acf93) xori    t6, s5, 646
core   0: 3 0x80001cfc (0x286acf93) x31 0x00000286
core   0: 0x80001d00 (0x01eccb33) xor     s6, s9, t5
core   0: 3 0x80001d00 (0x01eccb33) x22 0x00000000
core   0: 0x80001d04 (0xc76b2913) slti    s2, s6, -906
core   0: 3 0x80001d04 (0xc76b2913) x18 0x00000000
core   0: 0x80001d08 (0x0203de33) divu    t3, t2, zero
core   0: 3 0x80001d08 (0x0203de33) x28 0xffffffff
core   0: 0x80001d0c (0x00bc70b3) and     ra, s8, a1
core   0: 3 0x80001d0c (0x00bc70b3) x 1 0x00000000
core   0: 0x80001d10 (0x0062de13) srli    t3, t0, 6
core   0: 3 0x80001d10 (0x0062de13) x28 0x03fffff9
core   0: 0x80001d14 (0x40f903b3) sub     t2, s2, a5
core   0: 3 0x80001d14 (0x40f903b3) x 7 0x00000000
core   0: 0x80001d18 (0x01629e93) slli    t4, t0, 22
core   0: 3 0x80001d18 (0x01629e93) x29 0x95800000
core   0: 0x80001d1c (0x1e284897) auipc   a7, 0x1e284
core   0: 3 0x80001d1c (0x1e284897) x17 0x9e285d1c
core   0: 0x80001d20 (0x016c8b33) add     s6, s9, s6
core   0: 3 0x80001d20 (0x016c8b33) x22 0x00000000
core   0: 0x80001d24 (0x019a5513) srli    a0, s4, 25
core   0: 3 0x80001d24 (0x019a5513) x10 0x00000000
core   0: 0x80001d28 (0xa2b06213) ori     tp, zero, -1493
core   0: 3 0x80001d28 (0xa2b06213) x 4 0xfffffa2b
core   0: 0x80001d2c (0xc7fbfb93) andi    s7, s7, -897
core   0: 3 0x80001d2c (0xc7fbfb93) x23 0x8bdf1443
core   0: 0x80001d30 (0x038b1233) mulh    tp, s6, s8
core   0: 3 0x80001d30 (0x038b1233) x 4 0x00000000
core   0: 0x80001d34 (0x01d01f33) sll     t5, zero, t4
core   0: 3 0x80001d34 (0x01d01f33) x30 0x00000000
core   0: 0x80001d38 (0x029011b3) mulh    gp, zero, s1
core   0: 3 0x80001d38 (0x029011b3) x 3 0x00000000
core   0: 0x80001d3c (0x035c8133) mul     sp, s9, s5
core   0: 3 0x80001d3c (0x035c8133) x 2 0x00000000
core   0: 0x80001d40 (0x0231a9b3) mulhsu  s3, gp, gp
core   0: 3 0x80001d40 (0x0231a9b3) x19 0x00000000
core   0: 0x80001d44 (0x79357293) andi    t0, a0, 1939
core   0: 3 0x80001d44 (0x79357293) x 5 0x00000000
core   0: 0x80001d48 (0x88a6e193) ori     gp, a3, -1910
core   0: 3 0x80001d48 (0x88a6e193) x 3 0xfffffa8e
core   0: 0x80001d4c (0x7be26413) ori     s0, tp, 1982
core   0: 3 0x80001d4c (0x7be26413) x 8 0x000007be
core   0: 0x80001d50 (0x00096cb3) or      s9, s2, zero
core   0: 3 0x80001d50 (0x00096cb3) x25 0x00000000
core   0: 0x80001d54 (0x00b95b93) srli    s7, s2, 11
core   0: 3 0x80001d54 (0x00b95b93) x23 0x00000000
core   0: 0x80001d58 (0x0247b933) mulhu   s2, a5, tp
core   0: 3 0x80001d58 (0x0247b933) x18 0x00000000
core   0: 0x80001d5c (0x0258f533) remu    a0, a7, t0
core   0: 3 0x80001d5c (0x0258f533) x10 0x9e285d1c
core   0: 0x80001d60 (0x01eab2b3) sltu    t0, s5, t5
core   0: 3 0x80001d60 (0x01eab2b3) x 5 0x00000000
core   0: 0x80001d64 (0x586c9c37) lui     s8, 0x586c9
core   0: 3 0x80001d64 (0x586c9c37) x24 0x586c9000
core   0: 0x80001d68 (0x03ec1f33) mulh    t5, s8, t5
core   0: 3 0x80001d68 (0x03ec1f33) x30 0x00000000
core   0: 0x80001d6c (0x029d1fb3) mulh    t6, s10, s1
core   0: 3 0x80001d6c (0x029d1fb3) x31 0x00000000
core   0: 0x80001d70 (0x01509493) slli    s1, ra, 21
core   0: 3 0x80001d70 (0x01509493) x 9 0x00000000
core   0: 0x80001d74 (0xe89b0097) auipc   ra, 0xe89b0
core   0: 3 0x80001d74 (0xe89b0097) x 1 0x689b1d74
core   0: 0x80001d78 (0x03e3a333) mulhsu  t1, t2, t5
core   0: 3 0x80001d78 (0x03e3a333) x 6 0x00000000
core   0: 0x80001d7c (0x03d61fb3) mulh    t6, a2, t4
core   0: 3 0x80001d7c (0x03d61fb3) x31 0x00000000
core   0: 0x80001d80 (0x01bcdfb3) srl     t6, s9, s11
core   0: 3 0x80001d80 (0x01bcdfb3) x31 0x00000000
core   0: 0x80001d84 (0x01f6dc13) srli    s8, a3, 31
core   0: 3 0x80001d84 (0x01f6dc13) x24 0x00000000
core   0: 0x80001d88 (0x025336b3) mulhu   a3, t1, t0
core   0: 3 0x80001d88 (0x025336b3) x13 0x00000000
core   0: 0x80001d8c (0x6c607e17) auipc   t3, 0x6c607
core   0: 3 0x80001d8c (0x6c607e17) x28 0xec608d8c
core   0: 0x80001d90 (0xb8742c37) lui     s8, 0xb8742
core   0: 3 0x80001d90 (0xb8742c37) x24 0xb8742000
core   0: 0x80001d94 (0x416f0033) sub     zero, t5, s6
core   0: 3 0x80001d94 (0x416f0033)
core   0: 0x80001d98 (0x0367b433) mulhu   s0, a5, s6
core   0: 3 0x80001d98 (0x0367b433) x 8 0x00000000
core   0: 0x80001d9c (0x5a2ee913) ori     s2, t4, 1442
core   0: 3 0x80001d9c (0x5a2ee913) x18 0x958005a2
core   0: 0x80001da0 (0x87ad2c93) slti    s9, s10, -1926
core   0: 3 0x80001da0 (0x87ad2c93) x25 0x00000000
core   0: 0x80001da4 (0x412a01b3) sub     gp, s4, s2
core   0: 3 0x80001da4 (0x412a01b3) x 3 0x6a7ffa5f
core   0: 0x80001da8 (0x01cea4b3) slt     s1, t4, t3
core   0: 3 0x80001da8 (0x01cea4b3) x 9 0x00000001
core   0: 0x80001dac (0x9c52b013) sltiu   zero, t0, -1595
core   0: 3 0x80001dac (0x9c52b013)
core   0: 0x80001db0 (0x007275b3) and     a1, tp, t2
core   0: 3 0x80001db0 (0x007275b3) x11 0x00000000
core   0: 0x80001db4 (0x00d7de93) srli    t4, a5, 13
core   0: 3 0x80001db4 (0x00d7de93) x29 0x00000000
core   0: 0x80001db8 (0x4774cc93) xori    s9, s1, 1143
core   0: 3 0x80001db8 (0x4774cc93) x25 0x00000476
core   0: 0x80001dbc (0x008f1b93) slli    s7, t5, 8
core   0: 3 0x80001dbc (0x008f1b93) x23 0x00000000
core   0: 0x80001dc0 (0x038e7a33) remu    s4, t3, s8
core   0: 3 0x80001dc0 (0x038e7a33) x20 0x33ec6d8c
core   0: 0x80001dc4 (0x83eefe93) andi    t4, t4, -1986
core   0: 3 0x80001dc4 (0x83eefe93) x29 0x00000000
core   0: 0x80001dc8 (0x410009b3) sub     s3, zero, a6
core   0: 3 0x80001dc8 (0x410009b3) x19 0x7ffeb19c
core   0: 0x80001dcc (0xa4367893) andi    a7, a2, -1469
core   0: 3 0x80001dcc (0xa4367893) x17 0x00000000
core   0: 0x80001dd0 (0x0266c533) div     a0, a3, t1
core   0: 3 0x80001dd0 (0x0266c533) x10 0xffffffff
core   0: 0x80001dd4 (0x03603633) mulhu   a2, zero, s6
core   0: 3 0x80001dd4 (0x03603633) x12 0x00000000
core   0: 0x80001dd8 (0x0bfd0093) addi    ra, s10, 191
core   0: 3 0x80001dd8 (0x0bfd0093) x 1 0x000000bf
core   0: 0x80001ddc (0x02f0ccb3) div     s9, ra, a5
core   0: 3 0x80001ddc (0x02f0ccb3) x25 0xffffffff
core   0: 0x80001de0 (0x41270c33) sub     s8, a4, s2
core   0: 3 0x80001de0 (0x41270c33) x24 0xea818742
core   0: 0x80001de4 (0x0180fe33) and     t3, ra, s8
core   0: 3 0x80001de4 (0x0180fe33) x28 0x00000002
core   0: 0x80001de8 (0x02a006b3) mul     a3, zero, a0
core   0: 3 0x80001de8 (0x02a006b3) x13 0x00000000
core   0: 0x80001dec (0x013cf933) and     s2, s9, s3
core   0: 3 0x80001dec (0x013cf933) x18 0x7ffeb19c
core   0: 0x80001df0 (0x94b42393) slti    t2, s0, -1717
core   0: 3 0x80001df0 (0x94b42393) x 7 0x00000000
core   0: 0x80001df4 (0xf395c937) lui     s2, 0xf395c
core   0: 3 0x80001df4 (0xf395c937) x18 0xf395c000
core   0: 0x80001df8 (0x03cdc633) div     a2, s11, t3
core   0: 3 0x80001df8 (0x03cdc633) x12 0x00000003
core   0: 0x80001dfc (0x023a4cb3) div     s9, s4, gp
core   0: 3 0x80001dfc (0x023a4cb3) x25 0x00000000
core   0: 0x80001e00 (0x00d45b13) srli    s6, s0, 13
core   0: 3 0x80001e00 (0x00d45b13) x22 0x00000000
core   0: 0x80001e04 (0x00546fb3) or      t6, s0, t0
core   0: 3 0x80001e04 (0x00546fb3) x31 0x00000000
core   0: 0x80001e08 (0x774d2393) slti    t2, s10, 1908
core   0: 3 0x80001e08 (0x774d2393) x 7 0x00000001
core   0: 0x80001e0c (0x031e45b3) div     a1, t3, a7
core   0: 3 0x80001e0c (0x031e45b3) x11 0xffffffff
core   0: 0x80001e10 (0x01eb80b3) add     ra, s7, t5
core   0: 3 0x80001e10 (0x01eb80b3) x 1 0x00000000
core   0: 0x80001e14 (0x025f5133) divu    sp, t5, t0
core   0: 3 0x80001e14 (0x025f5133) x 2 0xffffffff
core   0: 0x80001e18 (0x01e1f6b3) and     a3, gp, t5
core   0: 3 0x80001e18 (0x01e1f6b3) x13 0x00000000
core   0: 0x80001e1c (0x29e8ee93) ori     t4, a7, 670
core   0: 3 0x80001e1c (0x29e8ee93) x29 0x0000029e
core   0: 0x80001e20 (0x01b3c533) xor     a0, t2, s11
core   0: 3 0x80001e20 (0x01b3c533) x10 0x00000006
core   0: 0x80001e24 (0x01d3da13) srli    s4, t2, 29
core   0: 3 0x80001e24 (0x01d3da13) x20 0x00000000
core   0: 0x80001e28 (0x00f8aeb3) slt     t4, a7, a5
core   0: 3 0x80001e28 (0x00f8aeb3) x29 0x00000000
core   0: 0x80001e2c (0x0197ed33) or      s10, a5, s9
core   0: 3 0x80001e2c (0x0197ed33) x26 0x00000000
core   0: 0x80001e30 (0xad416593) ori     a1, sp, -1324
core   0: 3 0x80001e30 (0xad416593) x11 0xffffffff
core   0: 0x80001e34 (0x02633bb3) mulhu   s7, t1, t1
core   0: 3 0x80001e34 (0x02633bb3) x23 0x00000000
core   0: 0x80001e38 (0x031f0eb3) mul     t4, t5, a7
core   0: 3 0x80001e38 (0x031f0eb3) x29 0x00000000
core   0: 0x80001e3c (0x409c5c33) sra     s8, s8, s1
core   0: 3 0x80001e3c (0x409c5c33) x24 0xf540c3a1
core   0: 0x80001e40 (0x01400cb3) add     s9, zero, s4
core   0: 3 0x80001e40 (0x01400cb3) x25 0x00000000
core   0: 0x80001e44 (0x2ba4b917) auipc   s2, 0x2ba4b
core   0: 3 0x80001e44 (0x2ba4b917) x18 0xaba4ce44
core   0: 0x80001e48 (0x41a85433) sra     s0, a6, s10
core   0: 3 0x80001e48 (0x41a85433) x 8 0x80014e64
core   0: 0x80001e4c (0x02fe0eb3) mul     t4, t3, a5
core   0: 3 0x80001e4c (0x02fe0eb3) x29 0x00000000
core   0: 0x80001e50 (0x40af5eb3) sra     t4, t5, a0
core   0: 3 0x80001e50 (0x40af5eb3) x29 0x00000000
core   0: 0x80001e54 (0x473f3237) lui     tp, 0x473f3
core   0: 3 0x80001e54 (0x473f3237) x 4 0x473f3000
core   0: 0x80001e58 (0x41c25b33) sra     s6, tp, t3
core   0: 3 0x80001e58 (0x41c25b33) x22 0x11cfcc00
core   0: 0x80001e5c (0x845cb093) sltiu   ra, s9, -1979
core   0: 3 0x80001e5c (0x845cb093) x 1 0x00000001
core   0: 0x80001e60 (0x034a3bb3) mulhu   s7, s4, s4
core   0: 3 0x80001e60 (0x034a3bb3) x23 0x00000000
core   0: 0x80001e64 (0x00000013) nop
core   0: 3 0x80001e64 (0x00000013)
core   0: 0x80001e68 (0x005ae8b3) or      a7, s5, t0
core   0: 3 0x80001e68 (0x005ae8b3) x17 0x00000000
core   0: 0x80001e6c (0x0349cbb3) div     s7, s3, s4
core   0: 3 0x80001e6c (0x0349cbb3) x23 0xffffffff
core   0: 0x80001e70 (0x00000013) nop
core   0: 3 0x80001e70 (0x00000013)
core   0: 0x80001e74 (0x0137b2b3) sltu    t0, a5, s3
core   0: 3 0x80001e74 (0x0137b2b3) x 5 0x00000001
core   0: 0x80001e78 (0x021e7a33) remu    s4, t3, ra
core   0: 3 0x80001e78 (0x021e7a33) x20 0x00000000
core   0: 0x80001e7c (0x03998033) mul     zero, s3, s9
core   0: 3 0x80001e7c (0x03998033)
core   0: 0x80001e80 (0x79b418b7) lui     a7, 0x79b41
core   0: 3 0x80001e80 (0x79b418b7) x17 0x79b41000
core   0: 0x80001e84 (0x007157b3) srl     a5, sp, t2
core   0: 3 0x80001e84 (0x007157b3) x15 0x7fffffff
core   0: 0x80001e88 (0x692a8213) addi    tp, s5, 1682
core   0: 3 0x80001e88 (0x692a8213) x 4 0x00000692
core   0: 0x80001e8c (0x01ff86b3) add     a3, t6, t6
core   0: 3 0x80001e8c (0x01ff86b3) x13 0x00000000
core   0: 0x80001e90 (0x02089433) mulh    s0, a7, zero
core   0: 3 0x80001e90 (0x02089433) x 8 0x00000000
core   0: 0x80001e94 (0x00ac4a33) xor     s4, s8, a0
core   0: 3 0x80001e94 (0x00ac4a33) x20 0xf540c3a7
core   0: 0x80001e98 (0x02e2b8b3) mulhu   a7, t0, a4
core   0: 3 0x80001e98 (0x02e2b8b3) x17 0x00000000
core   0: 0x80001e9c (0x00000013) nop
core   0: 3 0x80001e9c (0x00000013)
core   0: 0x80001ea0 (0x034a8c33) mul     s8, s5, s4
core   0: 3 0x80001ea0 (0x034a8c33) x24 0x00000000
core   0: 0x80001ea4 (0x038c1633) mulh    a2, s8, s8
core   0: 3 0x80001ea4 (0x038c1633) x12 0x00000000
core   0: 0x80001ea8 (0xc401e313) ori     t1, gp, -960
core   0: 3 0x80001ea8 (0xc401e313) x 6 0xfffffe5f
core   0: 0x80001eac (0x014bc033) xor     zero, s7, s4
core   0: 3 0x80001eac (0x014bc033)
core   0: 0x80001eb0 (0x007e11b3) sll     gp, t3, t2
core   0: 3 0x80001eb0 (0x007e11b3) x 3 0x00000004
core   0: 0x80001eb4 (0x0126b9b3) sltu    s3, a3, s2
core   0: 3 0x80001eb4 (0x0126b9b3) x19 0x00000001
core   0: 0x80001eb8 (0x9545bd17) auipc   s10, 0x9545b
core   0: 3 0x80001eb8 (0x9545bd17) x26 0x1545ceb8
core   0: 0x80001ebc (0x8f9ac013) xori    zero, s5, -1799
core   0: 3 0x80001ebc (0x8f9ac013)
core   0: 0x80001ec0 (0x0023d493) srli    s1, t2, 2
core   0: 3 0x80001ec0 (0x0023d493) x 9 0x00000000
core   0: 0x80001ec4 (0x293bb893) sltiu   a7, s7, 659
core   0: 3 0x80001ec4 (0x293bb893) x17 0x00000000
core   0: 0x80001ec8 (0x1e435537) lui     a0, 0x1e435
core   0: 3 0x80001ec8 (0x1e435537) x10 0x1e435000
core   0: 0x80001ecc (0x006f7433) and     s0, t5, t1
core   0: 3 0x80001ecc (0x006f7433) x 8 0x00000000
core   0: 0x80001ed0 (0x2bca0513) addi    a0, s4, 700
core   0: 3 0x80001ed0 (0x2bca0513) x10 0xf540c663
core   0: 0x80001ed4 (0x03a9c7b3) div     a5, s3, s10
core   0: 3 0x80001ed4 (0x03a9c7b3) x15 0x00000000
core   0: 0x80001ed8 (0xd3846413) ori     s0, s0, -712
core   0: 3 0x80001ed8 (0xd3846413) x 8 0xfffffd38
core   0: 0x80001edc (0x02d940b3) div     ra, s2, a3
core   0: 3 0x80001edc (0x02d940b3) x 1 0xffffffff
core   0: 0x80001ee0 (0x01e02333) slt     t1, zero, t5
core   0: 3 0x80001ee0 (0x01e02333) x 6 0x00000000
core   0: 0x80001ee4 (0x00dcde13) srli    t3, s9, 13
core   0: 3 0x80001ee4 (0x00dcde13) x28 0x00000000
core   0: 0x80001ee8 (0xed3befb7) lui     t6, 0xed3be
core   0: 3 0x80001ee8 (0xed3befb7) x31 0xed3be000
core   0: 0x80001eec (0x02a5e4b3) rem     s1, a1, a0
core   0: 3 0x80001eec (0x02a5e4b3) x 9 0xffffffff
core   0: 0x80001ef0 (0x46a91897) auipc   a7, 0x46a91
core   0: 3 0x80001ef0 (0x46a91897) x17 0xc6a92ef0
core   0: 0x80001ef4 (0x40fdd8b3) sra     a7, s11, a5
core   0: 3 0x80001ef4 (0x40fdd8b3) x17 0x00000007
core   0: 0x80001ef8 (0x000ac933) xor     s2, s5, zero
core   0: 3 0x80001ef8 (0x000ac933) x18 0x00000000
core   0: 0x80001efc (0x01d04933) xor     s2, zero, t4
core   0: 3 0x80001efc (0x01d04933) x18 0x00000000
core   0: 0x80001f00 (0x0237db33) divu    s6, a5, gp
core   0: 3 0x80001f00 (0x0237db33) x22 0x00000000
core   0: 0x80001f04 (0x01a3d513) srli    a0, t2, 26
core   0: 3 0x80001f04 (0x01a3d513) x10 0x00000000
core   0: 0x80001f08 (0x021ae933) rem     s2, s5, ra
core   0: 3 0x80001f08 (0x021ae933) x18 0x00000000
core   0: 0x80001f0c (0x0143c5b3) xor     a1, t2, s4
core   0: 3 0x80001f0c (0x0143c5b3) x11 0xf540c3a6
core   0: 0x80001f10 (0x40775d33) sra     s10, a4, t2
core   0: 3 0x80001f10 (0x40775d33) x26 0xc000c672
core   0: 0x80001f14 (0xb85ce893) ori     a7, s9, -1147
core   0: 3 0x80001f14 (0xb85ce893) x17 0xfffffb85
core   0: 0x80001f18 (0x02b5ceb3) div     t4, a1, a1
core   0: 3 0x80001f18 (0x02b5ceb3) x29 0x00000001
core   0: 0x80001f1c (0x0236c6b3) div     a3, a3, gp
core   0: 3 0x80001f1c (0x0236c6b3) x13 0x00000000
core   0: 0x80001f20 (0x014ef8b3) and     a7, t4, s4
core   0: 3 0x80001f20 (0x014ef8b3) x17 0x00000001
core   0: 0x80001f24 (0xbc148b13) addi    s6, s1, -1087
core   0: 3 0x80001f24 (0xbc148b13) x22 0xfffffbc0
core   0: 0x80001f28 (0x01a01c93) slli    s9, zero, 26
core   0: 3 0x80001f28 (0x01a01c93) x25 0x00000000
core   0: 0x80001f2c (0x413d50b3) sra     ra, s10, s3
core   0: 3 0x80001f2c (0x413d50b3) x 1 0xe0006339
core   0: 0x80001f30 (0x01759d13) slli    s10, a1, 23
core   0: 3 0x80001f30 (0x01759d13) x26 0xd3000000
core   0: 0x80001f34 (0xbd3a4e93) xori    t4, s4, -1069
core   0: 3 0x80001f34 (0xbd3a4e93) x29 0x0abf3874
core   0: 0x80001f38 (0x006138b3) sltu    a7, sp, t1
core   0: 3 0x80001f38 (0x006138b3) x17 0x00000000
core   0: 0x80001f3c (0x556fcc93) xori    s9, t6, 1366
core   0: 3 0x80001f3c (0x556fcc93) x25 0xed3be556
core   0: 0x80001f40 (0x4ee94f13) xori    t5, s2, 1262
core   0: 3 0x80001f40 (0x4ee94f13) x30 0x000004ee
core   0: 0x80001f44 (0x021115b3) mulh    a1, sp, ra
core   0: 3 0x80001f44 (0x021115b3) x11 0x00000000
core   0: 0x80001f48 (0x00296533) or      a0, s2, sp
core   0: 3 0x80001f48 (0x00296533) x10 0xffffffff
core   0: 0x80001f4c (0x4d1de593) ori     a1, s11, 1233
core   0: 3 0x80001f4c (0x4d1de593) x11 0x000004d7
core   0: 0x80001f50 (0x00c921b3) slt     gp, s2, a2
core   0: 3 0x80001f50 (0x00c921b3) x 3 0x00000000
core   0: 0x80001f54 (0xbb750f93) addi    t6, a0, -1097
core   0: 3 0x80001f54 (0xbb750f93) x31 0xfffffbb6
core   0: 0x80001f58 (0x00871993) slli    s3, a4, 8
core   0: 3 0x80001f58 (0x00871993) x19 0x018ce400
core   0: 0x80001f5c (0x1008a613) slti    a2, a7, 256
core   0: 3 0x80001f5c (0x1008a613) x12 0x00000001
core   0: 0x80001f60 (0x2c99ae93) slti    t4, s3, 713
core   0: 3 0x80001f60 (0x2c99ae93) x29 0x00000000
core   0: 0x80001f64 (0x0347cf33) div     t5, a5, s4
core   0: 3 0x80001f64 (0x0347cf33) x30 0x00000000
core   0: 0x80001f68 (0x0f91a2b7) lui     t0, 0xf91a
core   0: 3 0x80001f68 (0x0f91a2b7) x 5 0x0f91a000
core   0: 0x80001f6c (0x411dd333) sra     t1, s11, a7
core   0: 3 0x80001f6c (0x411dd333) x 6 0x00000007
core   0: 0x80001f70 (0xb8c68c93) addi    s9, a3, -1140
core   0: 3 0x80001f70 (0xb8c68c93) x25 0xfffffb8c
core   0: 0x80001f74 (0x40c35313) srai    t1, t1, 12
core   0: 3 0x80001f74 (0x40c35313) x 6 0x00000000
core   0: 0x80001f78 (0x007f2633) slt     a2, t5, t2
core   0: 3 0x80001f78 (0x007f2633) x12 0x00000001
core   0: 0x80001f7c (0xb62d7e93) andi    t4, s10, -1182
core   0: 3 0x80001f7c (0xb62d7e93) x29 0xd3000000
core   0: 0x80001f80 (0x411000b3) sub     ra, zero, a7
core   0: 3 0x80001f80 (0x411000b3) x 1 0x00000000
core   0: 0x80001f84 (0x00000013) nop
core   0: 3 0x80001f84 (0x00000013)
core   0: 0x80001f88 (0x21a73fb7) lui     t6, 0x21a73
core   0: 3 0x80001f88 (0x21a73fb7) x31 0x21a73000
core   0: 0x80001f8c (0x0319dd33) divu    s10, s3, a7
core   0: 3 0x80001f8c (0x0319dd33) x26 0xffffffff
core   0: 0x80001f90 (0x03ccc8b3) div     a7, s9, t3
core   0: 3 0x80001f90 (0x03ccc8b3) x17 0xffffffff
core   0: 0x80001f94 (0x00000013) nop
core   0: 3 0x80001f94 (0x00000013)
core   0: 0x80001f98 (0x031065b3) rem     a1, zero, a7
core   0: 3 0x80001f98 (0x031065b3) x11 0x00000000
core   0: 0x80001f9c (0x93253613) sltiu   a2, a0, -1742
core   0: 3 0x80001f9c (0x93253613) x12 0x00000000
core   0: 0x80001fa0 (0x019f7ab3) and     s5, t5, s9
core   0: 3 0x80001fa0 (0x019f7ab3) x21 0x00000000
core   0: 0x80001fa4 (0xec2ce793) ori     a5, s9, -318
core   0: 3 0x80001fa4 (0xec2ce793) x15 0xffffffce
core   0: 0x80001fa8 (0x034ae4b3) rem     s1, s5, s4
core   0: 3 0x80001fa8 (0x034ae4b3) x 9 0x00000000
core   0: 0x80001fac (0x039e9c33) mulh    s8, t4, s9
core   0: 3 0x80001fac (0x039e9c33) x24 0x000000c8
core   0: 0x80001fb0 (0x03c68ab3) mul     s5, a3, t3
core   0: 3 0x80001fb0 (0x03c68ab3) x21 0x00000000
core   0: 0x80001fb4 (0x03a99333) mulh    t1, s3, s10
core   0: 3 0x80001fb4 (0x03a99333) x 6 0xffffffff
core   0: 0x80001fb8 (0x026c2f33) mulhsu  t5, s8, t1
core   0: 3 0x80001fb8 (0x026c2f33) x30 0x000000c7
core   0: 0x80001fbc (0x021a5933) divu    s2, s4, ra
core   0: 3 0x80001fbc (0x021a5933) x18 0xffffffff
core   0: 0x80001fc0 (0x2ae18393) addi    t2, gp, 686
core   0: 3 0x80001fc0 (0x2ae18393) x 7 0x000002ae
core   0: 0x80001fc4 (0x03da1433) mulh    s0, s4, t4
core   0: 3 0x80001fc4 (0x03da1433) x 8 0x01e39d9b
core   0: 0x80001fc8 (0xc9e24493) xori    s1, tp, -866
core   0: 3 0x80001fc8 (0xc9e24493) x 9 0xfffffa0c
core   0: 0x80001fcc (0x63b20913) addi    s2, tp, 1595
core   0: 3 0x80001fcc (0x63b20913) x18 0x00000ccd
core   0: 0x80001fd0 (0xbc44e893) ori     a7, s1, -1084
core   0: 3 0x80001fd0 (0xbc44e893) x17 0xfffffbcc
core   0: 0x80001fd4 (0x4012dc33) sra     s8, t0, ra
core   0: 3 0x80001fd4 (0x4012dc33) x24 0x0f91a000
core   0: 0x80001fd8 (0x8cfbfc13) andi    s8, s7, -1841
core   0: 3 0x80001fd8 (0x8cfbfc13) x24 0xfffff8cf
core   0: 0x80001fdc (0x00d40c33) add     s8, s0, a3
core   0: 3 0x80001fdc (0x00d40c33) x24 0x01e39d9b
core   0: 0x80001fe0 (0x3cf9d637) lui     a2, 0x3cf9d
core   0: 3 0x80001fe0 (0x3cf9d637) x12 0x3cf9d000
core   0: 0x80001fe4 (0x018b1213) slli    tp, s6, 24
core   0: 3 0x80001fe4 (0x018b1213) x 4 0xc0000000
core   0: 0x80001fe8 (0x00fcd433) srl     s0, s9, a5
core   0: 3 0x80001fe8 (0x00fcd433) x 8 0x0003ffff
core   0: 0x80001fec (0x03969eb3) mulh    t4, a3, s9
core   0: 3 0x80001fec (0x03969eb3) x29 0x00000000
core   0: 0x80001ff0 (0x00b61433) sll     s0, a2, a1
core   0: 3 0x80001ff0 (0x00b61433) x 8 0x3cf9d000
core   0: 0x80001ff4 (0x0205da33) divu    s4, a1, zero
core   0: 3 0x80001ff4 (0x0205da33) x20 0xffffffff
core   0: 0x80001ff8 (0x403401b3) sub     gp, s0, gp
core   0: 3 0x80001ff8 (0x403401b3) x 3 0x3cf9d000
core   0: 0x80001ffc (0x039ecd33) div     s10, t4, s9
core   0: 3 0x80001ffc (0x039ecd33) x26 0x00000000
core   0: 0x80002000 (0xbde93293) sltiu   t0, s2, -1058
core   0: 3 0x80002000 (0xbde93293) x 5 0x00000001
core   0: 0x80002004 (0xe99fae93) slti    t4, t6, -359
core   0: 3 0x80002004 (0xe99fae93) x29 0x00000000
core   0: 0x80002008 (0xa4f5f413) andi    s0, a1, -1457
core   0: 3 0x80002008 (0xa4f5f413) x 8 0x00000000
core   0: 0x8000200c (0x0187d413) srli    s0, a5, 24
core   0: 3 0x8000200c (0x0187d413) x 8 0x000000ff
core   0: 0x80002010 (0x003b5893) srli    a7, s6, 3
core   0: 3 0x80002010 (0x003b5893) x17 0x1fffff78
core   0: 0x80002014 (0x014d3d33) sltu    s10, s10, s4
core   0: 3 0x80002014 (0x014d3d33) x26 0x00000001
core   0: 0x80002018 (0x0162a7b3) slt     a5, t0, s6
core   0: 3 0x80002018 (0x0162a7b3) x15 0x00000000
core   0: 0x8000201c (0x70c73613) sltiu   a2, a4, 1804
core   0: 3 0x8000201c (0x70c73613) x12 0x00000000
core   0: 0x80002020 (0x004fb6b3) sltu    a3, t6, tp
core   0: 3 0x80002020 (0x004fb6b3) x13 0x00000001
core   0: 0x80002024 (0x00410bb3) add     s7, sp, tp
core   0: 3 0x80002024 (0x00410bb3) x23 0xbfffffff
core   0: 0x80002028 (0x01109613) slli    a2, ra, 17
core   0: 3 0x80002028 (0x01109613) x12 0x00000000
core   0: 0x8000202c (0x01609b13) slli    s6, ra, 22
core   0: 3 0x8000202c (0x01609b13) x22 0x00000000
core   0: 0x80002030 (0x5d92da17) auipc   s4, 0x5d92d
core   0: 3 0x80002030 (0x5d92da17) x20 0xdd92f030
core   0: 0x80002034 (0x01757533) and     a0, a0, s7
core   0: 3 0x80002034 (0x01757533) x10 0xbfffffff
core   0: 0x80002038 (0xa4246613) ori     a2, s0, -1470
core   0: 3 0x80002038 (0xa4246613) x12 0xfffffaff
core   0: 0x8000203c (0x416a5eb3) sra     t4, s4, s6
core   0: 3 0x8000203c (0x416a5eb3) x29 0xdd92f030
core   0: 0x80002040 (0x01c216b3) sll     a3, tp, t3
core   0: 3 0x80002040 (0x01c216b3) x13 0xc0000000
core   0: 0x80002044 (0x00000013) nop
core   0: 3 0x80002044 (0x00000013)
core   0: 0x80002048 (0x30bc3613) sltiu   a2, s8, 779
core   0: 3 0x80002048 (0x30bc3613) x12 0x00000000
core   0: 0x8000204c (0x5cec0e93) addi    t4, s8, 1486
core   0: 3 0x8000204c (0x5cec0e93) x29 0x01e3a369
core   0: 0x80002050 (0x026ae7b3) rem     a5, s5, t1
core   0: 3 0x80002050 (0x026ae7b3) x15 0x00000000
core   0: 0x80002054 (0x45d76797) auipc   a5, 0x45d76
core   0: 3 0x80002054 (0x45d76797) x15 0xc5d78054
core   0: 0x80002058 (0x3c8c8e13) addi    t3, s9, 968
core   0: 3 0x80002058 (0x3c8c8e13) x28 0xffffff54
core   0: 0x8000205c (0x011725b3) slt     a1, a4, a7
core   0: 3 0x8000205c (0x011725b3) x11 0x00000001
core   0: 0x80002060 (0x03dadfb3) divu    t6, s5, t4
core   0: 3 0x80002060 (0x03dadfb3) x31 0x00000000
core   0: 0x80002064 (0x01439613) slli    a2, t2, 20
core   0: 3 0x80002064 (0x01439613) x12 0x2ae00000
core   0: 0x80002068 (0xf8a71bb7) lui     s7, 0xf8a71
core   0: 3 0x80002068 (0xf8a71bb7) x23 0xf8a71000
core   0: 0x8000206c (0x034c71b3) remu    gp, s8, s4
core   0: 3 0x8000206c (0x034c71b3) x 3 0x01e39d9b
core   0: 0x80002070 (0x03c3c5b3) div     a1, t2, t3
core   0: 3 0x80002070 (0x03c3c5b3) x11 0xfffffffd
core   0: 0x80002074 (0x400d8fb3) sub     t6, s11, zero
core   0: 3 0x80002074 (0x400d8fb3) x31 0x00000007
core   0: 0x80002078 (0x00088933) add     s2, a7, zero
core   0: 3 0x80002078 (0x00088933) x18 0x1fffff78
core   0: 0x8000207c (0x2cfe2513) slti    a0, t3, 719
core   0: 3 0x8000207c (0x2cfe2513) x10 0x00000001
core   0: 0x80002080 (0x01ce9c93) slli    s9, t4, 28
core   0: 3 0x80002080 (0x01ce9c93) x25 0x90000000
core   0: 0x80002084 (0x018d03b3) add     t2, s10, s8
core   0: 3 0x80002084 (0x018d03b3) x 7 0x01e39d9c
core   0: 0x80002088 (0x0167d5b3) srl     a1, a5, s6
core   0: 3 0x80002088 (0x0167d5b3) x11 0xc5d78054
core   0: 0x8000208c (0x01472233) slt     tp, a4, s4
core   0: 3 0x8000208c (0x01472233) x 4 0x00000001
core   0: 0x80002090 (0x0084c1b3) xor     gp, s1, s0
core   0: 3 0x80002090 (0x0084c1b3) x 3 0xfffffaf3
core   0: 0x80002094 (0x010f6b33) or      s6, t5, a6
core   0: 3 0x80002094 (0x010f6b33) x22 0x80014ee7
core   0: 0x80002098 (0x0279a633) mulhsu  a2, s3, t2
core   0: 3 0x80002098 (0x0279a633) x12 0x0002edc6
core   0: 0x8000209c (0x0097ebb3) or      s7, a5, s1
core   0: 3 0x8000209c (0x0097ebb3) x23 0xfffffa5c
core   0: 0x800020a0 (0x03ced7b3) divu    a5, t4, t3
core   0: 3 0x800020a0 (0x03ced7b3) x15 0x00000000
core   0: 0x800020a4 (0x006096b3) sll     a3, ra, t1
core   0: 3 0x800020a4 (0x006096b3) x13 0x00000000
core   0: 0x800020a8 (0x0319f1b3) remu    gp, s3, a7
core   0: 3 0x800020a8 (0x0319f1b3) x 3 0x018ce400
core   0: 0x800020ac (0x414f87b3) sub     a5, t6, s4
core   0: 3 0x800020ac (0x414f87b3) x15 0x226d0fd7
core   0: 0x800020b0 (0x02773333) mulhu   t1, a4, t2
core   0: 3 0x800020b0 (0x02773333) x 6 0x00f1d1bb
core   0: 0x800020b4 (0x00f51f13) slli    t5, a0, 15
core   0: 3 0x800020b4 (0x00f51f13) x30 0x00008000
core   0: 0x800020b8 (0x0156f433) and     s0, a3, s5
core   0: 3 0x800020b8 (0x0156f433) x 8 0x00000000
core   0: 0x800020bc (0x036919b3) mulh    s3, s2, s6
core   0: 3 0x800020bc (0x036919b3) x19 0xf0002a20
core   0: 0x800020c0 (0x08547693) andi    a3, s0, 133
core   0: 3 0x800020c0 (0x08547693) x13 0x00000000
core   0: 0x800020c4 (0xbd7d4493) xori    s1, s10, -1065
core   0: 3 0x800020c4 (0xbd7d4493) x 9 0xfffffbd6
core   0: 0x800020c8 (0x0085ab33) slt     s6, a1, s0
core   0: 3 0x800020c8 (0x0085ab33) x22 0x00000001
core   0: 0x800020cc (0x01fb98b3) sll     a7, s7, t6
core   0: 3 0x800020cc (0x01fb98b3) x17 0xfffd2e00
core   0: 0x800020d0 (0x003d9e33) sll     t3, s11, gp
core   0: 3 0x800020d0 (0x003d9e33) x28 0x00000007
core   0: 0x800020d4 (0xb15d6193) ori     gp, s10, -1259
core   0: 3 0x800020d4 (0xb15d6193) x 3 0xfffffb15
core   0: 0x800020d8 (0x0397b433) mulhu   s0, a5, s9
core   0: 3 0x800020d8 (0x0397b433) x 8 0x135d58e8
core   0: 0x800020dc (0x03837d33) remu    s10, t1, s8
core   0: 3 0x800020dc (0x03837d33) x26 0x00f1d1bb
core   0: 0x800020e0 (0x038e9933) mulh    s2, t4, s8
core   0: 3 0x800020e0 (0x038e9933) x18 0x000391a7
core   0: 0x800020e4 (0x02e417b3) mulh    a5, s0, a4
core   0: 3 0x800020e4 (0x02e417b3) x15 0xf6517191
core   0: 0x800020e8 (0x0327d8b3) divu    a7, a5, s2
core   0: 3 0x800020e8 (0x0327d8b3) x17 0x00004504
core   0: 0x800020ec (0x01cf5493) srli    s1, t5, 28
core   0: 3 0x800020ec (0x01cf5493) x 9 0x00000000
core   0: 0x800020f0 (0x5a1f31b7) lui     gp, 0x5a1f3
core   0: 3 0x800020f0 (0x5a1f31b7) x 3 0x5a1f3000
core   0: 0x800020f4 (0x034becb3) rem     s9, s7, s4
core   0: 3 0x800020f4 (0x034becb3) x25 0xfffffa5c
core   0: 0x800020f8 (0x5c664e97) auipc   t4, 0x5c664
core   0: 3 0x800020f8 (0x5c664e97) x29 0xdc6660f8
core   0: 0x800020fc (0x021d6333) rem     t1, s10, ra
core   0: 3 0x800020fc (0x021d6333) x 6 0x00f1d1bb
core   0: 0x80002100 (0x03e3aeb3) mulhsu  t4, t2, t5
core   0: 3 0x80002100 (0x03e3aeb3) x29 0x000000f1
core   0: 0x80002104 (0xe34f8593) addi    a1, t6, -460
core   0: 3 0x80002104 (0xe34f8593) x11 0xfffffe3b
core   0: 0x80002108 (0x01b967b3) or      a5, s2, s11
core   0: 3 0x80002108 (0x01b967b3) x15 0x000391a7
core   0: 0x8000210c (0x02487a33) remu    s4, a6, tp
core   0: 3 0x8000210c (0x02487a33) x20 0x00000000
core   0: 0x80002110 (0x419fd1b3) sra     gp, t6, s9
core   0: 3 0x80002110 (0x419fd1b3) x 3 0x00000000
core   0: 0x80002114 (0x02f918b3) mulh    a7, s2, a5
core   0: 3 0x80002114 (0x02f918b3) x17 0x0000000c
core   0: 0x80002118 (0xc2ed4393) xori    t2, s10, -978
core   0: 3 0x80002118 (0xc2ed4393) x 7 0xff0e2d95
core   0: 0x8000211c (0x6ea7e793) ori     a5, a5, 1770
core   0: 3 0x8000211c (0x6ea7e793) x15 0x000397ef
core   0: 0x80002120 (0x02ab5933) divu    s2, s6, a0
core   0: 3 0x80002120 (0x02ab5933) x18 0x00000001
core   0: 0x80002124 (0x029acb33) div     s6, s5, s1
core   0: 3 0x80002124 (0x029acb33) x22 0xffffffff
core   0: 0x80002128 (0x00ae41b3) xor     gp, t3, a0
core   0: 3 0x80002128 (0x00ae41b3) x 3 0x00000006
core   0: 0x8000212c (0x404adb93) srai    s7, s5, 4
core   0: 3 0x8000212c (0x404adb93) x23 0x00000000
core   0: 0x80002130 (0x00d11d33) sll     s10, sp, a3
core   0: 3 0x80002130 (0x00d11d33) x26 0xffffffff
core   0: 0x80002134 (0x016f75b3) and     a1, t5, s6
core   0: 3 0x80002134 (0x016f75b3) x11 0x00008000
core   0: 0x80002138 (0x018d1793) slli    a5, s10, 24
core   0: 3 0x80002138 (0x018d1793) x15 0xff000000
core   0: 0x8000213c (0x5aa1e613) ori     a2, gp, 1450
core   0: 3 0x8000213c (0x5aa1e613) x12 0x000005ae
core   0: 0x80002140 (0x004aa9b3) slt     s3, s5, tp
core   0: 3 0x80002140 (0x004aa9b3) x19 0x00000001
core   0: 0x80002144 (0x2b054a93) xori    s5, a0, 688
core   0: 3 0x80002144 (0x2b054a93) x21 0x000002b1
core   0: 0x80002148 (0x02ac4bb3) div     s7, s8, a0
core   0: 3 0x80002148 (0x02ac4bb3) x23 0x01e39d9b
core   0: 0x8000214c (0x020469b3) rem     s3, s0, zero
core   0: 3 0x8000214c (0x020469b3) x19 0x135d58e8
core   0: 0x80002150 (0xd8179317) auipc   t1, 0xd8179
core   0: 3 0x80002150 (0xd8179317) x 6 0x5817b150
core   0: 0x80002154 (0x2d6a3b13) sltiu   s6, s4, 726
core   0: 3 0x80002154 (0x2d6a3b13) x22 0x00000001
core   0: 0x80002158 (0x0145da13) srli    s4, a1, 20
core   0: 3 0x80002158 (0x0145da13) x20 0x00000000
core   0: 0x8000215c (0x01b95933) srl     s2, s2, s11
core   0: 3 0x8000215c (0x01b95933) x18 0x00000000
core   0: 0x80002160 (0xbf5dbb13) sltiu   s6, s11, -1035
core   0: 3 0x80002160 (0xbf5dbb13) x22 0x00000001
core   0: 0x80002164 (0x0169c8b3) xor     a7, s3, s6
core   0: 3 0x80002164 (0x0169c8b3) x17 0x135d58e9
core   0: 0x80002168 (0x019e9033) sll     zero, t4, s9
core   0: 3 0x80002168 (0x019e9033)
core   0: 0x8000216c (0x018924b3) slt     s1, s2, s8
core   0: 3 0x8000216c (0x018924b3) x 9 0x00000001
core   0: 0x80002170 (0x004fea33) or      s4, t6, tp
core   0: 3 0x80002170 (0x004fea33) x20 0x00000007
core   0: 0x80002174 (0x41620fb3) sub     t6, tp, s6
core   0: 3 0x80002174 (0x41620fb3) x31 0x00000000
core   0: 0x80002178 (0x0344d633) divu    a2, s1, s4
core   0: 3 0x80002178 (0x0344d633) x12 0x00000000
core   0: 0x8000217c (0x005a1913) slli    s2, s4, 5
core   0: 3 0x8000217c (0x005a1913) x18 0x000000e0
core   0: 0x80002180 (0x02541a33) mulh    s4, s0, t0
core   0: 3 0x80002180 (0x02541a33) x20 0x00000000
core   0: 0x80002184 (0x408385b3) sub     a1, t2, s0
core   0: 3 0x80002184 (0x408385b3) x11 0xebb0d4ad
core   0: 0x80002188 (0x0311a433) mulhsu  s0, gp, a7
core   0: 3 0x80002188 (0x0311a433) x 8 0x00000000
core   0: 0x8000218c (0x00101993) slli    s3, zero, 1
core   0: 3 0x8000218c (0x00101993) x19 0x00000000
core   0: 0x80002190 (0xfb54c097) auipc   ra, 0xfb54c
core   0: 3 0x80002190 (0xfb54c097) x 1 0x7b54e190
core   0: 0x80002194 (0x0240c0b3) div     ra, ra, tp
core   0: 3 0x80002194 (0x0240c0b3) x 1 0x7b54e190
core   0: 0x80002198 (0x02befb33) remu    s6, t4, a1
core   0: 3 0x80002198 (0x02befb33) x22 0x000000f1
core   0: 0x8000219c (0x03410533) mul     a0, sp, s4
core   0: 3 0x8000219c (0x03410533) x10 0x00000000
core   0: 0x800021a0 (0x00dc6033) or      zero, s8, a3
core   0: 3 0x800021a0 (0x00dc6033)
core   0: 0x800021a4 (0x03ae0cb3) mul     s9, t3, s10
core   0: 3 0x800021a4 (0x03ae0cb3) x25 0xfffffff9
core   0: 0x800021a8 (0x03dfc333) div     t1, t6, t4
core   0: 3 0x800021a8 (0x03dfc333) x 6 0x00000000
core   0: 0x800021ac (0xaa0cf913) andi    s2, s9, -1376
core   0: 3 0x800021ac (0xaa0cf913) x18 0xfffffaa0
core   0: 0x800021b0 (0x0180b6b3) sltu    a3, ra, s8
core   0: 3 0x800021b0 (0x0180b6b3) x13 0x00000000
core   0: 0x800021b4 (0x4056ad13) slti    s10, a3, 1029
core   0: 3 0x800021b4 (0x4056ad13) x26 0x00000001
core   0: 0x800021b8 (0x0368ceb3) div     t4, a7, s6
core   0: 3 0x800021b8 (0x0368ceb3) x29 0x001491e5
core   0: 0x800021bc (0x02d055b3) divu    a1, zero, a3
core   0: 3 0x800021bc (0x02d055b3) x11 0xffffffff
core   0: 0x800021c0 (0x029df233) remu    tp, s11, s1
core   0: 3 0x800021c0 (0x029df233) x 4 0x00000000
core   0: 0x800021c4 (0xc2a6c493) xori    s1, a3, -982
core   0: 3 0x800021c4 (0xc2a6c493) x 9 0xfffffc2a
core   0: 0x800021c8 (0x6175b613) sltiu   a2, a1, 1559
core   0: 3 0x800021c8 (0x6175b613) x12 0x00000000
core   0: 0x800021cc (0xe0244937) lui     s2, 0xe0244
core   0: 3 0x800021cc (0xe0244937) x18 0xe0244000
core   0: 0x800021d0 (0x034125b3) mulhsu  a1, sp, s4
core   0: 3 0x800021d0 (0x034125b3) x11 0x00000000
core   0: 0x800021d4 (0x410784b3) sub     s1, a5, a6
core   0: 3 0x800021d4 (0x410784b3) x 9 0x7efeb19c
core   0: 0x800021d8 (0x009cb5b3) sltu    a1, s9, s1
core   0: 3 0x800021d8 (0x009cb5b3) x11 0x00000000
core   0: 0x800021dc (0x01f8ac33) slt     s8, a7, t6
core   0: 3 0x800021dc (0x01f8ac33) x24 0x00000000
core   0: 0x800021e0 (0x0104f5b3) and     a1, s1, a6
core   0: 3 0x800021e0 (0x0104f5b3) x11 0x00000004
core   0: 0x800021e4 (0xa7107993) andi    s3, zero, -1423
core   0: 3 0x800021e4 (0xa7107993) x19 0x00000000
core   0: 0x800021e8 (0x714d4993) xori    s3, s10, 1812
core   0: 3 0x800021e8 (0x714d4993) x19 0x00000715
core   0: 0x800021ec (0x41177193) andi    gp, a4, 1041
core   0: 3 0x800021ec (0x41177193) x 3 0x00000400
core   0: 0x800021f0 (0x01531893) slli    a7, t1, 21
core   0: 3 0x800021f0 (0x01531893) x17 0x00000000
core   0: 0x800021f4 (0x1b7fef37) lui     t5, 0x1b7fe
core   0: 3 0x800021f4 (0x1b7fef37) x30 0x1b7fe000
core   0: 0x800021f8 (0x009d1413) slli    s0, s10, 9
core   0: 3 0x800021f8 (0x009d1413) x 8 0x00000200
core   0: 0x800021fc (0x03abe133) rem     sp, s7, s10
core   0: 3 0x800021fc (0x03abe133) x 2 0x00000000
core   0: 0x80002200 (0x018607b3) add     a5, a2, s8
core   0: 3 0x80002200 (0x018607b3) x15 0x00000000
core   0: 0x80002204 (0x00419c13) slli    s8, gp, 4
core   0: 3 0x80002204 (0x00419c13) x24 0x00004000
core   0: 0x80002208 (0x17458317) auipc   t1, 0x17458
core   0: 3 0x80002208 (0x17458317) x 6 0x9745a208
core   0: 0x8000220c (0x03504433) div     s0, zero, s5
core   0: 3 0x8000220c (0x03504433) x 8 0x00000000
core   0: 0x80002210 (0x03cfab33) mulhsu  s6, t6, t3
core   0: 3 0x80002210 (0x03cfab33) x22 0x00000000
core   0: 0x80002214 (0x01eda2b3) slt     t0, s11, t5
core   0: 3 0x80002214 (0x01eda2b3) x 5 0x00000001
core   0: 0x80002218 (0x00a61eb3) sll     t4, a2, a0
core   0: 3 0x80002218 (0x00a61eb3) x29 0x00000000
core   0: 0x8000221c (0x03b2ebb3) rem     s7, t0, s11
core   0: 3 0x8000221c (0x03b2ebb3) x23 0x00000001
core   0: 0x80002220 (0xbd454e93) xori    t4, a0, -1068
core   0: 3 0x80002220 (0xbd454e93) x29 0xfffffbd4
core   0: 0x80002224 (0x01cdda93) srli    s5, s11, 28
core   0: 3 0x80002224 (0x01cdda93) x21 0x00000000
core   0: 0x80002228 (0x9201b613) sltiu   a2, gp, -1760
core   0: 3 0x80002228 (0x9201b613) x12 0x00000001
core   0: 0x8000222c (0x01bd9b93) slli    s7, s11, 27
core   0: 3 0x8000222c (0x01bd9b93) x23 0x38000000
core   0: 0x80002230 (0x00de9b13) slli    s6, t4, 13
core   0: 3 0x80002230 (0x00de9b13) x22 0xff7a8000
core   0: 0x80002234 (0x419f81b3) sub     gp, t6, s9
core   0: 3 0x80002234 (0x419f81b3) x 3 0x00000007
core   0: 0x80002238 (0x3096aa13) slti    s4, a3, 777
core   0: 3 0x80002238 (0x3096aa13) x20 0x00000001
core   0: 0x8000223c (0x00099c13) slli    s8, s3, 0
core   0: 3 0x8000223c (0x00099c13) x24 0x00000715
core   0: 0x80002240 (0x005858b3) srl     a7, a6, t0
core   0: 3 0x80002240 (0x005858b3) x17 0x4000a732
core   0: 0x80002244 (0x00526933) or      s2, tp, t0
core   0: 3 0x80002244 (0x00526933) x18 0x00000001
core   0: 0x80002248 (0x03533233) mulhu   tp, t1, s5
core   0: 3 0x80002248 (0x03533233) x 4 0x00000000
core   0: 0x8000224c (0xe15e2893) slti    a7, t3, -491
core   0: 3 0x8000224c (0xe15e2893) x17 0x00000000
core   0: 0x80002250 (0x0117cf33) xor     t5, a5, a7
core   0: 3 0x80002250 (0x0117cf33) x30 0x00000000
core   0: 0x80002254 (0x1a51e413) ori     s0, gp, 421
core   0: 3 0x80002254 (0x1a51e413) x 8 0x000001a7
core   0: 0x80002258 (0x40605d13) srai    s10, zero, 6
core   0: 3 0x80002258 (0x40605d13) x26 0x00000000
core   0: 0x8000225c (0x00000013) nop
core   0: 3 0x8000225c (0x00000013)
core   0: 0x80002260 (0x00b47033) and     zero, s0, a1
core   0: 3 0x80002260 (0x00b47033)
core   0: 0x80002264 (0x02f07fb3) remu    t6, zero, a5
core   0: 3 0x80002264 (0x02f07fb3) x31 0x00000000
core   0: 0x80002268 (0x8e97b193) sltiu   gp, a5, -1815
core   0: 3 0x80002268 (0x8e97b193) x 3 0x00000001
core   0: 0x8000226c (0xced4af93) slti    t6, s1, -787
core   0: 3 0x8000226c (0xced4af93) x31 0x00000000
core   0: 0x80002270 (0x022c96b3) mulh    a3, s9, sp
core   0: 3 0x80002270 (0x022c96b3) x13 0x00000000
core   0: 0x80002274 (0x0247a8b3) mulhsu  a7, a5, tp
core   0: 3 0x80002274 (0x0247a8b3) x17 0x00000000
core   0: 0x80002278 (0xb66e5317) auipc   t1, 0xb66e5
core   0: 3 0x80002278 (0xb66e5317) x 6 0x366e7278
core   0: 0x8000227c (0x00a4d5b3) srl     a1, s1, a0
core   0: 3 0x8000227c (0x00a4d5b3) x11 0x7efeb19c
core   0: 0x80002280 (0x02aa7bb3) remu    s7, s4, a0
core   0: 3 0x80002280 (0x02aa7bb3) x23 0x00000001
core   0: 0x80002284 (0x021cf4b3) remu    s1, s9, ra
core   0: 3 0x80002284 (0x021cf4b3) x 9 0x09563cd9
core   0: 0x80002288 (0x036a3bb3) mulhu   s7, s4, s6
core   0: 3 0x80002288 (0x036a3bb3) x23 0x00000000
core   0: 0x8000228c (0x41d0d1b3) sra     gp, ra, t4
core   0: 3 0x8000228c (0x41d0d1b3) x 3 0x000007b5
core   0: 0x80002290 (0x01736bb3) or      s7, t1, s7
core   0: 3 0x80002290 (0x01736bb3) x23 0x366e7278
core   0: 0x80002294 (0xb6d4e893) ori     a7, s1, -1171
core   0: 3 0x80002294 (0xb6d4e893) x17 0xfffffffd
core   0: 0x80002298 (0x41bf0533) sub     a0, t5, s11
core   0: 3 0x80002298 (0x41bf0533) x10 0xfffffff9
core   0: 0x8000229c (0x0094c033) xor     zero, s1, s1
core   0: 3 0x8000229c (0x0094c033)
core   0: 0x800022a0 (0x0371a9b3) mulhsu  s3, gp, s7
core   0: 3 0x800022a0 (0x0371a9b3) x19 0x000001a3
core   0: 0x800022a4 (0x018a94b3) sll     s1, s5, s8
core   0: 3 0x800022a4 (0x018a94b3) x 9 0x00000000
core   0: 0x800022a8 (0xe4c87513) andi    a0, a6, -436
core   0: 3 0x800022a8 (0xe4c87513) x10 0x80014e44
core   0: 0x800022ac (0x03245a33) divu    s4, s0, s2
core   0: 3 0x800022ac (0x03245a33) x20 0x000001a7
core   0: 0x800022b0 (0x010b1033) sll     zero, s6, a6
core   0: 3 0x800022b0 (0x010b1033)
core   0: 0x800022b4 (0x005f1eb3) sll     t4, t5, t0
core   0: 3 0x800022b4 (0x005f1eb3) x29 0x00000000
core   0: 0x800022b8 (0x024440b3) div     ra, s0, tp
core   0: 3 0x800022b8 (0x024440b3) x 1 0xffffffff
core   0: 0x800022bc (0x7700c637) lui     a2, 0x7700c
core   0: 3 0x800022bc (0x7700c637) x12 0x7700c000
core   0: 0x800022c0 (0x8905ab13) slti    s6, a1, -1904
core   0: 3 0x800022c0 (0x8905ab13) x22 0x00000000
core   0: 0x800022c4 (0x95445a17) auipc   s4, 0x95445
core   0: 3 0x800022c4 (0x95445a17) x20 0x154472c4
core   0: 0x800022c8 (0x692e3797) auipc   a5, 0x692e3
core   0: 3 0x800022c8 (0x692e3797) x15 0xe92e52c8
core   0: 0x800022cc (0x009892b3) sll     t0, a7, s1
core   0: 3 0x800022cc (0x009892b3) x 5 0xfffffffd
core   0: 0x800022d0 (0x023364b3) rem     s1, t1, gp
core   0: 3 0x800022d0 (0x023364b3) x 9 0x000003a4
core   0: 0x800022d4 (0x812a3793) sltiu   a5, s4, -2030
core   0: 3 0x800022d4 (0x812a3793) x15 0x00000001
core   0: 0x800022d8 (0x01cec3b3) xor     t2, t4, t3
core   0: 3 0x800022d8 (0x01cec3b3) x 7 0x00000007
core   0: 0x800022dc (0x02d138b3) mulhu   a7, sp, a3
core   0: 3 0x800022dc (0x02d138b3) x17 0x00000000
core   0: 0x800022e0 (0x5fffaf17) auipc   t5, 0x5fffa
core   0: 3 0x800022e0 (0x5fffaf17) x30 0xdfffc2e0
core   0: 0x800022e4 (0x00d511b3) sll     gp, a0, a3
core   0: 3 0x800022e4 (0x00d511b3) x 3 0x80014e44
core   0: 0x800022e8 (0x405108b3) sub     a7, sp, t0
core   0: 3 0x800022e8 (0x405108b3) x17 0x00000003
core   0: 0x800022ec (0x012c4a33) xor     s4, s8, s2
core   0: 3 0x800022ec (0x012c4a33) x20 0x00000714
core   0: 0x800022f0 (0x00e248b3) xor     a7, tp, a4
core   0: 3 0x800022f0 (0x00e248b3) x17 0x80018ce4
core   0: 0x800022f4 (0x01de1933) sll     s2, t3, t4
core   0: 3 0x800022f4 (0x01de1933) x18 0x00000007
core   0: 0x800022f8 (0x4017de13) srai    t3, a5, 1
core   0: 3 0x800022f8 (0x4017de13) x28 0x00000000
core   0: 0x800022fc (0x009b61b3) or      gp, s6, s1
core   0: 3 0x800022fc (0x009b61b3) x 3 0x000003a4
core   0: 0x80002300 (0x83c10513) addi    a0, sp, -1988
core   0: 3 0x80002300 (0x83c10513) x10 0xfffff83c
core   0: 0x80002304 (0x0305d8b3) divu    a7, a1, a6
core   0: 3 0x80002304 (0x0305d8b3) x17 0x00000000
core   0: 0x80002308 (0x002cdab3) srl     s5, s9, sp
core   0: 3 0x80002308 (0x002cdab3) x21 0xfffffff9
core   0: 0x8000230c (0x03f6b133) mulhu   sp, a3, t6
core   0: 3 0x8000230c (0x03f6b133) x 2 0x00000000
core   0: 0x80002310 (0xce054b13) xori    s6, a0, -800
core   0: 3 0x80002310 (0xce054b13) x22 0x000004dc
core   0: 0x80002314 (0x01a65213) srli    tp, a2, 26
core   0: 3 0x80002314 (0x01a65213) x 4 0x0000001d
core   0: 0x80002318 (0xac1e8413) addi    s0, t4, -1343
core   0: 3 0x80002318 (0xac1e8413) x 8 0xfffffac1
core   0: 0x8000231c (0x415c5893) srai    a7, s8, 21
core   0: 3 0x8000231c (0x415c5893) x17 0x00000000
core   0: 0x80002320 (0x001d9433) sll     s0, s11, ra
core   0: 3 0x80002320 (0x001d9433) x 8 0x80000000
core   0: 0x80002324 (0xa4544693) xori    a3, s0, -1467
core   0: 3 0x80002324 (0xa4544693) x13 0x7ffffa45
core   0: 0x80002328 (0x61b67e13) andi    t3, a2, 1563
core   0: 3 0x80002328 (0x61b67e13) x28 0x00000000
core   0: 0x8000232c (0x017b5a33) srl     s4, s6, s7
core   0: 3 0x8000232c (0x017b5a33) x20 0x00000000
core   0: 0x80002330 (0x01eb95b3) sll     a1, s7, t5
core   0: 3 0x80002330 (0x01eb95b3) x11 0x366e7278
core   0: 0x80002334 (0x922e7513) andi    a0, t3, -1758
core   0: 3 0x80002334 (0x922e7513) x10 0x00000000
core   0: 0x80002338 (0x419dd2b3) sra     t0, s11, s9
core   0: 3 0x80002338 (0x419dd2b3) x 5 0x00000000
core   0: 0x8000233c (0x0354f2b3) remu    t0, s1, s5
core   0: 3 0x8000233c (0x0354f2b3) x 5 0x000003a4
core   0: 0x80002340 (0x03784ab3) div     s5, a6, s7
core   0: 3 0x80002340 (0x03784ab3) x21 0xfffffffe
core   0: 0x80002344 (0x0157b0b3) sltu    ra, a5, s5
core   0: 3 0x80002344 (0x0157b0b3) x 1 0x00000001
core   0: 0x80002348 (0x00000013) nop
core   0: 3 0x80002348 (0x00000013)
core   0: 0x8000234c (0x0148bb33) sltu    s6, a7, s4
core   0: 3 0x8000234c (0x0148bb33) x22 0x00000000
core   0: 0x80002350 (0xcec5a993) slti    s3, a1, -788
core   0: 3 0x80002350 (0xcec5a993) x19 0x00000000
core   0: 0x80002354 (0xf09cb913) sltiu   s2, s9, -247
core   0: 3 0x80002354 (0xf09cb913) x18 0x00000000
core   0: 0x80002358 (0x00a83c33) sltu    s8, a6, a0
core   0: 3 0x80002358 (0x00a83c33) x24 0x00000000
core   0: 0x8000235c (0x48524297) auipc   t0, 0x48524
core   0: 3 0x8000235c (0x48524297) x 5 0xc852635c
core   0: 0x80002360 (0x00431333) sll     t1, t1, tp
core   0: 3 0x80002360 (0x00431333) x 6 0x00000000
core   0: 0x80002364 (0xfdcf8237) lui     tp, 0xfdcf8
core   0: 3 0x80002364 (0xfdcf8237) x 4 0xfdcf8000
core   0: 0x80002368 (0x00000013) nop
core   0: 3 0x80002368 (0x00000013)
core   0: 0x8000236c (0x017a29b3) slt     s3, s4, s7
core   0: 3 0x8000236c (0x017a29b3) x19 0x00000001
core   0: 0x80002370 (0x0376d2b3) divu    t0, a3, s7
core   0: 3 0x80002370 (0x0376d2b3) x 5 0x00000002
core   0: 0x80002374 (0x00d0c9b3) xor     s3, ra, a3
core   0: 3 0x80002374 (0x00d0c9b3) x19 0x7ffffa44
core   0: 0x80002378 (0x0285c633) div     a2, a1, s0
core   0: 3 0x80002378 (0x0285c633) x12 0x00000000
core   0: 0x8000237c (0x015c3f33) sltu    t5, s8, s5
core   0: 3 0x8000237c (0x015c3f33) x30 0x00000001
core   0: 0x80002380 (0x001d8eb3) add     t4, s11, ra
core   0: 3 0x80002380 (0x001d8eb3) x29 0x00000008
core   0: 0x80002384 (0x40555113) srai    sp, a0, 5
core   0: 3 0x80002384 (0x40555113) x 2 0x00000000
core   0: 0x80002388 (0x1535da17) auipc   s4, 0x1535d
core   0: 3 0x80002388 (0x1535da17) x20 0x9535f388
core   0: 0x8000238c (0x0346db33) divu    s6, a3, s4
core   0: 3 0x8000238c (0x0346db33) x22 0x00000000
core   0: 0x80002390 (0x01ee5b93) srli    s7, t3, 30
core   0: 3 0x80002390 (0x01ee5b93) x23 0x00000000
core   0: 0x80002394 (0x01b30533) add     a0, t1, s11
core   0: 3 0x80002394 (0x01b30533) x10 0x00000007
core   0: 0x80002398 (0x0308b7b3) mulhu   a5, a7, a6
core   0: 3 0x80002398 (0x0308b7b3) x15 0x00000000
core   0: 0x8000239c (0x031bfa33) remu    s4, s7, a7
core   0: 3 0x8000239c (0x031bfa33) x20 0x00000000
core   0: 0x800023a0 (0xe5b48013) addi    zero, s1, -421
core   0: 3 0x800023a0 (0xe5b48013)
core   0: 0x800023a4 (0x00000013) nop
core   0: 3 0x800023a4 (0x00000013)
core   0: 0x800023a8 (0x03c428b3) mulhsu  a7, s0, t3
core   0: 3 0x800023a8 (0x03c428b3) x17 0x00000000
core   0: 0x800023ac (0x029242b3) div     t0, tp, s1
core   0: 3 0x800023ac (0x029242b3) x 5 0xffff660b
core   0: 0x800023b0 (0x009324b3) slt     s1, t1, s1
core   0: 3 0x800023b0 (0x009324b3) x 9 0x00000001
core   0: 0x800023b4 (0x0223ad33) mulhsu  s10, t2, sp
core   0: 3 0x800023b4 (0x0223ad33) x26 0x00000000
core   0: 0x800023b8 (0x038cc8b3) div     a7, s9, s8
core   0: 3 0x800023b8 (0x038cc8b3) x17 0xffffffff
core   0: 0x800023bc (0x40e95c33) sra     s8, s2, a4
core   0: 3 0x800023bc (0x40e95c33) x24 0x00000000
core   0: 0x800023c0 (0x4093d213) srai    tp, t2, 9
core   0: 3 0x800023c0 (0x4093d213) x 4 0x00000000
core   0: 0x800023c4 (0x01a030b3) snez    ra, s10
core   0: 3 0x800023c4 (0x01a030b3) x 1 0x00000000
core   0: 0x800023c8 (0x022d14b3) mulh    s1, s10, sp
core   0: 3 0x800023c8 (0x022d14b3) x 9 0x00000000
core   0: 0x800023cc (0x01d41d33) sll     s10, s0, t4
core   0: 3 0x800023cc (0x01d41d33) x26 0x00000000
core   0: 0x800023d0 (0x007a33b3) sltu    t2, s4, t2
core   0: 3 0x800023d0 (0x007a33b3) x 7 0x00000001
core   0: 0x800023d4 (0x01299793) slli    a5, s3, 18
core   0: 3 0x800023d4 (0x01299793) x15 0xe9100000
core   0: 0x800023d8 (0x40798533) sub     a0, s3, t2
core   0: 3 0x800023d8 (0x40798533) x10 0x7ffffa43
core   0: 0x800023dc (0x01b187b3) add     a5, gp, s11
core   0: 3 0x800023dc (0x01b187b3) x15 0x000003ab
core   0: 0x800023e0 (0xf6960113) addi    sp, a2, -151
core   0: 3 0x800023e0 (0xf6960113) x 2 0xffffff69
core   0: 0x800023e4 (0x026d01b3) mul     gp, s10, t1
core   0: 3 0x800023e4 (0x026d01b3) x 3 0x00000000
core   0: 0x800023e8 (0x00f7fa17) auipc   s4, 0xf7f
core   0: 3 0x800023e8 (0x00f7fa17) x20 0x80f813e8
core   0: 0x800023ec (0x0130ba33) sltu    s4, ra, s3
core   0: 3 0x800023ec (0x0130ba33) x20 0x00000001
core   0: 0x800023f0 (0x02f09d33) mulh    s10, ra, a5
core   0: 3 0x800023f0 (0x02f09d33) x26 0x00000000
core   0: 0x800023f4 (0x0098c8b3) xor     a7, a7, s1
core   0: 3 0x800023f4 (0x0098c8b3) x17 0xffffffff
core   0: 0x800023f8 (0x035d6fb3) rem     t6, s10, s5
core   0: 3 0x800023f8 (0x035d6fb3) x31 0x00000000
core   0: 0x800023fc (0x403b85b3) sub     a1, s7, gp
core   0: 3 0x800023fc (0x403b85b3) x11 0x00000000
core   0: 0x80002400 (0x00bd1413) slli    s0, s10, 11
core   0: 3 0x80002400 (0x00bd1413) x 8 0x00000000
core   0: 0x80002404 (0x16480113) addi    sp, a6, 356
core   0: 3 0x80002404 (0x16480113) x 2 0x80014fc8
core   0: 0x80002408 (0x00000013) nop
core   0: 3 0x80002408 (0x00000013)
core   0: 0x8000240c (0x01961c93) slli    s9, a2, 25
core   0: 3 0x8000240c (0x01961c93) x25 0x00000000
core   0: 0x80002410 (0x4303f917) auipc   s2, 0x4303f
core   0: 3 0x80002410 (0x4303f917) x18 0xc3041410
core   0: 0x80002414 (0x00209893) slli    a7, ra, 2
core   0: 3 0x80002414 (0x00209893) x17 0x00000000
core   0: 0x80002418 (0x008617b3) sll     a5, a2, s0
core   0: 3 0x80002418 (0x008617b3) x15 0x00000000
core   0: 0x8000241c (0x55a90093) addi    ra, s2, 1370
core   0: 3 0x8000241c (0x55a90093) x 1 0xc304196a
core   0: 0x80002420 (0x02450933) mul     s2, a0, tp
core   0: 3 0x80002420 (0x02450933) x18 0x00000000
core   0: 0x80002424 (0x40b2d193) srai    gp, t0, 11
core   0: 3 0x80002424 (0x40b2d193) x 3 0xffffffec
core   0: 0x80002428 (0x416102b3) sub     t0, sp, s6
core   0: 3 0x80002428 (0x416102b3) x 5 0x80014fc8
core   0: 0x8000242c (0x0357d533) divu    a0, a5, s5
core   0: 3 0x8000242c (0x0357d533) x10 0x00000000
core   0: 0x80002430 (0x03ab04b3) mul     s1, s6, s10
core   0: 3 0x80002430 (0x03ab04b3) x 9 0x00000000
core   0: 0x80002434 (0x8270de37) lui     t3, 0x8270d
core   0: 3 0x80002434 (0x8270de37) x28 0x8270d000
core   0: 0x80002438 (0x03aeabb3) mulhsu  s7, t4, s10
core   0: 3 0x80002438 (0x03aeabb3) x23 0x00000000
core   0: 0x8000243c (0x014efe33) and     t3, t4, s4
core   0: 3 0x8000243c (0x014efe33) x28 0x00000000
core   0: 0x80002440 (0x021bf7b3) remu    a5, s7, ra
core   0: 3 0x80002440 (0x021bf7b3) x15 0x00000000
core   0: 0x80002444 (0x002e17b3) sll     a5, t3, sp
core   0: 3 0x80002444 (0x002e17b3) x15 0x00000000
core   0: 0x80002448 (0x02f591b3) mulh    gp, a1, a5
core   0: 3 0x80002448 (0x02f591b3) x 3 0x00000000
core   0: 0x8000244c (0x03a37133) remu    sp, t1, s10
core   0: 3 0x8000244c (0x03a37133) x 2 0x00000000
core   0: 0x80002450 (0x93b22e13) slti    t3, tp, -1733
core   0: 3 0x80002450 (0x93b22e13) x28 0x00000000
core   0: 0x80002454 (0x038ab233) mulhu   tp, s5, s8
core   0: 3 0x80002454 (0x038ab233) x 4 0x00000000
core   0: 0x80002458 (0x00191c93) slli    s9, s2, 1
core   0: 3 0x80002458 (0x00191c93) x25 0x00000000
core   0: 0x8000245c (0x01d4d6b3) srl     a3, s1, t4
core   0: 3 0x8000245c (0x01d4d6b3) x13 0x00000000
core   0: 0x80002460 (0x71440913) addi    s2, s0, 1812
core   0: 3 0x80002460 (0x71440913) x18 0x00000714
core   0: 0x80002464 (0x8e25ce93) xori    t4, a1, -1822
core   0: 3 0x80002464 (0x8e25ce93) x29 0xfffff8e2
core   0: 0x80002468 (0x4193d413) srai    s0, t2, 25
core   0: 3 0x80002468 (0x4193d413) x 8 0x00000000
core   0: 0x8000246c (0x0257abb3) mulhsu  s7, a5, t0
core   0: 3 0x8000246c (0x0257abb3) x23 0x00000000
core   0: 0x80002470 (0x01259393) slli    t2, a1, 18
core   0: 3 0x80002470 (0x01259393) x 7 0x00000000
core   0: 0x80002474 (0x00f91f33) sll     t5, s2, a5
core   0: 3 0x80002474 (0x00f91f33) x30 0x00000714
core   0: 0x80002478 (0x02dc3333) mulhu   t1, s8, a3
core   0: 3 0x80002478 (0x02dc3333) x 6 0x00000000
core   0: 0x8000247c (0x271a3613) sltiu   a2, s4, 625
core   0: 3 0x8000247c (0x271a3613) x12 0x00000001
core   0: 0x80002480 (0xb813b513) sltiu   a0, t2, -1151
core   0: 3 0x80002480 (0xb813b513) x10 0x00000001
core   0: 0x80002484 (0xca460c13) addi    s8, a2, -860
core   0: 3 0x80002484 (0xca460c13) x24 0xfffffca5
core   0: 0x80002488 (0x02c78e33) mul     t3, a5, a2
core   0: 3 0x80002488 (0x02c78e33) x28 0x00000000
core   0: 0x8000248c (0x01105e93) srli    t4, zero, 17
core   0: 3 0x8000248c (0x01105e93) x29 0x00000000
core   0: 0x80002490 (0xf7b3d017) auipc   zero, 0xf7b3d
core   0: 3 0x80002490 (0xf7b3d017)
core   0: 0x80002494 (0x013a2033) slt     zero, s4, s3
core   0: 3 0x80002494 (0x013a2033)
core   0: 0x80002498 (0xb0deb513) sltiu   a0, t4, -1267
core   0: 3 0x80002498 (0xb0deb513) x10 0x00000001
core   0: 0x8000249c (0x02646bb3) rem     s7, s0, t1
core   0: 3 0x8000249c (0x02646bb3) x23 0x00000000
core   0: 0x800024a0 (0x03107533) remu    a0, zero, a7
core   0: 3 0x800024a0 (0x03107533) x10 0x00000000
core   0: 0x800024a4 (0xb4ba0237) lui     tp, 0xb4ba0
core   0: 3 0x800024a4 (0xb4ba0237) x 4 0xb4ba0000
core   0: 0x800024a8 (0x5d73c893) xori    a7, t2, 1495
core   0: 3 0x800024a8 (0x5d73c893) x17 0x000005d7
core   0: 0x800024ac (0x000a5633) srl     a2, s4, zero
core   0: 3 0x800024ac (0x000a5633) x12 0x00000001
core   0: 0x800024b0 (0x00f307b3) add     a5, t1, a5
core   0: 3 0x800024b0 (0x00f307b3) x15 0x00000000
core   0: 0x800024b4 (0x037fb6b3) mulhu   a3, t6, s7
core   0: 3 0x800024b4 (0x037fb6b3) x13 0x00000000
core   0: 0x800024b8 (0x00b2b433) sltu    s0, t0, a1
core   0: 3 0x800024b8 (0x00b2b433) x 8 0x00000000
core   0: 0x800024bc (0x00d915b3) sll     a1, s2, a3
core   0: 3 0x800024bc (0x00d915b3) x11 0x00000714
core   0: 0x800024c0 (0xec504193) xori    gp, zero, -315
core   0: 3 0x800024c0 (0xec504193) x 3 0xfffffec5
core   0: 0x800024c4 (0xe7de2537) lui     a0, 0xe7de2
core   0: 3 0x800024c4 (0xe7de2537) x10 0xe7de2000
core   0: 0x800024c8 (0xee404793) xori    a5, zero, -284
core   0: 3 0x800024c8 (0xee404793) x15 0xfffffee4
core   0: 0x800024cc (0x01c104b3) add     s1, sp, t3
core   0: 3 0x800024cc (0x01c104b3) x 9 0x00000000
core   0: 0x800024d0 (0x16b7bf93) sltiu   t6, a5, 363
core   0: 3 0x800024d0 (0x16b7bf93) x31 0x00000000
core   0: 0x800024d4 (0x01a99d13) slli    s10, s3, 26
core   0: 3 0x800024d4 (0x01a99d13) x26 0x10000000
core   0: 0x800024d8 (0x000cee33) or      t3, s9, zero
core   0: 3 0x800024d8 (0x000cee33) x28 0x00000000
core   0: 0x800024dc (0x41e25593) srai    a1, tp, 30
core   0: 3 0x800024dc (0x41e25593) x11 0xfffffffe
core   0: 0x800024e0 (0x40578133) sub     sp, a5, t0
core   0: 3 0x800024e0 (0x40578133) x 2 0x7ffeaf1c
core   0: 0x800024e4 (0x40a98fb3) sub     t6, s3, a0
core   0: 3 0x800024e4 (0x40a98fb3) x31 0x9821da44
core   0: 0x800024e8 (0x00146eb3) or      t4, s0, ra
core   0: 3 0x800024e8 (0x00146eb3) x29 0xc304196a
core   0: 0x800024ec (0x4083d593) srai    a1, t2, 8
core   0: 3 0x800024ec (0x4083d593) x11 0x00000000
core   0: 0x800024f0 (0x0118f3b3) and     t2, a7, a7
core   0: 3 0x800024f0 (0x0118f3b3) x 7 0x000005d7
core   0: 0x800024f4 (0x03f80433) mul     s0, a6, t6
core   0: 3 0x800024f4 (0x03f80433) x 8 0x97fdfa90
core   0: 0x800024f8 (0x026b9fb3) mulh    t6, s7, t1
core   0: 3 0x800024f8 (0x026b9fb3) x31 0x00000000
core   0: 0x800024fc (0x01d31293) slli    t0, t1, 29
core   0: 3 0x800024fc (0x01d31293) x 5 0x00000000
core   0: 0x80002500 (0x00f6e433) or      s0, a3, a5
core   0: 3 0x80002500 (0x00f6e433) x 8 0xfffffee4
core   0: 0x80002504 (0x41785a93) srai    s5, a6, 23
core   0: 3 0x80002504 (0x41785a93) x21 0xffffff00
core   0: 0x80002508 (0x02285eb3) divu    t4, a6, sp
core   0: 3 0x80002508 (0x02285eb3) x29 0x00000001
core   0: 0x8000250c (0x41de8333) sub     t1, t4, t4
core   0: 3 0x8000250c (0x41de8333) x 6 0x00000000
core   0: 0x80002510 (0x020c8b33) mul     s6, s9, zero
core   0: 3 0x80002510 (0x020c8b33) x22 0x00000000
core   0: 0x80002514 (0x01f72c33) slt     s8, a4, t6
core   0: 3 0x80002514 (0x01f72c33) x24 0x00000001
core   0: 0x80002518 (0xca91d1b7) lui     gp, 0xca91d
core   0: 3 0x80002518 (0xca91d1b7) x 3 0xca91d000
core   0: 0x8000251c (0x012996b3) sll     a3, s3, s2
core   0: 3 0x8000251c (0x012996b3) x13 0xa4400000
core   0: 0x80002520 (0xd2abb093) sltiu   ra, s7, -726
core   0: 3 0x80002520 (0xd2abb093) x 1 0x00000001
core   0: 0x80002524 (0x022a4633) div     a2, s4, sp
core   0: 3 0x80002524 (0x022a4633) x12 0x00000000
core   0: 0x80002528 (0x03c7e0b3) rem     ra, a5, t3
core   0: 3 0x80002528 (0x03c7e0b3) x 1 0xfffffee4
core   0: 0x8000252c (0x40f5d7b3) sra     a5, a1, a5
core   0: 3 0x8000252c (0x40f5d7b3) x15 0x00000000
core   0: 0x80002530 (0x03d532b3) mulhu   t0, a0, t4
core   0: 3 0x80002530 (0x03d532b3) x 5 0x00000000
core   0: 0x80002534 (0x02557cb3) remu    s9, a0, t0
core   0: 3 0x80002534 (0x02557cb3) x25 0xe7de2000
core   0: 0x80002538 (0x4183da13) srai    s4, t2, 24
core   0: 3 0x80002538 (0x4183da13) x20 0x00000000
core   0: 0x8000253c (0x0353f133) remu    sp, t2, s5
core   0: 3 0x8000253c (0x0353f133) x 2 0x000005d7
core   0: 0x80002540 (0x008642b3) xor     t0, a2, s0
core   0: 3 0x80002540 (0x008642b3) x 5 0xfffffee4
core   0: 0x80002544 (0x01612233) slt     tp, sp, s6
core   0: 3 0x80002544 (0x01612233) x 4 0x00000000
core   0: 0x80002548 (0x01e3ca33) xor     s4, t2, t5
core   0: 3 0x80002548 (0x01e3ca33) x20 0x000002c3
core   0: 0x8000254c (0x009d0a33) add     s4, s10, s1
core   0: 3 0x8000254c (0x009d0a33) x20 0x10000000
core   0: 0x80002550 (0x00ee3e33) sltu    t3, t3, a4
core   0: 3 0x80002550 (0x00ee3e33) x28 0x00000001
core   0: 0x80002554 (0x8d602697) auipc   a3, 0x8d602
core   0: 3 0x80002554 (0x8d602697) x13 0x0d604554
core   0: 0x80002558 (0xcffbdcb7) lui     s9, 0xcffbd
core   0: 3 0x80002558 (0xcffbdcb7) x25 0xcffbd000
core   0: 0x8000255c (0x01c85133) srl     sp, a6, t3
core   0: 3 0x8000255c (0x01c85133) x 2 0x4000a732
core   0: 0x80002560 (0x03714933) div     s2, sp, s7
core   0: 3 0x80002560 (0x03714933) x18 0xffffffff
core   0: 0x80002564 (0x0122dfb3) srl     t6, t0, s2
core   0: 3 0x80002564 (0x0122dfb3) x31 0x00000001
core   0: 0x80002568 (0x0bf8f197) auipc   gp, 0xbf8f
core   0: 3 0x80002568 (0x0bf8f197) x 3 0x8bf91568
core   0: 0x8000256c (0x0343a4b3) mulhsu  s1, t2, s4
core   0: 3 0x8000256c (0x0343a4b3) x 9 0x0000005d
core   0: 0x80002570 (0x03dd1933) mulh    s2, s10, t4
core   0: 3 0x80002570 (0x03dd1933) x18 0x00000000
core   0: 0x80002574 (0x014f5493) srli    s1, t5, 20
core   0: 3 0x80002574 (0x014f5493) x 9 0x00000000
core   0: 0x80002578 (0x96042593) slti    a1, s0, -1696
core   0: 3 0x80002578 (0x96042593) x11 0x00000000
core   0: 0x8000257c (0x41355133) sra     sp, a0, s3
core   0: 3 0x8000257c (0x41355133) x 2 0xfe7de200
core   0: 0x80002580 (0xe55a4c13) xori    s8, s4, -427
core   0: 3 0x80002580 (0xe55a4c13) x24 0xeffffe55
core   0: 0x80002584 (0x0342f6b3) remu    a3, t0, s4
core   0: 3 0x80002584 (0x0342f6b3) x13 0x0ffffee4
core   0: 0x80002588 (0x02b5afb3) mulhsu  t6, a1, a1
core   0: 3 0x80002588 (0x02b5afb3) x31 0x00000000
core   0: 0x8000258c (0x70f12d37) lui     s10, 0x70f12
core   0: 3 0x8000258c (0x70f12d37) x26 0x70f12000
core   0: 0x80002590 (0x031e4c33) div     s8, t3, a7
core   0: 3 0x80002590 (0x031e4c33) x24 0x00000000
core   0: 0x80002594 (0x4097d693) srai    a3, a5, 9
core   0: 3 0x80002594 (0x4097d693) x13 0x00000000
core   0: 0x80002598 (0x00269c93) slli    s9, a3, 2
core   0: 3 0x80002598 (0x00269c93) x25 0x00000000
core   0: 0x8000259c (0x0041b033) sltu    zero, gp, tp
core   0: 3 0x8000259c (0x0041b033)
core   0: 0x800025a0 (0x006be8b3) or      a7, s7, t1
core   0: 3 0x800025a0 (0x006be8b3) x17 0x00000000
core   0: 0x800025a4 (0x406a0cb3) sub     s9, s4, t1
core   0: 3 0x800025a4 (0x406a0cb3) x25 0x10000000
core   0: 0x800025a8 (0x008f92b3) sll     t0, t6, s0
core   0: 3 0x800025a8 (0x008f92b3) x 5 0x00000000
core   0: 0x800025ac (0x0225e533) rem     a0, a1, sp
core   0: 3 0x800025ac (0x0225e533) x10 0x00000000
core   0: 0x800025b0 (0x01da7313) andi    t1, s4, 29
core   0: 3 0x800025b0 (0x01da7313) x 6 0x00000000
core   0: 0x800025b4 (0x02bbb3b3) mulhu   t2, s7, a1
core   0: 3 0x800025b4 (0x02bbb3b3) x 7 0x00000000
core   0: 0x800025b8 (0x01c45093) srli    ra, s0, 28
core   0: 3 0x800025b8 (0x01c45093) x 1 0x0000000f
core   0: 0x800025bc (0x03a294b3) mulh    s1, t0, s10
core   0: 3 0x800025bc (0x03a294b3) x 9 0x00000000
core   0: 0x800025c0 (0x004bf5b3) and     a1, s7, tp
core   0: 3 0x800025c0 (0x004bf5b3) x11 0x00000000
core   0: 0x800025c4 (0x009db333) sltu    t1, s11, s1
core   0: 3 0x800025c4 (0x009db333) x 6 0x00000000
core   0: 0x800025c8 (0x017969b3) or      s3, s2, s7
core   0: 3 0x800025c8 (0x017969b3) x19 0x00000000
core   0: 0x800025cc (0x0387aa33) mulhsu  s4, a5, s8
core   0: 3 0x800025cc (0x0387aa33) x20 0x00000000
core   0: 0x800025d0 (0x02038ab3) mul     s5, t2, zero
core   0: 3 0x800025d0 (0x02038ab3) x21 0x00000000
core   0: 0x800025d4 (0x403c5c93) srai    s9, s8, 3
core   0: 3 0x800025d4 (0x403c5c93) x25 0x00000000
core   0: 0x800025d8 (0x411852b3) sra     t0, a6, a7
core   0: 3 0x800025d8 (0x411852b3) x 5 0x80014e64
core   0: 0x800025dc (0xb5cd8993) addi    s3, s11, -1188
core   0: 3 0x800025dc (0xb5cd8993) x19 0xfffffb63
core   0: 0x800025e0 (0x03755033) divu    zero, a0, s7
core   0: 3 0x800025e0 (0x03755033)
core   0: 0x800025e4 (0x01e90bb3) add     s7, s2, t5
core   0: 3 0x800025e4 (0x01e90bb3) x23 0x00000714
core   0: 0x800025e8 (0x00ded4b3) srl     s1, t4, a3
core   0: 3 0x800025e8 (0x00ded4b3) x 9 0x00000001
core   0: 0x800025ec (0x02389933) mulh    s2, a7, gp
core   0: 3 0x800025ec (0x02389933) x18 0x00000000
core   0: 0x800025f0 (0x00000013) nop
core   0: 3 0x800025f0 (0x00000013)
core   0: 0x800025f4 (0x01ab3fb3) sltu    t6, s6, s10
core   0: 3 0x800025f4 (0x01ab3fb3) x31 0x00000001
core   0: 0x800025f8 (0x652b0893) addi    a7, s6, 1618
core   0: 3 0x800025f8 (0x652b0893) x17 0x00000652
core   0: 0x800025fc (0x00000013) nop
core   0: 3 0x800025fc (0x00000013)
core   0: 0x80002600 (0x00624433) xor     s0, tp, t1
core   0: 3 0x80002600 (0x00624433) x 8 0x00000000
core   0: 0x80002604 (0x000b4033) xor     zero, s6, zero
core   0: 3 0x80002604 (0x000b4033)
core   0: 0x80002608 (0x00f71cb3) sll     s9, a4, a5
core   0: 3 0x80002608 (0x00f71cb3) x25 0x80018ce4
core   0: 0x8000260c (0x03ea28b3) mulhsu  a7, s4, t5
core   0: 3 0x8000260c (0x03ea28b3) x17 0x00000000
core   0: 0x80002610 (0x016b5893) srli    a7, s6, 22
core   0: 3 0x80002610 (0x016b5893) x17 0x00000000
core   0: 0x80002614 (0x039b66b3) rem     a3, s6, s9
core   0: 3 0x80002614 (0x039b66b3) x13 0x00000000
core   0: 0x80002618 (0x46c72b13) slti    s6, a4, 1132
core   0: 3 0x80002618 (0x46c72b13) x22 0x00000001
core   0: 0x8000261c (0x651e6d17) auipc   s10, 0x651e6
core   0: 3 0x8000261c (0x651e6d17) x26 0xe51e861c
core   0: 0x80002620 (0x1b75ea93) ori     s5, a1, 439
core   0: 3 0x80002620 (0x1b75ea93) x21 0x000001b7
core   0: 0x80002624 (0xf33ddc37) lui     s8, 0xf33dd
core   0: 3 0x80002624 (0xf33ddc37) x24 0xf33dd000
core   0: 0x80002628 (0x41b65793) srai    a5, a2, 27
core   0: 3 0x80002628 (0x41b65793) x15 0x00000000
core   0: 0x8000262c (0x0267b933) mulhu   s2, a5, t1
core   0: 3 0x8000262c (0x0267b933) x18 0x00000000
core   0: 0x80002630 (0x00a0f9b3) and     s3, ra, a0
core   0: 3 0x80002630 (0x00a0f9b3) x19 0x00000000
core   0: 0x80002634 (0xc5d14693) xori    a3, sp, -931
core   0: 3 0x80002634 (0xc5d14693) x13 0x01821e5d
core   0: 0x80002638 (0x01aa9ab3) sll     s5, s5, s10
core   0: 3 0x80002638 (0x01aa9ab3) x21 0x70000000
core   0: 0x8000263c (0x00fdcc33) xor     s8, s11, a5
core   0: 3 0x8000263c (0x00fdcc33) x24 0x00000007
core   0: 0x80002640 (0x00c32933) slt     s2, t1, a2
core   0: 3 0x80002640 (0x00c32933) x18 0x00000000
core   0: 0x80002644 (0xa5df2013) slti    zero, t5, -1443
core   0: 3 0x80002644 (0xa5df2013)
core   0: 0x80002648 (0x41935b33) sra     s6, t1, s9
core   0: 3 0x80002648 (0x41935b33) x22 0x00000000
core   0: 0x8000264c (0x0097d5b3) srl     a1, a5, s1
core   0: 3 0x8000264c (0x0097d5b3) x11 0x00000000
core   0: 0x80002650 (0x0121de93) srli    t4, gp, 18
core   0: 3 0x80002650 (0x0121de93) x29 0x000022fe
core   0: 0x80002654 (0x03b06a33) rem     s4, zero, s11
core   0: 3 0x80002654 (0x03b06a33) x20 0x00000000
core   0: 0x80002658 (0x40a188b3) sub     a7, gp, a0
core   0: 3 0x80002658 (0x40a188b3) x17 0x8bf91568
core   0: 0x8000265c (0x008497b3) sll     a5, s1, s0
core   0: 3 0x8000265c (0x008497b3) x15 0x00000001
core   0: 0x80002660 (0x007fa2b3) slt     t0, t6, t2
core   0: 3 0x80002660 (0x007fa2b3) x 5 0x00000000
core   0: 0x80002664 (0x00000013) nop
core   0: 3 0x80002664 (0x00000013)
core   0: 0x80002668 (0x01e3a7b3) slt     a5, t2, t5
core   0: 3 0x80002668 (0x01e3a7b3) x15 0x00000001
core   0: 0x8000266c (0x91bd7a93) andi    s5, s10, -1765
core   0: 3 0x8000266c (0x91bd7a93) x21 0xe51e8018
core   0: 0x80002670 (0x4186dc33) sra     s8, a3, s8
core   0: 3 0x80002670 (0x4186dc33) x24 0x0003043c
core   0: 0x80002674 (0x4c1bbe93) sltiu   t4, s7, 1217
core   0: 3 0x80002674 (0x4c1bbe93) x29 0x00000000
core   0: 0x80002678 (0x35df1c37) lui     s8, 0x35df1
core   0: 3 0x80002678 (0x35df1c37) x24 0x35df1000
core   0: 0x8000267c (0xf68e7a93) andi    s5, t3, -152
core   0: 3 0x8000267c (0xf68e7a93) x21 0x00000000
core   0: 0x80002680 (0x02dc5fb3) divu    t6, s8, a3
core   0: 3 0x80002680 (0x02dc5fb3) x31 0x00000023
core   0: 0x80002684 (0x42ec8913) addi    s2, s9, 1070
core   0: 3 0x80002684 (0x42ec8913) x18 0x80019112
core   0: 0x80002688 (0x38317113) andi    sp, sp, 899
core   0: 3 0x80002688 (0x38317113) x 2 0x00000200
core   0: 0x8000268c (0x036e3433) mulhu   s0, t3, s6
core   0: 3 0x8000268c (0x036e3433) x 8 0x00000000
core   0: 0x80002690 (0x1beb7013) andi    zero, s6, 446
core   0: 3 0x80002690 (0x1beb7013)
core   0: 0x80002694 (0x4475ba13) sltiu   s4, a1, 1095
core   0: 3 0x80002694 (0x4475ba13) x20 0x00000001
core   0: 0x80002698 (0x006ed013) srli    zero, t4, 6
core   0: 3 0x80002698 (0x006ed013)
core   0: 0x8000269c (0xcddef393) andi    t2, t4, -803
core   0: 3 0x8000269c (0xcddef393) x 7 0x00000000
core   0: 0x800026a0 (0xfcb5c793) xori    a5, a1, -53
core   0: 3 0x800026a0 (0xfcb5c793) x15 0xffffffcb
core   0: 0x800026a4 (0x8c271697) auipc   a3, 0x8c271
core   0: 3 0x800026a4 (0x8c271697) x13 0x0c2736a4
core   0: 0x800026a8 (0x40bbc1b7) lui     gp, 0x40bbc
core   0: 3 0x800026a8 (0x40bbc1b7) x 3 0x40bbc000
core   0: 0x800026ac (0x85f43113) sltiu   sp, s0, -1953
core   0: 3 0x800026ac (0x85f43113) x 2 0x00000001
core   0: 0x800026b0 (0x02fe5a33) divu    s4, t3, a5
core   0: 3 0x800026b0 (0x02fe5a33) x20 0x00000000
core   0: 0x800026b4 (0x026102b3) mul     t0, sp, t1
core   0: 3 0x800026b4 (0x026102b3) x 5 0x00000000
core   0: 0x800026b8 (0xc82e6313) ori     t1, t3, -894
core   0: 3 0x800026b8 (0xc82e6313) x 6 0xfffffc83
core   0: 0x800026bc (0x6f550e13) addi    t3, a0, 1781
core   0: 3 0x800026bc (0x6f550e13) x28 0x000006f5
core   0: 0x800026c0 (0x03c02ab3) mulhsu  s5, zero, t3
core   0: 3 0x800026c0 (0x03c02ab3) x21 0x00000000
core   0: 0x800026c4 (0x00fb15b3) sll     a1, s6, a5
core   0: 3 0x800026c4 (0x00fb15b3) x11 0x00000000
core   0: 0x800026c8 (0x02b9e233) rem     tp, s3, a1
core   0: 3 0x800026c8 (0x02b9e233) x 4 0x00000000
core   0: 0x800026cc (0x7cc46b37) lui     s6, 0x7cc46
core   0: 3 0x800026cc (0x7cc46b37) x22 0x7cc46000
core   0: 0x800026d0 (0x066bc0b7) lui     ra, 0x66bc
core   0: 3 0x800026d0 (0x066bc0b7) x 1 0x066bc000
core   0: 0x800026d4 (0x0090db13) srli    s6, ra, 9
core   0: 3 0x800026d4 (0x0090db13) x22 0x000335e0
core   0: 0x800026d8 (0x00cf9d13) slli    s10, t6, 12
core   0: 3 0x800026d8 (0x00cf9d13) x26 0x00023000
core   0: 0x800026dc (0x00095533) srl     a0, s2, zero
core   0: 3 0x800026dc (0x00095533) x10 0x80019112
core   0: 0x800026e0 (0x0157f233) and     tp, a5, s5
core   0: 3 0x800026e0 (0x0157f233) x 4 0x00000000
core   0: 0x800026e4 (0x02679fb3) mulh    t6, a5, t1
core   0: 3 0x800026e4 (0x02679fb3) x31 0x00000000
core   0: 0x800026e8 (0x00e7dab3) srl     s5, a5, a4
core   0: 3 0x800026e8 (0x00e7dab3) x21 0x0ffffffc
core   0: 0x800026ec (0x0ec89ab7) lui     s5, 0xec89
core   0: 3 0x800026ec (0x0ec89ab7) x21 0x0ec89000
core   0: 0x800026f0 (0x018d8933) add     s2, s11, s8
core   0: 3 0x800026f0 (0x018d8933) x18 0x35df1007
core   0: 0x800026f4 (0x60c6c9b7) lui     s3, 0x60c6c
core   0: 3 0x800026f4 (0x60c6c9b7) x19 0x60c6c000
core   0: 0x800026f8 (0x024495b3) mulh    a1, s1, tp
core   0: 3 0x800026f8 (0x024495b3) x11 0x00000000
core   0: 0x800026fc (0x011d60b3) or      ra, s10, a7
core   0: 3 0x800026fc (0x011d60b3) x 1 0x8bfb3568
core   0: 0x80002700 (0x01146b33) or      s6, s0, a7
core   0: 3 0x80002700 (0x01146b33) x22 0x8bf91568
core   0: 0x80002704 (0x008ce633) or      a2, s9, s0
core   0: 3 0x80002704 (0x008ce633) x12 0x80018ce4
core   0: 0x80002708 (0x01bb9633) sll     a2, s7, s11
core   0: 3 0x80002708 (0x01bb9633) x12 0x00038a00
core   0: 0x8000270c (0x4141d4b3) sra     s1, gp, s4
core   0: 3 0x8000270c (0x4141d4b3) x 9 0x40bbc000
core   0: 0x80002710 (0x00eda333) slt     t1, s11, a4
core   0: 3 0x80002710 (0x00eda333) x 6 0x00000000
core   0: 0x80002714 (0x02cb5a33) divu    s4, s6, a2
core   0: 3 0x80002714 (0x02cb5a33) x20 0x0000278d
core   0: 0x80002718 (0x6e360113) addi    sp, a2, 1763
core   0: 3 0x80002718 (0x6e360113) x 2 0x000390e3
core   0: 0x8000271c (0x01ce1e33) sll     t3, t3, t3
core   0: 3 0x8000271c (0x01ce1e33) x28 0xdea00000
core   0: 0x80002720 (0x0316d133) divu    sp, a3, a7
core   0: 3 0x80002720 (0x0316d133) x 2 0x00000000
core   0: 0x80002724 (0x01412f33) slt     t5, sp, s4
core   0: 3 0x80002724 (0x01412f33) x30 0x00000001
core   0: 0x80002728 (0x01419d33) sll     s10, gp, s4
core   0: 3 0x80002728 (0x01419d33) x26 0x78000000
core   0: 0x8000272c (0xe8233793) sltiu   a5, t1, -382
core   0: 3 0x8000272c (0xe8233793) x15 0x00000001
core   0: 0x80002730 (0x025271b3) remu    gp, tp, t0
core   0: 3 0x80002730 (0x025271b3) x 3 0x00000000
core   0: 0x80002734 (0x269beb13) ori     s6, s7, 617
core   0: 3 0x80002734 (0x269beb13) x22 0x0000077d
core   0: 0x80002738 (0x41040133) sub     sp, s0, a6
core   0: 3 0x80002738 (0x41040133) x 2 0x7ffeb19c
core   0: 0x8000273c (0x006b6633) or      a2, s6, t1
core   0: 3 0x8000273c (0x006b6633) x12 0x0000077d
core   0: 0x80002740 (0x0146a433) slt     s0, a3, s4
core   0: 3 0x80002740 (0x0146a433) x 8 0x00000000
core   0: 0x80002744 (0x012b96b3) sll     a3, s7, s2
core   0: 3 0x80002744 (0x012b96b3) x13 0x00038a00
core   0: 0x80002748 (0x50683197) auipc   gp, 0x50683
core   0: 3 0x80002748 (0x50683197) x 3 0xd0685748
core   0: 0x8000274c (0x00939033) sll     zero, t2, s1
core   0: 3 0x8000274c (0x00939033)
core   0: 0x80002750 (0x6aa47093) andi    ra, s0, 1706
core   0: 3 0x80002750 (0x6aa47093) x 1 0x00000000
core   0: 0x80002754 (0x01ddf4b3) and     s1, s11, t4
core   0: 3 0x80002754 (0x01ddf4b3) x 9 0x00000000
core   0: 0x80002758 (0x00511893) slli    a7, sp, 5
core   0: 3 0x80002758 (0x00511893) x17 0xffd63380
core   0: 0x8000275c (0x529dc193) xori    gp, s11, 1321
core   0: 3 0x8000275c (0x529dc193) x 3 0x0000052e
core   0: 0x80002760 (0x562f33b7) lui     t2, 0x562f3
core   0: 3 0x80002760 (0x562f33b7) x 7 0x562f3000
core   0: 0x80002764 (0x01092bb3) slt     s7, s2, a6
core   0: 3 0x80002764 (0x01092bb3) x23 0x00000000
core   0: 0x80002768 (0x00e5aa33) slt     s4, a1, a4
core   0: 3 0x80002768 (0x00e5aa33) x20 0x00000000
core   0: 0x8000276c (0x01104e33) xor     t3, zero, a7
core   0: 3 0x8000276c (0x01104e33) x28 0xffd63380
core   0: 0x80002770 (0x414205b3) sub     a1, tp, s4
core   0: 3 0x80002770 (0x414205b3) x11 0x00000000
core   0: 0x80002774 (0x000dfeb3) and     t4, s11, zero
core   0: 3 0x80002774 (0x000dfeb3) x29 0x00000000
core   0: 0x80002778 (0xa3ecf093) andi    ra, s9, -1474
core   0: 3 0x80002778 (0xa3ecf093) x 1 0x80018824
core   0: 0x8000277c (0x006589b3) add     s3, a1, t1
core   0: 3 0x8000277c (0x006589b3) x19 0x00000000
core   0: 0x80002780 (0x40158a33) sub     s4, a1, ra
core   0: 3 0x80002780 (0x40158a33) x20 0x7ffe77dc
core   0: 0x80002784 (0x403fd193) srai    gp, t6, 3
core   0: 3 0x80002784 (0x403fd193) x 3 0x00000000
core   0: 0x80002788 (0x41d1dab3) sra     s5, gp, t4
core   0: 3 0x80002788 (0x41d1dab3) x21 0x00000000
core   0: 0x8000278c (0x00881593) slli    a1, a6, 8
core   0: 3 0x8000278c (0x00881593) x11 0x014e6400
core   0: 0x80002790 (0x02c29b33) mulh    s6, t0, a2
core   0: 3 0x80002790 (0x02c29b33) x22 0x00000000
core   0: 0x80002794 (0x417587b3) sub     a5, a1, s7
core   0: 3 0x80002794 (0x417587b3) x15 0x014e6400
core   0: 0x80002798 (0x01169793) slli    a5, a3, 17
core   0: 3 0x80002798 (0x01169793) x15 0x14000000
core   0: 0x8000279c (0x1c887493) andi    s1, a6, 456
core   0: 3 0x8000279c (0x1c887493) x 9 0x00000040
core   0: 0x800027a0 (0x00aeafb3) slt     t6, t4, a0
core   0: 3 0x800027a0 (0x00aeafb3) x31 0x00000000
core   0: 0x800027a4 (0x40435d33) sra     s10, t1, tp
core   0: 3 0x800027a4 (0x40435d33) x26 0x00000000
core   0: 0x800027a8 (0xfbd9ef37) lui     t5, 0xfbd9e
core   0: 3 0x800027a8 (0xfbd9ef37) x30 0xfbd9e000
core   0: 0x800027ac (0x0bed6913) ori     s2, s10, 190
core   0: 3 0x800027ac (0x0bed6913) x18 0x000000be
core   0: 0x800027b0 (0x01c6e933) or      s2, a3, t3
core   0: 3 0x800027b0 (0x01c6e933) x18 0xffd7bb80
core   0: 0x800027b4 (0x41ea5393) srai    t2, s4, 30
core   0: 3 0x800027b4 (0x41ea5393) x 7 0x00000001
core   0: 0x800027b8 (0x028fff33) remu    t5, t6, s0
core   0: 3 0x800027b8 (0x028fff33) x30 0x00000000
core   0: 0x800027bc (0x02024cb3) div     s9, tp, zero
core   0: 3 0x800027bc (0x02024cb3) x25 0xffffffff
core   0: 0x800027c0 (0xe5052e97) auipc   t4, 0xe5052
core   0: 3 0x800027c0 (0xe5052e97) x29 0x650547c0
core   0: 0x800027c4 (0xed9efe37) lui     t3, 0xed9ef
core   0: 3 0x800027c4 (0xed9efe37) x28 0xed9ef000
core   0: 0x800027c8 (0x02cdbbb3) mulhu   s7, s11, a2
core   0: 3 0x800027c8 (0x02cdbbb3) x23 0x00000000
core   0: 0x800027cc (0x0134eb33) or      s6, s1, s3
core   0: 3 0x800027cc (0x0134eb33) x22 0x00000040
core   0: 0x800027d0 (0xdb362f13) slti    t5, a2, -589
core   0: 3 0x800027d0 (0xdb362f13) x30 0x00000000
core   0: 0x800027d4 (0x0232cab3) div     s5, t0, gp
core   0: 3 0x800027d4 (0x0232cab3) x21 0xffffffff
core   0: 0x800027d8 (0x01d46eb3) or      t4, s0, t4
core   0: 3 0x800027d8 (0x01d46eb3) x29 0x650547c0
core   0: 0x800027dc (0x5507ec93) ori     s9, a5, 1360
core   0: 3 0x800027dc (0x5507ec93) x25 0x14000550
core   0: 0x800027e0 (0xba477f13) andi    t5, a4, -1116
core   0: 3 0x800027e0 (0xba477f13) x30 0x800188a4
core   0: 0x800027e4 (0xa3ed7b13) andi    s6, s10, -1474
core   0: 3 0x800027e4 (0xa3ed7b13) x22 0x00000000
core   0: 0x800027e8 (0x033f3933) mulhu   s2, t5, s3
core   0: 3 0x800027e8 (0x033f3933) x18 0x00000000
core   0: 0x800027ec (0x41e48433) sub     s0, s1, t5
core   0: 3 0x800027ec (0x41e48433) x 8 0x7ffe779c
core   0: 0x800027f0 (0x1abccf93) xori    t6, s9, 427
core   0: 3 0x800027f0 (0x1abccf93) x31 0x140004fb
core   0: 0x800027f4 (0x036e34b3) mulhu   s1, t3, s6
core   0: 3 0x800027f4 (0x036e34b3) x 9 0x00000000
core   0: 0x800027f8 (0x40b65293) srai    t0, a2, 11
core   0: 3 0x800027f8 (0x40b65293) x 5 0x00000000
core   0: 0x800027fc (0x00000013) nop
core   0: 3 0x800027fc (0x00000013)
core   0: 0x80002800 (0x03f39e33) mulh    t3, t2, t6
core   0: 3 0x80002800 (0x03f39e33) x28 0x00000000
core   0: 0x80002804 (0x024e3e33) mulhu   t3, t3, tp
core   0: 3 0x80002804 (0x024e3e33) x28 0x00000000
core   0: 0x80002808 (0x03d30533) mul     a0, t1, t4
core   0: 3 0x80002808 (0x03d30533) x10 0x00000000
core   0: 0x8000280c (0x007a3933) sltu    s2, s4, t2
core   0: 3 0x8000280c (0x007a3933) x18 0x00000000
core   0: 0x80002810 (0x03acc933) div     s2, s9, s10
core   0: 3 0x80002810 (0x03acc933) x18 0xffffffff
core   0: 0x80002814 (0x0197d8b3) srl     a7, a5, s9
core   0: 3 0x80002814 (0x0197d8b3) x17 0x00001400
core   0: 0x80002818 (0xe5e2a697) auipc   a3, 0xe5e2a
core   0: 3 0x80002818 (0xe5e2a697) x13 0x65e2c818
core   0: 0x8000281c (0xf3873213) sltiu   tp, a4, -200
core   0: 3 0x8000281c (0xf3873213) x 4 0x00000001
core   0: 0x80002820 (0x00989d33) sll     s10, a7, s1
core   0: 3 0x80002820 (0x00989d33) x26 0x00001400
core   0: 0x80002824 (0x72468f13) addi    t5, a3, 1828
core   0: 3 0x80002824 (0x72468f13) x30 0x65e2cf3c
core   0: 0x80002828 (0x004be8b3) or      a7, s7, tp
core   0: 3 0x80002828 (0x004be8b3) x17 0x00000001
core   0: 0x8000282c (0x02813633) mulhu   a2, sp, s0
core   0: 3 0x8000282c (0x02813633) x12 0x3ffe949e
core   0: 0x80002830 (0x017d47b3) xor     a5, s10, s7
core   0: 3 0x80002830 (0x017d47b3) x15 0x00001400
core   0: 0x80002834 (0x0d3caf93) slti    t6, s9, 211
core   0: 3 0x80002834 (0x0d3caf93) x31 0x00000000
core   0: 0x80002838 (0x00000013) nop
core   0: 3 0x80002838 (0x00000013)
core   0: 0x8000283c (0x0012b0b3) sltu    ra, t0, ra
core   0: 3 0x8000283c (0x0012b0b3) x 1 0x00000001
core   0: 0x80002840 (0x016f8133) add     sp, t6, s6
core   0: 3 0x80002840 (0x016f8133) x 2 0x00000000
core   0: 0x80002844 (0x02b86bb3) rem     s7, a6, a1
core   0: 3 0x80002844 (0x02b86bb3) x23 0xfeb53264
core   0: 0x80002848 (0xf531d017) auipc   zero, 0xf531d
core   0: 3 0x80002848 (0xf531d017)
core   0: 0x8000284c (0xffeb2193) slti    gp, s6, -2
core   0: 3 0x8000284c (0xffeb2193) x 3 0x00000000
core   0: 0x80002850 (0x035d16b3) mulh    a3, s10, s5
core   0: 3 0x80002850 (0x035d16b3) x13 0xffffffff
core   0: 0x80002854 (0x015e21b3) slt     gp, t3, s5
core   0: 3 0x80002854 (0x015e21b3) x 3 0x00000000
core   0: 0x80002858 (0x037e3633) mulhu   a2, t3, s7
core   0: 3 0x80002858 (0x037e3633) x12 0x00000000
core   0: 0x8000285c (0x40c25533) sra     a0, tp, a2
core   0: 3 0x8000285c (0x40c25533) x10 0x00000001
core   0: 0x80002860 (0x8ac92793) slti    a5, s2, -1876
core   0: 3 0x80002860 (0x8ac92793) x15 0x00000000
core   0: 0x80002864 (0x00609933) sll     s2, ra, t1
core   0: 3 0x80002864 (0x00609933) x18 0x00000001
core   0: 0x80002868 (0x00d6ca33) xor     s4, a3, a3
core   0: 3 0x80002868 (0x00d6ca33) x20 0x00000000
core   0: 0x8000286c (0x782b2013) slti    zero, s6, 1922
core   0: 3 0x8000286c (0x782b2013)
core   0: 0x80002870 (0x017def33) or      t5, s11, s7
core   0: 3 0x80002870 (0x017def33) x30 0xfeb53267
core   0: 0x80002874 (0x020366b3) rem     a3, t1, zero
core   0: 3 0x80002874 (0x020366b3) x13 0x00000000
core   0: 0x80002878 (0x0254a433) mulhsu  s0, s1, t0
core   0: 3 0x80002878 (0x0254a433) x 8 0x00000000
core   0: 0x8000287c (0x41600cb3) sub     s9, zero, s6
core   0: 3 0x8000287c (0x41600cb3) x25 0x00000000
core   0: 0x80002880 (0x030e2eb3) mulhsu  t4, t3, a6
core   0: 3 0x80002880 (0x030e2eb3) x29 0x00000000
core   0: 0x80002884 (0xaa88c313) xori    t1, a7, -1368
core   0: 3 0x80002884 (0xaa88c313) x 6 0xfffffaa9
core   0: 0x80002888 (0x03a349b3) div     s3, t1, s10
core   0: 3 0x80002888 (0x03a349b3) x19 0x00000000
core   0: 0x8000288c (0x0354ed33) rem     s10, s1, s5
core   0: 3 0x8000288c (0x0354ed33) x26 0x00000000
core   0: 0x80002890 (0x009c34b3) sltu    s1, s8, s1
core   0: 3 0x80002890 (0x009c34b3) x 9 0x00000000
core   0: 0x80002894 (0x018c5313) srli    t1, s8, 24
core   0: 3 0x80002894 (0x018c5313) x 6 0x00000035
core   0: 0x80002898 (0x037ce033) rem     zero, s9, s7
core   0: 3 0x80002898 (0x037ce033)
core   0: 0x8000289c (0x032c42b3) div     t0, s8, s2
core   0: 3 0x8000289c (0x032c42b3) x 5 0x35df1000
core   0: 0x800028a0 (0x41c55213) srai    tp, a0, 28
core   0: 3 0x800028a0 (0x41c55213) x 4 0x00000000
core   0: 0x800028a4 (0x01e1d693) srli    a3, gp, 30
core   0: 3 0x800028a4 (0x01e1d693) x13 0x00000000
core   0: 0x800028a8 (0x40775513) srai    a0, a4, 7
core   0: 3 0x800028a8 (0x40775513) x10 0xff000319
core   0: 0x800028ac (0x02274633) div     a2, a4, sp
core   0: 3 0x800028ac (0x02274633) x12 0xffffffff
core   0: 0x800028b0 (0x8acc7f17) auipc   t5, 0x8acc7
core   0: 3 0x800028b0 (0x8acc7f17) x30 0x0acc98b0
core   0: 0x800028b4 (0x00869893) slli    a7, a3, 8
core   0: 3 0x800028b4 (0x00869893) x17 0x00000000
core   0: 0x800028b8 (0x412607b3) sub     a5, a2, s2
core   0: 3 0x800028b8 (0x412607b3) x15 0xfffffffe
core   0: 0x800028bc (0x01b07033) and     zero, zero, s11
core   0: 3 0x800028bc (0x01b07033)
core   0: 0x800028c0 (0x03bb4f33) div     t5, s6, s11
core   0: 3 0x800028c0 (0x03bb4f33) x30 0x00000000
core   0: 0x800028c4 (0x03a849b3) div     s3, a6, s10
core   0: 3 0x800028c4 (0x03a849b3) x19 0xffffffff
core   0: 0x800028c8 (0x02d07fb3) remu    t6, zero, a3
core   0: 3 0x800028c8 (0x02d07fb3) x31 0x00000000
core   0: 0x800028cc (0x40730933) sub     s2, t1, t2
core   0: 3 0x800028cc (0x40730933) x18 0x00000034
core   0: 0x800028d0 (0x696bc213) xori    tp, s7, 1686
core   0: 3 0x800028d0 (0x696bc213) x 4 0xfeb534f2
core   0: 0x800028d4 (0x016426b3) slt     a3, s0, s6
core   0: 3 0x800028d4 (0x016426b3) x13 0x00000000
core   0: 0x800028d8 (0xbc1df613) andi    a2, s11, -1087
core   0: 3 0x800028d8 (0xbc1df613) x12 0x00000001
core   0: 0x800028dc (0xf642ce13) xori    t3, t0, -156
core   0: 3 0x800028dc (0xf642ce13) x28 0xca20ef64
core   0: 0x800028e0 (0x9318e413) ori     s0, a7, -1743
core   0: 3 0x800028e0 (0x9318e413) x 8 0xfffff931
core   0: 0x800028e4 (0x01744b33) xor     s6, s0, s7
core   0: 3 0x800028e4 (0x01744b33) x22 0x014acb55
core   0: 0x800028e8 (0x0200e933) rem     s2, ra, zero
core   0: 3 0x800028e8 (0x0200e933) x18 0x00000001
core   0: 0x800028ec (0x03e49d33) mulh    s10, s1, t5
core   0: 3 0x800028ec (0x03e49d33) x26 0x00000000
core   0: 0x800028f0 (0x41b5d033) sra     zero, a1, s11
core   0: 3 0x800028f0 (0x41b5d033)
core   0: 0x800028f4 (0x41b65933) sra     s2, a2, s11
core   0: 3 0x800028f4 (0x41b65933) x18 0x00000000
core   0: 0x800028f8 (0x00b618b3) sll     a7, a2, a1
core   0: 3 0x800028f8 (0x00b618b3) x17 0x00000001
core   0: 0x800028fc (0x94a9a493) slti    s1, s3, -1718
core   0: 3 0x800028fc (0x94a9a493) x 9 0x00000000
core   0: 0x80002900 (0x4119d393) srai    t2, s3, 17
core   0: 3 0x80002900 (0x4119d393) x 7 0xffffffff
core   0: 0x80002904 (0x582c2f13) slti    t5, s8, 1410
core   0: 3 0x80002904 (0x582c2f13) x30 0x00000000
core   0: 0x80002908 (0x258dcc93) xori    s9, s11, 600
core   0: 3 0x80002908 (0x258dcc93) x25 0x0000025f
core   0: 0x8000290c (0x012ed213) srli    tp, t4, 18
core   0: 3 0x8000290c (0x012ed213) x 4 0x00000000
core   0: 0x80002910 (0x00e95893) srli    a7, s2, 14
core   0: 3 0x80002910 (0x00e95893) x17 0x00000000
core   0: 0x80002914 (0x00000013) nop
core   0: 3 0x80002914 (0x00000013)
core   0: 0x80002918 (0x00000013) nop
core   0: 3 0x80002918 (0x00000013)
core   0: 0x8000291c (0x0331b0b3) mulhu   ra, gp, s3
core   0: 3 0x8000291c (0x0331b0b3) x 1 0x00000000
core   0: 0x80002920 (0x0280e933) rem     s2, ra, s0
core   0: 3 0x80002920 (0x0280e933) x18 0x00000000
core   0: 0x80002924 (0x021ff1b3) remu    gp, t6, ra
core   0: 3 0x80002924 (0x021ff1b3) x 3 0x00000000
core   0: 0x80002928 (0x00e31193) slli    gp, t1, 14
core   0: 3 0x80002928 (0x00e31193) x 3 0x000d4000
core   0: 0x8000292c (0x00551eb3) sll     t4, a0, t0
core   0: 3 0x8000292c (0x00551eb3) x29 0xff000319
core   0: 0x80002930 (0x00a4a5b3) slt     a1, s1, a0
core   0: 3 0x80002930 (0x00a4a5b3) x11 0x00000000
core   0: 0x80002934 (0x001f9633) sll     a2, t6, ra
core   0: 3 0x80002934 (0x001f9633) x12 0x00000000
core   0: 0x80002938 (0x0278bbb3) mulhu   s7, a7, t2
core   0: 3 0x80002938 (0x0278bbb3) x23 0x00000000
core   0: 0x8000293c (0x686e0193) addi    gp, t3, 1670
core   0: 3 0x8000293c (0x686e0193) x 3 0xca20f5ea
core   0: 0x80002940 (0x41678b33) sub     s6, a5, s6
core   0: 3 0x80002940 (0x41678b33) x22 0xfeb534a9
core   0: 0x80002944 (0x40f55c13) srai    s8, a0, 15
core   0: 3 0x80002944 (0x40f55c13) x24 0xfffffe00
core   0: 0x80002948 (0xc363ca97) auipc   s5, 0xc363c
core   0: 3 0x80002948 (0xc363ca97) x21 0x4363e948
core   0: 0x8000294c (0xd68f2193) slti    gp, t5, -664
core   0: 3 0x8000294c (0xd68f2193) x 3 0x00000000
core   0: 0x80002950 (0x01ac0fb3) add     t6, s8, s10
core   0: 3 0x80002950 (0x01ac0fb3) x31 0xfffffe00
core   0: 0x80002954 (0x026ef633) remu    a2, t4, t1
core   0: 3 0x80002954 (0x026ef633) x12 0x0000001b
core   0: 0x80002958 (0x00f9e533) or      a0, s3, a5
core   0: 3 0x80002958 (0x00f9e533) x10 0xffffffff
core   0: 0x8000295c (0xf9f4f793) andi    a5, s1, -97
core   0: 3 0x8000295c (0xf9f4f793) x15 0x00000000
core   0: 0x80002960 (0x410e5933) sra     s2, t3, a6
core   0: 3 0x80002960 (0x410e5933) x18 0xfca20ef6
core   0: 0x80002964 (0x15203593) sltiu   a1, zero, 338
core   0: 3 0x80002964 (0x15203593) x11 0x00000001
core   0: 0x80002968 (0x326ce013) ori     zero, s9, 806
core   0: 3 0x80002968 (0x326ce013)
core   0: 0x8000296c (0x014098b3) sll     a7, ra, s4
core   0: 3 0x8000296c (0x014098b3) x17 0x00000000
core   0: 0x80002970 (0x418154b3) sra     s1, sp, s8
core   0: 3 0x80002970 (0x418154b3) x 9 0x00000000
core   0: 0x80002974 (0x001171b3) and     gp, sp, ra
core   0: 3 0x80002974 (0x001171b3) x 3 0x00000000
core   0: 0x80002978 (0x09eadb37) lui     s6, 0x9ead
core   0: 3 0x80002978 (0x09eadb37) x22 0x09ead000
core   0: 0x8000297c (0x00c51c13) slli    s8, a0, 12
core   0: 3 0x8000297c (0x00c51c13) x24 0xfffff000
core   0: 0x80002980 (0x00cf5c33) srl     s8, t5, a2
core   0: 3 0x80002980 (0x00cf5c33) x24 0x00000000
core   0: 0x80002984 (0x02d892b3) mulh    t0, a7, a3
core   0: 3 0x80002984 (0x02d892b3) x 5 0x00000000
core   0: 0x80002988 (0x00a40233) add     tp, s0, a0
core   0: 3 0x80002988 (0x00a40233) x 4 0xfffff930
core   0: 0x8000298c (0x4f533113) sltiu   sp, t1, 1269
core   0: 3 0x8000298c (0x4f533113) x 2 0x00000001
core   0: 0x80002990 (0x02b18533) mul     a0, gp, a1
core   0: 3 0x80002990 (0x02b18533) x10 0x00000000
core   0: 0x80002994 (0x0304b6b3) mulhu   a3, s1, a6
core   0: 3 0x80002994 (0x0304b6b3) x13 0x00000000
core   0: 0x80002998 (0x00000013) nop
core   0: 3 0x80002998 (0x00000013)
core   0: 0x8000299c (0x03468033) mul     zero, a3, s4
core   0: 3 0x8000299c (0x03468033)
core   0: 0x800029a0 (0xaa899697) auipc   a3, 0xaa899
core   0: 3 0x800029a0 (0xaa899697) x13 0x2a89b9a0
core   0: 0x800029a4 (0xa3a34e93) xori    t4, t1, -1478
core   0: 3 0x800029a4 (0xa3a34e93) x29 0xfffffa0f
core   0: 0x800029a8 (0x038821b3) mulhsu  gp, a6, s8
core   0: 3 0x800029a8 (0x038821b3) x 3 0x00000000
core   0: 0x800029ac (0x03ad58b3) divu    a7, s10, s10
core   0: 3 0x800029ac (0x03ad58b3) x17 0xffffffff
core   0: 0x800029b0 (0x02483d33) mulhu   s10, a6, tp
core   0: 3 0x800029b0 (0x02483d33) x26 0x80014afb
core   0: 0x800029b4 (0x036aa033) mulhsu  zero, s5, s6
core   0: 3 0x800029b4 (0x036aa033)
core   0: 0x800029b8 (0x003ebab3) sltu    s5, t4, gp
core   0: 3 0x800029b8 (0x003ebab3) x21 0x00000000
core   0: 0x800029bc (0x026fe6b3) rem     a3, t6, t1
core   0: 3 0x800029bc (0x026fe6b3) x13 0xffffffdd
core   0: 0x800029c0 (0x0364c033) div     zero, s1, s6
core   0: 3 0x800029c0 (0x0364c033)
core   0: 0x800029c4 (0x4475ec17) auipc   s8, 0x4475e
core   0: 3 0x800029c4 (0x4475ec17) x24 0xc47609c4
core   0: 0x800029c8 (0x01ad24b3) slt     s1, s10, s10
core   0: 3 0x800029c8 (0x01ad24b3) x 9 0x00000000
core   0: 0x800029cc (0x03f37d33) remu    s10, t1, t6
core   0: 3 0x800029cc (0x03f37d33) x26 0x00000035
core   0: 0x800029d0 (0x02d5eeb3) rem     t4, a1, a3
core   0: 3 0x800029d0 (0x02d5eeb3) x29 0x00000001
core   0: 0x800029d4 (0x01430933) add     s2, t1, s4
core   0: 3 0x800029d4 (0x01430933) x18 0x00000035
core   0: 0x800029d8 (0x4112c793) xori    a5, t0, 1041
core   0: 3 0x800029d8 (0x4112c793) x15 0x00000411
core   0: 0x800029dc (0x027cc5b3) div     a1, s9, t2
core   0: 3 0x800029dc (0x027cc5b3) x11 0xfffffda1
core   0: 0x800029e0 (0x01207633) and     a2, zero, s2
core   0: 3 0x800029e0 (0x01207633) x12 0x00000000
core   0: 0x800029e4 (0x01a75f93) srli    t6, a4, 26
core   0: 3 0x800029e4 (0x01a75f93) x31 0x00000020
core   0: 0x800029e8 (0x02aae2b3) rem     t0, s5, a0
core   0: 3 0x800029e8 (0x02aae2b3) x 5 0x00000000
core   0: 0x800029ec (0x01a028b3) slt     a7, zero, s10
core   0: 3 0x800029ec (0x01a028b3) x17 0x00000001
core   0: 0x800029f0 (0x04240a93) addi    s5, s0, 66
core   0: 3 0x800029f0 (0x04240a93) x21 0xfffff973
core   0: 0x800029f4 (0x41845193) srai    gp, s0, 24
core   0: 3 0x800029f4 (0x41845193) x 3 0xffffffff
core   0: 0x800029f8 (0x00b25eb3) srl     t4, tp, a1
core   0: 3 0x800029f8 (0x00b25eb3) x29 0x7ffffc98
core   0: 0x800029fc (0x011b2fb3) slt     t6, s6, a7
core   0: 3 0x800029fc (0x011b2fb3) x31 0x00000000
core   0: 0x80002a00 (0x0135ca33) xor     s4, a1, s3
core   0: 3 0x80002a00 (0x0135ca33) x20 0x0000025e
core   0: 0x80002a04 (0x0254f5b3) remu    a1, s1, t0
core   0: 3 0x80002a04 (0x0254f5b3) x11 0x00000000
core   0: 0x80002a08 (0x1bfa0513) addi    a0, s4, 447
core   0: 3 0x80002a08 (0x1bfa0513) x10 0x0000041d
core   0: 0x80002a0c (0x02931ab3) mulh    s5, t1, s1
core   0: 3 0x80002a0c (0x02931ab3) x21 0x00000000
core   0: 0x80002a10 (0x00000013) nop
core   0: 3 0x80002a10 (0x00000013)
core   0: 0x80002a14 (0x41d3d413) srai    s0, t2, 29
core   0: 3 0x80002a14 (0x41d3d413) x 8 0xffffffff
core   0: 0x80002a18 (0x00aa5993) srli    s3, s4, 10
core   0: 3 0x80002a18 (0x00aa5993) x19 0x00000000
core   0: 0x80002a1c (0x03e3ff33) remu    t5, t2, t5
core   0: 3 0x80002a1c (0x03e3ff33) x30 0xffffffff
core   0: 0x80002a20 (0x01bbd533) srl     a0, s7, s11
core   0: 3 0x80002a20 (0x01bbd533) x10 0x00000000
core   0: 0x80002a24 (0x01d81ab3) sll     s5, a6, t4
core   0: 3 0x80002a24 (0x01d81ab3) x21 0x64000000
core   0: 0x80002a28 (0x0d690f93) addi    t6, s2, 214
core   0: 3 0x80002a28 (0x0d690f93) x31 0x0000010b
core   0: 0x80002a2c (0x412282b3) sub     t0, t0, s2
core   0: 3 0x80002a2c (0x412282b3) x 5 0xffffffcb
core   0: 0x80002a30 (0x037e5e33) divu    t3, t3, s7
core   0: 3 0x80002a30 (0x037e5e33) x28 0xffffffff
core   0: 0x80002a34 (0x01c8d393) srli    t2, a7, 28
core   0: 3 0x80002a34 (0x01c8d393) x 7 0x00000000
core   0: 0x80002a38 (0xb35d2a93) slti    s5, s10, -1227
core   0: 3 0x80002a38 (0xb35d2a93) x21 0x00000000
core   0: 0x80002a3c (0x025bbe33) mulhu   t3, s7, t0
core   0: 3 0x80002a3c (0x025bbe33) x28 0x00000000
core   0: 0x80002a40 (0x000bd693) srli    a3, s7, 0
core   0: 3 0x80002a40 (0x000bd693) x13 0x00000000
core   0: 0x80002a44 (0x0141a233) slt     tp, gp, s4
core   0: 3 0x80002a44 (0x0141a233) x 4 0x00000001
core   0: 0x80002a48 (0x00eed193) srli    gp, t4, 14
core   0: 3 0x80002a48 (0x00eed193) x 3 0x0001ffff
core   0: 0x80002a4c (0x01d300b3) add     ra, t1, t4
core   0: 3 0x80002a4c (0x01d300b3) x 1 0x7ffffccd
core   0: 0x80002a50 (0x7f5dca17) auipc   s4, 0x7f5dc
core   0: 3 0x80002a50 (0x7f5dca17) x20 0xff5dea50
core   0: 0x80002a54 (0x03431eb3) mulh    t4, t1, s4
core   0: 3 0x80002a54 (0x03431eb3) x29 0xffffffff
core   0: 0x80002a58 (0x01b3ccb3) xor     s9, t2, s11
core   0: 3 0x80002a58 (0x01b3ccb3) x25 0x00000007
core   0: 0x80002a5c (0x5bbc5fb7) lui     t6, 0x5bbc5
core   0: 3 0x80002a5c (0x5bbc5fb7) x31 0x5bbc5000
core   0: 0x80002a60 (0x01c81c33) sll     s8, a6, t3
core   0: 3 0x80002a60 (0x01c81c33) x24 0x80014e64
core   0: 0x80002a64 (0x01cdd033) srl     zero, s11, t3
core   0: 3 0x80002a64 (0x01cdd033)
core   0: 0x80002a68 (0x01adcfb3) xor     t6, s11, s10
core   0: 3 0x80002a68 (0x01adcfb3) x31 0x00000032
core   0: 0x80002a6c (0x403358b3) sra     a7, t1, gp
core   0: 3 0x80002a6c (0x403358b3) x17 0x00000000
core   0: 0x80002a70 (0x00a07f33) and     t5, zero, a0
core   0: 3 0x80002a70 (0x00a07f33) x30 0x00000000
core   0: 0x80002a74 (0x5c152c93) slti    s9, a0, 1473
core   0: 3 0x80002a74 (0x5c152c93) x25 0x00000001
core   0: 0x80002a78 (0x038d81b3) mul     gp, s11, s8
core   0: 3 0x80002a78 (0x038d81b3) x 3 0x800924bc
core   0: 0x80002a7c (0x38cc8b93) addi    s7, s9, 908
core   0: 3 0x80002a7c (0x38cc8b93) x23 0x0000038d
core   0: 0x80002a80 (0x40ac0333) sub     t1, s8, a0
core   0: 3 0x80002a80 (0x40ac0333) x 6 0x80014e64
core   0: 0x80002a84 (0x020151b3) divu    gp, sp, zero
core   0: 3 0x80002a84 (0x020151b3) x 3 0xffffffff
core   0: 0x80002a88 (0x01f4c8b3) xor     a7, s1, t6
core   0: 3 0x80002a88 (0x01f4c8b3) x17 0x00000032
core   0: 0x80002a8c (0x413b83b3) sub     t2, s7, s3
core   0: 3 0x80002a8c (0x413b83b3) x 7 0x0000038d
core   0: 0x80002a90 (0x03d161b3) rem     gp, sp, t4
core   0: 3 0x80002a90 (0x03d161b3) x 3 0x00000000
core   0: 0x80002a94 (0x01897133) and     sp, s2, s8
core   0: 3 0x80002a94 (0x01897133) x 2 0x00000024
core   0: 0x80002a98 (0x0372acb3) mulhsu  s9, t0, s7
core   0: 3 0x80002a98 (0x0372acb3) x25 0xffffffff
core   0: 0x80002a9c (0x00000013) nop
core   0: 3 0x80002a9c (0x00000013)
core   0: 0x80002aa0 (0x00000013) nop
core   0: 3 0x80002aa0 (0x00000013)
core   0: 0x80002aa4 (0x038e11b3) mulh    gp, t3, s8
core   0: 3 0x80002aa4 (0x038e11b3) x 3 0x00000000
core   0: 0x80002aa8 (0x01c7a333) slt     t1, a5, t3
core   0: 3 0x80002aa8 (0x01c7a333) x 6 0x00000000
core   0: 0x80002aac (0x01777fb3) and     t6, a4, s7
core   0: 3 0x80002aac (0x01777fb3) x31 0x00000084
core   0: 0x80002ab0 (0x013b6eb3) or      t4, s6, s3
core   0: 3 0x80002ab0 (0x013b6eb3) x29 0x09ead000
core   0: 0x80002ab4 (0x03342eb3) mulhsu  t4, s0, s3
core   0: 3 0x80002ab4 (0x03342eb3) x29 0x00000000
core   0: 0x80002ab8 (0x033323b3) mulhsu  t2, t1, s3
core   0: 3 0x80002ab8 (0x033323b3) x 7 0x00000000
core   0: 0x80002abc (0x000f34b3) sltu    s1, t5, zero
core   0: 3 0x80002abc (0x000f34b3) x 9 0x00000000
core   0: 0x80002ac0 (0x0181d9b3) srl     s3, gp, s8
core   0: 3 0x80002ac0 (0x0181d9b3) x19 0x00000000
core   0: 0x80002ac4 (0x416b5d13) srai    s10, s6, 22
core   0: 3 0x80002ac4 (0x416b5d13) x26 0x00000027
core   0: 0x80002ac8 (0x018859b3) srl     s3, a6, s8
core   0: 3 0x80002ac8 (0x018859b3) x19 0x080014e6
core   0: 0x80002acc (0xe66219b7) lui     s3, 0xe6621
core   0: 3 0x80002acc (0xe66219b7) x19 0xe6621000
core   0: 0x80002ad0 (0x031210b3) mulh    ra, tp, a7
core   0: 3 0x80002ad0 (0x031210b3) x 1 0x00000000
core   0: 0x80002ad4 (0x02f3ed33) rem     s10, t2, a5
core   0: 3 0x80002ad4 (0x02f3ed33) x26 0x00000000
core   0: 0x80002ad8 (0x1cb00913) li      s2, 459
core   0: 3 0x80002ad8 (0x1cb00913) x18 0x000001cb
core   0: 0x80002adc (0x02ed46b3) div     a3, s10, a4
core   0: 3 0x80002adc (0x02ed46b3) x13 0x00000000
core   0: 0x80002ae0 (0x00bb5313) srli    t1, s6, 11
core   0: 3 0x80002ae0 (0x00bb5313) x 6 0x00013d5a
core   0: 0x80002ae4 (0x0278fd33) remu    s10, a7, t2
core   0: 3 0x80002ae4 (0x0278fd33) x26 0x00000032
core   0: 0x80002ae8 (0x031f1f33) mulh    t5, t5, a7
core   0: 3 0x80002ae8 (0x031f1f33) x30 0x00000000
core   0: 0x80002aec (0x015e1393) slli    t2, t3, 21
core   0: 3 0x80002aec (0x015e1393) x 7 0x00000000
core   0: 0x80002af0 (0xb3030b93) addi    s7, t1, -1232
core   0: 3 0x80002af0 (0xb3030b93) x23 0x0001388a
core   0: 0x80002af4 (0x01011b13) slli    s6, sp, 16
core   0: 3 0x80002af4 (0x01011b13) x22 0x00240000
core   0: 0x80002af8 (0x02995933) divu    s2, s2, s1
core   0: 3 0x80002af8 (0x02995933) x18 0xffffffff
core   0: 0x80002afc (0x00967633) and     a2, a2, s1
core   0: 3 0x80002afc (0x00967633) x12 0x00000000
core   0: 0x80002b00 (0x03f00a33) mul     s4, zero, t6
core   0: 3 0x80002b00 (0x03f00a33) x20 0x00000000
core   0: 0x80002b04 (0x011f81b3) add     gp, t6, a7
core   0: 3 0x80002b04 (0x011f81b3) x 3 0x000000b6
core   0: 0x80002b08 (0x01940e33) add     t3, s0, s9
core   0: 3 0x80002b08 (0x01940e33) x28 0xfffffffe
core   0: 0x80002b0c (0xe4673393) sltiu   t2, a4, -442
core   0: 3 0x80002b0c (0xe4673393) x 7 0x00000001
core   0: 0x80002b10 (0x430d8993) addi    s3, s11, 1072
core   0: 3 0x80002b10 (0x430d8993) x19 0x00000437
core   0: 0x80002b14 (0x01edeb33) or      s6, s11, t5
core   0: 3 0x80002b14 (0x01edeb33) x22 0x00000007
core   0: 0x80002b18 (0x41b409b3) sub     s3, s0, s11
core   0: 3 0x80002b18 (0x41b409b3) x19 0xfffffff8
core   0: 0x80002b1c (0x0bd6cc13) xori    s8, a3, 189
core   0: 3 0x80002b1c (0x0bd6cc13) x24 0x000000bd
core   0: 0x80002b20 (0x027bdc33) divu    s8, s7, t2
core   0: 3 0x80002b20 (0x027bdc33) x24 0x0001388a
core   0: 0x80002b24 (0x03ea4d33) div     s10, s4, t5
core   0: 3 0x80002b24 (0x03ea4d33) x26 0xffffffff
core   0: 0x80002b28 (0x0094b033) sltu    zero, s1, s1
core   0: 3 0x80002b28 (0x0094b033)
core   0: 0x80002b2c (0x0391c633) div     a2, gp, s9
core   0: 3 0x80002b2c (0x0391c633) x12 0xffffff4a
core   0: 0x80002b30 (0x01267333) and     t1, a2, s2
core   0: 3 0x80002b30 (0x01267333) x 6 0xffffff4a
core   0: 0x80002b34 (0x4107dc93) srai    s9, a5, 16
core   0: 3 0x80002b34 (0x4107dc93) x25 0x00000000
core   0: 0x80002b38 (0x2eb38f17) auipc   t5, 0x2eb38
core   0: 3 0x80002b38 (0x2eb38f17) x30 0xaeb3ab38
core   0: 0x80002b3c (0xb976da37) lui     s4, 0xb976d
core   0: 3 0x80002b3c (0xb976da37) x20 0xb976d000
core   0: 0x80002b40 (0x09162a97) auipc   s5, 0x9162
core   0: 3 0x80002b40 (0x09162a97) x21 0x89164b40
core   0: 0x80002b44 (0x02b28333) mul     t1, t0, a1
core   0: 3 0x80002b44 (0x02b28333) x 6 0x00000000
core   0: 0x80002b48 (0xd25eb217) auipc   tp, 0xd25eb
core   0: 3 0x80002b48 (0xd25eb217) x 4 0x525edb48
core   0: 0x80002b4c (0x01f05fb3) srl     t6, zero, t6
core   0: 3 0x80002b4c (0x01f05fb3) x31 0x00000000
core   0: 0x80002b50 (0x28892b93) slti    s7, s2, 648
core   0: 3 0x80002b50 (0x28892b93) x23 0x00000001
core   0: 0x80002b54 (0x034ddeb3) divu    t4, s11, s4
core   0: 3 0x80002b54 (0x034ddeb3) x29 0x00000000
core   0: 0x80002b58 (0x01ceabb3) slt     s7, t4, t3
core   0: 3 0x80002b58 (0x01ceabb3) x23 0x00000000
core   0: 0x80002b5c (0xf2651637) lui     a2, 0xf2651
core   0: 3 0x80002b5c (0xf2651637) x12 0xf2651000
core   0: 0x80002b60 (0x035329b3) mulhsu  s3, t1, s5
core   0: 3 0x80002b60 (0x035329b3) x19 0x00000000
core   0: 0x80002b64 (0x40d78d33) sub     s10, a5, a3
core   0: 3 0x80002b64 (0x40d78d33) x26 0x00000411
core   0: 0x80002b68 (0x0664f613) andi    a2, s1, 102
core   0: 3 0x80002b68 (0x0664f613) x12 0x00000000
core   0: 0x80002b6c (0x5ef06d13) ori     s10, zero, 1519
core   0: 3 0x80002b6c (0x5ef06d13) x26 0x000005ef
core   0: 0x80002b70 (0x7bb8be93) sltiu   t4, a7, 1979
core   0: 3 0x80002b70 (0x7bb8be93) x29 0x00000001
core   0: 0x80002b74 (0x0128e7b3) or      a5, a7, s2
core   0: 3 0x80002b74 (0x0128e7b3) x15 0xffffffff
core   0: 0x80002b78 (0x00000013) nop
core   0: 3 0x80002b78 (0x00000013)
core   0: 0x80002b7c (0x011efa33) and     s4, t4, a7
core   0: 3 0x80002b7c (0x011efa33) x20 0x00000000
core   0: 0x80002b80 (0x003665b3) or      a1, a2, gp
core   0: 3 0x80002b80 (0x003665b3) x11 0x000000b6
core   0: 0x80002b84 (0x948c2693) slti    a3, s8, -1720
core   0: 3 0x80002b84 (0x948c2693) x13 0x00000000
core   0: 0x80002b88 (0xf9372013) slti    zero, a4, -109
core   0: 3 0x80002b88 (0xf9372013)
core   0: 0x80002b8c (0x00b53ab3) sltu    s5, a0, a1
core   0: 3 0x80002b8c (0x00b53ab3) x21 0x00000001
core   0: 0x80002b90 (0x00b39bb3) sll     s7, t2, a1
core   0: 3 0x80002b90 (0x00b39bb3) x23 0x00400000
core   0: 0x80002b94 (0x0150d693) srli    a3, ra, 21
core   0: 3 0x80002b94 (0x0150d693) x13 0x00000000
core   0: 0x80002b98 (0x2f72b893) sltiu   a7, t0, 759
core   0: 3 0x80002b98 (0x2f72b893) x17 0x00000000
core   0: 0x80002b9c (0x01070333) add     t1, a4, a6
core   0: 3 0x80002b9c (0x01070333) x 6 0x0002db48
core   0: 0x80002ba0 (0x4094da33) sra     s4, s1, s1
core   0: 3 0x80002ba0 (0x4094da33) x20 0x00000000
core   0: 0x80002ba4 (0x02f47d33) remu    s10, s0, a5
core   0: 3 0x80002ba4 (0x02f47d33) x26 0x00000000
core   0: 0x80002ba8 (0x02cef633) remu    a2, t4, a2
core   0: 3 0x80002ba8 (0x02cef633) x12 0x00000001
core   0: 0x80002bac (0x00f71013) slli    zero, a4, 15
core   0: 3 0x80002bac (0x00f71013)
core   0: 0x80002bb0 (0x53d08e13) addi    t3, ra, 1341
core   0: 3 0x80002bb0 (0x53d08e13) x28 0x0000053d
core   0: 0x80002bb4 (0x00bf65b3) or      a1, t5, a1
core   0: 3 0x80002bb4 (0x00bf65b3) x11 0xaeb3abbe
core   0: 0x80002bb8 (0x039b6cb3) rem     s9, s6, s9
core   0: 3 0x80002bb8 (0x039b6cb3) x25 0x00000007
core   0: 0x80002bbc (0x014a4633) xor     a2, s4, s4
core   0: 3 0x80002bbc (0x014a4633) x12 0x00000000
core   0: 0x80002bc0 (0x0091d213) srli    tp, gp, 9
core   0: 3 0x80002bc0 (0x0091d213) x 4 0x00000000
core   0: 0x80002bc4 (0x02a4f9b3) remu    s3, s1, a0
core   0: 3 0x80002bc4 (0x02a4f9b3) x19 0x00000000
core   0: 0x80002bc8 (0x0243fc33) remu    s8, t2, tp
core   0: 3 0x80002bc8 (0x0243fc33) x24 0x00000001
core   0: 0x80002bcc (0x03de1b33) mulh    s6, t3, t4
core   0: 3 0x80002bcc (0x03de1b33) x22 0x00000000
core   0: 0x80002bd0 (0x9f00f893) andi    a7, ra, -1552
core   0: 3 0x80002bd0 (0x9f00f893) x17 0x00000000
core   0: 0x80002bd4 (0x00000013) nop
core   0: 3 0x80002bd4 (0x00000013)
core   0: 0x80002bd8 (0x00c9d893) srli    a7, s3, 12
core   0: 3 0x80002bd8 (0x00c9d893) x17 0x00000000
core   0: 0x80002bdc (0x033d7c33) remu    s8, s10, s3
core   0: 3 0x80002bdc (0x033d7c33) x24 0x00000000
core   0: 0x80002be0 (0x08183913) sltiu   s2, a6, 129
core   0: 3 0x80002be0 (0x08183913) x18 0x00000000
core   0: 0x80002be4 (0x03823233) mulhu   tp, tp, s8
core   0: 3 0x80002be4 (0x03823233) x 4 0x00000000
core   0: 0x80002be8 (0x35aee993) ori     s3, t4, 858
core   0: 3 0x80002be8 (0x35aee993) x19 0x0000035b
core   0: 0x80002bec (0x02b14633) div     a2, sp, a1
core   0: 3 0x80002bec (0x02b14633) x12 0x00000000
core   0: 0x80002bf0 (0x01f19933) sll     s2, gp, t6
core   0: 3 0x80002bf0 (0x01f19933) x18 0x000000b6
core   0: 0x80002bf4 (0x00000013) nop
core   0: 3 0x80002bf4 (0x00000013)
core   0: 0x80002bf8 (0x02a9cd33) div     s10, s3, a0
core   0: 3 0x80002bf8 (0x02a9cd33) x26 0xffffffff
core   0: 0x80002bfc (0x599ceb13) ori     s6, s9, 1433
core   0: 3 0x80002bfc (0x599ceb13) x22 0x0000059f
core   0: 0x80002c00 (0x0274d1b3) divu    gp, s1, t2
core   0: 3 0x80002c00 (0x0274d1b3) x 3 0x00000000
core   0: 0x80002c04 (0x40fe59b3) sra     s3, t3, a5
core   0: 3 0x80002c04 (0x40fe59b3) x19 0x00000000
core   0: 0x80002c08 (0xee5ece93) xori    t4, t4, -283
core   0: 3 0x80002c08 (0xee5ece93) x29 0xfffffee4
core   0: 0x80002c0c (0x01492433) slt     s0, s2, s4
core   0: 3 0x80002c0c (0x01492433) x 8 0x00000000
core   0: 0x80002c10 (0x10fcf637) lui     a2, 0x10fcf
core   0: 3 0x80002c10 (0x10fcf637) x12 0x10fcf000
core   0: 0x80002c14 (0x02f92293) slti    t0, s2, 47
core   0: 3 0x80002c14 (0x02f92293) x 5 0x00000000
core   0: 0x80002c18 (0x012157b3) srl     a5, sp, s2
core   0: 3 0x80002c18 (0x012157b3) x15 0x00000000
core   0: 0x80002c1c (0x00557cb3) and     s9, a0, t0
core   0: 3 0x80002c1c (0x00557cb3) x25 0x00000000
core   0: 0x80002c20 (0x038189b3) mul     s3, gp, s8
core   0: 3 0x80002c20 (0x038189b3) x19 0x00000000
core   0: 0x80002c24 (0x036b3d33) mulhu   s10, s6, s6
core   0: 3 0x80002c24 (0x036b3d33) x26 0x00000000
core   0: 0x80002c28 (0x409d5eb3) sra     t4, s10, s1
core   0: 3 0x80002c28 (0x409d5eb3) x29 0x00000000
core   0: 0x80002c2c (0x00dbc6b3) xor     a3, s7, a3
core   0: 3 0x80002c2c (0x00dbc6b3) x13 0x00400000
core   0: 0x80002c30 (0xe009cc13) xori    s8, s3, -512
core   0: 3 0x80002c30 (0xe009cc13) x24 0xfffffe00
core   0: 0x80002c34 (0x408c8f33) sub     t5, s9, s0
core   0: 3 0x80002c34 (0x408c8f33) x30 0x00000000
core   0: 0x80002c38 (0xd7d05bb7) lui     s7, 0xd7d05
core   0: 3 0x80002c38 (0xd7d05bb7) x23 0xd7d05000
core   0: 0x80002c3c (0x02f2dfb3) divu    t6, t0, a5
core   0: 3 0x80002c3c (0x02f2dfb3) x31 0xffffffff
core   0: 0x80002c40 (0x02e31533) mulh    a0, t1, a4
core   0: 3 0x80002c40 (0x02e31533) x10 0xfffe9260
core   0: 0x80002c44 (0x03350033) mul     zero, a0, s3
core   0: 3 0x80002c44 (0x03350033)
core   0: 0x80002c48 (0x015f1fb3) sll     t6, t5, s5
core   0: 3 0x80002c48 (0x015f1fb3) x31 0x00000000
core   0: 0x80002c4c (0x01989013) slli    zero, a7, 25
core   0: 3 0x80002c4c (0x01989013)
core   0: 0x80002c50 (0x02886933) rem     s2, a6, s0
core   0: 3 0x80002c50 (0x02886933) x18 0x80014e64
core   0: 0x80002c54 (0x41d9df93) srai    t6, s3, 29
core   0: 3 0x80002c54 (0x41d9df93) x31 0x00000000
core   0: 0x80002c58 (0x03134633) div     a2, t1, a7
core   0: 3 0x80002c58 (0x03134633) x12 0xffffffff
core   0: 0x80002c5c (0x417fd793) srai    a5, t6, 23
core   0: 3 0x80002c5c (0x417fd793) x15 0x00000000
core   0: 0x80002c60 (0xa0ace293) ori     t0, s9, -1526
core   0: 3 0x80002c60 (0xa0ace293) x 5 0xfffffa0a
core   0: 0x80002c64 (0x00b5ed33) or      s10, a1, a1
core   0: 3 0x80002c64 (0x00b5ed33) x26 0xaeb3abbe
core   0: 0x80002c68 (0x01e7d5b3) srl     a1, a5, t5
core   0: 3 0x80002c68 (0x01e7d5b3) x11 0x00000000
core   0: 0x80002c6c (0x39cc3913) sltiu   s2, s8, 924
core   0: 3 0x80002c6c (0x39cc3913) x18 0x00000000
core   0: 0x80002c70 (0x757a5bb7) lui     s7, 0x757a5
core   0: 3 0x80002c70 (0x757a5bb7) x23 0x757a5000
core   0: 0x80002c74 (0x020b9933) mulh    s2, s7, zero
core   0: 3 0x80002c74 (0x020b9933) x18 0x00000000
core   0: 0x80002c78 (0x4051d093) srai    ra, gp, 5
core   0: 3 0x80002c78 (0x4051d093) x 1 0x00000000
core   0: 0x80002c7c (0x853a7637) lui     a2, 0x853a7
core   0: 3 0x80002c7c (0x853a7637) x12 0x853a7000
core   0: 0x80002c80 (0x007b1513) slli    a0, s6, 7
core   0: 3 0x80002c80 (0x007b1513) x10 0x0002cf80
core   0: 0x80002c84 (0x00249493) slli    s1, s1, 2
core   0: 3 0x80002c84 (0x00249493) x 9 0x00000000
core   0: 0x80002c88 (0x00000013) nop
core   0: 3 0x80002c88 (0x00000013)
core   0: 0x80002c8c (0x1aeb6f93) ori     t6, s6, 430
core   0: 3 0x80002c8c (0x1aeb6f93) x31 0x000005bf
core   0: 0x80002c90 (0x1b240b13) addi    s6, s0, 434
core   0: 3 0x80002c90 (0x1b240b13) x22 0x000001b2
core   0: 0x80002c94 (0x12157e13) andi    t3, a0, 289
core   0: 3 0x80002c94 (0x12157e13) x28 0x00000100
core   0: 0x80002c98 (0x03de1233) mulh    tp, t3, t4
core   0: 3 0x80002c98 (0x03de1233) x 4 0x00000000
core   0: 0x80002c9c (0x573d4113) xori    sp, s10, 1395
core   0: 3 0x80002c9c (0x573d4113) x 2 0xaeb3aecd
core   0: 0x80002ca0 (0x00149e33) sll     t3, s1, ra
core   0: 3 0x80002ca0 (0x00149e33) x28 0x00000000
core   0: 0x80002ca4 (0x844b1317) auipc   t1, 0x844b1
core   0: 3 0x80002ca4 (0x844b1317) x 6 0x044b3ca4
core   0: 0x80002ca8 (0x032a5a33) divu    s4, s4, s2
core   0: 3 0x80002ca8 (0x032a5a33) x20 0xffffffff
core   0: 0x80002cac (0x0261ccb3) div     s9, gp, t1
core   0: 3 0x80002cac (0x0261ccb3) x25 0x00000000
core   0: 0x80002cb0 (0x033a7633) remu    a2, s4, s3
core   0: 3 0x80002cb0 (0x033a7633) x12 0xffffffff
core   0: 0x80002cb4 (0x00de9013) slli    zero, t4, 13
core   0: 3 0x80002cb4 (0x00de9013)
core   0: 0x80002cb8 (0x2be8f993) andi    s3, a7, 702
core   0: 3 0x80002cb8 (0x2be8f993) x19 0x00000000
core   0: 0x80002cbc (0x20ae7c93) andi    s9, t3, 522
core   0: 3 0x80002cbc (0x20ae7c93) x25 0x00000000
core   0: 0x80002cc0 (0x02dae5b3) rem     a1, s5, a3
core   0: 3 0x80002cc0 (0x02dae5b3) x11 0x00000001
core   0: 0x80002cc4 (0xeb678513) addi    a0, a5, -330
core   0: 3 0x80002cc4 (0xeb678513) x10 0xfffffeb6
core   0: 0x80002cc8 (0x035c72b3) remu    t0, s8, s5
core   0: 3 0x80002cc8 (0x035c72b3) x 5 0x00000000
core   0: 0x80002ccc (0x018001b3) add     gp, zero, s8
core   0: 3 0x80002ccc (0x018001b3) x 3 0xfffffe00
core   0: 0x80002cd0 (0x3924e193) ori     gp, s1, 914
core   0: 3 0x80002cd0 (0x3924e193) x 3 0x00000392
core   0: 0x80002cd4 (0x00ab1b13) slli    s6, s6, 10
core   0: 3 0x80002cd4 (0x00ab1b13) x22 0x0006c800
core   0: 0x80002cd8 (0x0118d013) srli    zero, a7, 17
core   0: 3 0x80002cd8 (0x0118d013)
core   0: 0x80002cdc (0x021fdd33) divu    s10, t6, ra
core   0: 3 0x80002cdc (0x021fdd33) x26 0xffffffff
core   0: 0x80002ce0 (0x00f7f933) and     s2, a5, a5
core   0: 3 0x80002ce0 (0x00f7f933) x18 0x00000000
core   0: 0x80002ce4 (0x410b86b3) sub     a3, s7, a6
core   0: 3 0x80002ce4 (0x410b86b3) x13 0xf579019c
core   0: 0x80002ce8 (0x016e6333) or      t1, t3, s6
core   0: 3 0x80002ce8 (0x016e6333) x 6 0x0006c800
core   0: 0x80002cec (0x7e1390b7) lui     ra, 0x7e139
core   0: 3 0x80002cec (0x7e1390b7) x 1 0x7e139000
core   0: 0x80002cf0 (0x027844b3) div     s1, a6, t2
core   0: 3 0x80002cf0 (0x027844b3) x 9 0x80014e64
core   0: 0x80002cf4 (0x020a8b33) mul     s6, s5, zero
core   0: 3 0x80002cf4 (0x020a8b33) x22 0x00000000
core   0: 0x80002cf8 (0x0131bbb3) sltu    s7, gp, s3
core   0: 3 0x80002cf8 (0x0131bbb3) x23 0x00000000
core   0: 0x80002cfc (0x41a087b3) sub     a5, ra, s10
core   0: 3 0x80002cfc (0x41a087b3) x15 0x7e139001
core   0: 0x80002d00 (0x03f961b3) rem     gp, s2, t6
core   0: 3 0x80002d00 (0x03f961b3) x 3 0x00000000
core   0: 0x80002d04 (0x013ab937) lui     s2, 0x13ab
core   0: 3 0x80002d04 (0x013ab937) x18 0x013ab000
core   0: 0x80002d08 (0x0151b633) sltu    a2, gp, s5
core   0: 3 0x80002d08 (0x0151b633) x12 0x00000001
core   0: 0x80002d0c (0x0120c433) xor     s0, ra, s2
core   0: 3 0x80002d0c (0x0120c433) x 8 0x7f292000
core   0: 0x80002d10 (0x033a8333) mul     t1, s5, s3
core   0: 3 0x80002d10 (0x033a8333) x 6 0x00000000
core   0: 0x80002d14 (0x01910933) add     s2, sp, s9
core   0: 3 0x80002d14 (0x01910933) x18 0xaeb3aecd
core   0: 0x80002d18 (0x00c61413) slli    s0, a2, 12
core   0: 3 0x80002d18 (0x00c61413) x 8 0x00001000
core   0: 0x80002d1c (0x01c79193) slli    gp, a5, 28
core   0: 3 0x80002d1c (0x01c79193) x 3 0x10000000
core   0: 0x80002d20 (0x0023bb33) sltu    s6, t2, sp
core   0: 3 0x80002d20 (0x0023bb33) x22 0x00000001
core   0: 0x80002d24 (0x03eb84b3) mul     s1, s7, t5
core   0: 3 0x80002d24 (0x03eb84b3) x 9 0x00000000
core   0: 0x80002d28 (0x005b4c33) xor     s8, s6, t0
core   0: 3 0x80002d28 (0x005b4c33) x24 0x00000001
core   0: 0x80002d2c (0x00922fb3) slt     t6, tp, s1
core   0: 3 0x80002d2c (0x00922fb3) x31 0x00000000
core   0: 0x80002d30 (0xa2bc7d13) andi    s10, s8, -1493
core   0: 3 0x80002d30 (0xa2bc7d13) x26 0x00000001
core   0: 0x80002d34 (0x007ec033) xor     zero, t4, t2
core   0: 3 0x80002d34 (0x007ec033)
core   0: 0x80002d38 (0x40d2da13) srai    s4, t0, 13
core   0: 3 0x80002d38 (0x40d2da13) x20 0x00000000
core   0: 0x80002d3c (0x1f2e4693) xori    a3, t3, 498
core   0: 3 0x80002d3c (0x1f2e4693) x13 0x000001f2
core   0: 0x80002d40 (0x012a29b3) slt     s3, s4, s2
core   0: 3 0x80002d40 (0x012a29b3) x19 0x00000000
core   0: 0x80002d44 (0x21cc4593) xori    a1, s8, 540
core   0: 3 0x80002d44 (0x21cc4593) x11 0x0000021d
core   0: 0x80002d48 (0xa09ce893) ori     a7, s9, -1527
core   0: 3 0x80002d48 (0xa09ce893) x17 0xfffffa09
core   0: 0x80002d4c (0x00000013) nop
core   0: 3 0x80002d4c (0x00000013)
core   0: 0x80002d50 (0x0317ef33) rem     t5, a5, a7
core   0: 3 0x80002d50 (0x0317ef33) x30 0x000000b0
core   0: 0x80002d54 (0x028a7c33) remu    s8, s4, s0
core   0: 3 0x80002d54 (0x028a7c33) x24 0x00000000
core   0: 0x80002d58 (0x7c826b13) ori     s6, tp, 1992
core   0: 3 0x80002d58 (0x7c826b13) x22 0x000007c8
core   0: 0x80002d5c (0x017a24b3) slt     s1, s4, s7
core   0: 3 0x80002d5c (0x017a24b3) x 9 0x00000000
core   0: 0x80002d60 (0x00ff9933) sll     s2, t6, a5
core   0: 3 0x80002d60 (0x00ff9933) x18 0x00000000
core   0: 0x80002d64 (0x02afe233) rem     tp, t6, a0
core   0: 3 0x80002d64 (0x02afe233) x 4 0x00000000
core   0: 0x80002d68 (0xad878893) addi    a7, a5, -1320
core   0: 3 0x80002d68 (0xad878893) x17 0x7e138ad9
core   0: 0x80002d6c (0x568d2a93) slti    s5, s10, 1384
core   0: 3 0x80002d6c (0x568d2a93) x21 0x00000001
core   0: 0x80002d70 (0x00000013) nop
core   0: 3 0x80002d70 (0x00000013)
core   0: 0x80002d74 (0x00000013) nop
core   0: 3 0x80002d74 (0x00000013)
core   0: 0x80002d78 (0x41c985b3) sub     a1, s3, t3
core   0: 3 0x80002d78 (0x41c985b3) x11 0x00000000
core   0: 0x80002d7c (0x03f3b7b3) mulhu   a5, t2, t6
core   0: 3 0x80002d7c (0x03f3b7b3) x15 0x00000000
core   0: 0x80002d80 (0x00d6d133) srl     sp, a3, a3
core   0: 3 0x80002d80 (0x00d6d133) x 2 0x00000000
core   0: 0x80002d84 (0x02348ab3) mul     s5, s1, gp
core   0: 3 0x80002d84 (0x02348ab3) x21 0x00000000
core   0: 0x80002d88 (0x00506033) or      zero, zero, t0
core   0: 3 0x80002d88 (0x00506033)
core   0: 0x80002d8c (0x4086d5b3) sra     a1, a3, s0
core   0: 3 0x80002d8c (0x4086d5b3) x11 0x000001f2
core   0: 0x80002d90 (0x405ad133) sra     sp, s5, t0
core   0: 3 0x80002d90 (0x405ad133) x 2 0x00000000
core   0: 0x80002d94 (0x00000013) nop
core   0: 3 0x80002d94 (0x00000013)
core   0: 0x80002d98 (0x0317c8b3) div     a7, a5, a7
core   0: 3 0x80002d98 (0x0317c8b3) x17 0x00000000
core   0: 0x80002d9c (0x01e862b3) or      t0, a6, t5
core   0: 3 0x80002d9c (0x01e862b3) x 5 0x80014ef4
core   0: 0x80002da0 (0x402900b3) sub     ra, s2, sp
core   0: 3 0x80002da0 (0x402900b3) x 1 0x00000000
core   0: 0x80002da4 (0x01dc3c33) sltu    s8, s8, t4
core   0: 3 0x80002da4 (0x01dc3c33) x24 0x00000000
core   0: 0x80002da8 (0x03e790b3) mulh    ra, a5, t5
core   0: 3 0x80002da8 (0x03e790b3) x 1 0x00000000
core   0: 0x80002dac (0xf6946213) ori     tp, s0, -151
core   0: 3 0x80002dac (0xf6946213) x 4 0xffffff69
core   0: 0x80002db0 (0x02b93033) mulhu   zero, s2, a1
core   0: 3 0x80002db0 (0x02b93033)
core   0: 0x80002db4 (0x407989b3) sub     s3, s3, t2
core   0: 3 0x80002db4 (0x407989b3) x19 0xffffffff
core   0: 0x80002db8 (0x017b5ab3) srl     s5, s6, s7
core   0: 3 0x80002db8 (0x017b5ab3) x21 0x000007c8
core   0: 0x80002dbc (0x5c27a8b7) lui     a7, 0x5c27a
core   0: 3 0x80002dbc (0x5c27a8b7) x17 0x5c27a000
core   0: 0x80002dc0 (0x006c5093) srli    ra, s8, 6
core   0: 3 0x80002dc0 (0x006c5093) x 1 0x00000000
core   0: 0x80002dc4 (0x00ae1613) slli    a2, t3, 10
core   0: 3 0x80002dc4 (0x00ae1613) x12 0x00000000
core   0: 0x80002dc8 (0x4010dc13) srai    s8, ra, 1
core   0: 3 0x80002dc8 (0x4010dc13) x24 0x00000000
core   0: 0x80002dcc (0x337e6293) ori     t0, t3, 823
core   0: 3 0x80002dcc (0x337e6293) x 5 0x00000337
core   0: 0x80002dd0 (0x02270333) mul     t1, a4, sp
core   0: 3 0x80002dd0 (0x02270333) x 6 0x00000000
core   0: 0x80002dd4 (0x0389e5b3) rem     a1, s3, s8
core   0: 3 0x80002dd4 (0x0389e5b3) x11 0xffffffff
core   0: 0x80002dd8 (0x1bb20c93) addi    s9, tp, 443
core   0: 3 0x80002dd8 (0x1bb20c93) x25 0x00000124
core   0: 0x80002ddc (0x00407133) and     sp, zero, tp
core   0: 3 0x80002ddc (0x00407133) x 2 0x00000000
core   0: 0x80002de0 (0x01b236b3) sltu    a3, tp, s11
core   0: 3 0x80002de0 (0x01b236b3) x13 0x00000000
core   0: 0x80002de4 (0x0367b033) mulhu   zero, a5, s6
core   0: 3 0x80002de4 (0x0367b033)
core   0: 0x80002de8 (0x01e8a2b3) slt     t0, a7, t5
core   0: 3 0x80002de8 (0x01e8a2b3) x 5 0x00000000
core   0: 0x80002dec (0x00000013) nop
core   0: 3 0x80002dec (0x00000013)
core   0: 0x80002df0 (0x00075593) srli    a1, a4, 0
core   0: 3 0x80002df0 (0x00075593) x11 0x80018ce4
core   0: 0x80002df4 (0x40cedb13) srai    s6, t4, 12
core   0: 3 0x80002df4 (0x40cedb13) x22 0x00000000
core   0: 0x80002df8 (0x036712b3) mulh    t0, a4, s6
core   0: 3 0x80002df8 (0x036712b3) x 5 0x00000000
core   0: 0x80002dfc (0x412c8e33) sub     t3, s9, s2
core   0: 3 0x80002dfc (0x412c8e33) x28 0x00000124
core   0: 0x80002e00 (0x02656cb3) rem     s9, a0, t1
core   0: 3 0x80002e00 (0x02656cb3) x25 0xfffffeb6
core   0: 0x80002e04 (0x409fd9b3) sra     s3, t6, s1
core   0: 3 0x80002e04 (0x409fd9b3) x19 0x00000000
core   0: 0x80002e08 (0x033fdcb3) divu    s9, t6, s3
core   0: 3 0x80002e08 (0x033fdcb3) x25 0xffffffff
core   0: 0x80002e0c (0x021b21b3) mulhsu  gp, s6, ra
core   0: 3 0x80002e0c (0x021b21b3) x 3 0x00000000
core   0: 0x80002e10 (0x2a117293) andi    t0, sp, 673
core   0: 3 0x80002e10 (0x2a117293) x 5 0x00000000
core   0: 0x80002e14 (0x010c2bb3) slt     s7, s8, a6
core   0: 3 0x80002e14 (0x010c2bb3) x23 0x00000000
core   0: 0x80002e18 (0x00000013) nop
core   0: 3 0x80002e18 (0x00000013)
core   0: 0x80002e1c (0x7799ab13) slti    s6, s3, 1913
core   0: 3 0x80002e1c (0x7799ab13) x22 0x00000001
core   0: 0x80002e20 (0x00000013) nop
core   0: 3 0x80002e20 (0x00000013)
core   0: 0x80002e24 (0x00b30233) add     tp, t1, a1
core   0: 3 0x80002e24 (0x00b30233) x 4 0x80018ce4
core   0: 0x80002e28 (0x08c68a93) addi    s5, a3, 140
core   0: 3 0x80002e28 (0x08c68a93) x21 0x0000008c
core   0: 0x80002e2c (0x034969b3) rem     s3, s2, s4
core   0: 3 0x80002e2c (0x034969b3) x19 0x00000000
core   0: 0x80002e30 (0x02aba033) mulhsu  zero, s7, a0
core   0: 3 0x80002e30 (0x02aba033)
core   0: 0x80002e34 (0x01d41513) slli    a0, s0, 29
core   0: 3 0x80002e34 (0x01d41513) x10 0x00000000
core   0: 0x80002e38 (0x0158bcb3) sltu    s9, a7, s5
core   0: 3 0x80002e38 (0x0158bcb3) x25 0x00000000
core   0: 0x80002e3c (0x2d428c13) addi    s8, t0, 724
core   0: 3 0x80002e3c (0x2d428c13) x24 0x000002d4
core   0: 0x80002e40 (0x0045c433) xor     s0, a1, tp
core   0: 3 0x80002e40 (0x0045c433) x 8 0x00000000
core   0: 0x80002e44 (0x02416033) rem     zero, sp, tp
core   0: 3 0x80002e44 (0x02416033)
core   0: 0x80002e48 (0x89922413) slti    s0, tp, -1895
core   0: 3 0x80002e48 (0x89922413) x 8 0x00000001
core   0: 0x80002e4c (0x03e79c33) mulh    s8, a5, t5
core   0: 3 0x80002e4c (0x03e79c33) x24 0x00000000
core   0: 0x80002e50 (0x2a7f6a93) ori     s5, t5, 679
core   0: 3 0x80002e50 (0x2a7f6a93) x21 0x000002b7
core   0: 0x80002e54 (0x0081c933) xor     s2, gp, s0
core   0: 3 0x80002e54 (0x0081c933) x18 0x00000001
core   0: 0x80002e58 (0x41005f33) sra     t5, zero, a6
core   0: 3 0x80002e58 (0x41005f33) x30 0x00000000
core   0: 0x80002e5c (0xba124b13) xori    s6, tp, -1119
core   0: 3 0x80002e5c (0xba124b13) x22 0x7ffe7745
core   0: 0x80002e60 (0x2e306313) ori     t1, zero, 739
core   0: 3 0x80002e60 (0x2e306313) x 6 0x000002e3
core   0: 0x80002e64 (0x038922b3) mulhsu  t0, s2, s8
core   0: 3 0x80002e64 (0x038922b3) x 5 0x00000000
core   0: 0x80002e68 (0x01b3d1b3) srl     gp, t2, s11
core   0: 3 0x80002e68 (0x01b3d1b3) x 3 0x00000000
core   0: 0x80002e6c (0x001c09b3) add     s3, s8, ra
core   0: 3 0x80002e6c (0x001c09b3) x19 0x00000000
core   0: 0x80002e70 (0x01654633) xor     a2, a0, s6
core   0: 3 0x80002e70 (0x01654633) x12 0x7ffe7745
core   0: 0x80002e74 (0x015da333) slt     t1, s11, s5
core   0: 3 0x80002e74 (0x015da333) x 6 0x00000001
core   0: 0x80002e78 (0x0346e0b3) rem     ra, a3, s4
core   0: 3 0x80002e78 (0x0346e0b3) x 1 0x00000000
core   0: 0x80002e7c (0xbe017693) andi    a3, sp, -1056
core   0: 3 0x80002e7c (0xbe017693) x13 0x00000000
core   0: 0x80002e80 (0x32fcd237) lui     tp, 0x32fcd
core   0: 3 0x80002e80 (0x32fcd237) x 4 0x32fcd000
core   0: 0x80002e84 (0x01241bb3) sll     s7, s0, s2
core   0: 3 0x80002e84 (0x01241bb3) x23 0x00000002
core   0: 0x80002e88 (0x00000013) nop
core   0: 3 0x80002e88 (0x00000013)
core   0: 0x80002e8c (0x244ff993) andi    s3, t6, 580
core   0: 3 0x80002e8c (0x244ff993) x19 0x00000000
core   0: 0x80002e90 (0x47cf4993) xori    s3, t5, 1148
core   0: 3 0x80002e90 (0x47cf4993) x19 0x0000047c
core   0: 0x80002e94 (0x4054dfb3) sra     t6, s1, t0
core   0: 3 0x80002e94 (0x4054dfb3) x31 0x00000000
core   0: 0x80002e98 (0x028284b3) mul     s1, t0, s0
core   0: 3 0x80002e98 (0x028284b3) x 9 0x00000000
core   0: 0x80002e9c (0x001c4c33) xor     s8, s8, ra
core   0: 3 0x80002e9c (0x001c4c33) x24 0x00000000
core   0: 0x80002ea0 (0x01307b33) and     s6, zero, s3
core   0: 3 0x80002ea0 (0x01307b33) x22 0x00000000
core   0: 0x80002ea4 (0x596f8493) addi    s1, t6, 1430
core   0: 3 0x80002ea4 (0x596f8493) x 9 0x00000596
core   0: 0x80002ea8 (0xfcd5fe93) andi    t4, a1, -51
core   0: 3 0x80002ea8 (0xfcd5fe93) x29 0x80018cc4
core   0: 0x80002eac (0x03c39fb3) mulh    t6, t2, t3
core   0: 3 0x80002eac (0x03c39fb3) x31 0x00000000
core   0: 0x80002eb0 (0x415656b3) sra     a3, a2, s5
core   0: 3 0x80002eb0 (0x415656b3) x13 0x000000ff
core   0: 0x80002eb4 (0x00c2ffb3) and     t6, t0, a2
core   0: 3 0x80002eb4 (0x00c2ffb3) x31 0x00000000
core   0: 0x80002eb8 (0x4c417013) andi    zero, sp, 1220
core   0: 3 0x80002eb8 (0x4c417013)
core   0: 0x80002ebc (0x01b88633) add     a2, a7, s11
core   0: 3 0x80002ebc (0x01b88633) x12 0x5c27a007
core   0: 0x80002ec0 (0x73b7c2b7) lui     t0, 0x73b7c
core   0: 3 0x80002ec0 (0x73b7c2b7) x 5 0x73b7c000
core   0: 0x80002ec4 (0x22dd6b13) ori     s6, s10, 557
core   0: 3 0x80002ec4 (0x22dd6b13) x22 0x0000022d
core   0: 0x80002ec8 (0x03d26d33) rem     s10, tp, t4
core   0: 3 0x80002ec8 (0x03d26d33) x26 0x32fcd000
core   0: 0x80002ecc (0x40925f33) sra     t5, tp, s1
core   0: 3 0x80002ecc (0x40925f33) x30 0x000000cb
core   0: 0x80002ed0 (0x0381ec33) rem     s8, gp, s8
core   0: 3 0x80002ed0 (0x0381ec33) x24 0x00000000
core   0: 0x80002ed4 (0x40a1de93) srai    t4, gp, 10
core   0: 3 0x80002ed4 (0x40a1de93) x29 0x00000000
core   0: 0x80002ed8 (0x00000013) nop
core   0: 3 0x80002ed8 (0x00000013)
core   0: 0x80002edc (0x8e47eb13) ori     s6, a5, -1820
core   0: 3 0x80002edc (0x8e47eb13) x22 0xfffff8e4
core   0: 0x80002ee0 (0x19219fb7) lui     t6, 0x19219
core   0: 3 0x80002ee0 (0x19219fb7) x31 0x19219000
core   0: 0x80002ee4 (0x7082dab7) lui     s5, 0x7082d
core   0: 3 0x80002ee4 (0x7082dab7) x21 0x7082d000
core   0: 0x80002ee8 (0x01f19d13) slli    s10, gp, 31
core   0: 3 0x80002ee8 (0x01f19d13) x26 0x00000000
core   0: 0x80002eec (0x2e1b8497) auipc   s1, 0x2e1b8
core   0: 3 0x80002eec (0x2e1b8497) x 9 0xae1baeec
core   0: 0x80002ef0 (0xfe5a2b13) slti    s6, s4, -27
core   0: 3 0x80002ef0 (0xfe5a2b13) x22 0x00000000
core   0: 0x80002ef4 (0x4185da13) srai    s4, a1, 24
core   0: 3 0x80002ef4 (0x4185da13) x20 0xffffff80
core   0: 0x80002ef8 (0x00000013) nop
core   0: 3 0x80002ef8 (0x00000013)
core   0: 0x80002efc (0x005f1213) slli    tp, t5, 5
core   0: 3 0x80002efc (0x005f1213) x 4 0x00001960
core   0: 0x80002f00 (0x024315b3) mulh    a1, t1, tp
core   0: 3 0x80002f00 (0x024315b3) x11 0x00000000
core   0: 0x80002f04 (0x035efeb3) remu    t4, t4, s5
core   0: 3 0x80002f04 (0x035efeb3) x29 0x00000000
core   0: 0x80002f08 (0x029a6d33) rem     s10, s4, s1
core   0: 3 0x80002f08 (0x029a6d33) x26 0xffffff80
core   0: 0x80002f0c (0x4a226513) ori     a0, tp, 1186
core   0: 3 0x80002f0c (0x4a226513) x10 0x00001de2
core   0: 0x80002f10 (0x01e99293) slli    t0, s3, 30
core   0: 3 0x80002f10 (0x01e99293) x 5 0x00000000
core   0: 0x80002f14 (0x402582b3) sub     t0, a1, sp
core   0: 3 0x80002f14 (0x402582b3) x 5 0x00000000
core   0: 0x80002f18 (0xc4368393) addi    t2, a3, -957
core   0: 3 0x80002f18 (0xc4368393) x 7 0xfffffd42
core   0: 0x80002f1c (0x01db7533) and     a0, s6, t4
core   0: 3 0x80002f1c (0x01db7533) x10 0x00000000
core   0: 0x80002f20 (0x00000013) nop
core   0: 3 0x80002f20 (0x00000013)
core   0: 0x80002f24 (0x41db5213) srai    tp, s6, 29
core   0: 3 0x80002f24 (0x41db5213) x 4 0x00000000
core   0: 0x80002f28 (0x01be9eb3) sll     t4, t4, s11
core   0: 3 0x80002f28 (0x01be9eb3) x29 0x00000000
core   0: 0x80002f2c (0x018c9333) sll     t1, s9, s8
core   0: 3 0x80002f2c (0x018c9333) x 6 0x00000000
core   0: 0x80002f30 (0x4188d113) srai    sp, a7, 24
core   0: 3 0x80002f30 (0x4188d113) x 2 0x0000005c
core   0: 0x80002f34 (0x02b699b3) mulh    s3, a3, a1
core   0: 3 0x80002f34 (0x02b699b3) x19 0x00000000
core   0: 0x80002f38 (0x50cc4213) xori    tp, s8, 1292
core   0: 3 0x80002f38 (0x50cc4213) x 4 0x0000050c
core   0: 0x80002f3c (0x83c62793) slti    a5, a2, -1988
core   0: 3 0x80002f3c (0x83c62793) x15 0x00000000
core   0: 0x80002f40 (0xd65ee213) ori     tp, t4, -667
core   0: 3 0x80002f40 (0xd65ee213) x 4 0xfffffd65
core   0: 0x80002f44 (0x02799033) mulh    zero, s3, t2
core   0: 3 0x80002f44 (0x02799033)
core   0: 0x80002f48 (0x0019dbb3) srl     s7, s3, ra
core   0: 3 0x80002f48 (0x0019dbb3) x23 0x00000000
core   0: 0x80002f4c (0x00b81e33) sll     t3, a6, a1
core   0: 3 0x80002f4c (0x00b81e33) x28 0x80014e64
core   0: 0x80002f50 (0x038960b3) rem     ra, s2, s8
core   0: 3 0x80002f50 (0x038960b3) x 1 0x00000001
core   0: 0x80002f54 (0x168fe193) ori     gp, t6, 360
core   0: 3 0x80002f54 (0x168fe193) x 3 0x19219168
core   0: 0x80002f58 (0x0203b5b3) mulhu   a1, t2, zero
core   0: 3 0x80002f58 (0x0203b5b3) x11 0x00000000
core   0: 0x80002f5c (0x6bcc2793) slti    a5, s8, 1724
core   0: 3 0x80002f5c (0x6bcc2793) x15 0x00000001
core   0: 0x80002f60 (0x4173d1b3) sra     gp, t2, s7
core   0: 3 0x80002f60 (0x4173d1b3) x 3 0xfffffd42
core   0: 0x80002f64 (0x0028bd33) sltu    s10, a7, sp
core   0: 3 0x80002f64 (0x0028bd33) x26 0x00000000
core   0: 0x80002f68 (0x02cb4d33) div     s10, s6, a2
core   0: 3 0x80002f68 (0x02cb4d33) x26 0x00000000
core   0: 0x80002f6c (0x014a7bb3) and     s7, s4, s4
core   0: 3 0x80002f6c (0x014a7bb3) x23 0xffffff80
core   0: 0x80002f70 (0x028c4233) div     tp, s8, s0
core   0: 3 0x80002f70 (0x028c4233) x 4 0x00000000
core   0: 0x80002f74 (0x443a7197) auipc   gp, 0x443a7
core   0: 3 0x80002f74 (0x443a7197) x 3 0xc43a9f74
core   0: 0x80002f78 (0x49c5a9b7) lui     s3, 0x49c5a
core   0: 3 0x80002f78 (0x49c5a9b7) x19 0x49c5a000
core   0: 0x80002f7c (0x03406e33) rem     t3, zero, s4
core   0: 3 0x80002f7c (0x03406e33) x28 0x00000000
core   0: 0x80002f80 (0x0144a5b3) slt     a1, s1, s4
core   0: 3 0x80002f80 (0x0144a5b3) x11 0x00000001
core   0: 0x80002f84 (0x40cad393) srai    t2, s5, 12
core   0: 3 0x80002f84 (0x40cad393) x 7 0x0007082d
core   0: 0x80002f88 (0x01ae1e33) sll     t3, t3, s10
core   0: 3 0x80002f88 (0x01ae1e33) x28 0x00000000
core   0: 0x80002f8c (0x03aac0b3) div     ra, s5, s10
core   0: 3 0x80002f8c (0x03aac0b3) x 1 0xffffffff
core   0: 0x80002f90 (0x00950ab3) add     s5, a0, s1
core   0: 3 0x80002f90 (0x00950ab3) x21 0xae1baeec
core   0: 0x80002f94 (0x017f9f93) slli    t6, t6, 23
core   0: 3 0x80002f94 (0x017f9f93) x31 0x00000000
core   0: 0x80002f98 (0x41cc5a93) srai    s5, s8, 28
core   0: 3 0x80002f98 (0x41cc5a93) x21 0x00000000
core   0: 0x80002f9c (0x00838cb3) add     s9, t2, s0
core   0: 3 0x80002f9c (0x00838cb3) x25 0x0007082e
core   0: 0x80002fa0 (0x2b1e8313) addi    t1, t4, 689
core   0: 3 0x80002fa0 (0x2b1e8313) x 6 0x000002b1
core   0: 0x80002fa4 (0x039b0333) mul     t1, s6, s9
core   0: 3 0x80002fa4 (0x039b0333) x 6 0x00000000
core   0: 0x80002fa8 (0x024be6b3) rem     a3, s7, tp
core   0: 3 0x80002fa8 (0x024be6b3) x13 0xffffff80
core   0: 0x80002fac (0x03d5ae33) mulhsu  t3, a1, t4
core   0: 3 0x80002fac (0x03d5ae33) x28 0x00000000
core   0: 0x80002fb0 (0x86524493) xori    s1, tp, -1947
core   0: 3 0x80002fb0 (0x86524493) x 9 0xfffff865
core   0: 0x80002fb4 (0x050eeb17) auipc   s6, 0x50ee
core   0: 3 0x80002fb4 (0x050eeb17) x22 0x850f0fb4
core   0: 0x80002fb8 (0x348d3037) lui     zero, 0x348d3
core   0: 3 0x80002fb8 (0x348d3037)
core   0: 0x80002fbc (0x00debd33) sltu    s10, t4, a3
core   0: 3 0x80002fbc (0x00debd33) x26 0x00000001
core   0: 0x80002fc0 (0x009be333) or      t1, s7, s1
core   0: 3 0x80002fc0 (0x009be333) x 6 0xffffffe5
core   0: 0x80002fc4 (0xd78ab193) sltiu   gp, s5, -648
core   0: 3 0x80002fc4 (0xd78ab193) x 3 0x00000001
core   0: 0x80002fc8 (0xf00be693) ori     a3, s7, -256
core   0: 3 0x80002fc8 (0xf00be693) x13 0xffffff80
core   0: 0x80002fcc (0x01f69593) slli    a1, a3, 31
core   0: 3 0x80002fcc (0x01f69593) x11 0x00000000
core   0: 0x80002fd0 (0x008c6933) or      s2, s8, s0
core   0: 3 0x80002fd0 (0x008c6933) x18 0x00000001
core   0: 0x80002fd4 (0x01a79f13) slli    t5, a5, 26
core   0: 3 0x80002fd4 (0x01a79f13) x30 0x04000000
core   0: 0x80002fd8 (0x0014c3b3) xor     t2, s1, ra
core   0: 3 0x80002fd8 (0x0014c3b3) x 7 0x0000079a
core   0: 0x80002fdc (0x017a1fb3) sll     t6, s4, s7
core   0: 3 0x80002fdc (0x017a1fb3) x31 0xffffff80
core   0: 0x80002fe0 (0x00a118b3) sll     a7, sp, a0
core   0: 3 0x80002fe0 (0x00a118b3) x17 0x0000005c
core   0: 0x80002fe4 (0x41df0633) sub     a2, t5, t4
core   0: 3 0x80002fe4 (0x41df0633) x12 0x04000000
core   0: 0x80002fe8 (0x033aff33) remu    t5, s5, s3
core   0: 3 0x80002fe8 (0x033aff33) x30 0x00000000
core   0: 0x80002fec (0xbe78e393) ori     t2, a7, -1049
core   0: 3 0x80002fec (0xbe78e393) x 7 0xfffffbff
core   0: 0x80002ff0 (0x00d25793) srli    a5, tp, 13
core   0: 3 0x80002ff0 (0x00d25793) x15 0x00000000
core   0: 0x80002ff4 (0x64302f93) slti    t6, zero, 1603
core   0: 3 0x80002ff4 (0x64302f93) x31 0x00000001
core   0: 0x80002ff8 (0xab31a893) slti    a7, gp, -1357
core   0: 3 0x80002ff8 (0xab31a893) x17 0x00000000
core   0: 0x80002ffc (0x025194b3) mulh    s1, gp, t0
core   0: 3 0x80002ffc (0x025194b3) x 9 0x00000000
core   0: 0x80003000 (0xf9c24e93) xori    t4, tp, -100
core   0: 3 0x80003000 (0xf9c24e93) x29 0xffffff9c
core   0: 0x80003004 (0x007dcc33) xor     s8, s11, t2
core   0: 3 0x80003004 (0x007dcc33) x24 0xfffffbf8
core   0: 0x80003008 (0x0044b8b3) sltu    a7, s1, tp
core   0: 3 0x80003008 (0x0044b8b3) x17 0x00000000
core   0: 0x8000300c (0x00b19013) slli    zero, gp, 11
core   0: 3 0x8000300c (0x00b19013)
core   0: 0x80003010 (0x03f96bb3) rem     s7, s2, t6
core   0: 3 0x80003010 (0x03f96bb3) x23 0x00000000
core   0: 0x80003014 (0x00adc9b3) xor     s3, s11, a0
core   0: 3 0x80003014 (0x00adc9b3) x19 0x00000007
core   0: 0x80003018 (0x03fb56b3) divu    a3, s6, t6
core   0: 3 0x80003018 (0x03fb56b3) x13 0x850f0fb4
core   0: 0x8000301c (0x01bed0b3) srl     ra, t4, s11
core   0: 3 0x8000301c (0x01bed0b3) x 1 0x01ffffff
core   0: 0x80003020 (0x02cae5b3) rem     a1, s5, a2
core   0: 3 0x80003020 (0x02cae5b3) x11 0x00000000
core   0: 0x80003024 (0x006182b3) add     t0, gp, t1
core   0: 3 0x80003024 (0x006182b3) x 5 0xffffffe6
core   0: 0x80003028 (0x01af0d33) add     s10, t5, s10
core   0: 3 0x80003028 (0x01af0d33) x26 0x00000001
core   0: 0x8000302c (0x033ab7b3) mulhu   a5, s5, s3
core   0: 3 0x8000302c (0x033ab7b3) x15 0x00000000
core   0: 0x80003030 (0x032085b3) mul     a1, ra, s2
core   0: 3 0x80003030 (0x032085b3) x11 0x01ffffff
core   0: 0x80003034 (0xec93c417) auipc   s0, 0xec93c
core   0: 3 0x80003034 (0xec93c417) x 8 0x6c93f034
core   0: 0x80003038 (0x01634633) xor     a2, t1, s6
core   0: 3 0x80003038 (0x01634633) x12 0x7af0f051
core   0: 0x8000303c (0x00f946b3) xor     a3, s2, a5
core   0: 3 0x8000303c (0x00f946b3) x13 0x00000001
core   0: 0x80003040 (0x41d982b3) sub     t0, s3, t4
core   0: 3 0x80003040 (0x41d982b3) x 5 0x0000006b
core   0: 0x80003044 (0x016b94b3) sll     s1, s7, s6
core   0: 3 0x80003044 (0x016b94b3) x 9 0x00000000
core   0: 0x80003048 (0x01f77533) and     a0, a4, t6
core   0: 3 0x80003048 (0x01f77533) x10 0x00000000
core   0: 0x8000304c (0x009b9633) sll     a2, s7, s1
core   0: 3 0x8000304c (0x009b9633) x12 0x00000000
core   0: 0x80003050 (0x7bf9ee13) ori     t3, s3, 1983
core   0: 3 0x80003050 (0x7bf9ee13) x28 0x000007bf
core   0: 0x80003054 (0x0227a133) mulhsu  sp, a5, sp
core   0: 3 0x80003054 (0x0227a133) x 2 0x00000000
core   0: 0x80003058 (0x00b435b3) sltu    a1, s0, a1
core   0: 3 0x80003058 (0x00b435b3) x11 0x00000000
core   0: 0x8000305c (0xc837ba13) sltiu   s4, a5, -893
core   0: 3 0x8000305c (0xc837ba13) x20 0x00000001
core   0: 0x80003060 (0x011b9333) sll     t1, s7, a7
core   0: 3 0x80003060 (0x011b9333) x 6 0x00000000
core   0: 0x80003064 (0x02478f33) mul     t5, a5, tp
core   0: 3 0x80003064 (0x02478f33) x30 0x00000000
core   0: 0x80003068 (0x01939293) slli    t0, t2, 25
core   0: 3 0x80003068 (0x01939293) x 5 0xfe000000
core   0: 0x8000306c (0x026cf2b3) remu    t0, s9, t1
core   0: 3 0x8000306c (0x026cf2b3) x 5 0x0007082e
core   0: 0x80003070 (0x03bc46b3) div     a3, s8, s11
core   0: 3 0x80003070 (0x03bc46b3) x13 0xffffff6d
core   0: 0x80003074 (0x009a9fb3) sll     t6, s5, s1
core   0: 3 0x80003074 (0x009a9fb3) x31 0x00000000
core   0: 0x80003078 (0x00c61d33) sll     s10, a2, a2
core   0: 3 0x80003078 (0x00c61d33) x26 0x00000000
core   0: 0x8000307c (0x037adb33) divu    s6, s5, s7
core   0: 3 0x8000307c (0x037adb33) x22 0xffffffff
core   0: 0x80003080 (0x0191e2b3) or      t0, gp, s9
core   0: 3 0x80003080 (0x0191e2b3) x 5 0x0007082f
core   0: 0x80003084 (0x7ad43913) sltiu   s2, s0, 1965
core   0: 3 0x80003084 (0x7ad43913) x18 0x00000000
core   0: 0x80003088 (0x4afc6013) ori     zero, s8, 1199
core   0: 3 0x80003088 (0x4afc6013)
core   0: 0x8000308c (0x036615b3) mulh    a1, a2, s6
core   0: 3 0x8000308c (0x036615b3) x11 0x00000000
core   0: 0x80003090 (0x039414b3) mulh    s1, s0, s9
core   0: 3 0x80003090 (0x039414b3) x 9 0x0002fb83
core   0: 0x80003094 (0x025c5ab3) divu    s5, s8, t0
core   0: 3 0x80003094 (0x025c5ab3) x21 0x00002467
core   0: 0x80003098 (0x7bb4deb7) lui     t4, 0x7bb4d
core   0: 3 0x80003098 (0x7bb4deb7) x29 0x7bb4d000
core   0: 0x8000309c (0x01005c93) srli    s9, zero, 16
core   0: 3 0x8000309c (0x01005c93) x25 0x00000000
core   0: 0x800030a0 (0x00d49033) sll     zero, s1, a3
core   0: 3 0x800030a0 (0x00d49033)
core   0: 0x800030a4 (0x40210a33) sub     s4, sp, sp
core   0: 3 0x800030a4 (0x40210a33) x20 0x00000000
core   0: 0x800030a8 (0x4175db13) srai    s6, a1, 23
core   0: 3 0x800030a8 (0x4175db13) x22 0x00000000
core   0: 0x800030ac (0xf6010113) addi    sp, sp, -160
core   0: 3 0x800030ac (0xf6010113) x 2 0xffffff60
core   0: 0x800030b0 (0x0085eab3) or      s5, a1, s0
core   0: 3 0x800030b0 (0x0085eab3) x21 0x6c93f034
core   0: 0x800030b4 (0x00321633) sll     a2, tp, gp
core   0: 3 0x800030b4 (0x00321633) x12 0x00000000
core   0: 0x800030b8 (0x00fe1893) slli    a7, t3, 15
core   0: 3 0x800030b8 (0x00fe1893) x17 0x03df8000
core   0: 0x800030bc (0x01b9e033) or      zero, s3, s11
core   0: 3 0x800030bc (0x01b9e033)
core   0: 0x800030c0 (0xbce5c317) auipc   t1, 0xbce5c
core   0: 3 0x800030c0 (0xbce5c317) x 6 0x3ce5f0c0
core   0: 0x800030c4 (0x00bc2bb3) slt     s7, s8, a1
core   0: 3 0x800030c4 (0x00bc2bb3) x23 0x00000001
core   0: 0x800030c8 (0x026bceb3) div     t4, s7, t1
core   0: 3 0x800030c8 (0x026bceb3) x29 0x00000000
core   0: 0x800030cc (0xae810593) addi    a1, sp, -1304
core   0: 3 0x800030cc (0xae810593) x11 0xfffffa48
core   0: 0x800030d0 (0x01a802b3) add     t0, a6, s10
core   0: 3 0x800030d0 (0x01a802b3) x 5 0x80014e64
core   0: 0x800030d4 (0x01166433) or      s0, a2, a7
core   0: 3 0x800030d4 (0x01166433) x 8 0x03df8000
core   0: 0x800030d8 (0x027f6233) rem     tp, t5, t2
core   0: 3 0x800030d8 (0x027f6233) x 4 0x00000000
core   0: 0x800030dc (0x0037c5b3) xor     a1, a5, gp
core   0: 3 0x800030dc (0x0037c5b3) x11 0x00000001
core   0: 0x800030e0 (0x01579933) sll     s2, a5, s5
core   0: 3 0x800030e0 (0x01579933) x18 0x00000000
core   0: 0x800030e4 (0x038ad933) divu    s2, s5, s8
core   0: 3 0x800030e4 (0x038ad933) x18 0x00000000
core   0: 0x800030e8 (0x25887617) auipc   a2, 0x25887
core   0: 3 0x800030e8 (0x25887617) x12 0xa588a0e8
core   0: 0x800030ec (0x03331a33) mulh    s4, t1, s3
core   0: 3 0x800030ec (0x03331a33) x20 0x00000001
core   0: 0x800030f0 (0x9cd00d17) auipc   s10, 0x9cd00
core   0: 3 0x800030f0 (0x9cd00d17) x26 0x1cd030f0
core   0: 0x800030f4 (0x9fb8ee13) ori     t3, a7, -1541
core   0: 3 0x800030f4 (0x9fb8ee13) x28 0xfffff9fb
core   0: 0x800030f8 (0x9517a113) slti    sp, a5, -1711
core   0: 3 0x800030f8 (0x9517a113) x 2 0x00000000
core   0: 0x800030fc (0x033617b3) mulh    a5, a2, s3
core   0: 3 0x800030fc (0x033617b3) x15 0xfffffffd
core   0: 0x80003100 (0xdc8de793) ori     a5, s11, -568
core   0: 3 0x80003100 (0xdc8de793) x15 0xfffffdcf
core   0: 0x80003104 (0x023e7533) remu    a0, t3, gp
core   0: 3 0x80003104 (0x023e7533) x10 0x00000000
core   0: 0x80003108 (0x05d22797) auipc   a5, 0x5d22
core   0: 3 0x80003108 (0x05d22797) x15 0x85d25108
core   0: 0x8000310c (0x02d4fb33) remu    s6, s1, a3
core   0: 3 0x8000310c (0x02d4fb33) x22 0x0002fb83
core   0: 0x80003110 (0x0127efb3) or      t6, a5, s2
core   0: 3 0x80003110 (0x0127efb3) x31 0x85d25108
core   0: 0x80003114 (0x40638a33) sub     s4, t2, t1
core   0: 3 0x80003114 (0x40638a33) x20 0xc31a0b3f
core   0: 0x80003118 (0x014aaa33) slt     s4, s5, s4
core   0: 3 0x80003118 (0x014aaa33) x20 0x00000000
core   0: 0x8000311c (0x03af7b33) remu    s6, t5, s10
core   0: 3 0x8000311c (0x03af7b33) x22 0x00000000
core   0: 0x80003120 (0x405d89b3) sub     s3, s11, t0
core   0: 3 0x80003120 (0x405d89b3) x19 0x7ffeb1a3
core   0: 0x80003124 (0x00000013) nop
core   0: 3 0x80003124 (0x00000013)
core   0: 0x80003128 (0x37876a93) ori     s5, a4, 888
core   0: 3 0x80003128 (0x37876a93) x21 0x80018ffc
core   0: 0x8000312c (0x72eff913) andi    s2, t6, 1838
core   0: 3 0x8000312c (0x72eff913) x18 0x00000108
core   0: 0x80003130 (0x4ed92cb7) lui     s9, 0x4ed92
core   0: 3 0x80003130 (0x4ed92cb7) x25 0x4ed92000
core   0: 0x80003134 (0x97402c97) auipc   s9, 0x97402
core   0: 3 0x80003134 (0x97402c97) x25 0x17405134
core   0: 0x80003138 (0x02a86333) rem     t1, a6, a0
core   0: 3 0x80003138 (0x02a86333) x 6 0x80014e64
core   0: 0x8000313c (0x01b1acb3) slt     s9, gp, s11
core   0: 3 0x8000313c (0x01b1acb3) x25 0x00000001
core   0: 0x80003140 (0xedfda513) slti    a0, s11, -289
core   0: 3 0x80003140 (0xedfda513) x10 0x00000000
core   0: 0x80003144 (0xdc7b8f93) addi    t6, s7, -569
core   0: 3 0x80003144 (0xdc7b8f93) x31 0xfffffdc8
core   0: 0x80003148 (0x01c0d313) srli    t1, ra, 28
core   0: 3 0x80003148 (0x01c0d313) x 6 0x00000000
core   0: 0x8000314c (0xe21aad13) slti    s10, s5, -479
core   0: 3 0x8000314c (0xe21aad13) x26 0x00000001
core   0: 0x80003150 (0x01d511b3) sll     gp, a0, t4
core   0: 3 0x80003150 (0x01d511b3) x 3 0x00000000
core   0: 0x80003154 (0x0141e8b3) or      a7, gp, s4
core   0: 3 0x80003154 (0x0141e8b3) x17 0x00000000
core   0: 0x80003158 (0x897a4413) xori    s0, s4, -1897
core   0: 3 0x80003158 (0x897a4413) x 8 0xfffff897
core   0: 0x8000315c (0xb1a52e13) slti    t3, a0, -1254
core   0: 3 0x8000315c (0xb1a52e13) x28 0x00000000
core   0: 0x80003160 (0x143fe593) ori     a1, t6, 323
core   0: 3 0x80003160 (0x143fe593) x11 0xfffffdcb
core   0: 0x80003164 (0x0172cd33) xor     s10, t0, s7
core   0: 3 0x80003164 (0x0172cd33) x26 0x80014e65
core   0: 0x80003168 (0x0108c633) xor     a2, a7, a6
core   0: 3 0x80003168 (0x0108c633) x12 0x80014e64
core   0: 0x8000316c (0x006f7933) and     s2, t5, t1
core   0: 3 0x8000316c (0x006f7933) x18 0x00000000
core   0: 0x80003170 (0x41480fb3) sub     t6, a6, s4
core   0: 3 0x80003170 (0x41480fb3) x31 0x80014e64
core   0: 0x80003174 (0x01af9f33) sll     t5, t6, s10
core   0: 3 0x80003174 (0x01af9f33) x30 0x0029cc80
core   0: 0x80003178 (0x00ba16b3) sll     a3, s4, a1
core   0: 3 0x80003178 (0x00ba16b3) x13 0x00000000
core   0: 0x8000317c (0x01ba6233) or      tp, s4, s11
core   0: 3 0x8000317c (0x01ba6233) x 4 0x00000007
core   0: 0x80003180 (0x00ac1913) slli    s2, s8, 10
core   0: 3 0x80003180 (0x00ac1913) x18 0xffefe000
core   0: 0x80003184 (0x00a61913) slli    s2, a2, 10
core   0: 3 0x80003184 (0x00a61913) x18 0x05399000
core   0: 0x80003188 (0x62b97793) andi    a5, s2, 1579
core   0: 3 0x80003188 (0x62b97793) x15 0x00000000
core   0: 0x8000318c (0x4121d313) srai    t1, gp, 18
core   0: 3 0x8000318c (0x4121d313) x 6 0x00000000
core   0: 0x80003190 (0x01ecdfb3) srl     t6, s9, t5
core   0: 3 0x80003190 (0x01ecdfb3) x31 0x00000001
core   0: 0x80003194 (0x01130633) add     a2, t1, a7
core   0: 3 0x80003194 (0x01130633) x12 0x00000000
core   0: 0x80003198 (0x40ba87b3) sub     a5, s5, a1
core   0: 3 0x80003198 (0x40ba87b3) x15 0x80019231
core   0: 0x8000319c (0xd8f26397) auipc   t2, 0xd8f26
core   0: 3 0x8000319c (0xd8f26397) x 7 0x58f2919c
core   0: 0x800031a0 (0x03d43ab3) mulhu   s5, s0, t4
core   0: 3 0x800031a0 (0x03d43ab3) x21 0x00000000
core   0: 0x800031a4 (0x00106eb3) or      t4, zero, ra
core   0: 3 0x800031a4 (0x00106eb3) x29 0x01ffffff
core   0: 0x800031a8 (0x00f8fd33) and     s10, a7, a5
core   0: 3 0x800031a8 (0x00f8fd33) x26 0x00000000
core   0: 0x800031ac (0x00b8d693) srli    a3, a7, 11
core   0: 3 0x800031ac (0x00b8d693) x13 0x00000000
core   0: 0x800031b0 (0x01501933) sll     s2, zero, s5
core   0: 3 0x800031b0 (0x01501933) x18 0x00000000
core   0: 0x800031b4 (0x0e4c6913) ori     s2, s8, 228
core   0: 3 0x800031b4 (0x0e4c6913) x18 0xfffffbfc
core   0: 0x800031b8 (0x00000013) nop
core   0: 3 0x800031b8 (0x00000013)
core   0: 0x800031bc (0x40510217) auipc   tp, 0x40510
core   0: 3 0x800031bc (0x40510217) x 4 0xc05131bc
core   0: 0x800031c0 (0xf525c493) xori    s1, a1, -174
core   0: 3 0x800031c0 (0xf525c493) x 9 0x00000299
core   0: 0x800031c4 (0x93372393) slti    t2, a4, -1741
core   0: 3 0x800031c4 (0x93372393) x 7 0x00000001
core   0: 0x800031c8 (0x00571c13) slli    s8, a4, 5
core   0: 3 0x800031c8 (0x00571c13) x24 0x00319c80
core   0: 0x800031cc (0x01476e33) or      t3, a4, s4
core   0: 3 0x800031cc (0x01476e33) x28 0x80018ce4
core   0: 0x800031d0 (0x00b39ab3) sll     s5, t2, a1
core   0: 3 0x800031d0 (0x00b39ab3) x21 0x00000800
core   0: 0x800031d4 (0x025a3a33) mulhu   s4, s4, t0
core   0: 3 0x800031d4 (0x025a3a33) x20 0x00000000
core   0: 0x800031d8 (0x0195f133) and     sp, a1, s9
core   0: 3 0x800031d8 (0x0195f133) x 2 0x00000001
core   0: 0x800031dc (0xb2af2d17) auipc   s10, 0xb2af2
core   0: 3 0x800031dc (0xb2af2d17) x26 0x32af51dc
core   0: 0x800031e0 (0x009b8133) add     sp, s7, s1
core   0: 3 0x800031e0 (0x009b8133) x 2 0x0000029a
core   0: 0x800031e4 (0x410988b3) sub     a7, s3, a6
core   0: 3 0x800031e4 (0x410988b3) x17 0xfffd633f
core   0: 0x800031e8 (0x0048a333) slt     t1, a7, tp
core   0: 3 0x800031e8 (0x0048a333) x 6 0x00000000
core   0: 0x800031ec (0x01ea6b33) or      s6, s4, t5
core   0: 3 0x800031ec (0x01ea6b33) x22 0x0029cc80
core   0: 0x800031f0 (0x009e3533) sltu    a0, t3, s1
core   0: 3 0x800031f0 (0x009e3533) x10 0x00000000
core   0: 0x800031f4 (0x02a2bcb3) mulhu   s9, t0, a0
core   0: 3 0x800031f4 (0x02a2bcb3) x25 0x00000000
core   0: 0x800031f8 (0x007cb5b3) sltu    a1, s9, t2
core   0: 3 0x800031f8 (0x007cb5b3) x11 0x00000001
core   0: 0x800031fc (0x030ef933) remu    s2, t4, a6
core   0: 3 0x800031fc (0x030ef933) x18 0x01ffffff
core   0: 0x80003200 (0x02245c33) divu    s8, s0, sp
core   0: 3 0x80003200 (0x02245c33) x24 0x00626700
core   0: 0x80003204 (0x0199b1b3) sltu    gp, s3, s9
core   0: 3 0x80003204 (0x0199b1b3) x 3 0x00000000
core   0: 0x80003208 (0x0198e133) or      sp, a7, s9
core   0: 3 0x80003208 (0x0198e133) x 2 0xfffd633f
core   0: 0x8000320c (0x02cf6d33) rem     s10, t5, a2
core   0: 3 0x8000320c (0x02cf6d33) x26 0x0029cc80
core   0: 0x80003210 (0x034ca633) mulhsu  a2, s9, s4
core   0: 3 0x80003210 (0x034ca633) x12 0x00000000
core   0: 0x80003214 (0x00d2e533) or      a0, t0, a3
core   0: 3 0x80003214 (0x00d2e533) x10 0x80014e64
core   0: 0x80003218 (0xd77ac393) xori    t2, s5, -649
core   0: 3 0x80003218 (0xd77ac393) x 7 0xfffff577
core   0: 0x8000321c (0x01099b13) slli    s6, s3, 16
core   0: 3 0x8000321c (0x01099b13) x22 0xb1a30000
core   0: 0x80003220 (0x02747b33) remu    s6, s0, t2
core   0: 3 0x80003220 (0x02747b33) x22 0x00000320
core   0: 0x80003224 (0x41b10033) sub     zero, sp, s11
core   0: 3 0x80003224 (0x41b10033)
core   0: 0x80003228 (0x00f52633) slt     a2, a0, a5
core   0: 3 0x80003228 (0x00f52633) x12 0x00000001
core   0: 0x8000322c (0x403e0a33) sub     s4, t3, gp
core   0: 3 0x8000322c (0x403e0a33) x20 0x80018ce4
core   0: 0x80003230 (0x938bb893) sltiu   a7, s7, -1736
core   0: 3 0x80003230 (0x938bb893) x17 0x00000001
core   0: 0x80003234 (0x41215b33) sra     s6, sp, s2
core   0: 3 0x80003234 (0x41215b33) x22 0xffffffff
core   0: 0x80003238 (0x2528d317) auipc   t1, 0x2528d
core   0: 3 0x80003238 (0x2528d317) x 6 0xa5290238
core   0: 0x8000323c (0x012f5333) srl     t1, t5, s2
core   0: 3 0x8000323c (0x012f5333) x 6 0x00000000
core   0: 0x80003240 (0x021a0033) mul     zero, s4, ra
core   0: 3 0x80003240 (0x021a0033)
core   0: 0x80003244 (0x03d016b3) mulh    a3, zero, t4
core   0: 3 0x80003244 (0x03d016b3) x13 0x00000000
core   0: 0x80003248 (0x03e23b33) mulhu   s6, tp, t5
core   0: 3 0x80003248 (0x03e23b33) x22 0x001f66a1
core   0: 0x8000324c (0x0384c1b3) div     gp, s1, s8
core   0: 3 0x8000324c (0x0384c1b3) x 3 0x00000000
core   0: 0x80003250 (0x00c3c333) xor     t1, t2, a2
core   0: 3 0x80003250 (0x00c3c333) x 6 0xfffff576
core   0: 0x80003254 (0x01385cb3) srl     s9, a6, s3
core   0: 3 0x80003254 (0x01385cb3) x25 0x100029cc
core   0: 0x80003258 (0x41a30033) sub     zero, t1, s10
core   0: 3 0x80003258 (0x41a30033)
core   0: 0x8000325c (0x03827933) remu    s2, tp, s8
core   0: 3 0x8000325c (0x03827933) x18 0x002005bc
core   0: 0x80003260 (0x010db033) sltu    zero, s11, a6
core   0: 3 0x80003260 (0x010db033)
core   0: 0x80003264 (0x0100aa33) slt     s4, ra, a6
core   0: 3 0x80003264 (0x0100aa33) x20 0x00000000
core   0: 0x80003268 (0xafdb3993) sltiu   s3, s6, -1283
core   0: 3 0x80003268 (0xafdb3993) x19 0x00000001
core   0: 0x8000326c (0x41d1d7b3) sra     a5, gp, t4
core   0: 3 0x8000326c (0x41d1d7b3) x15 0x00000000
core   0: 0x80003270 (0x00620333) add     t1, tp, t1
core   0: 3 0x80003270 (0x00620333) x 6 0xc0512732
core   0: 0x80003274 (0x02cfe633) rem     a2, t6, a2
core   0: 3 0x80003274 (0x02cfe633) x12 0x00000000
core   0: 0x80003278 (0xa4054013) xori    zero, a0, -1472
core   0: 3 0x80003278 (0xa4054013)
core   0: 0x8000327c (0xef530113) addi    sp, t1, -267
core   0: 3 0x8000327c (0xef530113) x 2 0xc0512627
core   0: 0x80003280 (0x02ad4c33) div     s8, s10, a0
core   0: 3 0x80003280 (0x02ad4c33) x24 0x00000000
core   0: 0x80003284 (0x037fa333) mulhsu  t1, t6, s7
core   0: 3 0x80003284 (0x037fa333) x 6 0x00000000
core   0: 0x80003288 (0x029b03b3) mul     t2, s6, s1
core   0: 3 0x80003288 (0x029b03b3) x 7 0x51919839
core   0: 0x8000328c (0x01c56e33) or      t3, a0, t3
core   0: 3 0x8000328c (0x01c56e33) x28 0x8001cee4
core   0: 0x80003290 (0x33048a93) addi    s5, s1, 816
core   0: 3 0x80003290 (0x33048a93) x21 0x000005c9
core   0: 0x80003294 (0x00000013) nop
core   0: 3 0x80003294 (0x00000013)
core   0: 0x80003298 (0x7bfbe413) ori     s0, s7, 1983
core   0: 3 0x80003298 (0x7bfbe413) x 8 0x000007bf
core   0: 0x8000329c (0xeb803413) sltiu   s0, zero, -328
core   0: 3 0x8000329c (0xeb803413) x 8 0x00000001
core   0: 0x800032a0 (0x03489533) mulh    a0, a7, s4
core   0: 3 0x800032a0 (0x03489533) x10 0x00000000
core   0: 0x800032a4 (0x349d8513) addi    a0, s11, 841
core   0: 3 0x800032a4 (0x349d8513) x10 0x00000350
core   0: 0x800032a8 (0x00000013) nop
core   0: 3 0x800032a8 (0x00000013)
core   0: 0x800032ac (0x01864a33) xor     s4, a2, s8
core   0: 3 0x800032ac (0x01864a33) x20 0x00000000
core   0: 0x800032b0 (0x00542633) slt     a2, s0, t0
core   0: 3 0x800032b0 (0x00542633) x12 0x00000000
core   0: 0x800032b4 (0x00b6dc93) srli    s9, a3, 11
core   0: 3 0x800032b4 (0x00b6dc93) x25 0x00000000
core   0: 0x800032b8 (0xeebfd017) auipc   zero, 0xeebfd
core   0: 3 0x800032b8 (0xeebfd017)
core   0: 0x800032bc (0x00000013) nop
core   0: 3 0x800032bc (0x00000013)
core   0: 0x800032c0 (0x00a09613) slli    a2, ra, 10
core   0: 3 0x800032c0 (0x00a09613) x12 0xfffffc00
core   0: 0x800032c4 (0x033ad2b3) divu    t0, s5, s3
core   0: 3 0x800032c4 (0x033ad2b3) x 5 0x000005c9
core   0: 0x800032c8 (0xa51fab13) slti    s6, t6, -1455
core   0: 3 0x800032c8 (0xa51fab13) x22 0x00000000
core   0: 0x800032cc (0x0079d0b3) srl     ra, s3, t2
core   0: 3 0x800032cc (0x0079d0b3) x 1 0x00000000
core   0: 0x800032d0 (0x00ae1593) slli    a1, t3, 10
core   0: 3 0x800032d0 (0x00ae1593) x11 0x073b9000
core   0: 0x800032d4 (0x41825893) srai    a7, tp, 24
core   0: 3 0x800032d4 (0x41825893) x17 0xffffffc0
core   0: 0x800032d8 (0x01dc1e33) sll     t3, s8, t4
core   0: 3 0x800032d8 (0x01dc1e33) x28 0x00000000
core   0: 0x800032dc (0x3f7b6c13) ori     s8, s6, 1015
core   0: 3 0x800032dc (0x3f7b6c13) x24 0x000003f7
core   0: 0x800032e0 (0x038766b3) rem     a3, a4, s8
core   0: 3 0x800032e0 (0x038766b3) x13 0xfffffead
core   0: 0x800032e4 (0x356df293) andi    t0, s11, 854
core   0: 3 0x800032e4 (0x356df293) x 5 0x00000006
core   0: 0x800032e8 (0xde30ed13) ori     s10, ra, -541
core   0: 3 0x800032e8 (0xde30ed13) x26 0xfffffde3
core   0: 0x800032ec (0x00a9b533) sltu    a0, s3, a0
core   0: 3 0x800032ec (0x00a9b533) x10 0x00000001
core   0: 0x800032f0 (0x0292b9b3) mulhu   s3, t0, s1
core   0: 3 0x800032f0 (0x0292b9b3) x19 0x00000000
core   0: 0x800032f4 (0x00dfb4b3) sltu    s1, t6, a3
core   0: 3 0x800032f4 (0x00dfb4b3) x 9 0x00000001
core   0: 0x800032f8 (0x034cd233) divu    tp, s9, s4
core   0: 3 0x800032f8 (0x034cd233) x 4 0xffffffff
core   0: 0x800032fc (0x01f80633) add     a2, a6, t6
core   0: 3 0x800032fc (0x01f80633) x12 0x80014e65
core   0: 0x80003300 (0x4096dc33) sra     s8, a3, s1
core   0: 3 0x80003300 (0x4096dc33) x24 0xffffff56
core   0: 0x80003304 (0x41020233) sub     tp, tp, a6
core   0: 3 0x80003304 (0x41020233) x 4 0x7ffeb19b
core   0: 0x80003308 (0x00a36333) or      t1, t1, a0
core   0: 3 0x80003308 (0x00a36333) x 6 0x00000001
core   0: 0x8000330c (0x03fff3b3) remu    t2, t6, t6
core   0: 3 0x8000330c (0x03fff3b3) x 7 0x00000000
core   0: 0x80003310 (0x03bc8933) mul     s2, s9, s11
core   0: 3 0x80003310 (0x03bc8933) x18 0x00000000
core   0: 0x80003314 (0x0cb9f293) andi    t0, s3, 203
core   0: 3 0x80003314 (0x0cb9f293) x 5 0x00000000
core   0: 0x80003318 (0x4cd12113) slti    sp, sp, 1229
core   0: 3 0x80003318 (0x4cd12113) x 2 0x00000001
core   0: 0x8000331c (0x926fe993) ori     s3, t6, -1754
core   0: 3 0x8000331c (0x926fe993) x19 0xfffff927
core   0: 0x80003320 (0x415a87b3) sub     a5, s5, s5
core   0: 3 0x80003320 (0x415a87b3) x15 0x00000000
core   0: 0x80003324 (0x00e697b3) sll     a5, a3, a4
core   0: 3 0x80003324 (0x00e697b3) x15 0xffffead0
core   0: 0x80003328 (0x40038d33) sub     s10, t2, zero
core   0: 3 0x80003328 (0x40038d33) x26 0x00000000
core   0: 0x8000332c (0x02837033) remu    zero, t1, s0
core   0: 3 0x8000332c (0x02837033)
core   0: 0x80003330 (0x02bae2b3) rem     t0, s5, a1
core   0: 3 0x80003330 (0x02bae2b3) x 5 0x000005c9
core   0: 0x80003334 (0x00000013) nop
core   0: 3 0x80003334 (0x00000013)
core   0: 0x80003338 (0x029a3cb3) mulhu   s9, s4, s1
core   0: 3 0x80003338 (0x029a3cb3) x25 0x00000000
core   0: 0x8000333c (0x0122abb3) slt     s7, t0, s2
core   0: 3 0x8000333c (0x0122abb3) x23 0x00000000
core   0: 0x80003340 (0xeb116f13) ori     t5, sp, -335
core   0: 3 0x80003340 (0xeb116f13) x30 0xfffffeb1
core   0: 0x80003344 (0x01c5ce33) xor     t3, a1, t3
core   0: 3 0x80003344 (0x01c5ce33) x28 0x073b9000
core   0: 0x80003348 (0x01caf033) and     zero, s5, t3
core   0: 3 0x80003348 (0x01caf033)
core   0: 0x8000334c (0x00d053b3) srl     t2, zero, a3
core   0: 3 0x8000334c (0x00d053b3) x 7 0x00000000
core   0: 0x80003350 (0x31b10e93) addi    t4, sp, 795
core   0: 3 0x80003350 (0x31b10e93) x29 0x0000031c
core   0: 0x80003354 (0x007d6a33) or      s4, s10, t2
core   0: 3 0x80003354 (0x007d6a33) x20 0x00000000
core   0: 0x80003358 (0x02ff5a33) divu    s4, t5, a5
core   0: 3 0x80003358 (0x02ff5a33) x20 0x00000001
core   0: 0x8000335c (0x00b3ecb3) or      s9, t2, a1
core   0: 3 0x8000335c (0x00b3ecb3) x25 0x073b9000
core   0: 0x80003360 (0x10c16793) ori     a5, sp, 268
core   0: 3 0x80003360 (0x10c16793) x15 0x0000010d
core   0: 0x80003364 (0x00000013) nop
core   0: 3 0x80003364 (0x00000013)
core   0: 0x80003368 (0x41dbd633) sra     a2, s7, t4
core   0: 3 0x80003368 (0x41dbd633) x12 0x00000000
core   0: 0x8000336c (0x419351b3) sra     gp, t1, s9
core   0: 3 0x8000336c (0x419351b3) x 3 0x00000001
core   0: 0x80003370 (0x022def33) rem     t5, s11, sp
core   0: 3 0x80003370 (0x022def33) x30 0x00000000
core   0: 0x80003374 (0x8900e193) ori     gp, ra, -1904
core   0: 3 0x80003374 (0x8900e193) x 3 0xfffff890
core   0: 0x80003378 (0x00cb17b3) sll     a5, s6, a2
core   0: 3 0x80003378 (0x00cb17b3) x15 0x00000000
core   0: 0x8000337c (0x1fb0c593) xori    a1, ra, 507
core   0: 3 0x8000337c (0x1fb0c593) x11 0x000001fb
core   0: 0x80003380 (0x002e12b3) sll     t0, t3, sp
core   0: 3 0x80003380 (0x002e12b3) x 5 0x0e772000
core   0: 0x80003384 (0xc973ab17) auipc   s6, 0xc973a
core   0: 3 0x80003384 (0xc973ab17) x22 0x4973d384
core   0: 0x80003388 (0x75664313) xori    t1, a2, 1878
core   0: 3 0x80003388 (0x75664313) x 6 0x00000756
core   0: 0x8000338c (0x58b0f693) andi    a3, ra, 1419
core   0: 3 0x8000338c (0x58b0f693) x13 0x00000000
core   0: 0x80003390 (0x00000013) nop
core   0: 3 0x80003390 (0x00000013)
core   0: 0x80003394 (0x4e9f7d13) andi    s10, t5, 1257
core   0: 3 0x80003394 (0x4e9f7d13) x26 0x00000000
core   0: 0x80003398 (0x1487f597) auipc   a1, 0x1487f
core   0: 3 0x80003398 (0x1487f597) x11 0x94882398
core   0: 0x8000339c (0x96923013) sltiu   zero, tp, -1687
core   0: 3 0x8000339c (0x96923013)
core   0: 0x800033a0 (0x031d5e33) divu    t3, s10, a7
core   0: 3 0x800033a0 (0x031d5e33) x28 0x00000000
core   0: 0x800033a4 (0x01c039b3) snez    s3, t3
core   0: 3 0x800033a4 (0x01c039b3) x19 0x00000000
core   0: 0x800033a8 (0x8a4ca993) slti    s3, s9, -1884
core   0: 3 0x800033a8 (0x8a4ca993) x19 0x00000000
core   0: 0x800033ac (0x40065d33) sra     s10, a2, zero
core   0: 3 0x800033ac (0x40065d33) x26 0x00000000
core   0: 0x800033b0 (0x00ee07b3) add     a5, t3, a4
core   0: 3 0x800033b0 (0x00ee07b3) x15 0x80018ce4
core   0: 0x800033b4 (0xa33c3413) sltiu   s0, s8, -1485
core   0: 3 0x800033b4 (0xa33c3413) x 8 0x00000000
core   0: 0x800033b8 (0xe1d88793) addi    a5, a7, -483
core   0: 3 0x800033b8 (0xe1d88793) x15 0xfffffddd
core   0: 0x800033bc (0x0053dbb3) srl     s7, t2, t0
core   0: 3 0x800033bc (0x0053dbb3) x23 0x00000000
core   0: 0x800033c0 (0xec38b993) sltiu   s3, a7, -317
core   0: 3 0x800033c0 (0xec38b993) x19 0x00000000
core   0: 0x800033c4 (0x033ac233) div     tp, s5, s3
core   0: 3 0x800033c4 (0x033ac233) x 4 0xffffffff
core   0: 0x800033c8 (0x032dbd33) mulhu   s10, s11, s2
core   0: 3 0x800033c8 (0x032dbd33) x26 0x00000000
core   0: 0x800033cc (0x026668b3) rem     a7, a2, t1
core   0: 3 0x800033cc (0x026668b3) x17 0x00000000
core   0: 0x800033d0 (0x037dad33) mulhsu  s10, s11, s7
core   0: 3 0x800033d0 (0x037dad33) x26 0x00000000
core   0: 0x800033d4 (0x4056d113) srai    sp, a3, 5
core   0: 3 0x800033d4 (0x4056d113) x 2 0x00000000
core   0: 0x800033d8 (0x00fdf233) and     tp, s11, a5
core   0: 3 0x800033d8 (0x00fdf233) x 4 0x00000005
core   0: 0x800033dc (0x417f5433) sra     s0, t5, s7
core   0: 3 0x800033dc (0x417f5433) x 8 0x00000000
core   0: 0x800033e0 (0x03f76133) rem     sp, a4, t6
core   0: 3 0x800033e0 (0x03f76133) x 2 0x00000000
core   0: 0x800033e4 (0x00e1c4b3) xor     s1, gp, a4
core   0: 3 0x800033e4 (0x00e1c4b3) x 9 0x7ffe7474
core   0: 0x800033e8 (0x01fadbb3) srl     s7, s5, t6
core   0: 3 0x800033e8 (0x01fadbb3) x23 0x000002e4
core   0: 0x800033ec (0xa93daa93) slti    s5, s11, -1389
core   0: 3 0x800033ec (0xa93daa93) x21 0x00000000
core   0: 0x800033f0 (0x003c4fb3) xor     t6, s8, gp
core   0: 3 0x800033f0 (0x003c4fb3) x31 0x000007c6
core   0: 0x800033f4 (0x0207e7b3) rem     a5, a5, zero
core   0: 3 0x800033f4 (0x0207e7b3) x15 0xfffffddd
core   0: 0x800033f8 (0x00787a33) and     s4, a6, t2
core   0: 3 0x800033f8 (0x00787a33) x20 0x00000000
core   0: 0x800033fc (0x03b6dcb3) divu    s9, a3, s11
core   0: 3 0x800033fc (0x03b6dcb3) x25 0x00000000
core   0: 0x80003400 (0x01441a33) sll     s4, s0, s4
core   0: 3 0x80003400 (0x01441a33) x20 0x00000000
core   0: 0x80003404 (0x8c61b393) sltiu   t2, gp, -1850
core   0: 3 0x80003404 (0x8c61b393) x 7 0x00000001
core   0: 0x80003408 (0x40d05213) srai    tp, zero, 13
core   0: 3 0x80003408 (0x40d05213) x 4 0x00000000
core   0: 0x8000340c (0xeb815e17) auipc   t3, 0xeb815
core   0: 3 0x8000340c (0xeb815e17) x28 0x6b81840c
core   0: 0x80003410 (0x00615693) srli    a3, sp, 6
core   0: 3 0x80003410 (0x00615693) x13 0x00000000
core   0: 0x80003414 (0x02121233) mulh    tp, tp, ra
core   0: 3 0x80003414 (0x02121233) x 4 0x00000000
core   0: 0x80003418 (0x03809bb3) mulh    s7, ra, s8
core   0: 3 0x80003418 (0x03809bb3) x23 0x00000000
core   0: 0x8000341c (0x5e63a493) slti    s1, t2, 1510
core   0: 3 0x8000341c (0x5e63a493) x 9 0x00000001
core   0: 0x80003420 (0x00195093) srli    ra, s2, 1
core   0: 3 0x80003420 (0x00195093) x 1 0x00000000
core   0: 0x80003424 (0xb8e69617) auipc   a2, 0xb8e69
core   0: 3 0x80003424 (0xb8e69617) x12 0x38e6c424
core   0: 0x80003428 (0x0164bf33) sltu    t5, s1, s6
core   0: 3 0x80003428 (0x0164bf33) x30 0x00000001
core   0: 0x8000342c (0x01f9c133) xor     sp, s3, t6
core   0: 3 0x8000342c (0x01f9c133) x 2 0x000007c6
core   0: 0x80003430 (0x002f0cb3) add     s9, t5, sp
core   0: 3 0x80003430 (0x002f0cb3) x25 0x000007c7
core   0: 0x80003434 (0x01cc5793) srli    a5, s8, 28
core   0: 3 0x80003434 (0x01cc5793) x15 0x0000000f
core   0: 0x80003438 (0x01dbaf33) slt     t5, s7, t4
core   0: 3 0x80003438 (0x01dbaf33) x30 0x00000001
core   0: 0x8000343c (0x03045d33) divu    s10, s0, a6
core   0: 3 0x8000343c (0x03045d33) x26 0x00000000
core   0: 0x80003440 (0x70518893) addi    a7, gp, 1797
core   0: 3 0x80003440 (0x70518893) x17 0xffffff95
core   0: 0x80003444 (0xda338037) lui     zero, 0xda338
core   0: 3 0x80003444 (0xda338037)
core   0: 0x80003448 (0x01b28433) add     s0, t0, s11
core   0: 3 0x80003448 (0x01b28433) x 8 0x0e772007
core   0: 0x8000344c (0xa37d0913) addi    s2, s10, -1481
core   0: 3 0x8000344c (0xa37d0913) x18 0xfffffa37
core   0: 0x80003450 (0x00bc5a13) srli    s4, s8, 11
core   0: 3 0x80003450 (0x00bc5a13) x20 0x001fffff
core   0: 0x80003454 (0xeac97513) andi    a0, s2, -340
core   0: 3 0x80003454 (0xeac97513) x10 0xfffffa24
core   0: 0x80003458 (0x03ee6f33) rem     t5, t3, t5
core   0: 3 0x80003458 (0x03ee6f33) x30 0x00000000
core   0: 0x8000345c (0x0051c433) xor     s0, gp, t0
core   0: 3 0x8000345c (0x0051c433) x 8 0xf188d890
core   0: 0x80003460 (0x00000013) nop
core   0: 3 0x80003460 (0x00000013)
core   0: 0x80003464 (0x035f8cb3) mul     s9, t6, s5
core   0: 3 0x80003464 (0x035f8cb3) x25 0x00000000
core   0: 0x80003468 (0x0034d4b3) srl     s1, s1, gp
core   0: 3 0x80003468 (0x0034d4b3) x 9 0x00000000
core   0: 0x8000346c (0x00b6d4b3) srl     s1, a3, a1
core   0: 3 0x8000346c (0x00b6d4b3) x 9 0x00000000
core   0: 0x80003470 (0x40015f13) srai    t5, sp, 0
core   0: 3 0x80003470 (0x40015f13) x30 0x000007c6
core   0: 0x80003474 (0xd6ce14b7) lui     s1, 0xd6ce1
core   0: 3 0x80003474 (0xd6ce14b7) x 9 0xd6ce1000
core   0: 0x80003478 (0x02db0533) mul     a0, s6, a3
core   0: 3 0x80003478 (0x02db0533) x10 0x00000000
core   0: 0x8000347c (0x030c3633) mulhu   a2, s8, a6
core   0: 3 0x8000347c (0x030c3633) x12 0x80014e0e
core   0: 0x80003480 (0x62fbe3b7) lui     t2, 0x62fbe
core   0: 3 0x80003480 (0x62fbe3b7) x 7 0x62fbe000
core   0: 0x80003484 (0xb59eb093) sltiu   ra, t4, -1191
core   0: 3 0x80003484 (0xb59eb093) x 1 0x00000001
core   0: 0x80003488 (0x00000013) nop
core   0: 3 0x80003488 (0x00000013)
core   0: 0x8000348c (0x009a7633) and     a2, s4, s1
core   0: 3 0x8000348c (0x009a7633) x12 0x000e1000
core   0: 0x80003490 (0x0027ee33) or      t3, a5, sp
core   0: 3 0x80003490 (0x0027ee33) x28 0x000007cf
core   0: 0x80003494 (0x41af5d13) srai    s10, t5, 26
core   0: 3 0x80003494 (0x41af5d13) x26 0x00000000
core   0: 0x80003498 (0x92e0eb13) ori     s6, ra, -1746
core   0: 3 0x80003498 (0x92e0eb13) x22 0xfffff92f
core   0: 0x8000349c (0xb7af7313) andi    t1, t5, -1158
core   0: 3 0x8000349c (0xb7af7313) x 6 0x00000342
core   0: 0x800034a0 (0x00000013) nop
core   0: 3 0x800034a0 (0x00000013)
core   0: 0x800034a4 (0xfc63a613) slti    a2, t2, -58
core   0: 3 0x800034a4 (0xfc63a613) x12 0x00000000
core   0: 0x800034a8 (0x40c008b3) sub     a7, zero, a2
core   0: 3 0x800034a8 (0x40c008b3) x17 0x00000000
core   0: 0x800034ac (0xe4017f93) andi    t6, sp, -448
core   0: 3 0x800034ac (0xe4017f93) x31 0x00000640
core   0: 0x800034b0 (0x001b1013) slli    zero, s6, 1
core   0: 3 0x800034b0 (0x001b1013)
core   0: 0x800034b4 (0x0158fd33) and     s10, a7, s5
core   0: 3 0x800034b4 (0x0158fd33) x26 0x00000000
core   0: 0x800034b8 (0x01efb433) sltu    s0, t6, t5
core   0: 3 0x800034b8 (0x01efb433) x 8 0x00000001
core   0: 0x800034bc (0x006f59b3) srl     s3, t5, t1
core   0: 3 0x800034bc (0x006f59b3) x19 0x000001f1
core   0: 0x800034c0 (0x00274bb3) xor     s7, a4, sp
core   0: 3 0x800034c0 (0x00274bb3) x23 0x80018b22
core   0: 0x800034c4 (0x00c315b3) sll     a1, t1, a2
core   0: 3 0x800034c4 (0x00c315b3) x11 0x00000342
core   0: 0x800034c8 (0x013b14b3) sll     s1, s6, s3
core   0: 3 0x800034c8 (0x013b14b3) x 9 0xf25e0000
core   0: 0x800034cc (0x42a98513) addi    a0, s3, 1066
core   0: 3 0x800034cc (0x42a98513) x10 0x0000061b
core   0: 0x800034d0 (0x002ee4b3) or      s1, t4, sp
core   0: 3 0x800034d0 (0x002ee4b3) x 9 0x000007de
core   0: 0x800034d4 (0x160dac13) slti    s8, s11, 352
core   0: 3 0x800034d4 (0x160dac13) x24 0x00000001
core   0: 0x800034d8 (0xaf11b4b7) lui     s1, 0xaf11b
core   0: 3 0x800034d8 (0xaf11b4b7) x 9 0xaf11b000
core   0: 0x800034dc (0x00000013) nop
core   0: 3 0x800034dc (0x00000013)
core   0: 0x800034e0 (0xe2577a93) andi    s5, a4, -475
core   0: 3 0x800034e0 (0xe2577a93) x21 0x80018c24
core   0: 0x800034e4 (0x405cd293) srai    t0, s9, 5
core   0: 3 0x800034e4 (0x405cd293) x 5 0x00000000
core   0: 0x800034e8 (0x02037a33) remu    s4, t1, zero
core   0: 3 0x800034e8 (0x02037a33) x20 0x00000342
core   0: 0x800034ec (0x404059b3) sra     s3, zero, tp
core   0: 3 0x800034ec (0x404059b3) x19 0x00000000
core   0: 0x800034f0 (0x02afd2b3) divu    t0, t6, a0
core   0: 3 0x800034f0 (0x02afd2b3) x 5 0x00000001
core   0: 0x800034f4 (0x0358ec33) rem     s8, a7, s5
core   0: 3 0x800034f4 (0x0358ec33) x24 0x00000000
core   0: 0x800034f8 (0x03c361b3) rem     gp, t1, t3
core   0: 3 0x800034f8 (0x03c361b3) x 3 0x00000342
core   0: 0x800034fc (0xc5291217) auipc   tp, 0xc5291
core   0: 3 0x800034fc (0xc5291217) x 4 0x452944fc
core   0: 0x80003500 (0x718fcc13) xori    s8, t6, 1816
core   0: 3 0x80003500 (0x718fcc13) x24 0x00000158
core   0: 0x80003504 (0x1df57c93) andi    s9, a0, 479
core   0: 3 0x80003504 (0x1df57c93) x25 0x0000001b
core   0: 0x80003508 (0xc4f40f93) addi    t6, s0, -945
core   0: 3 0x80003508 (0xc4f40f93) x31 0xfffffc50
core   0: 0x8000350c (0x082f4393) xori    t2, t5, 130
core   0: 3 0x8000350c (0x082f4393) x 7 0x00000744
core   0: 0x80003510 (0x02954233) div     tp, a0, s1
core   0: 3 0x80003510 (0x02954233) x 4 0x00000000
core   0: 0x80003514 (0x00c13333) sltu    t1, sp, a2
core   0: 3 0x80003514 (0x00c13333) x 6 0x00000000
core   0: 0x80003518 (0x005420b3) slt     ra, s0, t0
core   0: 3 0x80003518 (0x005420b3) x 1 0x00000000
core   0: 0x8000351c (0x027a1ab3) mulh    s5, s4, t2
core   0: 3 0x8000351c (0x027a1ab3) x21 0x00000000
core   0: 0x80003520 (0x00703cb3) snez    s9, t2
core   0: 3 0x80003520 (0x00703cb3) x25 0x00000001
core   0: 0x80003524 (0x009611b3) sll     gp, a2, s1
core   0: 3 0x80003524 (0x009611b3) x 3 0x00000000
core   0: 0x80003528 (0xe3dc4113) xori    sp, s8, -451
core   0: 3 0x80003528 (0xe3dc4113) x 2 0xffffff65
core   0: 0x8000352c (0x03c34933) div     s2, t1, t3
core   0: 3 0x8000352c (0x03c34933) x18 0x00000000
core   0: 0x80003530 (0x4ef24d13) xori    s10, tp, 1263
core   0: 3 0x80003530 (0x4ef24d13) x26 0x000004ef
core   0: 0x80003534 (0x00845093) srli    ra, s0, 8
core   0: 3 0x80003534 (0x00845093) x 1 0x00000000
core   0: 0x80003538 (0x256e3193) sltiu   gp, t3, 598
core   0: 3 0x80003538 (0x256e3193) x 3 0x00000000
core   0: 0x8000353c (0x0190d213) srli    tp, ra, 25
core   0: 3 0x8000353c (0x0190d213) x 4 0x00000000
core   0: 0x80003540 (0x02a3ab33) mulhsu  s6, t2, a0
core   0: 3 0x80003540 (0x02a3ab33) x22 0x00000000
core   0: 0x80003544 (0x039522b3) mulhsu  t0, a0, s9
core   0: 3 0x80003544 (0x039522b3) x 5 0x00000000
core   0: 0x80003548 (0x017d1913) slli    s2, s10, 23
core   0: 3 0x80003548 (0x017d1913) x18 0x77800000
core   0: 0x8000354c (0x02468133) mul     sp, a3, tp
core   0: 3 0x8000354c (0x02468133) x 2 0x00000000
core   0: 0x80003550 (0x62a6e2b7) lui     t0, 0x62a6e
core   0: 3 0x80003550 (0x62a6e2b7) x 5 0x62a6e000
core   0: 0x80003554 (0x7dadea13) ori     s4, s11, 2010
core   0: 3 0x80003554 (0x7dadea13) x20 0x000007df
core   0: 0x80003558 (0x03d8cab3) div     s5, a7, t4
core   0: 3 0x80003558 (0x03d8cab3) x21 0x00000000
core   0: 0x8000355c (0x0265d633) divu    a2, a1, t1
core   0: 3 0x8000355c (0x0265d633) x12 0xffffffff
core   0: 0x80003560 (0xbdf37517) auipc   a0, 0xbdf37
core   0: 3 0x80003560 (0xbdf37517) x10 0x3df3a560
core   0: 0x80003564 (0x0154df93) srli    t6, s1, 21
core   0: 3 0x80003564 (0x0154df93) x31 0x00000578
core   0: 0x80003568 (0x004c1313) slli    t1, s8, 4
core   0: 3 0x80003568 (0x004c1313) x 6 0x00001580
core   0: 0x8000356c (0x00071133) sll     sp, a4, zero
core   0: 3 0x8000356c (0x00071133) x 2 0x80018ce4
core   0: 0x80003570 (0x40378d33) sub     s10, a5, gp
core   0: 3 0x80003570 (0x40378d33) x26 0x0000000f
core   0: 0x80003574 (0xb4f64f93) xori    t6, a2, -1201
core   0: 3 0x80003574 (0xb4f64f93) x31 0x000004b0
core   0: 0x80003578 (0x419a8f33) sub     t5, s5, s9
core   0: 3 0x80003578 (0x419a8f33) x30 0xffffffff
core   0: 0x8000357c (0xdfc6b513) sltiu   a0, a3, -516
core   0: 3 0x8000357c (0xdfc6b513) x10 0x00000001
core   0: 0x80003580 (0x01865b13) srli    s6, a2, 24
core   0: 3 0x80003580 (0x01865b13) x22 0x000000ff
core   0: 0x80003584 (0x7100aa93) slti    s5, ra, 1808
core   0: 3 0x80003584 (0x7100aa93) x21 0x00000001
core   0: 0x80003588 (0x00a22633) slt     a2, tp, a0
core   0: 3 0x80003588 (0x00a22633) x12 0x00000001
core   0: 0x8000358c (0x02aff933) remu    s2, t6, a0
core   0: 3 0x8000358c (0x02aff933) x18 0x00000000
core   0: 0x80003590 (0x02d571b3) remu    gp, a0, a3
core   0: 3 0x80003590 (0x02d571b3) x 3 0x00000001
core   0: 0x80003594 (0x018dc7b3) xor     a5, s11, s8
core   0: 3 0x80003594 (0x018dc7b3) x15 0x0000015f
core   0: 0x80003598 (0x030a6133) rem     sp, s4, a6
core   0: 3 0x80003598 (0x030a6133) x 2 0x000007df
core   0: 0x8000359c (0xffd37613) andi    a2, t1, -3
core   0: 3 0x8000359c (0xffd37613) x12 0x00001580
core   0: 0x800035a0 (0x00001693) slli    a3, zero, 0
core   0: 3 0x800035a0 (0x00001693) x13 0x00000000
core   0: 0x800035a4 (0x85e4e893) ori     a7, s1, -1954
core   0: 3 0x800035a4 (0x85e4e893) x17 0xfffff85e
core   0: 0x800035a8 (0x028ca9b3) mulhsu  s3, s9, s0
core   0: 3 0x800035a8 (0x028ca9b3) x19 0x00000000
core   0: 0x800035ac (0xb008c493) xori    s1, a7, -1280
core   0: 3 0x800035ac (0xb008c493) x 9 0x0000035e
core   0: 0x800035b0 (0x028be933) rem     s2, s7, s0
core   0: 3 0x800035b0 (0x028be933) x18 0x00000000
core   0: 0x800035b4 (0x400dd093) srai    ra, s11, 0
core   0: 3 0x800035b4 (0x400dd093) x 1 0x00000007
core   0: 0x800035b8 (0x0275b5b3) mulhu   a1, a1, t2
core   0: 3 0x800035b8 (0x0275b5b3) x11 0x00000000
core   0: 0x800035bc (0x0177ea33) or      s4, a5, s7
core   0: 3 0x800035bc (0x0177ea33) x20 0x80018b7f
core   0: 0x800035c0 (0x00354f33) xor     t5, a0, gp
core   0: 3 0x800035c0 (0x00354f33) x30 0x00000000
core   0: 0x800035c4 (0x02938e33) mul     t3, t2, s1
core   0: 3 0x800035c4 (0x02938e33) x28 0x001876f8
core   0: 0x800035c8 (0x037368b3) rem     a7, t1, s7
core   0: 3 0x800035c8 (0x037368b3) x17 0x00001580
core   0: 0x800035cc (0x01e2ac33) slt     s8, t0, t5
core   0: 3 0x800035cc (0x01e2ac33) x24 0x00000000
core   0: 0x800035d0 (0x0195d293) srli    t0, a1, 25
core   0: 3 0x800035d0 (0x0195d293) x 5 0x00000000
core   0: 0x800035d4 (0x02566cb3) rem     s9, a2, t0
core   0: 3 0x800035d4 (0x02566cb3) x25 0x00001580
core   0: 0x800035d8 (0x01fcda33) srl     s4, s9, t6
core   0: 3 0x800035d8 (0x01fcda33) x20 0x00000000
core   0: 0x800035dc (0x0007c8b3) xor     a7, a5, zero
core   0: 3 0x800035dc (0x0007c8b3) x17 0x0000015f
core   0: 0x800035e0 (0x01591633) sll     a2, s2, s5
core   0: 3 0x800035e0 (0x01591633) x12 0x00000000
core   0: 0x800035e4 (0x01c19993) slli    s3, gp, 28
core   0: 3 0x800035e4 (0x01c19993) x19 0x10000000
core   0: 0x800035e8 (0x02840cb3) mul     s9, s0, s0
core   0: 3 0x800035e8 (0x02840cb3) x25 0x00000001
core   0: 0x800035ec (0xdc5f1617) auipc   a2, 0xdc5f1
core   0: 3 0x800035ec (0xdc5f1617) x12 0x5c5f45ec
core   0: 0x800035f0 (0x00000013) nop
core   0: 3 0x800035f0 (0x00000013)
core   0: 0x800035f4 (0x010223b3) slt     t2, tp, a6
core   0: 3 0x800035f4 (0x010223b3) x 7 0x00000000
core   0: 0x800035f8 (0x03e05d33) divu    s10, zero, t5
core   0: 3 0x800035f8 (0x03e05d33) x26 0xffffffff
core   0: 0x800035fc (0xd65eb913) sltiu   s2, t4, -667
core   0: 3 0x800035fc (0xd65eb913) x18 0x00000001
core   0: 0x80003600 (0x01a9df93) srli    t6, s3, 26
core   0: 3 0x80003600 (0x01a9df93) x31 0x00000004
core   0: 0x80003604 (0x0298ec33) rem     s8, a7, s1
core   0: 3 0x80003604 (0x0298ec33) x24 0x0000015f
core   0: 0x80003608 (0x00924b33) xor     s6, tp, s1
core   0: 3 0x80003608 (0x00924b33) x22 0x0000035e
core   0: 0x8000360c (0x0064a3b3) slt     t2, s1, t1
core   0: 3 0x8000360c (0x0064a3b3) x 7 0x00000001
core   0: 0x80003610 (0x672f3a13) sltiu   s4, t5, 1650
core   0: 3 0x80003610 (0x672f3a13) x20 0x00000001
core   0: 0x80003614 (0x401cdcb3) sra     s9, s9, ra
core   0: 3 0x80003614 (0x401cdcb3) x25 0x00000000
core   0: 0x80003618 (0x01a9cfb3) xor     t6, s3, s10
core   0: 3 0x80003618 (0x01a9cfb3) x31 0xefffffff
core   0: 0x8000361c (0x019090b3) sll     ra, ra, s9
core   0: 3 0x8000361c (0x019090b3) x 1 0x00000007
core   0: 0x80003620 (0x011909b3) add     s3, s2, a7
core   0: 3 0x80003620 (0x011909b3) x19 0x00000160
core   0: 0x80003624 (0x01b46fb3) or      t6, s0, s11
core   0: 3 0x80003624 (0x01b46fb3) x31 0x00000007
core   0: 0x80003628 (0x41a8de13) srai    t3, a7, 26
core   0: 3 0x80003628 (0x41a8de13) x28 0x00000000
core   0: 0x8000362c (0x0347eab3) rem     s5, a5, s4
core   0: 3 0x8000362c (0x0347eab3) x21 0x00000000
core   0: 0x80003630 (0x01299233) sll     tp, s3, s2
core   0: 3 0x80003630 (0x01299233) x 4 0x000002c0
core   0: 0x80003634 (0x01845c93) srli    s9, s0, 24
core   0: 3 0x80003634 (0x01845c93) x25 0x00000000
core   0: 0x80003638 (0x032eb3b3) mulhu   t2, t4, s2
core   0: 3 0x80003638 (0x032eb3b3) x 7 0x00000000
core   0: 0x8000363c (0x41b3d133) sra     sp, t2, s11
core   0: 3 0x8000363c (0x41b3d133) x 2 0x00000000
core   0: 0x80003640 (0xd8720413) addi    s0, tp, -633
core   0: 3 0x80003640 (0xd8720413) x 8 0x00000047
core   0: 0x80003644 (0x00ccb633) sltu    a2, s9, a2
core   0: 3 0x80003644 (0x00ccb633) x12 0x00000001
core   0: 0x80003648 (0x60c4f493) andi    s1, s1, 1548
core   0: 3 0x80003648 (0x60c4f493) x 9 0x0000020c
core   0: 0x8000364c (0xf57afa13) andi    s4, s5, -169
core   0: 3 0x8000364c (0xf57afa13) x20 0x00000000
core   0: 0x80003650 (0x7850c213) xori    tp, ra, 1925
core   0: 3 0x80003650 (0x7850c213) x 4 0x00000782
core   0: 0x80003654 (0x40c8dfb3) sra     t6, a7, a2
core   0: 3 0x80003654 (0x40c8dfb3) x31 0x000000af
core   0: 0x80003658 (0x01bdd7b3) srl     a5, s11, s11
core   0: 3 0x80003658 (0x01bdd7b3) x15 0x00000000
core   0: 0x8000365c (0x00e0dbb3) srl     s7, ra, a4
core   0: 3 0x8000365c (0x00e0dbb3) x23 0x00000000
core   0: 0x80003660 (0x011e0eb3) add     t4, t3, a7
core   0: 3 0x80003660 (0x011e0eb3) x29 0x0000015f
core   0: 0x80003664 (0x01b91333) sll     t1, s2, s11
core   0: 3 0x80003664 (0x01b91333) x 6 0x00000080
core   0: 0x80003668 (0xffe02993) slti    s3, zero, -2
core   0: 3 0x80003668 (0xffe02993) x19 0x00000000
core   0: 0x8000366c (0x01b3fcb3) and     s9, t2, s11
core   0: 3 0x8000366c (0x01b3fcb3) x25 0x00000000
core   0: 0x80003670 (0x5bac7f13) andi    t5, s8, 1466
core   0: 3 0x80003670 (0x5bac7f13) x30 0x0000011a
core   0: 0x80003674 (0x03c1b9b3) mulhu   s3, gp, t3
core   0: 3 0x80003674 (0x03c1b9b3) x19 0x00000000
core   0: 0x80003678 (0x03a98cb3) mul     s9, s3, s10
core   0: 3 0x80003678 (0x03a98cb3) x25 0x00000000
core   0: 0x8000367c (0x2bb9ab93) slti    s7, s3, 699
core   0: 3 0x8000367c (0x2bb9ab93) x23 0x00000001
core   0: 0x80003680 (0x030263b3) rem     t2, tp, a6
core   0: 3 0x80003680 (0x030263b3) x 7 0x00000782
core   0: 0x80003684 (0xdc244f97) auipc   t6, 0xdc244
core   0: 3 0x80003684 (0xdc244f97) x31 0x5c247684
core   0: 0x80003688 (0x0383ffb3) remu    t6, t2, s8
core   0: 3 0x80003688 (0x0383ffb3) x31 0x000000a7
core   0: 0x8000368c (0x0277cb33) div     s6, a5, t2
core   0: 3 0x8000368c (0x0277cb33) x22 0x00000000
core   0: 0x80003690 (0x6b8e6193) ori     gp, t3, 1720
core   0: 3 0x80003690 (0x6b8e6193) x 3 0x000006b8
core   0: 0x80003694 (0x411cdd13) srai    s10, s9, 17
core   0: 3 0x80003694 (0x411cdd13) x26 0x00000000
core   0: 0x80003698 (0x0060dd33) srl     s10, ra, t1
core   0: 3 0x80003698 (0x0060dd33) x26 0x00000007
core   0: 0x8000369c (0x2be4bf13) sltiu   t5, s1, 702
core   0: 3 0x8000369c (0x2be4bf13) x30 0x00000001
core   0: 0x800036a0 (0x02ea9a33) mulh    s4, s5, a4
core   0: 3 0x800036a0 (0x02ea9a33) x20 0x00000000
core   0: 0x800036a4 (0x01ecb033) sltu    zero, s9, t5
core   0: 3 0x800036a4 (0x01ecb033)
core   0: 0x800036a8 (0x25f1ee93) ori     t4, gp, 607
core   0: 3 0x800036a8 (0x25f1ee93) x29 0x000006ff
core   0: 0x800036ac (0xdf643093) sltiu   ra, s0, -522
core   0: 3 0x800036ac (0xdf643093) x 1 0x00000001
core   0: 0x800036b0 (0x03e816b3) mulh    a3, a6, t5
core   0: 3 0x800036b0 (0x03e816b3) x13 0xffffffff
core   0: 0x800036b4 (0xe5114613) xori    a2, sp, -431
core   0: 3 0x800036b4 (0xe5114613) x12 0xfffffe51
core   0: 0x800036b8 (0x00b9e333) or      t1, s3, a1
core   0: 3 0x800036b8 (0x00b9e333) x 6 0x00000000
core   0: 0x800036bc (0xac3c3097) auipc   ra, 0xac3c3
core   0: 3 0x800036bc (0xac3c3097) x 1 0x2c3c66bc
core   0: 0x800036c0 (0x00ef62b3) or      t0, t5, a4
core   0: 3 0x800036c0 (0x00ef62b3) x 5 0x80018ce5
core   0: 0x800036c4 (0x68ce0337) lui     t1, 0x68ce0
core   0: 3 0x800036c4 (0x68ce0337) x 6 0x68ce0000
core   0: 0x800036c8 (0xd321e913) ori     s2, gp, -718
core   0: 3 0x800036c8 (0xd321e913) x18 0xffffffba
core   0: 0x800036cc (0xfa6275b7) lui     a1, 0xfa627
core   0: 3 0x800036cc (0xfa6275b7) x11 0xfa627000
core   0: 0x800036d0 (0x00362e33) slt     t3, a2, gp
core   0: 3 0x800036d0 (0x00362e33) x28 0x00000001
core   0: 0x800036d4 (0x019952b3) srl     t0, s2, s9
core   0: 3 0x800036d4 (0x019952b3) x 5 0xffffffba
core   0: 0x800036d8 (0xbf8c8093) addi    ra, s9, -1032
core   0: 3 0x800036d8 (0xbf8c8093) x 1 0xfffffbf8
core   0: 0x800036dc (0x0274f933) remu    s2, s1, t2
core   0: 3 0x800036dc (0x0274f933) x18 0x0000020c
core   0: 0x800036e0 (0x032053b3) divu    t2, zero, s2
core   0: 3 0x800036e0 (0x032053b3) x 7 0x00000000
core   0: 0x800036e4 (0x0087e9b3) or      s3, a5, s0
core   0: 3 0x800036e4 (0x0087e9b3) x19 0x00000047
core   0: 0x800036e8 (0x00840e33) add     t3, s0, s0
core   0: 3 0x800036e8 (0x00840e33) x28 0x0000008e
core   0: 0x800036ec (0xccf82197) auipc   gp, 0xccf82
core   0: 3 0x800036ec (0xccf82197) x 3 0x4cf856ec
core   0: 0x800036f0 (0x028a88b3) mul     a7, s5, s0
core   0: 3 0x800036f0 (0x028a88b3) x17 0x00000000
core   0: 0x800036f4 (0x22420913) addi    s2, tp, 548
core   0: 3 0x800036f4 (0x22420913) x18 0x000009a6
core   0: 0x800036f8 (0x41245593) srai    a1, s0, 18
core   0: 3 0x800036f8 (0x41245593) x11 0x00000000
core   0: 0x800036fc (0x808ea613) slti    a2, t4, -2040
core   0: 3 0x800036fc (0x808ea613) x12 0x00000000
core   0: 0x80003700 (0x011e3ab3) sltu    s5, t3, a7
core   0: 3 0x80003700 (0x011e3ab3) x21 0x00000000
core   0: 0x80003704 (0x017f33b3) sltu    t2, t5, s7
core   0: 3 0x80003704 (0x017f33b3) x 7 0x00000000
core   0: 0x80003708 (0xf1984793) xori    a5, a6, -231
core   0: 3 0x80003708 (0xf1984793) x15 0x7ffeb17d
core   0: 0x8000370c (0x00a46bb3) or      s7, s0, a0
core   0: 3 0x8000370c (0x00a46bb3) x23 0x00000047
core   0: 0x80003710 (0x01b376b3) and     a3, t1, s11
core   0: 3 0x80003710 (0x01b376b3) x13 0x00000000
core   0: 0x80003714 (0x02744ab3) div     s5, s0, t2
core   0: 3 0x80003714 (0x02744ab3) x21 0xffffffff
core   0: 0x80003718 (0x00c21693) slli    a3, tp, 12
core   0: 3 0x80003718 (0x00c21693) x13 0x00782000
core   0: 0x8000371c (0x00298193) addi    gp, s3, 2
core   0: 3 0x8000371c (0x00298193) x 3 0x00000049
core   0: 0x80003720 (0x01e144b3) xor     s1, sp, t5
core   0: 3 0x80003720 (0x01e144b3) x 9 0x00000001
core   0: 0x80003724 (0x3a336537) lui     a0, 0x3a336
core   0: 3 0x80003724 (0x3a336537) x10 0x3a336000
core   0: 0x80003728 (0x0203a533) mulhsu  a0, t2, zero
core   0: 3 0x80003728 (0x0203a533) x10 0x00000000
core   0: 0x8000372c (0x58bb1997) auipc   s3, 0x58bb1
core   0: 3 0x8000372c (0x58bb1997) x19 0xd8bb472c
core   0: 0x80003730 (0x0078e0b3) or      ra, a7, t2
core   0: 3 0x80003730 (0x0078e0b3) x 1 0x00000000
core   0: 0x80003734 (0x02b71f33) mulh    t5, a4, a1
core   0: 3 0x80003734 (0x02b71f33) x30 0x00000000
core   0: 0x80003738 (0x030ebbb3) mulhu   s7, t4, a6
core   0: 3 0x80003738 (0x030ebbb3) x23 0x0000037f
core   0: 0x8000373c (0x03000f33) mul     t5, zero, a6
core   0: 3 0x8000373c (0x03000f33) x30 0x00000000
core   0: 0x80003740 (0x03e42033) mulhsu  zero, s0, t5
core   0: 3 0x80003740 (0x03e42033)
core   0: 0x80003744 (0x00cfa333) slt     t1, t6, a2
core   0: 3 0x80003744 (0x00cfa333) x 6 0x00000000
core   0: 0x80003748 (0x413dd213) srai    tp, s11, 19
core   0: 3 0x80003748 (0x413dd213) x 4 0x00000000
core   0: 0x8000374c (0x460afc37) lui     s8, 0x460af
core   0: 3 0x8000374c (0x460afc37) x24 0x460af000
core   0: 0x80003750 (0x013c9a33) sll     s4, s9, s3
core   0: 3 0x80003750 (0x013c9a33) x20 0x00000000
core   0: 0x80003754 (0x021f80b3) mul     ra, t6, ra
core   0: 3 0x80003754 (0x021f80b3) x 1 0x00000000
core   0: 0x80003758 (0x014f2c33) slt     s8, t5, s4
core   0: 3 0x80003758 (0x014f2c33) x24 0x00000000
core   0: 0x8000375c (0x01005e13) srli    t3, zero, 16
core   0: 3 0x8000375c (0x01005e13) x28 0x00000000
core   0: 0x80003760 (0x40fd8f33) sub     t5, s11, a5
core   0: 3 0x80003760 (0x40fd8f33) x30 0x80014e8a
core   0: 0x80003764 (0x00e99333) sll     t1, s3, a4
core   0: 3 0x80003764 (0x00e99333) x 6 0x8bb472c0
core   0: 0x80003768 (0x02c62933) mulhsu  s2, a2, a2
core   0: 3 0x80003768 (0x02c62933) x18 0x00000000
core   0: 0x8000376c (0x6234ac93) slti    s9, s1, 1571
core   0: 3 0x8000376c (0x6234ac93) x25 0x00000001
core   0: 0x80003770 (0x02978d33) mul     s10, a5, s1
core   0: 3 0x80003770 (0x02978d33) x26 0x7ffeb17d
core   0: 0x80003774 (0x01ba46b3) xor     a3, s4, s11
core   0: 3 0x80003774 (0x01ba46b3) x13 0x00000007
core   0: 0x80003778 (0x6c00af13) slti    t5, ra, 1728
core   0: 3 0x80003778 (0x6c00af13) x30 0x00000001
core   0: 0x8000377c (0x00a613b3) sll     t2, a2, a0
core   0: 3 0x8000377c (0x00a613b3) x 7 0x00000000
core   0: 0x80003780 (0x03316d33) rem     s10, sp, s3
core   0: 3 0x80003780 (0x03316d33) x26 0x00000000
core   0: 0x80003784 (0xfdc2b493) sltiu   s1, t0, -36
core   0: 3 0x80003784 (0xfdc2b493) x 9 0x00000001
core   0: 0x80003788 (0x02651ab3) mulh    s5, a0, t1
core   0: 3 0x80003788 (0x02651ab3) x21 0x00000000
core   0: 0x8000378c (0x29664a93) xori    s5, a2, 662
core   0: 3 0x8000378c (0x29664a93) x21 0x00000296
core   0: 0x80003790 (0x021ee033) rem     zero, t4, ra
core   0: 3 0x80003790 (0x021ee033)
core   0: 0x80003794 (0x00f07d33) and     s10, zero, a5
core   0: 3 0x80003794 (0x00f07d33) x26 0x00000000
core   0: 0x80003798 (0x71728f13) addi    t5, t0, 1815
core   0: 3 0x80003798 (0x71728f13) x30 0x000006d1
core   0: 0x8000379c (0x00b71f33) sll     t5, a4, a1
core   0: 3 0x8000379c (0x00b71f33) x30 0x80018ce4
core   0: 0x800037a0 (0x00000013) nop
core   0: 3 0x800037a0 (0x00000013)
core   0: 0x800037a4 (0xe08b3093) sltiu   ra, s6, -504
core   0: 3 0x800037a4 (0xe08b3093) x 1 0x00000001
core   0: 0x800037a8 (0x009e84b3) add     s1, t4, s1
core   0: 3 0x800037a8 (0x009e84b3) x 9 0x00000700
core   0: 0x800037ac (0xa9183937) lui     s2, 0xa9183
core   0: 3 0x800037ac (0xa9183937) x18 0xa9183000
core   0: 0x800037b0 (0x027b3d33) mulhu   s10, s6, t2
core   0: 3 0x800037b0 (0x027b3d33) x26 0x00000000
core   0: 0x800037b4 (0x03e08633) mul     a2, ra, t5
core   0: 3 0x800037b4 (0x03e08633) x12 0x80018ce4
core   0: 0x800037b8 (0x024278b3) remu    a7, tp, tp
core   0: 3 0x800037b8 (0x024278b3) x17 0x00000000
core   0: 0x800037bc (0x40080233) sub     tp, a6, zero
core   0: 3 0x800037bc (0x40080233) x 4 0x80014e64
core   0: 0x800037c0 (0x025b57b3) divu    a5, s6, t0
core   0: 3 0x800037c0 (0x025b57b3) x15 0x00000000
core   0: 0x800037c4 (0x40f75d13) srai    s10, a4, 15
core   0: 3 0x800037c4 (0x40f75d13) x26 0xffff0003
core   0: 0x800037c8 (0x019e68b3) or      a7, t3, s9
core   0: 3 0x800037c8 (0x019e68b3) x17 0x00000001
core   0: 0x800037cc (0x000805b3) add     a1, a6, zero
core   0: 3 0x800037cc (0x000805b3) x11 0x80014e64
core   0: 0x800037d0 (0x01161093) slli    ra, a2, 17
core   0: 3 0x800037d0 (0x01161093) x 1 0x19c80000
core   0: 0x800037d4 (0x41bf5493) srai    s1, t5, 27
core   0: 3 0x800037d4 (0x41bf5493) x 9 0xfffffff0
core   0: 0x800037d8 (0x4102d993) srai    s3, t0, 16
core   0: 3 0x800037d8 (0x4102d993) x19 0xffffffff
core   0: 0x800037dc (0x007b2a33) slt     s4, s6, t2
core   0: 3 0x800037dc (0x007b2a33) x20 0x00000000
core   0: 0x800037e0 (0x019dc133) xor     sp, s11, s9
core   0: 3 0x800037e0 (0x019dc133) x 2 0x00000006
core   0: 0x800037e4 (0x00000013) nop
core   0: 3 0x800037e4 (0x00000013)
core   0: 0x800037e8 (0x007f1113) slli    sp, t5, 7
core   0: 3 0x800037e8 (0x007f1113) x 2 0x00c67200
core   0: 0x800037ec (0x012797b3) sll     a5, a5, s2
core   0: 3 0x800037ec (0x012797b3) x15 0x00000000
core   0: 0x800037f0 (0x89194113) xori    sp, s2, -1903
core   0: 3 0x800037f0 (0x89194113) x 2 0x56e7c891
core   0: 0x800037f4 (0x0066dbb3) srl     s7, a3, t1
core   0: 3 0x800037f4 (0x0066dbb3) x23 0x00000007
core   0: 0x800037f8 (0x5ccf7997) auipc   s3, 0x5ccf7
core   0: 3 0x800037f8 (0x5ccf7997) x19 0xdccfa7f8
core   0: 0x800037fc (0x071b3e37) lui     t3, 0x71b3
core   0: 3 0x800037fc (0x071b3e37) x28 0x071b3000
core   0: 0x80003800 (0x0049d433) srl     s0, s3, tp
core   0: 3 0x80003800 (0x0049d433) x 8 0x0dccfa7f
core   0: 0x80003804 (0x01605333) srl     t1, zero, s6
core   0: 3 0x80003804 (0x01605333) x 6 0x00000000
core   0: 0x80003808 (0x007879b3) and     s3, a6, t2
core   0: 3 0x80003808 (0x007879b3) x19 0x00000000
core   0: 0x8000380c (0xf179ee13) ori     t3, s3, -233
core   0: 3 0x8000380c (0xf179ee13) x28 0xffffff17
core   0: 0x80003810 (0x018e4eb3) xor     t4, t3, s8
core   0: 3 0x80003810 (0x018e4eb3) x29 0xffffff17
core   0: 0x80003814 (0x03ed8f33) mul     t5, s11, t5
core   0: 3 0x80003814 (0x03ed8f33) x30 0x800ada3c
core   0: 0x80003818 (0x02483433) mulhu   s0, a6, tp
core   0: 3 0x80003818 (0x02483433) x 8 0x40014e65
core   0: 0x8000381c (0x011311b3) sll     gp, t1, a7
core   0: 3 0x8000381c (0x011311b3) x 3 0x00000000
core   0: 0x80003820 (0x01429993) slli    s3, t0, 20
core   0: 3 0x80003820 (0x01429993) x19 0xfba00000
core   0: 0x80003824 (0xede02513) slti    a0, zero, -290
core   0: 3 0x80003824 (0xede02513) x10 0x00000000
core   0: 0x80003828 (0x000f9113) slli    sp, t6, 0
core   0: 3 0x80003828 (0x000f9113) x 2 0x000000a7
core   0: 0x8000382c (0x027fd4b3) divu    s1, t6, t2
core   0: 3 0x8000382c (0x027fd4b3) x 9 0xffffffff
core   0: 0x80003830 (0xe098e013) ori     zero, a7, -503
core   0: 3 0x80003830 (0xe098e013)
core   0: 0x80003834 (0x00000013) nop
core   0: 3 0x80003834 (0x00000013)
core   0: 0x80003838 (0x039cb133) mulhu   sp, s9, s9
core   0: 3 0x80003838 (0x039cb133) x 2 0x00000000
core   0: 0x8000383c (0x4151de93) srai    t4, gp, 21
core   0: 3 0x8000383c (0x4151de93) x29 0x00000000
core   0: 0x80003840 (0x02def7b3) remu    a5, t4, a3
core   0: 3 0x80003840 (0x02def7b3) x15 0x00000000
core   0: 0x80003844 (0x41c48233) sub     tp, s1, t3
core   0: 3 0x80003844 (0x41c48233) x 4 0x000000e8
core   0: 0x80003848 (0x9d360513) addi    a0, a2, -1581
core   0: 3 0x80003848 (0x9d360513) x10 0x800186b7
core   0: 0x8000384c (0x02003c33) mulhu   s8, zero, zero
core   0: 3 0x8000384c (0x02003c33) x24 0x00000000
core   0: 0x80003850 (0x2cd5a393) slti    t2, a1, 717
core   0: 3 0x80003850 (0x2cd5a393) x 7 0x00000001
core   0: 0x80003854 (0x02380eb3) mul     t4, a6, gp
core   0: 3 0x80003854 (0x02380eb3) x29 0x00000000
core   0: 0x80003858 (0x0ff4b297) auipc   t0, 0xff4b
core   0: 3 0x80003858 (0x0ff4b297) x 5 0x8ff4e858
core   0: 0x8000385c (0xef1acd13) xori    s10, s5, -271
core   0: 3 0x8000385c (0xef1acd13) x26 0xfffffc67
core   0: 0x80003860 (0x0142e133) or      sp, t0, s4
core   0: 3 0x80003860 (0x0142e133) x 2 0x8ff4e858
core   0: 0x80003864 (0x00000013) nop
core   0: 3 0x80003864 (0x00000013)
core   0: 0x80003868 (0x00000013) nop
core   0: 3 0x80003868 (0x00000013)
core   0: 0x8000386c (0x0331af33) mulhsu  t5, gp, s3
core   0: 3 0x8000386c (0x0331af33) x30 0x00000000
core   0: 0x80003870 (0x86ce3cb7) lui     s9, 0x86ce3
core   0: 3 0x80003870 (0x86ce3cb7) x25 0x86ce3000
core   0: 0x80003874 (0x626f0293) addi    t0, t5, 1574
core   0: 3 0x80003874 (0x626f0293) x 5 0x00000626
core   0: 0x80003878 (0xbc607193) andi    gp, zero, -1082
core   0: 3 0x80003878 (0xbc607193) x 3 0x00000000
core   0: 0x8000387c (0x400e5f93) srai    t6, t3, 0
core   0: 3 0x8000387c (0x400e5f93) x31 0xffffff17
core   0: 0x80003880 (0x0240cc33) div     s8, ra, tp
core   0: 3 0x80003880 (0x0240cc33) x24 0x001c72c2
core   0: 0x80003884 (0x026345b3) div     a1, t1, t1
core   0: 3 0x80003884 (0x026345b3) x11 0xffffffff
core   0: 0x80003888 (0x00f6d1b3) srl     gp, a3, a5
core   0: 3 0x80003888 (0x00f6d1b3) x 3 0x00000007
core   0: 0x8000388c (0x0149ac33) slt     s8, s3, s4
core   0: 3 0x8000388c (0x0149ac33) x24 0x00000001
core   0: 0x80003890 (0x02fc7533) remu    a0, s8, a5
core   0: 3 0x80003890 (0x02fc7533) x10 0x00000001
core   0: 0x80003894 (0x01fefcb3) and     s9, t4, t6
core   0: 3 0x80003894 (0x01fefcb3) x25 0x00000000
core   0: 0x80003898 (0x00c242b3) xor     t0, tp, a2
core   0: 3 0x80003898 (0x00c242b3) x 5 0x80018c0c
core   0: 0x8000389c (0x01f56433) or      s0, a0, t6
core   0: 3 0x8000389c (0x01f56433) x 8 0xffffff17
core   0: 0x800038a0 (0xac3b0eb7) lui     t4, 0xac3b0
core   0: 3 0x800038a0 (0xac3b0eb7) x29 0xac3b0000
core   0: 0x800038a4 (0x026f12b3) mulh    t0, t5, t1
core   0: 3 0x800038a4 (0x026f12b3) x 5 0x00000000
core   0: 0x800038a8 (0xa8c44937) lui     s2, 0xa8c44
core   0: 3 0x800038a8 (0xa8c44937) x18 0xa8c44000
core   0: 0x800038ac (0x0179d993) srli    s3, s3, 23
core   0: 3 0x800038ac (0x0179d993) x19 0x000001f7
core   0: 0x800038b0 (0x024f69b3) rem     s3, t5, tp
core   0: 3 0x800038b0 (0x024f69b3) x19 0x00000000
core   0: 0x800038b4 (0x0070ce33) xor     t3, ra, t2
core   0: 3 0x800038b4 (0x0070ce33) x28 0x19c80001
core   0: 0x800038b8 (0x025c0c33) mul     s8, s8, t0
core   0: 3 0x800038b8 (0x025c0c33) x24 0x00000000
core   0: 0x800038bc (0x003bef33) or      t5, s7, gp
core   0: 3 0x800038bc (0x003bef33) x30 0x00000007
core   0: 0x800038c0 (0x03019d33) mulh    s10, gp, a6
core   0: 3 0x800038c0 (0x03019d33) x26 0xfffffffc
core   0: 0x800038c4 (0x00000013) nop
core   0: 3 0x800038c4 (0x00000013)
core   0: 0x800038c8 (0x0105df33) srl     t5, a1, a6
core   0: 3 0x800038c8 (0x0105df33) x30 0x0fffffff
core   0: 0x800038cc (0x02c20933) mul     s2, tp, a2
core   0: 3 0x800038cc (0x02c20933) x18 0x0167aea0
core   0: 0x800038d0 (0x03b2be33) mulhu   t3, t0, s11
core   0: 3 0x800038d0 (0x03b2be33) x28 0x00000000
core   0: 0x800038d4 (0x0114e633) or      a2, s1, a7
core   0: 3 0x800038d4 (0x0114e633) x12 0xffffffff
core   0: 0x800038d8 (0xd52b4513) xori    a0, s6, -686
core   0: 3 0x800038d8 (0xd52b4513) x10 0xfffffd52
core   0: 0x800038dc (0x03540433) mul     s0, s0, s5
core   0: 3 0x800038dc (0x03540433) x 8 0xfffda57a
core   0: 0x800038e0 (0x01749bb3) sll     s7, s1, s7
core   0: 3 0x800038e0 (0x01749bb3) x23 0xffffff80
core   0: 0x800038e4 (0x408600b3) sub     ra, a2, s0
core   0: 3 0x800038e4 (0x408600b3) x 1 0x00025a85
core   0: 0x800038e8 (0x2802ba93) sltiu   s5, t0, 640
core   0: 3 0x800038e8 (0x2802ba93) x21 0x00000001
core   0: 0x800038ec (0x02a92633) mulhsu  a2, s2, a0
core   0: 3 0x800038ec (0x02a92633) x12 0x0167ae9c
core   0: 0x800038f0 (0x856ab613) sltiu   a2, s5, -1962
core   0: 3 0x800038f0 (0x856ab613) x12 0x00000001
core   0: 0x800038f4 (0x90bc6593) ori     a1, s8, -1781
core   0: 3 0x800038f4 (0x90bc6593) x11 0xfffff90b
core   0: 0x800038f8 (0x015e5693) srli    a3, t3, 21
core   0: 3 0x800038f8 (0x015e5693) x13 0x00000000
core   0: 0x800038fc (0x009de8b3) or      a7, s11, s1
core   0: 3 0x800038fc (0x009de8b3) x17 0xffffffff
core   0: 0x80003900 (0x8b3d2913) slti    s2, s10, -1869
core   0: 3 0x80003900 (0x8b3d2913) x18 0x00000000
core   0: 0x80003904 (0x41abdc13) srai    s8, s7, 26
core   0: 3 0x80003904 (0x41abdc13) x24 0xffffffff
core   0: 0x80003908 (0x00eb2433) slt     s0, s6, a4
core   0: 3 0x80003908 (0x00eb2433) x 8 0x00000000
core   0: 0x8000390c (0x013cb633) sltu    a2, s9, s3
core   0: 3 0x8000390c (0x013cb633) x12 0x00000000
core   0: 0x80003910 (0x002aa433) slt     s0, s5, sp
core   0: 3 0x80003910 (0x002aa433) x 8 0x00000000
core   0: 0x80003914 (0x013a7d33) and     s10, s4, s3
core   0: 3 0x80003914 (0x013a7d33) x26 0x00000000
core   0: 0x80003918 (0x34592393) slti    t2, s2, 837
core   0: 3 0x80003918 (0x34592393) x 7 0x00000001
core   0: 0x8000391c (0x02b74e33) div     t3, a4, a1
core   0: 3 0x8000391c (0x02b74e33) x28 0x001265d5
core   0: 0x80003920 (0x07240913) addi    s2, s0, 114
core   0: 3 0x80003920 (0x07240913) x18 0x00000072
core   0: 0x80003924 (0xe2d0c1b7) lui     gp, 0xe2d0c
core   0: 3 0x80003924 (0xe2d0c1b7) x 3 0xe2d0c000
core   0: 0x80003928 (0x029f2233) mulhsu  tp, t5, s1
core   0: 3 0x80003928 (0x029f2233) x 4 0x0ffffffe
core   0: 0x8000392c (0x02fd9a33) mulh    s4, s11, a5
core   0: 3 0x8000392c (0x02fd9a33) x20 0x00000000
core   0: 0x80003930 (0x032e12b3) mulh    t0, t3, s2
core   0: 3 0x80003930 (0x032e12b3) x 5 0x00000000
core   0: 0x80003934 (0xf06b7893) andi    a7, s6, -250
core   0: 3 0x80003934 (0xf06b7893) x17 0x00000000
core   0: 0x80003938 (0x0125e6b3) or      a3, a1, s2
core   0: 3 0x80003938 (0x0125e6b3) x13 0xfffff97b
core   0: 0x8000393c (0x00145bb3) srl     s7, s0, ra
core   0: 3 0x8000393c (0x00145bb3) x23 0x00000000
core   0: 0x80003940 (0x00399293) slli    t0, s3, 3
core   0: 3 0x80003940 (0x00399293) x 5 0x00000000
core   0: 0x80003944 (0x0090e633) or      a2, ra, s1
core   0: 3 0x80003944 (0x0090e633) x12 0xffffffff
core   0: 0x80003948 (0x02c1aeb3) mulhsu  t4, gp, a2
core   0: 3 0x80003948 (0x02c1aeb3) x29 0xe2d0c000
core   0: 0x8000394c (0x41405f93) srai    t6, zero, 20
core   0: 3 0x8000394c (0x41405f93) x31 0x00000000
core   0: 0x80003950 (0x01bd59b3) srl     s3, s10, s11
core   0: 3 0x80003950 (0x01bd59b3) x19 0x00000000
core   0: 0x80003954 (0x98383f93) sltiu   t6, a6, -1661
core   0: 3 0x80003954 (0x98383f93) x31 0x00000001
core   0: 0x80003958 (0x00409633) sll     a2, ra, tp
core   0: 3 0x80003958 (0x00409633) x12 0x40000000
core   0: 0x8000395c (0x001716b3) sll     a3, a4, ra
core   0: 3 0x8000395c (0x001716b3) x13 0x00319c80
core   0: 0x80003960 (0x00399313) slli    t1, s3, 3
core   0: 3 0x80003960 (0x00399313) x 6 0x00000000
core   0: 0x80003964 (0x9c8cb913) sltiu   s2, s9, -1592
core   0: 3 0x80003964 (0x9c8cb913) x18 0x00000001
core   0: 0x80003968 (0x01c7e2b3) or      t0, a5, t3
core   0: 3 0x80003968 (0x01c7e2b3) x 5 0x001265d5
core   0: 0x8000396c (0x8a616c13) ori     s8, sp, -1882
core   0: 3 0x8000396c (0x8a616c13) x24 0xfffff8fe
core   0: 0x80003970 (0x8b697913) andi    s2, s2, -1866
core   0: 3 0x80003970 (0x8b697913) x18 0x00000000
core   0: 0x80003974 (0x02be7c33) remu    s8, t3, a1
core   0: 3 0x80003974 (0x02be7c33) x24 0x001265d5
core   0: 0x80003978 (0x006de633) or      a2, s11, t1
core   0: 3 0x80003978 (0x006de633) x12 0x00000007
core   0: 0x8000397c (0xfbc63c93) sltiu   s9, a2, -68
core   0: 3 0x8000397c (0xfbc63c93) x25 0x00000001
core   0: 0x80003980 (0x02bf57b3) divu    a5, t5, a1
core   0: 3 0x80003980 (0x02bf57b3) x15 0x00000000
core   0: 0x80003984 (0x03eeb133) mulhu   sp, t4, t5
core   0: 3 0x80003984 (0x03eeb133) x 2 0x0e2d0bff
core   0: 0x80003988 (0x1cff04b7) lui     s1, 0x1cff0
core   0: 3 0x80003988 (0x1cff04b7) x 9 0x1cff0000
core   0: 0x8000398c (0x015ca7b3) slt     a5, s9, s5
core   0: 3 0x8000398c (0x015ca7b3) x15 0x00000000
core   0: 0x80003990 (0x01eb2b33) slt     s6, s6, t5
core   0: 3 0x80003990 (0x01eb2b33) x22 0x00000001
core   0: 0x80003994 (0x02dd08b3) mul     a7, s10, a3
core   0: 3 0x80003994 (0x02dd08b3) x17 0x00000000
core   0: 0x80003998 (0x013b99b3) sll     s3, s7, s3
core   0: 3 0x80003998 (0x013b99b3) x19 0x00000000
core   0: 0x8000399c (0x00000013) nop
core   0: 3 0x8000399c (0x00000013)
core   0: 0x800039a0 (0x40545433) sra     s0, s0, t0
core   0: 3 0x800039a0 (0x40545433) x 8 0x00000000
core   0: 0x800039a4 (0x01f90933) add     s2, s2, t6
core   0: 3 0x800039a4 (0x01f90933) x18 0x00000001
core   0: 0x800039a8 (0x01a05033) srl     zero, zero, s10
core   0: 3 0x800039a8 (0x01a05033)
core   0: 0x800039ac (0x03a872b3) remu    t0, a6, s10
core   0: 3 0x800039ac (0x03a872b3) x 5 0x80014e64
core   0: 0x800039b0 (0x41e10b33) sub     s6, sp, t5
core   0: 3 0x800039b0 (0x41e10b33) x22 0xfe2d0c00
core   0: 0x800039b4 (0x40e15013) srai    zero, sp, 14
core   0: 3 0x800039b4 (0x40e15013)
core   0: 0x800039b8 (0x00cc0233) add     tp, s8, a2
core   0: 3 0x800039b8 (0x00cc0233) x 4 0x001265dc
core   0: 0x800039bc (0x002dabb3) slt     s7, s11, sp
core   0: 3 0x800039bc (0x002dabb3) x23 0x00000001
core   0: 0x800039c0 (0x0308ec33) rem     s8, a7, a6
core   0: 3 0x800039c0 (0x0308ec33) x24 0x00000000
core   0: 0x800039c4 (0x00fa58b3) srl     a7, s4, a5
core   0: 3 0x800039c4 (0x00fa58b3) x17 0x00000000
core   0: 0x800039c8 (0x022fe633) rem     a2, t6, sp
core   0: 3 0x800039c8 (0x022fe633) x12 0x00000001
core   0: 0x800039cc (0x22a45097) auipc   ra, 0x22a45
core   0: 3 0x800039cc (0x22a45097) x 1 0xa2a489cc
core   0: 0x800039d0 (0x030eb333) mulhu   t1, t4, a6
core   0: 3 0x800039d0 (0x030eb333) x 6 0x71698844
core   0: 0x800039d4 (0x022a95b3) mulh    a1, s5, sp
core   0: 3 0x800039d4 (0x022a95b3) x11 0x00000000
core   0: 0x800039d8 (0x00c3b633) sltu    a2, t2, a2
core   0: 3 0x800039d8 (0x00c3b633) x12 0x00000000
core   0: 0x800039dc (0x02724b33) div     s6, tp, t2
core   0: 3 0x800039dc (0x02724b33) x22 0x001265dc
core   0: 0x800039e0 (0xca04ca93) xori    s5, s1, -864
core   0: 3 0x800039e0 (0xca04ca93) x21 0xe300fca0
core   0: 0x800039e4 (0x41995fb3) sra     t6, s2, s9
core   0: 3 0x800039e4 (0x41995fb3) x31 0x00000000
core   0: 0x800039e8 (0x012cd8b3) srl     a7, s9, s2
core   0: 3 0x800039e8 (0x012cd8b3) x17 0x00000000
core   0: 0x800039ec (0x01aecfb3) xor     t6, t4, s10
core   0: 3 0x800039ec (0x01aecfb3) x31 0xe2d0c000
core   0: 0x800039f0 (0x022d6a33) rem     s4, s10, sp
core   0: 3 0x800039f0 (0x022d6a33) x20 0x00000000
core   0: 0x800039f4 (0x00b2acb3) slt     s9, t0, a1
core   0: 3 0x800039f4 (0x00b2acb3) x25 0x00000001
core   0: 0x800039f8 (0x01081013) slli    zero, a6, 16
core   0: 3 0x800039f8 (0x01081013)
core   0: 0x800039fc (0x404052b3) sra     t0, zero, tp
core   0: 3 0x800039fc (0x404052b3) x 5 0x00000000
core   0: 0x80003a00 (0xd23f6397) auipc   t2, 0xd23f6
core   0: 3 0x80003a00 (0xd23f6397) x 7 0x523f9a00
core   0: 0x80003a04 (0x02095c33) divu    s8, s2, zero
core   0: 3 0x80003a04 (0x02095c33) x24 0xffffffff
core   0: 0x80003a08 (0x01538633) add     a2, t2, s5
core   0: 3 0x80003a08 (0x01538633) x12 0x354096a0
core   0: 0x80003a0c (0x02b94933) div     s2, s2, a1
core   0: 3 0x80003a0c (0x02b94933) x18 0xffffffff
core   0: 0x80003a10 (0x00da0b33) add     s6, s4, a3
core   0: 3 0x80003a10 (0x00da0b33) x22 0x00319c80
core   0: 0x80003a14 (0x024ef9b3) remu    s3, t4, tp
core   0: 3 0x80003a14 (0x024ef9b3) x19 0x000103d0
core   0: 0x80003a18 (0x03d42333) mulhsu  t1, s0, t4
core   0: 3 0x80003a18 (0x03d42333) x 6 0x00000000
core   0: 0x80003a1c (0xa7742617) auipc   a2, 0xa7742
core   0: 3 0x80003a1c (0xa7742617) x12 0x27745a1c
core   0: 0x80003a20 (0x0317f533) remu    a0, a5, a7
core   0: 3 0x80003a20 (0x0317f533) x10 0x00000000
core   0: 0x80003a24 (0x88140293) addi    t0, s0, -1919
core   0: 3 0x80003a24 (0x88140293) x 5 0xfffff881
core   0: 0x80003a28 (0x02c527b3) mulhsu  a5, a0, a2
core   0: 3 0x80003a28 (0x02c527b3) x15 0x00000000
core   0: 0x80003a2c (0x0302ac33) mulhsu  s8, t0, a6
core   0: 3 0x80003a2c (0x0302ac33) x24 0xfffffc40
core   0: 0x80003a30 (0x03dc2eb3) mulhsu  t4, s8, t4
core   0: 3 0x80003a30 (0x03dc2eb3) x29 0xfffffcad
core   0: 0x80003a34 (0x46839eb7) lui     t4, 0x46839
core   0: 3 0x80003a34 (0x46839eb7) x29 0x46839000
core   0: 0x80003a38 (0x03e642b3) div     t0, a2, t5
core   0: 3 0x80003a38 (0x03e642b3) x 5 0x00000002
core   0: 0x80003a3c (0x02cf0c33) mul     s8, t5, a2
core   0: 3 0x80003a3c (0x02cf0c33) x24 0x988ba5e4
core   0: 0x80003a40 (0xaad1c793) xori    a5, gp, -1363
core   0: 3 0x80003a40 (0xaad1c793) x15 0x1d2f3aad
core   0: 0x80003a44 (0x01a76c33) or      s8, a4, s10
core   0: 3 0x80003a44 (0x01a76c33) x24 0x80018ce4
core   0: 0x80003a48 (0x03b287b3) mul     a5, t0, s11
core   0: 3 0x80003a48 (0x03b287b3) x15 0x0000000e
core   0: 0x80003a4c (0x41935e93) srai    t4, t1, 25
core   0: 3 0x80003a4c (0x41935e93) x29 0x00000000
core   0: 0x80003a50 (0x013a68b3) or      a7, s4, s3
core   0: 3 0x80003a50 (0x013a68b3) x17 0x000103d0
core   0: 0x80003a54 (0x00000013) nop
core   0: 3 0x80003a54 (0x00000013)
core   0: 0x80003a58 (0x01ec0633) add     a2, s8, t5
core   0: 3 0x80003a58 (0x01ec0633) x12 0x90018ce3
core   0: 0x80003a5c (0x4d49a597) auipc   a1, 0x4d49a
core   0: 3 0x80003a5c (0x4d49a597) x11 0xcd49da5c
core   0: 0x80003a60 (0x0085aeb3) slt     t4, a1, s0
core   0: 3 0x80003a60 (0x0085aeb3) x29 0x00000001
core   0: 0x80003a64 (0x03d0c0b3) div     ra, ra, t4
core   0: 3 0x80003a64 (0x03d0c0b3) x 1 0xa2a489cc
core   0: 0x80003a68 (0x012a7333) and     t1, s4, s2
core   0: 3 0x80003a68 (0x012a7333) x 6 0x00000000
core   0: 0x80003a6c (0x415485b3) sub     a1, s1, s5
core   0: 3 0x80003a6c (0x415485b3) x11 0x39fe0360
core   0: 0x80003a70 (0x00000013) nop
core   0: 3 0x80003a70 (0x00000013)
core   0: 0x80003a74 (0x41c1d533) sra     a0, gp, t3
core   0: 3 0x80003a74 (0x41c1d533) x10 0xffffff16
core   0: 0x80003a78 (0x036154b3) divu    s1, sp, s6
core   0: 3 0x80003a78 (0x036154b3) x 9 0x00000049
core   0: 0x80003a7c (0x0316f533) remu    a0, a3, a7
core   0: 3 0x80003a7c (0x0316f533) x10 0x0000e580
core   0: 0x80003a80 (0xbaecf493) andi    s1, s9, -1106
core   0: 3 0x80003a80 (0xbaecf493) x 9 0x00000000
core   0: 0x80003a84 (0x308bbe13) sltiu   t3, s7, 776
core   0: 3 0x80003a84 (0x308bbe13) x28 0x00000001
core   0: 0x80003a88 (0x503e3093) sltiu   ra, t3, 1283
core   0: 3 0x80003a88 (0x503e3093) x 1 0x00000001
core   0: 0x80003a8c (0x0103dd13) srli    s10, t2, 16
core   0: 3 0x80003a8c (0x0103dd13) x26 0x0000523f
core   0: 0x80003a90 (0x01500b33) add     s6, zero, s5
core   0: 3 0x80003a90 (0x01500b33) x22 0xe300fca0
core   0: 0x80003a94 (0x0125c4b3) xor     s1, a1, s2
core   0: 3 0x80003a94 (0x0125c4b3) x 9 0xc601fc9f
core   0: 0x80003a98 (0x03b83633) mulhu   a2, a6, s11
core   0: 3 0x80003a98 (0x03b83633) x12 0x00000003
core   0: 0x80003a9c (0x009074b3) and     s1, zero, s1
core   0: 3 0x80003a9c (0x009074b3) x 9 0x00000000
core   0: 0x80003aa0 (0x40ad58b3) sra     a7, s10, a0
core   0: 3 0x80003aa0 (0x40ad58b3) x17 0x0000523f
core   0: 0x80003aa4 (0x01d19793) slli    a5, gp, 29
core   0: 3 0x80003aa4 (0x01d19793) x15 0x00000000
core   0: 0x80003aa8 (0x029445b3) div     a1, s0, s1
core   0: 3 0x80003aa8 (0x029445b3) x11 0xffffffff
core   0: 0x80003aac (0x17393e13) sltiu   t3, s2, 371
core   0: 3 0x80003aac (0x17393e13) x28 0x00000000
core   0: 0x80003ab0 (0x00b7b433) sltu    s0, a5, a1
core   0: 3 0x80003ab0 (0x00b7b433) x 8 0x00000001
core   0: 0x80003ab4 (0x00080d33) add     s10, a6, zero
core   0: 3 0x80003ab4 (0x00080d33) x26 0x80014e64
core   0: 0x80003ab8 (0x002d8933) add     s2, s11, sp
core   0: 3 0x80003ab8 (0x002d8933) x18 0x0e2d0c06
core   0: 0x80003abc (0x004ba333) slt     t1, s7, tp
core   0: 3 0x80003abc (0x004ba333) x 6 0x00000001
core   0: 0x80003ac0 (0x00bf2cb3) slt     s9, t5, a1
core   0: 3 0x80003ac0 (0x00bf2cb3) x25 0x00000000
core   0: 0x80003ac4 (0x40f259b3) sra     s3, tp, a5
core   0: 3 0x80003ac4 (0x40f259b3) x19 0x001265dc
core   0: 0x80003ac8 (0x0065a3b3) slt     t2, a1, t1
core   0: 3 0x80003ac8 (0x0065a3b3) x 7 0x00000001
core   0: 0x80003acc (0x00000013) nop
core   0: 3 0x80003acc (0x00000013)
core   0: 0x80003ad0 (0x4a5b7b93) andi    s7, s6, 1189
core   0: 3 0x80003ad0 (0x4a5b7b93) x23 0x000004a0
core   0: 0x80003ad4 (0x01cff6b3) and     a3, t6, t3
core   0: 3 0x80003ad4 (0x01cff6b3) x13 0x00000000
core   0: 0x80003ad8 (0x5c896493) ori     s1, s2, 1480
core   0: 3 0x80003ad8 (0x5c896493) x 9 0x0e2d0dce
core   0: 0x80003adc (0x0232c333) div     t1, t0, gp
core   0: 3 0x80003adc (0x0232c333) x 6 0x00000000
core   0: 0x80003ae0 (0x038c07b3) mul     a5, s8, s8
core   0: 3 0x80003ae0 (0x038c07b3) x15 0x67522b10
core   0: 0x80003ae4 (0x0050bbb3) sltu    s7, ra, t0
core   0: 3 0x80003ae4 (0x0050bbb3) x23 0x00000001
core   0: 0x80003ae8 (0x02d8ff33) remu    t5, a7, a3
core   0: 3 0x80003ae8 (0x02d8ff33) x30 0x0000523f
core   0: 0x80003aec (0x00f3d8b3) srl     a7, t2, a5
core   0: 3 0x80003aec (0x00f3d8b3) x17 0x00000000
core   0: 0x80003af0 (0x0096ba33) sltu    s4, a3, s1
core   0: 3 0x80003af0 (0x0096ba33) x20 0x00000001
core   0: 0x80003af4 (0x03f95633) divu    a2, s2, t6
core   0: 3 0x80003af4 (0x03f95633) x12 0x00000000
core   0: 0x80003af8 (0x03ea68b3) rem     a7, s4, t5
core   0: 3 0x80003af8 (0x03ea68b3) x17 0x00000001
core   0: 0x80003afc (0x0ee16613) ori     a2, sp, 238
core   0: 3 0x80003afc (0x0ee16613) x12 0x0e2d0bff
core   0: 0x80003b00 (0x005ed6b3) srl     a3, t4, t0
core   0: 3 0x80003b00 (0x005ed6b3) x13 0x00000000
core   0: 0x80003b04 (0x0142dbb3) srl     s7, t0, s4
core   0: 3 0x80003b04 (0x0142dbb3) x23 0x00000001
core   0: 0x80003b08 (0x416b5e13) srai    t3, s6, 22
core   0: 3 0x80003b08 (0x416b5e13) x28 0xffffff8c
core   0: 0x80003b0c (0xcc75c037) lui     zero, 0xcc75c
core   0: 3 0x80003b0c (0xcc75c037)
core   0: 0x80003b10 (0x02c3d533) divu    a0, t2, a2
core   0: 3 0x80003b10 (0x02c3d533) x10 0x00000000
core   0: 0x80003b14 (0x40c20fb3) sub     t6, tp, a2
core   0: 3 0x80003b14 (0x40c20fb3) x31 0xf1e559dd
core   0: 0x80003b18 (0x02b00b33) mul     s6, zero, a1
core   0: 3 0x80003b18 (0x02b00b33) x22 0x00000000
core   0: 0x80003b1c (0x03beffb3) remu    t6, t4, s11
core   0: 3 0x80003b1c (0x03beffb3) x31 0x00000001
core   0: 0x80003b20 (0x0048b5b3) sltu    a1, a7, tp
core   0: 3 0x80003b20 (0x0048b5b3) x11 0x00000001
core   0: 0x80003b24 (0x00b72033) slt     zero, a4, a1
core   0: 3 0x80003b24 (0x00b72033)
core   0: 0x80003b28 (0x40058233) sub     tp, a1, zero
core   0: 3 0x80003b28 (0x40058233) x 4 0x00000001
core   0: 0x80003b2c (0x00712cb3) slt     s9, sp, t2
core   0: 3 0x80003b2c (0x00712cb3) x25 0x00000000
core   0: 0x80003b30 (0x011035b3) snez    a1, a7
core   0: 3 0x80003b30 (0x011035b3) x11 0x00000001
core   0: 0x80003b34 (0x409d5233) sra     tp, s10, s1
core   0: 3 0x80003b34 (0x409d5233) x 4 0xfffe0005
core   0: 0x80003b38 (0x025caf33) mulhsu  t5, s9, t0
core   0: 3 0x80003b38 (0x025caf33) x30 0x00000000
core   0: 0x80003b3c (0x00000013) nop
core   0: 3 0x80003b3c (0x00000013)
core   0: 0x80003b40 (0x00000013) nop
core   0: 3 0x80003b40 (0x00000013)
core   0: 0x80003b44 (0x0320dc33) divu    s8, ra, s2
core   0: 3 0x80003b44 (0x0320dc33) x24 0x00000000
core   0: 0x80003b48 (0x1ad44893) xori    a7, s0, 429
core   0: 3 0x80003b48 (0x1ad44893) x17 0x000001ac
core   0: 0x80003b4c (0x025b29b3) mulhsu  s3, s6, t0
core   0: 3 0x80003b4c (0x025b29b3) x19 0x00000000
core   0: 0x80003b50 (0x031a3ab3) mulhu   s5, s4, a7
core   0: 3 0x80003b50 (0x031a3ab3) x21 0x00000000
core   0: 0x80003b54 (0x4040df13) srai    t5, ra, 4
core   0: 3 0x80003b54 (0x4040df13) x30 0x00000000
core   0: 0x80003b58 (0x03228f33) mul     t5, t0, s2
core   0: 3 0x80003b58 (0x03228f33) x30 0x1c5a180c
core   0: 0x80003b5c (0x02d470b3) remu    ra, s0, a3
core   0: 3 0x80003b5c (0x02d470b3) x 1 0x00000001
core   0: 0x80003b60 (0x00000013) nop
core   0: 3 0x80003b60 (0x00000013)
core   0: 0x80003b64 (0x007fc8b3) xor     a7, t6, t2
core   0: 3 0x80003b64 (0x007fc8b3) x17 0x00000000
core   0: 0x80003b68 (0x1abdac17) auipc   s8, 0x1abda
core   0: 3 0x80003b68 (0x1abdac17) x24 0x9abddb68
core   0: 0x80003b6c (0x99ed3913) sltiu   s2, s10, -1634
core   0: 3 0x80003b6c (0x99ed3913) x18 0x00000001
core   0: 0x80003b70 (0x94180397) auipc   t2, 0x94180
core   0: 3 0x80003b70 (0x94180397) x 7 0x14183b70
core   0: 0x80003b74 (0x008abb33) sltu    s6, s5, s0
core   0: 3 0x80003b74 (0x008abb33) x22 0x00000001
core   0: 0x80003b78 (0x01f687b3) add     a5, a3, t6
core   0: 3 0x80003b78 (0x01f687b3) x15 0x00000001
core   0: 0x80003b7c (0x019db8b3) sltu    a7, s11, s9
core   0: 3 0x80003b7c (0x019db8b3) x17 0x00000000
core   0: 0x80003b80 (0x8d94ff13) andi    t5, s1, -1831
core   0: 3 0x80003b80 (0x8d94ff13) x30 0x0e2d08c8
core   0: 0x80003b84 (0xe0d54a93) xori    s5, a0, -499
core   0: 3 0x80003b84 (0xe0d54a93) x21 0xfffffe0d
core   0: 0x80003b88 (0xb27cecb7) lui     s9, 0xb27ce
core   0: 3 0x80003b88 (0xb27cecb7) x25 0xb27ce000
core   0: 0x80003b8c (0x030280b3) mul     ra, t0, a6
core   0: 3 0x80003b8c (0x030280b3) x 1 0x00029cc8
core   0: 0x80003b90 (0x002f0533) add     a0, t5, sp
core   0: 3 0x80003b90 (0x002f0533) x10 0x1c5a14c7
core   0: 0x80003b94 (0x0682b193) sltiu   gp, t0, 104
core   0: 3 0x80003b94 (0x0682b193) x 3 0x00000001
core   0: 0x80003b98 (0x01f73633) sltu    a2, a4, t6
core   0: 3 0x80003b98 (0x01f73633) x12 0x00000000
core   0: 0x80003b9c (0x0170b1b3) sltu    gp, ra, s7
core   0: 3 0x80003b9c (0x0170b1b3) x 3 0x00000000
core   0: 0x80003ba0 (0x01cba3b3) slt     t2, s7, t3
core   0: 3 0x80003ba0 (0x01cba3b3) x 7 0x00000000
core   0: 0x80003ba4 (0x00c5c033) xor     zero, a1, a2
core   0: 3 0x80003ba4 (0x00c5c033)
core   0: 0x80003ba8 (0x82b7c093) xori    ra, a5, -2005
core   0: 3 0x80003ba8 (0x82b7c093) x 1 0xfffff82a
core   0: 0x80003bac (0x023bf4b3) remu    s1, s7, gp
core   0: 3 0x80003bac (0x023bf4b3) x 9 0x00000001
core   0: 0x80003bb0 (0x030f5fb3) divu    t6, t5, a6
core   0: 3 0x80003bb0 (0x030f5fb3) x31 0x00000000
core   0: 0x80003bb4 (0xe9360893) addi    a7, a2, -365
core   0: 3 0x80003bb4 (0xe9360893) x17 0xfffffe93
core   0: 0x80003bb8 (0x019e1033) sll     zero, t3, s9
core   0: 3 0x80003bb8 (0x019e1033)
core   0: 0x80003bbc (0x725fe913) ori     s2, t6, 1829
core   0: 3 0x80003bbc (0x725fe913) x18 0x00000725
core   0: 0x80003bc0 (0x01cf5b33) srl     s6, t5, t3
core   0: 3 0x80003bc0 (0x01cf5b33) x22 0x0000e2d0
core   0: 0x80003bc4 (0x008d9033) sll     zero, s11, s0
core   0: 3 0x80003bc4 (0x008d9033)
core   0: 0x80003bc8 (0x03b02c33) mulhsu  s8, zero, s11
core   0: 3 0x80003bc8 (0x03b02c33) x24 0x00000000
core   0: 0x80003bcc (0x408753b3) sra     t2, a4, s0
core   0: 3 0x80003bcc (0x408753b3) x 7 0xc000c672
core   0: 0x80003bd0 (0x2ef47f93) andi    t6, s0, 751
core   0: 3 0x80003bd0 (0x2ef47f93) x31 0x00000001
core   0: 0x80003bd4 (0x02dfe933) rem     s2, t6, a3
core   0: 3 0x80003bd4 (0x02dfe933) x18 0x00000001
core   0: 0x80003bd8 (0x81a9e597) auipc   a1, 0x81a9e
core   0: 3 0x80003bd8 (0x81a9e597) x11 0x01aa1bd8
core   0: 0x80003bdc (0x03609bb3) mulh    s7, ra, s6
core   0: 3 0x80003bdc (0x03609bb3) x23 0xffffffff
core   0: 0x80003be0 (0xc0562613) slti    a2, a2, -1019
core   0: 3 0x80003be0 (0xc0562613) x12 0x00000000
core   0: 0x80003be4 (0xd57b6c93) ori     s9, s6, -681
core   0: 3 0x80003be4 (0xd57b6c93) x25 0xffffffd7
core   0: 0x80003be8 (0x406cda13) srai    s4, s9, 6
core   0: 3 0x80003be8 (0x406cda13) x20 0xffffffff
core   0: 0x80003bec (0x03b3a0b3) mulhsu  ra, t2, s11
core   0: 3 0x80003bec (0x03b3a0b3) x 1 0xfffffffe
core   0: 0x80003bf0 (0x005d5793) srli    a5, s10, 5
core   0: 3 0x80003bf0 (0x005d5793) x15 0x04000a73
core   0: 0x80003bf4 (0x01541313) slli    t1, s0, 21
core   0: 3 0x80003bf4 (0x01541313) x 6 0x00200000
core   0: 0x80003bf8 (0x0052a5b3) slt     a1, t0, t0
core   0: 3 0x80003bf8 (0x0052a5b3) x11 0x00000000
core   0: 0x80003bfc (0x034380b3) mul     ra, t2, s4
core   0: 3 0x80003bfc (0x034380b3) x 1 0x3fff398e
core   0: 0x80003c00 (0x01c85533) srl     a0, a6, t3
core   0: 3 0x80003c00 (0x01c85533) x10 0x00080014
core   0: 0x80003c04 (0x01e01193) slli    gp, zero, 30
core   0: 3 0x80003c04 (0x01e01193) x 3 0x00000000
core   0: 0x80003c08 (0x010f9533) sll     a0, t6, a6
core   0: 3 0x80003c08 (0x010f9533) x10 0x00000010
core   0: 0x80003c0c (0x032a2b33) mulhsu  s6, s4, s2
core   0: 3 0x80003c0c (0x032a2b33) x22 0xffffffff
core   0: 0x80003c10 (0x40a7d6b3) sra     a3, a5, a0
core   0: 3 0x80003c10 (0x40a7d6b3) x13 0x00000400
core   0: 0x80003c14 (0xa9990a93) addi    s5, s2, -1383
core   0: 3 0x80003c14 (0xa9990a93) x21 0xfffffa9a
core   0: 0x80003c18 (0x034c5eb3) divu    t4, s8, s4
core   0: 3 0x80003c18 (0x034c5eb3) x29 0x00000000
core   0: 0x80003c1c (0xc4fc3513) sltiu   a0, s8, -945
core   0: 3 0x80003c1c (0xc4fc3513) x10 0x00000001
core   0: 0x80003c20 (0x01e56f33) or      t5, a0, t5
core   0: 3 0x80003c20 (0x01e56f33) x30 0x0e2d08c9
core   0: 0x80003c24 (0x00b4cfb3) xor     t6, s1, a1
core   0: 3 0x80003c24 (0x00b4cfb3) x31 0x00000001
core   0: 0x80003c28 (0x0588fab7) lui     s5, 0x588f
core   0: 3 0x80003c28 (0x0588fab7) x21 0x0588f000
core   0: 0x80003c2c (0x00061e93) slli    t4, a2, 0
core   0: 3 0x80003c2c (0x00061e93) x29 0x00000000
core   0: 0x80003c30 (0x00947cb3) and     s9, s0, s1
core   0: 3 0x80003c30 (0x00947cb3) x25 0x00000001
core   0: 0x80003c34 (0x016441b3) xor     gp, s0, s6
core   0: 3 0x80003c34 (0x016441b3) x 3 0xfffffffe
core   0: 0x80003c38 (0xc9dbd097) auipc   ra, 0xc9dbd
core   0: 3 0x80003c38 (0xc9dbd097) x 1 0x49dc0c38
core   0: 0x80003c3c (0x017e05b3) add     a1, t3, s7
core   0: 3 0x80003c3c (0x017e05b3) x11 0xffffff8b
core   0: 0x80003c40 (0x84f64f93) xori    t6, a2, -1969
core   0: 3 0x80003c40 (0x84f64f93) x31 0xfffff84f
core   0: 0x80003c44 (0x01bb9213) slli    tp, s7, 27
core   0: 3 0x80003c44 (0x01bb9213) x 4 0xf8000000
core   0: 0x80003c48 (0x03d2d033) divu    zero, t0, t4
core   0: 3 0x80003c48 (0x03d2d033)
core   0: 0x80003c4c (0x0027a033) slt     zero, a5, sp
core   0: 3 0x80003c4c (0x0027a033)
core   0: 0x80003c50 (0x02b8ec33) rem     s8, a7, a1
core   0: 3 0x80003c50 (0x02b8ec33) x24 0xfffffff2
core   0: 0x80003c54 (0x005a5e13) srli    t3, s4, 5
core   0: 3 0x80003c54 (0x005a5e13) x28 0x07ffffff
core   0: 0x80003c58 (0xe838ce13) xori    t3, a7, -381
core   0: 3 0x80003c58 (0xe838ce13) x28 0x00000010
core   0: 0x80003c5c (0xbbedee13) ori     t3, s11, -1090
core   0: 3 0x80003c5c (0xbbedee13) x28 0xfffffbbf
core   0: 0x80003c60 (0x7c70ff93) andi    t6, ra, 1991
core   0: 3 0x80003c60 (0x7c70ff93) x31 0x00000400
core   0: 0x80003c64 (0x3449b113) sltiu   sp, s3, 836
core   0: 3 0x80003c64 (0x3449b113) x 2 0x00000001
core   0: 0x80003c68 (0x02633633) mulhu   a2, t1, t1
core   0: 3 0x80003c68 (0x02633633) x12 0x00000400
core   0: 0x80003c6c (0x44b54793) xori    a5, a0, 1099
core   0: 3 0x80003c6c (0x44b54793) x15 0x0000044a
core   0: 0x80003c70 (0x418edab3) sra     s5, t4, s8
core   0: 3 0x80003c70 (0x418edab3) x21 0x00000000
core   0: 0x80003c74 (0x3f80bd13) sltiu   s10, ra, 1016
core   0: 3 0x80003c74 (0x3f80bd13) x26 0x00000000
core   0: 0x80003c78 (0x0082b333) sltu    t1, t0, s0
core   0: 3 0x80003c78 (0x0082b333) x 6 0x00000000
core   0: 0x80003c7c (0x00308f33) add     t5, ra, gp
core   0: 3 0x80003c7c (0x00308f33) x30 0x49dc0c36
core   0: 0x80003c80 (0x414bd793) srai    a5, s7, 20
core   0: 3 0x80003c80 (0x414bd793) x15 0xffffffff
core   0: 0x80003c84 (0x03758c33) mul     s8, a1, s7
core   0: 3 0x80003c84 (0x03758c33) x24 0x00000075
core   0: 0x80003c88 (0xf7e82c13) slti    s8, a6, -130
core   0: 3 0x80003c88 (0xf7e82c13) x24 0x00000001
core   0: 0x80003c8c (0x00947cb3) and     s9, s0, s1
core   0: 3 0x80003c8c (0x00947cb3) x25 0x00000001
core   0: 0x80003c90 (0x00a908b3) add     a7, s2, a0
core   0: 3 0x80003c90 (0x00a908b3) x17 0x00000002
core   0: 0x80003c94 (0x02dd0033) mul     zero, s10, a3
core   0: 3 0x80003c94 (0x02dd0033)
core   0: 0x80003c98 (0xe10957b7) lui     a5, 0xe1095
core   0: 3 0x80003c98 (0xe10957b7) x15 0xe1095000
core   0: 0x80003c9c (0x40678f33) sub     t5, a5, t1
core   0: 3 0x80003c9c (0x40678f33) x30 0xe1095000
core   0: 0x80003ca0 (0x11eebe13) sltiu   t3, t4, 286
core   0: 3 0x80003ca0 (0x11eebe13) x28 0x00000001
core   0: 0x80003ca4 (0x0224d433) divu    s0, s1, sp
core   0: 3 0x80003ca4 (0x0224d433) x 8 0x00000001
core   0: 0x80003ca8 (0x03c42033) mulhsu  zero, s0, t3
core   0: 3 0x80003ca8 (0x03c42033)
core   0: 0x80003cac (0x0be1f097) auipc   ra, 0xbe1f
core   0: 3 0x80003cac (0x0be1f097) x 1 0x8be22cac
core   0: 0x80003cb0 (0xe513b313) sltiu   t1, t2, -431
core   0: 3 0x80003cb0 (0xe513b313) x 6 0x00000001
core   0: 0x80003cb4 (0x03f0bcb3) mulhu   s9, ra, t6
core   0: 3 0x80003cb4 (0x03f0bcb3) x25 0x0000022f
core   0: 0x80003cb8 (0x007b5433) srl     s0, s6, t2
core   0: 3 0x80003cb8 (0x007b5433) x 8 0x00003fff
core   0: 0x80003cbc (0x01f3f133) and     sp, t2, t6
core   0: 3 0x80003cbc (0x01f3f133) x 2 0x00000400
core   0: 0x80003cc0 (0x036be4b3) rem     s1, s7, s6
core   0: 3 0x80003cc0 (0x036be4b3) x 9 0x00000000
core   0: 0x80003cc4 (0xe5fcb697) auipc   a3, 0xe5fcb
core   0: 3 0x80003cc4 (0xe5fcb697) x13 0x65fcecc4
core   0: 0x80003cc8 (0x03ccbeb3) mulhu   t4, s9, t3
core   0: 3 0x80003cc8 (0x03ccbeb3) x29 0x00000000
core   0: 0x80003ccc (0x1382c313) xori    t1, t0, 312
core   0: 3 0x80003ccc (0x1382c313) x 6 0x0000013a
core   0: 0x80003cd0 (0xef08f413) andi    s0, a7, -272
core   0: 3 0x80003cd0 (0xef08f413) x 8 0x00000000
core   0: 0x80003cd4 (0x0115deb3) srl     t4, a1, a7
core   0: 3 0x80003cd4 (0x0115deb3) x29 0x3fffffe2
core   0: 0x80003cd8 (0x00cec633) xor     a2, t4, a2
core   0: 3 0x80003cd8 (0x00cec633) x12 0x3ffffbe2
core   0: 0x80003cdc (0x018731b3) sltu    gp, a4, s8
core   0: 3 0x80003cdc (0x018731b3) x 3 0x00000000
core   0: 0x80003ce0 (0x03263d33) mulhu   s10, a2, s2
core   0: 3 0x80003ce0 (0x03263d33) x26 0x00000000
core   0: 0x80003ce4 (0x01529613) slli    a2, t0, 21
core   0: 3 0x80003ce4 (0x01529613) x12 0x00400000
core   0: 0x80003ce8 (0x0160ecb3) or      s9, ra, s6
core   0: 3 0x80003ce8 (0x0160ecb3) x25 0xffffffff
core   0: 0x80003cec (0x02bd17b3) mulh    a5, s10, a1
core   0: 3 0x80003cec (0x02bd17b3) x15 0x00000000
core   0: 0x80003cf0 (0x038db9b3) mulhu   s3, s11, s8
core   0: 3 0x80003cf0 (0x038db9b3) x19 0x00000000
core   0: 0x80003cf4 (0x02a745b3) div     a1, a4, a0
core   0: 3 0x80003cf4 (0x02a745b3) x11 0x80018ce4
core   0: 0x80003cf8 (0xe8b53e93) sltiu   t4, a0, -373
core   0: 3 0x80003cf8 (0xe8b53e93) x29 0x00000001
core   0: 0x80003cfc (0x40c650b3) sra     ra, a2, a2
core   0: 3 0x80003cfc (0x40c650b3) x 1 0x00400000
core   0: 0x80003d00 (0x033dd4b3) divu    s1, s11, s3
core   0: 3 0x80003d00 (0x033dd4b3) x 9 0xffffffff
core   0: 0x80003d04 (0xde143eb7) lui     t4, 0xde143
core   0: 3 0x80003d04 (0xde143eb7) x29 0xde143000
core   0: 0x80003d08 (0x01819a93) slli    s5, gp, 24
core   0: 3 0x80003d08 (0x01819a93) x21 0x00000000
core   0: 0x80003d0c (0x0323cfb3) div     t6, t2, s2
core   0: 3 0x80003d0c (0x0323cfb3) x31 0xc000c672
core   0: 0x80003d10 (0x40ac8eb3) sub     t4, s9, a0
core   0: 3 0x80003d10 (0x40ac8eb3) x29 0xfffffffe
core   0: 0x80003d14 (0x02d0a6b3) mulhsu  a3, ra, a3
core   0: 3 0x80003d14 (0x02d0a6b3) x13 0x00197f3b
core   0: 0x80003d18 (0x02ddb2b3) mulhu   t0, s11, a3
core   0: 3 0x80003d18 (0x02ddb2b3) x 5 0x00000000
core   0: 0x80003d1c (0x0026b3b3) sltu    t2, a3, sp
core   0: 3 0x80003d1c (0x0026b3b3) x 7 0x00000000
core   0: 0x80003d20 (0x02ff9c33) mulh    s8, t6, a5
core   0: 3 0x80003d20 (0x02ff9c33) x24 0x00000000
core   0: 0x80003d24 (0x568a7d37) lui     s10, 0x568a7
core   0: 3 0x80003d24 (0x568a7d37) x26 0x568a7000
core   0: 0x80003d28 (0xac95a893) slti    a7, a1, -1335
core   0: 3 0x80003d28 (0xac95a893) x17 0x00000001
core   0: 0x80003d2c (0x02ebb5b3) mulhu   a1, s7, a4
core   0: 3 0x80003d2c (0x02ebb5b3) x11 0x80018ce3
core   0: 0x80003d30 (0x01c76ab3) or      s5, a4, t3
core   0: 3 0x80003d30 (0x01c76ab3) x21 0x80018ce5
core   0: 0x80003d34 (0x01e321b3) slt     gp, t1, t5
core   0: 3 0x80003d34 (0x01e321b3) x 3 0x00000000
core   0: 0x80003d38 (0x01319133) sll     sp, gp, s3
core   0: 3 0x80003d38 (0x01319133) x 2 0x00000000
core   0: 0x80003d3c (0x776d4517) auipc   a0, 0x776d4
core   0: 3 0x80003d3c (0x776d4517) x10 0xf76d7d3c
core   0: 0x80003d40 (0x000dfcb3) and     s9, s11, zero
core   0: 3 0x80003d40 (0x000dfcb3) x25 0x00000000
core   0: 0x80003d44 (0x018260b3) or      ra, tp, s8
core   0: 3 0x80003d44 (0x018260b3) x 1 0xf8000000
core   0: 0x80003d48 (0x4080dab3) sra     s5, ra, s0
core   0: 3 0x80003d48 (0x4080dab3) x21 0xf8000000
core   0: 0x80003d4c (0x9b08b613) sltiu   a2, a7, -1616
core   0: 3 0x80003d4c (0x9b08b613) x12 0x00000001
core   0: 0x80003d50 (0x3b7d0113) addi    sp, s10, 951
core   0: 3 0x80003d50 (0x3b7d0113) x 2 0x568a73b7
core   0: 0x80003d54 (0x00b52e33) slt     t3, a0, a1
core   0: 3 0x80003d54 (0x00b52e33) x28 0x00000000
core   0: 0x80003d58 (0x198ef3b7) lui     t2, 0x198ef
core   0: 3 0x80003d58 (0x198ef3b7) x 7 0x198ef000
core   0: 0x80003d5c (0x03c44033) div     zero, s0, t3
core   0: 3 0x80003d5c (0x03c44033)
core   0: 0x80003d60 (0x00000013) nop
core   0: 3 0x80003d60 (0x00000013)
core   0: 0x80003d64 (0x00533d33) sltu    s10, t1, t0
core   0: 3 0x80003d64 (0x00533d33) x26 0x00000000
core   0: 0x80003d68 (0x003cb433) sltu    s0, s9, gp
core   0: 3 0x80003d68 (0x003cb433) x 8 0x00000000
core   0: 0x80003d6c (0xfa0dee93) ori     t4, s11, -96
core   0: 3 0x80003d6c (0xfa0dee93) x29 0xffffffa7
core   0: 0x80003d70 (0x0120e133) or      sp, ra, s2
core   0: 3 0x80003d70 (0x0120e133) x 2 0xf8000001
core   0: 0x80003d74 (0x0257b6b3) mulhu   a3, a5, t0
core   0: 3 0x80003d74 (0x0257b6b3) x13 0x00000000
core   0: 0x80003d78 (0x00000013) nop
core   0: 3 0x80003d78 (0x00000013)
core   0: 0x80003d7c (0xf800a893) slti    a7, ra, -128
core   0: 3 0x80003d7c (0xf800a893) x17 0x00000001
core   0: 0x80003d80 (0x643a3e13) sltiu   t3, s4, 1603
core   0: 3 0x80003d80 (0x643a3e13) x28 0x00000000
core   0: 0x80003d84 (0x03633fb3) mulhu   t6, t1, s6
core   0: 3 0x80003d84 (0x03633fb3) x31 0x00000139
core   0: 0x80003d88 (0x00000013) nop
core   0: 3 0x80003d88 (0x00000013)
core   0: 0x80003d8c (0x41afdb13) srai    s6, t6, 26
core   0: 3 0x80003d8c (0x41afdb13) x22 0x00000000
core   0: 0x80003d90 (0x00000013) nop
core   0: 3 0x80003d90 (0x00000013)
core   0: 0x80003d94 (0xc4ca7113) andi    sp, s4, -948
core   0: 3 0x80003d94 (0xc4ca7113) x 2 0xfffffc4c
core   0: 0x80003d98 (0x84bbe913) ori     s2, s7, -1973
core   0: 3 0x80003d98 (0x84bbe913) x18 0xffffffff
core   0: 0x80003d9c (0x3d82da17) auipc   s4, 0x3d82d
core   0: 3 0x80003d9c (0x3d82da17) x20 0xbd830d9c
core   0: 0x80003da0 (0x19b90a93) addi    s5, s2, 411
core   0: 3 0x80003da0 (0x19b90a93) x21 0x0000019a
core   0: 0x80003da4 (0x012c5333) srl     t1, s8, s2
core   0: 3 0x80003da4 (0x012c5333) x 6 0x00000000
core   0: 0x80003da8 (0x020ef9b3) remu    s3, t4, zero
core   0: 3 0x80003da8 (0x020ef9b3) x19 0xffffffa7
core   0: 0x80003dac (0x00ff1313) slli    t1, t5, 15
core   0: 3 0x80003dac (0x00ff1313) x 6 0xa8000000
core   0: 0x80003db0 (0x02c9d2b3) divu    t0, s3, a2
core   0: 3 0x80003db0 (0x02c9d2b3) x 5 0xffffffa7
core   0: 0x80003db4 (0x6612d097) auipc   ra, 0x6612d
core   0: 3 0x80003db4 (0x6612d097) x 1 0xe6130db4
core   0: 0x80003db8 (0x02a1e633) rem     a2, gp, a0
core   0: 3 0x80003db8 (0x02a1e633) x12 0x00000000
core   0: 0x80003dbc (0xd9acfe13) andi    t3, s9, -614
core   0: 3 0x80003dbc (0xd9acfe13) x28 0x00000000
core   0: 0x80003dc0 (0x032c3eb3) mulhu   t4, s8, s2
core   0: 3 0x80003dc0 (0x032c3eb3) x29 0x00000000
core   0: 0x80003dc4 (0x0321f533) remu    a0, gp, s2
core   0: 3 0x80003dc4 (0x0321f533) x10 0x00000000
core   0: 0x80003dc8 (0xcf2c3e13) sltiu   t3, s8, -782
core   0: 3 0x80003dc8 (0xcf2c3e13) x28 0x00000001
core   0: 0x80003dcc (0x7e89cc93) xori    s9, s3, 2024
core   0: 3 0x80003dcc (0x7e89cc93) x25 0xfffff84f
core   0: 0x80003dd0 (0x01b8efb3) or      t6, a7, s11
core   0: 3 0x80003dd0 (0x01b8efb3) x31 0x00000007
core   0: 0x80003dd4 (0x02dddf33) divu    t5, s11, a3
core   0: 3 0x80003dd4 (0x02dddf33) x30 0xffffffff
core   0: 0x80003dd8 (0xe983d637) lui     a2, 0xe983d
core   0: 3 0x80003dd8 (0xe983d637) x12 0xe983d000
core   0: 0x80003ddc (0x02065233) divu    tp, a2, zero
core   0: 3 0x80003ddc (0x02065233) x 4 0xffffffff
core   0: 0x80003de0 (0x00000013) nop
core   0: 3 0x80003de0 (0x00000013)
core   0: 0x80003de4 (0x00498a33) add     s4, s3, tp
core   0: 3 0x80003de4 (0x00498a33) x20 0xffffffa6
core   0: 0x80003de8 (0x00ae3bb3) sltu    s7, t3, a0
core   0: 3 0x80003de8 (0x00ae3bb3) x23 0x00000000
core   0: 0x80003dec (0x030a2233) mulhsu  tp, s4, a6
core   0: 3 0x80003dec (0x030a2233) x 4 0xffffffd2
core   0: 0x80003df0 (0x5f84bf93) sltiu   t6, s1, 1528
core   0: 3 0x80003df0 (0x5f84bf93) x31 0x00000000
core   0: 0x80003df4 (0x40d75593) srai    a1, a4, 13
core   0: 3 0x80003df4 (0x40d75593) x11 0xfffc000c
core   0: 0x80003df8 (0x0098d333) srl     t1, a7, s1
core   0: 3 0x80003df8 (0x0098d333) x 6 0x00000000
core   0: 0x80003dfc (0x03525e33) divu    t3, tp, s5
core   0: 3 0x80003dfc (0x03525e33) x28 0x009fd809
core   0: 0x80003e00 (0x0295dab3) divu    s5, a1, s1
core   0: 3 0x80003e00 (0x0295dab3) x21 0x00000000
core   0: 0x80003e04 (0x02daa4b3) mulhsu  s1, s5, a3
core   0: 3 0x80003e04 (0x02daa4b3) x 9 0x00000000
core   0: 0x80003e08 (0x0757c5b7) lui     a1, 0x757c
core   0: 3 0x80003e08 (0x0757c5b7) x11 0x0757c000
core   0: 0x80003e0c (0x024620b3) mulhsu  ra, a2, tp
core   0: 3 0x80003e0c (0x024620b3) x 1 0xe983d004
core   0: 0x80003e10 (0x0070d693) srli    a3, ra, 7
core   0: 3 0x80003e10 (0x0070d693) x13 0x01d307a0
core   0: 0x80003e14 (0x08c17013) andi    zero, sp, 140
core   0: 3 0x80003e14 (0x08c17013)
core   0: 0x80003e18 (0x03fce7b3) rem     a5, s9, t6
core   0: 3 0x80003e18 (0x03fce7b3) x15 0xfffff84f
core   0: 0x80003e1c (0x02fea1b3) mulhsu  gp, t4, a5
core   0: 3 0x80003e1c (0x02fea1b3) x 3 0x00000000
core   0: 0x80003e20 (0x01921f13) slli    t5, tp, 25
core   0: 3 0x80003e20 (0x01921f13) x30 0xa4000000
core   0: 0x80003e24 (0xda650393) addi    t2, a0, -602
core   0: 3 0x80003e24 (0xda650393) x 7 0xfffffda6
core   0: 0x80003e28 (0x0155a1b3) slt     gp, a1, s5
core   0: 3 0x80003e28 (0x0155a1b3) x 3 0x00000000
core   0: 0x80003e2c (0x01ca1b13) slli    s6, s4, 28
core   0: 3 0x80003e2c (0x01ca1b13) x22 0x60000000
core   0: 0x80003e30 (0x2545ed17) auipc   s10, 0x2545e
core   0: 3 0x80003e30 (0x2545ed17) x26 0xa5461e30
core   0: 0x80003e34 (0xac0c4b17) auipc   s6, 0xac0c4
core   0: 3 0x80003e34 (0xac0c4b17) x22 0x2c0c7e34
core   0: 0x80003e38 (0x40cc57b3) sra     a5, s8, a2
core   0: 3 0x80003e38 (0x40cc57b3) x15 0x00000000
core   0: 0x80003e3c (0xb5c93b13) sltiu   s6, s2, -1188
core   0: 3 0x80003e3c (0xb5c93b13) x22 0x00000000
core   0: 0x80003e40 (0x008b2cb3) slt     s9, s6, s0
core   0: 3 0x80003e40 (0x008b2cb3) x25 0x00000000
core   0: 0x80003e44 (0x036caab3) mulhsu  s5, s9, s6
core   0: 3 0x80003e44 (0x036caab3) x21 0x00000000
core   0: 0x80003e48 (0x004b8c33) add     s8, s7, tp
core   0: 3 0x80003e48 (0x004b8c33) x24 0xffffffd2
core   0: 0x80003e4c (0x0303e7b3) rem     a5, t2, a6
core   0: 3 0x80003e4c (0x0303e7b3) x15 0xfffffda6
core   0: 0x80003e50 (0x03f49033) mulh    zero, s1, t6
core   0: 3 0x80003e50 (0x03f49033)
core   0: 0x80003e54 (0x40330633) sub     a2, t1, gp
core   0: 3 0x80003e54 (0x40330633) x12 0x00000000
core   0: 0x80003e58 (0x66ece213) ori     tp, s9, 1646
core   0: 3 0x80003e58 (0x66ece213) x 4 0x0000066e
core   0: 0x80003e5c (0x00883fb3) sltu    t6, a6, s0
core   0: 3 0x80003e5c (0x00883fb3) x31 0x00000000
core   0: 0x80003e60 (0x5a5fc797) auipc   a5, 0x5a5fc
core   0: 3 0x80003e60 (0x5a5fc797) x15 0xda5ffe60
core   0: 0x80003e64 (0x014ee433) or      s0, t4, s4
core   0: 3 0x80003e64 (0x014ee433) x 8 0xffffffa6
core   0: 0x80003e68 (0x02bdf8b3) remu    a7, s11, a1
core   0: 3 0x80003e68 (0x02bdf8b3) x17 0x00000007
core   0: 0x80003e6c (0x01044333) xor     t1, s0, a6
core   0: 3 0x80003e6c (0x01044333) x 6 0x7ffeb1c2
core   0: 0x80003e70 (0x02d44e33) div     t3, s0, a3
core   0: 3 0x80003e70 (0x02d44e33) x28 0x00000000
core   0: 0x80003e74 (0x41245a33) sra     s4, s0, s2
core   0: 3 0x80003e74 (0x41245a33) x20 0xffffffff
core   0: 0x80003e78 (0x01805613) srli    a2, zero, 24
core   0: 3 0x80003e78 (0x01805613) x12 0x00000000
core   0: 0x80003e7c (0x0367f7b3) remu    a5, a5, s6
core   0: 3 0x80003e7c (0x0367f7b3) x15 0xda5ffe60
core   0: 0x80003e80 (0xf5a6fd17) auipc   s10, 0xf5a6f
core   0: 3 0x80003e80 (0xf5a6fd17) x26 0x75a72e80
core   0: 0x80003e84 (0x019a1333) sll     t1, s4, s9
core   0: 3 0x80003e84 (0x019a1333) x 6 0xffffffff
core   0: 0x80003e88 (0x01a89993) slli    s3, a7, 26
core   0: 3 0x80003e88 (0x01a89993) x19 0x1c000000
core   0: 0x80003e8c (0x00000013) nop
core   0: 3 0x80003e8c (0x00000013)
core   0: 0x80003e90 (0x41118933) sub     s2, gp, a7
core   0: 3 0x80003e90 (0x41118933) x18 0xfffffff9
core   0: 0x80003e94 (0x000d1a33) sll     s4, s10, zero
core   0: 3 0x80003e94 (0x000d1a33) x20 0x75a72e80
core   0: 0x80003e98 (0xb75fcf13) xori    t5, t6, -1163
core   0: 3 0x80003e98 (0xb75fcf13) x30 0xfffffb75
core   0: 0x80003e9c (0xc97fff13) andi    t5, t6, -873
core   0: 3 0x80003e9c (0xc97fff13) x30 0x00000000
core   0: 0x80003ea0 (0x0061b433) sltu    s0, gp, t1
core   0: 3 0x80003ea0 (0x0061b433) x 8 0x00000001
core   0: 0x80003ea4 (0xb7723c13) sltiu   s8, tp, -1161
core   0: 3 0x80003ea4 (0xb7723c13) x24 0x00000001
core   0: 0x80003ea8 (0x1359ce93) xori    t4, s3, 309
core   0: 3 0x80003ea8 (0x1359ce93) x29 0x1c000135
core   0: 0x80003eac (0x009c7a33) and     s4, s8, s1
core   0: 3 0x80003eac (0x009c7a33) x20 0x00000000
core   0: 0x80003eb0 (0xf72a2593) slti    a1, s4, -142
core   0: 3 0x80003eb0 (0xf72a2593) x11 0x00000000
core   0: 0x80003eb4 (0x02773933) mulhu   s2, a4, t2
core   0: 3 0x80003eb4 (0x02773933) x18 0x80018bb6
core   0: 0x80003eb8 (0x032420b3) mulhsu  ra, s0, s2
core   0: 3 0x80003eb8 (0x032420b3) x 1 0x00000000
core   0: 0x80003ebc (0x0232d533) divu    a0, t0, gp
core   0: 3 0x80003ebc (0x0232d533) x10 0xffffffff
core   0: 0x80003ec0 (0xc0c3f893) andi    a7, t2, -1012
core   0: 3 0x80003ec0 (0xc0c3f893) x17 0xfffffc04
core   0: 0x80003ec4 (0x012a11b3) sll     gp, s4, s2
core   0: 3 0x80003ec4 (0x012a11b3) x 3 0x00000000
core   0: 0x80003ec8 (0x00000013) nop
core   0: 3 0x80003ec8 (0x00000013)
core   0: 0x80003ecc (0x00ca4133) xor     sp, s4, a2
core   0: 3 0x80003ecc (0x00ca4133) x 2 0x00000000
core   0: 0x80003ed0 (0x8c5d6313) ori     t1, s10, -1851
core   0: 3 0x80003ed0 (0x8c5d6313) x 6 0xfffffec5
core   0: 0x80003ed4 (0x7d9ae193) ori     gp, s5, 2009
core   0: 3 0x80003ed4 (0x7d9ae193) x 3 0x000007d9
core   0: 0x80003ed8 (0x57c7f437) lui     s0, 0x57c7f
core   0: 3 0x80003ed8 (0x57c7f437) x 8 0x57c7f000
core   0: 0x80003edc (0x02a7bfb3) mulhu   t6, a5, a0
core   0: 3 0x80003edc (0x02a7bfb3) x31 0xda5ffe5f
core   0: 0x80003ee0 (0x02fd15b3) mulh    a1, s10, a5
core   0: 3 0x80003ee0 (0x02fd15b3) x11 0xeeb54d0b
core   0: 0x80003ee4 (0x0097ceb3) xor     t4, a5, s1
core   0: 3 0x80003ee4 (0x0097ceb3) x29 0xda5ffe60
core   0: 0x80003ee8 (0x039e4d33) div     s10, t3, s9
core   0: 3 0x80003ee8 (0x039e4d33) x26 0xffffffff
core   0: 0x80003eec (0xf4904293) xori    t0, zero, -183
core   0: 3 0x80003eec (0xf4904293) x 5 0xffffff49
core   0: 0x80003ef0 (0x034011b3) mulh    gp, zero, s4
core   0: 3 0x80003ef0 (0x034011b3) x 3 0x00000000
core   0: 0x80003ef4 (0x40ad0d33) sub     s10, s10, a0
core   0: 3 0x80003ef4 (0x40ad0d33) x26 0x00000000
core   0: 0x80003ef8 (0x007bdb93) srli    s7, s7, 7
core   0: 3 0x80003ef8 (0x007bdb93) x23 0x00000000
core   0: 0x80003efc (0x179d3993) sltiu   s3, s10, 377
core   0: 3 0x80003efc (0x179d3993) x19 0x00000001
core   0: 0x80003f00 (0x00b0aab3) slt     s5, ra, a1
core   0: 3 0x80003f00 (0x00b0aab3) x21 0x00000000
core   0: 0x80003f04 (0x00000013) nop
core   0: 3 0x80003f04 (0x00000013)
core   0: 0x80003f08 (0x01c845b3) xor     a1, a6, t3
core   0: 3 0x80003f08 (0x01c845b3) x11 0x80014e64
core   0: 0x80003f0c (0x00193d33) sltu    s10, s2, ra
core   0: 3 0x80003f0c (0x00193d33) x26 0x00000000
core   0: 0x80003f10 (0x01a3a9b3) slt     s3, t2, s10
core   0: 3 0x80003f10 (0x01a3a9b3) x19 0x00000001
core   0: 0x80003f14 (0x151c4893) xori    a7, s8, 337
core   0: 3 0x80003f14 (0x151c4893) x17 0x00000150
core   0: 0x80003f18 (0x00f4b1b3) sltu    gp, s1, a5
core   0: 3 0x80003f18 (0x00f4b1b3) x 3 0x00000001
core   0: 0x80003f1c (0xb60ea213) slti    tp, t4, -1184
core   0: 3 0x80003f1c (0xb60ea213) x 4 0x00000001
core   0: 0x80003f20 (0x97cd4a17) auipc   s4, 0x97cd4
core   0: 3 0x80003f20 (0x97cd4a17) x20 0x17cd7f20
core   0: 0x80003f24 (0x0198f2b3) and     t0, a7, s9
core   0: 3 0x80003f24 (0x0198f2b3) x 5 0x00000000
core   0: 0x80003f28 (0x12487b93) andi    s7, a6, 292
core   0: 3 0x80003f28 (0x12487b93) x23 0x00000024
core   0: 0x80003f2c (0x001473b3) and     t2, s0, ra
core   0: 3 0x80003f2c (0x001473b3) x 7 0x00000000
core   0: 0x80003f30 (0x00000013) nop
core   0: 3 0x80003f30 (0x00000013)
core   0: 0x80003f34 (0x41eb55b3) sra     a1, s6, t5
core   0: 3 0x80003f34 (0x41eb55b3) x11 0x00000000
core   0: 0x80003f38 (0xd8400b13) li      s6, -636
core   0: 3 0x80003f38 (0xd8400b13) x22 0xfffffd84
core   0: 0x80003f3c (0x0e01ab93) slti    s7, gp, 224
core   0: 3 0x80003f3c (0x0e01ab93) x23 0x00000001
core   0: 0x80003f40 (0xe7a3ea13) ori     s4, t2, -390
core   0: 3 0x80003f40 (0xe7a3ea13) x20 0xfffffe7a
core   0: 0x80003f44 (0x01685b33) srl     s6, a6, s6
core   0: 3 0x80003f44 (0x01685b33) x22 0x080014e6
core   0: 0x80003f48 (0x02aaa633) mulhsu  a2, s5, a0
core   0: 3 0x80003f48 (0x02aaa633) x12 0x00000000
core   0: 0x80003f4c (0xc2893393) sltiu   t2, s2, -984
core   0: 3 0x80003f4c (0xc2893393) x 7 0x00000001
core   0: 0x80003f50 (0x7152ec13) ori     s8, t0, 1813
core   0: 3 0x80003f50 (0x7152ec13) x24 0x00000715
core   0: 0x80003f54 (0x03f18b33) mul     s6, gp, t6
core   0: 3 0x80003f54 (0x03f18b33) x22 0xda5ffe5f
core   0: 0x80003f58 (0x01b76c33) or      s8, a4, s11
core   0: 3 0x80003f58 (0x01b76c33) x24 0x80018ce7
core   0: 0x80003f5c (0x9cb8cd13) xori    s10, a7, -1589
core   0: 3 0x80003f5c (0x9cb8cd13) x26 0xfffff89b
core   0: 0x80003f60 (0x00c315b3) sll     a1, t1, a2
core   0: 3 0x80003f60 (0x00c315b3) x11 0xfffffec5
core   0: 0x80003f64 (0xe4ddbb93) sltiu   s7, s11, -435
core   0: 3 0x80003f64 (0xe4ddbb93) x23 0x00000001
core   0: 0x80003f68 (0x39628993) addi    s3, t0, 918
core   0: 3 0x80003f68 (0x39628993) x19 0x00000396
core   0: 0x80003f6c (0x00000013) nop
core   0: 3 0x80003f6c (0x00000013)
core   0: 0x80003f70 (0x02d50a33) mul     s4, a0, a3
core   0: 3 0x80003f70 (0x02d50a33) x20 0xfe2cf860
core   0: 0x80003f74 (0x014d2e33) slt     t3, s10, s4
core   0: 3 0x80003f74 (0x014d2e33) x28 0x00000000
core   0: 0x80003f78 (0x7f078ab7) lui     s5, 0x7f078
core   0: 3 0x80003f78 (0x7f078ab7) x21 0x7f078000
core   0: 0x80003f7c (0x014d8433) add     s0, s11, s4
core   0: 3 0x80003f7c (0x014d8433) x 8 0xfe2cf867
core   0: 0x80003f80 (0x01acfeb3) and     t4, s9, s10
core   0: 3 0x80003f80 (0x01acfeb3) x29 0x00000000
core   0: 0x80003f84 (0x41935b13) srai    s6, t1, 25
core   0: 3 0x80003f84 (0x41935b13) x22 0xffffffff
core   0: 0x80003f88 (0xc3ff7f13) andi    t5, t5, -961
core   0: 3 0x80003f88 (0xc3ff7f13) x30 0x00000000
core   0: 0x80003f8c (0x00d1aa33) slt     s4, gp, a3
core   0: 3 0x80003f8c (0x00d1aa33) x20 0x00000001
core   0: 0x80003f90 (0x0005e633) or      a2, a1, zero
core   0: 3 0x80003f90 (0x0005e633) x12 0xfffffec5
core   0: 0x80003f94 (0x03518933) mul     s2, gp, s5
core   0: 3 0x80003f94 (0x03518933) x18 0x7f078000
core   0: 0x80003f98 (0x00635533) srl     a0, t1, t1
core   0: 3 0x80003f98 (0x00635533) x10 0x07fffff6
core   0: 0x80003f9c (0x0382d333) divu    t1, t0, s8
core   0: 3 0x80003f9c (0x0382d333) x 6 0x00000000
core   0: 0x80003fa0 (0x84de4693) xori    a3, t3, -1971
core   0: 3 0x80003fa0 (0x84de4693) x13 0xfffff84d
core   0: 0x80003fa4 (0x41cdd433) sra     s0, s11, t3
core   0: 3 0x80003fa4 (0x41cdd433) x 8 0x00000007
core   0: 0x80003fa8 (0x00566a33) or      s4, a2, t0
core   0: 3 0x80003fa8 (0x00566a33) x20 0xfffffec5
core   0: 0x80003fac (0x02222b33) mulhsu  s6, tp, sp
core   0: 3 0x80003fac (0x02222b33) x22 0x00000000
core   0: 0x80003fb0 (0x00ac68b3) or      a7, s8, a0
core   0: 3 0x80003fb0 (0x00ac68b3) x17 0x87fffff7
core   0: 0x80003fb4 (0x01f99c33) sll     s8, s3, t6
core   0: 3 0x80003fb4 (0x01f99c33) x24 0x00000000
core   0: 0x80003fb8 (0x027598b3) mulh    a7, a1, t2
core   0: 3 0x80003fb8 (0x027598b3) x17 0xffffffff
core   0: 0x80003fbc (0x7c1746b7) lui     a3, 0x7c174
core   0: 3 0x80003fbc (0x7c1746b7) x13 0x7c174000
core   0: 0x80003fc0 (0x012ea933) slt     s2, t4, s2
core   0: 3 0x80003fc0 (0x012ea933) x18 0x00000001
core   0: 0x80003fc4 (0x8498a037) lui     zero, 0x8498a
core   0: 3 0x80003fc4 (0x8498a037)
core   0: 0x80003fc8 (0x404f8633) sub     a2, t6, tp
core   0: 3 0x80003fc8 (0x404f8633) x12 0xda5ffe5e
core   0: 0x80003fcc (0x7d408493) addi    s1, ra, 2004
core   0: 3 0x80003fcc (0x7d408493) x 9 0x000007d4
core   0: 0x80003fd0 (0x00f4aeb3) slt     t4, s1, a5
core   0: 3 0x80003fd0 (0x00f4aeb3) x29 0x00000000
core   0: 0x80003fd4 (0x9e993317) auipc   t1, 0x9e993
core   0: 3 0x80003fd4 (0x9e993317) x 6 0x1e996fd4
core   0: 0x80003fd8 (0x16acd5b7) lui     a1, 0x16acd
core   0: 3 0x80003fd8 (0x16acd5b7) x11 0x16acd000
core   0: 0x80003fdc (0x01b54bb3) xor     s7, a0, s11
core   0: 3 0x80003fdc (0x01b54bb3) x23 0x07fffff1
core   0: 0x80003fe0 (0x86b44e97) auipc   t4, 0x86b44
core   0: 3 0x80003fe0 (0x86b44e97) x29 0x06b47fe0
core   0: 0x80003fe4 (0x015904b3) add     s1, s2, s5
core   0: 3 0x80003fe4 (0x015904b3) x 9 0x7f078001
core   0: 0x80003fe8 (0x006ed7b3) srl     a5, t4, t1
core   0: 3 0x80003fe8 (0x006ed7b3) x15 0x0000006b
core   0: 0x80003fec (0x01c21e13) slli    t3, tp, 28
core   0: 3 0x80003fec (0x01c21e13) x28 0x10000000
core   0: 0x80003ff0 (0x01425133) srl     sp, tp, s4
core   0: 3 0x80003ff0 (0x01425133) x 2 0x00000000
core   0: 0x80003ff4 (0x01f0eeb3) or      t4, ra, t6
core   0: 3 0x80003ff4 (0x01f0eeb3) x29 0xda5ffe5f
core   0: 0x80003ff8 (0x8aa6e793) ori     a5, a3, -1878
core   0: 3 0x80003ff8 (0x8aa6e793) x15 0xfffff8aa
core   0: 0x80003ffc (0x0a979697) auipc   a3, 0xa979
core   0: 3 0x80003ffc (0x0a979697) x13 0x8a97cffc
core   0: 0x80004000 (0x413384b3) sub     s1, t2, s3
core   0: 3 0x80004000 (0x413384b3) x 9 0xfffffc6b
core   0: 0x80004004 (0x41175593) srai    a1, a4, 17
core   0: 3 0x80004004 (0x41175593) x11 0xffffc000
core   0: 0x80004008 (0x031468b3) rem     a7, s0, a7
core   0: 3 0x80004008 (0x031468b3) x17 0x00000000
core   0: 0x8000400c (0x02145933) divu    s2, s0, ra
core   0: 3 0x8000400c (0x02145933) x18 0xffffffff
core   0: 0x80004010 (0x0326c0b3) div     ra, a3, s2
core   0: 3 0x80004010 (0x0326c0b3) x 1 0x75683004
core   0: 0x80004014 (0x03f84433) div     s0, a6, t6
core   0: 3 0x80004014 (0x03f84433) x 8 0x00000003
core   0: 0x80004018 (0x036711b3) mulh    gp, a4, s6
core   0: 3 0x80004018 (0x036711b3) x 3 0x00000000
core   0: 0x8000401c (0x40a487b3) sub     a5, s1, a0
core   0: 3 0x8000401c (0x40a487b3) x15 0xf7fffc75
core   0: 0x80004020 (0x0069c2b3) xor     t0, s3, t1
core   0: 3 0x80004020 (0x0069c2b3) x 5 0x1e996c42
core   0: 0x80004024 (0x03983533) mulhu   a0, a6, s9
core   0: 3 0x80004024 (0x03983533) x10 0x00000000
core   0: 0x80004028 (0x02f401b3) mul     gp, s0, a5
core   0: 3 0x80004028 (0x02f401b3) x 3 0xe7fff55f
core   0: 0x8000402c (0x01ddd7b3) srl     a5, s11, t4
core   0: 3 0x8000402c (0x01ddd7b3) x15 0x00000000
core   0: 0x80004030 (0x01fe1933) sll     s2, t3, t6
core   0: 3 0x80004030 (0x01fe1933) x18 0x00000000
core   0: 0x80004034 (0x0195f7b3) and     a5, a1, s9
core   0: 3 0x80004034 (0x0195f7b3) x15 0x00000000
core   0: 0x80004038 (0x014c35b3) sltu    a1, s8, s4
core   0: 3 0x80004038 (0x014c35b3) x11 0x00000001
core   0: 0x8000403c (0x41b507b3) sub     a5, a0, s11
core   0: 3 0x8000403c (0x41b507b3) x15 0xfffffff9
core   0: 0x80004040 (0xbeb37513) andi    a0, t1, -1045
core   0: 3 0x80004040 (0xbeb37513) x10 0x1e996bc0
core   0: 0x80004044 (0x01866f33) or      t5, a2, s8
core   0: 3 0x80004044 (0x01866f33) x30 0xda5ffe5e
core   0: 0x80004048 (0x01c21213) slli    tp, tp, 28
core   0: 3 0x80004048 (0x01c21213) x 4 0x10000000
core   0: 0x8000404c (0x02c7dd33) divu    s10, a5, a2
core   0: 3 0x8000404c (0x02c7dd33) x26 0x00000001
core   0: 0x80004050 (0x031621b3) mulhsu  gp, a2, a7
core   0: 3 0x80004050 (0x031621b3) x 3 0x00000000
core   0: 0x80004054 (0x7ff85a37) lui     s4, 0x7ff85
core   0: 3 0x80004054 (0x7ff85a37) x20 0x7ff85000
core   0: 0x80004058 (0x0044c7b3) xor     a5, s1, tp
core   0: 3 0x80004058 (0x0044c7b3) x15 0xeffffc6b
core   0: 0x8000405c (0x00baaeb3) slt     t4, s5, a1
core   0: 3 0x8000405c (0x00baaeb3) x29 0x00000000
core   0: 0x80004060 (0x029e29b3) mulhsu  s3, t3, s1
core   0: 3 0x80004060 (0x029e29b3) x19 0x0fffffc6
core   0: 0x80004064 (0x024040b3) div     ra, zero, tp
core   0: 3 0x80004064 (0x024040b3) x 1 0x00000000
core   0: 0x80004068 (0x03620f33) mul     t5, tp, s6
core   0: 3 0x80004068 (0x03620f33) x30 0x00000000
core   0: 0x8000406c (0x00697a33) and     s4, s2, t1
core   0: 3 0x8000406c (0x00697a33) x20 0x00000000
core   0: 0x80004070 (0x40098b33) sub     s6, s3, zero
core   0: 3 0x80004070 (0x40098b33) x22 0x0fffffc6
core   0: 0x80004074 (0x03cd7fb3) remu    t6, s10, t3
core   0: 3 0x80004074 (0x03cd7fb3) x31 0x00000001
core   0: 0x80004078 (0x7745a293) slti    t0, a1, 1908
core   0: 3 0x80004078 (0x7745a293) x 5 0x00000001
core   0: 0x8000407c (0x01118b33) add     s6, gp, a7
core   0: 3 0x8000407c (0x01118b33) x22 0x00000000
core   0: 0x80004080 (0x00435033) srl     zero, t1, tp
core   0: 3 0x80004080 (0x00435033)
core   0: 0x80004084 (0x41c05593) srai    a1, zero, 28
core   0: 3 0x80004084 (0x41c05593) x11 0x00000000
core   0: 0x80004088 (0x408d81b3) sub     gp, s11, s0
core   0: 3 0x80004088 (0x408d81b3) x 3 0x00000004
core   0: 0x8000408c (0x032cff33) remu    t5, s9, s2
core   0: 3 0x8000408c (0x032cff33) x30 0x00000000
core   0: 0x80004090 (0x01749cb3) sll     s9, s1, s7
core   0: 3 0x80004090 (0x01749cb3) x25 0xf8d60000
core   0: 0x80004094 (0x409d8133) sub     sp, s11, s1
core   0: 3 0x80004094 (0x409d8133) x 2 0x0000039c
core   0: 0x80004098 (0x00b064b3) or      s1, zero, a1
core   0: 3 0x80004098 (0x00b064b3) x 9 0x00000000
core   0: 0x8000409c (0x00000013) nop
core   0: 3 0x8000409c (0x00000013)
core   0: 0x800040a0 (0x015779b3) and     s3, a4, s5
core   0: 3 0x800040a0 (0x015779b3) x19 0x00018000
core   0: 0x800040a4 (0xed272b93) slti    s7, a4, -302
core   0: 3 0x800040a4 (0xed272b93) x23 0x00000001
core   0: 0x800040a8 (0x00c7ae33) slt     t3, a5, a2
core   0: 3 0x800040a8 (0x00c7ae33) x28 0x00000000
core   0: 0x800040ac (0x030602b3) mul     t0, a2, a6
core   0: 3 0x800040ac (0x030602b3) x 5 0x8b5e00b8
core   0: 0x800040b0 (0x7ded5037) lui     zero, 0x7ded5
core   0: 3 0x800040b0 (0x7ded5037)
core   0: 0x800040b4 (0x02e5ca33) div     s4, a1, a4
core   0: 3 0x800040b4 (0x02e5ca33) x20 0x00000000
core   0: 0x800040b8 (0x0012b933) sltu    s2, t0, ra
core   0: 3 0x800040b8 (0x0012b933) x18 0x00000000
core   0: 0x800040bc (0x008587b3) add     a5, a1, s0
core   0: 3 0x800040bc (0x008587b3) x15 0x00000003
core   0: 0x800040c0 (0x03ca52b3) divu    t0, s4, t3
core   0: 3 0x800040c0 (0x03ca52b3) x 5 0xffffffff
core   0: 0x800040c4 (0x00468a33) add     s4, a3, tp
core   0: 3 0x800040c4 (0x00468a33) x20 0x9a97cffc
core   0: 0x800040c8 (0x011039b3) snez    s3, a7
core   0: 3 0x800040c8 (0x011039b3) x19 0x00000000
core   0: 0x800040cc (0x38c86a37) lui     s4, 0x38c86
core   0: 3 0x800040cc (0x38c86a37) x20 0x38c86000
core   0: 0x800040d0 (0x013e67b3) or      a5, t3, s3
core   0: 3 0x800040d0 (0x013e67b3) x15 0x00000000
core   0: 0x800040d4 (0x0289afb3) mulhsu  t6, s3, s0
core   0: 3 0x800040d4 (0x0289afb3) x31 0x00000000
core   0: 0x800040d8 (0x00000013) nop
core   0: 3 0x800040d8 (0x00000013)
core   0: 0x800040dc (0x40905893) srai    a7, zero, 9
core   0: 3 0x800040dc (0x40905893) x17 0x00000000
core   0: 0x800040e0 (0x0b071517) auipc   a0, 0xb071
core   0: 3 0x800040e0 (0x0b071517) x10 0x8b0750e0
core   0: 0x800040e4 (0x02d35933) divu    s2, t1, a3
core   0: 3 0x800040e4 (0x02d35933) x18 0x00000000
core   0: 0x800040e8 (0x01935bb3) srl     s7, t1, s9
core   0: 3 0x800040e8 (0x01935bb3) x23 0x1e996fd4
core   0: 0x800040ec (0x01909633) sll     a2, ra, s9
core   0: 3 0x800040ec (0x01909633) x12 0x00000000
core   0: 0x800040f0 (0x9270e793) ori     a5, ra, -1753
core   0: 3 0x800040f0 (0x9270e793) x15 0xfffff927
core   0: 0x800040f4 (0xcca04893) xori    a7, zero, -822
core   0: 3 0x800040f4 (0xcca04893) x17 0xfffffcca
core   0: 0x800040f8 (0x41bf5313) srai    t1, t5, 27
core   0: 3 0x800040f8 (0x41bf5313) x 6 0x00000000
core   0: 0x800040fc (0x03891033) mulh    zero, s2, s8
core   0: 3 0x800040fc (0x03891033)
core   0: 0x80004100 (0x41045a13) srai    s4, s0, 16
core   0: 3 0x80004100 (0x41045a13) x20 0x00000000
core   0: 0x80004104 (0x1467c093) xori    ra, a5, 326
core   0: 3 0x80004104 (0x1467c093) x 1 0xfffff861
core   0: 0x80004108 (0x015885b3) add     a1, a7, s5
core   0: 3 0x80004108 (0x015885b3) x11 0x7f077cca
core   0: 0x8000410c (0x038eb933) mulhu   s2, t4, s8
core   0: 3 0x8000410c (0x038eb933) x18 0x00000000
core   0: 0x80004110 (0x01981013) slli    zero, a6, 25
core   0: 3 0x80004110 (0x01981013)
core   0: 0x80004114 (0x03f18f33) mul     t5, gp, t6
core   0: 3 0x80004114 (0x03f18f33) x30 0x00000000
core   0: 0x80004118 (0x5e8e4a93) xori    s5, t3, 1512
core   0: 3 0x80004118 (0x5e8e4a93) x21 0x000005e8
core   0: 0x8000411c (0x00ba4e33) xor     t3, s4, a1
core   0: 3 0x8000411c (0x00ba4e33) x28 0x7f077cca
core   0: 0x80004120 (0x8a752f93) slti    t6, a0, -1881
core   0: 3 0x80004120 (0x8a752f93) x31 0x00000001
core   0: 0x80004124 (0x0338f633) remu    a2, a7, s3
core   0: 3 0x80004124 (0x0338f633) x12 0xfffffcca
core   0: 0x80004128 (0x1bf26413) ori     s0, tp, 447
core   0: 3 0x80004128 (0x1bf26413) x 8 0x100001bf
core   0: 0x8000412c (0x007c41b3) xor     gp, s8, t2
core   0: 3 0x8000412c (0x007c41b3) x 3 0x00000001
core   0: 0x80004130 (0x00191c33) sll     s8, s2, ra
core   0: 3 0x80004130 (0x00191c33) x24 0x00000000
core   0: 0x80004134 (0x002d9433) sll     s0, s11, sp
core   0: 3 0x80004134 (0x002d9433) x 8 0x70000000
core   0: 0x80004138 (0x02fd67b3) rem     a5, s10, a5
core   0: 3 0x80004138 (0x02fd67b3) x15 0x00000001
core   0: 0x8000413c (0x039e0f33) mul     t5, t3, s9
core   0: 3 0x8000413c (0x039e0f33) x30 0x00dc0000
core   0: 0x80004140 (0x5c018893) addi    a7, gp, 1472
core   0: 3 0x80004140 (0x5c018893) x17 0x000005c1
core   0: 0x80004144 (0x01f31233) sll     tp, t1, t6
core   0: 3 0x80004144 (0x01f31233) x 4 0x00000000
core   0: 0x80004148 (0x00f11f13) slli    t5, sp, 15
core   0: 3 0x80004148 (0x00f11f13) x30 0x01ce0000
core   0: 0x8000414c (0x00131293) slli    t0, t1, 1
core   0: 3 0x8000414c (0x00131293) x 5 0x00000000
core   0: 0x80004150 (0x20013f93) sltiu   t6, sp, 512
core   0: 3 0x80004150 (0x20013f93) x31 0x00000000
core   0: 0x80004154 (0x02551633) mulh    a2, a0, t0
core   0: 3 0x80004154 (0x02551633) x12 0x00000000
core   0: 0x80004158 (0x02696433) rem     s0, s2, t1
core   0: 3 0x80004158 (0x02696433) x 8 0x00000000
core   0: 0x8000415c (0x2d4a3793) sltiu   a5, s4, 724
core   0: 3 0x8000415c (0x2d4a3793) x15 0x00000001
core   0: 0x80004160 (0x02576f33) rem     t5, a4, t0
core   0: 3 0x80004160 (0x02576f33) x30 0x80018ce4
core   0: 0x80004164 (0x009463b3) or      t2, s0, s1
core   0: 3 0x80004164 (0x009463b3) x 7 0x00000000
core   0: 0x80004168 (0x01db8eb3) add     t4, s7, t4
core   0: 3 0x80004168 (0x01db8eb3) x29 0x1e996fd4
core   0: 0x8000416c (0x41615b33) sra     s6, sp, s6
core   0: 3 0x8000416c (0x41615b33) x22 0x0000039c
core   0: 0x80004170 (0xd9563b13) sltiu   s6, a2, -619
core   0: 3 0x80004170 (0xd9563b13) x22 0x00000001
core   0: 0x80004174 (0xe1413893) sltiu   a7, sp, -492
core   0: 3 0x80004174 (0xe1413893) x17 0x00000001
core   0: 0x80004178 (0x0089fab3) and     s5, s3, s0
core   0: 3 0x80004178 (0x0089fab3) x21 0x00000000
core   0: 0x8000417c (0xd9cca613) slti    a2, s9, -612
core   0: 3 0x8000417c (0xd9cca613) x12 0x00000001
core   0: 0x80004180 (0x411d0333) sub     t1, s10, a7
core   0: 3 0x80004180 (0x411d0333) x 6 0x00000000
core   0: 0x80004184 (0x038698b3) mulh    a7, a3, s8
core   0: 3 0x80004184 (0x038698b3) x17 0x00000000
core   0: 0x80004188 (0x80e20c13) addi    s8, tp, -2034
core   0: 3 0x80004188 (0x80e20c13) x24 0xfffff80e
core   0: 0x8000418c (0x0021dd13) srli    s10, gp, 2
core   0: 3 0x8000418c (0x0021dd13) x26 0x00000000
core   0: 0x80004190 (0x7ae28593) addi    a1, t0, 1966
core   0: 3 0x80004190 (0x7ae28593) x11 0x000007ae
core   0: 0x80004194 (0x41ac0433) sub     s0, s8, s10
core   0: 3 0x80004194 (0x41ac0433) x 8 0xfffff80e
core   0: 0x80004198 (0x00c1df33) srl     t5, gp, a2
core   0: 3 0x80004198 (0x00c1df33) x30 0x00000000
core   0: 0x8000419c (0x00000013) nop
core   0: 3 0x8000419c (0x00000013)
core   0: 0x800041a0 (0xf7dac093) xori    ra, s5, -131
core   0: 3 0x800041a0 (0xf7dac093) x 1 0xffffff7d
core   0: 0x800041a4 (0x137bff93) andi    t6, s7, 311
core   0: 3 0x800041a4 (0x137bff93) x31 0x00000114
core   0: 0x800041a8 (0x01187433) and     s0, a6, a7
core   0: 3 0x800041a8 (0x01187433) x 8 0x00000000
core   0: 0x800041ac (0x00027133) and     sp, tp, zero
core   0: 3 0x800041ac (0x00027133) x 2 0x00000000
core   0: 0x800041b0 (0x0337f4b3) remu    s1, a5, s3
core   0: 3 0x800041b0 (0x0337f4b3) x 9 0x00000001
core   0: 0x800041b4 (0x015b9eb3) sll     t4, s7, s5
core   0: 3 0x800041b4 (0x015b9eb3) x29 0x1e996fd4
core   0: 0x800041b8 (0x1083c017) auipc   zero, 0x1083c
core   0: 3 0x800041b8 (0x1083c017)
core   0: 0x800041bc (0x209f0c97) auipc   s9, 0x209f0
core   0: 3 0x800041bc (0x209f0c97) x25 0xa09f41bc
core   0: 0x800041c0 (0x0044ec33) or      s8, s1, tp
core   0: 3 0x800041c0 (0x0044ec33) x24 0x00000001
core   0: 0x800041c4 (0x030fa9b3) mulhsu  s3, t6, a6
core   0: 3 0x800041c4 (0x030fa9b3) x19 0x0000008a
core   0: 0x800041c8 (0xacf66f97) auipc   t6, 0xacf66
core   0: 3 0x800041c8 (0xacf66f97) x31 0x2cf6a1c8
core   0: 0x800041cc (0x03a38333) mul     t1, t2, s10
core   0: 3 0x800041cc (0x03a38333) x 6 0x00000000
core   0: 0x800041d0 (0x4ccc8313) addi    t1, s9, 1228
core   0: 3 0x800041d0 (0x4ccc8313) x 6 0xa09f4688
core   0: 0x800041d4 (0x03efd433) divu    s0, t6, t5
core   0: 3 0x800041d4 (0x03efd433) x 8 0xffffffff
core   0: 0x800041d8 (0x03836c33) rem     s8, t1, s8
core   0: 3 0x800041d8 (0x03836c33) x24 0x00000000
core   0: 0x800041dc (0x01d2a933) slt     s2, t0, t4
core   0: 3 0x800041dc (0x01d2a933) x18 0x00000001
core   0: 0x800041e0 (0x03993f33) mulhu   t5, s2, s9
core   0: 3 0x800041e0 (0x03993f33) x30 0x00000000
core   0: 0x800041e4 (0x011d1913) slli    s2, s10, 17
core   0: 3 0x800041e4 (0x011d1913) x18 0x00000000
core   0: 0x800041e8 (0xd78a7a93) andi    s5, s4, -648
core   0: 3 0x800041e8 (0xd78a7a93) x21 0x00000000
core   0: 0x800041ec (0x00000013) nop
core   0: 3 0x800041ec (0x00000013)
core   0: 0x800041f0 (0x03f77133) remu    sp, a4, t6
core   0: 3 0x800041f0 (0x03f77133) x 2 0x26144954
core   0: 0x800041f4 (0x562b3a13) sltiu   s4, s6, 1378
core   0: 3 0x800041f4 (0x562b3a13) x20 0x00000001
core   0: 0x800041f8 (0x00b9cc33) xor     s8, s3, a1
core   0: 3 0x800041f8 (0x00b9cc33) x24 0x00000724
core   0: 0x800041fc (0x004a1233) sll     tp, s4, tp
core   0: 3 0x800041fc (0x004a1233) x 4 0x00000001
core   0: 0x80004200 (0xfd0a0013) addi    zero, s4, -48
core   0: 3 0x80004200 (0xfd0a0013)
core   0: 0x80004204 (0x870fa513) slti    a0, t6, -1936
core   0: 3 0x80004204 (0x870fa513) x10 0x00000000
core   0: 0x80004208 (0x128a8c93) addi    s9, s5, 296
core   0: 3 0x80004208 (0x128a8c93) x25 0x00000128
core   0: 0x8000420c (0x01f14cb3) xor     s9, sp, t6
core   0: 3 0x8000420c (0x01f14cb3) x25 0x0ae2e89c
core   0: 0x80004210 (0x416388b3) sub     a7, t2, s6
core   0: 3 0x80004210 (0x416388b3) x17 0xffffffff
core   0: 0x80004214 (0x414d5513) srai    a0, s10, 20
core   0: 3 0x80004214 (0x414d5513) x10 0x00000000
core   0: 0x80004218 (0x017d36b3) sltu    a3, s10, s7
core   0: 3 0x80004218 (0x017d36b3) x13 0x00000001
core   0: 0x8000421c (0x00d1f0b3) and     ra, gp, a3
core   0: 3 0x8000421c (0x00d1f0b3) x 1 0x00000001
core   0: 0x80004220 (0xef1ec593) xori    a1, t4, -271
core   0: 3 0x80004220 (0xef1ec593) x11 0xe1669125
core   0: 0x80004224 (0x41e30633) sub     a2, t1, t5
core   0: 3 0x80004224 (0x41e30633) x12 0xa09f4688
core   0: 0x80004228 (0x00f403b3) add     t2, s0, a5
core   0: 3 0x80004228 (0x00f403b3) x 7 0x00000000
core   0: 0x8000422c (0x46ff7c17) auipc   s8, 0x46ff7
core   0: 3 0x8000422c (0x46ff7c17) x24 0xc6ffb22c
core   0: 0x80004230 (0x01816933) or      s2, sp, s8
core   0: 3 0x80004230 (0x01816933) x18 0xe6fffb7c
core   0: 0x80004234 (0x13e16d13) ori     s10, sp, 318
core   0: 3 0x80004234 (0x13e16d13) x26 0x2614497e
core   0: 0x80004238 (0x6a943b97) auipc   s7, 0x6a943
core   0: 3 0x80004238 (0x6a943b97) x23 0xea947238
core   0: 0x8000423c (0x00954bb3) xor     s7, a0, s1
core   0: 3 0x8000423c (0x00954bb3) x23 0x00000001
core   0: 0x80004240 (0x00000013) nop
core   0: 3 0x80004240 (0x00000013)
core   0: 0x80004244 (0x033740b3) div     ra, a4, s3
core   0: 3 0x80004244 (0x033740b3) x 1 0xff128fdd
core   0: 0x80004248 (0xbc866397) auipc   t2, 0xbc866
core   0: 3 0x80004248 (0xbc866397) x 7 0x3c86a248
core   0: 0x8000424c (0x00000013) nop
core   0: 3 0x8000424c (0x00000013)
core   0: 0x80004250 (0xf7b23893) sltiu   a7, tp, -133
core   0: 3 0x80004250 (0xf7b23893) x17 0x00000001
core   0: 0x80004254 (0x020058b3) divu    a7, zero, zero
core   0: 3 0x80004254 (0x020058b3) x17 0xffffffff
core   0: 0x80004258 (0x4104da33) sra     s4, s1, a6
core   0: 3 0x80004258 (0x4104da33) x20 0x00000000
core   0: 0x8000425c (0x024098b3) mulh    a7, ra, tp
core   0: 3 0x8000425c (0x024098b3) x17 0xffffffff
core   0: 0x80004260 (0x03aabfb3) mulhu   t6, s5, s10
core   0: 3 0x80004260 (0x03aabfb3) x31 0x00000000
core   0: 0x80004264 (0x03162a33) mulhsu  s4, a2, a7
core   0: 3 0x80004264 (0x03162a33) x20 0xa09f4688
core   0: 0x80004268 (0x01b3d013) srli    zero, t2, 27
core   0: 3 0x80004268 (0x01b3d013)
core   0: 0x8000426c (0x41f65633) sra     a2, a2, t6
core   0: 3 0x8000426c (0x41f65633) x12 0xa09f4688
core   0: 0x80004270 (0x0221b533) mulhu   a0, gp, sp
core   0: 3 0x80004270 (0x0221b533) x10 0x00000000
core   0: 0x80004274 (0x0090d113) srli    sp, ra, 9
core   0: 3 0x80004274 (0x0090d113) x 2 0x007f8947
core   0: 0x80004278 (0x037e6c33) rem     s8, t3, s7
core   0: 3 0x80004278 (0x037e6c33) x24 0x00000000
core   0: 0x8000427c (0x00692933) slt     s2, s2, t1
core   0: 3 0x8000427c (0x00692933) x18 0x00000000
core   0: 0x80004280 (0x03cfa3b3) mulhsu  t2, t6, t3
core   0: 3 0x80004280 (0x03cfa3b3) x 7 0x00000000
core   0: 0x80004284 (0x00000013) nop
core   0: 3 0x80004284 (0x00000013)
core   0: 0x80004288 (0x01e368b3) or      a7, t1, t5
core   0: 3 0x80004288 (0x01e368b3) x17 0xa09f4688
core   0: 0x8000428c (0x02ffe433) rem     s0, t6, a5
core   0: 3 0x8000428c (0x02ffe433) x 8 0x00000000
core   0: 0x80004290 (0xa6ff1ab7) lui     s5, 0xa6ff1
core   0: 3 0x80004290 (0xa6ff1ab7) x21 0xa6ff1000
core   0: 0x80004294 (0x03e7de33) divu    t3, a5, t5
core   0: 3 0x80004294 (0x03e7de33) x28 0xffffffff
core   0: 0x80004298 (0x025414b3) mulh    s1, s0, t0
core   0: 3 0x80004298 (0x025414b3) x 9 0x00000000
core   0: 0x8000429c (0x0250f0b3) remu    ra, ra, t0
core   0: 3 0x8000429c (0x0250f0b3) x 1 0xff128fdd
core   0: 0x800042a0 (0x008998b3) sll     a7, s3, s0
core   0: 3 0x800042a0 (0x008998b3) x17 0x0000008a
core   0: 0x800042a4 (0x94c61c17) auipc   s8, 0x94c61
core   0: 3 0x800042a4 (0x94c61c17) x24 0x14c652a4
core   0: 0x800042a8 (0x0059ad33) slt     s10, s3, t0
core   0: 3 0x800042a8 (0x0059ad33) x26 0x00000000
core   0: 0x800042ac (0xc9c17c93) andi    s9, sp, -868
core   0: 3 0x800042ac (0xc9c17c93) x25 0x007f8804
core   0: 0x800042b0 (0x02b70f33) mul     t5, a4, a1
core   0: 3 0x800042b0 (0x02b70f33) x30 0xe7de80f4
core   0: 0x800042b4 (0x01c861b3) or      gp, a6, t3
core   0: 3 0x800042b4 (0x01c861b3) x 3 0xffffffff
core   0: 0x800042b8 (0x40cbd033) sra     zero, s7, a2
core   0: 3 0x800042b8 (0x40cbd033)
core   0: 0x800042bc (0x41e25033) sra     zero, tp, t5
core   0: 3 0x800042bc (0x41e25033)
core   0: 0x800042c0 (0x03412fb3) mulhsu  t6, sp, s4
core   0: 3 0x800042c0 (0x03412fb3) x31 0x00500525
core   0: 0x800042c4 (0x02d620b3) mulhsu  ra, a2, a3
core   0: 3 0x800042c4 (0x02d620b3) x 1 0xffffffff
core   0: 0x800042c8 (0x00bbed33) or      s10, s7, a1
core   0: 3 0x800042c8 (0x00bbed33) x26 0xe1669125
core   0: 0x800042cc (0x02499fb3) mulh    t6, s3, tp
core   0: 3 0x800042cc (0x02499fb3) x31 0x00000000
core   0: 0x800042d0 (0x402455b3) sra     a1, s0, sp
core   0: 3 0x800042d0 (0x402455b3) x11 0x00000000
core   0: 0x800042d4 (0x00000013) nop
core   0: 3 0x800042d4 (0x00000013)
core   0: 0x800042d8 (0x02926eb3) rem     t4, tp, s1
core   0: 3 0x800042d8 (0x02926eb3) x29 0x00000001
core   0: 0x800042dc (0x038c5c33) divu    s8, s8, s8
core   0: 3 0x800042dc (0x038c5c33) x24 0x00000001
core   0: 0x800042e0 (0x01a9a433) slt     s0, s3, s10
core   0: 3 0x800042e0 (0x01a9a433) x 8 0x00000000
core   0: 0x800042e4 (0x00754d33) xor     s10, a0, t2
core   0: 3 0x800042e4 (0x00754d33) x26 0x00000000
core   0: 0x800042e8 (0x01e36c33) or      s8, t1, t5
core   0: 3 0x800042e8 (0x01e36c33) x24 0xe7dfc6fc
core   0: 0x800042ec (0x019b35b3) sltu    a1, s6, s9
core   0: 3 0x800042ec (0x019b35b3) x11 0x00000001
core   0: 0x800042f0 (0x40ba53b3) sra     t2, s4, a1
core   0: 3 0x800042f0 (0x40ba53b3) x 7 0xd04fa344
core   0: 0x800042f4 (0xad39c417) auipc   s0, 0xad39c
core   0: 3 0x800042f4 (0xad39c417) x 8 0x2d3a02f4
core   0: 0x800042f8 (0x012658b3) srl     a7, a2, s2
core   0: 3 0x800042f8 (0x012658b3) x17 0xa09f4688
core   0: 0x800042fc (0x0365b633) mulhu   a2, a1, s6
core   0: 3 0x800042fc (0x0365b633) x12 0x00000000
core   0: 0x80004300 (0x4a89f193) andi    gp, s3, 1192
core   0: 3 0x80004300 (0x4a89f193) x 3 0x00000088
core   0: 0x80004304 (0x45cf4cb7) lui     s9, 0x45cf4
core   0: 3 0x80004304 (0x45cf4cb7) x25 0x45cf4000
core   0: 0x80004308 (0x03e664b3) rem     s1, a2, t5
core   0: 3 0x80004308 (0x03e664b3) x 9 0x00000000
core   0: 0x8000430c (0x01401fb3) sll     t6, zero, s4
core   0: 3 0x8000430c (0x01401fb3) x31 0x00000000
core   0: 0x80004310 (0x83fca417) auipc   s0, 0x83fca
core   0: 3 0x80004310 (0x83fca417) x 8 0x03fce310
core   0: 0x80004314 (0x00441c33) sll     s8, s0, tp
core   0: 3 0x80004314 (0x00441c33) x24 0x07f9c620
core   0: 0x80004318 (0x02fe9cb3) mulh    s9, t4, a5
core   0: 3 0x80004318 (0x02fe9cb3) x25 0x00000000
core   0: 0x8000431c (0x00809b93) slli    s7, ra, 8
core   0: 3 0x8000431c (0x00809b93) x23 0xffffff00
core   0: 0x80004320 (0xabc3b913) sltiu   s2, t2, -1348
core   0: 3 0x80004320 (0xabc3b913) x18 0x00000001
core   0: 0x80004324 (0x03adad33) mulhsu  s10, s11, s10
core   0: 3 0x80004324 (0x03adad33) x26 0x00000000
core   0: 0x80004328 (0x02fe3233) mulhu   tp, t3, a5
core   0: 3 0x80004328 (0x02fe3233) x 4 0x00000000
core   0: 0x8000432c (0x019ebe33) sltu    t3, t4, s9
core   0: 3 0x8000432c (0x019ebe33) x28 0x00000000
core   0: 0x80004330 (0x00000013) nop
core   0: 3 0x80004330 (0x00000013)
core   0: 0x80004334 (0x00013333) sltu    t1, sp, zero
core   0: 3 0x80004334 (0x00013333) x 6 0x00000000
core   0: 0x80004338 (0x56b7e913) ori     s2, a5, 1387
core   0: 3 0x80004338 (0x56b7e913) x18 0x0000056b
core   0: 0x8000433c (0x00c83133) sltu    sp, a6, a2
core   0: 3 0x8000433c (0x00c83133) x 2 0x00000000
core   0: 0x80004340 (0x013362b3) or      t0, t1, s3
core   0: 3 0x80004340 (0x013362b3) x 5 0x0000008a
core   0: 0x80004344 (0x25ad0393) addi    t2, s10, 602
core   0: 3 0x80004344 (0x25ad0393) x 7 0x0000025a
core   0: 0x80004348 (0x7f608393) addi    t2, ra, 2038
core   0: 3 0x80004348 (0x7f608393) x 7 0x000007f5
core   0: 0x8000434c (0x03bb7cb3) remu    s9, s6, s11
core   0: 3 0x8000434c (0x03bb7cb3) x25 0x00000001
core   0: 0x80004350 (0x4002da13) srai    s4, t0, 0
core   0: 3 0x80004350 (0x4002da13) x20 0x0000008a
core   0: 0x80004354 (0x01f4a8b3) slt     a7, s1, t6
core   0: 3 0x80004354 (0x01f4a8b3) x17 0x00000000
core   0: 0x80004358 (0x0068abb3) slt     s7, a7, t1
core   0: 3 0x80004358 (0x0068abb3) x23 0x00000000
core   0: 0x8000435c (0x415457b3) sra     a5, s0, s5
core   0: 3 0x8000435c (0x415457b3) x15 0x03fce310
core   0: 0x80004360 (0xc486bc13) sltiu   s8, a3, -952
core   0: 3 0x80004360 (0xc486bc13) x24 0x00000001
core   0: 0x80004364 (0x001dd913) srli    s2, s11, 1
core   0: 3 0x80004364 (0x001dd913) x18 0x00000003
core   0: 0x80004368 (0x00000013) nop
core   0: 3 0x80004368 (0x00000013)
core   0: 0x8000436c (0x40e20cb3) sub     s9, tp, a4
core   0: 3 0x8000436c (0x40e20cb3) x25 0x7ffe731c
core   0: 0x80004370 (0xefee5297) auipc   t0, 0xefee5
core   0: 3 0x80004370 (0xefee5297) x 5 0x6fee9370
core   0: 0x80004374 (0x00b0d0b3) srl     ra, ra, a1
core   0: 3 0x80004374 (0x00b0d0b3) x 1 0x7fffffff
core   0: 0x80004378 (0x02660a33) mul     s4, a2, t1
core   0: 3 0x80004378 (0x02660a33) x20 0x00000000
core   0: 0x8000437c (0x7fc2c537) lui     a0, 0x7fc2c
core   0: 3 0x8000437c (0x7fc2c537) x10 0x7fc2c000
core   0: 0x80004380 (0x1e8e4cb7) lui     s9, 0x1e8e4
core   0: 3 0x80004380 (0x1e8e4cb7) x25 0x1e8e4000
core   0: 0x80004384 (0x954f6b13) ori     s6, t5, -1708
core   0: 3 0x80004384 (0x954f6b13) x22 0xfffff9f4
core   0: 0x80004388 (0x61f5bb13) sltiu   s6, a1, 1567
core   0: 3 0x80004388 (0x61f5bb13) x22 0x00000001
core   0: 0x8000438c (0x039c07b3) mul     a5, s8, s9
core   0: 3 0x8000438c (0x039c07b3) x15 0x1e8e4000
core   0: 0x80004390 (0x022695b3) mulh    a1, a3, sp
core   0: 3 0x80004390 (0x022695b3) x11 0x00000000
core   0: 0x80004394 (0x003a9893) slli    a7, s5, 3
core   0: 3 0x80004394 (0x003a9893) x17 0x37f88000
core   0: 0x80004398 (0x034e6b33) rem     s6, t3, s4
core   0: 3 0x80004398 (0x034e6b33) x22 0x00000000
core   0: 0x8000439c (0x01fa1b13) slli    s6, s4, 31
core   0: 3 0x8000439c (0x01fa1b13) x22 0x00000000
core   0: 0x800043a0 (0x01386eb3) or      t4, a6, s3
core   0: 3 0x800043a0 (0x01386eb3) x29 0x80014eee
core   0: 0x800043a4 (0x03856eb3) rem     t4, a0, s8
core   0: 3 0x800043a4 (0x03856eb3) x29 0x00000000
core   0: 0x800043a8 (0x03acb0b3) mulhu   ra, s9, s10
core   0: 3 0x800043a8 (0x03acb0b3) x 1 0x00000000
core   0: 0x800043ac (0x0130e6b3) or      a3, ra, s3
core   0: 3 0x800043ac (0x0130e6b3) x13 0x0000008a
core   0: 0x800043b0 (0x028d42b3) div     t0, s10, s0
core   0: 3 0x800043b0 (0x028d42b3) x 5 0x00000000
core   0: 0x800043b4 (0x023816b3) mulh    a3, a6, gp
core   0: 3 0x800043b4 (0x023816b3) x13 0xffffffbc
core   0: 0x800043b8 (0x0392c8b3) div     a7, t0, s9
core   0: 3 0x800043b8 (0x0392c8b3) x17 0x00000000
core   0: 0x800043bc (0x0188b1b3) sltu    gp, a7, s8
core   0: 3 0x800043bc (0x0188b1b3) x 3 0x00000001
core   0: 0x800043c0 (0x012b8eb3) add     t4, s7, s2
core   0: 3 0x800043c0 (0x012b8eb3) x29 0x00000003
core   0: 0x800043c4 (0x01812eb3) slt     t4, sp, s8
core   0: 3 0x800043c4 (0x01812eb3) x29 0x00000001
core   0: 0x800043c8 (0x01cbd9b3) srl     s3, s7, t3
core   0: 3 0x800043c8 (0x01cbd9b3) x19 0x00000000
core   0: 0x800043cc (0x02a2e233) rem     tp, t0, a0
core   0: 3 0x800043cc (0x02a2e233) x 4 0x00000000
core   0: 0x800043d0 (0x00a71393) slli    t2, a4, 10
core   0: 3 0x800043d0 (0x00a71393) x 7 0x06339000
core   0: 0x800043d4 (0x0277bab3) mulhu   s5, a5, t2
core   0: 3 0x800043d4 (0x0277bab3) x21 0x00bd7d06
core   0: 0x800043d8 (0x016c4633) xor     a2, s8, s6
core   0: 3 0x800043d8 (0x016c4633) x12 0x00000001
core   0: 0x800043dc (0x00ad2933) slt     s2, s10, a0
core   0: 3 0x800043dc (0x00ad2933) x18 0x00000001
core   0: 0x800043e0 (0x64937937) lui     s2, 0x64937
core   0: 3 0x800043e0 (0x64937937) x18 0x64937000
core   0: 0x800043e4 (0x00d2cbb3) xor     s7, t0, a3
core   0: 3 0x800043e4 (0x00d2cbb3) x23 0xffffffbc
core   0: 0x800043e8 (0x00241913) slli    s2, s0, 2
core   0: 3 0x800043e8 (0x00241913) x18 0x0ff38c40
core   0: 0x800043ec (0x00d16333) or      t1, sp, a3
core   0: 3 0x800043ec (0x00d16333) x 6 0xffffffbc
core   0: 0x800043f0 (0x012e8ab3) add     s5, t4, s2
core   0: 3 0x800043f0 (0x012e8ab3) x21 0x0ff38c41
core   0: 0x800043f4 (0x41235213) srai    tp, t1, 18
core   0: 3 0x800043f4 (0x41235213) x 4 0xffffffff
core   0: 0x800043f8 (0x00000013) nop
core   0: 3 0x800043f8 (0x00000013)
core   0: 0x800043fc (0x5aa17613) andi    a2, sp, 1450
core   0: 3 0x800043fc (0x5aa17613) x12 0x00000000
core   0: 0x80004400 (0x00fc9633) sll     a2, s9, a5
core   0: 3 0x80004400 (0x00fc9633) x12 0x1e8e4000
core   0: 0x80004404 (0x01fbae33) slt     t3, s7, t6
core   0: 3 0x80004404 (0x01fbae33) x28 0x00000001
core   0: 0x80004408 (0x4017f2b7) lui     t0, 0x4017f
core   0: 3 0x80004408 (0x4017f2b7) x 5 0x4017f000
core   0: 0x8000440c (0x40d4d593) srai    a1, s1, 13
core   0: 3 0x8000440c (0x40d4d593) x11 0x00000000
core   0: 0x80004410 (0x0123d633) srl     a2, t2, s2
core   0: 3 0x80004410 (0x0123d633) x12 0x06339000
core   0: 0x80004414 (0x01eae2b3) or      t0, s5, t5
core   0: 3 0x80004414 (0x01eae2b3) x 5 0xefff8cf5
core   0: 0x80004418 (0x01489693) slli    a3, a7, 20
core   0: 3 0x80004418 (0x01489693) x13 0x00000000
core   0: 0x8000441c (0x034d15b3) mulh    a1, s10, s4
core   0: 3 0x8000441c (0x034d15b3) x11 0x00000000
core   0: 0x80004420 (0x546570b7) lui     ra, 0x54657
core   0: 3 0x80004420 (0x546570b7) x 1 0x54657000
core   0: 0x80004424 (0x020a6533) rem     a0, s4, zero
core   0: 3 0x80004424 (0x020a6533) x10 0x00000000
core   0: 0x80004428 (0x00000013) nop
core   0: 3 0x80004428 (0x00000013)
core   0: 0x8000442c (0x0047de13) srli    t3, a5, 4
core   0: 3 0x8000442c (0x0047de13) x28 0x01e8e400
core   0: 0x80004430 (0xd0ec7793) andi    a5, s8, -754
core   0: 3 0x80004430 (0xd0ec7793) x15 0x00000000
core   0: 0x80004434 (0x40a05613) srai    a2, zero, 10
core   0: 3 0x80004434 (0x40a05613) x12 0x00000000
core   0: 0x80004438 (0x03e8cf33) div     t5, a7, t5
core   0: 3 0x80004438 (0x03e8cf33) x30 0x00000000
core   0: 0x8000443c (0x44230893) addi    a7, t1, 1090
core   0: 3 0x8000443c (0x44230893) x17 0x000003fe
core   0: 0x80004440 (0x00969433) sll     s0, a3, s1
core   0: 3 0x80004440 (0x00969433) x 8 0x00000000
core   0: 0x80004444 (0x94980c93) addi    s9, a6, -1719
core   0: 3 0x80004444 (0x94980c93) x25 0x800147ad
core   0: 0x80004448 (0x024181b3) mul     gp, gp, tp
core   0: 3 0x80004448 (0x024181b3) x 3 0xffffffff
core   0: 0x8000444c (0x030a3533) mulhu   a0, s4, a6
core   0: 3 0x8000444c (0x030a3533) x10 0x00000000
core   0: 0x80004450 (0x00957433) and     s0, a0, s1
core   0: 3 0x80004450 (0x00957433) x 8 0x00000000
core   0: 0x80004454 (0x025713b3) mulh    t2, a4, t0
core   0: 3 0x80004454 (0x025713b3) x 7 0x080020b6
core   0: 0x80004458 (0x765d8113) addi    sp, s11, 1893
core   0: 3 0x80004458 (0x765d8113) x 2 0x0000076c
core   0: 0x8000445c (0x02e58e33) mul     t3, a1, a4
core   0: 3 0x8000445c (0x02e58e33) x28 0x00000000
core   0: 0x80004460 (0x41790d33) sub     s10, s2, s7
core   0: 3 0x80004460 (0x41790d33) x26 0x0ff38c84
core   0: 0x80004464 (0xba8c2d13) slti    s10, s8, -1112
core   0: 3 0x80004464 (0xba8c2d13) x26 0x00000000
core   0: 0x80004468 (0x010663b3) or      t2, a2, a6
core   0: 3 0x80004468 (0x010663b3) x 7 0x80014e64
core   0: 0x8000446c (0x01021793) slli    a5, tp, 16
core   0: 3 0x8000446c (0x01021793) x15 0xffff0000
core   0: 0x80004470 (0x012f3d33) sltu    s10, t5, s2
core   0: 3 0x80004470 (0x012f3d33) x26 0x00000001
core   0: 0x80004474 (0x01445093) srli    ra, s0, 20
core   0: 3 0x80004474 (0x01445093) x 1 0x00000000
core   0: 0x80004478 (0xf5448493) addi    s1, s1, -172
core   0: 3 0x80004478 (0xf5448493) x 9 0xffffff54
core   0: 0x8000447c (0x009b5b33) srl     s6, s6, s1
core   0: 3 0x8000447c (0x009b5b33) x22 0x00000000
core   0: 0x80004480 (0x01d35d13) srli    s10, t1, 29
core   0: 3 0x80004480 (0x01d35d13) x26 0x00000007
core   0: 0x80004484 (0x403b5c93) srai    s9, s6, 3
core   0: 3 0x80004484 (0x403b5c93) x25 0x00000000
core   0: 0x80004488 (0x00000013) nop
core   0: 3 0x80004488 (0x00000013)
core   0: 0x8000448c (0x01a30933) add     s2, t1, s10
core   0: 3 0x8000448c (0x01a30933) x18 0xffffffc3
core   0: 0x80004490 (0x01718c33) add     s8, gp, s7
core   0: 3 0x80004490 (0x01718c33) x24 0xffffffbb
core   0: 0x80004494 (0xe0d49317) auipc   t1, 0xe0d49
core   0: 3 0x80004494 (0xe0d49317) x 6 0x60d4d494
core   0: 0x80004498 (0x03fd8a33) mul     s4, s11, t6
core   0: 3 0x80004498 (0x03fd8a33) x20 0x00000000
core   0: 0x8000449c (0x01783b33) sltu    s6, a6, s7
core   0: 3 0x8000449c (0x01783b33) x22 0x00000001
core   0: 0x800044a0 (0x3ae88c13) addi    s8, a7, 942
core   0: 3 0x800044a0 (0x3ae88c13) x24 0x000007ac
core   0: 0x800044a4 (0x0108feb3) and     t4, a7, a6
core   0: 3 0x800044a4 (0x0108feb3) x29 0x00000264
core   0: 0x800044a8 (0x027693b3) mulh    t2, a3, t2
core   0: 3 0x800044a8 (0x027693b3) x 7 0x00000000
core   0: 0x800044ac (0x0212d133) divu    sp, t0, ra
core   0: 3 0x800044ac (0x0212d133) x 2 0xffffffff
core   0: 0x800044b0 (0x004df4b3) and     s1, s11, tp
core   0: 3 0x800044b0 (0x004df4b3) x 9 0x00000007
core   0: 0x800044b4 (0x03efafb3) mulhsu  t6, t6, t5
core   0: 3 0x800044b4 (0x03efafb3) x31 0x00000000
core   0: 0x800044b8 (0xa2dffd13) andi    s10, t6, -1491
core   0: 3 0x800044b8 (0xa2dffd13) x26 0x00000000
core   0: 0x800044bc (0x00c00ab3) add     s5, zero, a2
core   0: 3 0x800044bc (0x00c00ab3) x21 0x00000000
core   0: 0x800044c0 (0x29e44913) xori    s2, s0, 670
core   0: 3 0x800044c0 (0x29e44913) x18 0x0000029e
core   0: 0x800044c4 (0x006a5533) srl     a0, s4, t1
core   0: 3 0x800044c4 (0x006a5533) x10 0x00000000
core   0: 0x800044c8 (0x00000013) nop
core   0: 3 0x800044c8 (0x00000013)
core   0: 0x800044cc (0x015e1513) slli    a0, t3, 21
core   0: 3 0x800044cc (0x015e1513) x10 0x00000000
core   0: 0x800044d0 (0x00c51b13) slli    s6, a0, 12
core   0: 3 0x800044d0 (0x00c51b13) x22 0x00000000
core   0: 0x800044d4 (0x40118fb3) sub     t6, gp, ra
core   0: 3 0x800044d4 (0x40118fb3) x31 0xffffffff
core   0: 0x800044d8 (0x55e20f93) addi    t6, tp, 1374
core   0: 3 0x800044d8 (0x55e20f93) x31 0x0000055d
core   0: 0x800044dc (0x0039f6b3) and     a3, s3, gp
core   0: 3 0x800044dc (0x0039f6b3) x13 0x00000000
core   0: 0x800044e0 (0x02b4f3b3) remu    t2, s1, a1
core   0: 3 0x800044e0 (0x02b4f3b3) x 7 0x00000007
core   0: 0x800044e4 (0x3bc34a93) xori    s5, t1, 956
core   0: 3 0x800044e4 (0x3bc34a93) x21 0x60d4d728
core   0: 0x800044e8 (0x62dcfd13) andi    s10, s9, 1581
core   0: 3 0x800044e8 (0x62dcfd13) x26 0x00000000
core   0: 0x800044ec (0x02754ab3) div     s5, a0, t2
core   0: 3 0x800044ec (0x02754ab3) x21 0x00000000
core   0: 0x800044f0 (0x00bfe933) or      s2, t6, a1
core   0: 3 0x800044f0 (0x00bfe933) x18 0x0000055d
core   0: 0x800044f4 (0x448a6893) ori     a7, s4, 1096
core   0: 3 0x800044f4 (0x448a6893) x17 0x00000448
core   0: 0x800044f8 (0x41b10333) sub     t1, sp, s11
core   0: 3 0x800044f8 (0x41b10333) x 6 0xfffffff8
core   0: 0x800044fc (0xbbfe4613) xori    a2, t3, -1089
core   0: 3 0x800044fc (0xbbfe4613) x12 0xfffffbbf
core   0: 0x80004500 (0x39f07693) andi    a3, zero, 927
core   0: 3 0x80004500 (0x39f07693) x13 0x00000000
core   0: 0x80004504 (0x410dd493) srai    s1, s11, 16
core   0: 3 0x80004504 (0x410dd493) x 9 0x00000000
core   0: 0x80004508 (0x0358fcb3) remu    s9, a7, s5
core   0: 3 0x80004508 (0x0358fcb3) x25 0x00000448
core   0: 0x8000450c (0x11ef2c93) slti    s9, t5, 286
core   0: 3 0x8000450c (0x11ef2c93) x25 0x00000001
core   0: 0x80004510 (0x01fd0cb3) add     s9, s10, t6
core   0: 3 0x80004510 (0x01fd0cb3) x25 0x0000055d
core   0: 0x80004514 (0x14bd4f97) auipc   t6, 0x14bd4
core   0: 3 0x80004514 (0x14bd4f97) x31 0x94bd8514
core   0: 0x80004518 (0x4055dfb3) sra     t6, a1, t0
core   0: 3 0x80004518 (0x4055dfb3) x31 0x00000000
core   0: 0x8000451c (0x01129893) slli    a7, t0, 17
core   0: 3 0x8000451c (0x01129893) x17 0x19ea0000
core   0: 0x80004520 (0xd60aa393) slti    t2, s5, -672
core   0: 3 0x80004520 (0xd60aa393) x 7 0x00000000
core   0: 0x80004524 (0x01fcdb33) srl     s6, s9, t6
core   0: 3 0x80004524 (0x01fcdb33) x22 0x0000055d
core   0: 0x80004528 (0x01f3e6b3) or      a3, t2, t6
core   0: 3 0x80004528 (0x01f3e6b3) x13 0x00000000
core   0: 0x8000452c (0x76f70093) addi    ra, a4, 1903
core   0: 3 0x8000452c (0x76f70093) x 1 0x80019453
core   0: 0x80004530 (0x03a369b3) rem     s3, t1, s10
core   0: 3 0x80004530 (0x03a369b3) x19 0xfffffff8
core   0: 0x80004534 (0x243e3013) sltiu   zero, t3, 579
core   0: 3 0x80004534 (0x243e3013)
core   0: 0x80004538 (0x00e45c33) srl     s8, s0, a4
core   0: 3 0x80004538 (0x00e45c33) x24 0x00000000
core   0: 0x8000453c (0x62f1e993) ori     s3, gp, 1583
core   0: 3 0x8000453c (0x62f1e993) x19 0xffffffff
core   0: 0x80004540 (0x022d6d33) rem     s10, s10, sp
core   0: 3 0x80004540 (0x022d6d33) x26 0x00000000
core   0: 0x80004544 (0x92e48997) auipc   s3, 0x92e48
core   0: 3 0x80004544 (0x92e48997) x19 0x12e4c544
core   0: 0x80004548 (0xb5bf6113) ori     sp, t5, -1189
core   0: 3 0x80004548 (0xb5bf6113) x 2 0xfffffb5b
core   0: 0x8000454c (0x00000013) nop
core   0: 3 0x8000454c (0x00000013)
core   0: 0x80004550 (0x41cd8033) sub     zero, s11, t3
core   0: 3 0x80004550 (0x41cd8033)
core   0: 0x80004554 (0x7eefa413) slti    s0, t6, 2030
core   0: 3 0x80004554 (0x7eefa413) x 8 0x00000001
core   0: 0x80004558 (0x403d5e33) sra     t3, s10, gp
core   0: 3 0x80004558 (0x403d5e33) x28 0x00000000
core   0: 0x8000455c (0x004a87b3) add     a5, s5, tp
core   0: 3 0x8000455c (0x004a87b3) x15 0xffffffff
core   0: 0x80004560 (0x011edc93) srli    s9, t4, 17
core   0: 3 0x80004560 (0x011edc93) x25 0x00000000
core   0: 0x80004564 (0x016c23b3) slt     t2, s8, s6
core   0: 3 0x80004564 (0x016c23b3) x 7 0x00000001
core   0: 0x80004568 (0x035df9b3) remu    s3, s11, s5
core   0: 3 0x80004568 (0x035df9b3) x19 0x00000007
core   0: 0x8000456c (0x40c75f33) sra     t5, a4, a2
core   0: 3 0x8000456c (0x40c75f33) x30 0xffffffff
core   0: 0x80004570 (0x00678533) add     a0, a5, t1
core   0: 3 0x80004570 (0x00678533) x10 0xfffffff7
core   0: 0x80004574 (0x40b30bb3) sub     s7, t1, a1
core   0: 3 0x80004574 (0x40b30bb3) x23 0xfffffff8
core   0: 0x80004578 (0x00deb9b3) sltu    s3, t4, a3
core   0: 3 0x80004578 (0x00deb9b3) x19 0x00000000
core   0: 0x8000457c (0x006ea533) slt     a0, t4, t1
core   0: 3 0x8000457c (0x006ea533) x10 0x00000000
core   0: 0x80004580 (0x1f0b8b37) lui     s6, 0x1f0b8
core   0: 3 0x80004580 (0x1f0b8b37) x22 0x1f0b8000
core   0: 0x80004584 (0x3a5d2313) slti    t1, s10, 933
core   0: 3 0x80004584 (0x3a5d2313) x 6 0x00000001
core   0: 0x80004588 (0x7c12c013) xori    zero, t0, 1985
core   0: 3 0x80004588 (0x7c12c013)
core   0: 0x8000458c (0x005eb4b3) sltu    s1, t4, t0
core   0: 3 0x8000458c (0x005eb4b3) x 9 0x00000001
core   0: 0x80004590 (0x01c5a533) slt     a0, a1, t3
core   0: 3 0x80004590 (0x01c5a533) x10 0x00000000
core   0: 0x80004594 (0x00df4eb3) xor     t4, t5, a3
core   0: 3 0x80004594 (0x00df4eb3) x29 0xffffffff
core   0: 0x80004598 (0x01230eb3) add     t4, t1, s2
core   0: 3 0x80004598 (0x01230eb3) x29 0x0000055e
core   0: 0x8000459c (0x00a6ff33) and     t5, a3, a0
core   0: 3 0x8000459c (0x00a6ff33) x30 0x00000000
core   0: 0x800045a0 (0x03057fb3) remu    t6, a0, a6
core   0: 3 0x800045a0 (0x03057fb3) x31 0x00000000
core   0: 0x800045a4 (0xa910c293) xori    t0, ra, -1391
core   0: 3 0x800045a4 (0xa910c293) x 5 0x7ffe6ec2
core   0: 0x800045a8 (0x03613c33) mulhu   s8, sp, s6
core   0: 3 0x800045a8 (0x03613c33) x24 0x1f0b7f6f
core   0: 0x800045ac (0x47efb937) lui     s2, 0x47efb
core   0: 3 0x800045ac (0x47efb937) x18 0x47efb000
core   0: 0x800045b0 (0xc5c5af13) slti    t5, a1, -932
core   0: 3 0x800045b0 (0xc5c5af13) x30 0x00000000
core   0: 0x800045b4 (0x48dd8d13) addi    s10, s11, 1165
core   0: 3 0x800045b4 (0x48dd8d13) x26 0x00000494
core   0: 0x800045b8 (0x017934b3) sltu    s1, s2, s7
core   0: 3 0x800045b8 (0x017934b3) x 9 0x00000001
core   0: 0x800045bc (0x02604bb3) div     s7, zero, t1
core   0: 3 0x800045bc (0x02604bb3) x23 0x00000000
core   0: 0x800045c0 (0x01264133) xor     sp, a2, s2
core   0: 3 0x800045c0 (0x01264133) x 2 0xb8104bbf
core   0: 0x800045c4 (0x40afd133) sra     sp, t6, a0
core   0: 3 0x800045c4 (0x40afd133) x 2 0x00000000
core   0: 0x800045c8 (0x02202cb3) mulhsu  s9, zero, sp
core   0: 3 0x800045c8 (0x02202cb3) x25 0x00000000
core   0: 0x800045cc (0x02dd1933) mulh    s2, s10, a3
core   0: 3 0x800045cc (0x02dd1933) x18 0x00000000
core   0: 0x800045d0 (0x2c28df17) auipc   t5, 0x2c28d
core   0: 3 0x800045d0 (0x2c28df17) x30 0xac2915d0
core   0: 0x800045d4 (0x0089beb3) sltu    t4, s3, s0
core   0: 3 0x800045d4 (0x0089beb3) x29 0x00000001
core   0: 0x800045d8 (0x006d1113) slli    sp, s10, 6
core   0: 3 0x800045d8 (0x006d1113) x 2 0x00012500
core   0: 0x800045dc (0xb10c6693) ori     a3, s8, -1264
core   0: 3 0x800045dc (0xb10c6693) x13 0xffffff7f
core   0: 0x800045e0 (0x00000013) nop
core   0: 3 0x800045e0 (0x00000013)
core   0: 0x800045e4 (0x70882313) slti    t1, a6, 1800
core   0: 3 0x800045e4 (0x70882313) x 6 0x00000001
core   0: 0x800045e8 (0x40cdd133) sra     sp, s11, a2
core   0: 3 0x800045e8 (0x40cdd133) x 2 0x00000000
core   0: 0x800045ec (0x03a5dc33) divu    s8, a1, s10
core   0: 3 0x800045ec (0x03a5dc33) x24 0x00000000
core   0: 0x800045f0 (0x00fb15b3) sll     a1, s6, a5
core   0: 3 0x800045f0 (0x00fb15b3) x11 0x00000000
core   0: 0x800045f4 (0x017c1613) slli    a2, s8, 23
core   0: 3 0x800045f4 (0x017c1613) x12 0x00000000
core   0: 0x800045f8 (0x7c22c293) xori    t0, t0, 1986
core   0: 3 0x800045f8 (0x7c22c293) x 5 0x7ffe6900
core   0: 0x800045fc (0x01177cb3) and     s9, a4, a7
core   0: 3 0x800045fc (0x01177cb3) x25 0x00000000
core   0: 0x80004600 (0xc938c113) xori    sp, a7, -877
core   0: 3 0x80004600 (0xc938c113) x 2 0xe615fc93
core   0: 0x80004604 (0x409101b3) sub     gp, sp, s1
core   0: 3 0x80004604 (0x409101b3) x 3 0xe615fc92
core   0: 0x80004608 (0x41bb83b3) sub     t2, s7, s11
core   0: 3 0x80004608 (0x41bb83b3) x 7 0xfffffff9
core   0: 0x8000460c (0x02413633) mulhu   a2, sp, tp
core   0: 3 0x8000460c (0x02413633) x12 0xe615fc92
core   0: 0x80004610 (0x03556eb3) rem     t4, a0, s5
core   0: 3 0x80004610 (0x03556eb3) x29 0x00000000
core   0: 0x80004614 (0x4046d7b3) sra     a5, a3, tp
core   0: 3 0x80004614 (0x4046d7b3) x15 0xffffffff
core   0: 0x80004618 (0x00000013) nop
core   0: 3 0x80004618 (0x00000013)
core   0: 0x8000461c (0x038c9d33) mulh    s10, s9, s8
core   0: 3 0x8000461c (0x038c9d33) x26 0x00000000
core   0: 0x80004620 (0x0029bab3) sltu    s5, s3, sp
core   0: 3 0x80004620 (0x0029bab3) x21 0x00000001
core   0: 0x80004624 (0x017a13b3) sll     t2, s4, s7
core   0: 3 0x80004624 (0x017a13b3) x 7 0x00000000
core   0: 0x80004628 (0x00000013) nop
core   0: 3 0x80004628 (0x00000013)
core   0: 0x8000462c (0x010b09b3) add     s3, s6, a6
core   0: 3 0x8000462c (0x010b09b3) x19 0x9f0cce64
core   0: 0x80004630 (0x03d60033) mul     zero, a2, t4
core   0: 3 0x80004630 (0x03d60033)
core   0: 0x80004634 (0x004b5c33) srl     s8, s6, tp
core   0: 3 0x80004634 (0x004b5c33) x24 0x00000000
core   0: 0x80004638 (0x024d47b3) div     a5, s10, tp
core   0: 3 0x80004638 (0x024d47b3) x15 0x00000000
core   0: 0x8000463c (0x01d4d693) srli    a3, s1, 29
core   0: 3 0x8000463c (0x01d4d693) x13 0x00000000
core   0: 0x80004640 (0xbb1f0313) addi    t1, t5, -1103
core   0: 3 0x80004640 (0xbb1f0313) x 6 0xac291181
core   0: 0x80004644 (0x03605f33) divu    t5, zero, s6
core   0: 3 0x80004644 (0x03605f33) x30 0x00000000
core   0: 0x80004648 (0x00fc9893) slli    a7, s9, 15
core   0: 3 0x80004648 (0x00fc9893) x17 0x00000000
core   0: 0x8000464c (0x02a0a433) mulhsu  s0, ra, a0
core   0: 3 0x8000464c (0x02a0a433) x 8 0x00000000
core   0: 0x80004650 (0x02cca9b3) mulhsu  s3, s9, a2
core   0: 3 0x80004650 (0x02cca9b3) x19 0x00000000
core   0: 0x80004654 (0x4ba4f093) andi    ra, s1, 1210
core   0: 3 0x80004654 (0x4ba4f093) x 1 0x00000000
core   0: 0x80004658 (0x02761633) mulh    a2, a2, t2
core   0: 3 0x80004658 (0x02761633) x12 0x00000000
core   0: 0x8000465c (0x23d46a93) ori     s5, s0, 573
core   0: 3 0x8000465c (0x23d46a93) x21 0x0000023d
core   0: 0x80004660 (0x0007db13) srli    s6, a5, 0
core   0: 3 0x80004660 (0x0007db13) x22 0x00000000
core   0: 0x80004664 (0x4064dc93) srai    s9, s1, 6
core   0: 3 0x80004664 (0x4064dc93) x25 0x00000000
core   0: 0x80004668 (0xd1b43c93) sltiu   s9, s0, -741
core   0: 3 0x80004668 (0xd1b43c93) x25 0x00000001
core   0: 0x8000466c (0x02746ab3) rem     s5, s0, t2
core   0: 3 0x8000466c (0x02746ab3) x21 0x00000000
core   0: 0x80004670 (0x03d0fd33) remu    s10, ra, t4
core   0: 3 0x80004670 (0x03d0fd33) x26 0x00000000
core   0: 0x80004674 (0x00000013) nop
core   0: 3 0x80004674 (0x00000013)
core   0: 0x80004678 (0x00aa5893) srli    a7, s4, 10
core   0: 3 0x80004678 (0x00aa5893) x17 0x00000000
core   0: 0x8000467c (0x02fddb33) divu    s6, s11, a5
core   0: 3 0x8000467c (0x02fddb33) x22 0xffffffff
core   0: 0x80004680 (0x87bcc293) xori    t0, s9, -1925
core   0: 3 0x80004680 (0x87bcc293) x 5 0xfffff87a
core   0: 0x80004684 (0xb98b9e97) auipc   t4, 0xb98b9
core   0: 3 0x80004684 (0xb98b9e97) x29 0x398bd684
core   0: 0x80004688 (0x00965b13) srli    s6, a2, 9
core   0: 3 0x80004688 (0x00965b13) x22 0x00000000
core   0: 0x8000468c (0x00834c33) xor     s8, t1, s0
core   0: 3 0x8000468c (0x00834c33) x24 0xac291181
core   0: 0x80004690 (0x00c15eb3) srl     t4, sp, a2
core   0: 3 0x80004690 (0x00c15eb3) x29 0xe615fc93
core   0: 0x80004694 (0x01d24ab3) xor     s5, tp, t4
core   0: 3 0x80004694 (0x01d24ab3) x21 0x19ea036c
core   0: 0x80004698 (0x0267d933) divu    s2, a5, t1
core   0: 3 0x80004698 (0x0267d933) x18 0x00000000
core   0: 0x8000469c (0x75524113) xori    sp, tp, 1877
core   0: 3 0x8000469c (0x75524113) x 2 0xfffff8aa
core   0: 0x800046a0 (0x8772b893) sltiu   a7, t0, -1929
core   0: 3 0x800046a0 (0x8772b893) x17 0x00000000
core   0: 0x800046a4 (0x0333c8b3) div     a7, t2, s3
core   0: 3 0x800046a4 (0x0333c8b3) x17 0xffffffff
core   0: 0x800046a8 (0x01805cb3) srl     s9, zero, s8
core   0: 3 0x800046a8 (0x01805cb3) x25 0x00000000
core   0: 0x800046ac (0x0a6e4113) xori    sp, t3, 166
core   0: 3 0x800046ac (0x0a6e4113) x 2 0x000000a6
core   0: 0x800046b0 (0x01ec2533) slt     a0, s8, t5
core   0: 3 0x800046b0 (0x01ec2533) x10 0x00000001
core   0: 0x800046b4 (0x017ac4b3) xor     s1, s5, s7
core   0: 3 0x800046b4 (0x017ac4b3) x 9 0x19ea036c
core   0: 0x800046b8 (0x84b05a37) lui     s4, 0x84b05
core   0: 3 0x800046b8 (0x84b05a37) x20 0x84b05000
core   0: 0x800046bc (0x01a46333) or      t1, s0, s10
core   0: 3 0x800046bc (0x01a46333) x 6 0x00000000
core   0: 0x800046c0 (0x028b2d33) mulhsu  s10, s6, s0
core   0: 3 0x800046c0 (0x028b2d33) x26 0x00000000
core   0: 0x800046c4 (0xda282b13) slti    s6, a6, -606
core   0: 3 0x800046c4 (0xda282b13) x22 0x00000001
core   0: 0x800046c8 (0x00f415b3) sll     a1, s0, a5
core   0: 3 0x800046c8 (0x00f415b3) x11 0x00000000
core   0: 0x800046cc (0x03619033) mulh    zero, gp, s6
core   0: 3 0x800046cc (0x03619033)
core   0: 0x800046d0 (0x03849333) mulh    t1, s1, s8
core   0: 3 0x800046d0 (0x03849333) x 6 0xf7835f20
core   0: 0x800046d4 (0x40f807b3) sub     a5, a6, a5
core   0: 3 0x800046d4 (0x40f807b3) x15 0x80014e64
core   0: 0x800046d8 (0x7db76313) ori     t1, a4, 2011
core   0: 3 0x800046d8 (0x7db76313) x 6 0x80018fff
core   0: 0x800046dc (0x00db4d33) xor     s10, s6, a3
core   0: 3 0x800046dc (0x00db4d33) x26 0x00000001
core   0: 0x800046e0 (0x01d38033) add     zero, t2, t4
core   0: 3 0x800046e0 (0x01d38033)
core   0: 0x800046e4 (0x02d2d433) divu    s0, t0, a3
core   0: 3 0x800046e4 (0x02d2d433) x 8 0xffffffff
core   0: 0x800046e8 (0x5694c7b7) lui     a5, 0x5694c
core   0: 3 0x800046e8 (0x5694c7b7) x15 0x5694c000
core   0: 0x800046ec (0x41f6d413) srai    s0, a3, 31
core   0: 3 0x800046ec (0x41f6d413) x 8 0x00000000
core   0: 0x800046f0 (0x03ca28b3) mulhsu  a7, s4, t3
core   0: 3 0x800046f0 (0x03ca28b3) x17 0x00000000
core   0: 0x800046f4 (0x0033ceb3) xor     t4, t2, gp
core   0: 3 0x800046f4 (0x0033ceb3) x29 0xe615fc92
core   0: 0x800046f8 (0x01f9ceb3) xor     t4, s3, t6
core   0: 3 0x800046f8 (0x01f9ceb3) x29 0x00000000
core   0: 0x800046fc (0x03d7e6b3) rem     a3, a5, t4
core   0: 3 0x800046fc (0x03d7e6b3) x13 0x5694c000
core   0: 0x80004700 (0x01c9fa33) and     s4, s3, t3
core   0: 3 0x80004700 (0x01c9fa33) x20 0x00000000
core   0: 0x80004704 (0x49310a13) addi    s4, sp, 1171
core   0: 3 0x80004704 (0x49310a13) x20 0x00000539
core   0: 0x80004708 (0x029b0e33) mul     t3, s6, s1
core   0: 3 0x80004708 (0x029b0e33) x28 0x19ea036c
core   0: 0x8000470c (0xea71f393) andi    t2, gp, -345
core   0: 3 0x8000470c (0xea71f393) x 7 0xe615fc82
core   0: 0x80004710 (0x0033e7b3) or      a5, t2, gp
core   0: 3 0x80004710 (0x0033e7b3) x15 0xe615fc92
core   0: 0x80004714 (0x9d025e37) lui     t3, 0x9d025
core   0: 3 0x80004714 (0x9d025e37) x28 0x9d025000
core   0: 0x80004718 (0x7659e193) ori     gp, s3, 1893
core   0: 3 0x80004718 (0x7659e193) x 3 0x00000765
core   0: 0x8000471c (0x0123d233) srl     tp, t2, s2
core   0: 3 0x8000471c (0x0123d233) x 4 0xe615fc82
core   0: 0x80004720 (0x00c302b3) add     t0, t1, a2
core   0: 3 0x80004720 (0x00c302b3) x 5 0x80018fff
core   0: 0x80004724 (0x03201bb3) mulh    s7, zero, s2
core   0: 3 0x80004724 (0x03201bb3) x23 0x00000000
core   0: 0x80004728 (0x029d0133) mul     sp, s10, s1
core   0: 3 0x80004728 (0x029d0133) x 2 0x19ea036c
core   0: 0x8000472c (0x03a49a33) mulh    s4, s1, s10
core   0: 3 0x8000472c (0x03a49a33) x20 0x00000000
core   0: 0x80004730 (0x1dffd317) auipc   t1, 0x1dffd
core   0: 3 0x80004730 (0x1dffd317) x 6 0x9e001730
core   0: 0x80004734 (0x013d5433) srl     s0, s10, s3
core   0: 3 0x80004734 (0x013d5433) x 8 0x00000001
core   0: 0x80004738 (0x03c44fb3) div     t6, s0, t3
core   0: 3 0x80004738 (0x03c44fb3) x31 0x00000000
core   0: 0x8000473c (0xc6abfa93) andi    s5, s7, -918
core   0: 3 0x8000473c (0xc6abfa93) x21 0x00000000
core   0: 0x80004740 (0x01a6ac33) slt     s8, a3, s10
core   0: 3 0x80004740 (0x01a6ac33) x24 0x00000000
core   0: 0x80004744 (0x036cb1b3) mulhu   gp, s9, s6
core   0: 3 0x80004744 (0x036cb1b3) x 3 0x00000000
core   0: 0x80004748 (0xcca42593) slti    a1, s0, -822
core   0: 3 0x80004748 (0xcca42593) x11 0x00000000
core   0: 0x8000474c (0x243de913) ori     s2, s11, 579
core   0: 3 0x8000474c (0x243de913) x18 0x00000247
core   0: 0x80004750 (0x07e83b13) sltiu   s6, a6, 126
core   0: 3 0x80004750 (0x07e83b13) x22 0x00000000
core   0: 0x80004754 (0x9daa0637) lui     a2, 0x9daa0
core   0: 3 0x80004754 (0x9daa0637) x12 0x9daa0000
core   0: 0x80004758 (0x03be72b3) remu    t0, t3, s11
core   0: 3 0x80004758 (0x03be72b3) x 5 0x00000005
core   0: 0x8000475c (0xe846f137) lui     sp, 0xe846f
core   0: 3 0x8000475c (0xe846f137) x 2 0xe846f000
core   0: 0x80004760 (0x4028da13) srai    s4, a7, 2
core   0: 3 0x80004760 (0x4028da13) x20 0x00000000
core   0: 0x80004764 (0x0078eb33) or      s6, a7, t2
core   0: 3 0x80004764 (0x0078eb33) x22 0xe615fc82
core   0: 0x80004768 (0x00000013) nop
core   0: 3 0x80004768 (0x00000013)
core   0: 0x8000476c (0xdfff2313) slti    t1, t5, -513
core   0: 3 0x8000476c (0xdfff2313) x 6 0x00000000
core   0: 0x80004770 (0x01a4d413) srli    s0, s1, 26
core   0: 3 0x80004770 (0x01a4d413) x 8 0x00000006
core   0: 0x80004774 (0x721cdd37) lui     s10, 0x721cd
core   0: 3 0x80004774 (0x721cdd37) x26 0x721cd000
core   0: 0x80004778 (0x4b0fef13) ori     t5, t6, 1200
core   0: 3 0x80004778 (0x4b0fef13) x30 0x000004b0
core   0: 0x8000477c (0xf3d76d13) ori     s10, a4, -195
core   0: 3 0x8000477c (0xf3d76d13) x26 0xfffffffd
core   0: 0x80004780 (0x01abd033) srl     zero, s7, s10
core   0: 3 0x80004780 (0x01abd033)
core   0: 0x80004784 (0x41d05593) srai    a1, zero, 29
core   0: 3 0x80004784 (0x41d05593) x11 0x00000000
core   0: 0x80004788 (0x0292b2b3) mulhu   t0, t0, s1
core   0: 3 0x80004788 (0x0292b2b3) x 5 0x00000000
core   0: 0x8000478c (0x00946e33) or      t3, s0, s1
core   0: 3 0x8000478c (0x00946e33) x28 0x19ea036e
core   0: 0x80004790 (0x03d2a933) mulhsu  s2, t0, t4
core   0: 3 0x80004790 (0x03d2a933) x18 0x00000000
core   0: 0x80004794 (0x419b5d33) sra     s10, s6, s9
core   0: 3 0x80004794 (0x419b5d33) x26 0xe615fc82
core   0: 0x80004798 (0x00045633) srl     a2, s0, zero
core   0: 3 0x80004798 (0x00045633) x12 0x00000006
core   0: 0x8000479c (0xd83f8593) addi    a1, t6, -637
core   0: 3 0x8000479c (0xd83f8593) x11 0xfffffd83
core   0: 0x800047a0 (0x4348e993) ori     s3, a7, 1076
core   0: 3 0x800047a0 (0x4348e993) x19 0x00000434
core   0: 0x800047a4 (0xa5756793) ori     a5, a0, -1449
core   0: 3 0x800047a4 (0xa5756793) x15 0xfffffa57
core   0: 0x800047a8 (0x02fb5d33) divu    s10, s6, a5
core   0: 3 0x800047a8 (0x02fb5d33) x26 0x00000000
core   0: 0x800047ac (0xad866a13) ori     s4, a2, -1320
core   0: 3 0x800047ac (0xad866a13) x20 0xfffffade
core   0: 0x800047b0 (0x40c85413) srai    s0, a6, 12
core   0: 3 0x800047b0 (0x40c85413) x 8 0xfff80014
core   0: 0x800047b4 (0x0124e233) or      tp, s1, s2
core   0: 3 0x800047b4 (0x0124e233) x 4 0x19ea036c
core   0: 0x800047b8 (0x01bd5f33) srl     t5, s10, s11
core   0: 3 0x800047b8 (0x01bd5f33) x30 0x00000000
core   0: 0x800047bc (0x010ad913) srli    s2, s5, 16
core   0: 3 0x800047bc (0x010ad913) x18 0x00000000
core   0: 0x800047c0 (0x037db433) mulhu   s0, s11, s7
core   0: 3 0x800047c0 (0x037db433) x 8 0x00000000
core   0: 0x800047c4 (0x005465b3) or      a1, s0, t0
core   0: 3 0x800047c4 (0x005465b3) x11 0x00000000
core   0: 0x800047c8 (0xd0e47893) andi    a7, s0, -754
core   0: 3 0x800047c8 (0xd0e47893) x17 0x00000000
core   0: 0x800047cc (0x40a50033) sub     zero, a0, a0
core   0: 3 0x800047cc (0x40a50033)
core   0: 0x800047d0 (0x40285933) sra     s2, a6, sp
core   0: 3 0x800047d0 (0x40285933) x18 0x80014e64
core   0: 0x800047d4 (0x015336b3) sltu    a3, t1, s5
core   0: 3 0x800047d4 (0x015336b3) x13 0x00000000
core   0: 0x800047d8 (0x71fae693) ori     a3, s5, 1823
core   0: 3 0x800047d8 (0x71fae693) x13 0x0000071f
core   0: 0x800047dc (0x41575493) srai    s1, a4, 21
core   0: 3 0x800047dc (0x41575493) x 9 0xfffffc00
core   0: 0x800047e0 (0x01165e93) srli    t4, a2, 17
core   0: 3 0x800047e0 (0x01165e93) x29 0x00000000
core   0: 0x800047e4 (0x02abfc33) remu    s8, s7, a0
core   0: 3 0x800047e4 (0x02abfc33) x24 0x00000000
core   0: 0x800047e8 (0x0397b933) mulhu   s2, a5, s9
core   0: 3 0x800047e8 (0x0397b933) x18 0x00000000
core   0: 0x800047ec (0x0164a1b3) slt     gp, s1, s6
core   0: 3 0x800047ec (0x0164a1b3) x 3 0x00000000
core   0: 0x800047f0 (0x19202213) slti    tp, zero, 402
core   0: 3 0x800047f0 (0x19202213) x 4 0x00000001
core   0: 0x800047f4 (0x03dd84b3) mul     s1, s11, t4
core   0: 3 0x800047f4 (0x03dd84b3) x 9 0x00000000
core   0: 0x800047f8 (0x01a544b3) xor     s1, a0, s10
core   0: 3 0x800047f8 (0x01a544b3) x 9 0x00000001
core   0: 0x800047fc (0x00f19213) slli    tp, gp, 15
core   0: 3 0x800047fc (0x00f19213) x 4 0x00000000
core   0: 0x80004800 (0x016a45b3) xor     a1, s4, s6
core   0: 3 0x80004800 (0x016a45b3) x11 0x19ea065c
core   0: 0x80004804 (0x00d7d633) srl     a2, a5, a3
core   0: 3 0x80004804 (0x00d7d633) x12 0x00000001
core   0: 0x80004808 (0x552f6a93) ori     s5, t5, 1362
core   0: 3 0x80004808 (0x552f6a93) x21 0x00000552
core   0: 0x8000480c (0x0190d213) srli    tp, ra, 25
core   0: 3 0x8000480c (0x0190d213) x 4 0x00000000
core   0: 0x80004810 (0x00000013) nop
core   0: 3 0x80004810 (0x00000013)
core   0: 0x80004814 (0x03157233) remu    tp, a0, a7
core   0: 3 0x80004814 (0x03157233) x 4 0x00000001
core   0: 0x80004818 (0x01bbba33) sltu    s4, s7, s11
core   0: 3 0x80004818 (0x01bbba33) x20 0x00000001
core   0: 0x8000481c (0x013908b3) add     a7, s2, s3
core   0: 3 0x8000481c (0x013908b3) x17 0x00000434
core   0: 0x80004820 (0x022b1d33) mulh    s10, s6, sp
core   0: 3 0x80004820 (0x022b1d33) x26 0x0266c20b
core   0: 0x80004824 (0xa31dcc93) xori    s9, s11, -1487
core   0: 3 0x80004824 (0xa31dcc93) x25 0xfffffa36
core   0: 0x80004828 (0x018e9f13) slli    t5, t4, 24
core   0: 3 0x80004828 (0x018e9f13) x30 0x00000000
core   0: 0x8000482c (0x004b4c33) xor     s8, s6, tp
core   0: 3 0x8000482c (0x004b4c33) x24 0xe615fc83
core   0: 0x80004830 (0x00b4dcb3) srl     s9, s1, a1
core   0: 3 0x80004830 (0x00b4dcb3) x25 0x00000000
core   0: 0x80004834 (0x4124db13) srai    s6, s1, 18
core   0: 3 0x80004834 (0x4124db13) x22 0x00000000
core   0: 0x80004838 (0x01e242b3) xor     t0, tp, t5
core   0: 3 0x80004838 (0x01e242b3) x 5 0x00000001
core   0: 0x8000483c (0x01865ab3) srl     s5, a2, s8
core   0: 3 0x8000483c (0x01865ab3) x21 0x00000000
core   0: 0x80004840 (0x0117d3b3) srl     t2, a5, a7
core   0: 3 0x80004840 (0x0117d3b3) x 7 0x00000fff
core   0: 0x80004844 (0x00709613) slli    a2, ra, 7
core   0: 3 0x80004844 (0x00709613) x12 0x00000000
core   0: 0x80004848 (0x03e8cb33) div     s6, a7, t5
core   0: 3 0x80004848 (0x03e8cb33) x22 0xffffffff
core   0: 0x8000484c (0x01d7e3b3) or      t2, a5, t4
core   0: 3 0x8000484c (0x01d7e3b3) x 7 0xfffffa57
core   0: 0x80004850 (0x01cd9693) slli    a3, s11, 28
core   0: 3 0x80004850 (0x01cd9693) x13 0x70000000
core   0: 0x80004854 (0x00000013) nop
core   0: 3 0x80004854 (0x00000013)
core   0: 0x80004858 (0x0196da13) srli    s4, a3, 25
core   0: 3 0x80004858 (0x0196da13) x20 0x00000038
core   0: 0x8000485c (0x1a2b1a37) lui     s4, 0x1a2b1
core   0: 3 0x8000485c (0x1a2b1a37) x20 0x1a2b1000
core   0: 0x80004860 (0x0353f633) remu    a2, t2, s5
core   0: 3 0x80004860 (0x0353f633) x12 0xfffffa57
core   0: 0x80004864 (0x024204b3) mul     s1, tp, tp
core   0: 3 0x80004864 (0x024204b3) x 9 0x00000001
core   0: 0x80004868 (0x02f35033) divu    zero, t1, a5
core   0: 3 0x80004868 (0x02f35033)
core   0: 0x8000486c (0x1992c897) auipc   a7, 0x1992c
core   0: 3 0x8000486c (0x1992c897) x17 0x9993086c
core   0: 0x80004870 (0x03c40533) mul     a0, s0, t3
core   0: 3 0x80004870 (0x03c40533) x10 0x00000000
core   0: 0x80004874 (0x2454ee93) ori     t4, s1, 581
core   0: 3 0x80004874 (0x2454ee93) x29 0x00000245
core   0: 0x80004878 (0x0003b633) sltu    a2, t2, zero
core   0: 3 0x80004878 (0x0003b633) x12 0x00000000
core   0: 0x8000487c (0x0102fc33) and     s8, t0, a6
core   0: 3 0x8000487c (0x0102fc33) x24 0x00000000
core   0: 0x80004880 (0x007215b3) sll     a1, tp, t2
core   0: 3 0x80004880 (0x007215b3) x11 0x00800000
core   0: 0x80004884 (0x00e3b333) sltu    t1, t2, a4
core   0: 3 0x80004884 (0x00e3b333) x 6 0x00000000
core   0: 0x80004888 (0x0009c0b3) xor     ra, s3, zero
core   0: 3 0x80004888 (0x0009c0b3) x 1 0x00000434
core   0: 0x8000488c (0x0115b333) sltu    t1, a1, a7
core   0: 3 0x8000488c (0x0115b333) x 6 0x00000001
core   0: 0x80004890 (0xcf388993) addi    s3, a7, -781
core   0: 3 0x80004890 (0xcf388993) x19 0x9993055f
core   0: 0x80004894 (0x031efd33) remu    s10, t4, a7
core   0: 3 0x80004894 (0x031efd33) x26 0x00000245
core   0: 0x80004898 (0x01a46133) or      sp, s0, s10
core   0: 3 0x80004898 (0x01a46133) x 2 0x00000245
core   0: 0x8000489c (0xa8f53137) lui     sp, 0xa8f53
core   0: 3 0x8000489c (0xa8f53137) x 2 0xa8f53000
core   0: 0x800048a0 (0x020db1b3) mulhu   gp, s11, zero
core   0: 3 0x800048a0 (0x020db1b3) x 3 0x00000000
core   0: 0x800048a4 (0x01f993b3) sll     t2, s3, t6
core   0: 3 0x800048a4 (0x01f993b3) x 7 0x9993055f
core   0: 0x800048a8 (0x002f4c33) xor     s8, t5, sp
core   0: 3 0x800048a8 (0x002f4c33) x24 0xa8f53000
core   0: 0x800048ac (0x0168e933) or      s2, a7, s6
core   0: 3 0x800048ac (0x0168e933) x18 0xffffffff
core   0: 0x800048b0 (0x01d49333) sll     t1, s1, t4
core   0: 3 0x800048b0 (0x01d49333) x 6 0x00000020
core   0: 0x800048b4 (0x08b42a93) slti    s5, s0, 139
core   0: 3 0x800048b4 (0x08b42a93) x21 0x00000001
core   0: 0x800048b8 (0xfb8e6f17) auipc   t5, 0xfb8e6
core   0: 3 0x800048b8 (0xfb8e6f17) x30 0x7b8ea8b8
core   0: 0x800048bc (0x018770b3) and     ra, a4, s8
core   0: 3 0x800048bc (0x018770b3) x 1 0x80010000
core   0: 0x800048c0 (0xcf8584b7) lui     s1, 0xcf858
core   0: 3 0x800048c0 (0xcf8584b7) x 9 0xcf858000
core   0: 0x800048c4 (0xc46a0593) addi    a1, s4, -954
core   0: 3 0x800048c4 (0xc46a0593) x11 0x1a2b0c46
core   0: 0x800048c8 (0x02693a33) mulhu   s4, s2, t1
core   0: 3 0x800048c8 (0x02693a33) x20 0x0000001f
core   0: 0x800048cc (0xc2da17b7) lui     a5, 0xc2da1
core   0: 3 0x800048cc (0xc2da17b7) x15 0xc2da1000
core   0: 0x800048d0 (0x6df3c093) xori    ra, t2, 1759
core   0: 3 0x800048d0 (0x6df3c093) x 1 0x99930380
core   0: 0x800048d4 (0x006a8533) add     a0, s5, t1
core   0: 3 0x800048d4 (0x006a8533) x10 0x00000021
core   0: 0x800048d8 (0xaa3b0a13) addi    s4, s6, -1373
core   0: 3 0x800048d8 (0xaa3b0a13) x20 0xfffffaa2
core   0: 0x800048dc (0x01000233) add     tp, zero, a6
core   0: 3 0x800048dc (0x01000233) x 4 0x80014e64
core   0: 0x800048e0 (0x012930b3) sltu    ra, s2, s2
core   0: 3 0x800048e0 (0x012930b3) x 1 0x00000000
core   0: 0x800048e4 (0x00996cb3) or      s9, s2, s1
core   0: 3 0x800048e4 (0x00996cb3) x25 0xffffffff
core   0: 0x800048e8 (0x02341133) mulh    sp, s0, gp
core   0: 3 0x800048e8 (0x02341133) x 2 0x00000000
core   0: 0x800048ec (0x01b76f33) or      t5, a4, s11
core   0: 3 0x800048ec (0x01b76f33) x30 0x80018ce7
core   0: 0x800048f0 (0x01559433) sll     s0, a1, s5
core   0: 3 0x800048f0 (0x01559433) x 8 0x3456188c
core   0: 0x800048f4 (0x009650b3) srl     ra, a2, s1
core   0: 3 0x800048f4 (0x009650b3) x 1 0x00000000
core   0: 0x800048f8 (0x020b4c33) div     s8, s6, zero
core   0: 3 0x800048f8 (0x020b4c33) x24 0xffffffff
core   0: 0x800048fc (0x1264bf13) sltiu   t5, s1, 294
core   0: 3 0x800048fc (0x1264bf13) x30 0x00000000
core   0: 0x80004900 (0x00e075b3) and     a1, zero, a4
core   0: 3 0x80004900 (0x00e075b3) x11 0x00000000
core   0: 0x80004904 (0x003d22b3) slt     t0, s10, gp
core   0: 3 0x80004904 (0x003d22b3) x 5 0x00000000
core   0: 0x80004908 (0x00d67233) and     tp, a2, a3
core   0: 3 0x80004908 (0x00d67233) x 4 0x00000000
core   0: 0x8000490c (0xae076413) ori     s0, a4, -1312
core   0: 3 0x8000490c (0xae076413) x 8 0xfffffee4
core   0: 0x80004910 (0x0247a3b3) mulhsu  t2, a5, tp
core   0: 3 0x80004910 (0x0247a3b3) x 7 0x00000000
core   0: 0x80004914 (0x03af3933) mulhu   s2, t5, s10
core   0: 3 0x80004914 (0x03af3933) x18 0x00000000
core   0: 0x80004918 (0x00d57bb3) and     s7, a0, a3
core   0: 3 0x80004918 (0x00d57bb3) x23 0x00000000
core   0: 0x8000491c (0x00d3e533) or      a0, t2, a3
core   0: 3 0x8000491c (0x00d3e533) x10 0x70000000
core   0: 0x80004920 (0x03c8e513) ori     a0, a7, 60
core   0: 3 0x80004920 (0x03c8e513) x10 0x9993087c
core   0: 0x80004924 (0xdebc0eb7) lui     t4, 0xdebc0
core   0: 3 0x80004924 (0xdebc0eb7) x29 0xdebc0000
core   0: 0x80004928 (0x000db3b3) sltu    t2, s11, zero
core   0: 3 0x80004928 (0x000db3b3) x 7 0x00000000
core   0: 0x8000492c (0x0168deb3) srl     t4, a7, s6
core   0: 3 0x8000492c (0x0168deb3) x29 0x00000001
core   0: 0x80004930 (0x24ec6893) ori     a7, s8, 590
core   0: 3 0x80004930 (0x24ec6893) x17 0xffffffff
core   0: 0x80004934 (0x014f7cb3) and     s9, t5, s4
core   0: 3 0x80004934 (0x014f7cb3) x25 0x00000000
core   0: 0x80004938 (0x03783933) mulhu   s2, a6, s7
core   0: 3 0x80004938 (0x03783933) x18 0x00000000
core   0: 0x8000493c (0x47568e17) auipc   t3, 0x47568
core   0: 3 0x8000493c (0x47568e17) x28 0xc756c93c
core   0: 0x80004940 (0x00c4d1b3) srl     gp, s1, a2
core   0: 3 0x80004940 (0x00c4d1b3) x 3 0xcf858000
core   0: 0x80004944 (0x850cf313) andi    t1, s9, -1968
core   0: 3 0x80004944 (0x850cf313) x 6 0x00000000
core   0: 0x80004948 (0x00335533) srl     a0, t1, gp
core   0: 3 0x80004948 (0x00335533) x10 0x00000000
core   0: 0x8000494c (0x00addc33) srl     s8, s11, a0
core   0: 3 0x8000494c (0x00addc33) x24 0x00000007
core   0: 0x80004950 (0x49353d13) sltiu   s10, a0, 1171
core   0: 3 0x80004950 (0x49353d13) x26 0x00000001
core   0: 0x80004954 (0xe666aa13) slti    s4, a3, -410
core   0: 3 0x80004954 (0xe666aa13) x20 0x00000000
core   0: 0x80004958 (0x61064b13) xori    s6, a2, 1552
core   0: 3 0x80004958 (0x61064b13) x22 0x00000610
core   0: 0x8000495c (0x00c845b3) xor     a1, a6, a2
core   0: 3 0x8000495c (0x00c845b3) x11 0x80014e64
core   0: 0x80004960 (0x01821093) slli    ra, tp, 24
core   0: 3 0x80004960 (0x01821093) x 1 0x00000000
core   0: 0x80004964 (0x0128a6b3) slt     a3, a7, s2
core   0: 3 0x80004964 (0x0128a6b3) x13 0x00000001
core   0: 0x80004968 (0x00c24b33) xor     s6, tp, a2
core   0: 3 0x80004968 (0x00c24b33) x22 0x00000000
core   0: 0x8000496c (0x02c4ff93) andi    t6, s1, 44
core   0: 3 0x8000496c (0x02c4ff93) x31 0x00000000
core   0: 0x80004970 (0x40890a33) sub     s4, s2, s0
core   0: 3 0x80004970 (0x40890a33) x20 0x0000011c
core   0: 0x80004974 (0x03419f33) mulh    t5, gp, s4
core   0: 3 0x80004974 (0x03419f33) x30 0xffffffca
core   0: 0x80004978 (0x03e7f9b3) remu    s3, a5, t5
core   0: 3 0x80004978 (0x03e7f9b3) x19 0xc2da1000
core   0: 0x8000497c (0x003d56b3) srl     a3, s10, gp
core   0: 3 0x8000497c (0x003d56b3) x13 0x00000001
core   0: 0x80004980 (0x01986d33) or      s10, a6, s9
core   0: 3 0x80004980 (0x01986d33) x26 0x80014e64
core   0: 0x80004984 (0x41e90ab3) sub     s5, s2, t5
core   0: 3 0x80004984 (0x41e90ab3) x21 0x00000036
core   0: 0x80004988 (0x00000013) nop
core   0: 3 0x80004988 (0x00000013)
core   0: 0x8000498c (0xc7ca3113) sltiu   sp, s4, -900
core   0: 3 0x8000498c (0xc7ca3113) x 2 0x00000001
core   0: 0x80004990 (0x09614893) xori    a7, sp, 150
core   0: 3 0x80004990 (0x09614893) x17 0x00000097
core   0: 0x80004994 (0x0226e6b3) rem     a3, a3, sp
core   0: 3 0x80004994 (0x0226e6b3) x13 0x00000000
core   0: 0x80004998 (0x00eb3cb3) sltu    s9, s6, a4
core   0: 3 0x80004998 (0x00eb3cb3) x25 0x00000001
core   0: 0x8000499c (0x5b4c6e13) ori     t3, s8, 1460
core   0: 3 0x8000499c (0x5b4c6e13) x28 0x000005b7
core   0: 0x800049a0 (0x0220c233) div     tp, ra, sp
core   0: 3 0x800049a0 (0x0220c233) x 4 0x00000000
core   0: 0x800049a4 (0x03dbca33) div     s4, s7, t4
core   0: 3 0x800049a4 (0x03dbca33) x20 0x00000000
core   0: 0x800049a8 (0x02de2fb3) mulhsu  t6, t3, a3
core   0: 3 0x800049a8 (0x02de2fb3) x31 0x00000000
core   0: 0x800049ac (0x00b45533) srl     a0, s0, a1
core   0: 3 0x800049ac (0x00b45533) x10 0x0fffffee
core   0: 0x800049b0 (0x0208d133) divu    sp, a7, zero
core   0: 3 0x800049b0 (0x0208d133) x 2 0xffffffff
core   0: 0x800049b4 (0x287a8793) addi    a5, s5, 647
core   0: 3 0x800049b4 (0x287a8793) x15 0x000002bd
core   0: 0x800049b8 (0x0b28c113) xori    sp, a7, 178
core   0: 3 0x800049b8 (0x0b28c113) x 2 0x00000025
core   0: 0x800049bc (0x02cff933) remu    s2, t6, a2
core   0: 3 0x800049bc (0x02cff933) x18 0x00000000
core   0: 0x800049c0 (0x516bf593) andi    a1, s7, 1302
core   0: 3 0x800049c0 (0x516bf593) x11 0x00000000
core   0: 0x800049c4 (0x00000013) nop
core   0: 3 0x800049c4 (0x00000013)
core   0: 0x800049c8 (0x00000013) nop
core   0: 3 0x800049c8 (0x00000013)
core   0: 0x800049cc (0x00cb76b3) and     a3, s6, a2
core   0: 3 0x800049cc (0x00cb76b3) x13 0x00000000
core   0: 0x800049d0 (0x00f8a5b3) slt     a1, a7, a5
core   0: 3 0x800049d0 (0x00f8a5b3) x11 0x00000001
core   0: 0x800049d4 (0x03458a33) mul     s4, a1, s4
core   0: 3 0x800049d4 (0x03458a33) x20 0x00000000
core   0: 0x800049d8 (0x228e4917) auipc   s2, 0x228e4
core   0: 3 0x800049d8 (0x228e4917) x18 0xa28e89d8
core   0: 0x800049dc (0x01b5a5b3) slt     a1, a1, s11
core   0: 3 0x800049dc (0x01b5a5b3) x11 0x00000001
core   0: 0x800049e0 (0x78a90513) addi    a0, s2, 1930
core   0: 3 0x800049e0 (0x78a90513) x10 0xa28e9162
core   0: 0x800049e4 (0x03bd0033) mul     zero, s10, s11
core   0: 3 0x800049e4 (0x03bd0033)
core   0: 0x800049e8 (0x4024d233) sra     tp, s1, sp
core   0: 3 0x800049e8 (0x4024d233) x 4 0xfe7c2c00
core   0: 0x800049ec (0x0126d9b3) srl     s3, a3, s2
core   0: 3 0x800049ec (0x0126d9b3) x19 0x00000000
core   0: 0x800049f0 (0x032760b3) rem     ra, a4, s2
core   0: 3 0x800049f0 (0x032760b3) x 1 0xdd73030c
core   0: 0x800049f4 (0x011e2a33) slt     s4, t3, a7
core   0: 3 0x800049f4 (0x011e2a33) x20 0x00000000
core   0: 0x800049f8 (0xc9f0e793) ori     a5, ra, -865
core   0: 3 0x800049f8 (0xc9f0e793) x15 0xffffff9f
core   0: 0x800049fc (0x62b52413) slti    s0, a0, 1579
core   0: 3 0x800049fc (0x62b52413) x 8 0x00000001
core   0: 0x80004a00 (0x0187de33) srl     t3, a5, s8
core   0: 3 0x80004a00 (0x0187de33) x28 0x01ffffff
core   0: 0x80004a04 (0x02c40eb3) mul     t4, s0, a2
core   0: 3 0x80004a04 (0x02c40eb3) x29 0x00000000
core   0: 0x80004a08 (0x353af417) auipc   s0, 0x353af
core   0: 3 0x80004a08 (0x353af417) x 8 0xb53b3a08
core   0: 0x80004a0c (0xc804f793) andi    a5, s1, -896
core   0: 3 0x80004a0c (0xc804f793) x15 0xcf858000
core   0: 0x80004a10 (0x00ea1c33) sll     s8, s4, a4
core   0: 3 0x80004a10 (0x00ea1c33) x24 0x00000000
core   0: 0x80004a14 (0x03ea66b3) rem     a3, s4, t5
core   0: 3 0x80004a14 (0x03ea66b3) x13 0x00000000
core   0: 0x80004a18 (0x02c2fa33) remu    s4, t0, a2
core   0: 3 0x80004a18 (0x02c2fa33) x20 0x00000000
core   0: 0x80004a1c (0x411f84b3) sub     s1, t6, a7
core   0: 3 0x80004a1c (0x411f84b3) x 9 0xffffff69
core   0: 0x80004a20 (0x47889fb7) lui     t6, 0x47889
core   0: 3 0x80004a20 (0x47889fb7) x31 0x47889000
core   0: 0x80004a24 (0x005b9a33) sll     s4, s7, t0
core   0: 3 0x80004a24 (0x005b9a33) x20 0x00000000
core   0: 0x80004a28 (0x01423eb3) sltu    t4, tp, s4
core   0: 3 0x80004a28 (0x01423eb3) x29 0x00000000
core   0: 0x80004a2c (0x37f1bd37) lui     s10, 0x37f1b
core   0: 3 0x80004a2c (0x37f1bd37) x26 0x37f1b000
core   0: 0x80004a30 (0x00000013) nop
core   0: 3 0x80004a30 (0x00000013)
core   0: 0x80004a34 (0x00d69cb3) sll     s9, a3, a3
core   0: 3 0x80004a34 (0x00d69cb3) x25 0x00000000
core   0: 0x80004a38 (0x01a57633) and     a2, a0, s10
core   0: 3 0x80004a38 (0x01a57633) x12 0x22809000
core   0: 0x80004a3c (0x01464bb3) xor     s7, a2, s4
core   0: 3 0x80004a3c (0x01464bb3) x23 0x22809000
core   0: 0x80004a40 (0x005b9393) slli    t2, s7, 5
core   0: 3 0x80004a40 (0x005b9393) x 7 0x50120000
core   0: 0x80004a44 (0x01b05e33) srl     t3, zero, s11
core   0: 3 0x80004a44 (0x01b05e33) x28 0x00000000
core   0: 0x80004a48 (0x02032d33) mulhsu  s10, t1, zero
core   0: 3 0x80004a48 (0x02032d33) x26 0x00000000
core   0: 0x80004a4c (0x0091b8b3) sltu    a7, gp, s1
core   0: 3 0x80004a4c (0x0091b8b3) x17 0x00000001
core   0: 0x80004a50 (0x0342c333) div     t1, t0, s4
core   0: 3 0x80004a50 (0x0342c333) x 6 0xffffffff
core   0: 0x80004a54 (0x009d8533) add     a0, s11, s1
core   0: 3 0x80004a54 (0x009d8533) x10 0xffffff70
core   0: 0x80004a58 (0x03e18233) mul     tp, gp, t5
core   0: 3 0x80004a58 (0x03e18233) x 4 0x39d70000
core   0: 0x80004a5c (0x008ae533) or      a0, s5, s0
core   0: 3 0x80004a5c (0x008ae533) x10 0xb53b3a3e
core   0: 0x80004a60 (0x0150d333) srl     t1, ra, s5
core   0: 3 0x80004a60 (0x0150d333) x 6 0x00000375
core   0: 0x80004a64 (0x53823037) lui     zero, 0x53823
core   0: 3 0x80004a64 (0x53823037)
core   0: 0x80004a68 (0x0164d693) srli    a3, s1, 22
core   0: 3 0x80004a68 (0x0164d693) x13 0x000003ff
core   0: 0x80004a6c (0x0017d3b3) srl     t2, a5, ra
core   0: 3 0x80004a6c (0x0017d3b3) x 7 0x000cf858
core   0: 0x80004a70 (0x61510b97) auipc   s7, 0x61510
core   0: 3 0x80004a70 (0x61510b97) x23 0xe1514a70
core   0: 0x80004a74 (0xe0827e93) andi    t4, tp, -504
core   0: 3 0x80004a74 (0xe0827e93) x29 0x39d70000
core   0: 0x80004a78 (0x998579b7) lui     s3, 0x99857
core   0: 3 0x80004a78 (0x998579b7) x19 0x99857000
core   0: 0x80004a7c (0x02156133) rem     sp, a0, ra
core   0: 3 0x80004a7c (0x02156133) x 2 0xfa553426
core   0: 0x80004a80 (0x41bad5b3) sra     a1, s5, s11
core   0: 3 0x80004a80 (0x41bad5b3) x11 0x00000000
core   0: 0x80004a84 (0x00ce8533) add     a0, t4, a2
core   0: 3 0x80004a84 (0x00ce8533) x10 0x5c579000
core   0: 0x80004a88 (0x0318d533) divu    a0, a7, a7
core   0: 3 0x80004a88 (0x0318d533) x10 0x00000001
core   0: 0x80004a8c (0x017c2fb3) slt     t6, s8, s7
core   0: 3 0x80004a8c (0x017c2fb3) x31 0x00000000
core   0: 0x80004a90 (0x02422133) mulhsu  sp, tp, tp
core   0: 3 0x80004a90 (0x02422133) x 2 0x0d117291
core   0: 0x80004a94 (0x87860b93) addi    s7, a2, -1928
core   0: 3 0x80004a94 (0x87860b93) x23 0x22808878
core   0: 0x80004a98 (0xce08b213) sltiu   tp, a7, -800
core   0: 3 0x80004a98 (0xce08b213) x 4 0x00000001
core   0: 0x80004a9c (0x54da2913) slti    s2, s4, 1357
core   0: 3 0x80004a9c (0x54da2913) x18 0x00000001
core   0: 0x80004aa0 (0xa4364b93) xori    s7, a2, -1469
core   0: 3 0x80004aa0 (0xa4364b93) x23 0xdd7f6a43
core   0: 0x80004aa4 (0x02c78c33) mul     s8, a5, a2
core   0: 3 0x80004aa4 (0x02c78c33) x24 0x18000000
core   0: 0x80004aa8 (0x41fc5593) srai    a1, s8, 31
core   0: 3 0x80004aa8 (0x41fc5593) x11 0x00000000
core   0: 0x80004aac (0xd6e5e593) ori     a1, a1, -658
core   0: 3 0x80004aac (0xd6e5e593) x11 0xfffffd6e
core   0: 0x80004ab0 (0x00024033) xor     zero, tp, zero
core   0: 3 0x80004ab0 (0x00024033)
core   0: 0x80004ab4 (0x00401613) slli    a2, zero, 4
core   0: 3 0x80004ab4 (0x00401613) x12 0x00000000
core   0: 0x80004ab8 (0x00000013) nop
core   0: 3 0x80004ab8 (0x00000013)
core   0: 0x80004abc (0x02acc8b3) div     a7, s9, a0
core   0: 3 0x80004abc (0x02acc8b3) x17 0x00000000
core   0: 0x80004ac0 (0x41aa5b93) srai    s7, s4, 26
core   0: 3 0x80004ac0 (0x41aa5b93) x23 0x00000000
core   0: 0x80004ac4 (0x67a23093) sltiu   ra, tp, 1658
core   0: 3 0x80004ac4 (0x67a23093) x 1 0x00000001
core   0: 0x80004ac8 (0x0062d513) srli    a0, t0, 6
core   0: 3 0x80004ac8 (0x0062d513) x10 0x00000000
core   0: 0x80004acc (0x0124ecb3) or      s9, s1, s2
core   0: 3 0x80004acc (0x0124ecb3) x25 0xffffff69
core   0: 0x80004ad0 (0x00a9e633) or      a2, s3, a0
core   0: 3 0x80004ad0 (0x00a9e633) x12 0x99857000
core   0: 0x80004ad4 (0x41ff58b3) sra     a7, t5, t6
core   0: 3 0x80004ad4 (0x41ff58b3) x17 0xffffffca
core   0: 0x80004ad8 (0x01a008b3) add     a7, zero, s10
core   0: 3 0x80004ad8 (0x01a008b3) x17 0x00000000
core   0: 0x80004adc (0x88b0f997) auipc   s3, 0x88b0f
core   0: 3 0x80004adc (0x88b0f997) x19 0x08b13adc
core   0: 0x80004ae0 (0x96497413) andi    s0, s2, -1692
core   0: 3 0x80004ae0 (0x96497413) x 8 0x00000000
core   0: 0x80004ae4 (0xd48d4e13) xori    t3, s10, -696
core   0: 3 0x80004ae4 (0xd48d4e13) x28 0xfffffd48
core   0: 0x80004ae8 (0x023774b3) remu    s1, a4, gp
core   0: 3 0x80004ae8 (0x023774b3) x 9 0x80018ce4
core   0: 0x80004aec (0x01415793) srli    a5, sp, 20
core   0: 3 0x80004aec (0x01415793) x15 0x000000d1
core   0: 0x80004af0 (0x03f3e1b3) rem     gp, t2, t6
core   0: 3 0x80004af0 (0x03f3e1b3) x 3 0x000cf858
core   0: 0x80004af4 (0x0234bcb3) mulhu   s9, s1, gp
core   0: 3 0x80004af4 (0x0234bcb3) x25 0x00067c40
core   0: 0x80004af8 (0x0f3e6c13) ori     s8, t3, 243
core   0: 3 0x80004af8 (0x0f3e6c13) x24 0xfffffdfb
core   0: 0x80004afc (0x4e52b397) auipc   t2, 0x4e52b
core   0: 3 0x80004afc (0x4e52b397) x 7 0xce52fafc
core   0: 0x80004b00 (0x03b33333) mulhu   t1, t1, s11
core   0: 3 0x80004b00 (0x03b33333) x 6 0x00000000
core   0: 0x80004b04 (0x00a591b3) sll     gp, a1, a0
core   0: 3 0x80004b04 (0x00a591b3) x 3 0xfffffd6e
core   0: 0x80004b08 (0x0124b2b3) sltu    t0, s1, s2
core   0: 3 0x80004b08 (0x0124b2b3) x 5 0x00000000
core   0: 0x80004b0c (0x0111feb3) and     t4, gp, a7
core   0: 3 0x80004b0c (0x0111feb3) x29 0x00000000
core   0: 0x80004b10 (0x00a1a233) slt     tp, gp, a0
core   0: 3 0x80004b10 (0x00a1a233) x 4 0x00000001
core   0: 0x80004b14 (0x02d34b33) div     s6, t1, a3
core   0: 3 0x80004b14 (0x02d34b33) x22 0x00000000
core   0: 0x80004b18 (0x03602033) mulhsu  zero, zero, s6
core   0: 3 0x80004b18 (0x03602033)
core   0: 0x80004b1c (0x41e489b3) sub     s3, s1, t5
core   0: 3 0x80004b1c (0x41e489b3) x19 0x80018d1a
core   0: 0x80004b20 (0x32b2c913) xori    s2, t0, 811
core   0: 3 0x80004b20 (0x32b2c913) x18 0x0000032b
core   0: 0x80004b24 (0x11840393) addi    t2, s0, 280
core   0: 3 0x80004b24 (0x11840393) x 7 0x00000118
core   0: 0x80004b28 (0xebbd8413) addi    s0, s11, -325
core   0: 3 0x80004b28 (0xebbd8413) x 8 0xfffffec2
core   0: 0x80004b2c (0xc9a6a317) auipc   t1, 0xc9a6a
core   0: 3 0x80004b2c (0xc9a6a317) x 6 0x49a6eb2c
core   0: 0x80004b30 (0x41410633) sub     a2, sp, s4
core   0: 3 0x80004b30 (0x41410633) x12 0x0d117291
core   0: 0x80004b34 (0x4863c397) auipc   t2, 0x4863c
core   0: 3 0x80004b34 (0x4863c397) x 7 0xc8640b34
core   0: 0x80004b38 (0x03c5f5b3) remu    a1, a1, t3
core   0: 3 0x80004b38 (0x03c5f5b3) x11 0x00000026
core   0: 0x80004b3c (0x98738513) addi    a0, t2, -1657
core   0: 3 0x80004b3c (0x98738513) x10 0xc86404bb
core   0: 0x80004b40 (0x030e22b3) mulhsu  t0, t3, a6
core   0: 3 0x80004b40 (0x030e22b3) x 5 0xfffffea3
core   0: 0x80004b44 (0x02fd9633) mulh    a2, s11, a5
core   0: 3 0x80004b44 (0x02fd9633) x12 0x00000000
core   0: 0x80004b48 (0x41035593) srai    a1, t1, 16
core   0: 3 0x80004b48 (0x41035593) x11 0x000049a6
core   0: 0x80004b4c (0x40ce50b3) sra     ra, t3, a2
core   0: 3 0x80004b4c (0x40ce50b3) x 1 0xfffffd48
core   0: 0x80004b50 (0x039cbeb3) mulhu   t4, s9, s9
core   0: 3 0x80004b50 (0x039cbeb3) x29 0x0000002a
core   0: 0x80004b54 (0x002d7fb3) and     t6, s10, sp
core   0: 3 0x80004b54 (0x002d7fb3) x31 0x00000000
core   0: 0x80004b58 (0xf5a4cb93) xori    s7, s1, -166
core   0: 3 0x80004b58 (0xf5a4cb93) x23 0x7ffe73be
core   0: 0x80004b5c (0xfdf2ae93) slti    t4, t0, -33
core   0: 3 0x80004b5c (0xfdf2ae93) x29 0x00000001
core   0: 0x80004b60 (0xa513a993) slti    s3, t2, -1455
core   0: 3 0x80004b60 (0xa513a993) x19 0x00000001
core   0: 0x80004b64 (0x477d6e13) ori     t3, s10, 1143
core   0: 3 0x80004b64 (0x477d6e13) x28 0x00000477
core   0: 0x80004b68 (0x005e9933) sll     s2, t4, t0
core   0: 3 0x80004b68 (0x005e9933) x18 0x00000008
core   0: 0x80004b6c (0x01f41313) slli    t1, s0, 31
core   0: 3 0x80004b6c (0x01f41313) x 6 0x00000000
core   0: 0x80004b70 (0x0088d133) srl     sp, a7, s0
core   0: 3 0x80004b70 (0x0088d133) x 2 0x00000000
core   0: 0x80004b74 (0x78d04493) xori    s1, zero, 1933
core   0: 3 0x80004b74 (0x78d04493) x 9 0x0000078d
core   0: 0x80004b78 (0x00e02cb3) slt     s9, zero, a4
core   0: 3 0x80004b78 (0x00e02cb3) x25 0x00000000
core   0: 0x80004b7c (0xcdbf3313) sltiu   t1, t5, -805
core   0: 3 0x80004b7c (0xcdbf3313) x 6 0x00000000
core   0: 0x80004b80 (0x012e39b3) sltu    s3, t3, s2
core   0: 3 0x80004b80 (0x012e39b3) x19 0x00000000
core   0: 0x80004b84 (0x00feca33) xor     s4, t4, a5
core   0: 3 0x80004b84 (0x00feca33) x20 0x000000d0
core   0: 0x80004b88 (0x014d07b3) add     a5, s10, s4
core   0: 3 0x80004b88 (0x014d07b3) x15 0x000000d0
core   0: 0x80004b8c (0xd9628993) addi    s3, t0, -618
core   0: 3 0x80004b8c (0xd9628993) x19 0xfffffc39
core   0: 0x80004b90 (0x7d129f97) auipc   t6, 0x7d129
core   0: 3 0x80004b90 (0x7d129f97) x31 0xfd12db90
core   0: 0x80004b94 (0x02d84533) div     a0, a6, a3
core   0: 3 0x80004b94 (0x02d84533) x10 0xffdff852
core   0: 0x80004b98 (0x03e1f5b3) remu    a1, gp, t5
core   0: 3 0x80004b98 (0x03e1f5b3) x11 0xfffffd6e
core   0: 0x80004b9c (0x0236bcb3) mulhu   s9, a3, gp
core   0: 3 0x80004b9c (0x0236bcb3) x25 0x000003fe
core   0: 0x80004ba0 (0x031f7633) remu    a2, t5, a7
core   0: 3 0x80004ba0 (0x031f7633) x12 0xffffffca
core   0: 0x80004ba4 (0x00d339b3) sltu    s3, t1, a3
core   0: 3 0x80004ba4 (0x00d339b3) x19 0x00000001
core   0: 0x80004ba8 (0x0d892793) slti    a5, s2, 216
core   0: 3 0x80004ba8 (0x0d892793) x15 0x00000001
core   0: 0x80004bac (0xe27e5897) auipc   a7, 0xe27e5
core   0: 3 0x80004bac (0xe27e5897) x17 0x627e9bac
core   0: 0x80004bb0 (0xb9e3f793) andi    a5, t2, -1122
core   0: 3 0x80004bb0 (0xb9e3f793) x15 0xc8640b14
core   0: 0x80004bb4 (0x00037eb3) and     t4, t1, zero
core   0: 3 0x80004bb4 (0x00037eb3) x29 0x00000000
core   0: 0x80004bb8 (0x009499b3) sll     s3, s1, s1
core   0: 3 0x80004bb8 (0x009499b3) x19 0x00f1a000
core   0: 0x80004bbc (0x0374acb3) mulhsu  s9, s1, s7
core   0: 3 0x80004bbc (0x0374acb3) x25 0x000003c6
core   0: 0x80004bc0 (0x01e87333) and     t1, a6, t5
core   0: 3 0x80004bc0 (0x01e87333) x 6 0x80014e40
core   0: 0x80004bc4 (0x03421333) mulh    t1, tp, s4
core   0: 3 0x80004bc4 (0x03421333) x 6 0x00000000
core   0: 0x80004bc8 (0x011ba2b3) slt     t0, s7, a7
core   0: 3 0x80004bc8 (0x011ba2b3) x 5 0x00000000
core   0: 0x80004bcc (0x025610b3) mulh    ra, a2, t0
core   0: 3 0x80004bcc (0x025610b3) x 1 0x00000000
core   0: 0x80004bd0 (0x00ea45b3) xor     a1, s4, a4
core   0: 3 0x80004bd0 (0x00ea45b3) x11 0x80018c34
core   0: 0x80004bd4 (0xf4d5c117) auipc   sp, 0xf4d5c
core   0: 3 0x80004bd4 (0xf4d5c117) x 2 0x74d60bd4
core   0: 0x80004bd8 (0xe293aa93) slti    s5, t2, -471
core   0: 3 0x80004bd8 (0xe293aa93) x21 0x00000001
core   0: 0x80004bdc (0x405d5e33) sra     t3, s10, t0
core   0: 3 0x80004bdc (0x405d5e33) x28 0x00000000
core   0: 0x80004be0 (0x412c5d13) srai    s10, s8, 18
core   0: 3 0x80004be0 (0x412c5d13) x26 0xffffffff
core   0: 0x80004be4 (0x0324b533) mulhu   a0, s1, s2
core   0: 3 0x80004be4 (0x0324b533) x10 0x00000000
core   0: 0x80004be8 (0x033599b3) mulh    s3, a1, s3
core   0: 3 0x80004be8 (0x033599b3) x19 0xff873175
core   0: 0x80004bec (0x035b97b3) mulh    a5, s7, s5
core   0: 3 0x80004bec (0x035b97b3) x15 0x00000000
core   0: 0x80004bf0 (0x01c851b3) srl     gp, a6, t3
core   0: 3 0x80004bf0 (0x01c851b3) x 3 0x80014e64
core   0: 0x80004bf4 (0x01f285b3) add     a1, t0, t6
core   0: 3 0x80004bf4 (0x01f285b3) x11 0xfd12db90
core   0: 0x80004bf8 (0xb0444c13) xori    s8, s0, -1276
core   0: 3 0x80004bf8 (0xb0444c13) x24 0x000005c6
core   0: 0x80004bfc (0x41985f93) srai    t6, a6, 25
core   0: 3 0x80004bfc (0x41985f93) x31 0xffffffc0
core   0: 0x80004c00 (0x035257b3) divu    a5, tp, s5
core   0: 3 0x80004c00 (0x035257b3) x15 0x00000001
core   0: 0x80004c04 (0x9d383c97) auipc   s9, 0x9d383
core   0: 3 0x80004c04 (0x9d383c97) x25 0x1d387c04
core   0: 0x80004c08 (0x9cabbe93) sltiu   t4, s7, -1590
core   0: 3 0x80004c08 (0x9cabbe93) x29 0x00000001
core   0: 0x80004c0c (0x031452b3) divu    t0, s0, a7
core   0: 3 0x80004c0c (0x031452b3) x 5 0x00000002
core   0: 0x80004c10 (0x03b9a433) mulhsu  s0, s3, s11
core   0: 3 0x80004c10 (0x03b9a433) x 8 0xffffffff
core   0: 0x80004c14 (0x02325133) divu    sp, tp, gp
core   0: 3 0x80004c14 (0x02325133) x 2 0x00000000
core   0: 0x80004c18 (0xb8a2b317) auipc   t1, 0xb8a2b
core   0: 3 0x80004c18 (0xb8a2b317) x 6 0x38a2fc18
core   0: 0x80004c1c (0x00402433) slt     s0, zero, tp
core   0: 3 0x80004c1c (0x00402433) x 8 0x00000001
core   0: 0x80004c20 (0x0000c7b3) xor     a5, ra, zero
core   0: 3 0x80004c20 (0x0000c7b3) x15 0x00000000
core   0: 0x80004c24 (0x71ed7397) auipc   t2, 0x71ed7
core   0: 3 0x80004c24 (0x71ed7397) x 7 0xf1edbc24
core   0: 0x80004c28 (0x01c2da13) srli    s4, t0, 28
core   0: 3 0x80004c28 (0x01c2da13) x20 0x00000000
core   0: 0x80004c2c (0x41e483b3) sub     t2, s1, t5
core   0: 3 0x80004c2c (0x41e483b3) x 7 0x000007c3
core   0: 0x80004c30 (0x02784d33) div     s10, a6, t2
core   0: 3 0x80004c30 (0x02784d33) x26 0xffef826d
core   0: 0x80004c34 (0x037d0eb3) mul     t4, s10, s7
core   0: 3 0x80004c34 (0x037d0eb3) x29 0x067fc3e6
core   0: 0x80004c38 (0x02a189b3) mul     s3, gp, a0
core   0: 3 0x80004c38 (0x02a189b3) x19 0x00000000
core   0: 0x80004c3c (0x01fa9d13) slli    s10, s5, 31
core   0: 3 0x80004c3c (0x01fa9d13) x26 0x80000000
core   0: 0x80004c40 (0x01d89d33) sll     s10, a7, t4
core   0: 3 0x80004c40 (0x01d89d33) x26 0x9fa6eb00
core   0: 0x80004c44 (0x03aac533) div     a0, s5, s10
core   0: 3 0x80004c44 (0x03aac533) x10 0x00000000
core   0: 0x80004c48 (0x43018e93) addi    t4, gp, 1072
core   0: 3 0x80004c48 (0x43018e93) x29 0x80015294
core   0: 0x80004c4c (0x023f30b3) mulhu   ra, t5, gp
core   0: 3 0x80004c4c (0x023f30b3) x 1 0x80014e48
core   0: 0x80004c50 (0x1310cd17) auipc   s10, 0x1310c
core   0: 3 0x80004c50 (0x1310cd17) x26 0x93110c50
core   0: 0x80004c54 (0x023da033) mulhsu  zero, s11, gp
core   0: 3 0x80004c54 (0x023da033)
core   0: 0x80004c58 (0x7bd7ad13) slti    s10, a5, 1981
core   0: 3 0x80004c58 (0x7bd7ad13) x26 0x00000001
core   0: 0x80004c5c (0x00000013) nop
core   0: 3 0x80004c5c (0x00000013)
core   0: 0x80004c60 (0x0938ce93) xori    t4, a7, 147
core   0: 3 0x80004c60 (0x0938ce93) x29 0x627e9b3f
core   0: 0x80004c64 (0xcfe97593) andi    a1, s2, -770
core   0: 3 0x80004c64 (0xcfe97593) x11 0x00000008
core   0: 0x80004c68 (0x02b2ba33) mulhu   s4, t0, a1
core   0: 3 0x80004c68 (0x02b2ba33) x20 0x00000000
core   0: 0x80004c6c (0x02f065b3) rem     a1, zero, a5
core   0: 3 0x80004c6c (0x02f065b3) x11 0x00000000
core   0: 0x80004c70 (0x01ff3333) sltu    t1, t5, t6
core   0: 3 0x80004c70 (0x01ff3333) x 6 0x00000000
core   0: 0x80004c74 (0x00c55933) srl     s2, a0, a2
core   0: 3 0x80004c74 (0x00c55933) x18 0x00000000
core   0: 0x80004c78 (0x00076433) or      s0, a4, zero
core   0: 3 0x80004c78 (0x00076433) x 8 0x80018ce4
core   0: 0x80004c7c (0x03d52c33) mulhsu  s8, a0, t4
core   0: 3 0x80004c7c (0x03d52c33) x24 0x00000000
core   0: 0x80004c80 (0x0366f3b3) remu    t2, a3, s6
core   0: 3 0x80004c80 (0x0366f3b3) x 7 0x000003ff
core   0: 0x80004c84 (0x416e0133) sub     sp, t3, s6
core   0: 3 0x80004c84 (0x416e0133) x 2 0x00000000
core   0: 0x80004c88 (0x00000013) nop
core   0: 3 0x80004c88 (0x00000013)
core   0: 0x80004c8c (0xf5766413) ori     s0, a2, -169
core   0: 3 0x80004c8c (0xf5766413) x 8 0xffffffdf
core   0: 0x80004c90 (0x01c48e33) add     t3, s1, t3
core   0: 3 0x80004c90 (0x01c48e33) x28 0x0000078d
core   0: 0x80004c94 (0x001591b3) sll     gp, a1, ra
core   0: 3 0x80004c94 (0x001591b3) x 3 0x00000000
core   0: 0x80004c98 (0x01d5ef33) or      t5, a1, t4
core   0: 3 0x80004c98 (0x01d5ef33) x30 0x627e9b3f
core   0: 0x80004c9c (0x006f9633) sll     a2, t6, t1
core   0: 3 0x80004c9c (0x006f9633) x12 0xffffffc0
core   0: 0x80004ca0 (0x20e4b113) sltiu   sp, s1, 526
core   0: 3 0x80004ca0 (0x20e4b113) x 2 0x00000000
core   0: 0x80004ca4 (0x66d44f37) lui     t5, 0x66d44
core   0: 3 0x80004ca4 (0x66d44f37) x30 0x66d44000
core   0: 0x80004ca8 (0x011ac7b3) xor     a5, s5, a7
core   0: 3 0x80004ca8 (0x011ac7b3) x15 0x627e9bad
core   0: 0x80004cac (0x41f653b3) sra     t2, a2, t6
core   0: 3 0x80004cac (0x41f653b3) x 7 0xffffffc0
core   0: 0x80004cb0 (0x017c8a33) add     s4, s9, s7
core   0: 3 0x80004cb0 (0x017c8a33) x20 0x9d36efc2
core   0: 0x80004cb4 (0x00700f33) add     t5, zero, t2
core   0: 3 0x80004cb4 (0x00700f33) x30 0xffffffc0
core   0: 0x80004cb8 (0x63200993) li      s3, 1586
core   0: 3 0x80004cb8 (0x63200993) x19 0x00000632
core   0: 0x80004cbc (0x01c95513) srli    a0, s2, 28
core   0: 3 0x80004cbc (0x01c95513) x10 0x00000000
core   0: 0x80004cc0 (0x026b95b3) mulh    a1, s7, t1
core   0: 3 0x80004cc0 (0x026b95b3) x11 0x00000000
core   0: 0x80004cc4 (0x00440033) add     zero, s0, tp
core   0: 3 0x80004cc4 (0x00440033)
core   0: 0x80004cc8 (0x0a1ae637) lui     a2, 0xa1ae
core   0: 3 0x80004cc8 (0x0a1ae637) x12 0x0a1ae000
core   0: 0x80004ccc (0x01946633) or      a2, s0, s9
core   0: 3 0x80004ccc (0x01946633) x12 0xffffffdf
core   0: 0x80004cd0 (0x403ad513) srai    a0, s5, 3
core   0: 3 0x80004cd0 (0x403ad513) x10 0x00000000
core   0: 0x80004cd4 (0xcf39bf93) sltiu   t6, s3, -781
core   0: 3 0x80004cd4 (0xcf39bf93) x31 0x00000001
core   0: 0x80004cd8 (0x414ada33) sra     s4, s5, s4
core   0: 3 0x80004cd8 (0x414ada33) x20 0x00000000
core   0: 0x80004cdc (0x0273b7b3) mulhu   a5, t2, t2
core   0: 3 0x80004cdc (0x0273b7b3) x15 0xffffff80
core   0: 0x80004ce0 (0x039978b3) remu    a7, s2, s9
core   0: 3 0x80004ce0 (0x039978b3) x17 0x00000000
core   0: 0x80004ce4 (0x0346c9b3) div     s3, a3, s4
core   0: 3 0x80004ce4 (0x0346c9b3) x19 0xffffffff
core   0: 0x80004ce8 (0x00211213) slli    tp, sp, 2
core   0: 3 0x80004ce8 (0x00211213) x 4 0x00000000
core   0: 0x80004cec (0x01fa3f33) sltu    t5, s4, t6
core   0: 3 0x80004cec (0x01fa3f33) x30 0x00000001
core   0: 0x80004cf0 (0x00b7a5b3) slt     a1, a5, a1
core   0: 3 0x80004cf0 (0x00b7a5b3) x11 0x00000001
core   0: 0x80004cf4 (0x03cc5d33) divu    s10, s8, t3
core   0: 3 0x80004cf4 (0x03cc5d33) x26 0x00000000
core   0: 0x80004cf8 (0x02599fb3) mulh    t6, s3, t0
core   0: 3 0x80004cf8 (0x02599fb3) x31 0xffffffff
core   0: 0x80004cfc (0xdfe4c0b7) lui     ra, 0xdfe4c
core   0: 3 0x80004cfc (0xdfe4c0b7) x 1 0xdfe4c000
core   0: 0x80004d00 (0xe29a4413) xori    s0, s4, -471
core   0: 3 0x80004d00 (0xe29a4413) x 8 0xfffffe29
core   0: 0x80004d04 (0x01c6fcb3) and     s9, a3, t3
core   0: 3 0x80004d04 (0x01c6fcb3) x25 0x0000038d
core   0: 0x80004d08 (0xe8ac6113) ori     sp, s8, -374
core   0: 3 0x80004d08 (0xe8ac6113) x 2 0xfffffe8a
core   0: 0x80004d0c (0x0154d3b3) srl     t2, s1, s5
core   0: 3 0x80004d0c (0x0154d3b3) x 7 0x000003c6
core   0: 0x80004d10 (0x50acb393) sltiu   t2, s9, 1290
core   0: 3 0x80004d10 (0x50acb393) x 7 0x00000001
core   0: 0x80004d14 (0x00534fb3) xor     t6, t1, t0
core   0: 3 0x80004d14 (0x00534fb3) x31 0x00000002
core   0: 0x80004d18 (0x03bfa3b3) mulhsu  t2, t6, s11
core   0: 3 0x80004d18 (0x03bfa3b3) x 7 0x00000000
core   0: 0x80004d1c (0x0188d233) srl     tp, a7, s8
core   0: 3 0x80004d1c (0x0188d233) x 4 0x00000000
core   0: 0x80004d20 (0xb6507193) andi    gp, zero, -1179
core   0: 3 0x80004d20 (0xb6507193) x 3 0x00000000
core   0: 0x80004d24 (0x02899e33) mulh    t3, s3, s0
core   0: 3 0x80004d24 (0x02899e33) x28 0x00000000
core   0: 0x80004d28 (0x0103d193) srli    gp, t2, 16
core   0: 3 0x80004d28 (0x0103d193) x 3 0x00000000
core   0: 0x80004d2c (0x02b78333) mul     t1, a5, a1
core   0: 3 0x80004d2c (0x02b78333) x 6 0xffffff80
core   0: 0x80004d30 (0x026373b3) remu    t2, t1, t1
core   0: 3 0x80004d30 (0x026373b3) x 7 0x00000000
core   0: 0x80004d34 (0x03353ab3) mulhu   s5, a0, s3
core   0: 3 0x80004d34 (0x03353ab3) x21 0x00000000
core   0: 0x80004d38 (0x024bbcb3) mulhu   s9, s7, tp
core   0: 3 0x80004d38 (0x024bbcb3) x25 0x00000000
core   0: 0x80004d3c (0x00781913) slli    s2, a6, 7
core   0: 3 0x80004d3c (0x00781913) x18 0x00a73200
core   0: 0x80004d40 (0x07f2dfb7) lui     t6, 0x7f2d
core   0: 3 0x80004d40 (0x07f2dfb7) x31 0x07f2d000
core   0: 0x80004d44 (0x08f1e1b7) lui     gp, 0x8f1e
core   0: 3 0x80004d44 (0x08f1e1b7) x 3 0x08f1e000
core   0: 0x80004d48 (0x019891b3) sll     gp, a7, s9
core   0: 3 0x80004d48 (0x019891b3) x 3 0x00000000
core   0: 0x80004d4c (0x40b60b33) sub     s6, a2, a1
core   0: 3 0x80004d4c (0x40b60b33) x22 0xffffffde
core   0: 0x80004d50 (0x3fbb2393) slti    t2, s6, 1019
core   0: 3 0x80004d50 (0x3fbb2393) x 7 0x00000001
core   0: 0x80004d54 (0x00f71f13) slli    t5, a4, 15
core   0: 3 0x80004d54 (0x00f71f13) x30 0xc6720000
core   0: 0x80004d58 (0x01d8ba33) sltu    s4, a7, t4
core   0: 3 0x80004d58 (0x01d8ba33) x20 0x00000001
core   0: 0x80004d5c (0x033483b3) mul     t2, s1, s3
core   0: 3 0x80004d5c (0x033483b3) x 7 0xfffff873
core   0: 0x80004d60 (0x28df7913) andi    s2, t5, 653
core   0: 3 0x80004d60 (0x28df7913) x18 0x00000000
core   0: 0x80004d64 (0x03f20033) mul     zero, tp, t6
core   0: 3 0x80004d64 (0x03f20033)
core   0: 0x80004d68 (0x0366cfb3) div     t6, a3, s6
core   0: 3 0x80004d68 (0x0366cfb3) x31 0xffffffe2
core   0: 0x80004d6c (0x00553cb3) sltu    s9, a0, t0
core   0: 3 0x80004d6c (0x00553cb3) x25 0x00000001
core   0: 0x80004d70 (0x411280b3) sub     ra, t0, a7
core   0: 3 0x80004d70 (0x411280b3) x 1 0x00000002
core   0: 0x80004d74 (0x0cf26593) ori     a1, tp, 207
core   0: 3 0x80004d74 (0x0cf26593) x11 0x000000cf
core   0: 0x80004d78 (0x03c275b3) remu    a1, tp, t3
core   0: 3 0x80004d78 (0x03c275b3) x11 0x00000000
core   0: 0x80004d7c (0x0269dfb3) divu    t6, s3, t1
core   0: 3 0x80004d7c (0x0269dfb3) x31 0x00000001
core   0: 0x80004d80 (0x02fa99b3) mulh    s3, s5, a5
core   0: 3 0x80004d80 (0x02fa99b3) x19 0x00000000
core   0: 0x80004d84 (0x026a10b3) mulh    ra, s4, t1
core   0: 3 0x80004d84 (0x026a10b3) x 1 0xffffffff
core   0: 0x80004d88 (0x2fdd7f97) auipc   t6, 0x2fdd7
core   0: 3 0x80004d88 (0x2fdd7f97) x31 0xafddbd88
core   0: 0x80004d8c (0xcc6b2a93) slti    s5, s6, -826
core   0: 3 0x80004d8c (0xcc6b2a93) x21 0x00000000
core   0: 0x80004d90 (0x010463b3) or      t2, s0, a6
core   0: 3 0x80004d90 (0x010463b3) x 7 0xfffffe6d
core   0: 0x80004d94 (0x032c8fb3) mul     t6, s9, s2
core   0: 3 0x80004d94 (0x032c8fb3) x31 0x00000000
core   0: 0x80004d98 (0x018daa33) slt     s4, s11, s8
core   0: 3 0x80004d98 (0x018daa33) x20 0x00000000
core   0: 0x80004d9c (0x00bfd493) srli    s1, t6, 11
core   0: 3 0x80004d9c (0x00bfd493) x 9 0x00000000
core   0: 0x80004da0 (0x028979b3) remu    s3, s2, s0
core   0: 3 0x80004da0 (0x028979b3) x19 0x00000000
core   0: 0x80004da4 (0x66292913) slti    s2, s2, 1634
core   0: 3 0x80004da4 (0x66292913) x18 0x00000001
core   0: 0x80004da8 (0x032bc033) div     zero, s7, s2
core   0: 3 0x80004da8 (0x032bc033)
core   0: 0x80004dac (0x005ac333) xor     t1, s5, t0
core   0: 3 0x80004dac (0x005ac333) x 6 0x00000002
core   0: 0x80004db0 (0x003fd993) srli    s3, t6, 3
core   0: 3 0x80004db0 (0x003fd993) x19 0x00000000
core   0: 0x80004db4 (0xa5b76f93) ori     t6, a4, -1445
core   0: 3 0x80004db4 (0xa5b76f93) x31 0xfffffeff
core   0: 0x80004db8 (0x00359c33) sll     s8, a1, gp
core   0: 3 0x80004db8 (0x00359c33) x24 0x00000000
core   0: 0x80004dbc (0x5ddacd13) xori    s10, s5, 1501
core   0: 3 0x80004dbc (0x5ddacd13) x26 0x000005dd
core   0: 0x80004dc0 (0x0108d593) srli    a1, a7, 16
core   0: 3 0x80004dc0 (0x0108d593) x11 0x00000000
core   0: 0x80004dc4 (0x02ad5133) divu    sp, s10, a0
core   0: 3 0x80004dc4 (0x02ad5133) x 2 0xffffffff
core   0: 0x80004dc8 (0x01e26033) or      zero, tp, t5
core   0: 3 0x80004dc8 (0x01e26033)
core   0: 0x80004dcc (0x87584b13) xori    s6, a6, -1931
core   0: 3 0x80004dcc (0x87584b13) x22 0x7ffeb611
core   0: 0x80004dd0 (0x01c04233) xor     tp, zero, t3
core   0: 3 0x80004dd0 (0x01c04233) x 4 0x00000000
core   0: 0x80004dd4 (0x00000013) nop
core   0: 3 0x80004dd4 (0x00000013)
core   0: 0x80004dd8 (0x416cdb13) srai    s6, s9, 22
core   0: 3 0x80004dd8 (0x416cdb13) x22 0x00000000
core   0: 0x80004ddc (0xd392c513) xori    a0, t0, -711
core   0: 3 0x80004ddc (0xd392c513) x10 0xfffffd3b
core   0: 0x80004de0 (0x02dacb33) div     s6, s5, a3
core   0: 3 0x80004de0 (0x02dacb33) x22 0x00000000
core   0: 0x80004de4 (0x36524617) auipc   a2, 0x36524
core   0: 3 0x80004de4 (0x36524617) x12 0xb6528de4
core   0: 0x80004de8 (0x03c83bb3) mulhu   s7, a6, t3
core   0: 3 0x80004de8 (0x03c83bb3) x23 0x00000000
core   0: 0x80004dec (0x41a8d193) srai    gp, a7, 26
core   0: 3 0x80004dec (0x41a8d193) x 3 0x00000000
core   0: 0x80004df0 (0x02202533) mulhsu  a0, zero, sp
core   0: 3 0x80004df0 (0x02202533) x10 0x00000000
core   0: 0x80004df4 (0x796fc517) auipc   a0, 0x796fc
core   0: 3 0x80004df4 (0x796fc517) x10 0xf9700df4
core   0: 0x80004df8 (0x9520c393) xori    t2, ra, -1710
core   0: 3 0x80004df8 (0x9520c393) x 7 0x000006ad
core   0: 0x80004dfc (0xd74d1d17) auipc   s10, 0xd74d1
core   0: 3 0x80004dfc (0xd74d1d17) x26 0x574d5dfc
core   0: 0x80004e00 (0xc6bab313) sltiu   t1, s5, -917
core   0: 3 0x80004e00 (0xc6bab313) x 6 0x00000001
core   0: 0x80004e04 (0xc79cce93) xori    t4, s9, -903
core   0: 3 0x80004e04 (0xc79cce93) x29 0xfffffc78
core   0: 0x80004e08 (0x98e57213) andi    tp, a0, -1650
core   0: 3 0x80004e08 (0x98e57213) x 4 0xf9700984
core   0: 0x80004e0c (0x0350cab3) div     s5, ra, s5
core   0: 3 0x80004e0c (0x0350cab3) x21 0xffffffff
core   0: 0x80004e10 (0x000d5a33) srl     s4, s10, zero
core   0: 3 0x80004e10 (0x000d5a33) x20 0x574d5dfc
core   0: 0x80004e14 (0x01bfba33) sltu    s4, t6, s11
core   0: 3 0x80004e14 (0x01bfba33) x20 0x00000000
core   0: 0x80004e18 (0x03a45233) divu    tp, s0, s10
core   0: 3 0x80004e18 (0x03a45233) x 4 0x00000002
core   0: 0x80004e1c (0x02d94233) div     tp, s2, a3
core   0: 3 0x80004e1c (0x02d94233) x 4 0x00000000
core   0: 0x80004e20 (0x575f4e13) xori    t3, t5, 1397
core   0: 3 0x80004e20 (0x575f4e13) x28 0xc6720575
core   0: 0x80004e24 (0x27943e13) sltiu   t3, s0, 633
core   0: 3 0x80004e24 (0x27943e13) x28 0x00000000
core   0: 0x80004e28 (0x52923693) sltiu   a3, tp, 1321
core   0: 3 0x80004e28 (0x52923693) x13 0x00000001
core   0: 0x80004e2c (0x01471c13) slli    s8, a4, 20
core   0: 3 0x80004e2c (0x01471c13) x24 0xce400000
core   0: 0x80004e30 (0x00195c93) srli    s9, s2, 1
core   0: 3 0x80004e30 (0x00195c93) x25 0x00000000
core   0: 0x80004e34 (0x4bfb2b37) lui     s6, 0x4bfb2
core   0: 3 0x80004e34 (0x4bfb2b37) x22 0x4bfb2000
core   0: 0x80004e38 (0x0042d013) srli    zero, t0, 4
core   0: 3 0x80004e38 (0x0042d013)
core   0: 0x80004e3c (0x00235493) srli    s1, t1, 2
core   0: 3 0x80004e3c (0x00235493) x 9 0x00000000
core   0: 0x80004e40 (0x0075ea33) or      s4, a1, t2
core   0: 3 0x80004e40 (0x0075ea33) x20 0x000006ad
core   0: 0x80004e44 (0x01ececb3) or      s9, s9, t5
core   0: 3 0x80004e44 (0x01ececb3) x25 0xc6720000
core   0: 0x80004e48 (0x02fc9a33) mulh    s4, s9, a5
core   0: 3 0x80004e48 (0x02fc9a33) x20 0x0000001c
core   0: 0x80004e4c (0x89feb513) sltiu   a0, t4, -1889
core   0: 3 0x80004e4c (0x89feb513) x10 0x00000000
core   0: 0x80004e50 (0x414c8e33) sub     t3, s9, s4
core   0: 3 0x80004e50 (0x414c8e33) x28 0xc671ffe4
core   0: 0x80004e54 (0x982ba593) slti    a1, s7, -1662
core   0: 3 0x80004e54 (0x982ba593) x11 0x00000000
core   0: 0x80004e58 (0x00816033) or      zero, sp, s0
core   0: 3 0x80004e58 (0x00816033)
core   0: 0x80004e5c (0x006ae233) or      tp, s5, t1
core   0: 3 0x80004e5c (0x006ae233) x 4 0xffffffff
core   0: 0x80004e60 (0x40435fb3) sra     t6, t1, tp
core   0: 3 0x80004e60 (0x40435fb3) x31 0x00000000
core   0: 0x80004e64 (0x02d98b33) mul     s6, s3, a3
core   0: 3 0x80004e64 (0x02d98b33) x22 0x00000000
core   0: 0x80004e68 (0x5c2a4b17) auipc   s6, 0x5c2a4
core   0: 3 0x80004e68 (0x5c2a4b17) x22 0xdc2a8e68
core   0: 0x80004e6c (0xb96ba213) slti    tp, s7, -1130
core   0: 3 0x80004e6c (0xb96ba213) x 4 0x00000000
core   0: 0x80004e70 (0x02b4d4b3) divu    s1, s1, a1
core   0: 3 0x80004e70 (0x02b4d4b3) x 9 0xffffffff
core   0: 0x80004e74 (0x02177eb3) remu    t4, a4, ra
core   0: 3 0x80004e74 (0x02177eb3) x29 0x80018ce4
core   0: 0x80004e78 (0xe5ad3693) sltiu   a3, s10, -422
core   0: 3 0x80004e78 (0xe5ad3693) x13 0x00000001
core   0: 0x80004e7c (0x00621233) sll     tp, tp, t1
core   0: 3 0x80004e7c (0x00621233) x 4 0x00000000
core   0: 0x80004e80 (0x00ab0f33) add     t5, s6, a0
core   0: 3 0x80004e80 (0x00ab0f33) x30 0xdc2a8e68
core   0: 0x80004e84 (0x015d54b3) srl     s1, s10, s5
core   0: 3 0x80004e84 (0x015d54b3) x 9 0x00000000
core   0: 0x80004e88 (0x2b9aae37) lui     t3, 0x2b9aa
core   0: 3 0x80004e88 (0x2b9aae37) x28 0x2b9aa000
core   0: 0x80004e8c (0xfb16b0b7) lui     ra, 0xfb16b
core   0: 3 0x80004e8c (0xfb16b0b7) x 1 0xfb16b000
core   0: 0x80004e90 (0x034f3fb3) mulhu   t6, t5, s4
core   0: 3 0x80004e90 (0x034f3fb3) x31 0x00000018
core   0: 0x80004e94 (0x02f0e7b3) rem     a5, ra, a5
core   0: 3 0x80004e94 (0x02f0e7b3) x15 0x00000000
core   0: 0x80004e98 (0x010402b3) add     t0, s0, a6
core   0: 3 0x80004e98 (0x010402b3) x 5 0x80014c8d
core   0: 0x80004e9c (0xc9f10e13) addi    t3, sp, -865
core   0: 3 0x80004e9c (0xc9f10e13) x28 0xfffffc9e
core   0: 0x80004ea0 (0xa5647413) andi    s0, s0, -1450
core   0: 3 0x80004ea0 (0xa5647413) x 8 0xfffffa00
core   0: 0x80004ea4 (0x00000013) nop
core   0: 3 0x80004ea4 (0x00000013)
core   0: 0x80004ea8 (0x02625433) divu    s0, tp, t1
core   0: 3 0x80004ea8 (0x02625433) x 8 0x00000000
core   0: 0x80004eac (0x002a29b3) slt     s3, s4, sp
core   0: 3 0x80004eac (0x002a29b3) x19 0x00000000
core   0: 0x80004eb0 (0x414f5b33) sra     s6, t5, s4
core   0: 3 0x80004eb0 (0x414f5b33) x22 0xfffffffd
core   0: 0x80004eb4 (0x00ca1313) slli    t1, s4, 12
core   0: 3 0x80004eb4 (0x00ca1313) x 6 0x0001c000
core   0: 0x80004eb8 (0x0257bab3) mulhu   s5, a5, t0
core   0: 3 0x80004eb8 (0x0257bab3) x21 0x00000000
core   0: 0x80004ebc (0x028126b3) mulhsu  a3, sp, s0
core   0: 3 0x80004ebc (0x028126b3) x13 0x00000000
core   0: 0x80004ec0 (0x0272d2b3) divu    t0, t0, t2
core   0: 3 0x80004ec0 (0x0272d2b3) x 5 0x00132caf
core   0: 0x80004ec4 (0x40e2d913) srai    s2, t0, 14
core   0: 3 0x80004ec4 (0x40e2d913) x18 0x0000004c
core   0: 0x80004ec8 (0x02351b33) mulh    s6, a0, gp
core   0: 3 0x80004ec8 (0x02351b33) x22 0x00000000
core   0: 0x80004ecc (0x02d77cb3) remu    s9, a4, a3
core   0: 3 0x80004ecc (0x02d77cb3) x25 0x80018ce4
core   0: 0x80004ed0 (0x03bbeab3) rem     s5, s7, s11
core   0: 3 0x80004ed0 (0x03bbeab3) x21 0x00000000
core   0: 0x80004ed4 (0x03b026b3) mulhsu  a3, zero, s11
core   0: 3 0x80004ed4 (0x03b026b3) x13 0x00000000
core   0: 0x80004ed8 (0x85669a37) lui     s4, 0x85669
core   0: 3 0x80004ed8 (0x85669a37) x20 0x85669000
core   0: 0x80004edc (0x019fbb33) sltu    s6, t6, s9
core   0: 3 0x80004edc (0x019fbb33) x22 0x00000001
core   0: 0x80004ee0 (0x032efbb3) remu    s7, t4, s2
core   0: 3 0x80004ee0 (0x032efbb3) x23 0x00000034
core   0: 0x80004ee4 (0x257d6d13) ori     s10, s10, 599
core   0: 3 0x80004ee4 (0x257d6d13) x26 0x574d5fff
core   0: 0x80004ee8 (0x00597133) and     sp, s2, t0
core   0: 3 0x80004ee8 (0x00597133) x 2 0x0000000c
core   0: 0x80004eec (0xb43cb013) sltiu   zero, s9, -1213
core   0: 3 0x80004eec (0xb43cb013)
core   0: 0x80004ef0 (0x00febbb3) sltu    s7, t4, a5
core   0: 3 0x80004ef0 (0x00febbb3) x23 0x00000000
core   0: 0x80004ef4 (0x012ade13) srli    t3, s5, 18
core   0: 3 0x80004ef4 (0x012ade13) x28 0x00000000
core   0: 0x80004ef8 (0x0141cbb3) xor     s7, gp, s4
core   0: 3 0x80004ef8 (0x0141cbb3) x23 0x85669000
core   0: 0x80004efc (0x036b27b3) mulhsu  a5, s6, s6
core   0: 3 0x80004efc (0x036b27b3) x15 0x00000000
core   0: 0x80004f00 (0x001e9fb3) sll     t6, t4, ra
core   0: 3 0x80004f00 (0x001e9fb3) x31 0x80018ce4
core   0: 0x80004f04 (0x8ee5bf97) auipc   t6, 0x8ee5b
core   0: 3 0x80004f04 (0x8ee5bf97) x31 0x0ee5ff04
core   0: 0x80004f08 (0x40d1d893) srai    a7, gp, 13
core   0: 3 0x80004f08 (0x40d1d893) x17 0x00000000
core   0: 0x80004f0c (0x03d45fb3) divu    t6, s0, t4
core   0: 3 0x80004f0c (0x03d45fb3) x31 0x00000000
core   0: 0x80004f10 (0x0053b633) sltu    a2, t2, t0
core   0: 3 0x80004f10 (0x0053b633) x12 0x00000001
core   0: 0x80004f14 (0x09b44c13) xori    s8, s0, 155
core   0: 3 0x80004f14 (0x09b44c13) x24 0x0000009b
core   0: 0x80004f18 (0x6f48cb13) xori    s6, a7, 1780
core   0: 3 0x80004f18 (0x6f48cb13) x22 0x000006f4
core   0: 0x80004f1c (0x02f2e933) rem     s2, t0, a5
core   0: 3 0x80004f1c (0x02f2e933) x18 0x00132caf
core   0: 0x80004f20 (0x03cf02b3) mul     t0, t5, t3
core   0: 3 0x80004f20 (0x03cf02b3) x 5 0x00000000
core   0: 0x80004f24 (0x0218c433) div     s0, a7, ra
core   0: 3 0x80004f24 (0x0218c433) x 8 0x00000000
core   0: 0x80004f28 (0x003da933) slt     s2, s11, gp
core   0: 3 0x80004f28 (0x003da933) x18 0x00000000
core   0: 0x80004f2c (0x02dea933) mulhsu  s2, t4, a3
core   0: 3 0x80004f2c (0x02dea933) x18 0x00000000
core   0: 0x80004f30 (0x007c2f33) slt     t5, s8, t2
core   0: 3 0x80004f30 (0x007c2f33) x30 0x00000001
core   0: 0x80004f34 (0x01b270b3) and     ra, tp, s11
core   0: 3 0x80004f34 (0x01b270b3) x 1 0x00000000
core   0: 0x80004f38 (0x01b346b3) xor     a3, t1, s11
core   0: 3 0x80004f38 (0x01b346b3) x13 0x0001c007
core   0: 0x80004f3c (0x029f53b3) divu    t2, t5, s1
core   0: 3 0x80004f3c (0x029f53b3) x 7 0xffffffff
core   0: 0x80004f40 (0x5f23cb93) xori    s7, t2, 1522
core   0: 3 0x80004f40 (0x5f23cb93) x23 0xfffffa0d
core   0: 0x80004f44 (0x03c45f33) divu    t5, s0, t3
core   0: 3 0x80004f44 (0x03c45f33) x30 0xffffffff
core   0: 0x80004f48 (0xb4b67a93) andi    s5, a2, -1205
core   0: 3 0x80004f48 (0xb4b67a93) x21 0x00000001
core   0: 0x80004f4c (0x00e515b3) sll     a1, a0, a4
core   0: 3 0x80004f4c (0x00e515b3) x11 0x00000000
core   0: 0x80004f50 (0x9d359337) lui     t1, 0x9d359
core   0: 3 0x80004f50 (0x9d359337) x 6 0x9d359000
core   0: 0x80004f54 (0x419084b3) sub     s1, ra, s9
core   0: 3 0x80004f54 (0x419084b3) x 9 0x7ffe731c
core   0: 0x80004f58 (0xf8aa3113) sltiu   sp, s4, -118
core   0: 3 0x80004f58 (0xf8aa3113) x 2 0x00000001
core   0: 0x80004f5c (0xa0bdf637) lui     a2, 0xa0bdf
core   0: 3 0x80004f5c (0xa0bdf637) x12 0xa0bdf000
core   0: 0x80004f60 (0x4081ce93) xori    t4, gp, 1032
core   0: 3 0x80004f60 (0x4081ce93) x29 0x00000408
core   0: 0x80004f64 (0x411284b3) sub     s1, t0, a7
core   0: 3 0x80004f64 (0x411284b3) x 9 0x00000000
core   0: 0x80004f68 (0x407383b3) sub     t2, t2, t2
core   0: 3 0x80004f68 (0x407383b3) x 7 0x00000000
core   0: 0x80004f6c (0x0109f133) and     sp, s3, a6
core   0: 3 0x80004f6c (0x0109f133) x 2 0x00000000
core   0: 0x80004f70 (0x01de7533) and     a0, t3, t4
core   0: 3 0x80004f70 (0x01de7533) x10 0x00000000
core   0: 0x80004f74 (0x0075dbb3) srl     s7, a1, t2
core   0: 3 0x80004f74 (0x0075dbb3) x23 0x00000000
core   0: 0x80004f78 (0x036ca593) slti    a1, s9, 54
core   0: 3 0x80004f78 (0x036ca593) x11 0x00000001
core   0: 0x80004f7c (0x017260b3) or      ra, tp, s7
core   0: 3 0x80004f7c (0x017260b3) x 1 0x00000000
core   0: 0x80004f80 (0x00b41013) slli    zero, s0, 11
core   0: 3 0x80004f80 (0x00b41013)
core   0: 0x80004f84 (0x00000013) nop
core   0: 3 0x80004f84 (0x00000013)
core   0: 0x80004f88 (0x40addfb3) sra     t6, s11, a0
core   0: 3 0x80004f88 (0x40addfb3) x31 0x00000007
core   0: 0x80004f8c (0x006f6c33) or      s8, t5, t1
core   0: 3 0x80004f8c (0x006f6c33) x24 0xffffffff
core   0: 0x80004f90 (0x01115893) srli    a7, sp, 17
core   0: 3 0x80004f90 (0x01115893) x17 0x00000000
core   0: 0x80004f94 (0x0317fb33) remu    s6, a5, a7
core   0: 3 0x80004f94 (0x0317fb33) x22 0x00000000
core   0: 0x80004f98 (0x003261b3) or      gp, tp, gp
core   0: 3 0x80004f98 (0x003261b3) x 3 0x00000000
core   0: 0x80004f9c (0x5f5a4493) xori    s1, s4, 1525
core   0: 3 0x80004f9c (0x5f5a4493) x 9 0x856695f5
core   0: 0x80004fa0 (0x01883f33) sltu    t5, a6, s8
core   0: 3 0x80004fa0 (0x01883f33) x30 0x00000001
core   0: 0x80004fa4 (0x00159593) slli    a1, a1, 1
core   0: 3 0x80004fa4 (0x00159593) x11 0x00000002
core   0: 0x80004fa8 (0x40905333) sra     t1, zero, s1
core   0: 3 0x80004fa8 (0x40905333) x 6 0x00000000
core   0: 0x80004fac (0x0243a6b3) mulhsu  a3, t2, tp
core   0: 3 0x80004fac (0x0243a6b3) x13 0x00000000
core   0: 0x80004fb0 (0x0055f0b3) and     ra, a1, t0
core   0: 3 0x80004fb0 (0x0055f0b3) x 1 0x00000000
core   0: 0x80004fb4 (0x00025893) srli    a7, tp, 0
core   0: 3 0x80004fb4 (0x00025893) x17 0x00000000
core   0: 0x80004fb8 (0x1346a5b7) lui     a1, 0x1346a
core   0: 3 0x80004fb8 (0x1346a5b7) x11 0x1346a000
core   0: 0x80004fbc (0x410680b3) sub     ra, a3, a6
core   0: 3 0x80004fbc (0x410680b3) x 1 0x7ffeb19c
core   0: 0x80004fc0 (0xd2b24e13) xori    t3, tp, -725
core   0: 3 0x80004fc0 (0xd2b24e13) x28 0xfffffd2b
core   0: 0x80004fc4 (0x00000013) nop
core   0: 3 0x80004fc4 (0x00000013)
core   0: 0x80004fc8 (0x03bc4ab3) div     s5, s8, s11
core   0: 3 0x80004fc8 (0x03bc4ab3) x21 0x00000000
core   0: 0x80004fcc (0x006c5693) srli    a3, s8, 6
core   0: 3 0x80004fcc (0x006c5693) x13 0x03ffffff
core   0: 0x80004fd0 (0x00695b33) srl     s6, s2, t1
core   0: 3 0x80004fd0 (0x00695b33) x22 0x00000000
core   0: 0x80004fd4 (0x0058e8b3) or      a7, a7, t0
core   0: 3 0x80004fd4 (0x0058e8b3) x17 0x00000000
core   0: 0x80004fd8 (0x40be5793) srai    a5, t3, 11
core   0: 3 0x80004fd8 (0x40be5793) x15 0xffffffff
core   0: 0x80004fdc (0x41ee8633) sub     a2, t4, t5
core   0: 3 0x80004fdc (0x41ee8633) x12 0x00000407
core   0: 0x80004fe0 (0x02a3fd33) remu    s10, t2, a0
core   0: 3 0x80004fe0 (0x02a3fd33) x26 0x00000000
core   0: 0x80004fe4 (0x8df9b313) sltiu   t1, s3, -1825
core   0: 3 0x80004fe4 (0x8df9b313) x 6 0x00000001
core   0: 0x80004fe8 (0x0288f633) remu    a2, a7, s0
core   0: 3 0x80004fe8 (0x0288f633) x12 0x00000000
core   0: 0x80004fec (0x00000013) nop
core   0: 3 0x80004fec (0x00000013)
core   0: 0x80004ff0 (0x02fd9fb3) mulh    t6, s11, a5
core   0: 3 0x80004ff0 (0x02fd9fb3) x31 0xffffffff
core   0: 0x80004ff4 (0x020b00b3) mul     ra, s6, zero
core   0: 3 0x80004ff4 (0x020b00b3) x 1 0x00000000
core   0: 0x80004ff8 (0x00483313) sltiu   t1, a6, 4
core   0: 3 0x80004ff8 (0x00483313) x 6 0x00000000
core   0: 0x80004ffc (0x01909913) slli    s2, ra, 25
core   0: 3 0x80004ffc (0x01909913) x18 0x00000000
core   0: 0x80005000 (0x6e7b3c13) sltiu   s8, s6, 1767
core   0: 3 0x80005000 (0x6e7b3c13) x24 0x00000001
core   0: 0x80005004 (0x0128ec33) or      s8, a7, s2
core   0: 3 0x80005004 (0x0128ec33) x24 0x00000000
core   0: 0x80005008 (0x032f7333) remu    t1, t5, s2
core   0: 3 0x80005008 (0x032f7333) x 6 0x00000001
core   0: 0x8000500c (0x0ad6c413) xori    s0, a3, 173
core   0: 3 0x8000500c (0x0ad6c413) x 8 0x03ffff52
core   0: 0x80005010 (0x013fe533) or      a0, t6, s3
core   0: 3 0x80005010 (0x013fe533) x10 0xffffffff
core   0: 0x80005014 (0xb419acb7) lui     s9, 0xb419a
core   0: 3 0x80005014 (0xb419acb7) x25 0xb419a000
core   0: 0x80005018 (0x025d50b3) divu    ra, s10, t0
core   0: 3 0x80005018 (0x025d50b3) x 1 0xffffffff
core   0: 0x8000501c (0x025e34b3) mulhu   s1, t3, t0
core   0: 3 0x8000501c (0x025e34b3) x 9 0x00000000
core   0: 0x80005020 (0x03e5b8b3) mulhu   a7, a1, t5
core   0: 3 0x80005020 (0x03e5b8b3) x17 0x00000000
core   0: 0x80005024 (0xa285b893) sltiu   a7, a1, -1496
core   0: 3 0x80005024 (0xa285b893) x17 0x00000001
core   0: 0x80005028 (0x00288a33) add     s4, a7, sp
core   0: 3 0x80005028 (0x00288a33) x20 0x00000001
core   0: 0x8000502c (0xb4383f93) sltiu   t6, a6, -1213
core   0: 3 0x8000502c (0xb4383f93) x31 0x00000001
core   0: 0x80005030 (0x8fa78b13) addi    s6, a5, -1798
core   0: 3 0x80005030 (0x8fa78b13) x22 0xfffff8f9
core   0: 0x80005034 (0x033d7233) remu    tp, s10, s3
core   0: 3 0x80005034 (0x033d7233) x 4 0x00000000
core   0: 0x80005038 (0x41160b33) sub     s6, a2, a7
core   0: 3 0x80005038 (0x41160b33) x22 0xffffffff
core   0: 0x8000503c (0x01a9aeb3) slt     t4, s3, s10
core   0: 3 0x8000503c (0x01a9aeb3) x29 0x00000000
core   0: 0x80005040 (0x00000013) nop
core   0: 3 0x80005040 (0x00000013)
core   0: 0x80005044 (0x022f27b3) mulhsu  a5, t5, sp
core   0: 3 0x80005044 (0x022f27b3) x15 0x00000000
core   0: 0x80005048 (0x020f07b3) mul     a5, t5, zero
core   0: 3 0x80005048 (0x020f07b3) x15 0x00000000
core   0: 0x8000504c (0xffa3c893) xori    a7, t2, -6
core   0: 3 0x8000504c (0xffa3c893) x17 0xfffffffa
core   0: 0x80005050 (0x08313293) sltiu   t0, sp, 131
core   0: 3 0x80005050 (0x08313293) x 5 0x00000001
core   0: 0x80005054 (0x032e8133) mul     sp, t4, s2
core   0: 3 0x80005054 (0x032e8133) x 2 0x00000000
core   0: 0x80005058 (0x02685e33) divu    t3, a6, t1
core   0: 3 0x80005058 (0x02685e33) x28 0x80014e64
core   0: 0x8000505c (0x00193433) sltu    s0, s2, ra
core   0: 3 0x8000505c (0x00193433) x 8 0x00000001
core   0: 0x80005060 (0xf53df313) andi    t1, s11, -173
core   0: 3 0x80005060 (0xf53df313) x 6 0x00000003
core   0: 0x80005064 (0x038d26b3) mulhsu  a3, s10, s8
core   0: 3 0x80005064 (0x038d26b3) x13 0x00000000
core   0: 0x80005068 (0x03538433) mul     s0, t2, s5
core   0: 3 0x80005068 (0x03538433) x 8 0x00000000
core   0: 0x8000506c (0x41425f33) sra     t5, tp, s4
core   0: 3 0x8000506c (0x41425f33) x30 0x00000000
core   0: 0x80005070 (0x0022b633) sltu    a2, t0, sp
core   0: 3 0x80005070 (0x0022b633) x12 0x00000000
core   0: 0x80005074 (0x01862033) slt     zero, a2, s8
core   0: 3 0x80005074 (0x01862033)
core   0: 0x80005078 (0x021350b3) divu    ra, t1, ra
core   0: 3 0x80005078 (0x021350b3) x 1 0x00000000
core   0: 0x8000507c (0x0128d533) srl     a0, a7, s2
core   0: 3 0x8000507c (0x0128d533) x10 0xfffffffa
core   0: 0x80005080 (0x01b3b4b3) sltu    s1, t2, s11
core   0: 3 0x80005080 (0x01b3b4b3) x 9 0x00000001
core   0: 0x80005084 (0x01dfceb3) xor     t4, t6, t4
core   0: 3 0x80005084 (0x01dfceb3) x29 0x00000001
core   0: 0x80005088 (0x0118b1b3) sltu    gp, a7, a7
core   0: 3 0x80005088 (0x0118b1b3) x 3 0x00000000
core   0: 0x8000508c (0x02cebfb3) mulhu   t6, t4, a2
core   0: 3 0x8000508c (0x02cebfb3) x31 0x00000000
core   0: 0x80005090 (0xe20cfb93) andi    s7, s9, -480
core   0: 3 0x80005090 (0xe20cfb93) x23 0xb419a000
core   0: 0x80005094 (0x8cc6a6b7) lui     a3, 0x8cc6a
core   0: 3 0x80005094 (0x8cc6a6b7) x13 0x8cc6a000
core   0: 0x80005098 (0x09f4f617) auipc   a2, 0x9f4f
core   0: 3 0x80005098 (0x09f4f617) x12 0x89f54098
core   0: 0x8000509c (0x004a4f33) xor     t5, s4, tp
core   0: 3 0x8000509c (0x004a4f33) x30 0x00000001
core   0: 0x800050a0 (0xbd5dff93) andi    t6, s11, -1067
core   0: 3 0x800050a0 (0xbd5dff93) x31 0x00000005
core   0: 0x800050a4 (0xd75be793) ori     a5, s7, -651
core   0: 3 0x800050a4 (0xd75be793) x15 0xfffffd75
core   0: 0x800050a8 (0x4a64b217) auipc   tp, 0x4a64b
core   0: 3 0x800050a8 (0x4a64b217) x 4 0xca6500a8
core   0: 0x800050ac (0x0019ca33) xor     s4, s3, ra
core   0: 3 0x800050ac (0x0019ca33) x20 0x00000000
core   0: 0x800050b0 (0x016041b3) xor     gp, zero, s6
core   0: 3 0x800050b0 (0x016041b3) x 3 0xffffffff
core   0: 0x800050b4 (0x01840eb3) add     t4, s0, s8
core   0: 3 0x800050b4 (0x01840eb3) x29 0x00000000
core   0: 0x800050b8 (0x6d754493) xori    s1, a0, 1751
core   0: 3 0x800050b8 (0x6d754493) x 9 0xfffff92d
core   0: 0x800050bc (0x002c2233) slt     tp, s8, sp
core   0: 3 0x800050bc (0x002c2233) x 4 0x00000000
core   0: 0x800050c0 (0x01fec5b3) xor     a1, t4, t6
core   0: 3 0x800050c0 (0x01fec5b3) x11 0x00000005
core   0: 0x800050c4 (0x0031c1b3) xor     gp, gp, gp
core   0: 3 0x800050c4 (0x0031c1b3) x 3 0x00000000
core   0: 0x800050c8 (0x4dd20f93) addi    t6, tp, 1245
core   0: 3 0x800050c8 (0x4dd20f93) x31 0x000004dd
core   0: 0x800050cc (0xff712593) slti    a1, sp, -9
core   0: 3 0x800050cc (0xff712593) x11 0x00000000
core   0: 0x800050d0 (0x0229d033) divu    zero, s3, sp
core   0: 3 0x800050d0 (0x0229d033)
core   0: 0x800050d4 (0x005749b3) xor     s3, a4, t0
core   0: 3 0x800050d4 (0x005749b3) x19 0x80018ce5
core   0: 0x800050d8 (0x0185e633) or      a2, a1, s8
core   0: 3 0x800050d8 (0x0185e633) x12 0x00000000
core   0: 0x800050dc (0x03c3cb33) div     s6, t2, t3
core   0: 3 0x800050dc (0x03c3cb33) x22 0x00000000
core   0: 0x800050e0 (0x83ac2113) slti    sp, s8, -1990
core   0: 3 0x800050e0 (0x83ac2113) x 2 0x00000000
core   0: 0x800050e4 (0x03a12fb3) mulhsu  t6, sp, s10
core   0: 3 0x800050e4 (0x03a12fb3) x31 0x00000000
core   0: 0x800050e8 (0x007a8333) add     t1, s5, t2
core   0: 3 0x800050e8 (0x007a8333) x 6 0x00000000
core   0: 0x800050ec (0x009c1d33) sll     s10, s8, s1
core   0: 3 0x800050ec (0x009c1d33) x26 0x00000000
core   0: 0x800050f0 (0x037d6933) rem     s2, s10, s7
core   0: 3 0x800050f0 (0x037d6933) x18 0x00000000
core   0: 0x800050f4 (0x029bd7b3) divu    a5, s7, s1
core   0: 3 0x800050f4 (0x029bd7b3) x15 0x00000000
core   0: 0x800050f8 (0x77c1af93) slti    t6, gp, 1916
core   0: 3 0x800050f8 (0x77c1af93) x31 0x00000001
core   0: 0x800050fc (0x02307633) remu    a2, zero, gp
core   0: 3 0x800050fc (0x02307633) x12 0x00000000
core   0: 0x80005100 (0x024e6a33) rem     s4, t3, tp
core   0: 3 0x80005100 (0x024e6a33) x20 0x80014e64
core   0: 0x80005104 (0x00000013) nop
core   0: 3 0x80005104 (0x00000013)
core   0: 0x80005108 (0x01add593) srli    a1, s11, 26
core   0: 3 0x80005108 (0x01add593) x11 0x00000000
core   0: 0x8000510c (0x01b25033) srl     zero, tp, s11
core   0: 3 0x8000510c (0x01b25033)
core   0: 0x80005110 (0x01227933) and     s2, tp, s2
core   0: 3 0x80005110 (0x01227933) x18 0x00000000
core   0: 0x80005114 (0x0392f0b3) remu    ra, t0, s9
core   0: 3 0x80005114 (0x0392f0b3) x 1 0x00000001
core   0: 0x80005118 (0x6768a293) slti    t0, a7, 1654
core   0: 3 0x80005118 (0x6768a293) x 5 0x00000001
core   0: 0x8000511c (0x01d91bb3) sll     s7, s2, t4
core   0: 3 0x8000511c (0x01d91bb3) x23 0x00000000
core   0: 0x80005120 (0x41f6a897) auipc   a7, 0x41f6a
core   0: 3 0x80005120 (0x41f6a897) x17 0xc1f6f120
core   0: 0x80005124 (0x00000013) nop
core   0: 3 0x80005124 (0x00000013)
core   0: 0x80005128 (0x01fe47b3) xor     a5, t3, t6
core   0: 3 0x80005128 (0x01fe47b3) x15 0x80014e65
core   0: 0x8000512c (0x01095433) srl     s0, s2, a6
core   0: 3 0x8000512c (0x01095433) x 8 0x00000000
core   0: 0x80005130 (0x6ca8f513) andi    a0, a7, 1738
core   0: 3 0x80005130 (0x6ca8f513) x10 0x00000000
core   0: 0x80005134 (0x02e81233) mulh    tp, a6, a4
core   0: 3 0x80005134 (0x02e81233) x 4 0x3ffe925e
core   0: 0x80005138 (0x00321513) slli    a0, tp, 3
core   0: 3 0x80005138 (0x00321513) x10 0xfff492f0
core   0: 0x8000513c (0x00281e33) sll     t3, a6, sp
core   0: 3 0x8000513c (0x00281e33) x28 0x80014e64
core   0: 0x80005140 (0x00f35c33) srl     s8, t1, a5
core   0: 3 0x80005140 (0x00f35c33) x24 0x00000000
core   0: 0x80005144 (0x41e350b3) sra     ra, t1, t5
core   0: 3 0x80005144 (0x41e350b3) x 1 0x00000000
core   0: 0x80005148 (0x035898b3) mulh    a7, a7, s5
core   0: 3 0x80005148 (0x035898b3) x17 0x00000000
core   0: 0x8000514c (0x00d89013) slli    zero, a7, 13
core   0: 3 0x8000514c (0x00d89013)
core   0: 0x80005150 (0x0214e7b3) rem     a5, s1, ra
core   0: 3 0x80005150 (0x0214e7b3) x15 0xfffff92d
core   0: 0x80005154 (0x01d9ca33) xor     s4, s3, t4
core   0: 3 0x80005154 (0x01d9ca33) x20 0x80018ce5
core   0: 0x80005158 (0x0018f433) and     s0, a7, ra
core   0: 3 0x80005158 (0x0018f433) x 8 0x00000000
core   0: 0x8000515c (0x2b806237) lui     tp, 0x2b806
core   0: 3 0x8000515c (0x2b806237) x 4 0x2b806000
core   0: 0x80005160 (0x023bf2b3) remu    t0, s7, gp
core   0: 3 0x80005160 (0x023bf2b3) x 5 0x00000000
core   0: 0x80005164 (0x004a72b3) and     t0, s4, tp
core   0: 3 0x80005164 (0x004a72b3) x 5 0x00000000
core   0: 0x80005168 (0x58c5f313) andi    t1, a1, 1420
core   0: 3 0x80005168 (0x58c5f313) x 6 0x00000000
core   0: 0x8000516c (0x7e7d3513) sltiu   a0, s10, 2023
core   0: 3 0x8000516c (0x7e7d3513) x10 0x00000001
core   0: 0x80005170 (0x03f55f33) divu    t5, a0, t6
core   0: 3 0x80005170 (0x03f55f33) x30 0x00000001
core   0: 0x80005174 (0x9ab6ec13) ori     s8, a3, -1621
core   0: 3 0x80005174 (0x9ab6ec13) x24 0xfffff9ab
core   0: 0x80005178 (0x019cc6b3) xor     a3, s9, s9
core   0: 3 0x80005178 (0x019cc6b3) x13 0x00000000
core   0: 0x8000517c (0xdee60893) addi    a7, a2, -530
core   0: 3 0x8000517c (0xdee60893) x17 0xfffffdee
core   0: 0x80005180 (0x03dd9233) mulh    tp, s11, t4
core   0: 3 0x80005180 (0x03dd9233) x 4 0x00000000
core   0: 0x80005184 (0x3cf5c793) xori    a5, a1, 975
core   0: 3 0x80005184 (0x3cf5c793) x15 0x000003cf
core   0: 0x80005188 (0x40015c93) srai    s9, sp, 0
core   0: 3 0x80005188 (0x40015c93) x25 0x00000000
core   0: 0x8000518c (0x01481893) slli    a7, a6, 20
core   0: 3 0x8000518c (0x01481893) x17 0xe6400000
core   0: 0x80005190 (0x03eef333) remu    t1, t4, t5
core   0: 3 0x80005190 (0x03eef333) x 6 0x00000000
core   0: 0x80005194 (0x69dfe493) ori     s1, t6, 1693
core   0: 3 0x80005194 (0x69dfe493) x 9 0x0000069d
core   0: 0x80005198 (0x40775313) srai    t1, a4, 7
core   0: 3 0x80005198 (0x40775313) x 6 0xff000319
core   0: 0x8000519c (0x1b122e93) slti    t4, tp, 433
core   0: 3 0x8000519c (0x1b122e93) x29 0x00000001
core   0: 0x800051a0 (0x06de5c97) auipc   s9, 0x6de5
core   0: 3 0x800051a0 (0x06de5c97) x25 0x86dea1a0
core   0: 0x800051a4 (0x0327b297) auipc   t0, 0x327b
core   0: 3 0x800051a4 (0x0327b297) x 5 0x832801a4
core   0: 0x800051a8 (0x0344be33) mulhu   t3, s1, s4
core   0: 3 0x800051a8 (0x0344be33) x28 0x0000034e
core   0: 0x800051ac (0x006419b3) sll     s3, s0, t1
core   0: 3 0x800051ac (0x006419b3) x19 0x00000000
core   0: 0x800051b0 (0x036ed633) divu    a2, t4, s6
core   0: 3 0x800051b0 (0x036ed633) x12 0xffffffff
core   0: 0x800051b4 (0x01481a33) sll     s4, a6, s4
core   0: 3 0x800051b4 (0x01481a33) x20 0x0029cc80
core   0: 0x800051b8 (0x019190b3) sll     ra, gp, s9
core   0: 3 0x800051b8 (0x019190b3) x 1 0x00000000
core   0: 0x800051bc (0x0385f5b3) remu    a1, a1, s8
core   0: 3 0x800051bc (0x0385f5b3) x11 0x00000000
core   0: 0x800051c0 (0x0124bcb3) sltu    s9, s1, s2
core   0: 3 0x800051c0 (0x0124bcb3) x25 0x00000000
core   0: 0x800051c4 (0x00000013) nop
core   0: 3 0x800051c4 (0x00000013)
core   0: 0x800051c8 (0x02905233) divu    tp, zero, s1
core   0: 3 0x800051c8 (0x02905233) x 4 0x00000000
core   0: 0x800051cc (0x01891a13) slli    s4, s2, 24
core   0: 3 0x800051cc (0x01891a13) x20 0x00000000
core   0: 0x800051d0 (0x005c1c93) slli    s9, s8, 5
core   0: 3 0x800051d0 (0x005c1c93) x25 0xffff3560
core   0: 0x800051d4 (0x02b025b3) mulhsu  a1, zero, a1
core   0: 3 0x800051d4 (0x02b025b3) x11 0x00000000
core   0: 0x800051d8 (0x00560fb3) add     t6, a2, t0
core   0: 3 0x800051d8 (0x00560fb3) x31 0x832801a3
core   0: 0x800051dc (0x018cd193) srli    gp, s9, 24
core   0: 3 0x800051dc (0x018cd193) x 3 0x000000ff
core   0: 0x800051e0 (0x02d4ad33) mulhsu  s10, s1, a3
core   0: 3 0x800051e0 (0x02d4ad33) x26 0x00000000
core   0: 0x800051e4 (0x0101f0b3) and     ra, gp, a6
core   0: 3 0x800051e4 (0x0101f0b3) x 1 0x00000064
core   0: 0x800051e8 (0x017f1013) slli    zero, t5, 23
core   0: 3 0x800051e8 (0x017f1013)
core   0: 0x800051ec (0x033f34b3) mulhu   s1, t5, s3
core   0: 3 0x800051ec (0x033f34b3) x 9 0x00000000
core   0: 0x800051f0 (0x01ce3633) sltu    a2, t3, t3
core   0: 3 0x800051f0 (0x01ce3633) x12 0x00000000
core   0: 0x800051f4 (0x0251b2b3) mulhu   t0, gp, t0
core   0: 3 0x800051f4 (0x0251b2b3) x 5 0x00000082
core   0: 0x800051f8 (0x00000013) nop
core   0: 3 0x800051f8 (0x00000013)
core   0: 0x800051fc (0x011b1493) slli    s1, s6, 17
core   0: 3 0x800051fc (0x011b1493) x 9 0x00000000
core   0: 0x80005200 (0x40068a33) sub     s4, a3, zero
core   0: 3 0x80005200 (0x40068a33) x20 0x00000000
core   0: 0x80005204 (0xd41d4f93) xori    t6, s10, -703
core   0: 3 0x80005204 (0xd41d4f93) x31 0xfffffd41
core   0: 0x80005208 (0x0382ffb3) remu    t6, t0, s8
core   0: 3 0x80005208 (0x0382ffb3) x31 0x00000082
core   0: 0x8000520c (0x00613633) sltu    a2, sp, t1
core   0: 3 0x8000520c (0x00613633) x12 0x00000001
core   0: 0x80005210 (0x404a5113) srai    sp, s4, 4
core   0: 3 0x80005210 (0x404a5113) x 2 0x00000000
core   0: 0x80005214 (0x00094c33) xor     s8, s2, zero
core   0: 3 0x80005214 (0x00094c33) x24 0x00000000
core   0: 0x80005218 (0x015d1a13) slli    s4, s10, 21
core   0: 3 0x80005218 (0x015d1a13) x20 0x00000000
core   0: 0x8000521c (0x41085033) sra     zero, a6, a6
core   0: 3 0x8000521c (0x41085033)
core   0: 0x80005220 (0x45c7f013) andi    zero, a5, 1116
core   0: 3 0x80005220 (0x45c7f013)
core   0: 0x80005224 (0x0143de13) srli    t3, t2, 20
core   0: 3 0x80005224 (0x0143de13) x28 0x00000000
core   0: 0x80005228 (0x002e3133) sltu    sp, t3, sp
core   0: 3 0x80005228 (0x002e3133) x 2 0x00000000
core   0: 0x8000522c (0x016ecfb3) xor     t6, t4, s6
core   0: 3 0x8000522c (0x016ecfb3) x31 0x00000001
core   0: 0x80005230 (0xbe2de313) ori     t1, s11, -1054
core   0: 3 0x80005230 (0xbe2de313) x 6 0xfffffbe7
core   0: 0x80005234 (0x00cb20b3) slt     ra, s6, a2
core   0: 3 0x80005234 (0x00cb20b3) x 1 0x00000001
core   0: 0x80005238 (0x0ce6aa93) slti    s5, a3, 206
core   0: 3 0x80005238 (0x0ce6aa93) x21 0x00000001
core   0: 0x8000523c (0x3458af93) slti    t6, a7, 837
core   0: 3 0x8000523c (0x3458af93) x31 0x00000001
core   0: 0x80005240 (0x00a3d893) srli    a7, t2, 10
core   0: 3 0x80005240 (0x00a3d893) x17 0x00000000
core   0: 0x80005244 (0x01c31033) sll     zero, t1, t3
core   0: 3 0x80005244 (0x01c31033)
core   0: 0x80005248 (0x4c15c013) xori    zero, a1, 1217
core   0: 3 0x80005248 (0x4c15c013)
core   0: 0x8000524c (0x40950eb3) sub     t4, a0, s1
core   0: 3 0x8000524c (0x40950eb3) x29 0x00000001
core   0: 0x80005250 (0x82278ab7) lui     s5, 0x82278
core   0: 3 0x80005250 (0x82278ab7) x21 0x82278000
core   0: 0x80005254 (0x01e31013) slli    zero, t1, 30
core   0: 3 0x80005254 (0x01e31013)
core   0: 0x80005258 (0x02123933) mulhu   s2, tp, ra
core   0: 3 0x80005258 (0x02123933) x18 0x00000000
core   0: 0x8000525c (0x018c4d33) xor     s10, s8, s8
core   0: 3 0x8000525c (0x018c4d33) x26 0x00000000
core   0: 0x80005260 (0x030908b3) mul     a7, s2, a6
core   0: 3 0x80005260 (0x030908b3) x17 0x00000000
core   0: 0x80005264 (0xdc336417) auipc   s0, 0xdc336
core   0: 3 0x80005264 (0xdc336417) x 8 0x5c33b264
core   0: 0x80005268 (0x001d88b3) add     a7, s11, ra
core   0: 3 0x80005268 (0x001d88b3) x17 0x00000008
core   0: 0x8000526c (0x0157ecb3) or      s9, a5, s5
core   0: 3 0x8000526c (0x0157ecb3) x25 0x822783cf
core   0: 0x80005270 (0x00d69593) slli    a1, a3, 13
core   0: 3 0x80005270 (0x00d69593) x11 0x00000000
core   0: 0x80005274 (0x31187293) andi    t0, a6, 785
core   0: 3 0x80005274 (0x31187293) x 5 0x00000200
core   0: 0x80005278 (0x00182233) slt     tp, a6, ra
core   0: 3 0x80005278 (0x00182233) x 4 0x00000001
core   0: 0x8000527c (0x41b8d433) sra     s0, a7, s11
core   0: 3 0x8000527c (0x41b8d433) x 8 0x00000000
core   0: 0x80005280 (0x03700eb3) mul     t4, zero, s7
core   0: 3 0x80005280 (0x03700eb3) x29 0x00000000
core   0: 0x80005284 (0x697b8e13) addi    t3, s7, 1687
core   0: 3 0x80005284 (0x697b8e13) x28 0x00000697
core   0: 0x80005288 (0xe77e6013) ori     zero, t3, -393
core   0: 3 0x80005288 (0xe77e6013)
core   0: 0x8000528c (0x033aecb3) rem     s9, s5, s3
core   0: 3 0x8000528c (0x033aecb3) x25 0x82278000
core   0: 0x80005290 (0x03efe333) rem     t1, t6, t5
core   0: 3 0x80005290 (0x03efe333) x 6 0x00000000
core   0: 0x80005294 (0x40268f33) sub     t5, a3, sp
core   0: 3 0x80005294 (0x40268f33) x30 0x00000000
core   0: 0x80005298 (0x026b30b3) mulhu   ra, s6, t1
core   0: 3 0x80005298 (0x026b30b3) x 1 0x00000000
core   0: 0x8000529c (0x000dbfb3) sltu    t6, s11, zero
core   0: 3 0x8000529c (0x000dbfb3) x31 0x00000000
core   0: 0x800052a0 (0x02e59533) mulh    a0, a1, a4
core   0: 3 0x800052a0 (0x02e59533) x10 0x00000000
core   0: 0x800052a4 (0x0048d593) srli    a1, a7, 4
core   0: 3 0x800052a4 (0x0048d593) x11 0x00000000
core   0: 0x800052a8 (0x0368ab33) mulhsu  s6, a7, s6
core   0: 3 0x800052a8 (0x0368ab33) x22 0x00000000
core   0: 0x800052ac (0x02ee8fb3) mul     t6, t4, a4
core   0: 3 0x800052ac (0x02ee8fb3) x31 0x00000000
core   0: 0x800052b0 (0x0254b4b3) mulhu   s1, s1, t0
core   0: 3 0x800052b0 (0x0254b4b3) x 9 0x00000000
core   0: 0x800052b4 (0x02e78a33) mul     s4, a5, a4
core   0: 3 0x800052b4 (0x02e78a33) x20 0x85e7985c
core   0: 0x800052b8 (0x03db8933) mul     s2, s7, t4
core   0: 3 0x800052b8 (0x03db8933) x18 0x00000000
core   0: 0x800052bc (0x0258dab3) divu    s5, a7, t0
core   0: 3 0x800052bc (0x0258dab3) x21 0x00000000
core   0: 0x800052c0 (0xb0758c93) addi    s9, a1, -1273
core   0: 3 0x800052c0 (0xb0758c93) x25 0xfffffb07
core   0: 0x800052c4 (0x0189b133) sltu    sp, s3, s8
core   0: 3 0x800052c4 (0x0189b133) x 2 0x00000000
core   0: 0x800052c8 (0x015193b3) sll     t2, gp, s5
core   0: 3 0x800052c8 (0x015193b3) x 7 0x000000ff
core   0: 0x800052cc (0x01749913) slli    s2, s1, 23
core   0: 3 0x800052cc (0x01749913) x18 0x00000000
core   0: 0x800052d0 (0x018e5a33) srl     s4, t3, s8
core   0: 3 0x800052d0 (0x018e5a33) x20 0x00000697
core   0: 0x800052d4 (0x016fca33) xor     s4, t6, s6
core   0: 3 0x800052d4 (0x016fca33) x20 0x00000000
core   0: 0x800052d8 (0xfc070913) addi    s2, a4, -64
core   0: 3 0x800052d8 (0xfc070913) x18 0x80018ca4
core   0: 0x800052dc (0x400bd613) srai    a2, s7, 0
core   0: 3 0x800052dc (0x400bd613) x12 0x00000000
core   0: 0x800052e0 (0x016a8f33) add     t5, s5, s6
core   0: 3 0x800052e0 (0x016a8f33) x30 0x00000000
core   0: 0x800052e4 (0x40b9d433) sra     s0, s3, a1
core   0: 3 0x800052e4 (0x40b9d433) x 8 0x00000000
core   0: 0x800052e8 (0x0224f4b3) remu    s1, s1, sp
core   0: 3 0x800052e8 (0x0224f4b3) x 9 0x00000000
core   0: 0x800052ec (0x01d14fb3) xor     t6, sp, t4
core   0: 3 0x800052ec (0x01d14fb3) x31 0x00000000
core   0: 0x800052f0 (0x0040eeb3) or      t4, ra, tp
core   0: 3 0x800052f0 (0x0040eeb3) x29 0x00000001
core   0: 0x800052f4 (0xb4582213) slti    tp, a6, -1211
core   0: 3 0x800052f4 (0xb4582213) x 4 0x00000001
core   0: 0x800052f8 (0x011468b3) or      a7, s0, a7
core   0: 3 0x800052f8 (0x011468b3) x17 0x00000008
core   0: 0x800052fc (0x00000013) nop
core   0: 3 0x800052fc (0x00000013)
core   0: 0x80005300 (0x00eba8b3) slt     a7, s7, a4
core   0: 3 0x80005300 (0x00eba8b3) x17 0x00000000
core   0: 0x80005304 (0x63b48513) addi    a0, s1, 1595
core   0: 3 0x80005304 (0x63b48513) x10 0x0000063b
core   0: 0x80005308 (0x02c15d33) divu    s10, sp, a2
core   0: 3 0x80005308 (0x02c15d33) x26 0xffffffff
core   0: 0x8000530c (0x01163c93) sltiu   s9, a2, 17
core   0: 3 0x8000530c (0x01163c93) x25 0x00000001
core   0: 0x80005310 (0x41ad53b3) sra     t2, s10, s10
core   0: 3 0x80005310 (0x41ad53b3) x 7 0xffffffff
core   0: 0x80005314 (0x00e1deb3) srl     t4, gp, a4
core   0: 3 0x80005314 (0x00e1deb3) x29 0x0000000f
core   0: 0x80005318 (0x017c1513) slli    a0, s8, 23
core   0: 3 0x80005318 (0x017c1513) x10 0x00000000
core   0: 0x8000531c (0x419c5d13) srai    s10, s8, 25
core   0: 3 0x8000531c (0x419c5d13) x26 0x00000000
core   0: 0x80005320 (0x00ff4fb3) xor     t6, t5, a5
core   0: 3 0x80005320 (0x00ff4fb3) x31 0x000003cf
core   0: 0x80005324 (0x00154233) xor     tp, a0, ra
core   0: 3 0x80005324 (0x00154233) x 4 0x00000000
core   0: 0x80005328 (0xcc125937) lui     s2, 0xcc125
core   0: 3 0x80005328 (0xcc125937) x18 0xcc125000
core   0: 0x8000532c (0x4141d233) sra     tp, gp, s4
core   0: 3 0x8000532c (0x4141d233) x 4 0x000000ff
core   0: 0x80005330 (0x00000013) nop
core   0: 3 0x80005330 (0x00000013)
core   0: 0x80005334 (0x0332bfb3) mulhu   t6, t0, s3
core   0: 3 0x80005334 (0x0332bfb3) x31 0x00000000
core   0: 0x80005338 (0x013be6b3) or      a3, s7, s3
core   0: 3 0x80005338 (0x013be6b3) x13 0x00000000
core   0: 0x8000533c (0x66dff693) andi    a3, t6, 1645
core   0: 3 0x8000533c (0x66dff693) x13 0x00000000
core   0: 0x80005340 (0x9970a193) slti    gp, ra, -1641
core   0: 3 0x80005340 (0x9970a193) x 3 0x00000000
core   0: 0x80005344 (0x0295be33) mulhu   t3, a1, s1
core   0: 3 0x80005344 (0x0295be33) x28 0x00000000
core   0: 0x80005348 (0x02d5ff33) remu    t5, a1, a3
core   0: 3 0x80005348 (0x02d5ff33) x30 0x00000000
core   0: 0x8000534c (0x03015c33) divu    s8, sp, a6
core   0: 3 0x8000534c (0x03015c33) x24 0x00000000
core   0: 0x80005350 (0x00920b33) add     s6, tp, s1
core   0: 3 0x80005350 (0x00920b33) x22 0x000000ff
core   0: 0x80005354 (0x00b30d33) add     s10, t1, a1
core   0: 3 0x80005354 (0x00b30d33) x26 0x00000000
core   0: 0x80005358 (0x00af1633) sll     a2, t5, a0
core   0: 3 0x80005358 (0x00af1633) x12 0x00000000
core   0: 0x8000535c (0x05958413) addi    s0, a1, 89
core   0: 3 0x8000535c (0x05958413) x 8 0x00000059
core   0: 0x80005360 (0x055efc13) andi    s8, t4, 85
core   0: 3 0x80005360 (0x055efc13) x24 0x00000005
core   0: 0x80005364 (0x973cf897) auipc   a7, 0x973cf
core   0: 3 0x80005364 (0x973cf897) x17 0x173d4364
core   0: 0x80005368 (0x01062d33) slt     s10, a2, a6
core   0: 3 0x80005368 (0x01062d33) x26 0x00000000
core   0: 0x8000536c (0x03488e33) mul     t3, a7, s4
core   0: 3 0x8000536c (0x03488e33) x28 0x00000000
core   0: 0x80005370 (0x02dd9533) mulh    a0, s11, a3
core   0: 3 0x80005370 (0x02dd9533) x10 0x00000000
core   0: 0x80005374 (0x006419b3) sll     s3, s0, t1
core   0: 3 0x80005374 (0x006419b3) x19 0x00000059
core   0: 0x80005378 (0x00000013) nop
core   0: 3 0x80005378 (0x00000013)
core   0: 0x8000537c (0x03934e33) div     t3, t1, s9
core   0: 3 0x8000537c (0x03934e33) x28 0x00000000
core   0: 0x80005380 (0x02d45933) divu    s2, s0, a3
core   0: 3 0x80005380 (0x02d45933) x18 0xffffffff
core   0: 0x80005384 (0x02af13b3) mulh    t2, t5, a0
core   0: 3 0x80005384 (0x02af13b3) x 7 0x00000000
core   0: 0x80005388 (0x0d843a93) sltiu   s5, s0, 216
core   0: 3 0x80005388 (0x0d843a93) x21 0x00000001
core   0: 0x8000538c (0x021ca933) mulhsu  s2, s9, ra
core   0: 3 0x8000538c (0x021ca933) x18 0x00000000
core   0: 0x80005390 (0x75998f37) lui     t5, 0x75998
core   0: 3 0x80005390 (0x75998f37) x30 0x75998000
core   0: 0x80005394 (0x01f6d393) srli    t2, a3, 31
core   0: 3 0x80005394 (0x01f6d393) x 7 0x00000000
core   0: 0x80005398 (0x02674933) div     s2, a4, t1
core   0: 3 0x80005398 (0x02674933) x18 0xffffffff
core   0: 0x8000539c (0x01c52333) slt     t1, a0, t3
core   0: 3 0x8000539c (0x01c52333) x 6 0x00000000
core   0: 0x800053a0 (0x00133533) sltu    a0, t1, ra
core   0: 3 0x800053a0 (0x00133533) x10 0x00000000
core   0: 0x800053a4 (0x41960e33) sub     t3, a2, s9
core   0: 3 0x800053a4 (0x41960e33) x28 0xffffffff
core   0: 0x800053a8 (0x01af0e33) add     t3, t5, s10
core   0: 3 0x800053a8 (0x01af0e33) x28 0x75998000
core   0: 0x800053ac (0x02e50533) mul     a0, a0, a4
core   0: 3 0x800053ac (0x02e50533) x10 0x00000000
core   0: 0x800053b0 (0x6dfcc613) xori    a2, s9, 1759
core   0: 3 0x800053b0 (0x6dfcc613) x12 0x000006de
core   0: 0x800053b4 (0x01af1b13) slli    s6, t5, 26
core   0: 3 0x800053b4 (0x01af1b13) x22 0x00000000
core   0: 0x800053b8 (0x01648bb3) add     s7, s1, s6
core   0: 3 0x800053b8 (0x01648bb3) x23 0x00000000
core   0: 0x800053bc (0x91a14293) xori    t0, sp, -1766
core   0: 3 0x800053bc (0x91a14293) x 5 0xfffff91a
core   0: 0x800053c0 (0xba858f93) addi    t6, a1, -1112
core   0: 3 0x800053c0 (0xba858f93) x31 0xfffffba8
core   0: 0x800053c4 (0x40105a33) sra     s4, zero, ra
core   0: 3 0x800053c4 (0x40105a33) x20 0x00000000
core   0: 0x800053c8 (0x00000013) nop
core   0: 3 0x800053c8 (0x00000013)
core   0: 0x800053cc (0x0098d933) srl     s2, a7, s1
core   0: 3 0x800053cc (0x0098d933) x18 0x173d4364
core   0: 0x800053d0 (0x033b45b3) div     a1, s6, s3
core   0: 3 0x800053d0 (0x033b45b3) x11 0x00000000
core   0: 0x800053d4 (0x00170133) add     sp, a4, ra
core   0: 3 0x800053d4 (0x00170133) x 2 0x80018ce4
core   0: 0x800053d8 (0x01101233) sll     tp, zero, a7
core   0: 3 0x800053d8 (0x01101233) x 4 0x00000000
core   0: 0x800053dc (0x022ef4b3) remu    s1, t4, sp
core   0: 3 0x800053dc (0x022ef4b3) x 9 0x0000000f
core   0: 0x800053e0 (0x00cd1193) slli    gp, s10, 12
core   0: 3 0x800053e0 (0x00cd1193) x 3 0x00000000
core   0: 0x800053e4 (0x02648933) mul     s2, s1, t1
core   0: 3 0x800053e4 (0x02648933) x18 0x00000000
core   0: 0x800053e8 (0xa736ab93) slti    s7, a3, -1421
core   0: 3 0x800053e8 (0xa736ab93) x23 0x00000000
core   0: 0x800053ec (0x003d6633) or      a2, s10, gp
core   0: 3 0x800053ec (0x003d6633) x12 0x00000000
core   0: 0x800053f0 (0x01825093) srli    ra, tp, 24
core   0: 3 0x800053f0 (0x01825093) x 1 0x00000000
core   0: 0x800053f4 (0xed474fb7) lui     t6, 0xed474
core   0: 3 0x800053f4 (0xed474fb7) x31 0xed474000
core   0: 0x800053f8 (0xf1bb8013) addi    zero, s7, -229
core   0: 3 0x800053f8 (0xf1bb8013)
core   0: 0x800053fc (0xd310ad13) slti    s10, ra, -719
core   0: 3 0x800053fc (0xd310ad13) x26 0x00000000
core   0: 0x80005400 (0x01e6dd13) srli    s10, a3, 30
core   0: 3 0x80005400 (0x01e6dd13) x26 0x00000000
core   0: 0x80005404 (0x02500c33) mul     s8, zero, t0
core   0: 3 0x80005404 (0x02500c33) x24 0x00000000
core   0: 0x80005408 (0x8c866613) ori     a2, a2, -1848
core   0: 3 0x80005408 (0x8c866613) x12 0xfffff8c8
core   0: 0x8000540c (0x029d1cb3) mulh    s9, s10, s1
core   0: 3 0x8000540c (0x029d1cb3) x25 0x00000000
core   0: 0x80005410 (0x03d97433) remu    s0, s2, t4
core   0: 3 0x80005410 (0x03d97433) x 8 0x00000000
core   0: 0x80005414 (0x40c6d393) srai    t2, a3, 12
core   0: 3 0x80005414 (0x40c6d393) x 7 0x00000000
core   0: 0x80005418 (0x00b843b3) xor     t2, a6, a1
core   0: 3 0x80005418 (0x00b843b3) x 7 0x80014e64
core   0: 0x8000541c (0x00813bb3) sltu    s7, sp, s0
core   0: 3 0x8000541c (0x00813bb3) x23 0x00000000
core   0: 0x80005420 (0x0169a8b3) slt     a7, s3, s6
core   0: 3 0x80005420 (0x0169a8b3) x17 0x00000000
core   0: 0x80005424 (0x408bdb33) sra     s6, s7, s0
core   0: 3 0x80005424 (0x408bdb33) x22 0x00000000
core   0: 0x80005428 (0x03a664b3) rem     s1, a2, s10
core   0: 3 0x80005428 (0x03a664b3) x 9 0xfffff8c8
core   0: 0x8000542c (0x02ff9133) mulh    sp, t6, a5
core   0: 3 0x8000542c (0x02ff9133) x 2 0xffffffb8
core   0: 0x80005430 (0xbf1d6993) ori     s3, s10, -1039
core   0: 3 0x80005430 (0xbf1d6993) x19 0xfffffbf1
core   0: 0x80005434 (0x01f487b3) add     a5, s1, t6
core   0: 3 0x80005434 (0x01f487b3) x15 0xed4738c8
core   0: 0x80005438 (0x00ca05b3) add     a1, s4, a2
core   0: 3 0x80005438 (0x00ca05b3) x11 0xfffff8c8
core   0: 0x8000543c (0x00769e93) slli    t4, a3, 7
core   0: 3 0x8000543c (0x00769e93) x29 0x00000000
core   0: 0x80005440 (0x4011dd33) sra     s10, gp, ra
core   0: 3 0x80005440 (0x4011dd33) x26 0x00000000
core   0: 0x80005444 (0x007c88b3) add     a7, s9, t2
core   0: 3 0x80005444 (0x007c88b3) x17 0x80014e64
core   0: 0x80005448 (0x59f66213) ori     tp, a2, 1439
core   0: 3 0x80005448 (0x59f66213) x 4 0xfffffddf
core   0: 0x8000544c (0x00000013) nop
core   0: 3 0x8000544c (0x00000013)
core   0: 0x80005450 (0x01dd8533) add     a0, s11, t4
core   0: 3 0x80005450 (0x01dd8533) x10 0x00000007
core   0: 0x80005454 (0x02eff133) remu    sp, t6, a4
core   0: 3 0x80005454 (0x02eff133) x 2 0x6d45b31c
core   0: 0x80005458 (0x014031b3) snez    gp, s4
core   0: 3 0x80005458 (0x014031b3) x 3 0x00000000
core   0: 0x8000545c (0x00dc1b33) sll     s6, s8, a3
core   0: 3 0x8000545c (0x00dc1b33) x22 0x00000000
core   0: 0x80005460 (0x40355333) sra     t1, a0, gp
core   0: 3 0x80005460 (0x40355333) x 6 0x00000007
core   0: 0x80005464 (0x412e5e13) srai    t3, t3, 18
core   0: 3 0x80005464 (0x412e5e13) x28 0x00001d66
core   0: 0x80005468 (0x004e9533) sll     a0, t4, tp
core   0: 3 0x80005468 (0x004e9533) x10 0x00000000
core   0: 0x8000546c (0x01619093) slli    ra, gp, 22
core   0: 3 0x8000546c (0x01619093) x 1 0x00000000
core   0: 0x80005470 (0xd6dfc313) xori    t1, t6, -659
core   0: 3 0x80005470 (0xd6dfc313) x 6 0x12b8bd6d
core   0: 0x80005474 (0xe497c013) xori    zero, a5, -439
core   0: 3 0x80005474 (0xe497c013)
core   0: 0x80005478 (0x01c492b3) sll     t0, s1, t3
core   0: 3 0x80005478 (0x01c492b3) x 5 0xfffe3200
core   0: 0x8000547c (0x0045fcb3) and     s9, a1, tp
core   0: 3 0x8000547c (0x0045fcb3) x25 0xfffff8c8
core   0: 0x80005480 (0x03dc89b3) mul     s3, s9, t4
core   0: 3 0x80005480 (0x03dc89b3) x19 0x00000000
core   0: 0x80005484 (0x01754933) xor     s2, a0, s7
core   0: 3 0x80005484 (0x01754933) x18 0x00000000
core   0: 0x80005488 (0x02a78933) mul     s2, a5, a0
core   0: 3 0x80005488 (0x02a78933) x18 0x00000000
core   0: 0x8000548c (0x02f7b233) mulhu   tp, a5, a5
core   0: 3 0x8000548c (0x02f7b233) x 4 0xdbecf2f2
core   0: 0x80005490 (0x00c368b3) or      a7, t1, a2
core   0: 3 0x80005490 (0x00c368b3) x17 0xfffffded
core   0: 0x80005494 (0x02072133) mulhsu  sp, a4, zero
core   0: 3 0x80005494 (0x02072133) x 2 0x00000000
core   0: 0x80005498 (0x00a8a8b3) slt     a7, a7, a0
core   0: 3 0x80005498 (0x00a8a8b3) x17 0x00000001
core   0: 0x8000549c (0x11328693) addi    a3, t0, 275
core   0: 3 0x8000549c (0x11328693) x13 0xfffe3313
core   0: 0x800054a0 (0x405307b3) sub     a5, t1, t0
core   0: 3 0x800054a0 (0x405307b3) x15 0x12ba8b6d
core   0: 0x800054a4 (0x007ad1b3) srl     gp, s5, t2
core   0: 3 0x800054a4 (0x007ad1b3) x 3 0x00000000
core   0: 0x800054a8 (0x0022b3b3) sltu    t2, t0, sp
core   0: 3 0x800054a8 (0x0022b3b3) x 7 0x00000000
core   0: 0x800054ac (0x03dc6cb3) rem     s9, s8, t4
core   0: 3 0x800054ac (0x03dc6cb3) x25 0x00000000
core   0: 0x800054b0 (0x01fde9b3) or      s3, s11, t6
core   0: 3 0x800054b0 (0x01fde9b3) x19 0xed474007
core   0: 0x800054b4 (0x02b6a633) mulhsu  a2, a3, a1
core   0: 3 0x800054b4 (0x02b6a633) x12 0xfffe3313
core   0: 0x800054b8 (0x97120213) addi    tp, tp, -1679
core   0: 3 0x800054b8 (0x97120213) x 4 0xdbecec63
core   0: 0x800054bc (0x0270d0b3) divu    ra, ra, t2
core   0: 3 0x800054bc (0x0270d0b3) x 1 0xffffffff
core   0: 0x800054c0 (0x030f91b3) mulh    gp, t6, a6
core   0: 3 0x800054c0 (0x030f91b3) x 3 0x095c478b
core   0: 0x800054c4 (0x75094f97) auipc   t6, 0x75094
core   0: 3 0x800054c4 (0x75094f97) x31 0xf50994c4
core   0: 0x800054c8 (0x026cbd33) mulhu   s10, s9, t1
core   0: 3 0x800054c8 (0x026cbd33) x26 0x00000000
core   0: 0x800054cc (0x03dfb433) mulhu   s0, t6, t4
core   0: 3 0x800054cc (0x03dfb433) x 8 0x00000000
core   0: 0x800054d0 (0x03292633) mulhsu  a2, s2, s2
core   0: 3 0x800054d0 (0x03292633) x12 0x00000000
core   0: 0x800054d4 (0x039c8bb3) mul     s7, s9, s9
core   0: 3 0x800054d4 (0x039c8bb3) x23 0x00000000
core   0: 0x800054d8 (0x00591c93) slli    s9, s2, 5
core   0: 3 0x800054d8 (0x00591c93) x25 0x00000000
core   0: 0x800054dc (0x020317b3) mulh    a5, t1, zero
core   0: 3 0x800054dc (0x020317b3) x15 0x00000000
core   0: 0x800054e0 (0x01ee1113) slli    sp, t3, 30
core   0: 3 0x800054e0 (0x01ee1113) x 2 0x80000000
core   0: 0x800054e4 (0x0121de33) srl     t3, gp, s2
core   0: 3 0x800054e4 (0x0121de33) x28 0x095c478b
core   0: 0x800054e8 (0x00ee98b3) sll     a7, t4, a4
core   0: 3 0x800054e8 (0x00ee98b3) x17 0x00000000
core   0: 0x800054ec (0x354dbc17) auipc   s8, 0x354db
core   0: 3 0x800054ec (0x354dbc17) x24 0xb54e04ec
core   0: 0x800054f0 (0x021b95b3) mulh    a1, s7, ra
core   0: 3 0x800054f0 (0x021b95b3) x11 0x00000000
core   0: 0x800054f4 (0xc882c293) xori    t0, t0, -888
core   0: 3 0x800054f4 (0xc882c293) x 5 0x0001ce88
core   0: 0x800054f8 (0x84734e13) xori    t3, t1, -1977
core   0: 3 0x800054f8 (0x84734e13) x28 0xed47452a
core   0: 0x800054fc (0x72368f93) addi    t6, a3, 1827
core   0: 3 0x800054fc (0x72368f93) x31 0xfffe3a36
core   0: 0x80005500 (0x9b933c13) sltiu   s8, t1, -1607
core   0: 3 0x80005500 (0x9b933c13) x24 0x00000001
core   0: 0x80005504 (0x00c9d193) srli    gp, s3, 12
core   0: 3 0x80005504 (0x00c9d193) x 3 0x000ed474
core   0: 0x80005508 (0x6fe8cf13) xori    t5, a7, 1790
core   0: 3 0x80005508 (0x6fe8cf13) x30 0x000006fe
core   0: 0x8000550c (0x00347bb3) and     s7, s0, gp
core   0: 3 0x8000550c (0x00347bb3) x23 0x00000000
core   0: 0x80005510 (0x02cef6b3) remu    a3, t4, a2
core   0: 3 0x80005510 (0x02cef6b3) x13 0x00000000
core   0: 0x80005514 (0x03b67133) remu    sp, a2, s11
core   0: 3 0x80005514 (0x03b67133) x 2 0x00000000
core   0: 0x80005518 (0x83413913) sltiu   s2, sp, -1996
core   0: 3 0x80005518 (0x83413913) x18 0x00000001
core   0: 0x8000551c (0x01f1e333) or      t1, gp, t6
core   0: 3 0x8000551c (0x01f1e333) x 6 0xfffefe76
core   0: 0x80005520 (0x0223c033) div     zero, t2, sp
core   0: 3 0x80005520 (0x0223c033)
core   0: 0x80005524 (0x022e5433) divu    s0, t3, sp
core   0: 3 0x80005524 (0x022e5433) x 8 0xffffffff
core   0: 0x80005528 (0x00d59793) slli    a5, a1, 13
core   0: 3 0x80005528 (0x00d59793) x15 0x00000000
core   0: 0x8000552c (0x00000013) nop
core   0: 3 0x8000552c (0x00000013)
core   0: 0x80005530 (0x011f8a33) add     s4, t6, a7
core   0: 3 0x80005530 (0x011f8a33) x20 0xfffe3a36
core   0: 0x80005534 (0xbe13dc97) auipc   s9, 0xbe13d
core   0: 3 0x80005534 (0xbe13dc97) x25 0x3e142534
core   0: 0x80005538 (0x0179f113) andi    sp, s3, 23
core   0: 3 0x80005538 (0x0179f113) x 2 0x00000007
core   0: 0x8000553c (0x03a86033) rem     zero, a6, s10
core   0: 3 0x8000553c (0x03a86033)
core   0: 0x80005540 (0xf27e7a37) lui     s4, 0xf27e7
core   0: 3 0x80005540 (0xf27e7a37) x20 0xf27e7000
core   0: 0x80005544 (0x13137d37) lui     s10, 0x13137
core   0: 3 0x80005544 (0x13137d37) x26 0x13137000
core   0: 0x80005548 (0x64e23613) sltiu   a2, tp, 1614
core   0: 3 0x80005548 (0x64e23613) x12 0x00000000
core   0: 0x8000554c (0x35e6dd17) auipc   s10, 0x35e6d
core   0: 3 0x8000554c (0x35e6dd17) x26 0xb5e7254c
core   0: 0x80005550 (0x032a8bb3) mul     s7, s5, s2
core   0: 3 0x80005550 (0x032a8bb3) x23 0x00000001
core   0: 0x80005554 (0x006266b3) or      a3, tp, t1
core   0: 3 0x80005554 (0x006266b3) x13 0xfffefe77
core   0: 0x80005558 (0x006a1533) sll     a0, s4, t1
core   0: 3 0x80005558 (0x006a1533) x10 0x00000000
core   0: 0x8000555c (0x015786b3) add     a3, a5, s5
core   0: 3 0x8000555c (0x015786b3) x13 0x00000001
core   0: 0x80005560 (0x00233cb3) sltu    s9, t1, sp
core   0: 3 0x80005560 (0x00233cb3) x25 0x00000000
core   0: 0x80005564 (0x00367f33) and     t5, a2, gp
core   0: 3 0x80005564 (0x00367f33) x30 0x00000000
core   0: 0x80005568 (0x408e51b3) sra     gp, t3, s0
core   0: 3 0x80005568 (0x408e51b3) x 3 0xffffffff
core   0: 0x8000556c (0x0373fa33) remu    s4, t2, s7
core   0: 3 0x8000556c (0x0373fa33) x20 0x00000000
core   0: 0x80005570 (0x00000013) nop
core   0: 3 0x80005570 (0x00000013)
core   0: 0x80005574 (0x00c25093) srli    ra, tp, 12
core   0: 3 0x80005574 (0x00c25093) x 1 0x000dbece
core   0: 0x80005578 (0x0126f2b3) and     t0, a3, s2
core   0: 3 0x80005578 (0x0126f2b3) x 5 0x00000001
core   0: 0x8000557c (0x4b760c13) addi    s8, a2, 1207
core   0: 3 0x8000557c (0x4b760c13) x24 0x000004b7
core   0: 0x80005580 (0x01d8d0b3) srl     ra, a7, t4
core   0: 3 0x80005580 (0x01d8d0b3) x 1 0x00000000
core   0: 0x80005584 (0xfaecc413) xori    s0, s9, -82
core   0: 3 0x80005584 (0xfaecc413) x 8 0xffffffae
core   0: 0x80005588 (0xd8f3ca13) xori    s4, t2, -625
core   0: 3 0x80005588 (0xd8f3ca13) x20 0xfffffd8f
core   0: 0x8000558c (0x359d0793) addi    a5, s10, 857
core   0: 3 0x8000558c (0x359d0793) x15 0xb5e728a5
core   0: 0x80005590 (0x02d7a0b3) mulhsu  ra, a5, a3
core   0: 3 0x80005590 (0x02d7a0b3) x 1 0xffffffff
core   0: 0x80005594 (0x00151e33) sll     t3, a0, ra
core   0: 3 0x80005594 (0x00151e33) x28 0x00000000
core   0: 0x80005598 (0x00a1dc33) srl     s8, gp, a0
core   0: 3 0x80005598 (0x00a1dc33) x24 0xffffffff
core   0: 0x8000559c (0x01a585b3) add     a1, a1, s10
core   0: 3 0x8000559c (0x01a585b3) x11 0xb5e7254c
core   0: 0x800055a0 (0x566b6293) ori     t0, s6, 1382
core   0: 3 0x800055a0 (0x566b6293) x 5 0x00000566
core   0: 0x800055a4 (0x405052b3) sra     t0, zero, t0
core   0: 3 0x800055a4 (0x405052b3) x 5 0x00000000
core   0: 0x800055a8 (0xb67edd17) auipc   s10, 0xb67ed
core   0: 3 0x800055a8 (0xb67edd17) x26 0x367f25a8
core   0: 0x800055ac (0xf6396937) lui     s2, 0xf6396
core   0: 3 0x800055ac (0xf6396937) x18 0xf6396000
core   0: 0x800055b0 (0x02bfba33) mulhu   s4, t6, a1
core   0: 3 0x800055b0 (0x02bfba33) x20 0xb5e5e2da
core   0: 0x800055b4 (0x00bada93) srli    s5, s5, 11
core   0: 3 0x800055b4 (0x00bada93) x21 0x00000000
core   0: 0x800055b8 (0x03092f33) mulhsu  t5, s2, a6
core   0: 3 0x800055b8 (0x03092f33) x30 0xfb1ca33b
core   0: 0x800055bc (0x036a7533) remu    a0, s4, s6
core   0: 3 0x800055bc (0x036a7533) x10 0xb5e5e2da
core   0: 0x800055c0 (0xaee3a693) slti    a3, t2, -1298
core   0: 3 0x800055c0 (0xaee3a693) x13 0x00000000
core   0: 0x800055c4 (0x002e84b3) add     s1, t4, sp
core   0: 3 0x800055c4 (0x002e84b3) x 9 0x00000007
core   0: 0x800055c8 (0x03501eb3) mulh    t4, zero, s5
core   0: 3 0x800055c8 (0x03501eb3) x29 0x00000000
core   0: 0x800055cc (0x9e8fb613) sltiu   a2, t6, -1560
core   0: 3 0x800055cc (0x9e8fb613) x12 0x00000001
core   0: 0x800055d0 (0x012faf33) slt     t5, t6, s2
core   0: 3 0x800055d0 (0x012faf33) x30 0x00000000
core   0: 0x800055d4 (0x9f5d5197) auipc   gp, 0x9f5d5
core   0: 3 0x800055d4 (0x9f5d5197) x 3 0x1f5da5d4
core   0: 0x800055d8 (0x00b17c33) and     s8, sp, a1
core   0: 3 0x800055d8 (0x00b17c33) x24 0x00000004
core   0: 0x800055dc (0x01f95413) srli    s0, s2, 31
core   0: 3 0x800055dc (0x01f95413) x 8 0x00000001
core   0: 0x800055e0 (0x00000013) nop
core   0: 3 0x800055e0 (0x00000013)
core   0: 0x800055e4 (0x0037fab3) and     s5, a5, gp
core   0: 3 0x800055e4 (0x0037fab3) x21 0x15452084
core   0: 0x800055e8 (0x0327ad33) mulhsu  s10, a5, s2
core   0: 3 0x800055e8 (0x0327ad33) x26 0xb8bb85bd
core   0: 0x800055ec (0x03d923b3) mulhsu  t2, s2, t4
core   0: 3 0x800055ec (0x03d923b3) x 7 0x00000000
core   0: 0x800055f0 (0x0345b3b3) mulhu   t2, a1, s4
core   0: 3 0x800055f0 (0x0345b3b3) x 7 0x813fc654
core   0: 0x800055f4 (0xa9cc0897) auipc   a7, 0xa9cc0
core   0: 3 0x800055f4 (0xa9cc0897) x17 0x29cc55f4
core   0: 0x800055f8 (0x035573b3) remu    t2, a0, s5
core   0: 3 0x800055f8 (0x035573b3) x 7 0x0bbcdeba
core   0: 0x800055fc (0x37786997) auipc   s3, 0x37786
core   0: 3 0x800055fc (0x37786997) x19 0xb778b5fc
core   0: 0x80005600 (0xa7ca7693) andi    a3, s4, -1412
core   0: 3 0x80005600 (0xa7ca7693) x13 0xb5e5e258
core   0: 0x80005604 (0x01069613) slli    a2, a3, 16
core   0: 3 0x80005604 (0x01069613) x12 0xe2580000
core   0: 0x80005608 (0x00b6f633) and     a2, a3, a1
core   0: 3 0x80005608 (0x00b6f633) x12 0xb5e52048
core   0: 0x8000560c (0x014d1233) sll     tp, s10, s4
core   0: 3 0x8000560c (0x014d1233) x 4 0xf4000000
core   0: 0x80005610 (0x4115d533) sra     a0, a1, a7
core   0: 3 0x80005610 (0x4115d533) x10 0xfffffb5e
core   0: 0x80005614 (0x02786cb3) rem     s9, a6, t2
core   0: 3 0x80005614 (0x02786cb3) x25 0xf56201a8
core   0: 0x80005618 (0xd0f36c93) ori     s9, t1, -753
core   0: 3 0x80005618 (0xd0f36c93) x25 0xffffff7f
core   0: 0x8000561c (0x56e50a13) addi    s4, a0, 1390
core   0: 3 0x8000561c (0x56e50a13) x20 0x000000cc
core   0: 0x80005620 (0x63ccc113) xori    sp, s9, 1596
core   0: 3 0x80005620 (0x63ccc113) x 2 0xfffff943
core   0: 0x80005624 (0x016f97b3) sll     a5, t6, s6
core   0: 3 0x80005624 (0x016f97b3) x15 0xfffe3a36
core   0: 0x80005628 (0x00283333) sltu    t1, a6, sp
core   0: 3 0x80005628 (0x00283333) x 6 0x00000001
core   0: 0x8000562c (0x03b1eeb3) rem     t4, gp, s11
core   0: 3 0x8000562c (0x03b1eeb3) x29 0x00000004
core   0: 0x80005630 (0xce494013) xori    zero, s2, -796
core   0: 3 0x80005630 (0xce494013)
core   0: 0x80005634 (0x01c8a0b3) slt     ra, a7, t3
core   0: 3 0x80005634 (0x01c8a0b3) x 1 0x00000000
core   0: 0x80005638 (0xddeb5f37) lui     t5, 0xddeb5
core   0: 3 0x80005638 (0xddeb5f37) x30 0xddeb5000
core   0: 0x8000563c (0x023d8033) mul     zero, s11, gp
core   0: 3 0x8000563c (0x023d8033)
core   0: 0x80005640 (0x00ba1913) slli    s2, s4, 11
core   0: 3 0x80005640 (0x00ba1913) x18 0x00066000
core   0: 0x80005644 (0x03ccfeb3) remu    t4, s9, t3
core   0: 3 0x80005644 (0x03ccfeb3) x29 0xffffff7f
core   0: 0x80005648 (0x01f19e93) slli    t4, gp, 31
core   0: 3 0x80005648 (0x01f19e93) x29 0x00000000
core   0: 0x8000564c (0x407987b3) sub     a5, s3, t2
core   0: 3 0x8000564c (0x407987b3) x15 0xabbbd742
core   0: 0x80005650 (0x022996b3) mulh    a3, s3, sp
core   0: 3 0x80005650 (0x022996b3) x13 0x000001e8
core   0: 0x80005654 (0x0b5e8393) addi    t2, t4, 181
core   0: 3 0x80005654 (0x0b5e8393) x 7 0x000000b5
core   0: 0x80005658 (0x00cc04b3) add     s1, s8, a2
core   0: 3 0x80005658 (0x00cc04b3) x 9 0xb5e5204c
core   0: 0x8000565c (0x01cd6033) or      zero, s10, t3
core   0: 3 0x8000565c (0x01cd6033)
core   0: 0x80005660 (0x01d85ab3) srl     s5, a6, t4
core   0: 3 0x80005660 (0x01d85ab3) x21 0x80014e64
core   0: 0x80005664 (0x01330933) add     s2, t1, s3
core   0: 3 0x80005664 (0x01330933) x18 0xb778b5fd
core   0: 0x80005668 (0x41ddd693) srai    a3, s11, 29
core   0: 3 0x80005668 (0x41ddd693) x13 0x00000000
core   0: 0x8000566c (0x0072da13) srli    s4, t0, 7
core   0: 3 0x8000566c (0x0072da13) x20 0x00000000
core   0: 0x80005670 (0x31fd2b93) slti    s7, s10, 799
core   0: 3 0x80005670 (0x31fd2b93) x23 0x00000001
core   0: 0x80005674 (0x026b3bb3) mulhu   s7, s6, t1
core   0: 3 0x80005674 (0x026b3bb3) x23 0x00000000
core   0: 0x80005678 (0x0144d5b3) srl     a1, s1, s4
core   0: 3 0x80005678 (0x0144d5b3) x11 0xb5e5204c
core   0: 0x8000567c (0x01b36b33) or      s6, t1, s11
core   0: 3 0x8000567c (0x01b36b33) x22 0x00000007
core   0: 0x80005680 (0xe75ef093) andi    ra, t4, -395
core   0: 3 0x80005680 (0xe75ef093) x 1 0x00000000
core   0: 0x80005684 (0x01720ab3) add     s5, tp, s7
core   0: 3 0x80005684 (0x01720ab3) x21 0xf4000000
core   0: 0x80005688 (0x00ea3ab3) sltu    s5, s4, a4
core   0: 3 0x80005688 (0x00ea3ab3) x21 0x00000001
core   0: 0x8000568c (0x820df937) lui     s2, 0x820df
core   0: 3 0x8000568c (0x820df937) x18 0x820df000
core   0: 0x80005690 (0x01295e93) srli    t4, s2, 18
core   0: 3 0x80005690 (0x01295e93) x29 0x00002083
core   0: 0x80005694 (0x4107d313) srai    t1, a5, 16
core   0: 3 0x80005694 (0x4107d313) x 6 0xffffabbb
core   0: 0x80005698 (0x00000013) nop
core   0: 3 0x80005698 (0x00000013)
core   0: 0x8000569c (0x015f5693) srli    a3, t5, 21
core   0: 3 0x8000569c (0x015f5693) x13 0x000006ef
core   0: 0x800056a0 (0x00975113) srli    sp, a4, 9
core   0: 3 0x800056a0 (0x00975113) x 2 0x004000c6
core   0: 0x800056a4 (0x645ab413) sltiu   s0, s5, 1605
core   0: 3 0x800056a4 (0x645ab413) x 8 0x00000001
core   0: 0x800056a8 (0x02a332b3) mulhu   t0, t1, a0
core   0: 3 0x800056a8 (0x02a332b3) x 5 0xffffa719
core   0: 0x800056ac (0x00a35233) srl     tp, t1, a0
core   0: 3 0x800056ac (0x00a35233) x 4 0x00000003
core   0: 0x800056b0 (0x41575b93) srai    s7, a4, 21
core   0: 3 0x800056b0 (0x41575b93) x23 0xfffffc00
core   0: 0x800056b4 (0x48306893) ori     a7, zero, 1155
core   0: 3 0x800056b4 (0x48306893) x17 0x00000483
core   0: 0x800056b8 (0xc512af93) slti    t6, t0, -943
core   0: 3 0x800056b8 (0xc512af93) x31 0x00000001
core   0: 0x800056bc (0x00299293) slli    t0, s3, 2
core   0: 3 0x800056bc (0x00299293) x 5 0xdde2d7f0
core   0: 0x800056c0 (0x020fb533) mulhu   a0, t6, zero
core   0: 3 0x800056c0 (0x020fb533) x10 0x00000000
core   0: 0x800056c4 (0x40e554b3) sra     s1, a0, a4
core   0: 3 0x800056c4 (0x40e554b3) x 9 0x00000000
core   0: 0x800056c8 (0xf1172c93) slti    s9, a4, -239
core   0: 3 0x800056c8 (0xf1172c93) x25 0x00000001
core   0: 0x800056cc (0x00892133) slt     sp, s2, s0
core   0: 3 0x800056cc (0x00892133) x 2 0x00000001
core   0: 0x800056d0 (0x58ddfc93) andi    s9, s11, 1421
core   0: 3 0x800056d0 (0x58ddfc93) x25 0x00000005
core   0: 0x800056d4 (0x03eb7433) remu    s0, s6, t5
core   0: 3 0x800056d4 (0x03eb7433) x 8 0x00000007
core   0: 0x800056d8 (0x00e40033) add     zero, s0, a4
core   0: 3 0x800056d8 (0x00e40033)
core   0: 0x800056dc (0x03e05433) divu    s0, zero, t5
core   0: 3 0x800056dc (0x03e05433) x 8 0x00000000
core   0: 0x800056e0 (0x013c1113) slli    sp, s8, 19
core   0: 3 0x800056e0 (0x013c1113) x 2 0x00200000
core   0: 0x800056e4 (0xebbb4313) xori    t1, s6, -325
core   0: 3 0x800056e4 (0xebbb4313) x 6 0xfffffebc
core   0: 0x800056e8 (0xbd922c93) slti    s9, tp, -1063
core   0: 3 0x800056e8 (0xbd922c93) x25 0x00000000
core   0: 0x800056ec (0x2025e393) ori     t2, a1, 514
core   0: 3 0x800056ec (0x2025e393) x 7 0xb5e5224e
core   0: 0x800056f0 (0x028c9333) mulh    t1, s9, s0
core   0: 3 0x800056f0 (0x028c9333) x 6 0x00000000
core   0: 0x800056f4 (0x02cd7433) remu    s0, s10, a2
core   0: 3 0x800056f4 (0x02cd7433) x 8 0x02d66575
core   0: 0x800056f8 (0x0392d433) divu    s0, t0, s9
core   0: 3 0x800056f8 (0x0392d433) x 8 0xffffffff
core   0: 0x800056fc (0x00151d13) slli    s10, a0, 1
core   0: 3 0x800056fc (0x00151d13) x26 0x00000000
core   0: 0x80005700 (0x01ba8433) add     s0, s5, s11
core   0: 3 0x80005700 (0x01ba8433) x 8 0x00000008
core   0: 0x80005704 (0x6c46f793) andi    a5, a3, 1732
core   0: 3 0x80005704 (0x6c46f793) x15 0x000006c4
core   0: 0x80005708 (0x011105b3) add     a1, sp, a7
core   0: 3 0x80005708 (0x011105b3) x11 0x00200483
core   0: 0x8000570c (0x0049b8b3) sltu    a7, s3, tp
core   0: 3 0x8000570c (0x0049b8b3) x17 0x00000000
core   0: 0x80005710 (0x4edab513) sltiu   a0, s5, 1261
core   0: 3 0x80005710 (0x4edab513) x10 0x00000001
core   0: 0x80005714 (0x03be4633) div     a2, t3, s11
core   0: 3 0x80005714 (0x03be4633) x12 0x00000000
core   0: 0x80005718 (0x00000013) nop
core   0: 3 0x80005718 (0x00000013)
core   0: 0x8000571c (0x17b6f613) andi    a2, a3, 379
core   0: 3 0x8000571c (0x17b6f613) x12 0x0000006b
core   0: 0x80005720 (0x012417b3) sll     a5, s0, s2
core   0: 3 0x80005720 (0x012417b3) x15 0x00000008
core   0: 0x80005724 (0x02e4e533) rem     a0, s1, a4
core   0: 3 0x80005724 (0x02e4e533) x10 0x00000000
core   0: 0x80005728 (0x0613a913) slti    s2, t2, 97
core   0: 3 0x80005728 (0x0613a913) x18 0x00000001
core   0: 0x8000572c (0x03f52333) mulhsu  t1, a0, t6
core   0: 3 0x8000572c (0x03f52333) x 6 0x00000000
core   0: 0x80005730 (0x00022233) slt     tp, tp, zero
core   0: 3 0x80005730 (0x00022233) x 4 0x00000000
core   0: 0x80005734 (0x00fa6cb3) or      s9, s4, a5
core   0: 3 0x80005734 (0x00fa6cb3) x25 0x00000008
core   0: 0x80005738 (0x0359a133) mulhsu  sp, s3, s5
core   0: 3 0x80005738 (0x0359a133) x 2 0xffffffff
core   0: 0x8000573c (0x01e5fc33) and     s8, a1, t5
core   0: 3 0x8000573c (0x01e5fc33) x24 0x00200000
core   0: 0x80005740 (0x03da0e33) mul     t3, s4, t4
core   0: 3 0x80005740 (0x03da0e33) x28 0x00000000
core   0: 0x80005744 (0x00f3e533) or      a0, t2, a5
core   0: 3 0x80005744 (0x00f3e533) x10 0xb5e5224e
core   0: 0x80005748 (0x02396d33) rem     s10, s2, gp
core   0: 3 0x80005748 (0x02396d33) x26 0x00000001
core   0: 0x8000574c (0x03e664b3) rem     s1, a2, t5
core   0: 3 0x8000574c (0x03e664b3) x 9 0x0000006b
core   0: 0x80005750 (0x00551333) sll     t1, a0, t0
core   0: 3 0x80005750 (0x00551333) x 6 0x224e0000
core   0: 0x80005754 (0x04d78413) addi    s0, a5, 77
core   0: 3 0x80005754 (0x04d78413) x 8 0x00000055
core   0: 0x80005758 (0x01af5b33) srl     s6, t5, s10
core   0: 3 0x80005758 (0x01af5b33) x22 0x6ef5a800
core   0: 0x8000575c (0x407451b3) sra     gp, s0, t2
core   0: 3 0x8000575c (0x407451b3) x 3 0x00000000
core   0: 0x80005760 (0x020108b3) mul     a7, sp, zero
core   0: 3 0x80005760 (0x020108b3) x17 0x00000000
core   0: 0x80005764 (0x0035bf33) sltu    t5, a1, gp
core   0: 3 0x80005764 (0x0035bf33) x30 0x00000000
core   0: 0x80005768 (0x029d77b3) remu    a5, s10, s1
core   0: 3 0x80005768 (0x029d77b3) x15 0x00000001
core   0: 0x8000576c (0x0149e9b3) or      s3, s3, s4
core   0: 3 0x8000576c (0x0149e9b3) x19 0xb778b5fc
core   0: 0x80005770 (0xd6ab8c93) addi    s9, s7, -662
core   0: 3 0x80005770 (0xd6ab8c93) x25 0xfffff96a
core   0: 0x80005774 (0x41ec59b3) sra     s3, s8, t5
core   0: 3 0x80005774 (0x41ec59b3) x19 0x00200000
core   0: 0x80005778 (0xc3adf317) auipc   t1, 0xc3adf
core   0: 3 0x80005778 (0xc3adf317) x 6 0x43ae4778
core   0: 0x8000577c (0x015f9933) sll     s2, t6, s5
core   0: 3 0x8000577c (0x015f9933) x18 0x00000002
core   0: 0x80005780 (0x01df2a33) slt     s4, t5, t4
core   0: 3 0x80005780 (0x01df2a33) x20 0x00000001
core   0: 0x80005784 (0x039a3c33) mulhu   s8, s4, s9
core   0: 3 0x80005784 (0x039a3c33) x24 0x00000000
core   0: 0x80005788 (0x013f03b3) add     t2, t5, s3
core   0: 3 0x80005788 (0x013f03b3) x 7 0x00200000
core   0: 0x8000578c (0x02750333) mul     t1, a0, t2
core   0: 3 0x8000578c (0x02750333) x 6 0x49c00000
core   0: 0x80005790 (0x4066d913) srai    s2, a3, 6
core   0: 3 0x80005790 (0x4066d913) x18 0x0000001b
core   0: 0x80005794 (0x00f08b33) add     s6, ra, a5
core   0: 3 0x80005794 (0x00f08b33) x22 0x00000001
core   0: 0x80005798 (0x03a770b3) remu    ra, a4, s10
core   0: 3 0x80005798 (0x03a770b3) x 1 0x00000000
core   0: 0x8000579c (0x00c788b3) add     a7, a5, a2
core   0: 3 0x8000579c (0x00c788b3) x17 0x0000006c
core   0: 0x800057a0 (0x0185bbb3) sltu    s7, a1, s8
core   0: 3 0x800057a0 (0x0185bbb3) x23 0x00000000
core   0: 0x800057a4 (0x03e1d933) divu    s2, gp, t5
core   0: 3 0x800057a4 (0x03e1d933) x18 0xffffffff
core   0: 0x800057a8 (0x0151d593) srli    a1, gp, 21
core   0: 3 0x800057a8 (0x0151d593) x11 0x00000000
core   0: 0x800057ac (0xfb1efc37) lui     s8, 0xfb1ef
core   0: 3 0x800057ac (0xfb1efc37) x24 0xfb1ef000
core   0: 0x800057b0 (0x0203ccb3) div     s9, t2, zero
core   0: 3 0x800057b0 (0x0203ccb3) x25 0xffffffff
core   0: 0x800057b4 (0x014389b3) add     s3, t2, s4
core   0: 3 0x800057b4 (0x014389b3) x19 0x00200001
core   0: 0x800057b8 (0x402ade33) sra     t3, s5, sp
core   0: 3 0x800057b8 (0x402ade33) x28 0x00000000
core   0: 0x800057bc (0x03cb6233) rem     tp, s6, t3
core   0: 3 0x800057bc (0x03cb6233) x 4 0x00000001
core   0: 0x800057c0 (0x018d1513) slli    a0, s10, 24
core   0: 3 0x800057c0 (0x018d1513) x10 0x01000000
core   0: 0x800057c4 (0x02ab8fb3) mul     t6, s7, a0
core   0: 3 0x800057c4 (0x02ab8fb3) x31 0x00000000
core   0: 0x800057c8 (0xd0b76f97) auipc   t6, 0xd0b76
core   0: 3 0x800057c8 (0xd0b76f97) x31 0x50b7b7c8
core   0: 0x800057cc (0x0047ff33) and     t5, a5, tp
core   0: 3 0x800057cc (0x0047ff33) x30 0x00000001
core   0: 0x800057d0 (0x00000013) nop
core   0: 3 0x800057d0 (0x00000013)
core   0: 0x800057d4 (0xa3df9c17) auipc   s8, 0xa3df9
core   0: 3 0x800057d4 (0xa3df9c17) x24 0x23dfe7d4
core   0: 0x800057d8 (0x010be433) or      s0, s7, a6
core   0: 3 0x800057d8 (0x010be433) x 8 0x80014e64
core   0: 0x800057dc (0x014398b3) sll     a7, t2, s4
core   0: 3 0x800057dc (0x014398b3) x17 0x00400000
core   0: 0x800057e0 (0x02f44b33) div     s6, s0, a5
core   0: 3 0x800057e0 (0x02f44b33) x22 0x80014e64
core   0: 0x800057e4 (0x020a4eb3) div     t4, s4, zero
core   0: 3 0x800057e4 (0x020a4eb3) x29 0xffffffff
core   0: 0x800057e8 (0x01611213) slli    tp, sp, 22
core   0: 3 0x800057e8 (0x01611213) x 4 0xffc00000
core   0: 0x800057ec (0x00daecb3) or      s9, s5, a3
core   0: 3 0x800057ec (0x00daecb3) x25 0x000006ef
core   0: 0x800057f0 (0x77148893) addi    a7, s1, 1905
core   0: 3 0x800057f0 (0x77148893) x17 0x000007dc
core   0: 0x800057f4 (0x008c8f33) add     t5, s9, s0
core   0: 3 0x800057f4 (0x008c8f33) x30 0x80015553
core   0: 0x800057f8 (0x03a26933) rem     s2, tp, s10
core   0: 3 0x800057f8 (0x03a26933) x18 0x00000000
core   0: 0x800057fc (0xaed5eb13) ori     s6, a1, -1299
core   0: 3 0x800057fc (0xaed5eb13) x22 0xfffffaed
core   0: 0x80005800 (0x75bc8793) addi    a5, s9, 1883
core   0: 3 0x80005800 (0x75bc8793) x15 0x00000e4a
core   0: 0x80005804 (0x03255033) divu    zero, a0, s2
core   0: 3 0x80005804 (0x03255033)
core   0: 0x80005808 (0x001aa3b3) slt     t2, s5, ra
core   0: 3 0x80005808 (0x001aa3b3) x 7 0x00000000
core   0: 0x8000580c (0x0188a8b3) slt     a7, a7, s8
core   0: 3 0x8000580c (0x0188a8b3) x17 0x00000001
core   0: 0x80005810 (0x00148e33) add     t3, s1, ra
core   0: 3 0x80005810 (0x00148e33) x28 0x0000006b
core   0: 0x80005814 (0x00fbcd33) xor     s10, s7, a5
core   0: 3 0x80005814 (0x00fbcd33) x26 0x00000e4a
core   0: 0x80005818 (0x1e7eed13) ori     s10, t4, 487
core   0: 3 0x80005818 (0x1e7eed13) x26 0xffffffff
core   0: 0x8000581c (0x02861233) mulh    tp, a2, s0
core   0: 3 0x8000581c (0x02861233) x 4 0xffffffca
core   0: 0x80005820 (0x03f912b3) mulh    t0, s2, t6
core   0: 3 0x80005820 (0x03f912b3) x 5 0x00000000
core   0: 0x80005824 (0x2ebc4a13) xori    s4, s8, 747
core   0: 3 0x80005824 (0x2ebc4a13) x20 0x23dfe53f
core   0: 0x80005828 (0x00d2e2b3) or      t0, t0, a3
core   0: 3 0x80005828 (0x00d2e2b3) x 5 0x000006ef
core   0: 0x8000582c (0x00a3de13) srli    t3, t2, 10
core   0: 3 0x8000582c (0x00a3de13) x28 0x00000000
core   0: 0x80005830 (0x40ae5393) srai    t2, t3, 10
core   0: 3 0x80005830 (0x40ae5393) x 7 0x00000000
core   0: 0x80005834 (0x00269893) slli    a7, a3, 2
core   0: 3 0x80005834 (0x00269893) x17 0x00001bbc
core   0: 0x80005838 (0x40cb5033) sra     zero, s6, a2
core   0: 3 0x80005838 (0x40cb5033)
core   0: 0x8000583c (0xcb98bd17) auipc   s10, 0xcb98b
core   0: 3 0x8000583c (0xcb98bd17) x26 0x4b99083c
core   0: 0x80005840 (0x9c932893) slti    a7, t1, -1591
core   0: 3 0x80005840 (0x9c932893) x17 0x00000000
core   0: 0x80005844 (0x6051cb93) xori    s7, gp, 1541
core   0: 3 0x80005844 (0x6051cb93) x23 0x00000605
core   0: 0x80005848 (0x0185dc13) srli    s8, a1, 24
core   0: 3 0x80005848 (0x0185dc13) x24 0x00000000
core   0: 0x8000584c (0xae7c6a93) ori     s5, s8, -1305
core   0: 3 0x8000584c (0xae7c6a93) x21 0xfffffae7
core   0: 0x80005850 (0x018246b3) xor     a3, tp, s8
core   0: 3 0x80005850 (0x018246b3) x13 0xffffffca
core   0: 0x80005854 (0x002b6fb3) or      t6, s6, sp
core   0: 3 0x80005854 (0x002b6fb3) x31 0xffffffff
core   0: 0x80005858 (0x098ba293) slti    t0, s7, 152
core   0: 3 0x80005858 (0x098ba293) x 5 0x00000000
core   0: 0x8000585c (0x004a4fb3) xor     t6, s4, tp
core   0: 3 0x8000585c (0x004a4fb3) x31 0xdc201af5
core   0: 0x80005860 (0x00cd0033) add     zero, s10, a2
core   0: 3 0x80005860 (0x00cd0033)
core   0: 0x80005864 (0x3026e1b7) lui     gp, 0x3026e
core   0: 3 0x80005864 (0x3026e1b7) x 3 0x3026e000
core   0: 0x80005868 (0x031787b3) mul     a5, a5, a7
core   0: 3 0x80005868 (0x031787b3) x15 0x00000000
core   0: 0x8000586c (0x404e5133) sra     sp, t3, tp
core   0: 3 0x8000586c (0x404e5133) x 2 0x00000000
core   0: 0x80005870 (0x03cca6b3) mulhsu  a3, s9, t3
core   0: 3 0x80005870 (0x03cca6b3) x13 0x00000000
core   0: 0x80005874 (0xea3eb113) sltiu   sp, t4, -349
core   0: 3 0x80005874 (0xea3eb113) x 2 0x00000000
core   0: 0x80005878 (0x40265a33) sra     s4, a2, sp
core   0: 3 0x80005878 (0x40265a33) x20 0x0000006b
core   0: 0x8000587c (0xea3c4e13) xori    t3, s8, -349
core   0: 3 0x8000587c (0xea3c4e13) x28 0xfffffea3
core   0: 0x80005880 (0xf8acdf37) lui     t5, 0xf8acd
core   0: 3 0x80005880 (0xf8acdf37) x30 0xf8acd000
core   0: 0x80005884 (0x01eca2b3) slt     t0, s9, t5
core   0: 3 0x80005884 (0x01eca2b3) x 5 0x00000000
core   0: 0x80005888 (0x021d11b3) mulh    gp, s10, ra
core   0: 3 0x80005888 (0x021d11b3) x 3 0x00000000
core   0: 0x8000588c (0x0731e693) ori     a3, gp, 115
core   0: 3 0x8000588c (0x0731e693) x13 0x00000073
core   0: 0x80005890 (0x23ffb293) sltiu   t0, t6, 575
core   0: 3 0x80005890 (0x23ffb293) x 5 0x00000000
core   0: 0x80005894 (0x02f33233) mulhu   tp, t1, a5
core   0: 3 0x80005894 (0x02f33233) x 4 0x00000000
core   0: 0x80005898 (0x2f9b4793) xori    a5, s6, 761
core   0: 3 0x80005898 (0x2f9b4793) x15 0xfffff814
core   0: 0x8000589c (0x03437a33) remu    s4, t1, s4
core   0: 3 0x8000589c (0x03437a33) x20 0x00000023
core   0: 0x800058a0 (0x01919693) slli    a3, gp, 25
core   0: 3 0x800058a0 (0x01919693) x13 0x00000000
core   0: 0x800058a4 (0x00e05f33) srl     t5, zero, a4
core   0: 3 0x800058a4 (0x00e05f33) x30 0x00000000
core   0: 0x800058a8 (0x0076e633) or      a2, a3, t2
core   0: 3 0x800058a8 (0x0076e633) x12 0x00000000
core   0: 0x800058ac (0x00744e33) xor     t3, s0, t2
core   0: 3 0x800058ac (0x00744e33) x28 0x80014e64
core   0: 0x800058b0 (0x76a27913) andi    s2, tp, 1898
core   0: 3 0x800058b0 (0x76a27913) x18 0x00000000
core   0: 0x800058b4 (0x40220233) sub     tp, tp, sp
core   0: 3 0x800058b4 (0x40220233) x 4 0x00000000
core   0: 0x800058b8 (0x01317d33) and     s10, sp, s3
core   0: 3 0x800058b8 (0x01317d33) x26 0x00000000
core   0: 0x800058bc (0x00845413) srli    s0, s0, 8
core   0: 3 0x800058bc (0x00845413) x 8 0x0080014e
core   0: 0x800058c0 (0x00f6cfb3) xor     t6, a3, a5
core   0: 3 0x800058c0 (0x00f6cfb3) x31 0xfffff814
core   0: 0x800058c4 (0x00330f33) add     t5, t1, gp
core   0: 3 0x800058c4 (0x00330f33) x30 0x49c00000
core   0: 0x800058c8 (0x2e596993) ori     s3, s2, 741
core   0: 3 0x800058c8 (0x2e596993) x19 0x000002e5
core   0: 0x800058cc (0x85e57a93) andi    s5, a0, -1954
core   0: 3 0x800058cc (0x85e57a93) x21 0x01000000
core   0: 0x800058d0 (0x414ad593) srai    a1, s5, 20
core   0: 3 0x800058d0 (0x414ad593) x11 0x00000010
core   0: 0x800058d4 (0x02e40bb3) mul     s7, s0, a4
core   0: 3 0x800058d4 (0x02e40bb3) x23 0x7405d178
core   0: 0x800058d8 (0x032fc1b3) div     gp, t6, s2
core   0: 3 0x800058d8 (0x032fc1b3) x 3 0xffffffff
core   0: 0x800058dc (0x00550d33) add     s10, a0, t0
core   0: 3 0x800058dc (0x00550d33) x26 0x01000000
core   0: 0x800058e0 (0x00000013) nop
core   0: 3 0x800058e0 (0x00000013)
core   0: 0x800058e4 (0x01ad9133) sll     sp, s11, s10
core   0: 3 0x800058e4 (0x01ad9133) x 2 0x00000007
core   0: 0x800058e8 (0x214ad317) auipc   t1, 0x214ad
core   0: 3 0x800058e8 (0x214ad317) x 6 0xa14b28e8
core   0: 0x800058ec (0x02901b33) mulh    s6, zero, s1
core   0: 3 0x800058ec (0x02901b33) x22 0x00000000
core   0: 0x800058f0 (0x5cb57613) andi    a2, a0, 1483
core   0: 3 0x800058f0 (0x5cb57613) x12 0x00000000
core   0: 0x800058f4 (0x038120b3) mulhsu  ra, sp, s8
core   0: 3 0x800058f4 (0x038120b3) x 1 0x00000000
core   0: 0x800058f8 (0x02546e33) rem     t3, s0, t0
core   0: 3 0x800058f8 (0x02546e33) x28 0x0080014e
core   0: 0x800058fc (0x41ea52b3) sra     t0, s4, t5
core   0: 3 0x800058fc (0x41ea52b3) x 5 0x00000023
core   0: 0x80005900 (0x0015aeb3) slt     t4, a1, ra
core   0: 3 0x80005900 (0x0015aeb3) x29 0x00000000
core   0: 0x80005904 (0x03e4aeb3) mulhsu  t4, s1, t5
core   0: 3 0x80005904 (0x03e4aeb3) x29 0x0000001e
core   0: 0x80005908 (0x032c8033) mul     zero, s9, s2
core   0: 3 0x80005908 (0x032c8033)
core   0: 0x8000590c (0x01d88533) add     a0, a7, t4
core   0: 3 0x8000590c (0x01d88533) x10 0x0000001e
core   0: 0x80005910 (0x0359e533) rem     a0, s3, s5
core   0: 3 0x80005910 (0x0359e533) x10 0x000002e5
core   0: 0x80005914 (0x406c0a33) sub     s4, s8, t1
core   0: 3 0x80005914 (0x406c0a33) x20 0x5eb4d718
core   0: 0x80005918 (0x01050d33) add     s10, a0, a6
core   0: 3 0x80005918 (0x01050d33) x26 0x80015149
core   0: 0x8000591c (0x46b93f17) auipc   t5, 0x46b93
core   0: 3 0x8000591c (0x46b93f17) x30 0xc6b9891c
core   0: 0x80005920 (0x010e3533) sltu    a0, t3, a6
core   0: 3 0x80005920 (0x010e3533) x10 0x00000001
core   0: 0x80005924 (0x02d8ff33) remu    t5, a7, a3
core   0: 3 0x80005924 (0x02d8ff33) x30 0x00000000
core   0: 0x80005928 (0x0209d6b3) divu    a3, s3, zero
core   0: 3 0x80005928 (0x0209d6b3) x13 0xffffffff
core   0: 0x8000592c (0xa6e275b7) lui     a1, 0xa6e27
core   0: 3 0x8000592c (0xa6e275b7) x11 0xa6e27000
core   0: 0x80005930 (0x1475e513) ori     a0, a1, 327
core   0: 3 0x80005930 (0x1475e513) x10 0xa6e27147
core   0: 0x80005934 (0x02c087b3) mul     a5, ra, a2
core   0: 3 0x80005934 (0x02c087b3) x15 0x00000000
core   0: 0x80005938 (0x035b63b3) rem     t2, s6, s5
core   0: 3 0x80005938 (0x035b63b3) x 7 0x00000000
core   0: 0x8000593c (0x034d57b3) divu    a5, s10, s4
core   0: 3 0x8000593c (0x034d57b3) x15 0x00000001
core   0: 0x80005940 (0x6e1af793) andi    a5, s5, 1761
core   0: 3 0x80005940 (0x6e1af793) x15 0x00000000
core   0: 0x80005944 (0x8354be93) sltiu   t4, s1, -1995
core   0: 3 0x80005944 (0x8354be93) x29 0x00000001
core   0: 0x80005948 (0x012b8fb3) add     t6, s7, s2
core   0: 3 0x80005948 (0x012b8fb3) x31 0x7405d178
core   0: 0x8000594c (0x01a01133) sll     sp, zero, s10
core   0: 3 0x8000594c (0x01a01133) x 2 0x00000000
core   0: 0x80005950 (0x036557b3) divu    a5, a0, s6
core   0: 3 0x80005950 (0x036557b3) x15 0xffffffff
core   0: 0x80005954 (0x029e6933) rem     s2, t3, s1
core   0: 3 0x80005954 (0x029e6933) x18 0x00000023
core   0: 0x80005958 (0x0283d0b3) divu    ra, t2, s0
core   0: 3 0x80005958 (0x0283d0b3) x 1 0x00000000
core   0: 0x8000595c (0x7f52f493) andi    s1, t0, 2037
core   0: 3 0x8000595c (0x7f52f493) x 9 0x00000021
core   0: 0x80005960 (0x40e95f93) srai    t6, s2, 14
core   0: 3 0x80005960 (0x40e95f93) x31 0x00000000
core   0: 0x80005964 (0x0182b933) sltu    s2, t0, s8
core   0: 3 0x80005964 (0x0182b933) x18 0x00000000
core   0: 0x80005968 (0x03e97233) remu    tp, s2, t5
core   0: 3 0x80005968 (0x03e97233) x 4 0x00000000
core   0: 0x8000596c (0xca82b137) lui     sp, 0xca82b
core   0: 3 0x8000596c (0xca82b137) x 2 0xca82b000
core   0: 0x80005970 (0x0025d193) srli    gp, a1, 2
core   0: 3 0x80005970 (0x0025d193) x 3 0x29b89c00
core   0: 0x80005974 (0x874d8917) auipc   s2, 0x874d8
core   0: 3 0x80005974 (0x874d8917) x18 0x074dd974
core   0: 0x80005978 (0x13d94213) xori    tp, s2, 317
core   0: 3 0x80005978 (0x13d94213) x 4 0x074dd849
core   0: 0x8000597c (0xb42be893) ori     a7, s7, -1214
core   0: 3 0x8000597c (0xb42be893) x17 0xfffffb7a
core   0: 0x80005980 (0x00f44933) xor     s2, s0, a5
core   0: 3 0x80005980 (0x00f44933) x18 0xff7ffeb1
core   0: 0x80005984 (0x0030b533) sltu    a0, ra, gp
core   0: 3 0x80005984 (0x0030b533) x10 0x00000001
core   0: 0x80005988 (0x001977b3) and     a5, s2, ra
core   0: 3 0x80005988 (0x001977b3) x15 0x00000000
core   0: 0x8000598c (0x0047e233) or      tp, a5, tp
core   0: 3 0x8000598c (0x0047e233) x 4 0x074dd849
core   0: 0x80005990 (0x02f6f4b3) remu    s1, a3, a5
core   0: 3 0x80005990 (0x02f6f4b3) x 9 0xffffffff
core   0: 0x80005994 (0x01da5433) srl     s0, s4, t4
core   0: 3 0x80005994 (0x01da5433) x 8 0x2f5a6b8c
core   0: 0x80005998 (0x00662eb3) slt     t4, a2, t1
core   0: 3 0x80005998 (0x00662eb3) x29 0x00000000
core   0: 0x8000599c (0x00000013) nop
core   0: 3 0x8000599c (0x00000013)
core   0: 0x800059a0 (0x41a28c33) sub     s8, t0, s10
core   0: 3 0x800059a0 (0x41a28c33) x24 0x7ffeaeda
core   0: 0x800059a4 (0x004b8d33) add     s10, s7, tp
core   0: 3 0x800059a4 (0x004b8d33) x26 0x7b53a9c1
core   0: 0x800059a8 (0x03022433) mulhsu  s0, tp, a6
core   0: 3 0x800059a8 (0x03022433) x 8 0x03a6f5ae
core   0: 0x800059ac (0x004c5f33) srl     t5, s8, tp
core   0: 3 0x800059ac (0x004c5f33) x30 0x003fff57
core   0: 0x800059b0 (0x41e9da33) sra     s4, s3, t5
core   0: 3 0x800059b0 (0x41e9da33) x20 0x00000000
core   0: 0x800059b4 (0x002eda93) srli    s5, t4, 2
core   0: 3 0x800059b4 (0x002eda93) x21 0x00000000
core   0: 0x800059b8 (0x01725293) srli    t0, tp, 23
core   0: 3 0x800059b8 (0x01725293) x 5 0x0000000e
core   0: 0x800059bc (0x4bf06a13) ori     s4, zero, 1215
core   0: 3 0x800059bc (0x4bf06a13) x20 0x000004bf
core   0: 0x800059c0 (0x00b41b93) slli    s7, s0, 11
core   0: 3 0x800059c0 (0x00b41b93) x23 0x37ad7000
core   0: 0x800059c4 (0x00e3b0b3) sltu    ra, t2, a4
core   0: 3 0x800059c4 (0x00e3b0b3) x 1 0x00000001
core   0: 0x800059c8 (0x4c3ac997) auipc   s3, 0x4c3ac
core   0: 3 0x800059c8 (0x4c3ac997) x19 0xcc3b19c8
core   0: 0x800059cc (0x03e99eb3) mulh    t4, s3, t5
core   0: 3 0x800059cc (0x03e99eb3) x29 0xfff30ee8
core   0: 0x800059d0 (0x0168a0b3) slt     ra, a7, s6
core   0: 3 0x800059d0 (0x0168a0b3) x 1 0x00000001
core   0: 0x800059d4 (0xf06c6917) auipc   s2, 0xf06c6
core   0: 3 0x800059d4 (0xf06c6917) x18 0x706cb9d4
core   0: 0x800059d8 (0x02b88b33) mul     s6, a7, a1
core   0: 3 0x800059d8 (0x02b88b33) x22 0x1bb96000
core   0: 0x800059dc (0x7871ff13) andi    t5, gp, 1927
core   0: 3 0x800059dc (0x7871ff13) x30 0x00000400
core   0: 0x800059e0 (0x02955bb3) divu    s7, a0, s1
core   0: 3 0x800059e0 (0x02955bb3) x23 0x00000000
core   0: 0x800059e4 (0x008c60b3) or      ra, s8, s0
core   0: 3 0x800059e4 (0x008c60b3) x 1 0x7ffefffe
core   0: 0x800059e8 (0x310cee13) ori     t3, s9, 784
core   0: 3 0x800059e8 (0x310cee13) x28 0x000007ff
core   0: 0x800059ec (0x0110dc93) srli    s9, ra, 17
core   0: 3 0x800059ec (0x0110dc93) x25 0x00003fff
core   0: 0x800059f0 (0x01ba8fb3) add     t6, s5, s11
core   0: 3 0x800059f0 (0x01ba8fb3) x31 0x00000007
core   0: 0x800059f4 (0x41f1d393) srai    t2, gp, 31
core   0: 3 0x800059f4 (0x41f1d393) x 7 0x00000000
core   0: 0x800059f8 (0x8d648c97) auipc   s9, 0x8d648
core   0: 3 0x800059f8 (0x8d648c97) x25 0x0d64d9f8
core   0: 0x800059fc (0x00e4ba33) sltu    s4, s1, a4
core   0: 3 0x800059fc (0x00e4ba33) x20 0x00000000
core   0: 0x80005a00 (0x02fe0ab3) mul     s5, t3, a5
core   0: 3 0x80005a00 (0x02fe0ab3) x21 0x00000000
core   0: 0x80005a04 (0x418ed7b3) sra     a5, t4, s8
core   0: 3 0x80005a04 (0x418ed7b3) x15 0xffffffff
core   0: 0x80005a08 (0x40f85613) srai    a2, a6, 15
core   0: 3 0x80005a08 (0x40f85613) x12 0xffff0002
core   0: 0x80005a0c (0x01849893) slli    a7, s1, 24
core   0: 3 0x80005a0c (0x01849893) x17 0xff000000
core   0: 0x80005a10 (0x136bf313) andi    t1, s7, 310
core   0: 3 0x80005a10 (0x136bf313) x 6 0x00000000
core   0: 0x80005a14 (0x00ea5313) srli    t1, s4, 14
core   0: 3 0x80005a14 (0x00ea5313) x 6 0x00000000
core   0: 0x80005a18 (0x03d049b3) div     s3, zero, t4
core   0: 3 0x80005a18 (0x03d049b3) x19 0x00000000
core   0: 0x80005a1c (0xaf4d2a13) slti    s4, s10, -1292
core   0: 3 0x80005a1c (0xaf4d2a13) x20 0x00000000
core   0: 0x80005a20 (0x01636ab3) or      s5, t1, s6
core   0: 3 0x80005a20 (0x01636ab3) x21 0x1bb96000
core   0: 0x80005a24 (0x02f5ff33) remu    t5, a1, a5
core   0: 3 0x80005a24 (0x02f5ff33) x30 0xa6e27000
core   0: 0x80005a28 (0x00f948b3) xor     a7, s2, a5
core   0: 3 0x80005a28 (0x00f948b3) x17 0x8f93462b
core   0: 0x80005a2c (0x038ac9b3) div     s3, s5, s8
core   0: 3 0x80005a2c (0x038ac9b3) x19 0x00000000
core   0: 0x80005a30 (0xe2f30613) addi    a2, t1, -465
core   0: 3 0x80005a30 (0xe2f30613) x12 0xfffffe2f
core   0: 0x80005a34 (0x2a15e613) ori     a2, a1, 673
core   0: 3 0x80005a34 (0x2a15e613) x12 0xa6e272a1
core   0: 0x80005a38 (0x009e6e33) or      t3, t3, s1
core   0: 3 0x80005a38 (0x009e6e33) x28 0xffffffff
core   0: 0x80005a3c (0x03df7933) remu    s2, t5, t4
core   0: 3 0x80005a3c (0x03df7933) x18 0xa6e27000
core   0: 0x80005a40 (0x00c1d513) srli    a0, gp, 12
core   0: 3 0x80005a40 (0x00c1d513) x10 0x00029b89
core   0: 0x80005a44 (0x00fe24b3) slt     s1, t3, a5
core   0: 3 0x80005a44 (0x00fe24b3) x 9 0x00000000
core   0: 0x80005a48 (0xfe0c0c13) addi    s8, s8, -32
core   0: 3 0x80005a48 (0xfe0c0c13) x24 0x7ffeaeba
core   0: 0x80005a4c (0x009430b3) sltu    ra, s0, s1
core   0: 3 0x80005a4c (0x009430b3) x 1 0x00000000
core   0: 0x80005a50 (0x021a8bb3) mul     s7, s5, ra
core   0: 3 0x80005a50 (0x021a8bb3) x23 0x00000000
core   0: 0x80005a54 (0xf6d2aa37) lui     s4, 0xf6d2a
core   0: 3 0x80005a54 (0xf6d2aa37) x20 0xf6d2a000
core   0: 0x80005a58 (0x00d39d13) slli    s10, t2, 13
core   0: 3 0x80005a58 (0x00d39d13) x26 0x00000000
core   0: 0x80005a5c (0xfb113493) sltiu   s1, sp, -79
core   0: 3 0x80005a5c (0xfb113493) x 9 0x00000001
core   0: 0x80005a60 (0x1f607a13) andi    s4, zero, 502
core   0: 3 0x80005a60 (0x1f607a13) x20 0x00000000
core   0: 0x80005a64 (0x01561eb3) sll     t4, a2, s5
core   0: 3 0x80005a64 (0x01561eb3) x29 0xa6e272a1
core   0: 0x80005a68 (0x40c50a33) sub     s4, a0, a2
core   0: 3 0x80005a68 (0x40c50a33) x20 0x592028e8
core   0: 0x80005a6c (0x0300f433) remu    s0, ra, a6
core   0: 3 0x80005a6c (0x0300f433) x 8 0x00000000
core   0: 0x80005a70 (0x020a8d33) mul     s10, s5, zero
core   0: 3 0x80005a70 (0x020a8d33) x26 0x00000000
core   0: 0x80005a74 (0x03de4a33) div     s4, t3, t4
core   0: 3 0x80005a74 (0x03de4a33) x20 0x00000000
core   0: 0x80005a78 (0x00c385b3) add     a1, t2, a2
core   0: 3 0x80005a78 (0x00c385b3) x11 0xa6e272a1
core   0: 0x80005a7c (0x00499ab3) sll     s5, s3, tp
core   0: 3 0x80005a7c (0x00499ab3) x21 0x00000000
core   0: 0x80005a80 (0x021b77b3) remu    a5, s6, ra
core   0: 3 0x80005a80 (0x021b77b3) x15 0x1bb96000
core   0: 0x80005a84 (0xe6607093) andi    ra, zero, -410
core   0: 3 0x80005a84 (0xe6607093) x 1 0x00000000
core   0: 0x80005a88 (0x00384133) xor     sp, a6, gp
core   0: 3 0x80005a88 (0x00384133) x 2 0xa9b9d264
core   0: 0x80005a8c (0x4102d893) srai    a7, t0, 16
core   0: 3 0x80005a8c (0x4102d893) x17 0x00000000
core   0: 0x80005a90 (0x00661033) sll     zero, a2, t1
core   0: 3 0x80005a90 (0x00661033)
core   0: 0x80005a94 (0x01948fb3) add     t6, s1, s9
core   0: 3 0x80005a94 (0x01948fb3) x31 0x0d64d9f9
core   0: 0x80005a98 (0x6d33c393) xori    t2, t2, 1747
core   0: 3 0x80005a98 (0x6d33c393) x 7 0x000006d3
core   0: 0x80005a9c (0x024f38b3) mulhu   a7, t5, tp
core   0: 3 0x80005a9c (0x024f38b3) x17 0x04c2f02a
core   0: 0x80005aa0 (0x0110fe33) and     t3, ra, a7
core   0: 3 0x80005aa0 (0x0110fe33) x28 0x00000000
core   0: 0x80005aa4 (0x0280e3b3) rem     t2, ra, s0
core   0: 3 0x80005aa4 (0x0280e3b3) x 7 0x00000000
core   0: 0x80005aa8 (0x022edcb3) divu    s9, t4, sp
core   0: 3 0x80005aa8 (0x022edcb3) x25 0x00000000
core   0: 0x80005aac (0xfe6a8a93) addi    s5, s5, -26
core   0: 3 0x80005aac (0xfe6a8a93) x21 0xffffffe6
core   0: 0x80005ab0 (0x40465f33) sra     t5, a2, tp
core   0: 3 0x80005ab0 (0x40465f33) x30 0xffd37139
core   0: 0x80005ab4 (0x023933b3) mulhu   t2, s2, gp
core   0: 3 0x80005ab4 (0x023933b3) x 7 0x1b329c62
core   0: 0x80005ab8 (0x6555f913) andi    s2, a1, 1621
core   0: 3 0x80005ab8 (0x6555f913) x18 0x00000201
core   0: 0x80005abc (0x00d44fb3) xor     t6, s0, a3
core   0: 3 0x80005abc (0x00d44fb3) x31 0xffffffff
core   0: 0x80005ac0 (0x02c55b33) divu    s6, a0, a2
core   0: 3 0x80005ac0 (0x02c55b33) x22 0x00000000
core   0: 0x80005ac4 (0x1cf96cb7) lui     s9, 0x1cf96
core   0: 3 0x80005ac4 (0x1cf96cb7) x25 0x1cf96000
core   0: 0x80005ac8 (0x03f73e33) mulhu   t3, a4, t6
core   0: 3 0x80005ac8 (0x03f73e33) x28 0x80018ce3
core   0: 0x80005acc (0x02eeb6b3) mulhu   a3, t4, a4
core   0: 3 0x80005acc (0x02eeb6b3) x13 0x53723c0b
core   0: 0x80005ad0 (0xefc7c993) xori    s3, a5, -260
core   0: 3 0x80005ad0 (0xefc7c993) x19 0xe4469efc
core   0: 0x80005ad4 (0x032efb33) remu    s6, t4, s2
core   0: 3 0x80005ad4 (0x032efb33) x22 0x0000010c
core   0: 0x80005ad8 (0x418d5c93) srai    s9, s10, 24
core   0: 3 0x80005ad8 (0x418d5c93) x25 0x00000000
core   0: 0x80005adc (0x0206d933) divu    s2, a3, zero
core   0: 3 0x80005adc (0x0206d933) x18 0xffffffff
core   0: 0x80005ae0 (0x00ef13b3) sll     t2, t5, a4
core   0: 3 0x80005ae0 (0x00ef13b3) x 7 0xfd371390
core   0: 0x80005ae4 (0x00454b33) xor     s6, a0, tp
core   0: 3 0x80005ae4 (0x00454b33) x22 0x074f43c0
core   0: 0x80005ae8 (0x40e681b3) sub     gp, a3, a4
core   0: 3 0x80005ae8 (0x40e681b3) x 3 0xd370af27
core   0: 0x80005aec (0xbd24fe93) andi    t4, s1, -1070
core   0: 3 0x80005aec (0xbd24fe93) x29 0x00000000
core   0: 0x80005af0 (0xf95a3bb7) lui     s7, 0xf95a3
core   0: 3 0x80005af0 (0xf95a3bb7) x23 0xf95a3000
core   0: 0x80005af4 (0xa7362f93) slti    t6, a2, -1421
core   0: 3 0x80005af4 (0xa7362f93) x31 0x00000001
core   0: 0x80005af8 (0x76cbbe93) sltiu   t4, s7, 1900
core   0: 3 0x80005af8 (0x76cbbe93) x29 0x00000000
core   0: 0x80005afc (0x026497b3) mulh    a5, s1, t1
core   0: 3 0x80005afc (0x026497b3) x15 0x00000000
core   0: 0x80005b00 (0x03454e33) div     t3, a0, s4
core   0: 3 0x80005b00 (0x03454e33) x28 0xffffffff
core   0: 0x80005b04 (0x902d4197) auipc   gp, 0x902d4
core   0: 3 0x80005b04 (0x902d4197) x 3 0x102d9b04
core   0: 0x80005b08 (0x008f1f13) slli    t5, t5, 8
core   0: 3 0x80005b08 (0x008f1f13) x30 0xd3713900
core   0: 0x80005b0c (0x0150e4b3) or      s1, ra, s5
core   0: 3 0x80005b0c (0x0150e4b3) x 9 0xffffffe6
core   0: 0x80005b10 (0x02ae1fb3) mulh    t6, t3, a0
core   0: 3 0x80005b10 (0x02ae1fb3) x31 0xffffffff
core   0: 0x80005b14 (0x03ed8f33) mul     t5, s11, t5
core   0: 3 0x80005b14 (0x03ed8f33) x30 0xc8188f00
core   0: 0x80005b18 (0x03a443b3) div     t2, s0, s10
core   0: 3 0x80005b18 (0x03a443b3) x 7 0xffffffff
core   0: 0x80005b1c (0x3288e313) ori     t1, a7, 808
core   0: 3 0x80005b1c (0x3288e313) x 6 0x04c2f32a
core   0: 0x80005b20 (0xd2f7e413) ori     s0, a5, -721
core   0: 3 0x80005b20 (0xd2f7e413) x 8 0xfffffd2f
core   0: 0x80005b24 (0x03db4633) div     a2, s6, t4
core   0: 3 0x80005b24 (0x03db4633) x12 0xffffffff
core   0: 0x80005b28 (0x00834033) xor     zero, t1, s0
core   0: 3 0x80005b28 (0x00834033)
core   0: 0x80005b2c (0x00000013) nop
core   0: 3 0x80005b2c (0x00000013)
core   0: 0x80005b30 (0x0199bd33) sltu    s10, s3, s9
core   0: 3 0x80005b30 (0x0199bd33) x26 0x00000000
core   0: 0x80005b34 (0x58c60b93) addi    s7, a2, 1420
core   0: 3 0x80005b34 (0x58c60b93) x23 0x0000058b
core   0: 0x80005b38 (0xa605c213) xori    tp, a1, -1440
core   0: 3 0x80005b38 (0xa605c213) x 4 0x591d88c1
core   0: 0x80005b3c (0x5c70be13) sltiu   t3, ra, 1479
core   0: 3 0x80005b3c (0x5c70be13) x28 0x00000001
core   0: 0x80005b40 (0x020149b3) div     s3, sp, zero
core   0: 3 0x80005b40 (0x020149b3) x19 0xffffffff
core   0: 0x80005b44 (0x01125513) srli    a0, tp, 17
core   0: 3 0x80005b44 (0x01125513) x10 0x00002c8e
core   0: 0x80005b48 (0x021eafb3) mulhsu  t6, t4, ra
core   0: 3 0x80005b48 (0x021eafb3) x31 0x00000000
core   0: 0x80005b4c (0x0d6f0c13) addi    s8, t5, 214
core   0: 3 0x80005b4c (0x0d6f0c13) x24 0xc8188fd6
core   0: 0x80005b50 (0x01fea4b3) slt     s1, t4, t6
core   0: 3 0x80005b50 (0x01fea4b3) x 9 0x00000000
core   0: 0x80005b54 (0x003ce4b3) or      s1, s9, gp
core   0: 3 0x80005b54 (0x003ce4b3) x 9 0x102d9b04
core   0: 0x80005b58 (0x0054c933) xor     s2, s1, t0
core   0: 3 0x80005b58 (0x0054c933) x18 0x102d9b0a
core   0: 0x80005b5c (0x5f972b13) slti    s6, a4, 1529
core   0: 3 0x80005b5c (0x5f972b13) x22 0x00000001
core   0: 0x80005b60 (0x013e9e13) slli    t3, t4, 19
core   0: 3 0x80005b60 (0x013e9e13) x28 0x00000000
core   0: 0x80005b64 (0x00a1db33) srl     s6, gp, a0
core   0: 3 0x80005b64 (0x00a1db33) x22 0x000040b6
core   0: 0x80005b68 (0x41198633) sub     a2, s3, a7
core   0: 3 0x80005b68 (0x41198633) x12 0xfb3d0fd5
core   0: 0x80005b6c (0x00d1d093) srli    ra, gp, 13
core   0: 3 0x80005b6c (0x00d1d093) x 1 0x0000816c
core   0: 0x80005b70 (0x02547933) remu    s2, s0, t0
core   0: 3 0x80005b70 (0x02547933) x18 0x0000000b
core   0: 0x80005b74 (0x47d2b113) sltiu   sp, t0, 1149
core   0: 3 0x80005b74 (0x47d2b113) x 2 0x00000001
core   0: 0x80005b78 (0xcdd48893) addi    a7, s1, -803
core   0: 3 0x80005b78 (0xcdd48893) x17 0x102d97e1
core   0: 0x80005b7c (0x03ffff33) remu    t5, t6, t6
core   0: 3 0x80005b7c (0x03ffff33) x30 0x00000000
core   0: 0x80005b80 (0x03c328b3) mulhsu  a7, t1, t3
core   0: 3 0x80005b80 (0x03c328b3) x17 0x00000000
core   0: 0x80005b84 (0x00b75933) srl     s2, a4, a1
core   0: 3 0x80005b84 (0x00b75933) x18 0x4000c672
core   0: 0x80005b88 (0x63e856b7) lui     a3, 0x63e85
core   0: 3 0x80005b88 (0x63e856b7) x13 0x63e85000
core   0: 0x80005b8c (0x031b5133) divu    sp, s6, a7
core   0: 3 0x80005b8c (0x031b5133) x 2 0xffffffff
core   0: 0x80005b90 (0x30f5af13) slti    t5, a1, 783
core   0: 3 0x80005b90 (0x30f5af13) x30 0x00000001
core   0: 0x80005b94 (0x00041f13) slli    t5, s0, 0
core   0: 3 0x80005b94 (0x00041f13) x30 0xfffffd2f
core   0: 0x80005b98 (0xa3ec2093) slti    ra, s8, -1474
core   0: 3 0x80005b98 (0xa3ec2093) x 1 0x00000001
core   0: 0x80005b9c (0x00e0f4b3) and     s1, ra, a4
core   0: 3 0x80005b9c (0x00e0f4b3) x 9 0x00000000
core   0: 0x80005ba0 (0x8bc98313) addi    t1, s3, -1860
core   0: 3 0x80005ba0 (0x8bc98313) x 6 0xfffff8bb
core   0: 0x80005ba4 (0xf3070617) auipc   a2, 0xf3070
core   0: 3 0x80005ba4 (0xf3070617) x12 0x73075ba4
core   0: 0x80005ba8 (0x7afe0593) addi    a1, t3, 1967
core   0: 3 0x80005ba8 (0x7afe0593) x11 0x000007af
core   0: 0x80005bac (0x00e07fb3) and     t6, zero, a4
core   0: 3 0x80005bac (0x00e07fb3) x31 0x00000000
core   0: 0x80005bb0 (0x019c69b3) or      s3, s8, s9
core   0: 3 0x80005bb0 (0x019c69b3) x19 0xc8188fd6
core   0: 0x80005bb4 (0x02b2a433) mulhsu  s0, t0, a1
core   0: 3 0x80005bb4 (0x02b2a433) x 8 0x00000000
core   0: 0x80005bb8 (0x0342f133) remu    sp, t0, s4
core   0: 3 0x80005bb8 (0x0342f133) x 2 0x0000000e
core   0: 0x80005bbc (0x01b713b3) sll     t2, a4, s11
core   0: 3 0x80005bbc (0x01b713b3) x 7 0x00c67200
core   0: 0x80005bc0 (0x01f3d0b3) srl     ra, t2, t6
core   0: 3 0x80005bc0 (0x01f3d0b3) x 1 0x00c67200
core   0: 0x80005bc4 (0x024f6ab3) rem     s5, t5, tp
core   0: 3 0x80005bc4 (0x024f6ab3) x21 0xfffffd2f
core   0: 0x80005bc8 (0x017fae33) slt     t3, t6, s7
core   0: 3 0x80005bc8 (0x017fae33) x28 0x00000001
core   0: 0x80005bcc (0xf02bb5b7) lui     a1, 0xf02bb
core   0: 3 0x80005bcc (0xf02bb5b7) x11 0xf02bb000
core   0: 0x80005bd0 (0x00f472b3) and     t0, s0, a5
core   0: 3 0x80005bd0 (0x00f472b3) x 5 0x00000000
core   0: 0x80005bd4 (0x736b6537) lui     a0, 0x736b6
core   0: 3 0x80005bd4 (0x736b6537) x10 0x736b6000
core   0: 0x80005bd8 (0x002bafb3) slt     t6, s7, sp
core   0: 3 0x80005bd8 (0x002bafb3) x31 0x00000000
core   0: 0x80005bdc (0x00846bb3) or      s7, s0, s0
core   0: 3 0x80005bdc (0x00846bb3) x23 0x00000000
core   0: 0x80005be0 (0x02db4f33) div     t5, s6, a3
core   0: 3 0x80005be0 (0x02db4f33) x30 0x00000000
core   0: 0x80005be4 (0x00c925b3) slt     a1, s2, a2
core   0: 3 0x80005be4 (0x00c925b3) x11 0x00000001
core   0: 0x80005be8 (0x01906a33) or      s4, zero, s9
core   0: 3 0x80005be8 (0x01906a33) x20 0x00000000
core   0: 0x80005bec (0x03fc93b3) mulh    t2, s9, t6
core   0: 3 0x80005bec (0x03fc93b3) x 7 0x00000000
core   0: 0x80005bf0 (0x02852a33) mulhsu  s4, a0, s0
core   0: 3 0x80005bf0 (0x02852a33) x20 0x00000000
core   0: 0x80005bf4 (0xaf6c8f13) addi    t5, s9, -1290
core   0: 3 0x80005bf4 (0xaf6c8f13) x30 0xfffffaf6
core   0: 0x80005bf8 (0xa1316d13) ori     s10, sp, -1517
core   0: 3 0x80005bf8 (0xa1316d13) x26 0xfffffa1f
core   0: 0x80005bfc (0x02cb78b3) remu    a7, s6, a2
core   0: 3 0x80005bfc (0x02cb78b3) x17 0x000040b6
core   0: 0x80005c00 (0x0122a233) slt     tp, t0, s2
core   0: 3 0x80005c00 (0x0122a233) x 4 0x00000001
core   0: 0x80005c04 (0x1c2eb793) sltiu   a5, t4, 450
core   0: 3 0x80005c04 (0x1c2eb793) x15 0x00000001
core   0: 0x80005c08 (0x01265933) srl     s2, a2, s2
core   0: 3 0x80005c08 (0x01265933) x18 0x00001cc1
core   0: 0x80005c0c (0x3ee24897) auipc   a7, 0x3ee24
core   0: 3 0x80005c0c (0x3ee24897) x17 0xbee29c0c
core   0: 0x80005c10 (0x00415033) srl     zero, sp, tp
core   0: 3 0x80005c10 (0x00415033)
core   0: 0x80005c14 (0x00b7e0b3) or      ra, a5, a1
core   0: 3 0x80005c14 (0x00b7e0b3) x 1 0x00000001
core   0: 0x80005c18 (0x0168d4b3) srl     s1, a7, s6
core   0: 3 0x80005c18 (0x0168d4b3) x 9 0x000002fb
core   0: 0x80005c1c (0x01de39b3) sltu    s3, t3, t4
core   0: 3 0x80005c1c (0x01de39b3) x19 0x00000000
core   0: 0x80005c20 (0xd59d8d13) addi    s10, s11, -679
core   0: 3 0x80005c20 (0xd59d8d13) x26 0xfffffd60
core   0: 0x80005c24 (0x4a9c3793) sltiu   a5, s8, 1193
core   0: 3 0x80005c24 (0x4a9c3793) x15 0x00000000
core   0: 0x80005c28 (0xd2e4cb13) xori    s6, s1, -722
core   0: 3 0x80005c28 (0xd2e4cb13) x22 0xffffffd5
core   0: 0x80005c2c (0x004ae8b3) or      a7, s5, tp
core   0: 3 0x80005c2c (0x004ae8b3) x17 0xfffffd2f
core   0: 0x80005c30 (0xe0307993) andi    s3, zero, -509
core   0: 3 0x80005c30 (0xe0307993) x19 0x00000000
core   0: 0x80005c34 (0xcece8093) addi    ra, t4, -788
core   0: 3 0x80005c34 (0xcece8093) x 1 0xfffffcec
core   0: 0x80005c38 (0x1222fa13) andi    s4, t0, 290
core   0: 3 0x80005c38 (0x1222fa13) x20 0x00000000
core   0: 0x80005c3c (0xe070e493) ori     s1, ra, -505
core   0: 3 0x80005c3c (0xe070e493) x 9 0xfffffeef
core   0: 0x80005c40 (0x012c4433) xor     s0, s8, s2
core   0: 3 0x80005c40 (0x012c4433) x 8 0xc8189317
core   0: 0x80005c44 (0x4192df93) srai    t6, t0, 25
core   0: 3 0x80005c44 (0x4192df93) x31 0x00000000
core   0: 0x80005c48 (0x16890fb7) lui     t6, 0x16890
core   0: 3 0x80005c48 (0x16890fb7) x31 0x16890000
core   0: 0x80005c4c (0xba556293) ori     t0, a0, -1115
core   0: 3 0x80005c4c (0xba556293) x 5 0xfffffba5
core   0: 0x80005c50 (0x03595133) divu    sp, s2, s5
core   0: 3 0x80005c50 (0x03595133) x 2 0x00000000
core   0: 0x80005c54 (0x02191c33) mulh    s8, s2, ra
core   0: 3 0x80005c54 (0x02191c33) x24 0xffffffff
core   0: 0x80005c58 (0x4189d193) srai    gp, s3, 24
core   0: 3 0x80005c58 (0x4189d193) x 3 0x00000000
core   0: 0x80005c5c (0x40065c93) srai    s9, a2, 0
core   0: 3 0x80005c5c (0x40065c93) x25 0x73075ba4
core   0: 0x80005c60 (0x02e21e33) mulh    t3, tp, a4
core   0: 3 0x80005c60 (0x02e21e33) x28 0xffffffff
core   0: 0x80005c64 (0x414d8fb3) sub     t6, s11, s4
core   0: 3 0x80005c64 (0x414d8fb3) x31 0x00000007
core   0: 0x80005c68 (0x00a55e33) srl     t3, a0, a0
core   0: 3 0x80005c68 (0x00a55e33) x28 0x736b6000
core   0: 0x80005c6c (0x6fe36513) ori     a0, t1, 1790
core   0: 3 0x80005c6c (0x6fe36513) x10 0xfffffeff
core   0: 0x80005c70 (0x0260e233) rem     tp, ra, t1
core   0: 3 0x80005c70 (0x0260e233) x 4 0xfffffcec
core   0: 0x80005c74 (0x40455c33) sra     s8, a0, tp
core   0: 3 0x80005c74 (0x40455c33) x24 0xffffffff
core   0: 0x80005c78 (0x027667b3) rem     a5, a2, t2
core   0: 3 0x80005c78 (0x027667b3) x15 0x73075ba4
core   0: 0x80005c7c (0x57d6e513) ori     a0, a3, 1405
core   0: 3 0x80005c7c (0x57d6e513) x10 0x63e8557d
core   0: 0x80005c80 (0x01c04133) xor     sp, zero, t3
core   0: 3 0x80005c80 (0x01c04133) x 2 0x736b6000
core   0: 0x80005c84 (0x00c66033) or      zero, a2, a2
core   0: 3 0x80005c84 (0x00c66033)
core   0: 0x80005c88 (0xac3ab113) sltiu   sp, s5, -1341
core   0: 3 0x80005c88 (0xac3ab113) x 2 0x00000000
core   0: 0x80005c8c (0x2e4ddb97) auipc   s7, 0x2e4dd
core   0: 3 0x80005c8c (0x2e4ddb97) x23 0xae4e2c8c
core   0: 0x80005c90 (0x014d0933) add     s2, s10, s4
core   0: 3 0x80005c90 (0x014d0933) x18 0xfffffd60
core   0: 0x80005c94 (0x0f26a893) slti    a7, a3, 242
core   0: 3 0x80005c94 (0x0f26a893) x17 0x00000000
core   0: 0x80005c98 (0xabf20b13) addi    s6, tp, -1345
core   0: 3 0x80005c98 (0xabf20b13) x22 0xfffff7ab
core   0: 0x80005c9c (0x0098b4b3) sltu    s1, a7, s1
core   0: 3 0x80005c9c (0x0098b4b3) x 9 0x00000001
core   0: 0x80005ca0 (0x413dd693) srai    a3, s11, 19
core   0: 3 0x80005ca0 (0x413dd693) x13 0x00000000
core   0: 0x80005ca4 (0x41085933) sra     s2, a6, a6
core   0: 3 0x80005ca4 (0x41085933) x18 0xf80014e6
core   0: 0x80005ca8 (0x03d3c0b3) div     ra, t2, t4
core   0: 3 0x80005ca8 (0x03d3c0b3) x 1 0xffffffff
core   0: 0x80005cac (0x41e801b3) sub     gp, a6, t5
core   0: 3 0x80005cac (0x41e801b3) x 3 0x8001536e
core   0: 0x80005cb0 (0x010578b3) and     a7, a0, a6
core   0: 3 0x80005cb0 (0x010578b3) x17 0x00004464
core   0: 0x80005cb4 (0x03bea8b3) mulhsu  a7, t4, s11
core   0: 3 0x80005cb4 (0x03bea8b3) x17 0x00000000
core   0: 0x80005cb8 (0x405956b3) sra     a3, s2, t0
core   0: 3 0x80005cb8 (0x405956b3) x13 0xffc000a7
core   0: 0x80005cbc (0x00000013) nop
core   0: 3 0x80005cbc (0x00000013)
core   0: 0x80005cc0 (0x017799b3) sll     s3, a5, s7
core   0: 3 0x80005cc0 (0x017799b3) x19 0x75ba4000
core   0: 0x80005cc4 (0x0218a633) mulhsu  a2, a7, ra
core   0: 3 0x80005cc4 (0x0218a633) x12 0x00000000
core   0: 0x80005cc8 (0x4749f593) andi    a1, s3, 1140
core   0: 3 0x80005cc8 (0x4749f593) x11 0x00000000
core   0: 0x80005ccc (0x76afc613) xori    a2, t6, 1898
core   0: 3 0x80005ccc (0x76afc613) x12 0x0000076d
core   0: 0x80005cd0 (0x9acb6b93) ori     s7, s6, -1620
core   0: 3 0x80005cd0 (0x9acb6b93) x23 0xffffffaf
core   0: 0x80005cd4 (0x01a70a33) add     s4, a4, s10
core   0: 3 0x80005cd4 (0x01a70a33) x20 0x80018a44
core   0: 0x80005cd8 (0xe3532417) auipc   s0, 0xe3532
core   0: 3 0x80005cd8 (0xe3532417) x 8 0x63537cd8
core   0: 0x80005cdc (0x7b5fbfb7) lui     t6, 0x7b5fb
core   0: 3 0x80005cdc (0x7b5fbfb7) x31 0x7b5fb000
core   0: 0x80005ce0 (0x87f77997) auipc   s3, 0x87f77
core   0: 3 0x80005ce0 (0x87f77997) x19 0x07f7cce0
core   0: 0x80005ce4 (0x01c63433) sltu    s0, a2, t3
core   0: 3 0x80005ce4 (0x01c63433) x 8 0x00000001
core   0: 0x80005ce8 (0x033bbfb3) mulhu   t6, s7, s3
core   0: 3 0x80005ce8 (0x033bbfb3) x31 0x07f7ccdd
core   0: 0x80005cec (0x01906233) or      tp, zero, s9
core   0: 3 0x80005cec (0x01906233) x 4 0x73075ba4
core   0: 0x80005cf0 (0x011e6eb3) or      t4, t3, a7
core   0: 3 0x80005cf0 (0x011e6eb3) x29 0x736b6000
core   0: 0x80005cf4 (0x0319b9b3) mulhu   s3, s3, a7
core   0: 3 0x80005cf4 (0x0319b9b3) x19 0x00000000
core   0: 0x80005cf8 (0x035ec433) div     s0, t4, s5
core   0: 3 0x80005cf8 (0x035ec433) x 8 0xffd704d7
core   0: 0x80005cfc (0x026d8e33) mul     t3, s11, t1
core   0: 3 0x80005cfc (0x026d8e33) x28 0xffffcd1d
core   0: 0x80005d00 (0x007ea1b3) slt     gp, t4, t2
core   0: 3 0x80005d00 (0x007ea1b3) x 3 0x00000000
core   0: 0x80005d04 (0x402bdbb3) sra     s7, s7, sp
core   0: 3 0x80005d04 (0x402bdbb3) x23 0xffffffaf
core   0: 0x80005d08 (0x41c75b13) srai    s6, a4, 28
core   0: 3 0x80005d08 (0x41c75b13) x22 0xfffffff8
core   0: 0x80005d0c (0x0383cfb3) div     t6, t2, s8
core   0: 3 0x80005d0c (0x0383cfb3) x31 0x00000000
core   0: 0x80005d10 (0x00825913) srli    s2, tp, 8
core   0: 3 0x80005d10 (0x00825913) x18 0x0073075b
core   0: 0x80005d14 (0x24d20093) addi    ra, tp, 589
core   0: 3 0x80005d14 (0x24d20093) x 1 0x73075df1
core   0: 0x80005d18 (0x01f423b3) slt     t2, s0, t6
core   0: 3 0x80005d18 (0x01f423b3) x 7 0x00000001
core   0: 0x80005d1c (0x03e74533) div     a0, a4, t5
core   0: 3 0x80005d1c (0x03e74533) x10 0x0019667d
core   0: 0x80005d20 (0x00256f33) or      t5, a0, sp
core   0: 3 0x80005d20 (0x00256f33) x30 0x0019667d
core   0: 0x80005d24 (0x005990b3) sll     ra, s3, t0
core   0: 3 0x80005d24 (0x005990b3) x 1 0x00000000
core   0: 0x80005d28 (0x56708e93) addi    t4, ra, 1383
core   0: 3 0x80005d28 (0x56708e93) x29 0x00000567
core   0: 0x80005d2c (0x71094893) xori    a7, s2, 1808
core   0: 3 0x80005d2c (0x71094893) x17 0x0073004b
core   0: 0x80005d30 (0xc4230d37) lui     s10, 0xc4230
core   0: 3 0x80005d30 (0xc4230d37) x26 0xc4230000
core   0: 0x80005d34 (0x035d5cb3) divu    s9, s10, s5
core   0: 3 0x80005d34 (0x035d5cb3) x25 0x00000000
core   0: 0x80005d38 (0x414a0ab3) sub     s5, s4, s4
core   0: 3 0x80005d38 (0x414a0ab3) x21 0x00000000
core   0: 0x80005d3c (0x00b0da93) srli    s5, ra, 11
core   0: 3 0x80005d3c (0x00b0da93) x21 0x00000000
core   0: 0x80005d40 (0x00a8d413) srli    s0, a7, 10
core   0: 3 0x80005d40 (0x00a8d413) x 8 0x00001cc0
core   0: 0x80005d44 (0x01914b33) xor     s6, sp, s9
core   0: 3 0x80005d44 (0x01914b33) x22 0x00000000
core   0: 0x80005d48 (0x038346b3) div     a3, t1, s8
core   0: 3 0x80005d48 (0x038346b3) x13 0x00000745
core   0: 0x80005d4c (0x02d776b3) remu    a3, a4, a3
core   0: 3 0x80005d4c (0x02d776b3) x13 0x0000022d
core   0: 0x80005d50 (0x026909b3) mul     s3, s2, t1
core   0: 3 0x80005d50 (0x026909b3) x19 0xbbcb8779
core   0: 0x80005d54 (0x0058ea33) or      s4, a7, t0
core   0: 3 0x80005d54 (0x0058ea33) x20 0xfffffbef
core   0: 0x80005d58 (0x01e1dc93) srli    s9, gp, 30
core   0: 3 0x80005d58 (0x01e1dc93) x25 0x00000000
core   0: 0x80005d5c (0x03cd4cb3) div     s9, s10, t3
core   0: 3 0x80005d5c (0x03cd4cb3) x25 0x00012d28
core   0: 0x80005d60 (0x4455bf97) auipc   t6, 0x4455b
core   0: 3 0x80005d60 (0x4455bf97) x31 0xc4560d60
core   0: 0x80005d64 (0x01a1e233) or      tp, gp, s10
core   0: 3 0x80005d64 (0x01a1e233) x 4 0xc4230000
core   0: 0x80005d68 (0x01d931b3) sltu    gp, s2, t4
core   0: 3 0x80005d68 (0x01d931b3) x 3 0x00000000
core   0: 0x80005d6c (0x02f87e33) remu    t3, a6, a5
core   0: 3 0x80005d6c (0x02f87e33) x28 0x0cf9f2c0
core   0: 0x80005d70 (0x179f3b13) sltiu   s6, t5, 377
core   0: 3 0x80005d70 (0x179f3b13) x22 0x00000000
core   0: 0x80005d74 (0xd718ab93) slti    s7, a7, -655
core   0: 3 0x80005d74 (0xd718ab93) x23 0x00000000
core   0: 0x80005d78 (0x00791c33) sll     s8, s2, t2
core   0: 3 0x80005d78 (0x00791c33) x24 0x00e60eb6
core   0: 0x80005d7c (0x039b54b3) divu    s1, s6, s9
core   0: 3 0x80005d7c (0x039b54b3) x 9 0x00000000
core   0: 0x80005d80 (0x82f57b13) andi    s6, a0, -2001
core   0: 3 0x80005d80 (0x82f57b13) x22 0x0019602d
core   0: 0x80005d84 (0x014d91b3) sll     gp, s11, s4
core   0: 3 0x80005d84 (0x014d91b3) x 3 0x00038000
core   0: 0x80005d88 (0x02e08bb3) mul     s7, ra, a4
core   0: 3 0x80005d88 (0x02e08bb3) x23 0x00000000
core   0: 0x80005d8c (0x14324f93) xori    t6, tp, 323
core   0: 3 0x80005d8c (0x14324f93) x31 0xc4230143
core   0: 0x80005d90 (0x02e410b3) mulh    ra, s0, a4
core   0: 3 0x80005d90 (0x02e410b3) x 1 0xfffff1a0
core   0: 0x80005d94 (0x00000013) nop
core   0: 3 0x80005d94 (0x00000013)
core   0: 0x80005d98 (0x400f8fb3) sub     t6, t6, zero
core   0: 3 0x80005d98 (0x400f8fb3) x31 0xc4230143
core   0: 0x80005d9c (0x0062da33) srl     s4, t0, t1
core   0: 3 0x80005d9c (0x0062da33) x20 0x0000001f
core   0: 0x80005da0 (0x02120c33) mul     s8, tp, ra
core   0: 3 0x80005da0 (0x02120c33) x24 0x88e00000
core   0: 0x80005da4 (0x41e8d133) sra     sp, a7, t5
core   0: 3 0x80005da4 (0x41e8d133) x 2 0x00000000
core   0: 0x80005da8 (0x012f9e33) sll     t3, t6, s2
core   0: 3 0x80005da8 (0x012f9e33) x28 0x18000000
core   0: 0x80005dac (0x01569a93) slli    s5, a3, 21
core   0: 3 0x80005dac (0x01569a93) x21 0x45a00000
core   0: 0x80005db0 (0x018c7fb3) and     t6, s8, s8
core   0: 3 0x80005db0 (0x018c7fb3) x31 0x88e00000
core   0: 0x80005db4 (0x25687593) andi    a1, a6, 598
core   0: 3 0x80005db4 (0x25687593) x11 0x00000244
core   0: 0x80005db8 (0x038369b3) rem     s3, t1, s8
core   0: 3 0x80005db8 (0x038369b3) x19 0xfffff8bb
core   0: 0x80005dbc (0x00092b33) slt     s6, s2, zero
core   0: 3 0x80005dbc (0x00092b33) x22 0x00000000
core   0: 0x80005dc0 (0x6db06113) ori     sp, zero, 1755
core   0: 3 0x80005dc0 (0x6db06113) x 2 0x000006db
core   0: 0x80005dc4 (0x3aaca693) slti    a3, s9, 938
core   0: 3 0x80005dc4 (0x3aaca693) x13 0x00000000
core   0: 0x80005dc8 (0x00e07a33) and     s4, zero, a4
core   0: 3 0x80005dc8 (0x00e07a33) x20 0x00000000
core   0: 0x80005dcc (0xced1c993) xori    s3, gp, -787
core   0: 3 0x80005dcc (0xced1c993) x19 0xfffc7ced
core   0: 0x80005dd0 (0xe4e40893) addi    a7, s0, -434
core   0: 3 0x80005dd0 (0xe4e40893) x17 0x00001b0e
core   0: 0x80005dd4 (0x41e6d413) srai    s0, a3, 30
core   0: 3 0x80005dd4 (0x41e6d413) x 8 0x00000000
core   0: 0x80005dd8 (0x01f4ffb3) and     t6, s1, t6
core   0: 3 0x80005dd8 (0x01f4ffb3) x31 0x00000000
core   0: 0x80005ddc (0x6c4223b7) lui     t2, 0x6c422
core   0: 3 0x80005ddc (0x6c4223b7) x 7 0x6c422000
core   0: 0x80005de0 (0x034885b3) mul     a1, a7, s4
core   0: 3 0x80005de0 (0x034885b3) x11 0x00000000
core   0: 0x80005de4 (0x92628393) addi    t2, t0, -1754
core   0: 3 0x80005de4 (0x92628393) x 7 0xfffff4cb
core   0: 0x80005de8 (0x02ae4633) div     a2, t3, a0
core   0: 3 0x80005de8 (0x02ae4633) x12 0x000000f1
core   0: 0x80005dec (0xbd4c7b17) auipc   s6, 0xbd4c7
core   0: 3 0x80005dec (0xbd4c7b17) x22 0x3d4ccdec
core   0: 0x80005df0 (0x18cb6093) ori     ra, s6, 396
core   0: 3 0x80005df0 (0x18cb6093) x 1 0x3d4ccdec
core   0: 0x80005df4 (0x03ccc633) div     a2, s9, t3
core   0: 3 0x80005df4 (0x03ccc633) x12 0x00000000
core   0: 0x80005df8 (0x01b35693) srli    a3, t1, 27
core   0: 3 0x80005df8 (0x01b35693) x13 0x0000001f
core   0: 0x80005dfc (0x403300b3) sub     ra, t1, gp
core   0: 3 0x80005dfc (0x403300b3) x 1 0xfffc78bb
core   0: 0x80005e00 (0xba96ca93) xori    s5, a3, -1111
core   0: 3 0x80005e00 (0xba96ca93) x21 0xfffffbb6
core   0: 0x80005e04 (0x0007e233) or      tp, a5, zero
core   0: 3 0x80005e04 (0x0007e233) x 4 0x73075ba4
core   0: 0x80005e08 (0x01b5d433) srl     s0, a1, s11
core   0: 3 0x80005e08 (0x01b5d433) x 8 0x00000000
core   0: 0x80005e0c (0xf9226213) ori     tp, tp, -110
core   0: 3 0x80005e0c (0xf9226213) x 4 0xffffffb6
core   0: 0x80005e10 (0x0134d9b3) srl     s3, s1, s3
core   0: 3 0x80005e10 (0x0134d9b3) x19 0x00000000
core   0: 0x80005e14 (0x020a60b3) rem     ra, s4, zero
core   0: 3 0x80005e14 (0x020a60b3) x 1 0x00000000
core   0: 0x80005e18 (0x016a8333) add     t1, s5, s6
core   0: 3 0x80005e18 (0x016a8333) x 6 0x3d4cc9a2
core   0: 0x80005e1c (0x41c75413) srai    s0, a4, 28
core   0: 3 0x80005e1c (0x41c75413) x 8 0xfffffff8
core   0: 0x80005e20 (0x02960bb3) mul     s7, a2, s1
core   0: 3 0x80005e20 (0x02960bb3) x23 0x00000000
core   0: 0x80005e24 (0x30e3ed17) auipc   s10, 0x30e3e
core   0: 3 0x80005e24 (0x30e3ed17) x26 0xb0e43e24
core   0: 0x80005e28 (0x40b6d8b3) sra     a7, a3, a1
core   0: 3 0x80005e28 (0x40b6d8b3) x17 0x0000001f
core   0: 0x80005e2c (0x02a56e33) rem     t3, a0, a0
core   0: 3 0x80005e2c (0x02a56e33) x28 0x00000000
core   0: 0x80005e30 (0x009578b3) and     a7, a0, s1
core   0: 3 0x80005e30 (0x009578b3) x17 0x00000000
core   0: 0x80005e34 (0x013074b3) and     s1, zero, s3
core   0: 3 0x80005e34 (0x013074b3) x 9 0x00000000
core   0: 0x80005e38 (0x021fc333) div     t1, t6, ra
core   0: 3 0x80005e38 (0x021fc333) x 6 0xffffffff
core   0: 0x80005e3c (0x03be7bb3) remu    s7, t3, s11
core   0: 3 0x80005e3c (0x03be7bb3) x23 0x00000000
core   0: 0x80005e40 (0x03c10333) mul     t1, sp, t3
core   0: 3 0x80005e40 (0x03c10333) x 6 0x00000000
core   0: 0x80005e44 (0x0391ed33) rem     s10, gp, s9
core   0: 3 0x80005e44 (0x0391ed33) x26 0x000125b0
core   0: 0x80005e48 (0x27268d13) addi    s10, a3, 626
core   0: 3 0x80005e48 (0x27268d13) x26 0x00000291
core   0: 0x80005e4c (0x41f28c33) sub     s8, t0, t6
core   0: 3 0x80005e4c (0x41f28c33) x24 0xfffffba5
core   0: 0x80005e50 (0x00000013) nop
core   0: 3 0x80005e50 (0x00000013)
core   0: 0x80005e54 (0x031f0333) mul     t1, t5, a7
core   0: 3 0x80005e54 (0x031f0333) x 6 0x00000000
core   0: 0x80005e58 (0x02d513b3) mulh    t2, a0, a3
core   0: 3 0x80005e58 (0x02d513b3) x 7 0x00000000
core   0: 0x80005e5c (0x41bddc33) sra     s8, s11, s11
core   0: 3 0x80005e5c (0x41bddc33) x24 0x00000000
core   0: 0x80005e60 (0x0354af33) mulhsu  t5, s1, s5
core   0: 3 0x80005e60 (0x0354af33) x30 0x00000000
core   0: 0x80005e64 (0x4b8dbd17) auipc   s10, 0x4b8db
core   0: 3 0x80005e64 (0x4b8dbd17) x26 0xcb8e0e64
core   0: 0x80005e68 (0x01e82ab3) slt     s5, a6, t5
core   0: 3 0x80005e68 (0x01e82ab3) x21 0x00000001
core   0: 0x80005e6c (0x037a7133) remu    sp, s4, s7
core   0: 3 0x80005e6c (0x037a7133) x 2 0x00000000
core   0: 0x80005e70 (0x01c033b3) snez    t2, t3
core   0: 3 0x80005e70 (0x01c033b3) x 7 0x00000000
core   0: 0x80005e74 (0x031a0433) mul     s0, s4, a7
core   0: 3 0x80005e74 (0x031a0433) x 8 0x00000000
core   0: 0x80005e78 (0x74bca797) auipc   a5, 0x74bca
core   0: 3 0x80005e78 (0x74bca797) x15 0xf4bcfe78
core   0: 0x80005e7c (0x01475cb3) srl     s9, a4, s4
core   0: 3 0x80005e7c (0x01475cb3) x25 0x80018ce4
core   0: 0x80005e80 (0x02fd0e33) mul     t3, s10, a5
core   0: 3 0x80005e80 (0x02fd0e33) x28 0x3e4df6e0
core   0: 0x80005e84 (0x1a755c37) lui     s8, 0x1a755
core   0: 3 0x80005e84 (0x1a755c37) x24 0x1a755000
core   0: 0x80005e88 (0xc515b293) sltiu   t0, a1, -943
core   0: 3 0x80005e88 (0xc515b293) x 5 0x00000001
core   0: 0x80005e8c (0x74f72f17) auipc   t5, 0x74f72
core   0: 3 0x80005e8c (0x74f72f17) x30 0xf4f77e8c
core   0: 0x80005e90 (0x408ed5b3) sra     a1, t4, s0
core   0: 3 0x80005e90 (0x408ed5b3) x11 0x00000567
core   0: 0x80005e94 (0x03bef033) remu    zero, t4, s11
core   0: 3 0x80005e94 (0x03bef033)
core   0: 0x80005e98 (0x99718e93) addi    t4, gp, -1641
core   0: 3 0x80005e98 (0x99718e93) x29 0x00037997
core   0: 0x80005e9c (0x02e31633) mulh    a2, t1, a4
core   0: 3 0x80005e9c (0x02e31633) x12 0x00000000
core   0: 0x80005ea0 (0x7c722f37) lui     t5, 0x7c722
core   0: 3 0x80005ea0 (0x7c722f37) x30 0x7c722000
core   0: 0x80005ea4 (0xb4c04293) xori    t0, zero, -1204
core   0: 3 0x80005ea4 (0xb4c04293) x 5 0xfffffb4c
core   0: 0x80005ea8 (0x02761133) mulh    sp, a2, t2
core   0: 3 0x80005ea8 (0x02761133) x 2 0x00000000
core   0: 0x80005eac (0x002de633) or      a2, s11, sp
core   0: 3 0x80005eac (0x002de633) x12 0x00000007
core   0: 0x80005eb0 (0x007f52b3) srl     t0, t5, t2
core   0: 3 0x80005eb0 (0x007f52b3) x 5 0x7c722000
core   0: 0x80005eb4 (0x00000013) nop
core   0: 3 0x80005eb4 (0x00000013)
core   0: 0x80005eb8 (0x017ded33) or      s10, s11, s7
core   0: 3 0x80005eb8 (0x017ded33) x26 0x00000007
core   0: 0x80005ebc (0x013a35b3) sltu    a1, s4, s3
core   0: 3 0x80005ebc (0x013a35b3) x11 0x00000000
core   0: 0x80005ec0 (0x003d47b3) xor     a5, s10, gp
core   0: 3 0x80005ec0 (0x003d47b3) x15 0x00038007
core   0: 0x80005ec4 (0x6e344093) xori    ra, s0, 1763
core   0: 3 0x80005ec4 (0x6e344093) x 1 0x000006e3
core   0: 0x80005ec8 (0xdcf1a893) slti    a7, gp, -561
core   0: 3 0x80005ec8 (0xdcf1a893) x17 0x00000000
core   0: 0x80005ecc (0x0084c3b3) xor     t2, s1, s0
core   0: 3 0x80005ecc (0x0084c3b3) x 7 0x00000000
core   0: 0x80005ed0 (0x019e87b3) add     a5, t4, s9
core   0: 3 0x80005ed0 (0x019e87b3) x15 0x8005067b
core   0: 0x80005ed4 (0x414581b3) sub     gp, a1, s4
core   0: 3 0x80005ed4 (0x414581b3) x 3 0x00000000
core   0: 0x80005ed8 (0x037b0d33) mul     s10, s6, s7
core   0: 3 0x80005ed8 (0x037b0d33) x26 0x00000000
core   0: 0x80005edc (0x00a29e33) sll     t3, t0, a0
core   0: 3 0x80005edc (0x00a29e33) x28 0x00000000
core   0: 0x80005ee0 (0xcd742993) slti    s3, s0, -809
core   0: 3 0x80005ee0 (0xcd742993) x19 0x00000000
core   0: 0x80005ee4 (0x00ae9693) slli    a3, t4, 10
core   0: 3 0x80005ee4 (0x00ae9693) x13 0x0de65c00
core   0: 0x80005ee8 (0x3d8ca413) slti    s0, s9, 984
core   0: 3 0x80005ee8 (0x3d8ca413) x 8 0x00000001
core   0: 0x80005eec (0x0076a9b3) slt     s3, a3, t2
core   0: 3 0x80005eec (0x0076a9b3) x19 0x00000000
core   0: 0x80005ef0 (0x02f58133) mul     sp, a1, a5
core   0: 3 0x80005ef0 (0x02f58133) x 2 0x00000000
core   0: 0x80005ef4 (0x01df9533) sll     a0, t6, t4
core   0: 3 0x80005ef4 (0x01df9533) x10 0x00000000
core   0: 0x80005ef8 (0x03726a33) rem     s4, tp, s7
core   0: 3 0x80005ef8 (0x03726a33) x20 0xffffffb6
core   0: 0x80005efc (0xd5c3fa93) andi    s5, t2, -676
core   0: 3 0x80005efc (0xd5c3fa93) x21 0x00000000
core   0: 0x80005f00 (0x01a9a2b3) slt     t0, s3, s10
core   0: 3 0x80005f00 (0x01a9a2b3) x 5 0x00000000
core   0: 0x80005f04 (0x00be0433) add     s0, t3, a1
core   0: 3 0x80005f04 (0x00be0433) x 8 0x00000000
core   0: 0x80005f08 (0x02d444b3) div     s1, s0, a3
core   0: 3 0x80005f08 (0x02d444b3) x 9 0x00000000
core   0: 0x80005f0c (0x0272acb3) mulhsu  s9, t0, t2
core   0: 3 0x80005f0c (0x0272acb3) x25 0x00000000
core   0: 0x80005f10 (0x00ee9633) sll     a2, t4, a4
core   0: 3 0x80005f10 (0x00ee9633) x12 0x00379970
core   0: 0x80005f14 (0x41fc8533) sub     a0, s9, t6
core   0: 3 0x80005f14 (0x41fc8533) x10 0x00000000
core   0: 0x80005f18 (0x40660533) sub     a0, a2, t1
core   0: 3 0x80005f18 (0x40660533) x10 0x00379970
core   0: 0x80005f1c (0x40ec5393) srai    t2, s8, 14
core   0: 3 0x80005f1c (0x40ec5393) x 7 0x000069d5
core   0: 0x80005f20 (0x7b03a013) slti    zero, t2, 1968
core   0: 3 0x80005f20 (0x7b03a013)
core   0: 0x80005f24 (0x4111d5b3) sra     a1, gp, a7
core   0: 3 0x80005f24 (0x4111d5b3) x11 0x00000000
core   0: 0x80005f28 (0x1c6a6f93) ori     t6, s4, 454
core   0: 3 0x80005f28 (0x1c6a6f93) x31 0xfffffff6
core   0: 0x80005f2c (0x0021a333) slt     t1, gp, sp
core   0: 3 0x80005f2c (0x0021a333) x 6 0x00000000
core   0: 0x80005f30 (0x005dc433) xor     s0, s11, t0
core   0: 3 0x80005f30 (0x005dc433) x 8 0x00000007
core   0: 0x80005f34 (0x0305af33) mulhsu  t5, a1, a6
core   0: 3 0x80005f34 (0x0305af33) x30 0x00000000
core   0: 0x80005f38 (0x415b5fb3) sra     t6, s6, s5
core   0: 3 0x80005f38 (0x415b5fb3) x31 0x3d4ccdec
core   0: 0x80005f3c (0x0005d493) srli    s1, a1, 0
core   0: 3 0x80005f3c (0x0005d493) x 9 0x00000000
core   0: 0x80005f40 (0x03eae2b3) rem     t0, s5, t5
core   0: 3 0x80005f40 (0x03eae2b3) x 5 0x00000000
core   0: 0x80005f44 (0x57b6f113) andi    sp, a3, 1403
core   0: 3 0x80005f44 (0x57b6f113) x 2 0x00000400
core   0: 0x80005f48 (0x016d9793) slli    a5, s11, 22
core   0: 3 0x80005f48 (0x016d9793) x15 0x01c00000
core   0: 0x80005f4c (0x5da5c913) xori    s2, a1, 1498
core   0: 3 0x80005f4c (0x5da5c913) x18 0x000005da
core   0: 0x80005f50 (0x00781233) sll     tp, a6, t2
core   0: 3 0x80005f50 (0x00781233) x 4 0xcc800000
core   0: 0x80005f54 (0x031a36b3) mulhu   a3, s4, a7
core   0: 3 0x80005f54 (0x031a36b3) x13 0x00000000
core   0: 0x80005f58 (0x00c5e6b3) or      a3, a1, a2
core   0: 3 0x80005f58 (0x00c5e6b3) x13 0x00379970
core   0: 0x80005f5c (0x020cc3b3) div     t2, s9, zero
core   0: 3 0x80005f5c (0x020cc3b3) x 7 0xffffffff
core   0: 0x80005f60 (0x00637533) and     a0, t1, t1
core   0: 3 0x80005f60 (0x00637533) x10 0x00000000
core   0: 0x80005f64 (0x3ae00513) li      a0, 942
core   0: 3 0x80005f64 (0x3ae00513) x10 0x000003ae
core   0: 0x80005f68 (0x0162e5b3) or      a1, t0, s6
core   0: 3 0x80005f68 (0x0162e5b3) x11 0x3d4ccdec
core   0: 0x80005f6c (0x0cc7d297) auipc   t0, 0xcc7d
core   0: 3 0x80005f6c (0x0cc7d297) x 5 0x8cc82f6c
core   0: 0x80005f70 (0x010d71b3) and     gp, s10, a6
core   0: 3 0x80005f70 (0x010d71b3) x 3 0x00000000
core   0: 0x80005f74 (0xfdacac93) slti    s9, s9, -38
core   0: 3 0x80005f74 (0xfdacac93) x25 0x00000000
core   0: 0x80005f78 (0x9ad80a13) addi    s4, a6, -1619
core   0: 3 0x80005f78 (0x9ad80a13) x20 0x80014811
core   0: 0x80005f7c (0x003ed533) srl     a0, t4, gp
core   0: 3 0x80005f7c (0x003ed533) x10 0x00037997
core   0: 0x80005f80 (0x03739cb3) mulh    s9, t2, s7
core   0: 3 0x80005f80 (0x03739cb3) x25 0x00000000
core   0: 0x80005f84 (0x00efa8b3) slt     a7, t6, a4
core   0: 3 0x80005f84 (0x00efa8b3) x17 0x00000000
core   0: 0x80005f88 (0x03e58e33) mul     t3, a1, t5
core   0: 3 0x80005f88 (0x03e58e33) x28 0x00000000
core   0: 0x80005f8c (0x011798b3) sll     a7, a5, a7
core   0: 3 0x80005f8c (0x011798b3) x17 0x01c00000
core   0: 0x80005f90 (0x01b29113) slli    sp, t0, 27
core   0: 3 0x80005f90 (0x01b29113) x 2 0x60000000
core   0: 0x80005f94 (0x86914693) xori    a3, sp, -1943
core   0: 3 0x80005f94 (0x86914693) x13 0x9ffff869
core   0: 0x80005f98 (0x000e15b3) sll     a1, t3, zero
core   0: 3 0x80005f98 (0x000e15b3) x11 0x00000000
core   0: 0x80005f9c (0x02e8f8b3) remu    a7, a7, a4
core   0: 3 0x80005f9c (0x02e8f8b3) x17 0x01c00000
core   0: 0x80005fa0 (0x1bf6ea37) lui     s4, 0x1bf6e
core   0: 3 0x80005fa0 (0x1bf6ea37) x20 0x1bf6e000
core   0: 0x80005fa4 (0x6bad3213) sltiu   tp, s10, 1722
core   0: 3 0x80005fa4 (0x6bad3213) x 4 0x00000001
core   0: 0x80005fa8 (0x0b127913) andi    s2, tp, 177
core   0: 3 0x80005fa8 (0x0b127913) x18 0x00000001
core   0: 0x80005fac (0x024c0c33) mul     s8, s8, tp
core   0: 3 0x80005fac (0x024c0c33) x24 0x1a755000
core   0: 0x80005fb0 (0x8f1b7513) andi    a0, s6, -1807
core   0: 3 0x80005fb0 (0x8f1b7513) x10 0x3d4cc8e0
core   0: 0x80005fb4 (0x402e5e13) srai    t3, t3, 2
core   0: 3 0x80005fb4 (0x402e5e13) x28 0x00000000
core   0: 0x80005fb8 (0x0350b933) mulhu   s2, ra, s5
core   0: 3 0x80005fb8 (0x0350b933) x18 0x00000000
core   0: 0x80005fbc (0x007b00b3) add     ra, s6, t2
core   0: 3 0x80005fbc (0x007b00b3) x 1 0x3d4ccdeb
core   0: 0x80005fc0 (0x01983333) sltu    t1, a6, s9
core   0: 3 0x80005fc0 (0x01983333) x 6 0x00000000
core   0: 0x80005fc4 (0x00000013) nop
core   0: 3 0x80005fc4 (0x00000013)
core   0: 0x80005fc8 (0x409188b3) sub     a7, gp, s1
core   0: 3 0x80005fc8 (0x409188b3) x17 0x00000000
core   0: 0x80005fcc (0x00f40e33) add     t3, s0, a5
core   0: 3 0x80005fcc (0x00f40e33) x28 0x01c00007
core   0: 0x80005fd0 (0x408482b3) sub     t0, s1, s0
core   0: 3 0x80005fd0 (0x408482b3) x 5 0xfffffff9
core   0: 0x80005fd4 (0xc4b97f93) andi    t6, s2, -949
core   0: 3 0x80005fd4 (0xc4b97f93) x31 0x00000000
core   0: 0x80005fd8 (0x00000013) nop
core   0: 3 0x80005fd8 (0x00000013)
core   0: 0x80005fdc (0x004d71b3) and     gp, s10, tp
core   0: 3 0x80005fdc (0x004d71b3) x 3 0x00000000
core   0: 0x80005fe0 (0x822d8193) addi    gp, s11, -2014
core   0: 3 0x80005fe0 (0x822d8193) x 3 0xfffff829
core   0: 0x80005fe4 (0x00ca19b3) sll     s3, s4, a2
core   0: 3 0x80005fe4 (0x00ca19b3) x19 0xe0000000
core   0: 0x80005fe8 (0x01be5e33) srl     t3, t3, s11
core   0: 3 0x80005fe8 (0x01be5e33) x28 0x00038000
core   0: 0x80005fec (0xe9def293) andi    t0, t4, -355
core   0: 3 0x80005fec (0xe9def293) x 5 0x00037895
core   0: 0x80005ff0 (0x0050a8b3) slt     a7, ra, t0
core   0: 3 0x80005ff0 (0x0050a8b3) x17 0x00000000
core   0: 0x80005ff4 (0x02ea7133) remu    sp, s4, a4
core   0: 3 0x80005ff4 (0x02ea7133) x 2 0x1bf6e000
core   0: 0x80005ff8 (0x02100e33) mul     t3, zero, ra
core   0: 3 0x80005ff8 (0x02100e33) x28 0x00000000
core   0: 0x80005ffc (0x71844a93) xori    s5, s0, 1816
core   0: 3 0x80005ffc (0x71844a93) x21 0x0000071f
core   0: 0x80006000 (0x00000013) nop
core   0: 3 0x80006000 (0x00000013)
core   0: 0x80006004 (0x00a92233) slt     tp, s2, a0
core   0: 3 0x80006004 (0x00a92233) x 4 0x00000001
core   0: 0x80006008 (0x015d9333) sll     t1, s11, s5
core   0: 3 0x80006008 (0x015d9333) x 6 0x80000000
core   0: 0x8000600c (0x00000013) nop
core   0: 3 0x8000600c (0x00000013)
core   0: 0x80006010 (0x030d8633) mul     a2, s11, a6
core   0: 3 0x80006010 (0x030d8633) x12 0x800924bc
core   0: 0x80006014 (0x01d967b3) or      a5, s2, t4
core   0: 3 0x80006014 (0x01d967b3) x15 0x00037997
core   0: 0x80006018 (0x6c21b913) sltiu   s2, gp, 1730
core   0: 3 0x80006018 (0x6c21b913) x18 0x00000000
core   0: 0x8000601c (0x02fae933) rem     s2, s5, a5
core   0: 3 0x8000601c (0x02fae933) x18 0x0000071f
core   0: 0x80006020 (0x0045cab3) xor     s5, a1, tp
core   0: 3 0x80006020 (0x0045cab3) x21 0x00000001
core   0: 0x80006024 (0x02ce2333) mulhsu  t1, t3, a2
core   0: 3 0x80006024 (0x02ce2333) x 6 0x00000000
core   0: 0x80006028 (0x01249513) slli    a0, s1, 18
core   0: 3 0x80006028 (0x01249513) x10 0x00000000
core   0: 0x8000602c (0xd4977a13) andi    s4, a4, -695
core   0: 3 0x8000602c (0xd4977a13) x20 0x80018c40
core   0: 0x80006030 (0x001530b3) sltu    ra, a0, ra
core   0: 3 0x80006030 (0x001530b3) x 1 0x00000001
core   0: 0x80006034 (0x02bdfd33) remu    s10, s11, a1
core   0: 3 0x80006034 (0x02bdfd33) x26 0x00000007
core   0: 0x80006038 (0x006bec33) or      s8, s7, t1
core   0: 3 0x80006038 (0x006bec33) x24 0x00000000
core   0: 0x8000603c (0x035037b3) mulhu   a5, zero, s5
core   0: 3 0x8000603c (0x035037b3) x15 0x00000000
core   0: 0x80006040 (0x41d3db33) sra     s6, t2, t4
core   0: 3 0x80006040 (0x41d3db33) x22 0xffffffff
core   0: 0x80006044 (0x01371a33) sll     s4, a4, s3
core   0: 3 0x80006044 (0x01371a33) x20 0x80018ce4
core   0: 0x80006048 (0x00c91013) slli    zero, s2, 12
core   0: 3 0x80006048 (0x00c91013)
core   0: 0x8000604c (0x034000b3) mul     ra, zero, s4
core   0: 3 0x8000604c (0x034000b3) x 1 0x00000000
core   0: 0x80006050 (0x00041113) slli    sp, s0, 0
core   0: 3 0x80006050 (0x00041113) x 2 0x00000007
core   0: 0x80006054 (0x405ad913) srai    s2, s5, 5
core   0: 3 0x80006054 (0x405ad913) x18 0x00000000
core   0: 0x80006058 (0x03321c33) mulh    s8, tp, s3
core   0: 3 0x80006058 (0x03321c33) x24 0xffffffff
core   0: 0x8000605c (0x00235513) srli    a0, t1, 2
core   0: 3 0x8000605c (0x00235513) x10 0x00000000
core   0: 0x80006060 (0x01d4f933) and     s2, s1, t4
core   0: 3 0x80006060 (0x01d4f933) x18 0x00000000
core   0: 0x80006064 (0x003813b3) sll     t2, a6, gp
core   0: 3 0x80006064 (0x003813b3) x 7 0x029cc800
core   0: 0x80006068 (0x41c85593) srai    a1, a6, 28
core   0: 3 0x80006068 (0x41c85593) x11 0xfffffff8
core   0: 0x8000606c (0x09dfe113) ori     sp, t6, 157
core   0: 3 0x8000606c (0x09dfe113) x 2 0x0000009d
core   0: 0x80006070 (0x021c03b3) mul     t2, s8, ra
core   0: 3 0x80006070 (0x021c03b3) x 7 0x00000000
core   0: 0x80006074 (0x0036d193) srli    gp, a3, 3
core   0: 3 0x80006074 (0x0036d193) x 3 0x13ffff0d
core   0: 0x80006078 (0x5531ff17) auipc   t5, 0x5531f
core   0: 3 0x80006078 (0x5531ff17) x30 0xd5325078
core   0: 0x8000607c (0x00619893) slli    a7, gp, 6
core   0: 3 0x8000607c (0x00619893) x17 0xffffc340
core   0: 0x80006080 (0x40028433) sub     s0, t0, zero
core   0: 3 0x80006080 (0x40028433) x 8 0x00037895
core   0: 0x80006084 (0x01cfb4b3) sltu    s1, t6, t3
core   0: 3 0x80006084 (0x01cfb4b3) x 9 0x00000000
core   0: 0x80006088 (0x030478b3) remu    a7, s0, a6
core   0: 3 0x80006088 (0x030478b3) x17 0x00037895
core   0: 0x8000608c (0x013099b3) sll     s3, ra, s3
core   0: 3 0x8000608c (0x013099b3) x19 0x00000000
core   0: 0x80006090 (0x40c90f33) sub     t5, s2, a2
core   0: 3 0x80006090 (0x40c90f33) x30 0x7ff6db44
core   0: 0x80006094 (0x006713b3) sll     t2, a4, t1
core   0: 3 0x80006094 (0x006713b3) x 7 0x80018ce4
core   0: 0x80006098 (0x03204033) div     zero, zero, s2
core   0: 3 0x80006098 (0x03204033)
core   0: 0x8000609c (0x360a8913) addi    s2, s5, 864
core   0: 3 0x8000609c (0x360a8913) x18 0x00000361
core   0: 0x800060a0 (0x01fc7e33) and     t3, s8, t6
core   0: 3 0x800060a0 (0x01fc7e33) x28 0x00000000
core   0: 0x800060a4 (0xd15b2093) slti    ra, s6, -747
core   0: 3 0x800060a4 (0xd15b2093) x 1 0x00000000
core   0: 0x800060a8 (0x01773c33) sltu    s8, a4, s7
core   0: 3 0x800060a8 (0x01773c33) x24 0x00000000
core   0: 0x800060ac (0x00000013) nop
core   0: 3 0x800060ac (0x00000013)
core   0: 0x800060b0 (0x026c2333) mulhsu  t1, s8, t1
core   0: 3 0x800060b0 (0x026c2333) x 6 0x00000000
core   0: 0x800060b4 (0x02d202b3) mul     t0, tp, a3
core   0: 3 0x800060b4 (0x02d202b3) x 5 0x9ffff869
core   0: 0x800060b8 (0x41805533) sra     a0, zero, s8
core   0: 3 0x800060b8 (0x41805533) x10 0x00000000
core   0: 0x800060bc (0xdd784e93) xori    t4, a6, -553
core   0: 3 0x800060bc (0xdd784e93) x29 0x7ffeb3b3
core   0: 0x800060c0 (0x0146c333) xor     t1, a3, s4
core   0: 3 0x800060c0 (0x0146c333) x 6 0x1ffe748d
core   0: 0x800060c4 (0x407e89b3) sub     s3, t4, t2
core   0: 3 0x800060c4 (0x407e89b3) x19 0xfffd26cf
core   0: 0x800060c8 (0x00000013) nop
core   0: 3 0x800060c8 (0x00000013)
core   0: 0x800060cc (0x014f81b3) add     gp, t6, s4
core   0: 3 0x800060cc (0x014f81b3) x 3 0x80018ce4
core   0: 0x800060d0 (0x02bdf3b3) remu    t2, s11, a1
core   0: 3 0x800060d0 (0x02bdf3b3) x 7 0x00000007
core   0: 0x800060d4 (0x4b7d4393) xori    t2, s10, 1207
core   0: 3 0x800060d4 (0x4b7d4393) x 7 0x000004b0
core   0: 0x800060d8 (0xf57bb793) sltiu   a5, s7, -169
core   0: 3 0x800060d8 (0xf57bb793) x15 0x00000001
core   0: 0x800060dc (0x00eb53b3) srl     t2, s6, a4
core   0: 3 0x800060dc (0x00eb53b3) x 7 0x0fffffff
core   0: 0x800060e0 (0x0061ba33) sltu    s4, gp, t1
core   0: 3 0x800060e0 (0x0061ba33) x20 0x00000000
core   0: 0x800060e4 (0xf14f9797) auipc   a5, 0xf14f9
core   0: 3 0x800060e4 (0xf14f9797) x15 0x714ff0e4
core   0: 0x800060e8 (0x74dfe193) ori     gp, t6, 1869
core   0: 3 0x800060e8 (0x74dfe193) x 3 0x0000074d
core   0: 0x800060ec (0x00000013) nop
core   0: 3 0x800060ec (0x00000013)
core   0: 0x800060f0 (0x0102b1b3) sltu    gp, t0, a6
core   0: 3 0x800060f0 (0x0102b1b3) x 3 0x00000000
core   0: 0x800060f4 (0x41fc87b3) sub     a5, s9, t6
core   0: 3 0x800060f4 (0x41fc87b3) x15 0x00000000
core   0: 0x800060f8 (0x0644db97) auipc   s7, 0x644d
core   0: 3 0x800060f8 (0x0644db97) x23 0x864530f8
core   0: 0x800060fc (0x01321213) slli    tp, tp, 19
core   0: 3 0x800060fc (0x01321213) x 4 0x00080000
core   0: 0x80006100 (0xacb40e93) addi    t4, s0, -1333
core   0: 3 0x80006100 (0xacb40e93) x29 0x00037360
core   0: 0x80006104 (0x61196113) ori     sp, s2, 1553
core   0: 3 0x80006104 (0x61196113) x 2 0x00000771
core   0: 0x80006108 (0x03f61033) mulh    zero, a2, t6
core   0: 3 0x80006108 (0x03f61033)
core   0: 0x8000610c (0x03b3fb33) remu    s6, t2, s11
core   0: 3 0x8000610c (0x03b3fb33) x22 0x00000001
core   0: 0x80006110 (0x50c30f93) addi    t6, t1, 1292
core   0: 3 0x80006110 (0x50c30f93) x31 0x1ffe7999
core   0: 0x80006114 (0x018a5193) srli    gp, s4, 24
core   0: 3 0x80006114 (0x018a5193) x 3 0x00000000
core   0: 0x80006118 (0x035e57b3) divu    a5, t3, s5
core   0: 3 0x80006118 (0x035e57b3) x15 0x00000000
core   0: 0x8000611c (0x4440eb13) ori     s6, ra, 1092
core   0: 3 0x8000611c (0x4440eb13) x22 0x00000444
core   0: 0x80006120 (0x036708b3) mul     a7, a4, s6
core   0: 3 0x80006120 (0x036708b3) x17 0x069cfc90
core   0: 0x80006124 (0x035642b3) div     t0, a2, s5
core   0: 3 0x80006124 (0x035642b3) x 5 0x800924bc
core   0: 0x80006128 (0xeaaa2593) slti    a1, s4, -342
core   0: 3 0x80006128 (0xeaaa2593) x11 0x00000000
core   0: 0x8000612c (0xa2daa113) slti    sp, s5, -1491
core   0: 3 0x8000612c (0xa2daa113) x 2 0x00000000
core   0: 0x80006130 (0x001d9ab3) sll     s5, s11, ra
core   0: 3 0x80006130 (0x001d9ab3) x21 0x00000007
core   0: 0x80006134 (0x08528c17) auipc   s8, 0x8528
core   0: 3 0x80006134 (0x08528c17) x24 0x8852e134
core   0: 0x80006138 (0x00d747b3) xor     a5, a4, a3
core   0: 3 0x80006138 (0x00d747b3) x15 0x1ffe748d
core   0: 0x8000613c (0x40b3de93) srai    t4, t2, 11
core   0: 3 0x8000613c (0x40b3de93) x29 0x0001ffff
core   0: 0x80006140 (0x02cea4b3) mulhsu  s1, t4, a2
core   0: 3 0x80006140 (0x02cea4b3) x 9 0x00010011
core   0: 0x80006144 (0x03f299b3) mulh    s3, t0, t6
core   0: 3 0x80006144 (0x03f299b3) x19 0xf001e7bd
core   0: 0x80006148 (0x406e8933) sub     s2, t4, t1
core   0: 3 0x80006148 (0x406e8933) x18 0xe0038b72
core   0: 0x8000614c (0xbd7eb193) sltiu   gp, t4, -1065
core   0: 3 0x8000614c (0xbd7eb193) x 3 0x00000001
core   0: 0x80006150 (0x1a968a97) auipc   s5, 0x1a968
core   0: 3 0x80006150 (0x1a968a97) x21 0x9a96e150
core   0: 0x80006154 (0x298d3a13) sltiu   s4, s10, 664
core   0: 3 0x80006154 (0x298d3a13) x20 0x00000001
core   0: 0x80006158 (0x00000013) nop
core   0: 3 0x80006158 (0x00000013)
core   0: 0x8000615c (0x011aeeb3) or      t4, s5, a7
core   0: 3 0x8000615c (0x011aeeb3) x29 0x9e9efdd0
core   0: 0x80006160 (0x01b0e233) or      tp, ra, s11
core   0: 3 0x80006160 (0x01b0e233) x 4 0x00000007
core   0: 0x80006164 (0xe1702013) slti    zero, zero, -489
core   0: 3 0x80006164 (0xe1702013)
core   0: 0x80006168 (0x01159493) slli    s1, a1, 17
core   0: 3 0x80006168 (0x01159493) x 9 0x00000000
core   0: 0x8000616c (0x4055dd13) srai    s10, a1, 5
core   0: 3 0x8000616c (0x4055dd13) x26 0x00000000
core   0: 0x80006170 (0x01b88c33) add     s8, a7, s11
core   0: 3 0x80006170 (0x01b88c33) x24 0x069cfc97
core   0: 0x80006174 (0x0385ca33) div     s4, a1, s8
core   0: 3 0x80006174 (0x0385ca33) x20 0x00000000
core   0: 0x80006178 (0xfb3bb913) sltiu   s2, s7, -77
core   0: 3 0x80006178 (0xfb3bb913) x18 0x00000001
core   0: 0x8000617c (0x00c6a933) slt     s2, a3, a2
core   0: 3 0x8000617c (0x00c6a933) x18 0x00000000
core   0: 0x80006180 (0x41320bb3) sub     s7, tp, s3
core   0: 3 0x80006180 (0x41320bb3) x23 0x0ffe184a
core   0: 0x80006184 (0xc6536413) ori     s0, t1, -923
core   0: 3 0x80006184 (0xc6536413) x 8 0xfffffced
core   0: 0x80006188 (0x41bf5333) sra     t1, t5, s11
core   0: 3 0x80006188 (0x41bf5333) x 6 0x00ffedb6
core   0: 0x8000618c (0x37e52f13) slti    t5, a0, 894
core   0: 3 0x8000618c (0x37e52f13) x30 0x00000001
core   0: 0x80006190 (0x5548b3b7) lui     t2, 0x5548b
core   0: 3 0x80006190 (0x5548b3b7) x 7 0x5548b000
core   0: 0x80006194 (0x00000013) nop
core   0: 3 0x80006194 (0x00000013)
core   0: 0x80006198 (0x01821bb3) sll     s7, tp, s8
core   0: 3 0x80006198 (0x01821bb3) x23 0x03800000
core   0: 0x8000619c (0xb96a6b13) ori     s6, s4, -1130
core   0: 3 0x8000619c (0xb96a6b13) x22 0xfffffb96
core   0: 0x800061a0 (0xf4c50793) addi    a5, a0, -180
core   0: 3 0x800061a0 (0xf4c50793) x15 0xffffff4c
core   0: 0x800061a4 (0x11a28993) addi    s3, t0, 282
core   0: 3 0x800061a4 (0x11a28993) x19 0x800925d6
core   0: 0x800061a8 (0xa28eab13) slti    s6, t4, -1496
core   0: 3 0x800061a8 (0xa28eab13) x22 0x00000001
core   0: 0x800061ac (0x01c674b3) and     s1, a2, t3
core   0: 3 0x800061ac (0x01c674b3) x 9 0x00000000
core   0: 0x800061b0 (0xe6da2b13) slti    s6, s4, -403
core   0: 3 0x800061b0 (0xe6da2b13) x22 0x00000000
core   0: 0x800061b4 (0x12ef4e13) xori    t3, t5, 302
core   0: 3 0x800061b4 (0x12ef4e13) x28 0x0000012f
core   0: 0x800061b8 (0x015cb233) sltu    tp, s9, s5
core   0: 3 0x800061b8 (0x015cb233) x 4 0x00000001
core   0: 0x800061bc (0x00000013) nop
core   0: 3 0x800061bc (0x00000013)
core   0: 0x800061c0 (0x72da8913) addi    s2, s5, 1837
core   0: 3 0x800061c0 (0x72da8913) x18 0x9a96e87d
core   0: 0x800061c4 (0x027af6b3) remu    a3, s5, t2
core   0: 3 0x800061c4 (0x027af6b3) x13 0x454e3150
core   0: 0x800061c8 (0x0140b633) sltu    a2, ra, s4
core   0: 3 0x800061c8 (0x0140b633) x12 0x00000000
core   0: 0x800061cc (0x024ffeb3) remu    t4, t6, tp
core   0: 3 0x800061cc (0x024ffeb3) x29 0x00000000
core   0: 0x800061d0 (0xfee53597) auipc   a1, 0xfee53
core   0: 3 0x800061d0 (0xfee53597) x11 0x7ee591d0
core   0: 0x800061d4 (0xb723d097) auipc   ra, 0xb723d
core   0: 3 0x800061d4 (0xb723d097) x 1 0x372431d4
core   0: 0x800061d8 (0x01f8af33) slt     t5, a7, t6
core   0: 3 0x800061d8 (0x01f8af33) x30 0x00000001
core   0: 0x800061dc (0x03a94133) div     sp, s2, s10
core   0: 3 0x800061dc (0x03a94133) x 2 0xffffffff
core   0: 0x800061e0 (0x0049de33) srl     t3, s3, tp
core   0: 3 0x800061e0 (0x0049de33) x28 0x400492eb
core   0: 0x800061e4 (0x01e9e533) or      a0, s3, t5
core   0: 3 0x800061e4 (0x01e9e533) x10 0x800925d7
core   0: 0x800061e8 (0x00714533) xor     a0, sp, t2
core   0: 3 0x800061e8 (0x00714533) x10 0xaab74fff
core   0: 0x800061ec (0x40cad333) sra     t1, s5, a2
core   0: 3 0x800061ec (0x40cad333) x 6 0x9a96e150
core   0: 0x800061f0 (0x01315593) srli    a1, sp, 19
core   0: 3 0x800061f0 (0x01315593) x11 0x00001fff
core   0: 0x800061f4 (0x0ecfc037) lui     zero, 0xecfc
core   0: 3 0x800061f4 (0x0ecfc037)
core   0: 0x800061f8 (0x0053f333) and     t1, t2, t0
core   0: 3 0x800061f8 (0x0053f333) x 6 0x00082000
core   0: 0x800061fc (0x41ed8e33) sub     t3, s11, t5
core   0: 3 0x800061fc (0x41ed8e33) x28 0x00000006
core   0: 0x80006200 (0x0179ee33) or      t3, s3, s7
core   0: 3 0x80006200 (0x0179ee33) x28 0x838925d6
core   0: 0x80006204 (0x03078f33) mul     t5, a5, a6
core   0: 3 0x80006204 (0x03078f33) x30 0xff14e1b0
core   0: 0x80006208 (0x003e2233) slt     tp, t3, gp
core   0: 3 0x80006208 (0x003e2233) x 4 0x00000001
core   0: 0x8000620c (0x941f8413) addi    s0, t6, -1727
core   0: 3 0x8000620c (0x941f8413) x 8 0x1ffe72da
core   0: 0x80006210 (0x0287f2b3) remu    t0, a5, s0
core   0: 3 0x80006210 (0x0287f2b3) x 5 0x000c687c
core   0: 0x80006214 (0x1c942193) slti    gp, s0, 457
core   0: 3 0x80006214 (0x1c942193) x 3 0x00000000
core   0: 0x80006218 (0x013346b3) xor     a3, t1, s3
core   0: 3 0x80006218 (0x013346b3) x13 0x800105d6
core   0: 0x8000621c (0x015d2bb3) slt     s7, s10, s5
core   0: 3 0x8000621c (0x015d2bb3) x23 0x00000000
core   0: 0x80006220 (0x9910ae93) slti    t4, ra, -1647
core   0: 3 0x80006220 (0x9910ae93) x29 0x00000000
core   0: 0x80006224 (0x03771e33) mulh    t3, a4, s7
core   0: 3 0x80006224 (0x03771e33) x28 0x00000000
core   0: 0x80006228 (0x00b7ad33) slt     s10, a5, a1
core   0: 3 0x80006228 (0x00b7ad33) x26 0x00000001
core   0: 0x8000622c (0xb64bbf93) sltiu   t6, s7, -1180
core   0: 3 0x8000622c (0xb64bbf93) x31 0x00000001
core   0: 0x80006230 (0x0274ed33) rem     s10, s1, t2
core   0: 3 0x80006230 (0x0274ed33) x26 0x00000000
core   0: 0x80006234 (0xa57cb793) sltiu   a5, s9, -1449
core   0: 3 0x80006234 (0xa57cb793) x15 0x00000001
core   0: 0x80006238 (0x417d5ab3) sra     s5, s10, s7
core   0: 3 0x80006238 (0x417d5ab3) x21 0x00000000
core   0: 0x8000623c (0x03c7b6b3) mulhu   a3, a5, t3
core   0: 3 0x8000623c (0x03c7b6b3) x13 0x00000000
core   0: 0x80006240 (0x03831cb3) mulh    s9, t1, s8
core   0: 3 0x80006240 (0x03831cb3) x25 0x000035bb
core   0: 0x80006244 (0x41c35233) sra     tp, t1, t3
core   0: 3 0x80006244 (0x41c35233) x 4 0x00082000
core   0: 0x80006248 (0x0055e0b3) or      ra, a1, t0
core   0: 3 0x80006248 (0x0055e0b3) x 1 0x000c7fff
core   0: 0x8000624c (0x03c895b3) mulh    a1, a7, t3
core   0: 3 0x8000624c (0x03c895b3) x11 0x00000000
core   0: 0x80006250 (0x6f1c4e93) xori    t4, s8, 1777
core   0: 3 0x80006250 (0x6f1c4e93) x29 0x069cfa66
core   0: 0x80006254 (0x021f0a33) mul     s4, t5, ra
core   0: 3 0x80006254 (0x021f0a33) x20 0x06031e50
core   0: 0x80006258 (0x021885b3) mul     a1, a7, ra
core   0: 3 0x80006258 (0x021885b3) x11 0x4e6b0370
core   0: 0x8000625c (0x03737033) remu    zero, t1, s7
core   0: 3 0x8000625c (0x03737033)
core   0: 0x80006260 (0x031f78b3) remu    a7, t5, a7
core   0: 3 0x80006260 (0x031f78b3) x17 0x03c76450
core   0: 0x80006264 (0x92c98c93) addi    s9, s3, -1748
core   0: 3 0x80006264 (0x92c98c93) x25 0x80091f02
core   0: 0x80006268 (0x51e94393) xori    t2, s2, 1310
core   0: 3 0x80006268 (0x51e94393) x 7 0x9a96ed63
core   0: 0x8000626c (0x00bfdf33) srl     t5, t6, a1
core   0: 3 0x8000626c (0x00bfdf33) x30 0x00000000
core   0: 0x80006270 (0x0067fa33) and     s4, a5, t1
core   0: 3 0x80006270 (0x0067fa33) x20 0x00000000
core   0: 0x80006274 (0x8293c493) xori    s1, t2, -2007
core   0: 3 0x80006274 (0x8293c493) x 9 0x6569154a
core   0: 0x80006278 (0x00a14333) xor     t1, sp, a0
core   0: 3 0x80006278 (0x00a14333) x 6 0x5548b000
core   0: 0x8000627c (0x005e2533) slt     a0, t3, t0
core   0: 3 0x8000627c (0x005e2533) x10 0x00000001
core   0: 0x80006280 (0x00000013) nop
core   0: 3 0x80006280 (0x00000013)
core   0: 0x80006284 (0xb4ae1497) auipc   s1, 0xb4ae1
core   0: 3 0x80006284 (0xb4ae1497) x 9 0x34ae7284
core   0: 0x80006288 (0x40e5d933) sra     s2, a1, a4
core   0: 3 0x80006288 (0x40e5d933) x18 0x04e6b037
core   0: 0x8000628c (0x00686ab3) or      s5, a6, t1
core   0: 3 0x8000628c (0x00686ab3) x21 0xd549fe64
core   0: 0x80006290 (0x02652ab3) mulhsu  s5, a0, t1
core   0: 3 0x80006290 (0x02652ab3) x21 0x00000000
core   0: 0x80006294 (0x03b0f6b3) remu    a3, ra, s11
core   0: 3 0x80006294 (0x03b0f6b3) x13 0x00000003
core   0: 0x80006298 (0x0157a9b3) slt     s3, a5, s5
core   0: 3 0x80006298 (0x0157a9b3) x19 0x00000000
core   0: 0x8000629c (0x6d3f3c13) sltiu   s8, t5, 1747
core   0: 3 0x8000629c (0x6d3f3c13) x24 0x00000001
core   0: 0x800062a0 (0x022912b3) mulh    t0, s2, sp
core   0: 3 0x800062a0 (0x022912b3) x 5 0xffffffff
core   0: 0x800062a4 (0x02b7f133) remu    sp, a5, a1
core   0: 3 0x800062a4 (0x02b7f133) x 2 0x00000001
core   0: 0x800062a8 (0x6e8fb513) sltiu   a0, t6, 1768
core   0: 3 0x800062a8 (0x6e8fb513) x10 0x00000001
core   0: 0x800062ac (0x018162b3) or      t0, sp, s8
core   0: 3 0x800062ac (0x018162b3) x 5 0x00000001
core   0: 0x800062b0 (0x7a376217) auipc   tp, 0x7a376
core   0: 3 0x800062b0 (0x7a376217) x 4 0xfa37c2b0
core   0: 0x800062b4 (0x013df433) and     s0, s11, s3
core   0: 3 0x800062b4 (0x013df433) x 8 0x00000000
core   0: 0x800062b8 (0xa8d42b13) slti    s6, s0, -1395
core   0: 3 0x800062b8 (0xa8d42b13) x22 0x00000000
core   0: 0x800062bc (0x02d4f633) remu    a2, s1, a3
core   0: 3 0x800062bc (0x02d4f633) x12 0x00000001
core   0: 0x800062c0 (0x03200633) mul     a2, zero, s2
core   0: 3 0x800062c0 (0x03200633) x12 0x00000000
core   0: 0x800062c4 (0x01a411b3) sll     gp, s0, s10
core   0: 3 0x800062c4 (0x01a411b3) x 3 0x00000000
core   0: 0x800062c8 (0x018cc033) xor     zero, s9, s8
core   0: 3 0x800062c8 (0x018cc033)
core   0: 0x800062cc (0x019963b3) or      t2, s2, s9
core   0: 3 0x800062cc (0x019963b3) x 7 0x84efbf37
core   0: 0x800062d0 (0x8db73993) sltiu   s3, a4, -1829
core   0: 3 0x800062d0 (0x8db73993) x19 0x00000001
core   0: 0x800062d4 (0xec0e8c93) addi    s9, t4, -320
core   0: 3 0x800062d4 (0xec0e8c93) x25 0x069cf926
core   0: 0x800062d8 (0x0124dfb3) srl     t6, s1, s2
core   0: 3 0x800062d8 (0x0124dfb3) x31 0x00000069
core   0: 0x800062dc (0x16fd0997) auipc   s3, 0x16fd0
core   0: 3 0x800062dc (0x16fd0997) x19 0x96fd62dc
core   0: 0x800062e0 (0x02177c33) remu    s8, a4, ra
core   0: 3 0x800062e0 (0x02177c33) x24 0x00071721
core   0: 0x800062e4 (0x00953a33) sltu    s4, a0, s1
core   0: 3 0x800062e4 (0x00953a33) x20 0x00000001
core   0: 0x800062e8 (0x2f7f7497) auipc   s1, 0x2f7f7
core   0: 3 0x800062e8 (0x2f7f7497) x 9 0xaf7fd2e8
core   0: 0x800062ec (0x00000013) nop
core   0: 3 0x800062ec (0x00000013)
core   0: 0x800062f0 (0x00000013) nop
core   0: 3 0x800062f0 (0x00000013)
core   0: 0x800062f4 (0x016da3b3) slt     t2, s11, s6
core   0: 3 0x800062f4 (0x016da3b3) x 7 0x00000000
core   0: 0x800062f8 (0x039a4633) div     a2, s4, s9
core   0: 3 0x800062f8 (0x039a4633) x12 0x00000000
core   0: 0x800062fc (0x000fad33) slt     s10, t6, zero
core   0: 3 0x800062fc (0x000fad33) x26 0x00000000
core   0: 0x80006300 (0x0059efb3) or      t6, s3, t0
core   0: 3 0x80006300 (0x0059efb3) x31 0x96fd62dd
core   0: 0x80006304 (0x0252b9b3) mulhu   s3, t0, t0
core   0: 3 0x80006304 (0x0252b9b3) x19 0x00000000
core   0: 0x80006308 (0x7d72ea13) ori     s4, t0, 2007
core   0: 3 0x80006308 (0x7d72ea13) x20 0x000007d7
core   0: 0x8000630c (0x0126df93) srli    t6, a3, 18
core   0: 3 0x8000630c (0x0126df93) x31 0x00000000
core   0: 0x80006310 (0x88ff9fb7) lui     t6, 0x88ff9
core   0: 3 0x80006310 (0x88ff9fb7) x31 0x88ff9000
core   0: 0x80006314 (0xf3eb2013) slti    zero, s6, -194
core   0: 3 0x80006314 (0xf3eb2013)
core   0: 0x80006318 (0x023a5433) divu    s0, s4, gp
core   0: 3 0x80006318 (0x023a5433) x 8 0xffffffff
core   0: 0x8000631c (0x0043ebb3) or      s7, t2, tp
core   0: 3 0x8000631c (0x0043ebb3) x23 0xfa37c2b0
core   0: 0x80006320 (0x002aa0b3) slt     ra, s5, sp
core   0: 3 0x80006320 (0x002aa0b3) x 1 0x00000001
core   0: 0x80006324 (0x001c5613) srli    a2, s8, 1
core   0: 3 0x80006324 (0x001c5613) x12 0x00038b90
core   0: 0x80006328 (0x022bb1b3) mulhu   gp, s7, sp
core   0: 3 0x80006328 (0x022bb1b3) x 3 0x00000000
core   0: 0x8000632c (0x623b9317) auipc   t1, 0x623b9
core   0: 3 0x8000632c (0x623b9317) x 6 0xe23bf32c
core   0: 0x80006330 (0x0270f233) remu    tp, ra, t2
core   0: 3 0x80006330 (0x0270f233) x 4 0x00000001
core   0: 0x80006334 (0x018c1b13) slli    s6, s8, 24
core   0: 3 0x80006334 (0x018c1b13) x22 0x21000000
core   0: 0x80006338 (0x01c8c633) xor     a2, a7, t3
core   0: 3 0x80006338 (0x01c8c633) x12 0x03c76450
core   0: 0x8000633c (0x3c6e8313) addi    t1, t4, 966
core   0: 3 0x8000633c (0x3c6e8313) x 6 0x069cfe2c
core   0: 0x80006340 (0x27cdb413) sltiu   s0, s11, 636
core   0: 3 0x80006340 (0x27cdb413) x 8 0x00000001
core   0: 0x80006344 (0x037c22b3) mulhsu  t0, s8, s7
core   0: 3 0x80006344 (0x037c22b3) x 5 0x0006ee21
core   0: 0x80006348 (0x013c1c13) slli    s8, s8, 19
core   0: 3 0x80006348 (0x013c1c13) x24 0xb9080000
core   0: 0x8000634c (0xe9112013) slti    zero, sp, -367
core   0: 3 0x8000634c (0xe9112013)
core   0: 0x80006350 (0x0160aab3) slt     s5, ra, s6
core   0: 3 0x80006350 (0x0160aab3) x21 0x00000001
core   0: 0x80006354 (0x0d1f3893) sltiu   a7, t5, 209
core   0: 3 0x80006354 (0x0d1f3893) x17 0x00000001
core   0: 0x80006358 (0x004812b3) sll     t0, a6, tp
core   0: 3 0x80006358 (0x004812b3) x 5 0x00029cc8
core   0: 0x8000635c (0x4124d433) sra     s0, s1, s2
core   0: 3 0x8000635c (0x4124d433) x 8 0xffffff5e
core   0: 0x80006360 (0x416d5cb3) sra     s9, s10, s6
core   0: 3 0x80006360 (0x416d5cb3) x25 0x00000000
core   0: 0x80006364 (0x77553093) sltiu   ra, a0, 1909
core   0: 3 0x80006364 (0x77553093) x 1 0x00000001
core   0: 0x80006368 (0x00327fb3) and     t6, tp, gp
core   0: 3 0x80006368 (0x00327fb3) x31 0x00000000
core   0: 0x8000636c (0x03148a33) mul     s4, s1, a7
core   0: 3 0x8000636c (0x03148a33) x20 0xaf7fd2e8
core   0: 0x80006370 (0x105f0bb7) lui     s7, 0x105f0
core   0: 3 0x80006370 (0x105f0bb7) x23 0x105f0000
core   0: 0x80006374 (0x039cd633) divu    a2, s9, s9
core   0: 3 0x80006374 (0x039cd633) x12 0xffffffff
core   0: 0x80006378 (0x40755393) srai    t2, a0, 7
core   0: 3 0x80006378 (0x40755393) x 7 0x00000000
core   0: 0x8000637c (0x4d4c4893) xori    a7, s8, 1236
core   0: 3 0x8000637c (0x4d4c4893) x17 0xb90804d4
core   0: 0x80006380 (0x4115d6b3) sra     a3, a1, a7
core   0: 3 0x80006380 (0x4115d6b3) x13 0x000004e6
core   0: 0x80006384 (0x02869333) mulh    t1, a3, s0
core   0: 3 0x80006384 (0x02869333) x 6 0xffffffff
core   0: 0x80006388 (0x320c6393) ori     t2, s8, 800
core   0: 3 0x80006388 (0x320c6393) x 7 0xb9080320
core   0: 0x8000638c (0x00fbdc13) srli    s8, s7, 15
core   0: 3 0x8000638c (0x00fbdc13) x24 0x000020be
core   0: 0x80006390 (0x1e0af193) andi    gp, s5, 480
core   0: 3 0x80006390 (0x1e0af193) x 3 0x00000000
core   0: 0x80006394 (0x8fbab593) sltiu   a1, s5, -1797
core   0: 3 0x80006394 (0x8fbab593) x11 0x00000001
core   0: 0x80006398 (0x01ccdf33) srl     t5, s9, t3
core   0: 3 0x80006398 (0x01ccdf33) x30 0x00000000
core   0: 0x8000639c (0x960de993) ori     s3, s11, -1696
core   0: 3 0x8000639c (0x960de993) x19 0xfffff967
core   0: 0x800063a0 (0x40bcd393) srai    t2, s9, 11
core   0: 3 0x800063a0 (0x40bcd393) x 7 0x00000000
core   0: 0x800063a4 (0x00dadd33) srl     s10, s5, a3
core   0: 3 0x800063a4 (0x00dadd33) x26 0x00000000
core   0: 0x800063a8 (0x88b10613) addi    a2, sp, -1909
core   0: 3 0x800063a8 (0x88b10613) x12 0xfffff88c
core   0: 0x800063ac (0x00f89193) slli    gp, a7, 15
core   0: 3 0x800063ac (0x00f89193) x 3 0x026a0000
core   0: 0x800063b0 (0xe4204a13) xori    s4, zero, -446
core   0: 3 0x800063b0 (0xe4204a13) x20 0xfffffe42
core   0: 0x800063b4 (0x40926a13) ori     s4, tp, 1033
core   0: 3 0x800063b4 (0x40926a13) x20 0x00000409
core   0: 0x800063b8 (0x02de6633) rem     a2, t3, a3
core   0: 3 0x800063b8 (0x02de6633) x12 0x00000000
core   0: 0x800063bc (0x3a680593) addi    a1, a6, 934
core   0: 3 0x800063bc (0x3a680593) x11 0x8001520a
core   0: 0x800063c0 (0xbb57a913) slti    s2, a5, -1099
core   0: 3 0x800063c0 (0xbb57a913) x18 0x00000000
core   0: 0x800063c4 (0x7f750613) addi    a2, a0, 2039
core   0: 3 0x800063c4 (0x7f750613) x12 0x000007f8
core   0: 0x800063c8 (0x9aa1a1b7) lui     gp, 0x9aa1a
core   0: 3 0x800063c8 (0x9aa1a1b7) x 3 0x9aa1a000
core   0: 0x800063cc (0x41d35a33) sra     s4, t1, t4
core   0: 3 0x800063cc (0x41d35a33) x20 0xffffffff
core   0: 0x800063d0 (0x015159b3) srl     s3, sp, s5
core   0: 3 0x800063d0 (0x015159b3) x19 0x00000000
core   0: 0x800063d4 (0x028a1bb3) mulh    s7, s4, s0
core   0: 3 0x800063d4 (0x028a1bb3) x23 0x00000000
core   0: 0x800063d8 (0xdcecaa93) slti    s5, s9, -562
core   0: 3 0x800063d8 (0xdcecaa93) x21 0x00000000
core   0: 0x800063dc (0xf18f05b7) lui     a1, 0xf18f0
core   0: 3 0x800063dc (0xf18f05b7) x11 0xf18f0000
core   0: 0x800063e0 (0x4170d393) srai    t2, ra, 23
core   0: 3 0x800063e0 (0x4170d393) x 7 0x00000000
core   0: 0x800063e4 (0x03b77033) remu    zero, a4, s11
core   0: 3 0x800063e4 (0x03b77033)
core   0: 0x800063e8 (0x7decf293) andi    t0, s9, 2014
core   0: 3 0x800063e8 (0x7decf293) x 5 0x00000000
core   0: 0x800063ec (0x0033e333) or      t1, t2, gp
core   0: 3 0x800063ec (0x0033e333) x 6 0x9aa1a000
core   0: 0x800063f0 (0x0053ba33) sltu    s4, t2, t0
core   0: 3 0x800063f0 (0x0053ba33) x20 0x00000000
core   0: 0x800063f4 (0x00c6b4b3) sltu    s1, a3, a2
core   0: 3 0x800063f4 (0x00c6b4b3) x 9 0x00000001
core   0: 0x800063f8 (0x0280aab3) mulhsu  s5, ra, s0
core   0: 3 0x800063f8 (0x0280aab3) x21 0x00000000
core   0: 0x800063fc (0x31ae3a13) sltiu   s4, t3, 794
core   0: 3 0x800063fc (0x31ae3a13) x20 0x00000001
core   0: 0x80006400 (0x0028f233) and     tp, a7, sp
core   0: 3 0x80006400 (0x0028f233) x 4 0x00000000
core   0: 0x80006404 (0xf0e43117) auipc   sp, 0xf0e43
core   0: 3 0x80006404 (0xf0e43117) x 2 0x70e49404
core   0: 0x80006408 (0x020671b3) remu    gp, a2, zero
core   0: 3 0x80006408 (0x020671b3) x 3 0x000007f8
core   0: 0x8000640c (0x033d05b3) mul     a1, s10, s3
core   0: 3 0x8000640c (0x033d05b3) x11 0x00000000
core   0: 0x80006410 (0x024d2fb3) mulhsu  t6, s10, tp
core   0: 3 0x80006410 (0x024d2fb3) x31 0x00000000
core   0: 0x80006414 (0x012a8fb3) add     t6, s5, s2
core   0: 3 0x80006414 (0x012a8fb3) x31 0x00000000
core   0: 0x80006418 (0x01fce433) or      s0, s9, t6
core   0: 3 0x80006418 (0x01fce433) x 8 0x00000000
core   0: 0x8000641c (0x032d2c33) mulhsu  s8, s10, s2
core   0: 3 0x8000641c (0x032d2c33) x24 0x00000000
core   0: 0x80006420 (0x1477b517) auipc   a0, 0x1477b
core   0: 3 0x80006420 (0x1477b517) x10 0x94781420
core   0: 0x80006424 (0x0042a8b3) slt     a7, t0, tp
core   0: 3 0x80006424 (0x0042a8b3) x17 0x00000000
core   0: 0x80006428 (0x4fb8ca93) xori    s5, a7, 1275
core   0: 3 0x80006428 (0x4fb8ca93) x21 0x000004fb
core   0: 0x8000642c (0x012fabb3) slt     s7, t6, s2
core   0: 3 0x8000642c (0x012fabb3) x23 0x00000000
core   0: 0x80006430 (0x0043d633) srl     a2, t2, tp
core   0: 3 0x80006430 (0x0043d633) x12 0x00000000
core   0: 0x80006434 (0x52a9fb93) andi    s7, s3, 1322
core   0: 3 0x80006434 (0x52a9fb93) x23 0x00000000
core   0: 0x80006438 (0xd8f3e0b7) lui     ra, 0xd8f3e
core   0: 3 0x80006438 (0xd8f3e0b7) x 1 0xd8f3e000
core   0: 0x8000643c (0x4c926313) ori     t1, tp, 1225
core   0: 3 0x8000643c (0x4c926313) x 6 0x000004c9
core   0: 0x80006440 (0x03c19633) mulh    a2, gp, t3
core   0: 3 0x80006440 (0x03c19633) x12 0x00000000
core   0: 0x80006444 (0x412e8333) sub     t1, t4, s2
core   0: 3 0x80006444 (0x412e8333) x 6 0x069cfa66
core   0: 0x80006448 (0x6ec85897) auipc   a7, 0x6ec85
core   0: 3 0x80006448 (0x6ec85897) x17 0xeec8b448
core   0: 0x8000644c (0xb8d4b193) sltiu   gp, s1, -1139
core   0: 3 0x8000644c (0xb8d4b193) x 3 0x00000001
core   0: 0x80006450 (0x02aa2b33) mulhsu  s6, s4, a0
core   0: 3 0x80006450 (0x02aa2b33) x22 0x00000000
core   0: 0x80006454 (0x41ee8d33) sub     s10, t4, t5
core   0: 3 0x80006454 (0x41ee8d33) x26 0x069cfa66
core   0: 0x80006458 (0x29c4ef13) ori     t5, s1, 668
core   0: 3 0x80006458 (0x29c4ef13) x30 0x0000029d
core   0: 0x8000645c (0x007469b3) or      s3, s0, t2
core   0: 3 0x8000645c (0x007469b3) x19 0x00000000
core   0: 0x80006460 (0xe4cfbf93) sltiu   t6, t6, -436
core   0: 3 0x80006460 (0xe4cfbf93) x31 0x00000001
core   0: 0x80006464 (0x40885613) srai    a2, a6, 8
core   0: 3 0x80006464 (0x40885613) x12 0xff80014e
core   0: 0x80006468 (0x00455893) srli    a7, a0, 4
core   0: 3 0x80006468 (0x00455893) x17 0x09478142
core   0: 0x8000646c (0xc69d7237) lui     tp, 0xc69d7
core   0: 3 0x8000646c (0xc69d7237) x 4 0xc69d7000
core   0: 0x80006470 (0xedf15337) lui     t1, 0xedf15
core   0: 3 0x80006470 (0xedf15337) x 6 0xedf15000
core   0: 0x80006474 (0x419fd393) srai    t2, t6, 25
core   0: 3 0x80006474 (0x419fd393) x 7 0x00000000
core   0: 0x80006478 (0xa712ac13) slti    s8, t0, -1423
core   0: 3 0x80006478 (0xa712ac13) x24 0x00000000
core   0: 0x8000647c (0x024c66b3) rem     a3, s8, tp
core   0: 3 0x8000647c (0x024c66b3) x13 0x00000000
core   0: 0x80006480 (0xeee60793) addi    a5, a2, -274
core   0: 3 0x80006480 (0xeee60793) x15 0xff80003c
core   0: 0x80006484 (0x00ff9193) slli    gp, t6, 15
core   0: 3 0x80006484 (0x00ff9193) x 3 0x00008000
core   0: 0x80006488 (0x02ce9633) mulh    a2, t4, a2
core   0: 3 0x80006488 (0x02ce9633) x12 0xfffcb18b
core   0: 0x8000648c (0x00000013) nop
core   0: 3 0x8000648c (0x00000013)
core   0: 0x80006490 (0xc5a90413) addi    s0, s2, -934
core   0: 3 0x80006490 (0xc5a90413) x 8 0xfffffc5a
core   0: 0x80006494 (0x000cc8b3) xor     a7, s9, zero
core   0: 3 0x80006494 (0x000cc8b3) x17 0x00000000
core   0: 0x80006498 (0x41d88bb3) sub     s7, a7, t4
core   0: 3 0x80006498 (0x41d88bb3) x23 0xf963059a
core   0: 0x8000649c (0xab3b4193) xori    gp, s6, -1357
core   0: 3 0x8000649c (0xab3b4193) x 3 0xfffffab3
core   0: 0x800064a0 (0x03e4e1b3) rem     gp, s1, t5
core   0: 3 0x800064a0 (0x03e4e1b3) x 3 0x00000001
core   0: 0x800064a4 (0x01394b33) xor     s6, s2, s3
core   0: 3 0x800064a4 (0x01394b33) x22 0x00000000
core   0: 0x800064a8 (0x0017a333) slt     t1, a5, ra
core   0: 3 0x800064a8 (0x0017a333) x 6 0x00000000
core   0: 0x800064ac (0x70873193) sltiu   gp, a4, 1800
core   0: 3 0x800064ac (0x70873193) x 3 0x00000000
core   0: 0x800064b0 (0x79dbb513) sltiu   a0, s7, 1949
core   0: 3 0x800064b0 (0x79dbb513) x10 0x00000000
core   0: 0x800064b4 (0x002d4a33) xor     s4, s10, sp
core   0: 3 0x800064b4 (0x002d4a33) x20 0x76786e62
core   0: 0x800064b8 (0x025ac933) div     s2, s5, t0
core   0: 3 0x800064b8 (0x025ac933) x18 0xffffffff
core   0: 0x800064bc (0x009cba33) sltu    s4, s9, s1
core   0: 3 0x800064bc (0x009cba33) x20 0x00000001
core   0: 0x800064c0 (0x01299f93) slli    t6, s3, 18
core   0: 3 0x800064c0 (0x01299f93) x31 0x00000000
core   0: 0x800064c4 (0x020320b3) mulhsu  ra, t1, zero
core   0: 3 0x800064c4 (0x020320b3) x 1 0x00000000
core   0: 0x800064c8 (0x02532f33) mulhsu  t5, t1, t0
core   0: 3 0x800064c8 (0x02532f33) x30 0x00000000
core   0: 0x800064cc (0x017e4433) xor     s0, t3, s7
core   0: 3 0x800064cc (0x017e4433) x 8 0xf963059a
core   0: 0x800064d0 (0x2111d017) auipc   zero, 0x2111d
core   0: 3 0x800064d0 (0x2111d017)
core   0: 0x800064d4 (0x016110b3) sll     ra, sp, s6
core   0: 3 0x800064d4 (0x016110b3) x 1 0x70e49404
core   0: 0x800064d8 (0x036702b3) mul     t0, a4, s6
core   0: 3 0x800064d8 (0x036702b3) x 5 0x00000000
core   0: 0x800064dc (0x3bbfbc97) auipc   s9, 0x3bbfb
core   0: 3 0x800064dc (0x3bbfbc97) x25 0xbbc014dc
core   0: 0x800064e0 (0xe5daa693) slti    a3, s5, -419
core   0: 3 0x800064e0 (0xe5daa693) x13 0x00000000
core   0: 0x800064e4 (0x02f2b333) mulhu   t1, t0, a5
core   0: 3 0x800064e4 (0x02f2b333) x 6 0x00000000
core   0: 0x800064e8 (0x7e536c93) ori     s9, t1, 2021
core   0: 3 0x800064e8 (0x7e536c93) x25 0x000007e5
core   0: 0x800064ec (0x47da04b7) lui     s1, 0x47da0
core   0: 3 0x800064ec (0x47da04b7) x 9 0x47da0000
core   0: 0x800064f0 (0x02014033) div     zero, sp, zero
core   0: 3 0x800064f0 (0x02014033)
core   0: 0x800064f4 (0x0397ce33) div     t3, a5, s9
core   0: 3 0x800064f4 (0x0397ce33) x28 0xffffefca
core   0: 0x800064f8 (0x039c4e33) div     t3, s8, s9
core   0: 3 0x800064f8 (0x039c4e33) x28 0x00000000
core   0: 0x800064fc (0x41af5613) srai    a2, t5, 26
core   0: 3 0x800064fc (0x41af5613) x12 0x00000000
core   0: 0x80006500 (0x6d088c13) addi    s8, a7, 1744
core   0: 3 0x80006500 (0x6d088c13) x24 0x000006d0
core   0: 0x80006504 (0xb4cbe593) ori     a1, s7, -1204
core   0: 3 0x80006504 (0xb4cbe593) x11 0xffffffde
core   0: 0x80006508 (0x00000013) nop
core   0: 3 0x80006508 (0x00000013)
core   0: 0x8000650c (0xc6c74893) xori    a7, a4, -916
core   0: 3 0x8000650c (0xc6c74893) x17 0x7ffe7088
core   0: 0x80006510 (0x0230e7b3) rem     a5, ra, gp
core   0: 3 0x80006510 (0x0230e7b3) x15 0x70e49404
core   0: 0x80006514 (0xc2129237) lui     tp, 0xc2129
core   0: 3 0x80006514 (0xc2129237) x 4 0xc2129000
core   0: 0x80006518 (0x000510b3) sll     ra, a0, zero
core   0: 3 0x80006518 (0x000510b3) x 1 0x00000000
core   0: 0x8000651c (0x007ce5b3) or      a1, s9, t2
core   0: 3 0x8000651c (0x007ce5b3) x11 0x000007e5
core   0: 0x80006520 (0x0030d913) srli    s2, ra, 3
core   0: 3 0x80006520 (0x0030d913) x18 0x00000000
core   0: 0x80006524 (0x035f29b3) mulhsu  s3, t5, s5
core   0: 3 0x80006524 (0x035f29b3) x19 0x00000000
core   0: 0x80006528 (0xa0330913) addi    s2, t1, -1533
core   0: 3 0x80006528 (0xa0330913) x18 0xfffffa03
core   0: 0x8000652c (0x01fbecb3) or      s9, s7, t6
core   0: 3 0x8000652c (0x01fbecb3) x25 0xf963059a
core   0: 0x80006530 (0x01584533) xor     a0, a6, s5
core   0: 3 0x80006530 (0x01584533) x10 0x80014a9f
core   0: 0x80006534 (0x00aa9b93) slli    s7, s5, 10
core   0: 3 0x80006534 (0x00aa9b93) x23 0x0013ec00
core   0: 0x80006538 (0x8923fc13) andi    s8, t2, -1902
core   0: 3 0x80006538 (0x8923fc13) x24 0x00000000
core   0: 0x8000653c (0x0199cc33) xor     s8, s3, s9
core   0: 3 0x8000653c (0x0199cc33) x24 0xf963059a
core   0: 0x80006540 (0xfd4d0513) addi    a0, s10, -44
core   0: 3 0x80006540 (0xfd4d0513) x10 0x069cfa3a
core   0: 0x80006544 (0x03170c33) mul     s8, a4, a7
core   0: 3 0x80006544 (0x03170c33) x24 0x94ae9920
core   0: 0x80006548 (0x027741b3) div     gp, a4, t2
core   0: 3 0x80006548 (0x027741b3) x 3 0xffffffff
core   0: 0x8000654c (0x008b1d13) slli    s10, s6, 8
core   0: 3 0x8000654c (0x008b1d13) x26 0x00000000
core   0: 0x80006550 (0x00000013) nop
core   0: 3 0x80006550 (0x00000013)
core   0: 0x80006554 (0x025fa333) mulhsu  t1, t6, t0
core   0: 3 0x80006554 (0x025fa333) x 6 0x00000000
core   0: 0x80006558 (0x40de86b3) sub     a3, t4, a3
core   0: 3 0x80006558 (0x40de86b3) x13 0x069cfa66
core   0: 0x8000655c (0x036b5eb3) divu    t4, s6, s6
core   0: 3 0x8000655c (0x036b5eb3) x29 0xffffffff
core   0: 0x80006560 (0x00d45193) srli    gp, s0, 13
core   0: 3 0x80006560 (0x00d45193) x 3 0x0007cb18
core   0: 0x80006564 (0x01857313) andi    t1, a0, 24
core   0: 3 0x80006564 (0x01857313) x 6 0x00000018
core   0: 0x80006568 (0x02924c33) div     s8, tp, s1
core   0: 3 0x80006568 (0x02924c33) x24 0x00000000
core   0: 0x8000656c (0x02a13ab3) mulhu   s5, sp, a0
core   0: 3 0x8000656c (0x02a13ab3) x21 0x02ea951b
core   0: 0x80006570 (0x0382a633) mulhsu  a2, t0, s8
core   0: 3 0x80006570 (0x0382a633) x12 0x00000000
core   0: 0x80006574 (0x5a3f7c13) andi    s8, t5, 1443
core   0: 3 0x80006574 (0x5a3f7c13) x24 0x00000000
core   0: 0x80006578 (0x633b3e13) sltiu   t3, s6, 1587
core   0: 3 0x80006578 (0x633b3e13) x28 0x00000001
core   0: 0x8000657c (0x000820b3) slt     ra, a6, zero
core   0: 3 0x8000657c (0x000820b3) x 1 0x00000001
core   0: 0x80006580 (0x01a0e9b3) or      s3, ra, s10
core   0: 3 0x80006580 (0x01a0e9b3) x19 0x00000001
core   0: 0x80006584 (0x9d638013) addi    zero, t2, -1578
core   0: 3 0x80006584 (0x9d638013)
core   0: 0x80006588 (0x01c22c33) slt     s8, tp, t3
core   0: 3 0x80006588 (0x01c22c33) x24 0x00000001
core   0: 0x8000658c (0x037cc5b3) div     a1, s9, s7
core   0: 3 0x8000658c (0x037cc5b3) x11 0xffffffac
core   0: 0x80006590 (0xb2626a97) auipc   s5, 0xb2626
core   0: 3 0x80006590 (0xb2626a97) x21 0x3262c590
core   0: 0x80006594 (0x1553e913) ori     s2, t2, 341
core   0: 3 0x80006594 (0x1553e913) x18 0x00000155
core   0: 0x80006598 (0x01b95d13) srli    s10, s2, 27
core   0: 3 0x80006598 (0x01b95d13) x26 0x00000000
core   0: 0x8000659c (0x4000dc93) srai    s9, ra, 0
core   0: 3 0x8000659c (0x4000dc93) x25 0x00000001
core   0: 0x800065a0 (0x2a9e8937) lui     s2, 0x2a9e8
core   0: 3 0x800065a0 (0x2a9e8937) x18 0x2a9e8000
core   0: 0x800065a4 (0x61250993) addi    s3, a0, 1554
core   0: 3 0x800065a4 (0x61250993) x19 0x069d004c
core   0: 0x800065a8 (0x02e4f8b3) remu    a7, s1, a4
core   0: 3 0x800065a8 (0x02e4f8b3) x17 0x47da0000
core   0: 0x800065ac (0x2d804213) xori    tp, zero, 728
core   0: 3 0x800065ac (0x2d804213) x 4 0x000002d8
core   0: 0x800065b0 (0x03d84bb3) div     s7, a6, t4
core   0: 3 0x800065b0 (0x03d84bb3) x23 0x7ffeb19c
core   0: 0x800065b4 (0x00000013) nop
core   0: 3 0x800065b4 (0x00000013)
core   0: 0x800065b8 (0x00b73f33) sltu    t5, a4, a1
core   0: 3 0x800065b8 (0x00b73f33) x30 0x00000001
core   0: 0x800065bc (0x00c39cb3) sll     s9, t2, a2
core   0: 3 0x800065bc (0x00c39cb3) x25 0x00000000
core   0: 0x800065c0 (0x01bd5113) srli    sp, s10, 27
core   0: 3 0x800065c0 (0x01bd5113) x 2 0x00000000
core   0: 0x800065c4 (0x01946133) or      sp, s0, s9
core   0: 3 0x800065c4 (0x01946133) x 2 0xf963059a
core   0: 0x800065c8 (0x024024b3) mulhsu  s1, zero, tp
core   0: 3 0x800065c8 (0x024024b3) x 9 0x00000000
core   0: 0x800065cc (0x03c103b3) mul     t2, sp, t3
core   0: 3 0x800065cc (0x03c103b3) x 7 0xf963059a
core   0: 0x800065d0 (0x3d81cb37) lui     s6, 0x3d81c
core   0: 3 0x800065d0 (0x3d81cb37) x22 0x3d81c000
core   0: 0x800065d4 (0x41228f33) sub     t5, t0, s2
core   0: 3 0x800065d4 (0x41228f33) x30 0xd5618000
core   0: 0x800065d8 (0x023f58b3) divu    a7, t5, gp
core   0: 3 0x800065d8 (0x023f58b3) x17 0x00001b61
core   0: 0x800065dc (0xcba7fa13) andi    s4, a5, -838
core   0: 3 0x800065dc (0xcba7fa13) x20 0x70e49400
core   0: 0x800065e0 (0x014adab3) srl     s5, s5, s4
core   0: 3 0x800065e0 (0x014adab3) x21 0x3262c590
core   0: 0x800065e4 (0x01cdb633) sltu    a2, s11, t3
core   0: 3 0x800065e4 (0x01cdb633) x12 0x00000000
core   0: 0x800065e8 (0x69b95917) auipc   s2, 0x69b95
core   0: 3 0x800065e8 (0x69b95917) x18 0xe9b9b5e8
core   0: 0x800065ec (0x61f83c13) sltiu   s8, a6, 1567
core   0: 3 0x800065ec (0x61f83c13) x24 0x00000000
core   0: 0x800065f0 (0x02526cb3) rem     s9, tp, t0
core   0: 3 0x800065f0 (0x02526cb3) x25 0x000002d8
core   0: 0x800065f4 (0x02407933) remu    s2, zero, tp
core   0: 3 0x800065f4 (0x02407933) x18 0x00000000
core   0: 0x800065f8 (0x020c04b3) mul     s1, s8, zero
core   0: 3 0x800065f8 (0x020c04b3) x 9 0x00000000
core   0: 0x800065fc (0x011e5093) srli    ra, t3, 17
core   0: 3 0x800065fc (0x011e5093) x 1 0x00000000
core   0: 0x80006600 (0x409cdbb3) sra     s7, s9, s1
core   0: 3 0x80006600 (0x409cdbb3) x23 0x000002d8
core   0: 0x80006604 (0x0309dfb3) divu    t6, s3, a6
core   0: 3 0x80006604 (0x0309dfb3) x31 0x00000000
core   0: 0x80006608 (0xf237f6b7) lui     a3, 0xf237f
core   0: 3 0x80006608 (0xf237f6b7) x13 0xf237f000
core   0: 0x8000660c (0x01586533) or      a0, a6, s5
core   0: 3 0x8000660c (0x01586533) x10 0xb263cff4
core   0: 0x80006610 (0x0330d933) divu    s2, ra, s3
core   0: 3 0x80006610 (0x0330d933) x18 0x00000000
core   0: 0x80006614 (0x02a61133) mulh    sp, a2, a0
core   0: 3 0x80006614 (0x02a61133) x 2 0x00000000
core   0: 0x80006618 (0x00bc6333) or      t1, s8, a1
core   0: 3 0x80006618 (0x00bc6333) x 6 0xffffffac
core   0: 0x8000661c (0x030844b3) div     s1, a6, a6
core   0: 3 0x8000661c (0x030844b3) x 9 0x00000001
core   0: 0x80006620 (0x039991b3) mulh    gp, s3, s9
core   0: 3 0x80006620 (0x039991b3) x 3 0x00000012
core   0: 0x80006624 (0x00154eb3) xor     t4, a0, ra
core   0: 3 0x80006624 (0x00154eb3) x29 0xb263cff4
core   0: 0x80006628 (0xb678bb93) sltiu   s7, a7, -1177
core   0: 3 0x80006628 (0xb678bb93) x23 0x00000001
core   0: 0x8000662c (0x034a3633) mulhu   a2, s4, s4
core   0: 3 0x8000662c (0x034a3633) x12 0x31c8cd97
core   0: 0x80006630 (0x015338b3) sltu    a7, t1, s5
core   0: 3 0x80006630 (0x015338b3) x17 0x00000000
core   0: 0x80006634 (0x02a81e33) mulh    t3, a6, a0
core   0: 3 0x80006634 (0x02a81e33) x28 0x26cdb2a5
core   0: 0x80006638 (0x02db3133) mulhu   sp, s6, a3
core   0: 3 0x80006638 (0x02db3133) x 2 0x3a321809
core   0: 0x8000663c (0x02910593) addi    a1, sp, 41
core   0: 3 0x8000663c (0x02910593) x11 0x3a321832
core   0: 0x80006640 (0x03f4a533) mulhsu  a0, s1, t6
core   0: 3 0x80006640 (0x03f4a533) x10 0x00000000
core   0: 0x80006644 (0x40f953b3) sra     t2, s2, a5
core   0: 3 0x80006644 (0x40f953b3) x 7 0x00000000
core   0: 0x80006648 (0x5f056c93) ori     s9, a0, 1520
core   0: 3 0x80006648 (0x5f056c93) x25 0x000005f0
core   0: 0x8000664c (0x41f18cb3) sub     s9, gp, t6
core   0: 3 0x8000664c (0x41f18cb3) x25 0x00000012
core   0: 0x80006650 (0x026553b3) divu    t2, a0, t1
core   0: 3 0x80006650 (0x026553b3) x 7 0x00000000
core   0: 0x80006654 (0x01efe9b3) or      s3, t6, t5
core   0: 3 0x80006654 (0x01efe9b3) x19 0xd5618000
core   0: 0x80006658 (0x8a976513) ori     a0, a4, -1879
core   0: 3 0x80006658 (0x8a976513) x10 0xfffffced
core   0: 0x8000665c (0x03ea0c33) mul     s8, s4, t5
core   0: 3 0x8000665c (0x03ea0c33) x24 0x5e000000
core   0: 0x80006660 (0x02a767b3) rem     a5, a4, a0
core   0: 3 0x80006660 (0x02a767b3) x15 0xfffffda6
core   0: 0x80006664 (0x00c7cfb3) xor     t6, a5, a2
core   0: 3 0x80006664 (0x00c7cfb3) x31 0xce373031
core   0: 0x80006668 (0x00000013) nop
core   0: 3 0x80006668 (0x00000013)
core   0: 0x8000666c (0x40f0dfb3) sra     t6, ra, a5
core   0: 3 0x8000666c (0x40f0dfb3) x31 0x00000000
core   0: 0x80006670 (0x02268133) mul     sp, a3, sp
core   0: 3 0x80006670 (0x02268133) x 2 0xa2777000
core   0: 0x80006674 (0x4ad93013) sltiu   zero, s2, 1197
core   0: 3 0x80006674 (0x4ad93013)
core   0: 0x80006678 (0x474a4e93) xori    t4, s4, 1140
core   0: 3 0x80006678 (0x474a4e93) x29 0x70e49074
core   0: 0x8000667c (0x03af6033) rem     zero, t5, s10
core   0: 3 0x8000667c (0x03af6033)
core   0: 0x80006680 (0x01b5fd33) and     s10, a1, s11
core   0: 3 0x80006680 (0x01b5fd33) x26 0x00000002
core   0: 0x80006684 (0x00000013) nop
core   0: 3 0x80006684 (0x00000013)
core   0: 0x80006688 (0x023a9233) mulh    tp, s5, gp
core   0: 3 0x80006688 (0x023a9233) x 4 0x00000003
core   0: 0x8000668c (0x00117a33) and     s4, sp, ra
core   0: 3 0x8000668c (0x00117a33) x20 0x00000000
core   0: 0x80006690 (0x03f58f33) mul     t5, a1, t6
core   0: 3 0x80006690 (0x03f58f33) x30 0x00000000
core   0: 0x80006694 (0x24f5ad13) slti    s10, a1, 591
core   0: 3 0x80006694 (0x24f5ad13) x26 0x00000000
core   0: 0x80006698 (0x025b47b3) div     a5, s6, t0
core   0: 3 0x80006698 (0x025b47b3) x15 0xffffffff
core   0: 0x8000669c (0x019a3033) sltu    zero, s4, s9
core   0: 3 0x8000669c (0x019a3033)
core   0: 0x800066a0 (0x007bfe33) and     t3, s7, t2
core   0: 3 0x800066a0 (0x007bfe33) x28 0x00000000
core   0: 0x800066a4 (0x01d61033) sll     zero, a2, t4
core   0: 3 0x800066a4 (0x01d61033)
core   0: 0x800066a8 (0x01696533) or      a0, s2, s6
core   0: 3 0x800066a8 (0x01696533) x10 0x3d81c000
core   0: 0x800066ac (0x00000013) nop
core   0: 3 0x800066ac (0x00000013)
core   0: 0x800066b0 (0x003cf8b3) and     a7, s9, gp
core   0: 3 0x800066b0 (0x003cf8b3) x17 0x00000012
core   0: 0x800066b4 (0x03de2b33) mulhsu  s6, t3, t4
core   0: 3 0x800066b4 (0x03de2b33) x22 0x00000000
core   0: 0x800066b8 (0x014fe3b3) or      t2, t6, s4
core   0: 3 0x800066b8 (0x014fe3b3) x 7 0x00000000
core   0: 0x800066bc (0x003d62b3) or      t0, s10, gp
core   0: 3 0x800066bc (0x003d62b3) x 5 0x00000012
core   0: 0x800066c0 (0x01b1f933) and     s2, gp, s11
core   0: 3 0x800066c0 (0x01b1f933) x18 0x00000002
core   0: 0x800066c4 (0x00855493) srli    s1, a0, 8
core   0: 3 0x800066c4 (0x00855493) x 9 0x003d81c0
core   0: 0x800066c8 (0x00d8bf33) sltu    t5, a7, a3
core   0: 3 0x800066c8 (0x00d8bf33) x30 0x00000001
core   0: 0x800066cc (0x034b4613) xori    a2, s6, 52
core   0: 3 0x800066cc (0x034b4613) x12 0x00000034
core   0: 0x800066d0 (0x0032ee33) or      t3, t0, gp
core   0: 3 0x800066d0 (0x0032ee33) x28 0x00000012
core   0: 0x800066d4 (0x405b5e93) srai    t4, s6, 5
core   0: 3 0x800066d4 (0x405b5e93) x29 0x00000000
core   0: 0x800066d8 (0x00aedb93) srli    s7, t4, 10
core   0: 3 0x800066d8 (0x00aedb93) x23 0x00000000
core   0: 0x800066dc (0x002a9693) slli    a3, s5, 2
core   0: 3 0x800066dc (0x002a9693) x13 0xc98b1640
core   0: 0x800066e0 (0xa3bb6c13) ori     s8, s6, -1477
core   0: 3 0x800066e0 (0xa3bb6c13) x24 0xfffffa3b
core   0: 0x800066e4 (0x417d57b3) sra     a5, s10, s7
core   0: 3 0x800066e4 (0x417d57b3) x15 0x00000000
core   0: 0x800066e8 (0x013d03b3) add     t2, s10, s3
core   0: 3 0x800066e8 (0x013d03b3) x 7 0xd5618000
core   0: 0x800066ec (0x016d12b3) sll     t0, s10, s6
core   0: 3 0x800066ec (0x016d12b3) x 5 0x00000000
core   0: 0x800066f0 (0x00000013) nop
core   0: 3 0x800066f0 (0x00000013)
core   0: 0x800066f4 (0xd2acb213) sltiu   tp, s9, -726
core   0: 3 0x800066f4 (0xd2acb213) x 4 0x00000001
core   0: 0x800066f8 (0x02689c33) mulh    s8, a7, t1
core   0: 3 0x800066f8 (0x02689c33) x24 0xffffffff
core   0: 0x800066fc (0x01ec1233) sll     tp, s8, t5
core   0: 3 0x800066fc (0x01ec1233) x 4 0xfffffffe
core   0: 0x80006700 (0x03a92ab3) mulhsu  s5, s2, s10
core   0: 3 0x80006700 (0x03a92ab3) x21 0x00000000
core   0: 0x80006704 (0x00000013) nop
core   0: 3 0x80006704 (0x00000013)
core   0: 0x80006708 (0x40ba09b3) sub     s3, s4, a1
core   0: 3 0x80006708 (0x40ba09b3) x19 0xc5cde7ce
core   0: 0x8000670c (0x025cc533) div     a0, s9, t0
core   0: 3 0x8000670c (0x025cc533) x10 0xffffffff
core   0: 0x80006710 (0x413b5593) srai    a1, s6, 19
core   0: 3 0x80006710 (0x413b5593) x11 0x00000000
core   0: 0x80006714 (0x032f52b3) divu    t0, t5, s2
core   0: 3 0x80006714 (0x032f52b3) x 5 0x00000000
core   0: 0x80006718 (0x01825d13) srli    s10, tp, 24
core   0: 3 0x80006718 (0x01825d13) x26 0x000000ff
core   0: 0x8000671c (0x0099d993) srli    s3, s3, 9
core   0: 3 0x8000671c (0x0099d993) x19 0x0062e6f3
core   0: 0x80006720 (0x73363917) auipc   s2, 0x73363
core   0: 3 0x80006720 (0x73363917) x18 0xf3369720
core   0: 0x80006724 (0x76e3eb13) ori     s6, t2, 1902
core   0: 3 0x80006724 (0x76e3eb13) x22 0xd561876e
core   0: 0x80006728 (0x01cf2d33) slt     s10, t5, t3
core   0: 3 0x80006728 (0x01cf2d33) x26 0x00000001
core   0: 0x8000672c (0x00000013) nop
core   0: 3 0x8000672c (0x00000013)
core   0: 0x80006730 (0x23ba3913) sltiu   s2, s4, 571
core   0: 3 0x80006730 (0x23ba3913) x18 0x00000001
core   0: 0x80006734 (0x03f38d33) mul     s10, t2, t6
core   0: 3 0x80006734 (0x03f38d33) x26 0x00000000
core   0: 0x80006738 (0x00e488b3) add     a7, s1, a4
core   0: 3 0x80006738 (0x00e488b3) x17 0x803f0ea4
core   0: 0x8000673c (0xccc64c13) xori    s8, a2, -820
core   0: 3 0x8000673c (0xccc64c13) x24 0xfffffcf8
core   0: 0x80006740 (0x013867b3) or      a5, a6, s3
core   0: 3 0x80006740 (0x013867b3) x15 0x8063eef7
core   0: 0x80006744 (0x010ffa33) and     s4, t6, a6
core   0: 3 0x80006744 (0x010ffa33) x20 0x00000000
core   0: 0x80006748 (0x40a48233) sub     tp, s1, a0
core   0: 3 0x80006748 (0x40a48233) x 4 0x003d81c1
core   0: 0x8000674c (0x1adf2e13) slti    t3, t5, 429
core   0: 3 0x8000674c (0x1adf2e13) x28 0x00000001
core   0: 0x80006750 (0xf1347393) andi    t2, s0, -237
core   0: 3 0x80006750 (0xf1347393) x 7 0xf9630512
core   0: 0x80006754 (0x03a1ccb3) div     s9, gp, s10
core   0: 3 0x80006754 (0x03a1ccb3) x25 0xffffffff
core   0: 0x80006758 (0x022e1fb3) mulh    t6, t3, sp
core   0: 3 0x80006758 (0x022e1fb3) x31 0xffffffff
core   0: 0x8000675c (0x00eda293) slti    t0, s11, 14
core   0: 3 0x8000675c (0x00eda293) x 5 0x00000001
core   0: 0x80006760 (0x020a8533) mul     a0, s5, zero
core   0: 3 0x80006760 (0x020a8533) x10 0x00000000
core   0: 0x80006764 (0xb581c313) xori    t1, gp, -1192
core   0: 3 0x80006764 (0xb581c313) x 6 0xfffffb4a
core   0: 0x80006768 (0x00a287b3) add     a5, t0, a0
core   0: 3 0x80006768 (0x00a287b3) x15 0x00000001
core   0: 0x8000676c (0x02a6f933) remu    s2, a3, a0
core   0: 3 0x8000676c (0x02a6f933) x18 0xc98b1640
core   0: 0x80006770 (0x01a1d093) srli    ra, gp, 26
core   0: 3 0x80006770 (0x01a1d093) x 1 0x00000000
core   0: 0x80006774 (0x01b24993) xori    s3, tp, 27
core   0: 3 0x80006774 (0x01b24993) x19 0x003d81da
core   0: 0x80006778 (0x036e26b3) mulhsu  a3, t3, s6
core   0: 3 0x80006778 (0x036e26b3) x13 0x00000000
core   0: 0x8000677c (0x418886b3) sub     a3, a7, s8
core   0: 3 0x8000677c (0x418886b3) x13 0x803f11ac
core   0: 0x80006780 (0x00859e93) slli    t4, a1, 8
core   0: 3 0x80006780 (0x00859e93) x29 0x00000000
core   0: 0x80006784 (0x87bfc8b7) lui     a7, 0x87bfc
core   0: 3 0x80006784 (0x87bfc8b7) x17 0x87bfc000
core   0: 0x80006788 (0xee1f3613) sltiu   a2, t5, -287
core   0: 3 0x80006788 (0xee1f3613) x12 0x00000001
core   0: 0x8000678c (0x02ec88b3) mul     a7, s9, a4
core   0: 3 0x8000678c (0x02ec88b3) x17 0x7ffe731c
core   0: 0x80006790 (0x00000013) nop
core   0: 3 0x80006790 (0x00000013)
core   0: 0x80006794 (0xef832017) auipc   zero, 0xef832
core   0: 3 0x80006794 (0xef832017)
core   0: 0x80006798 (0xfc4b7b93) andi    s7, s6, -60
core   0: 3 0x80006798 (0xfc4b7b93) x23 0xd5618744
core   0: 0x8000679c (0x40dcdb33) sra     s6, s9, a3
core   0: 3 0x8000679c (0x40dcdb33) x22 0xffffffff
core   0: 0x800067a0 (0x410b5e33) sra     t3, s6, a6
core   0: 3 0x800067a0 (0x410b5e33) x28 0xffffffff
core   0: 0x800067a4 (0x027db0b3) mulhu   ra, s11, t2
core   0: 3 0x800067a4 (0x027db0b3) x 1 0x00000006
core   0: 0x800067a8 (0x50026393) ori     t2, tp, 1280
core   0: 3 0x800067a8 (0x50026393) x 7 0x003d85c1
core   0: 0x800067ac (0x02d077b3) remu    a5, zero, a3
core   0: 3 0x800067ac (0x02d077b3) x15 0x00000000
core   0: 0x800067b0 (0xd89bbd13) sltiu   s10, s7, -631
core   0: 3 0x800067b0 (0xd89bbd13) x26 0x00000001
core   0: 0x800067b4 (0xf02ba993) slti    s3, s7, -254
core   0: 3 0x800067b4 (0xf02ba993) x19 0x00000001
core   0: 0x800067b8 (0xaad2e493) ori     s1, t0, -1363
core   0: 3 0x800067b8 (0xaad2e493) x 9 0xfffffaad
core   0: 0x800067bc (0x012b9693) slli    a3, s7, 18
core   0: 3 0x800067bc (0x012b9693) x13 0x1d100000
core   0: 0x800067c0 (0x018496b3) sll     a3, s1, s8
core   0: 3 0x800067c0 (0x018496b3) x13 0xad000000
core   0: 0x800067c4 (0x016be7b3) or      a5, s7, s6
core   0: 3 0x800067c4 (0x016be7b3) x15 0xffffffff
core   0: 0x800067c8 (0x414488b3) sub     a7, s1, s4
core   0: 3 0x800067c8 (0x414488b3) x17 0xfffffaad
core   0: 0x800067cc (0x111e2513) slti    a0, t3, 273
core   0: 3 0x800067cc (0x111e2513) x10 0x00000001
core   0: 0x800067d0 (0x02e35fb3) divu    t6, t1, a4
core   0: 3 0x800067d0 (0x02e35fb3) x31 0x00000001
core   0: 0x800067d4 (0xfdcd2113) slti    sp, s10, -36
core   0: 3 0x800067d4 (0xfdcd2113) x 2 0x00000000
core   0: 0x800067d8 (0x019203b3) add     t2, tp, s9
core   0: 3 0x800067d8 (0x019203b3) x 7 0x003d81c0
core   0: 0x800067dc (0x00525493) srli    s1, tp, 5
core   0: 3 0x800067dc (0x00525493) x 9 0x0001ec0e
core   0: 0x800067e0 (0x010b83b3) add     t2, s7, a6
core   0: 3 0x800067e0 (0x010b83b3) x 7 0x5562d5a8
core   0: 0x800067e4 (0x4096d093) srai    ra, a3, 9
core   0: 3 0x800067e4 (0x4096d093) x 1 0xffd68000
core   0: 0x800067e8 (0x020231b3) mulhu   gp, tp, zero
core   0: 3 0x800067e8 (0x020231b3) x 3 0x00000000
core   0: 0x800067ec (0x98046293) ori     t0, s0, -1664
core   0: 3 0x800067ec (0x98046293) x 5 0xfffffd9a
core   0: 0x800067f0 (0xb04cac13) slti    s8, s9, -1276
core   0: 3 0x800067f0 (0xb04cac13) x24 0x00000000
core   0: 0x800067f4 (0x7da7a213) slti    tp, a5, 2010
core   0: 3 0x800067f4 (0x7da7a213) x 4 0x00000001
core   0: 0x800067f8 (0x0060cf33) xor     t5, ra, t1
core   0: 3 0x800067f8 (0x0060cf33) x30 0x00297b4a
core   0: 0x800067fc (0x00000013) nop
core   0: 3 0x800067fc (0x00000013)
core   0: 0x80006800 (0x1ac2c993) xori    s3, t0, 428
core   0: 3 0x80006800 (0x1ac2c993) x19 0xfffffc36
core   0: 0x80006804 (0x03a286b3) mul     a3, t0, s10
core   0: 3 0x80006804 (0x03a286b3) x13 0xfffffd9a
core   0: 0x80006808 (0x0292eb33) rem     s6, t0, s1
core   0: 3 0x80006808 (0x0292eb33) x22 0xfffffd9a
core   0: 0x8000680c (0x02a61933) mulh    s2, a2, a0
core   0: 3 0x8000680c (0x02a61933) x18 0x00000000
core   0: 0x80006810 (0x029a67b3) rem     a5, s4, s1
core   0: 3 0x80006810 (0x029a67b3) x15 0x00000000
core   0: 0x80006814 (0x0193f933) and     s2, t2, s9
core   0: 3 0x80006814 (0x0193f933) x18 0x5562d5a8
core   0: 0x80006818 (0x02bc7333) remu    t1, s8, a1
core   0: 3 0x80006818 (0x02bc7333) x 6 0x00000000
core   0: 0x8000681c (0x0261c3b3) div     t2, gp, t1
core   0: 3 0x8000681c (0x0261c3b3) x 7 0xffffffff
core   0: 0x80006820 (0x01a09013) slli    zero, ra, 26
core   0: 3 0x80006820 (0x01a09013)
core   0: 0x80006824 (0x01c97ab3) and     s5, s2, t3
core   0: 3 0x80006824 (0x01c97ab3) x21 0x5562d5a8
core   0: 0x80006828 (0x023d04b3) mul     s1, s10, gp
core   0: 3 0x80006828 (0x023d04b3) x 9 0x00000000
core   0: 0x8000682c (0x033b12b3) mulh    t0, s6, s3
core   0: 3 0x8000682c (0x033b12b3) x 5 0x00000000
core   0: 0x80006830 (0x029731b3) mulhu   gp, a4, s1
core   0: 3 0x80006830 (0x029731b3) x 3 0x00000000
core   0: 0x80006834 (0x00759a33) sll     s4, a1, t2
core   0: 3 0x80006834 (0x00759a33) x20 0x00000000
core   0: 0x80006838 (0x82cfef13) ori     t5, t6, -2004
core   0: 3 0x80006838 (0x82cfef13) x30 0xfffff82d
core   0: 0x8000683c (0x008d8933) add     s2, s11, s0
core   0: 3 0x8000683c (0x008d8933) x18 0xf96305a1
core   0: 0x80006840 (0x0065e2b3) or      t0, a1, t1
core   0: 3 0x80006840 (0x0065e2b3) x 5 0x00000000
core   0: 0x80006844 (0x010d0d33) add     s10, s10, a6
core   0: 3 0x80006844 (0x010d0d33) x26 0x80014e65
core   0: 0x80006848 (0xf978f093) andi    ra, a7, -105
core   0: 3 0x80006848 (0xf978f093) x 1 0xfffffa85
core   0: 0x8000684c (0x234c0313) addi    t1, s8, 564
core   0: 3 0x8000684c (0x234c0313) x 6 0x00000234
core   0: 0x80006850 (0x56f85337) lui     t1, 0x56f85
core   0: 3 0x80006850 (0x56f85337) x 6 0x56f85000
core   0: 0x80006854 (0x505e7413) andi    s0, t3, 1285
core   0: 3 0x80006854 (0x505e7413) x 8 0x00000505
core   0: 0x80006858 (0x01ffc0b3) xor     ra, t6, t6
core   0: 3 0x80006858 (0x01ffc0b3) x 1 0x00000000
core   0: 0x8000685c (0x400e83b3) sub     t2, t4, zero
core   0: 3 0x8000685c (0x400e83b3) x 7 0x00000000
core   0: 0x80006860 (0x5b092593) slti    a1, s2, 1456
core   0: 3 0x80006860 (0x5b092593) x11 0x00000001
core   0: 0x80006864 (0xb974fb13) andi    s6, s1, -1129
core   0: 3 0x80006864 (0xb974fb13) x22 0x00000000
core   0: 0x80006868 (0x6ef6a293) slti    t0, a3, 1775
core   0: 3 0x80006868 (0x6ef6a293) x 5 0x00000001
core   0: 0x8000686c (0xb0130913) addi    s2, t1, -1279
core   0: 3 0x8000686c (0xb0130913) x18 0x56f84b01
core   0: 0x80006870 (0x006b0cb3) add     s9, s6, t1
core   0: 3 0x80006870 (0x006b0cb3) x25 0x56f85000
core   0: 0x80006874 (0x8cac2c93) slti    s9, s8, -1846
core   0: 3 0x80006874 (0x8cac2c93) x25 0x00000000
core   0: 0x80006878 (0x01d708b3) add     a7, a4, t4
core   0: 3 0x80006878 (0x01d708b3) x17 0x80018ce4
core   0: 0x8000687c (0x0379d333) divu    t1, s3, s7
core   0: 3 0x8000687c (0x0379d333) x 6 0x00000001
core   0: 0x80006880 (0x01857e33) and     t3, a0, s8
core   0: 3 0x80006880 (0x01857e33) x28 0x00000000
core   0: 0x80006884 (0x03288fb3) mul     t6, a7, s2
core   0: 3 0x80006884 (0x03288fb3) x31 0x092858e4
core   0: 0x80006888 (0x00555ab3) srl     s5, a0, t0
core   0: 3 0x80006888 (0x00555ab3) x21 0x00000000
core   0: 0x8000688c (0x0174d033) srl     zero, s1, s7
core   0: 3 0x8000688c (0x0174d033)
core   0: 0x80006890 (0x03353ab3) mulhu   s5, a0, s3
core   0: 3 0x80006890 (0x03353ab3) x21 0x00000000
core   0: 0x80006894 (0x037d13b3) mulh    t2, s10, s7
core   0: 3 0x80006894 (0x037d13b3) x 7 0x154f04b2
core   0: 0x80006898 (0x029886b3) mul     a3, a7, s1
core   0: 3 0x80006898 (0x029886b3) x13 0x00000000
core   0: 0x8000689c (0x59f70ab7) lui     s5, 0x59f70
core   0: 3 0x8000689c (0x59f70ab7) x21 0x59f70000
core   0: 0x800068a0 (0x3ab6c493) xori    s1, a3, 939
core   0: 3 0x800068a0 (0x3ab6c493) x 9 0x000003ab
core   0: 0x800068a4 (0x02cf9cb3) mulh    s9, t6, a2
core   0: 3 0x800068a4 (0x02cf9cb3) x25 0x00000000
core   0: 0x800068a8 (0xa9afed17) auipc   s10, 0xa9afe
core   0: 3 0x800068a8 (0xa9afed17) x26 0x29b048a8
core   0: 0x800068ac (0x001b1593) slli    a1, s6, 1
core   0: 3 0x800068ac (0x001b1593) x11 0x00000000
core   0: 0x800068b0 (0x03cc2ab3) mulhsu  s5, s8, t3
core   0: 3 0x800068b0 (0x03cc2ab3) x21 0x00000000
core   0: 0x800068b4 (0x00f21233) sll     tp, tp, a5
core   0: 3 0x800068b4 (0x00f21233) x 4 0x00000001
core   0: 0x800068b8 (0x40a054b3) sra     s1, zero, a0
core   0: 3 0x800068b8 (0x40a054b3) x 9 0x00000000
core   0: 0x800068bc (0x41a883b3) sub     t2, a7, s10
core   0: 3 0x800068bc (0x41a883b3) x 7 0x5651443c
core   0: 0x800068c0 (0x2e579037) lui     zero, 0x2e579
core   0: 3 0x800068c0 (0x2e579037)
core   0: 0x800068c4 (0x03860433) mul     s0, a2, s8
core   0: 3 0x800068c4 (0x03860433) x 8 0x00000000
core   0: 0x800068c8 (0x016c44b3) xor     s1, s8, s6
core   0: 3 0x800068c8 (0x016c44b3) x 9 0x00000000
core   0: 0x800068cc (0x416e5213) srai    tp, t3, 22
core   0: 3 0x800068cc (0x416e5213) x 4 0x00000000
core   0: 0x800068d0 (0x004b6c33) or      s8, s6, tp
core   0: 3 0x800068d0 (0x004b6c33) x24 0x00000000
core   0: 0x800068d4 (0x01229cb3) sll     s9, t0, s2
core   0: 3 0x800068d4 (0x01229cb3) x25 0x00000002
core   0: 0x800068d8 (0x02f3a5b3) mulhsu  a1, t2, a5
core   0: 3 0x800068d8 (0x02f3a5b3) x11 0x00000000
core   0: 0x800068dc (0x026ab2b3) mulhu   t0, s5, t1
core   0: 3 0x800068dc (0x026ab2b3) x 5 0x00000000
core   0: 0x800068e0 (0x476a8797) auipc   a5, 0x476a8
core   0: 3 0x800068e0 (0x476a8797) x15 0xc76ae8e0
core   0: 0x800068e4 (0x41e88533) sub     a0, a7, t5
core   0: 3 0x800068e4 (0x41e88533) x10 0x800194b7
core   0: 0x800068e8 (0xf60c0b93) addi    s7, s8, -160
core   0: 3 0x800068e8 (0xf60c0b93) x23 0xffffff60
core   0: 0x800068ec (0x00000013) nop
core   0: 3 0x800068ec (0x00000013)
core   0: 0x800068f0 (0x001c6eb3) or      t4, s8, ra
core   0: 3 0x800068f0 (0x001c6eb3) x29 0x00000000
core   0: 0x800068f4 (0x4fd7e013) ori     zero, a5, 1277
core   0: 3 0x800068f4 (0x4fd7e013)
core   0: 0x800068f8 (0x8dce0193) addi    gp, t3, -1828
core   0: 3 0x800068f8 (0x8dce0193) x 3 0xfffff8dc
core   0: 0x800068fc (0x025f7933) remu    s2, t5, t0
core   0: 3 0x800068fc (0x025f7933) x18 0xfffff82d
core   0: 0x80006900 (0x416650b3) sra     ra, a2, s6
core   0: 3 0x80006900 (0x416650b3) x 1 0x00000001
core   0: 0x80006904 (0x03f67cb3) remu    s9, a2, t6
core   0: 3 0x80006904 (0x03f67cb3) x25 0x00000001
core   0: 0x80006908 (0x036cf3b3) remu    t2, s9, s6
core   0: 3 0x80006908 (0x036cf3b3) x 7 0x00000001
core   0: 0x8000690c (0x4da3c293) xori    t0, t2, 1242
core   0: 3 0x8000690c (0x4da3c293) x 5 0x000004db
core   0: 0x80006910 (0x413083b3) sub     t2, ra, s3
core   0: 3 0x80006910 (0x413083b3) x 7 0x000003cb
core   0: 0x80006914 (0x419c0fb3) sub     t6, s8, s9
core   0: 3 0x80006914 (0x419c0fb3) x31 0xffffffff
core   0: 0x80006918 (0x6b883617) auipc   a2, 0x6b883
core   0: 3 0x80006918 (0x6b883617) x12 0xeb889918
core   0: 0x8000691c (0x01a32cb3) slt     s9, t1, s10
core   0: 3 0x8000691c (0x01a32cb3) x25 0x00000001
core   0: 0x80006920 (0x0172d313) srli    t1, t0, 23
core   0: 3 0x80006920 (0x0172d313) x 6 0x00000000
core   0: 0x80006924 (0x0314b2b3) mulhu   t0, s1, a7
core   0: 3 0x80006924 (0x0314b2b3) x 5 0x00000000
core   0: 0x80006928 (0xf2796b37) lui     s6, 0xf2796
core   0: 3 0x80006928 (0xf2796b37) x22 0xf2796000
core   0: 0x8000692c (0x034e6e33) rem     t3, t3, s4
core   0: 3 0x8000692c (0x034e6e33) x28 0x00000000
core   0: 0x80006930 (0x03ba20b3) mulhsu  ra, s4, s11
core   0: 3 0x80006930 (0x03ba20b3) x 1 0x00000000
core   0: 0x80006934 (0x03479ab3) mulh    s5, a5, s4
core   0: 3 0x80006934 (0x03479ab3) x21 0x00000000
core   0: 0x80006938 (0x406d5e93) srai    t4, s10, 6
core   0: 3 0x80006938 (0x406d5e93) x29 0x00a6c122
core   0: 0x8000693c (0x0008d033) srl     zero, a7, zero
core   0: 3 0x8000693c (0x0008d033)
core   0: 0x80006940 (0x01b76fb3) or      t6, a4, s11
core   0: 3 0x80006940 (0x01b76fb3) x31 0x80018ce7
core   0: 0x80006944 (0x8f208f13) addi    t5, ra, -1806
core   0: 3 0x80006944 (0x8f208f13) x30 0xfffff8f2
core   0: 0x80006948 (0x01cb26b3) slt     a3, s6, t3
core   0: 3 0x80006948 (0x01cb26b3) x13 0x00000001
core   0: 0x8000694c (0x00cab433) sltu    s0, s5, a2
core   0: 3 0x8000694c (0x00cab433) x 8 0x00000001
core   0: 0x80006950 (0x0151d0b3) srl     ra, gp, s5
core   0: 3 0x80006950 (0x0151d0b3) x 1 0xfffff8dc
core   0: 0x80006954 (0x01ea9933) sll     s2, s5, t5
core   0: 3 0x80006954 (0x01ea9933) x18 0x00000000
core   0: 0x80006958 (0x2d92fe93) andi    t4, t0, 729
core   0: 3 0x80006958 (0x2d92fe93) x29 0x00000000
core   0: 0x8000695c (0x00232d33) slt     s10, t1, sp
core   0: 3 0x8000695c (0x00232d33) x26 0x00000000
core   0: 0x80006960 (0x0dd20c93) addi    s9, tp, 221
core   0: 3 0x80006960 (0x0dd20c93) x25 0x000000dd
core   0: 0x80006964 (0x01c11313) slli    t1, sp, 28
core   0: 3 0x80006964 (0x01c11313) x 6 0x00000000
core   0: 0x80006968 (0x00000013) nop
core   0: 3 0x80006968 (0x00000013)
core   0: 0x8000696c (0x40d4d513) srai    a0, s1, 13
core   0: 3 0x8000696c (0x40d4d513) x10 0x00000000
core   0: 0x80006970 (0x01e16b33) or      s6, sp, t5
core   0: 3 0x80006970 (0x01e16b33) x22 0xfffff8f2
core   0: 0x80006974 (0x40f75e13) srai    t3, a4, 15
core   0: 3 0x80006974 (0x40f75e13) x28 0xffff0003
core   0: 0x80006978 (0x01d53a13) sltiu   s4, a0, 29
core   0: 3 0x80006978 (0x01d53a13) x20 0x00000001
core   0: 0x8000697c (0x023ecfb3) div     t6, t4, gp
core   0: 3 0x8000697c (0x023ecfb3) x31 0x00000000
core   0: 0x80006980 (0x026047b3) div     a5, zero, t1
core   0: 3 0x80006980 (0x026047b3) x15 0xffffffff
core   0: 0x80006984 (0x00000013) nop
core   0: 3 0x80006984 (0x00000013)
core   0: 0x80006988 (0x034c5bb3) divu    s7, s8, s4
core   0: 3 0x80006988 (0x034c5bb3) x23 0x00000000
core   0: 0x8000698c (0x265dcd13) xori    s10, s11, 613
core   0: 3 0x8000698c (0x265dcd13) x26 0x00000262
core   0: 0x80006990 (0x016cfe33) and     t3, s9, s6
core   0: 3 0x80006990 (0x016cfe33) x28 0x000000d0
core   0: 0x80006994 (0x01632033) slt     zero, t1, s6
core   0: 3 0x80006994 (0x01632033)
core   0: 0x80006998 (0x00461b93) slli    s7, a2, 4
core   0: 3 0x80006998 (0x00461b93) x23 0xb8899180
core   0: 0x8000699c (0x00000013) nop
core   0: 3 0x8000699c (0x00000013)
core   0: 0x800069a0 (0x02264b33) div     s6, a2, sp
core   0: 3 0x800069a0 (0x02264b33) x22 0xffffffff
core   0: 0x800069a4 (0x65f4c993) xori    s3, s1, 1631
core   0: 3 0x800069a4 (0x65f4c993) x19 0x0000065f
core   0: 0x800069a8 (0x2dfe56b7) lui     a3, 0x2dfe5
core   0: 3 0x800069a8 (0x2dfe56b7) x13 0x2dfe5000
core   0: 0x800069ac (0x03687cb3) remu    s9, a6, s6
core   0: 3 0x800069ac (0x03687cb3) x25 0x80014e64
core   0: 0x800069b0 (0x418fda33) sra     s4, t6, s8
core   0: 3 0x800069b0 (0x418fda33) x20 0x00000000
core   0: 0x800069b4 (0x02238333) mul     t1, t2, sp
core   0: 3 0x800069b4 (0x02238333) x 6 0x00000000
core   0: 0x800069b8 (0x02dd8cb3) mul     s9, s11, a3
core   0: 3 0x800069b8 (0x02dd8cb3) x25 0x41f43000
core   0: 0x800069bc (0x012ad0b3) srl     ra, s5, s2
core   0: 3 0x800069bc (0x012ad0b3) x 1 0x00000000
core   0: 0x800069c0 (0x00d401b3) add     gp, s0, a3
core   0: 3 0x800069c0 (0x00d401b3) x 3 0x2dfe5001
core   0: 0x800069c4 (0x7f443593) sltiu   a1, s0, 2036
core   0: 3 0x800069c4 (0x7f443593) x11 0x00000001
core   0: 0x800069c8 (0x38ede237) lui     tp, 0x38ede
core   0: 3 0x800069c8 (0x38ede237) x 4 0x38ede000
core   0: 0x800069cc (0x41ff5293) srai    t0, t5, 31
core   0: 3 0x800069cc (0x41ff5293) x 5 0xffffffff
core   0: 0x800069d0 (0x038a9f33) mulh    t5, s5, s8
core   0: 3 0x800069d0 (0x038a9f33) x30 0x00000000
core   0: 0x800069d4 (0x017d25b3) slt     a1, s10, s7
core   0: 3 0x800069d4 (0x017d25b3) x11 0x00000000
core   0: 0x800069d8 (0x03f52cb3) mulhsu  s9, a0, t6
core   0: 3 0x800069d8 (0x03f52cb3) x25 0x00000000
core   0: 0x800069dc (0x000229b3) slt     s3, tp, zero
core   0: 3 0x800069dc (0x000229b3) x19 0x00000000
core   0: 0x800069e0 (0x03b57b33) remu    s6, a0, s11
core   0: 3 0x800069e0 (0x03b57b33) x22 0x00000000
core   0: 0x800069e4 (0x417d8b33) sub     s6, s11, s7
core   0: 3 0x800069e4 (0x417d8b33) x22 0x47766e87
core   0: 0x800069e8 (0x54ed7093) andi    ra, s10, 1358
core   0: 3 0x800069e8 (0x54ed7093) x 1 0x00000042
core   0: 0x800069ec (0x020e2fb3) mulhsu  t6, t3, zero
core   0: 3 0x800069ec (0x020e2fb3) x31 0x00000000
core   0: 0x800069f0 (0x43a06193) ori     gp, zero, 1082
core   0: 3 0x800069f0 (0x43a06193) x 3 0x0000043a
core   0: 0x800069f4 (0x00000013) nop
core   0: 3 0x800069f4 (0x00000013)
core   0: 0x800069f8 (0x03376bb3) rem     s7, a4, s3
core   0: 3 0x800069f8 (0x03376bb3) x23 0x80018ce4
core   0: 0x800069fc (0x02754533) div     a0, a0, t2
core   0: 3 0x800069fc (0x02754533) x10 0x00000000
core   0: 0x80006a00 (0x40385013) srai    zero, a6, 3
core   0: 3 0x80006a00 (0x40385013)
core   0: 0x80006a04 (0x01947633) and     a2, s0, s9
core   0: 3 0x80006a04 (0x01947633) x12 0x00000000
core   0: 0x80006a08 (0x01376933) or      s2, a4, s3
core   0: 3 0x80006a08 (0x01376933) x18 0x80018ce4
core   0: 0x80006a0c (0x404a0e33) sub     t3, s4, tp
core   0: 3 0x80006a0c (0x404a0e33) x28 0xc7122000
core   0: 0x80006a10 (0x3e437697) auipc   a3, 0x3e437
core   0: 3 0x80006a10 (0x3e437697) x13 0xbe43da10
core   0: 0x80006a14 (0x90582013) slti    zero, a6, -1787
core   0: 3 0x80006a14 (0x90582013)
core   0: 0x80006a18 (0x412b5633) sra     a2, s6, s2
core   0: 3 0x80006a18 (0x412b5633) x12 0x047766e8
core   0: 0x80006a1c (0x52342093) slti    ra, s0, 1315
core   0: 3 0x80006a1c (0x52342093) x 1 0x00000001
core   0: 0x80006a20 (0x02429c33) mulh    s8, t0, tp
core   0: 3 0x80006a20 (0x02429c33) x24 0xffffffff
core   0: 0x80006a24 (0x3e312613) slti    a2, sp, 995
core   0: 3 0x80006a24 (0x3e312613) x12 0x00000001
core   0: 0x80006a28 (0x0f09bf13) sltiu   t5, s3, 240
core   0: 3 0x80006a28 (0x0f09bf13) x30 0x00000001
core   0: 0x80006a2c (0x03edaeb3) mulhsu  t4, s11, t5
core   0: 3 0x80006a2c (0x03edaeb3) x29 0x00000000
core   0: 0x80006a30 (0xdf31eab7) lui     s5, 0xdf31e
core   0: 3 0x80006a30 (0xdf31eab7) x21 0xdf31e000
core   0: 0x80006a34 (0x01ef9a13) slli    s4, t6, 30
core   0: 3 0x80006a34 (0x01ef9a13) x20 0x00000000
core   0: 0x80006a38 (0x026d8cb3) mul     s9, s11, t1
core   0: 3 0x80006a38 (0x026d8cb3) x25 0x00000000
core   0: 0x80006a3c (0x00bbb933) sltu    s2, s7, a1
core   0: 3 0x80006a3c (0x00bbb933) x18 0x00000000
core   0: 0x80006a40 (0x009ccab3) xor     s5, s9, s1
core   0: 3 0x80006a40 (0x009ccab3) x21 0x00000000
core   0: 0x80006a44 (0x58bb2197) auipc   gp, 0x58bb2
core   0: 3 0x80006a44 (0x58bb2197) x 3 0xd8bb8a44
core   0: 0x80006a48 (0x0198c433) xor     s0, a7, s9
core   0: 3 0x80006a48 (0x0198c433) x 8 0x80018ce4
core   0: 0x80006a4c (0x00c8d133) srl     sp, a7, a2
core   0: 3 0x80006a4c (0x00c8d133) x 2 0x4000c672
core   0: 0x80006a50 (0x03ef10b3) mulh    ra, t5, t5
core   0: 3 0x80006a50 (0x03ef10b3) x 1 0x00000000
core   0: 0x80006a54 (0x005e1133) sll     sp, t3, t0
core   0: 3 0x80006a54 (0x005e1133) x 2 0x00000000
core   0: 0x80006a58 (0x40e7df33) sra     t5, a5, a4
core   0: 3 0x80006a58 (0x40e7df33) x30 0xffffffff
core   0: 0x80006a5c (0x0299bab3) mulhu   s5, s3, s1
core   0: 3 0x80006a5c (0x0299bab3) x21 0x00000000
core   0: 0x80006a60 (0x74444593) xori    a1, s0, 1860
core   0: 3 0x80006a60 (0x74444593) x11 0x80018ba0
core   0: 0x80006a64 (0x53848113) addi    sp, s1, 1336
core   0: 3 0x80006a64 (0x53848113) x 2 0x00000538
core   0: 0x80006a68 (0x00c56f33) or      t5, a0, a2
core   0: 3 0x80006a68 (0x00c56f33) x30 0x00000001
core   0: 0x80006a6c (0x00d76333) or      t1, a4, a3
core   0: 3 0x80006a6c (0x00d76333) x 6 0xbe43def4
core   0: 0x80006a70 (0xb0d73893) sltiu   a7, a4, -1267
core   0: 3 0x80006a70 (0xb0d73893) x17 0x00000001
core   0: 0x80006a74 (0x0310f133) remu    sp, ra, a7
core   0: 3 0x80006a74 (0x0310f133) x 2 0x00000000
core   0: 0x80006a78 (0x018eff33) and     t5, t4, s8
core   0: 3 0x80006a78 (0x018eff33) x30 0x00000000
core   0: 0x80006a7c (0x414054b3) sra     s1, zero, s4
core   0: 3 0x80006a7c (0x414054b3) x 9 0x00000000
core   0: 0x80006a80 (0x00641033) sll     zero, s0, t1
core   0: 3 0x80006a80 (0x00641033)
core   0: 0x80006a84 (0x6a30f037) lui     zero, 0x6a30f
core   0: 3 0x80006a84 (0x6a30f037)
core   0: 0x80006a88 (0x0220abb3) mulhsu  s7, ra, sp
core   0: 3 0x80006a88 (0x0220abb3) x23 0x00000000
core   0: 0x80006a8c (0x00000013) nop
core   0: 3 0x80006a8c (0x00000013)
core   0: 0x80006a90 (0x0036b017) auipc   zero, 0x36b
core   0: 3 0x80006a90 (0x0036b017)
core   0: 0x80006a94 (0xc682b693) sltiu   a3, t0, -920
core   0: 3 0x80006a94 (0xc682b693) x13 0x00000000
core   0: 0x80006a98 (0x00ae6633) or      a2, t3, a0
core   0: 3 0x80006a98 (0x00ae6633) x12 0xc7122000
core   0: 0x80006a9c (0xc0e1eb13) ori     s6, gp, -1010
core   0: 3 0x80006a9c (0xc0e1eb13) x22 0xfffffe4e
core   0: 0x80006aa0 (0x1146e113) ori     sp, a3, 276
core   0: 3 0x80006aa0 (0x1146e113) x 2 0x00000114
core   0: 0x80006aa4 (0x03006b33) rem     s6, zero, a6
core   0: 3 0x80006aa4 (0x03006b33) x22 0x00000000
core   0: 0x80006aa8 (0x00dd33b3) sltu    t2, s10, a3
core   0: 3 0x80006aa8 (0x00dd33b3) x 7 0x00000000
core   0: 0x80006aac (0x02ba43b3) div     t2, s4, a1
core   0: 3 0x80006aac (0x02ba43b3) x 7 0x00000000
core   0: 0x80006ab0 (0x43ffb097) auipc   ra, 0x43ffb
core   0: 3 0x80006ab0 (0x43ffb097) x 1 0xc4001ab0
core   0: 0x80006ab4 (0x0130f9b3) and     s3, ra, s3
core   0: 3 0x80006ab4 (0x0130f9b3) x19 0x00000000
core   0: 0x80006ab8 (0x40c98333) sub     t1, s3, a2
core   0: 3 0x80006ab8 (0x40c98333) x 6 0x38ede000
core   0: 0x80006abc (0x02f0feb3) remu    t4, ra, a5
core   0: 3 0x80006abc (0x02f0feb3) x29 0xc4001ab0
core   0: 0x80006ac0 (0x00000013) nop
core   0: 3 0x80006ac0 (0x00000013)
core   0: 0x80006ac4 (0x01921233) sll     tp, tp, s9
core   0: 3 0x80006ac4 (0x01921233) x 4 0x38ede000
core   0: 0x80006ac8 (0x40358f33) sub     t5, a1, gp
core   0: 3 0x80006ac8 (0x40358f33) x30 0xa746015c
core   0: 0x80006acc (0x028918b3) mulh    a7, s2, s0
core   0: 3 0x80006acc (0x028918b3) x17 0x00000000
core   0: 0x80006ad0 (0x41240633) sub     a2, s0, s2
core   0: 3 0x80006ad0 (0x41240633) x12 0x80018ce4
core   0: 0x80006ad4 (0x02d2b537) lui     a0, 0x2d2b
core   0: 3 0x80006ad4 (0x02d2b537) x10 0x02d2b000
core   0: 0x80006ad8 (0x01a21593) slli    a1, tp, 26
core   0: 3 0x80006ad8 (0x01a21593) x11 0x00000000
core   0: 0x80006adc (0x03094333) div     t1, s2, a6
core   0: 3 0x80006adc (0x03094333) x 6 0x00000000
core   0: 0x80006ae0 (0x026298b3) mulh    a7, t0, t1
core   0: 3 0x80006ae0 (0x026298b3) x17 0x00000000
core   0: 0x80006ae4 (0xdb247197) auipc   gp, 0xdb247
core   0: 3 0x80006ae4 (0xdb247197) x 3 0x5b24dae4
core   0: 0x80006ae8 (0x01a0fcb3) and     s9, ra, s10
core   0: 3 0x80006ae8 (0x01a0fcb3) x25 0x00000220
core   0: 0x80006aec (0x0f2efd37) lui     s10, 0xf2ef
core   0: 3 0x80006aec (0x0f2efd37) x26 0x0f2ef000
core   0: 0x80006af0 (0x0169c933) xor     s2, s3, s6
core   0: 3 0x80006af0 (0x0169c933) x18 0x00000000
core   0: 0x80006af4 (0x03a1e233) rem     tp, gp, s10
core   0: 3 0x80006af4 (0x03a1e233) x 4 0x000b3ae4
core   0: 0x80006af8 (0x40b45f33) sra     t5, s0, a1
core   0: 3 0x80006af8 (0x40b45f33) x30 0x80018ce4
core   0: 0x80006afc (0x41b806b3) sub     a3, a6, s11
core   0: 3 0x80006afc (0x41b806b3) x13 0x80014e5d
core   0: 0x80006b00 (0xb75f07b7) lui     a5, 0xb75f0
core   0: 3 0x80006b00 (0xb75f07b7) x15 0xb75f0000
core   0: 0x80006b04 (0x027d4e33) div     t3, s10, t2
core   0: 3 0x80006b04 (0x027d4e33) x28 0xffffffff
core   0: 0x80006b08 (0x786b6937) lui     s2, 0x786b6
core   0: 3 0x80006b08 (0x786b6937) x18 0x786b6000
core   0: 0x80006b0c (0x00729c33) sll     s8, t0, t2
core   0: 3 0x80006b0c (0x00729c33) x24 0xffffffff
core   0: 0x80006b10 (0x01039d13) slli    s10, t2, 16
core   0: 3 0x80006b10 (0x01039d13) x26 0x00000000
core   0: 0x80006b14 (0x00c9b6b3) sltu    a3, s3, a2
core   0: 3 0x80006b14 (0x00c9b6b3) x13 0x00000001
core   0: 0x80006b18 (0x020ad933) divu    s2, s5, zero
core   0: 3 0x80006b18 (0x020ad933) x18 0xffffffff
core   0: 0x80006b1c (0x00c37433) and     s0, t1, a2
core   0: 3 0x80006b1c (0x00c37433) x 8 0x00000000
core   0: 0x80006b20 (0x01489a13) slli    s4, a7, 20
core   0: 3 0x80006b20 (0x01489a13) x20 0x00000000
core   0: 0x80006b24 (0x89be7a13) andi    s4, t3, -1893
core   0: 3 0x80006b24 (0x89be7a13) x20 0xfffff89b
core   0: 0x80006b28 (0x010bfab3) and     s5, s7, a6
core   0: 3 0x80006b28 (0x010bfab3) x21 0x00000000
core   0: 0x80006b2c (0x41e989b3) sub     s3, s3, t5
core   0: 3 0x80006b2c (0x41e989b3) x19 0x7ffe731c
core   0: 0x80006b30 (0xa46c2a93) slti    s5, s8, -1466
core   0: 3 0x80006b30 (0xa46c2a93) x21 0x00000000
core   0: 0x80006b34 (0xb294ae17) auipc   t3, 0xb294a
core   0: 3 0x80006b34 (0xb294ae17) x28 0x32950b34
core   0: 0x80006b38 (0x03d86a33) rem     s4, a6, t4
core   0: 3 0x80006b38 (0x03d86a33) x20 0xf8011904
core   0: 0x80006b3c (0x00d10433) add     s0, sp, a3
core   0: 3 0x80006b3c (0x00d10433) x 8 0x00000115
core   0: 0x80006b40 (0x03f9c8b3) div     a7, s3, t6
core   0: 3 0x80006b40 (0x03f9c8b3) x17 0xffffffff
core   0: 0x80006b44 (0x40da8133) sub     sp, s5, a3
core   0: 3 0x80006b44 (0x40da8133) x 2 0xffffffff
core   0: 0x80006b48 (0x00c4e1b3) or      gp, s1, a2
core   0: 3 0x80006b48 (0x00c4e1b3) x 3 0x80018ce4
core   0: 0x80006b4c (0x001046b3) xor     a3, zero, ra
core   0: 3 0x80006b4c (0x001046b3) x13 0xc4001ab0
core   0: 0x80006b50 (0x00f44eb3) xor     t4, s0, a5
core   0: 3 0x80006b50 (0x00f44eb3) x29 0xb75f0115
core   0: 0x80006b54 (0x00475513) srli    a0, a4, 4
core   0: 3 0x80006b54 (0x00475513) x10 0x080018ce
core   0: 0x80006b58 (0x037ef033) remu    zero, t4, s7
core   0: 3 0x80006b58 (0x037ef033)
core   0: 0x80006b5c (0xb439cf13) xori    t5, s3, -1213
core   0: 3 0x80006b5c (0xb439cf13) x30 0x8001885f
core   0: 0x80006b60 (0x01414bb3) xor     s7, sp, s4
core   0: 3 0x80006b60 (0x01414bb3) x23 0x07fee6fb
core   0: 0x80006b64 (0x40afd113) srai    sp, t6, 10
core   0: 3 0x80006b64 (0x40afd113) x 2 0x00000000
core   0: 0x80006b68 (0x00a6bfb3) sltu    t6, a3, a0
core   0: 3 0x80006b68 (0x00a6bfb3) x31 0x00000000
core   0: 0x80006b6c (0x00611e13) slli    t3, sp, 6
core   0: 3 0x80006b6c (0x00611e13) x28 0x00000000
core   0: 0x80006b70 (0xbce94413) xori    s0, s2, -1074
core   0: 3 0x80006b70 (0xbce94413) x 8 0x00000431
core   0: 0x80006b74 (0x027bf033) remu    zero, s7, t2
core   0: 3 0x80006b74 (0x027bf033)
core   0: 0x80006b78 (0x00ef0433) add     s0, t5, a4
core   0: 3 0x80006b78 (0x00ef0433) x 8 0x00031543
core   0: 0x80006b7c (0x4067d933) sra     s2, a5, t1
core   0: 3 0x80006b7c (0x4067d933) x18 0xb75f0000
core   0: 0x80006b80 (0x9357a297) auipc   t0, 0x9357a
core   0: 3 0x80006b80 (0x9357a297) x 5 0x13580b80
core   0: 0x80006b84 (0x0123e433) or      s0, t2, s2
core   0: 3 0x80006b84 (0x0123e433) x 8 0xb75f0000
core   0: 0x80006b88 (0xb1992513) slti    a0, s2, -1255
core   0: 3 0x80006b88 (0xb1992513) x10 0x00000001
core   0: 0x80006b8c (0x411b8e33) sub     t3, s7, a7
core   0: 3 0x80006b8c (0x411b8e33) x28 0x07fee6fc
core   0: 0x80006b90 (0xe8b40f13) addi    t5, s0, -373
core   0: 3 0x80006b90 (0xe8b40f13) x30 0xb75efe8b
core   0: 0x80006b94 (0x59c7b197) auipc   gp, 0x59c7b
core   0: 3 0x80006b94 (0x59c7b197) x 3 0xd9c81b94
core   0: 0x80006b98 (0x009c4fb3) xor     t6, s8, s1
core   0: 3 0x80006b98 (0x009c4fb3) x31 0xffffffff
core   0: 0x80006b9c (0x007ddd13) srli    s10, s11, 7
core   0: 3 0x80006b9c (0x007ddd13) x26 0x00000000
core   0: 0x80006ba0 (0x005278b3) and     a7, tp, t0
core   0: 3 0x80006ba0 (0x005278b3) x17 0x00080a80
core   0: 0x80006ba4 (0x039c57b3) divu    a5, s8, s9
core   0: 3 0x80006ba4 (0x039c57b3) x15 0x00787878
core   0: 0x80006ba8 (0x0045fab3) and     s5, a1, tp
core   0: 3 0x80006ba8 (0x0045fab3) x21 0x00000000
core   0: 0x80006bac (0x03758133) mul     sp, a1, s7
core   0: 3 0x80006bac (0x03758133) x 2 0x00000000
core   0: 0x80006bb0 (0xb791fb13) andi    s6, gp, -1159
core   0: 3 0x80006bb0 (0xb791fb13) x22 0xd9c81b10
core   0: 0x80006bb4 (0x40d05a33) sra     s4, zero, a3
core   0: 3 0x80006bb4 (0x40d05a33) x20 0x00000000
core   0: 0x80006bb8 (0xcd6c4993) xori    s3, s8, -810
core   0: 3 0x80006bb8 (0xcd6c4993) x19 0x00000329
core   0: 0x80006bbc (0x03947133) remu    sp, s0, s9
core   0: 3 0x80006bbc (0x03947133) x 2 0x000001c0
core   0: 0x80006bc0 (0x00371f93) slli    t6, a4, 3
core   0: 3 0x80006bc0 (0x00371f93) x31 0x000c6720
core   0: 0x80006bc4 (0x03f86cb3) rem     s9, a6, t6
core   0: 3 0x80006bc4 (0x03f86cb3) x25 0xfff52f84
core   0: 0x80006bc8 (0x033d5ab3) divu    s5, s10, s3
core   0: 3 0x80006bc8 (0x033d5ab3) x21 0x00000000
core   0: 0x80006bcc (0x02bcb2b3) mulhu   t0, s9, a1
core   0: 3 0x80006bcc (0x02bcb2b3) x 5 0x00000000
core   0: 0x80006bd0 (0x001abbb3) sltu    s7, s5, ra
core   0: 3 0x80006bd0 (0x001abbb3) x23 0x00000001
core   0: 0x80006bd4 (0x030446b3) div     a3, s0, a6
core   0: 3 0x80006bd4 (0x030446b3) x13 0x00000000
core   0: 0x80006bd8 (0x036e11b3) mulh    gp, t3, s6
core   0: 3 0x80006bd8 (0x036e11b3) x 3 0xfece6acc
core   0: 0x80006bdc (0x413405b3) sub     a1, s0, s3
core   0: 3 0x80006bdc (0x413405b3) x11 0xb75efcd7
core   0: 0x80006be0 (0x2e078337) lui     t1, 0x2e078
core   0: 3 0x80006be0 (0x2e078337) x 6 0x2e078000
core   0: 0x80006be4 (0x008d9213) slli    tp, s11, 8
core   0: 3 0x80006be4 (0x008d9213) x 4 0x00000700
core   0: 0x80006be8 (0x41155b33) sra     s6, a0, a7
core   0: 3 0x80006be8 (0x41155b33) x22 0x00000001
core   0: 0x80006bec (0x03a6afb3) mulhsu  t6, a3, s10
core   0: 3 0x80006bec (0x03a6afb3) x31 0x00000000
core   0: 0x80006bf0 (0x00753933) sltu    s2, a0, t2
core   0: 3 0x80006bf0 (0x00753933) x18 0x00000000
core   0: 0x80006bf4 (0x012379b3) and     s3, t1, s2
core   0: 3 0x80006bf4 (0x012379b3) x19 0x00000000
core   0: 0x80006bf8 (0x40ebd313) srai    t1, s7, 14
core   0: 3 0x80006bf8 (0x40ebd313) x 6 0x00000000
core   0: 0x80006bfc (0x005a5633) srl     a2, s4, t0
core   0: 3 0x80006bfc (0x005a5633) x12 0x00000000
core   0: 0x80006c00 (0x536e8bb7) lui     s7, 0x536e8
core   0: 3 0x80006c00 (0x536e8bb7) x23 0x536e8000
core   0: 0x80006c04 (0x01fdb2b3) sltu    t0, s11, t6
core   0: 3 0x80006c04 (0x01fdb2b3) x 5 0x00000000
core   0: 0x80006c08 (0x006cceb3) xor     t4, s9, t1
core   0: 3 0x80006c08 (0x006cceb3) x29 0xfff52f84
core   0: 0x80006c0c (0x0253ae33) mulhsu  t3, t2, t0
core   0: 3 0x80006c0c (0x0253ae33) x28 0x00000000
core   0: 0x80006c10 (0x007851b3) srl     gp, a6, t2
core   0: 3 0x80006c10 (0x007851b3) x 3 0x80014e64
core   0: 0x80006c14 (0x00379d13) slli    s10, a5, 3
core   0: 3 0x80006c14 (0x00379d13) x26 0x03c3c3c0
core   0: 0x80006c18 (0xf65c0293) addi    t0, s8, -155
core   0: 3 0x80006c18 (0xf65c0293) x 5 0xffffff64
core   0: 0x80006c1c (0x00e3a533) slt     a0, t2, a4
core   0: 3 0x80006c1c (0x00e3a533) x10 0x00000000
core   0: 0x80006c20 (0x40020633) sub     a2, tp, zero
core   0: 3 0x80006c20 (0x40020633) x12 0x00000700
core   0: 0x80006c24 (0xae56fc93) andi    s9, a3, -1307
core   0: 3 0x80006c24 (0xae56fc93) x25 0x00000000
core   0: 0x80006c28 (0x01e91fb3) sll     t6, s2, t5
core   0: 3 0x80006c28 (0x01e91fb3) x31 0x00000000
core   0: 0x80006c2c (0x408805b3) sub     a1, a6, s0
core   0: 3 0x80006c2c (0x408805b3) x11 0xc8a24e64
core   0: 0x80006c30 (0x021894b3) mulh    s1, a7, ra
core   0: 3 0x80006c30 (0x021894b3) x 9 0xfffe1d8a
core   0: 0x80006c34 (0x013602b3) add     t0, a2, s3
core   0: 3 0x80006c34 (0x013602b3) x 5 0x00000700
core   0: 0x80006c38 (0x347d76b7) lui     a3, 0x347d7
core   0: 3 0x80006c38 (0x347d76b7) x13 0x347d7000
core   0: 0x80006c3c (0x03610fb3) mul     t6, sp, s6
core   0: 3 0x80006c3c (0x03610fb3) x31 0x000001c0
core   0: 0x80006c40 (0x030a70b3) remu    ra, s4, a6
core   0: 3 0x80006c40 (0x030a70b3) x 1 0x00000000
core   0: 0x80006c44 (0x02ee5533) divu    a0, t3, a4
core   0: 3 0x80006c44 (0x02ee5533) x10 0x00000000
core   0: 0x80006c48 (0x40e20f33) sub     t5, tp, a4
core   0: 3 0x80006c48 (0x40e20f33) x30 0x7ffe7a1c
core   0: 0x80006c4c (0x021b4bb3) div     s7, s6, ra
core   0: 3 0x80006c4c (0x021b4bb3) x23 0xffffffff
core   0: 0x80006c50 (0x036a40b3) div     ra, s4, s6
core   0: 3 0x80006c50 (0x036a40b3) x 1 0x00000000
core   0: 0x80006c54 (0x6ebba693) slti    a3, s7, 1771
core   0: 3 0x80006c54 (0x6ebba693) x13 0x00000001
core   0: 0x80006c58 (0x00000013) nop
core   0: 3 0x80006c58 (0x00000013)
core   0: 0x80006c5c (0x0101c3b3) xor     t2, gp, a6
core   0: 3 0x80006c5c (0x0101c3b3) x 7 0x00000000
core   0: 0x80006c60 (0x418c5013) srai    zero, s8, 24
core   0: 3 0x80006c60 (0x418c5013)
core   0: 0x80006c64 (0x6feb6c13) ori     s8, s6, 1790
core   0: 3 0x80006c64 (0x6feb6c13) x24 0x000006ff
core   0: 0x80006c68 (0x00000013) nop
core   0: 3 0x80006c68 (0x00000013)
core   0: 0x80006c6c (0x014e3a33) sltu    s4, t3, s4
core   0: 3 0x80006c6c (0x014e3a33) x20 0x00000000
core   0: 0x80006c70 (0x003dd313) srli    t1, s11, 3
core   0: 3 0x80006c70 (0x003dd313) x 6 0x00000000
core   0: 0x80006c74 (0x003b2033) slt     zero, s6, gp
core   0: 3 0x80006c74 (0x003b2033)
core   0: 0x80006c78 (0x00000013) nop
core   0: 3 0x80006c78 (0x00000013)
core   0: 0x80006c7c (0x00421b93) slli    s7, tp, 4
core   0: 3 0x80006c7c (0x00421b93) x23 0x00007000
core   0: 0x80006c80 (0x02740f33) mul     t5, s0, t2
core   0: 3 0x80006c80 (0x02740f33) x30 0x00000000
core   0: 0x80006c84 (0x0095ea33) or      s4, a1, s1
core   0: 3 0x80006c84 (0x0095ea33) x20 0xfffe5fee
core   0: 0x80006c88 (0x02f0b4b3) mulhu   s1, ra, a5
core   0: 3 0x80006c88 (0x02f0b4b3) x 9 0x00000000
core   0: 0x80006c8c (0x0358a4b3) mulhsu  s1, a7, s5
core   0: 3 0x80006c8c (0x0358a4b3) x 9 0x00000000
core   0: 0x80006c90 (0x06788013) addi    zero, a7, 103
core   0: 3 0x80006c90 (0x06788013)
core   0: 0x80006c94 (0x87934f13) xori    t5, t1, -1927
core   0: 3 0x80006c94 (0x87934f13) x30 0xfffff879
core   0: 0x80006c98 (0x03a16133) rem     sp, sp, s10
core   0: 3 0x80006c98 (0x03a16133) x 2 0x000001c0
core   0: 0x80006c9c (0x5f15b793) sltiu   a5, a1, 1521
core   0: 3 0x80006c9c (0x5f15b793) x15 0x00000000
core   0: 0x80006ca0 (0x035f8433) mul     s0, t6, s5
core   0: 3 0x80006ca0 (0x035f8433) x 8 0x00000000
core   0: 0x80006ca4 (0x03ad9cb3) mulh    s9, s11, s10
core   0: 3 0x80006ca4 (0x03ad9cb3) x25 0x00000000
core   0: 0x80006ca8 (0xb765ef93) ori     t6, a1, -1162
core   0: 3 0x80006ca8 (0xb765ef93) x31 0xffffff76
core   0: 0x80006cac (0xe8237793) andi    a5, t1, -382
core   0: 3 0x80006cac (0xe8237793) x15 0x00000000
core   0: 0x80006cb0 (0x02f23b33) mulhu   s6, tp, a5
core   0: 3 0x80006cb0 (0x02f23b33) x22 0x00000000
core   0: 0x80006cb4 (0x00e827b3) slt     a5, a6, a4
core   0: 3 0x80006cb4 (0x00e827b3) x15 0x00000001
core   0: 0x80006cb8 (0xdf08ad13) slti    s10, a7, -528
core   0: 3 0x80006cb8 (0xdf08ad13) x26 0x00000000
core   0: 0x80006cbc (0x00b6f0b3) and     ra, a3, a1
core   0: 3 0x80006cbc (0x00b6f0b3) x 1 0x00000000
core   0: 0x80006cc0 (0x0351f5b3) remu    a1, gp, s5
core   0: 3 0x80006cc0 (0x0351f5b3) x11 0x80014e64
core   0: 0x80006cc4 (0xfcfa7413) andi    s0, s4, -49
core   0: 3 0x80006cc4 (0xfcfa7413) x 8 0xfffe5fce
core   0: 0x80006cc8 (0x019d5d33) srl     s10, s10, s9
core   0: 3 0x80006cc8 (0x019d5d33) x26 0x00000000
core   0: 0x80006ccc (0x01768bb3) add     s7, a3, s7
core   0: 3 0x80006ccc (0x01768bb3) x23 0x00007001
core   0: 0x80006cd0 (0x035666b3) rem     a3, a2, s5
core   0: 3 0x80006cd0 (0x035666b3) x13 0x00000700
core   0: 0x80006cd4 (0x00980933) add     s2, a6, s1
core   0: 3 0x80006cd4 (0x00980933) x18 0x80014e64
core   0: 0x80006cd8 (0x003bbab3) sltu    s5, s7, gp
core   0: 3 0x80006cd8 (0x003bbab3) x21 0x00000001
core   0: 0x80006cdc (0x00b35293) srli    t0, t1, 11
core   0: 3 0x80006cdc (0x00b35293) x 5 0x00000000
core   0: 0x80006ce0 (0x00000013) nop
core   0: 3 0x80006ce0 (0x00000013)
core   0: 0x80006ce4 (0xb10d8213) addi    tp, s11, -1264
core   0: 3 0x80006ce4 (0xb10d8213) x 4 0xfffffb17
core   0: 0x80006ce8 (0xa0563eb7) lui     t4, 0xa0563
core   0: 3 0x80006ce8 (0xa0563eb7) x29 0xa0563000
core   0: 0x80006cec (0x46debf13) sltiu   t5, t4, 1133
core   0: 3 0x80006cec (0x46debf13) x30 0x00000000
core   0: 0x80006cf0 (0x0081d4b3) srl     s1, gp, s0
core   0: 3 0x80006cf0 (0x0081d4b3) x 9 0x00020005
core   0: 0x80006cf4 (0x408b84b3) sub     s1, s7, s0
core   0: 3 0x80006cf4 (0x408b84b3) x 9 0x00021033
core   0: 0x80006cf8 (0xc2b155b7) lui     a1, 0xc2b15
core   0: 3 0x80006cf8 (0xc2b155b7) x11 0xc2b15000
core   0: 0x80006cfc (0x011f6b33) or      s6, t5, a7
core   0: 3 0x80006cfc (0x011f6b33) x22 0x00080a80
core   0: 0x80006d00 (0x00000013) nop
core   0: 3 0x80006d00 (0x00000013)
core   0: 0x80006d04 (0x00abd1b3) srl     gp, s7, a0
core   0: 3 0x80006d04 (0x00abd1b3) x 3 0x00007001
core   0: 0x80006d08 (0x40115593) srai    a1, sp, 1
core   0: 3 0x80006d08 (0x40115593) x11 0x000000e0
core   0: 0x80006d0c (0x0190c433) xor     s0, ra, s9
core   0: 3 0x80006d0c (0x0190c433) x 8 0x00000000
core   0: 0x80006d10 (0x0188e033) or      zero, a7, s8
core   0: 3 0x80006d10 (0x0188e033)
core   0: 0x80006d14 (0x0006a933) slt     s2, a3, zero
core   0: 3 0x80006d14 (0x0006a933) x18 0x00000000
core   0: 0x80006d18 (0x8a93ae93) slti    t4, t2, -1879
core   0: 3 0x80006d18 (0x8a93ae93) x29 0x00000000
core   0: 0x80006d1c (0x0068d333) srl     t1, a7, t1
core   0: 3 0x80006d1c (0x0068d333) x 6 0x00080a80
core   0: 0x80006d20 (0xd7fd6413) ori     s0, s10, -641
core   0: 3 0x80006d20 (0xd7fd6413) x 8 0xfffffd7f
core   0: 0x80006d24 (0xdea5a637) lui     a2, 0xdea5a
core   0: 3 0x80006d24 (0xdea5a637) x12 0xdea5a000
core   0: 0x80006d28 (0x022ec433) div     s0, t4, sp
core   0: 3 0x80006d28 (0x022ec433) x 8 0x00000000
core   0: 0x80006d2c (0x01ae8c33) add     s8, t4, s10
core   0: 3 0x80006d2c (0x01ae8c33) x24 0x00000000
core   0: 0x80006d30 (0x03aa42b3) div     t0, s4, s10
core   0: 3 0x80006d30 (0x03aa42b3) x 5 0xffffffff
core   0: 0x80006d34 (0x419fd413) srai    s0, t6, 25
core   0: 3 0x80006d34 (0x419fd413) x 8 0xffffffff
core   0: 0x80006d38 (0x0389b4b3) mulhu   s1, s3, s8
core   0: 3 0x80006d38 (0x0389b4b3) x 9 0x00000000
core   0: 0x80006d3c (0x00dd0cb3) add     s9, s10, a3
core   0: 3 0x80006d3c (0x00dd0cb3) x25 0x00000700
core   0: 0x80006d40 (0x406e8b33) sub     s6, t4, t1
core   0: 3 0x80006d40 (0x406e8b33) x22 0xfff7f580
core   0: 0x80006d44 (0x02fde0b3) rem     ra, s11, a5
core   0: 3 0x80006d44 (0x02fde0b3) x 1 0x00000000
core   0: 0x80006d48 (0x03890333) mul     t1, s2, s8
core   0: 3 0x80006d48 (0x03890333) x 6 0x00000000
core   0: 0x80006d4c (0x0130ffb3) and     t6, ra, s3
core   0: 3 0x80006d4c (0x0130ffb3) x31 0x00000000
core   0: 0x80006d50 (0x0130f6b3) and     a3, ra, s3
core   0: 3 0x80006d50 (0x0130f6b3) x13 0x00000000
core   0: 0x80006d54 (0x414d0d33) sub     s10, s10, s4
core   0: 3 0x80006d54 (0x414d0d33) x26 0x0001a012
core   0: 0x80006d58 (0x02e710b3) mulh    ra, a4, a4
core   0: 3 0x80006d58 (0x02e710b3) x 1 0x3ffe731e
core   0: 0x80006d5c (0x015ca333) slt     t1, s9, s5
core   0: 3 0x80006d5c (0x015ca333) x 6 0x00000000
core   0: 0x80006d60 (0x0136fe33) and     t3, a3, s3
core   0: 3 0x80006d60 (0x0136fe33) x28 0x00000000
core   0: 0x80006d64 (0xd5a98bb7) lui     s7, 0xd5a98
core   0: 3 0x80006d64 (0xd5a98bb7) x23 0xd5a98000
core   0: 0x80006d68 (0x018f0c33) add     s8, t5, s8
core   0: 3 0x80006d68 (0x018f0c33) x24 0x00000000
core   0: 0x80006d6c (0x6f067a93) andi    s5, a2, 1776
core   0: 3 0x80006d6c (0x6f067a93) x21 0x00000000
core   0: 0x80006d70 (0x038e5133) divu    sp, t3, s8
core   0: 3 0x80006d70 (0x038e5133) x 2 0xffffffff
core   0: 0x80006d74 (0x01b31133) sll     sp, t1, s11
core   0: 3 0x80006d74 (0x01b31133) x 2 0x00000000
core   0: 0x80006d78 (0x000fc333) xor     t1, t6, zero
core   0: 3 0x80006d78 (0x000fc333) x 6 0x00000000
core   0: 0x80006d7c (0xe21fa613) slti    a2, t6, -479
core   0: 3 0x80006d7c (0xe21fa613) x12 0x00000000
core   0: 0x80006d80 (0x0015f3b3) and     t2, a1, ra
core   0: 3 0x80006d80 (0x0015f3b3) x 7 0x00000000
core   0: 0x80006d84 (0x03fb67b3) rem     a5, s6, t6
core   0: 3 0x80006d84 (0x03fb67b3) x15 0xfff7f580
core   0: 0x80006d88 (0x01277d33) and     s10, a4, s2
core   0: 3 0x80006d88 (0x01277d33) x26 0x00000000
core   0: 0x80006d8c (0x00000013) nop
core   0: 3 0x80006d8c (0x00000013)
core   0: 0x80006d90 (0x40320e33) sub     t3, tp, gp
core   0: 3 0x80006d90 (0x40320e33) x28 0xffff8b16
core   0: 0x80006d94 (0x021964b3) rem     s1, s2, ra
core   0: 3 0x80006d94 (0x021964b3) x 9 0x00000000
core   0: 0x80006d98 (0x006c6bb3) or      s7, s8, t1
core   0: 3 0x80006d98 (0x006c6bb3) x23 0x00000000
core   0: 0x80006d9c (0x031be333) rem     t1, s7, a7
core   0: 3 0x80006d9c (0x031be333) x 6 0x00000000
core   0: 0x80006da0 (0x03016a33) rem     s4, sp, a6
core   0: 3 0x80006da0 (0x03016a33) x20 0x00000000
core   0: 0x80006da4 (0x00801313) slli    t1, zero, 8
core   0: 3 0x80006da4 (0x00801313) x 6 0x00000000
core   0: 0x80006da8 (0x41408fb3) sub     t6, ra, s4
core   0: 3 0x80006da8 (0x41408fb3) x31 0x3ffe731e
core   0: 0x80006dac (0xce2af313) andi    t1, s5, -798
core   0: 3 0x80006dac (0xce2af313) x 6 0x00000000
core   0: 0x80006db0 (0x41d9dc93) srai    s9, s3, 29
core   0: 3 0x80006db0 (0x41d9dc93) x25 0x00000000
core   0: 0x80006db4 (0x00000013) nop
core   0: 3 0x80006db4 (0x00000013)
core   0: 0x80006db8 (0x01919333) sll     t1, gp, s9
core   0: 3 0x80006db8 (0x01919333) x 6 0x00007001
core   0: 0x80006dbc (0x030f6b33) rem     s6, t5, a6
core   0: 3 0x80006dbc (0x030f6b33) x22 0x00000000
core   0: 0x80006dc0 (0x03168e33) mul     t3, a3, a7
core   0: 3 0x80006dc0 (0x03168e33) x28 0x00000000
core   0: 0x80006dc4 (0x03434cb3) div     s9, t1, s4
core   0: 3 0x80006dc4 (0x03434cb3) x25 0xffffffff
core   0: 0x80006dc8 (0x0051ab33) slt     s6, gp, t0
core   0: 3 0x80006dc8 (0x0051ab33) x22 0x00000000
core   0: 0x80006dcc (0x58e6ce93) xori    t4, a3, 1422
core   0: 3 0x80006dcc (0x58e6ce93) x29 0x0000058e
core   0: 0x80006dd0 (0x01e78533) add     a0, a5, t5
core   0: 3 0x80006dd0 (0x01e78533) x10 0xfff7f580
core   0: 0x80006dd4 (0x02fc6e33) rem     t3, s8, a5
core   0: 3 0x80006dd4 (0x02fc6e33) x28 0x00000000
core   0: 0x80006dd8 (0x025636b3) mulhu   a3, a2, t0
core   0: 3 0x80006dd8 (0x025636b3) x13 0x00000000
core   0: 0x80006ddc (0x01655fb3) srl     t6, a0, s6
core   0: 3 0x80006ddc (0x01655fb3) x31 0xfff7f580
core   0: 0x80006de0 (0x00ed5793) srli    a5, s10, 14
core   0: 3 0x80006de0 (0x00ed5793) x15 0x00000000
core   0: 0x80006de4 (0x02599d33) mulh    s10, s3, t0
core   0: 3 0x80006de4 (0x02599d33) x26 0x00000000
core   0: 0x80006de8 (0x40b45d13) srai    s10, s0, 11
core   0: 3 0x80006de8 (0x40b45d13) x26 0xffffffff
core   0: 0x80006dec (0x0116a033) slt     zero, a3, a7
core   0: 3 0x80006dec (0x0116a033)
core   0: 0x80006df0 (0x12d0cf13) xori    t5, ra, 301
core   0: 3 0x80006df0 (0x12d0cf13) x30 0x3ffe7233
core   0: 0x80006df4 (0x009a9493) slli    s1, s5, 9
core   0: 3 0x80006df4 (0x009a9493) x 9 0x00000000
core   0: 0x80006df8 (0x75af5997) auipc   s3, 0x75af5
core   0: 3 0x80006df8 (0x75af5997) x19 0xf5afbdf8
core   0: 0x80006dfc (0xfd71ac13) slti    s8, gp, -41
core   0: 3 0x80006dfc (0xfd71ac13) x24 0x00000000
core   0: 0x80006e00 (0x00886f33) or      t5, a6, s0
core   0: 3 0x80006e00 (0x00886f33) x30 0xffffffff
core   0: 0x80006e04 (0x00856333) or      t1, a0, s0
core   0: 3 0x80006e04 (0x00856333) x 6 0xffffffff
core   0: 0x80006e08 (0x0337b9b3) mulhu   s3, a5, s3
core   0: 3 0x80006e08 (0x0337b9b3) x19 0x00000000
core   0: 0x80006e0c (0x692b3513) sltiu   a0, s6, 1682
core   0: 3 0x80006e0c (0x692b3513) x10 0x00000001
core   0: 0x80006e10 (0x0082bfb3) sltu    t6, t0, s0
core   0: 3 0x80006e10 (0x0082bfb3) x31 0x00000000
core   0: 0x80006e14 (0x1ec04513) xori    a0, zero, 492
core   0: 3 0x80006e14 (0x1ec04513) x10 0x000001ec
core   0: 0x80006e18 (0x3ce87e93) andi    t4, a6, 974
core   0: 3 0x80006e18 (0x3ce87e93) x29 0x00000244
core   0: 0x80006e1c (0x41055c13) srai    s8, a0, 16
core   0: 3 0x80006e1c (0x41055c13) x24 0x00000000
core   0: 0x80006e20 (0x293cd2b7) lui     t0, 0x293cd
core   0: 3 0x80006e20 (0x293cd2b7) x 5 0x293cd000
core   0: 0x80006e24 (0x52290513) addi    a0, s2, 1314
core   0: 3 0x80006e24 (0x52290513) x10 0x00000522
core   0: 0x80006e28 (0xce70f093) andi    ra, ra, -793
core   0: 3 0x80006e28 (0xce70f093) x 1 0x3ffe7006
core   0: 0x80006e2c (0x018d7433) and     s0, s10, s8
core   0: 3 0x80006e2c (0x018d7433) x 8 0x00000000
core   0: 0x80006e30 (0x02426cb3) rem     s9, tp, tp
core   0: 3 0x80006e30 (0x02426cb3) x25 0x00000000
core   0: 0x80006e34 (0x77030ab7) lui     s5, 0x77030
core   0: 3 0x80006e34 (0x77030ab7) x21 0x77030000
core   0: 0x80006e38 (0x24204993) xori    s3, zero, 578
core   0: 3 0x80006e38 (0x24204993) x19 0x00000242
core   0: 0x80006e3c (0x21daff93) andi    t6, s5, 541
core   0: 3 0x80006e3c (0x21daff93) x31 0x00000000
core   0: 0x80006e40 (0x31af6c13) ori     s8, t5, 794
core   0: 3 0x80006e40 (0x31af6c13) x24 0xffffffff
core   0: 0x80006e44 (0x7ca0af93) slti    t6, ra, 1994
core   0: 3 0x80006e44 (0x7ca0af93) x31 0x00000000
core   0: 0x80006e48 (0x01937e33) and     t3, t1, s9
core   0: 3 0x80006e48 (0x01937e33) x28 0x00000000
core   0: 0x80006e4c (0x143db313) sltiu   t1, s11, 323
core   0: 3 0x80006e4c (0x143db313) x 6 0x00000001
core   0: 0x80006e50 (0x036ed333) divu    t1, t4, s6
core   0: 3 0x80006e50 (0x036ed333) x 6 0xffffffff
core   0: 0x80006e54 (0x01e4a933) slt     s2, s1, t5
core   0: 3 0x80006e54 (0x01e4a933) x18 0x00000000
core   0: 0x80006e58 (0x033af3b3) remu    t2, s5, s3
core   0: 3 0x80006e58 (0x033af3b3) x 7 0x000001f0
core   0: 0x80006e5c (0x019fd913) srli    s2, t6, 25
core   0: 3 0x80006e5c (0x019fd913) x18 0x00000000
core   0: 0x80006e60 (0x018c9d33) sll     s10, s9, s8
core   0: 3 0x80006e60 (0x018c9d33) x26 0x00000000
core   0: 0x80006e64 (0x41b30233) sub     tp, t1, s11
core   0: 3 0x80006e64 (0x41b30233) x 4 0xfffffff8
core   0: 0x80006e68 (0x00bdeab3) or      s5, s11, a1
core   0: 3 0x80006e68 (0x00bdeab3) x21 0x000000e7
core   0: 0x80006e6c (0x4137de13) srai    t3, a5, 19
core   0: 3 0x80006e6c (0x4137de13) x28 0x00000000
core   0: 0x80006e70 (0x0235fb33) remu    s6, a1, gp
core   0: 3 0x80006e70 (0x0235fb33) x22 0x000000e0
core   0: 0x80006e74 (0x03bd9533) mulh    a0, s11, s11
core   0: 3 0x80006e74 (0x03bd9533) x10 0x00000000
core   0: 0x80006e78 (0x01db9d13) slli    s10, s7, 29
core   0: 3 0x80006e78 (0x01db9d13) x26 0x00000000
core   0: 0x80006e7c (0xb622e493) ori     s1, t0, -1182
core   0: 3 0x80006e7c (0xb622e493) x 9 0xfffffb62
core   0: 0x80006e80 (0x02a43133) mulhu   sp, s0, a0
core   0: 3 0x80006e80 (0x02a43133) x 2 0x00000000
core   0: 0x80006e84 (0x00e288b3) add     a7, t0, a4
core   0: 3 0x80006e84 (0x00e288b3) x17 0xa93e5ce4
core   0: 0x80006e88 (0x00795f33) srl     t5, s2, t2
core   0: 3 0x80006e88 (0x00795f33) x30 0x00000000
core   0: 0x80006e8c (0x03a320b3) mulhsu  ra, t1, s10
core   0: 3 0x80006e8c (0x03a320b3) x 1 0x00000000
core   0: 0x80006e90 (0x14538e93) addi    t4, t2, 325
core   0: 3 0x80006e90 (0x14538e93) x29 0x00000335
core   0: 0x80006e94 (0xfdb33217) auipc   tp, 0xfdb33
core   0: 3 0x80006e94 (0xfdb33217) x 4 0x7db39e94
core   0: 0x80006e98 (0x02336933) rem     s2, t1, gp
core   0: 3 0x80006e98 (0x02336933) x18 0xffffffff
core   0: 0x80006e9c (0x406fd433) sra     s0, t6, t1
core   0: 3 0x80006e9c (0x406fd433) x 8 0x00000000
core   0: 0x80006ea0 (0x00000013) nop
core   0: 3 0x80006ea0 (0x00000013)
core   0: 0x80006ea4 (0x42b57c13) andi    s8, a0, 1067
core   0: 3 0x80006ea4 (0x42b57c13) x24 0x00000000
core   0: 0x80006ea8 (0x4c57d7b7) lui     a5, 0x4c57d
core   0: 3 0x80006ea8 (0x4c57d7b7) x15 0x4c57d000
core   0: 0x80006eac (0x00000013) nop
core   0: 3 0x80006eac (0x00000013)
core   0: 0x80006eb0 (0xe784e913) ori     s2, s1, -392
core   0: 3 0x80006eb0 (0xe784e913) x18 0xffffff7a
core   0: 0x80006eb4 (0x02dacb33) div     s6, s5, a3
core   0: 3 0x80006eb4 (0x02dacb33) x22 0xffffffff
core   0: 0x80006eb8 (0x40218cb3) sub     s9, gp, sp
core   0: 3 0x80006eb8 (0x40218cb3) x25 0x00007001
core   0: 0x80006ebc (0x408b5e13) srai    t3, s6, 8
core   0: 3 0x80006ebc (0x408b5e13) x28 0xffffffff
core   0: 0x80006ec0 (0x58978693) addi    a3, a5, 1417
core   0: 3 0x80006ec0 (0x58978693) x13 0x4c57d589
core   0: 0x80006ec4 (0x01767633) and     a2, a2, s7
core   0: 3 0x80006ec4 (0x01767633) x12 0x00000000
core   0: 0x80006ec8 (0x03be77b3) remu    a5, t3, s11
core   0: 3 0x80006ec8 (0x03be77b3) x15 0x00000003
core   0: 0x80006ecc (0x40565133) sra     sp, a2, t0
core   0: 3 0x80006ecc (0x40565133) x 2 0x00000000
core   0: 0x80006ed0 (0x00744d33) xor     s10, s0, t2
core   0: 3 0x80006ed0 (0x00744d33) x26 0x000001f0
core   0: 0x80006ed4 (0x002e8333) add     t1, t4, sp
core   0: 3 0x80006ed4 (0x002e8333) x 6 0x00000335
core   0: 0x80006ed8 (0x89b7fc13) andi    s8, a5, -1893
core   0: 3 0x80006ed8 (0x89b7fc13) x24 0x00000003
core   0: 0x80006edc (0x50a02d13) slti    s10, zero, 1290
core   0: 3 0x80006edc (0x50a02d13) x26 0x00000001
core   0: 0x80006ee0 (0x40b65793) srai    a5, a2, 11
core   0: 3 0x80006ee0 (0x40b65793) x15 0x00000000
core   0: 0x80006ee4 (0xc09cef93) ori     t6, s9, -1015
core   0: 3 0x80006ee4 (0xc09cef93) x31 0xfffffc09
core   0: 0x80006ee8 (0xd66dc093) xori    ra, s11, -666
core   0: 3 0x80006ee8 (0xd66dc093) x 1 0xfffffd61
core   0: 0x80006eec (0xcedf7013) andi    zero, t5, -787
core   0: 3 0x80006eec (0xcedf7013)
core   0: 0x80006ef0 (0x0089f333) and     t1, s3, s0
core   0: 3 0x80006ef0 (0x0089f333) x 6 0x00000000
core   0: 0x80006ef4 (0x02ddd2b3) divu    t0, s11, a3
core   0: 3 0x80006ef4 (0x02ddd2b3) x 5 0x00000000
core   0: 0x80006ef8 (0x02bdc5b3) div     a1, s11, a1
core   0: 3 0x80006ef8 (0x02bdc5b3) x11 0x00000000
core   0: 0x80006efc (0xe38dca13) xori    s4, s11, -456
core   0: 3 0x80006efc (0xe38dca13) x20 0xfffffe3f
core   0: 0x80006f00 (0x022a82b3) mul     t0, s5, sp
core   0: 3 0x80006f00 (0x022a82b3) x 5 0x00000000
core   0: 0x80006f04 (0x02833f33) mulhu   t5, t1, s0
core   0: 3 0x80006f04 (0x02833f33) x30 0x00000000
core   0: 0x80006f08 (0x401e5333) sra     t1, t3, ra
core   0: 3 0x80006f08 (0x401e5333) x 6 0xffffffff
core   0: 0x80006f0c (0x24546013) ori     zero, s0, 581
core   0: 3 0x80006f0c (0x24546013)
core   0: 0x80006f10 (0x418885b3) sub     a1, a7, s8
core   0: 3 0x80006f10 (0x418885b3) x11 0xa93e5ce1
core   0: 0x80006f14 (0xfe8e6d13) ori     s10, t3, -24
core   0: 3 0x80006f14 (0xfe8e6d13) x26 0xffffffff
core   0: 0x80006f18 (0x00f53a33) sltu    s4, a0, a5
core   0: 3 0x80006f18 (0x00f53a33) x20 0x00000000
core   0: 0x80006f1c (0xd2ce7ab7) lui     s5, 0xd2ce7
core   0: 3 0x80006f1c (0xd2ce7ab7) x21 0xd2ce7000
core   0: 0x80006f20 (0x025cfa33) remu    s4, s9, t0
core   0: 3 0x80006f20 (0x025cfa33) x20 0x00007001
core   0: 0x80006f24 (0xad77fc93) andi    s9, a5, -1321
core   0: 3 0x80006f24 (0xad77fc93) x25 0x00000000
core   0: 0x80006f28 (0x01d9df93) srli    t6, s3, 29
core   0: 3 0x80006f28 (0x01d9df93) x31 0x00000000
core   0: 0x80006f2c (0xff591697) auipc   a3, 0xff591
core   0: 3 0x80006f2c (0xff591697) x13 0x7f597f2c
core   0: 0x80006f30 (0x6a79aa13) slti    s4, s3, 1703
core   0: 3 0x80006f30 (0x6a79aa13) x20 0x00000001
core   0: 0x80006f34 (0x4131dc13) srai    s8, gp, 19
core   0: 3 0x80006f34 (0x4131dc13) x24 0x00000000
core   0: 0x80006f38 (0x039e18b3) mulh    a7, t3, s9
core   0: 3 0x80006f38 (0x039e18b3) x17 0x00000000
core   0: 0x80006f3c (0x58babe17) auipc   t3, 0x58bab
core   0: 3 0x80006f3c (0x58babe17) x28 0xd8bb1f3c
core   0: 0x80006f40 (0x03e2a333) mulhsu  t1, t0, t5
core   0: 3 0x80006f40 (0x03e2a333) x 6 0x00000000
core   0: 0x80006f44 (0x025169b3) rem     s3, sp, t0
core   0: 3 0x80006f44 (0x025169b3) x19 0x00000000
core   0: 0x80006f48 (0x6b1898b7) lui     a7, 0x6b189
core   0: 3 0x80006f48 (0x6b1898b7) x17 0x6b189000
core   0: 0x80006f4c (0x0385f5b3) remu    a1, a1, s8
core   0: 3 0x80006f4c (0x0385f5b3) x11 0xa93e5ce1
core   0: 0x80006f50 (0x02f09b33) mulh    s6, ra, a5
core   0: 3 0x80006f50 (0x02f09b33) x22 0x00000000
core   0: 0x80006f54 (0x9a0f3113) sltiu   sp, t5, -1632
core   0: 3 0x80006f54 (0x9a0f3113) x 2 0x00000001
core   0: 0x80006f58 (0x025fb1b3) mulhu   gp, t6, t0
core   0: 3 0x80006f58 (0x025fb1b3) x 3 0x00000000
core   0: 0x80006f5c (0x0354f7b3) remu    a5, s1, s5
core   0: 3 0x80006f5c (0x0354f7b3) x15 0x2d318b62
core   0: 0x80006f60 (0x023e65b3) rem     a1, t3, gp
core   0: 3 0x80006f60 (0x023e65b3) x11 0xd8bb1f3c
core   0: 0x80006f64 (0xa5a7ee13) ori     t3, a5, -1446
core   0: 3 0x80006f64 (0xa5a7ee13) x28 0xfffffb7a
core   0: 0x80006f68 (0x0304f633) remu    a2, s1, a6
core   0: 3 0x80006f68 (0x0304f633) x12 0x7ffeacfe
core   0: 0x80006f6c (0x032fcd33) div     s10, t6, s2
core   0: 3 0x80006f6c (0x032fcd33) x26 0x00000000
core   0: 0x80006f70 (0x031c8b33) mul     s6, s9, a7
core   0: 3 0x80006f70 (0x031c8b33) x22 0x00000000
core   0: 0x80006f74 (0x002e16b3) sll     a3, t3, sp
core   0: 3 0x80006f74 (0x002e16b3) x13 0xfffff6f4
core   0: 0x80006f78 (0x00000013) nop
core   0: 3 0x80006f78 (0x00000013)
core   0: 0x80006f7c (0xa5839897) auipc   a7, 0xa5839
core   0: 3 0x80006f7c (0xa5839897) x17 0x2583ff7c
core   0: 0x80006f80 (0x01a85433) srl     s0, a6, s10
core   0: 3 0x80006f80 (0x01a85433) x 8 0x80014e64
core   0: 0x80006f84 (0x019668b3) or      a7, a2, s9
core   0: 3 0x80006f84 (0x019668b3) x17 0x7ffeacfe
core   0: 0x80006f88 (0x03d18533) mul     a0, gp, t4
core   0: 3 0x80006f88 (0x03d18533) x10 0x00000000
core   0: 0x80006f8c (0x01d1ff33) and     t5, gp, t4
core   0: 3 0x80006f8c (0x01d1ff33) x30 0x00000000
core   0: 0x80006f90 (0x762f4c93) xori    s9, t5, 1890
core   0: 3 0x80006f90 (0x762f4c93) x25 0x00000762
core   0: 0x80006f94 (0x02583ab3) mulhu   s5, a6, t0
core   0: 3 0x80006f94 (0x02583ab3) x21 0x00000000
core   0: 0x80006f98 (0x01389393) slli    t2, a7, 19
core   0: 3 0x80006f98 (0x01389393) x 7 0x67f00000
core   0: 0x80006f9c (0x038e80b3) mul     ra, t4, s8
core   0: 3 0x80006f9c (0x038e80b3) x 1 0x00000000
core   0: 0x80006fa0 (0x00000013) nop
core   0: 3 0x80006fa0 (0x00000013)
core   0: 0x80006fa4 (0x9202a893) slti    a7, t0, -1760
core   0: 3 0x80006fa4 (0x9202a893) x17 0x00000000
core   0: 0x80006fa8 (0x03a12f33) mulhsu  t5, sp, s10
core   0: 3 0x80006fa8 (0x03a12f33) x30 0x00000000
core   0: 0x80006fac (0x00000013) nop
core   0: 3 0x80006fac (0x00000013)
core   0: 0x80006fb0 (0x02a042b3) div     t0, zero, a0
core   0: 3 0x80006fb0 (0x02a042b3) x 5 0xffffffff
core   0: 0x80006fb4 (0x407a5bb3) sra     s7, s4, t2
core   0: 3 0x80006fb4 (0x407a5bb3) x23 0x00000001
core   0: 0x80006fb8 (0x00828c33) add     s8, t0, s0
core   0: 3 0x80006fb8 (0x00828c33) x24 0x80014e63
core   0: 0x80006fbc (0x4188d3b3) sra     t2, a7, s8
core   0: 3 0x80006fbc (0x4188d3b3) x 7 0x00000000
core   0: 0x80006fc0 (0xe69cad13) slti    s10, s9, -407
core   0: 3 0x80006fc0 (0xe69cad13) x26 0x00000000
core   0: 0x80006fc4 (0xdb59d317) auipc   t1, 0xdb59d
core   0: 3 0x80006fc4 (0xdb59d317) x 6 0x5b5a3fc4
core   0: 0x80006fc8 (0x54a5f293) andi    t0, a1, 1354
core   0: 3 0x80006fc8 (0x54a5f293) x 5 0x00000508
core   0: 0x80006fcc (0x013c98b3) sll     a7, s9, s3
core   0: 3 0x80006fcc (0x013c98b3) x17 0x00000762
core   0: 0x80006fd0 (0x02406ab3) rem     s5, zero, tp
core   0: 3 0x80006fd0 (0x02406ab3) x21 0x00000000
core   0: 0x80006fd4 (0x40e55993) srai    s3, a0, 14
core   0: 3 0x80006fd4 (0x40e55993) x19 0x00000000
core   0: 0x80006fd8 (0x40235b13) srai    s6, t1, 2
core   0: 3 0x80006fd8 (0x40235b13) x22 0x16d68ff1
core   0: 0x80006fdc (0x2ebf7ab7) lui     s5, 0x2ebf7
core   0: 3 0x80006fdc (0x2ebf7ab7) x21 0x2ebf7000
core   0: 0x80006fe0 (0x00f2dfb3) srl     t6, t0, a5
core   0: 3 0x80006fe0 (0x00f2dfb3) x31 0x00000142
core   0: 0x80006fe4 (0x00f23933) sltu    s2, tp, a5
core   0: 3 0x80006fe4 (0x00f23933) x18 0x00000000
core   0: 0x80006fe8 (0x023dfbb3) remu    s7, s11, gp
core   0: 3 0x80006fe8 (0x023dfbb3) x23 0x00000007
core   0: 0x80006fec (0x41645b33) sra     s6, s0, s6
core   0: 3 0x80006fec (0x41645b33) x22 0xffffc000
core   0: 0x80006ff0 (0x02c76b33) rem     s6, a4, a2
core   0: 3 0x80006ff0 (0x02c76b33) x22 0x80018ce4
core   0: 0x80006ff4 (0x027c36b3) mulhu   a3, s8, t2
core   0: 3 0x80006ff4 (0x027c36b3) x13 0x00000000
core   0: 0x80006ff8 (0x2ce905b7) lui     a1, 0x2ce90
core   0: 3 0x80006ff8 (0x2ce905b7) x11 0x2ce90000
core   0: 0x80006ffc (0x01cd8333) add     t1, s11, t3
core   0: 3 0x80006ffc (0x01cd8333) x 6 0xfffffb81
core   0: 0x80007000 (0x28296993) ori     s3, s2, 642
core   0: 3 0x80007000 (0x28296993) x19 0x00000282
core   0: 0x80007004 (0x029a2433) mulhsu  s0, s4, s1
core   0: 3 0x80007004 (0x029a2433) x 8 0x00000000
core   0: 0x80007008 (0x00b3a9b3) slt     s3, t2, a1
core   0: 3 0x80007008 (0x00b3a9b3) x19 0x00000001
core   0: 0x8000700c (0x03297433) remu    s0, s2, s2
core   0: 3 0x8000700c (0x03297433) x 8 0x00000000
core   0: 0x80007010 (0x00000013) nop
core   0: 3 0x80007010 (0x00000013)
core   0: 0x80007014 (0x41a582b3) sub     t0, a1, s10
core   0: 3 0x80007014 (0x41a582b3) x 5 0x2ce90000
core   0: 0x80007018 (0x02a6a233) mulhsu  tp, a3, a0
core   0: 3 0x80007018 (0x02a6a233) x 4 0x00000000
core   0: 0x8000701c (0xd917e193) ori     gp, a5, -623
core   0: 3 0x8000701c (0xd917e193) x 3 0xfffffff3
core   0: 0x80007020 (0x0379e9b3) rem     s3, s3, s7
core   0: 3 0x80007020 (0x0379e9b3) x19 0x00000001
core   0: 0x80007024 (0x7fc35e17) auipc   t3, 0x7fc35
core   0: 3 0x80007024 (0x7fc35e17) x28 0xffc3c024
core   0: 0x80007028 (0x025a40b3) div     ra, s4, t0
core   0: 3 0x80007028 (0x025a40b3) x 1 0x00000000
core   0: 0x8000702c (0x5684c093) xori    ra, s1, 1384
core   0: 3 0x8000702c (0x5684c093) x 1 0xfffffe0a
core   0: 0x80007030 (0x41e2d0b3) sra     ra, t0, t5
core   0: 3 0x80007030 (0x41e2d0b3) x 1 0x2ce90000
core   0: 0x80007034 (0x6a922993) slti    s3, tp, 1705
core   0: 3 0x80007034 (0x6a922993) x19 0x00000001
core   0: 0x80007038 (0x020099b3) mulh    s3, ra, zero
core   0: 3 0x80007038 (0x020099b3) x19 0x00000000
core   0: 0x8000703c (0x017a1fb3) sll     t6, s4, s7
core   0: 3 0x8000703c (0x017a1fb3) x31 0x00000080
core   0: 0x80007040 (0xfd2b8617) auipc   a2, 0xfd2b8
core   0: 3 0x80007040 (0xfd2b8617) x12 0x7d2bf040
core   0: 0x80007044 (0x66f3e693) ori     a3, t2, 1647
core   0: 3 0x80007044 (0x66f3e693) x13 0x0000066f
core   0: 0x80007048 (0x0056eeb3) or      t4, a3, t0
core   0: 3 0x80007048 (0x0056eeb3) x29 0x2ce9066f
core   0: 0x8000704c (0x01184333) xor     t1, a6, a7
core   0: 3 0x8000704c (0x01184333) x 6 0x80014906
core   0: 0x80007050 (0x006a4fb3) xor     t6, s4, t1
core   0: 3 0x80007050 (0x006a4fb3) x31 0x80014907
core   0: 0x80007054 (0xbf6b8c13) addi    s8, s7, -1034
core   0: 3 0x80007054 (0xbf6b8c13) x24 0xfffffbfd
core   0: 0x80007058 (0x409f89b3) sub     s3, t6, s1
core   0: 3 0x80007058 (0x409f89b3) x19 0x80014da5
core   0: 0x8000705c (0x00175e33) srl     t3, a4, ra
core   0: 3 0x8000705c (0x00175e33) x28 0x80018ce4
core   0: 0x80007060 (0x002d7c33) and     s8, s10, sp
core   0: 3 0x80007060 (0x002d7c33) x24 0x00000000
core   0: 0x80007064 (0x0246ccb3) div     s9, a3, tp
core   0: 3 0x80007064 (0x0246ccb3) x25 0xffffffff
core   0: 0x80007068 (0x40bf09b3) sub     s3, t5, a1
core   0: 3 0x80007068 (0x40bf09b3) x19 0xd3170000
core   0: 0x8000706c (0x00000013) nop
core   0: 3 0x8000706c (0x00000013)
core   0: 0x80007070 (0x685d4c93) xori    s9, s10, 1669
core   0: 3 0x80007070 (0x685d4c93) x25 0x00000685
core   0: 0x80007074 (0x99f4a093) slti    ra, s1, -1633
core   0: 3 0x80007074 (0x99f4a093) x 1 0x00000000
core   0: 0x80007078 (0x41e1a993) slti    s3, gp, 1054
core   0: 3 0x80007078 (0x41e1a993) x19 0x00000001
core   0: 0x8000707c (0x01abad33) slt     s10, s7, s10
core   0: 3 0x8000707c (0x01abad33) x26 0x00000000
core   0: 0x80007080 (0x65713997) auipc   s3, 0x65713
core   0: 3 0x80007080 (0x65713997) x19 0xe571a080
core   0: 0x80007084 (0xa046fc93) andi    s9, a3, -1532
core   0: 3 0x80007084 (0xa046fc93) x25 0x00000204
core   0: 0x80007088 (0x00000013) nop
core   0: 3 0x80007088 (0x00000013)
core   0: 0x8000708c (0x00000013) nop
core   0: 3 0x8000708c (0x00000013)
core   0: 0x80007090 (0xd8043893) sltiu   a7, s0, -640
core   0: 3 0x80007090 (0xd8043893) x17 0x00000001
core   0: 0x80007094 (0x0073df13) srli    t5, t2, 7
core   0: 3 0x80007094 (0x0073df13) x30 0x00000000
core   0: 0x80007098 (0x24356c93) ori     s9, a0, 579
core   0: 3 0x80007098 (0x24356c93) x25 0x00000243
core   0: 0x8000709c (0x2ce7af13) slti    t5, a5, 718
core   0: 3 0x8000709c (0x2ce7af13) x30 0x00000000
core   0: 0x800070a0 (0x00c61eb3) sll     t4, a2, a2
core   0: 3 0x800070a0 (0x00c61eb3) x29 0x7d2bf040
core   0: 0x800070a4 (0x409f0fb3) sub     t6, t5, s1
core   0: 3 0x800070a4 (0x409f0fb3) x31 0x0000049e
core   0: 0x800070a8 (0x0132dd33) srl     s10, t0, s3
core   0: 3 0x800070a8 (0x0132dd33) x26 0x2ce90000
core   0: 0x800070ac (0x4116d033) sra     zero, a3, a7
core   0: 3 0x800070ac (0x4116d033)
core   0: 0x800070b0 (0xb1510893) addi    a7, sp, -1259
core   0: 3 0x800070b0 (0xb1510893) x17 0xfffffb16
core   0: 0x800070b4 (0x00f3f8b3) and     a7, t2, a5
core   0: 3 0x800070b4 (0x00f3f8b3) x17 0x00000000
core   0: 0x800070b8 (0x032886b3) mul     a3, a7, s2
core   0: 3 0x800070b8 (0x032886b3) x13 0x00000000
core   0: 0x800070bc (0x037d46b3) div     a3, s10, s7
core   0: 3 0x800070bc (0x037d46b3) x13 0x066a6db6
core   0: 0x800070c0 (0x03c165b3) rem     a1, sp, t3
core   0: 3 0x800070c0 (0x03c165b3) x11 0x00000001
core   0: 0x800070c4 (0x01c21513) slli    a0, tp, 28
core   0: 3 0x800070c4 (0x01c21513) x10 0x00000000
core   0: 0x800070c8 (0x00000013) nop
core   0: 3 0x800070c8 (0x00000013)
core   0: 0x800070cc (0x03023f33) mulhu   t5, tp, a6
core   0: 3 0x800070cc (0x03023f33) x30 0x00000000
core   0: 0x800070d0 (0x00f11413) slli    s0, sp, 15
core   0: 3 0x800070d0 (0x00f11413) x 8 0x00008000
core   0: 0x800070d4 (0x1af633b7) lui     t2, 0x1af63
core   0: 3 0x800070d4 (0x1af633b7) x 7 0x1af63000
core   0: 0x800070d8 (0x7a2de593) ori     a1, s11, 1954
core   0: 3 0x800070d8 (0x7a2de593) x11 0x000007a7
core   0: 0x800070dc (0x5d913893) sltiu   a7, sp, 1497
core   0: 3 0x800070dc (0x5d913893) x17 0x00000001
core   0: 0x800070e0 (0x0226e1b3) rem     gp, a3, sp
core   0: 3 0x800070e0 (0x0226e1b3) x 3 0x00000000
core   0: 0x800070e4 (0x1a542213) slti    tp, s0, 421
core   0: 3 0x800070e4 (0x1a542213) x 4 0x00000000
core   0: 0x800070e8 (0x00000013) nop
core   0: 3 0x800070e8 (0x00000013)
core   0: 0x800070ec (0x0029a5b3) slt     a1, s3, sp
core   0: 3 0x800070ec (0x0029a5b3) x11 0x00000001
core   0: 0x800070f0 (0x01414033) xor     zero, sp, s4
core   0: 3 0x800070f0 (0x01414033)
core   0: 0x800070f4 (0x009e1a13) slli    s4, t3, 9
core   0: 3 0x800070f4 (0x009e1a13) x20 0x0319c800
core   0: 0x800070f8 (0x6e6fd637) lui     a2, 0x6e6fd
core   0: 3 0x800070f8 (0x6e6fd637) x12 0x6e6fd000
core   0: 0x800070fc (0x03095633) divu    a2, s2, a6
core   0: 3 0x800070fc (0x03095633) x12 0x00000000
core   0: 0x80007100 (0x002a9033) sll     zero, s5, sp
core   0: 3 0x80007100 (0x002a9033)
core   0: 0x80007104 (0x2ba77513) andi    a0, a4, 698
core   0: 3 0x80007104 (0x2ba77513) x10 0x000000a0
core   0: 0x80007108 (0x037caab3) mulhsu  s5, s9, s7
core   0: 3 0x80007108 (0x037caab3) x21 0x00000000
core   0: 0x8000710c (0x01a3afb3) slt     t6, t2, s10
core   0: 3 0x8000710c (0x01a3afb3) x31 0x00000001
core   0: 0x80007110 (0x013f87b3) add     a5, t6, s3
core   0: 3 0x80007110 (0x013f87b3) x15 0xe571a081
core   0: 0x80007114 (0x038278b3) remu    a7, tp, s8
core   0: 3 0x80007114 (0x038278b3) x17 0x00000000
core   0: 0x80007118 (0x011bceb3) xor     t4, s7, a7
core   0: 3 0x80007118 (0x011bceb3) x29 0x00000007
core   0: 0x8000711c (0x030125b3) mulhsu  a1, sp, a6
core   0: 3 0x8000711c (0x030125b3) x11 0x00000000
core   0: 0x80007120 (0x00000013) nop
core   0: 3 0x80007120 (0x00000013)
core   0: 0x80007124 (0x004bd8b3) srl     a7, s7, tp
core   0: 3 0x80007124 (0x004bd8b3) x17 0x00000007
core   0: 0x80007128 (0x40025c93) srai    s9, tp, 0
core   0: 3 0x80007128 (0x40025c93) x25 0x00000000
core   0: 0x8000712c (0x008121b3) slt     gp, sp, s0
core   0: 3 0x8000712c (0x008121b3) x 3 0x00000001
core   0: 0x80007130 (0xb51f0b93) addi    s7, t5, -1199
core   0: 3 0x80007130 (0xb51f0b93) x23 0xfffffb51
core   0: 0x80007134 (0x03522d33) mulhsu  s10, tp, s5
core   0: 3 0x80007134 (0x03522d33) x26 0x00000000
core   0: 0x80007138 (0x01f7a433) slt     s0, a5, t6
core   0: 3 0x80007138 (0x01f7a433) x 8 0x00000001
core   0: 0x8000713c (0x016e81b3) add     gp, t4, s6
core   0: 3 0x8000713c (0x016e81b3) x 3 0x80018ceb
core   0: 0x80007140 (0x14df1797) auipc   a5, 0x14df1
core   0: 3 0x80007140 (0x14df1797) x15 0x94df8140
core   0: 0x80007144 (0x01e62433) slt     s0, a2, t5
core   0: 3 0x80007144 (0x01e62433) x 8 0x00000000
core   0: 0x80007148 (0x6c42ea93) ori     s5, t0, 1732
core   0: 3 0x80007148 (0x6c42ea93) x21 0x2ce906c4
core   0: 0x8000714c (0xb3d6e393) ori     t2, a3, -1219
core   0: 3 0x8000714c (0xb3d6e393) x 7 0xffffffbf
core   0: 0x80007150 (0x001cc9b3) xor     s3, s9, ra
core   0: 3 0x80007150 (0x001cc9b3) x19 0x00000000
core   0: 0x80007154 (0x6ac5f013) andi    zero, a1, 1708
core   0: 3 0x80007154 (0x6ac5f013)
core   0: 0x80007158 (0x465b78b7) lui     a7, 0x465b7
core   0: 3 0x80007158 (0x465b78b7) x17 0x465b7000
core   0: 0x8000715c (0x02d07033) remu    zero, zero, a3
core   0: 3 0x8000715c (0x02d07033)
core   0: 0x80007160 (0x0160da93) srli    s5, ra, 22
core   0: 3 0x80007160 (0x0160da93) x21 0x00000000
core   0: 0x80007164 (0x2ac3b593) sltiu   a1, t2, 684
core   0: 3 0x80007164 (0x2ac3b593) x11 0x00000000
core   0: 0x80007168 (0x401b53b3) sra     t2, s6, ra
core   0: 3 0x80007168 (0x401b53b3) x 7 0x80018ce4
core   0: 0x8000716c (0x02fc7b33) remu    s6, s8, a5
core   0: 3 0x8000716c (0x02fc7b33) x22 0x00000000
core   0: 0x80007170 (0x41b75293) srai    t0, a4, 27
core   0: 3 0x80007170 (0x41b75293) x 5 0xfffffff0
core   0: 0x80007174 (0x00000013) nop
core   0: 3 0x80007174 (0x00000013)
core   0: 0x80007178 (0x9a316417) auipc   s0, 0x9a316
core   0: 3 0x80007178 (0x9a316417) x 8 0x1a31d178
core   0: 0x8000717c (0x0036b433) sltu    s0, a3, gp
core   0: 3 0x8000717c (0x0036b433) x 8 0x00000001
core   0: 0x80007180 (0x0119b033) sltu    zero, s3, a7
core   0: 3 0x80007180 (0x0119b033)
core   0: 0x80007184 (0x028fbeb3) mulhu   t4, t6, s0
core   0: 3 0x80007184 (0x028fbeb3) x29 0x00000000
core   0: 0x80007188 (0x024a4233) div     tp, s4, tp
core   0: 3 0x80007188 (0x024a4233) x 4 0xffffffff
core   0: 0x8000718c (0xe1496613) ori     a2, s2, -492
core   0: 3 0x8000718c (0xe1496613) x12 0xfffffe14
core   0: 0x80007190 (0x01919893) slli    a7, gp, 25
core   0: 3 0x80007190 (0x01919893) x17 0xd6000000
core   0: 0x80007194 (0x415c81b3) sub     gp, s9, s5
core   0: 3 0x80007194 (0x415c81b3) x 3 0x00000000
core   0: 0x80007198 (0xf5543217) auipc   tp, 0xf5543
core   0: 3 0x80007198 (0xf5543217) x 4 0x7554a198
core   0: 0x8000719c (0x3e262213) slti    tp, a2, 994
core   0: 3 0x8000719c (0x3e262213) x 4 0x00000001
core   0: 0x800071a0 (0x2170e613) ori     a2, ra, 535
core   0: 3 0x800071a0 (0x2170e613) x12 0x00000217
core   0: 0x800071a4 (0x82123c13) sltiu   s8, tp, -2015
core   0: 3 0x800071a4 (0x82123c13) x24 0x00000001
core   0: 0x800071a8 (0x0092a233) slt     tp, t0, s1
core   0: 3 0x800071a8 (0x0092a233) x 4 0x00000000
core   0: 0x800071ac (0x41c55293) srai    t0, a0, 28
core   0: 3 0x800071ac (0x41c55293) x 5 0x00000000
core   0: 0x800071b0 (0x027acd33) div     s10, s5, t2
core   0: 3 0x800071b0 (0x027acd33) x26 0x00000000
core   0: 0x800071b4 (0x0065e633) or      a2, a1, t1
core   0: 3 0x800071b4 (0x0065e633) x12 0x80014906
core   0: 0x800071b8 (0xa50ca213) slti    tp, s9, -1456
core   0: 3 0x800071b8 (0xa50ca213) x 4 0x00000000
core   0: 0x800071bc (0x0270bc33) mulhu   s8, ra, t2
core   0: 3 0x800071bc (0x0270bc33) x24 0x00000000
core   0: 0x800071c0 (0x033cf533) remu    a0, s9, s3
core   0: 3 0x800071c0 (0x033cf533) x10 0x00000000
core   0: 0x800071c4 (0x31b26b17) auipc   s6, 0x31b26
core   0: 3 0x800071c4 (0x31b26b17) x22 0xb1b2d1c4
core   0: 0x800071c8 (0x020023b3) mulhsu  t2, zero, zero
core   0: 3 0x800071c8 (0x020023b3) x 7 0x00000000
core   0: 0x800071cc (0xab5e0013) addi    zero, t3, -1355
core   0: 3 0x800071cc (0xab5e0013)
core   0: 0x800071d0 (0x01345693) srli    a3, s0, 19
core   0: 3 0x800071d0 (0x01345693) x13 0x00000000
core   0: 0x800071d4 (0x18bda013) slti    zero, s11, 395
core   0: 3 0x800071d4 (0x18bda013)
core   0: 0x800071d8 (0x033438b3) mulhu   a7, s0, s3
core   0: 3 0x800071d8 (0x033438b3) x17 0x00000000
core   0: 0x800071dc (0x03b19233) mulh    tp, gp, s11
core   0: 3 0x800071dc (0x03b19233) x 4 0x00000000
core   0: 0x800071e0 (0x0379d333) divu    t1, s3, s7
core   0: 3 0x800071e0 (0x0379d333) x 6 0x00000000
core   0: 0x800071e4 (0x33282b13) slti    s6, a6, 818
core   0: 3 0x800071e4 (0x33282b13) x22 0x00000001
core   0: 0x800071e8 (0x4068de13) srai    t3, a7, 6
core   0: 3 0x800071e8 (0x4068de13) x28 0x00000000
core   0: 0x800071ec (0x02058033) mul     zero, a1, zero
core   0: 3 0x800071ec (0x02058033)
core   0: 0x800071f0 (0x00694233) xor     tp, s2, t1
core   0: 3 0x800071f0 (0x00694233) x 4 0x00000000
core   0: 0x800071f4 (0x40da5293) srai    t0, s4, 13
core   0: 3 0x800071f4 (0x40da5293) x 5 0x000018ce
core   0: 0x800071f8 (0x01af94b3) sll     s1, t6, s10
core   0: 3 0x800071f8 (0x01af94b3) x 9 0x00000001
core   0: 0x800071fc (0x011f9eb3) sll     t4, t6, a7
core   0: 3 0x800071fc (0x011f9eb3) x29 0x00000001
core   0: 0x80007200 (0x38926413) ori     s0, tp, 905
core   0: 3 0x80007200 (0x38926413) x 8 0x00000389
core   0: 0x80007204 (0x006b1113) slli    sp, s6, 6
core   0: 3 0x80007204 (0x006b1113) x 2 0x00000040
core   0: 0x80007208 (0x0047de33) srl     t3, a5, tp
core   0: 3 0x80007208 (0x0047de33) x28 0x94df8140
core   0: 0x8000720c (0x03477233) remu    tp, a4, s4
core   0: 3 0x8000720c (0x03477233) x 4 0x00e084e4
core   0: 0x80007210 (0x00be5f13) srli    t5, t3, 11
core   0: 3 0x80007210 (0x00be5f13) x30 0x00129bf0
core   0: 0x80007214 (0x02301e33) mulh    t3, zero, gp
core   0: 3 0x80007214 (0x02301e33) x28 0x00000000
core   0: 0x80007218 (0x69bd8b13) addi    s6, s11, 1691
core   0: 3 0x80007218 (0x69bd8b13) x22 0x000006a2
core   0: 0x8000721c (0x429973b7) lui     t2, 0x42997
core   0: 3 0x8000721c (0x429973b7) x 7 0x42997000
core   0: 0x80007220 (0x0067d013) srli    zero, a5, 6
core   0: 3 0x80007220 (0x0067d013)
core   0: 0x80007224 (0x034d33b3) mulhu   t2, s10, s4
core   0: 3 0x80007224 (0x034d33b3) x 7 0x00000000
core   0: 0x80007228 (0x81988cb7) lui     s9, 0x81988
core   0: 3 0x80007228 (0x81988cb7) x25 0x81988000
core   0: 0x8000722c (0xeb8ace93) xori    t4, s5, -328
core   0: 3 0x8000722c (0xeb8ace93) x29 0xfffffeb8
core   0: 0x80007230 (0x029749b3) div     s3, a4, s1
core   0: 3 0x80007230 (0x029749b3) x19 0x80018ce4
core   0: 0x80007234 (0x038e4533) div     a0, t3, s8
core   0: 3 0x80007234 (0x038e4533) x10 0xffffffff
core   0: 0x80007238 (0x41a25a93) srai    s5, tp, 26
core   0: 3 0x80007238 (0x41a25a93) x21 0x00000000
core   0: 0x8000723c (0x0249e0b3) rem     ra, s3, tp
core   0: 3 0x8000723c (0x0249e0b3) x 1 0xff2cd208
core   0: 0x80007240 (0x031b47b3) div     a5, s6, a7
core   0: 3 0x80007240 (0x031b47b3) x15 0xffffffff
core   0: 0x80007244 (0xf3ae4393) xori    t2, t3, -198
core   0: 3 0x80007244 (0xf3ae4393) x 7 0xffffff3a
core   0: 0x80007248 (0xa5a4ed13) ori     s10, s1, -1446
core   0: 3 0x80007248 (0xa5a4ed13) x26 0xfffffa5b
core   0: 0x8000724c (0xa63ec913) xori    s2, t4, -1437
core   0: 3 0x8000724c (0xa63ec913) x18 0x000004db
core   0: 0x80007250 (0xee3b8493) addi    s1, s7, -285
core   0: 3 0x80007250 (0xee3b8493) x 9 0xfffffa34
core   0: 0x80007254 (0x0166e0b3) or      ra, a3, s6
core   0: 3 0x80007254 (0x0166e0b3) x 1 0x000006a2
core   0: 0x80007258 (0x00c5fd33) and     s10, a1, a2
core   0: 3 0x80007258 (0x00c5fd33) x26 0x00000000
core   0: 0x8000725c (0x008a1013) slli    zero, s4, 8
core   0: 3 0x8000725c (0x008a1013)
core   0: 0x80007260 (0xee1e8313) addi    t1, t4, -287
core   0: 3 0x80007260 (0xee1e8313) x 6 0xfffffd99
core   0: 0x80007264 (0x027ad8b3) divu    a7, s5, t2
core   0: 3 0x80007264 (0x027ad8b3) x17 0x00000000
core   0: 0x80007268 (0x412e5d37) lui     s10, 0x412e5
core   0: 3 0x80007268 (0x412e5d37) x26 0x412e5000
core   0: 0x8000726c (0x01b91f33) sll     t5, s2, s11
core   0: 3 0x8000726c (0x01b91f33) x30 0x00026d80
core   0: 0x80007270 (0x01229013) slli    zero, t0, 18
core   0: 3 0x80007270 (0x01229013)
core   0: 0x80007274 (0x45483593) sltiu   a1, a6, 1108
core   0: 3 0x80007274 (0x45483593) x11 0x00000000
core   0: 0x80007278 (0x006a1913) slli    s2, s4, 6
core   0: 3 0x80007278 (0x006a1913) x18 0xc6720000
core   0: 0x8000727c (0x97918793) addi    a5, gp, -1671
core   0: 3 0x8000727c (0x97918793) x15 0xfffff979
core   0: 0x80007280 (0x41ae04b3) sub     s1, t3, s10
core   0: 3 0x80007280 (0x41ae04b3) x 9 0xbed1b000
core   0: 0x80007284 (0xc6951fb7) lui     t6, 0xc6951
core   0: 3 0x80007284 (0xc6951fb7) x31 0xc6951000
core   0: 0x80007288 (0x4187d033) sra     zero, a5, s8
core   0: 3 0x80007288 (0x4187d033)
core   0: 0x8000728c (0x7ea9c8b7) lui     a7, 0x7ea9c
core   0: 3 0x8000728c (0x7ea9c8b7) x17 0x7ea9c000
core   0: 0x80007290 (0x006cf9b3) and     s3, s9, t1
core   0: 3 0x80007290 (0x006cf9b3) x19 0x81988000
core   0: 0x80007294 (0x031534b3) mulhu   s1, a0, a7
core   0: 3 0x80007294 (0x031534b3) x 9 0x7ea9bfff
core   0: 0x80007298 (0x01704433) xor     s0, zero, s7
core   0: 3 0x80007298 (0x01704433) x 8 0xfffffb51
core   0: 0x8000729c (0x02f80eb3) mul     t4, a6, a5
core   0: 3 0x8000729c (0x02f80eb3) x29 0x77795144
core   0: 0x800072a0 (0x0096d133) srl     sp, a3, s1
core   0: 3 0x800072a0 (0x0096d133) x 2 0x00000000
core   0: 0x800072a4 (0x418b5193) srai    gp, s6, 24
core   0: 3 0x800072a4 (0x418b5193) x 3 0x00000000
core   0: 0x800072a8 (0xe4cb0913) addi    s2, s6, -436
core   0: 3 0x800072a8 (0xe4cb0913) x18 0x000004ee
core   0: 0x800072ac (0x0043ad33) slt     s10, t2, tp
core   0: 3 0x800072ac (0x0043ad33) x26 0x00000001
core   0: 0x800072b0 (0x024b60b3) rem     ra, s6, tp
core   0: 3 0x800072b0 (0x024b60b3) x 1 0x000006a2
core   0: 0x800072b4 (0x410ad493) srai    s1, s5, 16
core   0: 3 0x800072b4 (0x410ad493) x 9 0x00000000
core   0: 0x800072b8 (0x02ea7d33) remu    s10, s4, a4
core   0: 3 0x800072b8 (0x02ea7d33) x26 0x0319c800
core   0: 0x800072bc (0x85330793) addi    a5, t1, -1965
core   0: 3 0x800072bc (0x85330793) x15 0xfffff5ec
core   0: 0x800072c0 (0xd6e33b13) sltiu   s6, t1, -658
core   0: 3 0x800072c0 (0xd6e33b13) x22 0x00000000
core   0: 0x800072c4 (0x00c561b3) or      gp, a0, a2
core   0: 3 0x800072c4 (0x00c561b3) x 3 0xffffffff
core   0: 0x800072c8 (0x3e147613) andi    a2, s0, 993
core   0: 3 0x800072c8 (0x3e147613) x12 0x00000341
core   0: 0x800072cc (0xe068ba93) sltiu   s5, a7, -506
core   0: 3 0x800072cc (0xe068ba93) x21 0x00000001
core   0: 0x800072d0 (0x038f25b3) mulhsu  a1, t5, s8
core   0: 3 0x800072d0 (0x038f25b3) x11 0x00000000
core   0: 0x800072d4 (0x682cb393) sltiu   t2, s9, 1666
core   0: 3 0x800072d4 (0x682cb393) x 7 0x00000000
core   0: 0x800072d8 (0x013fd133) srl     sp, t6, s3
core   0: 3 0x800072d8 (0x013fd133) x 2 0xc6951000
core   0: 0x800072dc (0x01c1df13) srli    t5, gp, 28
core   0: 3 0x800072dc (0x01c1df13) x30 0x0000000f
core   0: 0x800072e0 (0x00c7b133) sltu    sp, a5, a2
core   0: 3 0x800072e0 (0x00c7b133) x 2 0x00000000
core   0: 0x800072e4 (0x00f0d7b3) srl     a5, ra, a5
core   0: 3 0x800072e4 (0x00f0d7b3) x15 0x00000000
core   0: 0x800072e8 (0x03446d33) rem     s10, s0, s4
core   0: 3 0x800072e8 (0x03446d33) x26 0xfffffb51
core   0: 0x800072ec (0xe97cfd13) andi    s10, s9, -361
core   0: 3 0x800072ec (0xe97cfd13) x26 0x81988000
core   0: 0x800072f0 (0x545e2d13) slti    s10, t3, 1349
core   0: 3 0x800072f0 (0x545e2d13) x26 0x00000001
core   0: 0x800072f4 (0x00000013) nop
core   0: 3 0x800072f4 (0x00000013)
core   0: 0x800072f8 (0x41510f33) sub     t5, sp, s5
core   0: 3 0x800072f8 (0x41510f33) x30 0xffffffff
core   0: 0x800072fc (0x4072d033) sra     zero, t0, t2
core   0: 3 0x800072fc (0x4072d033)
core   0: 0x80007300 (0x01e58633) add     a2, a1, t5
core   0: 3 0x80007300 (0x01e58633) x12 0xffffffff
core   0: 0x80007304 (0x72402f93) slti    t6, zero, 1828
core   0: 3 0x80007304 (0x72402f93) x31 0x00000001
core   0: 0x80007308 (0x010b9893) slli    a7, s7, 16
core   0: 3 0x80007308 (0x010b9893) x17 0xfb510000
core   0: 0x8000730c (0x03042eb3) mulhsu  t4, s0, a6
core   0: 3 0x8000730c (0x03042eb3) x29 0xfffffda8
core   0: 0x80007310 (0x414d01b3) sub     gp, s10, s4
core   0: 3 0x80007310 (0x414d01b3) x 3 0xfce63801
core   0: 0x80007314 (0x94c00c93) li      s9, -1716
core   0: 3 0x80007314 (0x94c00c93) x25 0xfffff94c
core   0: 0x80007318 (0x418cd613) srai    a2, s9, 24
core   0: 3 0x80007318 (0x418cd613) x12 0xffffffff
core   0: 0x8000731c (0x44170193) addi    gp, a4, 1089
core   0: 3 0x8000731c (0x44170193) x 3 0x80019125
core   0: 0x80007320 (0x02750cb3) mul     s9, a0, t2
core   0: 3 0x80007320 (0x02750cb3) x25 0x00000000
core   0: 0x80007324 (0x924c1337) lui     t1, 0x924c1
core   0: 3 0x80007324 (0x924c1337) x 6 0x924c1000
core   0: 0x80007328 (0x41c980b3) sub     ra, s3, t3
core   0: 3 0x80007328 (0x41c980b3) x 1 0x81988000
core   0: 0x8000732c (0x0176d8b3) srl     a7, a3, s7
core   0: 3 0x8000732c (0x0176d8b3) x17 0x00000000
core   0: 0x80007330 (0x400bda33) sra     s4, s7, zero
core   0: 3 0x80007330 (0x400bda33) x20 0xfffffb51
core   0: 0x80007334 (0x03422133) mulhsu  sp, tp, s4
core   0: 3 0x80007334 (0x03422133) x 2 0x00e084df
core   0: 0x80007338 (0x0374fb33) remu    s6, s1, s7
core   0: 3 0x80007338 (0x0374fb33) x22 0x00000000
core   0: 0x8000733c (0x02fc4fb3) div     t6, s8, a5
core   0: 3 0x8000733c (0x02fc4fb3) x31 0xffffffff
core   0: 0x80007340 (0x9b6eb313) sltiu   t1, t4, -1610
core   0: 3 0x80007340 (0x9b6eb313) x 6 0x00000000
core   0: 0x80007344 (0x014c5f33) srl     t5, s8, s4
core   0: 3 0x80007344 (0x014c5f33) x30 0x00000000
core   0: 0x80007348 (0x41cc0533) sub     a0, s8, t3
core   0: 3 0x80007348 (0x41cc0533) x10 0x00000000
core   0: 0x8000734c (0x023b45b3) div     a1, s6, gp
core   0: 3 0x8000734c (0x023b45b3) x11 0x00000000
core   0: 0x80007350 (0x00bcbfb3) sltu    t6, s9, a1
core   0: 3 0x80007350 (0x00bcbfb3) x31 0x00000000
core   0: 0x80007354 (0xa8b6fe93) andi    t4, a3, -1397
core   0: 3 0x80007354 (0xa8b6fe93) x29 0x00000000
core   0: 0x80007358 (0x0da3ac93) slti    s9, t2, 218
core   0: 3 0x80007358 (0x0da3ac93) x25 0x00000001
core   0: 0x8000735c (0x17de2b13) slti    s6, t3, 381
core   0: 3 0x8000735c (0x17de2b13) x22 0x00000001
core   0: 0x80007360 (0x0f3e3f97) auipc   t6, 0xf3e3
core   0: 3 0x80007360 (0x0f3e3f97) x31 0x8f3ea360
core   0: 0x80007364 (0x01b59633) sll     a2, a1, s11
core   0: 3 0x80007364 (0x01b59633) x12 0x00000000
core   0: 0x80007368 (0x419cd133) sra     sp, s9, s9
core   0: 3 0x80007368 (0x419cd133) x 2 0x00000000
core   0: 0x8000736c (0x01d80e33) add     t3, a6, t4
core   0: 3 0x8000736c (0x01d80e33) x28 0x80014e64
core   0: 0x80007370 (0x0243c233) div     tp, t2, tp
core   0: 3 0x80007370 (0x0243c233) x 4 0x00000000
core   0: 0x80007374 (0x0342d433) divu    s0, t0, s4
core   0: 3 0x80007374 (0x0342d433) x 8 0x00000000
core   0: 0x80007378 (0x0212af33) mulhsu  t5, t0, ra
core   0: 3 0x80007378 (0x0212af33) x30 0x00000c8e
core   0: 0x8000737c (0x03be75b3) remu    a1, t3, s11
core   0: 3 0x8000737c (0x03be75b3) x11 0x00000003
core   0: 0x80007380 (0x00e51133) sll     sp, a0, a4
core   0: 3 0x80007380 (0x00e51133) x 2 0x00000000
core   0: 0x80007384 (0x891ef293) andi    t0, t4, -1903
core   0: 3 0x80007384 (0x891ef293) x 5 0x00000000
core   0: 0x80007388 (0x084c8093) addi    ra, s9, 132
core   0: 3 0x80007388 (0x084c8093) x 1 0x00000085
core   0: 0x8000738c (0x00339113) slli    sp, t2, 3
core   0: 3 0x8000738c (0x00339113) x 2 0x00000000
core   0: 0x80007390 (0x012332b3) sltu    t0, t1, s2
core   0: 3 0x80007390 (0x012332b3) x 5 0x00000001
core   0: 0x80007394 (0x031ecb33) div     s6, t4, a7
core   0: 3 0x80007394 (0x031ecb33) x22 0xffffffff
core   0: 0x80007398 (0x01f280b3) add     ra, t0, t6
core   0: 3 0x80007398 (0x01f280b3) x 1 0x8f3ea361
core   0: 0x8000739c (0x40278133) sub     sp, a5, sp
core   0: 3 0x8000739c (0x40278133) x 2 0x00000000
core   0: 0x800073a0 (0x01d69f33) sll     t5, a3, t4
core   0: 3 0x800073a0 (0x01d69f33) x30 0x00000000
core   0: 0x800073a4 (0x01219793) slli    a5, gp, 18
core   0: 3 0x800073a4 (0x01219793) x15 0x44940000
core   0: 0x800073a8 (0x034d9cb3) mulh    s9, s11, s4
core   0: 3 0x800073a8 (0x034d9cb3) x25 0xffffffff
core   0: 0x800073ac (0x03d0df33) divu    t5, ra, t4
core   0: 3 0x800073ac (0x03d0df33) x30 0xffffffff
core   0: 0x800073b0 (0x021b4c33) div     s8, s6, ra
core   0: 3 0x800073b0 (0x021b4c33) x24 0x00000000
core   0: 0x800073b4 (0x03329f33) mulh    t5, t0, s3
core   0: 3 0x800073b4 (0x03329f33) x30 0xffffffff
core   0: 0x800073b8 (0x036b0f33) mul     t5, s6, s6
core   0: 3 0x800073b8 (0x036b0f33) x30 0x00000001
core   0: 0x800073bc (0xb8b06c13) ori     s8, zero, -1141
core   0: 3 0x800073bc (0xb8b06c13) x24 0xfffffb8b
core   0: 0x800073c0 (0x01735d13) srli    s10, t1, 23
core   0: 3 0x800073c0 (0x01735d13) x26 0x00000000
core   0: 0x800073c4 (0xb4778537) lui     a0, 0xb4778
core   0: 3 0x800073c4 (0xb4778537) x10 0xb4778000
core   0: 0x800073c8 (0x02ba6233) rem     tp, s4, a1
core   0: 3 0x800073c8 (0x02ba6233) x 4 0xfffffffe
core   0: 0x800073cc (0xd129e013) ori     zero, s3, -750
core   0: 3 0x800073cc (0xd129e013)
core   0: 0x800073d0 (0x0166c4b3) xor     s1, a3, s6
core   0: 3 0x800073d0 (0x0166c4b3) x 9 0xffffffff
core   0: 0x800073d4 (0x006b33b3) sltu    t2, s6, t1
core   0: 3 0x800073d4 (0x006b33b3) x 7 0x00000000
core   0: 0x800073d8 (0x40c55d13) srai    s10, a0, 12
core   0: 3 0x800073d8 (0x40c55d13) x26 0xfffb4778
core   0: 0x800073dc (0x69016413) ori     s0, sp, 1680
core   0: 3 0x800073dc (0x69016413) x 8 0x00000690
core   0: 0x800073e0 (0x02430533) mul     a0, t1, tp
core   0: 3 0x800073e0 (0x02430533) x10 0x00000000
core   0: 0x800073e4 (0x02ab3f33) mulhu   t5, s6, a0
core   0: 3 0x800073e4 (0x02ab3f33) x30 0x00000000
core   0: 0x800073e8 (0x031efc33) remu    s8, t4, a7
core   0: 3 0x800073e8 (0x031efc33) x24 0x00000000
core   0: 0x800073ec (0x49772d13) slti    s10, a4, 1175
core   0: 3 0x800073ec (0x49772d13) x26 0x00000001
core   0: 0x800073f0 (0x40295793) srai    a5, s2, 2
core   0: 3 0x800073f0 (0x40295793) x15 0x0000013b
core   0: 0x800073f4 (0x00000013) nop
core   0: 3 0x800073f4 (0x00000013)
core   0: 0x800073f8 (0x01871393) slli    t2, a4, 24
core   0: 3 0x800073f8 (0x01871393) x 7 0xe4000000
core   0: 0x800073fc (0x361daf93) slti    t6, s11, 865
core   0: 3 0x800073fc (0x361daf93) x31 0x00000001
core   0: 0x80007400 (0x03db4133) div     sp, s6, t4
core   0: 3 0x80007400 (0x03db4133) x 2 0xffffffff
core   0: 0x80007404 (0x039eb2b3) mulhu   t0, t4, s9
core   0: 3 0x80007404 (0x039eb2b3) x 5 0x00000000
core   0: 0x80007408 (0x00b0b0b3) sltu    ra, ra, a1
core   0: 3 0x80007408 (0x00b0b0b3) x 1 0x00000000
core   0: 0x8000740c (0x004526b3) slt     a3, a0, tp
core   0: 3 0x8000740c (0x004526b3) x13 0x00000000
core   0: 0x80007410 (0x03d1f633) remu    a2, gp, t4
core   0: 3 0x80007410 (0x03d1f633) x12 0x80019125
core   0: 0x80007414 (0x033609b3) mul     s3, a2, s3
core   0: 3 0x80007414 (0x033609b3) x19 0x9b8a8000
core   0: 0x80007418 (0x006d5d13) srli    s10, s10, 6
core   0: 3 0x80007418 (0x006d5d13) x26 0x00000000
core   0: 0x8000741c (0x70cabd13) sltiu   s10, s5, 1804
core   0: 3 0x8000741c (0x70cabd13) x26 0x00000001
core   0: 0x80007420 (0x41a35993) srai    s3, t1, 26
core   0: 3 0x80007420 (0x41a35993) x19 0x00000000
core   0: 0x80007424 (0x0eb0af13) slti    t5, ra, 235
core   0: 3 0x80007424 (0x0eb0af13) x30 0x00000001
core   0: 0x80007428 (0x030abeb3) mulhu   t4, s5, a6
core   0: 3 0x80007428 (0x030abeb3) x29 0x00000000
core   0: 0x8000742c (0x035c4f33) div     t5, s8, s5
core   0: 3 0x8000742c (0x035c4f33) x30 0x00000000
core   0: 0x80007430 (0x01d818b3) sll     a7, a6, t4
core   0: 3 0x80007430 (0x01d818b3) x17 0x80014e64
core   0: 0x80007434 (0x022585b3) mul     a1, a1, sp
core   0: 3 0x80007434 (0x022585b3) x11 0xfffffffd
core   0: 0x80007438 (0x3ebdc297) auipc   t0, 0x3ebdc
core   0: 3 0x80007438 (0x3ebdc297) x 5 0xbebe3438
core   0: 0x8000743c (0x03d78bb3) mul     s7, a5, t4
core   0: 3 0x8000743c (0x03d78bb3) x23 0x00000000
core   0: 0x80007440 (0x1eadb193) sltiu   gp, s11, 490
core   0: 3 0x80007440 (0x1eadb193) x 3 0x00000001
core   0: 0x80007444 (0x005f05b3) add     a1, t5, t0
core   0: 3 0x80007444 (0x005f05b3) x11 0xbebe3438
core   0: 0x80007448 (0x013e3633) sltu    a2, t3, s3
core   0: 3 0x80007448 (0x013e3633) x12 0x00000000
core   0: 0x8000744c (0x41c85493) srai    s1, a6, 28
core   0: 3 0x8000744c (0x41c85493) x 9 0xfffffff8
core   0: 0x80007450 (0xa9fe8413) addi    s0, t4, -1377
core   0: 3 0x80007450 (0xa9fe8413) x 8 0xfffffa9f
core   0: 0x80007454 (0x0364b533) mulhu   a0, s1, s6
core   0: 3 0x80007454 (0x0364b533) x10 0xfffffff7
core   0: 0x80007458 (0x0356b933) mulhu   s2, a3, s5
core   0: 3 0x80007458 (0x0356b933) x18 0x00000000
core   0: 0x8000745c (0x03e3c5b3) div     a1, t2, t5
core   0: 3 0x8000745c (0x03e3c5b3) x11 0xffffffff
core   0: 0x80007460 (0x020e2c33) mulhsu  s8, t3, zero
core   0: 3 0x80007460 (0x020e2c33) x24 0x00000000
core   0: 0x80007464 (0x0198cab3) xor     s5, a7, s9
core   0: 3 0x80007464 (0x0198cab3) x21 0x7ffeb19b
core   0: 0x80007468 (0x02296fb3) rem     t6, s2, sp
core   0: 3 0x80007468 (0x02296fb3) x31 0x00000000
core   0: 0x8000746c (0x02394cb3) div     s9, s2, gp
core   0: 3 0x8000746c (0x02394cb3) x25 0x00000000
core   0: 0x80007470 (0x03b85eb3) divu    t4, a6, s11
core   0: 3 0x80007470 (0x03b85eb3) x29 0x12495457
core   0: 0x80007474 (0xb4207117) auipc   sp, 0xb4207
core   0: 3 0x80007474 (0xb4207117) x 2 0x3420e474
core   0: 0x80007478 (0x023e62b3) rem     t0, t3, gp
core   0: 3 0x80007478 (0x023e62b3) x 5 0x00000000
core   0: 0x8000747c (0x03ff09b3) mul     s3, t5, t6
core   0: 3 0x8000747c (0x03ff09b3) x19 0x00000000
core   0: 0x80007480 (0x647ccb13) xori    s6, s9, 1607
core   0: 3 0x80007480 (0x647ccb13) x22 0x00000647
core   0: 0x80007484 (0x01a8cfb3) xor     t6, a7, s10
core   0: 3 0x80007484 (0x01a8cfb3) x31 0x80014e65
core   0: 0x80007488 (0x02bac133) div     sp, s5, a1
core   0: 3 0x80007488 (0x02bac133) x 2 0x80014e65
core   0: 0x8000748c (0x00033fb3) sltu    t6, t1, zero
core   0: 3 0x8000748c (0x00033fb3) x31 0x00000000
core   0: 0x80007490 (0x5fa7f093) andi    ra, a5, 1530
core   0: 3 0x80007490 (0x5fa7f093) x 1 0x0000013a
core   0: 0x80007494 (0x00a31e33) sll     t3, t1, a0
core   0: 3 0x80007494 (0x00a31e33) x28 0x00000000
core   0: 0x80007498 (0x02ca59b3) divu    s3, s4, a2
core   0: 3 0x80007498 (0x02ca59b3) x19 0xffffffff
core   0: 0x8000749c (0x4036dd33) sra     s10, a3, gp
core   0: 3 0x8000749c (0x4036dd33) x26 0x00000000
core   0: 0x800074a0 (0x0089dc13) srli    s8, s3, 8
core   0: 3 0x800074a0 (0x0089dc13) x24 0x00ffffff
core   0: 0x800074a4 (0x3fe0e013) ori     zero, ra, 1022
core   0: 3 0x800074a4 (0x3fe0e013)
core   0: 0x800074a8 (0x41e200b3) sub     ra, tp, t5
core   0: 3 0x800074a8 (0x41e200b3) x 1 0xfffffffe
core   0: 0x800074ac (0x02c70633) mul     a2, a4, a2
core   0: 3 0x800074ac (0x02c70633) x12 0x00000000
core   0: 0x800074b0 (0x0006dbb3) srl     s7, a3, zero
core   0: 3 0x800074b0 (0x0006dbb3) x23 0x00000000
core   0: 0x800074b4 (0x039e8ab3) mul     s5, t4, s9
core   0: 3 0x800074b4 (0x039e8ab3) x21 0x00000000
core   0: 0x800074b8 (0x030ce2b3) rem     t0, s9, a6
core   0: 3 0x800074b8 (0x030ce2b3) x 5 0x00000000
core   0: 0x800074bc (0x021822b3) mulhsu  t0, a6, ra
core   0: 3 0x800074bc (0x021822b3) x 5 0x80014e64
core   0: 0x800074c0 (0x03189fb3) mulh    t6, a7, a7
core   0: 3 0x800074c0 (0x03189fb3) x31 0x3ffeb19d
core   0: 0x800074c4 (0x00064b33) xor     s6, a2, zero
core   0: 3 0x800074c4 (0x00064b33) x22 0x00000000
core   0: 0x800074c8 (0xa3be8393) addi    t2, t4, -1477
core   0: 3 0x800074c8 (0xa3be8393) x 7 0x12494e92
core   0: 0x800074cc (0x008ccbb3) xor     s7, s9, s0
core   0: 3 0x800074cc (0x008ccbb3) x23 0xfffffa9f
core   0: 0x800074d0 (0x00a30533) add     a0, t1, a0
core   0: 3 0x800074d0 (0x00a30533) x10 0xfffffff7
core   0: 0x800074d4 (0x034f8433) mul     s0, t6, s4
core   0: 3 0x800074d4 (0x034f8433) x 8 0x461e21ad
core   0: 0x800074d8 (0x0269a4b3) mulhsu  s1, s3, t1
core   0: 3 0x800074d8 (0x0269a4b3) x 9 0x00000000
core   0: 0x800074dc (0x0144dfb3) srl     t6, s1, s4
core   0: 3 0x800074dc (0x0144dfb3) x31 0x00000000
core   0: 0x800074e0 (0x3442a617) auipc   a2, 0x3442a
core   0: 3 0x800074e0 (0x3442a617) x12 0xb44314e0
core   0: 0x800074e4 (0x35d0f793) andi    a5, ra, 861
core   0: 3 0x800074e4 (0x35d0f793) x15 0x0000035c
core   0: 0x800074e8 (0x0220c1b3) div     gp, ra, sp
core   0: 3 0x800074e8 (0x0220c1b3) x 3 0x00000000
core   0: 0x800074ec (0x02aaa2b3) mulhsu  t0, s5, a0
core   0: 3 0x800074ec (0x02aaa2b3) x 5 0x00000000
core   0: 0x800074f0 (0x4095d913) srai    s2, a1, 9
core   0: 3 0x800074f0 (0x4095d913) x18 0xffffffff
core   0: 0x800074f4 (0x00aa0533) add     a0, s4, a0
core   0: 3 0x800074f4 (0x00aa0533) x10 0xfffffb48
core   0: 0x800074f8 (0x00ffd893) srli    a7, t6, 15
core   0: 3 0x800074f8 (0x00ffd893) x17 0x00000000
core   0: 0x800074fc (0x41eb5193) srai    gp, s6, 30
core   0: 3 0x800074fc (0x41eb5193) x 3 0x00000000
core   0: 0x80007500 (0xd9b0fa13) andi    s4, ra, -613
core   0: 3 0x80007500 (0xd9b0fa13) x20 0xfffffd9a
core   0: 0x80007504 (0x017b9493) slli    s1, s7, 23
core   0: 3 0x80007504 (0x017b9493) x 9 0x4f800000
core   0: 0x80007508 (0x839e6e93) ori     t4, t3, -1991
core   0: 3 0x80007508 (0x839e6e93) x29 0xfffff839
core   0: 0x8000750c (0x000906b3) add     a3, s2, zero
core   0: 3 0x8000750c (0x000906b3) x13 0xffffffff
core   0: 0x80007510 (0x0097d2b3) srl     t0, a5, s1
core   0: 3 0x80007510 (0x0097d2b3) x 5 0x0000035c
core   0: 0x80007514 (0x016c3c33) sltu    s8, s8, s6
core   0: 3 0x80007514 (0x016c3c33) x24 0x00000000
core   0: 0x80007518 (0x01e84a33) xor     s4, a6, t5
core   0: 3 0x80007518 (0x01e84a33) x20 0x80014e64
core   0: 0x8000751c (0x01229513) slli    a0, t0, 18
core   0: 3 0x8000751c (0x01229513) x10 0x0d700000
core   0: 0x80007520 (0x400d8033) sub     zero, s11, zero
core   0: 3 0x80007520 (0x400d8033)
core   0: 0x80007524 (0x01aa67b3) or      a5, s4, s10
core   0: 3 0x80007524 (0x01aa67b3) x15 0x80014e64
core   0: 0x80007528 (0x03905a33) divu    s4, zero, s9
core   0: 3 0x80007528 (0x03905a33) x20 0xffffffff
core   0: 0x8000752c (0x021eeeb3) rem     t4, t4, ra
core   0: 3 0x8000752c (0x021eeeb3) x29 0xffffffff
core   0: 0x80007530 (0x0122b433) sltu    s0, t0, s2
core   0: 3 0x80007530 (0x0122b433) x 8 0x00000001
core   0: 0x80007534 (0x07af9a97) auipc   s5, 0x7af9
core   0: 3 0x80007534 (0x07af9a97) x21 0x87b00534
core   0: 0x80007538 (0x01d45633) srl     a2, s0, t4
core   0: 3 0x80007538 (0x01d45633) x12 0x00000000
core   0: 0x8000753c (0x4078da33) sra     s4, a7, t2
core   0: 3 0x8000753c (0x4078da33) x20 0x00000000
core   0: 0x80007540 (0x0183cc33) xor     s8, t2, s8
core   0: 3 0x80007540 (0x0183cc33) x24 0x12494e92
core   0: 0x80007544 (0x008df633) and     a2, s11, s0
core   0: 3 0x80007544 (0x008df633) x12 0x00000001
core   0: 0x80007548 (0x03207d33) remu    s10, zero, s2
core   0: 3 0x80007548 (0x03207d33) x26 0x00000000
core   0: 0x8000754c (0x035e7cb3) remu    s9, t3, s5
core   0: 3 0x8000754c (0x035e7cb3) x25 0x00000000
core   0: 0x80007550 (0x10410e13) addi    t3, sp, 260
core   0: 3 0x80007550 (0x10410e13) x28 0x80014f69
core   0: 0x80007554 (0x680b2e13) slti    t3, s6, 1664
core   0: 3 0x80007554 (0x680b2e13) x28 0x00000001
core   0: 0x80007558 (0x017ff233) and     tp, t6, s7
core   0: 3 0x80007558 (0x017ff233) x 4 0x00000000
core   0: 0x8000755c (0x00eb51b3) srl     gp, s6, a4
core   0: 3 0x8000755c (0x00eb51b3) x 3 0x00000000
core   0: 0x80007560 (0x9f7e8fb7) lui     t6, 0x9f7e8
core   0: 3 0x80007560 (0x9f7e8fb7) x31 0x9f7e8000
core   0: 0x80007564 (0x03517433) remu    s0, sp, s5
core   0: 3 0x80007564 (0x03517433) x 8 0x80014e65
core   0: 0x80007568 (0x019b64b3) or      s1, s6, s9
core   0: 3 0x80007568 (0x019b64b3) x 9 0x00000000
core   0: 0x8000756c (0x01cb74b3) and     s1, s6, t3
core   0: 3 0x8000756c (0x01cb74b3) x 9 0x00000000
core   0: 0x80007570 (0x761b4f13) xori    t5, s6, 1889
core   0: 3 0x80007570 (0x761b4f13) x30 0x00000761
core   0: 0x80007574 (0x032a15b3) mulh    a1, s4, s2
core   0: 3 0x80007574 (0x032a15b3) x11 0x00000000
core   0: 0x80007578 (0x419e5b33) sra     s6, t3, s9
core   0: 3 0x80007578 (0x419e5b33) x22 0x00000001
core   0: 0x8000757c (0xf9f9a393) slti    t2, s3, -97
core   0: 3 0x8000757c (0xf9f9a393) x 7 0x00000000
core   0: 0x80007580 (0x01db89b3) add     s3, s7, t4
core   0: 3 0x80007580 (0x01db89b3) x19 0xfffffa9e
core   0: 0x80007584 (0x03f87333) remu    t1, a6, t6
core   0: 3 0x80007584 (0x03f87333) x 6 0x80014e64
core   0: 0x80007588 (0x031f4533) div     a0, t5, a7
core   0: 3 0x80007588 (0x031f4533) x10 0xffffffff
core   0: 0x8000758c (0xa053f013) andi    zero, t2, -1531
core   0: 3 0x8000758c (0xa053f013)
core   0: 0x80007590 (0xd9c47b37) lui     s6, 0xd9c47
core   0: 3 0x80007590 (0xd9c47b37) x22 0xd9c47000
core   0: 0x80007594 (0x02e6e633) rem     a2, a3, a4
core   0: 3 0x80007594 (0x02e6e633) x12 0xffffffff
core   0: 0x80007598 (0x41c3db13) srai    s6, t2, 28
core   0: 3 0x80007598 (0x41c3db13) x22 0x00000000
core   0: 0x8000759c (0x84f2aa37) lui     s4, 0x84f2a
core   0: 3 0x8000759c (0x84f2aa37) x20 0x84f2a000
core   0: 0x800075a0 (0x00239c33) sll     s8, t2, sp
core   0: 3 0x800075a0 (0x00239c33) x24 0x00000000
core   0: 0x800075a4 (0x24f8ba93) sltiu   s5, a7, 591
core   0: 3 0x800075a4 (0x24f8ba93) x21 0x00000001
core   0: 0x800075a8 (0xccedf593) andi    a1, s11, -818
core   0: 3 0x800075a8 (0xccedf593) x11 0x00000006
core   0: 0x800075ac (0x7b09c793) xori    a5, s3, 1968
core   0: 3 0x800075ac (0x7b09c793) x15 0xfffffd2e
core   0: 0x800075b0 (0x00ea2d33) slt     s10, s4, a4
core   0: 3 0x800075b0 (0x00ea2d33) x26 0x00000000
core   0: 0x800075b4 (0xe2b30a13) addi    s4, t1, -469
core   0: 3 0x800075b4 (0xe2b30a13) x20 0x80014c8f
core   0: 0x800075b8 (0x02c2b033) mulhu   zero, t0, a2
core   0: 3 0x800075b8 (0x02c2b033)
core   0: 0x800075bc (0x0121a433) slt     s0, gp, s2
core   0: 3 0x800075bc (0x0121a433) x 8 0x00000000
core   0: 0x800075c0 (0x00e20b33) add     s6, tp, a4
core   0: 3 0x800075c0 (0x00e20b33) x22 0x80018ce4
core   0: 0x800075c4 (0x02bb6cb3) rem     s9, s6, a1
core   0: 3 0x800075c4 (0x02bb6cb3) x25 0xfffffffe
core   0: 0x800075c8 (0x02137433) remu    s0, t1, ra
core   0: 3 0x800075c8 (0x02137433) x 8 0x80014e64
core   0: 0x800075cc (0x01db2cb3) slt     s9, s6, t4
core   0: 3 0x800075cc (0x01db2cb3) x25 0x00000001
core   0: 0x800075d0 (0x019a1413) slli    s0, s4, 25
core   0: 3 0x800075d0 (0x019a1413) x 8 0x1e000000
core   0: 0x800075d4 (0x01468633) add     a2, a3, s4
core   0: 3 0x800075d4 (0x01468633) x12 0x80014c8e
core   0: 0x800075d8 (0x2b7780b7) lui     ra, 0x2b778
core   0: 3 0x800075d8 (0x2b7780b7) x 1 0x2b778000
core   0: 0x800075dc (0x930fa593) slti    a1, t6, -1744
core   0: 3 0x800075dc (0x930fa593) x11 0x00000001
core   0: 0x800075e0 (0x02c76a33) rem     s4, a4, a2
core   0: 3 0x800075e0 (0x02c76a33) x20 0x80018ce4
core   0: 0x800075e4 (0x9cae4eb7) lui     t4, 0x9cae4
core   0: 3 0x800075e4 (0x9cae4eb7) x29 0x9cae4000
core   0: 0x800075e8 (0x033a4633) div     a2, s4, s3
core   0: 3 0x800075e8 (0x033a4633) x12 0x0017c73c
core   0: 0x800075ec (0xeb8e2913) slti    s2, t3, -328
core   0: 3 0x800075ec (0xeb8e2913) x18 0x00000000
core   0: 0x800075f0 (0x033801b3) mul     gp, a6, s3
core   0: 3 0x800075f0 (0x033801b3) x 3 0xf8f809b8
core   0: 0x800075f4 (0x01295c33) srl     s8, s2, s2
core   0: 3 0x800075f4 (0x01295c33) x24 0x00000000
core   0: 0x800075f8 (0x01de1f13) slli    t5, t3, 29
core   0: 3 0x800075f8 (0x01de1f13) x30 0x20000000
core   0: 0x800075fc (0x039f0693) addi    a3, t5, 57
core   0: 3 0x800075fc (0x039f0693) x13 0x20000039
core   0: 0x80007600 (0x00b5db13) srli    s6, a1, 11
core   0: 3 0x80007600 (0x00b5db13) x22 0x00000000
core   0: 0x80007604 (0x00e9d193) srli    gp, s3, 14
core   0: 3 0x80007604 (0x00e9d193) x 3 0x0003ffff
core   0: 0x80007608 (0x03b53fb3) mulhu   t6, a0, s11
core   0: 3 0x80007608 (0x03b53fb3) x31 0x00000006
core   0: 0x8000760c (0x02f5de33) divu    t3, a1, a5
core   0: 3 0x8000760c (0x02f5de33) x28 0x00000000
core   0: 0x80007610 (0x01c16533) or      a0, sp, t3
core   0: 3 0x80007610 (0x01c16533) x10 0x80014e65
core   0: 0x80007614 (0xe1d2f493) andi    s1, t0, -483
core   0: 3 0x80007614 (0xe1d2f493) x 9 0x0000021c
core   0: 0x80007618 (0x03326633) rem     a2, tp, s3
core   0: 3 0x80007618 (0x03326633) x12 0x00000000
core   0: 0x8000761c (0x5f648213) addi    tp, s1, 1526
core   0: 3 0x8000761c (0x5f648213) x 4 0x00000812
core   0: 0x80007620 (0x18dc7997) auipc   s3, 0x18dc7
core   0: 3 0x80007620 (0x18dc7997) x19 0x98dce620
core   0: 0x80007624 (0x00ead0b3) srl     ra, s5, a4
core   0: 3 0x80007624 (0x00ead0b3) x 1 0x00000000
core   0: 0x80007628 (0x01b159b3) srl     s3, sp, s11
core   0: 3 0x80007628 (0x01b159b3) x19 0x0100029c
core   0: 0x8000762c (0x00435393) srli    t2, t1, 4
core   0: 3 0x8000762c (0x00435393) x 7 0x080014e6
core   0: 0x80007630 (0x62198e13) addi    t3, s3, 1569
core   0: 3 0x80007630 (0x62198e13) x28 0x010008bd
core   0: 0x80007634 (0x037f7eb3) remu    t4, t5, s7
core   0: 3 0x80007634 (0x037f7eb3) x29 0x20000000
core   0: 0x80007638 (0x02df2933) mulhsu  s2, t5, a3
core   0: 3 0x80007638 (0x02df2933) x18 0x04000007
core   0: 0x8000763c (0x025aeeb3) rem     t4, s5, t0
core   0: 3 0x8000763c (0x025aeeb3) x29 0x00000001
core   0: 0x80007640 (0x028261b3) rem     gp, tp, s0
core   0: 3 0x80007640 (0x028261b3) x 3 0x00000812
core   0: 0x80007644 (0x41ff5cb3) sra     s9, t5, t6
core   0: 3 0x80007644 (0x41ff5cb3) x25 0x00800000
core   0: 0x80007648 (0x01015cb3) srl     s9, sp, a6
core   0: 3 0x80007648 (0x01015cb3) x25 0x080014e6
core   0: 0x8000764c (0x024f29b3) mulhsu  s3, t5, tp
core   0: 3 0x8000764c (0x024f29b3) x19 0x00000102
core   0: 0x80007650 (0xa9aa2413) slti    s0, s4, -1382
core   0: 3 0x80007650 (0xa9aa2413) x 8 0x00000001
core   0: 0x80007654 (0x01c28633) add     a2, t0, t3
core   0: 3 0x80007654 (0x01c28633) x12 0x01000c19
core   0: 0x80007658 (0x08e64f13) xori    t5, a2, 142
core   0: 3 0x80007658 (0x08e64f13) x30 0x01000c97
core   0: 0x8000765c (0x030840b3) div     ra, a6, a6
core   0: 3 0x8000765c (0x030840b3) x 1 0x00000001
core   0: 0x80007660 (0x03e91a33) mulh    s4, s2, t5
core   0: 3 0x80007660 (0x03e91a33) x20 0x00040032
core   0: 0x80007664 (0x0276be33) mulhu   t3, a3, t2
core   0: 3 0x80007664 (0x0276be33) x28 0x0100029e
core   0: 0x80007668 (0x01104a33) xor     s4, zero, a7
core   0: 3 0x80007668 (0x01104a33) x20 0x00000000
core   0: 0x8000766c (0x007720b3) slt     ra, a4, t2
core   0: 3 0x8000766c (0x007720b3) x 1 0x00000001
core   0: 0x80007670 (0xd61eac97) auipc   s9, 0xd61ea
core   0: 3 0x80007670 (0xd61eac97) x25 0x561f1670
core   0: 0x80007674 (0x02c9d6b3) divu    a3, s3, a2
core   0: 3 0x80007674 (0x02c9d6b3) x13 0x00000000
core   0: 0x80007678 (0xf366c893) xori    a7, a3, -202
core   0: 3 0x80007678 (0xf366c893) x17 0xffffff36
core   0: 0x8000767c (0x00f034b3) snez    s1, a5
core   0: 3 0x8000767c (0x00f034b3) x 9 0x00000001
core   0: 0x80007680 (0x0156ae33) slt     t3, a3, s5
core   0: 3 0x80007680 (0x0156ae33) x28 0x00000001
core   0: 0x80007684 (0x0244a933) mulhsu  s2, s1, tp
core   0: 3 0x80007684 (0x0244a933) x18 0x00000000
core   0: 0x80007688 (0x02049f33) mulh    t5, s1, zero
core   0: 3 0x80007688 (0x02049f33) x30 0x00000000
core   0: 0x8000768c (0x11c9c113) xori    sp, s3, 284
core   0: 3 0x8000768c (0x11c9c113) x 2 0x0000001e
core   0: 0x80007690 (0x0d640213) addi    tp, s0, 214
core   0: 3 0x80007690 (0x0d640213) x 4 0x000000d7
core   0: 0x80007694 (0xe23d6097) auipc   ra, 0xe23d6
core   0: 3 0x80007694 (0xe23d6097) x 1 0x623dd694
core   0: 0x80007698 (0x01d4df93) srli    t6, s1, 29
core   0: 3 0x80007698 (0x01d4df93) x31 0x00000000
core   0: 0x8000769c (0x0228bb33) mulhu   s6, a7, sp
core   0: 3 0x8000769c (0x0228bb33) x22 0x0000001d
core   0: 0x800076a0 (0x000a0c33) add     s8, s4, zero
core   0: 3 0x800076a0 (0x000a0c33) x24 0x00000000
core   0: 0x800076a4 (0x01601f33) sll     t5, zero, s6
core   0: 3 0x800076a4 (0x01601f33) x30 0x00000000
core   0: 0x800076a8 (0x4046db13) srai    s6, a3, 4
core   0: 3 0x800076a8 (0x4046db13) x22 0x00000000
core   0: 0x800076ac (0x01d08fb3) add     t6, ra, t4
core   0: 3 0x800076ac (0x01d08fb3) x31 0x623dd695
core   0: 0x800076b0 (0xc2dfcc17) auipc   s8, 0xc2dfc
core   0: 3 0x800076b0 (0xc2dfcc17) x24 0x42e036b0
core   0: 0x800076b4 (0x410dd293) srai    t0, s11, 16
core   0: 3 0x800076b4 (0x410dd293) x 5 0x00000000
core   0: 0x800076b8 (0x00be3f33) sltu    t5, t3, a1
core   0: 3 0x800076b8 (0x00be3f33) x30 0x00000000
core   0: 0x800076bc (0x58710493) addi    s1, sp, 1415
core   0: 3 0x800076bc (0x58710493) x 9 0x000005a5
core   0: 0x800076c0 (0x03e04e33) div     t3, zero, t5
core   0: 3 0x800076c0 (0x03e04e33) x28 0xffffffff
core   0: 0x800076c4 (0x037c4f33) div     t5, s8, s7
core   0: 3 0x800076c4 (0x037c4f33) x30 0xfff39129
core   0: 0x800076c8 (0x039d8a33) mul     s4, s11, s9
core   0: 3 0x800076c8 (0x039d8a33) x20 0x5ad99d10
core   0: 0x800076cc (0x7572e693) ori     a3, t0, 1879
core   0: 3 0x800076cc (0x7572e693) x13 0x00000757
core   0: 0x800076d0 (0xd3e9c313) xori    t1, s3, -706
core   0: 3 0x800076d0 (0xd3e9c313) x 6 0xfffffc3c
core   0: 0x800076d4 (0x03796033) rem     zero, s2, s7
core   0: 3 0x800076d4 (0x03796033)
core   0: 0x800076d8 (0x00189d13) slli    s10, a7, 1
core   0: 3 0x800076d8 (0x00189d13) x26 0xfffffe6c
core   0: 0x800076dc (0x00e41cb3) sll     s9, s0, a4
core   0: 3 0x800076dc (0x00e41cb3) x25 0x00000010
core   0: 0x800076e0 (0x031a1fb3) mulh    t6, s4, a7
core   0: 3 0x800076e0 (0x031a1fb3) x31 0xffffffb8
core   0: 0x800076e4 (0x40095313) srai    t1, s2, 0
core   0: 3 0x800076e4 (0x40095313) x 6 0x00000000
core   0: 0x800076e8 (0x02dc2433) mulhsu  s0, s8, a3
core   0: 3 0x800076e8 (0x02dc2433) x 8 0x000001ea
core   0: 0x800076ec (0x018209b3) add     s3, tp, s8
core   0: 3 0x800076ec (0x018209b3) x19 0x42e03787
core   0: 0x800076f0 (0xf05e5117) auipc   sp, 0xf05e5
core   0: 3 0x800076f0 (0xf05e5117) x 2 0x705ec6f0
core   0: 0x800076f4 (0x03cf5e33) divu    t3, t5, t3
core   0: 3 0x800076f4 (0x03cf5e33) x28 0x00000000
core   0: 0x800076f8 (0x00000013) nop
core   0: 3 0x800076f8 (0x00000013)
core   0: 0x800076fc (0x67923a13) sltiu   s4, tp, 1657
core   0: 3 0x800076fc (0x67923a13) x20 0x00000001
core   0: 0x80007700 (0x7da15497) auipc   s1, 0x7da15
core   0: 3 0x80007700 (0x7da15497) x 9 0xfda1c700
core   0: 0x80007704 (0x40e3d6b3) sra     a3, t2, a4
core   0: 3 0x80007704 (0x40e3d6b3) x13 0x0080014e
core   0: 0x80007708 (0x0385cd33) div     s10, a1, s8
core   0: 3 0x80007708 (0x0385cd33) x26 0x00000000
core   0: 0x8000770c (0x03131f33) mulh    t5, t1, a7
core   0: 3 0x8000770c (0x03131f33) x30 0x00000000
core   0: 0x80007710 (0x00000013) nop
core   0: 3 0x80007710 (0x00000013)
core   0: 0x80007714 (0x6dba1017) auipc   zero, 0x6dba1
core   0: 3 0x80007714 (0x6dba1017)
core   0: 0x80007718 (0x01bbca13) xori    s4, s7, 27
core   0: 3 0x80007718 (0x01bbca13) x20 0xfffffa84
core   0: 0x8000771c (0x408d5a13) srai    s4, s10, 8
core   0: 3 0x8000771c (0x408d5a13) x20 0x00000000
core   0: 0x80007720 (0x037679b3) remu    s3, a2, s7
core   0: 3 0x80007720 (0x037679b3) x19 0x01000c19
core   0: 0x80007724 (0x72c67793) andi    a5, a2, 1836
core   0: 3 0x80007724 (0x72c67793) x15 0x00000408
core   0: 0x80007728 (0x0267cab3) div     s5, a5, t1
core   0: 3 0x80007728 (0x0267cab3) x21 0xffffffff
core   0: 0x8000772c (0x009014b3) sll     s1, zero, s1
core   0: 3 0x8000772c (0x009014b3) x 9 0x00000000
core   0: 0x80007730 (0x00a6dd33) srl     s10, a3, a0
core   0: 3 0x80007730 (0x00a6dd33) x26 0x0004000a
core   0: 0x80007734 (0x0034b533) sltu    a0, s1, gp
core   0: 3 0x80007734 (0x0034b533) x10 0x00000001
core   0: 0x80007738 (0x01275193) srli    gp, a4, 18
core   0: 3 0x80007738 (0x01275193) x 3 0x00002000
core   0: 0x8000773c (0x1fcb8293) addi    t0, s7, 508
core   0: 3 0x8000773c (0x1fcb8293) x 5 0xfffffc9b
core   0: 0x80007740 (0x005fd6b3) srl     a3, t6, t0
core   0: 3 0x80007740 (0x005fd6b3) x13 0x0000001f
core   0: 0x80007744 (0x029adb33) divu    s6, s5, s1
core   0: 3 0x80007744 (0x029adb33) x22 0xffffffff
core   0: 0x80007748 (0x00bfd013) srli    zero, t6, 11
core   0: 3 0x80007748 (0x00bfd013)
core   0: 0x8000774c (0x026ecc33) div     s8, t4, t1
core   0: 3 0x8000774c (0x026ecc33) x24 0xffffffff
core   0: 0x80007750 (0x18f3f893) andi    a7, t2, 399
core   0: 3 0x80007750 (0x18f3f893) x17 0x00000086
core   0: 0x80007754 (0x410f5793) srai    a5, t5, 16
core   0: 3 0x80007754 (0x410f5793) x15 0x00000000
core   0: 0x80007758 (0x022f3eb3) mulhu   t4, t5, sp
core   0: 3 0x80007758 (0x022f3eb3) x29 0x00000000
core   0: 0x8000775c (0x00000013) nop
core   0: 3 0x8000775c (0x00000013)
core   0: 0x80007760 (0x003cb033) sltu    zero, s9, gp
core   0: 3 0x80007760 (0x003cb033)
core   0: 0x80007764 (0x9a002913) slti    s2, zero, -1632
core   0: 3 0x80007764 (0x9a002913) x18 0x00000000
core   0: 0x80007768 (0x416b8633) sub     a2, s7, s6
core   0: 3 0x80007768 (0x416b8633) x12 0xfffffaa0
core   0: 0x8000776c (0x030a88b3) mul     a7, s5, a6
core   0: 3 0x8000776c (0x030a88b3) x17 0x7ffeb19c
core   0: 0x80007770 (0x02430ab3) mul     s5, t1, tp
core   0: 3 0x80007770 (0x02430ab3) x21 0x00000000
core   0: 0x80007774 (0xd416c413) xori    s0, a3, -703
core   0: 3 0x80007774 (0xd416c413) x 8 0xfffffd5e
core   0: 0x80007778 (0x02f114b3) mulh    s1, sp, a5
core   0: 3 0x80007778 (0x02f114b3) x 9 0x00000000
core   0: 0x8000777c (0x00000013) nop
core   0: 3 0x8000777c (0x00000013)
core   0: 0x80007780 (0x00000013) nop
core   0: 3 0x80007780 (0x00000013)
core   0: 0x80007784 (0x761b28b7) lui     a7, 0x761b2
core   0: 3 0x80007784 (0x761b28b7) x17 0x761b2000
core   0: 0x80007788 (0x00830933) add     s2, t1, s0
core   0: 3 0x80007788 (0x00830933) x18 0xfffffd5e
core   0: 0x8000778c (0x38c82793) slti    a5, a6, 908
core   0: 3 0x8000778c (0x38c82793) x15 0x00000001
core   0: 0x80007790 (0x03a192b3) mulh    t0, gp, s10
core   0: 3 0x80007790 (0x03a192b3) x 5 0x00000000
core   0: 0x80007794 (0x0161beb3) sltu    t4, gp, s6
core   0: 3 0x80007794 (0x0161beb3) x29 0x00000001
core   0: 0x80007798 (0x035f1c33) mulh    s8, t5, s5
core   0: 3 0x80007798 (0x035f1c33) x24 0x00000000
core   0: 0x8000779c (0x7d6ea693) slti    a3, t4, 2006
core   0: 3 0x8000779c (0x7d6ea693) x13 0x00000001
core   0: 0x800077a0 (0x00870133) add     sp, a4, s0
core   0: 3 0x800077a0 (0x00870133) x 2 0x80018a42
core   0: 0x800077a4 (0x02b134b3) mulhu   s1, sp, a1
core   0: 3 0x800077a4 (0x02b134b3) x 9 0x00000000
core   0: 0x800077a8 (0x0200c0b3) div     ra, ra, zero
core   0: 3 0x800077a8 (0x0200c0b3) x 1 0xffffffff
core   0: 0x800077ac (0x401dd893) srai    a7, s11, 1
core   0: 3 0x800077ac (0x401dd893) x17 0x00000003
core   0: 0x800077b0 (0x013cd0b3) srl     ra, s9, s3
core   0: 3 0x800077b0 (0x013cd0b3) x 1 0x00000000
core   0: 0x800077b4 (0x026f3cb3) mulhu   s9, t5, t1
core   0: 3 0x800077b4 (0x026f3cb3) x25 0x00000000
core   0: 0x800077b8 (0x00b34933) xor     s2, t1, a1
core   0: 3 0x800077b8 (0x00b34933) x18 0x00000001
core   0: 0x800077bc (0x014383b3) add     t2, t2, s4
core   0: 3 0x800077bc (0x014383b3) x 7 0x080014e6
core   0: 0x800077c0 (0x00594133) xor     sp, s2, t0
core   0: 3 0x800077c0 (0x00594133) x 2 0x00000001
core   0: 0x800077c4 (0x016b90b3) sll     ra, s7, s6
core   0: 3 0x800077c4 (0x016b90b3) x 1 0x80000000
core   0: 0x800077c8 (0x00b25f93) srli    t6, tp, 11
core   0: 3 0x800077c8 (0x00b25f93) x31 0x00000000
core   0: 0x800077cc (0x026515b3) mulh    a1, a0, t1
core   0: 3 0x800077cc (0x026515b3) x11 0x00000000
core   0: 0x800077d0 (0xd333af93) slti    t6, t2, -717
core   0: 3 0x800077d0 (0xd333af93) x31 0x00000000
core   0: 0x800077d4 (0x0010fd33) and     s10, ra, ra
core   0: 3 0x800077d4 (0x0010fd33) x26 0x80000000
core   0: 0x800077d8 (0xad6fb917) auipc   s2, 0xad6fb
core   0: 3 0x800077d8 (0xad6fb917) x18 0x2d7027d8
core   0: 0x800077dc (0x3e95a393) slti    t2, a1, 1001
core   0: 3 0x800077dc (0x3e95a393) x 7 0x00000001
core   0: 0x800077e0 (0x1f1b8f13) addi    t5, s7, 497
core   0: 3 0x800077e0 (0x1f1b8f13) x30 0xfffffc90
core   0: 0x800077e4 (0xdb092f17) auipc   t5, 0xdb092
core   0: 3 0x800077e4 (0xdb092f17) x30 0x5b0997e4
core   0: 0x800077e8 (0x014c9413) slli    s0, s9, 20
core   0: 3 0x800077e8 (0x014c9413) x 8 0x00000000
core   0: 0x800077ec (0x7df6c493) xori    s1, a3, 2015
core   0: 3 0x800077ec (0x7df6c493) x 9 0x000007de
core   0: 0x800077f0 (0xfbd8c613) xori    a2, a7, -67
core   0: 3 0x800077f0 (0xfbd8c613) x12 0xffffffbe
core   0: 0x800077f4 (0x0008d313) srli    t1, a7, 0
core   0: 3 0x800077f4 (0x0008d313) x 6 0x00000003
core   0: 0x800077f8 (0x33876517) auipc   a0, 0x33876
core   0: 3 0x800077f8 (0x33876517) x10 0xb387d7f8
core   0: 0x800077fc (0x0086a133) slt     sp, a3, s0
core   0: 3 0x800077fc (0x0086a133) x 2 0x00000000
core   0: 0x80007800 (0x0051b3b3) sltu    t2, gp, t0
core   0: 3 0x80007800 (0x0051b3b3) x 7 0x00000000
core   0: 0x80007804 (0x02e770b3) remu    ra, a4, a4
core   0: 3 0x80007804 (0x02e770b3) x 1 0x00000000
core   0: 0x80007808 (0x5ab0c093) xori    ra, ra, 1451
core   0: 3 0x80007808 (0x5ab0c093) x 1 0x000005ab
core   0: 0x8000780c (0x03a826b3) mulhsu  a3, a6, s10
core   0: 3 0x8000780c (0x03a826b3) x13 0xc000a732
core   0: 0x80007810 (0x1c614b97) auipc   s7, 0x1c614
core   0: 3 0x80007810 (0x1c614b97) x23 0x9c61b810
core   0: 0x80007814 (0x00f9e4b3) or      s1, s3, a5
core   0: 3 0x80007814 (0x00f9e4b3) x 9 0x01000c19
core   0: 0x80007818 (0x01c57d33) and     s10, a0, t3
core   0: 3 0x80007818 (0x01c57d33) x26 0x00000000
core   0: 0x8000781c (0x02c0ed33) rem     s10, ra, a2
core   0: 3 0x8000781c (0x02c0ed33) x26 0x00000041
core   0: 0x80007820 (0x019a1633) sll     a2, s4, s9
core   0: 3 0x80007820 (0x019a1633) x12 0x00000000
core   0: 0x80007824 (0xeb356fb7) lui     t6, 0xeb356
core   0: 3 0x80007824 (0xeb356fb7) x31 0xeb356000
core   0: 0x80007828 (0x01ed7133) and     sp, s10, t5
core   0: 3 0x80007828 (0x01ed7133) x 2 0x00000040
core   0: 0x8000782c (0x005faa33) slt     s4, t6, t0
core   0: 3 0x8000782c (0x005faa33) x20 0x00000001
core   0: 0x80007830 (0x0322a633) mulhsu  a2, t0, s2
core   0: 3 0x80007830 (0x0322a633) x12 0x00000000
core   0: 0x80007834 (0x027b9a33) mulh    s4, s7, t2
core   0: 3 0x80007834 (0x027b9a33) x20 0x00000000
core   0: 0x80007838 (0x02058f33) mul     t5, a1, zero
core   0: 3 0x80007838 (0x02058f33) x30 0x00000000
core   0: 0x8000783c (0x00000013) nop
core   0: 3 0x8000783c (0x00000013)
core   0: 0x80007840 (0x01cabe33) sltu    t3, s5, t3
core   0: 3 0x80007840 (0x01cabe33) x28 0x00000000
core   0: 0x80007844 (0xb3d2bf13) sltiu   t5, t0, -1219
core   0: 3 0x80007844 (0xb3d2bf13) x30 0x00000001
core   0: 0x80007848 (0xbb4e4793) xori    a5, t3, -1100
core   0: 3 0x80007848 (0xbb4e4793) x15 0xfffffbb4
core   0: 0x8000784c (0x03011b33) mulh    s6, sp, a6
core   0: 3 0x8000784c (0x03011b33) x22 0xffffffe0
core   0: 0x80007850 (0x399f0113) addi    sp, t5, 921
core   0: 3 0x80007850 (0x399f0113) x 2 0x0000039a
core   0: 0x80007854 (0x409457b3) sra     a5, s0, s1
core   0: 3 0x80007854 (0x409457b3) x15 0x00000000
core   0: 0x80007858 (0x02bf4693) xori    a3, t5, 43
core   0: 3 0x80007858 (0x02bf4693) x13 0x0000002a
core   0: 0x8000785c (0x01c9b6b3) sltu    a3, s3, t3
core   0: 3 0x8000785c (0x01c9b6b3) x13 0x00000000
core   0: 0x80007860 (0xe4be0c93) addi    s9, t3, -437
core   0: 3 0x80007860 (0xe4be0c93) x25 0xfffffe4b
core   0: 0x80007864 (0x0135d913) srli    s2, a1, 19
core   0: 3 0x80007864 (0x0135d913) x18 0x00000000
core   0: 0x80007868 (0x01e2b933) sltu    s2, t0, t5
core   0: 3 0x80007868 (0x01e2b933) x18 0x00000001
core   0: 0x8000786c (0x02364fb3) div     t6, a2, gp
core   0: 3 0x8000786c (0x02364fb3) x31 0x00000000
core   0: 0x80007870 (0x01179113) slli    sp, a5, 17
core   0: 3 0x80007870 (0x01179113) x 2 0x00000000
core   0: 0x80007874 (0x03c5da33) divu    s4, a1, t3
core   0: 3 0x80007874 (0x03c5da33) x20 0xffffffff
core   0: 0x80007878 (0x02d183b3) mul     t2, gp, a3
core   0: 3 0x80007878 (0x02d183b3) x 7 0x00000000
core   0: 0x8000787c (0x02d9c633) div     a2, s3, a3
core   0: 3 0x8000787c (0x02d9c633) x12 0xffffffff
core   0: 0x80007880 (0x01491013) slli    zero, s2, 20
core   0: 3 0x80007880 (0x01491013)
core   0: 0x80007884 (0x028c97b3) mulh    a5, s9, s0
core   0: 3 0x80007884 (0x028c97b3) x15 0x00000000
core   0: 0x80007888 (0x018d7bb3) and     s7, s10, s8
core   0: 3 0x80007888 (0x018d7bb3) x23 0x00000000
core   0: 0x8000788c (0x01930933) add     s2, t1, s9
core   0: 3 0x8000788c (0x01930933) x18 0xfffffe4e
core   0: 0x80007890 (0x4061de13) srai    t3, gp, 6
core   0: 3 0x80007890 (0x4061de13) x28 0x00000080
core   0: 0x80007894 (0x02778533) mul     a0, a5, t2
core   0: 3 0x80007894 (0x02778533) x10 0x00000000
core   0: 0x80007898 (0x00bf1313) slli    t1, t5, 11
core   0: 3 0x80007898 (0x00bf1313) x 6 0x00000800
core   0: 0x8000789c (0x00e9f233) and     tp, s3, a4
core   0: 3 0x8000789c (0x00e9f233) x 4 0x00000c00
core   0: 0x800078a0 (0x02734bb3) div     s7, t1, t2
core   0: 3 0x800078a0 (0x02734bb3) x23 0xffffffff
core   0: 0x800078a4 (0x41ef5393) srai    t2, t5, 30
core   0: 3 0x800078a4 (0x41ef5393) x 7 0x00000000
core   0: 0x800078a8 (0x0081d7b3) srl     a5, gp, s0
core   0: 3 0x800078a8 (0x0081d7b3) x15 0x00002000
core   0: 0x800078ac (0x02fc1433) mulh    s0, s8, a5
core   0: 3 0x800078ac (0x02fc1433) x 8 0x00000000
core   0: 0x800078b0 (0x00000013) nop
core   0: 3 0x800078b0 (0x00000013)
core   0: 0x800078b4 (0x434102b7) lui     t0, 0x43410
core   0: 3 0x800078b4 (0x434102b7) x 5 0x43410000
core   0: 0x800078b8 (0x00e781b3) add     gp, a5, a4
core   0: 3 0x800078b8 (0x00e781b3) x 3 0x8001ace4
core   0: 0x800078bc (0x6a3afe13) andi    t3, s5, 1699
core   0: 3 0x800078bc (0x6a3afe13) x28 0x00000000
core   0: 0x800078c0 (0x03cc2033) mulhsu  zero, s8, t3
core   0: 3 0x800078c0 (0x03cc2033)
core   0: 0x800078c4 (0x0296f9b3) remu    s3, a3, s1
core   0: 3 0x800078c4 (0x0296f9b3) x19 0x00000000
core   0: 0x800078c8 (0x6d48c693) xori    a3, a7, 1748
core   0: 3 0x800078c8 (0x6d48c693) x13 0x000006d7
core   0: 0x800078cc (0x40335b33) sra     s6, t1, gp
core   0: 3 0x800078cc (0x40335b33) x22 0x00000080
core   0: 0x800078d0 (0x01cd67b3) or      a5, s10, t3
core   0: 3 0x800078d0 (0x01cd67b3) x15 0x00000041
core   0: 0x800078d4 (0x022e9a33) mulh    s4, t4, sp
core   0: 3 0x800078d4 (0x022e9a33) x20 0x00000000
core   0: 0x800078d8 (0x4016d913) srai    s2, a3, 1
core   0: 3 0x800078d8 (0x4016d913) x18 0x0000036b
core   0: 0x800078dc (0x00edf633) and     a2, s11, a4
core   0: 3 0x800078dc (0x00edf633) x12 0x00000004
core   0: 0x800078e0 (0x02ae57b3) divu    a5, t3, a0
core   0: 3 0x800078e0 (0x02ae57b3) x15 0xffffffff
core   0: 0x800078e4 (0x039989b3) mul     s3, s3, s9
core   0: 3 0x800078e4 (0x039989b3) x19 0x00000000
core   0: 0x800078e8 (0x027e4a33) div     s4, t3, t2
core   0: 3 0x800078e8 (0x027e4a33) x20 0xffffffff
core   0: 0x800078ec (0x0248d1b3) divu    gp, a7, tp
core   0: 3 0x800078ec (0x0248d1b3) x 3 0x00000000
core   0: 0x800078f0 (0x40ae0c33) sub     s8, t3, a0
core   0: 3 0x800078f0 (0x40ae0c33) x24 0x00000000
core   0: 0x800078f4 (0x004febb3) or      s7, t6, tp
core   0: 3 0x800078f4 (0x004febb3) x23 0x00000c00
core   0: 0x800078f8 (0x03f93633) mulhu   a2, s2, t6
core   0: 3 0x800078f8 (0x03f93633) x12 0x00000000
core   0: 0x800078fc (0x004d0333) add     t1, s10, tp
core   0: 3 0x800078fc (0x004d0333) x 6 0x00000c41
core   0: 0x80007900 (0x020ddeb3) divu    t4, s11, zero
core   0: 3 0x80007900 (0x020ddeb3) x29 0xffffffff
core   0: 0x80007904 (0x021e28b3) mulhsu  a7, t3, ra
core   0: 3 0x80007904 (0x021e28b3) x17 0x00000000
core   0: 0x80007908 (0x02183e33) mulhu   t3, a6, ra
core   0: 3 0x80007908 (0x02183e33) x28 0x000002d5
core   0: 0x8000790c (0xa0f83b93) sltiu   s7, a6, -1521
core   0: 3 0x8000790c (0xa0f83b93) x23 0x00000001
core   0: 0x80007910 (0xf3ec4f93) xori    t6, s8, -194
core   0: 3 0x80007910 (0xf3ec4f93) x31 0xffffff3e
core   0: 0x80007914 (0x03333633) mulhu   a2, t1, s3
core   0: 3 0x80007914 (0x03333633) x12 0x00000000
core   0: 0x80007918 (0xd5d44013) xori    zero, s0, -675
core   0: 3 0x80007918 (0xd5d44013)
core   0: 0x8000791c (0x008565b3) or      a1, a0, s0
core   0: 3 0x8000791c (0x008565b3) x11 0x00000000
core   0: 0x80007920 (0x4a6a3493) sltiu   s1, s4, 1190
core   0: 3 0x80007920 (0x4a6a3493) x 9 0x00000000
core   0: 0x80007924 (0x003076b3) and     a3, zero, gp
core   0: 3 0x80007924 (0x003076b3) x13 0x00000000
core   0: 0x80007928 (0x010623b3) slt     t2, a2, a6
core   0: 3 0x80007928 (0x010623b3) x 7 0x00000000
core   0: 0x8000792c (0x00000013) nop
core   0: 3 0x8000792c (0x00000013)
core   0: 0x80007930 (0x00681c93) slli    s9, a6, 6
core   0: 3 0x80007930 (0x00681c93) x25 0x00539900
core   0: 0x80007934 (0x72f5b593) sltiu   a1, a1, 1839
core   0: 3 0x80007934 (0x72f5b593) x11 0x00000001
core   0: 0x80007938 (0x017c2ab3) slt     s5, s8, s7
core   0: 3 0x80007938 (0x017c2ab3) x21 0x00000001
core   0: 0x8000793c (0x0101b333) sltu    t1, gp, a6
core   0: 3 0x8000793c (0x0101b333) x 6 0x00000001
core   0: 0x80007940 (0x015d82b3) add     t0, s11, s5
core   0: 3 0x80007940 (0x015d82b3) x 5 0x00000008
core   0: 0x80007944 (0x5c532e93) slti    t4, t1, 1477
core   0: 3 0x80007944 (0x5c532e93) x29 0x00000001
core   0: 0x80007948 (0x0171d013) srli    zero, gp, 23
core   0: 3 0x80007948 (0x0171d013)
core   0: 0x8000794c (0x1a896993) ori     s3, s2, 424
core   0: 3 0x8000794c (0x1a896993) x19 0x000003eb
core   0: 0x80007950 (0x02a6f7b3) remu    a5, a3, a0
core   0: 3 0x80007950 (0x02a6f7b3) x15 0x00000000
core   0: 0x80007954 (0x01a78a33) add     s4, a5, s10
core   0: 3 0x80007954 (0x01a78a33) x20 0x00000041
core   0: 0x80007958 (0x86d169b7) lui     s3, 0x86d16
core   0: 3 0x80007958 (0x86d169b7) x19 0x86d16000
core   0: 0x8000795c (0x02599933) mulh    s2, s3, t0
core   0: 3 0x8000795c (0x02599933) x18 0xfffffffc
core   0: 0x80007960 (0x03b0e333) rem     t1, ra, s11
core   0: 3 0x80007960 (0x03b0e333) x 6 0x00000002
core   0: 0x80007964 (0x002fd393) srli    t2, t6, 2
core   0: 3 0x80007964 (0x002fd393) x 7 0x3fffffcf
core   0: 0x80007968 (0x0166b533) sltu    a0, a3, s6
core   0: 3 0x80007968 (0x0166b533) x10 0x00000001
core   0: 0x8000796c (0x41688333) sub     t1, a7, s6
core   0: 3 0x8000796c (0x41688333) x 6 0xffffff80
core   0: 0x80007970 (0x03c3f5b3) remu    a1, t2, t3
core   0: 3 0x80007970 (0x03c3f5b3) x11 0x00000064
core   0: 0x80007974 (0xb1c03293) sltiu   t0, zero, -1252
core   0: 3 0x80007974 (0xb1c03293) x 5 0x00000001
core   0: 0x80007978 (0x00000013) nop
core   0: 3 0x80007978 (0x00000013)
core   0: 0x8000797c (0xb37bea93) ori     s5, s7, -1225
core   0: 3 0x8000797c (0xb37bea93) x21 0xfffffb37
core   0: 0x80007980 (0x00101ab3) sll     s5, zero, ra
core   0: 3 0x80007980 (0x00101ab3) x21 0x00000000
core   0: 0x80007984 (0x03a95cb3) divu    s9, s2, s10
core   0: 3 0x80007984 (0x03a95cb3) x25 0x03f03f03
core   0: 0x80007988 (0x02375cb3) divu    s9, a4, gp
core   0: 3 0x80007988 (0x02375cb3) x25 0xffffffff
core   0: 0x8000798c (0x037c3233) mulhu   tp, s8, s7
core   0: 3 0x8000798c (0x037c3233) x 4 0x00000000
core   0: 0x80007990 (0x2ecc9417) auipc   s0, 0x2ecc9
core   0: 3 0x80007990 (0x2ecc9417) x 8 0xaecd0990
core   0: 0x80007994 (0x009d5d13) srli    s10, s10, 9
core   0: 3 0x80007994 (0x009d5d13) x26 0x00000000
core   0: 0x80007998 (0x03a413b7) lui     t2, 0x3a41
core   0: 3 0x80007998 (0x03a413b7) x 7 0x03a41000
core   0: 0x8000799c (0x42746293) ori     t0, s0, 1063
core   0: 3 0x8000799c (0x42746293) x 5 0xaecd0db7
core   0: 0x800079a0 (0x08ef9e37) lui     t3, 0x8ef9
core   0: 3 0x800079a0 (0x08ef9e37) x28 0x08ef9000
core   0: 0x800079a4 (0x0294d433) divu    s0, s1, s1
core   0: 3 0x800079a4 (0x0294d433) x 8 0xffffffff
core   0: 0x800079a8 (0x02d2dcb3) divu    s9, t0, a3
core   0: 3 0x800079a8 (0x02d2dcb3) x25 0xffffffff
core   0: 0x800079ac (0x03406ab3) rem     s5, zero, s4
core   0: 3 0x800079ac (0x03406ab3) x21 0x00000000
core   0: 0x800079b0 (0x030f4e33) div     t3, t5, a6
core   0: 3 0x800079b0 (0x030f4e33) x28 0x00000000
core   0: 0x800079b4 (0x412887b3) sub     a5, a7, s2
core   0: 3 0x800079b4 (0x412887b3) x15 0x00000004
core   0: 0x800079b8 (0x0071ec33) or      s8, gp, t2
core   0: 3 0x800079b8 (0x0071ec33) x24 0x03a41000
core   0: 0x800079bc (0x0151b6b3) sltu    a3, gp, s5
core   0: 3 0x800079bc (0x0151b6b3) x13 0x00000000
core   0: 0x800079c0 (0x61dffb13) andi    s6, t6, 1565
core   0: 3 0x800079c0 (0x61dffb13) x22 0x0000061c
core   0: 0x800079c4 (0x8a463f37) lui     t5, 0x8a463
core   0: 3 0x800079c4 (0x8a463f37) x30 0x8a463000
core   0: 0x800079c8 (0xfc2af017) auipc   zero, 0xfc2af
core   0: 3 0x800079c8 (0xfc2af017)
core   0: 0x800079cc (0xd1c56a13) ori     s4, a0, -740
core   0: 3 0x800079cc (0xd1c56a13) x20 0xfffffd1d
core   0: 0x800079d0 (0x024238b3) mulhu   a7, tp, tp
core   0: 3 0x800079d0 (0x024238b3) x17 0x00000000
core   0: 0x800079d4 (0x0234ba33) mulhu   s4, s1, gp
core   0: 3 0x800079d4 (0x0234ba33) x20 0x00000000
core   0: 0x800079d8 (0x021725b3) mulhsu  a1, a4, ra
core   0: 3 0x800079d8 (0x021725b3) x11 0xfffffd2a
core   0: 0x800079dc (0x02034633) div     a2, t1, zero
core   0: 3 0x800079dc (0x02034633) x12 0xffffffff
core   0: 0x800079e0 (0x02f493b3) mulh    t2, s1, a5
core   0: 3 0x800079e0 (0x02f493b3) x 7 0x00000000
core   0: 0x800079e4 (0x0169b5b3) sltu    a1, s3, s6
core   0: 3 0x800079e4 (0x0169b5b3) x11 0x00000000
core   0: 0x800079e8 (0x67a88d13) addi    s10, a7, 1658
core   0: 3 0x800079e8 (0x67a88d13) x26 0x0000067a
core   0: 0x800079ec (0x035824b3) mulhsu  s1, a6, s5
core   0: 3 0x800079ec (0x035824b3) x 9 0x00000000
core   0: 0x800079f0 (0x0083e233) or      tp, t2, s0
core   0: 3 0x800079f0 (0x0083e233) x 4 0xffffffff
core   0: 0x800079f4 (0x01bde3b3) or      t2, s11, s11
core   0: 3 0x800079f4 (0x01bde3b3) x 7 0x00000007
core   0: 0x800079f8 (0x019c64b3) or      s1, s8, s9
core   0: 3 0x800079f8 (0x019c64b3) x 9 0xffffffff
core   0: 0x800079fc (0x0378b9b3) mulhu   s3, a7, s7
core   0: 3 0x800079fc (0x0378b9b3) x19 0x00000000
core   0: 0x80007a00 (0x0062d233) srl     tp, t0, t1
core   0: 3 0x80007a00 (0x0062d233) x 4 0xaecd0db7
core   0: 0x80007a04 (0x038a9533) mulh    a0, s5, s8
core   0: 3 0x80007a04 (0x038a9533) x10 0x00000000
core   0: 0x80007a08 (0x03931133) mulh    sp, t1, s9
core   0: 3 0x80007a08 (0x03931133) x 2 0x00000000
core   0: 0x80007a0c (0xa14b7e93) andi    t4, s6, -1516
core   0: 3 0x80007a0c (0xa14b7e93) x29 0x00000214
core   0: 0x80007a10 (0x022253b3) divu    t2, tp, sp
core   0: 3 0x80007a10 (0x022253b3) x 7 0xffffffff
core   0: 0x80007a14 (0x014c9e33) sll     t3, s9, s4
core   0: 3 0x80007a14 (0x014c9e33) x28 0xffffffff
core   0: 0x80007a18 (0x030a5133) divu    sp, s4, a6
core   0: 3 0x80007a18 (0x030a5133) x 2 0x00000000
core   0: 0x80007a1c (0x00000013) nop
core   0: 3 0x80007a1c (0x00000013)
core   0: 0x80007a20 (0x00cc5533) srl     a0, s8, a2
core   0: 3 0x80007a20 (0x00cc5533) x10 0x00000000
core   0: 0x80007a24 (0x006dea33) or      s4, s11, t1
core   0: 3 0x80007a24 (0x006dea33) x20 0xffffff87
core   0: 0x80007a28 (0x41488fb3) sub     t6, a7, s4
core   0: 3 0x80007a28 (0x41488fb3) x31 0x00000079
core   0: 0x80007a2c (0x01a29b13) slli    s6, t0, 26
core   0: 3 0x80007a2c (0x01a29b13) x22 0xdc000000
core   0: 0x80007a30 (0x00525c33) srl     s8, tp, t0
core   0: 3 0x80007a30 (0x00525c33) x24 0x0000015d
core   0: 0x80007a34 (0x00f99613) slli    a2, s3, 15
core   0: 3 0x80007a34 (0x00f99613) x12 0x00000000
core   0: 0x80007a38 (0x0322f433) remu    s0, t0, s2
core   0: 3 0x80007a38 (0x0322f433) x 8 0xaecd0db7
core   0: 0x80007a3c (0x001f7633) and     a2, t5, ra
core   0: 3 0x80007a3c (0x001f7633) x12 0x00000000
core   0: 0x80007a40 (0x1049dc17) auipc   s8, 0x1049d
core   0: 3 0x80007a40 (0x1049dc17) x24 0x904a4a40
core   0: 0x80007a44 (0x018837b3) sltu    a5, a6, s8
core   0: 3 0x80007a44 (0x018837b3) x15 0x00000001
core   0: 0x80007a48 (0x00ba1c13) slli    s8, s4, 11
core   0: 3 0x80007a48 (0x00ba1c13) x24 0xfffc3800
core   0: 0x80007a4c (0x02ab16b3) mulh    a3, s6, a0
core   0: 3 0x80007a4c (0x02ab16b3) x13 0x00000000
core   0: 0x80007a50 (0x39f84a93) xori    s5, a6, 927
core   0: 3 0x80007a50 (0x39f84a93) x21 0x80014dfb
core   0: 0x80007a54 (0x01351e93) slli    t4, a0, 19
core   0: 3 0x80007a54 (0x01351e93) x29 0x00000000
core   0: 0x80007a58 (0x236ebe13) sltiu   t3, t4, 566
core   0: 3 0x80007a58 (0x236ebe13) x28 0x00000001
core   0: 0x80007a5c (0xc9c64c13) xori    s8, a2, -868
core   0: 3 0x80007a5c (0xc9c64c13) x24 0xfffffc9c
core   0: 0x80007a60 (0x0098b933) sltu    s2, a7, s1
core   0: 3 0x80007a60 (0x0098b933) x18 0x00000001
core   0: 0x80007a64 (0x40eb4313) xori    t1, s6, 1038
core   0: 3 0x80007a64 (0x40eb4313) x 6 0xdc00040e
core   0: 0x80007a68 (0x00000013) nop
core   0: 3 0x80007a68 (0x00000013)
core   0: 0x80007a6c (0x02d46b33) rem     s6, s0, a3
core   0: 3 0x80007a6c (0x02d46b33) x22 0xaecd0db7
core   0: 0x80007a70 (0xe0a66513) ori     a0, a2, -502
core   0: 3 0x80007a70 (0xe0a66513) x10 0xfffffe0a
core   0: 0x80007a74 (0x00cb1793) slli    a5, s6, 12
core   0: 3 0x80007a74 (0x00cb1793) x15 0xd0db7000
core   0: 0x80007a78 (0x0142ed33) or      s10, t0, s4
core   0: 3 0x80007a78 (0x0142ed33) x26 0xffffffb7
core   0: 0x80007a7c (0x0118e133) or      sp, a7, a7
core   0: 3 0x80007a7c (0x0118e133) x 2 0x00000000
core   0: 0x80007a80 (0x0242efb3) rem     t6, t0, tp
core   0: 3 0x80007a80 (0x0242efb3) x31 0x00000000
core   0: 0x80007a84 (0xaacf6a13) ori     s4, t5, -1364
core   0: 3 0x80007a84 (0xaacf6a13) x20 0xfffffaac
core   0: 0x80007a88 (0x904efa93) andi    s5, t4, -1788
core   0: 3 0x80007a88 (0x904efa93) x21 0x00000000
core   0: 0x80007a8c (0xcca5a413) slti    s0, a1, -822
core   0: 3 0x80007a8c (0xcca5a413) x 8 0x00000000
core   0: 0x80007a90 (0x01d0f7b3) and     a5, ra, t4
core   0: 3 0x80007a90 (0x01d0f7b3) x15 0x00000000
core   0: 0x80007a94 (0x00a1dd13) srli    s10, gp, 10
core   0: 3 0x80007a94 (0x00a1dd13) x26 0x00000000
core   0: 0x80007a98 (0x016b8ab3) add     s5, s7, s6
core   0: 3 0x80007a98 (0x016b8ab3) x21 0xaecd0db8
core   0: 0x80007a9c (0x0230bcb3) mulhu   s9, ra, gp
core   0: 3 0x80007a9c (0x0230bcb3) x25 0x00000000
core   0: 0x80007aa0 (0xa9217517) auipc   a0, 0xa9217
core   0: 3 0x80007aa0 (0xa9217517) x10 0x2921eaa0
core   0: 0x80007aa4 (0x034e1eb3) mulh    t4, t3, s4
core   0: 3 0x80007aa4 (0x034e1eb3) x29 0xffffffff
core   0: 0x80007aa8 (0x40068e33) sub     t3, a3, zero
core   0: 3 0x80007aa8 (0x40068e33) x28 0x00000000
core   0: 0x80007aac (0x02a5cab3) div     s5, a1, a0
core   0: 3 0x80007aac (0x02a5cab3) x21 0x00000000
core   0: 0x80007ab0 (0xaec53f13) sltiu   t5, a0, -1300
core   0: 3 0x80007ab0 (0xaec53f13) x30 0x00000001
core   0: 0x80007ab4 (0x01855493) srli    s1, a0, 24
core   0: 3 0x80007ab4 (0x01855493) x 9 0x00000029
core   0: 0x80007ab8 (0xb85910b7) lui     ra, 0xb8591
core   0: 3 0x80007ab8 (0xb85910b7) x 1 0xb8591000
core   0: 0x80007abc (0x41e2d213) srai    tp, t0, 30
core   0: 3 0x80007abc (0x41e2d213) x 4 0xfffffffe
core   0: 0x80007ac0 (0x034830b3) mulhu   ra, a6, s4
core   0: 3 0x80007ac0 (0x034830b3) x 1 0x80014bb9
core   0: 0x80007ac4 (0x033fea33) rem     s4, t6, s3
core   0: 3 0x80007ac4 (0x033fea33) x20 0x00000000
core   0: 0x80007ac8 (0x02bdad33) mulhsu  s10, s11, a1
core   0: 3 0x80007ac8 (0x02bdad33) x26 0x00000000
core   0: 0x80007acc (0x02187f33) remu    t5, a6, ra
core   0: 3 0x80007acc (0x02187f33) x30 0x000002ab
core   0: 0x80007ad0 (0x012ecf33) xor     t5, t4, s2
core   0: 3 0x80007ad0 (0x012ecf33) x30 0xfffffffe
core   0: 0x80007ad4 (0x3747b893) sltiu   a7, a5, 884
core   0: 3 0x80007ad4 (0x3747b893) x17 0x00000001
core   0: 0x80007ad8 (0x01099133) sll     sp, s3, a6
core   0: 3 0x80007ad8 (0x01099133) x 2 0x00000000
core   0: 0x80007adc (0x4016dd33) sra     s10, a3, ra
core   0: 3 0x80007adc (0x4016dd33) x26 0x00000000
core   0: 0x80007ae0 (0xea4b7093) andi    ra, s6, -348
core   0: 3 0x80007ae0 (0xea4b7093) x 1 0xaecd0ca4
core   0: 0x80007ae4 (0x00881433) sll     s0, a6, s0
core   0: 3 0x80007ae4 (0x00881433) x 8 0x80014e64
core   0: 0x80007ae8 (0x0031d793) srli    a5, gp, 3
core   0: 3 0x80007ae8 (0x0031d793) x15 0x00000000
core   0: 0x80007aec (0x024134b3) mulhu   s1, sp, tp
core   0: 3 0x80007aec (0x024134b3) x 9 0x00000000
core   0: 0x80007af0 (0x12f25897) auipc   a7, 0x12f25
core   0: 3 0x80007af0 (0x12f25897) x17 0x92f2caf0
core   0: 0x80007af4 (0x216fff93) andi    t6, t6, 534
core   0: 3 0x80007af4 (0x216fff93) x31 0x00000000
core   0: 0x80007af8 (0x03e73233) mulhu   tp, a4, t5
core   0: 3 0x80007af8 (0x03e73233) x 4 0x80018ce2
core   0: 0x80007afc (0x3cd03b93) sltiu   s7, zero, 973
core   0: 3 0x80007afc (0x3cd03b93) x23 0x00000001
core   0: 0x80007b00 (0x03004ab3) div     s5, zero, a6
core   0: 3 0x80007b00 (0x03004ab3) x21 0x00000000
core   0: 0x80007b04 (0x00e233b3) sltu    t2, tp, a4
core   0: 3 0x80007b04 (0x00e233b3) x 7 0x00000001
core   0: 0x80007b08 (0x030bd233) divu    tp, s7, a6
core   0: 3 0x80007b08 (0x030bd233) x 4 0x00000000
core   0: 0x80007b0c (0x20fb6e93) ori     t4, s6, 527
core   0: 3 0x80007b0c (0x20fb6e93) x29 0xaecd0fbf
core   0: 0x80007b10 (0x25486793) ori     a5, a6, 596
core   0: 3 0x80007b10 (0x25486793) x15 0x80014e74
core   0: 0x80007b14 (0x527496b7) lui     a3, 0x52749
core   0: 3 0x80007b14 (0x527496b7) x13 0x52749000
core   0: 0x80007b18 (0x024ae133) rem     sp, s5, tp
core   0: 3 0x80007b18 (0x024ae133) x 2 0x00000000
core   0: 0x80007b1c (0x038bf133) remu    sp, s7, s8
core   0: 3 0x80007b1c (0x038bf133) x 2 0x00000001
core   0: 0x80007b20 (0x033a70b3) remu    ra, s4, s3
core   0: 3 0x80007b20 (0x033a70b3) x 1 0x00000000
core   0: 0x80007b24 (0xf808ba13) sltiu   s4, a7, -128
core   0: 3 0x80007b24 (0xf808ba13) x20 0x00000001
core   0: 0x80007b28 (0x02442fb3) mulhsu  t6, s0, tp
core   0: 3 0x80007b28 (0x02442fb3) x31 0x00000000
core   0: 0x80007b2c (0x4063d1b3) sra     gp, t2, t1
core   0: 3 0x80007b2c (0x4063d1b3) x 3 0x00000000
core   0: 0x80007b30 (0x018e5293) srli    t0, t3, 24
core   0: 3 0x80007b30 (0x018e5293) x 5 0x00000000
core   0: 0x80007b34 (0x405cdab3) sra     s5, s9, t0
core   0: 3 0x80007b34 (0x405cdab3) x21 0x00000000
core   0: 0x80007b38 (0x022d8eb3) mul     t4, s11, sp
core   0: 3 0x80007b38 (0x022d8eb3) x29 0x00000007
core   0: 0x80007b3c (0x02d1a233) mulhsu  tp, gp, a3
core   0: 3 0x80007b3c (0x02d1a233) x 4 0x00000000
core   0: 0x80007b40 (0x035c3633) mulhu   a2, s8, s5
core   0: 3 0x80007b40 (0x035c3633) x12 0x00000000
core   0: 0x80007b44 (0x00000013) nop
core   0: 3 0x80007b44 (0x00000013)
core   0: 0x80007b48 (0x001b50b3) srl     ra, s6, ra
core   0: 3 0x80007b48 (0x001b50b3) x 1 0xaecd0db7
core   0: 0x80007b4c (0x0300f0b3) remu    ra, ra, a6
core   0: 3 0x80007b4c (0x0300f0b3) x 1 0x2ecbbf53
core   0: 0x80007b50 (0x01fd5313) srli    t1, s10, 31
core   0: 3 0x80007b50 (0x01fd5313) x 6 0x00000000
core   0: 0x80007b54 (0x022f34b3) mulhu   s1, t5, sp
core   0: 3 0x80007b54 (0x022f34b3) x 9 0x00000000
core   0: 0x80007b58 (0x007f0b33) add     s6, t5, t2
core   0: 3 0x80007b58 (0x007f0b33) x22 0xffffffff
core   0: 0x80007b5c (0x74b86d17) auipc   s10, 0x74b86
core   0: 3 0x80007b5c (0x74b86d17) x26 0xf4b8db5c
core   0: 0x80007b60 (0x0160dbb3) srl     s7, ra, s6
core   0: 3 0x80007b60 (0x0160dbb3) x23 0x00000000
core   0: 0x80007b64 (0x03113f33) mulhu   t5, sp, a7
core   0: 3 0x80007b64 (0x03113f33) x30 0x00000000
core   0: 0x80007b68 (0x0072a633) slt     a2, t0, t2
core   0: 3 0x80007b68 (0x0072a633) x12 0x00000001
core   0: 0x80007b6c (0xd5282f93) slti    t6, a6, -686
core   0: 3 0x80007b6c (0xd5282f93) x31 0x00000001
core   0: 0x80007b70 (0x01b00033) add     zero, zero, s11
core   0: 3 0x80007b70 (0x01b00033)
core   0: 0x80007b74 (0xc4d93b13) sltiu   s6, s2, -947
core   0: 3 0x80007b74 (0xc4d93b13) x22 0x00000001
core   0: 0x80007b78 (0x00105b93) srli    s7, zero, 1
core   0: 3 0x80007b78 (0x00105b93) x23 0x00000000
core   0: 0x80007b7c (0x0326ccb3) div     s9, a3, s2
core   0: 3 0x80007b7c (0x0326ccb3) x25 0x52749000
core   0: 0x80007b80 (0xf99e8d13) addi    s10, t4, -103
core   0: 3 0x80007b80 (0xf99e8d13) x26 0xffffffa0
core   0: 0x80007b84 (0x002dceb3) xor     t4, s11, sp
core   0: 3 0x80007b84 (0x002dceb3) x29 0x00000006
core   0: 0x80007b88 (0x41a70fb3) sub     t6, a4, s10
core   0: 3 0x80007b88 (0x41a70fb3) x31 0x80018d44
core   0: 0x80007b8c (0x0382c333) div     t1, t0, s8
core   0: 3 0x80007b8c (0x0382c333) x 6 0x00000000
core   0: 0x80007b90 (0x00000013) nop
core   0: 3 0x80007b90 (0x00000013)
core   0: 0x80007b94 (0x00d804b3) add     s1, a6, a3
core   0: 3 0x80007b94 (0x00d804b3) x 9 0xd275de64
core   0: 0x80007b98 (0x373bd217) auipc   tp, 0x373bd
core   0: 3 0x80007b98 (0x373bd217) x 4 0xb73c4b98
core   0: 0x80007b9c (0x401f5013) srai    zero, t5, 1
core   0: 3 0x80007b9c (0x401f5013)
core   0: 0x80007ba0 (0x41c106b3) sub     a3, sp, t3
core   0: 3 0x80007ba0 (0x41c106b3) x13 0x00000001
core   0: 0x80007ba4 (0x00aca5b3) slt     a1, s9, a0
core   0: 3 0x80007ba4 (0x00aca5b3) x11 0x00000000
core   0: 0x80007ba8 (0x024568b3) rem     a7, a0, tp
core   0: 3 0x80007ba8 (0x024568b3) x17 0x2921eaa0
core   0: 0x80007bac (0x00163d33) sltu    s10, a2, ra
core   0: 3 0x80007bac (0x00163d33) x26 0x00000001
core   0: 0x80007bb0 (0x023edd33) divu    s10, t4, gp
core   0: 3 0x80007bb0 (0x023edd33) x26 0xffffffff
core   0: 0x80007bb4 (0x004d39b3) sltu    s3, s10, tp
core   0: 3 0x80007bb4 (0x004d39b3) x19 0x00000000
core   0: 0x80007bb8 (0x5b4eaf17) auipc   t5, 0x5b4ea
core   0: 3 0x80007bb8 (0x5b4eaf17) x30 0xdb4f1bb8
core   0: 0x80007bbc (0x012bd693) srli    a3, s7, 18
core   0: 3 0x80007bbc (0x012bd693) x13 0x00000000
core   0: 0x80007bc0 (0x02951c33) mulh    s8, a0, s1
core   0: 3 0x80007bc0 (0x02951c33) x24 0xf8aed812
core   0: 0x80007bc4 (0x026da3b3) mulhsu  t2, s11, t1
core   0: 3 0x80007bc4 (0x026da3b3) x 7 0x00000000
core   0: 0x80007bc8 (0x0024ef33) or      t5, s1, sp
core   0: 3 0x80007bc8 (0x0024ef33) x30 0xd275de65
core   0: 0x80007bcc (0x01340e33) add     t3, s0, s3
core   0: 3 0x80007bcc (0x01340e33) x28 0x80014e64
core   0: 0x80007bd0 (0x003c18b3) sll     a7, s8, gp
core   0: 3 0x80007bd0 (0x003c18b3) x17 0xf8aed812
core   0: 0x80007bd4 (0x8002c497) auipc   s1, 0x8002c
core   0: 3 0x80007bd4 (0x8002c497) x 9 0x00033bd4
core   0: 0x80007bd8 (0x406b8633) sub     a2, s7, t1
core   0: 3 0x80007bd8 (0x406b8633) x12 0x00000000
core   0: 0x80007bdc (0x010fca33) xor     s4, t6, a6
core   0: 3 0x80007bdc (0x010fca33) x20 0x0000c320
core   0: 0x80007be0 (0x00cf5d33) srl     s10, t5, a2
core   0: 3 0x80007be0 (0x00cf5d33) x26 0xd275de65
core   0: 0x80007be4 (0x6ffb6193) ori     gp, s6, 1791
core   0: 3 0x80007be4 (0x6ffb6193) x 3 0x000006ff
core   0: 0x80007be8 (0x031bd133) divu    sp, s7, a7
core   0: 3 0x80007be8 (0x031bd133) x 2 0x00000000
core   0: 0x80007bec (0x023ad7b3) divu    a5, s5, gp
core   0: 3 0x80007bec (0x023ad7b3) x15 0x00000000
core   0: 0x80007bf0 (0xe45f6213) ori     tp, t5, -443
core   0: 3 0x80007bf0 (0xe45f6213) x 4 0xfffffe65
core   0: 0x80007bf4 (0x40045793) srai    a5, s0, 0
core   0: 3 0x80007bf4 (0x40045793) x15 0x80014e64
core   0: 0x80007bf8 (0x019442b3) xor     t0, s0, s9
core   0: 3 0x80007bf8 (0x019442b3) x 5 0xd275de64
core   0: 0x80007bfc (0x02325033) divu    zero, tp, gp
core   0: 3 0x80007bfc (0x02325033)
core   0: 0x80007c00 (0x40bc86b3) sub     a3, s9, a1
core   0: 3 0x80007c00 (0x40bc86b3) x13 0x52749000
core   0: 0x80007c04 (0x022a9d33) mulh    s10, s5, sp
core   0: 3 0x80007c04 (0x022a9d33) x26 0x00000000
core   0: 0x80007c08 (0x007be1b3) or      gp, s7, t2
core   0: 3 0x80007c08 (0x007be1b3) x 3 0x00000000
core   0: 0x80007c0c (0x018805b3) add     a1, a6, s8
core   0: 3 0x80007c0c (0x018805b3) x11 0x78b02676
core   0: 0x80007c10 (0x022e2333) mulhsu  t1, t3, sp
core   0: 3 0x80007c10 (0x022e2333) x 6 0x00000000
core   0: 0x80007c14 (0x40815f93) srai    t6, sp, 8
core   0: 3 0x80007c14 (0x40815f93) x31 0x00000000
core   0: 0x80007c18 (0x02e877b3) remu    a5, a6, a4
core   0: 3 0x80007c18 (0x02e877b3) x15 0x80014e64
core   0: 0x80007c1c (0xf11e2693) slti    a3, t3, -239
core   0: 3 0x80007c1c (0xf11e2693) x13 0x00000001
core   0: 0x80007c20 (0x01b33233) sltu    tp, t1, s11
core   0: 3 0x80007c20 (0x01b33233) x 4 0x00000001
core   0: 0x80007c24 (0x00554f33) xor     t5, a0, t0
core   0: 3 0x80007c24 (0x00554f33) x30 0xfb5434c4
core   0: 0x80007c28 (0x00000013) nop
core   0: 3 0x80007c28 (0x00000013)
core   0: 0x80007c2c (0x005f3533) sltu    a0, t5, t0
core   0: 3 0x80007c2c (0x005f3533) x10 0x00000000
core   0: 0x80007c30 (0x02ec7933) remu    s2, s8, a4
core   0: 3 0x80007c30 (0x02ec7933) x18 0x78ad4b2e
core   0: 0x80007c34 (0x02a1c633) div     a2, gp, a0
core   0: 3 0x80007c34 (0x02a1c633) x12 0xffffffff
core   0: 0x80007c38 (0x01ce62b3) or      t0, t3, t3
core   0: 3 0x80007c38 (0x01ce62b3) x 5 0x80014e64
core   0: 0x80007c3c (0x00dc1333) sll     t1, s8, a3
core   0: 3 0x80007c3c (0x00dc1333) x 6 0xf15db024
core   0: 0x80007c40 (0x88f7ec13) ori     s8, a5, -1905
core   0: 3 0x80007c40 (0x88f7ec13) x24 0xfffffeef
core   0: 0x80007c44 (0x0115d513) srli    a0, a1, 17
core   0: 3 0x80007c44 (0x0115d513) x10 0x00003c58
core   0: 0x80007c48 (0x29eec513) xori    a0, t4, 670
core   0: 3 0x80007c48 (0x29eec513) x10 0x00000298
core   0: 0x80007c4c (0x00339a13) slli    s4, t2, 3
core   0: 3 0x80007c4c (0x00339a13) x20 0x00000000
core   0: 0x80007c50 (0x411e58b3) sra     a7, t3, a7
core   0: 3 0x80007c50 (0x411e58b3) x17 0xffffe000
core   0: 0x80007c54 (0x016ac8b3) xor     a7, s5, s6
core   0: 3 0x80007c54 (0x016ac8b3) x17 0x00000001
core   0: 0x80007c58 (0x342acc93) xori    s9, s5, 834
core   0: 3 0x80007c58 (0x342acc93) x25 0x00000342
core   0: 0x80007c5c (0x0239c6b3) div     a3, s3, gp
core   0: 3 0x80007c5c (0x0239c6b3) x13 0xffffffff
core   0: 0x80007c60 (0x02685c33) divu    s8, a6, t1
core   0: 3 0x80007c60 (0x02685c33) x24 0x00000000
core   0: 0x80007c64 (0x0078e533) or      a0, a7, t2
core   0: 3 0x80007c64 (0x0078e533) x10 0x00000001
core   0: 0x80007c68 (0xe6c54a17) auipc   s4, 0xe6c54
core   0: 3 0x80007c68 (0xe6c54a17) x20 0x66c5bc68
core   0: 0x80007c6c (0x02ac84b3) mul     s1, s9, a0
core   0: 3 0x80007c6c (0x02ac84b3) x 9 0x00000342
core   0: 0x80007c70 (0xbc788013) addi    zero, a7, -1081
core   0: 3 0x80007c70 (0xbc788013)
core   0: 0x80007c74 (0x02e7a1b3) mulhsu  gp, a5, a4
core   0: 3 0x80007c74 (0x02e7a1b3) x 3 0xbfffe0c2
core   0: 0x80007c78 (0x40f95893) srai    a7, s2, 15
core   0: 3 0x80007c78 (0x40f95893) x17 0x0000f15a
core   0: 0x80007c7c (0x41b006b3) sub     a3, zero, s11
core   0: 3 0x80007c7c (0x41b006b3) x13 0xfffffff9
core   0: 0x80007c80 (0x026ad9b3) divu    s3, s5, t1
core   0: 3 0x80007c80 (0x026ad9b3) x19 0x00000000
core   0: 0x80007c84 (0x410d00b3) sub     ra, s10, a6
core   0: 3 0x80007c84 (0x410d00b3) x 1 0x7ffeb19c
core   0: 0x80007c88 (0x001e1a33) sll     s4, t3, ra
core   0: 3 0x80007c88 (0x001e1a33) x20 0x40000000
core   0: 0x80007c8c (0x02538c33) mul     s8, t2, t0
core   0: 3 0x80007c8c (0x02538c33) x24 0x00000000
core   0: 0x80007c90 (0xec7eb437) lui     s0, 0xec7eb
core   0: 3 0x80007c90 (0xec7eb437) x 8 0xec7eb000
core   0: 0x80007c94 (0x02b04133) div     sp, zero, a1
core   0: 3 0x80007c94 (0x02b04133) x 2 0x00000000
core   0: 0x80007c98 (0x00fd45b3) xor     a1, s10, a5
core   0: 3 0x80007c98 (0x00fd45b3) x11 0x80014e64
core   0: 0x80007c9c (0x011ca633) slt     a2, s9, a7
core   0: 3 0x80007c9c (0x011ca633) x12 0x00000001
core   0: 0x80007ca0 (0x0166a033) slt     zero, a3, s6
core   0: 3 0x80007ca0 (0x0166a033)
core   0: 0x80007ca4 (0x00c35913) srli    s2, t1, 12
core   0: 3 0x80007ca4 (0x00c35913) x18 0x000f15db
core   0: 0x80007ca8 (0x41240fb3) sub     t6, s0, s2
core   0: 3 0x80007ca8 (0x41240fb3) x31 0xec6f9a25
core   0: 0x80007cac (0x00000013) nop
core   0: 3 0x80007cac (0x00000013)
core   0: 0x80007cb0 (0x013307b3) add     a5, t1, s3
core   0: 3 0x80007cb0 (0x013307b3) x15 0xf15db024
core   0: 0x80007cb4 (0x184b7913) andi    s2, s6, 388
core   0: 3 0x80007cb4 (0x184b7913) x18 0x00000000
core   0: 0x80007cb8 (0x00b90d33) add     s10, s2, a1
core   0: 3 0x80007cb8 (0x00b90d33) x26 0x80014e64
core   0: 0x80007cbc (0x03b703b3) mul     t2, a4, s11
core   0: 3 0x80007cbc (0x03b703b3) x 7 0x800ada3c
core   0: 0x80007cc0 (0x00a33d33) sltu    s10, t1, a0
core   0: 3 0x80007cc0 (0x00a33d33) x26 0x00000000
core   0: 0x80007cc4 (0x00621b33) sll     s6, tp, t1
core   0: 3 0x80007cc4 (0x00621b33) x22 0x00000010
core   0: 0x80007cc8 (0x00000013) nop
core   0: 3 0x80007cc8 (0x00000013)
core   0: 0x80007ccc (0x96486393) ori     t2, a6, -1692
core   0: 3 0x80007ccc (0x96486393) x 7 0xffffff64
core   0: 0x80007cd0 (0x00916a33) or      s4, sp, s1
core   0: 3 0x80007cd0 (0x00916a33) x20 0x00000342
core   0: 0x80007cd4 (0x1ee7ba13) sltiu   s4, a5, 494
core   0: 3 0x80007cd4 (0x1ee7ba13) x20 0x00000000
core   0: 0x80007cd8 (0x00000013) nop
core   0: 3 0x80007cd8 (0x00000013)
core   0: 0x80007cdc (0x0088df13) srli    t5, a7, 8
core   0: 3 0x80007cdc (0x0088df13) x30 0x000000f1
core   0: 0x80007ce0 (0x01febcb3) sltu    s9, t4, t6
core   0: 3 0x80007ce0 (0x01febcb3) x25 0x00000001
core   0: 0x80007ce4 (0x02a81633) mulh    a2, a6, a0
core   0: 3 0x80007ce4 (0x02a81633) x12 0xffffffff
core   0: 0x80007ce8 (0x6ab93c37) lui     s8, 0x6ab93
core   0: 3 0x80007ce8 (0x6ab93c37) x24 0x6ab93000
core   0: 0x80007cec (0x40050bb3) sub     s7, a0, zero
core   0: 3 0x80007cec (0x40050bb3) x23 0x00000001
core   0: 0x80007cf0 (0xe6722313) slti    t1, tp, -409
core   0: 3 0x80007cf0 (0xe6722313) x 6 0x00000000
core   0: 0x80007cf4 (0x0047d993) srli    s3, a5, 4
core   0: 3 0x80007cf4 (0x0047d993) x19 0x0f15db02
core   0: 0x80007cf8 (0x0349a1b3) mulhsu  gp, s3, s4
core   0: 3 0x80007cf8 (0x0349a1b3) x 3 0x00000000
core   0: 0x80007cfc (0x00000013) nop
core   0: 3 0x80007cfc (0x00000013)
core   0: 0x80007d00 (0x97d33f13) sltiu   t5, t1, -1667
core   0: 3 0x80007d00 (0x97d33f13) x30 0x00000001
core   0: 0x80007d04 (0x01b5c2b3) xor     t0, a1, s11
core   0: 3 0x80007d04 (0x01b5c2b3) x 5 0x80014e63
core   0: 0x80007d08 (0x2e4c7913) andi    s2, s8, 740
core   0: 3 0x80007d08 (0x2e4c7913) x18 0x00000000
core   0: 0x80007d0c (0x0116e533) or      a0, a3, a7
core   0: 3 0x80007d0c (0x0116e533) x10 0xfffffffb
core   0: 0x80007d10 (0x0079d2b3) srl     t0, s3, t2
core   0: 3 0x80007d10 (0x0079d2b3) x 5 0x00f15db0
core   0: 0x80007d14 (0x01a2e0b3) or      ra, t0, s10
core   0: 3 0x80007d14 (0x01a2e0b3) x 1 0x00f15db0
core   0: 0x80007d18 (0x00098f33) add     t5, s3, zero
core   0: 3 0x80007d18 (0x00098f33) x30 0x0f15db02
core   0: 0x80007d1c (0x01332f33) slt     t5, t1, s3
core   0: 3 0x80007d1c (0x01332f33) x30 0x00000001
core   0: 0x80007d20 (0x02b80633) mul     a2, a6, a1
core   0: 3 0x80007d20 (0x02b80633) x12 0xb4c91710
core   0: 0x80007d24 (0x0081c533) xor     a0, gp, s0
core   0: 3 0x80007d24 (0x0081c533) x10 0xec7eb000
core   0: 0x80007d28 (0x8ae9b893) sltiu   a7, s3, -1874
core   0: 3 0x80007d28 (0x8ae9b893) x17 0x00000001
core   0: 0x80007d2c (0x4c8d8a13) addi    s4, s11, 1224
core   0: 3 0x80007d2c (0x4c8d8a13) x20 0x000004cf
core   0: 0x80007d30 (0x02457533) remu    a0, a0, tp
core   0: 3 0x80007d30 (0x02457533) x10 0x00000000
core   0: 0x80007d34 (0x00a85913) srli    s2, a6, 10
core   0: 3 0x80007d34 (0x00a85913) x18 0x00200053
core   0: 0x80007d38 (0x019e1c33) sll     s8, t3, s9
core   0: 3 0x80007d38 (0x019e1c33) x24 0x00029cc8
core   0: 0x80007d3c (0x0005f133) and     sp, a1, zero
core   0: 3 0x80007d3c (0x0005f133) x 2 0x00000000
core   0: 0x80007d40 (0x00f81233) sll     tp, a6, a5
core   0: 3 0x80007d40 (0x00f81233) x 4 0x0014e640
core   0: 0x80007d44 (0x029dfa33) remu    s4, s11, s1
core   0: 3 0x80007d44 (0x029dfa33) x20 0x00000007
core   0: 0x80007d48 (0x971b7113) andi    sp, s6, -1679
core   0: 3 0x80007d48 (0x971b7113) x 2 0x00000010
core   0: 0x80007d4c (0x2f46b793) sltiu   a5, a3, 756
core   0: 3 0x80007d4c (0x2f46b793) x15 0x00000000
core   0: 0x80007d50 (0x40dc50b3) sra     ra, s8, a3
core   0: 3 0x80007d50 (0x40dc50b3) x 1 0x00000000
core   0: 0x80007d54 (0x020d6e33) rem     t3, s10, zero
core   0: 3 0x80007d54 (0x020d6e33) x28 0x00000000
core   0: 0x80007d58 (0x00899233) sll     tp, s3, s0
core   0: 3 0x80007d58 (0x00899233) x 4 0x0f15db02
core   0: 0x80007d5c (0x0287f6b3) remu    a3, a5, s0
core   0: 3 0x80007d5c (0x0287f6b3) x13 0x00000000
core   0: 0x80007d60 (0x0270d033) divu    zero, ra, t2
core   0: 3 0x80007d60 (0x0270d033)
core   0: 0x80007d64 (0x03e5e8b3) rem     a7, a1, t5
core   0: 3 0x80007d64 (0x03e5e8b3) x17 0x00000000
core   0: 0x80007d68 (0x025e3c33) mulhu   s8, t3, t0
core   0: 3 0x80007d68 (0x025e3c33) x24 0x00000000
core   0: 0x80007d6c (0xf0698a13) addi    s4, s3, -250
core   0: 3 0x80007d6c (0xf0698a13) x20 0x0f15da08
core   0: 0x80007d70 (0x003c80b3) add     ra, s9, gp
core   0: 3 0x80007d70 (0x003c80b3) x 1 0x00000001
core   0: 0x80007d74 (0x01fb0b33) add     s6, s6, t6
core   0: 3 0x80007d74 (0x01fb0b33) x22 0xec6f9a35
core   0: 0x80007d78 (0x0254f6b3) remu    a3, s1, t0
core   0: 3 0x80007d78 (0x0254f6b3) x13 0x00000342
core   0: 0x80007d7c (0x02082f33) mulhsu  t5, a6, zero
core   0: 3 0x80007d7c (0x02082f33) x30 0x00000000
core   0: 0x80007d80 (0x8ce6cc13) xori    s8, a3, -1842
core   0: 3 0x80007d80 (0x8ce6cc13) x24 0xfffffb8c
core   0: 0x80007d84 (0x4075a893) slti    a7, a1, 1031
core   0: 3 0x80007d84 (0x4075a893) x17 0x00000001
core   0: 0x80007d88 (0x0292cab3) div     s5, t0, s1
core   0: 3 0x80007d88 (0x0292cab3) x21 0x00004a16
core   0: 0x80007d8c (0x41c85993) srai    s3, a6, 28
core   0: 3 0x80007d8c (0x41c85993) x19 0xfffffff8
core   0: 0x80007d90 (0x035c9fb3) mulh    t6, s9, s5
core   0: 3 0x80007d90 (0x035c9fb3) x31 0x00000000
core   0: 0x80007d94 (0x4189d933) sra     s2, s3, s8
core   0: 3 0x80007d94 (0x4189d933) x18 0xffffffff
core   0: 0x80007d98 (0x03db04b3) mul     s1, s6, t4
core   0: 3 0x80007d98 (0x03db04b3) x 9 0x8a9d9d3e
core   0: 0x80007d9c (0x03060133) mul     sp, a2, a6
core   0: 3 0x80007d9c (0x03060133) x 2 0xfaa3e240
core   0: 0x80007da0 (0x16289c17) auipc   s8, 0x16289
core   0: 3 0x80007da0 (0x16289c17) x24 0x96290da0
core   0: 0x80007da4 (0x03ae91b3) mulh    gp, t4, s10
core   0: 3 0x80007da4 (0x03ae91b3) x 3 0x00000000
core   0: 0x80007da8 (0x00590c33) add     s8, s2, t0
core   0: 3 0x80007da8 (0x00590c33) x24 0x00f15daf
core   0: 0x80007dac (0x01362e33) slt     t3, a2, s3
core   0: 3 0x80007dac (0x01362e33) x28 0x00000001
core   0: 0x80007db0 (0x032af9b3) remu    s3, s5, s2
core   0: 3 0x80007db0 (0x032af9b3) x19 0x00004a16
core   0: 0x80007db4 (0x03dad1b3) divu    gp, s5, t4
core   0: 3 0x80007db4 (0x03dad1b3) x 3 0x00000c59
core   0: 0x80007db8 (0x03a97bb3) remu    s7, s2, s10
core   0: 3 0x80007db8 (0x03a97bb3) x23 0xffffffff
core   0: 0x80007dbc (0x0200ff33) remu    t5, ra, zero
core   0: 3 0x80007dbc (0x0200ff33) x30 0x00000001
core   0: 0x80007dc0 (0x2d3f4a37) lui     s4, 0x2d3f4
core   0: 3 0x80007dc0 (0x2d3f4a37) x20 0x2d3f4000
core   0: 0x80007dc4 (0x025d45b3) div     a1, s10, t0
core   0: 3 0x80007dc4 (0x025d45b3) x11 0x00000000
core   0: 0x80007dc8 (0x00169b33) sll     s6, a3, ra
core   0: 3 0x80007dc8 (0x00169b33) x22 0x00000684
core   0: 0x80007dcc (0xae154893) xori    a7, a0, -1311
core   0: 3 0x80007dcc (0xae154893) x17 0xfffffae1
core   0: 0x80007dd0 (0xde502b93) slti    s7, zero, -539
core   0: 3 0x80007dd0 (0xde502b93) x23 0x00000000
core   0: 0x80007dd4 (0x005f1593) slli    a1, t5, 5
core   0: 3 0x80007dd4 (0x005f1593) x11 0x00000020
core   0: 0x80007dd8 (0x01acd933) srl     s2, s9, s10
core   0: 3 0x80007dd8 (0x01acd933) x18 0x00000001
core   0: 0x80007ddc (0x03572533) mulhsu  a0, a4, s5
core   0: 3 0x80007ddc (0x03572533) x10 0xffffdaf5
core   0: 0x80007de0 (0x02420fb3) mul     t6, tp, tp
core   0: 3 0x80007de0 (0x02420fb3) x31 0xe5b06c04
core   0: 0x80007de4 (0x6ab8fe93) andi    t4, a7, 1707
core   0: 3 0x80007de4 (0x6ab8fe93) x29 0x000002a1
core   0: 0x80007de8 (0x01551a33) sll     s4, a0, s5
core   0: 3 0x80007de8 (0x01551a33) x20 0xbd400000
core   0: 0x80007dec (0x6f3896b7) lui     a3, 0x6f389
core   0: 3 0x80007dec (0x6f3896b7) x13 0x6f389000
core   0: 0x80007df0 (0x01468333) add     t1, a3, s4
core   0: 3 0x80007df0 (0x01468333) x 6 0x2c789000
core   0: 0x80007df4 (0x032ad533) divu    a0, s5, s2
core   0: 3 0x80007df4 (0x032ad533) x10 0x00004a16
core   0: 0x80007df8 (0x941d0513) addi    a0, s10, -1727
core   0: 3 0x80007df8 (0x941d0513) x10 0xfffff941
core   0: 0x80007dfc (0x005f63b3) or      t2, t5, t0
core   0: 3 0x80007dfc (0x005f63b3) x 7 0x00f15db1
core   0: 0x80007e00 (0x416d83b3) sub     t2, s11, s6
core   0: 3 0x80007e00 (0x416d83b3) x 7 0xfffff983
core   0: 0x80007e04 (0x08f3f613) andi    a2, t2, 143
core   0: 3 0x80007e04 (0x08f3f613) x12 0x00000083
core   0: 0x80007e08 (0x1af97d13) andi    s10, s2, 431
core   0: 3 0x80007e08 (0x1af97d13) x26 0x00000001
core   0: 0x80007e0c (0xfa9e4cb7) lui     s9, 0xfa9e4
core   0: 3 0x80007e0c (0xfa9e4cb7) x25 0xfa9e4000
core   0: 0x80007e10 (0x028af6b3) remu    a3, s5, s0
core   0: 3 0x80007e10 (0x028af6b3) x13 0x00004a16
core   0: 0x80007e14 (0x00de51b3) srl     gp, t3, a3
core   0: 3 0x80007e14 (0x00de51b3) x 3 0x00000000
core   0: 0x80007e18 (0xdcbf3293) sltiu   t0, t5, -565
core   0: 3 0x80007e18 (0xdcbf3293) x 5 0x00000001
core   0: 0x80007e1c (0x03ac41b3) div     gp, s8, s10
core   0: 3 0x80007e1c (0x03ac41b3) x 3 0x00f15daf
core   0: 0x80007e20 (0x40f6dc93) srai    s9, a3, 15
core   0: 3 0x80007e20 (0x40f6dc93) x25 0x00000000
core   0: 0x80007e24 (0x012c3a33) sltu    s4, s8, s2
core   0: 3 0x80007e24 (0x012c3a33) x20 0x00000000
core   0: 0x80007e28 (0x020efab3) remu    s5, t4, zero
core   0: 3 0x80007e28 (0x020efab3) x21 0x000002a1
core   0: 0x80007e2c (0x0327f5b3) remu    a1, a5, s2
core   0: 3 0x80007e2c (0x0327f5b3) x11 0x00000000
core   0: 0x80007e30 (0x021c8033) mul     zero, s9, ra
core   0: 3 0x80007e30 (0x021c8033)
core   0: 0x80007e34 (0x3d422a17) auipc   s4, 0x3d422
core   0: 3 0x80007e34 (0x3d422a17) x20 0xbd429e34
core   0: 0x80007e38 (0x03c39bb3) mulh    s7, t2, t3
core   0: 3 0x80007e38 (0x03c39bb3) x23 0xffffffff
core   0: 0x80007e3c (0x41798533) sub     a0, s3, s7
core   0: 3 0x80007e3c (0x41798533) x10 0x00004a17
core   0: 0x80007e40 (0x70b76493) ori     s1, a4, 1803
core   0: 3 0x80007e40 (0x70b76493) x 9 0x80018fef
core   0: 0x80007e44 (0x03bd6f33) rem     t5, s10, s11
core   0: 3 0x80007e44 (0x03bd6f33) x30 0x00000001
core   0: 0x80007e48 (0x01fcd8b3) srl     a7, s9, t6
core   0: 3 0x80007e48 (0x01fcd8b3) x17 0x00000000
core   0: 0x80007e4c (0x0395e633) rem     a2, a1, s9
core   0: 3 0x80007e4c (0x0395e633) x12 0x00000000
core   0: 0x80007e50 (0x00bd3b33) sltu    s6, s10, a1
core   0: 3 0x80007e50 (0x00bd3b33) x22 0x00000000
core   0: 0x80007e54 (0x02a01a33) mulh    s4, zero, a0
core   0: 3 0x80007e54 (0x02a01a33) x20 0x00000000
core   0: 0x80007e58 (0x00000013) nop
core   0: 3 0x80007e58 (0x00000013)
core   0: 0x80007e5c (0x03c49133) mulh    sp, s1, t3
core   0: 3 0x80007e5c (0x03c49133) x 2 0xffffffff
core   0: 0x80007e60 (0x01d85333) srl     t1, a6, t4
core   0: 3 0x80007e60 (0x01d85333) x 6 0x4000a732
core   0: 0x80007e64 (0xfafe6993) ori     s3, t3, -81
core   0: 3 0x80007e64 (0xfafe6993) x19 0xffffffaf
core   0: 0x80007e68 (0x00a04fb3) xor     t6, zero, a0
core   0: 3 0x80007e68 (0x00a04fb3) x31 0x00004a17
core   0: 0x80007e6c (0xf6ee9cb7) lui     s9, 0xf6ee9
core   0: 3 0x80007e6c (0xf6ee9cb7) x25 0xf6ee9000
core   0: 0x80007e70 (0xb5d84f93) xori    t6, a6, -1187
core   0: 3 0x80007e70 (0xb5d84f93) x31 0x7ffeb539
core   0: 0x80007e74 (0xa331f313) andi    t1, gp, -1485
core   0: 3 0x80007e74 (0xa331f313) x 6 0x00f15823
core   0: 0x80007e78 (0x9ad99517) auipc   a0, 0x9ad99
core   0: 3 0x80007e78 (0x9ad99517) x10 0x1ada0e78
core   0: 0x80007e7c (0x017676b3) and     a3, a2, s7
core   0: 3 0x80007e7c (0x017676b3) x13 0x00000000
core   0: 0x80007e80 (0x0293fe33) remu    t3, t2, s1
core   0: 3 0x80007e80 (0x0293fe33) x28 0x7ffe6994
core   0: 0x80007e84 (0x022f9333) mulh    t1, t6, sp
core   0: 3 0x80007e84 (0x022f9333) x 6 0xffffffff
core   0: 0x80007e88 (0xd95c3693) sltiu   a3, s8, -619
core   0: 3 0x80007e88 (0xd95c3693) x13 0x00000001
core   0: 0x80007e8c (0x9b26bc93) sltiu   s9, a3, -1614
core   0: 3 0x80007e8c (0x9b26bc93) x25 0x00000001
core   0: 0x80007e90 (0x69ba2613) slti    a2, s4, 1691
core   0: 3 0x80007e90 (0x69ba2613) x12 0x00000001
core   0: 0x80007e94 (0x033505b3) mul     a1, a0, s3
core   0: 3 0x80007e94 (0x033505b3) x11 0x81016c08
core   0: 0x80007e98 (0x013706b3) add     a3, a4, s3
core   0: 3 0x80007e98 (0x013706b3) x13 0x80018c93
core   0: 0x80007e9c (0x03ac3b33) mulhu   s6, s8, s10
core   0: 3 0x80007e9c (0x03ac3b33) x22 0x00000000
core   0: 0x80007ea0 (0x55b8a137) lui     sp, 0x55b8a
core   0: 3 0x80007ea0 (0x55b8a137) x 2 0x55b8a000
core   0: 0x80007ea4 (0xda4ece13) xori    t3, t4, -604
core   0: 3 0x80007ea4 (0xda4ece13) x28 0xffffff05
core   0: 0x80007ea8 (0xa15d3e93) sltiu   t4, s10, -1515
core   0: 3 0x80007ea8 (0xa15d3e93) x29 0x00000001
core   0: 0x80007eac (0x2b914193) xori    gp, sp, 697
core   0: 3 0x80007eac (0x2b914193) x 3 0x55b8a2b9
core   0: 0x80007eb0 (0x00c1a633) slt     a2, gp, a2
core   0: 3 0x80007eb0 (0x00c1a633) x12 0x00000000
core   0: 0x80007eb4 (0x023d4333) div     t1, s10, gp
core   0: 3 0x80007eb4 (0x023d4333) x 6 0x00000000
core   0: 0x80007eb8 (0x4078d5b3) sra     a1, a7, t2
core   0: 3 0x80007eb8 (0x4078d5b3) x11 0x00000000
core   0: 0x80007ebc (0x001875b3) and     a1, a6, ra
core   0: 3 0x80007ebc (0x001875b3) x11 0x00000000
core   0: 0x80007ec0 (0x007b5eb3) srl     t4, s6, t2
core   0: 3 0x80007ec0 (0x007b5eb3) x29 0x00000000
core   0: 0x80007ec4 (0x03d96533) rem     a0, s2, t4
core   0: 3 0x80007ec4 (0x03d96533) x10 0x00000001
core   0: 0x80007ec8 (0x014d4cb3) xor     s9, s10, s4
core   0: 3 0x80007ec8 (0x014d4cb3) x25 0x00000001
core   0: 0x80007ecc (0x003d64b3) or      s1, s10, gp
core   0: 3 0x80007ecc (0x003d64b3) x 9 0x55b8a2b9
core   0: 0x80007ed0 (0x01af5513) srli    a0, t5, 26
core   0: 3 0x80007ed0 (0x01af5513) x10 0x00000000
core   0: 0x80007ed4 (0x02bb86b3) mul     a3, s7, a1
core   0: 3 0x80007ed4 (0x02bb86b3) x13 0x00000000
core   0: 0x80007ed8 (0xba8a0293) addi    t0, s4, -1112
core   0: 3 0x80007ed8 (0xba8a0293) x 5 0xfffffba8
core   0: 0x80007edc (0xd4858413) addi    s0, a1, -696
core   0: 3 0x80007edc (0xd4858413) x 8 0xfffffd48
core   0: 0x80007ee0 (0xc46a0293) addi    t0, s4, -954
core   0: 3 0x80007ee0 (0xc46a0293) x 5 0xfffffc46
core   0: 0x80007ee4 (0x01f4c433) xor     s0, s1, t6
core   0: 3 0x80007ee4 (0x01f4c433) x 8 0x2a461780
core   0: 0x80007ee8 (0xd4a35d37) lui     s10, 0xd4a35
core   0: 3 0x80007ee8 (0xd4a35d37) x26 0xd4a35000
core   0: 0x80007eec (0x408083b3) sub     t2, ra, s0
core   0: 3 0x80007eec (0x408083b3) x 7 0xd5b9e881
core   0: 0x80007ef0 (0x417cdd33) sra     s10, s9, s7
core   0: 3 0x80007ef0 (0x417cdd33) x26 0x00000000
core   0: 0x80007ef4 (0x026510b3) mulh    ra, a0, t1
core   0: 3 0x80007ef4 (0x026510b3) x 1 0x00000000
core   0: 0x80007ef8 (0x02e6b133) mulhu   sp, a3, a4
core   0: 3 0x80007ef8 (0x02e6b133) x 2 0x00000000
core   0: 0x80007efc (0x42090d13) addi    s10, s2, 1056
core   0: 3 0x80007efc (0x42090d13) x26 0x00000421
core   0: 0x80007f00 (0x02e8be33) mulhu   t3, a7, a4
core   0: 3 0x80007f00 (0x02e8be33) x28 0x00000000
core   0: 0x80007f04 (0x9fefae93) slti    t4, t6, -1538
core   0: 3 0x80007f04 (0x9fefae93) x29 0x00000000
core   0: 0x80007f08 (0x008aa333) slt     t1, s5, s0
core   0: 3 0x80007f08 (0x008aa333) x 6 0x00000001
core   0: 0x80007f0c (0xfe298d13) addi    s10, s3, -30
core   0: 3 0x80007f0c (0xfe298d13) x26 0xffffff91
core   0: 0x80007f10 (0xb32e4093) xori    ra, t3, -1230
core   0: 3 0x80007f10 (0xb32e4093) x 1 0xfffffb32
core   0: 0x80007f14 (0x548ce913) ori     s2, s9, 1352
core   0: 3 0x80007f14 (0x548ce913) x18 0x00000549
core   0: 0x80007f18 (0x037c7eb3) remu    t4, s8, s7
core   0: 3 0x80007f18 (0x037c7eb3) x29 0x00f15daf
core   0: 0x80007f1c (0x00b31a33) sll     s4, t1, a1
core   0: 3 0x80007f1c (0x00b31a33) x20 0x00000001
core   0: 0x80007f20 (0x0a5ffa93) andi    s5, t6, 165
core   0: 3 0x80007f20 (0x0a5ffa93) x21 0x00000021
core   0: 0x80007f24 (0x20912997) auipc   s3, 0x20912
core   0: 3 0x80007f24 (0x20912997) x19 0xa0919f24
core   0: 0x80007f28 (0x017d2f33) slt     t5, s10, s7
core   0: 3 0x80007f28 (0x017d2f33) x30 0x00000001
core   0: 0x80007f2c (0x030f9533) mulh    a0, t6, a6
core   0: 3 0x80007f2c (0x030f9533) x10 0xc0014c93
core   0: 0x80007f30 (0x66d99537) lui     a0, 0x66d99
core   0: 3 0x80007f30 (0x66d99537) x10 0x66d99000
core   0: 0x80007f34 (0x0377f6b3) remu    a3, a5, s7
core   0: 3 0x80007f34 (0x0377f6b3) x13 0x00000000
core   0: 0x80007f38 (0x023c6fb3) rem     t6, s8, gp
core   0: 3 0x80007f38 (0x023c6fb3) x31 0x00f15daf
core   0: 0x80007f3c (0x0a0402b7) lui     t0, 0xa040
core   0: 3 0x80007f3c (0x0a0402b7) x 5 0x0a040000
core   0: 0x80007f40 (0x00c08bb3) add     s7, ra, a2
core   0: 3 0x80007f40 (0x00c08bb3) x23 0xfffffb32
core   0: 0x80007f44 (0xbcce5337) lui     t1, 0xbcce5
core   0: 3 0x80007f44 (0xbcce5337) x 6 0xbcce5000
core   0: 0x80007f48 (0x00000013) nop
core   0: 3 0x80007f48 (0x00000013)
core   0: 0x80007f4c (0x005a1113) slli    sp, s4, 5
core   0: 3 0x80007f4c (0x005a1113) x 2 0x00000020
core   0: 0x80007f50 (0x417851b3) sra     gp, a6, s7
core   0: 3 0x80007f50 (0x417851b3) x 3 0xffffe000
core   0: 0x80007f54 (0x02e8c233) div     tp, a7, a4
core   0: 3 0x80007f54 (0x02e8c233) x 4 0x00000000
core   0: 0x80007f58 (0x00ab9413) slli    s0, s7, 10
core   0: 3 0x80007f58 (0x00ab9413) x 8 0xffecc800
core   0: 0x80007f5c (0x02bf43b3) div     t2, t5, a1
core   0: 3 0x80007f5c (0x02bf43b3) x 7 0xffffffff
core   0: 0x80007f60 (0x01891c93) slli    s9, s2, 24
core   0: 3 0x80007f60 (0x01891c93) x25 0x49000000
core   0: 0x80007f64 (0x021e77b3) remu    a5, t3, ra
core   0: 3 0x80007f64 (0x021e77b3) x15 0x00000000
core   0: 0x80007f68 (0x00e3fcb3) and     s9, t2, a4
core   0: 3 0x80007f68 (0x00e3fcb3) x25 0x80018ce4
core   0: 0x80007f6c (0x012ec7b3) xor     a5, t4, s2
core   0: 3 0x80007f6c (0x012ec7b3) x15 0x00f158e6
core   0: 0x80007f70 (0x0366c9b3) div     s3, a3, s6
core   0: 3 0x80007f70 (0x0366c9b3) x19 0xffffffff
core   0: 0x80007f74 (0x293e2693) slti    a3, t3, 659
core   0: 3 0x80007f74 (0x293e2693) x13 0x00000001
core   0: 0x80007f78 (0x4018d9b3) sra     s3, a7, ra
core   0: 3 0x80007f78 (0x4018d9b3) x19 0x00000000
core   0: 0x80007f7c (0x407850b3) sra     ra, a6, t2
core   0: 3 0x80007f7c (0x407850b3) x 1 0xffffffff
core   0: 0x80007f80 (0x014ad033) srl     zero, s5, s4
core   0: 3 0x80007f80 (0x014ad033)
core   0: 0x80007f84 (0x00e020b3) slt     ra, zero, a4
core   0: 3 0x80007f84 (0x00e020b3) x 1 0x00000000
core   0: 0x80007f88 (0x40f4d4b3) sra     s1, s1, a5
core   0: 3 0x80007f88 (0x40f4d4b3) x 9 0x0156e28a
core   0: 0x80007f8c (0x0139d313) srli    t1, s3, 19
core   0: 3 0x80007f8c (0x0139d313) x 6 0x00000000
core   0: 0x80007f90 (0x01679033) sll     zero, a5, s6
core   0: 3 0x80007f90 (0x01679033)
core   0: 0x80007f94 (0x019d1033) sll     zero, s10, s9
core   0: 3 0x80007f94 (0x019d1033)
core   0: 0x80007f98 (0x0256b8b3) mulhu   a7, a3, t0
core   0: 3 0x80007f98 (0x0256b8b3) x17 0x00000000
core   0: 0x80007f9c (0x01085393) srli    t2, a6, 16
core   0: 3 0x80007f9c (0x01085393) x 7 0x00008001
core   0: 0x80007fa0 (0x029c2cb3) mulhsu  s9, s8, s1
core   0: 3 0x80007fa0 (0x029c2cb3) x25 0x00014348
core   0: 0x80007fa4 (0x46273913) sltiu   s2, a4, 1122
core   0: 3 0x80007fa4 (0x46273913) x18 0x00000000
core   0: 0x80007fa8 (0x035088b3) mul     a7, ra, s5
core   0: 3 0x80007fa8 (0x035088b3) x17 0x00000000
core   0: 0x80007fac (0x014c0033) add     zero, s8, s4
core   0: 3 0x80007fac (0x014c0033)
core   0: 0x80007fb0 (0x3fe234b7) lui     s1, 0x3fe23
core   0: 3 0x80007fb0 (0x3fe234b7) x 9 0x3fe23000
core   0: 0x80007fb4 (0x00000013) nop
core   0: 3 0x80007fb4 (0x00000013)
core   0: 0x80007fb8 (0x030d6533) rem     a0, s10, a6
core   0: 3 0x80007fb8 (0x030d6533) x10 0xffffff91
core   0: 0x80007fbc (0x76acb213) sltiu   tp, s9, 1898
core   0: 3 0x80007fbc (0x76acb213) x 4 0x00000000
core   0: 0x80007fc0 (0x406d0f33) sub     t5, s10, t1
core   0: 3 0x80007fc0 (0x406d0f33) x30 0xffffff91
core   0: 0x80007fc4 (0x0003abb3) slt     s7, t2, zero
core   0: 3 0x80007fc4 (0x0003abb3) x23 0x00000000
core   0: 0x80007fc8 (0x4838e213) ori     tp, a7, 1155
core   0: 3 0x80007fc8 (0x4838e213) x 4 0x00000483
core   0: 0x80007fcc (0x00000013) nop
core   0: 3 0x80007fcc (0x00000013)
core   0: 0x80007fd0 (0x5c93a613) slti    a2, t2, 1481
core   0: 3 0x80007fd0 (0x5c93a613) x12 0x00000000
core   0: 0x80007fd4 (0xd0626b93) ori     s7, tp, -762
core   0: 3 0x80007fd4 (0xd0626b93) x23 0xfffffd87
core   0: 0x80007fd8 (0x287446b7) lui     a3, 0x28744
core   0: 3 0x80007fd8 (0x287446b7) x13 0x28744000
core   0: 0x80007fdc (0x024daeb3) mulhsu  t4, s11, tp
core   0: 3 0x80007fdc (0x024daeb3) x29 0x00000000
core   0: 0x80007fe0 (0x3facc317) auipc   t1, 0x3facc
core   0: 3 0x80007fe0 (0x3facc317) x 6 0xbfad3fe0
core   0: 0x80007fe4 (0x02fa1433) mulh    s0, s4, a5
core   0: 3 0x80007fe4 (0x02fa1433) x 8 0x00000000
core   0: 0x80007fe8 (0x01a41ab3) sll     s5, s0, s10
core   0: 3 0x80007fe8 (0x01a41ab3) x21 0x00000000
core   0: 0x80007fec (0x02f87333) remu    t1, a6, a5
core   0: 3 0x80007fec (0x02f87333) x 6 0x00bb6d1a
core   0: 0x80007ff0 (0x0275b333) mulhu   t1, a1, t2
core   0: 3 0x80007ff0 (0x0275b333) x 6 0x00000000
core   0: 0x80007ff4 (0x01309e93) slli    t4, ra, 19
core   0: 3 0x80007ff4 (0x01309e93) x29 0x00000000
core   0: 0x80007ff8 (0x00000013) nop
core   0: 3 0x80007ff8 (0x00000013)
core   0: 0x80007ffc (0x0044f433) and     s0, s1, tp
core   0: 3 0x80007ffc (0x0044f433) x 8 0x00000000
core   0: 0x80008000 (0x00b0bb33) sltu    s6, ra, a1
core   0: 3 0x80008000 (0x00b0bb33) x22 0x00000000
core   0: 0x80008004 (0x033013b3) mulh    t2, zero, s3
core   0: 3 0x80008004 (0x033013b3) x 7 0x00000000
core   0: 0x80008008 (0x54e37237) lui     tp, 0x54e37
core   0: 3 0x80008008 (0x54e37237) x 4 0x54e37000
core   0: 0x8000800c (0x0391a933) mulhsu  s2, gp, s9
core   0: 3 0x8000800c (0x0391a933) x18 0xffffffff
core   0: 0x80008010 (0x8dabe113) ori     sp, s7, -1830
core   0: 3 0x80008010 (0x8dabe113) x 2 0xfffffddf
core   0: 0x80008014 (0x00454133) xor     sp, a0, tp
core   0: 3 0x80008014 (0x00454133) x 2 0xab1c8f91
core   0: 0x80008018 (0x190d8b93) addi    s7, s11, 400
core   0: 3 0x80008018 (0x190d8b93) x23 0x00000197
core   0: 0x8000801c (0x0008c0b3) xor     ra, a7, zero
core   0: 3 0x8000801c (0x0008c0b3) x 1 0x00000000
core   0: 0x80008020 (0x00cb3f33) sltu    t5, s6, a2
core   0: 3 0x80008020 (0x00cb3f33) x30 0x00000000
core   0: 0x80008024 (0x36317fb7) lui     t6, 0x36317
core   0: 3 0x80008024 (0x36317fb7) x31 0x36317000
core   0: 0x80008028 (0x5afc2113) slti    sp, s8, 1455
core   0: 3 0x80008028 (0x5afc2113) x 2 0x00000000
core   0: 0x8000802c (0xceb67a13) andi    s4, a2, -789
core   0: 3 0x8000802c (0xceb67a13) x20 0x00000000
core   0: 0x80008030 (0x31d13313) sltiu   t1, sp, 797
core   0: 3 0x80008030 (0x31d13313) x 6 0x00000001
core   0: 0x80008034 (0x00b90233) add     tp, s2, a1
core   0: 3 0x80008034 (0x00b90233) x 4 0xffffffff
core   0: 0x80008038 (0x41b65e33) sra     t3, a2, s11
core   0: 3 0x80008038 (0x41b65e33) x28 0x00000000
core   0: 0x8000803c (0x56e7c993) xori    s3, a5, 1390
core   0: 3 0x8000803c (0x56e7c993) x19 0x00f15d88
core   0: 0x80008040 (0x02b120b3) mulhsu  ra, sp, a1
core   0: 3 0x80008040 (0x02b120b3) x 1 0x00000000
core   0: 0x80008044 (0x006b02b3) add     t0, s6, t1
core   0: 3 0x80008044 (0x006b02b3) x 5 0x00000001
core   0: 0x80008048 (0x010b74b3) and     s1, s6, a6
core   0: 3 0x80008048 (0x010b74b3) x 9 0x00000000
core   0: 0x8000804c (0x005d4a33) xor     s4, s10, t0
core   0: 3 0x8000804c (0x005d4a33) x20 0xffffff90
core   0: 0x80008050 (0xa16f1f37) lui     t5, 0xa16f1
core   0: 3 0x80008050 (0xa16f1f37) x30 0xa16f1000
core   0: 0x80008054 (0x012e22b3) slt     t0, t3, s2
core   0: 3 0x80008054 (0x012e22b3) x 5 0x00000000
core   0: 0x80008058 (0x00b48cb3) add     s9, s1, a1
core   0: 3 0x80008058 (0x00b48cb3) x25 0x00000000
core   0: 0x8000805c (0x879b0193) addi    gp, s6, -1927
core   0: 3 0x8000805c (0x879b0193) x 3 0xfffff879
core   0: 0x80008060 (0xb8c1cb93) xori    s7, gp, -1140
core   0: 3 0x80008060 (0xb8c1cb93) x23 0x000003f5
core   0: 0x80008064 (0xa52dea13) ori     s4, s11, -1454
core   0: 3 0x80008064 (0xa52dea13) x20 0xfffffa57
core   0: 0x80008068 (0x615c1097) auipc   ra, 0x615c1
core   0: 3 0x80008068 (0x615c1097) x 1 0xe15c9068
core   0: 0x8000806c (0xe62ecf97) auipc   t6, 0xe62ec
core   0: 3 0x8000806c (0xe62ecf97) x31 0x662f406c
core   0: 0x80008070 (0x00f44ab3) xor     s5, s0, a5
core   0: 3 0x80008070 (0x00f44ab3) x21 0x00f158e6
core   0: 0x80008074 (0x0371b1b3) mulhu   gp, gp, s7
core   0: 3 0x80008074 (0x0371b1b3) x 3 0x000003f4
core   0: 0x80008078 (0x02a81033) mulh    zero, a6, a0
core   0: 3 0x80008078 (0x02a81033)
core   0: 0x8000807c (0x5cbfb913) sltiu   s2, t6, 1483
core   0: 3 0x8000807c (0x5cbfb913) x18 0x00000000
core   0: 0x80008080 (0x03d1fb33) remu    s6, gp, t4
core   0: 3 0x80008080 (0x03d1fb33) x22 0x000003f4
core   0: 0x80008084 (0x0037d213) srli    tp, a5, 3
core   0: 3 0x80008084 (0x0037d213) x 4 0x001e2b1c
core   0: 0x80008088 (0x01d49033) sll     zero, s1, t4
core   0: 3 0x80008088 (0x01d49033)
core   0: 0x8000808c (0x00000013) nop
core   0: 3 0x8000808c (0x00000013)
core   0: 0x80008090 (0x036b2e33) mulhsu  t3, s6, s6
core   0: 3 0x80008090 (0x036b2e33) x28 0x00000000
core   0: 0x80008094 (0x01c25a93) srli    s5, tp, 28
core   0: 3 0x80008094 (0x01c25a93) x21 0x00000000
core   0: 0x80008098 (0x5f5ff093) andi    ra, t6, 1525
core   0: 3 0x80008098 (0x5f5ff093) x 1 0x00000064
core   0: 0x8000809c (0x0279ce33) div     t3, s3, t2
core   0: 3 0x8000809c (0x0279ce33) x28 0xffffffff
core   0: 0x800080a0 (0x03e04533) div     a0, zero, t5
core   0: 3 0x800080a0 (0x03e04533) x10 0x00000000
core   0: 0x800080a4 (0x0067dbb3) srl     s7, a5, t1
core   0: 3 0x800080a4 (0x0067dbb3) x23 0x0078ac73
core   0: 0x800080a8 (0x7cf1f193) andi    gp, gp, 1999
core   0: 3 0x800080a8 (0x7cf1f193) x 3 0x000003c4
core   0: 0x800080ac (0xc9df7697) auipc   a3, 0xc9df7
core   0: 3 0x800080ac (0xc9df7697) x13 0x49dff0ac
core   0: 0x800080b0 (0x6680dc17) auipc   s8, 0x6680d
core   0: 3 0x800080b0 (0x6680dc17) x24 0xe68150b0
core   0: 0x800080b4 (0x03106033) rem     zero, zero, a7
core   0: 3 0x800080b4 (0x03106033)
core   0: 0x800080b8 (0x03ee82b3) mul     t0, t4, t5
core   0: 3 0x800080b8 (0x03ee82b3) x 5 0x00000000
core   0: 0x800080bc (0x023ebc33) mulhu   s8, t4, gp
core   0: 3 0x800080bc (0x023ebc33) x24 0x00000000
core   0: 0x800080c0 (0xbc1a0493) addi    s1, s4, -1087
core   0: 3 0x800080c0 (0xbc1a0493) x 9 0xfffff618
core   0: 0x800080c4 (0x00df4533) xor     a0, t5, a3
core   0: 3 0x800080c4 (0x00df4533) x10 0xe8b0e0ac
core   0: 0x800080c8 (0x409f5933) sra     s2, t5, s1
core   0: 3 0x800080c8 (0x409f5933) x18 0xffffffa1
core   0: 0x800080cc (0x031ba333) mulhsu  t1, s7, a7
core   0: 3 0x800080cc (0x031ba333) x 6 0x00000000
core   0: 0x800080d0 (0x02db7d33) remu    s10, s6, a3
core   0: 3 0x800080d0 (0x02db7d33) x26 0x000003f4
core   0: 0x800080d4 (0x408c09b3) sub     s3, s8, s0
core   0: 3 0x800080d4 (0x408c09b3) x19 0x00000000
core   0: 0x800080d8 (0x0104dc33) srl     s8, s1, a6
core   0: 3 0x800080d8 (0x0104dc33) x24 0x0fffff61
core   0: 0x800080dc (0x00a8e1b3) or      gp, a7, a0
core   0: 3 0x800080dc (0x00a8e1b3) x 3 0xe8b0e0ac
core   0: 0x800080e0 (0xc68ce313) ori     t1, s9, -920
core   0: 3 0x800080e0 (0xc68ce313) x 6 0xfffffc68
core   0: 0x800080e4 (0x021e0cb3) mul     s9, t3, ra
core   0: 3 0x800080e4 (0x021e0cb3) x25 0xffffff9c
core   0: 0x800080e8 (0x77ec0b13) addi    s6, s8, 1918
core   0: 3 0x800080e8 (0x77ec0b13) x22 0x100006df
core   0: 0x800080ec (0x006cc1b3) xor     gp, s9, t1
core   0: 3 0x800080ec (0x006cc1b3) x 3 0x000003f4
core   0: 0x800080f0 (0x00c31913) slli    s2, t1, 12
core   0: 3 0x800080f0 (0x00c31913) x18 0xffc68000
core   0: 0x800080f4 (0x0314d4b3) divu    s1, s1, a7
core   0: 3 0x800080f4 (0x0314d4b3) x 9 0xffffffff
core   0: 0x800080f8 (0xb30fec13) ori     s8, t6, -1232
core   0: 3 0x800080f8 (0xb30fec13) x24 0xfffffb7c
core   0: 0x800080fc (0x016b0cb3) add     s9, s6, s6
core   0: 3 0x800080fc (0x016b0cb3) x25 0x20000dbe
core   0: 0x80008100 (0x41d7d313) srai    t1, a5, 29
core   0: 3 0x80008100 (0x41d7d313) x 6 0x00000000
core   0: 0x80008104 (0x02780f33) mul     t5, a6, t2
core   0: 3 0x80008104 (0x02780f33) x30 0x00000000
core   0: 0x80008108 (0x412f5133) sra     sp, t5, s2
core   0: 3 0x80008108 (0x412f5133) x 2 0x00000000
core   0: 0x8000810c (0x40275993) srai    s3, a4, 2
core   0: 3 0x8000810c (0x40275993) x19 0xe0006339
core   0: 0x80008110 (0x71193013) sltiu   zero, s2, 1809
core   0: 3 0x80008110 (0x71193013)
core   0: 0x80008114 (0x02300533) mul     a0, zero, gp
core   0: 3 0x80008114 (0x02300533) x10 0x00000000
core   0: 0x80008118 (0x03b71eb3) mulh    t4, a4, s11
core   0: 3 0x80008118 (0x03b71eb3) x29 0xfffffffc
core   0: 0x8000811c (0x02e52933) mulhsu  s2, a0, a4
core   0: 3 0x8000811c (0x02e52933) x18 0x00000000
core   0: 0x80008120 (0x0069d933) srl     s2, s3, t1
core   0: 3 0x80008120 (0x0069d933) x18 0xe0006339
core   0: 0x80008124 (0x401c54b3) sra     s1, s8, ra
core   0: 3 0x80008124 (0x401c54b3) x 9 0xffffffb7
core   0: 0x80008128 (0x00410533) add     a0, sp, tp
core   0: 3 0x80008128 (0x00410533) x10 0x001e2b1c
core   0: 0x8000812c (0x00000013) nop
core   0: 3 0x8000812c (0x00000013)
core   0: 0x80008130 (0x404957b3) sra     a5, s2, tp
core   0: 3 0x80008130 (0x404957b3) x15 0xfffffffe
core   0: 0x80008134 (0x406ddcb3) sra     s9, s11, t1
core   0: 3 0x80008134 (0x406ddcb3) x25 0x00000007
core   0: 0x80008138 (0x02493133) mulhu   sp, s2, tp
core   0: 3 0x80008138 (0x02493133) x 2 0x001a65c4
core   0: 0x8000813c (0x9afe7213) andi    tp, t3, -1617
core   0: 3 0x8000813c (0x9afe7213) x 4 0xfffff9af
core   0: 0x80008140 (0x03db2033) mulhsu  zero, s6, t4
core   0: 3 0x80008140 (0x03db2033)
core   0: 0x80008144 (0x03b8f933) remu    s2, a7, s11
core   0: 3 0x80008144 (0x03b8f933) x18 0x00000000
core   0: 0x80008148 (0x0333c9b3) div     s3, t2, s3
core   0: 3 0x80008148 (0x0333c9b3) x19 0x00000000
core   0: 0x8000814c (0x03378a33) mul     s4, a5, s3
core   0: 3 0x8000814c (0x03378a33) x20 0x00000000
core   0: 0x80008150 (0x1da8d4b7) lui     s1, 0x1da8d
core   0: 3 0x80008150 (0x1da8d4b7) x 9 0x1da8d000
core   0: 0x80008154 (0x00f40f33) add     t5, s0, a5
core   0: 3 0x80008154 (0x00f40f33) x30 0xfffffffe
core   0: 0x80008158 (0x015287b3) add     a5, t0, s5
core   0: 3 0x80008158 (0x015287b3) x15 0x00000000
core   0: 0x8000815c (0x01bc6c33) or      s8, s8, s11
core   0: 3 0x8000815c (0x01bc6c33) x24 0xfffffb7f
core   0: 0x80008160 (0x03ed1433) mulh    s0, s10, t5
core   0: 3 0x80008160 (0x03ed1433) x 8 0xffffffff
core   0: 0x80008164 (0x01b5afb3) slt     t6, a1, s11
core   0: 3 0x80008164 (0x01b5afb3) x31 0x00000001
core   0: 0x80008168 (0x10395cb7) lui     s9, 0x10395
core   0: 3 0x80008168 (0x10395cb7) x25 0x10395000
core   0: 0x8000816c (0x0264f6b3) remu    a3, s1, t1
core   0: 3 0x8000816c (0x0264f6b3) x13 0x1da8d000
core   0: 0x80008170 (0x01ad29b3) slt     s3, s10, s10
core   0: 3 0x80008170 (0x01ad29b3) x19 0x00000000
core   0: 0x80008174 (0xce0a0f97) auipc   t6, 0xce0a0
core   0: 3 0x80008174 (0xce0a0f97) x31 0x4e0a8174
core   0: 0x80008178 (0x0004c533) xor     a0, s1, zero
core   0: 3 0x80008178 (0x0004c533) x10 0x1da8d000
core   0: 0x8000817c (0x1c3e8893) addi    a7, t4, 451
core   0: 3 0x8000817c (0x1c3e8893) x17 0x000001bf
core   0: 0x80008180 (0x02e104b3) mul     s1, sp, a4
core   0: 3 0x80008180 (0x02e104b3) x 9 0xecedd290
core   0: 0x80008184 (0x40cdd613) srai    a2, s11, 12
core   0: 3 0x80008184 (0x40cdd613) x12 0x00000000
core   0: 0x80008188 (0x66b5b237) lui     tp, 0x66b5b
core   0: 3 0x80008188 (0x66b5b237) x 4 0x66b5b000
core   0: 0x8000818c (0x03f33eb3) mulhu   t4, t1, t6
core   0: 3 0x8000818c (0x03f33eb3) x29 0x00000000
core   0: 0x80008190 (0x0126d293) srli    t0, a3, 18
core   0: 3 0x80008190 (0x0126d293) x 5 0x0000076a
core   0: 0x80008194 (0x0210d633) divu    a2, ra, ra
core   0: 3 0x80008194 (0x0210d633) x12 0x00000001
core   0: 0x80008198 (0x02e0abb3) mulhsu  s7, ra, a4
core   0: 3 0x80008198 (0x02e0abb3) x23 0x00000032
core   0: 0x8000819c (0x00000013) nop
core   0: 3 0x8000819c (0x00000013)
core   0: 0x800081a0 (0x03795633) divu    a2, s2, s7
core   0: 3 0x800081a0 (0x03795633) x12 0x00000000
core   0: 0x800081a4 (0x01ee1433) sll     s0, t3, t5
core   0: 3 0x800081a4 (0x01ee1433) x 8 0xc0000000
core   0: 0x800081a8 (0xfc614313) xori    t1, sp, -58
core   0: 3 0x800081a8 (0xfc614313) x 6 0xffe59a02
core   0: 0x800081ac (0x01ca42b3) xor     t0, s4, t3
core   0: 3 0x800081ac (0x01ca42b3) x 5 0xffffffff
core   0: 0x800081b0 (0x0268efb3) rem     t6, a7, t1
core   0: 3 0x800081b0 (0x0268efb3) x31 0x000001bf
core   0: 0x800081b4 (0x03b6c933) div     s2, a3, s11
core   0: 3 0x800081b4 (0x03b6c933) x18 0x043cb000
core   0: 0x800081b8 (0x004f4a33) xor     s4, t5, tp
core   0: 3 0x800081b8 (0x004f4a33) x20 0x994a4ffe
core   0: 0x800081bc (0x00529913) slli    s2, t0, 5
core   0: 3 0x800081bc (0x00529913) x18 0xffffffe0
core   0: 0x800081c0 (0x00549233) sll     tp, s1, t0
core   0: 3 0x800081c0 (0x00549233) x 4 0x00000000
core   0: 0x800081c4 (0x818cd037) lui     zero, 0x818cd
core   0: 3 0x800081c4 (0x818cd037)
core   0: 0x800081c8 (0x402fd913) srai    s2, t6, 2
core   0: 3 0x800081c8 (0x402fd913) x18 0x0000006f
core   0: 0x800081cc (0x164ab893) sltiu   a7, s5, 356
core   0: 3 0x800081cc (0x164ab893) x17 0x00000001
core   0: 0x800081d0 (0x00000013) nop
core   0: 3 0x800081d0 (0x00000013)
core   0: 0x800081d4 (0x00000013) nop
core   0: 3 0x800081d4 (0x00000013)
core   0: 0x800081d8 (0x00d0bd33) sltu    s10, ra, a3
core   0: 3 0x800081d8 (0x00d0bd33) x26 0x00000001
core   0: 0x800081dc (0x62b5f693) andi    a3, a1, 1579
core   0: 3 0x800081dc (0x62b5f693) x13 0x00000000
core   0: 0x800081e0 (0x0f8cf413) andi    s0, s9, 248
core   0: 3 0x800081e0 (0x0f8cf413) x 8 0x00000000
core   0: 0x800081e4 (0x01b216b3) sll     a3, tp, s11
core   0: 3 0x800081e4 (0x01b216b3) x13 0x00000000
core   0: 0x800081e8 (0x0093f5b3) and     a1, t2, s1
core   0: 3 0x800081e8 (0x0093f5b3) x11 0x00000000
core   0: 0x800081ec (0x41005a33) sra     s4, zero, a6
core   0: 3 0x800081ec (0x41005a33) x20 0x00000000
core   0: 0x800081f0 (0x8b42d937) lui     s2, 0x8b42d
core   0: 3 0x800081f0 (0x8b42d937) x18 0x8b42d000
core   0: 0x800081f4 (0x41a65f13) srai    t5, a2, 26
core   0: 3 0x800081f4 (0x41a65f13) x30 0x00000000
core   0: 0x800081f8 (0xb17fcf37) lui     t5, 0xb17fc
core   0: 3 0x800081f8 (0xb17fcf37) x30 0xb17fc000
core   0: 0x800081fc (0x44f20293) addi    t0, tp, 1103
core   0: 3 0x800081fc (0x44f20293) x 5 0x0000044f
core   0: 0x80008200 (0x008e3cb3) sltu    s9, t3, s0
core   0: 3 0x80008200 (0x008e3cb3) x25 0x00000000
core   0: 0x80008204 (0x02aec233) div     tp, t4, a0
core   0: 3 0x80008204 (0x02aec233) x 4 0x00000000
core   0: 0x80008208 (0x53409c37) lui     s8, 0x53409
core   0: 3 0x80008208 (0x53409c37) x24 0x53409000
core   0: 0x8000820c (0x41e0df93) srai    t6, ra, 30
core   0: 3 0x8000820c (0x41e0df93) x31 0x00000000
core   0: 0x80008210 (0x016b0bb3) add     s7, s6, s6
core   0: 3 0x80008210 (0x016b0bb3) x23 0x20000dbe
core   0: 0x80008214 (0x039e8e33) mul     t3, t4, s9
core   0: 3 0x80008214 (0x039e8e33) x28 0x00000000
core   0: 0x80008218 (0x02e0bb33) mulhu   s6, ra, a4
core   0: 3 0x80008218 (0x02e0bb33) x22 0x00000032
core   0: 0x8000821c (0x989db893) sltiu   a7, s11, -1655
core   0: 3 0x8000821c (0x989db893) x17 0x00000001
core   0: 0x80008220 (0xc5070993) addi    s3, a4, -944
core   0: 3 0x80008220 (0xc5070993) x19 0x80018934
core   0: 0x80008224 (0xbd868c13) addi    s8, a3, -1064
core   0: 3 0x80008224 (0xbd868c13) x24 0xfffffbd8
core   0: 0x80008228 (0x00216e33) or      t3, sp, sp
core   0: 3 0x80008228 (0x00216e33) x28 0x001a65c4
core   0: 0x8000822c (0x002c9693) slli    a3, s9, 2
core   0: 3 0x8000822c (0x002c9693) x13 0x00000000
core   0: 0x80008230 (0x03cfa5b3) mulhsu  a1, t6, t3
core   0: 3 0x80008230 (0x03cfa5b3) x11 0x00000000
core   0: 0x80008234 (0x17e83613) sltiu   a2, a6, 382
core   0: 3 0x80008234 (0x17e83613) x12 0x00000000
core   0: 0x80008238 (0x02e6f433) remu    s0, a3, a4
core   0: 3 0x80008238 (0x02e6f433) x 8 0x00000000
core   0: 0x8000823c (0xfe7c2d37) lui     s10, 0xfe7c2
core   0: 3 0x8000823c (0xfe7c2d37) x26 0xfe7c2000
core   0: 0x80008240 (0x410b8a33) sub     s4, s7, a6
core   0: 3 0x80008240 (0x410b8a33) x20 0x9ffebf5a
core   0: 0x80008244 (0xd895c213) xori    tp, a1, -631
core   0: 3 0x80008244 (0xd895c213) x 4 0xfffffd89
core   0: 0x80008248 (0xce7c0d13) addi    s10, s8, -793
core   0: 3 0x80008248 (0xce7c0d13) x26 0xfffff8bf
core   0: 0x8000824c (0x01951a13) slli    s4, a0, 25
core   0: 3 0x8000824c (0x01951a13) x20 0x00000000
core   0: 0x80008250 (0x41565313) srai    t1, a2, 21
core   0: 3 0x80008250 (0x41565313) x 6 0x00000000
core   0: 0x80008254 (0x40a4d533) sra     a0, s1, a0
core   0: 3 0x80008254 (0x40a4d533) x10 0xecedd290
core   0: 0x80008258 (0x00aaf7b3) and     a5, s5, a0
core   0: 3 0x80008258 (0x00aaf7b3) x15 0x00000000
core   0: 0x8000825c (0x0153a2b3) slt     t0, t2, s5
core   0: 3 0x8000825c (0x0153a2b3) x 5 0x00000000
core   0: 0x80008260 (0x2cd68f13) addi    t5, a3, 717
core   0: 3 0x80008260 (0x2cd68f13) x30 0x000002cd
core   0: 0x80008264 (0x00191133) sll     sp, s2, ra
core   0: 3 0x80008264 (0x00191133) x 2 0xb42d0000
core   0: 0x80008268 (0x00157933) and     s2, a0, ra
core   0: 3 0x80008268 (0x00157933) x18 0x00000000
core   0: 0x8000826c (0x0034c2b3) xor     t0, s1, gp
core   0: 3 0x8000826c (0x0034c2b3) x 5 0xecedd164
core   0: 0x80008270 (0x02deac33) mulhsu  s8, t4, a3
core   0: 3 0x80008270 (0x02deac33) x24 0x00000000
core   0: 0x80008274 (0x02020d33) mul     s10, tp, zero
core   0: 3 0x80008274 (0x02020d33) x26 0x00000000
core   0: 0x80008278 (0x648efc93) andi    s9, t4, 1608
core   0: 3 0x80008278 (0x648efc93) x25 0x00000000
core   0: 0x8000827c (0x4093df33) sra     t5, t2, s1
core   0: 3 0x8000827c (0x4093df33) x30 0x00000000
core   0: 0x80008280 (0x00000013) nop
core   0: 3 0x80008280 (0x00000013)
core   0: 0x80008284 (0x8ab9f637) lui     a2, 0x8ab9f
core   0: 3 0x80008284 (0x8ab9f637) x12 0x8ab9f000
core   0: 0x80008288 (0x63adee93) ori     t4, s11, 1594
core   0: 3 0x80008288 (0x63adee93) x29 0x0000063f
core   0: 0x8000828c (0x004f6ab3) or      s5, t5, tp
core   0: 3 0x8000828c (0x004f6ab3) x21 0xfffffd89
core   0: 0x80008290 (0x5cd2c013) xori    zero, t0, 1485
core   0: 3 0x80008290 (0x5cd2c013)
core   0: 0x80008294 (0x0243b213) sltiu   tp, t2, 36
core   0: 3 0x80008294 (0x0243b213) x 4 0x00000001
core   0: 0x80008298 (0xbee23013) sltiu   zero, tp, -1042
core   0: 3 0x80008298 (0xbee23013)
core   0: 0x8000829c (0x034cb933) mulhu   s2, s9, s4
core   0: 3 0x8000829c (0x034cb933) x18 0x00000000
core   0: 0x800082a0 (0x021fb933) mulhu   s2, t6, ra
core   0: 3 0x800082a0 (0x021fb933) x18 0x00000000
core   0: 0x800082a4 (0x01b784b3) add     s1, a5, s11
core   0: 3 0x800082a4 (0x01b784b3) x 9 0x00000007
core   0: 0x800082a8 (0x02aee5b3) rem     a1, t4, a0
core   0: 3 0x800082a8 (0x02aee5b3) x11 0x0000063f
core   0: 0x800082ac (0x01cc6633) or      a2, s8, t3
core   0: 3 0x800082ac (0x01cc6633) x12 0x001a65c4
core   0: 0x800082b0 (0x02006133) rem     sp, zero, zero
core   0: 3 0x800082b0 (0x02006133) x 2 0x00000000
core   0: 0x800082b4 (0x403cd1b3) sra     gp, s9, gp
core   0: 3 0x800082b4 (0x403cd1b3) x 3 0x00000000
core   0: 0x800082b8 (0x02d97eb3) remu    t4, s2, a3
core   0: 3 0x800082b8 (0x02d97eb3) x29 0x00000000
core   0: 0x800082bc (0x03084533) div     a0, a6, a6
core   0: 3 0x800082bc (0x03084533) x10 0x00000001
core   0: 0x800082c0 (0x505e6493) ori     s1, t3, 1285
core   0: 3 0x800082c0 (0x505e6493) x 9 0x001a65c5
core   0: 0x800082c4 (0x01821c33) sll     s8, tp, s8
core   0: 3 0x800082c4 (0x01821c33) x24 0x00000001
core   0: 0x800082c8 (0x408adc93) srai    s9, s5, 8
core   0: 3 0x800082c8 (0x408adc93) x25 0xfffffffd
core   0: 0x800082cc (0xb2457f17) auipc   t5, 0xb2457
core   0: 3 0x800082cc (0xb2457f17) x30 0x3245f2cc
core   0: 0x800082d0 (0x01b1e633) or      a2, gp, s11
core   0: 3 0x800082d0 (0x01b1e633) x12 0x00000007
core   0: 0x800082d4 (0xe53bc513) xori    a0, s7, -429
core   0: 3 0x800082d4 (0xe53bc513) x10 0xdffff3ed
core   0: 0x800082d8 (0x41a480b3) sub     ra, s1, s10
core   0: 3 0x800082d8 (0x41a480b3) x 1 0x001a65c5
core   0: 0x800082dc (0x026ebd33) mulhu   s10, t4, t1
core   0: 3 0x800082dc (0x026ebd33) x26 0x00000000
core   0: 0x800082e0 (0x00e686b3) add     a3, a3, a4
core   0: 3 0x800082e0 (0x00e686b3) x13 0x80018ce4
core   0: 0x800082e4 (0x1114c693) xori    a3, s1, 273
core   0: 3 0x800082e4 (0x1114c693) x13 0x001a64d4
core   0: 0x800082e8 (0x896c6593) ori     a1, s8, -1898
core   0: 3 0x800082e8 (0x896c6593) x11 0xfffff897
core   0: 0x800082ec (0x011cabb3) slt     s7, s9, a7
core   0: 3 0x800082ec (0x011cabb3) x23 0x00000001
core   0: 0x800082f0 (0x40048333) sub     t1, s1, zero
core   0: 3 0x800082f0 (0x40048333) x 6 0x001a65c5
core   0: 0x800082f4 (0x6de9ca37) lui     s4, 0x6de9c
core   0: 3 0x800082f4 (0x6de9ca37) x20 0x6de9c000
core   0: 0x800082f8 (0xb1bc4fb7) lui     t6, 0xb1bc4
core   0: 3 0x800082f8 (0xb1bc4fb7) x31 0xb1bc4000
core   0: 0x800082fc (0x40a4d913) srai    s2, s1, 10
core   0: 3 0x800082fc (0x40a4d913) x18 0x00000699
core   0: 0x80008300 (0x02a612b3) mulh    t0, a2, a0
core   0: 3 0x80008300 (0x02a612b3) x 5 0xffffffff
core   0: 0x80008304 (0x030b8133) mul     sp, s7, a6
core   0: 3 0x80008304 (0x030b8133) x 2 0x80014e64
core   0: 0x80008308 (0x02e619b3) mulh    s3, a2, a4
core   0: 3 0x80008308 (0x02e619b3) x19 0xfffffffc
core   0: 0x8000830c (0x2da4d097) auipc   ra, 0x2da4d
core   0: 3 0x8000830c (0x2da4d097) x 1 0xada5530c
core   0: 0x80008310 (0x03e459b3) divu    s3, s0, t5
core   0: 3 0x80008310 (0x03e459b3) x19 0x00000000
core   0: 0x80008314 (0x40ca8bb3) sub     s7, s5, a2
core   0: 3 0x80008314 (0x40ca8bb3) x23 0xfffffd82
core   0: 0x80008318 (0x0293efb3) rem     t6, t2, s1
core   0: 3 0x80008318 (0x0293efb3) x31 0x00000000
core   0: 0x8000831c (0x0330a533) mulhsu  a0, ra, s3
core   0: 3 0x8000831c (0x0330a533) x10 0x00000000
core   0: 0x80008320 (0x484485b7) lui     a1, 0x48448
core   0: 3 0x80008320 (0x484485b7) x11 0x48448000
core   0: 0x80008324 (0x418e8fb3) sub     t6, t4, s8
core   0: 3 0x80008324 (0x418e8fb3) x31 0xffffffff
core   0: 0x80008328 (0x421b7613) andi    a2, s6, 1057
core   0: 3 0x80008328 (0x421b7613) x12 0x00000020
core   0: 0x8000832c (0x60ddbe93) sltiu   t4, s11, 1549
core   0: 3 0x8000832c (0x60ddbe93) x29 0x00000001
core   0: 0x80008330 (0x01ae28b3) slt     a7, t3, s10
core   0: 3 0x80008330 (0x01ae28b3) x17 0x00000000
core   0: 0x80008334 (0xffb4aa13) slti    s4, s1, -5
core   0: 3 0x80008334 (0xffb4aa13) x20 0x00000000
core   0: 0x80008338 (0x036b84b3) mul     s1, s7, s6
core   0: 3 0x80008338 (0x036b84b3) x 9 0xffff8364
core   0: 0x8000833c (0x03b15433) divu    s0, sp, s11
core   0: 3 0x8000833c (0x03b15433) x 8 0x12495457
core   0: 0x80008340 (0x27832493) slti    s1, t1, 632
core   0: 3 0x80008340 (0x27832493) x 9 0x00000000
core   0: 0x80008344 (0x02064433) div     s0, a2, zero
core   0: 3 0x80008344 (0x02064433) x 8 0xffffffff
core   0: 0x80008348 (0x0221f8b3) remu    a7, gp, sp
core   0: 3 0x80008348 (0x0221f8b3) x17 0x00000000
core   0: 0x8000834c (0x024ee033) rem     zero, t4, tp
core   0: 3 0x8000834c (0x024ee033)
core   0: 0x80008350 (0x021d15b3) mulh    a1, s10, ra
core   0: 3 0x80008350 (0x021d15b3) x11 0x00000000
core   0: 0x80008354 (0x014ceeb3) or      t4, s9, s4
core   0: 3 0x80008354 (0x014ceeb3) x29 0xfffffffd
core   0: 0x80008358 (0x03201a33) mulh    s4, zero, s2
core   0: 3 0x80008358 (0x03201a33) x20 0x00000000
core   0: 0x8000835c (0x01430433) add     s0, t1, s4
core   0: 3 0x8000835c (0x01430433) x 8 0x001a65c5
core   0: 0x80008360 (0x42333b93) sltiu   s7, t1, 1059
core   0: 3 0x80008360 (0x42333b93) x23 0x00000000
core   0: 0x80008364 (0x00676233) or      tp, a4, t1
core   0: 3 0x80008364 (0x00676233) x 4 0x801bede5
core   0: 0x80008368 (0x0105f6b3) and     a3, a1, a6
core   0: 3 0x80008368 (0x0105f6b3) x13 0x00000000
core   0: 0x8000836c (0x01f351b3) srl     gp, t1, t6
core   0: 3 0x8000836c (0x01f351b3) x 3 0x00000000
core   0: 0x80008370 (0x03b71433) mulh    s0, a4, s11
core   0: 3 0x80008370 (0x03b71433) x 8 0xfffffffc
core   0: 0x80008374 (0x003d15b3) sll     a1, s10, gp
core   0: 3 0x80008374 (0x003d15b3) x11 0x00000000
core   0: 0x80008378 (0x037e5633) divu    a2, t3, s7
core   0: 3 0x80008378 (0x037e5633) x12 0xffffffff
core   0: 0x8000837c (0x00000013) nop
core   0: 3 0x8000837c (0x00000013)
core   0: 0x80008380 (0x3bd48313) addi    t1, s1, 957
core   0: 3 0x80008380 (0x3bd48313) x 6 0x000003bd
core   0: 0x80008384 (0x40c082b3) sub     t0, ra, a2
core   0: 3 0x80008384 (0x40c082b3) x 5 0xada5530d
core   0: 0x80008388 (0x03b66433) rem     s0, a2, s11
core   0: 3 0x80008388 (0x03b66433) x 8 0xffffffff
core   0: 0x8000838c (0x03bd1eb3) mulh    t4, s10, s11
core   0: 3 0x8000838c (0x03bd1eb3) x29 0x00000000
core   0: 0x80008390 (0x00a1af33) slt     t5, gp, a0
core   0: 3 0x80008390 (0x00a1af33) x30 0x00000000
core   0: 0x80008394 (0x00101b93) slli    s7, zero, 1
core   0: 3 0x80008394 (0x00101b93) x23 0x00000000
core   0: 0x80008398 (0x404fda13) srai    s4, t6, 4
core   0: 3 0x80008398 (0x404fda13) x20 0xffffffff
core   0: 0x8000839c (0x005e49b3) xor     s3, t3, t0
core   0: 3 0x8000839c (0x005e49b3) x19 0xadbf36c9
core   0: 0x800083a0 (0x01875913) srli    s2, a4, 24
core   0: 3 0x800083a0 (0x01875913) x18 0x00000080
core   0: 0x800083a4 (0xa8afba13) sltiu   s4, t6, -1398
core   0: 3 0x800083a4 (0xa8afba13) x20 0x00000000
core   0: 0x800083a8 (0x0095e4b3) or      s1, a1, s1
core   0: 3 0x800083a8 (0x0095e4b3) x 9 0x00000000
core   0: 0x800083ac (0x016b96b3) sll     a3, s7, s6
core   0: 3 0x800083ac (0x016b96b3) x13 0x00000000
core   0: 0x800083b0 (0x013b0ab3) add     s5, s6, s3
core   0: 3 0x800083b0 (0x013b0ab3) x21 0xadbf36fb
core   0: 0x800083b4 (0x00b38893) addi    a7, t2, 11
core   0: 3 0x800083b4 (0x00b38893) x17 0x0000000b
core   0: 0x800083b8 (0x2f89e693) ori     a3, s3, 760
core   0: 3 0x800083b8 (0x2f89e693) x13 0xadbf36f9
core   0: 0x800083bc (0x0016d293) srli    t0, a3, 1
core   0: 3 0x800083bc (0x0016d293) x 5 0x56df9b7c
core   0: 0x800083c0 (0x01724eb3) xor     t4, tp, s7
core   0: 3 0x800083c0 (0x01724eb3) x29 0x801bede5
core   0: 0x800083c4 (0x00cabab3) sltu    s5, s5, a2
core   0: 3 0x800083c4 (0x00cabab3) x21 0x00000001
core   0: 0x800083c8 (0x025deeb3) rem     t4, s11, t0
core   0: 3 0x800083c8 (0x025deeb3) x29 0x00000007
core   0: 0x800083cc (0x003f4eb3) xor     t4, t5, gp
core   0: 3 0x800083cc (0x003f4eb3) x29 0x00000000
core   0: 0x800083d0 (0x03f4acb3) mulhsu  s9, s1, t6
core   0: 3 0x800083d0 (0x03f4acb3) x25 0x00000000
core   0: 0x800083d4 (0x00d17133) and     sp, sp, a3
core   0: 3 0x800083d4 (0x00d17133) x 2 0x80010660
core   0: 0x800083d8 (0x42d66b13) ori     s6, a2, 1069
core   0: 3 0x800083d8 (0x42d66b13) x22 0xffffffff
core   0: 0x800083dc (0x4129dc93) srai    s9, s3, 18
core   0: 3 0x800083dc (0x4129dc93) x25 0xffffeb6f
core   0: 0x800083e0 (0x01692f33) slt     t5, s2, s6
core   0: 3 0x800083e0 (0x01692f33) x30 0x00000000
core   0: 0x800083e4 (0x00c65613) srli    a2, a2, 12
core   0: 3 0x800083e4 (0x00c65613) x12 0x000fffff
core   0: 0x800083e8 (0x02e534b3) mulhu   s1, a0, a4
core   0: 3 0x800083e8 (0x02e534b3) x 9 0x00000000
core   0: 0x800083ec (0x00f51193) slli    gp, a0, 15
core   0: 3 0x800083ec (0x00f51193) x 3 0x00000000
core   0: 0x800083f0 (0x00000013) nop
core   0: 3 0x800083f0 (0x00000013)
core   0: 0x800083f4 (0x02521eb3) mulh    t4, tp, t0
core   0: 3 0x800083f4 (0x02521eb3) x29 0xd499ac92
core   0: 0x800083f8 (0x8aaba313) slti    t1, s7, -1878
core   0: 3 0x800083f8 (0x8aaba313) x 6 0x00000000
core   0: 0x800083fc (0x00ed4533) xor     a0, s10, a4
core   0: 3 0x800083fc (0x00ed4533) x10 0x80018ce4
core   0: 0x80008400 (0x0009df33) srl     t5, s3, zero
core   0: 3 0x80008400 (0x0009df33) x30 0xadbf36c9
core   0: 0x80008404 (0xfc5118b7) lui     a7, 0xfc511
core   0: 3 0x80008404 (0xfc5118b7) x17 0xfc511000
core   0: 0x80008408 (0x8dd5e213) ori     tp, a1, -1827
core   0: 3 0x80008408 (0x8dd5e213) x 4 0xfffff8dd
core   0: 0x8000840c (0x012e5993) srli    s3, t3, 18
core   0: 3 0x8000840c (0x012e5993) x19 0x00000006
core   0: 0x80008410 (0x414adab3) sra     s5, s5, s4
core   0: 3 0x80008410 (0x414adab3) x21 0x00000001
core   0: 0x80008414 (0x03b02c33) mulhsu  s8, zero, s11
core   0: 3 0x80008414 (0x03b02c33) x24 0x00000000
core   0: 0x80008418 (0x02d4c033) div     zero, s1, a3
core   0: 3 0x80008418 (0x02d4c033)
core   0: 0x8000841c (0x40ae0533) sub     a0, t3, a0
core   0: 3 0x8000841c (0x40ae0533) x10 0x8018d8e0
core   0: 0x80008420 (0x0230aa33) mulhsu  s4, ra, gp
core   0: 3 0x80008420 (0x0230aa33) x20 0x00000000
core   0: 0x80008424 (0x00c71493) slli    s1, a4, 12
core   0: 3 0x80008424 (0x00c71493) x 9 0x18ce4000
core   0: 0x80008428 (0x410add33) sra     s10, s5, a6
core   0: 3 0x80008428 (0x410add33) x26 0x00000000
core   0: 0x8000842c (0x705ec517) auipc   a0, 0x705ec
core   0: 3 0x8000842c (0x705ec517) x10 0xf05f442c
core   0: 0x80008430 (0x02c3c1b3) div     gp, t2, a2
core   0: 3 0x80008430 (0x02c3c1b3) x 3 0x00000000
core   0: 0x80008434 (0xceab0b93) addi    s7, s6, -790
core   0: 3 0x80008434 (0xceab0b93) x23 0xfffffce9
core   0: 0x80008438 (0x03680333) mul     t1, a6, s6
core   0: 3 0x80008438 (0x03680333) x 6 0x7ffeb19c
core   0: 0x8000843c (0x01749e33) sll     t3, s1, s7
core   0: 3 0x8000843c (0x01749e33) x28 0x9c800000
core   0: 0x80008440 (0x023dd033) divu    zero, s11, gp
core   0: 3 0x80008440 (0x023dd033)
core   0: 0x80008444 (0x7cef0a93) addi    s5, t5, 1998
core   0: 3 0x80008444 (0x7cef0a93) x21 0xadbf3e97
core   0: 0x80008448 (0x009123b3) slt     t2, sp, s1
core   0: 3 0x80008448 (0x009123b3) x 7 0x00000001
core   0: 0x8000844c (0x0116f7b3) and     a5, a3, a7
core   0: 3 0x8000844c (0x0116f7b3) x15 0xac111000
core   0: 0x80008450 (0x0d177213) andi    tp, a4, 209
core   0: 3 0x80008450 (0x0d177213) x 4 0x000000c0
core   0: 0x80008454 (0x41a6d333) sra     t1, a3, s10
core   0: 3 0x80008454 (0x41a6d333) x 6 0xadbf36f9
core   0: 0x80008458 (0x408a0d33) sub     s10, s4, s0
core   0: 3 0x80008458 (0x408a0d33) x26 0x00000001
core   0: 0x8000845c (0xd32d8a93) addi    s5, s11, -718
core   0: 3 0x8000845c (0xd32d8a93) x21 0xfffffd39
core   0: 0x80008460 (0x2f4a3793) sltiu   a5, s4, 756
core   0: 3 0x80008460 (0x2f4a3793) x15 0x00000001
core   0: 0x80008464 (0x43ba0a93) addi    s5, s4, 1083
core   0: 3 0x80008464 (0x43ba0a93) x21 0x0000043b
core   0: 0x80008468 (0x00674033) xor     zero, a4, t1
core   0: 3 0x80008468 (0x00674033)
core   0: 0x8000846c (0x4045d293) srai    t0, a1, 4
core   0: 3 0x8000846c (0x4045d293) x 5 0x00000000
core   0: 0x80008470 (0xfe37f313) andi    t1, a5, -29
core   0: 3 0x80008470 (0xfe37f313) x 6 0x00000001
core   0: 0x80008474 (0x40b05133) sra     sp, zero, a1
core   0: 3 0x80008474 (0x40b05133) x 2 0x00000000
core   0: 0x80008478 (0xdca50e13) addi    t3, a0, -566
core   0: 3 0x80008478 (0xdca50e13) x28 0xf05f41f6
core   0: 0x8000847c (0x00628c33) add     s8, t0, t1
core   0: 3 0x8000847c (0x00628c33) x24 0x00000001
core   0: 0x80008480 (0x03d55e33) divu    t3, a0, t4
core   0: 3 0x80008480 (0x03d55e33) x28 0x00000001
core   0: 0x80008484 (0x404bd293) srai    t0, s7, 4
core   0: 3 0x80008484 (0x404bd293) x 5 0xffffffce
core   0: 0x80008488 (0x864ccb13) xori    s6, s9, -1948
core   0: 3 0x80008488 (0x864ccb13) x22 0x0000130b
core   0: 0x8000848c (0x189ee917) auipc   s2, 0x189ee
core   0: 3 0x8000848c (0x189ee917) x18 0x989f648c
core   0: 0x80008490 (0x40aa55b3) sra     a1, s4, a0
core   0: 3 0x80008490 (0x40aa55b3) x11 0x00000000
core   0: 0x80008494 (0x03ce2c33) mulhsu  s8, t3, t3
core   0: 3 0x80008494 (0x03ce2c33) x24 0x00000000
core   0: 0x80008498 (0x85b7ef13) ori     t5, a5, -1957
core   0: 3 0x80008498 (0x85b7ef13) x30 0xfffff85b
core   0: 0x8000849c (0xce25fd13) andi    s10, a1, -798
core   0: 3 0x8000849c (0xce25fd13) x26 0x00000000
core   0: 0x800084a0 (0x03f2f133) remu    sp, t0, t6
core   0: 3 0x800084a0 (0x03f2f133) x 2 0xffffffce
core   0: 0x800084a4 (0x00f7a3b3) slt     t2, a5, a5
core   0: 3 0x800084a4 (0x00f7a3b3) x 7 0x00000000
core   0: 0x800084a8 (0xcef9a3b7) lui     t2, 0xcef9a
core   0: 3 0x800084a8 (0xcef9a3b7) x 7 0xcef9a000
core   0: 0x800084ac (0x00d25033) srl     zero, tp, a3
core   0: 3 0x800084ac (0x00d25033)
core   0: 0x800084b0 (0x02a4b333) mulhu   t1, s1, a0
core   0: 3 0x800084b0 (0x02a4b333) x 6 0x174a9724
core   0: 0x800084b4 (0x03d38433) mul     s0, t2, t4
core   0: 3 0x800084b4 (0x03d38433) x 8 0x61dd4000
core   0: 0x800084b8 (0x02269d33) mulh    s10, a3, sp
core   0: 3 0x800084b8 (0x02269d33) x26 0x00000010
core   0: 0x800084bc (0x006e9333) sll     t1, t4, t1
core   0: 3 0x800084bc (0x006e9333) x 6 0x499ac920
core   0: 0x800084c0 (0x5f766513) ori     a0, a2, 1527
core   0: 3 0x800084c0 (0x5f766513) x10 0x000fffff
core   0: 0x800084c4 (0x403a5633) sra     a2, s4, gp
core   0: 3 0x800084c4 (0x403a5633) x12 0x00000000
core   0: 0x800084c8 (0xaef93f13) sltiu   t5, s2, -1297
core   0: 3 0x800084c8 (0xaef93f13) x30 0x00000001
core   0: 0x800084cc (0x03c05333) divu    t1, zero, t3
core   0: 3 0x800084cc (0x03c05333) x 6 0x00000000
core   0: 0x800084d0 (0x0366f0b3) remu    ra, a3, s6
core   0: 3 0x800084d0 (0x0366f0b3) x 1 0x00000bfb
core   0: 0x800084d4 (0x000c0cb3) add     s9, s8, zero
core   0: 3 0x800084d4 (0x000c0cb3) x25 0x00000000
core   0: 0x800084d8 (0x3a34c2b7) lui     t0, 0x3a34c
core   0: 3 0x800084d8 (0x3a34c2b7) x 5 0x3a34c000
core   0: 0x800084dc (0xad8c3e37) lui     t3, 0xad8c3
core   0: 3 0x800084dc (0xad8c3e37) x28 0xad8c3000
core   0: 0x800084e0 (0x40d55193) srai    gp, a0, 13
core   0: 3 0x800084e0 (0x40d55193) x 3 0x0000007f
core   0: 0x800084e4 (0x176b2293) slti    t0, s6, 374
core   0: 3 0x800084e4 (0x176b2293) x 5 0x00000000
core   0: 0x800084e8 (0x0219ffb3) remu    t6, s3, ra
core   0: 3 0x800084e8 (0x0219ffb3) x31 0x00000006
core   0: 0x800084ec (0x00901593) slli    a1, zero, 9
core   0: 3 0x800084ec (0x00901593) x11 0x00000000
core   0: 0x800084f0 (0x414fda13) srai    s4, t6, 20
core   0: 3 0x800084f0 (0x414fda13) x20 0x00000000
core   0: 0x800084f4 (0x0170b933) sltu    s2, ra, s7
core   0: 3 0x800084f4 (0x0170b933) x18 0x00000001
core   0: 0x800084f8 (0x407b5113) srai    sp, s6, 7
core   0: 3 0x800084f8 (0x407b5113) x 2 0x00000026
core   0: 0x800084fc (0x603e5337) lui     t1, 0x603e5
core   0: 3 0x800084fc (0x603e5337) x 6 0x603e5000
core   0: 0x80008500 (0x00000013) nop
core   0: 3 0x80008500 (0x00000013)
core   0: 0x80008504 (0x01dd2ab3) slt     s5, s10, t4
core   0: 3 0x80008504 (0x01dd2ab3) x21 0x00000000
core   0: 0x80008508 (0x471ece13) xori    t3, t4, 1137
core   0: 3 0x80008508 (0x471ece13) x28 0xd499a8e3
core   0: 0x8000850c (0x017f4a33) xor     s4, t5, s7
core   0: 3 0x8000850c (0x017f4a33) x20 0xfffffce8
core   0: 0x80008510 (0x01f40d33) add     s10, s0, t6
core   0: 3 0x80008510 (0x01f40d33) x26 0x61dd4006
core   0: 0x80008514 (0x39a3bf93) sltiu   t6, t2, 922
core   0: 3 0x80008514 (0x39a3bf93) x31 0x00000000
core   0: 0x80008518 (0x00f8a1b3) slt     gp, a7, a5
core   0: 3 0x80008518 (0x00f8a1b3) x 3 0x00000001
core   0: 0x8000851c (0x02119ab3) mulh    s5, gp, ra
core   0: 3 0x8000851c (0x02119ab3) x21 0x00000000
core   0: 0x80008520 (0x02a01e33) mulh    t3, zero, a0
core   0: 3 0x80008520 (0x02a01e33) x28 0x00000000
core   0: 0x80008524 (0x02d5da33) divu    s4, a1, a3
core   0: 3 0x80008524 (0x02d5da33) x20 0x00000000
core   0: 0x80008528 (0x014335b3) sltu    a1, t1, s4
core   0: 3 0x80008528 (0x014335b3) x11 0x00000000
core   0: 0x8000852c (0x013fc0b3) xor     ra, t6, s3
core   0: 3 0x8000852c (0x013fc0b3) x 1 0x00000006
core   0: 0x80008530 (0x01ea2033) slt     zero, s4, t5
core   0: 3 0x80008530 (0x01ea2033)
core   0: 0x80008534 (0x001123b3) slt     t2, sp, ra
core   0: 3 0x80008534 (0x001123b3) x 7 0x00000000
core   0: 0x80008538 (0xab51b993) sltiu   s3, gp, -1355
core   0: 3 0x80008538 (0xab51b993) x19 0x00000001
core   0: 0x8000853c (0x003a65b3) or      a1, s4, gp
core   0: 3 0x8000853c (0x003a65b3) x11 0x00000001
core   0: 0x80008540 (0x016747b3) xor     a5, a4, s6
core   0: 3 0x80008540 (0x016747b3) x15 0x80019fef
core   0: 0x80008544 (0x02382a33) mulhsu  s4, a6, gp
core   0: 3 0x80008544 (0x02382a33) x20 0xffffffff
core   0: 0x80008548 (0x440ca5b7) lui     a1, 0x440ca
core   0: 3 0x80008548 (0x440ca5b7) x11 0x440ca000
core   0: 0x8000854c (0x4141d4b3) sra     s1, gp, s4
core   0: 3 0x8000854c (0x4141d4b3) x 9 0x00000000
core   0: 0x80008550 (0x414bd493) srai    s1, s7, 20
core   0: 3 0x80008550 (0x414bd493) x 9 0xffffffff
core   0: 0x80008554 (0x00039f13) slli    t5, t2, 0
core   0: 3 0x80008554 (0x00039f13) x30 0x00000000
core   0: 0x80008558 (0xa479c313) xori    t1, s3, -1465
core   0: 3 0x80008558 (0xa479c313) x 6 0xfffffa46
core   0: 0x8000855c (0x013e31b3) sltu    gp, t3, s3
core   0: 3 0x8000855c (0x013e31b3) x 3 0x00000001
core   0: 0x80008560 (0x03bc2d33) mulhsu  s10, s8, s11
core   0: 3 0x80008560 (0x03bc2d33) x26 0x00000000
core   0: 0x80008564 (0x028c5533) divu    a0, s8, s0
core   0: 3 0x80008564 (0x028c5533) x10 0x00000000
core   0: 0x80008568 (0x008fa533) slt     a0, t6, s0
core   0: 3 0x80008568 (0x008fa533) x10 0x00000001
core   0: 0x8000856c (0x02c1cd33) div     s10, gp, a2
core   0: 3 0x8000856c (0x02c1cd33) x26 0xffffffff
core   0: 0x80008570 (0x007a2eb3) slt     t4, s4, t2
core   0: 3 0x80008570 (0x007a2eb3) x29 0x00000001
core   0: 0x80008574 (0x5b07cc37) lui     s8, 0x5b07c
core   0: 3 0x80008574 (0x5b07cc37) x24 0x5b07c000
core   0: 0x80008578 (0x0233f6b3) remu    a3, t2, gp
core   0: 3 0x80008578 (0x0233f6b3) x13 0x00000000
core   0: 0x8000857c (0x0005d6b3) srl     a3, a1, zero
core   0: 3 0x8000857c (0x0005d6b3) x13 0x440ca000
core   0: 0x80008580 (0x0226c233) div     tp, a3, sp
core   0: 3 0x80008580 (0x0226c233) x 4 0x01ca7000
core   0: 0x80008584 (0x01f248b3) xor     a7, tp, t6
core   0: 3 0x80008584 (0x01f248b3) x17 0x01ca7000
core   0: 0x80008588 (0x00000013) nop
core   0: 3 0x80008588 (0x00000013)
core   0: 0x8000858c (0x540ca113) slti    sp, s9, 1344
core   0: 3 0x8000858c (0x540ca113) x 2 0x00000001
core   0: 0x80008590 (0x03c11333) mulh    t1, sp, t3
core   0: 3 0x80008590 (0x03c11333) x 6 0x00000000
core   0: 0x80008594 (0x0062e333) or      t1, t0, t1
core   0: 3 0x80008594 (0x0062e333) x 6 0x00000000
core   0: 0x80008598 (0x3e1f8597) auipc   a1, 0x3e1f8
core   0: 3 0x80008598 (0x3e1f8597) x11 0xbe200598
core   0: 0x8000859c (0xb8794c93) xori    s9, s2, -1145
core   0: 3 0x8000859c (0xb8794c93) x25 0xfffffb86
core   0: 0x800085a0 (0x03712f33) mulhsu  t5, sp, s7
core   0: 3 0x800085a0 (0x03712f33) x30 0x00000000
core   0: 0x800085a4 (0x010bda33) srl     s4, s7, a6
core   0: 3 0x800085a4 (0x010bda33) x20 0x0fffffce
core   0: 0x800085a8 (0x0354b3b3) mulhu   t2, s1, s5
core   0: 3 0x800085a8 (0x0354b3b3) x 7 0x00000000
core   0: 0x800085ac (0x01c092b3) sll     t0, ra, t3
core   0: 3 0x800085ac (0x01c092b3) x 5 0x00000006
core   0: 0x800085b0 (0x45926213) ori     tp, tp, 1113
core   0: 3 0x800085b0 (0x45926213) x 4 0x01ca7459
core   0: 0x800085b4 (0x013c4533) xor     a0, s8, s3
core   0: 3 0x800085b4 (0x013c4533) x10 0x5b07c001
core   0: 0x800085b8 (0x01ea5893) srli    a7, s4, 30
core   0: 3 0x800085b8 (0x01ea5893) x17 0x00000000
core   0: 0x800085bc (0x41c0db33) sra     s6, ra, t3
core   0: 3 0x800085bc (0x41c0db33) x22 0x00000006
core   0: 0x800085c0 (0x10fc4513) xori    a0, s8, 271
core   0: 3 0x800085c0 (0x10fc4513) x10 0x5b07c10f
core   0: 0x800085c4 (0x0153e4b3) or      s1, t2, s5
core   0: 3 0x800085c4 (0x0153e4b3) x 9 0x00000000
core   0: 0x800085c8 (0x97442313) slti    t1, s0, -1676
core   0: 3 0x800085c8 (0x97442313) x 6 0x00000000
core   0: 0x800085cc (0x02d99033) mulh    zero, s3, a3
core   0: 3 0x800085cc (0x02d99033)
core   0: 0x800085d0 (0x41de01b3) sub     gp, t3, t4
core   0: 3 0x800085d0 (0x41de01b3) x 3 0xffffffff
core   0: 0x800085d4 (0x015a5533) srl     a0, s4, s5
core   0: 3 0x800085d4 (0x015a5533) x10 0x0fffffce
core   0: 0x800085d8 (0x011b4a33) xor     s4, s6, a7
core   0: 3 0x800085d8 (0x011b4a33) x20 0x00000006
core   0: 0x800085dc (0x03810c33) mul     s8, sp, s8
core   0: 3 0x800085dc (0x03810c33) x24 0x5b07c000
core   0: 0x800085e0 (0x003df4b3) and     s1, s11, gp
core   0: 3 0x800085e0 (0x003df4b3) x 9 0x00000007
core   0: 0x800085e4 (0x03dad233) divu    tp, s5, t4
core   0: 3 0x800085e4 (0x03dad233) x 4 0x00000000
core   0: 0x800085e8 (0x01b587b3) add     a5, a1, s11
core   0: 3 0x800085e8 (0x01b587b3) x15 0xbe20059f
core   0: 0x800085ec (0x024c04b3) mul     s1, s8, tp
core   0: 3 0x800085ec (0x024c04b3) x 9 0x00000000
core   0: 0x800085f0 (0x81f72a13) slti    s4, a4, -2017
core   0: 3 0x800085f0 (0x81f72a13) x20 0x00000001
core   0: 0x800085f4 (0x01bce8b3) or      a7, s9, s11
core   0: 3 0x800085f4 (0x01bce8b3) x17 0xfffffb87
core   0: 0x800085f8 (0x03af1433) mulh    s0, t5, s10
core   0: 3 0x800085f8 (0x03af1433) x 8 0x00000000
core   0: 0x800085fc (0x00ec30b3) sltu    ra, s8, a4
core   0: 3 0x800085fc (0x00ec30b3) x 1 0x00000001
core   0: 0x80008600 (0x1c2e0513) addi    a0, t3, 450
core   0: 3 0x80008600 (0x1c2e0513) x10 0x000001c2
core   0: 0x80008604 (0x038f0433) mul     s0, t5, s8
core   0: 3 0x80008604 (0x038f0433) x 8 0x00000000
core   0: 0x80008608 (0x76b96293) ori     t0, s2, 1899
core   0: 3 0x80008608 (0x76b96293) x 5 0x0000076b
core   0: 0x8000860c (0x021688b3) mul     a7, a3, ra
core   0: 3 0x8000860c (0x021688b3) x17 0x440ca000
core   0: 0x80008610 (0xaf3dbf93) sltiu   t6, s11, -1293
core   0: 3 0x80008610 (0xaf3dbf93) x31 0x00000001
core   0: 0x80008614 (0x03d715b3) mulh    a1, a4, t4
core   0: 3 0x80008614 (0x03d715b3) x11 0xffffffff
core   0: 0x80008618 (0x41fbd1b3) sra     gp, s7, t6
core   0: 3 0x80008618 (0x41fbd1b3) x 3 0xfffffe74
core   0: 0x8000861c (0x0244a6b3) mulhsu  a3, s1, tp
core   0: 3 0x8000861c (0x0244a6b3) x13 0x00000000
core   0: 0x80008620 (0x0027d1b3) srl     gp, a5, sp
core   0: 3 0x80008620 (0x0027d1b3) x 3 0x5f1002cf
core   0: 0x80008624 (0xcbaa87b7) lui     a5, 0xcbaa8
core   0: 3 0x80008624 (0xcbaa87b7) x15 0xcbaa8000
core   0: 0x80008628 (0x1279ec13) ori     s8, s3, 295
core   0: 3 0x80008628 (0x1279ec13) x24 0x00000127
core   0: 0x8000862c (0x005ad6b3) srl     a3, s5, t0
core   0: 3 0x8000862c (0x005ad6b3) x13 0x00000000
core   0: 0x80008630 (0x036bd4b3) divu    s1, s7, s6
core   0: 3 0x80008630 (0x036bd4b3) x 9 0x2aaaaa26
core   0: 0x80008634 (0x023cc6b3) div     a3, s9, gp
core   0: 3 0x80008634 (0x023cc6b3) x13 0x00000000
core   0: 0x80008638 (0x41205f93) srai    t6, zero, 18
core   0: 3 0x80008638 (0x41205f93) x31 0x00000000
core   0: 0x8000863c (0x026324b3) mulhsu  s1, t1, t1
core   0: 3 0x8000863c (0x026324b3) x 9 0x00000000
core   0: 0x80008640 (0x029fa033) mulhsu  zero, t6, s1
core   0: 3 0x80008640 (0x029fa033)
core   0: 0x80008644 (0x66efcd13) xori    s10, t6, 1646
core   0: 3 0x80008644 (0x66efcd13) x26 0x0000066e
core   0: 0x80008648 (0x00a609b3) add     s3, a2, a0
core   0: 3 0x80008648 (0x00a609b3) x19 0x000001c2
core   0: 0x8000864c (0x001bc2b3) xor     t0, s7, ra
core   0: 3 0x8000864c (0x001bc2b3) x 5 0xfffffce8
core   0: 0x80008650 (0x41510633) sub     a2, sp, s5
core   0: 3 0x80008650 (0x41510633) x12 0x00000001
core   0: 0x80008654 (0x00f2ee33) or      t3, t0, a5
core   0: 3 0x80008654 (0x00f2ee33) x28 0xfffffce8
core   0: 0x80008658 (0x40f2db33) sra     s6, t0, a5
core   0: 3 0x80008658 (0x40f2db33) x22 0xfffffce8
core   0: 0x8000865c (0x64b816b7) lui     a3, 0x64b81
core   0: 3 0x8000865c (0x64b816b7) x13 0x64b81000
core   0: 0x80008660 (0x35e5c093) xori    ra, a1, 862
core   0: 3 0x80008660 (0x35e5c093) x 1 0xfffffca1
core   0: 0x80008664 (0x029dad33) mulhsu  s10, s11, s1
core   0: 3 0x80008664 (0x029dad33) x26 0x00000000
core   0: 0x80008668 (0x011c8cb3) add     s9, s9, a7
core   0: 3 0x80008668 (0x011c8cb3) x25 0x440c9b86
core   0: 0x8000866c (0x00000013) nop
core   0: 3 0x8000866c (0x00000013)
core   0: 0x80008670 (0x02599633) mulh    a2, s3, t0
core   0: 3 0x80008670 (0x02599633) x12 0xffffffff
core   0: 0x80008674 (0x03c0ba33) mulhu   s4, ra, t3
core   0: 3 0x80008674 (0x03c0ba33) x20 0xfffff989
core   0: 0x80008678 (0x01f1d0b3) srl     ra, gp, t6
core   0: 3 0x80008678 (0x01f1d0b3) x 1 0x5f1002cf
core   0: 0x8000867c (0x116bad13) slti    s10, s7, 278
core   0: 3 0x8000867c (0x116bad13) x26 0x00000001
core   0: 0x80008680 (0x40f35293) srai    t0, t1, 15
core   0: 3 0x80008680 (0x40f35293) x 5 0x00000000
core   0: 0x80008684 (0x0368ff33) remu    t5, a7, s6
core   0: 3 0x80008684 (0x0368ff33) x30 0x440ca000
core   0: 0x80008688 (0x0034b6b3) sltu    a3, s1, gp
core   0: 3 0x80008688 (0x0034b6b3) x13 0x00000001
core   0: 0x8000868c (0x77f8c913) xori    s2, a7, 1919
core   0: 3 0x8000868c (0x77f8c913) x18 0x440ca77f
core   0: 0x80008690 (0x020358b3) divu    a7, t1, zero
core   0: 3 0x80008690 (0x020358b3) x17 0xffffffff
core   0: 0x80008694 (0x41bb5333) sra     t1, s6, s11
core   0: 3 0x80008694 (0x41bb5333) x 6 0xfffffff9
core   0: 0x80008698 (0x211c3e93) sltiu   t4, s8, 529
core   0: 3 0x80008698 (0x211c3e93) x29 0x00000001
core   0: 0x8000869c (0x03aef433) remu    s0, t4, s10
core   0: 3 0x8000869c (0x03aef433) x 8 0x00000000
core   0: 0x800086a0 (0x0338a433) mulhsu  s0, a7, s3
core   0: 3 0x800086a0 (0x0338a433) x 8 0xffffffff
core   0: 0x800086a4 (0x06033e13) sltiu   t3, t1, 96
core   0: 3 0x800086a4 (0x06033e13) x28 0x00000000
core   0: 0x800086a8 (0x5cb43297) auipc   t0, 0x5cb43
core   0: 3 0x800086a8 (0x5cb43297) x 5 0xdcb4b6a8
core   0: 0x800086ac (0x00f7b9b3) sltu    s3, a5, a5
core   0: 3 0x800086ac (0x00f7b9b3) x19 0x00000000
core   0: 0x800086b0 (0xb9ae0913) addi    s2, t3, -1126
core   0: 3 0x800086b0 (0xb9ae0913) x18 0xfffffb9a
core   0: 0x800086b4 (0x025ea333) mulhsu  t1, t4, t0
core   0: 3 0x800086b4 (0x025ea333) x 6 0x00000000
core   0: 0x800086b8 (0x026d9d33) mulh    s10, s11, t1
core   0: 3 0x800086b8 (0x026d9d33) x26 0x00000000
core   0: 0x800086bc (0x01948533) add     a0, s1, s9
core   0: 3 0x800086bc (0x01948533) x10 0x440c9b86
core   0: 0x800086c0 (0x027cc433) div     s0, s9, t2
core   0: 3 0x800086c0 (0x027cc433) x 8 0xffffffff
core   0: 0x800086c4 (0x033f6ab3) rem     s5, t5, s3
core   0: 3 0x800086c4 (0x033f6ab3) x21 0x440ca000
core   0: 0x800086c8 (0x11555c37) lui     s8, 0x11555
core   0: 3 0x800086c8 (0x11555c37) x24 0x11555000
core   0: 0x800086cc (0x010e3533) sltu    a0, t3, a6
core   0: 3 0x800086cc (0x010e3533) x10 0x00000001
core   0: 0x800086d0 (0x416e0933) sub     s2, t3, s6
core   0: 3 0x800086d0 (0x416e0933) x18 0x00000318
core   0: 0x800086d4 (0xf6092297) auipc   t0, 0xf6092
core   0: 3 0x800086d4 (0xf6092297) x 5 0x7609a6d4
core   0: 0x800086d8 (0x00f09933) sll     s2, ra, a5
core   0: 3 0x800086d8 (0x00f09933) x18 0x5f1002cf
core   0: 0x800086dc (0xcbe62a13) slti    s4, a2, -834
core   0: 3 0x800086dc (0xcbe62a13) x20 0x00000000
core   0: 0x800086e0 (0x01661433) sll     s0, a2, s6
core   0: 3 0x800086e0 (0x01661433) x 8 0xffffff00
core   0: 0x800086e4 (0x01f28d33) add     s10, t0, t6
core   0: 3 0x800086e4 (0x01f28d33) x26 0x7609a6d4
core   0: 0x800086e8 (0x00000013) nop
core   0: 3 0x800086e8 (0x00000013)
core   0: 0x800086ec (0x012b8bb3) add     s7, s7, s2
core   0: 3 0x800086ec (0x012b8bb3) x23 0x5f0fffb8
core   0: 0x800086f0 (0x41435313) srai    t1, t1, 20
core   0: 3 0x800086f0 (0x41435313) x 6 0x00000000
core   0: 0x800086f4 (0x023878b3) remu    a7, a6, gp
core   0: 3 0x800086f4 (0x023878b3) x17 0x20f14b95
core   0: 0x800086f8 (0x02aa02b3) mul     t0, s4, a0
core   0: 3 0x800086f8 (0x02aa02b3) x 5 0x00000000
core   0: 0x800086fc (0x00000013) nop
core   0: 3 0x800086fc (0x00000013)
core   0: 0x80008700 (0xa55d4d13) xori    s10, s10, -1451
core   0: 3 0x80008700 (0xa55d4d13) x26 0x89f65c81
core   0: 0x80008704 (0x012910b3) sll     ra, s2, s2
core   0: 3 0x80008704 (0x012910b3) x 1 0x01678000
core   0: 0x80008708 (0x61d2a793) slti    a5, t0, 1565
core   0: 3 0x80008708 (0x61d2a793) x15 0x00000001
core   0: 0x8000870c (0x3455c913) xori    s2, a1, 837
core   0: 3 0x8000870c (0x3455c913) x18 0xfffffcba
core   0: 0x80008710 (0x1c76f493) andi    s1, a3, 455
core   0: 3 0x80008710 (0x1c76f493) x 9 0x00000001
core   0: 0x80008714 (0x03f566b3) rem     a3, a0, t6
core   0: 3 0x80008714 (0x03f566b3) x13 0x00000001
core   0: 0x80008718 (0x00dc85b3) add     a1, s9, a3
core   0: 3 0x80008718 (0x00dc85b3) x11 0x440c9b87
core   0: 0x8000871c (0x01c56fb3) or      t6, a0, t3
core   0: 3 0x8000871c (0x01c56fb3) x31 0x00000001
core   0: 0x80008720 (0x00000013) nop
core   0: 3 0x80008720 (0x00000013)
core   0: 0x80008724 (0x43e67393) andi    t2, a2, 1086
core   0: 3 0x80008724 (0x43e67393) x 7 0x0000043e
core   0: 0x80008728 (0x50b56893) ori     a7, a0, 1291
core   0: 3 0x80008728 (0x50b56893) x17 0x0000050b
core   0: 0x8000872c (0xbf08e593) ori     a1, a7, -1040
core   0: 3 0x8000872c (0xbf08e593) x11 0xfffffffb
core   0: 0x80008730 (0x032bef33) rem     t5, s7, s2
core   0: 3 0x80008730 (0x032bef33) x30 0x000002ec
core   0: 0x80008734 (0x035db4b3) mulhu   s1, s11, s5
core   0: 3 0x80008734 (0x035db4b3) x 9 0x00000001
core   0: 0x80008738 (0x024ff433) remu    s0, t6, tp
core   0: 3 0x80008738 (0x024ff433) x 8 0x00000001
core   0: 0x8000873c (0x02d3e4b3) rem     s1, t2, a3
core   0: 3 0x8000873c (0x02d3e4b3) x 9 0x00000000
core   0: 0x80008740 (0x03a82433) mulhsu  s0, a6, s10
core   0: 3 0x80008740 (0x03a82433) x 8 0xbb0585f4
core   0: 0x80008744 (0x00339f13) slli    t5, t2, 3
core   0: 3 0x80008744 (0x00339f13) x30 0x000021f0
core   0: 0x80008748 (0x2fd96b93) ori     s7, s2, 765
core   0: 3 0x80008748 (0x2fd96b93) x23 0xfffffeff
core   0: 0x8000874c (0x02195d33) divu    s10, s2, ra
core   0: 3 0x8000874c (0x02195d33) x26 0x000000b6
core   0: 0x80008750 (0xbcbd0eb7) lui     t4, 0xbcbd0
core   0: 3 0x80008750 (0xbcbd0eb7) x29 0xbcbd0000
core   0: 0x80008754 (0x00777c33) and     s8, a4, t2
core   0: 3 0x80008754 (0x00777c33) x24 0x00000424
core   0: 0x80008758 (0x033201b3) mul     gp, tp, s3
core   0: 3 0x80008758 (0x033201b3) x 3 0x00000000
core   0: 0x8000875c (0x03f47bb3) remu    s7, s0, t6
core   0: 3 0x8000875c (0x03f47bb3) x23 0x00000000
core   0: 0x80008760 (0x40655f33) sra     t5, a0, t1
core   0: 3 0x80008760 (0x40655f33) x30 0x00000001
core   0: 0x80008764 (0x038ac5b3) div     a1, s5, s8
core   0: 3 0x80008764 (0x038ac5b3) x11 0x00106f3e
core   0: 0x80008768 (0x890bec13) ori     s8, s7, -1904
core   0: 3 0x80008768 (0x890bec13) x24 0xfffff890
core   0: 0x8000876c (0x00509d33) sll     s10, ra, t0
core   0: 3 0x8000876c (0x00509d33) x26 0x01678000
core   0: 0x80008770 (0x01c105b3) add     a1, sp, t3
core   0: 3 0x80008770 (0x01c105b3) x11 0x00000001
core   0: 0x80008774 (0x904a25b7) lui     a1, 0x904a2
core   0: 3 0x80008774 (0x904a25b7) x11 0x904a2000
core   0: 0x80008778 (0x4012df93) srai    t6, t0, 1
core   0: 3 0x80008778 (0x4012df93) x31 0x00000000
core   0: 0x8000877c (0xd239eeb7) lui     t4, 0xd239e
core   0: 3 0x8000877c (0xd239eeb7) x29 0xd239e000
core   0: 0x80008780 (0x01cdbfb3) sltu    t6, s11, t3
core   0: 3 0x80008780 (0x01cdbfb3) x31 0x00000000
core   0: 0x80008784 (0x02303633) mulhu   a2, zero, gp
core   0: 3 0x80008784 (0x02303633) x12 0x00000000
core   0: 0x80008788 (0x02a5a8b3) mulhsu  a7, a1, a0
core   0: 3 0x80008788 (0x02a5a8b3) x17 0xffffffff
core   0: 0x8000878c (0x01e1e333) or      t1, gp, t5
core   0: 3 0x8000878c (0x01e1e333) x 6 0x00000001
core   0: 0x80008790 (0xf1147a37) lui     s4, 0xf1147
core   0: 3 0x80008790 (0xf1147a37) x20 0xf1147000
core   0: 0x80008794 (0x02372533) mulhsu  a0, a4, gp
core   0: 3 0x80008794 (0x02372533) x10 0x00000000
core   0: 0x80008798 (0x91027a13) andi    s4, tp, -1776
core   0: 3 0x80008798 (0x91027a13) x20 0x00000000
core   0: 0x8000879c (0x03858d33) mul     s10, a1, s8
core   0: 3 0x8000879c (0x03858d33) x26 0xd8b20000
core   0: 0x800087a0 (0x00000013) nop
core   0: 3 0x800087a0 (0x00000013)
core   0: 0x800087a4 (0x02dcd533) divu    a0, s9, a3
core   0: 3 0x800087a4 (0x02dcd533) x10 0x440c9b86
core   0: 0x800087a8 (0x02fadbb3) divu    s7, s5, a5
core   0: 3 0x800087a8 (0x02fadbb3) x23 0x440ca000
core   0: 0x800087ac (0x03a5b8b3) mulhu   a7, a1, s10
core   0: 3 0x800087ac (0x03a5b8b3) x17 0x7a22de8a
core   0: 0x800087b0 (0x13d35c97) auipc   s9, 0x13d35
core   0: 3 0x800087b0 (0x13d35c97) x25 0x93d3d7b0
core   0: 0x800087b4 (0xa0f92f17) auipc   t5, 0xa0f92
core   0: 3 0x800087b4 (0xa0f92f17) x30 0x20f9a7b4
core   0: 0x800087b8 (0x411e0633) sub     a2, t3, a7
core   0: 3 0x800087b8 (0x411e0633) x12 0x85dd2176
core   0: 0x800087bc (0x0254a0b3) mulhsu  ra, s1, t0
core   0: 3 0x800087bc (0x0254a0b3) x 1 0x00000000
core   0: 0x800087c0 (0x013f5c93) srli    s9, t5, 19
core   0: 3 0x800087c0 (0x013f5c93) x25 0x0000041f
core   0: 0x800087c4 (0x011c43b7) lui     t2, 0x11c4
core   0: 3 0x800087c4 (0x011c43b7) x 7 0x011c4000
core   0: 0x800087c8 (0x00be8433) add     s0, t4, a1
core   0: 3 0x800087c8 (0x00be8433) x 8 0x62840000
core   0: 0x800087cc (0x02612fb3) mulhsu  t6, sp, t1
core   0: 3 0x800087cc (0x02612fb3) x31 0x00000000
core   0: 0x800087d0 (0x41fd5533) sra     a0, s10, t6
core   0: 3 0x800087d0 (0x41fd5533) x10 0xd8b20000
core   0: 0x800087d4 (0x7e8ff337) lui     t1, 0x7e8ff
core   0: 3 0x800087d4 (0x7e8ff337) x 6 0x7e8ff000
core   0: 0x800087d8 (0x03365bb3) divu    s7, a2, s3
core   0: 3 0x800087d8 (0x03365bb3) x23 0xffffffff
core   0: 0x800087dc (0x0331e2b3) rem     t0, gp, s3
core   0: 3 0x800087dc (0x0331e2b3) x 5 0x00000000
core   0: 0x800087e0 (0x0262b6b3) mulhu   a3, t0, t1
core   0: 3 0x800087e0 (0x0262b6b3) x13 0x00000000
core   0: 0x800087e4 (0x01e9d613) srli    a2, s3, 30
core   0: 3 0x800087e4 (0x01e9d613) x12 0x00000000
core   0: 0x800087e8 (0x03233333) mulhu   t1, t1, s2
core   0: 3 0x800087e8 (0x03233333) x 6 0x7e8fee61
core   0: 0x800087ec (0x03cd7333) remu    t1, s10, t3
core   0: 3 0x800087ec (0x03cd7333) x 6 0xd8b20000
core   0: 0x800087f0 (0x03357533) remu    a0, a0, s3
core   0: 3 0x800087f0 (0x03357533) x10 0xd8b20000
core   0: 0x800087f4 (0xfafb3213) sltiu   tp, s6, -81
core   0: 3 0x800087f4 (0xfafb3213) x 4 0x00000001
core   0: 0x800087f8 (0x4162dc93) srai    s9, t0, 22
core   0: 3 0x800087f8 (0x4162dc93) x25 0x00000000
core   0: 0x800087fc (0x038eaa33) mulhsu  s4, t4, s8
core   0: 3 0x800087fc (0x038eaa33) x20 0xd239e154
core   0: 0x80008800 (0x41b3d0b3) sra     ra, t2, s11
core   0: 3 0x80008800 (0x41b3d0b3) x 1 0x00023880
core   0: 0x80008804 (0x00af8633) add     a2, t6, a0
core   0: 3 0x80008804 (0x00af8633) x12 0xd8b20000
core   0: 0x80008808 (0x007e5933) srl     s2, t3, t2
core   0: 3 0x80008808 (0x007e5933) x18 0x00000000
core   0: 0x8000880c (0x01771433) sll     s0, a4, s7
core   0: 3 0x8000880c (0x01771433) x 8 0x00000000
core   0: 0x80008810 (0x99dfba17) auipc   s4, 0x99dfb
core   0: 3 0x80008810 (0x99dfba17) x20 0x19e03810
core   0: 0x80008814 (0x4a3ff013) andi    zero, t6, 1187
core   0: 3 0x80008814 (0x4a3ff013)
core   0: 0x80008818 (0xc3fea317) auipc   t1, 0xc3fea
core   0: 3 0x80008818 (0xc3fea317) x 6 0x43ff2818
core   0: 0x8000881c (0x02a77fb3) remu    t6, a4, a0
core   0: 3 0x8000881c (0x02a77fb3) x31 0x80018ce4
core   0: 0x80008820 (0x012e4e33) xor     t3, t3, s2
core   0: 3 0x80008820 (0x012e4e33) x28 0x00000000
core   0: 0x80008824 (0x639a7213) andi    tp, s4, 1593
core   0: 3 0x80008824 (0x639a7213) x 4 0x00000010
core   0: 0x80008828 (0x01e116b3) sll     a3, sp, t5
core   0: 3 0x80008828 (0x01e116b3) x13 0x00100000
core   0: 0x8000882c (0x0351cfb3) div     t6, gp, s5
core   0: 3 0x8000882c (0x0351cfb3) x31 0x00000000
core   0: 0x80008830 (0x01162c33) slt     s8, a2, a7
core   0: 3 0x80008830 (0x01162c33) x24 0x00000001
core   0: 0x80008834 (0x013dbfb3) sltu    t6, s11, s3
core   0: 3 0x80008834 (0x013dbfb3) x31 0x00000000
core   0: 0x80008838 (0x9e515217) auipc   tp, 0x9e515
core   0: 3 0x80008838 (0x9e515217) x 4 0x1e51d838
core   0: 0x8000883c (0x020015b3) mulh    a1, zero, zero
core   0: 3 0x8000883c (0x020015b3) x11 0x00000000
core   0: 0x80008840 (0x000e8933) add     s2, t4, zero
core   0: 3 0x80008840 (0x000e8933) x18 0xd239e000
core   0: 0x80008844 (0x022aac33) mulhsu  s8, s5, sp
core   0: 3 0x80008844 (0x022aac33) x24 0x00000000
core   0: 0x80008848 (0x013462b3) or      t0, s0, s3
core   0: 3 0x80008848 (0x013462b3) x 5 0x00000000
core   0: 0x8000884c (0xc6850013) addi    zero, a0, -920
core   0: 3 0x8000884c (0xc6850013)
core   0: 0x80008850 (0x009c5513) srli    a0, s8, 9
core   0: 3 0x80008850 (0x009c5513) x10 0x00000000
core   0: 0x80008854 (0x41375993) srai    s3, a4, 19
core   0: 3 0x80008854 (0x41375993) x19 0xfffff000
core   0: 0x80008858 (0x63f64593) xori    a1, a2, 1599
core   0: 3 0x80008858 (0x63f64593) x11 0xd8b2063f
core   0: 0x8000885c (0x02f7e3b3) rem     t2, a5, a5
core   0: 3 0x8000885c (0x02f7e3b3) x 7 0x00000000
core   0: 0x80008860 (0x022cdd33) divu    s10, s9, sp
core   0: 3 0x80008860 (0x022cdd33) x26 0x00000000
core   0: 0x80008864 (0x40f8d893) srai    a7, a7, 15
core   0: 3 0x80008864 (0x40f8d893) x17 0x0000f445
core   0: 0x80008868 (0xb2864993) xori    s3, a2, -1240
core   0: 3 0x80008868 (0xb2864993) x19 0x274dfb28
core   0: 0x8000886c (0x0007bab3) sltu    s5, a5, zero
core   0: 3 0x8000886c (0x0007bab3) x21 0x00000000
core   0: 0x80008870 (0x02dea7b3) mulhsu  a5, t4, a3
core   0: 3 0x80008870 (0x02dea7b3) x15 0xfffd239e
core   0: 0x80008874 (0x410c5a13) srai    s4, s8, 16
core   0: 3 0x80008874 (0x410c5a13) x20 0x00000000
core   0: 0x80008878 (0x030690b3) mulh    ra, a3, a6
core   0: 3 0x80008878 (0x030690b3) x 1 0xfff80014
core   0: 0x8000887c (0x03f0ca33) div     s4, ra, t6
core   0: 3 0x8000887c (0x03f0ca33) x20 0xffffffff
core   0: 0x80008880 (0x7a74c913) xori    s2, s1, 1959
core   0: 3 0x80008880 (0x7a74c913) x18 0x000007a7
core   0: 0x80008884 (0x013f1b13) slli    s6, t5, 19
core   0: 3 0x80008884 (0x013f1b13) x22 0x3da00000
core   0: 0x80008888 (0x02856f33) rem     t5, a0, s0
core   0: 3 0x80008888 (0x02856f33) x30 0x00000000
core   0: 0x8000888c (0x01de5bb3) srl     s7, t3, t4
core   0: 3 0x8000888c (0x01de5bb3) x23 0x00000000
core   0: 0x80008890 (0x03dfe0b3) rem     ra, t6, t4
core   0: 3 0x80008890 (0x03dfe0b3) x 1 0x00000000
core   0: 0x80008894 (0x03d19fb3) mulh    t6, gp, t4
core   0: 3 0x80008894 (0x03d19fb3) x31 0x00000000
core   0: 0x80008898 (0x03131333) mulh    t1, t1, a7
core   0: 3 0x80008898 (0x03131333) x 6 0x000040e1
core   0: 0x8000889c (0x02ef42b3) div     t0, t5, a4
core   0: 3 0x8000889c (0x02ef42b3) x 5 0x00000000
core   0: 0x800088a0 (0x02a85433) divu    s0, a6, a0
core   0: 3 0x800088a0 (0x02a85433) x 8 0xffffffff
core   0: 0x800088a4 (0x01ad5193) srli    gp, s10, 26
core   0: 3 0x800088a4 (0x01ad5193) x 3 0x00000000
core   0: 0x800088a8 (0x0269abb3) mulhsu  s7, s3, t1
core   0: 3 0x800088a8 (0x0269abb3) x23 0x000009f6
core   0: 0x800088ac (0x00781333) sll     t1, a6, t2
core   0: 3 0x800088ac (0x00781333) x 6 0x80014e64
core   0: 0x800088b0 (0x03460133) mul     sp, a2, s4
core   0: 3 0x800088b0 (0x03460133) x 2 0x274e0000
core   0: 0x800088b4 (0x036b7533) remu    a0, s6, s6
core   0: 3 0x800088b4 (0x036b7533) x10 0x00000000
core   0: 0x800088b8 (0x06e815b7) lui     a1, 0x6e81
core   0: 3 0x800088b8 (0x06e815b7) x11 0x06e81000
core   0: 0x800088bc (0x00fb07b3) add     a5, s6, a5
core   0: 3 0x800088bc (0x00fb07b3) x15 0x3d9d239e
core   0: 0x800088c0 (0x0354ce33) div     t3, s1, s5
core   0: 3 0x800088c0 (0x0354ce33) x28 0xffffffff
core   0: 0x800088c4 (0x0047aeb3) slt     t4, a5, tp
core   0: 3 0x800088c4 (0x0047aeb3) x29 0x00000000
core   0: 0x800088c8 (0x03f88bb3) mul     s7, a7, t6
core   0: 3 0x800088c8 (0x03f88bb3) x23 0x00000000
core   0: 0x800088cc (0x00361f93) slli    t6, a2, 3
core   0: 3 0x800088cc (0x00361f93) x31 0xc5900000
core   0: 0x800088d0 (0x407a5693) srai    a3, s4, 7
core   0: 3 0x800088d0 (0x407a5693) x13 0xffffffff
core   0: 0x800088d4 (0x00000013) nop
core   0: 3 0x800088d4 (0x00000013)
core   0: 0x800088d8 (0x00000013) nop
core   0: 3 0x800088d8 (0x00000013)
core   0: 0x800088dc (0x00218d33) add     s10, gp, sp
core   0: 3 0x800088dc (0x00218d33) x26 0x274e0000
core   0: 0x800088e0 (0x03fb1533) mulh    a0, s6, t6
core   0: 3 0x800088e0 (0x03fb1533) x10 0xf1eeca00
core   0: 0x800088e4 (0x00000013) nop
core   0: 3 0x800088e4 (0x00000013)
core   0: 0x800088e8 (0x40e7d393) srai    t2, a5, 14
core   0: 3 0x800088e8 (0x40e7d393) x 7 0x0000f674
core   0: 0x800088ec (0x40df5693) srai    a3, t5, 13
core   0: 3 0x800088ec (0x40df5693) x13 0x00000000
core   0: 0x800088f0 (0x01b98d33) add     s10, s3, s11
core   0: 3 0x800088f0 (0x01b98d33) x26 0x274dfb2f
core   0: 0x800088f4 (0x0034ee33) or      t3, s1, gp
core   0: 3 0x800088f4 (0x0034ee33) x28 0x00000000
core   0: 0x800088f8 (0x40e50fb3) sub     t6, a0, a4
core   0: 3 0x800088f8 (0x40e50fb3) x31 0x71ed3d1c
core   0: 0x800088fc (0x007f5933) srl     s2, t5, t2
core   0: 3 0x800088fc (0x007f5933) x18 0x00000000
core   0: 0x80008900 (0x001c5e33) srl     t3, s8, ra
core   0: 3 0x80008900 (0x001c5e33) x28 0x00000000
core   0: 0x80008904 (0x0030bf33) sltu    t5, ra, gp
core   0: 3 0x80008904 (0x0030bf33) x30 0x00000000
core   0: 0x80008908 (0x01e4d313) srli    t1, s1, 30
core   0: 3 0x80008908 (0x01e4d313) x 6 0x00000000
core   0: 0x8000890c (0x008a2eb3) slt     t4, s4, s0
core   0: 3 0x8000890c (0x008a2eb3) x29 0x00000000
core   0: 0x80008910 (0x03f958b3) divu    a7, s2, t6
core   0: 3 0x80008910 (0x03f958b3) x17 0x00000000
core   0: 0x80008914 (0xe413a393) slti    t2, t2, -447
core   0: 3 0x80008914 (0xe413a393) x 7 0x00000000
core   0: 0x80008918 (0x03bfd5b3) divu    a1, t6, s11
core   0: 3 0x80008918 (0x03bfd5b3) x11 0x10467671
core   0: 0x8000891c (0x01df22b3) slt     t0, t5, t4
core   0: 3 0x8000891c (0x01df22b3) x 5 0x00000000
core   0: 0x80008920 (0x026f5f33) divu    t5, t5, t1
core   0: 3 0x80008920 (0x026f5f33) x30 0xffffffff
core   0: 0x80008924 (0x0295ee33) rem     t3, a1, s1
core   0: 3 0x80008924 (0x0295ee33) x28 0x10467671
core   0: 0x80008928 (0xf18ce613) ori     a2, s9, -232
core   0: 3 0x80008928 (0xf18ce613) x12 0xffffff18
core   0: 0x8000892c (0x02ceb0b3) mulhu   ra, t4, a2
core   0: 3 0x8000892c (0x02ceb0b3) x 1 0x00000000
core   0: 0x80008930 (0xadb08d13) addi    s10, ra, -1317
core   0: 3 0x80008930 (0xadb08d13) x26 0xfffffadb
core   0: 0x80008934 (0x019efe33) and     t3, t4, s9
core   0: 3 0x80008934 (0x019efe33) x28 0x00000000
core   0: 0x80008938 (0x41c9d8b3) sra     a7, s3, t3
core   0: 3 0x80008938 (0x41c9d8b3) x17 0x274dfb28
core   0: 0x8000893c (0x417fd793) srai    a5, t6, 23
core   0: 3 0x8000893c (0x417fd793) x15 0x000000e3
core   0: 0x80008940 (0xceae0393) addi    t2, t3, -790
core   0: 3 0x80008940 (0xceae0393) x 7 0xfffffcea
core   0: 0x80008944 (0xa68b6013) ori     zero, s6, -1432
core   0: 3 0x80008944 (0xa68b6013)
core   0: 0x80008948 (0x0236fd33) remu    s10, a3, gp
core   0: 3 0x80008948 (0x0236fd33) x26 0x00000000
core   0: 0x8000894c (0x00848c33) add     s8, s1, s0
core   0: 3 0x8000894c (0x00848c33) x24 0xffffffff
core   0: 0x80008950 (0x01cddc93) srli    s9, s11, 28
core   0: 3 0x80008950 (0x01cddc93) x25 0x00000000
core   0: 0x80008954 (0xdda88e17) auipc   t3, 0xdda88
core   0: 3 0x80008954 (0xdda88e17) x28 0x5da90954
core   0: 0x80008958 (0x003632b3) sltu    t0, a2, gp
core   0: 3 0x80008958 (0x003632b3) x 5 0x00000000
core   0: 0x8000895c (0x86ced637) lui     a2, 0x86ced
core   0: 3 0x8000895c (0x86ced637) x12 0x86ced000
core   0: 0x80008960 (0x006d5593) srli    a1, s10, 6
core   0: 3 0x80008960 (0x006d5593) x11 0x00000000
core   0: 0x80008964 (0x415c5f13) srai    t5, s8, 21
core   0: 3 0x80008964 (0x415c5f13) x30 0xffffffff
core   0: 0x80008968 (0x02319c33) mulh    s8, gp, gp
core   0: 3 0x80008968 (0x02319c33) x24 0x00000000
core   0: 0x8000896c (0x0038d313) srli    t1, a7, 3
core   0: 3 0x8000896c (0x0038d313) x 6 0x04e9bf65
core   0: 0x80008970 (0x035b4e33) div     t3, s6, s5
core   0: 3 0x80008970 (0x035b4e33) x28 0xffffffff
core   0: 0x80008974 (0x01c84433) xor     s0, a6, t3
core   0: 3 0x80008974 (0x01c84433) x 8 0x7ffeb19b
core   0: 0x80008978 (0x01849593) slli    a1, s1, 24
core   0: 3 0x80008978 (0x01849593) x11 0x00000000
core   0: 0x8000897c (0x40afdbb3) sra     s7, t6, a0
core   0: 3 0x8000897c (0x40afdbb3) x23 0x71ed3d1c
core   0: 0x80008980 (0x025303b3) mul     t2, t1, t0
core   0: 3 0x80008980 (0x025303b3) x 7 0x00000000
core   0: 0x80008984 (0x033fc533) div     a0, t6, s3
core   0: 3 0x80008984 (0x033fc533) x10 0x00000002
core   0: 0x80008988 (0x250eaa13) slti    s4, t4, 592
core   0: 3 0x80008988 (0x250eaa13) x20 0x00000001
core   0: 0x8000898c (0x6ccb0617) auipc   a2, 0x6ccb0
core   0: 3 0x8000898c (0x6ccb0617) x12 0xeccb898c
core   0: 0x80008990 (0x54e1bf13) sltiu   t5, gp, 1358
core   0: 3 0x80008990 (0x54e1bf13) x30 0x00000001
core   0: 0x80008994 (0x02da99b3) mulh    s3, s5, a3
core   0: 3 0x80008994 (0x02da99b3) x19 0x00000000
core   0: 0x80008998 (0x0226b5b3) mulhu   a1, a3, sp
core   0: 3 0x80008998 (0x0226b5b3) x11 0x00000000
core   0: 0x8000899c (0x00000013) nop
core   0: 3 0x8000899c (0x00000013)
core   0: 0x800089a0 (0xdee78e93) addi    t4, a5, -530
core   0: 3 0x800089a0 (0xdee78e93) x29 0xfffffed1
core   0: 0x800089a4 (0x0097d793) srli    a5, a5, 9
core   0: 3 0x800089a4 (0x0097d793) x15 0x00000000
core   0: 0x800089a8 (0x375d4f93) xori    t6, s10, 885
core   0: 3 0x800089a8 (0x375d4f93) x31 0x00000375
core   0: 0x800089ac (0x008a5e93) srli    t4, s4, 8
core   0: 3 0x800089ac (0x008a5e93) x29 0x00000000
core   0: 0x800089b0 (0xf21d8913) addi    s2, s11, -223
core   0: 3 0x800089b0 (0xf21d8913) x18 0xffffff28
core   0: 0x800089b4 (0x78c62313) slti    t1, a2, 1932
core   0: 3 0x800089b4 (0x78c62313) x 6 0x00000001
core   0: 0x800089b8 (0xc53f6297) auipc   t0, 0xc53f6
core   0: 3 0x800089b8 (0xc53f6297) x 5 0x453fe9b8
core   0: 0x800089bc (0x019a58b3) srl     a7, s4, s9
core   0: 3 0x800089bc (0x019a58b3) x17 0x00000001
core   0: 0x800089c0 (0x33207217) auipc   tp, 0x33207
core   0: 3 0x800089c0 (0x33207217) x 4 0xb320f9c0
core   0: 0x800089c4 (0x01497a33) and     s4, s2, s4
core   0: 3 0x800089c4 (0x01497a33) x20 0x00000000
core   0: 0x800089c8 (0x039f8cb3) mul     s9, t6, s9
core   0: 3 0x800089c8 (0x039f8cb3) x25 0x00000000
core   0: 0x800089cc (0x00000013) nop
core   0: 3 0x800089cc (0x00000013)
core   0: 0x800089d0 (0x00da1f33) sll     t5, s4, a3
core   0: 3 0x800089d0 (0x00da1f33) x30 0x00000000
core   0: 0x800089d4 (0x010fabb3) slt     s7, t6, a6
core   0: 3 0x800089d4 (0x010fabb3) x23 0x00000000
core   0: 0x800089d8 (0x037d06b3) mul     a3, s10, s7
core   0: 3 0x800089d8 (0x037d06b3) x13 0x00000000
core   0: 0x800089dc (0x029a46b3) div     a3, s4, s1
core   0: 3 0x800089dc (0x029a46b3) x13 0xffffffff
core   0: 0x800089e0 (0x00801013) slli    zero, zero, 8
core   0: 3 0x800089e0 (0x00801013)
core   0: 0x800089e4 (0xf5617e93) andi    t4, sp, -170
core   0: 3 0x800089e4 (0xf5617e93) x29 0x274e0000
core   0: 0x800089e8 (0x01b30633) add     a2, t1, s11
core   0: 3 0x800089e8 (0x01b30633) x12 0x00000008
core   0: 0x800089ec (0x01141193) slli    gp, s0, 17
core   0: 3 0x800089ec (0x01141193) x 3 0x63360000
core   0: 0x800089f0 (0x0284d2b3) divu    t0, s1, s0
core   0: 3 0x800089f0 (0x0284d2b3) x 5 0x00000000
core   0: 0x800089f4 (0x00000013) nop
core   0: 3 0x800089f4 (0x00000013)
core   0: 0x800089f8 (0x01686433) or      s0, a6, s6
core   0: 3 0x800089f8 (0x01686433) x 8 0xbda14e64
core   0: 0x800089fc (0xef9db313) sltiu   t1, s11, -263
core   0: 3 0x800089fc (0xef9db313) x 6 0x00000001
core   0: 0x80008a00 (0x0332eeb3) rem     t4, t0, s3
core   0: 3 0x80008a00 (0x0332eeb3) x29 0x00000000
core   0: 0x80008a04 (0x5d5a3213) sltiu   tp, s4, 1493
core   0: 3 0x80008a04 (0x5d5a3213) x 4 0x00000001
core   0: 0x80008a08 (0x01ad3a33) sltu    s4, s10, s10
core   0: 3 0x80008a08 (0x01ad3a33) x20 0x00000000
core   0: 0x80008a0c (0x86116937) lui     s2, 0x86116
core   0: 3 0x80008a0c (0x86116937) x18 0x86116000
core   0: 0x80008a10 (0x0035c7b3) xor     a5, a1, gp
core   0: 3 0x80008a10 (0x0035c7b3) x15 0x63360000
core   0: 0x80008a14 (0x01b8e7b3) or      a5, a7, s11
core   0: 3 0x80008a14 (0x01b8e7b3) x15 0x00000007
core   0: 0x80008a18 (0x9e8ec013) xori    zero, t4, -1560
core   0: 3 0x80008a18 (0x9e8ec013)
core   0: 0x80008a1c (0x00560a33) add     s4, a2, t0
core   0: 3 0x80008a1c (0x00560a33) x20 0x00000008
core   0: 0x80008a20 (0xf6bdb013) sltiu   zero, s11, -149
core   0: 3 0x80008a20 (0xf6bdb013)
core   0: 0x80008a24 (0x02db84b3) mul     s1, s7, a3
core   0: 3 0x80008a24 (0x02db84b3) x 9 0x00000000
core   0: 0x80008a28 (0x019d1f33) sll     t5, s10, s9
core   0: 3 0x80008a28 (0x019d1f33) x30 0x00000000
core   0: 0x80008a2c (0x00dd5133) srl     sp, s10, a3
core   0: 3 0x80008a2c (0x00dd5133) x 2 0x00000000
core   0: 0x80008a30 (0x41a0d113) srai    sp, ra, 26
core   0: 3 0x80008a30 (0x41a0d113) x 2 0x00000000
core   0: 0x80008a34 (0x133afc93) andi    s9, s5, 307
core   0: 3 0x80008a34 (0x133afc93) x25 0x00000000
core   0: 0x80008a38 (0x02ecc5b3) div     a1, s9, a4
core   0: 3 0x80008a38 (0x02ecc5b3) x11 0x00000000
core   0: 0x80008a3c (0x4c35b4b7) lui     s1, 0x4c35b
core   0: 3 0x80008a3c (0x4c35b4b7) x 9 0x4c35b000
core   0: 0x80008a40 (0x03660133) mul     sp, a2, s6
core   0: 3 0x80008a40 (0x03660133) x 2 0xed000000
core   0: 0x80008a44 (0x4279fc37) lui     s8, 0x4279f
core   0: 3 0x80008a44 (0x4279fc37) x24 0x4279f000
core   0: 0x80008a48 (0x01adbfb3) sltu    t6, s11, s10
core   0: 3 0x80008a48 (0x01adbfb3) x31 0x00000000
core   0: 0x80008a4c (0xd019a293) slti    t0, s3, -767
core   0: 3 0x80008a4c (0xd019a293) x 5 0x00000000
core   0: 0x80008a50 (0x0096d693) srli    a3, a3, 9
core   0: 3 0x80008a50 (0x0096d693) x13 0x007fffff
core   0: 0x80008a54 (0x66a2ac93) slti    s9, t0, 1642
core   0: 3 0x80008a54 (0x66a2ac93) x25 0x00000001
core   0: 0x80008a58 (0x40b1d633) sra     a2, gp, a1
core   0: 3 0x80008a58 (0x40b1d633) x12 0x63360000
core   0: 0x80008a5c (0x412700b3) sub     ra, a4, s2
core   0: 3 0x80008a5c (0x412700b3) x 1 0xf9f02ce4
core   0: 0x80008a60 (0x02cb7133) remu    sp, s6, a2
core   0: 3 0x80008a60 (0x02cb7133) x 2 0x3da00000
core   0: 0x80008a64 (0x00000013) nop
core   0: 3 0x80008a64 (0x00000013)
core   0: 0x80008a68 (0x40b15a13) srai    s4, sp, 11
core   0: 3 0x80008a68 (0x40b15a13) x20 0x0007b400
core   0: 0x80008a6c (0x01fe1e33) sll     t3, t3, t6
core   0: 3 0x80008a6c (0x01fe1e33) x28 0xffffffff
core   0: 0x80008a70 (0x0069f433) and     s0, s3, t1
core   0: 3 0x80008a70 (0x0069f433) x 8 0x00000000
core   0: 0x80008a74 (0x03fe7bb3) remu    s7, t3, t6
core   0: 3 0x80008a74 (0x03fe7bb3) x23 0xffffffff
core   0: 0x80008a78 (0x6bd10193) addi    gp, sp, 1725
core   0: 3 0x80008a78 (0x6bd10193) x 3 0x3da006bd
core   0: 0x80008a7c (0x00abbd33) sltu    s10, s7, a0
core   0: 3 0x80008a7c (0x00abbd33) x26 0x00000000
core   0: 0x80008a80 (0x006958b3) srl     a7, s2, t1
core   0: 3 0x80008a80 (0x006958b3) x17 0x4308b000
core   0: 0x80008a84 (0x35ba9897) auipc   a7, 0x35ba9
core   0: 3 0x80008a84 (0x35ba9897) x17 0xb5bb1a84
core   0: 0x80008a88 (0x031e45b3) div     a1, t3, a7
core   0: 3 0x80008a88 (0x031e45b3) x11 0x00000000
core   0: 0x80008a8c (0x02e1dbb3) divu    s7, gp, a4
core   0: 3 0x80008a8c (0x02e1dbb3) x23 0x00000000
core   0: 0x80008a90 (0x6f06b013) sltiu   zero, a3, 1776
core   0: 3 0x80008a90 (0x6f06b013)
core   0: 0x80008a94 (0x0148ec13) ori     s8, a7, 20
core   0: 3 0x80008a94 (0x0148ec13) x24 0xb5bb1a94
core   0: 0x80008a98 (0x01155933) srl     s2, a0, a7
core   0: 3 0x80008a98 (0x01155933) x18 0x00000000
core   0: 0x80008a9c (0xc43b3693) sltiu   a3, s6, -957
core   0: 3 0x80008a9c (0xc43b3693) x13 0x00000001
core   0: 0x80008aa0 (0x03d113b3) mulh    t2, sp, t4
core   0: 3 0x80008aa0 (0x03d113b3) x 7 0x00000000
core   0: 0x80008aa4 (0x002298b3) sll     a7, t0, sp
core   0: 3 0x80008aa4 (0x002298b3) x17 0x00000000
core   0: 0x80008aa8 (0x0387ea33) rem     s4, a5, s8
core   0: 3 0x80008aa8 (0x0387ea33) x20 0x00000007
core   0: 0x80008aac (0x59378113) addi    sp, a5, 1427
core   0: 3 0x80008aac (0x59378113) x 2 0x0000059a
core   0: 0x80008ab0 (0x7d7eff97) auipc   t6, 0x7d7ef
core   0: 3 0x80008ab0 (0x7d7eff97) x31 0xfd7f7ab0
core   0: 0x80008ab4 (0x0056d193) srli    gp, a3, 5
core   0: 3 0x80008ab4 (0x0056d193) x 3 0x00000000
core   0: 0x80008ab8 (0x00000013) nop
core   0: 3 0x80008ab8 (0x00000013)
core   0: 0x80008abc (0x4148dc33) sra     s8, a7, s4
core   0: 3 0x80008abc (0x4148dc33) x24 0x00000000
core   0: 0x80008ac0 (0x00573533) sltu    a0, a4, t0
core   0: 3 0x80008ac0 (0x00573533) x10 0x00000000
core   0: 0x80008ac4 (0xcefaea93) ori     s5, s5, -785
core   0: 3 0x80008ac4 (0xcefaea93) x21 0xfffffcef
core   0: 0x80008ac8 (0x00a9b633) sltu    a2, s3, a0
core   0: 3 0x80008ac8 (0x00a9b633) x12 0x00000000
core   0: 0x80008acc (0x01abdf33) srl     t5, s7, s10
core   0: 3 0x80008acc (0x01abdf33) x30 0x00000000
core   0: 0x80008ad0 (0x01fb1613) slli    a2, s6, 31
core   0: 3 0x80008ad0 (0x01fb1613) x12 0x00000000
core   0: 0x80008ad4 (0xa2d26a13) ori     s4, tp, -1491
core   0: 3 0x80008ad4 (0xa2d26a13) x20 0xfffffa2d
core   0: 0x80008ad8 (0x00000013) nop
core   0: 3 0x80008ad8 (0x00000013)
core   0: 0x80008adc (0x0393aab3) mulhsu  s5, t2, s9
core   0: 3 0x80008adc (0x0393aab3) x21 0x00000000
core   0: 0x80008ae0 (0x4183d393) srai    t2, t2, 24
core   0: 3 0x80008ae0 (0x4183d393) x 7 0x00000000
core   0: 0x80008ae4 (0x00db0333) add     t1, s6, a3
core   0: 3 0x80008ae4 (0x00db0333) x 6 0x3da00001
core   0: 0x80008ae8 (0x0024d293) srli    t0, s1, 2
core   0: 3 0x80008ae8 (0x0024d293) x 5 0x130d6c00
core   0: 0x80008aec (0x0256df33) divu    t5, a3, t0
core   0: 3 0x80008aec (0x0256df33) x30 0x00000000
core   0: 0x80008af0 (0x0d69ce93) xori    t4, s3, 214
core   0: 3 0x80008af0 (0x0d69ce93) x29 0x000000d6
core   0: 0x80008af4 (0xc67e8313) addi    t1, t4, -921
core   0: 3 0x80008af4 (0xc67e8313) x 6 0xfffffd3d
core   0: 0x80008af8 (0x007bad33) slt     s10, s7, t2
core   0: 3 0x80008af8 (0x007bad33) x26 0x00000000
core   0: 0x80008afc (0x41fc52b3) sra     t0, s8, t6
core   0: 3 0x80008afc (0x41fc52b3) x 5 0x00000000
core   0: 0x80008b00 (0x030a30b3) mulhu   ra, s4, a6
core   0: 3 0x80008b00 (0x030a30b3) x 1 0x80014b7a
core   0: 0x80008b04 (0x03f261b3) rem     gp, tp, t6
core   0: 3 0x80008b04 (0x03f261b3) x 3 0x00000001
core   0: 0x80008b08 (0x00699033) sll     zero, s3, t1
core   0: 3 0x80008b08 (0x00699033)
core   0: 0x80008b0c (0x02c26fb3) rem     t6, tp, a2
core   0: 3 0x80008b0c (0x02c26fb3) x31 0x00000001
core   0: 0x80008b10 (0x03ea2633) mulhsu  a2, s4, t5
core   0: 3 0x80008b10 (0x03ea2633) x12 0x00000000
core   0: 0x80008b14 (0x01709c33) sll     s8, ra, s7
core   0: 3 0x80008b14 (0x01709c33) x24 0x80014b7a
core   0: 0x80008b18 (0x02086033) rem     zero, a6, zero
core   0: 3 0x80008b18 (0x02086033)
core   0: 0x80008b1c (0xacdbdeb7) lui     t4, 0xacdbd
core   0: 3 0x80008b1c (0xacdbdeb7) x29 0xacdbd000
core   0: 0x80008b20 (0x025c5d33) divu    s10, s8, t0
core   0: 3 0x80008b20 (0x025c5d33) x26 0xffffffff
core   0: 0x80008b24 (0x00d59213) slli    tp, a1, 13
core   0: 3 0x80008b24 (0x00d59213) x 4 0x00000000
core   0: 0x80008b28 (0x40864593) xori    a1, a2, 1032
core   0: 3 0x80008b28 (0x40864593) x11 0x00000408
core   0: 0x80008b2c (0x06dd2513) slti    a0, s10, 109
core   0: 3 0x80008b2c (0x06dd2513) x10 0x00000001
core   0: 0x80008b30 (0x03ac11b3) mulh    gp, s8, s10
core   0: 3 0x80008b30 (0x03ac11b3) x 3 0x00000000
core   0: 0x80008b34 (0x4027de13) srai    t3, a5, 2
core   0: 3 0x80008b34 (0x4027de13) x28 0x00000001
core   0: 0x80008b38 (0x018215b3) sll     a1, tp, s8
core   0: 3 0x80008b38 (0x018215b3) x11 0x00000000
core   0: 0x80008b3c (0x407a8b33) sub     s6, s5, t2
core   0: 3 0x80008b3c (0x407a8b33) x22 0x00000000
core   0: 0x80008b40 (0x031f9233) mulh    tp, t6, a7
core   0: 3 0x80008b40 (0x031f9233) x 4 0x00000000
core   0: 0x80008b44 (0x003e58b3) srl     a7, t3, gp
core   0: 3 0x80008b44 (0x003e58b3) x17 0x00000001
core   0: 0x80008b48 (0x03cd8033) mul     zero, s11, t3
core   0: 3 0x80008b48 (0x03cd8033)
core   0: 0x80008b4c (0xeede3313) sltiu   t1, t3, -275
core   0: 3 0x80008b4c (0xeede3313) x 6 0x00000001
core   0: 0x80008b50 (0x11a76413) ori     s0, a4, 282
core   0: 3 0x80008b50 (0x11a76413) x 8 0x80018dfe
core   0: 0x80008b54 (0x417d5233) sra     tp, s10, s7
core   0: 3 0x80008b54 (0x417d5233) x 4 0xffffffff
core   0: 0x80008b58 (0x7680f893) andi    a7, ra, 1896
core   0: 3 0x80008b58 (0x7680f893) x17 0x00000368
core   0: 0x80008b5c (0x0281d033) divu    zero, gp, s0
core   0: 3 0x80008b5c (0x0281d033)
core   0: 0x80008b60 (0x01c79f33) sll     t5, a5, t3
core   0: 3 0x80008b60 (0x01c79f33) x30 0x0000000e
core   0: 0x80008b64 (0x03fba1b3) mulhsu  gp, s7, t6
core   0: 3 0x80008b64 (0x03fba1b3) x 3 0x00000000
core   0: 0x80008b68 (0x01d80c33) add     s8, a6, t4
core   0: 3 0x80008b68 (0x01d80c33) x24 0x2cdd1e64
core   0: 0x80008b6c (0x02b5ffb3) remu    t6, a1, a1
core   0: 3 0x80008b6c (0x02b5ffb3) x31 0x00000000
core   0: 0x80008b70 (0x03612533) mulhsu  a0, sp, s6
core   0: 3 0x80008b70 (0x03612533) x10 0x00000000
core   0: 0x80008b74 (0xf005cc93) xori    s9, a1, -256
core   0: 3 0x80008b74 (0xf005cc93) x25 0xffffff00
core   0: 0x80008b78 (0x03663633) mulhu   a2, a2, s6
core   0: 3 0x80008b78 (0x03663633) x12 0x00000000
core   0: 0x80008b7c (0xf327ce93) xori    t4, a5, -206
core   0: 3 0x80008b7c (0xf327ce93) x29 0xffffff35
core   0: 0x80008b80 (0x03a45633) divu    a2, s0, s10
core   0: 3 0x80008b80 (0x03a45633) x12 0x00000000
core   0: 0x80008b84 (0x01cbb2b3) sltu    t0, s7, t3
core   0: 3 0x80008b84 (0x01cbb2b3) x 5 0x00000001
core   0: 0x80008b88 (0x03e155b3) divu    a1, sp, t5
core   0: 3 0x80008b88 (0x03e155b3) x11 0x00000066
core   0: 0x80008b8c (0x92d73f37) lui     t5, 0x92d73
core   0: 3 0x80008b8c (0x92d73f37) x30 0x92d73000
core   0: 0x80008b90 (0x19cd37b7) lui     a5, 0x19cd3
core   0: 3 0x80008b90 (0x19cd37b7) x15 0x19cd3000
core   0: 0x80008b94 (0x015954b3) srl     s1, s2, s5
core   0: 3 0x80008b94 (0x015954b3) x 9 0x00000000
core   0: 0x80008b98 (0x409881b3) sub     gp, a7, s1
core   0: 3 0x80008b98 (0x409881b3) x 3 0x00000368
core   0: 0x80008b9c (0x01c0ae33) slt     t3, ra, t3
core   0: 3 0x80008b9c (0x01c0ae33) x28 0x00000001
core   0: 0x80008ba0 (0x721bff13) andi    t5, s7, 1825
core   0: 3 0x80008ba0 (0x721bff13) x30 0x00000000
core   0: 0x80008ba4 (0x03938433) mul     s0, t2, s9
core   0: 3 0x80008ba4 (0x03938433) x 8 0x00000000
core   0: 0x80008ba8 (0x02a4c633) div     a2, s1, a0
core   0: 3 0x80008ba8 (0x02a4c633) x12 0xffffffff
core   0: 0x80008bac (0x02eb3cb3) mulhu   s9, s6, a4
core   0: 3 0x80008bac (0x02eb3cb3) x25 0x00000000
core   0: 0x80008bb0 (0xba960993) addi    s3, a2, -1111
core   0: 3 0x80008bb0 (0xba960993) x19 0xfffffba8
core   0: 0x80008bb4 (0x01ff76b3) and     a3, t5, t6
core   0: 3 0x80008bb4 (0x01ff76b3) x13 0x00000000
core   0: 0x80008bb8 (0x003386b3) add     a3, t2, gp
core   0: 3 0x80008bb8 (0x003386b3) x13 0x00000368
core   0: 0x80008bbc (0xa7288213) addi    tp, a7, -1422
core   0: 3 0x80008bbc (0xa7288213) x 4 0xfffffdda
core   0: 0x80008bc0 (0x03be2cb3) mulhsu  s9, t3, s11
core   0: 3 0x80008bc0 (0x03be2cb3) x25 0x00000000
core   0: 0x80008bc4 (0x41bf5633) sra     a2, t5, s11
core   0: 3 0x80008bc4 (0x41bf5633) x12 0x00000000
core   0: 0x80008bc8 (0x02a4efb3) rem     t6, s1, a0
core   0: 3 0x80008bc8 (0x02a4efb3) x31 0x00000000
core   0: 0x80008bcc (0x02b1e433) rem     s0, gp, a1
core   0: 3 0x80008bcc (0x02b1e433) x 8 0x00000038
core   0: 0x80008bd0 (0x019983b3) add     t2, s3, s9
core   0: 3 0x80008bd0 (0x019983b3) x 7 0xfffffba8
core   0: 0x80008bd4 (0x000f88b3) add     a7, t6, zero
core   0: 3 0x80008bd4 (0x000f88b3) x17 0x00000000
core   0: 0x80008bd8 (0xddfc4313) xori    t1, s8, -545
core   0: 3 0x80008bd8 (0xddfc4313) x 6 0xd322e3bb
core   0: 0x80008bdc (0x01939533) sll     a0, t2, s9
core   0: 3 0x80008bdc (0x01939533) x10 0xfffffba8
core   0: 0x80008be0 (0x01058533) add     a0, a1, a6
core   0: 3 0x80008be0 (0x01058533) x10 0x80014eca
core   0: 0x80008be4 (0x01361a93) slli    s5, a2, 19
core   0: 3 0x80008be4 (0x01361a93) x21 0x00000000
core   0: 0x80008be8 (0x00a22f33) slt     t5, tp, a0
core   0: 3 0x80008be8 (0x00a22f33) x30 0x00000000
core   0: 0x80008bec (0x8c5b4c93) xori    s9, s6, -1851
core   0: 3 0x80008bec (0x8c5b4c93) x25 0xfffff8c5
core   0: 0x80008bf0 (0x02596233) rem     tp, s2, t0
core   0: 3 0x80008bf0 (0x02596233) x 4 0x00000000
core   0: 0x80008bf4 (0x00fca6b3) slt     a3, s9, a5
core   0: 3 0x80008bf4 (0x00fca6b3) x13 0x00000001
core   0: 0x80008bf8 (0x00f8e5b3) or      a1, a7, a5
core   0: 3 0x80008bf8 (0x00f8e5b3) x11 0x19cd3000
core   0: 0x80008bfc (0x00433f33) sltu    t5, t1, tp
core   0: 3 0x80008bfc (0x00433f33) x30 0x00000000
core   0: 0x80008c00 (0x030b82b3) mul     t0, s7, a6
core   0: 3 0x80008c00 (0x030b82b3) x 5 0x00000000
core   0: 0x80008c04 (0x009889b3) add     s3, a7, s1
core   0: 3 0x80008c04 (0x009889b3) x19 0x00000000
core   0: 0x80008c08 (0x00408797) auipc   a5, 0x408
core   0: 3 0x80008c08 (0x00408797) x15 0x80410c08
core   0: 0x80008c0c (0xd9496a13) ori     s4, s2, -620
core   0: 3 0x80008c0c (0xd9496a13) x20 0xfffffd94
core   0: 0x80008c10 (0xa1ee54b7) lui     s1, 0xa1ee5
core   0: 3 0x80008c10 (0xa1ee54b7) x 9 0xa1ee5000
core   0: 0x80008c14 (0x01c71bb3) sll     s7, a4, t3
core   0: 3 0x80008c14 (0x01c71bb3) x23 0x000319c8
core   0: 0x80008c18 (0xedbbd597) auipc   a1, 0xedbbd
core   0: 3 0x80008c18 (0xedbbd597) x11 0x6dbc5c18
core   0: 0x80008c1c (0x015843b3) xor     t2, a6, s5
core   0: 3 0x80008c1c (0x015843b3) x 7 0x80014e64
core   0: 0x80008c20 (0x0121dbb3) srl     s7, gp, s2
core   0: 3 0x80008c20 (0x0121dbb3) x23 0x00000368
core   0: 0x80008c24 (0x013c1913) slli    s2, s8, 19
core   0: 3 0x80008c24 (0x013c1913) x18 0xf3200000
core   0: 0x80008c28 (0x03341b33) mulh    s6, s0, s3
core   0: 3 0x80008c28 (0x03341b33) x22 0x00000000
core   0: 0x80008c2c (0x3bccf493) andi    s1, s9, 956
core   0: 3 0x80008c2c (0x3bccf493) x 9 0x00000084
core   0: 0x80008c30 (0x41f00e33) sub     t3, zero, t6
core   0: 3 0x80008c30 (0x41f00e33) x28 0x00000000
core   0: 0x80008c34 (0x013e1513) slli    a0, t3, 19
core   0: 3 0x80008c34 (0x013e1513) x10 0x00000000
core   0: 0x80008c38 (0x0250ca33) div     s4, ra, t0
core   0: 3 0x80008c38 (0x0250ca33) x20 0xffffffff
core   0: 0x80008c3c (0x01406933) or      s2, zero, s4
core   0: 3 0x80008c3c (0x01406933) x18 0xffffffff
core   0: 0x80008c40 (0x003c9513) slli    a0, s9, 3
core   0: 3 0x80008c40 (0x003c9513) x10 0xffffc628
core   0: 0x80008c44 (0x028da933) mulhsu  s2, s11, s0
core   0: 3 0x80008c44 (0x028da933) x18 0x00000000
core   0: 0x80008c48 (0xbe8c1017) auipc   zero, 0xbe8c1
core   0: 3 0x80008c48 (0xbe8c1017)
core   0: 0x80008c4c (0x004b91b3) sll     gp, s7, tp
core   0: 3 0x80008c4c (0x004b91b3) x 3 0x00000368
core   0: 0x80008c50 (0x028721b3) mulhsu  gp, a4, s0
core   0: 3 0x80008c50 (0x028721b3) x 3 0xffffffe4
core   0: 0x80008c54 (0x40c05cb3) sra     s9, zero, a2
core   0: 3 0x80008c54 (0x40c05cb3) x25 0x00000000
core   0: 0x80008c58 (0x017a5013) srli    zero, s4, 23
core   0: 3 0x80008c58 (0x017a5013)
core   0: 0x80008c5c (0x00e483b3) add     t2, s1, a4
core   0: 3 0x80008c5c (0x00e483b3) x 7 0x80018d68
core   0: 0x80008c60 (0x01cda633) slt     a2, s11, t3
core   0: 3 0x80008c60 (0x01cda633) x12 0x00000000
core   0: 0x80008c64 (0x235e4c93) xori    s9, t3, 565
core   0: 3 0x80008c64 (0x235e4c93) x25 0x00000235
core   0: 0x80008c68 (0xa7ea7a93) andi    s5, s4, -1410
core   0: 3 0x80008c68 (0xa7ea7a93) x21 0xfffffa7e
core   0: 0x80008c6c (0x01301613) slli    a2, zero, 19
core   0: 3 0x80008c6c (0x01301613) x12 0x00000000
core   0: 0x80008c70 (0x00000013) nop
core   0: 3 0x80008c70 (0x00000013)
core   0: 0x80008c74 (0x0195e0b3) or      ra, a1, s9
core   0: 3 0x80008c74 (0x0195e0b3) x 1 0x6dbc5e3d
core   0: 0x80008c78 (0x3ba9ea93) ori     s5, s3, 954
core   0: 3 0x80008c78 (0x3ba9ea93) x21 0x000003ba
core   0: 0x80008c7c (0x957cf213) andi    tp, s9, -1705
core   0: 3 0x80008c7c (0x957cf213) x 4 0x00000015
core   0: 0x80008c80 (0xe3512f97) auipc   t6, 0xe3512
core   0: 3 0x80008c80 (0xe3512f97) x31 0x6351ac80
core   0: 0x80008c84 (0x03dd06b3) mul     a3, s10, t4
core   0: 3 0x80008c84 (0x03dd06b3) x13 0x000000cb
core   0: 0x80008c88 (0x5ef8ff13) andi    t5, a7, 1519
core   0: 3 0x80008c88 (0x5ef8ff13) x30 0x00000000
core   0: 0x80008c8c (0x01aedd13) srli    s10, t4, 26
core   0: 3 0x80008c8c (0x01aedd13) x26 0x0000003f
core   0: 0x80008c90 (0x01429eb3) sll     t4, t0, s4
core   0: 3 0x80008c90 (0x01429eb3) x29 0x00000000
core   0: 0x80008c94 (0x02139033) mulh    zero, t2, ra
core   0: 3 0x80008c94 (0x02139033)
core   0: 0x80008c98 (0x000b7a33) and     s4, s6, zero
core   0: 3 0x80008c98 (0x000b7a33) x20 0x00000000
core   0: 0x80008c9c (0x4142db13) srai    s6, t0, 20
core   0: 3 0x80008c9c (0x4142db13) x22 0x00000000
core   0: 0x80008ca0 (0x037ef333) remu    t1, t4, s7
core   0: 3 0x80008ca0 (0x037ef333) x 6 0x00000000
core   0: 0x80008ca4 (0x0024a2b3) slt     t0, s1, sp
core   0: 3 0x80008ca4 (0x0024a2b3) x 5 0x00000001
core   0: 0x80008ca8 (0x039d0b33) mul     s6, s10, s9
core   0: 3 0x80008ca8 (0x039d0b33) x22 0x00008b0b
core   0: 0x80008cac (0xed691cb7) lui     s9, 0xed691
core   0: 3 0x80008cac (0xed691cb7) x25 0xed691000
core   0: 0x80008cb0 (0x1501cd17) auipc   s10, 0x1501c
core   0: 3 0x80008cb0 (0x1501cd17) x26 0x95024cb0
core   0: 0x80008cb4 (0xfa2baf93) slti    t6, s7, -94
core   0: 3 0x80008cb4 (0xfa2baf93) x31 0x00000000
core   0: 0x80008cb8 (0x0367b333) mulhu   t1, a5, s6
core   0: 3 0x80008cb8 (0x0367b333) x 6 0x000045a8
core   0: 0x80008cbc (0x01981fb3) sll     t6, a6, s9
core   0: 3 0x80008cbc (0x01981fb3) x31 0x80014e64
core   0: 0x80008cc0 (0x011855b3) srl     a1, a6, a7
core   0: 3 0x80008cc0 (0x011855b3) x11 0x80014e64
core   0: 0x80008cc4 (0x02c742b3) div     t0, a4, a2
core   0: 3 0x80008cc4 (0x02c742b3) x 5 0xffffffff
core   0: 0x80008cc8 (0x02f39c33) mulh    s8, t2, a5
core   0: 3 0x80008cc8 (0x02f39c33) x24 0x3fdeb3ac
core   0: 0x80008ccc (0x0e5a2913) slti    s2, s4, 229
core   0: 3 0x80008ccc (0x0e5a2913) x18 0x00000001
core   0: 0x80008cd0 (0x009d8e33) add     t3, s11, s1
core   0: 3 0x80008cd0 (0x009d8e33) x28 0x0000008b
core   0: 0x80008cd4 (0x01c19933) sll     s2, gp, t3
core   0: 3 0x80008cd4 (0x01c19933) x18 0xffff2000
core   0: 0x80008cd8 (0x034016b3) mulh    a3, zero, s4
core   0: 3 0x80008cd8 (0x034016b3) x13 0x00000000
core   0: 0x80008cdc (0x4024d333) sra     t1, s1, sp
core   0: 3 0x80008cdc (0x4024d333) x 6 0x00000000
core   0: 0x80008ce0 (0x415dd093) srai    ra, s11, 21
core   0: 3 0x80008ce0 (0x415dd093) x 1 0x00000000
core   0: 0x80008ce4 (0x02b4b6b3) mulhu   a3, s1, a1
core   0: 3 0x80008ce4 (0x02b4b6b3) x13 0x00000042
core   0: 0x80008ce8 (0x03698b33) mul     s6, s3, s6
core   0: 3 0x80008ce8 (0x03698b33) x22 0x00000000
core   0: 0x80008cec (0x00715f93) srli    t6, sp, 7
core   0: 3 0x80008cec (0x00715f93) x31 0x0000000b
core   0: 0x80008cf0 (0x012e1c33) sll     s8, t3, s2
core   0: 3 0x80008cf0 (0x012e1c33) x24 0x0000008b
core   0: 0x80008cf4 (0x02ecfbb3) remu    s7, s9, a4
core   0: 3 0x80008cf4 (0x02ecfbb3) x23 0x6d67831c
core   0: 0x80008cf8 (0x00b403b3) add     t2, s0, a1
core   0: 3 0x80008cf8 (0x00b403b3) x 7 0x80014e9c
core   0: 0x80008cfc (0x017913b3) sll     t2, s2, s7
core   0: 3 0x80008cfc (0x017913b3) x 7 0x00000000
core   0: 0x80008d00 (0x026977b3) remu    a5, s2, t1
core   0: 3 0x80008d00 (0x026977b3) x15 0xffff2000
core   0: 0x80008d04 (0x01ea5113) srli    sp, s4, 30
core   0: 3 0x80008d04 (0x01ea5113) x 2 0x00000000
core   0: 0x80008d08 (0x01e75d13) srli    s10, a4, 30
core   0: 3 0x80008d08 (0x01e75d13) x26 0x00000002
core   0: 0x80008d0c (0xeff84793) xori    a5, a6, -257
core   0: 3 0x80008d0c (0xeff84793) x15 0x7ffeb09b
core   0: 0x80008d10 (0x00601d33) sll     s10, zero, t1
core   0: 3 0x80008d10 (0x00601d33) x26 0x00000000
core   0: 0x80008d14 (0x0089e933) or      s2, s3, s0
core   0: 3 0x80008d14 (0x0089e933) x18 0x00000038
core   0: 0x80008d18 (0x55a298b7) lui     a7, 0x55a29
core   0: 3 0x80008d18 (0x55a298b7) x17 0x55a29000
core   0: 0x80008d1c (0x0046b233) sltu    tp, a3, tp
core   0: 3 0x80008d1c (0x0046b233) x 4 0x00000000
core   0: 0x80008d20 (0xbdd03113) sltiu   sp, zero, -1059
core   0: 3 0x80008d20 (0xbdd03113) x 2 0x00000001
core   0: 0x80008d24 (0x018bc333) xor     t1, s7, s8
core   0: 3 0x80008d24 (0x018bc333) x 6 0x6d678397
core   0: 0x80008d28 (0x01b388b3) add     a7, t2, s11
core   0: 3 0x80008d28 (0x01b388b3) x17 0x00000007
core   0: 0x80008d2c (0x0250e5b3) rem     a1, ra, t0
core   0: 3 0x80008d2c (0x0250e5b3) x11 0x00000000
core   0: 0x80008d30 (0x03ad20b3) mulhsu  ra, s10, s10
core   0: 3 0x80008d30 (0x03ad20b3) x 1 0x00000000
core   0: 0x80008d34 (0x03201633) mulh    a2, zero, s2
core   0: 3 0x80008d34 (0x03201633) x12 0x00000000
core   0: 0x80008d38 (0x401a5613) srai    a2, s4, 1
core   0: 3 0x80008d38 (0x401a5613) x12 0x00000000
core   0: 0x80008d3c (0x024fe033) rem     zero, t6, tp
core   0: 3 0x80008d3c (0x024fe033)
core   0: 0x80008d40 (0x01918b33) add     s6, gp, s9
core   0: 3 0x80008d40 (0x01918b33) x22 0xed690fe4
core   0: 0x80008d44 (0x09803513) sltiu   a0, zero, 152
core   0: 3 0x80008d44 (0x09803513) x10 0x00000001
core   0: 0x80008d48 (0x020d5233) divu    tp, s10, zero
core   0: 3 0x80008d48 (0x020d5233) x 4 0xffffffff
core   0: 0x80008d4c (0x90fda893) slti    a7, s11, -1777
core   0: 3 0x80008d4c (0x90fda893) x17 0x00000000
core   0: 0x80008d50 (0x02009d33) mulh    s10, ra, zero
core   0: 3 0x80008d50 (0x02009d33) x26 0x00000000
core   0: 0x80008d54 (0x037eee33) rem     t3, t4, s7
core   0: 3 0x80008d54 (0x037eee33) x28 0x00000000
core   0: 0x80008d58 (0x41f1d693) srai    a3, gp, 31
core   0: 3 0x80008d58 (0x41f1d693) x13 0xffffffff
core   0: 0x80008d5c (0x02eaeeb3) rem     t4, s5, a4
core   0: 3 0x80008d5c (0x02eaeeb3) x29 0x000003ba
core   0: 0x80008d60 (0x02eb05b3) mul     a1, s6, a4
core   0: 3 0x80008d60 (0x02eb05b3) x11 0xf626d710
core   0: 0x80008d64 (0x00831d13) slli    s10, t1, 8
core   0: 3 0x80008d64 (0x00831d13) x26 0x67839700
core   0: 0x80008d68 (0x02e4dd33) divu    s10, s1, a4
core   0: 3 0x80008d68 (0x02e4dd33) x26 0x00000000
core   0: 0x80008d6c (0x40cd5d33) sra     s10, s10, a2
core   0: 3 0x80008d6c (0x40cd5d33) x26 0x00000000
core   0: 0x80008d70 (0x40e15013) srai    zero, sp, 14
core   0: 3 0x80008d70 (0x40e15013)
core   0: 0x80008d74 (0x03cadd33) divu    s10, s5, t3
core   0: 3 0x80008d74 (0x03cadd33) x26 0xffffffff
core   0: 0x80008d78 (0x647d4a13) xori    s4, s10, 1607
core   0: 3 0x80008d78 (0x647d4a13) x20 0xfffff9b8
core   0: 0x80008d7c (0x03438cb3) mul     s9, t2, s4
core   0: 3 0x80008d7c (0x03438cb3) x25 0x00000000
core   0: 0x80008d80 (0x00ff8433) add     s0, t6, a5
core   0: 3 0x80008d80 (0x00ff8433) x 8 0x7ffeb0a6
core   0: 0x80008d84 (0x4d4b3b93) sltiu   s7, s6, 1236
core   0: 3 0x80008d84 (0x4d4b3b93) x23 0x00000000
core   0: 0x80008d88 (0x024fcd33) div     s10, t6, tp
core   0: 3 0x80008d88 (0x024fcd33) x26 0xfffffff5
core   0: 0x80008d8c (0x6e8bc413) xori    s0, s7, 1768
core   0: 3 0x80008d8c (0x6e8bc413) x 8 0x000006e8
core   0: 0x80008d90 (0xa6b1f893) andi    a7, gp, -1429
core   0: 3 0x80008d90 (0xa6b1f893) x17 0xfffffa60
core   0: 0x80008d94 (0x00f2dd13) srli    s10, t0, 15
core   0: 3 0x80008d94 (0x00f2dd13) x26 0x0001ffff
core   0: 0x80008d98 (0x01441933) sll     s2, s0, s4
core   0: 3 0x80008d98 (0x01441933) x18 0xe8000000
core   0: 0x80008d9c (0x03b14eb3) div     t4, sp, s11
core   0: 3 0x80008d9c (0x03b14eb3) x29 0x00000000
core   0: 0x80008da0 (0x003080b3) add     ra, ra, gp
core   0: 3 0x80008da0 (0x003080b3) x 1 0xffffffe4
core   0: 0x80008da4 (0x02aa94b3) mulh    s1, s5, a0
core   0: 3 0x80008da4 (0x02aa94b3) x 9 0x00000000
core   0: 0x80008da8 (0x1eb63393) sltiu   t2, a2, 491
core   0: 3 0x80008da8 (0x1eb63393) x 7 0x00000001
core   0: 0x80008dac (0x0238fcb3) remu    s9, a7, gp
core   0: 3 0x80008dac (0x0238fcb3) x25 0xfffffa60
core   0: 0x80008db0 (0x02d6f933) remu    s2, a3, a3
core   0: 3 0x80008db0 (0x02d6f933) x18 0x00000000
core   0: 0x80008db4 (0x00000013) nop
core   0: 3 0x80008db4 (0x00000013)
core   0: 0x80008db8 (0x406350b3) sra     ra, t1, t1
core   0: 3 0x80008db8 (0x406350b3) x 1 0x000000da
core   0: 0x80008dbc (0x00bd5a93) srli    s5, s10, 11
core   0: 3 0x80008dbc (0x00bd5a93) x21 0x0000003f
core   0: 0x80008dc0 (0x00151d33) sll     s10, a0, ra
core   0: 3 0x80008dc0 (0x00151d33) x26 0x04000000
core   0: 0x80008dc4 (0x55aaa093) slti    ra, s5, 1370
core   0: 3 0x80008dc4 (0x55aaa093) x 1 0x00000001
core   0: 0x80008dc8 (0x022a80b3) mul     ra, s5, sp
core   0: 3 0x80008dc8 (0x022a80b3) x 1 0x0000003f
core   0: 0x80008dcc (0x34986193) ori     gp, a6, 841
core   0: 3 0x80008dcc (0x34986193) x 3 0x80014f6d
core   0: 0x80008dd0 (0x00393bb3) sltu    s7, s2, gp
core   0: 3 0x80008dd0 (0x00393bb3) x23 0x00000001
core   0: 0x80008dd4 (0x7dcf0c13) addi    s8, t5, 2012
core   0: 3 0x80008dd4 (0x7dcf0c13) x24 0x000007dc
core   0: 0x80008dd8 (0x4faf4093) xori    ra, t5, 1274
core   0: 3 0x80008dd8 (0x4faf4093) x 1 0x000004fa
core   0: 0x80008ddc (0x4002dcb3) sra     s9, t0, zero
core   0: 3 0x80008ddc (0x4002dcb3) x25 0xffffffff
core   0: 0x80008de0 (0x029e3b33) mulhu   s6, t3, s1
core   0: 3 0x80008de0 (0x029e3b33) x22 0x00000000
core   0: 0x80008de4 (0x4161d533) sra     a0, gp, s6
core   0: 3 0x80008de4 (0x4161d533) x10 0x80014f6d
core   0: 0x80008de8 (0x02c1fe33) remu    t3, gp, a2
core   0: 3 0x80008de8 (0x02c1fe33) x28 0x80014f6d
core   0: 0x80008dec (0x01ba9093) slli    ra, s5, 27
core   0: 3 0x80008dec (0x01ba9093) x 1 0xf8000000
core   0: 0x80008df0 (0x03357133) remu    sp, a0, s3
core   0: 3 0x80008df0 (0x03357133) x 2 0x80014f6d
core   0: 0x80008df4 (0x009c8eb3) add     t4, s9, s1
core   0: 3 0x80008df4 (0x009c8eb3) x29 0xffffffff
core   0: 0x80008df8 (0x014812b3) sll     t0, a6, s4
core   0: 3 0x80008df8 (0x014812b3) x 5 0x64000000
core   0: 0x80008dfc (0xab789437) lui     s0, 0xab789
core   0: 3 0x80008dfc (0xab789437) x 8 0xab789000
core   0: 0x80008e00 (0x017f0f33) add     t5, t5, s7
core   0: 3 0x80008e00 (0x017f0f33) x30 0x00000001
core   0: 0x80008e04 (0x02dad8b3) divu    a7, s5, a3
core   0: 3 0x80008e04 (0x02dad8b3) x17 0x00000000
core   0: 0x80008e08 (0x9ea2af93) slti    t6, t0, -1558
core   0: 3 0x80008e08 (0x9ea2af93) x31 0x00000000
core   0: 0x80008e0c (0x0227d333) divu    t1, a5, sp
core   0: 3 0x80008e0c (0x0227d333) x 6 0x00000000
core   0: 0x80008e10 (0x40c85b33) sra     s6, a6, a2
core   0: 3 0x80008e10 (0x40c85b33) x22 0x80014e64
core   0: 0x80008e14 (0x41aa5193) srai    gp, s4, 26
core   0: 3 0x80008e14 (0x41aa5193) x 3 0xffffffff
core   0: 0x80008e18 (0x012279b3) and     s3, tp, s2
core   0: 3 0x80008e18 (0x012279b3) x19 0x00000000
core   0: 0x80008e1c (0x02e3a2b3) mulhsu  t0, t2, a4
core   0: 3 0x80008e1c (0x02e3a2b3) x 5 0x00000000
core   0: 0x80008e20 (0x009525b3) slt     a1, a0, s1
core   0: 3 0x80008e20 (0x009525b3) x11 0x00000001
core   0: 0x80008e24 (0x00000013) nop
core   0: 3 0x80008e24 (0x00000013)
core   0: 0x80008e28 (0x01197433) and     s0, s2, a7
core   0: 3 0x80008e28 (0x01197433) x 8 0x00000000
core   0: 0x80008e2c (0x409e5f93) srai    t6, t3, 9
core   0: 3 0x80008e2c (0x409e5f93) x31 0xffc000a7
core   0: 0x80008e30 (0x7bf19797) auipc   a5, 0x7bf19
core   0: 3 0x80008e30 (0x7bf19797) x15 0xfbf21e30
core   0: 0x80008e34 (0x00b59a93) slli    s5, a1, 11
core   0: 3 0x80008e34 (0x00b59a93) x21 0x00000800
core   0: 0x80008e38 (0x00487e33) and     t3, a6, tp
core   0: 3 0x80008e38 (0x00487e33) x28 0x80014e64
core   0: 0x80008e3c (0x03dd9333) mulh    t1, s11, t4
core   0: 3 0x80008e3c (0x03dd9333) x 6 0xffffffff
core   0: 0x80008e40 (0x02bc8c33) mul     s8, s9, a1
core   0: 3 0x80008e40 (0x02bc8c33) x24 0xffffffff
core   0: 0x80008e44 (0x01f3f3b3) and     t2, t2, t6
core   0: 3 0x80008e44 (0x01f3f3b3) x 7 0x00000001
core   0: 0x80008e48 (0x00ed5ab3) srl     s5, s10, a4
core   0: 3 0x80008e48 (0x00ed5ab3) x21 0x00400000
core   0: 0x80008e4c (0x03fd1433) mulh    s0, s10, t6
core   0: 3 0x80008e4c (0x03fd1433) x 8 0xffff0002
core   0: 0x80008e50 (0x03393033) mulhu   zero, s2, s3
core   0: 3 0x80008e50 (0x03393033)
core   0: 0x80008e54 (0x008926b3) slt     a3, s2, s0
core   0: 3 0x80008e54 (0x008926b3) x13 0x00000000
core   0: 0x80008e58 (0x0267ffb3) remu    t6, a5, t1
core   0: 3 0x80008e58 (0x0267ffb3) x31 0xfbf21e30
core   0: 0x80008e5c (0x00000013) nop
core   0: 3 0x80008e5c (0x00000013)
core   0: 0x80008e60 (0x0379bb33) mulhu   s6, s3, s7
core   0: 3 0x80008e60 (0x0379bb33) x22 0x00000000
core   0: 0x80008e64 (0x01d20233) add     tp, tp, t4
core   0: 3 0x80008e64 (0x01d20233) x 4 0xfffffffe
core   0: 0x80008e68 (0xed93a613) slti    a2, t2, -295
core   0: 3 0x80008e68 (0xed93a613) x12 0x00000000
core   0: 0x80008e6c (0x01f0b633) sltu    a2, ra, t6
core   0: 3 0x80008e6c (0x01f0b633) x12 0x00000001
core   0: 0x80008e70 (0x00869913) slli    s2, a3, 8
core   0: 3 0x80008e70 (0x00869913) x18 0x00000000
core   0: 0x80008e74 (0x01478133) add     sp, a5, s4
core   0: 3 0x80008e74 (0x01478133) x 2 0xfbf217e8
core   0: 0x80008e78 (0x298fb293) sltiu   t0, t6, 664
core   0: 3 0x80008e78 (0x298fb293) x 5 0x00000000
core   0: 0x80008e7c (0x0344cb33) div     s6, s1, s4
core   0: 3 0x80008e7c (0x0344cb33) x22 0x00000000
core   0: 0x80008e80 (0x007ce3b3) or      t2, s9, t2
core   0: 3 0x80008e80 (0x007ce3b3) x 7 0xffffffff
core   0: 0x80008e84 (0x02eae9b3) rem     s3, s5, a4
core   0: 3 0x80008e84 (0x02eae9b3) x19 0x00400000
core   0: 0x80008e88 (0x411e54b3) sra     s1, t3, a7
core   0: 3 0x80008e88 (0x411e54b3) x 9 0x80014e64
core   0: 0x80008e8c (0x0280c6b3) div     a3, ra, s0
core   0: 3 0x80008e8c (0x0280c6b3) x13 0x00000800
core   0: 0x80008e90 (0x00d4a8b3) slt     a7, s1, a3
core   0: 3 0x80008e90 (0x00d4a8b3) x17 0x00000001
core   0: 0x80008e94 (0x402a5a13) srai    s4, s4, 2
core   0: 3 0x80008e94 (0x402a5a13) x20 0xfffffe6e
core   0: 0x80008e98 (0x00000013) nop
core   0: 3 0x80008e98 (0x00000013)
core   0: 0x80008e9c (0x03b005b3) mul     a1, zero, s11
core   0: 3 0x80008e9c (0x03b005b3) x11 0x00000000
core   0: 0x80008ea0 (0x89e9e393) ori     t2, s3, -1890
core   0: 3 0x80008ea0 (0x89e9e393) x 7 0xfffff89e
core   0: 0x80008ea4 (0x00000013) nop
core   0: 3 0x80008ea4 (0x00000013)
core   0: 0x80008ea8 (0x03c2cbb3) div     s7, t0, t3
core   0: 3 0x80008ea8 (0x03c2cbb3) x23 0x00000000
core   0: 0x80008eac (0xd4e56f93) ori     t6, a0, -690
core   0: 3 0x80008eac (0xd4e56f93) x31 0xffffff6f
core   0: 0x80008eb0 (0x001a4a33) xor     s4, s4, ra
core   0: 3 0x80008eb0 (0x001a4a33) x20 0x07fffe6e
core   0: 0x80008eb4 (0x00000013) nop
core   0: 3 0x80008eb4 (0x00000013)
core   0: 0x80008eb8 (0x877b0b17) auipc   s6, 0x877b0
core   0: 3 0x80008eb8 (0x877b0b17) x22 0x077b8eb8
core   0: 0x80008ebc (0xe13694b7) lui     s1, 0xe1369
core   0: 3 0x80008ebc (0xe13694b7) x 9 0xe1369000
core   0: 0x80008ec0 (0x011d8533) add     a0, s11, a7
core   0: 3 0x80008ec0 (0x011d8533) x10 0x00000008
core   0: 0x80008ec4 (0x01959c93) slli    s9, a1, 25
core   0: 3 0x80008ec4 (0x01959c93) x25 0x00000000
core   0: 0x80008ec8 (0xdf5dae37) lui     t3, 0xdf5da
core   0: 3 0x80008ec8 (0xdf5dae37) x28 0xdf5da000
core   0: 0x80008ecc (0x249de913) ori     s2, s11, 585
core   0: 3 0x80008ecc (0x249de913) x18 0x0000024f
core   0: 0x80008ed0 (0x01069033) sll     zero, a3, a6
core   0: 3 0x80008ed0 (0x01069033)
core   0: 0x80008ed4 (0x022868b3) rem     a7, a6, sp
core   0: 3 0x80008ed4 (0x022868b3) x17 0xfdb0694c
core   0: 0x80008ed8 (0x01193233) sltu    tp, s2, a7
core   0: 3 0x80008ed8 (0x01193233) x 4 0x00000001
core   0: 0x80008edc (0x40c508b3) sub     a7, a0, a2
core   0: 3 0x80008edc (0x40c508b3) x17 0x00000007
core   0: 0x80008ee0 (0x03bea5b3) mulhsu  a1, t4, s11
core   0: 3 0x80008ee0 (0x03bea5b3) x11 0xffffffff
core   0: 0x80008ee4 (0xb367f9b7) lui     s3, 0xb367f
core   0: 3 0x80008ee4 (0xb367f9b7) x19 0xb367f000
core   0: 0x80008ee8 (0x022f2533) mulhsu  a0, t5, sp
core   0: 3 0x80008ee8 (0x022f2533) x10 0x00000000
core   0: 0x80008eec (0x581af413) andi    s0, s5, 1409
core   0: 3 0x80008eec (0x581af413) x 8 0x00000000
core   0: 0x80008ef0 (0x02c72633) mulhsu  a2, a4, a2
core   0: 3 0x80008ef0 (0x02c72633) x12 0xffffffff
core   0: 0x80008ef4 (0xfd514613) xori    a2, sp, -43
core   0: 3 0x80008ef4 (0xfd514613) x12 0x040de83d
core   0: 0x80008ef8 (0x0250d633) divu    a2, ra, t0
core   0: 3 0x80008ef8 (0x0250d633) x12 0xffffffff
core   0: 0x80008efc (0x02fbea33) rem     s4, s7, a5
core   0: 3 0x80008efc (0x02fbea33) x20 0x00000000
core   0: 0x80008f00 (0x31d28c13) addi    s8, t0, 797
core   0: 3 0x80008f00 (0x31d28c13) x24 0x0000031d
core   0: 0x80008f04 (0x03a10b33) mul     s6, sp, s10
core   0: 3 0x80008f04 (0x03a10b33) x22 0xa0000000
core   0: 0x80008f08 (0x3a91a613) slti    a2, gp, 937
core   0: 3 0x80008f08 (0x3a91a613) x12 0x00000001
core   0: 0x80008f0c (0x014dd1b3) srl     gp, s11, s4
core   0: 3 0x80008f0c (0x014dd1b3) x 3 0x00000007
core   0: 0x80008f10 (0x006c1cb3) sll     s9, s8, t1
core   0: 3 0x80008f10 (0x006c1cb3) x25 0x80000000
core   0: 0x80008f14 (0x02d28333) mul     t1, t0, a3
core   0: 3 0x80008f14 (0x02d28333) x 6 0x00000000
core   0: 0x80008f18 (0x3c72fb17) auipc   s6, 0x3c72f
core   0: 3 0x80008f18 (0x3c72fb17) x22 0xbc737f18
core   0: 0x80008f1c (0xc20b4913) xori    s2, s6, -992
core   0: 3 0x80008f1c (0xc20b4913) x18 0x438c8338
core   0: 0x80008f20 (0x00ac1633) sll     a2, s8, a0
core   0: 3 0x80008f20 (0x00ac1633) x12 0x0000031d
core   0: 0x80008f24 (0xcacfe093) ori     ra, t6, -852
core   0: 3 0x80008f24 (0xcacfe093) x 1 0xffffffef
core   0: 0x80008f28 (0x00000013) nop
core   0: 3 0x80008f28 (0x00000013)
core   0: 0x80008f2c (0x02d12433) mulhsu  s0, sp, a3
core   0: 3 0x80008f2c (0x02d12433) x 8 0xffffffdf
core   0: 0x80008f30 (0x01b3e8b3) or      a7, t2, s11
core   0: 3 0x80008f30 (0x01b3e8b3) x17 0xfffff89f
core   0: 0x80008f34 (0x00675433) srl     s0, a4, t1
core   0: 3 0x80008f34 (0x00675433) x 8 0x80018ce4
core   0: 0x80008f38 (0x816bc493) xori    s1, s7, -2026
core   0: 3 0x80008f38 (0x816bc493) x 9 0xfffff816
core   0: 0x80008f3c (0x02fbb493) sltiu   s1, s7, 47
core   0: 3 0x80008f3c (0x02fbb493) x 9 0x00000001
core   0: 0x80008f40 (0x012813b3) sll     t2, a6, s2
core   0: 3 0x80008f40 (0x012813b3) x 7 0x64000000
core   0: 0x80008f44 (0x02b4b5b3) mulhu   a1, s1, a1
core   0: 3 0x80008f44 (0x02b4b5b3) x11 0x00000000
core   0: 0x80008f48 (0x02e7cd33) div     s10, a5, a4
core   0: 3 0x80008f48 (0x02e7cd33) x26 0x00000000
core   0: 0x80008f4c (0xbec8fc13) andi    s8, a7, -1044
core   0: 3 0x80008f4c (0xbec8fc13) x24 0xfffff88c
core   0: 0x80008f50 (0x00930533) add     a0, t1, s1
core   0: 3 0x80008f50 (0x00930533) x10 0x00000001
core   0: 0x80008f54 (0x03521cb3) mulh    s9, tp, s5
core   0: 3 0x80008f54 (0x03521cb3) x25 0x00000000
core   0: 0x80008f58 (0xd6ae8b93) addi    s7, t4, -662
core   0: 3 0x80008f58 (0xd6ae8b93) x23 0xfffffd69
core   0: 0x80008f5c (0x409b58b3) sra     a7, s6, s1
core   0: 3 0x80008f5c (0x409b58b3) x17 0xde39bf8c
core   0: 0x80008f60 (0x00231213) slli    tp, t1, 2
core   0: 3 0x80008f60 (0x00231213) x 4 0x00000000
core   0: 0x80008f64 (0x4073d213) srai    tp, t2, 7
core   0: 3 0x80008f64 (0x4073d213) x 4 0x00c80000
core   0: 0x80008f68 (0x02e19633) mulh    a2, gp, a4
core   0: 3 0x80008f68 (0x02e19633) x12 0xfffffffc
core   0: 0x80008f6c (0x05d93593) sltiu   a1, s2, 93
core   0: 3 0x80008f6c (0x05d93593) x11 0x00000000
core   0: 0x80008f70 (0x52e34f17) auipc   t5, 0x52e34
core   0: 3 0x80008f70 (0x52e34f17) x30 0xd2e3cf70
core   0: 0x80008f74 (0x019ad3b3) srl     t2, s5, s9
core   0: 3 0x80008f74 (0x019ad3b3) x 7 0x00400000
core   0: 0x80008f78 (0x97644413) xori    s0, s0, -1674
core   0: 3 0x80008f78 (0x97644413) x 8 0x7ffe7592
core   0: 0x80008f7c (0x34e13913) sltiu   s2, sp, 846
core   0: 3 0x80008f7c (0x34e13913) x18 0x00000000
core   0: 0x80008f80 (0x03c204b3) mul     s1, tp, t3
core   0: 3 0x80008f80 (0x03c204b3) x 9 0x00000000
core   0: 0x80008f84 (0x00000013) nop
core   0: 3 0x80008f84 (0x00000013)
core   0: 0x80008f88 (0x1aa0e913) ori     s2, ra, 426
core   0: 3 0x80008f88 (0x1aa0e913) x18 0xffffffef
core   0: 0x80008f8c (0x788bef13) ori     t5, s7, 1928
core   0: 3 0x80008f8c (0x788bef13) x30 0xffffffe9
core   0: 0x80008f90 (0x73316117) auipc   sp, 0x73316
core   0: 3 0x80008f90 (0x73316117) x 2 0xf331ef90
core   0: 0x80008f94 (0x038e4bb3) div     s7, t3, s8
core   0: 3 0x80008f94 (0x038e4bb3) x23 0x000460ec
core   0: 0x80008f98 (0x025ef8b3) remu    a7, t4, t0
core   0: 3 0x80008f98 (0x025ef8b3) x17 0xffffffff
core   0: 0x80008f9c (0x03183a33) mulhu   s4, a6, a7
core   0: 3 0x80008f9c (0x03183a33) x20 0x80014e63
core   0: 0x80008fa0 (0x03bb3933) mulhu   s2, s6, s11
core   0: 3 0x80008fa0 (0x03bb3933) x18 0x00000005
core   0: 0x80008fa4 (0x00cf9393) slli    t2, t6, 12
core   0: 3 0x80008fa4 (0x00cf9393) x 7 0xfff6f000
core   0: 0x80008fa8 (0x03a3ceb3) div     t4, t2, s10
core   0: 3 0x80008fa8 (0x03a3ceb3) x29 0xffffffff
core   0: 0x80008fac (0x71f7b0b7) lui     ra, 0x71f7b
core   0: 3 0x80008fac (0x71f7b0b7) x 1 0x71f7b000
core   0: 0x80008fb0 (0xc3a1f293) andi    t0, gp, -966
core   0: 3 0x80008fb0 (0xc3a1f293) x 5 0x00000002
core   0: 0x80008fb4 (0x029970b3) remu    ra, s2, s1
core   0: 3 0x80008fb4 (0x029970b3) x 1 0x00000005
core   0: 0x80008fb8 (0x034e1fb3) mulh    t6, t3, s4
core   0: 3 0x80008fb8 (0x034e1fb3) x31 0x1051055f
core   0: 0x80008fbc (0x03d0b1b3) mulhu   gp, ra, t4
core   0: 3 0x80008fbc (0x03d0b1b3) x 3 0x00000004
core   0: 0x80008fc0 (0x02030e33) mul     t3, t1, zero
core   0: 3 0x80008fc0 (0x02030e33) x28 0x00000000
core   0: 0x80008fc4 (0x034fa933) mulhsu  s2, t6, s4
core   0: 3 0x80008fc4 (0x034fa933) x18 0x082897ff
core   0: 0x80008fc8 (0x01f88fb3) add     t6, a7, t6
core   0: 3 0x80008fc8 (0x01f88fb3) x31 0x1051055e
core   0: 0x80008fcc (0xf26aea37) lui     s4, 0xf26ae
core   0: 3 0x80008fcc (0xf26aea37) x20 0xf26ae000
core   0: 0x80008fd0 (0xb2ba2e37) lui     t3, 0xb2ba2
core   0: 3 0x80008fd0 (0xb2ba2e37) x28 0xb2ba2000
core   0: 0x80008fd4 (0x7ee27e93) andi    t4, tp, 2030
core   0: 3 0x80008fd4 (0x7ee27e93) x29 0x00000000
core   0: 0x80008fd8 (0x010549b3) xor     s3, a0, a6
core   0: 3 0x80008fd8 (0x010549b3) x19 0x80014e65
core   0: 0x80008fdc (0xc0154e13) xori    t3, a0, -1023
core   0: 3 0x80008fdc (0xc0154e13) x28 0xfffffc00
core   0: 0x80008fe0 (0x02e9e1b3) rem     gp, s3, a4
core   0: 3 0x80008fe0 (0x02e9e1b3) x 3 0xffffc181
core   0: 0x80008fe4 (0x021f4133) div     sp, t5, ra
core   0: 3 0x80008fe4 (0x021f4133) x 2 0xfffffffc
core   0: 0x80008fe8 (0x02156233) rem     tp, a0, ra
core   0: 3 0x80008fe8 (0x02156233) x 4 0x00000001
core   0: 0x80008fec (0x41855e33) sra     t3, a0, s8
core   0: 3 0x80008fec (0x41855e33) x28 0x00000000
core   0: 0x80008ff0 (0x036853b3) divu    t2, a6, s6
core   0: 3 0x80008ff0 (0x036853b3) x 7 0x00000000
core   0: 0x80008ff4 (0x406fda33) sra     s4, t6, t1
core   0: 3 0x80008ff4 (0x406fda33) x20 0x1051055e
core   0: 0x80008ff8 (0x0004f9b3) and     s3, s1, zero
core   0: 3 0x80008ff8 (0x0004f9b3) x19 0x00000000
core   0: 0x80008ffc (0x41690433) sub     s0, s2, s6
core   0: 3 0x80008ffc (0x41690433) x 8 0x4bb518e7
core   0: 0x80009000 (0x012d17b3) sll     a5, s10, s2
core   0: 3 0x80009000 (0x012d17b3) x15 0x00000000
core   0: 0x80009004 (0x004bcd33) xor     s10, s7, tp
core   0: 3 0x80009004 (0x004bcd33) x26 0x000460ed
core   0: 0x80009008 (0x1d19ac13) slti    s8, s3, 465
core   0: 3 0x80009008 (0x1d19ac13) x24 0x00000001
core   0: 0x8000900c (0x4ca72093) slti    ra, a4, 1226
core   0: 3 0x8000900c (0x4ca72093) x 1 0x00000001
core   0: 0x80009010 (0x00000013) nop
core   0: 3 0x80009010 (0x00000013)
core   0: 0x80009014 (0x41b7d433) sra     s0, a5, s11
core   0: 3 0x80009014 (0x41b7d433) x 8 0x00000000
core   0: 0x80009018 (0x01ee8333) add     t1, t4, t5
core   0: 3 0x80009018 (0x01ee8333) x 6 0xffffffe9
core   0: 0x8000901c (0x00ff4333) xor     t1, t5, a5
core   0: 3 0x8000901c (0x00ff4333) x 6 0xffffffe9
core   0: 0x80009020 (0x3ea23913) sltiu   s2, tp, 1002
core   0: 3 0x80009020 (0x3ea23913) x18 0x00000001
core   0: 0x80009024 (0x40bc8933) sub     s2, s9, a1
core   0: 3 0x80009024 (0x40bc8933) x18 0x00000000
core   0: 0x80009028 (0x00995213) srli    tp, s2, 9
core   0: 3 0x80009028 (0x00995213) x 4 0x00000000
core   0: 0x8000902c (0x1457a613) slti    a2, a5, 325
core   0: 3 0x8000902c (0x1457a613) x12 0x00000001
core   0: 0x80009030 (0x005d91b3) sll     gp, s11, t0
core   0: 3 0x80009030 (0x005d91b3) x 3 0x0000001c
core   0: 0x80009034 (0x009fa133) slt     sp, t6, s1
core   0: 3 0x80009034 (0x009fa133) x 2 0x00000000
core   0: 0x80009038 (0x41c0df13) srai    t5, ra, 28
core   0: 3 0x80009038 (0x41c0df13) x30 0x00000000
core   0: 0x8000903c (0xdb593597) auipc   a1, 0xdb593
core   0: 3 0x8000903c (0xdb593597) x11 0x5b59c03c
core   0: 0x80009040 (0x00282ab3) slt     s5, a6, sp
core   0: 3 0x80009040 (0x00282ab3) x21 0x00000001
core   0: 0x80009044 (0x6cabab93) slti    s7, s7, 1738
core   0: 3 0x80009044 (0x6cabab93) x23 0x00000000
core   0: 0x80009048 (0x41dddd13) srai    s10, s11, 29
core   0: 3 0x80009048 (0x41dddd13) x26 0x00000000
core   0: 0x8000904c (0x030e09b3) mul     s3, t3, a6
core   0: 3 0x8000904c (0x030e09b3) x19 0x00000000
core   0: 0x80009050 (0x016a8433) add     s0, s5, s6
core   0: 3 0x80009050 (0x016a8433) x 8 0xbc737f19
core   0: 0x80009054 (0x41665513) srai    a0, a2, 22
core   0: 3 0x80009054 (0x41665513) x10 0x00000000
core   0: 0x80009058 (0x01b00d33) add     s10, zero, s11
core   0: 3 0x80009058 (0x01b00d33) x26 0x00000007
core   0: 0x8000905c (0x02829d33) mulh    s10, t0, s0
core   0: 3 0x8000905c (0x02829d33) x26 0xffffffff
core   0: 0x80009060 (0x030b82b3) mul     t0, s7, a6
core   0: 3 0x80009060 (0x030b82b3) x 5 0x00000000
core   0: 0x80009064 (0x025a7b33) remu    s6, s4, t0
core   0: 3 0x80009064 (0x025a7b33) x22 0x1051055e
core   0: 0x80009068 (0x00d341b3) xor     gp, t1, a3
core   0: 3 0x80009068 (0x00d341b3) x 3 0xfffff7e9
core   0: 0x8000906c (0x57a49697) auipc   a3, 0x57a49
core   0: 3 0x8000906c (0x57a49697) x13 0xd7a5206c
core   0: 0x80009070 (0xbab44393) xori    t2, s0, -1109
core   0: 3 0x80009070 (0xbab44393) x 7 0x438c84b2
core   0: 0x80009074 (0xcc5f2893) slti    a7, t5, -827
core   0: 3 0x80009074 (0xcc5f2893) x17 0x00000000
core   0: 0x80009078 (0x01fea133) slt     sp, t4, t6
core   0: 3 0x80009078 (0x01fea133) x 2 0x00000001
core   0: 0x8000907c (0x004f36b3) sltu    a3, t5, tp
core   0: 3 0x8000907c (0x004f36b3) x13 0x00000000
core   0: 0x80009080 (0x03125333) divu    t1, tp, a7
core   0: 3 0x80009080 (0x03125333) x 6 0xffffffff
core   0: 0x80009084 (0x2edea913) slti    s2, t4, 749
core   0: 3 0x80009084 (0x2edea913) x18 0x00000001
core   0: 0x80009088 (0x50c5a313) slti    t1, a1, 1292
core   0: 3 0x80009088 (0x50c5a313) x 6 0x00000000
core   0: 0x8000908c (0x003adb93) srli    s7, s5, 3
core   0: 3 0x8000908c (0x003adb93) x23 0x00000000
core   0: 0x80009090 (0x008e9393) slli    t2, t4, 8
core   0: 3 0x80009090 (0x008e9393) x 7 0x00000000
core   0: 0x80009094 (0x40ec5c93) srai    s9, s8, 14
core   0: 3 0x80009094 (0x40ec5c93) x25 0x00000000
core   0: 0x80009098 (0x024871b3) remu    gp, a6, tp
core   0: 3 0x80009098 (0x024871b3) x 3 0x80014e64
core   0: 0x8000909c (0x404d8133) sub     sp, s11, tp
core   0: 3 0x8000909c (0x404d8133) x 2 0x00000007
core   0: 0x800090a0 (0x0150dab3) srl     s5, ra, s5
core   0: 3 0x800090a0 (0x0150dab3) x21 0x00000000
core   0: 0x800090a4 (0xd4191b97) auipc   s7, 0xd4191
core   0: 3 0x800090a4 (0xd4191b97) x23 0x5419a0a4
core   0: 0x800090a8 (0x00ae66b3) or      a3, t3, a0
core   0: 3 0x800090a8 (0x00ae66b3) x13 0x00000000
core   0: 0x800090ac (0x02a3c7b3) div     a5, t2, a0
core   0: 3 0x800090ac (0x02a3c7b3) x15 0xffffffff
core   0: 0x800090b0 (0x418a0b33) sub     s6, s4, s8
core   0: 3 0x800090b0 (0x418a0b33) x22 0x1051055d
core   0: 0x800090b4 (0x2ea06793) ori     a5, zero, 746
core   0: 3 0x800090b4 (0x2ea06793) x15 0x000002ea
core   0: 0x800090b8 (0x414d58b3) sra     a7, s10, s4
core   0: 3 0x800090b8 (0x414d58b3) x17 0xffffffff
core   0: 0x800090bc (0x023f6bb3) rem     s7, t5, gp
core   0: 3 0x800090bc (0x023f6bb3) x23 0x00000000
core   0: 0x800090c0 (0x008445b3) xor     a1, s0, s0
core   0: 3 0x800090c0 (0x008445b3) x11 0x00000000
core   0: 0x800090c4 (0x03ebe9b3) rem     s3, s7, t5
core   0: 3 0x800090c4 (0x03ebe9b3) x19 0x00000000
core   0: 0x800090c8 (0x01abfcb3) and     s9, s7, s10
core   0: 3 0x800090c8 (0x01abfcb3) x25 0x00000000
core   0: 0x800090cc (0xeb387f37) lui     t5, 0xeb387
core   0: 3 0x800090cc (0xeb387f37) x30 0xeb387000
core   0: 0x800090d0 (0x03d05033) divu    zero, zero, t4
core   0: 3 0x800090d0 (0x03d05033)
core   0: 0x800090d4 (0x41df5493) srai    s1, t5, 29
core   0: 3 0x800090d4 (0x41df5493) x 9 0xffffffff
core   0: 0x800090d8 (0xd9260693) addi    a3, a2, -622
core   0: 3 0x800090d8 (0xd9260693) x13 0xfffffd93
core   0: 0x800090dc (0x4e41a613) slti    a2, gp, 1252
core   0: 3 0x800090dc (0x4e41a613) x12 0x00000001
core   0: 0x800090e0 (0x01058133) add     sp, a1, a6
core   0: 3 0x800090e0 (0x01058133) x 2 0x80014e64
core   0: 0x800090e4 (0x012b6933) or      s2, s6, s2
core   0: 3 0x800090e4 (0x012b6933) x18 0x1051055d
core   0: 0x800090e8 (0x038c15b3) mulh    a1, s8, s8
core   0: 3 0x800090e8 (0x038c15b3) x11 0x00000000
core   0: 0x800090ec (0x00e924b3) slt     s1, s2, a4
core   0: 3 0x800090ec (0x00e924b3) x 9 0x00000000
core   0: 0x800090f0 (0xdc9de493) ori     s1, s11, -567
core   0: 3 0x800090f0 (0xdc9de493) x 9 0xfffffdcf
core   0: 0x800090f4 (0x01ac5b13) srli    s6, s8, 26
core   0: 3 0x800090f4 (0x01ac5b13) x22 0x00000000
core   0: 0x800090f8 (0x00c47cb3) and     s9, s0, a2
core   0: 3 0x800090f8 (0x00c47cb3) x25 0x00000001
core   0: 0x800090fc (0xc06b7117) auipc   sp, 0xc06b7
core   0: 3 0x800090fc (0xc06b7117) x 2 0x406c00fc
core   0: 0x80009100 (0x16867337) lui     t1, 0x16867
core   0: 3 0x80009100 (0x16867337) x 6 0x16867000
core   0: 0x80009104 (0xed8ef593) andi    a1, t4, -296
core   0: 3 0x80009104 (0xed8ef593) x11 0x00000000
core   0: 0x80009108 (0x031a4233) div     tp, s4, a7
core   0: 3 0x80009108 (0x031a4233) x 4 0xefaefaa2
core   0: 0x8000910c (0x0069d913) srli    s2, s3, 6
core   0: 3 0x8000910c (0x0069d913) x18 0x00000000
core   0: 0x80009110 (0x00cd57b3) srl     a5, s10, a2
core   0: 3 0x80009110 (0x00cd57b3) x15 0x7fffffff
core   0: 0x80009114 (0x41360a33) sub     s4, a2, s3
core   0: 3 0x80009114 (0x41360a33) x20 0x00000001
core   0: 0x80009118 (0x031167b3) rem     a5, sp, a7
core   0: 3 0x80009118 (0x031167b3) x15 0x00000000
core   0: 0x8000911c (0xd7964f93) xori    t6, a2, -647
core   0: 3 0x8000911c (0xd7964f93) x31 0xfffffd78
core   0: 0x80009120 (0x54bde193) ori     gp, s11, 1355
core   0: 3 0x80009120 (0x54bde193) x 3 0x0000054f
core   0: 0x80009124 (0x02a77033) remu    zero, a4, a0
core   0: 3 0x80009124 (0x02a77033)
core   0: 0x80009128 (0x037becb3) rem     s9, s7, s7
core   0: 3 0x80009128 (0x037becb3) x25 0x00000000
core   0: 0x8000912c (0x410a5c33) sra     s8, s4, a6
core   0: 3 0x8000912c (0x410a5c33) x24 0x00000000
core   0: 0x80009130 (0x00bb7d33) and     s10, s6, a1
core   0: 3 0x80009130 (0x00bb7d33) x26 0x00000000
core   0: 0x80009134 (0x400a8e33) sub     t3, s5, zero
core   0: 3 0x80009134 (0x400a8e33) x28 0x00000000
core   0: 0x80009138 (0x026f1533) mulh    a0, t5, t1
core   0: 3 0x80009138 (0x026f1533) x10 0xfe2bf013
core   0: 0x8000913c (0x03d593b3) mulh    t2, a1, t4
core   0: 3 0x8000913c (0x03d593b3) x 7 0x00000000
core   0: 0x80009140 (0x414cde33) sra     t3, s9, s4
core   0: 3 0x80009140 (0x414cde33) x28 0x00000000
core   0: 0x80009144 (0x033b5233) divu    tp, s6, s3
core   0: 3 0x80009144 (0x033b5233) x 4 0xffffffff
core   0: 0x80009148 (0x009dffb3) and     t6, s11, s1
core   0: 3 0x80009148 (0x009dffb3) x31 0x00000007
core   0: 0x8000914c (0x015fa1b3) slt     gp, t6, s5
core   0: 3 0x8000914c (0x015fa1b3) x 3 0x00000000
core   0: 0x80009150 (0x03595233) divu    tp, s2, s5
core   0: 3 0x80009150 (0x03595233) x 4 0xffffffff
core   0: 0x80009154 (0x02ce6cb3) rem     s9, t3, a2
core   0: 3 0x80009154 (0x02ce6cb3) x25 0x00000000
core   0: 0x80009158 (0xa62e7c93) andi    s9, t3, -1438
core   0: 3 0x80009158 (0xa62e7c93) x25 0x00000000
core   0: 0x8000915c (0xb0e62a37) lui     s4, 0xb0e62
core   0: 3 0x8000915c (0xb0e62a37) x20 0xb0e62000
core   0: 0x80009160 (0x00b3aab3) slt     s5, t2, a1
core   0: 3 0x80009160 (0x00b3aab3) x21 0x00000000
core   0: 0x80009164 (0x0144bfb3) sltu    t6, s1, s4
core   0: 3 0x80009164 (0x0144bfb3) x31 0x00000000
core   0: 0x80009168 (0x0001d1b3) srl     gp, gp, zero
core   0: 3 0x80009168 (0x0001d1b3) x 3 0x00000000
core   0: 0x8000916c (0x012a5393) srli    t2, s4, 18
core   0: 3 0x8000916c (0x012a5393) x 7 0x00002c39
core   0: 0x80009170 (0xb6c22f13) slti    t5, tp, -1172
core   0: 3 0x80009170 (0xb6c22f13) x30 0x00000000
core   0: 0x80009174 (0x01a39533) sll     a0, t2, s10
core   0: 3 0x80009174 (0x01a39533) x10 0x00002c39
core   0: 0x80009178 (0x02c8b933) mulhu   s2, a7, a2
core   0: 3 0x80009178 (0x02c8b933) x18 0x00000000
core   0: 0x8000917c (0x25bbad13) slti    s10, s7, 603
core   0: 3 0x8000917c (0x25bbad13) x26 0x00000001
core   0: 0x80009180 (0x0390e4b3) rem     s1, ra, s9
core   0: 3 0x80009180 (0x0390e4b3) x 9 0x00000001
core   0: 0x80009184 (0x03ab9533) mulh    a0, s7, s10
core   0: 3 0x80009184 (0x03ab9533) x10 0x00000000
core   0: 0x80009188 (0x01485c33) srl     s8, a6, s4
core   0: 3 0x80009188 (0x01485c33) x24 0x80014e64
core   0: 0x8000918c (0xec9bdf97) auipc   t6, 0xec9bd
core   0: 3 0x8000918c (0xec9bdf97) x31 0x6c9c618c
core   0: 0x80009190 (0x01dc8e33) add     t3, s9, t4
core   0: 3 0x80009190 (0x01dc8e33) x28 0x00000000
core   0: 0x80009194 (0x00b9db33) srl     s6, s3, a1
core   0: 3 0x80009194 (0x00b9db33) x22 0x00000000
core   0: 0x80009198 (0x00b663b3) or      t2, a2, a1
core   0: 3 0x80009198 (0x00b663b3) x 7 0x00000001
core   0: 0x8000919c (0x77eb8a37) lui     s4, 0x77eb8
core   0: 3 0x8000919c (0x77eb8a37) x20 0x77eb8000
core   0: 0x800091a0 (0x2f632893) slti    a7, t1, 758
core   0: 3 0x800091a0 (0x2f632893) x17 0x00000000
core   0: 0x800091a4 (0x676dab93) slti    s7, s11, 1654
core   0: 3 0x800091a4 (0x676dab93) x23 0x00000001
core   0: 0x800091a8 (0x40285513) srai    a0, a6, 2
core   0: 3 0x800091a8 (0x40285513) x10 0xe0005399
core   0: 0x800091ac (0x00aca9b3) slt     s3, s9, a0
core   0: 3 0x800091ac (0x00aca9b3) x19 0x00000000
core   0: 0x800091b0 (0x40895893) srai    a7, s2, 8
core   0: 3 0x800091b0 (0x40895893) x17 0x00000000
core   0: 0x800091b4 (0x010c7133) and     sp, s8, a6
core   0: 3 0x800091b4 (0x010c7133) x 2 0x80014e64
core   0: 0x800091b8 (0x48c1e193) ori     gp, gp, 1164
core   0: 3 0x800091b8 (0x48c1e193) x 3 0x0000048c
core   0: 0x800091bc (0x83b52d13) slti    s10, a0, -1989
core   0: 3 0x800091bc (0x83b52d13) x26 0x00000001
core   0: 0x800091c0 (0x0224fab3) remu    s5, s1, sp
core   0: 3 0x800091c0 (0x0224fab3) x21 0x00000001
core   0: 0x800091c4 (0x038fbcb3) mulhu   s9, t6, s8
core   0: 3 0x800091c4 (0x038fbcb3) x25 0x364ebea4
core   0: 0x800091c8 (0x1af57493) andi    s1, a0, 431
core   0: 3 0x800091c8 (0x1af57493) x 9 0x00000189
core   0: 0x800091cc (0x0334d633) divu    a2, s1, s3
core   0: 3 0x800091cc (0x0334d633) x12 0xffffffff
core   0: 0x800091d0 (0x5627c917) auipc   s2, 0x5627c
core   0: 3 0x800091d0 (0x5627c917) x18 0xd62851d0
core   0: 0x800091d4 (0x5e05ef13) ori     t5, a1, 1504
core   0: 3 0x800091d4 (0x5e05ef13) x30 0x000005e0
core   0: 0x800091d8 (0x414c02b3) sub     t0, s8, s4
core   0: 3 0x800091d8 (0x414c02b3) x 5 0x0815ce64
core   0: 0x800091dc (0x031411b3) mulh    gp, s0, a7
core   0: 3 0x800091dc (0x031411b3) x 3 0x00000000
core   0: 0x800091e0 (0x5e96c593) xori    a1, a3, 1513
core   0: 3 0x800091e0 (0x5e96c593) x11 0xfffff87a
core   0: 0x800091e4 (0x02831a33) mulh    s4, t1, s0
core   0: 3 0x800091e4 (0x02831a33) x20 0xfa0e73d3
core   0: 0x800091e8 (0x01531c33) sll     s8, t1, s5
core   0: 3 0x800091e8 (0x01531c33) x24 0x2d0ce000
core   0: 0x800091ec (0x025d2ab3) mulhsu  s5, s10, t0
core   0: 3 0x800091ec (0x025d2ab3) x21 0x00000000
core   0: 0x800091f0 (0x41b68433) sub     s0, a3, s11
core   0: 3 0x800091f0 (0x41b68433) x 8 0xfffffd8c
core   0: 0x800091f4 (0xd2dfd2b7) lui     t0, 0xd2dfd
core   0: 3 0x800091f4 (0xd2dfd2b7) x 5 0xd2dfd000
core   0: 0x800091f8 (0x0157df33) srl     t5, a5, s5
core   0: 3 0x800091f8 (0x0157df33) x30 0x00000000
core   0: 0x800091fc (0x96cdb793) sltiu   a5, s11, -1684
core   0: 3 0x800091fc (0x96cdb793) x15 0x00000001
core   0: 0x80009200 (0x0325f5b3) remu    a1, a1, s2
core   0: 3 0x80009200 (0x0325f5b3) x11 0x29d7a6aa
core   0: 0x80009204 (0x00361013) slli    zero, a2, 3
core   0: 3 0x80009204 (0x00361013)
core   0: 0x80009208 (0x3172e337) lui     t1, 0x3172e
core   0: 3 0x80009208 (0x3172e337) x 6 0x3172e000
core   0: 0x8000920c (0x0351ef33) rem     t5, gp, s5
core   0: 3 0x8000920c (0x0351ef33) x30 0x00000000
core   0: 0x80009210 (0x03bb9d33) mulh    s10, s7, s11
core   0: 3 0x80009210 (0x03bb9d33) x26 0x00000000
core   0: 0x80009214 (0x01686ab3) or      s5, a6, s6
core   0: 3 0x80009214 (0x01686ab3) x21 0x80014e64
core   0: 0x80009218 (0x0204bd33) mulhu   s10, s1, zero
core   0: 3 0x80009218 (0x0204bd33) x26 0x00000000
core   0: 0x8000921c (0x40835e93) srai    t4, t1, 8
core   0: 3 0x8000921c (0x40835e93) x29 0x003172e0
core   0: 0x80009220 (0x024555b3) divu    a1, a0, tp
core   0: 3 0x80009220 (0x024555b3) x11 0x00000000
core   0: 0x80009224 (0x55a2e893) ori     a7, t0, 1370
core   0: 3 0x80009224 (0x55a2e893) x17 0xd2dfd55a
core   0: 0x80009228 (0x5cd77f13) andi    t5, a4, 1485
core   0: 3 0x80009228 (0x5cd77f13) x30 0x000004c4
core   0: 0x8000922c (0x0177aa33) slt     s4, a5, s7
core   0: 3 0x8000922c (0x0177aa33) x20 0x00000000
core   0: 0x80009230 (0x036a8533) mul     a0, s5, s6
core   0: 3 0x80009230 (0x036a8533) x10 0x00000000
core   0: 0x80009234 (0x00d439b3) sltu    s3, s0, a3
core   0: 3 0x80009234 (0x00d439b3) x19 0x00000001
core   0: 0x80009238 (0x01467b33) and     s6, a2, s4
core   0: 3 0x80009238 (0x01467b33) x22 0x00000000
core   0: 0x8000923c (0x010101b3) add     gp, sp, a6
core   0: 3 0x8000923c (0x010101b3) x 3 0x00029cc8
core   0: 0x80009240 (0x23892693) slti    a3, s2, 568
core   0: 3 0x80009240 (0x23892693) x13 0x00000001
core   0: 0x80009244 (0x01e49b33) sll     s6, s1, t5
core   0: 3 0x80009244 (0x01e49b33) x22 0x00001890
core   0: 0x80009248 (0x02ca6533) rem     a0, s4, a2
core   0: 3 0x80009248 (0x02ca6533) x10 0x00000000
core   0: 0x8000924c (0x0327b133) mulhu   sp, a5, s2
core   0: 3 0x8000924c (0x0327b133) x 2 0x00000000
core   0: 0x80009250 (0x00a7dd13) srli    s10, a5, 10
core   0: 3 0x80009250 (0x00a7dd13) x26 0x00000000
core   0: 0x80009254 (0x032f4f33) div     t5, t5, s2
core   0: 3 0x80009254 (0x032f4f33) x30 0x00000000
core   0: 0x80009258 (0x00000013) nop
core   0: 3 0x80009258 (0x00000013)
core   0: 0x8000925c (0x00000013) nop
core   0: 3 0x8000925c (0x00000013)
core   0: 0x80009260 (0x03ace5b3) rem     a1, s9, s10
core   0: 3 0x80009260 (0x03ace5b3) x11 0x364ebea4
core   0: 0x80009264 (0xc16d3993) sltiu   s3, s10, -1002
core   0: 3 0x80009264 (0xc16d3993) x19 0x00000001
core   0: 0x80009268 (0x034fd5b3) divu    a1, t6, s4
core   0: 3 0x80009268 (0x034fd5b3) x11 0xffffffff
core   0: 0x8000926c (0x4082db13) srai    s6, t0, 8
core   0: 3 0x8000926c (0x4082db13) x22 0xffd2dfd0
core   0: 0x80009270 (0x99f10493) addi    s1, sp, -1633
core   0: 3 0x80009270 (0x99f10493) x 9 0xfffff99f
core   0: 0x80009274 (0x403ed933) sra     s2, t4, gp
core   0: 3 0x80009274 (0x403ed933) x18 0x00003172
core   0: 0x80009278 (0xb8053413) sltiu   s0, a0, -1152
core   0: 3 0x80009278 (0xb8053413) x 8 0x00000001
core   0: 0x8000927c (0x028776b3) remu    a3, a4, s0
core   0: 3 0x8000927c (0x028776b3) x13 0x00000000
core   0: 0x80009280 (0x03ac8a33) mul     s4, s9, s10
core   0: 3 0x80009280 (0x03ac8a33) x20 0x00000000
core   0: 0x80009284 (0xee378613) addi    a2, a5, -285
core   0: 3 0x80009284 (0xee378613) x12 0xfffffee4
core   0: 0x80009288 (0x3fca7093) andi    ra, s4, 1020
core   0: 3 0x80009288 (0x3fca7093) x 1 0x00000000
core   0: 0x8000928c (0x0283e9b3) rem     s3, t2, s0
core   0: 3 0x8000928c (0x0283e9b3) x19 0x00000000
core   0: 0x80009290 (0x015ebfb3) sltu    t6, t4, s5
core   0: 3 0x80009290 (0x015ebfb3) x31 0x00000001
core   0: 0x80009294 (0xea4a2e93) slti    t4, s4, -348
core   0: 3 0x80009294 (0xea4a2e93) x29 0x00000000
core   0: 0x80009298 (0x027e94b3) mulh    s1, t4, t2
core   0: 3 0x80009298 (0x027e94b3) x 9 0x00000000
core   0: 0x8000929c (0x444a2e37) lui     t3, 0x444a2
core   0: 3 0x8000929c (0x444a2e37) x28 0x444a2000
core   0: 0x800092a0 (0x027041b3) div     gp, zero, t2
core   0: 3 0x800092a0 (0x027041b3) x 3 0x00000000
core   0: 0x800092a4 (0x40490233) sub     tp, s2, tp
core   0: 3 0x800092a4 (0x40490233) x 4 0x00003173
core   0: 0x800092a8 (0xed342913) slti    s2, s0, -301
core   0: 3 0x800092a8 (0xed342913) x18 0x00000000
core   0: 0x800092ac (0x035509b3) mul     s3, a0, s5
core   0: 3 0x800092ac (0x035509b3) x19 0x00000000
core   0: 0x800092b0 (0x02e6d697) auipc   a3, 0x2e6d
core   0: 3 0x800092b0 (0x02e6d697) x13 0x82e762b0
core   0: 0x800092b4 (0x00a59f33) sll     t5, a1, a0
core   0: 3 0x800092b4 (0x00a59f33) x30 0xffffffff
core   0: 0x800092b8 (0xfce8b913) sltiu   s2, a7, -50
core   0: 3 0x800092b8 (0xfce8b913) x18 0x00000001
core   0: 0x800092bc (0x03639233) mulh    tp, t2, s6
core   0: 3 0x800092bc (0x03639233) x 4 0xffffffff
core   0: 0x800092c0 (0x000af533) and     a0, s5, zero
core   0: 3 0x800092c0 (0x000af533) x10 0x00000000
core   0: 0x800092c4 (0x01351113) slli    sp, a0, 19
core   0: 3 0x800092c4 (0x01351113) x 2 0x00000000
core   0: 0x800092c8 (0x31b1ff93) andi    t6, gp, 795
core   0: 3 0x800092c8 (0x31b1ff93) x31 0x00000000
core   0: 0x800092cc (0x007ff433) and     s0, t6, t2
core   0: 3 0x800092cc (0x007ff433) x 8 0x00000000
core   0: 0x800092d0 (0xe7be3213) sltiu   tp, t3, -389
core   0: 3 0x800092d0 (0xe7be3213) x 4 0x00000001
core   0: 0x800092d4 (0x03f13ab3) mulhu   s5, sp, t6
core   0: 3 0x800092d4 (0x03f13ab3) x21 0x00000000
core   0: 0x800092d8 (0x3b98e613) ori     a2, a7, 953
core   0: 3 0x800092d8 (0x3b98e613) x12 0xd2dfd7fb
core   0: 0x800092dc (0x03236433) rem     s0, t1, s2
core   0: 3 0x800092dc (0x03236433) x 8 0x00000000
core   0: 0x800092e0 (0x02406e33) rem     t3, zero, tp
core   0: 3 0x800092e0 (0x02406e33) x28 0x00000000
core   0: 0x800092e4 (0x037751b3) divu    gp, a4, s7
core   0: 3 0x800092e4 (0x037751b3) x 3 0x80018ce4
core   0: 0x800092e8 (0x026647b3) div     a5, a2, t1
core   0: 3 0x800092e8 (0x026647b3) x15 0x00000000
core   0: 0x800092ec (0x0ff83493) sltiu   s1, a6, 255
core   0: 3 0x800092ec (0x0ff83493) x 9 0x00000000
core   0: 0x800092f0 (0xc46f7193) andi    gp, t5, -954
core   0: 3 0x800092f0 (0xc46f7193) x 3 0xfffffc46
core   0: 0x800092f4 (0x03ab9c33) mulh    s8, s7, s10
core   0: 3 0x800092f4 (0x03ab9c33) x24 0x00000000
core   0: 0x800092f8 (0x41f555b3) sra     a1, a0, t6
core   0: 3 0x800092f8 (0x41f555b3) x11 0x00000000
core   0: 0x800092fc (0xc12f4a93) xori    s5, t5, -1006
core   0: 3 0x800092fc (0xc12f4a93) x21 0x000003ed
core   0: 0x80009300 (0x67eb1917) auipc   s2, 0x67eb1
core   0: 3 0x80009300 (0x67eb1917) x18 0xe7eba300
core   0: 0x80009304 (0x01061533) sll     a0, a2, a6
core   0: 3 0x80009304 (0x01061533) x10 0x2dfd7fb0
core   0: 0x80009308 (0x01c5d413) srli    s0, a1, 28
core   0: 3 0x80009308 (0x01c5d413) x 8 0x00000000
core   0: 0x8000930c (0x40180fb3) sub     t6, a6, ra
core   0: 3 0x8000930c (0x40180fb3) x31 0x80014e64
core   0: 0x80009310 (0xefee3b13) sltiu   s6, t3, -258
core   0: 3 0x80009310 (0xefee3b13) x22 0x00000001
core   0: 0x80009314 (0x40f25413) srai    s0, tp, 15
core   0: 3 0x80009314 (0x40f25413) x 8 0x00000000
core   0: 0x80009318 (0x004613b3) sll     t2, a2, tp
core   0: 3 0x80009318 (0x004613b3) x 7 0xa5bfaff6
core   0: 0x8000931c (0x41cf0633) sub     a2, t5, t3
core   0: 3 0x8000931c (0x41cf0633) x12 0xffffffff
core   0: 0x80009320 (0x14788393) addi    t2, a7, 327
core   0: 3 0x80009320 (0x14788393) x 7 0xd2dfd6a1
core   0: 0x80009324 (0x026e83b3) mul     t2, t4, t1
core   0: 3 0x80009324 (0x026e83b3) x 7 0x00000000
core   0: 0x80009328 (0x48a1e393) ori     t2, gp, 1162
core   0: 3 0x80009328 (0x48a1e393) x 7 0xfffffcce
core   0: 0x8000932c (0x02a1c633) div     a2, gp, a0
core   0: 3 0x8000932c (0x02a1c633) x12 0x00000000
core   0: 0x80009330 (0x01863ab3) sltu    s5, a2, s8
core   0: 3 0x80009330 (0x01863ab3) x21 0x00000000
core   0: 0x80009334 (0x56306497) auipc   s1, 0x56306
core   0: 3 0x80009334 (0x56306497) x 9 0xd630f334
core   0: 0x80009338 (0x407ed793) srai    a5, t4, 7
core   0: 3 0x80009338 (0x407ed793) x15 0x00000000
core   0: 0x8000933c (0x405d8e33) sub     t3, s11, t0
core   0: 3 0x8000933c (0x405d8e33) x28 0x2d203007
core   0: 0x80009340 (0x00e2c233) xor     tp, t0, a4
core   0: 3 0x80009340 (0x00e2c233) x 4 0x52de5ce4
core   0: 0x80009344 (0xe86ace93) xori    t4, s5, -378
core   0: 3 0x80009344 (0xe86ace93) x29 0xfffffe86
core   0: 0x80009348 (0xda633613) sltiu   a2, t1, -602
core   0: 3 0x80009348 (0xda633613) x12 0x00000001
core   0: 0x8000934c (0x41525193) srai    gp, tp, 21
core   0: 3 0x8000934c (0x41525193) x 3 0x00000296
core   0: 0x80009350 (0x41dc0d33) sub     s10, s8, t4
core   0: 3 0x80009350 (0x41dc0d33) x26 0x0000017a
core   0: 0x80009354 (0x01fc92b3) sll     t0, s9, t6
core   0: 3 0x80009354 (0x01fc92b3) x 5 0x64ebea40
core   0: 0x80009358 (0x009f46b3) xor     a3, t5, s1
core   0: 3 0x80009358 (0x009f46b3) x13 0x29cf0ccb
core   0: 0x8000935c (0x0307cab3) div     s5, a5, a6
core   0: 3 0x8000935c (0x0307cab3) x21 0x00000000
core   0: 0x80009360 (0x56efb5b7) lui     a1, 0x56efb
core   0: 3 0x80009360 (0x56efb5b7) x11 0x56efb000
core   0: 0x80009364 (0x01e29393) slli    t2, t0, 30
core   0: 3 0x80009364 (0x01e29393) x 7 0x00000000
core   0: 0x80009368 (0x820ca513) slti    a0, s9, -2016
core   0: 3 0x80009368 (0x820ca513) x10 0x00000000
core   0: 0x8000936c (0x01c23013) sltiu   zero, tp, 28
core   0: 3 0x8000936c (0x01c23013)
core   0: 0x80009370 (0x99623613) sltiu   a2, tp, -1642
core   0: 3 0x80009370 (0x99623613) x12 0x00000001
core   0: 0x80009374 (0x00495033) srl     zero, s2, tp
core   0: 3 0x80009374 (0x00495033)
core   0: 0x80009378 (0x00000013) nop
core   0: 3 0x80009378 (0x00000013)
core   0: 0x8000937c (0x009ea7b3) slt     a5, t4, s1
core   0: 3 0x8000937c (0x009ea7b3) x15 0x00000000
core   0: 0x80009380 (0x06a36593) ori     a1, t1, 106
core   0: 3 0x80009380 (0x06a36593) x11 0x3172e06a
core   0: 0x80009384 (0x45a55537) lui     a0, 0x45a55
core   0: 3 0x80009384 (0x45a55537) x10 0x45a55000
core   0: 0x80009388 (0x17d8f113) andi    sp, a7, 381
core   0: 3 0x80009388 (0x17d8f113) x 2 0x00000158
core   0: 0x8000938c (0x405783b3) sub     t2, a5, t0
core   0: 3 0x8000938c (0x405783b3) x 7 0x9b1415c0
core   0: 0x80009390 (0x038c75b3) remu    a1, s8, s8
core   0: 3 0x80009390 (0x038c75b3) x11 0x00000000
core   0: 0x80009394 (0x932b4697) auipc   a3, 0x932b4
core   0: 3 0x80009394 (0x932b4697) x13 0x132bd394
core   0: 0x80009398 (0x022aa8b3) mulhsu  a7, s5, sp
core   0: 3 0x80009398 (0x022aa8b3) x17 0x00000000
core   0: 0x8000939c (0x40475393) srai    t2, a4, 4
core   0: 3 0x8000939c (0x40475393) x 7 0xf80018ce
core   0: 0x800093a0 (0x01ac25b3) slt     a1, s8, s10
core   0: 3 0x800093a0 (0x01ac25b3) x11 0x00000001
core   0: 0x800093a4 (0x1983ba13) sltiu   s4, t2, 408
core   0: 3 0x800093a4 (0x1983ba13) x20 0x00000000
core   0: 0x800093a8 (0x419985b3) sub     a1, s3, s9
core   0: 3 0x800093a8 (0x419985b3) x11 0xc9b1415c
core   0: 0x800093ac (0x02fc77b3) remu    a5, s8, a5
core   0: 3 0x800093ac (0x02fc77b3) x15 0x00000000
core   0: 0x800093b0 (0x016036b3) snez    a3, s6
core   0: 3 0x800093b0 (0x016036b3) x13 0x00000001
core   0: 0x800093b4 (0xcced3d37) lui     s10, 0xcced3
core   0: 3 0x800093b4 (0xcced3d37) x26 0xcced3000
core   0: 0x800093b8 (0x02234fb3) div     t6, t1, sp
core   0: 3 0x800093b8 (0x02234fb3) x31 0x0024cc8e
core   0: 0x800093bc (0xc9397b17) auipc   s6, 0xc9397
core   0: 3 0x800093bc (0xc9397b17) x22 0x493a03bc
core   0: 0x800093c0 (0x00851333) sll     t1, a0, s0
core   0: 3 0x800093c0 (0x00851333) x 6 0x45a55000
core   0: 0x800093c4 (0x026ae7b3) rem     a5, s5, t1
core   0: 3 0x800093c4 (0x026ae7b3) x15 0x00000000
core   0: 0x800093c8 (0xfe032d17) auipc   s10, 0xfe032
core   0: 3 0x800093c8 (0xfe032d17) x26 0x7e03b3c8
core   0: 0x800093cc (0x41d30e33) sub     t3, t1, t4
core   0: 3 0x800093cc (0x41d30e33) x28 0x45a5517a
core   0: 0x800093d0 (0x419ddb33) sra     s6, s11, s9
core   0: 3 0x800093d0 (0x419ddb33) x22 0x00000000
core   0: 0x800093d4 (0x01eb91b3) sll     gp, s7, t5
core   0: 3 0x800093d4 (0x01eb91b3) x 3 0x80000000
core   0: 0x800093d8 (0xcd7af393) andi    t2, s5, -809
core   0: 3 0x800093d8 (0xcd7af393) x 7 0x00000000
core   0: 0x800093dc (0x00000013) nop
core   0: 3 0x800093dc (0x00000013)
core   0: 0x800093e0 (0x0f0d7693) andi    a3, s10, 240
core   0: 3 0x800093e0 (0x0f0d7693) x13 0x000000c0
core   0: 0x800093e4 (0x40ec5233) sra     tp, s8, a4
core   0: 3 0x800093e4 (0x40ec5233) x 4 0x00000000
core   0: 0x800093e8 (0x00000013) nop
core   0: 3 0x800093e8 (0x00000013)
core   0: 0x800093ec (0x0027d8b3) srl     a7, a5, sp
core   0: 3 0x800093ec (0x0027d8b3) x17 0x00000000
core   0: 0x800093f0 (0x875a2013) slti    zero, s4, -1931
core   0: 3 0x800093f0 (0x875a2013)
core   0: 0x800093f4 (0x00cadab3) srl     s5, s5, a2
core   0: 3 0x800093f4 (0x00cadab3) x21 0x00000000
core   0: 0x800093f8 (0x00afd593) srli    a1, t6, 10
core   0: 3 0x800093f8 (0x00afd593) x11 0x00000933
core   0: 0x800093fc (0x0225e333) rem     t1, a1, sp
core   0: 3 0x800093fc (0x0225e333) x 6 0x00000123
core   0: 0x80009400 (0x02397f33) remu    t5, s2, gp
core   0: 3 0x80009400 (0x02397f33) x30 0x67eba300
core   0: 0x80009404 (0x7aa88493) addi    s1, a7, 1962
core   0: 3 0x80009404 (0x7aa88493) x 9 0x000007aa
core   0: 0x80009408 (0x74072993) slti    s3, a4, 1856
core   0: 3 0x80009408 (0x74072993) x19 0x00000001
core   0: 0x8000940c (0xc409fa93) andi    s5, s3, -960
core   0: 3 0x8000940c (0xc409fa93) x21 0x00000000
core   0: 0x80009410 (0x0018de93) srli    t4, a7, 1
core   0: 3 0x80009410 (0x0018de93) x29 0x00000000
core   0: 0x80009414 (0x036baab3) mulhsu  s5, s7, s6
core   0: 3 0x80009414 (0x036baab3) x21 0x00000000
core   0: 0x80009418 (0x44fc8297) auipc   t0, 0x44fc8
core   0: 3 0x80009418 (0x44fc8297) x 5 0xc4fd1418
core   0: 0x8000941c (0x0faaef93) ori     t6, s5, 250
core   0: 3 0x8000941c (0x0faaef93) x31 0x000000fa
core   0: 0x80009420 (0x02e69eb3) mulh    t4, a3, a4
core   0: 3 0x80009420 (0x02e69eb3) x29 0xffffffa0
core   0: 0x80009424 (0x00f00033) add     zero, zero, a5
core   0: 3 0x80009424 (0x00f00033)
core   0: 0x80009428 (0xe8824293) xori    t0, tp, -376
core   0: 3 0x80009428 (0xe8824293) x 5 0xfffffe88
core   0: 0x8000942c (0x01715913) srli    s2, sp, 23
core   0: 3 0x8000942c (0x01715913) x18 0x00000000
core   0: 0x80009430 (0x038c48b3) div     a7, s8, s8
core   0: 3 0x80009430 (0x038c48b3) x17 0xffffffff
core   0: 0x80009434 (0x014e00b3) add     ra, t3, s4
core   0: 3 0x80009434 (0x014e00b3) x 1 0x45a5517a
core   0: 0x80009438 (0xd348eb93) ori     s7, a7, -716
core   0: 3 0x80009438 (0xd348eb93) x23 0xffffffff
core   0: 0x8000943c (0x007ec933) xor     s2, t4, t2
core   0: 3 0x8000943c (0x007ec933) x18 0xffffffa0
core   0: 0x80009440 (0x036dab33) mulhsu  s6, s11, s6
core   0: 3 0x80009440 (0x036dab33) x22 0x00000000
core   0: 0x80009444 (0x407d53b3) sra     t2, s10, t2
core   0: 3 0x80009444 (0x407d53b3) x 7 0x7e03b3c8
core   0: 0x80009448 (0x01b59eb3) sll     t4, a1, s11
core   0: 3 0x80009448 (0x01b59eb3) x29 0x00049980
core   0: 0x8000944c (0x64cf0a13) addi    s4, t5, 1612
core   0: 3 0x8000944c (0x64cf0a13) x20 0x67eba94c
core   0: 0x80009450 (0xbe71a693) slti    a3, gp, -1049
core   0: 3 0x80009450 (0xbe71a693) x13 0x00000001
core   0: 0x80009454 (0x00a485b3) add     a1, s1, a0
core   0: 3 0x80009454 (0x00a485b3) x11 0x45a557aa
core   0: 0x80009458 (0xe1d84c97) auipc   s9, 0xe1d84
core   0: 3 0x80009458 (0xe1d84c97) x25 0x61d8d458
core   0: 0x8000945c (0x4092d493) srai    s1, t0, 9
core   0: 3 0x8000945c (0x4092d493) x 9 0xffffffff
core   0: 0x80009460 (0x4d537ab7) lui     s5, 0x4d537
core   0: 3 0x80009460 (0x4d537ab7) x21 0x4d537000
core   0: 0x80009464 (0x02f8bc33) mulhu   s8, a7, a5
core   0: 3 0x80009464 (0x02f8bc33) x24 0x00000000
core   0: 0x80009468 (0x02fc5ab3) divu    s5, s8, a5
core   0: 3 0x80009468 (0x02fc5ab3) x21 0xffffffff
core   0: 0x8000946c (0x68bf7213) andi    tp, t5, 1675
core   0: 3 0x8000946c (0x68bf7213) x 4 0x00000200
core   0: 0x80009470 (0x9d7f6b93) ori     s7, t5, -1577
core   0: 3 0x80009470 (0x9d7f6b93) x23 0xfffffbd7
core   0: 0x80009474 (0xc77cae93) slti    t4, s9, -905
core   0: 3 0x80009474 (0xc77cae93) x29 0x00000000
core   0: 0x80009478 (0xcea23793) sltiu   a5, tp, -790
core   0: 3 0x80009478 (0xcea23793) x15 0x00000001
core   0: 0x8000947c (0x22edeb17) auipc   s6, 0x22ede
core   0: 3 0x8000947c (0x22edeb17) x22 0xa2ee747c
core   0: 0x80009480 (0x01f25593) srli    a1, tp, 31
core   0: 3 0x80009480 (0x01f25593) x11 0x00000000
core   0: 0x80009484 (0x91c1bc93) sltiu   s9, gp, -1764
core   0: 3 0x80009484 (0x91c1bc93) x25 0x00000001
core   0: 0x80009488 (0x007d6bb3) or      s7, s10, t2
core   0: 3 0x80009488 (0x007d6bb3) x23 0x7e03b3c8
core   0: 0x8000948c (0x0e5cd497) auipc   s1, 0xe5cd
core   0: 3 0x8000948c (0x0e5cd497) x 9 0x8e5d648c
core   0: 0x80009490 (0x03055233) divu    tp, a0, a6
core   0: 3 0x80009490 (0x03055233) x 4 0x00000000
core   0: 0x80009494 (0x6be7b993) sltiu   s3, a5, 1726
core   0: 3 0x80009494 (0x6be7b993) x19 0x00000001
core   0: 0x80009498 (0xa4664a13) xori    s4, a2, -1466
core   0: 3 0x80009498 (0xa4664a13) x20 0xfffffa47
core   0: 0x8000949c (0x029b82b3) mul     t0, s7, s1
core   0: 3 0x8000949c (0x029b82b3) x 5 0x9be87160
core   0: 0x800094a0 (0x021b17b3) mulh    a5, s6, ra
core   0: 3 0x800094a0 (0x021b17b3) x15 0xe6ae2b77
core   0: 0x800094a4 (0x0323be33) mulhu   t3, t2, s2
core   0: 3 0x800094a4 (0x0323be33) x28 0x7e03b398
core   0: 0x800094a8 (0x024ea5b3) mulhsu  a1, t4, tp
core   0: 3 0x800094a8 (0x024ea5b3) x11 0x00000000
core   0: 0x800094ac (0x001312b3) sll     t0, t1, ra
core   0: 3 0x800094ac (0x001312b3) x 5 0x8c000000
core   0: 0x800094b0 (0x01641513) slli    a0, s0, 22
core   0: 3 0x800094b0 (0x01641513) x10 0x00000000
core   0: 0x800094b4 (0xcfcfe413) ori     s0, t6, -772
core   0: 3 0x800094b4 (0xcfcfe413) x 8 0xfffffcfe
core   0: 0x800094b8 (0x0096d613) srli    a2, a3, 9
core   0: 3 0x800094b8 (0x0096d613) x12 0x00000000
core   0: 0x800094bc (0xd2d2ab93) slti    s7, t0, -723
core   0: 3 0x800094bc (0xd2d2ab93) x23 0x00000001
core   0: 0x800094c0 (0x0021e433) or      s0, gp, sp
core   0: 3 0x800094c0 (0x0021e433) x 8 0x80000158
core   0: 0x800094c4 (0xfa3e6993) ori     s3, t3, -93
core   0: 3 0x800094c4 (0xfa3e6993) x19 0xffffffbb
core   0: 0x800094c8 (0x037e0c33) mul     s8, t3, s7
core   0: 3 0x800094c8 (0x037e0c33) x24 0x7e03b398
core   0: 0x800094cc (0x00e81f33) sll     t5, a6, a4
core   0: 3 0x800094cc (0x00e81f33) x30 0x0014e640
core   0: 0x800094d0 (0x2c500d13) li      s10, 709
core   0: 3 0x800094d0 (0x2c500d13) x26 0x000002c5
core   0: 0x800094d4 (0x00c2f633) and     a2, t0, a2
core   0: 3 0x800094d4 (0x00c2f633) x12 0x00000000
core   0: 0x800094d8 (0x0279e9b3) rem     s3, s3, t2
core   0: 3 0x800094d8 (0x0279e9b3) x19 0xffffffbb
core   0: 0x800094dc (0x02b212b3) mulh    t0, tp, a1
core   0: 3 0x800094dc (0x02b212b3) x 5 0x00000000
core   0: 0x800094e0 (0x02e396b3) mulh    a3, t2, a4
core   0: 3 0x800094e0 (0x02e396b3) x13 0xc0fee979
core   0: 0x800094e4 (0x00a87233) and     tp, a6, a0
core   0: 3 0x800094e4 (0x00a87233) x 4 0x00000000
core   0: 0x800094e8 (0x01dc1f93) slli    t6, s8, 29
core   0: 3 0x800094e8 (0x01dc1f93) x31 0x00000000
core   0: 0x800094ec (0x994ba013) slti    zero, s7, -1644
core   0: 3 0x800094ec (0x994ba013)
core   0: 0x800094f0 (0x03b422b3) mulhsu  t0, s0, s11
core   0: 3 0x800094f0 (0x03b422b3) x 5 0xfffffffc
core   0: 0x800094f4 (0x030fca33) div     s4, t6, a6
core   0: 3 0x800094f4 (0x030fca33) x20 0x00000000
core   0: 0x800094f8 (0x27f6e893) ori     a7, a3, 639
core   0: 3 0x800094f8 (0x27f6e893) x17 0xc0feeb7f
core   0: 0x800094fc (0x038852b3) divu    t0, a6, s8
core   0: 3 0x800094fc (0x038852b3) x 5 0x00000001
core   0: 0x80009500 (0x4076dcb3) sra     s9, a3, t2
core   0: 3 0x80009500 (0x4076dcb3) x25 0xffc0fee9
core   0: 0x80009504 (0x028950b3) divu    ra, s2, s0
core   0: 3 0x80009504 (0x028950b3) x 1 0x00000001
core   0: 0x80009508 (0x415002b3) sub     t0, zero, s5
core   0: 3 0x80009508 (0x415002b3) x 5 0x00000001
core   0: 0x8000950c (0x415b5113) srai    sp, s6, 21
core   0: 3 0x8000950c (0x415b5113) x 2 0xfffffd17
core   0: 0x80009510 (0x01a5df93) srli    t6, a1, 26
core   0: 3 0x80009510 (0x01a5df93) x31 0x00000000
core   0: 0x80009514 (0x00ae9793) slli    a5, t4, 10
core   0: 3 0x80009514 (0x00ae9793) x15 0x00000000
core   0: 0x80009518 (0x02f754b3) divu    s1, a4, a5
core   0: 3 0x80009518 (0x02f754b3) x 9 0xffffffff
core   0: 0x8000951c (0x41be5113) srai    sp, t3, 27
core   0: 3 0x8000951c (0x41be5113) x 2 0x0000000f
core   0: 0x80009520 (0x40808cb3) sub     s9, ra, s0
core   0: 3 0x80009520 (0x40808cb3) x25 0x7ffffea9
core   0: 0x80009524 (0x010ae8b3) or      a7, s5, a6
core   0: 3 0x80009524 (0x010ae8b3) x17 0xffffffff
core   0: 0x80009528 (0x027b06b3) mul     a3, s6, t2
core   0: 3 0x80009528 (0x027b06b3) x13 0x6b31b4e0
core   0: 0x8000952c (0x7a750213) addi    tp, a0, 1959
core   0: 3 0x8000952c (0x7a750213) x 4 0x000007a7
core   0: 0x80009530 (0x8bfe4b93) xori    s7, t3, -1857
core   0: 3 0x80009530 (0x8bfe4b93) x23 0x81fc4b27
core   0: 0x80009534 (0x40ff5913) srai    s2, t5, 15
core   0: 3 0x80009534 (0x40ff5913) x18 0x00000029
core   0: 0x80009538 (0x00d290b3) sll     ra, t0, a3
core   0: 3 0x80009538 (0x00d290b3) x 1 0x00000001
core   0: 0x8000953c (0xe31ec593) xori    a1, t4, -463
core   0: 3 0x8000953c (0xe31ec593) x11 0xfffffe31
core   0: 0x80009540 (0x6e7b8eb7) lui     t4, 0x6e7b8
core   0: 3 0x80009540 (0x6e7b8eb7) x29 0x6e7b8000
core   0: 0x80009544 (0x419189b3) sub     s3, gp, s9
core   0: 3 0x80009544 (0x419189b3) x19 0x00000157
core   0: 0x80009548 (0x6a4f8113) addi    sp, t6, 1700
core   0: 3 0x80009548 (0x6a4f8113) x 2 0x000006a4
core   0: 0x8000954c (0x036edf33) divu    t5, t4, s6
core   0: 3 0x8000954c (0x036edf33) x30 0x00000000
core   0: 0x80009550 (0x00e24b33) xor     s6, tp, a4
core   0: 3 0x80009550 (0x00e24b33) x22 0x80018b43
core   0: 0x80009554 (0x22d42b93) slti    s7, s0, 557
core   0: 3 0x80009554 (0x22d42b93) x23 0x00000001
core   0: 0x80009558 (0x01cdc333) xor     t1, s11, t3
core   0: 3 0x80009558 (0x01cdc333) x 6 0x7e03b39f
core   0: 0x8000955c (0x41795593) srai    a1, s2, 23
core   0: 3 0x8000955c (0x41795593) x11 0x00000000
core   0: 0x80009560 (0x8ffaa413) slti    s0, s5, -1793
core   0: 3 0x80009560 (0x8ffaa413) x 8 0x00000000
core   0: 0x80009564 (0x028aa9b3) mulhsu  s3, s5, s0
core   0: 3 0x80009564 (0x028aa9b3) x19 0x00000000
core   0: 0x80009568 (0x00982433) slt     s0, a6, s1
core   0: 3 0x80009568 (0x00982433) x 8 0x00000001
core   0: 0x8000956c (0x26e7c613) xori    a2, a5, 622
core   0: 3 0x8000956c (0x26e7c613) x12 0x0000026e
core   0: 0x80009570 (0x234cfe97) auipc   t4, 0x234cf
core   0: 3 0x80009570 (0x234cfe97) x29 0xa34d8570
core   0: 0x80009574 (0x014daeb3) slt     t4, s11, s4
core   0: 3 0x80009574 (0x014daeb3) x29 0x00000000
core   0: 0x80009578 (0x01d786b3) add     a3, a5, t4
core   0: 3 0x80009578 (0x01d786b3) x13 0x00000000
core   0: 0x8000957c (0xba5d6a93) ori     s5, s10, -1115
core   0: 3 0x8000957c (0xba5d6a93) x21 0xfffffbe5
core   0: 0x80009580 (0x02a5c4b3) div     s1, a1, a0
core   0: 3 0x80009580 (0x02a5c4b3) x 9 0xffffffff
core   0: 0x80009584 (0xe5b57913) andi    s2, a0, -421
core   0: 3 0x80009584 (0xe5b57913) x18 0x00000000
core   0: 0x80009588 (0x03a136b3) mulhu   a3, sp, s10
core   0: 3 0x80009588 (0x03a136b3) x13 0x00000000
core   0: 0x8000958c (0x00a1b8b3) sltu    a7, gp, a0
core   0: 3 0x8000958c (0x00a1b8b3) x17 0x00000000
core   0: 0x80009590 (0x73542893) slti    a7, s0, 1845
core   0: 3 0x80009590 (0x73542893) x17 0x00000001
core   0: 0x80009594 (0x41c40633) sub     a2, s0, t3
core   0: 3 0x80009594 (0x41c40633) x12 0x81fc4c69
core   0: 0x80009598 (0x03fa24b3) mulhsu  s1, s4, t6
core   0: 3 0x80009598 (0x03fa24b3) x 9 0x00000000
core   0: 0x8000959c (0x0364af33) mulhsu  t5, s1, s6
core   0: 3 0x8000959c (0x0364af33) x30 0x00000000
core   0: 0x800095a0 (0x349eaf17) auipc   t5, 0x349ea
core   0: 3 0x800095a0 (0x349eaf17) x30 0xb49f35a0
core   0: 0x800095a4 (0xb0caba93) sltiu   s5, s5, -1268
core   0: 3 0x800095a4 (0xb0caba93) x21 0x00000000
core   0: 0x800095a8 (0x018cbcb3) sltu    s9, s9, s8
core   0: 3 0x800095a8 (0x018cbcb3) x25 0x00000000
core   0: 0x800095ac (0x01405913) srli    s2, zero, 20
core   0: 3 0x800095ac (0x01405913) x18 0x00000000
core   0: 0x800095b0 (0x1b652013) slti    zero, a0, 438
core   0: 3 0x800095b0 (0x1b652013)
core   0: 0x800095b4 (0xb9032293) slti    t0, t1, -1136
core   0: 3 0x800095b4 (0xb9032293) x 5 0x00000000
core   0: 0x800095b8 (0x03925c33) divu    s8, tp, s9
core   0: 3 0x800095b8 (0x03925c33) x24 0xffffffff
core   0: 0x800095bc (0xbcd17793) andi    a5, sp, -1075
core   0: 3 0x800095bc (0xbcd17793) x15 0x00000284
core   0: 0x800095c0 (0x012d10b3) sll     ra, s10, s2
core   0: 3 0x800095c0 (0x012d10b3) x 1 0x000002c5
core   0: 0x800095c4 (0x016f0633) add     a2, t5, s6
core   0: 3 0x800095c4 (0x016f0633) x12 0x34a0c0e3
core   0: 0x800095c8 (0x191195b7) lui     a1, 0x19119
core   0: 3 0x800095c8 (0x191195b7) x11 0x19119000
core   0: 0x800095cc (0x01d1bc33) sltu    s8, gp, t4
core   0: 3 0x800095cc (0x01d1bc33) x24 0x00000000
core   0: 0x800095d0 (0xc62238b7) lui     a7, 0xc6223
core   0: 3 0x800095d0 (0xc62238b7) x17 0xc6223000
core   0: 0x800095d4 (0x012d7d33) and     s10, s10, s2
core   0: 3 0x800095d4 (0x012d7d33) x26 0x00000000
core   0: 0x800095d8 (0xc8548b93) addi    s7, s1, -891
core   0: 3 0x800095d8 (0xc8548b93) x23 0xfffffc85
core   0: 0x800095dc (0x412c0ab3) sub     s5, s8, s2
core   0: 3 0x800095dc (0x412c0ab3) x21 0x00000000
core   0: 0x800095e0 (0x017ef4b3) and     s1, t4, s7
core   0: 3 0x800095e0 (0x017ef4b3) x 9 0x00000000
core   0: 0x800095e4 (0x41c05e93) srai    t4, zero, 28
core   0: 3 0x800095e4 (0x41c05e93) x29 0x00000000
core   0: 0x800095e8 (0x03add3b3) divu    t2, s11, s10
core   0: 3 0x800095e8 (0x03add3b3) x 7 0xffffffff
core   0: 0x800095ec (0x03f12c33) mulhsu  s8, sp, t6
core   0: 3 0x800095ec (0x03f12c33) x24 0x00000000
core   0: 0x800095f0 (0x41715793) srai    a5, sp, 23
core   0: 3 0x800095f0 (0x41715793) x15 0x00000000
core   0: 0x800095f4 (0x021cee33) rem     t3, s9, ra
core   0: 3 0x800095f4 (0x021cee33) x28 0x00000000
core   0: 0x800095f8 (0x8160e493) ori     s1, ra, -2026
core   0: 3 0x800095f8 (0x8160e493) x 9 0xfffffad7
core   0: 0x800095fc (0x40735693) srai    a3, t1, 7
core   0: 3 0x800095fc (0x40735693) x13 0x00fc0767
core   0: 0x80009600 (0x3db4bf13) sltiu   t5, s1, 987
core   0: 3 0x80009600 (0x3db4bf13) x30 0x00000000
core   0: 0x80009604 (0xa661ee13) ori     t3, gp, -1434
core   0: 3 0x80009604 (0xa661ee13) x28 0xfffffa66
core   0: 0x80009608 (0x0037e2b3) or      t0, a5, gp
core   0: 3 0x80009608 (0x0037e2b3) x 5 0x80000000
core   0: 0x8000960c (0x00760533) add     a0, a2, t2
core   0: 3 0x8000960c (0x00760533) x10 0x34a0c0e2
core   0: 0x80009610 (0x80d4a893) slti    a7, s1, -2035
core   0: 3 0x80009610 (0x80d4a893) x17 0x00000000
core   0: 0x80009614 (0x02a9d033) divu    zero, s3, a0
core   0: 3 0x80009614 (0x02a9d033)
core   0: 0x80009618 (0x02f31f33) mulh    t5, t1, a5
core   0: 3 0x80009618 (0x02f31f33) x30 0x00000000
core   0: 0x8000961c (0x01aa9fb3) sll     t6, s5, s10
core   0: 3 0x8000961c (0x01aa9fb3) x31 0x00000000
core   0: 0x80009620 (0x0017d413) srli    s0, a5, 1
core   0: 3 0x80009620 (0x0017d413) x 8 0x00000000
core   0: 0x80009624 (0x0059b033) sltu    zero, s3, t0
core   0: 3 0x80009624 (0x0059b033)
core   0: 0x80009628 (0x0341d033) divu    zero, gp, s4
core   0: 3 0x80009628 (0x0341d033)
core   0: 0x8000962c (0x0aa22613) slti    a2, tp, 170
core   0: 3 0x8000962c (0x0aa22613) x12 0x00000000
core   0: 0x80009630 (0x5745a313) slti    t1, a1, 1396
core   0: 3 0x80009630 (0x5745a313) x 6 0x00000000
core   0: 0x80009634 (0x405dd6b3) sra     a3, s11, t0
core   0: 3 0x80009634 (0x405dd6b3) x13 0x00000007
core   0: 0x80009638 (0x01340bb3) add     s7, s0, s3
core   0: 3 0x80009638 (0x01340bb3) x23 0x00000000
core   0: 0x8000963c (0x00e3ebb3) or      s7, t2, a4
core   0: 3 0x8000963c (0x00e3ebb3) x23 0xffffffff
core   0: 0x80009640 (0x014ed913) srli    s2, t4, 20
core   0: 3 0x80009640 (0x014ed913) x18 0x00000000
core   0: 0x80009644 (0x02ace8b3) rem     a7, s9, a0
core   0: 3 0x80009644 (0x02ace8b3) x17 0x00000000
core   0: 0x80009648 (0x0167d9b3) srl     s3, a5, s6
core   0: 3 0x80009648 (0x0167d9b3) x19 0x00000000
core   0: 0x8000964c (0x4068d4b3) sra     s1, a7, t1
core   0: 3 0x8000964c (0x4068d4b3) x 9 0x00000000
core   0: 0x80009650 (0x01e2a4b3) slt     s1, t0, t5
core   0: 3 0x80009650 (0x01e2a4b3) x 9 0x00000001
core   0: 0x80009654 (0x00188333) add     t1, a7, ra
core   0: 3 0x80009654 (0x00188333) x 6 0x000002c5
core   0: 0x80009658 (0x37c02c97) auipc   s9, 0x37c02
core   0: 3 0x80009658 (0x37c02c97) x25 0xb7c0b658
core   0: 0x8000965c (0x034489b3) mul     s3, s1, s4
core   0: 3 0x8000965c (0x034489b3) x19 0x00000000
core   0: 0x80009660 (0x3dd79617) auipc   a2, 0x3dd79
core   0: 3 0x80009660 (0x3dd79617) x12 0xbdd82660
core   0: 0x80009664 (0x78f96013) ori     zero, s2, 1935
core   0: 3 0x80009664 (0x78f96013)
core   0: 0x80009668 (0x0035b5b3) sltu    a1, a1, gp
core   0: 3 0x80009668 (0x0035b5b3) x11 0x00000001
core   0: 0x8000966c (0x027d2933) mulhsu  s2, s10, t2
core   0: 3 0x8000966c (0x027d2933) x18 0x00000000
core   0: 0x80009670 (0x2d20b493) sltiu   s1, ra, 722
core   0: 3 0x80009670 (0x2d20b493) x 9 0x00000001
core   0: 0x80009674 (0x519c6493) ori     s1, s8, 1305
core   0: 3 0x80009674 (0x519c6493) x 9 0x00000519
core   0: 0x80009678 (0x011b5593) srli    a1, s6, 17
core   0: 3 0x80009678 (0x011b5593) x11 0x00004000
core   0: 0x8000967c (0x407e0d33) sub     s10, t3, t2
core   0: 3 0x8000967c (0x407e0d33) x26 0xfffffa67
core   0: 0x80009680 (0x29be1f97) auipc   t6, 0x29be1
core   0: 3 0x80009680 (0x29be1f97) x31 0xa9bea680
core   0: 0x80009684 (0x018b66b3) or      a3, s6, s8
core   0: 3 0x80009684 (0x018b66b3) x13 0x80018b43
core   0: 0x80009688 (0x0081d913) srli    s2, gp, 8
core   0: 3 0x80009688 (0x0081d913) x18 0x00800000
core   0: 0x8000968c (0x9f823593) sltiu   a1, tp, -1544
core   0: 3 0x8000968c (0x9f823593) x11 0x00000001
core   0: 0x80009690 (0x02e584b3) mul     s1, a1, a4
core   0: 3 0x80009690 (0x02e584b3) x 9 0x80018ce4
core   0: 0x80009694 (0x02a6fe33) remu    t3, a3, a0
core   0: 3 0x80009694 (0x02a6fe33) x28 0x16c0097f
core   0: 0x80009698 (0x4022dbb3) sra     s7, t0, sp
core   0: 3 0x80009698 (0x4022dbb3) x23 0xf8000000
core   0: 0x8000969c (0x40f40fb3) sub     t6, s0, a5
core   0: 3 0x8000969c (0x40f40fb3) x31 0x00000000
core   0: 0x800096a0 (0x411e05b3) sub     a1, t3, a7
core   0: 3 0x800096a0 (0x411e05b3) x11 0x16c0097f
core   0: 0x800096a4 (0x031146b3) div     a3, sp, a7
core   0: 3 0x800096a4 (0x031146b3) x13 0xffffffff
core   0: 0x800096a8 (0x40620933) sub     s2, tp, t1
core   0: 3 0x800096a8 (0x40620933) x18 0x000004e2
core   0: 0x800096ac (0x00000013) nop
core   0: 3 0x800096ac (0x00000013)
core   0: 0x800096b0 (0x0122a033) slt     zero, t0, s2
core   0: 3 0x800096b0 (0x0122a033)
core   0: 0x800096b4 (0x3ca9f093) andi    ra, s3, 970
core   0: 3 0x800096b4 (0x3ca9f093) x 1 0x00000000
core   0: 0x800096b8 (0x017bdc33) srl     s8, s7, s7
core   0: 3 0x800096b8 (0x017bdc33) x24 0xf8000000
core   0: 0x800096bc (0x018d1a93) slli    s5, s10, 24
core   0: 3 0x800096bc (0x018d1a93) x21 0x67000000
core   0: 0x800096c0 (0x5912b793) sltiu   a5, t0, 1425
core   0: 3 0x800096c0 (0x5912b793) x15 0x00000000
core   0: 0x800096c4 (0xf8540f13) addi    t5, s0, -123
core   0: 3 0x800096c4 (0xf8540f13) x30 0xffffff85
core   0: 0x800096c8 (0x40448c33) sub     s8, s1, tp
core   0: 3 0x800096c8 (0x40448c33) x24 0x8001853d
core   0: 0x800096cc (0x0223c933) div     s2, t2, sp
core   0: 3 0x800096cc (0x0223c933) x18 0x00000000
core   0: 0x800096d0 (0x00a2e9b3) or      s3, t0, a0
core   0: 3 0x800096d0 (0x00a2e9b3) x19 0xb4a0c0e2
core   0: 0x800096d4 (0x012e9b93) slli    s7, t4, 18
core   0: 3 0x800096d4 (0x012e9b93) x23 0x00000000
core   0: 0x800096d8 (0x00000013) nop
core   0: 3 0x800096d8 (0x00000013)
core   0: 0x800096dc (0xbf4d0013) addi    zero, s10, -1036
core   0: 3 0x800096dc (0xbf4d0013)
core   0: 0x800096e0 (0x0185e7b3) or      a5, a1, s8
core   0: 3 0x800096e0 (0x0185e7b3) x15 0x96c18d7f
core   0: 0x800096e4 (0x00b93133) sltu    sp, s2, a1
core   0: 3 0x800096e4 (0x00b93133) x 2 0x00000001
core   0: 0x800096e8 (0x00a15b13) srli    s6, sp, 10
core   0: 3 0x800096e8 (0x00a15b13) x22 0x00000000
core   0: 0x800096ec (0x01e99fb3) sll     t6, s3, t5
core   0: 3 0x800096ec (0x01e99fb3) x31 0x94181c40
core   0: 0x800096f0 (0x018677b3) and     a5, a2, s8
core   0: 3 0x800096f0 (0x018677b3) x15 0x80000420
core   0: 0x800096f4 (0x404dd513) srai    a0, s11, 4
core   0: 3 0x800096f4 (0x404dd513) x10 0x00000000
core   0: 0x800096f8 (0x02ca39b3) mulhu   s3, s4, a2
core   0: 3 0x800096f8 (0x02ca39b3) x19 0x00000000
core   0: 0x800096fc (0x0359b2b3) mulhu   t0, s3, s5
core   0: 3 0x800096fc (0x0359b2b3) x 5 0x00000000
core   0: 0x80009700 (0x018bc1b3) xor     gp, s7, s8
core   0: 3 0x80009700 (0x018bc1b3) x 3 0x8001853d
core   0: 0x80009704 (0x34401d17) auipc   s10, 0x34401
core   0: 3 0x80009704 (0x34401d17) x26 0xb440a704
core   0: 0x80009708 (0x03188533) mul     a0, a7, a7
core   0: 3 0x80009708 (0x03188533) x10 0x00000000
core   0: 0x8000970c (0xd27149b7) lui     s3, 0xd2714
core   0: 3 0x8000970c (0xd27149b7) x19 0xd2714000
core   0: 0x80009710 (0xa7aac617) auipc   a2, 0xa7aac
core   0: 3 0x80009710 (0xa7aac617) x12 0x27ab5710
core   0: 0x80009714 (0x0319ffb3) remu    t6, s3, a7
core   0: 3 0x80009714 (0x0319ffb3) x31 0xd2714000
core   0: 0x80009718 (0x00212a33) slt     s4, sp, sp
core   0: 3 0x80009718 (0x00212a33) x20 0x00000000
core   0: 0x8000971c (0x2e380117) auipc   sp, 0x2e380
core   0: 3 0x8000971c (0x2e380117) x 2 0xae38971c
core   0: 0x80009720 (0x038889b3) mul     s3, a7, s8
core   0: 3 0x80009720 (0x038889b3) x19 0x00000000
core   0: 0x80009724 (0x674b4993) xori    s3, s6, 1652
core   0: 3 0x80009724 (0x674b4993) x19 0x00000674
core   0: 0x80009728 (0x03259633) mulh    a2, a1, s2
core   0: 3 0x80009728 (0x03259633) x12 0x00000000
core   0: 0x8000972c (0x4052d433) sra     s0, t0, t0
core   0: 3 0x8000972c (0x4052d433) x 8 0x00000000
core   0: 0x80009730 (0x01c785b3) add     a1, a5, t3
core   0: 3 0x80009730 (0x01c785b3) x11 0x96c00d9f
core   0: 0x80009734 (0x00e81893) slli    a7, a6, 14
core   0: 3 0x80009734 (0x00e81893) x17 0x53990000
core   0: 0x80009738 (0x017c5f33) srl     t5, s8, s7
core   0: 3 0x80009738 (0x017c5f33) x30 0x8001853d
core   0: 0x8000973c (0x21014f93) xori    t6, sp, 528
core   0: 3 0x8000973c (0x21014f93) x31 0xae38950c
core   0: 0x80009740 (0x9a1cf093) andi    ra, s9, -1631
core   0: 3 0x80009740 (0x9a1cf093) x 1 0xb7c0b000
core   0: 0x80009744 (0x86e8c0b7) lui     ra, 0x86e8c
core   0: 3 0x80009744 (0x86e8c0b7) x 1 0x86e8c000
core   0: 0x80009748 (0x40b60633) sub     a2, a2, a1
core   0: 3 0x80009748 (0x40b60633) x12 0x693ff261
core   0: 0x8000974c (0x01f03533) snez    a0, t6
core   0: 3 0x8000974c (0x01f03533) x10 0x00000001
core   0: 0x80009750 (0x01855013) srli    zero, a0, 24
core   0: 3 0x80009750 (0x01855013)
core   0: 0x80009754 (0x01fb7133) and     sp, s6, t6
core   0: 3 0x80009754 (0x01fb7133) x 2 0x00000000
core   0: 0x80009758 (0x018793b3) sll     t2, a5, s8
core   0: 3 0x80009758 (0x018793b3) x 7 0x00000000
core   0: 0x8000975c (0x46f9cc93) xori    s9, s3, 1135
core   0: 3 0x8000975c (0x46f9cc93) x25 0x0000021b
core   0: 0x80009760 (0x00c21a93) slli    s5, tp, 12
core   0: 3 0x80009760 (0x00c21a93) x21 0x007a7000
core   0: 0x80009764 (0x7399f893) andi    a7, s3, 1849
core   0: 3 0x80009764 (0x7399f893) x17 0x00000630
core   0: 0x80009768 (0x03fb36b3) mulhu   a3, s6, t6
core   0: 3 0x80009768 (0x03fb36b3) x13 0x00000000
core   0: 0x8000976c (0x0a834593) xori    a1, t1, 168
core   0: 3 0x8000976c (0x0a834593) x11 0x0000026d
core   0: 0x80009770 (0x000ee1b3) or      gp, t4, zero
core   0: 3 0x80009770 (0x000ee1b3) x 3 0x00000000
core   0: 0x80009774 (0xee261197) auipc   gp, 0xee261
core   0: 3 0x80009774 (0xee261197) x 3 0x6e26a774
core   0: 0x80009778 (0x032b0933) mul     s2, s6, s2
core   0: 3 0x80009778 (0x032b0933) x18 0x00000000
core   0: 0x8000977c (0x000cf0b3) and     ra, s9, zero
core   0: 3 0x8000977c (0x000cf0b3) x 1 0x00000000
core   0: 0x80009780 (0xc257a193) slti    gp, a5, -987
core   0: 3 0x80009780 (0xc257a193) x 3 0x00000001
core   0: 0x80009784 (0x41e65913) srai    s2, a2, 30
core   0: 3 0x80009784 (0x41e65913) x18 0x00000001
core   0: 0x80009788 (0x03370eb3) mul     t4, a4, s3
core   0: 3 0x80009788 (0x03370eb3) x29 0x0a012f50
core   0: 0x8000978c (0x40505633) sra     a2, zero, t0
core   0: 3 0x8000978c (0x40505633) x12 0x00000000
core   0: 0x80009790 (0x7d016913) ori     s2, sp, 2000
core   0: 3 0x80009790 (0x7d016913) x18 0x000007d0
core   0: 0x80009794 (0x0187ea33) or      s4, a5, s8
core   0: 3 0x80009794 (0x0187ea33) x20 0x8001853d
core   0: 0x80009798 (0x83c14693) xori    a3, sp, -1988
core   0: 3 0x80009798 (0x83c14693) x13 0xfffff83c
core   0: 0x8000979c (0x005e4633) xor     a2, t3, t0
core   0: 3 0x8000979c (0x005e4633) x12 0x16c0097f
core   0: 0x800097a0 (0x00000013) nop
core   0: 3 0x800097a0 (0x00000013)
core   0: 0x800097a4 (0xbc0aee13) ori     t3, s5, -1088
core   0: 3 0x800097a4 (0xbc0aee13) x28 0xfffffbc0
core   0: 0x800097a8 (0x01b04c33) xor     s8, zero, s11
core   0: 3 0x800097a8 (0x01b04c33) x24 0x00000007
core   0: 0x800097ac (0x27f8a993) slti    s3, a7, 639
core   0: 3 0x800097ac (0x27f8a993) x19 0x00000000
core   0: 0x800097b0 (0x7c94df17) auipc   t5, 0x7c94d
core   0: 3 0x800097b0 (0x7c94df17) x30 0xfc9567b0
core   0: 0x800097b4 (0x417ad613) srai    a2, s5, 23
core   0: 3 0x800097b4 (0x417ad613) x12 0x00000000
core   0: 0x800097b8 (0x02b10a33) mul     s4, sp, a1
core   0: 3 0x800097b8 (0x02b10a33) x20 0x00000000
core   0: 0x800097bc (0x02b134b3) mulhu   s1, sp, a1
core   0: 3 0x800097bc (0x02b134b3) x 9 0x00000000
core   0: 0x800097c0 (0xc12e3b13) sltiu   s6, t3, -1006
core   0: 3 0x800097c0 (0xc12e3b13) x22 0x00000001
core   0: 0x800097c4 (0x40235b33) sra     s6, t1, sp
core   0: 3 0x800097c4 (0x40235b33) x22 0x000002c5
core   0: 0x800097c8 (0x413758b3) sra     a7, a4, s3
core   0: 3 0x800097c8 (0x413758b3) x17 0x80018ce4
core   0: 0x800097cc (0x00d95493) srli    s1, s2, 13
core   0: 3 0x800097cc (0x00d95493) x 9 0x00000000
core   0: 0x800097d0 (0x0365bf33) mulhu   t5, a1, s6
core   0: 3 0x800097d0 (0x0365bf33) x30 0x00000000
core   0: 0x800097d4 (0xaacf3113) sltiu   sp, t5, -1364
core   0: 3 0x800097d4 (0xaacf3113) x 2 0x00000001
core   0: 0x800097d8 (0x404384b3) sub     s1, t2, tp
core   0: 3 0x800097d8 (0x404384b3) x 9 0xfffff859
core   0: 0x800097dc (0xb652a697) auipc   a3, 0xb652a
core   0: 3 0x800097dc (0xb652a697) x13 0x365337dc
core   0: 0x800097e0 (0x00a71b93) slli    s7, a4, 10
core   0: 3 0x800097e0 (0x00a71b93) x23 0x06339000
core   0: 0x800097e4 (0x03381633) mulh    a2, a6, s3
core   0: 3 0x800097e4 (0x03381633) x12 0x00000000
core   0: 0x800097e8 (0x0004b1b3) sltu    gp, s1, zero
core   0: 3 0x800097e8 (0x0004b1b3) x 3 0x00000000
core   0: 0x800097ec (0x90834193) xori    gp, t1, -1784
core   0: 3 0x800097ec (0x90834193) x 3 0xfffffbcd
core   0: 0x800097f0 (0x0057e2b3) or      t0, a5, t0
core   0: 3 0x800097f0 (0x0057e2b3) x 5 0x80000420
core   0: 0x800097f4 (0x00000013) nop
core   0: 3 0x800097f4 (0x00000013)
core   0: 0x800097f8 (0x57135937) lui     s2, 0x57135
core   0: 3 0x800097f8 (0x57135937) x18 0x57135000
core   0: 0x800097fc (0x3fb2b993) sltiu   s3, t0, 1019
core   0: 3 0x800097fc (0x3fb2b993) x19 0x00000000
core   0: 0x80009800 (0x2f510b93) addi    s7, sp, 757
core   0: 3 0x80009800 (0x2f510b93) x23 0x000002f6
core   0: 0x80009804 (0x00000013) nop
core   0: 3 0x80009804 (0x00000013)
core   0: 0x80009808 (0x01921913) slli    s2, tp, 25
core   0: 3 0x80009808 (0x01921913) x18 0x4e000000
core   0: 0x8000980c (0x01cf8c33) add     s8, t6, t3
core   0: 3 0x8000980c (0x01cf8c33) x24 0xae3890cc
core   0: 0x80009810 (0x03095133) divu    sp, s2, a6
core   0: 3 0x80009810 (0x03095133) x 2 0x00000000
core   0: 0x80009814 (0x03a953b3) divu    t2, s2, s10
core   0: 3 0x80009814 (0x03a953b3) x 7 0x00000000
core   0: 0x80009818 (0x5722b093) sltiu   ra, t0, 1394
core   0: 3 0x80009818 (0x5722b093) x 1 0x00000000
core   0: 0x8000981c (0x02ed7a33) remu    s4, s10, a4
core   0: 3 0x8000981c (0x02ed7a33) x20 0x343f1a20
core   0: 0x80009820 (0x01d4bcb3) sltu    s9, s1, t4
core   0: 3 0x80009820 (0x01d4bcb3) x25 0x00000000
core   0: 0x80009824 (0x03a026b3) mulhsu  a3, zero, s10
core   0: 3 0x80009824 (0x03a026b3) x13 0x00000000
core   0: 0x80009828 (0x001a5633) srl     a2, s4, ra
core   0: 3 0x80009828 (0x001a5633) x12 0x343f1a20
core   0: 0x8000982c (0x8131aa97) auipc   s5, 0x8131a
core   0: 3 0x8000982c (0x8131aa97) x21 0x0132382c
core   0: 0x80009830 (0xe823b293) sltiu   t0, t2, -382
core   0: 3 0x80009830 (0xe823b293) x 5 0x00000001
core   0: 0x80009834 (0xb5bfeb93) ori     s7, t6, -1189
core   0: 3 0x80009834 (0xb5bfeb93) x23 0xffffff5f
core   0: 0x80009838 (0x9183bf37) lui     t5, 0x9183b
core   0: 3 0x80009838 (0x9183bf37) x30 0x9183b000
core   0: 0x8000983c (0x0270bd33) mulhu   s10, ra, t2
core   0: 3 0x8000983c (0x0270bd33) x26 0x00000000
core   0: 0x80009840 (0x20b8ac93) slti    s9, a7, 523
core   0: 3 0x80009840 (0x20b8ac93) x25 0x00000001
core   0: 0x80009844 (0x01071893) slli    a7, a4, 16
core   0: 3 0x80009844 (0x01071893) x17 0x8ce40000
core   0: 0x80009848 (0x40cbd433) sra     s0, s7, a2
core   0: 3 0x80009848 (0x40cbd433) x 8 0xffffff5f
core   0: 0x8000984c (0xfc8df393) andi    t2, s11, -56
core   0: 3 0x8000984c (0xfc8df393) x 7 0x00000000
core   0: 0x80009850 (0x03722433) mulhsu  s0, tp, s7
core   0: 3 0x80009850 (0x03722433) x 8 0x000007a6
core   0: 0x80009854 (0x021725b3) mulhsu  a1, a4, ra
core   0: 3 0x80009854 (0x021725b3) x11 0x00000000
core   0: 0x80009858 (0xcf354a13) xori    s4, a0, -781
core   0: 3 0x80009858 (0xcf354a13) x20 0xfffffcf2
core   0: 0x8000985c (0x21b58493) addi    s1, a1, 539
core   0: 3 0x8000985c (0x21b58493) x 9 0x0000021b
core   0: 0x80009860 (0x23f46e13) ori     t3, s0, 575
core   0: 3 0x80009860 (0x23f46e13) x28 0x000007bf
core   0: 0x80009864 (0x436a2c13) slti    s8, s4, 1078
core   0: 3 0x80009864 (0x436a2c13) x24 0x00000001
core   0: 0x80009868 (0x00841d13) slli    s10, s0, 8
core   0: 3 0x80009868 (0x00841d13) x26 0x0007a600
core   0: 0x8000986c (0x02855433) divu    s0, a0, s0
core   0: 3 0x8000986c (0x02855433) x 8 0x00000000
core   0: 0x80009870 (0x01296b33) or      s6, s2, s2
core   0: 3 0x80009870 (0x01296b33) x22 0x4e000000
core   0: 0x80009874 (0x00000013) nop
core   0: 3 0x80009874 (0x00000013)
core   0: 0x80009878 (0x02a99bb3) mulh    s7, s3, a0
core   0: 3 0x80009878 (0x02a99bb3) x23 0x00000000
core   0: 0x8000987c (0x03a878b3) remu    a7, a6, s10
core   0: 3 0x8000987c (0x03a878b3) x17 0x00036664
core   0: 0x80009880 (0x77232413) slti    s0, t1, 1906
core   0: 3 0x80009880 (0x77232413) x 8 0x00000001
core   0: 0x80009884 (0x00349fb3) sll     t6, s1, gp
core   0: 3 0x80009884 (0x00349fb3) x31 0x00436000
core   0: 0x80009888 (0x00000013) nop
core   0: 3 0x80009888 (0x00000013)
core   0: 0x8000988c (0x02737233) remu    tp, t1, t2
core   0: 3 0x8000988c (0x02737233) x 4 0x000002c5
core   0: 0x80009890 (0x01ad5f33) srl     t5, s10, s10
core   0: 3 0x80009890 (0x01ad5f33) x30 0x0007a600
core   0: 0x80009894 (0x03e1b9b3) mulhu   s3, gp, t5
core   0: 3 0x80009894 (0x03e1b9b3) x19 0x0007a5ff
core   0: 0x80009898 (0x00934d33) xor     s10, t1, s1
core   0: 3 0x80009898 (0x00934d33) x26 0x000000de
core   0: 0x8000989c (0x00000013) nop
core   0: 3 0x8000989c (0x00000013)
core   0: 0x800098a0 (0x014347b3) xor     a5, t1, s4
core   0: 3 0x800098a0 (0x014347b3) x15 0xfffffe37
core   0: 0x800098a4 (0x01ac0ab3) add     s5, s8, s10
core   0: 3 0x800098a4 (0x01ac0ab3) x21 0x000000df
core   0: 0x800098a8 (0x16f69a17) auipc   s4, 0x16f69
core   0: 3 0x800098a8 (0x16f69a17) x20 0x96f728a8
core   0: 0x800098ac (0x01329593) slli    a1, t0, 19
core   0: 3 0x800098ac (0x01329593) x11 0x00080000
core   0: 0x800098b0 (0x02914e33) div     t3, sp, s1
core   0: 3 0x800098b0 (0x02914e33) x28 0x00000000
core   0: 0x800098b4 (0x00000013) nop
core   0: 3 0x800098b4 (0x00000013)
core   0: 0x800098b8 (0xcfca2993) slti    s3, s4, -772
core   0: 3 0x800098b8 (0xcfca2993) x19 0x00000001
core   0: 0x800098bc (0x019b2b33) slt     s6, s6, s9
core   0: 3 0x800098bc (0x019b2b33) x22 0x00000000
core   0: 0x800098c0 (0x03e1afb3) mulhsu  t6, gp, t5
core   0: 3 0x800098c0 (0x03e1afb3) x31 0xffffffff
core   0: 0x800098c4 (0x402a87b3) sub     a5, s5, sp
core   0: 3 0x800098c4 (0x402a87b3) x15 0x000000df
core   0: 0x800098c8 (0x01113133) sltu    sp, sp, a7
core   0: 3 0x800098c8 (0x01113133) x 2 0x00000001
core   0: 0x800098cc (0x027f6c33) rem     s8, t5, t2
core   0: 3 0x800098cc (0x027f6c33) x24 0x0007a600
core   0: 0x800098d0 (0x2123c613) xori    a2, t2, 530
core   0: 3 0x800098d0 (0x2123c613) x12 0x00000212
core   0: 0x800098d4 (0x017e2f33) slt     t5, t3, s7
core   0: 3 0x800098d4 (0x017e2f33) x30 0x00000000
core   0: 0x800098d8 (0x40be86b3) sub     a3, t4, a1
core   0: 3 0x800098d8 (0x40be86b3) x13 0x09f92f50
core   0: 0x800098dc (0x011eaa33) slt     s4, t4, a7
core   0: 3 0x800098dc (0x011eaa33) x20 0x00000000
core   0: 0x800098e0 (0x01f242b3) xor     t0, tp, t6
core   0: 3 0x800098e0 (0x01f242b3) x 5 0xfffffd3a
core   0: 0x800098e4 (0xc810b637) lui     a2, 0xc810b
core   0: 3 0x800098e4 (0xc810b637) x12 0xc810b000
core   0: 0x800098e8 (0x55222793) slti    a5, tp, 1362
core   0: 3 0x800098e8 (0x55222793) x15 0x00000001
core   0: 0x800098ec (0x99a62193) slti    gp, a2, -1638
core   0: 3 0x800098ec (0x99a62193) x 3 0x00000001
core   0: 0x800098f0 (0x474bff13) andi    t5, s7, 1140
core   0: 3 0x800098f0 (0x474bff13) x30 0x00000000
core   0: 0x800098f4 (0x8691fc13) andi    s8, gp, -1943
core   0: 3 0x800098f4 (0x8691fc13) x24 0x00000001
core   0: 0x800098f8 (0xa4e8ee13) ori     t3, a7, -1458
core   0: 3 0x800098f8 (0xa4e8ee13) x28 0xfffffe6e
core   0: 0x800098fc (0x008fd933) srl     s2, t6, s0
core   0: 3 0x800098fc (0x008fd933) x18 0x7fffffff
core   0: 0x80009900 (0x00166633) or      a2, a2, ra
core   0: 3 0x80009900 (0x00166633) x12 0xc810b000
core   0: 0x80009904 (0x0029d9b3) srl     s3, s3, sp
core   0: 3 0x80009904 (0x0029d9b3) x19 0x00000000
core   0: 0x80009908 (0x6516f6b7) lui     a3, 0x6516f
core   0: 3 0x80009908 (0x6516f6b7) x13 0x6516f000
core   0: 0x8000990c (0x013b60b3) or      ra, s6, s3
core   0: 3 0x8000990c (0x013b60b3) x 1 0x00000000
core   0: 0x80009910 (0x011e9333) sll     t1, t4, a7
core   0: 3 0x80009910 (0x011e9333) x 6 0xa012f500
core   0: 0x80009914 (0x00000013) nop
core   0: 3 0x80009914 (0x00000013)
core   0: 0x80009918 (0x01543c33) sltu    s8, s0, s5
core   0: 3 0x80009918 (0x01543c33) x24 0x00000001
core   0: 0x8000991c (0x3f319a97) auipc   s5, 0x3f319
core   0: 3 0x8000991c (0x3f319a97) x21 0xbf32291c
core   0: 0x80009920 (0x00c7d793) srli    a5, a5, 12
core   0: 3 0x80009920 (0x00c7d793) x15 0x00000000
core   0: 0x80009924 (0x01cb69b3) or      s3, s6, t3
core   0: 3 0x80009924 (0x01cb69b3) x19 0xfffffe6e
core   0: 0x80009928 (0x036b44b3) div     s1, s6, s6
core   0: 3 0x80009928 (0x036b44b3) x 9 0xffffffff
core   0: 0x8000992c (0x0138bf33) sltu    t5, a7, s3
core   0: 3 0x8000992c (0x0138bf33) x30 0x00000001
core   0: 0x80009930 (0x416f0b33) sub     s6, t5, s6
core   0: 3 0x80009930 (0x416f0b33) x22 0x00000001
core   0: 0x80009934 (0xa7037537) lui     a0, 0xa7037
core   0: 3 0x80009934 (0xa7037537) x10 0xa7037000
core   0: 0x80009938 (0x01a864b3) or      s1, a6, s10
core   0: 3 0x80009938 (0x01a864b3) x 9 0x80014efe
core   0: 0x8000993c (0x00000013) nop
core   0: 3 0x8000993c (0x00000013)
core   0: 0x80009940 (0xd7f86893) ori     a7, a6, -641
core   0: 3 0x80009940 (0xd7f86893) x17 0xffffff7f
core   0: 0x80009944 (0x000bc233) xor     tp, s7, zero
core   0: 3 0x80009944 (0x000bc233) x 4 0x00000000
core   0: 0x80009948 (0xcc42c393) xori    t2, t0, -828
core   0: 3 0x80009948 (0xcc42c393) x 7 0x000001fe
core   0: 0x8000994c (0x000be5b3) or      a1, s7, zero
core   0: 3 0x8000994c (0x000be5b3) x11 0x00000000
core   0: 0x80009950 (0x413b8fb3) sub     t6, s7, s3
core   0: 3 0x80009950 (0x413b8fb3) x31 0x00000192
core   0: 0x80009954 (0x01bba5b3) slt     a1, s7, s11
core   0: 3 0x80009954 (0x01bba5b3) x11 0x00000001
core   0: 0x80009958 (0x00795293) srli    t0, s2, 7
core   0: 3 0x80009958 (0x00795293) x 5 0x00ffffff
core   0: 0x8000995c (0x1b6e8c13) addi    s8, t4, 438
core   0: 3 0x8000995c (0x1b6e8c13) x24 0x0a013106
core   0: 0x80009960 (0x033ee133) rem     sp, t4, s3
core   0: 3 0x80009960 (0x033ee133) x 2 0x00000150
core   0: 0x80009964 (0x01d59333) sll     t1, a1, t4
core   0: 3 0x80009964 (0x01d59333) x 6 0x00010000
core   0: 0x80009968 (0x003141b3) xor     gp, sp, gp
core   0: 3 0x80009968 (0x003141b3) x 3 0x00000151
core   0: 0x8000996c (0x40ed58b3) sra     a7, s10, a4
core   0: 3 0x8000996c (0x40ed58b3) x17 0x0000000d
core   0: 0x80009970 (0x0263bf33) mulhu   t5, t2, t1
core   0: 3 0x80009970 (0x0263bf33) x30 0x00000000
core   0: 0x80009974 (0x3e4e4b13) xori    s6, t3, 996
core   0: 3 0x80009974 (0x3e4e4b13) x22 0xfffffd8a
core   0: 0x80009978 (0x016efab3) and     s5, t4, s6
core   0: 3 0x80009978 (0x016efab3) x21 0x0a012d00
core   0: 0x8000997c (0x0000a6b3) slt     a3, ra, zero
core   0: 3 0x8000997c (0x0000a6b3) x13 0x00000000
core   0: 0x80009980 (0x030b2ab3) mulhsu  s5, s6, a6
core   0: 3 0x80009980 (0x030b2ab3) x21 0xfffffec4
core   0: 0x80009984 (0x006e8c33) add     s8, t4, t1
core   0: 3 0x80009984 (0x006e8c33) x24 0x0a022f50
core   0: 0x80009988 (0x027f1eb3) mulh    t4, t5, t2
core   0: 3 0x80009988 (0x027f1eb3) x29 0x00000000
core   0: 0x8000998c (0x012eb2b3) sltu    t0, t4, s2
core   0: 3 0x8000998c (0x012eb2b3) x 5 0x00000001
core   0: 0x80009990 (0x00d2c433) xor     s0, t0, a3
core   0: 3 0x80009990 (0x00d2c433) x 8 0x00000001
core   0: 0x80009994 (0x00a8d8b3) srl     a7, a7, a0
core   0: 3 0x80009994 (0x00a8d8b3) x17 0x0000000d
core   0: 0x80009998 (0x67d0b693) sltiu   a3, ra, 1661
core   0: 3 0x80009998 (0x67d0b693) x13 0x00000001
core   0: 0x8000999c (0x00000013) nop
core   0: 3 0x8000999c (0x00000013)
core   0: 0x800099a0 (0x008d6b33) or      s6, s10, s0
core   0: 3 0x800099a0 (0x008d6b33) x22 0x000000df
core   0: 0x800099a4 (0x00df92b3) sll     t0, t6, a3
core   0: 3 0x800099a4 (0x00df92b3) x 5 0x00000324
core   0: 0x800099a8 (0x03401eb3) mulh    t4, zero, s4
core   0: 3 0x800099a8 (0x03401eb3) x29 0x00000000
core   0: 0x800099ac (0x00b538b3) sltu    a7, a0, a1
core   0: 3 0x800099ac (0x00b538b3) x17 0x00000000
core   0: 0x800099b0 (0x028f9233) mulh    tp, t6, s0
core   0: 3 0x800099b0 (0x028f9233) x 4 0x00000000
core   0: 0x800099b4 (0x01e437b3) sltu    a5, s0, t5
core   0: 3 0x800099b4 (0x01e437b3) x15 0x00000000
core   0: 0x800099b8 (0x1e09c413) xori    s0, s3, 480
core   0: 3 0x800099b8 (0x1e09c413) x 8 0xffffff8e
core   0: 0x800099bc (0xca686493) ori     s1, a6, -858
core   0: 3 0x800099bc (0xca686493) x 9 0xfffffee6
core   0: 0x800099c0 (0x01886fb3) or      t6, a6, s8
core   0: 3 0x800099c0 (0x01886fb3) x31 0x8a036f74
core   0: 0x800099c4 (0x007be433) or      s0, s7, t2
core   0: 3 0x800099c4 (0x007be433) x 8 0x000001fe
core   0: 0x800099c8 (0x027dffb3) remu    t6, s11, t2
core   0: 3 0x800099c8 (0x027dffb3) x31 0x00000007
core   0: 0x800099cc (0x00fc5b13) srli    s6, s8, 15
core   0: 3 0x800099cc (0x00fc5b13) x22 0x00001404
core   0: 0x800099d0 (0xc0efab17) auipc   s6, 0xc0efa
core   0: 3 0x800099d0 (0xc0efab17) x22 0x40f039d0
core   0: 0x800099d4 (0x0753fc37) lui     s8, 0x753f
core   0: 3 0x800099d4 (0x0753fc37) x24 0x0753f000
core   0: 0x800099d8 (0x20f78793) addi    a5, a5, 527
core   0: 3 0x800099d8 (0x20f78793) x15 0x0000020f
core   0: 0x800099dc (0x004fa1b3) slt     gp, t6, tp
core   0: 3 0x800099dc (0x004fa1b3) x 3 0x00000000
core   0: 0x800099e0 (0xb3ba0493) addi    s1, s4, -1221
core   0: 3 0x800099e0 (0xb3ba0493) x 9 0xfffffb3b
core   0: 0x800099e4 (0x02eaf933) remu    s2, s5, a4
core   0: 3 0x800099e4 (0x02eaf933) x18 0x7ffe71e0
core   0: 0x800099e8 (0x00ddefb3) or      t6, s11, a3
core   0: 3 0x800099e8 (0x00ddefb3) x31 0x00000007
core   0: 0x800099ec (0x41755413) srai    s0, a0, 23
core   0: 3 0x800099ec (0x41755413) x 8 0xffffff4e
core   0: 0x800099f0 (0x41ff5393) srai    t2, t5, 31
core   0: 3 0x800099f0 (0x41ff5393) x 7 0x00000000
core   0: 0x800099f4 (0x002a19b3) sll     s3, s4, sp
core   0: 3 0x800099f4 (0x002a19b3) x19 0x00000000
core   0: 0x800099f8 (0x6d014a93) xori    s5, sp, 1744
core   0: 3 0x800099f8 (0x6d014a93) x21 0x00000780
core   0: 0x800099fc (0x00e249b3) xor     s3, tp, a4
core   0: 3 0x800099fc (0x00e249b3) x19 0x80018ce4
core   0: 0x80009a00 (0x02ab2ab3) mulhsu  s5, s6, a0
core   0: 3 0x80009a00 (0x02ab2ab3) x21 0x2a5d94f0
core   0: 0x80009a04 (0x01638f33) add     t5, t2, s6
core   0: 3 0x80009a04 (0x01638f33) x30 0x40f039d0
core   0: 0x80009a08 (0x034493b3) mulh    t2, s1, s4
core   0: 3 0x80009a08 (0x034493b3) x 7 0x00000000
core   0: 0x80009a0c (0x01904ab3) xor     s5, zero, s9
core   0: 3 0x80009a0c (0x01904ab3) x21 0x00000001
core   0: 0x80009a10 (0x00f36bb3) or      s7, t1, a5
core   0: 3 0x80009a10 (0x00f36bb3) x23 0x0001020f
core   0: 0x80009a14 (0xf4243f13) sltiu   t5, s0, -190
core   0: 3 0x80009a14 (0xf4243f13) x30 0x00000000
core   0: 0x80009a18 (0x032330b3) mulhu   ra, t1, s2
core   0: 3 0x80009a18 (0x032330b3) x 1 0x00007ffe
core   0: 0x80009a1c (0xcec36493) ori     s1, t1, -788
core   0: 3 0x80009a1c (0xcec36493) x 9 0xfffffcec
core   0: 0x80009a20 (0x5d8d7e93) andi    t4, s10, 1496
core   0: 3 0x80009a20 (0x5d8d7e93) x29 0x000000d8
core   0: 0x80009a24 (0xe958eb93) ori     s7, a7, -363
core   0: 3 0x80009a24 (0xe958eb93) x23 0xfffffe95
core   0: 0x80009a28 (0x410bd5b3) sra     a1, s7, a6
core   0: 3 0x80009a28 (0x410bd5b3) x11 0xffffffe9
core   0: 0x80009a2c (0x5078bc93) sltiu   s9, a7, 1287
core   0: 3 0x80009a2c (0x5078bc93) x25 0x00000001
core   0: 0x80009a30 (0x00681e13) slli    t3, a6, 6
core   0: 3 0x80009a30 (0x00681e13) x28 0x00539900
core   0: 0x80009a34 (0x001c54b3) srl     s1, s8, ra
core   0: 3 0x80009a34 (0x001c54b3) x 9 0x00000000
core   0: 0x80009a38 (0x00e1df93) srli    t6, gp, 14
core   0: 3 0x80009a38 (0x00e1df93) x31 0x00000000
core   0: 0x80009a3c (0x007e5093) srli    ra, t3, 7
core   0: 3 0x80009a3c (0x007e5093) x 1 0x0000a732
core   0: 0x80009a40 (0x7d3c8f13) addi    t5, s9, 2003
core   0: 3 0x80009a40 (0x7d3c8f13) x30 0x000007d4
core   0: 0x80009a44 (0xa2b03513) sltiu   a0, zero, -1493
core   0: 3 0x80009a44 (0xa2b03513) x10 0x00000001
core   0: 0x80009a48 (0x03bef233) remu    tp, t4, s11
core   0: 3 0x80009a48 (0x03bef233) x 4 0x00000006
core   0: 0x80009a4c (0x038b95b3) mulh    a1, s7, s8
core   0: 3 0x80009a4c (0x038b95b3) x11 0xfffffff5
core   0: 0x80009a50 (0x021bd8b3) divu    a7, s7, ra
core   0: 3 0x80009a50 (0x021bd8b3) x17 0x000187f9
core   0: 0x80009a54 (0xdb2e7f93) andi    t6, t3, -590
core   0: 3 0x80009a54 (0xdb2e7f93) x31 0x00539900
core   0: 0x80009a58 (0x017bbab3) sltu    s5, s7, s7
core   0: 3 0x80009a58 (0x017bbab3) x21 0x00000000
core   0: 0x80009a5c (0x03884c33) div     s8, a6, s8
core   0: 3 0x80009a5c (0x03884c33) x24 0xffffffef
core   0: 0x80009a60 (0x8082c793) xori    a5, t0, -2040
core   0: 3 0x80009a60 (0x8082c793) x15 0xfffffb2c
core   0: 0x80009a64 (0x3e5d8593) addi    a1, s11, 997
core   0: 3 0x80009a64 (0x3e5d8593) x11 0x000003ec
core   0: 0x80009a68 (0x36aea993) slti    s3, t4, 874
core   0: 3 0x80009a68 (0x36aea993) x19 0x00000001
core   0: 0x80009a6c (0xaa419a97) auipc   s5, 0xaa419
core   0: 3 0x80009a6c (0xaa419a97) x21 0x2a422a6c
core   0: 0x80009a70 (0x14c28b13) addi    s6, t0, 332
core   0: 3 0x80009a70 (0x14c28b13) x22 0x00000470
core   0: 0x80009a74 (0x022cb633) mulhu   a2, s9, sp
core   0: 3 0x80009a74 (0x022cb633) x12 0x00000000
core   0: 0x80009a78 (0x41425a33) sra     s4, tp, s4
core   0: 3 0x80009a78 (0x41425a33) x20 0x00000006
core   0: 0x80009a7c (0x82f1e093) ori     ra, gp, -2001
core   0: 3 0x80009a7c (0x82f1e093) x 1 0xfffff82f
core   0: 0x80009a80 (0xa3b14593) xori    a1, sp, -1477
core   0: 3 0x80009a80 (0xa3b14593) x11 0xfffffb6b
core   0: 0x80009a84 (0x0116e933) or      s2, a3, a7
core   0: 3 0x80009a84 (0x0116e933) x18 0x000187f9
core   0: 0x80009a88 (0x0031f5b3) and     a1, gp, gp
core   0: 3 0x80009a88 (0x0031f5b3) x11 0x00000000
core   0: 0x80009a8c (0x03022233) mulhsu  tp, tp, a6
core   0: 3 0x80009a8c (0x03022233) x 4 0x00000003
core   0: 0x80009a90 (0x02599133) mulh    sp, s3, t0
core   0: 3 0x80009a90 (0x02599133) x 2 0x00000000
core   0: 0x80009a94 (0x004d2f33) slt     t5, s10, tp
core   0: 3 0x80009a94 (0x004d2f33) x30 0x00000000
core   0: 0x80009a98 (0x41b500b3) sub     ra, a0, s11
core   0: 3 0x80009a98 (0x41b500b3) x 1 0xfffffffa
core   0: 0x80009a9c (0xb822a313) slti    t1, t0, -1150
core   0: 3 0x80009a9c (0xb822a313) x 6 0x00000000
core   0: 0x80009aa0 (0x40e086b3) sub     a3, ra, a4
core   0: 3 0x80009aa0 (0x40e086b3) x13 0x7ffe7316
core   0: 0x80009aa4 (0x02e556b3) divu    a3, a0, a4
core   0: 3 0x80009aa4 (0x02e556b3) x13 0x00000000
core   0: 0x80009aa8 (0x011ff633) and     a2, t6, a7
core   0: 3 0x80009aa8 (0x011ff633) x12 0x00018100
core   0: 0x80009aac (0xec51fd13) andi    s10, gp, -315
core   0: 3 0x80009aac (0xec51fd13) x26 0x00000000
core   0: 0x80009ab0 (0x40b2deb3) sra     t4, t0, a1
core   0: 3 0x80009ab0 (0x40b2deb3) x29 0x00000324
core   0: 0x80009ab4 (0x14f92613) slti    a2, s2, 335
core   0: 3 0x80009ab4 (0x14f92613) x12 0x00000000
core   0: 0x80009ab8 (0x00ac44b3) xor     s1, s8, a0
core   0: 3 0x80009ab8 (0x00ac44b3) x 9 0xffffffee
core   0: 0x80009abc (0xe4b52013) slti    zero, a0, -437
core   0: 3 0x80009abc (0xe4b52013)
core   0: 0x80009ac0 (0x014e6333) or      t1, t3, s4
core   0: 3 0x80009ac0 (0x014e6333) x 6 0x00539906
core   0: 0x80009ac4 (0x021e8ab3) mul     s5, t4, ra
core   0: 3 0x80009ac4 (0x021e8ab3) x21 0xffffed28
core   0: 0x80009ac8 (0x00fe61b3) or      gp, t3, a5
core   0: 3 0x80009ac8 (0x00fe61b3) x 3 0xfffffb2c
core   0: 0x80009acc (0xd1a0a393) slti    t2, ra, -742
core   0: 3 0x80009acc (0xd1a0a393) x 7 0x00000000
core   0: 0x80009ad0 (0x00815213) srli    tp, sp, 8
core   0: 3 0x80009ad0 (0x00815213) x 4 0x00000000
core   0: 0x80009ad4 (0x02a86633) rem     a2, a6, a0
core   0: 3 0x80009ad4 (0x02a86633) x12 0x00000000
core   0: 0x80009ad8 (0x0102e933) or      s2, t0, a6
core   0: 3 0x80009ad8 (0x0102e933) x18 0x80014f64
core   0: 0x80009adc (0x03af01b3) mul     gp, t5, s10
core   0: 3 0x80009adc (0x03af01b3) x 3 0x00000000
core   0: 0x80009ae0 (0x00000013) nop
core   0: 3 0x80009ae0 (0x00000013)
core   0: 0x80009ae4 (0x012a24b3) slt     s1, s4, s2
core   0: 3 0x80009ae4 (0x012a24b3) x 9 0x00000000
core   0: 0x80009ae8 (0x8f1af593) andi    a1, s5, -1807
core   0: 3 0x80009ae8 (0x8f1af593) x11 0xffffe820
core   0: 0x80009aec (0x03df8633) mul     a2, t6, t4
core   0: 3 0x80009aec (0x03df8633) x12 0x068c8400
core   0: 0x80009af0 (0x01355193) srli    gp, a0, 19
core   0: 3 0x80009af0 (0x01355193) x 3 0x00000000
core   0: 0x80009af4 (0x414956b3) sra     a3, s2, s4
core   0: 3 0x80009af4 (0x414956b3) x13 0xfe00053d
core   0: 0x80009af8 (0x020b8533) mul     a0, s7, zero
core   0: 3 0x80009af8 (0x020b8533) x10 0x00000000
core   0: 0x80009afc (0x00251cb3) sll     s9, a0, sp
core   0: 3 0x80009afc (0x00251cb3) x25 0x00000000
core   0: 0x80009b00 (0x012056b3) srl     a3, zero, s2
core   0: 3 0x80009b00 (0x012056b3) x13 0x00000000
core   0: 0x80009b04 (0x00000013) nop
core   0: 3 0x80009b04 (0x00000013)
core   0: 0x80009b08 (0x00ab4033) xor     zero, s6, a0
core   0: 3 0x80009b08 (0x00ab4033)
core   0: 0x80009b0c (0x93e6ab93) slti    s7, a3, -1730
core   0: 3 0x80009b0c (0x93e6ab93) x23 0x00000000
core   0: 0x80009b10 (0x00000013) nop
core   0: 3 0x80009b10 (0x00000013)
core   0: 0x80009b14 (0x7e3d6493) ori     s1, s10, 2019
core   0: 3 0x80009b14 (0x7e3d6493) x 9 0x000007e3
core   0: 0x80009b18 (0x03dfd633) divu    a2, t6, t4
core   0: 3 0x80009b18 (0x03dfd633) x12 0x00001a9e
core   0: 0x80009b1c (0x03f39eb3) mulh    t4, t2, t6
core   0: 3 0x80009b1c (0x03f39eb3) x29 0x00000000
core   0: 0x80009b20 (0x017164b3) or      s1, sp, s7
core   0: 3 0x80009b20 (0x017164b3) x 9 0x00000000
core   0: 0x80009b24 (0x01e8dc93) srli    s9, a7, 30
core   0: 3 0x80009b24 (0x01e8dc93) x25 0x00000000
core   0: 0x80009b28 (0x022109b3) mul     s3, sp, sp
core   0: 3 0x80009b28 (0x022109b3) x19 0x00000000
core   0: 0x80009b2c (0x03928cb3) mul     s9, t0, s9
core   0: 3 0x80009b2c (0x03928cb3) x25 0x00000000
core   0: 0x80009b30 (0x00709b33) sll     s6, ra, t2
core   0: 3 0x80009b30 (0x00709b33) x22 0xfffffffa
core   0: 0x80009b34 (0x2d97b593) sltiu   a1, a5, 729
core   0: 3 0x80009b34 (0x2d97b593) x11 0x00000000
core   0: 0x80009b38 (0xc74ee393) ori     t2, t4, -908
core   0: 3 0x80009b38 (0xc74ee393) x 7 0xfffffc74
core   0: 0x80009b3c (0x01dc3233) sltu    tp, s8, t4
core   0: 3 0x80009b3c (0x01dc3233) x 4 0x00000000
core   0: 0x80009b40 (0x41d88033) sub     zero, a7, t4
core   0: 3 0x80009b40 (0x41d88033)
core   0: 0x80009b44 (0x025775b3) remu    a1, a4, t0
core   0: 3 0x80009b44 (0x025775b3) x11 0x000002f0
core   0: 0x80009b48 (0x4b21c613) xori    a2, gp, 1202
core   0: 3 0x80009b48 (0x4b21c613) x12 0x000004b2
core   0: 0x80009b4c (0x031a5d33) divu    s10, s4, a7
core   0: 3 0x80009b4c (0x031a5d33) x26 0x00000000
core   0: 0x80009b50 (0x005ee933) or      s2, t4, t0
core   0: 3 0x80009b50 (0x005ee933) x18 0x00000324
core   0: 0x80009b54 (0x002295b3) sll     a1, t0, sp
core   0: 3 0x80009b54 (0x002295b3) x11 0x00000324
core   0: 0x80009b58 (0x01bb9793) slli    a5, s7, 27
core   0: 3 0x80009b58 (0x01bb9793) x15 0x00000000
core   0: 0x80009b5c (0x331c4993) xori    s3, s8, 817
core   0: 3 0x80009b5c (0x331c4993) x19 0xfffffcde
core   0: 0x80009b60 (0x6a5e6a13) ori     s4, t3, 1701
core   0: 3 0x80009b60 (0x6a5e6a13) x20 0x00539fa5
core   0: 0x80009b64 (0x42183993) sltiu   s3, a6, 1057
core   0: 3 0x80009b64 (0x42183993) x19 0x00000000
core   0: 0x80009b68 (0x0040d413) srli    s0, ra, 4
core   0: 3 0x80009b68 (0x0040d413) x 8 0x0fffffff
core   0: 0x80009b6c (0x00000013) nop
core   0: 3 0x80009b6c (0x00000013)
core   0: 0x80009b70 (0xbbfb8617) auipc   a2, 0xbbfb8
core   0: 3 0x80009b70 (0xbbfb8617) x12 0x3bfc1b70
core   0: 0x80009b74 (0x01b8b333) sltu    t1, a7, s11
core   0: 3 0x80009b74 (0x01b8b333) x 6 0x00000000
core   0: 0x80009b78 (0x021a7fb3) remu    t6, s4, ra
core   0: 3 0x80009b78 (0x021a7fb3) x31 0x00539fa5
core   0: 0x80009b7c (0x024e7cb3) remu    s9, t3, tp
core   0: 3 0x80009b7c (0x024e7cb3) x25 0x00539900
core   0: 0x80009b80 (0x40185433) sra     s0, a6, ra
core   0: 3 0x80009b80 (0x40185433) x 8 0xffffffe0
core   0: 0x80009b84 (0x02f032b3) mulhu   t0, zero, a5
core   0: 3 0x80009b84 (0x02f032b3) x 5 0x00000000
core   0: 0x80009b88 (0x026a5633) divu    a2, s4, t1
core   0: 3 0x80009b88 (0x026a5633) x12 0xffffffff
core   0: 0x80009b8c (0x00e70f33) add     t5, a4, a4
core   0: 3 0x80009b8c (0x00e70f33) x30 0x000319c8
core   0: 0x80009b90 (0x8049f113) andi    sp, s3, -2044
core   0: 3 0x80009b90 (0x8049f113) x 2 0x00000000
core   0: 0x80009b94 (0x010a68b3) or      a7, s4, a6
core   0: 3 0x80009b94 (0x010a68b3) x17 0x8053dfe5
core   0: 0x80009b98 (0x006cd593) srli    a1, s9, 6
core   0: 3 0x80009b98 (0x006cd593) x11 0x00014e64
core   0: 0x80009b9c (0x3867c313) xori    t1, a5, 902
core   0: 3 0x80009b9c (0x3867c313) x 6 0x00000386
core   0: 0x80009ba0 (0x01f311b3) sll     gp, t1, t6
core   0: 3 0x80009ba0 (0x01f311b3) x 3 0x000070c0
core   0: 0x80009ba4 (0x00332f33) slt     t5, t1, gp
core   0: 3 0x80009ba4 (0x00332f33) x30 0x00000001
core   0: 0x80009ba8 (0xb373c013) xori    zero, t2, -1225
core   0: 3 0x80009ba8 (0xb373c013)
core   0: 0x80009bac (0x00e59413) slli    s0, a1, 14
core   0: 3 0x80009bac (0x00e59413) x 8 0x53990000
core   0: 0x80009bb0 (0xfb25a793) slti    a5, a1, -78
core   0: 3 0x80009bb0 (0xfb25a793) x15 0x00000000
core   0: 0x80009bb4 (0x00ac6333) or      t1, s8, a0
core   0: 3 0x80009bb4 (0x00ac6333) x 6 0xffffffef
core   0: 0x80009bb8 (0x5db23d13) sltiu   s10, tp, 1499
core   0: 3 0x80009bb8 (0x5db23d13) x26 0x00000001
core   0: 0x80009bbc (0x03718633) mul     a2, gp, s7
core   0: 3 0x80009bbc (0x03718633) x12 0x00000000
core   0: 0x80009bc0 (0x00aa19b3) sll     s3, s4, a0
core   0: 3 0x80009bc0 (0x00aa19b3) x19 0x00539fa5
core   0: 0x80009bc4 (0x73dbfe13) andi    t3, s7, 1853
core   0: 3 0x80009bc4 (0x73dbfe13) x28 0x00000000
core   0: 0x80009bc8 (0x01af9113) slli    sp, t6, 26
core   0: 3 0x80009bc8 (0x01af9113) x 2 0x94000000
core   0: 0x80009bcc (0x021880b3) mul     ra, a7, ra
core   0: 3 0x80009bcc (0x021880b3) x 1 0xfe08c0a2
core   0: 0x80009bd0 (0x039e4f33) div     t5, t3, s9
core   0: 3 0x80009bd0 (0x039e4f33) x30 0x00000000
core   0: 0x80009bd4 (0xe42fff13) andi    t5, t6, -446
core   0: 3 0x80009bd4 (0xe42fff13) x30 0x00539e00
core   0: 0x80009bd8 (0x02888933) mul     s2, a7, s0
core   0: 3 0x80009bd8 (0x02888933) x18 0x0edd0000
core   0: 0x80009bdc (0x41e701b3) sub     gp, a4, t5
core   0: 3 0x80009bdc (0x41e701b3) x 3 0x7fadeee4
core   0: 0x80009be0 (0x8139eb13) ori     s6, s3, -2029
core   0: 3 0x80009be0 (0x8139eb13) x22 0xffffffb7
core   0: 0x80009be4 (0x007d39b3) sltu    s3, s10, t2
core   0: 3 0x80009be4 (0x007d39b3) x19 0x00000001
core   0: 0x80009be8 (0x014d8533) add     a0, s11, s4
core   0: 3 0x80009be8 (0x014d8533) x10 0x00539fac
core   0: 0x80009bec (0x0029f433) and     s0, s3, sp
core   0: 3 0x80009bec (0x0029f433) x 8 0x00000000
core   0: 0x80009bf0 (0x2172ed13) ori     s10, t0, 535
core   0: 3 0x80009bf0 (0x2172ed13) x26 0x00000217
core   0: 0x80009bf4 (0x0363a533) mulhsu  a0, t2, s6
core   0: 3 0x80009bf4 (0x0363a533) x10 0xfffffc74
core   0: 0x80009bf8 (0x005adc33) srl     s8, s5, t0
core   0: 3 0x80009bf8 (0x005adc33) x24 0xffffed28
core   0: 0x80009bfc (0xcb1f0c93) addi    s9, t5, -847
core   0: 3 0x80009bfc (0xcb1f0c93) x25 0x00539ab1
core   0: 0x80009c00 (0x40fc8bb3) sub     s7, s9, a5
core   0: 3 0x80009c00 (0x40fc8bb3) x23 0x00539ab1
core   0: 0x80009c04 (0x03bc61b3) rem     gp, s8, s11
core   0: 3 0x80009c04 (0x03bc61b3) x 3 0xffffffff
core   0: 0x80009c08 (0x41b95113) srai    sp, s2, 27
core   0: 3 0x80009c08 (0x41b95113) x 2 0x00000001
core   0: 0x80009c0c (0xb70acf93) xori    t6, s5, -1168
core   0: 3 0x80009c0c (0xb70acf93) x31 0x00001658
core   0: 0x80009c10 (0x2b24a317) auipc   t1, 0x2b24a
core   0: 3 0x80009c10 (0x2b24a317) x 6 0xab253c10
core   0: 0x80009c14 (0x01f7d793) srli    a5, a5, 31
core   0: 3 0x80009c14 (0x01f7d793) x15 0x00000000
core   0: 0x80009c18 (0x414e5c93) srai    s9, t3, 20
core   0: 3 0x80009c18 (0x414e5c93) x25 0x00000000
core   0: 0x80009c1c (0x02c7fbb3) remu    s7, a5, a2
core   0: 3 0x80009c1c (0x02c7fbb3) x23 0x00000000
core   0: 0x80009c20 (0xcf052013) slti    zero, a0, -784
core   0: 3 0x80009c20 (0xcf052013)
core   0: 0x80009c24 (0x035b84b3) mul     s1, s7, s5
core   0: 3 0x80009c24 (0x035b84b3) x 9 0x00000000
core   0: 0x80009c28 (0x412689b3) sub     s3, a3, s2
core   0: 3 0x80009c28 (0x412689b3) x19 0xf1230000
core   0: 0x80009c2c (0x02f66133) rem     sp, a2, a5
core   0: 3 0x80009c2c (0x02f66133) x 2 0x00000000
core   0: 0x80009c30 (0x028c5233) divu    tp, s8, s0
core   0: 3 0x80009c30 (0x028c5233) x 4 0xffffffff
core   0: 0x80009c34 (0x1a47c213) xori    tp, a5, 420
core   0: 3 0x80009c34 (0x1a47c213) x 4 0x000001a4
core   0: 0x80009c38 (0x027f00b3) mul     ra, t5, t2
core   0: 3 0x80009c38 (0x027f00b3) x 1 0xd76b9800
core   0: 0x80009c3c (0x0310b533) mulhu   a0, ra, a7
core   0: 3 0x80009c3c (0x0310b533) x10 0x6bfc6049
core   0: 0x80009c40 (0x03ad38b3) mulhu   a7, s10, s10
core   0: 3 0x80009c40 (0x03ad38b3) x17 0x00000000
core   0: 0x80009c44 (0x3b062a93) slti    s5, a2, 944
core   0: 3 0x80009c44 (0x3b062a93) x21 0x00000001
core   0: 0x80009c48 (0x01895d13) srli    s10, s2, 24
core   0: 3 0x80009c48 (0x01895d13) x26 0x0000000e
core   0: 0x80009c4c (0x00747f33) and     t5, s0, t2
core   0: 3 0x80009c4c (0x00747f33) x30 0x00000000
core   0: 0x80009c50 (0x020791b3) mulh    gp, a5, zero
core   0: 3 0x80009c50 (0x020791b3) x 3 0x00000000
core   0: 0x80009c54 (0x41fb5c93) srai    s9, s6, 31
core   0: 3 0x80009c54 (0x41fb5c93) x25 0xffffffff
core   0: 0x80009c58 (0x039e1ab3) mulh    s5, t3, s9
core   0: 3 0x80009c58 (0x039e1ab3) x21 0x00000000
core   0: 0x80009c5c (0x41dbdd13) srai    s10, s7, 29
core   0: 3 0x80009c5c (0x41dbdd13) x26 0x00000000
core   0: 0x80009c60 (0x4154d5b3) sra     a1, s1, s5
core   0: 3 0x80009c60 (0x4154d5b3) x11 0x00000000
core   0: 0x80009c64 (0x30990693) addi    a3, s2, 777
core   0: 3 0x80009c64 (0x30990693) x13 0x0edd0309
core   0: 0x80009c68 (0x00d3f233) and     tp, t2, a3
core   0: 3 0x80009c68 (0x00d3f233) x 4 0x0edd0000
core   0: 0x80009c6c (0x00b44233) xor     tp, s0, a1
core   0: 3 0x80009c6c (0x00b44233) x 4 0x00000000
core   0: 0x80009c70 (0x0a5d8513) addi    a0, s11, 165
core   0: 3 0x80009c70 (0x0a5d8513) x10 0x000000ac
core   0: 0x80009c74 (0x79b1a393) slti    t2, gp, 1947
core   0: 3 0x80009c74 (0x79b1a393) x 7 0x00000001
core   0: 0x80009c78 (0x419d08b3) sub     a7, s10, s9
core   0: 3 0x80009c78 (0x419d08b3) x17 0x00000001
core   0: 0x80009c7c (0x63b7ccb7) lui     s9, 0x63b7c
core   0: 3 0x80009c7c (0x63b7ccb7) x25 0x63b7c000
core   0: 0x80009c80 (0x02509fb3) mulh    t6, ra, t0
core   0: 3 0x80009c80 (0x02509fb3) x31 0x00000000
core   0: 0x80009c84 (0x00361893) slli    a7, a2, 3
core   0: 3 0x80009c84 (0x00361893) x17 0x00000000
core   0: 0x80009c88 (0x030085b3) mul     a1, ra, a6
core   0: 3 0x80009c88 (0x030085b3) x11 0x86576000
core   0: 0x80009c8c (0x00000013) nop
core   0: 3 0x80009c8c (0x00000013)
core   0: 0x80009c90 (0x01231413) slli    s0, t1, 18
core   0: 3 0x80009c90 (0x01231413) x 8 0xf0400000
core   0: 0x80009c94 (0x03c80633) mul     a2, a6, t3
core   0: 3 0x80009c94 (0x03c80633) x12 0x00000000
core   0: 0x80009c98 (0xf6d1f793) andi    a5, gp, -147
core   0: 3 0x80009c98 (0xf6d1f793) x15 0x00000000
core   0: 0x80009c9c (0x1f540f13) addi    t5, s0, 501
core   0: 3 0x80009c9c (0x1f540f13) x30 0xf04001f5
core   0: 0x80009ca0 (0x035737b3) mulhu   a5, a4, s5
core   0: 3 0x80009ca0 (0x035737b3) x15 0x00000000
core   0: 0x80009ca4 (0x407b5533) sra     a0, s6, t2
core   0: 3 0x80009ca4 (0x407b5533) x10 0xffffffdb
core   0: 0x80009ca8 (0xca343913) sltiu   s2, s0, -861
core   0: 3 0x80009ca8 (0xca343913) x18 0x00000001
core   0: 0x80009cac (0x01b90533) add     a0, s2, s11
core   0: 3 0x80009cac (0x01b90533) x10 0x00000008
core   0: 0x80009cb0 (0x1dab0c93) addi    s9, s6, 474
core   0: 3 0x80009cb0 (0x1dab0c93) x25 0x00000191
core   0: 0x80009cb4 (0x401a0c33) sub     s8, s4, ra
core   0: 3 0x80009cb4 (0x401a0c33) x24 0x28e807a5
core   0: 0x80009cb8 (0x02aeaa33) mulhsu  s4, t4, a0
core   0: 3 0x80009cb8 (0x02aeaa33) x20 0x00000000
core   0: 0x80009cbc (0x8fb33113) sltiu   sp, t1, -1797
core   0: 3 0x80009cbc (0x8fb33113) x 2 0x00000001
core   0: 0x80009cc0 (0x00bf5033) srl     zero, t5, a1
core   0: 3 0x80009cc0 (0x00bf5033)
core   0: 0x80009cc4 (0x011814b3) sll     s1, a6, a7
core   0: 3 0x80009cc4 (0x011814b3) x 9 0x80014e64
core   0: 0x80009cc8 (0x40db0cb3) sub     s9, s6, a3
core   0: 3 0x80009cc8 (0x40db0cb3) x25 0xf122fcae
core   0: 0x80009ccc (0x00e0c7b3) xor     a5, ra, a4
core   0: 3 0x80009ccc (0x00e0c7b3) x15 0x576a14e4
core   0: 0x80009cd0 (0x41cedc13) srai    s8, t4, 28
core   0: 3 0x80009cd0 (0x41cedc13) x24 0x00000000
core   0: 0x80009cd4 (0x01c52b33) slt     s6, a0, t3
core   0: 3 0x80009cd4 (0x01c52b33) x22 0x00000000
core   0: 0x80009cd8 (0x059313b7) lui     t2, 0x5931
core   0: 3 0x80009cd8 (0x059313b7) x 7 0x05931000
core   0: 0x80009cdc (0x03fe2333) mulhsu  t1, t3, t6
core   0: 3 0x80009cdc (0x03fe2333) x 6 0x00000000
core   0: 0x80009ce0 (0x9166cf93) xori    t6, a3, -1770
core   0: 3 0x80009ce0 (0x9166cf93) x31 0xf122fa1f
core   0: 0x80009ce4 (0x02189ab3) mulh    s5, a7, ra
core   0: 3 0x80009ce4 (0x02189ab3) x21 0x00000000
core   0: 0x80009ce8 (0xe46b2f93) slti    t6, s6, -442
core   0: 3 0x80009ce8 (0xe46b2f93) x31 0x00000000
core   0: 0x80009cec (0x019f9293) slli    t0, t6, 25
core   0: 3 0x80009cec (0x019f9293) x 5 0x00000000
core   0: 0x80009cf0 (0x3e18f913) andi    s2, a7, 993
core   0: 3 0x80009cf0 (0x3e18f913) x18 0x00000000
core   0: 0x80009cf4 (0x0158d033) srl     zero, a7, s5
core   0: 3 0x80009cf4 (0x0158d033)
core   0: 0x80009cf8 (0x823f6913) ori     s2, t5, -2013
core   0: 3 0x80009cf8 (0x823f6913) x18 0xfffff9f7
core   0: 0x80009cfc (0x003e5613) srli    a2, t3, 3
core   0: 3 0x80009cfc (0x003e5613) x12 0x00000000
core   0: 0x80009d00 (0x031125b3) mulhsu  a1, sp, a7
core   0: 3 0x80009d00 (0x031125b3) x11 0x00000000
core   0: 0x80009d04 (0x00bb9993) slli    s3, s7, 11
core   0: 3 0x80009d04 (0x00bb9993) x19 0x00000000
core   0: 0x80009d08 (0x01631213) slli    tp, t1, 22
core   0: 3 0x80009d08 (0x01631213) x 4 0x00000000
core   0: 0x80009d0c (0x00000013) nop
core   0: 3 0x80009d0c (0x00000013)
core   0: 0x80009d10 (0x034b7233) remu    tp, s6, s4
core   0: 3 0x80009d10 (0x034b7233) x 4 0x00000000
core   0: 0x80009d14 (0x007c9193) slli    gp, s9, 7
core   0: 3 0x80009d14 (0x007c9193) x 3 0x917e5700
core   0: 0x80009d18 (0x03e6e9b3) rem     s3, a3, t5
core   0: 3 0x80009d18 (0x03e6e9b3) x19 0x0edd0309
core   0: 0x80009d1c (0xa33a3e97) auipc   t4, 0xa33a3
core   0: 3 0x80009d1c (0xa33a3e97) x29 0x233acd1c
core   0: 0x80009d20 (0xd75f96b7) lui     a3, 0xd75f9
core   0: 3 0x80009d20 (0xd75f96b7) x13 0xd75f9000
core   0: 0x80009d24 (0x56f3f137) lui     sp, 0x56f3f
core   0: 3 0x80009d24 (0x56f3f137) x 2 0x56f3f000
core   0: 0x80009d28 (0x001ac633) xor     a2, s5, ra
core   0: 3 0x80009d28 (0x001ac633) x12 0xd76b9800
core   0: 0x80009d2c (0x003b8233) add     tp, s7, gp
core   0: 3 0x80009d2c (0x003b8233) x 4 0x917e5700
core   0: 0x80009d30 (0x40b1d193) srai    gp, gp, 11
core   0: 3 0x80009d30 (0x40b1d193) x 3 0xfff22fca
core   0: 0x80009d34 (0x016803b3) add     t2, a6, s6
core   0: 3 0x80009d34 (0x016803b3) x 7 0x80014e64
core   0: 0x80009d38 (0x02319933) mulh    s2, gp, gp
core   0: 3 0x80009d38 (0x02319933) x18 0x000000be
core   0: 0x80009d3c (0x02f7e6b3) rem     a3, a5, a5
core   0: 3 0x80009d3c (0x02f7e6b3) x13 0x00000000
core   0: 0x80009d40 (0x007abc33) sltu    s8, s5, t2
core   0: 3 0x80009d40 (0x007abc33) x24 0x00000001
core   0: 0x80009d44 (0x00000013) nop
core   0: 3 0x80009d44 (0x00000013)
core   0: 0x80009d48 (0x00dc7bb3) and     s7, s8, a3
core   0: 3 0x80009d48 (0x00dc7bb3) x23 0x00000000
core   0: 0x80009d4c (0x67b77593) andi    a1, a4, 1659
core   0: 3 0x80009d4c (0x67b77593) x11 0x00000460
core   0: 0x80009d50 (0x02a36333) rem     t1, t1, a0
core   0: 3 0x80009d50 (0x02a36333) x 6 0x00000000
core   0: 0x80009d54 (0x408c85b3) sub     a1, s9, s0
core   0: 3 0x80009d54 (0x408c85b3) x11 0x00e2fcae
core   0: 0x80009d58 (0x00000d97) auipc   s11, 0x0
core   0: 3 0x80009d58 (0x00000d97) x27 0x80009d58
core   0: 0x80009d5c (0x00cd8d93) addi    s11, s11, 12
core   0: 3 0x80009d5c (0x00cd8d93) x27 0x80009d64
core   0: 0x80009d60 (0x000d8067) jr      s11
core   0: 3 0x80009d60 (0x000d8067)
core   0: 0x80009d64 (0x00100193) li      gp, 1
core   0: 3 0x80009d64 (0x00100193) x 3 0x00000001
core   0: 0x80009d68 (0x00000073) ecall
core   0: exception trap_machine_ecall, epc 0x80009d68
core   0: >>>>  mtvec_handler
core   0: 0x8000a790 (0x0400006f) j       pc + 0x40
core   0: 3 0x8000a790 (0x0400006f)
core   0: 0x8000a7d0 (0xffc70713) addi    a4, a4, -4
core   0: 3 0x8000a7d0 (0xffc70713) x14 0x80018ce0
core   0: 0x8000a7d4 (0x01072023) sw      a6, 0(a4)
core   0: 3 0x8000a7d4 (0x01072023) mem 0x80018ce0 0x80014e64
core   0: 0x8000a7d8 (0x00070833) add     a6, a4, zero
core   0: 3 0x8000a7d8 (0x00070833) x16 0x80018ce0
core   0: 0x8000a7dc (0xf8080813) addi    a6, a6, -128
core   0: 3 0x8000a7dc (0xf8080813) x16 0x80018c60
core   0: 0x8000a7e0 (0x00182223) sw      ra, 4(a6)
core   0: 3 0x8000a7e0 (0x00182223) mem 0x80018c64 0xd76b9800
core   0: 0x8000a7e4 (0x00282423) sw      sp, 8(a6)
core   0: 3 0x8000a7e4 (0x00282423) mem 0x80018c68 0x56f3f000
core   0: 0x8000a7e8 (0x00382623) sw      gp, 12(a6)
core   0: 3 0x8000a7e8 (0x00382623) mem 0x80018c6c 0x00000001
core   0: 0x8000a7ec (0x00482823) sw      tp, 16(a6)
core   0: 3 0x8000a7ec (0x00482823) mem 0x80018c70 0x917e5700
core   0: 0x8000a7f0 (0x00582a23) sw      t0, 20(a6)
core   0: 3 0x8000a7f0 (0x00582a23) mem 0x80018c74 0x00000000
core   0: 0x8000a7f4 (0x00682c23) sw      t1, 24(a6)
core   0: 3 0x8000a7f4 (0x00682c23) mem 0x80018c78 0x00000000
core   0: 0x8000a7f8 (0x00782e23) sw      t2, 28(a6)
core   0: 3 0x8000a7f8 (0x00782e23) mem 0x80018c7c 0x80014e64
core   0: 0x8000a7fc (0x02882023) sw      s0, 32(a6)
core   0: 3 0x8000a7fc (0x02882023) mem 0x80018c80 0xf0400000
core   0: 0x8000a800 (0x02982223) sw      s1, 36(a6)
core   0: 3 0x8000a800 (0x02982223) mem 0x80018c84 0x80014e64
core   0: 0x8000a804 (0x02a82423) sw      a0, 40(a6)
core   0: 3 0x8000a804 (0x02a82423) mem 0x80018c88 0x00000008
core   0: 0x8000a808 (0x02b82623) sw      a1, 44(a6)
core   0: 3 0x8000a808 (0x02b82623) mem 0x80018c8c 0x00e2fcae
core   0: 0x8000a80c (0x02c82823) sw      a2, 48(a6)
core   0: 3 0x8000a80c (0x02c82823) mem 0x80018c90 0xd76b9800
core   0: 0x8000a810 (0x02d82a23) sw      a3, 52(a6)
core   0: 3 0x8000a810 (0x02d82a23) mem 0x80018c94 0x00000000
core   0: 0x8000a814 (0x02e82c23) sw      a4, 56(a6)
core   0: 3 0x8000a814 (0x02e82c23) mem 0x80018c98 0x80018ce0
core   0: 0x8000a818 (0x02f82e23) sw      a5, 60(a6)
core   0: 3 0x8000a818 (0x02f82e23) mem 0x80018c9c 0x576a14e4
core   0: 0x8000a81c (0x05082023) sw      a6, 64(a6)
core   0: 3 0x8000a81c (0x05082023) mem 0x80018ca0 0x80018c60
core   0: 0x8000a820 (0x05182223) sw      a7, 68(a6)
core   0: 3 0x8000a820 (0x05182223) mem 0x80018ca4 0x00000000
core   0: 0x8000a824 (0x05282423) sw      s2, 72(a6)
core   0: 3 0x8000a824 (0x05282423) mem 0x80018ca8 0x000000be
core   0: 0x8000a828 (0x05382623) sw      s3, 76(a6)
core   0: 3 0x8000a828 (0x05382623) mem 0x80018cac 0x0edd0309
core   0: 0x8000a82c (0x05482823) sw      s4, 80(a6)
core   0: 3 0x8000a82c (0x05482823) mem 0x80018cb0 0x00000000
core   0: 0x8000a830 (0x05582a23) sw      s5, 84(a6)
core   0: 3 0x8000a830 (0x05582a23) mem 0x80018cb4 0x00000000
core   0: 0x8000a834 (0x05682c23) sw      s6, 88(a6)
core   0: 3 0x8000a834 (0x05682c23) mem 0x80018cb8 0x00000000
core   0: 0x8000a838 (0x05782e23) sw      s7, 92(a6)
core   0: 3 0x8000a838 (0x05782e23) mem 0x80018cbc 0x00000000
core   0: 0x8000a83c (0x07882023) sw      s8, 96(a6)
core   0: 3 0x8000a83c (0x07882023) mem 0x80018cc0 0x00000001
core   0: 0x8000a840 (0x07982223) sw      s9, 100(a6)
core   0: 3 0x8000a840 (0x07982223) mem 0x80018cc4 0xf122fcae
core   0: 0x8000a844 (0x07a82423) sw      s10, 104(a6)
core   0: 3 0x8000a844 (0x07a82423) mem 0x80018cc8 0x00000000
core   0: 0x8000a848 (0x07b82623) sw      s11, 108(a6)
core   0: 3 0x8000a848 (0x07b82623) mem 0x80018ccc 0x80009d64
core   0: 0x8000a84c (0x07c82823) sw      t3, 112(a6)
core   0: 3 0x8000a84c (0x07c82823) mem 0x80018cd0 0x00000000
core   0: 0x8000a850 (0x07d82a23) sw      t4, 116(a6)
core   0: 3 0x8000a850 (0x07d82a23) mem 0x80018cd4 0x233acd1c
core   0: 0x8000a854 (0x07e82c23) sw      t5, 120(a6)
core   0: 3 0x8000a854 (0x07e82c23) mem 0x80018cd8 0xf04001f5
core   0: 0x8000a858 (0x07f82e23) sw      t6, 124(a6)
core   0: 3 0x8000a858 (0x07f82e23) mem 0x80018cdc 0x00000000
core   0: 0x8000a85c (0x00080733) add     a4, a6, zero
core   0: 3 0x8000a85c (0x00080733) x14 0x80018c60
core   0: 0x8000a860 (0x341023f3) csrr    t2, mepc
core   0: 3 0x8000a860 (0x341023f3) x 7 0x80009d68
core   0: 0x8000a864 (0x342023f3) csrr    t2, mcause
core   0: 3 0x8000a864 (0x342023f3) x 7 0x0000000b
core   0: 0x8000a868 (0x00300413) li      s0, 3
core   0: 3 0x8000a868 (0x00300413) x 8 0x00000003
core   0: 0x8000a86c (0x2a838a63) beq     t2, s0, pc + 692
core   0: 3 0x8000a86c (0x2a838a63)
core   0: 0x8000a870 (0x00800413) li      s0, 8
core   0: 3 0x8000a870 (0x00800413) x 8 0x00000008
core   0: 0x8000a874 (0x04838e63) beq     t2, s0, pc + 92
core   0: 3 0x8000a874 (0x04838e63)
core   0: 0x8000a878 (0x00900413) li      s0, 9
core   0: 3 0x8000a878 (0x00900413) x 8 0x00000009
core   0: 0x8000a87c (0x04838a63) beq     t2, s0, pc + 84
core   0: 3 0x8000a87c (0x04838a63)
core   0: 0x8000a880 (0x00b00413) li      s0, 11
core   0: 3 0x8000a880 (0x00b00413) x 8 0x0000000b
core   0: 0x8000a884 (0x04838663) beq     t2, s0, pc + 76
core   0: 3 0x8000a884 (0x04838663)
core   0: 0x8000a8d0 (0xffff5397) auipc   t2, 0xffff5
core   0: 3 0x8000a8d0 (0xffff5397) x 7 0x7ffff8d0
core   0: 0x8000a8d4 (0x73038393) addi    t2, t2, 1840
core   0: 3 0x8000a8d4 (0x73038393) x 7 0x80000000
core   0: 0x8000a8d8 (0x0003a023) sw      zero, 0(t2)
core   0: 3 0x8000a8d8 (0x0003a023) mem 0x80000000 0x00000000
core   0: 0x8000a8dc (0x0013a223) sw      ra, 4(t2)
core   0: 3 0x8000a8dc (0x0013a223) mem 0x80000004 0xd76b9800
core   0: 0x8000a8e0 (0x0023a423) sw      sp, 8(t2)
core   0: 3 0x8000a8e0 (0x0023a423) mem 0x80000008 0x56f3f000
core   0: 0x8000a8e4 (0x0033a623) sw      gp, 12(t2)
core   0: 3 0x8000a8e4 (0x0033a623) mem 0x8000000c 0x00000001
core   0: 0x8000a8e8 (0x0043a823) sw      tp, 16(t2)
core   0: 3 0x8000a8e8 (0x0043a823) mem 0x80000010 0x917e5700
core   0: 0x8000a8ec (0x0053aa23) sw      t0, 20(t2)
core   0: 3 0x8000a8ec (0x0053aa23) mem 0x80000014 0x00000000
core   0: 0x8000a8f0 (0x0063ac23) sw      t1, 24(t2)
core   0: 3 0x8000a8f0 (0x0063ac23) mem 0x80000018 0x00000000
core   0: 0x8000a8f4 (0x0073ae23) sw      t2, 28(t2)
core   0: 3 0x8000a8f4 (0x0073ae23) mem 0x8000001c 0x80000000
core   0: 0x8000a8f8 (0x0283a023) sw      s0, 32(t2)
core   0: 3 0x8000a8f8 (0x0283a023) mem 0x80000020 0x0000000b
core   0: 0x8000a8fc (0x0293a223) sw      s1, 36(t2)
core   0: 3 0x8000a8fc (0x0293a223) mem 0x80000024 0x80014e64
core   0: 0x8000a900 (0x02a3a423) sw      a0, 40(t2)
core   0: 3 0x8000a900 (0x02a3a423) mem 0x80000028 0x00000008
core   0: 0x8000a904 (0x02b3a623) sw      a1, 44(t2)
core   0: 3 0x8000a904 (0x02b3a623) mem 0x8000002c 0x00e2fcae
core   0: 0x8000a908 (0x02c3a823) sw      a2, 48(t2)
core   0: 3 0x8000a908 (0x02c3a823) mem 0x80000030 0xd76b9800
core   0: 0x8000a90c (0x02d3aa23) sw      a3, 52(t2)
core   0: 3 0x8000a90c (0x02d3aa23) mem 0x80000034 0x00000000
core   0: 0x8000a910 (0x02e3ac23) sw      a4, 56(t2)
core   0: 3 0x8000a910 (0x02e3ac23) mem 0x80000038 0x80018c60
core   0: 0x8000a914 (0x02f3ae23) sw      a5, 60(t2)
core   0: 3 0x8000a914 (0x02f3ae23) mem 0x8000003c 0x576a14e4
core   0: 0x8000a918 (0x0503a023) sw      a6, 64(t2)
core   0: 3 0x8000a918 (0x0503a023) mem 0x80000040 0x80018c60
core   0: 0x8000a91c (0x0513a223) sw      a7, 68(t2)
core   0: 3 0x8000a91c (0x0513a223) mem 0x80000044 0x00000000
core   0: 0x8000a920 (0x0523a423) sw      s2, 72(t2)
core   0: 3 0x8000a920 (0x0523a423) mem 0x80000048 0x000000be
core   0: 0x8000a924 (0x0533a623) sw      s3, 76(t2)
core   0: 3 0x8000a924 (0x0533a623) mem 0x8000004c 0x0edd0309
core   0: 0x8000a928 (0x0543a823) sw      s4, 80(t2)
core   0: 3 0x8000a928 (0x0543a823) mem 0x80000050 0x00000000
core   0: 0x8000a92c (0x0553aa23) sw      s5, 84(t2)
core   0: 3 0x8000a92c (0x0553aa23) mem 0x80000054 0x00000000
core   0: 0x8000a930 (0x0563ac23) sw      s6, 88(t2)
core   0: 3 0x8000a930 (0x0563ac23) mem 0x80000058 0x00000000
core   0: 0x8000a934 (0x0573ae23) sw      s7, 92(t2)
core   0: 3 0x8000a934 (0x0573ae23) mem 0x8000005c 0x00000000
core   0: 0x8000a938 (0x0783a023) sw      s8, 96(t2)
core   0: 3 0x8000a938 (0x0783a023) mem 0x80000060 0x00000001
core   0: 0x8000a93c (0x0793a223) sw      s9, 100(t2)
core   0: 3 0x8000a93c (0x0793a223) mem 0x80000064 0xf122fcae
core   0: 0x8000a940 (0x07a3a423) sw      s10, 104(t2)
core   0: 3 0x8000a940 (0x07a3a423) mem 0x80000068 0x00000000
core   0: 0x8000a944 (0x07b3a623) sw      s11, 108(t2)
core   0: 3 0x8000a944 (0x07b3a623) mem 0x8000006c 0x80009d64
core   0: 0x8000a948 (0x07c3a823) sw      t3, 112(t2)
core   0: 3 0x8000a948 (0x07c3a823) mem 0x80000070 0x00000000
core   0: 0x8000a94c (0x07d3aa23) sw      t4, 116(t2)
core   0: 3 0x8000a94c (0x07d3aa23) mem 0x80000074 0x233acd1c
core   0: 0x8000a950 (0x07e3ac23) sw      t5, 120(t2)
core   0: 3 0x8000a950 (0x07e3ac23) mem 0x80000078 0xf04001f5
core   0: 0x8000a954 (0x07f3ae23) sw      t6, 124(t2)
core   0: 3 0x8000a954 (0x07f3ae23) mem 0x8000007c 0x00000000
core   0: 0x8000a958 (0xfffffd97) auipc   s11, 0xfffff
core   0: 3 0x8000a958 (0xfffffd97) x27 0x80009958
core   0: 0x8000a95c (0x414d8d93) addi    s11, s11, 1044
core   0: 3 0x8000a95c (0x414d8d93) x27 0x80009d6c
core   0: 0x8000a960 (0x000d8067) jr      s11
core   0: 3 0x8000a960 (0x000d8067)
core   0: 0x80009d6c (0x00006f17) auipc   t5, 0x6
core   0: 3 0x80009d6c (0x00006f17) x30 0x8000fd6c
core   0: 0x80009d70 (0x283f2a23) sw      gp, 660(t5)
core   0: 3 0x80009d70 (0x283f2a23) mem 0x80010000 0x00000001
core   0: 0x80009d74 (0xff9ff06f) j       pc - 0x8
core   0: 3 0x80009d74 (0xff9ff06f)
core   0: 0x80009d6c (0x00006f17) auipc   t5, 0x6
core   0: 3 0x80009d6c (0x00006f17) x30 0x8000fd6c
core   0: 0x80009d70 (0x283f2a23) sw      gp, 660(t5)
core   0: 3 0x80009d70 (0x283f2a23) mem 0x80010000 0x00000001
core   0: 0x80009d74 (0xff9ff06f) j       pc - 0x8
core   0: 3 0x80009d74 (0xff9ff06f)
core   0: 0x80009d6c (0x00006f17) auipc   t5, 0x6
core   0: 3 0x80009d6c (0x00006f17) x30 0x8000fd6c
core   0: 0x80009d70 (0x283f2a23) sw      gp, 660(t5)
core   0: 3 0x80009d70 (0x283f2a23) mem 0x80010000 0x00000001
core   0: 0x80009d74 (0xff9ff06f) j       pc - 0x8
core   0: 3 0x80009d74 (0xff9ff06f)
core   0: 0x80009d6c (0x00006f17) auipc   t5, 0x6
core   0: 3 0x80009d6c (0x00006f17) x30 0x8000fd6c
core   0: 0x80009d70 (0x283f2a23) sw      gp, 660(t5)
core   0: 3 0x80009d70 (0x283f2a23) mem 0x80010000 0x00000001
core   0: 0x80009d74 (0xff9ff06f) j       pc - 0x8
core   0: 3 0x80009d74 (0xff9ff06f)
core   0: 0x80009d6c (0x00006f17) auipc   t5, 0x6
core   0: 3 0x80009d6c (0x00006f17) x30 0x8000fd6c
core   0: 0x80009d70 (0x283f2a23) sw      gp, 660(t5)
core   0: 3 0x80009d70 (0x283f2a23) mem 0x80010000 0x00000001
core   0: 0x80009d74 (0xff9ff06f) j       pc - 0x8
core   0: 3 0x80009d74 (0xff9ff06f)
core   0: 0x80009d6c (0x00006f17) auipc   t5, 0x6
core   0: 3 0x80009d6c (0x00006f17) x30 0x8000fd6c
core   0: 0x80009d70 (0x283f2a23) sw      gp, 660(t5)
core   0: 3 0x80009d70 (0x283f2a23) mem 0x80010000 0x00000001
core   0: 0x80009d74 (0xff9ff06f) j       pc - 0x8
core   0: 3 0x80009d74 (0xff9ff06f)
core   0: 0x80009d6c (0x00006f17) auipc   t5, 0x6
core   0: 3 0x80009d6c (0x00006f17) x30 0x8000fd6c
core   0: 0x80009d70 (0x283f2a23) sw      gp, 660(t5)
core   0: 3 0x80009d70 (0x283f2a23) mem 0x80010000 0x00000001
core   0: 0x80009d74 (0xff9ff06f) j       pc - 0x8
core   0: 3 0x80009d74 (0xff9ff06f)
core   0: 0x80009d6c (0x00006f17) auipc   t5, 0x6
core   0: 3 0x80009d6c (0x00006f17) x30 0x8000fd6c
core   0: 0x80009d70 (0x283f2a23) sw      gp, 660(t5)
core   0: 3 0x80009d70 (0x283f2a23) mem 0x80010000 0x00000001
core   0: 0x80009d74 (0xff9ff06f) j       pc - 0x8
core   0: 3 0x80009d74 (0xff9ff06f)
core   0: 0x80009d6c (0x00006f17) auipc   t5, 0x6
core   0: 3 0x80009d6c (0x00006f17) x30 0x8000fd6c
core   0: 0x80009d70 (0x283f2a23) sw      gp, 660(t5)
core   0: 3 0x80009d70 (0x283f2a23) mem 0x80010000 0x00000001
core   0: 0x80009d74 (0xff9ff06f) j       pc - 0x8
core   0: 3 0x80009d74 (0xff9ff06f)
core   0: 0x80009d6c (0x00006f17) auipc   t5, 0x6
core   0: 3 0x80009d6c (0x00006f17) x30 0x8000fd6c
core   0: 0x80009d70 (0x283f2a23) sw      gp, 660(t5)
core   0: 3 0x80009d70 (0x283f2a23) mem 0x80010000 0x00000001
core   0: 0x80009d74 (0xff9ff06f) j       pc - 0x8
core   0: 3 0x80009d74 (0xff9ff06f)
core   0: 0x80009d6c (0x00006f17) auipc   t5, 0x6
core   0: 3 0x80009d6c (0x00006f17) x30 0x8000fd6c
core   0: 0x80009d70 (0x283f2a23) sw      gp, 660(t5)
core   0: 3 0x80009d70 (0x283f2a23) mem 0x80010000 0x00000001
core   0: 0x80009d74 (0xff9ff06f) j       pc - 0x8
core   0: 3 0x80009d74 (0xff9ff06f)
core   0: 0x80009d6c (0x00006f17) auipc   t5, 0x6
core   0: 3 0x80009d6c (0x00006f17) x30 0x8000fd6c
core   0: 0x80009d70 (0x283f2a23) sw      gp, 660(t5)
core   0: 3 0x80009d70 (0x283f2a23) mem 0x80010000 0x00000001
core   0: 0x80009d74 (0xff9ff06f) j       pc - 0x8
core   0: 3 0x80009d74 (0xff9ff06f)
core   0: 0x80009d6c (0x00006f17) auipc   t5, 0x6
core   0: 3 0x80009d6c (0x00006f17) x30 0x8000fd6c
core   0: 0x80009d70 (0x283f2a23) sw      gp, 660(t5)
core   0: 3 0x80009d70 (0x283f2a23) mem 0x80010000 0x00000001
core   0: 0x80009d74 (0xff9ff06f) j       pc - 0x8
core   0: 3 0x80009d74 (0xff9ff06f)
core   0: 0x80009d6c (0x00006f17) auipc   t5, 0x6
core   0: 3 0x80009d6c (0x00006f17) x30 0x8000fd6c
core   0: 0x80009d70 (0x283f2a23) sw      gp, 660(t5)
core   0: 3 0x80009d70 (0x283f2a23) mem 0x80010000 0x00000001
core   0: 0x80009d74 (0xff9ff06f) j       pc - 0x8
core   0: 3 0x80009d74 (0xff9ff06f)
core   0: 0x80009d6c (0x00006f17) auipc   t5, 0x6
core   0: 3 0x80009d6c (0x00006f17) x30 0x8000fd6c
core   0: 0x80009d70 (0x283f2a23) sw      gp, 660(t5)
core   0: 3 0x80009d70 (0x283f2a23) mem 0x80010000 0x00000001
core   0: 0x80009d74 (0xff9ff06f) j       pc - 0x8
core   0: 3 0x80009d74 (0xff9ff06f)
core   0: 0x80009d6c (0x00006f17) auipc   t5, 0x6
core   0: 3 0x80009d6c (0x00006f17) x30 0x8000fd6c
core   0: 0x80009d70 (0x283f2a23) sw      gp, 660(t5)
core   0: 3 0x80009d70 (0x283f2a23) mem 0x80010000 0x00000001
core   0: 0x80009d74 (0xff9ff06f) j       pc - 0x8
core   0: 3 0x80009d74 (0xff9ff06f)
core   0: 0x80009d6c (0x00006f17) auipc   t5, 0x6
core   0: 3 0x80009d6c (0x00006f17) x30 0x8000fd6c
core   0: 0x80009d70 (0x283f2a23) sw      gp, 660(t5)
core   0: 3 0x80009d70 (0x283f2a23) mem 0x80010000 0x00000001
core   0: 0x80009d74 (0xff9ff06f) j       pc - 0x8
core   0: 3 0x80009d74 (0xff9ff06f)
core   0: 0x80009d6c (0x00006f17) auipc   t5, 0x6
core   0: 3 0x80009d6c (0x00006f17) x30 0x8000fd6c
core   0: 0x80009d70 (0x283f2a23) sw      gp, 660(t5)
core   0: 3 0x80009d70 (0x283f2a23) mem 0x80010000 0x00000001
core   0: 0x80009d74 (0xff9ff06f) j       pc - 0x8
core   0: 3 0x80009d74 (0xff9ff06f)
core   0: 0x80009d6c (0x00006f17) auipc   t5, 0x6
core   0: 3 0x80009d6c (0x00006f17) x30 0x8000fd6c
core   0: 0x80009d70 (0x283f2a23) sw      gp, 660(t5)
core   0: 3 0x80009d70 (0x283f2a23) mem 0x80010000 0x00000001
core   0: 0x80009d74 (0xff9ff06f) j       pc - 0x8
core   0: 3 0x80009d74 (0xff9ff06f)
core   0: 0x80009d6c (0x00006f17) auipc   t5, 0x6
core   0: 3 0x80009d6c (0x00006f17) x30 0x8000fd6c
core   0: 0x80009d70 (0x283f2a23) sw      gp, 660(t5)
core   0: 3 0x80009d70 (0x283f2a23) mem 0x80010000 0x00000001
core   0: 0x80009d74 (0xff9ff06f) j       pc - 0x8
core   0: 3 0x80009d74 (0xff9ff06f)
core   0: 0x80009d6c (0x00006f17) auipc   t5, 0x6
core   0: 3 0x80009d6c (0x00006f17) x30 0x8000fd6c
core   0: 0x80009d70 (0x283f2a23) sw      gp, 660(t5)
core   0: 3 0x80009d70 (0x283f2a23) mem 0x80010000 0x00000001
core   0: 0x80009d74 (0xff9ff06f) j       pc - 0x8
core   0: 3 0x80009d74 (0xff9ff06f)
core   0: 0x80009d6c (0x00006f17) auipc   t5, 0x6
core   0: 3 0x80009d6c (0x00006f17) x30 0x8000fd6c
core   0: 0x80009d70 (0x283f2a23) sw      gp, 660(t5)
core   0: 3 0x80009d70 (0x283f2a23) mem 0x80010000 0x00000001
core   0: 0x80009d74 (0xff9ff06f) j       pc - 0x8
core   0: 3 0x80009d74 (0xff9ff06f)
core   0: 0x80009d6c (0x00006f17) auipc   t5, 0x6
core   0: 3 0x80009d6c (0x00006f17) x30 0x8000fd6c
core   0: 0x80009d70 (0x283f2a23) sw      gp, 660(t5)
core   0: 3 0x80009d70 (0x283f2a23) mem 0x80010000 0x00000001
core   0: 0x80009d74 (0xff9ff06f) j       pc - 0x8
core   0: 3 0x80009d74 (0xff9ff06f)
core   0: 0x80009d6c (0x00006f17) auipc   t5, 0x6
core   0: 3 0x80009d6c (0x00006f17) x30 0x8000fd6c
core   0: 0x80009d70 (0x283f2a23) sw      gp, 660(t5)
core   0: 3 0x80009d70 (0x283f2a23) mem 0x80010000 0x00000001
core   0: 0x80009d74 (0xff9ff06f) j       pc - 0x8
core   0: 3 0x80009d74 (0xff9ff06f)
core   0: 0x80009d6c (0x00006f17) auipc   t5, 0x6
core   0: 3 0x80009d6c (0x00006f17) x30 0x8000fd6c
core   0: 0x80009d70 (0x283f2a23) sw      gp, 660(t5)
core   0: 3 0x80009d70 (0x283f2a23) mem 0x80010000 0x00000001
core   0: 0x80009d74 (0xff9ff06f) j       pc - 0x8
core   0: 3 0x80009d74 (0xff9ff06f)
core   0: 0x80009d6c (0x00006f17) auipc   t5, 0x6
core   0: 3 0x80009d6c (0x00006f17) x30 0x8000fd6c
core   0: 0x80009d70 (0x283f2a23) sw      gp, 660(t5)
core   0: 3 0x80009d70 (0x283f2a23) mem 0x80010000 0x00000001
core   0: 0x80009d74 (0xff9ff06f) j       pc - 0x8
core   0: 3 0x80009d74 (0xff9ff06f)
core   0: 0x80009d6c (0x00006f17) auipc   t5, 0x6
core   0: 3 0x80009d6c (0x00006f17) x30 0x8000fd6c
core   0: 0x80009d70 (0x283f2a23) sw      gp, 660(t5)
core   0: 3 0x80009d70 (0x283f2a23) mem 0x80010000 0x00000001
core   0: 0x80009d74 (0xff9ff06f) j       pc - 0x8
core   0: 3 0x80009d74 (0xff9ff06f)
core   0: 0x80009d6c (0x00006f17) auipc   t5, 0x6
core   0: 3 0x80009d6c (0x00006f17) x30 0x8000fd6c
core   0: 0x80009d70 (0x283f2a23) sw      gp, 660(t5)
core   0: 3 0x80009d70 (0x283f2a23) mem 0x80010000 0x00000001
core   0: 0x80009d74 (0xff9ff06f) j       pc - 0x8
core   0: 3 0x80009d74 (0xff9ff06f)
core   0: 0x80009d6c (0x00006f17) auipc   t5, 0x6
core   0: 3 0x80009d6c (0x00006f17) x30 0x8000fd6c
core   0: 0x80009d70 (0x283f2a23) sw      gp, 660(t5)
core   0: 3 0x80009d70 (0x283f2a23) mem 0x80010000 0x00000001
core   0: 0x80009d74 (0xff9ff06f) j       pc - 0x8
core   0: 3 0x80009d74 (0xff9ff06f)
core   0: 0x80009d6c (0x00006f17) auipc   t5, 0x6
core   0: 3 0x80009d6c (0x00006f17) x30 0x8000fd6c
core   0: 0x80009d70 (0x283f2a23) sw      gp, 660(t5)
core   0: 3 0x80009d70 (0x283f2a23) mem 0x80010000 0x00000001
core   0: 0x80009d74 (0xff9ff06f) j       pc - 0x8
core   0: 3 0x80009d74 (0xff9ff06f)
core   0: 0x80009d6c (0x00006f17) auipc   t5, 0x6
core   0: 3 0x80009d6c (0x00006f17) x30 0x8000fd6c
core   0: 0x80009d70 (0x283f2a23) sw      gp, 660(t5)
core   0: 3 0x80009d70 (0x283f2a23) mem 0x80010000 0x00000001
core   0: 0x80009d74 (0xff9ff06f) j       pc - 0x8
core   0: 3 0x80009d74 (0xff9ff06f)
core   0: 0x80009d6c (0x00006f17) auipc   t5, 0x6
core   0: 3 0x80009d6c (0x00006f17) x30 0x8000fd6c
core   0: 0x80009d70 (0x283f2a23) sw      gp, 660(t5)
core   0: 3 0x80009d70 (0x283f2a23) mem 0x80010000 0x00000001
core   0: 0x80009d74 (0xff9ff06f) j       pc - 0x8
core   0: 3 0x80009d74 (0xff9ff06f)
core   0: 0x80009d6c (0x00006f17) auipc   t5, 0x6
core   0: 3 0x80009d6c (0x00006f17) x30 0x8000fd6c
core   0: 0x80009d70 (0x283f2a23) sw      gp, 660(t5)
core   0: 3 0x80009d70 (0x283f2a23) mem 0x80010000 0x00000001
core   0: 0x80009d74 (0xff9ff06f) j       pc - 0x8
core   0: 3 0x80009d74 (0xff9ff06f)
core   0: 0x80009d6c (0x00006f17) auipc   t5, 0x6
core   0: 3 0x80009d6c (0x00006f17) x30 0x8000fd6c
core   0: 0x80009d70 (0x283f2a23) sw      gp, 660(t5)
core   0: 3 0x80009d70 (0x283f2a23) mem 0x80010000 0x00000001
core   0: 0x80009d74 (0xff9ff06f) j       pc - 0x8
core   0: 3 0x80009d74 (0xff9ff06f)
core   0: 0x80009d6c (0x00006f17) auipc   t5, 0x6
core   0: 3 0x80009d6c (0x00006f17) x30 0x8000fd6c
core   0: 0x80009d70 (0x283f2a23) sw      gp, 660(t5)
core   0: 3 0x80009d70 (0x283f2a23) mem 0x80010000 0x00000001
core   0: 0x80009d74 (0xff9ff06f) j       pc - 0x8
core   0: 3 0x80009d74 (0xff9ff06f)
core   0: 0x80009d6c (0x00006f17) auipc   t5, 0x6
core   0: 3 0x80009d6c (0x00006f17) x30 0x8000fd6c
core   0: 0x80009d70 (0x283f2a23) sw      gp, 660(t5)
core   0: 3 0x80009d70 (0x283f2a23) mem 0x80010000 0x00000001
core   0: 0x80009d74 (0xff9ff06f) j       pc - 0x8
core   0: 3 0x80009d74 (0xff9ff06f)
core   0: 0x80009d6c (0x00006f17) auipc   t5, 0x6
core   0: 3 0x80009d6c (0x00006f17) x30 0x8000fd6c
core   0: 0x80009d70 (0x283f2a23) sw      gp, 660(t5)
core   0: 3 0x80009d70 (0x283f2a23) mem 0x80010000 0x00000001
core   0: 0x80009d74 (0xff9ff06f) j       pc - 0x8
core   0: 3 0x80009d74 (0xff9ff06f)
core   0: 0x80009d6c (0x00006f17) auipc   t5, 0x6
core   0: 3 0x80009d6c (0x00006f17) x30 0x8000fd6c
core   0: 0x80009d70 (0x283f2a23) sw      gp, 660(t5)
core   0: 3 0x80009d70 (0x283f2a23) mem 0x80010000 0x00000001
core   0: 0x80009d74 (0xff9ff06f) j       pc - 0x8
core   0: 3 0x80009d74 (0xff9ff06f)
core   0: 0x80009d6c (0x00006f17) auipc   t5, 0x6
core   0: 3 0x80009d6c (0x00006f17) x30 0x8000fd6c
core   0: 0x80009d70 (0x283f2a23) sw      gp, 660(t5)
core   0: 3 0x80009d70 (0x283f2a23) mem 0x80010000 0x00000001
core   0: 0x80009d74 (0xff9ff06f) j       pc - 0x8
core   0: 3 0x80009d74 (0xff9ff06f)
core   0: 0x80009d6c (0x00006f17) auipc   t5, 0x6
core   0: 3 0x80009d6c (0x00006f17) x30 0x8000fd6c
core   0: 0x80009d70 (0x283f2a23) sw      gp, 660(t5)
core   0: 3 0x80009d70 (0x283f2a23) mem 0x80010000 0x00000001
core   0: 0x80009d74 (0xff9ff06f) j       pc - 0x8
core   0: 3 0x80009d74 (0xff9ff06f)
core   0: 0x80009d6c (0x00006f17) auipc   t5, 0x6
core   0: 3 0x80009d6c (0x00006f17) x30 0x8000fd6c
core   0: 0x80009d70 (0x283f2a23) sw      gp, 660(t5)
core   0: 3 0x80009d70 (0x283f2a23) mem 0x80010000 0x00000001
core   0: 0x80009d74 (0xff9ff06f) j       pc - 0x8
core   0: 3 0x80009d74 (0xff9ff06f)
core   0: 0x80009d6c (0x00006f17) auipc   t5, 0x6
core   0: 3 0x80009d6c (0x00006f17) x30 0x8000fd6c
core   0: 0x80009d70 (0x283f2a23) sw      gp, 660(t5)
core   0: 3 0x80009d70 (0x283f2a23) mem 0x80010000 0x00000001
core   0: 0x80009d74 (0xff9ff06f) j       pc - 0x8
core   0: 3 0x80009d74 (0xff9ff06f)
core   0: 0x80009d6c (0x00006f17) auipc   t5, 0x6
core   0: 3 0x80009d6c (0x00006f17) x30 0x8000fd6c
core   0: 0x80009d70 (0x283f2a23) sw      gp, 660(t5)
core   0: 3 0x80009d70 (0x283f2a23) mem 0x80010000 0x00000001
core   0: 0x80009d74 (0xff9ff06f) j       pc - 0x8
core   0: 3 0x80009d74 (0xff9ff06f)
core   0: 0x80009d6c (0x00006f17) auipc   t5, 0x6
core   0: 3 0x80009d6c (0x00006f17) x30 0x8000fd6c
core   0: 0x80009d70 (0x283f2a23) sw      gp, 660(t5)
core   0: 3 0x80009d70 (0x283f2a23) mem 0x80010000 0x00000001
core   0: 0x80009d74 (0xff9ff06f) j       pc - 0x8
core   0: 3 0x80009d74 (0xff9ff06f)
core   0: 0x80009d6c (0x00006f17) auipc   t5, 0x6
core   0: 3 0x80009d6c (0x00006f17) x30 0x8000fd6c
core   0: 0x80009d70 (0x283f2a23) sw      gp, 660(t5)
core   0: 3 0x80009d70 (0x283f2a23) mem 0x80010000 0x00000001
core   0: 0x80009d74 (0xff9ff06f) j       pc - 0x8
core   0: 3 0x80009d74 (0xff9ff06f)
core   0: 0x80009d6c (0x00006f17) auipc   t5, 0x6
core   0: 3 0x80009d6c (0x00006f17) x30 0x8000fd6c
core   0: 0x80009d70 (0x283f2a23) sw      gp, 660(t5)
core   0: 3 0x80009d70 (0x283f2a23) mem 0x80010000 0x00000001
core   0: 0x80009d74 (0xff9ff06f) j       pc - 0x8
core   0: 3 0x80009d74 (0xff9ff06f)
core   0: 0x80009d6c (0x00006f17) auipc   t5, 0x6
core   0: 3 0x80009d6c (0x00006f17) x30 0x8000fd6c
core   0: 0x80009d70 (0x283f2a23) sw      gp, 660(t5)
core   0: 3 0x80009d70 (0x283f2a23) mem 0x80010000 0x00000001
core   0: 0x80009d74 (0xff9ff06f) j       pc - 0x8
core   0: 3 0x80009d74 (0xff9ff06f)
core   0: 0x80009d6c (0x00006f17) auipc   t5, 0x6
core   0: 3 0x80009d6c (0x00006f17) x30 0x8000fd6c
core   0: 0x80009d70 (0x283f2a23) sw      gp, 660(t5)
core   0: 3 0x80009d70 (0x283f2a23) mem 0x80010000 0x00000001
core   0: 0x80009d74 (0xff9ff06f) j       pc - 0x8
core   0: 3 0x80009d74 (0xff9ff06f)
core   0: 0x80009d6c (0x00006f17) auipc   t5, 0x6
core   0: 3 0x80009d6c (0x00006f17) x30 0x8000fd6c
core   0: 0x80009d70 (0x283f2a23) sw      gp, 660(t5)
core   0: 3 0x80009d70 (0x283f2a23) mem 0x80010000 0x00000001
core   0: 0x80009d74 (0xff9ff06f) j       pc - 0x8
core   0: 3 0x80009d74 (0xff9ff06f)
core   0: 0x80009d6c (0x00006f17) auipc   t5, 0x6
core   0: 3 0x80009d6c (0x00006f17) x30 0x8000fd6c
core   0: 0x80009d70 (0x283f2a23) sw      gp, 660(t5)
core   0: 3 0x80009d70 (0x283f2a23) mem 0x80010000 0x00000001
core   0: 0x80009d74 (0xff9ff06f) j       pc - 0x8
core   0: 3 0x80009d74 (0xff9ff06f)
core   0: 0x80009d6c (0x00006f17) auipc   t5, 0x6
core   0: 3 0x80009d6c (0x00006f17) x30 0x8000fd6c
core   0: 0x80009d70 (0x283f2a23) sw      gp, 660(t5)
core   0: 3 0x80009d70 (0x283f2a23) mem 0x80010000 0x00000001
core   0: 0x80009d74 (0xff9ff06f) j       pc - 0x8
core   0: 3 0x80009d74 (0xff9ff06f)
core   0: 0x80009d6c (0x00006f17) auipc   t5, 0x6
core   0: 3 0x80009d6c (0x00006f17) x30 0x8000fd6c
core   0: 0x80009d70 (0x283f2a23) sw      gp, 660(t5)
core   0: 3 0x80009d70 (0x283f2a23) mem 0x80010000 0x00000001
core   0: 0x80009d74 (0xff9ff06f) j       pc - 0x8
core   0: 3 0x80009d74 (0xff9ff06f)
core   0: 0x80009d6c (0x00006f17) auipc   t5, 0x6
core   0: 3 0x80009d6c (0x00006f17) x30 0x8000fd6c
core   0: 0x80009d70 (0x283f2a23) sw      gp, 660(t5)
core   0: 3 0x80009d70 (0x283f2a23) mem 0x80010000 0x00000001
core   0: 0x80009d74 (0xff9ff06f) j       pc - 0x8
core   0: 3 0x80009d74 (0xff9ff06f)
core   0: 0x80009d6c (0x00006f17) auipc   t5, 0x6
core   0: 3 0x80009d6c (0x00006f17) x30 0x8000fd6c
core   0: 0x80009d70 (0x283f2a23) sw      gp, 660(t5)
core   0: 3 0x80009d70 (0x283f2a23) mem 0x80010000 0x00000001
core   0: 0x80009d74 (0xff9ff06f) j       pc - 0x8
core   0: 3 0x80009d74 (0xff9ff06f)
core   0: 0x80009d6c (0x00006f17) auipc   t5, 0x6
core   0: 3 0x80009d6c (0x00006f17) x30 0x8000fd6c
core   0: 0x80009d70 (0x283f2a23) sw      gp, 660(t5)
core   0: 3 0x80009d70 (0x283f2a23) mem 0x80010000 0x00000001
core   0: 0x80009d74 (0xff9ff06f) j       pc - 0x8
core   0: 3 0x80009d74 (0xff9ff06f)
core   0: 0x80009d6c (0x00006f17) auipc   t5, 0x6
core   0: 3 0x80009d6c (0x00006f17) x30 0x8000fd6c
core   0: 0x80009d70 (0x283f2a23) sw      gp, 660(t5)
core   0: 3 0x80009d70 (0x283f2a23) mem 0x80010000 0x00000001
core   0: 0x80009d74 (0xff9ff06f) j       pc - 0x8
core   0: 3 0x80009d74 (0xff9ff06f)
core   0: 0x80009d6c (0x00006f17) auipc   t5, 0x6
core   0: 3 0x80009d6c (0x00006f17) x30 0x8000fd6c
core   0: 0x80009d70 (0x283f2a23) sw      gp, 660(t5)
core   0: 3 0x80009d70 (0x283f2a23) mem 0x80010000 0x00000001
core   0: 0x80009d74 (0xff9ff06f) j       pc - 0x8
core   0: 3 0x80009d74 (0xff9ff06f)
core   0: 0x80009d6c (0x00006f17) auipc   t5, 0x6
core   0: 3 0x80009d6c (0x00006f17) x30 0x8000fd6c
core   0: 0x80009d70 (0x283f2a23) sw      gp, 660(t5)
core   0: 3 0x80009d70 (0x283f2a23) mem 0x80010000 0x00000001
core   0: 0x80009d74 (0xff9ff06f) j       pc - 0x8
core   0: 3 0x80009d74 (0xff9ff06f)
core   0: 0x80009d6c (0x00006f17) auipc   t5, 0x6
core   0: 3 0x80009d6c (0x00006f17) x30 0x8000fd6c
core   0: 0x80009d70 (0x283f2a23) sw      gp, 660(t5)
core   0: 3 0x80009d70 (0x283f2a23) mem 0x80010000 0x00000001
core   0: 0x80009d74 (0xff9ff06f) j       pc - 0x8
core   0: 3 0x80009d74 (0xff9ff06f)
core   0: 0x80009d6c (0x00006f17) auipc   t5, 0x6
core   0: 3 0x80009d6c (0x00006f17) x30 0x8000fd6c
core   0: 0x80009d70 (0x283f2a23) sw      gp, 660(t5)
core   0: 3 0x80009d70 (0x283f2a23) mem 0x80010000 0x00000001
core   0: 0x80009d74 (0xff9ff06f) j       pc - 0x8
core   0: 3 0x80009d74 (0xff9ff06f)
core   0: 0x80009d6c (0x00006f17) auipc   t5, 0x6
core   0: 3 0x80009d6c (0x00006f17) x30 0x8000fd6c
core   0: 0x80009d70 (0x283f2a23) sw      gp, 660(t5)
core   0: 3 0x80009d70 (0x283f2a23) mem 0x80010000 0x00000001
core   0: 0x80009d74 (0xff9ff06f) j       pc - 0x8
core   0: 3 0x80009d74 (0xff9ff06f)
core   0: 0x80009d6c (0x00006f17) auipc   t5, 0x6
core   0: 3 0x80009d6c (0x00006f17) x30 0x8000fd6c
core   0: 0x80009d70 (0x283f2a23) sw      gp, 660(t5)
core   0: 3 0x80009d70 (0x283f2a23) mem 0x80010000 0x00000001
core   0: 0x80009d74 (0xff9ff06f) j       pc - 0x8
core   0: 3 0x80009d74 (0xff9ff06f)
core   0: 0x80009d6c (0x00006f17) auipc   t5, 0x6
core   0: 3 0x80009d6c (0x00006f17) x30 0x8000fd6c
core   0: 0x80009d70 (0x283f2a23) sw      gp, 660(t5)
core   0: 3 0x80009d70 (0x283f2a23) mem 0x80010000 0x00000001
core   0: 0x80009d74 (0xff9ff06f) j       pc - 0x8
core   0: 3 0x80009d74 (0xff9ff06f)
core   0: 0x80009d6c (0x00006f17) auipc   t5, 0x6
core   0: 3 0x80009d6c (0x00006f17) x30 0x8000fd6c
core   0: 0x80009d70 (0x283f2a23) sw      gp, 660(t5)
core   0: 3 0x80009d70 (0x283f2a23) mem 0x80010000 0x00000001
core   0: 0x80009d74 (0xff9ff06f) j       pc - 0x8
core   0: 3 0x80009d74 (0xff9ff06f)
core   0: 0x80009d6c (0x00006f17) auipc   t5, 0x6
core   0: 3 0x80009d6c (0x00006f17) x30 0x8000fd6c
core   0: 0x80009d70 (0x283f2a23) sw      gp, 660(t5)
core   0: 3 0x80009d70 (0x283f2a23) mem 0x80010000 0x00000001
core   0: 0x80009d74 (0xff9ff06f) j       pc - 0x8
core   0: 3 0x80009d74 (0xff9ff06f)
core   0: 0x80009d6c (0x00006f17) auipc   t5, 0x6
core   0: 3 0x80009d6c (0x00006f17) x30 0x8000fd6c
core   0: 0x80009d70 (0x283f2a23) sw      gp, 660(t5)
core   0: 3 0x80009d70 (0x283f2a23) mem 0x80010000 0x00000001
core   0: 0x80009d74 (0xff9ff06f) j       pc - 0x8
core   0: 3 0x80009d74 (0xff9ff06f)
core   0: 0x80009d6c (0x00006f17) auipc   t5, 0x6
core   0: 3 0x80009d6c (0x00006f17) x30 0x8000fd6c
core   0: 0x80009d70 (0x283f2a23) sw      gp, 660(t5)
core   0: 3 0x80009d70 (0x283f2a23) mem 0x80010000 0x00000001
core   0: 0x80009d74 (0xff9ff06f) j       pc - 0x8
core   0: 3 0x80009d74 (0xff9ff06f)
core   0: 0x80009d6c (0x00006f17) auipc   t5, 0x6
core   0: 3 0x80009d6c (0x00006f17) x30 0x8000fd6c
core   0: 0x80009d70 (0x283f2a23) sw      gp, 660(t5)
core   0: 3 0x80009d70 (0x283f2a23) mem 0x80010000 0x00000001
core   0: 0x80009d74 (0xff9ff06f) j       pc - 0x8
core   0: 3 0x80009d74 (0xff9ff06f)
core   0: 0x80009d6c (0x00006f17) auipc   t5, 0x6
core   0: 3 0x80009d6c (0x00006f17) x30 0x8000fd6c
core   0: 0x80009d70 (0x283f2a23) sw      gp, 660(t5)
core   0: 3 0x80009d70 (0x283f2a23) mem 0x80010000 0x00000001
core   0: 0x80009d74 (0xff9ff06f) j       pc - 0x8
core   0: 3 0x80009d74 (0xff9ff06f)
core   0: 0x80009d6c (0x00006f17) auipc   t5, 0x6
core   0: 3 0x80009d6c (0x00006f17) x30 0x8000fd6c
core   0: 0x80009d70 (0x283f2a23) sw      gp, 660(t5)
core   0: 3 0x80009d70 (0x283f2a23) mem 0x80010000 0x00000001
core   0: 0x80009d74 (0xff9ff06f) j       pc - 0x8
core   0: 3 0x80009d74 (0xff9ff06f)
core   0: 0x80009d6c (0x00006f17) auipc   t5, 0x6
core   0: 3 0x80009d6c (0x00006f17) x30 0x8000fd6c
core   0: 0x80009d70 (0x283f2a23) sw      gp, 660(t5)
core   0: 3 0x80009d70 (0x283f2a23) mem 0x80010000 0x00000001
core   0: 0x80009d74 (0xff9ff06f) j       pc - 0x8
core   0: 3 0x80009d74 (0xff9ff06f)
core   0: 0x80009d6c (0x00006f17) auipc   t5, 0x6
core   0: 3 0x80009d6c (0x00006f17) x30 0x8000fd6c
core   0: 0x80009d70 (0x283f2a23) sw      gp, 660(t5)
core   0: 3 0x80009d70 (0x283f2a23) mem 0x80010000 0x00000001
core   0: 0x80009d74 (0xff9ff06f) j       pc - 0x8
core   0: 3 0x80009d74 (0xff9ff06f)
core   0: 0x80009d6c (0x00006f17) auipc   t5, 0x6
core   0: 3 0x80009d6c (0x00006f17) x30 0x8000fd6c
core   0: 0x80009d70 (0x283f2a23) sw      gp, 660(t5)
core   0: 3 0x80009d70 (0x283f2a23) mem 0x80010000 0x00000001
core   0: 0x80009d74 (0xff9ff06f) j       pc - 0x8
core   0: 3 0x80009d74 (0xff9ff06f)
core   0: 0x80009d6c (0x00006f17) auipc   t5, 0x6
core   0: 3 0x80009d6c (0x00006f17) x30 0x8000fd6c
core   0: 0x80009d70 (0x283f2a23) sw      gp, 660(t5)
core   0: 3 0x80009d70 (0x283f2a23) mem 0x80010000 0x00000001
core   0: 0x80009d74 (0xff9ff06f) j       pc - 0x8
core   0: 3 0x80009d74 (0xff9ff06f)
core   0: 0x80009d6c (0x00006f17) auipc   t5, 0x6
core   0: 3 0x80009d6c (0x00006f17) x30 0x8000fd6c
core   0: 0x80009d70 (0x283f2a23) sw      gp, 660(t5)
core   0: 3 0x80009d70 (0x283f2a23) mem 0x80010000 0x00000001
core   0: 0x80009d74 (0xff9ff06f) j       pc - 0x8
core   0: 3 0x80009d74 (0xff9ff06f)
core   0: 0x80009d6c (0x00006f17) auipc   t5, 0x6
core   0: 3 0x80009d6c (0x00006f17) x30 0x8000fd6c
core   0: 0x80009d70 (0x283f2a23) sw      gp, 660(t5)
core   0: 3 0x80009d70 (0x283f2a23) mem 0x80010000 0x00000001
core   0: 0x80009d74 (0xff9ff06f) j       pc - 0x8
core   0: 3 0x80009d74 (0xff9ff06f)
core   0: 0x80009d6c (0x00006f17) auipc   t5, 0x6
core   0: 3 0x80009d6c (0x00006f17) x30 0x8000fd6c
core   0: 0x80009d70 (0x283f2a23) sw      gp, 660(t5)
core   0: 3 0x80009d70 (0x283f2a23) mem 0x80010000 0x00000001
core   0: 0x80009d74 (0xff9ff06f) j       pc - 0x8
core   0: 3 0x80009d74 (0xff9ff06f)
core   0: 0x80009d6c (0x00006f17) auipc   t5, 0x6
core   0: 3 0x80009d6c (0x00006f17) x30 0x8000fd6c
core   0: 0x80009d70 (0x283f2a23) sw      gp, 660(t5)
core   0: 3 0x80009d70 (0x283f2a23) mem 0x80010000 0x00000001
core   0: 0x80009d74 (0xff9ff06f) j       pc - 0x8
core   0: 3 0x80009d74 (0xff9ff06f)
core   0: 0x80009d6c (0x00006f17) auipc   t5, 0x6
core   0: 3 0x80009d6c (0x00006f17) x30 0x8000fd6c
core   0: 0x80009d70 (0x283f2a23) sw      gp, 660(t5)
core   0: 3 0x80009d70 (0x283f2a23) mem 0x80010000 0x00000001
core   0: 0x80009d74 (0xff9ff06f) j       pc - 0x8
core   0: 3 0x80009d74 (0xff9ff06f)
core   0: 0x80009d6c (0x00006f17) auipc   t5, 0x6
core   0: 3 0x80009d6c (0x00006f17) x30 0x8000fd6c
core   0: 0x80009d70 (0x283f2a23) sw      gp, 660(t5)
core   0: 3 0x80009d70 (0x283f2a23) mem 0x80010000 0x00000001
core   0: 0x80009d74 (0xff9ff06f) j       pc - 0x8
core   0: 3 0x80009d74 (0xff9ff06f)
core   0: 0x80009d6c (0x00006f17) auipc   t5, 0x6
core   0: 3 0x80009d6c (0x00006f17) x30 0x8000fd6c
core   0: 0x80009d70 (0x283f2a23) sw      gp, 660(t5)
core   0: 3 0x80009d70 (0x283f2a23) mem 0x80010000 0x00000001
core   0: 0x80009d74 (0xff9ff06f) j       pc - 0x8
core   0: 3 0x80009d74 (0xff9ff06f)
core   0: 0x80009d6c (0x00006f17) auipc   t5, 0x6
core   0: 3 0x80009d6c (0x00006f17) x30 0x8000fd6c
core   0: 0x80009d70 (0x283f2a23) sw      gp, 660(t5)
core   0: 3 0x80009d70 (0x283f2a23) mem 0x80010000 0x00000001
core   0: 0x80009d74 (0xff9ff06f) j       pc - 0x8
core   0: 3 0x80009d74 (0xff9ff06f)
core   0: 0x80009d6c (0x00006f17) auipc   t5, 0x6
core   0: 3 0x80009d6c (0x00006f17) x30 0x8000fd6c
core   0: 0x80009d70 (0x283f2a23) sw      gp, 660(t5)
core   0: 3 0x80009d70 (0x283f2a23) mem 0x80010000 0x00000001
core   0: 0x80009d74 (0xff9ff06f) j       pc - 0x8
core   0: 3 0x80009d74 (0xff9ff06f)
core   0: 0x80009d6c (0x00006f17) auipc   t5, 0x6
core   0: 3 0x80009d6c (0x00006f17) x30 0x8000fd6c
core   0: 0x80009d70 (0x283f2a23) sw      gp, 660(t5)
core   0: 3 0x80009d70 (0x283f2a23) mem 0x80010000 0x00000001
core   0: 0x80009d74 (0xff9ff06f) j       pc - 0x8
core   0: 3 0x80009d74 (0xff9ff06f)
core   0: 0x80009d6c (0x00006f17) auipc   t5, 0x6
core   0: 3 0x80009d6c (0x00006f17) x30 0x8000fd6c
core   0: 0x80009d70 (0x283f2a23) sw      gp, 660(t5)
core   0: 3 0x80009d70 (0x283f2a23) mem 0x80010000 0x00000001
core   0: 0x80009d74 (0xff9ff06f) j       pc - 0x8
core   0: 3 0x80009d74 (0xff9ff06f)
core   0: 0x80009d6c (0x00006f17) auipc   t5, 0x6
core   0: 3 0x80009d6c (0x00006f17) x30 0x8000fd6c
core   0: 0x80009d70 (0x283f2a23) sw      gp, 660(t5)
core   0: 3 0x80009d70 (0x283f2a23) mem 0x80010000 0x00000001
core   0: 0x80009d74 (0xff9ff06f) j       pc - 0x8
core   0: 3 0x80009d74 (0xff9ff06f)
core   0: 0x80009d6c (0x00006f17) auipc   t5, 0x6
core   0: 3 0x80009d6c (0x00006f17) x30 0x8000fd6c
core   0: 0x80009d70 (0x283f2a23) sw      gp, 660(t5)
core   0: 3 0x80009d70 (0x283f2a23) mem 0x80010000 0x00000001
core   0: 0x80009d74 (0xff9ff06f) j       pc - 0x8
core   0: 3 0x80009d74 (0xff9ff06f)
core   0: 0x80009d6c (0x00006f17) auipc   t5, 0x6
core   0: 3 0x80009d6c (0x00006f17) x30 0x8000fd6c
core   0: 0x80009d70 (0x283f2a23) sw      gp, 660(t5)
core   0: 3 0x80009d70 (0x283f2a23) mem 0x80010000 0x00000001
core   0: 0x80009d74 (0xff9ff06f) j       pc - 0x8
core   0: 3 0x80009d74 (0xff9ff06f)
core   0: 0x80009d6c (0x00006f17) auipc   t5, 0x6
core   0: 3 0x80009d6c (0x00006f17) x30 0x8000fd6c
core   0: 0x80009d70 (0x283f2a23) sw      gp, 660(t5)
core   0: 3 0x80009d70 (0x283f2a23) mem 0x80010000 0x00000001
core   0: 0x80009d74 (0xff9ff06f) j       pc - 0x8
core   0: 3 0x80009d74 (0xff9ff06f)
core   0: 0x80009d6c (0x00006f17) auipc   t5, 0x6
core   0: 3 0x80009d6c (0x00006f17) x30 0x8000fd6c
core   0: 0x80009d70 (0x283f2a23) sw      gp, 660(t5)
core   0: 3 0x80009d70 (0x283f2a23) mem 0x80010000 0x00000001
core   0: 0x80009d74 (0xff9ff06f) j       pc - 0x8
core   0: 3 0x80009d74 (0xff9ff06f)
core   0: 0x80009d6c (0x00006f17) auipc   t5, 0x6
core   0: 3 0x80009d6c (0x00006f17) x30 0x8000fd6c
core   0: 0x80009d70 (0x283f2a23) sw      gp, 660(t5)
core   0: 3 0x80009d70 (0x283f2a23) mem 0x80010000 0x00000001
core   0: 0x80009d74 (0xff9ff06f) j       pc - 0x8
core   0: 3 0x80009d74 (0xff9ff06f)
core   0: 0x80009d6c (0x00006f17) auipc   t5, 0x6
core   0: 3 0x80009d6c (0x00006f17) x30 0x8000fd6c
core   0: 0x80009d70 (0x283f2a23) sw      gp, 660(t5)
core   0: 3 0x80009d70 (0x283f2a23) mem 0x80010000 0x00000001
core   0: 0x80009d74 (0xff9ff06f) j       pc - 0x8
core   0: 3 0x80009d74 (0xff9ff06f)
core   0: 0x80009d6c (0x00006f17) auipc   t5, 0x6
core   0: 3 0x80009d6c (0x00006f17) x30 0x8000fd6c
core   0: 0x80009d70 (0x283f2a23) sw      gp, 660(t5)
core   0: 3 0x80009d70 (0x283f2a23) mem 0x80010000 0x00000001
core   0: 0x80009d74 (0xff9ff06f) j       pc - 0x8
core   0: 3 0x80009d74 (0xff9ff06f)
core   0: 0x80009d6c (0x00006f17) auipc   t5, 0x6
core   0: 3 0x80009d6c (0x00006f17) x30 0x8000fd6c
core   0: 0x80009d70 (0x283f2a23) sw      gp, 660(t5)
core   0: 3 0x80009d70 (0x283f2a23) mem 0x80010000 0x00000001
core   0: 0x80009d74 (0xff9ff06f) j       pc - 0x8
core   0: 3 0x80009d74 (0xff9ff06f)
core   0: 0x80009d6c (0x00006f17) auipc   t5, 0x6
core   0: 3 0x80009d6c (0x00006f17) x30 0x8000fd6c
core   0: 0x80009d70 (0x283f2a23) sw      gp, 660(t5)
core   0: 3 0x80009d70 (0x283f2a23) mem 0x80010000 0x00000001
core   0: 0x80009d74 (0xff9ff06f) j       pc - 0x8
core   0: 3 0x80009d74 (0xff9ff06f)
core   0: 0x80009d6c (0x00006f17) auipc   t5, 0x6
core   0: 3 0x80009d6c (0x00006f17) x30 0x8000fd6c
core   0: 0x80009d70 (0x283f2a23) sw      gp, 660(t5)
core   0: 3 0x80009d70 (0x283f2a23) mem 0x80010000 0x00000001
core   0: 0x80009d74 (0xff9ff06f) j       pc - 0x8
core   0: 3 0x80009d74 (0xff9ff06f)
core   0: 0x80009d6c (0x00006f17) auipc   t5, 0x6
core   0: 3 0x80009d6c (0x00006f17) x30 0x8000fd6c
core   0: 0x80009d70 (0x283f2a23) sw      gp, 660(t5)
core   0: 3 0x80009d70 (0x283f2a23) mem 0x80010000 0x00000001
core   0: 0x80009d74 (0xff9ff06f) j       pc - 0x8
core   0: 3 0x80009d74 (0xff9ff06f)
core   0: 0x80009d6c (0x00006f17) auipc   t5, 0x6
core   0: 3 0x80009d6c (0x00006f17) x30 0x8000fd6c
core   0: 0x80009d70 (0x283f2a23) sw      gp, 660(t5)
core   0: 3 0x80009d70 (0x283f2a23) mem 0x80010000 0x00000001
core   0: 0x80009d74 (0xff9ff06f) j       pc - 0x8
core   0: 3 0x80009d74 (0xff9ff06f)
core   0: 0x80009d6c (0x00006f17) auipc   t5, 0x6
core   0: 3 0x80009d6c (0x00006f17) x30 0x8000fd6c
core   0: 0x80009d70 (0x283f2a23) sw      gp, 660(t5)
core   0: 3 0x80009d70 (0x283f2a23) mem 0x80010000 0x00000001
core   0: 0x80009d74 (0xff9ff06f) j       pc - 0x8
core   0: 3 0x80009d74 (0xff9ff06f)
core   0: 0x80009d6c (0x00006f17) auipc   t5, 0x6
core   0: 3 0x80009d6c (0x00006f17) x30 0x8000fd6c
core   0: 0x80009d70 (0x283f2a23) sw      gp, 660(t5)
core   0: 3 0x80009d70 (0x283f2a23) mem 0x80010000 0x00000001
core   0: 0x80009d74 (0xff9ff06f) j       pc - 0x8
core   0: 3 0x80009d74 (0xff9ff06f)
core   0: 0x80009d6c (0x00006f17) auipc   t5, 0x6
core   0: 3 0x80009d6c (0x00006f17) x30 0x8000fd6c
core   0: 0x80009d70 (0x283f2a23) sw      gp, 660(t5)
core   0: 3 0x80009d70 (0x283f2a23) mem 0x80010000 0x00000001
core   0: 0x80009d74 (0xff9ff06f) j       pc - 0x8
core   0: 3 0x80009d74 (0xff9ff06f)
core   0: 0x80009d6c (0x00006f17) auipc   t5, 0x6
core   0: 3 0x80009d6c (0x00006f17) x30 0x8000fd6c
core   0: 0x80009d70 (0x283f2a23) sw      gp, 660(t5)
core   0: 3 0x80009d70 (0x283f2a23) mem 0x80010000 0x00000001
core   0: 0x80009d74 (0xff9ff06f) j       pc - 0x8
core   0: 3 0x80009d74 (0xff9ff06f)
core   0: 0x80009d6c (0x00006f17) auipc   t5, 0x6
core   0: 3 0x80009d6c (0x00006f17) x30 0x8000fd6c
core   0: 0x80009d70 (0x283f2a23) sw      gp, 660(t5)
core   0: 3 0x80009d70 (0x283f2a23) mem 0x80010000 0x00000001
core   0: 0x80009d74 (0xff9ff06f) j       pc - 0x8
core   0: 3 0x80009d74 (0xff9ff06f)
core   0: 0x80009d6c (0x00006f17) auipc   t5, 0x6
core   0: 3 0x80009d6c (0x00006f17) x30 0x8000fd6c
core   0: 0x80009d70 (0x283f2a23) sw      gp, 660(t5)
core   0: 3 0x80009d70 (0x283f2a23) mem 0x80010000 0x00000001
core   0: 0x80009d74 (0xff9ff06f) j       pc - 0x8
core   0: 3 0x80009d74 (0xff9ff06f)
core   0: 0x80009d6c (0x00006f17) auipc   t5, 0x6
core   0: 3 0x80009d6c (0x00006f17) x30 0x8000fd6c
core   0: 0x80009d70 (0x283f2a23) sw      gp, 660(t5)
core   0: 3 0x80009d70 (0x283f2a23) mem 0x80010000 0x00000001
core   0: 0x80009d74 (0xff9ff06f) j       pc - 0x8
core   0: 3 0x80009d74 (0xff9ff06f)
core   0: 0x80009d6c (0x00006f17) auipc   t5, 0x6
core   0: 3 0x80009d6c (0x00006f17) x30 0x8000fd6c
core   0: 0x80009d70 (0x283f2a23) sw      gp, 660(t5)
core   0: 3 0x80009d70 (0x283f2a23) mem 0x80010000 0x00000001
core   0: 0x80009d74 (0xff9ff06f) j       pc - 0x8
core   0: 3 0x80009d74 (0xff9ff06f)
core   0: 0x80009d6c (0x00006f17) auipc   t5, 0x6
core   0: 3 0x80009d6c (0x00006f17) x30 0x8000fd6c
core   0: 0x80009d70 (0x283f2a23) sw      gp, 660(t5)
core   0: 3 0x80009d70 (0x283f2a23) mem 0x80010000 0x00000001
core   0: 0x80009d74 (0xff9ff06f) j       pc - 0x8
core   0: 3 0x80009d74 (0xff9ff06f)
core   0: 0x80009d6c (0x00006f17) auipc   t5, 0x6
core   0: 3 0x80009d6c (0x00006f17) x30 0x8000fd6c
core   0: 0x80009d70 (0x283f2a23) sw      gp, 660(t5)
core   0: 3 0x80009d70 (0x283f2a23) mem 0x80010000 0x00000001
core   0: 0x80009d74 (0xff9ff06f) j       pc - 0x8
core   0: 3 0x80009d74 (0xff9ff06f)
core   0: 0x80009d6c (0x00006f17) auipc   t5, 0x6
core   0: 3 0x80009d6c (0x00006f17) x30 0x8000fd6c
core   0: 0x80009d70 (0x283f2a23) sw      gp, 660(t5)
core   0: 3 0x80009d70 (0x283f2a23) mem 0x80010000 0x00000001
core   0: 0x80009d74 (0xff9ff06f) j       pc - 0x8
core   0: 3 0x80009d74 (0xff9ff06f)
core   0: 0x80009d6c (0x00006f17) auipc   t5, 0x6
core   0: 3 0x80009d6c (0x00006f17) x30 0x8000fd6c
core   0: 0x80009d70 (0x283f2a23) sw      gp, 660(t5)
core   0: 3 0x80009d70 (0x283f2a23) mem 0x80010000 0x00000001
core   0: 0x80009d74 (0xff9ff06f) j       pc - 0x8
core   0: 3 0x80009d74 (0xff9ff06f)
core   0: 0x80009d6c (0x00006f17) auipc   t5, 0x6
core   0: 3 0x80009d6c (0x00006f17) x30 0x8000fd6c
core   0: 0x80009d70 (0x283f2a23) sw      gp, 660(t5)
core   0: 3 0x80009d70 (0x283f2a23) mem 0x80010000 0x00000001
core   0: 0x80009d74 (0xff9ff06f) j       pc - 0x8
core   0: 3 0x80009d74 (0xff9ff06f)
core   0: 0x80009d6c (0x00006f17) auipc   t5, 0x6
core   0: 3 0x80009d6c (0x00006f17) x30 0x8000fd6c
core   0: 0x80009d70 (0x283f2a23) sw      gp, 660(t5)
core   0: 3 0x80009d70 (0x283f2a23) mem 0x80010000 0x00000001
core   0: 0x80009d74 (0xff9ff06f) j       pc - 0x8
core   0: 3 0x80009d74 (0xff9ff06f)
core   0: 0x80009d6c (0x00006f17) auipc   t5, 0x6
core   0: 3 0x80009d6c (0x00006f17) x30 0x8000fd6c
core   0: 0x80009d70 (0x283f2a23) sw      gp, 660(t5)
core   0: 3 0x80009d70 (0x283f2a23) mem 0x80010000 0x00000001
core   0: 0x80009d74 (0xff9ff06f) j       pc - 0x8
core   0: 3 0x80009d74 (0xff9ff06f)
core   0: 0x80009d6c (0x00006f17) auipc   t5, 0x6
core   0: 3 0x80009d6c (0x00006f17) x30 0x8000fd6c
core   0: 0x80009d70 (0x283f2a23) sw      gp, 660(t5)
core   0: 3 0x80009d70 (0x283f2a23) mem 0x80010000 0x00000001
core   0: 0x80009d74 (0xff9ff06f) j       pc - 0x8
core   0: 3 0x80009d74 (0xff9ff06f)
core   0: 0x80009d6c (0x00006f17) auipc   t5, 0x6
core   0: 3 0x80009d6c (0x00006f17) x30 0x8000fd6c
core   0: 0x80009d70 (0x283f2a23) sw      gp, 660(t5)
core   0: 3 0x80009d70 (0x283f2a23) mem 0x80010000 0x00000001
core   0: 0x80009d74 (0xff9ff06f) j       pc - 0x8
core   0: 3 0x80009d74 (0xff9ff06f)
core   0: 0x80009d6c (0x00006f17) auipc   t5, 0x6
core   0: 3 0x80009d6c (0x00006f17) x30 0x8000fd6c
core   0: 0x80009d70 (0x283f2a23) sw      gp, 660(t5)
core   0: 3 0x80009d70 (0x283f2a23) mem 0x80010000 0x00000001
core   0: 0x80009d74 (0xff9ff06f) j       pc - 0x8
core   0: 3 0x80009d74 (0xff9ff06f)
core   0: 0x80009d6c (0x00006f17) auipc   t5, 0x6
core   0: 3 0x80009d6c (0x00006f17) x30 0x8000fd6c
core   0: 0x80009d70 (0x283f2a23) sw      gp, 660(t5)
core   0: 3 0x80009d70 (0x283f2a23) mem 0x80010000 0x00000001
core   0: 0x80009d74 (0xff9ff06f) j       pc - 0x8
core   0: 3 0x80009d74 (0xff9ff06f)
core   0: 0x80009d6c (0x00006f17) auipc   t5, 0x6
core   0: 3 0x80009d6c (0x00006f17) x30 0x8000fd6c
core   0: 0x80009d70 (0x283f2a23) sw      gp, 660(t5)
core   0: 3 0x80009d70 (0x283f2a23) mem 0x80010000 0x00000001
core   0: 0x80009d74 (0xff9ff06f) j       pc - 0x8
core   0: 3 0x80009d74 (0xff9ff06f)
core   0: 0x80009d6c (0x00006f17) auipc   t5, 0x6
core   0: 3 0x80009d6c (0x00006f17) x30 0x8000fd6c
core   0: 0x80009d70 (0x283f2a23) sw      gp, 660(t5)
core   0: 3 0x80009d70 (0x283f2a23) mem 0x80010000 0x00000001
core   0: 0x80009d74 (0xff9ff06f) j       pc - 0x8
core   0: 3 0x80009d74 (0xff9ff06f)
core   0: 0x80009d6c (0x00006f17) auipc   t5, 0x6
core   0: 3 0x80009d6c (0x00006f17) x30 0x8000fd6c
core   0: 0x80009d70 (0x283f2a23) sw      gp, 660(t5)
core   0: 3 0x80009d70 (0x283f2a23) mem 0x80010000 0x00000001
core   0: 0x80009d74 (0xff9ff06f) j       pc - 0x8
core   0: 3 0x80009d74 (0xff9ff06f)
core   0: 0x80009d6c (0x00006f17) auipc   t5, 0x6
core   0: 3 0x80009d6c (0x00006f17) x30 0x8000fd6c
core   0: 0x80009d70 (0x283f2a23) sw      gp, 660(t5)
core   0: 3 0x80009d70 (0x283f2a23) mem 0x80010000 0x00000001
core   0: 0x80009d74 (0xff9ff06f) j       pc - 0x8
core   0: 3 0x80009d74 (0xff9ff06f)
core   0: 0x80009d6c (0x00006f17) auipc   t5, 0x6
core   0: 3 0x80009d6c (0x00006f17) x30 0x8000fd6c
core   0: 0x80009d70 (0x283f2a23) sw      gp, 660(t5)
core   0: 3 0x80009d70 (0x283f2a23) mem 0x80010000 0x00000001
core   0: 0x80009d74 (0xff9ff06f) j       pc - 0x8
core   0: 3 0x80009d74 (0xff9ff06f)
core   0: 0x80009d6c (0x00006f17) auipc   t5, 0x6
core   0: 3 0x80009d6c (0x00006f17) x30 0x8000fd6c
core   0: 0x80009d70 (0x283f2a23) sw      gp, 660(t5)
core   0: 3 0x80009d70 (0x283f2a23) mem 0x80010000 0x00000001
core   0: 0x80009d74 (0xff9ff06f) j       pc - 0x8
core   0: 3 0x80009d74 (0xff9ff06f)
core   0: 0x80009d6c (0x00006f17) auipc   t5, 0x6
core   0: 3 0x80009d6c (0x00006f17) x30 0x8000fd6c
core   0: 0x80009d70 (0x283f2a23) sw      gp, 660(t5)
core   0: 3 0x80009d70 (0x283f2a23) mem 0x80010000 0x00000001
core   0: 0x80009d74 (0xff9ff06f) j       pc - 0x8
core   0: 3 0x80009d74 (0xff9ff06f)
core   0: 0x80009d6c (0x00006f17) auipc   t5, 0x6
core   0: 3 0x80009d6c (0x00006f17) x30 0x8000fd6c
core   0: 0x80009d70 (0x283f2a23) sw      gp, 660(t5)
core   0: 3 0x80009d70 (0x283f2a23) mem 0x80010000 0x00000001
core   0: 0x80009d74 (0xff9ff06f) j       pc - 0x8
core   0: 3 0x80009d74 (0xff9ff06f)
core   0: 0x80009d6c (0x00006f17) auipc   t5, 0x6
core   0: 3 0x80009d6c (0x00006f17) x30 0x8000fd6c
core   0: 0x80009d70 (0x283f2a23) sw      gp, 660(t5)
core   0: 3 0x80009d70 (0x283f2a23) mem 0x80010000 0x00000001
core   0: 0x80009d74 (0xff9ff06f) j       pc - 0x8
core   0: 3 0x80009d74 (0xff9ff06f)
core   0: 0x80009d6c (0x00006f17) auipc   t5, 0x6
core   0: 3 0x80009d6c (0x00006f17) x30 0x8000fd6c
core   0: 0x80009d70 (0x283f2a23) sw      gp, 660(t5)
core   0: 3 0x80009d70 (0x283f2a23) mem 0x80010000 0x00000001
core   0: 0x80009d74 (0xff9ff06f) j       pc - 0x8
core   0: 3 0x80009d74 (0xff9ff06f)
core   0: 0x80009d6c (0x00006f17) auipc   t5, 0x6
core   0: 3 0x80009d6c (0x00006f17) x30 0x8000fd6c
core   0: 0x80009d70 (0x283f2a23) sw      gp, 660(t5)
core   0: 3 0x80009d70 (0x283f2a23) mem 0x80010000 0x00000001
core   0: 0x80009d74 (0xff9ff06f) j       pc - 0x8
core   0: 3 0x80009d74 (0xff9ff06f)
core   0: 0x80009d6c (0x00006f17) auipc   t5, 0x6
core   0: 3 0x80009d6c (0x00006f17) x30 0x8000fd6c
core   0: 0x80009d70 (0x283f2a23) sw      gp, 660(t5)
core   0: 3 0x80009d70 (0x283f2a23) mem 0x80010000 0x00000001
core   0: 0x80009d74 (0xff9ff06f) j       pc - 0x8
core   0: 3 0x80009d74 (0xff9ff06f)
core   0: 0x80009d6c (0x00006f17) auipc   t5, 0x6
core   0: 3 0x80009d6c (0x00006f17) x30 0x8000fd6c
core   0: 0x80009d70 (0x283f2a23) sw      gp, 660(t5)
core   0: 3 0x80009d70 (0x283f2a23) mem 0x80010000 0x00000001
core   0: 0x80009d74 (0xff9ff06f) j       pc - 0x8
core   0: 3 0x80009d74 (0xff9ff06f)
core   0: 0x80009d6c (0x00006f17) auipc   t5, 0x6
core   0: 3 0x80009d6c (0x00006f17) x30 0x8000fd6c
core   0: 0x80009d70 (0x283f2a23) sw      gp, 660(t5)
core   0: 3 0x80009d70 (0x283f2a23) mem 0x80010000 0x00000001
core   0: 0x80009d74 (0xff9ff06f) j       pc - 0x8
core   0: 3 0x80009d74 (0xff9ff06f)
core   0: 0x80009d6c (0x00006f17) auipc   t5, 0x6
core   0: 3 0x80009d6c (0x00006f17) x30 0x8000fd6c
core   0: 0x80009d70 (0x283f2a23) sw      gp, 660(t5)
core   0: 3 0x80009d70 (0x283f2a23) mem 0x80010000 0x00000001
core   0: 0x80009d74 (0xff9ff06f) j       pc - 0x8
core   0: 3 0x80009d74 (0xff9ff06f)
core   0: 0x80009d6c (0x00006f17) auipc   t5, 0x6
core   0: 3 0x80009d6c (0x00006f17) x30 0x8000fd6c
core   0: 0x80009d70 (0x283f2a23) sw      gp, 660(t5)
core   0: 3 0x80009d70 (0x283f2a23) mem 0x80010000 0x00000001
core   0: 0x80009d74 (0xff9ff06f) j       pc - 0x8
core   0: 3 0x80009d74 (0xff9ff06f)
core   0: 0x80009d6c (0x00006f17) auipc   t5, 0x6
core   0: 3 0x80009d6c (0x00006f17) x30 0x8000fd6c
core   0: 0x80009d70 (0x283f2a23) sw      gp, 660(t5)
core   0: 3 0x80009d70 (0x283f2a23) mem 0x80010000 0x00000001
core   0: 0x80009d74 (0xff9ff06f) j       pc - 0x8
core   0: 3 0x80009d74 (0xff9ff06f)
core   0: 0x80009d6c (0x00006f17) auipc   t5, 0x6
core   0: 3 0x80009d6c (0x00006f17) x30 0x8000fd6c
core   0: 0x80009d70 (0x283f2a23) sw      gp, 660(t5)
core   0: 3 0x80009d70 (0x283f2a23) mem 0x80010000 0x00000001
core   0: 0x80009d74 (0xff9ff06f) j       pc - 0x8
core   0: 3 0x80009d74 (0xff9ff06f)
core   0: 0x80009d6c (0x00006f17) auipc   t5, 0x6
core   0: 3 0x80009d6c (0x00006f17) x30 0x8000fd6c
core   0: 0x80009d70 (0x283f2a23) sw      gp, 660(t5)
core   0: 3 0x80009d70 (0x283f2a23) mem 0x80010000 0x00000001
core   0: 0x80009d74 (0xff9ff06f) j       pc - 0x8
core   0: 3 0x80009d74 (0xff9ff06f)
core   0: 0x80009d6c (0x00006f17) auipc   t5, 0x6
core   0: 3 0x80009d6c (0x00006f17) x30 0x8000fd6c
core   0: 0x80009d70 (0x283f2a23) sw      gp, 660(t5)
core   0: 3 0x80009d70 (0x283f2a23) mem 0x80010000 0x00000001
core   0: 0x80009d74 (0xff9ff06f) j       pc - 0x8
core   0: 3 0x80009d74 (0xff9ff06f)
core   0: 0x80009d6c (0x00006f17) auipc   t5, 0x6
core   0: 3 0x80009d6c (0x00006f17) x30 0x8000fd6c
core   0: 0x80009d70 (0x283f2a23) sw      gp, 660(t5)
core   0: 3 0x80009d70 (0x283f2a23) mem 0x80010000 0x00000001
core   0: 0x80009d74 (0xff9ff06f) j       pc - 0x8
core   0: 3 0x80009d74 (0xff9ff06f)
core   0: 0x80009d6c (0x00006f17) auipc   t5, 0x6
core   0: 3 0x80009d6c (0x00006f17) x30 0x8000fd6c
core   0: 0x80009d70 (0x283f2a23) sw      gp, 660(t5)
core   0: 3 0x80009d70 (0x283f2a23) mem 0x80010000 0x00000001
core   0: 0x80009d74 (0xff9ff06f) j       pc - 0x8
core   0: 3 0x80009d74 (0xff9ff06f)
core   0: 0x80009d6c (0x00006f17) auipc   t5, 0x6
core   0: 3 0x80009d6c (0x00006f17) x30 0x8000fd6c
core   0: 0x80009d70 (0x283f2a23) sw      gp, 660(t5)
core   0: 3 0x80009d70 (0x283f2a23) mem 0x80010000 0x00000001
core   0: 0x80009d74 (0xff9ff06f) j       pc - 0x8
core   0: 3 0x80009d74 (0xff9ff06f)
core   0: 0x80009d6c (0x00006f17) auipc   t5, 0x6
core   0: 3 0x80009d6c (0x00006f17) x30 0x8000fd6c
core   0: 0x80009d70 (0x283f2a23) sw      gp, 660(t5)
core   0: 3 0x80009d70 (0x283f2a23) mem 0x80010000 0x00000001
core   0: 0x80009d74 (0xff9ff06f) j       pc - 0x8
core   0: 3 0x80009d74 (0xff9ff06f)
core   0: 0x80009d6c (0x00006f17) auipc   t5, 0x6
core   0: 3 0x80009d6c (0x00006f17) x30 0x8000fd6c
core   0: 0x80009d70 (0x283f2a23) sw      gp, 660(t5)
core   0: 3 0x80009d70 (0x283f2a23) mem 0x80010000 0x00000001
core   0: 0x80009d74 (0xff9ff06f) j       pc - 0x8
core   0: 3 0x80009d74 (0xff9ff06f)
core   0: 0x80009d6c (0x00006f17) auipc   t5, 0x6
core   0: 3 0x80009d6c (0x00006f17) x30 0x8000fd6c
core   0: 0x80009d70 (0x283f2a23) sw      gp, 660(t5)
core   0: 3 0x80009d70 (0x283f2a23) mem 0x80010000 0x00000001
core   0: 0x80009d74 (0xff9ff06f) j       pc - 0x8
core   0: 3 0x80009d74 (0xff9ff06f)
core   0: 0x80009d6c (0x00006f17) auipc   t5, 0x6
core   0: 3 0x80009d6c (0x00006f17) x30 0x8000fd6c
core   0: 0x80009d70 (0x283f2a23) sw      gp, 660(t5)
core   0: 3 0x80009d70 (0x283f2a23) mem 0x80010000 0x00000001
core   0: 0x80009d74 (0xff9ff06f) j       pc - 0x8
core   0: 3 0x80009d74 (0xff9ff06f)
core   0: 0x80009d6c (0x00006f17) auipc   t5, 0x6
core   0: 3 0x80009d6c (0x00006f17) x30 0x8000fd6c
core   0: 0x80009d70 (0x283f2a23) sw      gp, 660(t5)
core   0: 3 0x80009d70 (0x283f2a23) mem 0x80010000 0x00000001
core   0: 0x80009d74 (0xff9ff06f) j       pc - 0x8
core   0: 3 0x80009d74 (0xff9ff06f)
core   0: 0x80009d6c (0x00006f17) auipc   t5, 0x6
core   0: 3 0x80009d6c (0x00006f17) x30 0x8000fd6c
core   0: 0x80009d70 (0x283f2a23) sw      gp, 660(t5)
core   0: 3 0x80009d70 (0x283f2a23) mem 0x80010000 0x00000001
core   0: 0x80009d74 (0xff9ff06f) j       pc - 0x8
core   0: 3 0x80009d74 (0xff9ff06f)
core   0: 0x80009d6c (0x00006f17) auipc   t5, 0x6
core   0: 3 0x80009d6c (0x00006f17) x30 0x8000fd6c
core   0: 0x80009d70 (0x283f2a23) sw      gp, 660(t5)
core   0: 3 0x80009d70 (0x283f2a23) mem 0x80010000 0x00000001
core   0: 0x80009d74 (0xff9ff06f) j       pc - 0x8
core   0: 3 0x80009d74 (0xff9ff06f)
core   0: 0x80009d6c (0x00006f17) auipc   t5, 0x6
core   0: 3 0x80009d6c (0x00006f17) x30 0x8000fd6c
core   0: 0x80009d70 (0x283f2a23) sw      gp, 660(t5)
core   0: 3 0x80009d70 (0x283f2a23) mem 0x80010000 0x00000001
core   0: 0x80009d74 (0xff9ff06f) j       pc - 0x8
core   0: 3 0x80009d74 (0xff9ff06f)
core   0: 0x80009d6c (0x00006f17) auipc   t5, 0x6
core   0: 3 0x80009d6c (0x00006f17) x30 0x8000fd6c
core   0: 0x80009d70 (0x283f2a23) sw      gp, 660(t5)
core   0: 3 0x80009d70 (0x283f2a23) mem 0x80010000 0x00000001
core   0: 0x80009d74 (0xff9ff06f) j       pc - 0x8
core   0: 3 0x80009d74 (0xff9ff06f)
core   0: 0x80009d6c (0x00006f17) auipc   t5, 0x6
core   0: 3 0x80009d6c (0x00006f17) x30 0x8000fd6c
core   0: 0x80009d70 (0x283f2a23) sw      gp, 660(t5)
core   0: 3 0x80009d70 (0x283f2a23) mem 0x80010000 0x00000001
core   0: 0x80009d74 (0xff9ff06f) j       pc - 0x8
core   0: 3 0x80009d74 (0xff9ff06f)
core   0: 0x80009d6c (0x00006f17) auipc   t5, 0x6
core   0: 3 0x80009d6c (0x00006f17) x30 0x8000fd6c
core   0: 0x80009d70 (0x283f2a23) sw      gp, 660(t5)
core   0: 3 0x80009d70 (0x283f2a23) mem 0x80010000 0x00000001
core   0: 0x80009d74 (0xff9ff06f) j       pc - 0x8
core   0: 3 0x80009d74 (0xff9ff06f)
core   0: 0x80009d6c (0x00006f17) auipc   t5, 0x6
core   0: 3 0x80009d6c (0x00006f17) x30 0x8000fd6c
core   0: 0x80009d70 (0x283f2a23) sw      gp, 660(t5)
core   0: 3 0x80009d70 (0x283f2a23) mem 0x80010000 0x00000001
core   0: 0x80009d74 (0xff9ff06f) j       pc - 0x8
core   0: 3 0x80009d74 (0xff9ff06f)
core   0: 0x80009d6c (0x00006f17) auipc   t5, 0x6
core   0: 3 0x80009d6c (0x00006f17) x30 0x8000fd6c
core   0: 0x80009d70 (0x283f2a23) sw      gp, 660(t5)
core   0: 3 0x80009d70 (0x283f2a23) mem 0x80010000 0x00000001
core   0: 0x80009d74 (0xff9ff06f) j       pc - 0x8
core   0: 3 0x80009d74 (0xff9ff06f)
core   0: 0x80009d6c (0x00006f17) auipc   t5, 0x6
core   0: 3 0x80009d6c (0x00006f17) x30 0x8000fd6c
core   0: 0x80009d70 (0x283f2a23) sw      gp, 660(t5)
core   0: 3 0x80009d70 (0x283f2a23) mem 0x80010000 0x00000001
core   0: 0x80009d74 (0xff9ff06f) j       pc - 0x8
core   0: 3 0x80009d74 (0xff9ff06f)
core   0: 0x80009d6c (0x00006f17) auipc   t5, 0x6
core   0: 3 0x80009d6c (0x00006f17) x30 0x8000fd6c
core   0: 0x80009d70 (0x283f2a23) sw      gp, 660(t5)
core   0: 3 0x80009d70 (0x283f2a23) mem 0x80010000 0x00000001
core   0: 0x80009d74 (0xff9ff06f) j       pc - 0x8
core   0: 3 0x80009d74 (0xff9ff06f)
core   0: 0x80009d6c (0x00006f17) auipc   t5, 0x6
core   0: 3 0x80009d6c (0x00006f17) x30 0x8000fd6c
core   0: 0x80009d70 (0x283f2a23) sw      gp, 660(t5)
core   0: 3 0x80009d70 (0x283f2a23) mem 0x80010000 0x00000001
core   0: 0x80009d74 (0xff9ff06f) j       pc - 0x8
core   0: 3 0x80009d74 (0xff9ff06f)
core   0: 0x80009d6c (0x00006f17) auipc   t5, 0x6
core   0: 3 0x80009d6c (0x00006f17) x30 0x8000fd6c
core   0: 0x80009d70 (0x283f2a23) sw      gp, 660(t5)
core   0: 3 0x80009d70 (0x283f2a23) mem 0x80010000 0x00000001
core   0: 0x80009d74 (0xff9ff06f) j       pc - 0x8
core   0: 3 0x80009d74 (0xff9ff06f)
core   0: 0x80009d6c (0x00006f17) auipc   t5, 0x6
core   0: 3 0x80009d6c (0x00006f17) x30 0x8000fd6c
core   0: 0x80009d70 (0x283f2a23) sw      gp, 660(t5)
core   0: 3 0x80009d70 (0x283f2a23) mem 0x80010000 0x00000001
core   0: 0x80009d74 (0xff9ff06f) j       pc - 0x8
core   0: 3 0x80009d74 (0xff9ff06f)
core   0: 0x80009d6c (0x00006f17) auipc   t5, 0x6
core   0: 3 0x80009d6c (0x00006f17) x30 0x8000fd6c
core   0: 0x80009d70 (0x283f2a23) sw      gp, 660(t5)
core   0: 3 0x80009d70 (0x283f2a23) mem 0x80010000 0x00000001
core   0: 0x80009d74 (0xff9ff06f) j       pc - 0x8
core   0: 3 0x80009d74 (0xff9ff06f)
core   0: 0x80009d6c (0x00006f17) auipc   t5, 0x6
core   0: 3 0x80009d6c (0x00006f17) x30 0x8000fd6c
core   0: 0x80009d70 (0x283f2a23) sw      gp, 660(t5)
core   0: 3 0x80009d70 (0x283f2a23) mem 0x80010000 0x00000001
core   0: 0x80009d74 (0xff9ff06f) j       pc - 0x8
core   0: 3 0x80009d74 (0xff9ff06f)
core   0: 0x80009d6c (0x00006f17) auipc   t5, 0x6
core   0: 3 0x80009d6c (0x00006f17) x30 0x8000fd6c
core   0: 0x80009d70 (0x283f2a23) sw      gp, 660(t5)
core   0: 3 0x80009d70 (0x283f2a23) mem 0x80010000 0x00000001
core   0: 0x80009d74 (0xff9ff06f) j       pc - 0x8
core   0: 3 0x80009d74 (0xff9ff06f)
core   0: 0x80009d6c (0x00006f17) auipc   t5, 0x6
core   0: 3 0x80009d6c (0x00006f17) x30 0x8000fd6c
core   0: 0x80009d70 (0x283f2a23) sw      gp, 660(t5)
core   0: 3 0x80009d70 (0x283f2a23) mem 0x80010000 0x00000001
core   0: 0x80009d74 (0xff9ff06f) j       pc - 0x8
core   0: 3 0x80009d74 (0xff9ff06f)
core   0: 0x80009d6c (0x00006f17) auipc   t5, 0x6
core   0: 3 0x80009d6c (0x00006f17) x30 0x8000fd6c
core   0: 0x80009d70 (0x283f2a23) sw      gp, 660(t5)
core   0: 3 0x80009d70 (0x283f2a23) mem 0x80010000 0x00000001
core   0: 0x80009d74 (0xff9ff06f) j       pc - 0x8
core   0: 3 0x80009d74 (0xff9ff06f)
core   0: 0x80009d6c (0x00006f17) auipc   t5, 0x6
core   0: 3 0x80009d6c (0x00006f17) x30 0x8000fd6c
core   0: 0x80009d70 (0x283f2a23) sw      gp, 660(t5)
core   0: 3 0x80009d70 (0x283f2a23) mem 0x80010000 0x00000001
core   0: 0x80009d74 (0xff9ff06f) j       pc - 0x8
core   0: 3 0x80009d74 (0xff9ff06f)
core   0: 0x80009d6c (0x00006f17) auipc   t5, 0x6
core   0: 3 0x80009d6c (0x00006f17) x30 0x8000fd6c
core   0: 0x80009d70 (0x283f2a23) sw      gp, 660(t5)
core   0: 3 0x80009d70 (0x283f2a23) mem 0x80010000 0x00000001
core   0: 0x80009d74 (0xff9ff06f) j       pc - 0x8
core   0: 3 0x80009d74 (0xff9ff06f)
core   0: 0x80009d6c (0x00006f17) auipc   t5, 0x6
core   0: 3 0x80009d6c (0x00006f17) x30 0x8000fd6c
core   0: 0x80009d70 (0x283f2a23) sw      gp, 660(t5)
core   0: 3 0x80009d70 (0x283f2a23) mem 0x80010000 0x00000001
core   0: 0x80009d74 (0xff9ff06f) j       pc - 0x8
core   0: 3 0x80009d74 (0xff9ff06f)
core   0: 0x80009d6c (0x00006f17) auipc   t5, 0x6
core   0: 3 0x80009d6c (0x00006f17) x30 0x8000fd6c
core   0: 0x80009d70 (0x283f2a23) sw      gp, 660(t5)
core   0: 3 0x80009d70 (0x283f2a23) mem 0x80010000 0x00000001
core   0: 0x80009d74 (0xff9ff06f) j       pc - 0x8
core   0: 3 0x80009d74 (0xff9ff06f)
core   0: 0x80009d6c (0x00006f17) auipc   t5, 0x6
core   0: 3 0x80009d6c (0x00006f17) x30 0x8000fd6c
core   0: 0x80009d70 (0x283f2a23) sw      gp, 660(t5)
core   0: 3 0x80009d70 (0x283f2a23) mem 0x80010000 0x00000001
core   0: 0x80009d74 (0xff9ff06f) j       pc - 0x8
core   0: 3 0x80009d74 (0xff9ff06f)
core   0: 0x80009d6c (0x00006f17) auipc   t5, 0x6
core   0: 3 0x80009d6c (0x00006f17) x30 0x8000fd6c
core   0: 0x80009d70 (0x283f2a23) sw      gp, 660(t5)
core   0: 3 0x80009d70 (0x283f2a23) mem 0x80010000 0x00000001
core   0: 0x80009d74 (0xff9ff06f) j       pc - 0x8
core   0: 3 0x80009d74 (0xff9ff06f)
core   0: 0x80009d6c (0x00006f17) auipc   t5, 0x6
core   0: 3 0x80009d6c (0x00006f17) x30 0x8000fd6c
core   0: 0x80009d70 (0x283f2a23) sw      gp, 660(t5)
core   0: 3 0x80009d70 (0x283f2a23) mem 0x80010000 0x00000001
core   0: 0x80009d74 (0xff9ff06f) j       pc - 0x8
core   0: 3 0x80009d74 (0xff9ff06f)
core   0: 0x80009d6c (0x00006f17) auipc   t5, 0x6
core   0: 3 0x80009d6c (0x00006f17) x30 0x8000fd6c
core   0: 0x80009d70 (0x283f2a23) sw      gp, 660(t5)
core   0: 3 0x80009d70 (0x283f2a23) mem 0x80010000 0x00000001
core   0: 0x80009d74 (0xff9ff06f) j       pc - 0x8
core   0: 3 0x80009d74 (0xff9ff06f)
core   0: 0x80009d6c (0x00006f17) auipc   t5, 0x6
core   0: 3 0x80009d6c (0x00006f17) x30 0x8000fd6c
core   0: 0x80009d70 (0x283f2a23) sw      gp, 660(t5)
core   0: 3 0x80009d70 (0x283f2a23) mem 0x80010000 0x00000001
core   0: 0x80009d74 (0xff9ff06f) j       pc - 0x8
core   0: 3 0x80009d74 (0xff9ff06f)
core   0: 0x80009d6c (0x00006f17) auipc   t5, 0x6
core   0: 3 0x80009d6c (0x00006f17) x30 0x8000fd6c
core   0: 0x80009d70 (0x283f2a23) sw      gp, 660(t5)
core   0: 3 0x80009d70 (0x283f2a23) mem 0x80010000 0x00000001
core   0: 0x80009d74 (0xff9ff06f) j       pc - 0x8
core   0: 3 0x80009d74 (0xff9ff06f)
core   0: 0x80009d6c (0x00006f17) auipc   t5, 0x6
core   0: 3 0x80009d6c (0x00006f17) x30 0x8000fd6c
core   0: 0x80009d70 (0x283f2a23) sw      gp, 660(t5)
core   0: 3 0x80009d70 (0x283f2a23) mem 0x80010000 0x00000001
core   0: 0x80009d74 (0xff9ff06f) j       pc - 0x8
core   0: 3 0x80009d74 (0xff9ff06f)
core   0: 0x80009d6c (0x00006f17) auipc   t5, 0x6
core   0: 3 0x80009d6c (0x00006f17) x30 0x8000fd6c
core   0: 0x80009d70 (0x283f2a23) sw      gp, 660(t5)
core   0: 3 0x80009d70 (0x283f2a23) mem 0x80010000 0x00000001
core   0: 0x80009d74 (0xff9ff06f) j       pc - 0x8
core   0: 3 0x80009d74 (0xff9ff06f)
core   0: 0x80009d6c (0x00006f17) auipc   t5, 0x6
core   0: 3 0x80009d6c (0x00006f17) x30 0x8000fd6c
core   0: 0x80009d70 (0x283f2a23) sw      gp, 660(t5)
core   0: 3 0x80009d70 (0x283f2a23) mem 0x80010000 0x00000001
core   0: 0x80009d74 (0xff9ff06f) j       pc - 0x8
core   0: 3 0x80009d74 (0xff9ff06f)
core   0: 0x80009d6c (0x00006f17) auipc   t5, 0x6
core   0: 3 0x80009d6c (0x00006f17) x30 0x8000fd6c
core   0: 0x80009d70 (0x283f2a23) sw      gp, 660(t5)
core   0: 3 0x80009d70 (0x283f2a23) mem 0x80010000 0x00000001
core   0: 0x80009d74 (0xff9ff06f) j       pc - 0x8
core   0: 3 0x80009d74 (0xff9ff06f)
core   0: 0x80009d6c (0x00006f17) auipc   t5, 0x6
core   0: 3 0x80009d6c (0x00006f17) x30 0x8000fd6c
core   0: 0x80009d70 (0x283f2a23) sw      gp, 660(t5)
core   0: 3 0x80009d70 (0x283f2a23) mem 0x80010000 0x00000001
core   0: 0x80009d74 (0xff9ff06f) j       pc - 0x8
core   0: 3 0x80009d74 (0xff9ff06f)
core   0: 0x80009d6c (0x00006f17) auipc   t5, 0x6
core   0: 3 0x80009d6c (0x00006f17) x30 0x8000fd6c
core   0: 0x80009d70 (0x283f2a23) sw      gp, 660(t5)
core   0: 3 0x80009d70 (0x283f2a23) mem 0x80010000 0x00000001
core   0: 0x80009d74 (0xff9ff06f) j       pc - 0x8
core   0: 3 0x80009d74 (0xff9ff06f)
core   0: 0x80009d6c (0x00006f17) auipc   t5, 0x6
core   0: 3 0x80009d6c (0x00006f17) x30 0x8000fd6c
core   0: 0x80009d70 (0x283f2a23) sw      gp, 660(t5)
core   0: 3 0x80009d70 (0x283f2a23) mem 0x80010000 0x00000001
core   0: 0x80009d74 (0xff9ff06f) j       pc - 0x8
core   0: 3 0x80009d74 (0xff9ff06f)
core   0: 0x80009d6c (0x00006f17) auipc   t5, 0x6
core   0: 3 0x80009d6c (0x00006f17) x30 0x8000fd6c
core   0: 0x80009d70 (0x283f2a23) sw      gp, 660(t5)
core   0: 3 0x80009d70 (0x283f2a23) mem 0x80010000 0x00000001
core   0: 0x80009d74 (0xff9ff06f) j       pc - 0x8
core   0: 3 0x80009d74 (0xff9ff06f)
core   0: 0x80009d6c (0x00006f17) auipc   t5, 0x6
core   0: 3 0x80009d6c (0x00006f17) x30 0x8000fd6c
core   0: 0x80009d70 (0x283f2a23) sw      gp, 660(t5)
core   0: 3 0x80009d70 (0x283f2a23) mem 0x80010000 0x00000001
core   0: 0x80009d74 (0xff9ff06f) j       pc - 0x8
core   0: 3 0x80009d74 (0xff9ff06f)
core   0: 0x80009d6c (0x00006f17) auipc   t5, 0x6
core   0: 3 0x80009d6c (0x00006f17) x30 0x8000fd6c
core   0: 0x80009d70 (0x283f2a23) sw      gp, 660(t5)
core   0: 3 0x80009d70 (0x283f2a23) mem 0x80010000 0x00000001
core   0: 0x80009d74 (0xff9ff06f) j       pc - 0x8
core   0: 3 0x80009d74 (0xff9ff06f)
core   0: 0x80009d6c (0x00006f17) auipc   t5, 0x6
core   0: 3 0x80009d6c (0x00006f17) x30 0x8000fd6c
core   0: 0x80009d70 (0x283f2a23) sw      gp, 660(t5)
core   0: 3 0x80009d70 (0x283f2a23) mem 0x80010000 0x00000001
core   0: 0x80009d74 (0xff9ff06f) j       pc - 0x8
core   0: 3 0x80009d74 (0xff9ff06f)
core   0: 0x80009d6c (0x00006f17) auipc   t5, 0x6
core   0: 3 0x80009d6c (0x00006f17) x30 0x8000fd6c
core   0: 0x80009d70 (0x283f2a23) sw      gp, 660(t5)
core   0: 3 0x80009d70 (0x283f2a23) mem 0x80010000 0x00000001
core   0: 0x80009d74 (0xff9ff06f) j       pc - 0x8
core   0: 3 0x80009d74 (0xff9ff06f)
core   0: 0x80009d6c (0x00006f17) auipc   t5, 0x6
core   0: 3 0x80009d6c (0x00006f17) x30 0x8000fd6c
core   0: 0x80009d70 (0x283f2a23) sw      gp, 660(t5)
core   0: 3 0x80009d70 (0x283f2a23) mem 0x80010000 0x00000001
core   0: 0x80009d74 (0xff9ff06f) j       pc - 0x8
core   0: 3 0x80009d74 (0xff9ff06f)
core   0: 0x80009d6c (0x00006f17) auipc   t5, 0x6
core   0: 3 0x80009d6c (0x00006f17) x30 0x8000fd6c
core   0: 0x80009d70 (0x283f2a23) sw      gp, 660(t5)
core   0: 3 0x80009d70 (0x283f2a23) mem 0x80010000 0x00000001
core   0: 0x80009d74 (0xff9ff06f) j       pc - 0x8
core   0: 3 0x80009d74 (0xff9ff06f)
core   0: 0x80009d6c (0x00006f17) auipc   t5, 0x6
core   0: 3 0x80009d6c (0x00006f17) x30 0x8000fd6c
core   0: 0x80009d70 (0x283f2a23) sw      gp, 660(t5)
core   0: 3 0x80009d70 (0x283f2a23) mem 0x80010000 0x00000001
core   0: 0x80009d74 (0xff9ff06f) j       pc - 0x8
core   0: 3 0x80009d74 (0xff9ff06f)
core   0: 0x80009d6c (0x00006f17) auipc   t5, 0x6
core   0: 3 0x80009d6c (0x00006f17) x30 0x8000fd6c
core   0: 0x80009d70 (0x283f2a23) sw      gp, 660(t5)
core   0: 3 0x80009d70 (0x283f2a23) mem 0x80010000 0x00000001
core   0: 0x80009d74 (0xff9ff06f) j       pc - 0x8
core   0: 3 0x80009d74 (0xff9ff06f)
core   0: 0x80009d6c (0x00006f17) auipc   t5, 0x6
core   0: 3 0x80009d6c (0x00006f17) x30 0x8000fd6c
core   0: 0x80009d70 (0x283f2a23) sw      gp, 660(t5)
core   0: 3 0x80009d70 (0x283f2a23) mem 0x80010000 0x00000001
core   0: 0x80009d74 (0xff9ff06f) j       pc - 0x8
core   0: 3 0x80009d74 (0xff9ff06f)
core   0: 0x80009d6c (0x00006f17) auipc   t5, 0x6
core   0: 3 0x80009d6c (0x00006f17) x30 0x8000fd6c
core   0: 0x80009d70 (0x283f2a23) sw      gp, 660(t5)
core   0: 3 0x80009d70 (0x283f2a23) mem 0x80010000 0x00000001
core   0: 0x80009d74 (0xff9ff06f) j       pc - 0x8
core   0: 3 0x80009d74 (0xff9ff06f)
core   0: 0x80009d6c (0x00006f17) auipc   t5, 0x6
core   0: 3 0x80009d6c (0x00006f17) x30 0x8000fd6c
core   0: 0x80009d70 (0x283f2a23) sw      gp, 660(t5)
core   0: 3 0x80009d70 (0x283f2a23) mem 0x80010000 0x00000001
core   0: 0x80009d74 (0xff9ff06f) j       pc - 0x8
core   0: 3 0x80009d74 (0xff9ff06f)
core   0: 0x80009d6c (0x00006f17) auipc   t5, 0x6
core   0: 3 0x80009d6c (0x00006f17) x30 0x8000fd6c
core   0: 0x80009d70 (0x283f2a23) sw      gp, 660(t5)
core   0: 3 0x80009d70 (0x283f2a23) mem 0x80010000 0x00000001
core   0: 0x80009d74 (0xff9ff06f) j       pc - 0x8
core   0: 3 0x80009d74 (0xff9ff06f)
core   0: 0x80009d6c (0x00006f17) auipc   t5, 0x6
core   0: 3 0x80009d6c (0x00006f17) x30 0x8000fd6c
core   0: 0x80009d70 (0x283f2a23) sw      gp, 660(t5)
core   0: 3 0x80009d70 (0x283f2a23) mem 0x80010000 0x00000001
core   0: 0x80009d74 (0xff9ff06f) j       pc - 0x8
core   0: 3 0x80009d74 (0xff9ff06f)
core   0: 0x80009d6c (0x00006f17) auipc   t5, 0x6
core   0: 3 0x80009d6c (0x00006f17) x30 0x8000fd6c
core   0: 0x80009d70 (0x283f2a23) sw      gp, 660(t5)
core   0: 3 0x80009d70 (0x283f2a23) mem 0x80010000 0x00000001
core   0: 0x80009d74 (0xff9ff06f) j       pc - 0x8
core   0: 3 0x80009d74 (0xff9ff06f)
core   0: 0x80009d6c (0x00006f17) auipc   t5, 0x6
core   0: 3 0x80009d6c (0x00006f17) x30 0x8000fd6c
core   0: 0x80009d70 (0x283f2a23) sw      gp, 660(t5)
core   0: 3 0x80009d70 (0x283f2a23) mem 0x80010000 0x00000001
core   0: 0x80009d74 (0xff9ff06f) j       pc - 0x8
core   0: 3 0x80009d74 (0xff9ff06f)
core   0: 0x80009d6c (0x00006f17) auipc   t5, 0x6
core   0: 3 0x80009d6c (0x00006f17) x30 0x8000fd6c
core   0: 0x80009d70 (0x283f2a23) sw      gp, 660(t5)
core   0: 3 0x80009d70 (0x283f2a23) mem 0x80010000 0x00000001
core   0: 0x80009d74 (0xff9ff06f) j       pc - 0x8
core   0: 3 0x80009d74 (0xff9ff06f)
core   0: 0x80009d6c (0x00006f17) auipc   t5, 0x6
core   0: 3 0x80009d6c (0x00006f17) x30 0x8000fd6c
core   0: 0x80009d70 (0x283f2a23) sw      gp, 660(t5)
core   0: 3 0x80009d70 (0x283f2a23) mem 0x80010000 0x00000001
core   0: 0x80009d74 (0xff9ff06f) j       pc - 0x8
core   0: 3 0x80009d74 (0xff9ff06f)
core   0: 0x80009d6c (0x00006f17) auipc   t5, 0x6
core   0: 3 0x80009d6c (0x00006f17) x30 0x8000fd6c
core   0: 0x80009d70 (0x283f2a23) sw      gp, 660(t5)
core   0: 3 0x80009d70 (0x283f2a23) mem 0x80010000 0x00000001
core   0: 0x80009d74 (0xff9ff06f) j       pc - 0x8
core   0: 3 0x80009d74 (0xff9ff06f)
core   0: 0x80009d6c (0x00006f17) auipc   t5, 0x6
core   0: 3 0x80009d6c (0x00006f17) x30 0x8000fd6c
core   0: 0x80009d70 (0x283f2a23) sw      gp, 660(t5)
core   0: 3 0x80009d70 (0x283f2a23) mem 0x80010000 0x00000001
core   0: 0x80009d74 (0xff9ff06f) j       pc - 0x8
core   0: 3 0x80009d74 (0xff9ff06f)
core   0: 0x80009d6c (0x00006f17) auipc   t5, 0x6
core   0: 3 0x80009d6c (0x00006f17) x30 0x8000fd6c
core   0: 0x80009d70 (0x283f2a23) sw      gp, 660(t5)
core   0: 3 0x80009d70 (0x283f2a23) mem 0x80010000 0x00000001
core   0: 0x80009d74 (0xff9ff06f) j       pc - 0x8
core   0: 3 0x80009d74 (0xff9ff06f)
core   0: 0x80009d6c (0x00006f17) auipc   t5, 0x6
core   0: 3 0x80009d6c (0x00006f17) x30 0x8000fd6c
core   0: 0x80009d70 (0x283f2a23) sw      gp, 660(t5)
core   0: 3 0x80009d70 (0x283f2a23) mem 0x80010000 0x00000001
core   0: 0x80009d74 (0xff9ff06f) j       pc - 0x8
core   0: 3 0x80009d74 (0xff9ff06f)
core   0: 0x80009d6c (0x00006f17) auipc   t5, 0x6
core   0: 3 0x80009d6c (0x00006f17) x30 0x8000fd6c
core   0: 0x80009d70 (0x283f2a23) sw      gp, 660(t5)
core   0: 3 0x80009d70 (0x283f2a23) mem 0x80010000 0x00000001
core   0: 0x80009d74 (0xff9ff06f) j       pc - 0x8
core   0: 3 0x80009d74 (0xff9ff06f)
core   0: 0x80009d6c (0x00006f17) auipc   t5, 0x6
core   0: 3 0x80009d6c (0x00006f17) x30 0x8000fd6c
core   0: 0x80009d70 (0x283f2a23) sw      gp, 660(t5)
core   0: 3 0x80009d70 (0x283f2a23) mem 0x80010000 0x00000001
core   0: 0x80009d74 (0xff9ff06f) j       pc - 0x8
core   0: 3 0x80009d74 (0xff9ff06f)
core   0: 0x80009d6c (0x00006f17) auipc   t5, 0x6
core   0: 3 0x80009d6c (0x00006f17) x30 0x8000fd6c
core   0: 0x80009d70 (0x283f2a23) sw      gp, 660(t5)
core   0: 3 0x80009d70 (0x283f2a23) mem 0x80010000 0x00000001
core   0: 0x80009d74 (0xff9ff06f) j       pc - 0x8
core   0: 3 0x80009d74 (0xff9ff06f)
core   0: 0x80009d6c (0x00006f17) auipc   t5, 0x6
core   0: 3 0x80009d6c (0x00006f17) x30 0x8000fd6c
core   0: 0x80009d70 (0x283f2a23) sw      gp, 660(t5)
core   0: 3 0x80009d70 (0x283f2a23) mem 0x80010000 0x00000001
core   0: 0x80009d74 (0xff9ff06f) j       pc - 0x8
core   0: 3 0x80009d74 (0xff9ff06f)
core   0: 0x80009d6c (0x00006f17) auipc   t5, 0x6
core   0: 3 0x80009d6c (0x00006f17) x30 0x8000fd6c
core   0: 0x80009d70 (0x283f2a23) sw      gp, 660(t5)
core   0: 3 0x80009d70 (0x283f2a23) mem 0x80010000 0x00000001
core   0: 0x80009d74 (0xff9ff06f) j       pc - 0x8
core   0: 3 0x80009d74 (0xff9ff06f)
core   0: 0x80009d6c (0x00006f17) auipc   t5, 0x6
core   0: 3 0x80009d6c (0x00006f17) x30 0x8000fd6c
core   0: 0x80009d70 (0x283f2a23) sw      gp, 660(t5)
core   0: 3 0x80009d70 (0x283f2a23) mem 0x80010000 0x00000001
core   0: 0x80009d74 (0xff9ff06f) j       pc - 0x8
core   0: 3 0x80009d74 (0xff9ff06f)
core   0: 0x80009d6c (0x00006f17) auipc   t5, 0x6
core   0: 3 0x80009d6c (0x00006f17) x30 0x8000fd6c
core   0: 0x80009d70 (0x283f2a23) sw      gp, 660(t5)
core   0: 3 0x80009d70 (0x283f2a23) mem 0x80010000 0x00000001
core   0: 0x80009d74 (0xff9ff06f) j       pc - 0x8
core   0: 3 0x80009d74 (0xff9ff06f)
core   0: 0x80009d6c (0x00006f17) auipc   t5, 0x6
core   0: 3 0x80009d6c (0x00006f17) x30 0x8000fd6c
core   0: 0x80009d70 (0x283f2a23) sw      gp, 660(t5)
core   0: 3 0x80009d70 (0x283f2a23) mem 0x80010000 0x00000001
core   0: 0x80009d74 (0xff9ff06f) j       pc - 0x8
core   0: 3 0x80009d74 (0xff9ff06f)
core   0: 0x80009d6c (0x00006f17) auipc   t5, 0x6
core   0: 3 0x80009d6c (0x00006f17) x30 0x8000fd6c
core   0: 0x80009d70 (0x283f2a23) sw      gp, 660(t5)
core   0: 3 0x80009d70 (0x283f2a23) mem 0x80010000 0x00000001
core   0: 0x80009d74 (0xff9ff06f) j       pc - 0x8
core   0: 3 0x80009d74 (0xff9ff06f)
core   0: 0x80009d6c (0x00006f17) auipc   t5, 0x6
core   0: 3 0x80009d6c (0x00006f17) x30 0x8000fd6c
core   0: 0x80009d70 (0x283f2a23) sw      gp, 660(t5)
core   0: 3 0x80009d70 (0x283f2a23) mem 0x80010000 0x00000001
core   0: 0x80009d74 (0xff9ff06f) j       pc - 0x8
core   0: 3 0x80009d74 (0xff9ff06f)
core   0: 0x80009d6c (0x00006f17) auipc   t5, 0x6
core   0: 3 0x80009d6c (0x00006f17) x30 0x8000fd6c
core   0: 0x80009d70 (0x283f2a23) sw      gp, 660(t5)
core   0: 3 0x80009d70 (0x283f2a23) mem 0x80010000 0x00000001
core   0: 0x80009d74 (0xff9ff06f) j       pc - 0x8
core   0: 3 0x80009d74 (0xff9ff06f)
core   0: 0x80009d6c (0x00006f17) auipc   t5, 0x6
core   0: 3 0x80009d6c (0x00006f17) x30 0x8000fd6c
core   0: 0x80009d70 (0x283f2a23) sw      gp, 660(t5)
core   0: 3 0x80009d70 (0x283f2a23) mem 0x80010000 0x00000001
core   0: 0x80009d74 (0xff9ff06f) j       pc - 0x8
core   0: 3 0x80009d74 (0xff9ff06f)
core   0: 0x80009d6c (0x00006f17) auipc   t5, 0x6
core   0: 3 0x80009d6c (0x00006f17) x30 0x8000fd6c
core   0: 0x80009d70 (0x283f2a23) sw      gp, 660(t5)
core   0: 3 0x80009d70 (0x283f2a23) mem 0x80010000 0x00000001
core   0: 0x80009d74 (0xff9ff06f) j       pc - 0x8
core   0: 3 0x80009d74 (0xff9ff06f)
core   0: 0x80009d6c (0x00006f17) auipc   t5, 0x6
core   0: 3 0x80009d6c (0x00006f17) x30 0x8000fd6c
core   0: 0x80009d70 (0x283f2a23) sw      gp, 660(t5)
core   0: 3 0x80009d70 (0x283f2a23) mem 0x80010000 0x00000001
core   0: 0x80009d74 (0xff9ff06f) j       pc - 0x8
core   0: 3 0x80009d74 (0xff9ff06f)
core   0: 0x80009d6c (0x00006f17) auipc   t5, 0x6
core   0: 3 0x80009d6c (0x00006f17) x30 0x8000fd6c
core   0: 0x80009d70 (0x283f2a23) sw      gp, 660(t5)
core   0: 3 0x80009d70 (0x283f2a23) mem 0x80010000 0x00000001
core   0: 0x80009d74 (0xff9ff06f) j       pc - 0x8
core   0: 3 0x80009d74 (0xff9ff06f)
core   0: 0x80009d6c (0x00006f17) auipc   t5, 0x6
core   0: 3 0x80009d6c (0x00006f17) x30 0x8000fd6c
core   0: 0x80009d70 (0x283f2a23) sw      gp, 660(t5)
core   0: 3 0x80009d70 (0x283f2a23) mem 0x80010000 0x00000001
core   0: 0x80009d74 (0xff9ff06f) j       pc - 0x8
core   0: 3 0x80009d74 (0xff9ff06f)
core   0: 0x80009d6c (0x00006f17) auipc   t5, 0x6
core   0: 3 0x80009d6c (0x00006f17) x30 0x8000fd6c
core   0: 0x80009d70 (0x283f2a23) sw      gp, 660(t5)
core   0: 3 0x80009d70 (0x283f2a23) mem 0x80010000 0x00000001
core   0: 0x80009d74 (0xff9ff06f) j       pc - 0x8
core   0: 3 0x80009d74 (0xff9ff06f)
core   0: 0x80009d6c (0x00006f17) auipc   t5, 0x6
core   0: 3 0x80009d6c (0x00006f17) x30 0x8000fd6c
core   0: 0x80009d70 (0x283f2a23) sw      gp, 660(t5)
core   0: 3 0x80009d70 (0x283f2a23) mem 0x80010000 0x00000001
core   0: 0x80009d74 (0xff9ff06f) j       pc - 0x8
core   0: 3 0x80009d74 (0xff9ff06f)
core   0: 0x80009d6c (0x00006f17) auipc   t5, 0x6
core   0: 3 0x80009d6c (0x00006f17) x30 0x8000fd6c
core   0: 0x80009d70 (0x283f2a23) sw      gp, 660(t5)
core   0: 3 0x80009d70 (0x283f2a23) mem 0x80010000 0x00000001
core   0: 0x80009d74 (0xff9ff06f) j       pc - 0x8
core   0: 3 0x80009d74 (0xff9ff06f)
core   0: 0x80009d6c (0x00006f17) auipc   t5, 0x6
core   0: 3 0x80009d6c (0x00006f17) x30 0x8000fd6c
core   0: 0x80009d70 (0x283f2a23) sw      gp, 660(t5)
core   0: 3 0x80009d70 (0x283f2a23) mem 0x80010000 0x00000001
core   0: 0x80009d74 (0xff9ff06f) j       pc - 0x8
core   0: 3 0x80009d74 (0xff9ff06f)
core   0: 0x80009d6c (0x00006f17) auipc   t5, 0x6
core   0: 3 0x80009d6c (0x00006f17) x30 0x8000fd6c
core   0: 0x80009d70 (0x283f2a23) sw      gp, 660(t5)
core   0: 3 0x80009d70 (0x283f2a23) mem 0x80010000 0x00000001
core   0: 0x80009d74 (0xff9ff06f) j       pc - 0x8
core   0: 3 0x80009d74 (0xff9ff06f)
core   0: 0x80009d6c (0x00006f17) auipc   t5, 0x6
core   0: 3 0x80009d6c (0x00006f17) x30 0x8000fd6c
core   0: 0x80009d70 (0x283f2a23) sw      gp, 660(t5)
core   0: 3 0x80009d70 (0x283f2a23) mem 0x80010000 0x00000001
core   0: 0x80009d74 (0xff9ff06f) j       pc - 0x8
core   0: 3 0x80009d74 (0xff9ff06f)
core   0: 0x80009d6c (0x00006f17) auipc   t5, 0x6
core   0: 3 0x80009d6c (0x00006f17) x30 0x8000fd6c
core   0: 0x80009d70 (0x283f2a23) sw      gp, 660(t5)
core   0: 3 0x80009d70 (0x283f2a23) mem 0x80010000 0x00000001
core   0: 0x80009d74 (0xff9ff06f) j       pc - 0x8
core   0: 3 0x80009d74 (0xff9ff06f)
core   0: 0x80009d6c (0x00006f17) auipc   t5, 0x6
core   0: 3 0x80009d6c (0x00006f17) x30 0x8000fd6c
core   0: 0x80009d70 (0x283f2a23) sw      gp, 660(t5)
core   0: 3 0x80009d70 (0x283f2a23) mem 0x80010000 0x00000001
core   0: 0x80009d74 (0xff9ff06f) j       pc - 0x8
core   0: 3 0x80009d74 (0xff9ff06f)
core   0: 0x80009d6c (0x00006f17) auipc   t5, 0x6
core   0: 3 0x80009d6c (0x00006f17) x30 0x8000fd6c
core   0: 0x80009d70 (0x283f2a23) sw      gp, 660(t5)
core   0: 3 0x80009d70 (0x283f2a23) mem 0x80010000 0x00000001
core   0: 0x80009d74 (0xff9ff06f) j       pc - 0x8
core   0: 3 0x80009d74 (0xff9ff06f)
core   0: 0x80009d6c (0x00006f17) auipc   t5, 0x6
core   0: 3 0x80009d6c (0x00006f17) x30 0x8000fd6c
core   0: 0x80009d70 (0x283f2a23) sw      gp, 660(t5)
core   0: 3 0x80009d70 (0x283f2a23) mem 0x80010000 0x00000001
core   0: 0x80009d74 (0xff9ff06f) j       pc - 0x8
core   0: 3 0x80009d74 (0xff9ff06f)
core   0: 0x80009d6c (0x00006f17) auipc   t5, 0x6
core   0: 3 0x80009d6c (0x00006f17) x30 0x8000fd6c
core   0: 0x80009d70 (0x283f2a23) sw      gp, 660(t5)
core   0: 3 0x80009d70 (0x283f2a23) mem 0x80010000 0x00000001
core   0: 0x80009d74 (0xff9ff06f) j       pc - 0x8
core   0: 3 0x80009d74 (0xff9ff06f)
core   0: 0x80009d6c (0x00006f17) auipc   t5, 0x6
core   0: 3 0x80009d6c (0x00006f17) x30 0x8000fd6c
core   0: 0x80009d70 (0x283f2a23) sw      gp, 660(t5)
core   0: 3 0x80009d70 (0x283f2a23) mem 0x80010000 0x00000001
core   0: 0x80009d74 (0xff9ff06f) j       pc - 0x8
core   0: 3 0x80009d74 (0xff9ff06f)
core   0: 0x80009d6c (0x00006f17) auipc   t5, 0x6
core   0: 3 0x80009d6c (0x00006f17) x30 0x8000fd6c
core   0: 0x80009d70 (0x283f2a23) sw      gp, 660(t5)
core   0: 3 0x80009d70 (0x283f2a23) mem 0x80010000 0x00000001
core   0: 0x80009d74 (0xff9ff06f) j       pc - 0x8
core   0: 3 0x80009d74 (0xff9ff06f)
core   0: 0x80009d6c (0x00006f17) auipc   t5, 0x6
core   0: 3 0x80009d6c (0x00006f17) x30 0x8000fd6c
core   0: 0x80009d70 (0x283f2a23) sw      gp, 660(t5)
core   0: 3 0x80009d70 (0x283f2a23) mem 0x80010000 0x00000001
core   0: 0x80009d74 (0xff9ff06f) j       pc - 0x8
core   0: 3 0x80009d74 (0xff9ff06f)
core   0: 0x80009d6c (0x00006f17) auipc   t5, 0x6
core   0: 3 0x80009d6c (0x00006f17) x30 0x8000fd6c
core   0: 0x80009d70 (0x283f2a23) sw      gp, 660(t5)
core   0: 3 0x80009d70 (0x283f2a23) mem 0x80010000 0x00000001
core   0: 0x80009d74 (0xff9ff06f) j       pc - 0x8
core   0: 3 0x80009d74 (0xff9ff06f)
core   0: 0x80009d6c (0x00006f17) auipc   t5, 0x6
core   0: 3 0x80009d6c (0x00006f17) x30 0x8000fd6c
core   0: 0x80009d70 (0x283f2a23) sw      gp, 660(t5)
core   0: 3 0x80009d70 (0x283f2a23) mem 0x80010000 0x00000001
core   0: 0x80009d74 (0xff9ff06f) j       pc - 0x8
core   0: 3 0x80009d74 (0xff9ff06f)
core   0: 0x80009d6c (0x00006f17) auipc   t5, 0x6
core   0: 3 0x80009d6c (0x00006f17) x30 0x8000fd6c
core   0: 0x80009d70 (0x283f2a23) sw      gp, 660(t5)
core   0: 3 0x80009d70 (0x283f2a23) mem 0x80010000 0x00000001
core   0: 0x80009d74 (0xff9ff06f) j       pc - 0x8
core   0: 3 0x80009d74 (0xff9ff06f)
core   0: 0x80009d6c (0x00006f17) auipc   t5, 0x6
core   0: 3 0x80009d6c (0x00006f17) x30 0x8000fd6c
core   0: 0x80009d70 (0x283f2a23) sw      gp, 660(t5)
core   0: 3 0x80009d70 (0x283f2a23) mem 0x80010000 0x00000001
core   0: 0x80009d74 (0xff9ff06f) j       pc - 0x8
core   0: 3 0x80009d74 (0xff9ff06f)
core   0: 0x80009d6c (0x00006f17) auipc   t5, 0x6
core   0: 3 0x80009d6c (0x00006f17) x30 0x8000fd6c
core   0: 0x80009d70 (0x283f2a23) sw      gp, 660(t5)
core   0: 3 0x80009d70 (0x283f2a23) mem 0x80010000 0x00000001
core   0: 0x80009d74 (0xff9ff06f) j       pc - 0x8
core   0: 3 0x80009d74 (0xff9ff06f)
core   0: 0x80009d6c (0x00006f17) auipc   t5, 0x6
core   0: 3 0x80009d6c (0x00006f17) x30 0x8000fd6c
core   0: 0x80009d70 (0x283f2a23) sw      gp, 660(t5)
core   0: 3 0x80009d70 (0x283f2a23) mem 0x80010000 0x00000001
core   0: 0x80009d74 (0xff9ff06f) j       pc - 0x8
core   0: 3 0x80009d74 (0xff9ff06f)
core   0: 0x80009d6c (0x00006f17) auipc   t5, 0x6
core   0: 3 0x80009d6c (0x00006f17) x30 0x8000fd6c
core   0: 0x80009d70 (0x283f2a23) sw      gp, 660(t5)
core   0: 3 0x80009d70 (0x283f2a23) mem 0x80010000 0x00000001
core   0: 0x80009d74 (0xff9ff06f) j       pc - 0x8
core   0: 3 0x80009d74 (0xff9ff06f)
core   0: 0x80009d6c (0x00006f17) auipc   t5, 0x6
core   0: 3 0x80009d6c (0x00006f17) x30 0x8000fd6c
core   0: 0x80009d70 (0x283f2a23) sw      gp, 660(t5)
core   0: 3 0x80009d70 (0x283f2a23) mem 0x80010000 0x00000001
core   0: 0x80009d74 (0xff9ff06f) j       pc - 0x8
core   0: 3 0x80009d74 (0xff9ff06f)
core   0: 0x80009d6c (0x00006f17) auipc   t5, 0x6
core   0: 3 0x80009d6c (0x00006f17) x30 0x8000fd6c
core   0: 0x80009d70 (0x283f2a23) sw      gp, 660(t5)
core   0: 3 0x80009d70 (0x283f2a23) mem 0x80010000 0x00000001
core   0: 0x80009d74 (0xff9ff06f) j       pc - 0x8
core   0: 3 0x80009d74 (0xff9ff06f)
core   0: 0x80009d6c (0x00006f17) auipc   t5, 0x6
core   0: 3 0x80009d6c (0x00006f17) x30 0x8000fd6c
core   0: 0x80009d70 (0x283f2a23) sw      gp, 660(t5)
core   0: 3 0x80009d70 (0x283f2a23) mem 0x80010000 0x00000001
core   0: 0x80009d74 (0xff9ff06f) j       pc - 0x8
core   0: 3 0x80009d74 (0xff9ff06f)
core   0: 0x80009d6c (0x00006f17) auipc   t5, 0x6
core   0: 3 0x80009d6c (0x00006f17) x30 0x8000fd6c
core   0: 0x80009d70 (0x283f2a23) sw      gp, 660(t5)
core   0: 3 0x80009d70 (0x283f2a23) mem 0x80010000 0x00000001
core   0: 0x80009d74 (0xff9ff06f) j       pc - 0x8
core   0: 3 0x80009d74 (0xff9ff06f)
core   0: 0x80009d6c (0x00006f17) auipc   t5, 0x6
core   0: 3 0x80009d6c (0x00006f17) x30 0x8000fd6c
core   0: 0x80009d70 (0x283f2a23) sw      gp, 660(t5)
core   0: 3 0x80009d70 (0x283f2a23) mem 0x80010000 0x00000001
core   0: 0x80009d74 (0xff9ff06f) j       pc - 0x8
core   0: 3 0x80009d74 (0xff9ff06f)
core   0: 0x80009d6c (0x00006f17) auipc   t5, 0x6
core   0: 3 0x80009d6c (0x00006f17) x30 0x8000fd6c
core   0: 0x80009d70 (0x283f2a23) sw      gp, 660(t5)
core   0: 3 0x80009d70 (0x283f2a23) mem 0x80010000 0x00000001
core   0: 0x80009d74 (0xff9ff06f) j       pc - 0x8
core   0: 3 0x80009d74 (0xff9ff06f)
core   0: 0x80009d6c (0x00006f17) auipc   t5, 0x6
core   0: 3 0x80009d6c (0x00006f17) x30 0x8000fd6c
core   0: 0x80009d70 (0x283f2a23) sw      gp, 660(t5)
core   0: 3 0x80009d70 (0x283f2a23) mem 0x80010000 0x00000001
core   0: 0x80009d74 (0xff9ff06f) j       pc - 0x8
core   0: 3 0x80009d74 (0xff9ff06f)
core   0: 0x80009d6c (0x00006f17) auipc   t5, 0x6
core   0: 3 0x80009d6c (0x00006f17) x30 0x8000fd6c
core   0: 0x80009d70 (0x283f2a23) sw      gp, 660(t5)
core   0: 3 0x80009d70 (0x283f2a23) mem 0x80010000 0x00000001
core   0: 0x80009d74 (0xff9ff06f) j       pc - 0x8
core   0: 3 0x80009d74 (0xff9ff06f)
core   0: 0x80009d6c (0x00006f17) auipc   t5, 0x6
core   0: 3 0x80009d6c (0x00006f17) x30 0x8000fd6c
core   0: 0x80009d70 (0x283f2a23) sw      gp, 660(t5)
core   0: 3 0x80009d70 (0x283f2a23) mem 0x80010000 0x00000001
core   0: 0x80009d74 (0xff9ff06f) j       pc - 0x8
core   0: 3 0x80009d74 (0xff9ff06f)
core   0: 0x80009d6c (0x00006f17) auipc   t5, 0x6
core   0: 3 0x80009d6c (0x00006f17) x30 0x8000fd6c
core   0: 0x80009d70 (0x283f2a23) sw      gp, 660(t5)
core   0: 3 0x80009d70 (0x283f2a23) mem 0x80010000 0x00000001
core   0: 0x80009d74 (0xff9ff06f) j       pc - 0x8
core   0: 3 0x80009d74 (0xff9ff06f)
core   0: 0x80009d6c (0x00006f17) auipc   t5, 0x6
core   0: 3 0x80009d6c (0x00006f17) x30 0x8000fd6c
core   0: 0x80009d70 (0x283f2a23) sw      gp, 660(t5)
core   0: 3 0x80009d70 (0x283f2a23) mem 0x80010000 0x00000001
core   0: 0x80009d74 (0xff9ff06f) j       pc - 0x8
core   0: 3 0x80009d74 (0xff9ff06f)
core   0: 0x80009d6c (0x00006f17) auipc   t5, 0x6
core   0: 3 0x80009d6c (0x00006f17) x30 0x8000fd6c
core   0: 0x80009d70 (0x283f2a23) sw      gp, 660(t5)
core   0: 3 0x80009d70 (0x283f2a23) mem 0x80010000 0x00000001
core   0: 0x80009d74 (0xff9ff06f) j       pc - 0x8
core   0: 3 0x80009d74 (0xff9ff06f)
core   0: 0x80009d6c (0x00006f17) auipc   t5, 0x6
core   0: 3 0x80009d6c (0x00006f17) x30 0x8000fd6c
core   0: 0x80009d70 (0x283f2a23) sw      gp, 660(t5)
core   0: 3 0x80009d70 (0x283f2a23) mem 0x80010000 0x00000001
core   0: 0x80009d74 (0xff9ff06f) j       pc - 0x8
core   0: 3 0x80009d74 (0xff9ff06f)
core   0: 0x80009d6c (0x00006f17) auipc   t5, 0x6
core   0: 3 0x80009d6c (0x00006f17) x30 0x8000fd6c
core   0: 0x80009d70 (0x283f2a23) sw      gp, 660(t5)
core   0: 3 0x80009d70 (0x283f2a23) mem 0x80010000 0x00000001
core   0: 0x80009d74 (0xff9ff06f) j       pc - 0x8
core   0: 3 0x80009d74 (0xff9ff06f)
core   0: 0x80009d6c (0x00006f17) auipc   t5, 0x6
core   0: 3 0x80009d6c (0x00006f17) x30 0x8000fd6c
core   0: 0x80009d70 (0x283f2a23) sw      gp, 660(t5)
core   0: 3 0x80009d70 (0x283f2a23) mem 0x80010000 0x00000001
core   0: 0x80009d74 (0xff9ff06f) j       pc - 0x8
core   0: 3 0x80009d74 (0xff9ff06f)
core   0: 0x80009d6c (0x00006f17) auipc   t5, 0x6
core   0: 3 0x80009d6c (0x00006f17) x30 0x8000fd6c
core   0: 0x80009d70 (0x283f2a23) sw      gp, 660(t5)
core   0: 3 0x80009d70 (0x283f2a23) mem 0x80010000 0x00000001
core   0: 0x80009d74 (0xff9ff06f) j       pc - 0x8
core   0: 3 0x80009d74 (0xff9ff06f)
core   0: 0x80009d6c (0x00006f17) auipc   t5, 0x6
core   0: 3 0x80009d6c (0x00006f17) x30 0x8000fd6c
core   0: 0x80009d70 (0x283f2a23) sw      gp, 660(t5)
core   0: 3 0x80009d70 (0x283f2a23) mem 0x80010000 0x00000001
core   0: 0x80009d74 (0xff9ff06f) j       pc - 0x8
core   0: 3 0x80009d74 (0xff9ff06f)
core   0: 0x80009d6c (0x00006f17) auipc   t5, 0x6
core   0: 3 0x80009d6c (0x00006f17) x30 0x8000fd6c
core   0: 0x80009d70 (0x283f2a23) sw      gp, 660(t5)
core   0: 3 0x80009d70 (0x283f2a23) mem 0x80010000 0x00000001
core   0: 0x80009d74 (0xff9ff06f) j       pc - 0x8
core   0: 3 0x80009d74 (0xff9ff06f)
core   0: 0x80009d6c (0x00006f17) auipc   t5, 0x6
core   0: 3 0x80009d6c (0x00006f17) x30 0x8000fd6c
core   0: 0x80009d70 (0x283f2a23) sw      gp, 660(t5)
core   0: 3 0x80009d70 (0x283f2a23) mem 0x80010000 0x00000001
core   0: 0x80009d74 (0xff9ff06f) j       pc - 0x8
core   0: 3 0x80009d74 (0xff9ff06f)
core   0: 0x80009d6c (0x00006f17) auipc   t5, 0x6
core   0: 3 0x80009d6c (0x00006f17) x30 0x8000fd6c
core   0: 0x80009d70 (0x283f2a23) sw      gp, 660(t5)
core   0: 3 0x80009d70 (0x283f2a23) mem 0x80010000 0x00000001
core   0: 0x80009d74 (0xff9ff06f) j       pc - 0x8
core   0: 3 0x80009d74 (0xff9ff06f)
core   0: 0x80009d6c (0x00006f17) auipc   t5, 0x6
core   0: 3 0x80009d6c (0x00006f17) x30 0x8000fd6c
core   0: 0x80009d70 (0x283f2a23) sw      gp, 660(t5)
core   0: 3 0x80009d70 (0x283f2a23) mem 0x80010000 0x00000001
core   0: 0x80009d74 (0xff9ff06f) j       pc - 0x8
core   0: 3 0x80009d74 (0xff9ff06f)
core   0: 0x80009d6c (0x00006f17) auipc   t5, 0x6
core   0: 3 0x80009d6c (0x00006f17) x30 0x8000fd6c
core   0: 0x80009d70 (0x283f2a23) sw      gp, 660(t5)
core   0: 3 0x80009d70 (0x283f2a23) mem 0x80010000 0x00000001
core   0: 0x80009d74 (0xff9ff06f) j       pc - 0x8
core   0: 3 0x80009d74 (0xff9ff06f)
core   0: 0x80009d6c (0x00006f17) auipc   t5, 0x6
core   0: 3 0x80009d6c (0x00006f17) x30 0x8000fd6c
core   0: 0x80009d70 (0x283f2a23) sw      gp, 660(t5)
core   0: 3 0x80009d70 (0x283f2a23) mem 0x80010000 0x00000001
core   0: 0x80009d74 (0xff9ff06f) j       pc - 0x8
core   0: 3 0x80009d74 (0xff9ff06f)
core   0: 0x80009d6c (0x00006f17) auipc   t5, 0x6
core   0: 3 0x80009d6c (0x00006f17) x30 0x8000fd6c
core   0: 0x80009d70 (0x283f2a23) sw      gp, 660(t5)
core   0: 3 0x80009d70 (0x283f2a23) mem 0x80010000 0x00000001
core   0: 0x80009d74 (0xff9ff06f) j       pc - 0x8
core   0: 3 0x80009d74 (0xff9ff06f)
core   0: 0x80009d6c (0x00006f17) auipc   t5, 0x6
core   0: 3 0x80009d6c (0x00006f17) x30 0x8000fd6c
core   0: 0x80009d70 (0x283f2a23) sw      gp, 660(t5)
core   0: 3 0x80009d70 (0x283f2a23) mem 0x80010000 0x00000001
core   0: 0x80009d74 (0xff9ff06f) j       pc - 0x8
core   0: 3 0x80009d74 (0xff9ff06f)
core   0: 0x80009d6c (0x00006f17) auipc   t5, 0x6
core   0: 3 0x80009d6c (0x00006f17) x30 0x8000fd6c
core   0: 0x80009d70 (0x283f2a23) sw      gp, 660(t5)
core   0: 3 0x80009d70 (0x283f2a23) mem 0x80010000 0x00000001
core   0: 0x80009d74 (0xff9ff06f) j       pc - 0x8
core   0: 3 0x80009d74 (0xff9ff06f)
core   0: 0x80009d6c (0x00006f17) auipc   t5, 0x6
core   0: 3 0x80009d6c (0x00006f17) x30 0x8000fd6c
core   0: 0x80009d70 (0x283f2a23) sw      gp, 660(t5)
core   0: 3 0x80009d70 (0x283f2a23) mem 0x80010000 0x00000001
core   0: 0x80009d74 (0xff9ff06f) j       pc - 0x8
core   0: 3 0x80009d74 (0xff9ff06f)
core   0: 0x80009d6c (0x00006f17) auipc   t5, 0x6
core   0: 3 0x80009d6c (0x00006f17) x30 0x8000fd6c
core   0: 0x80009d70 (0x283f2a23) sw      gp, 660(t5)
core   0: 3 0x80009d70 (0x283f2a23) mem 0x80010000 0x00000001
core   0: 0x80009d74 (0xff9ff06f) j       pc - 0x8
core   0: 3 0x80009d74 (0xff9ff06f)
core   0: 0x80009d6c (0x00006f17) auipc   t5, 0x6
core   0: 3 0x80009d6c (0x00006f17) x30 0x8000fd6c
core   0: 0x80009d70 (0x283f2a23) sw      gp, 660(t5)
core   0: 3 0x80009d70 (0x283f2a23) mem 0x80010000 0x00000001
core   0: 0x80009d74 (0xff9ff06f) j       pc - 0x8
core   0: 3 0x80009d74 (0xff9ff06f)
core   0: 0x80009d6c (0x00006f17) auipc   t5, 0x6
core   0: 3 0x80009d6c (0x00006f17) x30 0x8000fd6c
core   0: 0x80009d70 (0x283f2a23) sw      gp, 660(t5)
core   0: 3 0x80009d70 (0x283f2a23) mem 0x80010000 0x00000001
core   0: 0x80009d74 (0xff9ff06f) j       pc - 0x8
core   0: 3 0x80009d74 (0xff9ff06f)
core   0: 0x80009d6c (0x00006f17) auipc   t5, 0x6
core   0: 3 0x80009d6c (0x00006f17) x30 0x8000fd6c
core   0: 0x80009d70 (0x283f2a23) sw      gp, 660(t5)
core   0: 3 0x80009d70 (0x283f2a23) mem 0x80010000 0x00000001
core   0: 0x80009d74 (0xff9ff06f) j       pc - 0x8
core   0: 3 0x80009d74 (0xff9ff06f)
core   0: 0x80009d6c (0x00006f17) auipc   t5, 0x6
core   0: 3 0x80009d6c (0x00006f17) x30 0x8000fd6c
core   0: 0x80009d70 (0x283f2a23) sw      gp, 660(t5)
core   0: 3 0x80009d70 (0x283f2a23) mem 0x80010000 0x00000001
core   0: 0x80009d74 (0xff9ff06f) j       pc - 0x8
core   0: 3 0x80009d74 (0xff9ff06f)
core   0: 0x80009d6c (0x00006f17) auipc   t5, 0x6
core   0: 3 0x80009d6c (0x00006f17) x30 0x8000fd6c
core   0: 0x80009d70 (0x283f2a23) sw      gp, 660(t5)
core   0: 3 0x80009d70 (0x283f2a23) mem 0x80010000 0x00000001
core   0: 0x80009d74 (0xff9ff06f) j       pc - 0x8
core   0: 3 0x80009d74 (0xff9ff06f)
core   0: 0x80009d6c (0x00006f17) auipc   t5, 0x6
core   0: 3 0x80009d6c (0x00006f17) x30 0x8000fd6c
core   0: 0x80009d70 (0x283f2a23) sw      gp, 660(t5)
core   0: 3 0x80009d70 (0x283f2a23) mem 0x80010000 0x00000001
core   0: 0x80009d74 (0xff9ff06f) j       pc - 0x8
core   0: 3 0x80009d74 (0xff9ff06f)
core   0: 0x80009d6c (0x00006f17) auipc   t5, 0x6
core   0: 3 0x80009d6c (0x00006f17) x30 0x8000fd6c
core   0: 0x80009d70 (0x283f2a23) sw      gp, 660(t5)
core   0: 3 0x80009d70 (0x283f2a23) mem 0x80010000 0x00000001
core   0: 0x80009d74 (0xff9ff06f) j       pc - 0x8
core   0: 3 0x80009d74 (0xff9ff06f)
core   0: 0x80009d6c (0x00006f17) auipc   t5, 0x6
core   0: 3 0x80009d6c (0x00006f17) x30 0x8000fd6c
core   0: 0x80009d70 (0x283f2a23) sw      gp, 660(t5)
core   0: 3 0x80009d70 (0x283f2a23) mem 0x80010000 0x00000001
core   0: 0x80009d74 (0xff9ff06f) j       pc - 0x8
core   0: 3 0x80009d74 (0xff9ff06f)
core   0: 0x80009d6c (0x00006f17) auipc   t5, 0x6
core   0: 3 0x80009d6c (0x00006f17) x30 0x8000fd6c
core   0: 0x80009d70 (0x283f2a23) sw      gp, 660(t5)
core   0: 3 0x80009d70 (0x283f2a23) mem 0x80010000 0x00000001
core   0: 0x80009d74 (0xff9ff06f) j       pc - 0x8
core   0: 3 0x80009d74 (0xff9ff06f)
core   0: 0x80009d6c (0x00006f17) auipc   t5, 0x6
core   0: 3 0x80009d6c (0x00006f17) x30 0x8000fd6c
core   0: 0x80009d70 (0x283f2a23) sw      gp, 660(t5)
core   0: 3 0x80009d70 (0x283f2a23) mem 0x80010000 0x00000001
core   0: 0x80009d74 (0xff9ff06f) j       pc - 0x8
core   0: 3 0x80009d74 (0xff9ff06f)
core   0: 0x80009d6c (0x00006f17) auipc   t5, 0x6
core   0: 3 0x80009d6c (0x00006f17) x30 0x8000fd6c
core   0: 0x80009d70 (0x283f2a23) sw      gp, 660(t5)
core   0: 3 0x80009d70 (0x283f2a23) mem 0x80010000 0x00000001
core   0: 0x80009d74 (0xff9ff06f) j       pc - 0x8
core   0: 3 0x80009d74 (0xff9ff06f)
core   0: 0x80009d6c (0x00006f17) auipc   t5, 0x6
core   0: 3 0x80009d6c (0x00006f17) x30 0x8000fd6c
core   0: 0x80009d70 (0x283f2a23) sw      gp, 660(t5)
core   0: 3 0x80009d70 (0x283f2a23) mem 0x80010000 0x00000001
core   0: 0x80009d74 (0xff9ff06f) j       pc - 0x8
core   0: 3 0x80009d74 (0xff9ff06f)
core   0: 0x80009d6c (0x00006f17) auipc   t5, 0x6
core   0: 3 0x80009d6c (0x00006f17) x30 0x8000fd6c
core   0: 0x80009d70 (0x283f2a23) sw      gp, 660(t5)
core   0: 3 0x80009d70 (0x283f2a23) mem 0x80010000 0x00000001
core   0: 0x80009d74 (0xff9ff06f) j       pc - 0x8
core   0: 3 0x80009d74 (0xff9ff06f)
core   0: 0x80009d6c (0x00006f17) auipc   t5, 0x6
core   0: 3 0x80009d6c (0x00006f17) x30 0x8000fd6c
core   0: 0x80009d70 (0x283f2a23) sw      gp, 660(t5)
core   0: 3 0x80009d70 (0x283f2a23) mem 0x80010000 0x00000001
core   0: 0x80009d74 (0xff9ff06f) j       pc - 0x8
core   0: 3 0x80009d74 (0xff9ff06f)
core   0: 0x80009d6c (0x00006f17) auipc   t5, 0x6
core   0: 3 0x80009d6c (0x00006f17) x30 0x8000fd6c
core   0: 0x80009d70 (0x283f2a23) sw      gp, 660(t5)
core   0: 3 0x80009d70 (0x283f2a23) mem 0x80010000 0x00000001
core   0: 0x80009d74 (0xff9ff06f) j       pc - 0x8
core   0: 3 0x80009d74 (0xff9ff06f)
core   0: 0x80009d6c (0x00006f17) auipc   t5, 0x6
core   0: 3 0x80009d6c (0x00006f17) x30 0x8000fd6c
core   0: 0x80009d70 (0x283f2a23) sw      gp, 660(t5)
core   0: 3 0x80009d70 (0x283f2a23) mem 0x80010000 0x00000001
core   0: 0x80009d74 (0xff9ff06f) j       pc - 0x8
core   0: 3 0x80009d74 (0xff9ff06f)
core   0: 0x80009d6c (0x00006f17) auipc   t5, 0x6
core   0: 3 0x80009d6c (0x00006f17) x30 0x8000fd6c
core   0: 0x80009d70 (0x283f2a23) sw      gp, 660(t5)
core   0: 3 0x80009d70 (0x283f2a23) mem 0x80010000 0x00000001
core   0: 0x80009d74 (0xff9ff06f) j       pc - 0x8
core   0: 3 0x80009d74 (0xff9ff06f)
core   0: 0x80009d6c (0x00006f17) auipc   t5, 0x6
core   0: 3 0x80009d6c (0x00006f17) x30 0x8000fd6c
core   0: 0x80009d70 (0x283f2a23) sw      gp, 660(t5)
core   0: 3 0x80009d70 (0x283f2a23) mem 0x80010000 0x00000001
core   0: 0x80009d74 (0xff9ff06f) j       pc - 0x8
core   0: 3 0x80009d74 (0xff9ff06f)
core   0: 0x80009d6c (0x00006f17) auipc   t5, 0x6
core   0: 3 0x80009d6c (0x00006f17) x30 0x8000fd6c
core   0: 0x80009d70 (0x283f2a23) sw      gp, 660(t5)
core   0: 3 0x80009d70 (0x283f2a23) mem 0x80010000 0x00000001
core   0: 0x80009d74 (0xff9ff06f) j       pc - 0x8
core   0: 3 0x80009d74 (0xff9ff06f)
core   0: 0x80009d6c (0x00006f17) auipc   t5, 0x6
core   0: 3 0x80009d6c (0x00006f17) x30 0x8000fd6c
core   0: 0x80009d70 (0x283f2a23) sw      gp, 660(t5)
core   0: 3 0x80009d70 (0x283f2a23) mem 0x80010000 0x00000001
core   0: 0x80009d74 (0xff9ff06f) j       pc - 0x8
core   0: 3 0x80009d74 (0xff9ff06f)
core   0: 0x80009d6c (0x00006f17) auipc   t5, 0x6
core   0: 3 0x80009d6c (0x00006f17) x30 0x8000fd6c
core   0: 0x80009d70 (0x283f2a23) sw      gp, 660(t5)
core   0: 3 0x80009d70 (0x283f2a23) mem 0x80010000 0x00000001
core   0: 0x80009d74 (0xff9ff06f) j       pc - 0x8
core   0: 3 0x80009d74 (0xff9ff06f)
core   0: 0x80009d6c (0x00006f17) auipc   t5, 0x6
core   0: 3 0x80009d6c (0x00006f17) x30 0x8000fd6c
core   0: 0x80009d70 (0x283f2a23) sw      gp, 660(t5)
core   0: 3 0x80009d70 (0x283f2a23) mem 0x80010000 0x00000001
core   0: 0x80009d74 (0xff9ff06f) j       pc - 0x8
core   0: 3 0x80009d74 (0xff9ff06f)
core   0: 0x80009d6c (0x00006f17) auipc   t5, 0x6
core   0: 3 0x80009d6c (0x00006f17) x30 0x8000fd6c
core   0: 0x80009d70 (0x283f2a23) sw      gp, 660(t5)
core   0: 3 0x80009d70 (0x283f2a23) mem 0x80010000 0x00000001
core   0: 0x80009d74 (0xff9ff06f) j       pc - 0x8
core   0: 3 0x80009d74 (0xff9ff06f)
core   0: 0x80009d6c (0x00006f17) auipc   t5, 0x6
core   0: 3 0x80009d6c (0x00006f17) x30 0x8000fd6c
core   0: 0x80009d70 (0x283f2a23) sw      gp, 660(t5)
core   0: 3 0x80009d70 (0x283f2a23) mem 0x80010000 0x00000001
core   0: 0x80009d74 (0xff9ff06f) j       pc - 0x8
core   0: 3 0x80009d74 (0xff9ff06f)
core   0: 0x80009d6c (0x00006f17) auipc   t5, 0x6
core   0: 3 0x80009d6c (0x00006f17) x30 0x8000fd6c
core   0: 0x80009d70 (0x283f2a23) sw      gp, 660(t5)
core   0: 3 0x80009d70 (0x283f2a23) mem 0x80010000 0x00000001
core   0: 0x80009d74 (0xff9ff06f) j       pc - 0x8
core   0: 3 0x80009d74 (0xff9ff06f)
core   0: 0x80009d6c (0x00006f17) auipc   t5, 0x6
core   0: 3 0x80009d6c (0x00006f17) x30 0x8000fd6c
core   0: 0x80009d70 (0x283f2a23) sw      gp, 660(t5)
core   0: 3 0x80009d70 (0x283f2a23) mem 0x80010000 0x00000001
core   0: 0x80009d74 (0xff9ff06f) j       pc - 0x8
core   0: 3 0x80009d74 (0xff9ff06f)
core   0: 0x80009d6c (0x00006f17) auipc   t5, 0x6
core   0: 3 0x80009d6c (0x00006f17) x30 0x8000fd6c
core   0: 0x80009d70 (0x283f2a23) sw      gp, 660(t5)
core   0: 3 0x80009d70 (0x283f2a23) mem 0x80010000 0x00000001
core   0: 0x80009d74 (0xff9ff06f) j       pc - 0x8
core   0: 3 0x80009d74 (0xff9ff06f)
core   0: 0x80009d6c (0x00006f17) auipc   t5, 0x6
core   0: 3 0x80009d6c (0x00006f17) x30 0x8000fd6c
core   0: 0x80009d70 (0x283f2a23) sw      gp, 660(t5)
core   0: 3 0x80009d70 (0x283f2a23) mem 0x80010000 0x00000001
core   0: 0x80009d74 (0xff9ff06f) j       pc - 0x8
core   0: 3 0x80009d74 (0xff9ff06f)
core   0: 0x80009d6c (0x00006f17) auipc   t5, 0x6
core   0: 3 0x80009d6c (0x00006f17) x30 0x8000fd6c
core   0: 0x80009d70 (0x283f2a23) sw      gp, 660(t5)
core   0: 3 0x80009d70 (0x283f2a23) mem 0x80010000 0x00000001
core   0: 0x80009d74 (0xff9ff06f) j       pc - 0x8
core   0: 3 0x80009d74 (0xff9ff06f)
core   0: 0x80009d6c (0x00006f17) auipc   t5, 0x6
core   0: 3 0x80009d6c (0x00006f17) x30 0x8000fd6c
core   0: 0x80009d70 (0x283f2a23) sw      gp, 660(t5)
core   0: 3 0x80009d70 (0x283f2a23) mem 0x80010000 0x00000001
core   0: 0x80009d74 (0xff9ff06f) j       pc - 0x8
core   0: 3 0x80009d74 (0xff9ff06f)
core   0: 0x80009d6c (0x00006f17) auipc   t5, 0x6
core   0: 3 0x80009d6c (0x00006f17) x30 0x8000fd6c
core   0: 0x80009d70 (0x283f2a23) sw      gp, 660(t5)
core   0: 3 0x80009d70 (0x283f2a23) mem 0x80010000 0x00000001
core   0: 0x80009d74 (0xff9ff06f) j       pc - 0x8
core   0: 3 0x80009d74 (0xff9ff06f)
core   0: 0x80009d6c (0x00006f17) auipc   t5, 0x6
core   0: 3 0x80009d6c (0x00006f17) x30 0x8000fd6c
core   0: 0x80009d70 (0x283f2a23) sw      gp, 660(t5)
core   0: 3 0x80009d70 (0x283f2a23) mem 0x80010000 0x00000001
core   0: 0x80009d74 (0xff9ff06f) j       pc - 0x8
core   0: 3 0x80009d74 (0xff9ff06f)
core   0: 0x80009d6c (0x00006f17) auipc   t5, 0x6
core   0: 3 0x80009d6c (0x00006f17) x30 0x8000fd6c
core   0: 0x80009d70 (0x283f2a23) sw      gp, 660(t5)
core   0: 3 0x80009d70 (0x283f2a23) mem 0x80010000 0x00000001
core   0: 0x80009d74 (0xff9ff06f) j       pc - 0x8
core   0: 3 0x80009d74 (0xff9ff06f)
core   0: 0x80009d6c (0x00006f17) auipc   t5, 0x6
core   0: 3 0x80009d6c (0x00006f17) x30 0x8000fd6c
core   0: 0x80009d70 (0x283f2a23) sw      gp, 660(t5)
core   0: 3 0x80009d70 (0x283f2a23) mem 0x80010000 0x00000001
core   0: 0x80009d74 (0xff9ff06f) j       pc - 0x8
core   0: 3 0x80009d74 (0xff9ff06f)
core   0: 0x80009d6c (0x00006f17) auipc   t5, 0x6
core   0: 3 0x80009d6c (0x00006f17) x30 0x8000fd6c
core   0: 0x80009d70 (0x283f2a23) sw      gp, 660(t5)
core   0: 3 0x80009d70 (0x283f2a23) mem 0x80010000 0x00000001
core   0: 0x80009d74 (0xff9ff06f) j       pc - 0x8
core   0: 3 0x80009d74 (0xff9ff06f)
core   0: 0x80009d6c (0x00006f17) auipc   t5, 0x6
core   0: 3 0x80009d6c (0x00006f17) x30 0x8000fd6c
core   0: 0x80009d70 (0x283f2a23) sw      gp, 660(t5)
core   0: 3 0x80009d70 (0x283f2a23) mem 0x80010000 0x00000001
core   0: 0x80009d74 (0xff9ff06f) j       pc - 0x8
core   0: 3 0x80009d74 (0xff9ff06f)
core   0: 0x80009d6c (0x00006f17) auipc   t5, 0x6
core   0: 3 0x80009d6c (0x00006f17) x30 0x8000fd6c
core   0: 0x80009d70 (0x283f2a23) sw      gp, 660(t5)
core   0: 3 0x80009d70 (0x283f2a23) mem 0x80010000 0x00000001
core   0: 0x80009d74 (0xff9ff06f) j       pc - 0x8
core   0: 3 0x80009d74 (0xff9ff06f)
core   0: 0x80009d6c (0x00006f17) auipc   t5, 0x6
core   0: 3 0x80009d6c (0x00006f17) x30 0x8000fd6c
core   0: 0x80009d70 (0x283f2a23) sw      gp, 660(t5)
core   0: 3 0x80009d70 (0x283f2a23) mem 0x80010000 0x00000001
core   0: 0x80009d74 (0xff9ff06f) j       pc - 0x8
core   0: 3 0x80009d74 (0xff9ff06f)
core   0: 0x80009d6c (0x00006f17) auipc   t5, 0x6
core   0: 3 0x80009d6c (0x00006f17) x30 0x8000fd6c
core   0: 0x80009d70 (0x283f2a23) sw      gp, 660(t5)
core   0: 3 0x80009d70 (0x283f2a23) mem 0x80010000 0x00000001
core   0: 0x80009d74 (0xff9ff06f) j       pc - 0x8
core   0: 3 0x80009d74 (0xff9ff06f)
core   0: 0x80009d6c (0x00006f17) auipc   t5, 0x6
core   0: 3 0x80009d6c (0x00006f17) x30 0x8000fd6c
core   0: 0x80009d70 (0x283f2a23) sw      gp, 660(t5)
core   0: 3 0x80009d70 (0x283f2a23) mem 0x80010000 0x00000001
core   0: 0x80009d74 (0xff9ff06f) j       pc - 0x8
core   0: 3 0x80009d74 (0xff9ff06f)
core   0: 0x80009d6c (0x00006f17) auipc   t5, 0x6
core   0: 3 0x80009d6c (0x00006f17) x30 0x8000fd6c
core   0: 0x80009d70 (0x283f2a23) sw      gp, 660(t5)
core   0: 3 0x80009d70 (0x283f2a23) mem 0x80010000 0x00000001
core   0: 0x80009d74 (0xff9ff06f) j       pc - 0x8
core   0: 3 0x80009d74 (0xff9ff06f)
core   0: 0x80009d6c (0x00006f17) auipc   t5, 0x6
core   0: 3 0x80009d6c (0x00006f17) x30 0x8000fd6c
core   0: 0x80009d70 (0x283f2a23) sw      gp, 660(t5)
core   0: 3 0x80009d70 (0x283f2a23) mem 0x80010000 0x00000001
core   0: 0x80009d74 (0xff9ff06f) j       pc - 0x8
core   0: 3 0x80009d74 (0xff9ff06f)
core   0: 0x80009d6c (0x00006f17) auipc   t5, 0x6
core   0: 3 0x80009d6c (0x00006f17) x30 0x8000fd6c
core   0: 0x80009d70 (0x283f2a23) sw      gp, 660(t5)
core   0: 3 0x80009d70 (0x283f2a23) mem 0x80010000 0x00000001
core   0: 0x80009d74 (0xff9ff06f) j       pc - 0x8
core   0: 3 0x80009d74 (0xff9ff06f)
core   0: 0x80009d6c (0x00006f17) auipc   t5, 0x6
core   0: 3 0x80009d6c (0x00006f17) x30 0x8000fd6c
core   0: 0x80009d70 (0x283f2a23) sw      gp, 660(t5)
core   0: 3 0x80009d70 (0x283f2a23) mem 0x80010000 0x00000001
core   0: 0x80009d74 (0xff9ff06f) j       pc - 0x8
core   0: 3 0x80009d74 (0xff9ff06f)
core   0: 0x80009d6c (0x00006f17) auipc   t5, 0x6
core   0: 3 0x80009d6c (0x00006f17) x30 0x8000fd6c
core   0: 0x80009d70 (0x283f2a23) sw      gp, 660(t5)
core   0: 3 0x80009d70 (0x283f2a23) mem 0x80010000 0x00000001
core   0: 0x80009d74 (0xff9ff06f) j       pc - 0x8
core   0: 3 0x80009d74 (0xff9ff06f)
core   0: 0x80009d6c (0x00006f17) auipc   t5, 0x6
core   0: 3 0x80009d6c (0x00006f17) x30 0x8000fd6c
core   0: 0x80009d70 (0x283f2a23) sw      gp, 660(t5)
core   0: 3 0x80009d70 (0x283f2a23) mem 0x80010000 0x00000001
core   0: 0x80009d74 (0xff9ff06f) j       pc - 0x8
core   0: 3 0x80009d74 (0xff9ff06f)
core   0: 0x80009d6c (0x00006f17) auipc   t5, 0x6
core   0: 3 0x80009d6c (0x00006f17) x30 0x8000fd6c
core   0: 0x80009d70 (0x283f2a23) sw      gp, 660(t5)
core   0: 3 0x80009d70 (0x283f2a23) mem 0x80010000 0x00000001
core   0: 0x80009d74 (0xff9ff06f) j       pc - 0x8
core   0: 3 0x80009d74 (0xff9ff06f)
core   0: 0x80009d6c (0x00006f17) auipc   t5, 0x6
core   0: 3 0x80009d6c (0x00006f17) x30 0x8000fd6c
core   0: 0x80009d70 (0x283f2a23) sw      gp, 660(t5)
core   0: 3 0x80009d70 (0x283f2a23) mem 0x80010000 0x00000001
core   0: 0x80009d74 (0xff9ff06f) j       pc - 0x8
core   0: 3 0x80009d74 (0xff9ff06f)
core   0: 0x80009d6c (0x00006f17) auipc   t5, 0x6
core   0: 3 0x80009d6c (0x00006f17) x30 0x8000fd6c
core   0: 0x80009d70 (0x283f2a23) sw      gp, 660(t5)
core   0: 3 0x80009d70 (0x283f2a23) mem 0x80010000 0x00000001
core   0: 0x80009d74 (0xff9ff06f) j       pc - 0x8
core   0: 3 0x80009d74 (0xff9ff06f)
core   0: 0x80009d6c (0x00006f17) auipc   t5, 0x6
core   0: 3 0x80009d6c (0x00006f17) x30 0x8000fd6c
core   0: 0x80009d70 (0x283f2a23) sw      gp, 660(t5)
core   0: 3 0x80009d70 (0x283f2a23) mem 0x80010000 0x00000001
core   0: 0x80009d74 (0xff9ff06f) j       pc - 0x8
core   0: 3 0x80009d74 (0xff9ff06f)
core   0: 0x80009d6c (0x00006f17) auipc   t5, 0x6
core   0: 3 0x80009d6c (0x00006f17) x30 0x8000fd6c
core   0: 0x80009d70 (0x283f2a23) sw      gp, 660(t5)
core   0: 3 0x80009d70 (0x283f2a23) mem 0x80010000 0x00000001
core   0: 0x80009d74 (0xff9ff06f) j       pc - 0x8
core   0: 3 0x80009d74 (0xff9ff06f)
core   0: 0x80009d6c (0x00006f17) auipc   t5, 0x6
core   0: 3 0x80009d6c (0x00006f17) x30 0x8000fd6c
core   0: 0x80009d70 (0x283f2a23) sw      gp, 660(t5)
core   0: 3 0x80009d70 (0x283f2a23) mem 0x80010000 0x00000001
core   0: 0x80009d74 (0xff9ff06f) j       pc - 0x8
core   0: 3 0x80009d74 (0xff9ff06f)
core   0: 0x80009d6c (0x00006f17) auipc   t5, 0x6
core   0: 3 0x80009d6c (0x00006f17) x30 0x8000fd6c
core   0: 0x80009d70 (0x283f2a23) sw      gp, 660(t5)
core   0: 3 0x80009d70 (0x283f2a23) mem 0x80010000 0x00000001
core   0: 0x80009d74 (0xff9ff06f) j       pc - 0x8
core   0: 3 0x80009d74 (0xff9ff06f)
core   0: 0x80009d6c (0x00006f17) auipc   t5, 0x6
core   0: 3 0x80009d6c (0x00006f17) x30 0x8000fd6c
core   0: 0x80009d70 (0x283f2a23) sw      gp, 660(t5)
core   0: 3 0x80009d70 (0x283f2a23) mem 0x80010000 0x00000001
core   0: 0x80009d74 (0xff9ff06f) j       pc - 0x8
core   0: 3 0x80009d74 (0xff9ff06f)
core   0: 0x80009d6c (0x00006f17) auipc   t5, 0x6
core   0: 3 0x80009d6c (0x00006f17) x30 0x8000fd6c
core   0: 0x80009d70 (0x283f2a23) sw      gp, 660(t5)
core   0: 3 0x80009d70 (0x283f2a23) mem 0x80010000 0x00000001
core   0: 0x80009d74 (0xff9ff06f) j       pc - 0x8
core   0: 3 0x80009d74 (0xff9ff06f)
core   0: 0x80009d6c (0x00006f17) auipc   t5, 0x6
core   0: 3 0x80009d6c (0x00006f17) x30 0x8000fd6c
core   0: 0x80009d70 (0x283f2a23) sw      gp, 660(t5)
core   0: 3 0x80009d70 (0x283f2a23) mem 0x80010000 0x00000001
core   0: 0x80009d74 (0xff9ff06f) j       pc - 0x8
core   0: 3 0x80009d74 (0xff9ff06f)
core   0: 0x80009d6c (0x00006f17) auipc   t5, 0x6
core   0: 3 0x80009d6c (0x00006f17) x30 0x8000fd6c
core   0: 0x80009d70 (0x283f2a23) sw      gp, 660(t5)
core   0: 3 0x80009d70 (0x283f2a23) mem 0x80010000 0x00000001
core   0: 0x80009d74 (0xff9ff06f) j       pc - 0x8
core   0: 3 0x80009d74 (0xff9ff06f)
core   0: 0x80009d6c (0x00006f17) auipc   t5, 0x6
core   0: 3 0x80009d6c (0x00006f17) x30 0x8000fd6c
core   0: 0x80009d70 (0x283f2a23) sw      gp, 660(t5)
core   0: 3 0x80009d70 (0x283f2a23) mem 0x80010000 0x00000001
core   0: 0x80009d74 (0xff9ff06f) j       pc - 0x8
core   0: 3 0x80009d74 (0xff9ff06f)
core   0: 0x80009d6c (0x00006f17) auipc   t5, 0x6
core   0: 3 0x80009d6c (0x00006f17) x30 0x8000fd6c
core   0: 0x80009d70 (0x283f2a23) sw      gp, 660(t5)
core   0: 3 0x80009d70 (0x283f2a23) mem 0x80010000 0x00000001
core   0: 0x80009d74 (0xff9ff06f) j       pc - 0x8
core   0: 3 0x80009d74 (0xff9ff06f)
core   0: 0x80009d6c (0x00006f17) auipc   t5, 0x6
core   0: 3 0x80009d6c (0x00006f17) x30 0x8000fd6c
core   0: 0x80009d70 (0x283f2a23) sw      gp, 660(t5)
core   0: 3 0x80009d70 (0x283f2a23) mem 0x80010000 0x00000001
core   0: 0x80009d74 (0xff9ff06f) j       pc - 0x8
core   0: 3 0x80009d74 (0xff9ff06f)
core   0: 0x80009d6c (0x00006f17) auipc   t5, 0x6
core   0: 3 0x80009d6c (0x00006f17) x30 0x8000fd6c
core   0: 0x80009d70 (0x283f2a23) sw      gp, 660(t5)
core   0: 3 0x80009d70 (0x283f2a23) mem 0x80010000 0x00000001
core   0: 0x80009d74 (0xff9ff06f) j       pc - 0x8
core   0: 3 0x80009d74 (0xff9ff06f)
core   0: 0x80009d6c (0x00006f17) auipc   t5, 0x6
core   0: 3 0x80009d6c (0x00006f17) x30 0x8000fd6c
core   0: 0x80009d70 (0x283f2a23) sw      gp, 660(t5)
core   0: 3 0x80009d70 (0x283f2a23) mem 0x80010000 0x00000001
core   0: 0x80009d74 (0xff9ff06f) j       pc - 0x8
core   0: 3 0x80009d74 (0xff9ff06f)
core   0: 0x80009d6c (0x00006f17) auipc   t5, 0x6
core   0: 3 0x80009d6c (0x00006f17) x30 0x8000fd6c
core   0: 0x80009d70 (0x283f2a23) sw      gp, 660(t5)
core   0: 3 0x80009d70 (0x283f2a23) mem 0x80010000 0x00000001
core   0: 0x80009d74 (0xff9ff06f) j       pc - 0x8
core   0: 3 0x80009d74 (0xff9ff06f)
core   0: 0x80009d6c (0x00006f17) auipc   t5, 0x6
core   0: 3 0x80009d6c (0x00006f17) x30 0x8000fd6c
core   0: 0x80009d70 (0x283f2a23) sw      gp, 660(t5)
core   0: 3 0x80009d70 (0x283f2a23) mem 0x80010000 0x00000001
core   0: 0x80009d74 (0xff9ff06f) j       pc - 0x8
core   0: 3 0x80009d74 (0xff9ff06f)
core   0: 0x80009d6c (0x00006f17) auipc   t5, 0x6
core   0: 3 0x80009d6c (0x00006f17) x30 0x8000fd6c
core   0: 0x80009d70 (0x283f2a23) sw      gp, 660(t5)
core   0: 3 0x80009d70 (0x283f2a23) mem 0x80010000 0x00000001
core   0: 0x80009d74 (0xff9ff06f) j       pc - 0x8
core   0: 3 0x80009d74 (0xff9ff06f)
core   0: 0x80009d6c (0x00006f17) auipc   t5, 0x6
core   0: 3 0x80009d6c (0x00006f17) x30 0x8000fd6c
core   0: 0x80009d70 (0x283f2a23) sw      gp, 660(t5)
core   0: 3 0x80009d70 (0x283f2a23) mem 0x80010000 0x00000001
core   0: 0x80009d74 (0xff9ff06f) j       pc - 0x8
core   0: 3 0x80009d74 (0xff9ff06f)
core   0: 0x80009d6c (0x00006f17) auipc   t5, 0x6
core   0: 3 0x80009d6c (0x00006f17) x30 0x8000fd6c
core   0: 0x80009d70 (0x283f2a23) sw      gp, 660(t5)
core   0: 3 0x80009d70 (0x283f2a23) mem 0x80010000 0x00000001
core   0: 0x80009d74 (0xff9ff06f) j       pc - 0x8
core   0: 3 0x80009d74 (0xff9ff06f)
core   0: 0x80009d6c (0x00006f17) auipc   t5, 0x6
core   0: 3 0x80009d6c (0x00006f17) x30 0x8000fd6c
core   0: 0x80009d70 (0x283f2a23) sw      gp, 660(t5)
core   0: 3 0x80009d70 (0x283f2a23) mem 0x80010000 0x00000001
core   0: 0x80009d74 (0xff9ff06f) j       pc - 0x8
core   0: 3 0x80009d74 (0xff9ff06f)
core   0: 0x80009d6c (0x00006f17) auipc   t5, 0x6
core   0: 3 0x80009d6c (0x00006f17) x30 0x8000fd6c
core   0: 0x80009d70 (0x283f2a23) sw      gp, 660(t5)
core   0: 3 0x80009d70 (0x283f2a23) mem 0x80010000 0x00000001
core   0: 0x80009d74 (0xff9ff06f) j       pc - 0x8
core   0: 3 0x80009d74 (0xff9ff06f)
core   0: 0x80009d6c (0x00006f17) auipc   t5, 0x6
core   0: 3 0x80009d6c (0x00006f17) x30 0x8000fd6c
core   0: 0x80009d70 (0x283f2a23) sw      gp, 660(t5)
core   0: 3 0x80009d70 (0x283f2a23) mem 0x80010000 0x00000001
core   0: 0x80009d74 (0xff9ff06f) j       pc - 0x8
core   0: 3 0x80009d74 (0xff9ff06f)
core   0: 0x80009d6c (0x00006f17) auipc   t5, 0x6
core   0: 3 0x80009d6c (0x00006f17) x30 0x8000fd6c
core   0: 0x80009d70 (0x283f2a23) sw      gp, 660(t5)
core   0: 3 0x80009d70 (0x283f2a23) mem 0x80010000 0x00000001
core   0: 0x80009d74 (0xff9ff06f) j       pc - 0x8
core   0: 3 0x80009d74 (0xff9ff06f)
core   0: 0x80009d6c (0x00006f17) auipc   t5, 0x6
core   0: 3 0x80009d6c (0x00006f17) x30 0x8000fd6c
core   0: 0x80009d70 (0x283f2a23) sw      gp, 660(t5)
core   0: 3 0x80009d70 (0x283f2a23) mem 0x80010000 0x00000001
core   0: 0x80009d74 (0xff9ff06f) j       pc - 0x8
core   0: 3 0x80009d74 (0xff9ff06f)
core   0: 0x80009d6c (0x00006f17) auipc   t5, 0x6
core   0: 3 0x80009d6c (0x00006f17) x30 0x8000fd6c
core   0: 0x80009d70 (0x283f2a23) sw      gp, 660(t5)
core   0: 3 0x80009d70 (0x283f2a23) mem 0x80010000 0x00000001
core   0: 0x80009d74 (0xff9ff06f) j       pc - 0x8
core   0: 3 0x80009d74 (0xff9ff06f)
core   0: 0x80009d6c (0x00006f17) auipc   t5, 0x6
core   0: 3 0x80009d6c (0x00006f17) x30 0x8000fd6c
core   0: 0x80009d70 (0x283f2a23) sw      gp, 660(t5)
core   0: 3 0x80009d70 (0x283f2a23) mem 0x80010000 0x00000001
core   0: 0x80009d74 (0xff9ff06f) j       pc - 0x8
core   0: 3 0x80009d74 (0xff9ff06f)
core   0: 0x80009d6c (0x00006f17) auipc   t5, 0x6
core   0: 3 0x80009d6c (0x00006f17) x30 0x8000fd6c
core   0: 0x80009d70 (0x283f2a23) sw      gp, 660(t5)
core   0: 3 0x80009d70 (0x283f2a23) mem 0x80010000 0x00000001
core   0: 0x80009d74 (0xff9ff06f) j       pc - 0x8
core   0: 3 0x80009d74 (0xff9ff06f)
core   0: 0x80009d6c (0x00006f17) auipc   t5, 0x6
core   0: 3 0x80009d6c (0x00006f17) x30 0x8000fd6c
core   0: 0x80009d70 (0x283f2a23) sw      gp, 660(t5)
core   0: 3 0x80009d70 (0x283f2a23) mem 0x80010000 0x00000001
core   0: 0x80009d74 (0xff9ff06f) j       pc - 0x8
core   0: 3 0x80009d74 (0xff9ff06f)
core   0: 0x80009d6c (0x00006f17) auipc   t5, 0x6
core   0: 3 0x80009d6c (0x00006f17) x30 0x8000fd6c
core   0: 0x80009d70 (0x283f2a23) sw      gp, 660(t5)
core   0: 3 0x80009d70 (0x283f2a23) mem 0x80010000 0x00000001
core   0: 0x80009d74 (0xff9ff06f) j       pc - 0x8
core   0: 3 0x80009d74 (0xff9ff06f)
core   0: 0x80009d6c (0x00006f17) auipc   t5, 0x6
core   0: 3 0x80009d6c (0x00006f17) x30 0x8000fd6c
core   0: 0x80009d70 (0x283f2a23) sw      gp, 660(t5)
core   0: 3 0x80009d70 (0x283f2a23) mem 0x80010000 0x00000001
core   0: 0x80009d74 (0xff9ff06f) j       pc - 0x8
core   0: 3 0x80009d74 (0xff9ff06f)
core   0: 0x80009d6c (0x00006f17) auipc   t5, 0x6
core   0: 3 0x80009d6c (0x00006f17) x30 0x8000fd6c
core   0: 0x80009d70 (0x283f2a23) sw      gp, 660(t5)
core   0: 3 0x80009d70 (0x283f2a23) mem 0x80010000 0x00000001
core   0: 0x80009d74 (0xff9ff06f) j       pc - 0x8
core   0: 3 0x80009d74 (0xff9ff06f)
core   0: 0x80009d6c (0x00006f17) auipc   t5, 0x6
core   0: 3 0x80009d6c (0x00006f17) x30 0x8000fd6c
core   0: 0x80009d70 (0x283f2a23) sw      gp, 660(t5)
core   0: 3 0x80009d70 (0x283f2a23) mem 0x80010000 0x00000001
core   0: 0x80009d74 (0xff9ff06f) j       pc - 0x8
core   0: 3 0x80009d74 (0xff9ff06f)
core   0: 0x80009d6c (0x00006f17) auipc   t5, 0x6
core   0: 3 0x80009d6c (0x00006f17) x30 0x8000fd6c
core   0: 0x80009d70 (0x283f2a23) sw      gp, 660(t5)
core   0: 3 0x80009d70 (0x283f2a23) mem 0x80010000 0x00000001
core   0: 0x80009d74 (0xff9ff06f) j       pc - 0x8
core   0: 3 0x80009d74 (0xff9ff06f)
core   0: 0x80009d6c (0x00006f17) auipc   t5, 0x6
core   0: 3 0x80009d6c (0x00006f17) x30 0x8000fd6c
core   0: 0x80009d70 (0x283f2a23) sw      gp, 660(t5)
core   0: 3 0x80009d70 (0x283f2a23) mem 0x80010000 0x00000001
core   0: 0x80009d74 (0xff9ff06f) j       pc - 0x8
core   0: 3 0x80009d74 (0xff9ff06f)
core   0: 0x80009d6c (0x00006f17) auipc   t5, 0x6
core   0: 3 0x80009d6c (0x00006f17) x30 0x8000fd6c
core   0: 0x80009d70 (0x283f2a23) sw      gp, 660(t5)
core   0: 3 0x80009d70 (0x283f2a23) mem 0x80010000 0x00000001
core   0: 0x80009d74 (0xff9ff06f) j       pc - 0x8
core   0: 3 0x80009d74 (0xff9ff06f)
core   0: 0x80009d6c (0x00006f17) auipc   t5, 0x6
core   0: 3 0x80009d6c (0x00006f17) x30 0x8000fd6c
core   0: 0x80009d70 (0x283f2a23) sw      gp, 660(t5)
core   0: 3 0x80009d70 (0x283f2a23) mem 0x80010000 0x00000001
core   0: 0x80009d74 (0xff9ff06f) j       pc - 0x8
core   0: 3 0x80009d74 (0xff9ff06f)
core   0: 0x80009d6c (0x00006f17) auipc   t5, 0x6
core   0: 3 0x80009d6c (0x00006f17) x30 0x8000fd6c
core   0: 0x80009d70 (0x283f2a23) sw      gp, 660(t5)
core   0: 3 0x80009d70 (0x283f2a23) mem 0x80010000 0x00000001
core   0: 0x80009d74 (0xff9ff06f) j       pc - 0x8
core   0: 3 0x80009d74 (0xff9ff06f)
core   0: 0x80009d6c (0x00006f17) auipc   t5, 0x6
core   0: 3 0x80009d6c (0x00006f17) x30 0x8000fd6c
core   0: 0x80009d70 (0x283f2a23) sw      gp, 660(t5)
core   0: 3 0x80009d70 (0x283f2a23) mem 0x80010000 0x00000001
core   0: 0x80009d74 (0xff9ff06f) j       pc - 0x8
core   0: 3 0x80009d74 (0xff9ff06f)
core   0: 0x80009d6c (0x00006f17) auipc   t5, 0x6
core   0: 3 0x80009d6c (0x00006f17) x30 0x8000fd6c
core   0: 0x80009d70 (0x283f2a23) sw      gp, 660(t5)
core   0: 3 0x80009d70 (0x283f2a23) mem 0x80010000 0x00000001
core   0: 0x80009d74 (0xff9ff06f) j       pc - 0x8
core   0: 3 0x80009d74 (0xff9ff06f)
core   0: 0x80009d6c (0x00006f17) auipc   t5, 0x6
core   0: 3 0x80009d6c (0x00006f17) x30 0x8000fd6c
core   0: 0x80009d70 (0x283f2a23) sw      gp, 660(t5)
core   0: 3 0x80009d70 (0x283f2a23) mem 0x80010000 0x00000001
core   0: 0x80009d74 (0xff9ff06f) j       pc - 0x8
core   0: 3 0x80009d74 (0xff9ff06f)
core   0: 0x80009d6c (0x00006f17) auipc   t5, 0x6
core   0: 3 0x80009d6c (0x00006f17) x30 0x8000fd6c
core   0: 0x80009d70 (0x283f2a23) sw      gp, 660(t5)
core   0: 3 0x80009d70 (0x283f2a23) mem 0x80010000 0x00000001
core   0: 0x80009d74 (0xff9ff06f) j       pc - 0x8
core   0: 3 0x80009d74 (0xff9ff06f)
core   0: 0x80009d6c (0x00006f17) auipc   t5, 0x6
core   0: 3 0x80009d6c (0x00006f17) x30 0x8000fd6c
core   0: 0x80009d70 (0x283f2a23) sw      gp, 660(t5)
core   0: 3 0x80009d70 (0x283f2a23) mem 0x80010000 0x00000001
core   0: 0x80009d74 (0xff9ff06f) j       pc - 0x8
core   0: 3 0x80009d74 (0xff9ff06f)
core   0: 0x80009d6c (0x00006f17) auipc   t5, 0x6
core   0: 3 0x80009d6c (0x00006f17) x30 0x8000fd6c
core   0: 0x80009d70 (0x283f2a23) sw      gp, 660(t5)
core   0: 3 0x80009d70 (0x283f2a23) mem 0x80010000 0x00000001
core   0: 0x80009d74 (0xff9ff06f) j       pc - 0x8
core   0: 3 0x80009d74 (0xff9ff06f)
core   0: 0x80009d6c (0x00006f17) auipc   t5, 0x6
core   0: 3 0x80009d6c (0x00006f17) x30 0x8000fd6c
core   0: 0x80009d70 (0x283f2a23) sw      gp, 660(t5)
core   0: 3 0x80009d70 (0x283f2a23) mem 0x80010000 0x00000001
core   0: 0x80009d74 (0xff9ff06f) j       pc - 0x8
core   0: 3 0x80009d74 (0xff9ff06f)
core   0: 0x80009d6c (0x00006f17) auipc   t5, 0x6
core   0: 3 0x80009d6c (0x00006f17) x30 0x8000fd6c
core   0: 0x80009d70 (0x283f2a23) sw      gp, 660(t5)
core   0: 3 0x80009d70 (0x283f2a23) mem 0x80010000 0x00000001
core   0: 0x80009d74 (0xff9ff06f) j       pc - 0x8
core   0: 3 0x80009d74 (0xff9ff06f)
core   0: 0x80009d6c (0x00006f17) auipc   t5, 0x6
core   0: 3 0x80009d6c (0x00006f17) x30 0x8000fd6c
core   0: 0x80009d70 (0x283f2a23) sw      gp, 660(t5)
core   0: 3 0x80009d70 (0x283f2a23) mem 0x80010000 0x00000001
core   0: 0x80009d74 (0xff9ff06f) j       pc - 0x8
core   0: 3 0x80009d74 (0xff9ff06f)
core   0: 0x80009d6c (0x00006f17) auipc   t5, 0x6
core   0: 3 0x80009d6c (0x00006f17) x30 0x8000fd6c
core   0: 0x80009d70 (0x283f2a23) sw      gp, 660(t5)
core   0: 3 0x80009d70 (0x283f2a23) mem 0x80010000 0x00000001
core   0: 0x80009d74 (0xff9ff06f) j       pc - 0x8
core   0: 3 0x80009d74 (0xff9ff06f)
core   0: 0x80009d6c (0x00006f17) auipc   t5, 0x6
core   0: 3 0x80009d6c (0x00006f17) x30 0x8000fd6c
core   0: 0x80009d70 (0x283f2a23) sw      gp, 660(t5)
core   0: 3 0x80009d70 (0x283f2a23) mem 0x80010000 0x00000001
core   0: 0x80009d74 (0xff9ff06f) j       pc - 0x8
core   0: 3 0x80009d74 (0xff9ff06f)
core   0: 0x80009d6c (0x00006f17) auipc   t5, 0x6
core   0: 3 0x80009d6c (0x00006f17) x30 0x8000fd6c
core   0: 0x80009d70 (0x283f2a23) sw      gp, 660(t5)
core   0: 3 0x80009d70 (0x283f2a23) mem 0x80010000 0x00000001
core   0: 0x80009d74 (0xff9ff06f) j       pc - 0x8
core   0: 3 0x80009d74 (0xff9ff06f)
core   0: 0x80009d6c (0x00006f17) auipc   t5, 0x6
core   0: 3 0x80009d6c (0x00006f17) x30 0x8000fd6c
core   0: 0x80009d70 (0x283f2a23) sw      gp, 660(t5)
core   0: 3 0x80009d70 (0x283f2a23) mem 0x80010000 0x00000001
core   0: 0x80009d74 (0xff9ff06f) j       pc - 0x8
core   0: 3 0x80009d74 (0xff9ff06f)
core   0: 0x80009d6c (0x00006f17) auipc   t5, 0x6
core   0: 3 0x80009d6c (0x00006f17) x30 0x8000fd6c
core   0: 0x80009d70 (0x283f2a23) sw      gp, 660(t5)
core   0: 3 0x80009d70 (0x283f2a23) mem 0x80010000 0x00000001
core   0: 0x80009d74 (0xff9ff06f) j       pc - 0x8
core   0: 3 0x80009d74 (0xff9ff06f)
core   0: 0x80009d6c (0x00006f17) auipc   t5, 0x6
core   0: 3 0x80009d6c (0x00006f17) x30 0x8000fd6c
core   0: 0x80009d70 (0x283f2a23) sw      gp, 660(t5)
core   0: 3 0x80009d70 (0x283f2a23) mem 0x80010000 0x00000001
core   0: 0x80009d74 (0xff9ff06f) j       pc - 0x8
core   0: 3 0x80009d74 (0xff9ff06f)
core   0: 0x80009d6c (0x00006f17) auipc   t5, 0x6
core   0: 3 0x80009d6c (0x00006f17) x30 0x8000fd6c
core   0: 0x80009d70 (0x283f2a23) sw      gp, 660(t5)
core   0: 3 0x80009d70 (0x283f2a23) mem 0x80010000 0x00000001
core   0: 0x80009d74 (0xff9ff06f) j       pc - 0x8
core   0: 3 0x80009d74 (0xff9ff06f)
core   0: 0x80009d6c (0x00006f17) auipc   t5, 0x6
core   0: 3 0x80009d6c (0x00006f17) x30 0x8000fd6c
core   0: 0x80009d70 (0x283f2a23) sw      gp, 660(t5)
core   0: 3 0x80009d70 (0x283f2a23) mem 0x80010000 0x00000001
core   0: 0x80009d74 (0xff9ff06f) j       pc - 0x8
core   0: 3 0x80009d74 (0xff9ff06f)
core   0: 0x80009d6c (0x00006f17) auipc   t5, 0x6
core   0: 3 0x80009d6c (0x00006f17) x30 0x8000fd6c
core   0: 0x80009d70 (0x283f2a23) sw      gp, 660(t5)
core   0: 3 0x80009d70 (0x283f2a23) mem 0x80010000 0x00000001
core   0: 0x80009d74 (0xff9ff06f) j       pc - 0x8
core   0: 3 0x80009d74 (0xff9ff06f)
core   0: 0x80009d6c (0x00006f17) auipc   t5, 0x6
core   0: 3 0x80009d6c (0x00006f17) x30 0x8000fd6c
core   0: 0x80009d70 (0x283f2a23) sw      gp, 660(t5)
core   0: 3 0x80009d70 (0x283f2a23) mem 0x80010000 0x00000001
core   0: 0x80009d74 (0xff9ff06f) j       pc - 0x8
core   0: 3 0x80009d74 (0xff9ff06f)
core   0: 0x80009d6c (0x00006f17) auipc   t5, 0x6
core   0: 3 0x80009d6c (0x00006f17) x30 0x8000fd6c
core   0: 0x80009d70 (0x283f2a23) sw      gp, 660(t5)
core   0: 3 0x80009d70 (0x283f2a23) mem 0x80010000 0x00000001
core   0: 0x80009d74 (0xff9ff06f) j       pc - 0x8
core   0: 3 0x80009d74 (0xff9ff06f)
core   0: 0x80009d6c (0x00006f17) auipc   t5, 0x6
core   0: 3 0x80009d6c (0x00006f17) x30 0x8000fd6c
core   0: 0x80009d70 (0x283f2a23) sw      gp, 660(t5)
core   0: 3 0x80009d70 (0x283f2a23) mem 0x80010000 0x00000001
core   0: 0x80009d74 (0xff9ff06f) j       pc - 0x8
core   0: 3 0x80009d74 (0xff9ff06f)
core   0: 0x80009d6c (0x00006f17) auipc   t5, 0x6
core   0: 3 0x80009d6c (0x00006f17) x30 0x8000fd6c
core   0: 0x80009d70 (0x283f2a23) sw      gp, 660(t5)
core   0: 3 0x80009d70 (0x283f2a23) mem 0x80010000 0x00000001
core   0: 0x80009d74 (0xff9ff06f) j       pc - 0x8
core   0: 3 0x80009d74 (0xff9ff06f)
core   0: 0x80009d6c (0x00006f17) auipc   t5, 0x6
core   0: 3 0x80009d6c (0x00006f17) x30 0x8000fd6c
core   0: 0x80009d70 (0x283f2a23) sw      gp, 660(t5)
core   0: 3 0x80009d70 (0x283f2a23) mem 0x80010000 0x00000001
core   0: 0x80009d74 (0xff9ff06f) j       pc - 0x8
core   0: 3 0x80009d74 (0xff9ff06f)
core   0: 0x80009d6c (0x00006f17) auipc   t5, 0x6
core   0: 3 0x80009d6c (0x00006f17) x30 0x8000fd6c
core   0: 0x80009d70 (0x283f2a23) sw      gp, 660(t5)
core   0: 3 0x80009d70 (0x283f2a23) mem 0x80010000 0x00000001
core   0: 0x80009d74 (0xff9ff06f) j       pc - 0x8
core   0: 3 0x80009d74 (0xff9ff06f)
core   0: 0x80009d6c (0x00006f17) auipc   t5, 0x6
core   0: 3 0x80009d6c (0x00006f17) x30 0x8000fd6c
core   0: 0x80009d70 (0x283f2a23) sw      gp, 660(t5)
core   0: 3 0x80009d70 (0x283f2a23) mem 0x80010000 0x00000001
core   0: 0x80009d74 (0xff9ff06f) j       pc - 0x8
core   0: 3 0x80009d74 (0xff9ff06f)
core   0: 0x80009d6c (0x00006f17) auipc   t5, 0x6
core   0: 3 0x80009d6c (0x00006f17) x30 0x8000fd6c
core   0: 0x80009d70 (0x283f2a23) sw      gp, 660(t5)
core   0: 3 0x80009d70 (0x283f2a23) mem 0x80010000 0x00000001
core   0: 0x80009d74 (0xff9ff06f) j       pc - 0x8
core   0: 3 0x80009d74 (0xff9ff06f)
core   0: 0x80009d6c (0x00006f17) auipc   t5, 0x6
core   0: 3 0x80009d6c (0x00006f17) x30 0x8000fd6c
core   0: 0x80009d70 (0x283f2a23) sw      gp, 660(t5)
core   0: 3 0x80009d70 (0x283f2a23) mem 0x80010000 0x00000001
core   0: 0x80009d74 (0xff9ff06f) j       pc - 0x8
core   0: 3 0x80009d74 (0xff9ff06f)
core   0: 0x80009d6c (0x00006f17) auipc   t5, 0x6
core   0: 3 0x80009d6c (0x00006f17) x30 0x8000fd6c
core   0: 0x80009d70 (0x283f2a23) sw      gp, 660(t5)
core   0: 3 0x80009d70 (0x283f2a23) mem 0x80010000 0x00000001
core   0: 0x80009d74 (0xff9ff06f) j       pc - 0x8
core   0: 3 0x80009d74 (0xff9ff06f)
core   0: 0x80009d6c (0x00006f17) auipc   t5, 0x6
core   0: 3 0x80009d6c (0x00006f17) x30 0x8000fd6c
core   0: 0x80009d70 (0x283f2a23) sw      gp, 660(t5)
core   0: 3 0x80009d70 (0x283f2a23) mem 0x80010000 0x00000001
core   0: 0x80009d74 (0xff9ff06f) j       pc - 0x8
core   0: 3 0x80009d74 (0xff9ff06f)
core   0: 0x80009d6c (0x00006f17) auipc   t5, 0x6
core   0: 3 0x80009d6c (0x00006f17) x30 0x8000fd6c
core   0: 0x80009d70 (0x283f2a23) sw      gp, 660(t5)
core   0: 3 0x80009d70 (0x283f2a23) mem 0x80010000 0x00000001
core   0: 0x80009d74 (0xff9ff06f) j       pc - 0x8
core   0: 3 0x80009d74 (0xff9ff06f)
core   0: 0x80009d6c (0x00006f17) auipc   t5, 0x6
core   0: 3 0x80009d6c (0x00006f17) x30 0x8000fd6c
core   0: 0x80009d70 (0x283f2a23) sw      gp, 660(t5)
core   0: 3 0x80009d70 (0x283f2a23) mem 0x80010000 0x00000001
core   0: 0x80009d74 (0xff9ff06f) j       pc - 0x8
core   0: 3 0x80009d74 (0xff9ff06f)
core   0: 0x80009d6c (0x00006f17) auipc   t5, 0x6
core   0: 3 0x80009d6c (0x00006f17) x30 0x8000fd6c
core   0: 0x80009d70 (0x283f2a23) sw      gp, 660(t5)
core   0: 3 0x80009d70 (0x283f2a23) mem 0x80010000 0x00000001
core   0: 0x80009d74 (0xff9ff06f) j       pc - 0x8
core   0: 3 0x80009d74 (0xff9ff06f)
core   0: 0x80009d6c (0x00006f17) auipc   t5, 0x6
core   0: 3 0x80009d6c (0x00006f17) x30 0x8000fd6c
core   0: 0x80009d70 (0x283f2a23) sw      gp, 660(t5)
core   0: 3 0x80009d70 (0x283f2a23) mem 0x80010000 0x00000001
core   0: 0x80009d74 (0xff9ff06f) j       pc - 0x8
core   0: 3 0x80009d74 (0xff9ff06f)
core   0: 0x80009d6c (0x00006f17) auipc   t5, 0x6
core   0: 3 0x80009d6c (0x00006f17) x30 0x8000fd6c
core   0: 0x80009d70 (0x283f2a23) sw      gp, 660(t5)
core   0: 3 0x80009d70 (0x283f2a23) mem 0x80010000 0x00000001
core   0: 0x80009d74 (0xff9ff06f) j       pc - 0x8
core   0: 3 0x80009d74 (0xff9ff06f)
core   0: 0x80009d6c (0x00006f17) auipc   t5, 0x6
core   0: 3 0x80009d6c (0x00006f17) x30 0x8000fd6c
core   0: 0x80009d70 (0x283f2a23) sw      gp, 660(t5)
core   0: 3 0x80009d70 (0x283f2a23) mem 0x80010000 0x00000001
core   0: 0x80009d74 (0xff9ff06f) j       pc - 0x8
core   0: 3 0x80009d74 (0xff9ff06f)
core   0: 0x80009d6c (0x00006f17) auipc   t5, 0x6
core   0: 3 0x80009d6c (0x00006f17) x30 0x8000fd6c
core   0: 0x80009d70 (0x283f2a23) sw      gp, 660(t5)
core   0: 3 0x80009d70 (0x283f2a23) mem 0x80010000 0x00000001
core   0: 0x80009d74 (0xff9ff06f) j       pc - 0x8
core   0: 3 0x80009d74 (0xff9ff06f)
core   0: 0x80009d6c (0x00006f17) auipc   t5, 0x6
core   0: 3 0x80009d6c (0x00006f17) x30 0x8000fd6c
core   0: 0x80009d70 (0x283f2a23) sw      gp, 660(t5)
core   0: 3 0x80009d70 (0x283f2a23) mem 0x80010000 0x00000001
core   0: 0x80009d74 (0xff9ff06f) j       pc - 0x8
core   0: 3 0x80009d74 (0xff9ff06f)
core   0: 0x80009d6c (0x00006f17) auipc   t5, 0x6
core   0: 3 0x80009d6c (0x00006f17) x30 0x8000fd6c
core   0: 0x80009d70 (0x283f2a23) sw      gp, 660(t5)
core   0: 3 0x80009d70 (0x283f2a23) mem 0x80010000 0x00000001
core   0: 0x80009d74 (0xff9ff06f) j       pc - 0x8
core   0: 3 0x80009d74 (0xff9ff06f)
core   0: 0x80009d6c (0x00006f17) auipc   t5, 0x6
core   0: 3 0x80009d6c (0x00006f17) x30 0x8000fd6c
core   0: 0x80009d70 (0x283f2a23) sw      gp, 660(t5)
core   0: 3 0x80009d70 (0x283f2a23) mem 0x80010000 0x00000001
core   0: 0x80009d74 (0xff9ff06f) j       pc - 0x8
core   0: 3 0x80009d74 (0xff9ff06f)
core   0: 0x80009d6c (0x00006f17) auipc   t5, 0x6
core   0: 3 0x80009d6c (0x00006f17) x30 0x8000fd6c
core   0: 0x80009d70 (0x283f2a23) sw      gp, 660(t5)
core   0: 3 0x80009d70 (0x283f2a23) mem 0x80010000 0x00000001
core   0: 0x80009d74 (0xff9ff06f) j       pc - 0x8
core   0: 3 0x80009d74 (0xff9ff06f)
core   0: 0x80009d6c (0x00006f17) auipc   t5, 0x6
core   0: 3 0x80009d6c (0x00006f17) x30 0x8000fd6c
core   0: 0x80009d70 (0x283f2a23) sw      gp, 660(t5)
core   0: 3 0x80009d70 (0x283f2a23) mem 0x80010000 0x00000001
core   0: 0x80009d74 (0xff9ff06f) j       pc - 0x8
core   0: 3 0x80009d74 (0xff9ff06f)
core   0: 0x80009d6c (0x00006f17) auipc   t5, 0x6
core   0: 3 0x80009d6c (0x00006f17) x30 0x8000fd6c
core   0: 0x80009d70 (0x283f2a23) sw      gp, 660(t5)
core   0: 3 0x80009d70 (0x283f2a23) mem 0x80010000 0x00000001
core   0: 0x80009d74 (0xff9ff06f) j       pc - 0x8
core   0: 3 0x80009d74 (0xff9ff06f)
core   0: 0x80009d6c (0x00006f17) auipc   t5, 0x6
core   0: 3 0x80009d6c (0x00006f17) x30 0x8000fd6c
core   0: 0x80009d70 (0x283f2a23) sw      gp, 660(t5)
core   0: 3 0x80009d70 (0x283f2a23) mem 0x80010000 0x00000001
core   0: 0x80009d74 (0xff9ff06f) j       pc - 0x8
core   0: 3 0x80009d74 (0xff9ff06f)
core   0: 0x80009d6c (0x00006f17) auipc   t5, 0x6
core   0: 3 0x80009d6c (0x00006f17) x30 0x8000fd6c
core   0: 0x80009d70 (0x283f2a23) sw      gp, 660(t5)
core   0: 3 0x80009d70 (0x283f2a23) mem 0x80010000 0x00000001
core   0: 0x80009d74 (0xff9ff06f) j       pc - 0x8
core   0: 3 0x80009d74 (0xff9ff06f)
core   0: 0x80009d6c (0x00006f17) auipc   t5, 0x6
core   0: 3 0x80009d6c (0x00006f17) x30 0x8000fd6c
core   0: 0x80009d70 (0x283f2a23) sw      gp, 660(t5)
core   0: 3 0x80009d70 (0x283f2a23) mem 0x80010000 0x00000001
core   0: 0x80009d74 (0xff9ff06f) j       pc - 0x8
core   0: 3 0x80009d74 (0xff9ff06f)
core   0: 0x80009d6c (0x00006f17) auipc   t5, 0x6
core   0: 3 0x80009d6c (0x00006f17) x30 0x8000fd6c
core   0: 0x80009d70 (0x283f2a23) sw      gp, 660(t5)
core   0: 3 0x80009d70 (0x283f2a23) mem 0x80010000 0x00000001
core   0: 0x80009d74 (0xff9ff06f) j       pc - 0x8
core   0: 3 0x80009d74 (0xff9ff06f)
core   0: 0x80009d6c (0x00006f17) auipc   t5, 0x6
core   0: 3 0x80009d6c (0x00006f17) x30 0x8000fd6c
core   0: 0x80009d70 (0x283f2a23) sw      gp, 660(t5)
core   0: 3 0x80009d70 (0x283f2a23) mem 0x80010000 0x00000001
core   0: 0x80009d74 (0xff9ff06f) j       pc - 0x8
core   0: 3 0x80009d74 (0xff9ff06f)
core   0: 0x80009d6c (0x00006f17) auipc   t5, 0x6
core   0: 3 0x80009d6c (0x00006f17) x30 0x8000fd6c
core   0: 0x80009d70 (0x283f2a23) sw      gp, 660(t5)
core   0: 3 0x80009d70 (0x283f2a23) mem 0x80010000 0x00000001
core   0: 0x80009d74 (0xff9ff06f) j       pc - 0x8
core   0: 3 0x80009d74 (0xff9ff06f)
core   0: 0x80009d6c (0x00006f17) auipc   t5, 0x6
core   0: 3 0x80009d6c (0x00006f17) x30 0x8000fd6c
core   0: 0x80009d70 (0x283f2a23) sw      gp, 660(t5)
core   0: 3 0x80009d70 (0x283f2a23) mem 0x80010000 0x00000001
core   0: 0x80009d74 (0xff9ff06f) j       pc - 0x8
core   0: 3 0x80009d74 (0xff9ff06f)
core   0: 0x80009d6c (0x00006f17) auipc   t5, 0x6
core   0: 3 0x80009d6c (0x00006f17) x30 0x8000fd6c
core   0: 0x80009d70 (0x283f2a23) sw      gp, 660(t5)
core   0: 3 0x80009d70 (0x283f2a23) mem 0x80010000 0x00000001
core   0: 0x80009d74 (0xff9ff06f) j       pc - 0x8
core   0: 3 0x80009d74 (0xff9ff06f)
core   0: 0x80009d6c (0x00006f17) auipc   t5, 0x6
core   0: 3 0x80009d6c (0x00006f17) x30 0x8000fd6c
core   0: 0x80009d70 (0x283f2a23) sw      gp, 660(t5)
core   0: 3 0x80009d70 (0x283f2a23) mem 0x80010000 0x00000001
core   0: 0x80009d74 (0xff9ff06f) j       pc - 0x8
core   0: 3 0x80009d74 (0xff9ff06f)
core   0: 0x80009d6c (0x00006f17) auipc   t5, 0x6
core   0: 3 0x80009d6c (0x00006f17) x30 0x8000fd6c
core   0: 0x80009d70 (0x283f2a23) sw      gp, 660(t5)
core   0: 3 0x80009d70 (0x283f2a23) mem 0x80010000 0x00000001
core   0: 0x80009d74 (0xff9ff06f) j       pc - 0x8
core   0: 3 0x80009d74 (0xff9ff06f)
core   0: 0x80009d6c (0x00006f17) auipc   t5, 0x6
core   0: 3 0x80009d6c (0x00006f17) x30 0x8000fd6c
core   0: 0x80009d70 (0x283f2a23) sw      gp, 660(t5)
core   0: 3 0x80009d70 (0x283f2a23) mem 0x80010000 0x00000001
core   0: 0x80009d74 (0xff9ff06f) j       pc - 0x8
core   0: 3 0x80009d74 (0xff9ff06f)
core   0: 0x80009d6c (0x00006f17) auipc   t5, 0x6
core   0: 3 0x80009d6c (0x00006f17) x30 0x8000fd6c
core   0: 0x80009d70 (0x283f2a23) sw      gp, 660(t5)
core   0: 3 0x80009d70 (0x283f2a23) mem 0x80010000 0x00000001
core   0: 0x80009d74 (0xff9ff06f) j       pc - 0x8
core   0: 3 0x80009d74 (0xff9ff06f)
core   0: 0x80009d6c (0x00006f17) auipc   t5, 0x6
core   0: 3 0x80009d6c (0x00006f17) x30 0x8000fd6c
core   0: 0x80009d70 (0x283f2a23) sw      gp, 660(t5)
core   0: 3 0x80009d70 (0x283f2a23) mem 0x80010000 0x00000001
core   0: 0x80009d74 (0xff9ff06f) j       pc - 0x8
core   0: 3 0x80009d74 (0xff9ff06f)
core   0: 0x80009d6c (0x00006f17) auipc   t5, 0x6
core   0: 3 0x80009d6c (0x00006f17) x30 0x8000fd6c
core   0: 0x80009d70 (0x283f2a23) sw      gp, 660(t5)
core   0: 3 0x80009d70 (0x283f2a23) mem 0x80010000 0x00000001
core   0: 0x80009d74 (0xff9ff06f) j       pc - 0x8
core   0: 3 0x80009d74 (0xff9ff06f)
core   0: 0x80009d6c (0x00006f17) auipc   t5, 0x6
core   0: 3 0x80009d6c (0x00006f17) x30 0x8000fd6c
core   0: 0x80009d70 (0x283f2a23) sw      gp, 660(t5)
core   0: 3 0x80009d70 (0x283f2a23) mem 0x80010000 0x00000001
core   0: 0x80009d74 (0xff9ff06f) j       pc - 0x8
core   0: 3 0x80009d74 (0xff9ff06f)
core   0: 0x80009d6c (0x00006f17) auipc   t5, 0x6
core   0: 3 0x80009d6c (0x00006f17) x30 0x8000fd6c
core   0: 0x80009d70 (0x283f2a23) sw      gp, 660(t5)
core   0: 3 0x80009d70 (0x283f2a23) mem 0x80010000 0x00000001
core   0: 0x80009d74 (0xff9ff06f) j       pc - 0x8
core   0: 3 0x80009d74 (0xff9ff06f)
core   0: 0x80009d6c (0x00006f17) auipc   t5, 0x6
core   0: 3 0x80009d6c (0x00006f17) x30 0x8000fd6c
core   0: 0x80009d70 (0x283f2a23) sw      gp, 660(t5)
core   0: 3 0x80009d70 (0x283f2a23) mem 0x80010000 0x00000001
core   0: 0x80009d74 (0xff9ff06f) j       pc - 0x8
core   0: 3 0x80009d74 (0xff9ff06f)
core   0: 0x80009d6c (0x00006f17) auipc   t5, 0x6
core   0: 3 0x80009d6c (0x00006f17) x30 0x8000fd6c
core   0: 0x80009d70 (0x283f2a23) sw      gp, 660(t5)
core   0: 3 0x80009d70 (0x283f2a23) mem 0x80010000 0x00000001
core   0: 0x80009d74 (0xff9ff06f) j       pc - 0x8
core   0: 3 0x80009d74 (0xff9ff06f)
core   0: 0x80009d6c (0x00006f17) auipc   t5, 0x6
core   0: 3 0x80009d6c (0x00006f17) x30 0x8000fd6c
core   0: 0x80009d70 (0x283f2a23) sw      gp, 660(t5)
core   0: 3 0x80009d70 (0x283f2a23) mem 0x80010000 0x00000001
core   0: 0x80009d74 (0xff9ff06f) j       pc - 0x8
core   0: 3 0x80009d74 (0xff9ff06f)
core   0: 0x80009d6c (0x00006f17) auipc   t5, 0x6
core   0: 3 0x80009d6c (0x00006f17) x30 0x8000fd6c
core   0: 0x80009d70 (0x283f2a23) sw      gp, 660(t5)
core   0: 3 0x80009d70 (0x283f2a23) mem 0x80010000 0x00000001
core   0: 0x80009d74 (0xff9ff06f) j       pc - 0x8
core   0: 3 0x80009d74 (0xff9ff06f)
core   0: 0x80009d6c (0x00006f17) auipc   t5, 0x6
core   0: 3 0x80009d6c (0x00006f17) x30 0x8000fd6c
core   0: 0x80009d70 (0x283f2a23) sw      gp, 660(t5)
core   0: 3 0x80009d70 (0x283f2a23) mem 0x80010000 0x00000001
core   0: 0x80009d74 (0xff9ff06f) j       pc - 0x8
core   0: 3 0x80009d74 (0xff9ff06f)
core   0: 0x80009d6c (0x00006f17) auipc   t5, 0x6
core   0: 3 0x80009d6c (0x00006f17) x30 0x8000fd6c
core   0: 0x80009d70 (0x283f2a23) sw      gp, 660(t5)
core   0: 3 0x80009d70 (0x283f2a23) mem 0x80010000 0x00000001
core   0: 0x80009d74 (0xff9ff06f) j       pc - 0x8
core   0: 3 0x80009d74 (0xff9ff06f)
core   0: 0x80009d6c (0x00006f17) auipc   t5, 0x6
core   0: 3 0x80009d6c (0x00006f17) x30 0x8000fd6c
core   0: 0x80009d70 (0x283f2a23) sw      gp, 660(t5)
core   0: 3 0x80009d70 (0x283f2a23) mem 0x80010000 0x00000001
core   0: 0x80009d74 (0xff9ff06f) j       pc - 0x8
core   0: 3 0x80009d74 (0xff9ff06f)
core   0: 0x80009d6c (0x00006f17) auipc   t5, 0x6
core   0: 3 0x80009d6c (0x00006f17) x30 0x8000fd6c
core   0: 0x80009d70 (0x283f2a23) sw      gp, 660(t5)
core   0: 3 0x80009d70 (0x283f2a23) mem 0x80010000 0x00000001
core   0: 0x80009d74 (0xff9ff06f) j       pc - 0x8
core   0: 3 0x80009d74 (0xff9ff06f)
core   0: 0x80009d6c (0x00006f17) auipc   t5, 0x6
core   0: 3 0x80009d6c (0x00006f17) x30 0x8000fd6c
core   0: 0x80009d70 (0x283f2a23) sw      gp, 660(t5)
core   0: 3 0x80009d70 (0x283f2a23) mem 0x80010000 0x00000001
core   0: 0x80009d74 (0xff9ff06f) j       pc - 0x8
core   0: 3 0x80009d74 (0xff9ff06f)
core   0: 0x80009d6c (0x00006f17) auipc   t5, 0x6
core   0: 3 0x80009d6c (0x00006f17) x30 0x8000fd6c
core   0: 0x80009d70 (0x283f2a23) sw      gp, 660(t5)
core   0: 3 0x80009d70 (0x283f2a23) mem 0x80010000 0x00000001
core   0: 0x80009d74 (0xff9ff06f) j       pc - 0x8
core   0: 3 0x80009d74 (0xff9ff06f)
core   0: 0x80009d6c (0x00006f17) auipc   t5, 0x6
core   0: 3 0x80009d6c (0x00006f17) x30 0x8000fd6c
core   0: 0x80009d70 (0x283f2a23) sw      gp, 660(t5)
core   0: 3 0x80009d70 (0x283f2a23) mem 0x80010000 0x00000001
core   0: 0x80009d74 (0xff9ff06f) j       pc - 0x8
core   0: 3 0x80009d74 (0xff9ff06f)
core   0: 0x80009d6c (0x00006f17) auipc   t5, 0x6
core   0: 3 0x80009d6c (0x00006f17) x30 0x8000fd6c
core   0: 0x80009d70 (0x283f2a23) sw      gp, 660(t5)
core   0: 3 0x80009d70 (0x283f2a23) mem 0x80010000 0x00000001
core   0: 0x80009d74 (0xff9ff06f) j       pc - 0x8
core   0: 3 0x80009d74 (0xff9ff06f)
core   0: 0x80009d6c (0x00006f17) auipc   t5, 0x6
core   0: 3 0x80009d6c (0x00006f17) x30 0x8000fd6c
core   0: 0x80009d70 (0x283f2a23) sw      gp, 660(t5)
core   0: 3 0x80009d70 (0x283f2a23) mem 0x80010000 0x00000001
core   0: 0x80009d74 (0xff9ff06f) j       pc - 0x8
core   0: 3 0x80009d74 (0xff9ff06f)
core   0: 0x80009d6c (0x00006f17) auipc   t5, 0x6
core   0: 3 0x80009d6c (0x00006f17) x30 0x8000fd6c
core   0: 0x80009d70 (0x283f2a23) sw      gp, 660(t5)
core   0: 3 0x80009d70 (0x283f2a23) mem 0x80010000 0x00000001
core   0: 0x80009d74 (0xff9ff06f) j       pc - 0x8
core   0: 3 0x80009d74 (0xff9ff06f)
core   0: 0x80009d6c (0x00006f17) auipc   t5, 0x6
core   0: 3 0x80009d6c (0x00006f17) x30 0x8000fd6c
core   0: 0x80009d70 (0x283f2a23) sw      gp, 660(t5)
core   0: 3 0x80009d70 (0x283f2a23) mem 0x80010000 0x00000001
core   0: 0x80009d74 (0xff9ff06f) j       pc - 0x8
core   0: 3 0x80009d74 (0xff9ff06f)
core   0: 0x80009d6c (0x00006f17) auipc   t5, 0x6
core   0: 3 0x80009d6c (0x00006f17) x30 0x8000fd6c
core   0: 0x80009d70 (0x283f2a23) sw      gp, 660(t5)
core   0: 3 0x80009d70 (0x283f2a23) mem 0x80010000 0x00000001
core   0: 0x80009d74 (0xff9ff06f) j       pc - 0x8
core   0: 3 0x80009d74 (0xff9ff06f)
core   0: 0x80009d6c (0x00006f17) auipc   t5, 0x6
core   0: 3 0x80009d6c (0x00006f17) x30 0x8000fd6c
core   0: 0x80009d70 (0x283f2a23) sw      gp, 660(t5)
core   0: 3 0x80009d70 (0x283f2a23) mem 0x80010000 0x00000001
core   0: 0x80009d74 (0xff9ff06f) j       pc - 0x8
core   0: 3 0x80009d74 (0xff9ff06f)
core   0: 0x80009d6c (0x00006f17) auipc   t5, 0x6
core   0: 3 0x80009d6c (0x00006f17) x30 0x8000fd6c
core   0: 0x80009d70 (0x283f2a23) sw      gp, 660(t5)
core   0: 3 0x80009d70 (0x283f2a23) mem 0x80010000 0x00000001
core   0: 0x80009d74 (0xff9ff06f) j       pc - 0x8
core   0: 3 0x80009d74 (0xff9ff06f)
core   0: 0x80009d6c (0x00006f17) auipc   t5, 0x6
core   0: 3 0x80009d6c (0x00006f17) x30 0x8000fd6c
core   0: 0x80009d70 (0x283f2a23) sw      gp, 660(t5)
core   0: 3 0x80009d70 (0x283f2a23) mem 0x80010000 0x00000001
core   0: 0x80009d74 (0xff9ff06f) j       pc - 0x8
core   0: 3 0x80009d74 (0xff9ff06f)
core   0: 0x80009d6c (0x00006f17) auipc   t5, 0x6
core   0: 3 0x80009d6c (0x00006f17) x30 0x8000fd6c
core   0: 0x80009d70 (0x283f2a23) sw      gp, 660(t5)
core   0: 3 0x80009d70 (0x283f2a23) mem 0x80010000 0x00000001
core   0: 0x80009d74 (0xff9ff06f) j       pc - 0x8
core   0: 3 0x80009d74 (0xff9ff06f)
core   0: 0x80009d6c (0x00006f17) auipc   t5, 0x6
core   0: 3 0x80009d6c (0x00006f17) x30 0x8000fd6c
core   0: 0x80009d70 (0x283f2a23) sw      gp, 660(t5)
core   0: 3 0x80009d70 (0x283f2a23) mem 0x80010000 0x00000001
core   0: 0x80009d74 (0xff9ff06f) j       pc - 0x8
core   0: 3 0x80009d74 (0xff9ff06f)
core   0: 0x80009d6c (0x00006f17) auipc   t5, 0x6
core   0: 3 0x80009d6c (0x00006f17) x30 0x8000fd6c
core   0: 0x80009d70 (0x283f2a23) sw      gp, 660(t5)
core   0: 3 0x80009d70 (0x283f2a23) mem 0x80010000 0x00000001
core   0: 0x80009d74 (0xff9ff06f) j       pc - 0x8
core   0: 3 0x80009d74 (0xff9ff06f)
core   0: 0x80009d6c (0x00006f17) auipc   t5, 0x6
core   0: 3 0x80009d6c (0x00006f17) x30 0x8000fd6c
core   0: 0x80009d70 (0x283f2a23) sw      gp, 660(t5)
core   0: 3 0x80009d70 (0x283f2a23) mem 0x80010000 0x00000001
core   0: 0x80009d74 (0xff9ff06f) j       pc - 0x8
core   0: 3 0x80009d74 (0xff9ff06f)
core   0: 0x80009d6c (0x00006f17) auipc   t5, 0x6
core   0: 3 0x80009d6c (0x00006f17) x30 0x8000fd6c
core   0: 0x80009d70 (0x283f2a23) sw      gp, 660(t5)
core   0: 3 0x80009d70 (0x283f2a23) mem 0x80010000 0x00000001
core   0: 0x80009d74 (0xff9ff06f) j       pc - 0x8
core   0: 3 0x80009d74 (0xff9ff06f)
core   0: 0x80009d6c (0x00006f17) auipc   t5, 0x6
core   0: 3 0x80009d6c (0x00006f17) x30 0x8000fd6c
core   0: 0x80009d70 (0x283f2a23) sw      gp, 660(t5)
core   0: 3 0x80009d70 (0x283f2a23) mem 0x80010000 0x00000001
core   0: 0x80009d74 (0xff9ff06f) j       pc - 0x8
core   0: 3 0x80009d74 (0xff9ff06f)
core   0: 0x80009d6c (0x00006f17) auipc   t5, 0x6
core   0: 3 0x80009d6c (0x00006f17) x30 0x8000fd6c
core   0: 0x80009d70 (0x283f2a23) sw      gp, 660(t5)
core   0: 3 0x80009d70 (0x283f2a23) mem 0x80010000 0x00000001
core   0: 0x80009d74 (0xff9ff06f) j       pc - 0x8
core   0: 3 0x80009d74 (0xff9ff06f)
core   0: 0x80009d6c (0x00006f17) auipc   t5, 0x6
core   0: 3 0x80009d6c (0x00006f17) x30 0x8000fd6c
core   0: 0x80009d70 (0x283f2a23) sw      gp, 660(t5)
core   0: 3 0x80009d70 (0x283f2a23) mem 0x80010000 0x00000001
core   0: 0x80009d74 (0xff9ff06f) j       pc - 0x8
core   0: 3 0x80009d74 (0xff9ff06f)
core   0: 0x80009d6c (0x00006f17) auipc   t5, 0x6
core   0: 3 0x80009d6c (0x00006f17) x30 0x8000fd6c
core   0: 0x80009d70 (0x283f2a23) sw      gp, 660(t5)
core   0: 3 0x80009d70 (0x283f2a23) mem 0x80010000 0x00000001
core   0: 0x80009d74 (0xff9ff06f) j       pc - 0x8
core   0: 3 0x80009d74 (0xff9ff06f)
core   0: 0x80009d6c (0x00006f17) auipc   t5, 0x6
core   0: 3 0x80009d6c (0x00006f17) x30 0x8000fd6c
core   0: 0x80009d70 (0x283f2a23) sw      gp, 660(t5)
core   0: 3 0x80009d70 (0x283f2a23) mem 0x80010000 0x00000001
core   0: 0x80009d74 (0xff9ff06f) j       pc - 0x8
core   0: 3 0x80009d74 (0xff9ff06f)
core   0: 0x80009d6c (0x00006f17) auipc   t5, 0x6
core   0: 3 0x80009d6c (0x00006f17) x30 0x8000fd6c
core   0: 0x80009d70 (0x283f2a23) sw      gp, 660(t5)
core   0: 3 0x80009d70 (0x283f2a23) mem 0x80010000 0x00000001
core   0: 0x80009d74 (0xff9ff06f) j       pc - 0x8
core   0: 3 0x80009d74 (0xff9ff06f)
core   0: 0x80009d6c (0x00006f17) auipc   t5, 0x6
core   0: 3 0x80009d6c (0x00006f17) x30 0x8000fd6c
core   0: 0x80009d70 (0x283f2a23) sw      gp, 660(t5)
core   0: 3 0x80009d70 (0x283f2a23) mem 0x80010000 0x00000001
core   0: 0x80009d74 (0xff9ff06f) j       pc - 0x8
core   0: 3 0x80009d74 (0xff9ff06f)
core   0: 0x80009d6c (0x00006f17) auipc   t5, 0x6
core   0: 3 0x80009d6c (0x00006f17) x30 0x8000fd6c
core   0: 0x80009d70 (0x283f2a23) sw      gp, 660(t5)
core   0: 3 0x80009d70 (0x283f2a23) mem 0x80010000 0x00000001
core   0: 0x80009d74 (0xff9ff06f) j       pc - 0x8
core   0: 3 0x80009d74 (0xff9ff06f)
core   0: 0x80009d6c (0x00006f17) auipc   t5, 0x6
core   0: 3 0x80009d6c (0x00006f17) x30 0x8000fd6c
core   0: 0x80009d70 (0x283f2a23) sw      gp, 660(t5)
core   0: 3 0x80009d70 (0x283f2a23) mem 0x80010000 0x00000001
core   0: 0x80009d74 (0xff9ff06f) j       pc - 0x8
core   0: 3 0x80009d74 (0xff9ff06f)
core   0: 0x80009d6c (0x00006f17) auipc   t5, 0x6
core   0: 3 0x80009d6c (0x00006f17) x30 0x8000fd6c
core   0: 0x80009d70 (0x283f2a23) sw      gp, 660(t5)
core   0: 3 0x80009d70 (0x283f2a23) mem 0x80010000 0x00000001
core   0: 0x80009d74 (0xff9ff06f) j       pc - 0x8
core   0: 3 0x80009d74 (0xff9ff06f)
core   0: 0x80009d6c (0x00006f17) auipc   t5, 0x6
core   0: 3 0x80009d6c (0x00006f17) x30 0x8000fd6c
core   0: 0x80009d70 (0x283f2a23) sw      gp, 660(t5)
core   0: 3 0x80009d70 (0x283f2a23) mem 0x80010000 0x00000001
core   0: 0x80009d74 (0xff9ff06f) j       pc - 0x8
core   0: 3 0x80009d74 (0xff9ff06f)
core   0: 0x80009d6c (0x00006f17) auipc   t5, 0x6
core   0: 3 0x80009d6c (0x00006f17) x30 0x8000fd6c
core   0: 0x80009d70 (0x283f2a23) sw      gp, 660(t5)
core   0: 3 0x80009d70 (0x283f2a23) mem 0x80010000 0x00000001
core   0: 0x80009d74 (0xff9ff06f) j       pc - 0x8
core   0: 3 0x80009d74 (0xff9ff06f)
core   0: 0x80009d6c (0x00006f17) auipc   t5, 0x6
core   0: 3 0x80009d6c (0x00006f17) x30 0x8000fd6c
core   0: 0x80009d70 (0x283f2a23) sw      gp, 660(t5)
core   0: 3 0x80009d70 (0x283f2a23) mem 0x80010000 0x00000001
core   0: 0x80009d74 (0xff9ff06f) j       pc - 0x8
core   0: 3 0x80009d74 (0xff9ff06f)
core   0: 0x80009d6c (0x00006f17) auipc   t5, 0x6
core   0: 3 0x80009d6c (0x00006f17) x30 0x8000fd6c
core   0: 0x80009d70 (0x283f2a23) sw      gp, 660(t5)
core   0: 3 0x80009d70 (0x283f2a23) mem 0x80010000 0x00000001
core   0: 0x80009d74 (0xff9ff06f) j       pc - 0x8
core   0: 3 0x80009d74 (0xff9ff06f)
core   0: 0x80009d6c (0x00006f17) auipc   t5, 0x6
core   0: 3 0x80009d6c (0x00006f17) x30 0x8000fd6c
core   0: 0x80009d70 (0x283f2a23) sw      gp, 660(t5)
core   0: 3 0x80009d70 (0x283f2a23) mem 0x80010000 0x00000001
core   0: 0x80009d74 (0xff9ff06f) j       pc - 0x8
core   0: 3 0x80009d74 (0xff9ff06f)
core   0: 0x80009d6c (0x00006f17) auipc   t5, 0x6
core   0: 3 0x80009d6c (0x00006f17) x30 0x8000fd6c
core   0: 0x80009d70 (0x283f2a23) sw      gp, 660(t5)
core   0: 3 0x80009d70 (0x283f2a23) mem 0x80010000 0x00000001
core   0: 0x80009d74 (0xff9ff06f) j       pc - 0x8
core   0: 3 0x80009d74 (0xff9ff06f)
core   0: 0x80009d6c (0x00006f17) auipc   t5, 0x6
core   0: 3 0x80009d6c (0x00006f17) x30 0x8000fd6c
core   0: 0x80009d70 (0x283f2a23) sw      gp, 660(t5)
core   0: 3 0x80009d70 (0x283f2a23) mem 0x80010000 0x00000001
core   0: 0x80009d74 (0xff9ff06f) j       pc - 0x8
core   0: 3 0x80009d74 (0xff9ff06f)
core   0: 0x80009d6c (0x00006f17) auipc   t5, 0x6
core   0: 3 0x80009d6c (0x00006f17) x30 0x8000fd6c
core   0: 0x80009d70 (0x283f2a23) sw      gp, 660(t5)
core   0: 3 0x80009d70 (0x283f2a23) mem 0x80010000 0x00000001
core   0: 0x80009d74 (0xff9ff06f) j       pc - 0x8
core   0: 3 0x80009d74 (0xff9ff06f)
core   0: 0x80009d6c (0x00006f17) auipc   t5, 0x6
core   0: 3 0x80009d6c (0x00006f17) x30 0x8000fd6c
core   0: 0x80009d70 (0x283f2a23) sw      gp, 660(t5)
core   0: 3 0x80009d70 (0x283f2a23) mem 0x80010000 0x00000001
core   0: 0x80009d74 (0xff9ff06f) j       pc - 0x8
core   0: 3 0x80009d74 (0xff9ff06f)
core   0: 0x80009d6c (0x00006f17) auipc   t5, 0x6
core   0: 3 0x80009d6c (0x00006f17) x30 0x8000fd6c
core   0: 0x80009d70 (0x283f2a23) sw      gp, 660(t5)
core   0: 3 0x80009d70 (0x283f2a23) mem 0x80010000 0x00000001
core   0: 0x80009d74 (0xff9ff06f) j       pc - 0x8
core   0: 3 0x80009d74 (0xff9ff06f)
core   0: 0x80009d6c (0x00006f17) auipc   t5, 0x6
core   0: 3 0x80009d6c (0x00006f17) x30 0x8000fd6c
core   0: 0x80009d70 (0x283f2a23) sw      gp, 660(t5)
core   0: 3 0x80009d70 (0x283f2a23) mem 0x80010000 0x00000001
core   0: 0x80009d74 (0xff9ff06f) j       pc - 0x8
core   0: 3 0x80009d74 (0xff9ff06f)
core   0: 0x80009d6c (0x00006f17) auipc   t5, 0x6
core   0: 3 0x80009d6c (0x00006f17) x30 0x8000fd6c
core   0: 0x80009d70 (0x283f2a23) sw      gp, 660(t5)
core   0: 3 0x80009d70 (0x283f2a23) mem 0x80010000 0x00000001
core   0: 0x80009d74 (0xff9ff06f) j       pc - 0x8
core   0: 3 0x80009d74 (0xff9ff06f)
core   0: 0x80009d6c (0x00006f17) auipc   t5, 0x6
core   0: 3 0x80009d6c (0x00006f17) x30 0x8000fd6c
core   0: 0x80009d70 (0x283f2a23) sw      gp, 660(t5)
core   0: 3 0x80009d70 (0x283f2a23) mem 0x80010000 0x00000001
core   0: 0x80009d74 (0xff9ff06f) j       pc - 0x8
core   0: 3 0x80009d74 (0xff9ff06f)
core   0: 0x80009d6c (0x00006f17) auipc   t5, 0x6
core   0: 3 0x80009d6c (0x00006f17) x30 0x8000fd6c
core   0: 0x80009d70 (0x283f2a23) sw      gp, 660(t5)
core   0: 3 0x80009d70 (0x283f2a23) mem 0x80010000 0x00000001
core   0: 0x80009d74 (0xff9ff06f) j       pc - 0x8
core   0: 3 0x80009d74 (0xff9ff06f)
core   0: 0x80009d6c (0x00006f17) auipc   t5, 0x6
core   0: 3 0x80009d6c (0x00006f17) x30 0x8000fd6c
core   0: 0x80009d70 (0x283f2a23) sw      gp, 660(t5)
core   0: 3 0x80009d70 (0x283f2a23) mem 0x80010000 0x00000001
core   0: 0x80009d74 (0xff9ff06f) j       pc - 0x8
core   0: 3 0x80009d74 (0xff9ff06f)
core   0: 0x80009d6c (0x00006f17) auipc   t5, 0x6
core   0: 3 0x80009d6c (0x00006f17) x30 0x8000fd6c
core   0: 0x80009d70 (0x283f2a23) sw      gp, 660(t5)
core   0: 3 0x80009d70 (0x283f2a23) mem 0x80010000 0x00000001
core   0: 0x80009d74 (0xff9ff06f) j       pc - 0x8
core   0: 3 0x80009d74 (0xff9ff06f)
core   0: 0x80009d6c (0x00006f17) auipc   t5, 0x6
core   0: 3 0x80009d6c (0x00006f17) x30 0x8000fd6c
core   0: 0x80009d70 (0x283f2a23) sw      gp, 660(t5)
core   0: 3 0x80009d70 (0x283f2a23) mem 0x80010000 0x00000001
core   0: 0x80009d74 (0xff9ff06f) j       pc - 0x8
core   0: 3 0x80009d74 (0xff9ff06f)
core   0: 0x80009d6c (0x00006f17) auipc   t5, 0x6
core   0: 3 0x80009d6c (0x00006f17) x30 0x8000fd6c
core   0: 0x80009d70 (0x283f2a23) sw      gp, 660(t5)
core   0: 3 0x80009d70 (0x283f2a23) mem 0x80010000 0x00000001
core   0: 0x80009d74 (0xff9ff06f) j       pc - 0x8
core   0: 3 0x80009d74 (0xff9ff06f)
core   0: 0x80009d6c (0x00006f17) auipc   t5, 0x6
core   0: 3 0x80009d6c (0x00006f17) x30 0x8000fd6c
core   0: 0x80009d70 (0x283f2a23) sw      gp, 660(t5)
core   0: 3 0x80009d70 (0x283f2a23) mem 0x80010000 0x00000001
core   0: 0x80009d74 (0xff9ff06f) j       pc - 0x8
core   0: 3 0x80009d74 (0xff9ff06f)
core   0: 0x80009d6c (0x00006f17) auipc   t5, 0x6
core   0: 3 0x80009d6c (0x00006f17) x30 0x8000fd6c
core   0: 0x80009d70 (0x283f2a23) sw      gp, 660(t5)
core   0: 3 0x80009d70 (0x283f2a23) mem 0x80010000 0x00000001
core   0: 0x80009d74 (0xff9ff06f) j       pc - 0x8
core   0: 3 0x80009d74 (0xff9ff06f)
core   0: 0x80009d6c (0x00006f17) auipc   t5, 0x6
core   0: 3 0x80009d6c (0x00006f17) x30 0x8000fd6c
core   0: 0x80009d70 (0x283f2a23) sw      gp, 660(t5)
core   0: 3 0x80009d70 (0x283f2a23) mem 0x80010000 0x00000001
core   0: 0x80009d74 (0xff9ff06f) j       pc - 0x8
core   0: 3 0x80009d74 (0xff9ff06f)
core   0: 0x80009d6c (0x00006f17) auipc   t5, 0x6
core   0: 3 0x80009d6c (0x00006f17) x30 0x8000fd6c
core   0: 0x80009d70 (0x283f2a23) sw      gp, 660(t5)
core   0: 3 0x80009d70 (0x283f2a23) mem 0x80010000 0x00000001
core   0: 0x80009d74 (0xff9ff06f) j       pc - 0x8
core   0: 3 0x80009d74 (0xff9ff06f)
core   0: 0x80009d6c (0x00006f17) auipc   t5, 0x6
core   0: 3 0x80009d6c (0x00006f17) x30 0x8000fd6c
core   0: 0x80009d70 (0x283f2a23) sw      gp, 660(t5)
core   0: 3 0x80009d70 (0x283f2a23) mem 0x80010000 0x00000001
core   0: 0x80009d74 (0xff9ff06f) j       pc - 0x8
core   0: 3 0x80009d74 (0xff9ff06f)
core   0: 0x80009d6c (0x00006f17) auipc   t5, 0x6
core   0: 3 0x80009d6c (0x00006f17) x30 0x8000fd6c
core   0: 0x80009d70 (0x283f2a23) sw      gp, 660(t5)
core   0: 3 0x80009d70 (0x283f2a23) mem 0x80010000 0x00000001
core   0: 0x80009d74 (0xff9ff06f) j       pc - 0x8
core   0: 3 0x80009d74 (0xff9ff06f)
core   0: 0x80009d6c (0x00006f17) auipc   t5, 0x6
core   0: 3 0x80009d6c (0x00006f17) x30 0x8000fd6c
core   0: 0x80009d70 (0x283f2a23) sw      gp, 660(t5)
core   0: 3 0x80009d70 (0x283f2a23) mem 0x80010000 0x00000001
core   0: 0x80009d74 (0xff9ff06f) j       pc - 0x8
core   0: 3 0x80009d74 (0xff9ff06f)
core   0: 0x80009d6c (0x00006f17) auipc   t5, 0x6
core   0: 3 0x80009d6c (0x00006f17) x30 0x8000fd6c
core   0: 0x80009d70 (0x283f2a23) sw      gp, 660(t5)
core   0: 3 0x80009d70 (0x283f2a23) mem 0x80010000 0x00000001
core   0: 0x80009d74 (0xff9ff06f) j       pc - 0x8
core   0: 3 0x80009d74 (0xff9ff06f)
core   0: 0x80009d6c (0x00006f17) auipc   t5, 0x6
core   0: 3 0x80009d6c (0x00006f17) x30 0x8000fd6c
core   0: 0x80009d70 (0x283f2a23) sw      gp, 660(t5)
core   0: 3 0x80009d70 (0x283f2a23) mem 0x80010000 0x00000001
core   0: 0x80009d74 (0xff9ff06f) j       pc - 0x8
core   0: 3 0x80009d74 (0xff9ff06f)
core   0: 0x80009d6c (0x00006f17) auipc   t5, 0x6
core   0: 3 0x80009d6c (0x00006f17) x30 0x8000fd6c
core   0: 0x80009d70 (0x283f2a23) sw      gp, 660(t5)
core   0: 3 0x80009d70 (0x283f2a23) mem 0x80010000 0x00000001
core   0: 0x80009d74 (0xff9ff06f) j       pc - 0x8
core   0: 3 0x80009d74 (0xff9ff06f)
core   0: 0x80009d6c (0x00006f17) auipc   t5, 0x6
core   0: 3 0x80009d6c (0x00006f17) x30 0x8000fd6c
core   0: 0x80009d70 (0x283f2a23) sw      gp, 660(t5)
core   0: 3 0x80009d70 (0x283f2a23) mem 0x80010000 0x00000001
core   0: 0x80009d74 (0xff9ff06f) j       pc - 0x8
core   0: 3 0x80009d74 (0xff9ff06f)
core   0: 0x80009d6c (0x00006f17) auipc   t5, 0x6
core   0: 3 0x80009d6c (0x00006f17) x30 0x8000fd6c
core   0: 0x80009d70 (0x283f2a23) sw      gp, 660(t5)
core   0: 3 0x80009d70 (0x283f2a23) mem 0x80010000 0x00000001
core   0: 0x80009d74 (0xff9ff06f) j       pc - 0x8
core   0: 3 0x80009d74 (0xff9ff06f)
core   0: 0x80009d6c (0x00006f17) auipc   t5, 0x6
core   0: 3 0x80009d6c (0x00006f17) x30 0x8000fd6c
core   0: 0x80009d70 (0x283f2a23) sw      gp, 660(t5)
core   0: 3 0x80009d70 (0x283f2a23) mem 0x80010000 0x00000001
core   0: 0x80009d74 (0xff9ff06f) j       pc - 0x8
core   0: 3 0x80009d74 (0xff9ff06f)
core   0: 0x80009d6c (0x00006f17) auipc   t5, 0x6
core   0: 3 0x80009d6c (0x00006f17) x30 0x8000fd6c
core   0: 0x80009d70 (0x283f2a23) sw      gp, 660(t5)
core   0: 3 0x80009d70 (0x283f2a23) mem 0x80010000 0x00000001
core   0: 0x80009d74 (0xff9ff06f) j       pc - 0x8
core   0: 3 0x80009d74 (0xff9ff06f)
core   0: 0x80009d6c (0x00006f17) auipc   t5, 0x6
core   0: 3 0x80009d6c (0x00006f17) x30 0x8000fd6c
core   0: 0x80009d70 (0x283f2a23) sw      gp, 660(t5)
core   0: 3 0x80009d70 (0x283f2a23) mem 0x80010000 0x00000001
core   0: 0x80009d74 (0xff9ff06f) j       pc - 0x8
core   0: 3 0x80009d74 (0xff9ff06f)
core   0: 0x80009d6c (0x00006f17) auipc   t5, 0x6
core   0: 3 0x80009d6c (0x00006f17) x30 0x8000fd6c
core   0: 0x80009d70 (0x283f2a23) sw      gp, 660(t5)
core   0: 3 0x80009d70 (0x283f2a23) mem 0x80010000 0x00000001
core   0: 0x80009d74 (0xff9ff06f) j       pc - 0x8
core   0: 3 0x80009d74 (0xff9ff06f)
core   0: 0x80009d6c (0x00006f17) auipc   t5, 0x6
core   0: 3 0x80009d6c (0x00006f17) x30 0x8000fd6c
core   0: 0x80009d70 (0x283f2a23) sw      gp, 660(t5)
core   0: 3 0x80009d70 (0x283f2a23) mem 0x80010000 0x00000001
core   0: 0x80009d74 (0xff9ff06f) j       pc - 0x8
core   0: 3 0x80009d74 (0xff9ff06f)
core   0: 0x80009d6c (0x00006f17) auipc   t5, 0x6
core   0: 3 0x80009d6c (0x00006f17) x30 0x8000fd6c
core   0: 0x80009d70 (0x283f2a23) sw      gp, 660(t5)
core   0: 3 0x80009d70 (0x283f2a23) mem 0x80010000 0x00000001
core   0: 0x80009d74 (0xff9ff06f) j       pc - 0x8
core   0: 3 0x80009d74 (0xff9ff06f)
core   0: 0x80009d6c (0x00006f17) auipc   t5, 0x6
core   0: 3 0x80009d6c (0x00006f17) x30 0x8000fd6c
core   0: 0x80009d70 (0x283f2a23) sw      gp, 660(t5)
core   0: 3 0x80009d70 (0x283f2a23) mem 0x80010000 0x00000001
core   0: 0x80009d74 (0xff9ff06f) j       pc - 0x8
core   0: 3 0x80009d74 (0xff9ff06f)
core   0: 0x80009d6c (0x00006f17) auipc   t5, 0x6
core   0: 3 0x80009d6c (0x00006f17) x30 0x8000fd6c
core   0: 0x80009d70 (0x283f2a23) sw      gp, 660(t5)
core   0: 3 0x80009d70 (0x283f2a23) mem 0x80010000 0x00000001
core   0: 0x80009d74 (0xff9ff06f) j       pc - 0x8
core   0: 3 0x80009d74 (0xff9ff06f)
core   0: 0x80009d6c (0x00006f17) auipc   t5, 0x6
core   0: 3 0x80009d6c (0x00006f17) x30 0x8000fd6c
core   0: 0x80009d70 (0x283f2a23) sw      gp, 660(t5)
core   0: 3 0x80009d70 (0x283f2a23) mem 0x80010000 0x00000001
core   0: 0x80009d74 (0xff9ff06f) j       pc - 0x8
core   0: 3 0x80009d74 (0xff9ff06f)
core   0: 0x80009d6c (0x00006f17) auipc   t5, 0x6
core   0: 3 0x80009d6c (0x00006f17) x30 0x8000fd6c
core   0: 0x80009d70 (0x283f2a23) sw      gp, 660(t5)
core   0: 3 0x80009d70 (0x283f2a23) mem 0x80010000 0x00000001
core   0: 0x80009d74 (0xff9ff06f) j       pc - 0x8
core   0: 3 0x80009d74 (0xff9ff06f)
core   0: 0x80009d6c (0x00006f17) auipc   t5, 0x6
core   0: 3 0x80009d6c (0x00006f17) x30 0x8000fd6c
core   0: 0x80009d70 (0x283f2a23) sw      gp, 660(t5)
core   0: 3 0x80009d70 (0x283f2a23) mem 0x80010000 0x00000001
core   0: 0x80009d74 (0xff9ff06f) j       pc - 0x8
core   0: 3 0x80009d74 (0xff9ff06f)
core   0: 0x80009d6c (0x00006f17) auipc   t5, 0x6
core   0: 3 0x80009d6c (0x00006f17) x30 0x8000fd6c
core   0: 0x80009d70 (0x283f2a23) sw      gp, 660(t5)
core   0: 3 0x80009d70 (0x283f2a23) mem 0x80010000 0x00000001
core   0: 0x80009d74 (0xff9ff06f) j       pc - 0x8
core   0: 3 0x80009d74 (0xff9ff06f)
core   0: 0x80009d6c (0x00006f17) auipc   t5, 0x6
core   0: 3 0x80009d6c (0x00006f17) x30 0x8000fd6c
core   0: 0x80009d70 (0x283f2a23) sw      gp, 660(t5)
core   0: 3 0x80009d70 (0x283f2a23) mem 0x80010000 0x00000001
core   0: 0x80009d74 (0xff9ff06f) j       pc - 0x8
core   0: 3 0x80009d74 (0xff9ff06f)
core   0: 0x80009d6c (0x00006f17) auipc   t5, 0x6
core   0: 3 0x80009d6c (0x00006f17) x30 0x8000fd6c
core   0: 0x80009d70 (0x283f2a23) sw      gp, 660(t5)
core   0: 3 0x80009d70 (0x283f2a23) mem 0x80010000 0x00000001
core   0: 0x80009d74 (0xff9ff06f) j       pc - 0x8
core   0: 3 0x80009d74 (0xff9ff06f)
core   0: 0x80009d6c (0x00006f17) auipc   t5, 0x6
core   0: 3 0x80009d6c (0x00006f17) x30 0x8000fd6c
core   0: 0x80009d70 (0x283f2a23) sw      gp, 660(t5)
core   0: 3 0x80009d70 (0x283f2a23) mem 0x80010000 0x00000001
core   0: 0x80009d74 (0xff9ff06f) j       pc - 0x8
core   0: 3 0x80009d74 (0xff9ff06f)
core   0: 0x80009d6c (0x00006f17) auipc   t5, 0x6
core   0: 3 0x80009d6c (0x00006f17) x30 0x8000fd6c
core   0: 0x80009d70 (0x283f2a23) sw      gp, 660(t5)
core   0: 3 0x80009d70 (0x283f2a23) mem 0x80010000 0x00000001
core   0: 0x80009d74 (0xff9ff06f) j       pc - 0x8
core   0: 3 0x80009d74 (0xff9ff06f)
core   0: 0x80009d6c (0x00006f17) auipc   t5, 0x6
core   0: 3 0x80009d6c (0x00006f17) x30 0x8000fd6c
core   0: 0x80009d70 (0x283f2a23) sw      gp, 660(t5)
core   0: 3 0x80009d70 (0x283f2a23) mem 0x80010000 0x00000001
core   0: 0x80009d74 (0xff9ff06f) j       pc - 0x8
core   0: 3 0x80009d74 (0xff9ff06f)
core   0: 0x80009d6c (0x00006f17) auipc   t5, 0x6
core   0: 3 0x80009d6c (0x00006f17) x30 0x8000fd6c
core   0: 0x80009d70 (0x283f2a23) sw      gp, 660(t5)
core   0: 3 0x80009d70 (0x283f2a23) mem 0x80010000 0x00000001
core   0: 0x80009d74 (0xff9ff06f) j       pc - 0x8
core   0: 3 0x80009d74 (0xff9ff06f)
core   0: 0x80009d6c (0x00006f17) auipc   t5, 0x6
core   0: 3 0x80009d6c (0x00006f17) x30 0x8000fd6c
core   0: 0x80009d70 (0x283f2a23) sw      gp, 660(t5)
core   0: 3 0x80009d70 (0x283f2a23) mem 0x80010000 0x00000001
core   0: 0x80009d74 (0xff9ff06f) j       pc - 0x8
core   0: 3 0x80009d74 (0xff9ff06f)
core   0: 0x80009d6c (0x00006f17) auipc   t5, 0x6
core   0: 3 0x80009d6c (0x00006f17) x30 0x8000fd6c
core   0: 0x80009d70 (0x283f2a23) sw      gp, 660(t5)
core   0: 3 0x80009d70 (0x283f2a23) mem 0x80010000 0x00000001
core   0: 0x80009d74 (0xff9ff06f) j       pc - 0x8
core   0: 3 0x80009d74 (0xff9ff06f)
core   0: 0x80009d6c (0x00006f17) auipc   t5, 0x6
core   0: 3 0x80009d6c (0x00006f17) x30 0x8000fd6c
core   0: 0x80009d70 (0x283f2a23) sw      gp, 660(t5)
core   0: 3 0x80009d70 (0x283f2a23) mem 0x80010000 0x00000001
core   0: 0x80009d74 (0xff9ff06f) j       pc - 0x8
core   0: 3 0x80009d74 (0xff9ff06f)
core   0: 0x80009d6c (0x00006f17) auipc   t5, 0x6
core   0: 3 0x80009d6c (0x00006f17) x30 0x8000fd6c
core   0: 0x80009d70 (0x283f2a23) sw      gp, 660(t5)
core   0: 3 0x80009d70 (0x283f2a23) mem 0x80010000 0x00000001
core   0: 0x80009d74 (0xff9ff06f) j       pc - 0x8
core   0: 3 0x80009d74 (0xff9ff06f)
core   0: 0x80009d6c (0x00006f17) auipc   t5, 0x6
core   0: 3 0x80009d6c (0x00006f17) x30 0x8000fd6c
core   0: 0x80009d70 (0x283f2a23) sw      gp, 660(t5)
core   0: 3 0x80009d70 (0x283f2a23) mem 0x80010000 0x00000001
core   0: 0x80009d74 (0xff9ff06f) j       pc - 0x8
core   0: 3 0x80009d74 (0xff9ff06f)
core   0: 0x80009d6c (0x00006f17) auipc   t5, 0x6
core   0: 3 0x80009d6c (0x00006f17) x30 0x8000fd6c
core   0: 0x80009d70 (0x283f2a23) sw      gp, 660(t5)
core   0: 3 0x80009d70 (0x283f2a23) mem 0x80010000 0x00000001
core   0: 0x80009d74 (0xff9ff06f) j       pc - 0x8
core   0: 3 0x80009d74 (0xff9ff06f)
core   0: 0x80009d6c (0x00006f17) auipc   t5, 0x6
core   0: 3 0x80009d6c (0x00006f17) x30 0x8000fd6c
core   0: 0x80009d70 (0x283f2a23) sw      gp, 660(t5)
core   0: 3 0x80009d70 (0x283f2a23) mem 0x80010000 0x00000001
core   0: 0x80009d74 (0xff9ff06f) j       pc - 0x8
core   0: 3 0x80009d74 (0xff9ff06f)
core   0: 0x80009d6c (0x00006f17) auipc   t5, 0x6
core   0: 3 0x80009d6c (0x00006f17) x30 0x8000fd6c
core   0: 0x80009d70 (0x283f2a23) sw      gp, 660(t5)
core   0: 3 0x80009d70 (0x283f2a23) mem 0x80010000 0x00000001
core   0: 0x80009d74 (0xff9ff06f) j       pc - 0x8
core   0: 3 0x80009d74 (0xff9ff06f)
core   0: 0x80009d6c (0x00006f17) auipc   t5, 0x6
core   0: 3 0x80009d6c (0x00006f17) x30 0x8000fd6c
core   0: 0x80009d70 (0x283f2a23) sw      gp, 660(t5)
core   0: 3 0x80009d70 (0x283f2a23) mem 0x80010000 0x00000001
core   0: 0x80009d74 (0xff9ff06f) j       pc - 0x8
core   0: 3 0x80009d74 (0xff9ff06f)
core   0: 0x80009d6c (0x00006f17) auipc   t5, 0x6
core   0: 3 0x80009d6c (0x00006f17) x30 0x8000fd6c
core   0: 0x80009d70 (0x283f2a23) sw      gp, 660(t5)
core   0: 3 0x80009d70 (0x283f2a23) mem 0x80010000 0x00000001
core   0: 0x80009d74 (0xff9ff06f) j       pc - 0x8
core   0: 3 0x80009d74 (0xff9ff06f)
core   0: 0x80009d6c (0x00006f17) auipc   t5, 0x6
core   0: 3 0x80009d6c (0x00006f17) x30 0x8000fd6c
core   0: 0x80009d70 (0x283f2a23) sw      gp, 660(t5)
core   0: 3 0x80009d70 (0x283f2a23) mem 0x80010000 0x00000001
core   0: 0x80009d74 (0xff9ff06f) j       pc - 0x8
core   0: 3 0x80009d74 (0xff9ff06f)
core   0: 0x80009d6c (0x00006f17) auipc   t5, 0x6
core   0: 3 0x80009d6c (0x00006f17) x30 0x8000fd6c
core   0: 0x80009d70 (0x283f2a23) sw      gp, 660(t5)
core   0: 3 0x80009d70 (0x283f2a23) mem 0x80010000 0x00000001
core   0: 0x80009d74 (0xff9ff06f) j       pc - 0x8
core   0: 3 0x80009d74 (0xff9ff06f)
core   0: 0x80009d6c (0x00006f17) auipc   t5, 0x6
core   0: 3 0x80009d6c (0x00006f17) x30 0x8000fd6c
core   0: 0x80009d70 (0x283f2a23) sw      gp, 660(t5)
core   0: 3 0x80009d70 (0x283f2a23) mem 0x80010000 0x00000001
core   0: 0x80009d74 (0xff9ff06f) j       pc - 0x8
core   0: 3 0x80009d74 (0xff9ff06f)
core   0: 0x80009d6c (0x00006f17) auipc   t5, 0x6
core   0: 3 0x80009d6c (0x00006f17) x30 0x8000fd6c
core   0: 0x80009d70 (0x283f2a23) sw      gp, 660(t5)
core   0: 3 0x80009d70 (0x283f2a23) mem 0x80010000 0x00000001
core   0: 0x80009d74 (0xff9ff06f) j       pc - 0x8
core   0: 3 0x80009d74 (0xff9ff06f)
core   0: 0x80009d6c (0x00006f17) auipc   t5, 0x6
core   0: 3 0x80009d6c (0x00006f17) x30 0x8000fd6c
core   0: 0x80009d70 (0x283f2a23) sw      gp, 660(t5)
core   0: 3 0x80009d70 (0x283f2a23) mem 0x80010000 0x00000001
core   0: 0x80009d74 (0xff9ff06f) j       pc - 0x8
core   0: 3 0x80009d74 (0xff9ff06f)
core   0: 0x80009d6c (0x00006f17) auipc   t5, 0x6
core   0: 3 0x80009d6c (0x00006f17) x30 0x8000fd6c
core   0: 0x80009d70 (0x283f2a23) sw      gp, 660(t5)
core   0: 3 0x80009d70 (0x283f2a23) mem 0x80010000 0x00000001
core   0: 0x80009d74 (0xff9ff06f) j       pc - 0x8
core   0: 3 0x80009d74 (0xff9ff06f)
core   0: 0x80009d6c (0x00006f17) auipc   t5, 0x6
core   0: 3 0x80009d6c (0x00006f17) x30 0x8000fd6c
core   0: 0x80009d70 (0x283f2a23) sw      gp, 660(t5)
core   0: 3 0x80009d70 (0x283f2a23) mem 0x80010000 0x00000001
core   0: 0x80009d74 (0xff9ff06f) j       pc - 0x8
core   0: 3 0x80009d74 (0xff9ff06f)
core   0: 0x80009d6c (0x00006f17) auipc   t5, 0x6
core   0: 3 0x80009d6c (0x00006f17) x30 0x8000fd6c
core   0: 0x80009d70 (0x283f2a23) sw      gp, 660(t5)
core   0: 3 0x80009d70 (0x283f2a23) mem 0x80010000 0x00000001
core   0: 0x80009d74 (0xff9ff06f) j       pc - 0x8
core   0: 3 0x80009d74 (0xff9ff06f)
core   0: 0x80009d6c (0x00006f17) auipc   t5, 0x6
core   0: 3 0x80009d6c (0x00006f17) x30 0x8000fd6c
core   0: 0x80009d70 (0x283f2a23) sw      gp, 660(t5)
core   0: 3 0x80009d70 (0x283f2a23) mem 0x80010000 0x00000001
core   0: 0x80009d74 (0xff9ff06f) j       pc - 0x8
core   0: 3 0x80009d74 (0xff9ff06f)
core   0: 0x80009d6c (0x00006f17) auipc   t5, 0x6
core   0: 3 0x80009d6c (0x00006f17) x30 0x8000fd6c
core   0: 0x80009d70 (0x283f2a23) sw      gp, 660(t5)
core   0: 3 0x80009d70 (0x283f2a23) mem 0x80010000 0x00000001
core   0: 0x80009d74 (0xff9ff06f) j       pc - 0x8
core   0: 3 0x80009d74 (0xff9ff06f)
core   0: 0x80009d6c (0x00006f17) auipc   t5, 0x6
core   0: 3 0x80009d6c (0x00006f17) x30 0x8000fd6c
core   0: 0x80009d70 (0x283f2a23) sw      gp, 660(t5)
core   0: 3 0x80009d70 (0x283f2a23) mem 0x80010000 0x00000001
core   0: 0x80009d74 (0xff9ff06f) j       pc - 0x8
core   0: 3 0x80009d74 (0xff9ff06f)
core   0: 0x80009d6c (0x00006f17) auipc   t5, 0x6
core   0: 3 0x80009d6c (0x00006f17) x30 0x8000fd6c
core   0: 0x80009d70 (0x283f2a23) sw      gp, 660(t5)
core   0: 3 0x80009d70 (0x283f2a23) mem 0x80010000 0x00000001
core   0: 0x80009d74 (0xff9ff06f) j       pc - 0x8
core   0: 3 0x80009d74 (0xff9ff06f)
core   0: 0x80009d6c (0x00006f17) auipc   t5, 0x6
core   0: 3 0x80009d6c (0x00006f17) x30 0x8000fd6c
core   0: 0x80009d70 (0x283f2a23) sw      gp, 660(t5)
core   0: 3 0x80009d70 (0x283f2a23) mem 0x80010000 0x00000001
core   0: 0x80009d74 (0xff9ff06f) j       pc - 0x8
core   0: 3 0x80009d74 (0xff9ff06f)
core   0: 0x80009d6c (0x00006f17) auipc   t5, 0x6
core   0: 3 0x80009d6c (0x00006f17) x30 0x8000fd6c
core   0: 0x80009d70 (0x283f2a23) sw      gp, 660(t5)
core   0: 3 0x80009d70 (0x283f2a23) mem 0x80010000 0x00000001
core   0: 0x80009d74 (0xff9ff06f) j       pc - 0x8
core   0: 3 0x80009d74 (0xff9ff06f)
core   0: 0x80009d6c (0x00006f17) auipc   t5, 0x6
core   0: 3 0x80009d6c (0x00006f17) x30 0x8000fd6c
core   0: 0x80009d70 (0x283f2a23) sw      gp, 660(t5)
core   0: 3 0x80009d70 (0x283f2a23) mem 0x80010000 0x00000001
core   0: 0x80009d74 (0xff9ff06f) j       pc - 0x8
core   0: 3 0x80009d74 (0xff9ff06f)
core   0: 0x80009d6c (0x00006f17) auipc   t5, 0x6
core   0: 3 0x80009d6c (0x00006f17) x30 0x8000fd6c
core   0: 0x80009d70 (0x283f2a23) sw      gp, 660(t5)
core   0: 3 0x80009d70 (0x283f2a23) mem 0x80010000 0x00000001
core   0: 0x80009d74 (0xff9ff06f) j       pc - 0x8
core   0: 3 0x80009d74 (0xff9ff06f)
core   0: 0x80009d6c (0x00006f17) auipc   t5, 0x6
core   0: 3 0x80009d6c (0x00006f17) x30 0x8000fd6c
core   0: 0x80009d70 (0x283f2a23) sw      gp, 660(t5)
core   0: 3 0x80009d70 (0x283f2a23) mem 0x80010000 0x00000001
core   0: 0x80009d74 (0xff9ff06f) j       pc - 0x8
core   0: 3 0x80009d74 (0xff9ff06f)
core   0: 0x80009d6c (0x00006f17) auipc   t5, 0x6
core   0: 3 0x80009d6c (0x00006f17) x30 0x8000fd6c
core   0: 0x80009d70 (0x283f2a23) sw      gp, 660(t5)
core   0: 3 0x80009d70 (0x283f2a23) mem 0x80010000 0x00000001
core   0: 0x80009d74 (0xff9ff06f) j       pc - 0x8
core   0: 3 0x80009d74 (0xff9ff06f)
core   0: 0x80009d6c (0x00006f17) auipc   t5, 0x6
core   0: 3 0x80009d6c (0x00006f17) x30 0x8000fd6c
core   0: 0x80009d70 (0x283f2a23) sw      gp, 660(t5)
core   0: 3 0x80009d70 (0x283f2a23) mem 0x80010000 0x00000001
core   0: 0x80009d74 (0xff9ff06f) j       pc - 0x8
core   0: 3 0x80009d74 (0xff9ff06f)
core   0: 0x80009d6c (0x00006f17) auipc   t5, 0x6
core   0: 3 0x80009d6c (0x00006f17) x30 0x8000fd6c
core   0: 0x80009d70 (0x283f2a23) sw      gp, 660(t5)
core   0: 3 0x80009d70 (0x283f2a23) mem 0x80010000 0x00000001
core   0: 0x80009d74 (0xff9ff06f) j       pc - 0x8
core   0: 3 0x80009d74 (0xff9ff06f)
core   0: 0x80009d6c (0x00006f17) auipc   t5, 0x6
core   0: 3 0x80009d6c (0x00006f17) x30 0x8000fd6c
core   0: 0x80009d70 (0x283f2a23) sw      gp, 660(t5)
core   0: 3 0x80009d70 (0x283f2a23) mem 0x80010000 0x00000001
core   0: 0x80009d74 (0xff9ff06f) j       pc - 0x8
core   0: 3 0x80009d74 (0xff9ff06f)
core   0: 0x80009d6c (0x00006f17) auipc   t5, 0x6
core   0: 3 0x80009d6c (0x00006f17) x30 0x8000fd6c
core   0: 0x80009d70 (0x283f2a23) sw      gp, 660(t5)
core   0: 3 0x80009d70 (0x283f2a23) mem 0x80010000 0x00000001
core   0: 0x80009d74 (0xff9ff06f) j       pc - 0x8
core   0: 3 0x80009d74 (0xff9ff06f)
core   0: 0x80009d6c (0x00006f17) auipc   t5, 0x6
core   0: 3 0x80009d6c (0x00006f17) x30 0x8000fd6c
core   0: 0x80009d70 (0x283f2a23) sw      gp, 660(t5)
core   0: 3 0x80009d70 (0x283f2a23) mem 0x80010000 0x00000001
core   0: 0x80009d74 (0xff9ff06f) j       pc - 0x8
core   0: 3 0x80009d74 (0xff9ff06f)
core   0: 0x80009d6c (0x00006f17) auipc   t5, 0x6
core   0: 3 0x80009d6c (0x00006f17) x30 0x8000fd6c
core   0: 0x80009d70 (0x283f2a23) sw      gp, 660(t5)
core   0: 3 0x80009d70 (0x283f2a23) mem 0x80010000 0x00000001
core   0: 0x80009d74 (0xff9ff06f) j       pc - 0x8
core   0: 3 0x80009d74 (0xff9ff06f)
core   0: 0x80009d6c (0x00006f17) auipc   t5, 0x6
core   0: 3 0x80009d6c (0x00006f17) x30 0x8000fd6c
core   0: 0x80009d70 (0x283f2a23) sw      gp, 660(t5)
core   0: 3 0x80009d70 (0x283f2a23) mem 0x80010000 0x00000001
core   0: 0x80009d74 (0xff9ff06f) j       pc - 0x8
core   0: 3 0x80009d74 (0xff9ff06f)
core   0: 0x80009d6c (0x00006f17) auipc   t5, 0x6
core   0: 3 0x80009d6c (0x00006f17) x30 0x8000fd6c
core   0: 0x80009d70 (0x283f2a23) sw      gp, 660(t5)
core   0: 3 0x80009d70 (0x283f2a23) mem 0x80010000 0x00000001
core   0: 0x80009d74 (0xff9ff06f) j       pc - 0x8
core   0: 3 0x80009d74 (0xff9ff06f)
core   0: 0x80009d6c (0x00006f17) auipc   t5, 0x6
core   0: 3 0x80009d6c (0x00006f17) x30 0x8000fd6c
core   0: 0x80009d70 (0x283f2a23) sw      gp, 660(t5)
core   0: 3 0x80009d70 (0x283f2a23) mem 0x80010000 0x00000001
core   0: 0x80009d74 (0xff9ff06f) j       pc - 0x8
core   0: 3 0x80009d74 (0xff9ff06f)
core   0: 0x80009d6c (0x00006f17) auipc   t5, 0x6
core   0: 3 0x80009d6c (0x00006f17) x30 0x8000fd6c
core   0: 0x80009d70 (0x283f2a23) sw      gp, 660(t5)
core   0: 3 0x80009d70 (0x283f2a23) mem 0x80010000 0x00000001
core   0: 0x80009d74 (0xff9ff06f) j       pc - 0x8
core   0: 3 0x80009d74 (0xff9ff06f)
core   0: 0x80009d6c (0x00006f17) auipc   t5, 0x6
core   0: 3 0x80009d6c (0x00006f17) x30 0x8000fd6c
core   0: 0x80009d70 (0x283f2a23) sw      gp, 660(t5)
core   0: 3 0x80009d70 (0x283f2a23) mem 0x80010000 0x00000001
core   0: 0x80009d74 (0xff9ff06f) j       pc - 0x8
core   0: 3 0x80009d74 (0xff9ff06f)
core   0: 0x80009d6c (0x00006f17) auipc   t5, 0x6
core   0: 3 0x80009d6c (0x00006f17) x30 0x8000fd6c
core   0: 0x80009d70 (0x283f2a23) sw      gp, 660(t5)
core   0: 3 0x80009d70 (0x283f2a23) mem 0x80010000 0x00000001
core   0: 0x80009d74 (0xff9ff06f) j       pc - 0x8
core   0: 3 0x80009d74 (0xff9ff06f)
core   0: 0x80009d6c (0x00006f17) auipc   t5, 0x6
core   0: 3 0x80009d6c (0x00006f17) x30 0x8000fd6c
core   0: 0x80009d70 (0x283f2a23) sw      gp, 660(t5)
core   0: 3 0x80009d70 (0x283f2a23) mem 0x80010000 0x00000001
core   0: 0x80009d74 (0xff9ff06f) j       pc - 0x8
core   0: 3 0x80009d74 (0xff9ff06f)
core   0: 0x80009d6c (0x00006f17) auipc   t5, 0x6
core   0: 3 0x80009d6c (0x00006f17) x30 0x8000fd6c
core   0: 0x80009d70 (0x283f2a23) sw      gp, 660(t5)
core   0: 3 0x80009d70 (0x283f2a23) mem 0x80010000 0x00000001
core   0: 0x80009d74 (0xff9ff06f) j       pc - 0x8
core   0: 3 0x80009d74 (0xff9ff06f)
core   0: 0x80009d6c (0x00006f17) auipc   t5, 0x6
core   0: 3 0x80009d6c (0x00006f17) x30 0x8000fd6c
core   0: 0x80009d70 (0x283f2a23) sw      gp, 660(t5)
core   0: 3 0x80009d70 (0x283f2a23) mem 0x80010000 0x00000001
core   0: 0x80009d74 (0xff9ff06f) j       pc - 0x8
core   0: 3 0x80009d74 (0xff9ff06f)
core   0: 0x80009d6c (0x00006f17) auipc   t5, 0x6
core   0: 3 0x80009d6c (0x00006f17) x30 0x8000fd6c
core   0: 0x80009d70 (0x283f2a23) sw      gp, 660(t5)
core   0: 3 0x80009d70 (0x283f2a23) mem 0x80010000 0x00000001
core   0: 0x80009d74 (0xff9ff06f) j       pc - 0x8
core   0: 3 0x80009d74 (0xff9ff06f)
core   0: 0x80009d6c (0x00006f17) auipc   t5, 0x6
core   0: 3 0x80009d6c (0x00006f17) x30 0x8000fd6c
core   0: 0x80009d70 (0x283f2a23) sw      gp, 660(t5)
core   0: 3 0x80009d70 (0x283f2a23) mem 0x80010000 0x00000001
core   0: 0x80009d74 (0xff9ff06f) j       pc - 0x8
core   0: 3 0x80009d74 (0xff9ff06f)
core   0: 0x80009d6c (0x00006f17) auipc   t5, 0x6
core   0: 3 0x80009d6c (0x00006f17) x30 0x8000fd6c
core   0: 0x80009d70 (0x283f2a23) sw      gp, 660(t5)
core   0: 3 0x80009d70 (0x283f2a23) mem 0x80010000 0x00000001
core   0: 0x80009d74 (0xff9ff06f) j       pc - 0x8
core   0: 3 0x80009d74 (0xff9ff06f)
core   0: 0x80009d6c (0x00006f17) auipc   t5, 0x6
core   0: 3 0x80009d6c (0x00006f17) x30 0x8000fd6c
core   0: 0x80009d70 (0x283f2a23) sw      gp, 660(t5)
core   0: 3 0x80009d70 (0x283f2a23) mem 0x80010000 0x00000001
core   0: 0x80009d74 (0xff9ff06f) j       pc - 0x8
core   0: 3 0x80009d74 (0xff9ff06f)
core   0: 0x80009d6c (0x00006f17) auipc   t5, 0x6
core   0: 3 0x80009d6c (0x00006f17) x30 0x8000fd6c
core   0: 0x80009d70 (0x283f2a23) sw      gp, 660(t5)
core   0: 3 0x80009d70 (0x283f2a23) mem 0x80010000 0x00000001
core   0: 0x80009d74 (0xff9ff06f) j       pc - 0x8
core   0: 3 0x80009d74 (0xff9ff06f)
core   0: 0x80009d6c (0x00006f17) auipc   t5, 0x6
core   0: 3 0x80009d6c (0x00006f17) x30 0x8000fd6c
core   0: 0x80009d70 (0x283f2a23) sw      gp, 660(t5)
core   0: 3 0x80009d70 (0x283f2a23) mem 0x80010000 0x00000001
core   0: 0x80009d74 (0xff9ff06f) j       pc - 0x8
core   0: 3 0x80009d74 (0xff9ff06f)
core   0: 0x80009d6c (0x00006f17) auipc   t5, 0x6
core   0: 3 0x80009d6c (0x00006f17) x30 0x8000fd6c
core   0: 0x80009d70 (0x283f2a23) sw      gp, 660(t5)
core   0: 3 0x80009d70 (0x283f2a23) mem 0x80010000 0x00000001
core   0: 0x80009d74 (0xff9ff06f) j       pc - 0x8
core   0: 3 0x80009d74 (0xff9ff06f)
core   0: 0x80009d6c (0x00006f17) auipc   t5, 0x6
core   0: 3 0x80009d6c (0x00006f17) x30 0x8000fd6c
core   0: 0x80009d70 (0x283f2a23) sw      gp, 660(t5)
core   0: 3 0x80009d70 (0x283f2a23) mem 0x80010000 0x00000001
core   0: 0x80009d74 (0xff9ff06f) j       pc - 0x8
core   0: 3 0x80009d74 (0xff9ff06f)
core   0: 0x80009d6c (0x00006f17) auipc   t5, 0x6
core   0: 3 0x80009d6c (0x00006f17) x30 0x8000fd6c
core   0: 0x80009d70 (0x283f2a23) sw      gp, 660(t5)
core   0: 3 0x80009d70 (0x283f2a23) mem 0x80010000 0x00000001
core   0: 0x80009d74 (0xff9ff06f) j       pc - 0x8
core   0: 3 0x80009d74 (0xff9ff06f)
core   0: 0x80009d6c (0x00006f17) auipc   t5, 0x6
core   0: 3 0x80009d6c (0x00006f17) x30 0x8000fd6c
core   0: 0x80009d70 (0x283f2a23) sw      gp, 660(t5)
core   0: 3 0x80009d70 (0x283f2a23) mem 0x80010000 0x00000001
core   0: 0x80009d74 (0xff9ff06f) j       pc - 0x8
core   0: 3 0x80009d74 (0xff9ff06f)
core   0: 0x80009d6c (0x00006f17) auipc   t5, 0x6
core   0: 3 0x80009d6c (0x00006f17) x30 0x8000fd6c
core   0: 0x80009d70 (0x283f2a23) sw      gp, 660(t5)
core   0: 3 0x80009d70 (0x283f2a23) mem 0x80010000 0x00000001
core   0: 0x80009d74 (0xff9ff06f) j       pc - 0x8
core   0: 3 0x80009d74 (0xff9ff06f)
core   0: 0x80009d6c (0x00006f17) auipc   t5, 0x6
core   0: 3 0x80009d6c (0x00006f17) x30 0x8000fd6c
core   0: 0x80009d70 (0x283f2a23) sw      gp, 660(t5)
core   0: 3 0x80009d70 (0x283f2a23) mem 0x80010000 0x00000001
core   0: 0x80009d74 (0xff9ff06f) j       pc - 0x8
core   0: 3 0x80009d74 (0xff9ff06f)
core   0: 0x80009d6c (0x00006f17) auipc   t5, 0x6
core   0: 3 0x80009d6c (0x00006f17) x30 0x8000fd6c
core   0: 0x80009d70 (0x283f2a23) sw      gp, 660(t5)
core   0: 3 0x80009d70 (0x283f2a23) mem 0x80010000 0x00000001
core   0: 0x80009d74 (0xff9ff06f) j       pc - 0x8
core   0: 3 0x80009d74 (0xff9ff06f)
core   0: 0x80009d6c (0x00006f17) auipc   t5, 0x6
core   0: 3 0x80009d6c (0x00006f17) x30 0x8000fd6c
core   0: 0x80009d70 (0x283f2a23) sw      gp, 660(t5)
core   0: 3 0x80009d70 (0x283f2a23) mem 0x80010000 0x00000001
core   0: 0x80009d74 (0xff9ff06f) j       pc - 0x8
core   0: 3 0x80009d74 (0xff9ff06f)
core   0: 0x80009d6c (0x00006f17) auipc   t5, 0x6
core   0: 3 0x80009d6c (0x00006f17) x30 0x8000fd6c
core   0: 0x80009d70 (0x283f2a23) sw      gp, 660(t5)
core   0: 3 0x80009d70 (0x283f2a23) mem 0x80010000 0x00000001
core   0: 0x80009d74 (0xff9ff06f) j       pc - 0x8
core   0: 3 0x80009d74 (0xff9ff06f)
core   0: 0x80009d6c (0x00006f17) auipc   t5, 0x6
core   0: 3 0x80009d6c (0x00006f17) x30 0x8000fd6c
core   0: 0x80009d70 (0x283f2a23) sw      gp, 660(t5)
core   0: 3 0x80009d70 (0x283f2a23) mem 0x80010000 0x00000001
core   0: 0x80009d74 (0xff9ff06f) j       pc - 0x8
core   0: 3 0x80009d74 (0xff9ff06f)
core   0: 0x80009d6c (0x00006f17) auipc   t5, 0x6
core   0: 3 0x80009d6c (0x00006f17) x30 0x8000fd6c
core   0: 0x80009d70 (0x283f2a23) sw      gp, 660(t5)
core   0: 3 0x80009d70 (0x283f2a23) mem 0x80010000 0x00000001
core   0: 0x80009d74 (0xff9ff06f) j       pc - 0x8
core   0: 3 0x80009d74 (0xff9ff06f)
core   0: 0x80009d6c (0x00006f17) auipc   t5, 0x6
core   0: 3 0x80009d6c (0x00006f17) x30 0x8000fd6c
core   0: 0x80009d70 (0x283f2a23) sw      gp, 660(t5)
core   0: 3 0x80009d70 (0x283f2a23) mem 0x80010000 0x00000001
core   0: 0x80009d74 (0xff9ff06f) j       pc - 0x8
core   0: 3 0x80009d74 (0xff9ff06f)
core   0: 0x80009d6c (0x00006f17) auipc   t5, 0x6
core   0: 3 0x80009d6c (0x00006f17) x30 0x8000fd6c
core   0: 0x80009d70 (0x283f2a23) sw      gp, 660(t5)
core   0: 3 0x80009d70 (0x283f2a23) mem 0x80010000 0x00000001
core   0: 0x80009d74 (0xff9ff06f) j       pc - 0x8
core   0: 3 0x80009d74 (0xff9ff06f)
core   0: 0x80009d6c (0x00006f17) auipc   t5, 0x6
core   0: 3 0x80009d6c (0x00006f17) x30 0x8000fd6c
core   0: 0x80009d70 (0x283f2a23) sw      gp, 660(t5)
core   0: 3 0x80009d70 (0x283f2a23) mem 0x80010000 0x00000001
core   0: 0x80009d74 (0xff9ff06f) j       pc - 0x8
core   0: 3 0x80009d74 (0xff9ff06f)
core   0: 0x80009d6c (0x00006f17) auipc   t5, 0x6
core   0: 3 0x80009d6c (0x00006f17) x30 0x8000fd6c
core   0: 0x80009d70 (0x283f2a23) sw      gp, 660(t5)
core   0: 3 0x80009d70 (0x283f2a23) mem 0x80010000 0x00000001
core   0: 0x80009d74 (0xff9ff06f) j       pc - 0x8
core   0: 3 0x80009d74 (0xff9ff06f)
core   0: 0x80009d6c (0x00006f17) auipc   t5, 0x6
core   0: 3 0x80009d6c (0x00006f17) x30 0x8000fd6c
core   0: 0x80009d70 (0x283f2a23) sw      gp, 660(t5)
core   0: 3 0x80009d70 (0x283f2a23) mem 0x80010000 0x00000001
core   0: 0x80009d74 (0xff9ff06f) j       pc - 0x8
core   0: 3 0x80009d74 (0xff9ff06f)
core   0: 0x80009d6c (0x00006f17) auipc   t5, 0x6
core   0: 3 0x80009d6c (0x00006f17) x30 0x8000fd6c
core   0: 0x80009d70 (0x283f2a23) sw      gp, 660(t5)
core   0: 3 0x80009d70 (0x283f2a23) mem 0x80010000 0x00000001
core   0: 0x80009d74 (0xff9ff06f) j       pc - 0x8
core   0: 3 0x80009d74 (0xff9ff06f)
core   0: 0x80009d6c (0x00006f17) auipc   t5, 0x6
core   0: 3 0x80009d6c (0x00006f17) x30 0x8000fd6c
core   0: 0x80009d70 (0x283f2a23) sw      gp, 660(t5)
core   0: 3 0x80009d70 (0x283f2a23) mem 0x80010000 0x00000001
core   0: 0x80009d74 (0xff9ff06f) j       pc - 0x8
core   0: 3 0x80009d74 (0xff9ff06f)
core   0: 0x80009d6c (0x00006f17) auipc   t5, 0x6
core   0: 3 0x80009d6c (0x00006f17) x30 0x8000fd6c
core   0: 0x80009d70 (0x283f2a23) sw      gp, 660(t5)
core   0: 3 0x80009d70 (0x283f2a23) mem 0x80010000 0x00000001
core   0: 0x80009d74 (0xff9ff06f) j       pc - 0x8
core   0: 3 0x80009d74 (0xff9ff06f)
core   0: 0x80009d6c (0x00006f17) auipc   t5, 0x6
core   0: 3 0x80009d6c (0x00006f17) x30 0x8000fd6c
core   0: 0x80009d70 (0x283f2a23) sw      gp, 660(t5)
core   0: 3 0x80009d70 (0x283f2a23) mem 0x80010000 0x00000001
core   0: 0x80009d74 (0xff9ff06f) j       pc - 0x8
core   0: 3 0x80009d74 (0xff9ff06f)
core   0: 0x80009d6c (0x00006f17) auipc   t5, 0x6
core   0: 3 0x80009d6c (0x00006f17) x30 0x8000fd6c
core   0: 0x80009d70 (0x283f2a23) sw      gp, 660(t5)
core   0: 3 0x80009d70 (0x283f2a23) mem 0x80010000 0x00000001
core   0: 0x80009d74 (0xff9ff06f) j       pc - 0x8
core   0: 3 0x80009d74 (0xff9ff06f)
core   0: 0x80009d6c (0x00006f17) auipc   t5, 0x6
core   0: 3 0x80009d6c (0x00006f17) x30 0x8000fd6c
core   0: 0x80009d70 (0x283f2a23) sw      gp, 660(t5)
core   0: 3 0x80009d70 (0x283f2a23) mem 0x80010000 0x00000001
core   0: 0x80009d74 (0xff9ff06f) j       pc - 0x8
core   0: 3 0x80009d74 (0xff9ff06f)
core   0: 0x80009d6c (0x00006f17) auipc   t5, 0x6
core   0: 3 0x80009d6c (0x00006f17) x30 0x8000fd6c
core   0: 0x80009d70 (0x283f2a23) sw      gp, 660(t5)
core   0: 3 0x80009d70 (0x283f2a23) mem 0x80010000 0x00000001
core   0: 0x80009d74 (0xff9ff06f) j       pc - 0x8
core   0: 3 0x80009d74 (0xff9ff06f)
core   0: 0x80009d6c (0x00006f17) auipc   t5, 0x6
core   0: 3 0x80009d6c (0x00006f17) x30 0x8000fd6c
core   0: 0x80009d70 (0x283f2a23) sw      gp, 660(t5)
core   0: 3 0x80009d70 (0x283f2a23) mem 0x80010000 0x00000001
core   0: 0x80009d74 (0xff9ff06f) j       pc - 0x8
core   0: 3 0x80009d74 (0xff9ff06f)
core   0: 0x80009d6c (0x00006f17) auipc   t5, 0x6
core   0: 3 0x80009d6c (0x00006f17) x30 0x8000fd6c
core   0: 0x80009d70 (0x283f2a23) sw      gp, 660(t5)
core   0: 3 0x80009d70 (0x283f2a23) mem 0x80010000 0x00000001
core   0: 0x80009d74 (0xff9ff06f) j       pc - 0x8
core   0: 3 0x80009d74 (0xff9ff06f)
core   0: 0x80009d6c (0x00006f17) auipc   t5, 0x6
core   0: 3 0x80009d6c (0x00006f17) x30 0x8000fd6c
core   0: 0x80009d70 (0x283f2a23) sw      gp, 660(t5)
core   0: 3 0x80009d70 (0x283f2a23) mem 0x80010000 0x00000001
core   0: 0x80009d74 (0xff9ff06f) j       pc - 0x8
core   0: 3 0x80009d74 (0xff9ff06f)
core   0: 0x80009d6c (0x00006f17) auipc   t5, 0x6
core   0: 3 0x80009d6c (0x00006f17) x30 0x8000fd6c
core   0: 0x80009d70 (0x283f2a23) sw      gp, 660(t5)
core   0: 3 0x80009d70 (0x283f2a23) mem 0x80010000 0x00000001
core   0: 0x80009d74 (0xff9ff06f) j       pc - 0x8
core   0: 3 0x80009d74 (0xff9ff06f)
core   0: 0x80009d6c (0x00006f17) auipc   t5, 0x6
core   0: 3 0x80009d6c (0x00006f17) x30 0x8000fd6c
core   0: 0x80009d70 (0x283f2a23) sw      gp, 660(t5)
core   0: 3 0x80009d70 (0x283f2a23) mem 0x80010000 0x00000001
core   0: 0x80009d74 (0xff9ff06f) j       pc - 0x8
core   0: 3 0x80009d74 (0xff9ff06f)
core   0: 0x80009d6c (0x00006f17) auipc   t5, 0x6
core   0: 3 0x80009d6c (0x00006f17) x30 0x8000fd6c
core   0: 0x80009d70 (0x283f2a23) sw      gp, 660(t5)
core   0: 3 0x80009d70 (0x283f2a23) mem 0x80010000 0x00000001
core   0: 0x80009d74 (0xff9ff06f) j       pc - 0x8
core   0: 3 0x80009d74 (0xff9ff06f)
core   0: 0x80009d6c (0x00006f17) auipc   t5, 0x6
core   0: 3 0x80009d6c (0x00006f17) x30 0x8000fd6c
core   0: 0x80009d70 (0x283f2a23) sw      gp, 660(t5)
core   0: 3 0x80009d70 (0x283f2a23) mem 0x80010000 0x00000001
core   0: 0x80009d74 (0xff9ff06f) j       pc - 0x8
core   0: 3 0x80009d74 (0xff9ff06f)
core   0: 0x80009d6c (0x00006f17) auipc   t5, 0x6
core   0: 3 0x80009d6c (0x00006f17) x30 0x8000fd6c
core   0: 0x80009d70 (0x283f2a23) sw      gp, 660(t5)
core   0: 3 0x80009d70 (0x283f2a23) mem 0x80010000 0x00000001
core   0: 0x80009d74 (0xff9ff06f) j       pc - 0x8
core   0: 3 0x80009d74 (0xff9ff06f)
core   0: 0x80009d6c (0x00006f17) auipc   t5, 0x6
core   0: 3 0x80009d6c (0x00006f17) x30 0x8000fd6c
core   0: 0x80009d70 (0x283f2a23) sw      gp, 660(t5)
core   0: 3 0x80009d70 (0x283f2a23) mem 0x80010000 0x00000001
core   0: 0x80009d74 (0xff9ff06f) j       pc - 0x8
core   0: 3 0x80009d74 (0xff9ff06f)
core   0: 0x80009d6c (0x00006f17) auipc   t5, 0x6
core   0: 3 0x80009d6c (0x00006f17) x30 0x8000fd6c
core   0: 0x80009d70 (0x283f2a23) sw      gp, 660(t5)
core   0: 3 0x80009d70 (0x283f2a23) mem 0x80010000 0x00000001
core   0: 0x80009d74 (0xff9ff06f) j       pc - 0x8
core   0: 3 0x80009d74 (0xff9ff06f)
core   0: 0x80009d6c (0x00006f17) auipc   t5, 0x6
core   0: 3 0x80009d6c (0x00006f17) x30 0x8000fd6c
core   0: 0x80009d70 (0x283f2a23) sw      gp, 660(t5)
core   0: 3 0x80009d70 (0x283f2a23) mem 0x80010000 0x00000001
core   0: 0x80009d74 (0xff9ff06f) j       pc - 0x8
core   0: 3 0x80009d74 (0xff9ff06f)
core   0: 0x80009d6c (0x00006f17) auipc   t5, 0x6
core   0: 3 0x80009d6c (0x00006f17) x30 0x8000fd6c
core   0: 0x80009d70 (0x283f2a23) sw      gp, 660(t5)
core   0: 3 0x80009d70 (0x283f2a23) mem 0x80010000 0x00000001
core   0: 0x80009d74 (0xff9ff06f) j       pc - 0x8
core   0: 3 0x80009d74 (0xff9ff06f)
core   0: 0x80009d6c (0x00006f17) auipc   t5, 0x6
core   0: 3 0x80009d6c (0x00006f17) x30 0x8000fd6c
core   0: 0x80009d70 (0x283f2a23) sw      gp, 660(t5)
core   0: 3 0x80009d70 (0x283f2a23) mem 0x80010000 0x00000001
core   0: 0x80009d74 (0xff9ff06f) j       pc - 0x8
core   0: 3 0x80009d74 (0xff9ff06f)
core   0: 0x80009d6c (0x00006f17) auipc   t5, 0x6
core   0: 3 0x80009d6c (0x00006f17) x30 0x8000fd6c
core   0: 0x80009d70 (0x283f2a23) sw      gp, 660(t5)
core   0: 3 0x80009d70 (0x283f2a23) mem 0x80010000 0x00000001
core   0: 0x80009d74 (0xff9ff06f) j       pc - 0x8
core   0: 3 0x80009d74 (0xff9ff06f)
core   0: 0x80009d6c (0x00006f17) auipc   t5, 0x6
core   0: 3 0x80009d6c (0x00006f17) x30 0x8000fd6c
core   0: 0x80009d70 (0x283f2a23) sw      gp, 660(t5)
core   0: 3 0x80009d70 (0x283f2a23) mem 0x80010000 0x00000001
core   0: 0x80009d74 (0xff9ff06f) j       pc - 0x8
core   0: 3 0x80009d74 (0xff9ff06f)
core   0: 0x80009d6c (0x00006f17) auipc   t5, 0x6
core   0: 3 0x80009d6c (0x00006f17) x30 0x8000fd6c
core   0: 0x80009d70 (0x283f2a23) sw      gp, 660(t5)
core   0: 3 0x80009d70 (0x283f2a23) mem 0x80010000 0x00000001
core   0: 0x80009d74 (0xff9ff06f) j       pc - 0x8
core   0: 3 0x80009d74 (0xff9ff06f)
core   0: 0x80009d6c (0x00006f17) auipc   t5, 0x6
core   0: 3 0x80009d6c (0x00006f17) x30 0x8000fd6c
core   0: 0x80009d70 (0x283f2a23) sw      gp, 660(t5)
core   0: 3 0x80009d70 (0x283f2a23) mem 0x80010000 0x00000001
core   0: 0x80009d74 (0xff9ff06f) j       pc - 0x8
core   0: 3 0x80009d74 (0xff9ff06f)
core   0: 0x80009d6c (0x00006f17) auipc   t5, 0x6
core   0: 3 0x80009d6c (0x00006f17) x30 0x8000fd6c
core   0: 0x80009d70 (0x283f2a23) sw      gp, 660(t5)
core   0: 3 0x80009d70 (0x283f2a23) mem 0x80010000 0x00000001
core   0: 0x80009d74 (0xff9ff06f) j       pc - 0x8
core   0: 3 0x80009d74 (0xff9ff06f)
core   0: 0x80009d6c (0x00006f17) auipc   t5, 0x6
core   0: 3 0x80009d6c (0x00006f17) x30 0x8000fd6c
core   0: 0x80009d70 (0x283f2a23) sw      gp, 660(t5)
core   0: 3 0x80009d70 (0x283f2a23) mem 0x80010000 0x00000001
core   0: 0x80009d74 (0xff9ff06f) j       pc - 0x8
core   0: 3 0x80009d74 (0xff9ff06f)
core   0: 0x80009d6c (0x00006f17) auipc   t5, 0x6
core   0: 3 0x80009d6c (0x00006f17) x30 0x8000fd6c
core   0: 0x80009d70 (0x283f2a23) sw      gp, 660(t5)
core   0: 3 0x80009d70 (0x283f2a23) mem 0x80010000 0x00000001
core   0: 0x80009d74 (0xff9ff06f) j       pc - 0x8
core   0: 3 0x80009d74 (0xff9ff06f)
core   0: 0x80009d6c (0x00006f17) auipc   t5, 0x6
core   0: 3 0x80009d6c (0x00006f17) x30 0x8000fd6c
core   0: 0x80009d70 (0x283f2a23) sw      gp, 660(t5)
core   0: 3 0x80009d70 (0x283f2a23) mem 0x80010000 0x00000001
core   0: 0x80009d74 (0xff9ff06f) j       pc - 0x8
core   0: 3 0x80009d74 (0xff9ff06f)
core   0: 0x80009d6c (0x00006f17) auipc   t5, 0x6
core   0: 3 0x80009d6c (0x00006f17) x30 0x8000fd6c
core   0: 0x80009d70 (0x283f2a23) sw      gp, 660(t5)
core   0: 3 0x80009d70 (0x283f2a23) mem 0x80010000 0x00000001
core   0: 0x80009d74 (0xff9ff06f) j       pc - 0x8
core   0: 3 0x80009d74 (0xff9ff06f)
core   0: 0x80009d6c (0x00006f17) auipc   t5, 0x6
core   0: 3 0x80009d6c (0x00006f17) x30 0x8000fd6c
core   0: 0x80009d70 (0x283f2a23) sw      gp, 660(t5)
core   0: 3 0x80009d70 (0x283f2a23) mem 0x80010000 0x00000001
core   0: 0x80009d74 (0xff9ff06f) j       pc - 0x8
core   0: 3 0x80009d74 (0xff9ff06f)
core   0: 0x80009d6c (0x00006f17) auipc   t5, 0x6
core   0: 3 0x80009d6c (0x00006f17) x30 0x8000fd6c
core   0: 0x80009d70 (0x283f2a23) sw      gp, 660(t5)
core   0: 3 0x80009d70 (0x283f2a23) mem 0x80010000 0x00000001
core   0: 0x80009d74 (0xff9ff06f) j       pc - 0x8
core   0: 3 0x80009d74 (0xff9ff06f)
core   0: 0x80009d6c (0x00006f17) auipc   t5, 0x6
core   0: 3 0x80009d6c (0x00006f17) x30 0x8000fd6c
core   0: 0x80009d70 (0x283f2a23) sw      gp, 660(t5)
core   0: 3 0x80009d70 (0x283f2a23) mem 0x80010000 0x00000001
core   0: 0x80009d74 (0xff9ff06f) j       pc - 0x8
core   0: 3 0x80009d74 (0xff9ff06f)
core   0: 0x80009d6c (0x00006f17) auipc   t5, 0x6
core   0: 3 0x80009d6c (0x00006f17) x30 0x8000fd6c
core   0: 0x80009d70 (0x283f2a23) sw      gp, 660(t5)
core   0: 3 0x80009d70 (0x283f2a23) mem 0x80010000 0x00000001
core   0: 0x80009d74 (0xff9ff06f) j       pc - 0x8
core   0: 3 0x80009d74 (0xff9ff06f)
core   0: 0x80009d6c (0x00006f17) auipc   t5, 0x6
core   0: 3 0x80009d6c (0x00006f17) x30 0x8000fd6c
core   0: 0x80009d70 (0x283f2a23) sw      gp, 660(t5)
core   0: 3 0x80009d70 (0x283f2a23) mem 0x80010000 0x00000001
core   0: 0x80009d74 (0xff9ff06f) j       pc - 0x8
core   0: 3 0x80009d74 (0xff9ff06f)
core   0: 0x80009d6c (0x00006f17) auipc   t5, 0x6
core   0: 3 0x80009d6c (0x00006f17) x30 0x8000fd6c
core   0: 0x80009d70 (0x283f2a23) sw      gp, 660(t5)
core   0: 3 0x80009d70 (0x283f2a23) mem 0x80010000 0x00000001
core   0: 0x80009d74 (0xff9ff06f) j       pc - 0x8
core   0: 3 0x80009d74 (0xff9ff06f)
core   0: 0x80009d6c (0x00006f17) auipc   t5, 0x6
core   0: 3 0x80009d6c (0x00006f17) x30 0x8000fd6c
core   0: 0x80009d70 (0x283f2a23) sw      gp, 660(t5)
core   0: 3 0x80009d70 (0x283f2a23) mem 0x80010000 0x00000001
core   0: 0x80009d74 (0xff9ff06f) j       pc - 0x8
core   0: 3 0x80009d74 (0xff9ff06f)
core   0: 0x80009d6c (0x00006f17) auipc   t5, 0x6
core   0: 3 0x80009d6c (0x00006f17) x30 0x8000fd6c
core   0: 0x80009d70 (0x283f2a23) sw      gp, 660(t5)
core   0: 3 0x80009d70 (0x283f2a23) mem 0x80010000 0x00000001
core   0: 0x80009d74 (0xff9ff06f) j       pc - 0x8
core   0: 3 0x80009d74 (0xff9ff06f)
core   0: 0x80009d6c (0x00006f17) auipc   t5, 0x6
core   0: 3 0x80009d6c (0x00006f17) x30 0x8000fd6c
core   0: 0x80009d70 (0x283f2a23) sw      gp, 660(t5)
core   0: 3 0x80009d70 (0x283f2a23) mem 0x80010000 0x00000001
core   0: 0x80009d74 (0xff9ff06f) j       pc - 0x8
core   0: 3 0x80009d74 (0xff9ff06f)
core   0: 0x80009d6c (0x00006f17) auipc   t5, 0x6
core   0: 3 0x80009d6c (0x00006f17) x30 0x8000fd6c
core   0: 0x80009d70 (0x283f2a23) sw      gp, 660(t5)
core   0: 3 0x80009d70 (0x283f2a23) mem 0x80010000 0x00000001
core   0: 0x80009d74 (0xff9ff06f) j       pc - 0x8
core   0: 3 0x80009d74 (0xff9ff06f)
core   0: 0x80009d6c (0x00006f17) auipc   t5, 0x6
core   0: 3 0x80009d6c (0x00006f17) x30 0x8000fd6c
core   0: 0x80009d70 (0x283f2a23) sw      gp, 660(t5)
core   0: 3 0x80009d70 (0x283f2a23) mem 0x80010000 0x00000001
core   0: 0x80009d74 (0xff9ff06f) j       pc - 0x8
core   0: 3 0x80009d74 (0xff9ff06f)
core   0: 0x80009d6c (0x00006f17) auipc   t5, 0x6
core   0: 3 0x80009d6c (0x00006f17) x30 0x8000fd6c
core   0: 0x80009d70 (0x283f2a23) sw      gp, 660(t5)
core   0: 3 0x80009d70 (0x283f2a23) mem 0x80010000 0x00000001
core   0: 0x80009d74 (0xff9ff06f) j       pc - 0x8
core   0: 3 0x80009d74 (0xff9ff06f)
core   0: 0x80009d6c (0x00006f17) auipc   t5, 0x6
core   0: 3 0x80009d6c (0x00006f17) x30 0x8000fd6c
core   0: 0x80009d70 (0x283f2a23) sw      gp, 660(t5)
core   0: 3 0x80009d70 (0x283f2a23) mem 0x80010000 0x00000001
core   0: 0x80009d74 (0xff9ff06f) j       pc - 0x8
core   0: 3 0x80009d74 (0xff9ff06f)
core   0: 0x80009d6c (0x00006f17) auipc   t5, 0x6
core   0: 3 0x80009d6c (0x00006f17) x30 0x8000fd6c
core   0: 0x80009d70 (0x283f2a23) sw      gp, 660(t5)
core   0: 3 0x80009d70 (0x283f2a23) mem 0x80010000 0x00000001
core   0: 0x80009d74 (0xff9ff06f) j       pc - 0x8
core   0: 3 0x80009d74 (0xff9ff06f)
core   0: 0x80009d6c (0x00006f17) auipc   t5, 0x6
core   0: 3 0x80009d6c (0x00006f17) x30 0x8000fd6c
core   0: 0x80009d70 (0x283f2a23) sw      gp, 660(t5)
core   0: 3 0x80009d70 (0x283f2a23) mem 0x80010000 0x00000001
core   0: 0x80009d74 (0xff9ff06f) j       pc - 0x8
core   0: 3 0x80009d74 (0xff9ff06f)
core   0: 0x80009d6c (0x00006f17) auipc   t5, 0x6
core   0: 3 0x80009d6c (0x00006f17) x30 0x8000fd6c
core   0: 0x80009d70 (0x283f2a23) sw      gp, 660(t5)
core   0: 3 0x80009d70 (0x283f2a23) mem 0x80010000 0x00000001
core   0: 0x80009d74 (0xff9ff06f) j       pc - 0x8
core   0: 3 0x80009d74 (0xff9ff06f)
core   0: 0x80009d6c (0x00006f17) auipc   t5, 0x6
core   0: 3 0x80009d6c (0x00006f17) x30 0x8000fd6c
core   0: 0x80009d70 (0x283f2a23) sw      gp, 660(t5)
core   0: 3 0x80009d70 (0x283f2a23) mem 0x80010000 0x00000001
core   0: 0x80009d74 (0xff9ff06f) j       pc - 0x8
core   0: 3 0x80009d74 (0xff9ff06f)
core   0: 0x80009d6c (0x00006f17) auipc   t5, 0x6
core   0: 3 0x80009d6c (0x00006f17) x30 0x8000fd6c
core   0: 0x80009d70 (0x283f2a23) sw      gp, 660(t5)
core   0: 3 0x80009d70 (0x283f2a23) mem 0x80010000 0x00000001
core   0: 0x80009d74 (0xff9ff06f) j       pc - 0x8
core   0: 3 0x80009d74 (0xff9ff06f)
core   0: 0x80009d6c (0x00006f17) auipc   t5, 0x6
core   0: 3 0x80009d6c (0x00006f17) x30 0x8000fd6c
core   0: 0x80009d70 (0x283f2a23) sw      gp, 660(t5)
core   0: 3 0x80009d70 (0x283f2a23) mem 0x80010000 0x00000001
core   0: 0x80009d74 (0xff9ff06f) j       pc - 0x8
core   0: 3 0x80009d74 (0xff9ff06f)
core   0: 0x80009d6c (0x00006f17) auipc   t5, 0x6
core   0: 3 0x80009d6c (0x00006f17) x30 0x8000fd6c
core   0: 0x80009d70 (0x283f2a23) sw      gp, 660(t5)
core   0: 3 0x80009d70 (0x283f2a23) mem 0x80010000 0x00000001
core   0: 0x80009d74 (0xff9ff06f) j       pc - 0x8
core   0: 3 0x80009d74 (0xff9ff06f)
core   0: 0x80009d6c (0x00006f17) auipc   t5, 0x6
core   0: 3 0x80009d6c (0x00006f17) x30 0x8000fd6c
core   0: 0x80009d70 (0x283f2a23) sw      gp, 660(t5)
core   0: 3 0x80009d70 (0x283f2a23) mem 0x80010000 0x00000001
core   0: 0x80009d74 (0xff9ff06f) j       pc - 0x8
core   0: 3 0x80009d74 (0xff9ff06f)
core   0: 0x80009d6c (0x00006f17) auipc   t5, 0x6
core   0: 3 0x80009d6c (0x00006f17) x30 0x8000fd6c
core   0: 0x80009d70 (0x283f2a23) sw      gp, 660(t5)
core   0: 3 0x80009d70 (0x283f2a23) mem 0x80010000 0x00000001
core   0: 0x80009d74 (0xff9ff06f) j       pc - 0x8
core   0: 3 0x80009d74 (0xff9ff06f)
core   0: 0x80009d6c (0x00006f17) auipc   t5, 0x6
core   0: 3 0x80009d6c (0x00006f17) x30 0x8000fd6c
core   0: 0x80009d70 (0x283f2a23) sw      gp, 660(t5)
core   0: 3 0x80009d70 (0x283f2a23) mem 0x80010000 0x00000001
core   0: 0x80009d74 (0xff9ff06f) j       pc - 0x8
core   0: 3 0x80009d74 (0xff9ff06f)
core   0: 0x80009d6c (0x00006f17) auipc   t5, 0x6
core   0: 3 0x80009d6c (0x00006f17) x30 0x8000fd6c
core   0: 0x80009d70 (0x283f2a23) sw      gp, 660(t5)
core   0: 3 0x80009d70 (0x283f2a23) mem 0x80010000 0x00000001
core   0: 0x80009d74 (0xff9ff06f) j       pc - 0x8
core   0: 3 0x80009d74 (0xff9ff06f)
core   0: 0x80009d6c (0x00006f17) auipc   t5, 0x6
core   0: 3 0x80009d6c (0x00006f17) x30 0x8000fd6c
core   0: 0x80009d70 (0x283f2a23) sw      gp, 660(t5)
core   0: 3 0x80009d70 (0x283f2a23) mem 0x80010000 0x00000001
core   0: 0x80009d74 (0xff9ff06f) j       pc - 0x8
core   0: 3 0x80009d74 (0xff9ff06f)
core   0: 0x80009d6c (0x00006f17) auipc   t5, 0x6
core   0: 3 0x80009d6c (0x00006f17) x30 0x8000fd6c
core   0: 0x80009d70 (0x283f2a23) sw      gp, 660(t5)
core   0: 3 0x80009d70 (0x283f2a23) mem 0x80010000 0x00000001
core   0: 0x80009d74 (0xff9ff06f) j       pc - 0x8
core   0: 3 0x80009d74 (0xff9ff06f)
core   0: 0x80009d6c (0x00006f17) auipc   t5, 0x6
core   0: 3 0x80009d6c (0x00006f17) x30 0x8000fd6c
core   0: 0x80009d70 (0x283f2a23) sw      gp, 660(t5)
core   0: 3 0x80009d70 (0x283f2a23) mem 0x80010000 0x00000001
core   0: 0x80009d74 (0xff9ff06f) j       pc - 0x8
core   0: 3 0x80009d74 (0xff9ff06f)
core   0: 0x80009d6c (0x00006f17) auipc   t5, 0x6
core   0: 3 0x80009d6c (0x00006f17) x30 0x8000fd6c
core   0: 0x80009d70 (0x283f2a23) sw      gp, 660(t5)
core   0: 3 0x80009d70 (0x283f2a23) mem 0x80010000 0x00000001
core   0: 0x80009d74 (0xff9ff06f) j       pc - 0x8
core   0: 3 0x80009d74 (0xff9ff06f)
core   0: 0x80009d6c (0x00006f17) auipc   t5, 0x6
core   0: 3 0x80009d6c (0x00006f17) x30 0x8000fd6c
core   0: 0x80009d70 (0x283f2a23) sw      gp, 660(t5)
core   0: 3 0x80009d70 (0x283f2a23) mem 0x80010000 0x00000001
core   0: 0x80009d74 (0xff9ff06f) j       pc - 0x8
core   0: 3 0x80009d74 (0xff9ff06f)
core   0: 0x80009d6c (0x00006f17) auipc   t5, 0x6
core   0: 3 0x80009d6c (0x00006f17) x30 0x8000fd6c
core   0: 0x80009d70 (0x283f2a23) sw      gp, 660(t5)
core   0: 3 0x80009d70 (0x283f2a23) mem 0x80010000 0x00000001
core   0: 0x80009d74 (0xff9ff06f) j       pc - 0x8
core   0: 3 0x80009d74 (0xff9ff06f)
core   0: 0x80009d6c (0x00006f17) auipc   t5, 0x6
core   0: 3 0x80009d6c (0x00006f17) x30 0x8000fd6c
core   0: 0x80009d70 (0x283f2a23) sw      gp, 660(t5)
core   0: 3 0x80009d70 (0x283f2a23) mem 0x80010000 0x00000001
core   0: 0x80009d74 (0xff9ff06f) j       pc - 0x8
core   0: 3 0x80009d74 (0xff9ff06f)
core   0: 0x80009d6c (0x00006f17) auipc   t5, 0x6
core   0: 3 0x80009d6c (0x00006f17) x30 0x8000fd6c
core   0: 0x80009d70 (0x283f2a23) sw      gp, 660(t5)
core   0: 3 0x80009d70 (0x283f2a23) mem 0x80010000 0x00000001
core   0: 0x80009d74 (0xff9ff06f) j       pc - 0x8
core   0: 3 0x80009d74 (0xff9ff06f)
core   0: 0x80009d6c (0x00006f17) auipc   t5, 0x6
core   0: 3 0x80009d6c (0x00006f17) x30 0x8000fd6c
core   0: 0x80009d70 (0x283f2a23) sw      gp, 660(t5)
core   0: 3 0x80009d70 (0x283f2a23) mem 0x80010000 0x00000001
core   0: 0x80009d74 (0xff9ff06f) j       pc - 0x8
core   0: 3 0x80009d74 (0xff9ff06f)
core   0: 0x80009d6c (0x00006f17) auipc   t5, 0x6
core   0: 3 0x80009d6c (0x00006f17) x30 0x8000fd6c
core   0: 0x80009d70 (0x283f2a23) sw      gp, 660(t5)
core   0: 3 0x80009d70 (0x283f2a23) mem 0x80010000 0x00000001
core   0: 0x80009d74 (0xff9ff06f) j       pc - 0x8
core   0: 3 0x80009d74 (0xff9ff06f)
core   0: 0x80009d6c (0x00006f17) auipc   t5, 0x6
core   0: 3 0x80009d6c (0x00006f17) x30 0x8000fd6c
core   0: 0x80009d70 (0x283f2a23) sw      gp, 660(t5)
core   0: 3 0x80009d70 (0x283f2a23) mem 0x80010000 0x00000001
core   0: 0x80009d74 (0xff9ff06f) j       pc - 0x8
core   0: 3 0x80009d74 (0xff9ff06f)
core   0: 0x80009d6c (0x00006f17) auipc   t5, 0x6
core   0: 3 0x80009d6c (0x00006f17) x30 0x8000fd6c
core   0: 0x80009d70 (0x283f2a23) sw      gp, 660(t5)
core   0: 3 0x80009d70 (0x283f2a23) mem 0x80010000 0x00000001
core   0: 0x80009d74 (0xff9ff06f) j       pc - 0x8
core   0: 3 0x80009d74 (0xff9ff06f)
core   0: 0x80009d6c (0x00006f17) auipc   t5, 0x6
core   0: 3 0x80009d6c (0x00006f17) x30 0x8000fd6c
core   0: 0x80009d70 (0x283f2a23) sw      gp, 660(t5)
core   0: 3 0x80009d70 (0x283f2a23) mem 0x80010000 0x00000001
core   0: 0x80009d74 (0xff9ff06f) j       pc - 0x8
core   0: 3 0x80009d74 (0xff9ff06f)
core   0: 0x80009d6c (0x00006f17) auipc   t5, 0x6
core   0: 3 0x80009d6c (0x00006f17) x30 0x8000fd6c
core   0: 0x80009d70 (0x283f2a23) sw      gp, 660(t5)
core   0: 3 0x80009d70 (0x283f2a23) mem 0x80010000 0x00000001
core   0: 0x80009d74 (0xff9ff06f) j       pc - 0x8
core   0: 3 0x80009d74 (0xff9ff06f)
core   0: 0x80009d6c (0x00006f17) auipc   t5, 0x6
core   0: 3 0x80009d6c (0x00006f17) x30 0x8000fd6c
core   0: 0x80009d70 (0x283f2a23) sw      gp, 660(t5)
core   0: 3 0x80009d70 (0x283f2a23) mem 0x80010000 0x00000001
core   0: 0x80009d74 (0xff9ff06f) j       pc - 0x8
core   0: 3 0x80009d74 (0xff9ff06f)
core   0: 0x80009d6c (0x00006f17) auipc   t5, 0x6
core   0: 3 0x80009d6c (0x00006f17) x30 0x8000fd6c
core   0: 0x80009d70 (0x283f2a23) sw      gp, 660(t5)
core   0: 3 0x80009d70 (0x283f2a23) mem 0x80010000 0x00000001
core   0: 0x80009d74 (0xff9ff06f) j       pc - 0x8
core   0: 3 0x80009d74 (0xff9ff06f)
core   0: 0x80009d6c (0x00006f17) auipc   t5, 0x6
core   0: 3 0x80009d6c (0x00006f17) x30 0x8000fd6c
core   0: 0x80009d70 (0x283f2a23) sw      gp, 660(t5)
core   0: 3 0x80009d70 (0x283f2a23) mem 0x80010000 0x00000001
core   0: 0x80009d74 (0xff9ff06f) j       pc - 0x8
core   0: 3 0x80009d74 (0xff9ff06f)
core   0: 0x80009d6c (0x00006f17) auipc   t5, 0x6
core   0: 3 0x80009d6c (0x00006f17) x30 0x8000fd6c
core   0: 0x80009d70 (0x283f2a23) sw      gp, 660(t5)
core   0: 3 0x80009d70 (0x283f2a23) mem 0x80010000 0x00000001
core   0: 0x80009d74 (0xff9ff06f) j       pc - 0x8
core   0: 3 0x80009d74 (0xff9ff06f)
core   0: 0x80009d6c (0x00006f17) auipc   t5, 0x6
core   0: 3 0x80009d6c (0x00006f17) x30 0x8000fd6c
core   0: 0x80009d70 (0x283f2a23) sw      gp, 660(t5)
core   0: 3 0x80009d70 (0x283f2a23) mem 0x80010000 0x00000001
core   0: 0x80009d74 (0xff9ff06f) j       pc - 0x8
core   0: 3 0x80009d74 (0xff9ff06f)
core   0: 0x80009d6c (0x00006f17) auipc   t5, 0x6
core   0: 3 0x80009d6c (0x00006f17) x30 0x8000fd6c
core   0: 0x80009d70 (0x283f2a23) sw      gp, 660(t5)
core   0: 3 0x80009d70 (0x283f2a23) mem 0x80010000 0x00000001
core   0: 0x80009d74 (0xff9ff06f) j       pc - 0x8
core   0: 3 0x80009d74 (0xff9ff06f)
core   0: 0x80009d6c (0x00006f17) auipc   t5, 0x6
core   0: 3 0x80009d6c (0x00006f17) x30 0x8000fd6c
core   0: 0x80009d70 (0x283f2a23) sw      gp, 660(t5)
core   0: 3 0x80009d70 (0x283f2a23) mem 0x80010000 0x00000001
core   0: 0x80009d74 (0xff9ff06f) j       pc - 0x8
core   0: 3 0x80009d74 (0xff9ff06f)
core   0: 0x80009d6c (0x00006f17) auipc   t5, 0x6
core   0: 3 0x80009d6c (0x00006f17) x30 0x8000fd6c
core   0: 0x80009d70 (0x283f2a23) sw      gp, 660(t5)
core   0: 3 0x80009d70 (0x283f2a23) mem 0x80010000 0x00000001
core   0: 0x80009d74 (0xff9ff06f) j       pc - 0x8
core   0: 3 0x80009d74 (0xff9ff06f)
core   0: 0x80009d6c (0x00006f17) auipc   t5, 0x6
core   0: 3 0x80009d6c (0x00006f17) x30 0x8000fd6c
core   0: 0x80009d70 (0x283f2a23) sw      gp, 660(t5)
core   0: 3 0x80009d70 (0x283f2a23) mem 0x80010000 0x00000001
core   0: 0x80009d74 (0xff9ff06f) j       pc - 0x8
core   0: 3 0x80009d74 (0xff9ff06f)
core   0: 0x80009d6c (0x00006f17) auipc   t5, 0x6
core   0: 3 0x80009d6c (0x00006f17) x30 0x8000fd6c
core   0: 0x80009d70 (0x283f2a23) sw      gp, 660(t5)
core   0: 3 0x80009d70 (0x283f2a23) mem 0x80010000 0x00000001
core   0: 0x80009d74 (0xff9ff06f) j       pc - 0x8
core   0: 3 0x80009d74 (0xff9ff06f)
core   0: 0x80009d6c (0x00006f17) auipc   t5, 0x6
core   0: 3 0x80009d6c (0x00006f17) x30 0x8000fd6c
core   0: 0x80009d70 (0x283f2a23) sw      gp, 660(t5)
core   0: 3 0x80009d70 (0x283f2a23) mem 0x80010000 0x00000001
core   0: 0x80009d74 (0xff9ff06f) j       pc - 0x8
core   0: 3 0x80009d74 (0xff9ff06f)
core   0: 0x80009d6c (0x00006f17) auipc   t5, 0x6
core   0: 3 0x80009d6c (0x00006f17) x30 0x8000fd6c
core   0: 0x80009d70 (0x283f2a23) sw      gp, 660(t5)
core   0: 3 0x80009d70 (0x283f2a23) mem 0x80010000 0x00000001
core   0: 0x80009d74 (0xff9ff06f) j       pc - 0x8
core   0: 3 0x80009d74 (0xff9ff06f)
core   0: 0x80009d6c (0x00006f17) auipc   t5, 0x6
core   0: 3 0x80009d6c (0x00006f17) x30 0x8000fd6c
core   0: 0x80009d70 (0x283f2a23) sw      gp, 660(t5)
core   0: 3 0x80009d70 (0x283f2a23) mem 0x80010000 0x00000001
core   0: 0x80009d74 (0xff9ff06f) j       pc - 0x8
core   0: 3 0x80009d74 (0xff9ff06f)
core   0: 0x80009d6c (0x00006f17) auipc   t5, 0x6
core   0: 3 0x80009d6c (0x00006f17) x30 0x8000fd6c
core   0: 0x80009d70 (0x283f2a23) sw      gp, 660(t5)
core   0: 3 0x80009d70 (0x283f2a23) mem 0x80010000 0x00000001
core   0: 0x80009d74 (0xff9ff06f) j       pc - 0x8
core   0: 3 0x80009d74 (0xff9ff06f)
core   0: 0x80009d6c (0x00006f17) auipc   t5, 0x6
core   0: 3 0x80009d6c (0x00006f17) x30 0x8000fd6c
core   0: 0x80009d70 (0x283f2a23) sw      gp, 660(t5)
core   0: 3 0x80009d70 (0x283f2a23) mem 0x80010000 0x00000001
core   0: 0x80009d74 (0xff9ff06f) j       pc - 0x8
core   0: 3 0x80009d74 (0xff9ff06f)
core   0: 0x80009d6c (0x00006f17) auipc   t5, 0x6
core   0: 3 0x80009d6c (0x00006f17) x30 0x8000fd6c
core   0: 0x80009d70 (0x283f2a23) sw      gp, 660(t5)
core   0: 3 0x80009d70 (0x283f2a23) mem 0x80010000 0x00000001
core   0: 0x80009d74 (0xff9ff06f) j       pc - 0x8
core   0: 3 0x80009d74 (0xff9ff06f)
core   0: 0x80009d6c (0x00006f17) auipc   t5, 0x6
core   0: 3 0x80009d6c (0x00006f17) x30 0x8000fd6c
core   0: 0x80009d70 (0x283f2a23) sw      gp, 660(t5)
core   0: 3 0x80009d70 (0x283f2a23) mem 0x80010000 0x00000001
core   0: 0x80009d74 (0xff9ff06f) j       pc - 0x8
core   0: 3 0x80009d74 (0xff9ff06f)
core   0: 0x80009d6c (0x00006f17) auipc   t5, 0x6
core   0: 3 0x80009d6c (0x00006f17) x30 0x8000fd6c
core   0: 0x80009d70 (0x283f2a23) sw      gp, 660(t5)
core   0: 3 0x80009d70 (0x283f2a23) mem 0x80010000 0x00000001
core   0: 0x80009d74 (0xff9ff06f) j       pc - 0x8
core   0: 3 0x80009d74 (0xff9ff06f)
core   0: 0x80009d6c (0x00006f17) auipc   t5, 0x6
core   0: 3 0x80009d6c (0x00006f17) x30 0x8000fd6c
core   0: 0x80009d70 (0x283f2a23) sw      gp, 660(t5)
core   0: 3 0x80009d70 (0x283f2a23) mem 0x80010000 0x00000001
core   0: 0x80009d74 (0xff9ff06f) j       pc - 0x8
core   0: 3 0x80009d74 (0xff9ff06f)
core   0: 0x80009d6c (0x00006f17) auipc   t5, 0x6
core   0: 3 0x80009d6c (0x00006f17) x30 0x8000fd6c
core   0: 0x80009d70 (0x283f2a23) sw      gp, 660(t5)
core   0: 3 0x80009d70 (0x283f2a23) mem 0x80010000 0x00000001
core   0: 0x80009d74 (0xff9ff06f) j       pc - 0x8
core   0: 3 0x80009d74 (0xff9ff06f)
core   0: 0x80009d6c (0x00006f17) auipc   t5, 0x6
core   0: 3 0x80009d6c (0x00006f17) x30 0x8000fd6c
core   0: 0x80009d70 (0x283f2a23) sw      gp, 660(t5)
core   0: 3 0x80009d70 (0x283f2a23) mem 0x80010000 0x00000001
core   0: 0x80009d74 (0xff9ff06f) j       pc - 0x8
core   0: 3 0x80009d74 (0xff9ff06f)
core   0: 0x80009d6c (0x00006f17) auipc   t5, 0x6
core   0: 3 0x80009d6c (0x00006f17) x30 0x8000fd6c
core   0: 0x80009d70 (0x283f2a23) sw      gp, 660(t5)
core   0: 3 0x80009d70 (0x283f2a23) mem 0x80010000 0x00000001
core   0: 0x80009d74 (0xff9ff06f) j       pc - 0x8
core   0: 3 0x80009d74 (0xff9ff06f)
core   0: 0x80009d6c (0x00006f17) auipc   t5, 0x6
core   0: 3 0x80009d6c (0x00006f17) x30 0x8000fd6c
core   0: 0x80009d70 (0x283f2a23) sw      gp, 660(t5)
core   0: 3 0x80009d70 (0x283f2a23) mem 0x80010000 0x00000001
core   0: 0x80009d74 (0xff9ff06f) j       pc - 0x8
core   0: 3 0x80009d74 (0xff9ff06f)
core   0: 0x80009d6c (0x00006f17) auipc   t5, 0x6
core   0: 3 0x80009d6c (0x00006f17) x30 0x8000fd6c
core   0: 0x80009d70 (0x283f2a23) sw      gp, 660(t5)
core   0: 3 0x80009d70 (0x283f2a23) mem 0x80010000 0x00000001
core   0: 0x80009d74 (0xff9ff06f) j       pc - 0x8
core   0: 3 0x80009d74 (0xff9ff06f)
core   0: 0x80009d6c (0x00006f17) auipc   t5, 0x6
core   0: 3 0x80009d6c (0x00006f17) x30 0x8000fd6c
core   0: 0x80009d70 (0x283f2a23) sw      gp, 660(t5)
core   0: 3 0x80009d70 (0x283f2a23) mem 0x80010000 0x00000001
core   0: 0x80009d74 (0xff9ff06f) j       pc - 0x8
core   0: 3 0x80009d74 (0xff9ff06f)
core   0: 0x80009d6c (0x00006f17) auipc   t5, 0x6
core   0: 3 0x80009d6c (0x00006f17) x30 0x8000fd6c
core   0: 0x80009d70 (0x283f2a23) sw      gp, 660(t5)
core   0: 3 0x80009d70 (0x283f2a23) mem 0x80010000 0x00000001
core   0: 0x80009d74 (0xff9ff06f) j       pc - 0x8
core   0: 3 0x80009d74 (0xff9ff06f)
core   0: 0x80009d6c (0x00006f17) auipc   t5, 0x6
core   0: 3 0x80009d6c (0x00006f17) x30 0x8000fd6c
core   0: 0x80009d70 (0x283f2a23) sw      gp, 660(t5)
core   0: 3 0x80009d70 (0x283f2a23) mem 0x80010000 0x00000001
core   0: 0x80009d74 (0xff9ff06f) j       pc - 0x8
core   0: 3 0x80009d74 (0xff9ff06f)
core   0: 0x80009d6c (0x00006f17) auipc   t5, 0x6
core   0: 3 0x80009d6c (0x00006f17) x30 0x8000fd6c
core   0: 0x80009d70 (0x283f2a23) sw      gp, 660(t5)
core   0: 3 0x80009d70 (0x283f2a23) mem 0x80010000 0x00000001
core   0: 0x80009d74 (0xff9ff06f) j       pc - 0x8
core   0: 3 0x80009d74 (0xff9ff06f)
core   0: 0x80009d6c (0x00006f17) auipc   t5, 0x6
core   0: 3 0x80009d6c (0x00006f17) x30 0x8000fd6c
core   0: 0x80009d70 (0x283f2a23) sw      gp, 660(t5)
core   0: 3 0x80009d70 (0x283f2a23) mem 0x80010000 0x00000001
core   0: 0x80009d74 (0xff9ff06f) j       pc - 0x8
core   0: 3 0x80009d74 (0xff9ff06f)
core   0: 0x80009d6c (0x00006f17) auipc   t5, 0x6
core   0: 3 0x80009d6c (0x00006f17) x30 0x8000fd6c
core   0: 0x80009d70 (0x283f2a23) sw      gp, 660(t5)
core   0: 3 0x80009d70 (0x283f2a23) mem 0x80010000 0x00000001
core   0: 0x80009d74 (0xff9ff06f) j       pc - 0x8
core   0: 3 0x80009d74 (0xff9ff06f)
core   0: 0x80009d6c (0x00006f17) auipc   t5, 0x6
core   0: 3 0x80009d6c (0x00006f17) x30 0x8000fd6c
core   0: 0x80009d70 (0x283f2a23) sw      gp, 660(t5)
core   0: 3 0x80009d70 (0x283f2a23) mem 0x80010000 0x00000001
core   0: 0x80009d74 (0xff9ff06f) j       pc - 0x8
core   0: 3 0x80009d74 (0xff9ff06f)
core   0: 0x80009d6c (0x00006f17) auipc   t5, 0x6
core   0: 3 0x80009d6c (0x00006f17) x30 0x8000fd6c
core   0: 0x80009d70 (0x283f2a23) sw      gp, 660(t5)
core   0: 3 0x80009d70 (0x283f2a23) mem 0x80010000 0x00000001
core   0: 0x80009d74 (0xff9ff06f) j       pc - 0x8
core   0: 3 0x80009d74 (0xff9ff06f)
core   0: 0x80009d6c (0x00006f17) auipc   t5, 0x6
core   0: 3 0x80009d6c (0x00006f17) x30 0x8000fd6c
core   0: 0x80009d70 (0x283f2a23) sw      gp, 660(t5)
core   0: 3 0x80009d70 (0x283f2a23) mem 0x80010000 0x00000001
core   0: 0x80009d74 (0xff9ff06f) j       pc - 0x8
core   0: 3 0x80009d74 (0xff9ff06f)
core   0: 0x80009d6c (0x00006f17) auipc   t5, 0x6
core   0: 3 0x80009d6c (0x00006f17) x30 0x8000fd6c
core   0: 0x80009d70 (0x283f2a23) sw      gp, 660(t5)
core   0: 3 0x80009d70 (0x283f2a23) mem 0x80010000 0x00000001
core   0: 0x80009d74 (0xff9ff06f) j       pc - 0x8
core   0: 3 0x80009d74 (0xff9ff06f)
core   0: 0x80009d6c (0x00006f17) auipc   t5, 0x6
core   0: 3 0x80009d6c (0x00006f17) x30 0x8000fd6c
core   0: 0x80009d70 (0x283f2a23) sw      gp, 660(t5)
core   0: 3 0x80009d70 (0x283f2a23) mem 0x80010000 0x00000001
core   0: 0x80009d74 (0xff9ff06f) j       pc - 0x8
core   0: 3 0x80009d74 (0xff9ff06f)
core   0: 0x80009d6c (0x00006f17) auipc   t5, 0x6
core   0: 3 0x80009d6c (0x00006f17) x30 0x8000fd6c
core   0: 0x80009d70 (0x283f2a23) sw      gp, 660(t5)
core   0: 3 0x80009d70 (0x283f2a23) mem 0x80010000 0x00000001
core   0: 0x80009d74 (0xff9ff06f) j       pc - 0x8
core   0: 3 0x80009d74 (0xff9ff06f)
core   0: 0x80009d6c (0x00006f17) auipc   t5, 0x6
core   0: 3 0x80009d6c (0x00006f17) x30 0x8000fd6c
core   0: 0x80009d70 (0x283f2a23) sw      gp, 660(t5)
core   0: 3 0x80009d70 (0x283f2a23) mem 0x80010000 0x00000001
core   0: 0x80009d74 (0xff9ff06f) j       pc - 0x8
core   0: 3 0x80009d74 (0xff9ff06f)
core   0: 0x80009d6c (0x00006f17) auipc   t5, 0x6
core   0: 3 0x80009d6c (0x00006f17) x30 0x8000fd6c
core   0: 0x80009d70 (0x283f2a23) sw      gp, 660(t5)
core   0: 3 0x80009d70 (0x283f2a23) mem 0x80010000 0x00000001
core   0: 0x80009d74 (0xff9ff06f) j       pc - 0x8
core   0: 3 0x80009d74 (0xff9ff06f)
core   0: 0x80009d6c (0x00006f17) auipc   t5, 0x6
core   0: 3 0x80009d6c (0x00006f17) x30 0x8000fd6c
core   0: 0x80009d70 (0x283f2a23) sw      gp, 660(t5)
core   0: 3 0x80009d70 (0x283f2a23) mem 0x80010000 0x00000001
core   0: 0x80009d74 (0xff9ff06f) j       pc - 0x8
core   0: 3 0x80009d74 (0xff9ff06f)
core   0: 0x80009d6c (0x00006f17) auipc   t5, 0x6
core   0: 3 0x80009d6c (0x00006f17) x30 0x8000fd6c
core   0: 0x80009d70 (0x283f2a23) sw      gp, 660(t5)
core   0: 3 0x80009d70 (0x283f2a23) mem 0x80010000 0x00000001
core   0: 0x80009d74 (0xff9ff06f) j       pc - 0x8
core   0: 3 0x80009d74 (0xff9ff06f)
core   0: 0x80009d6c (0x00006f17) auipc   t5, 0x6
core   0: 3 0x80009d6c (0x00006f17) x30 0x8000fd6c
core   0: 0x80009d70 (0x283f2a23) sw      gp, 660(t5)
core   0: 3 0x80009d70 (0x283f2a23) mem 0x80010000 0x00000001
core   0: 0x80009d74 (0xff9ff06f) j       pc - 0x8
core   0: 3 0x80009d74 (0xff9ff06f)
core   0: 0x80009d6c (0x00006f17) auipc   t5, 0x6
core   0: 3 0x80009d6c (0x00006f17) x30 0x8000fd6c
core   0: 0x80009d70 (0x283f2a23) sw      gp, 660(t5)
core   0: 3 0x80009d70 (0x283f2a23) mem 0x80010000 0x00000001
core   0: 0x80009d74 (0xff9ff06f) j       pc - 0x8
core   0: 3 0x80009d74 (0xff9ff06f)
core   0: 0x80009d6c (0x00006f17) auipc   t5, 0x6
core   0: 3 0x80009d6c (0x00006f17) x30 0x8000fd6c
core   0: 0x80009d70 (0x283f2a23) sw      gp, 660(t5)
core   0: 3 0x80009d70 (0x283f2a23) mem 0x80010000 0x00000001
core   0: 0x80009d74 (0xff9ff06f) j       pc - 0x8
core   0: 3 0x80009d74 (0xff9ff06f)
core   0: 0x80009d6c (0x00006f17) auipc   t5, 0x6
core   0: 3 0x80009d6c (0x00006f17) x30 0x8000fd6c
core   0: 0x80009d70 (0x283f2a23) sw      gp, 660(t5)
core   0: 3 0x80009d70 (0x283f2a23) mem 0x80010000 0x00000001
core   0: 0x80009d74 (0xff9ff06f) j       pc - 0x8
core   0: 3 0x80009d74 (0xff9ff06f)
core   0: 0x80009d6c (0x00006f17) auipc   t5, 0x6
core   0: 3 0x80009d6c (0x00006f17) x30 0x8000fd6c
core   0: 0x80009d70 (0x283f2a23) sw      gp, 660(t5)
core   0: 3 0x80009d70 (0x283f2a23) mem 0x80010000 0x00000001
core   0: 0x80009d74 (0xff9ff06f) j       pc - 0x8
core   0: 3 0x80009d74 (0xff9ff06f)
core   0: 0x80009d6c (0x00006f17) auipc   t5, 0x6
core   0: 3 0x80009d6c (0x00006f17) x30 0x8000fd6c
core   0: 0x80009d70 (0x283f2a23) sw      gp, 660(t5)
core   0: 3 0x80009d70 (0x283f2a23) mem 0x80010000 0x00000001
core   0: 0x80009d74 (0xff9ff06f) j       pc - 0x8
core   0: 3 0x80009d74 (0xff9ff06f)
core   0: 0x80009d6c (0x00006f17) auipc   t5, 0x6
core   0: 3 0x80009d6c (0x00006f17) x30 0x8000fd6c
core   0: 0x80009d70 (0x283f2a23) sw      gp, 660(t5)
core   0: 3 0x80009d70 (0x283f2a23) mem 0x80010000 0x00000001
core   0: 0x80009d74 (0xff9ff06f) j       pc - 0x8
core   0: 3 0x80009d74 (0xff9ff06f)
core   0: 0x80009d6c (0x00006f17) auipc   t5, 0x6
core   0: 3 0x80009d6c (0x00006f17) x30 0x8000fd6c
core   0: 0x80009d70 (0x283f2a23) sw      gp, 660(t5)
core   0: 3 0x80009d70 (0x283f2a23) mem 0x80010000 0x00000001
core   0: 0x80009d74 (0xff9ff06f) j       pc - 0x8
core   0: 3 0x80009d74 (0xff9ff06f)
core   0: 0x80009d6c (0x00006f17) auipc   t5, 0x6
core   0: 3 0x80009d6c (0x00006f17) x30 0x8000fd6c
core   0: 0x80009d70 (0x283f2a23) sw      gp, 660(t5)
core   0: 3 0x80009d70 (0x283f2a23) mem 0x80010000 0x00000001
core   0: 0x80009d74 (0xff9ff06f) j       pc - 0x8
core   0: 3 0x80009d74 (0xff9ff06f)
core   0: 0x80009d6c (0x00006f17) auipc   t5, 0x6
core   0: 3 0x80009d6c (0x00006f17) x30 0x8000fd6c
core   0: 0x80009d70 (0x283f2a23) sw      gp, 660(t5)
core   0: 3 0x80009d70 (0x283f2a23) mem 0x80010000 0x00000001
core   0: 0x80009d74 (0xff9ff06f) j       pc - 0x8
core   0: 3 0x80009d74 (0xff9ff06f)
core   0: 0x80009d6c (0x00006f17) auipc   t5, 0x6
core   0: 3 0x80009d6c (0x00006f17) x30 0x8000fd6c
core   0: 0x80009d70 (0x283f2a23) sw      gp, 660(t5)
core   0: 3 0x80009d70 (0x283f2a23) mem 0x80010000 0x00000001
core   0: 0x80009d74 (0xff9ff06f) j       pc - 0x8
core   0: 3 0x80009d74 (0xff9ff06f)
core   0: 0x80009d6c (0x00006f17) auipc   t5, 0x6
core   0: 3 0x80009d6c (0x00006f17) x30 0x8000fd6c
core   0: 0x80009d70 (0x283f2a23) sw      gp, 660(t5)
core   0: 3 0x80009d70 (0x283f2a23) mem 0x80010000 0x00000001
core   0: 0x80009d74 (0xff9ff06f) j       pc - 0x8
core   0: 3 0x80009d74 (0xff9ff06f)
core   0: 0x80009d6c (0x00006f17) auipc   t5, 0x6
core   0: 3 0x80009d6c (0x00006f17) x30 0x8000fd6c
core   0: 0x80009d70 (0x283f2a23) sw      gp, 660(t5)
core   0: 3 0x80009d70 (0x283f2a23) mem 0x80010000 0x00000001
core   0: 0x80009d74 (0xff9ff06f) j       pc - 0x8
core   0: 3 0x80009d74 (0xff9ff06f)
core   0: 0x80009d6c (0x00006f17) auipc   t5, 0x6
core   0: 3 0x80009d6c (0x00006f17) x30 0x8000fd6c
core   0: 0x80009d70 (0x283f2a23) sw      gp, 660(t5)
core   0: 3 0x80009d70 (0x283f2a23) mem 0x80010000 0x00000001
core   0: 0x80009d74 (0xff9ff06f) j       pc - 0x8
core   0: 3 0x80009d74 (0xff9ff06f)
core   0: 0x80009d6c (0x00006f17) auipc   t5, 0x6
core   0: 3 0x80009d6c (0x00006f17) x30 0x8000fd6c
core   0: 0x80009d70 (0x283f2a23) sw      gp, 660(t5)
core   0: 3 0x80009d70 (0x283f2a23) mem 0x80010000 0x00000001
core   0: 0x80009d74 (0xff9ff06f) j       pc - 0x8
core   0: 3 0x80009d74 (0xff9ff06f)
core   0: 0x80009d6c (0x00006f17) auipc   t5, 0x6
core   0: 3 0x80009d6c (0x00006f17) x30 0x8000fd6c
core   0: 0x80009d70 (0x283f2a23) sw      gp, 660(t5)
core   0: 3 0x80009d70 (0x283f2a23) mem 0x80010000 0x00000001
core   0: 0x80009d74 (0xff9ff06f) j       pc - 0x8
core   0: 3 0x80009d74 (0xff9ff06f)
core   0: 0x80009d6c (0x00006f17) auipc   t5, 0x6
core   0: 3 0x80009d6c (0x00006f17) x30 0x8000fd6c
core   0: 0x80009d70 (0x283f2a23) sw      gp, 660(t5)
core   0: 3 0x80009d70 (0x283f2a23) mem 0x80010000 0x00000001
core   0: 0x80009d74 (0xff9ff06f) j       pc - 0x8
core   0: 3 0x80009d74 (0xff9ff06f)
core   0: 0x80009d6c (0x00006f17) auipc   t5, 0x6
core   0: 3 0x80009d6c (0x00006f17) x30 0x8000fd6c
core   0: 0x80009d70 (0x283f2a23) sw      gp, 660(t5)
core   0: 3 0x80009d70 (0x283f2a23) mem 0x80010000 0x00000001
core   0: 0x80009d74 (0xff9ff06f) j       pc - 0x8
core   0: 3 0x80009d74 (0xff9ff06f)
core   0: 0x80009d6c (0x00006f17) auipc   t5, 0x6
core   0: 3 0x80009d6c (0x00006f17) x30 0x8000fd6c
core   0: 0x80009d70 (0x283f2a23) sw      gp, 660(t5)
core   0: 3 0x80009d70 (0x283f2a23) mem 0x80010000 0x00000001
core   0: 0x80009d74 (0xff9ff06f) j       pc - 0x8
core   0: 3 0x80009d74 (0xff9ff06f)
core   0: 0x80009d6c (0x00006f17) auipc   t5, 0x6
core   0: 3 0x80009d6c (0x00006f17) x30 0x8000fd6c
core   0: 0x80009d70 (0x283f2a23) sw      gp, 660(t5)
core   0: 3 0x80009d70 (0x283f2a23) mem 0x80010000 0x00000001
core   0: 0x80009d74 (0xff9ff06f) j       pc - 0x8
core   0: 3 0x80009d74 (0xff9ff06f)
core   0: 0x80009d6c (0x00006f17) auipc   t5, 0x6
core   0: 3 0x80009d6c (0x00006f17) x30 0x8000fd6c
core   0: 0x80009d70 (0x283f2a23) sw      gp, 660(t5)
core   0: 3 0x80009d70 (0x283f2a23) mem 0x80010000 0x00000001
core   0: 0x80009d74 (0xff9ff06f) j       pc - 0x8
core   0: 3 0x80009d74 (0xff9ff06f)
core   0: 0x80009d6c (0x00006f17) auipc   t5, 0x6
core   0: 3 0x80009d6c (0x00006f17) x30 0x8000fd6c
core   0: 0x80009d70 (0x283f2a23) sw      gp, 660(t5)
core   0: 3 0x80009d70 (0x283f2a23) mem 0x80010000 0x00000001
core   0: 0x80009d74 (0xff9ff06f) j       pc - 0x8
core   0: 3 0x80009d74 (0xff9ff06f)
core   0: 0x80009d6c (0x00006f17) auipc   t5, 0x6
core   0: 3 0x80009d6c (0x00006f17) x30 0x8000fd6c
core   0: 0x80009d70 (0x283f2a23) sw      gp, 660(t5)
core   0: 3 0x80009d70 (0x283f2a23) mem 0x80010000 0x00000001
core   0: 0x80009d74 (0xff9ff06f) j       pc - 0x8
core   0: 3 0x80009d74 (0xff9ff06f)
core   0: 0x80009d6c (0x00006f17) auipc   t5, 0x6
core   0: 3 0x80009d6c (0x00006f17) x30 0x8000fd6c
core   0: 0x80009d70 (0x283f2a23) sw      gp, 660(t5)
core   0: 3 0x80009d70 (0x283f2a23) mem 0x80010000 0x00000001
core   0: 0x80009d74 (0xff9ff06f) j       pc - 0x8
core   0: 3 0x80009d74 (0xff9ff06f)
core   0: 0x80009d6c (0x00006f17) auipc   t5, 0x6
core   0: 3 0x80009d6c (0x00006f17) x30 0x8000fd6c
core   0: 0x80009d70 (0x283f2a23) sw      gp, 660(t5)
core   0: 3 0x80009d70 (0x283f2a23) mem 0x80010000 0x00000001
core   0: 0x80009d74 (0xff9ff06f) j       pc - 0x8
core   0: 3 0x80009d74 (0xff9ff06f)
core   0: 0x80009d6c (0x00006f17) auipc   t5, 0x6
core   0: 3 0x80009d6c (0x00006f17) x30 0x8000fd6c
core   0: 0x80009d70 (0x283f2a23) sw      gp, 660(t5)
core   0: 3 0x80009d70 (0x283f2a23) mem 0x80010000 0x00000001
core   0: 0x80009d74 (0xff9ff06f) j       pc - 0x8
core   0: 3 0x80009d74 (0xff9ff06f)
core   0: 0x80009d6c (0x00006f17) auipc   t5, 0x6
core   0: 3 0x80009d6c (0x00006f17) x30 0x8000fd6c
core   0: 0x80009d70 (0x283f2a23) sw      gp, 660(t5)
core   0: 3 0x80009d70 (0x283f2a23) mem 0x80010000 0x00000001
core   0: 0x80009d74 (0xff9ff06f) j       pc - 0x8
core   0: 3 0x80009d74 (0xff9ff06f)
core   0: 0x80009d6c (0x00006f17) auipc   t5, 0x6
core   0: 3 0x80009d6c (0x00006f17) x30 0x8000fd6c
core   0: 0x80009d70 (0x283f2a23) sw      gp, 660(t5)
core   0: 3 0x80009d70 (0x283f2a23) mem 0x80010000 0x00000001
core   0: 0x80009d74 (0xff9ff06f) j       pc - 0x8
core   0: 3 0x80009d74 (0xff9ff06f)
core   0: 0x80009d6c (0x00006f17) auipc   t5, 0x6
core   0: 3 0x80009d6c (0x00006f17) x30 0x8000fd6c
core   0: 0x80009d70 (0x283f2a23) sw      gp, 660(t5)
core   0: 3 0x80009d70 (0x283f2a23) mem 0x80010000 0x00000001
core   0: 0x80009d74 (0xff9ff06f) j       pc - 0x8
core   0: 3 0x80009d74 (0xff9ff06f)
core   0: 0x80009d6c (0x00006f17) auipc   t5, 0x6
core   0: 3 0x80009d6c (0x00006f17) x30 0x8000fd6c
core   0: 0x80009d70 (0x283f2a23) sw      gp, 660(t5)
core   0: 3 0x80009d70 (0x283f2a23) mem 0x80010000 0x00000001
core   0: 0x80009d74 (0xff9ff06f) j       pc - 0x8
core   0: 3 0x80009d74 (0xff9ff06f)
core   0: 0x80009d6c (0x00006f17) auipc   t5, 0x6
core   0: 3 0x80009d6c (0x00006f17) x30 0x8000fd6c
core   0: 0x80009d70 (0x283f2a23) sw      gp, 660(t5)
core   0: 3 0x80009d70 (0x283f2a23) mem 0x80010000 0x00000001
core   0: 0x80009d74 (0xff9ff06f) j       pc - 0x8
core   0: 3 0x80009d74 (0xff9ff06f)
core   0: 0x80009d6c (0x00006f17) auipc   t5, 0x6
core   0: 3 0x80009d6c (0x00006f17) x30 0x8000fd6c
core   0: 0x80009d70 (0x283f2a23) sw      gp, 660(t5)
core   0: 3 0x80009d70 (0x283f2a23) mem 0x80010000 0x00000001
core   0: 0x80009d74 (0xff9ff06f) j       pc - 0x8
core   0: 3 0x80009d74 (0xff9ff06f)
core   0: 0x80009d6c (0x00006f17) auipc   t5, 0x6
core   0: 3 0x80009d6c (0x00006f17) x30 0x8000fd6c
core   0: 0x80009d70 (0x283f2a23) sw      gp, 660(t5)
core   0: 3 0x80009d70 (0x283f2a23) mem 0x80010000 0x00000001
core   0: 0x80009d74 (0xff9ff06f) j       pc - 0x8
core   0: 3 0x80009d74 (0xff9ff06f)
core   0: 0x80009d6c (0x00006f17) auipc   t5, 0x6
core   0: 3 0x80009d6c (0x00006f17) x30 0x8000fd6c
core   0: 0x80009d70 (0x283f2a23) sw      gp, 660(t5)
core   0: 3 0x80009d70 (0x283f2a23) mem 0x80010000 0x00000001
core   0: 0x80009d74 (0xff9ff06f) j       pc - 0x8
core   0: 3 0x80009d74 (0xff9ff06f)
core   0: 0x80009d6c (0x00006f17) auipc   t5, 0x6
core   0: 3 0x80009d6c (0x00006f17) x30 0x8000fd6c
core   0: 0x80009d70 (0x283f2a23) sw      gp, 660(t5)
core   0: 3 0x80009d70 (0x283f2a23) mem 0x80010000 0x00000001
core   0: 0x80009d74 (0xff9ff06f) j       pc - 0x8
core   0: 3 0x80009d74 (0xff9ff06f)
core   0: 0x80009d6c (0x00006f17) auipc   t5, 0x6
core   0: 3 0x80009d6c (0x00006f17) x30 0x8000fd6c
core   0: 0x80009d70 (0x283f2a23) sw      gp, 660(t5)
core   0: 3 0x80009d70 (0x283f2a23) mem 0x80010000 0x00000001
core   0: 0x80009d74 (0xff9ff06f) j       pc - 0x8
core   0: 3 0x80009d74 (0xff9ff06f)
core   0: 0x80009d6c (0x00006f17) auipc   t5, 0x6
core   0: 3 0x80009d6c (0x00006f17) x30 0x8000fd6c
core   0: 0x80009d70 (0x283f2a23) sw      gp, 660(t5)
core   0: 3 0x80009d70 (0x283f2a23) mem 0x80010000 0x00000001
core   0: 0x80009d74 (0xff9ff06f) j       pc - 0x8
core   0: 3 0x80009d74 (0xff9ff06f)
core   0: 0x80009d6c (0x00006f17) auipc   t5, 0x6
core   0: 3 0x80009d6c (0x00006f17) x30 0x8000fd6c
core   0: 0x80009d70 (0x283f2a23) sw      gp, 660(t5)
core   0: 3 0x80009d70 (0x283f2a23) mem 0x80010000 0x00000001
core   0: 0x80009d74 (0xff9ff06f) j       pc - 0x8
core   0: 3 0x80009d74 (0xff9ff06f)
core   0: 0x80009d6c (0x00006f17) auipc   t5, 0x6
core   0: 3 0x80009d6c (0x00006f17) x30 0x8000fd6c
core   0: 0x80009d70 (0x283f2a23) sw      gp, 660(t5)
core   0: 3 0x80009d70 (0x283f2a23) mem 0x80010000 0x00000001
core   0: 0x80009d74 (0xff9ff06f) j       pc - 0x8
core   0: 3 0x80009d74 (0xff9ff06f)
core   0: 0x80009d6c (0x00006f17) auipc   t5, 0x6
core   0: 3 0x80009d6c (0x00006f17) x30 0x8000fd6c
core   0: 0x80009d70 (0x283f2a23) sw      gp, 660(t5)
core   0: 3 0x80009d70 (0x283f2a23) mem 0x80010000 0x00000001
core   0: 0x80009d74 (0xff9ff06f) j       pc - 0x8
core   0: 3 0x80009d74 (0xff9ff06f)
core   0: 0x80009d6c (0x00006f17) auipc   t5, 0x6
core   0: 3 0x80009d6c (0x00006f17) x30 0x8000fd6c
core   0: 0x80009d70 (0x283f2a23) sw      gp, 660(t5)
core   0: 3 0x80009d70 (0x283f2a23) mem 0x80010000 0x00000001
core   0: 0x80009d74 (0xff9ff06f) j       pc - 0x8
core   0: 3 0x80009d74 (0xff9ff06f)
core   0: 0x80009d6c (0x00006f17) auipc   t5, 0x6
core   0: 3 0x80009d6c (0x00006f17) x30 0x8000fd6c
core   0: 0x80009d70 (0x283f2a23) sw      gp, 660(t5)
core   0: 3 0x80009d70 (0x283f2a23) mem 0x80010000 0x00000001
core   0: 0x80009d74 (0xff9ff06f) j       pc - 0x8
core   0: 3 0x80009d74 (0xff9ff06f)
core   0: 0x80009d6c (0x00006f17) auipc   t5, 0x6
core   0: 3 0x80009d6c (0x00006f17) x30 0x8000fd6c
core   0: 0x80009d70 (0x283f2a23) sw      gp, 660(t5)
core   0: 3 0x80009d70 (0x283f2a23) mem 0x80010000 0x00000001
core   0: 0x80009d74 (0xff9ff06f) j       pc - 0x8
core   0: 3 0x80009d74 (0xff9ff06f)
core   0: 0x80009d6c (0x00006f17) auipc   t5, 0x6
core   0: 3 0x80009d6c (0x00006f17) x30 0x8000fd6c
core   0: 0x80009d70 (0x283f2a23) sw      gp, 660(t5)
core   0: 3 0x80009d70 (0x283f2a23) mem 0x80010000 0x00000001
core   0: 0x80009d74 (0xff9ff06f) j       pc - 0x8
core   0: 3 0x80009d74 (0xff9ff06f)
core   0: 0x80009d6c (0x00006f17) auipc   t5, 0x6
core   0: 3 0x80009d6c (0x00006f17) x30 0x8000fd6c
core   0: 0x80009d70 (0x283f2a23) sw      gp, 660(t5)
core   0: 3 0x80009d70 (0x283f2a23) mem 0x80010000 0x00000001
core   0: 0x80009d74 (0xff9ff06f) j       pc - 0x8
core   0: 3 0x80009d74 (0xff9ff06f)
core   0: 0x80009d6c (0x00006f17) auipc   t5, 0x6
core   0: 3 0x80009d6c (0x00006f17) x30 0x8000fd6c
core   0: 0x80009d70 (0x283f2a23) sw      gp, 660(t5)
core   0: 3 0x80009d70 (0x283f2a23) mem 0x80010000 0x00000001
core   0: 0x80009d74 (0xff9ff06f) j       pc - 0x8
core   0: 3 0x80009d74 (0xff9ff06f)
core   0: 0x80009d6c (0x00006f17) auipc   t5, 0x6
core   0: 3 0x80009d6c (0x00006f17) x30 0x8000fd6c
core   0: 0x80009d70 (0x283f2a23) sw      gp, 660(t5)
core   0: 3 0x80009d70 (0x283f2a23) mem 0x80010000 0x00000001
core   0: 0x80009d74 (0xff9ff06f) j       pc - 0x8
core   0: 3 0x80009d74 (0xff9ff06f)
core   0: 0x80009d6c (0x00006f17) auipc   t5, 0x6
core   0: 3 0x80009d6c (0x00006f17) x30 0x8000fd6c
core   0: 0x80009d70 (0x283f2a23) sw      gp, 660(t5)
core   0: 3 0x80009d70 (0x283f2a23) mem 0x80010000 0x00000001
core   0: 0x80009d74 (0xff9ff06f) j       pc - 0x8
core   0: 3 0x80009d74 (0xff9ff06f)
core   0: 0x80009d6c (0x00006f17) auipc   t5, 0x6
core   0: 3 0x80009d6c (0x00006f17) x30 0x8000fd6c
core   0: 0x80009d70 (0x283f2a23) sw      gp, 660(t5)
core   0: 3 0x80009d70 (0x283f2a23) mem 0x80010000 0x00000001
core   0: 0x80009d74 (0xff9ff06f) j       pc - 0x8
core   0: 3 0x80009d74 (0xff9ff06f)
core   0: 0x80009d6c (0x00006f17) auipc   t5, 0x6
core   0: 3 0x80009d6c (0x00006f17) x30 0x8000fd6c
core   0: 0x80009d70 (0x283f2a23) sw      gp, 660(t5)
core   0: 3 0x80009d70 (0x283f2a23) mem 0x80010000 0x00000001
core   0: 0x80009d74 (0xff9ff06f) j       pc - 0x8
core   0: 3 0x80009d74 (0xff9ff06f)
core   0: 0x80009d6c (0x00006f17) auipc   t5, 0x6
core   0: 3 0x80009d6c (0x00006f17) x30 0x8000fd6c
core   0: 0x80009d70 (0x283f2a23) sw      gp, 660(t5)
core   0: 3 0x80009d70 (0x283f2a23) mem 0x80010000 0x00000001
core   0: 0x80009d74 (0xff9ff06f) j       pc - 0x8
core   0: 3 0x80009d74 (0xff9ff06f)
core   0: 0x80009d6c (0x00006f17) auipc   t5, 0x6
core   0: 3 0x80009d6c (0x00006f17) x30 0x8000fd6c
core   0: 0x80009d70 (0x283f2a23) sw      gp, 660(t5)
core   0: 3 0x80009d70 (0x283f2a23) mem 0x80010000 0x00000001
core   0: 0x80009d74 (0xff9ff06f) j       pc - 0x8
core   0: 3 0x80009d74 (0xff9ff06f)
core   0: 0x80009d6c (0x00006f17) auipc   t5, 0x6
core   0: 3 0x80009d6c (0x00006f17) x30 0x8000fd6c
core   0: 0x80009d70 (0x283f2a23) sw      gp, 660(t5)
core   0: 3 0x80009d70 (0x283f2a23) mem 0x80010000 0x00000001
core   0: 0x80009d74 (0xff9ff06f) j       pc - 0x8
core   0: 3 0x80009d74 (0xff9ff06f)
core   0: 0x80009d6c (0x00006f17) auipc   t5, 0x6
core   0: 3 0x80009d6c (0x00006f17) x30 0x8000fd6c
core   0: 0x80009d70 (0x283f2a23) sw      gp, 660(t5)
core   0: 3 0x80009d70 (0x283f2a23) mem 0x80010000 0x00000001
core   0: 0x80009d74 (0xff9ff06f) j       pc - 0x8
core   0: 3 0x80009d74 (0xff9ff06f)
core   0: 0x80009d6c (0x00006f17) auipc   t5, 0x6
core   0: 3 0x80009d6c (0x00006f17) x30 0x8000fd6c
core   0: 0x80009d70 (0x283f2a23) sw      gp, 660(t5)
core   0: 3 0x80009d70 (0x283f2a23) mem 0x80010000 0x00000001
core   0: 0x80009d74 (0xff9ff06f) j       pc - 0x8
core   0: 3 0x80009d74 (0xff9ff06f)
core   0: 0x80009d6c (0x00006f17) auipc   t5, 0x6
core   0: 3 0x80009d6c (0x00006f17) x30 0x8000fd6c
core   0: 0x80009d70 (0x283f2a23) sw      gp, 660(t5)
core   0: 3 0x80009d70 (0x283f2a23) mem 0x80010000 0x00000001
core   0: 0x80009d74 (0xff9ff06f) j       pc - 0x8
core   0: 3 0x80009d74 (0xff9ff06f)
core   0: 0x80009d6c (0x00006f17) auipc   t5, 0x6
core   0: 3 0x80009d6c (0x00006f17) x30 0x8000fd6c
core   0: 0x80009d70 (0x283f2a23) sw      gp, 660(t5)
core   0: 3 0x80009d70 (0x283f2a23) mem 0x80010000 0x00000001
core   0: 0x80009d74 (0xff9ff06f) j       pc - 0x8
core   0: 3 0x80009d74 (0xff9ff06f)
core   0: 0x80009d6c (0x00006f17) auipc   t5, 0x6
core   0: 3 0x80009d6c (0x00006f17) x30 0x8000fd6c
core   0: 0x80009d70 (0x283f2a23) sw      gp, 660(t5)
core   0: 3 0x80009d70 (0x283f2a23) mem 0x80010000 0x00000001
core   0: 0x80009d74 (0xff9ff06f) j       pc - 0x8
core   0: 3 0x80009d74 (0xff9ff06f)
core   0: 0x80009d6c (0x00006f17) auipc   t5, 0x6
core   0: 3 0x80009d6c (0x00006f17) x30 0x8000fd6c
core   0: 0x80009d70 (0x283f2a23) sw      gp, 660(t5)
core   0: 3 0x80009d70 (0x283f2a23) mem 0x80010000 0x00000001
core   0: 0x80009d74 (0xff9ff06f) j       pc - 0x8
core   0: 3 0x80009d74 (0xff9ff06f)
core   0: 0x80009d6c (0x00006f17) auipc   t5, 0x6
core   0: 3 0x80009d6c (0x00006f17) x30 0x8000fd6c
core   0: 0x80009d70 (0x283f2a23) sw      gp, 660(t5)
core   0: 3 0x80009d70 (0x283f2a23) mem 0x80010000 0x00000001
core   0: 0x80009d74 (0xff9ff06f) j       pc - 0x8
core   0: 3 0x80009d74 (0xff9ff06f)
core   0: 0x80009d6c (0x00006f17) auipc   t5, 0x6
core   0: 3 0x80009d6c (0x00006f17) x30 0x8000fd6c
core   0: 0x80009d70 (0x283f2a23) sw      gp, 660(t5)
core   0: 3 0x80009d70 (0x283f2a23) mem 0x80010000 0x00000001
core   0: 0x80009d74 (0xff9ff06f) j       pc - 0x8
core   0: 3 0x80009d74 (0xff9ff06f)
core   0: 0x80009d6c (0x00006f17) auipc   t5, 0x6
core   0: 3 0x80009d6c (0x00006f17) x30 0x8000fd6c
core   0: 0x80009d70 (0x283f2a23) sw      gp, 660(t5)
core   0: 3 0x80009d70 (0x283f2a23) mem 0x80010000 0x00000001
core   0: 0x80009d74 (0xff9ff06f) j       pc - 0x8
core   0: 3 0x80009d74 (0xff9ff06f)
core   0: 0x80009d6c (0x00006f17) auipc   t5, 0x6
core   0: 3 0x80009d6c (0x00006f17) x30 0x8000fd6c
core   0: 0x80009d70 (0x283f2a23) sw      gp, 660(t5)
core   0: 3 0x80009d70 (0x283f2a23) mem 0x80010000 0x00000001
core   0: 0x80009d74 (0xff9ff06f) j       pc - 0x8
core   0: 3 0x80009d74 (0xff9ff06f)
core   0: 0x80009d6c (0x00006f17) auipc   t5, 0x6
core   0: 3 0x80009d6c (0x00006f17) x30 0x8000fd6c
core   0: 0x80009d70 (0x283f2a23) sw      gp, 660(t5)
core   0: 3 0x80009d70 (0x283f2a23) mem 0x80010000 0x00000001
core   0: 0x80009d74 (0xff9ff06f) j       pc - 0x8
core   0: 3 0x80009d74 (0xff9ff06f)
core   0: 0x80009d6c (0x00006f17) auipc   t5, 0x6
core   0: 3 0x80009d6c (0x00006f17) x30 0x8000fd6c
core   0: 0x80009d70 (0x283f2a23) sw      gp, 660(t5)
core   0: 3 0x80009d70 (0x283f2a23) mem 0x80010000 0x00000001
core   0: 0x80009d74 (0xff9ff06f) j       pc - 0x8
core   0: 3 0x80009d74 (0xff9ff06f)
core   0: 0x80009d6c (0x00006f17) auipc   t5, 0x6
core   0: 3 0x80009d6c (0x00006f17) x30 0x8000fd6c
core   0: 0x80009d70 (0x283f2a23) sw      gp, 660(t5)
core   0: 3 0x80009d70 (0x283f2a23) mem 0x80010000 0x00000001
core   0: 0x80009d74 (0xff9ff06f) j       pc - 0x8
core   0: 3 0x80009d74 (0xff9ff06f)
core   0: 0x80009d6c (0x00006f17) auipc   t5, 0x6
core   0: 3 0x80009d6c (0x00006f17) x30 0x8000fd6c
core   0: 0x80009d70 (0x283f2a23) sw      gp, 660(t5)
core   0: 3 0x80009d70 (0x283f2a23) mem 0x80010000 0x00000001
core   0: 0x80009d74 (0xff9ff06f) j       pc - 0x8
core   0: 3 0x80009d74 (0xff9ff06f)
core   0: 0x80009d6c (0x00006f17) auipc   t5, 0x6
core   0: 3 0x80009d6c (0x00006f17) x30 0x8000fd6c
core   0: 0x80009d70 (0x283f2a23) sw      gp, 660(t5)
core   0: 3 0x80009d70 (0x283f2a23) mem 0x80010000 0x00000001
core   0: 0x80009d74 (0xff9ff06f) j       pc - 0x8
core   0: 3 0x80009d74 (0xff9ff06f)
core   0: 0x80009d6c (0x00006f17) auipc   t5, 0x6
core   0: 3 0x80009d6c (0x00006f17) x30 0x8000fd6c
core   0: 0x80009d70 (0x283f2a23) sw      gp, 660(t5)
core   0: 3 0x80009d70 (0x283f2a23) mem 0x80010000 0x00000001
core   0: 0x80009d74 (0xff9ff06f) j       pc - 0x8
core   0: 3 0x80009d74 (0xff9ff06f)
core   0: 0x80009d6c (0x00006f17) auipc   t5, 0x6
core   0: 3 0x80009d6c (0x00006f17) x30 0x8000fd6c
core   0: 0x80009d70 (0x283f2a23) sw      gp, 660(t5)
core   0: 3 0x80009d70 (0x283f2a23) mem 0x80010000 0x00000001
core   0: 0x80009d74 (0xff9ff06f) j       pc - 0x8
core   0: 3 0x80009d74 (0xff9ff06f)
core   0: 0x80009d6c (0x00006f17) auipc   t5, 0x6
core   0: 3 0x80009d6c (0x00006f17) x30 0x8000fd6c
core   0: 0x80009d70 (0x283f2a23) sw      gp, 660(t5)
core   0: 3 0x80009d70 (0x283f2a23) mem 0x80010000 0x00000001
core   0: 0x80009d74 (0xff9ff06f) j       pc - 0x8
core   0: 3 0x80009d74 (0xff9ff06f)
core   0: 0x80009d6c (0x00006f17) auipc   t5, 0x6
core   0: 3 0x80009d6c (0x00006f17) x30 0x8000fd6c
core   0: 0x80009d70 (0x283f2a23) sw      gp, 660(t5)
core   0: 3 0x80009d70 (0x283f2a23) mem 0x80010000 0x00000001
core   0: 0x80009d74 (0xff9ff06f) j       pc - 0x8
core   0: 3 0x80009d74 (0xff9ff06f)
core   0: 0x80009d6c (0x00006f17) auipc   t5, 0x6
core   0: 3 0x80009d6c (0x00006f17) x30 0x8000fd6c
core   0: 0x80009d70 (0x283f2a23) sw      gp, 660(t5)
core   0: 3 0x80009d70 (0x283f2a23) mem 0x80010000 0x00000001
core   0: 0x80009d74 (0xff9ff06f) j       pc - 0x8
core   0: 3 0x80009d74 (0xff9ff06f)
core   0: 0x80009d6c (0x00006f17) auipc   t5, 0x6
core   0: 3 0x80009d6c (0x00006f17) x30 0x8000fd6c
core   0: 0x80009d70 (0x283f2a23) sw      gp, 660(t5)
core   0: 3 0x80009d70 (0x283f2a23) mem 0x80010000 0x00000001
core   0: 0x80009d74 (0xff9ff06f) j       pc - 0x8
core   0: 3 0x80009d74 (0xff9ff06f)
core   0: 0x80009d6c (0x00006f17) auipc   t5, 0x6
core   0: 3 0x80009d6c (0x00006f17) x30 0x8000fd6c
core   0: 0x80009d70 (0x283f2a23) sw      gp, 660(t5)
core   0: 3 0x80009d70 (0x283f2a23) mem 0x80010000 0x00000001
core   0: 0x80009d74 (0xff9ff06f) j       pc - 0x8
core   0: 3 0x80009d74 (0xff9ff06f)
core   0: 0x80009d6c (0x00006f17) auipc   t5, 0x6
core   0: 3 0x80009d6c (0x00006f17) x30 0x8000fd6c
core   0: 0x80009d70 (0x283f2a23) sw      gp, 660(t5)
core   0: 3 0x80009d70 (0x283f2a23) mem 0x80010000 0x00000001
core   0: 0x80009d74 (0xff9ff06f) j       pc - 0x8
core   0: 3 0x80009d74 (0xff9ff06f)
core   0: 0x80009d6c (0x00006f17) auipc   t5, 0x6
core   0: 3 0x80009d6c (0x00006f17) x30 0x8000fd6c
core   0: 0x80009d70 (0x283f2a23) sw      gp, 660(t5)
core   0: 3 0x80009d70 (0x283f2a23) mem 0x80010000 0x00000001
core   0: 0x80009d74 (0xff9ff06f) j       pc - 0x8
core   0: 3 0x80009d74 (0xff9ff06f)
core   0: 0x80009d6c (0x00006f17) auipc   t5, 0x6
core   0: 3 0x80009d6c (0x00006f17) x30 0x8000fd6c
core   0: 0x80009d70 (0x283f2a23) sw      gp, 660(t5)
core   0: 3 0x80009d70 (0x283f2a23) mem 0x80010000 0x00000001
core   0: 0x80009d74 (0xff9ff06f) j       pc - 0x8
core   0: 3 0x80009d74 (0xff9ff06f)
core   0: 0x80009d6c (0x00006f17) auipc   t5, 0x6
core   0: 3 0x80009d6c (0x00006f17) x30 0x8000fd6c
core   0: 0x80009d70 (0x283f2a23) sw      gp, 660(t5)
core   0: 3 0x80009d70 (0x283f2a23) mem 0x80010000 0x00000001
core   0: 0x80009d74 (0xff9ff06f) j       pc - 0x8
core   0: 3 0x80009d74 (0xff9ff06f)
core   0: 0x80009d6c (0x00006f17) auipc   t5, 0x6
core   0: 3 0x80009d6c (0x00006f17) x30 0x8000fd6c
core   0: 0x80009d70 (0x283f2a23) sw      gp, 660(t5)
core   0: 3 0x80009d70 (0x283f2a23) mem 0x80010000 0x00000001
core   0: 0x80009d74 (0xff9ff06f) j       pc - 0x8
core   0: 3 0x80009d74 (0xff9ff06f)
core   0: 0x80009d6c (0x00006f17) auipc   t5, 0x6
core   0: 3 0x80009d6c (0x00006f17) x30 0x8000fd6c
core   0: 0x80009d70 (0x283f2a23) sw      gp, 660(t5)
core   0: 3 0x80009d70 (0x283f2a23) mem 0x80010000 0x00000001
core   0: 0x80009d74 (0xff9ff06f) j       pc - 0x8
core   0: 3 0x80009d74 (0xff9ff06f)
core   0: 0x80009d6c (0x00006f17) auipc   t5, 0x6
core   0: 3 0x80009d6c (0x00006f17) x30 0x8000fd6c
core   0: 0x80009d70 (0x283f2a23) sw      gp, 660(t5)
core   0: 3 0x80009d70 (0x283f2a23) mem 0x80010000 0x00000001
core   0: 0x80009d74 (0xff9ff06f) j       pc - 0x8
core   0: 3 0x80009d74 (0xff9ff06f)
core   0: 0x80009d6c (0x00006f17) auipc   t5, 0x6
core   0: 3 0x80009d6c (0x00006f17) x30 0x8000fd6c
core   0: 0x80009d70 (0x283f2a23) sw      gp, 660(t5)
core   0: 3 0x80009d70 (0x283f2a23) mem 0x80010000 0x00000001
core   0: 0x80009d74 (0xff9ff06f) j       pc - 0x8
core   0: 3 0x80009d74 (0xff9ff06f)
core   0: 0x80009d6c (0x00006f17) auipc   t5, 0x6
core   0: 3 0x80009d6c (0x00006f17) x30 0x8000fd6c
core   0: 0x80009d70 (0x283f2a23) sw      gp, 660(t5)
core   0: 3 0x80009d70 (0x283f2a23) mem 0x80010000 0x00000001
core   0: 0x80009d74 (0xff9ff06f) j       pc - 0x8
core   0: 3 0x80009d74 (0xff9ff06f)
core   0: 0x80009d6c (0x00006f17) auipc   t5, 0x6
core   0: 3 0x80009d6c (0x00006f17) x30 0x8000fd6c
core   0: 0x80009d70 (0x283f2a23) sw      gp, 660(t5)
core   0: 3 0x80009d70 (0x283f2a23) mem 0x80010000 0x00000001
core   0: 0x80009d74 (0xff9ff06f) j       pc - 0x8
core   0: 3 0x80009d74 (0xff9ff06f)
core   0: 0x80009d6c (0x00006f17) auipc   t5, 0x6
core   0: 3 0x80009d6c (0x00006f17) x30 0x8000fd6c
core   0: 0x80009d70 (0x283f2a23) sw      gp, 660(t5)
core   0: 3 0x80009d70 (0x283f2a23) mem 0x80010000 0x00000001
core   0: 0x80009d74 (0xff9ff06f) j       pc - 0x8
core   0: 3 0x80009d74 (0xff9ff06f)
core   0: 0x80009d6c (0x00006f17) auipc   t5, 0x6
core   0: 3 0x80009d6c (0x00006f17) x30 0x8000fd6c
core   0: 0x80009d70 (0x283f2a23) sw      gp, 660(t5)
core   0: 3 0x80009d70 (0x283f2a23) mem 0x80010000 0x00000001
core   0: 0x80009d74 (0xff9ff06f) j       pc - 0x8
core   0: 3 0x80009d74 (0xff9ff06f)
core   0: 0x80009d6c (0x00006f17) auipc   t5, 0x6
core   0: 3 0x80009d6c (0x00006f17) x30 0x8000fd6c
core   0: 0x80009d70 (0x283f2a23) sw      gp, 660(t5)
core   0: 3 0x80009d70 (0x283f2a23) mem 0x80010000 0x00000001
core   0: 0x80009d74 (0xff9ff06f) j       pc - 0x8
core   0: 3 0x80009d74 (0xff9ff06f)
core   0: 0x80009d6c (0x00006f17) auipc   t5, 0x6
core   0: 3 0x80009d6c (0x00006f17) x30 0x8000fd6c
core   0: 0x80009d70 (0x283f2a23) sw      gp, 660(t5)
core   0: 3 0x80009d70 (0x283f2a23) mem 0x80010000 0x00000001
core   0: 0x80009d74 (0xff9ff06f) j       pc - 0x8
core   0: 3 0x80009d74 (0xff9ff06f)
core   0: 0x80009d6c (0x00006f17) auipc   t5, 0x6
core   0: 3 0x80009d6c (0x00006f17) x30 0x8000fd6c
core   0: 0x80009d70 (0x283f2a23) sw      gp, 660(t5)
core   0: 3 0x80009d70 (0x283f2a23) mem 0x80010000 0x00000001
core   0: 0x80009d74 (0xff9ff06f) j       pc - 0x8
core   0: 3 0x80009d74 (0xff9ff06f)
core   0: 0x80009d6c (0x00006f17) auipc   t5, 0x6
core   0: 3 0x80009d6c (0x00006f17) x30 0x8000fd6c
core   0: 0x80009d70 (0x283f2a23) sw      gp, 660(t5)
core   0: 3 0x80009d70 (0x283f2a23) mem 0x80010000 0x00000001
core   0: 0x80009d74 (0xff9ff06f) j       pc - 0x8
core   0: 3 0x80009d74 (0xff9ff06f)
core   0: 0x80009d6c (0x00006f17) auipc   t5, 0x6
core   0: 3 0x80009d6c (0x00006f17) x30 0x8000fd6c
core   0: 0x80009d70 (0x283f2a23) sw      gp, 660(t5)
core   0: 3 0x80009d70 (0x283f2a23) mem 0x80010000 0x00000001
core   0: 0x80009d74 (0xff9ff06f) j       pc - 0x8
core   0: 3 0x80009d74 (0xff9ff06f)
core   0: 0x80009d6c (0x00006f17) auipc   t5, 0x6
core   0: 3 0x80009d6c (0x00006f17) x30 0x8000fd6c
core   0: 0x80009d70 (0x283f2a23) sw      gp, 660(t5)
core   0: 3 0x80009d70 (0x283f2a23) mem 0x80010000 0x00000001
core   0: 0x80009d74 (0xff9ff06f) j       pc - 0x8
core   0: 3 0x80009d74 (0xff9ff06f)
core   0: 0x80009d6c (0x00006f17) auipc   t5, 0x6
core   0: 3 0x80009d6c (0x00006f17) x30 0x8000fd6c
core   0: 0x80009d70 (0x283f2a23) sw      gp, 660(t5)
core   0: 3 0x80009d70 (0x283f2a23) mem 0x80010000 0x00000001
core   0: 0x80009d74 (0xff9ff06f) j       pc - 0x8
core   0: 3 0x80009d74 (0xff9ff06f)
core   0: 0x80009d6c (0x00006f17) auipc   t5, 0x6
core   0: 3 0x80009d6c (0x00006f17) x30 0x8000fd6c
core   0: 0x80009d70 (0x283f2a23) sw      gp, 660(t5)
core   0: 3 0x80009d70 (0x283f2a23) mem 0x80010000 0x00000001
core   0: 0x80009d74 (0xff9ff06f) j       pc - 0x8
core   0: 3 0x80009d74 (0xff9ff06f)
core   0: 0x80009d6c (0x00006f17) auipc   t5, 0x6
core   0: 3 0x80009d6c (0x00006f17) x30 0x8000fd6c
core   0: 0x80009d70 (0x283f2a23) sw      gp, 660(t5)
core   0: 3 0x80009d70 (0x283f2a23) mem 0x80010000 0x00000001
core   0: 0x80009d74 (0xff9ff06f) j       pc - 0x8
core   0: 3 0x80009d74 (0xff9ff06f)
core   0: 0x80009d6c (0x00006f17) auipc   t5, 0x6
core   0: 3 0x80009d6c (0x00006f17) x30 0x8000fd6c
core   0: 0x80009d70 (0x283f2a23) sw      gp, 660(t5)
core   0: 3 0x80009d70 (0x283f2a23) mem 0x80010000 0x00000001
core   0: 0x80009d74 (0xff9ff06f) j       pc - 0x8
core   0: 3 0x80009d74 (0xff9ff06f)
core   0: 0x80009d6c (0x00006f17) auipc   t5, 0x6
core   0: 3 0x80009d6c (0x00006f17) x30 0x8000fd6c
core   0: 0x80009d70 (0x283f2a23) sw      gp, 660(t5)
core   0: 3 0x80009d70 (0x283f2a23) mem 0x80010000 0x00000001
core   0: 0x80009d74 (0xff9ff06f) j       pc - 0x8
core   0: 3 0x80009d74 (0xff9ff06f)
core   0: 0x80009d6c (0x00006f17) auipc   t5, 0x6
core   0: 3 0x80009d6c (0x00006f17) x30 0x8000fd6c
core   0: 0x80009d70 (0x283f2a23) sw      gp, 660(t5)
core   0: 3 0x80009d70 (0x283f2a23) mem 0x80010000 0x00000001
core   0: 0x80009d74 (0xff9ff06f) j       pc - 0x8
core   0: 3 0x80009d74 (0xff9ff06f)
core   0: 0x80009d6c (0x00006f17) auipc   t5, 0x6
core   0: 3 0x80009d6c (0x00006f17) x30 0x8000fd6c
core   0: 0x80009d70 (0x283f2a23) sw      gp, 660(t5)
core   0: 3 0x80009d70 (0x283f2a23) mem 0x80010000 0x00000001
core   0: 0x80009d74 (0xff9ff06f) j       pc - 0x8
core   0: 3 0x80009d74 (0xff9ff06f)
core   0: 0x80009d6c (0x00006f17) auipc   t5, 0x6
core   0: 3 0x80009d6c (0x00006f17) x30 0x8000fd6c
core   0: 0x80009d70 (0x283f2a23) sw      gp, 660(t5)
core   0: 3 0x80009d70 (0x283f2a23) mem 0x80010000 0x00000001
core   0: 0x80009d74 (0xff9ff06f) j       pc - 0x8
core   0: 3 0x80009d74 (0xff9ff06f)
core   0: 0x80009d6c (0x00006f17) auipc   t5, 0x6
core   0: 3 0x80009d6c (0x00006f17) x30 0x8000fd6c
core   0: 0x80009d70 (0x283f2a23) sw      gp, 660(t5)
core   0: 3 0x80009d70 (0x283f2a23) mem 0x80010000 0x00000001
core   0: 0x80009d74 (0xff9ff06f) j       pc - 0x8
core   0: 3 0x80009d74 (0xff9ff06f)
core   0: 0x80009d6c (0x00006f17) auipc   t5, 0x6
core   0: 3 0x80009d6c (0x00006f17) x30 0x8000fd6c
core   0: 0x80009d70 (0x283f2a23) sw      gp, 660(t5)
core   0: 3 0x80009d70 (0x283f2a23) mem 0x80010000 0x00000001
core   0: 0x80009d74 (0xff9ff06f) j       pc - 0x8
core   0: 3 0x80009d74 (0xff9ff06f)
core   0: 0x80009d6c (0x00006f17) auipc   t5, 0x6
core   0: 3 0x80009d6c (0x00006f17) x30 0x8000fd6c
core   0: 0x80009d70 (0x283f2a23) sw      gp, 660(t5)
core   0: 3 0x80009d70 (0x283f2a23) mem 0x80010000 0x00000001
core   0: 0x80009d74 (0xff9ff06f) j       pc - 0x8
core   0: 3 0x80009d74 (0xff9ff06f)
core   0: 0x80009d6c (0x00006f17) auipc   t5, 0x6
core   0: 3 0x80009d6c (0x00006f17) x30 0x8000fd6c
core   0: 0x80009d70 (0x283f2a23) sw      gp, 660(t5)
core   0: 3 0x80009d70 (0x283f2a23) mem 0x80010000 0x00000001
core   0: 0x80009d74 (0xff9ff06f) j       pc - 0x8
core   0: 3 0x80009d74 (0xff9ff06f)
core   0: 0x80009d6c (0x00006f17) auipc   t5, 0x6
core   0: 3 0x80009d6c (0x00006f17) x30 0x8000fd6c
core   0: 0x80009d70 (0x283f2a23) sw      gp, 660(t5)
core   0: 3 0x80009d70 (0x283f2a23) mem 0x80010000 0x00000001
core   0: 0x80009d74 (0xff9ff06f) j       pc - 0x8
core   0: 3 0x80009d74 (0xff9ff06f)
core   0: 0x80009d6c (0x00006f17) auipc   t5, 0x6
core   0: 3 0x80009d6c (0x00006f17) x30 0x8000fd6c
core   0: 0x80009d70 (0x283f2a23) sw      gp, 660(t5)
core   0: 3 0x80009d70 (0x283f2a23) mem 0x80010000 0x00000001
core   0: 0x80009d74 (0xff9ff06f) j       pc - 0x8
core   0: 3 0x80009d74 (0xff9ff06f)
core   0: 0x80009d6c (0x00006f17) auipc   t5, 0x6
core   0: 3 0x80009d6c (0x00006f17) x30 0x8000fd6c
core   0: 0x80009d70 (0x283f2a23) sw      gp, 660(t5)
core   0: 3 0x80009d70 (0x283f2a23) mem 0x80010000 0x00000001
core   0: 0x80009d74 (0xff9ff06f) j       pc - 0x8
core   0: 3 0x80009d74 (0xff9ff06f)
core   0: 0x80009d6c (0x00006f17) auipc   t5, 0x6
core   0: 3 0x80009d6c (0x00006f17) x30 0x8000fd6c
core   0: 0x80009d70 (0x283f2a23) sw      gp, 660(t5)
core   0: 3 0x80009d70 (0x283f2a23) mem 0x80010000 0x00000001
core   0: 0x80009d74 (0xff9ff06f) j       pc - 0x8
core   0: 3 0x80009d74 (0xff9ff06f)
core   0: 0x80009d6c (0x00006f17) auipc   t5, 0x6
core   0: 3 0x80009d6c (0x00006f17) x30 0x8000fd6c
core   0: 0x80009d70 (0x283f2a23) sw      gp, 660(t5)
core   0: 3 0x80009d70 (0x283f2a23) mem 0x80010000 0x00000001
core   0: 0x80009d74 (0xff9ff06f) j       pc - 0x8
core   0: 3 0x80009d74 (0xff9ff06f)
core   0: 0x80009d6c (0x00006f17) auipc   t5, 0x6
core   0: 3 0x80009d6c (0x00006f17) x30 0x8000fd6c
core   0: 0x80009d70 (0x283f2a23) sw      gp, 660(t5)
core   0: 3 0x80009d70 (0x283f2a23) mem 0x80010000 0x00000001
core   0: 0x80009d74 (0xff9ff06f) j       pc - 0x8
core   0: 3 0x80009d74 (0xff9ff06f)
core   0: 0x80009d6c (0x00006f17) auipc   t5, 0x6
core   0: 3 0x80009d6c (0x00006f17) x30 0x8000fd6c
core   0: 0x80009d70 (0x283f2a23) sw      gp, 660(t5)
core   0: 3 0x80009d70 (0x283f2a23) mem 0x80010000 0x00000001
core   0: 0x80009d74 (0xff9ff06f) j       pc - 0x8
core   0: 3 0x80009d74 (0xff9ff06f)
core   0: 0x80009d6c (0x00006f17) auipc   t5, 0x6
core   0: 3 0x80009d6c (0x00006f17) x30 0x8000fd6c
core   0: 0x80009d70 (0x283f2a23) sw      gp, 660(t5)
core   0: 3 0x80009d70 (0x283f2a23) mem 0x80010000 0x00000001
core   0: 0x80009d74 (0xff9ff06f) j       pc - 0x8
core   0: 3 0x80009d74 (0xff9ff06f)
core   0: 0x80009d6c (0x00006f17) auipc   t5, 0x6
core   0: 3 0x80009d6c (0x00006f17) x30 0x8000fd6c
core   0: 0x80009d70 (0x283f2a23) sw      gp, 660(t5)
core   0: 3 0x80009d70 (0x283f2a23) mem 0x80010000 0x00000001
core   0: 0x80009d74 (0xff9ff06f) j       pc - 0x8
core   0: 3 0x80009d74 (0xff9ff06f)
core   0: 0x80009d6c (0x00006f17) auipc   t5, 0x6
core   0: 3 0x80009d6c (0x00006f17) x30 0x8000fd6c
core   0: 0x80009d70 (0x283f2a23) sw      gp, 660(t5)
core   0: 3 0x80009d70 (0x283f2a23) mem 0x80010000 0x00000001
core   0: 0x80009d74 (0xff9ff06f) j       pc - 0x8
core   0: 3 0x80009d74 (0xff9ff06f)
core   0: 0x80009d6c (0x00006f17) auipc   t5, 0x6
core   0: 3 0x80009d6c (0x00006f17) x30 0x8000fd6c
core   0: 0x80009d70 (0x283f2a23) sw      gp, 660(t5)
core   0: 3 0x80009d70 (0x283f2a23) mem 0x80010000 0x00000001
core   0: 0x80009d74 (0xff9ff06f) j       pc - 0x8
core   0: 3 0x80009d74 (0xff9ff06f)
core   0: 0x80009d6c (0x00006f17) auipc   t5, 0x6
core   0: 3 0x80009d6c (0x00006f17) x30 0x8000fd6c
core   0: 0x80009d70 (0x283f2a23) sw      gp, 660(t5)
core   0: 3 0x80009d70 (0x283f2a23) mem 0x80010000 0x00000001
core   0: 0x80009d74 (0xff9ff06f) j       pc - 0x8
core   0: 3 0x80009d74 (0xff9ff06f)
core   0: 0x80009d6c (0x00006f17) auipc   t5, 0x6
core   0: 3 0x80009d6c (0x00006f17) x30 0x8000fd6c
core   0: 0x80009d70 (0x283f2a23) sw      gp, 660(t5)
core   0: 3 0x80009d70 (0x283f2a23) mem 0x80010000 0x00000001
core   0: 0x80009d74 (0xff9ff06f) j       pc - 0x8
core   0: 3 0x80009d74 (0xff9ff06f)
core   0: 0x80009d6c (0x00006f17) auipc   t5, 0x6
core   0: 3 0x80009d6c (0x00006f17) x30 0x8000fd6c
core   0: 0x80009d70 (0x283f2a23) sw      gp, 660(t5)
core   0: 3 0x80009d70 (0x283f2a23) mem 0x80010000 0x00000001
core   0: 0x80009d74 (0xff9ff06f) j       pc - 0x8
core   0: 3 0x80009d74 (0xff9ff06f)
core   0: 0x80009d6c (0x00006f17) auipc   t5, 0x6
core   0: 3 0x80009d6c (0x00006f17) x30 0x8000fd6c
core   0: 0x80009d70 (0x283f2a23) sw      gp, 660(t5)
core   0: 3 0x80009d70 (0x283f2a23) mem 0x80010000 0x00000001
core   0: 0x80009d74 (0xff9ff06f) j       pc - 0x8
core   0: 3 0x80009d74 (0xff9ff06f)
core   0: 0x80009d6c (0x00006f17) auipc   t5, 0x6
core   0: 3 0x80009d6c (0x00006f17) x30 0x8000fd6c
core   0: 0x80009d70 (0x283f2a23) sw      gp, 660(t5)
core   0: 3 0x80009d70 (0x283f2a23) mem 0x80010000 0x00000001
core   0: 0x80009d74 (0xff9ff06f) j       pc - 0x8
core   0: 3 0x80009d74 (0xff9ff06f)
core   0: 0x80009d6c (0x00006f17) auipc   t5, 0x6
core   0: 3 0x80009d6c (0x00006f17) x30 0x8000fd6c
core   0: 0x80009d70 (0x283f2a23) sw      gp, 660(t5)
core   0: 3 0x80009d70 (0x283f2a23) mem 0x80010000 0x00000001
core   0: 0x80009d74 (0xff9ff06f) j       pc - 0x8
core   0: 3 0x80009d74 (0xff9ff06f)
core   0: 0x80009d6c (0x00006f17) auipc   t5, 0x6
core   0: 3 0x80009d6c (0x00006f17) x30 0x8000fd6c
core   0: 0x80009d70 (0x283f2a23) sw      gp, 660(t5)
core   0: 3 0x80009d70 (0x283f2a23) mem 0x80010000 0x00000001
core   0: 0x80009d74 (0xff9ff06f) j       pc - 0x8
core   0: 3 0x80009d74 (0xff9ff06f)
core   0: 0x80009d6c (0x00006f17) auipc   t5, 0x6
core   0: 3 0x80009d6c (0x00006f17) x30 0x8000fd6c
core   0: 0x80009d70 (0x283f2a23) sw      gp, 660(t5)
core   0: 3 0x80009d70 (0x283f2a23) mem 0x80010000 0x00000001
core   0: 0x80009d74 (0xff9ff06f) j       pc - 0x8
core   0: 3 0x80009d74 (0xff9ff06f)
core   0: 0x80009d6c (0x00006f17) auipc   t5, 0x6
core   0: 3 0x80009d6c (0x00006f17) x30 0x8000fd6c
core   0: 0x80009d70 (0x283f2a23) sw      gp, 660(t5)
core   0: 3 0x80009d70 (0x283f2a23) mem 0x80010000 0x00000001
core   0: 0x80009d74 (0xff9ff06f) j       pc - 0x8
core   0: 3 0x80009d74 (0xff9ff06f)
core   0: 0x80009d6c (0x00006f17) auipc   t5, 0x6
core   0: 3 0x80009d6c (0x00006f17) x30 0x8000fd6c
core   0: 0x80009d70 (0x283f2a23) sw      gp, 660(t5)
core   0: 3 0x80009d70 (0x283f2a23) mem 0x80010000 0x00000001
core   0: 0x80009d74 (0xff9ff06f) j       pc - 0x8
core   0: 3 0x80009d74 (0xff9ff06f)
core   0: 0x80009d6c (0x00006f17) auipc   t5, 0x6
core   0: 3 0x80009d6c (0x00006f17) x30 0x8000fd6c
core   0: 0x80009d70 (0x283f2a23) sw      gp, 660(t5)
core   0: 3 0x80009d70 (0x283f2a23) mem 0x80010000 0x00000001
core   0: 0x80009d74 (0xff9ff06f) j       pc - 0x8
core   0: 3 0x80009d74 (0xff9ff06f)
core   0: 0x80009d6c (0x00006f17) auipc   t5, 0x6
core   0: 3 0x80009d6c (0x00006f17) x30 0x8000fd6c
core   0: 0x80009d70 (0x283f2a23) sw      gp, 660(t5)
core   0: 3 0x80009d70 (0x283f2a23) mem 0x80010000 0x00000001
core   0: 0x80009d74 (0xff9ff06f) j       pc - 0x8
core   0: 3 0x80009d74 (0xff9ff06f)
core   0: 0x80009d6c (0x00006f17) auipc   t5, 0x6
core   0: 3 0x80009d6c (0x00006f17) x30 0x8000fd6c
core   0: 0x80009d70 (0x283f2a23) sw      gp, 660(t5)
core   0: 3 0x80009d70 (0x283f2a23) mem 0x80010000 0x00000001
core   0: 0x80009d74 (0xff9ff06f) j       pc - 0x8
core   0: 3 0x80009d74 (0xff9ff06f)
core   0: 0x80009d6c (0x00006f17) auipc   t5, 0x6
core   0: 3 0x80009d6c (0x00006f17) x30 0x8000fd6c
core   0: 0x80009d70 (0x283f2a23) sw      gp, 660(t5)
core   0: 3 0x80009d70 (0x283f2a23) mem 0x80010000 0x00000001
core   0: 0x80009d74 (0xff9ff06f) j       pc - 0x8
core   0: 3 0x80009d74 (0xff9ff06f)
core   0: 0x80009d6c (0x00006f17) auipc   t5, 0x6
core   0: 3 0x80009d6c (0x00006f17) x30 0x8000fd6c
core   0: 0x80009d70 (0x283f2a23) sw      gp, 660(t5)
core   0: 3 0x80009d70 (0x283f2a23) mem 0x80010000 0x00000001
core   0: 0x80009d74 (0xff9ff06f) j       pc - 0x8
core   0: 3 0x80009d74 (0xff9ff06f)
core   0: 0x80009d6c (0x00006f17) auipc   t5, 0x6
core   0: 3 0x80009d6c (0x00006f17) x30 0x8000fd6c
core   0: 0x80009d70 (0x283f2a23) sw      gp, 660(t5)
core   0: 3 0x80009d70 (0x283f2a23) mem 0x80010000 0x00000001
core   0: 0x80009d74 (0xff9ff06f) j       pc - 0x8
core   0: 3 0x80009d74 (0xff9ff06f)
core   0: 0x80009d6c (0x00006f17) auipc   t5, 0x6
core   0: 3 0x80009d6c (0x00006f17) x30 0x8000fd6c
core   0: 0x80009d70 (0x283f2a23) sw      gp, 660(t5)
core   0: 3 0x80009d70 (0x283f2a23) mem 0x80010000 0x00000001
core   0: 0x80009d74 (0xff9ff06f) j       pc - 0x8
core   0: 3 0x80009d74 (0xff9ff06f)
core   0: 0x80009d6c (0x00006f17) auipc   t5, 0x6
core   0: 3 0x80009d6c (0x00006f17) x30 0x8000fd6c
core   0: 0x80009d70 (0x283f2a23) sw      gp, 660(t5)
core   0: 3 0x80009d70 (0x283f2a23) mem 0x80010000 0x00000001
core   0: 0x80009d74 (0xff9ff06f) j       pc - 0x8
core   0: 3 0x80009d74 (0xff9ff06f)
core   0: 0x80009d6c (0x00006f17) auipc   t5, 0x6
core   0: 3 0x80009d6c (0x00006f17) x30 0x8000fd6c
core   0: 0x80009d70 (0x283f2a23) sw      gp, 660(t5)
core   0: 3 0x80009d70 (0x283f2a23) mem 0x80010000 0x00000001
core   0: 0x80009d74 (0xff9ff06f) j       pc - 0x8
core   0: 3 0x80009d74 (0xff9ff06f)
core   0: 0x80009d6c (0x00006f17) auipc   t5, 0x6
core   0: 3 0x80009d6c (0x00006f17) x30 0x8000fd6c
core   0: 0x80009d70 (0x283f2a23) sw      gp, 660(t5)
core   0: 3 0x80009d70 (0x283f2a23) mem 0x80010000 0x00000001
core   0: 0x80009d74 (0xff9ff06f) j       pc - 0x8
core   0: 3 0x80009d74 (0xff9ff06f)
core   0: 0x80009d6c (0x00006f17) auipc   t5, 0x6
core   0: 3 0x80009d6c (0x00006f17) x30 0x8000fd6c
core   0: 0x80009d70 (0x283f2a23) sw      gp, 660(t5)
core   0: 3 0x80009d70 (0x283f2a23) mem 0x80010000 0x00000001
core   0: 0x80009d74 (0xff9ff06f) j       pc - 0x8
core   0: 3 0x80009d74 (0xff9ff06f)
core   0: 0x80009d6c (0x00006f17) auipc   t5, 0x6
core   0: 3 0x80009d6c (0x00006f17) x30 0x8000fd6c
core   0: 0x80009d70 (0x283f2a23) sw      gp, 660(t5)
core   0: 3 0x80009d70 (0x283f2a23) mem 0x80010000 0x00000001
core   0: 0x80009d74 (0xff9ff06f) j       pc - 0x8
core   0: 3 0x80009d74 (0xff9ff06f)
core   0: 0x80009d6c (0x00006f17) auipc   t5, 0x6
core   0: 3 0x80009d6c (0x00006f17) x30 0x8000fd6c
core   0: 0x80009d70 (0x283f2a23) sw      gp, 660(t5)
core   0: 3 0x80009d70 (0x283f2a23) mem 0x80010000 0x00000001
core   0: 0x80009d74 (0xff9ff06f) j       pc - 0x8
core   0: 3 0x80009d74 (0xff9ff06f)
core   0: 0x80009d6c (0x00006f17) auipc   t5, 0x6
core   0: 3 0x80009d6c (0x00006f17) x30 0x8000fd6c
core   0: 0x80009d70 (0x283f2a23) sw      gp, 660(t5)
core   0: 3 0x80009d70 (0x283f2a23) mem 0x80010000 0x00000001
core   0: 0x80009d74 (0xff9ff06f) j       pc - 0x8
core   0: 3 0x80009d74 (0xff9ff06f)
core   0: 0x80009d6c (0x00006f17) auipc   t5, 0x6
core   0: 3 0x80009d6c (0x00006f17) x30 0x8000fd6c
core   0: 0x80009d70 (0x283f2a23) sw      gp, 660(t5)
core   0: 3 0x80009d70 (0x283f2a23) mem 0x80010000 0x00000001
core   0: 0x80009d74 (0xff9ff06f) j       pc - 0x8
core   0: 3 0x80009d74 (0xff9ff06f)
core   0: 0x80009d6c (0x00006f17) auipc   t5, 0x6
core   0: 3 0x80009d6c (0x00006f17) x30 0x8000fd6c
core   0: 0x80009d70 (0x283f2a23) sw      gp, 660(t5)
core   0: 3 0x80009d70 (0x283f2a23) mem 0x80010000 0x00000001
core   0: 0x80009d74 (0xff9ff06f) j       pc - 0x8
core   0: 3 0x80009d74 (0xff9ff06f)
core   0: 0x80009d6c (0x00006f17) auipc   t5, 0x6
core   0: 3 0x80009d6c (0x00006f17) x30 0x8000fd6c
core   0: 0x80009d70 (0x283f2a23) sw      gp, 660(t5)
core   0: 3 0x80009d70 (0x283f2a23) mem 0x80010000 0x00000001
core   0: 0x80009d74 (0xff9ff06f) j       pc - 0x8
core   0: 3 0x80009d74 (0xff9ff06f)
core   0: 0x80009d6c (0x00006f17) auipc   t5, 0x6
core   0: 3 0x80009d6c (0x00006f17) x30 0x8000fd6c
core   0: 0x80009d70 (0x283f2a23) sw      gp, 660(t5)
core   0: 3 0x80009d70 (0x283f2a23) mem 0x80010000 0x00000001
core   0: 0x80009d74 (0xff9ff06f) j       pc - 0x8
core   0: 3 0x80009d74 (0xff9ff06f)
core   0: 0x80009d6c (0x00006f17) auipc   t5, 0x6
core   0: 3 0x80009d6c (0x00006f17) x30 0x8000fd6c
core   0: 0x80009d70 (0x283f2a23) sw      gp, 660(t5)
core   0: 3 0x80009d70 (0x283f2a23) mem 0x80010000 0x00000001
core   0: 0x80009d74 (0xff9ff06f) j       pc - 0x8
core   0: 3 0x80009d74 (0xff9ff06f)
core   0: 0x80009d6c (0x00006f17) auipc   t5, 0x6
core   0: 3 0x80009d6c (0x00006f17) x30 0x8000fd6c
core   0: 0x80009d70 (0x283f2a23) sw      gp, 660(t5)
core   0: 3 0x80009d70 (0x283f2a23) mem 0x80010000 0x00000001
core   0: 0x80009d74 (0xff9ff06f) j       pc - 0x8
core   0: 3 0x80009d74 (0xff9ff06f)
core   0: 0x80009d6c (0x00006f17) auipc   t5, 0x6
core   0: 3 0x80009d6c (0x00006f17) x30 0x8000fd6c
core   0: 0x80009d70 (0x283f2a23) sw      gp, 660(t5)
core   0: 3 0x80009d70 (0x283f2a23) mem 0x80010000 0x00000001
core   0: 0x80009d74 (0xff9ff06f) j       pc - 0x8
core   0: 3 0x80009d74 (0xff9ff06f)
core   0: 0x80009d6c (0x00006f17) auipc   t5, 0x6
core   0: 3 0x80009d6c (0x00006f17) x30 0x8000fd6c
core   0: 0x80009d70 (0x283f2a23) sw      gp, 660(t5)
core   0: 3 0x80009d70 (0x283f2a23) mem 0x80010000 0x00000001
core   0: 0x80009d74 (0xff9ff06f) j       pc - 0x8
core   0: 3 0x80009d74 (0xff9ff06f)
core   0: 0x80009d6c (0x00006f17) auipc   t5, 0x6
core   0: 3 0x80009d6c (0x00006f17) x30 0x8000fd6c
core   0: 0x80009d70 (0x283f2a23) sw      gp, 660(t5)
core   0: 3 0x80009d70 (0x283f2a23) mem 0x80010000 0x00000001
core   0: 0x80009d74 (0xff9ff06f) j       pc - 0x8
core   0: 3 0x80009d74 (0xff9ff06f)
core   0: 0x80009d6c (0x00006f17) auipc   t5, 0x6
core   0: 3 0x80009d6c (0x00006f17) x30 0x8000fd6c
core   0: 0x80009d70 (0x283f2a23) sw      gp, 660(t5)
core   0: 3 0x80009d70 (0x283f2a23) mem 0x80010000 0x00000001
core   0: 0x80009d74 (0xff9ff06f) j       pc - 0x8
core   0: 3 0x80009d74 (0xff9ff06f)
core   0: 0x80009d6c (0x00006f17) auipc   t5, 0x6
core   0: 3 0x80009d6c (0x00006f17) x30 0x8000fd6c
core   0: 0x80009d70 (0x283f2a23) sw      gp, 660(t5)
core   0: 3 0x80009d70 (0x283f2a23) mem 0x80010000 0x00000001
core   0: 0x80009d74 (0xff9ff06f) j       pc - 0x8
core   0: 3 0x80009d74 (0xff9ff06f)
core   0: 0x80009d6c (0x00006f17) auipc   t5, 0x6
core   0: 3 0x80009d6c (0x00006f17) x30 0x8000fd6c
core   0: 0x80009d70 (0x283f2a23) sw      gp, 660(t5)
core   0: 3 0x80009d70 (0x283f2a23) mem 0x80010000 0x00000001
core   0: 0x80009d74 (0xff9ff06f) j       pc - 0x8
core   0: 3 0x80009d74 (0xff9ff06f)
core   0: 0x80009d6c (0x00006f17) auipc   t5, 0x6
core   0: 3 0x80009d6c (0x00006f17) x30 0x8000fd6c
core   0: 0x80009d70 (0x283f2a23) sw      gp, 660(t5)
core   0: 3 0x80009d70 (0x283f2a23) mem 0x80010000 0x00000001
core   0: 0x80009d74 (0xff9ff06f) j       pc - 0x8
core   0: 3 0x80009d74 (0xff9ff06f)
core   0: 0x80009d6c (0x00006f17) auipc   t5, 0x6
core   0: 3 0x80009d6c (0x00006f17) x30 0x8000fd6c
core   0: 0x80009d70 (0x283f2a23) sw      gp, 660(t5)
core   0: 3 0x80009d70 (0x283f2a23) mem 0x80010000 0x00000001
core   0: 0x80009d74 (0xff9ff06f) j       pc - 0x8
core   0: 3 0x80009d74 (0xff9ff06f)
core   0: 0x80009d6c (0x00006f17) auipc   t5, 0x6
core   0: 3 0x80009d6c (0x00006f17) x30 0x8000fd6c
core   0: 0x80009d70 (0x283f2a23) sw      gp, 660(t5)
core   0: 3 0x80009d70 (0x283f2a23) mem 0x80010000 0x00000001
core   0: 0x80009d74 (0xff9ff06f) j       pc - 0x8
core   0: 3 0x80009d74 (0xff9ff06f)
core   0: 0x80009d6c (0x00006f17) auipc   t5, 0x6
core   0: 3 0x80009d6c (0x00006f17) x30 0x8000fd6c
core   0: 0x80009d70 (0x283f2a23) sw      gp, 660(t5)
core   0: 3 0x80009d70 (0x283f2a23) mem 0x80010000 0x00000001
core   0: 0x80009d74 (0xff9ff06f) j       pc - 0x8
core   0: 3 0x80009d74 (0xff9ff06f)
core   0: 0x80009d6c (0x00006f17) auipc   t5, 0x6
core   0: 3 0x80009d6c (0x00006f17) x30 0x8000fd6c
core   0: 0x80009d70 (0x283f2a23) sw      gp, 660(t5)
core   0: 3 0x80009d70 (0x283f2a23) mem 0x80010000 0x00000001
core   0: 0x80009d74 (0xff9ff06f) j       pc - 0x8
core   0: 3 0x80009d74 (0xff9ff06f)
core   0: 0x80009d6c (0x00006f17) auipc   t5, 0x6
core   0: 3 0x80009d6c (0x00006f17) x30 0x8000fd6c
core   0: 0x80009d70 (0x283f2a23) sw      gp, 660(t5)
core   0: 3 0x80009d70 (0x283f2a23) mem 0x80010000 0x00000001
core   0: 0x80009d74 (0xff9ff06f) j       pc - 0x8
core   0: 3 0x80009d74 (0xff9ff06f)
core   0: 0x80009d6c (0x00006f17) auipc   t5, 0x6
core   0: 3 0x80009d6c (0x00006f17) x30 0x8000fd6c
core   0: 0x80009d70 (0x283f2a23) sw      gp, 660(t5)
core   0: 3 0x80009d70 (0x283f2a23) mem 0x80010000 0x00000001
core   0: 0x80009d74 (0xff9ff06f) j       pc - 0x8
core   0: 3 0x80009d74 (0xff9ff06f)
core   0: 0x80009d6c (0x00006f17) auipc   t5, 0x6
core   0: 3 0x80009d6c (0x00006f17) x30 0x8000fd6c
core   0: 0x80009d70 (0x283f2a23) sw      gp, 660(t5)
core   0: 3 0x80009d70 (0x283f2a23) mem 0x80010000 0x00000001
core   0: 0x80009d74 (0xff9ff06f) j       pc - 0x8
core   0: 3 0x80009d74 (0xff9ff06f)
core   0: 0x80009d6c (0x00006f17) auipc   t5, 0x6
core   0: 3 0x80009d6c (0x00006f17) x30 0x8000fd6c
core   0: 0x80009d70 (0x283f2a23) sw      gp, 660(t5)
core   0: 3 0x80009d70 (0x283f2a23) mem 0x80010000 0x00000001
core   0: 0x80009d74 (0xff9ff06f) j       pc - 0x8
core   0: 3 0x80009d74 (0xff9ff06f)
core   0: 0x80009d6c (0x00006f17) auipc   t5, 0x6
core   0: 3 0x80009d6c (0x00006f17) x30 0x8000fd6c
core   0: 0x80009d70 (0x283f2a23) sw      gp, 660(t5)
core   0: 3 0x80009d70 (0x283f2a23) mem 0x80010000 0x00000001
core   0: 0x80009d74 (0xff9ff06f) j       pc - 0x8
core   0: 3 0x80009d74 (0xff9ff06f)
core   0: 0x80009d6c (0x00006f17) auipc   t5, 0x6
core   0: 3 0x80009d6c (0x00006f17) x30 0x8000fd6c
core   0: 0x80009d70 (0x283f2a23) sw      gp, 660(t5)
core   0: 3 0x80009d70 (0x283f2a23) mem 0x80010000 0x00000001
core   0: 0x80009d74 (0xff9ff06f) j       pc - 0x8
core   0: 3 0x80009d74 (0xff9ff06f)
core   0: 0x80009d6c (0x00006f17) auipc   t5, 0x6
core   0: 3 0x80009d6c (0x00006f17) x30 0x8000fd6c
core   0: 0x80009d70 (0x283f2a23) sw      gp, 660(t5)
core   0: 3 0x80009d70 (0x283f2a23) mem 0x80010000 0x00000001
core   0: 0x80009d74 (0xff9ff06f) j       pc - 0x8
core   0: 3 0x80009d74 (0xff9ff06f)
core   0: 0x80009d6c (0x00006f17) auipc   t5, 0x6
core   0: 3 0x80009d6c (0x00006f17) x30 0x8000fd6c
core   0: 0x80009d70 (0x283f2a23) sw      gp, 660(t5)
core   0: 3 0x80009d70 (0x283f2a23) mem 0x80010000 0x00000001
core   0: 0x80009d74 (0xff9ff06f) j       pc - 0x8
core   0: 3 0x80009d74 (0xff9ff06f)
core   0: 0x80009d6c (0x00006f17) auipc   t5, 0x6
core   0: 3 0x80009d6c (0x00006f17) x30 0x8000fd6c
core   0: 0x80009d70 (0x283f2a23) sw      gp, 660(t5)
core   0: 3 0x80009d70 (0x283f2a23) mem 0x80010000 0x00000001
core   0: 0x80009d74 (0xff9ff06f) j       pc - 0x8
core   0: 3 0x80009d74 (0xff9ff06f)
core   0: 0x80009d6c (0x00006f17) auipc   t5, 0x6
core   0: 3 0x80009d6c (0x00006f17) x30 0x8000fd6c
core   0: 0x80009d70 (0x283f2a23) sw      gp, 660(t5)
core   0: 3 0x80009d70 (0x283f2a23) mem 0x80010000 0x00000001
core   0: 0x80009d74 (0xff9ff06f) j       pc - 0x8
core   0: 3 0x80009d74 (0xff9ff06f)
core   0: 0x80009d6c (0x00006f17) auipc   t5, 0x6
core   0: 3 0x80009d6c (0x00006f17) x30 0x8000fd6c
core   0: 0x80009d70 (0x283f2a23) sw      gp, 660(t5)
core   0: 3 0x80009d70 (0x283f2a23) mem 0x80010000 0x00000001
core   0: 0x80009d74 (0xff9ff06f) j       pc - 0x8
core   0: 3 0x80009d74 (0xff9ff06f)
core   0: 0x80009d6c (0x00006f17) auipc   t5, 0x6
core   0: 3 0x80009d6c (0x00006f17) x30 0x8000fd6c
core   0: 0x80009d70 (0x283f2a23) sw      gp, 660(t5)
core   0: 3 0x80009d70 (0x283f2a23) mem 0x80010000 0x00000001
core   0: 0x80009d74 (0xff9ff06f) j       pc - 0x8
core   0: 3 0x80009d74 (0xff9ff06f)
core   0: 0x80009d6c (0x00006f17) auipc   t5, 0x6
core   0: 3 0x80009d6c (0x00006f17) x30 0x8000fd6c
core   0: 0x80009d70 (0x283f2a23) sw      gp, 660(t5)
core   0: 3 0x80009d70 (0x283f2a23) mem 0x80010000 0x00000001
core   0: 0x80009d74 (0xff9ff06f) j       pc - 0x8
core   0: 3 0x80009d74 (0xff9ff06f)
core   0: 0x80009d6c (0x00006f17) auipc   t5, 0x6
core   0: 3 0x80009d6c (0x00006f17) x30 0x8000fd6c
core   0: 0x80009d70 (0x283f2a23) sw      gp, 660(t5)
core   0: 3 0x80009d70 (0x283f2a23) mem 0x80010000 0x00000001
core   0: 0x80009d74 (0xff9ff06f) j       pc - 0x8
core   0: 3 0x80009d74 (0xff9ff06f)
core   0: 0x80009d6c (0x00006f17) auipc   t5, 0x6
core   0: 3 0x80009d6c (0x00006f17) x30 0x8000fd6c
core   0: 0x80009d70 (0x283f2a23) sw      gp, 660(t5)
core   0: 3 0x80009d70 (0x283f2a23) mem 0x80010000 0x00000001
core   0: 0x80009d74 (0xff9ff06f) j       pc - 0x8
core   0: 3 0x80009d74 (0xff9ff06f)
core   0: 0x80009d6c (0x00006f17) auipc   t5, 0x6
core   0: 3 0x80009d6c (0x00006f17) x30 0x8000fd6c
core   0: 0x80009d70 (0x283f2a23) sw      gp, 660(t5)
core   0: 3 0x80009d70 (0x283f2a23) mem 0x80010000 0x00000001
core   0: 0x80009d74 (0xff9ff06f) j       pc - 0x8
core   0: 3 0x80009d74 (0xff9ff06f)
core   0: 0x80009d6c (0x00006f17) auipc   t5, 0x6
core   0: 3 0x80009d6c (0x00006f17) x30 0x8000fd6c
core   0: 0x80009d70 (0x283f2a23) sw      gp, 660(t5)
core   0: 3 0x80009d70 (0x283f2a23) mem 0x80010000 0x00000001
core   0: 0x80009d74 (0xff9ff06f) j       pc - 0x8
core   0: 3 0x80009d74 (0xff9ff06f)
core   0: 0x80009d6c (0x00006f17) auipc   t5, 0x6
core   0: 3 0x80009d6c (0x00006f17) x30 0x8000fd6c
core   0: 0x80009d70 (0x283f2a23) sw      gp, 660(t5)
core   0: 3 0x80009d70 (0x283f2a23) mem 0x80010000 0x00000001
core   0: 0x80009d74 (0xff9ff06f) j       pc - 0x8
core   0: 3 0x80009d74 (0xff9ff06f)
core   0: 0x80009d6c (0x00006f17) auipc   t5, 0x6
core   0: 3 0x80009d6c (0x00006f17) x30 0x8000fd6c
core   0: 0x80009d70 (0x283f2a23) sw      gp, 660(t5)
core   0: 3 0x80009d70 (0x283f2a23) mem 0x80010000 0x00000001
core   0: 0x80009d74 (0xff9ff06f) j       pc - 0x8
core   0: 3 0x80009d74 (0xff9ff06f)
core   0: 0x80009d6c (0x00006f17) auipc   t5, 0x6
core   0: 3 0x80009d6c (0x00006f17) x30 0x8000fd6c
core   0: 0x80009d70 (0x283f2a23) sw      gp, 660(t5)
core   0: 3 0x80009d70 (0x283f2a23) mem 0x80010000 0x00000001
core   0: 0x80009d74 (0xff9ff06f) j       pc - 0x8
core   0: 3 0x80009d74 (0xff9ff06f)
core   0: 0x80009d6c (0x00006f17) auipc   t5, 0x6
core   0: 3 0x80009d6c (0x00006f17) x30 0x8000fd6c
core   0: 0x80009d70 (0x283f2a23) sw      gp, 660(t5)
core   0: 3 0x80009d70 (0x283f2a23) mem 0x80010000 0x00000001
core   0: 0x80009d74 (0xff9ff06f) j       pc - 0x8
core   0: 3 0x80009d74 (0xff9ff06f)
core   0: 0x80009d6c (0x00006f17) auipc   t5, 0x6
core   0: 3 0x80009d6c (0x00006f17) x30 0x8000fd6c
core   0: 0x80009d70 (0x283f2a23) sw      gp, 660(t5)
core   0: 3 0x80009d70 (0x283f2a23) mem 0x80010000 0x00000001
core   0: 0x80009d74 (0xff9ff06f) j       pc - 0x8
core   0: 3 0x80009d74 (0xff9ff06f)
core   0: 0x80009d6c (0x00006f17) auipc   t5, 0x6
core   0: 3 0x80009d6c (0x00006f17) x30 0x8000fd6c
core   0: 0x80009d70 (0x283f2a23) sw      gp, 660(t5)
core   0: 3 0x80009d70 (0x283f2a23) mem 0x80010000 0x00000001
core   0: 0x80009d74 (0xff9ff06f) j       pc - 0x8
core   0: 3 0x80009d74 (0xff9ff06f)
core   0: 0x80009d6c (0x00006f17) auipc   t5, 0x6
core   0: 3 0x80009d6c (0x00006f17) x30 0x8000fd6c
core   0: 0x80009d70 (0x283f2a23) sw      gp, 660(t5)
core   0: 3 0x80009d70 (0x283f2a23) mem 0x80010000 0x00000001
core   0: 0x80009d74 (0xff9ff06f) j       pc - 0x8
core   0: 3 0x80009d74 (0xff9ff06f)
core   0: 0x80009d6c (0x00006f17) auipc   t5, 0x6
core   0: 3 0x80009d6c (0x00006f17) x30 0x8000fd6c
core   0: 0x80009d70 (0x283f2a23) sw      gp, 660(t5)
core   0: 3 0x80009d70 (0x283f2a23) mem 0x80010000 0x00000001
core   0: 0x80009d74 (0xff9ff06f) j       pc - 0x8
core   0: 3 0x80009d74 (0xff9ff06f)
core   0: 0x80009d6c (0x00006f17) auipc   t5, 0x6
core   0: 3 0x80009d6c (0x00006f17) x30 0x8000fd6c
core   0: 0x80009d70 (0x283f2a23) sw      gp, 660(t5)
core   0: 3 0x80009d70 (0x283f2a23) mem 0x80010000 0x00000001
core   0: 0x80009d74 (0xff9ff06f) j       pc - 0x8
core   0: 3 0x80009d74 (0xff9ff06f)
core   0: 0x80009d6c (0x00006f17) auipc   t5, 0x6
core   0: 3 0x80009d6c (0x00006f17) x30 0x8000fd6c
core   0: 0x80009d70 (0x283f2a23) sw      gp, 660(t5)
core   0: 3 0x80009d70 (0x283f2a23) mem 0x80010000 0x00000001
core   0: 0x80009d74 (0xff9ff06f) j       pc - 0x8
core   0: 3 0x80009d74 (0xff9ff06f)
core   0: 0x80009d6c (0x00006f17) auipc   t5, 0x6
core   0: 3 0x80009d6c (0x00006f17) x30 0x8000fd6c
core   0: 0x80009d70 (0x283f2a23) sw      gp, 660(t5)
core   0: 3 0x80009d70 (0x283f2a23) mem 0x80010000 0x00000001
core   0: 0x80009d74 (0xff9ff06f) j       pc - 0x8
core   0: 3 0x80009d74 (0xff9ff06f)
core   0: 0x80009d6c (0x00006f17) auipc   t5, 0x6
core   0: 3 0x80009d6c (0x00006f17) x30 0x8000fd6c
core   0: 0x80009d70 (0x283f2a23) sw      gp, 660(t5)
core   0: 3 0x80009d70 (0x283f2a23) mem 0x80010000 0x00000001
core   0: 0x80009d74 (0xff9ff06f) j       pc - 0x8
core   0: 3 0x80009d74 (0xff9ff06f)
core   0: 0x80009d6c (0x00006f17) auipc   t5, 0x6
core   0: 3 0x80009d6c (0x00006f17) x30 0x8000fd6c
core   0: 0x80009d70 (0x283f2a23) sw      gp, 660(t5)
core   0: 3 0x80009d70 (0x283f2a23) mem 0x80010000 0x00000001
core   0: 0x80009d74 (0xff9ff06f) j       pc - 0x8
core   0: 3 0x80009d74 (0xff9ff06f)
core   0: 0x80009d6c (0x00006f17) auipc   t5, 0x6
core   0: 3 0x80009d6c (0x00006f17) x30 0x8000fd6c
core   0: 0x80009d70 (0x283f2a23) sw      gp, 660(t5)
core   0: 3 0x80009d70 (0x283f2a23) mem 0x80010000 0x00000001
core   0: 0x80009d74 (0xff9ff06f) j       pc - 0x8
core   0: 3 0x80009d74 (0xff9ff06f)
core   0: 0x80009d6c (0x00006f17) auipc   t5, 0x6
core   0: 3 0x80009d6c (0x00006f17) x30 0x8000fd6c
core   0: 0x80009d70 (0x283f2a23) sw      gp, 660(t5)
core   0: 3 0x80009d70 (0x283f2a23) mem 0x80010000 0x00000001
core   0: 0x80009d74 (0xff9ff06f) j       pc - 0x8
core   0: 3 0x80009d74 (0xff9ff06f)
core   0: 0x80009d6c (0x00006f17) auipc   t5, 0x6
core   0: 3 0x80009d6c (0x00006f17) x30 0x8000fd6c
core   0: 0x80009d70 (0x283f2a23) sw      gp, 660(t5)
core   0: 3 0x80009d70 (0x283f2a23) mem 0x80010000 0x00000001
core   0: 0x80009d74 (0xff9ff06f) j       pc - 0x8
core   0: 3 0x80009d74 (0xff9ff06f)
core   0: 0x80009d6c (0x00006f17) auipc   t5, 0x6
core   0: 3 0x80009d6c (0x00006f17) x30 0x8000fd6c
core   0: 0x80009d70 (0x283f2a23) sw      gp, 660(t5)
core   0: 3 0x80009d70 (0x283f2a23) mem 0x80010000 0x00000001
core   0: 0x80009d74 (0xff9ff06f) j       pc - 0x8
core   0: 3 0x80009d74 (0xff9ff06f)
core   0: 0x80009d6c (0x00006f17) auipc   t5, 0x6
core   0: 3 0x80009d6c (0x00006f17) x30 0x8000fd6c
core   0: 0x80009d70 (0x283f2a23) sw      gp, 660(t5)
core   0: 3 0x80009d70 (0x283f2a23) mem 0x80010000 0x00000001
core   0: 0x80009d74 (0xff9ff06f) j       pc - 0x8
core   0: 3 0x80009d74 (0xff9ff06f)
core   0: 0x80009d6c (0x00006f17) auipc   t5, 0x6
core   0: 3 0x80009d6c (0x00006f17) x30 0x8000fd6c
core   0: 0x80009d70 (0x283f2a23) sw      gp, 660(t5)
core   0: 3 0x80009d70 (0x283f2a23) mem 0x80010000 0x00000001
core   0: 0x80009d74 (0xff9ff06f) j       pc - 0x8
core   0: 3 0x80009d74 (0xff9ff06f)
core   0: 0x80009d6c (0x00006f17) auipc   t5, 0x6
core   0: 3 0x80009d6c (0x00006f17) x30 0x8000fd6c
core   0: 0x80009d70 (0x283f2a23) sw      gp, 660(t5)
core   0: 3 0x80009d70 (0x283f2a23) mem 0x80010000 0x00000001
core   0: 0x80009d74 (0xff9ff06f) j       pc - 0x8
core   0: 3 0x80009d74 (0xff9ff06f)
core   0: 0x80009d6c (0x00006f17) auipc   t5, 0x6
core   0: 3 0x80009d6c (0x00006f17) x30 0x8000fd6c
core   0: 0x80009d70 (0x283f2a23) sw      gp, 660(t5)
core   0: 3 0x80009d70 (0x283f2a23) mem 0x80010000 0x00000001
core   0: 0x80009d74 (0xff9ff06f) j       pc - 0x8
core   0: 3 0x80009d74 (0xff9ff06f)
core   0: 0x80009d6c (0x00006f17) auipc   t5, 0x6
core   0: 3 0x80009d6c (0x00006f17) x30 0x8000fd6c
core   0: 0x80009d70 (0x283f2a23) sw      gp, 660(t5)
core   0: 3 0x80009d70 (0x283f2a23) mem 0x80010000 0x00000001
core   0: 0x80009d74 (0xff9ff06f) j       pc - 0x8
core   0: 3 0x80009d74 (0xff9ff06f)
core   0: 0x80009d6c (0x00006f17) auipc   t5, 0x6
core   0: 3 0x80009d6c (0x00006f17) x30 0x8000fd6c
core   0: 0x80009d70 (0x283f2a23) sw      gp, 660(t5)
core   0: 3 0x80009d70 (0x283f2a23) mem 0x80010000 0x00000001
core   0: 0x80009d74 (0xff9ff06f) j       pc - 0x8
core   0: 3 0x80009d74 (0xff9ff06f)
core   0: 0x80009d6c (0x00006f17) auipc   t5, 0x6
core   0: 3 0x80009d6c (0x00006f17) x30 0x8000fd6c
core   0: 0x80009d70 (0x283f2a23) sw      gp, 660(t5)
core   0: 3 0x80009d70 (0x283f2a23) mem 0x80010000 0x00000001
core   0: 0x80009d74 (0xff9ff06f) j       pc - 0x8
core   0: 3 0x80009d74 (0xff9ff06f)
core   0: 0x80009d6c (0x00006f17) auipc   t5, 0x6
core   0: 3 0x80009d6c (0x00006f17) x30 0x8000fd6c
core   0: 0x80009d70 (0x283f2a23) sw      gp, 660(t5)
core   0: 3 0x80009d70 (0x283f2a23) mem 0x80010000 0x00000001
core   0: 0x80009d74 (0xff9ff06f) j       pc - 0x8
core   0: 3 0x80009d74 (0xff9ff06f)
core   0: 0x80009d6c (0x00006f17) auipc   t5, 0x6
core   0: 3 0x80009d6c (0x00006f17) x30 0x8000fd6c
core   0: 0x80009d70 (0x283f2a23) sw      gp, 660(t5)
core   0: 3 0x80009d70 (0x283f2a23) mem 0x80010000 0x00000001
core   0: 0x80009d74 (0xff9ff06f) j       pc - 0x8
core   0: 3 0x80009d74 (0xff9ff06f)
core   0: 0x80009d6c (0x00006f17) auipc   t5, 0x6
core   0: 3 0x80009d6c (0x00006f17) x30 0x8000fd6c
core   0: 0x80009d70 (0x283f2a23) sw      gp, 660(t5)
core   0: 3 0x80009d70 (0x283f2a23) mem 0x80010000 0x00000001
core   0: 0x80009d74 (0xff9ff06f) j       pc - 0x8
core   0: 3 0x80009d74 (0xff9ff06f)
core   0: 0x80009d6c (0x00006f17) auipc   t5, 0x6
core   0: 3 0x80009d6c (0x00006f17) x30 0x8000fd6c
core   0: 0x80009d70 (0x283f2a23) sw      gp, 660(t5)
core   0: 3 0x80009d70 (0x283f2a23) mem 0x80010000 0x00000001
core   0: 0x80009d74 (0xff9ff06f) j       pc - 0x8
core   0: 3 0x80009d74 (0xff9ff06f)
core   0: 0x80009d6c (0x00006f17) auipc   t5, 0x6
core   0: 3 0x80009d6c (0x00006f17) x30 0x8000fd6c
core   0: 0x80009d70 (0x283f2a23) sw      gp, 660(t5)
core   0: 3 0x80009d70 (0x283f2a23) mem 0x80010000 0x00000001
core   0: 0x80009d74 (0xff9ff06f) j       pc - 0x8
core   0: 3 0x80009d74 (0xff9ff06f)
core   0: 0x80009d6c (0x00006f17) auipc   t5, 0x6
core   0: 3 0x80009d6c (0x00006f17) x30 0x8000fd6c
core   0: 0x80009d70 (0x283f2a23) sw      gp, 660(t5)
core   0: 3 0x80009d70 (0x283f2a23) mem 0x80010000 0x00000001
core   0: 0x80009d74 (0xff9ff06f) j       pc - 0x8
core   0: 3 0x80009d74 (0xff9ff06f)
core   0: 0x80009d6c (0x00006f17) auipc   t5, 0x6
core   0: 3 0x80009d6c (0x00006f17) x30 0x8000fd6c
core   0: 0x80009d70 (0x283f2a23) sw      gp, 660(t5)
core   0: 3 0x80009d70 (0x283f2a23) mem 0x80010000 0x00000001
core   0: 0x80009d74 (0xff9ff06f) j       pc - 0x8
core   0: 3 0x80009d74 (0xff9ff06f)
core   0: 0x80009d6c (0x00006f17) auipc   t5, 0x6
core   0: 3 0x80009d6c (0x00006f17) x30 0x8000fd6c
core   0: 0x80009d70 (0x283f2a23) sw      gp, 660(t5)
core   0: 3 0x80009d70 (0x283f2a23) mem 0x80010000 0x00000001
core   0: 0x80009d74 (0xff9ff06f) j       pc - 0x8
core   0: 3 0x80009d74 (0xff9ff06f)
core   0: 0x80009d6c (0x00006f17) auipc   t5, 0x6
core   0: 3 0x80009d6c (0x00006f17) x30 0x8000fd6c
core   0: 0x80009d70 (0x283f2a23) sw      gp, 660(t5)
core   0: 3 0x80009d70 (0x283f2a23) mem 0x80010000 0x00000001
core   0: 0x80009d74 (0xff9ff06f) j       pc - 0x8
core   0: 3 0x80009d74 (0xff9ff06f)
core   0: 0x80009d6c (0x00006f17) auipc   t5, 0x6
core   0: 3 0x80009d6c (0x00006f17) x30 0x8000fd6c
core   0: 0x80009d70 (0x283f2a23) sw      gp, 660(t5)
core   0: 3 0x80009d70 (0x283f2a23) mem 0x80010000 0x00000001
core   0: 0x80009d74 (0xff9ff06f) j       pc - 0x8
core   0: 3 0x80009d74 (0xff9ff06f)
core   0: 0x80009d6c (0x00006f17) auipc   t5, 0x6
core   0: 3 0x80009d6c (0x00006f17) x30 0x8000fd6c
core   0: 0x80009d70 (0x283f2a23) sw      gp, 660(t5)
core   0: 3 0x80009d70 (0x283f2a23) mem 0x80010000 0x00000001
core   0: 0x80009d74 (0xff9ff06f) j       pc - 0x8
core   0: 3 0x80009d74 (0xff9ff06f)
core   0: 0x80009d6c (0x00006f17) auipc   t5, 0x6
core   0: 3 0x80009d6c (0x00006f17) x30 0x8000fd6c
core   0: 0x80009d70 (0x283f2a23) sw      gp, 660(t5)
core   0: 3 0x80009d70 (0x283f2a23) mem 0x80010000 0x00000001
core   0: 0x80009d74 (0xff9ff06f) j       pc - 0x8
core   0: 3 0x80009d74 (0xff9ff06f)
core   0: 0x80009d6c (0x00006f17) auipc   t5, 0x6
core   0: 3 0x80009d6c (0x00006f17) x30 0x8000fd6c
core   0: 0x80009d70 (0x283f2a23) sw      gp, 660(t5)
core   0: 3 0x80009d70 (0x283f2a23) mem 0x80010000 0x00000001
core   0: 0x80009d74 (0xff9ff06f) j       pc - 0x8
core   0: 3 0x80009d74 (0xff9ff06f)
core   0: 0x80009d6c (0x00006f17) auipc   t5, 0x6
core   0: 3 0x80009d6c (0x00006f17) x30 0x8000fd6c
core   0: 0x80009d70 (0x283f2a23) sw      gp, 660(t5)
core   0: 3 0x80009d70 (0x283f2a23) mem 0x80010000 0x00000001
core   0: 0x80009d74 (0xff9ff06f) j       pc - 0x8
core   0: 3 0x80009d74 (0xff9ff06f)
core   0: 0x80009d6c (0x00006f17) auipc   t5, 0x6
core   0: 3 0x80009d6c (0x00006f17) x30 0x8000fd6c
core   0: 0x80009d70 (0x283f2a23) sw      gp, 660(t5)
core   0: 3 0x80009d70 (0x283f2a23) mem 0x80010000 0x00000001
core   0: 0x80009d74 (0xff9ff06f) j       pc - 0x8
core   0: 3 0x80009d74 (0xff9ff06f)
core   0: 0x80009d6c (0x00006f17) auipc   t5, 0x6
core   0: 3 0x80009d6c (0x00006f17) x30 0x8000fd6c
core   0: 0x80009d70 (0x283f2a23) sw      gp, 660(t5)
core   0: 3 0x80009d70 (0x283f2a23) mem 0x80010000 0x00000001
core   0: 0x80009d74 (0xff9ff06f) j       pc - 0x8
core   0: 3 0x80009d74 (0xff9ff06f)
core   0: 0x80009d6c (0x00006f17) auipc   t5, 0x6
core   0: 3 0x80009d6c (0x00006f17) x30 0x8000fd6c
core   0: 0x80009d70 (0x283f2a23) sw      gp, 660(t5)
core   0: 3 0x80009d70 (0x283f2a23) mem 0x80010000 0x00000001
core   0: 0x80009d74 (0xff9ff06f) j       pc - 0x8
core   0: 3 0x80009d74 (0xff9ff06f)
core   0: 0x80009d6c (0x00006f17) auipc   t5, 0x6
core   0: 3 0x80009d6c (0x00006f17) x30 0x8000fd6c
core   0: 0x80009d70 (0x283f2a23) sw      gp, 660(t5)
core   0: 3 0x80009d70 (0x283f2a23) mem 0x80010000 0x00000001
core   0: 0x80009d74 (0xff9ff06f) j       pc - 0x8
core   0: 3 0x80009d74 (0xff9ff06f)
core   0: 0x80009d6c (0x00006f17) auipc   t5, 0x6
core   0: 3 0x80009d6c (0x00006f17) x30 0x8000fd6c
core   0: 0x80009d70 (0x283f2a23) sw      gp, 660(t5)
core   0: 3 0x80009d70 (0x283f2a23) mem 0x80010000 0x00000001
core   0: 0x80009d74 (0xff9ff06f) j       pc - 0x8
core   0: 3 0x80009d74 (0xff9ff06f)
core   0: 0x80009d6c (0x00006f17) auipc   t5, 0x6
core   0: 3 0x80009d6c (0x00006f17) x30 0x8000fd6c
core   0: 0x80009d70 (0x283f2a23) sw      gp, 660(t5)
core   0: 3 0x80009d70 (0x283f2a23) mem 0x80010000 0x00000001
core   0: 0x80009d74 (0xff9ff06f) j       pc - 0x8
core   0: 3 0x80009d74 (0xff9ff06f)
core   0: 0x80009d6c (0x00006f17) auipc   t5, 0x6
core   0: 3 0x80009d6c (0x00006f17) x30 0x8000fd6c
core   0: 0x80009d70 (0x283f2a23) sw      gp, 660(t5)
core   0: 3 0x80009d70 (0x283f2a23) mem 0x80010000 0x00000001
core   0: 0x80009d74 (0xff9ff06f) j       pc - 0x8
core   0: 3 0x80009d74 (0xff9ff06f)
core   0: 0x80009d6c (0x00006f17) auipc   t5, 0x6
core   0: 3 0x80009d6c (0x00006f17) x30 0x8000fd6c
core   0: 0x80009d70 (0x283f2a23) sw      gp, 660(t5)
core   0: 3 0x80009d70 (0x283f2a23) mem 0x80010000 0x00000001
core   0: 0x80009d74 (0xff9ff06f) j       pc - 0x8
core   0: 3 0x80009d74 (0xff9ff06f)
core   0: 0x80009d6c (0x00006f17) auipc   t5, 0x6
core   0: 3 0x80009d6c (0x00006f17) x30 0x8000fd6c
core   0: 0x80009d70 (0x283f2a23) sw      gp, 660(t5)
core   0: 3 0x80009d70 (0x283f2a23) mem 0x80010000 0x00000001
core   0: 0x80009d74 (0xff9ff06f) j       pc - 0x8
core   0: 3 0x80009d74 (0xff9ff06f)
core   0: 0x80009d6c (0x00006f17) auipc   t5, 0x6
core   0: 3 0x80009d6c (0x00006f17) x30 0x8000fd6c
core   0: 0x80009d70 (0x283f2a23) sw      gp, 660(t5)
core   0: 3 0x80009d70 (0x283f2a23) mem 0x80010000 0x00000001
core   0: 0x80009d74 (0xff9ff06f) j       pc - 0x8
core   0: 3 0x80009d74 (0xff9ff06f)
core   0: 0x80009d6c (0x00006f17) auipc   t5, 0x6
core   0: 3 0x80009d6c (0x00006f17) x30 0x8000fd6c
core   0: 0x80009d70 (0x283f2a23) sw      gp, 660(t5)
core   0: 3 0x80009d70 (0x283f2a23) mem 0x80010000 0x00000001
core   0: 0x80009d74 (0xff9ff06f) j       pc - 0x8
core   0: 3 0x80009d74 (0xff9ff06f)
core   0: 0x80009d6c (0x00006f17) auipc   t5, 0x6
core   0: 3 0x80009d6c (0x00006f17) x30 0x8000fd6c
core   0: 0x80009d70 (0x283f2a23) sw      gp, 660(t5)
core   0: 3 0x80009d70 (0x283f2a23) mem 0x80010000 0x00000001
core   0: 0x80009d74 (0xff9ff06f) j       pc - 0x8
core   0: 3 0x80009d74 (0xff9ff06f)
core   0: 0x80009d6c (0x00006f17) auipc   t5, 0x6
core   0: 3 0x80009d6c (0x00006f17) x30 0x8000fd6c
core   0: 0x80009d70 (0x283f2a23) sw      gp, 660(t5)
core   0: 3 0x80009d70 (0x283f2a23) mem 0x80010000 0x00000001
core   0: 0x80009d74 (0xff9ff06f) j       pc - 0x8
core   0: 3 0x80009d74 (0xff9ff06f)
core   0: 0x80009d6c (0x00006f17) auipc   t5, 0x6
core   0: 3 0x80009d6c (0x00006f17) x30 0x8000fd6c
core   0: 0x80009d70 (0x283f2a23) sw      gp, 660(t5)
core   0: 3 0x80009d70 (0x283f2a23) mem 0x80010000 0x00000001
core   0: 0x80009d74 (0xff9ff06f) j       pc - 0x8
core   0: 3 0x80009d74 (0xff9ff06f)
core   0: 0x80009d6c (0x00006f17) auipc   t5, 0x6
core   0: 3 0x80009d6c (0x00006f17) x30 0x8000fd6c
core   0: 0x80009d70 (0x283f2a23) sw      gp, 660(t5)
core   0: 3 0x80009d70 (0x283f2a23) mem 0x80010000 0x00000001
core   0: 0x80009d74 (0xff9ff06f) j       pc - 0x8
core   0: 3 0x80009d74 (0xff9ff06f)
core   0: 0x80009d6c (0x00006f17) auipc   t5, 0x6
core   0: 3 0x80009d6c (0x00006f17) x30 0x8000fd6c
core   0: 0x80009d70 (0x283f2a23) sw      gp, 660(t5)
core   0: 3 0x80009d70 (0x283f2a23) mem 0x80010000 0x00000001
core   0: 0x80009d74 (0xff9ff06f) j       pc - 0x8
core   0: 3 0x80009d74 (0xff9ff06f)
core   0: 0x80009d6c (0x00006f17) auipc   t5, 0x6
core   0: 3 0x80009d6c (0x00006f17) x30 0x8000fd6c
core   0: 0x80009d70 (0x283f2a23) sw      gp, 660(t5)
core   0: 3 0x80009d70 (0x283f2a23) mem 0x80010000 0x00000001
core   0: 0x80009d74 (0xff9ff06f) j       pc - 0x8
core   0: 3 0x80009d74 (0xff9ff06f)
core   0: 0x80009d6c (0x00006f17) auipc   t5, 0x6
core   0: 3 0x80009d6c (0x00006f17) x30 0x8000fd6c
core   0: 0x80009d70 (0x283f2a23) sw      gp, 660(t5)
core   0: 3 0x80009d70 (0x283f2a23) mem 0x80010000 0x00000001
core   0: 0x80009d74 (0xff9ff06f) j       pc - 0x8
core   0: 3 0x80009d74 (0xff9ff06f)
core   0: 0x80009d6c (0x00006f17) auipc   t5, 0x6
core   0: 3 0x80009d6c (0x00006f17) x30 0x8000fd6c
core   0: 0x80009d70 (0x283f2a23) sw      gp, 660(t5)
core   0: 3 0x80009d70 (0x283f2a23) mem 0x80010000 0x00000001
core   0: 0x80009d74 (0xff9ff06f) j       pc - 0x8
core   0: 3 0x80009d74 (0xff9ff06f)
core   0: 0x80009d6c (0x00006f17) auipc   t5, 0x6
core   0: 3 0x80009d6c (0x00006f17) x30 0x8000fd6c
core   0: 0x80009d70 (0x283f2a23) sw      gp, 660(t5)
core   0: 3 0x80009d70 (0x283f2a23) mem 0x80010000 0x00000001
core   0: 0x80009d74 (0xff9ff06f) j       pc - 0x8
core   0: 3 0x80009d74 (0xff9ff06f)
core   0: 0x80009d6c (0x00006f17) auipc   t5, 0x6
core   0: 3 0x80009d6c (0x00006f17) x30 0x8000fd6c
core   0: 0x80009d70 (0x283f2a23) sw      gp, 660(t5)
core   0: 3 0x80009d70 (0x283f2a23) mem 0x80010000 0x00000001
core   0: 0x80009d74 (0xff9ff06f) j       pc - 0x8
core   0: 3 0x80009d74 (0xff9ff06f)
core   0: 0x80009d6c (0x00006f17) auipc   t5, 0x6
core   0: 3 0x80009d6c (0x00006f17) x30 0x8000fd6c
core   0: 0x80009d70 (0x283f2a23) sw      gp, 660(t5)
core   0: 3 0x80009d70 (0x283f2a23) mem 0x80010000 0x00000001
core   0: 0x80009d74 (0xff9ff06f) j       pc - 0x8
core   0: 3 0x80009d74 (0xff9ff06f)
core   0: 0x80009d6c (0x00006f17) auipc   t5, 0x6
core   0: 3 0x80009d6c (0x00006f17) x30 0x8000fd6c
core   0: 0x80009d70 (0x283f2a23) sw      gp, 660(t5)
core   0: 3 0x80009d70 (0x283f2a23) mem 0x80010000 0x00000001
core   0: 0x80009d74 (0xff9ff06f) j       pc - 0x8
core   0: 3 0x80009d74 (0xff9ff06f)
core   0: 0x80009d6c (0x00006f17) auipc   t5, 0x6
core   0: 3 0x80009d6c (0x00006f17) x30 0x8000fd6c
core   0: 0x80009d70 (0x283f2a23) sw      gp, 660(t5)
core   0: 3 0x80009d70 (0x283f2a23) mem 0x80010000 0x00000001
core   0: 0x80009d74 (0xff9ff06f) j       pc - 0x8
core   0: 3 0x80009d74 (0xff9ff06f)
core   0: 0x80009d6c (0x00006f17) auipc   t5, 0x6
core   0: 3 0x80009d6c (0x00006f17) x30 0x8000fd6c
core   0: 0x80009d70 (0x283f2a23) sw      gp, 660(t5)
core   0: 3 0x80009d70 (0x283f2a23) mem 0x80010000 0x00000001
core   0: 0x80009d74 (0xff9ff06f) j       pc - 0x8
core   0: 3 0x80009d74 (0xff9ff06f)
core   0: 0x80009d6c (0x00006f17) auipc   t5, 0x6
core   0: 3 0x80009d6c (0x00006f17) x30 0x8000fd6c
core   0: 0x80009d70 (0x283f2a23) sw      gp, 660(t5)
core   0: 3 0x80009d70 (0x283f2a23) mem 0x80010000 0x00000001
core   0: 0x80009d74 (0xff9ff06f) j       pc - 0x8
core   0: 3 0x80009d74 (0xff9ff06f)
core   0: 0x80009d6c (0x00006f17) auipc   t5, 0x6
core   0: 3 0x80009d6c (0x00006f17) x30 0x8000fd6c
core   0: 0x80009d70 (0x283f2a23) sw      gp, 660(t5)
core   0: 3 0x80009d70 (0x283f2a23) mem 0x80010000 0x00000001
core   0: 0x80009d74 (0xff9ff06f) j       pc - 0x8
core   0: 3 0x80009d74 (0xff9ff06f)
core   0: 0x80009d6c (0x00006f17) auipc   t5, 0x6
core   0: 3 0x80009d6c (0x00006f17) x30 0x8000fd6c
core   0: 0x80009d70 (0x283f2a23) sw      gp, 660(t5)
core   0: 3 0x80009d70 (0x283f2a23) mem 0x80010000 0x00000001
core   0: 0x80009d74 (0xff9ff06f) j       pc - 0x8
core   0: 3 0x80009d74 (0xff9ff06f)
core   0: 0x80009d6c (0x00006f17) auipc   t5, 0x6
core   0: 3 0x80009d6c (0x00006f17) x30 0x8000fd6c
core   0: 0x80009d70 (0x283f2a23) sw      gp, 660(t5)
core   0: 3 0x80009d70 (0x283f2a23) mem 0x80010000 0x00000001
core   0: 0x80009d74 (0xff9ff06f) j       pc - 0x8
core   0: 3 0x80009d74 (0xff9ff06f)
core   0: 0x80009d6c (0x00006f17) auipc   t5, 0x6
core   0: 3 0x80009d6c (0x00006f17) x30 0x8000fd6c
core   0: 0x80009d70 (0x283f2a23) sw      gp, 660(t5)
core   0: 3 0x80009d70 (0x283f2a23) mem 0x80010000 0x00000001
core   0: 0x80009d74 (0xff9ff06f) j       pc - 0x8
core   0: 3 0x80009d74 (0xff9ff06f)
core   0: 0x80009d6c (0x00006f17) auipc   t5, 0x6
core   0: 3 0x80009d6c (0x00006f17) x30 0x8000fd6c
core   0: 0x80009d70 (0x283f2a23) sw      gp, 660(t5)
core   0: 3 0x80009d70 (0x283f2a23) mem 0x80010000 0x00000001
core   0: 0x80009d74 (0xff9ff06f) j       pc - 0x8
core   0: 3 0x80009d74 (0xff9ff06f)
core   0: 0x80009d6c (0x00006f17) auipc   t5, 0x6
core   0: 3 0x80009d6c (0x00006f17) x30 0x8000fd6c
core   0: 0x80009d70 (0x283f2a23) sw      gp, 660(t5)
core   0: 3 0x80009d70 (0x283f2a23) mem 0x80010000 0x00000001
core   0: 0x80009d74 (0xff9ff06f) j       pc - 0x8
core   0: 3 0x80009d74 (0xff9ff06f)
core   0: 0x80009d6c (0x00006f17) auipc   t5, 0x6
core   0: 3 0x80009d6c (0x00006f17) x30 0x8000fd6c
core   0: 0x80009d70 (0x283f2a23) sw      gp, 660(t5)
core   0: 3 0x80009d70 (0x283f2a23) mem 0x80010000 0x00000001
core   0: 0x80009d74 (0xff9ff06f) j       pc - 0x8
core   0: 3 0x80009d74 (0xff9ff06f)
core   0: 0x80009d6c (0x00006f17) auipc   t5, 0x6
core   0: 3 0x80009d6c (0x00006f17) x30 0x8000fd6c
core   0: 0x80009d70 (0x283f2a23) sw      gp, 660(t5)
core   0: 3 0x80009d70 (0x283f2a23) mem 0x80010000 0x00000001
core   0: 0x80009d74 (0xff9ff06f) j       pc - 0x8
core   0: 3 0x80009d74 (0xff9ff06f)
core   0: 0x80009d6c (0x00006f17) auipc   t5, 0x6
core   0: 3 0x80009d6c (0x00006f17) x30 0x8000fd6c
core   0: 0x80009d70 (0x283f2a23) sw      gp, 660(t5)
core   0: 3 0x80009d70 (0x283f2a23) mem 0x80010000 0x00000001
core   0: 0x80009d74 (0xff9ff06f) j       pc - 0x8
core   0: 3 0x80009d74 (0xff9ff06f)
core   0: 0x80009d6c (0x00006f17) auipc   t5, 0x6
core   0: 3 0x80009d6c (0x00006f17) x30 0x8000fd6c
core   0: 0x80009d70 (0x283f2a23) sw      gp, 660(t5)
core   0: 3 0x80009d70 (0x283f2a23) mem 0x80010000 0x00000001
core   0: 0x80009d74 (0xff9ff06f) j       pc - 0x8
core   0: 3 0x80009d74 (0xff9ff06f)
core   0: 0x80009d6c (0x00006f17) auipc   t5, 0x6
core   0: 3 0x80009d6c (0x00006f17) x30 0x8000fd6c
core   0: 0x80009d70 (0x283f2a23) sw      gp, 660(t5)
core   0: 3 0x80009d70 (0x283f2a23) mem 0x80010000 0x00000001
core   0: 0x80009d74 (0xff9ff06f) j       pc - 0x8
core   0: 3 0x80009d74 (0xff9ff06f)
core   0: 0x80009d6c (0x00006f17) auipc   t5, 0x6
core   0: 3 0x80009d6c (0x00006f17) x30 0x8000fd6c
core   0: 0x80009d70 (0x283f2a23) sw      gp, 660(t5)
core   0: 3 0x80009d70 (0x283f2a23) mem 0x80010000 0x00000001
core   0: 0x80009d74 (0xff9ff06f) j       pc - 0x8
core   0: 3 0x80009d74 (0xff9ff06f)
core   0: 0x80009d6c (0x00006f17) auipc   t5, 0x6
core   0: 3 0x80009d6c (0x00006f17) x30 0x8000fd6c
core   0: 0x80009d70 (0x283f2a23) sw      gp, 660(t5)
core   0: 3 0x80009d70 (0x283f2a23) mem 0x80010000 0x00000001
core   0: 0x80009d74 (0xff9ff06f) j       pc - 0x8
core   0: 3 0x80009d74 (0xff9ff06f)
core   0: 0x80009d6c (0x00006f17) auipc   t5, 0x6
core   0: 3 0x80009d6c (0x00006f17) x30 0x8000fd6c
core   0: 0x80009d70 (0x283f2a23) sw      gp, 660(t5)
core   0: 3 0x80009d70 (0x283f2a23) mem 0x80010000 0x00000001
core   0: 0x80009d74 (0xff9ff06f) j       pc - 0x8
core   0: 3 0x80009d74 (0xff9ff06f)
core   0: 0x80009d6c (0x00006f17) auipc   t5, 0x6
core   0: 3 0x80009d6c (0x00006f17) x30 0x8000fd6c
core   0: 0x80009d70 (0x283f2a23) sw      gp, 660(t5)
core   0: 3 0x80009d70 (0x283f2a23) mem 0x80010000 0x00000001
core   0: 0x80009d74 (0xff9ff06f) j       pc - 0x8
core   0: 3 0x80009d74 (0xff9ff06f)
core   0: 0x80009d6c (0x00006f17) auipc   t5, 0x6
core   0: 3 0x80009d6c (0x00006f17) x30 0x8000fd6c
core   0: 0x80009d70 (0x283f2a23) sw      gp, 660(t5)
core   0: 3 0x80009d70 (0x283f2a23) mem 0x80010000 0x00000001
core   0: 0x80009d74 (0xff9ff06f) j       pc - 0x8
core   0: 3 0x80009d74 (0xff9ff06f)
core   0: 0x80009d6c (0x00006f17) auipc   t5, 0x6
core   0: 3 0x80009d6c (0x00006f17) x30 0x8000fd6c
core   0: 0x80009d70 (0x283f2a23) sw      gp, 660(t5)
core   0: 3 0x80009d70 (0x283f2a23) mem 0x80010000 0x00000001
core   0: 0x80009d74 (0xff9ff06f) j       pc - 0x8
core   0: 3 0x80009d74 (0xff9ff06f)
core   0: 0x80009d6c (0x00006f17) auipc   t5, 0x6
core   0: 3 0x80009d6c (0x00006f17) x30 0x8000fd6c
core   0: 0x80009d70 (0x283f2a23) sw      gp, 660(t5)
core   0: 3 0x80009d70 (0x283f2a23) mem 0x80010000 0x00000001
core   0: 0x80009d74 (0xff9ff06f) j       pc - 0x8
core   0: 3 0x80009d74 (0xff9ff06f)
core   0: 0x80009d6c (0x00006f17) auipc   t5, 0x6
core   0: 3 0x80009d6c (0x00006f17) x30 0x8000fd6c
core   0: 0x80009d70 (0x283f2a23) sw      gp, 660(t5)
core   0: 3 0x80009d70 (0x283f2a23) mem 0x80010000 0x00000001
core   0: 0x80009d74 (0xff9ff06f) j       pc - 0x8
core   0: 3 0x80009d74 (0xff9ff06f)
core   0: 0x80009d6c (0x00006f17) auipc   t5, 0x6
core   0: 3 0x80009d6c (0x00006f17) x30 0x8000fd6c
core   0: 0x80009d70 (0x283f2a23) sw      gp, 660(t5)
core   0: 3 0x80009d70 (0x283f2a23) mem 0x80010000 0x00000001
core   0: 0x80009d74 (0xff9ff06f) j       pc - 0x8
core   0: 3 0x80009d74 (0xff9ff06f)
core   0: 0x80009d6c (0x00006f17) auipc   t5, 0x6
core   0: 3 0x80009d6c (0x00006f17) x30 0x8000fd6c
core   0: 0x80009d70 (0x283f2a23) sw      gp, 660(t5)
core   0: 3 0x80009d70 (0x283f2a23) mem 0x80010000 0x00000001
core   0: 0x80009d74 (0xff9ff06f) j       pc - 0x8
core   0: 3 0x80009d74 (0xff9ff06f)
core   0: 0x80009d6c (0x00006f17) auipc   t5, 0x6
core   0: 3 0x80009d6c (0x00006f17) x30 0x8000fd6c
core   0: 0x80009d70 (0x283f2a23) sw      gp, 660(t5)
core   0: 3 0x80009d70 (0x283f2a23) mem 0x80010000 0x00000001
core   0: 0x80009d74 (0xff9ff06f) j       pc - 0x8
core   0: 3 0x80009d74 (0xff9ff06f)
core   0: 0x80009d6c (0x00006f17) auipc   t5, 0x6
core   0: 3 0x80009d6c (0x00006f17) x30 0x8000fd6c
core   0: 0x80009d70 (0x283f2a23) sw      gp, 660(t5)
core   0: 3 0x80009d70 (0x283f2a23) mem 0x80010000 0x00000001
core   0: 0x80009d74 (0xff9ff06f) j       pc - 0x8
core   0: 3 0x80009d74 (0xff9ff06f)
core   0: 0x80009d6c (0x00006f17) auipc   t5, 0x6
core   0: 3 0x80009d6c (0x00006f17) x30 0x8000fd6c
core   0: 0x80009d70 (0x283f2a23) sw      gp, 660(t5)
core   0: 3 0x80009d70 (0x283f2a23) mem 0x80010000 0x00000001
core   0: 0x80009d74 (0xff9ff06f) j       pc - 0x8
core   0: 3 0x80009d74 (0xff9ff06f)
core   0: 0x80009d6c (0x00006f17) auipc   t5, 0x6
core   0: 3 0x80009d6c (0x00006f17) x30 0x8000fd6c
core   0: 0x80009d70 (0x283f2a23) sw      gp, 660(t5)
core   0: 3 0x80009d70 (0x283f2a23) mem 0x80010000 0x00000001
core   0: 0x80009d74 (0xff9ff06f) j       pc - 0x8
core   0: 3 0x80009d74 (0xff9ff06f)
core   0: 0x80009d6c (0x00006f17) auipc   t5, 0x6
core   0: 3 0x80009d6c (0x00006f17) x30 0x8000fd6c
core   0: 0x80009d70 (0x283f2a23) sw      gp, 660(t5)
core   0: 3 0x80009d70 (0x283f2a23) mem 0x80010000 0x00000001
core   0: 0x80009d74 (0xff9ff06f) j       pc - 0x8
core   0: 3 0x80009d74 (0xff9ff06f)
core   0: 0x80009d6c (0x00006f17) auipc   t5, 0x6
core   0: 3 0x80009d6c (0x00006f17) x30 0x8000fd6c
core   0: 0x80009d70 (0x283f2a23) sw      gp, 660(t5)
core   0: 3 0x80009d70 (0x283f2a23) mem 0x80010000 0x00000001
core   0: 0x80009d74 (0xff9ff06f) j       pc - 0x8
core   0: 3 0x80009d74 (0xff9ff06f)
core   0: 0x80009d6c (0x00006f17) auipc   t5, 0x6
core   0: 3 0x80009d6c (0x00006f17) x30 0x8000fd6c
core   0: 0x80009d70 (0x283f2a23) sw      gp, 660(t5)
core   0: 3 0x80009d70 (0x283f2a23) mem 0x80010000 0x00000001
core   0: 0x80009d74 (0xff9ff06f) j       pc - 0x8
core   0: 3 0x80009d74 (0xff9ff06f)
core   0: 0x80009d6c (0x00006f17) auipc   t5, 0x6
core   0: 3 0x80009d6c (0x00006f17) x30 0x8000fd6c
core   0: 0x80009d70 (0x283f2a23) sw      gp, 660(t5)
core   0: 3 0x80009d70 (0x283f2a23) mem 0x80010000 0x00000001
core   0: 0x80009d74 (0xff9ff06f) j       pc - 0x8
core   0: 3 0x80009d74 (0xff9ff06f)
core   0: 0x80009d6c (0x00006f17) auipc   t5, 0x6
core   0: 3 0x80009d6c (0x00006f17) x30 0x8000fd6c
core   0: 0x80009d70 (0x283f2a23) sw      gp, 660(t5)
core   0: 3 0x80009d70 (0x283f2a23) mem 0x80010000 0x00000001
core   0: 0x80009d74 (0xff9ff06f) j       pc - 0x8
core   0: 3 0x80009d74 (0xff9ff06f)
core   0: 0x80009d6c (0x00006f17) auipc   t5, 0x6
core   0: 3 0x80009d6c (0x00006f17) x30 0x8000fd6c
core   0: 0x80009d70 (0x283f2a23) sw      gp, 660(t5)
core   0: 3 0x80009d70 (0x283f2a23) mem 0x80010000 0x00000001
core   0: 0x80009d74 (0xff9ff06f) j       pc - 0x8
core   0: 3 0x80009d74 (0xff9ff06f)
core   0: 0x80009d6c (0x00006f17) auipc   t5, 0x6
core   0: 3 0x80009d6c (0x00006f17) x30 0x8000fd6c
core   0: 0x80009d70 (0x283f2a23) sw      gp, 660(t5)
core   0: 3 0x80009d70 (0x283f2a23) mem 0x80010000 0x00000001
core   0: 0x80009d74 (0xff9ff06f) j       pc - 0x8
core   0: 3 0x80009d74 (0xff9ff06f)
core   0: 0x80009d6c (0x00006f17) auipc   t5, 0x6
core   0: 3 0x80009d6c (0x00006f17) x30 0x8000fd6c
core   0: 0x80009d70 (0x283f2a23) sw      gp, 660(t5)
core   0: 3 0x80009d70 (0x283f2a23) mem 0x80010000 0x00000001
core   0: 0x80009d74 (0xff9ff06f) j       pc - 0x8
core   0: 3 0x80009d74 (0xff9ff06f)
core   0: 0x80009d6c (0x00006f17) auipc   t5, 0x6
core   0: 3 0x80009d6c (0x00006f17) x30 0x8000fd6c
core   0: 0x80009d70 (0x283f2a23) sw      gp, 660(t5)
core   0: 3 0x80009d70 (0x283f2a23) mem 0x80010000 0x00000001
core   0: 0x80009d74 (0xff9ff06f) j       pc - 0x8
core   0: 3 0x80009d74 (0xff9ff06f)
core   0: 0x80009d6c (0x00006f17) auipc   t5, 0x6
core   0: 3 0x80009d6c (0x00006f17) x30 0x8000fd6c
core   0: 0x80009d70 (0x283f2a23) sw      gp, 660(t5)
core   0: 3 0x80009d70 (0x283f2a23) mem 0x80010000 0x00000001
core   0: 0x80009d74 (0xff9ff06f) j       pc - 0x8
core   0: 3 0x80009d74 (0xff9ff06f)
core   0: 0x80009d6c (0x00006f17) auipc   t5, 0x6
core   0: 3 0x80009d6c (0x00006f17) x30 0x8000fd6c
core   0: 0x80009d70 (0x283f2a23) sw      gp, 660(t5)
core   0: 3 0x80009d70 (0x283f2a23) mem 0x80010000 0x00000001
core   0: 0x80009d74 (0xff9ff06f) j       pc - 0x8
core   0: 3 0x80009d74 (0xff9ff06f)
core   0: 0x80009d6c (0x00006f17) auipc   t5, 0x6
core   0: 3 0x80009d6c (0x00006f17) x30 0x8000fd6c
core   0: 0x80009d70 (0x283f2a23) sw      gp, 660(t5)
core   0: 3 0x80009d70 (0x283f2a23) mem 0x80010000 0x00000001
core   0: 0x80009d74 (0xff9ff06f) j       pc - 0x8
core   0: 3 0x80009d74 (0xff9ff06f)
core   0: 0x80009d6c (0x00006f17) auipc   t5, 0x6
core   0: 3 0x80009d6c (0x00006f17) x30 0x8000fd6c
core   0: 0x80009d70 (0x283f2a23) sw      gp, 660(t5)
core   0: 3 0x80009d70 (0x283f2a23) mem 0x80010000 0x00000001
core   0: 0x80009d74 (0xff9ff06f) j       pc - 0x8
core   0: 3 0x80009d74 (0xff9ff06f)
core   0: 0x80009d6c (0x00006f17) auipc   t5, 0x6
core   0: 3 0x80009d6c (0x00006f17) x30 0x8000fd6c
core   0: 0x80009d70 (0x283f2a23) sw      gp, 660(t5)
core   0: 3 0x80009d70 (0x283f2a23) mem 0x80010000 0x00000001
core   0: 0x80009d74 (0xff9ff06f) j       pc - 0x8
core   0: 3 0x80009d74 (0xff9ff06f)
core   0: 0x80009d6c (0x00006f17) auipc   t5, 0x6
core   0: 3 0x80009d6c (0x00006f17) x30 0x8000fd6c
core   0: 0x80009d70 (0x283f2a23) sw      gp, 660(t5)
core   0: 3 0x80009d70 (0x283f2a23) mem 0x80010000 0x00000001
core   0: 0x80009d74 (0xff9ff06f) j       pc - 0x8
core   0: 3 0x80009d74 (0xff9ff06f)
core   0: 0x80009d6c (0x00006f17) auipc   t5, 0x6
core   0: 3 0x80009d6c (0x00006f17) x30 0x8000fd6c
core   0: 0x80009d70 (0x283f2a23) sw      gp, 660(t5)
core   0: 3 0x80009d70 (0x283f2a23) mem 0x80010000 0x00000001
core   0: 0x80009d74 (0xff9ff06f) j       pc - 0x8
core   0: 3 0x80009d74 (0xff9ff06f)
core   0: 0x80009d6c (0x00006f17) auipc   t5, 0x6
core   0: 3 0x80009d6c (0x00006f17) x30 0x8000fd6c
core   0: 0x80009d70 (0x283f2a23) sw      gp, 660(t5)
core   0: 3 0x80009d70 (0x283f2a23) mem 0x80010000 0x00000001
core   0: 0x80009d74 (0xff9ff06f) j       pc - 0x8
core   0: 3 0x80009d74 (0xff9ff06f)
core   0: 0x80009d6c (0x00006f17) auipc   t5, 0x6
core   0: 3 0x80009d6c (0x00006f17) x30 0x8000fd6c
core   0: 0x80009d70 (0x283f2a23) sw      gp, 660(t5)
core   0: 3 0x80009d70 (0x283f2a23) mem 0x80010000 0x00000001
core   0: 0x80009d74 (0xff9ff06f) j       pc - 0x8
core   0: 3 0x80009d74 (0xff9ff06f)
core   0: 0x80009d6c (0x00006f17) auipc   t5, 0x6
core   0: 3 0x80009d6c (0x00006f17) x30 0x8000fd6c
core   0: 0x80009d70 (0x283f2a23) sw      gp, 660(t5)
core   0: 3 0x80009d70 (0x283f2a23) mem 0x80010000 0x00000001
core   0: 0x80009d74 (0xff9ff06f) j       pc - 0x8
core   0: 3 0x80009d74 (0xff9ff06f)
core   0: 0x80009d6c (0x00006f17) auipc   t5, 0x6
core   0: 3 0x80009d6c (0x00006f17) x30 0x8000fd6c
core   0: 0x80009d70 (0x283f2a23) sw      gp, 660(t5)
core   0: 3 0x80009d70 (0x283f2a23) mem 0x80010000 0x00000001
core   0: 0x80009d74 (0xff9ff06f) j       pc - 0x8
core   0: 3 0x80009d74 (0xff9ff06f)
core   0: 0x80009d6c (0x00006f17) auipc   t5, 0x6
core   0: 3 0x80009d6c (0x00006f17) x30 0x8000fd6c
core   0: 0x80009d70 (0x283f2a23) sw      gp, 660(t5)
core   0: 3 0x80009d70 (0x283f2a23) mem 0x80010000 0x00000001
core   0: 0x80009d74 (0xff9ff06f) j       pc - 0x8
core   0: 3 0x80009d74 (0xff9ff06f)
core   0: 0x80009d6c (0x00006f17) auipc   t5, 0x6
core   0: 3 0x80009d6c (0x00006f17) x30 0x8000fd6c
core   0: 0x80009d70 (0x283f2a23) sw      gp, 660(t5)
core   0: 3 0x80009d70 (0x283f2a23) mem 0x80010000 0x00000001
core   0: 0x80009d74 (0xff9ff06f) j       pc - 0x8
core   0: 3 0x80009d74 (0xff9ff06f)
core   0: 0x80009d6c (0x00006f17) auipc   t5, 0x6
core   0: 3 0x80009d6c (0x00006f17) x30 0x8000fd6c
core   0: 0x80009d70 (0x283f2a23) sw      gp, 660(t5)
core   0: 3 0x80009d70 (0x283f2a23) mem 0x80010000 0x00000001
core   0: 0x80009d74 (0xff9ff06f) j       pc - 0x8
core   0: 3 0x80009d74 (0xff9ff06f)
core   0: 0x80009d6c (0x00006f17) auipc   t5, 0x6
core   0: 3 0x80009d6c (0x00006f17) x30 0x8000fd6c
core   0: 0x80009d70 (0x283f2a23) sw      gp, 660(t5)
core   0: 3 0x80009d70 (0x283f2a23) mem 0x80010000 0x00000001
core   0: 0x80009d74 (0xff9ff06f) j       pc - 0x8
core   0: 3 0x80009d74 (0xff9ff06f)
core   0: 0x80009d6c (0x00006f17) auipc   t5, 0x6
core   0: 3 0x80009d6c (0x00006f17) x30 0x8000fd6c
core   0: 0x80009d70 (0x283f2a23) sw      gp, 660(t5)
core   0: 3 0x80009d70 (0x283f2a23) mem 0x80010000 0x00000001
core   0: 0x80009d74 (0xff9ff06f) j       pc - 0x8
core   0: 3 0x80009d74 (0xff9ff06f)
core   0: 0x80009d6c (0x00006f17) auipc   t5, 0x6
core   0: 3 0x80009d6c (0x00006f17) x30 0x8000fd6c
core   0: 0x80009d70 (0x283f2a23) sw      gp, 660(t5)
core   0: 3 0x80009d70 (0x283f2a23) mem 0x80010000 0x00000001
core   0: 0x80009d74 (0xff9ff06f) j       pc - 0x8
core   0: 3 0x80009d74 (0xff9ff06f)
core   0: 0x80009d6c (0x00006f17) auipc   t5, 0x6
core   0: 3 0x80009d6c (0x00006f17) x30 0x8000fd6c
core   0: 0x80009d70 (0x283f2a23) sw      gp, 660(t5)
core   0: 3 0x80009d70 (0x283f2a23) mem 0x80010000 0x00000001
core   0: 0x80009d74 (0xff9ff06f) j       pc - 0x8
core   0: 3 0x80009d74 (0xff9ff06f)
core   0: 0x80009d6c (0x00006f17) auipc   t5, 0x6
core   0: 3 0x80009d6c (0x00006f17) x30 0x8000fd6c
core   0: 0x80009d70 (0x283f2a23) sw      gp, 660(t5)
core   0: 3 0x80009d70 (0x283f2a23) mem 0x80010000 0x00000001
core   0: 0x80009d74 (0xff9ff06f) j       pc - 0x8
core   0: 3 0x80009d74 (0xff9ff06f)
core   0: 0x80009d6c (0x00006f17) auipc   t5, 0x6
core   0: 3 0x80009d6c (0x00006f17) x30 0x8000fd6c
core   0: 0x80009d70 (0x283f2a23) sw      gp, 660(t5)
core   0: 3 0x80009d70 (0x283f2a23) mem 0x80010000 0x00000001
core   0: 0x80009d74 (0xff9ff06f) j       pc - 0x8
core   0: 3 0x80009d74 (0xff9ff06f)
core   0: 0x80009d6c (0x00006f17) auipc   t5, 0x6
core   0: 3 0x80009d6c (0x00006f17) x30 0x8000fd6c
core   0: 0x80009d70 (0x283f2a23) sw      gp, 660(t5)
core   0: 3 0x80009d70 (0x283f2a23) mem 0x80010000 0x00000001
core   0: 0x80009d74 (0xff9ff06f) j       pc - 0x8
core   0: 3 0x80009d74 (0xff9ff06f)
core   0: 0x80009d6c (0x00006f17) auipc   t5, 0x6
core   0: 3 0x80009d6c (0x00006f17) x30 0x8000fd6c
core   0: 0x80009d70 (0x283f2a23) sw      gp, 660(t5)
core   0: 3 0x80009d70 (0x283f2a23) mem 0x80010000 0x00000001
core   0: 0x80009d74 (0xff9ff06f) j       pc - 0x8
core   0: 3 0x80009d74 (0xff9ff06f)
core   0: 0x80009d6c (0x00006f17) auipc   t5, 0x6
core   0: 3 0x80009d6c (0x00006f17) x30 0x8000fd6c
core   0: 0x80009d70 (0x283f2a23) sw      gp, 660(t5)
core   0: 3 0x80009d70 (0x283f2a23) mem 0x80010000 0x00000001
core   0: 0x80009d74 (0xff9ff06f) j       pc - 0x8
core   0: 3 0x80009d74 (0xff9ff06f)
core   0: 0x80009d6c (0x00006f17) auipc   t5, 0x6
core   0: 3 0x80009d6c (0x00006f17) x30 0x8000fd6c
core   0: 0x80009d70 (0x283f2a23) sw      gp, 660(t5)
core   0: 3 0x80009d70 (0x283f2a23) mem 0x80010000 0x00000001
core   0: 0x80009d74 (0xff9ff06f) j       pc - 0x8
core   0: 3 0x80009d74 (0xff9ff06f)
core   0: 0x80009d6c (0x00006f17) auipc   t5, 0x6
core   0: 3 0x80009d6c (0x00006f17) x30 0x8000fd6c
core   0: 0x80009d70 (0x283f2a23) sw      gp, 660(t5)
core   0: 3 0x80009d70 (0x283f2a23) mem 0x80010000 0x00000001
core   0: 0x80009d74 (0xff9ff06f) j       pc - 0x8
core   0: 3 0x80009d74 (0xff9ff06f)
core   0: 0x80009d6c (0x00006f17) auipc   t5, 0x6
core   0: 3 0x80009d6c (0x00006f17) x30 0x8000fd6c
core   0: 0x80009d70 (0x283f2a23) sw      gp, 660(t5)
core   0: 3 0x80009d70 (0x283f2a23) mem 0x80010000 0x00000001
core   0: 0x80009d74 (0xff9ff06f) j       pc - 0x8
core   0: 3 0x80009d74 (0xff9ff06f)
core   0: 0x80009d6c (0x00006f17) auipc   t5, 0x6
core   0: 3 0x80009d6c (0x00006f17) x30 0x8000fd6c
core   0: 0x80009d70 (0x283f2a23) sw      gp, 660(t5)
core   0: 3 0x80009d70 (0x283f2a23) mem 0x80010000 0x00000001
core   0: 0x80009d74 (0xff9ff06f) j       pc - 0x8
core   0: 3 0x80009d74 (0xff9ff06f)
core   0: 0x80009d6c (0x00006f17) auipc   t5, 0x6
core   0: 3 0x80009d6c (0x00006f17) x30 0x8000fd6c
core   0: 0x80009d70 (0x283f2a23) sw      gp, 660(t5)
core   0: 3 0x80009d70 (0x283f2a23) mem 0x80010000 0x00000001
core   0: 0x80009d74 (0xff9ff06f) j       pc - 0x8
core   0: 3 0x80009d74 (0xff9ff06f)
core   0: 0x80009d6c (0x00006f17) auipc   t5, 0x6
core   0: 3 0x80009d6c (0x00006f17) x30 0x8000fd6c
core   0: 0x80009d70 (0x283f2a23) sw      gp, 660(t5)
core   0: 3 0x80009d70 (0x283f2a23) mem 0x80010000 0x00000001
core   0: 0x80009d74 (0xff9ff06f) j       pc - 0x8
core   0: 3 0x80009d74 (0xff9ff06f)
core   0: 0x80009d6c (0x00006f17) auipc   t5, 0x6
core   0: 3 0x80009d6c (0x00006f17) x30 0x8000fd6c
core   0: 0x80009d70 (0x283f2a23) sw      gp, 660(t5)
core   0: 3 0x80009d70 (0x283f2a23) mem 0x80010000 0x00000001
core   0: 0x80009d74 (0xff9ff06f) j       pc - 0x8
core   0: 3 0x80009d74 (0xff9ff06f)
core   0: 0x80009d6c (0x00006f17) auipc   t5, 0x6
core   0: 3 0x80009d6c (0x00006f17) x30 0x8000fd6c
core   0: 0x80009d70 (0x283f2a23) sw      gp, 660(t5)
core   0: 3 0x80009d70 (0x283f2a23) mem 0x80010000 0x00000001
core   0: 0x80009d74 (0xff9ff06f) j       pc - 0x8
core   0: 3 0x80009d74 (0xff9ff06f)
core   0: 0x80009d6c (0x00006f17) auipc   t5, 0x6
core   0: 3 0x80009d6c (0x00006f17) x30 0x8000fd6c
core   0: 0x80009d70 (0x283f2a23) sw      gp, 660(t5)
core   0: 3 0x80009d70 (0x283f2a23) mem 0x80010000 0x00000001
core   0: 0x80009d74 (0xff9ff06f) j       pc - 0x8
core   0: 3 0x80009d74 (0xff9ff06f)
core   0: 0x80009d6c (0x00006f17) auipc   t5, 0x6
core   0: 3 0x80009d6c (0x00006f17) x30 0x8000fd6c
core   0: 0x80009d70 (0x283f2a23) sw      gp, 660(t5)
core   0: 3 0x80009d70 (0x283f2a23) mem 0x80010000 0x00000001
core   0: 0x80009d74 (0xff9ff06f) j       pc - 0x8
core   0: 3 0x80009d74 (0xff9ff06f)
core   0: 0x80009d6c (0x00006f17) auipc   t5, 0x6
core   0: 3 0x80009d6c (0x00006f17) x30 0x8000fd6c
core   0: 0x80009d70 (0x283f2a23) sw      gp, 660(t5)
core   0: 3 0x80009d70 (0x283f2a23) mem 0x80010000 0x00000001
core   0: 0x80009d74 (0xff9ff06f) j       pc - 0x8
core   0: 3 0x80009d74 (0xff9ff06f)
core   0: 0x80009d6c (0x00006f17) auipc   t5, 0x6
core   0: 3 0x80009d6c (0x00006f17) x30 0x8000fd6c
core   0: 0x80009d70 (0x283f2a23) sw      gp, 660(t5)
core   0: 3 0x80009d70 (0x283f2a23) mem 0x80010000 0x00000001
core   0: 0x80009d74 (0xff9ff06f) j       pc - 0x8
core   0: 3 0x80009d74 (0xff9ff06f)
core   0: 0x80009d6c (0x00006f17) auipc   t5, 0x6
core   0: 3 0x80009d6c (0x00006f17) x30 0x8000fd6c
core   0: 0x80009d70 (0x283f2a23) sw      gp, 660(t5)
core   0: 3 0x80009d70 (0x283f2a23) mem 0x80010000 0x00000001
core   0: 0x80009d74 (0xff9ff06f) j       pc - 0x8
core   0: 3 0x80009d74 (0xff9ff06f)
core   0: 0x80009d6c (0x00006f17) auipc   t5, 0x6
core   0: 3 0x80009d6c (0x00006f17) x30 0x8000fd6c
core   0: 0x80009d70 (0x283f2a23) sw      gp, 660(t5)
core   0: 3 0x80009d70 (0x283f2a23) mem 0x80010000 0x00000001
core   0: 0x80009d74 (0xff9ff06f) j       pc - 0x8
core   0: 3 0x80009d74 (0xff9ff06f)
core   0: 0x80009d6c (0x00006f17) auipc   t5, 0x6
core   0: 3 0x80009d6c (0x00006f17) x30 0x8000fd6c
core   0: 0x80009d70 (0x283f2a23) sw      gp, 660(t5)
core   0: 3 0x80009d70 (0x283f2a23) mem 0x80010000 0x00000001
core   0: 0x80009d74 (0xff9ff06f) j       pc - 0x8
core   0: 3 0x80009d74 (0xff9ff06f)
core   0: 0x80009d6c (0x00006f17) auipc   t5, 0x6
core   0: 3 0x80009d6c (0x00006f17) x30 0x8000fd6c
core   0: 0x80009d70 (0x283f2a23) sw      gp, 660(t5)
core   0: 3 0x80009d70 (0x283f2a23) mem 0x80010000 0x00000001
core   0: 0x80009d74 (0xff9ff06f) j       pc - 0x8
core   0: 3 0x80009d74 (0xff9ff06f)
core   0: 0x80009d6c (0x00006f17) auipc   t5, 0x6
core   0: 3 0x80009d6c (0x00006f17) x30 0x8000fd6c
core   0: 0x80009d70 (0x283f2a23) sw      gp, 660(t5)
core   0: 3 0x80009d70 (0x283f2a23) mem 0x80010000 0x00000001
core   0: 0x80009d74 (0xff9ff06f) j       pc - 0x8
core   0: 3 0x80009d74 (0xff9ff06f)
core   0: 0x80009d6c (0x00006f17) auipc   t5, 0x6
core   0: 3 0x80009d6c (0x00006f17) x30 0x8000fd6c
core   0: 0x80009d70 (0x283f2a23) sw      gp, 660(t5)
core   0: 3 0x80009d70 (0x283f2a23) mem 0x80010000 0x00000001
core   0: 0x80009d74 (0xff9ff06f) j       pc - 0x8
core   0: 3 0x80009d74 (0xff9ff06f)
core   0: 0x80009d6c (0x00006f17) auipc   t5, 0x6
core   0: 3 0x80009d6c (0x00006f17) x30 0x8000fd6c
core   0: 0x80009d70 (0x283f2a23) sw      gp, 660(t5)
core   0: 3 0x80009d70 (0x283f2a23) mem 0x80010000 0x00000001
core   0: 0x80009d74 (0xff9ff06f) j       pc - 0x8
core   0: 3 0x80009d74 (0xff9ff06f)
core   0: 0x80009d6c (0x00006f17) auipc   t5, 0x6
core   0: 3 0x80009d6c (0x00006f17) x30 0x8000fd6c
core   0: 0x80009d70 (0x283f2a23) sw      gp, 660(t5)
core   0: 3 0x80009d70 (0x283f2a23) mem 0x80010000 0x00000001
core   0: 0x80009d74 (0xff9ff06f) j       pc - 0x8
core   0: 3 0x80009d74 (0xff9ff06f)
core   0: 0x80009d6c (0x00006f17) auipc   t5, 0x6
core   0: 3 0x80009d6c (0x00006f17) x30 0x8000fd6c
core   0: 0x80009d70 (0x283f2a23) sw      gp, 660(t5)
core   0: 3 0x80009d70 (0x283f2a23) mem 0x80010000 0x00000001
core   0: 0x80009d74 (0xff9ff06f) j       pc - 0x8
core   0: 3 0x80009d74 (0xff9ff06f)
core   0: 0x80009d6c (0x00006f17) auipc   t5, 0x6
core   0: 3 0x80009d6c (0x00006f17) x30 0x8000fd6c
core   0: 0x80009d70 (0x283f2a23) sw      gp, 660(t5)
core   0: 3 0x80009d70 (0x283f2a23) mem 0x80010000 0x00000001
core   0: 0x80009d74 (0xff9ff06f) j       pc - 0x8
core   0: 3 0x80009d74 (0xff9ff06f)
core   0: 0x80009d6c (0x00006f17) auipc   t5, 0x6
core   0: 3 0x80009d6c (0x00006f17) x30 0x8000fd6c
core   0: 0x80009d70 (0x283f2a23) sw      gp, 660(t5)
core   0: 3 0x80009d70 (0x283f2a23) mem 0x80010000 0x00000001
core   0: 0x80009d74 (0xff9ff06f) j       pc - 0x8
core   0: 3 0x80009d74 (0xff9ff06f)
core   0: 0x80009d6c (0x00006f17) auipc   t5, 0x6
core   0: 3 0x80009d6c (0x00006f17) x30 0x8000fd6c
core   0: 0x80009d70 (0x283f2a23) sw      gp, 660(t5)
core   0: 3 0x80009d70 (0x283f2a23) mem 0x80010000 0x00000001
core   0: 0x80009d74 (0xff9ff06f) j       pc - 0x8
core   0: 3 0x80009d74 (0xff9ff06f)
core   0: 0x80009d6c (0x00006f17) auipc   t5, 0x6
core   0: 3 0x80009d6c (0x00006f17) x30 0x8000fd6c
core   0: 0x80009d70 (0x283f2a23) sw      gp, 660(t5)
core   0: 3 0x80009d70 (0x283f2a23) mem 0x80010000 0x00000001
core   0: 0x80009d74 (0xff9ff06f) j       pc - 0x8
core   0: 3 0x80009d74 (0xff9ff06f)
core   0: 0x80009d6c (0x00006f17) auipc   t5, 0x6
core   0: 3 0x80009d6c (0x00006f17) x30 0x8000fd6c
core   0: 0x80009d70 (0x283f2a23) sw      gp, 660(t5)
core   0: 3 0x80009d70 (0x283f2a23) mem 0x80010000 0x00000001
core   0: 0x80009d74 (0xff9ff06f) j       pc - 0x8
core   0: 3 0x80009d74 (0xff9ff06f)
core   0: 0x80009d6c (0x00006f17) auipc   t5, 0x6
core   0: 3 0x80009d6c (0x00006f17) x30 0x8000fd6c
core   0: 0x80009d70 (0x283f2a23) sw      gp, 660(t5)
core   0: 3 0x80009d70 (0x283f2a23) mem 0x80010000 0x00000001
core   0: 0x80009d74 (0xff9ff06f) j       pc - 0x8
core   0: 3 0x80009d74 (0xff9ff06f)
core   0: 0x80009d6c (0x00006f17) auipc   t5, 0x6
core   0: 3 0x80009d6c (0x00006f17) x30 0x8000fd6c
core   0: 0x80009d70 (0x283f2a23) sw      gp, 660(t5)
core   0: 3 0x80009d70 (0x283f2a23) mem 0x80010000 0x00000001
core   0: 0x80009d74 (0xff9ff06f) j       pc - 0x8
core   0: 3 0x80009d74 (0xff9ff06f)
core   0: 0x80009d6c (0x00006f17) auipc   t5, 0x6
core   0: 3 0x80009d6c (0x00006f17) x30 0x8000fd6c
core   0: 0x80009d70 (0x283f2a23) sw      gp, 660(t5)
core   0: 3 0x80009d70 (0x283f2a23) mem 0x80010000 0x00000001
core   0: 0x80009d74 (0xff9ff06f) j       pc - 0x8
core   0: 3 0x80009d74 (0xff9ff06f)
core   0: 0x80009d6c (0x00006f17) auipc   t5, 0x6
core   0: 3 0x80009d6c (0x00006f17) x30 0x8000fd6c
core   0: 0x80009d70 (0x283f2a23) sw      gp, 660(t5)
core   0: 3 0x80009d70 (0x283f2a23) mem 0x80010000 0x00000001
core   0: 0x80009d74 (0xff9ff06f) j       pc - 0x8
core   0: 3 0x80009d74 (0xff9ff06f)
core   0: 0x80009d6c (0x00006f17) auipc   t5, 0x6
core   0: 3 0x80009d6c (0x00006f17) x30 0x8000fd6c
core   0: 0x80009d70 (0x283f2a23) sw      gp, 660(t5)
core   0: 3 0x80009d70 (0x283f2a23) mem 0x80010000 0x00000001
core   0: 0x80009d74 (0xff9ff06f) j       pc - 0x8
core   0: 3 0x80009d74 (0xff9ff06f)
core   0: 0x80009d6c (0x00006f17) auipc   t5, 0x6
core   0: 3 0x80009d6c (0x00006f17) x30 0x8000fd6c
core   0: 0x80009d70 (0x283f2a23) sw      gp, 660(t5)
core   0: 3 0x80009d70 (0x283f2a23) mem 0x80010000 0x00000001
core   0: 0x80009d74 (0xff9ff06f) j       pc - 0x8
core   0: 3 0x80009d74 (0xff9ff06f)
core   0: 0x80009d6c (0x00006f17) auipc   t5, 0x6
core   0: 3 0x80009d6c (0x00006f17) x30 0x8000fd6c
core   0: 0x80009d70 (0x283f2a23) sw      gp, 660(t5)
core   0: 3 0x80009d70 (0x283f2a23) mem 0x80010000 0x00000001
core   0: 0x80009d74 (0xff9ff06f) j       pc - 0x8
core   0: 3 0x80009d74 (0xff9ff06f)
core   0: 0x80009d6c (0x00006f17) auipc   t5, 0x6
core   0: 3 0x80009d6c (0x00006f17) x30 0x8000fd6c
core   0: 0x80009d70 (0x283f2a23) sw      gp, 660(t5)
core   0: 3 0x80009d70 (0x283f2a23) mem 0x80010000 0x00000001
core   0: 0x80009d74 (0xff9ff06f) j       pc - 0x8
core   0: 3 0x80009d74 (0xff9ff06f)
core   0: 0x80009d6c (0x00006f17) auipc   t5, 0x6
core   0: 3 0x80009d6c (0x00006f17) x30 0x8000fd6c
core   0: 0x80009d70 (0x283f2a23) sw      gp, 660(t5)
core   0: 3 0x80009d70 (0x283f2a23) mem 0x80010000 0x00000001
core   0: 0x80009d74 (0xff9ff06f) j       pc - 0x8
core   0: 3 0x80009d74 (0xff9ff06f)
core   0: 0x80009d6c (0x00006f17) auipc   t5, 0x6
core   0: 3 0x80009d6c (0x00006f17) x30 0x8000fd6c
core   0: 0x80009d70 (0x283f2a23) sw      gp, 660(t5)
core   0: 3 0x80009d70 (0x283f2a23) mem 0x80010000 0x00000001
core   0: 0x80009d74 (0xff9ff06f) j       pc - 0x8
core   0: 3 0x80009d74 (0xff9ff06f)
core   0: 0x80009d6c (0x00006f17) auipc   t5, 0x6
core   0: 3 0x80009d6c (0x00006f17) x30 0x8000fd6c
core   0: 0x80009d70 (0x283f2a23) sw      gp, 660(t5)
core   0: 3 0x80009d70 (0x283f2a23) mem 0x80010000 0x00000001
core   0: 0x80009d74 (0xff9ff06f) j       pc - 0x8
core   0: 3 0x80009d74 (0xff9ff06f)
core   0: 0x80009d6c (0x00006f17) auipc   t5, 0x6
core   0: 3 0x80009d6c (0x00006f17) x30 0x8000fd6c
core   0: 0x80009d70 (0x283f2a23) sw      gp, 660(t5)
core   0: 3 0x80009d70 (0x283f2a23) mem 0x80010000 0x00000001
core   0: 0x80009d74 (0xff9ff06f) j       pc - 0x8
core   0: 3 0x80009d74 (0xff9ff06f)
core   0: 0x80009d6c (0x00006f17) auipc   t5, 0x6
core   0: 3 0x80009d6c (0x00006f17) x30 0x8000fd6c
core   0: 0x80009d70 (0x283f2a23) sw      gp, 660(t5)
core   0: 3 0x80009d70 (0x283f2a23) mem 0x80010000 0x00000001
core   0: 0x80009d74 (0xff9ff06f) j       pc - 0x8
core   0: 3 0x80009d74 (0xff9ff06f)
core   0: 0x80009d6c (0x00006f17) auipc   t5, 0x6
core   0: 3 0x80009d6c (0x00006f17) x30 0x8000fd6c
core   0: 0x80009d70 (0x283f2a23) sw      gp, 660(t5)
core   0: 3 0x80009d70 (0x283f2a23) mem 0x80010000 0x00000001
core   0: 0x80009d74 (0xff9ff06f) j       pc - 0x8
core   0: 3 0x80009d74 (0xff9ff06f)
core   0: 0x80009d6c (0x00006f17) auipc   t5, 0x6
core   0: 3 0x80009d6c (0x00006f17) x30 0x8000fd6c
core   0: 0x80009d70 (0x283f2a23) sw      gp, 660(t5)
core   0: 3 0x80009d70 (0x283f2a23) mem 0x80010000 0x00000001
core   0: 0x80009d74 (0xff9ff06f) j       pc - 0x8
core   0: 3 0x80009d74 (0xff9ff06f)
core   0: 0x80009d6c (0x00006f17) auipc   t5, 0x6
core   0: 3 0x80009d6c (0x00006f17) x30 0x8000fd6c
core   0: 0x80009d70 (0x283f2a23) sw      gp, 660(t5)
core   0: 3 0x80009d70 (0x283f2a23) mem 0x80010000 0x00000001
core   0: 0x80009d74 (0xff9ff06f) j       pc - 0x8
core   0: 3 0x80009d74 (0xff9ff06f)
core   0: 0x80009d6c (0x00006f17) auipc   t5, 0x6
core   0: 3 0x80009d6c (0x00006f17) x30 0x8000fd6c
core   0: 0x80009d70 (0x283f2a23) sw      gp, 660(t5)
core   0: 3 0x80009d70 (0x283f2a23) mem 0x80010000 0x00000001
core   0: 0x80009d74 (0xff9ff06f) j       pc - 0x8
core   0: 3 0x80009d74 (0xff9ff06f)
core   0: 0x80009d6c (0x00006f17) auipc   t5, 0x6
core   0: 3 0x80009d6c (0x00006f17) x30 0x8000fd6c
core   0: 0x80009d70 (0x283f2a23) sw      gp, 660(t5)
core   0: 3 0x80009d70 (0x283f2a23) mem 0x80010000 0x00000001
core   0: 0x80009d74 (0xff9ff06f) j       pc - 0x8
core   0: 3 0x80009d74 (0xff9ff06f)
core   0: 0x80009d6c (0x00006f17) auipc   t5, 0x6
core   0: 3 0x80009d6c (0x00006f17) x30 0x8000fd6c
core   0: 0x80009d70 (0x283f2a23) sw      gp, 660(t5)
core   0: 3 0x80009d70 (0x283f2a23) mem 0x80010000 0x00000001
core   0: 0x80009d74 (0xff9ff06f) j       pc - 0x8
core   0: 3 0x80009d74 (0xff9ff06f)
core   0: 0x80009d6c (0x00006f17) auipc   t5, 0x6
core   0: 3 0x80009d6c (0x00006f17) x30 0x8000fd6c
core   0: 0x80009d70 (0x283f2a23) sw      gp, 660(t5)
core   0: 3 0x80009d70 (0x283f2a23) mem 0x80010000 0x00000001
core   0: 0x80009d74 (0xff9ff06f) j       pc - 0x8
core   0: 3 0x80009d74 (0xff9ff06f)
core   0: 0x80009d6c (0x00006f17) auipc   t5, 0x6
core   0: 3 0x80009d6c (0x00006f17) x30 0x8000fd6c
core   0: 0x80009d70 (0x283f2a23) sw      gp, 660(t5)
core   0: 3 0x80009d70 (0x283f2a23) mem 0x80010000 0x00000001
core   0: 0x80009d74 (0xff9ff06f) j       pc - 0x8
core   0: 3 0x80009d74 (0xff9ff06f)
core   0: 0x80009d6c (0x00006f17) auipc   t5, 0x6
core   0: 3 0x80009d6c (0x00006f17) x30 0x8000fd6c
core   0: 0x80009d70 (0x283f2a23) sw      gp, 660(t5)
core   0: 3 0x80009d70 (0x283f2a23) mem 0x80010000 0x00000001
core   0: 0x80009d74 (0xff9ff06f) j       pc - 0x8
core   0: 3 0x80009d74 (0xff9ff06f)
core   0: 0x80009d6c (0x00006f17) auipc   t5, 0x6
core   0: 3 0x80009d6c (0x00006f17) x30 0x8000fd6c
core   0: 0x80009d70 (0x283f2a23) sw      gp, 660(t5)
core   0: 3 0x80009d70 (0x283f2a23) mem 0x80010000 0x00000001
core   0: 0x80009d74 (0xff9ff06f) j       pc - 0x8
core   0: 3 0x80009d74 (0xff9ff06f)
core   0: 0x80009d6c (0x00006f17) auipc   t5, 0x6
core   0: 3 0x80009d6c (0x00006f17) x30 0x8000fd6c
core   0: 0x80009d70 (0x283f2a23) sw      gp, 660(t5)
core   0: 3 0x80009d70 (0x283f2a23) mem 0x80010000 0x00000001
core   0: 0x80009d74 (0xff9ff06f) j       pc - 0x8
core   0: 3 0x80009d74 (0xff9ff06f)
core   0: 0x80009d6c (0x00006f17) auipc   t5, 0x6
core   0: 3 0x80009d6c (0x00006f17) x30 0x8000fd6c
core   0: 0x80009d70 (0x283f2a23) sw      gp, 660(t5)
core   0: 3 0x80009d70 (0x283f2a23) mem 0x80010000 0x00000001
core   0: 0x80009d74 (0xff9ff06f) j       pc - 0x8
core   0: 3 0x80009d74 (0xff9ff06f)
core   0: 0x80009d6c (0x00006f17) auipc   t5, 0x6
core   0: 3 0x80009d6c (0x00006f17) x30 0x8000fd6c
core   0: 0x80009d70 (0x283f2a23) sw      gp, 660(t5)
core   0: 3 0x80009d70 (0x283f2a23) mem 0x80010000 0x00000001
core   0: 0x80009d74 (0xff9ff06f) j       pc - 0x8
core   0: 3 0x80009d74 (0xff9ff06f)
core   0: 0x80009d6c (0x00006f17) auipc   t5, 0x6
core   0: 3 0x80009d6c (0x00006f17) x30 0x8000fd6c
core   0: 0x80009d70 (0x283f2a23) sw      gp, 660(t5)
core   0: 3 0x80009d70 (0x283f2a23) mem 0x80010000 0x00000001
core   0: 0x80009d74 (0xff9ff06f) j       pc - 0x8
core   0: 3 0x80009d74 (0xff9ff06f)
core   0: 0x80009d6c (0x00006f17) auipc   t5, 0x6
core   0: 3 0x80009d6c (0x00006f17) x30 0x8000fd6c
core   0: 0x80009d70 (0x283f2a23) sw      gp, 660(t5)
core   0: 3 0x80009d70 (0x283f2a23) mem 0x80010000 0x00000001
core   0: 0x80009d74 (0xff9ff06f) j       pc - 0x8
core   0: 3 0x80009d74 (0xff9ff06f)
core   0: 0x80009d6c (0x00006f17) auipc   t5, 0x6
core   0: 3 0x80009d6c (0x00006f17) x30 0x8000fd6c
core   0: 0x80009d70 (0x283f2a23) sw      gp, 660(t5)
core   0: 3 0x80009d70 (0x283f2a23) mem 0x80010000 0x00000001
core   0: 0x80009d74 (0xff9ff06f) j       pc - 0x8
core   0: 3 0x80009d74 (0xff9ff06f)
core   0: 0x80009d6c (0x00006f17) auipc   t5, 0x6
core   0: 3 0x80009d6c (0x00006f17) x30 0x8000fd6c
core   0: 0x80009d70 (0x283f2a23) sw      gp, 660(t5)
core   0: 3 0x80009d70 (0x283f2a23) mem 0x80010000 0x00000001
core   0: 0x80009d74 (0xff9ff06f) j       pc - 0x8
core   0: 3 0x80009d74 (0xff9ff06f)
core   0: 0x80009d6c (0x00006f17) auipc   t5, 0x6
core   0: 3 0x80009d6c (0x00006f17) x30 0x8000fd6c
core   0: 0x80009d70 (0x283f2a23) sw      gp, 660(t5)
core   0: 3 0x80009d70 (0x283f2a23) mem 0x80010000 0x00000001
core   0: 0x80009d74 (0xff9ff06f) j       pc - 0x8
core   0: 3 0x80009d74 (0xff9ff06f)
core   0: 0x80009d6c (0x00006f17) auipc   t5, 0x6
core   0: 3 0x80009d6c (0x00006f17) x30 0x8000fd6c
core   0: 0x80009d70 (0x283f2a23) sw      gp, 660(t5)
core   0: 3 0x80009d70 (0x283f2a23) mem 0x80010000 0x00000001
core   0: 0x80009d74 (0xff9ff06f) j       pc - 0x8
core   0: 3 0x80009d74 (0xff9ff06f)
core   0: 0x80009d6c (0x00006f17) auipc   t5, 0x6
core   0: 3 0x80009d6c (0x00006f17) x30 0x8000fd6c
core   0: 0x80009d70 (0x283f2a23) sw      gp, 660(t5)
core   0: 3 0x80009d70 (0x283f2a23) mem 0x80010000 0x00000001
core   0: 0x80009d74 (0xff9ff06f) j       pc - 0x8
core   0: 3 0x80009d74 (0xff9ff06f)
core   0: 0x80009d6c (0x00006f17) auipc   t5, 0x6
core   0: 3 0x80009d6c (0x00006f17) x30 0x8000fd6c
core   0: 0x80009d70 (0x283f2a23) sw      gp, 660(t5)
core   0: 3 0x80009d70 (0x283f2a23) mem 0x80010000 0x00000001
core   0: 0x80009d74 (0xff9ff06f) j       pc - 0x8
core   0: 3 0x80009d74 (0xff9ff06f)
core   0: 0x80009d6c (0x00006f17) auipc   t5, 0x6
core   0: 3 0x80009d6c (0x00006f17) x30 0x8000fd6c
core   0: 0x80009d70 (0x283f2a23) sw      gp, 660(t5)
core   0: 3 0x80009d70 (0x283f2a23) mem 0x80010000 0x00000001
core   0: 0x80009d74 (0xff9ff06f) j       pc - 0x8
core   0: 3 0x80009d74 (0xff9ff06f)
core   0: 0x80009d6c (0x00006f17) auipc   t5, 0x6
core   0: 3 0x80009d6c (0x00006f17) x30 0x8000fd6c
core   0: 0x80009d70 (0x283f2a23) sw      gp, 660(t5)
core   0: 3 0x80009d70 (0x283f2a23) mem 0x80010000 0x00000001
core   0: 0x80009d74 (0xff9ff06f) j       pc - 0x8
core   0: 3 0x80009d74 (0xff9ff06f)
core   0: 0x80009d6c (0x00006f17) auipc   t5, 0x6
core   0: 3 0x80009d6c (0x00006f17) x30 0x8000fd6c
core   0: 0x80009d70 (0x283f2a23) sw      gp, 660(t5)
core   0: 3 0x80009d70 (0x283f2a23) mem 0x80010000 0x00000001
core   0: 0x80009d74 (0xff9ff06f) j       pc - 0x8
core   0: 3 0x80009d74 (0xff9ff06f)
core   0: 0x80009d6c (0x00006f17) auipc   t5, 0x6
core   0: 3 0x80009d6c (0x00006f17) x30 0x8000fd6c
core   0: 0x80009d70 (0x283f2a23) sw      gp, 660(t5)
core   0: 3 0x80009d70 (0x283f2a23) mem 0x80010000 0x00000001
core   0: 0x80009d74 (0xff9ff06f) j       pc - 0x8
core   0: 3 0x80009d74 (0xff9ff06f)
core   0: 0x80009d6c (0x00006f17) auipc   t5, 0x6
core   0: 3 0x80009d6c (0x00006f17) x30 0x8000fd6c
core   0: 0x80009d70 (0x283f2a23) sw      gp, 660(t5)
core   0: 3 0x80009d70 (0x283f2a23) mem 0x80010000 0x00000001
core   0: 0x80009d74 (0xff9ff06f) j       pc - 0x8
core   0: 3 0x80009d74 (0xff9ff06f)
core   0: 0x80009d6c (0x00006f17) auipc   t5, 0x6
core   0: 3 0x80009d6c (0x00006f17) x30 0x8000fd6c
core   0: 0x80009d70 (0x283f2a23) sw      gp, 660(t5)
core   0: 3 0x80009d70 (0x283f2a23) mem 0x80010000 0x00000001
core   0: 0x80009d74 (0xff9ff06f) j       pc - 0x8
core   0: 3 0x80009d74 (0xff9ff06f)
core   0: 0x80009d6c (0x00006f17) auipc   t5, 0x6
core   0: 3 0x80009d6c (0x00006f17) x30 0x8000fd6c
core   0: 0x80009d70 (0x283f2a23) sw      gp, 660(t5)
core   0: 3 0x80009d70 (0x283f2a23) mem 0x80010000 0x00000001
core   0: 0x80009d74 (0xff9ff06f) j       pc - 0x8
core   0: 3 0x80009d74 (0xff9ff06f)
core   0: 0x80009d6c (0x00006f17) auipc   t5, 0x6
core   0: 3 0x80009d6c (0x00006f17) x30 0x8000fd6c
core   0: 0x80009d70 (0x283f2a23) sw      gp, 660(t5)
core   0: 3 0x80009d70 (0x283f2a23) mem 0x80010000 0x00000001
core   0: 0x80009d74 (0xff9ff06f) j       pc - 0x8
core   0: 3 0x80009d74 (0xff9ff06f)
core   0: 0x80009d6c (0x00006f17) auipc   t5, 0x6
core   0: 3 0x80009d6c (0x00006f17) x30 0x8000fd6c
core   0: 0x80009d70 (0x283f2a23) sw      gp, 660(t5)
core   0: 3 0x80009d70 (0x283f2a23) mem 0x80010000 0x00000001
core   0: 0x80009d74 (0xff9ff06f) j       pc - 0x8
core   0: 3 0x80009d74 (0xff9ff06f)
core   0: 0x80009d6c (0x00006f17) auipc   t5, 0x6
core   0: 3 0x80009d6c (0x00006f17) x30 0x8000fd6c
core   0: 0x80009d70 (0x283f2a23) sw      gp, 660(t5)
core   0: 3 0x80009d70 (0x283f2a23) mem 0x80010000 0x00000001
core   0: 0x80009d74 (0xff9ff06f) j       pc - 0x8
core   0: 3 0x80009d74 (0xff9ff06f)
core   0: 0x80009d6c (0x00006f17) auipc   t5, 0x6
core   0: 3 0x80009d6c (0x00006f17) x30 0x8000fd6c
core   0: 0x80009d70 (0x283f2a23) sw      gp, 660(t5)
core   0: 3 0x80009d70 (0x283f2a23) mem 0x80010000 0x00000001
core   0: 0x80009d74 (0xff9ff06f) j       pc - 0x8
core   0: 3 0x80009d74 (0xff9ff06f)
core   0: 0x80009d6c (0x00006f17) auipc   t5, 0x6
core   0: 3 0x80009d6c (0x00006f17) x30 0x8000fd6c
core   0: 0x80009d70 (0x283f2a23) sw      gp, 660(t5)
core   0: 3 0x80009d70 (0x283f2a23) mem 0x80010000 0x00000001
core   0: 0x80009d74 (0xff9ff06f) j       pc - 0x8
core   0: 3 0x80009d74 (0xff9ff06f)
core   0: 0x80009d6c (0x00006f17) auipc   t5, 0x6
core   0: 3 0x80009d6c (0x00006f17) x30 0x8000fd6c
core   0: 0x80009d70 (0x283f2a23) sw      gp, 660(t5)
core   0: 3 0x80009d70 (0x283f2a23) mem 0x80010000 0x00000001
core   0: 0x80009d74 (0xff9ff06f) j       pc - 0x8
core   0: 3 0x80009d74 (0xff9ff06f)
core   0: 0x80009d6c (0x00006f17) auipc   t5, 0x6
core   0: 3 0x80009d6c (0x00006f17) x30 0x8000fd6c
core   0: 0x80009d70 (0x283f2a23) sw      gp, 660(t5)
core   0: 3 0x80009d70 (0x283f2a23) mem 0x80010000 0x00000001
core   0: 0x80009d74 (0xff9ff06f) j       pc - 0x8
core   0: 3 0x80009d74 (0xff9ff06f)
core   0: 0x80009d6c (0x00006f17) auipc   t5, 0x6
core   0: 3 0x80009d6c (0x00006f17) x30 0x8000fd6c
core   0: 0x80009d70 (0x283f2a23) sw      gp, 660(t5)
core   0: 3 0x80009d70 (0x283f2a23) mem 0x80010000 0x00000001
core   0: 0x80009d74 (0xff9ff06f) j       pc - 0x8
core   0: 3 0x80009d74 (0xff9ff06f)
core   0: 0x80009d6c (0x00006f17) auipc   t5, 0x6
core   0: 3 0x80009d6c (0x00006f17) x30 0x8000fd6c
core   0: 0x80009d70 (0x283f2a23) sw      gp, 660(t5)
core   0: 3 0x80009d70 (0x283f2a23) mem 0x80010000 0x00000001
core   0: 0x80009d74 (0xff9ff06f) j       pc - 0x8
core   0: 3 0x80009d74 (0xff9ff06f)
core   0: 0x80009d6c (0x00006f17) auipc   t5, 0x6
core   0: 3 0x80009d6c (0x00006f17) x30 0x8000fd6c
core   0: 0x80009d70 (0x283f2a23) sw      gp, 660(t5)
core   0: 3 0x80009d70 (0x283f2a23) mem 0x80010000 0x00000001
core   0: 0x80009d74 (0xff9ff06f) j       pc - 0x8
core   0: 3 0x80009d74 (0xff9ff06f)
core   0: 0x80009d6c (0x00006f17) auipc   t5, 0x6
core   0: 3 0x80009d6c (0x00006f17) x30 0x8000fd6c
core   0: 0x80009d70 (0x283f2a23) sw      gp, 660(t5)
core   0: 3 0x80009d70 (0x283f2a23) mem 0x80010000 0x00000001
core   0: 0x80009d74 (0xff9ff06f) j       pc - 0x8
core   0: 3 0x80009d74 (0xff9ff06f)
core   0: 0x80009d6c (0x00006f17) auipc   t5, 0x6
core   0: 3 0x80009d6c (0x00006f17) x30 0x8000fd6c
core   0: 0x80009d70 (0x283f2a23) sw      gp, 660(t5)
core   0: 3 0x80009d70 (0x283f2a23) mem 0x80010000 0x00000001
core   0: 0x80009d74 (0xff9ff06f) j       pc - 0x8
core   0: 3 0x80009d74 (0xff9ff06f)
core   0: 0x80009d6c (0x00006f17) auipc   t5, 0x6
core   0: 3 0x80009d6c (0x00006f17) x30 0x8000fd6c
core   0: 0x80009d70 (0x283f2a23) sw      gp, 660(t5)
core   0: 3 0x80009d70 (0x283f2a23) mem 0x80010000 0x00000001
core   0: 0x80009d74 (0xff9ff06f) j       pc - 0x8
core   0: 3 0x80009d74 (0xff9ff06f)
core   0: 0x80009d6c (0x00006f17) auipc   t5, 0x6
core   0: 3 0x80009d6c (0x00006f17) x30 0x8000fd6c
core   0: 0x80009d70 (0x283f2a23) sw      gp, 660(t5)
core   0: 3 0x80009d70 (0x283f2a23) mem 0x80010000 0x00000001
core   0: 0x80009d74 (0xff9ff06f) j       pc - 0x8
core   0: 3 0x80009d74 (0xff9ff06f)
core   0: 0x80009d6c (0x00006f17) auipc   t5, 0x6
core   0: 3 0x80009d6c (0x00006f17) x30 0x8000fd6c
core   0: 0x80009d70 (0x283f2a23) sw      gp, 660(t5)
core   0: 3 0x80009d70 (0x283f2a23) mem 0x80010000 0x00000001
core   0: 0x80009d74 (0xff9ff06f) j       pc - 0x8
core   0: 3 0x80009d74 (0xff9ff06f)
core   0: 0x80009d6c (0x00006f17) auipc   t5, 0x6
core   0: 3 0x80009d6c (0x00006f17) x30 0x8000fd6c
core   0: 0x80009d70 (0x283f2a23) sw      gp, 660(t5)
core   0: 3 0x80009d70 (0x283f2a23) mem 0x80010000 0x00000001
core   0: 0x80009d74 (0xff9ff06f) j       pc - 0x8
core   0: 3 0x80009d74 (0xff9ff06f)
core   0: 0x80009d6c (0x00006f17) auipc   t5, 0x6
core   0: 3 0x80009d6c (0x00006f17) x30 0x8000fd6c
core   0: 0x80009d70 (0x283f2a23) sw      gp, 660(t5)
core   0: 3 0x80009d70 (0x283f2a23) mem 0x80010000 0x00000001
core   0: 0x80009d74 (0xff9ff06f) j       pc - 0x8
core   0: 3 0x80009d74 (0xff9ff06f)
core   0: 0x80009d6c (0x00006f17) auipc   t5, 0x6
core   0: 3 0x80009d6c (0x00006f17) x30 0x8000fd6c
core   0: 0x80009d70 (0x283f2a23) sw      gp, 660(t5)
core   0: 3 0x80009d70 (0x283f2a23) mem 0x80010000 0x00000001
core   0: 0x80009d74 (0xff9ff06f) j       pc - 0x8
core   0: 3 0x80009d74 (0xff9ff06f)
core   0: 0x80009d6c (0x00006f17) auipc   t5, 0x6
core   0: 3 0x80009d6c (0x00006f17) x30 0x8000fd6c
core   0: 0x80009d70 (0x283f2a23) sw      gp, 660(t5)
core   0: 3 0x80009d70 (0x283f2a23) mem 0x80010000 0x00000001
core   0: 0x80009d74 (0xff9ff06f) j       pc - 0x8
core   0: 3 0x80009d74 (0xff9ff06f)
core   0: 0x80009d6c (0x00006f17) auipc   t5, 0x6
core   0: 3 0x80009d6c (0x00006f17) x30 0x8000fd6c
core   0: 0x80009d70 (0x283f2a23) sw      gp, 660(t5)
core   0: 3 0x80009d70 (0x283f2a23) mem 0x80010000 0x00000001
core   0: 0x80009d74 (0xff9ff06f) j       pc - 0x8
core   0: 3 0x80009d74 (0xff9ff06f)
core   0: 0x80009d6c (0x00006f17) auipc   t5, 0x6
core   0: 3 0x80009d6c (0x00006f17) x30 0x8000fd6c
core   0: 0x80009d70 (0x283f2a23) sw      gp, 660(t5)
core   0: 3 0x80009d70 (0x283f2a23) mem 0x80010000 0x00000001
core   0: 0x80009d74 (0xff9ff06f) j       pc - 0x8
core   0: 3 0x80009d74 (0xff9ff06f)
core   0: 0x80009d6c (0x00006f17) auipc   t5, 0x6
core   0: 3 0x80009d6c (0x00006f17) x30 0x8000fd6c
core   0: 0x80009d70 (0x283f2a23) sw      gp, 660(t5)
core   0: 3 0x80009d70 (0x283f2a23) mem 0x80010000 0x00000001
core   0: 0x80009d74 (0xff9ff06f) j       pc - 0x8
core   0: 3 0x80009d74 (0xff9ff06f)
core   0: 0x80009d6c (0x00006f17) auipc   t5, 0x6
core   0: 3 0x80009d6c (0x00006f17) x30 0x8000fd6c
core   0: 0x80009d70 (0x283f2a23) sw      gp, 660(t5)
core   0: 3 0x80009d70 (0x283f2a23) mem 0x80010000 0x00000001
core   0: 0x80009d74 (0xff9ff06f) j       pc - 0x8
core   0: 3 0x80009d74 (0xff9ff06f)
core   0: 0x80009d6c (0x00006f17) auipc   t5, 0x6
core   0: 3 0x80009d6c (0x00006f17) x30 0x8000fd6c
core   0: 0x80009d70 (0x283f2a23) sw      gp, 660(t5)
core   0: 3 0x80009d70 (0x283f2a23) mem 0x80010000 0x00000001
core   0: 0x80009d74 (0xff9ff06f) j       pc - 0x8
core   0: 3 0x80009d74 (0xff9ff06f)
core   0: 0x80009d6c (0x00006f17) auipc   t5, 0x6
core   0: 3 0x80009d6c (0x00006f17) x30 0x8000fd6c
core   0: 0x80009d70 (0x283f2a23) sw      gp, 660(t5)
core   0: 3 0x80009d70 (0x283f2a23) mem 0x80010000 0x00000001
core   0: 0x80009d74 (0xff9ff06f) j       pc - 0x8
core   0: 3 0x80009d74 (0xff9ff06f)
core   0: 0x80009d6c (0x00006f17) auipc   t5, 0x6
core   0: 3 0x80009d6c (0x00006f17) x30 0x8000fd6c
core   0: 0x80009d70 (0x283f2a23) sw      gp, 660(t5)
core   0: 3 0x80009d70 (0x283f2a23) mem 0x80010000 0x00000001
core   0: 0x80009d74 (0xff9ff06f) j       pc - 0x8
core   0: 3 0x80009d74 (0xff9ff06f)
core   0: 0x80009d6c (0x00006f17) auipc   t5, 0x6
core   0: 3 0x80009d6c (0x00006f17) x30 0x8000fd6c
core   0: 0x80009d70 (0x283f2a23) sw      gp, 660(t5)
core   0: 3 0x80009d70 (0x283f2a23) mem 0x80010000 0x00000001
core   0: 0x80009d74 (0xff9ff06f) j       pc - 0x8
core   0: 3 0x80009d74 (0xff9ff06f)
core   0: 0x80009d6c (0x00006f17) auipc   t5, 0x6
core   0: 3 0x80009d6c (0x00006f17) x30 0x8000fd6c
core   0: 0x80009d70 (0x283f2a23) sw      gp, 660(t5)
core   0: 3 0x80009d70 (0x283f2a23) mem 0x80010000 0x00000001
core   0: 0x80009d74 (0xff9ff06f) j       pc - 0x8
core   0: 3 0x80009d74 (0xff9ff06f)
core   0: 0x80009d6c (0x00006f17) auipc   t5, 0x6
core   0: 3 0x80009d6c (0x00006f17) x30 0x8000fd6c
core   0: 0x80009d70 (0x283f2a23) sw      gp, 660(t5)
core   0: 3 0x80009d70 (0x283f2a23) mem 0x80010000 0x00000001
core   0: 0x80009d74 (0xff9ff06f) j       pc - 0x8
core   0: 3 0x80009d74 (0xff9ff06f)
core   0: 0x80009d6c (0x00006f17) auipc   t5, 0x6
core   0: 3 0x80009d6c (0x00006f17) x30 0x8000fd6c
core   0: 0x80009d70 (0x283f2a23) sw      gp, 660(t5)
core   0: 3 0x80009d70 (0x283f2a23) mem 0x80010000 0x00000001
core   0: 0x80009d74 (0xff9ff06f) j       pc - 0x8
core   0: 3 0x80009d74 (0xff9ff06f)
core   0: 0x80009d6c (0x00006f17) auipc   t5, 0x6
core   0: 3 0x80009d6c (0x00006f17) x30 0x8000fd6c
core   0: 0x80009d70 (0x283f2a23) sw      gp, 660(t5)
core   0: 3 0x80009d70 (0x283f2a23) mem 0x80010000 0x00000001
core   0: 0x80009d74 (0xff9ff06f) j       pc - 0x8
core   0: 3 0x80009d74 (0xff9ff06f)
core   0: 0x80009d6c (0x00006f17) auipc   t5, 0x6
core   0: 3 0x80009d6c (0x00006f17) x30 0x8000fd6c
core   0: 0x80009d70 (0x283f2a23) sw      gp, 660(t5)
core   0: 3 0x80009d70 (0x283f2a23) mem 0x80010000 0x00000001
core   0: 0x80009d74 (0xff9ff06f) j       pc - 0x8
core   0: 3 0x80009d74 (0xff9ff06f)
core   0: 0x80009d6c (0x00006f17) auipc   t5, 0x6
core   0: 3 0x80009d6c (0x00006f17) x30 0x8000fd6c
core   0: 0x80009d70 (0x283f2a23) sw      gp, 660(t5)
core   0: 3 0x80009d70 (0x283f2a23) mem 0x80010000 0x00000001
core   0: 0x80009d74 (0xff9ff06f) j       pc - 0x8
core   0: 3 0x80009d74 (0xff9ff06f)
core   0: 0x80009d6c (0x00006f17) auipc   t5, 0x6
core   0: 3 0x80009d6c (0x00006f17) x30 0x8000fd6c
core   0: 0x80009d70 (0x283f2a23) sw      gp, 660(t5)
core   0: 3 0x80009d70 (0x283f2a23) mem 0x80010000 0x00000001
core   0: 0x80009d74 (0xff9ff06f) j       pc - 0x8
core   0: 3 0x80009d74 (0xff9ff06f)
core   0: 0x80009d6c (0x00006f17) auipc   t5, 0x6
core   0: 3 0x80009d6c (0x00006f17) x30 0x8000fd6c
core   0: 0x80009d70 (0x283f2a23) sw      gp, 660(t5)
core   0: 3 0x80009d70 (0x283f2a23) mem 0x80010000 0x00000001
core   0: 0x80009d74 (0xff9ff06f) j       pc - 0x8
core   0: 3 0x80009d74 (0xff9ff06f)
core   0: 0x80009d6c (0x00006f17) auipc   t5, 0x6
core   0: 3 0x80009d6c (0x00006f17) x30 0x8000fd6c
core   0: 0x80009d70 (0x283f2a23) sw      gp, 660(t5)
core   0: 3 0x80009d70 (0x283f2a23) mem 0x80010000 0x00000001
core   0: 0x80009d74 (0xff9ff06f) j       pc - 0x8
core   0: 3 0x80009d74 (0xff9ff06f)
core   0: 0x80009d6c (0x00006f17) auipc   t5, 0x6
core   0: 3 0x80009d6c (0x00006f17) x30 0x8000fd6c
core   0: 0x80009d70 (0x283f2a23) sw      gp, 660(t5)
core   0: 3 0x80009d70 (0x283f2a23) mem 0x80010000 0x00000001
core   0: 0x80009d74 (0xff9ff06f) j       pc - 0x8
core   0: 3 0x80009d74 (0xff9ff06f)
core   0: 0x80009d6c (0x00006f17) auipc   t5, 0x6
core   0: 3 0x80009d6c (0x00006f17) x30 0x8000fd6c
core   0: 0x80009d70 (0x283f2a23) sw      gp, 660(t5)
core   0: 3 0x80009d70 (0x283f2a23) mem 0x80010000 0x00000001
core   0: 0x80009d74 (0xff9ff06f) j       pc - 0x8
core   0: 3 0x80009d74 (0xff9ff06f)
core   0: 0x80009d6c (0x00006f17) auipc   t5, 0x6
core   0: 3 0x80009d6c (0x00006f17) x30 0x8000fd6c
core   0: 0x80009d70 (0x283f2a23) sw      gp, 660(t5)
core   0: 3 0x80009d70 (0x283f2a23) mem 0x80010000 0x00000001
core   0: 0x80009d74 (0xff9ff06f) j       pc - 0x8
core   0: 3 0x80009d74 (0xff9ff06f)
core   0: 0x80009d6c (0x00006f17) auipc   t5, 0x6
core   0: 3 0x80009d6c (0x00006f17) x30 0x8000fd6c
core   0: 0x80009d70 (0x283f2a23) sw      gp, 660(t5)
core   0: 3 0x80009d70 (0x283f2a23) mem 0x80010000 0x00000001
core   0: 0x80009d74 (0xff9ff06f) j       pc - 0x8
core   0: 3 0x80009d74 (0xff9ff06f)
core   0: 0x80009d6c (0x00006f17) auipc   t5, 0x6
core   0: 3 0x80009d6c (0x00006f17) x30 0x8000fd6c
core   0: 0x80009d70 (0x283f2a23) sw      gp, 660(t5)
core   0: 3 0x80009d70 (0x283f2a23) mem 0x80010000 0x00000001
core   0: 0x80009d74 (0xff9ff06f) j       pc - 0x8
core   0: 3 0x80009d74 (0xff9ff06f)
core   0: 0x80009d6c (0x00006f17) auipc   t5, 0x6
core   0: 3 0x80009d6c (0x00006f17) x30 0x8000fd6c
core   0: 0x80009d70 (0x283f2a23) sw      gp, 660(t5)
core   0: 3 0x80009d70 (0x283f2a23) mem 0x80010000 0x00000001
core   0: 0x80009d74 (0xff9ff06f) j       pc - 0x8
core   0: 3 0x80009d74 (0xff9ff06f)
core   0: 0x80009d6c (0x00006f17) auipc   t5, 0x6
core   0: 3 0x80009d6c (0x00006f17) x30 0x8000fd6c
core   0: 0x80009d70 (0x283f2a23) sw      gp, 660(t5)
core   0: 3 0x80009d70 (0x283f2a23) mem 0x80010000 0x00000001
core   0: 0x80009d74 (0xff9ff06f) j       pc - 0x8
core   0: 3 0x80009d74 (0xff9ff06f)
core   0: 0x80009d6c (0x00006f17) auipc   t5, 0x6
core   0: 3 0x80009d6c (0x00006f17) x30 0x8000fd6c
core   0: 0x80009d70 (0x283f2a23) sw      gp, 660(t5)
core   0: 3 0x80009d70 (0x283f2a23) mem 0x80010000 0x00000001
core   0: 0x80009d74 (0xff9ff06f) j       pc - 0x8
core   0: 3 0x80009d74 (0xff9ff06f)
core   0: 0x80009d6c (0x00006f17) auipc   t5, 0x6
core   0: 3 0x80009d6c (0x00006f17) x30 0x8000fd6c
core   0: 0x80009d70 (0x283f2a23) sw      gp, 660(t5)
core   0: 3 0x80009d70 (0x283f2a23) mem 0x80010000 0x00000001
core   0: 0x80009d74 (0xff9ff06f) j       pc - 0x8
core   0: 3 0x80009d74 (0xff9ff06f)
core   0: 0x80009d6c (0x00006f17) auipc   t5, 0x6
core   0: 3 0x80009d6c (0x00006f17) x30 0x8000fd6c
core   0: 0x80009d70 (0x283f2a23) sw      gp, 660(t5)
core   0: 3 0x80009d70 (0x283f2a23) mem 0x80010000 0x00000001
core   0: 0x80009d74 (0xff9ff06f) j       pc - 0x8
core   0: 3 0x80009d74 (0xff9ff06f)
core   0: 0x80009d6c (0x00006f17) auipc   t5, 0x6
core   0: 3 0x80009d6c (0x00006f17) x30 0x8000fd6c
core   0: 0x80009d70 (0x283f2a23) sw      gp, 660(t5)
core   0: 3 0x80009d70 (0x283f2a23) mem 0x80010000 0x00000001
core   0: 0x80009d74 (0xff9ff06f) j       pc - 0x8
core   0: 3 0x80009d74 (0xff9ff06f)
core   0: 0x80009d6c (0x00006f17) auipc   t5, 0x6
core   0: 3 0x80009d6c (0x00006f17) x30 0x8000fd6c
core   0: 0x80009d70 (0x283f2a23) sw      gp, 660(t5)
core   0: 3 0x80009d70 (0x283f2a23) mem 0x80010000 0x00000001
core   0: 0x80009d74 (0xff9ff06f) j       pc - 0x8
core   0: 3 0x80009d74 (0xff9ff06f)
core   0: 0x80009d6c (0x00006f17) auipc   t5, 0x6
core   0: 3 0x80009d6c (0x00006f17) x30 0x8000fd6c
core   0: 0x80009d70 (0x283f2a23) sw      gp, 660(t5)
core   0: 3 0x80009d70 (0x283f2a23) mem 0x80010000 0x00000001
core   0: 0x80009d74 (0xff9ff06f) j       pc - 0x8
core   0: 3 0x80009d74 (0xff9ff06f)
core   0: 0x80009d6c (0x00006f17) auipc   t5, 0x6
core   0: 3 0x80009d6c (0x00006f17) x30 0x8000fd6c
core   0: 0x80009d70 (0x283f2a23) sw      gp, 660(t5)
core   0: 3 0x80009d70 (0x283f2a23) mem 0x80010000 0x00000001
core   0: 0x80009d74 (0xff9ff06f) j       pc - 0x8
core   0: 3 0x80009d74 (0xff9ff06f)
core   0: 0x80009d6c (0x00006f17) auipc   t5, 0x6
core   0: 3 0x80009d6c (0x00006f17) x30 0x8000fd6c
core   0: 0x80009d70 (0x283f2a23) sw      gp, 660(t5)
core   0: 3 0x80009d70 (0x283f2a23) mem 0x80010000 0x00000001
core   0: 0x80009d74 (0xff9ff06f) j       pc - 0x8
core   0: 3 0x80009d74 (0xff9ff06f)
core   0: 0x80009d6c (0x00006f17) auipc   t5, 0x6
core   0: 3 0x80009d6c (0x00006f17) x30 0x8000fd6c
core   0: 0x80009d70 (0x283f2a23) sw      gp, 660(t5)
core   0: 3 0x80009d70 (0x283f2a23) mem 0x80010000 0x00000001
core   0: 0x80009d74 (0xff9ff06f) j       pc - 0x8
core   0: 3 0x80009d74 (0xff9ff06f)
core   0: 0x80009d6c (0x00006f17) auipc   t5, 0x6
core   0: 3 0x80009d6c (0x00006f17) x30 0x8000fd6c
core   0: 0x80009d70 (0x283f2a23) sw      gp, 660(t5)
core   0: 3 0x80009d70 (0x283f2a23) mem 0x80010000 0x00000001
core   0: 0x80009d74 (0xff9ff06f) j       pc - 0x8
core   0: 3 0x80009d74 (0xff9ff06f)
core   0: 0x80009d6c (0x00006f17) auipc   t5, 0x6
core   0: 3 0x80009d6c (0x00006f17) x30 0x8000fd6c
core   0: 0x80009d70 (0x283f2a23) sw      gp, 660(t5)
core   0: 3 0x80009d70 (0x283f2a23) mem 0x80010000 0x00000001
core   0: 0x80009d74 (0xff9ff06f) j       pc - 0x8
core   0: 3 0x80009d74 (0xff9ff06f)
core   0: 0x80009d6c (0x00006f17) auipc   t5, 0x6
core   0: 3 0x80009d6c (0x00006f17) x30 0x8000fd6c
core   0: 0x80009d70 (0x283f2a23) sw      gp, 660(t5)
core   0: 3 0x80009d70 (0x283f2a23) mem 0x80010000 0x00000001
core   0: 0x80009d74 (0xff9ff06f) j       pc - 0x8
core   0: 3 0x80009d74 (0xff9ff06f)
core   0: 0x80009d6c (0x00006f17) auipc   t5, 0x6
core   0: 3 0x80009d6c (0x00006f17) x30 0x8000fd6c
core   0: 0x80009d70 (0x283f2a23) sw      gp, 660(t5)
core   0: 3 0x80009d70 (0x283f2a23) mem 0x80010000 0x00000001
core   0: 0x80009d74 (0xff9ff06f) j       pc - 0x8
core   0: 3 0x80009d74 (0xff9ff06f)
core   0: 0x80009d6c (0x00006f17) auipc   t5, 0x6
core   0: 3 0x80009d6c (0x00006f17) x30 0x8000fd6c
core   0: 0x80009d70 (0x283f2a23) sw      gp, 660(t5)
core   0: 3 0x80009d70 (0x283f2a23) mem 0x80010000 0x00000001
core   0: 0x80009d74 (0xff9ff06f) j       pc - 0x8
core   0: 3 0x80009d74 (0xff9ff06f)
core   0: 0x80009d6c (0x00006f17) auipc   t5, 0x6
core   0: 3 0x80009d6c (0x00006f17) x30 0x8000fd6c
core   0: 0x80009d70 (0x283f2a23) sw      gp, 660(t5)
core   0: 3 0x80009d70 (0x283f2a23) mem 0x80010000 0x00000001
core   0: 0x80009d74 (0xff9ff06f) j       pc - 0x8
core   0: 3 0x80009d74 (0xff9ff06f)
core   0: 0x80009d6c (0x00006f17) auipc   t5, 0x6
core   0: 3 0x80009d6c (0x00006f17) x30 0x8000fd6c
core   0: 0x80009d70 (0x283f2a23) sw      gp, 660(t5)
core   0: 3 0x80009d70 (0x283f2a23) mem 0x80010000 0x00000001
core   0: 0x80009d74 (0xff9ff06f) j       pc - 0x8
core   0: 3 0x80009d74 (0xff9ff06f)
core   0: 0x80009d6c (0x00006f17) auipc   t5, 0x6
core   0: 3 0x80009d6c (0x00006f17) x30 0x8000fd6c
core   0: 0x80009d70 (0x283f2a23) sw      gp, 660(t5)
core   0: 3 0x80009d70 (0x283f2a23) mem 0x80010000 0x00000001
core   0: 0x80009d74 (0xff9ff06f) j       pc - 0x8
core   0: 3 0x80009d74 (0xff9ff06f)
core   0: 0x80009d6c (0x00006f17) auipc   t5, 0x6
core   0: 3 0x80009d6c (0x00006f17) x30 0x8000fd6c
core   0: 0x80009d70 (0x283f2a23) sw      gp, 660(t5)
core   0: 3 0x80009d70 (0x283f2a23) mem 0x80010000 0x00000001
core   0: 0x80009d74 (0xff9ff06f) j       pc - 0x8
core   0: 3 0x80009d74 (0xff9ff06f)
core   0: 0x80009d6c (0x00006f17) auipc   t5, 0x6
core   0: 3 0x80009d6c (0x00006f17) x30 0x8000fd6c
core   0: 0x80009d70 (0x283f2a23) sw      gp, 660(t5)
core   0: 3 0x80009d70 (0x283f2a23) mem 0x80010000 0x00000001
core   0: 0x80009d74 (0xff9ff06f) j       pc - 0x8
core   0: 3 0x80009d74 (0xff9ff06f)
core   0: 0x80009d6c (0x00006f17) auipc   t5, 0x6
core   0: 3 0x80009d6c (0x00006f17) x30 0x8000fd6c
core   0: 0x80009d70 (0x283f2a23) sw      gp, 660(t5)
core   0: 3 0x80009d70 (0x283f2a23) mem 0x80010000 0x00000001
core   0: 0x80009d74 (0xff9ff06f) j       pc - 0x8
core   0: 3 0x80009d74 (0xff9ff06f)
core   0: 0x80009d6c (0x00006f17) auipc   t5, 0x6
core   0: 3 0x80009d6c (0x00006f17) x30 0x8000fd6c
core   0: 0x80009d70 (0x283f2a23) sw      gp, 660(t5)
core   0: 3 0x80009d70 (0x283f2a23) mem 0x80010000 0x00000001
core   0: 0x80009d74 (0xff9ff06f) j       pc - 0x8
core   0: 3 0x80009d74 (0xff9ff06f)
core   0: 0x80009d6c (0x00006f17) auipc   t5, 0x6
core   0: 3 0x80009d6c (0x00006f17) x30 0x8000fd6c
core   0: 0x80009d70 (0x283f2a23) sw      gp, 660(t5)
core   0: 3 0x80009d70 (0x283f2a23) mem 0x80010000 0x00000001
core   0: 0x80009d74 (0xff9ff06f) j       pc - 0x8
core   0: 3 0x80009d74 (0xff9ff06f)
core   0: 0x80009d6c (0x00006f17) auipc   t5, 0x6
core   0: 3 0x80009d6c (0x00006f17) x30 0x8000fd6c
core   0: 0x80009d70 (0x283f2a23) sw      gp, 660(t5)
core   0: 3 0x80009d70 (0x283f2a23) mem 0x80010000 0x00000001
core   0: 0x80009d74 (0xff9ff06f) j       pc - 0x8
core   0: 3 0x80009d74 (0xff9ff06f)
core   0: 0x80009d6c (0x00006f17) auipc   t5, 0x6
core   0: 3 0x80009d6c (0x00006f17) x30 0x8000fd6c
core   0: 0x80009d70 (0x283f2a23) sw      gp, 660(t5)
core   0: 3 0x80009d70 (0x283f2a23) mem 0x80010000 0x00000001
core   0: 0x80009d74 (0xff9ff06f) j       pc - 0x8
core   0: 3 0x80009d74 (0xff9ff06f)
core   0: 0x80009d6c (0x00006f17) auipc   t5, 0x6
core   0: 3 0x80009d6c (0x00006f17) x30 0x8000fd6c
core   0: 0x80009d70 (0x283f2a23) sw      gp, 660(t5)
core   0: 3 0x80009d70 (0x283f2a23) mem 0x80010000 0x00000001
core   0: 0x80009d74 (0xff9ff06f) j       pc - 0x8
core   0: 3 0x80009d74 (0xff9ff06f)
core   0: 0x80009d6c (0x00006f17) auipc   t5, 0x6
core   0: 3 0x80009d6c (0x00006f17) x30 0x8000fd6c
core   0: 0x80009d70 (0x283f2a23) sw      gp, 660(t5)
core   0: 3 0x80009d70 (0x283f2a23) mem 0x80010000 0x00000001
core   0: 0x80009d74 (0xff9ff06f) j       pc - 0x8
core   0: 3 0x80009d74 (0xff9ff06f)
core   0: 0x80009d6c (0x00006f17) auipc   t5, 0x6
core   0: 3 0x80009d6c (0x00006f17) x30 0x8000fd6c
core   0: 0x80009d70 (0x283f2a23) sw      gp, 660(t5)
core   0: 3 0x80009d70 (0x283f2a23) mem 0x80010000 0x00000001
core   0: 0x80009d74 (0xff9ff06f) j       pc - 0x8
core   0: 3 0x80009d74 (0xff9ff06f)
core   0: 0x80009d6c (0x00006f17) auipc   t5, 0x6
core   0: 3 0x80009d6c (0x00006f17) x30 0x8000fd6c
core   0: 0x80009d70 (0x283f2a23) sw      gp, 660(t5)
core   0: 3 0x80009d70 (0x283f2a23) mem 0x80010000 0x00000001
core   0: 0x80009d74 (0xff9ff06f) j       pc - 0x8
core   0: 3 0x80009d74 (0xff9ff06f)
core   0: 0x80009d6c (0x00006f17) auipc   t5, 0x6
core   0: 3 0x80009d6c (0x00006f17) x30 0x8000fd6c
core   0: 0x80009d70 (0x283f2a23) sw      gp, 660(t5)
core   0: 3 0x80009d70 (0x283f2a23) mem 0x80010000 0x00000001
core   0: 0x80009d74 (0xff9ff06f) j       pc - 0x8
core   0: 3 0x80009d74 (0xff9ff06f)
core   0: 0x80009d6c (0x00006f17) auipc   t5, 0x6
core   0: 3 0x80009d6c (0x00006f17) x30 0x8000fd6c
core   0: 0x80009d70 (0x283f2a23) sw      gp, 660(t5)
core   0: 3 0x80009d70 (0x283f2a23) mem 0x80010000 0x00000001
core   0: 0x80009d74 (0xff9ff06f) j       pc - 0x8
core   0: 3 0x80009d74 (0xff9ff06f)
core   0: 0x80009d6c (0x00006f17) auipc   t5, 0x6
core   0: 3 0x80009d6c (0x00006f17) x30 0x8000fd6c
core   0: 0x80009d70 (0x283f2a23) sw      gp, 660(t5)
core   0: 3 0x80009d70 (0x283f2a23) mem 0x80010000 0x00000001
core   0: 0x80009d74 (0xff9ff06f) j       pc - 0x8
core   0: 3 0x80009d74 (0xff9ff06f)
core   0: 0x80009d6c (0x00006f17) auipc   t5, 0x6
core   0: 3 0x80009d6c (0x00006f17) x30 0x8000fd6c
core   0: 0x80009d70 (0x283f2a23) sw      gp, 660(t5)
core   0: 3 0x80009d70 (0x283f2a23) mem 0x80010000 0x00000001
core   0: 0x80009d74 (0xff9ff06f) j       pc - 0x8
core   0: 3 0x80009d74 (0xff9ff06f)
core   0: 0x80009d6c (0x00006f17) auipc   t5, 0x6
core   0: 3 0x80009d6c (0x00006f17) x30 0x8000fd6c
core   0: 0x80009d70 (0x283f2a23) sw      gp, 660(t5)
core   0: 3 0x80009d70 (0x283f2a23) mem 0x80010000 0x00000001
core   0: 0x80009d74 (0xff9ff06f) j       pc - 0x8
core   0: 3 0x80009d74 (0xff9ff06f)
core   0: 0x80009d6c (0x00006f17) auipc   t5, 0x6
core   0: 3 0x80009d6c (0x00006f17) x30 0x8000fd6c
core   0: 0x80009d70 (0x283f2a23) sw      gp, 660(t5)
core   0: 3 0x80009d70 (0x283f2a23) mem 0x80010000 0x00000001
core   0: 0x80009d74 (0xff9ff06f) j       pc - 0x8
core   0: 3 0x80009d74 (0xff9ff06f)
core   0: 0x80009d6c (0x00006f17) auipc   t5, 0x6
core   0: 3 0x80009d6c (0x00006f17) x30 0x8000fd6c
core   0: 0x80009d70 (0x283f2a23) sw      gp, 660(t5)
core   0: 3 0x80009d70 (0x283f2a23) mem 0x80010000 0x00000001
core   0: 0x80009d74 (0xff9ff06f) j       pc - 0x8
core   0: 3 0x80009d74 (0xff9ff06f)
core   0: 0x80009d6c (0x00006f17) auipc   t5, 0x6
core   0: 3 0x80009d6c (0x00006f17) x30 0x8000fd6c
core   0: 0x80009d70 (0x283f2a23) sw      gp, 660(t5)
core   0: 3 0x80009d70 (0x283f2a23) mem 0x80010000 0x00000001
core   0: 0x80009d74 (0xff9ff06f) j       pc - 0x8
core   0: 3 0x80009d74 (0xff9ff06f)
core   0: 0x80009d6c (0x00006f17) auipc   t5, 0x6
core   0: 3 0x80009d6c (0x00006f17) x30 0x8000fd6c
core   0: 0x80009d70 (0x283f2a23) sw      gp, 660(t5)
core   0: 3 0x80009d70 (0x283f2a23) mem 0x80010000 0x00000001
core   0: 0x80009d74 (0xff9ff06f) j       pc - 0x8
core   0: 3 0x80009d74 (0xff9ff06f)
core   0: 0x80009d6c (0x00006f17) auipc   t5, 0x6
core   0: 3 0x80009d6c (0x00006f17) x30 0x8000fd6c
core   0: 0x80009d70 (0x283f2a23) sw      gp, 660(t5)
core   0: 3 0x80009d70 (0x283f2a23) mem 0x80010000 0x00000001
core   0: 0x80009d74 (0xff9ff06f) j       pc - 0x8
core   0: 3 0x80009d74 (0xff9ff06f)
core   0: 0x80009d6c (0x00006f17) auipc   t5, 0x6
core   0: 3 0x80009d6c (0x00006f17) x30 0x8000fd6c
core   0: 0x80009d70 (0x283f2a23) sw      gp, 660(t5)
core   0: 3 0x80009d70 (0x283f2a23) mem 0x80010000 0x00000001
core   0: 0x80009d74 (0xff9ff06f) j       pc - 0x8
core   0: 3 0x80009d74 (0xff9ff06f)
core   0: 0x80009d6c (0x00006f17) auipc   t5, 0x6
core   0: 3 0x80009d6c (0x00006f17) x30 0x8000fd6c
core   0: 0x80009d70 (0x283f2a23) sw      gp, 660(t5)
core   0: 3 0x80009d70 (0x283f2a23) mem 0x80010000 0x00000001
core   0: 0x80009d74 (0xff9ff06f) j       pc - 0x8
core   0: 3 0x80009d74 (0xff9ff06f)
core   0: 0x80009d6c (0x00006f17) auipc   t5, 0x6
core   0: 3 0x80009d6c (0x00006f17) x30 0x8000fd6c
core   0: 0x80009d70 (0x283f2a23) sw      gp, 660(t5)
core   0: 3 0x80009d70 (0x283f2a23) mem 0x80010000 0x00000001
core   0: 0x80009d74 (0xff9ff06f) j       pc - 0x8
core   0: 3 0x80009d74 (0xff9ff06f)
core   0: 0x80009d6c (0x00006f17) auipc   t5, 0x6
core   0: 3 0x80009d6c (0x00006f17) x30 0x8000fd6c
core   0: 0x80009d70 (0x283f2a23) sw      gp, 660(t5)
core   0: 3 0x80009d70 (0x283f2a23) mem 0x80010000 0x00000001
core   0: 0x80009d74 (0xff9ff06f) j       pc - 0x8
core   0: 3 0x80009d74 (0xff9ff06f)
core   0: 0x80009d6c (0x00006f17) auipc   t5, 0x6
core   0: 3 0x80009d6c (0x00006f17) x30 0x8000fd6c
core   0: 0x80009d70 (0x283f2a23) sw      gp, 660(t5)
core   0: 3 0x80009d70 (0x283f2a23) mem 0x80010000 0x00000001
core   0: 0x80009d74 (0xff9ff06f) j       pc - 0x8
core   0: 3 0x80009d74 (0xff9ff06f)
core   0: 0x80009d6c (0x00006f17) auipc   t5, 0x6
core   0: 3 0x80009d6c (0x00006f17) x30 0x8000fd6c
core   0: 0x80009d70 (0x283f2a23) sw      gp, 660(t5)
core   0: 3 0x80009d70 (0x283f2a23) mem 0x80010000 0x00000001
core   0: 0x80009d74 (0xff9ff06f) j       pc - 0x8
core   0: 3 0x80009d74 (0xff9ff06f)
core   0: 0x80009d6c (0x00006f17) auipc   t5, 0x6
core   0: 3 0x80009d6c (0x00006f17) x30 0x8000fd6c
core   0: 0x80009d70 (0x283f2a23) sw      gp, 660(t5)
core   0: 3 0x80009d70 (0x283f2a23) mem 0x80010000 0x00000001
core   0: 0x80009d74 (0xff9ff06f) j       pc - 0x8
core   0: 3 0x80009d74 (0xff9ff06f)
core   0: 0x80009d6c (0x00006f17) auipc   t5, 0x6
core   0: 3 0x80009d6c (0x00006f17) x30 0x8000fd6c
core   0: 0x80009d70 (0x283f2a23) sw      gp, 660(t5)
core   0: 3 0x80009d70 (0x283f2a23) mem 0x80010000 0x00000001
core   0: 0x80009d74 (0xff9ff06f) j       pc - 0x8
core   0: 3 0x80009d74 (0xff9ff06f)
core   0: 0x80009d6c (0x00006f17) auipc   t5, 0x6
core   0: 3 0x80009d6c (0x00006f17) x30 0x8000fd6c
core   0: 0x80009d70 (0x283f2a23) sw      gp, 660(t5)
core   0: 3 0x80009d70 (0x283f2a23) mem 0x80010000 0x00000001
core   0: 0x80009d74 (0xff9ff06f) j       pc - 0x8
core   0: 3 0x80009d74 (0xff9ff06f)
core   0: 0x80009d6c (0x00006f17) auipc   t5, 0x6
core   0: 3 0x80009d6c (0x00006f17) x30 0x8000fd6c
core   0: 0x80009d70 (0x283f2a23) sw      gp, 660(t5)
core   0: 3 0x80009d70 (0x283f2a23) mem 0x80010000 0x00000001
core   0: 0x80009d74 (0xff9ff06f) j       pc - 0x8
core   0: 3 0x80009d74 (0xff9ff06f)
core   0: 0x80009d6c (0x00006f17) auipc   t5, 0x6
core   0: 3 0x80009d6c (0x00006f17) x30 0x8000fd6c
core   0: 0x80009d70 (0x283f2a23) sw      gp, 660(t5)
core   0: 3 0x80009d70 (0x283f2a23) mem 0x80010000 0x00000001
core   0: 0x80009d74 (0xff9ff06f) j       pc - 0x8
core   0: 3 0x80009d74 (0xff9ff06f)
core   0: 0x80009d6c (0x00006f17) auipc   t5, 0x6
core   0: 3 0x80009d6c (0x00006f17) x30 0x8000fd6c
core   0: 0x80009d70 (0x283f2a23) sw      gp, 660(t5)
core   0: 3 0x80009d70 (0x283f2a23) mem 0x80010000 0x00000001
core   0: 0x80009d74 (0xff9ff06f) j       pc - 0x8
core   0: 3 0x80009d74 (0xff9ff06f)
core   0: 0x80009d6c (0x00006f17) auipc   t5, 0x6
core   0: 3 0x80009d6c (0x00006f17) x30 0x8000fd6c
core   0: 0x80009d70 (0x283f2a23) sw      gp, 660(t5)
core   0: 3 0x80009d70 (0x283f2a23) mem 0x80010000 0x00000001
core   0: 0x80009d74 (0xff9ff06f) j       pc - 0x8
core   0: 3 0x80009d74 (0xff9ff06f)
core   0: 0x80009d6c (0x00006f17) auipc   t5, 0x6
core   0: 3 0x80009d6c (0x00006f17) x30 0x8000fd6c
core   0: 0x80009d70 (0x283f2a23) sw      gp, 660(t5)
core   0: 3 0x80009d70 (0x283f2a23) mem 0x80010000 0x00000001
core   0: 0x80009d74 (0xff9ff06f) j       pc - 0x8
core   0: 3 0x80009d74 (0xff9ff06f)
core   0: 0x80009d6c (0x00006f17) auipc   t5, 0x6
core   0: 3 0x80009d6c (0x00006f17) x30 0x8000fd6c
core   0: 0x80009d70 (0x283f2a23) sw      gp, 660(t5)
core   0: 3 0x80009d70 (0x283f2a23) mem 0x80010000 0x00000001
core   0: 0x80009d74 (0xff9ff06f) j       pc - 0x8
core   0: 3 0x80009d74 (0xff9ff06f)
core   0: 0x80009d6c (0x00006f17) auipc   t5, 0x6
core   0: 3 0x80009d6c (0x00006f17) x30 0x8000fd6c
core   0: 0x80009d70 (0x283f2a23) sw      gp, 660(t5)
core   0: 3 0x80009d70 (0x283f2a23) mem 0x80010000 0x00000001
core   0: 0x80009d74 (0xff9ff06f) j       pc - 0x8
core   0: 3 0x80009d74 (0xff9ff06f)
core   0: 0x80009d6c (0x00006f17) auipc   t5, 0x6
core   0: 3 0x80009d6c (0x00006f17) x30 0x8000fd6c
core   0: 0x80009d70 (0x283f2a23) sw      gp, 660(t5)
core   0: 3 0x80009d70 (0x283f2a23) mem 0x80010000 0x00000001
core   0: 0x80009d74 (0xff9ff06f) j       pc - 0x8
core   0: 3 0x80009d74 (0xff9ff06f)
core   0: 0x80009d6c (0x00006f17) auipc   t5, 0x6
core   0: 3 0x80009d6c (0x00006f17) x30 0x8000fd6c
core   0: 0x80009d70 (0x283f2a23) sw      gp, 660(t5)
core   0: 3 0x80009d70 (0x283f2a23) mem 0x80010000 0x00000001
core   0: 0x80009d74 (0xff9ff06f) j       pc - 0x8
core   0: 3 0x80009d74 (0xff9ff06f)
core   0: 0x80009d6c (0x00006f17) auipc   t5, 0x6
core   0: 3 0x80009d6c (0x00006f17) x30 0x8000fd6c
core   0: 0x80009d70 (0x283f2a23) sw      gp, 660(t5)
core   0: 3 0x80009d70 (0x283f2a23) mem 0x80010000 0x00000001
core   0: 0x80009d74 (0xff9ff06f) j       pc - 0x8
core   0: 3 0x80009d74 (0xff9ff06f)
core   0: 0x80009d6c (0x00006f17) auipc   t5, 0x6
core   0: 3 0x80009d6c (0x00006f17) x30 0x8000fd6c
core   0: 0x80009d70 (0x283f2a23) sw      gp, 660(t5)
core   0: 3 0x80009d70 (0x283f2a23) mem 0x80010000 0x00000001
core   0: 0x80009d74 (0xff9ff06f) j       pc - 0x8
core   0: 3 0x80009d74 (0xff9ff06f)
core   0: 0x80009d6c (0x00006f17) auipc   t5, 0x6
core   0: 3 0x80009d6c (0x00006f17) x30 0x8000fd6c
core   0: 0x80009d70 (0x283f2a23) sw      gp, 660(t5)
core   0: 3 0x80009d70 (0x283f2a23) mem 0x80010000 0x00000001
core   0: 0x80009d74 (0xff9ff06f) j       pc - 0x8
core   0: 3 0x80009d74 (0xff9ff06f)
core   0: 0x80009d6c (0x00006f17) auipc   t5, 0x6
core   0: 3 0x80009d6c (0x00006f17) x30 0x8000fd6c
core   0: 0x80009d70 (0x283f2a23) sw      gp, 660(t5)
core   0: 3 0x80009d70 (0x283f2a23) mem 0x80010000 0x00000001
core   0: 0x80009d74 (0xff9ff06f) j       pc - 0x8
core   0: 3 0x80009d74 (0xff9ff06f)
core   0: 0x80009d6c (0x00006f17) auipc   t5, 0x6
core   0: 3 0x80009d6c (0x00006f17) x30 0x8000fd6c
core   0: 0x80009d70 (0x283f2a23) sw      gp, 660(t5)
core   0: 3 0x80009d70 (0x283f2a23) mem 0x80010000 0x00000001
core   0: 0x80009d74 (0xff9ff06f) j       pc - 0x8
core   0: 3 0x80009d74 (0xff9ff06f)
core   0: 0x80009d6c (0x00006f17) auipc   t5, 0x6
core   0: 3 0x80009d6c (0x00006f17) x30 0x8000fd6c
core   0: 0x80009d70 (0x283f2a23) sw      gp, 660(t5)
core   0: 3 0x80009d70 (0x283f2a23) mem 0x80010000 0x00000001
core   0: 0x80009d74 (0xff9ff06f) j       pc - 0x8
core   0: 3 0x80009d74 (0xff9ff06f)
core   0: 0x80009d6c (0x00006f17) auipc   t5, 0x6
core   0: 3 0x80009d6c (0x00006f17) x30 0x8000fd6c
core   0: 0x80009d70 (0x283f2a23) sw      gp, 660(t5)
core   0: 3 0x80009d70 (0x283f2a23) mem 0x80010000 0x00000001
core   0: 0x80009d74 (0xff9ff06f) j       pc - 0x8
core   0: 3 0x80009d74 (0xff9ff06f)
core   0: 0x80009d6c (0x00006f17) auipc   t5, 0x6
core   0: 3 0x80009d6c (0x00006f17) x30 0x8000fd6c
core   0: 0x80009d70 (0x283f2a23) sw      gp, 660(t5)
core   0: 3 0x80009d70 (0x283f2a23) mem 0x80010000 0x00000001
core   0: 0x80009d74 (0xff9ff06f) j       pc - 0x8
core   0: 3 0x80009d74 (0xff9ff06f)
core   0: 0x80009d6c (0x00006f17) auipc   t5, 0x6
core   0: 3 0x80009d6c (0x00006f17) x30 0x8000fd6c
core   0: 0x80009d70 (0x283f2a23) sw      gp, 660(t5)
core   0: 3 0x80009d70 (0x283f2a23) mem 0x80010000 0x00000001
core   0: 0x80009d74 (0xff9ff06f) j       pc - 0x8
core   0: 3 0x80009d74 (0xff9ff06f)
core   0: 0x80009d6c (0x00006f17) auipc   t5, 0x6
core   0: 3 0x80009d6c (0x00006f17) x30 0x8000fd6c
core   0: 0x80009d70 (0x283f2a23) sw      gp, 660(t5)
core   0: 3 0x80009d70 (0x283f2a23) mem 0x80010000 0x00000001
core   0: 0x80009d74 (0xff9ff06f) j       pc - 0x8
core   0: 3 0x80009d74 (0xff9ff06f)
core   0: 0x80009d6c (0x00006f17) auipc   t5, 0x6
core   0: 3 0x80009d6c (0x00006f17) x30 0x8000fd6c
core   0: 0x80009d70 (0x283f2a23) sw      gp, 660(t5)
core   0: 3 0x80009d70 (0x283f2a23) mem 0x80010000 0x00000001
core   0: 0x80009d74 (0xff9ff06f) j       pc - 0x8
core   0: 3 0x80009d74 (0xff9ff06f)
core   0: 0x80009d6c (0x00006f17) auipc   t5, 0x6
core   0: 3 0x80009d6c (0x00006f17) x30 0x8000fd6c
core   0: 0x80009d70 (0x283f2a23) sw      gp, 660(t5)
core   0: 3 0x80009d70 (0x283f2a23) mem 0x80010000 0x00000001
core   0: 0x80009d74 (0xff9ff06f) j       pc - 0x8
core   0: 3 0x80009d74 (0xff9ff06f)
core   0: 0x80009d6c (0x00006f17) auipc   t5, 0x6
core   0: 3 0x80009d6c (0x00006f17) x30 0x8000fd6c
core   0: 0x80009d70 (0x283f2a23) sw      gp, 660(t5)
core   0: 3 0x80009d70 (0x283f2a23) mem 0x80010000 0x00000001
core   0: 0x80009d74 (0xff9ff06f) j       pc - 0x8
core   0: 3 0x80009d74 (0xff9ff06f)
core   0: 0x80009d6c (0x00006f17) auipc   t5, 0x6
core   0: 3 0x80009d6c (0x00006f17) x30 0x8000fd6c
core   0: 0x80009d70 (0x283f2a23) sw      gp, 660(t5)
core   0: 3 0x80009d70 (0x283f2a23) mem 0x80010000 0x00000001
core   0: 0x80009d74 (0xff9ff06f) j       pc - 0x8
core   0: 3 0x80009d74 (0xff9ff06f)
core   0: 0x80009d6c (0x00006f17) auipc   t5, 0x6
core   0: 3 0x80009d6c (0x00006f17) x30 0x8000fd6c
core   0: 0x80009d70 (0x283f2a23) sw      gp, 660(t5)
core   0: 3 0x80009d70 (0x283f2a23) mem 0x80010000 0x00000001
core   0: 0x80009d74 (0xff9ff06f) j       pc - 0x8
core   0: 3 0x80009d74 (0xff9ff06f)
core   0: 0x80009d6c (0x00006f17) auipc   t5, 0x6
core   0: 3 0x80009d6c (0x00006f17) x30 0x8000fd6c
core   0: 0x80009d70 (0x283f2a23) sw      gp, 660(t5)
core   0: 3 0x80009d70 (0x283f2a23) mem 0x80010000 0x00000001
core   0: 0x80009d74 (0xff9ff06f) j       pc - 0x8
core   0: 3 0x80009d74 (0xff9ff06f)
core   0: 0x80009d6c (0x00006f17) auipc   t5, 0x6
core   0: 3 0x80009d6c (0x00006f17) x30 0x8000fd6c
core   0: 0x80009d70 (0x283f2a23) sw      gp, 660(t5)
core   0: 3 0x80009d70 (0x283f2a23) mem 0x80010000 0x00000001
core   0: 0x80009d74 (0xff9ff06f) j       pc - 0x8
core   0: 3 0x80009d74 (0xff9ff06f)
core   0: 0x80009d6c (0x00006f17) auipc   t5, 0x6
core   0: 3 0x80009d6c (0x00006f17) x30 0x8000fd6c
core   0: 0x80009d70 (0x283f2a23) sw      gp, 660(t5)
core   0: 3 0x80009d70 (0x283f2a23) mem 0x80010000 0x00000001
core   0: 0x80009d74 (0xff9ff06f) j       pc - 0x8
core   0: 3 0x80009d74 (0xff9ff06f)
core   0: 0x80009d6c (0x00006f17) auipc   t5, 0x6
core   0: 3 0x80009d6c (0x00006f17) x30 0x8000fd6c
core   0: 0x80009d70 (0x283f2a23) sw      gp, 660(t5)
core   0: 3 0x80009d70 (0x283f2a23) mem 0x80010000 0x00000001
core   0: 0x80009d74 (0xff9ff06f) j       pc - 0x8
core   0: 3 0x80009d74 (0xff9ff06f)
core   0: 0x80009d6c (0x00006f17) auipc   t5, 0x6
core   0: 3 0x80009d6c (0x00006f17) x30 0x8000fd6c
core   0: 0x80009d70 (0x283f2a23) sw      gp, 660(t5)
core   0: 3 0x80009d70 (0x283f2a23) mem 0x80010000 0x00000001
core   0: 0x80009d74 (0xff9ff06f) j       pc - 0x8
core   0: 3 0x80009d74 (0xff9ff06f)
core   0: 0x80009d6c (0x00006f17) auipc   t5, 0x6
core   0: 3 0x80009d6c (0x00006f17) x30 0x8000fd6c
core   0: 0x80009d70 (0x283f2a23) sw      gp, 660(t5)
core   0: 3 0x80009d70 (0x283f2a23) mem 0x80010000 0x00000001
core   0: 0x80009d74 (0xff9ff06f) j       pc - 0x8
core   0: 3 0x80009d74 (0xff9ff06f)
core   0: 0x80009d6c (0x00006f17) auipc   t5, 0x6
core   0: 3 0x80009d6c (0x00006f17) x30 0x8000fd6c
core   0: 0x80009d70 (0x283f2a23) sw      gp, 660(t5)
core   0: 3 0x80009d70 (0x283f2a23) mem 0x80010000 0x00000001
core   0: 0x80009d74 (0xff9ff06f) j       pc - 0x8
core   0: 3 0x80009d74 (0xff9ff06f)
core   0: 0x80009d6c (0x00006f17) auipc   t5, 0x6
core   0: 3 0x80009d6c (0x00006f17) x30 0x8000fd6c
core   0: 0x80009d70 (0x283f2a23) sw      gp, 660(t5)
core   0: 3 0x80009d70 (0x283f2a23) mem 0x80010000 0x00000001
core   0: 0x80009d74 (0xff9ff06f) j       pc - 0x8
core   0: 3 0x80009d74 (0xff9ff06f)
core   0: 0x80009d6c (0x00006f17) auipc   t5, 0x6
core   0: 3 0x80009d6c (0x00006f17) x30 0x8000fd6c
core   0: 0x80009d70 (0x283f2a23) sw      gp, 660(t5)
core   0: 3 0x80009d70 (0x283f2a23) mem 0x80010000 0x00000001
core   0: 0x80009d74 (0xff9ff06f) j       pc - 0x8
core   0: 3 0x80009d74 (0xff9ff06f)
core   0: 0x80009d6c (0x00006f17) auipc   t5, 0x6
core   0: 3 0x80009d6c (0x00006f17) x30 0x8000fd6c
core   0: 0x80009d70 (0x283f2a23) sw      gp, 660(t5)
core   0: 3 0x80009d70 (0x283f2a23) mem 0x80010000 0x00000001
core   0: 0x80009d74 (0xff9ff06f) j       pc - 0x8
core   0: 3 0x80009d74 (0xff9ff06f)
core   0: 0x80009d6c (0x00006f17) auipc   t5, 0x6
core   0: 3 0x80009d6c (0x00006f17) x30 0x8000fd6c
core   0: 0x80009d70 (0x283f2a23) sw      gp, 660(t5)
core   0: 3 0x80009d70 (0x283f2a23) mem 0x80010000 0x00000001
core   0: 0x80009d74 (0xff9ff06f) j       pc - 0x8
core   0: 3 0x80009d74 (0xff9ff06f)
core   0: 0x80009d6c (0x00006f17) auipc   t5, 0x6
core   0: 3 0x80009d6c (0x00006f17) x30 0x8000fd6c
core   0: 0x80009d70 (0x283f2a23) sw      gp, 660(t5)
core   0: 3 0x80009d70 (0x283f2a23) mem 0x80010000 0x00000001
core   0: 0x80009d74 (0xff9ff06f) j       pc - 0x8
core   0: 3 0x80009d74 (0xff9ff06f)
core   0: 0x80009d6c (0x00006f17) auipc   t5, 0x6
core   0: 3 0x80009d6c (0x00006f17) x30 0x8000fd6c
core   0: 0x80009d70 (0x283f2a23) sw      gp, 660(t5)
core   0: 3 0x80009d70 (0x283f2a23) mem 0x80010000 0x00000001
core   0: 0x80009d74 (0xff9ff06f) j       pc - 0x8
core   0: 3 0x80009d74 (0xff9ff06f)
core   0: 0x80009d6c (0x00006f17) auipc   t5, 0x6
core   0: 3 0x80009d6c (0x00006f17) x30 0x8000fd6c
core   0: 0x80009d70 (0x283f2a23) sw      gp, 660(t5)
core   0: 3 0x80009d70 (0x283f2a23) mem 0x80010000 0x00000001
core   0: 0x80009d74 (0xff9ff06f) j       pc - 0x8
core   0: 3 0x80009d74 (0xff9ff06f)
core   0: 0x80009d6c (0x00006f17) auipc   t5, 0x6
core   0: 3 0x80009d6c (0x00006f17) x30 0x8000fd6c
core   0: 0x80009d70 (0x283f2a23) sw      gp, 660(t5)
core   0: 3 0x80009d70 (0x283f2a23) mem 0x80010000 0x00000001
core   0: 0x80009d74 (0xff9ff06f) j       pc - 0x8
core   0: 3 0x80009d74 (0xff9ff06f)
core   0: 0x80009d6c (0x00006f17) auipc   t5, 0x6
core   0: 3 0x80009d6c (0x00006f17) x30 0x8000fd6c
core   0: 0x80009d70 (0x283f2a23) sw      gp, 660(t5)
core   0: 3 0x80009d70 (0x283f2a23) mem 0x80010000 0x00000001
core   0: 0x80009d74 (0xff9ff06f) j       pc - 0x8
core   0: 3 0x80009d74 (0xff9ff06f)
core   0: 0x80009d6c (0x00006f17) auipc   t5, 0x6
core   0: 3 0x80009d6c (0x00006f17) x30 0x8000fd6c
core   0: 0x80009d70 (0x283f2a23) sw      gp, 660(t5)
core   0: 3 0x80009d70 (0x283f2a23) mem 0x80010000 0x00000001
core   0: 0x80009d74 (0xff9ff06f) j       pc - 0x8
core   0: 3 0x80009d74 (0xff9ff06f)
core   0: 0x80009d6c (0x00006f17) auipc   t5, 0x6
core   0: 3 0x80009d6c (0x00006f17) x30 0x8000fd6c
core   0: 0x80009d70 (0x283f2a23) sw      gp, 660(t5)
core   0: 3 0x80009d70 (0x283f2a23) mem 0x80010000 0x00000001
core   0: 0x80009d74 (0xff9ff06f) j       pc - 0x8
core   0: 3 0x80009d74 (0xff9ff06f)
core   0: 0x80009d6c (0x00006f17) auipc   t5, 0x6
core   0: 3 0x80009d6c (0x00006f17) x30 0x8000fd6c
core   0: 0x80009d70 (0x283f2a23) sw      gp, 660(t5)
core   0: 3 0x80009d70 (0x283f2a23) mem 0x80010000 0x00000001
core   0: 0x80009d74 (0xff9ff06f) j       pc - 0x8
core   0: 3 0x80009d74 (0xff9ff06f)
core   0: 0x80009d6c (0x00006f17) auipc   t5, 0x6
core   0: 3 0x80009d6c (0x00006f17) x30 0x8000fd6c
core   0: 0x80009d70 (0x283f2a23) sw      gp, 660(t5)
core   0: 3 0x80009d70 (0x283f2a23) mem 0x80010000 0x00000001
core   0: 0x80009d74 (0xff9ff06f) j       pc - 0x8
core   0: 3 0x80009d74 (0xff9ff06f)
core   0: 0x80009d6c (0x00006f17) auipc   t5, 0x6
core   0: 3 0x80009d6c (0x00006f17) x30 0x8000fd6c
core   0: 0x80009d70 (0x283f2a23) sw      gp, 660(t5)
core   0: 3 0x80009d70 (0x283f2a23) mem 0x80010000 0x00000001
core   0: 0x80009d74 (0xff9ff06f) j       pc - 0x8
core   0: 3 0x80009d74 (0xff9ff06f)
core   0: 0x80009d6c (0x00006f17) auipc   t5, 0x6
core   0: 3 0x80009d6c (0x00006f17) x30 0x8000fd6c
core   0: 0x80009d70 (0x283f2a23) sw      gp, 660(t5)
core   0: 3 0x80009d70 (0x283f2a23) mem 0x80010000 0x00000001
core   0: 0x80009d74 (0xff9ff06f) j       pc - 0x8
core   0: 3 0x80009d74 (0xff9ff06f)
core   0: 0x80009d6c (0x00006f17) auipc   t5, 0x6
core   0: 3 0x80009d6c (0x00006f17) x30 0x8000fd6c
core   0: 0x80009d70 (0x283f2a23) sw      gp, 660(t5)
core   0: 3 0x80009d70 (0x283f2a23) mem 0x80010000 0x00000001
core   0: 0x80009d74 (0xff9ff06f) j       pc - 0x8
core   0: 3 0x80009d74 (0xff9ff06f)
core   0: 0x80009d6c (0x00006f17) auipc   t5, 0x6
core   0: 3 0x80009d6c (0x00006f17) x30 0x8000fd6c
core   0: 0x80009d70 (0x283f2a23) sw      gp, 660(t5)
core   0: 3 0x80009d70 (0x283f2a23) mem 0x80010000 0x00000001
core   0: 0x80009d74 (0xff9ff06f) j       pc - 0x8
core   0: 3 0x80009d74 (0xff9ff06f)
core   0: 0x80009d6c (0x00006f17) auipc   t5, 0x6
core   0: 3 0x80009d6c (0x00006f17) x30 0x8000fd6c
core   0: 0x80009d70 (0x283f2a23) sw      gp, 660(t5)
core   0: 3 0x80009d70 (0x283f2a23) mem 0x80010000 0x00000001
core   0: 0x80009d74 (0xff9ff06f) j       pc - 0x8
core   0: 3 0x80009d74 (0xff9ff06f)
core   0: 0x80009d6c (0x00006f17) auipc   t5, 0x6
core   0: 3 0x80009d6c (0x00006f17) x30 0x8000fd6c
core   0: 0x80009d70 (0x283f2a23) sw      gp, 660(t5)
core   0: 3 0x80009d70 (0x283f2a23) mem 0x80010000 0x00000001
core   0: 0x80009d74 (0xff9ff06f) j       pc - 0x8
core   0: 3 0x80009d74 (0xff9ff06f)
core   0: 0x80009d6c (0x00006f17) auipc   t5, 0x6
core   0: 3 0x80009d6c (0x00006f17) x30 0x8000fd6c
core   0: 0x80009d70 (0x283f2a23) sw      gp, 660(t5)
core   0: 3 0x80009d70 (0x283f2a23) mem 0x80010000 0x00000001
core   0: 0x80009d74 (0xff9ff06f) j       pc - 0x8
core   0: 3 0x80009d74 (0xff9ff06f)
core   0: 0x80009d6c (0x00006f17) auipc   t5, 0x6
core   0: 3 0x80009d6c (0x00006f17) x30 0x8000fd6c
core   0: 0x80009d70 (0x283f2a23) sw      gp, 660(t5)
core   0: 3 0x80009d70 (0x283f2a23) mem 0x80010000 0x00000001
core   0: 0x80009d74 (0xff9ff06f) j       pc - 0x8
core   0: 3 0x80009d74 (0xff9ff06f)
core   0: 0x80009d6c (0x00006f17) auipc   t5, 0x6
core   0: 3 0x80009d6c (0x00006f17) x30 0x8000fd6c
core   0: 0x80009d70 (0x283f2a23) sw      gp, 660(t5)
core   0: 3 0x80009d70 (0x283f2a23) mem 0x80010000 0x00000001
core   0: 0x80009d74 (0xff9ff06f) j       pc - 0x8
core   0: 3 0x80009d74 (0xff9ff06f)
core   0: 0x80009d6c (0x00006f17) auipc   t5, 0x6
core   0: 3 0x80009d6c (0x00006f17) x30 0x8000fd6c
core   0: 0x80009d70 (0x283f2a23) sw      gp, 660(t5)
core   0: 3 0x80009d70 (0x283f2a23) mem 0x80010000 0x00000001
core   0: 0x80009d74 (0xff9ff06f) j       pc - 0x8
core   0: 3 0x80009d74 (0xff9ff06f)
core   0: 0x80009d6c (0x00006f17) auipc   t5, 0x6
core   0: 3 0x80009d6c (0x00006f17) x30 0x8000fd6c
core   0: 0x80009d70 (0x283f2a23) sw      gp, 660(t5)
core   0: 3 0x80009d70 (0x283f2a23) mem 0x80010000 0x00000001
core   0: 0x80009d74 (0xff9ff06f) j       pc - 0x8
core   0: 3 0x80009d74 (0xff9ff06f)
core   0: 0x80009d6c (0x00006f17) auipc   t5, 0x6
core   0: 3 0x80009d6c (0x00006f17) x30 0x8000fd6c
core   0: 0x80009d70 (0x283f2a23) sw      gp, 660(t5)
core   0: 3 0x80009d70 (0x283f2a23) mem 0x80010000 0x00000001
core   0: 0x80009d74 (0xff9ff06f) j       pc - 0x8
core   0: 3 0x80009d74 (0xff9ff06f)
core   0: 0x80009d6c (0x00006f17) auipc   t5, 0x6
core   0: 3 0x80009d6c (0x00006f17) x30 0x8000fd6c
core   0: 0x80009d70 (0x283f2a23) sw      gp, 660(t5)
core   0: 3 0x80009d70 (0x283f2a23) mem 0x80010000 0x00000001
core   0: 0x80009d74 (0xff9ff06f) j       pc - 0x8
core   0: 3 0x80009d74 (0xff9ff06f)
core   0: 0x80009d6c (0x00006f17) auipc   t5, 0x6
core   0: 3 0x80009d6c (0x00006f17) x30 0x8000fd6c
core   0: 0x80009d70 (0x283f2a23) sw      gp, 660(t5)
core   0: 3 0x80009d70 (0x283f2a23) mem 0x80010000 0x00000001
core   0: 0x80009d74 (0xff9ff06f) j       pc - 0x8
core   0: 3 0x80009d74 (0xff9ff06f)
core   0: 0x80009d6c (0x00006f17) auipc   t5, 0x6
core   0: 3 0x80009d6c (0x00006f17) x30 0x8000fd6c
core   0: 0x80009d70 (0x283f2a23) sw      gp, 660(t5)
core   0: 3 0x80009d70 (0x283f2a23) mem 0x80010000 0x00000001
core   0: 0x80009d74 (0xff9ff06f) j       pc - 0x8
core   0: 3 0x80009d74 (0xff9ff06f)
core   0: 0x80009d6c (0x00006f17) auipc   t5, 0x6
core   0: 3 0x80009d6c (0x00006f17) x30 0x8000fd6c
core   0: 0x80009d70 (0x283f2a23) sw      gp, 660(t5)
core   0: 3 0x80009d70 (0x283f2a23) mem 0x80010000 0x00000001
core   0: 0x80009d74 (0xff9ff06f) j       pc - 0x8
core   0: 3 0x80009d74 (0xff9ff06f)
core   0: 0x80009d6c (0x00006f17) auipc   t5, 0x6
core   0: 3 0x80009d6c (0x00006f17) x30 0x8000fd6c
core   0: 0x80009d70 (0x283f2a23) sw      gp, 660(t5)
core   0: 3 0x80009d70 (0x283f2a23) mem 0x80010000 0x00000001
core   0: 0x80009d74 (0xff9ff06f) j       pc - 0x8
core   0: 3 0x80009d74 (0xff9ff06f)
core   0: 0x80009d6c (0x00006f17) auipc   t5, 0x6
core   0: 3 0x80009d6c (0x00006f17) x30 0x8000fd6c
core   0: 0x80009d70 (0x283f2a23) sw      gp, 660(t5)
core   0: 3 0x80009d70 (0x283f2a23) mem 0x80010000 0x00000001
core   0: 0x80009d74 (0xff9ff06f) j       pc - 0x8
core   0: 3 0x80009d74 (0xff9ff06f)
core   0: 0x80009d6c (0x00006f17) auipc   t5, 0x6
core   0: 3 0x80009d6c (0x00006f17) x30 0x8000fd6c
core   0: 0x80009d70 (0x283f2a23) sw      gp, 660(t5)
core   0: 3 0x80009d70 (0x283f2a23) mem 0x80010000 0x00000001
core   0: 0x80009d74 (0xff9ff06f) j       pc - 0x8
core   0: 3 0x80009d74 (0xff9ff06f)
core   0: 0x80009d6c (0x00006f17) auipc   t5, 0x6
core   0: 3 0x80009d6c (0x00006f17) x30 0x8000fd6c
core   0: 0x80009d70 (0x283f2a23) sw      gp, 660(t5)
core   0: 3 0x80009d70 (0x283f2a23) mem 0x80010000 0x00000001
core   0: 0x80009d74 (0xff9ff06f) j       pc - 0x8
core   0: 3 0x80009d74 (0xff9ff06f)
core   0: 0x80009d6c (0x00006f17) auipc   t5, 0x6
core   0: 3 0x80009d6c (0x00006f17) x30 0x8000fd6c
core   0: 0x80009d70 (0x283f2a23) sw      gp, 660(t5)
core   0: 3 0x80009d70 (0x283f2a23) mem 0x80010000 0x00000001
core   0: 0x80009d74 (0xff9ff06f) j       pc - 0x8
core   0: 3 0x80009d74 (0xff9ff06f)
core   0: 0x80009d6c (0x00006f17) auipc   t5, 0x6
core   0: 3 0x80009d6c (0x00006f17) x30 0x8000fd6c
core   0: 0x80009d70 (0x283f2a23) sw      gp, 660(t5)
core   0: 3 0x80009d70 (0x283f2a23) mem 0x80010000 0x00000001
core   0: 0x80009d74 (0xff9ff06f) j       pc - 0x8
core   0: 3 0x80009d74 (0xff9ff06f)
core   0: 0x80009d6c (0x00006f17) auipc   t5, 0x6
core   0: 3 0x80009d6c (0x00006f17) x30 0x8000fd6c
core   0: 0x80009d70 (0x283f2a23) sw      gp, 660(t5)
core   0: 3 0x80009d70 (0x283f2a23) mem 0x80010000 0x00000001
core   0: 0x80009d74 (0xff9ff06f) j       pc - 0x8
core   0: 3 0x80009d74 (0xff9ff06f)
core   0: 0x80009d6c (0x00006f17) auipc   t5, 0x6
core   0: 3 0x80009d6c (0x00006f17) x30 0x8000fd6c
core   0: 0x80009d70 (0x283f2a23) sw      gp, 660(t5)
core   0: 3 0x80009d70 (0x283f2a23) mem 0x80010000 0x00000001
core   0: 0x80009d74 (0xff9ff06f) j       pc - 0x8
core   0: 3 0x80009d74 (0xff9ff06f)
core   0: 0x80009d6c (0x00006f17) auipc   t5, 0x6
core   0: 3 0x80009d6c (0x00006f17) x30 0x8000fd6c
core   0: 0x80009d70 (0x283f2a23) sw      gp, 660(t5)
core   0: 3 0x80009d70 (0x283f2a23) mem 0x80010000 0x00000001
core   0: 0x80009d74 (0xff9ff06f) j       pc - 0x8
core   0: 3 0x80009d74 (0xff9ff06f)
core   0: 0x80009d6c (0x00006f17) auipc   t5, 0x6
core   0: 3 0x80009d6c (0x00006f17) x30 0x8000fd6c
core   0: 0x80009d70 (0x283f2a23) sw      gp, 660(t5)
core   0: 3 0x80009d70 (0x283f2a23) mem 0x80010000 0x00000001
core   0: 0x80009d74 (0xff9ff06f) j       pc - 0x8
core   0: 3 0x80009d74 (0xff9ff06f)
core   0: 0x80009d6c (0x00006f17) auipc   t5, 0x6
core   0: 3 0x80009d6c (0x00006f17) x30 0x8000fd6c
core   0: 0x80009d70 (0x283f2a23) sw      gp, 660(t5)
core   0: 3 0x80009d70 (0x283f2a23) mem 0x80010000 0x00000001
core   0: 0x80009d74 (0xff9ff06f) j       pc - 0x8
core   0: 3 0x80009d74 (0xff9ff06f)
core   0: 0x80009d6c (0x00006f17) auipc   t5, 0x6
core   0: 3 0x80009d6c (0x00006f17) x30 0x8000fd6c
core   0: 0x80009d70 (0x283f2a23) sw      gp, 660(t5)
core   0: 3 0x80009d70 (0x283f2a23) mem 0x80010000 0x00000001
core   0: 0x80009d74 (0xff9ff06f) j       pc - 0x8
core   0: 3 0x80009d74 (0xff9ff06f)
core   0: 0x80009d6c (0x00006f17) auipc   t5, 0x6
core   0: 3 0x80009d6c (0x00006f17) x30 0x8000fd6c
core   0: 0x80009d70 (0x283f2a23) sw      gp, 660(t5)
core   0: 3 0x80009d70 (0x283f2a23) mem 0x80010000 0x00000001
core   0: 0x80009d74 (0xff9ff06f) j       pc - 0x8
core   0: 3 0x80009d74 (0xff9ff06f)
core   0: 0x80009d6c (0x00006f17) auipc   t5, 0x6
core   0: 3 0x80009d6c (0x00006f17) x30 0x8000fd6c
core   0: 0x80009d70 (0x283f2a23) sw      gp, 660(t5)
core   0: 3 0x80009d70 (0x283f2a23) mem 0x80010000 0x00000001
core   0: 0x80009d74 (0xff9ff06f) j       pc - 0x8
core   0: 3 0x80009d74 (0xff9ff06f)
core   0: 0x80009d6c (0x00006f17) auipc   t5, 0x6
core   0: 3 0x80009d6c (0x00006f17) x30 0x8000fd6c
core   0: 0x80009d70 (0x283f2a23) sw      gp, 660(t5)
core   0: 3 0x80009d70 (0x283f2a23) mem 0x80010000 0x00000001
core   0: 0x80009d74 (0xff9ff06f) j       pc - 0x8
core   0: 3 0x80009d74 (0xff9ff06f)
core   0: 0x80009d6c (0x00006f17) auipc   t5, 0x6
core   0: 3 0x80009d6c (0x00006f17) x30 0x8000fd6c
core   0: 0x80009d70 (0x283f2a23) sw      gp, 660(t5)
core   0: 3 0x80009d70 (0x283f2a23) mem 0x80010000 0x00000001
core   0: 0x80009d74 (0xff9ff06f) j       pc - 0x8
core   0: 3 0x80009d74 (0xff9ff06f)
core   0: 0x80009d6c (0x00006f17) auipc   t5, 0x6
core   0: 3 0x80009d6c (0x00006f17) x30 0x8000fd6c
core   0: 0x80009d70 (0x283f2a23) sw      gp, 660(t5)
core   0: 3 0x80009d70 (0x283f2a23) mem 0x80010000 0x00000001
core   0: 0x80009d74 (0xff9ff06f) j       pc - 0x8
core   0: 3 0x80009d74 (0xff9ff06f)
core   0: 0x80009d6c (0x00006f17) auipc   t5, 0x6
core   0: 3 0x80009d6c (0x00006f17) x30 0x8000fd6c
core   0: 0x80009d70 (0x283f2a23) sw      gp, 660(t5)
core   0: 3 0x80009d70 (0x283f2a23) mem 0x80010000 0x00000001
core   0: 0x80009d74 (0xff9ff06f) j       pc - 0x8
core   0: 3 0x80009d74 (0xff9ff06f)
core   0: 0x80009d6c (0x00006f17) auipc   t5, 0x6
core   0: 3 0x80009d6c (0x00006f17) x30 0x8000fd6c
core   0: 0x80009d70 (0x283f2a23) sw      gp, 660(t5)
core   0: 3 0x80009d70 (0x283f2a23) mem 0x80010000 0x00000001
core   0: 0x80009d74 (0xff9ff06f) j       pc - 0x8
core   0: 3 0x80009d74 (0xff9ff06f)
core   0: 0x80009d6c (0x00006f17) auipc   t5, 0x6
core   0: 3 0x80009d6c (0x00006f17) x30 0x8000fd6c
core   0: 0x80009d70 (0x283f2a23) sw      gp, 660(t5)
core   0: 3 0x80009d70 (0x283f2a23) mem 0x80010000 0x00000001
core   0: 0x80009d74 (0xff9ff06f) j       pc - 0x8
core   0: 3 0x80009d74 (0xff9ff06f)
core   0: 0x80009d6c (0x00006f17) auipc   t5, 0x6
core   0: 3 0x80009d6c (0x00006f17) x30 0x8000fd6c
core   0: 0x80009d70 (0x283f2a23) sw      gp, 660(t5)
core   0: 3 0x80009d70 (0x283f2a23) mem 0x80010000 0x00000001
core   0: 0x80009d74 (0xff9ff06f) j       pc - 0x8
core   0: 3 0x80009d74 (0xff9ff06f)
core   0: 0x80009d6c (0x00006f17) auipc   t5, 0x6
core   0: 3 0x80009d6c (0x00006f17) x30 0x8000fd6c
core   0: 0x80009d70 (0x283f2a23) sw      gp, 660(t5)
core   0: 3 0x80009d70 (0x283f2a23) mem 0x80010000 0x00000001
core   0: 0x80009d74 (0xff9ff06f) j       pc - 0x8
core   0: 3 0x80009d74 (0xff9ff06f)
core   0: 0x80009d6c (0x00006f17) auipc   t5, 0x6
core   0: 3 0x80009d6c (0x00006f17) x30 0x8000fd6c
core   0: 0x80009d70 (0x283f2a23) sw      gp, 660(t5)
core   0: 3 0x80009d70 (0x283f2a23) mem 0x80010000 0x00000001
core   0: 0x80009d74 (0xff9ff06f) j       pc - 0x8
core   0: 3 0x80009d74 (0xff9ff06f)
core   0: 0x80009d6c (0x00006f17) auipc   t5, 0x6
core   0: 3 0x80009d6c (0x00006f17) x30 0x8000fd6c
core   0: 0x80009d70 (0x283f2a23) sw      gp, 660(t5)
core   0: 3 0x80009d70 (0x283f2a23) mem 0x80010000 0x00000001
core   0: 0x80009d74 (0xff9ff06f) j       pc - 0x8
core   0: 3 0x80009d74 (0xff9ff06f)
core   0: 0x80009d6c (0x00006f17) auipc   t5, 0x6
core   0: 3 0x80009d6c (0x00006f17) x30 0x8000fd6c
core   0: 0x80009d70 (0x283f2a23) sw      gp, 660(t5)
core   0: 3 0x80009d70 (0x283f2a23) mem 0x80010000 0x00000001
core   0: 0x80009d74 (0xff9ff06f) j       pc - 0x8
core   0: 3 0x80009d74 (0xff9ff06f)
core   0: 0x80009d6c (0x00006f17) auipc   t5, 0x6
core   0: 3 0x80009d6c (0x00006f17) x30 0x8000fd6c
core   0: 0x80009d70 (0x283f2a23) sw      gp, 660(t5)
core   0: 3 0x80009d70 (0x283f2a23) mem 0x80010000 0x00000001
core   0: 0x80009d74 (0xff9ff06f) j       pc - 0x8
core   0: 3 0x80009d74 (0xff9ff06f)
core   0: 0x80009d6c (0x00006f17) auipc   t5, 0x6
core   0: 3 0x80009d6c (0x00006f17) x30 0x8000fd6c
core   0: 0x80009d70 (0x283f2a23) sw      gp, 660(t5)
core   0: 3 0x80009d70 (0x283f2a23) mem 0x80010000 0x00000001
core   0: 0x80009d74 (0xff9ff06f) j       pc - 0x8
core   0: 3 0x80009d74 (0xff9ff06f)
core   0: 0x80009d6c (0x00006f17) auipc   t5, 0x6
core   0: 3 0x80009d6c (0x00006f17) x30 0x8000fd6c
core   0: 0x80009d70 (0x283f2a23) sw      gp, 660(t5)
core   0: 3 0x80009d70 (0x283f2a23) mem 0x80010000 0x00000001
core   0: 0x80009d74 (0xff9ff06f) j       pc - 0x8
core   0: 3 0x80009d74 (0xff9ff06f)
core   0: 0x80009d6c (0x00006f17) auipc   t5, 0x6
core   0: 3 0x80009d6c (0x00006f17) x30 0x8000fd6c
core   0: 0x80009d70 (0x283f2a23) sw      gp, 660(t5)
core   0: 3 0x80009d70 (0x283f2a23) mem 0x80010000 0x00000001
core   0: 0x80009d74 (0xff9ff06f) j       pc - 0x8
core   0: 3 0x80009d74 (0xff9ff06f)
core   0: 0x80009d6c (0x00006f17) auipc   t5, 0x6
core   0: 3 0x80009d6c (0x00006f17) x30 0x8000fd6c
core   0: 0x80009d70 (0x283f2a23) sw      gp, 660(t5)
core   0: 3 0x80009d70 (0x283f2a23) mem 0x80010000 0x00000001
core   0: 0x80009d74 (0xff9ff06f) j       pc - 0x8
core   0: 3 0x80009d74 (0xff9ff06f)
core   0: 0x80009d6c (0x00006f17) auipc   t5, 0x6
core   0: 3 0x80009d6c (0x00006f17) x30 0x8000fd6c
core   0: 0x80009d70 (0x283f2a23) sw      gp, 660(t5)
core   0: 3 0x80009d70 (0x283f2a23) mem 0x80010000 0x00000001
core   0: 0x80009d74 (0xff9ff06f) j       pc - 0x8
core   0: 3 0x80009d74 (0xff9ff06f)
core   0: 0x80009d6c (0x00006f17) auipc   t5, 0x6
core   0: 3 0x80009d6c (0x00006f17) x30 0x8000fd6c
core   0: 0x80009d70 (0x283f2a23) sw      gp, 660(t5)
core   0: 3 0x80009d70 (0x283f2a23) mem 0x80010000 0x00000001
core   0: 0x80009d74 (0xff9ff06f) j       pc - 0x8
core   0: 3 0x80009d74 (0xff9ff06f)
core   0: 0x80009d6c (0x00006f17) auipc   t5, 0x6
core   0: 3 0x80009d6c (0x00006f17) x30 0x8000fd6c
core   0: 0x80009d70 (0x283f2a23) sw      gp, 660(t5)
core   0: 3 0x80009d70 (0x283f2a23) mem 0x80010000 0x00000001
core   0: 0x80009d74 (0xff9ff06f) j       pc - 0x8
core   0: 3 0x80009d74 (0xff9ff06f)
core   0: 0x80009d6c (0x00006f17) auipc   t5, 0x6
core   0: 3 0x80009d6c (0x00006f17) x30 0x8000fd6c
core   0: 0x80009d70 (0x283f2a23) sw      gp, 660(t5)
core   0: 3 0x80009d70 (0x283f2a23) mem 0x80010000 0x00000001
core   0: 0x80009d74 (0xff9ff06f) j       pc - 0x8
core   0: 3 0x80009d74 (0xff9ff06f)
core   0: 0x80009d6c (0x00006f17) auipc   t5, 0x6
core   0: 3 0x80009d6c (0x00006f17) x30 0x8000fd6c
core   0: 0x80009d70 (0x283f2a23) sw      gp, 660(t5)
core   0: 3 0x80009d70 (0x283f2a23) mem 0x80010000 0x00000001
core   0: 0x80009d74 (0xff9ff06f) j       pc - 0x8
core   0: 3 0x80009d74 (0xff9ff06f)
core   0: 0x80009d6c (0x00006f17) auipc   t5, 0x6
core   0: 3 0x80009d6c (0x00006f17) x30 0x8000fd6c
core   0: 0x80009d70 (0x283f2a23) sw      gp, 660(t5)
core   0: 3 0x80009d70 (0x283f2a23) mem 0x80010000 0x00000001
core   0: 0x80009d74 (0xff9ff06f) j       pc - 0x8
core   0: 3 0x80009d74 (0xff9ff06f)
core   0: 0x80009d6c (0x00006f17) auipc   t5, 0x6
core   0: 3 0x80009d6c (0x00006f17) x30 0x8000fd6c
core   0: 0x80009d70 (0x283f2a23) sw      gp, 660(t5)
core   0: 3 0x80009d70 (0x283f2a23) mem 0x80010000 0x00000001
core   0: 0x80009d74 (0xff9ff06f) j       pc - 0x8
core   0: 3 0x80009d74 (0xff9ff06f)
core   0: 0x80009d6c (0x00006f17) auipc   t5, 0x6
core   0: 3 0x80009d6c (0x00006f17) x30 0x8000fd6c
core   0: 0x80009d70 (0x283f2a23) sw      gp, 660(t5)
core   0: 3 0x80009d70 (0x283f2a23) mem 0x80010000 0x00000001
core   0: 0x80009d74 (0xff9ff06f) j       pc - 0x8
core   0: 3 0x80009d74 (0xff9ff06f)
core   0: 0x80009d6c (0x00006f17) auipc   t5, 0x6
core   0: 3 0x80009d6c (0x00006f17) x30 0x8000fd6c
core   0: 0x80009d70 (0x283f2a23) sw      gp, 660(t5)
core   0: 3 0x80009d70 (0x283f2a23) mem 0x80010000 0x00000001
core   0: 0x80009d74 (0xff9ff06f) j       pc - 0x8
core   0: 3 0x80009d74 (0xff9ff06f)
core   0: 0x80009d6c (0x00006f17) auipc   t5, 0x6
core   0: 3 0x80009d6c (0x00006f17) x30 0x8000fd6c
core   0: 0x80009d70 (0x283f2a23) sw      gp, 660(t5)
core   0: 3 0x80009d70 (0x283f2a23) mem 0x80010000 0x00000001
core   0: 0x80009d74 (0xff9ff06f) j       pc - 0x8
core   0: 3 0x80009d74 (0xff9ff06f)
core   0: 0x80009d6c (0x00006f17) auipc   t5, 0x6
core   0: 3 0x80009d6c (0x00006f17) x30 0x8000fd6c
core   0: 0x80009d70 (0x283f2a23) sw      gp, 660(t5)
core   0: 3 0x80009d70 (0x283f2a23) mem 0x80010000 0x00000001
core   0: 0x80009d74 (0xff9ff06f) j       pc - 0x8
core   0: 3 0x80009d74 (0xff9ff06f)
core   0: 0x80009d6c (0x00006f17) auipc   t5, 0x6
core   0: 3 0x80009d6c (0x00006f17) x30 0x8000fd6c
core   0: 0x80009d70 (0x283f2a23) sw      gp, 660(t5)
core   0: 3 0x80009d70 (0x283f2a23) mem 0x80010000 0x00000001
core   0: 0x80009d74 (0xff9ff06f) j       pc - 0x8
core   0: 3 0x80009d74 (0xff9ff06f)
core   0: 0x80009d6c (0x00006f17) auipc   t5, 0x6
core   0: 3 0x80009d6c (0x00006f17) x30 0x8000fd6c
core   0: 0x80009d70 (0x283f2a23) sw      gp, 660(t5)
core   0: 3 0x80009d70 (0x283f2a23) mem 0x80010000 0x00000001
core   0: 0x80009d74 (0xff9ff06f) j       pc - 0x8
core   0: 3 0x80009d74 (0xff9ff06f)
core   0: 0x80009d6c (0x00006f17) auipc   t5, 0x6
core   0: 3 0x80009d6c (0x00006f17) x30 0x8000fd6c
core   0: 0x80009d70 (0x283f2a23) sw      gp, 660(t5)
core   0: 3 0x80009d70 (0x283f2a23) mem 0x80010000 0x00000001
core   0: 0x80009d74 (0xff9ff06f) j       pc - 0x8
core   0: 3 0x80009d74 (0xff9ff06f)
core   0: 0x80009d6c (0x00006f17) auipc   t5, 0x6
core   0: 3 0x80009d6c (0x00006f17) x30 0x8000fd6c
core   0: 0x80009d70 (0x283f2a23) sw      gp, 660(t5)
core   0: 3 0x80009d70 (0x283f2a23) mem 0x80010000 0x00000001
core   0: 0x80009d74 (0xff9ff06f) j       pc - 0x8
core   0: 3 0x80009d74 (0xff9ff06f)
core   0: 0x80009d6c (0x00006f17) auipc   t5, 0x6
core   0: 3 0x80009d6c (0x00006f17) x30 0x8000fd6c
core   0: 0x80009d70 (0x283f2a23) sw      gp, 660(t5)
core   0: 3 0x80009d70 (0x283f2a23) mem 0x80010000 0x00000001
core   0: 0x80009d74 (0xff9ff06f) j       pc - 0x8
core   0: 3 0x80009d74 (0xff9ff06f)
core   0: 0x80009d6c (0x00006f17) auipc   t5, 0x6
core   0: 3 0x80009d6c (0x00006f17) x30 0x8000fd6c
core   0: 0x80009d70 (0x283f2a23) sw      gp, 660(t5)
core   0: 3 0x80009d70 (0x283f2a23) mem 0x80010000 0x00000001
core   0: 0x80009d74 (0xff9ff06f) j       pc - 0x8
core   0: 3 0x80009d74 (0xff9ff06f)
core   0: 0x80009d6c (0x00006f17) auipc   t5, 0x6
core   0: 3 0x80009d6c (0x00006f17) x30 0x8000fd6c
core   0: 0x80009d70 (0x283f2a23) sw      gp, 660(t5)
core   0: 3 0x80009d70 (0x283f2a23) mem 0x80010000 0x00000001
core   0: 0x80009d74 (0xff9ff06f) j       pc - 0x8
core   0: 3 0x80009d74 (0xff9ff06f)
core   0: 0x80009d6c (0x00006f17) auipc   t5, 0x6
core   0: 3 0x80009d6c (0x00006f17) x30 0x8000fd6c
core   0: 0x80009d70 (0x283f2a23) sw      gp, 660(t5)
core   0: 3 0x80009d70 (0x283f2a23) mem 0x80010000 0x00000001
core   0: 0x80009d74 (0xff9ff06f) j       pc - 0x8
core   0: 3 0x80009d74 (0xff9ff06f)
core   0: 0x80009d6c (0x00006f17) auipc   t5, 0x6
core   0: 3 0x80009d6c (0x00006f17) x30 0x8000fd6c
core   0: 0x80009d70 (0x283f2a23) sw      gp, 660(t5)
core   0: 3 0x80009d70 (0x283f2a23) mem 0x80010000 0x00000001
core   0: 0x80009d74 (0xff9ff06f) j       pc - 0x8
core   0: 3 0x80009d74 (0xff9ff06f)
core   0: 0x80009d6c (0x00006f17) auipc   t5, 0x6
core   0: 3 0x80009d6c (0x00006f17) x30 0x8000fd6c
core   0: 0x80009d70 (0x283f2a23) sw      gp, 660(t5)
core   0: 3 0x80009d70 (0x283f2a23) mem 0x80010000 0x00000001
core   0: 0x80009d74 (0xff9ff06f) j       pc - 0x8
core   0: 3 0x80009d74 (0xff9ff06f)
core   0: 0x80009d6c (0x00006f17) auipc   t5, 0x6
core   0: 3 0x80009d6c (0x00006f17) x30 0x8000fd6c
core   0: 0x80009d70 (0x283f2a23) sw      gp, 660(t5)
core   0: 3 0x80009d70 (0x283f2a23) mem 0x80010000 0x00000001
core   0: 0x80009d74 (0xff9ff06f) j       pc - 0x8
core   0: 3 0x80009d74 (0xff9ff06f)
core   0: 0x80009d6c (0x00006f17) auipc   t5, 0x6
core   0: 3 0x80009d6c (0x00006f17) x30 0x8000fd6c
core   0: 0x80009d70 (0x283f2a23) sw      gp, 660(t5)
core   0: 3 0x80009d70 (0x283f2a23) mem 0x80010000 0x00000001
core   0: 0x80009d74 (0xff9ff06f) j       pc - 0x8
core   0: 3 0x80009d74 (0xff9ff06f)
core   0: 0x80009d6c (0x00006f17) auipc   t5, 0x6
core   0: 3 0x80009d6c (0x00006f17) x30 0x8000fd6c
core   0: 0x80009d70 (0x283f2a23) sw      gp, 660(t5)
core   0: 3 0x80009d70 (0x283f2a23) mem 0x80010000 0x00000001
core   0: 0x80009d74 (0xff9ff06f) j       pc - 0x8
core   0: 3 0x80009d74 (0xff9ff06f)
core   0: 0x80009d6c (0x00006f17) auipc   t5, 0x6
core   0: 3 0x80009d6c (0x00006f17) x30 0x8000fd6c
core   0: 0x80009d70 (0x283f2a23) sw      gp, 660(t5)
core   0: 3 0x80009d70 (0x283f2a23) mem 0x80010000 0x00000001
core   0: 0x80009d74 (0xff9ff06f) j       pc - 0x8
core   0: 3 0x80009d74 (0xff9ff06f)
core   0: 0x80009d6c (0x00006f17) auipc   t5, 0x6
core   0: 3 0x80009d6c (0x00006f17) x30 0x8000fd6c
core   0: 0x80009d70 (0x283f2a23) sw      gp, 660(t5)
core   0: 3 0x80009d70 (0x283f2a23) mem 0x80010000 0x00000001
core   0: 0x80009d74 (0xff9ff06f) j       pc - 0x8
core   0: 3 0x80009d74 (0xff9ff06f)
core   0: 0x80009d6c (0x00006f17) auipc   t5, 0x6
core   0: 3 0x80009d6c (0x00006f17) x30 0x8000fd6c
core   0: 0x80009d70 (0x283f2a23) sw      gp, 660(t5)
core   0: 3 0x80009d70 (0x283f2a23) mem 0x80010000 0x00000001
core   0: 0x80009d74 (0xff9ff06f) j       pc - 0x8
core   0: 3 0x80009d74 (0xff9ff06f)
core   0: 0x80009d6c (0x00006f17) auipc   t5, 0x6
core   0: 3 0x80009d6c (0x00006f17) x30 0x8000fd6c
core   0: 0x80009d70 (0x283f2a23) sw      gp, 660(t5)
core   0: 3 0x80009d70 (0x283f2a23) mem 0x80010000 0x00000001
core   0: 0x80009d74 (0xff9ff06f) j       pc - 0x8
core   0: 3 0x80009d74 (0xff9ff06f)
core   0: 0x80009d6c (0x00006f17) auipc   t5, 0x6
core   0: 3 0x80009d6c (0x00006f17) x30 0x8000fd6c
core   0: 0x80009d70 (0x283f2a23) sw      gp, 660(t5)
core   0: 3 0x80009d70 (0x283f2a23) mem 0x80010000 0x00000001
core   0: 0x80009d74 (0xff9ff06f) j       pc - 0x8
core   0: 3 0x80009d74 (0xff9ff06f)
core   0: 0x80009d6c (0x00006f17) auipc   t5, 0x6
core   0: 3 0x80009d6c (0x00006f17) x30 0x8000fd6c
core   0: 0x80009d70 (0x283f2a23) sw      gp, 660(t5)
core   0: 3 0x80009d70 (0x283f2a23) mem 0x80010000 0x00000001
core   0: 0x80009d74 (0xff9ff06f) j       pc - 0x8
core   0: 3 0x80009d74 (0xff9ff06f)
core   0: 0x80009d6c (0x00006f17) auipc   t5, 0x6
core   0: 3 0x80009d6c (0x00006f17) x30 0x8000fd6c
core   0: 0x80009d70 (0x283f2a23) sw      gp, 660(t5)
core   0: 3 0x80009d70 (0x283f2a23) mem 0x80010000 0x00000001
core   0: 0x80009d74 (0xff9ff06f) j       pc - 0x8
core   0: 3 0x80009d74 (0xff9ff06f)
core   0: 0x80009d6c (0x00006f17) auipc   t5, 0x6
core   0: 3 0x80009d6c (0x00006f17) x30 0x8000fd6c
core   0: 0x80009d70 (0x283f2a23) sw      gp, 660(t5)
core   0: 3 0x80009d70 (0x283f2a23) mem 0x80010000 0x00000001
core   0: 0x80009d74 (0xff9ff06f) j       pc - 0x8
core   0: 3 0x80009d74 (0xff9ff06f)
core   0: 0x80009d6c (0x00006f17) auipc   t5, 0x6
core   0: 3 0x80009d6c (0x00006f17) x30 0x8000fd6c
core   0: 0x80009d70 (0x283f2a23) sw      gp, 660(t5)
core   0: 3 0x80009d70 (0x283f2a23) mem 0x80010000 0x00000001
core   0: 0x80009d74 (0xff9ff06f) j       pc - 0x8
core   0: 3 0x80009d74 (0xff9ff06f)
core   0: 0x80009d6c (0x00006f17) auipc   t5, 0x6
core   0: 3 0x80009d6c (0x00006f17) x30 0x8000fd6c
core   0: 0x80009d70 (0x283f2a23) sw      gp, 660(t5)
core   0: 3 0x80009d70 (0x283f2a23) mem 0x80010000 0x00000001
core   0: 0x80009d74 (0xff9ff06f) j       pc - 0x8
core   0: 3 0x80009d74 (0xff9ff06f)
core   0: 0x80009d6c (0x00006f17) auipc   t5, 0x6
core   0: 3 0x80009d6c (0x00006f17) x30 0x8000fd6c
core   0: 0x80009d70 (0x283f2a23) sw      gp, 660(t5)
core   0: 3 0x80009d70 (0x283f2a23) mem 0x80010000 0x00000001
core   0: 0x80009d74 (0xff9ff06f) j       pc - 0x8
core   0: 3 0x80009d74 (0xff9ff06f)
core   0: 0x80009d6c (0x00006f17) auipc   t5, 0x6
core   0: 3 0x80009d6c (0x00006f17) x30 0x8000fd6c
core   0: 0x80009d70 (0x283f2a23) sw      gp, 660(t5)
core   0: 3 0x80009d70 (0x283f2a23) mem 0x80010000 0x00000001
core   0: 0x80009d74 (0xff9ff06f) j       pc - 0x8
core   0: 3 0x80009d74 (0xff9ff06f)
core   0: 0x80009d6c (0x00006f17) auipc   t5, 0x6
core   0: 3 0x80009d6c (0x00006f17) x30 0x8000fd6c
core   0: 0x80009d70 (0x283f2a23) sw      gp, 660(t5)
core   0: 3 0x80009d70 (0x283f2a23) mem 0x80010000 0x00000001
core   0: 0x80009d74 (0xff9ff06f) j       pc - 0x8
core   0: 3 0x80009d74 (0xff9ff06f)
core   0: 0x80009d6c (0x00006f17) auipc   t5, 0x6
core   0: 3 0x80009d6c (0x00006f17) x30 0x8000fd6c
core   0: 0x80009d70 (0x283f2a23) sw      gp, 660(t5)
core   0: 3 0x80009d70 (0x283f2a23) mem 0x80010000 0x00000001
core   0: 0x80009d74 (0xff9ff06f) j       pc - 0x8
core   0: 3 0x80009d74 (0xff9ff06f)
core   0: 0x80009d6c (0x00006f17) auipc   t5, 0x6
core   0: 3 0x80009d6c (0x00006f17) x30 0x8000fd6c
core   0: 0x80009d70 (0x283f2a23) sw      gp, 660(t5)
core   0: 3 0x80009d70 (0x283f2a23) mem 0x80010000 0x00000001
core   0: 0x80009d74 (0xff9ff06f) j       pc - 0x8
core   0: 3 0x80009d74 (0xff9ff06f)
core   0: 0x80009d6c (0x00006f17) auipc   t5, 0x6
core   0: 3 0x80009d6c (0x00006f17) x30 0x8000fd6c
core   0: 0x80009d70 (0x283f2a23) sw      gp, 660(t5)
core   0: 3 0x80009d70 (0x283f2a23) mem 0x80010000 0x00000001
core   0: 0x80009d74 (0xff9ff06f) j       pc - 0x8
core   0: 3 0x80009d74 (0xff9ff06f)
core   0: 0x80009d6c (0x00006f17) auipc   t5, 0x6
core   0: 3 0x80009d6c (0x00006f17) x30 0x8000fd6c
core   0: 0x80009d70 (0x283f2a23) sw      gp, 660(t5)
core   0: 3 0x80009d70 (0x283f2a23) mem 0x80010000 0x00000001
core   0: 0x80009d74 (0xff9ff06f) j       pc - 0x8
core   0: 3 0x80009d74 (0xff9ff06f)
core   0: 0x80009d6c (0x00006f17) auipc   t5, 0x6
core   0: 3 0x80009d6c (0x00006f17) x30 0x8000fd6c
core   0: 0x80009d70 (0x283f2a23) sw      gp, 660(t5)
core   0: 3 0x80009d70 (0x283f2a23) mem 0x80010000 0x00000001
core   0: 0x80009d74 (0xff9ff06f) j       pc - 0x8
core   0: 3 0x80009d74 (0xff9ff06f)
core   0: 0x80009d6c (0x00006f17) auipc   t5, 0x6
core   0: 3 0x80009d6c (0x00006f17) x30 0x8000fd6c
core   0: 0x80009d70 (0x283f2a23) sw      gp, 660(t5)
core   0: 3 0x80009d70 (0x283f2a23) mem 0x80010000 0x00000001
core   0: 0x80009d74 (0xff9ff06f) j       pc - 0x8
core   0: 3 0x80009d74 (0xff9ff06f)
core   0: 0x80009d6c (0x00006f17) auipc   t5, 0x6
core   0: 3 0x80009d6c (0x00006f17) x30 0x8000fd6c
core   0: 0x80009d70 (0x283f2a23) sw      gp, 660(t5)
core   0: 3 0x80009d70 (0x283f2a23) mem 0x80010000 0x00000001
core   0: 0x80009d74 (0xff9ff06f) j       pc - 0x8
core   0: 3 0x80009d74 (0xff9ff06f)
core   0: 0x80009d6c (0x00006f17) auipc   t5, 0x6
core   0: 3 0x80009d6c (0x00006f17) x30 0x8000fd6c
core   0: 0x80009d70 (0x283f2a23) sw      gp, 660(t5)
core   0: 3 0x80009d70 (0x283f2a23) mem 0x80010000 0x00000001
core   0: 0x80009d74 (0xff9ff06f) j       pc - 0x8
core   0: 3 0x80009d74 (0xff9ff06f)
core   0: 0x80009d6c (0x00006f17) auipc   t5, 0x6
core   0: 3 0x80009d6c (0x00006f17) x30 0x8000fd6c
core   0: 0x80009d70 (0x283f2a23) sw      gp, 660(t5)
core   0: 3 0x80009d70 (0x283f2a23) mem 0x80010000 0x00000001
core   0: 0x80009d74 (0xff9ff06f) j       pc - 0x8
core   0: 3 0x80009d74 (0xff9ff06f)
core   0: 0x80009d6c (0x00006f17) auipc   t5, 0x6
core   0: 3 0x80009d6c (0x00006f17) x30 0x8000fd6c
core   0: 0x80009d70 (0x283f2a23) sw      gp, 660(t5)
core   0: 3 0x80009d70 (0x283f2a23) mem 0x80010000 0x00000001
core   0: 0x80009d74 (0xff9ff06f) j       pc - 0x8
core   0: 3 0x80009d74 (0xff9ff06f)
core   0: 0x80009d6c (0x00006f17) auipc   t5, 0x6
core   0: 3 0x80009d6c (0x00006f17) x30 0x8000fd6c
core   0: 0x80009d70 (0x283f2a23) sw      gp, 660(t5)
core   0: 3 0x80009d70 (0x283f2a23) mem 0x80010000 0x00000001
core   0: 0x80009d74 (0xff9ff06f) j       pc - 0x8
core   0: 3 0x80009d74 (0xff9ff06f)
core   0: 0x80009d6c (0x00006f17) auipc   t5, 0x6
core   0: 3 0x80009d6c (0x00006f17) x30 0x8000fd6c
core   0: 0x80009d70 (0x283f2a23) sw      gp, 660(t5)
core   0: 3 0x80009d70 (0x283f2a23) mem 0x80010000 0x00000001
core   0: 0x80009d74 (0xff9ff06f) j       pc - 0x8
core   0: 3 0x80009d74 (0xff9ff06f)
core   0: 0x80009d6c (0x00006f17) auipc   t5, 0x6
core   0: 3 0x80009d6c (0x00006f17) x30 0x8000fd6c
core   0: 0x80009d70 (0x283f2a23) sw      gp, 660(t5)
core   0: 3 0x80009d70 (0x283f2a23) mem 0x80010000 0x00000001
core   0: 0x80009d74 (0xff9ff06f) j       pc - 0x8
core   0: 3 0x80009d74 (0xff9ff06f)
core   0: 0x80009d6c (0x00006f17) auipc   t5, 0x6
core   0: 3 0x80009d6c (0x00006f17) x30 0x8000fd6c
core   0: 0x80009d70 (0x283f2a23) sw      gp, 660(t5)
core   0: 3 0x80009d70 (0x283f2a23) mem 0x80010000 0x00000001
core   0: 0x80009d74 (0xff9ff06f) j       pc - 0x8
core   0: 3 0x80009d74 (0xff9ff06f)
core   0: 0x80009d6c (0x00006f17) auipc   t5, 0x6
core   0: 3 0x80009d6c (0x00006f17) x30 0x8000fd6c
core   0: 0x80009d70 (0x283f2a23) sw      gp, 660(t5)
core   0: 3 0x80009d70 (0x283f2a23) mem 0x80010000 0x00000001
core   0: 0x80009d74 (0xff9ff06f) j       pc - 0x8
core   0: 3 0x80009d74 (0xff9ff06f)
core   0: 0x80009d6c (0x00006f17) auipc   t5, 0x6
core   0: 3 0x80009d6c (0x00006f17) x30 0x8000fd6c
core   0: 0x80009d70 (0x283f2a23) sw      gp, 660(t5)
core   0: 3 0x80009d70 (0x283f2a23) mem 0x80010000 0x00000001
core   0: 0x80009d74 (0xff9ff06f) j       pc - 0x8
core   0: 3 0x80009d74 (0xff9ff06f)
core   0: 0x80009d6c (0x00006f17) auipc   t5, 0x6
core   0: 3 0x80009d6c (0x00006f17) x30 0x8000fd6c
core   0: 0x80009d70 (0x283f2a23) sw      gp, 660(t5)
core   0: 3 0x80009d70 (0x283f2a23) mem 0x80010000 0x00000001
core   0: 0x80009d74 (0xff9ff06f) j       pc - 0x8
core   0: 3 0x80009d74 (0xff9ff06f)
core   0: 0x80009d6c (0x00006f17) auipc   t5, 0x6
core   0: 3 0x80009d6c (0x00006f17) x30 0x8000fd6c
core   0: 0x80009d70 (0x283f2a23) sw      gp, 660(t5)
core   0: 3 0x80009d70 (0x283f2a23) mem 0x80010000 0x00000001
core   0: 0x80009d74 (0xff9ff06f) j       pc - 0x8
core   0: 3 0x80009d74 (0xff9ff06f)
core   0: 0x80009d6c (0x00006f17) auipc   t5, 0x6
core   0: 3 0x80009d6c (0x00006f17) x30 0x8000fd6c
core   0: 0x80009d70 (0x283f2a23) sw      gp, 660(t5)
core   0: 3 0x80009d70 (0x283f2a23) mem 0x80010000 0x00000001
core   0: 0x80009d74 (0xff9ff06f) j       pc - 0x8
core   0: 3 0x80009d74 (0xff9ff06f)
core   0: 0x80009d6c (0x00006f17) auipc   t5, 0x6
core   0: 3 0x80009d6c (0x00006f17) x30 0x8000fd6c
core   0: 0x80009d70 (0x283f2a23) sw      gp, 660(t5)
core   0: 3 0x80009d70 (0x283f2a23) mem 0x80010000 0x00000001
core   0: 0x80009d74 (0xff9ff06f) j       pc - 0x8
core   0: 3 0x80009d74 (0xff9ff06f)
core   0: 0x80009d6c (0x00006f17) auipc   t5, 0x6
core   0: 3 0x80009d6c (0x00006f17) x30 0x8000fd6c
core   0: 0x80009d70 (0x283f2a23) sw      gp, 660(t5)
core   0: 3 0x80009d70 (0x283f2a23) mem 0x80010000 0x00000001
core   0: 0x80009d74 (0xff9ff06f) j       pc - 0x8
core   0: 3 0x80009d74 (0xff9ff06f)
core   0: 0x80009d6c (0x00006f17) auipc   t5, 0x6
core   0: 3 0x80009d6c (0x00006f17) x30 0x8000fd6c
core   0: 0x80009d70 (0x283f2a23) sw      gp, 660(t5)
core   0: 3 0x80009d70 (0x283f2a23) mem 0x80010000 0x00000001
core   0: 0x80009d74 (0xff9ff06f) j       pc - 0x8
core   0: 3 0x80009d74 (0xff9ff06f)
core   0: 0x80009d6c (0x00006f17) auipc   t5, 0x6
core   0: 3 0x80009d6c (0x00006f17) x30 0x8000fd6c
core   0: 0x80009d70 (0x283f2a23) sw      gp, 660(t5)
core   0: 3 0x80009d70 (0x283f2a23) mem 0x80010000 0x00000001
core   0: 0x80009d74 (0xff9ff06f) j       pc - 0x8
core   0: 3 0x80009d74 (0xff9ff06f)
core   0: 0x80009d6c (0x00006f17) auipc   t5, 0x6
core   0: 3 0x80009d6c (0x00006f17) x30 0x8000fd6c
core   0: 0x80009d70 (0x283f2a23) sw      gp, 660(t5)
core   0: 3 0x80009d70 (0x283f2a23) mem 0x80010000 0x00000001
core   0: 0x80009d74 (0xff9ff06f) j       pc - 0x8
core   0: 3 0x80009d74 (0xff9ff06f)
core   0: 0x80009d6c (0x00006f17) auipc   t5, 0x6
core   0: 3 0x80009d6c (0x00006f17) x30 0x8000fd6c
core   0: 0x80009d70 (0x283f2a23) sw      gp, 660(t5)
core   0: 3 0x80009d70 (0x283f2a23) mem 0x80010000 0x00000001
core   0: 0x80009d74 (0xff9ff06f) j       pc - 0x8
core   0: 3 0x80009d74 (0xff9ff06f)
core   0: 0x80009d6c (0x00006f17) auipc   t5, 0x6
core   0: 3 0x80009d6c (0x00006f17) x30 0x8000fd6c
core   0: 0x80009d70 (0x283f2a23) sw      gp, 660(t5)
core   0: 3 0x80009d70 (0x283f2a23) mem 0x80010000 0x00000001
core   0: 0x80009d74 (0xff9ff06f) j       pc - 0x8
core   0: 3 0x80009d74 (0xff9ff06f)
core   0: 0x80009d6c (0x00006f17) auipc   t5, 0x6
core   0: 3 0x80009d6c (0x00006f17) x30 0x8000fd6c
core   0: 0x80009d70 (0x283f2a23) sw      gp, 660(t5)
core   0: 3 0x80009d70 (0x283f2a23) mem 0x80010000 0x00000001
core   0: 0x80009d74 (0xff9ff06f) j       pc - 0x8
core   0: 3 0x80009d74 (0xff9ff06f)
core   0: 0x80009d6c (0x00006f17) auipc   t5, 0x6
core   0: 3 0x80009d6c (0x00006f17) x30 0x8000fd6c
core   0: 0x80009d70 (0x283f2a23) sw      gp, 660(t5)
core   0: 3 0x80009d70 (0x283f2a23) mem 0x80010000 0x00000001
core   0: 0x80009d74 (0xff9ff06f) j       pc - 0x8
core   0: 3 0x80009d74 (0xff9ff06f)
core   0: 0x80009d6c (0x00006f17) auipc   t5, 0x6
core   0: 3 0x80009d6c (0x00006f17) x30 0x8000fd6c
core   0: 0x80009d70 (0x283f2a23) sw      gp, 660(t5)
core   0: 3 0x80009d70 (0x283f2a23) mem 0x80010000 0x00000001
core   0: 0x80009d74 (0xff9ff06f) j       pc - 0x8
core   0: 3 0x80009d74 (0xff9ff06f)
core   0: 0x80009d6c (0x00006f17) auipc   t5, 0x6
core   0: 3 0x80009d6c (0x00006f17) x30 0x8000fd6c
core   0: 0x80009d70 (0x283f2a23) sw      gp, 660(t5)
core   0: 3 0x80009d70 (0x283f2a23) mem 0x80010000 0x00000001
core   0: 0x80009d74 (0xff9ff06f) j       pc - 0x8
core   0: 3 0x80009d74 (0xff9ff06f)
core   0: 0x80009d6c (0x00006f17) auipc   t5, 0x6
core   0: 3 0x80009d6c (0x00006f17) x30 0x8000fd6c
core   0: 0x80009d70 (0x283f2a23) sw      gp, 660(t5)
core   0: 3 0x80009d70 (0x283f2a23) mem 0x80010000 0x00000001
core   0: 0x80009d74 (0xff9ff06f) j       pc - 0x8
core   0: 3 0x80009d74 (0xff9ff06f)
core   0: 0x80009d6c (0x00006f17) auipc   t5, 0x6
core   0: 3 0x80009d6c (0x00006f17) x30 0x8000fd6c
core   0: 0x80009d70 (0x283f2a23) sw      gp, 660(t5)
core   0: 3 0x80009d70 (0x283f2a23) mem 0x80010000 0x00000001
core   0: 0x80009d74 (0xff9ff06f) j       pc - 0x8
core   0: 3 0x80009d74 (0xff9ff06f)
core   0: 0x80009d6c (0x00006f17) auipc   t5, 0x6
core   0: 3 0x80009d6c (0x00006f17) x30 0x8000fd6c
core   0: 0x80009d70 (0x283f2a23) sw      gp, 660(t5)
core   0: 3 0x80009d70 (0x283f2a23) mem 0x80010000 0x00000001
core   0: 0x80009d74 (0xff9ff06f) j       pc - 0x8
core   0: 3 0x80009d74 (0xff9ff06f)
core   0: 0x80009d6c (0x00006f17) auipc   t5, 0x6
core   0: 3 0x80009d6c (0x00006f17) x30 0x8000fd6c
core   0: 0x80009d70 (0x283f2a23) sw      gp, 660(t5)
core   0: 3 0x80009d70 (0x283f2a23) mem 0x80010000 0x00000001
core   0: 0x80009d74 (0xff9ff06f) j       pc - 0x8
core   0: 3 0x80009d74 (0xff9ff06f)
core   0: 0x80009d6c (0x00006f17) auipc   t5, 0x6
core   0: 3 0x80009d6c (0x00006f17) x30 0x8000fd6c
core   0: 0x80009d70 (0x283f2a23) sw      gp, 660(t5)
core   0: 3 0x80009d70 (0x283f2a23) mem 0x80010000 0x00000001
core   0: 0x80009d74 (0xff9ff06f) j       pc - 0x8
core   0: 3 0x80009d74 (0xff9ff06f)
core   0: 0x80009d6c (0x00006f17) auipc   t5, 0x6
core   0: 3 0x80009d6c (0x00006f17) x30 0x8000fd6c
core   0: 0x80009d70 (0x283f2a23) sw      gp, 660(t5)
core   0: 3 0x80009d70 (0x283f2a23) mem 0x80010000 0x00000001
core   0: 0x80009d74 (0xff9ff06f) j       pc - 0x8
core   0: 3 0x80009d74 (0xff9ff06f)
core   0: 0x80009d6c (0x00006f17) auipc   t5, 0x6
core   0: 3 0x80009d6c (0x00006f17) x30 0x8000fd6c
core   0: 0x80009d70 (0x283f2a23) sw      gp, 660(t5)
core   0: 3 0x80009d70 (0x283f2a23) mem 0x80010000 0x00000001
core   0: 0x80009d74 (0xff9ff06f) j       pc - 0x8
core   0: 3 0x80009d74 (0xff9ff06f)
core   0: 0x80009d6c (0x00006f17) auipc   t5, 0x6
core   0: 3 0x80009d6c (0x00006f17) x30 0x8000fd6c
core   0: 0x80009d70 (0x283f2a23) sw      gp, 660(t5)
core   0: 3 0x80009d70 (0x283f2a23) mem 0x80010000 0x00000001
core   0: 0x80009d74 (0xff9ff06f) j       pc - 0x8
core   0: 3 0x80009d74 (0xff9ff06f)
core   0: 0x80009d6c (0x00006f17) auipc   t5, 0x6
core   0: 3 0x80009d6c (0x00006f17) x30 0x8000fd6c
core   0: 0x80009d70 (0x283f2a23) sw      gp, 660(t5)
core   0: 3 0x80009d70 (0x283f2a23) mem 0x80010000 0x00000001
core   0: 0x80009d74 (0xff9ff06f) j       pc - 0x8
core   0: 3 0x80009d74 (0xff9ff06f)
core   0: 0x80009d6c (0x00006f17) auipc   t5, 0x6
core   0: 3 0x80009d6c (0x00006f17) x30 0x8000fd6c
core   0: 0x80009d70 (0x283f2a23) sw      gp, 660(t5)
core   0: 3 0x80009d70 (0x283f2a23) mem 0x80010000 0x00000001
core   0: 0x80009d74 (0xff9ff06f) j       pc - 0x8
core   0: 3 0x80009d74 (0xff9ff06f)
core   0: 0x80009d6c (0x00006f17) auipc   t5, 0x6
core   0: 3 0x80009d6c (0x00006f17) x30 0x8000fd6c
core   0: 0x80009d70 (0x283f2a23) sw      gp, 660(t5)
core   0: 3 0x80009d70 (0x283f2a23) mem 0x80010000 0x00000001
core   0: 0x80009d74 (0xff9ff06f) j       pc - 0x8
core   0: 3 0x80009d74 (0xff9ff06f)
core   0: 0x80009d6c (0x00006f17) auipc   t5, 0x6
core   0: 3 0x80009d6c (0x00006f17) x30 0x8000fd6c
core   0: 0x80009d70 (0x283f2a23) sw      gp, 660(t5)
core   0: 3 0x80009d70 (0x283f2a23) mem 0x80010000 0x00000001
core   0: 0x80009d74 (0xff9ff06f) j       pc - 0x8
core   0: 3 0x80009d74 (0xff9ff06f)
core   0: 0x80009d6c (0x00006f17) auipc   t5, 0x6
core   0: 3 0x80009d6c (0x00006f17) x30 0x8000fd6c
core   0: 0x80009d70 (0x283f2a23) sw      gp, 660(t5)
core   0: 3 0x80009d70 (0x283f2a23) mem 0x80010000 0x00000001
core   0: 0x80009d74 (0xff9ff06f) j       pc - 0x8
core   0: 3 0x80009d74 (0xff9ff06f)
core   0: 0x80009d6c (0x00006f17) auipc   t5, 0x6
core   0: 3 0x80009d6c (0x00006f17) x30 0x8000fd6c
core   0: 0x80009d70 (0x283f2a23) sw      gp, 660(t5)
core   0: 3 0x80009d70 (0x283f2a23) mem 0x80010000 0x00000001
core   0: 0x80009d74 (0xff9ff06f) j       pc - 0x8
core   0: 3 0x80009d74 (0xff9ff06f)
core   0: 0x80009d6c (0x00006f17) auipc   t5, 0x6
core   0: 3 0x80009d6c (0x00006f17) x30 0x8000fd6c
core   0: 0x80009d70 (0x283f2a23) sw      gp, 660(t5)
core   0: 3 0x80009d70 (0x283f2a23) mem 0x80010000 0x00000001
core   0: 0x80009d74 (0xff9ff06f) j       pc - 0x8
core   0: 3 0x80009d74 (0xff9ff06f)
core   0: 0x80009d6c (0x00006f17) auipc   t5, 0x6
core   0: 3 0x80009d6c (0x00006f17) x30 0x8000fd6c
core   0: 0x80009d70 (0x283f2a23) sw      gp, 660(t5)
core   0: 3 0x80009d70 (0x283f2a23) mem 0x80010000 0x00000001
core   0: 0x80009d74 (0xff9ff06f) j       pc - 0x8
core   0: 3 0x80009d74 (0xff9ff06f)
core   0: 0x80009d6c (0x00006f17) auipc   t5, 0x6
core   0: 3 0x80009d6c (0x00006f17) x30 0x8000fd6c
core   0: 0x80009d70 (0x283f2a23) sw      gp, 660(t5)
core   0: 3 0x80009d70 (0x283f2a23) mem 0x80010000 0x00000001
core   0: 0x80009d74 (0xff9ff06f) j       pc - 0x8
core   0: 3 0x80009d74 (0xff9ff06f)
core   0: 0x80009d6c (0x00006f17) auipc   t5, 0x6
core   0: 3 0x80009d6c (0x00006f17) x30 0x8000fd6c
core   0: 0x80009d70 (0x283f2a23) sw      gp, 660(t5)
core   0: 3 0x80009d70 (0x283f2a23) mem 0x80010000 0x00000001
core   0: 0x80009d74 (0xff9ff06f) j       pc - 0x8
core   0: 3 0x80009d74 (0xff9ff06f)
core   0: 0x80009d6c (0x00006f17) auipc   t5, 0x6
core   0: 3 0x80009d6c (0x00006f17) x30 0x8000fd6c
core   0: 0x80009d70 (0x283f2a23) sw      gp, 660(t5)
core   0: 3 0x80009d70 (0x283f2a23) mem 0x80010000 0x00000001
core   0: 0x80009d74 (0xff9ff06f) j       pc - 0x8
core   0: 3 0x80009d74 (0xff9ff06f)
core   0: 0x80009d6c (0x00006f17) auipc   t5, 0x6
core   0: 3 0x80009d6c (0x00006f17) x30 0x8000fd6c
core   0: 0x80009d70 (0x283f2a23) sw      gp, 660(t5)
core   0: 3 0x80009d70 (0x283f2a23) mem 0x80010000 0x00000001
core   0: 0x80009d74 (0xff9ff06f) j       pc - 0x8
core   0: 3 0x80009d74 (0xff9ff06f)
core   0: 0x80009d6c (0x00006f17) auipc   t5, 0x6
core   0: 3 0x80009d6c (0x00006f17) x30 0x8000fd6c
core   0: 0x80009d70 (0x283f2a23) sw      gp, 660(t5)
core   0: 3 0x80009d70 (0x283f2a23) mem 0x80010000 0x00000001
core   0: 0x80009d74 (0xff9ff06f) j       pc - 0x8
core   0: 3 0x80009d74 (0xff9ff06f)
core   0: 0x80009d6c (0x00006f17) auipc   t5, 0x6
core   0: 3 0x80009d6c (0x00006f17) x30 0x8000fd6c
core   0: 0x80009d70 (0x283f2a23) sw      gp, 660(t5)
core   0: 3 0x80009d70 (0x283f2a23) mem 0x80010000 0x00000001
core   0: 0x80009d74 (0xff9ff06f) j       pc - 0x8
core   0: 3 0x80009d74 (0xff9ff06f)
core   0: 0x80009d6c (0x00006f17) auipc   t5, 0x6
core   0: 3 0x80009d6c (0x00006f17) x30 0x8000fd6c
core   0: 0x80009d70 (0x283f2a23) sw      gp, 660(t5)
core   0: 3 0x80009d70 (0x283f2a23) mem 0x80010000 0x00000001
core   0: 0x80009d74 (0xff9ff06f) j       pc - 0x8
core   0: 3 0x80009d74 (0xff9ff06f)
core   0: 0x80009d6c (0x00006f17) auipc   t5, 0x6
core   0: 3 0x80009d6c (0x00006f17) x30 0x8000fd6c
core   0: 0x80009d70 (0x283f2a23) sw      gp, 660(t5)
core   0: 3 0x80009d70 (0x283f2a23) mem 0x80010000 0x00000001
core   0: 0x80009d74 (0xff9ff06f) j       pc - 0x8
core   0: 3 0x80009d74 (0xff9ff06f)
core   0: 0x80009d6c (0x00006f17) auipc   t5, 0x6
core   0: 3 0x80009d6c (0x00006f17) x30 0x8000fd6c
core   0: 0x80009d70 (0x283f2a23) sw      gp, 660(t5)
core   0: 3 0x80009d70 (0x283f2a23) mem 0x80010000 0x00000001
core   0: 0x80009d74 (0xff9ff06f) j       pc - 0x8
core   0: 3 0x80009d74 (0xff9ff06f)
core   0: 0x80009d6c (0x00006f17) auipc   t5, 0x6
core   0: 3 0x80009d6c (0x00006f17) x30 0x8000fd6c
core   0: 0x80009d70 (0x283f2a23) sw      gp, 660(t5)
core   0: 3 0x80009d70 (0x283f2a23) mem 0x80010000 0x00000001
core   0: 0x80009d74 (0xff9ff06f) j       pc - 0x8
core   0: 3 0x80009d74 (0xff9ff06f)
core   0: 0x80009d6c (0x00006f17) auipc   t5, 0x6
core   0: 3 0x80009d6c (0x00006f17) x30 0x8000fd6c
core   0: 0x80009d70 (0x283f2a23) sw      gp, 660(t5)
core   0: 3 0x80009d70 (0x283f2a23) mem 0x80010000 0x00000001
core   0: 0x80009d74 (0xff9ff06f) j       pc - 0x8
core   0: 3 0x80009d74 (0xff9ff06f)
core   0: 0x80009d6c (0x00006f17) auipc   t5, 0x6
core   0: 3 0x80009d6c (0x00006f17) x30 0x8000fd6c
core   0: 0x80009d70 (0x283f2a23) sw      gp, 660(t5)
core   0: 3 0x80009d70 (0x283f2a23) mem 0x80010000 0x00000001
core   0: 0x80009d74 (0xff9ff06f) j       pc - 0x8
core   0: 3 0x80009d74 (0xff9ff06f)
core   0: 0x80009d6c (0x00006f17) auipc   t5, 0x6
core   0: 3 0x80009d6c (0x00006f17) x30 0x8000fd6c
core   0: 0x80009d70 (0x283f2a23) sw      gp, 660(t5)
core   0: 3 0x80009d70 (0x283f2a23) mem 0x80010000 0x00000001
core   0: 0x80009d74 (0xff9ff06f) j       pc - 0x8
core   0: 3 0x80009d74 (0xff9ff06f)
core   0: 0x80009d6c (0x00006f17) auipc   t5, 0x6
core   0: 3 0x80009d6c (0x00006f17) x30 0x8000fd6c
core   0: 0x80009d70 (0x283f2a23) sw      gp, 660(t5)
core   0: 3 0x80009d70 (0x283f2a23) mem 0x80010000 0x00000001
core   0: 0x80009d74 (0xff9ff06f) j       pc - 0x8
core   0: 3 0x80009d74 (0xff9ff06f)
core   0: 0x80009d6c (0x00006f17) auipc   t5, 0x6
core   0: 3 0x80009d6c (0x00006f17) x30 0x8000fd6c
core   0: 0x80009d70 (0x283f2a23) sw      gp, 660(t5)
core   0: 3 0x80009d70 (0x283f2a23) mem 0x80010000 0x00000001
core   0: 0x80009d74 (0xff9ff06f) j       pc - 0x8
core   0: 3 0x80009d74 (0xff9ff06f)
core   0: 0x80009d6c (0x00006f17) auipc   t5, 0x6
core   0: 3 0x80009d6c (0x00006f17) x30 0x8000fd6c
core   0: 0x80009d70 (0x283f2a23) sw      gp, 660(t5)
core   0: 3 0x80009d70 (0x283f2a23) mem 0x80010000 0x00000001
core   0: 0x80009d74 (0xff9ff06f) j       pc - 0x8
core   0: 3 0x80009d74 (0xff9ff06f)
core   0: 0x80009d6c (0x00006f17) auipc   t5, 0x6
core   0: 3 0x80009d6c (0x00006f17) x30 0x8000fd6c
core   0: 0x80009d70 (0x283f2a23) sw      gp, 660(t5)
core   0: 3 0x80009d70 (0x283f2a23) mem 0x80010000 0x00000001
core   0: 0x80009d74 (0xff9ff06f) j       pc - 0x8
core   0: 3 0x80009d74 (0xff9ff06f)
core   0: 0x80009d6c (0x00006f17) auipc   t5, 0x6
core   0: 3 0x80009d6c (0x00006f17) x30 0x8000fd6c
core   0: 0x80009d70 (0x283f2a23) sw      gp, 660(t5)
core   0: 3 0x80009d70 (0x283f2a23) mem 0x80010000 0x00000001
core   0: 0x80009d74 (0xff9ff06f) j       pc - 0x8
core   0: 3 0x80009d74 (0xff9ff06f)
core   0: 0x80009d6c (0x00006f17) auipc   t5, 0x6
core   0: 3 0x80009d6c (0x00006f17) x30 0x8000fd6c
core   0: 0x80009d70 (0x283f2a23) sw      gp, 660(t5)
core   0: 3 0x80009d70 (0x283f2a23) mem 0x80010000 0x00000001
core   0: 0x80009d74 (0xff9ff06f) j       pc - 0x8
core   0: 3 0x80009d74 (0xff9ff06f)
core   0: 0x80009d6c (0x00006f17) auipc   t5, 0x6
core   0: 3 0x80009d6c (0x00006f17) x30 0x8000fd6c
core   0: 0x80009d70 (0x283f2a23) sw      gp, 660(t5)
core   0: 3 0x80009d70 (0x283f2a23) mem 0x80010000 0x00000001
core   0: 0x80009d74 (0xff9ff06f) j       pc - 0x8
core   0: 3 0x80009d74 (0xff9ff06f)
core   0: 0x80009d6c (0x00006f17) auipc   t5, 0x6
core   0: 3 0x80009d6c (0x00006f17) x30 0x8000fd6c
core   0: 0x80009d70 (0x283f2a23) sw      gp, 660(t5)
core   0: 3 0x80009d70 (0x283f2a23) mem 0x80010000 0x00000001
core   0: 0x80009d74 (0xff9ff06f) j       pc - 0x8
core   0: 3 0x80009d74 (0xff9ff06f)
core   0: 0x80009d6c (0x00006f17) auipc   t5, 0x6
core   0: 3 0x80009d6c (0x00006f17) x30 0x8000fd6c
core   0: 0x80009d70 (0x283f2a23) sw      gp, 660(t5)
core   0: 3 0x80009d70 (0x283f2a23) mem 0x80010000 0x00000001
core   0: 0x80009d74 (0xff9ff06f) j       pc - 0x8
core   0: 3 0x80009d74 (0xff9ff06f)
core   0: 0x80009d6c (0x00006f17) auipc   t5, 0x6
core   0: 3 0x80009d6c (0x00006f17) x30 0x8000fd6c
core   0: 0x80009d70 (0x283f2a23) sw      gp, 660(t5)
core   0: 3 0x80009d70 (0x283f2a23) mem 0x80010000 0x00000001
core   0: 0x80009d74 (0xff9ff06f) j       pc - 0x8
core   0: 3 0x80009d74 (0xff9ff06f)
core   0: 0x80009d6c (0x00006f17) auipc   t5, 0x6
core   0: 3 0x80009d6c (0x00006f17) x30 0x8000fd6c
core   0: 0x80009d70 (0x283f2a23) sw      gp, 660(t5)
core   0: 3 0x80009d70 (0x283f2a23) mem 0x80010000 0x00000001
core   0: 0x80009d74 (0xff9ff06f) j       pc - 0x8
core   0: 3 0x80009d74 (0xff9ff06f)
core   0: 0x80009d6c (0x00006f17) auipc   t5, 0x6
core   0: 3 0x80009d6c (0x00006f17) x30 0x8000fd6c
core   0: 0x80009d70 (0x283f2a23) sw      gp, 660(t5)
core   0: 3 0x80009d70 (0x283f2a23) mem 0x80010000 0x00000001
core   0: 0x80009d74 (0xff9ff06f) j       pc - 0x8
core   0: 3 0x80009d74 (0xff9ff06f)
core   0: 0x80009d6c (0x00006f17) auipc   t5, 0x6
core   0: 3 0x80009d6c (0x00006f17) x30 0x8000fd6c
core   0: 0x80009d70 (0x283f2a23) sw      gp, 660(t5)
core   0: 3 0x80009d70 (0x283f2a23) mem 0x80010000 0x00000001
core   0: 0x80009d74 (0xff9ff06f) j       pc - 0x8
core   0: 3 0x80009d74 (0xff9ff06f)
core   0: 0x80009d6c (0x00006f17) auipc   t5, 0x6
core   0: 3 0x80009d6c (0x00006f17) x30 0x8000fd6c
core   0: 0x80009d70 (0x283f2a23) sw      gp, 660(t5)
core   0: 3 0x80009d70 (0x283f2a23) mem 0x80010000 0x00000001
core   0: 0x80009d74 (0xff9ff06f) j       pc - 0x8
core   0: 3 0x80009d74 (0xff9ff06f)
core   0: 0x80009d6c (0x00006f17) auipc   t5, 0x6
core   0: 3 0x80009d6c (0x00006f17) x30 0x8000fd6c
core   0: 0x80009d70 (0x283f2a23) sw      gp, 660(t5)
core   0: 3 0x80009d70 (0x283f2a23) mem 0x80010000 0x00000001
core   0: 0x80009d74 (0xff9ff06f) j       pc - 0x8
core   0: 3 0x80009d74 (0xff9ff06f)
core   0: 0x80009d6c (0x00006f17) auipc   t5, 0x6
core   0: 3 0x80009d6c (0x00006f17) x30 0x8000fd6c
core   0: 0x80009d70 (0x283f2a23) sw      gp, 660(t5)
core   0: 3 0x80009d70 (0x283f2a23) mem 0x80010000 0x00000001
core   0: 0x80009d74 (0xff9ff06f) j       pc - 0x8
core   0: 3 0x80009d74 (0xff9ff06f)
core   0: 0x80009d6c (0x00006f17) auipc   t5, 0x6
core   0: 3 0x80009d6c (0x00006f17) x30 0x8000fd6c
core   0: 0x80009d70 (0x283f2a23) sw      gp, 660(t5)
core   0: 3 0x80009d70 (0x283f2a23) mem 0x80010000 0x00000001
core   0: 0x80009d74 (0xff9ff06f) j       pc - 0x8
core   0: 3 0x80009d74 (0xff9ff06f)
core   0: 0x80009d6c (0x00006f17) auipc   t5, 0x6
core   0: 3 0x80009d6c (0x00006f17) x30 0x8000fd6c
core   0: 0x80009d70 (0x283f2a23) sw      gp, 660(t5)
core   0: 3 0x80009d70 (0x283f2a23) mem 0x80010000 0x00000001
core   0: 0x80009d74 (0xff9ff06f) j       pc - 0x8
core   0: 3 0x80009d74 (0xff9ff06f)
core   0: 0x80009d6c (0x00006f17) auipc   t5, 0x6
core   0: 3 0x80009d6c (0x00006f17) x30 0x8000fd6c
core   0: 0x80009d70 (0x283f2a23) sw      gp, 660(t5)
core   0: 3 0x80009d70 (0x283f2a23) mem 0x80010000 0x00000001
core   0: 0x80009d74 (0xff9ff06f) j       pc - 0x8
core   0: 3 0x80009d74 (0xff9ff06f)
core   0: 0x80009d6c (0x00006f17) auipc   t5, 0x6
core   0: 3 0x80009d6c (0x00006f17) x30 0x8000fd6c
core   0: 0x80009d70 (0x283f2a23) sw      gp, 660(t5)
core   0: 3 0x80009d70 (0x283f2a23) mem 0x80010000 0x00000001
core   0: 0x80009d74 (0xff9ff06f) j       pc - 0x8
core   0: 3 0x80009d74 (0xff9ff06f)
core   0: 0x80009d6c (0x00006f17) auipc   t5, 0x6
core   0: 3 0x80009d6c (0x00006f17) x30 0x8000fd6c
core   0: 0x80009d70 (0x283f2a23) sw      gp, 660(t5)
core   0: 3 0x80009d70 (0x283f2a23) mem 0x80010000 0x00000001
core   0: 0x80009d74 (0xff9ff06f) j       pc - 0x8
core   0: 3 0x80009d74 (0xff9ff06f)
core   0: 0x80009d6c (0x00006f17) auipc   t5, 0x6
core   0: 3 0x80009d6c (0x00006f17) x30 0x8000fd6c
core   0: 0x80009d70 (0x283f2a23) sw      gp, 660(t5)
core   0: 3 0x80009d70 (0x283f2a23) mem 0x80010000 0x00000001
core   0: 0x80009d74 (0xff9ff06f) j       pc - 0x8
core   0: 3 0x80009d74 (0xff9ff06f)
core   0: 0x80009d6c (0x00006f17) auipc   t5, 0x6
core   0: 3 0x80009d6c (0x00006f17) x30 0x8000fd6c
core   0: 0x80009d70 (0x283f2a23) sw      gp, 660(t5)
core   0: 3 0x80009d70 (0x283f2a23) mem 0x80010000 0x00000001
core   0: 0x80009d74 (0xff9ff06f) j       pc - 0x8
core   0: 3 0x80009d74 (0xff9ff06f)
core   0: 0x80009d6c (0x00006f17) auipc   t5, 0x6
core   0: 3 0x80009d6c (0x00006f17) x30 0x8000fd6c
core   0: 0x80009d70 (0x283f2a23) sw      gp, 660(t5)
core   0: 3 0x80009d70 (0x283f2a23) mem 0x80010000 0x00000001
core   0: 0x80009d74 (0xff9ff06f) j       pc - 0x8
core   0: 3 0x80009d74 (0xff9ff06f)
core   0: 0x80009d6c (0x00006f17) auipc   t5, 0x6
core   0: 3 0x80009d6c (0x00006f17) x30 0x8000fd6c
core   0: 0x80009d70 (0x283f2a23) sw      gp, 660(t5)
core   0: 3 0x80009d70 (0x283f2a23) mem 0x80010000 0x00000001
core   0: 0x80009d74 (0xff9ff06f) j       pc - 0x8
core   0: 3 0x80009d74 (0xff9ff06f)
core   0: 0x80009d6c (0x00006f17) auipc   t5, 0x6
core   0: 3 0x80009d6c (0x00006f17) x30 0x8000fd6c
core   0: 0x80009d70 (0x283f2a23) sw      gp, 660(t5)
core   0: 3 0x80009d70 (0x283f2a23) mem 0x80010000 0x00000001
core   0: 0x80009d74 (0xff9ff06f) j       pc - 0x8
core   0: 3 0x80009d74 (0xff9ff06f)
core   0: 0x80009d6c (0x00006f17) auipc   t5, 0x6
core   0: 3 0x80009d6c (0x00006f17) x30 0x8000fd6c
core   0: 0x80009d70 (0x283f2a23) sw      gp, 660(t5)
core   0: 3 0x80009d70 (0x283f2a23) mem 0x80010000 0x00000001
core   0: 0x80009d74 (0xff9ff06f) j       pc - 0x8
core   0: 3 0x80009d74 (0xff9ff06f)
core   0: 0x80009d6c (0x00006f17) auipc   t5, 0x6
core   0: 3 0x80009d6c (0x00006f17) x30 0x8000fd6c
core   0: 0x80009d70 (0x283f2a23) sw      gp, 660(t5)
core   0: 3 0x80009d70 (0x283f2a23) mem 0x80010000 0x00000001
core   0: 0x80009d74 (0xff9ff06f) j       pc - 0x8
core   0: 3 0x80009d74 (0xff9ff06f)
core   0: 0x80009d6c (0x00006f17) auipc   t5, 0x6
core   0: 3 0x80009d6c (0x00006f17) x30 0x8000fd6c
core   0: 0x80009d70 (0x283f2a23) sw      gp, 660(t5)
core   0: 3 0x80009d70 (0x283f2a23) mem 0x80010000 0x00000001
core   0: 0x80009d74 (0xff9ff06f) j       pc - 0x8
core   0: 3 0x80009d74 (0xff9ff06f)
core   0: 0x80009d6c (0x00006f17) auipc   t5, 0x6
core   0: 3 0x80009d6c (0x00006f17) x30 0x8000fd6c
core   0: 0x80009d70 (0x283f2a23) sw      gp, 660(t5)
core   0: 3 0x80009d70 (0x283f2a23) mem 0x80010000 0x00000001
core   0: 0x80009d74 (0xff9ff06f) j       pc - 0x8
core   0: 3 0x80009d74 (0xff9ff06f)
core   0: 0x80009d6c (0x00006f17) auipc   t5, 0x6
core   0: 3 0x80009d6c (0x00006f17) x30 0x8000fd6c
core   0: 0x80009d70 (0x283f2a23) sw      gp, 660(t5)
core   0: 3 0x80009d70 (0x283f2a23) mem 0x80010000 0x00000001
core   0: 0x80009d74 (0xff9ff06f) j       pc - 0x8
core   0: 3 0x80009d74 (0xff9ff06f)
core   0: 0x80009d6c (0x00006f17) auipc   t5, 0x6
core   0: 3 0x80009d6c (0x00006f17) x30 0x8000fd6c
core   0: 0x80009d70 (0x283f2a23) sw      gp, 660(t5)
core   0: 3 0x80009d70 (0x283f2a23) mem 0x80010000 0x00000001
core   0: 0x80009d74 (0xff9ff06f) j       pc - 0x8
core   0: 3 0x80009d74 (0xff9ff06f)
core   0: 0x80009d6c (0x00006f17) auipc   t5, 0x6
core   0: 3 0x80009d6c (0x00006f17) x30 0x8000fd6c
core   0: 0x80009d70 (0x283f2a23) sw      gp, 660(t5)
core   0: 3 0x80009d70 (0x283f2a23) mem 0x80010000 0x00000001
core   0: 0x80009d74 (0xff9ff06f) j       pc - 0x8
core   0: 3 0x80009d74 (0xff9ff06f)
core   0: 0x80009d6c (0x00006f17) auipc   t5, 0x6
core   0: 3 0x80009d6c (0x00006f17) x30 0x8000fd6c
core   0: 0x80009d70 (0x283f2a23) sw      gp, 660(t5)
core   0: 3 0x80009d70 (0x283f2a23) mem 0x80010000 0x00000001
core   0: 0x80009d74 (0xff9ff06f) j       pc - 0x8
core   0: 3 0x80009d74 (0xff9ff06f)
core   0: 0x80009d6c (0x00006f17) auipc   t5, 0x6
core   0: 3 0x80009d6c (0x00006f17) x30 0x8000fd6c
core   0: 0x80009d70 (0x283f2a23) sw      gp, 660(t5)
core   0: 3 0x80009d70 (0x283f2a23) mem 0x80010000 0x00000001
core   0: 0x80009d74 (0xff9ff06f) j       pc - 0x8
core   0: 3 0x80009d74 (0xff9ff06f)
core   0: 0x80009d6c (0x00006f17) auipc   t5, 0x6
core   0: 3 0x80009d6c (0x00006f17) x30 0x8000fd6c
core   0: 0x80009d70 (0x283f2a23) sw      gp, 660(t5)
core   0: 3 0x80009d70 (0x283f2a23) mem 0x80010000 0x00000001
core   0: 0x80009d74 (0xff9ff06f) j       pc - 0x8
core   0: 3 0x80009d74 (0xff9ff06f)
core   0: 0x80009d6c (0x00006f17) auipc   t5, 0x6
core   0: 3 0x80009d6c (0x00006f17) x30 0x8000fd6c
core   0: 0x80009d70 (0x283f2a23) sw      gp, 660(t5)
core   0: 3 0x80009d70 (0x283f2a23) mem 0x80010000 0x00000001
core   0: 0x80009d74 (0xff9ff06f) j       pc - 0x8
core   0: 3 0x80009d74 (0xff9ff06f)
core   0: 0x80009d6c (0x00006f17) auipc   t5, 0x6
core   0: 3 0x80009d6c (0x00006f17) x30 0x8000fd6c
core   0: 0x80009d70 (0x283f2a23) sw      gp, 660(t5)
core   0: 3 0x80009d70 (0x283f2a23) mem 0x80010000 0x00000001
core   0: 0x80009d74 (0xff9ff06f) j       pc - 0x8
core   0: 3 0x80009d74 (0xff9ff06f)
core   0: 0x80009d6c (0x00006f17) auipc   t5, 0x6
core   0: 3 0x80009d6c (0x00006f17) x30 0x8000fd6c
core   0: 0x80009d70 (0x283f2a23) sw      gp, 660(t5)
core   0: 3 0x80009d70 (0x283f2a23) mem 0x80010000 0x00000001
core   0: 0x80009d74 (0xff9ff06f) j       pc - 0x8
core   0: 3 0x80009d74 (0xff9ff06f)
core   0: 0x80009d6c (0x00006f17) auipc   t5, 0x6
core   0: 3 0x80009d6c (0x00006f17) x30 0x8000fd6c
core   0: 0x80009d70 (0x283f2a23) sw      gp, 660(t5)
core   0: 3 0x80009d70 (0x283f2a23) mem 0x80010000 0x00000001
core   0: 0x80009d74 (0xff9ff06f) j       pc - 0x8
core   0: 3 0x80009d74 (0xff9ff06f)
core   0: 0x80009d6c (0x00006f17) auipc   t5, 0x6
core   0: 3 0x80009d6c (0x00006f17) x30 0x8000fd6c
core   0: 0x80009d70 (0x283f2a23) sw      gp, 660(t5)
core   0: 3 0x80009d70 (0x283f2a23) mem 0x80010000 0x00000001
core   0: 0x80009d74 (0xff9ff06f) j       pc - 0x8
core   0: 3 0x80009d74 (0xff9ff06f)
core   0: 0x80009d6c (0x00006f17) auipc   t5, 0x6
core   0: 3 0x80009d6c (0x00006f17) x30 0x8000fd6c
core   0: 0x80009d70 (0x283f2a23) sw      gp, 660(t5)
core   0: 3 0x80009d70 (0x283f2a23) mem 0x80010000 0x00000001
core   0: 0x80009d74 (0xff9ff06f) j       pc - 0x8
core   0: 3 0x80009d74 (0xff9ff06f)
core   0: 0x80009d6c (0x00006f17) auipc   t5, 0x6
core   0: 3 0x80009d6c (0x00006f17) x30 0x8000fd6c
core   0: 0x80009d70 (0x283f2a23) sw      gp, 660(t5)
core   0: 3 0x80009d70 (0x283f2a23) mem 0x80010000 0x00000001
core   0: 0x80009d74 (0xff9ff06f) j       pc - 0x8
core   0: 3 0x80009d74 (0xff9ff06f)
core   0: 0x80009d6c (0x00006f17) auipc   t5, 0x6
core   0: 3 0x80009d6c (0x00006f17) x30 0x8000fd6c
core   0: 0x80009d70 (0x283f2a23) sw      gp, 660(t5)
core   0: 3 0x80009d70 (0x283f2a23) mem 0x80010000 0x00000001
core   0: 0x80009d74 (0xff9ff06f) j       pc - 0x8
core   0: 3 0x80009d74 (0xff9ff06f)
core   0: 0x80009d6c (0x00006f17) auipc   t5, 0x6
core   0: 3 0x80009d6c (0x00006f17) x30 0x8000fd6c
core   0: 0x80009d70 (0x283f2a23) sw      gp, 660(t5)
core   0: 3 0x80009d70 (0x283f2a23) mem 0x80010000 0x00000001
core   0: 0x80009d74 (0xff9ff06f) j       pc - 0x8
core   0: 3 0x80009d74 (0xff9ff06f)
core   0: 0x80009d6c (0x00006f17) auipc   t5, 0x6
core   0: 3 0x80009d6c (0x00006f17) x30 0x8000fd6c
core   0: 0x80009d70 (0x283f2a23) sw      gp, 660(t5)
core   0: 3 0x80009d70 (0x283f2a23) mem 0x80010000 0x00000001
core   0: 0x80009d74 (0xff9ff06f) j       pc - 0x8
core   0: 3 0x80009d74 (0xff9ff06f)
core   0: 0x80009d6c (0x00006f17) auipc   t5, 0x6
core   0: 3 0x80009d6c (0x00006f17) x30 0x8000fd6c
core   0: 0x80009d70 (0x283f2a23) sw      gp, 660(t5)
core   0: 3 0x80009d70 (0x283f2a23) mem 0x80010000 0x00000001
core   0: 0x80009d74 (0xff9ff06f) j       pc - 0x8
core   0: 3 0x80009d74 (0xff9ff06f)
core   0: 0x80009d6c (0x00006f17) auipc   t5, 0x6
core   0: 3 0x80009d6c (0x00006f17) x30 0x8000fd6c
core   0: 0x80009d70 (0x283f2a23) sw      gp, 660(t5)
core   0: 3 0x80009d70 (0x283f2a23) mem 0x80010000 0x00000001
core   0: 0x80009d74 (0xff9ff06f) j       pc - 0x8
core   0: 3 0x80009d74 (0xff9ff06f)
core   0: 0x80009d6c (0x00006f17) auipc   t5, 0x6
core   0: 3 0x80009d6c (0x00006f17) x30 0x8000fd6c
core   0: 0x80009d70 (0x283f2a23) sw      gp, 660(t5)
core   0: 3 0x80009d70 (0x283f2a23) mem 0x80010000 0x00000001
core   0: 0x80009d74 (0xff9ff06f) j       pc - 0x8
core   0: 3 0x80009d74 (0xff9ff06f)
core   0: 0x80009d6c (0x00006f17) auipc   t5, 0x6
core   0: 3 0x80009d6c (0x00006f17) x30 0x8000fd6c
core   0: 0x80009d70 (0x283f2a23) sw      gp, 660(t5)
core   0: 3 0x80009d70 (0x283f2a23) mem 0x80010000 0x00000001
core   0: 0x80009d74 (0xff9ff06f) j       pc - 0x8
core   0: 3 0x80009d74 (0xff9ff06f)
core   0: 0x80009d6c (0x00006f17) auipc   t5, 0x6
core   0: 3 0x80009d6c (0x00006f17) x30 0x8000fd6c
core   0: 0x80009d70 (0x283f2a23) sw      gp, 660(t5)
core   0: 3 0x80009d70 (0x283f2a23) mem 0x80010000 0x00000001
core   0: 0x80009d74 (0xff9ff06f) j       pc - 0x8
core   0: 3 0x80009d74 (0xff9ff06f)
core   0: 0x80009d6c (0x00006f17) auipc   t5, 0x6
core   0: 3 0x80009d6c (0x00006f17) x30 0x8000fd6c
core   0: 0x80009d70 (0x283f2a23) sw      gp, 660(t5)
core   0: 3 0x80009d70 (0x283f2a23) mem 0x80010000 0x00000001
core   0: 0x80009d74 (0xff9ff06f) j       pc - 0x8
core   0: 3 0x80009d74 (0xff9ff06f)
core   0: 0x80009d6c (0x00006f17) auipc   t5, 0x6
core   0: 3 0x80009d6c (0x00006f17) x30 0x8000fd6c
core   0: 0x80009d70 (0x283f2a23) sw      gp, 660(t5)
core   0: 3 0x80009d70 (0x283f2a23) mem 0x80010000 0x00000001
core   0: 0x80009d74 (0xff9ff06f) j       pc - 0x8
core   0: 3 0x80009d74 (0xff9ff06f)
core   0: 0x80009d6c (0x00006f17) auipc   t5, 0x6
core   0: 3 0x80009d6c (0x00006f17) x30 0x8000fd6c
core   0: 0x80009d70 (0x283f2a23) sw      gp, 660(t5)
core   0: 3 0x80009d70 (0x283f2a23) mem 0x80010000 0x00000001
core   0: 0x80009d74 (0xff9ff06f) j       pc - 0x8
core   0: 3 0x80009d74 (0xff9ff06f)
core   0: 0x80009d6c (0x00006f17) auipc   t5, 0x6
core   0: 3 0x80009d6c (0x00006f17) x30 0x8000fd6c
core   0: 0x80009d70 (0x283f2a23) sw      gp, 660(t5)
core   0: 3 0x80009d70 (0x283f2a23) mem 0x80010000 0x00000001
core   0: 0x80009d74 (0xff9ff06f) j       pc - 0x8
core   0: 3 0x80009d74 (0xff9ff06f)
core   0: 0x80009d6c (0x00006f17) auipc   t5, 0x6
core   0: 3 0x80009d6c (0x00006f17) x30 0x8000fd6c
core   0: 0x80009d70 (0x283f2a23) sw      gp, 660(t5)
core   0: 3 0x80009d70 (0x283f2a23) mem 0x80010000 0x00000001
core   0: 0x80009d74 (0xff9ff06f) j       pc - 0x8
core   0: 3 0x80009d74 (0xff9ff06f)
core   0: 0x80009d6c (0x00006f17) auipc   t5, 0x6
core   0: 3 0x80009d6c (0x00006f17) x30 0x8000fd6c
core   0: 0x80009d70 (0x283f2a23) sw      gp, 660(t5)
core   0: 3 0x80009d70 (0x283f2a23) mem 0x80010000 0x00000001
core   0: 0x80009d74 (0xff9ff06f) j       pc - 0x8
core   0: 3 0x80009d74 (0xff9ff06f)
core   0: 0x80009d6c (0x00006f17) auipc   t5, 0x6
core   0: 3 0x80009d6c (0x00006f17) x30 0x8000fd6c
core   0: 0x80009d70 (0x283f2a23) sw      gp, 660(t5)
core   0: 3 0x80009d70 (0x283f2a23) mem 0x80010000 0x00000001
core   0: 0x80009d74 (0xff9ff06f) j       pc - 0x8
core   0: 3 0x80009d74 (0xff9ff06f)
core   0: 0x80009d6c (0x00006f17) auipc   t5, 0x6
core   0: 3 0x80009d6c (0x00006f17) x30 0x8000fd6c
core   0: 0x80009d70 (0x283f2a23) sw      gp, 660(t5)
core   0: 3 0x80009d70 (0x283f2a23) mem 0x80010000 0x00000001
core   0: 0x80009d74 (0xff9ff06f) j       pc - 0x8
core   0: 3 0x80009d74 (0xff9ff06f)
core   0: 0x80009d6c (0x00006f17) auipc   t5, 0x6
core   0: 3 0x80009d6c (0x00006f17) x30 0x8000fd6c
core   0: 0x80009d70 (0x283f2a23) sw      gp, 660(t5)
core   0: 3 0x80009d70 (0x283f2a23) mem 0x80010000 0x00000001
core   0: 0x80009d74 (0xff9ff06f) j       pc - 0x8
core   0: 3 0x80009d74 (0xff9ff06f)
core   0: 0x80009d6c (0x00006f17) auipc   t5, 0x6
core   0: 3 0x80009d6c (0x00006f17) x30 0x8000fd6c
core   0: 0x80009d70 (0x283f2a23) sw      gp, 660(t5)
core   0: 3 0x80009d70 (0x283f2a23) mem 0x80010000 0x00000001
core   0: 0x80009d74 (0xff9ff06f) j       pc - 0x8
core   0: 3 0x80009d74 (0xff9ff06f)
core   0: 0x80009d6c (0x00006f17) auipc   t5, 0x6
core   0: 3 0x80009d6c (0x00006f17) x30 0x8000fd6c
core   0: 0x80009d70 (0x283f2a23) sw      gp, 660(t5)
core   0: 3 0x80009d70 (0x283f2a23) mem 0x80010000 0x00000001
core   0: 0x80009d74 (0xff9ff06f) j       pc - 0x8
core   0: 3 0x80009d74 (0xff9ff06f)
core   0: 0x80009d6c (0x00006f17) auipc   t5, 0x6
core   0: 3 0x80009d6c (0x00006f17) x30 0x8000fd6c
core   0: 0x80009d70 (0x283f2a23) sw      gp, 660(t5)
core   0: 3 0x80009d70 (0x283f2a23) mem 0x80010000 0x00000001
core   0: 0x80009d74 (0xff9ff06f) j       pc - 0x8
core   0: 3 0x80009d74 (0xff9ff06f)
core   0: 0x80009d6c (0x00006f17) auipc   t5, 0x6
core   0: 3 0x80009d6c (0x00006f17) x30 0x8000fd6c
core   0: 0x80009d70 (0x283f2a23) sw      gp, 660(t5)
core   0: 3 0x80009d70 (0x283f2a23) mem 0x80010000 0x00000001
core   0: 0x80009d74 (0xff9ff06f) j       pc - 0x8
core   0: 3 0x80009d74 (0xff9ff06f)
core   0: 0x80009d6c (0x00006f17) auipc   t5, 0x6
core   0: 3 0x80009d6c (0x00006f17) x30 0x8000fd6c
core   0: 0x80009d70 (0x283f2a23) sw      gp, 660(t5)
core   0: 3 0x80009d70 (0x283f2a23) mem 0x80010000 0x00000001
core   0: 0x80009d74 (0xff9ff06f) j       pc - 0x8
core   0: 3 0x80009d74 (0xff9ff06f)
core   0: 0x80009d6c (0x00006f17) auipc   t5, 0x6
core   0: 3 0x80009d6c (0x00006f17) x30 0x8000fd6c
core   0: 0x80009d70 (0x283f2a23) sw      gp, 660(t5)
core   0: 3 0x80009d70 (0x283f2a23) mem 0x80010000 0x00000001
core   0: 0x80009d74 (0xff9ff06f) j       pc - 0x8
core   0: 3 0x80009d74 (0xff9ff06f)
core   0: 0x80009d6c (0x00006f17) auipc   t5, 0x6
core   0: 3 0x80009d6c (0x00006f17) x30 0x8000fd6c
core   0: 0x80009d70 (0x283f2a23) sw      gp, 660(t5)
core   0: 3 0x80009d70 (0x283f2a23) mem 0x80010000 0x00000001
core   0: 0x80009d74 (0xff9ff06f) j       pc - 0x8
core   0: 3 0x80009d74 (0xff9ff06f)
core   0: 0x80009d6c (0x00006f17) auipc   t5, 0x6
core   0: 3 0x80009d6c (0x00006f17) x30 0x8000fd6c
core   0: 0x80009d70 (0x283f2a23) sw      gp, 660(t5)
core   0: 3 0x80009d70 (0x283f2a23) mem 0x80010000 0x00000001
core   0: 0x80009d74 (0xff9ff06f) j       pc - 0x8
core   0: 3 0x80009d74 (0xff9ff06f)
core   0: 0x80009d6c (0x00006f17) auipc   t5, 0x6
core   0: 3 0x80009d6c (0x00006f17) x30 0x8000fd6c
core   0: 0x80009d70 (0x283f2a23) sw      gp, 660(t5)
core   0: 3 0x80009d70 (0x283f2a23) mem 0x80010000 0x00000001
core   0: 0x80009d74 (0xff9ff06f) j       pc - 0x8
core   0: 3 0x80009d74 (0xff9ff06f)
core   0: 0x80009d6c (0x00006f17) auipc   t5, 0x6
core   0: 3 0x80009d6c (0x00006f17) x30 0x8000fd6c
core   0: 0x80009d70 (0x283f2a23) sw      gp, 660(t5)
core   0: 3 0x80009d70 (0x283f2a23) mem 0x80010000 0x00000001
core   0: 0x80009d74 (0xff9ff06f) j       pc - 0x8
core   0: 3 0x80009d74 (0xff9ff06f)
core   0: 0x80009d6c (0x00006f17) auipc   t5, 0x6
core   0: 3 0x80009d6c (0x00006f17) x30 0x8000fd6c
core   0: 0x80009d70 (0x283f2a23) sw      gp, 660(t5)
core   0: 3 0x80009d70 (0x283f2a23) mem 0x80010000 0x00000001
core   0: 0x80009d74 (0xff9ff06f) j       pc - 0x8
core   0: 3 0x80009d74 (0xff9ff06f)
core   0: 0x80009d6c (0x00006f17) auipc   t5, 0x6
core   0: 3 0x80009d6c (0x00006f17) x30 0x8000fd6c
core   0: 0x80009d70 (0x283f2a23) sw      gp, 660(t5)
core   0: 3 0x80009d70 (0x283f2a23) mem 0x80010000 0x00000001
core   0: 0x80009d74 (0xff9ff06f) j       pc - 0x8
core   0: 3 0x80009d74 (0xff9ff06f)
core   0: 0x80009d6c (0x00006f17) auipc   t5, 0x6
core   0: 3 0x80009d6c (0x00006f17) x30 0x8000fd6c
core   0: 0x80009d70 (0x283f2a23) sw      gp, 660(t5)
core   0: 3 0x80009d70 (0x283f2a23) mem 0x80010000 0x00000001
core   0: 0x80009d74 (0xff9ff06f) j       pc - 0x8
core   0: 3 0x80009d74 (0xff9ff06f)
core   0: 0x80009d6c (0x00006f17) auipc   t5, 0x6
core   0: 3 0x80009d6c (0x00006f17) x30 0x8000fd6c
core   0: 0x80009d70 (0x283f2a23) sw      gp, 660(t5)
core   0: 3 0x80009d70 (0x283f2a23) mem 0x80010000 0x00000001
core   0: 0x80009d74 (0xff9ff06f) j       pc - 0x8
core   0: 3 0x80009d74 (0xff9ff06f)
core   0: 0x80009d6c (0x00006f17) auipc   t5, 0x6
core   0: 3 0x80009d6c (0x00006f17) x30 0x8000fd6c
core   0: 0x80009d70 (0x283f2a23) sw      gp, 660(t5)
core   0: 3 0x80009d70 (0x283f2a23) mem 0x80010000 0x00000001
core   0: 0x80009d74 (0xff9ff06f) j       pc - 0x8
core   0: 3 0x80009d74 (0xff9ff06f)
core   0: 0x80009d6c (0x00006f17) auipc   t5, 0x6
core   0: 3 0x80009d6c (0x00006f17) x30 0x8000fd6c
core   0: 0x80009d70 (0x283f2a23) sw      gp, 660(t5)
core   0: 3 0x80009d70 (0x283f2a23) mem 0x80010000 0x00000001
core   0: 0x80009d74 (0xff9ff06f) j       pc - 0x8
core   0: 3 0x80009d74 (0xff9ff06f)
core   0: 0x80009d6c (0x00006f17) auipc   t5, 0x6
core   0: 3 0x80009d6c (0x00006f17) x30 0x8000fd6c
core   0: 0x80009d70 (0x283f2a23) sw      gp, 660(t5)
core   0: 3 0x80009d70 (0x283f2a23) mem 0x80010000 0x00000001
core   0: 0x80009d74 (0xff9ff06f) j       pc - 0x8
core   0: 3 0x80009d74 (0xff9ff06f)
core   0: 0x80009d6c (0x00006f17) auipc   t5, 0x6
core   0: 3 0x80009d6c (0x00006f17) x30 0x8000fd6c
core   0: 0x80009d70 (0x283f2a23) sw      gp, 660(t5)
core   0: 3 0x80009d70 (0x283f2a23) mem 0x80010000 0x00000001
core   0: 0x80009d74 (0xff9ff06f) j       pc - 0x8
core   0: 3 0x80009d74 (0xff9ff06f)
core   0: 0x80009d6c (0x00006f17) auipc   t5, 0x6
core   0: 3 0x80009d6c (0x00006f17) x30 0x8000fd6c
core   0: 0x80009d70 (0x283f2a23) sw      gp, 660(t5)
core   0: 3 0x80009d70 (0x283f2a23) mem 0x80010000 0x00000001
core   0: 0x80009d74 (0xff9ff06f) j       pc - 0x8
core   0: 3 0x80009d74 (0xff9ff06f)
core   0: 0x80009d6c (0x00006f17) auipc   t5, 0x6
core   0: 3 0x80009d6c (0x00006f17) x30 0x8000fd6c
core   0: 0x80009d70 (0x283f2a23) sw      gp, 660(t5)
core   0: 3 0x80009d70 (0x283f2a23) mem 0x80010000 0x00000001
core   0: 0x80009d74 (0xff9ff06f) j       pc - 0x8
core   0: 3 0x80009d74 (0xff9ff06f)
core   0: 0x80009d6c (0x00006f17) auipc   t5, 0x6
core   0: 3 0x80009d6c (0x00006f17) x30 0x8000fd6c
core   0: 0x80009d70 (0x283f2a23) sw      gp, 660(t5)
core   0: 3 0x80009d70 (0x283f2a23) mem 0x80010000 0x00000001
core   0: 0x80009d74 (0xff9ff06f) j       pc - 0x8
core   0: 3 0x80009d74 (0xff9ff06f)
core   0: 0x80009d6c (0x00006f17) auipc   t5, 0x6
core   0: 3 0x80009d6c (0x00006f17) x30 0x8000fd6c
core   0: 0x80009d70 (0x283f2a23) sw      gp, 660(t5)
core   0: 3 0x80009d70 (0x283f2a23) mem 0x80010000 0x00000001
core   0: 0x80009d74 (0xff9ff06f) j       pc - 0x8
core   0: 3 0x80009d74 (0xff9ff06f)
core   0: 0x80009d6c (0x00006f17) auipc   t5, 0x6
core   0: 3 0x80009d6c (0x00006f17) x30 0x8000fd6c
core   0: 0x80009d70 (0x283f2a23) sw      gp, 660(t5)
core   0: 3 0x80009d70 (0x283f2a23) mem 0x80010000 0x00000001
core   0: 0x80009d74 (0xff9ff06f) j       pc - 0x8
core   0: 3 0x80009d74 (0xff9ff06f)
core   0: 0x80009d6c (0x00006f17) auipc   t5, 0x6
core   0: 3 0x80009d6c (0x00006f17) x30 0x8000fd6c
core   0: 0x80009d70 (0x283f2a23) sw      gp, 660(t5)
core   0: 3 0x80009d70 (0x283f2a23) mem 0x80010000 0x00000001
core   0: 0x80009d74 (0xff9ff06f) j       pc - 0x8
core   0: 3 0x80009d74 (0xff9ff06f)
core   0: 0x80009d6c (0x00006f17) auipc   t5, 0x6
core   0: 3 0x80009d6c (0x00006f17) x30 0x8000fd6c
core   0: 0x80009d70 (0x283f2a23) sw      gp, 660(t5)
core   0: 3 0x80009d70 (0x283f2a23) mem 0x80010000 0x00000001
core   0: 0x80009d74 (0xff9ff06f) j       pc - 0x8
core   0: 3 0x80009d74 (0xff9ff06f)
core   0: 0x80009d6c (0x00006f17) auipc   t5, 0x6
core   0: 3 0x80009d6c (0x00006f17) x30 0x8000fd6c
core   0: 0x80009d70 (0x283f2a23) sw      gp, 660(t5)
core   0: 3 0x80009d70 (0x283f2a23) mem 0x80010000 0x00000001
core   0: 0x80009d74 (0xff9ff06f) j       pc - 0x8
core   0: 3 0x80009d74 (0xff9ff06f)
core   0: 0x80009d6c (0x00006f17) auipc   t5, 0x6
core   0: 3 0x80009d6c (0x00006f17) x30 0x8000fd6c
core   0: 0x80009d70 (0x283f2a23) sw      gp, 660(t5)
core   0: 3 0x80009d70 (0x283f2a23) mem 0x80010000 0x00000001
core   0: 0x80009d74 (0xff9ff06f) j       pc - 0x8
core   0: 3 0x80009d74 (0xff9ff06f)
core   0: 0x80009d6c (0x00006f17) auipc   t5, 0x6
core   0: 3 0x80009d6c (0x00006f17) x30 0x8000fd6c
core   0: 0x80009d70 (0x283f2a23) sw      gp, 660(t5)
core   0: 3 0x80009d70 (0x283f2a23) mem 0x80010000 0x00000001
core   0: 0x80009d74 (0xff9ff06f) j       pc - 0x8
core   0: 3 0x80009d74 (0xff9ff06f)
core   0: 0x80009d6c (0x00006f17) auipc   t5, 0x6
core   0: 3 0x80009d6c (0x00006f17) x30 0x8000fd6c
core   0: 0x80009d70 (0x283f2a23) sw      gp, 660(t5)
core   0: 3 0x80009d70 (0x283f2a23) mem 0x80010000 0x00000001
core   0: 0x80009d74 (0xff9ff06f) j       pc - 0x8
core   0: 3 0x80009d74 (0xff9ff06f)
core   0: 0x80009d6c (0x00006f17) auipc   t5, 0x6
core   0: 3 0x80009d6c (0x00006f17) x30 0x8000fd6c
core   0: 0x80009d70 (0x283f2a23) sw      gp, 660(t5)
core   0: 3 0x80009d70 (0x283f2a23) mem 0x80010000 0x00000001
core   0: 0x80009d74 (0xff9ff06f) j       pc - 0x8
core   0: 3 0x80009d74 (0xff9ff06f)
core   0: 0x80009d6c (0x00006f17) auipc   t5, 0x6
core   0: 3 0x80009d6c (0x00006f17) x30 0x8000fd6c
core   0: 0x80009d70 (0x283f2a23) sw      gp, 660(t5)
core   0: 3 0x80009d70 (0x283f2a23) mem 0x80010000 0x00000001
core   0: 0x80009d74 (0xff9ff06f) j       pc - 0x8
core   0: 3 0x80009d74 (0xff9ff06f)
core   0: 0x80009d6c (0x00006f17) auipc   t5, 0x6
core   0: 3 0x80009d6c (0x00006f17) x30 0x8000fd6c
core   0: 0x80009d70 (0x283f2a23) sw      gp, 660(t5)
core   0: 3 0x80009d70 (0x283f2a23) mem 0x80010000 0x00000001
core   0: 0x80009d74 (0xff9ff06f) j       pc - 0x8
core   0: 3 0x80009d74 (0xff9ff06f)
core   0: 0x80009d6c (0x00006f17) auipc   t5, 0x6
core   0: 3 0x80009d6c (0x00006f17) x30 0x8000fd6c
core   0: 0x80009d70 (0x283f2a23) sw      gp, 660(t5)
core   0: 3 0x80009d70 (0x283f2a23) mem 0x80010000 0x00000001
core   0: 0x80009d74 (0xff9ff06f) j       pc - 0x8
core   0: 3 0x80009d74 (0xff9ff06f)
core   0: 0x80009d6c (0x00006f17) auipc   t5, 0x6
core   0: 3 0x80009d6c (0x00006f17) x30 0x8000fd6c
core   0: 0x80009d70 (0x283f2a23) sw      gp, 660(t5)
core   0: 3 0x80009d70 (0x283f2a23) mem 0x80010000 0x00000001
core   0: 0x80009d74 (0xff9ff06f) j       pc - 0x8
core   0: 3 0x80009d74 (0xff9ff06f)
core   0: 0x80009d6c (0x00006f17) auipc   t5, 0x6
core   0: 3 0x80009d6c (0x00006f17) x30 0x8000fd6c
core   0: 0x80009d70 (0x283f2a23) sw      gp, 660(t5)
core   0: 3 0x80009d70 (0x283f2a23) mem 0x80010000 0x00000001
core   0: 0x80009d74 (0xff9ff06f) j       pc - 0x8
core   0: 3 0x80009d74 (0xff9ff06f)
core   0: 0x80009d6c (0x00006f17) auipc   t5, 0x6
core   0: 3 0x80009d6c (0x00006f17) x30 0x8000fd6c
core   0: 0x80009d70 (0x283f2a23) sw      gp, 660(t5)
core   0: 3 0x80009d70 (0x283f2a23) mem 0x80010000 0x00000001
core   0: 0x80009d74 (0xff9ff06f) j       pc - 0x8
core   0: 3 0x80009d74 (0xff9ff06f)
core   0: 0x80009d6c (0x00006f17) auipc   t5, 0x6
core   0: 3 0x80009d6c (0x00006f17) x30 0x8000fd6c
core   0: 0x80009d70 (0x283f2a23) sw      gp, 660(t5)
core   0: 3 0x80009d70 (0x283f2a23) mem 0x80010000 0x00000001
core   0: 0x80009d74 (0xff9ff06f) j       pc - 0x8
core   0: 3 0x80009d74 (0xff9ff06f)
core   0: 0x80009d6c (0x00006f17) auipc   t5, 0x6
core   0: 3 0x80009d6c (0x00006f17) x30 0x8000fd6c
core   0: 0x80009d70 (0x283f2a23) sw      gp, 660(t5)
core   0: 3 0x80009d70 (0x283f2a23) mem 0x80010000 0x00000001
core   0: 0x80009d74 (0xff9ff06f) j       pc - 0x8
core   0: 3 0x80009d74 (0xff9ff06f)
core   0: 0x80009d6c (0x00006f17) auipc   t5, 0x6
core   0: 3 0x80009d6c (0x00006f17) x30 0x8000fd6c
core   0: 0x80009d70 (0x283f2a23) sw      gp, 660(t5)
core   0: 3 0x80009d70 (0x283f2a23) mem 0x80010000 0x00000001
core   0: 0x80009d74 (0xff9ff06f) j       pc - 0x8
core   0: 3 0x80009d74 (0xff9ff06f)
core   0: 0x80009d6c (0x00006f17) auipc   t5, 0x6
core   0: 3 0x80009d6c (0x00006f17) x30 0x8000fd6c
core   0: 0x80009d70 (0x283f2a23) sw      gp, 660(t5)
core   0: 3 0x80009d70 (0x283f2a23) mem 0x80010000 0x00000001
core   0: 0x80009d74 (0xff9ff06f) j       pc - 0x8
core   0: 3 0x80009d74 (0xff9ff06f)
core   0: 0x80009d6c (0x00006f17) auipc   t5, 0x6
core   0: 3 0x80009d6c (0x00006f17) x30 0x8000fd6c
core   0: 0x80009d70 (0x283f2a23) sw      gp, 660(t5)
core   0: 3 0x80009d70 (0x283f2a23) mem 0x80010000 0x00000001
core   0: 0x80009d74 (0xff9ff06f) j       pc - 0x8
core   0: 3 0x80009d74 (0xff9ff06f)
core   0: 0x80009d6c (0x00006f17) auipc   t5, 0x6
core   0: 3 0x80009d6c (0x00006f17) x30 0x8000fd6c
core   0: 0x80009d70 (0x283f2a23) sw      gp, 660(t5)
core   0: 3 0x80009d70 (0x283f2a23) mem 0x80010000 0x00000001
core   0: 0x80009d74 (0xff9ff06f) j       pc - 0x8
core   0: 3 0x80009d74 (0xff9ff06f)
core   0: 0x80009d6c (0x00006f17) auipc   t5, 0x6
core   0: 3 0x80009d6c (0x00006f17) x30 0x8000fd6c
core   0: 0x80009d70 (0x283f2a23) sw      gp, 660(t5)
core   0: 3 0x80009d70 (0x283f2a23) mem 0x80010000 0x00000001
core   0: 0x80009d74 (0xff9ff06f) j       pc - 0x8
core   0: 3 0x80009d74 (0xff9ff06f)
core   0: 0x80009d6c (0x00006f17) auipc   t5, 0x6
core   0: 3 0x80009d6c (0x00006f17) x30 0x8000fd6c
core   0: 0x80009d70 (0x283f2a23) sw      gp, 660(t5)
core   0: 3 0x80009d70 (0x283f2a23) mem 0x80010000 0x00000001
core   0: 0x80009d74 (0xff9ff06f) j       pc - 0x8
core   0: 3 0x80009d74 (0xff9ff06f)
core   0: 0x80009d6c (0x00006f17) auipc   t5, 0x6
core   0: 3 0x80009d6c (0x00006f17) x30 0x8000fd6c
core   0: 0x80009d70 (0x283f2a23) sw      gp, 660(t5)
core   0: 3 0x80009d70 (0x283f2a23) mem 0x80010000 0x00000001
core   0: 0x80009d74 (0xff9ff06f) j       pc - 0x8
core   0: 3 0x80009d74 (0xff9ff06f)
core   0: 0x80009d6c (0x00006f17) auipc   t5, 0x6
core   0: 3 0x80009d6c (0x00006f17) x30 0x8000fd6c
core   0: 0x80009d70 (0x283f2a23) sw      gp, 660(t5)
core   0: 3 0x80009d70 (0x283f2a23) mem 0x80010000 0x00000001
core   0: 0x80009d74 (0xff9ff06f) j       pc - 0x8
core   0: 3 0x80009d74 (0xff9ff06f)
core   0: 0x80009d6c (0x00006f17) auipc   t5, 0x6
core   0: 3 0x80009d6c (0x00006f17) x30 0x8000fd6c
core   0: 0x80009d70 (0x283f2a23) sw      gp, 660(t5)
core   0: 3 0x80009d70 (0x283f2a23) mem 0x80010000 0x00000001
core   0: 0x80009d74 (0xff9ff06f) j       pc - 0x8
core   0: 3 0x80009d74 (0xff9ff06f)
core   0: 0x80009d6c (0x00006f17) auipc   t5, 0x6
core   0: 3 0x80009d6c (0x00006f17) x30 0x8000fd6c
core   0: 0x80009d70 (0x283f2a23) sw      gp, 660(t5)
core   0: 3 0x80009d70 (0x283f2a23) mem 0x80010000 0x00000001
core   0: 0x80009d74 (0xff9ff06f) j       pc - 0x8
core   0: 3 0x80009d74 (0xff9ff06f)
core   0: 0x80009d6c (0x00006f17) auipc   t5, 0x6
core   0: 3 0x80009d6c (0x00006f17) x30 0x8000fd6c
core   0: 0x80009d70 (0x283f2a23) sw      gp, 660(t5)
core   0: 3 0x80009d70 (0x283f2a23) mem 0x80010000 0x00000001
core   0: 0x80009d74 (0xff9ff06f) j       pc - 0x8
core   0: 3 0x80009d74 (0xff9ff06f)
core   0: 0x80009d6c (0x00006f17) auipc   t5, 0x6
core   0: 3 0x80009d6c (0x00006f17) x30 0x8000fd6c
core   0: 0x80009d70 (0x283f2a23) sw      gp, 660(t5)
core   0: 3 0x80009d70 (0x283f2a23) mem 0x80010000 0x00000001
core   0: 0x80009d74 (0xff9ff06f) j       pc - 0x8
core   0: 3 0x80009d74 (0xff9ff06f)
core   0: 0x80009d6c (0x00006f17) auipc   t5, 0x6
core   0: 3 0x80009d6c (0x00006f17) x30 0x8000fd6c
core   0: 0x80009d70 (0x283f2a23) sw      gp, 660(t5)
core   0: 3 0x80009d70 (0x283f2a23) mem 0x80010000 0x00000001
core   0: 0x80009d74 (0xff9ff06f) j       pc - 0x8
core   0: 3 0x80009d74 (0xff9ff06f)
core   0: 0x80009d6c (0x00006f17) auipc   t5, 0x6
core   0: 3 0x80009d6c (0x00006f17) x30 0x8000fd6c
core   0: 0x80009d70 (0x283f2a23) sw      gp, 660(t5)
core   0: 3 0x80009d70 (0x283f2a23) mem 0x80010000 0x00000001
core   0: 0x80009d74 (0xff9ff06f) j       pc - 0x8
core   0: 3 0x80009d74 (0xff9ff06f)
core   0: 0x80009d6c (0x00006f17) auipc   t5, 0x6
core   0: 3 0x80009d6c (0x00006f17) x30 0x8000fd6c
core   0: 0x80009d70 (0x283f2a23) sw      gp, 660(t5)
core   0: 3 0x80009d70 (0x283f2a23) mem 0x80010000 0x00000001
core   0: 0x80009d74 (0xff9ff06f) j       pc - 0x8
core   0: 3 0x80009d74 (0xff9ff06f)
core   0: 0x80009d6c (0x00006f17) auipc   t5, 0x6
core   0: 3 0x80009d6c (0x00006f17) x30 0x8000fd6c
core   0: 0x80009d70 (0x283f2a23) sw      gp, 660(t5)
core   0: 3 0x80009d70 (0x283f2a23) mem 0x80010000 0x00000001
core   0: 0x80009d74 (0xff9ff06f) j       pc - 0x8
core   0: 3 0x80009d74 (0xff9ff06f)
core   0: 0x80009d6c (0x00006f17) auipc   t5, 0x6
core   0: 3 0x80009d6c (0x00006f17) x30 0x8000fd6c
core   0: 0x80009d70 (0x283f2a23) sw      gp, 660(t5)
core   0: 3 0x80009d70 (0x283f2a23) mem 0x80010000 0x00000001
core   0: 0x80009d74 (0xff9ff06f) j       pc - 0x8
core   0: 3 0x80009d74 (0xff9ff06f)
core   0: 0x80009d6c (0x00006f17) auipc   t5, 0x6
core   0: 3 0x80009d6c (0x00006f17) x30 0x8000fd6c
core   0: 0x80009d70 (0x283f2a23) sw      gp, 660(t5)
core   0: 3 0x80009d70 (0x283f2a23) mem 0x80010000 0x00000001
core   0: 0x80009d74 (0xff9ff06f) j       pc - 0x8
core   0: 3 0x80009d74 (0xff9ff06f)
core   0: 0x80009d6c (0x00006f17) auipc   t5, 0x6
core   0: 3 0x80009d6c (0x00006f17) x30 0x8000fd6c
core   0: 0x80009d70 (0x283f2a23) sw      gp, 660(t5)
core   0: 3 0x80009d70 (0x283f2a23) mem 0x80010000 0x00000001
core   0: 0x80009d74 (0xff9ff06f) j       pc - 0x8
core   0: 3 0x80009d74 (0xff9ff06f)
core   0: 0x80009d6c (0x00006f17) auipc   t5, 0x6
core   0: 3 0x80009d6c (0x00006f17) x30 0x8000fd6c
core   0: 0x80009d70 (0x283f2a23) sw      gp, 660(t5)
core   0: 3 0x80009d70 (0x283f2a23) mem 0x80010000 0x00000001
core   0: 0x80009d74 (0xff9ff06f) j       pc - 0x8
core   0: 3 0x80009d74 (0xff9ff06f)
core   0: 0x80009d6c (0x00006f17) auipc   t5, 0x6
core   0: 3 0x80009d6c (0x00006f17) x30 0x8000fd6c
core   0: 0x80009d70 (0x283f2a23) sw      gp, 660(t5)
core   0: 3 0x80009d70 (0x283f2a23) mem 0x80010000 0x00000001
core   0: 0x80009d74 (0xff9ff06f) j       pc - 0x8
core   0: 3 0x80009d74 (0xff9ff06f)
core   0: 0x80009d6c (0x00006f17) auipc   t5, 0x6
core   0: 3 0x80009d6c (0x00006f17) x30 0x8000fd6c
core   0: 0x80009d70 (0x283f2a23) sw      gp, 660(t5)
core   0: 3 0x80009d70 (0x283f2a23) mem 0x80010000 0x00000001
core   0: 0x80009d74 (0xff9ff06f) j       pc - 0x8
core   0: 3 0x80009d74 (0xff9ff06f)
core   0: 0x80009d6c (0x00006f17) auipc   t5, 0x6
core   0: 3 0x80009d6c (0x00006f17) x30 0x8000fd6c
core   0: 0x80009d70 (0x283f2a23) sw      gp, 660(t5)
core   0: 3 0x80009d70 (0x283f2a23) mem 0x80010000 0x00000001
core   0: 0x80009d74 (0xff9ff06f) j       pc - 0x8
core   0: 3 0x80009d74 (0xff9ff06f)
core   0: 0x80009d6c (0x00006f17) auipc   t5, 0x6
core   0: 3 0x80009d6c (0x00006f17) x30 0x8000fd6c
core   0: 0x80009d70 (0x283f2a23) sw      gp, 660(t5)
core   0: 3 0x80009d70 (0x283f2a23) mem 0x80010000 0x00000001
core   0: 0x80009d74 (0xff9ff06f) j       pc - 0x8
core   0: 3 0x80009d74 (0xff9ff06f)
core   0: 0x80009d6c (0x00006f17) auipc   t5, 0x6
core   0: 3 0x80009d6c (0x00006f17) x30 0x8000fd6c
core   0: 0x80009d70 (0x283f2a23) sw      gp, 660(t5)
core   0: 3 0x80009d70 (0x283f2a23) mem 0x80010000 0x00000001
core   0: 0x80009d74 (0xff9ff06f) j       pc - 0x8
core   0: 3 0x80009d74 (0xff9ff06f)
core   0: 0x80009d6c (0x00006f17) auipc   t5, 0x6
core   0: 3 0x80009d6c (0x00006f17) x30 0x8000fd6c
core   0: 0x80009d70 (0x283f2a23) sw      gp, 660(t5)
core   0: 3 0x80009d70 (0x283f2a23) mem 0x80010000 0x00000001
core   0: 0x80009d74 (0xff9ff06f) j       pc - 0x8
core   0: 3 0x80009d74 (0xff9ff06f)
core   0: 0x80009d6c (0x00006f17) auipc   t5, 0x6
core   0: 3 0x80009d6c (0x00006f17) x30 0x8000fd6c
core   0: 0x80009d70 (0x283f2a23) sw      gp, 660(t5)
core   0: 3 0x80009d70 (0x283f2a23) mem 0x80010000 0x00000001
core   0: 0x80009d74 (0xff9ff06f) j       pc - 0x8
core   0: 3 0x80009d74 (0xff9ff06f)
core   0: 0x80009d6c (0x00006f17) auipc   t5, 0x6
core   0: 3 0x80009d6c (0x00006f17) x30 0x8000fd6c
core   0: 0x80009d70 (0x283f2a23) sw      gp, 660(t5)
core   0: 3 0x80009d70 (0x283f2a23) mem 0x80010000 0x00000001
core   0: 0x80009d74 (0xff9ff06f) j       pc - 0x8
core   0: 3 0x80009d74 (0xff9ff06f)
core   0: 0x80009d6c (0x00006f17) auipc   t5, 0x6
core   0: 3 0x80009d6c (0x00006f17) x30 0x8000fd6c
core   0: 0x80009d70 (0x283f2a23) sw      gp, 660(t5)
core   0: 3 0x80009d70 (0x283f2a23) mem 0x80010000 0x00000001
core   0: 0x80009d74 (0xff9ff06f) j       pc - 0x8
core   0: 3 0x80009d74 (0xff9ff06f)
core   0: 0x80009d6c (0x00006f17) auipc   t5, 0x6
core   0: 3 0x80009d6c (0x00006f17) x30 0x8000fd6c
core   0: 0x80009d70 (0x283f2a23) sw      gp, 660(t5)
core   0: 3 0x80009d70 (0x283f2a23) mem 0x80010000 0x00000001
core   0: 0x80009d74 (0xff9ff06f) j       pc - 0x8
core   0: 3 0x80009d74 (0xff9ff06f)
core   0: 0x80009d6c (0x00006f17) auipc   t5, 0x6
core   0: 3 0x80009d6c (0x00006f17) x30 0x8000fd6c
core   0: 0x80009d70 (0x283f2a23) sw      gp, 660(t5)
core   0: 3 0x80009d70 (0x283f2a23) mem 0x80010000 0x00000001
core   0: 0x80009d74 (0xff9ff06f) j       pc - 0x8
core   0: 3 0x80009d74 (0xff9ff06f)
core   0: 0x80009d6c (0x00006f17) auipc   t5, 0x6
core   0: 3 0x80009d6c (0x00006f17) x30 0x8000fd6c
core   0: 0x80009d70 (0x283f2a23) sw      gp, 660(t5)
core   0: 3 0x80009d70 (0x283f2a23) mem 0x80010000 0x00000001
core   0: 0x80009d74 (0xff9ff06f) j       pc - 0x8
core   0: 3 0x80009d74 (0xff9ff06f)
core   0: 0x80009d6c (0x00006f17) auipc   t5, 0x6
core   0: 3 0x80009d6c (0x00006f17) x30 0x8000fd6c
core   0: 0x80009d70 (0x283f2a23) sw      gp, 660(t5)
core   0: 3 0x80009d70 (0x283f2a23) mem 0x80010000 0x00000001
core   0: 0x80009d74 (0xff9ff06f) j       pc - 0x8
core   0: 3 0x80009d74 (0xff9ff06f)
core   0: 0x80009d6c (0x00006f17) auipc   t5, 0x6
core   0: 3 0x80009d6c (0x00006f17) x30 0x8000fd6c
core   0: 0x80009d70 (0x283f2a23) sw      gp, 660(t5)
core   0: 3 0x80009d70 (0x283f2a23) mem 0x80010000 0x00000001
core   0: 0x80009d74 (0xff9ff06f) j       pc - 0x8
core   0: 3 0x80009d74 (0xff9ff06f)
core   0: 0x80009d6c (0x00006f17) auipc   t5, 0x6
core   0: 3 0x80009d6c (0x00006f17) x30 0x8000fd6c
core   0: 0x80009d70 (0x283f2a23) sw      gp, 660(t5)
core   0: 3 0x80009d70 (0x283f2a23) mem 0x80010000 0x00000001
core   0: 0x80009d74 (0xff9ff06f) j       pc - 0x8
core   0: 3 0x80009d74 (0xff9ff06f)
core   0: 0x80009d6c (0x00006f17) auipc   t5, 0x6
core   0: 3 0x80009d6c (0x00006f17) x30 0x8000fd6c
core   0: 0x80009d70 (0x283f2a23) sw      gp, 660(t5)
core   0: 3 0x80009d70 (0x283f2a23) mem 0x80010000 0x00000001
core   0: 0x80009d74 (0xff9ff06f) j       pc - 0x8
core   0: 3 0x80009d74 (0xff9ff06f)
core   0: 0x80009d6c (0x00006f17) auipc   t5, 0x6
core   0: 3 0x80009d6c (0x00006f17) x30 0x8000fd6c
core   0: 0x80009d70 (0x283f2a23) sw      gp, 660(t5)
core   0: 3 0x80009d70 (0x283f2a23) mem 0x80010000 0x00000001
core   0: 0x80009d74 (0xff9ff06f) j       pc - 0x8
core   0: 3 0x80009d74 (0xff9ff06f)
core   0: 0x80009d6c (0x00006f17) auipc   t5, 0x6
core   0: 3 0x80009d6c (0x00006f17) x30 0x8000fd6c
core   0: 0x80009d70 (0x283f2a23) sw      gp, 660(t5)
core   0: 3 0x80009d70 (0x283f2a23) mem 0x80010000 0x00000001
core   0: 0x80009d74 (0xff9ff06f) j       pc - 0x8
core   0: 3 0x80009d74 (0xff9ff06f)
core   0: 0x80009d6c (0x00006f17) auipc   t5, 0x6
core   0: 3 0x80009d6c (0x00006f17) x30 0x8000fd6c
core   0: 0x80009d70 (0x283f2a23) sw      gp, 660(t5)
core   0: 3 0x80009d70 (0x283f2a23) mem 0x80010000 0x00000001
core   0: 0x80009d74 (0xff9ff06f) j       pc - 0x8
core   0: 3 0x80009d74 (0xff9ff06f)
core   0: 0x80009d6c (0x00006f17) auipc   t5, 0x6
core   0: 3 0x80009d6c (0x00006f17) x30 0x8000fd6c
core   0: 0x80009d70 (0x283f2a23) sw      gp, 660(t5)
core   0: 3 0x80009d70 (0x283f2a23) mem 0x80010000 0x00000001
core   0: 0x80009d74 (0xff9ff06f) j       pc - 0x8
core   0: 3 0x80009d74 (0xff9ff06f)
core   0: 0x80009d6c (0x00006f17) auipc   t5, 0x6
core   0: 3 0x80009d6c (0x00006f17) x30 0x8000fd6c
core   0: 0x80009d70 (0x283f2a23) sw      gp, 660(t5)
core   0: 3 0x80009d70 (0x283f2a23) mem 0x80010000 0x00000001
core   0: 0x80009d74 (0xff9ff06f) j       pc - 0x8
core   0: 3 0x80009d74 (0xff9ff06f)
core   0: 0x80009d6c (0x00006f17) auipc   t5, 0x6
core   0: 3 0x80009d6c (0x00006f17) x30 0x8000fd6c
core   0: 0x80009d70 (0x283f2a23) sw      gp, 660(t5)
core   0: 3 0x80009d70 (0x283f2a23) mem 0x80010000 0x00000001
core   0: 0x80009d74 (0xff9ff06f) j       pc - 0x8
core   0: 3 0x80009d74 (0xff9ff06f)
core   0: 0x80009d6c (0x00006f17) auipc   t5, 0x6
core   0: 3 0x80009d6c (0x00006f17) x30 0x8000fd6c
core   0: 0x80009d70 (0x283f2a23) sw      gp, 660(t5)
core   0: 3 0x80009d70 (0x283f2a23) mem 0x80010000 0x00000001
core   0: 0x80009d74 (0xff9ff06f) j       pc - 0x8
core   0: 3 0x80009d74 (0xff9ff06f)
core   0: 0x80009d6c (0x00006f17) auipc   t5, 0x6
core   0: 3 0x80009d6c (0x00006f17) x30 0x8000fd6c
core   0: 0x80009d70 (0x283f2a23) sw      gp, 660(t5)
core   0: 3 0x80009d70 (0x283f2a23) mem 0x80010000 0x00000001
core   0: 0x80009d74 (0xff9ff06f) j       pc - 0x8
core   0: 3 0x80009d74 (0xff9ff06f)
core   0: 0x80009d6c (0x00006f17) auipc   t5, 0x6
core   0: 3 0x80009d6c (0x00006f17) x30 0x8000fd6c
core   0: 0x80009d70 (0x283f2a23) sw      gp, 660(t5)
core   0: 3 0x80009d70 (0x283f2a23) mem 0x80010000 0x00000001
core   0: 0x80009d74 (0xff9ff06f) j       pc - 0x8
core   0: 3 0x80009d74 (0xff9ff06f)
core   0: 0x80009d6c (0x00006f17) auipc   t5, 0x6
core   0: 3 0x80009d6c (0x00006f17) x30 0x8000fd6c
core   0: 0x80009d70 (0x283f2a23) sw      gp, 660(t5)
core   0: 3 0x80009d70 (0x283f2a23) mem 0x80010000 0x00000001
core   0: 0x80009d74 (0xff9ff06f) j       pc - 0x8
core   0: 3 0x80009d74 (0xff9ff06f)
core   0: 0x80009d6c (0x00006f17) auipc   t5, 0x6
core   0: 3 0x80009d6c (0x00006f17) x30 0x8000fd6c
core   0: 0x80009d70 (0x283f2a23) sw      gp, 660(t5)
core   0: 3 0x80009d70 (0x283f2a23) mem 0x80010000 0x00000001
core   0: 0x80009d74 (0xff9ff06f) j       pc - 0x8
core   0: 3 0x80009d74 (0xff9ff06f)
core   0: 0x80009d6c (0x00006f17) auipc   t5, 0x6
core   0: 3 0x80009d6c (0x00006f17) x30 0x8000fd6c
core   0: 0x80009d70 (0x283f2a23) sw      gp, 660(t5)
core   0: 3 0x80009d70 (0x283f2a23) mem 0x80010000 0x00000001
core   0: 0x80009d74 (0xff9ff06f) j       pc - 0x8
core   0: 3 0x80009d74 (0xff9ff06f)
core   0: 0x80009d6c (0x00006f17) auipc   t5, 0x6
core   0: 3 0x80009d6c (0x00006f17) x30 0x8000fd6c
core   0: 0x80009d70 (0x283f2a23) sw      gp, 660(t5)
core   0: 3 0x80009d70 (0x283f2a23) mem 0x80010000 0x00000001
core   0: 0x80009d74 (0xff9ff06f) j       pc - 0x8
core   0: 3 0x80009d74 (0xff9ff06f)
core   0: 0x80009d6c (0x00006f17) auipc   t5, 0x6
core   0: 3 0x80009d6c (0x00006f17) x30 0x8000fd6c
core   0: 0x80009d70 (0x283f2a23) sw      gp, 660(t5)
core   0: 3 0x80009d70 (0x283f2a23) mem 0x80010000 0x00000001
core   0: 0x80009d74 (0xff9ff06f) j       pc - 0x8
core   0: 3 0x80009d74 (0xff9ff06f)
core   0: 0x80009d6c (0x00006f17) auipc   t5, 0x6
core   0: 3 0x80009d6c (0x00006f17) x30 0x8000fd6c
core   0: 0x80009d70 (0x283f2a23) sw      gp, 660(t5)
core   0: 3 0x80009d70 (0x283f2a23) mem 0x80010000 0x00000001
core   0: 0x80009d74 (0xff9ff06f) j       pc - 0x8
core   0: 3 0x80009d74 (0xff9ff06f)
core   0: 0x80009d6c (0x00006f17) auipc   t5, 0x6
core   0: 3 0x80009d6c (0x00006f17) x30 0x8000fd6c
core   0: 0x80009d70 (0x283f2a23) sw      gp, 660(t5)
core   0: 3 0x80009d70 (0x283f2a23) mem 0x80010000 0x00000001
core   0: 0x80009d74 (0xff9ff06f) j       pc - 0x8
core   0: 3 0x80009d74 (0xff9ff06f)
core   0: 0x80009d6c (0x00006f17) auipc   t5, 0x6
core   0: 3 0x80009d6c (0x00006f17) x30 0x8000fd6c
core   0: 0x80009d70 (0x283f2a23) sw      gp, 660(t5)
core   0: 3 0x80009d70 (0x283f2a23) mem 0x80010000 0x00000001
core   0: 0x80009d74 (0xff9ff06f) j       pc - 0x8
core   0: 3 0x80009d74 (0xff9ff06f)
core   0: 0x80009d6c (0x00006f17) auipc   t5, 0x6
core   0: 3 0x80009d6c (0x00006f17) x30 0x8000fd6c
core   0: 0x80009d70 (0x283f2a23) sw      gp, 660(t5)
core   0: 3 0x80009d70 (0x283f2a23) mem 0x80010000 0x00000001
core   0: 0x80009d74 (0xff9ff06f) j       pc - 0x8
core   0: 3 0x80009d74 (0xff9ff06f)
core   0: 0x80009d6c (0x00006f17) auipc   t5, 0x6
core   0: 3 0x80009d6c (0x00006f17) x30 0x8000fd6c
core   0: 0x80009d70 (0x283f2a23) sw      gp, 660(t5)
core   0: 3 0x80009d70 (0x283f2a23) mem 0x80010000 0x00000001
core   0: 0x80009d74 (0xff9ff06f) j       pc - 0x8
core   0: 3 0x80009d74 (0xff9ff06f)
core   0: 0x80009d6c (0x00006f17) auipc   t5, 0x6
core   0: 3 0x80009d6c (0x00006f17) x30 0x8000fd6c
core   0: 0x80009d70 (0x283f2a23) sw      gp, 660(t5)
core   0: 3 0x80009d70 (0x283f2a23) mem 0x80010000 0x00000001
core   0: 0x80009d74 (0xff9ff06f) j       pc - 0x8
core   0: 3 0x80009d74 (0xff9ff06f)
core   0: 0x80009d6c (0x00006f17) auipc   t5, 0x6
core   0: 3 0x80009d6c (0x00006f17) x30 0x8000fd6c
core   0: 0x80009d70 (0x283f2a23) sw      gp, 660(t5)
core   0: 3 0x80009d70 (0x283f2a23) mem 0x80010000 0x00000001
core   0: 0x80009d74 (0xff9ff06f) j       pc - 0x8
core   0: 3 0x80009d74 (0xff9ff06f)
core   0: 0x80009d6c (0x00006f17) auipc   t5, 0x6
core   0: 3 0x80009d6c (0x00006f17) x30 0x8000fd6c
core   0: 0x80009d70 (0x283f2a23) sw      gp, 660(t5)
core   0: 3 0x80009d70 (0x283f2a23) mem 0x80010000 0x00000001
core   0: 0x80009d74 (0xff9ff06f) j       pc - 0x8
core   0: 3 0x80009d74 (0xff9ff06f)
core   0: 0x80009d6c (0x00006f17) auipc   t5, 0x6
core   0: 3 0x80009d6c (0x00006f17) x30 0x8000fd6c
core   0: 0x80009d70 (0x283f2a23) sw      gp, 660(t5)
core   0: 3 0x80009d70 (0x283f2a23) mem 0x80010000 0x00000001
core   0: 0x80009d74 (0xff9ff06f) j       pc - 0x8
core   0: 3 0x80009d74 (0xff9ff06f)
core   0: 0x80009d6c (0x00006f17) auipc   t5, 0x6
core   0: 3 0x80009d6c (0x00006f17) x30 0x8000fd6c
core   0: 0x80009d70 (0x283f2a23) sw      gp, 660(t5)
core   0: 3 0x80009d70 (0x283f2a23) mem 0x80010000 0x00000001
core   0: 0x80009d74 (0xff9ff06f) j       pc - 0x8
core   0: 3 0x80009d74 (0xff9ff06f)
core   0: 0x80009d6c (0x00006f17) auipc   t5, 0x6
core   0: 3 0x80009d6c (0x00006f17) x30 0x8000fd6c
core   0: 0x80009d70 (0x283f2a23) sw      gp, 660(t5)
core   0: 3 0x80009d70 (0x283f2a23) mem 0x80010000 0x00000001
core   0: 0x80009d74 (0xff9ff06f) j       pc - 0x8
core   0: 3 0x80009d74 (0xff9ff06f)
core   0: 0x80009d6c (0x00006f17) auipc   t5, 0x6
core   0: 3 0x80009d6c (0x00006f17) x30 0x8000fd6c
core   0: 0x80009d70 (0x283f2a23) sw      gp, 660(t5)
core   0: 3 0x80009d70 (0x283f2a23) mem 0x80010000 0x00000001
core   0: 0x80009d74 (0xff9ff06f) j       pc - 0x8
core   0: 3 0x80009d74 (0xff9ff06f)
core   0: 0x80009d6c (0x00006f17) auipc   t5, 0x6
core   0: 3 0x80009d6c (0x00006f17) x30 0x8000fd6c
core   0: 0x80009d70 (0x283f2a23) sw      gp, 660(t5)
core   0: 3 0x80009d70 (0x283f2a23) mem 0x80010000 0x00000001
core   0: 0x80009d74 (0xff9ff06f) j       pc - 0x8
core   0: 3 0x80009d74 (0xff9ff06f)
core   0: 0x80009d6c (0x00006f17) auipc   t5, 0x6
core   0: 3 0x80009d6c (0x00006f17) x30 0x8000fd6c
core   0: 0x80009d70 (0x283f2a23) sw      gp, 660(t5)
core   0: 3 0x80009d70 (0x283f2a23) mem 0x80010000 0x00000001
core   0: 0x80009d74 (0xff9ff06f) j       pc - 0x8
core   0: 3 0x80009d74 (0xff9ff06f)
core   0: 0x80009d6c (0x00006f17) auipc   t5, 0x6
core   0: 3 0x80009d6c (0x00006f17) x30 0x8000fd6c
core   0: 0x80009d70 (0x283f2a23) sw      gp, 660(t5)
core   0: 3 0x80009d70 (0x283f2a23) mem 0x80010000 0x00000001
core   0: 0x80009d74 (0xff9ff06f) j       pc - 0x8
core   0: 3 0x80009d74 (0xff9ff06f)
core   0: 0x80009d6c (0x00006f17) auipc   t5, 0x6
core   0: 3 0x80009d6c (0x00006f17) x30 0x8000fd6c
core   0: 0x80009d70 (0x283f2a23) sw      gp, 660(t5)
core   0: 3 0x80009d70 (0x283f2a23) mem 0x80010000 0x00000001
core   0: 0x80009d74 (0xff9ff06f) j       pc - 0x8
core   0: 3 0x80009d74 (0xff9ff06f)
core   0: 0x80009d6c (0x00006f17) auipc   t5, 0x6
core   0: 3 0x80009d6c (0x00006f17) x30 0x8000fd6c
core   0: 0x80009d70 (0x283f2a23) sw      gp, 660(t5)
core   0: 3 0x80009d70 (0x283f2a23) mem 0x80010000 0x00000001
core   0: 0x80009d74 (0xff9ff06f) j       pc - 0x8
core   0: 3 0x80009d74 (0xff9ff06f)
core   0: 0x80009d6c (0x00006f17) auipc   t5, 0x6
core   0: 3 0x80009d6c (0x00006f17) x30 0x8000fd6c
core   0: 0x80009d70 (0x283f2a23) sw      gp, 660(t5)
core   0: 3 0x80009d70 (0x283f2a23) mem 0x80010000 0x00000001
core   0: 0x80009d74 (0xff9ff06f) j       pc - 0x8
core   0: 3 0x80009d74 (0xff9ff06f)
core   0: 0x80009d6c (0x00006f17) auipc   t5, 0x6
core   0: 3 0x80009d6c (0x00006f17) x30 0x8000fd6c
core   0: 0x80009d70 (0x283f2a23) sw      gp, 660(t5)
core   0: 3 0x80009d70 (0x283f2a23) mem 0x80010000 0x00000001
core   0: 0x80009d74 (0xff9ff06f) j       pc - 0x8
core   0: 3 0x80009d74 (0xff9ff06f)
core   0: 0x80009d6c (0x00006f17) auipc   t5, 0x6
core   0: 3 0x80009d6c (0x00006f17) x30 0x8000fd6c
core   0: 0x80009d70 (0x283f2a23) sw      gp, 660(t5)
core   0: 3 0x80009d70 (0x283f2a23) mem 0x80010000 0x00000001
core   0: 0x80009d74 (0xff9ff06f) j       pc - 0x8
core   0: 3 0x80009d74 (0xff9ff06f)
core   0: 0x80009d6c (0x00006f17) auipc   t5, 0x6
core   0: 3 0x80009d6c (0x00006f17) x30 0x8000fd6c
core   0: 0x80009d70 (0x283f2a23) sw      gp, 660(t5)
core   0: 3 0x80009d70 (0x283f2a23) mem 0x80010000 0x00000001
core   0: 0x80009d74 (0xff9ff06f) j       pc - 0x8
core   0: 3 0x80009d74 (0xff9ff06f)
core   0: 0x80009d6c (0x00006f17) auipc   t5, 0x6
core   0: 3 0x80009d6c (0x00006f17) x30 0x8000fd6c
core   0: 0x80009d70 (0x283f2a23) sw      gp, 660(t5)
core   0: 3 0x80009d70 (0x283f2a23) mem 0x80010000 0x00000001
core   0: 0x80009d74 (0xff9ff06f) j       pc - 0x8
core   0: 3 0x80009d74 (0xff9ff06f)
core   0: 0x80009d6c (0x00006f17) auipc   t5, 0x6
core   0: 3 0x80009d6c (0x00006f17) x30 0x8000fd6c
core   0: 0x80009d70 (0x283f2a23) sw      gp, 660(t5)
core   0: 3 0x80009d70 (0x283f2a23) mem 0x80010000 0x00000001
core   0: 0x80009d74 (0xff9ff06f) j       pc - 0x8
core   0: 3 0x80009d74 (0xff9ff06f)
core   0: 0x80009d6c (0x00006f17) auipc   t5, 0x6
core   0: 3 0x80009d6c (0x00006f17) x30 0x8000fd6c
core   0: 0x80009d70 (0x283f2a23) sw      gp, 660(t5)
core   0: 3 0x80009d70 (0x283f2a23) mem 0x80010000 0x00000001
core   0: 0x80009d74 (0xff9ff06f) j       pc - 0x8
core   0: 3 0x80009d74 (0xff9ff06f)
core   0: 0x80009d6c (0x00006f17) auipc   t5, 0x6
core   0: 3 0x80009d6c (0x00006f17) x30 0x8000fd6c
core   0: 0x80009d70 (0x283f2a23) sw      gp, 660(t5)
core   0: 3 0x80009d70 (0x283f2a23) mem 0x80010000 0x00000001
core   0: 0x80009d74 (0xff9ff06f) j       pc - 0x8
core   0: 3 0x80009d74 (0xff9ff06f)
core   0: 0x80009d6c (0x00006f17) auipc   t5, 0x6
core   0: 3 0x80009d6c (0x00006f17) x30 0x8000fd6c
core   0: 0x80009d70 (0x283f2a23) sw      gp, 660(t5)
core   0: 3 0x80009d70 (0x283f2a23) mem 0x80010000 0x00000001
core   0: 0x80009d74 (0xff9ff06f) j       pc - 0x8
core   0: 3 0x80009d74 (0xff9ff06f)
core   0: 0x80009d6c (0x00006f17) auipc   t5, 0x6
core   0: 3 0x80009d6c (0x00006f17) x30 0x8000fd6c
core   0: 0x80009d70 (0x283f2a23) sw      gp, 660(t5)
core   0: 3 0x80009d70 (0x283f2a23) mem 0x80010000 0x00000001
core   0: 0x80009d74 (0xff9ff06f) j       pc - 0x8
core   0: 3 0x80009d74 (0xff9ff06f)
core   0: 0x80009d6c (0x00006f17) auipc   t5, 0x6
core   0: 3 0x80009d6c (0x00006f17) x30 0x8000fd6c
core   0: 0x80009d70 (0x283f2a23) sw      gp, 660(t5)
core   0: 3 0x80009d70 (0x283f2a23) mem 0x80010000 0x00000001
core   0: 0x80009d74 (0xff9ff06f) j       pc - 0x8
core   0: 3 0x80009d74 (0xff9ff06f)
core   0: 0x80009d6c (0x00006f17) auipc   t5, 0x6
core   0: 3 0x80009d6c (0x00006f17) x30 0x8000fd6c
core   0: 0x80009d70 (0x283f2a23) sw      gp, 660(t5)
core   0: 3 0x80009d70 (0x283f2a23) mem 0x80010000 0x00000001
core   0: 0x80009d74 (0xff9ff06f) j       pc - 0x8
core   0: 3 0x80009d74 (0xff9ff06f)
core   0: 0x80009d6c (0x00006f17) auipc   t5, 0x6
core   0: 3 0x80009d6c (0x00006f17) x30 0x8000fd6c
core   0: 0x80009d70 (0x283f2a23) sw      gp, 660(t5)
core   0: 3 0x80009d70 (0x283f2a23) mem 0x80010000 0x00000001
core   0: 0x80009d74 (0xff9ff06f) j       pc - 0x8
core   0: 3 0x80009d74 (0xff9ff06f)
core   0: 0x80009d6c (0x00006f17) auipc   t5, 0x6
core   0: 3 0x80009d6c (0x00006f17) x30 0x8000fd6c
core   0: 0x80009d70 (0x283f2a23) sw      gp, 660(t5)
core   0: 3 0x80009d70 (0x283f2a23) mem 0x80010000 0x00000001
core   0: 0x80009d74 (0xff9ff06f) j       pc - 0x8
core   0: 3 0x80009d74 (0xff9ff06f)
core   0: 0x80009d6c (0x00006f17) auipc   t5, 0x6
core   0: 3 0x80009d6c (0x00006f17) x30 0x8000fd6c
core   0: 0x80009d70 (0x283f2a23) sw      gp, 660(t5)
core   0: 3 0x80009d70 (0x283f2a23) mem 0x80010000 0x00000001
core   0: 0x80009d74 (0xff9ff06f) j       pc - 0x8
core   0: 3 0x80009d74 (0xff9ff06f)
core   0: 0x80009d6c (0x00006f17) auipc   t5, 0x6
core   0: 3 0x80009d6c (0x00006f17) x30 0x8000fd6c
core   0: 0x80009d70 (0x283f2a23) sw      gp, 660(t5)
core   0: 3 0x80009d70 (0x283f2a23) mem 0x80010000 0x00000001
core   0: 0x80009d74 (0xff9ff06f) j       pc - 0x8
core   0: 3 0x80009d74 (0xff9ff06f)
core   0: 0x80009d6c (0x00006f17) auipc   t5, 0x6
core   0: 3 0x80009d6c (0x00006f17) x30 0x8000fd6c
core   0: 0x80009d70 (0x283f2a23) sw      gp, 660(t5)
core   0: 3 0x80009d70 (0x283f2a23) mem 0x80010000 0x00000001
core   0: 0x80009d74 (0xff9ff06f) j       pc - 0x8
core   0: 3 0x80009d74 (0xff9ff06f)
core   0: 0x80009d6c (0x00006f17) auipc   t5, 0x6
core   0: 3 0x80009d6c (0x00006f17) x30 0x8000fd6c
core   0: 0x80009d70 (0x283f2a23) sw      gp, 660(t5)
core   0: 3 0x80009d70 (0x283f2a23) mem 0x80010000 0x00000001
core   0: 0x80009d74 (0xff9ff06f) j       pc - 0x8
core   0: 3 0x80009d74 (0xff9ff06f)
core   0: 0x80009d6c (0x00006f17) auipc   t5, 0x6
core   0: 3 0x80009d6c (0x00006f17) x30 0x8000fd6c
core   0: 0x80009d70 (0x283f2a23) sw      gp, 660(t5)
core   0: 3 0x80009d70 (0x283f2a23) mem 0x80010000 0x00000001
core   0: 0x80009d74 (0xff9ff06f) j       pc - 0x8
core   0: 3 0x80009d74 (0xff9ff06f)
core   0: 0x80009d6c (0x00006f17) auipc   t5, 0x6
core   0: 3 0x80009d6c (0x00006f17) x30 0x8000fd6c
core   0: 0x80009d70 (0x283f2a23) sw      gp, 660(t5)
core   0: 3 0x80009d70 (0x283f2a23) mem 0x80010000 0x00000001
core   0: 0x80009d74 (0xff9ff06f) j       pc - 0x8
core   0: 3 0x80009d74 (0xff9ff06f)
core   0: 0x80009d6c (0x00006f17) auipc   t5, 0x6
core   0: 3 0x80009d6c (0x00006f17) x30 0x8000fd6c
core   0: 0x80009d70 (0x283f2a23) sw      gp, 660(t5)
core   0: 3 0x80009d70 (0x283f2a23) mem 0x80010000 0x00000001
core   0: 0x80009d74 (0xff9ff06f) j       pc - 0x8
core   0: 3 0x80009d74 (0xff9ff06f)
core   0: 0x80009d6c (0x00006f17) auipc   t5, 0x6
core   0: 3 0x80009d6c (0x00006f17) x30 0x8000fd6c
core   0: 0x80009d70 (0x283f2a23) sw      gp, 660(t5)
core   0: 3 0x80009d70 (0x283f2a23) mem 0x80010000 0x00000001
core   0: 0x80009d74 (0xff9ff06f) j       pc - 0x8
core   0: 3 0x80009d74 (0xff9ff06f)
core   0: 0x80009d6c (0x00006f17) auipc   t5, 0x6
core   0: 3 0x80009d6c (0x00006f17) x30 0x8000fd6c
core   0: 0x80009d70 (0x283f2a23) sw      gp, 660(t5)
core   0: 3 0x80009d70 (0x283f2a23) mem 0x80010000 0x00000001
core   0: 0x80009d74 (0xff9ff06f) j       pc - 0x8
core   0: 3 0x80009d74 (0xff9ff06f)
core   0: 0x80009d6c (0x00006f17) auipc   t5, 0x6
core   0: 3 0x80009d6c (0x00006f17) x30 0x8000fd6c
core   0: 0x80009d70 (0x283f2a23) sw      gp, 660(t5)
core   0: 3 0x80009d70 (0x283f2a23) mem 0x80010000 0x00000001
core   0: 0x80009d74 (0xff9ff06f) j       pc - 0x8
core   0: 3 0x80009d74 (0xff9ff06f)
core   0: 0x80009d6c (0x00006f17) auipc   t5, 0x6
core   0: 3 0x80009d6c (0x00006f17) x30 0x8000fd6c
core   0: 0x80009d70 (0x283f2a23) sw      gp, 660(t5)
core   0: 3 0x80009d70 (0x283f2a23) mem 0x80010000 0x00000001
core   0: 0x80009d74 (0xff9ff06f) j       pc - 0x8
core   0: 3 0x80009d74 (0xff9ff06f)
core   0: 0x80009d6c (0x00006f17) auipc   t5, 0x6
core   0: 3 0x80009d6c (0x00006f17) x30 0x8000fd6c
core   0: 0x80009d70 (0x283f2a23) sw      gp, 660(t5)
core   0: 3 0x80009d70 (0x283f2a23) mem 0x80010000 0x00000001
core   0: 0x80009d74 (0xff9ff06f) j       pc - 0x8
core   0: 3 0x80009d74 (0xff9ff06f)
core   0: 0x80009d6c (0x00006f17) auipc   t5, 0x6
core   0: 3 0x80009d6c (0x00006f17) x30 0x8000fd6c
core   0: 0x80009d70 (0x283f2a23) sw      gp, 660(t5)
core   0: 3 0x80009d70 (0x283f2a23) mem 0x80010000 0x00000001
core   0: 0x80009d74 (0xff9ff06f) j       pc - 0x8
core   0: 3 0x80009d74 (0xff9ff06f)
core   0: 0x80009d6c (0x00006f17) auipc   t5, 0x6
core   0: 3 0x80009d6c (0x00006f17) x30 0x8000fd6c
core   0: 0x80009d70 (0x283f2a23) sw      gp, 660(t5)
core   0: 3 0x80009d70 (0x283f2a23) mem 0x80010000 0x00000001
core   0: 0x80009d74 (0xff9ff06f) j       pc - 0x8
core   0: 3 0x80009d74 (0xff9ff06f)
core   0: 0x80009d6c (0x00006f17) auipc   t5, 0x6
core   0: 3 0x80009d6c (0x00006f17) x30 0x8000fd6c
core   0: 0x80009d70 (0x283f2a23) sw      gp, 660(t5)
core   0: 3 0x80009d70 (0x283f2a23) mem 0x80010000 0x00000001
core   0: 0x80009d74 (0xff9ff06f) j       pc - 0x8
core   0: 3 0x80009d74 (0xff9ff06f)
core   0: 0x80009d6c (0x00006f17) auipc   t5, 0x6
core   0: 3 0x80009d6c (0x00006f17) x30 0x8000fd6c
core   0: 0x80009d70 (0x283f2a23) sw      gp, 660(t5)
core   0: 3 0x80009d70 (0x283f2a23) mem 0x80010000 0x00000001
core   0: 0x80009d74 (0xff9ff06f) j       pc - 0x8
core   0: 3 0x80009d74 (0xff9ff06f)
core   0: 0x80009d6c (0x00006f17) auipc   t5, 0x6
core   0: 3 0x80009d6c (0x00006f17) x30 0x8000fd6c
core   0: 0x80009d70 (0x283f2a23) sw      gp, 660(t5)
core   0: 3 0x80009d70 (0x283f2a23) mem 0x80010000 0x00000001
core   0: 0x80009d74 (0xff9ff06f) j       pc - 0x8
core   0: 3 0x80009d74 (0xff9ff06f)
core   0: 0x80009d6c (0x00006f17) auipc   t5, 0x6
core   0: 3 0x80009d6c (0x00006f17) x30 0x8000fd6c
core   0: 0x80009d70 (0x283f2a23) sw      gp, 660(t5)
core   0: 3 0x80009d70 (0x283f2a23) mem 0x80010000 0x00000001
core   0: 0x80009d74 (0xff9ff06f) j       pc - 0x8
core   0: 3 0x80009d74 (0xff9ff06f)
core   0: 0x80009d6c (0x00006f17) auipc   t5, 0x6
core   0: 3 0x80009d6c (0x00006f17) x30 0x8000fd6c
core   0: 0x80009d70 (0x283f2a23) sw      gp, 660(t5)
core   0: 3 0x80009d70 (0x283f2a23) mem 0x80010000 0x00000001
core   0: 0x80009d74 (0xff9ff06f) j       pc - 0x8
core   0: 3 0x80009d74 (0xff9ff06f)
core   0: 0x80009d6c (0x00006f17) auipc   t5, 0x6
core   0: 3 0x80009d6c (0x00006f17) x30 0x8000fd6c
core   0: 0x80009d70 (0x283f2a23) sw      gp, 660(t5)
core   0: 3 0x80009d70 (0x283f2a23) mem 0x80010000 0x00000001
core   0: 0x80009d74 (0xff9ff06f) j       pc - 0x8
core   0: 3 0x80009d74 (0xff9ff06f)
core   0: 0x80009d6c (0x00006f17) auipc   t5, 0x6
core   0: 3 0x80009d6c (0x00006f17) x30 0x8000fd6c
core   0: 0x80009d70 (0x283f2a23) sw      gp, 660(t5)
core   0: 3 0x80009d70 (0x283f2a23) mem 0x80010000 0x00000001
core   0: 0x80009d74 (0xff9ff06f) j       pc - 0x8
core   0: 3 0x80009d74 (0xff9ff06f)
core   0: 0x80009d6c (0x00006f17) auipc   t5, 0x6
core   0: 3 0x80009d6c (0x00006f17) x30 0x8000fd6c
core   0: 0x80009d70 (0x283f2a23) sw      gp, 660(t5)
core   0: 3 0x80009d70 (0x283f2a23) mem 0x80010000 0x00000001
core   0: 0x80009d74 (0xff9ff06f) j       pc - 0x8
core   0: 3 0x80009d74 (0xff9ff06f)
core   0: 0x80009d6c (0x00006f17) auipc   t5, 0x6
core   0: 3 0x80009d6c (0x00006f17) x30 0x8000fd6c
core   0: 0x80009d70 (0x283f2a23) sw      gp, 660(t5)
core   0: 3 0x80009d70 (0x283f2a23) mem 0x80010000 0x00000001
core   0: 0x80009d74 (0xff9ff06f) j       pc - 0x8
core   0: 3 0x80009d74 (0xff9ff06f)
core   0: 0x80009d6c (0x00006f17) auipc   t5, 0x6
core   0: 3 0x80009d6c (0x00006f17) x30 0x8000fd6c
core   0: 0x80009d70 (0x283f2a23) sw      gp, 660(t5)
core   0: 3 0x80009d70 (0x283f2a23) mem 0x80010000 0x00000001
core   0: 0x80009d74 (0xff9ff06f) j       pc - 0x8
core   0: 3 0x80009d74 (0xff9ff06f)
core   0: 0x80009d6c (0x00006f17) auipc   t5, 0x6
core   0: 3 0x80009d6c (0x00006f17) x30 0x8000fd6c
core   0: 0x80009d70 (0x283f2a23) sw      gp, 660(t5)
core   0: 3 0x80009d70 (0x283f2a23) mem 0x80010000 0x00000001
core   0: 0x80009d74 (0xff9ff06f) j       pc - 0x8
core   0: 3 0x80009d74 (0xff9ff06f)
core   0: 0x80009d6c (0x00006f17) auipc   t5, 0x6
core   0: 3 0x80009d6c (0x00006f17) x30 0x8000fd6c
core   0: 0x80009d70 (0x283f2a23) sw      gp, 660(t5)
core   0: 3 0x80009d70 (0x283f2a23) mem 0x80010000 0x00000001
core   0: 0x80009d74 (0xff9ff06f) j       pc - 0x8
core   0: 3 0x80009d74 (0xff9ff06f)
core   0: 0x80009d6c (0x00006f17) auipc   t5, 0x6
core   0: 3 0x80009d6c (0x00006f17) x30 0x8000fd6c
core   0: 0x80009d70 (0x283f2a23) sw      gp, 660(t5)
core   0: 3 0x80009d70 (0x283f2a23) mem 0x80010000 0x00000001
core   0: 0x80009d74 (0xff9ff06f) j       pc - 0x8
core   0: 3 0x80009d74 (0xff9ff06f)
core   0: 0x80009d6c (0x00006f17) auipc   t5, 0x6
core   0: 3 0x80009d6c (0x00006f17) x30 0x8000fd6c
core   0: 0x80009d70 (0x283f2a23) sw      gp, 660(t5)
core   0: 3 0x80009d70 (0x283f2a23) mem 0x80010000 0x00000001
core   0: 0x80009d74 (0xff9ff06f) j       pc - 0x8
core   0: 3 0x80009d74 (0xff9ff06f)
core   0: 0x80009d6c (0x00006f17) auipc   t5, 0x6
core   0: 3 0x80009d6c (0x00006f17) x30 0x8000fd6c
core   0: 0x80009d70 (0x283f2a23) sw      gp, 660(t5)
core   0: 3 0x80009d70 (0x283f2a23) mem 0x80010000 0x00000001
core   0: 0x80009d74 (0xff9ff06f) j       pc - 0x8
core   0: 3 0x80009d74 (0xff9ff06f)
core   0: 0x80009d6c (0x00006f17) auipc   t5, 0x6
core   0: 3 0x80009d6c (0x00006f17) x30 0x8000fd6c
core   0: 0x80009d70 (0x283f2a23) sw      gp, 660(t5)
core   0: 3 0x80009d70 (0x283f2a23) mem 0x80010000 0x00000001
core   0: 0x80009d74 (0xff9ff06f) j       pc - 0x8
core   0: 3 0x80009d74 (0xff9ff06f)
core   0: 0x80009d6c (0x00006f17) auipc   t5, 0x6
core   0: 3 0x80009d6c (0x00006f17) x30 0x8000fd6c
core   0: 0x80009d70 (0x283f2a23) sw      gp, 660(t5)
core   0: 3 0x80009d70 (0x283f2a23) mem 0x80010000 0x00000001
core   0: 0x80009d74 (0xff9ff06f) j       pc - 0x8
core   0: 3 0x80009d74 (0xff9ff06f)
core   0: 0x80009d6c (0x00006f17) auipc   t5, 0x6
core   0: 3 0x80009d6c (0x00006f17) x30 0x8000fd6c
core   0: 0x80009d70 (0x283f2a23) sw      gp, 660(t5)
core   0: 3 0x80009d70 (0x283f2a23) mem 0x80010000 0x00000001
core   0: 0x80009d74 (0xff9ff06f) j       pc - 0x8
core   0: 3 0x80009d74 (0xff9ff06f)
core   0: 0x80009d6c (0x00006f17) auipc   t5, 0x6
core   0: 3 0x80009d6c (0x00006f17) x30 0x8000fd6c
core   0: 0x80009d70 (0x283f2a23) sw      gp, 660(t5)
core   0: 3 0x80009d70 (0x283f2a23) mem 0x80010000 0x00000001
core   0: 0x80009d74 (0xff9ff06f) j       pc - 0x8
core   0: 3 0x80009d74 (0xff9ff06f)
core   0: 0x80009d6c (0x00006f17) auipc   t5, 0x6
core   0: 3 0x80009d6c (0x00006f17) x30 0x8000fd6c
core   0: 0x80009d70 (0x283f2a23) sw      gp, 660(t5)
core   0: 3 0x80009d70 (0x283f2a23) mem 0x80010000 0x00000001
core   0: 0x80009d74 (0xff9ff06f) j       pc - 0x8
core   0: 3 0x80009d74 (0xff9ff06f)
core   0: 0x80009d6c (0x00006f17) auipc   t5, 0x6
core   0: 3 0x80009d6c (0x00006f17) x30 0x8000fd6c
core   0: 0x80009d70 (0x283f2a23) sw      gp, 660(t5)
core   0: 3 0x80009d70 (0x283f2a23) mem 0x80010000 0x00000001
core   0: 0x80009d74 (0xff9ff06f) j       pc - 0x8
core   0: 3 0x80009d74 (0xff9ff06f)
core   0: 0x80009d6c (0x00006f17) auipc   t5, 0x6
core   0: 3 0x80009d6c (0x00006f17) x30 0x8000fd6c
core   0: 0x80009d70 (0x283f2a23) sw      gp, 660(t5)
core   0: 3 0x80009d70 (0x283f2a23) mem 0x80010000 0x00000001
core   0: 0x80009d74 (0xff9ff06f) j       pc - 0x8
core   0: 3 0x80009d74 (0xff9ff06f)
core   0: 0x80009d6c (0x00006f17) auipc   t5, 0x6
core   0: 3 0x80009d6c (0x00006f17) x30 0x8000fd6c
core   0: 0x80009d70 (0x283f2a23) sw      gp, 660(t5)
core   0: 3 0x80009d70 (0x283f2a23) mem 0x80010000 0x00000001
core   0: 0x80009d74 (0xff9ff06f) j       pc - 0x8
core   0: 3 0x80009d74 (0xff9ff06f)
core   0: 0x80009d6c (0x00006f17) auipc   t5, 0x6
core   0: 3 0x80009d6c (0x00006f17) x30 0x8000fd6c
core   0: 0x80009d70 (0x283f2a23) sw      gp, 660(t5)
core   0: 3 0x80009d70 (0x283f2a23) mem 0x80010000 0x00000001
core   0: 0x80009d74 (0xff9ff06f) j       pc - 0x8
core   0: 3 0x80009d74 (0xff9ff06f)
core   0: 0x80009d6c (0x00006f17) auipc   t5, 0x6
core   0: 3 0x80009d6c (0x00006f17) x30 0x8000fd6c
core   0: 0x80009d70 (0x283f2a23) sw      gp, 660(t5)
core   0: 3 0x80009d70 (0x283f2a23) mem 0x80010000 0x00000001
core   0: 0x80009d74 (0xff9ff06f) j       pc - 0x8
core   0: 3 0x80009d74 (0xff9ff06f)
core   0: 0x80009d6c (0x00006f17) auipc   t5, 0x6
core   0: 3 0x80009d6c (0x00006f17) x30 0x8000fd6c
core   0: 0x80009d70 (0x283f2a23) sw      gp, 660(t5)
core   0: 3 0x80009d70 (0x283f2a23) mem 0x80010000 0x00000001
core   0: 0x80009d74 (0xff9ff06f) j       pc - 0x8
core   0: 3 0x80009d74 (0xff9ff06f)
core   0: 0x80009d6c (0x00006f17) auipc   t5, 0x6
core   0: 3 0x80009d6c (0x00006f17) x30 0x8000fd6c
core   0: 0x80009d70 (0x283f2a23) sw      gp, 660(t5)
core   0: 3 0x80009d70 (0x283f2a23) mem 0x80010000 0x00000001
core   0: 0x80009d74 (0xff9ff06f) j       pc - 0x8
core   0: 3 0x80009d74 (0xff9ff06f)
core   0: 0x80009d6c (0x00006f17) auipc   t5, 0x6
core   0: 3 0x80009d6c (0x00006f17) x30 0x8000fd6c
core   0: 0x80009d70 (0x283f2a23) sw      gp, 660(t5)
core   0: 3 0x80009d70 (0x283f2a23) mem 0x80010000 0x00000001
core   0: 0x80009d74 (0xff9ff06f) j       pc - 0x8
core   0: 3 0x80009d74 (0xff9ff06f)
core   0: 0x80009d6c (0x00006f17) auipc   t5, 0x6
core   0: 3 0x80009d6c (0x00006f17) x30 0x8000fd6c
core   0: 0x80009d70 (0x283f2a23) sw      gp, 660(t5)
core   0: 3 0x80009d70 (0x283f2a23) mem 0x80010000 0x00000001
core   0: 0x80009d74 (0xff9ff06f) j       pc - 0x8
core   0: 3 0x80009d74 (0xff9ff06f)
core   0: 0x80009d6c (0x00006f17) auipc   t5, 0x6
core   0: 3 0x80009d6c (0x00006f17) x30 0x8000fd6c
core   0: 0x80009d70 (0x283f2a23) sw      gp, 660(t5)
core   0: 3 0x80009d70 (0x283f2a23) mem 0x80010000 0x00000001
core   0: 0x80009d74 (0xff9ff06f) j       pc - 0x8
core   0: 3 0x80009d74 (0xff9ff06f)
core   0: 0x80009d6c (0x00006f17) auipc   t5, 0x6
core   0: 3 0x80009d6c (0x00006f17) x30 0x8000fd6c
core   0: 0x80009d70 (0x283f2a23) sw      gp, 660(t5)
core   0: 3 0x80009d70 (0x283f2a23) mem 0x80010000 0x00000001
core   0: 0x80009d74 (0xff9ff06f) j       pc - 0x8
core   0: 3 0x80009d74 (0xff9ff06f)
core   0: 0x80009d6c (0x00006f17) auipc   t5, 0x6
core   0: 3 0x80009d6c (0x00006f17) x30 0x8000fd6c
core   0: 0x80009d70 (0x283f2a23) sw      gp, 660(t5)
core   0: 3 0x80009d70 (0x283f2a23) mem 0x80010000 0x00000001
core   0: 0x80009d74 (0xff9ff06f) j       pc - 0x8
core   0: 3 0x80009d74 (0xff9ff06f)
core   0: 0x80009d6c (0x00006f17) auipc   t5, 0x6
core   0: 3 0x80009d6c (0x00006f17) x30 0x8000fd6c
core   0: 0x80009d70 (0x283f2a23) sw      gp, 660(t5)
core   0: 3 0x80009d70 (0x283f2a23) mem 0x80010000 0x00000001
core   0: 0x80009d74 (0xff9ff06f) j       pc - 0x8
core   0: 3 0x80009d74 (0xff9ff06f)
core   0: 0x80009d6c (0x00006f17) auipc   t5, 0x6
core   0: 3 0x80009d6c (0x00006f17) x30 0x8000fd6c
core   0: 0x80009d70 (0x283f2a23) sw      gp, 660(t5)
core   0: 3 0x80009d70 (0x283f2a23) mem 0x80010000 0x00000001
core   0: 0x80009d74 (0xff9ff06f) j       pc - 0x8
core   0: 3 0x80009d74 (0xff9ff06f)
core   0: 0x80009d6c (0x00006f17) auipc   t5, 0x6
core   0: 3 0x80009d6c (0x00006f17) x30 0x8000fd6c
core   0: 0x80009d70 (0x283f2a23) sw      gp, 660(t5)
core   0: 3 0x80009d70 (0x283f2a23) mem 0x80010000 0x00000001
core   0: 0x80009d74 (0xff9ff06f) j       pc - 0x8
core   0: 3 0x80009d74 (0xff9ff06f)
core   0: 0x80009d6c (0x00006f17) auipc   t5, 0x6
core   0: 3 0x80009d6c (0x00006f17) x30 0x8000fd6c
core   0: 0x80009d70 (0x283f2a23) sw      gp, 660(t5)
core   0: 3 0x80009d70 (0x283f2a23) mem 0x80010000 0x00000001
core   0: 0x80009d74 (0xff9ff06f) j       pc - 0x8
core   0: 3 0x80009d74 (0xff9ff06f)
core   0: 0x80009d6c (0x00006f17) auipc   t5, 0x6
core   0: 3 0x80009d6c (0x00006f17) x30 0x8000fd6c
core   0: 0x80009d70 (0x283f2a23) sw      gp, 660(t5)
core   0: 3 0x80009d70 (0x283f2a23) mem 0x80010000 0x00000001
core   0: 0x80009d74 (0xff9ff06f) j       pc - 0x8
core   0: 3 0x80009d74 (0xff9ff06f)
core   0: 0x80009d6c (0x00006f17) auipc   t5, 0x6
core   0: 3 0x80009d6c (0x00006f17) x30 0x8000fd6c
core   0: 0x80009d70 (0x283f2a23) sw      gp, 660(t5)
core   0: 3 0x80009d70 (0x283f2a23) mem 0x80010000 0x00000001
core   0: 0x80009d74 (0xff9ff06f) j       pc - 0x8
core   0: 3 0x80009d74 (0xff9ff06f)
core   0: 0x80009d6c (0x00006f17) auipc   t5, 0x6
core   0: 3 0x80009d6c (0x00006f17) x30 0x8000fd6c
core   0: 0x80009d70 (0x283f2a23) sw      gp, 660(t5)
core   0: 3 0x80009d70 (0x283f2a23) mem 0x80010000 0x00000001
core   0: 0x80009d74 (0xff9ff06f) j       pc - 0x8
core   0: 3 0x80009d74 (0xff9ff06f)
core   0: 0x80009d6c (0x00006f17) auipc   t5, 0x6
core   0: 3 0x80009d6c (0x00006f17) x30 0x8000fd6c
core   0: 0x80009d70 (0x283f2a23) sw      gp, 660(t5)
core   0: 3 0x80009d70 (0x283f2a23) mem 0x80010000 0x00000001
core   0: 0x80009d74 (0xff9ff06f) j       pc - 0x8
core   0: 3 0x80009d74 (0xff9ff06f)
core   0: 0x80009d6c (0x00006f17) auipc   t5, 0x6
core   0: 3 0x80009d6c (0x00006f17) x30 0x8000fd6c
core   0: 0x80009d70 (0x283f2a23) sw      gp, 660(t5)
core   0: 3 0x80009d70 (0x283f2a23) mem 0x80010000 0x00000001
core   0: 0x80009d74 (0xff9ff06f) j       pc - 0x8
core   0: 3 0x80009d74 (0xff9ff06f)
core   0: 0x80009d6c (0x00006f17) auipc   t5, 0x6
core   0: 3 0x80009d6c (0x00006f17) x30 0x8000fd6c
core   0: 0x80009d70 (0x283f2a23) sw      gp, 660(t5)
core   0: 3 0x80009d70 (0x283f2a23) mem 0x80010000 0x00000001
core   0: 0x80009d74 (0xff9ff06f) j       pc - 0x8
core   0: 3 0x80009d74 (0xff9ff06f)
core   0: 0x80009d6c (0x00006f17) auipc   t5, 0x6
core   0: 3 0x80009d6c (0x00006f17) x30 0x8000fd6c
core   0: 0x80009d70 (0x283f2a23) sw      gp, 660(t5)
core   0: 3 0x80009d70 (0x283f2a23) mem 0x80010000 0x00000001
core   0: 0x80009d74 (0xff9ff06f) j       pc - 0x8
core   0: 3 0x80009d74 (0xff9ff06f)
core   0: 0x80009d6c (0x00006f17) auipc   t5, 0x6
core   0: 3 0x80009d6c (0x00006f17) x30 0x8000fd6c
core   0: 0x80009d70 (0x283f2a23) sw      gp, 660(t5)
core   0: 3 0x80009d70 (0x283f2a23) mem 0x80010000 0x00000001
core   0: 0x80009d74 (0xff9ff06f) j       pc - 0x8
core   0: 3 0x80009d74 (0xff9ff06f)
core   0: 0x80009d6c (0x00006f17) auipc   t5, 0x6
core   0: 3 0x80009d6c (0x00006f17) x30 0x8000fd6c
core   0: 0x80009d70 (0x283f2a23) sw      gp, 660(t5)
core   0: 3 0x80009d70 (0x283f2a23) mem 0x80010000 0x00000001
core   0: 0x80009d74 (0xff9ff06f) j       pc - 0x8
core   0: 3 0x80009d74 (0xff9ff06f)
core   0: 0x80009d6c (0x00006f17) auipc   t5, 0x6
core   0: 3 0x80009d6c (0x00006f17) x30 0x8000fd6c
core   0: 0x80009d70 (0x283f2a23) sw      gp, 660(t5)
core   0: 3 0x80009d70 (0x283f2a23) mem 0x80010000 0x00000001
core   0: 0x80009d74 (0xff9ff06f) j       pc - 0x8
core   0: 3 0x80009d74 (0xff9ff06f)
core   0: 0x80009d6c (0x00006f17) auipc   t5, 0x6
core   0: 3 0x80009d6c (0x00006f17) x30 0x8000fd6c
core   0: 0x80009d70 (0x283f2a23) sw      gp, 660(t5)
core   0: 3 0x80009d70 (0x283f2a23) mem 0x80010000 0x00000001
core   0: 0x80009d74 (0xff9ff06f) j       pc - 0x8
core   0: 3 0x80009d74 (0xff9ff06f)
core   0: 0x80009d6c (0x00006f17) auipc   t5, 0x6
core   0: 3 0x80009d6c (0x00006f17) x30 0x8000fd6c
core   0: 0x80009d70 (0x283f2a23) sw      gp, 660(t5)
core   0: 3 0x80009d70 (0x283f2a23) mem 0x80010000 0x00000001
core   0: 0x80009d74 (0xff9ff06f) j       pc - 0x8
core   0: 3 0x80009d74 (0xff9ff06f)
core   0: 0x80009d6c (0x00006f17) auipc   t5, 0x6
core   0: 3 0x80009d6c (0x00006f17) x30 0x8000fd6c
core   0: 0x80009d70 (0x283f2a23) sw      gp, 660(t5)
core   0: 3 0x80009d70 (0x283f2a23) mem 0x80010000 0x00000001
core   0: 0x80009d74 (0xff9ff06f) j       pc - 0x8
core   0: 3 0x80009d74 (0xff9ff06f)
core   0: 0x80009d6c (0x00006f17) auipc   t5, 0x6
core   0: 3 0x80009d6c (0x00006f17) x30 0x8000fd6c
core   0: 0x80009d70 (0x283f2a23) sw      gp, 660(t5)
core   0: 3 0x80009d70 (0x283f2a23) mem 0x80010000 0x00000001
core   0: 0x80009d74 (0xff9ff06f) j       pc - 0x8
core   0: 3 0x80009d74 (0xff9ff06f)
core   0: 0x80009d6c (0x00006f17) auipc   t5, 0x6
core   0: 3 0x80009d6c (0x00006f17) x30 0x8000fd6c
core   0: 0x80009d70 (0x283f2a23) sw      gp, 660(t5)
core   0: 3 0x80009d70 (0x283f2a23) mem 0x80010000 0x00000001
core   0: 0x80009d74 (0xff9ff06f) j       pc - 0x8
core   0: 3 0x80009d74 (0xff9ff06f)
core   0: 0x80009d6c (0x00006f17) auipc   t5, 0x6
core   0: 3 0x80009d6c (0x00006f17) x30 0x8000fd6c
core   0: 0x80009d70 (0x283f2a23) sw      gp, 660(t5)
core   0: 3 0x80009d70 (0x283f2a23) mem 0x80010000 0x00000001
core   0: 0x80009d74 (0xff9ff06f) j       pc - 0x8
core   0: 3 0x80009d74 (0xff9ff06f)
core   0: 0x80009d6c (0x00006f17) auipc   t5, 0x6
core   0: 3 0x80009d6c (0x00006f17) x30 0x8000fd6c
core   0: 0x80009d70 (0x283f2a23) sw      gp, 660(t5)
core   0: 3 0x80009d70 (0x283f2a23) mem 0x80010000 0x00000001
core   0: 0x80009d74 (0xff9ff06f) j       pc - 0x8
core   0: 3 0x80009d74 (0xff9ff06f)
core   0: 0x80009d6c (0x00006f17) auipc   t5, 0x6
core   0: 3 0x80009d6c (0x00006f17) x30 0x8000fd6c
core   0: 0x80009d70 (0x283f2a23) sw      gp, 660(t5)
core   0: 3 0x80009d70 (0x283f2a23) mem 0x80010000 0x00000001
core   0: 0x80009d74 (0xff9ff06f) j       pc - 0x8
core   0: 3 0x80009d74 (0xff9ff06f)
core   0: 0x80009d6c (0x00006f17) auipc   t5, 0x6
core   0: 3 0x80009d6c (0x00006f17) x30 0x8000fd6c
core   0: 0x80009d70 (0x283f2a23) sw      gp, 660(t5)
core   0: 3 0x80009d70 (0x283f2a23) mem 0x80010000 0x00000001
core   0: 0x80009d74 (0xff9ff06f) j       pc - 0x8
core   0: 3 0x80009d74 (0xff9ff06f)
core   0: 0x80009d6c (0x00006f17) auipc   t5, 0x6
core   0: 3 0x80009d6c (0x00006f17) x30 0x8000fd6c
core   0: 0x80009d70 (0x283f2a23) sw      gp, 660(t5)
core   0: 3 0x80009d70 (0x283f2a23) mem 0x80010000 0x00000001
core   0: 0x80009d74 (0xff9ff06f) j       pc - 0x8
core   0: 3 0x80009d74 (0xff9ff06f)
core   0: 0x80009d6c (0x00006f17) auipc   t5, 0x6
core   0: 3 0x80009d6c (0x00006f17) x30 0x8000fd6c
core   0: 0x80009d70 (0x283f2a23) sw      gp, 660(t5)
core   0: 3 0x80009d70 (0x283f2a23) mem 0x80010000 0x00000001
core   0: 0x80009d74 (0xff9ff06f) j       pc - 0x8
core   0: 3 0x80009d74 (0xff9ff06f)
core   0: 0x80009d6c (0x00006f17) auipc   t5, 0x6
core   0: 3 0x80009d6c (0x00006f17) x30 0x8000fd6c
core   0: 0x80009d70 (0x283f2a23) sw      gp, 660(t5)
core   0: 3 0x80009d70 (0x283f2a23) mem 0x80010000 0x00000001
core   0: 0x80009d74 (0xff9ff06f) j       pc - 0x8
core   0: 3 0x80009d74 (0xff9ff06f)
core   0: 0x80009d6c (0x00006f17) auipc   t5, 0x6
core   0: 3 0x80009d6c (0x00006f17) x30 0x8000fd6c
core   0: 0x80009d70 (0x283f2a23) sw      gp, 660(t5)
core   0: 3 0x80009d70 (0x283f2a23) mem 0x80010000 0x00000001
core   0: 0x80009d74 (0xff9ff06f) j       pc - 0x8
core   0: 3 0x80009d74 (0xff9ff06f)
core   0: 0x80009d6c (0x00006f17) auipc   t5, 0x6
core   0: 3 0x80009d6c (0x00006f17) x30 0x8000fd6c
core   0: 0x80009d70 (0x283f2a23) sw      gp, 660(t5)
core   0: 3 0x80009d70 (0x283f2a23) mem 0x80010000 0x00000001
core   0: 0x80009d74 (0xff9ff06f) j       pc - 0x8
core   0: 3 0x80009d74 (0xff9ff06f)
core   0: 0x80009d6c (0x00006f17) auipc   t5, 0x6
core   0: 3 0x80009d6c (0x00006f17) x30 0x8000fd6c
core   0: 0x80009d70 (0x283f2a23) sw      gp, 660(t5)
core   0: 3 0x80009d70 (0x283f2a23) mem 0x80010000 0x00000001
core   0: 0x80009d74 (0xff9ff06f) j       pc - 0x8
core   0: 3 0x80009d74 (0xff9ff06f)
core   0: 0x80009d6c (0x00006f17) auipc   t5, 0x6
core   0: 3 0x80009d6c (0x00006f17) x30 0x8000fd6c
core   0: 0x80009d70 (0x283f2a23) sw      gp, 660(t5)
core   0: 3 0x80009d70 (0x283f2a23) mem 0x80010000 0x00000001
core   0: 0x80009d74 (0xff9ff06f) j       pc - 0x8
core   0: 3 0x80009d74 (0xff9ff06f)
core   0: 0x80009d6c (0x00006f17) auipc   t5, 0x6
core   0: 3 0x80009d6c (0x00006f17) x30 0x8000fd6c
core   0: 0x80009d70 (0x283f2a23) sw      gp, 660(t5)
core   0: 3 0x80009d70 (0x283f2a23) mem 0x80010000 0x00000001
core   0: 0x80009d74 (0xff9ff06f) j       pc - 0x8
core   0: 3 0x80009d74 (0xff9ff06f)
core   0: 0x80009d6c (0x00006f17) auipc   t5, 0x6
core   0: 3 0x80009d6c (0x00006f17) x30 0x8000fd6c
core   0: 0x80009d70 (0x283f2a23) sw      gp, 660(t5)
core   0: 3 0x80009d70 (0x283f2a23) mem 0x80010000 0x00000001
core   0: 0x80009d74 (0xff9ff06f) j       pc - 0x8
core   0: 3 0x80009d74 (0xff9ff06f)
core   0: 0x80009d6c (0x00006f17) auipc   t5, 0x6
core   0: 3 0x80009d6c (0x00006f17) x30 0x8000fd6c
core   0: 0x80009d70 (0x283f2a23) sw      gp, 660(t5)
core   0: 3 0x80009d70 (0x283f2a23) mem 0x80010000 0x00000001
core   0: 0x80009d74 (0xff9ff06f) j       pc - 0x8
core   0: 3 0x80009d74 (0xff9ff06f)
core   0: 0x80009d6c (0x00006f17) auipc   t5, 0x6
core   0: 3 0x80009d6c (0x00006f17) x30 0x8000fd6c
core   0: 0x80009d70 (0x283f2a23) sw      gp, 660(t5)
core   0: 3 0x80009d70 (0x283f2a23) mem 0x80010000 0x00000001
core   0: 0x80009d74 (0xff9ff06f) j       pc - 0x8
core   0: 3 0x80009d74 (0xff9ff06f)
core   0: 0x80009d6c (0x00006f17) auipc   t5, 0x6
core   0: 3 0x80009d6c (0x00006f17) x30 0x8000fd6c
core   0: 0x80009d70 (0x283f2a23) sw      gp, 660(t5)
core   0: 3 0x80009d70 (0x283f2a23) mem 0x80010000 0x00000001
core   0: 0x80009d74 (0xff9ff06f) j       pc - 0x8
core   0: 3 0x80009d74 (0xff9ff06f)
core   0: 0x80009d6c (0x00006f17) auipc   t5, 0x6
core   0: 3 0x80009d6c (0x00006f17) x30 0x8000fd6c
core   0: 0x80009d70 (0x283f2a23) sw      gp, 660(t5)
core   0: 3 0x80009d70 (0x283f2a23) mem 0x80010000 0x00000001
core   0: 0x80009d74 (0xff9ff06f) j       pc - 0x8
core   0: 3 0x80009d74 (0xff9ff06f)
core   0: 0x80009d6c (0x00006f17) auipc   t5, 0x6
core   0: 3 0x80009d6c (0x00006f17) x30 0x8000fd6c
core   0: 0x80009d70 (0x283f2a23) sw      gp, 660(t5)
core   0: 3 0x80009d70 (0x283f2a23) mem 0x80010000 0x00000001
core   0: 0x80009d74 (0xff9ff06f) j       pc - 0x8
core   0: 3 0x80009d74 (0xff9ff06f)
core   0: 0x80009d6c (0x00006f17) auipc   t5, 0x6
core   0: 3 0x80009d6c (0x00006f17) x30 0x8000fd6c
core   0: 0x80009d70 (0x283f2a23) sw      gp, 660(t5)
core   0: 3 0x80009d70 (0x283f2a23) mem 0x80010000 0x00000001
core   0: 0x80009d74 (0xff9ff06f) j       pc - 0x8
core   0: 3 0x80009d74 (0xff9ff06f)
core   0: 0x80009d6c (0x00006f17) auipc   t5, 0x6
core   0: 3 0x80009d6c (0x00006f17) x30 0x8000fd6c
core   0: 0x80009d70 (0x283f2a23) sw      gp, 660(t5)
core   0: 3 0x80009d70 (0x283f2a23) mem 0x80010000 0x00000001
core   0: 0x80009d74 (0xff9ff06f) j       pc - 0x8
core   0: 3 0x80009d74 (0xff9ff06f)
core   0: 0x80009d6c (0x00006f17) auipc   t5, 0x6
core   0: 3 0x80009d6c (0x00006f17) x30 0x8000fd6c
core   0: 0x80009d70 (0x283f2a23) sw      gp, 660(t5)
core   0: 3 0x80009d70 (0x283f2a23) mem 0x80010000 0x00000001
core   0: 0x80009d74 (0xff9ff06f) j       pc - 0x8
core   0: 3 0x80009d74 (0xff9ff06f)
core   0: 0x80009d6c (0x00006f17) auipc   t5, 0x6
core   0: 3 0x80009d6c (0x00006f17) x30 0x8000fd6c
core   0: 0x80009d70 (0x283f2a23) sw      gp, 660(t5)
core   0: 3 0x80009d70 (0x283f2a23) mem 0x80010000 0x00000001
core   0: 0x80009d74 (0xff9ff06f) j       pc - 0x8
core   0: 3 0x80009d74 (0xff9ff06f)
core   0: 0x80009d6c (0x00006f17) auipc   t5, 0x6
core   0: 3 0x80009d6c (0x00006f17) x30 0x8000fd6c
core   0: 0x80009d70 (0x283f2a23) sw      gp, 660(t5)
core   0: 3 0x80009d70 (0x283f2a23) mem 0x80010000 0x00000001
core   0: 0x80009d74 (0xff9ff06f) j       pc - 0x8
core   0: 3 0x80009d74 (0xff9ff06f)
core   0: 0x80009d6c (0x00006f17) auipc   t5, 0x6
core   0: 3 0x80009d6c (0x00006f17) x30 0x8000fd6c
core   0: 0x80009d70 (0x283f2a23) sw      gp, 660(t5)
core   0: 3 0x80009d70 (0x283f2a23) mem 0x80010000 0x00000001
core   0: 0x80009d74 (0xff9ff06f) j       pc - 0x8
core   0: 3 0x80009d74 (0xff9ff06f)
core   0: 0x80009d6c (0x00006f17) auipc   t5, 0x6
core   0: 3 0x80009d6c (0x00006f17) x30 0x8000fd6c
core   0: 0x80009d70 (0x283f2a23) sw      gp, 660(t5)
core   0: 3 0x80009d70 (0x283f2a23) mem 0x80010000 0x00000001
core   0: 0x80009d74 (0xff9ff06f) j       pc - 0x8
core   0: 3 0x80009d74 (0xff9ff06f)
core   0: 0x80009d6c (0x00006f17) auipc   t5, 0x6
core   0: 3 0x80009d6c (0x00006f17) x30 0x8000fd6c
core   0: 0x80009d70 (0x283f2a23) sw      gp, 660(t5)
core   0: 3 0x80009d70 (0x283f2a23) mem 0x80010000 0x00000001
core   0: 0x80009d74 (0xff9ff06f) j       pc - 0x8
core   0: 3 0x80009d74 (0xff9ff06f)
core   0: 0x80009d6c (0x00006f17) auipc   t5, 0x6
core   0: 3 0x80009d6c (0x00006f17) x30 0x8000fd6c
core   0: 0x80009d70 (0x283f2a23) sw      gp, 660(t5)
core   0: 3 0x80009d70 (0x283f2a23) mem 0x80010000 0x00000001
core   0: 0x80009d74 (0xff9ff06f) j       pc - 0x8
core   0: 3 0x80009d74 (0xff9ff06f)
core   0: 0x80009d6c (0x00006f17) auipc   t5, 0x6
core   0: 3 0x80009d6c (0x00006f17) x30 0x8000fd6c
core   0: 0x80009d70 (0x283f2a23) sw      gp, 660(t5)
core   0: 3 0x80009d70 (0x283f2a23) mem 0x80010000 0x00000001
core   0: 0x80009d74 (0xff9ff06f) j       pc - 0x8
core   0: 3 0x80009d74 (0xff9ff06f)
core   0: 0x80009d6c (0x00006f17) auipc   t5, 0x6
core   0: 3 0x80009d6c (0x00006f17) x30 0x8000fd6c
core   0: 0x80009d70 (0x283f2a23) sw      gp, 660(t5)
core   0: 3 0x80009d70 (0x283f2a23) mem 0x80010000 0x00000001
core   0: 0x80009d74 (0xff9ff06f) j       pc - 0x8
core   0: 3 0x80009d74 (0xff9ff06f)
core   0: 0x80009d6c (0x00006f17) auipc   t5, 0x6
core   0: 3 0x80009d6c (0x00006f17) x30 0x8000fd6c
core   0: 0x80009d70 (0x283f2a23) sw      gp, 660(t5)
core   0: 3 0x80009d70 (0x283f2a23) mem 0x80010000 0x00000001
core   0: 0x80009d74 (0xff9ff06f) j       pc - 0x8
core   0: 3 0x80009d74 (0xff9ff06f)
core   0: 0x80009d6c (0x00006f17) auipc   t5, 0x6
core   0: 3 0x80009d6c (0x00006f17) x30 0x8000fd6c
core   0: 0x80009d70 (0x283f2a23) sw      gp, 660(t5)
core   0: 3 0x80009d70 (0x283f2a23) mem 0x80010000 0x00000001
core   0: 0x80009d74 (0xff9ff06f) j       pc - 0x8
core   0: 3 0x80009d74 (0xff9ff06f)
core   0: 0x80009d6c (0x00006f17) auipc   t5, 0x6
core   0: 3 0x80009d6c (0x00006f17) x30 0x8000fd6c
core   0: 0x80009d70 (0x283f2a23) sw      gp, 660(t5)
core   0: 3 0x80009d70 (0x283f2a23) mem 0x80010000 0x00000001
core   0: 0x80009d74 (0xff9ff06f) j       pc - 0x8
core   0: 3 0x80009d74 (0xff9ff06f)
core   0: 0x80009d6c (0x00006f17) auipc   t5, 0x6
core   0: 3 0x80009d6c (0x00006f17) x30 0x8000fd6c
core   0: 0x80009d70 (0x283f2a23) sw      gp, 660(t5)
core   0: 3 0x80009d70 (0x283f2a23) mem 0x80010000 0x00000001
core   0: 0x80009d74 (0xff9ff06f) j       pc - 0x8
core   0: 3 0x80009d74 (0xff9ff06f)
core   0: 0x80009d6c (0x00006f17) auipc   t5, 0x6
core   0: 3 0x80009d6c (0x00006f17) x30 0x8000fd6c
core   0: 0x80009d70 (0x283f2a23) sw      gp, 660(t5)
core   0: 3 0x80009d70 (0x283f2a23) mem 0x80010000 0x00000001
core   0: 0x80009d74 (0xff9ff06f) j       pc - 0x8
core   0: 3 0x80009d74 (0xff9ff06f)
core   0: 0x80009d6c (0x00006f17) auipc   t5, 0x6
core   0: 3 0x80009d6c (0x00006f17) x30 0x8000fd6c
core   0: 0x80009d70 (0x283f2a23) sw      gp, 660(t5)
core   0: 3 0x80009d70 (0x283f2a23) mem 0x80010000 0x00000001
core   0: 0x80009d74 (0xff9ff06f) j       pc - 0x8
core   0: 3 0x80009d74 (0xff9ff06f)
core   0: 0x80009d6c (0x00006f17) auipc   t5, 0x6
core   0: 3 0x80009d6c (0x00006f17) x30 0x8000fd6c
core   0: 0x80009d70 (0x283f2a23) sw      gp, 660(t5)
core   0: 3 0x80009d70 (0x283f2a23) mem 0x80010000 0x00000001
core   0: 0x80009d74 (0xff9ff06f) j       pc - 0x8
core   0: 3 0x80009d74 (0xff9ff06f)
core   0: 0x80009d6c (0x00006f17) auipc   t5, 0x6
core   0: 3 0x80009d6c (0x00006f17) x30 0x8000fd6c
core   0: 0x80009d70 (0x283f2a23) sw      gp, 660(t5)
core   0: 3 0x80009d70 (0x283f2a23) mem 0x80010000 0x00000001
core   0: 0x80009d74 (0xff9ff06f) j       pc - 0x8
core   0: 3 0x80009d74 (0xff9ff06f)
core   0: 0x80009d6c (0x00006f17) auipc   t5, 0x6
core   0: 3 0x80009d6c (0x00006f17) x30 0x8000fd6c
core   0: 0x80009d70 (0x283f2a23) sw      gp, 660(t5)
core   0: 3 0x80009d70 (0x283f2a23) mem 0x80010000 0x00000001
core   0: 0x80009d74 (0xff9ff06f) j       pc - 0x8
core   0: 3 0x80009d74 (0xff9ff06f)
core   0: 0x80009d6c (0x00006f17) auipc   t5, 0x6
core   0: 3 0x80009d6c (0x00006f17) x30 0x8000fd6c
core   0: 0x80009d70 (0x283f2a23) sw      gp, 660(t5)
core   0: 3 0x80009d70 (0x283f2a23) mem 0x80010000 0x00000001
core   0: 0x80009d74 (0xff9ff06f) j       pc - 0x8
core   0: 3 0x80009d74 (0xff9ff06f)
core   0: 0x80009d6c (0x00006f17) auipc   t5, 0x6
core   0: 3 0x80009d6c (0x00006f17) x30 0x8000fd6c
core   0: 0x80009d70 (0x283f2a23) sw      gp, 660(t5)
core   0: 3 0x80009d70 (0x283f2a23) mem 0x80010000 0x00000001
core   0: 0x80009d74 (0xff9ff06f) j       pc - 0x8
core   0: 3 0x80009d74 (0xff9ff06f)
core   0: 0x80009d6c (0x00006f17) auipc   t5, 0x6
core   0: 3 0x80009d6c (0x00006f17) x30 0x8000fd6c
core   0: 0x80009d70 (0x283f2a23) sw      gp, 660(t5)
core   0: 3 0x80009d70 (0x283f2a23) mem 0x80010000 0x00000001
core   0: 0x80009d74 (0xff9ff06f) j       pc - 0x8
core   0: 3 0x80009d74 (0xff9ff06f)
core   0: 0x80009d6c (0x00006f17) auipc   t5, 0x6
core   0: 3 0x80009d6c (0x00006f17) x30 0x8000fd6c
core   0: 0x80009d70 (0x283f2a23) sw      gp, 660(t5)
core   0: 3 0x80009d70 (0x283f2a23) mem 0x80010000 0x00000001
core   0: 0x80009d74 (0xff9ff06f) j       pc - 0x8
core   0: 3 0x80009d74 (0xff9ff06f)
core   0: 0x80009d6c (0x00006f17) auipc   t5, 0x6
core   0: 3 0x80009d6c (0x00006f17) x30 0x8000fd6c
core   0: 0x80009d70 (0x283f2a23) sw      gp, 660(t5)
core   0: 3 0x80009d70 (0x283f2a23) mem 0x80010000 0x00000001
core   0: 0x80009d74 (0xff9ff06f) j       pc - 0x8
core   0: 3 0x80009d74 (0xff9ff06f)
core   0: 0x80009d6c (0x00006f17) auipc   t5, 0x6
core   0: 3 0x80009d6c (0x00006f17) x30 0x8000fd6c
core   0: 0x80009d70 (0x283f2a23) sw      gp, 660(t5)
core   0: 3 0x80009d70 (0x283f2a23) mem 0x80010000 0x00000001
core   0: 0x80009d74 (0xff9ff06f) j       pc - 0x8
core   0: 3 0x80009d74 (0xff9ff06f)
core   0: 0x80009d6c (0x00006f17) auipc   t5, 0x6
core   0: 3 0x80009d6c (0x00006f17) x30 0x8000fd6c
core   0: 0x80009d70 (0x283f2a23) sw      gp, 660(t5)
core   0: 3 0x80009d70 (0x283f2a23) mem 0x80010000 0x00000001
core   0: 0x80009d74 (0xff9ff06f) j       pc - 0x8
core   0: 3 0x80009d74 (0xff9ff06f)
core   0: 0x80009d6c (0x00006f17) auipc   t5, 0x6
core   0: 3 0x80009d6c (0x00006f17) x30 0x8000fd6c
core   0: 0x80009d70 (0x283f2a23) sw      gp, 660(t5)
core   0: 3 0x80009d70 (0x283f2a23) mem 0x80010000 0x00000001
core   0: 0x80009d74 (0xff9ff06f) j       pc - 0x8
core   0: 3 0x80009d74 (0xff9ff06f)
core   0: 0x80009d6c (0x00006f17) auipc   t5, 0x6
core   0: 3 0x80009d6c (0x00006f17) x30 0x8000fd6c
core   0: 0x80009d70 (0x283f2a23) sw      gp, 660(t5)
core   0: 3 0x80009d70 (0x283f2a23) mem 0x80010000 0x00000001
core   0: 0x80009d74 (0xff9ff06f) j       pc - 0x8
core   0: 3 0x80009d74 (0xff9ff06f)
core   0: 0x80009d6c (0x00006f17) auipc   t5, 0x6
core   0: 3 0x80009d6c (0x00006f17) x30 0x8000fd6c
core   0: 0x80009d70 (0x283f2a23) sw      gp, 660(t5)
core   0: 3 0x80009d70 (0x283f2a23) mem 0x80010000 0x00000001
core   0: 0x80009d74 (0xff9ff06f) j       pc - 0x8
core   0: 3 0x80009d74 (0xff9ff06f)
core   0: 0x80009d6c (0x00006f17) auipc   t5, 0x6
core   0: 3 0x80009d6c (0x00006f17) x30 0x8000fd6c
core   0: 0x80009d70 (0x283f2a23) sw      gp, 660(t5)
core   0: 3 0x80009d70 (0x283f2a23) mem 0x80010000 0x00000001
core   0: 0x80009d74 (0xff9ff06f) j       pc - 0x8
core   0: 3 0x80009d74 (0xff9ff06f)
core   0: 0x80009d6c (0x00006f17) auipc   t5, 0x6
core   0: 3 0x80009d6c (0x00006f17) x30 0x8000fd6c
core   0: 0x80009d70 (0x283f2a23) sw      gp, 660(t5)
core   0: 3 0x80009d70 (0x283f2a23) mem 0x80010000 0x00000001
core   0: 0x80009d74 (0xff9ff06f) j       pc - 0x8
core   0: 3 0x80009d74 (0xff9ff06f)
core   0: 0x80009d6c (0x00006f17) auipc   t5, 0x6
core   0: 3 0x80009d6c (0x00006f17) x30 0x8000fd6c
core   0: 0x80009d70 (0x283f2a23) sw      gp, 660(t5)
core   0: 3 0x80009d70 (0x283f2a23) mem 0x80010000 0x00000001
core   0: 0x80009d74 (0xff9ff06f) j       pc - 0x8
core   0: 3 0x80009d74 (0xff9ff06f)
core   0: 0x80009d6c (0x00006f17) auipc   t5, 0x6
core   0: 3 0x80009d6c (0x00006f17) x30 0x8000fd6c
core   0: 0x80009d70 (0x283f2a23) sw      gp, 660(t5)
core   0: 3 0x80009d70 (0x283f2a23) mem 0x80010000 0x00000001
core   0: 0x80009d74 (0xff9ff06f) j       pc - 0x8
core   0: 3 0x80009d74 (0xff9ff06f)
core   0: 0x80009d6c (0x00006f17) auipc   t5, 0x6
core   0: 3 0x80009d6c (0x00006f17) x30 0x8000fd6c
core   0: 0x80009d70 (0x283f2a23) sw      gp, 660(t5)
core   0: 3 0x80009d70 (0x283f2a23) mem 0x80010000 0x00000001
core   0: 0x80009d74 (0xff9ff06f) j       pc - 0x8
core   0: 3 0x80009d74 (0xff9ff06f)
core   0: 0x80009d6c (0x00006f17) auipc   t5, 0x6
core   0: 3 0x80009d6c (0x00006f17) x30 0x8000fd6c
core   0: 0x80009d70 (0x283f2a23) sw      gp, 660(t5)
core   0: 3 0x80009d70 (0x283f2a23) mem 0x80010000 0x00000001
core   0: 0x80009d74 (0xff9ff06f) j       pc - 0x8
core   0: 3 0x80009d74 (0xff9ff06f)
core   0: 0x80009d6c (0x00006f17) auipc   t5, 0x6
core   0: 3 0x80009d6c (0x00006f17) x30 0x8000fd6c
core   0: 0x80009d70 (0x283f2a23) sw      gp, 660(t5)
core   0: 3 0x80009d70 (0x283f2a23) mem 0x80010000 0x00000001
core   0: 0x80009d74 (0xff9ff06f) j       pc - 0x8
core   0: 3 0x80009d74 (0xff9ff06f)
core   0: 0x80009d6c (0x00006f17) auipc   t5, 0x6
core   0: 3 0x80009d6c (0x00006f17) x30 0x8000fd6c
core   0: 0x80009d70 (0x283f2a23) sw      gp, 660(t5)
core   0: 3 0x80009d70 (0x283f2a23) mem 0x80010000 0x00000001
core   0: 0x80009d74 (0xff9ff06f) j       pc - 0x8
core   0: 3 0x80009d74 (0xff9ff06f)
core   0: 0x80009d6c (0x00006f17) auipc   t5, 0x6
core   0: 3 0x80009d6c (0x00006f17) x30 0x8000fd6c
core   0: 0x80009d70 (0x283f2a23) sw      gp, 660(t5)
core   0: 3 0x80009d70 (0x283f2a23) mem 0x80010000 0x00000001
core   0: 0x80009d74 (0xff9ff06f) j       pc - 0x8
core   0: 3 0x80009d74 (0xff9ff06f)
core   0: 0x80009d6c (0x00006f17) auipc   t5, 0x6
core   0: 3 0x80009d6c (0x00006f17) x30 0x8000fd6c
core   0: 0x80009d70 (0x283f2a23) sw      gp, 660(t5)
core   0: 3 0x80009d70 (0x283f2a23) mem 0x80010000 0x00000001
core   0: 0x80009d74 (0xff9ff06f) j       pc - 0x8
core   0: 3 0x80009d74 (0xff9ff06f)
core   0: 0x80009d6c (0x00006f17) auipc   t5, 0x6
core   0: 3 0x80009d6c (0x00006f17) x30 0x8000fd6c
core   0: 0x80009d70 (0x283f2a23) sw      gp, 660(t5)
core   0: 3 0x80009d70 (0x283f2a23) mem 0x80010000 0x00000001
core   0: 0x80009d74 (0xff9ff06f) j       pc - 0x8
core   0: 3 0x80009d74 (0xff9ff06f)
core   0: 0x80009d6c (0x00006f17) auipc   t5, 0x6
core   0: 3 0x80009d6c (0x00006f17) x30 0x8000fd6c
core   0: 0x80009d70 (0x283f2a23) sw      gp, 660(t5)
core   0: 3 0x80009d70 (0x283f2a23) mem 0x80010000 0x00000001
core   0: 0x80009d74 (0xff9ff06f) j       pc - 0x8
core   0: 3 0x80009d74 (0xff9ff06f)
core   0: 0x80009d6c (0x00006f17) auipc   t5, 0x6
core   0: 3 0x80009d6c (0x00006f17) x30 0x8000fd6c
core   0: 0x80009d70 (0x283f2a23) sw      gp, 660(t5)
core   0: 3 0x80009d70 (0x283f2a23) mem 0x80010000 0x00000001
core   0: 0x80009d74 (0xff9ff06f) j       pc - 0x8
core   0: 3 0x80009d74 (0xff9ff06f)
core   0: 0x80009d6c (0x00006f17) auipc   t5, 0x6
core   0: 3 0x80009d6c (0x00006f17) x30 0x8000fd6c
core   0: 0x80009d70 (0x283f2a23) sw      gp, 660(t5)
core   0: 3 0x80009d70 (0x283f2a23) mem 0x80010000 0x00000001
core   0: 0x80009d74 (0xff9ff06f) j       pc - 0x8
core   0: 3 0x80009d74 (0xff9ff06f)
core   0: 0x80009d6c (0x00006f17) auipc   t5, 0x6
core   0: 3 0x80009d6c (0x00006f17) x30 0x8000fd6c
core   0: 0x80009d70 (0x283f2a23) sw      gp, 660(t5)
core   0: 3 0x80009d70 (0x283f2a23) mem 0x80010000 0x00000001
core   0: 0x80009d74 (0xff9ff06f) j       pc - 0x8
core   0: 3 0x80009d74 (0xff9ff06f)
core   0: 0x80009d6c (0x00006f17) auipc   t5, 0x6
core   0: 3 0x80009d6c (0x00006f17) x30 0x8000fd6c
core   0: 0x80009d70 (0x283f2a23) sw      gp, 660(t5)
core   0: 3 0x80009d70 (0x283f2a23) mem 0x80010000 0x00000001
core   0: 0x80009d74 (0xff9ff06f) j       pc - 0x8
core   0: 3 0x80009d74 (0xff9ff06f)
core   0: 0x80009d6c (0x00006f17) auipc   t5, 0x6
core   0: 3 0x80009d6c (0x00006f17) x30 0x8000fd6c
core   0: 0x80009d70 (0x283f2a23) sw      gp, 660(t5)
core   0: 3 0x80009d70 (0x283f2a23) mem 0x80010000 0x00000001
core   0: 0x80009d74 (0xff9ff06f) j       pc - 0x8
core   0: 3 0x80009d74 (0xff9ff06f)
core   0: 0x80009d6c (0x00006f17) auipc   t5, 0x6
core   0: 3 0x80009d6c (0x00006f17) x30 0x8000fd6c
core   0: 0x80009d70 (0x283f2a23) sw      gp, 660(t5)
core   0: 3 0x80009d70 (0x283f2a23) mem 0x80010000 0x00000001
core   0: 0x80009d74 (0xff9ff06f) j       pc - 0x8
core   0: 3 0x80009d74 (0xff9ff06f)
core   0: 0x80009d6c (0x00006f17) auipc   t5, 0x6
core   0: 3 0x80009d6c (0x00006f17) x30 0x8000fd6c
core   0: 0x80009d70 (0x283f2a23) sw      gp, 660(t5)
core   0: 3 0x80009d70 (0x283f2a23) mem 0x80010000 0x00000001
core   0: 0x80009d74 (0xff9ff06f) j       pc - 0x8
core   0: 3 0x80009d74 (0xff9ff06f)
core   0: 0x80009d6c (0x00006f17) auipc   t5, 0x6
core   0: 3 0x80009d6c (0x00006f17) x30 0x8000fd6c
core   0: 0x80009d70 (0x283f2a23) sw      gp, 660(t5)
core   0: 3 0x80009d70 (0x283f2a23) mem 0x80010000 0x00000001
core   0: 0x80009d74 (0xff9ff06f) j       pc - 0x8
core   0: 3 0x80009d74 (0xff9ff06f)
core   0: 0x80009d6c (0x00006f17) auipc   t5, 0x6
core   0: 3 0x80009d6c (0x00006f17) x30 0x8000fd6c
core   0: 0x80009d70 (0x283f2a23) sw      gp, 660(t5)
core   0: 3 0x80009d70 (0x283f2a23) mem 0x80010000 0x00000001
core   0: 0x80009d74 (0xff9ff06f) j       pc - 0x8
core   0: 3 0x80009d74 (0xff9ff06f)
core   0: 0x80009d6c (0x00006f17) auipc   t5, 0x6
core   0: 3 0x80009d6c (0x00006f17) x30 0x8000fd6c
core   0: 0x80009d70 (0x283f2a23) sw      gp, 660(t5)
core   0: 3 0x80009d70 (0x283f2a23) mem 0x80010000 0x00000001
core   0: 0x80009d74 (0xff9ff06f) j       pc - 0x8
core   0: 3 0x80009d74 (0xff9ff06f)
core   0: 0x80009d6c (0x00006f17) auipc   t5, 0x6
core   0: 3 0x80009d6c (0x00006f17) x30 0x8000fd6c
core   0: 0x80009d70 (0x283f2a23) sw      gp, 660(t5)
core   0: 3 0x80009d70 (0x283f2a23) mem 0x80010000 0x00000001
core   0: 0x80009d74 (0xff9ff06f) j       pc - 0x8
core   0: 3 0x80009d74 (0xff9ff06f)
core   0: 0x80009d6c (0x00006f17) auipc   t5, 0x6
core   0: 3 0x80009d6c (0x00006f17) x30 0x8000fd6c
core   0: 0x80009d70 (0x283f2a23) sw      gp, 660(t5)
core   0: 3 0x80009d70 (0x283f2a23) mem 0x80010000 0x00000001
core   0: 0x80009d74 (0xff9ff06f) j       pc - 0x8
core   0: 3 0x80009d74 (0xff9ff06f)
core   0: 0x80009d6c (0x00006f17) auipc   t5, 0x6
core   0: 3 0x80009d6c (0x00006f17) x30 0x8000fd6c
core   0: 0x80009d70 (0x283f2a23) sw      gp, 660(t5)
core   0: 3 0x80009d70 (0x283f2a23) mem 0x80010000 0x00000001
core   0: 0x80009d74 (0xff9ff06f) j       pc - 0x8
core   0: 3 0x80009d74 (0xff9ff06f)
core   0: 0x80009d6c (0x00006f17) auipc   t5, 0x6
core   0: 3 0x80009d6c (0x00006f17) x30 0x8000fd6c
core   0: 0x80009d70 (0x283f2a23) sw      gp, 660(t5)
core   0: 3 0x80009d70 (0x283f2a23) mem 0x80010000 0x00000001
core   0: 0x80009d74 (0xff9ff06f) j       pc - 0x8
core   0: 3 0x80009d74 (0xff9ff06f)
core   0: 0x80009d6c (0x00006f17) auipc   t5, 0x6
core   0: 3 0x80009d6c (0x00006f17) x30 0x8000fd6c
core   0: 0x80009d70 (0x283f2a23) sw      gp, 660(t5)
core   0: 3 0x80009d70 (0x283f2a23) mem 0x80010000 0x00000001
core   0: 0x80009d74 (0xff9ff06f) j       pc - 0x8
core   0: 3 0x80009d74 (0xff9ff06f)
core   0: 0x80009d6c (0x00006f17) auipc   t5, 0x6
core   0: 3 0x80009d6c (0x00006f17) x30 0x8000fd6c
core   0: 0x80009d70 (0x283f2a23) sw      gp, 660(t5)
core   0: 3 0x80009d70 (0x283f2a23) mem 0x80010000 0x00000001
core   0: 0x80009d74 (0xff9ff06f) j       pc - 0x8
core   0: 3 0x80009d74 (0xff9ff06f)
core   0: 0x80009d6c (0x00006f17) auipc   t5, 0x6
core   0: 3 0x80009d6c (0x00006f17) x30 0x8000fd6c
core   0: 0x80009d70 (0x283f2a23) sw      gp, 660(t5)
core   0: 3 0x80009d70 (0x283f2a23) mem 0x80010000 0x00000001
core   0: 0x80009d74 (0xff9ff06f) j       pc - 0x8
core   0: 3 0x80009d74 (0xff9ff06f)
core   0: 0x80009d6c (0x00006f17) auipc   t5, 0x6
core   0: 3 0x80009d6c (0x00006f17) x30 0x8000fd6c
core   0: 0x80009d70 (0x283f2a23) sw      gp, 660(t5)
core   0: 3 0x80009d70 (0x283f2a23) mem 0x80010000 0x00000001
core   0: 0x80009d74 (0xff9ff06f) j       pc - 0x8
core   0: 3 0x80009d74 (0xff9ff06f)
core   0: 0x80009d6c (0x00006f17) auipc   t5, 0x6
core   0: 3 0x80009d6c (0x00006f17) x30 0x8000fd6c
core   0: 0x80009d70 (0x283f2a23) sw      gp, 660(t5)
core   0: 3 0x80009d70 (0x283f2a23) mem 0x80010000 0x00000001
core   0: 0x80009d74 (0xff9ff06f) j       pc - 0x8
core   0: 3 0x80009d74 (0xff9ff06f)
core   0: 0x80009d6c (0x00006f17) auipc   t5, 0x6
core   0: 3 0x80009d6c (0x00006f17) x30 0x8000fd6c
core   0: 0x80009d70 (0x283f2a23) sw      gp, 660(t5)
core   0: 3 0x80009d70 (0x283f2a23) mem 0x80010000 0x00000001
core   0: 0x80009d74 (0xff9ff06f) j       pc - 0x8
core   0: 3 0x80009d74 (0xff9ff06f)
core   0: 0x80009d6c (0x00006f17) auipc   t5, 0x6
core   0: 3 0x80009d6c (0x00006f17) x30 0x8000fd6c
core   0: 0x80009d70 (0x283f2a23) sw      gp, 660(t5)
core   0: 3 0x80009d70 (0x283f2a23) mem 0x80010000 0x00000001
core   0: 0x80009d74 (0xff9ff06f) j       pc - 0x8
core   0: 3 0x80009d74 (0xff9ff06f)
core   0: 0x80009d6c (0x00006f17) auipc   t5, 0x6
core   0: 3 0x80009d6c (0x00006f17) x30 0x8000fd6c
core   0: 0x80009d70 (0x283f2a23) sw      gp, 660(t5)
core   0: 3 0x80009d70 (0x283f2a23) mem 0x80010000 0x00000001
core   0: 0x80009d74 (0xff9ff06f) j       pc - 0x8
core   0: 3 0x80009d74 (0xff9ff06f)
core   0: 0x80009d6c (0x00006f17) auipc   t5, 0x6
core   0: 3 0x80009d6c (0x00006f17) x30 0x8000fd6c
core   0: 0x80009d70 (0x283f2a23) sw      gp, 660(t5)
core   0: 3 0x80009d70 (0x283f2a23) mem 0x80010000 0x00000001
core   0: 0x80009d74 (0xff9ff06f) j       pc - 0x8
core   0: 3 0x80009d74 (0xff9ff06f)
core   0: 0x80009d6c (0x00006f17) auipc   t5, 0x6
core   0: 3 0x80009d6c (0x00006f17) x30 0x8000fd6c
core   0: 0x80009d70 (0x283f2a23) sw      gp, 660(t5)
core   0: 3 0x80009d70 (0x283f2a23) mem 0x80010000 0x00000001
core   0: 0x80009d74 (0xff9ff06f) j       pc - 0x8
core   0: 3 0x80009d74 (0xff9ff06f)
core   0: 0x80009d6c (0x00006f17) auipc   t5, 0x6
core   0: 3 0x80009d6c (0x00006f17) x30 0x8000fd6c
core   0: 0x80009d70 (0x283f2a23) sw      gp, 660(t5)
core   0: 3 0x80009d70 (0x283f2a23) mem 0x80010000 0x00000001
core   0: 0x80009d74 (0xff9ff06f) j       pc - 0x8
core   0: 3 0x80009d74 (0xff9ff06f)
core   0: 0x80009d6c (0x00006f17) auipc   t5, 0x6
core   0: 3 0x80009d6c (0x00006f17) x30 0x8000fd6c
core   0: 0x80009d70 (0x283f2a23) sw      gp, 660(t5)
core   0: 3 0x80009d70 (0x283f2a23) mem 0x80010000 0x00000001
core   0: 0x80009d74 (0xff9ff06f) j       pc - 0x8
core   0: 3 0x80009d74 (0xff9ff06f)
core   0: 0x80009d6c (0x00006f17) auipc   t5, 0x6
core   0: 3 0x80009d6c (0x00006f17) x30 0x8000fd6c
core   0: 0x80009d70 (0x283f2a23) sw      gp, 660(t5)
core   0: 3 0x80009d70 (0x283f2a23) mem 0x80010000 0x00000001
core   0: 0x80009d74 (0xff9ff06f) j       pc - 0x8
core   0: 3 0x80009d74 (0xff9ff06f)
core   0: 0x80009d6c (0x00006f17) auipc   t5, 0x6
core   0: 3 0x80009d6c (0x00006f17) x30 0x8000fd6c
core   0: 0x80009d70 (0x283f2a23) sw      gp, 660(t5)
core   0: 3 0x80009d70 (0x283f2a23) mem 0x80010000 0x00000001
core   0: 0x80009d74 (0xff9ff06f) j       pc - 0x8
core   0: 3 0x80009d74 (0xff9ff06f)
core   0: 0x80009d6c (0x00006f17) auipc   t5, 0x6
core   0: 3 0x80009d6c (0x00006f17) x30 0x8000fd6c
core   0: 0x80009d70 (0x283f2a23) sw      gp, 660(t5)
core   0: 3 0x80009d70 (0x283f2a23) mem 0x80010000 0x00000001
core   0: 0x80009d74 (0xff9ff06f) j       pc - 0x8
core   0: 3 0x80009d74 (0xff9ff06f)
core   0: 0x80009d6c (0x00006f17) auipc   t5, 0x6
core   0: 3 0x80009d6c (0x00006f17) x30 0x8000fd6c
core   0: 0x80009d70 (0x283f2a23) sw      gp, 660(t5)
core   0: 3 0x80009d70 (0x283f2a23) mem 0x80010000 0x00000001
core   0: 0x80009d74 (0xff9ff06f) j       pc - 0x8
core   0: 3 0x80009d74 (0xff9ff06f)
core   0: 0x80009d6c (0x00006f17) auipc   t5, 0x6
core   0: 3 0x80009d6c (0x00006f17) x30 0x8000fd6c
core   0: 0x80009d70 (0x283f2a23) sw      gp, 660(t5)
core   0: 3 0x80009d70 (0x283f2a23) mem 0x80010000 0x00000001
core   0: 0x80009d74 (0xff9ff06f) j       pc - 0x8
core   0: 3 0x80009d74 (0xff9ff06f)
core   0: 0x80009d6c (0x00006f17) auipc   t5, 0x6
core   0: 3 0x80009d6c (0x00006f17) x30 0x8000fd6c
core   0: 0x80009d70 (0x283f2a23) sw      gp, 660(t5)
core   0: 3 0x80009d70 (0x283f2a23) mem 0x80010000 0x00000001
core   0: 0x80009d74 (0xff9ff06f) j       pc - 0x8
core   0: 3 0x80009d74 (0xff9ff06f)
core   0: 0x80009d6c (0x00006f17) auipc   t5, 0x6
core   0: 3 0x80009d6c (0x00006f17) x30 0x8000fd6c
core   0: 0x80009d70 (0x283f2a23) sw      gp, 660(t5)
core   0: 3 0x80009d70 (0x283f2a23) mem 0x80010000 0x00000001
