core   0: 0x00001000 (0x00000297) auipc   t0, 0x0
core   0: 3 0x00001000 (0x00000297) x 5 0x00001000
core   0: 0x00001004 (0x02028593) addi    a1, t0, 32
core   0: 3 0x00001004 (0x02028593) x11 0x00001020
core   0: 0x00001008 (0xf1402573) csrr    a0, mhartid
core   0: 3 0x00001008 (0xf1402573) x10 0x00000000
core   0: 0x0000100c (0x0182a283) lw      t0, 24(t0)
core   0: 3 0x0000100c (0x0182a283) x 5 0x80000000 mem 0x00001018
core   0: 0x00001010 (0x00028067) jr      t0
core   0: 3 0x00001010 (0x00028067)
core   0: 0x80000000 (0xf14022f3) csrr    t0, mhartid
core   0: 3 0x80000000 (0xf14022f3) x 5 0x00000000
core   0: 0x80000004 (0x00000313) li      t1, 0
core   0: 3 0x80000004 (0x00000313) x 6 0x00000000
core   0: 0x80000008 (0x00628263) beq     t0, t1, pc + 4
core   0: 3 0x80000008 (0x00628263)
core   0: 0x8000000c (0x00000d17) auipc   s10, 0x0
core   0: 3 0x8000000c (0x00000d17) x26 0x8000000c
core   0: 0x80000010 (0x00cd0d13) addi    s10, s10, 12
core   0: 3 0x80000010 (0x00cd0d13) x26 0x80000018
core   0: 0x80000014 (0x000d0067) jr      s10
core   0: 3 0x80000014 (0x000d0067)
core   0: 0x80000018 (0x40001b37) lui     s6, 0x40001
core   0: 3 0x80000018 (0x40001b37) x22 0x40001000
core   0: 0x8000001c (0x104b0b13) addi    s6, s6, 260
core   0: 3 0x8000001c (0x104b0b13) x22 0x40001104
core   0: 0x80000020 (0x301b1073) csrw    misa, s6
core   0: 3 0x80000020 (0x301b1073) c769_misa 0x40141100
core   0: 0x80000024 (0x00019f17) auipc   t5, 0x19
core   0: 3 0x80000024 (0x00019f17) x30 0x80019024
core   0: 0x80000028 (0xcc0f0f13) addi    t5, t5, -832
core   0: 3 0x80000028 (0xcc0f0f13) x30 0x80018ce4
core   0: 0x8000002c (0x0000ab17) auipc   s6, 0xa
core   0: 3 0x8000002c (0x0000ab17) x22 0x8000a02c
core   0: 0x80000030 (0x774b0b13) addi    s6, s6, 1908
core   0: 3 0x80000030 (0x774b0b13) x22 0x8000a7a0
core   0: 0x80000034 (0x001b6b13) ori     s6, s6, 1
core   0: 3 0x80000034 (0x001b6b13) x22 0x8000a7a1
core   0: 0x80000038 (0x305b1073) csrw    mtvec, s6
core   0: 3 0x80000038 (0x305b1073) c773_mtvec 0x8000a7a1
core   0: 0x8000003c (0x00000b17) auipc   s6, 0x0
core   0: 3 0x8000003c (0x00000b17) x22 0x8000003c
core   0: 0x80000040 (0x028b0b13) addi    s6, s6, 40
core   0: 3 0x80000040 (0x028b0b13) x22 0x80000064
core   0: 0x80000044 (0x341b1073) csrw    mepc, s6
core   0: 3 0x80000044 (0x341b1073) c833_mepc 0x80000064
core   0: 0x80000048 (0x00000013) nop
core   0: 3 0x80000048 (0x00000013)
core   0: 0x8000004c (0x00002b37) lui     s6, 0x2
core   0: 3 0x8000004c (0x00002b37) x22 0x00002000
core   0: 0x80000050 (0x800b0b13) addi    s6, s6, -2048
core   0: 3 0x80000050 (0x800b0b13) x22 0x00001800
core   0: 0x80000054 (0x300b1073) csrw    mstatus, s6
core   0: 3 0x80000054 (0x300b1073) c768_mstatus 0x00001800
core   0: 0x80000058 (0x00000b13) li      s6, 0
core   0: 3 0x80000058 (0x00000b13) x22 0x00000000
core   0: 0x8000005c (0x304b1073) csrw    mie, s6
core   0: 3 0x8000005c (0x304b1073) c772_mie 0x00000000
core   0: 0x80000060 (0x30200073) mret
core   0: 3 0x80000060 (0x30200073) c768_mstatus 0x00000080
core   0: >>>>  init
core   0: 0x80000064 (0xf2d31037) lui     zero, 0xf2d31
core   0: 3 0x80000064 (0xf2d31037)
core   0: 0x80000068 (0xe0500013) li      zero, -507
core   0: 3 0x80000068 (0xe0500013)
core   0: 0x8000006c (0x00500093) li      ra, 5
core   0: 3 0x8000006c (0x00500093) x 1 0x00000005
core   0: 0x80000070 (0x572fb137) lui     sp, 0x572fb
core   0: 3 0x80000070 (0x572fb137) x 2 0x572fb000
core   0: 0x80000074 (0xbbe10113) addi    sp, sp, -1090
core   0: 3 0x80000074 (0xbbe10113) x 2 0x572fabbe
core   0: 0x80000078 (0x00000193) li      gp, 0
core   0: 3 0x80000078 (0x00000193) x 3 0x00000000
core   0: 0x8000007c (0x80000237) lui     tp, 0x80000
core   0: 3 0x8000007c (0x80000237) x 4 0x80000000
core   0: 0x80000080 (0xf5dd42b7) lui     t0, 0xf5dd4
core   0: 3 0x80000080 (0xf5dd42b7) x 5 0xf5dd4000
core   0: 0x80000084 (0x04b28293) addi    t0, t0, 75
core   0: 3 0x80000084 (0x04b28293) x 5 0xf5dd404b
core   0: 0x80000088 (0x80000337) lui     t1, 0x80000
core   0: 3 0x80000088 (0x80000337) x 6 0x80000000
core   0: 0x8000008c (0x800003b7) lui     t2, 0x80000
core   0: 3 0x8000008c (0x800003b7) x 7 0x80000000
core   0: 0x80000090 (0x00000413) li      s0, 0
core   0: 3 0x80000090 (0x00000413) x 8 0x00000000
core   0: 0x80000094 (0xf76a34b7) lui     s1, 0xf76a3
core   0: 3 0x80000094 (0xf76a34b7) x 9 0xf76a3000
core   0: 0x80000098 (0xbce48493) addi    s1, s1, -1074
core   0: 3 0x80000098 (0xbce48493) x 9 0xf76a2bce
core   0: 0x8000009c (0x16646537) lui     a0, 0x16646
core   0: 3 0x8000009c (0x16646537) x10 0x16646000
core   0: 0x800000a0 (0x73c50513) addi    a0, a0, 1852
core   0: 3 0x800000a0 (0x73c50513) x10 0x1664673c
core   0: 0x800000a4 (0x00000593) li      a1, 0
core   0: 3 0x800000a4 (0x00000593) x11 0x00000000
core   0: 0x800000a8 (0x1899e637) lui     a2, 0x1899e
core   0: 3 0x800000a8 (0x1899e637) x12 0x1899e000
core   0: 0x800000ac (0x94160613) addi    a2, a2, -1727
core   0: 3 0x800000ac (0x94160613) x12 0x1899d941
core   0: 0x800000b0 (0x800006b7) lui     a3, 0x80000
core   0: 3 0x800000b0 (0x800006b7) x13 0x80000000
core   0: 0x800000b4 (0x00300713) li      a4, 3
core   0: 3 0x800000b4 (0x00300713) x14 0x00000003
core   0: 0x800000b8 (0x382c47b7) lui     a5, 0x382c4
core   0: 3 0x800000b8 (0x382c47b7) x15 0x382c4000
core   0: 0x800000bc (0x98078793) addi    a5, a5, -1664
core   0: 3 0x800000bc (0x98078793) x15 0x382c3980
core   0: 0x800000c0 (0xf62f6837) lui     a6, 0xf62f6
core   0: 3 0x800000c0 (0xf62f6837) x16 0xf62f6000
core   0: 0x800000c4 (0x6cc80813) addi    a6, a6, 1740
core   0: 3 0x800000c4 (0x6cc80813) x16 0xf62f66cc
core   0: 0x800000c8 (0x248c48b7) lui     a7, 0x248c4
core   0: 3 0x800000c8 (0x248c48b7) x17 0x248c4000
core   0: 0x800000cc (0xd5988893) addi    a7, a7, -679
core   0: 3 0x800000cc (0xd5988893) x17 0x248c3d59
core   0: 0x800000d0 (0xf6b77937) lui     s2, 0xf6b77
core   0: 3 0x800000d0 (0xf6b77937) x18 0xf6b77000
core   0: 0x800000d4 (0x1ed90913) addi    s2, s2, 493
core   0: 3 0x800000d4 (0x1ed90913) x18 0xf6b771ed
core   0: 0x800000d8 (0xfa0b1a37) lui     s4, 0xfa0b1
core   0: 3 0x800000d8 (0xfa0b1a37) x20 0xfa0b1000
core   0: 0x800000dc (0x134a0a13) addi    s4, s4, 308
core   0: 3 0x800000dc (0x134a0a13) x20 0xfa0b1134
core   0: 0x800000e0 (0x80000ab7) lui     s5, 0x80000
core   0: 3 0x800000e0 (0x80000ab7) x21 0x80000000
core   0: 0x800000e4 (0xf1020b37) lui     s6, 0xf1020
core   0: 3 0x800000e4 (0xf1020b37) x22 0xf1020000
core   0: 0x800000e8 (0x922b0b13) addi    s6, s6, -1758
core   0: 3 0x800000e8 (0x922b0b13) x22 0xf101f922
core   0: 0x800000ec (0x80000bb7) lui     s7, 0x80000
core   0: 3 0x800000ec (0x80000bb7) x23 0x80000000
core   0: 0x800000f0 (0x80000c37) lui     s8, 0x80000
core   0: 3 0x800000f0 (0x80000c37) x24 0x80000000
core   0: 0x800000f4 (0xf31a1cb7) lui     s9, 0xf31a1
core   0: 3 0x800000f4 (0xf31a1cb7) x25 0xf31a1000
core   0: 0x800000f8 (0xa46c8c93) addi    s9, s9, -1466
core   0: 3 0x800000f8 (0xa46c8c93) x25 0xf31a0a46
core   0: 0x800000fc (0x80000d37) lui     s10, 0x80000
core   0: 3 0x800000fc (0x80000d37) x26 0x80000000
core   0: 0x80000100 (0x00000d93) li      s11, 0
core   0: 3 0x80000100 (0x00000d93) x27 0x00000000
core   0: 0x80000104 (0xfe872e37) lui     t3, 0xfe872
core   0: 3 0x80000104 (0xfe872e37) x28 0xfe872000
core   0: 0x80000108 (0x53de0e13) addi    t3, t3, 1341
core   0: 3 0x80000108 (0x53de0e13) x28 0xfe87253d
core   0: 0x8000010c (0x80000eb7) lui     t4, 0x80000
core   0: 3 0x8000010c (0x80000eb7) x29 0x80000000
core   0: 0x80000110 (0x80000fb7) lui     t6, 0x80000
core   0: 3 0x80000110 (0x80000fb7) x31 0x80000000
core   0: 0x80000114 (0x00015997) auipc   s3, 0x15
core   0: 3 0x80000114 (0x00015997) x19 0x80015114
core   0: 0x80000118 (0xd5098993) addi    s3, s3, -688
core   0: 3 0x80000118 (0xd5098993) x19 0x80014e64
core   0: 0x8000011c (0x416e5113) srai    sp, t3, 22
core   0: 3 0x8000011c (0x416e5113) x 2 0xfffffffa
core   0: 0x80000120 (0xe1a18613) addi    a2, gp, -486
core   0: 3 0x80000120 (0xe1a18613) x12 0xfffffe1a
core   0: 0x80000124 (0x0212f3b3) remu    t2, t0, ra
core   0: 3 0x80000124 (0x0212f3b3) x 7 0x00000000
core   0: 0x80000128 (0x0128c4b3) xor     s1, a7, s2
core   0: 3 0x80000128 (0x0128c4b3) x 9 0xd23b4cb4
core   0: 0x8000012c (0x40105fb3) sra     t6, zero, ra
core   0: 3 0x8000012c (0x40105fb3) x31 0x00000000
core   0: 0x80000130 (0x103e6293) ori     t0, t3, 259
core   0: 3 0x80000130 (0x103e6293) x 5 0xfe87253f
core   0: 0x80000134 (0x409ed8b3) sra     a7, t4, s1
core   0: 3 0x80000134 (0x409ed8b3) x17 0xfffff800
core   0: 0x80000138 (0x0136d293) srli    t0, a3, 19
core   0: 3 0x80000138 (0x0136d293) x 5 0x00001000
core   0: 0x8000013c (0x03cbea33) rem     s4, s7, t3
core   0: 3 0x8000013c (0x03cbea33) x20 0xfe997d82
core   0: 0x80000140 (0x01352db3) slt     s11, a0, s3
core   0: 3 0x80000140 (0x01352db3) x27 0x00000000
core   0: 0x80000144 (0x02392c33) mulhsu  s8, s2, gp
core   0: 3 0x80000144 (0x02392c33) x24 0x00000000
core   0: 0x80000148 (0x03cdc733) div     a4, s11, t3
core   0: 3 0x80000148 (0x03cdc733) x14 0x00000000
core   0: 0x8000014c (0x41645b33) sra     s6, s0, s6
core   0: 3 0x8000014c (0x41645b33) x22 0x00000000
core   0: 0x80000150 (0x0097cb33) xor     s6, a5, s1
core   0: 3 0x80000150 (0x0097cb33) x22 0xea177534
core   0: 0x80000154 (0x0223c7b3) div     a5, t2, sp
core   0: 3 0x80000154 (0x0223c7b3) x15 0x00000000
core   0: 0x80000158 (0x56ed9e37) lui     t3, 0x56ed9
core   0: 3 0x80000158 (0x56ed9e37) x28 0x56ed9000
core   0: 0x8000015c (0x00ffe533) or      a0, t6, a5
core   0: 3 0x8000015c (0x00ffe533) x10 0x00000000
core   0: 0x80000160 (0xc8a22d93) slti    s11, tp, -886
core   0: 3 0x80000160 (0xc8a22d93) x27 0x00000001
core   0: 0x80000164 (0xbc5d4193) xori    gp, s10, -1083
core   0: 3 0x80000164 (0xbc5d4193) x 3 0x7ffffbc5
core   0: 0x80000168 (0x00000013) nop
core   0: 3 0x80000168 (0x00000013)
core   0: 0x8000016c (0x4656c913) xori    s2, a3, 1125
core   0: 3 0x8000016c (0x4656c913) x18 0x80000465
core   0: 0x80000170 (0x00c9d133) srl     sp, s3, a2
core   0: 3 0x80000170 (0x00c9d133) x 2 0x00000020
core   0: 0x80000174 (0x00bdc733) xor     a4, s11, a1
core   0: 3 0x80000174 (0x00bdc733) x14 0x00000001
core   0: 0x80000178 (0x1d171a97) auipc   s5, 0x1d171
core   0: 3 0x80000178 (0x1d171a97) x21 0x9d171178
core   0: 0x8000017c (0x0225d3b3) divu    t2, a1, sp
core   0: 3 0x8000017c (0x0225d3b3) x 7 0x00000000
core   0: 0x80000180 (0xbe7ee6b7) lui     a3, 0xbe7ee
core   0: 3 0x80000180 (0xbe7ee6b7) x13 0xbe7ee000
core   0: 0x80000184 (0x01122eb3) slt     t4, tp, a7
core   0: 3 0x80000184 (0x01122eb3) x29 0x00000001
core   0: 0x80000188 (0x03794ab3) div     s5, s2, s7
core   0: 3 0x80000188 (0x03794ab3) x21 0x00000000
core   0: 0x8000018c (0x01a95933) srl     s2, s2, s10
core   0: 3 0x8000018c (0x01a95933) x18 0x80000465
core   0: 0x80000190 (0x00a6aab3) slt     s5, a3, a0
core   0: 3 0x80000190 (0x00a6aab3) x21 0x00000001
core   0: 0x80000194 (0x037ea433) mulhsu  s0, t4, s7
core   0: 3 0x80000194 (0x037ea433) x 8 0x00000000
core   0: 0x80000198 (0x0073c233) xor     tp, t2, t2
core   0: 3 0x80000198 (0x0073c233) x 4 0x00000000
core   0: 0x8000019c (0x005960b3) or      ra, s2, t0
core   0: 3 0x8000019c (0x005960b3) x 1 0x80001465
core   0: 0x800001a0 (0x40740133) sub     sp, s0, t2
core   0: 3 0x800001a0 (0x40740133) x 2 0x00000000
core   0: 0x800001a4 (0x01b16133) or      sp, sp, s11
core   0: 3 0x800001a4 (0x01b16133) x 2 0x00000001
core   0: 0x800001a8 (0x0245ebb3) rem     s7, a1, tp
core   0: 3 0x800001a8 (0x0245ebb3) x23 0x00000000
core   0: 0x800001ac (0x03eca733) mulhsu  a4, s9, t5
core   0: 3 0x800001ac (0x03eca733) x14 0xf98cf123
core   0: 0x800001b0 (0x02f8fb33) remu    s6, a7, a5
core   0: 3 0x800001b0 (0x02f8fb33) x22 0xfffff800
core   0: 0x800001b4 (0x002f4233) xor     tp, t5, sp
core   0: 3 0x800001b4 (0x002f4233) x 4 0x80018ce5
core   0: 0x800001b8 (0x01019d93) slli    s11, gp, 16
core   0: 3 0x800001b8 (0x01019d93) x27 0xfbc50000
core   0: 0x800001bc (0x00000013) nop
core   0: 3 0x800001bc (0x00000013)
core   0: 0x800001c0 (0x020d17b3) mulh    a5, s10, zero
core   0: 3 0x800001c0 (0x020d17b3) x15 0x00000000
core   0: 0x800001c4 (0x01789a13) slli    s4, a7, 23
core   0: 3 0x800001c4 (0x01789a13) x20 0x00000000
core   0: 0x800001c8 (0x039e8fb3) mul     t6, t4, s9
core   0: 3 0x800001c8 (0x039e8fb3) x31 0xf31a0a46
core   0: 0x800001cc (0x03f2a533) mulhsu  a0, t0, t6
core   0: 3 0x800001cc (0x03f2a533) x10 0x00000f31
core   0: 0x800001d0 (0x5f28ab93) slti    s7, a7, 1522
core   0: 3 0x800001d0 (0x5f28ab93) x23 0x00000001
core   0: 0x800001d4 (0x40c0d6b3) sra     a3, ra, a2
core   0: 3 0x800001d4 (0x40c0d6b3) x13 0xffffffe0
core   0: 0x800001d8 (0x03fdd333) divu    t1, s11, t6
core   0: 3 0x800001d8 (0x03fdd333) x 6 0x00000001
core   0: 0x800001dc (0x029e05b3) mul     a1, t3, s1
core   0: 3 0x800001dc (0x029e05b3) x11 0xd5c94000
core   0: 0x800001e0 (0x0283e133) rem     sp, t2, s0
core   0: 3 0x800001e0 (0x0283e133) x 2 0x00000000
core   0: 0x800001e4 (0x0286aab3) mulhsu  s5, a3, s0
core   0: 3 0x800001e4 (0x0286aab3) x21 0x00000000
core   0: 0x800001e8 (0xcd7b2893) slti    a7, s6, -809
core   0: 3 0x800001e8 (0xcd7b2893) x17 0x00000001
core   0: 0x800001ec (0x0175d413) srli    s0, a1, 23
core   0: 3 0x800001ec (0x0175d413) x 8 0x000001ab
core   0: 0x800001f0 (0x03f241b3) div     gp, tp, t6
core   0: 3 0x800001f0 (0x03f241b3) x 3 0x00000009
core   0: 0x800001f4 (0x00abf0b3) and     ra, s7, a0
core   0: 3 0x800001f4 (0x00abf0b3) x 1 0x00000001
core   0: 0x800001f8 (0x006bdf93) srli    t6, s7, 6
core   0: 3 0x800001f8 (0x006bdf93) x31 0x00000000
core   0: 0x800001fc (0x010db8b3) sltu    a7, s11, a6
core   0: 3 0x800001fc (0x010db8b3) x17 0x00000000
core   0: 0x80000200 (0x01f09013) slli    zero, ra, 31
core   0: 3 0x80000200 (0x01f09013)
core   0: 0x80000204 (0x03498233) mul     tp, s3, s4
core   0: 3 0x80000204 (0x03498233) x 4 0x00000000
core   0: 0x80000208 (0x01ac07b3) add     a5, s8, s10
core   0: 3 0x80000208 (0x01ac07b3) x15 0x80000000
core   0: 0x8000020c (0x00000013) nop
core   0: 3 0x8000020c (0x00000013)
core   0: 0x80000210 (0x01375913) srli    s2, a4, 19
core   0: 3 0x80000210 (0x01375913) x18 0x00001f31
core   0: 0x80000214 (0x00000013) nop
core   0: 3 0x80000214 (0x00000013)
core   0: 0x80000218 (0x0044d1b3) srl     gp, s1, tp
core   0: 3 0x80000218 (0x0044d1b3) x 3 0xd23b4cb4
core   0: 0x8000021c (0xbad2bb97) auipc   s7, 0xbad2b
core   0: 3 0x8000021c (0xbad2bb97) x23 0x3ad2b21c
core   0: 0x80000220 (0x6a4dad97) auipc   s11, 0x6a4da
core   0: 3 0x80000220 (0x6a4dad97) x27 0xea4da220
core   0: 0x80000224 (0x40f05cb3) sra     s9, zero, a5
core   0: 3 0x80000224 (0x40f05cb3) x25 0x00000000
core   0: 0x80000228 (0x03c66ab3) rem     s5, a2, t3
core   0: 3 0x80000228 (0x03c66ab3) x21 0xfffffe1a
core   0: 0x8000022c (0x01a81533) sll     a0, a6, s10
core   0: 3 0x8000022c (0x01a81533) x10 0xf62f66cc
core   0: 0x80000230 (0x00c7c433) xor     s0, a5, a2
core   0: 3 0x80000230 (0x00c7c433) x 8 0x7ffffe1a
core   0: 0x80000234 (0x0051a433) slt     s0, gp, t0
core   0: 3 0x80000234 (0x0051a433) x 8 0x00000001
core   0: 0x80000238 (0x8caead93) slti    s11, t4, -1846
core   0: 3 0x80000238 (0x8caead93) x27 0x00000000
core   0: 0x8000023c (0x411730b7) lui     ra, 0x41173
core   0: 3 0x8000023c (0x411730b7) x 1 0x41173000
core   0: 0x80000240 (0x00696c33) or      s8, s2, t1
core   0: 3 0x80000240 (0x00696c33) x24 0x00001f31
core   0: 0x80000244 (0x00df83b3) add     t2, t6, a3
core   0: 3 0x80000244 (0x00df83b3) x 7 0xffffffe0
core   0: 0x80000248 (0x14a8bc93) sltiu   s9, a7, 330
core   0: 3 0x80000248 (0x14a8bc93) x25 0x00000001
core   0: 0x8000024c (0x41a503b3) sub     t2, a0, s10
core   0: 3 0x8000024c (0x41a503b3) x 7 0x762f66cc
core   0: 0x80000250 (0x007bedb3) or      s11, s7, t2
core   0: 3 0x80000250 (0x007bedb3) x27 0x7efff6dc
core   0: 0x80000254 (0x0198b533) sltu    a0, a7, s9
core   0: 3 0x80000254 (0x0198b533) x10 0x00000001
core   0: 0x80000258 (0xe12a3513) sltiu   a0, s4, -494
core   0: 3 0x80000258 (0xe12a3513) x10 0x00000001
core   0: 0x8000025c (0x02f8a3b3) mulhsu  t2, a7, a5
core   0: 3 0x8000025c (0x02f8a3b3) x 7 0x00000000
core   0: 0x80000260 (0x01009313) slli    t1, ra, 16
core   0: 3 0x80000260 (0x01009313) x 6 0x30000000
core   0: 0x80000264 (0x2b70fc37) lui     s8, 0x2b70f
core   0: 3 0x80000264 (0x2b70fc37) x24 0x2b70f000
core   0: 0x80000268 (0x00738333) add     t1, t2, t2
core   0: 3 0x80000268 (0x00738333) x 6 0x00000000
core   0: 0x8000026c (0x0001e833) or      a6, gp, zero
core   0: 3 0x8000026c (0x0001e833) x16 0xd23b4cb4
core   0: 0x80000270 (0x03ced3b3) divu    t2, t4, t3
core   0: 3 0x80000270 (0x03ced3b3) x 7 0x00000000
core   0: 0x80000274 (0x1cee60b7) lui     ra, 0x1cee6
core   0: 3 0x80000274 (0x1cee60b7) x 1 0x1cee6000
core   0: 0x80000278 (0x010ddb33) srl     s6, s11, a6
core   0: 3 0x80000278 (0x010ddb33) x22 0x000007ef
core   0: 0x8000027c (0x00f718b3) sll     a7, a4, a5
core   0: 3 0x8000027c (0x00f718b3) x17 0xf98cf123
core   0: 0x80000280 (0x030175b3) remu    a1, sp, a6
core   0: 3 0x80000280 (0x030175b3) x11 0x00000000
core   0: 0x80000284 (0x40a5db93) srai    s7, a1, 10
core   0: 3 0x80000284 (0x40a5db93) x23 0x00000000
core   0: 0x80000288 (0x0232e3b3) rem     t2, t0, gp
core   0: 3 0x80000288 (0x0232e3b3) x 7 0x00001000
core   0: 0x8000028c (0x029e53b3) divu    t2, t3, s1
core   0: 3 0x8000028c (0x029e53b3) x 7 0x00000000
core   0: 0x80000290 (0x41dfd593) srai    a1, t6, 29
core   0: 3 0x80000290 (0x41dfd593) x11 0x00000000
core   0: 0x80000294 (0x0169d713) srli    a4, s3, 22
core   0: 3 0x80000294 (0x0169d713) x14 0x00000200
core   0: 0x80000298 (0x02221bb3) mulh    s7, tp, sp
core   0: 3 0x80000298 (0x02221bb3) x23 0x00000000
core   0: 0x8000029c (0x01dcdcb3) srl     s9, s9, t4
core   0: 3 0x8000029c (0x01dcdcb3) x25 0x00000000
core   0: 0x800002a0 (0x00000013) nop
core   0: 3 0x800002a0 (0x00000013)
core   0: 0x800002a4 (0x029a9db3) mulh    s11, s5, s1
core   0: 3 0x800002a4 (0x029a9db3) x27 0x00000056
core   0: 0x800002a8 (0x0e124a13) xori    s4, tp, 225
core   0: 3 0x800002a8 (0x0e124a13) x20 0x000000e1
core   0: 0x800002ac (0x4091d6b3) sra     a3, gp, s1
core   0: 3 0x800002ac (0x4091d6b3) x13 0xfffffd23
core   0: 0x800002b0 (0x006df533) and     a0, s11, t1
core   0: 3 0x800002b0 (0x006df533) x10 0x00000000
core   0: 0x800002b4 (0xa8cbc113) xori    sp, s7, -1396
core   0: 3 0x800002b4 (0xa8cbc113) x 2 0xfffffa8c
core   0: 0x800002b8 (0x037dc033) div     zero, s11, s7
core   0: 3 0x800002b8 (0x037dc033)
core   0: 0x800002bc (0x019507b3) add     a5, a0, s9
core   0: 3 0x800002bc (0x019507b3) x15 0x00000000
core   0: 0x800002c0 (0x012a72b3) and     t0, s4, s2
core   0: 3 0x800002c0 (0x012a72b3) x 5 0x00000021
core   0: 0x800002c4 (0x40cddf93) srai    t6, s11, 12
core   0: 3 0x800002c4 (0x40cddf93) x31 0x00000000
core   0: 0x800002c8 (0x034f2633) mulhsu  a2, t5, s4
core   0: 3 0x800002c8 (0x034f2633) x12 0xffffff8f
core   0: 0x800002cc (0x37158c93) addi    s9, a1, 881
core   0: 3 0x800002cc (0x37158c93) x25 0x00000371
core   0: 0x800002d0 (0x0610c713) xori    a4, ra, 97
core   0: 3 0x800002d0 (0x0610c713) x14 0x1cee6061
core   0: 0x800002d4 (0x00000013) nop
core   0: 3 0x800002d4 (0x00000013)
core   0: 0x800002d8 (0xb7160f93) addi    t6, a2, -1167
core   0: 3 0x800002d8 (0xb7160f93) x31 0xfffffb00
core   0: 0x800002dc (0x03b5abb3) mulhsu  s7, a1, s11
core   0: 3 0x800002dc (0x03b5abb3) x23 0x00000000
core   0: 0x800002e0 (0x705b3937) lui     s2, 0x705b3
core   0: 3 0x800002e0 (0x705b3937) x18 0x705b3000
core   0: 0x800002e4 (0x717a8717) auipc   a4, 0x717a8
core   0: 3 0x800002e4 (0x717a8717) x14 0xf17a82e4
core   0: 0x800002e8 (0xf23dc293) xori    t0, s11, -221
core   0: 3 0x800002e8 (0xf23dc293) x 5 0xffffff75
core   0: 0x800002ec (0x03ab0db3) mul     s11, s6, s10
core   0: 3 0x800002ec (0x03ab0db3) x27 0x80000000
core   0: 0x800002f0 (0x01b9f333) and     t1, s3, s11
core   0: 3 0x800002f0 (0x01b9f333) x 6 0x80000000
core   0: 0x800002f4 (0xf6aea1b7) lui     gp, 0xf6aea
core   0: 3 0x800002f4 (0xf6aea1b7) x 3 0xf6aea000
core   0: 0x800002f8 (0x0104c1b3) xor     gp, s1, a6
core   0: 3 0x800002f8 (0x0104c1b3) x 3 0x00000000
core   0: 0x800002fc (0x40b4de33) sra     t3, s1, a1
core   0: 3 0x800002fc (0x40b4de33) x28 0xd23b4cb4
core   0: 0x80000300 (0x01bef5b3) and     a1, t4, s11
core   0: 3 0x80000300 (0x01bef5b3) x11 0x00000000
core   0: 0x80000304 (0x039cdc33) divu    s8, s9, s9
core   0: 3 0x80000304 (0x039cdc33) x24 0x00000001
core   0: 0x80000308 (0xfd5e0613) addi    a2, t3, -43
core   0: 3 0x80000308 (0xfd5e0613) x12 0xd23b4c89
core   0: 0x8000030c (0x01b0fab3) and     s5, ra, s11
core   0: 3 0x8000030c (0x01b0fab3) x21 0x00000000
core   0: 0x80000310 (0x413d52b3) sra     t0, s10, s3
core   0: 3 0x80000310 (0x413d52b3) x 5 0xf8000000
core   0: 0x80000314 (0x036f2e33) mulhsu  t3, t5, s6
core   0: 3 0x80000314 (0x036f2e33) x28 0xfffffc08
core   0: 0x80000318 (0x01d8ddb3) srl     s11, a7, t4
core   0: 3 0x80000318 (0x01d8ddb3) x27 0x7cc67891
core   0: 0x8000031c (0x011218b3) sll     a7, tp, a7
core   0: 3 0x8000031c (0x011218b3) x17 0x00000000
core   0: 0x80000320 (0x50182ab7) lui     s5, 0x50182
core   0: 3 0x80000320 (0x50182ab7) x21 0x50182000
core   0: 0x80000324 (0x66d63037) lui     zero, 0x66d63
core   0: 3 0x80000324 (0x66d63037)
core   0: 0x80000328 (0x02f13ab3) mulhu   s5, sp, a5
core   0: 3 0x80000328 (0x02f13ab3) x21 0x00000000
core   0: 0x8000032c (0x01ccd493) srli    s1, s9, 28
core   0: 3 0x8000032c (0x01ccd493) x 9 0x00000000
core   0: 0x80000330 (0x1a14f213) andi    tp, s1, 417
core   0: 3 0x80000330 (0x1a14f213) x 4 0x00000000
core   0: 0x80000334 (0xa05193b7) lui     t2, 0xa0519
core   0: 3 0x80000334 (0xa05193b7) x 7 0xa0519000
core   0: 0x80000338 (0x00242713) slti    a4, s0, 2
core   0: 3 0x80000338 (0x00242713) x14 0x00000001
core   0: 0x8000033c (0x418308b3) sub     a7, t1, s8
core   0: 3 0x8000033c (0x418308b3) x17 0x7fffffff
core   0: 0x80000340 (0x018247b3) xor     a5, tp, s8
core   0: 3 0x80000340 (0x018247b3) x15 0x00000001
core   0: 0x80000344 (0x02462433) mulhsu  s0, a2, tp
core   0: 3 0x80000344 (0x02462433) x 8 0x00000000
core   0: 0x80000348 (0xb455e213) ori     tp, a1, -1211
core   0: 3 0x80000348 (0xb455e213) x 4 0xfffffb45
core   0: 0x8000034c (0x00000013) nop
core   0: 3 0x8000034c (0x00000013)
core   0: 0x80000350 (0x30380d93) addi    s11, a6, 771
core   0: 3 0x80000350 (0x30380d93) x27 0xd23b4fb7
core   0: 0x80000354 (0x00000013) nop
core   0: 3 0x80000354 (0x00000013)
core   0: 0x80000358 (0x00a11413) slli    s0, sp, 10
core   0: 3 0x80000358 (0x00a11413) x 8 0xffea3000
core   0: 0x8000035c (0x03be6533) rem     a0, t3, s11
core   0: 3 0x8000035c (0x03be6533) x10 0xfffffc08
core   0: 0x80000360 (0x03f8aab3) mulhsu  s5, a7, t6
core   0: 3 0x80000360 (0x03f8aab3) x21 0x7ffffd7f
core   0: 0x80000364 (0x01901213) slli    tp, zero, 25
core   0: 3 0x80000364 (0x01901213) x 4 0x00000000
core   0: 0x80000368 (0x14e7fe93) andi    t4, a5, 334
core   0: 3 0x80000368 (0x14e7fe93) x29 0x00000000
core   0: 0x8000036c (0x0363aab3) mulhsu  s5, t2, s6
core   0: 3 0x8000036c (0x0363aab3) x21 0xfffffd08
core   0: 0x80000370 (0x40035e33) sra     t3, t1, zero
core   0: 3 0x80000370 (0x40035e33) x28 0x80000000
core   0: 0x80000374 (0x037aae33) mulhsu  t3, s5, s7
core   0: 3 0x80000374 (0x037aae33) x28 0x00000000
core   0: 0x80000378 (0x01a79613) slli    a2, a5, 26
core   0: 3 0x80000378 (0x01a79613) x12 0x04000000
core   0: 0x8000037c (0x2cbc7413) andi    s0, s8, 715
core   0: 3 0x8000037c (0x2cbc7413) x 8 0x00000001
core   0: 0x80000380 (0x4a503f93) sltiu   t6, zero, 1189
core   0: 3 0x80000380 (0x4a503f93) x31 0x00000001
core   0: 0x80000384 (0x0117d933) srl     s2, a5, a7
core   0: 3 0x80000384 (0x0117d933) x18 0x00000000
core   0: 0x80000388 (0x47bc6d97) auipc   s11, 0x47bc6
core   0: 3 0x80000388 (0x47bc6d97) x27 0xc7bc6388
core   0: 0x8000038c (0x00f16b33) or      s6, sp, a5
core   0: 3 0x8000038c (0x00f16b33) x22 0xfffffa8d
core   0: 0x80000390 (0x00000013) nop
core   0: 3 0x80000390 (0x00000013)
core   0: 0x80000394 (0x00000013) nop
core   0: 3 0x80000394 (0x00000013)
core   0: 0x80000398 (0x40acd093) srai    ra, s9, 10
core   0: 3 0x80000398 (0x40acd093) x 1 0x00000000
core   0: 0x8000039c (0x0243efb3) rem     t6, t2, tp
core   0: 3 0x8000039c (0x0243efb3) x31 0xa0519000
core   0: 0x800003a0 (0x41b25833) sra     a6, tp, s11
core   0: 3 0x800003a0 (0x41b25833) x16 0x00000000
core   0: 0x800003a4 (0x00e59b33) sll     s6, a1, a4
core   0: 3 0x800003a4 (0x00e59b33) x22 0x00000000
core   0: 0x800003a8 (0x00000013) nop
core   0: 3 0x800003a8 (0x00000013)
core   0: 0x800003ac (0x4037d093) srai    ra, a5, 3
core   0: 3 0x800003ac (0x4037d093) x 1 0x00000000
core   0: 0x800003b0 (0x012747b3) xor     a5, a4, s2
core   0: 3 0x800003b0 (0x012747b3) x15 0x00000001
core   0: 0x800003b4 (0x0070b1b3) sltu    gp, ra, t2
core   0: 3 0x800003b4 (0x0070b1b3) x 3 0x00000001
core   0: 0x800003b8 (0x40b74693) xori    a3, a4, 1035
core   0: 3 0x800003b8 (0x40b74693) x13 0x0000040a
core   0: 0x800003bc (0x716d8117) auipc   sp, 0x716d8
core   0: 3 0x800003bc (0x716d8117) x 2 0xf16d83bc
core   0: 0x800003c0 (0x02b98833) mul     a6, s3, a1
core   0: 3 0x800003c0 (0x02b98833) x16 0x00000000
core   0: 0x800003c4 (0x81b4a297) auipc   t0, 0x81b4a
core   0: 3 0x800003c4 (0x81b4a297) x 5 0x01b4a3c4
core   0: 0x800003c8 (0x03d908b3) mul     a7, s2, t4
core   0: 3 0x800003c8 (0x03d908b3) x17 0x00000000
core   0: 0x800003cc (0x00000013) nop
core   0: 3 0x800003cc (0x00000013)
core   0: 0x800003d0 (0xa5b28293) addi    t0, t0, -1445
core   0: 3 0x800003d0 (0xa5b28293) x 5 0x01b49e1f
core   0: 0x800003d4 (0xdb12a593) slti    a1, t0, -591
core   0: 3 0x800003d4 (0xdb12a593) x11 0x00000000
core   0: 0x800003d8 (0x0064bdb3) sltu    s11, s1, t1
core   0: 3 0x800003d8 (0x0064bdb3) x27 0x00000001
core   0: 0x800003dc (0x405b5b93) srai    s7, s6, 5
core   0: 3 0x800003dc (0x405b5b93) x23 0x00000000
core   0: 0x800003e0 (0x00189193) slli    gp, a7, 1
core   0: 3 0x800003e0 (0x00189193) x 3 0x00000000
core   0: 0x800003e4 (0x011ce5b3) or      a1, s9, a7
core   0: 3 0x800003e4 (0x011ce5b3) x11 0x00000371
core   0: 0x800003e8 (0xd8e4ae93) slti    t4, s1, -626
core   0: 3 0x800003e8 (0xd8e4ae93) x29 0x00000000
core   0: 0x800003ec (0x17f7cc13) xori    s8, a5, 383
core   0: 3 0x800003ec (0x17f7cc13) x24 0x0000017e
core   0: 0x800003f0 (0xca4cf713) andi    a4, s9, -860
core   0: 3 0x800003f0 (0xca4cf713) x14 0x00000020
core   0: 0x800003f4 (0x01d34233) xor     tp, t1, t4
core   0: 3 0x800003f4 (0x01d34233) x 4 0x80000000
core   0: 0x800003f8 (0x01c8c4b3) xor     s1, a7, t3
core   0: 3 0x800003f8 (0x01c8c4b3) x 9 0x00000000
core   0: 0x800003fc (0x544be493) ori     s1, s7, 1348
core   0: 3 0x800003fc (0x544be493) x 9 0x00000544
core   0: 0x80000400 (0x47c6cd93) xori    s11, a3, 1148
core   0: 3 0x80000400 (0x47c6cd93) x27 0x00000076
core   0: 0x80000404 (0x03002933) mulhsu  s2, zero, a6
core   0: 3 0x80000404 (0x03002933) x18 0x00000000
core   0: 0x80000408 (0x02dc7bb3) remu    s7, s8, a3
core   0: 3 0x80000408 (0x02dc7bb3) x23 0x0000017e
core   0: 0x8000040c (0x005e6333) or      t1, t3, t0
core   0: 3 0x8000040c (0x005e6333) x 6 0x01b49e1f
core   0: 0x80000410 (0x02f1bc33) mulhu   s8, gp, a5
core   0: 3 0x80000410 (0x02f1bc33) x24 0x00000000
core   0: 0x80000414 (0x413e5db3) sra     s11, t3, s3
core   0: 3 0x80000414 (0x413e5db3) x27 0x00000000
core   0: 0x80000418 (0x02b25ab3) divu    s5, tp, a1
core   0: 3 0x80000418 (0x02b25ab3) x21 0x002531b0
core   0: 0x8000041c (0xa7cc3393) sltiu   t2, s8, -1412
core   0: 3 0x8000041c (0xa7cc3393) x 7 0x00000001
core   0: 0x80000420 (0x00e6fb33) and     s6, a3, a4
core   0: 3 0x80000420 (0x00e6fb33) x22 0x00000000
core   0: 0x80000424 (0x003cc7b3) xor     a5, s9, gp
core   0: 3 0x80000424 (0x003cc7b3) x15 0x00000371
core   0: 0x80000428 (0x675a0f93) addi    t6, s4, 1653
core   0: 3 0x80000428 (0x675a0f93) x31 0x00000756
core   0: 0x8000042c (0x20db7213) andi    tp, s6, 525
core   0: 3 0x8000042c (0x20db7213) x 4 0x00000000
core   0: 0x80000430 (0x031f2cb3) mulhsu  s9, t5, a7
core   0: 3 0x80000430 (0x031f2cb3) x25 0x00000000
core   0: 0x80000434 (0x31a0cb93) xori    s7, ra, 794
core   0: 3 0x80000434 (0x31a0cb93) x23 0x0000031a
core   0: 0x80000438 (0x02e07a33) remu    s4, zero, a4
core   0: 3 0x80000438 (0x02e07a33) x20 0x00000000
core   0: 0x8000043c (0x03798eb3) mul     t4, s3, s7
core   0: 3 0x8000043c (0x03798eb3) x29 0x040d2228
core   0: 0x80000440 (0x017991b3) sll     gp, s3, s7
core   0: 3 0x80000440 (0x017991b3) x 3 0x90000000
core   0: 0x80000444 (0x0349adb3) mulhsu  s11, s3, s4
core   0: 3 0x80000444 (0x0349adb3) x27 0x00000000
core   0: 0x80000448 (0x02794a33) div     s4, s2, t2
core   0: 3 0x80000448 (0x02794a33) x20 0x00000000
core   0: 0x8000044c (0x0207fc33) remu    s8, a5, zero
core   0: 3 0x8000044c (0x0207fc33) x24 0x00000371
core   0: 0x80000450 (0x01bb9633) sll     a2, s7, s11
core   0: 3 0x80000450 (0x01bb9633) x12 0x0000031a
core   0: 0x80000454 (0x00000013) nop
core   0: 3 0x80000454 (0x00000013)
core   0: 0x80000458 (0x025d0833) mul     a6, s10, t0
core   0: 3 0x80000458 (0x025d0833) x16 0x80000000
core   0: 0x8000045c (0x50d72293) slti    t0, a4, 1293
core   0: 3 0x8000045c (0x50d72293) x 5 0x00000001
core   0: 0x80000460 (0x413a55b3) sra     a1, s4, s3
core   0: 3 0x80000460 (0x413a55b3) x11 0x00000000
core   0: 0x80000464 (0x00955513) srli    a0, a0, 9
core   0: 3 0x80000464 (0x00955513) x10 0x007ffffe
core   0: 0x80000468 (0x41ae5233) sra     tp, t3, s10
core   0: 3 0x80000468 (0x41ae5233) x 4 0x00000000
core   0: 0x8000046c (0x00a8f133) and     sp, a7, a0
core   0: 3 0x8000046c (0x00a8f133) x 2 0x00000000
core   0: 0x80000470 (0x01dc9513) slli    a0, s9, 29
core   0: 3 0x80000470 (0x01dc9513) x10 0x00000000
core   0: 0x80000474 (0x4024d233) sra     tp, s1, sp
core   0: 3 0x80000474 (0x4024d233) x 4 0x00000544
core   0: 0x80000478 (0x003ddb93) srli    s7, s11, 3
core   0: 3 0x80000478 (0x003ddb93) x23 0x00000000
core   0: 0x8000047c (0x413705b3) sub     a1, a4, s3
core   0: 3 0x8000047c (0x413705b3) x11 0x7ffeb1bc
core   0: 0x80000480 (0x0240ce33) div     t3, ra, tp
core   0: 3 0x80000480 (0x0240ce33) x28 0x00000000
core   0: 0x80000484 (0x83b0cc13) xori    s8, ra, -1989
core   0: 3 0x80000484 (0x83b0cc13) x24 0xfffff83b
core   0: 0x80000488 (0xa5ea7493) andi    s1, s4, -1442
core   0: 3 0x80000488 (0xa5ea7493) x 9 0x00000000
core   0: 0x8000048c (0x7b0cee93) ori     t4, s9, 1968
core   0: 3 0x8000048c (0x7b0cee93) x29 0x000007b0
core   0: 0x80000490 (0x01c41b33) sll     s6, s0, t3
core   0: 3 0x80000490 (0x01c41b33) x22 0x00000001
core   0: 0x80000494 (0x017dd193) srli    gp, s11, 23
core   0: 3 0x80000494 (0x017dd193) x 3 0x00000000
core   0: 0x80000498 (0x41210333) sub     t1, sp, s2
core   0: 3 0x80000498 (0x41210333) x 6 0x00000000
core   0: 0x8000049c (0x0af72e37) lui     t3, 0xaf72
core   0: 3 0x8000049c (0x0af72e37) x28 0x0af72000
core   0: 0x800004a0 (0x018e6533) or      a0, t3, s8
core   0: 3 0x800004a0 (0x018e6533) x10 0xfffff83b
core   0: 0x800004a4 (0x002dcab3) xor     s5, s11, sp
core   0: 3 0x800004a4 (0x002dcab3) x21 0x00000000
core   0: 0x800004a8 (0x00057133) and     sp, a0, zero
core   0: 3 0x800004a8 (0x00057133) x 2 0x00000000
core   0: 0x800004ac (0x71a6ed93) ori     s11, a3, 1818
core   0: 3 0x800004ac (0x71a6ed93) x27 0x0000071a
core   0: 0x800004b0 (0x6e90cc93) xori    s9, ra, 1769
core   0: 3 0x800004b0 (0x6e90cc93) x25 0x000006e9
core   0: 0x800004b4 (0x7cd86ab7) lui     s5, 0x7cd86
core   0: 3 0x800004b4 (0x7cd86ab7) x21 0x7cd86000
core   0: 0x800004b8 (0x02908033) mul     zero, ra, s1
core   0: 3 0x800004b8 (0x02908033)
core   0: 0x800004bc (0x02cd4133) div     sp, s10, a2
core   0: 3 0x800004bc (0x02cd4133) x 2 0xffd6bb01
core   0: 0x800004c0 (0x00cd67b3) or      a5, s10, a2
core   0: 3 0x800004c0 (0x00cd67b3) x15 0x8000031a
core   0: 0x800004c4 (0x1b8fbb93) sltiu   s7, t6, 440
core   0: 3 0x800004c4 (0x1b8fbb93) x23 0x00000000
core   0: 0x800004c8 (0x9882d2b7) lui     t0, 0x9882d
core   0: 3 0x800004c8 (0x9882d2b7) x 5 0x9882d000
core   0: 0x800004cc (0x00bf5c33) srl     s8, t5, a1
core   0: 3 0x800004cc (0x00bf5c33) x24 0x00000008
core   0: 0x800004d0 (0x00641413) slli    s0, s0, 6
core   0: 3 0x800004d0 (0x00641413) x 8 0x00000040
core   0: 0x800004d4 (0x41875533) sra     a0, a4, s8
core   0: 3 0x800004d4 (0x41875533) x10 0x00000000
core   0: 0x800004d8 (0x005933b3) sltu    t2, s2, t0
core   0: 3 0x800004d8 (0x005933b3) x 7 0x00000001
core   0: 0x800004dc (0x018a6233) or      tp, s4, s8
core   0: 3 0x800004dc (0x018a6233) x 4 0x00000008
core   0: 0x800004e0 (0x00e688b3) add     a7, a3, a4
core   0: 3 0x800004e0 (0x00e688b3) x17 0x0000042a
core   0: 0x800004e4 (0x01ad5d93) srli    s11, s10, 26
core   0: 3 0x800004e4 (0x01ad5d93) x27 0x00000020
core   0: 0x800004e8 (0x409b80b3) sub     ra, s7, s1
core   0: 3 0x800004e8 (0x409b80b3) x 1 0x00000000
core   0: 0x800004ec (0x0025fab3) and     s5, a1, sp
core   0: 3 0x800004ec (0x0025fab3) x21 0x7fd6b100
core   0: 0x800004f0 (0x7d39ce93) xori    t4, s3, 2003
core   0: 3 0x800004f0 (0x7d39ce93) x29 0x800149b7
core   0: 0x800004f4 (0x01c92b33) slt     s6, s2, t3
core   0: 3 0x800004f4 (0x01c92b33) x22 0x00000001
core   0: 0x800004f8 (0x02247333) remu    t1, s0, sp
core   0: 3 0x800004f8 (0x02247333) x 6 0x00000040
core   0: 0x800004fc (0x00c58c33) add     s8, a1, a2
core   0: 3 0x800004fc (0x00c58c33) x24 0x7ffeb4d6
core   0: 0x80000500 (0x02ec0933) mul     s2, s8, a4
core   0: 3 0x80000500 (0x02ec0933) x18 0xffd69ac0
core   0: 0x80000504 (0x03f082b3) mul     t0, ra, t6
core   0: 3 0x80000504 (0x03f082b3) x 5 0x00000000
core   0: 0x80000508 (0x0045d913) srli    s2, a1, 4
core   0: 3 0x80000508 (0x0045d913) x18 0x07ffeb1b
core   0: 0x8000050c (0x00a99093) slli    ra, s3, 10
core   0: 3 0x8000050c (0x00a99093) x 1 0x05399000
core   0: 0x80000510 (0x034e53b3) divu    t2, t3, s4
core   0: 3 0x80000510 (0x034e53b3) x 7 0xffffffff
core   0: 0x80000514 (0xd8c93b13) sltiu   s6, s2, -628
core   0: 3 0x80000514 (0xd8c93b13) x22 0x00000001
core   0: 0x80000518 (0x034cadb3) mulhsu  s11, s9, s4
core   0: 3 0x80000518 (0x034cadb3) x27 0x00000000
core   0: 0x8000051c (0x03d7c8b3) div     a7, a5, t4
core   0: 3 0x8000051c (0x03d7c8b3) x17 0x00000001
core   0: 0x80000520 (0x0eb24f93) xori    t6, tp, 235
core   0: 3 0x80000520 (0x0eb24f93) x31 0x000000e3
core   0: 0x80000524 (0x96f44913) xori    s2, s0, -1681
core   0: 3 0x80000524 (0x96f44913) x18 0xfffff92f
core   0: 0x80000528 (0x027f9933) mulh    s2, t6, t2
core   0: 3 0x80000528 (0x027f9933) x18 0xffffffff
core   0: 0x8000052c (0x023bfa33) remu    s4, s7, gp
core   0: 3 0x8000052c (0x023bfa33) x20 0x00000000
core   0: 0x80000530 (0x030055b3) divu    a1, zero, a6
core   0: 3 0x80000530 (0x030055b3) x11 0x00000000
core   0: 0x80000534 (0x2649e593) ori     a1, s3, 612
core   0: 3 0x80000534 (0x2649e593) x11 0x80014e64
core   0: 0x80000538 (0x022e2333) mulhsu  t1, t3, sp
core   0: 3 0x80000538 (0x022e2333) x 6 0x0af55b77
core   0: 0x8000053c (0x02afc493) xori    s1, t6, 42
core   0: 3 0x8000053c (0x02afc493) x 9 0x000000c9
core   0: 0x80000540 (0x00822fb3) slt     t6, tp, s0
core   0: 3 0x80000540 (0x00822fb3) x31 0x00000001
core   0: 0x80000544 (0x02f36b33) rem     s6, t1, a5
core   0: 3 0x80000544 (0x02f36b33) x22 0x0af55b77
core   0: 0x80000548 (0x89dff493) andi    s1, t6, -1891
core   0: 3 0x80000548 (0x89dff493) x 9 0x00000001
core   0: 0x8000054c (0x00000013) nop
core   0: 3 0x8000054c (0x00000013)
core   0: 0x80000550 (0x402ed293) srai    t0, t4, 2
core   0: 3 0x80000550 (0x402ed293) x 5 0xe000526d
core   0: 0x80000554 (0x41db0733) sub     a4, s6, t4
core   0: 3 0x80000554 (0x41db0733) x14 0x8af411c0
core   0: 0x80000558 (0x4159f393) andi    t2, s3, 1045
core   0: 3 0x80000558 (0x4159f393) x 7 0x00000404
core   0: 0x8000055c (0x02ea7333) remu    t1, s4, a4
core   0: 3 0x8000055c (0x02ea7333) x 6 0x00000000
core   0: 0x80000560 (0x012d6a33) or      s4, s10, s2
core   0: 3 0x80000560 (0x012d6a33) x20 0xffffffff
core   0: 0x80000564 (0x013b17b3) sll     a5, s6, s3
core   0: 3 0x80000564 (0x013b17b3) x15 0xaf55b770
core   0: 0x80000568 (0x01b8cbb3) xor     s7, a7, s11
core   0: 3 0x80000568 (0x01b8cbb3) x23 0x00000001
core   0: 0x8000056c (0x00d046b3) xor     a3, zero, a3
core   0: 3 0x8000056c (0x00d046b3) x13 0x0000040a
core   0: 0x80000570 (0x13222713) slti    a4, tp, 306
core   0: 3 0x80000570 (0x13222713) x14 0x00000001
core   0: 0x80000574 (0x02d5fcb3) remu    s9, a1, a3
core   0: 3 0x80000574 (0x02d5fcb3) x25 0x00000374
core   0: 0x80000578 (0x41640c33) sub     s8, s0, s6
core   0: 3 0x80000578 (0x41640c33) x24 0xf50aa4c9
core   0: 0x8000057c (0x0237cab3) div     s5, a5, gp
core   0: 3 0x8000057c (0x0237cab3) x21 0xffffffff
core   0: 0x80000580 (0xf2d9f613) andi    a2, s3, -211
core   0: 3 0x80000580 (0xf2d9f613) x12 0x80014e24
core   0: 0x80000584 (0x00d5e633) or      a2, a1, a3
core   0: 3 0x80000584 (0x00d5e633) x12 0x80014e6e
core   0: 0x80000588 (0x4093db33) sra     s6, t2, s1
core   0: 3 0x80000588 (0x4093db33) x22 0x00000202
core   0: 0x8000058c (0x01fef233) and     tp, t4, t6
core   0: 3 0x8000058c (0x01fef233) x 4 0x00000001
core   0: 0x80000590 (0x00d713b3) sll     t2, a4, a3
core   0: 3 0x80000590 (0x00d713b3) x 7 0x00000400
core   0: 0x80000594 (0x00000013) nop
core   0: 3 0x80000594 (0x00000013)
core   0: 0x80000598 (0x025d4db3) div     s11, s10, t0
core   0: 3 0x80000598 (0x025d4db3) x27 0x00000004
core   0: 0x8000059c (0x010377b3) and     a5, t1, a6
core   0: 3 0x8000059c (0x010377b3) x15 0x00000000
core   0: 0x800005a0 (0x005692b3) sll     t0, a3, t0
core   0: 3 0x800005a0 (0x005692b3) x 5 0x00814000
core   0: 0x800005a4 (0x40c75913) srai    s2, a4, 12
core   0: 3 0x800005a4 (0x40c75913) x18 0x00000000
core   0: 0x800005a8 (0x01309b93) slli    s7, ra, 19
core   0: 3 0x800005a8 (0x01309b93) x23 0x80000000
core   0: 0x800005ac (0x026785b3) mul     a1, a5, t1
core   0: 3 0x800005ac (0x026785b3) x11 0x00000000
core   0: 0x800005b0 (0x02636633) rem     a2, t1, t1
core   0: 3 0x800005b0 (0x02636633) x12 0x00000000
core   0: 0x800005b4 (0x03b6eb33) rem     s6, a3, s11
core   0: 3 0x800005b4 (0x03b6eb33) x22 0x00000002
core   0: 0x800005b8 (0x00000013) nop
core   0: 3 0x800005b8 (0x00000013)
core   0: 0x800005bc (0x96aa2237) lui     tp, 0x96aa2
core   0: 3 0x800005bc (0x96aa2237) x 4 0x96aa2000
core   0: 0x800005c0 (0x0295b2b3) mulhu   t0, a1, s1
core   0: 3 0x800005c0 (0x0295b2b3) x 5 0x00000000
core   0: 0x800005c4 (0xd4a184b7) lui     s1, 0xd4a18
core   0: 3 0x800005c4 (0xd4a184b7) x 9 0xd4a18000
core   0: 0x800005c8 (0x02d87233) remu    tp, a6, a3
core   0: 3 0x800005c8 (0x02d87233) x 4 0x00000044
core   0: 0x800005cc (0x038cd733) divu    a4, s9, s8
core   0: 3 0x800005cc (0x038cd733) x14 0x00000000
core   0: 0x800005d0 (0x41f3d413) srai    s0, t2, 31
core   0: 3 0x800005d0 (0x41f3d413) x 8 0x00000000
core   0: 0x800005d4 (0x0280d733) divu    a4, ra, s0
core   0: 3 0x800005d4 (0x0280d733) x14 0xffffffff
core   0: 0x800005d8 (0x002008b3) add     a7, zero, sp
core   0: 3 0x800005d8 (0x002008b3) x17 0xffd6bb01
core   0: 0x800005dc (0xa7d8b393) sltiu   t2, a7, -1411
core   0: 3 0x800005dc (0xa7d8b393) x 7 0x00000001
core   0: 0x800005e0 (0x01bb17b3) sll     a5, s6, s11
core   0: 3 0x800005e0 (0x01bb17b3) x15 0x00000020
core   0: 0x800005e4 (0x02e04a33) div     s4, zero, a4
core   0: 3 0x800005e4 (0x02e04a33) x20 0x00000000
core   0: 0x800005e8 (0x039e6db3) rem     s11, t3, s9
core   0: 3 0x800005e8 (0x039e6db3) x27 0x00000110
core   0: 0x800005ec (0xa06fe413) ori     s0, t6, -1530
core   0: 3 0x800005ec (0xa06fe413) x 8 0xfffffa07
core   0: 0x800005f0 (0xe44ea913) slti    s2, t4, -444
core   0: 3 0x800005f0 (0xe44ea913) x18 0x00000001
core   0: 0x800005f4 (0x01101513) slli    a0, zero, 17
core   0: 3 0x800005f4 (0x01101513) x10 0x00000000
core   0: 0x800005f8 (0x004a4533) xor     a0, s4, tp
core   0: 3 0x800005f8 (0x004a4533) x10 0x00000044
core   0: 0x800005fc (0x034da733) mulhsu  a4, s11, s4
core   0: 3 0x800005fc (0x034da733) x14 0x00000000
core   0: 0x80000600 (0x03d6e433) rem     s0, a3, t4
core   0: 3 0x80000600 (0x03d6e433) x 8 0x0000040a
core   0: 0x80000604 (0x0388beb3) mulhu   t4, a7, s8
core   0: 3 0x80000604 (0x0388beb3) x29 0xf4e32409
core   0: 0x80000608 (0x0043aeb3) slt     t4, t2, tp
core   0: 3 0x80000608 (0x0043aeb3) x29 0x00000001
core   0: 0x8000060c (0x4405b413) sltiu   s0, a1, 1088
core   0: 3 0x8000060c (0x4405b413) x 8 0x00000001
core   0: 0x80000610 (0x92634393) xori    t2, t1, -1754
core   0: 3 0x80000610 (0x92634393) x 7 0xfffff926
core   0: 0x80000614 (0x0189f633) and     a2, s3, s8
core   0: 3 0x80000614 (0x0189f633) x12 0x80000440
core   0: 0x80000618 (0x03da2533) mulhsu  a0, s4, t4
core   0: 3 0x80000618 (0x03da2533) x10 0x00000000
core   0: 0x8000061c (0x003ee3b3) or      t2, t4, gp
core   0: 3 0x8000061c (0x003ee3b3) x 7 0x00000001
core   0: 0x80000620 (0x957c2693) slti    a3, s8, -1705
core   0: 3 0x80000620 (0x957c2693) x13 0x00000001
core   0: 0x80000624 (0x028a21b3) mulhsu  gp, s4, s0
core   0: 3 0x80000624 (0x028a21b3) x 3 0x00000000
core   0: 0x80000628 (0x5c3d7317) auipc   t1, 0x5c3d7
core   0: 3 0x80000628 (0x5c3d7317) x 6 0xdc3d7628
core   0: 0x8000062c (0x0158a533) slt     a0, a7, s5
core   0: 3 0x8000062c (0x0158a533) x10 0x00000001
core   0: 0x80000630 (0x02f42ab3) mulhsu  s5, s0, a5
core   0: 3 0x80000630 (0x02f42ab3) x21 0x00000000
core   0: 0x80000634 (0x026a3533) mulhu   a0, s4, t1
core   0: 3 0x80000634 (0x026a3533) x10 0x00000000
core   0: 0x80000638 (0x038d2fb3) mulhsu  t6, s10, s8
core   0: 3 0x80000638 (0x038d2fb3) x31 0x857aad9b
core   0: 0x8000063c (0x006fba33) sltu    s4, t6, t1
core   0: 3 0x8000063c (0x006fba33) x20 0x00000001
core   0: 0x80000640 (0x0170d713) srli    a4, ra, 23
core   0: 3 0x80000640 (0x0170d713) x14 0x0000000a
core   0: 0x80000644 (0x01af7333) and     t1, t5, s10
core   0: 3 0x80000644 (0x01af7333) x 6 0x80000000
core   0: 0x80000648 (0x02fca533) mulhsu  a0, s9, a5
core   0: 3 0x80000648 (0x02fca533) x10 0x00000000
core   0: 0x8000064c (0x03302db3) mulhsu  s11, zero, s3
core   0: 3 0x8000064c (0x03302db3) x27 0x00000000
core   0: 0x80000650 (0x02bc76b3) remu    a3, s8, a1
core   0: 3 0x80000650 (0x02bc76b3) x13 0xf50aa4c9
core   0: 0x80000654 (0x03878833) mul     a6, a5, s8
core   0: 3 0x80000654 (0x03878833) x16 0xa1549920
core   0: 0x80000658 (0x02be3633) mulhu   a2, t3, a1
core   0: 3 0x80000658 (0x02be3633) x12 0x00000000
core   0: 0x8000065c (0x40dfd493) srai    s1, t6, 13
core   0: 3 0x8000065c (0x40dfd493) x 9 0xfffc2bd5
core   0: 0x80000660 (0xacdfe593) ori     a1, t6, -1331
core   0: 3 0x80000660 (0xacdfe593) x11 0xffffffdf
core   0: 0x80000664 (0x02edfa33) remu    s4, s11, a4
core   0: 3 0x80000664 (0x02edfa33) x20 0x00000000
core   0: 0x80000668 (0x02795e33) divu    t3, s2, t2
core   0: 3 0x80000668 (0x02795e33) x28 0x00000001
core   0: 0x8000066c (0x009da333) slt     t1, s11, s1
core   0: 3 0x8000066c (0x009da333) x 6 0x00000000
core   0: 0x80000670 (0x00000013) nop
core   0: 3 0x80000670 (0x00000013)
core   0: 0x80000674 (0x01879193) slli    gp, a5, 24
core   0: 3 0x80000674 (0x01879193) x 3 0x20000000
core   0: 0x80000678 (0x02815eb3) divu    t4, sp, s0
core   0: 3 0x80000678 (0x02815eb3) x29 0xffd6bb01
core   0: 0x8000067c (0x0c5f7713) andi    a4, t5, 197
core   0: 3 0x8000067c (0x0c5f7713) x14 0x000000c4
core   0: 0x80000680 (0x034bdc33) divu    s8, s7, s4
core   0: 3 0x80000680 (0x034bdc33) x24 0xffffffff
core   0: 0x80000684 (0x02c8d233) divu    tp, a7, a2
core   0: 3 0x80000684 (0x02c8d233) x 4 0xffffffff
core   0: 0x80000688 (0x00b48233) add     tp, s1, a1
core   0: 3 0x80000688 (0x00b48233) x 4 0xfffc2bb4
core   0: 0x8000068c (0x02f9d833) divu    a6, s3, a5
core   0: 3 0x8000068c (0x02f9d833) x16 0x04000a73
core   0: 0x80000690 (0x01b91ab3) sll     s5, s2, s11
core   0: 3 0x80000690 (0x01b91ab3) x21 0x00000001
core   0: 0x80000694 (0x025c92b3) mulh    t0, s9, t0
core   0: 3 0x80000694 (0x025c92b3) x 5 0x00000000
core   0: 0x80000698 (0xb69c7b93) andi    s7, s8, -1175
core   0: 3 0x80000698 (0xb69c7b93) x23 0xfffffb69
core   0: 0x8000069c (0x414dd093) srai    ra, s11, 20
core   0: 3 0x8000069c (0x414dd093) x 1 0x00000000
core   0: 0x800006a0 (0xf65bee93) ori     t4, s7, -155
core   0: 3 0x800006a0 (0xf65bee93) x29 0xffffff6d
core   0: 0x800006a4 (0x035696b3) mulh    a3, a3, s5
core   0: 3 0x800006a4 (0x035696b3) x13 0xffffffff
core   0: 0x800006a8 (0x03b023b3) mulhsu  t2, zero, s11
core   0: 3 0x800006a8 (0x03b023b3) x 7 0x00000000
core   0: 0x800006ac (0x01e98e33) add     t3, s3, t5
core   0: 3 0x800006ac (0x01e98e33) x28 0x0002db48
core   0: 0x800006b0 (0xa4f70b93) addi    s7, a4, -1457
core   0: 3 0x800006b0 (0xa4f70b93) x23 0xfffffb13
core   0: 0x800006b4 (0x47c40013) addi    zero, s0, 1148
core   0: 3 0x800006b4 (0x47c40013)
core   0: 0x800006b8 (0x002f1c33) sll     s8, t5, sp
core   0: 3 0x800006b8 (0x002f1c33) x24 0x000319c8
core   0: 0x800006bc (0x011313b3) sll     t2, t1, a7
core   0: 3 0x800006bc (0x011313b3) x 7 0x00000000
core   0: 0x800006c0 (0x02f5f6b3) remu    a3, a1, a5
core   0: 3 0x800006c0 (0x02f5f6b3) x13 0x0000001f
core   0: 0x800006c4 (0x4157d193) srai    gp, a5, 21
core   0: 3 0x800006c4 (0x4157d193) x 3 0x00000000
core   0: 0x800006c8 (0x019d55b3) srl     a1, s10, s9
core   0: 3 0x800006c8 (0x019d55b3) x11 0x00000800
core   0: 0x800006cc (0x03622833) mulhsu  a6, tp, s6
core   0: 3 0x800006cc (0x03622833) x16 0xffffffff
core   0: 0x800006d0 (0xf3949e97) auipc   t4, 0xf3949
core   0: 3 0x800006d0 (0xf3949e97) x29 0x739496d0
core   0: 0x800006d4 (0x0171de13) srli    t3, gp, 23
core   0: 3 0x800006d4 (0x0171de13) x28 0x00000000
core   0: 0x800006d8 (0x4d3b7713) andi    a4, s6, 1235
core   0: 3 0x800006d8 (0x4d3b7713) x14 0x00000002
core   0: 0x800006dc (0x03348a33) mul     s4, s1, s3
core   0: 3 0x800006dc (0x03348a33) x20 0x7fb10534
core   0: 0x800006e0 (0x407fd0b3) sra     ra, t6, t2
core   0: 3 0x800006e0 (0x407fd0b3) x 1 0x857aad9b
core   0: 0x800006e4 (0xa97c4913) xori    s2, s8, -1385
core   0: 3 0x800006e4 (0xa97c4913) x18 0xfffce35f
core   0: 0x800006e8 (0x419c5013) srai    zero, s8, 25
core   0: 3 0x800006e8 (0x419c5013)
core   0: 0x800006ec (0x00134db3) xor     s11, t1, ra
core   0: 3 0x800006ec (0x00134db3) x27 0x857aad9b
core   0: 0x800006f0 (0x16418813) addi    a6, gp, 356
core   0: 3 0x800006f0 (0x16418813) x16 0x00000164
core   0: 0x800006f4 (0xb495aa13) slti    s4, a1, -1207
core   0: 3 0x800006f4 (0xb495aa13) x20 0x00000000
core   0: 0x800006f8 (0xdf308293) addi    t0, ra, -525
core   0: 3 0x800006f8 (0xdf308293) x 5 0x857aab8e
core   0: 0x800006fc (0x02531e33) mulh    t3, t1, t0
core   0: 3 0x800006fc (0x02531e33) x28 0x00000000
core   0: 0x80000700 (0x70c37793) andi    a5, t1, 1804
core   0: 3 0x80000700 (0x70c37793) x15 0x00000000
core   0: 0x80000704 (0x02bb5733) divu    a4, s6, a1
core   0: 3 0x80000704 (0x02bb5733) x14 0x00000000
core   0: 0x80000708 (0x03ff2c33) mulhsu  s8, t5, t6
core   0: 3 0x80000708 (0x03ff2c33) x24 0xbd437823
core   0: 0x8000070c (0x00114e33) xor     t3, sp, ra
core   0: 3 0x8000070c (0x00114e33) x28 0x7aac169a
core   0: 0x80000710 (0xf076b213) sltiu   tp, a3, -249
core   0: 3 0x80000710 (0xf076b213) x 4 0x00000001
core   0: 0x80000714 (0x01f7aeb3) slt     t4, a5, t6
core   0: 3 0x80000714 (0x01f7aeb3) x29 0x00000000
core   0: 0x80000718 (0x01f056b3) srl     a3, zero, t6
core   0: 3 0x80000718 (0x01f056b3) x13 0x00000000
core   0: 0x8000071c (0x01f115b3) sll     a1, sp, t6
core   0: 3 0x8000071c (0x01f115b3) x11 0x08000000
core   0: 0x80000720 (0x03129833) mulh    a6, t0, a7
core   0: 3 0x80000720 (0x03129833) x16 0x0013c05f
core   0: 0x80000724 (0x03f9a3b3) mulhsu  t2, s3, t6
core   0: 3 0x80000724 (0x03f9a3b3) x 7 0xbd43578c
core   0: 0x80000728 (0x9ab0f513) andi    a0, ra, -1621
core   0: 3 0x80000728 (0x9ab0f513) x10 0x857aa98b
core   0: 0x8000072c (0x035868b3) rem     a7, a6, s5
core   0: 3 0x8000072c (0x035868b3) x17 0x00000000
core   0: 0x80000730 (0x40a40c33) sub     s8, s0, a0
core   0: 3 0x80000730 (0x40a40c33) x24 0x7a855676
core   0: 0x80000734 (0x01a93533) sltu    a0, s2, s10
core   0: 3 0x80000734 (0x01a93533) x10 0x00000000
core   0: 0x80000738 (0x03e8a1b3) mulhsu  gp, a7, t5
core   0: 3 0x80000738 (0x03e8a1b3) x 3 0x00000000
core   0: 0x8000073c (0x41cc5c13) srai    s8, s8, 28
core   0: 3 0x8000073c (0x41cc5c13) x24 0x00000007
core   0: 0x80000740 (0x0191b3b3) sltu    t2, gp, s9
core   0: 3 0x80000740 (0x0191b3b3) x 7 0x00000001
core   0: 0x80000744 (0x01f43e33) sltu    t3, s0, t6
core   0: 3 0x80000744 (0x01f43e33) x28 0x00000001
core   0: 0x80000748 (0x02a46133) rem     sp, s0, a0
core   0: 3 0x80000748 (0x02a46133) x 2 0x00000001
core   0: 0x8000074c (0x037debb3) rem     s7, s11, s7
core   0: 3 0x8000074c (0x037debb3) x23 0xfffffe8c
core   0: 0x80000750 (0x4193d893) srai    a7, t2, 25
core   0: 3 0x80000750 (0x4193d893) x17 0x00000000
core   0: 0x80000754 (0x033512b3) mulh    t0, a0, s3
core   0: 3 0x80000754 (0x033512b3) x 5 0x00000000
core   0: 0x80000758 (0x00b66e33) or      t3, a2, a1
core   0: 3 0x80000758 (0x00b66e33) x28 0x08000000
core   0: 0x8000075c (0x40765293) srai    t0, a2, 7
core   0: 3 0x8000075c (0x40765293) x 5 0x00000000
core   0: 0x80000760 (0x00c69233) sll     tp, a3, a2
core   0: 3 0x80000760 (0x00c69233) x 4 0x00000000
core   0: 0x80000764 (0xc4a53b13) sltiu   s6, a0, -950
core   0: 3 0x80000764 (0xc4a53b13) x22 0x00000001
core   0: 0x80000768 (0xf4dadc17) auipc   s8, 0xf4dad
core   0: 3 0x80000768 (0xf4dadc17) x24 0x74dad768
core   0: 0x8000076c (0x7eb5e213) ori     tp, a1, 2027
core   0: 3 0x8000076c (0x7eb5e213) x 4 0x080007eb
core   0: 0x80000770 (0x01197ab3) and     s5, s2, a7
core   0: 3 0x80000770 (0x01197ab3) x21 0x00000000
core   0: 0x80000774 (0x41735c13) srai    s8, t1, 23
core   0: 3 0x80000774 (0x41735c13) x24 0x00000000
core   0: 0x80000778 (0x009200b3) add     ra, tp, s1
core   0: 3 0x80000778 (0x009200b3) x 1 0x07fc33c0
core   0: 0x8000077c (0x017cb1b3) sltu    gp, s9, s7
core   0: 3 0x8000077c (0x017cb1b3) x 3 0x00000001
core   0: 0x80000780 (0x41ecf313) andi    t1, s9, 1054
core   0: 3 0x80000780 (0x41ecf313) x 6 0x00000014
core   0: 0x80000784 (0x03f16bb3) rem     s7, sp, t6
core   0: 3 0x80000784 (0x03f16bb3) x23 0x00000001
core   0: 0x80000788 (0x98ccf913) andi    s2, s9, -1652
core   0: 3 0x80000788 (0x98ccf913) x18 0x00000104
core   0: 0x8000078c (0x007a5a93) srli    s5, s4, 7
core   0: 3 0x8000078c (0x007a5a93) x21 0x00000000
core   0: 0x80000790 (0x0243a8b3) mulhsu  a7, t2, tp
core   0: 3 0x80000790 (0x0243a8b3) x17 0x00000000
core   0: 0x80000794 (0x012f9493) slli    s1, t6, 18
core   0: 3 0x80000794 (0x012f9493) x 9 0xb66c0000
core   0: 0x80000798 (0x5ce4a513) slti    a0, s1, 1486
core   0: 3 0x80000798 (0x5ce4a513) x10 0x00000001
core   0: 0x8000079c (0x3de12a17) auipc   s4, 0x3de12
core   0: 3 0x8000079c (0x3de12a17) x20 0xbde1279c
core   0: 0x800007a0 (0x70b1bc13) sltiu   s8, gp, 1803
core   0: 3 0x800007a0 (0x70b1bc13) x24 0x00000001
core   0: 0x800007a4 (0x01b1d813) srli    a6, gp, 27
core   0: 3 0x800007a4 (0x01b1d813) x16 0x00000000
core   0: 0x800007a8 (0xeabbee13) ori     t3, s7, -341
core   0: 3 0x800007a8 (0xeabbee13) x28 0xfffffeab
core   0: 0x800007ac (0x00a350b3) srl     ra, t1, a0
core   0: 3 0x800007ac (0x00a350b3) x 1 0x0000000a
core   0: 0x800007b0 (0xbe7f8113) addi    sp, t6, -1049
core   0: 3 0x800007b0 (0xbe7f8113) x 2 0x857aa982
core   0: 0x800007b4 (0x00192fb3) slt     t6, s2, ra
core   0: 3 0x800007b4 (0x00192fb3) x31 0x00000000
core   0: 0x800007b8 (0xaecd7c13) andi    s8, s10, -1300
core   0: 3 0x800007b8 (0xaecd7c13) x24 0x80000000
core   0: 0x800007bc (0x001dc1b3) xor     gp, s11, ra
core   0: 3 0x800007bc (0x001dc1b3) x 3 0x857aad91
core   0: 0x800007c0 (0xefe0c037) lui     zero, 0xefe0c
core   0: 3 0x800007c0 (0xefe0c037)
core   0: 0x800007c4 (0x0031d2b3) srl     t0, gp, gp
core   0: 3 0x800007c4 (0x0031d2b3) x 5 0x000042bd
core   0: 0x800007c8 (0x00ab1193) slli    gp, s6, 10
core   0: 3 0x800007c8 (0x00ab1193) x 3 0x00000400
core   0: 0x800007cc (0x037b86b3) mul     a3, s7, s7
core   0: 3 0x800007cc (0x037b86b3) x13 0x00000001
core   0: 0x800007d0 (0x4171d233) sra     tp, gp, s7
core   0: 3 0x800007d0 (0x4171d233) x 4 0x00000200
core   0: 0x800007d4 (0x011a8333) add     t1, s5, a7
core   0: 3 0x800007d4 (0x011a8333) x 6 0x00000000
core   0: 0x800007d8 (0x36eaa093) slti    ra, s5, 878
core   0: 3 0x800007d8 (0x36eaa093) x 1 0x00000001
core   0: 0x800007dc (0x4197dc93) srai    s9, a5, 25
core   0: 3 0x800007dc (0x4197dc93) x25 0x00000000
core   0: 0x800007e0 (0x01bc97b3) sll     a5, s9, s11
core   0: 3 0x800007e0 (0x01bc97b3) x15 0x00000000
core   0: 0x800007e4 (0x0275dcb3) divu    s9, a1, t2
core   0: 3 0x800007e4 (0x0275dcb3) x25 0x08000000
core   0: 0x800007e8 (0x00e7e733) or      a4, a5, a4
core   0: 3 0x800007e8 (0x00e7e733) x14 0x00000000
core   0: 0x800007ec (0x01f804b3) add     s1, a6, t6
core   0: 3 0x800007ec (0x01f804b3) x 9 0x00000000
core   0: 0x800007f0 (0x02c16533) rem     a0, sp, a2
core   0: 3 0x800007f0 (0x02c16533) x10 0x857aa982
core   0: 0x800007f4 (0x01988433) add     s0, a7, s9
core   0: 3 0x800007f4 (0x01988433) x 8 0x08000000
core   0: 0x800007f8 (0x01b95413) srli    s0, s2, 27
core   0: 3 0x800007f8 (0x01b95413) x 8 0x00000000
core   0: 0x800007fc (0xc27b8bb7) lui     s7, 0xc27b8
core   0: 3 0x800007fc (0xc27b8bb7) x23 0xc27b8000
core   0: 0x80000800 (0x005576b3) and     a3, a0, t0
core   0: 3 0x80000800 (0x005576b3) x13 0x00000080
core   0: 0x80000804 (0xdab31d97) auipc   s11, 0xdab31
core   0: 3 0x80000804 (0xdab31d97) x27 0x5ab31804
core   0: 0x80000808 (0x0311e6b3) rem     a3, gp, a7
core   0: 3 0x80000808 (0x0311e6b3) x13 0x00000400
core   0: 0x8000080c (0x0332c933) div     s2, t0, s3
core   0: 3 0x8000080c (0x0332c933) x18 0x00000000
core   0: 0x80000810 (0x01f91813) slli    a6, s2, 31
core   0: 3 0x80000810 (0x01f91813) x16 0x00000000
core   0: 0x80000814 (0x3c22bc13) sltiu   s8, t0, 962
core   0: 3 0x80000814 (0x3c22bc13) x24 0x00000000
core   0: 0x80000818 (0x03aa74b3) remu    s1, s4, s10
core   0: 3 0x80000818 (0x03aa74b3) x 9 0x3de1279c
core   0: 0x8000081c (0xdd754b93) xori    s7, a0, -553
core   0: 3 0x8000081c (0xdd754b93) x23 0x7a855455
core   0: 0x80000820 (0x41fbd293) srai    t0, s7, 31
core   0: 3 0x80000820 (0x41fbd293) x 5 0x00000000
core   0: 0x80000824 (0x0e466b13) ori     s6, a2, 228
core   0: 3 0x80000824 (0x0e466b13) x22 0x000000e4
core   0: 0x80000828 (0xf3abe513) ori     a0, s7, -198
core   0: 3 0x80000828 (0xf3abe513) x10 0xffffff7f
core   0: 0x8000082c (0x01c283b3) add     t2, t0, t3
core   0: 3 0x8000082c (0x01c283b3) x 7 0xfffffeab
core   0: 0x80000830 (0x016f9513) slli    a0, t6, 22
core   0: 3 0x80000830 (0x016f9513) x10 0x00000000
core   0: 0x80000834 (0x0119cfb3) xor     t6, s3, a7
core   0: 3 0x80000834 (0x0119cfb3) x31 0x80014e64
core   0: 0x80000838 (0x004a3ab3) sltu    s5, s4, tp
core   0: 3 0x80000838 (0x004a3ab3) x21 0x00000000
core   0: 0x8000083c (0x00000013) nop
core   0: 3 0x8000083c (0x00000013)
core   0: 0x80000840 (0x406c5b13) srai    s6, s8, 6
core   0: 3 0x80000840 (0x406c5b13) x22 0x00000000
core   0: 0x80000844 (0x02d0c433) div     s0, ra, a3
core   0: 3 0x80000844 (0x02d0c433) x 8 0x00000000
core   0: 0x80000848 (0xea9c6a93) ori     s5, s8, -343
core   0: 3 0x80000848 (0xea9c6a93) x21 0xfffffea9
core   0: 0x8000084c (0x01b4ddb3) srl     s11, s1, s11
core   0: 3 0x8000084c (0x01b4ddb3) x27 0x03de1279
core   0: 0x80000850 (0x41ea8133) sub     sp, s5, t5
core   0: 3 0x80000850 (0x41ea8133) x 2 0x7ffe71c5
core   0: 0x80000854 (0x401dd713) srai    a4, s11, 1
core   0: 3 0x80000854 (0x401dd713) x14 0x01ef093c
core   0: 0x80000858 (0x03f9d933) divu    s2, s3, t6
core   0: 3 0x80000858 (0x03f9d933) x18 0x00000001
core   0: 0x8000085c (0x01c280b3) add     ra, t0, t3
core   0: 3 0x8000085c (0x01c280b3) x 1 0xfffffeab
core   0: 0x80000860 (0x8249af93) slti    t6, s3, -2012
core   0: 3 0x80000860 (0x8249af93) x31 0x00000001
core   0: 0x80000864 (0x2ca0b613) sltiu   a2, ra, 714
core   0: 3 0x80000864 (0x2ca0b613) x12 0x00000000
core   0: 0x80000868 (0x53d2ddb7) lui     s11, 0x53d2d
core   0: 3 0x80000868 (0x53d2ddb7) x27 0x53d2d000
core   0: 0x8000086c (0x0d9c8817) auipc   a6, 0xd9c8
core   0: 3 0x8000086c (0x0d9c8817) x16 0x8d9c886c
core   0: 0x80000870 (0x00000013) nop
core   0: 3 0x80000870 (0x00000013)
core   0: 0x80000874 (0x02af37b3) mulhu   a5, t5, a0
core   0: 3 0x80000874 (0x02af37b3) x15 0x00000000
core   0: 0x80000878 (0x016d4333) xor     t1, s10, s6
core   0: 3 0x80000878 (0x016d4333) x 6 0x80000000
core   0: 0x8000087c (0x54b6f537) lui     a0, 0x54b6f
core   0: 3 0x8000087c (0x54b6f537) x10 0x54b6f000
core   0: 0x80000880 (0x01db47b3) xor     a5, s6, t4
core   0: 3 0x80000880 (0x01db47b3) x15 0x00000000
core   0: 0x80000884 (0x023d96b3) mulh    a3, s11, gp
core   0: 3 0x80000884 (0x023d96b3) x13 0x0000014f
core   0: 0x80000888 (0x73767113) andi    sp, a2, 1847
core   0: 3 0x80000888 (0x73767113) x 2 0x00000000
core   0: 0x8000088c (0x401fdd93) srai    s11, t6, 1
core   0: 3 0x8000088c (0x401fdd93) x27 0x00000000
core   0: 0x80000890 (0x02a99b33) mulh    s6, s3, a0
core   0: 3 0x80000890 (0x02a99b33) x22 0xd5a4f6a7
core   0: 0x80000894 (0x642b4313) xori    t1, s6, 1602
core   0: 3 0x80000894 (0x642b4313) x 6 0xd5a4f0e5
core   0: 0x80000898 (0x03193fb3) mulhu   t6, s2, a7
core   0: 3 0x80000898 (0x03193fb3) x31 0x00000000
core   0: 0x8000089c (0x03822fb3) mulhsu  t6, tp, s8
core   0: 3 0x8000089c (0x03822fb3) x31 0x00000000
core   0: 0x800008a0 (0x0109f133) and     sp, s3, a6
core   0: 3 0x800008a0 (0x0109f133) x 2 0x80000864
core   0: 0x800008a4 (0x012e7e33) and     t3, t3, s2
core   0: 3 0x800008a4 (0x012e7e33) x28 0x00000001
core   0: 0x800008a8 (0x0193e533) or      a0, t2, s9
core   0: 3 0x800008a8 (0x0193e533) x10 0xfffffeab
core   0: 0x800008ac (0x03d8c1b3) div     gp, a7, t4
core   0: 3 0x800008ac (0x03d8c1b3) x 3 0xffffffff
core   0: 0x800008b0 (0x01536333) or      t1, t1, s5
core   0: 3 0x800008b0 (0x01536333) x 6 0xfffffeed
core   0: 0x800008b4 (0xb1d8d537) lui     a0, 0xb1d8d
core   0: 3 0x800008b4 (0xb1d8d537) x10 0xb1d8d000
core   0: 0x800008b8 (0xb0837e37) lui     t3, 0xb0837
core   0: 3 0x800008b8 (0xb0837e37) x28 0xb0837000
core   0: 0x800008bc (0x02b3be33) mulhu   t3, t2, a1
core   0: 3 0x800008bc (0x02b3be33) x28 0x07fffff5
core   0: 0x800008c0 (0xa25da513) slti    a0, s11, -1499
core   0: 3 0x800008c0 (0xa25da513) x10 0x00000000
core   0: 0x800008c4 (0x01934ab3) xor     s5, t1, s9
core   0: 3 0x800008c4 (0x01934ab3) x21 0xf7fffeed
core   0: 0x800008c8 (0x28b15937) lui     s2, 0x28b15
core   0: 3 0x800008c8 (0x28b15937) x18 0x28b15000
core   0: 0x800008cc (0x036e7cb3) remu    s9, t3, s6
core   0: 3 0x800008cc (0x036e7cb3) x25 0x07fffff5
core   0: 0x800008d0 (0x914eb8b7) lui     a7, 0x914eb
core   0: 3 0x800008d0 (0x914eb8b7) x17 0x914eb000
core   0: 0x800008d4 (0x2c1bbc93) sltiu   s9, s7, 705
core   0: 3 0x800008d4 (0x2c1bbc93) x25 0x00000000
core   0: 0x800008d8 (0x01f9adb3) slt     s11, s3, t6
core   0: 3 0x800008d8 (0x01f9adb3) x27 0x00000001
core   0: 0x800008dc (0x030c1533) mulh    a0, s8, a6
core   0: 3 0x800008dc (0x030c1533) x10 0x00000000
core   0: 0x800008e0 (0x00bad533) srl     a0, s5, a1
core   0: 3 0x800008e0 (0x00bad533) x10 0xf7fffeed
core   0: 0x800008e4 (0x005c11b3) sll     gp, s8, t0
core   0: 3 0x800008e4 (0x005c11b3) x 3 0x00000000
core   0: 0x800008e8 (0x03676db3) rem     s11, a4, s6
core   0: 3 0x800008e8 (0x03676db3) x27 0x01ef093c
core   0: 0x800008ec (0x00530c33) add     s8, t1, t0
core   0: 3 0x800008ec (0x00530c33) x24 0xfffffeed
core   0: 0x800008f0 (0xf4fc0913) addi    s2, s8, -177
core   0: 3 0x800008f0 (0xf4fc0913) x18 0xfffffe3c
core   0: 0x800008f4 (0x00306133) or      sp, zero, gp
core   0: 3 0x800008f4 (0x00306133) x 2 0x00000000
core   0: 0x800008f8 (0xd5e8e713) ori     a4, a7, -674
core   0: 3 0x800008f8 (0xd5e8e713) x14 0xfffffd5e
core   0: 0x800008fc (0x02a03033) mulhu   zero, zero, a0
core   0: 3 0x800008fc (0x02a03033)
core   0: 0x80000900 (0x01997a33) and     s4, s2, s9
core   0: 3 0x80000900 (0x01997a33) x20 0x00000000
core   0: 0x80000904 (0x01954cb3) xor     s9, a0, s9
core   0: 3 0x80000904 (0x01954cb3) x25 0xf7fffeed
core   0: 0x80000908 (0x002c3333) sltu    t1, s8, sp
core   0: 3 0x80000908 (0x002c3333) x 6 0x00000000
core   0: 0x8000090c (0x00309393) slli    t2, ra, 3
core   0: 3 0x8000090c (0x00309393) x 7 0xfffff558
core   0: 0x80000910 (0x034b4a33) div     s4, s6, s4
core   0: 3 0x80000910 (0x034b4a33) x20 0xffffffff
core   0: 0x80000914 (0x0029d6b3) srl     a3, s3, sp
core   0: 3 0x80000914 (0x0029d6b3) x13 0x80014e64
core   0: 0x80000918 (0x01ea1393) slli    t2, s4, 30
core   0: 3 0x80000918 (0x01ea1393) x 7 0xc0000000
core   0: 0x8000091c (0x02d6b633) mulhu   a2, a3, a3
core   0: 3 0x8000091c (0x02d6b633) x12 0x40014e65
core   0: 0x80000920 (0x172eb497) auipc   s1, 0x172eb
core   0: 3 0x80000920 (0x172eb497) x 9 0x972eb920
core   0: 0x80000924 (0x01f7b1b3) sltu    gp, a5, t6
core   0: 3 0x80000924 (0x01f7b1b3) x 3 0x00000000
core   0: 0x80000928 (0x027d7933) remu    s2, s10, t2
core   0: 3 0x80000928 (0x027d7933) x18 0x80000000
core   0: 0x8000092c (0x03302833) mulhsu  a6, zero, s3
core   0: 3 0x8000092c (0x03302833) x16 0x00000000
core   0: 0x80000930 (0x012c5833) srl     a6, s8, s2
core   0: 3 0x80000930 (0x012c5833) x16 0xfffffeed
core   0: 0x80000934 (0xf8040093) addi    ra, s0, -128
core   0: 3 0x80000934 (0xf8040093) x 1 0xffffff80
core   0: 0x80000938 (0x00000013) nop
core   0: 3 0x80000938 (0x00000013)
core   0: 0x8000093c (0x411c5393) srai    t2, s8, 17
core   0: 3 0x8000093c (0x411c5393) x 7 0xffffffff
core   0: 0x80000940 (0x031e81b3) mul     gp, t4, a7
core   0: 3 0x80000940 (0x031e81b3) x 3 0x00000000
core   0: 0x80000944 (0x012bee33) or      t3, s7, s2
core   0: 3 0x80000944 (0x012bee33) x28 0xfa855455
core   0: 0x80000948 (0xa9e57b37) lui     s6, 0xa9e57
core   0: 3 0x80000948 (0xa9e57b37) x22 0xa9e57000
core   0: 0x8000094c (0x405e0b33) sub     s6, t3, t0
core   0: 3 0x8000094c (0x405e0b33) x22 0xfa855455
core   0: 0x80000950 (0x4084dfb3) sra     t6, s1, s0
core   0: 3 0x80000950 (0x4084dfb3) x31 0x972eb920
core   0: 0x80000954 (0xd781e893) ori     a7, gp, -648
core   0: 3 0x80000954 (0xd781e893) x17 0xfffffd78
core   0: 0x80000958 (0x03cca6b3) mulhsu  a3, s9, t3
core   0: 3 0x80000958 (0x03cca6b3) x13 0xf82bd450
core   0: 0x8000095c (0x010d5333) srl     t1, s10, a6
core   0: 3 0x8000095c (0x010d5333) x 6 0x00040000
core   0: 0x80000960 (0x30b74113) xori    sp, a4, 779
core   0: 3 0x80000960 (0x30b74113) x 2 0xfffffe55
core   0: 0x80000964 (0x40ca8133) sub     sp, s5, a2
core   0: 3 0x80000964 (0x40ca8133) x 2 0xb7feb088
core   0: 0x80000968 (0xb276f213) andi    tp, a3, -1241
core   0: 3 0x80000968 (0xb276f213) x 4 0xf82bd000
core   0: 0x8000096c (0x00000013) nop
core   0: 3 0x8000096c (0x00000013)
core   0: 0x80000970 (0x0b97f193) andi    gp, a5, 185
core   0: 3 0x80000970 (0x0b97f193) x 3 0x00000000
core   0: 0x80000974 (0x02615633) divu    a2, sp, t1
core   0: 3 0x80000974 (0x02615633) x12 0x00002dff
core   0: 0x80000978 (0x001c1413) slli    s0, s8, 1
core   0: 3 0x80000978 (0x001c1413) x 8 0xfffffdda
core   0: 0x8000097c (0x000a1813) slli    a6, s4, 0
core   0: 3 0x8000097c (0x000a1813) x16 0xffffffff
core   0: 0x80000980 (0x1af83913) sltiu   s2, a6, 431
core   0: 3 0x80000980 (0x1af83913) x18 0x00000000
core   0: 0x80000984 (0x2352f517) auipc   a0, 0x2352f
core   0: 3 0x80000984 (0x2352f517) x10 0xa352f984
core   0: 0x80000988 (0x00000013) nop
core   0: 3 0x80000988 (0x00000013)
core   0: 0x8000098c (0x00320533) add     a0, tp, gp
core   0: 3 0x8000098c (0x00320533) x10 0xf82bd000
core   0: 0x80000990 (0x40b43f93) sltiu   t6, s0, 1035
core   0: 3 0x80000990 (0x40b43f93) x31 0x00000000
core   0: 0x80000994 (0x0084c6b3) xor     a3, s1, s0
core   0: 3 0x80000994 (0x0084c6b3) x13 0x68d144fa
core   0: 0x80000998 (0x003c1193) slli    gp, s8, 3
core   0: 3 0x80000998 (0x003c1193) x 3 0xfffff768
core   0: 0x8000099c (0x02e75733) divu    a4, a4, a4
core   0: 3 0x8000099c (0x02e75733) x14 0x00000001
core   0: 0x800009a0 (0x41c00933) sub     s2, zero, t3
core   0: 3 0x800009a0 (0x41c00933) x18 0x057aabab
core   0: 0x800009a4 (0x02f0bab3) mulhu   s5, ra, a5
core   0: 3 0x800009a4 (0x02f0bab3) x21 0x00000000
core   0: 0x800009a8 (0x40b6c913) xori    s2, a3, 1035
core   0: 3 0x800009a8 (0x40b6c913) x18 0x68d140f1
core   0: 0x800009ac (0x00abfdb3) and     s11, s7, a0
core   0: 3 0x800009ac (0x00abfdb3) x27 0x78015000
core   0: 0x800009b0 (0x83443493) sltiu   s1, s0, -1996
core   0: 3 0x800009b0 (0x83443493) x 9 0x00000000
core   0: 0x800009b4 (0x01d80533) add     a0, a6, t4
core   0: 3 0x800009b4 (0x01d80533) x10 0xffffffff
core   0: 0x800009b8 (0x72d40e13) addi    t3, s0, 1837
core   0: 3 0x800009b8 (0x72d40e13) x28 0x00000507
core   0: 0x800009bc (0x00000013) nop
core   0: 3 0x800009bc (0x00000013)
core   0: 0x800009c0 (0x01d55413) srli    s0, a0, 29
core   0: 3 0x800009c0 (0x01d55413) x 8 0x00000007
core   0: 0x800009c4 (0x01d1db33) srl     s6, gp, t4
core   0: 3 0x800009c4 (0x01d1db33) x22 0xfffff768
core   0: 0x800009c8 (0x02373bb3) mulhu   s7, a4, gp
core   0: 3 0x800009c8 (0x02373bb3) x23 0x00000000
core   0: 0x800009cc (0xffaa7597) auipc   a1, 0xffaa7
core   0: 3 0x800009cc (0xffaa7597) x11 0x7faa79cc
core   0: 0x800009d0 (0x02a69b33) mulh    s6, a3, a0
core   0: 3 0x800009d0 (0x02a69b33) x22 0xffffffff
core   0: 0x800009d4 (0x001f1ab3) sll     s5, t5, ra
core   0: 3 0x800009d4 (0x001f1ab3) x21 0x80018ce4
core   0: 0x800009d8 (0x018a1893) slli    a7, s4, 24
core   0: 3 0x800009d8 (0x018a1893) x17 0xff000000
core   0: 0x800009dc (0x01d9fdb3) and     s11, s3, t4
core   0: 3 0x800009dc (0x01d9fdb3) x27 0x00000000
core   0: 0x800009e0 (0x00c40533) add     a0, s0, a2
core   0: 3 0x800009e0 (0x00c40533) x10 0x00002e06
core   0: 0x800009e4 (0x01b672b3) and     t0, a2, s11
core   0: 3 0x800009e4 (0x01b672b3) x 5 0x00000000
core   0: 0x800009e8 (0x00e49db3) sll     s11, s1, a4
core   0: 3 0x800009e8 (0x00e49db3) x27 0x00000000
core   0: 0x800009ec (0x02c5b933) mulhu   s2, a1, a2
core   0: 3 0x800009ec (0x02c5b933) x18 0x000016f0
core   0: 0x800009f0 (0x025130b3) mulhu   ra, sp, t0
core   0: 3 0x800009f0 (0x025130b3) x 1 0x00000000
core   0: 0x800009f4 (0x02b2bdb3) mulhu   s11, t0, a1
core   0: 3 0x800009f4 (0x02b2bdb3) x27 0x00000000
core   0: 0x800009f8 (0xfc0b4393) xori    t2, s6, -64
core   0: 3 0x800009f8 (0xfc0b4393) x 7 0x0000003f
core   0: 0x800009fc (0xe690b593) sltiu   a1, ra, -407
core   0: 3 0x800009fc (0xe690b593) x11 0x00000001
core   0: 0x80000a00 (0x00000013) nop
core   0: 3 0x80000a00 (0x00000013)
core   0: 0x80000a04 (0x00840933) add     s2, s0, s0
core   0: 3 0x80000a04 (0x00840933) x18 0x0000000e
core   0: 0x80000a08 (0x416cd493) srai    s1, s9, 22
core   0: 3 0x80000a08 (0x416cd493) x 9 0xffffffdf
core   0: 0x80000a0c (0x02a75e33) divu    t3, a4, a0
core   0: 3 0x80000a0c (0x02a75e33) x28 0x00000000
core   0: 0x80000a10 (0x01e4f533) and     a0, s1, t5
core   0: 3 0x80000a10 (0x01e4f533) x10 0x80018cc4
core   0: 0x80000a14 (0x453d2793) slti    a5, s10, 1107
core   0: 3 0x80000a14 (0x453d2793) x15 0x00000001
core   0: 0x80000a18 (0xa474a913) slti    s2, s1, -1465
core   0: 3 0x80000a18 (0xa474a913) x18 0x00000000
core   0: 0x80000a1c (0xe0978593) addi    a1, a5, -503
core   0: 3 0x80000a1c (0xe0978593) x11 0xfffffe0a
core   0: 0x80000a20 (0x2759f637) lui     a2, 0x2759f
core   0: 3 0x80000a20 (0x2759f637) x12 0x2759f000
core   0: 0x80000a24 (0x00cf72b3) and     t0, t5, a2
core   0: 3 0x80000a24 (0x00cf72b3) x 5 0x00018000
core   0: 0x80000a28 (0x86dc2613) slti    a2, s8, -1939
core   0: 3 0x80000a28 (0x86dc2613) x12 0x00000000
core   0: 0x80000a2c (0x00000013) nop
core   0: 3 0x80000a2c (0x00000013)
core   0: 0x80000a30 (0x007bdfb3) srl     t6, s7, t2
core   0: 3 0x80000a30 (0x007bdfb3) x31 0x00000000
core   0: 0x80000a34 (0xb436eb93) ori     s7, a3, -1213
core   0: 3 0x80000a34 (0xb436eb93) x23 0xfffffffb
core   0: 0x80000a38 (0xda676b13) ori     s6, a4, -602
core   0: 3 0x80000a38 (0xda676b13) x22 0xfffffda7
core   0: 0x80000a3c (0x01309133) sll     sp, ra, s3
core   0: 3 0x80000a3c (0x01309133) x 2 0x00000000
core   0: 0x80000a40 (0x0cc87a13) andi    s4, a6, 204
core   0: 3 0x80000a40 (0x0cc87a13) x20 0x000000cc
core   0: 0x80000a44 (0x01a844b3) xor     s1, a6, s10
core   0: 3 0x80000a44 (0x01a844b3) x 9 0x7fffffff
core   0: 0x80000a48 (0x41885c33) sra     s8, a6, s8
core   0: 3 0x80000a48 (0x41885c33) x24 0xffffffff
core   0: 0x80000a4c (0x01315293) srli    t0, sp, 19
core   0: 3 0x80000a4c (0x01315293) x 5 0x00000000
core   0: 0x80000a50 (0x01bcd393) srli    t2, s9, 27
core   0: 3 0x80000a50 (0x01bcd393) x 7 0x0000001e
core   0: 0x80000a54 (0x02642e33) mulhsu  t3, s0, t1
core   0: 3 0x80000a54 (0x02642e33) x28 0x00000000
core   0: 0x80000a58 (0x04bc3713) sltiu   a4, s8, 75
core   0: 3 0x80000a58 (0x04bc3713) x14 0x00000000
core   0: 0x80000a5c (0x00f34133) xor     sp, t1, a5
core   0: 3 0x80000a5c (0x00f34133) x 2 0x00040001
core   0: 0x80000a60 (0x391fb793) sltiu   a5, t6, 913
core   0: 3 0x80000a60 (0x391fb793) x15 0x00000001
core   0: 0x80000a64 (0x56cd7113) andi    sp, s10, 1388
core   0: 3 0x80000a64 (0x56cd7113) x 2 0x00000000
core   0: 0x80000a68 (0x00e36133) or      sp, t1, a4
core   0: 3 0x80000a68 (0x00e36133) x 2 0x00040000
core   0: 0x80000a6c (0x0168e0b3) or      ra, a7, s6
core   0: 3 0x80000a6c (0x0168e0b3) x 1 0xfffffda7
core   0: 0x80000a70 (0x02fed7b3) divu    a5, t4, a5
core   0: 3 0x80000a70 (0x02fed7b3) x15 0x00000000
core   0: 0x80000a74 (0x029e9333) mulh    t1, t4, s1
core   0: 3 0x80000a74 (0x029e9333) x 6 0x00000000
core   0: 0x80000a78 (0xf9bcf193) andi    gp, s9, -101
core   0: 3 0x80000a78 (0xf9bcf193) x 3 0xf7fffe89
core   0: 0x80000a7c (0x00fcce33) xor     t3, s9, a5
core   0: 3 0x80000a7c (0x00fcce33) x28 0xf7fffeed
core   0: 0x80000a80 (0x01ec56b3) srl     a3, s8, t5
core   0: 3 0x80000a80 (0x01ec56b3) x13 0x0fffffff
core   0: 0x80000a84 (0x01642233) slt     tp, s0, s6
core   0: 3 0x80000a84 (0x01642233) x 4 0x00000000
core   0: 0x80000a88 (0x03da20b3) mulhsu  ra, s4, t4
core   0: 3 0x80000a88 (0x03da20b3) x 1 0x00000000
core   0: 0x80000a8c (0x01885d93) srli    s11, a6, 24
core   0: 3 0x80000a8c (0x01885d93) x27 0x000000ff
core   0: 0x80000a90 (0x0374c533) div     a0, s1, s7
core   0: 3 0x80000a90 (0x0374c533) x10 0xe6666667
core   0: 0x80000a94 (0x00000013) nop
core   0: 3 0x80000a94 (0x00000013)
core   0: 0x80000a98 (0x02b69cb3) mulh    s9, a3, a1
core   0: 3 0x80000a98 (0x02b69cb3) x25 0xffffffe0
core   0: 0x80000a9c (0x01ead433) srl     s0, s5, t5
core   0: 3 0x80000a9c (0x01ead433) x 8 0x080018ce
core   0: 0x80000aa0 (0x013fb3b3) sltu    t2, t6, s3
core   0: 3 0x80000aa0 (0x013fb3b3) x 7 0x00000001
core   0: 0x80000aa4 (0x039110b3) mulh    ra, sp, s9
core   0: 3 0x80000aa4 (0x039110b3) x 1 0xffffffff
core   0: 0x80000aa8 (0x005bb833) sltu    a6, s7, t0
core   0: 3 0x80000aa8 (0x005bb833) x16 0x00000000
core   0: 0x80000aac (0x40a35813) srai    a6, t1, 10
core   0: 3 0x80000aac (0x40a35813) x16 0x00000000
core   0: 0x80000ab0 (0x41e30533) sub     a0, t1, t5
core   0: 3 0x80000ab0 (0x41e30533) x10 0x7ffe731c
core   0: 0x80000ab4 (0x4de70393) addi    t2, a4, 1246
core   0: 3 0x80000ab4 (0x4de70393) x 7 0x000004de
core   0: 0x80000ab8 (0x00da88b3) add     a7, s5, a3
core   0: 3 0x80000ab8 (0x00da88b3) x17 0x90018ce3
core   0: 0x80000abc (0x3c8c46b7) lui     a3, 0x3c8c4
core   0: 3 0x80000abc (0x3c8c46b7) x13 0x3c8c4000
core   0: 0x80000ac0 (0x01633bb3) sltu    s7, t1, s6
core   0: 3 0x80000ac0 (0x01633bb3) x23 0x00000001
core   0: 0x80000ac4 (0x002954b3) srl     s1, s2, sp
core   0: 3 0x80000ac4 (0x002954b3) x 9 0x00000000
core   0: 0x80000ac8 (0x00000013) nop
core   0: 3 0x80000ac8 (0x00000013)
core   0: 0x80000acc (0x00c8b833) sltu    a6, a7, a2
core   0: 3 0x80000acc (0x00c8b833) x16 0x00000000
core   0: 0x80000ad0 (0x008c4133) xor     sp, s8, s0
core   0: 3 0x80000ad0 (0x008c4133) x 2 0xf7ffe731
core   0: 0x80000ad4 (0xd7dd3e13) sltiu   t3, s10, -643
core   0: 3 0x80000ad4 (0xd7dd3e13) x28 0x00000001
core   0: 0x80000ad8 (0xe8d82a13) slti    s4, a6, -371
core   0: 3 0x80000ad8 (0xe8d82a13) x20 0x00000000
core   0: 0x80000adc (0x7befd4b7) lui     s1, 0x7befd
core   0: 3 0x80000adc (0x7befd4b7) x 9 0x7befd000
core   0: 0x80000ae0 (0x00000013) nop
core   0: 3 0x80000ae0 (0x00000013)
core   0: 0x80000ae4 (0xcc992737) lui     a4, 0xcc992
core   0: 3 0x80000ae4 (0xcc992737) x14 0xcc992000
core   0: 0x80000ae8 (0x030964b3) rem     s1, s2, a6
core   0: 3 0x80000ae8 (0x030964b3) x 9 0x00000000
core   0: 0x80000aec (0x02003b33) mulhu   s6, zero, zero
core   0: 3 0x80000aec (0x02003b33) x22 0x00000000
core   0: 0x80000af0 (0x5a290513) addi    a0, s2, 1442
core   0: 3 0x80000af0 (0x5a290513) x10 0x000005a2
core   0: 0x80000af4 (0x02c82533) mulhsu  a0, a6, a2
core   0: 3 0x80000af4 (0x02c82533) x10 0x00000000
core   0: 0x80000af8 (0x40a25193) srai    gp, tp, 10
core   0: 3 0x80000af8 (0x40a25193) x 3 0x00000000
core   0: 0x80000afc (0x0267dc33) divu    s8, a5, t1
core   0: 3 0x80000afc (0x0267dc33) x24 0xffffffff
core   0: 0x80000b00 (0xb9d3f493) andi    s1, t2, -1123
core   0: 3 0x80000b00 (0xb9d3f493) x 9 0x0000009c
core   0: 0x80000b04 (0x036df5b3) remu    a1, s11, s6
core   0: 3 0x80000b04 (0x036df5b3) x11 0x000000ff
core   0: 0x80000b08 (0x40db5113) srai    sp, s6, 13
core   0: 3 0x80000b08 (0x40db5113) x 2 0x00000000
core   0: 0x80000b0c (0x03e7c233) div     tp, a5, t5
core   0: 3 0x80000b0c (0x03e7c233) x 4 0x00000000
core   0: 0x80000b10 (0x64243b93) sltiu   s7, s0, 1602
core   0: 3 0x80000b10 (0x64243b93) x23 0x00000000
core   0: 0x80000b14 (0x00f89913) slli    s2, a7, 15
core   0: 3 0x80000b14 (0x00f89913) x18 0xc6718000
core   0: 0x80000b18 (0x01f4f3b3) and     t2, s1, t6
core   0: 3 0x80000b18 (0x01f4f3b3) x 7 0x00000000
core   0: 0x80000b1c (0x0224a433) mulhsu  s0, s1, sp
core   0: 3 0x80000b1c (0x0224a433) x 8 0x00000000
core   0: 0x80000b20 (0xd4bc2a13) slti    s4, s8, -693
core   0: 3 0x80000b20 (0xd4bc2a13) x20 0x00000000
core   0: 0x80000b24 (0x034dffb3) remu    t6, s11, s4
core   0: 3 0x80000b24 (0x034dffb3) x31 0x000000ff
core   0: 0x80000b28 (0x40b18333) sub     t1, gp, a1
core   0: 3 0x80000b28 (0x40b18333) x 6 0xffffff01
core   0: 0x80000b2c (0xea40b593) sltiu   a1, ra, -348
core   0: 3 0x80000b2c (0xea40b593) x11 0x00000000
core   0: 0x80000b30 (0x4005da33) sra     s4, a1, zero
core   0: 3 0x80000b30 (0x4005da33) x20 0x00000000
core   0: 0x80000b34 (0x01f82033) slt     zero, a6, t6
core   0: 3 0x80000b34 (0x01f82033)
core   0: 0x80000b38 (0x00f540b3) xor     ra, a0, a5
core   0: 3 0x80000b38 (0x00f540b3) x 1 0x00000000
core   0: 0x80000b3c (0x018a1033) sll     zero, s4, s8
core   0: 3 0x80000b3c (0x018a1033)
core   0: 0x80000b40 (0xcc086013) ori     zero, a6, -832
core   0: 3 0x80000b40 (0xcc086013)
core   0: 0x80000b44 (0x4fc6aa97) auipc   s5, 0x4fc6a
core   0: 3 0x80000b44 (0x4fc6aa97) x21 0xcfc6ab44
core   0: 0x80000b48 (0x03dab5b3) mulhu   a1, s5, t4
core   0: 3 0x80000b48 (0x03dab5b3) x11 0x00000000
core   0: 0x80000b4c (0x0072a033) slt     zero, t0, t2
core   0: 3 0x80000b4c (0x0072a033)
core   0: 0x80000b50 (0x85546597) auipc   a1, 0x85546
core   0: 3 0x80000b50 (0x85546597) x11 0x05546b50
core   0: 0x80000b54 (0x0cff5437) lui     s0, 0xcff5
core   0: 3 0x80000b54 (0x0cff5437) x 8 0x0cff5000
core   0: 0x80000b58 (0x408cd813) srai    a6, s9, 8
core   0: 3 0x80000b58 (0x408cd813) x16 0xffffffff
core   0: 0x80000b5c (0x01e818b3) sll     a7, a6, t5
core   0: 3 0x80000b5c (0x01e818b3) x17 0xfffffff0
core   0: 0x80000b60 (0x4f7a7213) andi    tp, s4, 1271
core   0: 3 0x80000b60 (0x4f7a7213) x 4 0x00000000
core   0: 0x80000b64 (0x402c88b3) sub     a7, s9, sp
core   0: 3 0x80000b64 (0x402c88b3) x17 0xffffffe0
core   0: 0x80000b68 (0x4110d793) srai    a5, ra, 17
core   0: 3 0x80000b68 (0x4110d793) x15 0x00000000
core   0: 0x80000b6c (0xa5ffb213) sltiu   tp, t6, -1441
core   0: 3 0x80000b6c (0xa5ffb213) x 4 0x00000001
core   0: 0x80000b70 (0xd6399537) lui     a0, 0xd6399
core   0: 3 0x80000b70 (0xd6399537) x10 0xd6399000
core   0: 0x80000b74 (0x0063afb3) slt     t6, t2, t1
core   0: 3 0x80000b74 (0x0063afb3) x31 0x00000000
core   0: 0x80000b78 (0x025ab6b3) mulhu   a3, s5, t0
core   0: 3 0x80000b78 (0x025ab6b3) x13 0x00000000
core   0: 0x80000b7c (0x023eefb3) rem     t6, t4, gp
core   0: 3 0x80000b7c (0x023eefb3) x31 0x00000000
core   0: 0x80000b80 (0x41feb617) auipc   a2, 0x41feb
core   0: 3 0x80000b80 (0x41feb617) x12 0xc1febb80
core   0: 0x80000b84 (0x003181b3) add     gp, gp, gp
core   0: 3 0x80000b84 (0x003181b3) x 3 0x00000000
core   0: 0x80000b88 (0x0285dcb3) divu    s9, a1, s0
core   0: 3 0x80000b88 (0x0285dcb3) x25 0x00000000
core   0: 0x80000b8c (0x02389033) mulh    zero, a7, gp
core   0: 3 0x80000b8c (0x02389033)
core   0: 0x80000b90 (0x04f9f293) andi    t0, s3, 79
core   0: 3 0x80000b90 (0x04f9f293) x 5 0x00000044
core   0: 0x80000b94 (0x0c3c8713) addi    a4, s9, 195
core   0: 3 0x80000b94 (0x0c3c8713) x14 0x000000c3
core   0: 0x80000b98 (0x86e3c913) xori    s2, t2, -1938
core   0: 3 0x80000b98 (0x86e3c913) x18 0xfffff86e
core   0: 0x80000b9c (0x03b3b433) mulhu   s0, t2, s11
core   0: 3 0x80000b9c (0x03b3b433) x 8 0x00000000
core   0: 0x80000ba0 (0x0082d4b3) srl     s1, t0, s0
core   0: 3 0x80000ba0 (0x0082d4b3) x 9 0x00000044
core   0: 0x80000ba4 (0x016f64b3) or      s1, t5, s6
core   0: 3 0x80000ba4 (0x016f64b3) x 9 0x80018ce4
core   0: 0x80000ba8 (0x4197d393) srai    t2, a5, 25
core   0: 3 0x80000ba8 (0x4197d393) x 7 0x00000000
core   0: 0x80000bac (0x417bda93) srai    s5, s7, 23
core   0: 3 0x80000bac (0x417bda93) x21 0x00000000
core   0: 0x80000bb0 (0x0249ffb3) remu    t6, s3, tp
core   0: 3 0x80000bb0 (0x0249ffb3) x31 0x00000000
core   0: 0x80000bb4 (0x0182a8b3) slt     a7, t0, s8
core   0: 3 0x80000bb4 (0x0182a8b3) x17 0x00000000
core   0: 0x80000bb8 (0x03d1ddb3) divu    s11, gp, t4
core   0: 3 0x80000bb8 (0x03d1ddb3) x27 0xffffffff
core   0: 0x80000bbc (0x03b9cb33) div     s6, s3, s11
core   0: 3 0x80000bbc (0x03b9cb33) x22 0x7ffeb19c
core   0: 0x80000bc0 (0x03c744b3) div     s1, a4, t3
core   0: 3 0x80000bc0 (0x03c744b3) x 9 0x000000c3
core   0: 0x80000bc4 (0x03f89e33) mulh    t3, a7, t6
core   0: 3 0x80000bc4 (0x03f89e33) x28 0x00000000
core   0: 0x80000bc8 (0x41e3d813) srai    a6, t2, 30
core   0: 3 0x80000bc8 (0x41e3d813) x16 0x00000000
core   0: 0x80000bcc (0x03428bb3) mul     s7, t0, s4
core   0: 3 0x80000bcc (0x03428bb3) x23 0x00000000
core   0: 0x80000bd0 (0x0038e133) or      sp, a7, gp
core   0: 3 0x80000bd0 (0x0038e133) x 2 0x00000000
core   0: 0x80000bd4 (0x000cd913) srli    s2, s9, 0
core   0: 3 0x80000bd4 (0x000cd913) x18 0x00000000
core   0: 0x80000bd8 (0x41655f93) srai    t6, a0, 22
core   0: 3 0x80000bd8 (0x41655f93) x31 0xffffff58
core   0: 0x80000bdc (0x00000013) nop
core   0: 3 0x80000bdc (0x00000013)
core   0: 0x80000be0 (0x018e2c33) slt     s8, t3, s8
core   0: 3 0x80000be0 (0x018e2c33) x24 0x00000000
core   0: 0x80000be4 (0xa6080013) addi    zero, a6, -1440
core   0: 3 0x80000be4 (0xa6080013)
core   0: 0x80000be8 (0xb0fb2017) auipc   zero, 0xb0fb2
core   0: 3 0x80000be8 (0xb0fb2017)
core   0: 0x80000bec (0x02b92e33) mulhsu  t3, s2, a1
core   0: 3 0x80000bec (0x02b92e33) x28 0x00000000
core   0: 0x80000bf0 (0xee3e0493) addi    s1, t3, -285
core   0: 3 0x80000bf0 (0xee3e0493) x 9 0xfffffee3
core   0: 0x80000bf4 (0x03498033) mul     zero, s3, s4
core   0: 3 0x80000bf4 (0x03498033)
core   0: 0x80000bf8 (0x13b07413) andi    s0, zero, 315
core   0: 3 0x80000bf8 (0x13b07413) x 8 0x00000000
core   0: 0x80000bfc (0x034146b3) div     a3, sp, s4
core   0: 3 0x80000bfc (0x034146b3) x13 0xffffffff
core   0: 0x80000c00 (0x4014d633) sra     a2, s1, ra
core   0: 3 0x80000c00 (0x4014d633) x12 0xfffffee3
core   0: 0x80000c04 (0x00000013) nop
core   0: 3 0x80000c04 (0x00000013)
core   0: 0x80000c08 (0x015f7133) and     sp, t5, s5
core   0: 3 0x80000c08 (0x015f7133) x 2 0x00000000
core   0: 0x80000c0c (0x01b7f7b3) and     a5, a5, s11
core   0: 3 0x80000c0c (0x01b7f7b3) x15 0x00000000
core   0: 0x80000c10 (0x02a45c33) divu    s8, s0, a0
core   0: 3 0x80000c10 (0x02a45c33) x24 0x00000000
core   0: 0x80000c14 (0x00d20833) add     a6, tp, a3
core   0: 3 0x80000c14 (0x00d20833) x16 0x00000000
core   0: 0x80000c18 (0x00465393) srli    t2, a2, 4
core   0: 3 0x80000c18 (0x00465393) x 7 0x0fffffee
core   0: 0x80000c1c (0x002b8033) add     zero, s7, sp
core   0: 3 0x80000c1c (0x002b8033)
core   0: 0x80000c20 (0x0089db13) srli    s6, s3, 8
core   0: 3 0x80000c20 (0x0089db13) x22 0x0080014e
core   0: 0x80000c24 (0x00000013) nop
core   0: 3 0x80000c24 (0x00000013)
core   0: 0x80000c28 (0xff733a93) sltiu   s5, t1, -9
core   0: 3 0x80000c28 (0xff733a93) x21 0x00000001
core   0: 0x80000c2c (0x012c62b3) or      t0, s8, s2
core   0: 3 0x80000c2c (0x012c62b3) x 5 0x00000000
core   0: 0x80000c30 (0x0105d193) srli    gp, a1, 16
core   0: 3 0x80000c30 (0x0105d193) x 3 0x00000554
core   0: 0x80000c34 (0x036977b3) remu    a5, s2, s6
core   0: 3 0x80000c34 (0x036977b3) x15 0x00000000
core   0: 0x80000c38 (0x40f85933) sra     s2, a6, a5
core   0: 3 0x80000c38 (0x40f85933) x18 0x00000000
core   0: 0x80000c3c (0x03ae56b3) divu    a3, t3, s10
core   0: 3 0x80000c3c (0x03ae56b3) x13 0x00000000
core   0: 0x80000c40 (0x03b2dbb3) divu    s7, t0, s11
core   0: 3 0x80000c40 (0x03b2dbb3) x23 0x00000000
core   0: 0x80000c44 (0xfb3fc613) xori    a2, t6, -77
core   0: 3 0x80000c44 (0xfb3fc613) x12 0x000000eb
core   0: 0x80000c48 (0x0104e133) or      sp, s1, a6
core   0: 3 0x80000c48 (0x0104e133) x 2 0xfffffee3
core   0: 0x80000c4c (0x021da833) mulhsu  a6, s11, ra
core   0: 3 0x80000c4c (0x021da833) x16 0x00000000
core   0: 0x80000c50 (0x6e50c193) xori    gp, ra, 1765
core   0: 3 0x80000c50 (0x6e50c193) x 3 0x000006e5
core   0: 0x80000c54 (0x0202ecb3) rem     s9, t0, zero
core   0: 3 0x80000c54 (0x0202ecb3) x25 0x00000000
core   0: 0x80000c58 (0x009d7a33) and     s4, s10, s1
core   0: 3 0x80000c58 (0x009d7a33) x20 0x80000000
core   0: 0x80000c5c (0x015fc8b3) xor     a7, t6, s5
core   0: 3 0x80000c5c (0x015fc8b3) x17 0xffffff59
core   0: 0x80000c60 (0x410c5293) srai    t0, s8, 16
core   0: 3 0x80000c60 (0x410c5293) x 5 0x00000000
core   0: 0x80000c64 (0x01d11633) sll     a2, sp, t4
core   0: 3 0x80000c64 (0x01d11633) x12 0xfffffee3
core   0: 0x80000c68 (0x006d1b93) slli    s7, s10, 6
core   0: 3 0x80000c68 (0x006d1b93) x23 0x00000000
core   0: 0x80000c6c (0x01d1c733) xor     a4, gp, t4
core   0: 3 0x80000c6c (0x01d1c733) x14 0x000006e5
core   0: 0x80000c70 (0x28b5cb13) xori    s6, a1, 651
core   0: 3 0x80000c70 (0x28b5cb13) x22 0x055469db
core   0: 0x80000c74 (0x03af73b3) remu    t2, t5, s10
core   0: 3 0x80000c74 (0x03af73b3) x 7 0x00018ce4
core   0: 0x80000c78 (0x025a4cb3) div     s9, s4, t0
core   0: 3 0x80000c78 (0x025a4cb3) x25 0xffffffff
core   0: 0x80000c7c (0x03a98033) mul     zero, s3, s10
core   0: 3 0x80000c7c (0x03a98033)
core   0: 0x80000c80 (0xd9654a13) xori    s4, a0, -618
core   0: 3 0x80000c80 (0xd9654a13) x20 0x29c66d96
core   0: 0x80000c84 (0xb5affb13) andi    s6, t6, -1190
core   0: 3 0x80000c84 (0xb5affb13) x22 0xfffffb58
core   0: 0x80000c88 (0x01403fb3) snez    t6, s4
core   0: 3 0x80000c88 (0x01403fb3) x31 0x00000001
core   0: 0x80000c8c (0x40fa8633) sub     a2, s5, a5
core   0: 3 0x80000c8c (0x40fa8633) x12 0x00000001
core   0: 0x80000c90 (0xa4fa7413) andi    s0, s4, -1457
core   0: 3 0x80000c90 (0xa4fa7413) x 8 0x29c66806
core   0: 0x80000c94 (0x0160d213) srli    tp, ra, 22
core   0: 3 0x80000c94 (0x0160d213) x 4 0x00000000
core   0: 0x80000c98 (0x40398433) sub     s0, s3, gp
core   0: 3 0x80000c98 (0x40398433) x 8 0x8001477f
core   0: 0x80000c9c (0x018646b3) xor     a3, a2, s8
core   0: 3 0x80000c9c (0x018646b3) x13 0x00000001
core   0: 0x80000ca0 (0x3e412793) slti    a5, sp, 996
core   0: 3 0x80000ca0 (0x3e412793) x15 0x00000001
core   0: 0x80000ca4 (0x034ee7b3) rem     a5, t4, s4
core   0: 3 0x80000ca4 (0x034ee7b3) x15 0x00000000
core   0: 0x80000ca8 (0x402a5c33) sra     s8, s4, sp
core   0: 3 0x80000ca8 (0x402a5c33) x24 0x0538cdb2
core   0: 0x80000cac (0x03341733) mulh    a4, s0, s3
core   0: 3 0x80000cac (0x03341733) x14 0x3ffeb510
core   0: 0x80000cb0 (0x00825d93) srli    s11, tp, 8
core   0: 3 0x80000cb0 (0x00825d93) x27 0x00000000
core   0: 0x80000cb4 (0x011b4e33) xor     t3, s6, a7
core   0: 3 0x80000cb4 (0x011b4e33) x28 0x00000401
core   0: 0x80000cb8 (0x00bcb8b3) sltu    a7, s9, a1
core   0: 3 0x80000cb8 (0x00bcb8b3) x17 0x00000000
core   0: 0x80000cbc (0x3c0cef93) ori     t6, s9, 960
core   0: 3 0x80000cbc (0x3c0cef93) x31 0xffffffff
core   0: 0x80000cc0 (0x029ca933) mulhsu  s2, s9, s1
core   0: 3 0x80000cc0 (0x029ca933) x18 0xffffffff
core   0: 0x80000cc4 (0x00000013) nop
core   0: 3 0x80000cc4 (0x00000013)
core   0: 0x80000cc8 (0x025e5c33) divu    s8, t3, t0
core   0: 3 0x80000cc8 (0x025e5c33) x24 0xffffffff
core   0: 0x80000ccc (0x01fbfb33) and     s6, s7, t6
core   0: 3 0x80000ccc (0x01fbfb33) x22 0x00000000
core   0: 0x80000cd0 (0xff24ae13) slti    t3, s1, -14
core   0: 3 0x80000cd0 (0xff24ae13) x28 0x00000001
core   0: 0x80000cd4 (0x00559b93) slli    s7, a1, 5
core   0: 3 0x80000cd4 (0x00559b93) x23 0xaa8d6a00
core   0: 0x80000cd8 (0x9d312693) slti    a3, sp, -1581
core   0: 3 0x80000cd8 (0x9d312693) x13 0x00000000
core   0: 0x80000cdc (0xb66baf93) slti    t6, s7, -1178
core   0: 3 0x80000cdc (0xb66baf93) x31 0x00000001
core   0: 0x80000ce0 (0x91e11037) lui     zero, 0x91e11
core   0: 3 0x80000ce0 (0x91e11037)
core   0: 0x80000ce4 (0xcd4fbd93) sltiu   s11, t6, -812
core   0: 3 0x80000ce4 (0xcd4fbd93) x27 0x00000001
core   0: 0x80000ce8 (0x01436e33) or      t3, t1, s4
core   0: 3 0x80000ce8 (0x01436e33) x28 0xffffff97
core   0: 0x80000cec (0x03e7a5b3) mulhsu  a1, a5, t5
core   0: 3 0x80000cec (0x03e7a5b3) x11 0x00000000
core   0: 0x80000cf0 (0x0178a2b3) slt     t0, a7, s7
core   0: 3 0x80000cf0 (0x0178a2b3) x 5 0x00000000
core   0: 0x80000cf4 (0xc1ecf593) andi    a1, s9, -994
core   0: 3 0x80000cf4 (0xc1ecf593) x11 0xfffffc1e
core   0: 0x80000cf8 (0x00000013) nop
core   0: 3 0x80000cf8 (0x00000013)
core   0: 0x80000cfc (0x03824233) div     tp, tp, s8
core   0: 3 0x80000cfc (0x03824233) x 4 0x00000000
core   0: 0x80000d00 (0x03c3a733) mulhsu  a4, t2, t3
core   0: 3 0x80000d00 (0x03c3a733) x14 0x00018ce3
core   0: 0x80000d04 (0x01b16233) or      tp, sp, s11
core   0: 3 0x80000d04 (0x01b16233) x 4 0xfffffee3
core   0: 0x80000d08 (0x00841cb3) sll     s9, s0, s0
core   0: 3 0x80000d08 (0x00841cb3) x25 0x80000000
core   0: 0x80000d0c (0xa33b3c97) auipc   s9, 0xa33b3
core   0: 3 0x80000d0c (0xa33b3c97) x25 0x233b3d0c
core   0: 0x80000d10 (0x00000013) nop
core   0: 3 0x80000d10 (0x00000013)
core   0: 0x80000d14 (0x01e1ddb3) srl     s11, gp, t5
core   0: 3 0x80000d14 (0x01e1ddb3) x27 0x0000006e
core   0: 0x80000d18 (0x03ccaeb3) mulhsu  t4, s9, t3
core   0: 3 0x80000d18 (0x03ccaeb3) x29 0x233b3cfd
core   0: 0x80000d1c (0x443d7193) andi    gp, s10, 1091
core   0: 3 0x80000d1c (0x443d7193) x 3 0x00000000
core   0: 0x80000d20 (0x00b11cb3) sll     s9, sp, a1
core   0: 3 0x80000d20 (0x00b11cb3) x25 0xc0000000
core   0: 0x80000d24 (0x00f475b3) and     a1, s0, a5
core   0: 3 0x80000d24 (0x00f475b3) x11 0x00000000
core   0: 0x80000d28 (0x01f45d93) srli    s11, s0, 31
core   0: 3 0x80000d28 (0x01f45d93) x27 0x00000001
core   0: 0x80000d2c (0x02ecb233) mulhu   tp, s9, a4
core   0: 3 0x80000d2c (0x02ecb233) x 4 0x000129aa
core   0: 0x80000d30 (0x0295a8b3) mulhsu  a7, a1, s1
core   0: 3 0x80000d30 (0x0295a8b3) x17 0x00000000
core   0: 0x80000d34 (0x33c66a17) auipc   s4, 0x33c66
core   0: 3 0x80000d34 (0x33c66a17) x20 0xb3c66d34
core   0: 0x80000d38 (0xe0aabf97) auipc   t6, 0xe0aab
core   0: 3 0x80000d38 (0xe0aabf97) x31 0x60aabd38
core   0: 0x80000d3c (0x296ac213) xori    tp, s5, 662
core   0: 3 0x80000d3c (0x296ac213) x 4 0x00000297
core   0: 0x80000d40 (0x028f0bb3) mul     s7, t5, s0
core   0: 3 0x80000d40 (0x028f0bb3) x23 0x7bbc211c
core   0: 0x80000d44 (0x036c0bb3) mul     s7, s8, s6
core   0: 3 0x80000d44 (0x036c0bb3) x23 0x00000000
core   0: 0x80000d48 (0x034816b3) mulh    a3, a6, s4
core   0: 3 0x80000d48 (0x034816b3) x13 0x00000000
core   0: 0x80000d4c (0x0117eb33) or      s6, a5, a7
core   0: 3 0x80000d4c (0x0117eb33) x22 0x00000000
core   0: 0x80000d50 (0x019553b3) srl     t2, a0, s9
core   0: 3 0x80000d50 (0x019553b3) x 7 0xd6399000
core   0: 0x80000d54 (0x00f71713) slli    a4, a4, 15
core   0: 3 0x80000d54 (0x00f71713) x14 0xc6718000
core   0: 0x80000d58 (0x00202533) slt     a0, zero, sp
core   0: 3 0x80000d58 (0x00202533) x10 0x00000000
core   0: 0x80000d5c (0x41d25933) sra     s2, tp, t4
core   0: 3 0x80000d5c (0x41d25933) x18 0x00000000
core   0: 0x80000d60 (0x026946b3) div     a3, s2, t1
core   0: 3 0x80000d60 (0x026946b3) x13 0x00000000
core   0: 0x80000d64 (0x0052ccb3) xor     s9, t0, t0
core   0: 3 0x80000d64 (0x0052ccb3) x25 0x00000000
core   0: 0x80000d68 (0x00177b33) and     s6, a4, ra
core   0: 3 0x80000d68 (0x00177b33) x22 0x00000000
core   0: 0x80000d6c (0x41ed06b3) sub     a3, s10, t5
core   0: 3 0x80000d6c (0x41ed06b3) x13 0xfffe731c
core   0: 0x80000d70 (0x015efb33) and     s6, t4, s5
core   0: 3 0x80000d70 (0x015efb33) x22 0x00000001
core   0: 0x80000d74 (0x6588b613) sltiu   a2, a7, 1624
core   0: 3 0x80000d74 (0x6588b613) x12 0x00000001
core   0: 0x80000d78 (0x0185fdb3) and     s11, a1, s8
core   0: 3 0x80000d78 (0x0185fdb3) x27 0x00000000
core   0: 0x80000d7c (0x2ef0f393) andi    t2, ra, 751
core   0: 3 0x80000d7c (0x2ef0f393) x 7 0x00000000
core   0: 0x80000d80 (0x2354fa13) andi    s4, s1, 565
core   0: 3 0x80000d80 (0x2354fa13) x20 0x00000221
core   0: 0x80000d84 (0x02de2eb3) mulhsu  t4, t3, a3
core   0: 3 0x80000d84 (0x02de2eb3) x29 0xffffff97
core   0: 0x80000d88 (0x7942e193) ori     gp, t0, 1940
core   0: 3 0x80000d88 (0x7942e193) x 3 0x00000794
core   0: 0x80000d8c (0x41de86b3) sub     a3, t4, t4
core   0: 3 0x80000d8c (0x41de86b3) x13 0x00000000
core   0: 0x80000d90 (0x03748333) mul     t1, s1, s7
core   0: 3 0x80000d90 (0x03748333) x 6 0x00000000
core   0: 0x80000d94 (0x019eb733) sltu    a4, t4, s9
core   0: 3 0x80000d94 (0x019eb733) x14 0x00000000
core   0: 0x80000d98 (0x04e17713) andi    a4, sp, 78
core   0: 3 0x80000d98 (0x04e17713) x14 0x00000042
core   0: 0x80000d9c (0x01ad6533) or      a0, s10, s10
core   0: 3 0x80000d9c (0x01ad6533) x10 0x80000000
core   0: 0x80000da0 (0x41cdda93) srai    s5, s11, 28
core   0: 3 0x80000da0 (0x41cdda93) x21 0x00000000
core   0: 0x80000da4 (0x03d988b3) mul     a7, s3, t4
core   0: 3 0x80000da4 (0x03d988b3) x17 0x7f76d8fc
core   0: 0x80000da8 (0x40d3d233) sra     tp, t2, a3
core   0: 3 0x80000da8 (0x40d3d233) x 4 0x00000000
core   0: 0x80000dac (0x027bbdb3) mulhu   s11, s7, t2
core   0: 3 0x80000dac (0x027bbdb3) x27 0x00000000
core   0: 0x80000db0 (0x024f64b3) rem     s1, t5, tp
core   0: 3 0x80000db0 (0x024f64b3) x 9 0x80018ce4
core   0: 0x80000db4 (0x006bd2b3) srl     t0, s7, t1
core   0: 3 0x80000db4 (0x006bd2b3) x 5 0x00000000
core   0: 0x80000db8 (0xabb40e97) auipc   t4, 0xabb40
core   0: 3 0x80000db8 (0xabb40e97) x29 0x2bb40db8
core   0: 0x80000dbc (0x86d96393) ori     t2, s2, -1939
core   0: 3 0x80000dbc (0x86d96393) x 7 0xfffff86d
core   0: 0x80000dc0 (0x41c7db33) sra     s6, a5, t3
core   0: 3 0x80000dc0 (0x41c7db33) x22 0x00000000
core   0: 0x80000dc4 (0x00795533) srl     a0, s2, t2
core   0: 3 0x80000dc4 (0x00795533) x10 0x00000000
core   0: 0x80000dc8 (0x0216f5b3) remu    a1, a3, ra
core   0: 3 0x80000dc8 (0x0216f5b3) x11 0x00000000
core   0: 0x80000dcc (0x01c801b3) add     gp, a6, t3
core   0: 3 0x80000dcc (0x01c801b3) x 3 0xffffff97
core   0: 0x80000dd0 (0x01581933) sll     s2, a6, s5
core   0: 3 0x80000dd0 (0x01581933) x18 0x00000000
core   0: 0x80000dd4 (0x01401033) sll     zero, zero, s4
core   0: 3 0x80000dd4 (0x01401033)
core   0: 0x80000dd8 (0x00480033) add     zero, a6, tp
core   0: 3 0x80000dd8 (0x00480033)
core   0: 0x80000ddc (0x0167b1b3) sltu    gp, a5, s6
core   0: 3 0x80000ddc (0x0167b1b3) x 3 0x00000000
core   0: 0x80000de0 (0x6d538793) addi    a5, t2, 1749
core   0: 3 0x80000de0 (0x6d538793) x15 0xffffff42
core   0: 0x80000de4 (0x77087493) andi    s1, a6, 1904
core   0: 3 0x80000de4 (0x77087493) x 9 0x00000000
core   0: 0x80000de8 (0x1d8d3c13) sltiu   s8, s10, 472
core   0: 3 0x80000de8 (0x1d8d3c13) x24 0x00000000
core   0: 0x80000dec (0x89668393) addi    t2, a3, -1898
core   0: 3 0x80000dec (0x89668393) x 7 0xfffff896
core   0: 0x80000df0 (0x03eaa1b3) mulhsu  gp, s5, t5
core   0: 3 0x80000df0 (0x03eaa1b3) x 3 0x00000000
core   0: 0x80000df4 (0x6068e613) ori     a2, a7, 1542
core   0: 3 0x80000df4 (0x6068e613) x12 0x7f76defe
core   0: 0x80000df8 (0x40ce85b3) sub     a1, t4, a2
core   0: 3 0x80000df8 (0x40ce85b3) x11 0xac3d2eba
core   0: 0x80000dfc (0x006218b3) sll     a7, tp, t1
core   0: 3 0x80000dfc (0x006218b3) x17 0x00000000
core   0: 0x80000e00 (0xb3090813) addi    a6, s2, -1232
core   0: 3 0x80000e00 (0xb3090813) x16 0xfffffb30
core   0: 0x80000e04 (0x01ce96b3) sll     a3, t4, t3
core   0: 3 0x80000e04 (0x01ce96b3) x13 0xdc000000
core   0: 0x80000e08 (0x00938c33) add     s8, t2, s1
core   0: 3 0x80000e08 (0x00938c33) x24 0xfffff896
core   0: 0x80000e0c (0x41af5bb3) sra     s7, t5, s10
core   0: 3 0x80000e0c (0x41af5bb3) x23 0x80018ce4
core   0: 0x80000e10 (0x022a55b3) divu    a1, s4, sp
core   0: 3 0x80000e10 (0x022a55b3) x11 0x00000000
core   0: 0x80000e14 (0xdd07f913) andi    s2, a5, -560
core   0: 3 0x80000e14 (0xdd07f913) x18 0xfffffd40
core   0: 0x80000e18 (0x2d9ea293) slti    t0, t4, 729
core   0: 3 0x80000e18 (0x2d9ea293) x 5 0x00000000
core   0: 0x80000e1c (0x031c28b3) mulhsu  a7, s8, a7
core   0: 3 0x80000e1c (0x031c28b3) x17 0x00000000
core   0: 0x80000e20 (0x001c0433) add     s0, s8, ra
core   0: 3 0x80000e20 (0x001c0433) x 8 0xfffff896
core   0: 0x80000e24 (0x029f75b3) remu    a1, t5, s1
core   0: 3 0x80000e24 (0x029f75b3) x11 0x80018ce4
core   0: 0x80000e28 (0x01991b13) slli    s6, s2, 25
core   0: 3 0x80000e28 (0x01991b13) x22 0x80000000
core   0: 0x80000e2c (0x41efd233) sra     tp, t6, t5
core   0: 3 0x80000e2c (0x41efd233) x 4 0x060aabd3
core   0: 0x80000e30 (0x01857633) and     a2, a0, s8
core   0: 3 0x80000e30 (0x01857633) x12 0x00000000
core   0: 0x80000e34 (0xa2b9a793) slti    a5, s3, -1493
core   0: 3 0x80000e34 (0xa2b9a793) x15 0x00000001
core   0: 0x80000e38 (0x00495093) srli    ra, s2, 4
core   0: 3 0x80000e38 (0x00495093) x 1 0x0fffffd4
core   0: 0x80000e3c (0x413b06b3) sub     a3, s6, s3
core   0: 3 0x80000e3c (0x413b06b3) x13 0xfffeb19c
core   0: 0x80000e40 (0x00c7d713) srli    a4, a5, 12
core   0: 3 0x80000e40 (0x00c7d713) x14 0x00000000
core   0: 0x80000e44 (0x02fb95b3) mulh    a1, s7, a5
core   0: 3 0x80000e44 (0x02fb95b3) x11 0xffffffff
core   0: 0x80000e48 (0x03e5c933) div     s2, a1, t5
core   0: 3 0x80000e48 (0x03e5c933) x18 0x00000000
core   0: 0x80000e4c (0x00d57933) and     s2, a0, a3
core   0: 3 0x80000e4c (0x00d57933) x18 0x00000000
core   0: 0x80000e50 (0x01601833) sll     a6, zero, s6
core   0: 3 0x80000e50 (0x01601833) x16 0x00000000
core   0: 0x80000e54 (0x026f44b3) div     s1, t5, t1
core   0: 3 0x80000e54 (0x026f44b3) x 9 0xffffffff
core   0: 0x80000e58 (0x67106513) ori     a0, zero, 1649
core   0: 3 0x80000e58 (0x67106513) x10 0x00000671
core   0: 0x80000e5c (0x03ef26b3) mulhsu  a3, t5, t5
core   0: 3 0x80000e5c (0x03ef26b3) x13 0xc0000002
core   0: 0x80000e60 (0x03d1eb33) rem     s6, gp, t4
core   0: 3 0x80000e60 (0x03d1eb33) x22 0x00000000
core   0: 0x80000e64 (0x01a6f2b3) and     t0, a3, s10
core   0: 3 0x80000e64 (0x01a6f2b3) x 5 0x80000000
core   0: 0x80000e68 (0x030acb33) div     s6, s5, a6
core   0: 3 0x80000e68 (0x030acb33) x22 0xffffffff
core   0: 0x80000e6c (0xe1581417) auipc   s0, 0xe1581
core   0: 3 0x80000e6c (0xe1581417) x 8 0x61581e6c
core   0: 0x80000e70 (0x5bd60513) addi    a0, a2, 1469
core   0: 3 0x80000e70 (0x5bd60513) x10 0x000005bd
core   0: 0x80000e74 (0x88c82813) slti    a6, a6, -1908
core   0: 3 0x80000e74 (0x88c82813) x16 0x00000000
core   0: 0x80000e78 (0x19dda237) lui     tp, 0x19dda
core   0: 3 0x80000e78 (0x19dda237) x 4 0x19dda000
core   0: 0x80000e7c (0x00195613) srli    a2, s2, 1
core   0: 3 0x80000e7c (0x00195613) x12 0x00000000
core   0: 0x80000e80 (0x03d48c33) mul     s8, s1, t4
core   0: 3 0x80000e80 (0x03d48c33) x24 0xd44bf248
core   0: 0x80000e84 (0x03ffa8b3) mulhsu  a7, t6, t6
core   0: 3 0x80000e84 (0x03ffa8b3) x17 0x24807fc9
core   0: 0x80000e88 (0x02e4f233) remu    tp, s1, a4
core   0: 3 0x80000e88 (0x02e4f233) x 4 0xffffffff
core   0: 0x80000e8c (0x00fe64b3) or      s1, t3, a5
core   0: 3 0x80000e8c (0x00fe64b3) x 9 0xffffff97
core   0: 0x80000e90 (0x02c99433) mulh    s0, s3, a2
core   0: 3 0x80000e90 (0x02c99433) x 8 0x00000000
core   0: 0x80000e94 (0x98b63237) lui     tp, 0x98b63
core   0: 3 0x80000e94 (0x98b63237) x 4 0x98b63000
core   0: 0x80000e98 (0x012edf93) srli    t6, t4, 18
core   0: 3 0x80000e98 (0x012edf93) x31 0x00000aed
core   0: 0x80000e9c (0x002c5c33) srl     s8, s8, sp
core   0: 3 0x80000e9c (0x002c5c33) x24 0x1a897e49
core   0: 0x80000ea0 (0x00758633) add     a2, a1, t2
core   0: 3 0x80000ea0 (0x00758633) x12 0xfffff895
core   0: 0x80000ea4 (0x22077113) andi    sp, a4, 544
core   0: 3 0x80000ea4 (0x22077113) x 2 0x00000000
core   0: 0x80000ea8 (0x5c6fc093) xori    ra, t6, 1478
core   0: 3 0x80000ea8 (0x5c6fc093) x 1 0x00000f2b
core   0: 0x80000eac (0x00b88bb3) add     s7, a7, a1
core   0: 3 0x80000eac (0x00b88bb3) x23 0x24807fc8
core   0: 0x80000eb0 (0x01755b13) srli    s6, a0, 23
core   0: 3 0x80000eb0 (0x01755b13) x22 0x00000000
core   0: 0x80000eb4 (0x00ca9713) slli    a4, s5, 12
core   0: 3 0x80000eb4 (0x00ca9713) x14 0x00000000
core   0: 0x80000eb8 (0x00f4c2b3) xor     t0, s1, a5
core   0: 3 0x80000eb8 (0x00f4c2b3) x 5 0xffffff96
core   0: 0x80000ebc (0x02f21bb3) mulh    s7, tp, a5
core   0: 3 0x80000ebc (0x02f21bb3) x23 0xffffffff
core   0: 0x80000ec0 (0x0133f3b3) and     t2, t2, s3
core   0: 3 0x80000ec0 (0x0133f3b3) x 7 0x80014804
core   0: 0x80000ec4 (0x030fe433) rem     s0, t6, a6
core   0: 3 0x80000ec4 (0x030fe433) x 8 0x00000aed
core   0: 0x80000ec8 (0xdd80fc93) andi    s9, ra, -552
core   0: 3 0x80000ec8 (0xdd80fc93) x25 0x00000d08
core   0: 0x80000ecc (0x03ebd1b3) divu    gp, s7, t5
core   0: 3 0x80000ecc (0x03ebd1b3) x 3 0x00000001
core   0: 0x80000ed0 (0x408503b3) sub     t2, a0, s0
core   0: 3 0x80000ed0 (0x408503b3) x 7 0xfffffad0
core   0: 0x80000ed4 (0xc60f8b13) addi    s6, t6, -928
core   0: 3 0x80000ed4 (0xc60f8b13) x22 0x0000074d
core   0: 0x80000ed8 (0x8b78cc37) lui     s8, 0x8b78c
core   0: 3 0x80000ed8 (0x8b78cc37) x24 0x8b78c000
core   0: 0x80000edc (0x03d1e213) ori     tp, gp, 61
core   0: 3 0x80000edc (0x03d1e213) x 4 0x0000003d
core   0: 0x80000ee0 (0x2bb42693) slti    a3, s0, 699
core   0: 3 0x80000ee0 (0x2bb42693) x13 0x00000000
core   0: 0x80000ee4 (0x00691e33) sll     t3, s2, t1
core   0: 3 0x80000ee4 (0x00691e33) x28 0x00000000
core   0: 0x80000ee8 (0x5d302d93) slti    s11, zero, 1491
core   0: 3 0x80000ee8 (0x5d302d93) x27 0x00000001
core   0: 0x80000eec (0x00000013) nop
core   0: 3 0x80000eec (0x00000013)
core   0: 0x80000ef0 (0x6eb4a013) slti    zero, s1, 1771
core   0: 3 0x80000ef0 (0x6eb4a013)
core   0: 0x80000ef4 (0x40d70833) sub     a6, a4, a3
core   0: 3 0x80000ef4 (0x40d70833) x16 0x00000000
core   0: 0x80000ef8 (0x6d25f513) andi    a0, a1, 1746
core   0: 3 0x80000ef8 (0x6d25f513) x10 0x000006d2
core   0: 0x80000efc (0x027b10b3) mulh    ra, s6, t2
core   0: 3 0x80000efc (0x027b10b3) x 1 0xffffffff
core   0: 0x80000f00 (0x01e83533) sltu    a0, a6, t5
core   0: 3 0x80000f00 (0x01e83533) x10 0x00000001
core   0: 0x80000f04 (0x00de1513) slli    a0, t3, 13
core   0: 3 0x80000f04 (0x00de1513) x10 0x00000000
core   0: 0x80000f08 (0x03196bb3) rem     s7, s2, a7
core   0: 3 0x80000f08 (0x03196bb3) x23 0x00000000
core   0: 0x80000f0c (0x004f22b3) slt     t0, t5, tp
core   0: 3 0x80000f0c (0x004f22b3) x 5 0x00000001
core   0: 0x80000f10 (0xa6bb0a93) addi    s5, s6, -1429
core   0: 3 0x80000f10 (0xa6bb0a93) x21 0x000001b8
core   0: 0x80000f14 (0x011e1793) slli    a5, t3, 17
core   0: 3 0x80000f14 (0x011e1793) x15 0x00000000
core   0: 0x80000f18 (0xdf28f793) andi    a5, a7, -526
core   0: 3 0x80000f18 (0xdf28f793) x15 0x24807dc0
core   0: 0x80000f1c (0x01281313) slli    t1, a6, 18
core   0: 3 0x80000f1c (0x01281313) x 6 0x00000000
core   0: 0x80000f20 (0x0386fa33) remu    s4, a3, s8
core   0: 3 0x80000f20 (0x0386fa33) x20 0x00000000
core   0: 0x80000f24 (0x0170d913) srli    s2, ra, 23
core   0: 3 0x80000f24 (0x0170d913) x18 0x000001ff
core   0: 0x80000f28 (0x92d12713) slti    a4, sp, -1747
core   0: 3 0x80000f28 (0x92d12713) x14 0x00000000
core   0: 0x80000f2c (0x0170eeb3) or      t4, ra, s7
core   0: 3 0x80000f2c (0x0170eeb3) x29 0xffffffff
core   0: 0x80000f30 (0xffe48213) addi    tp, s1, -2
core   0: 3 0x80000f30 (0xffe48213) x 4 0xffffff95
core   0: 0x80000f34 (0x02511db3) mulh    s11, sp, t0
core   0: 3 0x80000f34 (0x02511db3) x27 0x00000000
core   0: 0x80000f38 (0x00000013) nop
core   0: 3 0x80000f38 (0x00000013)
core   0: 0x80000f3c (0xa5b2ac17) auipc   s8, 0xa5b2a
core   0: 3 0x80000f3c (0xa5b2ac17) x24 0x25b2af3c
core   0: 0x80000f40 (0x01441913) slli    s2, s0, 20
core   0: 3 0x80000f40 (0x01441913) x18 0xaed00000
core   0: 0x80000f44 (0x03673533) mulhu   a0, a4, s6
core   0: 3 0x80000f44 (0x03673533) x10 0x00000000
core   0: 0x80000f48 (0x0077be33) sltu    t3, a5, t2
core   0: 3 0x80000f48 (0x0077be33) x28 0x00000001
core   0: 0x80000f4c (0xcb0f8b93) addi    s7, t6, -848
core   0: 3 0x80000f4c (0xcb0f8b93) x23 0x0000079d
core   0: 0x80000f50 (0x00f0e8b3) or      a7, ra, a5
core   0: 3 0x80000f50 (0x00f0e8b3) x17 0xffffffff
core   0: 0x80000f54 (0x4009df93) srai    t6, s3, 0
core   0: 3 0x80000f54 (0x4009df93) x31 0x80014e64
core   0: 0x80000f58 (0x00000013) nop
core   0: 3 0x80000f58 (0x00000013)
core   0: 0x80000f5c (0x027ed1b3) divu    gp, t4, t2
core   0: 3 0x80000f5c (0x027ed1b3) x 3 0x00000001
core   0: 0x80000f60 (0x03e782b3) mul     t0, a5, t5
core   0: 3 0x80000f60 (0x03e782b3) x 5 0x44f4ff00
core   0: 0x80000f64 (0x0362d433) divu    s0, t0, s6
core   0: 3 0x80000f64 (0x0362d433) x 8 0x000971f5
core   0: 0x80000f68 (0x01a9c433) xor     s0, s3, s10
core   0: 3 0x80000f68 (0x01a9c433) x 8 0x00014e64
core   0: 0x80000f6c (0x00f57633) and     a2, a0, a5
core   0: 3 0x80000f6c (0x00f57633) x12 0x00000000
core   0: 0x80000f70 (0xba6e0793) addi    a5, t3, -1114
core   0: 3 0x80000f70 (0xba6e0793) x15 0xfffffba7
core   0: 0x80000f74 (0x41f404b3) sub     s1, s0, t6
core   0: 3 0x80000f74 (0x41f404b3) x 9 0x80000000
core   0: 0x80000f78 (0x01f2deb3) srl     t4, t0, t6
core   0: 3 0x80000f78 (0x01f2deb3) x29 0x044f4ff0
core   0: 0x80000f7c (0x02979333) mulh    t1, a5, s1
core   0: 3 0x80000f7c (0x02979333) x 6 0x0000022c
core   0: 0x80000f80 (0x02021e33) mulh    t3, tp, zero
core   0: 3 0x80000f80 (0x02021e33) x28 0x00000000
core   0: 0x80000f84 (0x02e3aab3) mulhsu  s5, t2, a4
core   0: 3 0x80000f84 (0x02e3aab3) x21 0x00000000
core   0: 0x80000f88 (0x017a0633) add     a2, s4, s7
core   0: 3 0x80000f88 (0x017a0633) x12 0x0000079d
core   0: 0x80000f8c (0x009f73b3) and     t2, t5, s1
core   0: 3 0x80000f8c (0x009f73b3) x 7 0x80000000
core   0: 0x80000f90 (0x554b5317) auipc   t1, 0x554b5
core   0: 3 0x80000f90 (0x554b5317) x 6 0xd54b5f90
core   0: 0x80000f94 (0x030721b3) mulhsu  gp, a4, a6
core   0: 3 0x80000f94 (0x030721b3) x 3 0x00000000
core   0: 0x80000f98 (0x01e4dc93) srli    s9, s1, 30
core   0: 3 0x80000f98 (0x01e4dc93) x25 0x00000002
core   0: 0x80000f9c (0x4083ddb3) sra     s11, t2, s0
core   0: 3 0x80000f9c (0x4083ddb3) x27 0xf8000000
core   0: 0x80000fa0 (0x24c63213) sltiu   tp, a2, 588
core   0: 3 0x80000fa0 (0x24c63213) x 4 0x00000000
core   0: 0x80000fa4 (0x6531f613) andi    a2, gp, 1619
core   0: 3 0x80000fa4 (0x6531f613) x12 0x00000000
core   0: 0x80000fa8 (0x019014b3) sll     s1, zero, s9
core   0: 3 0x80000fa8 (0x019014b3) x 9 0x00000000
core   0: 0x80000fac (0x0e7a6e13) ori     t3, s4, 231
core   0: 3 0x80000fac (0x0e7a6e13) x28 0x000000e7
core   0: 0x80000fb0 (0x544f3c93) sltiu   s9, t5, 1348
core   0: 3 0x80000fb0 (0x544f3c93) x25 0x00000000
core   0: 0x80000fb4 (0xd3874eb7) lui     t4, 0xd3874
core   0: 3 0x80000fb4 (0xd3874eb7) x29 0xd3874000
core   0: 0x80000fb8 (0x006041b3) xor     gp, zero, t1
core   0: 3 0x80000fb8 (0x006041b3) x 3 0xd54b5f90
core   0: 0x80000fbc (0x00000013) nop
core   0: 3 0x80000fbc (0x00000013)
core   0: 0x80000fc0 (0x02139e33) mulh    t3, t2, ra
core   0: 3 0x80000fc0 (0x02139e33) x28 0x00000000
core   0: 0x80000fc4 (0x03d112b3) mulh    t0, sp, t4
core   0: 3 0x80000fc4 (0x03d112b3) x 5 0x00000000
core   0: 0x80000fc8 (0x0130d333) srl     t1, ra, s3
core   0: 3 0x80000fc8 (0x0130d333) x 6 0x0fffffff
core   0: 0x80000fcc (0x6e55e597) auipc   a1, 0x6e55e
core   0: 3 0x80000fcc (0x6e55e597) x11 0xee55efcc
core   0: 0x80000fd0 (0xb6a19b97) auipc   s7, 0xb6a19
core   0: 3 0x80000fd0 (0xb6a19b97) x23 0x36a19fd0
core   0: 0x80000fd4 (0x40870133) sub     sp, a4, s0
core   0: 3 0x80000fd4 (0x40870133) x 2 0xfffeb19c
core   0: 0x80000fd8 (0x01e19233) sll     tp, gp, t5
core   0: 3 0x80000fd8 (0x01e19233) x 4 0x54b5f900
core   0: 0x80000fdc (0x01127033) and     zero, tp, a7
core   0: 3 0x80000fdc (0x01127033)
core   0: 0x80000fe0 (0x02f35fb3) divu    t6, t1, a5
core   0: 3 0x80000fe0 (0x02f35fb3) x31 0x00000000
core   0: 0x80000fe4 (0x4114da33) sra     s4, s1, a7
core   0: 3 0x80000fe4 (0x4114da33) x20 0x00000000
core   0: 0x80000fe8 (0x017ac833) xor     a6, s5, s7
core   0: 3 0x80000fe8 (0x017ac833) x16 0x36a19fd0
core   0: 0x80000fec (0x00d31293) slli    t0, t1, 13
core   0: 3 0x80000fec (0x00d31293) x 5 0xffffe000
core   0: 0x80000ff0 (0x0096c333) xor     t1, a3, s1
core   0: 3 0x80000ff0 (0x0096c333) x 6 0x00000000
core   0: 0x80000ff4 (0x005f8833) add     a6, t6, t0
core   0: 3 0x80000ff4 (0x005f8833) x16 0xffffe000
core   0: 0x80000ff8 (0x03842bb3) mulhsu  s7, s0, s8
core   0: 3 0x80000ff8 (0x03842bb3) x23 0x0000313d
core   0: 0x80000ffc (0x02e1c433) div     s0, gp, a4
core   0: 3 0x80000ffc (0x02e1c433) x 8 0xffffffff
core   0: 0x80001000 (0x9c336013) ori     zero, t1, -1597
core   0: 3 0x80001000 (0x9c336013)
core   0: 0x80001004 (0x017b51b3) srl     gp, s6, s7
core   0: 3 0x80001004 (0x017b51b3) x 3 0x00000000
core   0: 0x80001008 (0x000da933) slt     s2, s11, zero
core   0: 3 0x80001008 (0x000da933) x18 0x00000001
core   0: 0x8000100c (0x03dca533) mulhsu  a0, s9, t4
core   0: 3 0x8000100c (0x03dca533) x10 0x00000000
core   0: 0x80001010 (0x48b4ac97) auipc   s9, 0x48b4a
core   0: 3 0x80001010 (0x48b4ac97) x25 0xc8b4b010
core   0: 0x80001014 (0x2034c893) xori    a7, s1, 515
core   0: 3 0x80001014 (0x2034c893) x17 0x00000203
core   0: 0x80001018 (0x7a5f0113) addi    sp, t5, 1957
core   0: 3 0x80001018 (0x7a5f0113) x 2 0x80019489
core   0: 0x8000101c (0x02fc4733) div     a4, s8, a5
core   0: 3 0x8000101c (0x02fc4733) x14 0xfff75442
core   0: 0x80001020 (0x002de933) or      s2, s11, sp
core   0: 3 0x80001020 (0x002de933) x18 0xf8019489
core   0: 0x80001024 (0x4074dd93) srai    s11, s1, 7
core   0: 3 0x80001024 (0x4074dd93) x27 0x00000000
core   0: 0x80001028 (0x02f48bb3) mul     s7, s1, a5
core   0: 3 0x80001028 (0x02f48bb3) x23 0x00000000
core   0: 0x8000102c (0x01ea1e33) sll     t3, s4, t5
core   0: 3 0x8000102c (0x01ea1e33) x28 0x00000000
core   0: 0x80001030 (0x03ce7e33) remu    t3, t3, t3
core   0: 3 0x80001030 (0x03ce7e33) x28 0x00000000
core   0: 0x80001034 (0x0372fbb3) remu    s7, t0, s7
core   0: 3 0x80001034 (0x0372fbb3) x23 0xffffe000
core   0: 0x80001038 (0x00eee533) or      a0, t4, a4
core   0: 3 0x80001038 (0x00eee533) x10 0xfff75442
core   0: 0x8000103c (0x00e564b3) or      s1, a0, a4
core   0: 3 0x8000103c (0x00e564b3) x 9 0xfff75442
core   0: 0x80001040 (0x1c7a4a93) xori    s5, s4, 455
core   0: 3 0x80001040 (0x1c7a4a93) x21 0x000001c7
core   0: 0x80001044 (0x93001c37) lui     s8, 0x93001
core   0: 3 0x80001044 (0x93001c37) x24 0x93001000
core   0: 0x80001048 (0x417500b3) sub     ra, a0, s7
core   0: 3 0x80001048 (0x417500b3) x 1 0xfff77442
core   0: 0x8000104c (0x02b4a933) mulhsu  s2, s1, a1
core   0: 3 0x8000104c (0x02b4a933) x18 0xfff7ed6c
core   0: 0x80001050 (0x5d3378b7) lui     a7, 0x5d337
core   0: 3 0x80001050 (0x5d3378b7) x17 0x5d337000
core   0: 0x80001054 (0x69958a13) addi    s4, a1, 1689
core   0: 3 0x80001054 (0x69958a13) x20 0xee55f665
core   0: 0x80001058 (0x0145ea33) or      s4, a1, s4
core   0: 3 0x80001058 (0x0145ea33) x20 0xee55ffed
core   0: 0x8000105c (0x01595133) srl     sp, s2, s5
core   0: 3 0x8000105c (0x01595133) x 2 0x01ffefda
core   0: 0x80001060 (0x00ef63b3) or      t2, t5, a4
core   0: 3 0x80001060 (0x00ef63b3) x 7 0xfff7dce6
core   0: 0x80001064 (0x4cf9bf93) sltiu   t6, s3, 1231
core   0: 3 0x80001064 (0x4cf9bf93) x31 0x00000000
core   0: 0x80001068 (0x418f5393) srai    t2, t5, 24
core   0: 3 0x80001068 (0x418f5393) x 7 0xffffff80
core   0: 0x8000106c (0x00f00433) add     s0, zero, a5
core   0: 3 0x8000106c (0x00f00433) x 8 0xfffffba7
core   0: 0x80001070 (0x0165b133) sltu    sp, a1, s6
core   0: 3 0x80001070 (0x0165b133) x 2 0x00000000
core   0: 0x80001074 (0x9996b613) sltiu   a2, a3, -1639
core   0: 3 0x80001074 (0x9996b613) x12 0x00000001
core   0: 0x80001078 (0x92e72c93) slti    s9, a4, -1746
core   0: 3 0x80001078 (0x92e72c93) x25 0x00000001
core   0: 0x8000107c (0xa8427113) andi    sp, tp, -1404
core   0: 3 0x8000107c (0xa8427113) x 2 0x54b5f800
core   0: 0x80001080 (0x01420133) add     sp, tp, s4
core   0: 3 0x80001080 (0x01420133) x 2 0x430bf8ed
core   0: 0x80001084 (0xd501ad93) slti    s11, gp, -688
core   0: 3 0x80001084 (0xd501ad93) x27 0x00000000
core   0: 0x80001088 (0x00e53eb3) sltu    t4, a0, a4
core   0: 3 0x80001088 (0x00e53eb3) x29 0x00000000
core   0: 0x8000108c (0x00438933) add     s2, t2, tp
core   0: 3 0x8000108c (0x00438933) x18 0x54b5f880
core   0: 0x80001090 (0x00be9b93) slli    s7, t4, 11
core   0: 3 0x80001090 (0x00be9b93) x23 0x00000000
core   0: 0x80001094 (0x029d0db3) mul     s11, s10, s1
core   0: 3 0x80001094 (0x029d0db3) x27 0x00000000
core   0: 0x80001098 (0x401b8533) sub     a0, s7, ra
core   0: 3 0x80001098 (0x401b8533) x10 0x00088bbe
core   0: 0x8000109c (0x01bd2db3) slt     s11, s10, s11
core   0: 3 0x8000109c (0x01bd2db3) x27 0x00000001
core   0: 0x800010a0 (0x000d1d93) slli    s11, s10, 0
core   0: 3 0x800010a0 (0x000d1d93) x27 0x80000000
core   0: 0x800010a4 (0x01cf0c33) add     s8, t5, t3
core   0: 3 0x800010a4 (0x01cf0c33) x24 0x80018ce4
core   0: 0x800010a8 (0x0385efb3) rem     t6, a1, s8
core   0: 3 0x800010a8 (0x0385efb3) x31 0xee55efcc
core   0: 0x800010ac (0x5acf6a17) auipc   s4, 0x5acf6
core   0: 3 0x800010ac (0x5acf6a17) x20 0xdacf70ac
core   0: 0x800010b0 (0x03c32bb3) mulhsu  s7, t1, t3
core   0: 3 0x800010b0 (0x03c32bb3) x23 0x00000000
core   0: 0x800010b4 (0xebf9f717) auipc   a4, 0xebf9f
core   0: 3 0x800010b4 (0xebf9f717) x14 0x6bfa00b4
core   0: 0x800010b8 (0x19322d97) auipc   s11, 0x19322
core   0: 3 0x800010b8 (0x19322d97) x27 0x993230b8
core   0: 0x800010bc (0xc95d2793) slti    a5, s10, -875
core   0: 3 0x800010bc (0xc95d2793) x15 0x00000001
core   0: 0x800010c0 (0xacbdc913) xori    s2, s11, -1333
core   0: 3 0x800010c0 (0xacbdc913) x18 0x66cdca73
core   0: 0x800010c4 (0x01e2de13) srli    t3, t0, 30
core   0: 3 0x800010c4 (0x01e2de13) x28 0x00000003
core   0: 0x800010c8 (0x00f5e833) or      a6, a1, a5
core   0: 3 0x800010c8 (0x00f5e833) x16 0xee55efcd
core   0: 0x800010cc (0x02d6cdb3) div     s11, a3, a3
core   0: 3 0x800010cc (0x02d6cdb3) x27 0xffffffff
core   0: 0x800010d0 (0x01f49eb3) sll     t4, s1, t6
core   0: 3 0x800010d0 (0x01f49eb3) x29 0x75442000
core   0: 0x800010d4 (0x015548b3) xor     a7, a0, s5
core   0: 3 0x800010d4 (0x015548b3) x17 0x00088a79
core   0: 0x800010d8 (0xf6d28193) addi    gp, t0, -147
core   0: 3 0x800010d8 (0xf6d28193) x 3 0xffffdf6d
core   0: 0x800010dc (0x013d2133) slt     sp, s10, s3
core   0: 3 0x800010dc (0x013d2133) x 2 0x00000001
core   0: 0x800010e0 (0x0248efb3) rem     t6, a7, tp
core   0: 3 0x800010e0 (0x0248efb3) x31 0x00088a79
core   0: 0x800010e4 (0x01b9c633) xor     a2, s3, s11
core   0: 3 0x800010e4 (0x01b9c633) x12 0x7ffeb19b
core   0: 0x800010e8 (0x02b33db3) mulhu   s11, t1, a1
core   0: 3 0x800010e8 (0x02b33db3) x27 0x00000000
core   0: 0x800010ec (0x481a8f97) auipc   t6, 0x481a8
core   0: 3 0x800010ec (0x481a8f97) x31 0xc81a90ec
core   0: 0x800010f0 (0x5e5e6c13) ori     s8, t3, 1509
core   0: 3 0x800010f0 (0x5e5e6c13) x24 0x000005e7
core   0: 0x800010f4 (0x41a85d93) srai    s11, a6, 26
core   0: 3 0x800010f4 (0x41a85d93) x27 0xfffffffb
core   0: 0x800010f8 (0x04b1e237) lui     tp, 0x4b1e
core   0: 3 0x800010f8 (0x04b1e237) x 4 0x04b1e000
core   0: 0x800010fc (0x7bd3feb7) lui     t4, 0x7bd3f
core   0: 3 0x800010fc (0x7bd3feb7) x29 0x7bd3f000
core   0: 0x80001100 (0x00a383b3) add     t2, t2, a0
core   0: 3 0x80001100 (0x00a383b3) x 7 0x00088b3e
core   0: 0x80001104 (0x0dc92e13) slti    t3, s2, 220
core   0: 3 0x80001104 (0x0dc92e13) x28 0x00000000
core   0: 0x80001108 (0x016e9393) slli    t2, t4, 22
core   0: 3 0x80001108 (0x016e9393) x 7 0x00000000
core   0: 0x8000110c (0x033fbab3) mulhu   s5, t6, s3
core   0: 3 0x8000110c (0x033fbab3) x21 0x640e4dd6
core   0: 0x80001110 (0x0049df93) srli    t6, s3, 4
core   0: 3 0x80001110 (0x0049df93) x31 0x080014e6
core   0: 0x80001114 (0x501a0337) lui     t1, 0x501a0
core   0: 3 0x80001114 (0x501a0337) x 6 0x501a0000
core   0: 0x80001118 (0x02aaa933) mulhsu  s2, s5, a0
core   0: 3 0x80001118 (0x02aaa933) x18 0x00035710
core   0: 0x8000111c (0x0049d413) srli    s0, s3, 4
core   0: 3 0x8000111c (0x0049d413) x 8 0x080014e6
core   0: 0x80001120 (0xd9e10113) addi    sp, sp, -610
core   0: 3 0x80001120 (0xd9e10113) x 2 0xfffffd9f
core   0: 0x80001124 (0x03136033) rem     zero, t1, a7
core   0: 3 0x80001124 (0x03136033)
core   0: 0x80001128 (0x00891fb3) sll     t6, s2, s0
core   0: 3 0x80001128 (0x00891fb3) x31 0x00d5c400
core   0: 0x8000112c (0x03b5a1b3) mulhsu  gp, a1, s11
core   0: 3 0x8000112c (0x03b5a1b3) x 3 0xee55efcc
core   0: 0x80001130 (0x03e17133) remu    sp, sp, t5
core   0: 3 0x80001130 (0x03e17133) x 2 0x7ffe70bb
core   0: 0x80001134 (0x0060f0b3) and     ra, ra, t1
core   0: 3 0x80001134 (0x0060f0b3) x 1 0x50120000
core   0: 0x80001138 (0x460f6613) ori     a2, t5, 1120
core   0: 3 0x80001138 (0x460f6613) x12 0x80018ce4
core   0: 0x8000113c (0xb1428793) addi    a5, t0, -1260
core   0: 3 0x8000113c (0xb1428793) x15 0xffffdb14
core   0: 0x80001140 (0x00bdd213) srli    tp, s11, 11
core   0: 3 0x80001140 (0x00bdd213) x 4 0x001fffff
core   0: 0x80001144 (0xbddbe593) ori     a1, s7, -1059
core   0: 3 0x80001144 (0xbddbe593) x11 0xfffffbdd
core   0: 0x80001148 (0x01fd1013) slli    zero, s10, 31
core   0: 3 0x80001148 (0x01fd1013)
core   0: 0x8000114c (0x03c1f6b3) remu    a3, gp, t3
core   0: 3 0x8000114c (0x03c1f6b3) x13 0xee55efcc
core   0: 0x80001150 (0x4038de93) srai    t4, a7, 3
core   0: 3 0x80001150 (0x4038de93) x29 0x0001114f
core   0: 0x80001154 (0x0309b0b3) mulhu   ra, s3, a6
core   0: 3 0x80001154 (0x0309b0b3) x 1 0x772c2f37
core   0: 0x80001158 (0xb88b4393) xori    t2, s6, -1144
core   0: 3 0x80001158 (0xb88b4393) x 7 0xfffffcc5
core   0: 0x8000115c (0x03484433) div     s0, a6, s4
core   0: 3 0x8000115c (0x03484433) x 8 0x00000000
core   0: 0x80001160 (0x02ad3b33) mulhu   s6, s10, a0
core   0: 3 0x80001160 (0x02ad3b33) x22 0x000445df
core   0: 0x80001164 (0x0367f933) remu    s2, a5, s6
core   0: 3 0x80001164 (0x0367f933) x18 0x0001de1d
core   0: 0x80001168 (0x037a6933) rem     s2, s4, s7
core   0: 3 0x80001168 (0x037a6933) x18 0xdacf70ac
core   0: 0x8000116c (0x023d22b3) mulhsu  t0, s10, gp
core   0: 3 0x8000116c (0x023d22b3) x 5 0x88d5081a
core   0: 0x80001170 (0x41315033) sra     zero, sp, s3
core   0: 3 0x80001170 (0x41315033)
core   0: 0x80001174 (0x0048a8b3) slt     a7, a7, tp
core   0: 3 0x80001174 (0x0048a8b3) x17 0x00000001
core   0: 0x80001178 (0x03fb03b3) mul     t2, s6, t6
core   0: 3 0x80001178 (0x03fb03b3) x 7 0x6809bc00
core   0: 0x8000117c (0x03a5e0b3) rem     ra, a1, s10
core   0: 3 0x8000117c (0x03a5e0b3) x 1 0xfffffbdd
core   0: 0x80001180 (0x01dd83b3) add     t2, s11, t4
core   0: 3 0x80001180 (0x01dd83b3) x 7 0x0001114a
core   0: 0x80001184 (0x5449b793) sltiu   a5, s3, 1348
core   0: 3 0x80001184 (0x5449b793) x15 0x00000000
core   0: 0x80001188 (0x007b4c33) xor     s8, s6, t2
core   0: 3 0x80001188 (0x007b4c33) x24 0x00055495
core   0: 0x8000118c (0x01f26033) or      zero, tp, t6
core   0: 3 0x8000118c (0x01f26033)
core   0: 0x80001190 (0xbd8bc113) xori    sp, s7, -1064
core   0: 3 0x80001190 (0xbd8bc113) x 2 0xfffffbd8
core   0: 0x80001194 (0x01228133) add     sp, t0, s2
core   0: 3 0x80001194 (0x01228133) x 2 0x63a478c6
core   0: 0x80001198 (0x40a98833) sub     a6, s3, a0
core   0: 3 0x80001198 (0x40a98833) x16 0x7ff8c2a6
core   0: 0x8000119c (0x40248b33) sub     s6, s1, sp
core   0: 3 0x8000119c (0x40248b33) x22 0x9c52db7c
core   0: 0x800011a0 (0x033f00b3) mul     ra, t5, s3
core   0: 3 0x800011a0 (0x033f00b3) x 1 0x066c8110
core   0: 0x800011a4 (0x00445233) srl     tp, s0, tp
core   0: 3 0x800011a4 (0x00445233) x 4 0x00000000
core   0: 0x800011a8 (0x41eed713) srai    a4, t4, 30
core   0: 3 0x800011a8 (0x41eed713) x14 0x00000000
core   0: 0x800011ac (0xf6018a13) addi    s4, gp, -160
core   0: 3 0x800011ac (0xf6018a13) x20 0xee55ef2c
core   0: 0x800011b0 (0x91e07213) andi    tp, zero, -1762
core   0: 3 0x800011b0 (0x91e07213) x 4 0x00000000
core   0: 0x800011b4 (0x02111933) mulh    s2, sp, ra
core   0: 3 0x800011b4 (0x02111933) x18 0x02801673
core   0: 0x800011b8 (0x01146233) or      tp, s0, a7
core   0: 3 0x800011b8 (0x01146233) x 4 0x00000001
core   0: 0x800011bc (0x01581313) slli    t1, a6, 21
core   0: 3 0x800011bc (0x01581313) x 6 0x54c00000
core   0: 0x800011c0 (0x324cb313) sltiu   t1, s9, 804
core   0: 3 0x800011c0 (0x324cb313) x 6 0x00000001
core   0: 0x800011c4 (0x026b3e33) mulhu   t3, s6, t1
core   0: 3 0x800011c4 (0x026b3e33) x28 0x00000000
core   0: 0x800011c8 (0x033947b3) div     a5, s2, s3
core   0: 3 0x800011c8 (0x033947b3) x15 0x00000000
core   0: 0x800011cc (0x025b54b3) divu    s1, s6, t0
core   0: 3 0x800011cc (0x025b54b3) x 9 0x00000001
core   0: 0x800011d0 (0x41b95413) srai    s0, s2, 27
core   0: 3 0x800011d0 (0x41b95413) x 8 0x00000000
core   0: 0x800011d4 (0x017c7eb3) and     t4, s8, s7
core   0: 3 0x800011d4 (0x017c7eb3) x29 0x00000000
core   0: 0x800011d8 (0xf3d67493) andi    s1, a2, -195
core   0: 3 0x800011d8 (0xf3d67493) x 9 0x80018c24
core   0: 0x800011dc (0x0a9b6db7) lui     s11, 0xa9b6
core   0: 3 0x800011dc (0x0a9b6db7) x27 0x0a9b6000
core   0: 0x800011e0 (0x41a9d813) srai    a6, s3, 26
core   0: 3 0x800011e0 (0x41a9d813) x16 0xffffffe0
core   0: 0x800011e4 (0x02f9b033) mulhu   zero, s3, a5
core   0: 3 0x800011e4 (0x02f9b033)
core   0: 0x800011e8 (0x02225cb3) divu    s9, tp, sp
core   0: 3 0x800011e8 (0x02225cb3) x25 0x00000000
core   0: 0x800011ec (0x01e2c933) xor     s2, t0, t5
core   0: 3 0x800011ec (0x01e2c933) x18 0x08d484fe
core   0: 0x800011f0 (0x00bffb33) and     s6, t6, a1
core   0: 3 0x800011f0 (0x00bffb33) x22 0x00d5c000
core   0: 0x800011f4 (0xa60abb13) sltiu   s6, s5, -1440
core   0: 3 0x800011f4 (0xa60abb13) x22 0x00000001
core   0: 0x800011f8 (0xc1d00193) li      gp, -995
core   0: 3 0x800011f8 (0xc1d00193) x 3 0xfffffc1d
core   0: 0x800011fc (0x255ca493) slti    s1, s9, 597
core   0: 3 0x800011fc (0x255ca493) x 9 0x00000001
core   0: 0x80001200 (0x02d817b3) mulh    a5, a6, a3
core   0: 3 0x80001200 (0x02d817b3) x15 0x00000002
core   0: 0x80001204 (0xdf5f7037) lui     zero, 0xdf5f7
core   0: 3 0x80001204 (0xdf5f7037)
core   0: 0x80001208 (0x64d05cb7) lui     s9, 0x64d05
core   0: 3 0x80001208 (0x64d05cb7) x25 0x64d05000
core   0: 0x8000120c (0x03b34533) div     a0, t1, s11
core   0: 3 0x8000120c (0x03b34533) x10 0x00000000
core   0: 0x80001210 (0x008ebe33) sltu    t3, t4, s0
core   0: 3 0x80001210 (0x008ebe33) x28 0x00000000
core   0: 0x80001214 (0xda76f013) andi    zero, a3, -601
core   0: 3 0x80001214 (0xda76f013)
core   0: 0x80001218 (0x0113d893) srli    a7, t2, 17
core   0: 3 0x80001218 (0x0113d893) x17 0x00000000
core   0: 0x8000121c (0x8441c537) lui     a0, 0x8441c
core   0: 3 0x8000121c (0x8441c537) x10 0x8441c000
core   0: 0x80001220 (0x82c70693) addi    a3, a4, -2004
core   0: 3 0x80001220 (0x82c70693) x13 0xfffff82c
core   0: 0x80001224 (0x00481133) sll     sp, a6, tp
core   0: 3 0x80001224 (0x00481133) x 2 0xffffffc0
core   0: 0x80001228 (0x09408f93) addi    t6, ra, 148
core   0: 3 0x80001228 (0x09408f93) x31 0x066c81a4
core   0: 0x8000122c (0x417fd0b3) sra     ra, t6, s7
core   0: 3 0x8000122c (0x417fd0b3) x 1 0x066c81a4
core   0: 0x80001230 (0x039ceb33) rem     s6, s9, s9
core   0: 3 0x80001230 (0x039ceb33) x22 0x00000000
core   0: 0x80001234 (0xae6c8e13) addi    t3, s9, -1306
core   0: 3 0x80001234 (0xae6c8e13) x28 0x64d04ae6
core   0: 0x80001238 (0x01c39bb3) sll     s7, t2, t3
core   0: 3 0x80001238 (0x01c39bb3) x23 0x00445280
core   0: 0x8000123c (0x02423fb3) mulhu   t6, tp, tp
core   0: 3 0x8000123c (0x02423fb3) x31 0x00000000
core   0: 0x80001240 (0x0033a0b3) slt     ra, t2, gp
core   0: 3 0x80001240 (0x0033a0b3) x 1 0x00000000
core   0: 0x80001244 (0x01a09533) sll     a0, ra, s10
core   0: 3 0x80001244 (0x01a09533) x10 0x00000000
core   0: 0x80001248 (0x01d95933) srl     s2, s2, t4
core   0: 3 0x80001248 (0x01d95933) x18 0x08d484fe
core   0: 0x8000124c (0xdb89eb13) ori     s6, s3, -584
core   0: 3 0x8000124c (0xdb89eb13) x22 0xfffffffc
core   0: 0x80001250 (0x350ca713) slti    a4, s9, 848
core   0: 3 0x80001250 (0x350ca713) x14 0x00000000
core   0: 0x80001254 (0xebb82c93) slti    s9, a6, -325
core   0: 3 0x80001254 (0xebb82c93) x25 0x00000000
core   0: 0x80001258 (0x03ac9eb3) mulh    t4, s9, s10
core   0: 3 0x80001258 (0x03ac9eb3) x29 0x00000000
core   0: 0x8000125c (0x0043be33) sltu    t3, t2, tp
core   0: 3 0x8000125c (0x0043be33) x28 0x00000000
core   0: 0x80001260 (0x1e263c93) sltiu   s9, a2, 482
core   0: 3 0x80001260 (0x1e263c93) x25 0x00000000
core   0: 0x80001264 (0x09499317) auipc   t1, 0x9499
core   0: 3 0x80001264 (0x09499317) x 6 0x8949a264
core   0: 0x80001268 (0x419885b3) sub     a1, a7, s9
core   0: 3 0x80001268 (0x419885b3) x11 0x00000000
core   0: 0x8000126c (0x01015c13) srli    s8, sp, 16
core   0: 3 0x8000126c (0x01015c13) x24 0x0000ffff
core   0: 0x80001270 (0x03291bb3) mulh    s7, s2, s2
core   0: 3 0x80001270 (0x03291bb3) x23 0x004df8bc
core   0: 0x80001274 (0x0377ce33) div     t3, a5, s7
core   0: 3 0x80001274 (0x0377ce33) x28 0x00000000
core   0: 0x80001278 (0x03634833) div     a6, t1, s6
core   0: 3 0x80001278 (0x03634833) x16 0x1dad9767
core   0: 0x8000127c (0x02ed87b3) mul     a5, s11, a4
core   0: 3 0x8000127c (0x02ed87b3) x15 0x00000000
core   0: 0x80001280 (0x02260533) mul     a0, a2, sp
core   0: 3 0x80001280 (0x02260533) x10 0xff9cc700
core   0: 0x80001284 (0x03ca4833) div     a6, s4, t3
core   0: 3 0x80001284 (0x03ca4833) x16 0xffffffff
core   0: 0x80001288 (0x02108bb3) mul     s7, ra, ra
core   0: 3 0x80001288 (0x02108bb3) x23 0x00000000
core   0: 0x8000128c (0x4c10e113) ori     sp, ra, 1217
core   0: 3 0x8000128c (0x4c10e113) x 2 0x000004c1
core   0: 0x80001290 (0x2eada813) slti    a6, s11, 746
core   0: 3 0x80001290 (0x2eada813) x16 0x00000000
core   0: 0x80001294 (0x445a17b7) lui     a5, 0x445a1
core   0: 3 0x80001294 (0x445a17b7) x15 0x445a1000
core   0: 0x80001298 (0x01c19233) sll     tp, gp, t3
core   0: 3 0x80001298 (0x01c19233) x 4 0xfffffc1d
core   0: 0x8000129c (0x01e727b3) slt     a5, a4, t5
core   0: 3 0x8000129c (0x01e727b3) x15 0x00000000
core   0: 0x800012a0 (0x49df7793) andi    a5, t5, 1181
core   0: 3 0x800012a0 (0x49df7793) x15 0x00000484
core   0: 0x800012a4 (0x4d274013) xori    zero, a4, 1234
core   0: 3 0x800012a4 (0x4d274013)
core   0: 0x800012a8 (0x400cdeb3) sra     t4, s9, zero
core   0: 3 0x800012a8 (0x400cdeb3) x29 0x00000000
core   0: 0x800012ac (0x0069fe33) and     t3, s3, t1
core   0: 3 0x800012ac (0x0069fe33) x28 0x80010264
core   0: 0x800012b0 (0x02652433) mulhsu  s0, a0, t1
core   0: 3 0x800012b0 (0x02652433) x 8 0xffcac9f4
core   0: 0x800012b4 (0x00afe533) or      a0, t6, a0
core   0: 3 0x800012b4 (0x00afe533) x10 0xff9cc700
core   0: 0x800012b8 (0x00eb3133) sltu    sp, s6, a4
core   0: 3 0x800012b8 (0x00eb3133) x 2 0x00000000
core   0: 0x800012bc (0x021bca33) div     s4, s7, ra
core   0: 3 0x800012bc (0x021bca33) x20 0xffffffff
core   0: 0x800012c0 (0x00000013) nop
core   0: 3 0x800012c0 (0x00000013)
core   0: 0x800012c4 (0x00f64db3) xor     s11, a2, a5
core   0: 3 0x800012c4 (0x00f64db3) x27 0x80018860
core   0: 0x800012c8 (0x01d0ccb3) xor     s9, ra, t4
core   0: 3 0x800012c8 (0x01d0ccb3) x25 0x00000000
core   0: 0x800012cc (0x003898b3) sll     a7, a7, gp
core   0: 3 0x800012cc (0x003898b3) x17 0x00000000
core   0: 0x800012d0 (0x01b5d813) srli    a6, a1, 27
core   0: 3 0x800012d0 (0x01b5d813) x16 0x00000000
core   0: 0x800012d4 (0x037abeb3) mulhu   t4, s5, s7
core   0: 3 0x800012d4 (0x037abeb3) x29 0x00000000
core   0: 0x800012d8 (0x01c78733) add     a4, a5, t3
core   0: 3 0x800012d8 (0x01c78733) x14 0x800106e8
core   0: 0x800012dc (0x6d25f793) andi    a5, a1, 1746
core   0: 3 0x800012dc (0x6d25f793) x15 0x00000000
core   0: 0x800012e0 (0xc8086713) ori     a4, a6, -896
core   0: 3 0x800012e0 (0xc8086713) x14 0xfffffc80
core   0: 0x800012e4 (0x215ff193) andi    gp, t6, 533
core   0: 3 0x800012e4 (0x215ff193) x 3 0x00000000
core   0: 0x800012e8 (0x00000013) nop
core   0: 3 0x800012e8 (0x00000013)
core   0: 0x800012ec (0xa9ef2ab7) lui     s5, 0xa9ef2
core   0: 3 0x800012ec (0xa9ef2ab7) x21 0xa9ef2000
core   0: 0x800012f0 (0x017c9733) sll     a4, s9, s7
core   0: 3 0x800012f0 (0x017c9733) x14 0x00000000
core   0: 0x800012f4 (0x4c8cf093) andi    ra, s9, 1224
core   0: 3 0x800012f4 (0x4c8cf093) x 1 0x00000000
core   0: 0x800012f8 (0x017f78b3) and     a7, t5, s7
core   0: 3 0x800012f8 (0x017f78b3) x17 0x00000000
core   0: 0x800012fc (0x012d74b3) and     s1, s10, s2
core   0: 3 0x800012fc (0x012d74b3) x 9 0x00000000
core   0: 0x80001300 (0x03f1a0b3) mulhsu  ra, gp, t6
core   0: 3 0x80001300 (0x03f1a0b3) x 1 0x00000000
core   0: 0x80001304 (0x01bd5093) srli    ra, s10, 27
core   0: 3 0x80001304 (0x01bd5093) x 1 0x00000010
core   0: 0x80001308 (0xae8fe513) ori     a0, t6, -1304
core   0: 3 0x80001308 (0xae8fe513) x10 0xfffffae8
core   0: 0x8000130c (0x0010ec33) or      s8, ra, ra
core   0: 3 0x8000130c (0x0010ec33) x24 0x00000010
core   0: 0x80001310 (0x40d75893) srai    a7, a4, 13
core   0: 3 0x80001310 (0x40d75893) x17 0x00000000
core   0: 0x80001314 (0x0ddf4297) auipc   t0, 0xddf4
core   0: 3 0x80001314 (0x0ddf4297) x 5 0x8ddf5314
core   0: 0x80001318 (0x0286a2b3) mulhsu  t0, a3, s0
core   0: 3 0x80001318 (0x0286a2b3) x 5 0xfffff82d
core   0: 0x8000131c (0x022c4c33) div     s8, s8, sp
core   0: 3 0x8000131c (0x022c4c33) x24 0xffffffff
core   0: 0x80001320 (0x83e17313) andi    t1, sp, -1986
core   0: 3 0x80001320 (0x83e17313) x 6 0x00000000
core   0: 0x80001324 (0x003d3833) sltu    a6, s10, gp
core   0: 3 0x80001324 (0x003d3833) x16 0x00000000
core   0: 0x80001328 (0xd14e3e93) sltiu   t4, t3, -748
core   0: 3 0x80001328 (0xd14e3e93) x29 0x00000001
core   0: 0x8000132c (0x00c61433) sll     s0, a2, a2
core   0: 3 0x8000132c (0x00c61433) x 8 0x0018ce40
core   0: 0x80001330 (0x3daa7493) andi    s1, s4, 986
core   0: 3 0x80001330 (0x3daa7493) x 9 0x000003da
core   0: 0x80001334 (0x01acc1b3) xor     gp, s9, s10
core   0: 3 0x80001334 (0x01acc1b3) x 3 0x80000000
core   0: 0x80001338 (0x013df4b3) and     s1, s11, s3
core   0: 3 0x80001338 (0x013df4b3) x 9 0x80010860
core   0: 0x8000133c (0xd9de6097) auipc   ra, 0xd9de6
core   0: 3 0x8000133c (0xd9de6097) x 1 0x59de733c
core   0: 0x80001340 (0x016431b3) sltu    gp, s0, s6
core   0: 3 0x80001340 (0x016431b3) x 3 0x00000001
core   0: 0x80001344 (0x4048d533) sra     a0, a7, tp
core   0: 3 0x80001344 (0x4048d533) x10 0x00000000
core   0: 0x80001348 (0x022b58b3) divu    a7, s6, sp
core   0: 3 0x80001348 (0x022b58b3) x17 0xffffffff
core   0: 0x8000134c (0x41e10333) sub     t1, sp, t5
core   0: 3 0x8000134c (0x41e10333) x 6 0x7ffe731c
core   0: 0x80001350 (0x9e94a893) slti    a7, s1, -1559
core   0: 3 0x80001350 (0x9e94a893) x17 0x00000001
core   0: 0x80001354 (0x012f0fb3) add     t6, t5, s2
core   0: 3 0x80001354 (0x012f0fb3) x31 0x88d611e2
core   0: 0x80001358 (0xbe3b4e97) auipc   t4, 0xbe3b4
core   0: 3 0x80001358 (0xbe3b4e97) x29 0x3e3b5358
core   0: 0x8000135c (0x01160933) add     s2, a2, a7
core   0: 3 0x8000135c (0x01160933) x18 0x80018ce5
core   0: 0x80001360 (0x417851b3) sra     gp, a6, s7
core   0: 3 0x80001360 (0x417851b3) x 3 0x00000000
core   0: 0x80001364 (0x5f643713) sltiu   a4, s0, 1526
core   0: 3 0x80001364 (0x5f643713) x14 0x00000000
core   0: 0x80001368 (0x000ebdb3) sltu    s11, t4, zero
core   0: 3 0x80001368 (0x000ebdb3) x27 0x00000000
core   0: 0x8000136c (0x415c0133) sub     sp, s8, s5
core   0: 3 0x8000136c (0x415c0133) x 2 0x5610dfff
core   0: 0x80001370 (0x018bd433) srl     s0, s7, s8
core   0: 3 0x80001370 (0x018bd433) x 8 0x00000000
core   0: 0x80001374 (0x0312d8b3) divu    a7, t0, a7
core   0: 3 0x80001374 (0x0312d8b3) x17 0xfffff82d
core   0: 0x80001378 (0x01bbc1b3) xor     gp, s7, s11
core   0: 3 0x80001378 (0x01bbc1b3) x 3 0x00000000
core   0: 0x8000137c (0xd3246697) auipc   a3, 0xd3246
core   0: 3 0x8000137c (0xd3246697) x13 0x5324737c
core   0: 0x80001380 (0x00000013) nop
core   0: 3 0x80001380 (0x00000013)
core   0: 0x80001384 (0x03a52033) mulhsu  zero, a0, s10
core   0: 3 0x80001384 (0x03a52033)
core   0: 0x80001388 (0x02954b33) div     s6, a0, s1
core   0: 3 0x80001388 (0x02954b33) x22 0x00000000
core   0: 0x8000138c (0x411a5713) srai    a4, s4, 17
core   0: 3 0x8000138c (0x411a5713) x14 0xffffffff
core   0: 0x80001390 (0x00cd5a13) srli    s4, s10, 12
core   0: 3 0x80001390 (0x00cd5a13) x20 0x00080000
core   0: 0x80001394 (0x01003633) snez    a2, a6
core   0: 3 0x80001394 (0x01003633) x12 0x00000000
core   0: 0x80001398 (0x0261beb3) mulhu   t4, gp, t1
core   0: 3 0x80001398 (0x0261beb3) x29 0x00000000
core   0: 0x8000139c (0x018dde93) srli    t4, s11, 24
core   0: 3 0x8000139c (0x018dde93) x29 0x00000000
core   0: 0x800013a0 (0x00b403b3) add     t2, s0, a1
core   0: 3 0x800013a0 (0x00b403b3) x 7 0x00000000
core   0: 0x800013a4 (0x41a9de93) srai    t4, s3, 26
core   0: 3 0x800013a4 (0x41a9de93) x29 0xffffffe0
core   0: 0x800013a8 (0x6d6b8613) addi    a2, s7, 1750
core   0: 3 0x800013a8 (0x6d6b8613) x12 0x000006d6
core   0: 0x800013ac (0x01606a33) or      s4, zero, s6
core   0: 3 0x800013ac (0x01606a33) x20 0x00000000
core   0: 0x800013b0 (0x419a5b33) sra     s6, s4, s9
core   0: 3 0x800013b0 (0x419a5b33) x22 0x00000000
core   0: 0x800013b4 (0x01991c33) sll     s8, s2, s9
core   0: 3 0x800013b4 (0x01991c33) x24 0x80018ce5
core   0: 0x800013b8 (0x059e3713) sltiu   a4, t3, 89
core   0: 3 0x800013b8 (0x059e3713) x14 0x00000000
core   0: 0x800013bc (0x4097d713) srai    a4, a5, 9
core   0: 3 0x800013bc (0x4097d713) x14 0x00000000
core   0: 0x800013c0 (0x006f9593) slli    a1, t6, 6
core   0: 3 0x800013c0 (0x006f9593) x11 0x35847880
core   0: 0x800013c4 (0x02cd2eb3) mulhsu  t4, s10, a2
core   0: 3 0x800013c4 (0x02cd2eb3) x29 0xfffffc95
core   0: 0x800013c8 (0x00934db3) xor     s11, t1, s1
core   0: 3 0x800013c8 (0x00934db3) x27 0xffff7b7c
core   0: 0x800013cc (0x9be74e13) xori    t3, a4, -1602
core   0: 3 0x800013cc (0x9be74e13) x28 0xfffff9be
core   0: 0x800013d0 (0x0268c433) div     s0, a7, t1
core   0: 3 0x800013d0 (0x0268c433) x 8 0x00000000
core   0: 0x800013d4 (0x02935fb3) divu    t6, t1, s1
core   0: 3 0x800013d4 (0x02935fb3) x31 0x00000000
core   0: 0x800013d8 (0x026a4e33) div     t3, s4, t1
core   0: 3 0x800013d8 (0x026a4e33) x28 0x00000000
core   0: 0x800013dc (0x504b8a13) addi    s4, s7, 1284
core   0: 3 0x800013dc (0x504b8a13) x20 0x00000504
core   0: 0x800013e0 (0x41595d93) srai    s11, s2, 21
core   0: 3 0x800013e0 (0x41595d93) x27 0xfffffc00
core   0: 0x800013e4 (0x02c2edb3) rem     s11, t0, a2
core   0: 3 0x800013e4 (0x02c2edb3) x27 0xffffff03
core   0: 0x800013e8 (0x01529e13) slli    t3, t0, 21
core   0: 3 0x800013e8 (0x01529e13) x28 0x05a00000
core   0: 0x800013ec (0x9b9cea93) ori     s5, s9, -1607
core   0: 3 0x800013ec (0x9b9cea93) x21 0xfffff9b9
core   0: 0x800013f0 (0x6077f517) auipc   a0, 0x6077f
core   0: 3 0x800013f0 (0x6077f517) x10 0xe07803f0
core   0: 0x800013f4 (0x409e0933) sub     s2, t3, s1
core   0: 3 0x800013f4 (0x409e0933) x18 0x859ef7a0
core   0: 0x800013f8 (0x01816fb3) or      t6, sp, s8
core   0: 3 0x800013f8 (0x01816fb3) x31 0xd611dfff
core   0: 0x800013fc (0x40f35f93) srai    t6, t1, 15
core   0: 3 0x800013fc (0x40f35f93) x31 0x0000fffc
core   0: 0x80001400 (0x0253bcb3) mulhu   s9, t2, t0
core   0: 3 0x80001400 (0x0253bcb3) x25 0x00000000
core   0: 0x80001404 (0x00db2933) slt     s2, s6, a3
core   0: 3 0x80001404 (0x00db2933) x18 0x00000001
core   0: 0x80001408 (0x02dc2c33) mulhsu  s8, s8, a3
core   0: 3 0x80001408 (0x02dc2c33) x24 0xd66e4728
core   0: 0x8000140c (0x77b10c93) addi    s9, sp, 1915
core   0: 3 0x8000140c (0x77b10c93) x25 0x5610e77a
core   0: 0x80001410 (0x01f413b3) sll     t2, s0, t6
core   0: 3 0x80001410 (0x01f413b3) x 7 0x00000000
core   0: 0x80001414 (0x028d04b3) mul     s1, s10, s0
core   0: 3 0x80001414 (0x028d04b3) x 9 0x00000000
core   0: 0x80001418 (0x010830b3) sltu    ra, a6, a6
core   0: 3 0x80001418 (0x010830b3) x 1 0x00000000
core   0: 0x8000141c (0x6e88e817) auipc   a6, 0x6e88e
core   0: 3 0x8000141c (0x6e88e817) x16 0xee88f41c
core   0: 0x80001420 (0x0259a8b3) mulhsu  a7, s3, t0
core   0: 3 0x80001420 (0x0259a8b3) x17 0x8001524d
core   0: 0x80001424 (0x4131ddb3) sra     s11, gp, s3
core   0: 3 0x80001424 (0x4131ddb3) x27 0x00000000
core   0: 0x80001428 (0x014d6933) or      s2, s10, s4
core   0: 3 0x80001428 (0x014d6933) x18 0x80000504
core   0: 0x8000142c (0x00143833) sltu    a6, s0, ra
core   0: 3 0x8000142c (0x00143833) x16 0x00000000
core   0: 0x80001430 (0xfa3f2513) slti    a0, t5, -93
core   0: 3 0x80001430 (0xfa3f2513) x10 0x00000001
core   0: 0x80001434 (0x00895c13) srli    s8, s2, 8
core   0: 3 0x80001434 (0x00895c13) x24 0x00800005
core   0: 0x80001438 (0x03dc9233) mulh    tp, s9, t4
core   0: 3 0x80001438 (0x03dc9233) x 4 0xfffffed9
core   0: 0x8000143c (0x33e23f93) sltiu   t6, tp, 830
core   0: 3 0x8000143c (0x33e23f93) x31 0x00000000
core   0: 0x80001440 (0x032f8533) mul     a0, t6, s2
core   0: 3 0x80001440 (0x032f8533) x10 0x00000000
core   0: 0x80001444 (0x03b58733) mul     a4, a1, s11
core   0: 3 0x80001444 (0x03b58733) x14 0x00000000
core   0: 0x80001448 (0x75be3413) sltiu   s0, t3, 1883
core   0: 3 0x80001448 (0x75be3413) x 8 0x00000000
core   0: 0x8000144c (0x90f23093) sltiu   ra, tp, -1777
core   0: 3 0x8000144c (0x90f23093) x 1 0x00000000
core   0: 0x80001450 (0x00f41213) slli    tp, s0, 15
core   0: 3 0x80001450 (0x00f41213) x 4 0x00000000
core   0: 0x80001454 (0x02d08bb3) mul     s7, ra, a3
core   0: 3 0x80001454 (0x02d08bb3) x23 0x00000000
core   0: 0x80001458 (0x00623eb3) sltu    t4, tp, t1
core   0: 3 0x80001458 (0x00623eb3) x29 0x00000001
core   0: 0x8000145c (0x94ccf137) lui     sp, 0x94ccf
core   0: 3 0x8000145c (0x94ccf137) x 2 0x94ccf000
core   0: 0x80001460 (0xe64020b7) lui     ra, 0xe6402
core   0: 3 0x80001460 (0xe64020b7) x 1 0xe6402000
core   0: 0x80001464 (0x11cf6b93) ori     s7, t5, 284
core   0: 3 0x80001464 (0x11cf6b93) x23 0x80018dfc
core   0: 0x80001468 (0x01c21b93) slli    s7, tp, 28
core   0: 3 0x80001468 (0x01c21b93) x23 0x00000000
core   0: 0x8000146c (0x0252d0b3) divu    ra, t0, t0
core   0: 3 0x8000146c (0x0252d0b3) x 1 0x00000001
core   0: 0x80001470 (0x40098c33) sub     s8, s3, zero
core   0: 3 0x80001470 (0x40098c33) x24 0x80014e64
core   0: 0x80001474 (0x023b6ab3) rem     s5, s6, gp
core   0: 3 0x80001474 (0x023b6ab3) x21 0x00000000
core   0: 0x80001478 (0x40508133) sub     sp, ra, t0
core   0: 3 0x80001478 (0x40508133) x 2 0x000007d4
core   0: 0x8000147c (0x007a5113) srli    sp, s4, 7
core   0: 3 0x8000147c (0x007a5113) x 2 0x0000000a
core   0: 0x80001480 (0xc5416793) ori     a5, sp, -940
core   0: 3 0x80001480 (0xc5416793) x15 0xfffffc5e
core   0: 0x80001484 (0x00f85933) srl     s2, a6, a5
core   0: 3 0x80001484 (0x00f85933) x18 0x00000000
core   0: 0x80001488 (0x00000013) nop
core   0: 3 0x80001488 (0x00000013)
core   0: 0x8000148c (0x01146c33) or      s8, s0, a7
core   0: 3 0x8000148c (0x01146c33) x24 0x8001524d
core   0: 0x80001490 (0x00000013) nop
core   0: 3 0x80001490 (0x00000013)
core   0: 0x80001494 (0x016bd233) srl     tp, s7, s6
core   0: 3 0x80001494 (0x016bd233) x 4 0x00000000
core   0: 0x80001498 (0x001fde33) srl     t3, t6, ra
core   0: 3 0x80001498 (0x001fde33) x28 0x00000000
core   0: 0x8000149c (0x007ae8b3) or      a7, s5, t2
core   0: 3 0x8000149c (0x007ae8b3) x17 0x00000000
core   0: 0x800014a0 (0xe4a62397) auipc   t2, 0xe4a62
core   0: 3 0x800014a0 (0xe4a62397) x 7 0x64a634a0
core   0: 0x800014a4 (0x24720793) addi    a5, tp, 583
core   0: 3 0x800014a4 (0x24720793) x15 0x00000247
core   0: 0x800014a8 (0x03fb5eb3) divu    t4, s6, t6
core   0: 3 0x800014a8 (0x03fb5eb3) x29 0xffffffff
core   0: 0x800014ac (0x8624f693) andi    a3, s1, -1950
core   0: 3 0x800014ac (0x8624f693) x13 0x00000000
core   0: 0x800014b0 (0x00cedbb3) srl     s7, t4, a2
core   0: 3 0x800014b0 (0x00cedbb3) x23 0x000003ff
core   0: 0x800014b4 (0x0140ac33) slt     s8, ra, s4
core   0: 3 0x800014b4 (0x0140ac33) x24 0x00000001
core   0: 0x800014b8 (0x02fa5b33) divu    s6, s4, a5
core   0: 3 0x800014b8 (0x02fa5b33) x22 0x00000002
core   0: 0x800014bc (0x58613913) sltiu   s2, sp, 1414
core   0: 3 0x800014bc (0x58613913) x18 0x00000001
core   0: 0x800014c0 (0x0239b533) mulhu   a0, s3, gp
core   0: 3 0x800014c0 (0x0239b533) x10 0x00000000
core   0: 0x800014c4 (0x0154d813) srli    a6, s1, 21
core   0: 3 0x800014c4 (0x0154d813) x16 0x00000000
core   0: 0x800014c8 (0x020a46b3) div     a3, s4, zero
core   0: 3 0x800014c8 (0x020a46b3) x13 0xffffffff
core   0: 0x800014cc (0x03b4d4b3) divu    s1, s1, s11
core   0: 3 0x800014cc (0x03b4d4b3) x 9 0xffffffff
core   0: 0x800014d0 (0x00ddb733) sltu    a4, s11, a3
core   0: 3 0x800014d0 (0x00ddb733) x14 0x00000001
core   0: 0x800014d4 (0x02d2ccb3) div     s9, t0, a3
core   0: 3 0x800014d4 (0x02d2ccb3) x25 0x000007d3
core   0: 0x800014d8 (0xa0436793) ori     a5, t1, -1532
core   0: 3 0x800014d8 (0xa0436793) x15 0xfffffb1c
core   0: 0x800014dc (0x00000013) nop
core   0: 3 0x800014dc (0x00000013)
core   0: 0x800014e0 (0x02140033) mul     zero, s0, ra
core   0: 3 0x800014e0 (0x02140033)
core   0: 0x800014e4 (0x01fcbab3) sltu    s5, s9, t6
core   0: 3 0x800014e4 (0x01fcbab3) x21 0x00000000
core   0: 0x800014e8 (0xf76b6117) auipc   sp, 0xf76b6
core   0: 3 0x800014e8 (0xf76b6117) x 2 0x776b74e8
core   0: 0x800014ec (0x41620eb3) sub     t4, tp, s6
core   0: 3 0x800014ec (0x41620eb3) x29 0xfffffffe
core   0: 0x800014f0 (0xc9c8c693) xori    a3, a7, -868
core   0: 3 0x800014f0 (0xc9c8c693) x13 0xfffffc9c
core   0: 0x800014f4 (0x0058d933) srl     s2, a7, t0
core   0: 3 0x800014f4 (0x0058d933) x18 0x00000000
core   0: 0x800014f8 (0x6b12f093) andi    ra, t0, 1713
core   0: 3 0x800014f8 (0x6b12f093) x 1 0x00000021
core   0: 0x800014fc (0x01a88db3) add     s11, a7, s10
core   0: 3 0x800014fc (0x01a88db3) x27 0x80000000
core   0: 0x80001500 (0x03299fb3) mulh    t6, s3, s2
core   0: 3 0x80001500 (0x03299fb3) x31 0x00000000
core   0: 0x80001504 (0x5e947437) lui     s0, 0x5e947
core   0: 3 0x80001504 (0x5e947437) x 8 0x5e947000
core   0: 0x80001508 (0xd6ee51b7) lui     gp, 0xd6ee5
core   0: 3 0x80001508 (0xd6ee51b7) x 3 0xd6ee5000
core   0: 0x8000150c (0xb8414a93) xori    s5, sp, -1148
core   0: 3 0x8000150c (0xb8414a93) x21 0x88948f6c
core   0: 0x80001510 (0xfc78ce93) xori    t4, a7, -57
core   0: 3 0x80001510 (0xfc78ce93) x29 0xffffffc7
core   0: 0x80001514 (0x0397fdb3) remu    s11, a5, s9
core   0: 3 0x80001514 (0x0397fdb3) x27 0x000004de
core   0: 0x80001518 (0x032a57b3) divu    a5, s4, s2
core   0: 3 0x80001518 (0x032a57b3) x15 0xffffffff
core   0: 0x8000151c (0xf65cfa17) auipc   s4, 0xf65cf
core   0: 3 0x8000151c (0xf65cfa17) x20 0x765d051c
core   0: 0x80001520 (0x00b872b3) and     t0, a6, a1
core   0: 3 0x80001520 (0x00b872b3) x 5 0x00000000
core   0: 0x80001524 (0x02d9c4b3) div     s1, s3, a3
core   0: 3 0x80001524 (0x02d9c4b3) x 9 0x0025bfe8
core   0: 0x80001528 (0x02ef2db3) mulhsu  s11, t5, a4
core   0: 3 0x80001528 (0x02ef2db3) x27 0xffffffff
core   0: 0x8000152c (0x002d8593) addi    a1, s11, 2
core   0: 3 0x8000152c (0x002d8593) x11 0x00000001
core   0: 0x80001530 (0xe217cd93) xori    s11, a5, -479
core   0: 3 0x80001530 (0xe217cd93) x27 0x000001de
core   0: 0x80001534 (0x03772033) mulhsu  zero, a4, s7
core   0: 3 0x80001534 (0x03772033)
core   0: 0x80001538 (0x00220e33) add     t3, tp, sp
core   0: 3 0x80001538 (0x00220e33) x28 0x776b74e8
core   0: 0x8000153c (0x6c22c613) xori    a2, t0, 1730
core   0: 3 0x8000153c (0x6c22c613) x12 0x000006c2
core   0: 0x80001540 (0x411888b3) sub     a7, a7, a7
core   0: 3 0x80001540 (0x411888b3) x17 0x00000000
core   0: 0x80001544 (0x019dd493) srli    s1, s11, 25
core   0: 3 0x80001544 (0x019dd493) x 9 0x00000000
core   0: 0x80001548 (0x03f43fb3) mulhu   t6, s0, t6
core   0: 3 0x80001548 (0x03f43fb3) x31 0x00000000
core   0: 0x8000154c (0x03cf78b3) remu    a7, t5, t3
core   0: 3 0x8000154c (0x03cf78b3) x17 0x089617fc
core   0: 0x80001550 (0x00821893) slli    a7, tp, 8
core   0: 3 0x80001550 (0x00821893) x17 0x00000000
core   0: 0x80001554 (0x036f4433) div     s0, t5, s6
core   0: 3 0x80001554 (0x036f4433) x 8 0xc000c672
core   0: 0x80001558 (0x00690933) add     s2, s2, t1
core   0: 3 0x80001558 (0x00690933) x18 0x7ffe731c
core   0: 0x8000155c (0x01855293) srli    t0, a0, 24
core   0: 3 0x8000155c (0x01855293) x 5 0x00000000
core   0: 0x80001560 (0x03c6f6b3) remu    a3, a3, t3
core   0: 3 0x80001560 (0x03c6f6b3) x13 0x112912cc
core   0: 0x80001564 (0x014c80b3) add     ra, s9, s4
core   0: 3 0x80001564 (0x014c80b3) x 1 0x765d0cef
core   0: 0x80001568 (0x0256e4b3) rem     s1, a3, t0
core   0: 3 0x80001568 (0x0256e4b3) x 9 0x112912cc
core   0: 0x8000156c (0x0274d633) divu    a2, s1, t2
core   0: 3 0x8000156c (0x0274d633) x12 0x00000000
core   0: 0x80001570 (0x01c976b3) and     a3, s2, t3
core   0: 3 0x80001570 (0x01c976b3) x13 0x776a7008
core   0: 0x80001574 (0x01c23533) sltu    a0, tp, t3
core   0: 3 0x80001574 (0x01c23533) x10 0x00000001
core   0: 0x80001578 (0xa3f50e13) addi    t3, a0, -1473
core   0: 3 0x80001578 (0xa3f50e13) x28 0xfffffa40
core   0: 0x8000157c (0x00000013) nop
core   0: 3 0x8000157c (0x00000013)
core   0: 0x80001580 (0x1306cd93) xori    s11, a3, 304
core   0: 3 0x80001580 (0x1306cd93) x27 0x776a7138
core   0: 0x80001584 (0x000eea33) or      s4, t4, zero
core   0: 3 0x80001584 (0x000eea33) x20 0xffffffc7
core   0: 0x80001588 (0x401bdb93) srai    s7, s7, 1
core   0: 3 0x80001588 (0x401bdb93) x23 0x000001ff
core   0: 0x8000158c (0x03d6a8b3) mulhsu  a7, a3, t4
core   0: 3 0x8000158c (0x03d6a8b3) x17 0x776a6fed
core   0: 0x80001590 (0x0168ce33) xor     t3, a7, s6
core   0: 3 0x80001590 (0x0168ce33) x28 0x776a6fef
core   0: 0x80001594 (0x00dad713) srli    a4, s5, 13
core   0: 3 0x80001594 (0x00dad713) x14 0x000444a4
core   0: 0x80001598 (0x415805b3) sub     a1, a6, s5
core   0: 3 0x80001598 (0x415805b3) x11 0x776b7094
core   0: 0x8000159c (0x01ba9a13) slli    s4, s5, 27
core   0: 3 0x8000159c (0x01ba9a13) x20 0x60000000
core   0: 0x800015a0 (0x02e205b3) mul     a1, tp, a4
core   0: 3 0x800015a0 (0x02e205b3) x11 0x00000000
core   0: 0x800015a4 (0x00683eb3) sltu    t4, a6, t1
core   0: 3 0x800015a4 (0x00683eb3) x29 0x00000001
core   0: 0x800015a8 (0x0162a933) slt     s2, t0, s6
core   0: 3 0x800015a8 (0x0162a933) x18 0x00000001
core   0: 0x800015ac (0x0024a1b3) slt     gp, s1, sp
core   0: 3 0x800015ac (0x0024a1b3) x 3 0x00000001
core   0: 0x800015b0 (0x021d8a33) mul     s4, s11, ra
core   0: 3 0x800015b0 (0x021d8a33) x20 0x6b065348
core   0: 0x800015b4 (0x02bbb033) mulhu   zero, s7, a1
core   0: 3 0x800015b4 (0x02bbb033)
core   0: 0x800015b8 (0x03e56eb3) rem     t4, a0, t5
core   0: 3 0x800015b8 (0x03e56eb3) x29 0x00000001
core   0: 0x800015bc (0x4075da13) srai    s4, a1, 7
core   0: 3 0x800015bc (0x4075da13) x20 0x00000000
core   0: 0x800015c0 (0x007f0cb3) add     s9, t5, t2
core   0: 3 0x800015c0 (0x007f0cb3) x25 0xe4a7c184
core   0: 0x800015c4 (0x030048b3) div     a7, zero, a6
core   0: 3 0x800015c4 (0x030048b3) x17 0xffffffff
core   0: 0x800015c8 (0x003a6333) or      t1, s4, gp
core   0: 3 0x800015c8 (0x003a6333) x 6 0x00000001
core   0: 0x800015cc (0x0073f8b3) and     a7, t2, t2
core   0: 3 0x800015cc (0x0073f8b3) x17 0x64a634a0
core   0: 0x800015d0 (0x02f72db3) mulhsu  s11, a4, a5
core   0: 3 0x800015d0 (0x02f72db3) x27 0x000444a3
core   0: 0x800015d4 (0x02027533) remu    a0, tp, zero
core   0: 3 0x800015d4 (0x02027533) x10 0x00000000
core   0: 0x800015d8 (0x0138f0b3) and     ra, a7, s3
core   0: 3 0x800015d8 (0x0138f0b3) x 1 0x00000420
core   0: 0x800015dc (0x00ba8933) add     s2, s5, a1
core   0: 3 0x800015dc (0x00ba8933) x18 0x88948f6c
core   0: 0x800015e0 (0x0170ec33) or      s8, ra, s7
core   0: 3 0x800015e0 (0x0170ec33) x24 0x000005ff
core   0: 0x800015e4 (0x03ff1033) mulh    zero, t5, t6
core   0: 3 0x800015e4 (0x03ff1033)
core   0: 0x800015e8 (0x14126013) ori     zero, tp, 321
core   0: 3 0x800015e8 (0x14126013)
core   0: 0x800015ec (0x79912d93) slti    s11, sp, 1945
core   0: 3 0x800015ec (0x79912d93) x27 0x00000000
core   0: 0x800015f0 (0x03a7f2b3) remu    t0, a5, s10
core   0: 3 0x800015f0 (0x03a7f2b3) x 5 0x7fffffff
core   0: 0x800015f4 (0x00000013) nop
core   0: 3 0x800015f4 (0x00000013)
core   0: 0x800015f8 (0x014e1eb3) sll     t4, t3, s4
core   0: 3 0x800015f8 (0x014e1eb3) x29 0x776a6fef
core   0: 0x800015fc (0x40db5e13) srai    t3, s6, 13
core   0: 3 0x800015fc (0x40db5e13) x28 0x00000000
core   0: 0x80001600 (0xc251ba93) sltiu   s5, gp, -987
core   0: 3 0x80001600 (0xc251ba93) x21 0x00000001
core   0: 0x80001604 (0x01f9b8b3) sltu    a7, s3, t6
core   0: 3 0x80001604 (0x01f9b8b3) x17 0x00000000
core   0: 0x80001608 (0xbd830093) addi    ra, t1, -1064
core   0: 3 0x80001608 (0xbd830093) x 1 0xfffffbd9
core   0: 0x8000160c (0x02012ab3) mulhsu  s5, sp, zero
core   0: 3 0x8000160c (0x02012ab3) x21 0x00000000
core   0: 0x80001610 (0x41305113) srai    sp, zero, 19
core   0: 3 0x80001610 (0x41305113) x 2 0x00000000
core   0: 0x80001614 (0xff516c37) lui     s8, 0xff516
core   0: 3 0x80001614 (0xff516c37) x24 0xff516000
core   0: 0x80001618 (0x01ae20b3) slt     ra, t3, s10
core   0: 3 0x80001618 (0x01ae20b3) x 1 0x00000000
core   0: 0x8000161c (0x00610633) add     a2, sp, t1
core   0: 3 0x8000161c (0x00610633) x12 0x00000001
core   0: 0x80001620 (0x00bf56b3) srl     a3, t5, a1
core   0: 3 0x80001620 (0x00bf56b3) x13 0x80018ce4
core   0: 0x80001624 (0x02597ab3) remu    s5, s2, t0
core   0: 3 0x80001624 (0x02597ab3) x21 0x08948f6d
core   0: 0x80001628 (0x4012d433) sra     s0, t0, ra
core   0: 3 0x80001628 (0x4012d433) x 8 0x7fffffff
core   0: 0x8000162c (0x01d7d4b3) srl     s1, a5, t4
core   0: 3 0x8000162c (0x01d7d4b3) x 9 0x0001ffff
core   0: 0x80001630 (0x032843b3) div     t2, a6, s2
core   0: 3 0x80001630 (0x032843b3) x 7 0x00000000
core   0: 0x80001634 (0x12238517) auipc   a0, 0x12238
core   0: 3 0x80001634 (0x12238517) x10 0x92239634
core   0: 0x80001638 (0x031e1133) mulh    sp, t3, a7
core   0: 3 0x80001638 (0x031e1133) x 2 0x00000000
core   0: 0x8000163c (0x02cb97b3) mulh    a5, s7, a2
core   0: 3 0x8000163c (0x02cb97b3) x15 0x00000000
core   0: 0x80001640 (0x02afc7b3) div     a5, t6, a0
core   0: 3 0x80001640 (0x02afc7b3) x15 0x00000000
core   0: 0x80001644 (0x40add8b3) sra     a7, s11, a0
core   0: 3 0x80001644 (0x40add8b3) x17 0x00000000
core   0: 0x80001648 (0x030d4033) div     zero, s10, a6
core   0: 3 0x80001648 (0x030d4033)
core   0: 0x8000164c (0x027610b3) mulh    ra, a2, t2
core   0: 3 0x8000164c (0x027610b3) x 1 0x00000000
core   0: 0x80001650 (0x03519133) mulh    sp, gp, s5
core   0: 3 0x80001650 (0x03519133) x 2 0x00000000
core   0: 0x80001654 (0x01217533) and     a0, sp, s2
core   0: 3 0x80001654 (0x01217533) x10 0x00000000
core   0: 0x80001658 (0x5c646413) ori     s0, s0, 1478
core   0: 3 0x80001658 (0x5c646413) x 8 0x7fffffff
core   0: 0x8000165c (0x00865b13) srli    s6, a2, 8
core   0: 3 0x8000165c (0x00865b13) x22 0x00000000
core   0: 0x80001660 (0x1c48b813) sltiu   a6, a7, 452
core   0: 3 0x80001660 (0x1c48b813) x16 0x00000001
core   0: 0x80001664 (0x55c58a37) lui     s4, 0x55c58
core   0: 3 0x80001664 (0x55c58a37) x20 0x55c58000
core   0: 0x80001668 (0x01b64733) xor     a4, a2, s11
core   0: 3 0x80001668 (0x01b64733) x14 0x00000001
core   0: 0x8000166c (0x00f91293) slli    t0, s2, 15
core   0: 3 0x8000166c (0x00f91293) x 5 0x47b60000
core   0: 0x80001670 (0x3c758a17) auipc   s4, 0x3c758
core   0: 3 0x80001670 (0x3c758a17) x20 0xbc759670
core   0: 0x80001674 (0x00587133) and     sp, a6, t0
core   0: 3 0x80001674 (0x00587133) x 2 0x00000000
core   0: 0x80001678 (0x41b20b33) sub     s6, tp, s11
core   0: 3 0x80001678 (0x41b20b33) x22 0x00000000
core   0: 0x8000167c (0x03f0e2b3) rem     t0, ra, t6
core   0: 3 0x8000167c (0x03f0e2b3) x 5 0x00000000
core   0: 0x80001680 (0x52a39797) auipc   a5, 0x52a39
core   0: 3 0x80001680 (0x52a39797) x15 0xd2a3a680
core   0: 0x80001684 (0x00000013) nop
core   0: 3 0x80001684 (0x00000013)
core   0: 0x80001688 (0x41a88bb3) sub     s7, a7, s10
core   0: 3 0x80001688 (0x41a88bb3) x23 0x80000000
core   0: 0x8000168c (0x02a8a6b3) mulhsu  a3, a7, a0
core   0: 3 0x8000168c (0x02a8a6b3) x13 0x00000000
core   0: 0x80001690 (0xe2be3a13) sltiu   s4, t3, -469
core   0: 3 0x80001690 (0xe2be3a13) x20 0x00000001
core   0: 0x80001694 (0xf4b6f713) andi    a4, a3, -181
core   0: 3 0x80001694 (0xf4b6f713) x14 0x00000000
core   0: 0x80001698 (0x4f092397) auipc   t2, 0x4f092
core   0: 3 0x80001698 (0x4f092397) x 7 0xcf093698
core   0: 0x8000169c (0x2fe30d93) addi    s11, t1, 766
core   0: 3 0x8000169c (0x2fe30d93) x27 0x000002ff
core   0: 0x800016a0 (0x41048433) sub     s0, s1, a6
core   0: 3 0x800016a0 (0x41048433) x 8 0x0001fffe
core   0: 0x800016a4 (0x03c843b3) div     t2, a6, t3
core   0: 3 0x800016a4 (0x03c843b3) x 7 0xffffffff
core   0: 0x800016a8 (0x010d1093) slli    ra, s10, 16
core   0: 3 0x800016a8 (0x010d1093) x 1 0x00000000
core   0: 0x800016ac (0x02172033) mulhsu  zero, a4, ra
core   0: 3 0x800016ac (0x02172033)
core   0: 0x800016b0 (0x48f64a93) xori    s5, a2, 1167
core   0: 3 0x800016b0 (0x48f64a93) x21 0x0000048e
core   0: 0x800016b4 (0x00832933) slt     s2, t1, s0
core   0: 3 0x800016b4 (0x00832933) x18 0x00000001
core   0: 0x800016b8 (0x0213cfb3) div     t6, t2, ra
core   0: 3 0x800016b8 (0x0213cfb3) x31 0xffffffff
core   0: 0x800016bc (0x026d8eb3) mul     t4, s11, t1
core   0: 3 0x800016bc (0x026d8eb3) x29 0x000002ff
core   0: 0x800016c0 (0x02e36db3) rem     s11, t1, a4
core   0: 3 0x800016c0 (0x02e36db3) x27 0x00000001
core   0: 0x800016c4 (0x010dab33) slt     s6, s11, a6
core   0: 3 0x800016c4 (0x010dab33) x22 0x00000000
core   0: 0x800016c8 (0x41d5d513) srai    a0, a1, 29
core   0: 3 0x800016c8 (0x41d5d513) x10 0x00000000
core   0: 0x800016cc (0x01af0bb3) add     s7, t5, s10
core   0: 3 0x800016cc (0x01af0bb3) x23 0x00018ce4
core   0: 0x800016d0 (0x01f47eb3) and     t4, s0, t6
core   0: 3 0x800016d0 (0x01f47eb3) x29 0x0001fffe
core   0: 0x800016d4 (0x637fb193) sltiu   gp, t6, 1591
core   0: 3 0x800016d4 (0x637fb193) x 3 0x00000000
core   0: 0x800016d8 (0x8063fc13) andi    s8, t2, -2042
core   0: 3 0x800016d8 (0x8063fc13) x24 0xfffff806
core   0: 0x800016dc (0x4193d893) srai    a7, t2, 25
core   0: 3 0x800016dc (0x4193d893) x17 0xffffffff
core   0: 0x800016e0 (0x018eb7b3) sltu    a5, t4, s8
core   0: 3 0x800016e0 (0x018eb7b3) x15 0x00000001
core   0: 0x800016e4 (0x00000013) nop
core   0: 3 0x800016e4 (0x00000013)
core   0: 0x800016e8 (0xcb677e93) andi    t4, a4, -842
core   0: 3 0x800016e8 (0xcb677e93) x29 0x00000000
core   0: 0x800016ec (0x015661b3) or      gp, a2, s5
core   0: 3 0x800016ec (0x015661b3) x 3 0x0000048f
core   0: 0x800016f0 (0x41315193) srai    gp, sp, 19
core   0: 3 0x800016f0 (0x41315193) x 3 0x00000000
core   0: 0x800016f4 (0x013b5893) srli    a7, s6, 19
core   0: 3 0x800016f4 (0x013b5893) x17 0x00000000
core   0: 0x800016f8 (0x01a43433) sltu    s0, s0, s10
core   0: 3 0x800016f8 (0x01a43433) x 8 0x00000001
core   0: 0x800016fc (0x02ead233) divu    tp, s5, a4
core   0: 3 0x800016fc (0x02ead233) x 4 0xffffffff
core   0: 0x80001700 (0x972e8b93) addi    s7, t4, -1678
core   0: 3 0x80001700 (0x972e8b93) x23 0xfffff972
core   0: 0x80001704 (0x01af5a13) srli    s4, t5, 26
core   0: 3 0x80001704 (0x01af5a13) x20 0x00000020
core   0: 0x80001708 (0xdd883213) sltiu   tp, a6, -552
core   0: 3 0x80001708 (0xdd883213) x 4 0x00000001
core   0: 0x8000170c (0x012ba3b3) slt     t2, s7, s2
core   0: 3 0x8000170c (0x012ba3b3) x 7 0x00000001
core   0: 0x80001710 (0x00e486b3) add     a3, s1, a4
core   0: 3 0x80001710 (0x00e486b3) x13 0x0001ffff
core   0: 0x80001714 (0x00c79093) slli    ra, a5, 12
core   0: 3 0x80001714 (0x00c79093) x 1 0x00001000
core   0: 0x80001718 (0x03badfb3) divu    t6, s5, s11
core   0: 3 0x80001718 (0x03badfb3) x31 0x0000048e
core   0: 0x8000171c (0xe4b1be93) sltiu   t4, gp, -437
core   0: 3 0x8000171c (0xe4b1be93) x29 0x00000001
core   0: 0x80001720 (0x005807b3) add     a5, a6, t0
core   0: 3 0x80001720 (0x005807b3) x15 0x00000001
core   0: 0x80001724 (0x809afc93) andi    s9, s5, -2039
core   0: 3 0x80001724 (0x809afc93) x25 0x00000008
core   0: 0x80001728 (0x003abeb3) sltu    t4, s5, gp
core   0: 3 0x80001728 (0x003abeb3) x29 0x00000000
core   0: 0x8000172c (0x02a8e733) rem     a4, a7, a0
core   0: 3 0x8000172c (0x02a8e733) x14 0x00000000
core   0: 0x80001730 (0x02dae6b3) rem     a3, s5, a3
core   0: 3 0x80001730 (0x02dae6b3) x13 0x0000048e
core   0: 0x80001734 (0x3634f597) auipc   a1, 0x3634f
core   0: 3 0x80001734 (0x3634f597) x11 0xb6350734
core   0: 0x80001738 (0x9cbf4a93) xori    s5, t5, -1589
core   0: 3 0x80001738 (0x9cbf4a93) x21 0x7ffe752f
core   0: 0x8000173c (0x019abfb3) sltu    t6, s5, s9
core   0: 3 0x8000173c (0x019abfb3) x31 0x00000000
core   0: 0x80001740 (0x022063b3) rem     t2, zero, sp
core   0: 3 0x80001740 (0x022063b3) x 7 0x00000000
core   0: 0x80001744 (0x03c3bbb3) mulhu   s7, t2, t3
core   0: 3 0x80001744 (0x03c3bbb3) x23 0x00000000
core   0: 0x80001748 (0x004f76b3) and     a3, t5, tp
core   0: 3 0x80001748 (0x004f76b3) x13 0x00000000
core   0: 0x8000174c (0x0093bfb3) sltu    t6, t2, s1
core   0: 3 0x8000174c (0x0093bfb3) x31 0x00000001
core   0: 0x80001750 (0x03311933) mulh    s2, sp, s3
core   0: 3 0x80001750 (0x03311933) x18 0x00000000
core   0: 0x80001754 (0x30ee1797) auipc   a5, 0x30ee1
core   0: 3 0x80001754 (0x30ee1797) x15 0xb0ee2754
core   0: 0x80001758 (0x23c80f93) addi    t6, a6, 572
core   0: 3 0x80001758 (0x23c80f93) x31 0x0000023d
core   0: 0x8000175c (0x00eb5893) srli    a7, s6, 14
core   0: 3 0x8000175c (0x00eb5893) x17 0x00000000
core   0: 0x80001760 (0x0002d7b3) srl     a5, t0, zero
core   0: 3 0x80001760 (0x0002d7b3) x15 0x00000000
core   0: 0x80001764 (0xb9e16793) ori     a5, sp, -1122
core   0: 3 0x80001764 (0xb9e16793) x15 0xfffffb9e
core   0: 0x80001768 (0x519ae437) lui     s0, 0x519ae
core   0: 3 0x80001768 (0x519ae437) x 8 0x519ae000
core   0: 0x8000176c (0x94343917) auipc   s2, 0x94343
core   0: 3 0x8000176c (0x94343917) x18 0x1434476c
core   0: 0x80001770 (0x4696ae93) slti    t4, a3, 1129
core   0: 3 0x80001770 (0x4696ae93) x29 0x00000001
core   0: 0x80001774 (0x0057b633) sltu    a2, a5, t0
core   0: 3 0x80001774 (0x0057b633) x12 0x00000000
core   0: 0x80001778 (0x006e9e93) slli    t4, t4, 6
core   0: 3 0x80001778 (0x006e9e93) x29 0x00000040
core   0: 0x8000177c (0x86bb3213) sltiu   tp, s6, -1941
core   0: 3 0x8000177c (0x86bb3213) x 4 0x00000001
core   0: 0x80001780 (0x41bb5a33) sra     s4, s6, s11
core   0: 3 0x80001780 (0x41bb5a33) x20 0x00000000
core   0: 0x80001784 (0x02ecd233) divu    tp, s9, a4
core   0: 3 0x80001784 (0x02ecd233) x 4 0xffffffff
core   0: 0x80001788 (0x00cbe0b3) or      ra, s7, a2
core   0: 3 0x80001788 (0x00cbe0b3) x 1 0x00000000
core   0: 0x8000178c (0x2be33393) sltiu   t2, t1, 702
core   0: 3 0x8000178c (0x2be33393) x 7 0x00000001
core   0: 0x80001790 (0x12803137) lui     sp, 0x12803
core   0: 3 0x80001790 (0x12803137) x 2 0x12803000
core   0: 0x80001794 (0x00f2d693) srli    a3, t0, 15
core   0: 3 0x80001794 (0x00f2d693) x13 0x00000000
core   0: 0x80001798 (0x97ef4393) xori    t2, t5, -1666
core   0: 3 0x80001798 (0x97ef4393) x 7 0x7ffe759a
core   0: 0x8000179c (0x002ab8b3) sltu    a7, s5, sp
core   0: 3 0x8000179c (0x002ab8b3) x17 0x00000000
core   0: 0x800017a0 (0x03910b33) mul     s6, sp, s9
core   0: 3 0x800017a0 (0x03910b33) x22 0x94018000
core   0: 0x800017a4 (0xfd037eb7) lui     t4, 0xfd037
core   0: 3 0x800017a4 (0xfd037eb7) x29 0xfd037000
core   0: 0x800017a8 (0xf985dc17) auipc   s8, 0xf985d
core   0: 3 0x800017a8 (0xf985dc17) x24 0x7985e7a8
core   0: 0x800017ac (0x5f778c17) auipc   s8, 0x5f778
core   0: 3 0x800017ac (0x5f778c17) x24 0xdf7797ac
core   0: 0x800017b0 (0x038fb2b3) mulhu   t0, t6, s8
core   0: 3 0x800017b0 (0x038fb2b3) x 5 0x000001f4
core   0: 0x800017b4 (0x00dda0b3) slt     ra, s11, a3
core   0: 3 0x800017b4 (0x00dda0b3) x 1 0x00000000
core   0: 0x800017b8 (0x031cba33) mulhu   s4, s9, a7
core   0: 3 0x800017b8 (0x031cba33) x20 0x00000000
core   0: 0x800017bc (0x032a2033) mulhsu  zero, s4, s2
core   0: 3 0x800017bc (0x032a2033)
core   0: 0x800017c0 (0x01df0533) add     a0, t5, t4
core   0: 3 0x800017c0 (0x01df0533) x10 0x7d04fce4
core   0: 0x800017c4 (0x602c2613) slti    a2, s8, 1538
core   0: 3 0x800017c4 (0x602c2613) x12 0x00000001
core   0: 0x800017c8 (0x029756b3) divu    a3, a4, s1
core   0: 3 0x800017c8 (0x029756b3) x13 0x00000000
core   0: 0x800017cc (0x038cbfb3) mulhu   t6, s9, s8
core   0: 3 0x800017cc (0x038cbfb3) x31 0x00000006
core   0: 0x800017d0 (0x52a47093) andi    ra, s0, 1322
core   0: 3 0x800017d0 (0x52a47093) x 1 0x00000000
core   0: 0x800017d4 (0x0107d713) srli    a4, a5, 16
core   0: 3 0x800017d4 (0x0107d713) x14 0x0000ffff
core   0: 0x800017d8 (0x00ffa133) slt     sp, t6, a5
core   0: 3 0x800017d8 (0x00ffa133) x 2 0x00000000
core   0: 0x800017dc (0x0253adb3) mulhsu  s11, t2, t0
core   0: 3 0x800017dc (0x0253adb3) x27 0x000000f9
core   0: 0x800017e0 (0x02613533) mulhu   a0, sp, t1
core   0: 3 0x800017e0 (0x02613533) x10 0x00000000
core   0: 0x800017e4 (0x03c9b013) sltiu   zero, s3, 60
core   0: 3 0x800017e4 (0x03c9b013)
core   0: 0x800017e8 (0x02c60bb3) mul     s7, a2, a2
core   0: 3 0x800017e8 (0x02c60bb3) x23 0x00000001
core   0: 0x800017ec (0x022c88b3) mul     a7, s9, sp
core   0: 3 0x800017ec (0x022c88b3) x17 0x00000000
core   0: 0x800017f0 (0x3a6cc213) xori    tp, s9, 934
core   0: 3 0x800017f0 (0x3a6cc213) x 4 0x000003ae
core   0: 0x800017f4 (0x0079fbb3) and     s7, s3, t2
core   0: 3 0x800017f4 (0x0079fbb3) x23 0x00004400
core   0: 0x800017f8 (0x3d9c4597) auipc   a1, 0x3d9c4
core   0: 3 0x800017f8 (0x3d9c4597) x11 0xbd9c57f8
core   0: 0x800017fc (0x3ca32193) slti    gp, t1, 970
core   0: 3 0x800017fc (0x3ca32193) x 3 0x00000001
core   0: 0x80001800 (0xd6adc093) xori    ra, s11, -662
core   0: 3 0x80001800 (0xd6adc093) x 1 0xfffffd93
core   0: 0x80001804 (0x01ad9713) slli    a4, s11, 26
core   0: 3 0x80001804 (0x01ad9713) x14 0xe4000000
core   0: 0x80001808 (0x00ea9213) slli    tp, s5, 14
core   0: 3 0x80001808 (0x00ea9213) x 4 0x9d4bc000
core   0: 0x8000180c (0x00a9d813) srli    a6, s3, 10
core   0: 3 0x8000180c (0x00a9d813) x16 0x00200053
core   0: 0x80001810 (0x14bd5937) lui     s2, 0x14bd5
core   0: 3 0x80001810 (0x14bd5937) x18 0x14bd5000
core   0: 0x80001814 (0x75d36393) ori     t2, t1, 1885
core   0: 3 0x80001814 (0x75d36393) x 7 0x0000075d
core   0: 0x80001818 (0x1ac46f93) ori     t6, s0, 428
core   0: 3 0x80001818 (0x1ac46f93) x31 0x519ae1ac
core   0: 0x8000181c (0x7d53f037) lui     zero, 0x7d53f
core   0: 3 0x8000181c (0x7d53f037)
core   0: 0x80001820 (0x00b5d513) srli    a0, a1, 11
core   0: 3 0x80001820 (0x00b5d513) x10 0x0017b38a
core   0: 0x80001824 (0x01382533) slt     a0, a6, s3
core   0: 3 0x80001824 (0x01382533) x10 0x00000000
core   0: 0x80001828 (0x03caeab3) rem     s5, s5, t3
core   0: 3 0x80001828 (0x03caeab3) x21 0x7ffe752f
core   0: 0x8000182c (0x514b0b93) addi    s7, s6, 1300
core   0: 3 0x8000182c (0x514b0b93) x23 0x94018514
core   0: 0x80001830 (0x01c0c7b3) xor     a5, ra, t3
core   0: 3 0x80001830 (0x01c0c7b3) x15 0xfffffd93
core   0: 0x80001834 (0x014452b3) srl     t0, s0, s4
core   0: 3 0x80001834 (0x014452b3) x 5 0x519ae000
core   0: 0x80001838 (0x0204f633) remu    a2, s1, zero
core   0: 3 0x80001838 (0x0204f633) x12 0x0001ffff
core   0: 0x8000183c (0x029c7a33) remu    s4, s8, s1
core   0: 3 0x8000183c (0x029c7a33) x20 0x00000768
core   0: 0x80001840 (0x2643a513) slti    a0, t2, 612
core   0: 3 0x80001840 (0x2643a513) x10 0x00000000
core   0: 0x80001844 (0x021164b3) rem     s1, sp, ra
core   0: 3 0x80001844 (0x021164b3) x 9 0x00000000
core   0: 0x80001848 (0x001dd013) srli    zero, s11, 1
core   0: 3 0x80001848 (0x001dd013)
core   0: 0x8000184c (0x024ef433) remu    s0, t4, tp
core   0: 3 0x8000184c (0x024ef433) x 8 0x5fb7b000
core   0: 0x80001850 (0x40145713) srai    a4, s0, 1
core   0: 3 0x80001850 (0x40145713) x14 0x2fdbd800
core   0: 0x80001854 (0x77c58c93) addi    s9, a1, 1916
core   0: 3 0x80001854 (0x77c58c93) x25 0xbd9c5f74
core   0: 0x80001858 (0x014628b3) slt     a7, a2, s4
core   0: 3 0x80001858 (0x014628b3) x17 0x00000000
core   0: 0x8000185c (0x2eff7c13) andi    s8, t5, 751
core   0: 3 0x8000185c (0x2eff7c13) x24 0x000000e4
core   0: 0x80001860 (0x93740793) addi    a5, s0, -1737
core   0: 3 0x80001860 (0x93740793) x15 0x5fb7a937
core   0: 0x80001864 (0xa4bf7893) andi    a7, t5, -1461
core   0: 3 0x80001864 (0xa4bf7893) x17 0x80018840
core   0: 0x80001868 (0x40ea0433) sub     s0, s4, a4
core   0: 3 0x80001868 (0x40ea0433) x 8 0xd0242f68
core   0: 0x8000186c (0x03f71a33) mulh    s4, a4, t6
core   0: 3 0x8000186c (0x03f71a33) x20 0x0f4183c8
core   0: 0x80001870 (0x005f6fb3) or      t6, t5, t0
core   0: 3 0x80001870 (0x005f6fb3) x31 0xd19bece4
core   0: 0x80001874 (0x011fd713) srli    a4, t6, 17
core   0: 3 0x80001874 (0x011fd713) x14 0x000068cd
core   0: 0x80001878 (0x02984433) div     s0, a6, s1
core   0: 3 0x80001878 (0x02984433) x 8 0xffffffff
core   0: 0x8000187c (0x01f41633) sll     a2, s0, t6
core   0: 3 0x8000187c (0x01f41633) x12 0xfffffff0
core   0: 0x80001880 (0x01eeb3b3) sltu    t2, t4, t5
core   0: 3 0x80001880 (0x01eeb3b3) x 7 0x00000000
core   0: 0x80001884 (0xef2eab93) slti    s7, t4, -270
core   0: 3 0x80001884 (0xef2eab93) x23 0x00000001
core   0: 0x80001888 (0xd90cfb13) andi    s6, s9, -624
core   0: 3 0x80001888 (0xd90cfb13) x22 0xbd9c5d10
core   0: 0x8000188c (0x03b0ea33) rem     s4, ra, s11
core   0: 3 0x8000188c (0x03b0ea33) x20 0xffffff85
core   0: 0x80001890 (0x001e7933) and     s2, t3, ra
core   0: 3 0x80001890 (0x001e7933) x18 0x00000000
core   0: 0x80001894 (0x0389cc33) div     s8, s3, s8
core   0: 3 0x80001894 (0x0389cc33) x24 0xff704954
core   0: 0x80001898 (0x35132817) auipc   a6, 0x35132
core   0: 3 0x80001898 (0x35132817) x16 0xb5133898
core   0: 0x8000189c (0x01e453b3) srl     t2, s0, t5
core   0: 3 0x8000189c (0x01e453b3) x 7 0x0fffffff
core   0: 0x800018a0 (0x9519e593) ori     a1, s3, -1711
core   0: 3 0x800018a0 (0x9519e593) x11 0xffffff75
core   0: 0x800018a4 (0xabc2ab13) slti    s6, t0, -1348
core   0: 3 0x800018a4 (0xabc2ab13) x22 0x00000000
core   0: 0x800018a8 (0x2190ed93) ori     s11, ra, 537
core   0: 3 0x800018a8 (0x2190ed93) x27 0xffffff9b
core   0: 0x800018ac (0x6f3b7813) andi    a6, s6, 1779
core   0: 3 0x800018ac (0x6f3b7813) x16 0x00000000
core   0: 0x800018b0 (0x00a65c33) srl     s8, a2, a0
core   0: 3 0x800018b0 (0x00a65c33) x24 0xfffffff0
core   0: 0x800018b4 (0x01b79e33) sll     t3, a5, s11
core   0: 3 0x800018b4 (0x01b79e33) x28 0xb8000000
core   0: 0x800018b8 (0x02e1b333) mulhu   t1, gp, a4
core   0: 3 0x800018b8 (0x02e1b333) x 6 0x00000000
core   0: 0x800018bc (0x028a54b3) divu    s1, s4, s0
core   0: 3 0x800018bc (0x028a54b3) x 9 0x00000000
core   0: 0x800018c0 (0x001612b3) sll     t0, a2, ra
core   0: 3 0x800018c0 (0x001612b3) x 5 0xff800000
core   0: 0x800018c4 (0x8efb6c13) ori     s8, s6, -1809
core   0: 3 0x800018c4 (0x8efb6c13) x24 0xfffff8ef
core   0: 0x800018c8 (0x01008933) add     s2, ra, a6
core   0: 3 0x800018c8 (0x01008933) x18 0xfffffd93
core   0: 0x800018cc (0x84676113) ori     sp, a4, -1978
core   0: 3 0x800018cc (0x84676113) x 2 0xfffff8cf
core   0: 0x800018d0 (0x02144e33) div     t3, s0, ra
core   0: 3 0x800018d0 (0x02144e33) x28 0x00000000
core   0: 0x800018d4 (0x03836ab3) rem     s5, t1, s8
core   0: 3 0x800018d4 (0x03836ab3) x21 0x00000000
core   0: 0x800018d8 (0xaaad7113) andi    sp, s10, -1366
core   0: 3 0x800018d8 (0xaaad7113) x 2 0x80000000
core   0: 0x800018dc (0x009ed513) srli    a0, t4, 9
core   0: 3 0x800018dc (0x009ed513) x10 0x007e81b8
core   0: 0x800018e0 (0x0619c113) xori    sp, s3, 97
core   0: 3 0x800018e0 (0x0619c113) x 2 0x80014e05
core   0: 0x800018e4 (0xc5b9ab13) slti    s6, s3, -933
core   0: 3 0x800018e4 (0xc5b9ab13) x22 0x00000001
core   0: 0x800018e8 (0x02e5d2b3) divu    t0, a1, a4
core   0: 3 0x800018e8 (0x02e5d2b3) x 5 0x00027156
core   0: 0x800018ec (0x02367a33) remu    s4, a2, gp
core   0: 3 0x800018ec (0x02367a33) x20 0x00000000
core   0: 0x800018f0 (0x496c3b13) sltiu   s6, s8, 1174
core   0: 3 0x800018f0 (0x496c3b13) x22 0x00000000
core   0: 0x800018f4 (0x1c09a097) auipc   ra, 0x1c09a
core   0: 3 0x800018f4 (0x1c09a097) x 1 0x9c09b8f4
core   0: 0x800018f8 (0x03b4dab3) divu    s5, s1, s11
core   0: 3 0x800018f8 (0x03b4dab3) x21 0x00000000
core   0: 0x800018fc (0x03a4fdb3) remu    s11, s1, s10
core   0: 3 0x800018fc (0x03a4fdb3) x27 0x00000000
core   0: 0x80001900 (0x01c32633) slt     a2, t1, t3
core   0: 3 0x80001900 (0x01c32633) x12 0x00000000
core   0: 0x80001904 (0x6aa956b7) lui     a3, 0x6aa95
core   0: 3 0x80001904 (0x6aa956b7) x13 0x6aa95000
core   0: 0x80001908 (0x659b0b93) addi    s7, s6, 1625
core   0: 3 0x80001908 (0x659b0b93) x23 0x00000659
core   0: 0x8000190c (0x021334b3) mulhu   s1, t1, ra
core   0: 3 0x8000190c (0x021334b3) x 9 0x00000000
core   0: 0x80001910 (0x41e58ab3) sub     s5, a1, t5
core   0: 3 0x80001910 (0x41e58ab3) x21 0x7ffe7291
core   0: 0x80001914 (0x0082e233) or      tp, t0, s0
core   0: 3 0x80001914 (0x0082e233) x 4 0xffffffff
core   0: 0x80001918 (0x006903b3) add     t2, s2, t1
core   0: 3 0x80001918 (0x006903b3) x 7 0xfffffd93
core   0: 0x8000191c (0x4008db33) sra     s6, a7, zero
core   0: 3 0x8000191c (0x4008db33) x22 0x80018840
core   0: 0x80001920 (0xd86f2813) slti    a6, t5, -634
core   0: 3 0x80001920 (0xd86f2813) x16 0x00000001
core   0: 0x80001924 (0x01ac9793) slli    a5, s9, 26
core   0: 3 0x80001924 (0x01ac9793) x15 0xd0000000
core   0: 0x80001928 (0x037ff4b3) remu    s1, t6, s7
core   0: 3 0x80001928 (0x037ff4b3) x 9 0x00000364
core   0: 0x8000192c (0x8e9e4c13) xori    s8, t3, -1815
core   0: 3 0x8000192c (0x8e9e4c13) x24 0xfffff8e9
core   0: 0x80001930 (0x12f2cd93) xori    s11, t0, 303
core   0: 3 0x80001930 (0x12f2cd93) x27 0x00027079
core   0: 0x80001934 (0x00000013) nop
core   0: 3 0x80001934 (0x00000013)
core   0: 0x80001938 (0x03e2d333) divu    t1, t0, t5
core   0: 3 0x80001938 (0x03e2d333) x 6 0x00000000
core   0: 0x8000193c (0x36a2c393) xori    t2, t0, 874
core   0: 3 0x8000193c (0x36a2c393) x 7 0x0002723c
core   0: 0x80001940 (0x413b0133) sub     sp, s6, s3
core   0: 3 0x80001940 (0x413b0133) x 2 0x000039dc
core   0: 0x80001944 (0x92926b93) ori     s7, tp, -1751
core   0: 3 0x80001944 (0x92926b93) x23 0xffffffff
core   0: 0x80001948 (0x02ecb533) mulhu   a0, s9, a4
core   0: 3 0x80001948 (0x02ecb533) x10 0x00004d9f
core   0: 0x8000194c (0x02f9fcb3) remu    s9, s3, a5
core   0: 3 0x8000194c (0x02f9fcb3) x25 0x80014e64
core   0: 0x80001950 (0x0160d393) srli    t2, ra, 22
core   0: 3 0x80001950 (0x0160d393) x 7 0x00000270
core   0: 0x80001954 (0x03bd8eb3) mul     t4, s11, s11
core   0: 3 0x80001954 (0x03bd8eb3) x29 0xf34e1931
core   0: 0x80001958 (0x00000013) nop
core   0: 3 0x80001958 (0x00000013)
core   0: 0x8000195c (0x02f8bc33) mulhu   s8, a7, a5
core   0: 3 0x8000195c (0x02f8bc33) x24 0x68013eb4
core   0: 0x80001960 (0x014820b3) slt     ra, a6, s4
core   0: 3 0x80001960 (0x014820b3) x 1 0x00000000
core   0: 0x80001964 (0x0036da13) srli    s4, a3, 3
core   0: 3 0x80001964 (0x0036da13) x20 0x0d552a00
core   0: 0x80001968 (0x027d88b3) mul     a7, s11, t2
core   0: 3 0x80001968 (0x027d88b3) x17 0x05f226f0
core   0: 0x8000196c (0x027323b3) mulhsu  t2, t1, t2
core   0: 3 0x8000196c (0x027323b3) x 7 0x00000000
core   0: 0x80001970 (0xd4ea3e93) sltiu   t4, s4, -690
core   0: 3 0x80001970 (0xd4ea3e93) x29 0x00000001
core   0: 0x80001974 (0x41af0033) sub     zero, t5, s10
core   0: 3 0x80001974 (0x41af0033)
core   0: 0x80001978 (0x015d9693) slli    a3, s11, 21
core   0: 3 0x80001978 (0x015d9693) x13 0x0f200000
core   0: 0x8000197c (0x01267033) and     zero, a2, s2
core   0: 3 0x8000197c (0x01267033)
core   0: 0x80001980 (0x952ab493) sltiu   s1, s5, -1710
core   0: 3 0x80001980 (0x952ab493) x 9 0x00000001
core   0: 0x80001984 (0x03622db3) mulhsu  s11, tp, s6
core   0: 3 0x80001984 (0x03622db3) x27 0xffffffff
core   0: 0x80001988 (0x40ddd333) sra     t1, s11, a3
core   0: 3 0x80001988 (0x40ddd333) x 6 0xffffffff
core   0: 0x8000198c (0xa97171b7) lui     gp, 0xa9717
core   0: 3 0x8000198c (0xa97171b7) x 3 0xa9717000
core   0: 0x80001990 (0x7c41fa93) andi    s5, gp, 1988
core   0: 3 0x80001990 (0x7c41fa93) x21 0x00000000
core   0: 0x80001994 (0x020cc0b3) div     ra, s9, zero
core   0: 3 0x80001994 (0x020cc0b3) x 1 0xffffffff
core   0: 0x80001998 (0x00350633) add     a2, a0, gp
core   0: 3 0x80001998 (0x00350633) x12 0xa971bd9f
core   0: 0x8000199c (0x02c77e33) remu    t3, a4, a2
core   0: 3 0x8000199c (0x02c77e33) x28 0x000068cd
core   0: 0x800019a0 (0x4192d593) srai    a1, t0, 25
core   0: 3 0x800019a0 (0x4192d593) x11 0x00000000
core   0: 0x800019a4 (0x988dffb7) lui     t6, 0x988df
core   0: 3 0x800019a4 (0x988dffb7) x31 0x988df000
core   0: 0x800019a8 (0x402c03b3) sub     t2, s8, sp
core   0: 3 0x800019a8 (0x402c03b3) x 7 0x680104d8
core   0: 0x800019ac (0x01698cb3) add     s9, s3, s6
core   0: 3 0x800019ac (0x01698cb3) x25 0x0002d6a4
core   0: 0x800019b0 (0x03cf74b3) remu    s1, t5, t3
core   0: 3 0x800019b0 (0x03cf74b3) x 9 0x000010c1
core   0: 0x800019b4 (0xe7e26513) ori     a0, tp, -386
core   0: 3 0x800019b4 (0xe7e26513) x10 0xffffffff
core   0: 0x800019b8 (0x410b5a33) sra     s4, s6, a6
core   0: 3 0x800019b8 (0x410b5a33) x20 0xc000c420
core   0: 0x800019bc (0x30c2f713) andi    a4, t0, 780
core   0: 3 0x800019bc (0x30c2f713) x14 0x00000104
core   0: 0x800019c0 (0x02622733) mulhsu  a4, tp, t1
core   0: 3 0x800019c0 (0x02622733) x14 0xffffffff
core   0: 0x800019c4 (0x03986bb3) rem     s7, a6, s9
core   0: 3 0x800019c4 (0x03986bb3) x23 0x00000001
core   0: 0x800019c8 (0x00809a13) slli    s4, ra, 8
core   0: 3 0x800019c8 (0x00809a13) x20 0xffffff00
core   0: 0x800019cc (0x0035b1b3) sltu    gp, a1, gp
core   0: 3 0x800019cc (0x0035b1b3) x 3 0x00000001
core   0: 0x800019d0 (0x001b8a33) add     s4, s7, ra
core   0: 3 0x800019d0 (0x001b8a33) x20 0x00000000
core   0: 0x800019d4 (0x0050f2b3) and     t0, ra, t0
core   0: 3 0x800019d4 (0x0050f2b3) x 5 0x00027156
core   0: 0x800019d8 (0x60868e37) lui     t3, 0x60868
core   0: 3 0x800019d8 (0x60868e37) x28 0x60868000
core   0: 0x800019dc (0x41d4d613) srai    a2, s1, 29
core   0: 3 0x800019dc (0x41d4d613) x12 0x00000000
core   0: 0x800019e0 (0x0326a133) mulhsu  sp, a3, s2
core   0: 3 0x800019e0 (0x0326a133) x 2 0x0f1fffdb
core   0: 0x800019e4 (0xd7a9bf93) sltiu   t6, s3, -646
core   0: 3 0x800019e4 (0xd7a9bf93) x31 0x00000001
core   0: 0x800019e8 (0x009f6cb3) or      s9, t5, s1
core   0: 3 0x800019e8 (0x009f6cb3) x25 0x80019ce5
core   0: 0x800019ec (0x41368733) sub     a4, a3, s3
core   0: 3 0x800019ec (0x41368733) x14 0x8f1eb19c
core   0: 0x800019f0 (0x00023433) sltu    s0, tp, zero
core   0: 3 0x800019f0 (0x00023433) x 8 0x00000000
core   0: 0x800019f4 (0x03c8a433) mulhsu  s0, a7, t3
core   0: 3 0x800019f4 (0x03c8a433) x 8 0x023dee53
core   0: 0x800019f8 (0x40908c33) sub     s8, ra, s1
core   0: 3 0x800019f8 (0x40908c33) x24 0xffffef3e
core   0: 0x800019fc (0x03fa1433) mulh    s0, s4, t6
core   0: 3 0x800019fc (0x03fa1433) x 8 0x00000000
core   0: 0x80001a00 (0x00ffc633) xor     a2, t6, a5
core   0: 3 0x80001a00 (0x00ffc633) x12 0xd0000001
core   0: 0x80001a04 (0xcc7e6c13) ori     s8, t3, -825
core   0: 3 0x80001a04 (0xcc7e6c13) x24 0xfffffcc7
core   0: 0x80001a08 (0x019151b3) srl     gp, sp, s9
core   0: 3 0x80001a08 (0x019151b3) x 3 0x0078fffe
core   0: 0x80001a0c (0x01e3e933) or      s2, t2, t5
core   0: 3 0x80001a0c (0x01e3e933) x18 0xe8018cfc
core   0: 0x80001a10 (0x01d8a733) slt     a4, a7, t4
core   0: 3 0x80001a10 (0x01d8a733) x14 0x00000000
core   0: 0x80001a14 (0x02619033) mulh    zero, gp, t1
core   0: 3 0x80001a14 (0x02619033)
core   0: 0x80001a18 (0x00519733) sll     a4, gp, t0
core   0: 3 0x80001a18 (0x00519733) x14 0xff800000
core   0: 0x80001a1c (0x03afd5b3) divu    a1, t6, s10
core   0: 3 0x80001a1c (0x03afd5b3) x11 0x00000000
core   0: 0x80001a20 (0x0016bfb3) sltu    t6, a3, ra
core   0: 3 0x80001a20 (0x0016bfb3) x31 0x00000001
core   0: 0x80001a24 (0x020125b3) mulhsu  a1, sp, zero
core   0: 3 0x80001a24 (0x020125b3) x11 0x00000000
core   0: 0x80001a28 (0x00530cb3) add     s9, t1, t0
core   0: 3 0x80001a28 (0x00530cb3) x25 0x00027155
core   0: 0x80001a2c (0x00943633) sltu    a2, s0, s1
core   0: 3 0x80001a2c (0x00943633) x12 0x00000001
core   0: 0x80001a30 (0xbc554693) xori    a3, a0, -1083
core   0: 3 0x80001a30 (0xbc554693) x13 0x0000043a
core   0: 0x80001a34 (0x40a65c93) srai    s9, a2, 10
core   0: 3 0x80001a34 (0x40a65c93) x25 0x00000000
core   0: 0x80001a38 (0x02c4e4b3) rem     s1, s1, a2
core   0: 3 0x80001a38 (0x02c4e4b3) x 9 0x00000000
core   0: 0x80001a3c (0x011ab2b3) sltu    t0, s5, a7
core   0: 3 0x80001a3c (0x011ab2b3) x 5 0x00000001
core   0: 0x80001a40 (0x2e55bd93) sltiu   s11, a1, 741
core   0: 3 0x80001a40 (0x2e55bd93) x27 0x00000001
core   0: 0x80001a44 (0x01d4fb33) and     s6, s1, t4
core   0: 3 0x80001a44 (0x01d4fb33) x22 0x00000000
core   0: 0x80001a48 (0x412607b3) sub     a5, a2, s2
core   0: 3 0x80001a48 (0x412607b3) x15 0x17fe7305
core   0: 0x80001a4c (0x144b2293) slti    t0, s6, 324
core   0: 3 0x80001a4c (0x144b2293) x 5 0x00000001
core   0: 0x80001a50 (0x00e5eeb3) or      t4, a1, a4
core   0: 3 0x80001a50 (0x00e5eeb3) x29 0xff800000
core   0: 0x80001a54 (0xd7b6fd93) andi    s11, a3, -645
core   0: 3 0x80001a54 (0xd7b6fd93) x27 0x0000043a
core   0: 0x80001a58 (0x00e49093) slli    ra, s1, 14
core   0: 3 0x80001a58 (0x00e49093) x 1 0x00000000
core   0: 0x80001a5c (0x0214b0b3) mulhu   ra, s1, ra
core   0: 3 0x80001a5c (0x0214b0b3) x 1 0x00000000
core   0: 0x80001a60 (0x020152b3) divu    t0, sp, zero
core   0: 3 0x80001a60 (0x020152b3) x 5 0xffffffff
core   0: 0x80001a64 (0x00e55e33) srl     t3, a0, a4
core   0: 3 0x80001a64 (0x00e55e33) x28 0xffffffff
core   0: 0x80001a68 (0x03cc8433) mul     s0, s9, t3
core   0: 3 0x80001a68 (0x03cc8433) x 8 0x00000000
core   0: 0x80001a6c (0x001b3433) sltu    s0, s6, ra
core   0: 3 0x80001a6c (0x001b3433) x 8 0x00000000
core   0: 0x80001a70 (0x2ac4c093) xori    ra, s1, 684
core   0: 3 0x80001a70 (0x2ac4c093) x 1 0x000002ac
core   0: 0x80001a74 (0x007e1a93) slli    s5, t3, 7
core   0: 3 0x80001a74 (0x007e1a93) x21 0xffffff80
core   0: 0x80001a78 (0x012c10b3) sll     ra, s8, s2
core   0: 3 0x80001a78 (0x012c10b3) x 1 0x70000000
core   0: 0x80001a7c (0x02b23db3) mulhu   s11, tp, a1
core   0: 3 0x80001a7c (0x02b23db3) x27 0x00000000
core   0: 0x80001a80 (0x01fca1b3) slt     gp, s9, t6
core   0: 3 0x80001a80 (0x01fca1b3) x 3 0x00000001
core   0: 0x80001a84 (0x40770b33) sub     s6, a4, t2
core   0: 3 0x80001a84 (0x40770b33) x22 0x977efb28
core   0: 0x80001a88 (0x0071b333) sltu    t1, gp, t2
core   0: 3 0x80001a88 (0x0071b333) x 6 0x00000001
core   0: 0x80001a8c (0x01659a93) slli    s5, a1, 22
core   0: 3 0x80001a8c (0x01659a93) x21 0x00000000
core   0: 0x80001a90 (0x0230dfb3) divu    t6, ra, gp
core   0: 3 0x80001a90 (0x0230dfb3) x31 0x70000000
core   0: 0x80001a94 (0x41cdd893) srai    a7, s11, 28
core   0: 3 0x80001a94 (0x41cdd893) x17 0x00000000
core   0: 0x80001a98 (0x01123ab3) sltu    s5, tp, a7
core   0: 3 0x80001a98 (0x01123ab3) x21 0x00000000
core   0: 0x80001a9c (0x00ea5913) srli    s2, s4, 14
core   0: 3 0x80001a9c (0x00ea5913) x18 0x00000000
core   0: 0x80001aa0 (0x000cd6b3) srl     a3, s9, zero
core   0: 3 0x80001aa0 (0x000cd6b3) x13 0x00000000
core   0: 0x80001aa4 (0xb2cbce93) xori    t4, s7, -1236
core   0: 3 0x80001aa4 (0xb2cbce93) x29 0xfffffb2d
core   0: 0x80001aa8 (0x005e61b3) or      gp, t3, t0
core   0: 3 0x80001aa8 (0x005e61b3) x 3 0xffffffff
core   0: 0x80001aac (0x0005d513) srli    a0, a1, 0
core   0: 3 0x80001aac (0x0005d513) x10 0x00000000
core   0: 0x80001ab0 (0x02b7ed93) ori     s11, a5, 43
core   0: 3 0x80001ab0 (0x02b7ed93) x27 0x17fe732f
core   0: 0x80001ab4 (0x4361f293) andi    t0, gp, 1078
core   0: 3 0x80001ab4 (0x4361f293) x 5 0x00000436
core   0: 0x80001ab8 (0x00c09b93) slli    s7, ra, 12
core   0: 3 0x80001ab8 (0x00c09b93) x23 0x00000000
core   0: 0x80001abc (0x0122ea33) or      s4, t0, s2
core   0: 3 0x80001abc (0x0122ea33) x20 0x00000436
core   0: 0x80001ac0 (0x02845e33) divu    t3, s0, s0
core   0: 3 0x80001ac0 (0x02845e33) x28 0xffffffff
core   0: 0x80001ac4 (0x028c11b3) mulh    gp, s8, s0
core   0: 3 0x80001ac4 (0x028c11b3) x 3 0x00000000
core   0: 0x80001ac8 (0x419758b3) sra     a7, a4, s9
core   0: 3 0x80001ac8 (0x419758b3) x17 0xff800000
core   0: 0x80001acc (0x410fd213) srai    tp, t6, 16
core   0: 3 0x80001acc (0x410fd213) x 4 0x00007000
core   0: 0x80001ad0 (0x31e2b713) sltiu   a4, t0, 798
core   0: 3 0x80001ad0 (0x31e2b713) x14 0x00000000
core   0: 0x80001ad4 (0x6efb7693) andi    a3, s6, 1775
core   0: 3 0x80001ad4 (0x6efb7693) x13 0x00000228
core   0: 0x80001ad8 (0x4006da13) srai    s4, a3, 0
core   0: 3 0x80001ad8 (0x4006da13) x20 0x00000228
core   0: 0x80001adc (0x03564033) div     zero, a2, s5
core   0: 3 0x80001adc (0x03564033)
core   0: 0x80001ae0 (0xda14ea13) ori     s4, s1, -607
core   0: 3 0x80001ae0 (0xda14ea13) x20 0xfffffda1
core   0: 0x80001ae4 (0x00000013) nop
core   0: 3 0x80001ae4 (0x00000013)
core   0: 0x80001ae8 (0x02422933) mulhsu  s2, tp, tp
core   0: 3 0x80001ae8 (0x02422933) x18 0x00000000
core   0: 0x80001aec (0x01d79e93) slli    t4, a5, 29
core   0: 3 0x80001aec (0x01d79e93) x29 0xa0000000
core   0: 0x80001af0 (0x01797833) and     a6, s2, s7
core   0: 3 0x80001af0 (0x01797833) x16 0x00000000
core   0: 0x80001af4 (0x025338b3) mulhu   a7, t1, t0
core   0: 3 0x80001af4 (0x025338b3) x17 0x00000000
core   0: 0x80001af8 (0x02a87533) remu    a0, a6, a0
core   0: 3 0x80001af8 (0x02a87533) x10 0x00000000
core   0: 0x80001afc (0x021da133) mulhsu  sp, s11, ra
core   0: 3 0x80001afc (0x021da133) x 2 0x0a7f5264
core   0: 0x80001b00 (0x0267a533) mulhsu  a0, a5, t1
core   0: 3 0x80001b00 (0x0267a533) x10 0x00000000
core   0: 0x80001b04 (0x40c382b3) sub     t0, t2, a2
core   0: 3 0x80001b04 (0x40c382b3) x 5 0x680104d7
core   0: 0x80001b08 (0x013fc1b3) xor     gp, t6, s3
core   0: 3 0x80001b08 (0x013fc1b3) x 3 0xf0014e64
core   0: 0x80001b0c (0x409ddeb3) sra     t4, s11, s1
core   0: 3 0x80001b0c (0x409ddeb3) x29 0x17fe732f
core   0: 0x80001b10 (0x017e95b3) sll     a1, t4, s7
core   0: 3 0x80001b10 (0x017e95b3) x11 0x17fe732f
core   0: 0x80001b14 (0x02fbe933) rem     s2, s7, a5
core   0: 3 0x80001b14 (0x02fbe933) x18 0x00000000
core   0: 0x80001b18 (0x03285533) divu    a0, a6, s2
core   0: 3 0x80001b18 (0x03285533) x10 0xffffffff
core   0: 0x80001b1c (0x3f13a713) slti    a4, t2, 1009
core   0: 3 0x80001b1c (0x3f13a713) x14 0x00000000
core   0: 0x80001b20 (0x01a90833) add     a6, s2, s10
core   0: 3 0x80001b20 (0x01a90833) x16 0x80000000
core   0: 0x80001b24 (0x554de493) ori     s1, s11, 1364
core   0: 3 0x80001b24 (0x554de493) x 9 0x17fe777f
core   0: 0x80001b28 (0x2f704f93) xori    t6, zero, 759
core   0: 3 0x80001b28 (0x2f704f93) x31 0x000002f7
core   0: 0x80001b2c (0x00b695b3) sll     a1, a3, a1
core   0: 3 0x80001b2c (0x00b695b3) x11 0x01140000
core   0: 0x80001b30 (0x01feb433) sltu    s0, t4, t6
core   0: 3 0x80001b30 (0x01feb433) x 8 0x00000000
core   0: 0x80001b34 (0x4122dcb3) sra     s9, t0, s2
core   0: 3 0x80001b34 (0x4122dcb3) x25 0x680104d7
core   0: 0x80001b38 (0x030f38b3) mulhu   a7, t5, a6
core   0: 3 0x80001b38 (0x030f38b3) x17 0x4000c672
core   0: 0x80001b3c (0x465934b7) lui     s1, 0x46593
core   0: 3 0x80001b3c (0x465934b7) x 9 0x46593000
core   0: 0x80001b40 (0x01d8d013) srli    zero, a7, 29
core   0: 3 0x80001b40 (0x01d8d013)
core   0: 0x80001b44 (0x0028e433) or      s0, a7, sp
core   0: 3 0x80001b44 (0x0028e433) x 8 0x4a7fd676
core   0: 0x80001b48 (0x03708eb3) mul     t4, ra, s7
core   0: 3 0x80001b48 (0x03708eb3) x29 0x00000000
core   0: 0x80001b4c (0x00ed9813) slli    a6, s11, 14
core   0: 3 0x80001b4c (0x00ed9813) x16 0x9ccbc000
core   0: 0x80001b50 (0x032af3b3) remu    t2, s5, s2
core   0: 3 0x80001b50 (0x032af3b3) x 7 0x00000000
core   0: 0x80001b54 (0x004153b3) srl     t2, sp, tp
core   0: 3 0x80001b54 (0x004153b3) x 7 0x0a7f5264
core   0: 0x80001b58 (0x00c89b13) slli    s6, a7, 12
core   0: 3 0x80001b58 (0x00c89b13) x22 0x0c672000
core   0: 0x80001b5c (0xbbc5c613) xori    a2, a1, -1092
core   0: 3 0x80001b5c (0xbbc5c613) x12 0xfeebfbbc
core   0: 0x80001b60 (0x416000b3) sub     ra, zero, s6
core   0: 3 0x80001b60 (0x416000b3) x 1 0xf398e000
core   0: 0x80001b64 (0x26ac9a97) auipc   s5, 0x26ac9
core   0: 3 0x80001b64 (0x26ac9a97) x21 0xa6acab64
core   0: 0x80001b68 (0x015e1a93) slli    s5, t3, 21
core   0: 3 0x80001b68 (0x015e1a93) x21 0xffe00000
core   0: 0x80001b6c (0x40c28e33) sub     t3, t0, a2
core   0: 3 0x80001b6c (0x40c28e33) x28 0x6915091b
core   0: 0x80001b70 (0x032fb233) mulhu   tp, t6, s2
core   0: 3 0x80001b70 (0x032fb233) x 4 0x00000000
core   0: 0x80001b74 (0xe3d92493) slti    s1, s2, -451
core   0: 3 0x80001b74 (0xe3d92493) x 9 0x00000000
core   0: 0x80001b78 (0x40f40a33) sub     s4, s0, a5
core   0: 3 0x80001b78 (0x40f40a33) x20 0x32816371
core   0: 0x80001b7c (0x4165db33) sra     s6, a1, s6
core   0: 3 0x80001b7c (0x4165db33) x22 0x01140000
core   0: 0x80001b80 (0x47bfa213) slti    tp, t6, 1147
core   0: 3 0x80001b80 (0x47bfa213) x 4 0x00000001
core   0: 0x80001b84 (0x01b55cb3) srl     s9, a0, s11
core   0: 3 0x80001b84 (0x01b55cb3) x25 0x0001ffff
core   0: 0x80001b88 (0x1c724d93) xori    s11, tp, 455
core   0: 3 0x80001b88 (0x1c724d93) x27 0x000001c6
core   0: 0x80001b8c (0x0eff3a37) lui     s4, 0xeff3
core   0: 3 0x80001b8c (0x0eff3a37) x20 0x0eff3000
core   0: 0x80001b90 (0x01e7cc33) xor     s8, a5, t5
core   0: 3 0x80001b90 (0x01e7cc33) x24 0x97ffffe1
core   0: 0x80001b94 (0x00141113) slli    sp, s0, 1
core   0: 3 0x80001b94 (0x00141113) x 2 0x94ffacec
core   0: 0x80001b98 (0x41c85a93) srai    s5, a6, 28
core   0: 3 0x80001b98 (0x41c85a93) x21 0xfffffff9
core   0: 0x80001b9c (0x988ffc13) andi    s8, t6, -1656
core   0: 3 0x80001b9c (0x988ffc13) x24 0x00000080
core   0: 0x80001ba0 (0xb36cbfb7) lui     t6, 0xb36cb
core   0: 3 0x80001ba0 (0xb36cbfb7) x31 0xb36cb000
core   0: 0x80001ba4 (0x021a0c33) mul     s8, s4, ra
core   0: 3 0x80001ba4 (0x021a0c33) x24 0xca000000
core   0: 0x80001ba8 (0x021928b3) mulhsu  a7, s2, ra
core   0: 3 0x80001ba8 (0x021928b3) x17 0x00000000
core   0: 0x80001bac (0x012ecbb3) xor     s7, t4, s2
core   0: 3 0x80001bac (0x012ecbb3) x23 0x00000000
core   0: 0x80001bb0 (0x0475b793) sltiu   a5, a1, 71
core   0: 3 0x80001bb0 (0x0475b793) x15 0x00000000
core   0: 0x80001bb4 (0x01f3db93) srli    s7, t2, 31
core   0: 3 0x80001bb4 (0x01f3db93) x23 0x00000000
core   0: 0x80001bb8 (0x40c85a33) sra     s4, a6, a2
core   0: 3 0x80001bb8 (0x40c85a33) x20 0xfffffff9
core   0: 0x80001bbc (0x00000013) nop
core   0: 3 0x80001bbc (0x00000013)
core   0: 0x80001bc0 (0x40bd8033) sub     zero, s11, a1
core   0: 3 0x80001bc0 (0x40bd8033)
core   0: 0x80001bc4 (0xddeb3093) sltiu   ra, s6, -546
core   0: 3 0x80001bc4 (0xddeb3093) x 1 0x00000001
core   0: 0x80001bc8 (0x00a9d793) srli    a5, s3, 10
core   0: 3 0x80001bc8 (0x00a9d793) x15 0x00200053
core   0: 0x80001bcc (0x02f3e5b3) rem     a1, t2, a5
core   0: 3 0x80001bcc (0x02f3e5b3) x11 0x001f377b
core   0: 0x80001bd0 (0x01cfbfb3) sltu    t6, t6, t3
core   0: 3 0x80001bd0 (0x01cfbfb3) x31 0x00000000
core   0: 0x80001bd4 (0x0060d593) srli    a1, ra, 6
core   0: 3 0x80001bd4 (0x0060d593) x11 0x00000000
core   0: 0x80001bd8 (0xae32a393) slti    t2, t0, -1309
core   0: 3 0x80001bd8 (0xae32a393) x 7 0x00000000
core   0: 0x80001bdc (0x542e0593) addi    a1, t3, 1346
core   0: 3 0x80001bdc (0x542e0593) x11 0x69150e5d
core   0: 0x80001be0 (0x00b228b3) slt     a7, tp, a1
core   0: 3 0x80001be0 (0x00b228b3) x17 0x00000001
core   0: 0x80001be4 (0x00000013) nop
core   0: 3 0x80001be4 (0x00000013)
core   0: 0x80001be8 (0x03fdebb3) rem     s7, s11, t6
core   0: 3 0x80001be8 (0x03fdebb3) x23 0x000001c6
core   0: 0x80001bec (0x1564aa13) slti    s4, s1, 342
core   0: 3 0x80001bec (0x1564aa13) x20 0x00000001
core   0: 0x80001bf0 (0x410e5ab3) sra     s5, t3, a6
core   0: 3 0x80001bf0 (0x410e5ab3) x21 0x6915091b
core   0: 0x80001bf4 (0x019194b3) sll     s1, gp, s9
core   0: 3 0x80001bf4 (0x019194b3) x 9 0x00000000
core   0: 0x80001bf8 (0x02fc0433) mul     s0, s8, a5
core   0: 3 0x80001bf8 (0x02fc0433) x 8 0x7e000000
core   0: 0x80001bfc (0x00c4cbb3) xor     s7, s1, a2
core   0: 3 0x80001bfc (0x00c4cbb3) x23 0xfeebfbbc
core   0: 0x80001c00 (0xa57a95b7) lui     a1, 0xa57a9
core   0: 3 0x80001c00 (0xa57a95b7) x11 0xa57a9000
core   0: 0x80001c04 (0x6458ec93) ori     s9, a7, 1605
core   0: 3 0x80001c04 (0x6458ec93) x25 0x00000645
core   0: 0x80001c08 (0x4031dc93) srai    s9, gp, 3
core   0: 3 0x80001c08 (0x4031dc93) x25 0xfe0029cc
core   0: 0x80001c0c (0x03266233) rem     tp, a2, s2
core   0: 3 0x80001c0c (0x03266233) x 4 0xfeebfbbc
core   0: 0x80001c10 (0x0371e4b3) rem     s1, gp, s7
core   0: 3 0x80001c10 (0x0371e4b3) x 9 0xff198a1c
core   0: 0x80001c14 (0x018a3fb3) sltu    t6, s4, s8
core   0: 3 0x80001c14 (0x018a3fb3) x31 0x00000001
core   0: 0x80001c18 (0x00293fb3) sltu    t6, s2, sp
core   0: 3 0x80001c18 (0x00293fb3) x31 0x00000001
core   0: 0x80001c1c (0xe8402e17) auipc   t3, 0xe8402
core   0: 3 0x80001c1c (0xe8402e17) x28 0x68403c1c
core   0: 0x80001c20 (0x03757cb3) remu    s9, a0, s7
core   0: 3 0x80001c20 (0x03757cb3) x25 0x01140443
core   0: 0x80001c24 (0xf3ad4293) xori    t0, s10, -198
core   0: 3 0x80001c24 (0xf3ad4293) x 5 0x7fffff3a
core   0: 0x80001c28 (0x02fd2533) mulhsu  a0, s10, a5
core   0: 3 0x80001c28 (0x02fd2533) x10 0xffefffd6
core   0: 0x80001c2c (0x00efecb3) or      s9, t6, a4
core   0: 3 0x80001c2c (0x00efecb3) x25 0x00000001
core   0: 0x80001c30 (0x024985b3) mul     a1, s3, tp
core   0: 3 0x80001c30 (0x024985b3) x11 0x769d9d70
core   0: 0x80001c34 (0x013f86b3) add     a3, t6, s3
core   0: 3 0x80001c34 (0x013f86b3) x13 0x80014e65
core   0: 0x80001c38 (0x9c753b13) sltiu   s6, a0, -1593
core   0: 3 0x80001c38 (0x9c753b13) x22 0x00000001
core   0: 0x80001c3c (0x65cfaf93) slti    t6, t6, 1628
core   0: 3 0x80001c3c (0x65cfaf93) x31 0x00000001
core   0: 0x80001c40 (0x012b10b3) sll     ra, s6, s2
core   0: 3 0x80001c40 (0x012b10b3) x 1 0x00000001
core   0: 0x80001c44 (0x018a9cb3) sll     s9, s5, s8
core   0: 3 0x80001c44 (0x018a9cb3) x25 0x6915091b
core   0: 0x80001c48 (0x40370333) sub     t1, a4, gp
core   0: 3 0x80001c48 (0x40370333) x 6 0x0ffeb19c
core   0: 0x80001c4c (0x03f9a4b3) mulhsu  s1, s3, t6
core   0: 3 0x80001c4c (0x03f9a4b3) x 9 0xffffffff
core   0: 0x80001c50 (0x0379c933) div     s2, s3, s7
core   0: 3 0x80001c50 (0x0379c933) x18 0x00000076
core   0: 0x80001c54 (0xea910397) auipc   t2, 0xea910
core   0: 3 0x80001c54 (0xea910397) x 7 0x6a911c54
core   0: 0x80001c58 (0x03833797) auipc   a5, 0x3833
core   0: 3 0x80001c58 (0x03833797) x15 0x83834c58
core   0: 0x80001c5c (0x03a8e3b3) rem     t2, a7, s10
core   0: 3 0x80001c5c (0x03a8e3b3) x 7 0x00000001
core   0: 0x80001c60 (0x01b59fb3) sll     t6, a1, s11
core   0: 3 0x80001c60 (0x01b59fb3) x31 0xa7675c00
core   0: 0x80001c64 (0x411a8cb3) sub     s9, s5, a7
core   0: 3 0x80001c64 (0x411a8cb3) x25 0x6915091a
core   0: 0x80001c68 (0x022afdb3) remu    s11, s5, sp
core   0: 3 0x80001c68 (0x022afdb3) x27 0x6915091b
core   0: 0x80001c6c (0xd54fe893) ori     a7, t6, -684
core   0: 3 0x80001c6c (0xd54fe893) x17 0xfffffd54
core   0: 0x80001c70 (0x0263a533) mulhsu  a0, t2, t1
core   0: 3 0x80001c70 (0x0263a533) x10 0x00000000
core   0: 0x80001c74 (0x0302ceb3) div     t4, t0, a6
core   0: 3 0x80001c74 (0x0302ceb3) x29 0xffffffff
core   0: 0x80001c78 (0x00bade93) srli    t4, s5, 11
core   0: 3 0x80001c78 (0x00bade93) x29 0x000d22a1
core   0: 0x80001c7c (0x010ac8b3) xor     a7, s5, a6
core   0: 3 0x80001c7c (0x010ac8b3) x17 0xf5dec91b
core   0: 0x80001c80 (0x0192db33) srl     s6, t0, s9
core   0: 3 0x80001c80 (0x0192db33) x22 0x0000001f
core   0: 0x80001c84 (0x02b30fb3) mul     t6, t1, a1
core   0: 3 0x80001c84 (0x02b30fb3) x31 0x07066040
core   0: 0x80001c88 (0x02d3c6b3) div     a3, t2, a3
core   0: 3 0x80001c88 (0x02d3c6b3) x13 0x00000000
core   0: 0x80001c8c (0x02ac5c33) divu    s8, s8, a0
core   0: 3 0x80001c8c (0x02ac5c33) x24 0xffffffff
core   0: 0x80001c90 (0x039cbbb3) mulhu   s7, s9, s9
core   0: 3 0x80001c90 (0x039cbbb3) x23 0x2b224331
core   0: 0x80001c94 (0x3088b493) sltiu   s1, a7, 776
core   0: 3 0x80001c94 (0x3088b493) x 9 0x00000000
core   0: 0x80001c98 (0xb268db17) auipc   s6, 0xb268d
core   0: 3 0x80001c98 (0xb268db17) x22 0x3268ec98
core   0: 0x80001c9c (0x00cbc533) xor     a0, s7, a2
core   0: 3 0x80001c9c (0x00cbc533) x10 0xd5c9b88d
core   0: 0x80001ca0 (0x03b68333) mul     t1, a3, s11
core   0: 3 0x80001ca0 (0x03b68333) x 6 0x00000000
core   0: 0x80001ca4 (0x00000013) nop
core   0: 3 0x80001ca4 (0x00000013)
core   0: 0x80001ca8 (0x025e3c33) mulhu   s8, t3, t0
core   0: 3 0x80001ca8 (0x025e3c33) x24 0x34201dbd
core   0: 0x80001cac (0x01aeda93) srli    s5, t4, 26
core   0: 3 0x80001cac (0x01aeda93) x21 0x00000000
core   0: 0x80001cb0 (0x030db633) mulhu   a2, s11, a6
core   0: 3 0x80001cb0 (0x030db633) x12 0x405c740a
core   0: 0x80001cb4 (0x008c9b33) sll     s6, s9, s0
core   0: 3 0x80001cb4 (0x008c9b33) x22 0x6915091a
core   0: 0x80001cb8 (0x035e7933) remu    s2, t3, s5
core   0: 3 0x80001cb8 (0x035e7933) x18 0x68403c1c
core   0: 0x80001cbc (0xcf7a4113) xori    sp, s4, -777
core   0: 3 0x80001cbc (0xcf7a4113) x 2 0xfffffcf6
core   0: 0x80001cc0 (0x02bf30b3) mulhu   ra, t5, a1
core   0: 3 0x80001cc0 (0x02bf30b3) x 1 0x3b4f869d
core   0: 0x80001cc4 (0x417d86b3) sub     a3, s11, s7
core   0: 3 0x80001cc4 (0x417d86b3) x13 0x3df2c5ea
core   0: 0x80001cc8 (0x03d7f733) remu    a4, a5, t4
core   0: 3 0x80001cc8 (0x03d7f733) x14 0x00019a75
core   0: 0x80001ccc (0x016966b3) or      a3, s2, s6
core   0: 3 0x80001ccc (0x016966b3) x13 0x69553d1e
core   0: 0x80001cd0 (0x00f0f1b3) and     gp, ra, a5
core   0: 3 0x80001cd0 (0x00f0f1b3) x 3 0x03030418
core   0: 0x80001cd4 (0x00040c33) add     s8, s0, zero
core   0: 3 0x80001cd4 (0x00040c33) x24 0x7e000000
core   0: 0x80001cd8 (0x0022b4b3) sltu    s1, t0, sp
core   0: 3 0x80001cd8 (0x0022b4b3) x 9 0x00000001
core   0: 0x80001cdc (0x006d43b3) xor     t2, s10, t1
core   0: 3 0x80001cdc (0x006d43b3) x 7 0x80000000
core   0: 0x80001ce0 (0x030d8e33) mul     t3, s11, a6
core   0: 3 0x80001ce0 (0x030d8e33) x28 0x733d4000
core   0: 0x80001ce4 (0x0150cfb3) xor     t6, ra, s5
core   0: 3 0x80001ce4 (0x0150cfb3) x31 0x3b4f869d
core   0: 0x80001ce8 (0x01ca93b3) sll     t2, s5, t3
core   0: 3 0x80001ce8 (0x01ca93b3) x 7 0x00000000
core   0: 0x80001cec (0x01a03133) snez    sp, s10
core   0: 3 0x80001cec (0x01a03133) x 2 0x00000001
core   0: 0x80001cf0 (0x03219c33) mulh    s8, gp, s2
core   0: 3 0x80001cf0 (0x03219c33) x24 0x0139fb1f
core   0: 0x80001cf4 (0x515c4393) xori    t2, s8, 1301
core   0: 3 0x80001cf4 (0x515c4393) x 7 0x0139fe0a
core   0: 0x80001cf8 (0x9fe20293) addi    t0, tp, -1538
core   0: 3 0x80001cf8 (0x9fe20293) x 5 0xfeebf5ba
core   0: 0x80001cfc (0x41d65513) srai    a0, a2, 29
core   0: 3 0x80001cfc (0x41d65513) x10 0x00000002
core   0: 0x80001d00 (0x42a5a513) slti    a0, a1, 1066
core   0: 3 0x80001d00 (0x42a5a513) x10 0x00000000
core   0: 0x80001d04 (0x018c10b3) sll     ra, s8, s8
core   0: 3 0x80001d04 (0x018c10b3) x 1 0x80000000
core   0: 0x80001d08 (0x01346633) or      a2, s0, s3
core   0: 3 0x80001d08 (0x01346633) x12 0xfe014e64
core   0: 0x80001d0c (0x018177b3) and     a5, sp, s8
core   0: 3 0x80001d0c (0x018177b3) x15 0x00000001
core   0: 0x80001d10 (0x00e85193) srli    gp, a6, 14
core   0: 3 0x80001d10 (0x00e85193) x 3 0x0002732f
core   0: 0x80001d14 (0x00e33833) sltu    a6, t1, a4
core   0: 3 0x80001d14 (0x00e33833) x16 0x00000001
core   0: 0x80001d18 (0xbf522897) auipc   a7, 0xbf522
core   0: 3 0x80001d18 (0xbf522897) x17 0x3f523d18
core   0: 0x80001d1c (0x02ce74b3) remu    s1, t3, a2
core   0: 3 0x80001d1c (0x02ce74b3) x 9 0x733d4000
core   0: 0x80001d20 (0x02938b33) mul     s6, t2, s1
core   0: 3 0x80001d20 (0x02938b33) x22 0x85e48000
core   0: 0x80001d24 (0x41aa0d93) addi    s11, s4, 1050
core   0: 3 0x80001d24 (0x41aa0d93) x27 0x0000041b
core   0: 0x80001d28 (0x08928017) auipc   zero, 0x8928
core   0: 3 0x80001d28 (0x08928017)
core   0: 0x80001d2c (0x030022b3) mulhsu  t0, zero, a6
core   0: 3 0x80001d2c (0x030022b3) x 5 0x00000000
core   0: 0x80001d30 (0x0283f233) remu    tp, t2, s0
core   0: 3 0x80001d30 (0x0283f233) x 4 0x0139fe0a
core   0: 0x80001d34 (0xa0a03b13) sltiu   s6, zero, -1526
core   0: 3 0x80001d34 (0xa0a03b13) x22 0x00000001
core   0: 0x80001d38 (0x00f216b3) sll     a3, tp, a5
core   0: 3 0x80001d38 (0x00f216b3) x13 0x0273fc14
core   0: 0x80001d3c (0x00ce9433) sll     s0, t4, a2
core   0: 3 0x80001d3c (0x00ce9433) x 8 0x00d22a10
core   0: 0x80001d40 (0x405b5a33) sra     s4, s6, t0
core   0: 3 0x80001d40 (0x405b5a33) x20 0x00000001
core   0: 0x80001d44 (0x00649493) slli    s1, s1, 6
core   0: 3 0x80001d44 (0x00649493) x 9 0xcf500000
core   0: 0x80001d48 (0x0377b3b3) mulhu   t2, a5, s7
core   0: 3 0x80001d48 (0x0377b3b3) x 7 0x00000000
core   0: 0x80001d4c (0x02c30eb3) mul     t4, t1, a2
core   0: 3 0x80001d4c (0x02c30eb3) x29 0x00000000
core   0: 0x80001d50 (0x414ad0b3) sra     ra, s5, s4
core   0: 3 0x80001d50 (0x414ad0b3) x 1 0x00000000
core   0: 0x80001d54 (0x033c9a33) mulh    s4, s9, s3
core   0: 3 0x80001d54 (0x033c9a33) x20 0xcb7604b5
core   0: 0x80001d58 (0x037a17b3) mulh    a5, s4, s7
core   0: 3 0x80001d58 (0x037a17b3) x15 0xf725caac
core   0: 0x80001d5c (0x5cdcf213) andi    tp, s9, 1485
core   0: 3 0x80001d5c (0x5cdcf213) x 4 0x00000108
core   0: 0x80001d60 (0x02ce40b3) div     ra, t3, a2
core   0: 3 0x80001d60 (0x02ce40b3) x 1 0xffffffc7
core   0: 0x80001d64 (0x417ede33) sra     t3, t4, s7
core   0: 3 0x80001d64 (0x417ede33) x28 0x00000000
core   0: 0x80001d68 (0x03e16933) rem     s2, sp, t5
core   0: 3 0x80001d68 (0x03e16933) x18 0x00000001
core   0: 0x80001d6c (0x00e72fb3) slt     t6, a4, a4
core   0: 3 0x80001d6c (0x00e72fb3) x31 0x00000000
core   0: 0x80001d70 (0x02b904b3) mul     s1, s2, a1
core   0: 3 0x80001d70 (0x02b904b3) x 9 0x769d9d70
core   0: 0x80001d74 (0x41df8e33) sub     t3, t6, t4
core   0: 3 0x80001d74 (0x41df8e33) x28 0x00000000
core   0: 0x80001d78 (0x002a51b3) srl     gp, s4, sp
core   0: 3 0x80001d78 (0x002a51b3) x 3 0x65bb025a
core   0: 0x80001d7c (0x4213ac13) slti    s8, t2, 1057
core   0: 3 0x80001d7c (0x4213ac13) x24 0x00000001
core   0: 0x80001d80 (0x41005e13) srai    t3, zero, 16
core   0: 3 0x80001d80 (0x41005e13) x28 0x00000000
core   0: 0x80001d84 (0x99d68c93) addi    s9, a3, -1635
core   0: 3 0x80001d84 (0x99d68c93) x25 0x0273f5b1
core   0: 0x80001d88 (0x3f62e613) ori     a2, t0, 1014
core   0: 3 0x80001d88 (0x3f62e613) x12 0x000003f6
core   0: 0x80001d8c (0x82fffb13) andi    s6, t6, -2001
core   0: 3 0x80001d8c (0x82fffb13) x22 0x00000000
core   0: 0x80001d90 (0xc81fc093) xori    ra, t6, -895
core   0: 3 0x80001d90 (0xc81fc093) x 1 0xfffffc81
core   0: 0x80001d94 (0x00ab5613) srli    a2, s6, 10
core   0: 3 0x80001d94 (0x00ab5613) x12 0x00000000
core   0: 0x80001d98 (0x011746b3) xor     a3, a4, a7
core   0: 3 0x80001d98 (0x011746b3) x13 0x3f53a76d
core   0: 0x80001d9c (0x01321c93) slli    s9, tp, 19
core   0: 3 0x80001d9c (0x01321c93) x25 0x08400000
core   0: 0x80001da0 (0x02fdc433) div     s0, s11, a5
core   0: 3 0x80001da0 (0x02fdc433) x 8 0x00000000
core   0: 0x80001da4 (0xe76e43b7) lui     t2, 0xe76e4
core   0: 3 0x80001da4 (0xe76e43b7) x 7 0xe76e4000
core   0: 0x80001da8 (0x003cfcb3) and     s9, s9, gp
core   0: 3 0x80001da8 (0x003cfcb3) x25 0x00000000
core   0: 0x80001dac (0xb1787837) lui     a6, 0xb1787
core   0: 3 0x80001dac (0xb1787837) x16 0xb1787000
core   0: 0x80001db0 (0x02433833) mulhu   a6, t1, tp
core   0: 3 0x80001db0 (0x02433833) x16 0x00000000
core   0: 0x80001db4 (0x58530b13) addi    s6, t1, 1413
core   0: 3 0x80001db4 (0x58530b13) x22 0x00000585
core   0: 0x80001db8 (0x404fdc13) srai    s8, t6, 4
core   0: 3 0x80001db8 (0x404fdc13) x24 0x00000000
core   0: 0x80001dbc (0x007d6733) or      a4, s10, t2
core   0: 3 0x80001dbc (0x007d6733) x14 0xe76e4000
core   0: 0x80001dc0 (0x025994b3) mulh    s1, s3, t0
core   0: 3 0x80001dc0 (0x025994b3) x 9 0x00000000
core   0: 0x80001dc4 (0x00252933) slt     s2, a0, sp
core   0: 3 0x80001dc4 (0x00252933) x18 0x00000001
core   0: 0x80001dc8 (0xf97f4013) xori    zero, t5, -105
core   0: 3 0x80001dc8 (0xf97f4013)
core   0: 0x80001dcc (0xd6187a93) andi    s5, a6, -671
core   0: 3 0x80001dcc (0xd6187a93) x21 0x00000000
core   0: 0x80001dd0 (0x02247db3) remu    s11, s0, sp
core   0: 3 0x80001dd0 (0x02247db3) x27 0x00000000
core   0: 0x80001dd4 (0x4b79e193) ori     gp, s3, 1207
core   0: 3 0x80001dd4 (0x4b79e193) x 3 0x80014ef7
core   0: 0x80001dd8 (0x00000013) nop
core   0: 3 0x80001dd8 (0x00000013)
core   0: 0x80001ddc (0x41df8933) sub     s2, t6, t4
core   0: 3 0x80001ddc (0x41df8933) x18 0x00000000
core   0: 0x80001de0 (0x419ad933) sra     s2, s5, s9
core   0: 3 0x80001de0 (0x419ad933) x18 0x00000000
core   0: 0x80001de4 (0x40ded333) sra     t1, t4, a3
core   0: 3 0x80001de4 (0x40ded333) x 6 0x00000000
core   0: 0x80001de8 (0x0252beb3) mulhu   t4, t0, t0
core   0: 3 0x80001de8 (0x0252beb3) x29 0x00000000
core   0: 0x80001dec (0x01045e93) srli    t4, s0, 16
core   0: 3 0x80001dec (0x01045e93) x29 0x00000000
core   0: 0x80001df0 (0x889ba493) slti    s1, s7, -1911
core   0: 3 0x80001df0 (0x889ba493) x 9 0x00000000
core   0: 0x80001df4 (0x0241beb3) mulhu   t4, gp, tp
core   0: 3 0x80001df4 (0x0241beb3) x29 0x00000084
core   0: 0x80001df8 (0x03325a33) divu    s4, tp, s3
core   0: 3 0x80001df8 (0x03325a33) x20 0x00000000
core   0: 0x80001dfc (0x00ec72b3) and     t0, s8, a4
core   0: 3 0x80001dfc (0x00ec72b3) x 5 0x00000000
core   0: 0x80001e00 (0x01135513) srli    a0, t1, 17
core   0: 3 0x80001e00 (0x01135513) x10 0x00000000
core   0: 0x80001e04 (0xba76c813) xori    a6, a3, -1113
core   0: 3 0x80001e04 (0xba76c813) x16 0xc0ac5cca
core   0: 0x80001e08 (0x003981b3) add     gp, s3, gp
core   0: 3 0x80001e08 (0x003981b3) x 3 0x00029d5b
core   0: 0x80001e0c (0x00bd0fb3) add     t6, s10, a1
core   0: 3 0x80001e0c (0x00bd0fb3) x31 0xf69d9d70
core   0: 0x80001e10 (0x021bf0b3) remu    ra, s7, ra
core   0: 3 0x80001e10 (0x021bf0b3) x 1 0x2b224331
core   0: 0x80001e14 (0x00a46933) or      s2, s0, a0
core   0: 3 0x80001e14 (0x00a46933) x18 0x00000000
core   0: 0x80001e18 (0x00d810b3) sll     ra, a6, a3
core   0: 3 0x80001e18 (0x00d810b3) x 1 0x8b994000
core   0: 0x80001e1c (0x01687433) and     s0, a6, s6
core   0: 3 0x80001e1c (0x01687433) x 8 0x00000480
core   0: 0x80001e20 (0x01c4eb33) or      s6, s1, t3
core   0: 3 0x80001e20 (0x01c4eb33) x22 0x00000000
core   0: 0x80001e24 (0x01733cb3) sltu    s9, t1, s7
core   0: 3 0x80001e24 (0x01733cb3) x25 0x00000001
core   0: 0x80001e28 (0x5a677b97) auipc   s7, 0x5a677
core   0: 3 0x80001e28 (0x5a677b97) x23 0xda678e28
core   0: 0x80001e2c (0x00000013) nop
core   0: 3 0x80001e2c (0x00000013)
core   0: 0x80001e30 (0x40a3de13) srai    t3, t2, 10
core   0: 3 0x80001e30 (0x40a3de13) x28 0xfff9db90
core   0: 0x80001e34 (0x00e11933) sll     s2, sp, a4
core   0: 3 0x80001e34 (0x00e11933) x18 0x00000001
core   0: 0x80001e38 (0x4148d1b3) sra     gp, a7, s4
core   0: 3 0x80001e38 (0x4148d1b3) x 3 0x3f523d18
core   0: 0x80001e3c (0x01e8f833) and     a6, a7, t5
core   0: 3 0x80001e3c (0x01e8f833) x16 0x00000c00
core   0: 0x80001e40 (0x0079d713) srli    a4, s3, 7
core   0: 3 0x80001e40 (0x0079d713) x14 0x0100029c
core   0: 0x80001e44 (0x03dabb33) mulhu   s6, s5, t4
core   0: 3 0x80001e44 (0x03dabb33) x22 0x00000000
core   0: 0x80001e48 (0x01e75913) srli    s2, a4, 30
core   0: 3 0x80001e48 (0x01e75913) x18 0x00000000
core   0: 0x80001e4c (0x009b45b3) xor     a1, s6, s1
core   0: 3 0x80001e4c (0x009b45b3) x11 0x00000000
core   0: 0x80001e50 (0x006f9933) sll     s2, t6, t1
core   0: 3 0x80001e50 (0x006f9933) x18 0xf69d9d70
core   0: 0x80001e54 (0x35b32013) slti    zero, t1, 859
core   0: 3 0x80001e54 (0x35b32013)
core   0: 0x80001e58 (0x01653fb3) sltu    t6, a0, s6
core   0: 3 0x80001e58 (0x01653fb3) x31 0x00000000
core   0: 0x80001e5c (0xad3060b7) lui     ra, 0xad306
core   0: 3 0x80001e5c (0xad3060b7) x 1 0xad306000
core   0: 0x80001e60 (0x409e5613) srai    a2, t3, 9
core   0: 3 0x80001e60 (0x409e5613) x12 0xfffffced
core   0: 0x80001e64 (0xa6e60d93) addi    s11, a2, -1426
core   0: 3 0x80001e64 (0xa6e60d93) x27 0xfffff75b
core   0: 0x80001e68 (0x01566e33) or      t3, a2, s5
core   0: 3 0x80001e68 (0x01566e33) x28 0xfffffced
core   0: 0x80001e6c (0x31e1e713) ori     a4, gp, 798
core   0: 3 0x80001e6c (0x31e1e713) x14 0x3f523f1e
core   0: 0x80001e70 (0x00f8f333) and     t1, a7, a5
core   0: 3 0x80001e70 (0x00f8f333) x 6 0x37000808
core   0: 0x80001e74 (0x03f688b3) mul     a7, a3, t6
core   0: 3 0x80001e74 (0x03f688b3) x17 0x00000000
core   0: 0x80001e78 (0x02d404b3) mul     s1, s0, a3
core   0: 3 0x80001e78 (0x02d404b3) x 9 0xf8716a80
core   0: 0x80001e7c (0x43bfb293) sltiu   t0, t6, 1083
core   0: 3 0x80001e7c (0x43bfb293) x 5 0x00000001
core   0: 0x80001e80 (0x02b06eb3) rem     t4, zero, a1
core   0: 3 0x80001e80 (0x02b06eb3) x29 0x00000000
core   0: 0x80001e84 (0x6f9b6593) ori     a1, s6, 1785
core   0: 3 0x80001e84 (0x6f9b6593) x11 0x000006f9
core   0: 0x80001e88 (0x624e3b13) sltiu   s6, t3, 1572
core   0: 3 0x80001e88 (0x624e3b13) x22 0x00000000
core   0: 0x80001e8c (0x012e1db3) sll     s11, t3, s2
core   0: 3 0x80001e8c (0x012e1db3) x27 0xfced0000
core   0: 0x80001e90 (0x016830b3) sltu    ra, a6, s6
core   0: 3 0x80001e90 (0x016830b3) x 1 0x00000000
core   0: 0x80001e94 (0x03cd4e33) div     t3, s10, t3
core   0: 3 0x80001e94 (0x03cd4e33) x28 0x0029a2f7
core   0: 0x80001e98 (0x00edf3b3) and     t2, s11, a4
core   0: 3 0x80001e98 (0x00edf3b3) x 7 0x3c400000
core   0: 0x80001e9c (0x01191293) slli    t0, s2, 17
core   0: 3 0x80001e9c (0x01191293) x 5 0x3ae00000
core   0: 0x80001ea0 (0x5fafbc17) auipc   s8, 0x5fafb
core   0: 3 0x80001ea0 (0x5fafbc17) x24 0xdfafcea0
core   0: 0x80001ea4 (0x00000013) nop
core   0: 3 0x80001ea4 (0x00000013)
core   0: 0x80001ea8 (0x00e85593) srli    a1, a6, 14
core   0: 3 0x80001ea8 (0x00e85593) x11 0x00000000
core   0: 0x80001eac (0x40018c33) sub     s8, gp, zero
core   0: 3 0x80001eac (0x40018c33) x24 0x3f523d18
core   0: 0x80001eb0 (0xe1e34a93) xori    s5, t1, -482
core   0: 3 0x80001eb0 (0xe1e34a93) x21 0xc8fff616
core   0: 0x80001eb4 (0x0201c1b3) div     gp, gp, zero
core   0: 3 0x80001eb4 (0x0201c1b3) x 3 0xffffffff
core   0: 0x80001eb8 (0x00512db3) slt     s11, sp, t0
core   0: 3 0x80001eb8 (0x00512db3) x27 0x00000001
core   0: 0x80001ebc (0x03a8d8b3) divu    a7, a7, s10
core   0: 3 0x80001ebc (0x03a8d8b3) x17 0x00000000
core   0: 0x80001ec0 (0x00000013) nop
core   0: 3 0x80001ec0 (0x00000013)
core   0: 0x80001ec4 (0x03ec50b3) divu    ra, s8, t5
core   0: 3 0x80001ec4 (0x03ec50b3) x 1 0x00000000
core   0: 0x80001ec8 (0x026f7bb3) remu    s7, t5, t1
core   0: 3 0x80001ec8 (0x026f7bb3) x23 0x12017cd4
core   0: 0x80001ecc (0xd1fc0637) lui     a2, 0xd1fc0
core   0: 3 0x80001ecc (0xd1fc0637) x12 0xd1fc0000
core   0: 0x80001ed0 (0x89c28217) auipc   tp, 0x89c28
core   0: 3 0x80001ed0 (0x89c28217) x 4 0x09c29ed0
core   0: 0x80001ed4 (0x400c8b33) sub     s6, s9, zero
core   0: 3 0x80001ed4 (0x400c8b33) x22 0x00000001
core   0: 0x80001ed8 (0x00bb73b3) and     t2, s6, a1
core   0: 3 0x80001ed8 (0x00bb73b3) x 7 0x00000000
core   0: 0x80001edc (0x019f3a33) sltu    s4, t5, s9
core   0: 3 0x80001edc (0x019f3a33) x20 0x00000000
core   0: 0x80001ee0 (0x00849193) slli    gp, s1, 8
core   0: 3 0x80001ee0 (0x00849193) x 3 0x716a8000
core   0: 0x80001ee4 (0x019ab033) sltu    zero, s5, s9
core   0: 3 0x80001ee4 (0x019ab033)
core   0: 0x80001ee8 (0x41f253b3) sra     t2, tp, t6
core   0: 3 0x80001ee8 (0x41f253b3) x 7 0x09c29ed0
core   0: 0x80001eec (0x03de6bb3) rem     s7, t3, t4
core   0: 3 0x80001eec (0x03de6bb3) x23 0x0029a2f7
core   0: 0x80001ef0 (0x03f918b3) mulh    a7, s2, t6
core   0: 3 0x80001ef0 (0x03f918b3) x17 0x00000000
core   0: 0x80001ef4 (0x030a3933) mulhu   s2, s4, a6
core   0: 3 0x80001ef4 (0x030a3933) x18 0x00000000
core   0: 0x80001ef8 (0x0203aeb3) mulhsu  t4, t2, zero
core   0: 3 0x80001ef8 (0x0203aeb3) x29 0x00000000
core   0: 0x80001efc (0x00000013) nop
core   0: 3 0x80001efc (0x00000013)
core   0: 0x80001f00 (0x00a754b3) srl     s1, a4, a0
core   0: 3 0x80001f00 (0x00a754b3) x 9 0x3f523f1e
core   0: 0x80001f04 (0x6203d8b7) lui     a7, 0x6203d
core   0: 3 0x80001f04 (0x6203d8b7) x17 0x6203d000
core   0: 0x80001f08 (0x019a7bb3) and     s7, s4, s9
core   0: 3 0x80001f08 (0x019a7bb3) x23 0x00000000
core   0: 0x80001f0c (0x00108eb3) add     t4, ra, ra
core   0: 3 0x80001f0c (0x00108eb3) x29 0x00000000
core   0: 0x80001f10 (0x03dfabb3) mulhsu  s7, t6, t4
core   0: 3 0x80001f10 (0x03dfabb3) x23 0x00000000
core   0: 0x80001f14 (0x033103b3) mul     t2, sp, s3
core   0: 3 0x80001f14 (0x033103b3) x 7 0x80014e64
core   0: 0x80001f18 (0x40e35213) srai    tp, t1, 14
core   0: 3 0x80001f18 (0x40e35213) x 4 0x0000dc00
core   0: 0x80001f1c (0xb65a8a93) addi    s5, s5, -1179
core   0: 3 0x80001f1c (0xb65a8a93) x21 0xc8fff17b
core   0: 0x80001f20 (0x3f0ea713) slti    a4, t4, 1008
core   0: 3 0x80001f20 (0x3f0ea713) x14 0x00000001
core   0: 0x80001f24 (0x012b1233) sll     tp, s6, s2
core   0: 3 0x80001f24 (0x012b1233) x 4 0x00000001
core   0: 0x80001f28 (0x028547b3) div     a5, a0, s0
core   0: 3 0x80001f28 (0x028547b3) x15 0x00000000
core   0: 0x80001f2c (0x028e1db3) mulh    s11, t3, s0
core   0: 3 0x80001f2c (0x028e1db3) x27 0x00000000
core   0: 0x80001f30 (0x00f0f8b3) and     a7, ra, a5
core   0: 3 0x80001f30 (0x00f0f8b3) x17 0x00000000
core   0: 0x80001f34 (0x27092393) slti    t2, s2, 624
core   0: 3 0x80001f34 (0x27092393) x 7 0x00000001
core   0: 0x80001f38 (0x822cbe93) sltiu   t4, s9, -2014
core   0: 3 0x80001f38 (0x822cbe93) x29 0x00000001
core   0: 0x80001f3c (0x005d4e33) xor     t3, s10, t0
core   0: 3 0x80001f3c (0x005d4e33) x28 0xbae00000
core   0: 0x80001f40 (0x06ae0e13) addi    t3, t3, 106
core   0: 3 0x80001f40 (0x06ae0e13) x28 0xbae0006a
core   0: 0x80001f44 (0x02641e33) mulh    t3, s0, t1
core   0: 3 0x80001f44 (0x02641e33) x28 0x000000f7
core   0: 0x80001f48 (0x0168c4b3) xor     s1, a7, s6
core   0: 3 0x80001f48 (0x0168c4b3) x 9 0x00000001
core   0: 0x80001f4c (0xd5b57917) auipc   s2, 0xd5b57
core   0: 3 0x80001f4c (0xd5b57917) x18 0x55b58f4c
core   0: 0x80001f50 (0x032cb4b3) mulhu   s1, s9, s2
core   0: 3 0x80001f50 (0x032cb4b3) x 9 0x00000000
core   0: 0x80001f54 (0x00000013) nop
core   0: 3 0x80001f54 (0x00000013)
core   0: 0x80001f58 (0x00ae9c13) slli    s8, t4, 10
core   0: 3 0x80001f58 (0x00ae9c13) x24 0x00000400
core   0: 0x80001f5c (0x016fa633) slt     a2, t6, s6
core   0: 3 0x80001f5c (0x016fa633) x12 0x00000001
core   0: 0x80001f60 (0x01bafa33) and     s4, s5, s11
core   0: 3 0x80001f60 (0x01bafa33) x20 0x00000000
core   0: 0x80001f64 (0x018efa33) and     s4, t4, s8
core   0: 3 0x80001f64 (0x018efa33) x20 0x00000000
core   0: 0x80001f68 (0x0125a8b3) slt     a7, a1, s2
core   0: 3 0x80001f68 (0x0125a8b3) x17 0x00000001
core   0: 0x80001f6c (0x02598933) mul     s2, s3, t0
core   0: 3 0x80001f6c (0x02598933) x18 0x3f800000
core   0: 0x80001f70 (0x01655833) srl     a6, a0, s6
core   0: 3 0x80001f70 (0x01655833) x16 0x00000000
core   0: 0x80001f74 (0x024846b3) div     a3, a6, tp
core   0: 3 0x80001f74 (0x024846b3) x13 0x00000000
core   0: 0x80001f78 (0x023687b3) mul     a5, a3, gp
core   0: 3 0x80001f78 (0x023687b3) x15 0x00000000
core   0: 0x80001f7c (0x69cfbb93) sltiu   s7, t6, 1692
core   0: 3 0x80001f7c (0x69cfbb93) x23 0x00000001
core   0: 0x80001f80 (0x0281bfb3) mulhu   t6, gp, s0
core   0: 3 0x80001f80 (0x0281bfb3) x31 0x000001fe
core   0: 0x80001f84 (0x021eaa33) mulhsu  s4, t4, ra
core   0: 3 0x80001f84 (0x021eaa33) x20 0x00000000
core   0: 0x80001f88 (0xd4f76713) ori     a4, a4, -689
core   0: 3 0x80001f88 (0xd4f76713) x14 0xfffffd4f
core   0: 0x80001f8c (0x70d76193) ori     gp, a4, 1805
core   0: 3 0x80001f8c (0x70d76193) x 3 0xffffff4f
core   0: 0x80001f90 (0x006268b3) or      a7, tp, t1
core   0: 3 0x80001f90 (0x006268b3) x17 0x37000809
core   0: 0x80001f94 (0x408c5c33) sra     s8, s8, s0
core   0: 3 0x80001f94 (0x408c5c33) x24 0x00000400
core   0: 0x80001f98 (0x350e8913) addi    s2, t4, 848
core   0: 3 0x80001f98 (0x350e8913) x18 0x00000351
core   0: 0x80001f9c (0x40c051b3) sra     gp, zero, a2
core   0: 3 0x80001f9c (0x40c051b3) x 3 0x00000000
core   0: 0x80001fa0 (0x0184f5b3) and     a1, s1, s8
core   0: 3 0x80001fa0 (0x0184f5b3) x11 0x00000000
core   0: 0x80001fa4 (0x010d1393) slli    t2, s10, 16
core   0: 3 0x80001fa4 (0x010d1393) x 7 0x00000000
core   0: 0x80001fa8 (0x03ea64b3) rem     s1, s4, t5
core   0: 3 0x80001fa8 (0x03ea64b3) x 9 0x00000000
core   0: 0x80001fac (0x87ec1217) auipc   tp, 0x87ec1
core   0: 3 0x80001fac (0x87ec1217) x 4 0x07ec2fac
core   0: 0x80001fb0 (0x03a43a33) mulhu   s4, s0, s10
core   0: 3 0x80001fb0 (0x03a43a33) x20 0x00000240
core   0: 0x80001fb4 (0xed64c193) xori    gp, s1, -298
core   0: 3 0x80001fb4 (0xed64c193) x 3 0xfffffed6
core   0: 0x80001fb8 (0x02d09b33) mulh    s6, ra, a3
core   0: 3 0x80001fb8 (0x02d09b33) x22 0x00000000
core   0: 0x80001fbc (0x03ffdbb3) divu    s7, t6, t6
core   0: 3 0x80001fbc (0x03ffdbb3) x23 0x00000001
core   0: 0x80001fc0 (0x73752a17) auipc   s4, 0x73752
core   0: 3 0x80001fc0 (0x73752a17) x20 0xf3753fc0
core   0: 0x80001fc4 (0x6793b013) sltiu   zero, t2, 1657
core   0: 3 0x80001fc4 (0x6793b013)
core   0: 0x80001fc8 (0x01b068b3) or      a7, zero, s11
core   0: 3 0x80001fc8 (0x01b068b3) x17 0x00000000
core   0: 0x80001fcc (0xfe9a7d93) andi    s11, s4, -23
core   0: 3 0x80001fcc (0xfe9a7d93) x27 0xf3753fc0
core   0: 0x80001fd0 (0xcf294737) lui     a4, 0xcf294
core   0: 3 0x80001fd0 (0xcf294737) x14 0xcf294000
core   0: 0x80001fd4 (0xe078b113) sltiu   sp, a7, -505
core   0: 3 0x80001fd4 (0xe078b113) x 2 0x00000001
core   0: 0x80001fd8 (0x00522a33) slt     s4, tp, t0
core   0: 3 0x80001fd8 (0x00522a33) x20 0x00000001
core   0: 0x80001fdc (0x039b1133) mulh    sp, s6, s9
core   0: 3 0x80001fdc (0x039b1133) x 2 0x00000000
core   0: 0x80001fe0 (0x03529133) mulh    sp, t0, s5
core   0: 3 0x80001fe0 (0x03529133) x 2 0xf359dca9
core   0: 0x80001fe4 (0x4bbb8c93) addi    s9, s7, 1211
core   0: 3 0x80001fe4 (0x4bbb8c93) x25 0x000004bc
core   0: 0x80001fe8 (0x41af52b3) sra     t0, t5, s10
core   0: 3 0x80001fe8 (0x41af52b3) x 5 0x80018ce4
core   0: 0x80001fec (0x00eda633) slt     a2, s11, a4
core   0: 3 0x80001fec (0x00eda633) x12 0x00000000
core   0: 0x80001ff0 (0x002dc033) xor     zero, s11, sp
core   0: 3 0x80001ff0 (0x002dc033)
core   0: 0x80001ff4 (0x02379433) mulh    s0, a5, gp
core   0: 3 0x80001ff4 (0x02379433) x 8 0x00000000
core   0: 0x80001ff8 (0x00a174b3) and     s1, sp, a0
core   0: 3 0x80001ff8 (0x00a174b3) x 9 0x00000000
core   0: 0x80001ffc (0x02d7ee33) rem     t3, a5, a3
core   0: 3 0x80001ffc (0x02d7ee33) x28 0x00000000
core   0: 0x80002000 (0x0844e197) auipc   gp, 0x844e
core   0: 3 0x80002000 (0x0844e197) x 3 0x88450000
core   0: 0x80002004 (0x013a84b3) add     s1, s5, s3
core   0: 3 0x80002004 (0x013a84b3) x 9 0x49013fdf
core   0: 0x80002008 (0x8ac68513) addi    a0, a3, -1876
core   0: 3 0x80002008 (0x8ac68513) x10 0xfffff8ac
core   0: 0x8000200c (0x0028ccb3) xor     s9, a7, sp
core   0: 3 0x8000200c (0x0028ccb3) x25 0xf359dca9
core   0: 0x80002010 (0x00000013) nop
core   0: 3 0x80002010 (0x00000013)
core   0: 0x80002014 (0x02b9a8b3) mulhsu  a7, s3, a1
core   0: 3 0x80002014 (0x02b9a8b3) x17 0x00000000
core   0: 0x80002018 (0x00000013) nop
core   0: 3 0x80002018 (0x00000013)
core   0: 0x8000201c (0x00c0d2b3) srl     t0, ra, a2
core   0: 3 0x8000201c (0x00c0d2b3) x 5 0x00000000
core   0: 0x80002020 (0xcb448d93) addi    s11, s1, -844
core   0: 3 0x80002020 (0xcb448d93) x27 0x49013c93
core   0: 0x80002024 (0xa29b7593) andi    a1, s6, -1495
core   0: 3 0x80002024 (0xa29b7593) x11 0x00000000
core   0: 0x80002028 (0x377ba613) slti    a2, s7, 887
core   0: 3 0x80002028 (0x377ba613) x12 0x00000001
core   0: 0x8000202c (0x40be0e33) sub     t3, t3, a1
core   0: 3 0x8000202c (0x40be0e33) x28 0x00000000
core   0: 0x80002030 (0x016c7433) and     s0, s8, s6
core   0: 3 0x80002030 (0x016c7433) x 8 0x00000000
core   0: 0x80002034 (0x007ae6b3) or      a3, s5, t2
core   0: 3 0x80002034 (0x007ae6b3) x13 0xc8fff17b
core   0: 0x80002038 (0x367a3693) sltiu   a3, s4, 871
core   0: 3 0x80002038 (0x367a3693) x13 0x00000001
core   0: 0x8000203c (0x00000013) nop
core   0: 3 0x8000203c (0x00000013)
core   0: 0x80002040 (0x25029b37) lui     s6, 0x25029
core   0: 3 0x80002040 (0x25029b37) x22 0x25029000
core   0: 0x80002044 (0x06d05817) auipc   a6, 0x6d05
core   0: 3 0x80002044 (0x06d05817) x16 0x86d07044
core   0: 0x80002048 (0x415888b3) sub     a7, a7, s5
core   0: 3 0x80002048 (0x415888b3) x17 0x37000e85
core   0: 0x8000204c (0x41335bb3) sra     s7, t1, s3
core   0: 3 0x8000204c (0x41335bb3) x23 0x03700080
core   0: 0x80002050 (0x03930833) mul     a6, t1, s9
core   0: 3 0x80002050 (0x03930833) x16 0xb8b42d48
core   0: 0x80002054 (0x03ede3b3) rem     t2, s11, t5
core   0: 3 0x80002054 (0x03ede3b3) x 7 0x49013c93
core   0: 0x80002058 (0x0379abb3) mulhsu  s7, s3, s7
core   0: 3 0x80002058 (0x0379abb3) x23 0xfe48043d
core   0: 0x8000205c (0x03b76e33) rem     t3, a4, s11
core   0: 3 0x8000205c (0x03b76e33) x28 0xcf294000
core   0: 0x80002060 (0x07df7493) andi    s1, t5, 125
core   0: 3 0x80002060 (0x07df7493) x 9 0x00000064
core   0: 0x80002064 (0x01197133) and     sp, s2, a7
core   0: 3 0x80002064 (0x01197133) x 2 0x00000201
core   0: 0x80002068 (0x02b73833) mulhu   a6, a4, a1
core   0: 3 0x80002068 (0x02b73833) x16 0x00000000
core   0: 0x8000206c (0x40c1dc33) sra     s8, gp, a2
core   0: 3 0x8000206c (0x40c1dc33) x24 0xc4228000
core   0: 0x80002070 (0x00000013) nop
core   0: 3 0x80002070 (0x00000013)
core   0: 0x80002074 (0x00000013) nop
core   0: 3 0x80002074 (0x00000013)
core   0: 0x80002078 (0x41a187b3) sub     a5, gp, s10
core   0: 3 0x80002078 (0x41a187b3) x15 0x08450000
core   0: 0x8000207c (0x01d071b3) and     gp, zero, t4
core   0: 3 0x8000207c (0x01d071b3) x 3 0x00000000
core   0: 0x80002080 (0x00bc0bb3) add     s7, s8, a1
core   0: 3 0x80002080 (0x00bc0bb3) x23 0xc4228000
core   0: 0x80002084 (0x00bbbdb3) sltu    s11, s7, a1
core   0: 3 0x80002084 (0x00bbbdb3) x27 0x00000000
core   0: 0x80002088 (0x03a312b3) mulh    t0, t1, s10
core   0: 3 0x80002088 (0x03a312b3) x 5 0xe47ffbfc
core   0: 0x8000208c (0x025128b3) mulhsu  a7, sp, t0
core   0: 3 0x8000208c (0x025128b3) x17 0x000001c9
core   0: 0x80002090 (0x022d8a33) mul     s4, s11, sp
core   0: 3 0x80002090 (0x022d8a33) x20 0x00000000
core   0: 0x80002094 (0x02ffc733) div     a4, t6, a5
core   0: 3 0x80002094 (0x02ffc733) x14 0x00000000
core   0: 0x80002098 (0xb982c093) xori    ra, t0, -1128
core   0: 3 0x80002098 (0xb982c093) x 1 0x1b800064
core   0: 0x8000209c (0x036bb7b3) mulhu   a5, s7, s6
core   0: 3 0x8000209c (0x036bb7b3) x15 0x1c5af318
core   0: 0x800020a0 (0x026687b3) mul     a5, a3, t1
core   0: 3 0x800020a0 (0x026687b3) x15 0x37000808
core   0: 0x800020a4 (0x4069de13) srai    t3, s3, 6
core   0: 3 0x800020a4 (0x4069de13) x28 0xfe000539
core   0: 0x800020a8 (0x023e6fb3) rem     t6, t3, gp
core   0: 3 0x800020a8 (0x023e6fb3) x31 0xfe000539
core   0: 0x800020ac (0x027030b3) mulhu   ra, zero, t2
core   0: 3 0x800020ac (0x027030b3) x 1 0x00000000
core   0: 0x800020b0 (0x00a28e33) add     t3, t0, a0
core   0: 3 0x800020b0 (0x00a28e33) x28 0xe47ff4a8
core   0: 0x800020b4 (0xc3968913) addi    s2, a3, -967
core   0: 3 0x800020b4 (0xc3968913) x18 0xfffffc3a
core   0: 0x800020b8 (0x036d34b3) mulhu   s1, s10, s6
core   0: 3 0x800020b8 (0x036d34b3) x 9 0x12814800
core   0: 0x800020bc (0x01f3d613) srli    a2, t2, 31
core   0: 3 0x800020bc (0x01f3d613) x12 0x00000000
core   0: 0x800020c0 (0x631bf793) andi    a5, s7, 1585
core   0: 3 0x800020c0 (0x631bf793) x15 0x00000000
core   0: 0x800020c4 (0x1a940393) addi    t2, s0, 425
core   0: 3 0x800020c4 (0x1a940393) x 7 0x000001a9
core   0: 0x800020c8 (0x00a858b3) srl     a7, a6, a0
core   0: 3 0x800020c8 (0x00a858b3) x17 0x00000000
core   0: 0x800020cc (0x02b8fe33) remu    t3, a7, a1
core   0: 3 0x800020cc (0x02b8fe33) x28 0x00000000
core   0: 0x800020d0 (0x007135b3) sltu    a1, sp, t2
core   0: 3 0x800020d0 (0x007135b3) x11 0x00000000
core   0: 0x800020d4 (0x6b933913) sltiu   s2, t1, 1721
core   0: 3 0x800020d4 (0x6b933913) x18 0x00000000
core   0: 0x800020d8 (0x0094a933) slt     s2, s1, s1
core   0: 3 0x800020d8 (0x0094a933) x18 0x00000000
core   0: 0x800020dc (0x40f48bb3) sub     s7, s1, a5
core   0: 3 0x800020dc (0x40f48bb3) x23 0x12814800
core   0: 0x800020e0 (0xe5f3fa13) andi    s4, t2, -417
core   0: 3 0x800020e0 (0xe5f3fa13) x20 0x00000009
core   0: 0x800020e4 (0x01bea733) slt     a4, t4, s11
core   0: 3 0x800020e4 (0x01bea733) x14 0x00000000
core   0: 0x800020e8 (0x40cf8533) sub     a0, t6, a2
core   0: 3 0x800020e8 (0x40cf8533) x10 0xfe000539
core   0: 0x800020ec (0x40b3d313) srai    t1, t2, 11
core   0: 3 0x800020ec (0x40b3d313) x 6 0x00000000
core   0: 0x800020f0 (0x00000013) nop
core   0: 3 0x800020f0 (0x00000013)
core   0: 0x800020f4 (0x01b44eb3) xor     t4, s0, s11
core   0: 3 0x800020f4 (0x01b44eb3) x29 0x00000000
core   0: 0x800020f8 (0x40fd0c33) sub     s8, s10, a5
core   0: 3 0x800020f8 (0x40fd0c33) x24 0x80000000
core   0: 0x800020fc (0x41cb8833) sub     a6, s7, t3
core   0: 3 0x800020fc (0x41cb8833) x16 0x12814800
core   0: 0x80002100 (0x4f160893) addi    a7, a2, 1265
core   0: 3 0x80002100 (0x4f160893) x17 0x000004f1
core   0: 0x80002104 (0xd7658313) addi    t1, a1, -650
core   0: 3 0x80002104 (0xd7658313) x 6 0xfffffd76
core   0: 0x80002108 (0x00160933) add     s2, a2, ra
core   0: 3 0x80002108 (0x00160933) x18 0x00000000
core   0: 0x8000210c (0x02611c33) mulh    s8, sp, t1
core   0: 3 0x8000210c (0x02611c33) x24 0xffffffff
core   0: 0x80002110 (0xa6e7a793) slti    a5, a5, -1426
core   0: 3 0x80002110 (0xa6e7a793) x15 0x00000000
core   0: 0x80002114 (0x03751933) mulh    s2, a0, s7
core   0: 3 0x80002114 (0x03751933) x18 0xffdafdd0
core   0: 0x80002118 (0x015f2433) slt     s0, t5, s5
core   0: 3 0x80002118 (0x015f2433) x 8 0x00000001
core   0: 0x8000211c (0x039e9633) mulh    a2, t4, s9
core   0: 3 0x8000211c (0x039e9633) x12 0x00000000
core   0: 0x80002120 (0x02df3433) mulhu   s0, t5, a3
core   0: 3 0x80002120 (0x02df3433) x 8 0x00000000
core   0: 0x80002124 (0x21b2cb93) xori    s7, t0, 539
core   0: 3 0x80002124 (0x21b2cb93) x23 0xe47ff9e7
core   0: 0x80002128 (0x00fd4bb3) xor     s7, s10, a5
core   0: 3 0x80002128 (0x00fd4bb3) x23 0x80000000
core   0: 0x8000212c (0x03e34c33) div     s8, t1, t5
core   0: 3 0x8000212c (0x03e34c33) x24 0x00000000
core   0: 0x80002130 (0x52d56f93) ori     t6, a0, 1325
core   0: 3 0x80002130 (0x52d56f93) x31 0xfe00053d
core   0: 0x80002134 (0x41ba0ab3) sub     s5, s4, s11
core   0: 3 0x80002134 (0x41ba0ab3) x21 0x00000009
core   0: 0x80002138 (0x03afacb3) mulhsu  s9, t6, s10
core   0: 3 0x80002138 (0x03afacb3) x25 0xff00029e
core   0: 0x8000213c (0x01964433) xor     s0, a2, s9
core   0: 3 0x8000213c (0x01964433) x 8 0xff00029e
core   0: 0x80002140 (0x1dd5a693) slti    a3, a1, 477
core   0: 3 0x80002140 (0x1dd5a693) x13 0x00000001
core   0: 0x80002144 (0x1aa58c93) addi    s9, a1, 426
core   0: 3 0x80002144 (0x1aa58c93) x25 0x000001aa
core   0: 0x80002148 (0x01a955b3) srl     a1, s2, s10
core   0: 3 0x80002148 (0x01a955b3) x11 0xffdafdd0
core   0: 0x8000214c (0x00faedb3) or      s11, s5, a5
core   0: 3 0x8000214c (0x00faedb3) x27 0x00000009
core   0: 0x80002150 (0x03d5c3b3) div     t2, a1, t4
core   0: 3 0x80002150 (0x03d5c3b3) x 7 0xffffffff
core   0: 0x80002154 (0x00a82b33) slt     s6, a6, a0
core   0: 3 0x80002154 (0x00a82b33) x22 0x00000000
core   0: 0x80002158 (0x00d75213) srli    tp, a4, 13
core   0: 3 0x80002158 (0x00d75213) x 4 0x00000000
core   0: 0x8000215c (0x02804ab3) div     s5, zero, s0
core   0: 3 0x8000215c (0x02804ab3) x21 0x00000000
core   0: 0x80002160 (0x020a9933) mulh    s2, s5, zero
core   0: 3 0x80002160 (0x020a9933) x18 0x00000000
core   0: 0x80002164 (0x00215e93) srli    t4, sp, 2
core   0: 3 0x80002164 (0x00215e93) x29 0x00000080
core   0: 0x80002168 (0x08f2e393) ori     t2, t0, 143
core   0: 3 0x80002168 (0x08f2e393) x 7 0xe47ffbff
core   0: 0x8000216c (0x01caf733) and     a4, s5, t3
core   0: 3 0x8000216c (0x01caf733) x14 0x00000000
core   0: 0x80002170 (0x03238333) mul     t1, t2, s2
core   0: 3 0x80002170 (0x03238333) x 6 0x00000000
core   0: 0x80002174 (0x2c7d0593) addi    a1, s10, 711
core   0: 3 0x80002174 (0x2c7d0593) x11 0x800002c7
core   0: 0x80002178 (0x7d05bf97) auipc   t6, 0x7d05b
core   0: 3 0x80002178 (0x7d05bf97) x31 0xfd05d178
core   0: 0x8000217c (0x0d618b13) addi    s6, gp, 214
core   0: 3 0x8000217c (0x0d618b13) x22 0x000000d6
core   0: 0x80002180 (0xc7bb2cb7) lui     s9, 0xc7bb2
core   0: 3 0x80002180 (0xc7bb2cb7) x25 0xc7bb2000
core   0: 0x80002184 (0x035d2333) mulhsu  t1, s10, s5
core   0: 3 0x80002184 (0x035d2333) x 6 0x00000000
core   0: 0x80002188 (0x01f5dcb3) srl     s9, a1, t6
core   0: 3 0x80002188 (0x01f5dcb3) x25 0x00000080
core   0: 0x8000218c (0x00ea2ab3) slt     s5, s4, a4
core   0: 3 0x8000218c (0x00ea2ab3) x21 0x00000000
core   0: 0x80002190 (0x02d56433) rem     s0, a0, a3
core   0: 3 0x80002190 (0x02d56433) x 8 0x00000000
core   0: 0x80002194 (0x0048a8b3) slt     a7, a7, tp
core   0: 3 0x80002194 (0x0048a8b3) x17 0x00000000
core   0: 0x80002198 (0x00000013) nop
core   0: 3 0x80002198 (0x00000013)
core   0: 0x8000219c (0x000924b3) slt     s1, s2, zero
core   0: 3 0x8000219c (0x000924b3) x 9 0x00000000
core   0: 0x800021a0 (0x00d3f4b3) and     s1, t2, a3
core   0: 3 0x800021a0 (0x00d3f4b3) x 9 0x00000001
core   0: 0x800021a4 (0x6f66c897) auipc   a7, 0x6f66c
core   0: 3 0x800021a4 (0x6f66c897) x17 0xef66e1a4
core   0: 0x800021a8 (0x010d36b3) sltu    a3, s10, a6
core   0: 3 0x800021a8 (0x010d36b3) x13 0x00000000
core   0: 0x800021ac (0x02749533) mulh    a0, s1, t2
core   0: 3 0x800021ac (0x02749533) x10 0xffffffff
core   0: 0x800021b0 (0x40c6dd93) srai    s11, a3, 12
core   0: 3 0x800021b0 (0x40c6dd93) x27 0x00000000
core   0: 0x800021b4 (0x039dd833) divu    a6, s11, s9
core   0: 3 0x800021b4 (0x039dd833) x16 0x00000000
core   0: 0x800021b8 (0x01f27c33) and     s8, tp, t6
core   0: 3 0x800021b8 (0x01f27c33) x24 0x00000000
core   0: 0x800021bc (0x00b99433) sll     s0, s3, a1
core   0: 3 0x800021bc (0x00b99433) x 8 0x00a73200
core   0: 0x800021c0 (0x91e40213) addi    tp, s0, -1762
core   0: 3 0x800021c0 (0x91e40213) x 4 0x00a72b1e
core   0: 0x800021c4 (0x5f4cb913) sltiu   s2, s9, 1524
core   0: 3 0x800021c4 (0x5f4cb913) x18 0x00000001
core   0: 0x800021c8 (0x03840533) mul     a0, s0, s8
core   0: 3 0x800021c8 (0x03840533) x10 0x00000000
core   0: 0x800021cc (0x00462cb3) slt     s9, a2, tp
core   0: 3 0x800021cc (0x00462cb3) x25 0x00000001
core   0: 0x800021d0 (0x02b35333) divu    t1, t1, a1
core   0: 3 0x800021d0 (0x02b35333) x 6 0x00000000
core   0: 0x800021d4 (0x0334e8b3) rem     a7, s1, s3
core   0: 3 0x800021d4 (0x0334e8b3) x17 0x00000001
core   0: 0x800021d8 (0xd39d3613) sltiu   a2, s10, -711
core   0: 3 0x800021d8 (0xd39d3613) x12 0x00000001
core   0: 0x800021dc (0x5ec93293) sltiu   t0, s2, 1516
core   0: 3 0x800021dc (0x5ec93293) x 5 0x00000001
core   0: 0x800021e0 (0x0148b4b3) sltu    s1, a7, s4
core   0: 3 0x800021e0 (0x0148b4b3) x 9 0x00000001
core   0: 0x800021e4 (0x0311d833) divu    a6, gp, a7
core   0: 3 0x800021e4 (0x0311d833) x16 0x00000000
core   0: 0x800021e8 (0x00b10c33) add     s8, sp, a1
core   0: 3 0x800021e8 (0x00b10c33) x24 0x800004c8
core   0: 0x800021ec (0x732af913) andi    s2, s5, 1842
core   0: 3 0x800021ec (0x732af913) x18 0x00000000
core   0: 0x800021f0 (0x037313b3) mulh    t2, t1, s7
core   0: 3 0x800021f0 (0x037313b3) x 7 0x00000000
core   0: 0x800021f4 (0x2e897493) andi    s1, s2, 744
core   0: 3 0x800021f4 (0x2e897493) x 9 0x00000000
core   0: 0x800021f8 (0x415f8c33) sub     s8, t6, s5
core   0: 3 0x800021f8 (0x415f8c33) x24 0xfd05d178
core   0: 0x800021fc (0x41dd5b13) srai    s6, s10, 29
core   0: 3 0x800021fc (0x41dd5b13) x22 0xfffffffc
core   0: 0x80002200 (0x004b63b3) or      t2, s6, tp
core   0: 3 0x80002200 (0x004b63b3) x 7 0xfffffffe
core   0: 0x80002204 (0x6963fd97) auipc   s11, 0x6963f
core   0: 3 0x80002204 (0x6963fd97) x27 0xe9641204
core   0: 0x80002208 (0x03dd0133) mul     sp, s10, t4
core   0: 3 0x80002208 (0x03dd0133) x 2 0x00000000
core   0: 0x8000220c (0x00587e33) and     t3, a6, t0
core   0: 3 0x8000220c (0x00587e33) x28 0x00000000
core   0: 0x80002210 (0xb6153e97) auipc   t4, 0xb6153
core   0: 3 0x80002210 (0xb6153e97) x29 0x36155210
core   0: 0x80002214 (0x032b4533) div     a0, s6, s2
core   0: 3 0x80002214 (0x032b4533) x10 0xffffffff
core   0: 0x80002218 (0x03a0c533) div     a0, ra, s10
core   0: 3 0x80002218 (0x03a0c533) x10 0x00000000
core   0: 0x8000221c (0xb8222a93) slti    s5, tp, -1150
core   0: 3 0x8000221c (0xb8222a93) x21 0x00000000
core   0: 0x80002220 (0x013fc4b3) xor     s1, t6, s3
core   0: 3 0x80002220 (0x013fc4b3) x 9 0x7d049f1c
core   0: 0x80002224 (0x03991b33) mulh    s6, s2, s9
core   0: 3 0x80002224 (0x03991b33) x22 0x00000000
core   0: 0x80002228 (0x03c33233) mulhu   tp, t1, t3
core   0: 3 0x80002228 (0x03c33233) x 4 0x00000000
core   0: 0x8000222c (0x2ff72017) auipc   zero, 0x2ff72
core   0: 3 0x8000222c (0x2ff72017)
core   0: 0x80002230 (0x00c1ffb3) and     t6, gp, a2
core   0: 3 0x80002230 (0x00c1ffb3) x31 0x00000000
core   0: 0x80002234 (0x740a4d93) xori    s11, s4, 1856
core   0: 3 0x80002234 (0x740a4d93) x27 0x00000749
core   0: 0x80002238 (0x7f554c93) xori    s9, a0, 2037
core   0: 3 0x80002238 (0x7f554c93) x25 0x000007f5
core   0: 0x8000223c (0x8f26b313) sltiu   t1, a3, -1806
core   0: 3 0x8000223c (0x8f26b313) x 6 0x00000001
core   0: 0x80002240 (0x41cf5c93) srai    s9, t5, 28
core   0: 3 0x80002240 (0x41cf5c93) x25 0xfffffff8
core   0: 0x80002244 (0x0283a533) mulhsu  a0, t2, s0
core   0: 3 0x80002244 (0x0283a533) x10 0xffffffff
core   0: 0x80002248 (0x4a164817) auipc   a6, 0x4a164
core   0: 3 0x80002248 (0x4a164817) x16 0xca166248
core   0: 0x8000224c (0x01f21e93) slli    t4, tp, 31
core   0: 3 0x8000224c (0x01f21e93) x29 0x00000000
core   0: 0x80002250 (0x409c0b33) sub     s6, s8, s1
core   0: 3 0x80002250 (0x409c0b33) x22 0x8001325c
core   0: 0x80002254 (0x020bc533) div     a0, s7, zero
core   0: 3 0x80002254 (0x020bc533) x10 0xffffffff
core   0: 0x80002258 (0x01b71533) sll     a0, a4, s11
core   0: 3 0x80002258 (0x01b71533) x10 0x00000000
core   0: 0x8000225c (0x014b2db3) slt     s11, s6, s4
core   0: 3 0x8000225c (0x014b2db3) x27 0x00000001
core   0: 0x80002260 (0x00000013) nop
core   0: 3 0x80002260 (0x00000013)
core   0: 0x80002264 (0x01f628b3) slt     a7, a2, t6
core   0: 3 0x80002264 (0x01f628b3) x17 0x00000000
core   0: 0x80002268 (0x02bbbbb3) mulhu   s7, s7, a1
core   0: 3 0x80002268 (0x02bbbbb3) x23 0x40000163
core   0: 0x8000226c (0x01141a33) sll     s4, s0, a7
core   0: 3 0x8000226c (0x01141a33) x20 0x00a73200
core   0: 0x80002270 (0x0025c233) xor     tp, a1, sp
core   0: 3 0x80002270 (0x0025c233) x 4 0x800002c7
core   0: 0x80002274 (0x01b185b3) add     a1, gp, s11
core   0: 3 0x80002274 (0x01b185b3) x11 0x00000001
core   0: 0x80002278 (0xa3af2b13) slti    s6, t5, -1478
core   0: 3 0x80002278 (0xa3af2b13) x22 0x00000001
core   0: 0x8000227c (0x02815233) divu    tp, sp, s0
core   0: 3 0x8000227c (0x02815233) x 4 0x00000000
core   0: 0x80002280 (0x79470513) addi    a0, a4, 1940
core   0: 3 0x80002280 (0x79470513) x10 0x00000794
core   0: 0x80002284 (0x011afc33) and     s8, s5, a7
core   0: 3 0x80002284 (0x011afc33) x24 0x00000000
core   0: 0x80002288 (0x03a6f5b3) remu    a1, a3, s10
core   0: 3 0x80002288 (0x03a6f5b3) x11 0x00000000
core   0: 0x8000228c (0x02f7c433) div     s0, a5, a5
core   0: 3 0x8000228c (0x02f7c433) x 8 0xffffffff
core   0: 0x80002290 (0x008c51b3) srl     gp, s8, s0
core   0: 3 0x80002290 (0x008c51b3) x 3 0x00000000
core   0: 0x80002294 (0x03a398b3) mulh    a7, t2, s10
core   0: 3 0x80002294 (0x03a398b3) x17 0x00000001
core   0: 0x80002298 (0x0265aeb3) mulhsu  t4, a1, t1
core   0: 3 0x80002298 (0x0265aeb3) x29 0x00000000
core   0: 0x8000229c (0x01039113) slli    sp, t2, 16
core   0: 3 0x8000229c (0x01039113) x 2 0xfffe0000
core   0: 0x800022a0 (0xb502cc93) xori    s9, t0, -1200
core   0: 3 0x800022a0 (0xb502cc93) x25 0xfffffb51
core   0: 0x800022a4 (0x36bfb313) sltiu   t1, t6, 875
core   0: 3 0x800022a4 (0x36bfb313) x 6 0x00000001
core   0: 0x800022a8 (0x00000013) nop
core   0: 3 0x800022a8 (0x00000013)
core   0: 0x800022ac (0x0116d1b3) srl     gp, a3, a7
core   0: 3 0x800022ac (0x0116d1b3) x 3 0x00000000
core   0: 0x800022b0 (0x0322ebb3) rem     s7, t0, s2
core   0: 3 0x800022b0 (0x0322ebb3) x23 0x00000001
core   0: 0x800022b4 (0x03d568b3) rem     a7, a0, t4
core   0: 3 0x800022b4 (0x03d568b3) x17 0x00000794
core   0: 0x800022b8 (0x768e3a93) sltiu   s5, t3, 1896
core   0: 3 0x800022b8 (0x768e3a93) x21 0x00000001
core   0: 0x800022bc (0x03e23e33) mulhu   t3, tp, t5
core   0: 3 0x800022bc (0x03e23e33) x28 0x00000000
core   0: 0x800022c0 (0x0048d793) srli    a5, a7, 4
core   0: 3 0x800022c0 (0x0048d793) x15 0x00000079
core   0: 0x800022c4 (0x02d8f233) remu    tp, a7, a3
core   0: 3 0x800022c4 (0x02d8f233) x 4 0x00000794
core   0: 0x800022c8 (0x4147d613) srai    a2, a5, 20
core   0: 3 0x800022c8 (0x4147d613) x12 0x00000000
core   0: 0x800022cc (0x03f525b3) mulhsu  a1, a0, t6
core   0: 3 0x800022cc (0x03f525b3) x11 0x00000000
core   0: 0x800022d0 (0x033abb13) sltiu   s6, s5, 51
core   0: 3 0x800022d0 (0x033abb13) x22 0x00000001
core   0: 0x800022d4 (0x00f4d513) srli    a0, s1, 15
core   0: 3 0x800022d4 (0x00f4d513) x10 0x0000fa09
core   0: 0x800022d8 (0x03e06eb3) rem     t4, zero, t5
core   0: 3 0x800022d8 (0x03e06eb3) x29 0x00000000
core   0: 0x800022dc (0x01be5bb3) srl     s7, t3, s11
core   0: 3 0x800022dc (0x01be5bb3) x23 0x00000000
core   0: 0x800022e0 (0x81c0ad93) slti    s11, ra, -2020
core   0: 3 0x800022e0 (0x81c0ad93) x27 0x00000000
core   0: 0x800022e4 (0x0264d4b3) divu    s1, s1, t1
core   0: 3 0x800022e4 (0x0264d4b3) x 9 0x7d049f1c
core   0: 0x800022e8 (0x00000013) nop
core   0: 3 0x800022e8 (0x00000013)
core   0: 0x800022ec (0x034310b3) mulh    ra, t1, s4
core   0: 3 0x800022ec (0x034310b3) x 1 0x00000000
core   0: 0x800022f0 (0x005524b3) slt     s1, a0, t0
core   0: 3 0x800022f0 (0x005524b3) x 9 0x00000000
core   0: 0x800022f4 (0x01e30cb3) add     s9, t1, t5
core   0: 3 0x800022f4 (0x01e30cb3) x25 0x80018ce5
core   0: 0x800022f8 (0x010831b3) sltu    gp, a6, a6
core   0: 3 0x800022f8 (0x010831b3) x 3 0x00000000
core   0: 0x800022fc (0x01f81193) slli    gp, a6, 31
core   0: 3 0x800022fc (0x01f81193) x 3 0x00000000
core   0: 0x80002300 (0xda838d93) addi    s11, t2, -600
core   0: 3 0x80002300 (0xda838d93) x27 0xfffffda6
core   0: 0x80002304 (0x00611813) slli    a6, sp, 6
core   0: 3 0x80002304 (0x00611813) x16 0xff800000
core   0: 0x80002308 (0x8c2f4893) xori    a7, t5, -1854
core   0: 3 0x80002308 (0x8c2f4893) x17 0x7ffe7426
core   0: 0x8000230c (0x0117d233) srl     tp, a5, a7
core   0: 3 0x8000230c (0x0117d233) x 4 0x00000001
core   0: 0x80002310 (0x03b7ccb3) div     s9, a5, s11
core   0: 3 0x80002310 (0x03b7ccb3) x25 0x00000000
core   0: 0x80002314 (0x9932c213) xori    tp, t0, -1645
core   0: 3 0x80002314 (0x9932c213) x 4 0xfffff992
core   0: 0x80002318 (0x03dbf8b3) remu    a7, s7, t4
core   0: 3 0x80002318 (0x03dbf8b3) x17 0x00000000
core   0: 0x8000231c (0x0bf33913) sltiu   s2, t1, 191
core   0: 3 0x8000231c (0x0bf33913) x18 0x00000001
core   0: 0x80002320 (0x00355513) srli    a0, a0, 3
core   0: 3 0x80002320 (0x00355513) x10 0x00001f41
core   0: 0x80002324 (0x419787b3) sub     a5, a5, s9
core   0: 3 0x80002324 (0x419787b3) x15 0x00000079
core   0: 0x80002328 (0x00915b33) srl     s6, sp, s1
core   0: 3 0x80002328 (0x00915b33) x22 0xfffe0000
core   0: 0x8000232c (0x02360833) mul     a6, a2, gp
core   0: 3 0x8000232c (0x02360833) x16 0x00000000
core   0: 0x80002330 (0x40d901b3) sub     gp, s2, a3
core   0: 3 0x80002330 (0x40d901b3) x 3 0x00000001
core   0: 0x80002334 (0x03b37133) remu    sp, t1, s11
core   0: 3 0x80002334 (0x03b37133) x 2 0x00000001
core   0: 0x80002338 (0x00000013) nop
core   0: 3 0x80002338 (0x00000013)
core   0: 0x8000233c (0x0324beb3) mulhu   t4, s1, s2
core   0: 3 0x8000233c (0x0324beb3) x29 0x00000000
core   0: 0x80002340 (0x032b1533) mulh    a0, s6, s2
core   0: 3 0x80002340 (0x032b1533) x10 0xffffffff
core   0: 0x80002344 (0x036df5b3) remu    a1, s11, s6
core   0: 3 0x80002344 (0x036df5b3) x11 0x0001fda6
core   0: 0x80002348 (0x0358c0b3) div     ra, a7, s5
core   0: 3 0x80002348 (0x0358c0b3) x 1 0x00000000
core   0: 0x8000234c (0x0372a533) mulhsu  a0, t0, s7
core   0: 3 0x8000234c (0x0372a533) x10 0x00000000
core   0: 0x80002350 (0x015e1a33) sll     s4, t3, s5
core   0: 3 0x80002350 (0x015e1a33) x20 0x00000000
core   0: 0x80002354 (0xf5de0db7) lui     s11, 0xf5de0
core   0: 3 0x80002354 (0xf5de0db7) x27 0xf5de0000
core   0: 0x80002358 (0x00c97ab3) and     s5, s2, a2
core   0: 3 0x80002358 (0x00c97ab3) x21 0x00000000
core   0: 0x8000235c (0xff22fe93) andi    t4, t0, -14
core   0: 3 0x8000235c (0xff22fe93) x29 0x00000000
core   0: 0x80002360 (0xdbf44213) xori    tp, s0, -577
core   0: 3 0x80002360 (0xdbf44213) x 4 0x00000240
core   0: 0x80002364 (0x003043b3) xor     t2, zero, gp
core   0: 3 0x80002364 (0x003043b3) x 7 0x00000001
core   0: 0x80002368 (0x03b76833) rem     a6, a4, s11
core   0: 3 0x80002368 (0x03b76833) x16 0x00000000
core   0: 0x8000236c (0x00518933) add     s2, gp, t0
core   0: 3 0x8000236c (0x00518933) x18 0x00000002
core   0: 0x80002370 (0x00b168b3) or      a7, sp, a1
core   0: 3 0x80002370 (0x00b168b3) x17 0x0001fda7
core   0: 0x80002374 (0x41ab8633) sub     a2, s7, s10
core   0: 3 0x80002374 (0x41ab8633) x12 0x80000000
core   0: 0x80002378 (0xe801e193) ori     gp, gp, -384
core   0: 3 0x80002378 (0xe801e193) x 3 0xfffffe81
core   0: 0x8000237c (0x34fe3093) sltiu   ra, t3, 847
core   0: 3 0x8000237c (0x34fe3093) x 1 0x00000001
core   0: 0x80002380 (0x403854b3) sra     s1, a6, gp
core   0: 3 0x80002380 (0x403854b3) x 9 0x00000000
core   0: 0x80002384 (0x79482193) slti    gp, a6, 1940
core   0: 3 0x80002384 (0x79482193) x 3 0x00000001
core   0: 0x80002388 (0x0356abb3) mulhsu  s7, a3, s5
core   0: 3 0x80002388 (0x0356abb3) x23 0x00000000
core   0: 0x8000238c (0x01188bb3) add     s7, a7, a7
core   0: 3 0x8000238c (0x01188bb3) x23 0x0003fb4e
core   0: 0x80002390 (0x02ab8ab3) mul     s5, s7, a0
core   0: 3 0x80002390 (0x02ab8ab3) x21 0x00000000
core   0: 0x80002394 (0x9fe42e13) slti    t3, s0, -1538
core   0: 3 0x80002394 (0x9fe42e13) x28 0x00000000
core   0: 0x80002398 (0x38292b13) slti    s6, s2, 898
core   0: 3 0x80002398 (0x38292b13) x22 0x00000001
core   0: 0x8000239c (0x4187d613) srai    a2, a5, 24
core   0: 3 0x8000239c (0x4187d613) x12 0x00000000
core   0: 0x800023a0 (0x004d08b3) add     a7, s10, tp
core   0: 3 0x800023a0 (0x004d08b3) x17 0x80000240
core   0: 0x800023a4 (0x00cf8033) add     zero, t6, a2
core   0: 3 0x800023a4 (0x00cf8033)
core   0: 0x800023a8 (0x01e4dbb3) srl     s7, s1, t5
core   0: 3 0x800023a8 (0x01e4dbb3) x23 0x00000000
core   0: 0x800023ac (0x03f89733) mulh    a4, a7, t6
core   0: 3 0x800023ac (0x03f89733) x14 0x00000000
core   0: 0x800023b0 (0x41210eb3) sub     t4, sp, s2
core   0: 3 0x800023b0 (0x41210eb3) x29 0xffffffff
core   0: 0x800023b4 (0x3676c2b7) lui     t0, 0x3676c
core   0: 3 0x800023b4 (0x3676c2b7) x 5 0x3676c000
core   0: 0x800023b8 (0x705eae93) slti    t4, t4, 1797
core   0: 3 0x800023b8 (0x705eae93) x29 0x00000001
core   0: 0x800023bc (0x8dfeae93) slti    t4, t4, -1825
core   0: 3 0x800023bc (0x8dfeae93) x29 0x00000000
core   0: 0x800023c0 (0x019ddb13) srli    s6, s11, 25
core   0: 3 0x800023c0 (0x019ddb13) x22 0x0000007a
core   0: 0x800023c4 (0x407351b3) sra     gp, t1, t2
core   0: 3 0x800023c4 (0x407351b3) x 3 0x00000000
core   0: 0x800023c8 (0x02230ab3) mul     s5, t1, sp
core   0: 3 0x800023c8 (0x02230ab3) x21 0x00000001
core   0: 0x800023cc (0x2594fa13) andi    s4, s1, 601
core   0: 3 0x800023cc (0x2594fa13) x20 0x00000000
core   0: 0x800023d0 (0x023b54b3) divu    s1, s6, gp
core   0: 3 0x800023d0 (0x023b54b3) x 9 0xffffffff
core   0: 0x800023d4 (0xaf6eb513) sltiu   a0, t4, -1290
core   0: 3 0x800023d4 (0xaf6eb513) x10 0x00000001
core   0: 0x800023d8 (0x02b26233) rem     tp, tp, a1
core   0: 3 0x800023d8 (0x02b26233) x 4 0x00000240
core   0: 0x800023dc (0x00d57433) and     s0, a0, a3
core   0: 3 0x800023dc (0x00d57433) x 8 0x00000000
core   0: 0x800023e0 (0x01aad613) srli    a2, s5, 26
core   0: 3 0x800023e0 (0x01aad613) x12 0x00000000
core   0: 0x800023e4 (0x01401d93) slli    s11, zero, 20
core   0: 3 0x800023e4 (0x01401d93) x27 0x00000000
core   0: 0x800023e8 (0x036460b3) rem     ra, s0, s6
core   0: 3 0x800023e8 (0x036460b3) x 1 0x00000000
core   0: 0x800023ec (0x03fc9db3) mulh    s11, s9, t6
core   0: 3 0x800023ec (0x03fc9db3) x27 0x00000000
core   0: 0x800023f0 (0x03c6c4b3) div     s1, a3, t3
core   0: 3 0x800023f0 (0x03c6c4b3) x 9 0xffffffff
core   0: 0x800023f4 (0x4072dab3) sra     s5, t0, t2
core   0: 3 0x800023f4 (0x4072dab3) x21 0x1b3b6000
core   0: 0x800023f8 (0x01881db3) sll     s11, a6, s8
core   0: 3 0x800023f8 (0x01881db3) x27 0x00000000
core   0: 0x800023fc (0x41eb51b3) sra     gp, s6, t5
core   0: 3 0x800023fc (0x41eb51b3) x 3 0x00000007
core   0: 0x80002400 (0x00914433) xor     s0, sp, s1
core   0: 3 0x80002400 (0x00914433) x 8 0xfffffffe
core   0: 0x80002404 (0x016ed233) srl     tp, t4, s6
core   0: 3 0x80002404 (0x016ed233) x 4 0x00000000
core   0: 0x80002408 (0x000bd5b3) srl     a1, s7, zero
core   0: 3 0x80002408 (0x000bd5b3) x11 0x00000000
core   0: 0x8000240c (0x411a0fb3) sub     t6, s4, a7
core   0: 3 0x8000240c (0x411a0fb3) x31 0x7ffffdc0
core   0: 0x80002410 (0x03a2d8b3) divu    a7, t0, s10
core   0: 3 0x80002410 (0x03a2d8b3) x17 0x00000000
core   0: 0x80002414 (0x0228cfb3) div     t6, a7, sp
core   0: 3 0x80002414 (0x0228cfb3) x31 0x00000000
core   0: 0x80002418 (0x03a99933) mulh    s2, s3, s10
core   0: 3 0x80002418 (0x03a99933) x18 0x3fff58ce
core   0: 0x8000241c (0x01d34733) xor     a4, t1, t4
core   0: 3 0x8000241c (0x01d34733) x14 0x00000001
core   0: 0x80002420 (0x012bd513) srli    a0, s7, 18
core   0: 3 0x80002420 (0x012bd513) x10 0x00000000
core   0: 0x80002424 (0x037a1db3) mulh    s11, s4, s7
core   0: 3 0x80002424 (0x037a1db3) x27 0x00000000
core   0: 0x80002428 (0x030f8633) mul     a2, t6, a6
core   0: 3 0x80002428 (0x030f8633) x12 0x00000000
core   0: 0x8000242c (0xa38bf193) andi    gp, s7, -1480
core   0: 3 0x8000242c (0xa38bf193) x 3 0x00000000
core   0: 0x80002430 (0x008e5733) srl     a4, t3, s0
core   0: 3 0x80002430 (0x008e5733) x14 0x00000000
core   0: 0x80002434 (0x00e9b933) sltu    s2, s3, a4
core   0: 3 0x80002434 (0x00e9b933) x18 0x00000000
core   0: 0x80002438 (0x01a515b3) sll     a1, a0, s10
core   0: 3 0x80002438 (0x01a515b3) x11 0x00000000
core   0: 0x8000243c (0x00733ab3) sltu    s5, t1, t2
core   0: 3 0x8000243c (0x00733ab3) x21 0x00000000
core   0: 0x80002440 (0x6cb92bb7) lui     s7, 0x6cb92
core   0: 3 0x80002440 (0x6cb92bb7) x23 0x6cb92000
core   0: 0x80002444 (0x40f80db3) sub     s11, a6, a5
core   0: 3 0x80002444 (0x40f80db3) x27 0xffffff87
core   0: 0x80002448 (0x029a7533) remu    a0, s4, s1
core   0: 3 0x80002448 (0x029a7533) x10 0x00000000
core   0: 0x8000244c (0x03efe2b3) rem     t0, t6, t5
core   0: 3 0x8000244c (0x03efe2b3) x 5 0x00000000
core   0: 0x80002450 (0x01c364b3) or      s1, t1, t3
core   0: 3 0x80002450 (0x01c364b3) x 9 0x00000001
core   0: 0x80002454 (0x8d9fcb93) xori    s7, t6, -1831
core   0: 3 0x80002454 (0x8d9fcb93) x23 0xfffff8d9
core   0: 0x80002458 (0x40acddb3) sra     s11, s9, a0
core   0: 3 0x80002458 (0x40acddb3) x27 0x00000000
core   0: 0x8000245c (0x02d5b3b3) mulhu   t2, a1, a3
core   0: 3 0x8000245c (0x02d5b3b3) x 7 0x00000000
core   0: 0x80002460 (0x44224097) auipc   ra, 0x44224
core   0: 3 0x80002460 (0x44224097) x 1 0xc4226460
core   0: 0x80002464 (0x024bce33) div     t3, s7, tp
core   0: 3 0x80002464 (0x024bce33) x28 0xffffffff
core   0: 0x80002468 (0x032f2133) mulhsu  sp, t5, s2
core   0: 3 0x80002468 (0x032f2133) x 2 0x00000000
core   0: 0x8000246c (0x03237333) remu    t1, t1, s2
core   0: 3 0x8000246c (0x03237333) x 6 0x00000001
core   0: 0x80002470 (0x039a6a33) rem     s4, s4, s9
core   0: 3 0x80002470 (0x039a6a33) x20 0x00000000
core   0: 0x80002474 (0x01f3a233) slt     tp, t2, t6
core   0: 3 0x80002474 (0x01f3a233) x 4 0x00000000
core   0: 0x80002478 (0x0017dd93) srli    s11, a5, 1
core   0: 3 0x80002478 (0x0017dd93) x27 0x0000003c
core   0: 0x8000247c (0x00389e33) sll     t3, a7, gp
core   0: 3 0x8000247c (0x00389e33) x28 0x00000000
core   0: 0x80002480 (0x023a2db3) mulhsu  s11, s4, gp
core   0: 3 0x80002480 (0x023a2db3) x27 0x00000000
core   0: 0x80002484 (0x01b03833) snez    a6, s11
core   0: 3 0x80002484 (0x01b03833) x16 0x00000000
core   0: 0x80002488 (0x01202db3) slt     s11, zero, s2
core   0: 3 0x80002488 (0x01202db3) x27 0x00000000
core   0: 0x8000248c (0x00edd7b3) srl     a5, s11, a4
core   0: 3 0x8000248c (0x00edd7b3) x15 0x00000000
core   0: 0x80002490 (0x03a76133) rem     sp, a4, s10
core   0: 3 0x80002490 (0x03a76133) x 2 0x00000000
core   0: 0x80002494 (0x01146233) or      tp, s0, a7
core   0: 3 0x80002494 (0x01146233) x 4 0xfffffffe
core   0: 0x80002498 (0x00fd9e33) sll     t3, s11, a5
core   0: 3 0x80002498 (0x00fd9e33) x28 0x00000000
core   0: 0x8000249c (0x237b92b7) lui     t0, 0x237b9
core   0: 3 0x8000249c (0x237b92b7) x 5 0x237b9000
core   0: 0x800024a0 (0x007764b3) or      s1, a4, t2
core   0: 3 0x800024a0 (0x007764b3) x 9 0x00000000
core   0: 0x800024a4 (0x00ab0333) add     t1, s6, a0
core   0: 3 0x800024a4 (0x00ab0333) x 6 0x0000007a
core   0: 0x800024a8 (0x026e34b3) mulhu   s1, t3, t1
core   0: 3 0x800024a8 (0x026e34b3) x 9 0x00000000
core   0: 0x800024ac (0x0a153f93) sltiu   t6, a0, 161
core   0: 3 0x800024ac (0x0a153f93) x31 0x00000001
core   0: 0x800024b0 (0x024aedb3) rem     s11, s5, tp
core   0: 3 0x800024b0 (0x024aedb3) x27 0x00000000
core   0: 0x800024b4 (0x52732093) slti    ra, t1, 1319
core   0: 3 0x800024b4 (0x52732093) x 1 0x00000001
core   0: 0x800024b8 (0x0dfd6d93) ori     s11, s10, 223
core   0: 3 0x800024b8 (0x0dfd6d93) x27 0x800000df
core   0: 0x800024bc (0x0365b333) mulhu   t1, a1, s6
core   0: 3 0x800024bc (0x0365b333) x 6 0x00000000
core   0: 0x800024c0 (0xcab0ae93) slti    t4, ra, -853
core   0: 3 0x800024c0 (0xcab0ae93) x29 0x00000000
core   0: 0x800024c4 (0x012676b3) and     a3, a2, s2
core   0: 3 0x800024c4 (0x012676b3) x13 0x00000000
core   0: 0x800024c8 (0x00000013) nop
core   0: 3 0x800024c8 (0x00000013)
core   0: 0x800024cc (0x0090d693) srli    a3, ra, 9
core   0: 3 0x800024cc (0x0090d693) x13 0x00000000
core   0: 0x800024d0 (0x00a73e33) sltu    t3, a4, a0
core   0: 3 0x800024d0 (0x00a73e33) x28 0x00000000
core   0: 0x800024d4 (0x00104db3) xor     s11, zero, ra
core   0: 3 0x800024d4 (0x00104db3) x27 0x00000001
core   0: 0x800024d8 (0xb5106db7) lui     s11, 0xb5106
core   0: 3 0x800024d8 (0xb5106db7) x27 0xb5106000
core   0: 0x800024dc (0x02145a33) divu    s4, s0, ra
core   0: 3 0x800024dc (0x02145a33) x20 0xfffffffe
core   0: 0x800024e0 (0x7631ed93) ori     s11, gp, 1891
core   0: 3 0x800024e0 (0x7631ed93) x27 0x00000763
core   0: 0x800024e4 (0xa441f393) andi    t2, gp, -1468
core   0: 3 0x800024e4 (0xa441f393) x 7 0x00000000
core   0: 0x800024e8 (0xc91a3413) sltiu   s0, s4, -879
core   0: 3 0x800024e8 (0xc91a3413) x 8 0x00000000
core   0: 0x800024ec (0x007de433) or      s0, s11, t2
core   0: 3 0x800024ec (0x007de433) x 8 0x00000763
core   0: 0x800024f0 (0x3035f513) andi    a0, a1, 771
core   0: 3 0x800024f0 (0x3035f513) x10 0x00000000
core   0: 0x800024f4 (0x0112f1b3) and     gp, t0, a7
core   0: 3 0x800024f4 (0x0112f1b3) x 3 0x00000000
core   0: 0x800024f8 (0x03c98233) mul     tp, s3, t3
core   0: 3 0x800024f8 (0x03c98233) x 4 0x00000000
core   0: 0x800024fc (0x401b04b3) sub     s1, s6, ra
core   0: 3 0x800024fc (0x401b04b3) x 9 0x00000079
core   0: 0x80002500 (0xcd72fcb7) lui     s9, 0xcd72f
core   0: 3 0x80002500 (0xcd72fcb7) x25 0xcd72f000
core   0: 0x80002504 (0x009b1413) slli    s0, s6, 9
core   0: 3 0x80002504 (0x009b1413) x 8 0x0000f400
core   0: 0x80002508 (0x023c0e33) mul     t3, s8, gp
core   0: 3 0x80002508 (0x023c0e33) x28 0x00000000
core   0: 0x8000250c (0xc29b94b7) lui     s1, 0xc29b9
core   0: 3 0x8000250c (0xc29b94b7) x 9 0xc29b9000
core   0: 0x80002510 (0xd9b13a13) sltiu   s4, sp, -613
core   0: 3 0x80002510 (0xd9b13a13) x20 0x00000001
core   0: 0x80002514 (0x0299d4b3) divu    s1, s3, s1
core   0: 3 0x80002514 (0x0299d4b3) x 9 0x00000000
core   0: 0x80002518 (0x00a3b933) sltu    s2, t2, a0
core   0: 3 0x80002518 (0x00a3b933) x18 0x00000000
core   0: 0x8000251c (0x03718b33) mul     s6, gp, s7
core   0: 3 0x8000251c (0x03718b33) x22 0x00000000
core   0: 0x80002520 (0x22758c17) auipc   s8, 0x22758
core   0: 3 0x80002520 (0x22758c17) x24 0xa275a520
core   0: 0x80002524 (0x02b1c4b3) div     s1, gp, a1
core   0: 3 0x80002524 (0x02b1c4b3) x 9 0xffffffff
core   0: 0x80002528 (0x01bd74b3) and     s1, s10, s11
core   0: 3 0x80002528 (0x01bd74b3) x 9 0x00000000
core   0: 0x8000252c (0x037c7c33) remu    s8, s8, s7
core   0: 3 0x8000252c (0x037c7c33) x24 0xa275a520
core   0: 0x80002530 (0x31753793) sltiu   a5, a0, 791
core   0: 3 0x80002530 (0x31753793) x15 0x00000001
core   0: 0x80002534 (0x01415593) srli    a1, sp, 20
core   0: 3 0x80002534 (0x01415593) x11 0x00000000
core   0: 0x80002538 (0x43dd9037) lui     zero, 0x43dd9
core   0: 3 0x80002538 (0x43dd9037)
core   0: 0x8000253c (0x03a4beb3) mulhu   t4, s1, s10
core   0: 3 0x8000253c (0x03a4beb3) x29 0x00000000
core   0: 0x80002540 (0x0269a933) mulhsu  s2, s3, t1
core   0: 3 0x80002540 (0x0269a933) x18 0x00000000
core   0: 0x80002544 (0x015248b3) xor     a7, tp, s5
core   0: 3 0x80002544 (0x015248b3) x17 0x00000000
core   0: 0x80002548 (0x00c13013) sltiu   zero, sp, 12
core   0: 3 0x80002548 (0x00c13013)
core   0: 0x8000254c (0x033262b3) rem     t0, tp, s3
core   0: 3 0x8000254c (0x033262b3) x 5 0x00000000
core   0: 0x80002550 (0x001355b3) srl     a1, t1, ra
core   0: 3 0x80002550 (0x001355b3) x11 0x00000000
core   0: 0x80002554 (0xd0d32b97) auipc   s7, 0xd0d32
core   0: 3 0x80002554 (0xd0d32b97) x23 0x50d34554
core   0: 0x80002558 (0x0143c533) xor     a0, t2, s4
core   0: 3 0x80002558 (0x0143c533) x10 0x00000001
core   0: 0x8000255c (0xcc197a93) andi    s5, s2, -831
core   0: 3 0x8000255c (0xcc197a93) x21 0x00000000
core   0: 0x80002560 (0x010e4cb3) xor     s9, t3, a6
core   0: 3 0x80002560 (0x010e4cb3) x25 0x00000000
core   0: 0x80002564 (0x001725b3) slt     a1, a4, ra
core   0: 3 0x80002564 (0x001725b3) x11 0x00000001
core   0: 0x80002568 (0x016d01b3) add     gp, s10, s6
core   0: 3 0x80002568 (0x016d01b3) x 3 0x80000000
core   0: 0x8000256c (0x006f3db3) sltu    s11, t5, t1
core   0: 3 0x8000256c (0x006f3db3) x27 0x00000000
core   0: 0x80002570 (0x005b1a13) slli    s4, s6, 5
core   0: 3 0x80002570 (0x005b1a13) x20 0x00000000
core   0: 0x80002574 (0x03e5ae33) mulhsu  t3, a1, t5
core   0: 3 0x80002574 (0x03e5ae33) x28 0x00000000
core   0: 0x80002578 (0xdc822493) slti    s1, tp, -568
core   0: 3 0x80002578 (0xdc822493) x 9 0x00000000
core   0: 0x8000257c (0x0156ee33) or      t3, a3, s5
core   0: 3 0x8000257c (0x0156ee33) x28 0x00000000
core   0: 0x80002580 (0x031e88b3) mul     a7, t4, a7
core   0: 3 0x80002580 (0x031e88b3) x17 0x00000000
core   0: 0x80002584 (0x00000013) nop
core   0: 3 0x80002584 (0x00000013)
core   0: 0x80002588 (0x012b94b3) sll     s1, s7, s2
core   0: 3 0x80002588 (0x012b94b3) x 9 0x50d34554
core   0: 0x8000258c (0x027df6b3) remu    a3, s11, t2
core   0: 3 0x8000258c (0x027df6b3) x13 0x00000000
core   0: 0x80002590 (0x02d7f2b3) remu    t0, a5, a3
core   0: 3 0x80002590 (0x02d7f2b3) x 5 0x00000001
core   0: 0x80002594 (0x02cd3b33) mulhu   s6, s10, a2
core   0: 3 0x80002594 (0x02cd3b33) x22 0x00000000
core   0: 0x80002598 (0x034d6db3) rem     s11, s10, s4
core   0: 3 0x80002598 (0x034d6db3) x27 0x80000000
core   0: 0x8000259c (0xddcfd317) auipc   t1, 0xddcfd
core   0: 3 0x8000259c (0xddcfd317) x 6 0x5dcff59c
core   0: 0x800025a0 (0x01dc5893) srli    a7, s8, 29
core   0: 3 0x800025a0 (0x01dc5893) x17 0x00000005
core   0: 0x800025a4 (0x035d78b3) remu    a7, s10, s5
core   0: 3 0x800025a4 (0x035d78b3) x17 0x80000000
core   0: 0x800025a8 (0x40fc8633) sub     a2, s9, a5
core   0: 3 0x800025a8 (0x40fc8633) x12 0xffffffff
core   0: 0x800025ac (0x0112f933) and     s2, t0, a7
core   0: 3 0x800025ac (0x0112f933) x18 0x00000000
core   0: 0x800025b0 (0x02259c33) mulh    s8, a1, sp
core   0: 3 0x800025b0 (0x02259c33) x24 0x00000000
core   0: 0x800025b4 (0xbebea393) slti    t2, t4, -1045
core   0: 3 0x800025b4 (0xbebea393) x 7 0x00000000
core   0: 0x800025b8 (0x4172da13) srai    s4, t0, 23
core   0: 3 0x800025b8 (0x4172da13) x20 0x00000000
core   0: 0x800025bc (0x02fc0c33) mul     s8, s8, a5
core   0: 3 0x800025bc (0x02fc0c33) x24 0x00000000
core   0: 0x800025c0 (0x008b5593) srli    a1, s6, 8
core   0: 3 0x800025c0 (0x008b5593) x11 0x00000000
core   0: 0x800025c4 (0x0068e733) or      a4, a7, t1
core   0: 3 0x800025c4 (0x0068e733) x14 0xddcff59c
core   0: 0x800025c8 (0xa213fa93) andi    s5, t2, -1503
core   0: 3 0x800025c8 (0xa213fa93) x21 0x00000000
core   0: 0x800025cc (0x022712b3) mulh    t0, a4, sp
core   0: 3 0x800025cc (0x022712b3) x 5 0x00000000
core   0: 0x800025d0 (0x01a35533) srl     a0, t1, s10
core   0: 3 0x800025d0 (0x01a35533) x10 0x5dcff59c
core   0: 0x800025d4 (0x015a7ab3) and     s5, s4, s5
core   0: 3 0x800025d4 (0x015a7ab3) x21 0x00000000
core   0: 0x800025d8 (0x00000013) nop
core   0: 3 0x800025d8 (0x00000013)
core   0: 0x800025dc (0x0319d7b3) divu    a5, s3, a7
core   0: 3 0x800025dc (0x0319d7b3) x15 0x00000001
core   0: 0x800025e0 (0xefd73d93) sltiu   s11, a4, -259
core   0: 3 0x800025e0 (0xefd73d93) x27 0x00000001
core   0: 0x800025e4 (0x02d31fb3) mulh    t6, t1, a3
core   0: 3 0x800025e4 (0x02d31fb3) x31 0x00000000
core   0: 0x800025e8 (0x01f2eab3) or      s5, t0, t6
core   0: 3 0x800025e8 (0x01f2eab3) x21 0x00000000
core   0: 0x800025ec (0x4211c297) auipc   t0, 0x4211c
core   0: 3 0x800025ec (0x4211c297) x 5 0xc211e5ec
core   0: 0x800025f0 (0x5f63ef93) ori     t6, t2, 1526
core   0: 3 0x800025f0 (0x5f63ef93) x31 0x000005f6
core   0: 0x800025f4 (0x02fc48b3) div     a7, s8, a5
core   0: 3 0x800025f4 (0x02fc48b3) x17 0x00000000
core   0: 0x800025f8 (0x00d60437) lui     s0, 0xd60
core   0: 3 0x800025f8 (0x00d60437) x 8 0x00d60000
core   0: 0x800025fc (0x0137aab3) slt     s5, a5, s3
core   0: 3 0x800025fc (0x0137aab3) x21 0x00000000
core   0: 0x80002600 (0x00bb5db3) srl     s11, s6, a1
core   0: 3 0x80002600 (0x00bb5db3) x27 0x00000000
core   0: 0x80002604 (0xe3414c13) xori    s8, sp, -460
core   0: 3 0x80002604 (0xe3414c13) x24 0xfffffe34
core   0: 0x80002608 (0x01f4a433) slt     s0, s1, t6
core   0: 3 0x80002608 (0x01f4a433) x 8 0x00000000
core   0: 0x8000260c (0x41e1d433) sra     s0, gp, t5
core   0: 3 0x8000260c (0x41e1d433) x 8 0xf8000000
core   0: 0x80002610 (0x01f76fb3) or      t6, a4, t6
core   0: 3 0x80002610 (0x01f76fb3) x31 0xddcff5fe
core   0: 0x80002614 (0x007db1b3) sltu    gp, s11, t2
core   0: 3 0x80002614 (0x007db1b3) x 3 0x00000000
core   0: 0x80002618 (0x01e02bb3) slt     s7, zero, t5
core   0: 3 0x80002618 (0x01e02bb3) x23 0x00000000
core   0: 0x8000261c (0x033b4433) div     s0, s6, s3
core   0: 3 0x8000261c (0x033b4433) x 8 0x00000000
core   0: 0x80002620 (0x204b2b93) slti    s7, s6, 516
core   0: 3 0x80002620 (0x204b2b93) x23 0x00000001
core   0: 0x80002624 (0x41bd5033) sra     zero, s10, s11
core   0: 3 0x80002624 (0x41bd5033)
core   0: 0x80002628 (0x2b0ee813) ori     a6, t4, 688
core   0: 3 0x80002628 (0x2b0ee813) x16 0x000002b0
core   0: 0x8000262c (0x00000013) nop
core   0: 3 0x8000262c (0x00000013)
core   0: 0x80002630 (0x01abbfb3) sltu    t6, s7, s10
core   0: 3 0x80002630 (0x01abbfb3) x31 0x00000001
core   0: 0x80002634 (0x010fd693) srli    a3, t6, 16
core   0: 3 0x80002634 (0x010fd693) x13 0x00000000
core   0: 0x80002638 (0xf404f693) andi    a3, s1, -192
core   0: 3 0x80002638 (0xf404f693) x13 0x50d34540
core   0: 0x8000263c (0x00f61413) slli    s0, a2, 15
core   0: 3 0x8000263c (0x00f61413) x 8 0xffff8000
core   0: 0x80002640 (0x40555d93) srai    s11, a0, 5
core   0: 3 0x80002640 (0x40555d93) x27 0x02ee7fac
core   0: 0x80002644 (0x00289193) slli    gp, a7, 2
core   0: 3 0x80002644 (0x00289193) x 3 0x00000000
core   0: 0x80002648 (0x026820b3) mulhsu  ra, a6, t1
core   0: 3 0x80002648 (0x026820b3) x 1 0x000000fc
core   0: 0x8000264c (0x404c80b3) sub     ra, s9, tp
core   0: 3 0x8000264c (0x404c80b3) x 1 0x00000000
core   0: 0x80002650 (0x028cedb3) rem     s11, s9, s0
core   0: 3 0x80002650 (0x028cedb3) x27 0x00000000
core   0: 0x80002654 (0x008b5e13) srli    t3, s6, 8
core   0: 3 0x80002654 (0x008b5e13) x28 0x00000000
core   0: 0x80002658 (0x01111713) slli    a4, sp, 17
core   0: 3 0x80002658 (0x01111713) x14 0x00000000
core   0: 0x8000265c (0x03a0b733) mulhu   a4, ra, s10
core   0: 3 0x8000265c (0x03a0b733) x14 0x00000000
core   0: 0x80002660 (0x0356eb33) rem     s6, a3, s5
core   0: 3 0x80002660 (0x0356eb33) x22 0x50d34540
core   0: 0x80002664 (0x0394b533) mulhu   a0, s1, s9
core   0: 3 0x80002664 (0x0394b533) x10 0x00000000
core   0: 0x80002668 (0x00c09133) sll     sp, ra, a2
core   0: 3 0x80002668 (0x00c09133) x 2 0x00000000
core   0: 0x8000266c (0x8aa1b013) sltiu   zero, gp, -1878
core   0: 3 0x8000266c (0x8aa1b013)
core   0: 0x80002670 (0x02a9c033) div     zero, s3, a0
core   0: 3 0x80002670 (0x02a9c033)
core   0: 0x80002674 (0x00d5dc13) srli    s8, a1, 13
core   0: 3 0x80002674 (0x00d5dc13) x24 0x00000000
core   0: 0x80002678 (0x00c33b33) sltu    s6, t1, a2
core   0: 3 0x80002678 (0x00c33b33) x22 0x00000001
core   0: 0x8000267c (0x02ab88b3) mul     a7, s7, a0
core   0: 3 0x8000267c (0x02ab88b3) x17 0x00000000
core   0: 0x80002680 (0x005eb033) sltu    zero, t4, t0
core   0: 3 0x80002680 (0x005eb033)
core   0: 0x80002684 (0x015e5b13) srli    s6, t3, 21
core   0: 3 0x80002684 (0x015e5b13) x22 0x00000000
core   0: 0x80002688 (0x01b1e833) or      a6, gp, s11
core   0: 3 0x80002688 (0x01b1e833) x16 0x00000000
core   0: 0x8000268c (0x00965ab3) srl     s5, a2, s1
core   0: 3 0x8000268c (0x00965ab3) x21 0x00000fff
core   0: 0x80002690 (0x40e15533) sra     a0, sp, a4
core   0: 3 0x80002690 (0x40e15533) x10 0x00000000
core   0: 0x80002694 (0x00581bb3) sll     s7, a6, t0
core   0: 3 0x80002694 (0x00581bb3) x23 0x00000000
core   0: 0x80002698 (0x023784b3) mul     s1, a5, gp
core   0: 3 0x80002698 (0x023784b3) x 9 0x00000000
core   0: 0x8000269c (0x005bf5b3) and     a1, s7, t0
core   0: 3 0x8000269c (0x005bf5b3) x11 0x00000000
core   0: 0x800026a0 (0x02efc3b3) div     t2, t6, a4
core   0: 3 0x800026a0 (0x02efc3b3) x 7 0xffffffff
core   0: 0x800026a4 (0xf1fece13) xori    t3, t4, -225
core   0: 3 0x800026a4 (0xf1fece13) x28 0xffffff1f
core   0: 0x800026a8 (0xd5820293) addi    t0, tp, -680
core   0: 3 0x800026a8 (0xd5820293) x 5 0xfffffd58
core   0: 0x800026ac (0x418e8333) sub     t1, t4, s8
core   0: 3 0x800026ac (0x418e8333) x 6 0x00000000
core   0: 0x800026b0 (0x03ff4e33) div     t3, t5, t6
core   0: 3 0x800026b0 (0x03ff4e33) x28 0x80018ce4
core   0: 0x800026b4 (0x01948733) add     a4, s1, s9
core   0: 3 0x800026b4 (0x01948733) x14 0x00000000
core   0: 0x800026b8 (0x034c16b3) mulh    a3, s8, s4
core   0: 3 0x800026b8 (0x034c16b3) x13 0x00000000
core   0: 0x800026bc (0x02e51033) mulh    zero, a0, a4
core   0: 3 0x800026bc (0x02e51033)
core   0: 0x800026c0 (0x49a84113) xori    sp, a6, 1178
core   0: 3 0x800026c0 (0x49a84113) x 2 0x0000049a
core   0: 0x800026c4 (0x01559b13) slli    s6, a1, 21
core   0: 3 0x800026c4 (0x01559b13) x22 0x00000000
core   0: 0x800026c8 (0x00a0bc33) sltu    s8, ra, a0
core   0: 3 0x800026c8 (0x00a0bc33) x24 0x00000000
core   0: 0x800026cc (0xe28b6393) ori     t2, s6, -472
core   0: 3 0x800026cc (0xe28b6393) x 7 0xfffffe28
core   0: 0x800026d0 (0x010e1093) slli    ra, t3, 16
core   0: 3 0x800026d0 (0x010e1093) x 1 0x8ce40000
core   0: 0x800026d4 (0x00cd5533) srl     a0, s10, a2
core   0: 3 0x800026d4 (0x00cd5533) x10 0x00000001
core   0: 0x800026d8 (0x00d73833) sltu    a6, a4, a3
core   0: 3 0x800026d8 (0x00d73833) x16 0x00000000
core   0: 0x800026dc (0x736da413) slti    s0, s11, 1846
core   0: 3 0x800026dc (0x736da413) x 8 0x00000001
core   0: 0x800026e0 (0x02a29333) mulh    t1, t0, a0
core   0: 3 0x800026e0 (0x02a29333) x 6 0xffffffff
core   0: 0x800026e4 (0x034d0033) mul     zero, s10, s4
core   0: 3 0x800026e4 (0x034d0033)
core   0: 0x800026e8 (0x023170b3) remu    ra, sp, gp
core   0: 3 0x800026e8 (0x023170b3) x 1 0x0000049a
core   0: 0x800026ec (0x60f10713) addi    a4, sp, 1551
core   0: 3 0x800026ec (0x60f10713) x14 0x00000aa9
core   0: 0x800026f0 (0x02ec04b3) mul     s1, s8, a4
core   0: 3 0x800026f0 (0x02ec04b3) x 9 0x00000000
core   0: 0x800026f4 (0x13eb8297) auipc   t0, 0x13eb8
core   0: 3 0x800026f4 (0x13eb8297) x 5 0x93eba6f4
core   0: 0x800026f8 (0x8b966213) ori     tp, a2, -1863
core   0: 3 0x800026f8 (0x8b966213) x 4 0xffffffff
core   0: 0x800026fc (0x6b488413) addi    s0, a7, 1716
core   0: 3 0x800026fc (0x6b488413) x 8 0x000006b4
core   0: 0x80002700 (0x01309693) slli    a3, ra, 19
core   0: 3 0x80002700 (0x01309693) x13 0x24d00000
core   0: 0x80002704 (0x00f79693) slli    a3, a5, 15
core   0: 3 0x80002704 (0x00f79693) x13 0x00008000
core   0: 0x80002708 (0xe99dbf93) sltiu   t6, s11, -359
core   0: 3 0x80002708 (0xe99dbf93) x31 0x00000001
core   0: 0x8000270c (0x02fd27b3) mulhsu  a5, s10, a5
core   0: 3 0x8000270c (0x02fd27b3) x15 0xffffffff
core   0: 0x80002710 (0x00d903b3) add     t2, s2, a3
core   0: 3 0x80002710 (0x00d903b3) x 7 0x00008000
core   0: 0x80002714 (0xd3e86e93) ori     t4, a6, -706
core   0: 3 0x80002714 (0xd3e86e93) x29 0xfffffd3e
core   0: 0x80002718 (0x0112e433) or      s0, t0, a7
core   0: 3 0x80002718 (0x0112e433) x 8 0x93eba6f4
core   0: 0x8000271c (0x0327e2b3) rem     t0, a5, s2
core   0: 3 0x8000271c (0x0327e2b3) x 5 0xffffffff
core   0: 0x80002720 (0xce20a293) slti    t0, ra, -798
core   0: 3 0x80002720 (0xce20a293) x 5 0x00000000
core   0: 0x80002724 (0xd6c5c593) xori    a1, a1, -660
core   0: 3 0x80002724 (0xd6c5c593) x11 0xfffffd6c
core   0: 0x80002728 (0x0164da93) srli    s5, s1, 22
core   0: 3 0x80002728 (0x0164da93) x21 0x00000000
core   0: 0x8000272c (0x00707833) and     a6, zero, t2
core   0: 3 0x8000272c (0x00707833) x16 0x00000000
core   0: 0x80002730 (0x02e73c33) mulhu   s8, a4, a4
core   0: 3 0x80002730 (0x02e73c33) x24 0x00000000
core   0: 0x80002734 (0x01d8f0b3) and     ra, a7, t4
core   0: 3 0x80002734 (0x01d8f0b3) x 1 0x00000000
core   0: 0x80002738 (0x030235b3) mulhu   a1, tp, a6
core   0: 3 0x80002738 (0x030235b3) x11 0x00000000
core   0: 0x8000273c (0x4aedb2b7) lui     t0, 0x4aedb
core   0: 3 0x8000273c (0x4aedb2b7) x 5 0x4aedb000
core   0: 0x80002740 (0x024ecb33) div     s6, t4, tp
core   0: 3 0x80002740 (0x024ecb33) x22 0x000002c2
core   0: 0x80002744 (0x019eec33) or      s8, t4, s9
core   0: 3 0x80002744 (0x019eec33) x24 0xfffffd3e
core   0: 0x80002748 (0x9dd96737) lui     a4, 0x9dd96
core   0: 3 0x80002748 (0x9dd96737) x14 0x9dd96000
core   0: 0x8000274c (0x02b3c5b3) div     a1, t2, a1
core   0: 3 0x8000274c (0x02b3c5b3) x11 0xffffffff
core   0: 0x80002750 (0x035a2cb3) mulhsu  s9, s4, s5
core   0: 3 0x80002750 (0x035a2cb3) x25 0x00000000
core   0: 0x80002754 (0x017e9513) slli    a0, t4, 23
core   0: 3 0x80002754 (0x017e9513) x10 0x9f000000
core   0: 0x80002758 (0x4132d313) srai    t1, t0, 19
core   0: 3 0x80002758 (0x4132d313) x 6 0x0000095d
core   0: 0x8000275c (0x01afea33) or      s4, t6, s10
core   0: 3 0x8000275c (0x01afea33) x20 0x80000001
core   0: 0x80002760 (0x00c23e33) sltu    t3, tp, a2
core   0: 3 0x80002760 (0x00c23e33) x28 0x00000000
core   0: 0x80002764 (0x025998b3) mulh    a7, s3, t0
core   0: 3 0x80002764 (0x025998b3) x17 0xda8989df
core   0: 0x80002768 (0x0226c833) div     a6, a3, sp
core   0: 3 0x80002768 (0x0226c833) x16 0x0000001b
core   0: 0x8000276c (0x016877b3) and     a5, a6, s6
core   0: 3 0x8000276c (0x016877b3) x15 0x00000002
core   0: 0x80002770 (0x03b65bb3) divu    s7, a2, s11
core   0: 3 0x80002770 (0x03b65bb3) x23 0xffffffff
core   0: 0x80002774 (0x029b3bb3) mulhu   s7, s6, s1
core   0: 3 0x80002774 (0x029b3bb3) x23 0x00000000
core   0: 0x80002778 (0x01497433) and     s0, s2, s4
core   0: 3 0x80002778 (0x01497433) x 8 0x00000000
core   0: 0x8000277c (0x01753e33) sltu    t3, a0, s7
core   0: 3 0x8000277c (0x01753e33) x28 0x00000000
core   0: 0x80002780 (0x01af2bb3) slt     s7, t5, s10
core   0: 3 0x80002780 (0x01af2bb3) x23 0x00000000
core   0: 0x80002784 (0x0237feb3) remu    t4, a5, gp
core   0: 3 0x80002784 (0x0237feb3) x29 0x00000002
core   0: 0x80002788 (0x025dc3b3) div     t2, s11, t0
core   0: 3 0x80002788 (0x025dc3b3) x 7 0x00000000
core   0: 0x8000278c (0x017d4bb3) xor     s7, s10, s7
core   0: 3 0x8000278c (0x017d4bb3) x23 0x80000000
core   0: 0x80002790 (0x0393f933) remu    s2, t2, s9
core   0: 3 0x80002790 (0x0393f933) x18 0x00000000
core   0: 0x80002794 (0x03fa8533) mul     a0, s5, t6
core   0: 3 0x80002794 (0x03fa8533) x10 0x00000000
core   0: 0x80002798 (0x00000013) nop
core   0: 3 0x80002798 (0x00000013)
core   0: 0x8000279c (0xe4a32717) auipc   a4, 0xe4a32
core   0: 3 0x8000279c (0xe4a32717) x14 0x64a3479c
core   0: 0x800027a0 (0x6749fb93) andi    s7, s3, 1652
core   0: 3 0x800027a0 (0x6749fb93) x23 0x00000664
core   0: 0x800027a4 (0x02b5e733) rem     a4, a1, a1
core   0: 3 0x800027a4 (0x02b5e733) x14 0x00000000
core   0: 0x800027a8 (0xb9f66893) ori     a7, a2, -1121
core   0: 3 0x800027a8 (0xb9f66893) x17 0xffffffff
core   0: 0x800027ac (0xba99ccb7) lui     s9, 0xba99c
core   0: 3 0x800027ac (0xba99ccb7) x25 0xba99c000
core   0: 0x800027b0 (0x035cae33) mulhsu  t3, s9, s5
core   0: 3 0x800027b0 (0x035cae33) x28 0x00000000
core   0: 0x800027b4 (0x3203b813) sltiu   a6, t2, 800
core   0: 3 0x800027b4 (0x3203b813) x16 0x00000001
core   0: 0x800027b8 (0x010b5093) srli    ra, s6, 16
core   0: 3 0x800027b8 (0x010b5093) x 1 0x00000000
core   0: 0x800027bc (0x017cd6b3) srl     a3, s9, s7
core   0: 3 0x800027bc (0x017cd6b3) x13 0x0ba99c00
core   0: 0x800027c0 (0x0055c4b3) xor     s1, a1, t0
core   0: 3 0x800027c0 (0x0055c4b3) x 9 0xb5124fff
core   0: 0x800027c4 (0x00dd1093) slli    ra, s10, 13
core   0: 3 0x800027c4 (0x00dd1093) x 1 0x00000000
core   0: 0x800027c8 (0x00000013) nop
core   0: 3 0x800027c8 (0x00000013)
core   0: 0x800027cc (0x029b0bb3) mul     s7, s6, s1
core   0: 3 0x800027cc (0x029b0bb3) x23 0x5c809d3e
core   0: 0x800027d0 (0x014558b3) srl     a7, a0, s4
core   0: 3 0x800027d0 (0x014558b3) x17 0x00000000
core   0: 0x800027d4 (0x030606b3) mul     a3, a2, a6
core   0: 3 0x800027d4 (0x030606b3) x13 0xffffffff
core   0: 0x800027d8 (0x027fc4b3) div     s1, t6, t2
core   0: 3 0x800027d8 (0x027fc4b3) x 9 0xffffffff
core   0: 0x800027dc (0xe2410e13) addi    t3, sp, -476
core   0: 3 0x800027dc (0xe2410e13) x28 0x000002be
core   0: 0x800027e0 (0x004cfc33) and     s8, s9, tp
core   0: 3 0x800027e0 (0x004cfc33) x24 0xba99c000
core   0: 0x800027e4 (0x00c6efb3) or      t6, a3, a2
core   0: 3 0x800027e4 (0x00c6efb3) x31 0xffffffff
core   0: 0x800027e8 (0x03954733) div     a4, a0, s9
core   0: 3 0x800027e8 (0x03954733) x14 0x00000000
core   0: 0x800027ec (0x4089ddb3) sra     s11, s3, s0
core   0: 3 0x800027ec (0x4089ddb3) x27 0x80014e64
core   0: 0x800027f0 (0x0263de33) divu    t3, t2, t1
core   0: 3 0x800027f0 (0x0263de33) x28 0x00000000
core   0: 0x800027f4 (0x02b476b3) remu    a3, s0, a1
core   0: 3 0x800027f4 (0x02b476b3) x13 0x00000000
core   0: 0x800027f8 (0xabacf213) andi    tp, s9, -1350
core   0: 3 0x800027f8 (0xabacf213) x 4 0xba99c000
core   0: 0x800027fc (0x01000233) add     tp, zero, a6
core   0: 3 0x800027fc (0x01000233) x 4 0x00000001
core   0: 0x80002800 (0x01dd2db3) slt     s11, s10, t4
core   0: 3 0x80002800 (0x01dd2db3) x27 0x00000001
core   0: 0x80002804 (0x030f4133) div     sp, t5, a6
core   0: 3 0x80002804 (0x030f4133) x 2 0x80018ce4
core   0: 0x80002808 (0x04e24117) auipc   sp, 0x4e24
core   0: 3 0x80002808 (0x04e24117) x 2 0x84e26808
core   0: 0x8000280c (0x001bd7b3) srl     a5, s7, ra
core   0: 3 0x8000280c (0x001bd7b3) x15 0x5c809d3e
core   0: 0x80002810 (0xad450593) addi    a1, a0, -1324
core   0: 3 0x80002810 (0xad450593) x11 0xfffffad4
core   0: 0x80002814 (0x02ac2e33) mulhsu  t3, s8, a0
core   0: 3 0x80002814 (0x02ac2e33) x28 0x00000000
core   0: 0x80002818 (0x01656eb3) or      t4, a0, s6
core   0: 3 0x80002818 (0x01656eb3) x29 0x000002c2
core   0: 0x8000281c (0x0f64b213) sltiu   tp, s1, 246
core   0: 3 0x8000281c (0x0f64b213) x 4 0x00000000
core   0: 0x80002820 (0x01cc9c13) slli    s8, s9, 28
core   0: 3 0x80002820 (0x01cc9c13) x24 0x00000000
core   0: 0x80002824 (0x00a15c13) srli    s8, sp, 10
core   0: 3 0x80002824 (0x00a15c13) x24 0x0021389a
core   0: 0x80002828 (0x03a2efb3) rem     t6, t0, s10
core   0: 3 0x80002828 (0x03a2efb3) x31 0x4aedb000
core   0: 0x8000282c (0x00c543b3) xor     t2, a0, a2
core   0: 3 0x8000282c (0x00c543b3) x 7 0xffffffff
core   0: 0x80002830 (0x022c01b3) mul     gp, s8, sp
core   0: 3 0x80002830 (0x022c01b3) x 3 0xdffc54d0
core   0: 0x80002834 (0x00fb1133) sll     sp, s6, a5
core   0: 3 0x80002834 (0x00fb1133) x 2 0x80000000
core   0: 0x80002838 (0x00079533) sll     a0, a5, zero
core   0: 3 0x80002838 (0x00079533) x10 0x5c809d3e
core   0: 0x8000283c (0x02393fb3) mulhu   t6, s2, gp
core   0: 3 0x8000283c (0x02393fb3) x31 0x00000000
core   0: 0x80002840 (0x419c5133) sra     sp, s8, s9
core   0: 3 0x80002840 (0x419c5133) x 2 0x0021389a
core   0: 0x80002844 (0xe68ac593) xori    a1, s5, -408
core   0: 3 0x80002844 (0xe68ac593) x11 0xfffffe68
core   0: 0x80002848 (0x544e7a93) andi    s5, t3, 1348
core   0: 3 0x80002848 (0x544e7a93) x21 0x00000000
core   0: 0x8000284c (0x02d2d933) divu    s2, t0, a3
core   0: 3 0x8000284c (0x02d2d933) x18 0xffffffff
core   0: 0x80002850 (0x5bc57793) andi    a5, a0, 1468
core   0: 3 0x80002850 (0x5bc57793) x15 0x0000053c
core   0: 0x80002854 (0x2c84fb13) andi    s6, s1, 712
core   0: 3 0x80002854 (0x2c84fb13) x22 0x000002c8
core   0: 0x80002858 (0xcb953813) sltiu   a6, a0, -839
core   0: 3 0x80002858 (0xcb953813) x16 0x00000001
core   0: 0x8000285c (0x005e7db7) lui     s11, 0x5e7
core   0: 3 0x8000285c (0x005e7db7) x27 0x005e7000
core   0: 0x80002860 (0x97856593) ori     a1, a0, -1672
core   0: 3 0x80002860 (0x97856593) x11 0xfffffd7e
core   0: 0x80002864 (0x6f72fd93) andi    s11, t0, 1783
core   0: 3 0x80002864 (0x6f72fd93) x27 0x00000000
core   0: 0x80002868 (0x00409c33) sll     s8, ra, tp
core   0: 3 0x80002868 (0x00409c33) x24 0x00000000
core   0: 0x8000286c (0x00e73ab3) sltu    s5, a4, a4
core   0: 3 0x8000286c (0x00e73ab3) x21 0x00000000
core   0: 0x80002870 (0xb1378bb7) lui     s7, 0xb1378
core   0: 3 0x80002870 (0xb1378bb7) x23 0xb1378000
core   0: 0x80002874 (0x02e923b3) mulhsu  t2, s2, a4
core   0: 3 0x80002874 (0x02e923b3) x 7 0x00000000
core   0: 0x80002878 (0x63927813) andi    a6, tp, 1593
core   0: 3 0x80002878 (0x63927813) x16 0x00000000
core   0: 0x8000287c (0x02888a33) mul     s4, a7, s0
core   0: 3 0x8000287c (0x02888a33) x20 0x00000000
core   0: 0x80002880 (0x004bc933) xor     s2, s7, tp
core   0: 3 0x80002880 (0x004bc933) x18 0xb1378000
core   0: 0x80002884 (0x280a4e93) xori    t4, s4, 640
core   0: 3 0x80002884 (0x280a4e93) x29 0x00000280
core   0: 0x80002888 (0x030d7633) remu    a2, s10, a6
core   0: 3 0x80002888 (0x030d7633) x12 0x80000000
core   0: 0x8000288c (0x00000013) nop
core   0: 3 0x8000288c (0x00000013)
core   0: 0x80002890 (0x8c265c37) lui     s8, 0x8c265
core   0: 3 0x80002890 (0x8c265c37) x24 0x8c265000
core   0: 0x80002894 (0x002e2e33) slt     t3, t3, sp
core   0: 3 0x80002894 (0x002e2e33) x28 0x00000001
core   0: 0x80002898 (0x010dd0b3) srl     ra, s11, a6
core   0: 3 0x80002898 (0x010dd0b3) x 1 0x00000000
core   0: 0x8000289c (0x029aecb3) rem     s9, s5, s1
core   0: 3 0x8000289c (0x029aecb3) x25 0x00000000
core   0: 0x800028a0 (0x72384513) xori    a0, a6, 1827
core   0: 3 0x800028a0 (0x72384513) x10 0x00000723
core   0: 0x800028a4 (0x03ff02b3) mul     t0, t5, t6
core   0: 3 0x800028a4 (0x03ff02b3) x 5 0x00000000
core   0: 0x800028a8 (0x013a6fb3) or      t6, s4, s3
core   0: 3 0x800028a8 (0x013a6fb3) x31 0x80014e64
core   0: 0x800028ac (0x01d3db93) srli    s7, t2, 29
core   0: 3 0x800028ac (0x01d3db93) x23 0x00000000
core   0: 0x800028b0 (0x02c2a433) mulhsu  s0, t0, a2
core   0: 3 0x800028b0 (0x02c2a433) x 8 0x00000000
core   0: 0x800028b4 (0xac588797) auipc   a5, 0xac588
core   0: 3 0x800028b4 (0xac588797) x15 0x2c58a8b4
core   0: 0x800028b8 (0x8f42f913) andi    s2, t0, -1804
core   0: 3 0x800028b8 (0x8f42f913) x18 0x00000000
core   0: 0x800028bc (0x01d2ffb3) and     t6, t0, t4
core   0: 3 0x800028bc (0x01d2ffb3) x31 0x00000000
core   0: 0x800028c0 (0x01ad9d93) slli    s11, s11, 26
core   0: 3 0x800028c0 (0x01ad9d93) x27 0x00000000
core   0: 0x800028c4 (0x01fc8a33) add     s4, s9, t6
core   0: 3 0x800028c4 (0x01fc8a33) x20 0x00000000
core   0: 0x800028c8 (0xc6d62a93) slti    s5, a2, -915
core   0: 3 0x800028c8 (0xc6d62a93) x21 0x00000001
core   0: 0x800028cc (0x01976233) or      tp, a4, s9
core   0: 3 0x800028cc (0x01976233) x 4 0x00000000
core   0: 0x800028d0 (0xd0fcb293) sltiu   t0, s9, -753
core   0: 3 0x800028d0 (0xd0fcb293) x 5 0x00000001
core   0: 0x800028d4 (0x41075733) sra     a4, a4, a6
core   0: 3 0x800028d4 (0x41075733) x14 0x00000000
core   0: 0x800028d8 (0x002e8333) add     t1, t4, sp
core   0: 3 0x800028d8 (0x002e8333) x 6 0x00213b1a
core   0: 0x800028dc (0xfde18793) addi    a5, gp, -34
core   0: 3 0x800028dc (0xfde18793) x15 0xdffc54ae
core   0: 0x800028e0 (0x00000013) nop
core   0: 3 0x800028e0 (0x00000013)
core   0: 0x800028e4 (0x03b12733) mulhsu  a4, sp, s11
core   0: 3 0x800028e4 (0x03b12733) x14 0x00000000
core   0: 0x800028e8 (0x011b0a33) add     s4, s6, a7
core   0: 3 0x800028e8 (0x011b0a33) x20 0x000002c8
core   0: 0x800028ec (0x0152b433) sltu    s0, t0, s5
core   0: 3 0x800028ec (0x0152b433) x 8 0x00000000
core   0: 0x800028f0 (0x035468b3) rem     a7, s0, s5
core   0: 3 0x800028f0 (0x035468b3) x17 0x00000000
core   0: 0x800028f4 (0xd99ba6b7) lui     a3, 0xd99ba
core   0: 3 0x800028f4 (0xd99ba6b7) x13 0xd99ba000
core   0: 0x800028f8 (0x004c31b3) sltu    gp, s8, tp
core   0: 3 0x800028f8 (0x004c31b3) x 3 0x00000000
core   0: 0x800028fc (0x011265b3) or      a1, tp, a7
core   0: 3 0x800028fc (0x011265b3) x11 0x00000000
core   0: 0x80002900 (0xa2b87193) andi    gp, a6, -1493
core   0: 3 0x80002900 (0xa2b87193) x 3 0x00000000
core   0: 0x80002904 (0x02c56533) rem     a0, a0, a2
core   0: 3 0x80002904 (0x02c56533) x10 0x00000723
core   0: 0x80002908 (0x036b65b3) rem     a1, s6, s6
core   0: 3 0x80002908 (0x036b65b3) x11 0x00000000
core   0: 0x8000290c (0x28bd2813) slti    a6, s10, 651
core   0: 3 0x8000290c (0x28bd2813) x16 0x00000001
core   0: 0x80002910 (0x41cadc33) sra     s8, s5, t3
core   0: 3 0x80002910 (0x41cadc33) x24 0x00000000
core   0: 0x80002914 (0x02887e33) remu    t3, a6, s0
core   0: 3 0x80002914 (0x02887e33) x28 0x00000001
core   0: 0x80002918 (0x368d3613) sltiu   a2, s10, 872
core   0: 3 0x80002918 (0x368d3613) x12 0x00000000
core   0: 0x8000291c (0x002781b3) add     gp, a5, sp
core   0: 3 0x8000291c (0x002781b3) x 3 0xe01d8d48
core   0: 0x80002920 (0x9ca3e713) ori     a4, t2, -1590
core   0: 3 0x80002920 (0x9ca3e713) x14 0xfffff9ca
core   0: 0x80002924 (0x017657b3) srl     a5, a2, s7
core   0: 3 0x80002924 (0x017657b3) x15 0x00000000
core   0: 0x80002928 (0x005d38b3) sltu    a7, s10, t0
core   0: 3 0x80002928 (0x005d38b3) x17 0x00000000
core   0: 0x8000292c (0x024f6933) rem     s2, t5, tp
core   0: 3 0x8000292c (0x024f6933) x18 0x80018ce4
core   0: 0x80002930 (0xb0a20b13) addi    s6, tp, -1270
core   0: 3 0x80002930 (0xb0a20b13) x22 0xfffffb0a
core   0: 0x80002934 (0xf33f8513) addi    a0, t6, -205
core   0: 3 0x80002934 (0xf33f8513) x10 0xffffff33
core   0: 0x80002938 (0x5c2c2a13) slti    s4, s8, 1474
core   0: 3 0x80002938 (0x5c2c2a13) x20 0x00000001
core   0: 0x8000293c (0x40e45713) srai    a4, s0, 14
core   0: 3 0x8000293c (0x40e45713) x14 0x00000000
core   0: 0x80002940 (0x4036d013) srai    zero, a3, 3
core   0: 3 0x80002940 (0x4036d013)
core   0: 0x80002944 (0x38da2493) slti    s1, s4, 909
core   0: 3 0x80002944 (0x38da2493) x 9 0x00000001
core   0: 0x80002948 (0x025101b3) mul     gp, sp, t0
core   0: 3 0x80002948 (0x025101b3) x 3 0x0021389a
core   0: 0x8000294c (0x0333ee33) rem     t3, t2, s3
core   0: 3 0x8000294c (0x0333ee33) x28 0x00000000
core   0: 0x80002950 (0x41535a93) srai    s5, t1, 21
core   0: 3 0x80002950 (0x41535a93) x21 0x00000001
core   0: 0x80002954 (0x0303e733) rem     a4, t2, a6
core   0: 3 0x80002954 (0x0303e733) x14 0x00000000
core   0: 0x80002958 (0x401cdcb3) sra     s9, s9, ra
core   0: 3 0x80002958 (0x401cdcb3) x25 0x00000000
core   0: 0x8000295c (0x0119dbb3) srl     s7, s3, a7
core   0: 3 0x8000295c (0x0119dbb3) x23 0x80014e64
core   0: 0x80002960 (0x023f4333) div     t1, t5, gp
core   0: 3 0x80002960 (0x023f4333) x 6 0xfffffc26
core   0: 0x80002964 (0x41b058b3) sra     a7, zero, s11
core   0: 3 0x80002964 (0x41b058b3) x17 0x00000000
core   0: 0x80002968 (0x0137ba33) sltu    s4, a5, s3
core   0: 3 0x80002968 (0x0137ba33) x20 0x00000001
core   0: 0x8000296c (0x01fc1db3) sll     s11, s8, t6
core   0: 3 0x8000296c (0x01fc1db3) x27 0x00000000
core   0: 0x80002970 (0xe9595c37) lui     s8, 0xe9595
core   0: 3 0x80002970 (0xe9595c37) x24 0xe9595000
core   0: 0x80002974 (0xe1091597) auipc   a1, 0xe1091
core   0: 3 0x80002974 (0xe1091597) x11 0x61093974
core   0: 0x80002978 (0x02fbfab3) remu    s5, s7, a5
core   0: 3 0x80002978 (0x02fbfab3) x21 0x80014e64
core   0: 0x8000297c (0x403a0bb3) sub     s7, s4, gp
core   0: 3 0x8000297c (0x403a0bb3) x23 0xffdec767
core   0: 0x80002980 (0x07ea7f93) andi    t6, s4, 126
core   0: 3 0x80002980 (0x07ea7f93) x31 0x00000000
core   0: 0x80002984 (0x416a8233) sub     tp, s5, s6
core   0: 3 0x80002984 (0x416a8233) x 4 0x8001535a
core   0: 0x80002988 (0x41835133) sra     sp, t1, s8
core   0: 3 0x80002988 (0x41835133) x 2 0xfffffc26
core   0: 0x8000298c (0x0241d533) divu    a0, gp, tp
core   0: 3 0x8000298c (0x0241d533) x10 0x00000000
core   0: 0x80002990 (0x00a7c833) xor     a6, a5, a0
core   0: 3 0x80002990 (0x00a7c833) x16 0x00000000
core   0: 0x80002994 (0x4034d313) srai    t1, s1, 3
core   0: 3 0x80002994 (0x4034d313) x 6 0x00000000
core   0: 0x80002998 (0x01c5dd93) srli    s11, a1, 28
core   0: 3 0x80002998 (0x01c5dd93) x27 0x00000006
core   0: 0x8000299c (0x01064533) xor     a0, a2, a6
core   0: 3 0x8000299c (0x01064533) x10 0x00000000
core   0: 0x800029a0 (0x41e1d333) sra     t1, gp, t5
core   0: 3 0x800029a0 (0x41e1d333) x 6 0x00021389
core   0: 0x800029a4 (0x523b6213) ori     tp, s6, 1315
core   0: 3 0x800029a4 (0x523b6213) x 4 0xffffff2b
core   0: 0x800029a8 (0x02ca24b3) mulhsu  s1, s4, a2
core   0: 3 0x800029a8 (0x02ca24b3) x 9 0x00000000
core   0: 0x800029ac (0x41385033) sra     zero, a6, s3
core   0: 3 0x800029ac (0x41385033)
core   0: 0x800029b0 (0x03366e33) rem     t3, a2, s3
core   0: 3 0x800029b0 (0x03366e33) x28 0x00000000
core   0: 0x800029b4 (0x0346cb33) div     s6, a3, s4
core   0: 3 0x800029b4 (0x0346cb33) x22 0xd99ba000
core   0: 0x800029b8 (0x012e02b3) add     t0, t3, s2
core   0: 3 0x800029b8 (0x012e02b3) x 5 0x80018ce4
core   0: 0x800029bc (0x0356d0b3) divu    ra, a3, s5
core   0: 3 0x800029bc (0x0356d0b3) x 1 0x00000001
core   0: 0x800029c0 (0x018cc233) xor     tp, s9, s8
core   0: 3 0x800029c0 (0x018cc233) x 4 0xe9595000
core   0: 0x800029c4 (0x00fc2133) slt     sp, s8, a5
core   0: 3 0x800029c4 (0x00fc2133) x 2 0x00000001
core   0: 0x800029c8 (0xf6fc2817) auipc   a6, 0xf6fc2
core   0: 3 0x800029c8 (0xf6fc2817) x16 0x76fc49c8
core   0: 0x800029cc (0x001a1793) slli    a5, s4, 1
core   0: 3 0x800029cc (0x001a1793) x15 0x00000002
core   0: 0x800029d0 (0x030d06b3) mul     a3, s10, a6
core   0: 3 0x800029d0 (0x030d06b3) x13 0x00000000
core   0: 0x800029d4 (0x50c4ce13) xori    t3, s1, 1292
core   0: 3 0x800029d4 (0x50c4ce13) x28 0x0000050c
core   0: 0x800029d8 (0x00000013) nop
core   0: 3 0x800029d8 (0x00000013)
core   0: 0x800029dc (0x40fbd333) sra     t1, s7, a5
core   0: 3 0x800029dc (0x40fbd333) x 6 0xfff7b1d9
core   0: 0x800029e0 (0x4013db93) srai    s7, t2, 1
core   0: 3 0x800029e0 (0x4013db93) x23 0x00000000
core   0: 0x800029e4 (0x003d5313) srli    t1, s10, 3
core   0: 3 0x800029e4 (0x003d5313) x 6 0x10000000
core   0: 0x800029e8 (0x02c9cdb3) div     s11, s3, a2
core   0: 3 0x800029e8 (0x02c9cdb3) x27 0xffffffff
core   0: 0x800029ec (0x035a8a33) mul     s4, s5, s5
core   0: 3 0x800029ec (0x035a8a33) x20 0xb4c91710
core   0: 0x800029f0 (0x4c7cfd93) andi    s11, s9, 1223
core   0: 3 0x800029f0 (0x4c7cfd93) x27 0x00000000
core   0: 0x800029f4 (0xbb2a0937) lui     s2, 0xbb2a0
core   0: 3 0x800029f4 (0xbb2a0937) x18 0xbb2a0000
core   0: 0x800029f8 (0x018f4533) xor     a0, t5, s8
core   0: 3 0x800029f8 (0x018f4533) x10 0x6958dce4
core   0: 0x800029fc (0x29ba0413) addi    s0, s4, 667
core   0: 3 0x800029fc (0x29ba0413) x 8 0xb4c919ab
core   0: 0x80002a00 (0x01d61ab3) sll     s5, a2, t4
core   0: 3 0x80002a00 (0x01d61ab3) x21 0x00000000
core   0: 0x80002a04 (0x40828033) sub     zero, t0, s0
core   0: 3 0x80002a04 (0x40828033)
core   0: 0x80002a08 (0x02da2833) mulhsu  a6, s4, a3
core   0: 3 0x80002a08 (0x02da2833) x16 0x00000000
core   0: 0x80002a0c (0x006656b3) srl     a3, a2, t1
core   0: 3 0x80002a0c (0x006656b3) x13 0x00000000
core   0: 0x80002a10 (0x00000013) nop
core   0: 3 0x80002a10 (0x00000013)
core   0: 0x80002a14 (0x02bd23b3) mulhsu  t2, s10, a1
core   0: 3 0x80002a14 (0x02bd23b3) x 7 0xcf7b6346
core   0: 0x80002a18 (0x8c4fa593) slti    a1, t6, -1852
core   0: 3 0x80002a18 (0x8c4fa593) x11 0x00000000
core   0: 0x80002a1c (0x03b9edb3) rem     s11, s3, s11
core   0: 3 0x80002a1c (0x03b9edb3) x27 0x80014e64
core   0: 0x80002a20 (0x6a2df1b7) lui     gp, 0x6a2df
core   0: 3 0x80002a20 (0x6a2df1b7) x 3 0x6a2df000
core   0: 0x80002a24 (0x0381abb3) mulhsu  s7, gp, s8
core   0: 3 0x80002a24 (0x0381abb3) x23 0x60c8da96
core   0: 0x80002a28 (0x00000013) nop
core   0: 3 0x80002a28 (0x00000013)
core   0: 0x80002a2c (0x037ac8b3) div     a7, s5, s7
core   0: 3 0x80002a2c (0x037ac8b3) x17 0x00000000
core   0: 0x80002a30 (0x02d65db3) divu    s11, a2, a3
core   0: 3 0x80002a30 (0x02d65db3) x27 0xffffffff
core   0: 0x80002a34 (0x02dd3833) mulhu   a6, s10, a3
core   0: 3 0x80002a34 (0x02dd3833) x16 0x00000000
core   0: 0x80002a38 (0x01e4fa33) and     s4, s1, t5
core   0: 3 0x80002a38 (0x01e4fa33) x20 0x00000000
core   0: 0x80002a3c (0x4f65ba13) sltiu   s4, a1, 1270
core   0: 3 0x80002a3c (0x4f65ba13) x20 0x00000001
core   0: 0x80002a40 (0x01e5d893) srli    a7, a1, 30
core   0: 3 0x80002a40 (0x01e5d893) x17 0x00000000
core   0: 0x80002a44 (0x033e2c33) mulhsu  s8, t3, s3
core   0: 3 0x80002a44 (0x033e2c33) x24 0x00000286
core   0: 0x80002a48 (0x40b28333) sub     t1, t0, a1
core   0: 3 0x80002a48 (0x40b28333) x 6 0x80018ce4
core   0: 0x80002a4c (0x03c5e4b3) rem     s1, a1, t3
core   0: 3 0x80002a4c (0x03c5e4b3) x 9 0x00000000
core   0: 0x80002a50 (0x01fa3933) sltu    s2, s4, t6
core   0: 3 0x80002a50 (0x01fa3933) x18 0x00000000
core   0: 0x80002a54 (0xc67afb93) andi    s7, s5, -921
core   0: 3 0x80002a54 (0xc67afb93) x23 0x00000000
core   0: 0x80002a58 (0x9b1e1197) auipc   gp, 0x9b1e1
core   0: 3 0x80002a58 (0x9b1e1197) x 3 0x1b1e3a58
core   0: 0x80002a5c (0x5bb97193) andi    gp, s2, 1467
core   0: 3 0x80002a5c (0x5bb97193) x 3 0x00000000
core   0: 0x80002a60 (0x006f68b3) or      a7, t5, t1
core   0: 3 0x80002a60 (0x006f68b3) x17 0x80018ce4
core   0: 0x80002a64 (0xc223abb7) lui     s7, 0xc223a
core   0: 3 0x80002a64 (0xc223abb7) x23 0xc223a000
core   0: 0x80002a68 (0x01195eb3) srl     t4, s2, a7
core   0: 3 0x80002a68 (0x01195eb3) x29 0x00000000
core   0: 0x80002a6c (0x00462bb3) slt     s7, a2, tp
core   0: 3 0x80002a6c (0x00462bb3) x23 0x00000000
core   0: 0x80002a70 (0x310e4ab7) lui     s5, 0x310e4
core   0: 3 0x80002a70 (0x310e4ab7) x21 0x310e4000
core   0: 0x80002a74 (0x013da633) slt     a2, s11, s3
core   0: 3 0x80002a74 (0x013da633) x12 0x00000000
core   0: 0x80002a78 (0x40490ab3) sub     s5, s2, tp
core   0: 3 0x80002a78 (0x40490ab3) x21 0x16a6b000
core   0: 0x80002a7c (0x0059d533) srl     a0, s3, t0
core   0: 3 0x80002a7c (0x0059d533) x10 0x080014e6
core   0: 0x80002a80 (0x011cf133) and     sp, s9, a7
core   0: 3 0x80002a80 (0x011cf133) x 2 0x00000000
core   0: 0x80002a84 (0x0279dbb3) divu    s7, s3, t2
core   0: 3 0x80002a84 (0x0279dbb3) x23 0x00000000
core   0: 0x80002a88 (0xd93bb713) sltiu   a4, s7, -621
core   0: 3 0x80002a88 (0xd93bb713) x14 0x00000001
core   0: 0x80002a8c (0x5d62f593) andi    a1, t0, 1494
core   0: 3 0x80002a8c (0x5d62f593) x11 0x000004c4
core   0: 0x80002a90 (0x41abd713) srai    a4, s7, 26
core   0: 3 0x80002a90 (0x41abd713) x14 0x00000000
core   0: 0x80002a94 (0x01cdf0b3) and     ra, s11, t3
core   0: 3 0x80002a94 (0x01cdf0b3) x 1 0x0000050c
core   0: 0x80002a98 (0x41595533) sra     a0, s2, s5
core   0: 3 0x80002a98 (0x41595533) x10 0x00000000
core   0: 0x80002a9c (0xcbda8313) addi    t1, s5, -835
core   0: 3 0x80002a9c (0xcbda8313) x 6 0x16a6acbd
core   0: 0x80002aa0 (0x83383b93) sltiu   s7, a6, -1997
core   0: 3 0x80002aa0 (0x83383b93) x23 0x00000001
core   0: 0x80002aa4 (0x00ca27b3) slt     a5, s4, a2
core   0: 3 0x80002aa4 (0x00ca27b3) x15 0x00000000
core   0: 0x80002aa8 (0x41d28ab3) sub     s5, t0, t4
core   0: 3 0x80002aa8 (0x41d28ab3) x21 0x80018ce4
core   0: 0x80002aac (0x6647cf93) xori    t6, a5, 1636
core   0: 3 0x80002aac (0x6647cf93) x31 0x00000664
core   0: 0x80002ab0 (0x035f56b3) divu    a3, t5, s5
core   0: 3 0x80002ab0 (0x035f56b3) x13 0x00000001
core   0: 0x80002ab4 (0x8cce3893) sltiu   a7, t3, -1844
core   0: 3 0x80002ab4 (0x8cce3893) x17 0x00000001
core   0: 0x80002ab8 (0x41ca5133) sra     sp, s4, t3
core   0: 3 0x80002ab8 (0x41ca5133) x 2 0x00000000
core   0: 0x80002abc (0x019f5833) srl     a6, t5, s9
core   0: 3 0x80002abc (0x019f5833) x16 0x80018ce4
core   0: 0x80002ac0 (0x01a20633) add     a2, tp, s10
core   0: 3 0x80002ac0 (0x01a20633) x12 0x69595000
core   0: 0x80002ac4 (0x04a1b713) sltiu   a4, gp, 74
core   0: 3 0x80002ac4 (0x04a1b713) x14 0x00000001
core   0: 0x80002ac8 (0x016934b3) sltu    s1, s2, s6
core   0: 3 0x80002ac8 (0x016934b3) x 9 0x00000001
core   0: 0x80002acc (0xa287f093) andi    ra, a5, -1496
core   0: 3 0x80002acc (0xa287f093) x 1 0x00000000
core   0: 0x80002ad0 (0x02c7ceb3) div     t4, a5, a2
core   0: 3 0x80002ad0 (0x02c7ceb3) x29 0x00000000
core   0: 0x80002ad4 (0x00702c33) slt     s8, zero, t2
core   0: 3 0x80002ad4 (0x00702c33) x24 0x00000000
core   0: 0x80002ad8 (0x031622b3) mulhsu  t0, a2, a7
core   0: 3 0x80002ad8 (0x031622b3) x 5 0x00000000
core   0: 0x80002adc (0x01429c13) slli    s8, t0, 20
core   0: 3 0x80002adc (0x01429c13) x24 0x00000000
core   0: 0x80002ae0 (0xcd196813) ori     a6, s2, -815
core   0: 3 0x80002ae0 (0xcd196813) x16 0xfffffcd1
core   0: 0x80002ae4 (0x0019f333) and     t1, s3, ra
core   0: 3 0x80002ae4 (0x0019f333) x 6 0x00000000
core   0: 0x80002ae8 (0x02f75933) divu    s2, a4, a5
core   0: 3 0x80002ae8 (0x02f75933) x18 0xffffffff
core   0: 0x80002aec (0x002bb433) sltu    s0, s7, sp
core   0: 3 0x80002aec (0x002bb433) x 8 0x00000000
core   0: 0x80002af0 (0x00e3ae33) slt     t3, t2, a4
core   0: 3 0x80002af0 (0x00e3ae33) x28 0x00000001
core   0: 0x80002af4 (0x0382dbb3) divu    s7, t0, s8
core   0: 3 0x80002af4 (0x0382dbb3) x23 0xffffffff
core   0: 0x80002af8 (0x84c00393) li      t2, -1972
core   0: 3 0x80002af8 (0x84c00393) x 7 0xfffff84c
core   0: 0x80002afc (0x004dabb3) slt     s7, s11, tp
core   0: 3 0x80002afc (0x004dabb3) x23 0x00000000
core   0: 0x80002b00 (0x02a305b3) mul     a1, t1, a0
core   0: 3 0x80002b00 (0x02a305b3) x11 0x00000000
core   0: 0x80002b04 (0x034c4233) div     tp, s8, s4
core   0: 3 0x80002b04 (0x034c4233) x 4 0x00000000
core   0: 0x80002b08 (0x01c39293) slli    t0, t2, 28
core   0: 3 0x80002b08 (0x01c39293) x 5 0xc0000000
core   0: 0x80002b0c (0x403a55b3) sra     a1, s4, gp
core   0: 3 0x80002b0c (0x403a55b3) x11 0x00000001
core   0: 0x80002b10 (0x3b2e2c13) slti    s8, t3, 946
core   0: 3 0x80002b10 (0x3b2e2c13) x24 0x00000001
core   0: 0x80002b14 (0x953f2893) slti    a7, t5, -1709
core   0: 3 0x80002b14 (0x953f2893) x17 0x00000001
core   0: 0x80002b18 (0x0039d6b3) srl     a3, s3, gp
core   0: 3 0x80002b18 (0x0039d6b3) x13 0x80014e64
core   0: 0x80002b1c (0xced36537) lui     a0, 0xced36
core   0: 3 0x80002b1c (0xced36537) x10 0xced36000
core   0: 0x80002b20 (0x03c3acb3) mulhsu  s9, t2, t3
core   0: 3 0x80002b20 (0x03c3acb3) x25 0xffffffff
core   0: 0x80002b24 (0x02568733) mul     a4, a3, t0
core   0: 3 0x80002b24 (0x02568733) x14 0x00000000
core   0: 0x80002b28 (0x001ae4b3) or      s1, s5, ra
core   0: 3 0x80002b28 (0x001ae4b3) x 9 0x80018ce4
core   0: 0x80002b2c (0x03f5c433) div     s0, a1, t6
core   0: 3 0x80002b2c (0x03f5c433) x 8 0x00000000
core   0: 0x80002b30 (0x00000013) nop
core   0: 3 0x80002b30 (0x00000013)
core   0: 0x80002b34 (0xa70b6893) ori     a7, s6, -1424
core   0: 3 0x80002b34 (0xa70b6893) x17 0xfffffa70
core   0: 0x80002b38 (0x81732893) slti    a7, t1, -2025
core   0: 3 0x80002b38 (0x81732893) x17 0x00000000
core   0: 0x80002b3c (0x02ff7433) remu    s0, t5, a5
core   0: 3 0x80002b3c (0x02ff7433) x 8 0x80018ce4
core   0: 0x80002b40 (0x03e178b3) remu    a7, sp, t5
core   0: 3 0x80002b40 (0x03e178b3) x17 0x00000000
core   0: 0x80002b44 (0xd0457eb7) lui     t4, 0xd0457
core   0: 3 0x80002b44 (0xd0457eb7) x29 0xd0457000
core   0: 0x80002b48 (0x029a0933) mul     s2, s4, s1
core   0: 3 0x80002b48 (0x029a0933) x18 0x80018ce4
core   0: 0x80002b4c (0x7a21ffb7) lui     t6, 0x7a21f
core   0: 3 0x80002b4c (0x7a21ffb7) x31 0x7a21f000
core   0: 0x80002b50 (0x74eaf213) andi    tp, s5, 1870
core   0: 3 0x80002b50 (0x74eaf213) x 4 0x00000444
core   0: 0x80002b54 (0x00c1dd93) srli    s11, gp, 12
core   0: 3 0x80002b54 (0x00c1dd93) x27 0x00000000
core   0: 0x80002b58 (0x007a0bb3) add     s7, s4, t2
core   0: 3 0x80002b58 (0x007a0bb3) x23 0xfffff84d
core   0: 0x80002b5c (0x01deb5b3) sltu    a1, t4, t4
core   0: 3 0x80002b5c (0x01deb5b3) x11 0x00000000
core   0: 0x80002b60 (0x853ff693) andi    a3, t6, -1965
core   0: 3 0x80002b60 (0x853ff693) x13 0x7a21f000
core   0: 0x80002b64 (0x41bdd513) srai    a0, s11, 27
core   0: 3 0x80002b64 (0x41bdd513) x10 0x00000000
core   0: 0x80002b68 (0x003b0733) add     a4, s6, gp
core   0: 3 0x80002b68 (0x003b0733) x14 0xd99ba000
core   0: 0x80002b6c (0x0168f933) and     s2, a7, s6
core   0: 3 0x80002b6c (0x0168f933) x18 0x00000000
core   0: 0x80002b70 (0x0364bb33) mulhu   s6, s1, s6
core   0: 3 0x80002b70 (0x0364bb33) x22 0x6ccf215e
core   0: 0x80002b74 (0x03ba1133) mulh    sp, s4, s11
core   0: 3 0x80002b74 (0x03ba1133) x 2 0x00000000
core   0: 0x80002b78 (0x00000013) nop
core   0: 3 0x80002b78 (0x00000013)
core   0: 0x80002b7c (0x0023a7b3) slt     a5, t2, sp
core   0: 3 0x80002b7c (0x0023a7b3) x15 0x00000001
core   0: 0x80002b80 (0x01a6f1b3) and     gp, a3, s10
core   0: 3 0x80002b80 (0x01a6f1b3) x 3 0x00000000
core   0: 0x80002b84 (0x00f311b3) sll     gp, t1, a5
core   0: 3 0x80002b84 (0x00f311b3) x 3 0x00000000
core   0: 0x80002b88 (0x022a1bb3) mulh    s7, s4, sp
core   0: 3 0x80002b88 (0x022a1bb3) x23 0x00000000
core   0: 0x80002b8c (0x1eddbc93) sltiu   s9, s11, 493
core   0: 3 0x80002b8c (0x1eddbc93) x25 0x00000001
core   0: 0x80002b90 (0x022cb133) mulhu   sp, s9, sp
core   0: 3 0x80002b90 (0x022cb133) x 2 0x00000000
core   0: 0x80002b94 (0x4062d613) srai    a2, t0, 6
core   0: 3 0x80002b94 (0x4062d613) x12 0xff000000
core   0: 0x80002b98 (0x02ef05b3) mul     a1, t5, a4
core   0: 3 0x80002b98 (0x02ef05b3) x11 0x8a1a8000
core   0: 0x80002b9c (0x036c46b3) div     a3, s8, s6
core   0: 3 0x80002b9c (0x036c46b3) x13 0x00000000
core   0: 0x80002ba0 (0x00e15033) srl     zero, sp, a4
core   0: 3 0x80002ba0 (0x00e15033)
core   0: 0x80002ba4 (0xc3090a93) addi    s5, s2, -976
core   0: 3 0x80002ba4 (0xc3090a93) x21 0xfffffc30
core   0: 0x80002ba8 (0x010e6233) or      tp, t3, a6
core   0: 3 0x80002ba8 (0x010e6233) x 4 0xfffffcd1
core   0: 0x80002bac (0x41890533) sub     a0, s2, s8
core   0: 3 0x80002bac (0x41890533) x10 0xffffffff
core   0: 0x80002bb0 (0x01eb3e33) sltu    t3, s6, t5
core   0: 3 0x80002bb0 (0x01eb3e33) x28 0x00000001
core   0: 0x80002bb4 (0x01d09fb3) sll     t6, ra, t4
core   0: 3 0x80002bb4 (0x01d09fb3) x31 0x00000000
core   0: 0x80002bb8 (0x0297beb3) mulhu   t4, a5, s1
core   0: 3 0x80002bb8 (0x0297beb3) x29 0x00000000
core   0: 0x80002bbc (0x01bcdeb3) srl     t4, s9, s11
core   0: 3 0x80002bbc (0x01bcdeb3) x29 0x00000001
core   0: 0x80002bc0 (0x0316c0b3) div     ra, a3, a7
core   0: 3 0x80002bc0 (0x0316c0b3) x 1 0xffffffff
core   0: 0x80002bc4 (0x013547b3) xor     a5, a0, s3
core   0: 3 0x80002bc4 (0x013547b3) x15 0x7ffeb19b
core   0: 0x80002bc8 (0xb30e0793) addi    a5, t3, -1232
core   0: 3 0x80002bc8 (0xb30e0793) x15 0xfffffb31
core   0: 0x80002bcc (0x03c85fb3) divu    t6, a6, t3
core   0: 3 0x80002bcc (0x03c85fb3) x31 0xfffffcd1
core   0: 0x80002bd0 (0x9e54ba93) sltiu   s5, s1, -1563
core   0: 3 0x80002bd0 (0x9e54ba93) x21 0x00000001
core   0: 0x80002bd4 (0x852bc093) xori    ra, s7, -1966
core   0: 3 0x80002bd4 (0x852bc093) x 1 0xfffff852
core   0: 0x80002bd8 (0xac62e137) lui     sp, 0xac62e
core   0: 3 0x80002bd8 (0xac62e137) x 2 0xac62e000
core   0: 0x80002bdc (0x0392c533) div     a0, t0, s9
core   0: 3 0x80002bdc (0x0392c533) x10 0xc0000000
core   0: 0x80002be0 (0x21b1a013) slti    zero, gp, 539
core   0: 3 0x80002be0 (0x21b1a013)
core   0: 0x80002be4 (0x011f9413) slli    s0, t6, 17
core   0: 3 0x80002be4 (0x011f9413) x 8 0xf9a20000
core   0: 0x80002be8 (0x0357b8b3) mulhu   a7, a5, s5
core   0: 3 0x80002be8 (0x0357b8b3) x17 0x00000000
core   0: 0x80002bec (0x01b9bc33) sltu    s8, s3, s11
core   0: 3 0x80002bec (0x01b9bc33) x24 0x00000000
core   0: 0x80002bf0 (0xda6b2493) slti    s1, s6, -602
core   0: 3 0x80002bf0 (0xda6b2493) x 9 0x00000000
core   0: 0x80002bf4 (0x41cad013) srai    zero, s5, 28
core   0: 3 0x80002bf4 (0x41cad013)
core   0: 0x80002bf8 (0x00000013) nop
core   0: 3 0x80002bf8 (0x00000013)
core   0: 0x80002bfc (0x0087e633) or      a2, a5, s0
core   0: 3 0x80002bfc (0x0087e633) x12 0xfffffb31
core   0: 0x80002c00 (0xba796b13) ori     s6, s2, -1113
core   0: 3 0x80002c00 (0xba796b13) x22 0xfffffba7
core   0: 0x80002c04 (0x00d14533) xor     a0, sp, a3
core   0: 3 0x80002c04 (0x00d14533) x10 0xac62e000
core   0: 0x80002c08 (0x012ad133) srl     sp, s5, s2
core   0: 3 0x80002c08 (0x012ad133) x 2 0x00000001
core   0: 0x80002c0c (0x0163be33) sltu    t3, t2, s6
core   0: 3 0x80002c0c (0x0163be33) x28 0x00000001
core   0: 0x80002c10 (0x02dab333) mulhu   t1, s5, a3
core   0: 3 0x80002c10 (0x02dab333) x 6 0x00000000
core   0: 0x80002c14 (0x028d54b3) divu    s1, s10, s0
core   0: 3 0x80002c14 (0x028d54b3) x 9 0x00000000
core   0: 0x80002c18 (0x000b3533) sltu    a0, s6, zero
core   0: 3 0x80002c18 (0x000b3533) x10 0x00000000
core   0: 0x80002c1c (0x403c8033) sub     zero, s9, gp
core   0: 3 0x80002c1c (0x403c8033)
core   0: 0x80002c20 (0x8293eb37) lui     s6, 0x8293e
core   0: 3 0x80002c20 (0x8293eb37) x22 0x8293e000
core   0: 0x80002c24 (0x676e3293) sltiu   t0, t3, 1654
core   0: 3 0x80002c24 (0x676e3293) x 5 0x00000001
core   0: 0x80002c28 (0x00cf9cb3) sll     s9, t6, a2
core   0: 3 0x80002c28 (0x00cf9cb3) x25 0xf9a20000
core   0: 0x80002c2c (0x002b0b33) add     s6, s6, sp
core   0: 3 0x80002c2c (0x002b0b33) x22 0x8293e001
core   0: 0x80002c30 (0x03176a33) rem     s4, a4, a7
core   0: 3 0x80002c30 (0x03176a33) x20 0xd99ba000
core   0: 0x80002c34 (0x02d8ccb3) div     s9, a7, a3
core   0: 3 0x80002c34 (0x02d8ccb3) x25 0xffffffff
core   0: 0x80002c38 (0x0289b633) mulhu   a2, s3, s0
core   0: 3 0x80002c38 (0x0289b633) x12 0x7cd24612
core   0: 0x80002c3c (0x054af293) andi    t0, s5, 84
core   0: 3 0x80002c3c (0x054af293) x 5 0x00000000
core   0: 0x80002c40 (0x41e8d033) sra     zero, a7, t5
core   0: 3 0x80002c40 (0x41e8d033)
core   0: 0x80002c44 (0x03ad5eb3) divu    t4, s10, s10
core   0: 3 0x80002c44 (0x03ad5eb3) x29 0x00000001
core   0: 0x80002c48 (0x97e13317) auipc   t1, 0x97e13
core   0: 3 0x80002c48 (0x97e13317) x 6 0x17e15c48
core   0: 0x80002c4c (0xbf1cae13) slti    t3, s9, -1039
core   0: 3 0x80002c4c (0xbf1cae13) x28 0x00000000
core   0: 0x80002c50 (0x9a8f8193) addi    gp, t6, -1624
core   0: 3 0x80002c50 (0x9a8f8193) x 3 0xfffff679
core   0: 0x80002c54 (0x014e51b3) srl     gp, t3, s4
core   0: 3 0x80002c54 (0x014e51b3) x 3 0x00000000
core   0: 0x80002c58 (0x79580293) addi    t0, a6, 1941
core   0: 3 0x80002c58 (0x79580293) x 5 0x00000466
core   0: 0x80002c5c (0x031b9033) mulh    zero, s7, a7
core   0: 3 0x80002c5c (0x031b9033)
core   0: 0x80002c60 (0x41d7d733) sra     a4, a5, t4
core   0: 3 0x80002c60 (0x41d7d733) x14 0xfffffd98
core   0: 0x80002c64 (0x014841b3) xor     gp, a6, s4
core   0: 3 0x80002c64 (0x014841b3) x 3 0x26645cd1
core   0: 0x80002c68 (0x010120b3) slt     ra, sp, a6
core   0: 3 0x80002c68 (0x010120b3) x 1 0x00000000
core   0: 0x80002c6c (0x010d20b3) slt     ra, s10, a6
core   0: 3 0x80002c6c (0x010d20b3) x 1 0x00000001
core   0: 0x80002c70 (0x272478b7) lui     a7, 0x27247
core   0: 3 0x80002c70 (0x272478b7) x17 0x27247000
core   0: 0x80002c74 (0x01500033) add     zero, zero, s5
core   0: 3 0x80002c74 (0x01500033)
core   0: 0x80002c78 (0x01b7aa33) slt     s4, a5, s11
core   0: 3 0x80002c78 (0x01b7aa33) x20 0x00000001
core   0: 0x80002c7c (0x02df54b3) divu    s1, t5, a3
core   0: 3 0x80002c7c (0x02df54b3) x 9 0xffffffff
core   0: 0x80002c80 (0x93f6eb37) lui     s6, 0x93f6e
core   0: 3 0x80002c80 (0x93f6eb37) x22 0x93f6e000
core   0: 0x80002c84 (0x036d0bb3) mul     s7, s10, s6
core   0: 3 0x80002c84 (0x036d0bb3) x23 0x00000000
core   0: 0x80002c88 (0x416ed813) srai    a6, t4, 22
core   0: 3 0x80002c88 (0x416ed813) x16 0x00000000
core   0: 0x80002c8c (0x00701793) slli    a5, zero, 7
core   0: 3 0x80002c8c (0x00701793) x15 0x00000000
core   0: 0x80002c90 (0x44f3deb7) lui     t4, 0x44f3d
core   0: 3 0x80002c90 (0x44f3deb7) x29 0x44f3d000
core   0: 0x80002c94 (0x00218bb3) add     s7, gp, sp
core   0: 3 0x80002c94 (0x00218bb3) x23 0x26645cd2
core   0: 0x80002c98 (0x01c007b3) add     a5, zero, t3
core   0: 3 0x80002c98 (0x01c007b3) x15 0x00000000
core   0: 0x80002c9c (0x024651b3) divu    gp, a2, tp
core   0: 3 0x80002c9c (0x024651b3) x 3 0x00000000
core   0: 0x80002ca0 (0x01ec1d93) slli    s11, s8, 30
core   0: 3 0x80002ca0 (0x01ec1d93) x27 0x00000000
core   0: 0x80002ca4 (0x0368fb33) remu    s6, a7, s6
core   0: 3 0x80002ca4 (0x0368fb33) x22 0x27247000
core   0: 0x80002ca8 (0x418d5e13) srai    t3, s10, 24
core   0: 3 0x80002ca8 (0x418d5e13) x28 0xffffff80
core   0: 0x80002cac (0x0146c333) xor     t1, a3, s4
core   0: 3 0x80002cac (0x0146c333) x 6 0x00000001
core   0: 0x80002cb0 (0x017f3bb3) sltu    s7, t5, s7
core   0: 3 0x80002cb0 (0x017f3bb3) x23 0x00000000
core   0: 0x80002cb4 (0xb75bc313) xori    t1, s7, -1163
core   0: 3 0x80002cb4 (0xb75bc313) x 6 0xfffffb75
core   0: 0x80002cb8 (0x93ff7397) auipc   t2, 0x93ff7
core   0: 3 0x80002cb8 (0x93ff7397) x 7 0x13ff9cb8
core   0: 0x80002cbc (0xb94fac93) slti    s9, t6, -1132
core   0: 3 0x80002cbc (0xb94fac93) x25 0x00000000
core   0: 0x80002cc0 (0x41ea5fb3) sra     t6, s4, t5
core   0: 3 0x80002cc0 (0x41ea5fb3) x31 0x00000000
core   0: 0x80002cc4 (0x011332b3) sltu    t0, t1, a7
core   0: 3 0x80002cc4 (0x011332b3) x 5 0x00000000
core   0: 0x80002cc8 (0x3fb355b7) lui     a1, 0x3fb35
core   0: 3 0x80002cc8 (0x3fb355b7) x11 0x3fb35000
core   0: 0x80002ccc (0x002363b3) or      t2, t1, sp
core   0: 3 0x80002ccc (0x002363b3) x 7 0xfffffb75
core   0: 0x80002cd0 (0x0107fcb3) and     s9, a5, a6
core   0: 3 0x80002cd0 (0x0107fcb3) x25 0x00000000
core   0: 0x80002cd4 (0x03051b33) mulh    s6, a0, a6
core   0: 3 0x80002cd4 (0x03051b33) x22 0x00000000
core   0: 0x80002cd8 (0x018cf4b3) and     s1, s9, s8
core   0: 3 0x80002cd8 (0x018cf4b3) x 9 0x00000000
core   0: 0x80002cdc (0xbe8b0a93) addi    s5, s6, -1048
core   0: 3 0x80002cdc (0xbe8b0a93) x21 0xfffffbe8
core   0: 0x80002ce0 (0x014ac3b3) xor     t2, s5, s4
core   0: 3 0x80002ce0 (0x014ac3b3) x 7 0xfffffbe9
core   0: 0x80002ce4 (0x02a31db3) mulh    s11, t1, a0
core   0: 3 0x80002ce4 (0x02a31db3) x27 0x00000000
core   0: 0x80002ce8 (0x0034d5b3) srl     a1, s1, gp
core   0: 3 0x80002ce8 (0x0034d5b3) x11 0x00000000
core   0: 0x80002cec (0x00000013) nop
core   0: 3 0x80002cec (0x00000013)
core   0: 0x80002cf0 (0x0123d913) srli    s2, t2, 18
core   0: 3 0x80002cf0 (0x0123d913) x18 0x00003fff
core   0: 0x80002cf4 (0x405856b3) sra     a3, a6, t0
core   0: 3 0x80002cf4 (0x405856b3) x13 0x00000000
core   0: 0x80002cf8 (0xf2e8ca93) xori    s5, a7, -210
core   0: 3 0x80002cf8 (0xf2e8ca93) x21 0xd8db8f2e
core   0: 0x80002cfc (0x02176133) rem     sp, a4, ra
core   0: 3 0x80002cfc (0x02176133) x 2 0x00000000
core   0: 0x80002d00 (0x0158b1b3) sltu    gp, a7, s5
core   0: 3 0x80002d00 (0x0158b1b3) x 3 0x00000001
core   0: 0x80002d04 (0x02678933) mul     s2, a5, t1
core   0: 3 0x80002d04 (0x02678933) x18 0x00000000
core   0: 0x80002d08 (0x02053833) mulhu   a6, a0, zero
core   0: 3 0x80002d08 (0x02053833) x16 0x00000000
core   0: 0x80002d0c (0x6b558613) addi    a2, a1, 1717
core   0: 3 0x80002d0c (0x6b558613) x12 0x000006b5
core   0: 0x80002d10 (0x00d8cbb3) xor     s7, a7, a3
core   0: 3 0x80002d10 (0x00d8cbb3) x23 0x27247000
core   0: 0x80002d14 (0x01f5bbb3) sltu    s7, a1, t6
core   0: 3 0x80002d14 (0x01f5bbb3) x23 0x00000000
core   0: 0x80002d18 (0x00a106b3) add     a3, sp, a0
core   0: 3 0x80002d18 (0x00a106b3) x13 0x00000000
core   0: 0x80002d1c (0x01051593) slli    a1, a0, 16
core   0: 3 0x80002d1c (0x01051593) x11 0x00000000
core   0: 0x80002d20 (0x57ba3813) sltiu   a6, s4, 1403
core   0: 3 0x80002d20 (0x57ba3813) x16 0x00000001
core   0: 0x80002d24 (0x003ff533) and     a0, t6, gp
core   0: 3 0x80002d24 (0x003ff533) x10 0x00000000
core   0: 0x80002d28 (0x0025c2b3) xor     t0, a1, sp
core   0: 3 0x80002d28 (0x0025c2b3) x 5 0x00000000
core   0: 0x80002d2c (0xbe5c1417) auipc   s0, 0xbe5c1
core   0: 3 0x80002d2c (0xbe5c1417) x 8 0x3e5c3d2c
core   0: 0x80002d30 (0x017cae33) slt     t3, s9, s7
core   0: 3 0x80002d30 (0x017cae33) x28 0x00000000
core   0: 0x80002d34 (0x024984b3) mul     s1, s3, tp
core   0: 3 0x80002d34 (0x024984b3) x 9 0x7bd76fa4
core   0: 0x80002d38 (0x41665013) srai    zero, a2, 22
core   0: 3 0x80002d38 (0x41665013)
core   0: 0x80002d3c (0x40dd0fb3) sub     t6, s10, a3
core   0: 3 0x80002d3c (0x40dd0fb3) x31 0x80000000
core   0: 0x80002d40 (0x998ae693) ori     a3, s5, -1640
core   0: 3 0x80002d40 (0x998ae693) x13 0xffffffbe
core   0: 0x80002d44 (0x1f732093) slti    ra, t1, 503
core   0: 3 0x80002d44 (0x1f732093) x 1 0x00000001
core   0: 0x80002d48 (0x48275e37) lui     t3, 0x48275
core   0: 3 0x80002d48 (0x48275e37) x28 0x48275000
core   0: 0x80002d4c (0xa8064793) xori    a5, a2, -1408
core   0: 3 0x80002d4c (0xa8064793) x15 0xfffffc35
core   0: 0x80002d50 (0x00000013) nop
core   0: 3 0x80002d50 (0x00000013)
core   0: 0x80002d54 (0x00000013) nop
core   0: 3 0x80002d54 (0x00000013)
core   0: 0x80002d58 (0x0195e333) or      t1, a1, s9
core   0: 3 0x80002d58 (0x0195e333) x 6 0x00000000
core   0: 0x80002d5c (0x03874eb3) div     t4, a4, s8
core   0: 3 0x80002d5c (0x03874eb3) x29 0xffffffff
core   0: 0x80002d60 (0x00c961b3) or      gp, s2, a2
core   0: 3 0x80002d60 (0x00c961b3) x 3 0x000006b5
core   0: 0x80002d64 (0x01ead293) srli    t0, s5, 30
core   0: 3 0x80002d64 (0x01ead293) x 5 0x00000003
core   0: 0x80002d68 (0xbfa18293) addi    t0, gp, -1030
core   0: 3 0x80002d68 (0xbfa18293) x 5 0x000002af
core   0: 0x80002d6c (0x01a39bb3) sll     s7, t2, s10
core   0: 3 0x80002d6c (0x01a39bb3) x23 0xfffffbe9
core   0: 0x80002d70 (0x0021de33) srl     t3, gp, sp
core   0: 3 0x80002d70 (0x0021de33) x28 0x000006b5
core   0: 0x80002d74 (0x431ebe13) sltiu   t3, t4, 1073
core   0: 3 0x80002d74 (0x431ebe13) x28 0x00000000
core   0: 0x80002d78 (0x41b1d193) srai    gp, gp, 27
core   0: 3 0x80002d78 (0x41b1d193) x 3 0x00000000
core   0: 0x80002d7c (0x5e03c693) xori    a3, t2, 1504
core   0: 3 0x80002d7c (0x5e03c693) x13 0xfffffe09
core   0: 0x80002d80 (0xbe750117) auipc   sp, 0xbe750
core   0: 3 0x80002d80 (0xbe750117) x 2 0x3e752d80
core   0: 0x80002d84 (0x021e77b3) remu    a5, t3, ra
core   0: 3 0x80002d84 (0x021e77b3) x15 0x00000000
core   0: 0x80002d88 (0x0008f7b3) and     a5, a7, zero
core   0: 3 0x80002d88 (0x0008f7b3) x15 0x00000000
core   0: 0x80002d8c (0x035c73b3) remu    t2, s8, s5
core   0: 3 0x80002d8c (0x035c73b3) x 7 0x00000000
core   0: 0x80002d90 (0x0188d7b3) srl     a5, a7, s8
core   0: 3 0x80002d90 (0x0188d7b3) x15 0x27247000
core   0: 0x80002d94 (0x0170afb3) slt     t6, ra, s7
core   0: 3 0x80002d94 (0x0170afb3) x31 0x00000000
core   0: 0x80002d98 (0x71e78893) addi    a7, a5, 1822
core   0: 3 0x80002d98 (0x71e78893) x17 0x2724771e
core   0: 0x80002d9c (0xae1f8b93) addi    s7, t6, -1311
core   0: 3 0x80002d9c (0xae1f8b93) x23 0xfffffae1
core   0: 0x80002da0 (0x40030133) sub     sp, t1, zero
core   0: 3 0x80002da0 (0x40030133) x 2 0x00000000
core   0: 0x80002da4 (0x7e98fb13) andi    s6, a7, 2025
core   0: 3 0x80002da4 (0x7e98fb13) x22 0x00000708
core   0: 0x80002da8 (0x0183ae33) slt     t3, t2, s8
core   0: 3 0x80002da8 (0x0183ae33) x28 0x00000000
core   0: 0x80002dac (0x00cc08b3) add     a7, s8, a2
core   0: 3 0x80002dac (0x00cc08b3) x17 0x000006b5
core   0: 0x80002db0 (0x111ac913) xori    s2, s5, 273
core   0: 3 0x80002db0 (0x111ac913) x18 0xd8db8e3f
core   0: 0x80002db4 (0xc084aa13) slti    s4, s1, -1016
core   0: 3 0x80002db4 (0xc084aa13) x20 0x00000000
core   0: 0x80002db8 (0x004b52b3) srl     t0, s6, tp
core   0: 3 0x80002db8 (0x004b52b3) x 5 0x00000000
core   0: 0x80002dbc (0x00000013) nop
core   0: 3 0x80002dbc (0x00000013)
core   0: 0x80002dc0 (0x03695433) divu    s0, s2, s6
core   0: 3 0x80002dc0 (0x03695433) x 8 0x001ed78b
core   0: 0x80002dc4 (0x02a5fc33) remu    s8, a1, a0
core   0: 3 0x80002dc4 (0x02a5fc33) x24 0x00000000
core   0: 0x80002dc8 (0x02a3a333) mulhsu  t1, t2, a0
core   0: 3 0x80002dc8 (0x02a3a333) x 6 0x00000000
core   0: 0x80002dcc (0x030f2db3) mulhsu  s11, t5, a6
core   0: 3 0x80002dcc (0x030f2db3) x27 0xffffffff
core   0: 0x80002dd0 (0x026b2b33) mulhsu  s6, s6, t1
core   0: 3 0x80002dd0 (0x026b2b33) x22 0x00000000
core   0: 0x80002dd4 (0x039b2233) mulhsu  tp, s6, s9
core   0: 3 0x80002dd4 (0x039b2233) x 4 0x00000000
core   0: 0x80002dd8 (0x03728833) mul     a6, t0, s7
core   0: 3 0x80002dd8 (0x03728833) x16 0x00000000
core   0: 0x80002ddc (0x033bc633) div     a2, s7, s3
core   0: 3 0x80002ddc (0x033bc633) x12 0x00000000
core   0: 0x80002de0 (0x03b83a33) mulhu   s4, a6, s11
core   0: 3 0x80002de0 (0x03b83a33) x20 0x00000000
core   0: 0x80002de4 (0xd63be213) ori     tp, s7, -669
core   0: 3 0x80002de4 (0xd63be213) x 4 0xffffffe3
core   0: 0x80002de8 (0x00569db3) sll     s11, a3, t0
core   0: 3 0x80002de8 (0x00569db3) x27 0xfffffe09
core   0: 0x80002dec (0x00dd9e13) slli    t3, s11, 13
core   0: 3 0x80002dec (0x00dd9e13) x28 0xffc12000
core   0: 0x80002df0 (0x0235edb3) rem     s11, a1, gp
core   0: 3 0x80002df0 (0x0235edb3) x27 0x00000000
core   0: 0x80002df4 (0x0039d813) srli    a6, s3, 3
core   0: 3 0x80002df4 (0x0039d813) x16 0x100029cc
core   0: 0x80002df8 (0x03b2d133) divu    sp, t0, s11
core   0: 3 0x80002df8 (0x03b2d133) x 2 0xffffffff
core   0: 0x80002dfc (0xda43a013) slti    zero, t2, -604
core   0: 3 0x80002dfc (0xda43a013)
core   0: 0x80002e00 (0xc654f113) andi    sp, s1, -923
core   0: 3 0x80002e00 (0xc654f113) x 2 0x7bd76c24
core   0: 0x80002e04 (0x0210bbb3) mulhu   s7, ra, ra
core   0: 3 0x80002e04 (0x0210bbb3) x23 0x00000000
core   0: 0x80002e08 (0x026a6fb3) rem     t6, s4, t1
core   0: 3 0x80002e08 (0x026a6fb3) x31 0x00000000
core   0: 0x80002e0c (0x0371cc33) div     s8, gp, s7
core   0: 3 0x80002e0c (0x0371cc33) x24 0xffffffff
core   0: 0x80002e10 (0x003c5a13) srli    s4, s8, 3
core   0: 3 0x80002e10 (0x003c5a13) x20 0x1fffffff
core   0: 0x80002e14 (0x01ec0e33) add     t3, s8, t5
core   0: 3 0x80002e14 (0x01ec0e33) x28 0x80018ce3
core   0: 0x80002e18 (0x4a5fb113) sltiu   sp, t6, 1189
core   0: 3 0x80002e18 (0x4a5fb113) x 2 0x00000001
core   0: 0x80002e1c (0xec36ae13) slti    t3, a3, -317
core   0: 3 0x80002e1c (0xec36ae13) x28 0x00000001
core   0: 0x80002e20 (0x00ceee33) or      t3, t4, a2
core   0: 3 0x80002e20 (0x00ceee33) x28 0xffffffff
core   0: 0x80002e24 (0xae4f6713) ori     a4, t5, -1308
core   0: 3 0x80002e24 (0xae4f6713) x14 0xfffffee4
core   0: 0x80002e28 (0x01c8da13) srli    s4, a7, 28
core   0: 3 0x80002e28 (0x01c8da13) x20 0x00000000
core   0: 0x80002e2c (0x0345e2b3) rem     t0, a1, s4
core   0: 3 0x80002e2c (0x0345e2b3) x 5 0x00000000
core   0: 0x80002e30 (0x0691e213) ori     tp, gp, 105
core   0: 3 0x80002e30 (0x0691e213) x 4 0x00000069
core   0: 0x80002e34 (0x03ac2ab3) mulhsu  s5, s8, s10
core   0: 3 0x80002e34 (0x03ac2ab3) x21 0xffffffff
core   0: 0x80002e38 (0x020af1b3) remu    gp, s5, zero
core   0: 3 0x80002e38 (0x020af1b3) x 3 0xffffffff
core   0: 0x80002e3c (0x02b493b3) mulh    t2, s1, a1
core   0: 3 0x80002e3c (0x02b493b3) x 7 0x00000000
core   0: 0x80002e40 (0x40875313) srai    t1, a4, 8
core   0: 3 0x80002e40 (0x40875313) x 6 0xfffffffe
core   0: 0x80002e44 (0x009b5533) srl     a0, s6, s1
core   0: 3 0x80002e44 (0x009b5533) x10 0x00000000
core   0: 0x80002e48 (0x02ff80b3) mul     ra, t6, a5
core   0: 3 0x80002e48 (0x02ff80b3) x 1 0x00000000
core   0: 0x80002e4c (0x0325f2b3) remu    t0, a1, s2
core   0: 3 0x80002e4c (0x0325f2b3) x 5 0x00000000
core   0: 0x80002e50 (0x024a3233) mulhu   tp, s4, tp
core   0: 3 0x80002e50 (0x024a3233) x 4 0x00000000
core   0: 0x80002e54 (0x0155a6b3) slt     a3, a1, s5
core   0: 3 0x80002e54 (0x0155a6b3) x13 0x00000000
core   0: 0x80002e58 (0x40578033) sub     zero, a5, t0
core   0: 3 0x80002e58 (0x40578033)
core   0: 0x80002e5c (0x02c89cb3) mulh    s9, a7, a2
core   0: 3 0x80002e5c (0x02c89cb3) x25 0x00000000
core   0: 0x80002e60 (0x0147d793) srli    a5, a5, 20
core   0: 3 0x80002e60 (0x0147d793) x15 0x00000272
core   0: 0x80002e64 (0x02ab0eb3) mul     t4, s6, a0
core   0: 3 0x80002e64 (0x02ab0eb3) x29 0x00000000
core   0: 0x80002e68 (0x1bd52a37) lui     s4, 0x1bd52
core   0: 3 0x80002e68 (0x1bd52a37) x20 0x1bd52000
core   0: 0x80002e6c (0x00af5913) srli    s2, t5, 10
core   0: 3 0x80002e6c (0x00af5913) x18 0x00200063
core   0: 0x80002e70 (0x01cefa33) and     s4, t4, t3
core   0: 3 0x80002e70 (0x01cefa33) x20 0x00000000
core   0: 0x80002e74 (0x018c8eb3) add     t4, s9, s8
core   0: 3 0x80002e74 (0x018c8eb3) x29 0xffffffff
core   0: 0x80002e78 (0x0392c5b3) div     a1, t0, s9
core   0: 3 0x80002e78 (0x0392c5b3) x11 0xffffffff
core   0: 0x80002e7c (0x0264f5b3) remu    a1, s1, t1
core   0: 3 0x80002e7c (0x0264f5b3) x11 0x7bd76fa4
core   0: 0x80002e80 (0x6b862893) slti    a7, a2, 1720
core   0: 3 0x80002e80 (0x6b862893) x17 0x00000001
core   0: 0x80002e84 (0x01bd6133) or      sp, s10, s11
core   0: 3 0x80002e84 (0x01bd6133) x 2 0x80000000
core   0: 0x80002e88 (0x03a953b3) divu    t2, s2, s10
core   0: 3 0x80002e88 (0x03a953b3) x 7 0x00000000
core   0: 0x80002e8c (0x00c917b3) sll     a5, s2, a2
core   0: 3 0x80002e8c (0x00c917b3) x15 0x00200063
core   0: 0x80002e90 (0x01bf33b3) sltu    t2, t5, s11
core   0: 3 0x80002e90 (0x01bf33b3) x 7 0x00000000
core   0: 0x80002e94 (0x00e92233) slt     tp, s2, a4
core   0: 3 0x80002e94 (0x00e92233) x 4 0x00000000
core   0: 0x80002e98 (0x00000013) nop
core   0: 3 0x80002e98 (0x00000013)
core   0: 0x80002e9c (0xc21f0637) lui     a2, 0xc21f0
core   0: 3 0x80002e9c (0xc21f0637) x12 0xc21f0000
core   0: 0x80002ea0 (0x000b4a33) xor     s4, s6, zero
core   0: 3 0x80002ea0 (0x000b4a33) x20 0x00000000
core   0: 0x80002ea4 (0x014c38b3) sltu    a7, s8, s4
core   0: 3 0x80002ea4 (0x014c38b3) x17 0x00000000
core   0: 0x80002ea8 (0x0046dbb3) srl     s7, a3, tp
core   0: 3 0x80002ea8 (0x0046dbb3) x23 0x00000000
core   0: 0x80002eac (0x00f43ab3) sltu    s5, s0, a5
core   0: 3 0x80002eac (0x00f43ab3) x21 0x00000001
core   0: 0x80002eb0 (0x01c0edb3) or      s11, ra, t3
core   0: 3 0x80002eb0 (0x01c0edb3) x27 0xffffffff
core   0: 0x80002eb4 (0x00a5cab3) xor     s5, a1, a0
core   0: 3 0x80002eb4 (0x00a5cab3) x21 0x7bd76fa4
core   0: 0x80002eb8 (0x0386dbb3) divu    s7, a3, s8
core   0: 3 0x80002eb8 (0x0386dbb3) x23 0x00000000
core   0: 0x80002ebc (0x03e02e33) mulhsu  t3, zero, t5
core   0: 3 0x80002ebc (0x03e02e33) x28 0x00000000
core   0: 0x80002ec0 (0x0091db13) srli    s6, gp, 9
core   0: 3 0x80002ec0 (0x0091db13) x22 0x007fffff
core   0: 0x80002ec4 (0xc846ea13) ori     s4, a3, -892
core   0: 3 0x80002ec4 (0xc846ea13) x20 0xfffffc84
core   0: 0x80002ec8 (0x02cc58b3) divu    a7, s8, a2
core   0: 3 0x80002ec8 (0x02cc58b3) x17 0x00000001
core   0: 0x80002ecc (0x41be83b3) sub     t2, t4, s11
core   0: 3 0x80002ecc (0x41be83b3) x 7 0x00000000
core   0: 0x80002ed0 (0x034ffb33) remu    s6, t6, s4
core   0: 3 0x80002ed0 (0x034ffb33) x22 0x00000000
core   0: 0x80002ed4 (0x6a71f093) andi    ra, gp, 1703
core   0: 3 0x80002ed4 (0x6a71f093) x 1 0x000006a7
core   0: 0x80002ed8 (0x7990e913) ori     s2, ra, 1945
core   0: 3 0x80002ed8 (0x7990e913) x18 0x000007bf
core   0: 0x80002edc (0x41468933) sub     s2, a3, s4
core   0: 3 0x80002edc (0x41468933) x18 0x0000037c
core   0: 0x80002ee0 (0x000f6bb3) or      s7, t5, zero
core   0: 3 0x80002ee0 (0x000f6bb3) x23 0x80018ce4
core   0: 0x80002ee4 (0x40025133) sra     sp, tp, zero
core   0: 3 0x80002ee4 (0x40025133) x 2 0x00000000
core   0: 0x80002ee8 (0xe4476093) ori     ra, a4, -444
core   0: 3 0x80002ee8 (0xe4476093) x 1 0xfffffee4
core   0: 0x80002eec (0x004d0833) add     a6, s10, tp
core   0: 3 0x80002eec (0x004d0833) x16 0x80000000
core   0: 0x80002ef0 (0x02c84eb3) div     t4, a6, a2
core   0: 3 0x80002ef0 (0x02c84eb3) x29 0x00000002
core   0: 0x80002ef4 (0xd8896e93) ori     t4, s2, -632
core   0: 3 0x80002ef4 (0xd8896e93) x29 0xfffffffc
core   0: 0x80002ef8 (0xf2d2cfb7) lui     t6, 0xf2d2c
core   0: 3 0x80002ef8 (0xf2d2cfb7) x31 0xf2d2c000
core   0: 0x80002efc (0x006deb33) or      s6, s11, t1
core   0: 3 0x80002efc (0x006deb33) x22 0xffffffff
core   0: 0x80002f00 (0x02372e33) mulhsu  t3, a4, gp
core   0: 3 0x80002f00 (0x02372e33) x28 0xfffffee4
core   0: 0x80002f04 (0xd364b013) sltiu   zero, s1, -714
core   0: 3 0x80002f04 (0xd364b013)
core   0: 0x80002f08 (0x03ea66b3) rem     a3, s4, t5
core   0: 3 0x80002f08 (0x03ea66b3) x13 0xfffffc84
core   0: 0x80002f0c (0x004f1293) slli    t0, t5, 4
core   0: 3 0x80002f0c (0x004f1293) x 5 0x0018ce40
core   0: 0x80002f10 (0x87da0893) addi    a7, s4, -1923
core   0: 3 0x80002f10 (0x87da0893) x17 0xfffff501
core   0: 0x80002f14 (0x0210afb3) mulhsu  t6, ra, ra
core   0: 3 0x80002f14 (0x0210afb3) x31 0xfffffee4
core   0: 0x80002f18 (0xbc6d8837) lui     a6, 0xbc6d8
core   0: 3 0x80002f18 (0xbc6d8837) x16 0xbc6d8000
core   0: 0x80002f1c (0x029228b3) mulhsu  a7, tp, s1
core   0: 3 0x80002f1c (0x029228b3) x17 0x00000000
core   0: 0x80002f20 (0x016df4b3) and     s1, s11, s6
core   0: 3 0x80002f20 (0x016df4b3) x 9 0xffffffff
core   0: 0x80002f24 (0x00ae7b33) and     s6, t3, a0
core   0: 3 0x80002f24 (0x00ae7b33) x22 0x00000000
core   0: 0x80002f28 (0x01729593) slli    a1, t0, 23
core   0: 3 0x80002f28 (0x01729593) x11 0x20000000
core   0: 0x80002f2c (0x40ba85b3) sub     a1, s5, a1
core   0: 3 0x80002f2c (0x40ba85b3) x11 0x5bd76fa4
core   0: 0x80002f30 (0x00265a93) srli    s5, a2, 2
core   0: 3 0x80002f30 (0x00265a93) x21 0x3087c000
core   0: 0x80002f34 (0x02be70b3) remu    ra, t3, a1
core   0: 3 0x80002f34 (0x02be70b3) x 1 0x48511f9c
core   0: 0x80002f38 (0x00621b93) slli    s7, tp, 6
core   0: 3 0x80002f38 (0x00621b93) x23 0x00000000
core   0: 0x80002f3c (0xef5f4a93) xori    s5, t5, -267
core   0: 3 0x80002f3c (0xef5f4a93) x21 0x7ffe7211
core   0: 0x80002f40 (0x004b72b3) and     t0, s6, tp
core   0: 3 0x80002f40 (0x004b72b3) x 5 0x00000000
core   0: 0x80002f44 (0x00c7d333) srl     t1, a5, a2
core   0: 3 0x80002f44 (0x00c7d333) x 6 0x00200063
core   0: 0x80002f48 (0xe72d6313) ori     t1, s10, -398
core   0: 3 0x80002f48 (0xe72d6313) x 6 0xfffffe72
core   0: 0x80002f4c (0x00000013) nop
core   0: 3 0x80002f4c (0x00000013)
core   0: 0x80002f50 (0x503ca913) slti    s2, s9, 1283
core   0: 3 0x80002f50 (0x503ca913) x18 0x00000001
core   0: 0x80002f54 (0x031377b3) remu    a5, t1, a7
core   0: 3 0x80002f54 (0x031377b3) x15 0xfffffe72
core   0: 0x80002f58 (0x00179513) slli    a0, a5, 1
core   0: 3 0x80002f58 (0x00179513) x10 0xfffffce4
core   0: 0x80002f5c (0x403ed613) srai    a2, t4, 3
core   0: 3 0x80002f5c (0x403ed613) x12 0xffffffff
core   0: 0x80002f60 (0x00ad5b13) srli    s6, s10, 10
core   0: 3 0x80002f60 (0x00ad5b13) x22 0x00200000
core   0: 0x80002f64 (0x01005713) srli    a4, zero, 16
core   0: 3 0x80002f64 (0x01005713) x14 0x00000000
core   0: 0x80002f68 (0x03d0bb33) mulhu   s6, ra, t4
core   0: 3 0x80002f68 (0x03d0bb33) x22 0x48511f9a
core   0: 0x80002f6c (0x4055db93) srai    s7, a1, 5
core   0: 3 0x80002f6c (0x4055db93) x23 0x02debb7d
core   0: 0x80002f70 (0x01d5e693) ori     a3, a1, 29
core   0: 3 0x80002f70 (0x01d5e693) x13 0x5bd76fbd
core   0: 0x80002f74 (0x031e0033) mul     zero, t3, a7
core   0: 3 0x80002f74 (0x031e0033)
core   0: 0x80002f78 (0x019affb3) and     t6, s5, s9
core   0: 3 0x80002f78 (0x019affb3) x31 0x00000000
core   0: 0x80002f7c (0x03c35833) divu    a6, t1, t3
core   0: 3 0x80002f7c (0x03c35833) x16 0x00000000
core   0: 0x80002f80 (0x01a52333) slt     t1, a0, s10
core   0: 3 0x80002f80 (0x01a52333) x 6 0x00000000
core   0: 0x80002f84 (0x0305d0b3) divu    ra, a1, a6
core   0: 3 0x80002f84 (0x0305d0b3) x 1 0xffffffff
core   0: 0x80002f88 (0x010dca33) xor     s4, s11, a6
core   0: 3 0x80002f88 (0x010dca33) x20 0xffffffff
core   0: 0x80002f8c (0x034dddb3) divu    s11, s11, s4
core   0: 3 0x80002f8c (0x034dddb3) x27 0x00000001
core   0: 0x80002f90 (0x01bc15b3) sll     a1, s8, s11
core   0: 3 0x80002f90 (0x01bc15b3) x11 0xfffffffe
core   0: 0x80002f94 (0x41e452b3) sra     t0, s0, t5
core   0: 3 0x80002f94 (0x41e452b3) x 5 0x0001ed78
core   0: 0x80002f98 (0x03712133) mulhsu  sp, sp, s7
core   0: 3 0x80002f98 (0x03712133) x 2 0x00000000
core   0: 0x80002f9c (0xc3c46313) ori     t1, s0, -964
core   0: 3 0x80002f9c (0xc3c46313) x 6 0xffffffbf
core   0: 0x80002fa0 (0x02feefb3) rem     t6, t4, a5
core   0: 3 0x80002fa0 (0x02feefb3) x31 0xfffffffc
core   0: 0x80002fa4 (0x037fc4b3) div     s1, t6, s7
core   0: 3 0x80002fa4 (0x037fc4b3) x 9 0x00000000
core   0: 0x80002fa8 (0x419ed093) srai    ra, t4, 25
core   0: 3 0x80002fa8 (0x419ed093) x 1 0xffffffff
core   0: 0x80002fac (0x02f6f3b3) remu    t2, a3, a5
core   0: 3 0x80002fac (0x02f6f3b3) x 7 0x5bd76fbd
core   0: 0x80002fb0 (0xaa952e93) slti    t4, a0, -1367
core   0: 3 0x80002fb0 (0xaa952e93) x29 0x00000000
core   0: 0x80002fb4 (0x01f05eb3) srl     t4, zero, t6
core   0: 3 0x80002fb4 (0x01f05eb3) x29 0x00000000
core   0: 0x80002fb8 (0x0025e7b3) or      a5, a1, sp
core   0: 3 0x80002fb8 (0x0025e7b3) x15 0xfffffffe
core   0: 0x80002fbc (0xd9b2e313) ori     t1, t0, -613
core   0: 3 0x80002fbc (0xd9b2e313) x 6 0xfffffdfb
core   0: 0x80002fc0 (0x03458733) mul     a4, a1, s4
core   0: 3 0x80002fc0 (0x03458733) x14 0x00000002
core   0: 0x80002fc4 (0x83637f93) andi    t6, t1, -1994
core   0: 3 0x80002fc4 (0x83637f93) x31 0xfffff832
core   0: 0x80002fc8 (0x48ffee13) ori     t3, t6, 1167
core   0: 3 0x80002fc8 (0x48ffee13) x28 0xfffffcbf
core   0: 0x80002fcc (0x00f85293) srli    t0, a6, 15
core   0: 3 0x80002fcc (0x00f85293) x 5 0x00000000
core   0: 0x80002fd0 (0x00c7b633) sltu    a2, a5, a2
core   0: 3 0x80002fd0 (0x00c7b633) x12 0x00000001
core   0: 0x80002fd4 (0x40a4d493) srai    s1, s1, 10
core   0: 3 0x80002fd4 (0x40a4d493) x 9 0x00000000
core   0: 0x80002fd8 (0xf93fc197) auipc   gp, 0xf93fc
core   0: 3 0x80002fd8 (0xf93fc197) x 3 0x793fefd8
core   0: 0x80002fdc (0x02b79033) mulh    zero, a5, a1
core   0: 3 0x80002fdc (0x02b79033)
core   0: 0x80002fe0 (0xf17e7337) lui     t1, 0xf17e7
core   0: 3 0x80002fe0 (0xf17e7337) x 6 0xf17e7000
core   0: 0x80002fe4 (0x01b0b7b3) sltu    a5, ra, s11
core   0: 3 0x80002fe4 (0x01b0b7b3) x15 0x00000000
core   0: 0x80002fe8 (0x40b75313) srai    t1, a4, 11
core   0: 3 0x80002fe8 (0x40b75313) x 6 0x00000000
core   0: 0x80002fec (0x02abea33) rem     s4, s7, a0
core   0: 3 0x80002fec (0x02abea33) x20 0x00000249
core   0: 0x80002ff0 (0x0324dfb3) divu    t6, s1, s2
core   0: 3 0x80002ff0 (0x0324dfb3) x31 0x00000000
core   0: 0x80002ff4 (0x158c2b13) slti    s6, s8, 344
core   0: 3 0x80002ff4 (0x158c2b13) x22 0x00000001
core   0: 0x80002ff8 (0x02b123b3) mulhsu  t2, sp, a1
core   0: 3 0x80002ff8 (0x02b123b3) x 7 0x00000000
core   0: 0x80002ffc (0x02781133) mulh    sp, a6, t2
core   0: 3 0x80002ffc (0x02781133) x 2 0x00000000
core   0: 0x80003000 (0xf9812917) auipc   s2, 0xf9812
core   0: 3 0x80003000 (0xf9812917) x18 0x79815000
core   0: 0x80003004 (0x4045d733) sra     a4, a1, tp
core   0: 3 0x80003004 (0x4045d733) x14 0xfffffffe
core   0: 0x80003008 (0x00000013) nop
core   0: 3 0x80003008 (0x00000013)
core   0: 0x8000300c (0x45d94313) xori    t1, s2, 1117
core   0: 3 0x8000300c (0x45d94313) x 6 0x7981545d
core   0: 0x80003010 (0x40240933) sub     s2, s0, sp
core   0: 3 0x80003010 (0x40240933) x18 0x001ed78b
core   0: 0x80003014 (0x41965b33) sra     s6, a2, s9
core   0: 3 0x80003014 (0x41965b33) x22 0x00000001
core   0: 0x80003018 (0x033c3033) mulhu   zero, s8, s3
core   0: 3 0x80003018 (0x033c3033)
core   0: 0x8000301c (0x00512633) slt     a2, sp, t0
core   0: 3 0x8000301c (0x00512633) x12 0x00000000
core   0: 0x80003020 (0x7791fc13) andi    s8, gp, 1913
core   0: 3 0x80003020 (0x7791fc13) x24 0x00000758
core   0: 0x80003024 (0x01758633) add     a2, a1, s7
core   0: 3 0x80003024 (0x01758633) x12 0x02debb7b
core   0: 0x80003028 (0x02f58fb3) mul     t6, a1, a5
core   0: 3 0x80003028 (0x02f58fb3) x31 0x00000000
core   0: 0x8000302c (0x00951a33) sll     s4, a0, s1
core   0: 3 0x8000302c (0x00951a33) x20 0xfffffce4
core   0: 0x80003030 (0x98943b93) sltiu   s7, s0, -1655
core   0: 3 0x80003030 (0x98943b93) x23 0x00000001
core   0: 0x80003034 (0x0355d5b3) divu    a1, a1, s5
core   0: 3 0x80003034 (0x0355d5b3) x11 0x00000002
core   0: 0x80003038 (0x0168e233) or      tp, a7, s6
core   0: 3 0x80003038 (0x0168e233) x 4 0x00000001
core   0: 0x8000303c (0x022fb0b3) mulhu   ra, t6, sp
core   0: 3 0x8000303c (0x022fb0b3) x 1 0x00000000
core   0: 0x80003040 (0x3da80a93) addi    s5, a6, 986
core   0: 3 0x80003040 (0x3da80a93) x21 0x000003da
core   0: 0x80003044 (0x41168b33) sub     s6, a3, a7
core   0: 3 0x80003044 (0x41168b33) x22 0x5bd76fbd
core   0: 0x80003048 (0xcf126213) ori     tp, tp, -783
core   0: 3 0x80003048 (0xcf126213) x 4 0xfffffcf1
core   0: 0x8000304c (0x000081b3) add     gp, ra, zero
core   0: 3 0x8000304c (0x000081b3) x 3 0x00000000
core   0: 0x80003050 (0x02193b33) mulhu   s6, s2, ra
core   0: 3 0x80003050 (0x02193b33) x22 0x00000000
core   0: 0x80003054 (0x4025d6b3) sra     a3, a1, sp
core   0: 3 0x80003054 (0x4025d6b3) x13 0x00000002
core   0: 0x80003058 (0x016f42b3) xor     t0, t5, s6
core   0: 3 0x80003058 (0x016f42b3) x 5 0x80018ce4
core   0: 0x8000305c (0x0087da93) srli    s5, a5, 8
core   0: 3 0x8000305c (0x0087da93) x21 0x00000000
core   0: 0x80003060 (0xb45ee313) ori     t1, t4, -1211
core   0: 3 0x80003060 (0xb45ee313) x 6 0xfffffb45
core   0: 0x80003064 (0x00e72b33) slt     s6, a4, a4
core   0: 3 0x80003064 (0x00e72b33) x22 0x00000000
core   0: 0x80003068 (0x024d6e33) rem     t3, s10, tp
core   0: 3 0x80003068 (0x024d6e33) x28 0xfffffe45
core   0: 0x8000306c (0x40d00db3) sub     s11, zero, a3
core   0: 3 0x8000306c (0x40d00db3) x27 0xfffffffe
core   0: 0x80003070 (0x3df5f193) andi    gp, a1, 991
core   0: 3 0x80003070 (0x3df5f193) x 3 0x00000002
core   0: 0x80003074 (0x00e740b3) xor     ra, a4, a4
core   0: 3 0x80003074 (0x00e740b3) x 1 0x00000000
core   0: 0x80003078 (0x992cbeb7) lui     t4, 0x992cb
core   0: 3 0x80003078 (0x992cbeb7) x29 0x992cb000
core   0: 0x8000307c (0x40be0db3) sub     s11, t3, a1
core   0: 3 0x8000307c (0x40be0db3) x27 0xfffffe43
core   0: 0x80003080 (0xed13a193) slti    gp, t2, -303
core   0: 3 0x80003080 (0xed13a193) x 3 0x00000000
core   0: 0x80003084 (0x02ed1733) mulh    a4, s10, a4
core   0: 3 0x80003084 (0x02ed1733) x14 0x00000001
core   0: 0x80003088 (0x01c8e8b3) or      a7, a7, t3
core   0: 3 0x80003088 (0x01c8e8b3) x17 0xfffffe45
core   0: 0x8000308c (0x4cb32913) slti    s2, t1, 1227
core   0: 3 0x8000308c (0x4cb32913) x18 0x00000001
core   0: 0x80003090 (0x123e7d93) andi    s11, t3, 291
core   0: 3 0x80003090 (0x123e7d93) x27 0x00000001
core   0: 0x80003094 (0xde28e517) auipc   a0, 0xde28e
core   0: 3 0x80003094 (0xde28e517) x10 0x5e291094
core   0: 0x80003098 (0x41bad633) sra     a2, s5, s11
core   0: 3 0x80003098 (0x41bad633) x12 0x00000000
core   0: 0x8000309c (0xaad93913) sltiu   s2, s2, -1363
core   0: 3 0x8000309c (0xaad93913) x18 0x00000001
core   0: 0x800030a0 (0x01022733) slt     a4, tp, a6
core   0: 3 0x800030a0 (0x01022733) x14 0x00000001
core   0: 0x800030a4 (0x00000013) nop
core   0: 3 0x800030a4 (0x00000013)
core   0: 0x800030a8 (0x01d8e6b3) or      a3, a7, t4
core   0: 3 0x800030a8 (0x01d8e6b3) x13 0xfffffe45
core   0: 0x800030ac (0x933d2b13) slti    s6, s10, -1741
core   0: 3 0x800030ac (0x933d2b13) x22 0x00000001
core   0: 0x800030b0 (0x00605633) srl     a2, zero, t1
core   0: 3 0x800030b0 (0x00605633) x12 0x00000000
core   0: 0x800030b4 (0x027bb133) mulhu   sp, s7, t2
core   0: 3 0x800030b4 (0x027bb133) x 2 0x00000000
core   0: 0x800030b8 (0xf08f7d93) andi    s11, t5, -248
core   0: 3 0x800030b8 (0xf08f7d93) x27 0x80018c00
core   0: 0x800030bc (0x02b708b3) mul     a7, a4, a1
core   0: 3 0x800030bc (0x02b708b3) x17 0x00000002
core   0: 0x800030c0 (0x024a1133) mulh    sp, s4, tp
core   0: 3 0x800030c0 (0x024a1133) x 2 0x00000000
core   0: 0x800030c4 (0xe0a1aeb7) lui     t4, 0xe0a1a
core   0: 3 0x800030c4 (0xe0a1aeb7) x29 0xe0a1a000
core   0: 0x800030c8 (0x00722ab3) slt     s5, tp, t2
core   0: 3 0x800030c8 (0x00722ab3) x21 0x00000001
core   0: 0x800030cc (0x018241b3) xor     gp, tp, s8
core   0: 3 0x800030cc (0x018241b3) x 3 0xfffffba9
core   0: 0x800030d0 (0x00e57ab3) and     s5, a0, a4
core   0: 3 0x800030d0 (0x00e57ab3) x21 0x00000000
core   0: 0x800030d4 (0x36123213) sltiu   tp, tp, 865
core   0: 3 0x800030d4 (0x36123213) x 4 0x00000000
core   0: 0x800030d8 (0x00000013) nop
core   0: 3 0x800030d8 (0x00000013)
core   0: 0x800030dc (0x00000013) nop
core   0: 3 0x800030dc (0x00000013)
core   0: 0x800030e0 (0x01df1093) slli    ra, t5, 29
core   0: 3 0x800030e0 (0x01df1093) x 1 0x80000000
core   0: 0x800030e4 (0x01842033) slt     zero, s0, s8
core   0: 3 0x800030e4 (0x01842033)
core   0: 0x800030e8 (0x014231b3) sltu    gp, tp, s4
core   0: 3 0x800030e8 (0x014231b3) x 3 0x00000001
core   0: 0x800030ec (0x64c1ae13) slti    t3, gp, 1612
core   0: 3 0x800030ec (0x64c1ae13) x28 0x00000001
core   0: 0x800030f0 (0x00161b33) sll     s6, a2, ra
core   0: 3 0x800030f0 (0x00161b33) x22 0x00000000
core   0: 0x800030f4 (0x00221413) slli    s0, tp, 2
core   0: 3 0x800030f4 (0x00221413) x 8 0x00000000
core   0: 0x800030f8 (0x01381f93) slli    t6, a6, 19
core   0: 3 0x800030f8 (0x01381f93) x31 0x00000000
core   0: 0x800030fc (0x026d4b33) div     s6, s10, t1
core   0: 3 0x800030fc (0x026d4b33) x22 0x001b0f02
core   0: 0x80003100 (0xfc61ba13) sltiu   s4, gp, -58
core   0: 3 0x80003100 (0xfc61ba13) x20 0x00000001
core   0: 0x80003104 (0x3fabcb93) xori    s7, s7, 1018
core   0: 3 0x80003104 (0x3fabcb93) x23 0x000003fb
core   0: 0x80003108 (0x2ad24793) xori    a5, tp, 685
core   0: 3 0x80003108 (0x2ad24793) x15 0x000002ad
core   0: 0x8000310c (0xfe8b5097) auipc   ra, 0xfe8b5
core   0: 3 0x8000310c (0xfe8b5097) x 1 0x7e8b810c
core   0: 0x80003110 (0x000246b3) xor     a3, tp, zero
core   0: 3 0x80003110 (0x000246b3) x13 0x00000000
core   0: 0x80003114 (0xd8fda093) slti    ra, s11, -625
core   0: 3 0x80003114 (0xd8fda093) x 1 0x00000001
core   0: 0x80003118 (0x40016e13) ori     t3, sp, 1024
core   0: 3 0x80003118 (0x40016e13) x28 0x00000400
core   0: 0x8000311c (0xa3c60013) addi    zero, a2, -1476
core   0: 3 0x8000311c (0xa3c60013)
core   0: 0x80003120 (0x00583c33) sltu    s8, a6, t0
core   0: 3 0x80003120 (0x00583c33) x24 0x00000001
core   0: 0x80003124 (0x58b9bd93) sltiu   s11, s3, 1419
core   0: 3 0x80003124 (0x58b9bd93) x27 0x00000000
core   0: 0x80003128 (0x014ccc33) xor     s8, s9, s4
core   0: 3 0x80003128 (0x014ccc33) x24 0x00000001
core   0: 0x8000312c (0x00000013) nop
core   0: 3 0x8000312c (0x00000013)
core   0: 0x80003130 (0x213a3793) sltiu   a5, s4, 531
core   0: 3 0x80003130 (0x213a3793) x15 0x00000001
core   0: 0x80003134 (0x08484013) xori    zero, a6, 132
core   0: 3 0x80003134 (0x08484013)
core   0: 0x80003138 (0x00ff0cb3) add     s9, t5, a5
core   0: 3 0x80003138 (0x00ff0cb3) x25 0x80018ce5
core   0: 0x8000313c (0x009e1a33) sll     s4, t3, s1
core   0: 3 0x8000313c (0x009e1a33) x20 0x00000400
core   0: 0x80003140 (0x023da633) mulhsu  a2, s11, gp
core   0: 3 0x80003140 (0x023da633) x12 0x00000000
core   0: 0x80003144 (0x41e65f93) srai    t6, a2, 30
core   0: 3 0x80003144 (0x41e65f93) x31 0x00000000
core   0: 0x80003148 (0x00f07cb3) and     s9, zero, a5
core   0: 3 0x80003148 (0x00f07cb3) x25 0x00000000
core   0: 0x8000314c (0x02176333) rem     t1, a4, ra
core   0: 3 0x8000314c (0x02176333) x 6 0x00000000
core   0: 0x80003150 (0x009c5033) srl     zero, s8, s1
core   0: 3 0x80003150 (0x009c5033)
core   0: 0x80003154 (0xc5552393) slti    t2, a0, -939
core   0: 3 0x80003154 (0xc5552393) x 7 0x00000000
core   0: 0x80003158 (0x8f160913) addi    s2, a2, -1807
core   0: 3 0x80003158 (0x8f160913) x18 0xfffff8f1
core   0: 0x8000315c (0x00444ab3) xor     s5, s0, tp
core   0: 3 0x8000315c (0x00444ab3) x21 0x00000000
core   0: 0x80003160 (0x3c604e93) xori    t4, zero, 966
core   0: 3 0x80003160 (0x3c604e93) x29 0x000003c6
core   0: 0x80003164 (0x16be3293) sltiu   t0, t3, 363
core   0: 3 0x80003164 (0x16be3293) x 5 0x00000000
core   0: 0x80003168 (0xf9f0ed93) ori     s11, ra, -97
core   0: 3 0x80003168 (0xf9f0ed93) x27 0xffffff9f
core   0: 0x8000316c (0x016ec0b3) xor     ra, t4, s6
core   0: 3 0x8000316c (0x016ec0b3) x 1 0x001b0cc4
core   0: 0x80003170 (0x0158e633) or      a2, a7, s5
core   0: 3 0x80003170 (0x0158e633) x12 0x00000002
core   0: 0x80003174 (0xa28af913) andi    s2, s5, -1496
core   0: 3 0x80003174 (0xa28af913) x18 0x00000000
core   0: 0x80003178 (0x7e566413) ori     s0, a2, 2021
core   0: 3 0x80003178 (0x7e566413) x 8 0x000007e7
core   0: 0x8000317c (0x03cd62b3) rem     t0, s10, t3
core   0: 3 0x8000317c (0x03cd62b3) x 5 0x00000000
core   0: 0x80003180 (0x01e2ac33) slt     s8, t0, t5
core   0: 3 0x80003180 (0x01e2ac33) x24 0x00000000
core   0: 0x80003184 (0x030a6bb3) rem     s7, s4, a6
core   0: 3 0x80003184 (0x030a6bb3) x23 0x00000400
core   0: 0x80003188 (0x5a15e713) ori     a4, a1, 1441
core   0: 3 0x80003188 (0x5a15e713) x14 0x000005a3
core   0: 0x8000318c (0x02ff5233) divu    tp, t5, a5
core   0: 3 0x8000318c (0x02ff5233) x 4 0x80018ce4
core   0: 0x80003190 (0x006f44b3) xor     s1, t5, t1
core   0: 3 0x80003190 (0x006f44b3) x 9 0x80018ce4
core   0: 0x80003194 (0x02180bb3) mul     s7, a6, ra
core   0: 3 0x80003194 (0x02180bb3) x23 0x00000000
core   0: 0x80003198 (0x01eae6b3) or      a3, s5, t5
core   0: 3 0x80003198 (0x01eae6b3) x13 0x80018ce4
core   0: 0x8000319c (0x024cefb3) rem     t6, s9, tp
core   0: 3 0x8000319c (0x024cefb3) x31 0x00000000
core   0: 0x800031a0 (0x0269e1b3) rem     gp, s3, t1
core   0: 3 0x800031a0 (0x0269e1b3) x 3 0x80014e64
core   0: 0x800031a4 (0x010995b3) sll     a1, s3, a6
core   0: 3 0x800031a4 (0x010995b3) x11 0x80014e64
core   0: 0x800031a8 (0x40e700b3) sub     ra, a4, a4
core   0: 3 0x800031a8 (0x40e700b3) x 1 0x00000000
core   0: 0x800031ac (0x01ab9a93) slli    s5, s7, 26
core   0: 3 0x800031ac (0x01ab9a93) x21 0x00000000
core   0: 0x800031b0 (0x32c8c193) xori    gp, a7, 812
core   0: 3 0x800031b0 (0x32c8c193) x 3 0x0000032e
core   0: 0x800031b4 (0x015adbb3) srl     s7, s5, s5
core   0: 3 0x800031b4 (0x015adbb3) x23 0x00000000
core   0: 0x800031b8 (0x01149fb3) sll     t6, s1, a7
core   0: 3 0x800031b8 (0x01149fb3) x31 0x00063390
core   0: 0x800031bc (0x026e73b3) remu    t2, t3, t1
core   0: 3 0x800031bc (0x026e73b3) x 7 0x00000400
core   0: 0x800031c0 (0x034d38b3) mulhu   a7, s10, s4
core   0: 3 0x800031c0 (0x034d38b3) x17 0x00000200
core   0: 0x800031c4 (0x2fd00097) auipc   ra, 0x2fd00
core   0: 3 0x800031c4 (0x2fd00097) x 1 0xafd031c4
core   0: 0x800031c8 (0x01cd1593) slli    a1, s10, 28
core   0: 3 0x800031c8 (0x01cd1593) x11 0x00000000
core   0: 0x800031cc (0x02bef7b3) remu    a5, t4, a1
core   0: 3 0x800031cc (0x02bef7b3) x15 0x000003c6
core   0: 0x800031d0 (0x418100b3) sub     ra, sp, s8
core   0: 3 0x800031d0 (0x418100b3) x 1 0x00000000
core   0: 0x800031d4 (0x02c2bc33) mulhu   s8, t0, a2
core   0: 3 0x800031d4 (0x02c2bc33) x24 0x00000000
core   0: 0x800031d8 (0x41a65593) srai    a1, a2, 26
core   0: 3 0x800031d8 (0x41a65593) x11 0x00000000
core   0: 0x800031dc (0x022d95b3) mulh    a1, s11, sp
core   0: 3 0x800031dc (0x022d95b3) x11 0x00000000
core   0: 0x800031e0 (0xf4aa0f93) addi    t6, s4, -182
core   0: 3 0x800031e0 (0xf4aa0f93) x31 0x0000034a
core   0: 0x800031e4 (0x3c247913) andi    s2, s0, 962
core   0: 3 0x800031e4 (0x3c247913) x18 0x000003c2
core   0: 0x800031e8 (0x001a5c93) srli    s9, s4, 1
core   0: 3 0x800031e8 (0x001a5c93) x25 0x00000200
core   0: 0x800031ec (0x5b902c93) slti    s9, zero, 1465
core   0: 3 0x800031ec (0x5b902c93) x25 0x00000001
core   0: 0x800031f0 (0x00000013) nop
core   0: 3 0x800031f0 (0x00000013)
core   0: 0x800031f4 (0x00000013) nop
core   0: 3 0x800031f4 (0x00000013)
core   0: 0x800031f8 (0x40d7ddb3) sra     s11, a5, a3
core   0: 3 0x800031f8 (0x40d7ddb3) x27 0x0000003c
core   0: 0x800031fc (0x0252cab3) div     s5, t0, t0
core   0: 3 0x800031fc (0x0252cab3) x21 0xffffffff
core   0: 0x80003200 (0x010b5633) srl     a2, s6, a6
core   0: 3 0x80003200 (0x010b5633) x12 0x001b0f02
core   0: 0x80003204 (0x03da2bb3) mulhsu  s7, s4, t4
core   0: 3 0x80003204 (0x03da2bb3) x23 0x00000000
core   0: 0x80003208 (0x5b02b713) sltiu   a4, t0, 1456
core   0: 3 0x80003208 (0x5b02b713) x14 0x00000001
core   0: 0x8000320c (0x2526d8b7) lui     a7, 0x2526d
core   0: 3 0x8000320c (0x2526d8b7) x17 0x2526d000
core   0: 0x80003210 (0x01f2f133) and     sp, t0, t6
core   0: 3 0x80003210 (0x01f2f133) x 2 0x00000000
core   0: 0x80003214 (0x00c4c7b3) xor     a5, s1, a2
core   0: 3 0x80003214 (0x00c4c7b3) x15 0x801a83e6
core   0: 0x80003218 (0x0285d033) divu    zero, a1, s0
core   0: 3 0x80003218 (0x0285d033)
core   0: 0x8000321c (0x3c81b497) auipc   s1, 0x3c81b
core   0: 3 0x8000321c (0x3c81b497) x 9 0xbc81e21c
core   0: 0x80003220 (0x3bc97d93) andi    s11, s2, 956
core   0: 3 0x80003220 (0x3bc97d93) x27 0x00000380
core   0: 0x80003224 (0x0113dcb3) srl     s9, t2, a7
core   0: 3 0x80003224 (0x0113dcb3) x25 0x00000400
core   0: 0x80003228 (0x41f90233) sub     tp, s2, t6
core   0: 3 0x80003228 (0x41f90233) x 4 0x00000078
core   0: 0x8000322c (0x41818733) sub     a4, gp, s8
core   0: 3 0x8000322c (0x41818733) x14 0x0000032e
core   0: 0x80003230 (0x02468a33) mul     s4, a3, tp
core   0: 3 0x80003230 (0x02468a33) x20 0x00ba0ae0
core   0: 0x80003234 (0x0107d333) srl     t1, a5, a6
core   0: 3 0x80003234 (0x0107d333) x 6 0x801a83e6
core   0: 0x80003238 (0x02786233) rem     tp, a6, t2
core   0: 3 0x80003238 (0x02786233) x 4 0x00000000
core   0: 0x8000323c (0x03e48db3) mul     s11, s1, t5
core   0: 3 0x8000323c (0x03e48db3) x27 0xcd70b0f0
core   0: 0x80003240 (0x34ed0517) auipc   a0, 0x34ed0
core   0: 3 0x80003240 (0x34ed0517) x10 0xb4ed3240
core   0: 0x80003244 (0x419c0b33) sub     s6, s8, s9
core   0: 3 0x80003244 (0x419c0b33) x22 0xfffffc00
core   0: 0x80003248 (0x40b35a33) sra     s4, t1, a1
core   0: 3 0x80003248 (0x40b35a33) x20 0x801a83e6
core   0: 0x8000324c (0xf7f7e0b7) lui     ra, 0xf7f7e
core   0: 3 0x8000324c (0xf7f7e0b7) x 1 0xf7f7e000
core   0: 0x80003250 (0x88a9f537) lui     a0, 0x88a9f
core   0: 3 0x80003250 (0x88a9f537) x10 0x88a9f000
core   0: 0x80003254 (0x5bd4bd93) sltiu   s11, s1, 1469
core   0: 3 0x80003254 (0x5bd4bd93) x27 0x00000000
core   0: 0x80003258 (0xa0f6a313) slti    t1, a3, -1521
core   0: 3 0x80003258 (0xa0f6a313) x 6 0x00000001
core   0: 0x8000325c (0x02a814b3) mulh    s1, a6, a0
core   0: 3 0x8000325c (0x02a814b3) x 9 0x00000000
core   0: 0x80003260 (0x00000013) nop
core   0: 3 0x80003260 (0x00000013)
core   0: 0x80003264 (0x00000013) nop
core   0: 3 0x80003264 (0x00000013)
core   0: 0x80003268 (0x01dbf133) and     sp, s7, t4
core   0: 3 0x80003268 (0x01dbf133) x 2 0x00000000
core   0: 0x8000326c (0x0027b5b3) sltu    a1, a5, sp
core   0: 3 0x8000326c (0x0027b5b3) x11 0x00000000
core   0: 0x80003270 (0x0277b533) mulhu   a0, a5, t2
core   0: 3 0x80003270 (0x0277b533) x10 0x00000200
core   0: 0x80003274 (0x035716b3) mulh    a3, a4, s5
core   0: 3 0x80003274 (0x035716b3) x13 0xffffffff
core   0: 0x80003278 (0x4021d013) srai    zero, gp, 2
core   0: 3 0x80003278 (0x4021d013)
core   0: 0x8000327c (0xda814693) xori    a3, sp, -600
core   0: 3 0x8000327c (0xda814693) x13 0xfffffda8
core   0: 0x80003280 (0x41195533) sra     a0, s2, a7
core   0: 3 0x80003280 (0x41195533) x10 0x000003c2
core   0: 0x80003284 (0x00f11c13) slli    s8, sp, 15
core   0: 3 0x80003284 (0x00f11c13) x24 0x00000000
core   0: 0x80003288 (0x00e50633) add     a2, a0, a4
core   0: 3 0x80003288 (0x00e50633) x12 0x000006f0
core   0: 0x8000328c (0x002b1c33) sll     s8, s6, sp
core   0: 3 0x8000328c (0x002b1c33) x24 0xfffffc00
core   0: 0x80003290 (0xea8b2393) slti    t2, s6, -344
core   0: 3 0x80003290 (0xea8b2393) x 7 0x00000001
core   0: 0x80003294 (0x371df913) andi    s2, s11, 881
core   0: 3 0x80003294 (0x371df913) x18 0x00000000
core   0: 0x80003298 (0x032847b3) div     a5, a6, s2
core   0: 3 0x80003298 (0x032847b3) x15 0xffffffff
core   0: 0x8000329c (0x030e0bb3) mul     s7, t3, a6
core   0: 3 0x8000329c (0x030e0bb3) x23 0x00000000
core   0: 0x800032a0 (0xa9e65397) auipc   t2, 0xa9e65
core   0: 3 0x800032a0 (0xa9e65397) x 7 0x29e682a0
core   0: 0x800032a4 (0x412ed633) sra     a2, t4, s2
core   0: 3 0x800032a4 (0x412ed633) x12 0x000003c6
core   0: 0x800032a8 (0x26696a17) auipc   s4, 0x26696
core   0: 3 0x800032a8 (0x26696a17) x20 0xa66992a8
core   0: 0x800032ac (0x011e9133) sll     sp, t4, a7
core   0: 3 0x800032ac (0x011e9133) x 2 0x000003c6
core   0: 0x800032b0 (0xda73db37) lui     s6, 0xda73d
core   0: 3 0x800032b0 (0xda73db37) x22 0xda73d000
core   0: 0x800032b4 (0x00dfdab3) srl     s5, t6, a3
core   0: 3 0x800032b4 (0x00dfdab3) x21 0x00000003
core   0: 0x800032b8 (0x01a40b33) add     s6, s0, s10
core   0: 3 0x800032b8 (0x01a40b33) x22 0x800007e7
core   0: 0x800032bc (0xc1f3cbb7) lui     s7, 0xc1f3c
core   0: 3 0x800032bc (0xc1f3cbb7) x23 0xc1f3c000
core   0: 0x800032c0 (0xa676ac93) slti    s9, a3, -1433
core   0: 3 0x800032c0 (0xa676ac93) x25 0x00000000
core   0: 0x800032c4 (0xb2c8c513) xori    a0, a7, -1236
core   0: 3 0x800032c4 (0xb2c8c513) x10 0xdad92b2c
core   0: 0x800032c8 (0x405d0ab3) sub     s5, s10, t0
core   0: 3 0x800032c8 (0x405d0ab3) x21 0x80000000
core   0: 0x800032cc (0x00000013) nop
core   0: 3 0x800032cc (0x00000013)
core   0: 0x800032d0 (0x01408233) add     tp, ra, s4
core   0: 3 0x800032d0 (0x01408233) x 4 0x9e6172a8
core   0: 0x800032d4 (0x6e103113) sltiu   sp, zero, 1761
core   0: 3 0x800032d4 (0x6e103113) x 2 0x00000001
core   0: 0x800032d8 (0x40a15db3) sra     s11, sp, a0
core   0: 3 0x800032d8 (0x40a15db3) x27 0x00000000
core   0: 0x800032dc (0x688fc413) xori    s0, t6, 1672
core   0: 3 0x800032dc (0x688fc413) x 8 0x000005c2
core   0: 0x800032e0 (0x7d576413) ori     s0, a4, 2005
core   0: 3 0x800032e0 (0x7d576413) x 8 0x000007ff
core   0: 0x800032e4 (0x1bb5e613) ori     a2, a1, 443
core   0: 3 0x800032e4 (0x1bb5e613) x12 0x000001bb
core   0: 0x800032e8 (0x03ad6233) rem     tp, s10, s10
core   0: 3 0x800032e8 (0x03ad6233) x 4 0x00000000
core   0: 0x800032ec (0x01b5db33) srl     s6, a1, s11
core   0: 3 0x800032ec (0x01b5db33) x22 0x00000000
core   0: 0x800032f0 (0x003f0bb3) add     s7, t5, gp
core   0: 3 0x800032f0 (0x003f0bb3) x23 0x80019012
core   0: 0x800032f4 (0x1c1dab93) slti    s7, s11, 449
core   0: 3 0x800032f4 (0x1c1dab93) x23 0x00000001
core   0: 0x800032f8 (0x01ee9233) sll     tp, t4, t5
core   0: 3 0x800032f8 (0x01ee9233) x 4 0x00003c60
core   0: 0x800032fc (0x841e7e93) andi    t4, t3, -1983
core   0: 3 0x800032fc (0x841e7e93) x29 0x00000000
core   0: 0x80003300 (0x012c0233) add     tp, s8, s2
core   0: 3 0x80003300 (0x012c0233) x 4 0xfffffc00
core   0: 0x80003304 (0x03130eb3) mul     t4, t1, a7
core   0: 3 0x80003304 (0x03130eb3) x29 0x2526d000
core   0: 0x80003308 (0x463b5037) lui     zero, 0x463b5
core   0: 3 0x80003308 (0x463b5037)
core   0: 0x8000330c (0x019f6fb3) or      t6, t5, s9
core   0: 3 0x8000330c (0x019f6fb3) x31 0x80018ce4
core   0: 0x80003310 (0x034fe0b3) rem     ra, t6, s4
core   0: 3 0x80003310 (0x034fe0b3) x 1 0xd997fa3c
core   0: 0x80003314 (0x005bc633) xor     a2, s7, t0
core   0: 3 0x80003314 (0x005bc633) x12 0x00000001
core   0: 0x80003318 (0x030e6eb3) rem     t4, t3, a6
core   0: 3 0x80003318 (0x030e6eb3) x29 0x00000400
core   0: 0x8000331c (0xd0e52e37) lui     t3, 0xd0e52
core   0: 3 0x8000331c (0xd0e52e37) x28 0xd0e52000
core   0: 0x80003320 (0x41ec5b13) srai    s6, s8, 30
core   0: 3 0x80003320 (0x41ec5b13) x22 0xffffffff
core   0: 0x80003324 (0x41040833) sub     a6, s0, a6
core   0: 3 0x80003324 (0x41040833) x16 0x000007ff
core   0: 0x80003328 (0x0269c6b7) lui     a3, 0x269c
core   0: 3 0x80003328 (0x0269c6b7) x13 0x0269c000
core   0: 0x8000332c (0x00739413) slli    s0, t2, 7
core   0: 3 0x8000332c (0x00739413) x 8 0xf3415000
core   0: 0x80003330 (0x030cdab3) divu    s5, s9, a6
core   0: 3 0x80003330 (0x030cdab3) x21 0x00000000
core   0: 0x80003334 (0x6df92b13) slti    s6, s2, 1759
core   0: 3 0x80003334 (0x6df92b13) x22 0x00000001
core   0: 0x80003338 (0x03af3733) mulhu   a4, t5, s10
core   0: 3 0x80003338 (0x03af3733) x14 0x4000c672
core   0: 0x8000333c (0x013a12b3) sll     t0, s4, s3
core   0: 3 0x8000333c (0x013a12b3) x 5 0x66992a80
core   0: 0x80003340 (0x00e7d533) srl     a0, a5, a4
core   0: 3 0x80003340 (0x00e7d533) x10 0x00003fff
core   0: 0x80003344 (0x006e2233) slt     tp, t3, t1
core   0: 3 0x80003344 (0x006e2233) x 4 0x00000001
core   0: 0x80003348 (0x025f6bb3) rem     s7, t5, t0
core   0: 3 0x80003348 (0x025f6bb3) x23 0xe69ab764
core   0: 0x8000334c (0x0188c6b3) xor     a3, a7, s8
core   0: 3 0x8000334c (0x0188c6b3) x13 0xdad92c00
core   0: 0x80003350 (0x01ff9c93) slli    s9, t6, 31
core   0: 3 0x80003350 (0x01ff9c93) x25 0x00000000
core   0: 0x80003354 (0x0066d933) srl     s2, a3, t1
core   0: 3 0x80003354 (0x0066d933) x18 0x6d6c9600
core   0: 0x80003358 (0x01b5f0b3) and     ra, a1, s11
core   0: 3 0x80003358 (0x01b5f0b3) x 1 0x00000000
core   0: 0x8000335c (0xb8523b93) sltiu   s7, tp, -1147
core   0: 3 0x8000335c (0xb8523b93) x23 0x00000001
core   0: 0x80003360 (0x01b9b4b3) sltu    s1, s3, s11
core   0: 3 0x80003360 (0x01b9b4b3) x 9 0x00000000
core   0: 0x80003364 (0x02ec6fb3) rem     t6, s8, a4
core   0: 3 0x80003364 (0x02ec6fb3) x31 0xfffffc00
core   0: 0x80003368 (0x0331fab3) remu    s5, gp, s3
core   0: 3 0x80003368 (0x0331fab3) x21 0x0000032e
core   0: 0x8000336c (0x00000013) nop
core   0: 3 0x8000336c (0x00000013)
core   0: 0x80003370 (0x007b52b3) srl     t0, s6, t2
core   0: 3 0x80003370 (0x007b52b3) x 5 0x00000001
core   0: 0x80003374 (0xd7d87713) andi    a4, a6, -643
core   0: 3 0x80003374 (0xd7d87713) x14 0x0000057d
core   0: 0x80003378 (0x017eee33) or      t3, t4, s7
core   0: 3 0x80003378 (0x017eee33) x28 0x00000401
core   0: 0x8000337c (0x4a94fa93) andi    s5, s1, 1193
core   0: 3 0x8000337c (0x4a94fa93) x21 0x00000000
core   0: 0x80003380 (0x004b0533) add     a0, s6, tp
core   0: 3 0x80003380 (0x004b0533) x10 0x00000002
core   0: 0x80003384 (0x00000013) nop
core   0: 3 0x80003384 (0x00000013)
core   0: 0x80003388 (0x000a93b3) sll     t2, s5, zero
core   0: 3 0x80003388 (0x000a93b3) x 7 0x00000000
core   0: 0x8000338c (0x03614e33) div     t3, sp, s6
core   0: 3 0x8000338c (0x03614e33) x28 0x00000001
core   0: 0x80003390 (0x0377bab3) mulhu   s5, a5, s7
core   0: 3 0x80003390 (0x0377bab3) x21 0x00000000
core   0: 0x80003394 (0x41e8d793) srai    a5, a7, 30
core   0: 3 0x80003394 (0x41e8d793) x15 0x00000000
core   0: 0x80003398 (0x412455b3) sra     a1, s0, s2
core   0: 3 0x80003398 (0x412455b3) x11 0xf3415000
core   0: 0x8000339c (0x03187a33) remu    s4, a6, a7
core   0: 3 0x8000339c (0x03187a33) x20 0x000007ff
core   0: 0x800033a0 (0x41ea53b3) sra     t2, s4, t5
core   0: 3 0x800033a0 (0x41ea53b3) x 7 0x0000007f
core   0: 0x800033a4 (0x01314a33) xor     s4, sp, s3
core   0: 3 0x800033a4 (0x01314a33) x20 0x80014e65
core   0: 0x800033a8 (0x0176ba33) sltu    s4, a3, s7
core   0: 3 0x800033a8 (0x0176ba33) x20 0x00000000
core   0: 0x800033ac (0x01813533) sltu    a0, sp, s8
core   0: 3 0x800033ac (0x01813533) x10 0x00000001
core   0: 0x800033b0 (0x23431717) auipc   a4, 0x23431
core   0: 3 0x800033b0 (0x23431717) x14 0xa34343b0
core   0: 0x800033b4 (0x70080293) addi    t0, a6, 1792
core   0: 3 0x800033b4 (0x70080293) x 5 0x00000eff
core   0: 0x800033b8 (0x03204833) div     a6, zero, s2
core   0: 3 0x800033b8 (0x03204833) x16 0x00000000
core   0: 0x800033bc (0x03d77833) remu    a6, a4, t4
core   0: 3 0x800033bc (0x03d77833) x16 0x000003b0
core   0: 0x800033c0 (0x02668133) mul     sp, a3, t1
core   0: 3 0x800033c0 (0x02668133) x 2 0xdad92c00
core   0: 0x800033c4 (0x4534f097) auipc   ra, 0x4534f
core   0: 3 0x800033c4 (0x4534f097) x 1 0xc53523c4
core   0: 0x800033c8 (0x290ba897) auipc   a7, 0x290ba
core   0: 3 0x800033c8 (0x290ba897) x17 0xa90bd3c8
core   0: 0x800033cc (0x02ede233) rem     tp, s11, a4
core   0: 3 0x800033cc (0x02ede233) x 4 0x00000000
core   0: 0x800033d0 (0x020a0533) mul     a0, s4, zero
core   0: 3 0x800033d0 (0x020a0533) x10 0x00000000
core   0: 0x800033d4 (0x0186ffb3) and     t6, a3, s8
core   0: 3 0x800033d4 (0x0186ffb3) x31 0xdad92c00
core   0: 0x800033d8 (0x745feb37) lui     s6, 0x745fe
core   0: 3 0x800033d8 (0x745feb37) x22 0x745fe000
core   0: 0x800033dc (0x0060e1b3) or      gp, ra, t1
core   0: 3 0x800033dc (0x0060e1b3) x 3 0xc53523c5
core   0: 0x800033e0 (0xd6463a13) sltiu   s4, a2, -668
core   0: 3 0x800033e0 (0xd6463a13) x20 0x00000001
core   0: 0x800033e4 (0x01b62b33) slt     s6, a2, s11
core   0: 3 0x800033e4 (0x01b62b33) x22 0x00000000
core   0: 0x800033e8 (0x003ec8b3) xor     a7, t4, gp
core   0: 3 0x800033e8 (0x003ec8b3) x17 0xc53527c5
core   0: 0x800033ec (0xc5b2b713) sltiu   a4, t0, -933
core   0: 3 0x800033ec (0xc5b2b713) x14 0x00000001
core   0: 0x800033f0 (0x5f524e13) xori    t3, tp, 1525
core   0: 3 0x800033f0 (0x5f524e13) x28 0x000005f5
core   0: 0x800033f4 (0x000587b3) add     a5, a1, zero
core   0: 3 0x800033f4 (0x000587b3) x15 0xf3415000
core   0: 0x800033f8 (0x0a38c113) xori    sp, a7, 163
core   0: 3 0x800033f8 (0x0a38c113) x 2 0xc5352766
core   0: 0x800033fc (0x01841433) sll     s0, s0, s8
core   0: 3 0x800033fc (0x01841433) x 8 0xf3415000
core   0: 0x80003400 (0x0374b7b3) mulhu   a5, s1, s7
core   0: 3 0x80003400 (0x0374b7b3) x15 0x00000000
core   0: 0x80003404 (0x4189db13) srai    s6, s3, 24
core   0: 3 0x80003404 (0x4189db13) x22 0xffffff80
core   0: 0x80003408 (0x024b5fb3) divu    t6, s6, tp
core   0: 3 0x80003408 (0x024b5fb3) x31 0xffffffff
core   0: 0x8000340c (0x01e6da13) srli    s4, a3, 30
core   0: 3 0x8000340c (0x01e6da13) x20 0x00000003
core   0: 0x80003410 (0x1b032093) slti    ra, t1, 432
core   0: 3 0x80003410 (0x1b032093) x 1 0x00000001
core   0: 0x80003414 (0x02b3e133) rem     sp, t2, a1
core   0: 3 0x80003414 (0x02b3e133) x 2 0x0000007f
core   0: 0x80003418 (0x017f36b3) sltu    a3, t5, s7
core   0: 3 0x80003418 (0x017f36b3) x13 0x00000000
core   0: 0x8000341c (0x0265a7b3) mulhsu  a5, a1, t1
core   0: 3 0x8000341c (0x0265a7b3) x15 0xffffffff
core   0: 0x80003420 (0x02286233) rem     tp, a6, sp
core   0: 3 0x80003420 (0x02286233) x 4 0x00000037
core   0: 0x80003424 (0x02f66cb3) rem     s9, a2, a5
core   0: 3 0x80003424 (0x02f66cb3) x25 0x00000000
core   0: 0x80003428 (0x40cb5813) srai    a6, s6, 12
core   0: 3 0x80003428 (0x40cb5813) x16 0xffffffff
core   0: 0x8000342c (0x010f9613) slli    a2, t6, 16
core   0: 3 0x8000342c (0x010f9613) x12 0xffff0000
core   0: 0x80003430 (0x01930633) add     a2, t1, s9
core   0: 3 0x80003430 (0x01930633) x12 0x00000001
core   0: 0x80003434 (0x02473133) mulhu   sp, a4, tp
core   0: 3 0x80003434 (0x02473133) x 2 0x00000000
core   0: 0x80003438 (0x024a61b3) rem     gp, s4, tp
core   0: 3 0x80003438 (0x024a61b3) x 3 0x00000003
core   0: 0x8000343c (0x03287cb3) remu    s9, a6, s2
core   0: 3 0x8000343c (0x03287cb3) x25 0x2526d3ff
core   0: 0x80003440 (0x030f33b3) mulhu   t2, t5, a6
core   0: 3 0x80003440 (0x030f33b3) x 7 0x80018ce3
core   0: 0x80003444 (0x01da87b3) add     a5, s5, t4
core   0: 3 0x80003444 (0x01da87b3) x15 0x00000400
core   0: 0x80003448 (0x3cb7e413) ori     s0, a5, 971
core   0: 3 0x80003448 (0x3cb7e413) x 8 0x000007cb
core   0: 0x8000344c (0xd21ae813) ori     a6, s5, -735
core   0: 3 0x8000344c (0xd21ae813) x16 0xfffffd21
core   0: 0x80003450 (0x02eaa933) mulhsu  s2, s5, a4
core   0: 3 0x80003450 (0x02eaa933) x18 0x00000000
core   0: 0x80003454 (0x41955733) sra     a4, a0, s9
core   0: 3 0x80003454 (0x41955733) x14 0x00000000
core   0: 0x80003458 (0x01269b93) slli    s7, a3, 18
core   0: 3 0x80003458 (0x01269b93) x23 0x00000000
core   0: 0x8000345c (0x011071b3) and     gp, zero, a7
core   0: 3 0x8000345c (0x011071b3) x 3 0x00000000
core   0: 0x80003460 (0x00000013) nop
core   0: 3 0x80003460 (0x00000013)
core   0: 0x80003464 (0x038f5433) divu    s0, t5, s8
core   0: 3 0x80003464 (0x038f5433) x 8 0x00000000
core   0: 0x80003468 (0x036f6133) rem     sp, t5, s6
core   0: 3 0x80003468 (0x036f6133) x 2 0xffffffe4
core   0: 0x8000346c (0x003b5513) srli    a0, s6, 3
core   0: 3 0x8000346c (0x003b5513) x10 0x1ffffff0
core   0: 0x80003470 (0x00efe633) or      a2, t6, a4
core   0: 3 0x80003470 (0x00efe633) x12 0xffffffff
core   0: 0x80003474 (0x4022d2b3) sra     t0, t0, sp
core   0: 3 0x80003474 (0x4022d2b3) x 5 0x000000ef
core   0: 0x80003478 (0x41fedfb3) sra     t6, t4, t6
core   0: 3 0x80003478 (0x41fedfb3) x31 0x00000000
core   0: 0x8000347c (0x03606ab3) rem     s5, zero, s6
core   0: 3 0x8000347c (0x03606ab3) x21 0x00000000
core   0: 0x80003480 (0x01276ab3) or      s5, a4, s2
core   0: 3 0x80003480 (0x01276ab3) x21 0x00000000
core   0: 0x80003484 (0x41d856b3) sra     a3, a6, t4
core   0: 3 0x80003484 (0x41d856b3) x13 0xfffffd21
core   0: 0x80003488 (0x02149433) mulh    s0, s1, ra
core   0: 3 0x80003488 (0x02149433) x 8 0x00000000
core   0: 0x8000348c (0x4101ec93) ori     s9, gp, 1040
core   0: 3 0x8000348c (0x4101ec93) x25 0x00000410
core   0: 0x80003490 (0x0037e233) or      tp, a5, gp
core   0: 3 0x80003490 (0x0037e233) x 4 0x00000400
core   0: 0x80003494 (0x00639613) slli    a2, t2, 6
core   0: 3 0x80003494 (0x00639613) x12 0x006338c0
core   0: 0x80003498 (0x01208633) add     a2, ra, s2
core   0: 3 0x80003498 (0x01208633) x12 0x00000001
core   0: 0x8000349c (0x02fa8eb3) mul     t4, s5, a5
core   0: 3 0x8000349c (0x02fa8eb3) x29 0x00000000
core   0: 0x800034a0 (0x0330ab33) mulhsu  s6, ra, s3
core   0: 3 0x800034a0 (0x0330ab33) x22 0x00000000
core   0: 0x800034a4 (0x01cef833) and     a6, t4, t3
core   0: 3 0x800034a4 (0x01cef833) x16 0x00000000
core   0: 0x800034a8 (0x0221ffb3) remu    t6, gp, sp
core   0: 3 0x800034a8 (0x0221ffb3) x31 0x00000000
core   0: 0x800034ac (0x2ed265b7) lui     a1, 0x2ed26
core   0: 3 0x800034ac (0x2ed265b7) x11 0x2ed26000
core   0: 0x800034b0 (0x405b5093) srai    ra, s6, 5
core   0: 3 0x800034b0 (0x405b5093) x 1 0x00000000
core   0: 0x800034b4 (0x00189593) slli    a1, a7, 1
core   0: 3 0x800034b4 (0x00189593) x11 0x8a6a4f8a
core   0: 0x800034b8 (0x019b6e33) or      t3, s6, s9
core   0: 3 0x800034b8 (0x019b6e33) x28 0x00000410
core   0: 0x800034bc (0x01c704b3) add     s1, a4, t3
core   0: 3 0x800034bc (0x01c704b3) x 9 0x00000410
core   0: 0x800034c0 (0xfc78a913) slti    s2, a7, -57
core   0: 3 0x800034c0 (0xfc78a913) x18 0x00000001
core   0: 0x800034c4 (0x019b8bb3) add     s7, s7, s9
core   0: 3 0x800034c4 (0x019b8bb3) x23 0x00000410
core   0: 0x800034c8 (0x002e4713) xori    a4, t3, 2
core   0: 3 0x800034c8 (0x002e4713) x14 0x00000412
core   0: 0x800034cc (0x02a3deb3) divu    t4, t2, a0
core   0: 3 0x800034cc (0x02a3deb3) x29 0x00000004
core   0: 0x800034d0 (0x010bb833) sltu    a6, s7, a6
core   0: 3 0x800034d0 (0x010bb833) x16 0x00000000
core   0: 0x800034d4 (0x00c57ab3) and     s5, a0, a2
core   0: 3 0x800034d4 (0x00c57ab3) x21 0x00000000
core   0: 0x800034d8 (0x03ad1db3) mulh    s11, s10, s10
core   0: 3 0x800034d8 (0x03ad1db3) x27 0x40000000
core   0: 0x800034dc (0x024f84b3) mul     s1, t6, tp
core   0: 3 0x800034dc (0x024f84b3) x 9 0x00000000
core   0: 0x800034e0 (0x005e5cb3) srl     s9, t3, t0
core   0: 3 0x800034e0 (0x005e5cb3) x25 0x00000000
core   0: 0x800034e4 (0x40620cb3) sub     s9, tp, t1
core   0: 3 0x800034e4 (0x40620cb3) x25 0x000003ff
core   0: 0x800034e8 (0x408e0b33) sub     s6, t3, s0
core   0: 3 0x800034e8 (0x408e0b33) x22 0x00000410
core   0: 0x800034ec (0x6f3f1237) lui     tp, 0x6f3f1
core   0: 3 0x800034ec (0x6f3f1237) x 4 0x6f3f1000
core   0: 0x800034f0 (0x001c77b3) and     a5, s8, ra
core   0: 3 0x800034f0 (0x001c77b3) x15 0x00000000
core   0: 0x800034f4 (0x00fb15b3) sll     a1, s6, a5
core   0: 3 0x800034f4 (0x00fb15b3) x11 0x00000410
core   0: 0x800034f8 (0x02115433) divu    s0, sp, ra
core   0: 3 0x800034f8 (0x02115433) x 8 0xffffffff
core   0: 0x800034fc (0x00000013) nop
core   0: 3 0x800034fc (0x00000013)
core   0: 0x80003500 (0x0295fb33) remu    s6, a1, s1
core   0: 3 0x80003500 (0x0295fb33) x22 0x00000410
core   0: 0x80003504 (0x016c4c33) xor     s8, s8, s6
core   0: 3 0x80003504 (0x016c4c33) x24 0xfffff810
core   0: 0x80003508 (0x0364f7b3) remu    a5, s1, s6
core   0: 3 0x80003508 (0x0364f7b3) x15 0x00000000
core   0: 0x8000350c (0x0392ddb3) divu    s11, t0, s9
core   0: 3 0x8000350c (0x0392ddb3) x27 0x00000000
core   0: 0x80003510 (0x589e71b7) lui     gp, 0x589e7
core   0: 3 0x80003510 (0x589e71b7) x 3 0x589e7000
core   0: 0x80003514 (0x74fdc593) xori    a1, s11, 1871
core   0: 3 0x80003514 (0x74fdc593) x11 0x0000074f
core   0: 0x80003518 (0x9849e313) ori     t1, s3, -1660
core   0: 3 0x80003518 (0x9849e313) x 6 0xffffffe4
core   0: 0x8000351c (0x00ec3fb3) sltu    t6, s8, a4
core   0: 3 0x8000351c (0x00ec3fb3) x31 0x00000000
core   0: 0x80003520 (0xf3823c93) sltiu   s9, tp, -200
core   0: 3 0x80003520 (0xf3823c93) x25 0x00000001
core   0: 0x80003524 (0x02797633) remu    a2, s2, t2
core   0: 3 0x80003524 (0x02797633) x12 0x00000001
core   0: 0x80003528 (0x032ac633) div     a2, s5, s2
core   0: 3 0x80003528 (0x032ac633) x12 0x00000000
core   0: 0x8000352c (0x018ceab3) or      s5, s9, s8
core   0: 3 0x8000352c (0x018ceab3) x21 0xfffff811
core   0: 0x80003530 (0xe1dcbe17) auipc   t3, 0xe1dcb
core   0: 3 0x80003530 (0xe1dcbe17) x28 0x61dce530
core   0: 0x80003534 (0x02ff24b3) mulhsu  s1, t5, a5
core   0: 3 0x80003534 (0x02ff24b3) x 9 0x00000000
core   0: 0x80003538 (0x324901b7) lui     gp, 0x32490
core   0: 3 0x80003538 (0x324901b7) x 3 0x32490000
core   0: 0x8000353c (0x414cd533) sra     a0, s9, s4
core   0: 3 0x8000353c (0x414cd533) x10 0x00000000
core   0: 0x80003540 (0x031a0b33) mul     s6, s4, a7
core   0: 3 0x80003540 (0x031a0b33) x22 0x4f9f774f
core   0: 0x80003544 (0x012ee133) or      sp, t4, s2
core   0: 3 0x80003544 (0x012ee133) x 2 0x00000005
core   0: 0x80003548 (0xd9c0b193) sltiu   gp, ra, -612
core   0: 3 0x80003548 (0xd9c0b193) x 3 0x00000001
core   0: 0x8000354c (0xb225ebb7) lui     s7, 0xb225e
core   0: 3 0x8000354c (0xb225ebb7) x23 0xb225e000
core   0: 0x80003550 (0x03fa87b3) mul     a5, s5, t6
core   0: 3 0x80003550 (0x03fa87b3) x15 0x00000000
core   0: 0x80003554 (0x03040933) mul     s2, s0, a6
core   0: 3 0x80003554 (0x03040933) x18 0x00000000
core   0: 0x80003558 (0x419a5513) srai    a0, s4, 25
core   0: 3 0x80003558 (0x419a5513) x10 0x00000000
core   0: 0x8000355c (0x6ed4c893) xori    a7, s1, 1773
core   0: 3 0x8000355c (0x6ed4c893) x17 0x000006ed
core   0: 0x80003560 (0x40d4d6b3) sra     a3, s1, a3
core   0: 3 0x80003560 (0x40d4d6b3) x13 0x00000000
core   0: 0x80003564 (0x00afda93) srli    s5, t6, 10
core   0: 3 0x80003564 (0x00afda93) x21 0x00000000
core   0: 0x80003568 (0x0047a6b3) slt     a3, a5, tp
core   0: 3 0x80003568 (0x0047a6b3) x13 0x00000001
core   0: 0x8000356c (0x8436b113) sltiu   sp, a3, -1981
core   0: 3 0x8000356c (0x8436b113) x 2 0x00000001
core   0: 0x80003570 (0x402a88b3) sub     a7, s5, sp
core   0: 3 0x80003570 (0x402a88b3) x17 0xffffffff
core   0: 0x80003574 (0x01e51133) sll     sp, a0, t5
core   0: 3 0x80003574 (0x01e51133) x 2 0x00000000
core   0: 0x80003578 (0x4180d633) sra     a2, ra, s8
core   0: 3 0x80003578 (0x4180d633) x12 0x00000000
core   0: 0x8000357c (0x0159aa33) slt     s4, s3, s5
core   0: 3 0x8000357c (0x0159aa33) x20 0x00000001
core   0: 0x80003580 (0x00f1b233) sltu    tp, gp, a5
core   0: 3 0x80003580 (0x00f1b233) x 4 0x00000000
core   0: 0x80003584 (0x021ed4b3) divu    s1, t4, ra
core   0: 3 0x80003584 (0x021ed4b3) x 9 0xffffffff
core   0: 0x80003588 (0x00000013) nop
core   0: 3 0x80003588 (0x00000013)
core   0: 0x8000358c (0x5bd10b17) auipc   s6, 0x5bd10
core   0: 3 0x8000358c (0x5bd10b17) x22 0xdbd1358c
core   0: 0x80003590 (0x660d6713) ori     a4, s10, 1632
core   0: 3 0x80003590 (0x660d6713) x14 0x80000660
core   0: 0x80003594 (0x0037ceb3) xor     t4, a5, gp
core   0: 3 0x80003594 (0x0037ceb3) x29 0x00000001
core   0: 0x80003598 (0xf6e08c13) addi    s8, ra, -146
core   0: 3 0x80003598 (0xf6e08c13) x24 0xffffff6e
core   0: 0x8000359c (0x028f5c33) divu    s8, t5, s0
core   0: 3 0x8000359c (0x028f5c33) x24 0x00000000
core   0: 0x800035a0 (0x00da1f93) slli    t6, s4, 13
core   0: 3 0x800035a0 (0x00da1f93) x31 0x00002000
core   0: 0x800035a4 (0x009e5413) srli    s0, t3, 9
core   0: 3 0x800035a4 (0x009e5413) x 8 0x0030ee72
core   0: 0x800035a8 (0x4034d433) sra     s0, s1, gp
core   0: 3 0x800035a8 (0x4034d433) x 8 0xffffffff
core   0: 0x800035ac (0x01d59433) sll     s0, a1, t4
core   0: 3 0x800035ac (0x01d59433) x 8 0x00000e9e
core   0: 0x800035b0 (0x01b46693) ori     a3, s0, 27
core   0: 3 0x800035b0 (0x01b46693) x13 0x00000e9f
core   0: 0x800035b4 (0x3eade193) ori     gp, s11, 1002
core   0: 3 0x800035b4 (0x3eade193) x 3 0x000003ea
core   0: 0x800035b8 (0x85b3fb13) andi    s6, t2, -1957
core   0: 3 0x800035b8 (0x85b3fb13) x22 0x80018843
core   0: 0x800035bc (0xaf9f6ab7) lui     s5, 0xaf9f6
core   0: 3 0x800035bc (0xaf9f6ab7) x21 0xaf9f6000
core   0: 0x800035c0 (0x029de333) rem     t1, s11, s1
core   0: 3 0x800035c0 (0x029de333) x 6 0x00000000
core   0: 0x800035c4 (0x00853533) sltu    a0, a0, s0
core   0: 3 0x800035c4 (0x00853533) x10 0x00000001
core   0: 0x800035c8 (0x00000013) nop
core   0: 3 0x800035c8 (0x00000013)
core   0: 0x800035cc (0x01e284b3) add     s1, t0, t5
core   0: 3 0x800035cc (0x01e284b3) x 9 0x80018dd3
core   0: 0x800035d0 (0x01969db3) sll     s11, a3, s9
core   0: 3 0x800035d0 (0x01969db3) x27 0x00001d3e
core   0: 0x800035d4 (0x017fd933) srl     s2, t6, s7
core   0: 3 0x800035d4 (0x017fd933) x18 0x00002000
core   0: 0x800035d8 (0x01372c33) slt     s8, a4, s3
core   0: 3 0x800035d8 (0x01372c33) x24 0x00000001
core   0: 0x800035dc (0xdb64e293) ori     t0, s1, -586
core   0: 3 0x800035dc (0xdb64e293) x 5 0xfffffdf7
core   0: 0x800035e0 (0x025e98b3) mulh    a7, t4, t0
core   0: 3 0x800035e0 (0x025e98b3) x17 0xffffffff
core   0: 0x800035e4 (0x02b825b3) mulhsu  a1, a6, a1
core   0: 3 0x800035e4 (0x02b825b3) x11 0x00000000
core   0: 0x800035e8 (0x7f11b693) sltiu   a3, gp, 2033
core   0: 3 0x800035e8 (0x7f11b693) x13 0x00000001
core   0: 0x800035ec (0x01b6e4b3) or      s1, a3, s11
core   0: 3 0x800035ec (0x01b6e4b3) x 9 0x00001d3f
core   0: 0x800035f0 (0x419cd593) srai    a1, s9, 25
core   0: 3 0x800035f0 (0x419cd593) x11 0x00000000
core   0: 0x800035f4 (0x023b26b3) mulhsu  a3, s6, gp
core   0: 3 0x800035f4 (0x023b26b3) x13 0xfffffe0b
core   0: 0x800035f8 (0x003f9b33) sll     s6, t6, gp
core   0: 3 0x800035f8 (0x003f9b33) x22 0x00800000
core   0: 0x800035fc (0x01ad1533) sll     a0, s10, s10
core   0: 3 0x800035fc (0x01ad1533) x10 0x80000000
core   0: 0x80003600 (0x40618bb3) sub     s7, gp, t1
core   0: 3 0x80003600 (0x40618bb3) x23 0x000003ea
core   0: 0x80003604 (0x0208e833) rem     a6, a7, zero
core   0: 3 0x80003604 (0x0208e833) x16 0xffffffff
core   0: 0x80003608 (0x7f2d2213) slti    tp, s10, 2034
core   0: 3 0x80003608 (0x7f2d2213) x 4 0x00000001
core   0: 0x8000360c (0x0149b033) sltu    zero, s3, s4
core   0: 3 0x8000360c (0x0149b033)
core   0: 0x80003610 (0x010ef0b3) and     ra, t4, a6
core   0: 3 0x80003610 (0x010ef0b3) x 1 0x00000001
core   0: 0x80003614 (0x4a145637) lui     a2, 0x4a145
core   0: 3 0x80003614 (0x4a145637) x12 0x4a145000
core   0: 0x80003618 (0x0343beb3) mulhu   t4, t2, s4
core   0: 3 0x80003618 (0x0343beb3) x29 0x00000000
core   0: 0x8000361c (0x02c68b33) mul     s6, a3, a2
core   0: 3 0x8000361c (0x02c68b33) x22 0x063f7000
core   0: 0x80003620 (0x01ed91b3) sll     gp, s11, t5
core   0: 3 0x80003620 (0x01ed91b3) x 3 0x0001d3e0
core   0: 0x80003624 (0x411c5613) srai    a2, s8, 17
core   0: 3 0x80003624 (0x411c5613) x12 0x00000000
core   0: 0x80003628 (0x01b3e1b3) or      gp, t2, s11
core   0: 3 0x80003628 (0x01b3e1b3) x 3 0x80019dff
core   0: 0x8000362c (0x038be1b3) rem     gp, s7, s8
core   0: 3 0x8000362c (0x038be1b3) x 3 0x00000000
core   0: 0x80003630 (0x0103ceb3) xor     t4, t2, a6
core   0: 3 0x80003630 (0x0103ceb3) x29 0x7ffe731c
core   0: 0x80003634 (0xba013813) sltiu   a6, sp, -1120
core   0: 3 0x80003634 (0xba013813) x16 0x00000001
core   0: 0x80003638 (0x00000013) nop
core   0: 3 0x80003638 (0x00000013)
core   0: 0x8000363c (0x0264f833) remu    a6, s1, t1
core   0: 3 0x8000363c (0x0264f833) x16 0x00001d3f
core   0: 0x80003640 (0x039c64b3) rem     s1, s8, s9
core   0: 3 0x80003640 (0x039c64b3) x 9 0x00000000
core   0: 0x80003644 (0x023e8db3) mul     s11, t4, gp
core   0: 3 0x80003644 (0x023e8db3) x27 0x00000000
core   0: 0x80003648 (0x9cf88f93) addi    t6, a7, -1585
core   0: 3 0x80003648 (0x9cf88f93) x31 0xfffff9ce
core   0: 0x8000364c (0x41ac5bb3) sra     s7, s8, s10
core   0: 3 0x8000364c (0x41ac5bb3) x23 0x00000001
core   0: 0x80003650 (0x525ce237) lui     tp, 0x525ce
core   0: 3 0x80003650 (0x525ce237) x 4 0x525ce000
core   0: 0x80003654 (0x003d9e13) slli    t3, s11, 3
core   0: 3 0x80003654 (0x003d9e13) x28 0x00000000
core   0: 0x80003658 (0x039c1333) mulh    t1, s8, s9
core   0: 3 0x80003658 (0x039c1333) x 6 0x00000000
core   0: 0x8000365c (0x035fbb33) mulhu   s6, t6, s5
core   0: 3 0x8000365c (0x035fbb33) x22 0xaf9f5bbf
core   0: 0x80003660 (0xd63a2c13) slti    s8, s4, -669
core   0: 3 0x80003660 (0xd63a2c13) x24 0x00000000
core   0: 0x80003664 (0x029ca8b3) mulhsu  a7, s9, s1
core   0: 3 0x80003664 (0x029ca8b3) x17 0x00000000
core   0: 0x80003668 (0x020957b3) divu    a5, s2, zero
core   0: 3 0x80003668 (0x020957b3) x15 0xffffffff
core   0: 0x8000366c (0x03fde533) rem     a0, s11, t6
core   0: 3 0x8000366c (0x03fde533) x10 0x00000000
core   0: 0x80003670 (0x1d668013) addi    zero, a3, 470
core   0: 3 0x80003670 (0x1d668013)
core   0: 0x80003674 (0x4febc813) xori    a6, s7, 1278
core   0: 3 0x80003674 (0x4febc813) x16 0x000004ff
core   0: 0x80003678 (0x02eb4c33) div     s8, s6, a4
core   0: 3 0x80003678 (0x02eb4c33) x24 0x00000000
core   0: 0x8000367c (0x017811b3) sll     gp, a6, s7
core   0: 3 0x8000367c (0x017811b3) x 3 0x000009fe
core   0: 0x80003680 (0x003aecb3) or      s9, s5, gp
core   0: 3 0x80003680 (0x003aecb3) x25 0xaf9f69fe
core   0: 0x80003684 (0x02a54a33) div     s4, a0, a0
core   0: 3 0x80003684 (0x02a54a33) x20 0xffffffff
core   0: 0x80003688 (0x992e4793) xori    a5, t3, -1646
core   0: 3 0x80003688 (0x992e4793) x15 0xfffff992
core   0: 0x8000368c (0x035635b3) mulhu   a1, a2, s5
core   0: 3 0x8000368c (0x035635b3) x11 0x00000000
core   0: 0x80003690 (0x9fad3893) sltiu   a7, s10, -1542
core   0: 3 0x80003690 (0x9fad3893) x17 0x00000001
core   0: 0x80003694 (0x02a54eb3) div     t4, a0, a0
core   0: 3 0x80003694 (0x02a54eb3) x29 0xffffffff
core   0: 0x80003698 (0xdce16a17) auipc   s4, 0xdce16
core   0: 3 0x80003698 (0xdce16a17) x20 0x5ce19698
core   0: 0x8000369c (0xeb7ec293) xori    t0, t4, -329
core   0: 3 0x8000369c (0xeb7ec293) x 5 0x00000148
core   0: 0x800036a0 (0x00000013) nop
core   0: 3 0x800036a0 (0x00000013)
core   0: 0x800036a4 (0x0061e5b3) or      a1, gp, t1
core   0: 3 0x800036a4 (0x0061e5b3) x11 0x000009fe
core   0: 0x800036a8 (0x3c951b37) lui     s6, 0x3c951
core   0: 3 0x800036a8 (0x3c951b37) x22 0x3c951000
core   0: 0x800036ac (0x0157ec33) or      s8, a5, s5
core   0: 3 0x800036ac (0x0157ec33) x24 0xfffff992
core   0: 0x800036b0 (0x492eb393) sltiu   t2, t4, 1170
core   0: 3 0x800036b0 (0x492eb393) x 7 0x00000000
core   0: 0x800036b4 (0x023a8e33) mul     t3, s5, gp
core   0: 3 0x800036b4 (0x023a8e33) x28 0xda814000
core   0: 0x800036b8 (0x01f9ffb3) and     t6, s3, t6
core   0: 3 0x800036b8 (0x01f9ffb3) x31 0x80014844
core   0: 0x800036bc (0x41f3dfb3) sra     t6, t2, t6
core   0: 3 0x800036bc (0x41f3dfb3) x31 0x00000000
core   0: 0x800036c0 (0xbf263c13) sltiu   s8, a2, -1038
core   0: 3 0x800036c0 (0xbf263c13) x24 0x00000001
core   0: 0x800036c4 (0x06a37037) lui     zero, 0x6a37
core   0: 3 0x800036c4 (0x06a37037)
core   0: 0x800036c8 (0x9bd9ab93) slti    s7, s3, -1603
core   0: 3 0x800036c8 (0x9bd9ab93) x23 0x00000001
core   0: 0x800036cc (0x039477b3) remu    a5, s0, s9
core   0: 3 0x800036cc (0x039477b3) x15 0x00000e9e
core   0: 0x800036d0 (0x28344713) xori    a4, s0, 643
core   0: 3 0x800036d0 (0x28344713) x14 0x00000c1d
core   0: 0x800036d4 (0x91a17913) andi    s2, sp, -1766
core   0: 3 0x800036d4 (0x91a17913) x18 0x00000000
core   0: 0x800036d8 (0x0296ae33) mulhsu  t3, a3, s1
core   0: 3 0x800036d8 (0x0296ae33) x28 0x00000000
core   0: 0x800036dc (0x0112eab3) or      s5, t0, a7
core   0: 3 0x800036dc (0x0112eab3) x21 0x00000149
core   0: 0x800036e0 (0x0378dfb3) divu    t6, a7, s7
core   0: 3 0x800036e0 (0x0378dfb3) x31 0x00000001
core   0: 0x800036e4 (0x3ecbf213) andi    tp, s7, 1004
core   0: 3 0x800036e4 (0x3ecbf213) x 4 0x00000000
core   0: 0x800036e8 (0x0004f8b3) and     a7, s1, zero
core   0: 3 0x800036e8 (0x0004f8b3) x17 0x00000000
core   0: 0x800036ec (0xe30935b7) lui     a1, 0xe3093
core   0: 3 0x800036ec (0xe30935b7) x11 0xe3093000
core   0: 0x800036f0 (0x014685b3) add     a1, a3, s4
core   0: 3 0x800036f0 (0x014685b3) x11 0x5ce194a3
core   0: 0x800036f4 (0x023390b3) mulh    ra, t2, gp
core   0: 3 0x800036f4 (0x023390b3) x 1 0x00000000
core   0: 0x800036f8 (0x036fa8b3) mulhsu  a7, t6, s6
core   0: 3 0x800036f8 (0x036fa8b3) x17 0x00000000
core   0: 0x800036fc (0x0386aeb3) mulhsu  t4, a3, s8
core   0: 3 0x800036fc (0x0386aeb3) x29 0xffffffff
core   0: 0x80003700 (0x01363db3) sltu    s11, a2, s3
core   0: 3 0x80003700 (0x01363db3) x27 0x00000001
core   0: 0x80003704 (0x030d8eb3) mul     t4, s11, a6
core   0: 3 0x80003704 (0x030d8eb3) x29 0x000004ff
core   0: 0x80003708 (0x03839933) mulh    s2, t2, s8
core   0: 3 0x80003708 (0x03839933) x18 0x00000000
core   0: 0x8000370c (0x00000013) nop
core   0: 3 0x8000370c (0x00000013)
core   0: 0x80003710 (0xe3693e93) sltiu   t4, s2, -458
core   0: 3 0x80003710 (0xe3693e93) x29 0x00000001
core   0: 0x80003714 (0x0059d3b3) srl     t2, s3, t0
core   0: 3 0x80003714 (0x0059d3b3) x 7 0x0080014e
core   0: 0x80003718 (0x00bef0b3) and     ra, t4, a1
core   0: 3 0x80003718 (0x00bef0b3) x 1 0x00000001
core   0: 0x8000371c (0x79fb0213) addi    tp, s6, 1951
core   0: 3 0x8000371c (0x79fb0213) x 4 0x3c95179f
core   0: 0x80003720 (0xee61c1b7) lui     gp, 0xee61c
core   0: 3 0x80003720 (0xee61c1b7) x 3 0xee61c000
core   0: 0x80003724 (0x9a744fb7) lui     t6, 0x9a744
core   0: 3 0x80003724 (0x9a744fb7) x31 0x9a744000
core   0: 0x80003728 (0x01f6ab33) slt     s6, a3, t6
core   0: 3 0x80003728 (0x01f6ab33) x22 0x00000000
core   0: 0x8000372c (0x00000013) nop
core   0: 3 0x8000372c (0x00000013)
core   0: 0x80003730 (0x00fb1293) slli    t0, s6, 15
core   0: 3 0x80003730 (0x00fb1293) x 5 0x00000000
core   0: 0x80003734 (0x00344533) xor     a0, s0, gp
core   0: 3 0x80003734 (0x00344533) x10 0xee61ce9e
core   0: 0x80003738 (0x01a3a2b3) slt     t0, t2, s10
core   0: 3 0x80003738 (0x01a3a2b3) x 5 0x00000000
core   0: 0x8000373c (0x018848b3) xor     a7, a6, s8
core   0: 3 0x8000373c (0x018848b3) x17 0x000004fe
core   0: 0x80003740 (0x77924413) xori    s0, tp, 1913
core   0: 3 0x80003740 (0x77924413) x 8 0x3c9510e6
core   0: 0x80003744 (0x7efdbc13) sltiu   s8, s11, 2031
core   0: 3 0x80003744 (0x7efdbc13) x24 0x00000001
core   0: 0x80003748 (0x27a16813) ori     a6, sp, 634
core   0: 3 0x80003748 (0x27a16813) x16 0x0000027a
core   0: 0x8000374c (0xd8382b17) auipc   s6, 0xd8382
core   0: 3 0x8000374c (0xd8382b17) x22 0x5838574c
core   0: 0x80003750 (0x40035fb3) sra     t6, t1, zero
core   0: 3 0x80003750 (0x40035fb3) x31 0x00000000
core   0: 0x80003754 (0x00d04a33) xor     s4, zero, a3
core   0: 3 0x80003754 (0x00d04a33) x20 0xfffffe0b
core   0: 0x80003758 (0x019106b3) add     a3, sp, s9
core   0: 3 0x80003758 (0x019106b3) x13 0xaf9f69fe
core   0: 0x8000375c (0x3f240293) addi    t0, s0, 1010
core   0: 3 0x8000375c (0x3f240293) x 5 0x3c9514d8
core   0: 0x80003760 (0x02c6ddb3) divu    s11, a3, a2
core   0: 3 0x80003760 (0x02c6ddb3) x27 0xffffffff
core   0: 0x80003764 (0x019c15b3) sll     a1, s8, s9
core   0: 3 0x80003764 (0x019c15b3) x11 0x40000000
core   0: 0x80003768 (0x01930fb3) add     t6, t1, s9
core   0: 3 0x80003768 (0x01930fb3) x31 0xaf9f69fe
core   0: 0x8000376c (0x026f4db3) div     s11, t5, t1
core   0: 3 0x8000376c (0x026f4db3) x27 0xffffffff
core   0: 0x80003770 (0x016032b3) snez    t0, s6
core   0: 3 0x80003770 (0x016032b3) x 5 0x00000001
core   0: 0x80003774 (0xfa476113) ori     sp, a4, -92
core   0: 3 0x80003774 (0xfa476113) x 2 0xffffffbd
core   0: 0x80003778 (0x001e7fb3) and     t6, t3, ra
core   0: 3 0x80003778 (0x001e7fb3) x31 0x00000000
core   0: 0x8000377c (0x370512b7) lui     t0, 0x37051
core   0: 3 0x8000377c (0x370512b7) x 5 0x37051000
core   0: 0x80003780 (0x01131913) slli    s2, t1, 17
core   0: 3 0x80003780 (0x01131913) x18 0x00000000
core   0: 0x80003784 (0x013de233) or      tp, s11, s3
core   0: 3 0x80003784 (0x013de233) x 4 0xffffffff
core   0: 0x80003788 (0x0108aab3) slt     s5, a7, a6
core   0: 3 0x80003788 (0x0108aab3) x21 0x00000000
core   0: 0x8000378c (0x021d62b3) rem     t0, s10, ra
core   0: 3 0x8000378c (0x021d62b3) x 5 0x00000000
core   0: 0x80003790 (0x002b4833) xor     a6, s6, sp
core   0: 3 0x80003790 (0x002b4833) x16 0xa7c7a8f1
core   0: 0x80003794 (0x01155d93) srli    s11, a0, 17
core   0: 3 0x80003794 (0x01155d93) x27 0x00007730
core   0: 0x80003798 (0x00ae5b13) srli    s6, t3, 10
core   0: 3 0x80003798 (0x00ae5b13) x22 0x00000000
core   0: 0x8000379c (0x41b3db93) srai    s7, t2, 27
core   0: 3 0x8000379c (0x41b3db93) x23 0x00000000
core   0: 0x800037a0 (0x0119a133) slt     sp, s3, a7
core   0: 3 0x800037a0 (0x0119a133) x 2 0x00000001
core   0: 0x800037a4 (0x00a00ab3) add     s5, zero, a0
core   0: 3 0x800037a4 (0x00a00ab3) x21 0xee61ce9e
core   0: 0x800037a8 (0x00a5d533) srl     a0, a1, a0
core   0: 3 0x800037a8 (0x00a5d533) x10 0x00000001
core   0: 0x800037ac (0x40435b93) srai    s7, t1, 4
core   0: 3 0x800037ac (0x40435b93) x23 0x00000000
core   0: 0x800037b0 (0x3f589db7) lui     s11, 0x3f589
core   0: 3 0x800037b0 (0x3f589db7) x27 0x3f589000
core   0: 0x800037b4 (0x003072b3) and     t0, zero, gp
core   0: 3 0x800037b4 (0x003072b3) x 5 0x00000000
core   0: 0x800037b8 (0xeeac0c93) addi    s9, s8, -278
core   0: 3 0x800037b8 (0xeeac0c93) x25 0xfffffeeb
core   0: 0x800037bc (0x0176cab3) xor     s5, a3, s7
core   0: 3 0x800037bc (0x0176cab3) x21 0xaf9f69fe
core   0: 0x800037c0 (0x02747b33) remu    s6, s0, t2
core   0: 3 0x800037c0 (0x02747b33) x22 0x00147308
core   0: 0x800037c4 (0x030a57b3) divu    a5, s4, a6
core   0: 3 0x800037c4 (0x030a57b3) x15 0x00000001
core   0: 0x800037c8 (0x032a05b3) mul     a1, s4, s2
core   0: 3 0x800037c8 (0x032a05b3) x11 0x00000000
core   0: 0x800037cc (0x015f9933) sll     s2, t6, s5
core   0: 3 0x800037cc (0x015f9933) x18 0x00000000
core   0: 0x800037d0 (0xacb08013) addi    zero, ra, -1333
core   0: 3 0x800037d0 (0xacb08013)
core   0: 0x800037d4 (0x00000013) nop
core   0: 3 0x800037d4 (0x00000013)
core   0: 0x800037d8 (0x03bde7b3) rem     a5, s11, s11
core   0: 3 0x800037d8 (0x03bde7b3) x15 0x00000000
core   0: 0x800037dc (0x029b9133) mulh    sp, s7, s1
core   0: 3 0x800037dc (0x029b9133) x 2 0x00000000
core   0: 0x800037e0 (0x40915313) srai    t1, sp, 9
core   0: 3 0x800037e0 (0x40915313) x 6 0x00000000
core   0: 0x800037e4 (0xb09d0713) addi    a4, s10, -1271
core   0: 3 0x800037e4 (0xb09d0713) x14 0x7ffffb09
core   0: 0x800037e8 (0x99fd97b7) lui     a5, 0x99fd9
core   0: 3 0x800037e8 (0x99fd97b7) x15 0x99fd9000
core   0: 0x800037ec (0xf121cd93) xori    s11, gp, -238
core   0: 3 0x800037ec (0xf121cd93) x27 0x119e3f12
core   0: 0x800037f0 (0x8eb70693) addi    a3, a4, -1813
core   0: 3 0x800037f0 (0x8eb70693) x13 0x7ffff3f4
core   0: 0x800037f4 (0xe1f64493) xori    s1, a2, -481
core   0: 3 0x800037f4 (0xe1f64493) x 9 0xfffffe1f
core   0: 0x800037f8 (0x02844b33) div     s6, s0, s0
core   0: 3 0x800037f8 (0x02844b33) x22 0x00000001
core   0: 0x800037fc (0x03b0c033) div     zero, ra, s11
core   0: 3 0x800037fc (0x03b0c033)
core   0: 0x80003800 (0x034a7bb3) remu    s7, s4, s4
core   0: 3 0x80003800 (0x034a7bb3) x23 0x00000000
core   0: 0x80003804 (0x00194fb3) xor     t6, s2, ra
core   0: 3 0x80003804 (0x00194fb3) x31 0x00000001
core   0: 0x80003808 (0xf0c7cb17) auipc   s6, 0xf0c7c
core   0: 3 0x80003808 (0xf0c7cb17) x22 0x70c7f808
core   0: 0x8000380c (0x7593a193) slti    gp, t2, 1881
core   0: 3 0x8000380c (0x7593a193) x 3 0x00000000
core   0: 0x80003810 (0x01d9d433) srl     s0, s3, t4
core   0: 3 0x80003810 (0x01d9d433) x 8 0x4000a732
core   0: 0x80003814 (0x004b51b3) srl     gp, s6, tp
core   0: 3 0x80003814 (0x004b51b3) x 3 0x00000000
core   0: 0x80003818 (0x01183fb3) sltu    t6, a6, a7
core   0: 3 0x80003818 (0x01183fb3) x31 0x00000000
core   0: 0x8000381c (0x00e2cbb3) xor     s7, t0, a4
core   0: 3 0x8000381c (0x00e2cbb3) x23 0x7ffffb09
core   0: 0x80003820 (0x0088acb3) slt     s9, a7, s0
core   0: 3 0x80003820 (0x0088acb3) x25 0x00000001
core   0: 0x80003824 (0x00fbd293) srli    t0, s7, 15
core   0: 3 0x80003824 (0x00fbd293) x 5 0x0000ffff
core   0: 0x80003828 (0x54786513) ori     a0, a6, 1351
core   0: 3 0x80003828 (0x54786513) x10 0xa7c7adf7
core   0: 0x8000382c (0x00b1eab3) or      s5, gp, a1
core   0: 3 0x8000382c (0x00b1eab3) x21 0x00000000
core   0: 0x80003830 (0x4d16a713) slti    a4, a3, 1233
core   0: 3 0x80003830 (0x4d16a713) x14 0x00000000
core   0: 0x80003834 (0x52dac113) xori    sp, s5, 1325
core   0: 3 0x80003834 (0x52dac113) x 2 0x0000052d
core   0: 0x80003838 (0x032b93b3) mulh    t2, s7, s2
core   0: 3 0x80003838 (0x032b93b3) x 7 0x00000000
core   0: 0x8000383c (0x011fa4b3) slt     s1, t6, a7
core   0: 3 0x8000383c (0x011fa4b3) x 9 0x00000001
core   0: 0x80003840 (0x0166b533) sltu    a0, a3, s6
core   0: 3 0x80003840 (0x0166b533) x10 0x00000000
core   0: 0x80003844 (0x0121edb3) or      s11, gp, s2
core   0: 3 0x80003844 (0x0121edb3) x27 0x00000000
core   0: 0x80003848 (0x00f56533) or      a0, a0, a5
core   0: 3 0x80003848 (0x00f56533) x10 0x99fd9000
core   0: 0x8000384c (0xd2ab3b13) sltiu   s6, s6, -726
core   0: 3 0x8000384c (0xd2ab3b13) x22 0x00000001
core   0: 0x80003850 (0xc29a8193) addi    gp, s5, -983
core   0: 3 0x80003850 (0xc29a8193) x 3 0xfffffc29
core   0: 0x80003854 (0x020c94b3) mulh    s1, s9, zero
core   0: 3 0x80003854 (0x020c94b3) x 9 0x00000000
core   0: 0x80003858 (0x03004c33) div     s8, zero, a6
core   0: 3 0x80003858 (0x03004c33) x24 0x00000000
core   0: 0x8000385c (0x03947533) remu    a0, s0, s9
core   0: 3 0x8000385c (0x03947533) x10 0x00000000
core   0: 0x80003860 (0xd7c11c37) lui     s8, 0xd7c11
core   0: 3 0x80003860 (0xd7c11c37) x24 0xd7c11000
core   0: 0x80003864 (0x0120a933) slt     s2, ra, s2
core   0: 3 0x80003864 (0x0120a933) x18 0x00000000
core   0: 0x80003868 (0x026ab3b3) mulhu   t2, s5, t1
core   0: 3 0x80003868 (0x026ab3b3) x 7 0x00000000
core   0: 0x8000386c (0x0078edb3) or      s11, a7, t2
core   0: 3 0x8000386c (0x0078edb3) x27 0x000004fe
core   0: 0x80003870 (0x02b73133) mulhu   sp, a4, a1
core   0: 3 0x80003870 (0x02b73133) x 2 0x00000000
core   0: 0x80003874 (0x01266ab3) or      s5, a2, s2
core   0: 3 0x80003874 (0x01266ab3) x21 0x00000000
core   0: 0x80003878 (0x011e08b3) add     a7, t3, a7
core   0: 3 0x80003878 (0x011e08b3) x17 0x000004fe
core   0: 0x8000387c (0x01cfd3b3) srl     t2, t6, t3
core   0: 3 0x8000387c (0x01cfd3b3) x 7 0x00000000
core   0: 0x80003880 (0x00f116b3) sll     a3, sp, a5
core   0: 3 0x80003880 (0x00f116b3) x13 0x00000000
core   0: 0x80003884 (0x01e8efb3) or      t6, a7, t5
core   0: 3 0x80003884 (0x01e8efb3) x31 0x80018cfe
core   0: 0x80003888 (0x022723b3) mulhsu  t2, a4, sp
core   0: 3 0x80003888 (0x022723b3) x 7 0x00000000
core   0: 0x8000388c (0x02688733) mul     a4, a7, t1
core   0: 3 0x8000388c (0x02688733) x14 0x00000000
core   0: 0x80003890 (0x02f031b3) mulhu   gp, zero, a5
core   0: 3 0x80003890 (0x02f031b3) x 3 0x00000000
core   0: 0x80003894 (0xad27bc93) sltiu   s9, a5, -1326
core   0: 3 0x80003894 (0xad27bc93) x25 0x00000001
core   0: 0x80003898 (0x52b2f917) auipc   s2, 0x52b2f
core   0: 3 0x80003898 (0x52b2f917) x18 0xd2b32898
core   0: 0x8000389c (0x569b3813) sltiu   a6, s6, 1385
core   0: 3 0x8000389c (0x569b3813) x16 0x00000001
core   0: 0x800038a0 (0xb4f5fa13) andi    s4, a1, -1201
core   0: 3 0x800038a0 (0xb4f5fa13) x20 0x00000000
core   0: 0x800038a4 (0x03641c33) mulh    s8, s0, s6
core   0: 3 0x800038a4 (0x03641c33) x24 0x00000000
core   0: 0x800038a8 (0x0008d7b3) srl     a5, a7, zero
core   0: 3 0x800038a8 (0x0008d7b3) x15 0x000004fe
core   0: 0x800038ac (0x02f3b933) mulhu   s2, t2, a5
core   0: 3 0x800038ac (0x02f3b933) x18 0x00000000
core   0: 0x800038b0 (0x001c7833) and     a6, s8, ra
core   0: 3 0x800038b0 (0x001c7833) x16 0x00000000
core   0: 0x800038b4 (0x02cd5433) divu    s0, s10, a2
core   0: 3 0x800038b4 (0x02cd5433) x 8 0xffffffff
core   0: 0x800038b8 (0x019fb8b3) sltu    a7, t6, s9
core   0: 3 0x800038b8 (0x019fb8b3) x17 0x00000000
core   0: 0x800038bc (0x01c08133) add     sp, ra, t3
core   0: 3 0x800038bc (0x01c08133) x 2 0x00000001
core   0: 0x800038c0 (0x03bcba33) mulhu   s4, s9, s11
core   0: 3 0x800038c0 (0x03bcba33) x20 0x00000000
core   0: 0x800038c4 (0x0229c933) div     s2, s3, sp
core   0: 3 0x800038c4 (0x0229c933) x18 0x80014e64
core   0: 0x800038c8 (0xa7a8b213) sltiu   tp, a7, -1414
core   0: 3 0x800038c8 (0xa7a8b213) x 4 0x00000001
core   0: 0x800038cc (0x013035b3) snez    a1, s3
core   0: 3 0x800038cc (0x013035b3) x11 0x00000001
core   0: 0x800038d0 (0xaa1f0d93) addi    s11, t5, -1375
core   0: 3 0x800038d0 (0xaa1f0d93) x27 0x80018785
core   0: 0x800038d4 (0x0393e233) rem     tp, t2, s9
core   0: 3 0x800038d4 (0x0393e233) x 4 0x00000000
core   0: 0x800038d8 (0x029664b3) rem     s1, a2, s1
core   0: 3 0x800038d8 (0x029664b3) x 9 0x00000000
core   0: 0x800038dc (0x0078d933) srl     s2, a7, t2
core   0: 3 0x800038dc (0x0078d933) x18 0x00000000
core   0: 0x800038e0 (0xbc5784b7) lui     s1, 0xbc578
core   0: 3 0x800038e0 (0xbc5784b7) x 9 0xbc578000
core   0: 0x800038e4 (0x5b632693) slti    a3, t1, 1462
core   0: 3 0x800038e4 (0x5b632693) x13 0x00000001
core   0: 0x800038e8 (0x01b66ab3) or      s5, a2, s11
core   0: 3 0x800038e8 (0x01b66ab3) x21 0x80018785
core   0: 0x800038ec (0x4585e917) auipc   s2, 0x4585e
core   0: 3 0x800038ec (0x4585e917) x18 0xc58618ec
core   0: 0x800038f0 (0x00000013) nop
core   0: 3 0x800038f0 (0x00000013)
core   0: 0x800038f4 (0x7522e913) ori     s2, t0, 1874
core   0: 3 0x800038f4 (0x7522e913) x18 0x0000ffff
core   0: 0x800038f8 (0x2f6a3013) sltiu   zero, s4, 758
core   0: 3 0x800038f8 (0x2f6a3013)
core   0: 0x800038fc (0x00d79393) slli    t2, a5, 13
core   0: 3 0x800038fc (0x00d79393) x 7 0x009fc000
core   0: 0x80003900 (0x1db5be97) auipc   t4, 0x1db5b
core   0: 3 0x80003900 (0x1db5be97) x29 0x9db5e900
core   0: 0x80003904 (0x008b1593) slli    a1, s6, 8
core   0: 3 0x80003904 (0x008b1593) x11 0x00000100
core   0: 0x80003908 (0x014a1113) slli    sp, s4, 20
core   0: 3 0x80003908 (0x014a1113) x 2 0x00000000
core   0: 0x8000390c (0x00ad16b3) sll     a3, s10, a0
core   0: 3 0x8000390c (0x00ad16b3) x13 0x80000000
core   0: 0x80003910 (0x001558b3) srl     a7, a0, ra
core   0: 3 0x80003910 (0x001558b3) x17 0x00000000
core   0: 0x80003914 (0x0cc64f93) xori    t6, a2, 204
core   0: 3 0x80003914 (0x0cc64f93) x31 0x000000cc
core   0: 0x80003918 (0x00caf933) and     s2, s5, a2
core   0: 3 0x80003918 (0x00caf933) x18 0x00000000
core   0: 0x8000391c (0x5f312893) slti    a7, sp, 1523
core   0: 3 0x8000391c (0x5f312893) x17 0x00000001
core   0: 0x80003920 (0x01d34b33) xor     s6, t1, t4
core   0: 3 0x80003920 (0x01d34b33) x22 0x9db5e900
core   0: 0x80003924 (0x032584b3) mul     s1, a1, s2
core   0: 3 0x80003924 (0x032584b3) x 9 0x00000000
core   0: 0x80003928 (0x025e7133) remu    sp, t3, t0
core   0: 3 0x80003928 (0x025e7133) x 2 0x00000000
core   0: 0x8000392c (0x41c38bb3) sub     s7, t2, t3
core   0: 3 0x8000392c (0x41c38bb3) x23 0x009fc000
core   0: 0x80003930 (0x01cbdd93) srli    s11, s7, 28
core   0: 3 0x80003930 (0x01cbdd93) x27 0x00000000
core   0: 0x80003934 (0x014f5593) srli    a1, t5, 20
core   0: 3 0x80003934 (0x014f5593) x11 0x00000800
core   0: 0x80003938 (0x443a8b13) addi    s6, s5, 1091
core   0: 3 0x80003938 (0x443a8b13) x22 0x80018bc8
core   0: 0x8000393c (0x41f284b3) sub     s1, t0, t6
core   0: 3 0x8000393c (0x41f284b3) x 9 0x0000ff33
core   0: 0x80003940 (0x03814b33) div     s6, sp, s8
core   0: 3 0x80003940 (0x03814b33) x22 0xffffffff
core   0: 0x80003944 (0x00000013) nop
core   0: 3 0x80003944 (0x00000013)
core   0: 0x80003948 (0x01ba22b3) slt     t0, s4, s11
core   0: 3 0x80003948 (0x01ba22b3) x 5 0x00000000
core   0: 0x8000394c (0x3a288293) addi    t0, a7, 930
core   0: 3 0x8000394c (0x3a288293) x 5 0x000003a3
core   0: 0x80003950 (0x2ccc6a17) auipc   s4, 0x2ccc6
core   0: 3 0x80003950 (0x2ccc6a17) x20 0xaccc9950
core   0: 0x80003954 (0xe98e8493) addi    s1, t4, -360
core   0: 3 0x80003954 (0xe98e8493) x 9 0x9db5e798
core   0: 0x80003958 (0x015e64b3) or      s1, t3, s5
core   0: 3 0x80003958 (0x015e64b3) x 9 0x80018785
core   0: 0x8000395c (0x01b89293) slli    t0, a7, 27
core   0: 3 0x8000395c (0x01b89293) x 5 0x08000000
core   0: 0x80003960 (0x03948733) mul     a4, s1, s9
core   0: 3 0x80003960 (0x03948733) x14 0x80018785
core   0: 0x80003964 (0xb75af593) andi    a1, s5, -1163
core   0: 3 0x80003964 (0xb75af593) x11 0x80018305
core   0: 0x80003968 (0x028a1433) mulh    s0, s4, s0
core   0: 3 0x80003968 (0x028a1433) x 8 0x00000000
core   0: 0x8000396c (0x41ab82b3) sub     t0, s7, s10
core   0: 3 0x8000396c (0x41ab82b3) x 5 0x809fc000
core   0: 0x80003970 (0xab4ee493) ori     s1, t4, -1356
core   0: 3 0x80003970 (0xab4ee493) x 9 0xfffffbb4
core   0: 0x80003974 (0x015b08b3) add     a7, s6, s5
core   0: 3 0x80003974 (0x015b08b3) x17 0x80018784
core   0: 0x80003978 (0x0028abb3) slt     s7, a7, sp
core   0: 3 0x80003978 (0x0028abb3) x23 0x00000001
core   0: 0x8000397c (0x03263233) mulhu   tp, a2, s2
core   0: 3 0x8000397c (0x03263233) x 4 0x00000000
core   0: 0x80003980 (0x00000013) nop
core   0: 3 0x80003980 (0x00000013)
core   0: 0x80003984 (0x00386e33) or      t3, a6, gp
core   0: 3 0x80003984 (0x00386e33) x28 0x00000000
core   0: 0x80003988 (0x008b05b3) add     a1, s6, s0
core   0: 3 0x80003988 (0x008b05b3) x11 0xffffffff
core   0: 0x8000398c (0x03152233) mulhsu  tp, a0, a7
core   0: 3 0x8000398c (0x03152233) x 4 0x00000000
core   0: 0x80003990 (0x0085de13) srli    t3, a1, 8
core   0: 3 0x80003990 (0x0085de13) x28 0x00ffffff
core   0: 0x80003994 (0x03aa8e33) mul     t3, s5, s10
core   0: 3 0x80003994 (0x03aa8e33) x28 0x80000000
core   0: 0x80003998 (0x531b97b7) lui     a5, 0x531b9
core   0: 3 0x80003998 (0x531b97b7) x15 0x531b9000
core   0: 0x8000399c (0x00c9b733) sltu    a4, s3, a2
core   0: 3 0x8000399c (0x00c9b733) x14 0x00000000
core   0: 0x800039a0 (0x039a70b3) remu    ra, s4, s9
core   0: 3 0x800039a0 (0x039a70b3) x 1 0x00000000
core   0: 0x800039a4 (0x00dd2133) slt     sp, s10, a3
core   0: 3 0x800039a4 (0x00dd2133) x 2 0x00000000
core   0: 0x800039a8 (0x413ed213) srai    tp, t4, 19
core   0: 3 0x800039a8 (0x413ed213) x 4 0xfffff3b6
core   0: 0x800039ac (0x02381733) mulh    a4, a6, gp
core   0: 3 0x800039ac (0x02381733) x14 0x00000000
core   0: 0x800039b0 (0x0014f733) and     a4, s1, ra
core   0: 3 0x800039b0 (0x0014f733) x14 0x00000000
core   0: 0x800039b4 (0xbd88a513) slti    a0, a7, -1064
core   0: 3 0x800039b4 (0xbd88a513) x10 0x00000001
core   0: 0x800039b8 (0x2f40c593) xori    a1, ra, 756
core   0: 3 0x800039b8 (0x2f40c593) x11 0x000002f4
core   0: 0x800039bc (0x00e87c33) and     s8, a6, a4
core   0: 3 0x800039bc (0x00e87c33) x24 0x00000000
core   0: 0x800039c0 (0x01543eb3) sltu    t4, s0, s5
core   0: 3 0x800039c0 (0x01543eb3) x29 0x00000001
core   0: 0x800039c4 (0xed741b97) auipc   s7, 0xed741
core   0: 3 0x800039c4 (0xed741b97) x23 0x6d7449c4
core   0: 0x800039c8 (0x746be6b7) lui     a3, 0x746be
core   0: 3 0x800039c8 (0x746be6b7) x13 0x746be000
core   0: 0x800039cc (0x01150933) add     s2, a0, a7
core   0: 3 0x800039cc (0x01150933) x18 0x80018785
core   0: 0x800039d0 (0x0091ebb3) or      s7, gp, s1
core   0: 3 0x800039d0 (0x0091ebb3) x23 0xfffffbb4
core   0: 0x800039d4 (0x02657533) remu    a0, a0, t1
core   0: 3 0x800039d4 (0x02657533) x10 0x00000001
core   0: 0x800039d8 (0x02ef4c33) div     s8, t5, a4
core   0: 3 0x800039d8 (0x02ef4c33) x24 0xffffffff
core   0: 0x800039dc (0x412954b3) sra     s1, s2, s2
core   0: 3 0x800039dc (0x412954b3) x 9 0xfc000c3c
core   0: 0x800039e0 (0x41505a93) srai    s5, zero, 21
core   0: 3 0x800039e0 (0x41505a93) x21 0x00000000
core   0: 0x800039e4 (0x9b60c8b7) lui     a7, 0x9b60c
core   0: 3 0x800039e4 (0x9b60c8b7) x17 0x9b60c000
core   0: 0x800039e8 (0x00fa88b3) add     a7, s5, a5
core   0: 3 0x800039e8 (0x00fa88b3) x17 0x531b9000
core   0: 0x800039ec (0x03de7c33) remu    s8, t3, t4
core   0: 3 0x800039ec (0x03de7c33) x24 0x00000000
core   0: 0x800039f0 (0x0076e5b3) or      a1, a3, t2
core   0: 3 0x800039f0 (0x0076e5b3) x11 0x74ffe000
core   0: 0x800039f4 (0x90e06793) ori     a5, zero, -1778
core   0: 3 0x800039f4 (0x90e06793) x15 0xfffff90e
core   0: 0x800039f8 (0x01a21d93) slli    s11, tp, 26
core   0: 3 0x800039f8 (0x01a21d93) x27 0xd8000000
core   0: 0x800039fc (0x00000013) nop
core   0: 3 0x800039fc (0x00000013)
core   0: 0x80003a00 (0x028e0b33) mul     s6, t3, s0
core   0: 3 0x80003a00 (0x028e0b33) x22 0x00000000
core   0: 0x80003a04 (0x4e6884b7) lui     s1, 0x4e688
core   0: 3 0x80003a04 (0x4e6884b7) x 9 0x4e688000
core   0: 0x80003a08 (0x00085ab3) srl     s5, a6, zero
core   0: 3 0x80003a08 (0x00085ab3) x21 0x00000000
core   0: 0x80003a0c (0x02aeddb3) divu    s11, t4, a0
core   0: 3 0x80003a0c (0x02aeddb3) x27 0x00000001
core   0: 0x80003a10 (0x01875433) srl     s0, a4, s8
core   0: 3 0x80003a10 (0x01875433) x 8 0x00000000
core   0: 0x80003a14 (0xa79cb693) sltiu   a3, s9, -1415
core   0: 3 0x80003a14 (0xa79cb693) x13 0x00000001
core   0: 0x80003a18 (0x9ed6a937) lui     s2, 0x9ed6a
core   0: 3 0x80003a18 (0x9ed6a937) x18 0x9ed6a000
core   0: 0x80003a1c (0xe6f30613) addi    a2, t1, -401
core   0: 3 0x80003a1c (0xe6f30613) x12 0xfffffe6f
core   0: 0x80003a20 (0x3f7cb413) sltiu   s0, s9, 1015
core   0: 3 0x80003a20 (0x3f7cb413) x 8 0x00000001
core   0: 0x80003a24 (0xdaa0ad93) slti    s11, ra, -598
core   0: 3 0x80003a24 (0xdaa0ad93) x27 0x00000000
core   0: 0x80003a28 (0x0049b6b3) sltu    a3, s3, tp
core   0: 3 0x80003a28 (0x0049b6b3) x13 0x00000001
core   0: 0x80003a2c (0x40f3dfb3) sra     t6, t2, a5
core   0: 3 0x80003a2c (0x40f3dfb3) x31 0x0000027f
core   0: 0x80003a30 (0x009e7fb3) and     t6, t3, s1
core   0: 3 0x80003a30 (0x009e7fb3) x31 0x00000000
core   0: 0x80003a34 (0x00885093) srli    ra, a6, 8
core   0: 3 0x80003a34 (0x00885093) x 1 0x00000000
core   0: 0x80003a38 (0x02eb13b3) mulh    t2, s6, a4
core   0: 3 0x80003a38 (0x02eb13b3) x 7 0x00000000
core   0: 0x80003a3c (0x01603db3) snez    s11, s6
core   0: 3 0x80003a3c (0x01603db3) x27 0x00000000
core   0: 0x80003a40 (0x710fa537) lui     a0, 0x710fa
core   0: 3 0x80003a40 (0x710fa537) x10 0x710fa000
core   0: 0x80003a44 (0x039173b3) remu    t2, sp, s9
core   0: 3 0x80003a44 (0x039173b3) x 7 0x00000000
core   0: 0x80003a48 (0x5d989817) auipc   a6, 0x5d989
core   0: 3 0x80003a48 (0x5d989817) x16 0xdd98ca48
core   0: 0x80003a4c (0xa9950513) addi    a0, a0, -1383
core   0: 3 0x80003a4c (0xa9950513) x10 0x710f9a99
core   0: 0x80003a50 (0x03a44233) div     tp, s0, s10
core   0: 3 0x80003a50 (0x03a44233) x 4 0x00000000
core   0: 0x80003a54 (0x034bbc33) mulhu   s8, s7, s4
core   0: 3 0x80003a54 (0x034bbc33) x24 0xaccc9669
core   0: 0x80003a58 (0x029652b3) divu    t0, a2, s1
core   0: 3 0x80003a58 (0x029652b3) x 5 0x00000003
core   0: 0x80003a5c (0x029923b3) mulhsu  t2, s2, s1
core   0: 3 0x80003a5c (0x029923b3) x 7 0xe23dbb5c
core   0: 0x80003a60 (0x02efd333) divu    t1, t6, a4
core   0: 3 0x80003a60 (0x02efd333) x 6 0xffffffff
core   0: 0x80003a64 (0x00c9b933) sltu    s2, s3, a2
core   0: 3 0x80003a64 (0x00c9b933) x18 0x00000001
core   0: 0x80003a68 (0x013c5113) srli    sp, s8, 19
core   0: 3 0x80003a68 (0x013c5113) x 2 0x00001599
core   0: 0x80003a6c (0x756d7513) andi    a0, s10, 1878
core   0: 3 0x80003a6c (0x756d7513) x10 0x00000000
core   0: 0x80003a70 (0x411d5b33) sra     s6, s10, a7
core   0: 3 0x80003a70 (0x411d5b33) x22 0x80000000
core   0: 0x80003a74 (0x01440133) add     sp, s0, s4
core   0: 3 0x80003a74 (0x01440133) x 2 0xaccc9951
core   0: 0x80003a78 (0x026dc833) div     a6, s11, t1
core   0: 3 0x80003a78 (0x026dc833) x16 0x00000000
core   0: 0x80003a7c (0xb66fe693) ori     a3, t6, -1178
core   0: 3 0x80003a7c (0xb66fe693) x13 0xfffffb66
core   0: 0x80003a80 (0x002e6533) or      a0, t3, sp
core   0: 3 0x80003a80 (0x002e6533) x10 0xaccc9951
core   0: 0x80003a84 (0xc4f5c893) xori    a7, a1, -945
core   0: 3 0x80003a84 (0xc4f5c893) x17 0x8b001c4f
core   0: 0x80003a88 (0x77b58693) addi    a3, a1, 1915
core   0: 3 0x80003a88 (0x77b58693) x13 0x74ffe77b
core   0: 0x80003a8c (0x4115d3b3) sra     t2, a1, a7
core   0: 3 0x80003a8c (0x4115d3b3) x 7 0x0000e9ff
core   0: 0x80003a90 (0x009fde13) srli    t3, t6, 9
core   0: 3 0x80003a90 (0x009fde13) x28 0x00000000
core   0: 0x80003a94 (0x020ef933) remu    s2, t4, zero
core   0: 3 0x80003a94 (0x020ef933) x18 0x00000001
core   0: 0x80003a98 (0x41d25193) srai    gp, tp, 29
core   0: 3 0x80003a98 (0x41d25193) x 3 0x00000000
core   0: 0x80003a9c (0x01097bb3) and     s7, s2, a6
core   0: 3 0x80003a9c (0x01097bb3) x23 0x00000000
core   0: 0x80003aa0 (0xd1588097) auipc   ra, 0xd1588
core   0: 3 0x80003aa0 (0xd1588097) x 1 0x5158baa0
core   0: 0x80003aa4 (0x4139ddb3) sra     s11, s3, s3
core   0: 3 0x80003aa4 (0x4139ddb3) x27 0xf80014e6
core   0: 0x80003aa8 (0x036e6b33) rem     s6, t3, s6
core   0: 3 0x80003aa8 (0x036e6b33) x22 0x00000000
core   0: 0x80003aac (0x00222db3) slt     s11, tp, sp
core   0: 3 0x80003aac (0x00222db3) x27 0x00000000
core   0: 0x80003ab0 (0x01522933) slt     s2, tp, s5
core   0: 3 0x80003ab0 (0x01522933) x18 0x00000000
core   0: 0x80003ab4 (0x01756cb3) or      s9, a0, s7
core   0: 3 0x80003ab4 (0x01756cb3) x25 0xaccc9951
core   0: 0x80003ab8 (0x00e86e33) or      t3, a6, a4
core   0: 3 0x80003ab8 (0x00e86e33) x28 0x00000000
core   0: 0x80003abc (0x0da5ec37) lui     s8, 0xda5e
core   0: 3 0x80003abc (0x0da5ec37) x24 0x0da5e000
core   0: 0x80003ac0 (0x391f4db7) lui     s11, 0x391f4
core   0: 3 0x80003ac0 (0x391f4db7) x27 0x391f4000
core   0: 0x80003ac4 (0x02b0b6b3) mulhu   a3, ra, a1
core   0: 3 0x80003ac4 (0x02b0b6b3) x13 0x252d8320
core   0: 0x80003ac8 (0x0580f913) andi    s2, ra, 88
core   0: 3 0x80003ac8 (0x0580f913) x18 0x00000000
core   0: 0x80003acc (0x00e62733) slt     a4, a2, a4
core   0: 3 0x80003acc (0x00e62733) x14 0x00000001
core   0: 0x80003ad0 (0x42d27813) andi    a6, tp, 1069
core   0: 3 0x80003ad0 (0x42d27813) x16 0x00000000
core   0: 0x80003ad4 (0x037fbe33) mulhu   t3, t6, s7
core   0: 3 0x80003ad4 (0x037fbe33) x28 0x00000000
core   0: 0x80003ad8 (0x401edc33) sra     s8, t4, ra
core   0: 3 0x80003ad8 (0x401edc33) x24 0x00000001
core   0: 0x80003adc (0x03aedfb3) divu    t6, t4, s10
core   0: 3 0x80003adc (0x03aedfb3) x31 0x00000000
core   0: 0x80003ae0 (0x00000013) nop
core   0: 3 0x80003ae0 (0x00000013)
core   0: 0x80003ae4 (0x0341fb33) remu    s6, gp, s4
core   0: 3 0x80003ae4 (0x0341fb33) x22 0x00000000
core   0: 0x80003ae8 (0x00c834b3) sltu    s1, a6, a2
core   0: 3 0x80003ae8 (0x00c834b3) x 9 0x00000001
core   0: 0x80003aec (0x02d002b3) mul     t0, zero, a3
core   0: 3 0x80003aec (0x02d002b3) x 5 0x00000000
core   0: 0x80003af0 (0x0382ea33) rem     s4, t0, s8
core   0: 3 0x80003af0 (0x0382ea33) x20 0x00000000
core   0: 0x80003af4 (0x2a05c913) xori    s2, a1, 672
core   0: 3 0x80003af4 (0x2a05c913) x18 0x74ffe2a0
core   0: 0x80003af8 (0x00e9a133) slt     sp, s3, a4
core   0: 3 0x80003af8 (0x00e9a133) x 2 0x00000001
core   0: 0x80003afc (0xdf9c3a93) sltiu   s5, s8, -519
core   0: 3 0x80003afc (0xdf9c3a93) x21 0x00000001
core   0: 0x80003b00 (0x0273b6b3) mulhu   a3, t2, t2
core   0: 3 0x80003b00 (0x0273b6b3) x13 0x00000000
core   0: 0x80003b04 (0x40f7da33) sra     s4, a5, a5
core   0: 3 0x80003b04 (0x40f7da33) x20 0xffffffff
core   0: 0x80003b08 (0x01d3eeb3) or      t4, t2, t4
core   0: 3 0x80003b08 (0x01d3eeb3) x29 0x0000e9ff
core   0: 0x80003b0c (0x03864bb3) div     s7, a2, s8
core   0: 3 0x80003b0c (0x03864bb3) x23 0xfffffe6f
core   0: 0x80003b10 (0xe08d1b17) auipc   s6, 0xe08d1
core   0: 3 0x80003b10 (0xe08d1b17) x22 0x608d4b10
core   0: 0x80003b14 (0x00da71b3) and     gp, s4, a3
core   0: 3 0x80003b14 (0x00da71b3) x 3 0x00000000
core   0: 0x80003b18 (0x03b2be33) mulhu   t3, t0, s11
core   0: 3 0x80003b18 (0x03b2be33) x28 0x00000000
core   0: 0x80003b1c (0x02a52333) mulhsu  t1, a0, a0
core   0: 3 0x80003b1c (0x02a52333) x 6 0xc7d6f838
core   0: 0x80003b20 (0x404e81b3) sub     gp, t4, tp
core   0: 3 0x80003b20 (0x404e81b3) x 3 0x0000e9ff
core   0: 0x80003b24 (0x9c066593) ori     a1, a2, -1600
core   0: 3 0x80003b24 (0x9c066593) x11 0xffffffef
core   0: 0x80003b28 (0x00af44b3) xor     s1, t5, a0
core   0: 3 0x80003b28 (0x00af44b3) x 9 0x2ccd15b5
core   0: 0x80003b2c (0x1d158e13) addi    t3, a1, 465
core   0: 3 0x80003b2c (0x1d158e13) x28 0x000001c0
core   0: 0x80003b30 (0x03919c33) mulh    s8, gp, s9
core   0: 3 0x80003b30 (0x03919c33) x24 0xffffb3f3
core   0: 0x80003b34 (0x027e6333) rem     t1, t3, t2
core   0: 3 0x80003b34 (0x027e6333) x 6 0x000001c0
core   0: 0x80003b38 (0x00986ab3) or      s5, a6, s1
core   0: 3 0x80003b38 (0x00986ab3) x21 0x2ccd15b5
core   0: 0x80003b3c (0x029496b3) mulh    a3, s1, s1
core   0: 3 0x80003b3c (0x029496b3) x13 0x07d723c1
core   0: 0x80003b40 (0x03ad2ab3) mulhsu  s5, s10, s10
core   0: 3 0x80003b40 (0x03ad2ab3) x21 0xc0000000
core   0: 0x80003b44 (0x00000013) nop
core   0: 3 0x80003b44 (0x00000013)
core   0: 0x80003b48 (0x02f7c733) div     a4, a5, a5
core   0: 3 0x80003b48 (0x02f7c733) x14 0x00000001
core   0: 0x80003b4c (0x020e66b3) rem     a3, t3, zero
core   0: 3 0x80003b4c (0x020e66b3) x13 0x000001c0
core   0: 0x80003b50 (0x02d99133) mulh    sp, s3, a3
core   0: 3 0x80003b50 (0x02d99133) x 2 0xffffff20
core   0: 0x80003b54 (0x0118a933) slt     s2, a7, a7
core   0: 3 0x80003b54 (0x0118a933) x18 0x00000000
core   0: 0x80003b58 (0x01d6b8b3) sltu    a7, a3, t4
core   0: 3 0x80003b58 (0x01d6b8b3) x17 0x00000001
core   0: 0x80003b5c (0x01021493) slli    s1, tp, 16
core   0: 3 0x80003b5c (0x01021493) x 9 0x00000000
core   0: 0x80003b60 (0x2d5c3093) sltiu   ra, s8, 725
core   0: 3 0x80003b60 (0x2d5c3093) x 1 0x00000000
core   0: 0x80003b64 (0x64d72313) slti    t1, a4, 1613
core   0: 3 0x80003b64 (0x64d72313) x 6 0x00000001
core   0: 0x80003b68 (0x01bbd313) srli    t1, s7, 27
core   0: 3 0x80003b68 (0x01bbd313) x 6 0x0000001f
core   0: 0x80003b6c (0x02fa05b3) mul     a1, s4, a5
core   0: 3 0x80003b6c (0x02fa05b3) x11 0x000006f2
core   0: 0x80003b70 (0x38af4db7) lui     s11, 0x38af4
core   0: 3 0x80003b70 (0x38af4db7) x27 0x38af4000
core   0: 0x80003b74 (0xf3364093) xori    ra, a2, -205
core   0: 3 0x80003b74 (0xf3364093) x 1 0x0000015c
core   0: 0x80003b78 (0x03c740b3) div     ra, a4, t3
core   0: 3 0x80003b78 (0x03c740b3) x 1 0x00000000
core   0: 0x80003b7c (0x0024e4b3) or      s1, s1, sp
core   0: 3 0x80003b7c (0x0024e4b3) x 9 0xffffff20
core   0: 0x80003b80 (0x00039133) sll     sp, t2, zero
core   0: 3 0x80003b80 (0x00039133) x 2 0x0000e9ff
core   0: 0x80003b84 (0x40805733) sra     a4, zero, s0
core   0: 3 0x80003b84 (0x40805733) x14 0x00000000
core   0: 0x80003b88 (0x28ef3d93) sltiu   s11, t5, 654
core   0: 3 0x80003b88 (0x28ef3d93) x27 0x00000000
core   0: 0x80003b8c (0x029ffdb3) remu    s11, t6, s1
core   0: 3 0x80003b8c (0x029ffdb3) x27 0x00000000
core   0: 0x80003b90 (0x000527b3) slt     a5, a0, zero
core   0: 3 0x80003b90 (0x000527b3) x15 0x00000001
core   0: 0x80003b94 (0x027b8533) mul     a0, s7, t2
core   0: 3 0x80003b94 (0x027b8533) x10 0xfe917791
core   0: 0x80003b98 (0x7fcacd93) xori    s11, s5, 2044
core   0: 3 0x80003b98 (0x7fcacd93) x27 0xc00007fc
core   0: 0x80003b9c (0x08fd2513) slti    a0, s10, 143
core   0: 3 0x80003b9c (0x08fd2513) x10 0x00000001
core   0: 0x80003ba0 (0x274dbc13) sltiu   s8, s11, 628
core   0: 3 0x80003ba0 (0x274dbc13) x24 0x00000000
core   0: 0x80003ba4 (0x00000013) nop
core   0: 3 0x80003ba4 (0x00000013)
core   0: 0x80003ba8 (0x010c52b3) srl     t0, s8, a6
core   0: 3 0x80003ba8 (0x010c52b3) x 5 0x00000000
core   0: 0x80003bac (0x006ee7b3) or      a5, t4, t1
core   0: 3 0x80003bac (0x006ee7b3) x15 0x0000e9ff
core   0: 0x80003bb0 (0x4a28f193) andi    gp, a7, 1186
core   0: 3 0x80003bb0 (0x4a28f193) x 3 0x00000000
core   0: 0x80003bb4 (0x00255533) srl     a0, a0, sp
core   0: 3 0x80003bb4 (0x00255533) x10 0x00000000
core   0: 0x80003bb8 (0x0390c833) div     a6, ra, s9
core   0: 3 0x80003bb8 (0x0390c833) x16 0x00000000
core   0: 0x80003bbc (0x2a473193) sltiu   gp, a4, 676
core   0: 3 0x80003bbc (0x2a473193) x 3 0x00000001
core   0: 0x80003bc0 (0x01bbddb3) srl     s11, s7, s11
core   0: 3 0x80003bc0 (0x01bbddb3) x27 0x0000000f
core   0: 0x80003bc4 (0x4041dd93) srai    s11, gp, 4
core   0: 3 0x80003bc4 (0x4041dd93) x27 0x00000000
core   0: 0x80003bc8 (0x13fc7913) andi    s2, s8, 319
core   0: 3 0x80003bc8 (0x13fc7913) x18 0x00000000
core   0: 0x80003bcc (0x41dd0ab3) sub     s5, s10, t4
core   0: 3 0x80003bcc (0x41dd0ab3) x21 0x7fff1601
core   0: 0x80003bd0 (0x03d1ecb3) rem     s9, gp, t4
core   0: 3 0x80003bd0 (0x03d1ecb3) x25 0x00000001
core   0: 0x80003bd4 (0x01bd2933) slt     s2, s10, s11
core   0: 3 0x80003bd4 (0x01bd2933) x18 0x00000001
core   0: 0x80003bd8 (0x01a0dc93) srli    s9, ra, 26
core   0: 3 0x80003bd8 (0x01a0dc93) x25 0x00000000
core   0: 0x80003bdc (0x417f5db3) sra     s11, t5, s7
core   0: 3 0x80003bdc (0x417f5db3) x27 0xffff0003
core   0: 0x80003be0 (0x17f06013) ori     zero, zero, 383
core   0: 3 0x80003be0 (0x17f06013)
core   0: 0x80003be4 (0x81dcf897) auipc   a7, 0x81dcf
core   0: 3 0x80003be4 (0x81dcf897) x17 0x01dd2be4
core   0: 0x80003be8 (0x48ccbc93) sltiu   s9, s9, 1164
core   0: 3 0x80003be8 (0x48ccbc93) x25 0x00000001
core   0: 0x80003bec (0x005842b3) xor     t0, a6, t0
core   0: 3 0x80003bec (0x005842b3) x 5 0x00000000
core   0: 0x80003bf0 (0x020b02b3) mul     t0, s6, zero
core   0: 3 0x80003bf0 (0x020b02b3) x 5 0x00000000
core   0: 0x80003bf4 (0x41068333) sub     t1, a3, a6
core   0: 3 0x80003bf4 (0x41068333) x 6 0x000001c0
core   0: 0x80003bf8 (0x0354d2b3) divu    t0, s1, s5
core   0: 3 0x80003bf8 (0x0354d2b3) x 5 0x00000002
core   0: 0x80003bfc (0x03f5edb3) rem     s11, a1, t6
core   0: 3 0x80003bfc (0x03f5edb3) x27 0x000006f2
core   0: 0x80003c00 (0x6c2d4093) xori    ra, s10, 1730
core   0: 3 0x80003c00 (0x6c2d4093) x 1 0x800006c2
core   0: 0x80003c04 (0x0385d933) divu    s2, a1, s8
core   0: 3 0x80003c04 (0x0385d933) x18 0xffffffff
core   0: 0x80003c08 (0x01dfbab3) sltu    s5, t6, t4
core   0: 3 0x80003c08 (0x01dfbab3) x21 0x00000001
core   0: 0x80003c0c (0x01beb233) sltu    tp, t4, s11
core   0: 3 0x80003c0c (0x01beb233) x 4 0x00000000
core   0: 0x80003c10 (0x34d820b7) lui     ra, 0x34d82
core   0: 3 0x80003c10 (0x34d820b7) x 1 0x34d82000
core   0: 0x80003c14 (0x000b9633) sll     a2, s7, zero
core   0: 3 0x80003c14 (0x000b9633) x12 0xfffffe6f
core   0: 0x80003c18 (0x013a1d93) slli    s11, s4, 19
core   0: 3 0x80003c18 (0x013a1d93) x27 0xfff80000
core   0: 0x80003c1c (0x03d7feb3) remu    t4, a5, t4
core   0: 3 0x80003c1c (0x03d7feb3) x29 0x00000000
core   0: 0x80003c20 (0x00b4ce33) xor     t3, s1, a1
core   0: 3 0x80003c20 (0x00b4ce33) x28 0xfffff9d2
core   0: 0x80003c24 (0x00979193) slli    gp, a5, 9
core   0: 3 0x80003c24 (0x00979193) x 3 0x01d3fe00
core   0: 0x80003c28 (0x01b1fc33) and     s8, gp, s11
core   0: 3 0x80003c28 (0x01b1fc33) x24 0x01d00000
core   0: 0x80003c2c (0x00fe0c33) add     s8, t3, a5
core   0: 3 0x80003c2c (0x00fe0c33) x24 0x0000e3d1
core   0: 0x80003c30 (0x8fc16613) ori     a2, sp, -1796
core   0: 3 0x80003c30 (0x8fc16613) x12 0xfffff9ff
core   0: 0x80003c34 (0x00000013) nop
core   0: 3 0x80003c34 (0x00000013)
core   0: 0x80003c38 (0x32e63b13) sltiu   s6, a2, 814
core   0: 3 0x80003c38 (0x32e63b13) x22 0x00000000
core   0: 0x80003c3c (0x0dd611b7) lui     gp, 0xdd61
core   0: 3 0x80003c3c (0x0dd611b7) x 3 0x0dd61000
core   0: 0x80003c40 (0x7fdbf013) andi    zero, s7, 2045
core   0: 3 0x80003c40 (0x7fdbf013)
core   0: 0x80003c44 (0x41e95e13) srai    t3, s2, 30
core   0: 3 0x80003c44 (0x41e95e13) x28 0xffffffff
core   0: 0x80003c48 (0x031ec033) div     zero, t4, a7
core   0: 3 0x80003c48 (0x031ec033)
core   0: 0x80003c4c (0xbe384c93) xori    s9, a6, -1053
core   0: 3 0x80003c4c (0xbe384c93) x25 0xfffffbe3
core   0: 0x80003c50 (0x01042133) slt     sp, s0, a6
core   0: 3 0x80003c50 (0x01042133) x 2 0x00000000
core   0: 0x80003c54 (0x15d28493) addi    s1, t0, 349
core   0: 3 0x80003c54 (0x15d28493) x 9 0x0000015f
core   0: 0x80003c58 (0x8c5e3b13) sltiu   s6, t3, -1851
core   0: 3 0x80003c58 (0x8c5e3b13) x22 0x00000000
core   0: 0x80003c5c (0x888b4c17) auipc   s8, 0x888b4
core   0: 3 0x80003c5c (0x888b4c17) x24 0x088b7c5c
core   0: 0x80003c60 (0x010287b3) add     a5, t0, a6
core   0: 3 0x80003c60 (0x010287b3) x15 0x00000002
core   0: 0x80003c64 (0x02598bb3) mul     s7, s3, t0
core   0: 3 0x80003c64 (0x02598bb3) x23 0x00029cc8
core   0: 0x80003c68 (0xea12b713) sltiu   a4, t0, -351
core   0: 3 0x80003c68 (0xea12b713) x14 0x00000001
core   0: 0x80003c6c (0x0213b8b3) mulhu   a7, t2, ra
core   0: 3 0x80003c6c (0x0213b8b3) x17 0x0000304d
core   0: 0x80003c70 (0x8c803393) sltiu   t2, zero, -1848
core   0: 3 0x80003c70 (0x8c803393) x 7 0x00000001
core   0: 0x80003c74 (0x015fb933) sltu    s2, t6, s5
core   0: 3 0x80003c74 (0x015fb933) x18 0x00000001
core   0: 0x80003c78 (0x1dfef717) auipc   a4, 0x1dfef
core   0: 3 0x80003c78 (0x1dfef717) x14 0x9dff2c78
core   0: 0x80003c7c (0x3ab57313) andi    t1, a0, 939
core   0: 3 0x80003c7c (0x3ab57313) x 6 0x00000000
core   0: 0x80003c80 (0x0086f7b3) and     a5, a3, s0
core   0: 3 0x80003c80 (0x0086f7b3) x15 0x00000000
core   0: 0x80003c84 (0xca5c7913) andi    s2, s8, -859
core   0: 3 0x80003c84 (0xca5c7913) x18 0x088b7c04
core   0: 0x80003c88 (0x028d3233) mulhu   tp, s10, s0
core   0: 3 0x80003c88 (0x028d3233) x 4 0x00000000
core   0: 0x80003c8c (0x4458e393) ori     t2, a7, 1093
core   0: 3 0x80003c8c (0x4458e393) x 7 0x0000344d
core   0: 0x80003c90 (0xb767ba93) sltiu   s5, a5, -1162
core   0: 3 0x80003c90 (0xb767ba93) x21 0x00000001
core   0: 0x80003c94 (0x010f05b3) add     a1, t5, a6
core   0: 3 0x80003c94 (0x010f05b3) x11 0x80018ce4
core   0: 0x80003c98 (0x03b0deb3) divu    t4, ra, s11
core   0: 3 0x80003c98 (0x03b0deb3) x29 0x00000000
core   0: 0x80003c9c (0xa154c0b7) lui     ra, 0xa154c
core   0: 3 0x80003c9c (0xa154c0b7) x 1 0xa154c000
core   0: 0x80003ca0 (0xe5ba7593) andi    a1, s4, -421
core   0: 3 0x80003ca0 (0xe5ba7593) x11 0xfffffe5b
core   0: 0x80003ca4 (0x03f01733) mulh    a4, zero, t6
core   0: 3 0x80003ca4 (0x03f01733) x14 0x00000000
core   0: 0x80003ca8 (0x01326ab3) or      s5, tp, s3
core   0: 3 0x80003ca8 (0x01326ab3) x21 0x80014e64
core   0: 0x80003cac (0x02e1f2b3) remu    t0, gp, a4
core   0: 3 0x80003cac (0x02e1f2b3) x 5 0x0dd61000
core   0: 0x80003cb0 (0x02ce93b3) mulh    t2, t4, a2
core   0: 3 0x80003cb0 (0x02ce93b3) x 7 0x00000000
core   0: 0x80003cb4 (0x03c91533) mulh    a0, s2, t3
core   0: 3 0x80003cb4 (0x03c91533) x10 0xffffffff
core   0: 0x80003cb8 (0x003873b3) and     t2, a6, gp
core   0: 3 0x80003cb8 (0x003873b3) x 7 0x00000000
core   0: 0x80003cbc (0x2a9e0b13) addi    s6, t3, 681
core   0: 3 0x80003cbc (0x2a9e0b13) x22 0x000002a8
core   0: 0x80003cc0 (0x0291a7b3) mulhsu  a5, gp, s1
core   0: 3 0x80003cc0 (0x0291a7b3) x15 0x00000012
core   0: 0x80003cc4 (0xb7ad0813) addi    a6, s10, -1158
core   0: 3 0x80003cc4 (0xb7ad0813) x16 0x7ffffb7a
core   0: 0x80003cc8 (0xa71f0013) addi    zero, t5, -1423
core   0: 3 0x80003cc8 (0xa71f0013)
core   0: 0x80003ccc (0x00bbf6b3) and     a3, s7, a1
core   0: 3 0x80003ccc (0x00bbf6b3) x13 0x00029c48
core   0: 0x80003cd0 (0x9286aa13) slti    s4, a3, -1752
core   0: 3 0x80003cd0 (0x9286aa13) x20 0x00000000
core   0: 0x80003cd4 (0x033ea5b3) mulhsu  a1, t4, s3
core   0: 3 0x80003cd4 (0x033ea5b3) x11 0x00000000
core   0: 0x80003cd8 (0x029aaab3) mulhsu  s5, s5, s1
core   0: 3 0x80003cd8 (0x029aaab3) x21 0xffffff50
core   0: 0x80003cdc (0x02600633) mul     a2, zero, t1
core   0: 3 0x80003cdc (0x02600633) x12 0x00000000
core   0: 0x80003ce0 (0x01df0833) add     a6, t5, t4
core   0: 3 0x80003ce0 (0x01df0833) x16 0x80018ce4
core   0: 0x80003ce4 (0x01e62533) slt     a0, a2, t5
core   0: 3 0x80003ce4 (0x01e62533) x10 0x00000000
core   0: 0x80003ce8 (0x01443933) sltu    s2, s0, s4
core   0: 3 0x80003ce8 (0x01443933) x18 0x00000000
core   0: 0x80003cec (0x000ac2b3) xor     t0, s5, zero
core   0: 3 0x80003cec (0x000ac2b3) x 5 0xffffff50
core   0: 0x80003cf0 (0x5c524193) xori    gp, tp, 1477
core   0: 3 0x80003cf0 (0x5c524193) x 3 0x000005c5
core   0: 0x80003cf4 (0x00ca5b33) srl     s6, s4, a2
core   0: 3 0x80003cf4 (0x00ca5b33) x22 0x00000000
core   0: 0x80003cf8 (0x02d16c33) rem     s8, sp, a3
core   0: 3 0x80003cf8 (0x02d16c33) x24 0x00000000
core   0: 0x80003cfc (0x409c5e33) sra     t3, s8, s1
core   0: 3 0x80003cfc (0x409c5e33) x28 0x00000000
core   0: 0x80003d00 (0x0107c033) xor     zero, a5, a6
core   0: 3 0x80003d00 (0x0107c033)
core   0: 0x80003d04 (0x033bfbb3) remu    s7, s7, s3
core   0: 3 0x80003d04 (0x033bfbb3) x23 0x00029cc8
core   0: 0x80003d08 (0x01368033) add     zero, a3, s3
core   0: 3 0x80003d08 (0x01368033)
core   0: 0x80003d0c (0x03b5e633) rem     a2, a1, s11
core   0: 3 0x80003d0c (0x03b5e633) x12 0x00000000
core   0: 0x80003d10 (0x029273b3) remu    t2, tp, s1
core   0: 3 0x80003d10 (0x029273b3) x 7 0x00000000
core   0: 0x80003d14 (0x40e95a33) sra     s4, s2, a4
core   0: 3 0x80003d14 (0x40e95a33) x20 0x00000000
core   0: 0x80003d18 (0x3904ea93) ori     s5, s1, 912
core   0: 3 0x80003d18 (0x3904ea93) x21 0x000003df
core   0: 0x80003d1c (0x01836133) or      sp, t1, s8
core   0: 3 0x80003d1c (0x01836133) x 2 0x00000000
core   0: 0x80003d20 (0x8cab4893) xori    a7, s6, -1846
core   0: 3 0x80003d20 (0x8cab4893) x17 0xfffff8ca
core   0: 0x80003d24 (0x02b8ba33) mulhu   s4, a7, a1
core   0: 3 0x80003d24 (0x02b8ba33) x20 0x00000000
core   0: 0x80003d28 (0x03daedb3) rem     s11, s5, t4
core   0: 3 0x80003d28 (0x03daedb3) x27 0x000003df
core   0: 0x80003d2c (0x00794733) xor     a4, s2, t2
core   0: 3 0x80003d2c (0x00794733) x14 0x00000000
core   0: 0x80003d30 (0x40290733) sub     a4, s2, sp
core   0: 3 0x80003d30 (0x40290733) x14 0x00000000
core   0: 0x80003d34 (0xfa057413) andi    s0, a0, -96
core   0: 3 0x80003d34 (0xfa057413) x 8 0x00000000
core   0: 0x80003d38 (0x01471eb3) sll     t4, a4, s4
core   0: 3 0x80003d38 (0x01471eb3) x29 0x00000000
core   0: 0x80003d3c (0x039a2bb3) mulhsu  s7, s4, s9
core   0: 3 0x80003d3c (0x039a2bb3) x23 0x00000000
core   0: 0x80003d40 (0x00131c93) slli    s9, t1, 1
core   0: 3 0x80003d40 (0x00131c93) x25 0x00000000
core   0: 0x80003d44 (0x00d9d313) srli    t1, s3, 13
core   0: 3 0x80003d44 (0x00d9d313) x 6 0x0004000a
core   0: 0x80003d48 (0x03073033) mulhu   zero, a4, a6
core   0: 3 0x80003d48 (0x03073033)
core   0: 0x80003d4c (0x0350feb3) remu    t4, ra, s5
core   0: 3 0x80003d4c (0x0350feb3) x29 0x00000163
core   0: 0x80003d50 (0x67afec13) ori     s8, t6, 1658
core   0: 3 0x80003d50 (0x67afec13) x24 0x0000067a
core   0: 0x80003d54 (0x00e76b33) or      s6, a4, a4
core   0: 3 0x80003d54 (0x00e76b33) x22 0x00000000
core   0: 0x80003d58 (0x416d5b93) srai    s7, s10, 22
core   0: 3 0x80003d58 (0x416d5b93) x23 0xfffffe00
core   0: 0x80003d5c (0x02676eb3) rem     t4, a4, t1
core   0: 3 0x80003d5c (0x02676eb3) x29 0x00000000
core   0: 0x80003d60 (0x00000013) nop
core   0: 3 0x80003d60 (0x00000013)
core   0: 0x80003d64 (0x00000013) nop
core   0: 3 0x80003d64 (0x00000013)
core   0: 0x80003d68 (0x006ae8b3) or      a7, s5, t1
core   0: 3 0x80003d68 (0x006ae8b3) x17 0x000403df
core   0: 0x80003d6c (0xd89b2193) slti    gp, s6, -631
core   0: 3 0x80003d6c (0xd89b2193) x 3 0x00000000
core   0: 0x80003d70 (0x40bd5113) srai    sp, s10, 11
core   0: 3 0x80003d70 (0x40bd5113) x 2 0xfff00000
core   0: 0x80003d74 (0x0389e233) rem     tp, s3, s8
core   0: 3 0x80003d74 (0x0389e233) x 4 0xfffffb46
core   0: 0x80003d78 (0x5086cc13) xori    s8, a3, 1288
core   0: 3 0x80003d78 (0x5086cc13) x24 0x00029940
core   0: 0x80003d7c (0x00a211b3) sll     gp, tp, a0
core   0: 3 0x80003d7c (0x00a211b3) x 3 0xfffffb46
core   0: 0x80003d80 (0x29e25237) lui     tp, 0x29e25
core   0: 3 0x80003d80 (0x29e25237) x 4 0x29e25000
core   0: 0x80003d84 (0x020b7633) remu    a2, s6, zero
core   0: 3 0x80003d84 (0x020b7633) x12 0x00000000
core   0: 0x80003d88 (0x40c4d733) sra     a4, s1, a2
core   0: 3 0x80003d88 (0x40c4d733) x14 0x0000015f
core   0: 0x80003d8c (0x01a11d93) slli    s11, sp, 26
core   0: 3 0x80003d8c (0x01a11d93) x27 0x00000000
core   0: 0x80003d90 (0x013777b3) and     a5, a4, s3
core   0: 3 0x80003d90 (0x013777b3) x15 0x00000044
core   0: 0x80003d94 (0x032f63b3) rem     t2, t5, s2
core   0: 3 0x80003d94 (0x032f63b3) x 7 0x80018ce4
core   0: 0x80003d98 (0x4027d5b3) sra     a1, a5, sp
core   0: 3 0x80003d98 (0x4027d5b3) x11 0x00000044
core   0: 0x80003d9c (0x023267b3) rem     a5, tp, gp
core   0: 3 0x80003d9c (0x023267b3) x15 0x0000035e
core   0: 0x80003da0 (0x0246c333) div     t1, a3, tp
core   0: 3 0x80003da0 (0x0246c333) x 6 0x00000000
core   0: 0x80003da4 (0x01985b93) srli    s7, a6, 25
core   0: 3 0x80003da4 (0x01985b93) x23 0x00000040
core   0: 0x80003da8 (0x03814cb3) div     s9, sp, s8
core   0: 3 0x80003da8 (0x03814cb3) x25 0xfffffffa
core   0: 0x80003dac (0x0071c4b3) xor     s1, gp, t2
core   0: 3 0x80003dac (0x0071c4b3) x 9 0x7ffe77a2
core   0: 0x80003db0 (0x4125de93) srai    t4, a1, 18
core   0: 3 0x80003db0 (0x4125de93) x29 0x00000000
core   0: 0x80003db4 (0x0009a7b3) slt     a5, s3, zero
core   0: 3 0x80003db4 (0x0009a7b3) x15 0x00000001
core   0: 0x80003db8 (0x03908733) mul     a4, ra, s9
core   0: 3 0x80003db8 (0x03908733) x14 0x38038000
core   0: 0x80003dbc (0x03fd0433) mul     s0, s10, t6
core   0: 3 0x80003dbc (0x03fd0433) x 8 0x00000000
core   0: 0x80003dc0 (0x03257433) remu    s0, a0, s2
core   0: 3 0x80003dc0 (0x03257433) x 8 0x00000000
core   0: 0x80003dc4 (0x7ae98413) addi    s0, s3, 1966
core   0: 3 0x80003dc4 (0x7ae98413) x 8 0x80015612
core   0: 0x80003dc8 (0x01131313) slli    t1, t1, 17
core   0: 3 0x80003dc8 (0x01131313) x 6 0x00000000
core   0: 0x80003dcc (0x03f0aa33) mulhsu  s4, ra, t6
core   0: 3 0x80003dcc (0x03f0aa33) x20 0x00000000
core   0: 0x80003dd0 (0x03ea4e33) div     t3, s4, t5
core   0: 3 0x80003dd0 (0x03ea4e33) x28 0x00000000
core   0: 0x80003dd4 (0x40618e33) sub     t3, gp, t1
core   0: 3 0x80003dd4 (0x40618e33) x28 0xfffffb46
core   0: 0x80003dd8 (0x03c223b3) mulhsu  t2, tp, t3
core   0: 3 0x80003dd8 (0x03c223b3) x 7 0x29e24f3a
core   0: 0x80003ddc (0x02a46533) rem     a0, s0, a0
core   0: 3 0x80003ddc (0x02a46533) x10 0x80015612
core   0: 0x80003de0 (0x510ca917) auipc   s2, 0x510ca
core   0: 3 0x80003de0 (0x510ca917) x18 0xd10cdde0
core   0: 0x80003de4 (0xb4ea8b93) addi    s7, s5, -1202
core   0: 3 0x80003de4 (0xb4ea8b93) x23 0xffffff2d
core   0: 0x80003de8 (0x529a7113) andi    sp, s4, 1321
core   0: 3 0x80003de8 (0x529a7113) x 2 0x00000000
core   0: 0x80003dec (0x405ed333) sra     t1, t4, t0
core   0: 3 0x80003dec (0x405ed333) x 6 0x00000000
core   0: 0x80003df0 (0x03fff1b3) remu    gp, t6, t6
core   0: 3 0x80003df0 (0x03fff1b3) x 3 0x00000000
core   0: 0x80003df4 (0x00000013) nop
core   0: 3 0x80003df4 (0x00000013)
core   0: 0x80003df8 (0x00000013) nop
core   0: 3 0x80003df8 (0x00000013)
core   0: 0x80003dfc (0x41c65bb3) sra     s7, a2, t3
core   0: 3 0x80003dfc (0x41c65bb3) x23 0x00000000
core   0: 0x80003e00 (0x037604b3) mul     s1, a2, s7
core   0: 3 0x80003e00 (0x037604b3) x 9 0x00000000
core   0: 0x80003e04 (0x02ffcab3) div     s5, t6, a5
core   0: 3 0x80003e04 (0x02ffcab3) x21 0x00000000
core   0: 0x80003e08 (0x2ee56b37) lui     s6, 0x2ee56
core   0: 3 0x80003e08 (0x2ee56b37) x22 0x2ee56000
core   0: 0x80003e0c (0x30bbb293) sltiu   t0, s7, 779
core   0: 3 0x80003e0c (0x30bbb293) x 5 0x00000001
core   0: 0x80003e10 (0x002acc33) xor     s8, s5, sp
core   0: 3 0x80003e10 (0x002acc33) x24 0x00000000
core   0: 0x80003e14 (0xceba4937) lui     s2, 0xceba4
core   0: 3 0x80003e14 (0xceba4937) x18 0xceba4000
core   0: 0x80003e18 (0xb8890217) auipc   tp, 0xb8890
core   0: 3 0x80003e18 (0xb8890217) x 4 0x38893e18
core   0: 0x80003e1c (0x024070b3) remu    ra, zero, tp
core   0: 3 0x80003e1c (0x024070b3) x 1 0x00000000
core   0: 0x80003e20 (0x50a20913) addi    s2, tp, 1290
core   0: 3 0x80003e20 (0x50a20913) x18 0x38894322
core   0: 0x80003e24 (0x006e60b3) or      ra, t3, t1
core   0: 3 0x80003e24 (0x006e60b3) x 1 0xfffffb46
core   0: 0x80003e28 (0x02d71b33) mulh    s6, a4, a3
core   0: 3 0x80003e28 (0x02d71b33) x22 0x00009238
core   0: 0x80003e2c (0x005d7033) and     zero, s10, t0
core   0: 3 0x80003e2c (0x005d7033)
core   0: 0x80003e30 (0xf5e64513) xori    a0, a2, -162
core   0: 3 0x80003e30 (0xf5e64513) x10 0xffffff5e
core   0: 0x80003e34 (0xd1a7a693) slti    a3, a5, -742
core   0: 3 0x80003e34 (0xd1a7a693) x13 0x00000000
core   0: 0x80003e38 (0x02a311b3) mulh    gp, t1, a0
core   0: 3 0x80003e38 (0x02a311b3) x 3 0x00000000
core   0: 0x80003e3c (0x0004deb3) srl     t4, s1, zero
core   0: 3 0x80003e3c (0x0004deb3) x29 0x00000000
core   0: 0x80003e40 (0x00101a33) sll     s4, zero, ra
core   0: 3 0x80003e40 (0x00101a33) x20 0x00000000
core   0: 0x80003e44 (0x011d0733) add     a4, s10, a7
core   0: 3 0x80003e44 (0x011d0733) x14 0x800403df
core   0: 0x80003e48 (0x038deeb3) rem     t4, s11, s8
core   0: 3 0x80003e48 (0x038deeb3) x29 0x00000000
core   0: 0x80003e4c (0x02c50633) mul     a2, a0, a2
core   0: 3 0x80003e4c (0x02c50633) x12 0x00000000
core   0: 0x80003e50 (0xf8ef0f93) addi    t6, t5, -114
core   0: 3 0x80003e50 (0xf8ef0f93) x31 0x80018c72
core   0: 0x80003e54 (0xe421fb93) andi    s7, gp, -446
core   0: 3 0x80003e54 (0xe421fb93) x23 0x00000000
core   0: 0x80003e58 (0x01917fb3) and     t6, sp, s9
core   0: 3 0x80003e58 (0x01917fb3) x31 0x00000000
core   0: 0x80003e5c (0x41b7d1b3) sra     gp, a5, s11
core   0: 3 0x80003e5c (0x41b7d1b3) x 3 0x00000001
core   0: 0x80003e60 (0x0254d133) divu    sp, s1, t0
core   0: 3 0x80003e60 (0x0254d133) x 2 0x00000000
core   0: 0x80003e64 (0x5df1d3b7) lui     t2, 0x5df1d
core   0: 3 0x80003e64 (0x5df1d3b7) x 7 0x5df1d000
core   0: 0x80003e68 (0x01b74333) xor     t1, a4, s11
core   0: 3 0x80003e68 (0x01b74333) x 6 0x800403df
core   0: 0x80003e6c (0x4020d233) sra     tp, ra, sp
core   0: 3 0x80003e6c (0x4020d233) x 4 0xfffffb46
core   0: 0x80003e70 (0x00080a33) add     s4, a6, zero
core   0: 3 0x80003e70 (0x00080a33) x20 0x80018ce4
core   0: 0x80003e74 (0x03fe7033) remu    zero, t3, t6
core   0: 3 0x80003e74 (0x03fe7033)
core   0: 0x80003e78 (0x0377c633) div     a2, a5, s7
core   0: 3 0x80003e78 (0x0377c633) x12 0xffffffff
core   0: 0x80003e7c (0x56cd8e13) addi    t3, s11, 1388
core   0: 3 0x80003e7c (0x56cd8e13) x28 0x0000056c
core   0: 0x80003e80 (0x6a5ec217) auipc   tp, 0x6a5ec
core   0: 3 0x80003e80 (0x6a5ec217) x 4 0xea5efe80
core   0: 0x80003e84 (0x34267193) andi    gp, a2, 834
core   0: 3 0x80003e84 (0x34267193) x 3 0x00000342
core   0: 0x80003e88 (0x035e78b3) remu    a7, t3, s5
core   0: 3 0x80003e88 (0x035e78b3) x17 0x0000056c
core   0: 0x80003e8c (0xad60ae13) slti    t3, ra, -1322
core   0: 3 0x80003e8c (0xad60ae13) x28 0x00000000
core   0: 0x80003e90 (0x039f9a33) mulh    s4, t6, s9
core   0: 3 0x80003e90 (0x039f9a33) x20 0x00000000
core   0: 0x80003e94 (0x02428c33) mul     s8, t0, tp
core   0: 3 0x80003e94 (0x02428c33) x24 0xea5efe80
core   0: 0x80003e98 (0x03375533) divu    a0, a4, s3
core   0: 3 0x80003e98 (0x03375533) x10 0x00000001
core   0: 0x80003e9c (0xc8b66c13) ori     s8, a2, -885
core   0: 3 0x80003e9c (0xc8b66c13) x24 0xffffffff
core   0: 0x80003ea0 (0xefe63093) sltiu   ra, a2, -258
core   0: 3 0x80003ea0 (0xefe63093) x 1 0x00000000
core   0: 0x80003ea4 (0x02beefb3) rem     t6, t4, a1
core   0: 3 0x80003ea4 (0x02beefb3) x31 0x00000000
core   0: 0x80003ea8 (0x0044a433) slt     s0, s1, tp
core   0: 3 0x80003ea8 (0x0044a433) x 8 0x00000000
core   0: 0x80003eac (0x73140493) addi    s1, s0, 1841
core   0: 3 0x80003eac (0x73140493) x 9 0x00000731
core   0: 0x80003eb0 (0x03bb0fb3) mul     t6, s6, s11
core   0: 3 0x80003eb0 (0x03bb0fb3) x31 0x00000000
core   0: 0x80003eb4 (0x6429e513) ori     a0, s3, 1602
core   0: 3 0x80003eb4 (0x6429e513) x10 0x80014e66
core   0: 0x80003eb8 (0x01626413) ori     s0, tp, 22
core   0: 3 0x80003eb8 (0x01626413) x 8 0xea5efe96
core   0: 0x80003ebc (0x41f9d313) srai    t1, s3, 31
core   0: 3 0x80003ebc (0x41f9d313) x 6 0xffffffff
core   0: 0x80003ec0 (0x01ac65b3) or      a1, s8, s10
core   0: 3 0x80003ec0 (0x01ac65b3) x11 0xffffffff
core   0: 0x80003ec4 (0x01ea3ab3) sltu    s5, s4, t5
core   0: 3 0x80003ec4 (0x01ea3ab3) x21 0x00000001
core   0: 0x80003ec8 (0x027698b3) mulh    a7, a3, t2
core   0: 3 0x80003ec8 (0x027698b3) x17 0x00000000
core   0: 0x80003ecc (0x416fd093) srai    ra, t6, 22
core   0: 3 0x80003ecc (0x416fd093) x 1 0x00000000
core   0: 0x80003ed0 (0x03d1d133) divu    sp, gp, t4
core   0: 3 0x80003ed0 (0x03d1d133) x 2 0xffffffff
core   0: 0x80003ed4 (0x035f46b3) div     a3, t5, s5
core   0: 3 0x80003ed4 (0x035f46b3) x13 0x80018ce4
core   0: 0x80003ed8 (0x001b64b3) or      s1, s6, ra
core   0: 3 0x80003ed8 (0x001b64b3) x 9 0x00009238
core   0: 0x80003edc (0x0186e233) or      tp, a3, s8
core   0: 3 0x80003edc (0x0186e233) x 4 0xffffffff
core   0: 0x80003ee0 (0xbc5d0097) auipc   ra, 0xbc5d0
core   0: 3 0x80003ee0 (0xbc5d0097) x 1 0x3c5d3ee0
core   0: 0x80003ee4 (0x4edec893) xori    a7, t4, 1261
core   0: 3 0x80003ee4 (0x4edec893) x17 0x000004ed
core   0: 0x80003ee8 (0x02a0c333) div     t1, ra, a0
core   0: 3 0x80003ee8 (0x02a0c333) x 6 0x00000000
core   0: 0x80003eec (0x033fa233) mulhsu  tp, t6, s3
core   0: 3 0x80003eec (0x033fa233) x 4 0x00000000
core   0: 0x80003ef0 (0xc1ed5c17) auipc   s8, 0xc1ed5
core   0: 3 0x80003ef0 (0xc1ed5c17) x24 0x41ed8ef0
core   0: 0x80003ef4 (0x9708b493) sltiu   s1, a7, -1680
core   0: 3 0x80003ef4 (0x9708b493) x 9 0x00000001
core   0: 0x80003ef8 (0x01d09793) slli    a5, ra, 29
core   0: 3 0x80003ef8 (0x01d09793) x15 0x00000000
core   0: 0x80003efc (0x000c6333) or      t1, s8, zero
core   0: 3 0x80003efc (0x000c6333) x 6 0x41ed8ef0
core   0: 0x80003f00 (0x011b1b13) slli    s6, s6, 17
core   0: 3 0x80003f00 (0x011b1b13) x22 0x24700000
core   0: 0x80003f04 (0x009a5613) srli    a2, s4, 9
core   0: 3 0x80003f04 (0x009a5613) x12 0x00000000
core   0: 0x80003f08 (0xc34eb793) sltiu   a5, t4, -972
core   0: 3 0x80003f08 (0xc34eb793) x15 0x00000001
core   0: 0x80003f0c (0x006e9233) sll     tp, t4, t1
core   0: 3 0x80003f0c (0x006e9233) x 4 0x00000000
core   0: 0x80003f10 (0x4d5fc713) xori    a4, t6, 1237
core   0: 3 0x80003f10 (0x4d5fc713) x14 0x000004d5
core   0: 0x80003f14 (0xab6975b7) lui     a1, 0xab697
core   0: 3 0x80003f14 (0xab6975b7) x11 0xab697000
core   0: 0x80003f18 (0x41e451b3) sra     gp, s0, t5
core   0: 3 0x80003f18 (0x41e451b3) x 3 0xfea5efe9
core   0: 0x80003f1c (0x028f63b3) rem     t2, t5, s0
core   0: 3 0x80003f1c (0x028f63b3) x 7 0xec2693f6
core   0: 0x80003f20 (0x037731b3) mulhu   gp, a4, s7
core   0: 3 0x80003f20 (0x037731b3) x 3 0x00000000
core   0: 0x80003f24 (0xdce34c37) lui     s8, 0xdce34
core   0: 3 0x80003f24 (0xdce34c37) x24 0xdce34000
core   0: 0x80003f28 (0x01bb0633) add     a2, s6, s11
core   0: 3 0x80003f28 (0x01bb0633) x12 0x24700000
core   0: 0x80003f2c (0x0318a733) mulhsu  a4, a7, a7
core   0: 3 0x80003f2c (0x0318a733) x14 0x00000000
core   0: 0x80003f30 (0x5e892b93) slti    s7, s2, 1512
core   0: 3 0x80003f30 (0x5e892b93) x23 0x00000000
core   0: 0x80003f34 (0xc2d76513) ori     a0, a4, -979
core   0: 3 0x80003f34 (0xc2d76513) x10 0xfffffc2d
core   0: 0x80003f38 (0x53a9f793) andi    a5, s3, 1338
core   0: 3 0x80003f38 (0x53a9f793) x15 0x00000420
core   0: 0x80003f3c (0x000ea633) slt     a2, t4, zero
core   0: 3 0x80003f3c (0x000ea633) x12 0x00000000
core   0: 0x80003f40 (0x0304edb3) rem     s11, s1, a6
core   0: 3 0x80003f40 (0x0304edb3) x27 0x00000001
core   0: 0x80003f44 (0x0292ec33) rem     s8, t0, s1
core   0: 3 0x80003f44 (0x0292ec33) x24 0x00000000
core   0: 0x80003f48 (0x0d707093) andi    ra, zero, 215
core   0: 3 0x80003f48 (0x0d707093) x 1 0x00000000
core   0: 0x80003f4c (0x104f4913) xori    s2, t5, 260
core   0: 3 0x80003f4c (0x104f4913) x18 0x80018de0
core   0: 0x80003f50 (0xbb042713) slti    a4, s0, -1104
core   0: 3 0x80003f50 (0xbb042713) x14 0x00000001
core   0: 0x80003f54 (0x2d143213) sltiu   tp, s0, 721
core   0: 3 0x80003f54 (0x2d143213) x 4 0x00000000
core   0: 0x80003f58 (0x03c88bb3) mul     s7, a7, t3
core   0: 3 0x80003f58 (0x03c88bb3) x23 0x00000000
core   0: 0x80003f5c (0x014ba933) slt     s2, s7, s4
core   0: 3 0x80003f5c (0x014ba933) x18 0x00000000
core   0: 0x80003f60 (0x4146db13) srai    s6, a3, 20
core   0: 3 0x80003f60 (0x4146db13) x22 0xfffff800
core   0: 0x80003f64 (0x40ebd333) sra     t1, s7, a4
core   0: 3 0x80003f64 (0x40ebd333) x 6 0x00000000
core   0: 0x80003f68 (0x03fe1933) mulh    s2, t3, t6
core   0: 3 0x80003f68 (0x03fe1933) x18 0x00000000
core   0: 0x80003f6c (0x00cd6cb3) or      s9, s10, a2
core   0: 3 0x80003f6c (0x00cd6cb3) x25 0x80000000
core   0: 0x80003f70 (0x8cf7b193) sltiu   gp, a5, -1841
core   0: 3 0x80003f70 (0x8cf7b193) x 3 0x00000001
core   0: 0x80003f74 (0x7f1abd93) sltiu   s11, s5, 2033
core   0: 3 0x80003f74 (0x7f1abd93) x27 0x00000001
core   0: 0x80003f78 (0x021e8233) mul     tp, t4, ra
core   0: 3 0x80003f78 (0x021e8233) x 4 0x00000000
core   0: 0x80003f7c (0x00000013) nop
core   0: 3 0x80003f7c (0x00000013)
core   0: 0x80003f80 (0xf23ac413) xori    s0, s5, -221
core   0: 3 0x80003f80 (0xf23ac413) x 8 0xffffff22
core   0: 0x80003f84 (0x002a68b3) or      a7, s4, sp
core   0: 3 0x80003f84 (0x002a68b3) x17 0xffffffff
core   0: 0x80003f88 (0x031fc733) div     a4, t6, a7
core   0: 3 0x80003f88 (0x031fc733) x14 0x00000000
core   0: 0x80003f8c (0x02820b33) mul     s6, tp, s0
core   0: 3 0x80003f8c (0x02820b33) x22 0x00000000
core   0: 0x80003f90 (0x01b092b3) sll     t0, ra, s11
core   0: 3 0x80003f90 (0x01b092b3) x 5 0x00000000
core   0: 0x80003f94 (0x027bbbb3) mulhu   s7, s7, t2
core   0: 3 0x80003f94 (0x027bbbb3) x23 0x00000000
core   0: 0x80003f98 (0x0219e833) rem     a6, s3, ra
core   0: 3 0x80003f98 (0x0219e833) x16 0x80014e64
core   0: 0x80003f9c (0x00817233) and     tp, sp, s0
core   0: 3 0x80003f9c (0x00817233) x 4 0xffffff22
core   0: 0x80003fa0 (0xac1ca537) lui     a0, 0xac1ca
core   0: 3 0x80003fa0 (0xac1ca537) x10 0xac1ca000
core   0: 0x80003fa4 (0x41900ab3) sub     s5, zero, s9
core   0: 3 0x80003fa4 (0x41900ab3) x21 0x80000000
core   0: 0x80003fa8 (0x0238a233) mulhsu  tp, a7, gp
core   0: 3 0x80003fa8 (0x0238a233) x 4 0xffffffff
core   0: 0x80003fac (0x00ca35b3) sltu    a1, s4, a2
core   0: 3 0x80003fac (0x00ca35b3) x11 0x00000000
core   0: 0x80003fb0 (0x0078bdb3) sltu    s11, a7, t2
core   0: 3 0x80003fb0 (0x0078bdb3) x27 0x00000000
core   0: 0x80003fb4 (0x02133c33) mulhu   s8, t1, ra
core   0: 3 0x80003fb4 (0x02133c33) x24 0x00000000
core   0: 0x80003fb8 (0x25a53b13) sltiu   s6, a0, 602
core   0: 3 0x80003fb8 (0x25a53b13) x22 0x00000000
core   0: 0x80003fbc (0x011d7e33) and     t3, s10, a7
core   0: 3 0x80003fbc (0x011d7e33) x28 0x80000000
core   0: 0x80003fc0 (0x0191b6b3) sltu    a3, gp, s9
core   0: 3 0x80003fc0 (0x0191b6b3) x13 0x00000001
core   0: 0x80003fc4 (0x00f99913) slli    s2, s3, 15
core   0: 3 0x80003fc4 (0x00f99913) x18 0xa7320000
core   0: 0x80003fc8 (0x69a2a613) slti    a2, t0, 1690
core   0: 3 0x80003fc8 (0x69a2a613) x12 0x00000001
core   0: 0x80003fcc (0x01949eb3) sll     t4, s1, s9
core   0: 3 0x80003fcc (0x01949eb3) x29 0x00000001
core   0: 0x80003fd0 (0x020ab333) mulhu   t1, s5, zero
core   0: 3 0x80003fd0 (0x020ab333) x 6 0x00000000
core   0: 0x80003fd4 (0x01de7a33) and     s4, t3, t4
core   0: 3 0x80003fd4 (0x01de7a33) x20 0x00000000
core   0: 0x80003fd8 (0x41635113) srai    sp, t1, 22
core   0: 3 0x80003fd8 (0x41635113) x 2 0x00000000
core   0: 0x80003fdc (0x00024433) xor     s0, tp, zero
core   0: 3 0x80003fdc (0x00024433) x 8 0xffffffff
core   0: 0x80003fe0 (0xdbb9bd93) sltiu   s11, s3, -581
core   0: 3 0x80003fe0 (0xdbb9bd93) x27 0x00000001
core   0: 0x80003fe4 (0x235fa8b7) lui     a7, 0x235fa
core   0: 3 0x80003fe4 (0x235fa8b7) x17 0x235fa000
core   0: 0x80003fe8 (0x0393a4b3) mulhsu  s1, t2, s9
core   0: 3 0x80003fe8 (0x0393a4b3) x 9 0xf61349fb
core   0: 0x80003fec (0x00f6a6b3) slt     a3, a3, a5
core   0: 3 0x80003fec (0x00f6a6b3) x13 0x00000001
core   0: 0x80003ff0 (0x401e55b3) sra     a1, t3, ra
core   0: 3 0x80003ff0 (0x401e55b3) x11 0x80000000
core   0: 0x80003ff4 (0x0300de33) divu    t3, ra, a6
core   0: 3 0x80003ff4 (0x0300de33) x28 0x00000000
core   0: 0x80003ff8 (0x03a382b3) mul     t0, t2, s10
core   0: 3 0x80003ff8 (0x03a382b3) x 5 0x00000000
core   0: 0x80003ffc (0x41a2d893) srai    a7, t0, 26
core   0: 3 0x80003ffc (0x41a2d893) x17 0x00000000
core   0: 0x80004000 (0x99dbca93) xori    s5, s7, -1635
core   0: 3 0x80004000 (0x99dbca93) x21 0xfffff99d
core   0: 0x80004004 (0x011fc8b3) xor     a7, t6, a7
core   0: 3 0x80004004 (0x011fc8b3) x17 0x00000000
core   0: 0x80004008 (0x002e8833) add     a6, t4, sp
core   0: 3 0x80004008 (0x002e8833) x16 0x00000001
core   0: 0x8000400c (0x01e4e637) lui     a2, 0x1e4e
core   0: 3 0x8000400c (0x01e4e637) x12 0x01e4e000
core   0: 0x80004010 (0x00e358b3) srl     a7, t1, a4
core   0: 3 0x80004010 (0x00e358b3) x17 0x00000000
core   0: 0x80004014 (0x0162eab3) or      s5, t0, s6
core   0: 3 0x80004014 (0x0162eab3) x21 0x00000000
core   0: 0x80004018 (0x34f96d93) ori     s11, s2, 847
core   0: 3 0x80004018 (0x34f96d93) x27 0xa732034f
core   0: 0x8000401c (0xf733b713) sltiu   a4, t2, -141
core   0: 3 0x8000401c (0xf733b713) x14 0x00000001
core   0: 0x80004020 (0x00cddcb3) srl     s9, s11, a2
core   0: 3 0x80004020 (0x00cddcb3) x25 0xa732034f
core   0: 0x80004024 (0xdc46fd93) andi    s11, a3, -572
core   0: 3 0x80004024 (0xdc46fd93) x27 0x00000000
core   0: 0x80004028 (0x013f5b93) srli    s7, t5, 19
core   0: 3 0x80004028 (0x013f5b93) x23 0x00001000
core   0: 0x8000402c (0x00000013) nop
core   0: 3 0x8000402c (0x00000013)
core   0: 0x80004030 (0x01697333) and     t1, s2, s6
core   0: 3 0x80004030 (0x01697333) x 6 0x00000000
core   0: 0x80004034 (0xba0f3613) sltiu   a2, t5, -1120
core   0: 3 0x80004034 (0xba0f3613) x12 0x00000001
core   0: 0x80004038 (0x03905633) divu    a2, zero, s9
core   0: 3 0x80004038 (0x03905633) x12 0x00000000
core   0: 0x8000403c (0xf3ace197) auipc   gp, 0xf3ace
core   0: 3 0x8000403c (0xf3ace197) x 3 0x73ad203c
core   0: 0x80004040 (0x015374b3) and     s1, t1, s5
core   0: 3 0x80004040 (0x015374b3) x 9 0x00000000
core   0: 0x80004044 (0x03e4a133) mulhsu  sp, s1, t5
core   0: 3 0x80004044 (0x03e4a133) x 2 0x00000000
core   0: 0x80004048 (0x022927b3) mulhsu  a5, s2, sp
core   0: 3 0x80004048 (0x022927b3) x15 0x00000000
core   0: 0x8000404c (0x00d8ffb3) and     t6, a7, a3
core   0: 3 0x8000404c (0x00d8ffb3) x31 0x00000000
core   0: 0x80004050 (0x031837b3) mulhu   a5, a6, a7
core   0: 3 0x80004050 (0x031837b3) x15 0x00000000
core   0: 0x80004054 (0x0161b533) sltu    a0, gp, s6
core   0: 3 0x80004054 (0x0161b533) x10 0x00000000
core   0: 0x80004058 (0x9709eb93) ori     s7, s3, -1680
core   0: 3 0x80004058 (0x9709eb93) x23 0xffffff74
core   0: 0x8000405c (0x030b3733) mulhu   a4, s6, a6
core   0: 3 0x8000405c (0x030b3733) x14 0x00000000
core   0: 0x80004060 (0xcb25ec13) ori     s8, a1, -846
core   0: 3 0x80004060 (0xcb25ec13) x24 0xfffffcb2
core   0: 0x80004064 (0xa1728693) addi    a3, t0, -1513
core   0: 3 0x80004064 (0xa1728693) x13 0xfffffa17
core   0: 0x80004068 (0x40eb8fb3) sub     t6, s7, a4
core   0: 3 0x80004068 (0x40eb8fb3) x31 0xffffff74
core   0: 0x8000406c (0x105faa13) slti    s4, t6, 261
core   0: 3 0x8000406c (0x105faa13) x20 0x00000001
core   0: 0x80004070 (0x006e1a93) slli    s5, t3, 6
core   0: 3 0x80004070 (0x006e1a93) x21 0x00000000
core   0: 0x80004074 (0x00435b13) srli    s6, t1, 4
core   0: 3 0x80004074 (0x00435b13) x22 0x00000000
core   0: 0x80004078 (0x02493933) mulhu   s2, s2, tp
core   0: 3 0x80004078 (0x02493933) x18 0xa731ffff
core   0: 0x8000407c (0x4eee0c93) addi    s9, t3, 1262
core   0: 3 0x8000407c (0x4eee0c93) x25 0x000004ee
core   0: 0x80004080 (0x01cf1013) slli    zero, t5, 28
core   0: 3 0x80004080 (0x01cf1013)
core   0: 0x80004084 (0xcfa68b93) addi    s7, a3, -774
core   0: 3 0x80004084 (0xcfa68b93) x23 0xfffff711
core   0: 0x80004088 (0x01e715b3) sll     a1, a4, t5
core   0: 3 0x80004088 (0x01e715b3) x11 0x00000000
core   0: 0x8000408c (0x03eda2b3) mulhsu  t0, s11, t5
core   0: 3 0x8000408c (0x03eda2b3) x 5 0x00000000
core   0: 0x80004090 (0x00835913) srli    s2, t1, 8
core   0: 3 0x80004090 (0x00835913) x18 0x00000000
core   0: 0x80004094 (0x02fa20b3) mulhsu  ra, s4, a5
core   0: 3 0x80004094 (0x02fa20b3) x 1 0x00000000
core   0: 0x80004098 (0xb3532913) slti    s2, t1, -1227
core   0: 3 0x80004098 (0xb3532913) x18 0x00000000
core   0: 0x8000409c (0x01621733) sll     a4, tp, s6
core   0: 3 0x8000409c (0x01621733) x14 0xffffffff
core   0: 0x800040a0 (0x02924e33) div     t3, tp, s1
core   0: 3 0x800040a0 (0x02924e33) x28 0xffffffff
core   0: 0x800040a4 (0x000ad5b3) srl     a1, s5, zero
core   0: 3 0x800040a4 (0x000ad5b3) x11 0x00000000
core   0: 0x800040a8 (0xc4413b97) auipc   s7, 0xc4413
core   0: 3 0x800040a8 (0xc4413b97) x23 0x444170a8
core   0: 0x800040ac (0x03778733) mul     a4, a5, s7
core   0: 3 0x800040ac (0x03778733) x14 0x00000000
core   0: 0x800040b0 (0x00dd1d93) slli    s11, s10, 13
core   0: 3 0x800040b0 (0x00dd1d93) x27 0x00000000
core   0: 0x800040b4 (0x00f5aab3) slt     s5, a1, a5
core   0: 3 0x800040b4 (0x00f5aab3) x21 0x00000000
core   0: 0x800040b8 (0x00d9b1b3) sltu    gp, s3, a3
core   0: 3 0x800040b8 (0x00d9b1b3) x 3 0x00000001
core   0: 0x800040bc (0x01f21f93) slli    t6, tp, 31
core   0: 3 0x800040bc (0x01f21f93) x31 0x80000000
core   0: 0x800040c0 (0x0147c833) xor     a6, a5, s4
core   0: 3 0x800040c0 (0x0147c833) x16 0x00000001
core   0: 0x800040c4 (0x0004efb3) or      t6, s1, zero
core   0: 3 0x800040c4 (0x0004efb3) x31 0x00000000
core   0: 0x800040c8 (0x37a61c17) auipc   s8, 0x37a61
core   0: 3 0x800040c8 (0x37a61c17) x24 0xb7a650c8
core   0: 0x800040cc (0x00bea033) slt     zero, t4, a1
core   0: 3 0x800040cc (0x00bea033)
core   0: 0x800040d0 (0x2abdfe13) andi    t3, s11, 683
core   0: 3 0x800040d0 (0x2abdfe13) x28 0x00000000
core   0: 0x800040d4 (0x658d7413) andi    s0, s10, 1624
core   0: 3 0x800040d4 (0x658d7413) x 8 0x00000000
core   0: 0x800040d8 (0x02efc733) div     a4, t6, a4
core   0: 3 0x800040d8 (0x02efc733) x14 0xffffffff
core   0: 0x800040dc (0x00175a93) srli    s5, a4, 1
core   0: 3 0x800040dc (0x00175a93) x21 0x7fffffff
core   0: 0x800040e0 (0x03aea533) mulhsu  a0, t4, s10
core   0: 3 0x800040e0 (0x03aea533) x10 0x00000000
core   0: 0x800040e4 (0x01254e33) xor     t3, a0, s2
core   0: 3 0x800040e4 (0x01254e33) x28 0x00000000
core   0: 0x800040e8 (0x00000013) nop
core   0: 3 0x800040e8 (0x00000013)
core   0: 0x800040ec (0x021be133) rem     sp, s7, ra
core   0: 3 0x800040ec (0x021be133) x 2 0x444170a8
core   0: 0x800040f0 (0xfd9f2813) slti    a6, t5, -39
core   0: 3 0x800040f0 (0xfd9f2813) x16 0x00000001
core   0: 0x800040f4 (0x008ec4b3) xor     s1, t4, s0
core   0: 3 0x800040f4 (0x008ec4b3) x 9 0x00000001
core   0: 0x800040f8 (0x78af6337) lui     t1, 0x78af6
core   0: 3 0x800040f8 (0x78af6337) x 6 0x78af6000
core   0: 0x800040fc (0x4c4d7413) andi    s0, s10, 1220
core   0: 3 0x800040fc (0x4c4d7413) x 8 0x00000000
core   0: 0x80004100 (0x59998a13) addi    s4, s3, 1433
core   0: 3 0x80004100 (0x59998a13) x20 0x800153fd
core   0: 0x80004104 (0x01825c13) srli    s8, tp, 24
core   0: 3 0x80004104 (0x01825c13) x24 0x000000ff
core   0: 0x80004108 (0x40765b93) srai    s7, a2, 7
core   0: 3 0x80004108 (0x40765b93) x23 0x00000000
core   0: 0x8000410c (0x2f4fba93) sltiu   s5, t6, 756
core   0: 3 0x8000410c (0x2f4fba93) x21 0x00000001
core   0: 0x80004110 (0x005b4933) xor     s2, s6, t0
core   0: 3 0x80004110 (0x005b4933) x18 0x00000000
core   0: 0x80004114 (0x03c6be33) mulhu   t3, a3, t3
core   0: 3 0x80004114 (0x03c6be33) x28 0x00000000
core   0: 0x80004118 (0x00a9ecb3) or      s9, s3, a0
core   0: 3 0x80004118 (0x00a9ecb3) x25 0x80014e64
core   0: 0x8000411c (0x02f45933) divu    s2, s0, a5
core   0: 3 0x8000411c (0x02f45933) x18 0xffffffff
core   0: 0x80004120 (0x02f77933) remu    s2, a4, a5
core   0: 3 0x80004120 (0x02f77933) x18 0xffffffff
core   0: 0x80004124 (0xc7f9a817) auipc   a6, 0xc7f9a
core   0: 3 0x80004124 (0xc7f9a817) x16 0x47f9e124
core   0: 0x80004128 (0x410ed193) srai    gp, t4, 16
core   0: 3 0x80004128 (0x410ed193) x 3 0x00000000
core   0: 0x8000412c (0x00dbbcb3) sltu    s9, s7, a3
core   0: 3 0x8000412c (0x00dbbcb3) x25 0x00000001
core   0: 0x80004130 (0x450aeab7) lui     s5, 0x450ae
core   0: 3 0x80004130 (0x450aeab7) x21 0x450ae000
core   0: 0x80004134 (0x0141f833) and     a6, gp, s4
core   0: 3 0x80004134 (0x0141f833) x16 0x00000000
core   0: 0x80004138 (0x01550b13) addi    s6, a0, 21
core   0: 3 0x80004138 (0x01550b13) x22 0x00000015
core   0: 0x8000413c (0x00f98333) add     t1, s3, a5
core   0: 3 0x8000413c (0x00f98333) x 6 0x80014e64
core   0: 0x80004140 (0x01337ab3) and     s5, t1, s3
core   0: 3 0x80004140 (0x01337ab3) x21 0x80014e64
core   0: 0x80004144 (0xc29d2e37) lui     t3, 0xc29d2
core   0: 3 0x80004144 (0xc29d2e37) x28 0xc29d2000
core   0: 0x80004148 (0x4105deb3) sra     t4, a1, a6
core   0: 3 0x80004148 (0x4105deb3) x29 0x00000000
core   0: 0x8000414c (0x005e9133) sll     sp, t4, t0
core   0: 3 0x8000414c (0x005e9133) x 2 0x00000000
core   0: 0x80004150 (0xf15f2313) slti    t1, t5, -235
core   0: 3 0x80004150 (0xf15f2313) x 6 0x00000001
core   0: 0x80004154 (0x01ce84b3) add     s1, t4, t3
core   0: 3 0x80004154 (0x01ce84b3) x 9 0xc29d2000
core   0: 0x80004158 (0x00000013) nop
core   0: 3 0x80004158 (0x00000013)
core   0: 0x8000415c (0x0ec98013) addi    zero, s3, 236
core   0: 3 0x8000415c (0x0ec98013)
core   0: 0x80004160 (0xbfe7bab7) lui     s5, 0xbfe7b
core   0: 3 0x80004160 (0xbfe7bab7) x21 0xbfe7b000
core   0: 0x80004164 (0xdd7e13b7) lui     t2, 0xdd7e1
core   0: 3 0x80004164 (0xdd7e13b7) x 7 0xdd7e1000
core   0: 0x80004168 (0x02c6eb33) rem     s6, a3, a2
core   0: 3 0x80004168 (0x02c6eb33) x22 0xfffffa17
core   0: 0x8000416c (0x01be8233) add     tp, t4, s11
core   0: 3 0x8000416c (0x01be8233) x 4 0x00000000
core   0: 0x80004170 (0x031786b3) mul     a3, a5, a7
core   0: 3 0x80004170 (0x031786b3) x13 0x00000000
core   0: 0x80004174 (0x00000013) nop
core   0: 3 0x80004174 (0x00000013)
core   0: 0x80004178 (0xc7852513) slti    a0, a0, -904
core   0: 3 0x80004178 (0xc7852513) x10 0x00000000
core   0: 0x8000417c (0x03e05933) divu    s2, zero, t5
core   0: 3 0x8000417c (0x03e05933) x18 0x00000000
core   0: 0x80004180 (0x02f23733) mulhu   a4, tp, a5
core   0: 3 0x80004180 (0x02f23733) x14 0x00000000
core   0: 0x80004184 (0x00000013) nop
core   0: 3 0x80004184 (0x00000013)
core   0: 0x80004188 (0x024ba1b3) mulhsu  gp, s7, tp
core   0: 3 0x80004188 (0x024ba1b3) x 3 0x00000000
core   0: 0x8000418c (0x7a7ce813) ori     a6, s9, 1959
core   0: 3 0x8000418c (0x7a7ce813) x16 0x000007a7
core   0: 0x80004190 (0x0080d733) srl     a4, ra, s0
core   0: 3 0x80004190 (0x0080d733) x14 0x00000000
core   0: 0x80004194 (0x0230ffb3) remu    t6, ra, gp
core   0: 3 0x80004194 (0x0230ffb3) x31 0x00000000
core   0: 0x80004198 (0x2b1be593) ori     a1, s7, 689
core   0: 3 0x80004198 (0x2b1be593) x11 0x000002b1
core   0: 0x8000419c (0x41e60633) sub     a2, a2, t5
core   0: 3 0x8000419c (0x41e60633) x12 0x7ffe731c
core   0: 0x800041a0 (0x360e7513) andi    a0, t3, 864
core   0: 3 0x800041a0 (0x360e7513) x10 0x00000000
core   0: 0x800041a4 (0x9e446e13) ori     t3, s0, -1564
core   0: 3 0x800041a4 (0x9e446e13) x28 0xfffff9e4
core   0: 0x800041a8 (0x00add033) srl     zero, s11, a0
core   0: 3 0x800041a8 (0x00add033)
core   0: 0x800041ac (0x0167b833) sltu    a6, a5, s6
core   0: 3 0x800041ac (0x0167b833) x16 0x00000001
core   0: 0x800041b0 (0x03c54633) div     a2, a0, t3
core   0: 3 0x800041b0 (0x03c54633) x12 0x00000000
core   0: 0x800041b4 (0x08e97ab7) lui     s5, 0x8e97
core   0: 3 0x800041b4 (0x08e97ab7) x21 0x08e97000
core   0: 0x800041b8 (0x03c757b3) divu    a5, a4, t3
core   0: 3 0x800041b8 (0x03c757b3) x15 0x00000000
core   0: 0x800041bc (0x62504493) xori    s1, zero, 1573
core   0: 3 0x800041bc (0x62504493) x 9 0x00000625
core   0: 0x800041c0 (0x02737bb3) remu    s7, t1, t2
core   0: 3 0x800041c0 (0x02737bb3) x23 0x00000001
core   0: 0x800041c4 (0x03fd1133) mulh    sp, s10, t6
core   0: 3 0x800041c4 (0x03fd1133) x 2 0x00000000
core   0: 0x800041c8 (0x41ff8eb3) sub     t4, t6, t6
core   0: 3 0x800041c8 (0x41ff8eb3) x29 0x00000000
core   0: 0x800041cc (0x038362b3) rem     t0, t1, s8
core   0: 3 0x800041cc (0x038362b3) x 5 0x00000001
core   0: 0x800041d0 (0x00000013) nop
core   0: 3 0x800041d0 (0x00000013)
core   0: 0x800041d4 (0x032ec4b3) div     s1, t4, s2
core   0: 3 0x800041d4 (0x032ec4b3) x 9 0xffffffff
core   0: 0x800041d8 (0x74c71017) auipc   zero, 0x74c71
core   0: 3 0x800041d8 (0x74c71017)
core   0: 0x800041dc (0x1f53a093) slti    ra, t2, 501
core   0: 3 0x800041dc (0x1f53a093) x 1 0x00000001
core   0: 0x800041e0 (0x00f93cb3) sltu    s9, s2, a5
core   0: 3 0x800041e0 (0x00f93cb3) x25 0x00000000
core   0: 0x800041e4 (0x01cd3333) sltu    t1, s10, t3
core   0: 3 0x800041e4 (0x01cd3333) x 6 0x00000001
core   0: 0x800041e8 (0x00e2e7b3) or      a5, t0, a4
core   0: 3 0x800041e8 (0x00e2e7b3) x15 0x00000001
core   0: 0x800041ec (0xad55a537) lui     a0, 0xad55a
core   0: 3 0x800041ec (0xad55a537) x10 0xad55a000
core   0: 0x800041f0 (0x0323e333) rem     t1, t2, s2
core   0: 3 0x800041f0 (0x0323e333) x 6 0xdd7e1000
core   0: 0x800041f4 (0xae79fb93) andi    s7, s3, -1305
core   0: 3 0x800041f4 (0xae79fb93) x23 0x80014a64
core   0: 0x800041f8 (0x00094933) xor     s2, s2, zero
core   0: 3 0x800041f8 (0x00094933) x18 0x00000000
core   0: 0x800041fc (0x77b30013) addi    zero, t1, 1915
core   0: 3 0x800041fc (0x77b30013)
core   0: 0x80004200 (0x03160c33) mul     s8, a2, a7
core   0: 3 0x80004200 (0x03160c33) x24 0x00000000
core   0: 0x80004204 (0x0070b033) sltu    zero, ra, t2
core   0: 3 0x80004204 (0x0070b033)
core   0: 0x80004208 (0x67e8cc93) xori    s9, a7, 1662
core   0: 3 0x80004208 (0x67e8cc93) x25 0x0000067e
core   0: 0x8000420c (0xa6786213) ori     tp, a6, -1433
core   0: 3 0x8000420c (0xa6786213) x 4 0xfffffa67
core   0: 0x80004210 (0x001d4ab3) xor     s5, s10, ra
core   0: 3 0x80004210 (0x001d4ab3) x21 0x80000001
core   0: 0x80004214 (0x02141133) mulh    sp, s0, ra
core   0: 3 0x80004214 (0x02141133) x 2 0x00000000
core   0: 0x80004218 (0x8f928437) lui     s0, 0x8f928
core   0: 3 0x80004218 (0x8f928437) x 8 0x8f928000
core   0: 0x8000421c (0xa8ca0813) addi    a6, s4, -1396
core   0: 3 0x8000421c (0xa8ca0813) x16 0x80014e89
core   0: 0x80004220 (0xb8415037) lui     zero, 0xb8415
core   0: 3 0x80004220 (0xb8415037)
core   0: 0x80004224 (0x32abd4b7) lui     s1, 0x32abd
core   0: 3 0x80004224 (0x32abd4b7) x 9 0x32abd000
core   0: 0x80004228 (0x01bec733) xor     a4, t4, s11
core   0: 3 0x80004228 (0x01bec733) x14 0x00000000
core   0: 0x8000422c (0x0240a4b3) mulhsu  s1, ra, tp
core   0: 3 0x8000422c (0x0240a4b3) x 9 0x00000000
core   0: 0x80004230 (0x40810733) sub     a4, sp, s0
core   0: 3 0x80004230 (0x40810733) x14 0x706d8000
core   0: 0x80004234 (0x68b8ff93) andi    t6, a7, 1675
core   0: 3 0x80004234 (0x68b8ff93) x31 0x00000000
core   0: 0x80004238 (0xe0edab93) slti    s7, s11, -498
core   0: 3 0x80004238 (0xe0edab93) x23 0x00000000
core   0: 0x8000423c (0x01499813) slli    a6, s3, 20
core   0: 3 0x8000423c (0x01499813) x16 0xe6400000
core   0: 0x80004240 (0x02990b33) mul     s6, s2, s1
core   0: 3 0x80004240 (0x02990b33) x22 0x00000000
core   0: 0x80004244 (0x0096c033) xor     zero, a3, s1
core   0: 3 0x80004244 (0x0096c033)
core   0: 0x80004248 (0x013f9113) slli    sp, t6, 19
core   0: 3 0x80004248 (0x013f9113) x 2 0x00000000
core   0: 0x8000424c (0x40258a33) sub     s4, a1, sp
core   0: 3 0x8000424c (0x40258a33) x20 0x000002b1
core   0: 0x80004250 (0x0284a233) mulhsu  tp, s1, s0
core   0: 3 0x80004250 (0x0284a233) x 4 0x00000000
core   0: 0x80004254 (0x018add93) srli    s11, s5, 24
core   0: 3 0x80004254 (0x018add93) x27 0x00000080
core   0: 0x80004258 (0x0035e6b3) or      a3, a1, gp
core   0: 3 0x80004258 (0x0035e6b3) x13 0x000002b1
core   0: 0x8000425c (0x02148133) mul     sp, s1, ra
core   0: 3 0x8000425c (0x02148133) x 2 0x00000000
core   0: 0x80004260 (0x0127a4b3) slt     s1, a5, s2
core   0: 3 0x80004260 (0x0127a4b3) x 9 0x00000000
core   0: 0x80004264 (0x0208aab3) mulhsu  s5, a7, zero
core   0: 3 0x80004264 (0x0208aab3) x21 0x00000000
core   0: 0x80004268 (0x00460fb3) add     t6, a2, tp
core   0: 3 0x80004268 (0x00460fb3) x31 0x00000000
core   0: 0x8000426c (0x88616c93) ori     s9, sp, -1914
core   0: 3 0x8000426c (0x88616c93) x25 0xfffff886
core   0: 0x80004270 (0xb3c5e793) ori     a5, a1, -1220
core   0: 3 0x80004270 (0xb3c5e793) x15 0xfffffbbd
core   0: 0x80004274 (0x01a89e93) slli    t4, a7, 26
core   0: 3 0x80004274 (0x01a89e93) x29 0x00000000
core   0: 0x80004278 (0x39b19bb7) lui     s7, 0x39b19
core   0: 3 0x80004278 (0x39b19bb7) x23 0x39b19000
core   0: 0x8000427c (0x7cf74513) xori    a0, a4, 1999
core   0: 3 0x8000427c (0x7cf74513) x10 0x706d87cf
core   0: 0x80004280 (0x40835cb3) sra     s9, t1, s0
core   0: 3 0x80004280 (0x40835cb3) x25 0xdd7e1000
core   0: 0x80004284 (0x01e35a93) srli    s5, t1, 30
core   0: 3 0x80004284 (0x01e35a93) x21 0x00000003
core   0: 0x80004288 (0x00000013) nop
core   0: 3 0x80004288 (0x00000013)
core   0: 0x8000428c (0x02210db3) mul     s11, sp, sp
core   0: 3 0x8000428c (0x02210db3) x27 0x00000000
core   0: 0x80004290 (0x402b5513) srai    a0, s6, 2
core   0: 3 0x80004290 (0x402b5513) x10 0x00000000
core   0: 0x80004294 (0x41b7d293) srai    t0, a5, 27
core   0: 3 0x80004294 (0x41b7d293) x 5 0xffffffff
core   0: 0x80004298 (0x6f848b93) addi    s7, s1, 1784
core   0: 3 0x80004298 (0x6f848b93) x23 0x000006f8
core   0: 0x8000429c (0x01219b33) sll     s6, gp, s2
core   0: 3 0x8000429c (0x01219b33) x22 0x00000000
core   0: 0x800042a0 (0x03818133) mul     sp, gp, s8
core   0: 3 0x800042a0 (0x03818133) x 2 0x00000000
core   0: 0x800042a4 (0x02011033) mulh    zero, sp, zero
core   0: 3 0x800042a4 (0x02011033)
core   0: 0x800042a8 (0xaeaca793) slti    a5, s9, -1302
core   0: 3 0x800042a8 (0xaeaca793) x15 0x00000001
core   0: 0x800042ac (0xdcf5c693) xori    a3, a1, -561
core   0: 3 0x800042ac (0xdcf5c693) x13 0xffffff7e
core   0: 0x800042b0 (0x419b8733) sub     a4, s7, s9
core   0: 3 0x800042b0 (0x419b8733) x14 0x2281f6f8
core   0: 0x800042b4 (0x02fa8933) mul     s2, s5, a5
core   0: 3 0x800042b4 (0x02fa8933) x18 0x00000003
core   0: 0x800042b8 (0x40efd8b3) sra     a7, t6, a4
core   0: 3 0x800042b8 (0x40efd8b3) x17 0x00000000
core   0: 0x800042bc (0x02de6db3) rem     s11, t3, a3
core   0: 3 0x800042bc (0x02de6db3) x27 0xfffffffc
core   0: 0x800042c0 (0x00cfea33) or      s4, t6, a2
core   0: 3 0x800042c0 (0x00cfea33) x20 0x00000000
core   0: 0x800042c4 (0xae5da513) slti    a0, s11, -1307
core   0: 3 0x800042c4 (0xae5da513) x10 0x00000000
core   0: 0x800042c8 (0x03b3ec33) rem     s8, t2, s11
core   0: 3 0x800042c8 (0x03b3ec33) x24 0x00000000
core   0: 0x800042cc (0x013bf8b3) and     a7, s7, s3
core   0: 3 0x800042cc (0x013bf8b3) x17 0x00000660
core   0: 0x800042d0 (0x36df0693) addi    a3, t5, 877
core   0: 3 0x800042d0 (0x36df0693) x13 0x80019051
core   0: 0x800042d4 (0x406ad5b3) sra     a1, s5, t1
core   0: 3 0x800042d4 (0x406ad5b3) x11 0x00000003
core   0: 0x800042d8 (0x00e7be33) sltu    t3, a5, a4
core   0: 3 0x800042d8 (0x00e7be33) x28 0x00000001
core   0: 0x800042dc (0x00bf0db3) add     s11, t5, a1
core   0: 3 0x800042dc (0x00bf0db3) x27 0x80018ce7
core   0: 0x800042e0 (0x816dc1b7) lui     gp, 0x816dc
core   0: 3 0x800042e0 (0x816dc1b7) x 3 0x816dc000
core   0: 0x800042e4 (0x4113d7b3) sra     a5, t2, a7
core   0: 3 0x800042e4 (0x4113d7b3) x15 0xdd7e1000
core   0: 0x800042e8 (0x015c5b33) srl     s6, s8, s5
core   0: 3 0x800042e8 (0x015c5b33) x22 0x00000000
core   0: 0x800042ec (0x6ef48513) addi    a0, s1, 1775
core   0: 3 0x800042ec (0x6ef48513) x10 0x000006ef
core   0: 0x800042f0 (0x3fc20193) addi    gp, tp, 1020
core   0: 3 0x800042f0 (0x3fc20193) x 3 0x000003fc
core   0: 0x800042f4 (0x02042833) mulhsu  a6, s0, zero
core   0: 3 0x800042f4 (0x02042833) x16 0x00000000
core   0: 0x800042f8 (0x8cc00493) li      s1, -1844
core   0: 3 0x800042f8 (0x8cc00493) x 9 0xfffff8cc
core   0: 0x800042fc (0x01e3b933) sltu    s2, t2, t5
core   0: 3 0x800042fc (0x01e3b933) x18 0x00000000
core   0: 0x80004300 (0x0277b4b3) mulhu   s1, a5, t2
core   0: 3 0x80004300 (0x0277b4b3) x 9 0xbfa2e5b3
core   0: 0x80004304 (0x016f8a33) add     s4, t6, s6
core   0: 3 0x80004304 (0x016f8a33) x20 0x00000000
core   0: 0x80004308 (0x9b918913) addi    s2, gp, -1607
core   0: 3 0x80004308 (0x9b918913) x18 0xfffffdb5
core   0: 0x8000430c (0xf01daf93) slti    t6, s11, -255
core   0: 3 0x8000430c (0xf01daf93) x31 0x00000001
core   0: 0x80004310 (0xa0330b13) addi    s6, t1, -1533
core   0: 3 0x80004310 (0xa0330b13) x22 0xdd7e0a03
core   0: 0x80004314 (0x032bd233) divu    tp, s7, s2
core   0: 3 0x80004314 (0x032bd233) x 4 0x00000000
core   0: 0x80004318 (0x02e78fb3) mul     t6, a5, a4
core   0: 3 0x80004318 (0x02e78fb3) x31 0xc57f8000
core   0: 0x8000431c (0x02b02b33) mulhsu  s6, zero, a1
core   0: 3 0x8000431c (0x02b02b33) x22 0x00000000
core   0: 0x80004320 (0x01b3e933) or      s2, t2, s11
core   0: 3 0x80004320 (0x01b3e933) x18 0xdd7f9ce7
core   0: 0x80004324 (0x01899913) slli    s2, s3, 24
core   0: 3 0x80004324 (0x01899913) x18 0x64000000
core   0: 0x80004328 (0x003e9533) sll     a0, t4, gp
core   0: 3 0x80004328 (0x003e9533) x10 0x00000000
core   0: 0x8000432c (0x0044f233) and     tp, s1, tp
core   0: 3 0x8000432c (0x0044f233) x 4 0x00000000
core   0: 0x80004330 (0x03059733) mulh    a4, a1, a6
core   0: 3 0x80004330 (0x03059733) x14 0x00000000
core   0: 0x80004334 (0x036c1133) mulh    sp, s8, s6
core   0: 3 0x80004334 (0x036c1133) x 2 0x00000000
core   0: 0x80004338 (0x77e39917) auipc   s2, 0x77e39
core   0: 3 0x80004338 (0x77e39917) x18 0xf7e3d338
core   0: 0x8000433c (0x41365913) srai    s2, a2, 19
core   0: 3 0x8000433c (0x41365913) x18 0x00000000
core   0: 0x80004340 (0x00d8d533) srl     a0, a7, a3
core   0: 3 0x80004340 (0x00d8d533) x10 0x00000000
core   0: 0x80004344 (0x0198bcb3) sltu    s9, a7, s9
core   0: 3 0x80004344 (0x0198bcb3) x25 0x00000001
core   0: 0x80004348 (0x00444633) xor     a2, s0, tp
core   0: 3 0x80004348 (0x00444633) x12 0x8f928000
core   0: 0x8000434c (0xf97fac17) auipc   s8, 0xf97fa
core   0: 3 0x8000434c (0xf97fac17) x24 0x797fe34c
core   0: 0x80004350 (0x038cc5b3) div     a1, s9, s8
core   0: 3 0x80004350 (0x038cc5b3) x11 0x00000000
core   0: 0x80004354 (0x007c1813) slli    a6, s8, 7
core   0: 3 0x80004354 (0x007c1813) x16 0xbff1a600
core   0: 0x80004358 (0xc641eeb7) lui     t4, 0xc641e
core   0: 3 0x80004358 (0xc641eeb7) x29 0xc641e000
core   0: 0x8000435c (0x0032f6b3) and     a3, t0, gp
core   0: 3 0x8000435c (0x0032f6b3) x13 0x000003fc
core   0: 0x80004360 (0x402d5b13) srai    s6, s10, 2
core   0: 3 0x80004360 (0x402d5b13) x22 0xe0000000
core   0: 0x80004364 (0x00000013) nop
core   0: 3 0x80004364 (0x00000013)
core   0: 0x80004368 (0x00b2d413) srli    s0, t0, 11
core   0: 3 0x80004368 (0x00b2d413) x 8 0x001fffff
core   0: 0x8000436c (0x03ea2bb3) mulhsu  s7, s4, t5
core   0: 3 0x8000436c (0x03ea2bb3) x23 0x00000000
core   0: 0x80004370 (0x40c954b3) sra     s1, s2, a2
core   0: 3 0x80004370 (0x40c954b3) x 9 0x00000000
core   0: 0x80004374 (0x00714833) xor     a6, sp, t2
core   0: 3 0x80004374 (0x00714833) x16 0xdd7e1000
core   0: 0x80004378 (0x41255713) srai    a4, a0, 18
core   0: 3 0x80004378 (0x41255713) x14 0x00000000
core   0: 0x8000437c (0x2ad8e693) ori     a3, a7, 685
core   0: 3 0x8000437c (0x2ad8e693) x13 0x000006ed
core   0: 0x80004380 (0x07577193) andi    gp, a4, 117
core   0: 3 0x80004380 (0x07577193) x 3 0x00000000
core   0: 0x80004384 (0x01f59b13) slli    s6, a1, 31
core   0: 3 0x80004384 (0x01f59b13) x22 0x00000000
core   0: 0x80004388 (0x03970933) mul     s2, a4, s9
core   0: 3 0x80004388 (0x03970933) x18 0x00000000
core   0: 0x8000438c (0x6315f493) andi    s1, a1, 1585
core   0: 3 0x8000438c (0x6315f493) x 9 0x00000000
core   0: 0x80004390 (0x003605b3) add     a1, a2, gp
core   0: 3 0x80004390 (0x003605b3) x11 0x8f928000
core   0: 0x80004394 (0x02c556b3) divu    a3, a0, a2
core   0: 3 0x80004394 (0x02c556b3) x13 0x00000000
core   0: 0x80004398 (0x026a8533) mul     a0, s5, t1
core   0: 3 0x80004398 (0x026a8533) x10 0x987a3000
core   0: 0x8000439c (0x0153c233) xor     tp, t2, s5
core   0: 3 0x8000439c (0x0153c233) x 4 0xdd7e1003
core   0: 0x800043a0 (0xaad02013) slti    zero, zero, -1363
core   0: 3 0x800043a0 (0xaad02013)
core   0: 0x800043a4 (0x0365c0b3) div     ra, a1, s6
core   0: 3 0x800043a4 (0x0365c0b3) x 1 0xffffffff
core   0: 0x800043a8 (0x0084cb33) xor     s6, s1, s0
core   0: 3 0x800043a8 (0x0084cb33) x22 0x001fffff
core   0: 0x800043ac (0x00000013) nop
core   0: 3 0x800043ac (0x00000013)
core   0: 0x800043b0 (0xbc9db513) sltiu   a0, s11, -1079
core   0: 3 0x800043b0 (0xbc9db513) x10 0x00000001
core   0: 0x800043b4 (0x19408693) addi    a3, ra, 404
core   0: 3 0x800043b4 (0x19408693) x13 0x00000193
core   0: 0x800043b8 (0x008ea8b3) slt     a7, t4, s0
core   0: 3 0x800043b8 (0x008ea8b3) x17 0x00000001
core   0: 0x800043bc (0x00000013) nop
core   0: 3 0x800043bc (0x00000013)
core   0: 0x800043c0 (0x51254537) lui     a0, 0x51254
core   0: 3 0x800043c0 (0x51254537) x10 0x51254000
core   0: 0x800043c4 (0xd4087193) andi    gp, a6, -704
core   0: 3 0x800043c4 (0xd4087193) x 3 0xdd7e1000
core   0: 0x800043c8 (0x01428cb3) add     s9, t0, s4
core   0: 3 0x800043c8 (0x01428cb3) x25 0xffffffff
core   0: 0x800043cc (0x40658b13) addi    s6, a1, 1030
core   0: 3 0x800043cc (0x40658b13) x22 0x8f928406
core   0: 0x800043d0 (0x00649c13) slli    s8, s1, 6
core   0: 3 0x800043d0 (0x00649c13) x24 0x00000000
core   0: 0x800043d4 (0x032d85b3) mul     a1, s11, s2
core   0: 3 0x800043d4 (0x032d85b3) x11 0x00000000
core   0: 0x800043d8 (0xd2940a93) addi    s5, s0, -727
core   0: 3 0x800043d8 (0xd2940a93) x21 0x001ffd28
core   0: 0x800043dc (0x00ad9db3) sll     s11, s11, a0
core   0: 3 0x800043dc (0x00ad9db3) x27 0x80018ce7
core   0: 0x800043e0 (0xa29fe713) ori     a4, t6, -1495
core   0: 3 0x800043e0 (0xa29fe713) x14 0xfffffa29
core   0: 0x800043e4 (0x02be24b3) mulhsu  s1, t3, a1
core   0: 3 0x800043e4 (0x02be24b3) x 9 0x00000000
core   0: 0x800043e8 (0x028d9ab3) mulh    s5, s11, s0
core   0: 3 0x800043e8 (0x028d9ab3) x21 0xfff00032
core   0: 0x800043ec (0x004c5693) srli    a3, s8, 4
core   0: 3 0x800043ec (0x004c5693) x13 0x00000000
core   0: 0x800043f0 (0x037fda33) divu    s4, t6, s7
core   0: 3 0x800043f0 (0x037fda33) x20 0xffffffff
core   0: 0x800043f4 (0x871b6b93) ori     s7, s6, -1935
core   0: 3 0x800043f4 (0x871b6b93) x23 0xfffffc77
core   0: 0x800043f8 (0x028f5fb3) divu    t6, t5, s0
core   0: 3 0x800043f8 (0x028f5fb3) x31 0x00000400
core   0: 0x800043fc (0x00d74fb3) xor     t6, a4, a3
core   0: 3 0x800043fc (0x00d74fb3) x31 0xfffffa29
core   0: 0x80004400 (0xb8b84693) xori    a3, a6, -1141
core   0: 3 0x80004400 (0xb8b84693) x13 0x2281eb8b
core   0: 0x80004404 (0x48017613) andi    a2, sp, 1152
core   0: 3 0x80004404 (0x48017613) x12 0x00000000
core   0: 0x80004408 (0x0146e2b3) or      t0, a3, s4
core   0: 3 0x80004408 (0x0146e2b3) x 5 0xffffffff
core   0: 0x8000440c (0x007303b3) add     t2, t1, t2
core   0: 3 0x8000440c (0x007303b3) x 7 0xbafc2000
core   0: 0x80004410 (0x00dc1913) slli    s2, s8, 13
core   0: 3 0x80004410 (0x00dc1913) x18 0x00000000
core   0: 0x80004414 (0x03ff5eb3) divu    t4, t5, t6
core   0: 3 0x80004414 (0x03ff5eb3) x29 0x00000000
core   0: 0x80004418 (0x034bd7b3) divu    a5, s7, s4
core   0: 3 0x80004418 (0x034bd7b3) x15 0x00000000
core   0: 0x8000441c (0x00000013) nop
core   0: 3 0x8000441c (0x00000013)
core   0: 0x80004420 (0x41b0deb3) sra     t4, ra, s11
core   0: 3 0x80004420 (0x41b0deb3) x29 0xffffffff
core   0: 0x80004424 (0x0331f933) remu    s2, gp, s3
core   0: 3 0x80004424 (0x0331f933) x18 0x5d7cc19c
core   0: 0x80004428 (0x00cef533) and     a0, t4, a2
core   0: 3 0x80004428 (0x00cef533) x10 0x00000000
core   0: 0x8000442c (0x01a64fb3) xor     t6, a2, s10
core   0: 3 0x8000442c (0x01a64fb3) x31 0x80000000
core   0: 0x80004430 (0x41e30bb3) sub     s7, t1, t5
core   0: 3 0x80004430 (0x41e30bb3) x23 0x5d7c831c
core   0: 0x80004434 (0x03576db3) rem     s11, a4, s5
core   0: 3 0x80004434 (0x03576db3) x27 0xfffffa29
core   0: 0x80004438 (0x017b23b3) slt     t2, s6, s7
core   0: 3 0x80004438 (0x017b23b3) x 7 0x00000001
core   0: 0x8000443c (0xc9adb693) sltiu   a3, s11, -870
core   0: 3 0x8000443c (0xc9adb693) x13 0x00000001
core   0: 0x80004440 (0x40f885b3) sub     a1, a7, a5
core   0: 3 0x80004440 (0x40f885b3) x11 0x00000001
core   0: 0x80004444 (0x41c90db3) sub     s11, s2, t3
core   0: 3 0x80004444 (0x41c90db3) x27 0x5d7cc19b
core   0: 0x80004448 (0x408a54b3) sra     s1, s4, s0
core   0: 3 0x80004448 (0x408a54b3) x 9 0xffffffff
core   0: 0x8000444c (0x16423b97) auipc   s7, 0x16423
core   0: 3 0x8000444c (0x16423b97) x23 0x9642744c
core   0: 0x80004450 (0x403a5f93) srai    t6, s4, 3
core   0: 3 0x80004450 (0x403a5f93) x31 0xffffffff
core   0: 0x80004454 (0x1f8d3d93) sltiu   s11, s10, 504
core   0: 3 0x80004454 (0x1f8d3d93) x27 0x00000000
core   0: 0x80004458 (0x033c28b3) mulhsu  a7, s8, s3
core   0: 3 0x80004458 (0x033c28b3) x17 0x00000000
core   0: 0x8000445c (0x4139d2b3) sra     t0, s3, s3
core   0: 3 0x8000445c (0x4139d2b3) x 5 0xf80014e6
core   0: 0x80004460 (0x03f13db3) mulhu   s11, sp, t6
core   0: 3 0x80004460 (0x03f13db3) x27 0x00000000
core   0: 0x80004464 (0x01516233) or      tp, sp, s5
core   0: 3 0x80004464 (0x01516233) x 4 0xfff00032
core   0: 0x80004468 (0x00000013) nop
core   0: 3 0x80004468 (0x00000013)
core   0: 0x8000446c (0x01cec233) xor     tp, t4, t3
core   0: 3 0x8000446c (0x01cec233) x 4 0xfffffffe
core   0: 0x80004470 (0x00e32bb3) slt     s7, t1, a4
core   0: 3 0x80004470 (0x00e32bb3) x23 0x00000001
core   0: 0x80004474 (0x8d4f0813) addi    a6, t5, -1836
core   0: 3 0x80004474 (0x8d4f0813) x16 0x800185b8
core   0: 0x80004478 (0x7126c913) xori    s2, a3, 1810
core   0: 3 0x80004478 (0x7126c913) x18 0x00000713
core   0: 0x8000447c (0x0360b1b3) mulhu   gp, ra, s6
core   0: 3 0x8000447c (0x0360b1b3) x 3 0x8f928405
core   0: 0x80004480 (0x893dfd93) andi    s11, s11, -1901
core   0: 3 0x80004480 (0x893dfd93) x27 0x00000000
core   0: 0x80004484 (0xbf1d6713) ori     a4, s10, -1039
core   0: 3 0x80004484 (0xbf1d6713) x14 0xfffffbf1
core   0: 0x80004488 (0x0177fc33) and     s8, a5, s7
core   0: 3 0x80004488 (0x0177fc33) x24 0x00000000
core   0: 0x8000448c (0x02cbb0b3) mulhu   ra, s7, a2
core   0: 3 0x8000448c (0x02cbb0b3) x 1 0x00000000
core   0: 0x80004490 (0x018b3133) sltu    sp, s6, s8
core   0: 3 0x80004490 (0x018b3133) x 2 0x00000000
core   0: 0x80004494 (0xee1e7b93) andi    s7, t3, -287
core   0: 3 0x80004494 (0xee1e7b93) x23 0x00000001
core   0: 0x80004498 (0x024af5b3) remu    a1, s5, tp
core   0: 3 0x80004498 (0x024af5b3) x11 0xfff00032
core   0: 0x8000449c (0x036112b3) mulh    t0, sp, s6
core   0: 3 0x8000449c (0x036112b3) x 5 0x00000000
core   0: 0x800044a0 (0x52a12397) auipc   t2, 0x52a12
core   0: 3 0x800044a0 (0x52a12397) x 7 0xd2a164a0
core   0: 0x800044a4 (0x2879b093) sltiu   ra, s3, 647
core   0: 3 0x800044a4 (0x2879b093) x 1 0x00000000
core   0: 0x800044a8 (0x00721513) slli    a0, tp, 7
core   0: 3 0x800044a8 (0x00721513) x10 0xffffff00
core   0: 0x800044ac (0x02a4f433) remu    s0, s1, a0
core   0: 3 0x800044ac (0x02a4f433) x 8 0x000000ff
core   0: 0x800044b0 (0x035840b3) div     ra, a6, s5
core   0: 3 0x800044b0 (0x035840b3) x 1 0x00000800
core   0: 0x800044b4 (0x00000013) nop
core   0: 3 0x800044b4 (0x00000013)
core   0: 0x800044b8 (0x33172a93) slti    s5, a4, 817
core   0: 3 0x800044b8 (0x33172a93) x21 0x00000001
core   0: 0x800044bc (0x006e8633) add     a2, t4, t1
core   0: 3 0x800044bc (0x006e8633) x12 0xdd7e0fff
core   0: 0x800044c0 (0x03ed27b3) mulhsu  a5, s10, t5
core   0: 3 0x800044c0 (0x03ed27b3) x15 0xbfff398e
core   0: 0x800044c4 (0x03fa0fb3) mul     t6, s4, t6
core   0: 3 0x800044c4 (0x03fa0fb3) x31 0x00000001
core   0: 0x800044c8 (0x02202bb3) mulhsu  s7, zero, sp
core   0: 3 0x800044c8 (0x02202bb3) x23 0x00000000
core   0: 0x800044cc (0x0008da33) srl     s4, a7, zero
core   0: 3 0x800044cc (0x0008da33) x20 0x00000000
core   0: 0x800044d0 (0x01341b13) slli    s6, s0, 19
core   0: 3 0x800044d0 (0x01341b13) x22 0x07f80000
core   0: 0x800044d4 (0x017be433) or      s0, s7, s7
core   0: 3 0x800044d4 (0x017be433) x 8 0x00000000
core   0: 0x800044d8 (0x02c69333) mulh    t1, a3, a2
core   0: 3 0x800044d8 (0x02c69333) x 6 0xffffffff
core   0: 0x800044dc (0x01daf733) and     a4, s5, t4
core   0: 3 0x800044dc (0x01daf733) x14 0x00000001
core   0: 0x800044e0 (0x017bc433) xor     s0, s7, s7
core   0: 3 0x800044e0 (0x017bc433) x 8 0x00000000
core   0: 0x800044e4 (0xab0a7693) andi    a3, s4, -1360
core   0: 3 0x800044e4 (0xab0a7693) x13 0x00000000
core   0: 0x800044e8 (0x0355ceb3) div     t4, a1, s5
core   0: 3 0x800044e8 (0x0355ceb3) x29 0xfff00032
core   0: 0x800044ec (0x02ebdc33) divu    s8, s7, a4
core   0: 3 0x800044ec (0x02ebdc33) x24 0x00000000
core   0: 0x800044f0 (0x00211513) slli    a0, sp, 2
core   0: 3 0x800044f0 (0x00211513) x10 0x00000000
core   0: 0x800044f4 (0x017278b3) and     a7, tp, s7
core   0: 3 0x800044f4 (0x017278b3) x17 0x00000000
core   0: 0x800044f8 (0xf1580d93) addi    s11, a6, -235
core   0: 3 0x800044f8 (0xf1580d93) x27 0x800184cd
core   0: 0x800044fc (0x03052cb3) mulhsu  s9, a0, a6
core   0: 3 0x800044fc (0x03052cb3) x25 0x00000000
core   0: 0x80004500 (0x0174e6b3) or      a3, s1, s7
core   0: 3 0x80004500 (0x0174e6b3) x13 0xffffffff
core   0: 0x80004504 (0x0266b5b3) mulhu   a1, a3, t1
core   0: 3 0x80004504 (0x0266b5b3) x11 0xfffffffe
core   0: 0x80004508 (0x0152a5b3) slt     a1, t0, s5
core   0: 3 0x80004508 (0x0152a5b3) x11 0x00000001
core   0: 0x8000450c (0x0053f333) and     t1, t2, t0
core   0: 3 0x8000450c (0x0053f333) x 6 0x00000000
core   0: 0x80004510 (0x02a4ddb3) divu    s11, s1, a0
core   0: 3 0x80004510 (0x02a4ddb3) x27 0xffffffff
core   0: 0x80004514 (0x00f52033) slt     zero, a0, a5
core   0: 3 0x80004514 (0x00f52033)
core   0: 0x80004518 (0xe609f093) andi    ra, s3, -416
core   0: 3 0x80004518 (0xe609f093) x 1 0x80014e60
core   0: 0x8000451c (0x01c83733) sltu    a4, a6, t3
core   0: 3 0x8000451c (0x01c83733) x14 0x00000000
core   0: 0x80004520 (0x002746b3) xor     a3, a4, sp
core   0: 3 0x80004520 (0x002746b3) x13 0x00000000
core   0: 0x80004524 (0x66353d93) sltiu   s11, a0, 1635
core   0: 3 0x80004524 (0x66353d93) x27 0x00000001
core   0: 0x80004528 (0x02f7c733) div     a4, a5, a5
core   0: 3 0x80004528 (0x02f7c733) x14 0x00000001
core   0: 0x8000452c (0x3732e513) ori     a0, t0, 883
core   0: 3 0x8000452c (0x3732e513) x10 0x00000373
core   0: 0x80004530 (0x742aec13) ori     s8, s5, 1858
core   0: 3 0x80004530 (0x742aec13) x24 0x00000743
core   0: 0x80004534 (0x27dfeb93) ori     s7, t6, 637
core   0: 3 0x80004534 (0x27dfeb93) x23 0x0000027d
core   0: 0x80004538 (0x00b98fb3) add     t6, s3, a1
core   0: 3 0x80004538 (0x00b98fb3) x31 0x80014e65
core   0: 0x8000453c (0xcdf3e713) ori     a4, t2, -801
core   0: 3 0x8000453c (0xcdf3e713) x14 0xfffffcff
core   0: 0x80004540 (0x4196d293) srai    t0, a3, 25
core   0: 3 0x80004540 (0x4196d293) x 5 0x00000000
core   0: 0x80004544 (0x01cb95b3) sll     a1, s7, t3
core   0: 3 0x80004544 (0x01cb95b3) x11 0x000004fa
core   0: 0x80004548 (0x0319b833) mulhu   a6, s3, a7
core   0: 3 0x80004548 (0x0319b833) x16 0x00000000
core   0: 0x8000454c (0x03e327b3) mulhsu  a5, t1, t5
core   0: 3 0x8000454c (0x03e327b3) x15 0x00000000
core   0: 0x80004550 (0x00f7e1b3) or      gp, a5, a5
core   0: 3 0x80004550 (0x00f7e1b3) x 3 0x00000000
core   0: 0x80004554 (0x401a5093) srai    ra, s4, 1
core   0: 3 0x80004554 (0x401a5093) x 1 0x00000000
core   0: 0x80004558 (0x1c338d93) addi    s11, t2, 451
core   0: 3 0x80004558 (0x1c338d93) x27 0xd2a16663
core   0: 0x8000455c (0x018ffeb3) and     t4, t6, s8
core   0: 3 0x8000455c (0x018ffeb3) x29 0x00000641
core   0: 0x80004560 (0xd4953e93) sltiu   t4, a0, -695
core   0: 3 0x80004560 (0xd4953e93) x29 0x00000001
core   0: 0x80004564 (0x026a51b3) divu    gp, s4, t1
core   0: 3 0x80004564 (0x026a51b3) x 3 0xffffffff
core   0: 0x80004568 (0x023f1cb3) mulh    s9, t5, gp
core   0: 3 0x80004568 (0x023f1cb3) x25 0x00000000
core   0: 0x8000456c (0x027490b3) mulh    ra, s1, t2
core   0: 3 0x8000456c (0x027490b3) x 1 0x00000000
core   0: 0x80004570 (0x01f6f7b3) and     a5, a3, t6
core   0: 3 0x80004570 (0x01f6f7b3) x15 0x00000000
core   0: 0x80004574 (0xee8eb493) sltiu   s1, t4, -280
core   0: 3 0x80004574 (0xee8eb493) x 9 0x00000001
core   0: 0x80004578 (0x01dc1fb3) sll     t6, s8, t4
core   0: 3 0x80004578 (0x01dc1fb3) x31 0x00000e86
core   0: 0x8000457c (0x135c6913) ori     s2, s8, 309
core   0: 3 0x8000457c (0x135c6913) x18 0x00000777
core   0: 0x80004580 (0x00000013) nop
core   0: 3 0x80004580 (0x00000013)
core   0: 0x80004584 (0x409608b3) sub     a7, a2, s1
core   0: 3 0x80004584 (0x409608b3) x17 0xdd7e0ffe
core   0: 0x80004588 (0x00b3ce33) xor     t3, t2, a1
core   0: 3 0x80004588 (0x00b3ce33) x28 0xd2a1605a
core   0: 0x8000458c (0x00000013) nop
core   0: 3 0x8000458c (0x00000013)
core   0: 0x80004590 (0x014f9813) slli    a6, t6, 20
core   0: 3 0x80004590 (0x014f9813) x16 0xe8600000
core   0: 0x80004594 (0xf82ea613) slti    a2, t4, -126
core   0: 3 0x80004594 (0xf82ea613) x12 0x00000000
core   0: 0x80004598 (0x03298733) mul     a4, s3, s2
core   0: 3 0x80004598 (0x03298733) x14 0x89c02c7c
core   0: 0x8000459c (0x01d4ae33) slt     t3, s1, t4
core   0: 3 0x8000459c (0x01d4ae33) x28 0x00000000
core   0: 0x800045a0 (0x00000013) nop
core   0: 3 0x800045a0 (0x00000013)
core   0: 0x800045a4 (0xba882c97) auipc   s9, 0xba882
core   0: 3 0x800045a4 (0xba882c97) x25 0x3a8865a4
core   0: 0x800045a8 (0x03fe3533) mulhu   a0, t3, t6
core   0: 3 0x800045a8 (0x03fe3533) x10 0x00000000
core   0: 0x800045ac (0x005de1b3) or      gp, s11, t0
core   0: 3 0x800045ac (0x005de1b3) x 3 0xd2a16663
core   0: 0x800045b0 (0x6cf91197) auipc   gp, 0x6cf91
core   0: 3 0x800045b0 (0x6cf91197) x 3 0xecf955b0
core   0: 0x800045b4 (0x01b49613) slli    a2, s1, 27
core   0: 3 0x800045b4 (0x01b49613) x12 0x08000000
core   0: 0x800045b8 (0x02607333) remu    t1, zero, t1
core   0: 3 0x800045b8 (0x02607333) x 6 0x00000000
core   0: 0x800045bc (0x0247a5b3) mulhsu  a1, a5, tp
core   0: 3 0x800045bc (0x0247a5b3) x11 0x00000000
core   0: 0x800045c0 (0x007e18b3) sll     a7, t3, t2
core   0: 3 0x800045c0 (0x007e18b3) x17 0x00000000
core   0: 0x800045c4 (0x41dbd493) srai    s1, s7, 29
core   0: 3 0x800045c4 (0x41dbd493) x 9 0x00000000
core   0: 0x800045c8 (0x009f4833) xor     a6, t5, s1
core   0: 3 0x800045c8 (0x009f4833) x16 0x80018ce4
core   0: 0x800045cc (0x03daab33) mulhsu  s6, s5, t4
core   0: 3 0x800045cc (0x03daab33) x22 0x00000000
core   0: 0x800045d0 (0x400c83b3) sub     t2, s9, zero
core   0: 3 0x800045d0 (0x400c83b3) x 7 0x3a8865a4
core   0: 0x800045d4 (0x02724eb3) div     t4, tp, t2
core   0: 3 0x800045d4 (0x02724eb3) x29 0x00000000
core   0: 0x800045d8 (0x02d0adb3) mulhsu  s11, ra, a3
core   0: 3 0x800045d8 (0x02d0adb3) x27 0x00000000
core   0: 0x800045dc (0x8396f793) andi    a5, a3, -1991
core   0: 3 0x800045dc (0x8396f793) x15 0x00000000
core   0: 0x800045e0 (0x00000013) nop
core   0: 3 0x800045e0 (0x00000013)
core   0: 0x800045e4 (0x027264b3) rem     s1, tp, t2
core   0: 3 0x800045e4 (0x027264b3) x 9 0xfffffffe
core   0: 0x800045e8 (0x4150d793) srai    a5, ra, 21
core   0: 3 0x800045e8 (0x4150d793) x15 0x00000000
core   0: 0x800045ec (0x0379d833) divu    a6, s3, s7
core   0: 3 0x800045ec (0x0379d833) x16 0x00337174
core   0: 0x800045f0 (0x013648b3) xor     a7, a2, s3
core   0: 3 0x800045f0 (0x013648b3) x17 0x88014e64
core   0: 0x800045f4 (0x41de5b33) sra     s6, t3, t4
core   0: 3 0x800045f4 (0x41de5b33) x22 0x00000000
core   0: 0x800045f8 (0x003d6c33) or      s8, s10, gp
core   0: 3 0x800045f8 (0x003d6c33) x24 0xecf955b0
core   0: 0x800045fc (0x02f7c4b3) div     s1, a5, a5
core   0: 3 0x800045fc (0x02f7c4b3) x 9 0xffffffff
core   0: 0x80004600 (0x03c921b3) mulhsu  gp, s2, t3
core   0: 3 0x80004600 (0x03c921b3) x 3 0x00000000
core   0: 0x80004604 (0x018644b3) xor     s1, a2, s8
core   0: 3 0x80004604 (0x018644b3) x 9 0xe4f955b0
core   0: 0x80004608 (0x000096b3) sll     a3, ra, zero
core   0: 3 0x80004608 (0x000096b3) x13 0x00000000
core   0: 0x8000460c (0xdd36a693) slti    a3, a3, -557
core   0: 3 0x8000460c (0xdd36a693) x13 0x00000000
core   0: 0x80004610 (0xac694b17) auipc   s6, 0xac694
core   0: 3 0x80004610 (0xac694b17) x22 0x2c698610
core   0: 0x80004614 (0x016570b3) and     ra, a0, s6
core   0: 3 0x80004614 (0x016570b3) x 1 0x00000000
core   0: 0x80004618 (0x03647db3) remu    s11, s0, s6
core   0: 3 0x80004618 (0x03647db3) x27 0x00000000
core   0: 0x8000461c (0x00e11a13) slli    s4, sp, 14
core   0: 3 0x8000461c (0x00e11a13) x20 0x00000000
core   0: 0x80004620 (0x0086e8b3) or      a7, a3, s0
core   0: 3 0x80004620 (0x0086e8b3) x17 0x00000000
core   0: 0x80004624 (0x02810e33) mul     t3, sp, s0
core   0: 3 0x80004624 (0x02810e33) x28 0x00000000
core   0: 0x80004628 (0x024128b3) mulhsu  a7, sp, tp
core   0: 3 0x80004628 (0x024128b3) x17 0x00000000
core   0: 0x8000462c (0x00f47e33) and     t3, s0, a5
core   0: 3 0x8000462c (0x00f47e33) x28 0x00000000
core   0: 0x80004630 (0x9e0c3113) sltiu   sp, s8, -1568
core   0: 3 0x80004630 (0x9e0c3113) x 2 0x00000001
core   0: 0x80004634 (0x032a2693) slti    a3, s4, 50
core   0: 3 0x80004634 (0x032a2693) x13 0x00000001
core   0: 0x80004638 (0x410e05b3) sub     a1, t3, a6
core   0: 3 0x80004638 (0x410e05b3) x11 0xffcc8e8c
core   0: 0x8000463c (0x03f706b3) mul     a3, a4, t6
core   0: 3 0x8000463c (0x03f706b3) x13 0x9d0610e8
core   0: 0x80004640 (0x018ad633) srl     a2, s5, s8
core   0: 3 0x80004640 (0x018ad633) x12 0x00000000
core   0: 0x80004644 (0x40d10933) sub     s2, sp, a3
core   0: 3 0x80004644 (0x40d10933) x18 0x62f9ef19
core   0: 0x80004648 (0x01742fb3) slt     t6, s0, s7
core   0: 3 0x80004648 (0x01742fb3) x31 0x00000001
core   0: 0x8000464c (0xac1eb613) sltiu   a2, t4, -1343
core   0: 3 0x8000464c (0xac1eb613) x12 0x00000001
core   0: 0x80004650 (0x8fb0bab7) lui     s5, 0x8fb0b
core   0: 3 0x80004650 (0x8fb0bab7) x21 0x8fb0b000
core   0: 0x80004654 (0x3b98c413) xori    s0, a7, 953
core   0: 3 0x80004654 (0x3b98c413) x 8 0x000003b9
core   0: 0x80004658 (0x01bc9793) slli    a5, s9, 27
core   0: 3 0x80004658 (0x01bc9793) x15 0x20000000
core   0: 0x8000465c (0x012fb633) sltu    a2, t6, s2
core   0: 3 0x8000465c (0x012fb633) x12 0x00000001
core   0: 0x80004660 (0x4fbcc113) xori    sp, s9, 1275
core   0: 3 0x80004660 (0x4fbcc113) x 2 0x3a88615f
core   0: 0x80004664 (0x0182d833) srl     a6, t0, s8
core   0: 3 0x80004664 (0x0182d833) x16 0x00000000
core   0: 0x80004668 (0xff38cb37) lui     s6, 0xff38c
core   0: 3 0x80004668 (0xff38cb37) x22 0xff38c000
core   0: 0x8000466c (0x4083dbb3) sra     s7, t2, s0
core   0: 3 0x8000466c (0x4083dbb3) x23 0x0000001d
core   0: 0x80004670 (0x032c9cb3) mulh    s9, s9, s2
core   0: 3 0x80004670 (0x032c9cb3) x25 0x16a15c3e
core   0: 0x80004674 (0xed566593) ori     a1, a2, -299
core   0: 3 0x80004674 (0xed566593) x11 0xfffffed5
core   0: 0x80004678 (0x00e7d593) srli    a1, a5, 14
core   0: 3 0x80004678 (0x00e7d593) x11 0x00008000
core   0: 0x8000467c (0x0c856813) ori     a6, a0, 200
core   0: 3 0x8000467c (0x0c856813) x16 0x000000c8
core   0: 0x80004680 (0xd6b2c613) xori    a2, t0, -661
core   0: 3 0x80004680 (0xd6b2c613) x12 0xfffffd6b
core   0: 0x80004684 (0x1e90b113) sltiu   sp, ra, 489
core   0: 3 0x80004684 (0x1e90b113) x 2 0x00000001
core   0: 0x80004688 (0x017fba33) sltu    s4, t6, s7
core   0: 3 0x80004688 (0x017fba33) x20 0x00000001
core   0: 0x8000468c (0x02057033) remu    zero, a0, zero
core   0: 3 0x8000468c (0x02057033)
core   0: 0x80004690 (0x407e5713) srai    a4, t3, 7
core   0: 3 0x80004690 (0x407e5713) x14 0x00000000
core   0: 0x80004694 (0x006a1493) slli    s1, s4, 6
core   0: 3 0x80004694 (0x006a1493) x 9 0x00000040
core   0: 0x80004698 (0x00c1ec33) or      s8, gp, a2
core   0: 3 0x80004698 (0x00c1ec33) x24 0xfffffd6b
core   0: 0x8000469c (0x0178fa33) and     s4, a7, s7
core   0: 3 0x8000469c (0x0178fa33) x20 0x00000000
core   0: 0x800046a0 (0x015cffb3) and     t6, s9, s5
core   0: 3 0x800046a0 (0x015cffb3) x31 0x06a01000
core   0: 0x800046a4 (0x00c922b3) slt     t0, s2, a2
core   0: 3 0x800046a4 (0x00c922b3) x 5 0x00000000
core   0: 0x800046a8 (0x428d2693) slti    a3, s10, 1064
core   0: 3 0x800046a8 (0x428d2693) x13 0x00000001
core   0: 0x800046ac (0xadc4b813) sltiu   a6, s1, -1316
core   0: 3 0x800046ac (0xadc4b813) x16 0x00000001
core   0: 0x800046b0 (0x0058c433) xor     s0, a7, t0
core   0: 3 0x800046b0 (0x0058c433) x 8 0x00000000
core   0: 0x800046b4 (0x40315fb3) sra     t6, sp, gp
core   0: 3 0x800046b4 (0x40315fb3) x31 0x00000001
core   0: 0x800046b8 (0xff956b13) ori     s6, a0, -7
core   0: 3 0x800046b8 (0xff956b13) x22 0xfffffff9
core   0: 0x800046bc (0x02a1fc33) remu    s8, gp, a0
core   0: 3 0x800046bc (0x02a1fc33) x24 0x00000000
core   0: 0x800046c0 (0x8ee58a93) addi    s5, a1, -1810
core   0: 3 0x800046c0 (0x8ee58a93) x21 0x000078ee
core   0: 0x800046c4 (0x031adfb3) divu    t6, s5, a7
core   0: 3 0x800046c4 (0x031adfb3) x31 0xffffffff
core   0: 0x800046c8 (0x004a4a33) xor     s4, s4, tp
core   0: 3 0x800046c8 (0x004a4a33) x20 0xfffffffe
core   0: 0x800046cc (0x00b71b33) sll     s6, a4, a1
core   0: 3 0x800046cc (0x00b71b33) x22 0x00000000
core   0: 0x800046d0 (0xed932d93) slti    s11, t1, -295
core   0: 3 0x800046d0 (0xed932d93) x27 0x00000000
core   0: 0x800046d4 (0xc4b24613) xori    a2, tp, -949
core   0: 3 0x800046d4 (0xc4b24613) x12 0x000003b5
core   0: 0x800046d8 (0xc7de9b97) auipc   s7, 0xc7de9
core   0: 3 0x800046d8 (0xc7de9b97) x23 0x47ded6d8
core   0: 0x800046dc (0xc6412513) slti    a0, sp, -924
core   0: 3 0x800046dc (0xc6412513) x10 0x00000000
core   0: 0x800046e0 (0x41b101b3) sub     gp, sp, s11
core   0: 3 0x800046e0 (0x41b101b3) x 3 0x00000001
core   0: 0x800046e4 (0x03fc88b3) mul     a7, s9, t6
core   0: 3 0x800046e4 (0x03fc88b3) x17 0xe95ea3c2
core   0: 0x800046e8 (0x00900633) add     a2, zero, s1
core   0: 3 0x800046e8 (0x00900633) x12 0x00000040
core   0: 0x800046ec (0x024e61b3) rem     gp, t3, tp
core   0: 3 0x800046ec (0x024e61b3) x 3 0x00000000
core   0: 0x800046f0 (0x00f7ceb3) xor     t4, a5, a5
core   0: 3 0x800046f0 (0x00f7ceb3) x29 0x00000000
core   0: 0x800046f4 (0xb9d74f93) xori    t6, a4, -1123
core   0: 3 0x800046f4 (0xb9d74f93) x31 0xfffffb9d
core   0: 0x800046f8 (0x26b18c13) addi    s8, gp, 619
core   0: 3 0x800046f8 (0x26b18c13) x24 0x0000026b
core   0: 0x800046fc (0x85112417) auipc   s0, 0x85112
core   0: 3 0x800046fc (0x85112417) x 8 0x051166fc
core   0: 0x80004700 (0x008c9cb3) sll     s9, s9, s0
core   0: 3 0x80004700 (0x008c9cb3) x25 0xe0000000
core   0: 0x80004704 (0x00a58b33) add     s6, a1, a0
core   0: 3 0x80004704 (0x00a58b33) x22 0x00008000
core   0: 0x80004708 (0x034b34b3) mulhu   s1, s6, s4
core   0: 3 0x80004708 (0x034b34b3) x 9 0x00007fff
core   0: 0x8000470c (0x03d2feb3) remu    t4, t0, t4
core   0: 3 0x8000470c (0x03d2feb3) x29 0x00000000
core   0: 0x80004710 (0x40d1dd93) srai    s11, gp, 13
core   0: 3 0x80004710 (0x40d1dd93) x27 0x00000000
core   0: 0x80004714 (0xee294b37) lui     s6, 0xee294
core   0: 3 0x80004714 (0xee294b37) x22 0xee294000
core   0: 0x80004718 (0x417ae113) ori     sp, s5, 1047
core   0: 3 0x80004718 (0x417ae113) x 2 0x00007cff
core   0: 0x8000471c (0x024e2093) slti    ra, t3, 36
core   0: 3 0x8000471c (0x024e2093) x 1 0x00000001
core   0: 0x80004720 (0x01c08713) addi    a4, ra, 28
core   0: 3 0x80004720 (0x01c08713) x14 0x0000001d
core   0: 0x80004724 (0x00000013) nop
core   0: 3 0x80004724 (0x00000013)
core   0: 0x80004728 (0x38644a13) xori    s4, s0, 902
core   0: 3 0x80004728 (0x38644a13) x20 0x0511657a
core   0: 0x8000472c (0x011cd933) srl     s2, s9, a7
core   0: 3 0x8000472c (0x011cd933) x18 0x38000000
core   0: 0x80004730 (0x0182d433) srl     s0, t0, s8
core   0: 3 0x80004730 (0x0182d433) x 8 0x00000000
core   0: 0x80004734 (0x01331c93) slli    s9, t1, 19
core   0: 3 0x80004734 (0x01331c93) x25 0x00000000
core   0: 0x80004738 (0x00d82c33) slt     s8, a6, a3
core   0: 3 0x80004738 (0x00d82c33) x24 0x00000000
core   0: 0x8000473c (0xa7014893) xori    a7, sp, -1424
core   0: 3 0x8000473c (0xa7014893) x17 0xffff868f
core   0: 0x80004740 (0x00159933) sll     s2, a1, ra
core   0: 3 0x80004740 (0x00159933) x18 0x00010000
core   0: 0x80004744 (0x01734633) xor     a2, t1, s7
core   0: 3 0x80004744 (0x01734633) x12 0x47ded6d8
core   0: 0x80004748 (0x00908a33) add     s4, ra, s1
core   0: 3 0x80004748 (0x00908a33) x20 0x00008000
core   0: 0x8000474c (0x005c5933) srl     s2, s8, t0
core   0: 3 0x8000474c (0x005c5933) x18 0x00000000
core   0: 0x80004750 (0x036b3533) mulhu   a0, s6, s6
core   0: 3 0x80004750 (0x036b3533) x10 0xdd90b9a5
core   0: 0x80004754 (0x029e4fb3) div     t6, t3, s1
core   0: 3 0x80004754 (0x029e4fb3) x31 0x00000000
core   0: 0x80004758 (0x2f93a013) slti    zero, t2, 761
core   0: 3 0x80004758 (0x2f93a013)
core   0: 0x8000475c (0x0310b2b3) mulhu   t0, ra, a7
core   0: 3 0x8000475c (0x0310b2b3) x 5 0x00000000
core   0: 0x80004760 (0x004eb4b3) sltu    s1, t4, tp
core   0: 3 0x80004760 (0x004eb4b3) x 9 0x00000001
core   0: 0x80004764 (0xb69ff313) andi    t1, t6, -1175
core   0: 3 0x80004764 (0xb69ff313) x 6 0x00000000
core   0: 0x80004768 (0x021d1133) mulh    sp, s10, ra
core   0: 3 0x80004768 (0x021d1133) x 2 0xffffffff
core   0: 0x8000476c (0x00c78133) add     sp, a5, a2
core   0: 3 0x8000476c (0x00c78133) x 2 0x67ded6d8
core   0: 0x80004770 (0x01ebd813) srli    a6, s7, 30
core   0: 3 0x80004770 (0x01ebd813) x16 0x00000001
core   0: 0x80004774 (0x03984233) div     tp, a6, s9
core   0: 3 0x80004774 (0x03984233) x 4 0xffffffff
core   0: 0x80004778 (0x019e9893) slli    a7, t4, 25
core   0: 3 0x80004778 (0x019e9893) x17 0x00000000
core   0: 0x8000477c (0x02585833) divu    a6, a6, t0
core   0: 3 0x8000477c (0x02585833) x16 0xffffffff
core   0: 0x80004780 (0x035d8e33) mul     t3, s11, s5
core   0: 3 0x80004780 (0x035d8e33) x28 0x00000000
core   0: 0x80004784 (0x41a0de93) srai    t4, ra, 26
core   0: 3 0x80004784 (0x41a0de93) x29 0x00000000
core   0: 0x80004788 (0x01b4d913) srli    s2, s1, 27
core   0: 3 0x80004788 (0x01b4d913) x18 0x00000000
core   0: 0x8000478c (0x03ec18b3) mulh    a7, s8, t5
core   0: 3 0x8000478c (0x03ec18b3) x17 0x00000000
core   0: 0x80004790 (0x0284f333) remu    t1, s1, s0
core   0: 3 0x80004790 (0x0284f333) x 6 0x00000001
core   0: 0x80004794 (0x012d1c93) slli    s9, s10, 18
core   0: 3 0x80004794 (0x012d1c93) x25 0x00000000
core   0: 0x80004798 (0x021b7933) remu    s2, s6, ra
core   0: 3 0x80004798 (0x021b7933) x18 0x00000000
core   0: 0x8000479c (0x0327b1b3) mulhu   gp, a5, s2
core   0: 3 0x8000479c (0x0327b1b3) x 3 0x00000000
core   0: 0x800047a0 (0x006236b3) sltu    a3, tp, t1
core   0: 3 0x800047a0 (0x006236b3) x13 0x00000000
core   0: 0x800047a4 (0x74233337) lui     t1, 0x74233
core   0: 3 0x800047a4 (0x74233337) x 6 0x74233000
core   0: 0x800047a8 (0x0304cbb3) div     s7, s1, a6
core   0: 3 0x800047a8 (0x0304cbb3) x23 0xffffffff
core   0: 0x800047ac (0x013e77b3) and     a5, t3, s3
core   0: 3 0x800047ac (0x013e77b3) x15 0x00000000
core   0: 0x800047b0 (0x53bace93) xori    t4, s5, 1339
core   0: 3 0x800047b0 (0x53bace93) x29 0x00007dd5
core   0: 0x800047b4 (0xa99f6f93) ori     t6, t5, -1383
core   0: 3 0x800047b4 (0xa99f6f93) x31 0xfffffefd
core   0: 0x800047b8 (0x2de29317) auipc   t1, 0x2de29
core   0: 3 0x800047b8 (0x2de29317) x 6 0xade2d7b8
core   0: 0x800047bc (0x00000013) nop
core   0: 3 0x800047bc (0x00000013)
core   0: 0x800047c0 (0xe9a22093) slti    ra, tp, -358
core   0: 3 0x800047c0 (0xe9a22093) x 1 0x00000000
core   0: 0x800047c4 (0x02a65bb3) divu    s7, a2, a0
core   0: 3 0x800047c4 (0x02a65bb3) x23 0x00000000
core   0: 0x800047c8 (0xf656c793) xori    a5, a3, -155
core   0: 3 0x800047c8 (0xf656c793) x15 0xffffff65
core   0: 0x800047cc (0x02d252b3) divu    t0, tp, a3
core   0: 3 0x800047cc (0x02d252b3) x 5 0xffffffff
core   0: 0x800047d0 (0x690688b7) lui     a7, 0x69068
core   0: 3 0x800047d0 (0x690688b7) x17 0x69068000
core   0: 0x800047d4 (0x01f43db3) sltu    s11, s0, t6
core   0: 3 0x800047d4 (0x01f43db3) x27 0x00000001
core   0: 0x800047d8 (0x953b57b7) lui     a5, 0x953b5
core   0: 3 0x800047d8 (0x953b57b7) x15 0x953b5000
core   0: 0x800047dc (0x010d32b3) sltu    t0, s10, a6
core   0: 3 0x800047dc (0x010d32b3) x 5 0x00000001
core   0: 0x800047e0 (0x57f88a37) lui     s4, 0x57f88
core   0: 3 0x800047e0 (0x57f88a37) x20 0x57f88000
core   0: 0x800047e4 (0x01dc81b3) add     gp, s9, t4
core   0: 3 0x800047e4 (0x01dc81b3) x 3 0x00007dd5
core   0: 0x800047e8 (0x00000013) nop
core   0: 3 0x800047e8 (0x00000013)
core   0: 0x800047ec (0x2f552913) slti    s2, a0, 757
core   0: 3 0x800047ec (0x2f552913) x18 0x00000001
core   0: 0x800047f0 (0x00cacb33) xor     s6, s5, a2
core   0: 3 0x800047f0 (0x00cacb33) x22 0x47deae36
core   0: 0x800047f4 (0x01ce9413) slli    s0, t4, 28
core   0: 3 0x800047f4 (0x01ce9413) x 8 0x50000000
core   0: 0x800047f8 (0x02d162b3) rem     t0, sp, a3
core   0: 3 0x800047f8 (0x02d162b3) x 5 0x67ded6d8
core   0: 0x800047fc (0x02a0c333) div     t1, ra, a0
core   0: 3 0x800047fc (0x02a0c333) x 6 0x00000000
core   0: 0x80004800 (0x01b2ebb3) or      s7, t0, s11
core   0: 3 0x80004800 (0x01b2ebb3) x23 0x67ded6d9
core   0: 0x80004804 (0xdba3fb93) andi    s7, t2, -582
core   0: 3 0x80004804 (0xdba3fb93) x23 0x3a8865a0
core   0: 0x80004808 (0x40bdde13) srai    t3, s11, 11
core   0: 3 0x80004808 (0x40bdde13) x28 0x00000000
core   0: 0x8000480c (0x40895db3) sra     s11, s2, s0
core   0: 3 0x8000480c (0x40895db3) x27 0x00000001
core   0: 0x80004810 (0x902e2413) slti    s0, t3, -1790
core   0: 3 0x80004810 (0x902e2413) x 8 0x00000000
core   0: 0x80004814 (0x5890fc13) andi    s8, ra, 1417
core   0: 3 0x80004814 (0x5890fc13) x24 0x00000000
core   0: 0x80004818 (0x290d56b7) lui     a3, 0x290d5
core   0: 3 0x80004818 (0x290d56b7) x13 0x290d5000
core   0: 0x8000481c (0x004d72b3) and     t0, s10, tp
core   0: 3 0x8000481c (0x004d72b3) x 5 0x80000000
core   0: 0x80004820 (0xf7f22493) slti    s1, tp, -129
core   0: 3 0x80004820 (0xf7f22493) x 9 0x00000000
core   0: 0x80004824 (0x016e2cb3) slt     s9, t3, s6
core   0: 3 0x80004824 (0x016e2cb3) x25 0x00000001
core   0: 0x80004828 (0x18da2e13) slti    t3, s4, 397
core   0: 3 0x80004828 (0x18da2e13) x28 0x00000000
core   0: 0x8000482c (0x012d8cb3) add     s9, s11, s2
core   0: 3 0x8000482c (0x012d8cb3) x25 0x00000002
core   0: 0x80004830 (0x71882c97) auipc   s9, 0x71882
core   0: 3 0x80004830 (0x71882c97) x25 0xf1886830
core   0: 0x80004834 (0x01cce933) or      s2, s9, t3
core   0: 3 0x80004834 (0x01cce933) x18 0xf1886830
core   0: 0x80004838 (0x0296ffb3) remu    t6, a3, s1
core   0: 3 0x80004838 (0x0296ffb3) x31 0x290d5000
core   0: 0x8000483c (0x01b3b733) sltu    a4, t2, s11
core   0: 3 0x8000483c (0x01b3b733) x14 0x00000000
core   0: 0x80004840 (0x00ac8cb3) add     s9, s9, a0
core   0: 3 0x80004840 (0x00ac8cb3) x25 0xcf1921d5
core   0: 0x80004844 (0x01c5a733) slt     a4, a1, t3
core   0: 3 0x80004844 (0x01c5a733) x14 0x00000000
core   0: 0x80004848 (0x77a89437) lui     s0, 0x77a89
core   0: 3 0x80004848 (0x77a89437) x 8 0x77a89000
core   0: 0x8000484c (0x0241f533) remu    a0, gp, tp
core   0: 3 0x8000484c (0x0241f533) x10 0x00007dd5
core   0: 0x80004850 (0xbcece093) ori     ra, s9, -1074
core   0: 3 0x80004850 (0xbcece093) x 1 0xfffffbdf
core   0: 0x80004854 (0x416e8633) sub     a2, t4, s6
core   0: 3 0x80004854 (0x416e8633) x12 0xb821cf9f
core   0: 0x80004858 (0x016fc5b3) xor     a1, t6, s6
core   0: 3 0x80004858 (0x016fc5b3) x11 0x6ed3fe36
core   0: 0x8000485c (0x00889db3) sll     s11, a7, s0
core   0: 3 0x8000485c (0x00889db3) x27 0x69068000
core   0: 0x80004860 (0x6d76f713) andi    a4, a3, 1751
core   0: 3 0x80004860 (0x6d76f713) x14 0x00000000
core   0: 0x80004864 (0x00000013) nop
core   0: 3 0x80004864 (0x00000013)
core   0: 0x80004868 (0x032943b3) div     t2, s2, s2
core   0: 3 0x80004868 (0x032943b3) x 7 0x00000001
core   0: 0x8000486c (0x01451c13) slli    s8, a0, 20
core   0: 3 0x8000486c (0x01451c13) x24 0xdd500000
core   0: 0x80004870 (0x017940b3) xor     ra, s2, s7
core   0: 3 0x80004870 (0x017940b3) x 1 0xcb000d90
core   0: 0x80004874 (0x00d89c13) slli    s8, a7, 13
core   0: 3 0x80004874 (0x00d89c13) x24 0xd0000000
core   0: 0x80004878 (0x01f503b3) add     t2, a0, t6
core   0: 3 0x80004878 (0x01f503b3) x 7 0x290dcdd5
core   0: 0x8000487c (0x1c62d197) auipc   gp, 0x1c62d
core   0: 3 0x8000487c (0x1c62d197) x 3 0x9c63187c
core   0: 0x80004880 (0x01f85d93) srli    s11, a6, 31
core   0: 3 0x80004880 (0x01f85d93) x27 0x00000001
core   0: 0x80004884 (0x00a60933) add     s2, a2, a0
core   0: 3 0x80004884 (0x00a60933) x18 0xb8224d74
core   0: 0x80004888 (0x18f76497) auipc   s1, 0x18f76
core   0: 3 0x80004888 (0x18f76497) x 9 0x98f7a888
core   0: 0x8000488c (0x0254fa33) remu    s4, s1, t0
core   0: 3 0x8000488c (0x0254fa33) x20 0x18f7a888
core   0: 0x80004890 (0x009eea33) or      s4, t4, s1
core   0: 3 0x80004890 (0x009eea33) x20 0x98f7fddd
core   0: 0x80004894 (0x037c0fb3) mul     t6, s8, s7
core   0: 3 0x80004894 (0x037c0fb3) x31 0x00000000
core   0: 0x80004898 (0x0326cab3) div     s5, a3, s2
core   0: 3 0x80004898 (0x0326cab3) x21 0x00000000
core   0: 0x8000489c (0x01641693) slli    a3, s0, 22
core   0: 3 0x8000489c (0x01641693) x13 0x00000000
core   0: 0x800048a0 (0x96193e93) sltiu   t4, s2, -1695
core   0: 3 0x800048a0 (0x96193e93) x29 0x00000001
core   0: 0x800048a4 (0x018c3bb3) sltu    s7, s8, s8
core   0: 3 0x800048a4 (0x018c3bb3) x23 0x00000000
core   0: 0x800048a8 (0x03747933) remu    s2, s0, s7
core   0: 3 0x800048a8 (0x03747933) x18 0x77a89000
core   0: 0x800048ac (0x01b71eb3) sll     t4, a4, s11
core   0: 3 0x800048ac (0x01b71eb3) x29 0x00000000
core   0: 0x800048b0 (0x40f25bb3) sra     s7, tp, a5
core   0: 3 0x800048b0 (0x40f25bb3) x23 0xffffffff
core   0: 0x800048b4 (0x003a12b3) sll     t0, s4, gp
core   0: 3 0x800048b4 (0x003a12b3) x 5 0xd0000000
core   0: 0x800048b8 (0x400fd7b3) sra     a5, t6, zero
core   0: 3 0x800048b8 (0x400fd7b3) x15 0x00000000
core   0: 0x800048bc (0x003f1293) slli    t0, t5, 3
core   0: 3 0x800048bc (0x003f1293) x 5 0x000c6720
core   0: 0x800048c0 (0x98ad4313) xori    t1, s10, -1654
core   0: 3 0x800048c0 (0x98ad4313) x 6 0x7ffff98a
core   0: 0x800048c4 (0x025fa933) mulhsu  s2, t6, t0
core   0: 3 0x800048c4 (0x025fa933) x18 0x00000000
core   0: 0x800048c8 (0x020927b3) mulhsu  a5, s2, zero
core   0: 3 0x800048c8 (0x020927b3) x15 0x00000000
core   0: 0x800048cc (0x4044d333) sra     t1, s1, tp
core   0: 3 0x800048cc (0x4044d333) x 6 0xffffffff
core   0: 0x800048d0 (0x0fa16b93) ori     s7, sp, 250
core   0: 3 0x800048d0 (0x0fa16b93) x23 0x67ded6fa
core   0: 0x800048d4 (0x0670a213) slti    tp, ra, 103
core   0: 3 0x800048d4 (0x0670a213) x 4 0x00000001
core   0: 0x800048d8 (0xc2adca13) xori    s4, s11, -982
core   0: 3 0x800048d8 (0xc2adca13) x20 0xfffffc2b
core   0: 0x800048dc (0x021a6933) rem     s2, s4, ra
core   0: 3 0x800048dc (0x021a6933) x18 0xfffffc2b
core   0: 0x800048e0 (0xfa1e3897) auipc   a7, 0xfa1e3
core   0: 3 0x800048e0 (0xfa1e3897) x17 0x7a1e78e0
core   0: 0x800048e4 (0x01ec14b3) sll     s1, s8, t5
core   0: 3 0x800048e4 (0x01ec14b3) x 9 0x00000000
core   0: 0x800048e8 (0x017c1fb3) sll     t6, s8, s7
core   0: 3 0x800048e8 (0x017c1fb3) x31 0x00000000
core   0: 0x800048ec (0x039d2a33) mulhsu  s4, s10, s9
core   0: 3 0x800048ec (0x039d2a33) x20 0x98736f15
core   0: 0x800048f0 (0x4156d433) sra     s0, a3, s5
core   0: 3 0x800048f0 (0x4156d433) x 8 0x00000000
core   0: 0x800048f4 (0x0d866613) ori     a2, a2, 216
core   0: 3 0x800048f4 (0x0d866613) x12 0xb821cfdf
core   0: 0x800048f8 (0x00000013) nop
core   0: 3 0x800048f8 (0x00000013)
core   0: 0x800048fc (0x75a105b7) lui     a1, 0x75a10
core   0: 3 0x800048fc (0x75a105b7) x11 0x75a10000
core   0: 0x80004900 (0x03029ab3) mulh    s5, t0, a6
core   0: 3 0x80004900 (0x03029ab3) x21 0xffffffff
core   0: 0x80004904 (0x40990633) sub     a2, s2, s1
core   0: 3 0x80004904 (0x40990633) x12 0xfffffc2b
core   0: 0x80004908 (0x03599b33) mulh    s6, s3, s5
core   0: 3 0x80004908 (0x03599b33) x22 0x00000000
core   0: 0x8000490c (0x4145dc33) sra     s8, a1, s4
core   0: 3 0x8000490c (0x4145dc33) x24 0x000003ad
core   0: 0x80004910 (0x40625533) sra     a0, tp, t1
core   0: 3 0x80004910 (0x40625533) x10 0x00000000
core   0: 0x80004914 (0xfa4a2813) slti    a6, s4, -92
core   0: 3 0x80004914 (0xfa4a2813) x16 0x00000001
core   0: 0x80004918 (0x007014b3) sll     s1, zero, t2
core   0: 3 0x80004918 (0x007014b3) x 9 0x00000000
core   0: 0x8000491c (0xa873a393) slti    t2, t2, -1401
core   0: 3 0x8000491c (0xa873a393) x 7 0x00000000
core   0: 0x80004920 (0x4121d693) srai    a3, gp, 18
core   0: 3 0x80004920 (0x4121d693) x13 0xffffe718
core   0: 0x80004924 (0x0086fa33) and     s4, a3, s0
core   0: 3 0x80004924 (0x0086fa33) x20 0x00000000
core   0: 0x80004928 (0x029ee533) rem     a0, t4, s1
core   0: 3 0x80004928 (0x029ee533) x10 0x00000000
core   0: 0x8000492c (0x01d0e0b3) or      ra, ra, t4
core   0: 3 0x8000492c (0x01d0e0b3) x 1 0xcb000d90
core   0: 0x80004930 (0x3697bb93) sltiu   s7, a5, 873
core   0: 3 0x80004930 (0x3697bb93) x23 0x00000001
core   0: 0x80004934 (0x03abf833) remu    a6, s7, s10
core   0: 3 0x80004934 (0x03abf833) x16 0x00000001
core   0: 0x80004938 (0x01194033) xor     zero, s2, a7
core   0: 3 0x80004938 (0x01194033)
core   0: 0x8000493c (0x02292433) mulhsu  s0, s2, sp
core   0: 3 0x8000493c (0x02292433) x 8 0xfffffe71
core   0: 0x80004940 (0x01466b33) or      s6, a2, s4
core   0: 3 0x80004940 (0x01466b33) x22 0xfffffc2b
core   0: 0x80004944 (0x01ab15b3) sll     a1, s6, s10
core   0: 3 0x80004944 (0x01ab15b3) x11 0xfffffc2b
core   0: 0x80004948 (0x4038d613) srai    a2, a7, 3
core   0: 3 0x80004948 (0x4038d613) x12 0x0f43cf1c
core   0: 0x8000494c (0x03f7ebb3) rem     s7, a5, t6
core   0: 3 0x8000494c (0x03f7ebb3) x23 0x00000000
core   0: 0x80004950 (0x03f7d533) divu    a0, a5, t6
core   0: 3 0x80004950 (0x03f7d533) x10 0xffffffff
core   0: 0x80004954 (0x03daaab3) mulhsu  s5, s5, t4
core   0: 3 0x80004954 (0x03daaab3) x21 0x00000000
core   0: 0x80004958 (0x00000013) nop
core   0: 3 0x80004958 (0x00000013)
core   0: 0x8000495c (0x01bd15b3) sll     a1, s10, s11
core   0: 3 0x8000495c (0x01bd15b3) x11 0x00000000
core   0: 0x80004960 (0x0398d033) divu    zero, a7, s9
core   0: 3 0x80004960 (0x0398d033)
core   0: 0x80004964 (0x01484733) xor     a4, a6, s4
core   0: 3 0x80004964 (0x01484733) x14 0x00000001
core   0: 0x80004968 (0x0005cdb3) xor     s11, a1, zero
core   0: 3 0x80004968 (0x0005cdb3) x27 0x00000000
core   0: 0x8000496c (0x0182dbb3) srl     s7, t0, s8
core   0: 3 0x8000496c (0x0182dbb3) x23 0x00000063
core   0: 0x80004970 (0x03998c33) mul     s8, s3, s9
core   0: 3 0x80004970 (0x03998c33) x24 0x2ff51d34
core   0: 0x80004974 (0x03533333) mulhu   t1, t1, s5
core   0: 3 0x80004974 (0x03533333) x 6 0x00000000
core   0: 0x80004978 (0x012b2cb3) slt     s9, s6, s2
core   0: 3 0x80004978 (0x012b2cb3) x25 0x00000000
core   0: 0x8000497c (0x008f8733) add     a4, t6, s0
core   0: 3 0x8000497c (0x008f8733) x14 0xfffffe71
core   0: 0x80004980 (0x00f0f933) and     s2, ra, a5
core   0: 3 0x80004980 (0x00f0f933) x18 0x00000000
core   0: 0x80004984 (0x002a7633) and     a2, s4, sp
core   0: 3 0x80004984 (0x002a7633) x12 0x00000000
core   0: 0x80004988 (0x03787db3) remu    s11, a6, s7
core   0: 3 0x80004988 (0x03787db3) x27 0x00000001
core   0: 0x8000498c (0x0003e0b3) or      ra, t2, zero
core   0: 3 0x8000498c (0x0003e0b3) x 1 0x00000000
core   0: 0x80004990 (0x02ab46b3) div     a3, s6, a0
core   0: 3 0x80004990 (0x02ab46b3) x13 0x000003d5
core   0: 0x80004994 (0x0342d333) divu    t1, t0, s4
core   0: 3 0x80004994 (0x0342d333) x 6 0xffffffff
core   0: 0x80004998 (0x0006fe33) and     t3, a3, zero
core   0: 3 0x80004998 (0x0006fe33) x28 0x00000000
core   0: 0x8000499c (0x84f41bb7) lui     s7, 0x84f41
core   0: 3 0x8000499c (0x84f41bb7) x23 0x84f41000
core   0: 0x800049a0 (0x02e49cb3) mulh    s9, s1, a4
core   0: 3 0x800049a0 (0x02e49cb3) x25 0x00000000
core   0: 0x800049a4 (0x954ebc13) sltiu   s8, t4, -1708
core   0: 3 0x800049a4 (0x954ebc13) x24 0x00000001
core   0: 0x800049a8 (0x00779c33) sll     s8, a5, t2
core   0: 3 0x800049a8 (0x00779c33) x24 0x00000000
core   0: 0x800049ac (0x414cd293) srai    t0, s9, 20
core   0: 3 0x800049ac (0x414cd293) x 5 0x00000000
core   0: 0x800049b0 (0xb3230093) addi    ra, t1, -1230
core   0: 3 0x800049b0 (0xb3230093) x 1 0xfffffb31
core   0: 0x800049b4 (0x029af3b3) remu    t2, s5, s1
core   0: 3 0x800049b4 (0x029af3b3) x 7 0x00000000
core   0: 0x800049b8 (0xf458a797) auipc   a5, 0xf458a
core   0: 3 0x800049b8 (0xf458a797) x15 0x7458e9b8
core   0: 0x800049bc (0x03c16db3) rem     s11, sp, t3
core   0: 3 0x800049bc (0x03c16db3) x27 0x67ded6d8
core   0: 0x800049c0 (0x0190d893) srli    a7, ra, 25
core   0: 3 0x800049c0 (0x0190d893) x17 0x0000007f
core   0: 0x800049c4 (0x034a0733) mul     a4, s4, s4
core   0: 3 0x800049c4 (0x034a0733) x14 0x00000000
core   0: 0x800049c8 (0x558d3693) sltiu   a3, s10, 1368
core   0: 3 0x800049c8 (0x558d3693) x13 0x00000000
core   0: 0x800049cc (0x01812833) slt     a6, sp, s8
core   0: 3 0x800049cc (0x01812833) x16 0x00000000
core   0: 0x800049d0 (0x034d3033) mulhu   zero, s10, s4
core   0: 3 0x800049d0 (0x034d3033)
core   0: 0x800049d4 (0xb1b16493) ori     s1, sp, -1253
core   0: 3 0x800049d4 (0xb1b16493) x 9 0xffffffdb
core   0: 0x800049d8 (0xcded6893) ori     a7, s10, -802
core   0: 3 0x800049d8 (0xcded6893) x17 0xfffffcde
core   0: 0x800049dc (0x01ec5013) srli    zero, s8, 30
core   0: 3 0x800049dc (0x01ec5013)
core   0: 0x800049e0 (0x03773033) mulhu   zero, a4, s7
core   0: 3 0x800049e0 (0x03773033)
core   0: 0x800049e4 (0x0257ab33) mulhsu  s6, a5, t0
core   0: 3 0x800049e4 (0x0257ab33) x22 0x00000000
core   0: 0x800049e8 (0x40585093) srai    ra, a6, 5
core   0: 3 0x800049e8 (0x40585093) x 1 0x00000000
core   0: 0x800049ec (0x402e5613) srai    a2, t3, 2
core   0: 3 0x800049ec (0x402e5613) x12 0x00000000
core   0: 0x800049f0 (0x2b1ab0b7) lui     ra, 0x2b1ab
core   0: 3 0x800049f0 (0x2b1ab0b7) x 1 0x2b1ab000
core   0: 0x800049f4 (0x00b9b7b3) sltu    a5, s3, a1
core   0: 3 0x800049f4 (0x00b9b7b3) x15 0x00000000
core   0: 0x800049f8 (0x01501c93) slli    s9, zero, 21
core   0: 3 0x800049f8 (0x01501c93) x25 0x00000000
core   0: 0x800049fc (0x0153c833) xor     a6, t2, s5
core   0: 3 0x800049fc (0x0153c833) x16 0x00000000
core   0: 0x80004a00 (0x09a3cf93) xori    t6, t2, 154
core   0: 3 0x80004a00 (0x09a3cf93) x31 0x0000009a
core   0: 0x80004a04 (0x98f20c13) addi    s8, tp, -1649
core   0: 3 0x80004a04 (0x98f20c13) x24 0xfffff990
core   0: 0x80004a08 (0x41055793) srai    a5, a0, 16
core   0: 3 0x80004a08 (0x41055793) x15 0xffffffff
core   0: 0x80004a0c (0x009dd633) srl     a2, s11, s1
core   0: 3 0x80004a0c (0x009dd633) x12 0x0000000c
core   0: 0x80004a10 (0x3250f397) auipc   t2, 0x3250f
core   0: 3 0x80004a10 (0x3250f397) x 7 0xb2513a10
core   0: 0x80004a14 (0x00a86db3) or      s11, a6, a0
core   0: 3 0x80004a14 (0x00a86db3) x27 0xffffffff
core   0: 0x80004a18 (0x01cb1333) sll     t1, s6, t3
core   0: 3 0x80004a18 (0x01cb1333) x 6 0x00000000
core   0: 0x80004a1c (0x2d50c713) xori    a4, ra, 725
core   0: 3 0x80004a1c (0x2d50c713) x14 0x2b1ab2d5
core   0: 0x80004a20 (0x003490b3) sll     ra, s1, gp
core   0: 3 0x80004a20 (0x003490b3) x 1 0xb0000000
core   0: 0x80004a24 (0x03c67333) remu    t1, a2, t3
core   0: 3 0x80004a24 (0x03c67333) x 6 0x0000000c
core   0: 0x80004a28 (0x4173d1b3) sra     gp, t2, s7
core   0: 3 0x80004a28 (0x4173d1b3) x 3 0xb2513a10
core   0: 0x80004a2c (0x00854033) xor     zero, a0, s0
core   0: 3 0x80004a2c (0x00854033)
core   0: 0x80004a30 (0x035a25b3) mulhsu  a1, s4, s5
core   0: 3 0x80004a30 (0x035a25b3) x11 0x00000000
core   0: 0x80004a34 (0xc239c413) xori    s0, s3, -989
core   0: 3 0x80004a34 (0xc239c413) x 8 0x7ffeb247
core   0: 0x80004a38 (0x03840833) mul     a6, s0, s8
core   0: 3 0x80004a38 (0x03840833) x16 0x086456f0
core   0: 0x80004a3c (0x004116b3) sll     a3, sp, tp
core   0: 3 0x80004a3c (0x004116b3) x13 0xcfbdadb0
core   0: 0x80004a40 (0x00000013) nop
core   0: 3 0x80004a40 (0x00000013)
core   0: 0x80004a44 (0x01e603b3) add     t2, a2, t5
core   0: 3 0x80004a44 (0x01e603b3) x 7 0x80018cf0
core   0: 0x80004a48 (0x00e93b33) sltu    s6, s2, a4
core   0: 3 0x80004a48 (0x00e93b33) x22 0x00000001
core   0: 0x80004a4c (0x3a07ad93) slti    s11, a5, 928
core   0: 3 0x80004a4c (0x3a07ad93) x27 0x00000001
core   0: 0x80004a50 (0x02ac3833) mulhu   a6, s8, a0
core   0: 3 0x80004a50 (0x02ac3833) x16 0xfffff98f
core   0: 0x80004a54 (0x01db9493) slli    s1, s7, 29
core   0: 3 0x80004a54 (0x01db9493) x 9 0x00000000
core   0: 0x80004a58 (0x40dbd293) srai    t0, s7, 13
core   0: 3 0x80004a58 (0x40dbd293) x 5 0xfffc27a0
core   0: 0x80004a5c (0x02236c13) ori     s8, t1, 34
core   0: 3 0x80004a5c (0x02236c13) x24 0x0000002e
core   0: 0x80004a60 (0x80b5b613) sltiu   a2, a1, -2037
core   0: 3 0x80004a60 (0x80b5b613) x12 0x00000001
core   0: 0x80004a64 (0x03529db3) mulh    s11, t0, s5
core   0: 3 0x80004a64 (0x03529db3) x27 0x00000000
core   0: 0x80004a68 (0x411b5613) srai    a2, s6, 17
core   0: 3 0x80004a68 (0x411b5613) x12 0x00000000
core   0: 0x80004a6c (0x00000013) nop
core   0: 3 0x80004a6c (0x00000013)
core   0: 0x80004a70 (0x02a3d733) divu    a4, t2, a0
core   0: 3 0x80004a70 (0x02a3d733) x14 0x00000000
core   0: 0x80004a74 (0x0099d193) srli    gp, s3, 9
core   0: 3 0x80004a74 (0x0099d193) x 3 0x004000a7
core   0: 0x80004a78 (0x027167b3) rem     a5, sp, t2
core   0: 3 0x80004a78 (0x027167b3) x15 0x67ded6d8
core   0: 0x80004a7c (0x00905bb3) srl     s7, zero, s1
core   0: 3 0x80004a7c (0x00905bb3) x23 0x00000000
core   0: 0x80004a80 (0x01fff633) and     a2, t6, t6
core   0: 3 0x80004a80 (0x01fff633) x12 0x0000009a
core   0: 0x80004a84 (0x03e2e033) rem     zero, t0, t5
core   0: 3 0x80004a84 (0x03e2e033)
core   0: 0x80004a88 (0x41f35513) srai    a0, t1, 31
core   0: 3 0x80004a88 (0x41f35513) x10 0x00000000
core   0: 0x80004a8c (0x40530233) sub     tp, t1, t0
core   0: 3 0x80004a8c (0x40530233) x 4 0x0003d86c
core   0: 0x80004a90 (0x0355a333) mulhsu  t1, a1, s5
core   0: 3 0x80004a90 (0x0355a333) x 6 0x00000000
core   0: 0x80004a94 (0x02a2ba33) mulhu   s4, t0, a0
core   0: 3 0x80004a94 (0x02a2ba33) x20 0x00000000
core   0: 0x80004a98 (0xd010ca93) xori    s5, ra, -767
core   0: 3 0x80004a98 (0xd010ca93) x21 0x4ffffd01
core   0: 0x80004a9c (0x78c16913) ori     s2, sp, 1932
core   0: 3 0x80004a9c (0x78c16913) x18 0x67ded7dc
core   0: 0x80004aa0 (0xe3e770b7) lui     ra, 0xe3e77
core   0: 3 0x80004aa0 (0xe3e770b7) x 1 0xe3e77000
core   0: 0x80004aa4 (0x023b1b33) mulh    s6, s6, gp
core   0: 3 0x80004aa4 (0x023b1b33) x22 0x00000000
core   0: 0x80004aa8 (0x023cc133) div     sp, s9, gp
core   0: 3 0x80004aa8 (0x023cc133) x 2 0x00000000
core   0: 0x80004aac (0x01b4f5b3) and     a1, s1, s11
core   0: 3 0x80004aac (0x01b4f5b3) x11 0x00000000
core   0: 0x80004ab0 (0x01dbe533) or      a0, s7, t4
core   0: 3 0x80004ab0 (0x01dbe533) x10 0x00000000
core   0: 0x80004ab4 (0x02688cb3) mul     s9, a7, t1
core   0: 3 0x80004ab4 (0x02688cb3) x25 0x00000000
core   0: 0x80004ab8 (0x16d63613) sltiu   a2, a2, 365
core   0: 3 0x80004ab8 (0x16d63613) x12 0x00000001
core   0: 0x80004abc (0x0177a633) slt     a2, a5, s7
core   0: 3 0x80004abc (0x0177a633) x12 0x00000000
core   0: 0x80004ac0 (0xb187e3b7) lui     t2, 0xb187e
core   0: 3 0x80004ac0 (0xb187e3b7) x 7 0xb187e000
core   0: 0x80004ac4 (0x00728e33) add     t3, t0, t2
core   0: 3 0x80004ac4 (0x00728e33) x28 0xb18407a0
core   0: 0x80004ac8 (0x0225a433) mulhsu  s0, a1, sp
core   0: 3 0x80004ac8 (0x0225a433) x 8 0x00000000
core   0: 0x80004acc (0x83f3cb13) xori    s6, t2, -1985
core   0: 3 0x80004acc (0x83f3cb13) x22 0x4e78183f
core   0: 0x80004ad0 (0x03211533) mulh    a0, sp, s2
core   0: 3 0x80004ad0 (0x03211533) x10 0x00000000
core   0: 0x80004ad4 (0x026d9ab3) mulh    s5, s11, t1
core   0: 3 0x80004ad4 (0x026d9ab3) x21 0x00000000
core   0: 0x80004ad8 (0x00fb1a33) sll     s4, s6, a5
core   0: 3 0x80004ad8 (0x00fb1a33) x20 0x3f000000
core   0: 0x80004adc (0x00d785b3) add     a1, a5, a3
core   0: 3 0x80004adc (0x00d785b3) x11 0x379c8488
core   0: 0x80004ae0 (0x5543ef93) ori     t6, t2, 1364
core   0: 3 0x80004ae0 (0x5543ef93) x31 0xb187e554
core   0: 0x80004ae4 (0x0ceb7393) andi    t2, s6, 206
core   0: 3 0x80004ae4 (0x0ceb7393) x 7 0x0000000e
core   0: 0x80004ae8 (0x02a967b3) rem     a5, s2, a0
core   0: 3 0x80004ae8 (0x02a967b3) x15 0x67ded7dc
core   0: 0x80004aec (0xe5d50f93) addi    t6, a0, -419
core   0: 3 0x80004aec (0xe5d50f93) x31 0xfffffe5d
core   0: 0x80004af0 (0x00f4eeb3) or      t4, s1, a5
core   0: 3 0x80004af0 (0x00f4eeb3) x29 0x67ded7dc
core   0: 0x80004af4 (0x01584033) xor     zero, a6, s5
core   0: 3 0x80004af4 (0x01584033)
core   0: 0x80004af8 (0x036aefb3) rem     t6, s5, s6
core   0: 3 0x80004af8 (0x036aefb3) x31 0x00000000
core   0: 0x80004afc (0x02cc0bb3) mul     s7, s8, a2
core   0: 3 0x80004afc (0x02cc0bb3) x23 0x00000000
core   0: 0x80004b00 (0x017a7b33) and     s6, s4, s7
core   0: 3 0x80004b00 (0x017a7b33) x22 0x00000000
core   0: 0x80004b04 (0x41600db3) sub     s11, zero, s6
core   0: 3 0x80004b04 (0x41600db3) x27 0x00000000
core   0: 0x80004b08 (0x009851b3) srl     gp, a6, s1
core   0: 3 0x80004b08 (0x009851b3) x 3 0xfffff98f
core   0: 0x80004b0c (0x698d0b13) addi    s6, s10, 1688
core   0: 3 0x80004b0c (0x698d0b13) x22 0x80000698
core   0: 0x80004b10 (0xb3b31137) lui     sp, 0xb3b31
core   0: 3 0x80004b10 (0xb3b31137) x 2 0xb3b31000
core   0: 0x80004b14 (0x029a2bb3) mulhsu  s7, s4, s1
core   0: 3 0x80004b14 (0x029a2bb3) x23 0x00000000
core   0: 0x80004b18 (0x752fe893) ori     a7, t6, 1874
core   0: 3 0x80004b18 (0x752fe893) x17 0x00000752
core   0: 0x80004b1c (0xd795c093) xori    ra, a1, -647
core   0: 3 0x80004b1c (0xd795c093) x 1 0xc86379f1
core   0: 0x80004b20 (0x01ae27b3) slt     a5, t3, s10
core   0: 3 0x80004b20 (0x01ae27b3) x15 0x00000000
core   0: 0x80004b24 (0x4458c293) xori    t0, a7, 1093
core   0: 3 0x80004b24 (0x4458c293) x 5 0x00000317
core   0: 0x80004b28 (0x031ce733) rem     a4, s9, a7
core   0: 3 0x80004b28 (0x031ce733) x14 0x00000000
core   0: 0x80004b2c (0x56fb0097) auipc   ra, 0x56fb0
core   0: 3 0x80004b2c (0x56fb0097) x 1 0xd6fb4b2c
core   0: 0x80004b30 (0x4140d693) srai    a3, ra, 20
core   0: 3 0x80004b30 (0x4140d693) x13 0xfffffd6f
core   0: 0x80004b34 (0x009ff333) and     t1, t6, s1
core   0: 3 0x80004b34 (0x009ff333) x 6 0x00000000
core   0: 0x80004b38 (0x402683b3) sub     t2, a3, sp
core   0: 3 0x80004b38 (0x402683b3) x 7 0x4c4ced6f
core   0: 0x80004b3c (0x0252cdb3) div     s11, t0, t0
core   0: 3 0x80004b3c (0x0252cdb3) x27 0x00000001
core   0: 0x80004b40 (0x034de433) rem     s0, s11, s4
core   0: 3 0x80004b40 (0x034de433) x 8 0x00000001
core   0: 0x80004b44 (0x00d28733) add     a4, t0, a3
core   0: 3 0x80004b44 (0x00d28733) x14 0x00000086
core   0: 0x80004b48 (0x00ea6c33) or      s8, s4, a4
core   0: 3 0x80004b48 (0x00ea6c33) x24 0x3f000086
core   0: 0x80004b4c (0x40e0d133) sra     sp, ra, a4
core   0: 3 0x80004b4c (0x40e0d133) x 2 0xff5bed2c
core   0: 0x80004b50 (0x0075f7b3) and     a5, a1, t2
core   0: 3 0x80004b50 (0x0075f7b3) x15 0x040c8408
core   0: 0x80004b54 (0x014e7ab3) and     s5, t3, s4
core   0: 3 0x80004b54 (0x014e7ab3) x21 0x31000000
core   0: 0x80004b58 (0x0166d813) srli    a6, a3, 22
core   0: 3 0x80004b58 (0x0166d813) x16 0x000003ff
core   0: 0x80004b5c (0x0143ea33) or      s4, t2, s4
core   0: 3 0x80004b5c (0x0143ea33) x20 0x7f4ced6f
core   0: 0x80004b60 (0x15d9b613) sltiu   a2, s3, 349
core   0: 3 0x80004b60 (0x15d9b613) x12 0x00000000
core   0: 0x80004b64 (0x02d16533) rem     a0, sp, a3
core   0: 3 0x80004b64 (0x02d16533) x10 0xfffffefa
core   0: 0x80004b68 (0x416dd6b3) sra     a3, s11, s6
core   0: 3 0x80004b68 (0x416dd6b3) x13 0x00000000
core   0: 0x80004b6c (0x40f95713) srai    a4, s2, 15
core   0: 3 0x80004b6c (0x40f95713) x14 0x0000cfbd
core   0: 0x80004b70 (0x0275d733) divu    a4, a1, t2
core   0: 3 0x80004b70 (0x0275d733) x14 0x00000000
core   0: 0x80004b74 (0x03414db3) div     s11, sp, s4
core   0: 3 0x80004b74 (0x03414db3) x27 0x00000000
core   0: 0x80004b78 (0x47f32313) slti    t1, t1, 1151
core   0: 3 0x80004b78 (0x47f32313) x 6 0x00000001
core   0: 0x80004b7c (0x4c5ea793) slti    a5, t4, 1221
core   0: 3 0x80004b7c (0x4c5ea793) x15 0x00000000
core   0: 0x80004b80 (0xe041e793) ori     a5, gp, -508
core   0: 3 0x80004b80 (0xe041e793) x15 0xffffff8f
core   0: 0x80004b84 (0x41c88db3) sub     s11, a7, t3
core   0: 3 0x80004b84 (0x41c88db3) x27 0x4e7bffb2
core   0: 0x80004b88 (0x0043d713) srli    a4, t2, 4
core   0: 3 0x80004b88 (0x0043d713) x14 0x04c4ced6
core   0: 0x80004b8c (0x41d68a33) sub     s4, a3, t4
core   0: 3 0x80004b8c (0x41d68a33) x20 0x98212824
core   0: 0x80004b90 (0x014b1733) sll     a4, s6, s4
core   0: 3 0x80004b90 (0x014b1733) x14 0x00006980
core   0: 0x80004b94 (0x404fdb93) srai    s7, t6, 4
core   0: 3 0x80004b94 (0x404fdb93) x23 0x00000000
core   0: 0x80004b98 (0x52afa593) slti    a1, t6, 1322
core   0: 3 0x80004b98 (0x52afa593) x11 0x00000001
core   0: 0x80004b9c (0x00776eb3) or      t4, a4, t2
core   0: 3 0x80004b9c (0x00776eb3) x29 0x4c4cedef
core   0: 0x80004ba0 (0x02c64cb3) div     s9, a2, a2
core   0: 3 0x80004ba0 (0x02c64cb3) x25 0xffffffff
core   0: 0x80004ba4 (0x35a27893) andi    a7, tp, 858
core   0: 3 0x80004ba4 (0x35a27893) x17 0x00000048
core   0: 0x80004ba8 (0x00000013) nop
core   0: 3 0x80004ba8 (0x00000013)
core   0: 0x80004bac (0x417fd533) sra     a0, t6, s7
core   0: 3 0x80004bac (0x417fd533) x10 0x00000000
core   0: 0x80004bb0 (0xb23c0f93) addi    t6, s8, -1245
core   0: 3 0x80004bb0 (0xb23c0f93) x31 0x3efffba9
core   0: 0x80004bb4 (0x01f3d533) srl     a0, t2, t6
core   0: 3 0x80004bb4 (0x01f3d533) x10 0x00262676
core   0: 0x80004bb8 (0x00ff05b3) add     a1, t5, a5
core   0: 3 0x80004bb8 (0x00ff05b3) x11 0x80018c73
core   0: 0x80004bbc (0x03b9e833) rem     a6, s3, s11
core   0: 3 0x80004bbc (0x03b9e833) x16 0xce7d4e16
core   0: 0x80004bc0 (0x01c316b3) sll     a3, t1, t3
core   0: 3 0x80004bc0 (0x01c316b3) x13 0x00000001
core   0: 0x80004bc4 (0x01c5cb33) xor     s6, a1, t3
core   0: 3 0x80004bc4 (0x01c5cb33) x22 0x31858bd3
core   0: 0x80004bc8 (0x03df1233) mulh    tp, t5, t4
core   0: 3 0x80004bc8 (0x03df1233) x 4 0xd9d9ff53
core   0: 0x80004bcc (0x80423413) sltiu   s0, tp, -2044
core   0: 3 0x80004bcc (0x80423413) x 8 0x00000001
core   0: 0x80004bd0 (0x004d92b3) sll     t0, s11, tp
core   0: 3 0x80004bd0 (0x004d92b3) x 5 0xfd900000
core   0: 0x80004bd4 (0x00906ab3) or      s5, zero, s1
core   0: 3 0x80004bd4 (0x00906ab3) x21 0x00000000
core   0: 0x80004bd8 (0x00000013) nop
core   0: 3 0x80004bd8 (0x00000013)
core   0: 0x80004bdc (0x402dd733) sra     a4, s11, sp
core   0: 3 0x80004bdc (0x402dd733) x14 0x0004e7bf
core   0: 0x80004be0 (0x0209a033) mulhsu  zero, s3, zero
core   0: 3 0x80004be0 (0x0209a033)
core   0: 0x80004be4 (0x01b3dd93) srli    s11, t2, 27
core   0: 3 0x80004be4 (0x01b3dd93) x27 0x00000009
core   0: 0x80004be8 (0x0142f5b3) and     a1, t0, s4
core   0: 3 0x80004be8 (0x0142f5b3) x11 0x98000000
core   0: 0x80004bec (0xac560a93) addi    s5, a2, -1339
core   0: 3 0x80004bec (0xac560a93) x21 0xfffffac5
core   0: 0x80004bf0 (0x9a00f593) andi    a1, ra, -1632
core   0: 3 0x80004bf0 (0x9a00f593) x11 0xd6fb4920
core   0: 0x80004bf4 (0x01dbac13) slti    s8, s7, 29
core   0: 3 0x80004bf4 (0x01dbac13) x24 0x00000001
core   0: 0x80004bf8 (0x017110b3) sll     ra, sp, s7
core   0: 3 0x80004bf8 (0x017110b3) x 1 0xff5bed2c
core   0: 0x80004bfc (0x414e50b3) sra     ra, t3, s4
core   0: 3 0x80004bfc (0x414e50b3) x 1 0xfb18407a
core   0: 0x80004c00 (0x405a5093) srai    ra, s4, 5
core   0: 3 0x80004c00 (0x405a5093) x 1 0xfcc10941
core   0: 0x80004c04 (0x40f7d713) srai    a4, a5, 15
core   0: 3 0x80004c04 (0x40f7d713) x14 0xffffffff
core   0: 0x80004c08 (0x037560b3) rem     ra, a0, s7
core   0: 3 0x80004c08 (0x037560b3) x 1 0x00262676
core   0: 0x80004c0c (0x0319d333) divu    t1, s3, a7
core   0: 3 0x80004c0c (0x0319d333) x 6 0x01c72116
core   0: 0x80004c10 (0x0113c633) xor     a2, t2, a7
core   0: 3 0x80004c10 (0x0113c633) x12 0x4c4ced27
core   0: 0x80004c14 (0x02dfdc33) divu    s8, t6, a3
core   0: 3 0x80004c14 (0x02dfdc33) x24 0x3efffba9
core   0: 0x80004c18 (0x01845fb3) srl     t6, s0, s8
core   0: 3 0x80004c18 (0x01845fb3) x31 0x00000000
core   0: 0x80004c1c (0x013fd733) srl     a4, t6, s3
core   0: 3 0x80004c1c (0x013fd733) x14 0x00000000
core   0: 0x80004c20 (0x01ad0733) add     a4, s10, s10
core   0: 3 0x80004c20 (0x01ad0733) x14 0x00000000
core   0: 0x80004c24 (0x006c32b3) sltu    t0, s8, t1
core   0: 3 0x80004c24 (0x006c32b3) x 5 0x00000000
core   0: 0x80004c28 (0x03ae76b3) remu    a3, t3, s10
core   0: 3 0x80004c28 (0x03ae76b3) x13 0x318407a0
core   0: 0x80004c2c (0x00e4f033) and     zero, s1, a4
core   0: 3 0x80004c2c (0x00e4f033)
core   0: 0x80004c30 (0xeda6c293) xori    t0, a3, -294
core   0: 3 0x80004c30 (0xeda6c293) x 5 0xce7bf97a
core   0: 0x80004c34 (0x00e3c233) xor     tp, t2, a4
core   0: 3 0x80004c34 (0x00e3c233) x 4 0x4c4ced6f
core   0: 0x80004c38 (0xb62391b7) lui     gp, 0xb6239
core   0: 3 0x80004c38 (0xb62391b7) x 3 0xb6239000
core   0: 0x80004c3c (0x67e70913) addi    s2, a4, 1662
core   0: 3 0x80004c3c (0x67e70913) x18 0x0000067e
core   0: 0x80004c40 (0x01ace333) or      t1, s9, s10
core   0: 3 0x80004c40 (0x01ace333) x 6 0xffffffff
core   0: 0x80004c44 (0x0379ee33) rem     t3, s3, s7
core   0: 3 0x80004c44 (0x0379ee33) x28 0x80014e64
core   0: 0x80004c48 (0x4107d8b3) sra     a7, a5, a6
core   0: 3 0x80004c48 (0x4107d8b3) x17 0xffffffff
core   0: 0x80004c4c (0xbcda3a93) sltiu   s5, s4, -1075
core   0: 3 0x80004c4c (0xbcda3a93) x21 0x00000001
core   0: 0x80004c50 (0x0359aa33) mulhsu  s4, s3, s5
core   0: 3 0x80004c50 (0x0359aa33) x20 0xffffffff
core   0: 0x80004c54 (0x02577133) remu    sp, a4, t0
core   0: 3 0x80004c54 (0x02577133) x 2 0x00000000
core   0: 0x80004c58 (0x410e5633) sra     a2, t3, a6
core   0: 3 0x80004c58 (0x410e5633) x12 0xfffffe00
core   0: 0x80004c5c (0x41aed193) srai    gp, t4, 26
core   0: 3 0x80004c5c (0x41aed193) x 3 0x00000013
core   0: 0x80004c60 (0x03172e33) mulhsu  t3, a4, a7
core   0: 3 0x80004c60 (0x03172e33) x28 0x00000000
core   0: 0x80004c64 (0x7a9ebf97) auipc   t6, 0x7a9eb
core   0: 3 0x80004c64 (0x7a9ebf97) x31 0xfa9efc64
core   0: 0x80004c68 (0x02f72733) mulhsu  a4, a4, a5
core   0: 3 0x80004c68 (0x02f72733) x14 0x00000000
core   0: 0x80004c6c (0x00000013) nop
core   0: 3 0x80004c6c (0x00000013)
core   0: 0x80004c70 (0x02493633) mulhu   a2, s2, tp
core   0: 3 0x80004c70 (0x02493633) x12 0x000001ef
core   0: 0x80004c74 (0x03a65fb3) divu    t6, a2, s10
core   0: 3 0x80004c74 (0x03a65fb3) x31 0x00000000
core   0: 0x80004c78 (0x00b23b33) sltu    s6, tp, a1
core   0: 3 0x80004c78 (0x00b23b33) x22 0x00000001
core   0: 0x80004c7c (0x414281b3) sub     gp, t0, s4
core   0: 3 0x80004c7c (0x414281b3) x 3 0xce7bf97b
core   0: 0x80004c80 (0x0001dc13) srli    s8, gp, 0
core   0: 3 0x80004c80 (0x0001dc13) x24 0xce7bf97b
core   0: 0x80004c84 (0x02ac2ab3) mulhsu  s5, s8, a0
core   0: 3 0x80004c84 (0x02ac2ab3) x21 0xfff89ef6
core   0: 0x80004c88 (0xfce1b913) sltiu   s2, gp, -50
core   0: 3 0x80004c88 (0xfce1b913) x18 0x00000001
core   0: 0x80004c8c (0x026973b3) remu    t2, s2, t1
core   0: 3 0x80004c8c (0x026973b3) x 7 0x00000001
core   0: 0x80004c90 (0x025ac0b3) div     ra, s5, t0
core   0: 3 0x80004c90 (0x025ac0b3) x 1 0x00000000
core   0: 0x80004c94 (0x0125f7b3) and     a5, a1, s2
core   0: 3 0x80004c94 (0x0125f7b3) x15 0x00000000
core   0: 0x80004c98 (0x0073da13) srli    s4, t2, 7
core   0: 3 0x80004c98 (0x0073da13) x20 0x00000000
core   0: 0x80004c9c (0x024978b3) remu    a7, s2, tp
core   0: 3 0x80004c9c (0x024978b3) x17 0x00000001
core   0: 0x80004ca0 (0x028e47b3) div     a5, t3, s0
core   0: 3 0x80004ca0 (0x028e47b3) x15 0x00000000
core   0: 0x80004ca4 (0xf9ac7093) andi    ra, s8, -102
core   0: 3 0x80004ca4 (0xf9ac7093) x 1 0xce7bf91a
core   0: 0x80004ca8 (0x3300f713) andi    a4, ra, 816
core   0: 3 0x80004ca8 (0x3300f713) x14 0x00000110
core   0: 0x80004cac (0xa225cb13) xori    s6, a1, -1502
core   0: 3 0x80004cac (0xa225cb13) x22 0x2904b302
core   0: 0x80004cb0 (0x295b3193) sltiu   gp, s6, 661
core   0: 3 0x80004cb0 (0x295b3193) x 3 0x00000000
core   0: 0x80004cb4 (0x02eb0433) mul     s0, s6, a4
core   0: 3 0x80004cb4 (0x02eb0433) x 8 0x94fe3220
core   0: 0x80004cb8 (0x02120a33) mul     s4, tp, ra
core   0: 3 0x80004cb8 (0x02120a33) x20 0xf9161446
core   0: 0x80004cbc (0xb3e43113) sltiu   sp, s0, -1218
core   0: 3 0x80004cbc (0xb3e43113) x 2 0x00000001
core   0: 0x80004cc0 (0x02600633) mul     a2, zero, t1
core   0: 3 0x80004cc0 (0x02600633) x12 0x00000000
core   0: 0x80004cc4 (0x6c266817) auipc   a6, 0x6c266
core   0: 3 0x80004cc4 (0x6c266817) x16 0xec26acc4
core   0: 0x80004cc8 (0x000d62b3) or      t0, s10, zero
core   0: 3 0x80004cc8 (0x000d62b3) x 5 0x80000000
core   0: 0x80004ccc (0x00bf2333) slt     t1, t5, a1
core   0: 3 0x80004ccc (0x00bf2333) x 6 0x00000001
core   0: 0x80004cd0 (0xd4293613) sltiu   a2, s2, -702
core   0: 3 0x80004cd0 (0xd4293613) x12 0x00000001
core   0: 0x80004cd4 (0x419902b3) sub     t0, s2, s9
core   0: 3 0x80004cd4 (0x419902b3) x 5 0x00000002
core   0: 0x80004cd8 (0x00b77833) and     a6, a4, a1
core   0: 3 0x80004cd8 (0x00b77833) x16 0x00000100
core   0: 0x80004cdc (0x40d554b3) sra     s1, a0, a3
core   0: 3 0x80004cdc (0x40d554b3) x 9 0x00262676
core   0: 0x80004ce0 (0x00eb1513) slli    a0, s6, 14
core   0: 3 0x80004ce0 (0x00eb1513) x10 0x2cc08000
core   0: 0x80004ce4 (0xb43fc197) auipc   gp, 0xb43fc
core   0: 3 0x80004ce4 (0xb43fc197) x 3 0x34400ce4
core   0: 0x80004ce8 (0x03395633) divu    a2, s2, s3
core   0: 3 0x80004ce8 (0x03395633) x12 0x00000000
core   0: 0x80004cec (0x01951cb3) sll     s9, a0, s9
core   0: 3 0x80004cec (0x01951cb3) x25 0x00000000
core   0: 0x80004cf0 (0x00000013) nop
core   0: 3 0x80004cf0 (0x00000013)
core   0: 0x80004cf4 (0x9af84193) xori    gp, a6, -1617
core   0: 3 0x80004cf4 (0x9af84193) x 3 0xfffff8af
core   0: 0x80004cf8 (0x41a4db13) srai    s6, s1, 26
core   0: 3 0x80004cf8 (0x41a4db13) x22 0x00000000
core   0: 0x80004cfc (0x00e64533) xor     a0, a2, a4
core   0: 3 0x80004cfc (0x00e64533) x10 0x00000110
core   0: 0x80004d00 (0x0bb98693) addi    a3, s3, 187
core   0: 3 0x80004d00 (0x0bb98693) x13 0x80014f1f
core   0: 0x80004d04 (0xde8e2e13) slti    t3, t3, -536
core   0: 3 0x80004d04 (0xde8e2e13) x28 0x00000000
core   0: 0x80004d08 (0x01c11db3) sll     s11, sp, t3
core   0: 3 0x80004d08 (0x01c11db3) x27 0x00000001
core   0: 0x80004d0c (0x0106c133) xor     sp, a3, a6
core   0: 3 0x80004d0c (0x0106c133) x 2 0x80014e1f
core   0: 0x80004d10 (0x028d50b3) divu    ra, s10, s0
core   0: 3 0x80004d10 (0x028d50b3) x 1 0x00000000
core   0: 0x80004d14 (0x02324db3) div     s11, tp, gp
core   0: 3 0x80004d14 (0x02324db3) x27 0xfff59242
core   0: 0x80004d18 (0x02c40fb3) mul     t6, s0, a2
core   0: 3 0x80004d18 (0x02c40fb3) x31 0x00000000
core   0: 0x80004d1c (0x017fd613) srli    a2, t6, 23
core   0: 3 0x80004d1c (0x017fd613) x12 0x00000000
core   0: 0x80004d20 (0x022b71b3) remu    gp, s6, sp
core   0: 3 0x80004d20 (0x022b71b3) x 3 0x00000000
core   0: 0x80004d24 (0x41210233) sub     tp, sp, s2
core   0: 3 0x80004d24 (0x41210233) x 4 0x80014e1e
core   0: 0x80004d28 (0x01dfe933) or      s2, t6, t4
core   0: 3 0x80004d28 (0x01dfe933) x18 0x4c4cedef
core   0: 0x80004d2c (0x40045d93) srai    s11, s0, 0
core   0: 3 0x80004d2c (0x40045d93) x27 0x94fe3220
core   0: 0x80004d30 (0x010cfbb3) and     s7, s9, a6
core   0: 3 0x80004d30 (0x010cfbb3) x23 0x00000000
core   0: 0x80004d34 (0xea9d3493) sltiu   s1, s10, -343
core   0: 3 0x80004d34 (0xea9d3493) x 9 0x00000001
core   0: 0x80004d38 (0x57896597) auipc   a1, 0x57896
core   0: 3 0x80004d38 (0x57896597) x11 0xd789ad38
core   0: 0x80004d3c (0x03e98db3) mul     s11, s3, t5
core   0: 3 0x80004d3c (0x03e98db3) x27 0x066c8110
core   0: 0x80004d40 (0x4074da93) srai    s5, s1, 7
core   0: 3 0x80004d40 (0x4074da93) x21 0x00000000
core   0: 0x80004d44 (0x034234b3) mulhu   s1, tp, s4
core   0: 3 0x80004d44 (0x034234b3) x 9 0x7c8c4f3a
core   0: 0x80004d48 (0x02480433) mul     s0, a6, tp
core   0: 3 0x80004d48 (0x02480433) x 8 0x014e1e00
core   0: 0x80004d4c (0x8a432297) auipc   t0, 0x8a432
core   0: 3 0x80004d4c (0x8a432297) x 5 0x0a436d4c
core   0: 0x80004d50 (0x07c085b7) lui     a1, 0x7c08
core   0: 3 0x80004d50 (0x07c085b7) x11 0x07c08000
core   0: 0x80004d54 (0x40147093) andi    ra, s0, 1025
core   0: 3 0x80004d54 (0x40147093) x 1 0x00000400
core   0: 0x80004d58 (0xc8c93b37) lui     s6, 0xc8c93
core   0: 3 0x80004d58 (0xc8c93b37) x22 0xc8c93000
core   0: 0x80004d5c (0x0de92393) slti    t2, s2, 222
core   0: 3 0x80004d5c (0x0de92393) x 7 0x00000000
core   0: 0x80004d60 (0xdc97dd97) auipc   s11, 0xdc97d
core   0: 3 0x80004d60 (0xdc97dd97) x27 0x5c981d60
core   0: 0x80004d64 (0x009398b3) sll     a7, t2, s1
core   0: 3 0x80004d64 (0x009398b3) x17 0x00000000
core   0: 0x80004d68 (0x3a998593) addi    a1, s3, 937
core   0: 3 0x80004d68 (0x3a998593) x11 0x8001520d
core   0: 0x80004d6c (0x41efdeb3) sra     t4, t6, t5
core   0: 3 0x80004d6c (0x41efdeb3) x29 0x00000000
core   0: 0x80004d70 (0x402e5133) sra     sp, t3, sp
core   0: 3 0x80004d70 (0x402e5133) x 2 0x00000000
core   0: 0x80004d74 (0x020d2db3) mulhsu  s11, s10, zero
core   0: 3 0x80004d74 (0x020d2db3) x27 0x00000000
core   0: 0x80004d78 (0x01ff2b33) slt     s6, t5, t6
core   0: 3 0x80004d78 (0x01ff2b33) x22 0x00000001
core   0: 0x80004d7c (0x61d728b7) lui     a7, 0x61d72
core   0: 3 0x80004d7c (0x61d728b7) x17 0x61d72000
core   0: 0x80004d80 (0x00611693) slli    a3, sp, 6
core   0: 3 0x80004d80 (0x00611693) x13 0x00000000
core   0: 0x80004d84 (0xe99a9337) lui     t1, 0xe99a9
core   0: 3 0x80004d84 (0xe99a9337) x 6 0xe99a9000
core   0: 0x80004d88 (0x102e4613) xori    a2, t3, 258
core   0: 3 0x80004d88 (0x102e4613) x12 0x00000102
core   0: 0x80004d8c (0x01c87833) and     a6, a6, t3
core   0: 3 0x80004d8c (0x01c87833) x16 0x00000000
core   0: 0x80004d90 (0x38347393) andi    t2, s0, 899
core   0: 3 0x80004d90 (0x38347393) x 7 0x00000200
core   0: 0x80004d94 (0x41fad113) srai    sp, s5, 31
core   0: 3 0x80004d94 (0x41fad113) x 2 0x00000000
core   0: 0x80004d98 (0x0387c333) div     t1, a5, s8
core   0: 3 0x80004d98 (0x0387c333) x 6 0x00000000
core   0: 0x80004d9c (0x01da1013) slli    zero, s4, 29
core   0: 3 0x80004d9c (0x01da1013)
core   0: 0x80004da0 (0x01465293) srli    t0, a2, 20
core   0: 3 0x80004da0 (0x01465293) x 5 0x00000000
core   0: 0x80004da4 (0x01a591b3) sll     gp, a1, s10
core   0: 3 0x80004da4 (0x01a591b3) x 3 0x8001520d
core   0: 0x80004da8 (0x02c7d3b3) divu    t2, a5, a2
core   0: 3 0x80004da8 (0x02c7d3b3) x 7 0x00000000
core   0: 0x80004dac (0x0367fbb3) remu    s7, a5, s6
core   0: 3 0x80004dac (0x0367fbb3) x23 0x00000000
core   0: 0x80004db0 (0x8e3a7493) andi    s1, s4, -1821
core   0: 3 0x80004db0 (0x8e3a7493) x 9 0xf9161042
core   0: 0x80004db4 (0x03cf13b3) mulh    t2, t5, t3
core   0: 3 0x80004db4 (0x03cf13b3) x 7 0x00000000
core   0: 0x80004db8 (0x01292833) slt     a6, s2, s2
core   0: 3 0x80004db8 (0x01292833) x16 0x00000000
core   0: 0x80004dbc (0x0977bc93) sltiu   s9, a5, 151
core   0: 3 0x80004dbc (0x0977bc93) x25 0x00000001
core   0: 0x80004dc0 (0x03e34333) div     t1, t1, t5
core   0: 3 0x80004dc0 (0x03e34333) x 6 0x00000000
core   0: 0x80004dc4 (0x0055e433) or      s0, a1, t0
core   0: 3 0x80004dc4 (0x0055e433) x 8 0x8001520d
core   0: 0x80004dc8 (0x59810393) addi    t2, sp, 1432
core   0: 3 0x80004dc8 (0x59810393) x 7 0x00000598
core   0: 0x80004dcc (0x00ba6b33) or      s6, s4, a1
core   0: 3 0x80004dcc (0x00ba6b33) x22 0xf917564f
core   0: 0x80004dd0 (0x01ec2fb3) slt     t6, s8, t5
core   0: 3 0x80004dd0 (0x01ec2fb3) x31 0x00000000
core   0: 0x80004dd4 (0x001487b3) add     a5, s1, ra
core   0: 3 0x80004dd4 (0x001487b3) x15 0xf9161442
core   0: 0x80004dd8 (0x0285b133) mulhu   sp, a1, s0
core   0: 3 0x80004dd8 (0x0285b133) x 2 0x4001520e
core   0: 0x80004ddc (0x028bd1b3) divu    gp, s7, s0
core   0: 3 0x80004ddc (0x028bd1b3) x 3 0x00000000
core   0: 0x80004de0 (0x00000013) nop
core   0: 3 0x80004de0 (0x00000013)
core   0: 0x80004de4 (0x00da21b3) slt     gp, s4, a3
core   0: 3 0x80004de4 (0x00da21b3) x 3 0x00000001
core   0: 0x80004de8 (0x00000013) nop
core   0: 3 0x80004de8 (0x00000013)
core   0: 0x80004dec (0x02a14633) div     a2, sp, a0
core   0: 3 0x80004dec (0x02a14633) x12 0x003c3d7a
core   0: 0x80004df0 (0x00f63c33) sltu    s8, a2, a5
core   0: 3 0x80004df0 (0x00f63c33) x24 0x00000001
core   0: 0x80004df4 (0x02091933) mulh    s2, s2, zero
core   0: 3 0x80004df4 (0x02091933) x18 0x00000000
core   0: 0x80004df8 (0x01f323b3) slt     t2, t1, t6
core   0: 3 0x80004df8 (0x01f323b3) x 7 0x00000000
core   0: 0x80004dfc (0x2f20f693) andi    a3, ra, 754
core   0: 3 0x80004dfc (0x2f20f693) x13 0x00000000
core   0: 0x80004e00 (0x00345413) srli    s0, s0, 3
core   0: 3 0x80004e00 (0x00345413) x 8 0x10002a41
core   0: 0x80004e04 (0x00e7e933) or      s2, a5, a4
core   0: 3 0x80004e04 (0x00e7e933) x18 0xf9161552
core   0: 0x80004e08 (0x01a79cb3) sll     s9, a5, s10
core   0: 3 0x80004e08 (0x01a79cb3) x25 0xf9161442
core   0: 0x80004e0c (0x41f101b3) sub     gp, sp, t6
core   0: 3 0x80004e0c (0x41f101b3) x 3 0x4001520e
core   0: 0x80004e10 (0x006878b3) and     a7, a6, t1
core   0: 3 0x80004e10 (0x006878b3) x17 0x00000000
core   0: 0x80004e14 (0x0279d833) divu    a6, s3, t2
core   0: 3 0x80004e14 (0x0279d833) x16 0xffffffff
core   0: 0x80004e18 (0x40c4d0b3) sra     ra, s1, a2
core   0: 3 0x80004e18 (0x40c4d0b3) x 1 0xfffffffe
core   0: 0x80004e1c (0x01215393) srli    t2, sp, 18
core   0: 3 0x80004e1c (0x01215393) x 7 0x00001000
core   0: 0x80004e20 (0xd68ab1b7) lui     gp, 0xd68ab
core   0: 3 0x80004e20 (0xd68ab1b7) x 3 0xd68ab000
core   0: 0x80004e24 (0x00ba0e33) add     t3, s4, a1
core   0: 3 0x80004e24 (0x00ba0e33) x28 0x79176653
core   0: 0x80004e28 (0x038e8933) mul     s2, t4, s8
core   0: 3 0x80004e28 (0x038e8933) x18 0x00000000
core   0: 0x80004e2c (0x01d190b3) sll     ra, gp, t4
core   0: 3 0x80004e2c (0x01d190b3) x 1 0xd68ab000
core   0: 0x80004e30 (0x00c41793) slli    a5, s0, 12
core   0: 3 0x80004e30 (0x00c41793) x15 0x02a41000
core   0: 0x80004e34 (0x03df81b3) mul     gp, t6, t4
core   0: 3 0x80004e34 (0x03df81b3) x 3 0x00000000
core   0: 0x80004e38 (0x030de433) rem     s0, s11, a6
core   0: 3 0x80004e38 (0x030de433) x 8 0x00000000
core   0: 0x80004e3c (0x01d927b3) slt     a5, s2, t4
core   0: 3 0x80004e3c (0x01d927b3) x15 0x00000000
core   0: 0x80004e40 (0x41465a33) sra     s4, a2, s4
core   0: 3 0x80004e40 (0x41465a33) x20 0x0000f0f5
core   0: 0x80004e44 (0x01939f93) slli    t6, t2, 25
core   0: 3 0x80004e44 (0x01939f93) x31 0x00000000
core   0: 0x80004e48 (0xacb5e393) ori     t2, a1, -1333
core   0: 3 0x80004e48 (0xacb5e393) x 7 0xfffffacf
core   0: 0x80004e4c (0x013397b3) sll     a5, t2, s3
core   0: 3 0x80004e4c (0x013397b3) x15 0xffffacf0
core   0: 0x80004e50 (0x02cc2c33) mulhsu  s8, s8, a2
core   0: 3 0x80004e50 (0x02cc2c33) x24 0x00000000
core   0: 0x80004e54 (0x01c60bb3) add     s7, a2, t3
core   0: 3 0x80004e54 (0x01c60bb3) x23 0x7953a3cd
core   0: 0x80004e58 (0x0380adb3) mulhsu  s11, ra, s8
core   0: 3 0x80004e58 (0x0380adb3) x27 0x00000000
core   0: 0x80004e5c (0x02678b33) mul     s6, a5, t1
core   0: 3 0x80004e5c (0x02678b33) x22 0x00000000
core   0: 0x80004e60 (0x33094193) xori    gp, s2, 816
core   0: 3 0x80004e60 (0x33094193) x 3 0x00000330
core   0: 0x80004e64 (0xefcce613) ori     a2, s9, -260
core   0: 3 0x80004e64 (0xefcce613) x12 0xfffffefe
core   0: 0x80004e68 (0x03679333) mulh    t1, a5, s6
core   0: 3 0x80004e68 (0x03679333) x 6 0x00000000
core   0: 0x80004e6c (0x00205633) srl     a2, zero, sp
core   0: 3 0x80004e6c (0x00205633) x12 0x00000000
core   0: 0x80004e70 (0x4195dbb3) sra     s7, a1, s9
core   0: 3 0x80004e70 (0x4195dbb3) x23 0xe0005483
core   0: 0x80004e74 (0x00000013) nop
core   0: 3 0x80004e74 (0x00000013)
core   0: 0x80004e78 (0x032d2433) mulhsu  s0, s10, s2
core   0: 3 0x80004e78 (0x032d2433) x 8 0x00000000
core   0: 0x80004e7c (0x01497ab3) and     s5, s2, s4
core   0: 3 0x80004e7c (0x01497ab3) x21 0x00000000
core   0: 0x80004e80 (0x0240fbb3) remu    s7, ra, tp
core   0: 3 0x80004e80 (0x0240fbb3) x23 0x568961e2
core   0: 0x80004e84 (0x03ce3233) mulhu   tp, t3, t3
core   0: 3 0x80004e84 (0x03ce3233) x 4 0x394720de
core   0: 0x80004e88 (0x410fd833) sra     a6, t6, a6
core   0: 3 0x80004e88 (0x410fd833) x16 0x00000000
core   0: 0x80004e8c (0x40cb8933) sub     s2, s7, a2
core   0: 3 0x80004e8c (0x40cb8933) x18 0x568961e2
core   0: 0x80004e90 (0x00000013) nop
core   0: 3 0x80004e90 (0x00000013)
core   0: 0x80004e94 (0x80c63413) sltiu   s0, a2, -2036
core   0: 3 0x80004e94 (0x80c63413) x 8 0x00000001
core   0: 0x80004e98 (0x024613b3) mulh    t2, a2, tp
core   0: 3 0x80004e98 (0x024613b3) x 7 0x00000000
core   0: 0x80004e9c (0x02e34a33) div     s4, t1, a4
core   0: 3 0x80004e9c (0x02e34a33) x20 0x00000000
core   0: 0x80004ea0 (0x037a7433) remu    s0, s4, s7
core   0: 3 0x80004ea0 (0x037a7433) x 8 0x00000000
core   0: 0x80004ea4 (0x3fc18593) addi    a1, gp, 1020
core   0: 3 0x80004ea4 (0x3fc18593) x11 0x0000072c
core   0: 0x80004ea8 (0x03b52933) mulhsu  s2, a0, s11
core   0: 3 0x80004ea8 (0x03b52933) x18 0x00000000
core   0: 0x80004eac (0x812c57b7) lui     a5, 0x812c5
core   0: 3 0x80004eac (0x812c57b7) x15 0x812c5000
core   0: 0x80004eb0 (0x03c83b33) mulhu   s6, a6, t3
core   0: 3 0x80004eb0 (0x03c83b33) x22 0x00000000
core   0: 0x80004eb4 (0x40c20233) sub     tp, tp, a2
core   0: 3 0x80004eb4 (0x40c20233) x 4 0x394720de
core   0: 0x80004eb8 (0x01ce0333) add     t1, t3, t3
core   0: 3 0x80004eb8 (0x01ce0333) x 6 0xf22ecca6
core   0: 0x80004ebc (0x00000013) nop
core   0: 3 0x80004ebc (0x00000013)
core   0: 0x80004ec0 (0xd9c3f413) andi    s0, t2, -612
core   0: 3 0x80004ec0 (0xd9c3f413) x 8 0x00000000
core   0: 0x80004ec4 (0x033c9733) mulh    a4, s9, s3
core   0: 3 0x80004ec4 (0x033c9733) x14 0x0374ecd7
core   0: 0x80004ec8 (0x401687b3) sub     a5, a3, ra
core   0: 3 0x80004ec8 (0x401687b3) x15 0x29755000
core   0: 0x80004ecc (0x00aa8ab3) add     s5, s5, a0
core   0: 3 0x80004ecc (0x00aa8ab3) x21 0x00000110
core   0: 0x80004ed0 (0x01bede13) srli    t3, t4, 27
core   0: 3 0x80004ed0 (0x01bede13) x28 0x00000000
core   0: 0x80004ed4 (0xd62d4f93) xori    t6, s10, -670
core   0: 3 0x80004ed4 (0xd62d4f93) x31 0x7ffffd62
core   0: 0x80004ed8 (0x2d3e3eb7) lui     t4, 0x2d3e3
core   0: 3 0x80004ed8 (0x2d3e3eb7) x29 0x2d3e3000
core   0: 0x80004edc (0x02e41033) mulh    zero, s0, a4
core   0: 3 0x80004edc (0x02e41033)
core   0: 0x80004ee0 (0x00000013) nop
core   0: 3 0x80004ee0 (0x00000013)
core   0: 0x80004ee4 (0x03bc3733) mulhu   a4, s8, s11
core   0: 3 0x80004ee4 (0x03bc3733) x14 0x00000000
core   0: 0x80004ee8 (0x02987cb3) remu    s9, a6, s1
core   0: 3 0x80004ee8 (0x02987cb3) x25 0x00000000
core   0: 0x80004eec (0x40fedc13) srai    s8, t4, 15
core   0: 3 0x80004eec (0x40fedc13) x24 0x00005a7c
core   0: 0x80004ef0 (0x0219ac33) mulhsu  s8, s3, ra
core   0: 3 0x80004ef0 (0x0219ac33) x24 0x94bbc03c
core   0: 0x80004ef4 (0x40bada33) sra     s4, s5, a1
core   0: 3 0x80004ef4 (0x40bada33) x20 0x00000000
core   0: 0x80004ef8 (0x015e7bb3) and     s7, t3, s5
core   0: 3 0x80004ef8 (0x015e7bb3) x23 0x00000000
core   0: 0x80004efc (0x00648c33) add     s8, s1, t1
core   0: 3 0x80004efc (0x00648c33) x24 0xeb44dce8
core   0: 0x80004f00 (0xfea3fe93) andi    t4, t2, -22
core   0: 3 0x80004f00 (0xfea3fe93) x29 0x00000000
core   0: 0x80004f04 (0x6053c093) xori    ra, t2, 1541
core   0: 3 0x80004f04 (0x6053c093) x 1 0x00000605
core   0: 0x80004f08 (0x00e6c7b3) xor     a5, a3, a4
core   0: 3 0x80004f08 (0x00e6c7b3) x15 0x00000000
core   0: 0x80004f0c (0x03c245b3) div     a1, tp, t3
core   0: 3 0x80004f0c (0x03c245b3) x11 0xffffffff
core   0: 0x80004f10 (0x032174b3) remu    s1, sp, s2
core   0: 3 0x80004f10 (0x032174b3) x 9 0x4001520e
core   0: 0x80004f14 (0x033bf1b3) remu    gp, s7, s3
core   0: 3 0x80004f14 (0x033bf1b3) x 3 0x00000000
core   0: 0x80004f18 (0x00982a33) slt     s4, a6, s1
core   0: 3 0x80004f18 (0x00982a33) x20 0x00000001
core   0: 0x80004f1c (0x89f7c313) xori    t1, a5, -1889
core   0: 3 0x80004f1c (0x89f7c313) x 6 0xfffff89f
core   0: 0x80004f20 (0x00db2733) slt     a4, s6, a3
core   0: 3 0x80004f20 (0x00db2733) x14 0x00000000
core   0: 0x80004f24 (0x6aa0ce37) lui     t3, 0x6aa0c
core   0: 3 0x80004f24 (0x6aa0ce37) x28 0x6aa0c000
core   0: 0x80004f28 (0x038f2a33) mulhsu  s4, t5, s8
core   0: 3 0x80004f28 (0x038f2a33) x20 0x8a5efe4c
core   0: 0x80004f2c (0xd460b513) sltiu   a0, ra, -698
core   0: 3 0x80004f2c (0xd460b513) x10 0x00000001
core   0: 0x80004f30 (0x00990db3) add     s11, s2, s1
core   0: 3 0x80004f30 (0x00990db3) x27 0x4001520e
core   0: 0x80004f34 (0x001b5233) srl     tp, s6, ra
core   0: 3 0x80004f34 (0x001b5233) x 4 0x00000000
core   0: 0x80004f38 (0x0041d213) srli    tp, gp, 4
core   0: 3 0x80004f38 (0x0041d213) x 4 0x00000000
core   0: 0x80004f3c (0x0399b433) mulhu   s0, s3, s9
core   0: 3 0x80004f3c (0x0399b433) x 8 0x00000000
core   0: 0x80004f40 (0x9f31c813) xori    a6, gp, -1549
core   0: 3 0x80004f40 (0x9f31c813) x16 0xfffff9f3
core   0: 0x80004f44 (0x5e262493) slti    s1, a2, 1506
core   0: 3 0x80004f44 (0x5e262493) x 9 0x00000001
core   0: 0x80004f48 (0xf02dad93) slti    s11, s11, -254
core   0: 3 0x80004f48 (0xf02dad93) x27 0x00000000
core   0: 0x80004f4c (0x40305533) sra     a0, zero, gp
core   0: 3 0x80004f4c (0x40305533) x10 0x00000000
core   0: 0x80004f50 (0x03d34e33) div     t3, t1, t4
core   0: 3 0x80004f50 (0x03d34e33) x28 0xffffffff
core   0: 0x80004f54 (0x41775033) sra     zero, a4, s7
core   0: 3 0x80004f54 (0x41775033)
core   0: 0x80004f58 (0x4d153cb7) lui     s9, 0x4d153
core   0: 3 0x80004f58 (0x4d153cb7) x25 0x4d153000
core   0: 0x80004f5c (0x02894533) div     a0, s2, s0
core   0: 3 0x80004f5c (0x02894533) x10 0xffffffff
core   0: 0x80004f60 (0x9e9ca693) slti    a3, s9, -1559
core   0: 3 0x80004f60 (0x9e9ca693) x13 0x00000000
core   0: 0x80004f64 (0xbefb8d93) addi    s11, s7, -1041
core   0: 3 0x80004f64 (0xbefb8d93) x27 0xfffffbef
core   0: 0x80004f68 (0x015a4933) xor     s2, s4, s5
core   0: 3 0x80004f68 (0x015a4933) x18 0x8a5eff5c
core   0: 0x80004f6c (0x039b68b3) rem     a7, s6, s9
core   0: 3 0x80004f6c (0x039b68b3) x17 0x00000000
core   0: 0x80004f70 (0x019ffeb3) and     t4, t6, s9
core   0: 3 0x80004f70 (0x019ffeb3) x29 0x4d153000
core   0: 0x80004f74 (0x41bad913) srai    s2, s5, 27
core   0: 3 0x80004f74 (0x41bad913) x18 0x00000000
core   0: 0x80004f78 (0x41745933) sra     s2, s0, s7
core   0: 3 0x80004f78 (0x41745933) x18 0x00000000
core   0: 0x80004f7c (0x41c90933) sub     s2, s2, t3
core   0: 3 0x80004f7c (0x41c90933) x18 0x00000001
core   0: 0x80004f80 (0xb06ff093) andi    ra, t6, -1274
core   0: 3 0x80004f80 (0xb06ff093) x 1 0x7ffff902
core   0: 0x80004f84 (0x012a98b3) sll     a7, s5, s2
core   0: 3 0x80004f84 (0x012a98b3) x17 0x00000220
core   0: 0x80004f88 (0x00de3533) sltu    a0, t3, a3
core   0: 3 0x80004f88 (0x00de3533) x10 0x00000000
core   0: 0x80004f8c (0xa972b7b7) lui     a5, 0xa972b
core   0: 3 0x80004f8c (0xa972b7b7) x15 0xa972b000
core   0: 0x80004f90 (0x0157e433) or      s0, a5, s5
core   0: 3 0x80004f90 (0x0157e433) x 8 0xa972b110
core   0: 0x80004f94 (0x015a9e33) sll     t3, s5, s5
core   0: 3 0x80004f94 (0x015a9e33) x28 0x01100000
core   0: 0x80004f98 (0x5fb44a13) xori    s4, s0, 1531
core   0: 3 0x80004f98 (0x5fb44a13) x20 0xa972b4eb
core   0: 0x80004f9c (0x03b5cdb3) div     s11, a1, s11
core   0: 3 0x80004f9c (0x03b5cdb3) x27 0x00000000
core   0: 0x80004fa0 (0xaa334593) xori    a1, t1, -1373
core   0: 3 0x80004fa0 (0xaa334593) x11 0x0000023c
core   0: 0x80004fa4 (0x03930c33) mul     s8, t1, s9
core   0: 3 0x80004fa4 (0x03930c33) x24 0x36a8d000
core   0: 0x80004fa8 (0x001e7133) and     sp, t3, ra
core   0: 3 0x80004fa8 (0x001e7133) x 2 0x01100000
core   0: 0x80004fac (0x4139d833) sra     a6, s3, s3
core   0: 3 0x80004fac (0x4139d833) x16 0xf80014e6
core   0: 0x80004fb0 (0x011ae5b3) or      a1, s5, a7
core   0: 3 0x80004fb0 (0x011ae5b3) x11 0x00000330
core   0: 0x80004fb4 (0xa095aa13) slti    s4, a1, -1527
core   0: 3 0x80004fb4 (0xa095aa13) x20 0x00000000
core   0: 0x80004fb8 (0x46547493) andi    s1, s0, 1125
core   0: 3 0x80004fb8 (0x46547493) x 9 0x00000000
core   0: 0x80004fbc (0xc3413913) sltiu   s2, sp, -972
core   0: 3 0x80004fbc (0xc3413913) x18 0x00000001
core   0: 0x80004fc0 (0x41613a93) sltiu   s5, sp, 1046
core   0: 3 0x80004fc0 (0x41613a93) x21 0x00000000
core   0: 0x80004fc4 (0xa05de913) ori     s2, s11, -1531
core   0: 3 0x80004fc4 (0xa05de913) x18 0xfffffa05
core   0: 0x80004fc8 (0x51100713) li      a4, 1297
core   0: 3 0x80004fc8 (0x51100713) x14 0x00000511
core   0: 0x80004fcc (0x01111393) slli    t2, sp, 17
core   0: 3 0x80004fcc (0x01111393) x 7 0x00000000
core   0: 0x80004fd0 (0x013aefb3) or      t6, s5, s3
core   0: 3 0x80004fd0 (0x013aefb3) x31 0x80014e64
core   0: 0x80004fd4 (0x84125417) auipc   s0, 0x84125
core   0: 3 0x80004fd4 (0x84125417) x 8 0x04129fd4
core   0: 0x80004fd8 (0x02759833) mulh    a6, a1, t2
core   0: 3 0x80004fd8 (0x02759833) x16 0x00000000
core   0: 0x80004fdc (0x038a3e33) mulhu   t3, s4, s8
core   0: 3 0x80004fdc (0x038a3e33) x28 0x00000000
core   0: 0x80004fe0 (0x039b3bb3) mulhu   s7, s6, s9
core   0: 3 0x80004fe0 (0x039b3bb3) x23 0x00000000
core   0: 0x80004fe4 (0x00525913) srli    s2, tp, 5
core   0: 3 0x80004fe4 (0x00525913) x18 0x00000000
core   0: 0x80004fe8 (0x02ef8833) mul     a6, t6, a4
core   0: 3 0x80004fe8 (0x02ef8833) x16 0x869e28a4
core   0: 0x80004fec (0x01f81313) slli    t1, a6, 31
core   0: 3 0x80004fec (0x01f81313) x 6 0x00000000
core   0: 0x80004ff0 (0x03d3d6b3) divu    a3, t2, t4
core   0: 3 0x80004ff0 (0x03d3d6b3) x13 0x00000000
core   0: 0x80004ff4 (0x028547b3) div     a5, a0, s0
core   0: 3 0x80004ff4 (0x028547b3) x15 0x00000000
core   0: 0x80004ff8 (0x0389e8b3) rem     a7, s3, s8
core   0: 3 0x80004ff8 (0x0389e8b3) x17 0xed52ee64
core   0: 0x80004ffc (0x021327b3) mulhsu  a5, t1, ra
core   0: 3 0x80004ffc (0x021327b3) x15 0x00000000
core   0: 0x80005000 (0x03f1c933) div     s2, gp, t6
core   0: 3 0x80005000 (0x03f1c933) x18 0x00000000
core   0: 0x80005004 (0x01659eb3) sll     t4, a1, s6
core   0: 3 0x80005004 (0x01659eb3) x29 0x00000330
core   0: 0x80005008 (0x00d01b13) slli    s6, zero, 13
core   0: 3 0x80005008 (0x00d01b13) x22 0x00000000
core   0: 0x8000500c (0x00a40433) add     s0, s0, a0
core   0: 3 0x8000500c (0x00a40433) x 8 0x04129fd4
core   0: 0x80005010 (0x00a2e6b3) or      a3, t0, a0
core   0: 3 0x80005010 (0x00a2e6b3) x13 0x00000000
core   0: 0x80005014 (0x00000013) nop
core   0: 3 0x80005014 (0x00000013)
core   0: 0x80005018 (0x00e4bdb3) sltu    s11, s1, a4
core   0: 3 0x80005018 (0x00e4bdb3) x27 0x00000001
core   0: 0x8000501c (0x40cadd93) srai    s11, s5, 12
core   0: 3 0x8000501c (0x40cadd93) x27 0x00000000
core   0: 0x80005020 (0x0268d533) divu    a0, a7, t1
core   0: 3 0x80005020 (0x0268d533) x10 0xffffffff
core   0: 0x80005024 (0x402c5093) srai    ra, s8, 2
core   0: 3 0x80005024 (0x402c5093) x 1 0x0daa3400
core   0: 0x80005028 (0x0e877593) andi    a1, a4, 232
core   0: 3 0x80005028 (0x0e877593) x11 0x00000000
core   0: 0x8000502c (0x01f052b3) srl     t0, zero, t6
core   0: 3 0x8000502c (0x01f052b3) x 5 0x00000000
core   0: 0x80005030 (0x03e77bb3) remu    s7, a4, t5
core   0: 3 0x80005030 (0x03e77bb3) x23 0x00000511
core   0: 0x80005034 (0x01a57933) and     s2, a0, s10
core   0: 3 0x80005034 (0x01a57933) x18 0x80000000
core   0: 0x80005038 (0x404f5a33) sra     s4, t5, tp
core   0: 3 0x80005038 (0x404f5a33) x20 0x80018ce4
core   0: 0x8000503c (0x0303dfb3) divu    t6, t2, a6
core   0: 3 0x8000503c (0x0303dfb3) x31 0x00000000
core   0: 0x80005040 (0x153c3513) sltiu   a0, s8, 339
core   0: 3 0x80005040 (0x153c3513) x10 0x00000000
core   0: 0x80005044 (0xa8104e93) xori    t4, zero, -1407
core   0: 3 0x80005044 (0xa8104e93) x29 0xfffffa81
core   0: 0x80005048 (0x02c35c33) divu    s8, t1, a2
core   0: 3 0x80005048 (0x02c35c33) x24 0xffffffff
core   0: 0x8000504c (0x016aebb3) or      s7, s5, s6
core   0: 3 0x8000504c (0x016aebb3) x23 0x00000000
core   0: 0x80005050 (0x03810eb3) mul     t4, sp, s8
core   0: 3 0x80005050 (0x03810eb3) x29 0xfef00000
core   0: 0x80005054 (0x00cd5393) srli    t2, s10, 12
core   0: 3 0x80005054 (0x00cd5393) x 7 0x00080000
core   0: 0x80005058 (0xf39e0213) addi    tp, t3, -199
core   0: 3 0x80005058 (0xf39e0213) x 4 0xffffff39
core   0: 0x8000505c (0x00b4a833) slt     a6, s1, a1
core   0: 3 0x8000505c (0x00b4a833) x16 0x00000000
core   0: 0x80005060 (0x01ecc633) xor     a2, s9, t5
core   0: 3 0x80005060 (0x01ecc633) x12 0xcd14bce4
core   0: 0x80005064 (0x0051c433) xor     s0, gp, t0
core   0: 3 0x80005064 (0x0051c433) x 8 0x00000000
core   0: 0x80005068 (0x633f6693) ori     a3, t5, 1587
core   0: 3 0x80005068 (0x633f6693) x13 0x80018ef7
core   0: 0x8000506c (0xd6096c13) ori     s8, s2, -672
core   0: 3 0x8000506c (0xd6096c13) x24 0xfffffd60
core   0: 0x80005070 (0x6602d117) auipc   sp, 0x6602d
core   0: 3 0x80005070 (0x6602d117) x 2 0xe6032070
core   0: 0x80005074 (0x76c84637) lui     a2, 0x76c84
core   0: 3 0x80005074 (0x76c84637) x12 0x76c84000
core   0: 0x80005078 (0xd4365137) lui     sp, 0xd4365
core   0: 3 0x80005078 (0xd4365137) x 2 0xd4365000
core   0: 0x8000507c (0x0310e833) rem     a6, ra, a7
core   0: 3 0x8000507c (0x0310e833) x16 0x0daa3400
core   0: 0x80005080 (0x2167fd93) andi    s11, a5, 534
core   0: 3 0x80005080 (0x2167fd93) x27 0x00000000
core   0: 0x80005084 (0x02591c33) mulh    s8, s2, t0
core   0: 3 0x80005084 (0x02591c33) x24 0x00000000
core   0: 0x80005088 (0x416c8933) sub     s2, s9, s6
core   0: 3 0x80005088 (0x416c8933) x18 0x4d153000
core   0: 0x8000508c (0x40350eb3) sub     t4, a0, gp
core   0: 3 0x8000508c (0x40350eb3) x29 0x00000000
core   0: 0x80005090 (0x00d008b3) add     a7, zero, a3
core   0: 3 0x80005090 (0x00d008b3) x17 0x80018ef7
core   0: 0x80005094 (0x05cd0d93) addi    s11, s10, 92
core   0: 3 0x80005094 (0x05cd0d93) x27 0x8000005c
core   0: 0x80005098 (0xa532fe13) andi    t3, t0, -1453
core   0: 3 0x80005098 (0xa532fe13) x28 0x00000000
core   0: 0x8000509c (0x01ff1fb3) sll     t6, t5, t6
core   0: 3 0x8000509c (0x01ff1fb3) x31 0x80018ce4
core   0: 0x800050a0 (0xcc528613) addi    a2, t0, -827
core   0: 3 0x800050a0 (0xcc528613) x12 0xfffffcc5
core   0: 0x800050a4 (0x03b59e33) mulh    t3, a1, s11
core   0: 3 0x800050a4 (0x03b59e33) x28 0x00000000
core   0: 0x800050a8 (0xbf512793) slti    a5, sp, -1035
core   0: 3 0x800050a8 (0xbf512793) x15 0x00000001
core   0: 0x800050ac (0x00fb9433) sll     s0, s7, a5
core   0: 3 0x800050ac (0x00fb9433) x 8 0x00000000
core   0: 0x800050b0 (0x002c6db3) or      s11, s8, sp
core   0: 3 0x800050b0 (0x002c6db3) x27 0xd4365000
core   0: 0x800050b4 (0x0395ddb3) divu    s11, a1, s9
core   0: 3 0x800050b4 (0x0395ddb3) x27 0x00000000
core   0: 0x800050b8 (0x0046db33) srl     s6, a3, tp
core   0: 3 0x800050b8 (0x0046db33) x22 0x00000040
core   0: 0x800050bc (0x009bf8b3) and     a7, s7, s1
core   0: 3 0x800050bc (0x009bf8b3) x17 0x00000000
core   0: 0x800050c0 (0x889afe13) andi    t3, s5, -1911
core   0: 3 0x800050c0 (0x889afe13) x28 0x00000000
core   0: 0x800050c4 (0x0057df93) srli    t6, a5, 5
core   0: 3 0x800050c4 (0x0057df93) x31 0x00000000
core   0: 0x800050c8 (0x00755b13) srli    s6, a0, 7
core   0: 3 0x800050c8 (0x00755b13) x22 0x00000000
core   0: 0x800050cc (0x40b25133) sra     sp, tp, a1
core   0: 3 0x800050cc (0x40b25133) x 2 0xffffff39
core   0: 0x800050d0 (0x9d814193) xori    gp, sp, -1576
core   0: 3 0x800050d0 (0x9d814193) x 3 0x000006e1
core   0: 0x800050d4 (0x03052b33) mulhsu  s6, a0, a6
core   0: 3 0x800050d4 (0x03052b33) x22 0x00000000
core   0: 0x800050d8 (0x0327b1b3) mulhu   gp, a5, s2
core   0: 3 0x800050d8 (0x0327b1b3) x 3 0x00000000
core   0: 0x800050dc (0x417d0933) sub     s2, s10, s7
core   0: 3 0x800050dc (0x417d0933) x18 0x80000000
core   0: 0x800050e0 (0x4160db93) srai    s7, ra, 22
core   0: 3 0x800050e0 (0x4160db93) x23 0x00000036
core   0: 0x800050e4 (0x035a0833) mul     a6, s4, s5
core   0: 3 0x800050e4 (0x035a0833) x16 0x00000000
core   0: 0x800050e8 (0x03c54133) div     sp, a0, t3
core   0: 3 0x800050e8 (0x03c54133) x 2 0xffffffff
core   0: 0x800050ec (0x008e0833) add     a6, t3, s0
core   0: 3 0x800050ec (0x008e0833) x16 0x00000000
core   0: 0x800050f0 (0xe7dee693) ori     a3, t4, -387
core   0: 3 0x800050f0 (0xe7dee693) x13 0xfffffe7d
core   0: 0x800050f4 (0x018cda93) srli    s5, s9, 24
core   0: 3 0x800050f4 (0x018cda93) x21 0x0000004d
core   0: 0x800050f8 (0x00032db3) slt     s11, t1, zero
core   0: 3 0x800050f8 (0x00032db3) x27 0x00000000
core   0: 0x800050fc (0x00893933) sltu    s2, s2, s0
core   0: 3 0x800050fc (0x00893933) x18 0x00000000
core   0: 0x80005100 (0x00d883b3) add     t2, a7, a3
core   0: 3 0x80005100 (0x00d883b3) x 7 0xfffffe7d
core   0: 0x80005104 (0x03008733) mul     a4, ra, a6
core   0: 3 0x80005104 (0x03008733) x14 0x00000000
core   0: 0x80005108 (0x0399ceb3) div     t4, s3, s9
core   0: 3 0x80005108 (0x0399ceb3) x29 0xffffffff
core   0: 0x8000510c (0x028508b3) mul     a7, a0, s0
core   0: 3 0x8000510c (0x028508b3) x17 0x00000000
core   0: 0x80005110 (0x010af2b3) and     t0, s5, a6
core   0: 3 0x80005110 (0x010af2b3) x 5 0x00000000
core   0: 0x80005114 (0x32c78793) addi    a5, a5, 812
core   0: 3 0x80005114 (0x32c78793) x15 0x0000032d
core   0: 0x80005118 (0x08646937) lui     s2, 0x8646
core   0: 3 0x80005118 (0x08646937) x18 0x08646000
core   0: 0x8000511c (0xf03a8693) addi    a3, s5, -253
core   0: 3 0x8000511c (0xf03a8693) x13 0xffffff50
core   0: 0x80005120 (0x0355deb3) divu    t4, a1, s5
core   0: 3 0x80005120 (0x0355deb3) x29 0x00000000
core   0: 0x80005124 (0x3de46393) ori     t2, s0, 990
core   0: 3 0x80005124 (0x3de46393) x 7 0x000003de
core   0: 0x80005128 (0xa4027113) andi    sp, tp, -1472
core   0: 3 0x80005128 (0xa4027113) x 2 0xfffffa00
core   0: 0x8000512c (0x41a68e33) sub     t3, a3, s10
core   0: 3 0x8000512c (0x41a68e33) x28 0x7fffff50
core   0: 0x80005130 (0x025d66b3) rem     a3, s10, t0
core   0: 3 0x80005130 (0x025d66b3) x13 0x80000000
core   0: 0x80005134 (0x51ce2d93) slti    s11, t3, 1308
core   0: 3 0x80005134 (0x51ce2d93) x27 0x00000000
core   0: 0x80005138 (0x003e0633) add     a2, t3, gp
core   0: 3 0x80005138 (0x003e0633) x12 0x7fffff50
core   0: 0x8000513c (0x41cf0cb3) sub     s9, t5, t3
core   0: 3 0x8000513c (0x41cf0cb3) x25 0x00018d94
core   0: 0x80005140 (0x016826b3) slt     a3, a6, s6
core   0: 3 0x80005140 (0x016826b3) x13 0x00000000
core   0: 0x80005144 (0x02cbeab3) rem     s5, s7, a2
core   0: 3 0x80005144 (0x02cbeab3) x21 0x00000036
core   0: 0x80005148 (0x01641333) sll     t1, s0, s6
core   0: 3 0x80005148 (0x01641333) x 6 0x00000000
core   0: 0x8000514c (0xa86e0093) addi    ra, t3, -1402
core   0: 3 0x8000514c (0xa86e0093) x 1 0x7ffff9d6
core   0: 0x80005150 (0x001c46b3) xor     a3, s8, ra
core   0: 3 0x80005150 (0x001c46b3) x13 0x7ffff9d6
core   0: 0x80005154 (0x5e268897) auipc   a7, 0x5e268
core   0: 3 0x80005154 (0x5e268897) x17 0xde26d154
core   0: 0x80005158 (0x41bd85b3) sub     a1, s11, s11
core   0: 3 0x80005158 (0x41bd85b3) x11 0x00000000
core   0: 0x8000515c (0x01959193) slli    gp, a1, 25
core   0: 3 0x8000515c (0x01959193) x 3 0x00000000
core   0: 0x80005160 (0x003a9093) slli    ra, s5, 3
core   0: 3 0x80005160 (0x003a9093) x 1 0x000001b0
core   0: 0x80005164 (0x0146ac33) slt     s8, a3, s4
core   0: 3 0x80005164 (0x0146ac33) x24 0x00000000
core   0: 0x80005168 (0x024405b3) mul     a1, s0, tp
core   0: 3 0x80005168 (0x024405b3) x11 0x00000000
core   0: 0x8000516c (0x035b05b3) mul     a1, s6, s5
core   0: 3 0x8000516c (0x035b05b3) x11 0x00000000
core   0: 0x80005170 (0xd584d937) lui     s2, 0xd584d
core   0: 3 0x80005170 (0xd584d937) x18 0xd584d000
core   0: 0x80005174 (0x008dd1b3) srl     gp, s11, s0
core   0: 3 0x80005174 (0x008dd1b3) x 3 0x00000000
core   0: 0x80005178 (0x9483c513) xori    a0, t2, -1720
core   0: 3 0x80005178 (0x9483c513) x10 0xfffffa96
core   0: 0x8000517c (0x28e3f537) lui     a0, 0x28e3f
core   0: 3 0x8000517c (0x28e3f537) x10 0x28e3f000
core   0: 0x80005180 (0xbe72bf93) sltiu   t6, t0, -1049
core   0: 3 0x80005180 (0xbe72bf93) x31 0x00000001
core   0: 0x80005184 (0x79617713) andi    a4, sp, 1942
core   0: 3 0x80005184 (0x79617713) x14 0x00000200
core   0: 0x80005188 (0x00000013) nop
core   0: 3 0x80005188 (0x00000013)
core   0: 0x8000518c (0x011a88b3) add     a7, s5, a7
core   0: 3 0x8000518c (0x011a88b3) x17 0xde26d18a
core   0: 0x80005190 (0xaeccee93) ori     t4, s9, -1300
core   0: 3 0x80005190 (0xaeccee93) x29 0xfffffffc
core   0: 0x80005194 (0x1ac16193) ori     gp, sp, 428
core   0: 3 0x80005194 (0x1ac16193) x 3 0xfffffbac
core   0: 0x80005198 (0x4057d393) srai    t2, a5, 5
core   0: 3 0x80005198 (0x4057d393) x 7 0x00000019
core   0: 0x8000519c (0x01889933) sll     s2, a7, s8
core   0: 3 0x8000519c (0x01889933) x18 0xde26d18a
core   0: 0x800051a0 (0xec925497) auipc   s1, 0xec925
core   0: 3 0x800051a0 (0xec925497) x 9 0x6c92a1a0
core   0: 0x800051a4 (0x40f25713) srai    a4, tp, 15
core   0: 3 0x800051a4 (0x40f25713) x14 0xffffffff
core   0: 0x800051a8 (0x02a69db3) mulh    s11, a3, a0
core   0: 3 0x800051a8 (0x02a69db3) x27 0x1471f703
core   0: 0x800051ac (0x00398333) add     t1, s3, gp
core   0: 3 0x800051ac (0x00398333) x 6 0x80014a10
core   0: 0x800051b0 (0x02606133) rem     sp, zero, t1
core   0: 3 0x800051b0 (0x02606133) x 2 0x00000000
core   0: 0x800051b4 (0xe81a6e93) ori     t4, s4, -383
core   0: 3 0x800051b4 (0xe81a6e93) x29 0xfffffee5
core   0: 0x800051b8 (0xb2152717) auipc   a4, 0xb2152
core   0: 3 0x800051b8 (0xb2152717) x14 0x321571b8
core   0: 0x800051bc (0x406e5b33) sra     s6, t3, t1
core   0: 3 0x800051bc (0x406e5b33) x22 0x00007fff
core   0: 0x800051c0 (0x2ceb4393) xori    t2, s6, 718
core   0: 3 0x800051c0 (0x2ceb4393) x 7 0x00007d31
core   0: 0x800051c4 (0x0275ecb3) rem     s9, a1, t2
core   0: 3 0x800051c4 (0x0275ecb3) x25 0x00000000
core   0: 0x800051c8 (0x02400cb3) mul     s9, zero, tp
core   0: 3 0x800051c8 (0x02400cb3) x25 0x00000000
core   0: 0x800051cc (0x2a52a513) slti    a0, t0, 677
core   0: 3 0x800051cc (0x2a52a513) x10 0x00000001
core   0: 0x800051d0 (0xb5da4393) xori    t2, s4, -1187
core   0: 3 0x800051d0 (0xb5da4393) x 7 0x7ffe77b9
core   0: 0x800051d4 (0xdf99cd93) xori    s11, s3, -519
core   0: 3 0x800051d4 (0xdf99cd93) x27 0x7ffeb39d
core   0: 0x800051d8 (0x03589eb3) mulh    t4, a7, s5
core   0: 3 0x800051d8 (0x03589eb3) x29 0xfffffff8
core   0: 0x800051dc (0x41cf5333) sra     t1, t5, t3
core   0: 3 0x800051dc (0x41cf5333) x 6 0xffff8001
core   0: 0x800051e0 (0x00d61933) sll     s2, a2, a3
core   0: 3 0x800051e0 (0x00d61933) x18 0xd4000000
core   0: 0x800051e4 (0x46b38713) addi    a4, t2, 1131
core   0: 3 0x800051e4 (0x46b38713) x14 0x7ffe7c24
core   0: 0x800051e8 (0x037ed733) divu    a4, t4, s7
core   0: 3 0x800051e8 (0x037ed733) x14 0x04bda12f
core   0: 0x800051ec (0x6accf893) andi    a7, s9, 1708
core   0: 3 0x800051ec (0x6accf893) x17 0x00000000
core   0: 0x800051f0 (0x0085d8b3) srl     a7, a1, s0
core   0: 3 0x800051f0 (0x0085d8b3) x17 0x00000000
core   0: 0x800051f4 (0xa3d63113) sltiu   sp, a2, -1475
core   0: 3 0x800051f4 (0xa3d63113) x 2 0x00000001
core   0: 0x800051f8 (0x416752b3) sra     t0, a4, s6
core   0: 3 0x800051f8 (0x416752b3) x 5 0x00000000
core   0: 0x800051fc (0x011d8a33) add     s4, s11, a7
core   0: 3 0x800051fc (0x011d8a33) x20 0x7ffeb39d
core   0: 0x80005200 (0x02c2fbb3) remu    s7, t0, a2
core   0: 3 0x80005200 (0x02c2fbb3) x23 0x00000000
core   0: 0x80005204 (0x025f71b3) remu    gp, t5, t0
core   0: 3 0x80005204 (0x025f71b3) x 3 0x80018ce4
core   0: 0x80005208 (0x002d4c33) xor     s8, s10, sp
core   0: 3 0x80005208 (0x002d4c33) x24 0x80000001
core   0: 0x8000520c (0x007080b3) add     ra, ra, t2
core   0: 3 0x8000520c (0x007080b3) x 1 0x7ffe7969
core   0: 0x80005210 (0x40235413) srai    s0, t1, 2
core   0: 3 0x80005210 (0x40235413) x 8 0xffffe000
core   0: 0x80005214 (0x02cabc33) mulhu   s8, s5, a2
core   0: 3 0x80005214 (0x02cabc33) x24 0x0000001a
core   0: 0x80005218 (0x03f68133) mul     sp, a3, t6
core   0: 3 0x80005218 (0x03f68133) x 2 0x7ffff9d6
core   0: 0x8000521c (0x005f3833) sltu    a6, t5, t0
core   0: 3 0x8000521c (0x005f3833) x16 0x00000000
core   0: 0x80005220 (0x000851b3) srl     gp, a6, zero
core   0: 3 0x80005220 (0x000851b3) x 3 0x00000000
core   0: 0x80005224 (0x88ad4893) xori    a7, s10, -1910
core   0: 3 0x80005224 (0x88ad4893) x17 0x7ffff88a
core   0: 0x80005228 (0xf541f513) andi    a0, gp, -172
core   0: 3 0x80005228 (0xf541f513) x10 0x00000000
core   0: 0x8000522c (0x02e9e1b3) rem     gp, s3, a4
core   0: 3 0x8000522c (0x02e9e1b3) x 3 0xfb43ad2a
core   0: 0x80005230 (0x6ef04793) xori    a5, zero, 1775
core   0: 3 0x80005230 (0x6ef04793) x15 0x000006ef
core   0: 0x80005234 (0x00000013) nop
core   0: 3 0x80005234 (0x00000013)
core   0: 0x80005238 (0x03c9b4b3) mulhu   s1, s3, t3
core   0: 3 0x80005238 (0x03c9b4b3) x 9 0x4000a6d9
core   0: 0x8000523c (0x96dbe813) ori     a6, s7, -1683
core   0: 3 0x8000523c (0x96dbe813) x16 0xfffff96d
core   0: 0x80005240 (0x03e35833) divu    a6, t1, t5
core   0: 3 0x80005240 (0x03e35833) x16 0x00000001
core   0: 0x80005244 (0x9801f393) andi    t2, gp, -1664
core   0: 3 0x80005244 (0x9801f393) x 7 0xfb43a900
core   0: 0x80005248 (0xe1f54313) xori    t1, a0, -481
core   0: 3 0x80005248 (0xe1f54313) x 6 0xfffffe1f
core   0: 0x8000524c (0x021401b3) mul     gp, s0, ra
core   0: 3 0x8000524c (0x021401b3) x 3 0x30d2e000
core   0: 0x80005250 (0x00f150b3) srl     ra, sp, a5
core   0: 3 0x80005250 (0x00f150b3) x 1 0x0000ffff
core   0: 0x80005254 (0x9960b513) sltiu   a0, ra, -1642
core   0: 3 0x80005254 (0x9960b513) x10 0x00000001
core   0: 0x80005258 (0x01f471b3) and     gp, s0, t6
core   0: 3 0x80005258 (0x01f471b3) x 3 0x00000000
core   0: 0x8000525c (0x4cda2713) slti    a4, s4, 1229
core   0: 3 0x8000525c (0x4cda2713) x14 0x00000000
core   0: 0x80005260 (0x00279e93) slli    t4, a5, 2
core   0: 3 0x80005260 (0x00279e93) x29 0x00001bbc
core   0: 0x80005264 (0x01f28c33) add     s8, t0, t6
core   0: 3 0x80005264 (0x01f28c33) x24 0x00000001
core   0: 0x80005268 (0x74f3b913) sltiu   s2, t2, 1871
core   0: 3 0x80005268 (0x74f3b913) x18 0x00000000
core   0: 0x8000526c (0x0007e017) auipc   zero, 0x7e
core   0: 3 0x8000526c (0x0007e017)
core   0: 0x80005270 (0x01b50833) add     a6, a0, s11
core   0: 3 0x80005270 (0x01b50833) x16 0x7ffeb39e
core   0: 0x80005274 (0x01582a33) slt     s4, a6, s5
core   0: 3 0x80005274 (0x01582a33) x20 0x00000000
core   0: 0x80005278 (0x5496b417) auipc   s0, 0x5496b
core   0: 3 0x80005278 (0x5496b417) x 8 0xd4970278
core   0: 0x8000527c (0x024fd333) divu    t1, t6, tp
core   0: 3 0x8000527c (0x024fd333) x 6 0x00000000
core   0: 0x80005280 (0x6e4bd417) auipc   s0, 0x6e4bd
core   0: 3 0x80005280 (0x6e4bd417) x 8 0xee4c2280
core   0: 0x80005284 (0xe1cdb713) sltiu   a4, s11, -484
core   0: 3 0x80005284 (0xe1cdb713) x14 0x00000001
core   0: 0x80005288 (0x68202313) slti    t1, zero, 1666
core   0: 3 0x80005288 (0x68202313) x 6 0x00000001
core   0: 0x8000528c (0x02751bb3) mulh    s7, a0, t2
core   0: 3 0x8000528c (0x02751bb3) x23 0xffffffff
core   0: 0x80005290 (0x0b09f793) andi    a5, s3, 176
core   0: 3 0x80005290 (0x0b09f793) x15 0x00000020
core   0: 0x80005294 (0x02a0ae33) mulhsu  t3, ra, a0
core   0: 3 0x80005294 (0x02a0ae33) x28 0x00000000
core   0: 0x80005298 (0xbffe6c13) ori     s8, t3, -1025
core   0: 3 0x80005298 (0xbffe6c13) x24 0xfffffbff
core   0: 0x8000529c (0x01679db3) sll     s11, a5, s6
core   0: 3 0x8000529c (0x01679db3) x27 0x00000000
core   0: 0x800052a0 (0x418fd333) sra     t1, t6, s8
core   0: 3 0x800052a0 (0x418fd333) x 6 0x00000000
core   0: 0x800052a4 (0x560c6593) ori     a1, s8, 1376
core   0: 3 0x800052a4 (0x560c6593) x11 0xffffffff
core   0: 0x800052a8 (0x414853b3) sra     t2, a6, s4
core   0: 3 0x800052a8 (0x414853b3) x 7 0x7ffeb39e
core   0: 0x800052ac (0x2a32b593) sltiu   a1, t0, 675
core   0: 3 0x800052ac (0x2a32b593) x11 0x00000001
core   0: 0x800052b0 (0x0126a233) slt     tp, a3, s2
core   0: 3 0x800052b0 (0x0126a233) x 4 0x00000000
core   0: 0x800052b4 (0x40ea05b3) sub     a1, s4, a4
core   0: 3 0x800052b4 (0x40ea05b3) x11 0xffffffff
core   0: 0x800052b8 (0x03bf3833) mulhu   a6, t5, s11
core   0: 3 0x800052b8 (0x03bf3833) x16 0x00000000
core   0: 0x800052bc (0xa3ce7093) andi    ra, t3, -1476
core   0: 3 0x800052bc (0xa3ce7093) x 1 0x00000000
core   0: 0x800052c0 (0x515b3913) sltiu   s2, s6, 1301
core   0: 3 0x800052c0 (0x515b3913) x18 0x00000000
core   0: 0x800052c4 (0x54212917) auipc   s2, 0x54212
core   0: 3 0x800052c4 (0x54212917) x18 0xd42172c4
core   0: 0x800052c8 (0xaf9fad93) slti    s11, t6, -1287
core   0: 3 0x800052c8 (0xaf9fad93) x27 0x00000000
core   0: 0x800052cc (0x3ceba913) slti    s2, s7, 974
core   0: 3 0x800052cc (0x3ceba913) x18 0x00000001
core   0: 0x800052d0 (0x59ccfb93) andi    s7, s9, 1436
core   0: 3 0x800052d0 (0x59ccfb93) x23 0x00000000
core   0: 0x800052d4 (0x01bbcfb3) xor     t6, s7, s11
core   0: 3 0x800052d4 (0x01bbcfb3) x31 0x00000000
core   0: 0x800052d8 (0x0097d593) srli    a1, a5, 9
core   0: 3 0x800052d8 (0x0097d593) x11 0x00000000
core   0: 0x800052dc (0x41eb5913) srai    s2, s6, 30
core   0: 3 0x800052dc (0x41eb5913) x18 0x00000000
core   0: 0x800052e0 (0x00000013) nop
core   0: 3 0x800052e0 (0x00000013)
core   0: 0x800052e4 (0x00c6a3b3) slt     t2, a3, a2
core   0: 3 0x800052e4 (0x00c6a3b3) x 7 0x00000001
core   0: 0x800052e8 (0xae8a3d93) sltiu   s11, s4, -1304
core   0: 3 0x800052e8 (0xae8a3d93) x27 0x00000001
core   0: 0x800052ec (0x49932e93) slti    t4, t1, 1177
core   0: 3 0x800052ec (0x49932e93) x29 0x00000001
core   0: 0x800052f0 (0x0176c1b3) xor     gp, a3, s7
core   0: 3 0x800052f0 (0x0176c1b3) x 3 0x7ffff9d6
core   0: 0x800052f4 (0x01f61733) sll     a4, a2, t6
core   0: 3 0x800052f4 (0x01f61733) x14 0x7fffff50
core   0: 0x800052f8 (0x0365ac33) mulhsu  s8, a1, s6
core   0: 3 0x800052f8 (0x0365ac33) x24 0x00000000
core   0: 0x800052fc (0xd6f27a13) andi    s4, tp, -657
core   0: 3 0x800052fc (0xd6f27a13) x20 0x00000000
core   0: 0x80005300 (0x00c4a933) slt     s2, s1, a2
core   0: 3 0x80005300 (0x00c4a933) x18 0x00000001
core   0: 0x80005304 (0x38196913) ori     s2, s2, 897
core   0: 3 0x80005304 (0x38196913) x18 0x00000381
core   0: 0x80005308 (0x3ae5be93) sltiu   t4, a1, 942
core   0: 3 0x80005308 (0x3ae5be93) x29 0x00000001
core   0: 0x8000530c (0x979c8213) addi    tp, s9, -1671
core   0: 3 0x8000530c (0x979c8213) x 4 0xfffff979
core   0: 0x80005310 (0x035cb2b3) mulhu   t0, s9, s5
core   0: 3 0x80005310 (0x035cb2b3) x 5 0x00000000
core   0: 0x80005314 (0x01a3dd93) srli    s11, t2, 26
core   0: 3 0x80005314 (0x01a3dd93) x27 0x00000000
core   0: 0x80005318 (0x007e1893) slli    a7, t3, 7
core   0: 3 0x80005318 (0x007e1893) x17 0x00000000
core   0: 0x8000531c (0x02bc7933) remu    s2, s8, a1
core   0: 3 0x8000531c (0x02bc7933) x18 0x00000000
core   0: 0x80005320 (0xee5c8713) addi    a4, s9, -283
core   0: 3 0x80005320 (0xee5c8713) x14 0xfffffee5
core   0: 0x80005324 (0x64788113) addi    sp, a7, 1607
core   0: 3 0x80005324 (0x64788113) x 2 0x00000647
core   0: 0x80005328 (0x011ee933) or      s2, t4, a7
core   0: 3 0x80005328 (0x011ee933) x18 0x00000001
core   0: 0x8000532c (0x0117a4b3) slt     s1, a5, a7
core   0: 3 0x8000532c (0x0117a4b3) x 9 0x00000000
core   0: 0x80005330 (0xcfba3e93) sltiu   t4, s4, -773
core   0: 3 0x80005330 (0xcfba3e93) x29 0x00000001
core   0: 0x80005334 (0x00998ab3) add     s5, s3, s1
core   0: 3 0x80005334 (0x00998ab3) x21 0x80014e64
core   0: 0x80005338 (0x02ade3b3) rem     t2, s11, a0
core   0: 3 0x80005338 (0x02ade3b3) x 7 0x00000000
core   0: 0x8000533c (0x00000013) nop
core   0: 3 0x8000533c (0x00000013)
core   0: 0x80005340 (0x00000013) nop
core   0: 3 0x80005340 (0x00000013)
core   0: 0x80005344 (0x0195f3b3) and     t2, a1, s9
core   0: 3 0x80005344 (0x0195f3b3) x 7 0x00000000
core   0: 0x80005348 (0x41c45693) srai    a3, s0, 28
core   0: 3 0x80005348 (0x41c45693) x13 0xfffffffe
core   0: 0x8000534c (0xfb543413) sltiu   s0, s0, -75
core   0: 3 0x8000534c (0xfb543413) x 8 0x00000001
core   0: 0x80005350 (0x004fcfb3) xor     t6, t6, tp
core   0: 3 0x80005350 (0x004fcfb3) x31 0xfffff979
core   0: 0x80005354 (0x5cc5b313) sltiu   t1, a1, 1484
core   0: 3 0x80005354 (0x5cc5b313) x 6 0x00000001
core   0: 0x80005358 (0x00b6aa33) slt     s4, a3, a1
core   0: 3 0x80005358 (0x00b6aa33) x20 0x00000001
core   0: 0x8000535c (0x03ad3b33) mulhu   s6, s10, s10
core   0: 3 0x8000535c (0x03ad3b33) x22 0x40000000
core   0: 0x80005360 (0x01f22bb3) slt     s7, tp, t6
core   0: 3 0x80005360 (0x01f22bb3) x23 0x00000000
core   0: 0x80005364 (0x41425013) srai    zero, tp, 20
core   0: 3 0x80005364 (0x41425013)
core   0: 0x80005368 (0x4d15a193) slti    gp, a1, 1233
core   0: 3 0x80005368 (0x4d15a193) x 3 0x00000001
core   0: 0x8000536c (0xa230cd93) xori    s11, ra, -1501
core   0: 3 0x8000536c (0xa230cd93) x27 0xfffffa23
core   0: 0x80005370 (0x3e672a13) slti    s4, a4, 998
core   0: 3 0x80005370 (0x3e672a13) x20 0x00000001
core   0: 0x80005374 (0x036221b3) mulhsu  gp, tp, s6
core   0: 3 0x80005374 (0x036221b3) x 3 0xfffffe5e
core   0: 0x80005378 (0x033328b3) mulhsu  a7, t1, s3
core   0: 3 0x80005378 (0x033328b3) x17 0x00000000
core   0: 0x8000537c (0x00096e33) or      t3, s2, zero
core   0: 3 0x8000537c (0x00096e33) x28 0x00000001
core   0: 0x80005380 (0x02cc3733) mulhu   a4, s8, a2
core   0: 3 0x80005380 (0x02cc3733) x14 0x00000000
core   0: 0x80005384 (0x47226413) ori     s0, tp, 1138
core   0: 3 0x80005384 (0x47226413) x 8 0xfffffd7b
core   0: 0x80005388 (0x00000013) nop
core   0: 3 0x80005388 (0x00000013)
core   0: 0x8000538c (0x00f7a533) slt     a0, a5, a5
core   0: 3 0x8000538c (0x00f7a533) x10 0x00000000
core   0: 0x80005390 (0x01f3fa33) and     s4, t2, t6
core   0: 3 0x80005390 (0x01f3fa33) x20 0x00000000
core   0: 0x80005394 (0x02c60733) mul     a4, a2, a2
core   0: 3 0x80005394 (0x02c60733) x14 0x00007900
core   0: 0x80005398 (0x020b56b3) divu    a3, s6, zero
core   0: 3 0x80005398 (0x020b56b3) x13 0xffffffff
core   0: 0x8000539c (0x035727b3) mulhsu  a5, a4, s5
core   0: 3 0x8000539c (0x035727b3) x15 0x00003c80
core   0: 0x800053a0 (0x039291b3) mulh    gp, t0, s9
core   0: 3 0x800053a0 (0x039291b3) x 3 0x00000000
core   0: 0x800053a4 (0x022534b3) mulhu   s1, a0, sp
core   0: 3 0x800053a4 (0x022534b3) x 9 0x00000000
core   0: 0x800053a8 (0x029abc33) mulhu   s8, s5, s1
core   0: 3 0x800053a8 (0x029abc33) x24 0x00000000
core   0: 0x800053ac (0xc9b44213) xori    tp, s0, -869
core   0: 3 0x800053ac (0xc9b44213) x 4 0x000001e0
core   0: 0x800053b0 (0x014e0533) add     a0, t3, s4
core   0: 3 0x800053b0 (0x014e0533) x10 0x00000001
core   0: 0x800053b4 (0x11048097) auipc   ra, 0x11048
core   0: 3 0x800053b4 (0x11048097) x 1 0x9104d3b4
core   0: 0x800053b8 (0x413fd913) srai    s2, t6, 19
core   0: 3 0x800053b8 (0x413fd913) x18 0xffffffff
core   0: 0x800053bc (0x00761e33) sll     t3, a2, t2
core   0: 3 0x800053bc (0x00761e33) x28 0x7fffff50
core   0: 0x800053c0 (0x00000013) nop
core   0: 3 0x800053c0 (0x00000013)
core   0: 0x800053c4 (0x05de4013) xori    zero, t3, 93
core   0: 3 0x800053c4 (0x05de4013)
core   0: 0x800053c8 (0x0222f8b3) remu    a7, t0, sp
core   0: 3 0x800053c8 (0x0222f8b3) x17 0x00000000
core   0: 0x800053cc (0x25467593) andi    a1, a2, 596
core   0: 3 0x800053cc (0x25467593) x11 0x00000250
core   0: 0x800053d0 (0x029d0eb3) mul     t4, s10, s1
core   0: 3 0x800053d0 (0x029d0eb3) x29 0x00000000
core   0: 0x800053d4 (0x02ed6a33) rem     s4, s10, a4
core   0: 3 0x800053d4 (0x02ed6a33) x20 0xffffd700
core   0: 0x800053d8 (0x4b85a293) slti    t0, a1, 1208
core   0: 3 0x800053d8 (0x4b85a293) x 5 0x00000001
core   0: 0x800053dc (0x0148e7b3) or      a5, a7, s4
core   0: 3 0x800053dc (0x0148e7b3) x15 0xffffd700
core   0: 0x800053e0 (0x03ae9b33) mulh    s6, t4, s10
core   0: 3 0x800053e0 (0x03ae9b33) x22 0x00000000
core   0: 0x800053e4 (0x029540b3) div     ra, a0, s1
core   0: 3 0x800053e4 (0x029540b3) x 1 0xffffffff
core   0: 0x800053e8 (0x035a7e33) remu    t3, s4, s5
core   0: 3 0x800053e8 (0x035a7e33) x28 0x7ffe889c
core   0: 0x800053ec (0x1fdfbe13) sltiu   t3, t6, 509
core   0: 3 0x800053ec (0x1fdfbe13) x28 0x00000000
core   0: 0x800053f0 (0x010e84b3) add     s1, t4, a6
core   0: 3 0x800053f0 (0x010e84b3) x 9 0x00000000
core   0: 0x800053f4 (0x41170333) sub     t1, a4, a7
core   0: 3 0x800053f4 (0x41170333) x 6 0x00007900
core   0: 0x800053f8 (0xbe06e313) ori     t1, a3, -1056
core   0: 3 0x800053f8 (0xbe06e313) x 6 0xffffffff
core   0: 0x800053fc (0xc7991f97) auipc   t6, 0xc7991
core   0: 3 0x800053fc (0xc7991f97) x31 0x479963fc
core   0: 0x80005400 (0x009e8fb3) add     t6, t4, s1
core   0: 3 0x80005400 (0x009e8fb3) x31 0x00000000
core   0: 0x80005404 (0x00c69133) sll     sp, a3, a2
core   0: 3 0x80005404 (0x00c69133) x 2 0xffff0000
core   0: 0x80005408 (0x0161fcb3) and     s9, gp, s6
core   0: 3 0x80005408 (0x0161fcb3) x25 0x00000000
core   0: 0x8000540c (0xa0e94b37) lui     s6, 0xa0e94
core   0: 3 0x8000540c (0xa0e94b37) x22 0xa0e94000
core   0: 0x80005410 (0x00859393) slli    t2, a1, 8
core   0: 3 0x80005410 (0x00859393) x 7 0x00025000
core   0: 0x80005414 (0x03223533) mulhu   a0, tp, s2
core   0: 3 0x80005414 (0x03223533) x10 0x000001df
core   0: 0x80005418 (0xfd243797) auipc   a5, 0xfd243
core   0: 3 0x80005418 (0xfd243797) x15 0x7d248418
core   0: 0x8000541c (0x03152733) mulhsu  a4, a0, a7
core   0: 3 0x8000541c (0x03152733) x14 0x00000000
core   0: 0x80005420 (0x50b46913) ori     s2, s0, 1291
core   0: 3 0x80005420 (0x50b46913) x18 0xfffffd7b
core   0: 0x80005424 (0x021d4833) div     a6, s10, ra
core   0: 3 0x80005424 (0x021d4833) x16 0x80000000
core   0: 0x80005428 (0x41646c93) ori     s9, s0, 1046
core   0: 3 0x80005428 (0x41646c93) x25 0xfffffd7f
core   0: 0x8000542c (0x401fd113) srai    sp, t6, 1
core   0: 3 0x8000542c (0x401fd113) x 2 0x00000000
core   0: 0x80005430 (0x4be58317) auipc   t1, 0x4be58
core   0: 3 0x80005430 (0x4be58317) x 6 0xcbe5d430
core   0: 0x80005434 (0x00348733) add     a4, s1, gp
core   0: 3 0x80005434 (0x00348733) x14 0x00000000
core   0: 0x80005438 (0x0143d033) srl     zero, t2, s4
core   0: 3 0x80005438 (0x0143d033)
core   0: 0x8000543c (0x01c9c533) xor     a0, s3, t3
core   0: 3 0x8000543c (0x01c9c533) x10 0x80014e64
core   0: 0x80005440 (0x374acc93) xori    s9, s5, 884
core   0: 3 0x80005440 (0x374acc93) x25 0x80014d10
core   0: 0x80005444 (0x02c300b3) mul     ra, t1, a2
core   0: 3 0x80005444 (0x02c300b3) x 1 0xd1fe1f00
core   0: 0x80005448 (0x018dbdb3) sltu    s11, s11, s8
core   0: 3 0x80005448 (0x018dbdb3) x27 0x00000000
core   0: 0x8000544c (0x40aeddb3) sra     s11, t4, a0
core   0: 3 0x8000544c (0x40aeddb3) x27 0x00000000
core   0: 0x80005450 (0x02ad51b3) divu    gp, s10, a0
core   0: 3 0x80005450 (0x02ad51b3) x 3 0x00000000
core   0: 0x80005454 (0xf8c0bf93) sltiu   t6, ra, -116
core   0: 3 0x80005454 (0xf8c0bf93) x31 0x00000001
core   0: 0x80005458 (0x025451b3) divu    gp, s0, t0
core   0: 3 0x80005458 (0x025451b3) x 3 0xfffffd7b
core   0: 0x8000545c (0x0219a1b3) mulhsu  gp, s3, ra
core   0: 3 0x8000545c (0x0219a1b3) x 3 0x970202cb
core   0: 0x80005460 (0xa9c1ce13) xori    t3, gp, -1380
core   0: 3 0x80005460 (0xa9c1ce13) x28 0x68fdf857
core   0: 0x80005464 (0xdd307217) auipc   tp, 0xdd307
core   0: 3 0x80005464 (0xdd307217) x 4 0x5d30c464
core   0: 0x80005468 (0x0194c1b3) xor     gp, s1, s9
core   0: 3 0x80005468 (0x0194c1b3) x 3 0x80014d10
core   0: 0x8000546c (0x0063f7b3) and     a5, t2, t1
core   0: 3 0x8000546c (0x0063f7b3) x15 0x00005000
core   0: 0x80005470 (0x01215313) srli    t1, sp, 18
core   0: 3 0x80005470 (0x01215313) x 6 0x00000000
core   0: 0x80005474 (0x005a06b3) add     a3, s4, t0
core   0: 3 0x80005474 (0x005a06b3) x13 0xffffd701
core   0: 0x80005478 (0x037f66b3) rem     a3, t5, s7
core   0: 3 0x80005478 (0x037f66b3) x13 0x80018ce4
core   0: 0x8000547c (0x0037eb33) or      s6, a5, gp
core   0: 3 0x8000547c (0x0037eb33) x22 0x80015d10
core   0: 0x80005480 (0x6266f7b7) lui     a5, 0x6266f
core   0: 3 0x80005480 (0x6266f7b7) x15 0x6266f000
core   0: 0x80005484 (0x024651b3) divu    gp, a2, tp
core   0: 3 0x80005484 (0x024651b3) x 3 0x00000001
core   0: 0x80005488 (0x41add8b3) sra     a7, s11, s10
core   0: 3 0x80005488 (0x41add8b3) x17 0x00000000
core   0: 0x8000548c (0x02bfceb3) div     t4, t6, a1
core   0: 3 0x8000548c (0x02bfceb3) x29 0x00000000
core   0: 0x80005490 (0x01a29233) sll     tp, t0, s10
core   0: 3 0x80005490 (0x01a29233) x 4 0x00000001
core   0: 0x80005494 (0x0191d093) srli    ra, gp, 25
core   0: 3 0x80005494 (0x0191d093) x 1 0x00000000
core   0: 0x80005498 (0x6a58e8b7) lui     a7, 0x6a58e
core   0: 3 0x80005498 (0x6a58e8b7) x17 0x6a58e000
core   0: 0x8000549c (0x9a6a8413) addi    s0, s5, -1626
core   0: 3 0x8000549c (0x9a6a8413) x 8 0x8001480a
core   0: 0x800054a0 (0x00f555b3) srl     a1, a0, a5
core   0: 3 0x800054a0 (0x00f555b3) x11 0x80014e64
core   0: 0x800054a4 (0x03dc9c33) mulh    s8, s9, t4
core   0: 3 0x800054a4 (0x03dc9c33) x24 0x00000000
core   0: 0x800054a8 (0x031c50b3) divu    ra, s8, a7
core   0: 3 0x800054a8 (0x031c50b3) x 1 0x00000000
core   0: 0x800054ac (0x0e933137) lui     sp, 0xe933
core   0: 3 0x800054ac (0x0e933137) x 2 0x0e933000
core   0: 0x800054b0 (0x008b9313) slli    t1, s7, 8
core   0: 3 0x800054b0 (0x008b9313) x 6 0x00000000
core   0: 0x800054b4 (0x009aadb3) slt     s11, s5, s1
core   0: 3 0x800054b4 (0x009aadb3) x27 0x00000001
core   0: 0x800054b8 (0x018d2833) slt     a6, s10, s8
core   0: 3 0x800054b8 (0x018d2833) x16 0x00000001
core   0: 0x800054bc (0x035bdeb3) divu    t4, s7, s5
core   0: 3 0x800054bc (0x035bdeb3) x29 0x00000000
core   0: 0x800054c0 (0x76de7293) andi    t0, t3, 1901
core   0: 3 0x800054c0 (0x76de7293) x 5 0x00000045
core   0: 0x800054c4 (0xe1f252b7) lui     t0, 0xe1f25
core   0: 3 0x800054c4 (0xe1f252b7) x 5 0xe1f25000
core   0: 0x800054c8 (0x6f1f7913) andi    s2, t5, 1777
core   0: 3 0x800054c8 (0x6f1f7913) x18 0x000004e0
core   0: 0x800054cc (0x064c7b93) andi    s7, s8, 100
core   0: 3 0x800054cc (0x064c7b93) x23 0x00000000
core   0: 0x800054d0 (0x4025d093) srai    ra, a1, 2
core   0: 3 0x800054d0 (0x4025d093) x 1 0xe0005399
core   0: 0x800054d4 (0x035a6e33) rem     t3, s4, s5
core   0: 3 0x800054d4 (0x035a6e33) x28 0xffffd700
core   0: 0x800054d8 (0x405adb33) sra     s6, s5, t0
core   0: 3 0x800054d8 (0x405adb33) x22 0x80014e64
core   0: 0x800054dc (0xe2533093) sltiu   ra, t1, -475
core   0: 3 0x800054dc (0xe2533093) x 1 0x00000001
core   0: 0x800054e0 (0x02e0c533) div     a0, ra, a4
core   0: 3 0x800054e0 (0x02e0c533) x10 0xffffffff
core   0: 0x800054e4 (0x00933b33) sltu    s6, t1, s1
core   0: 3 0x800054e4 (0x00933b33) x22 0x00000000
core   0: 0x800054e8 (0x024ecfb3) div     t6, t4, tp
core   0: 3 0x800054e8 (0x024ecfb3) x31 0x00000000
core   0: 0x800054ec (0xa369a813) slti    a6, s3, -1482
core   0: 3 0x800054ec (0xa369a813) x16 0x00000001
core   0: 0x800054f0 (0x1e129c97) auipc   s9, 0x1e129
core   0: 3 0x800054f0 (0x1e129c97) x25 0x9e12e4f0
core   0: 0x800054f4 (0x012d5cb3) srl     s9, s10, s2
core   0: 3 0x800054f4 (0x012d5cb3) x25 0x80000000
core   0: 0x800054f8 (0x039ebdb3) mulhu   s11, t4, s9
core   0: 3 0x800054f8 (0x039ebdb3) x27 0x00000000
core   0: 0x800054fc (0x03dceb33) rem     s6, s9, t4
core   0: 3 0x800054fc (0x03dceb33) x22 0x80000000
core   0: 0x80005500 (0x024ffab3) remu    s5, t6, tp
core   0: 3 0x80005500 (0x024ffab3) x21 0x00000000
core   0: 0x80005504 (0xdba42e17) auipc   t3, 0xdba42
core   0: 3 0x80005504 (0xdba42e17) x28 0x5ba47504
core   0: 0x80005508 (0x014106b3) add     a3, sp, s4
core   0: 3 0x80005508 (0x014106b3) x13 0x0e930700
core   0: 0x8000550c (0x017b2cb3) slt     s9, s6, s7
core   0: 3 0x8000550c (0x017b2cb3) x25 0x00000001
core   0: 0x80005510 (0x40a85e93) srai    t4, a6, 10
core   0: 3 0x80005510 (0x40a85e93) x29 0x00000000
core   0: 0x80005514 (0x02190c33) mul     s8, s2, ra
core   0: 3 0x80005514 (0x02190c33) x24 0x000004e0
core   0: 0x80005518 (0x00411fb3) sll     t6, sp, tp
core   0: 3 0x80005518 (0x00411fb3) x31 0x1d266000
core   0: 0x8000551c (0x03419cb3) mulh    s9, gp, s4
core   0: 3 0x8000551c (0x03419cb3) x25 0xffffffff
core   0: 0x80005520 (0x018d7c33) and     s8, s10, s8
core   0: 3 0x80005520 (0x018d7c33) x24 0x00000000
core   0: 0x80005524 (0x01df0ab3) add     s5, t5, t4
core   0: 3 0x80005524 (0x01df0ab3) x21 0x80018ce4
core   0: 0x80005528 (0x119f3293) sltiu   t0, t5, 281
core   0: 3 0x80005528 (0x119f3293) x 5 0x00000000
core   0: 0x8000552c (0x00000013) nop
core   0: 3 0x8000552c (0x00000013)
core   0: 0x80005530 (0x6b728493) addi    s1, t0, 1719
core   0: 3 0x80005530 (0x6b728493) x 9 0x000006b7
core   0: 0x80005534 (0x0177ee33) or      t3, a5, s7
core   0: 3 0x80005534 (0x0177ee33) x28 0x6266f000
core   0: 0x80005538 (0x033a2db3) mulhsu  s11, s4, s3
core   0: 3 0x80005538 (0x033a2db3) x27 0xffffeb7f
core   0: 0x8000553c (0x4044de13) srai    t3, s1, 4
core   0: 3 0x8000553c (0x4044de13) x28 0x0000006b
core   0: 0x80005540 (0x02d9b733) mulhu   a4, s3, a3
core   0: 3 0x80005540 (0x02d9b733) x14 0x07499689
core   0: 0x80005544 (0x14387893) andi    a7, a6, 323
core   0: 3 0x80005544 (0x14387893) x17 0x00000001
core   0: 0x80005548 (0x6e1e7d93) andi    s11, t3, 1761
core   0: 3 0x80005548 (0x6e1e7d93) x27 0x00000061
core   0: 0x8000554c (0x03411e33) mulh    t3, sp, s4
core   0: 3 0x8000554c (0x03411e33) x28 0xfffffdaa
core   0: 0x80005550 (0x00000013) nop
core   0: 3 0x80005550 (0x00000013)
core   0: 0x80005554 (0xdca3bc17) auipc   s8, 0xdca3b
core   0: 3 0x80005554 (0xdca3bc17) x24 0x5ca40554
core   0: 0x80005558 (0x405f81b3) sub     gp, t6, t0
core   0: 3 0x80005558 (0x405f81b3) x 3 0x1d266000
core   0: 0x8000555c (0x4c0f8393) addi    t2, t6, 1216
core   0: 3 0x8000555c (0x4c0f8393) x 7 0x1d2664c0
core   0: 0x80005560 (0x50f5b093) sltiu   ra, a1, 1295
core   0: 3 0x80005560 (0x50f5b093) x 1 0x00000000
core   0: 0x80005564 (0x033e4e33) div     t3, t3, s3
core   0: 3 0x80005564 (0x033e4e33) x28 0x00000000
core   0: 0x80005568 (0x007f67b3) or      a5, t5, t2
core   0: 3 0x80005568 (0x007f67b3) x15 0x9d27ece4
core   0: 0x8000556c (0x02f45933) divu    s2, s0, a5
core   0: 3 0x8000556c (0x02f45933) x18 0x00000000
core   0: 0x80005570 (0x0205c7b3) div     a5, a1, zero
core   0: 3 0x80005570 (0x0205c7b3) x15 0xffffffff
core   0: 0x80005574 (0x00fd7833) and     a6, s10, a5
core   0: 3 0x80005574 (0x00fd7833) x16 0x80000000
core   0: 0x80005578 (0xdbd3cc13) xori    s8, t2, -579
core   0: 3 0x80005578 (0xdbd3cc13) x24 0xe2d9997d
core   0: 0x8000557c (0x01dcd0b3) srl     ra, s9, t4
core   0: 3 0x8000557c (0x01dcd0b3) x 1 0xffffffff
core   0: 0x80005580 (0x022e5cb3) divu    s9, t3, sp
core   0: 3 0x80005580 (0x022e5cb3) x25 0x00000000
core   0: 0x80005584 (0x0882e013) ori     zero, t0, 136
core   0: 3 0x80005584 (0x0882e013)
core   0: 0x80005588 (0x00000013) nop
core   0: 3 0x80005588 (0x00000013)
core   0: 0x8000558c (0x0137bb33) sltu    s6, a5, s3
core   0: 3 0x8000558c (0x0137bb33) x22 0x00000000
core   0: 0x80005590 (0x0222c033) div     zero, t0, sp
core   0: 3 0x80005590 (0x0222c033)
core   0: 0x80005594 (0xd0eef213) andi    tp, t4, -754
core   0: 3 0x80005594 (0xd0eef213) x 4 0x00000000
core   0: 0x80005598 (0x014f9313) slli    t1, t6, 20
core   0: 3 0x80005598 (0x014f9313) x 6 0x00000000
core   0: 0x8000559c (0x409f0133) sub     sp, t5, s1
core   0: 3 0x8000559c (0x409f0133) x 2 0x8001862d
core   0: 0x800055a0 (0x414e5113) srai    sp, t3, 20
core   0: 3 0x800055a0 (0x414e5113) x 2 0x00000000
core   0: 0x800055a4 (0x4091db33) sra     s6, gp, s1
core   0: 3 0x800055a4 (0x4091db33) x22 0x0000003a
core   0: 0x800055a8 (0xd76ed017) auipc   zero, 0xd76ed
core   0: 3 0x800055a8 (0xd76ed017)
core   0: 0x800055ac (0x589eae93) slti    t4, t4, 1417
core   0: 3 0x800055ac (0x589eae93) x29 0x00000001
core   0: 0x800055b0 (0x018b9b93) slli    s7, s7, 24
core   0: 3 0x800055b0 (0x018b9b93) x23 0x00000000
core   0: 0x800055b4 (0x005f4a33) xor     s4, t5, t0
core   0: 3 0x800055b4 (0x005f4a33) x20 0x80018ce4
core   0: 0x800055b8 (0x0003c733) xor     a4, t2, zero
core   0: 3 0x800055b8 (0x0003c733) x14 0x1d2664c0
core   0: 0x800055bc (0x242ef5b7) lui     a1, 0x242ef
core   0: 3 0x800055bc (0x242ef5b7) x11 0x242ef000
core   0: 0x800055c0 (0x03412933) mulhsu  s2, sp, s4
core   0: 3 0x800055c0 (0x03412933) x18 0x00000000
core   0: 0x800055c4 (0x01275213) srli    tp, a4, 18
core   0: 3 0x800055c4 (0x01275213) x 4 0x00000749
core   0: 0x800055c8 (0x1f1f3393) sltiu   t2, t5, 497
core   0: 3 0x800055c8 (0x1f1f3393) x 7 0x00000000
core   0: 0x800055cc (0x000a25b3) slt     a1, s4, zero
core   0: 3 0x800055cc (0x000a25b3) x11 0x00000001
core   0: 0x800055d0 (0x002e7b33) and     s6, t3, sp
core   0: 3 0x800055d0 (0x002e7b33) x22 0x00000000
core   0: 0x800055d4 (0x4102db13) srai    s6, t0, 16
core   0: 3 0x800055d4 (0x4102db13) x22 0x00000000
core   0: 0x800055d8 (0x00ebd113) srli    sp, s7, 14
core   0: 3 0x800055d8 (0x00ebd113) x 2 0x00000000
core   0: 0x800055dc (0x02cf7933) remu    s2, t5, a2
core   0: 3 0x800055dc (0x02cf7933) x18 0x00018d94
core   0: 0x800055e0 (0x22bff013) andi    zero, t6, 555
core   0: 3 0x800055e0 (0x22bff013)
core   0: 0x800055e4 (0x0011c933) xor     s2, gp, ra
core   0: 3 0x800055e4 (0x0011c933) x18 0xe2d99fff
core   0: 0x800055e8 (0xbaf001b7) lui     gp, 0xbaf00
core   0: 3 0x800055e8 (0xbaf001b7) x 3 0xbaf00000
core   0: 0x800055ec (0x022bc7b3) div     a5, s7, sp
core   0: 3 0x800055ec (0x022bc7b3) x15 0xffffffff
core   0: 0x800055f0 (0x13a37693) andi    a3, t1, 314
core   0: 3 0x800055f0 (0x13a37693) x13 0x00000000
core   0: 0x800055f4 (0x95254e13) xori    t3, a0, -1710
core   0: 3 0x800055f4 (0x95254e13) x28 0x000006ad
core   0: 0x800055f8 (0x5f240b93) addi    s7, s0, 1522
core   0: 3 0x800055f8 (0x5f240b93) x23 0x80014dfc
core   0: 0x800055fc (0x1c040513) addi    a0, s0, 448
core   0: 3 0x800055fc (0x1c040513) x10 0x800149ca
core   0: 0x80005600 (0x02d0d833) divu    a6, ra, a3
core   0: 3 0x80005600 (0x02d0d833) x16 0xffffffff
core   0: 0x80005604 (0x00b1d7b3) srl     a5, gp, a1
core   0: 3 0x80005604 (0x00b1d7b3) x15 0x5d780000
core   0: 0x80005608 (0x5fe44d93) xori    s11, s0, 1534
core   0: 3 0x80005608 (0x5fe44d93) x27 0x80014df4
core   0: 0x8000560c (0xec07a393) slti    t2, a5, -320
core   0: 3 0x8000560c (0xec07a393) x 7 0x00000000
core   0: 0x80005610 (0x004e1893) slli    a7, t3, 4
core   0: 3 0x80005610 (0x004e1893) x17 0x00006ad0
core   0: 0x80005614 (0x86533193) sltiu   gp, t1, -1947
core   0: 3 0x80005614 (0x86533193) x 3 0x00000001
core   0: 0x80005618 (0x41e20eb3) sub     t4, tp, t5
core   0: 3 0x80005618 (0x41e20eb3) x29 0x7ffe7a65
core   0: 0x8000561c (0x64108b93) addi    s7, ra, 1601
core   0: 3 0x8000561c (0x64108b93) x23 0x00000640
core   0: 0x80005620 (0x018cbb33) sltu    s6, s9, s8
core   0: 3 0x80005620 (0x018cbb33) x22 0x00000001
core   0: 0x80005624 (0x4130d893) srai    a7, ra, 19
core   0: 3 0x80005624 (0x4130d893) x17 0xffffffff
core   0: 0x80005628 (0x4ac47293) andi    t0, s0, 1196
core   0: 3 0x80005628 (0x4ac47293) x 5 0x00000008
core   0: 0x8000562c (0x005594b3) sll     s1, a1, t0
core   0: 3 0x8000562c (0x005594b3) x 9 0x00000100
core   0: 0x80005630 (0x02b59533) mulh    a0, a1, a1
core   0: 3 0x80005630 (0x02b59533) x10 0x00000000
core   0: 0x80005634 (0x01da2e33) slt     t3, s4, t4
core   0: 3 0x80005634 (0x01da2e33) x28 0x00000001
core   0: 0x80005638 (0x711cc893) xori    a7, s9, 1809
core   0: 3 0x80005638 (0x711cc893) x17 0x00000711
core   0: 0x8000563c (0xe3a0f217) auipc   tp, 0xe3a0f
core   0: 3 0x8000563c (0xe3a0f217) x 4 0x63a1463c
core   0: 0x80005640 (0xf3aa6013) ori     zero, s4, -198
core   0: 3 0x80005640 (0xf3aa6013)
core   0: 0x80005644 (0x01d9e533) or      a0, s3, t4
core   0: 3 0x80005644 (0x01d9e533) x10 0xffff7e65
core   0: 0x80005648 (0x02a09e33) mulh    t3, ra, a0
core   0: 3 0x80005648 (0x02a09e33) x28 0x00000000
core   0: 0x8000564c (0x024acc33) div     s8, s5, tp
core   0: 3 0x8000564c (0x024acc33) x24 0xffffffff
core   0: 0x80005650 (0x0316efb3) rem     t6, a3, a7
core   0: 3 0x80005650 (0x0316efb3) x31 0x00000000
core   0: 0x80005654 (0x00b11e33) sll     t3, sp, a1
core   0: 3 0x80005654 (0x00b11e33) x28 0x00000000
core   0: 0x80005658 (0x81416813) ori     a6, sp, -2028
core   0: 3 0x80005658 (0x81416813) x16 0xfffff814
core   0: 0x8000565c (0x008bb833) sltu    a6, s7, s0
core   0: 3 0x8000565c (0x008bb833) x16 0x00000001
core   0: 0x80005660 (0x003a5093) srli    ra, s4, 3
core   0: 3 0x80005660 (0x003a5093) x 1 0x1000319c
core   0: 0x80005664 (0x036aa6b3) mulhsu  a3, s5, s6
core   0: 3 0x80005664 (0x036aa6b3) x13 0xffffffff
core   0: 0x80005668 (0x01eebdb3) sltu    s11, t4, t5
core   0: 3 0x80005668 (0x01eebdb3) x27 0x00000001
core   0: 0x8000566c (0x02614933) div     s2, sp, t1
core   0: 3 0x8000566c (0x02614933) x18 0xffffffff
core   0: 0x80005670 (0x00bcde93) srli    t4, s9, 11
core   0: 3 0x80005670 (0x00bcde93) x29 0x00000000
core   0: 0x80005674 (0x007f12b3) sll     t0, t5, t2
core   0: 3 0x80005674 (0x007f12b3) x 5 0x80018ce4
core   0: 0x80005678 (0x02158933) mul     s2, a1, ra
core   0: 3 0x80005678 (0x02158933) x18 0x1000319c
core   0: 0x8000567c (0x3b265237) lui     tp, 0x3b265
core   0: 3 0x8000567c (0x3b265237) x 4 0x3b265000
core   0: 0x80005680 (0x030f74b3) remu    s1, t5, a6
core   0: 3 0x80005680 (0x030f74b3) x 9 0x00000000
core   0: 0x80005684 (0x012092b3) sll     t0, ra, s2
core   0: 3 0x80005684 (0x012092b3) x 5 0xc0000000
core   0: 0x80005688 (0xd0696e13) ori     t3, s2, -762
core   0: 3 0x80005688 (0xd0696e13) x28 0xfffffd9e
core   0: 0x8000568c (0x02d32cb3) mulhsu  s9, t1, a3
core   0: 3 0x8000568c (0x02d32cb3) x25 0x00000000
core   0: 0x80005690 (0x0d6bf193) andi    gp, s7, 214
core   0: 3 0x80005690 (0x0d6bf193) x 3 0x00000040
core   0: 0x80005694 (0x024a4e33) div     t3, s4, tp
core   0: 3 0x80005694 (0x024a4e33) x28 0xfffffffe
core   0: 0x80005698 (0x00435613) srli    a2, t1, 4
core   0: 3 0x80005698 (0x00435613) x12 0x00000000
core   0: 0x8000569c (0x01f187b3) add     a5, gp, t6
core   0: 3 0x8000569c (0x01f187b3) x15 0x00000040
core   0: 0x800056a0 (0x6938a493) slti    s1, a7, 1683
core   0: 3 0x800056a0 (0x6938a493) x 9 0x00000000
core   0: 0x800056a4 (0x4152d693) srai    a3, t0, 21
core   0: 3 0x800056a4 (0x4152d693) x13 0xfffffe00
core   0: 0x800056a8 (0xa5f80117) auipc   sp, 0xa5f80
core   0: 3 0x800056a8 (0xa5f80117) x 2 0x25f856a8
core   0: 0x800056ac (0x627cc713) xori    a4, s9, 1575
core   0: 3 0x800056ac (0x627cc713) x14 0x00000627
core   0: 0x800056b0 (0x004d5933) srl     s2, s10, tp
core   0: 3 0x800056b0 (0x004d5933) x18 0x80000000
core   0: 0x800056b4 (0x9ed6e613) ori     a2, a3, -1555
core   0: 3 0x800056b4 (0x9ed6e613) x12 0xffffffed
core   0: 0x800056b8 (0x01cc5c93) srli    s9, s8, 28
core   0: 3 0x800056b8 (0x01cc5c93) x25 0x0000000f
core   0: 0x800056bc (0x006ce6b3) or      a3, s9, t1
core   0: 3 0x800056bc (0x006ce6b3) x13 0x0000000f
core   0: 0x800056c0 (0x96347c13) andi    s8, s0, -1693
core   0: 3 0x800056c0 (0x96347c13) x24 0x80014802
core   0: 0x800056c4 (0x40bfd713) srai    a4, t6, 11
core   0: 3 0x800056c4 (0x40bfd713) x14 0x00000000
core   0: 0x800056c8 (0x02b377b3) remu    a5, t1, a1
core   0: 3 0x800056c8 (0x02b377b3) x15 0x00000000
core   0: 0x800056cc (0x01985933) srl     s2, a6, s9
core   0: 3 0x800056cc (0x01985933) x18 0x00000000
core   0: 0x800056d0 (0x03b3d1b3) divu    gp, t2, s11
core   0: 3 0x800056d0 (0x03b3d1b3) x 3 0x00000000
core   0: 0x800056d4 (0x00ca9013) slli    zero, s5, 12
core   0: 3 0x800056d4 (0x00ca9013)
core   0: 0x800056d8 (0x8ed88c17) auipc   s8, 0x8ed88
core   0: 3 0x800056d8 (0x8ed88c17) x24 0x0ed8d6d8
core   0: 0x800056dc (0x00f25c93) srli    s9, tp, 15
core   0: 3 0x800056dc (0x00f25c93) x25 0x0000764c
core   0: 0x800056e0 (0x019ae633) or      a2, s5, s9
core   0: 3 0x800056e0 (0x019ae633) x12 0x8001feec
core   0: 0x800056e4 (0x02af8cb3) mul     s9, t6, a0
core   0: 3 0x800056e4 (0x02af8cb3) x25 0x00000000
core   0: 0x800056e8 (0x0132d693) srli    a3, t0, 19
core   0: 3 0x800056e8 (0x0132d693) x13 0x00001800
core   0: 0x800056ec (0x027d15b3) mulh    a1, s10, t2
core   0: 3 0x800056ec (0x027d15b3) x11 0x00000000
core   0: 0x800056f0 (0x015a6fb3) or      t6, s4, s5
core   0: 3 0x800056f0 (0x015a6fb3) x31 0x80018ce4
core   0: 0x800056f4 (0x8647bb93) sltiu   s7, a5, -1948
core   0: 3 0x800056f4 (0x8647bb93) x23 0x00000001
core   0: 0x800056f8 (0x0096da33) srl     s4, a3, s1
core   0: 3 0x800056f8 (0x0096da33) x20 0x00001800
core   0: 0x800056fc (0x03c337b3) mulhu   a5, t1, t3
core   0: 3 0x800056fc (0x03c337b3) x15 0x00000000
core   0: 0x80005700 (0x02e41133) mulh    sp, s0, a4
core   0: 3 0x80005700 (0x02e41133) x 2 0x00000000
core   0: 0x80005704 (0x500cc393) xori    t2, s9, 1280
core   0: 3 0x80005704 (0x500cc393) x 7 0x00000500
core   0: 0x80005708 (0x002a5733) srl     a4, s4, sp
core   0: 3 0x80005708 (0x002a5733) x14 0x00001800
core   0: 0x8000570c (0x96840113) addi    sp, s0, -1688
core   0: 3 0x8000570c (0x96840113) x 2 0x80014172
core   0: 0x80005710 (0x00e7f8b3) and     a7, a5, a4
core   0: 3 0x80005710 (0x00e7f8b3) x17 0x00000000
core   0: 0x80005714 (0x002b3833) sltu    a6, s6, sp
core   0: 3 0x80005714 (0x002b3833) x16 0x00000001
core   0: 0x80005718 (0x02e001b3) mul     gp, zero, a4
core   0: 3 0x80005718 (0x02e001b3) x 3 0x00000000
core   0: 0x8000571c (0x03e505b3) mul     a1, a0, t5
core   0: 3 0x8000571c (0x03e505b3) x11 0xb710cdf4
core   0: 0x80005720 (0x00825c93) srli    s9, tp, 8
core   0: 3 0x80005720 (0x00825c93) x25 0x003b2650
core   0: 0x80005724 (0xb193c337) lui     t1, 0xb193c
core   0: 3 0x80005724 (0xb193c337) x 6 0xb193c000
core   0: 0x80005728 (0xaa01aeb7) lui     t4, 0xaa01a
core   0: 3 0x80005728 (0xaa01aeb7) x29 0xaa01a000
core   0: 0x8000572c (0x81e1eeb7) lui     t4, 0x81e1e
core   0: 3 0x8000572c (0x81e1eeb7) x29 0x81e1e000
core   0: 0x80005730 (0x7af73713) sltiu   a4, a4, 1967
core   0: 3 0x80005730 (0x7af73713) x14 0x00000000
core   0: 0x80005734 (0x03ef68b3) rem     a7, t5, t5
core   0: 3 0x80005734 (0x03ef68b3) x17 0x00000000
core   0: 0x80005738 (0x0378c233) div     tp, a7, s7
core   0: 3 0x80005738 (0x0378c233) x 4 0x00000000
core   0: 0x8000573c (0x010f2133) slt     sp, t5, a6
core   0: 3 0x8000573c (0x010f2133) x 2 0x00000001
core   0: 0x80005740 (0x01feeab3) or      s5, t4, t6
core   0: 3 0x80005740 (0x01feeab3) x21 0x81e1ece4
core   0: 0x80005744 (0x03e118b3) mulh    a7, sp, t5
core   0: 3 0x80005744 (0x03e118b3) x17 0xffffffff
core   0: 0x80005748 (0x00f91713) slli    a4, s2, 15
core   0: 3 0x80005748 (0x00f91713) x14 0x00000000
core   0: 0x8000574c (0x082c73b7) lui     t2, 0x82c7
core   0: 3 0x8000574c (0x082c73b7) x 7 0x082c7000
core   0: 0x80005750 (0x02bdbdb3) mulhu   s11, s11, a1
core   0: 3 0x80005750 (0x02bdbdb3) x27 0x00000000
core   0: 0x80005754 (0x014705b3) add     a1, a4, s4
core   0: 3 0x80005754 (0x014705b3) x11 0x00001800
core   0: 0x80005758 (0x012cfa33) and     s4, s9, s2
core   0: 3 0x80005758 (0x012cfa33) x20 0x00000000
core   0: 0x8000575c (0x02173db3) mulhu   s11, a4, ra
core   0: 3 0x8000575c (0x02173db3) x27 0x00000000
core   0: 0x80005760 (0x41bf52b3) sra     t0, t5, s11
core   0: 3 0x80005760 (0x41bf52b3) x 5 0x80018ce4
core   0: 0x80005764 (0x00a18a33) add     s4, gp, a0
core   0: 3 0x80005764 (0x00a18a33) x20 0xffff7e65
core   0: 0x80005768 (0x01c63cb3) sltu    s9, a2, t3
core   0: 3 0x80005768 (0x01c63cb3) x25 0x00000001
core   0: 0x8000576c (0x01fcd5b3) srl     a1, s9, t6
core   0: 3 0x8000576c (0x01fcd5b3) x11 0x00000000
core   0: 0x80005770 (0x012462b3) or      t0, s0, s2
core   0: 3 0x80005770 (0x012462b3) x 5 0x8001480a
core   0: 0x80005774 (0x005e1c13) slli    s8, t3, 5
core   0: 3 0x80005774 (0x005e1c13) x24 0xffffffc0
core   0: 0x80005778 (0x411787b3) sub     a5, a5, a7
core   0: 3 0x80005778 (0x411787b3) x15 0x00000001
core   0: 0x8000577c (0x00b854b3) srl     s1, a6, a1
core   0: 3 0x8000577c (0x00b854b3) x 9 0x00000001
core   0: 0x80005780 (0x017cdb33) srl     s6, s9, s7
core   0: 3 0x80005780 (0x017cdb33) x22 0x00000000
core   0: 0x80005784 (0x032d96b3) mulh    a3, s11, s2
core   0: 3 0x80005784 (0x032d96b3) x13 0x00000000
core   0: 0x80005788 (0x00ba6a33) or      s4, s4, a1
core   0: 3 0x80005788 (0x00ba6a33) x20 0xffff7e65
core   0: 0x8000578c (0x4e65a197) auipc   gp, 0x4e65a
core   0: 3 0x8000578c (0x4e65a197) x 3 0xce65f78c
core   0: 0x80005790 (0x26bee5b7) lui     a1, 0x26bee
core   0: 3 0x80005790 (0x26bee5b7) x11 0x26bee000
core   0: 0x80005794 (0xad568293) addi    t0, a3, -1323
core   0: 3 0x80005794 (0xad568293) x 5 0xfffffad5
core   0: 0x80005798 (0x41ee57b3) sra     a5, t3, t5
core   0: 3 0x80005798 (0x41ee57b3) x15 0xffffffff
core   0: 0x8000579c (0x02fba633) mulhsu  a2, s7, a5
core   0: 3 0x8000579c (0x02fba633) x12 0x00000000
core   0: 0x800057a0 (0x2219a413) slti    s0, s3, 545
core   0: 3 0x800057a0 (0x2219a413) x 8 0x00000001
core   0: 0x800057a4 (0x039e85b3) mul     a1, t4, s9
core   0: 3 0x800057a4 (0x039e85b3) x11 0x81e1e000
core   0: 0x800057a8 (0x7c03b693) sltiu   a3, t2, 1984
core   0: 3 0x800057a8 (0x7c03b693) x13 0x00000000
core   0: 0x800057ac (0x03902bb3) mulhsu  s7, zero, s9
core   0: 3 0x800057ac (0x03902bb3) x23 0x00000000
core   0: 0x800057b0 (0x15b52493) slti    s1, a0, 347
core   0: 3 0x800057b0 (0x15b52493) x 9 0x00000001
core   0: 0x800057b4 (0x03194833) div     a6, s2, a7
core   0: 3 0x800057b4 (0x03194833) x16 0x00000000
core   0: 0x800057b8 (0xf3933093) sltiu   ra, t1, -199
core   0: 3 0x800057b8 (0xf3933093) x 1 0x00000001
core   0: 0x800057bc (0x00972cb3) slt     s9, a4, s1
core   0: 3 0x800057bc (0x00972cb3) x25 0x00000001
core   0: 0x800057c0 (0x0266bcb3) mulhu   s9, a3, t1
core   0: 3 0x800057c0 (0x0266bcb3) x25 0x00000000
core   0: 0x800057c4 (0x00e52bb3) slt     s7, a0, a4
core   0: 3 0x800057c4 (0x00e52bb3) x23 0x00000001
core   0: 0x800057c8 (0x40b75c33) sra     s8, a4, a1
core   0: 3 0x800057c8 (0x40b75c33) x24 0x00000000
core   0: 0x800057cc (0xda05a313) slti    t1, a1, -608
core   0: 3 0x800057cc (0xda05a313) x 6 0x00000001
core   0: 0x800057d0 (0x41473413) sltiu   s0, a4, 1044
core   0: 3 0x800057d0 (0x41473413) x 8 0x00000001
core   0: 0x800057d4 (0x4176d8b3) sra     a7, a3, s7
core   0: 3 0x800057d4 (0x4176d8b3) x17 0x00000000
core   0: 0x800057d8 (0x85b68b13) addi    s6, a3, -1957
core   0: 3 0x800057d8 (0x85b68b13) x22 0xfffff85b
core   0: 0x800057dc (0xf084ad93) slti    s11, s1, -248
core   0: 3 0x800057dc (0xf084ad93) x27 0x00000000
core   0: 0x800057e0 (0x5ee08b13) addi    s6, ra, 1518
core   0: 3 0x800057e0 (0x5ee08b13) x22 0x000005ef
core   0: 0x800057e4 (0x928f3d93) sltiu   s11, t5, -1752
core   0: 3 0x800057e4 (0x928f3d93) x27 0x00000001
core   0: 0x800057e8 (0x40755e13) srai    t3, a0, 7
core   0: 3 0x800057e8 (0x40755e13) x28 0xfffffefc
core   0: 0x800057ec (0x00c04cb3) xor     s9, zero, a2
core   0: 3 0x800057ec (0x00c04cb3) x25 0x00000000
core   0: 0x800057f0 (0x412ad693) srai    a3, s5, 18
core   0: 3 0x800057f0 (0x412ad693) x13 0xffffe078
core   0: 0x800057f4 (0x03127833) remu    a6, tp, a7
core   0: 3 0x800057f4 (0x03127833) x16 0x00000000
core   0: 0x800057f8 (0x01f02133) slt     sp, zero, t6
core   0: 3 0x800057f8 (0x01f02133) x 2 0x00000000
core   0: 0x800057fc (0x417b0933) sub     s2, s6, s7
core   0: 3 0x800057fc (0x417b0933) x18 0x000005ee
core   0: 0x80005800 (0x026d0db3) mul     s11, s10, t1
core   0: 3 0x80005800 (0x026d0db3) x27 0x80000000
core   0: 0x80005804 (0x03d08db3) mul     s11, ra, t4
core   0: 3 0x80005804 (0x03d08db3) x27 0x81e1e000
core   0: 0x80005808 (0xf5b3c613) xori    a2, t2, -165
core   0: 3 0x80005808 (0xf5b3c613) x12 0xf7d38f5b
core   0: 0x8000580c (0x012b1133) sll     sp, s6, s2
core   0: 3 0x8000580c (0x012b1133) x 2 0x017bc000
core   0: 0x80005810 (0x02a497b3) mulh    a5, s1, a0
core   0: 3 0x80005810 (0x02a497b3) x15 0xffffffff
core   0: 0x80005814 (0x75c40e93) addi    t4, s0, 1884
core   0: 3 0x80005814 (0x75c40e93) x29 0x0000075d
core   0: 0x80005818 (0x02b7b0b3) mulhu   ra, a5, a1
core   0: 3 0x80005818 (0x02b7b0b3) x 1 0x81e1dfff
core   0: 0x8000581c (0x00a09db3) sll     s11, ra, a0
core   0: 3 0x8000581c (0x00a09db3) x27 0x3c3bffe0
core   0: 0x80005820 (0x01fe4db3) xor     s11, t3, t6
core   0: 3 0x80005820 (0x01fe4db3) x27 0x7ffe7218
core   0: 0x80005824 (0xa23ee693) ori     a3, t4, -1501
core   0: 3 0x80005824 (0xa23ee693) x13 0xffffff7f
core   0: 0x80005828 (0x013d9733) sll     a4, s11, s3
core   0: 3 0x80005828 (0x013d9733) x14 0xffe72180
core   0: 0x8000582c (0x00000013) nop
core   0: 3 0x8000582c (0x00000013)
core   0: 0x80005830 (0x030ea1b3) mulhsu  gp, t4, a6
core   0: 3 0x80005830 (0x030ea1b3) x 3 0x00000000
core   0: 0x80005834 (0x03063ab3) mulhu   s5, a2, a6
core   0: 3 0x80005834 (0x03063ab3) x21 0x00000000
core   0: 0x80005838 (0x39bb4713) xori    a4, s6, 923
core   0: 3 0x80005838 (0x39bb4713) x14 0x00000674
core   0: 0x8000583c (0x03b1ebb3) rem     s7, gp, s11
core   0: 3 0x8000583c (0x03b1ebb3) x23 0x00000000
core   0: 0x80005840 (0x0137d2b3) srl     t0, a5, s3
core   0: 3 0x80005840 (0x0137d2b3) x 5 0x0fffffff
core   0: 0x80005844 (0x0100d5b3) srl     a1, ra, a6
core   0: 3 0x80005844 (0x0100d5b3) x11 0x81e1dfff
core   0: 0x80005848 (0x01a51a93) slli    s5, a0, 26
core   0: 3 0x80005848 (0x01a51a93) x21 0x94000000
core   0: 0x8000584c (0x00a9feb3) and     t4, s3, a0
core   0: 3 0x8000584c (0x00a9feb3) x29 0x80014e64
core   0: 0x80005850 (0x411d5d93) srai    s11, s10, 17
core   0: 3 0x80005850 (0x411d5d93) x27 0xffffc000
core   0: 0x80005854 (0x0204c733) div     a4, s1, zero
core   0: 3 0x80005854 (0x0204c733) x14 0xffffffff
core   0: 0x80005858 (0x039efc33) remu    s8, t4, s9
core   0: 3 0x80005858 (0x039efc33) x24 0x80014e64
core   0: 0x8000585c (0x0263cc33) div     s8, t2, t1
core   0: 3 0x8000585c (0x0263cc33) x24 0x082c7000
core   0: 0x80005860 (0x007f8033) add     zero, t6, t2
core   0: 3 0x80005860 (0x007f8033)
core   0: 0x80005864 (0x01f33833) sltu    a6, t1, t6
core   0: 3 0x80005864 (0x01f33833) x16 0x00000001
core   0: 0x80005868 (0x9e995597) auipc   a1, 0x9e995
core   0: 3 0x80005868 (0x9e995597) x11 0x1e99a868
core   0: 0x8000586c (0x03503eb3) mulhu   t4, zero, s5
core   0: 3 0x8000586c (0x03503eb3) x29 0x00000000
core   0: 0x80005870 (0x00a9adb3) slt     s11, s3, a0
core   0: 3 0x80005870 (0x00a9adb3) x27 0x00000001
core   0: 0x80005874 (0x0072dbb3) srl     s7, t0, t2
core   0: 3 0x80005874 (0x0072dbb3) x23 0x0fffffff
core   0: 0x80005878 (0x07bb7a13) andi    s4, s6, 123
core   0: 3 0x80005878 (0x07bb7a13) x20 0x0000006b
core   0: 0x8000587c (0x00ba4033) xor     zero, s4, a1
core   0: 3 0x8000587c (0x00ba4033)
core   0: 0x80005880 (0x033744b3) div     s1, a4, s3
core   0: 3 0x80005880 (0x033744b3) x 9 0x00000000
core   0: 0x80005884 (0x40d3deb3) sra     t4, t2, a3
core   0: 3 0x80005884 (0x40d3deb3) x29 0x00000000
core   0: 0x80005888 (0x00bd20b3) slt     ra, s10, a1
core   0: 3 0x80005888 (0x00bd20b3) x 1 0x00000001
core   0: 0x8000588c (0x01df1133) sll     sp, t5, t4
core   0: 3 0x8000588c (0x01df1133) x 2 0x80018ce4
core   0: 0x80005890 (0x007a5e93) srli    t4, s4, 7
core   0: 3 0x80005890 (0x007a5e93) x29 0x00000000
core   0: 0x80005894 (0x026a3c33) mulhu   s8, s4, t1
core   0: 3 0x80005894 (0x026a3c33) x24 0x00000000
core   0: 0x80005898 (0x00159893) slli    a7, a1, 1
core   0: 3 0x80005898 (0x00159893) x17 0x3d3350d0
core   0: 0x8000589c (0x3bd73813) sltiu   a6, a4, 957
core   0: 3 0x8000589c (0x3bd73813) x16 0x00000000
core   0: 0x800058a0 (0x41365033) sra     zero, a2, s3
core   0: 3 0x800058a0 (0x41365033)
core   0: 0x800058a4 (0x00745913) srli    s2, s0, 7
core   0: 3 0x800058a4 (0x00745913) x18 0x00000000
core   0: 0x800058a8 (0x00000013) nop
core   0: 3 0x800058a8 (0x00000013)
core   0: 0x800058ac (0x004b7bb3) and     s7, s6, tp
core   0: 3 0x800058ac (0x004b7bb3) x23 0x00000000
core   0: 0x800058b0 (0x0305a533) mulhsu  a0, a1, a6
core   0: 3 0x800058b0 (0x0305a533) x10 0x00000000
core   0: 0x800058b4 (0x01fd7db3) and     s11, s10, t6
core   0: 3 0x800058b4 (0x01fd7db3) x27 0x80000000
core   0: 0x800058b8 (0x40a90833) sub     a6, s2, a0
core   0: 3 0x800058b8 (0x40a90833) x16 0x00000000
core   0: 0x800058bc (0x01672c33) slt     s8, a4, s6
core   0: 3 0x800058bc (0x01672c33) x24 0x00000001
core   0: 0x800058c0 (0x024c2233) mulhsu  tp, s8, tp
core   0: 3 0x800058c0 (0x024c2233) x 4 0x00000000
core   0: 0x800058c4 (0x01925b13) srli    s6, tp, 25
core   0: 3 0x800058c4 (0x01925b13) x22 0x00000000
core   0: 0x800058c8 (0x038427b3) mulhsu  a5, s0, s8
core   0: 3 0x800058c8 (0x038427b3) x15 0x00000000
core   0: 0x800058cc (0x03db9db3) mulh    s11, s7, t4
core   0: 3 0x800058cc (0x03db9db3) x27 0x00000000
core   0: 0x800058d0 (0x001ed533) srl     a0, t4, ra
core   0: 3 0x800058d0 (0x001ed533) x10 0x00000000
core   0: 0x800058d4 (0x00c8d113) srli    sp, a7, 12
core   0: 3 0x800058d4 (0x00c8d113) x 2 0x0003d335
core   0: 0x800058d8 (0x037b3733) mulhu   a4, s6, s7
core   0: 3 0x800058d8 (0x037b3733) x14 0x00000000
core   0: 0x800058dc (0x6851e093) ori     ra, gp, 1669
core   0: 3 0x800058dc (0x6851e093) x 1 0x00000685
core   0: 0x800058e0 (0x03ef9a33) mulh    s4, t6, t5
core   0: 3 0x800058e0 (0x03ef9a33) x20 0x3ffe731e
core   0: 0x800058e4 (0x41add533) sra     a0, s11, s10
core   0: 3 0x800058e4 (0x41add533) x10 0x00000000
core   0: 0x800058e8 (0x0154d233) srl     tp, s1, s5
core   0: 3 0x800058e8 (0x0154d233) x 4 0x00000000
core   0: 0x800058ec (0x02cc76b3) remu    a3, s8, a2
core   0: 3 0x800058ec (0x02cc76b3) x13 0x00000001
core   0: 0x800058f0 (0x01ef5893) srli    a7, t5, 30
core   0: 3 0x800058f0 (0x01ef5893) x17 0x00000002
core   0: 0x800058f4 (0xaa849897) auipc   a7, 0xaa849
core   0: 3 0x800058f4 (0xaa849897) x17 0x2a84e8f4
core   0: 0x800058f8 (0x00000013) nop
core   0: 3 0x800058f8 (0x00000013)
core   0: 0x800058fc (0x02e72733) mulhsu  a4, a4, a4
core   0: 3 0x800058fc (0x02e72733) x14 0x00000000
core   0: 0x80005900 (0x41ca8cb3) sub     s9, s5, t3
core   0: 3 0x80005900 (0x41ca8cb3) x25 0x94000104
core   0: 0x80005904 (0xe46fee93) ori     t4, t6, -442
core   0: 3 0x80005904 (0xe46fee93) x29 0xfffffee6
core   0: 0x80005908 (0x17a4b413) sltiu   s0, s1, 378
core   0: 3 0x80005908 (0x17a4b413) x 8 0x00000001
core   0: 0x8000590c (0x01bf1033) sll     zero, t5, s11
core   0: 3 0x8000590c (0x01bf1033)
core   0: 0x80005910 (0x50a10e93) addi    t4, sp, 1290
core   0: 3 0x80005910 (0x50a10e93) x29 0x0003d83f
core   0: 0x80005914 (0x6cae0397) auipc   t2, 0x6cae0
core   0: 3 0x80005914 (0x6cae0397) x 7 0xecae5914
core   0: 0x80005918 (0x5dbbcc13) xori    s8, s7, 1499
core   0: 3 0x80005918 (0x5dbbcc13) x24 0x000005db
core   0: 0x8000591c (0x00ad0833) add     a6, s10, a0
core   0: 3 0x8000591c (0x00ad0833) x16 0x80000000
core   0: 0x80005920 (0x026be3b3) rem     t2, s7, t1
core   0: 3 0x80005920 (0x026be3b3) x 7 0x00000000
core   0: 0x80005924 (0x00000013) nop
core   0: 3 0x80005924 (0x00000013)
core   0: 0x80005928 (0x010a2fb3) slt     t6, s4, a6
core   0: 3 0x80005928 (0x010a2fb3) x31 0x00000000
core   0: 0x8000592c (0x011a5d93) srli    s11, s4, 17
core   0: 3 0x8000592c (0x011a5d93) x27 0x00001fff
core   0: 0x80005930 (0xefc32493) slti    s1, t1, -260
core   0: 3 0x80005930 (0xefc32493) x 9 0x00000000
core   0: 0x80005934 (0x01a2d213) srli    tp, t0, 26
core   0: 3 0x80005934 (0x01a2d213) x 4 0x00000003
core   0: 0x80005938 (0x00000013) nop
core   0: 3 0x80005938 (0x00000013)
core   0: 0x8000593c (0x03ad82b3) mul     t0, s11, s10
core   0: 3 0x8000593c (0x03ad82b3) x 5 0x80000000
core   0: 0x80005940 (0x01a661b3) or      gp, a2, s10
core   0: 3 0x80005940 (0x01a661b3) x 3 0xf7d38f5b
core   0: 0x80005944 (0x41d250b3) sra     ra, tp, t4
core   0: 3 0x80005944 (0x41d250b3) x 1 0x00000000
core   0: 0x80005948 (0x0027e433) or      s0, a5, sp
core   0: 3 0x80005948 (0x0027e433) x 8 0x0003d335
core   0: 0x8000594c (0x0271dcb3) divu    s9, gp, t2
core   0: 3 0x8000594c (0x0271dcb3) x25 0xffffffff
core   0: 0x80005950 (0x0024de13) srli    t3, s1, 2
core   0: 3 0x80005950 (0x0024de13) x28 0x00000000
core   0: 0x80005954 (0x006418b3) sll     a7, s0, t1
core   0: 3 0x80005954 (0x006418b3) x17 0x0007a66a
core   0: 0x80005958 (0x00a94bb3) xor     s7, s2, a0
core   0: 3 0x80005958 (0x00a94bb3) x23 0x00000000
core   0: 0x8000595c (0x0375a1b3) mulhsu  gp, a1, s7
core   0: 3 0x8000595c (0x0375a1b3) x 3 0x00000000
core   0: 0x80005960 (0x00041d93) slli    s11, s0, 0
core   0: 3 0x80005960 (0x00041d93) x27 0x0003d335
core   0: 0x80005964 (0x2bfc9417) auipc   s0, 0x2bfc9
core   0: 3 0x80005964 (0x2bfc9417) x 8 0xabfce964
core   0: 0x80005968 (0x00df5a13) srli    s4, t5, 13
core   0: 3 0x80005968 (0x00df5a13) x20 0x0004000c
core   0: 0x8000596c (0x03cfc233) div     tp, t6, t3
core   0: 3 0x8000596c (0x03cfc233) x 4 0xffffffff
core   0: 0x80005970 (0x6a898d93) addi    s11, s3, 1704
core   0: 3 0x80005970 (0x6a898d93) x27 0x8001550c
core   0: 0x80005974 (0x0117fcb3) and     s9, a5, a7
core   0: 3 0x80005974 (0x0117fcb3) x25 0x00000000
core   0: 0x80005978 (0x025947b3) div     a5, s2, t0
core   0: 3 0x80005978 (0x025947b3) x15 0x00000000
core   0: 0x8000597c (0x0075ceb3) xor     t4, a1, t2
core   0: 3 0x8000597c (0x0075ceb3) x29 0x1e99a868
core   0: 0x80005980 (0x00a35cb3) srl     s9, t1, a0
core   0: 3 0x80005980 (0x00a35cb3) x25 0x00000001
core   0: 0x80005984 (0x0311bcb3) mulhu   s9, gp, a7
core   0: 3 0x80005984 (0x0311bcb3) x25 0x00000000
core   0: 0x80005988 (0x013b52b3) srl     t0, s6, s3
core   0: 3 0x80005988 (0x013b52b3) x 5 0x00000000
core   0: 0x8000598c (0x021f7e33) remu    t3, t5, ra
core   0: 3 0x8000598c (0x021f7e33) x28 0x80018ce4
core   0: 0x80005990 (0x0d05d8b7) lui     a7, 0xd05d
core   0: 3 0x80005990 (0x0d05d8b7) x17 0x0d05d000
core   0: 0x80005994 (0x024741b3) div     gp, a4, tp
core   0: 3 0x80005994 (0x024741b3) x 3 0x00000000
core   0: 0x80005998 (0x58183c93) sltiu   s9, a6, 1409
core   0: 3 0x80005998 (0x58183c93) x25 0x00000000
core   0: 0x8000599c (0x03ff4c33) div     s8, t5, t6
core   0: 3 0x8000599c (0x03ff4c33) x24 0xffffffff
core   0: 0x800059a0 (0x03286933) rem     s2, a6, s2
core   0: 3 0x800059a0 (0x03286933) x18 0x80000000
core   0: 0x800059a4 (0xe866ce93) xori    t4, a3, -378
core   0: 3 0x800059a4 (0xe866ce93) x29 0xfffffe87
core   0: 0x800059a8 (0x03db6333) rem     t1, s6, t4
core   0: 3 0x800059a8 (0x03db6333) x 6 0x00000000
core   0: 0x800059ac (0x01c650b3) srl     ra, a2, t3
core   0: 3 0x800059ac (0x01c650b3) x 1 0x0f7d38f5
core   0: 0x800059b0 (0x01c19b13) slli    s6, gp, 28
core   0: 3 0x800059b0 (0x01c19b13) x22 0x00000000
core   0: 0x800059b4 (0x8a98b893) sltiu   a7, a7, -1879
core   0: 3 0x800059b4 (0x8a98b893) x17 0x00000001
core   0: 0x800059b8 (0x01c35a13) srli    s4, t1, 28
core   0: 3 0x800059b8 (0x01c35a13) x20 0x00000000
core   0: 0x800059bc (0x006ff433) and     s0, t6, t1
core   0: 3 0x800059bc (0x006ff433) x 8 0x00000000
core   0: 0x800059c0 (0x013e9b93) slli    s7, t4, 19
core   0: 3 0x800059c0 (0x013e9b93) x23 0xf4380000
core   0: 0x800059c4 (0x0244beb3) mulhu   t4, s1, tp
core   0: 3 0x800059c4 (0x0244beb3) x29 0x00000000
core   0: 0x800059c8 (0x41b588b3) sub     a7, a1, s11
core   0: 3 0x800059c8 (0x41b588b3) x17 0x9e98535c
core   0: 0x800059cc (0xa42e2793) slti    a5, t3, -1470
core   0: 3 0x800059cc (0xa42e2793) x15 0x00000001
core   0: 0x800059d0 (0x03749733) mulh    a4, s1, s7
core   0: 3 0x800059d0 (0x03749733) x14 0x00000000
core   0: 0x800059d4 (0x03663913) sltiu   s2, a2, 54
core   0: 3 0x800059d4 (0x03663913) x18 0x00000000
core   0: 0x800059d8 (0x4070bc93) sltiu   s9, ra, 1031
core   0: 3 0x800059d8 (0x4070bc93) x25 0x00000000
core   0: 0x800059dc (0x0032ceb3) xor     t4, t0, gp
core   0: 3 0x800059dc (0x0032ceb3) x29 0x00000000
core   0: 0x800059e0 (0x403087b3) sub     a5, ra, gp
core   0: 3 0x800059e0 (0x403087b3) x15 0x0f7d38f5
core   0: 0x800059e4 (0x01846533) or      a0, s0, s8
core   0: 3 0x800059e4 (0x01846533) x10 0xffffffff
core   0: 0x800059e8 (0x018e7cb3) and     s9, t3, s8
core   0: 3 0x800059e8 (0x018e7cb3) x25 0x80018ce4
core   0: 0x800059ec (0x86bdf493) andi    s1, s11, -1941
core   0: 3 0x800059ec (0x86bdf493) x 9 0x80015008
core   0: 0x800059f0 (0xac6dbd93) sltiu   s11, s11, -1338
core   0: 3 0x800059f0 (0xac6dbd93) x27 0x00000001
core   0: 0x800059f4 (0x014edf93) srli    t6, t4, 20
core   0: 3 0x800059f4 (0x014edf93) x31 0x00000000
core   0: 0x800059f8 (0x006dedb3) or      s11, s11, t1
core   0: 3 0x800059f8 (0x006dedb3) x27 0x00000001
core   0: 0x800059fc (0x03739833) mulh    a6, t2, s7
core   0: 3 0x800059fc (0x03739833) x16 0x00000000
core   0: 0x80005a00 (0x5b02a393) slti    t2, t0, 1456
core   0: 3 0x80005a00 (0x5b02a393) x 7 0x00000001
core   0: 0x80005a04 (0x03425cb3) divu    s9, tp, s4
core   0: 3 0x80005a04 (0x03425cb3) x25 0xffffffff
core   0: 0x80005a08 (0x00a90033) add     zero, s2, a0
core   0: 3 0x80005a08 (0x00a90033)
core   0: 0x80005a0c (0x01f2e933) or      s2, t0, t6
core   0: 3 0x80005a0c (0x01f2e933) x18 0x00000000
core   0: 0x80005a10 (0x619fee93) ori     t4, t6, 1561
core   0: 3 0x80005a10 (0x619fee93) x29 0x00000619
core   0: 0x80005a14 (0x01509933) sll     s2, ra, s5
core   0: 3 0x80005a14 (0x01509933) x18 0x0f7d38f5
core   0: 0x80005a18 (0x0228deb3) divu    t4, a7, sp
core   0: 3 0x80005a18 (0x0228deb3) x29 0x00002976
core   0: 0x80005a1c (0xfe6e6793) ori     a5, t3, -26
core   0: 3 0x80005a1c (0xfe6e6793) x15 0xffffffe6
core   0: 0x80005a20 (0x00e9e4b3) or      s1, s3, a4
core   0: 3 0x80005a20 (0x00e9e4b3) x 9 0x80014e64
core   0: 0x80005a24 (0x00fe6533) or      a0, t3, a5
core   0: 3 0x80005a24 (0x00fe6533) x10 0xffffffe6
core   0: 0x80005a28 (0x000db933) sltu    s2, s11, zero
core   0: 3 0x80005a28 (0x000db933) x18 0x00000000
core   0: 0x80005a2c (0x02241bb3) mulh    s7, s0, sp
core   0: 3 0x80005a2c (0x02241bb3) x23 0x00000000
core   0: 0x80005a30 (0x03d22733) mulhsu  a4, tp, t4
core   0: 3 0x80005a30 (0x03d22733) x14 0xffffffff
core   0: 0x80005a34 (0x00000013) nop
core   0: 3 0x80005a34 (0x00000013)
core   0: 0x80005a38 (0x3aeee793) ori     a5, t4, 942
core   0: 3 0x80005a38 (0x3aeee793) x15 0x00002bfe
core   0: 0x80005a3c (0x41850933) sub     s2, a0, s8
core   0: 3 0x80005a3c (0x41850933) x18 0xffffffe7
core   0: 0x80005a40 (0x030ecb33) div     s6, t4, a6
core   0: 3 0x80005a40 (0x030ecb33) x22 0xffffffff
core   0: 0x80005a44 (0x03fc4bb3) div     s7, s8, t6
core   0: 3 0x80005a44 (0x03fc4bb3) x23 0xffffffff
core   0: 0x80005a48 (0x03c258b3) divu    a7, tp, t3
core   0: 3 0x80005a48 (0x03c258b3) x17 0x00000001
core   0: 0x80005a4c (0x03580c33) mul     s8, a6, s5
core   0: 3 0x80005a4c (0x03580c33) x24 0x00000000
core   0: 0x80005a50 (0xa8ffa213) slti    tp, t6, -1393
core   0: 3 0x80005a50 (0xa8ffa213) x 4 0x00000000
core   0: 0x80005a54 (0x73ee2417) auipc   s0, 0x73ee2
core   0: 3 0x80005a54 (0x73ee2417) x 8 0xf3ee7a54
core   0: 0x80005a58 (0xe3c74893) xori    a7, a4, -452
core   0: 3 0x80005a58 (0xe3c74893) x17 0x000001c3
core   0: 0x80005a5c (0x03551933) mulh    s2, a0, s5
core   0: 3 0x80005a5c (0x03551933) x18 0x0000000a
core   0: 0x80005a60 (0x017fc033) xor     zero, t6, s7
core   0: 3 0x80005a60 (0x017fc033)
core   0: 0x80005a64 (0x02495ab3) divu    s5, s2, tp
core   0: 3 0x80005a64 (0x02495ab3) x21 0xffffffff
core   0: 0x80005a68 (0xe4ce0293) addi    t0, t3, -436
core   0: 3 0x80005a68 (0xe4ce0293) x 5 0x80018b30
core   0: 0x80005a6c (0x00657133) and     sp, a0, t1
core   0: 3 0x80005a6c (0x00657133) x 2 0x00000000
core   0: 0x80005a70 (0x034a0933) mul     s2, s4, s4
core   0: 3 0x80005a70 (0x034a0933) x18 0x00000000
core   0: 0x80005a74 (0xb983ac37) lui     s8, 0xb983a
core   0: 3 0x80005a74 (0xb983ac37) x24 0xb983a000
core   0: 0x80005a78 (0x03d0e8b3) rem     a7, ra, t4
core   0: 3 0x80005a78 (0x03d0e8b3) x17 0x000008d3
core   0: 0x80005a7c (0x039432b3) mulhu   t0, s0, s9
core   0: 3 0x80005a7c (0x039432b3) x 5 0xf3ee7a53
core   0: 0x80005a80 (0x00ffa6b3) slt     a3, t6, a5
core   0: 3 0x80005a80 (0x00ffa6b3) x13 0x00000001
core   0: 0x80005a84 (0x031a0533) mul     a0, s4, a7
core   0: 3 0x80005a84 (0x031a0533) x10 0x00000000
core   0: 0x80005a88 (0x7c880913) addi    s2, a6, 1992
core   0: 3 0x80005a88 (0x7c880913) x18 0x000007c8
core   0: 0x80005a8c (0xa9af5e97) auipc   t4, 0xa9af5
core   0: 3 0x80005a8c (0xa9af5e97) x29 0x29afaa8c
core   0: 0x80005a90 (0x00000013) nop
core   0: 3 0x80005a90 (0x00000013)
core   0: 0x80005a94 (0x03949db3) mulh    s11, s1, s9
core   0: 3 0x80005a94 (0x03949db3) x27 0x00000000
core   0: 0x80005a98 (0x001fa533) slt     a0, t6, ra
core   0: 3 0x80005a98 (0x001fa533) x10 0x00000001
core   0: 0x80005a9c (0x06952593) slti    a1, a0, 105
core   0: 3 0x80005a9c (0x06952593) x11 0x00000001
core   0: 0x80005aa0 (0x009f41b3) xor     gp, t5, s1
core   0: 3 0x80005aa0 (0x009f41b3) x 3 0x0000c280
core   0: 0x80005aa4 (0xcb25e213) ori     tp, a1, -846
core   0: 3 0x80005aa4 (0xcb25e213) x 4 0xfffffcb3
core   0: 0x80005aa8 (0x2c351a37) lui     s4, 0x2c351
core   0: 3 0x80005aa8 (0x2c351a37) x20 0x2c351000
core   0: 0x80005aac (0x00000013) nop
core   0: 3 0x80005aac (0x00000013)
core   0: 0x80005ab0 (0x40a7dfb3) sra     t6, a5, a0
core   0: 3 0x80005ab0 (0x40a7dfb3) x31 0x000015ff
core   0: 0x80005ab4 (0xc229e813) ori     a6, s3, -990
core   0: 3 0x80005ab4 (0xc229e813) x16 0xfffffe66
core   0: 0x80005ab8 (0x0267acb3) mulhsu  s9, a5, t1
core   0: 3 0x80005ab8 (0x0267acb3) x25 0x00000000
core   0: 0x80005abc (0x03279cb3) mulh    s9, a5, s2
core   0: 3 0x80005abc (0x03279cb3) x25 0x00000000
core   0: 0x80005ac0 (0x00000013) nop
core   0: 3 0x80005ac0 (0x00000013)
core   0: 0x80005ac4 (0xa23fb097) auipc   ra, 0xa23fb
core   0: 3 0x80005ac4 (0xa23fb097) x 1 0x22400ac4
core   0: 0x80005ac8 (0xa35ea797) auipc   a5, 0xa35ea
core   0: 3 0x80005ac8 (0xa35ea797) x15 0x235efac8
core   0: 0x80005acc (0x01a82733) slt     a4, a6, s10
core   0: 3 0x80005acc (0x01a82733) x14 0x00000000
core   0: 0x80005ad0 (0x02d2fb33) remu    s6, t0, a3
core   0: 3 0x80005ad0 (0x02d2fb33) x22 0x00000000
core   0: 0x80005ad4 (0x59076913) ori     s2, a4, 1424
core   0: 3 0x80005ad4 (0x59076913) x18 0x00000590
core   0: 0x80005ad8 (0x00758233) add     tp, a1, t2
core   0: 3 0x80005ad8 (0x00758233) x 4 0x00000002
core   0: 0x80005adc (0x00fe5ab3) srl     s5, t3, a5
core   0: 3 0x80005adc (0x00fe5ab3) x21 0x0080018c
core   0: 0x80005ae0 (0xafb26413) ori     s0, tp, -1285
core   0: 3 0x80005ae0 (0xafb26413) x 8 0xfffffafb
core   0: 0x80005ae4 (0x4ab776b7) lui     a3, 0x4ab77
core   0: 3 0x80005ae4 (0x4ab776b7) x13 0x4ab77000
core   0: 0x80005ae8 (0x03a647b3) div     a5, a2, s10
core   0: 3 0x80005ae8 (0x03a647b3) x15 0x00000000
core   0: 0x80005aec (0x0325d833) divu    a6, a1, s2
core   0: 3 0x80005aec (0x0325d833) x16 0x00000000
core   0: 0x80005af0 (0x03dc65b3) rem     a1, s8, t4
core   0: 3 0x80005af0 (0x03dc65b3) x11 0xe3334a8c
core   0: 0x80005af4 (0x0dde3c93) sltiu   s9, t3, 221
core   0: 3 0x80005af4 (0x0dde3c93) x25 0x00000000
core   0: 0x80005af8 (0x41bd8db3) sub     s11, s11, s11
core   0: 3 0x80005af8 (0x41bd8db3) x27 0x00000000
core   0: 0x80005afc (0x02ea9533) mulh    a0, s5, a4
core   0: 3 0x80005afc (0x02ea9533) x10 0x00000000
core   0: 0x80005b00 (0x40fd8333) sub     t1, s11, a5
core   0: 3 0x80005b00 (0x40fd8333) x 6 0x00000000
core   0: 0x80005b04 (0x018027b3) slt     a5, zero, s8
core   0: 3 0x80005b04 (0x018027b3) x15 0x00000000
core   0: 0x80005b08 (0x0021d293) srli    t0, gp, 2
core   0: 3 0x80005b08 (0x0021d293) x 5 0x000030a0
core   0: 0x80005b0c (0x40a886b3) sub     a3, a7, a0
core   0: 3 0x80005b0c (0x40a886b3) x13 0x000008d3
core   0: 0x80005b10 (0x9efcfe13) andi    t3, s9, -1553
core   0: 3 0x80005b10 (0x9efcfe13) x28 0x00000000
core   0: 0x80005b14 (0x0130c8b3) xor     a7, ra, s3
core   0: 3 0x80005b14 (0x0130c8b3) x17 0xa24144a0
core   0: 0x80005b18 (0x9a38f893) andi    a7, a7, -1629
core   0: 3 0x80005b18 (0x9a38f893) x17 0xa24140a0
core   0: 0x80005b1c (0x006d7a33) and     s4, s10, t1
core   0: 3 0x80005b1c (0x006d7a33) x20 0x00000000
core   0: 0x80005b20 (0x014f00b3) add     ra, t5, s4
core   0: 3 0x80005b20 (0x014f00b3) x 1 0x80018ce4
core   0: 0x80005b24 (0x68fd8793) addi    a5, s11, 1679
core   0: 3 0x80005b24 (0x68fd8793) x15 0x0000068f
core   0: 0x80005b28 (0xa7fd0c17) auipc   s8, 0xa7fd0
core   0: 3 0x80005b28 (0xa7fd0c17) x24 0x27fd5b28
core   0: 0x80005b2c (0x0288a633) mulhsu  a2, a7, s0
core   0: 3 0x80005b2c (0x0288a633) x12 0xa2414276
core   0: 0x80005b30 (0x00000013) nop
core   0: 3 0x80005b30 (0x00000013)
core   0: 0x80005b34 (0x00000013) nop
core   0: 3 0x80005b34 (0x00000013)
core   0: 0x80005b38 (0x02cd2933) mulhsu  s2, s10, a2
core   0: 3 0x80005b38 (0x02cd2933) x18 0xaedf5ec5
core   0: 0x80005b3c (0x01161093) slli    ra, a2, 17
core   0: 3 0x80005b3c (0x01161093) x 1 0x84ec0000
core   0: 0x80005b40 (0x00f3b333) sltu    t1, t2, a5
core   0: 3 0x80005b40 (0x00f3b333) x 6 0x00000001
core   0: 0x80005b44 (0x0167db93) srli    s7, a5, 22
core   0: 3 0x80005b44 (0x0167db93) x23 0x00000000
core   0: 0x80005b48 (0x41cbd833) sra     a6, s7, t3
core   0: 3 0x80005b48 (0x41cbd833) x16 0x00000000
core   0: 0x80005b4c (0x638db613) sltiu   a2, s11, 1592
core   0: 3 0x80005b4c (0x638db613) x12 0x00000001
core   0: 0x80005b50 (0x00407733) and     a4, zero, tp
core   0: 3 0x80005b50 (0x00407733) x14 0x00000000
core   0: 0x80005b54 (0x202a6693) ori     a3, s4, 514
core   0: 3 0x80005b54 (0x202a6693) x13 0x00000202
core   0: 0x80005b58 (0x025f2833) mulhsu  a6, t5, t0
core   0: 3 0x80005b58 (0x025f2833) x16 0xffffe7b0
core   0: 0x80005b5c (0x00000013) nop
core   0: 3 0x80005b5c (0x00000013)
core   0: 0x80005b60 (0x5dbcc013) xori    zero, s9, 1499
core   0: 3 0x80005b60 (0x5dbcc013)
core   0: 0x80005b64 (0x715e8093) addi    ra, t4, 1813
core   0: 3 0x80005b64 (0x715e8093) x 1 0x29afb1a1
core   0: 0x80005b68 (0x875fcc13) xori    s8, t6, -1931
core   0: 3 0x80005b68 (0x875fcc13) x24 0xffffed8a
core   0: 0x80005b6c (0x0188e3b3) or      t2, a7, s8
core   0: 3 0x80005b6c (0x0188e3b3) x 7 0xffffedaa
core   0: 0x80005b70 (0x031d6bb3) rem     s7, s10, a7
core   0: 3 0x80005b70 (0x031d6bb3) x23 0xddbebf60
core   0: 0x80005b74 (0x41745c13) srai    s8, s0, 23
core   0: 3 0x80005b74 (0x41745c13) x24 0xffffffff
core   0: 0x80005b78 (0x00000013) nop
core   0: 3 0x80005b78 (0x00000013)
core   0: 0x80005b7c (0x40d85913) srai    s2, a6, 13
core   0: 3 0x80005b7c (0x40d85913) x18 0xffffffff
core   0: 0x80005b80 (0x03ad7eb3) remu    t4, s10, s10
core   0: 3 0x80005b80 (0x03ad7eb3) x29 0x00000000
core   0: 0x80005b84 (0x02eae0b3) rem     ra, s5, a4
core   0: 3 0x80005b84 (0x02eae0b3) x 1 0x0080018c
core   0: 0x80005b88 (0x010dfdb3) and     s11, s11, a6
core   0: 3 0x80005b88 (0x010dfdb3) x27 0x00000000
core   0: 0x80005b8c (0x01ad9293) slli    t0, s11, 26
core   0: 3 0x80005b8c (0x01ad9293) x 5 0x00000000
core   0: 0x80005b90 (0x01beb233) sltu    tp, t4, s11
core   0: 3 0x80005b90 (0x01beb233) x 4 0x00000000
core   0: 0x80005b94 (0x003d5093) srli    ra, s10, 3
core   0: 3 0x80005b94 (0x003d5093) x 1 0x10000000
core   0: 0x80005b98 (0x00c99f93) slli    t6, s3, 12
core   0: 3 0x80005b98 (0x00c99f93) x31 0x14e64000
core   0: 0x80005b9c (0x55b10093) addi    ra, sp, 1371
core   0: 3 0x80005b9c (0x55b10093) x 1 0x0000055b
core   0: 0x80005ba0 (0x0075d193) srli    gp, a1, 7
core   0: 3 0x80005ba0 (0x0075d193) x 3 0x01c66695
core   0: 0x80005ba4 (0x00000013) nop
core   0: 3 0x80005ba4 (0x00000013)
core   0: 0x80005ba8 (0x0327e333) rem     t1, a5, s2
core   0: 3 0x80005ba8 (0x0327e333) x 6 0x00000000
core   0: 0x80005bac (0x035a84b3) mul     s1, s5, s5
core   0: 3 0x80005bac (0x035a84b3) x 9 0x8c026490
core   0: 0x80005bb0 (0x02a3c2b3) div     t0, t2, a0
core   0: 3 0x80005bb0 (0x02a3c2b3) x 5 0xffffffff
core   0: 0x80005bb4 (0x005813b3) sll     t2, a6, t0
core   0: 3 0x80005bb4 (0x005813b3) x 7 0x00000000
core   0: 0x80005bb8 (0x01ac43b3) xor     t2, s8, s10
core   0: 3 0x80005bb8 (0x01ac43b3) x 7 0x7fffffff
core   0: 0x80005bbc (0x014e0733) add     a4, t3, s4
core   0: 3 0x80005bbc (0x014e0733) x14 0x00000000
core   0: 0x80005bc0 (0x035d2eb3) mulhsu  t4, s10, s5
core   0: 3 0x80005bc0 (0x035d2eb3) x29 0xffbfff3a
core   0: 0x80005bc4 (0xa387b013) sltiu   zero, a5, -1480
core   0: 3 0x80005bc4 (0xa387b013)
core   0: 0x80005bc8 (0x02e38833) mul     a6, t2, a4
core   0: 3 0x80005bc8 (0x02e38833) x16 0x00000000
core   0: 0x80005bcc (0x2f938197) auipc   gp, 0x2f938
core   0: 3 0x80005bcc (0x2f938197) x 3 0xaf93dbcc
core   0: 0x80005bd0 (0x00000013) nop
core   0: 3 0x80005bd0 (0x00000013)
core   0: 0x80005bd4 (0xecd58d93) addi    s11, a1, -307
core   0: 3 0x80005bd4 (0xecd58d93) x27 0xe3334959
core   0: 0x80005bd8 (0x94908397) auipc   t2, 0x94908
core   0: 3 0x80005bd8 (0x94908397) x 7 0x1490dbd8
core   0: 0x80005bdc (0x02a5c6b3) div     a3, a1, a0
core   0: 3 0x80005bdc (0x02a5c6b3) x13 0xffffffff
core   0: 0x80005be0 (0x0184d033) srl     zero, s1, s8
core   0: 3 0x80005be0 (0x0184d033)
core   0: 0x80005be4 (0x02269933) mulh    s2, a3, sp
core   0: 3 0x80005be4 (0x02269933) x18 0x00000000
core   0: 0x80005be8 (0x7d438093) addi    ra, t2, 2004
core   0: 3 0x80005be8 (0x7d438093) x 1 0x1490e3ac
core   0: 0x80005bec (0x02b7afb3) mulhsu  t6, a5, a1
core   0: 3 0x80005bec (0x02b7afb3) x31 0x000005d2
core   0: 0x80005bf0 (0x34f72e93) slti    t4, a4, 847
core   0: 3 0x80005bf0 (0x34f72e93) x29 0x00000001
core   0: 0x80005bf4 (0xc88f4493) xori    s1, t5, -888
core   0: 3 0x80005bf4 (0xc88f4493) x 9 0x7ffe706c
core   0: 0x80005bf8 (0x039eb093) sltiu   ra, t4, 57
core   0: 3 0x80005bf8 (0x039eb093) x 1 0x00000001
core   0: 0x80005bfc (0x02a6cbb3) div     s7, a3, a0
core   0: 3 0x80005bfc (0x02a6cbb3) x23 0xffffffff
core   0: 0x80005c00 (0x81d93313) sltiu   t1, s2, -2019
core   0: 3 0x80005c00 (0x81d93313) x 6 0x00000001
core   0: 0x80005c04 (0x40cf0833) sub     a6, t5, a2
core   0: 3 0x80005c04 (0x40cf0833) x16 0x80018ce3
core   0: 0x80005c08 (0x00115f93) srli    t6, sp, 1
core   0: 3 0x80005c08 (0x00115f93) x31 0x00000000
core   0: 0x80005c0c (0x00a04133) xor     sp, zero, a0
core   0: 3 0x80005c0c (0x00a04133) x 2 0x00000000
core   0: 0x80005c10 (0x418ed7b3) sra     a5, t4, s8
core   0: 3 0x80005c10 (0x418ed7b3) x15 0x00000000
core   0: 0x80005c14 (0x018a2a33) slt     s4, s4, s8
core   0: 3 0x80005c14 (0x018a2a33) x20 0x00000000
core   0: 0x80005c18 (0x411c8433) sub     s0, s9, a7
core   0: 3 0x80005c18 (0x411c8433) x 8 0x5dbebf60
core   0: 0x80005c1c (0x0023f633) and     a2, t2, sp
core   0: 3 0x80005c1c (0x0023f633) x12 0x00000000
core   0: 0x80005c20 (0x00caf1b3) and     gp, s5, a2
core   0: 3 0x80005c20 (0x00caf1b3) x 3 0x00000000
core   0: 0x80005c24 (0x00a772b3) and     t0, a4, a0
core   0: 3 0x80005c24 (0x00a772b3) x 5 0x00000000
core   0: 0x80005c28 (0x0274c8b3) div     a7, s1, t2
core   0: 3 0x80005c28 (0x0274c8b3) x17 0x00000006
core   0: 0x80005c2c (0xf6fdb913) sltiu   s2, s11, -145
core   0: 3 0x80005c2c (0xf6fdb913) x18 0x00000001
core   0: 0x80005c30 (0x03d7bdb3) mulhu   s11, a5, t4
core   0: 3 0x80005c30 (0x03d7bdb3) x27 0x00000000
core   0: 0x80005c34 (0x003ec233) xor     tp, t4, gp
core   0: 3 0x80005c34 (0x003ec233) x 4 0x00000001
core   0: 0x80005c38 (0x012282b3) add     t0, t0, s2
core   0: 3 0x80005c38 (0x012282b3) x 5 0x00000001
core   0: 0x80005c3c (0x75163c13) sltiu   s8, a2, 1873
core   0: 3 0x80005c3c (0x75163c13) x24 0x00000001
core   0: 0x80005c40 (0x03580933) mul     s2, a6, s5
core   0: 3 0x80005c40 (0x03580933) x18 0x73e5ef24
core   0: 0x80005c44 (0x67ba62b7) lui     t0, 0x67ba6
core   0: 3 0x80005c44 (0x67ba62b7) x 5 0x67ba6000
core   0: 0x80005c48 (0x01a65e33) srl     t3, a2, s10
core   0: 3 0x80005c48 (0x01a65e33) x28 0x00000000
core   0: 0x80005c4c (0x039950b3) divu    ra, s2, s9
core   0: 3 0x80005c4c (0x039950b3) x 1 0xffffffff
core   0: 0x80005c50 (0x00cb28b3) slt     a7, s6, a2
core   0: 3 0x80005c50 (0x00cb28b3) x17 0x00000000
core   0: 0x80005c54 (0x3ac49597) auipc   a1, 0x3ac49
core   0: 3 0x80005c54 (0x3ac49597) x11 0xbac4ec54
core   0: 0x80005c58 (0x40aadc13) srai    s8, s5, 10
core   0: 3 0x80005c58 (0x40aadc13) x24 0x00002000
core   0: 0x80005c5c (0xd9753d93) sltiu   s11, a0, -617
core   0: 3 0x80005c5c (0xd9753d93) x27 0x00000001
core   0: 0x80005c60 (0x020c4893) xori    a7, s8, 32
core   0: 3 0x80005c60 (0x020c4893) x17 0x00002020
core   0: 0x80005c64 (0x8acb0893) addi    a7, s6, -1876
core   0: 3 0x80005c64 (0x8acb0893) x17 0xfffff8ac
core   0: 0x80005c68 (0x2246ea93) ori     s5, a3, 548
core   0: 3 0x80005c68 (0x2246ea93) x21 0xffffffff
core   0: 0x80005c6c (0x03296fb3) rem     t6, s2, s2
core   0: 3 0x80005c6c (0x03296fb3) x31 0x00000000
core   0: 0x80005c70 (0x0174db13) srli    s6, s1, 23
core   0: 3 0x80005c70 (0x0174db13) x22 0x000000ff
core   0: 0x80005c74 (0x00f1db93) srli    s7, gp, 15
core   0: 3 0x80005c74 (0x00f1db93) x23 0x00000000
core   0: 0x80005c78 (0x000d1c33) sll     s8, s10, zero
core   0: 3 0x80005c78 (0x000d1c33) x24 0x80000000
core   0: 0x80005c7c (0x419e0bb3) sub     s7, t3, s9
core   0: 3 0x80005c7c (0x419e0bb3) x23 0x00000000
core   0: 0x80005c80 (0x0049e3b3) or      t2, s3, tp
core   0: 3 0x80005c80 (0x0049e3b3) x 7 0x80014e65
core   0: 0x80005c84 (0x0384c133) div     sp, s1, s8
core   0: 3 0x80005c84 (0x0384c133) x 2 0x00000000
core   0: 0x80005c88 (0x4107d633) sra     a2, a5, a6
core   0: 3 0x80005c88 (0x4107d633) x12 0x00000000
core   0: 0x80005c8c (0x0119c233) xor     tp, s3, a7
core   0: 3 0x80005c8c (0x0119c233) x 4 0x7ffeb6c8
core   0: 0x80005c90 (0x40bbd8b3) sra     a7, s7, a1
core   0: 3 0x80005c90 (0x40bbd8b3) x17 0x00000000
core   0: 0x80005c94 (0x3f553113) sltiu   sp, a0, 1013
core   0: 3 0x80005c94 (0x3f553113) x 2 0x00000001
core   0: 0x80005c98 (0xb1a4c313) xori    t1, s1, -1254
core   0: 3 0x80005c98 (0xb1a4c313) x 6 0x80018b76
core   0: 0x80005c9c (0xd96f2213) slti    tp, t5, -618
core   0: 3 0x80005c9c (0xd96f2213) x 4 0x00000001
core   0: 0x80005ca0 (0x02e6aab3) mulhsu  s5, a3, a4
core   0: 3 0x80005ca0 (0x02e6aab3) x21 0x00000000
core   0: 0x80005ca4 (0x03f9cab3) div     s5, s3, t6
core   0: 3 0x80005ca4 (0x03f9cab3) x21 0xffffffff
core   0: 0x80005ca8 (0x2503bc13) sltiu   s8, t2, 592
core   0: 3 0x80005ca8 (0x2503bc13) x24 0x00000000
core   0: 0x80005cac (0x01a3e933) or      s2, t2, s10
core   0: 3 0x80005cac (0x01a3e933) x18 0x80014e65
core   0: 0x80005cb0 (0x41fe8633) sub     a2, t4, t6
core   0: 3 0x80005cb0 (0x41fe8633) x12 0x00000001
core   0: 0x80005cb4 (0x0266d133) divu    sp, a3, t1
core   0: 3 0x80005cb4 (0x0266d133) x 2 0x00000001
core   0: 0x80005cb8 (0x00c9a833) slt     a6, s3, a2
core   0: 3 0x80005cb8 (0x00c9a833) x16 0x00000001
core   0: 0x80005cbc (0x01414b33) xor     s6, sp, s4
core   0: 3 0x80005cbc (0x01414b33) x22 0x00000001
core   0: 0x80005cc0 (0x00e7b333) sltu    t1, a5, a4
core   0: 3 0x80005cc0 (0x00e7b333) x 6 0x00000000
core   0: 0x80005cc4 (0x005cfc33) and     s8, s9, t0
core   0: 3 0x80005cc4 (0x005cfc33) x24 0x00000000
core   0: 0x80005cc8 (0x01fc65b3) or      a1, s8, t6
core   0: 3 0x80005cc8 (0x01fc65b3) x11 0x00000000
core   0: 0x80005ccc (0x4142da93) srai    s5, t0, 20
core   0: 3 0x80005ccc (0x4142da93) x21 0x0000067b
core   0: 0x80005cd0 (0x0197bc33) sltu    s8, a5, s9
core   0: 3 0x80005cd0 (0x0197bc33) x24 0x00000000
core   0: 0x80005cd4 (0x01b01e33) sll     t3, zero, s11
core   0: 3 0x80005cd4 (0x01b01e33) x28 0x00000000
core   0: 0x80005cd8 (0x00473c33) sltu    s8, a4, tp
core   0: 3 0x80005cd8 (0x00473c33) x24 0x00000001
core   0: 0x80005cdc (0x03b0c0b3) div     ra, ra, s11
core   0: 3 0x80005cdc (0x03b0c0b3) x 1 0xffffffff
core   0: 0x80005ce0 (0x75122693) slti    a3, tp, 1873
core   0: 3 0x80005ce0 (0x75122693) x13 0x00000001
core   0: 0x80005ce4 (0x00000013) nop
core   0: 3 0x80005ce4 (0x00000013)
core   0: 0x80005ce8 (0x0174aa33) slt     s4, s1, s7
core   0: 3 0x80005ce8 (0x0174aa33) x20 0x00000000
core   0: 0x80005cec (0x00000013) nop
core   0: 3 0x80005cec (0x00000013)
core   0: 0x80005cf0 (0x005d5e33) srl     t3, s10, t0
core   0: 3 0x80005cf0 (0x005d5e33) x28 0x80000000
core   0: 0x80005cf4 (0xdab6e493) ori     s1, a3, -597
core   0: 3 0x80005cf4 (0xdab6e493) x 9 0xfffffdab
core   0: 0x80005cf8 (0x00d71433) sll     s0, a4, a3
core   0: 3 0x80005cf8 (0x00d71433) x 8 0x00000000
core   0: 0x80005cfc (0x022b08b3) mul     a7, s6, sp
core   0: 3 0x80005cfc (0x022b08b3) x17 0x00000001
core   0: 0x80005d00 (0x02ed1733) mulh    a4, s10, a4
core   0: 3 0x80005d00 (0x02ed1733) x14 0x00000000
core   0: 0x80005d04 (0x40d0d193) srai    gp, ra, 13
core   0: 3 0x80005d04 (0x40d0d193) x 3 0xffffffff
core   0: 0x80005d08 (0x0017b633) sltu    a2, a5, ra
core   0: 3 0x80005d08 (0x0017b633) x12 0x00000001
core   0: 0x80005d0c (0x01e46eb3) or      t4, s0, t5
core   0: 3 0x80005d0c (0x01e46eb3) x29 0x80018ce4
core   0: 0x80005d10 (0x02de5233) divu    tp, t3, a3
core   0: 3 0x80005d10 (0x02de5233) x 4 0x80000000
core   0: 0x80005d14 (0x40045913) srai    s2, s0, 0
core   0: 3 0x80005d14 (0x40045913) x18 0x00000000
core   0: 0x80005d18 (0x03218333) mul     t1, gp, s2
core   0: 3 0x80005d18 (0x03218333) x 6 0x00000000
core   0: 0x80005d1c (0xd6bae893) ori     a7, s5, -661
core   0: 3 0x80005d1c (0xd6bae893) x17 0xffffff7b
core   0: 0x80005d20 (0xbb6c2d93) slti    s11, s8, -1098
core   0: 3 0x80005d20 (0xbb6c2d93) x27 0x00000000
core   0: 0x80005d24 (0xfb9f8113) addi    sp, t6, -71
core   0: 3 0x80005d24 (0xfb9f8113) x 2 0xffffffb9
core   0: 0x80005d28 (0x40838933) sub     s2, t2, s0
core   0: 3 0x80005d28 (0x40838933) x18 0x80014e65
core   0: 0x80005d2c (0x00645e33) srl     t3, s0, t1
core   0: 3 0x80005d2c (0x00645e33) x28 0x00000000
core   0: 0x80005d30 (0x02e02eb3) mulhsu  t4, zero, a4
core   0: 3 0x80005d30 (0x02e02eb3) x29 0x00000000
core   0: 0x80005d34 (0xe7493913) sltiu   s2, s2, -396
core   0: 3 0x80005d34 (0xe7493913) x18 0x00000001
core   0: 0x80005d38 (0x0258ba33) mulhu   s4, a7, t0
core   0: 3 0x80005d38 (0x0258ba33) x20 0x67ba5fca
core   0: 0x80005d3c (0xb56b11b7) lui     gp, 0xb56b1
core   0: 3 0x80005d3c (0xb56b11b7) x 3 0xb56b1000
core   0: 0x80005d40 (0x99e92093) slti    ra, s2, -1634
core   0: 3 0x80005d40 (0x99e92093) x 1 0x00000000
core   0: 0x80005d44 (0x4ff38613) addi    a2, t2, 1279
core   0: 3 0x80005d44 (0x4ff38613) x12 0x80015364
core   0: 0x80005d48 (0x0036afb3) slt     t6, a3, gp
core   0: 3 0x80005d48 (0x0036afb3) x31 0x00000000
core   0: 0x80005d4c (0x02704b33) div     s6, zero, t2
core   0: 3 0x80005d4c (0x02704b33) x22 0x00000000
core   0: 0x80005d50 (0x00a07e33) and     t3, zero, a0
core   0: 3 0x80005d50 (0x00a07e33) x28 0x00000000
core   0: 0x80005d54 (0x00de51b3) srl     gp, t3, a3
core   0: 3 0x80005d54 (0x00de51b3) x 3 0x00000000
core   0: 0x80005d58 (0x84ea0db7) lui     s11, 0x84ea0
core   0: 3 0x80005d58 (0x84ea0db7) x27 0x84ea0000
core   0: 0x80005d5c (0x039997b3) mulh    a5, s3, s9
core   0: 3 0x80005d5c (0x039997b3) x15 0x00000000
core   0: 0x80005d60 (0x02cf8a33) mul     s4, t6, a2
core   0: 3 0x80005d60 (0x02cf8a33) x20 0x00000000
core   0: 0x80005d64 (0x010606b3) add     a3, a2, a6
core   0: 3 0x80005d64 (0x010606b3) x13 0x80015365
core   0: 0x80005d68 (0x02476533) rem     a0, a4, tp
core   0: 3 0x80005d68 (0x02476533) x10 0x00000000
core   0: 0x80005d6c (0x015f9433) sll     s0, t6, s5
core   0: 3 0x80005d6c (0x015f9433) x 8 0x00000000
core   0: 0x80005d70 (0x02e32fb3) mulhsu  t6, t1, a4
core   0: 3 0x80005d70 (0x02e32fb3) x31 0x00000000
core   0: 0x80005d74 (0x026d21b3) mulhsu  gp, s10, t1
core   0: 3 0x80005d74 (0x026d21b3) x 3 0x00000000
core   0: 0x80005d78 (0x00f4fcb3) and     s9, s1, a5
core   0: 3 0x80005d78 (0x00f4fcb3) x25 0x00000000
core   0: 0x80005d7c (0x0192b133) sltu    sp, t0, s9
core   0: 3 0x80005d7c (0x0192b133) x 2 0x00000000
core   0: 0x80005d80 (0x0350f1b3) remu    gp, ra, s5
core   0: 3 0x80005d80 (0x0350f1b3) x 3 0x00000000
core   0: 0x80005d84 (0x00000013) nop
core   0: 3 0x80005d84 (0x00000013)
core   0: 0x80005d88 (0x413a8033) sub     zero, s5, s3
core   0: 3 0x80005d88 (0x413a8033)
core   0: 0x80005d8c (0x4048db33) sra     s6, a7, tp
core   0: 3 0x80005d8c (0x4048db33) x22 0xffffff7b
core   0: 0x80005d90 (0x22b1a513) slti    a0, gp, 555
core   0: 3 0x80005d90 (0x22b1a513) x10 0x00000001
core   0: 0x80005d94 (0x00000013) nop
core   0: 3 0x80005d94 (0x00000013)
core   0: 0x80005d98 (0x41d18db3) sub     s11, gp, t4
core   0: 3 0x80005d98 (0x41d18db3) x27 0x00000000
core   0: 0x80005d9c (0x03e72733) mulhsu  a4, a4, t5
core   0: 3 0x80005d9c (0x03e72733) x14 0x00000000
core   0: 0x80005da0 (0x014b2533) slt     a0, s6, s4
core   0: 3 0x80005da0 (0x014b2533) x10 0x00000001
core   0: 0x80005da4 (0x17733c13) sltiu   s8, t1, 375
core   0: 3 0x80005da4 (0x17733c13) x24 0x00000001
core   0: 0x80005da8 (0x40485813) srai    a6, a6, 4
core   0: 3 0x80005da8 (0x40485813) x16 0x00000000
core   0: 0x80005dac (0x8d653093) sltiu   ra, a0, -1834
core   0: 3 0x80005dac (0x8d653093) x 1 0x00000001
core   0: 0x80005db0 (0x03a66bb3) rem     s7, a2, s10
core   0: 3 0x80005db0 (0x03a66bb3) x23 0x80015364
core   0: 0x80005db4 (0x03b41a33) mulh    s4, s0, s11
core   0: 3 0x80005db4 (0x03b41a33) x20 0x00000000
core   0: 0x80005db8 (0x898ac193) xori    gp, s5, -1896
core   0: 3 0x80005db8 (0x898ac193) x 3 0xfffffee3
core   0: 0x80005dbc (0x471a2a13) slti    s4, s4, 1137
core   0: 3 0x80005dbc (0x471a2a13) x20 0x00000001
core   0: 0x80005dc0 (0x00000013) nop
core   0: 3 0x80005dc0 (0x00000013)
core   0: 0x80005dc4 (0xc2ab0a13) addi    s4, s6, -982
core   0: 3 0x80005dc4 (0xc2ab0a13) x20 0xfffffba5
core   0: 0x80005dc8 (0x52ca8913) addi    s2, s5, 1324
core   0: 3 0x80005dc8 (0x52ca8913) x18 0x00000ba7
core   0: 0x80005dcc (0x03bb0fb3) mul     t6, s6, s11
core   0: 3 0x80005dcc (0x03bb0fb3) x31 0x00000000
core   0: 0x80005dd0 (0x020e52b3) divu    t0, t3, zero
core   0: 3 0x80005dd0 (0x020e52b3) x 5 0xffffffff
core   0: 0x80005dd4 (0x038e81b3) mul     gp, t4, s8
core   0: 3 0x80005dd4 (0x038e81b3) x 3 0x00000000
core   0: 0x80005dd8 (0x020e5fb3) divu    t6, t3, zero
core   0: 3 0x80005dd8 (0x020e5fb3) x31 0xffffffff
core   0: 0x80005ddc (0x023004b3) mul     s1, zero, gp
core   0: 3 0x80005ddc (0x023004b3) x 9 0x00000000
core   0: 0x80005de0 (0x01dc28b3) slt     a7, s8, t4
core   0: 3 0x80005de0 (0x01dc28b3) x17 0x00000000
core   0: 0x80005de4 (0xa1524313) xori    t1, tp, -1515
core   0: 3 0x80005de4 (0xa1524313) x 6 0x7ffffa15
core   0: 0x80005de8 (0x01315813) srli    a6, sp, 19
core   0: 3 0x80005de8 (0x01315813) x16 0x00000000
core   0: 0x80005dec (0x002696b3) sll     a3, a3, sp
core   0: 3 0x80005dec (0x002696b3) x13 0x80015365
core   0: 0x80005df0 (0x039de0b3) rem     ra, s11, s9
core   0: 3 0x80005df0 (0x039de0b3) x 1 0x00000000
core   0: 0x80005df4 (0x012208b3) add     a7, tp, s2
core   0: 3 0x80005df4 (0x012208b3) x17 0x80000ba7
core   0: 0x80005df8 (0x01c283b3) add     t2, t0, t3
core   0: 3 0x80005df8 (0x01c283b3) x 7 0xffffffff
core   0: 0x80005dfc (0x0285e6b3) rem     a3, a1, s0
core   0: 3 0x80005dfc (0x0285e6b3) x13 0x00000000
core   0: 0x80005e00 (0x03a65fb3) divu    t6, a2, s10
core   0: 3 0x80005e00 (0x03a65fb3) x31 0x00000001
core   0: 0x80005e04 (0x01658eb3) add     t4, a1, s6
core   0: 3 0x80005e04 (0x01658eb3) x29 0xffffff7b
core   0: 0x80005e08 (0x01ed8eb3) add     t4, s11, t5
core   0: 3 0x80005e08 (0x01ed8eb3) x29 0x80018ce4
core   0: 0x80005e0c (0xdedcb313) sltiu   t1, s9, -531
core   0: 3 0x80005e0c (0xdedcb313) x 6 0x00000001
core   0: 0x80005e10 (0x80974597) auipc   a1, 0x80974
core   0: 3 0x80005e10 (0x80974597) x11 0x00979e10
core   0: 0x80005e14 (0x00000013) nop
core   0: 3 0x80005e14 (0x00000013)
core   0: 0x80005e18 (0x026772b3) remu    t0, a4, t1
core   0: 3 0x80005e18 (0x026772b3) x 5 0x00000000
core   0: 0x80005e1c (0x4029dc33) sra     s8, s3, sp
core   0: 3 0x80005e1c (0x4029dc33) x24 0x80014e64
core   0: 0x80005e20 (0x0312f933) remu    s2, t0, a7
core   0: 3 0x80005e20 (0x0312f933) x18 0x00000000
core   0: 0x80005e24 (0x40efde33) sra     t3, t6, a4
core   0: 3 0x80005e24 (0x40efde33) x28 0x00000001
core   0: 0x80005e28 (0x005b3133) sltu    sp, s6, t0
core   0: 3 0x80005e28 (0x005b3133) x 2 0x00000000
core   0: 0x80005e2c (0x00000013) nop
core   0: 3 0x80005e2c (0x00000013)
core   0: 0x80005e30 (0x3eb57a93) andi    s5, a0, 1003
core   0: 3 0x80005e30 (0x3eb57a93) x21 0x00000001
core   0: 0x80005e34 (0x01059a13) slli    s4, a1, 16
core   0: 3 0x80005e34 (0x01059a13) x20 0x9e100000
core   0: 0x80005e38 (0x009a92b3) sll     t0, s5, s1
core   0: 3 0x80005e38 (0x009a92b3) x 5 0x00000001
core   0: 0x80005e3c (0x019be5b3) or      a1, s7, s9
core   0: 3 0x80005e3c (0x019be5b3) x11 0x80015364
core   0: 0x80005e40 (0x724743b7) lui     t2, 0x72474
core   0: 3 0x80005e40 (0x724743b7) x 7 0x72474000
core   0: 0x80005e44 (0x3f847417) auipc   s0, 0x3f847
core   0: 3 0x80005e44 (0x3f847417) x 8 0xbf84ce44
core   0: 0x80005e48 (0x026b7b33) remu    s6, s6, t1
core   0: 3 0x80005e48 (0x026b7b33) x22 0x00000000
core   0: 0x80005e4c (0x22c27593) andi    a1, tp, 556
core   0: 3 0x80005e4c (0x22c27593) x11 0x00000000
core   0: 0x80005e50 (0x403f5593) srai    a1, t5, 3
core   0: 3 0x80005e50 (0x403f5593) x11 0xf000319c
core   0: 0x80005e54 (0x0231d233) divu    tp, gp, gp
core   0: 3 0x80005e54 (0x0231d233) x 4 0xffffffff
core   0: 0x80005e58 (0xb3777917) auipc   s2, 0xb3777
core   0: 3 0x80005e58 (0xb3777917) x18 0x3377ce58
core   0: 0x80005e5c (0x01395bb3) srl     s7, s2, s3
core   0: 3 0x80005e5c (0x01395bb3) x23 0x03377ce5
core   0: 0x80005e60 (0x0e628413) addi    s0, t0, 230
core   0: 3 0x80005e60 (0x0e628413) x 8 0x000000e7
core   0: 0x80005e64 (0xd7aab113) sltiu   sp, s5, -646
core   0: 3 0x80005e64 (0xd7aab113) x 2 0x00000001
core   0: 0x80005e68 (0x01358ab3) add     s5, a1, s3
core   0: 3 0x80005e68 (0x01358ab3) x21 0x70018000
core   0: 0x80005e6c (0xef663913) sltiu   s2, a2, -266
core   0: 3 0x80005e6c (0xef663913) x18 0x00000001
core   0: 0x80005e70 (0x02522533) mulhsu  a0, tp, t0
core   0: 3 0x80005e70 (0x02522533) x10 0xffffffff
core   0: 0x80005e74 (0x023625b3) mulhsu  a1, a2, gp
core   0: 3 0x80005e74 (0x023625b3) x11 0x00000000
core   0: 0x80005e78 (0x402e0533) sub     a0, t3, sp
core   0: 3 0x80005e78 (0x402e0533) x10 0x00000000
core   0: 0x80005e7c (0x002a81b3) add     gp, s5, sp
core   0: 3 0x80005e7c (0x002a81b3) x 3 0x70018001
core   0: 0x80005e80 (0x002bdfb3) srl     t6, s7, sp
core   0: 3 0x80005e80 (0x002bdfb3) x31 0x019bbe72
core   0: 0x80005e84 (0x00ae5233) srl     tp, t3, a0
core   0: 3 0x80005e84 (0x00ae5233) x 4 0x00000001
core   0: 0x80005e88 (0x00439eb3) sll     t4, t2, tp
core   0: 3 0x80005e88 (0x00439eb3) x29 0xe48e8000
core   0: 0x80005e8c (0x03cad733) divu    a4, s5, t3
core   0: 3 0x80005e8c (0x03cad733) x14 0x70018000
core   0: 0x80005e90 (0xa484f493) andi    s1, s1, -1464
core   0: 3 0x80005e90 (0xa484f493) x 9 0x00000000
core   0: 0x80005e94 (0x027a95b3) mulh    a1, s5, t2
core   0: 3 0x80005e94 (0x027a95b3) x11 0x31ffd76a
core   0: 0x80005e98 (0x00c15c13) srli    s8, sp, 12
core   0: 3 0x80005e98 (0x00c15c13) x24 0x00000000
core   0: 0x80005e9c (0x0397f4b3) remu    s1, a5, s9
core   0: 3 0x80005e9c (0x0397f4b3) x 9 0x00000000
core   0: 0x80005ea0 (0x01ff9b93) slli    s7, t6, 31
core   0: 3 0x80005ea0 (0x01ff9b93) x23 0x00000000
core   0: 0x80005ea4 (0xd6513b13) sltiu   s6, sp, -667
core   0: 3 0x80005ea4 (0xd6513b13) x22 0x00000001
core   0: 0x80005ea8 (0xf2cb4713) xori    a4, s6, -212
core   0: 3 0x80005ea8 (0xf2cb4713) x14 0xffffff2d
core   0: 0x80005eac (0x00fee333) or      t1, t4, a5
core   0: 3 0x80005eac (0x00fee333) x 6 0xe48e8000
core   0: 0x80005eb0 (0x006cdb33) srl     s6, s9, t1
core   0: 3 0x80005eb0 (0x006cdb33) x22 0x00000000
core   0: 0x80005eb4 (0xae05ec93) ori     s9, a1, -1312
core   0: 3 0x80005eb4 (0xae05ec93) x25 0xffffffea
core   0: 0x80005eb8 (0x00000013) nop
core   0: 3 0x80005eb8 (0x00000013)
core   0: 0x80005ebc (0x021380b3) mul     ra, t2, ra
core   0: 3 0x80005ebc (0x021380b3) x 1 0x00000000
core   0: 0x80005ec0 (0x00f3ebb3) or      s7, t2, a5
core   0: 3 0x80005ec0 (0x00f3ebb3) x23 0x72474000
core   0: 0x80005ec4 (0x00ecd613) srli    a2, s9, 14
core   0: 3 0x80005ec4 (0x00ecd613) x12 0x0003ffff
core   0: 0x80005ec8 (0xc84f5437) lui     s0, 0xc84f5
core   0: 3 0x80005ec8 (0xc84f5437) x 8 0xc84f5000
core   0: 0x80005ecc (0x01ce1533) sll     a0, t3, t3
core   0: 3 0x80005ecc (0x01ce1533) x10 0x00000002
core   0: 0x80005ed0 (0x01e91513) slli    a0, s2, 30
core   0: 3 0x80005ed0 (0x01e91513) x10 0x40000000
core   0: 0x80005ed4 (0xe8aaa637) lui     a2, 0xe8aaa
core   0: 3 0x80005ed4 (0xe8aaa637) x12 0xe8aaa000
core   0: 0x80005ed8 (0x0134e533) or      a0, s1, s3
core   0: 3 0x80005ed8 (0x0134e533) x10 0x80014e64
core   0: 0x80005edc (0x40da5033) sra     zero, s4, a3
core   0: 3 0x80005edc (0x40da5033)
core   0: 0x80005ee0 (0x40d6de33) sra     t3, a3, a3
core   0: 3 0x80005ee0 (0x40d6de33) x28 0x00000000
core   0: 0x80005ee4 (0x030af1b3) remu    gp, s5, a6
core   0: 3 0x80005ee4 (0x030af1b3) x 3 0x70018000
core   0: 0x80005ee8 (0x00649293) slli    t0, s1, 6
core   0: 3 0x80005ee8 (0x00649293) x 5 0x00000000
core   0: 0x80005eec (0x005251b3) srl     gp, tp, t0
core   0: 3 0x80005eec (0x005251b3) x 3 0x00000001
core   0: 0x80005ef0 (0x5ca88193) addi    gp, a7, 1482
core   0: 3 0x80005ef0 (0x5ca88193) x 3 0x80001171
core   0: 0x80005ef4 (0x02289db3) mulh    s11, a7, sp
core   0: 3 0x80005ef4 (0x02289db3) x27 0xffffffff
core   0: 0x80005ef8 (0xf6da4713) xori    a4, s4, -147
core   0: 3 0x80005ef8 (0xf6da4713) x14 0x61efff6d
core   0: 0x80005efc (0x40f28bb3) sub     s7, t0, a5
core   0: 3 0x80005efc (0x40f28bb3) x23 0x00000000
core   0: 0x80005f00 (0xe12cc393) xori    t2, s9, -494
core   0: 3 0x80005f00 (0xe12cc393) x 7 0x000001f8
core   0: 0x80005f04 (0x01ae63b3) or      t2, t3, s10
core   0: 3 0x80005f04 (0x01ae63b3) x 7 0x80000000
core   0: 0x80005f08 (0x41825233) sra     tp, tp, s8
core   0: 3 0x80005f08 (0x41825233) x 4 0x00000001
core   0: 0x80005f0c (0x40718433) sub     s0, gp, t2
core   0: 3 0x80005f0c (0x40718433) x 8 0x00001171
core   0: 0x80005f10 (0x525cdfb7) lui     t6, 0x525cd
core   0: 3 0x80005f10 (0x525cdfb7) x31 0x525cd000
core   0: 0x80005f14 (0x71bcf313) andi    t1, s9, 1819
core   0: 3 0x80005f14 (0x71bcf313) x 6 0x0000070a
core   0: 0x80005f18 (0x03d44b33) div     s6, s0, t4
core   0: 3 0x80005f18 (0x03d44b33) x22 0x00000000
core   0: 0x80005f1c (0x35fc4413) xori    s0, s8, 863
core   0: 3 0x80005f1c (0x35fc4413) x 8 0x0000035f
core   0: 0x80005f20 (0x40a5df93) srai    t6, a1, 10
core   0: 3 0x80005f20 (0x40a5df93) x31 0x000c7ff5
core   0: 0x80005f24 (0x006574b3) and     s1, a0, t1
core   0: 3 0x80005f24 (0x006574b3) x 9 0x00000600
core   0: 0x80005f28 (0x02991533) mulh    a0, s2, s1
core   0: 3 0x80005f28 (0x02991533) x10 0x00000000
core   0: 0x80005f2c (0x02f95a33) divu    s4, s2, a5
core   0: 3 0x80005f2c (0x02f95a33) x20 0xffffffff
core   0: 0x80005f30 (0x00000013) nop
core   0: 3 0x80005f30 (0x00000013)
core   0: 0x80005f34 (0x0e47b013) sltiu   zero, a5, 228
core   0: 3 0x80005f34 (0x0e47b013)
core   0: 0x80005f38 (0x0150a333) slt     t1, ra, s5
core   0: 3 0x80005f38 (0x0150a333) x 6 0x00000001
core   0: 0x80005f3c (0x03291133) mulh    sp, s2, s2
core   0: 3 0x80005f3c (0x03291133) x 2 0x00000000
core   0: 0x80005f40 (0x00f91793) slli    a5, s2, 15
core   0: 3 0x80005f40 (0x00f91793) x15 0x00008000
core   0: 0x80005f44 (0x000325b3) slt     a1, t1, zero
core   0: 3 0x80005f44 (0x000325b3) x11 0x00000000
core   0: 0x80005f48 (0x01cdd933) srl     s2, s11, t3
core   0: 3 0x80005f48 (0x01cdd933) x18 0xffffffff
core   0: 0x80005f4c (0x00e1e933) or      s2, gp, a4
core   0: 3 0x80005f4c (0x00e1e933) x18 0xe1efff7d
core   0: 0x80005f50 (0x1f77a713) slti    a4, a5, 503
core   0: 3 0x80005f50 (0x1f77a713) x14 0x00000000
core   0: 0x80005f54 (0x021193b3) mulh    t2, gp, ra
core   0: 3 0x80005f54 (0x021193b3) x 7 0x00000000
core   0: 0x80005f58 (0x410b8933) sub     s2, s7, a6
core   0: 3 0x80005f58 (0x410b8933) x18 0x00000000
core   0: 0x80005f5c (0x65b8b613) sltiu   a2, a7, 1627
core   0: 3 0x80005f5c (0x65b8b613) x12 0x00000000
core   0: 0x80005f60 (0x037cabb3) mulhsu  s7, s9, s7
core   0: 3 0x80005f60 (0x037cabb3) x23 0x00000000
core   0: 0x80005f64 (0x01f307b3) add     a5, t1, t6
core   0: 3 0x80005f64 (0x01f307b3) x15 0x000c7ff6
core   0: 0x80005f68 (0x03c4b933) mulhu   s2, s1, t3
core   0: 3 0x80005f68 (0x03c4b933) x18 0x00000000
core   0: 0x80005f6c (0x03fa2733) mulhsu  a4, s4, t6
core   0: 3 0x80005f6c (0x03fa2733) x14 0xffffffff
core   0: 0x80005f70 (0x033093b3) mulh    t2, ra, s3
core   0: 3 0x80005f70 (0x033093b3) x 7 0x00000000
core   0: 0x80005f74 (0x49a02f93) slti    t6, zero, 1178
core   0: 3 0x80005f74 (0x49a02f93) x31 0x00000001
core   0: 0x80005f78 (0x40a9d313) srai    t1, s3, 10
core   0: 3 0x80005f78 (0x40a9d313) x 6 0xffe00053
core   0: 0x80005f7c (0x03ba9e33) mulh    t3, s5, s11
core   0: 3 0x80005f7c (0x03ba9e33) x28 0xffffffff
core   0: 0x80005f80 (0x002f16b3) sll     a3, t5, sp
core   0: 3 0x80005f80 (0x002f16b3) x13 0x80018ce4
core   0: 0x80005f84 (0x0279ce33) div     t3, s3, t2
core   0: 3 0x80005f84 (0x0279ce33) x28 0xffffffff
core   0: 0x80005f88 (0x40695013) srai    zero, s2, 6
core   0: 3 0x80005f88 (0x40695013)
core   0: 0x80005f8c (0x01e85893) srli    a7, a6, 30
core   0: 3 0x80005f8c (0x01e85893) x17 0x00000000
core   0: 0x80005f90 (0xd74cbd97) auipc   s11, 0xd74cb
core   0: 3 0x80005f90 (0xd74cbd97) x27 0x574d0f90
core   0: 0x80005f94 (0x00051e13) slli    t3, a0, 0
core   0: 3 0x80005f94 (0x00051e13) x28 0x00000000
core   0: 0x80005f98 (0x3e88ca93) xori    s5, a7, 1000
core   0: 3 0x80005f98 (0x3e88ca93) x21 0x000003e8
core   0: 0x80005f9c (0x01b9ccb3) xor     s9, s3, s11
core   0: 3 0x80005f9c (0x01b9ccb3) x25 0xd74c41f4
core   0: 0x80005fa0 (0x01869e13) slli    t3, a3, 24
core   0: 3 0x80005fa0 (0x01869e13) x28 0xe4000000
core   0: 0x80005fa4 (0x44fc6e13) ori     t3, s8, 1103
core   0: 3 0x80005fa4 (0x44fc6e13) x28 0x0000044f
core   0: 0x80005fa8 (0x419f5a33) sra     s4, t5, s9
core   0: 3 0x80005fa8 (0x419f5a33) x20 0xfffff800
core   0: 0x80005fac (0xbac80593) addi    a1, a6, -1108
core   0: 3 0x80005fac (0xbac80593) x11 0xfffffbac
core   0: 0x80005fb0 (0x00000013) nop
core   0: 3 0x80005fb0 (0x00000013)
core   0: 0x80005fb4 (0xd9771437) lui     s0, 0xd9771
core   0: 3 0x80005fb4 (0xd9771437) x 8 0xd9771000
core   0: 0x80005fb8 (0x90148d93) addi    s11, s1, -1791
core   0: 3 0x80005fb8 (0x90148d93) x27 0xffffff01
core   0: 0x80005fbc (0x005ab1b3) sltu    gp, s5, t0
core   0: 3 0x80005fbc (0x005ab1b3) x 3 0x00000000
core   0: 0x80005fc0 (0xbc4ca497) auipc   s1, 0xbc4ca
core   0: 3 0x80005fc0 (0xbc4ca497) x 9 0x3c4cffc0
core   0: 0x80005fc4 (0x01c4e3b3) or      t2, s1, t3
core   0: 3 0x80005fc4 (0x01c4e3b3) x 7 0x3c4cffcf
core   0: 0x80005fc8 (0x646aa413) slti    s0, s5, 1606
core   0: 3 0x80005fc8 (0x646aa413) x 8 0x00000001
core   0: 0x80005fcc (0x77d24413) xori    s0, tp, 1917
core   0: 3 0x80005fcc (0x77d24413) x 8 0x0000077c
core   0: 0x80005fd0 (0x03dd3c13) sltiu   s8, s10, 61
core   0: 3 0x80005fd0 (0x03dd3c13) x24 0x00000000
core   0: 0x80005fd4 (0x5c19bc17) auipc   s8, 0x5c19b
core   0: 3 0x80005fd4 (0x5c19bc17) x24 0xdc1a0fd4
core   0: 0x80005fd8 (0x6e9e8d93) addi    s11, t4, 1769
core   0: 3 0x80005fd8 (0x6e9e8d93) x27 0xe48e86e9
core   0: 0x80005fdc (0x03c467b3) rem     a5, s0, t3
core   0: 3 0x80005fdc (0x03c467b3) x15 0x0000032d
core   0: 0x80005fe0 (0x0140db13) srli    s6, ra, 20
core   0: 3 0x80005fe0 (0x0140db13) x22 0x00000000
core   0: 0x80005fe4 (0x03810533) mul     a0, sp, s8
core   0: 3 0x80005fe4 (0x03810533) x10 0x00000000
core   0: 0x80005fe8 (0x016cf233) and     tp, s9, s6
core   0: 3 0x80005fe8 (0x016cf233) x 4 0x00000000
core   0: 0x80005fec (0x3e12f093) andi    ra, t0, 993
core   0: 3 0x80005fec (0x3e12f093) x 1 0x00000000
core   0: 0x80005ff0 (0x00b344b3) xor     s1, t1, a1
core   0: 3 0x80005ff0 (0x00b344b3) x 9 0x001ffbff
core   0: 0x80005ff4 (0x01d84533) xor     a0, a6, t4
core   0: 3 0x80005ff4 (0x01d84533) x10 0xe48e8000
core   0: 0x80005ff8 (0x01bd9eb3) sll     t4, s11, s11
core   0: 3 0x80005ff8 (0x01bd9eb3) x29 0x1d0dd200
core   0: 0x80005ffc (0x03ce7c33) remu    s8, t3, t3
core   0: 3 0x80005ffc (0x03ce7c33) x24 0x00000000
core   0: 0x80006000 (0xcf06a093) slti    ra, a3, -784
core   0: 3 0x80006000 (0xcf06a093) x 1 0x00000001
core   0: 0x80006004 (0x41de58b3) sra     a7, t3, t4
core   0: 3 0x80006004 (0x41de58b3) x17 0x0000044f
core   0: 0x80006008 (0x03894933) div     s2, s2, s8
core   0: 3 0x80006008 (0x03894933) x18 0xffffffff
core   0: 0x8000600c (0x00c25913) srli    s2, tp, 12
core   0: 3 0x8000600c (0x00c25913) x18 0x00000000
core   0: 0x80006010 (0x4dda0a13) addi    s4, s4, 1245
core   0: 3 0x80006010 (0x4dda0a13) x20 0xfffffcdd
core   0: 0x80006014 (0x1010a713) slti    a4, ra, 257
core   0: 3 0x80006014 (0x1010a713) x14 0x00000001
core   0: 0x80006018 (0x01a38933) add     s2, t2, s10
core   0: 3 0x80006018 (0x01a38933) x18 0xbc4cffcf
core   0: 0x8000601c (0x03581733) mulh    a4, a6, s5
core   0: 3 0x8000601c (0x03581733) x14 0x00000000
core   0: 0x80006020 (0x000923b3) slt     t2, s2, zero
core   0: 3 0x80006020 (0x000923b3) x 7 0x00000001
core   0: 0x80006024 (0x6f260913) addi    s2, a2, 1778
core   0: 3 0x80006024 (0x6f260913) x18 0x000006f2
core   0: 0x80006028 (0x02ea37b3) mulhu   a5, s4, a4
core   0: 3 0x80006028 (0x02ea37b3) x15 0x00000000
core   0: 0x8000602c (0x02191433) mulh    s0, s2, ra
core   0: 3 0x8000602c (0x02191433) x 8 0x00000000
core   0: 0x80006030 (0x015b02b3) add     t0, s6, s5
core   0: 3 0x80006030 (0x015b02b3) x 5 0x000003e8
core   0: 0x80006034 (0x40220833) sub     a6, tp, sp
core   0: 3 0x80006034 (0x40220833) x16 0x00000000
core   0: 0x80006038 (0x021ff433) remu    s0, t6, ra
core   0: 3 0x80006038 (0x021ff433) x 8 0x00000000
core   0: 0x8000603c (0x0243bbb3) mulhu   s7, t2, tp
core   0: 3 0x8000603c (0x0243bbb3) x23 0x00000000
core   0: 0x80006040 (0x02793a33) mulhu   s4, s2, t2
core   0: 3 0x80006040 (0x02793a33) x20 0x00000000
core   0: 0x80006044 (0xbccca193) slti    gp, s9, -1076
core   0: 3 0x80006044 (0xbccca193) x 3 0x00000001
core   0: 0x80006048 (0x003ad093) srli    ra, s5, 3
core   0: 3 0x80006048 (0x003ad093) x 1 0x0000007d
core   0: 0x8000604c (0x99dbbab7) lui     s5, 0x99dbb
core   0: 3 0x8000604c (0x99dbbab7) x21 0x99dbb000
core   0: 0x80006050 (0xf361a7b7) lui     a5, 0xf361a
core   0: 3 0x80006050 (0xf361a7b7) x15 0xf361a000
core   0: 0x80006054 (0x41f988b3) sub     a7, s3, t6
core   0: 3 0x80006054 (0x41f988b3) x17 0x80014e63
core   0: 0x80006058 (0x02a01933) mulh    s2, zero, a0
core   0: 3 0x80006058 (0x02a01933) x18 0x00000000
core   0: 0x8000605c (0x00000013) nop
core   0: 3 0x8000605c (0x00000013)
core   0: 0x80006060 (0x00c07fb3) and     t6, zero, a2
core   0: 3 0x80006060 (0x00c07fb3) x31 0x00000000
core   0: 0x80006064 (0x03cda4b3) mulhsu  s1, s11, t3
core   0: 3 0x80006064 (0x03cda4b3) x 9 0xffffff89
core   0: 0x80006068 (0x376ee013) ori     zero, t4, 886
core   0: 3 0x80006068 (0x376ee013)
core   0: 0x8000606c (0x723fbe13) sltiu   t3, t6, 1827
core   0: 3 0x8000606c (0x723fbe13) x28 0x00000001
core   0: 0x80006070 (0x00000013) nop
core   0: 3 0x80006070 (0x00000013)
core   0: 0x80006074 (0x00e88bb3) add     s7, a7, a4
core   0: 3 0x80006074 (0x00e88bb3) x23 0x80014e63
core   0: 0x80006078 (0x41970433) sub     s0, a4, s9
core   0: 3 0x80006078 (0x41970433) x 8 0x28b3be0c
core   0: 0x8000607c (0x00450433) add     s0, a0, tp
core   0: 3 0x8000607c (0x00450433) x 8 0xe48e8000
core   0: 0x80006080 (0x01b51493) slli    s1, a0, 27
core   0: 3 0x80006080 (0x01b51493) x 9 0x00000000
core   0: 0x80006084 (0x01a33733) sltu    a4, t1, s10
core   0: 3 0x80006084 (0x01a33733) x14 0x00000000
core   0: 0x80006088 (0x037fb333) mulhu   t1, t6, s7
core   0: 3 0x80006088 (0x037fb333) x 6 0x00000000
core   0: 0x8000608c (0x03611fb3) mulh    t6, sp, s6
core   0: 3 0x8000608c (0x03611fb3) x31 0x00000000
core   0: 0x80006090 (0x02d5cb33) div     s6, a1, a3
core   0: 3 0x80006090 (0x02d5cb33) x22 0x00000000
core   0: 0x80006094 (0x0271efb3) rem     t6, gp, t2
core   0: 3 0x80006094 (0x0271efb3) x31 0x00000000
core   0: 0x80006098 (0x00dfeab3) or      s5, t6, a3
core   0: 3 0x80006098 (0x00dfeab3) x21 0x80018ce4
core   0: 0x8000609c (0x0174adb3) slt     s11, s1, s7
core   0: 3 0x8000609c (0x0174adb3) x27 0x00000000
core   0: 0x800060a0 (0x006891b3) sll     gp, a7, t1
core   0: 3 0x800060a0 (0x006891b3) x 3 0x80014e63
core   0: 0x800060a4 (0x4f085117) auipc   sp, 0x4f085
core   0: 3 0x800060a4 (0x4f085117) x 2 0xcf08b0a4
core   0: 0x800060a8 (0xaf3ae913) ori     s2, s5, -1293
core   0: 3 0x800060a8 (0xaf3ae913) x18 0xfffffef7
core   0: 0x800060ac (0x6c95b513) sltiu   a0, a1, 1737
core   0: 3 0x800060ac (0x6c95b513) x10 0x00000000
core   0: 0x800060b0 (0x03cbf433) remu    s0, s7, t3
core   0: 3 0x800060b0 (0x03cbf433) x 8 0x00000000
core   0: 0x800060b4 (0x02b013b3) mulh    t2, zero, a1
core   0: 3 0x800060b4 (0x02b013b3) x 7 0x00000000
core   0: 0x800060b8 (0x001d03b3) add     t2, s10, ra
core   0: 3 0x800060b8 (0x001d03b3) x 7 0x8000007d
core   0: 0x800060bc (0x0192f333) and     t1, t0, s9
core   0: 3 0x800060bc (0x0192f333) x 6 0x000001e0
core   0: 0x800060c0 (0x41340433) sub     s0, s0, s3
core   0: 3 0x800060c0 (0x41340433) x 8 0x7ffeb19c
core   0: 0x800060c4 (0x0153b533) sltu    a0, t2, s5
core   0: 3 0x800060c4 (0x0153b533) x10 0x00000001
core   0: 0x800060c8 (0x006e80b3) add     ra, t4, t1
core   0: 3 0x800060c8 (0x006e80b3) x 1 0x1d0dd3e0
core   0: 0x800060cc (0x037d1433) mulh    s0, s10, s7
core   0: 3 0x800060cc (0x037d1433) x 8 0x3fff58ce
core   0: 0x800060d0 (0x03d5f933) remu    s2, a1, t4
core   0: 3 0x800060d0 (0x03d5f933) x18 0x17916bac
core   0: 0x800060d4 (0x401ddb93) srai    s7, s11, 1
core   0: 3 0x800060d4 (0x401ddb93) x23 0x00000000
core   0: 0x800060d8 (0x40e358b3) sra     a7, t1, a4
core   0: 3 0x800060d8 (0x40e358b3) x17 0x000001e0
core   0: 0x800060dc (0xcca4a317) auipc   t1, 0xcca4a
core   0: 3 0x800060dc (0xcca4a317) x 6 0x4ca500dc
core   0: 0x800060e0 (0xbddd2b13) slti    s6, s10, -1059
core   0: 3 0x800060e0 (0xbddd2b13) x22 0x00000001
core   0: 0x800060e4 (0x2e5ba813) slti    a6, s7, 741
core   0: 3 0x800060e4 (0x2e5ba813) x16 0x00000001
core   0: 0x800060e8 (0x022a1fb3) mulh    t6, s4, sp
core   0: 3 0x800060e8 (0x022a1fb3) x31 0x00000000
core   0: 0x800060ec (0x00cd2a33) slt     s4, s10, a2
core   0: 3 0x800060ec (0x00cd2a33) x20 0x00000001
core   0: 0x800060f0 (0x039aeab3) rem     s5, s5, s9
core   0: 3 0x800060f0 (0x039aeab3) x21 0xfa1cc708
core   0: 0x800060f4 (0x00f3f733) and     a4, t2, a5
core   0: 3 0x800060f4 (0x00f3f733) x14 0x80000000
core   0: 0x800060f8 (0x843513b7) lui     t2, 0x84351
core   0: 3 0x800060f8 (0x843513b7) x 7 0x84351000
core   0: 0x800060fc (0xa017eb17) auipc   s6, 0xa017e
core   0: 3 0x800060fc (0xa017eb17) x22 0x201840fc
core   0: 0x80006100 (0x00f85813) srli    a6, a6, 15
core   0: 3 0x80006100 (0x00f85813) x16 0x00000000
core   0: 0x80006104 (0x9ec07613) andi    a2, zero, -1556
core   0: 3 0x80006104 (0x9ec07613) x12 0x00000000
core   0: 0x80006108 (0x40a45693) srai    a3, s0, 10
core   0: 3 0x80006108 (0x40a45693) x13 0x000fffd6
core   0: 0x8000610c (0x01efc8b3) xor     a7, t6, t5
core   0: 3 0x8000610c (0x01efc8b3) x17 0x80018ce4
core   0: 0x80006110 (0x01689413) slli    s0, a7, 22
core   0: 3 0x80006110 (0x01689413) x 8 0x39000000
core   0: 0x80006114 (0x9a82c497) auipc   s1, 0x9a82c
core   0: 3 0x80006114 (0x9a82c497) x 9 0x1a832114
core   0: 0x80006118 (0x00ee2bb3) slt     s7, t3, a4
core   0: 3 0x80006118 (0x00ee2bb3) x23 0x00000000
core   0: 0x8000611c (0x026192b3) mulh    t0, gp, t1
core   0: 3 0x8000611c (0x026192b3) x 5 0xd9ade3ae
core   0: 0x80006120 (0xfde6e693) ori     a3, a3, -34
core   0: 3 0x80006120 (0xfde6e693) x13 0xffffffde
core   0: 0x80006124 (0x41e50c33) sub     s8, a0, t5
core   0: 3 0x80006124 (0x41e50c33) x24 0x7ffe731d
core   0: 0x80006128 (0x9bd86293) ori     t0, a6, -1603
core   0: 3 0x80006128 (0x9bd86293) x 5 0xfffff9bd
core   0: 0x8000612c (0x02f99db3) mulh    s11, s3, a5
core   0: 3 0x8000612c (0x02f99db3) x27 0x064f1f84
core   0: 0x80006130 (0x417ad4b3) sra     s1, s5, s7
core   0: 3 0x80006130 (0x417ad4b3) x 9 0xfa1cc708
core   0: 0x80006134 (0xe7716393) ori     t2, sp, -393
core   0: 3 0x80006134 (0xe7716393) x 7 0xfffffef7
core   0: 0x80006138 (0x023c9533) mulh    a0, s9, gp
core   0: 3 0x80006138 (0x023c9533) x10 0x1459a9db
core   0: 0x8000613c (0xc5ab2ab7) lui     s5, 0xc5ab2
core   0: 3 0x8000613c (0xc5ab2ab7) x21 0xc5ab2000
core   0: 0x80006140 (0x01f2fc33) and     s8, t0, t6
core   0: 3 0x80006140 (0x01f2fc33) x24 0x00000000
core   0: 0x80006144 (0x01110033) add     zero, sp, a7
core   0: 3 0x80006144 (0x01110033)
core   0: 0x80006148 (0xf3ea4b13) xori    s6, s4, -194
core   0: 3 0x80006148 (0xf3ea4b13) x22 0xffffff3f
core   0: 0x8000614c (0x41abd913) srai    s2, s7, 26
core   0: 3 0x8000614c (0x41abd913) x18 0x00000000
core   0: 0x80006150 (0x018af533) and     a0, s5, s8
core   0: 3 0x80006150 (0x018af533) x10 0x00000000
core   0: 0x80006154 (0x03e8f933) remu    s2, a7, t5
core   0: 3 0x80006154 (0x03e8f933) x18 0x00000000
core   0: 0x80006158 (0xc40f8a37) lui     s4, 0xc40f8
core   0: 3 0x80006158 (0xc40f8a37) x20 0xc40f8000
core   0: 0x8000615c (0x0028be33) sltu    t3, a7, sp
core   0: 3 0x8000615c (0x0028be33) x28 0x00000001
core   0: 0x80006160 (0x015118b3) sll     a7, sp, s5
core   0: 3 0x80006160 (0x015118b3) x17 0xcf08b0a4
core   0: 0x80006164 (0x00225233) srl     tp, tp, sp
core   0: 3 0x80006164 (0x00225233) x 4 0x00000000
core   0: 0x80006168 (0x002a1c33) sll     s8, s4, sp
core   0: 3 0x80006168 (0x002a1c33) x24 0x40f80000
core   0: 0x8000616c (0x4160dc93) srai    s9, ra, 22
core   0: 3 0x8000616c (0x4160dc93) x25 0x00000074
core   0: 0x80006170 (0x40765733) sra     a4, a2, t2
core   0: 3 0x80006170 (0x40765733) x14 0x00000000
core   0: 0x80006174 (0x41785f93) srai    t6, a6, 23
core   0: 3 0x80006174 (0x41785f93) x31 0x00000000
core   0: 0x80006178 (0x01f81bb3) sll     s7, a6, t6
core   0: 3 0x80006178 (0x01f81bb3) x23 0x00000000
core   0: 0x8000617c (0x0337b833) mulhu   a6, a5, s3
core   0: 3 0x8000617c (0x0337b833) x16 0x79b20de8
core   0: 0x80006180 (0x00db1333) sll     t1, s6, a3
core   0: 3 0x80006180 (0x00db1333) x 6 0xc0000000
core   0: 0x80006184 (0x96fec793) xori    a5, t4, -1681
core   0: 3 0x80006184 (0x96fec793) x15 0xe2f22b6f
core   0: 0x80006188 (0x031da833) mulhsu  a6, s11, a7
core   0: 3 0x80006188 (0x031da833) x16 0x051a314f
core   0: 0x8000618c (0x00000013) nop
core   0: 3 0x8000618c (0x00000013)
core   0: 0x80006190 (0x032a35b3) mulhu   a1, s4, s2
core   0: 3 0x80006190 (0x032a35b3) x11 0x00000000
core   0: 0x80006194 (0x037644b3) div     s1, a2, s7
core   0: 3 0x80006194 (0x037644b3) x 9 0xffffffff
core   0: 0x80006198 (0x008a7fb3) and     t6, s4, s0
core   0: 3 0x80006198 (0x008a7fb3) x31 0x00000000
core   0: 0x8000619c (0x011531b3) sltu    gp, a0, a7
core   0: 3 0x8000619c (0x011531b3) x 3 0x00000001
core   0: 0x800061a0 (0x40405413) srai    s0, zero, 4
core   0: 3 0x800061a0 (0x40405413) x 8 0x00000000
core   0: 0x800061a4 (0x82d2deb7) lui     t4, 0x82d2d
core   0: 3 0x800061a4 (0x82d2deb7) x29 0x82d2d000
core   0: 0x800061a8 (0x41115433) sra     s0, sp, a7
core   0: 3 0x800061a8 (0x41115433) x 8 0xfcf08b0a
core   0: 0x800061ac (0x0159db13) srli    s6, s3, 21
core   0: 3 0x800061ac (0x0159db13) x22 0x00000400
core   0: 0x800061b0 (0x0178a833) slt     a6, a7, s7
core   0: 3 0x800061b0 (0x0178a833) x16 0x00000001
core   0: 0x800061b4 (0x064bc693) xori    a3, s7, 100
core   0: 3 0x800061b4 (0x064bc693) x13 0x00000064
core   0: 0x800061b8 (0x40ed5bb3) sra     s7, s10, a4
core   0: 3 0x800061b8 (0x40ed5bb3) x23 0x80000000
core   0: 0x800061bc (0x00ab91b3) sll     gp, s7, a0
core   0: 3 0x800061bc (0x00ab91b3) x 3 0x80000000
core   0: 0x800061c0 (0x033bdab3) divu    s5, s7, s3
core   0: 3 0x800061c0 (0x033bdab3) x21 0x00000000
core   0: 0x800061c4 (0x0246f0b3) remu    ra, a3, tp
core   0: 3 0x800061c4 (0x0246f0b3) x 1 0x00000064
core   0: 0x800061c8 (0x91c3ffb7) lui     t6, 0x91c3f
core   0: 3 0x800061c8 (0x91c3ffb7) x31 0x91c3f000
core   0: 0x800061cc (0x03831133) mulh    sp, t1, s8
core   0: 3 0x800061cc (0x03831133) x 2 0xefc20000
core   0: 0x800061d0 (0xea410f93) addi    t6, sp, -348
core   0: 3 0x800061d0 (0xea410f93) x31 0xefc1fea4
core   0: 0x800061d4 (0x5c2f3913) sltiu   s2, t5, 1474
core   0: 3 0x800061d4 (0x5c2f3913) x18 0x00000000
core   0: 0x800061d8 (0x0379efb3) rem     t6, s3, s7
core   0: 3 0x800061d8 (0x0379efb3) x31 0x80014e64
core   0: 0x800061dc (0x41998ab3) sub     s5, s3, s9
core   0: 3 0x800061dc (0x41998ab3) x21 0x80014df0
core   0: 0x800061e0 (0x82cd4113) xori    sp, s10, -2004
core   0: 3 0x800061e0 (0x82cd4113) x 2 0x7ffff82c
core   0: 0x800061e4 (0x02567e33) remu    t3, a2, t0
core   0: 3 0x800061e4 (0x02567e33) x28 0x00000000
core   0: 0x800061e8 (0x00000013) nop
core   0: 3 0x800061e8 (0x00000013)
core   0: 0x800061ec (0x021634b3) mulhu   s1, a2, ra
core   0: 3 0x800061ec (0x021634b3) x 9 0x00000000
core   0: 0x800061f0 (0x0189bcb3) sltu    s9, s3, s8
core   0: 3 0x800061f0 (0x0189bcb3) x25 0x00000000
core   0: 0x800061f4 (0x01667033) and     zero, a2, s6
core   0: 3 0x800061f4 (0x01667033)
core   0: 0x800061f8 (0x00000013) nop
core   0: 3 0x800061f8 (0x00000013)
core   0: 0x800061fc (0x03e26933) rem     s2, tp, t5
core   0: 3 0x800061fc (0x03e26933) x18 0x00000000
core   0: 0x80006200 (0x006f6433) or      s0, t5, t1
core   0: 3 0x80006200 (0x006f6433) x 8 0xc0018ce4
core   0: 0x80006204 (0x023fdbb3) divu    s7, t6, gp
core   0: 3 0x80006204 (0x023fdbb3) x23 0x00000001
core   0: 0x80006208 (0x404c5233) sra     tp, s8, tp
core   0: 3 0x80006208 (0x404c5233) x 4 0x40f80000
core   0: 0x8000620c (0x01d9d313) srli    t1, s3, 29
core   0: 3 0x8000620c (0x01d9d313) x 6 0x00000004
core   0: 0x80006210 (0x63d14713) xori    a4, sp, 1597
core   0: 3 0x80006210 (0x63d14713) x14 0x7ffffe11
core   0: 0x80006214 (0x00fbd913) srli    s2, s7, 15
core   0: 3 0x80006214 (0x00fbd913) x18 0x00000000
core   0: 0x80006218 (0x0117d6b3) srl     a3, a5, a7
core   0: 3 0x80006218 (0x0117d6b3) x13 0x0e2f22b6
core   0: 0x8000621c (0x00000013) nop
core   0: 3 0x8000621c (0x00000013)
core   0: 0x80006220 (0x02535333) divu    t1, t1, t0
core   0: 3 0x80006220 (0x02535333) x 6 0x00000000
core   0: 0x80006224 (0x03f54cb3) div     s9, a0, t6
core   0: 3 0x80006224 (0x03f54cb3) x25 0x00000000
core   0: 0x80006228 (0x41b70b33) sub     s6, a4, s11
core   0: 3 0x80006228 (0x41b70b33) x22 0x79b0de8d
core   0: 0x8000622c (0x3e2cf113) andi    sp, s9, 994
core   0: 3 0x8000622c (0x3e2cf113) x 2 0x00000000
core   0: 0x80006230 (0x409a0733) sub     a4, s4, s1
core   0: 3 0x80006230 (0x409a0733) x14 0xc40f8000
core   0: 0x80006234 (0x01e1d033) srl     zero, gp, t5
core   0: 3 0x80006234 (0x01e1d033)
core   0: 0x80006238 (0x02ad2c33) mulhsu  s8, s10, a0
core   0: 3 0x80006238 (0x02ad2c33) x24 0x00000000
core   0: 0x8000623c (0x03f0a733) mulhsu  a4, ra, t6
core   0: 3 0x8000623c (0x03f0a733) x14 0x00000032
core   0: 0x80006240 (0x01bc42b3) xor     t0, s8, s11
core   0: 3 0x80006240 (0x01bc42b3) x 5 0x064f1f84
core   0: 0x80006244 (0x03c78c17) auipc   s8, 0x3c78
core   0: 3 0x80006244 (0x03c78c17) x24 0x83c7e244
core   0: 0x80006248 (0xc39872b7) lui     t0, 0xc3987
core   0: 3 0x80006248 (0xc39872b7) x 5 0xc3987000
core   0: 0x8000624c (0x00000013) nop
core   0: 3 0x8000624c (0x00000013)
core   0: 0x80006250 (0xfae6e837) lui     a6, 0xfae6e
core   0: 3 0x80006250 (0xfae6e837) x16 0xfae6e000
core   0: 0x80006254 (0x02943933) mulhu   s2, s0, s1
core   0: 3 0x80006254 (0x02943933) x18 0x00000000
core   0: 0x80006258 (0x007a9593) slli    a1, s5, 7
core   0: 3 0x80006258 (0x007a9593) x11 0x00a6f800
core   0: 0x8000625c (0x041d2013) slti    zero, s10, 65
core   0: 3 0x8000625c (0x041d2013)
core   0: 0x80006260 (0x0356f0b3) remu    ra, a3, s5
core   0: 3 0x80006260 (0x0356f0b3) x 1 0x0e2f22b6
core   0: 0x80006264 (0x01d5edb3) or      s11, a1, t4
core   0: 3 0x80006264 (0x01d5edb3) x27 0x82f6f800
core   0: 0x80006268 (0x035e7db3) remu    s11, t3, s5
core   0: 3 0x80006268 (0x035e7db3) x27 0x00000000
core   0: 0x8000626c (0x0325f1b3) remu    gp, a1, s2
core   0: 3 0x8000626c (0x0325f1b3) x 3 0x00a6f800
core   0: 0x80006270 (0x403d8c33) sub     s8, s11, gp
core   0: 3 0x80006270 (0x403d8c33) x24 0xff590800
core   0: 0x80006274 (0x5c268713) addi    a4, a3, 1474
core   0: 3 0x80006274 (0x5c268713) x14 0x0e2f2878
core   0: 0x80006278 (0x41a8db33) sra     s6, a7, s10
core   0: 3 0x80006278 (0x41a8db33) x22 0xcf08b0a4
core   0: 0x8000627c (0x030208b3) mul     a7, tp, a6
core   0: 3 0x8000627c (0x030208b3) x17 0x00000000
core   0: 0x80006280 (0x00000013) nop
core   0: 3 0x80006280 (0x00000013)
core   0: 0x80006284 (0x029cf633) remu    a2, s9, s1
core   0: 3 0x80006284 (0x029cf633) x12 0x00000000
core   0: 0x80006288 (0x01a4ec33) or      s8, s1, s10
core   0: 3 0x80006288 (0x01a4ec33) x24 0x80000000
core   0: 0x8000628c (0x0a4e2597) auipc   a1, 0xa4e2
core   0: 3 0x8000628c (0x0a4e2597) x11 0x8a4e828c
core   0: 0x80006290 (0x03252b93) slti    s7, a0, 50
core   0: 3 0x80006290 (0x03252b93) x23 0x00000001
core   0: 0x80006294 (0x282eb513) sltiu   a0, t4, 642
core   0: 3 0x80006294 (0x282eb513) x10 0x00000000
core   0: 0x80006298 (0x00977a33) and     s4, a4, s1
core   0: 3 0x80006298 (0x00977a33) x20 0x00000000
core   0: 0x8000629c (0x029912b3) mulh    t0, s2, s1
core   0: 3 0x8000629c (0x029912b3) x 5 0x00000000
core   0: 0x800062a0 (0x021bc033) div     zero, s7, ra
core   0: 3 0x800062a0 (0x021bc033)
core   0: 0x800062a4 (0x019c36b3) sltu    a3, s8, s9
core   0: 3 0x800062a4 (0x019c36b3) x13 0x00000000
core   0: 0x800062a8 (0x40b750b3) sra     ra, a4, a1
core   0: 3 0x800062a8 (0x40b750b3) x 1 0x0000e2f2
core   0: 0x800062ac (0xd164f493) andi    s1, s1, -746
core   0: 3 0x800062ac (0xd164f493) x 9 0x00000000
core   0: 0x800062b0 (0x0150d393) srli    t2, ra, 21
core   0: 3 0x800062b0 (0x0150d393) x 7 0x00000000
core   0: 0x800062b4 (0x00c69113) slli    sp, a3, 12
core   0: 3 0x800062b4 (0x00c69113) x 2 0x00000000
core   0: 0x800062b8 (0x002805b3) add     a1, a6, sp
core   0: 3 0x800062b8 (0x002805b3) x11 0xfae6e000
core   0: 0x800062bc (0x025edb33) divu    s6, t4, t0
core   0: 3 0x800062bc (0x025edb33) x22 0xffffffff
core   0: 0x800062c0 (0x006998b3) sll     a7, s3, t1
core   0: 3 0x800062c0 (0x006998b3) x17 0x80014e64
core   0: 0x800062c4 (0x00624bb3) xor     s7, tp, t1
core   0: 3 0x800062c4 (0x00624bb3) x23 0x40f80000
core   0: 0x800062c8 (0x01449db3) sll     s11, s1, s4
core   0: 3 0x800062c8 (0x01449db3) x27 0x00000000
core   0: 0x800062cc (0x038b15b3) mulh    a1, s6, s8
core   0: 3 0x800062cc (0x038b15b3) x11 0x00000000
core   0: 0x800062d0 (0x6e53ec93) ori     s9, t2, 1765
core   0: 3 0x800062d0 (0x6e53ec93) x25 0x000006e5
core   0: 0x800062d4 (0x002340b3) xor     ra, t1, sp
core   0: 3 0x800062d4 (0x002340b3) x 1 0x00000000
core   0: 0x800062d8 (0x00000013) nop
core   0: 3 0x800062d8 (0x00000013)
core   0: 0x800062dc (0x00ed30b3) sltu    ra, s10, a4
core   0: 3 0x800062dc (0x00ed30b3) x 1 0x00000000
core   0: 0x800062e0 (0x95106eb7) lui     t4, 0x95106
core   0: 3 0x800062e0 (0x95106eb7) x29 0x95106000
core   0: 0x800062e4 (0x00145f93) srli    t6, s0, 1
core   0: 3 0x800062e4 (0x00145f93) x31 0x6000c672
core   0: 0x800062e8 (0x01db3cb3) sltu    s9, s6, t4
core   0: 3 0x800062e8 (0x01db3cb3) x25 0x00000000
core   0: 0x800062ec (0x43603393) sltiu   t2, zero, 1078
core   0: 3 0x800062ec (0x43603393) x 7 0x00000001
core   0: 0x800062f0 (0x00bff1b3) and     gp, t6, a1
core   0: 3 0x800062f0 (0x00bff1b3) x 3 0x00000000
core   0: 0x800062f4 (0x80aaf893) andi    a7, s5, -2038
core   0: 3 0x800062f4 (0x80aaf893) x17 0x80014800
core   0: 0x800062f8 (0x66e46513) ori     a0, s0, 1646
core   0: 3 0x800062f8 (0x66e46513) x10 0xc0018eee
core   0: 0x800062fc (0x01105c93) srli    s9, zero, 17
core   0: 3 0x800062fc (0x01105c93) x25 0x00000000
core   0: 0x80006300 (0x02134eb3) div     t4, t1, ra
core   0: 3 0x80006300 (0x02134eb3) x29 0xffffffff
core   0: 0x80006304 (0x033ac0b3) div     ra, s5, s3
core   0: 3 0x80006304 (0x033ac0b3) x 1 0x00000001
core   0: 0x80006308 (0x413a5e93) srai    t4, s4, 19
core   0: 3 0x80006308 (0x413a5e93) x29 0x00000000
core   0: 0x8000630c (0x011fdb13) srli    s6, t6, 17
core   0: 3 0x8000630c (0x011fdb13) x22 0x00003000
core   0: 0x80006310 (0x417c0033) sub     zero, s8, s7
core   0: 3 0x80006310 (0x417c0033)
core   0: 0x80006314 (0x409ddcb3) sra     s9, s11, s1
core   0: 3 0x80006314 (0x409ddcb3) x25 0x00000000
core   0: 0x80006318 (0x02e30833) mul     a6, t1, a4
core   0: 3 0x80006318 (0x02e30833) x16 0x00000000
core   0: 0x8000631c (0xbb99fa93) andi    s5, s3, -1095
core   0: 3 0x8000631c (0xbb99fa93) x21 0x80014a20
core   0: 0x80006320 (0x03692b33) mulhsu  s6, s2, s6
core   0: 3 0x80006320 (0x03692b33) x22 0x00000000
core   0: 0x80006324 (0x41c9de33) sra     t3, s3, t3
core   0: 3 0x80006324 (0x41c9de33) x28 0x80014e64
core   0: 0x80006328 (0x00000013) nop
core   0: 3 0x80006328 (0x00000013)
core   0: 0x8000632c (0x418902b3) sub     t0, s2, s8
core   0: 3 0x8000632c (0x418902b3) x 5 0x80000000
core   0: 0x80006330 (0x01d19013) slli    zero, gp, 29
core   0: 3 0x80006330 (0x01d19013)
core   0: 0x80006334 (0x03f4cc33) div     s8, s1, t6
core   0: 3 0x80006334 (0x03f4cc33) x24 0x00000000
core   0: 0x80006338 (0x03ef4e33) div     t3, t5, t5
core   0: 3 0x80006338 (0x03ef4e33) x28 0x00000001
core   0: 0x8000633c (0x00c59313) slli    t1, a1, 12
core   0: 3 0x8000633c (0x00c59313) x 6 0x00000000
core   0: 0x80006340 (0x4fc53a93) sltiu   s5, a0, 1276
core   0: 3 0x80006340 (0x4fc53a93) x21 0x00000000
core   0: 0x80006344 (0x03cda933) mulhsu  s2, s11, t3
core   0: 3 0x80006344 (0x03cda933) x18 0x00000000
core   0: 0x80006348 (0x025c3fb3) mulhu   t6, s8, t0
core   0: 3 0x80006348 (0x025c3fb3) x31 0x00000000
core   0: 0x8000634c (0xe4886413) ori     s0, a6, -440
core   0: 3 0x8000634c (0xe4886413) x 8 0xfffffe48
core   0: 0x80006350 (0x03a26933) rem     s2, tp, s10
core   0: 3 0x80006350 (0x03a26933) x18 0x40f80000
core   0: 0x80006354 (0x003842b3) xor     t0, a6, gp
core   0: 3 0x80006354 (0x003842b3) x 5 0x00000000
core   0: 0x80006358 (0x40c05293) srai    t0, zero, 12
core   0: 3 0x80006358 (0x40c05293) x 5 0x00000000
core   0: 0x8000635c (0x0088aeb3) slt     t4, a7, s0
core   0: 3 0x8000635c (0x0088aeb3) x29 0x00000001
core   0: 0x80006360 (0x0266eeb3) rem     t4, a3, t1
core   0: 3 0x80006360 (0x0266eeb3) x29 0x00000000
core   0: 0x80006364 (0x8616e893) ori     a7, a3, -1951
core   0: 3 0x80006364 (0x8616e893) x17 0xfffff861
core   0: 0x80006368 (0x40ee5813) srai    a6, t3, 14
core   0: 3 0x80006368 (0x40ee5813) x16 0x00000000
core   0: 0x8000636c (0x00093433) sltu    s0, s2, zero
core   0: 3 0x8000636c (0x00093433) x 8 0x00000000
core   0: 0x80006370 (0xef050513) addi    a0, a0, -272
core   0: 3 0x80006370 (0xef050513) x10 0xc0018dde
core   0: 0x80006374 (0x006067b3) or      a5, zero, t1
core   0: 3 0x80006374 (0x006067b3) x15 0x00000000
core   0: 0x80006378 (0x00d5dc93) srli    s9, a1, 13
core   0: 3 0x80006378 (0x00d5dc93) x25 0x00000000
core   0: 0x8000637c (0x00b617b3) sll     a5, a2, a1
core   0: 3 0x8000637c (0x00b617b3) x15 0x00000000
core   0: 0x80006380 (0x037fe033) rem     zero, t6, s7
core   0: 3 0x80006380 (0x037fe033)
core   0: 0x80006384 (0x02d9b733) mulhu   a4, s3, a3
core   0: 3 0x80006384 (0x02d9b733) x14 0x00000000
core   0: 0x80006388 (0x000d1093) slli    ra, s10, 0
core   0: 3 0x80006388 (0x000d1093) x 1 0x80000000
core   0: 0x8000638c (0x00069433) sll     s0, a3, zero
core   0: 3 0x8000638c (0x00069433) x 8 0x00000000
core   0: 0x80006390 (0x4161d413) srai    s0, gp, 22
core   0: 3 0x80006390 (0x4161d413) x 8 0x00000000
core   0: 0x80006394 (0x028b35b3) mulhu   a1, s6, s0
core   0: 3 0x80006394 (0x028b35b3) x11 0x00000000
core   0: 0x80006398 (0xefeccc13) xori    s8, s9, -258
core   0: 3 0x80006398 (0xefeccc13) x24 0xfffffefe
core   0: 0x8000639c (0x59bd7013) andi    zero, s10, 1435
core   0: 3 0x8000639c (0x59bd7013)
core   0: 0x800063a0 (0xb793ae93) slti    t4, t2, -1159
core   0: 3 0x800063a0 (0xb793ae93) x29 0x00000000
core   0: 0x800063a4 (0x00d6c233) xor     tp, a3, a3
core   0: 3 0x800063a4 (0x00d6c233) x 4 0x00000000
core   0: 0x800063a8 (0xcda30337) lui     t1, 0xcda30
core   0: 3 0x800063a8 (0xcda30337) x 6 0xcda30000
core   0: 0x800063ac (0xaaee2013) slti    zero, t3, -1362
core   0: 3 0x800063ac (0xaaee2013)
core   0: 0x800063b0 (0x025893b3) mulh    t2, a7, t0
core   0: 3 0x800063b0 (0x025893b3) x 7 0x00000000
core   0: 0x800063b4 (0x400e5033) sra     zero, t3, zero
core   0: 3 0x800063b4 (0x400e5033)
core   0: 0x800063b8 (0x0c93b513) sltiu   a0, t2, 201
core   0: 3 0x800063b8 (0x0c93b513) x10 0x00000001
core   0: 0x800063bc (0x00f942b3) xor     t0, s2, a5
core   0: 3 0x800063bc (0x00f942b3) x 5 0x40f80000
core   0: 0x800063c0 (0x9042bb13) sltiu   s6, t0, -1788
core   0: 3 0x800063c0 (0x9042bb13) x22 0x00000001
core   0: 0x800063c4 (0x004c36b3) sltu    a3, s8, tp
core   0: 3 0x800063c4 (0x004c36b3) x13 0x00000000
core   0: 0x800063c8 (0x497c6b37) lui     s6, 0x497c6
core   0: 3 0x800063c8 (0x497c6b37) x22 0x497c6000
core   0: 0x800063cc (0x00ffbc33) sltu    s8, t6, a5
core   0: 3 0x800063cc (0x00ffbc33) x24 0x00000000
core   0: 0x800063d0 (0x02ccc8b3) div     a7, s9, a2
core   0: 3 0x800063d0 (0x02ccc8b3) x17 0xffffffff
core   0: 0x800063d4 (0x00000013) nop
core   0: 3 0x800063d4 (0x00000013)
core   0: 0x800063d8 (0x013fb233) sltu    tp, t6, s3
core   0: 3 0x800063d8 (0x013fb233) x 4 0x00000001
core   0: 0x800063dc (0x0b6a2c13) slti    s8, s4, 182
core   0: 3 0x800063dc (0x0b6a2c13) x24 0x00000001
core   0: 0x800063e0 (0x412dd393) srai    t2, s11, 18
core   0: 3 0x800063e0 (0x412dd393) x 7 0x00000000
core   0: 0x800063e4 (0x01543037) lui     zero, 0x1543
core   0: 3 0x800063e4 (0x01543037)
core   0: 0x800063e8 (0x417c82b3) sub     t0, s9, s7
core   0: 3 0x800063e8 (0x417c82b3) x 5 0xbf080000
core   0: 0x800063ec (0x033297b3) mulh    a5, t0, s3
core   0: 3 0x800063ec (0x033297b3) x15 0x207bab23
core   0: 0x800063f0 (0xa417a593) slti    a1, a5, -1471
core   0: 3 0x800063f0 (0xa417a593) x11 0x00000000
core   0: 0x800063f4 (0xef070e13) addi    t3, a4, -272
core   0: 3 0x800063f4 (0xef070e13) x28 0xfffffef0
core   0: 0x800063f8 (0x0092dbb3) srl     s7, t0, s1
core   0: 3 0x800063f8 (0x0092dbb3) x23 0xbf080000
core   0: 0x800063fc (0x03f7b0b3) mulhu   ra, a5, t6
core   0: 3 0x800063fc (0x03f7b0b3) x 1 0x00000000
core   0: 0x80006400 (0x00000013) nop
core   0: 3 0x80006400 (0x00000013)
core   0: 0x80006404 (0xd2cc9b37) lui     s6, 0xd2cc9
core   0: 3 0x80006404 (0xd2cc9b37) x22 0xd2cc9000
core   0: 0x80006408 (0xb072e313) ori     t1, t0, -1273
core   0: 3 0x80006408 (0xb072e313) x 6 0xfffffb07
core   0: 0x8000640c (0x45df7f93) andi    t6, t5, 1117
core   0: 3 0x8000640c (0x45df7f93) x31 0x00000444
core   0: 0x80006410 (0x00266333) or      t1, a2, sp
core   0: 3 0x80006410 (0x00266333) x 6 0x00000000
core   0: 0x80006414 (0x00000013) nop
core   0: 3 0x80006414 (0x00000013)
core   0: 0x80006418 (0x01c7b8b3) sltu    a7, a5, t3
core   0: 3 0x80006418 (0x01c7b8b3) x17 0x00000001
core   0: 0x8000641c (0x47a47b93) andi    s7, s0, 1146
core   0: 3 0x8000641c (0x47a47b93) x23 0x00000000
core   0: 0x80006420 (0xdbdac737) lui     a4, 0xdbdac
core   0: 3 0x80006420 (0xdbdac737) x14 0xdbdac000
core   0: 0x80006424 (0x41e782b3) sub     t0, a5, t5
core   0: 3 0x80006424 (0x41e782b3) x 5 0xa07a1e3f
core   0: 0x80006428 (0x025beab3) rem     s5, s7, t0
core   0: 3 0x80006428 (0x025beab3) x21 0x00000000
core   0: 0x8000642c (0x33ce2e13) slti    t3, t3, 828
core   0: 3 0x8000642c (0x33ce2e13) x28 0x00000001
core   0: 0x80006430 (0x0151bbb3) sltu    s7, gp, s5
core   0: 3 0x80006430 (0x0151bbb3) x23 0x00000000
core   0: 0x80006434 (0x03046b33) rem     s6, s0, a6
core   0: 3 0x80006434 (0x03046b33) x22 0x00000000
core   0: 0x80006438 (0x419953b3) sra     t2, s2, s9
core   0: 3 0x80006438 (0x419953b3) x 7 0x40f80000
core   0: 0x8000643c (0xbe75c537) lui     a0, 0xbe75c
core   0: 3 0x8000643c (0xbe75c537) x10 0xbe75c000
core   0: 0x80006440 (0x03563eb3) mulhu   t4, a2, s5
core   0: 3 0x80006440 (0x03563eb3) x29 0x00000000
core   0: 0x80006444 (0x0274b033) mulhu   zero, s1, t2
core   0: 3 0x80006444 (0x0274b033)
core   0: 0x80006448 (0x41fad433) sra     s0, s5, t6
core   0: 3 0x80006448 (0x41fad433) x 8 0x00000000
core   0: 0x8000644c (0x0343d0b3) divu    ra, t2, s4
core   0: 3 0x8000644c (0x0343d0b3) x 1 0xffffffff
core   0: 0x80006450 (0x019cbeb3) sltu    t4, s9, s9
core   0: 3 0x80006450 (0x019cbeb3) x29 0x00000000
core   0: 0x80006454 (0x00e95833) srl     a6, s2, a4
core   0: 3 0x80006454 (0x00e95833) x16 0x40f80000
core   0: 0x80006458 (0x660b8a13) addi    s4, s7, 1632
core   0: 3 0x80006458 (0x660b8a13) x20 0x00000660
core   0: 0x8000645c (0x01dfe3b3) or      t2, t6, t4
core   0: 3 0x8000645c (0x01dfe3b3) x 7 0x00000444
core   0: 0x80006460 (0xe03fb913) sltiu   s2, t6, -509
core   0: 3 0x80006460 (0xe03fb913) x18 0x00000001
core   0: 0x80006464 (0x015e7a33) and     s4, t3, s5
core   0: 3 0x80006464 (0x015e7a33) x20 0x00000000
core   0: 0x80006468 (0x0093edb3) or      s11, t2, s1
core   0: 3 0x80006468 (0x0093edb3) x27 0x00000444
core   0: 0x8000646c (0xcc4dd2b7) lui     t0, 0xcc4dd
core   0: 3 0x8000646c (0xcc4dd2b7) x 5 0xcc4dd000
core   0: 0x80006470 (0x00fd5a13) srli    s4, s10, 15
core   0: 3 0x80006470 (0x00fd5a13) x20 0x00010000
core   0: 0x80006474 (0xce4ff617) auipc   a2, 0xce4ff
core   0: 3 0x80006474 (0xce4ff617) x12 0x4e505474
core   0: 0x80006478 (0x0102a7b3) slt     a5, t0, a6
core   0: 3 0x80006478 (0x0102a7b3) x15 0x00000001
core   0: 0x8000647c (0x025b3e33) mulhu   t3, s6, t0
core   0: 3 0x8000647c (0x025b3e33) x28 0x00000000
core   0: 0x80006480 (0xcb788913) addi    s2, a7, -841
core   0: 3 0x80006480 (0xcb788913) x18 0xfffffcb8
core   0: 0x80006484 (0x00cde4b3) or      s1, s11, a2
core   0: 3 0x80006484 (0x00cde4b3) x 9 0x4e505474
core   0: 0x80006488 (0x02f49533) mulh    a0, s1, a5
core   0: 3 0x80006488 (0x02f49533) x10 0x00000000
core   0: 0x8000648c (0x001c7333) and     t1, s8, ra
core   0: 3 0x8000648c (0x001c7333) x 6 0x00000001
core   0: 0x80006490 (0x9585fa37) lui     s4, 0x9585f
core   0: 3 0x80006490 (0x9585fa37) x20 0x9585f000
core   0: 0x80006494 (0xd0a33a93) sltiu   s5, t1, -758
core   0: 3 0x80006494 (0xd0a33a93) x21 0x00000001
core   0: 0x80006498 (0x000fbab3) sltu    s5, t6, zero
core   0: 3 0x80006498 (0x000fbab3) x21 0x00000000
core   0: 0x8000649c (0x188e3893) sltiu   a7, t3, 392
core   0: 3 0x8000649c (0x188e3893) x17 0x00000001
core   0: 0x800064a0 (0x013c98b3) sll     a7, s9, s3
core   0: 3 0x800064a0 (0x013c98b3) x17 0x00000000
core   0: 0x800064a4 (0x03b03a33) mulhu   s4, zero, s11
core   0: 3 0x800064a4 (0x03b03a33) x20 0x00000000
core   0: 0x800064a8 (0x00520e33) add     t3, tp, t0
core   0: 3 0x800064a8 (0x00520e33) x28 0xcc4dd001
core   0: 0x800064ac (0x0187a0b3) slt     ra, a5, s8
core   0: 3 0x800064ac (0x0187a0b3) x 1 0x00000000
core   0: 0x800064b0 (0x03b59bb3) mulh    s7, a1, s11
core   0: 3 0x800064b0 (0x03b59bb3) x23 0x00000000
core   0: 0x800064b4 (0xd0867c13) andi    s8, a2, -760
core   0: 3 0x800064b4 (0xd0867c13) x24 0x4e505400
core   0: 0x800064b8 (0x007caab3) slt     s5, s9, t2
core   0: 3 0x800064b8 (0x007caab3) x21 0x00000001
core   0: 0x800064bc (0x01dd9e13) slli    t3, s11, 29
core   0: 3 0x800064bc (0x01dd9e13) x28 0x80000000
core   0: 0x800064c0 (0x03d07a33) remu    s4, zero, t4
core   0: 3 0x800064c0 (0x03d07a33) x20 0x00000000
core   0: 0x800064c4 (0xc4444813) xori    a6, s0, -956
core   0: 3 0x800064c4 (0xc4444813) x16 0xfffffc44
core   0: 0x800064c8 (0x024eb033) mulhu   zero, t4, tp
core   0: 3 0x800064c8 (0x024eb033)
core   0: 0x800064cc (0x02e50133) mul     sp, a0, a4
core   0: 3 0x800064cc (0x02e50133) x 2 0x00000000
core   0: 0x800064d0 (0x00e75833) srl     a6, a4, a4
core   0: 3 0x800064d0 (0x00e75833) x16 0xdbdac000
core   0: 0x800064d4 (0x01350b33) add     s6, a0, s3
core   0: 3 0x800064d4 (0x01350b33) x22 0x80014e64
core   0: 0x800064d8 (0xdd66e413) ori     s0, a3, -554
core   0: 3 0x800064d8 (0xdd66e413) x 8 0xfffffdd6
core   0: 0x800064dc (0x02ce67b3) rem     a5, t3, a2
core   0: 3 0x800064dc (0x02ce67b3) x15 0xce505474
core   0: 0x800064e0 (0x0340ba33) mulhu   s4, ra, s4
core   0: 3 0x800064e0 (0x0340ba33) x20 0x00000000
core   0: 0x800064e4 (0x01359e13) slli    t3, a1, 19
core   0: 3 0x800064e4 (0x01359e13) x28 0x00000000
core   0: 0x800064e8 (0x34a50693) addi    a3, a0, 842
core   0: 3 0x800064e8 (0x34a50693) x13 0x0000034a
core   0: 0x800064ec (0x0094d0b3) srl     ra, s1, s1
core   0: 3 0x800064ec (0x0094d0b3) x 1 0x000004e5
core   0: 0x800064f0 (0x0219ceb3) div     t4, s3, ra
core   0: 3 0x800064f0 (0x0219ceb3) x29 0xffe5d973
core   0: 0x800064f4 (0x0181a3b3) slt     t2, gp, s8
core   0: 3 0x800064f4 (0x0181a3b3) x 7 0x00000001
core   0: 0x800064f8 (0x00a50bb3) add     s7, a0, a0
core   0: 3 0x800064f8 (0x00a50bb3) x23 0x00000000
core   0: 0x800064fc (0x2014fb93) andi    s7, s1, 513
core   0: 3 0x800064fc (0x2014fb93) x23 0x00000000
core   0: 0x80006500 (0x40e1d633) sra     a2, gp, a4
core   0: 3 0x80006500 (0x40e1d633) x12 0x00000000
core   0: 0x80006504 (0x0107a7b3) slt     a5, a5, a6
core   0: 3 0x80006504 (0x0107a7b3) x15 0x00000001
core   0: 0x80006508 (0x12476a13) ori     s4, a4, 292
core   0: 3 0x80006508 (0x12476a13) x20 0xdbdac124
core   0: 0x8000650c (0x60673913) sltiu   s2, a4, 1542
core   0: 3 0x8000650c (0x60673913) x18 0x00000000
core   0: 0x80006510 (0x023b6a33) rem     s4, s6, gp
core   0: 3 0x80006510 (0x023b6a33) x20 0x80014e64
core   0: 0x80006514 (0x01d7d913) srli    s2, a5, 29
core   0: 3 0x80006514 (0x01d7d913) x18 0x00000000
core   0: 0x80006518 (0x0055e6b3) or      a3, a1, t0
core   0: 3 0x80006518 (0x0055e6b3) x13 0xcc4dd000
core   0: 0x8000651c (0x405c0933) sub     s2, s8, t0
core   0: 3 0x8000651c (0x405c0933) x18 0x82028400
core   0: 0x80006520 (0x406e55b3) sra     a1, t3, t1
core   0: 3 0x80006520 (0x406e55b3) x11 0x00000000
core   0: 0x80006524 (0x01196ab3) or      s5, s2, a7
core   0: 3 0x80006524 (0x01196ab3) x21 0x82028400
core   0: 0x80006528 (0x02106733) rem     a4, zero, ra
core   0: 3 0x80006528 (0x02106733) x14 0x00000000
core   0: 0x8000652c (0x00106b33) or      s6, zero, ra
core   0: 3 0x8000652c (0x00106b33) x22 0x000004e5
core   0: 0x80006530 (0x0017b933) sltu    s2, a5, ra
core   0: 3 0x80006530 (0x0017b933) x18 0x00000001
core   0: 0x80006534 (0x21377c93) andi    s9, a4, 531
core   0: 3 0x80006534 (0x21377c93) x25 0x00000000
core   0: 0x80006538 (0x01a840b3) xor     ra, a6, s10
core   0: 3 0x80006538 (0x01a840b3) x 1 0x5bdac000
core   0: 0x8000653c (0xdce48f93) addi    t6, s1, -562
core   0: 3 0x8000653c (0xdce48f93) x31 0x4e505242
core   0: 0x80006540 (0x29e5ea93) ori     s5, a1, 670
core   0: 3 0x80006540 (0x29e5ea93) x21 0x0000029e
core   0: 0x80006544 (0x02d367b3) rem     a5, t1, a3
core   0: 3 0x80006544 (0x02d367b3) x15 0x00000001
core   0: 0x80006548 (0x02835733) divu    a4, t1, s0
core   0: 3 0x80006548 (0x02835733) x14 0x00000000
core   0: 0x8000654c (0x01b55d93) srli    s11, a0, 27
core   0: 3 0x8000654c (0x01b55d93) x27 0x00000000
core   0: 0x80006550 (0x40025713) srai    a4, tp, 0
core   0: 3 0x80006550 (0x40025713) x14 0x00000001
core   0: 0x80006554 (0xb361bc13) sltiu   s8, gp, -1226
core   0: 3 0x80006554 (0xb361bc13) x24 0x00000001
core   0: 0x80006558 (0x014a0133) add     sp, s4, s4
core   0: 3 0x80006558 (0x014a0133) x 2 0x00029cc8
core   0: 0x8000655c (0x0181a533) slt     a0, gp, s8
core   0: 3 0x8000655c (0x0181a533) x10 0x00000001
core   0: 0x80006560 (0xc75b6137) lui     sp, 0xc75b6
core   0: 3 0x80006560 (0xc75b6137) x 2 0xc75b6000
core   0: 0x80006564 (0x010fb1b3) sltu    gp, t6, a6
core   0: 3 0x80006564 (0x010fb1b3) x 3 0x00000001
core   0: 0x80006568 (0x00b39733) sll     a4, t2, a1
core   0: 3 0x80006568 (0x00b39733) x14 0x00000001
core   0: 0x8000656c (0x14390e13) addi    t3, s2, 323
core   0: 3 0x8000656c (0x14390e13) x28 0x00000144
core   0: 0x80006570 (0x02239333) mulh    t1, t2, sp
core   0: 3 0x80006570 (0x02239333) x 6 0xffffffff
core   0: 0x80006574 (0x594bbe93) sltiu   t4, s7, 1428
core   0: 3 0x80006574 (0x594bbe93) x29 0x00000001
core   0: 0x80006578 (0x01e7acb3) slt     s9, a5, t5
core   0: 3 0x80006578 (0x01e7acb3) x25 0x00000000
core   0: 0x8000657c (0xdfb45737) lui     a4, 0xdfb45
core   0: 3 0x8000657c (0xdfb45737) x14 0xdfb45000
core   0: 0x80006580 (0x0347f0b3) remu    ra, a5, s4
core   0: 3 0x80006580 (0x0347f0b3) x 1 0x00000001
core   0: 0x80006584 (0x0c5ee313) ori     t1, t4, 197
core   0: 3 0x80006584 (0x0c5ee313) x 6 0x000000c5
core   0: 0x80006588 (0x011d1db3) sll     s11, s10, a7
core   0: 3 0x80006588 (0x011d1db3) x27 0x80000000
core   0: 0x8000658c (0x00805b93) srli    s7, zero, 8
core   0: 3 0x8000658c (0x00805b93) x23 0x00000000
core   0: 0x80006590 (0xde174f97) auipc   t6, 0xde174
core   0: 3 0x80006590 (0xde174f97) x31 0x5e17a590
core   0: 0x80006594 (0x024216b3) mulh    a3, tp, tp
core   0: 3 0x80006594 (0x024216b3) x13 0x00000000
core   0: 0x80006598 (0x00329413) slli    s0, t0, 3
core   0: 3 0x80006598 (0x00329413) x 8 0x626e8000
core   0: 0x8000659c (0x0133f7b3) and     a5, t2, s3
core   0: 3 0x8000659c (0x0133f7b3) x15 0x00000000
core   0: 0x800065a0 (0x00d011b3) sll     gp, zero, a3
core   0: 3 0x800065a0 (0x00d011b3) x 3 0x00000000
core   0: 0x800065a4 (0x00227a33) and     s4, tp, sp
core   0: 3 0x800065a4 (0x00227a33) x20 0x00000000
core   0: 0x800065a8 (0x0393a533) mulhsu  a0, t2, s9
core   0: 3 0x800065a8 (0x0393a533) x10 0x00000000
core   0: 0x800065ac (0x01b38bb3) add     s7, t2, s11
core   0: 3 0x800065ac (0x01b38bb3) x23 0x80000001
core   0: 0x800065b0 (0x00e75f93) srli    t6, a4, 14
core   0: 3 0x800065b0 (0x00e75f93) x31 0x00037ed1
core   0: 0x800065b4 (0x0109b433) sltu    s0, s3, a6
core   0: 3 0x800065b4 (0x0109b433) x 8 0x00000001
core   0: 0x800065b8 (0x015617b3) sll     a5, a2, s5
core   0: 3 0x800065b8 (0x015617b3) x15 0x00000000
core   0: 0x800065bc (0x020308b3) mul     a7, t1, zero
core   0: 3 0x800065bc (0x020308b3) x17 0x00000000
core   0: 0x800065c0 (0x539f7613) andi    a2, t5, 1337
core   0: 3 0x800065c0 (0x539f7613) x12 0x00000420
core   0: 0x800065c4 (0x01b6bb33) sltu    s6, a3, s11
core   0: 3 0x800065c4 (0x01b6bb33) x22 0x00000001
core   0: 0x800065c8 (0x001c47b3) xor     a5, s8, ra
core   0: 3 0x800065c8 (0x001c47b3) x15 0x00000000
core   0: 0x800065cc (0x848f6b13) ori     s6, t5, -1976
core   0: 3 0x800065cc (0x848f6b13) x22 0xfffffcec
core   0: 0x800065d0 (0x0338e8b3) rem     a7, a7, s3
core   0: 3 0x800065d0 (0x0338e8b3) x17 0x00000000
core   0: 0x800065d4 (0x8511fd93) andi    s11, gp, -1967
core   0: 3 0x800065d4 (0x8511fd93) x27 0x00000000
core   0: 0x800065d8 (0x0244e433) rem     s0, s1, tp
core   0: 3 0x800065d8 (0x0244e433) x 8 0x00000000
core   0: 0x800065dc (0x021508b3) mul     a7, a0, ra
core   0: 3 0x800065dc (0x021508b3) x17 0x00000000
core   0: 0x800065e0 (0x02553033) mulhu   zero, a0, t0
core   0: 3 0x800065e0 (0x02553033)
core   0: 0x800065e4 (0x01fed213) srli    tp, t4, 31
core   0: 3 0x800065e4 (0x01fed213) x 4 0x00000000
core   0: 0x800065e8 (0x027906b3) mul     a3, s2, t2
core   0: 3 0x800065e8 (0x027906b3) x13 0x00000001
core   0: 0x800065ec (0x041aec93) ori     s9, s5, 65
core   0: 3 0x800065ec (0x041aec93) x25 0x000002df
core   0: 0x800065f0 (0x019e5913) srli    s2, t3, 25
core   0: 3 0x800065f0 (0x019e5913) x18 0x00000000
core   0: 0x800065f4 (0xbfb7b393) sltiu   t2, a5, -1029
core   0: 3 0x800065f4 (0xbfb7b393) x 7 0x00000001
core   0: 0x800065f8 (0x03ec4e33) div     t3, s8, t5
core   0: 3 0x800065f8 (0x03ec4e33) x28 0x00000000
core   0: 0x800065fc (0x2fa90093) addi    ra, s2, 762
core   0: 3 0x800065fc (0x2fa90093) x 1 0x000002fa
core   0: 0x80006600 (0x03556e33) rem     t3, a0, s5
core   0: 3 0x80006600 (0x03556e33) x28 0x00000000
core   0: 0x80006604 (0x29df7413) andi    s0, t5, 669
core   0: 3 0x80006604 (0x29df7413) x 8 0x00000084
core   0: 0x80006608 (0x03a331b3) mulhu   gp, t1, s10
core   0: 3 0x80006608 (0x03a331b3) x 3 0x00000062
core   0: 0x8000660c (0x01793fb3) sltu    t6, s2, s7
core   0: 3 0x8000660c (0x01793fb3) x31 0x00000001
core   0: 0x80006610 (0x41d25e13) srai    t3, tp, 29
core   0: 3 0x80006610 (0x41d25e13) x28 0x00000000
core   0: 0x80006614 (0x02d48533) mul     a0, s1, a3
core   0: 3 0x80006614 (0x02d48533) x10 0x4e505474
core   0: 0x80006618 (0x032debb3) rem     s7, s11, s2
core   0: 3 0x80006618 (0x032debb3) x23 0x00000000
core   0: 0x8000661c (0xe87056b7) lui     a3, 0xe8705
core   0: 3 0x8000661c (0xe87056b7) x13 0xe8705000
core   0: 0x80006620 (0x03b2f133) remu    sp, t0, s11
core   0: 3 0x80006620 (0x03b2f133) x 2 0xcc4dd000
core   0: 0x80006624 (0x015c5b33) srl     s6, s8, s5
core   0: 3 0x80006624 (0x015c5b33) x22 0x00000000
core   0: 0x80006628 (0x03c96db3) rem     s11, s2, t3
core   0: 3 0x80006628 (0x03c96db3) x27 0x00000000
core   0: 0x8000662c (0x00000013) nop
core   0: 3 0x8000662c (0x00000013)
core   0: 0x80006630 (0x00000013) nop
core   0: 3 0x80006630 (0x00000013)
core   0: 0x80006634 (0x4115da13) srai    s4, a1, 17
core   0: 3 0x80006634 (0x4115da13) x20 0x00000000
core   0: 0x80006638 (0x411c0733) sub     a4, s8, a7
core   0: 3 0x80006638 (0x411c0733) x14 0x00000001
core   0: 0x8000663c (0x4001dfb3) sra     t6, gp, zero
core   0: 3 0x8000663c (0x4001dfb3) x31 0x00000062
core   0: 0x80006640 (0x57343617) auipc   a2, 0x57343
core   0: 3 0x80006640 (0x57343617) x12 0xd7349640
core   0: 0x80006644 (0x01187433) and     s0, a6, a7
core   0: 3 0x80006644 (0x01187433) x 8 0x00000000
core   0: 0x80006648 (0x01abf7b3) and     a5, s7, s10
core   0: 3 0x80006648 (0x01abf7b3) x15 0x00000000
core   0: 0x8000664c (0x0092d7b3) srl     a5, t0, s1
core   0: 3 0x8000664c (0x0092d7b3) x15 0x00000cc4
core   0: 0x80006650 (0x03d90bb3) mul     s7, s2, t4
core   0: 3 0x80006650 (0x03d90bb3) x23 0x00000000
core   0: 0x80006654 (0xc9448c93) addi    s9, s1, -876
core   0: 3 0x80006654 (0xc9448c93) x25 0x4e505108
core   0: 0x80006658 (0x03ee4fb3) div     t6, t3, t5
core   0: 3 0x80006658 (0x03ee4fb3) x31 0x00000000
core   0: 0x8000665c (0x026c96b3) mulh    a3, s9, t1
core   0: 3 0x8000665c (0x026c96b3) x13 0x0000003c
core   0: 0x80006660 (0x068fb793) sltiu   a5, t6, 104
core   0: 3 0x80006660 (0x068fb793) x15 0x00000001
core   0: 0x80006664 (0x033bc7b3) div     a5, s7, s3
core   0: 3 0x80006664 (0x033bc7b3) x15 0x00000000
core   0: 0x80006668 (0x2f95b893) sltiu   a7, a1, 761
core   0: 3 0x80006668 (0x2f95b893) x17 0x00000001
core   0: 0x8000666c (0xd832f813) andi    a6, t0, -637
core   0: 3 0x8000666c (0xd832f813) x16 0xcc4dd000
core   0: 0x80006670 (0x00d75193) srli    gp, a4, 13
core   0: 3 0x80006670 (0x00d75193) x 3 0x00000000
core   0: 0x80006674 (0x009fa533) slt     a0, t6, s1
core   0: 3 0x80006674 (0x009fa533) x10 0x00000001
core   0: 0x80006678 (0xd2d5eb93) ori     s7, a1, -723
core   0: 3 0x80006678 (0xd2d5eb93) x23 0xfffffd2d
core   0: 0x8000667c (0x02146133) rem     sp, s0, ra
core   0: 3 0x8000667c (0x02146133) x 2 0x00000000
core   0: 0x80006680 (0x82304093) xori    ra, zero, -2013
core   0: 3 0x80006680 (0x82304093) x 1 0xfffff823
core   0: 0x80006684 (0x41435433) sra     s0, t1, s4
core   0: 3 0x80006684 (0x41435433) x 8 0x000000c5
core   0: 0x80006688 (0xb4e0a413) slti    s0, ra, -1202
core   0: 3 0x80006688 (0xb4e0a413) x 8 0x00000001
core   0: 0x8000668c (0x400c5393) srai    t2, s8, 0
core   0: 3 0x8000668c (0x400c5393) x 7 0x00000001
core   0: 0x80006690 (0xe5e72913) slti    s2, a4, -418
core   0: 3 0x80006690 (0xe5e72913) x18 0x00000000
core   0: 0x80006694 (0x0186dc33) srl     s8, a3, s8
core   0: 3 0x80006694 (0x0186dc33) x24 0x0000001e
core   0: 0x80006698 (0x00333c33) sltu    s8, t1, gp
core   0: 3 0x80006698 (0x00333c33) x24 0x00000000
core   0: 0x8000669c (0x400c5093) srai    ra, s8, 0
core   0: 3 0x8000669c (0x400c5093) x 1 0x00000000
core   0: 0x800066a0 (0x027b3233) mulhu   tp, s6, t2
core   0: 3 0x800066a0 (0x027b3233) x 4 0x00000000
core   0: 0x800066a4 (0xe6d17f97) auipc   t6, 0xe6d17
core   0: 3 0x800066a4 (0xe6d17f97) x31 0x66d1d6a4
core   0: 0x800066a8 (0x013f8bb3) add     s7, t6, s3
core   0: 3 0x800066a8 (0x013f8bb3) x23 0xe6d32508
core   0: 0x800066ac (0x406cd893) srai    a7, s9, 6
core   0: 3 0x800066ac (0x406cd893) x17 0x01394144
core   0: 0x800066b0 (0x00b93cb3) sltu    s9, s2, a1
core   0: 3 0x800066b0 (0x00b93cb3) x25 0x00000000
core   0: 0x800066b4 (0x8fc03c13) sltiu   s8, zero, -1796
core   0: 3 0x800066b4 (0x8fc03c13) x24 0x00000001
core   0: 0x800066b8 (0x00957a33) and     s4, a0, s1
core   0: 3 0x800066b8 (0x00957a33) x20 0x00000000
core   0: 0x800066bc (0x8c186f93) ori     t6, a6, -1855
core   0: 3 0x800066bc (0x8c186f93) x31 0xfffff8c1
core   0: 0x800066c0 (0x00000013) nop
core   0: 3 0x800066c0 (0x00000013)
core   0: 0x800066c4 (0x01d040b3) xor     ra, zero, t4
core   0: 3 0x800066c4 (0x01d040b3) x 1 0x00000001
core   0: 0x800066c8 (0x0248b6b3) mulhu   a3, a7, tp
core   0: 3 0x800066c8 (0x0248b6b3) x13 0x00000000
core   0: 0x800066cc (0x66f4ee93) ori     t4, s1, 1647
core   0: 3 0x800066cc (0x66f4ee93) x29 0x4e50567f
core   0: 0x800066d0 (0x009872b3) and     t0, a6, s1
core   0: 3 0x800066d0 (0x009872b3) x 5 0x4c405000
core   0: 0x800066d4 (0x23d96193) ori     gp, s2, 573
core   0: 3 0x800066d4 (0x23d96193) x 3 0x0000023d
core   0: 0x800066d8 (0x0232a7b3) mulhsu  a5, t0, gp
core   0: 3 0x800066d8 (0x0232a7b3) x15 0x000000aa
core   0: 0x800066dc (0x40728933) sub     s2, t0, t2
core   0: 3 0x800066dc (0x40728933) x18 0x4c404fff
core   0: 0x800066e0 (0x0126ae33) slt     t3, a3, s2
core   0: 3 0x800066e0 (0x0126ae33) x28 0x00000001
core   0: 0x800066e4 (0xb46f6093) ori     ra, t5, -1210
core   0: 3 0x800066e4 (0xb46f6093) x 1 0xffffffe6
core   0: 0x800066e8 (0x0001da13) srli    s4, gp, 0
core   0: 3 0x800066e8 (0x0001da13) x20 0x0000023d
core   0: 0x800066ec (0x10926213) ori     tp, tp, 265
core   0: 3 0x800066ec (0x10926213) x 4 0x00000109
core   0: 0x800066f0 (0x00000013) nop
core   0: 3 0x800066f0 (0x00000013)
core   0: 0x800066f4 (0xd8f016b7) lui     a3, 0xd8f01
core   0: 3 0x800066f4 (0xd8f016b7) x13 0xd8f01000
core   0: 0x800066f8 (0x01131a93) slli    s5, t1, 17
core   0: 3 0x800066f8 (0x01131a93) x21 0x018a0000
core   0: 0x800066fc (0x008886b3) add     a3, a7, s0
core   0: 3 0x800066fc (0x008886b3) x13 0x01394145
core   0: 0x80006700 (0x003db233) sltu    tp, s11, gp
core   0: 3 0x80006700 (0x003db233) x 4 0x00000001
core   0: 0x80006704 (0x03f14bb3) div     s7, sp, t6
core   0: 3 0x80006704 (0x03f14bb3) x23 0x00000000
core   0: 0x80006708 (0x40d805b3) sub     a1, a6, a3
core   0: 3 0x80006708 (0x40d805b3) x11 0xcb148ebb
core   0: 0x8000670c (0xacef8b17) auipc   s6, 0xacef8
core   0: 3 0x8000670c (0xacef8b17) x22 0x2cefe70c
core   0: 0x80006710 (0xbfa95b37) lui     s6, 0xbfa95
core   0: 3 0x80006710 (0xbfa95b37) x22 0xbfa95000
core   0: 0x80006714 (0x03fc8db3) mul     s11, s9, t6
core   0: 3 0x80006714 (0x03fc8db3) x27 0x00000000
core   0: 0x80006718 (0x0d63b913) sltiu   s2, t2, 214
core   0: 3 0x80006718 (0x0d63b913) x18 0x00000001
core   0: 0x8000671c (0xd9503b93) sltiu   s7, zero, -619
core   0: 3 0x8000671c (0xd9503b93) x23 0x00000001
core   0: 0x80006720 (0x0289dcb3) divu    s9, s3, s0
core   0: 3 0x80006720 (0x0289dcb3) x25 0x80014e64
core   0: 0x80006724 (0x033cfb33) remu    s6, s9, s3
core   0: 3 0x80006724 (0x033cfb33) x22 0x00000000
core   0: 0x80006728 (0x02566833) rem     a6, a2, t0
core   0: 3 0x80006728 (0x02566833) x16 0xd7349640
core   0: 0x8000672c (0x027b37b3) mulhu   a5, s6, t2
core   0: 3 0x8000672c (0x027b37b3) x15 0x00000000
core   0: 0x80006730 (0x54c60893) addi    a7, a2, 1356
core   0: 3 0x80006730 (0x54c60893) x17 0xd7349b8c
core   0: 0x80006734 (0x031dcfb3) div     t6, s11, a7
core   0: 3 0x80006734 (0x031dcfb3) x31 0x00000000
core   0: 0x80006738 (0x019fc233) xor     tp, t6, s9
core   0: 3 0x80006738 (0x019fc233) x 4 0x80014e64
core   0: 0x8000673c (0x0368cfb3) div     t6, a7, s6
core   0: 3 0x8000673c (0x0368cfb3) x31 0xffffffff
core   0: 0x80006740 (0x42ebfb13) andi    s6, s7, 1070
core   0: 3 0x80006740 (0x42ebfb13) x22 0x00000000
core   0: 0x80006744 (0x2b983a93) sltiu   s5, a6, 697
core   0: 3 0x80006744 (0x2b983a93) x21 0x00000000
core   0: 0x80006748 (0x011fe8b3) or      a7, t6, a7
core   0: 3 0x80006748 (0x011fe8b3) x17 0xffffffff
core   0: 0x8000674c (0x034e9cb3) mulh    s9, t4, s4
core   0: 3 0x8000674c (0x034e9cb3) x25 0x000000af
core   0: 0x80006750 (0x0103deb3) srl     t4, t2, a6
core   0: 3 0x80006750 (0x0103deb3) x29 0x00000001
core   0: 0x80006754 (0x41215493) srai    s1, sp, 18
core   0: 3 0x80006754 (0x41215493) x 9 0x00000000
core   0: 0x80006758 (0x6b827137) lui     sp, 0x6b827
core   0: 3 0x80006758 (0x6b827137) x 2 0x6b827000
core   0: 0x8000675c (0xca5fae17) auipc   t3, 0xca5fa
core   0: 3 0x8000675c (0xca5fae17) x28 0x4a60075c
core   0: 0x80006760 (0x41d158b3) sra     a7, sp, t4
core   0: 3 0x80006760 (0x41d158b3) x17 0x35c13800
core   0: 0x80006764 (0x00846333) or      t1, s0, s0
core   0: 3 0x80006764 (0x00846333) x 6 0x00000001
core   0: 0x80006768 (0x0b1a3b93) sltiu   s7, s4, 177
core   0: 3 0x80006768 (0x0b1a3b93) x23 0x00000000
core   0: 0x8000676c (0x41a1d413) srai    s0, gp, 26
core   0: 3 0x8000676c (0x41a1d413) x 8 0x00000000
core   0: 0x80006770 (0xac025917) auipc   s2, 0xac025
core   0: 3 0x80006770 (0xac025917) x18 0x2c02b770
core   0: 0x80006774 (0x00c755b3) srl     a1, a4, a2
core   0: 3 0x80006774 (0x00c755b3) x11 0x00000001
core   0: 0x80006778 (0x012dfab3) and     s5, s11, s2
core   0: 3 0x80006778 (0x012dfab3) x21 0x00000000
core   0: 0x8000677c (0x003aec33) or      s8, s5, gp
core   0: 3 0x8000677c (0x003aec33) x24 0x0000023d
core   0: 0x80006780 (0x40c4dbb3) sra     s7, s1, a2
core   0: 3 0x80006780 (0x40c4dbb3) x23 0x00000000
core   0: 0x80006784 (0xb0acb893) sltiu   a7, s9, -1270
core   0: 3 0x80006784 (0xb0acb893) x17 0x00000001
core   0: 0x80006788 (0x131e6f97) auipc   t6, 0x131e6
core   0: 3 0x80006788 (0x131e6f97) x31 0x931ec788
core   0: 0x8000678c (0x00225413) srli    s0, tp, 2
core   0: 3 0x8000678c (0x00225413) x 8 0x20005399
core   0: 0x80006790 (0x026eab33) mulhsu  s6, t4, t1
core   0: 3 0x80006790 (0x026eab33) x22 0x00000000
core   0: 0x80006794 (0x01877ab3) and     s5, a4, s8
core   0: 3 0x80006794 (0x01877ab3) x21 0x00000001
core   0: 0x80006798 (0x0351f5b3) remu    a1, gp, s5
core   0: 3 0x80006798 (0x0351f5b3) x11 0x00000000
core   0: 0x8000679c (0x012fb633) sltu    a2, t6, s2
core   0: 3 0x8000679c (0x012fb633) x12 0x00000000
core   0: 0x800067a0 (0x037bf3b3) remu    t2, s7, s7
core   0: 3 0x800067a0 (0x037bf3b3) x 7 0x00000000
core   0: 0x800067a4 (0x002dfc33) and     s8, s11, sp
core   0: 3 0x800067a4 (0x002dfc33) x24 0x00000000
core   0: 0x800067a8 (0x1e8202b7) lui     t0, 0x1e820
core   0: 3 0x800067a8 (0x1e8202b7) x 5 0x1e820000
core   0: 0x800067ac (0x01ea9393) slli    t2, s5, 30
core   0: 3 0x800067ac (0x01ea9393) x 7 0x40000000
core   0: 0x800067b0 (0x00ccf033) and     zero, s9, a2
core   0: 3 0x800067b0 (0x00ccf033)
core   0: 0x800067b4 (0x417205b3) sub     a1, tp, s7
core   0: 3 0x800067b4 (0x417205b3) x11 0x80014e64
core   0: 0x800067b8 (0x018e0cb3) add     s9, t3, s8
core   0: 3 0x800067b8 (0x018e0cb3) x25 0x4a60075c
core   0: 0x800067bc (0x0294bab3) mulhu   s5, s1, s1
core   0: 3 0x800067bc (0x0294bab3) x21 0x00000000
core   0: 0x800067c0 (0x03b642b3) div     t0, a2, s11
core   0: 3 0x800067c0 (0x03b642b3) x 5 0xffffffff
core   0: 0x800067c4 (0xce5b7513) andi    a0, s6, -795
core   0: 3 0x800067c4 (0xce5b7513) x10 0x00000000
core   0: 0x800067c8 (0x0f95b713) sltiu   a4, a1, 249
core   0: 3 0x800067c8 (0x0f95b713) x14 0x00000000
core   0: 0x800067cc (0x019da4b3) slt     s1, s11, s9
core   0: 3 0x800067cc (0x019da4b3) x 9 0x00000001
core   0: 0x800067d0 (0x00000013) nop
core   0: 3 0x800067d0 (0x00000013)
core   0: 0x800067d4 (0x01551d93) slli    s11, a0, 21
core   0: 3 0x800067d4 (0x01551d93) x27 0x00000000
core   0: 0x800067d8 (0x966a2413) slti    s0, s4, -1690
core   0: 3 0x800067d8 (0x966a2413) x 8 0x00000000
core   0: 0x800067dc (0x40895a33) sra     s4, s2, s0
core   0: 3 0x800067dc (0x40895a33) x20 0x2c02b770
core   0: 0x800067e0 (0xb7a80513) addi    a0, a6, -1158
core   0: 3 0x800067e0 (0xb7a80513) x10 0xd73491ba
core   0: 0x800067e4 (0x4195dd93) srai    s11, a1, 25
core   0: 3 0x800067e4 (0x4195dd93) x27 0xffffffc0
core   0: 0x800067e8 (0x52d60513) addi    a0, a2, 1325
core   0: 3 0x800067e8 (0x52d60513) x10 0x0000052d
core   0: 0x800067ec (0x02498b33) mul     s6, s3, tp
core   0: 3 0x800067ec (0x02498b33) x22 0xb4c91710
core   0: 0x800067f0 (0x41d6dc33) sra     s8, a3, t4
core   0: 3 0x800067f0 (0x41d6dc33) x24 0x009ca0a2
core   0: 0x800067f4 (0x032c3fb3) mulhu   t6, s8, s2
core   0: 3 0x800067f4 (0x032c3fb3) x31 0x001aed45
core   0: 0x800067f8 (0x02425fb3) divu    t6, tp, tp
core   0: 3 0x800067f8 (0x02425fb3) x31 0x00000001
core   0: 0x800067fc (0x183ab493) sltiu   s1, s5, 387
core   0: 3 0x800067fc (0x183ab493) x 9 0x00000001
core   0: 0x80006800 (0x02022a33) mulhsu  s4, tp, zero
core   0: 3 0x80006800 (0x02022a33) x20 0x00000000
core   0: 0x80006804 (0x00fd70b3) and     ra, s10, a5
core   0: 3 0x80006804 (0x00fd70b3) x 1 0x00000000
core   0: 0x80006808 (0x01681833) sll     a6, a6, s6
core   0: 3 0x80006808 (0x01681833) x16 0x96400000
core   0: 0x8000680c (0x0248f2b3) remu    t0, a7, tp
core   0: 3 0x8000680c (0x0248f2b3) x 5 0x00000001
core   0: 0x80006810 (0x0079f2b3) and     t0, s3, t2
core   0: 3 0x80006810 (0x0079f2b3) x 5 0x00000000
core   0: 0x80006814 (0x4af46213) ori     tp, s0, 1199
core   0: 3 0x80006814 (0x4af46213) x 4 0x000004af
core   0: 0x80006818 (0x95b92413) slti    s0, s2, -1701
core   0: 3 0x80006818 (0x95b92413) x 8 0x00000000
core   0: 0x8000681c (0x0344c3b3) div     t2, s1, s4
core   0: 3 0x8000681c (0x0344c3b3) x 7 0xffffffff
core   0: 0x80006820 (0x035f7bb3) remu    s7, t5, s5
core   0: 3 0x80006820 (0x035f7bb3) x23 0x80018ce4
core   0: 0x80006824 (0x40428533) sub     a0, t0, tp
core   0: 3 0x80006824 (0x40428533) x10 0xfffffb51
core   0: 0x80006828 (0x02e390b3) mulh    ra, t2, a4
core   0: 3 0x80006828 (0x02e390b3) x 1 0x00000000
core   0: 0x8000682c (0x00bbae33) slt     t3, s7, a1
core   0: 3 0x8000682c (0x00bbae33) x28 0x00000000
core   0: 0x80006830 (0x03506333) rem     t1, zero, s5
core   0: 3 0x80006830 (0x03506333) x 6 0x00000000
core   0: 0x80006834 (0x01ce7c33) and     s8, t3, t3
core   0: 3 0x80006834 (0x01ce7c33) x24 0x00000000
core   0: 0x80006838 (0x036d4bb3) div     s7, s10, s6
core   0: 3 0x80006838 (0x036d4bb3) x23 0x00000001
core   0: 0x8000683c (0x00646e33) or      t3, s0, t1
core   0: 3 0x8000683c (0x00646e33) x28 0x00000000
core   0: 0x80006840 (0x0317b0b3) mulhu   ra, a5, a7
core   0: 3 0x80006840 (0x0317b0b3) x 1 0x00000000
core   0: 0x80006844 (0x00000013) nop
core   0: 3 0x80006844 (0x00000013)
core   0: 0x80006848 (0x005fdb33) srl     s6, t6, t0
core   0: 3 0x80006848 (0x005fdb33) x22 0x00000001
core   0: 0x8000684c (0x031b9533) mulh    a0, s7, a7
core   0: 3 0x8000684c (0x031b9533) x10 0x00000000
core   0: 0x80006850 (0x001a82b3) add     t0, s5, ra
core   0: 3 0x80006850 (0x001a82b3) x 5 0x00000000
core   0: 0x80006854 (0x014aacb3) slt     s9, s5, s4
core   0: 3 0x80006854 (0x014aacb3) x25 0x00000000
core   0: 0x80006858 (0x00eadfb3) srl     t6, s5, a4
core   0: 3 0x80006858 (0x00eadfb3) x31 0x00000000
core   0: 0x8000685c (0x0149be33) sltu    t3, s3, s4
core   0: 3 0x8000685c (0x0149be33) x28 0x00000000
core   0: 0x80006860 (0x09cdb093) sltiu   ra, s11, 156
core   0: 3 0x80006860 (0x09cdb093) x 1 0x00000000
core   0: 0x80006864 (0xb1b07693) andi    a3, zero, -1253
core   0: 3 0x80006864 (0xb1b07693) x13 0x00000000
core   0: 0x80006868 (0x031edc33) divu    s8, t4, a7
core   0: 3 0x80006868 (0x031edc33) x24 0x00000001
core   0: 0x8000686c (0x40c683b3) sub     t2, a3, a2
core   0: 3 0x8000686c (0x40c683b3) x 7 0x00000000
core   0: 0x80006870 (0x014ad093) srli    ra, s5, 20
core   0: 3 0x80006870 (0x014ad093) x 1 0x00000000
core   0: 0x80006874 (0x411dd033) sra     zero, s11, a7
core   0: 3 0x80006874 (0x411dd033)
core   0: 0x80006878 (0x0383ce33) div     t3, t2, s8
core   0: 3 0x80006878 (0x0383ce33) x28 0x00000000
core   0: 0x8000687c (0x6412ed93) ori     s11, t0, 1601
core   0: 3 0x8000687c (0x6412ed93) x27 0x00000641
core   0: 0x80006880 (0x03176bb3) rem     s7, a4, a7
core   0: 3 0x80006880 (0x03176bb3) x23 0x00000000
core   0: 0x80006884 (0x00000013) nop
core   0: 3 0x80006884 (0x00000013)
core   0: 0x80006888 (0x023a40b3) div     ra, s4, gp
core   0: 3 0x80006888 (0x023a40b3) x 1 0x00000000
core   0: 0x8000688c (0x009d6eb3) or      t4, s10, s1
core   0: 3 0x8000688c (0x009d6eb3) x29 0x80000001
core   0: 0x80006890 (0xc8660017) auipc   zero, 0xc8660
core   0: 3 0x80006890 (0xc8660017)
core   0: 0x80006894 (0x005c9fb3) sll     t6, s9, t0
core   0: 3 0x80006894 (0x005c9fb3) x31 0x00000000
core   0: 0x80006898 (0xce4acc13) xori    s8, s5, -796
core   0: 3 0x80006898 (0xce4acc13) x24 0xfffffce4
core   0: 0x8000689c (0x034d7233) remu    tp, s10, s4
core   0: 3 0x8000689c (0x034d7233) x 4 0x80000000
core   0: 0x800068a0 (0x03afcfb3) div     t6, t6, s10
core   0: 3 0x800068a0 (0x03afcfb3) x31 0x00000000
core   0: 0x800068a4 (0x03d56233) rem     tp, a0, t4
core   0: 3 0x800068a4 (0x03d56233) x 4 0x00000000
core   0: 0x800068a8 (0x405101b3) sub     gp, sp, t0
core   0: 3 0x800068a8 (0x405101b3) x 3 0x6b827000
core   0: 0x800068ac (0x6ac6f413) andi    s0, a3, 1708
core   0: 3 0x800068ac (0x6ac6f413) x 8 0x00000000
core   0: 0x800068b0 (0x00416133) or      sp, sp, tp
core   0: 3 0x800068b0 (0x00416133) x 2 0x6b827000
core   0: 0x800068b4 (0x01faee33) or      t3, s5, t6
core   0: 3 0x800068b4 (0x01faee33) x28 0x00000000
core   0: 0x800068b8 (0x03f1abb3) mulhsu  s7, gp, t6
core   0: 3 0x800068b8 (0x03f1abb3) x23 0x00000000
core   0: 0x800068bc (0x4047d493) srai    s1, a5, 4
core   0: 3 0x800068bc (0x4047d493) x 9 0x00000000
core   0: 0x800068c0 (0x281cab13) slti    s6, s9, 641
core   0: 3 0x800068c0 (0x281cab13) x22 0x00000001
core   0: 0x800068c4 (0x49498893) addi    a7, s3, 1172
core   0: 3 0x800068c4 (0x49498893) x17 0x800152f8
core   0: 0x800068c8 (0x01ee9413) slli    s0, t4, 30
core   0: 3 0x800068c8 (0x01ee9413) x 8 0x40000000
core   0: 0x800068cc (0xd43bef93) ori     t6, s7, -701
core   0: 3 0x800068cc (0xd43bef93) x31 0xfffffd43
core   0: 0x800068d0 (0x0270e533) rem     a0, ra, t2
core   0: 3 0x800068d0 (0x0270e533) x10 0x00000000
core   0: 0x800068d4 (0x41b35693) srai    a3, t1, 27
core   0: 3 0x800068d4 (0x41b35693) x13 0x00000000
core   0: 0x800068d8 (0x40b15693) srai    a3, sp, 11
core   0: 3 0x800068d8 (0x40b15693) x13 0x000d704e
core   0: 0x800068dc (0x02719633) mulh    a2, gp, t2
core   0: 3 0x800068dc (0x02719633) x12 0x00000000
core   0: 0x800068e0 (0x01aa6eb3) or      t4, s4, s10
core   0: 3 0x800068e0 (0x01aa6eb3) x29 0x80000000
core   0: 0x800068e4 (0x0036dd93) srli    s11, a3, 3
core   0: 3 0x800068e4 (0x0036dd93) x27 0x0001ae09
core   0: 0x800068e8 (0x01a22733) slt     a4, tp, s10
core   0: 3 0x800068e8 (0x01a22733) x14 0x00000000
core   0: 0x800068ec (0xe24e7613) andi    a2, t3, -476
core   0: 3 0x800068ec (0xe24e7613) x12 0x00000000
core   0: 0x800068f0 (0x01eeb0b3) sltu    ra, t4, t5
core   0: 3 0x800068f0 (0x01eeb0b3) x 1 0x00000001
core   0: 0x800068f4 (0x00828033) add     zero, t0, s0
core   0: 3 0x800068f4 (0x00828033)
core   0: 0x800068f8 (0xd6603b93) sltiu   s7, zero, -666
core   0: 3 0x800068f8 (0xd6603b93) x23 0x00000001
core   0: 0x800068fc (0x12defc93) andi    s9, t4, 301
core   0: 3 0x800068fc (0x12defc93) x25 0x00000000
core   0: 0x80006900 (0x004a2e33) slt     t3, s4, tp
core   0: 3 0x80006900 (0x004a2e33) x28 0x00000000
core   0: 0x80006904 (0x00031613) slli    a2, t1, 0
core   0: 3 0x80006904 (0x00031613) x12 0x00000000
core   0: 0x80006908 (0x03432133) mulhsu  sp, t1, s4
core   0: 3 0x80006908 (0x03432133) x 2 0x00000000
core   0: 0x8000690c (0x2b903893) sltiu   a7, zero, 697
core   0: 3 0x8000690c (0x2b903893) x17 0x00000001
core   0: 0x80006910 (0x037bb7b3) mulhu   a5, s7, s7
core   0: 3 0x80006910 (0x037bb7b3) x15 0x00000000
core   0: 0x80006914 (0x01f96133) or      sp, s2, t6
core   0: 3 0x80006914 (0x01f96133) x 2 0xffffff73
core   0: 0x80006918 (0x0201cdb3) div     s11, gp, zero
core   0: 3 0x80006918 (0x0201cdb3) x27 0xffffffff
core   0: 0x8000691c (0x41395a33) sra     s4, s2, s3
core   0: 3 0x8000691c (0x41395a33) x20 0x02c02b77
core   0: 0x80006920 (0x00000013) nop
core   0: 3 0x80006920 (0x00000013)
core   0: 0x80006924 (0x406f5113) srai    sp, t5, 6
core   0: 3 0x80006924 (0x406f5113) x 2 0xfe000633
core   0: 0x80006928 (0x02695eb3) divu    t4, s2, t1
core   0: 3 0x80006928 (0x02695eb3) x29 0xffffffff
core   0: 0x8000692c (0x01f85b13) srli    s6, a6, 31
core   0: 3 0x8000692c (0x01f85b13) x22 0x00000001
core   0: 0x80006930 (0x0008b533) sltu    a0, a7, zero
core   0: 3 0x80006930 (0x0008b533) x10 0x00000000
core   0: 0x80006934 (0x01560033) add     zero, a2, s5
core   0: 3 0x80006934 (0x01560033)
core   0: 0x80006938 (0x00e55713) srli    a4, a0, 14
core   0: 3 0x80006938 (0x00e55713) x14 0x00000000
core   0: 0x8000693c (0x0a2cbb37) lui     s6, 0xa2cb
core   0: 3 0x8000693c (0x0a2cbb37) x22 0x0a2cb000
core   0: 0x80006940 (0x02d045b3) div     a1, zero, a3
core   0: 3 0x80006940 (0x02d045b3) x11 0x00000000
core   0: 0x80006944 (0x026635b3) mulhu   a1, a2, t1
core   0: 3 0x80006944 (0x026635b3) x11 0x00000000
core   0: 0x80006948 (0x40e85a33) sra     s4, a6, a4
core   0: 3 0x80006948 (0x40e85a33) x20 0x96400000
core   0: 0x8000694c (0x27875317) auipc   t1, 0x27875
core   0: 3 0x8000694c (0x27875317) x 6 0xa787b94c
core   0: 0x80006950 (0x6b1cc613) xori    a2, s9, 1713
core   0: 3 0x80006950 (0x6b1cc613) x12 0x000006b1
core   0: 0x80006954 (0x37730713) addi    a4, t1, 887
core   0: 3 0x80006954 (0x37730713) x14 0xa787bcc3
core   0: 0x80006958 (0x405bd613) srai    a2, s7, 5
core   0: 3 0x80006958 (0x405bd613) x12 0x00000000
core   0: 0x8000695c (0x40cdd493) srai    s1, s11, 12
core   0: 3 0x8000695c (0x40cdd493) x 9 0xffffffff
core   0: 0x80006960 (0x004dc1b3) xor     gp, s11, tp
core   0: 3 0x80006960 (0x004dc1b3) x 3 0xffffffff
core   0: 0x80006964 (0x004bd533) srl     a0, s7, tp
core   0: 3 0x80006964 (0x004bd533) x10 0x00000001
core   0: 0x80006968 (0x4011dfb3) sra     t6, gp, ra
core   0: 3 0x80006968 (0x4011dfb3) x31 0xffffffff
core   0: 0x8000696c (0x02233fb3) mulhu   t6, t1, sp
core   0: 3 0x8000696c (0x02233fb3) x31 0xa638ade7
core   0: 0x80006970 (0x40e60733) sub     a4, a2, a4
core   0: 3 0x80006970 (0x40e60733) x14 0x5878433d
core   0: 0x80006974 (0x40c68c33) sub     s8, a3, a2
core   0: 3 0x80006974 (0x40c68c33) x24 0x000d704e
core   0: 0x80006978 (0x016cf033) and     zero, s9, s6
core   0: 3 0x80006978 (0x016cf033)
core   0: 0x8000697c (0x4fe23293) sltiu   t0, tp, 1278
core   0: 3 0x8000697c (0x4fe23293) x 5 0x00000001
core   0: 0x80006980 (0x0d618c13) addi    s8, gp, 214
core   0: 3 0x80006980 (0x0d618c13) x24 0x000000d5
core   0: 0x80006984 (0x011d45b3) xor     a1, s10, a7
core   0: 3 0x80006984 (0x011d45b3) x11 0x80000001
core   0: 0x80006988 (0x00e178b3) and     a7, sp, a4
core   0: 3 0x80006988 (0x00e178b3) x17 0x58000231
core   0: 0x8000698c (0x010835b3) sltu    a1, a6, a6
core   0: 3 0x8000698c (0x010835b3) x11 0x00000000
core   0: 0x80006990 (0x01ac17b3) sll     a5, s8, s10
core   0: 3 0x80006990 (0x01ac17b3) x15 0x000000d5
core   0: 0x80006994 (0x15908593) addi    a1, ra, 345
core   0: 3 0x80006994 (0x15908593) x11 0x0000015a
core   0: 0x80006998 (0x02750fb3) mul     t6, a0, t2
core   0: 3 0x80006998 (0x02750fb3) x31 0x00000000
core   0: 0x8000699c (0x4315b513) sltiu   a0, a1, 1073
core   0: 3 0x8000699c (0x4315b513) x10 0x00000001
core   0: 0x800069a0 (0x010dd533) srl     a0, s11, a6
core   0: 3 0x800069a0 (0x010dd533) x10 0xffffffff
core   0: 0x800069a4 (0x410cd533) sra     a0, s9, a6
core   0: 3 0x800069a4 (0x410cd533) x10 0x00000000
core   0: 0x800069a8 (0x033d58b3) divu    a7, s10, s3
core   0: 3 0x800069a8 (0x033d58b3) x17 0x00000000
core   0: 0x800069ac (0x02254933) div     s2, a0, sp
core   0: 3 0x800069ac (0x02254933) x18 0x00000000
core   0: 0x800069b0 (0x01a1a7b3) slt     a5, gp, s10
core   0: 3 0x800069b0 (0x01a1a7b3) x15 0x00000000
core   0: 0x800069b4 (0x0395edb3) rem     s11, a1, s9
core   0: 3 0x800069b4 (0x0395edb3) x27 0x0000015a
core   0: 0x800069b8 (0x400c5393) srai    t2, s8, 0
core   0: 3 0x800069b8 (0x400c5393) x 7 0x000000d5
core   0: 0x800069bc (0x02cabc33) mulhu   s8, s5, a2
core   0: 3 0x800069bc (0x02cabc33) x24 0x00000000
core   0: 0x800069c0 (0xf895aa13) slti    s4, a1, -119
core   0: 3 0x800069c0 (0xf895aa13) x20 0x00000000
core   0: 0x800069c4 (0x030d34b3) mulhu   s1, s10, a6
core   0: 3 0x800069c4 (0x030d34b3) x 9 0x4b200000
core   0: 0x800069c8 (0x0297c233) div     tp, a5, s1
core   0: 3 0x800069c8 (0x0297c233) x 4 0x00000000
core   0: 0x800069cc (0x415ddc93) srai    s9, s11, 21
core   0: 3 0x800069cc (0x415ddc93) x25 0x00000000
core   0: 0x800069d0 (0xd015c593) xori    a1, a1, -767
core   0: 3 0x800069d0 (0xd015c593) x11 0xfffffc5b
core   0: 0x800069d4 (0xd5effe37) lui     t3, 0xd5eff
core   0: 3 0x800069d4 (0xd5effe37) x28 0xd5eff000
core   0: 0x800069d8 (0x41cf5f93) srai    t6, t5, 28
core   0: 3 0x800069d8 (0x41cf5f93) x31 0xfffffff8
core   0: 0x800069dc (0x00000013) nop
core   0: 3 0x800069dc (0x00000013)
core   0: 0x800069e0 (0x036b6db3) rem     s11, s6, s6
core   0: 3 0x800069e0 (0x036b6db3) x27 0x00000000
core   0: 0x800069e4 (0xc3a024b7) lui     s1, 0xc3a02
core   0: 3 0x800069e4 (0xc3a024b7) x 9 0xc3a02000
core   0: 0x800069e8 (0xeee8c213) xori    tp, a7, -274
core   0: 3 0x800069e8 (0xeee8c213) x 4 0xfffffeee
core   0: 0x800069ec (0x02a25b33) divu    s6, tp, a0
core   0: 3 0x800069ec (0x02a25b33) x22 0xffffffff
core   0: 0x800069f0 (0xf2e9b213) sltiu   tp, s3, -210
core   0: 3 0x800069f0 (0xf2e9b213) x 4 0x00000001
core   0: 0x800069f4 (0x00f7f633) and     a2, a5, a5
core   0: 3 0x800069f4 (0x00f7f633) x12 0x00000000
core   0: 0x800069f8 (0x00000013) nop
core   0: 3 0x800069f8 (0x00000013)
core   0: 0x800069fc (0x00000013) nop
core   0: 3 0x800069fc (0x00000013)
core   0: 0x80006a00 (0x00699693) slli    a3, s3, 6
core   0: 3 0x80006a00 (0x00699693) x13 0x00539900
core   0: 0x80006a04 (0x00c75533) srl     a0, a4, a2
core   0: 3 0x80006a04 (0x00c75533) x10 0x5878433d
core   0: 0x80006a08 (0x237ea813) slti    a6, t4, 567
core   0: 3 0x80006a08 (0x237ea813) x16 0x00000001
core   0: 0x80006a0c (0x02fddeb3) divu    t4, s11, a5
core   0: 3 0x80006a0c (0x02fddeb3) x29 0xffffffff
core   0: 0x80006a10 (0x036928b3) mulhsu  a7, s2, s6
core   0: 3 0x80006a10 (0x036928b3) x17 0x00000000
core   0: 0x80006a14 (0x016ff933) and     s2, t6, s6
core   0: 3 0x80006a14 (0x016ff933) x18 0xfffffff8
core   0: 0x80006a18 (0x0388e3b3) rem     t2, a7, s8
core   0: 3 0x80006a18 (0x0388e3b3) x 7 0x00000000
core   0: 0x80006a1c (0x036aa0b3) mulhsu  ra, s5, s6
core   0: 3 0x80006a1c (0x036aa0b3) x 1 0x00000000
core   0: 0x80006a20 (0x010ea0b3) slt     ra, t4, a6
core   0: 3 0x80006a20 (0x010ea0b3) x 1 0x00000001
core   0: 0x80006a24 (0x41b08b33) sub     s6, ra, s11
core   0: 3 0x80006a24 (0x41b08b33) x22 0x00000001
core   0: 0x80006a28 (0x40ec0b33) sub     s6, s8, a4
core   0: 3 0x80006a28 (0x40ec0b33) x22 0xa787bcc3
core   0: 0x80006a2c (0x40a75813) srai    a6, a4, 10
core   0: 3 0x80006a2c (0x40a75813) x16 0x00161e10
core   0: 0x80006a30 (0x01b3f8b3) and     a7, t2, s11
core   0: 3 0x80006a30 (0x01b3f8b3) x17 0x00000000
core   0: 0x80006a34 (0x00a55db3) srl     s11, a0, a0
core   0: 3 0x80006a34 (0x00a55db3) x27 0x00000002
core   0: 0x80006a38 (0x417b8333) sub     t1, s7, s7
core   0: 3 0x80006a38 (0x417b8333) x 6 0x00000000
core   0: 0x80006a3c (0x02f7feb3) remu    t4, a5, a5
core   0: 3 0x80006a3c (0x02f7feb3) x29 0x00000000
core   0: 0x80006a40 (0x15bc7193) andi    gp, s8, 347
core   0: 3 0x80006a40 (0x15bc7193) x 3 0x00000000
core   0: 0x80006a44 (0x00880433) add     s0, a6, s0
core   0: 3 0x80006a44 (0x00880433) x 8 0x40161e10
core   0: 0x80006a48 (0x00595593) srli    a1, s2, 5
core   0: 3 0x80006a48 (0x00595593) x11 0x07ffffff
core   0: 0x80006a4c (0x01c678b3) and     a7, a2, t3
core   0: 3 0x80006a4c (0x01c678b3) x17 0x00000000
core   0: 0x80006a50 (0x02f6fe33) remu    t3, a3, a5
core   0: 3 0x80006a50 (0x02f6fe33) x28 0x00539900
core   0: 0x80006a54 (0xd56171b7) lui     gp, 0xd5617
core   0: 3 0x80006a54 (0xd56171b7) x 3 0xd5617000
core   0: 0x80006a58 (0x038001b3) mul     gp, zero, s8
core   0: 3 0x80006a58 (0x038001b3) x 3 0x00000000
core   0: 0x80006a5c (0x67024193) xori    gp, tp, 1648
core   0: 3 0x80006a5c (0x67024193) x 3 0x00000671
core   0: 0x80006a60 (0x41e2d8b3) sra     a7, t0, t5
core   0: 3 0x80006a60 (0x41e2d8b3) x17 0x00000000
core   0: 0x80006a64 (0x035d9fb3) mulh    t6, s11, s5
core   0: 3 0x80006a64 (0x035d9fb3) x31 0x00000000
core   0: 0x80006a68 (0x0322d933) divu    s2, t0, s2
core   0: 3 0x80006a68 (0x0322d933) x18 0x00000000
core   0: 0x80006a6c (0x017a9b33) sll     s6, s5, s7
core   0: 3 0x80006a6c (0x017a9b33) x22 0x00000000
core   0: 0x80006a70 (0xd1554b93) xori    s7, a0, -747
core   0: 3 0x80006a70 (0xd1554b93) x23 0xa787be28
core   0: 0x80006a74 (0xee947a93) andi    s5, s0, -279
core   0: 3 0x80006a74 (0xee947a93) x21 0x40161e00
core   0: 0x80006a78 (0x033f3cb3) mulhu   s9, t5, s3
core   0: 3 0x80006a78 (0x033f3cb3) x25 0x40016da6
core   0: 0x80006a7c (0x01f5ca33) xor     s4, a1, t6
core   0: 3 0x80006a7c (0x01f5ca33) x20 0x07ffffff
core   0: 0x80006a80 (0x01929cb3) sll     s9, t0, s9
core   0: 3 0x80006a80 (0x01929cb3) x25 0x00000040
core   0: 0x80006a84 (0x41b0d693) srai    a3, ra, 27
core   0: 3 0x80006a84 (0x41b0d693) x13 0x00000000
core   0: 0x80006a88 (0x11dab113) sltiu   sp, s5, 285
core   0: 3 0x80006a88 (0x11dab113) x 2 0x00000000
core   0: 0x80006a8c (0xf77cbb13) sltiu   s6, s9, -137
core   0: 3 0x80006a8c (0xf77cbb13) x22 0x00000001
core   0: 0x80006a90 (0xc51a7b13) andi    s6, s4, -943
core   0: 3 0x80006a90 (0xc51a7b13) x22 0x07fffc51
core   0: 0x80006a94 (0x02950cb3) mul     s9, a0, s1
core   0: 3 0x80006a94 (0x02950cb3) x25 0x8587a000
core   0: 0x80006a98 (0x00ff28b3) slt     a7, t5, a5
core   0: 3 0x80006a98 (0x00ff28b3) x17 0x00000001
core   0: 0x80006a9c (0x41440b33) sub     s6, s0, s4
core   0: 3 0x80006a9c (0x41440b33) x22 0x38161e11
core   0: 0x80006aa0 (0x01453eb3) sltu    t4, a0, s4
core   0: 3 0x80006aa0 (0x01453eb3) x29 0x00000000
core   0: 0x80006aa4 (0x012d9a13) slli    s4, s11, 18
core   0: 3 0x80006aa4 (0x012d9a13) x20 0x00080000
core   0: 0x80006aa8 (0x035ad333) divu    t1, s5, s5
core   0: 3 0x80006aa8 (0x035ad333) x 6 0x00000001
core   0: 0x80006aac (0x032743b3) div     t2, a4, s2
core   0: 3 0x80006aac (0x032743b3) x 7 0xffffffff
core   0: 0x80006ab0 (0x0030de93) srli    t4, ra, 3
core   0: 3 0x80006ab0 (0x0030de93) x29 0x00000000
core   0: 0x80006ab4 (0xa3ab7013) andi    zero, s6, -1478
core   0: 3 0x80006ab4 (0xa3ab7013)
core   0: 0x80006ab8 (0x0372b933) mulhu   s2, t0, s7
core   0: 3 0x80006ab8 (0x0372b933) x18 0x00000000
core   0: 0x80006abc (0x02137db3) remu    s11, t1, ra
core   0: 3 0x80006abc (0x02137db3) x27 0x00000000
core   0: 0x80006ac0 (0x031af8b3) remu    a7, s5, a7
core   0: 3 0x80006ac0 (0x031af8b3) x17 0x00000000
core   0: 0x80006ac4 (0x41430cb3) sub     s9, t1, s4
core   0: 3 0x80006ac4 (0x41430cb3) x25 0xfff80001
core   0: 0x80006ac8 (0x01fcbeb3) sltu    t4, s9, t6
core   0: 3 0x80006ac8 (0x01fcbeb3) x29 0x00000000
core   0: 0x80006acc (0x0100c633) xor     a2, ra, a6
core   0: 3 0x80006acc (0x0100c633) x12 0x00161e11
core   0: 0x80006ad0 (0x031086b3) mul     a3, ra, a7
core   0: 3 0x80006ad0 (0x031086b3) x13 0x00000000
core   0: 0x80006ad4 (0x00000013) nop
core   0: 3 0x80006ad4 (0x00000013)
core   0: 0x80006ad8 (0x28b17b93) andi    s7, sp, 651
core   0: 3 0x80006ad8 (0x28b17b93) x23 0x00000000
core   0: 0x80006adc (0x40a2d713) srai    a4, t0, 10
core   0: 3 0x80006adc (0x40a2d713) x14 0x00000000
core   0: 0x80006ae0 (0x00000013) nop
core   0: 3 0x80006ae0 (0x00000013)
core   0: 0x80006ae4 (0x01a9afb3) slt     t6, s3, s10
core   0: 3 0x80006ae4 (0x01a9afb3) x31 0x00000000
core   0: 0x80006ae8 (0x0debf893) andi    a7, s7, 222
core   0: 3 0x80006ae8 (0x0debf893) x17 0x00000000
core   0: 0x80006aec (0x00000013) nop
core   0: 3 0x80006aec (0x00000013)
core   0: 0x80006af0 (0x01baae33) slt     t3, s5, s11
core   0: 3 0x80006af0 (0x01baae33) x28 0x00000000
core   0: 0x80006af4 (0x41825c13) srai    s8, tp, 24
core   0: 3 0x80006af4 (0x41825c13) x24 0x00000000
core   0: 0x80006af8 (0x012f1733) sll     a4, t5, s2
core   0: 3 0x80006af8 (0x012f1733) x14 0x80018ce4
core   0: 0x80006afc (0x00799593) slli    a1, s3, 7
core   0: 3 0x80006afc (0x00799593) x11 0x00a73200
core   0: 0x80006b00 (0x00d2d613) srli    a2, t0, 13
core   0: 3 0x80006b00 (0x00d2d613) x12 0x00000000
core   0: 0x80006b04 (0x00beda13) srli    s4, t4, 11
core   0: 3 0x80006b04 (0x00beda13) x20 0x00000000
core   0: 0x80006b08 (0x023d3ab3) mulhu   s5, s10, gp
core   0: 3 0x80006b08 (0x023d3ab3) x21 0x00000338
core   0: 0x80006b0c (0x00f2cbb3) xor     s7, t0, a5
core   0: 3 0x80006b0c (0x00f2cbb3) x23 0x00000001
core   0: 0x80006b10 (0x3d6fab13) slti    s6, t6, 982
core   0: 3 0x80006b10 (0x3d6fab13) x22 0x00000001
core   0: 0x80006b14 (0xcd497f93) andi    t6, s2, -812
core   0: 3 0x80006b14 (0xcd497f93) x31 0x00000000
core   0: 0x80006b18 (0x0396cdb3) div     s11, a3, s9
core   0: 3 0x80006b18 (0x0396cdb3) x27 0x00000000
core   0: 0x80006b1c (0x707d3113) sltiu   sp, s10, 1799
core   0: 3 0x80006b1c (0x707d3113) x 2 0x00000000
core   0: 0x80006b20 (0x00000013) nop
core   0: 3 0x80006b20 (0x00000013)
core   0: 0x80006b24 (0x0361ba33) mulhu   s4, gp, s6
core   0: 3 0x80006b24 (0x0361ba33) x20 0x00000000
core   0: 0x80006b28 (0xf504e313) ori     t1, s1, -176
core   0: 3 0x80006b28 (0xf504e313) x 6 0xffffff50
core   0: 0x80006b2c (0x00fd3a33) sltu    s4, s10, a5
core   0: 3 0x80006b2c (0x00fd3a33) x20 0x00000000
core   0: 0x80006b30 (0x5b1d0d93) addi    s11, s10, 1457
core   0: 3 0x80006b30 (0x5b1d0d93) x27 0x800005b1
core   0: 0x80006b34 (0x45340d93) addi    s11, s0, 1107
core   0: 3 0x80006b34 (0x45340d93) x27 0x40162263
core   0: 0x80006b38 (0x7fe30fb7) lui     t6, 0x7fe30
core   0: 3 0x80006b38 (0x7fe30fb7) x31 0x7fe30000
core   0: 0x80006b3c (0x00cbee33) or      t3, s7, a2
core   0: 3 0x80006b3c (0x00cbee33) x28 0x00000001
core   0: 0x80006b40 (0x02dde633) rem     a2, s11, a3
core   0: 3 0x80006b40 (0x02dde633) x12 0x40162263
core   0: 0x80006b44 (0x028e5cb3) divu    s9, t3, s0
core   0: 3 0x80006b44 (0x028e5cb3) x25 0x00000000
core   0: 0x80006b48 (0x0275f033) remu    zero, a1, t2
core   0: 3 0x80006b48 (0x0275f033)
core   0: 0x80006b4c (0x019ae033) or      zero, s5, s9
core   0: 3 0x80006b4c (0x019ae033)
core   0: 0x80006b50 (0x02eacdb3) div     s11, s5, a4
core   0: 3 0x80006b50 (0x02eacdb3) x27 0x00000000
core   0: 0x80006b54 (0x029cedb3) rem     s11, s9, s1
core   0: 3 0x80006b54 (0x029cedb3) x27 0x00000000
core   0: 0x80006b58 (0x7c790893) addi    a7, s2, 1991
core   0: 3 0x80006b58 (0x7c790893) x17 0x000007c7
core   0: 0x80006b5c (0x7a4d4693) xori    a3, s10, 1956
core   0: 3 0x80006b5c (0x7a4d4693) x13 0x800007a4
core   0: 0x80006b60 (0x5287d397) auipc   t2, 0x5287d
core   0: 3 0x80006b60 (0x5287d397) x 7 0xd2883b60
core   0: 0x80006b64 (0x59c6a713) slti    a4, a3, 1436
core   0: 3 0x80006b64 (0x59c6a713) x14 0x00000001
core   0: 0x80006b68 (0x03f3dbb3) divu    s7, t2, t6
core   0: 3 0x80006b68 (0x03f3dbb3) x23 0x00000001
core   0: 0x80006b6c (0x0308f633) remu    a2, a7, a6
core   0: 3 0x80006b6c (0x0308f633) x12 0x000007c7
core   0: 0x80006b70 (0x40cc8233) sub     tp, s9, a2
core   0: 3 0x80006b70 (0x40cc8233) x 4 0xfffff839
core   0: 0x80006b74 (0x7c612597) auipc   a1, 0x7c612
core   0: 3 0x80006b74 (0x7c612597) x11 0xfc618b74
core   0: 0x80006b78 (0x00fc9b13) slli    s6, s9, 15
core   0: 3 0x80006b78 (0x00fc9b13) x22 0x00000000
core   0: 0x80006b7c (0x03459533) mulh    a0, a1, s4
core   0: 3 0x80006b7c (0x03459533) x10 0x00000000
core   0: 0x80006b80 (0xe7a1bd93) sltiu   s11, gp, -390
core   0: 3 0x80006b80 (0xe7a1bd93) x27 0x00000001
core   0: 0x80006b84 (0x006cb5b3) sltu    a1, s9, t1
core   0: 3 0x80006b84 (0x006cb5b3) x11 0x00000001
core   0: 0x80006b88 (0x41b083b3) sub     t2, ra, s11
core   0: 3 0x80006b88 (0x41b083b3) x 7 0x00000000
core   0: 0x80006b8c (0xf05ec313) xori    t1, t4, -251
core   0: 3 0x80006b8c (0xf05ec313) x 6 0xffffff05
core   0: 0x80006b90 (0x0330d333) divu    t1, ra, s3
core   0: 3 0x80006b90 (0x0330d333) x 6 0x00000000
core   0: 0x80006b94 (0x01770533) add     a0, a4, s7
core   0: 3 0x80006b94 (0x01770533) x10 0x00000002
core   0: 0x80006b98 (0x00c61db3) sll     s11, a2, a2
core   0: 3 0x80006b98 (0x00c61db3) x27 0x0003e380
core   0: 0x80006b9c (0x41de05b3) sub     a1, t3, t4
core   0: 3 0x80006b9c (0x41de05b3) x11 0x00000001
core   0: 0x80006ba0 (0x00000013) nop
core   0: 3 0x80006ba0 (0x00000013)
core   0: 0x80006ba4 (0x56785e17) auipc   t3, 0x56785
core   0: 3 0x80006ba4 (0x56785e17) x28 0xd678bba4
core   0: 0x80006ba8 (0x0154cfb3) xor     t6, s1, s5
core   0: 3 0x80006ba8 (0x0154cfb3) x31 0xc3a02338
core   0: 0x80006bac (0x03e0c033) div     zero, ra, t5
core   0: 3 0x80006bac (0x03e0c033)
core   0: 0x80006bb0 (0x024dcc33) div     s8, s11, tp
core   0: 3 0x80006bb0 (0x024dcc33) x24 0xffffff80
core   0: 0x80006bb4 (0x01169813) slli    a6, a3, 17
core   0: 3 0x80006bb4 (0x01169813) x16 0x0f480000
core   0: 0x80006bb8 (0x00fe3333) sltu    t1, t3, a5
core   0: 3 0x80006bb8 (0x00fe3333) x 6 0x00000000
core   0: 0x80006bbc (0x007b35b3) sltu    a1, s6, t2
core   0: 3 0x80006bbc (0x007b35b3) x11 0x00000000
core   0: 0x80006bc0 (0x78158837) lui     a6, 0x78158
core   0: 3 0x80006bc0 (0x78158837) x16 0x78158000
core   0: 0x80006bc4 (0x03ff13b3) mulh    t2, t5, t6
core   0: 3 0x80006bc4 (0x03ff13b3) x 7 0x1e2f90c9
core   0: 0x80006bc8 (0x027addb3) divu    s11, s5, t2
core   0: 3 0x80006bc8 (0x027addb3) x27 0x00000000
core   0: 0x80006bcc (0x02f20c33) mul     s8, tp, a5
core   0: 3 0x80006bcc (0x02f20c33) x24 0x00000000
core   0: 0x80006bd0 (0x03610033) mul     zero, sp, s6
core   0: 3 0x80006bd0 (0x03610033)
core   0: 0x80006bd4 (0x00000013) nop
core   0: 3 0x80006bd4 (0x00000013)
core   0: 0x80006bd8 (0x0232ddb3) divu    s11, t0, gp
core   0: 3 0x80006bd8 (0x0232ddb3) x27 0x00000000
core   0: 0x80006bdc (0x01a00fb3) add     t6, zero, s10
core   0: 3 0x80006bdc (0x01a00fb3) x31 0x80000000
core   0: 0x80006be0 (0x1b7df013) andi    zero, s11, 439
core   0: 3 0x80006be0 (0x1b7df013)
core   0: 0x80006be4 (0x00000013) nop
core   0: 3 0x80006be4 (0x00000013)
core   0: 0x80006be8 (0xe1ddac97) auipc   s9, 0xe1dda
core   0: 3 0x80006be8 (0xe1ddac97) x25 0x61de0be8
core   0: 0x80006bec (0x00000013) nop
core   0: 3 0x80006bec (0x00000013)
core   0: 0x80006bf0 (0x002b6c33) or      s8, s6, sp
core   0: 3 0x80006bf0 (0x002b6c33) x24 0x00000000
core   0: 0x80006bf4 (0x4fcbf393) andi    t2, s7, 1276
core   0: 3 0x80006bf4 (0x4fcbf393) x 7 0x00000000
core   0: 0x80006bf8 (0x00873e33) sltu    t3, a4, s0
core   0: 3 0x80006bf8 (0x00873e33) x28 0x00000001
core   0: 0x80006bfc (0xb832c293) xori    t0, t0, -1149
core   0: 3 0x80006bfc (0xb832c293) x 5 0xfffffb82
core   0: 0x80006c00 (0x9116d6b7) lui     a3, 0x9116d
core   0: 3 0x80006c00 (0x9116d6b7) x13 0x9116d000
core   0: 0x80006c04 (0x00e08133) add     sp, ra, a4
core   0: 3 0x80006c04 (0x00e08133) x 2 0x00000002
core   0: 0x80006c08 (0x19d90113) addi    sp, s2, 413
core   0: 3 0x80006c08 (0x19d90113) x 2 0x0000019d
core   0: 0x80006c0c (0x031764b3) rem     s1, a4, a7
core   0: 3 0x80006c0c (0x031764b3) x 9 0x00000001
core   0: 0x80006c10 (0x037f8333) mul     t1, t6, s7
core   0: 3 0x80006c10 (0x037f8333) x 6 0x80000000
core   0: 0x80006c14 (0x549c0893) addi    a7, s8, 1353
core   0: 3 0x80006c14 (0x549c0893) x17 0x00000549
core   0: 0x80006c18 (0x025becb3) rem     s9, s7, t0
core   0: 3 0x80006c18 (0x025becb3) x25 0x00000001
core   0: 0x80006c1c (0x10c7e613) ori     a2, a5, 268
core   0: 3 0x80006c1c (0x10c7e613) x12 0x0000010c
core   0: 0x80006c20 (0x417e8a33) sub     s4, t4, s7
core   0: 3 0x80006c20 (0x417e8a33) x20 0xffffffff
core   0: 0x80006c24 (0x022557b3) divu    a5, a0, sp
core   0: 3 0x80006c24 (0x022557b3) x15 0x00000000
core   0: 0x80006c28 (0x0244b433) mulhu   s0, s1, tp
core   0: 3 0x80006c28 (0x0244b433) x 8 0x00000000
core   0: 0x80006c2c (0x027f2233) mulhsu  tp, t5, t2
core   0: 3 0x80006c2c (0x027f2233) x 4 0x00000000
core   0: 0x80006c30 (0xe5976b37) lui     s6, 0xe5976
core   0: 3 0x80006c30 (0xe5976b37) x22 0xe5976000
core   0: 0x80006c34 (0x406305b3) sub     a1, t1, t1
core   0: 3 0x80006c34 (0x406305b3) x11 0x00000000
core   0: 0x80006c38 (0x17328693) addi    a3, t0, 371
core   0: 3 0x80006c38 (0x17328693) x13 0xfffffcf5
core   0: 0x80006c3c (0x004addb3) srl     s11, s5, tp
core   0: 3 0x80006c3c (0x004addb3) x27 0x00000338
core   0: 0x80006c40 (0x03c432b3) mulhu   t0, s0, t3
core   0: 3 0x80006c40 (0x03c432b3) x 5 0x00000000
core   0: 0x80006c44 (0x0150e233) or      tp, ra, s5
core   0: 3 0x80006c44 (0x0150e233) x 4 0x00000339
core   0: 0x80006c48 (0x031cb2b3) mulhu   t0, s9, a7
core   0: 3 0x80006c48 (0x031cb2b3) x 5 0x00000000
core   0: 0x80006c4c (0x034d77b3) remu    a5, s10, s4
core   0: 3 0x80006c4c (0x034d77b3) x15 0x80000000
core   0: 0x80006c50 (0x54300e93) li      t4, 1347
core   0: 3 0x80006c50 (0x54300e93) x29 0x00000543
core   0: 0x80006c54 (0x40825713) srai    a4, tp, 8
core   0: 3 0x80006c54 (0x40825713) x14 0x00000003
core   0: 0x80006c58 (0x03dd6033) rem     zero, s10, t4
core   0: 3 0x80006c58 (0x03dd6033)
core   0: 0x80006c5c (0xdc136b13) ori     s6, t1, -575
core   0: 3 0x80006c5c (0xdc136b13) x22 0xfffffdc1
core   0: 0x80006c60 (0x21383e13) sltiu   t3, a6, 531
core   0: 3 0x80006c60 (0x21383e13) x28 0x00000000
core   0: 0x80006c64 (0x02c72db3) mulhsu  s11, a4, a2
core   0: 3 0x80006c64 (0x02c72db3) x27 0x00000000
core   0: 0x80006c68 (0x021c5c33) divu    s8, s8, ra
core   0: 3 0x80006c68 (0x021c5c33) x24 0x00000000
core   0: 0x80006c6c (0x0098d933) srl     s2, a7, s1
core   0: 3 0x80006c6c (0x0098d933) x18 0x000002a4
core   0: 0x80006c70 (0x03cab1b3) mulhu   gp, s5, t3
core   0: 3 0x80006c70 (0x03cab1b3) x 3 0x00000000
core   0: 0x80006c74 (0x02910733) mul     a4, sp, s1
core   0: 3 0x80006c74 (0x02910733) x14 0x0000019d
core   0: 0x80006c78 (0x020e7fb3) remu    t6, t3, zero
core   0: 3 0x80006c78 (0x020e7fb3) x31 0x00000000
core   0: 0x80006c7c (0xc5847193) andi    gp, s0, -936
core   0: 3 0x80006c7c (0xc5847193) x 3 0x00000000
core   0: 0x80006c80 (0x0102dbb3) srl     s7, t0, a6
core   0: 3 0x80006c80 (0x0102dbb3) x23 0x00000000
core   0: 0x80006c84 (0x01eda233) slt     tp, s11, t5
core   0: 3 0x80006c84 (0x01eda233) x 4 0x00000000
core   0: 0x80006c88 (0x02098233) mul     tp, s3, zero
core   0: 3 0x80006c88 (0x02098233) x 4 0x00000000
core   0: 0x80006c8c (0x410356b3) sra     a3, t1, a6
core   0: 3 0x80006c8c (0x410356b3) x13 0x80000000
core   0: 0x80006c90 (0xbc2c7193) andi    gp, s8, -1086
core   0: 3 0x80006c90 (0xbc2c7193) x 3 0x00000000
core   0: 0x80006c94 (0x030242b3) div     t0, tp, a6
core   0: 3 0x80006c94 (0x030242b3) x 5 0x00000000
core   0: 0x80006c98 (0x0216ce33) div     t3, a3, ra
core   0: 3 0x80006c98 (0x0216ce33) x28 0x80000000
core   0: 0x80006c9c (0x008720b3) slt     ra, a4, s0
core   0: 3 0x80006c9c (0x008720b3) x 1 0x00000000
core   0: 0x80006ca0 (0x033c36b3) mulhu   a3, s8, s3
core   0: 3 0x80006ca0 (0x033c36b3) x13 0x00000000
core   0: 0x80006ca4 (0x01a17833) and     a6, sp, s10
core   0: 3 0x80006ca4 (0x01a17833) x16 0x00000000
core   0: 0x80006ca8 (0xb4038413) addi    s0, t2, -1216
core   0: 3 0x80006ca8 (0xb4038413) x 8 0xfffffb40
core   0: 0x80006cac (0x011a91b3) sll     gp, s5, a7
core   0: 3 0x80006cac (0x011a91b3) x 3 0x00067000
core   0: 0x80006cb0 (0x0120e3b3) or      t2, ra, s2
core   0: 3 0x80006cb0 (0x0120e3b3) x 7 0x000002a4
core   0: 0x80006cb4 (0x01023233) sltu    tp, tp, a6
core   0: 3 0x80006cb4 (0x01023233) x 4 0x00000000
core   0: 0x80006cb8 (0x03b11bb3) mulh    s7, sp, s11
core   0: 3 0x80006cb8 (0x03b11bb3) x23 0x00000000
core   0: 0x80006cbc (0x004b7fb3) and     t6, s6, tp
core   0: 3 0x80006cbc (0x004b7fb3) x31 0x00000000
core   0: 0x80006cc0 (0x412bd6b3) sra     a3, s7, s2
core   0: 3 0x80006cc0 (0x412bd6b3) x13 0x00000000
core   0: 0x80006cc4 (0x01575533) srl     a0, a4, s5
core   0: 3 0x80006cc4 (0x01575533) x10 0x00000000
core   0: 0x80006cc8 (0x40b78ab3) sub     s5, a5, a1
core   0: 3 0x80006cc8 (0x40b78ab3) x21 0x80000000
core   0: 0x80006ccc (0x541f9197) auipc   gp, 0x541f9
core   0: 3 0x80006ccc (0x541f9197) x 3 0xd41ffccc
core   0: 0x80006cd0 (0x4020d213) srai    tp, ra, 2
core   0: 3 0x80006cd0 (0x4020d213) x 4 0x00000000
core   0: 0x80006cd4 (0xcfd0e393) ori     t2, ra, -771
core   0: 3 0x80006cd4 (0xcfd0e393) x 7 0xfffffcfd
core   0: 0x80006cd8 (0x017b7933) and     s2, s6, s7
core   0: 3 0x80006cd8 (0x017b7933) x18 0x00000000
core   0: 0x80006cdc (0x03cac5b3) div     a1, s5, t3
core   0: 3 0x80006cdc (0x03cac5b3) x11 0x00000001
core   0: 0x80006ce0 (0x56d23093) sltiu   ra, tp, 1389
core   0: 3 0x80006ce0 (0x56d23093) x 1 0x00000001
core   0: 0x80006ce4 (0x418b8633) sub     a2, s7, s8
core   0: 3 0x80006ce4 (0x418b8633) x12 0x00000000
core   0: 0x80006ce8 (0x4083d913) srai    s2, t2, 8
core   0: 3 0x80006ce8 (0x4083d913) x18 0xfffffffc
core   0: 0x80006cec (0x02796db3) rem     s11, s2, t2
core   0: 3 0x80006cec (0x02796db3) x27 0xfffffffc
core   0: 0x80006cf0 (0x00a6a633) slt     a2, a3, a0
core   0: 3 0x80006cf0 (0x00a6a633) x12 0x00000000
core   0: 0x80006cf4 (0xa7210893) addi    a7, sp, -1422
core   0: 3 0x80006cf4 (0xa7210893) x17 0xfffffc0f
core   0: 0x80006cf8 (0x0233f733) remu    a4, t2, gp
core   0: 3 0x80006cf8 (0x0233f733) x14 0x2be00031
core   0: 0x80006cfc (0x407a5793) srai    a5, s4, 7
core   0: 3 0x80006cfc (0x407a5793) x15 0xffffffff
core   0: 0x80006d00 (0x40ee8fb3) sub     t6, t4, a4
core   0: 3 0x80006d00 (0x40ee8fb3) x31 0xd4200512
core   0: 0x80006d04 (0x056d0013) addi    zero, s10, 86
core   0: 3 0x80006d04 (0x056d0013)
core   0: 0x80006d08 (0x0d28b393) sltiu   t2, a7, 210
core   0: 3 0x80006d08 (0x0d28b393) x 7 0x00000000
core   0: 0x80006d0c (0x1c556193) ori     gp, a0, 453
core   0: 3 0x80006d0c (0x1c556193) x 3 0x000001c5
core   0: 0x80006d10 (0xa686c293) xori    t0, a3, -1432
core   0: 3 0x80006d10 (0xa686c293) x 5 0xfffffa68
core   0: 0x80006d14 (0x00b16633) or      a2, sp, a1
core   0: 3 0x80006d14 (0x00b16633) x12 0x0000019d
core   0: 0x80006d18 (0x2e9d7893) andi    a7, s10, 745
core   0: 3 0x80006d18 (0x2e9d7893) x17 0x00000000
core   0: 0x80006d1c (0x01b16933) or      s2, sp, s11
core   0: 3 0x80006d1c (0x01b16933) x18 0xfffffffd
core   0: 0x80006d20 (0x001c8633) add     a2, s9, ra
core   0: 3 0x80006d20 (0x001c8633) x12 0x00000002
core   0: 0x80006d24 (0x00000013) nop
core   0: 3 0x80006d24 (0x00000013)
core   0: 0x80006d28 (0xa22205b7) lui     a1, 0xa2220
core   0: 3 0x80006d28 (0xa22205b7) x11 0xa2220000
core   0: 0x80006d2c (0x00daab33) slt     s6, s5, a3
core   0: 3 0x80006d2c (0x00daab33) x22 0x00000001
core   0: 0x80006d30 (0x18756b97) auipc   s7, 0x18756
core   0: 3 0x80006d30 (0x18756b97) x23 0x9875cd30
core   0: 0x80006d34 (0x8097f893) andi    a7, a5, -2039
core   0: 3 0x80006d34 (0x8097f893) x17 0xfffff809
core   0: 0x80006d38 (0x00d773b3) and     t2, a4, a3
core   0: 3 0x80006d38 (0x00d773b3) x 7 0x00000000
core   0: 0x80006d3c (0x000c7c33) and     s8, s8, zero
core   0: 3 0x80006d3c (0x000c7c33) x24 0x00000000
core   0: 0x80006d40 (0x033faeb3) mulhsu  t4, t6, s3
core   0: 3 0x80006d40 (0x033faeb3) x29 0xea0fc939
core   0: 0x80006d44 (0x00960633) add     a2, a2, s1
core   0: 3 0x80006d44 (0x00960633) x12 0x00000003
core   0: 0x80006d48 (0x40265c13) srai    s8, a2, 2
core   0: 3 0x80006d48 (0x40265c13) x24 0x00000000
core   0: 0x80006d4c (0x0369bdb3) mulhu   s11, s3, s6
core   0: 3 0x80006d4c (0x0369bdb3) x27 0x00000000
core   0: 0x80006d50 (0x03a7f033) remu    zero, a5, s10
core   0: 3 0x80006d50 (0x03a7f033)
core   0: 0x80006d54 (0x01445713) srli    a4, s0, 20
core   0: 3 0x80006d54 (0x01445713) x14 0x00000fff
core   0: 0x80006d58 (0x01c39833) sll     a6, t2, t3
core   0: 3 0x80006d58 (0x01c39833) x16 0x00000000
core   0: 0x80006d5c (0xec3a0697) auipc   a3, 0xec3a0
core   0: 3 0x80006d5c (0xec3a0697) x13 0x6c3a6d5c
core   0: 0x80006d60 (0x00d0f533) and     a0, ra, a3
core   0: 3 0x80006d60 (0x00d0f533) x10 0x00000000
core   0: 0x80006d64 (0x00663c33) sltu    s8, a2, t1
core   0: 3 0x80006d64 (0x00663c33) x24 0x00000001
core   0: 0x80006d68 (0x001c71b3) and     gp, s8, ra
core   0: 3 0x80006d68 (0x001c71b3) x 3 0x00000001
core   0: 0x80006d6c (0x030756b3) divu    a3, a4, a6
core   0: 3 0x80006d6c (0x030756b3) x13 0xffffffff
core   0: 0x80006d70 (0x0195ab33) slt     s6, a1, s9
core   0: 3 0x80006d70 (0x0195ab33) x22 0x00000001
core   0: 0x80006d74 (0x03af71b3) remu    gp, t5, s10
core   0: 3 0x80006d74 (0x03af71b3) x 3 0x00018ce4
core   0: 0x80006d78 (0x03c09db3) mulh    s11, ra, t3
core   0: 3 0x80006d78 (0x03c09db3) x27 0xffffffff
core   0: 0x80006d7c (0x00000013) nop
core   0: 3 0x80006d7c (0x00000013)
core   0: 0x80006d80 (0x4137df93) srai    t6, a5, 19
core   0: 3 0x80006d80 (0x4137df93) x31 0xffffffff
core   0: 0x80006d84 (0x41cb5933) sra     s2, s6, t3
core   0: 3 0x80006d84 (0x41cb5933) x18 0x00000001
core   0: 0x80006d88 (0x40b4d3b3) sra     t2, s1, a1
core   0: 3 0x80006d88 (0x40b4d3b3) x 7 0x00000001
core   0: 0x80006d8c (0x00c11093) slli    ra, sp, 12
core   0: 3 0x80006d8c (0x00c11093) x 1 0x0019d000
core   0: 0x80006d90 (0xcd0b6037) lui     zero, 0xcd0b6
core   0: 3 0x80006d90 (0xcd0b6037)
core   0: 0x80006d94 (0x027c9a33) mulh    s4, s9, t2
core   0: 3 0x80006d94 (0x027c9a33) x20 0x00000000
core   0: 0x80006d98 (0x02b6de33) divu    t3, a3, a1
core   0: 3 0x80006d98 (0x02b6de33) x28 0x00000001
core   0: 0x80006d9c (0x01cab7b3) sltu    a5, s5, t3
core   0: 3 0x80006d9c (0x01cab7b3) x15 0x00000000
core   0: 0x80006da0 (0x4167d0b3) sra     ra, a5, s6
core   0: 3 0x80006da0 (0x4167d0b3) x 1 0x00000000
core   0: 0x80006da4 (0x0242a8b3) mulhsu  a7, t0, tp
core   0: 3 0x80006da4 (0x0242a8b3) x17 0x00000000
core   0: 0x80006da8 (0x00971d93) slli    s11, a4, 9
core   0: 3 0x80006da8 (0x00971d93) x27 0x001ffe00
core   0: 0x80006dac (0x0243d933) divu    s2, t2, tp
core   0: 3 0x80006dac (0x0243d933) x18 0xffffffff
core   0: 0x80006db0 (0x00b34033) xor     zero, t1, a1
core   0: 3 0x80006db0 (0x00b34033)
core   0: 0x80006db4 (0x250aad93) slti    s11, s5, 592
core   0: 3 0x80006db4 (0x250aad93) x27 0x00000001
core   0: 0x80006db8 (0x038f6533) rem     a0, t5, s8
core   0: 3 0x80006db8 (0x038f6533) x10 0x00000000
core   0: 0x80006dbc (0x00c801b3) add     gp, a6, a2
core   0: 3 0x80006dbc (0x00c801b3) x 3 0x00000003
core   0: 0x80006dc0 (0x414bdb13) srai    s6, s7, 20
core   0: 3 0x80006dc0 (0x414bdb13) x22 0xfffff987
core   0: 0x80006dc4 (0x0339fa33) remu    s4, s3, s3
core   0: 3 0x80006dc4 (0x0339fa33) x20 0x00000000
core   0: 0x80006dc8 (0x00769693) slli    a3, a3, 7
core   0: 3 0x80006dc8 (0x00769693) x13 0xffffff80
core   0: 0x80006dcc (0x41190fb3) sub     t6, s2, a7
core   0: 3 0x80006dcc (0x41190fb3) x31 0xffffffff
core   0: 0x80006dd0 (0x02943633) mulhu   a2, s0, s1
core   0: 3 0x80006dd0 (0x02943633) x12 0x00000000
core   0: 0x80006dd4 (0x03c56db3) rem     s11, a0, t3
core   0: 3 0x80006dd4 (0x03c56db3) x27 0x00000000
core   0: 0x80006dd8 (0x028ef8b3) remu    a7, t4, s0
core   0: 3 0x80006dd8 (0x028ef8b3) x17 0xea0fc939
core   0: 0x80006ddc (0x01189bb3) sll     s7, a7, a7
core   0: 3 0x80006ddc (0x01189bb3) x23 0x72000000
core   0: 0x80006de0 (0x00c42cb3) slt     s9, s0, a2
core   0: 3 0x80006de0 (0x00c42cb3) x25 0x00000001
core   0: 0x80006de4 (0x022b1fb3) mulh    t6, s6, sp
core   0: 3 0x80006de4 (0x022b1fb3) x31 0xffffffff
core   0: 0x80006de8 (0xf85ef313) andi    t1, t4, -123
core   0: 3 0x80006de8 (0xf85ef313) x 6 0xea0fc901
core   0: 0x80006dec (0xdd5a2793) slti    a5, s4, -555
core   0: 3 0x80006dec (0xdd5a2793) x15 0x00000000
core   0: 0x80006df0 (0x027ad233) divu    tp, s5, t2
core   0: 3 0x80006df0 (0x027ad233) x 4 0x80000000
core   0: 0x80006df4 (0x010ea933) slt     s2, t4, a6
core   0: 3 0x80006df4 (0x010ea933) x18 0x00000001
core   0: 0x80006df8 (0x03ceaab3) mulhsu  s5, t4, t3
core   0: 3 0x80006df8 (0x03ceaab3) x21 0xffffffff
core   0: 0x80006dfc (0x15a37913) andi    s2, t1, 346
core   0: 3 0x80006dfc (0x15a37913) x18 0x00000100
core   0: 0x80006e00 (0x00c818b3) sll     a7, a6, a2
core   0: 3 0x80006e00 (0x00c818b3) x17 0x00000000
core   0: 0x80006e04 (0x00b11393) slli    t2, sp, 11
core   0: 3 0x80006e04 (0x00b11393) x 7 0x000ce800
core   0: 0x80006e08 (0x01a46a33) or      s4, s0, s10
core   0: 3 0x80006e08 (0x01a46a33) x20 0xfffffb40
core   0: 0x80006e0c (0x0215d333) divu    t1, a1, ra
core   0: 3 0x80006e0c (0x0215d333) x 6 0xffffffff
core   0: 0x80006e10 (0x013f3933) sltu    s2, t5, s3
core   0: 3 0x80006e10 (0x013f3933) x18 0x00000000
core   0: 0x80006e14 (0x034f5c33) divu    s8, t5, s4
core   0: 3 0x80006e14 (0x034f5c33) x24 0x00000000
core   0: 0x80006e18 (0x81256a13) ori     s4, a0, -2030
core   0: 3 0x80006e18 (0x81256a13) x20 0xfffff812
core   0: 0x80006e1c (0x01d921b3) slt     gp, s2, t4
core   0: 3 0x80006e1c (0x01d921b3) x 3 0x00000000
core   0: 0x80006e20 (0x03e84633) div     a2, a6, t5
core   0: 3 0x80006e20 (0x03e84633) x12 0x00000000
core   0: 0x80006e24 (0x02da1733) mulh    a4, s4, a3
core   0: 3 0x80006e24 (0x02da1733) x14 0x00000000
core   0: 0x80006e28 (0x00971a33) sll     s4, a4, s1
core   0: 3 0x80006e28 (0x00971a33) x20 0x00000000
core   0: 0x80006e2c (0x0373ffb3) remu    t6, t2, s7
core   0: 3 0x80006e2c (0x0373ffb3) x31 0x000ce800
core   0: 0x80006e30 (0x00f4f0b3) and     ra, s1, a5
core   0: 3 0x80006e30 (0x00f4f0b3) x 1 0x00000000
core   0: 0x80006e34 (0x4b8ec913) xori    s2, t4, 1208
core   0: 3 0x80006e34 (0x4b8ec913) x18 0xea0fcd81
core   0: 0x80006e38 (0x004da733) slt     a4, s11, tp
core   0: 3 0x80006e38 (0x004da733) x14 0x00000000
core   0: 0x80006e3c (0x01e2c1b3) xor     gp, t0, t5
core   0: 3 0x80006e3c (0x01e2c1b3) x 3 0x7ffe768c
core   0: 0x80006e40 (0x01a50233) add     tp, a0, s10
core   0: 3 0x80006e40 (0x01a50233) x 4 0x80000000
core   0: 0x80006e44 (0x013f5b13) srli    s6, t5, 19
core   0: 3 0x80006e44 (0x013f5b13) x22 0x00001000
core   0: 0x80006e48 (0x025520b3) mulhsu  ra, a0, t0
core   0: 3 0x80006e48 (0x025520b3) x 1 0x00000000
core   0: 0x80006e4c (0x837c8413) addi    s0, s9, -1993
core   0: 3 0x80006e4c (0x837c8413) x 8 0xfffff838
core   0: 0x80006e50 (0x40495693) srai    a3, s2, 4
core   0: 3 0x80006e50 (0x40495693) x13 0xfea0fcd8
core   0: 0x80006e54 (0x02336933) rem     s2, t1, gp
core   0: 3 0x80006e54 (0x02336933) x18 0xffffffff
core   0: 0x80006e58 (0x01ccd7b3) srl     a5, s9, t3
core   0: 3 0x80006e58 (0x01ccd7b3) x15 0x00000000
core   0: 0x80006e5c (0x00000013) nop
core   0: 3 0x80006e5c (0x00000013)
core   0: 0x80006e60 (0x03f99933) mulh    s2, s3, t6
core   0: 3 0x80006e60 (0x03f99933) x18 0xfff98c10
core   0: 0x80006e64 (0x0102eeb3) or      t4, t0, a6
core   0: 3 0x80006e64 (0x0102eeb3) x29 0xfffffa68
core   0: 0x80006e68 (0xc7c70113) addi    sp, a4, -900
core   0: 3 0x80006e68 (0xc7c70113) x 2 0xfffffc7c
core   0: 0x80006e6c (0x035f4733) div     a4, t5, s5
core   0: 3 0x80006e6c (0x035f4733) x14 0x7ffe731c
core   0: 0x80006e70 (0x2d520317) auipc   t1, 0x2d520
core   0: 3 0x80006e70 (0x2d520317) x 6 0xad526e70
core   0: 0x80006e74 (0x007131b3) sltu    gp, sp, t2
core   0: 3 0x80006e74 (0x007131b3) x 3 0x00000000
core   0: 0x80006e78 (0x41bad713) srai    a4, s5, 27
core   0: 3 0x80006e78 (0x41bad713) x14 0xffffffff
core   0: 0x80006e7c (0xe1c74e93) xori    t4, a4, -484
core   0: 3 0x80006e7c (0xe1c74e93) x29 0x000001e3
core   0: 0x80006e80 (0x680c6693) ori     a3, s8, 1664
core   0: 3 0x80006e80 (0x680c6693) x13 0x00000680
core   0: 0x80006e84 (0x03d370b3) remu    ra, t1, t4
core   0: 3 0x80006e84 (0x03d370b3) x 1 0x00000093
core   0: 0x80006e88 (0x0385aab3) mulhsu  s5, a1, s8
core   0: 3 0x80006e88 (0x0385aab3) x21 0x00000000
core   0: 0x80006e8c (0x03183c33) mulhu   s8, a6, a7
core   0: 3 0x80006e8c (0x03183c33) x24 0x00000000
core   0: 0x80006e90 (0x031de7b3) rem     a5, s11, a7
core   0: 3 0x80006e90 (0x031de7b3) x15 0x00000000
core   0: 0x80006e94 (0x40e1d113) srai    sp, gp, 14
core   0: 3 0x80006e94 (0x40e1d113) x 2 0x00000000
core   0: 0x80006e98 (0x01538833) add     a6, t2, s5
core   0: 3 0x80006e98 (0x01538833) x16 0x000ce800
core   0: 0x80006e9c (0x410dd493) srai    s1, s11, 16
core   0: 3 0x80006e9c (0x410dd493) x 9 0x00000000
core   0: 0x80006ea0 (0x017c2333) slt     t1, s8, s7
core   0: 3 0x80006ea0 (0x017c2333) x 6 0x00000001
core   0: 0x80006ea4 (0x03aedb33) divu    s6, t4, s10
core   0: 3 0x80006ea4 (0x03aedb33) x22 0x00000000
core   0: 0x80006ea8 (0x023be433) rem     s0, s7, gp
core   0: 3 0x80006ea8 (0x023be433) x 8 0x72000000
core   0: 0x80006eac (0x00141513) slli    a0, s0, 1
core   0: 3 0x80006eac (0x00141513) x10 0xe4000000
core   0: 0x80006eb0 (0xb3ce1097) auipc   ra, 0xb3ce1
core   0: 3 0x80006eb0 (0xb3ce1097) x 1 0x33ce7eb0
core   0: 0x80006eb4 (0x0085c3b3) xor     t2, a1, s0
core   0: 3 0x80006eb4 (0x0085c3b3) x 7 0xd0220000
core   0: 0x80006eb8 (0xe5273c13) sltiu   s8, a4, -430
core   0: 3 0x80006eb8 (0xe5273c13) x24 0x00000000
core   0: 0x80006ebc (0x40365133) sra     sp, a2, gp
core   0: 3 0x80006ebc (0x40365133) x 2 0x00000000
core   0: 0x80006ec0 (0x00361793) slli    a5, a2, 3
core   0: 3 0x80006ec0 (0x00361793) x15 0x00000000
core   0: 0x80006ec4 (0x004cecb3) or      s9, s9, tp
core   0: 3 0x80006ec4 (0x004cecb3) x25 0x80000001
core   0: 0x80006ec8 (0x010f5113) srli    sp, t5, 16
core   0: 3 0x80006ec8 (0x010f5113) x 2 0x00008001
core   0: 0x80006ecc (0x020a9a33) mulh    s4, s5, zero
core   0: 3 0x80006ecc (0x020a9a33) x20 0x00000000
core   0: 0x80006ed0 (0x031a3eb3) mulhu   t4, s4, a7
core   0: 3 0x80006ed0 (0x031a3eb3) x29 0x00000000
core   0: 0x80006ed4 (0x40485513) srai    a0, a6, 4
core   0: 3 0x80006ed4 (0x40485513) x10 0x0000ce80
core   0: 0x80006ed8 (0x442a6793) ori     a5, s4, 1090
core   0: 3 0x80006ed8 (0x442a6793) x15 0x00000442
core   0: 0x80006edc (0x015d5c93) srli    s9, s10, 21
core   0: 3 0x80006edc (0x015d5c93) x25 0x00000400
core   0: 0x80006ee0 (0x022b7eb3) remu    t4, s6, sp
core   0: 3 0x80006ee0 (0x022b7eb3) x29 0x00000000
core   0: 0x80006ee4 (0x01729733) sll     a4, t0, s7
core   0: 3 0x80006ee4 (0x01729733) x14 0xfffffa68
core   0: 0x80006ee8 (0x02bb7e33) remu    t3, s6, a1
core   0: 3 0x80006ee8 (0x02bb7e33) x28 0x00000000
core   0: 0x80006eec (0x0271f233) remu    tp, gp, t2
core   0: 3 0x80006eec (0x0271f233) x 4 0x00000000
core   0: 0x80006ef0 (0x03db6db3) rem     s11, s6, t4
core   0: 3 0x80006ef0 (0x03db6db3) x27 0x00000000
core   0: 0x80006ef4 (0x3ce06313) ori     t1, zero, 974
core   0: 3 0x80006ef4 (0x3ce06313) x 6 0x000003ce
core   0: 0x80006ef8 (0x03ea52b3) divu    t0, s4, t5
core   0: 3 0x80006ef8 (0x03ea52b3) x 5 0x00000000
core   0: 0x80006efc (0x01fb2633) slt     a2, s6, t6
core   0: 3 0x80006efc (0x01fb2633) x12 0x00000001
core   0: 0x80006f00 (0x016678b3) and     a7, a2, s6
core   0: 3 0x80006f00 (0x016678b3) x17 0x00000000
core   0: 0x80006f04 (0x00000013) nop
core   0: 3 0x80006f04 (0x00000013)
core   0: 0x80006f08 (0x000dd3b3) srl     t2, s11, zero
core   0: 3 0x80006f08 (0x000dd3b3) x 7 0x00000000
core   0: 0x80006f0c (0x025ba933) mulhsu  s2, s7, t0
core   0: 3 0x80006f0c (0x025ba933) x18 0x00000000
core   0: 0x80006f10 (0x00000013) nop
core   0: 3 0x80006f10 (0x00000013)
core   0: 0x80006f14 (0x02bf37b3) mulhu   a5, t5, a1
core   0: 3 0x80006f14 (0x02bf37b3) x15 0x5111fb5c
core   0: 0x80006f18 (0x0152aab3) slt     s5, t0, s5
core   0: 3 0x80006f18 (0x0152aab3) x21 0x00000000
core   0: 0x80006f1c (0x034ee433) rem     s0, t4, s4
core   0: 3 0x80006f1c (0x034ee433) x 8 0x00000000
core   0: 0x80006f20 (0x005a3a33) sltu    s4, s4, t0
core   0: 3 0x80006f20 (0x005a3a33) x20 0x00000000
core   0: 0x80006f24 (0x002d9533) sll     a0, s11, sp
core   0: 3 0x80006f24 (0x002d9533) x10 0x00000000
core   0: 0x80006f28 (0xc1df6f97) auipc   t6, 0xc1df6
core   0: 3 0x80006f28 (0xc1df6f97) x31 0x41dfcf28
core   0: 0x80006f2c (0x02064b33) div     s6, a2, zero
core   0: 3 0x80006f2c (0x02064b33) x22 0xffffffff
core   0: 0x80006f30 (0x41b3d693) srai    a3, t2, 27
core   0: 3 0x80006f30 (0x41b3d693) x13 0x00000000
core   0: 0x80006f34 (0x00cad313) srli    t1, s5, 12
core   0: 3 0x80006f34 (0x00cad313) x 6 0x00000000
core   0: 0x80006f38 (0x0298aa33) mulhsu  s4, a7, s1
core   0: 3 0x80006f38 (0x0298aa33) x20 0x00000000
core   0: 0x80006f3c (0x88656913) ori     s2, a0, -1914
core   0: 3 0x80006f3c (0x88656913) x18 0xfffff886
core   0: 0x80006f40 (0x03e2d2b3) divu    t0, t0, t5
core   0: 3 0x80006f40 (0x03e2d2b3) x 5 0x00000000
core   0: 0x80006f44 (0x00616333) or      t1, sp, t1
core   0: 3 0x80006f44 (0x00616333) x 6 0x00008001
core   0: 0x80006f48 (0x036ebb33) mulhu   s6, t4, s6
core   0: 3 0x80006f48 (0x036ebb33) x22 0x00000000
core   0: 0x80006f4c (0x021c7933) remu    s2, s8, ra
core   0: 3 0x80006f4c (0x021c7933) x18 0x00000000
core   0: 0x80006f50 (0x019671b3) and     gp, a2, s9
core   0: 3 0x80006f50 (0x019671b3) x 3 0x00000000
core   0: 0x80006f54 (0xdc2bc793) xori    a5, s7, -574
core   0: 3 0x80006f54 (0xdc2bc793) x15 0x8dfffdc2
core   0: 0x80006f58 (0x3de02413) slti    s0, zero, 990
core   0: 3 0x80006f58 (0x3de02413) x 8 0x00000001
core   0: 0x80006f5c (0x01379213) slli    tp, a5, 19
core   0: 3 0x80006f5c (0x01379213) x 4 0xee100000
core   0: 0x80006f60 (0x00c9f933) and     s2, s3, a2
core   0: 3 0x80006f60 (0x00c9f933) x18 0x00000000
core   0: 0x80006f64 (0xe5ff0793) addi    a5, t5, -417
core   0: 3 0x80006f64 (0xe5ff0793) x15 0x80018b43
core   0: 0x80006f68 (0x03e27bb3) remu    s7, tp, t5
core   0: 3 0x80006f68 (0x03e27bb3) x23 0x6e0e731c
core   0: 0x80006f6c (0x02b21433) mulh    s0, tp, a1
core   0: 3 0x80006f6c (0x02b21433) x 8 0x0693be20
core   0: 0x80006f70 (0x99756893) ori     a7, a0, -1641
core   0: 3 0x80006f70 (0x99756893) x17 0xfffff997
core   0: 0x80006f74 (0x40080eb3) sub     t4, a6, zero
core   0: 3 0x80006f74 (0x40080eb3) x29 0x000ce800
core   0: 0x80006f78 (0x018ed833) srl     a6, t4, s8
core   0: 3 0x80006f78 (0x018ed833) x16 0x000ce800
core   0: 0x80006f7c (0x39947b93) andi    s7, s0, 921
core   0: 3 0x80006f7c (0x39947b93) x23 0x00000200
core   0: 0x80006f80 (0x00966933) or      s2, a2, s1
core   0: 3 0x80006f80 (0x00966933) x18 0x00000001
core   0: 0x80006f84 (0x006f5f93) srli    t6, t5, 6
core   0: 3 0x80006f84 (0x006f5f93) x31 0x02000633
core   0: 0x80006f88 (0x00047c33) and     s8, s0, zero
core   0: 3 0x80006f88 (0x00047c33) x24 0x00000000
core   0: 0x80006f8c (0x00efe733) or      a4, t6, a4
core   0: 3 0x80006f8c (0x00efe733) x14 0xfffffe7b
core   0: 0x80006f90 (0x00000013) nop
core   0: 3 0x80006f90 (0x00000013)
core   0: 0x80006f94 (0xca1fba97) auipc   s5, 0xca1fb
core   0: 3 0x80006f94 (0xca1fba97) x21 0x4a201f94
core   0: 0x80006f98 (0x0287e833) rem     a6, a5, s0
core   0: 3 0x80006f98 (0x0287e833) x16 0xfcf8a7a3
core   0: 0x80006f9c (0x029d5133) divu    sp, s10, s1
core   0: 3 0x80006f9c (0x029d5133) x 2 0xffffffff
core   0: 0x80006fa0 (0xfd67aa37) lui     s4, 0xfd67a
core   0: 3 0x80006fa0 (0xfd67aa37) x20 0xfd67a000
core   0: 0x80006fa4 (0x98890693) addi    a3, s2, -1656
core   0: 3 0x80006fa4 (0x98890693) x13 0xfffff989
core   0: 0x80006fa8 (0x03c3a0b3) mulhsu  ra, t2, t3
core   0: 3 0x80006fa8 (0x03c3a0b3) x 1 0x00000000
core   0: 0x80006fac (0x43d2e517) auipc   a0, 0x43d2e
core   0: 3 0x80006fac (0x43d2e517) x10 0xc3d34fac
core   0: 0x80006fb0 (0xfba46c13) ori     s8, s0, -70
core   0: 3 0x80006fb0 (0xfba46c13) x24 0xffffffba
core   0: 0x80006fb4 (0x025126b3) mulhsu  a3, sp, t0
core   0: 3 0x80006fb4 (0x025126b3) x13 0x00000000
core   0: 0x80006fb8 (0x027048b3) div     a7, zero, t2
core   0: 3 0x80006fb8 (0x027048b3) x17 0xffffffff
core   0: 0x80006fbc (0x001f9013) slli    zero, t6, 1
core   0: 3 0x80006fbc (0x001f9013)
core   0: 0x80006fc0 (0x01efa8b3) slt     a7, t6, t5
core   0: 3 0x80006fc0 (0x01efa8b3) x17 0x00000000
core   0: 0x80006fc4 (0x01340c33) add     s8, s0, s3
core   0: 3 0x80006fc4 (0x01340c33) x24 0x86950c84
core   0: 0x80006fc8 (0xc3477e93) andi    t4, a4, -972
core   0: 3 0x80006fc8 (0xc3477e93) x29 0xfffffc30
core   0: 0x80006fcc (0x41bb57b3) sra     a5, s6, s11
core   0: 3 0x80006fcc (0x41bb57b3) x15 0x00000000
core   0: 0x80006fd0 (0x01044e33) xor     t3, s0, a6
core   0: 3 0x80006fd0 (0x01044e33) x28 0xfa6b1983
core   0: 0x80006fd4 (0xcdaea093) slti    ra, t4, -806
core   0: 3 0x80006fd4 (0xcdaea093) x 1 0x00000001
core   0: 0x80006fd8 (0x039fe633) rem     a2, t6, s9
core   0: 3 0x80006fd8 (0x039fe633) x12 0x00000233
core   0: 0x80006fdc (0x4042d113) srai    sp, t0, 4
core   0: 3 0x80006fdc (0x4042d113) x 2 0x00000000
core   0: 0x80006fe0 (0x0273b4b3) mulhu   s1, t2, t2
core   0: 3 0x80006fe0 (0x0273b4b3) x 9 0x00000000
core   0: 0x80006fe4 (0x00000013) nop
core   0: 3 0x80006fe4 (0x00000013)
core   0: 0x80006fe8 (0x015ee6b3) or      a3, t4, s5
core   0: 3 0x80006fe8 (0x015ee6b3) x13 0xffffffb4
core   0: 0x80006fec (0xcb555e37) lui     t3, 0xcb555
core   0: 3 0x80006fec (0xcb555e37) x28 0xcb555000
core   0: 0x80006ff0 (0x01566533) or      a0, a2, s5
core   0: 3 0x80006ff0 (0x01566533) x10 0x4a201fb7
core   0: 0x80006ff4 (0x01f50533) add     a0, a0, t6
core   0: 3 0x80006ff4 (0x01f50533) x10 0x4c2025ea
core   0: 0x80006ff8 (0xe6752293) slti    t0, a0, -409
core   0: 3 0x80006ff8 (0xe6752293) x 5 0x00000000
core   0: 0x80006ffc (0x03736733) rem     a4, t1, s7
core   0: 3 0x80006ffc (0x03736733) x14 0x00000001
core   0: 0x80007000 (0xed094713) xori    a4, s2, -304
core   0: 3 0x80007000 (0xed094713) x14 0xfffffed1
core   0: 0x80007004 (0x01d2a733) slt     a4, t0, t4
core   0: 3 0x80007004 (0x01d2a733) x14 0x00000000
core   0: 0x80007008 (0x01c477b3) and     a5, s0, t3
core   0: 3 0x80007008 (0x01c477b3) x15 0x02111000
core   0: 0x8000700c (0x00000013) nop
core   0: 3 0x8000700c (0x00000013)
core   0: 0x80007010 (0x0303e533) rem     a0, t2, a6
core   0: 3 0x80007010 (0x0303e533) x10 0x00000000
core   0: 0x80007014 (0x01840cb3) add     s9, s0, s8
core   0: 3 0x80007014 (0x01840cb3) x25 0x8d28caa4
core   0: 0x80007018 (0xea516d93) ori     s11, sp, -347
core   0: 3 0x80007018 (0xea516d93) x27 0xfffffea5
core   0: 0x8000701c (0x01ea3133) sltu    sp, s4, t5
core   0: 3 0x8000701c (0x01ea3133) x 2 0x00000000
core   0: 0x80007020 (0x019f8eb3) add     t4, t6, s9
core   0: 3 0x80007020 (0x019f8eb3) x29 0x8f28d0d7
core   0: 0x80007024 (0x00000013) nop
core   0: 3 0x80007024 (0x00000013)
core   0: 0x80007028 (0x00000013) nop
core   0: 3 0x80007028 (0x00000013)
core   0: 0x8000702c (0xc5800513) li      a0, -936
core   0: 3 0x8000702c (0xc5800513) x10 0xfffffc58
core   0: 0x80007030 (0x00ee75b3) and     a1, t3, a4
core   0: 3 0x80007030 (0x00ee75b3) x11 0x00000000
core   0: 0x80007034 (0x039896b3) mulh    a3, a7, s9
core   0: 3 0x80007034 (0x039896b3) x13 0x00000000
core   0: 0x80007038 (0x00472c33) slt     s8, a4, tp
core   0: 3 0x80007038 (0x00472c33) x24 0x00000000
core   0: 0x8000703c (0x01b61b93) slli    s7, a2, 27
core   0: 3 0x8000703c (0x01b61b93) x23 0x98000000
core   0: 0x80007040 (0x039a6033) rem     zero, s4, s9
core   0: 3 0x80007040 (0x039a6033)
core   0: 0x80007044 (0x00abdbb3) srl     s7, s7, a0
core   0: 3 0x80007044 (0x00abdbb3) x23 0x00000098
core   0: 0x80007048 (0x0121f5b3) and     a1, gp, s2
core   0: 3 0x80007048 (0x0121f5b3) x11 0x00000000
core   0: 0x8000704c (0x01de9813) slli    a6, t4, 29
core   0: 3 0x8000704c (0x01de9813) x16 0xe0000000
core   0: 0x80007050 (0x46beb593) sltiu   a1, t4, 1131
core   0: 3 0x80007050 (0x46beb593) x11 0x00000000
core   0: 0x80007054 (0xf81d2e93) slti    t4, s10, -127
core   0: 3 0x80007054 (0xf81d2e93) x29 0x00000001
core   0: 0x80007058 (0x8dfc2397) auipc   t2, 0x8dfc2
core   0: 3 0x80007058 (0x8dfc2397) x 7 0x0dfc9058
core   0: 0x8000705c (0x005bfdb3) and     s11, s7, t0
core   0: 3 0x8000705c (0x005bfdb3) x27 0x00000000
core   0: 0x80007060 (0x00ccb6b3) sltu    a3, s9, a2
core   0: 3 0x80007060 (0x00ccb6b3) x13 0x00000000
core   0: 0x80007064 (0x40c28433) sub     s0, t0, a2
core   0: 3 0x80007064 (0x40c28433) x 8 0xfffffdcd
core   0: 0x80007068 (0x00000013) nop
core   0: 3 0x80007068 (0x00000013)
core   0: 0x8000706c (0x02560533) mul     a0, a2, t0
core   0: 3 0x8000706c (0x02560533) x10 0x00000000
core   0: 0x80007070 (0x03871533) mulh    a0, a4, s8
core   0: 3 0x80007070 (0x03871533) x10 0x00000000
core   0: 0x80007074 (0xff630793) addi    a5, t1, -10
core   0: 3 0x80007074 (0xff630793) x15 0x00007ff7
core   0: 0x80007078 (0x009774b3) and     s1, a4, s1
core   0: 3 0x80007078 (0x009774b3) x 9 0x00000000
core   0: 0x8000707c (0x03de1bb3) mulh    s7, t3, t4
core   0: 3 0x8000707c (0x03de1bb3) x23 0xffffffff
core   0: 0x80007080 (0x226ba093) slti    ra, s7, 550
core   0: 3 0x80007080 (0x226ba093) x 1 0x00000001
core   0: 0x80007084 (0x01d8fbb3) and     s7, a7, t4
core   0: 3 0x80007084 (0x01d8fbb3) x23 0x00000000
core   0: 0x80007088 (0x03f15133) divu    sp, sp, t6
core   0: 3 0x80007088 (0x03f15133) x 2 0x00000000
core   0: 0x8000708c (0x597c7593) andi    a1, s8, 1431
core   0: 3 0x8000708c (0x597c7593) x11 0x00000000
core   0: 0x80007090 (0xa65a6613) ori     a2, s4, -1435
core   0: 3 0x80007090 (0xa65a6613) x12 0xfffffa65
core   0: 0x80007094 (0x0379be33) mulhu   t3, s3, s7
core   0: 3 0x80007094 (0x0379be33) x28 0x00000000
core   0: 0x80007098 (0x41ed5a13) srai    s4, s10, 30
core   0: 3 0x80007098 (0x41ed5a13) x20 0xfffffffe
core   0: 0x8000709c (0x02cb5ab3) divu    s5, s6, a2
core   0: 3 0x8000709c (0x02cb5ab3) x21 0x00000000
core   0: 0x800070a0 (0x0032d693) srli    a3, t0, 3
core   0: 3 0x800070a0 (0x0032d693) x13 0x00000000
core   0: 0x800070a4 (0x0336dbb3) divu    s7, a3, s3
core   0: 3 0x800070a4 (0x0336dbb3) x23 0x00000000
core   0: 0x800070a8 (0xa534fe93) andi    t4, s1, -1453
core   0: 3 0x800070a8 (0xa534fe93) x29 0x00000000
core   0: 0x800070ac (0x005ef5b3) and     a1, t4, t0
core   0: 3 0x800070ac (0x005ef5b3) x11 0x00000000
core   0: 0x800070b0 (0x0273a233) mulhsu  tp, t2, t2
core   0: 3 0x800070b0 (0x0273a233) x 4 0x00c39fd5
core   0: 0x800070b4 (0x03e13eb3) mulhu   t4, sp, t5
core   0: 3 0x800070b4 (0x03e13eb3) x29 0x00000000
core   0: 0x800070b8 (0x02430cb3) mul     s9, t1, tp
core   0: 3 0x800070b8 (0x02430cb3) x25 0xd0ae1fd5
core   0: 0x800070bc (0x00df9bb3) sll     s7, t6, a3
core   0: 3 0x800070bc (0x00df9bb3) x23 0x02000633
core   0: 0x800070c0 (0x03dde033) rem     zero, s11, t4
core   0: 3 0x800070c0 (0x03dde033)
core   0: 0x800070c4 (0x02bb4b33) div     s6, s6, a1
core   0: 3 0x800070c4 (0x02bb4b33) x22 0xffffffff
core   0: 0x800070c8 (0x4130d713) srai    a4, ra, 19
core   0: 3 0x800070c8 (0x4130d713) x14 0x00000000
core   0: 0x800070cc (0x00fa4e33) xor     t3, s4, a5
core   0: 3 0x800070cc (0x00fa4e33) x28 0xffff8009
core   0: 0x800070d0 (0x02c66333) rem     t1, a2, a2
core   0: 3 0x800070d0 (0x02c66333) x 6 0x00000000
core   0: 0x800070d4 (0x03534eb3) div     t4, t1, s5
core   0: 3 0x800070d4 (0x03534eb3) x29 0xffffffff
core   0: 0x800070d8 (0x0212f533) remu    a0, t0, ra
core   0: 3 0x800070d8 (0x0212f533) x10 0x00000000
core   0: 0x800070dc (0x01c7c7b3) xor     a5, a5, t3
core   0: 3 0x800070dc (0x01c7c7b3) x15 0xfffffffe
core   0: 0x800070e0 (0x0147eb33) or      s6, a5, s4
core   0: 3 0x800070e0 (0x0147eb33) x22 0xfffffffe
core   0: 0x800070e4 (0x4181d333) sra     t1, gp, s8
core   0: 3 0x800070e4 (0x4181d333) x 6 0x00000000
core   0: 0x800070e8 (0x01055c33) srl     s8, a0, a6
core   0: 3 0x800070e8 (0x01055c33) x24 0x00000000
core   0: 0x800070ec (0x0207ceb3) div     t4, a5, zero
core   0: 3 0x800070ec (0x0207ceb3) x29 0xffffffff
core   0: 0x800070f0 (0x034d53b3) divu    t2, s10, s4
core   0: 3 0x800070f0 (0x034d53b3) x 7 0x00000000
core   0: 0x800070f4 (0x41325e33) sra     t3, tp, s3
core   0: 3 0x800070f4 (0x41325e33) x28 0x000c39fd
core   0: 0x800070f8 (0x006f1e13) slli    t3, t5, 6
core   0: 3 0x800070f8 (0x006f1e13) x28 0x00633900
core   0: 0x800070fc (0x0254c8b3) div     a7, s1, t0
core   0: 3 0x800070fc (0x0254c8b3) x17 0xffffffff
core   0: 0x80007100 (0x025bb7b3) mulhu   a5, s7, t0
core   0: 3 0x80007100 (0x025bb7b3) x15 0x00000000
core   0: 0x80007104 (0x0016d913) srli    s2, a3, 1
core   0: 3 0x80007104 (0x0016d913) x18 0x00000000
core   0: 0x80007108 (0x0223ebb3) rem     s7, t2, sp
core   0: 3 0x80007108 (0x0223ebb3) x23 0x00000000
core   0: 0x8000710c (0x00f01313) slli    t1, zero, 15
core   0: 3 0x8000710c (0x00f01313) x 6 0x00000000
core   0: 0x80007110 (0x3bcc8793) addi    a5, s9, 956
core   0: 3 0x80007110 (0x3bcc8793) x15 0xd0ae2391
core   0: 0x80007114 (0x02ac01b3) mul     gp, s8, a0
core   0: 3 0x80007114 (0x02ac01b3) x 3 0x00000000
core   0: 0x80007118 (0x01f930b3) sltu    ra, s2, t6
core   0: 3 0x80007118 (0x01f930b3) x 1 0x00000001
core   0: 0x8000711c (0x0128d393) srli    t2, a7, 18
core   0: 3 0x8000711c (0x0128d393) x 7 0x00003fff
core   0: 0x80007120 (0x4127d893) srai    a7, a5, 18
core   0: 3 0x80007120 (0x4127d893) x17 0xfffff42b
core   0: 0x80007124 (0x405fde13) srai    t3, t6, 5
core   0: 3 0x80007124 (0x405fde13) x28 0x00100031
core   0: 0x80007128 (0x0161db13) srli    s6, gp, 22
core   0: 3 0x80007128 (0x0161db13) x22 0x00000000
core   0: 0x8000712c (0x41450333) sub     t1, a0, s4
core   0: 3 0x8000712c (0x41450333) x 6 0x00000002
core   0: 0x80007130 (0x0153f8b3) and     a7, t2, s5
core   0: 3 0x80007130 (0x0153f8b3) x17 0x00000000
core   0: 0x80007134 (0x00000013) nop
core   0: 3 0x80007134 (0x00000013)
core   0: 0x80007138 (0xe5f8c293) xori    t0, a7, -417
core   0: 3 0x80007138 (0xe5f8c293) x 5 0xfffffe5f
core   0: 0x8000713c (0x01e62833) slt     a6, a2, t5
core   0: 3 0x8000713c (0x01e62833) x16 0x00000000
core   0: 0x80007140 (0x03fba0b3) mulhsu  ra, s7, t6
core   0: 3 0x80007140 (0x03fba0b3) x 1 0x00000000
core   0: 0x80007144 (0x9f398493) addi    s1, s3, -1549
core   0: 3 0x80007144 (0x9f398493) x 9 0x80014857
core   0: 0x80007148 (0x006ff133) and     sp, t6, t1
core   0: 3 0x80007148 (0x006ff133) x 2 0x00000002
core   0: 0x8000714c (0x025c5eb3) divu    t4, s8, t0
core   0: 3 0x8000714c (0x025c5eb3) x29 0x00000000
core   0: 0x80007150 (0x00505493) srli    s1, zero, 5
core   0: 3 0x80007150 (0x00505493) x 9 0x00000000
core   0: 0x80007154 (0x03d9c733) div     a4, s3, t4
core   0: 3 0x80007154 (0x03d9c733) x14 0xffffffff
core   0: 0x80007158 (0x0021a0b3) slt     ra, gp, sp
core   0: 3 0x80007158 (0x0021a0b3) x 1 0x00000001
core   0: 0x8000715c (0x9a0d6897) auipc   a7, 0x9a0d6
core   0: 3 0x8000715c (0x9a0d6897) x17 0x1a0dd15c
core   0: 0x80007160 (0x023b3a33) mulhu   s4, s6, gp
core   0: 3 0x80007160 (0x023b3a33) x20 0x00000000
core   0: 0x80007164 (0x01224eb3) xor     t4, tp, s2
core   0: 3 0x80007164 (0x01224eb3) x29 0x00c39fd5
core   0: 0x80007168 (0x24384513) xori    a0, a6, 579
core   0: 3 0x80007168 (0x24384513) x10 0x00000243
core   0: 0x8000716c (0x002301b3) add     gp, t1, sp
core   0: 3 0x8000716c (0x002301b3) x 3 0x00000004
core   0: 0x80007170 (0x00158e33) add     t3, a1, ra
core   0: 3 0x80007170 (0x00158e33) x28 0x00000001
core   0: 0x80007174 (0x017857b3) srl     a5, a6, s7
core   0: 3 0x80007174 (0x017857b3) x15 0x00000000
core   0: 0x80007178 (0x433e9597) auipc   a1, 0x433e9
core   0: 3 0x80007178 (0x433e9597) x11 0xc33f0178
core   0: 0x8000717c (0x024b9933) mulh    s2, s7, tp
core   0: 3 0x8000717c (0x024b9933) x18 0x00000000
core   0: 0x80007180 (0x01105233) srl     tp, zero, a7
core   0: 3 0x80007180 (0x01105233) x 4 0x00000000
core   0: 0x80007184 (0x275e2217) auipc   tp, 0x275e2
core   0: 3 0x80007184 (0x275e2217) x 4 0xa75e9184
core   0: 0x80007188 (0xc1677d93) andi    s11, a4, -1002
core   0: 3 0x80007188 (0xc1677d93) x27 0xfffffc16
core   0: 0x8000718c (0x012da3b3) slt     t2, s11, s2
core   0: 3 0x8000718c (0x012da3b3) x 7 0x00000001
core   0: 0x80007190 (0x03e04733) div     a4, zero, t5
core   0: 3 0x80007190 (0x03e04733) x14 0x00000000
core   0: 0x80007194 (0x3713d337) lui     t1, 0x3713d
core   0: 3 0x80007194 (0x3713d337) x 6 0x3713d000
core   0: 0x80007198 (0x41eb5b13) srai    s6, s6, 30
core   0: 3 0x80007198 (0x41eb5b13) x22 0x00000000
core   0: 0x8000719c (0xac71a693) slti    a3, gp, -1337
core   0: 3 0x8000719c (0xac71a693) x13 0x00000000
core   0: 0x800071a0 (0x85650493) addi    s1, a0, -1962
core   0: 3 0x800071a0 (0x85650493) x 9 0xfffffa99
core   0: 0x800071a4 (0x40c35213) srai    tp, t1, 12
core   0: 3 0x800071a4 (0x40c35213) x 4 0x0003713d
core   0: 0x800071a8 (0x414902b3) sub     t0, s2, s4
core   0: 3 0x800071a8 (0x414902b3) x 5 0x00000000
core   0: 0x800071ac (0x402dd033) sra     zero, s11, sp
core   0: 3 0x800071ac (0x402dd033)
core   0: 0x800071b0 (0x03a334b3) mulhu   s1, t1, s10
core   0: 3 0x800071b0 (0x03a334b3) x 9 0x1b89e800
core   0: 0x800071b4 (0x00281433) sll     s0, a6, sp
core   0: 3 0x800071b4 (0x00281433) x 8 0x00000000
core   0: 0x800071b8 (0x01620eb3) add     t4, tp, s6
core   0: 3 0x800071b8 (0x01620eb3) x29 0x0003713d
core   0: 0x800071bc (0x03034db3) div     s11, t1, a6
core   0: 3 0x800071bc (0x03034db3) x27 0xffffffff
core   0: 0x800071c0 (0x00000013) nop
core   0: 3 0x800071c0 (0x00000013)
core   0: 0x800071c4 (0x0361e433) rem     s0, gp, s6
core   0: 3 0x800071c4 (0x0361e433) x 8 0x00000004
core   0: 0x800071c8 (0x019e47b3) xor     a5, t3, s9
core   0: 3 0x800071c8 (0x019e47b3) x15 0xd0ae1fd4
core   0: 0x800071cc (0xbb600613) li      a2, -1098
core   0: 3 0x800071cc (0xbb600613) x12 0xfffffbb6
core   0: 0x800071d0 (0x000b5533) srl     a0, s6, zero
core   0: 3 0x800071d0 (0x000b5533) x10 0x00000000
core   0: 0x800071d4 (0xd3020b13) addi    s6, tp, -720
core   0: 3 0x800071d4 (0xd3020b13) x22 0x00036e6d
core   0: 0x800071d8 (0x01baeb33) or      s6, s5, s11
core   0: 3 0x800071d8 (0x01baeb33) x22 0xffffffff
core   0: 0x800071dc (0x024885b3) mul     a1, a7, tp
core   0: 3 0x800071dc (0x024885b3) x11 0xc2c87eec
core   0: 0x800071e0 (0x035b7833) remu    a6, s6, s5
core   0: 3 0x800071e0 (0x035b7833) x16 0xffffffff
core   0: 0x800071e4 (0x41d85e13) srai    t3, a6, 29
core   0: 3 0x800071e4 (0x41d85e13) x28 0xffffffff
core   0: 0x800071e8 (0xc70733b7) lui     t2, 0xc7073
core   0: 3 0x800071e8 (0xc70733b7) x 7 0xc7073000
core   0: 0x800071ec (0x02d01a33) mulh    s4, zero, a3
core   0: 3 0x800071ec (0x02d01a33) x20 0x00000000
core   0: 0x800071f0 (0x004e5333) srl     t1, t3, tp
core   0: 3 0x800071f0 (0x004e5333) x 6 0x00000007
core   0: 0x800071f4 (0x02b6c3b3) div     t2, a3, a1
core   0: 3 0x800071f4 (0x02b6c3b3) x 7 0x00000000
core   0: 0x800071f8 (0x41530cb3) sub     s9, t1, s5
core   0: 3 0x800071f8 (0x41530cb3) x25 0x00000007
core   0: 0x800071fc (0xd0ddb637) lui     a2, 0xd0ddb
core   0: 3 0x800071fc (0xd0ddb637) x12 0xd0ddb000
core   0: 0x80007200 (0x01acab33) slt     s6, s9, s10
core   0: 3 0x80007200 (0x01acab33) x22 0x00000000
core   0: 0x80007204 (0xb749f913) andi    s2, s3, -1164
core   0: 3 0x80007204 (0xb749f913) x18 0x80014a64
core   0: 0x80007208 (0xbe4ca793) slti    a5, s9, -1052
core   0: 3 0x80007208 (0xbe4ca793) x15 0x00000000
core   0: 0x8000720c (0xde172713) slti    a4, a4, -543
core   0: 3 0x8000720c (0xde172713) x14 0x00000000
core   0: 0x80007210 (0x026f7333) remu    t1, t5, t1
core   0: 3 0x80007210 (0x026f7333) x 6 0x00000001
core   0: 0x80007214 (0x0137bdb3) sltu    s11, a5, s3
core   0: 3 0x80007214 (0x0137bdb3) x27 0x00000001
core   0: 0x80007218 (0x02b62333) mulhsu  t1, a2, a1
core   0: 3 0x80007218 (0x02b62333) x 6 0xdc231533
core   0: 0x8000721c (0x02452eb3) mulhsu  t4, a0, tp
core   0: 3 0x8000721c (0x02452eb3) x29 0x00000000
core   0: 0x80007220 (0x039e1e33) mulh    t3, t3, s9
core   0: 3 0x80007220 (0x039e1e33) x28 0xffffffff
core   0: 0x80007224 (0x85227813) andi    a6, tp, -1966
core   0: 3 0x80007224 (0x85227813) x16 0x00037010
core   0: 0x80007228 (0x03baa4b3) mulhsu  s1, s5, s11
core   0: 3 0x80007228 (0x03baa4b3) x 9 0x00000000
core   0: 0x8000722c (0x8bc2bf93) sltiu   t6, t0, -1860
core   0: 3 0x8000722c (0x8bc2bf93) x31 0x00000001
core   0: 0x80007230 (0x03d482b3) mul     t0, s1, t4
core   0: 3 0x80007230 (0x03d482b3) x 5 0x00000000
core   0: 0x80007234 (0x01dba4b3) slt     s1, s7, t4
core   0: 3 0x80007234 (0x01dba4b3) x 9 0x00000000
core   0: 0x80007238 (0x01b7c033) xor     zero, a5, s11
core   0: 3 0x80007238 (0x01b7c033)
core   0: 0x8000723c (0x40f002b3) sub     t0, zero, a5
core   0: 3 0x8000723c (0x40f002b3) x 5 0x00000000
core   0: 0x80007240 (0x0004be33) sltu    t3, s1, zero
core   0: 3 0x80007240 (0x0004be33) x28 0x00000000
core   0: 0x80007244 (0xa5640913) addi    s2, s0, -1450
core   0: 3 0x80007244 (0xa5640913) x18 0xfffffa5a
core   0: 0x80007248 (0x02cce433) rem     s0, s9, a2
core   0: 3 0x80007248 (0x02cce433) x 8 0x00000007
core   0: 0x8000724c (0x03508213) addi    tp, ra, 53
core   0: 3 0x8000724c (0x03508213) x 4 0x00000036
core   0: 0x80007250 (0x565ceb13) ori     s6, s9, 1381
core   0: 3 0x80007250 (0x565ceb13) x22 0x00000567
core   0: 0x80007254 (0x0067fb33) and     s6, a5, t1
core   0: 3 0x80007254 (0x0067fb33) x22 0x00000000
core   0: 0x80007258 (0x004308b3) add     a7, t1, tp
core   0: 3 0x80007258 (0x004308b3) x17 0xdc231569
core   0: 0x8000725c (0x409088b3) sub     a7, ra, s1
core   0: 3 0x8000725c (0x409088b3) x17 0x00000001
core   0: 0x80007260 (0x01a9eeb3) or      t4, s3, s10
core   0: 3 0x80007260 (0x01a9eeb3) x29 0x80014e64
core   0: 0x80007264 (0x01329813) slli    a6, t0, 19
core   0: 3 0x80007264 (0x01329813) x16 0x00000000
core   0: 0x80007268 (0x037d4033) div     zero, s10, s7
core   0: 3 0x80007268 (0x037d4033)
core   0: 0x8000726c (0x008fe8b3) or      a7, t6, s0
core   0: 3 0x8000726c (0x008fe8b3) x17 0x00000007
core   0: 0x80007270 (0x00197c33) and     s8, s2, ra
core   0: 3 0x80007270 (0x00197c33) x24 0x00000000
core   0: 0x80007274 (0x0109db93) srli    s7, s3, 16
core   0: 3 0x80007274 (0x0109db93) x23 0x00008001
core   0: 0x80007278 (0x00385b13) srli    s6, a6, 3
core   0: 3 0x80007278 (0x00385b13) x22 0x00000000
core   0: 0x8000727c (0x01b71db3) sll     s11, a4, s11
core   0: 3 0x8000727c (0x01b71db3) x27 0x00000000
core   0: 0x80007280 (0x02416133) rem     sp, sp, tp
core   0: 3 0x80007280 (0x02416133) x 2 0x00000002
core   0: 0x80007284 (0x04abc937) lui     s2, 0x4abc
core   0: 3 0x80007284 (0x04abc937) x18 0x04abc000
core   0: 0x80007288 (0x01e3d5b3) srl     a1, t2, t5
core   0: 3 0x80007288 (0x01e3d5b3) x11 0x00000000
core   0: 0x8000728c (0x0cac7493) andi    s1, s8, 202
core   0: 3 0x8000728c (0x0cac7493) x 9 0x00000000
core   0: 0x80007290 (0x03d7ae33) mulhsu  t3, a5, t4
core   0: 3 0x80007290 (0x03d7ae33) x28 0x00000000
core   0: 0x80007294 (0x02920533) mul     a0, tp, s1
core   0: 3 0x80007294 (0x02920533) x10 0x00000000
core   0: 0x80007298 (0xfa69ca13) xori    s4, s3, -90
core   0: 3 0x80007298 (0xfa69ca13) x20 0x7ffeb1c2
core   0: 0x8000729c (0x402cd093) srai    ra, s9, 2
core   0: 3 0x8000729c (0x402cd093) x 1 0x00000001
core   0: 0x800072a0 (0x034ace33) div     t3, s5, s4
core   0: 3 0x800072a0 (0x034ace33) x28 0x00000000
core   0: 0x800072a4 (0x655b0913) addi    s2, s6, 1621
core   0: 3 0x800072a4 (0x655b0913) x18 0x00000655
core   0: 0x800072a8 (0x60b83893) sltiu   a7, a6, 1547
core   0: 3 0x800072a8 (0x60b83893) x17 0x00000001
core   0: 0x800072ac (0xd1b67d97) auipc   s11, 0xd1b67
core   0: 3 0x800072ac (0xd1b67d97) x27 0x51b6e2ac
core   0: 0x800072b0 (0x02e57733) remu    a4, a0, a4
core   0: 3 0x800072b0 (0x02e57733) x14 0x00000000
core   0: 0x800072b4 (0x00000013) nop
core   0: 3 0x800072b4 (0x00000013)
core   0: 0x800072b8 (0x03915833) divu    a6, sp, s9
core   0: 3 0x800072b8 (0x03915833) x16 0x00000000
core   0: 0x800072bc (0x01b091b3) sll     gp, ra, s11
core   0: 3 0x800072bc (0x01b091b3) x 3 0x00001000
core   0: 0x800072c0 (0x03e6a4b3) mulhsu  s1, a3, t5
core   0: 3 0x800072c0 (0x03e6a4b3) x 9 0x00000000
core   0: 0x800072c4 (0x02eaa433) mulhsu  s0, s5, a4
core   0: 3 0x800072c4 (0x02eaa433) x 8 0x00000000
core   0: 0x800072c8 (0x419f0833) sub     a6, t5, s9
core   0: 3 0x800072c8 (0x419f0833) x16 0x80018cdd
core   0: 0x800072cc (0x0397ceb3) div     t4, a5, s9
core   0: 3 0x800072cc (0x0397ceb3) x29 0x00000000
core   0: 0x800072d0 (0x3fa6fe17) auipc   t3, 0x3fa6f
core   0: 3 0x800072d0 (0x3fa6fe17) x28 0xbfa762d0
core   0: 0x800072d4 (0x010d98b3) sll     a7, s11, a6
core   0: 3 0x800072d4 (0x010d98b3) x17 0x80000000
core   0: 0x800072d8 (0x0012aeb3) slt     t4, t0, ra
core   0: 3 0x800072d8 (0x0012aeb3) x29 0x00000001
core   0: 0x800072dc (0x0174bdb3) sltu    s11, s1, s7
core   0: 3 0x800072dc (0x0174bdb3) x27 0x00000001
core   0: 0x800072e0 (0x8b4a6193) ori     gp, s4, -1868
core   0: 3 0x800072e0 (0x8b4a6193) x 3 0xfffff9f6
core   0: 0x800072e4 (0x03e711b3) mulh    gp, a4, t5
core   0: 3 0x800072e4 (0x03e711b3) x 3 0x00000000
core   0: 0x800072e8 (0x00858c33) add     s8, a1, s0
core   0: 3 0x800072e8 (0x00858c33) x24 0x00000000
core   0: 0x800072ec (0x03038433) mul     s0, t2, a6
core   0: 3 0x800072ec (0x03038433) x 8 0x00000000
core   0: 0x800072f0 (0x033e1b33) mulh    s6, t3, s3
core   0: 3 0x800072f0 (0x033e1b33) x22 0x202bfa8b
core   0: 0x800072f4 (0x03b407b3) mul     a5, s0, s11
core   0: 3 0x800072f4 (0x03b407b3) x15 0x00000000
core   0: 0x800072f8 (0x00871293) slli    t0, a4, 8
core   0: 3 0x800072f8 (0x00871293) x 5 0x00000000
core   0: 0x800072fc (0xbd6b2893) slti    a7, s6, -1066
core   0: 3 0x800072fc (0xbd6b2893) x17 0x00000000
core   0: 0x80007300 (0x00000013) nop
core   0: 3 0x80007300 (0x00000013)
core   0: 0x80007304 (0x376a2f93) slti    t6, s4, 886
core   0: 3 0x80007304 (0x376a2f93) x31 0x00000000
core   0: 0x80007308 (0x016de7b3) or      a5, s11, s6
core   0: 3 0x80007308 (0x016de7b3) x15 0x202bfa8b
core   0: 0x8000730c (0x00095233) srl     tp, s2, zero
core   0: 3 0x8000730c (0x00095233) x 4 0x00000655
core   0: 0x80007310 (0x01274833) xor     a6, a4, s2
core   0: 3 0x80007310 (0x01274833) x16 0x00000655
core   0: 0x80007314 (0x01331c13) slli    s8, t1, 19
core   0: 3 0x80007314 (0x01331c13) x24 0xa9980000
core   0: 0x80007318 (0x03547eb3) remu    t4, s0, s5
core   0: 3 0x80007318 (0x03547eb3) x29 0x00000000
core   0: 0x8000731c (0x00f96cb3) or      s9, s2, a5
core   0: 3 0x8000731c (0x00f96cb3) x25 0x202bfedf
core   0: 0x80007320 (0x02978c33) mul     s8, a5, s1
core   0: 3 0x80007320 (0x02978c33) x24 0x00000000
core   0: 0x80007324 (0xe107e293) ori     t0, a5, -496
core   0: 3 0x80007324 (0xe107e293) x 5 0xfffffe9b
core   0: 0x80007328 (0x00f3c133) xor     sp, t2, a5
core   0: 3 0x80007328 (0x00f3c133) x 2 0x202bfa8b
core   0: 0x8000732c (0x01acb0b3) sltu    ra, s9, s10
core   0: 3 0x8000732c (0x01acb0b3) x 1 0x00000001
core   0: 0x80007330 (0x8304ee93) ori     t4, s1, -2000
core   0: 3 0x80007330 (0x8304ee93) x29 0xfffff830
core   0: 0x80007334 (0x01491433) sll     s0, s2, s4
core   0: 3 0x80007334 (0x01491433) x 8 0x00001954
core   0: 0x80007338 (0x005d5493) srli    s1, s10, 5
core   0: 3 0x80007338 (0x005d5493) x 9 0x04000000
core   0: 0x8000733c (0x004eb2b3) sltu    t0, t4, tp
core   0: 3 0x8000733c (0x004eb2b3) x 5 0x00000000
core   0: 0x80007340 (0x770d4c93) xori    s9, s10, 1904
core   0: 3 0x80007340 (0x770d4c93) x25 0x80000770
core   0: 0x80007344 (0x5f7aab13) slti    s6, s5, 1527
core   0: 3 0x80007344 (0x5f7aab13) x22 0x00000001
core   0: 0x80007348 (0x01485a93) srli    s5, a6, 20
core   0: 3 0x80007348 (0x01485a93) x21 0x00000000
core   0: 0x8000734c (0xf77a6393) ori     t2, s4, -137
core   0: 3 0x8000734c (0xf77a6393) x 7 0xfffffff7
core   0: 0x80007350 (0x00ff1b33) sll     s6, t5, a5
core   0: 3 0x80007350 (0x00ff1b33) x22 0x0c672000
core   0: 0x80007354 (0x023476b3) remu    a3, s0, gp
core   0: 3 0x80007354 (0x023476b3) x13 0x00001954
core   0: 0x80007358 (0x03925533) divu    a0, tp, s9
core   0: 3 0x80007358 (0x03925533) x10 0x00000000
core   0: 0x8000735c (0x00e91ab3) sll     s5, s2, a4
core   0: 3 0x8000735c (0x00e91ab3) x21 0x00000655
core   0: 0x80007360 (0x41825193) srai    gp, tp, 24
core   0: 3 0x80007360 (0x41825193) x 3 0x00000000
core   0: 0x80007364 (0x01940cb3) add     s9, s0, s9
core   0: 3 0x80007364 (0x01940cb3) x25 0x800020c4
core   0: 0x80007368 (0x1d604e93) xori    t4, zero, 470
core   0: 3 0x80007368 (0x1d604e93) x29 0x000001d6
core   0: 0x8000736c (0x00c50a33) add     s4, a0, a2
core   0: 3 0x8000736c (0x00c50a33) x20 0xd0ddb000
core   0: 0x80007370 (0x41af0fb3) sub     t6, t5, s10
core   0: 3 0x80007370 (0x41af0fb3) x31 0x00018ce4
core   0: 0x80007374 (0x00006033) or      zero, zero, zero
core   0: 3 0x80007374 (0x00006033)
core   0: 0x80007378 (0x01394133) xor     sp, s2, s3
core   0: 3 0x80007378 (0x01394133) x 2 0x80014831
core   0: 0x8000737c (0x033a4fb3) div     t6, s4, s3
core   0: 3 0x8000737c (0x033a4fb3) x31 0x00000000
core   0: 0x80007380 (0x01711013) slli    zero, sp, 23
core   0: 3 0x80007380 (0x01711013)
core   0: 0x80007384 (0x033093b3) mulh    t2, ra, s3
core   0: 3 0x80007384 (0x033093b3) x 7 0xffffffff
core   0: 0x80007388 (0x41b80533) sub     a0, a6, s11
core   0: 3 0x80007388 (0x41b80533) x10 0x00000654
core   0: 0x8000738c (0xf6103697) auipc   a3, 0xf6103
core   0: 3 0x8000738c (0xf6103697) x13 0x7610a38c
core   0: 0x80007390 (0x008b9b13) slli    s6, s7, 8
core   0: 3 0x80007390 (0x008b9b13) x22 0x00800100
core   0: 0x80007394 (0x00532cb3) slt     s9, t1, t0
core   0: 3 0x80007394 (0x00532cb3) x25 0x00000001
core   0: 0x80007398 (0x551d7b13) andi    s6, s10, 1361
core   0: 3 0x80007398 (0x551d7b13) x22 0x00000000
core   0: 0x8000739c (0x033e5033) divu    zero, t3, s3
core   0: 3 0x8000739c (0x033e5033)
core   0: 0x800073a0 (0x0090d833) srl     a6, ra, s1
core   0: 3 0x800073a0 (0x0090d833) x16 0x00000001
core   0: 0x800073a4 (0x3fbe8193) addi    gp, t4, 1019
core   0: 3 0x800073a4 (0x3fbe8193) x 3 0x000005d1
core   0: 0x800073a8 (0x0040fbb3) and     s7, ra, tp
core   0: 3 0x800073a8 (0x0040fbb3) x23 0x00000001
core   0: 0x800073ac (0x010da433) slt     s0, s11, a6
core   0: 3 0x800073ac (0x010da433) x 8 0x00000000
core   0: 0x800073b0 (0x40a60033) sub     zero, a2, a0
core   0: 3 0x800073b0 (0x40a60033)
core   0: 0x800073b4 (0x41cd5b93) srai    s7, s10, 28
core   0: 3 0x800073b4 (0x41cd5b93) x23 0xfffffff8
core   0: 0x800073b8 (0x037a2533) mulhsu  a0, s4, s7
core   0: 3 0x800073b8 (0x037a2533) x10 0xd0ddb001
core   0: 0x800073bc (0x03b88a33) mul     s4, a7, s11
core   0: 3 0x800073bc (0x03b88a33) x20 0x00000000
core   0: 0x800073c0 (0x01cdfb33) and     s6, s11, t3
core   0: 3 0x800073c0 (0x01cdfb33) x22 0x00000000
core   0: 0x800073c4 (0xe7527513) andi    a0, tp, -395
core   0: 3 0x800073c4 (0xe7527513) x10 0x00000655
core   0: 0x800073c8 (0x01081493) slli    s1, a6, 16
core   0: 3 0x800073c8 (0x01081493) x 9 0x00010000
core   0: 0x800073cc (0x00a0d513) srli    a0, ra, 10
core   0: 3 0x800073cc (0x00a0d513) x10 0x00000000
core   0: 0x800073d0 (0x03e22db3) mulhsu  s11, tp, t5
core   0: 3 0x800073d0 (0x03e22db3) x27 0x0000032a
core   0: 0x800073d4 (0x0156e433) or      s0, a3, s5
core   0: 3 0x800073d4 (0x0156e433) x 8 0x7610a7dd
core   0: 0x800073d8 (0x02ab4633) div     a2, s6, a0
core   0: 3 0x800073d8 (0x02ab4633) x12 0xffffffff
core   0: 0x800073dc (0x00e98eb3) add     t4, s3, a4
core   0: 3 0x800073dc (0x00e98eb3) x29 0x80014e64
core   0: 0x800073e0 (0x0311e533) rem     a0, gp, a7
core   0: 3 0x800073e0 (0x0311e533) x10 0x000005d1
core   0: 0x800073e4 (0x03c61033) mulh    zero, a2, t3
core   0: 3 0x800073e4 (0x03c61033)
core   0: 0x800073e8 (0x029f45b3) div     a1, t5, s1
core   0: 3 0x800073e8 (0x029f45b3) x11 0xffff8002
core   0: 0x800073ec (0x8a306093) ori     ra, zero, -1885
core   0: 3 0x800073ec (0x8a306093) x 1 0xfffff8a3
core   0: 0x800073f0 (0x3048cc37) lui     s8, 0x3048c
core   0: 3 0x800073f0 (0x3048cc37) x24 0x3048c000
core   0: 0x800073f4 (0x0384b7b3) mulhu   a5, s1, s8
core   0: 3 0x800073f4 (0x0384b7b3) x15 0x00003048
core   0: 0x800073f8 (0x5144a213) slti    tp, s1, 1300
core   0: 3 0x800073f8 (0x5144a213) x 4 0x00000000
core   0: 0x800073fc (0x0354c1b3) div     gp, s1, s5
core   0: 3 0x800073fc (0x0354c1b3) x 3 0x00000028
core   0: 0x80007400 (0x1b9c3d93) sltiu   s11, s8, 441
core   0: 3 0x80007400 (0x1b9c3d93) x27 0x00000000
core   0: 0x80007404 (0x0115de93) srli    t4, a1, 17
core   0: 3 0x80007404 (0x0115de93) x29 0x00007fff
core   0: 0x80007408 (0x40a206b3) sub     a3, tp, a0
core   0: 3 0x80007408 (0x40a206b3) x13 0xfffffa2f
core   0: 0x8000740c (0x01367933) and     s2, a2, s3
core   0: 3 0x8000740c (0x01367933) x18 0x80014e64
core   0: 0x80007410 (0x03c12eb3) mulhsu  t4, sp, t3
core   0: 3 0x80007410 (0x03c12eb3) x29 0xa02d444b
core   0: 0x80007414 (0x002851b3) srl     gp, a6, sp
core   0: 3 0x80007414 (0x002851b3) x 3 0x00000000
core   0: 0x80007418 (0x00ebc733) xor     a4, s7, a4
core   0: 3 0x80007418 (0x00ebc733) x14 0xfffffff8
core   0: 0x8000741c (0xb6627737) lui     a4, 0xb6627
core   0: 3 0x8000741c (0xb6627737) x14 0xb6627000
core   0: 0x80007420 (0xed5dec93) ori     s9, s11, -299
core   0: 3 0x80007420 (0xed5dec93) x25 0xfffffed5
core   0: 0x80007424 (0x016b5a93) srli    s5, s6, 22
core   0: 3 0x80007424 (0x016b5a93) x21 0x00000000
core   0: 0x80007428 (0x02e5feb3) remu    t4, a1, a4
core   0: 3 0x80007428 (0x02e5feb3) x29 0x499d1002
core   0: 0x8000742c (0x41055cb3) sra     s9, a0, a6
core   0: 3 0x8000742c (0x41055cb3) x25 0x000002e8
core   0: 0x80007430 (0x022bee33) rem     t3, s7, sp
core   0: 3 0x80007430 (0x022bee33) x28 0xfffffff8
core   0: 0x80007434 (0x0321aab3) mulhsu  s5, gp, s2
core   0: 3 0x80007434 (0x0321aab3) x21 0x00000000
core   0: 0x80007438 (0x4149d613) srai    a2, s3, 20
core   0: 3 0x80007438 (0x4149d613) x12 0xfffff800
core   0: 0x8000743c (0x749df597) auipc   a1, 0x749df
core   0: 3 0x8000743c (0x749df597) x11 0xf49e643c
core   0: 0x80007440 (0x6864a613) slti    a2, s1, 1670
core   0: 3 0x80007440 (0x6864a613) x12 0x00000000
core   0: 0x80007444 (0x03a5fa33) remu    s4, a1, s10
core   0: 3 0x80007444 (0x03a5fa33) x20 0x749e643c
core   0: 0x80007448 (0xee3eed93) ori     s11, t4, -285
core   0: 3 0x80007448 (0xee3eed93) x27 0xfffffee3
core   0: 0x8000744c (0x40170733) sub     a4, a4, ra
core   0: 3 0x8000744c (0x40170733) x14 0xb662775d
core   0: 0x80007450 (0x335d0313) addi    t1, s10, 821
core   0: 3 0x80007450 (0x335d0313) x 6 0x80000335
core   0: 0x80007454 (0x0333e433) rem     s0, t2, s3
core   0: 3 0x80007454 (0x0333e433) x 8 0xffffffff
core   0: 0x80007458 (0x025fecb3) rem     s9, t6, t0
core   0: 3 0x80007458 (0x025fecb3) x25 0x00000000
core   0: 0x8000745c (0x00c152b3) srl     t0, sp, a2
core   0: 3 0x8000745c (0x00c152b3) x 5 0x80014831
core   0: 0x80007460 (0x412fd6b3) sra     a3, t6, s2
core   0: 3 0x80007460 (0x412fd6b3) x13 0x00000000
core   0: 0x80007464 (0x62cbc713) xori    a4, s7, 1580
core   0: 3 0x80007464 (0x62cbc713) x14 0xfffff9d4
core   0: 0x80007468 (0x03c1be33) mulhu   t3, gp, t3
core   0: 3 0x80007468 (0x03c1be33) x28 0x00000000
core   0: 0x8000746c (0xb85bb113) sltiu   sp, s7, -1147
core   0: 3 0x8000746c (0xb85bb113) x 2 0x00000000
core   0: 0x80007470 (0x00bbb333) sltu    t1, s7, a1
core   0: 3 0x80007470 (0x00bbb333) x 6 0x00000000
core   0: 0x80007474 (0x0121dc13) srli    s8, gp, 18
core   0: 3 0x80007474 (0x0121dc13) x24 0x00000000
core   0: 0x80007478 (0xc3286b13) ori     s6, a6, -974
core   0: 3 0x80007478 (0xc3286b13) x22 0xfffffc33
core   0: 0x8000747c (0x021de3b3) rem     t2, s11, ra
core   0: 3 0x8000747c (0x021de3b3) x 7 0xfffffee3
core   0: 0x80007480 (0x2080be13) sltiu   t3, ra, 520
core   0: 3 0x80007480 (0x2080be13) x28 0x00000000
core   0: 0x80007484 (0x03080c33) mul     s8, a6, a6
core   0: 3 0x80007484 (0x03080c33) x24 0x00000001
core   0: 0x80007488 (0x028aeab3) rem     s5, s5, s0
core   0: 3 0x80007488 (0x028aeab3) x21 0x00000000
core   0: 0x8000748c (0x40c20db3) sub     s11, tp, a2
core   0: 3 0x8000748c (0x40c20db3) x27 0x00000000
core   0: 0x80007490 (0xebe98a13) addi    s4, s3, -322
core   0: 3 0x80007490 (0xebe98a13) x20 0x80014d22
core   0: 0x80007494 (0x01230db3) add     s11, t1, s2
core   0: 3 0x80007494 (0x01230db3) x27 0x80014e64
core   0: 0x80007498 (0x5c22b893) sltiu   a7, t0, 1474
core   0: 3 0x80007498 (0x5c22b893) x17 0x00000000
core   0: 0x8000749c (0x00000013) nop
core   0: 3 0x8000749c (0x00000013)
core   0: 0x800074a0 (0x418bd933) sra     s2, s7, s8
core   0: 3 0x800074a0 (0x418bd933) x18 0xfffffffc
core   0: 0x800074a4 (0x406fd193) srai    gp, t6, 6
core   0: 3 0x800074a4 (0x406fd193) x 3 0x00000000
core   0: 0x800074a8 (0xa6f90e93) addi    t4, s2, -1425
core   0: 3 0x800074a8 (0xa6f90e93) x29 0xfffffa6b
core   0: 0x800074ac (0x00a3ec33) or      s8, t2, a0
core   0: 3 0x800074ac (0x00a3ec33) x24 0xfffffff3
core   0: 0x800074b0 (0x368d2913) slti    s2, s10, 872
core   0: 3 0x800074b0 (0x368d2913) x18 0x00000001
core   0: 0x800074b4 (0x60127813) andi    a6, tp, 1537
core   0: 3 0x800074b4 (0x60127813) x16 0x00000000
core   0: 0x800074b8 (0x01372bb3) slt     s7, a4, s3
core   0: 3 0x800074b8 (0x01372bb3) x23 0x00000000
core   0: 0x800074bc (0xec23ea13) ori     s4, t2, -318
core   0: 3 0x800074bc (0xec23ea13) x20 0xfffffee3
core   0: 0x800074c0 (0x40455bb3) sra     s7, a0, tp
core   0: 3 0x800074c0 (0x40455bb3) x23 0x000005d1
core   0: 0x800074c4 (0x01abcfb3) xor     t6, s7, s10
core   0: 3 0x800074c4 (0x01abcfb3) x31 0x800005d1
core   0: 0x800074c8 (0x002d4fb3) xor     t6, s10, sp
core   0: 3 0x800074c8 (0x002d4fb3) x31 0x80000000
core   0: 0x800074cc (0x01c81833) sll     a6, a6, t3
core   0: 3 0x800074cc (0x01c81833) x16 0x00000000
core   0: 0x800074d0 (0xa41a8913) addi    s2, s5, -1471
core   0: 3 0x800074d0 (0xa41a8913) x18 0xfffffa41
core   0: 0x800074d4 (0x0101f633) and     a2, gp, a6
core   0: 3 0x800074d4 (0x0101f633) x12 0x00000000
core   0: 0x800074d8 (0x00722833) slt     a6, tp, t2
core   0: 3 0x800074d8 (0x00722833) x16 0x00000000
core   0: 0x800074dc (0x467bb093) sltiu   ra, s7, 1127
core   0: 3 0x800074dc (0x467bb093) x 1 0x00000000
core   0: 0x800074e0 (0x025decb3) rem     s9, s11, t0
core   0: 3 0x800074e0 (0x025decb3) x25 0x80014e64
core   0: 0x800074e4 (0xd944a013) slti    zero, s1, -620
core   0: 3 0x800074e4 (0xd944a013)
core   0: 0x800074e8 (0x001248b3) xor     a7, tp, ra
core   0: 3 0x800074e8 (0x001248b3) x17 0x00000000
core   0: 0x800074ec (0x406a0c33) sub     s8, s4, t1
core   0: 3 0x800074ec (0x406a0c33) x24 0xfffffee3
core   0: 0x800074f0 (0x90032e93) slti    t4, t1, -1792
core   0: 3 0x800074f0 (0x90032e93) x29 0x00000000
core   0: 0x800074f4 (0xa8568d93) addi    s11, a3, -1403
core   0: 3 0x800074f4 (0xa8568d93) x27 0xfffffa85
core   0: 0x800074f8 (0x020460b3) rem     ra, s0, zero
core   0: 3 0x800074f8 (0x020460b3) x 1 0xffffffff
core   0: 0x800074fc (0x7f713813) sltiu   a6, sp, 2039
core   0: 3 0x800074fc (0x7f713813) x16 0x00000001
core   0: 0x80007500 (0x02331a33) mulh    s4, t1, gp
core   0: 3 0x80007500 (0x02331a33) x20 0x00000000
core   0: 0x80007504 (0x025f6eb3) rem     t4, t5, t0
core   0: 3 0x80007504 (0x025f6eb3) x29 0x80018ce4
core   0: 0x80007508 (0x0158db33) srl     s6, a7, s5
core   0: 3 0x80007508 (0x0158db33) x22 0x00000000
core   0: 0x8000750c (0xc5b5ea93) ori     s5, a1, -933
core   0: 3 0x8000750c (0xc5b5ea93) x21 0xfffffc7f
core   0: 0x80007510 (0xfbb68913) addi    s2, a3, -69
core   0: 3 0x80007510 (0xfbb68913) x18 0xffffffbb
core   0: 0x80007514 (0xf9e82a93) slti    s5, a6, -98
core   0: 3 0x80007514 (0xf9e82a93) x21 0x00000000
core   0: 0x80007518 (0x0035c3b3) xor     t2, a1, gp
core   0: 3 0x80007518 (0x0035c3b3) x 7 0xf49e643c
core   0: 0x8000751c (0x0253f233) remu    tp, t2, t0
core   0: 3 0x8000751c (0x0253f233) x 4 0x749d1c0b
core   0: 0x80007520 (0xa61a7513) andi    a0, s4, -1439
core   0: 3 0x80007520 (0xa61a7513) x10 0x00000000
core   0: 0x80007524 (0x0297a3b3) mulhsu  t2, a5, s1
core   0: 3 0x80007524 (0x0297a3b3) x 7 0x00000000
core   0: 0x80007528 (0x034afeb3) remu    t4, s5, s4
core   0: 3 0x80007528 (0x034afeb3) x29 0x00000000
core   0: 0x8000752c (0x01df1b13) slli    s6, t5, 29
core   0: 3 0x8000752c (0x01df1b13) x22 0x80000000
core   0: 0x80007530 (0x00afefb3) or      t6, t6, a0
core   0: 3 0x80007530 (0x00afefb3) x31 0x80000000
core   0: 0x80007534 (0x025c2933) mulhsu  s2, s8, t0
core   0: 3 0x80007534 (0x025c2933) x18 0xffffff71
core   0: 0x80007538 (0x40775cb3) sra     s9, a4, t2
core   0: 3 0x80007538 (0x40775cb3) x25 0xfffff9d4
core   0: 0x8000753c (0x402807b3) sub     a5, a6, sp
core   0: 3 0x8000753c (0x402807b3) x15 0x00000001
core   0: 0x80007540 (0x0268f8b3) remu    a7, a7, t1
core   0: 3 0x80007540 (0x0268f8b3) x17 0x00000000
core   0: 0x80007544 (0x011ee333) or      t1, t4, a7
core   0: 3 0x80007544 (0x011ee333) x 6 0x00000000
core   0: 0x80007548 (0x01241913) slli    s2, s0, 18
core   0: 3 0x80007548 (0x01241913) x18 0xfffc0000
core   0: 0x8000754c (0x408f0533) sub     a0, t5, s0
core   0: 3 0x8000754c (0x408f0533) x10 0x80018ce5
core   0: 0x80007550 (0x0186a2b3) slt     t0, a3, s8
core   0: 3 0x80007550 (0x0186a2b3) x 5 0x00000000
core   0: 0x80007554 (0x4024d613) srai    a2, s1, 2
core   0: 3 0x80007554 (0x4024d613) x12 0x00004000
core   0: 0x80007558 (0x01ca5b33) srl     s6, s4, t3
core   0: 3 0x80007558 (0x01ca5b33) x22 0x00000000
core   0: 0x8000755c (0x001bf0b3) and     ra, s7, ra
core   0: 3 0x8000755c (0x001bf0b3) x 1 0x000005d1
core   0: 0x80007560 (0x014063b3) or      t2, zero, s4
core   0: 3 0x80007560 (0x014063b3) x 7 0x00000000
core   0: 0x80007564 (0x001e7c33) and     s8, t3, ra
core   0: 3 0x80007564 (0x001e7c33) x24 0x00000000
core   0: 0x80007568 (0xc2ed0e93) addi    t4, s10, -978
core   0: 3 0x80007568 (0xc2ed0e93) x29 0x7ffffc2e
core   0: 0x8000756c (0x03ddcfb3) div     t6, s11, t4
core   0: 3 0x8000756c (0x03ddcfb3) x31 0x00000000
core   0: 0x80007570 (0x037c3bb3) mulhu   s7, s8, s7
core   0: 3 0x80007570 (0x037c3bb3) x23 0x00000000
core   0: 0x80007574 (0x01f6d933) srl     s2, a3, t6
core   0: 3 0x80007574 (0x01f6d933) x18 0x00000000
core   0: 0x80007578 (0x009ef333) and     t1, t4, s1
core   0: 3 0x80007578 (0x009ef333) x 6 0x00010000
core   0: 0x8000757c (0x00eb2db3) slt     s11, s6, a4
core   0: 3 0x8000757c (0x00eb2db3) x27 0x00000000
core   0: 0x80007580 (0x02e3adb3) mulhsu  s11, t2, a4
core   0: 3 0x80007580 (0x02e3adb3) x27 0x00000000
core   0: 0x80007584 (0xa7200413) li      s0, -1422
core   0: 3 0x80007584 (0xa7200413) x 8 0xfffffa72
core   0: 0x80007588 (0x0012df93) srli    t6, t0, 1
core   0: 3 0x80007588 (0x0012df93) x31 0x00000000
core   0: 0x8000758c (0x03c06633) rem     a2, zero, t3
core   0: 3 0x8000758c (0x03c06633) x12 0x00000000
core   0: 0x80007590 (0x2ba8c4b7) lui     s1, 0x2ba8c
core   0: 3 0x80007590 (0x2ba8c4b7) x 9 0x2ba8c000
core   0: 0x80007594 (0xa71cb813) sltiu   a6, s9, -1423
core   0: 3 0x80007594 (0xa71cb813) x16 0x00000001
core   0: 0x80007598 (0x02222ab3) mulhsu  s5, tp, sp
core   0: 3 0x80007598 (0x02222ab3) x21 0x00000000
core   0: 0x8000759c (0x00000013) nop
core   0: 3 0x8000759c (0x00000013)
core   0: 0x800075a0 (0x02ddce33) div     t3, s11, a3
core   0: 3 0x800075a0 (0x02ddce33) x28 0xffffffff
core   0: 0x800075a4 (0x008087b3) add     a5, ra, s0
core   0: 3 0x800075a4 (0x008087b3) x15 0x00000043
core   0: 0x800075a8 (0x002354b3) srl     s1, t1, sp
core   0: 3 0x800075a8 (0x002354b3) x 9 0x00010000
core   0: 0x800075ac (0x4052de33) sra     t3, t0, t0
core   0: 3 0x800075ac (0x4052de33) x28 0x00000000
core   0: 0x800075b0 (0x009e06b3) add     a3, t3, s1
core   0: 3 0x800075b0 (0x009e06b3) x13 0x00010000
core   0: 0x800075b4 (0x03f3f433) remu    s0, t2, t6
core   0: 3 0x800075b4 (0x03f3f433) x 8 0x00000000
core   0: 0x800075b8 (0xf113c813) xori    a6, t2, -239
core   0: 3 0x800075b8 (0xf113c813) x16 0xffffff11
core   0: 0x800075bc (0x4077d393) srai    t2, a5, 7
core   0: 3 0x800075bc (0x4077d393) x 7 0x00000000
core   0: 0x800075c0 (0x42642c13) slti    s8, s0, 1062
core   0: 3 0x800075c0 (0x42642c13) x24 0x00000001
core   0: 0x800075c4 (0x01cc4e33) xor     t3, s8, t3
core   0: 3 0x800075c4 (0x01cc4e33) x28 0x00000001
core   0: 0x800075c8 (0x02510733) mul     a4, sp, t0
core   0: 3 0x800075c8 (0x02510733) x14 0x00000000
core   0: 0x800075cc (0x00e4c833) xor     a6, s1, a4
core   0: 3 0x800075cc (0x00e4c833) x16 0x00010000
core   0: 0x800075d0 (0xb7e3c313) xori    t1, t2, -1154
core   0: 3 0x800075d0 (0xb7e3c313) x 6 0xfffffb7e
core   0: 0x800075d4 (0x03e8bfb3) mulhu   t6, a7, t5
core   0: 3 0x800075d4 (0x03e8bfb3) x31 0x00000000
core   0: 0x800075d8 (0x40205833) sra     a6, zero, sp
core   0: 3 0x800075d8 (0x40205833) x16 0x00000000
core   0: 0x800075dc (0x009e5493) srli    s1, t3, 9
core   0: 3 0x800075dc (0x009e5493) x 9 0x00000000
core   0: 0x800075e0 (0x62b36413) ori     s0, t1, 1579
core   0: 3 0x800075e0 (0x62b36413) x 8 0xffffff7f
core   0: 0x800075e4 (0x00000013) nop
core   0: 3 0x800075e4 (0x00000013)
core   0: 0x800075e8 (0x0219d233) divu    tp, s3, ra
core   0: 3 0x800075e8 (0x0219d233) x 4 0x001601f1
core   0: 0x800075ec (0x00d51cb3) sll     s9, a0, a3
core   0: 3 0x800075ec (0x00d51cb3) x25 0x80018ce5
core   0: 0x800075f0 (0x033af133) remu    sp, s5, s3
core   0: 3 0x800075f0 (0x033af133) x 2 0x00000000
core   0: 0x800075f4 (0x016eaab3) slt     s5, t4, s6
core   0: 3 0x800075f4 (0x016eaab3) x21 0x00000000
core   0: 0x800075f8 (0x03dcd2b3) divu    t0, s9, t4
core   0: 3 0x800075f8 (0x03dcd2b3) x 5 0x00000001
core   0: 0x800075fc (0x0345c233) div     tp, a1, s4
core   0: 3 0x800075fc (0x0345c233) x 4 0xffffffff
core   0: 0x80007600 (0x038a51b3) divu    gp, s4, s8
core   0: 3 0x80007600 (0x038a51b3) x 3 0x00000000
core   0: 0x80007604 (0x0293d733) divu    a4, t2, s1
core   0: 3 0x80007604 (0x0293d733) x14 0xffffffff
core   0: 0x80007608 (0x677fc013) xori    zero, t6, 1655
core   0: 3 0x80007608 (0x677fc013)
core   0: 0x8000760c (0x75267237) lui     tp, 0x75267
core   0: 3 0x8000760c (0x75267237) x 4 0x75267000
core   0: 0x80007610 (0x03f820b3) mulhsu  ra, a6, t6
core   0: 3 0x80007610 (0x03f820b3) x 1 0x00000000
core   0: 0x80007614 (0x40fd01b3) sub     gp, s10, a5
core   0: 3 0x80007614 (0x40fd01b3) x 3 0x7fffffbd
core   0: 0x80007618 (0x037b1233) mulh    tp, s6, s7
core   0: 3 0x80007618 (0x037b1233) x 4 0x00000000
core   0: 0x8000761c (0xa25c2e93) slti    t4, s8, -1499
core   0: 3 0x8000761c (0xa25c2e93) x29 0x00000000
core   0: 0x80007620 (0x012848b3) xor     a7, a6, s2
core   0: 3 0x80007620 (0x012848b3) x17 0x00000000
core   0: 0x80007624 (0x022be5b3) rem     a1, s7, sp
core   0: 3 0x80007624 (0x022be5b3) x11 0x00000000
core   0: 0x80007628 (0x01281a93) slli    s5, a6, 18
core   0: 3 0x80007628 (0x01281a93) x21 0x00000000
core   0: 0x8000762c (0x533c4e93) xori    t4, s8, 1331
core   0: 3 0x8000762c (0x533c4e93) x29 0x00000532
core   0: 0x80007630 (0x024bf433) remu    s0, s7, tp
core   0: 3 0x80007630 (0x024bf433) x 8 0x00000000
core   0: 0x80007634 (0x01a58233) add     tp, a1, s10
core   0: 3 0x80007634 (0x01a58233) x 4 0x80000000
core   0: 0x80007638 (0x00000013) nop
core   0: 3 0x80007638 (0x00000013)
core   0: 0x8000763c (0x409a52b3) sra     t0, s4, s1
core   0: 3 0x8000763c (0x409a52b3) x 5 0x00000000
core   0: 0x80007640 (0x00e7f933) and     s2, a5, a4
core   0: 3 0x80007640 (0x00e7f933) x18 0x00000043
core   0: 0x80007644 (0x00000013) nop
core   0: 3 0x80007644 (0x00000013)
core   0: 0x80007648 (0x40685e13) srai    t3, a6, 6
core   0: 3 0x80007648 (0x40685e13) x28 0x00000000
core   0: 0x8000764c (0x034bfdb3) remu    s11, s7, s4
core   0: 3 0x8000764c (0x034bfdb3) x27 0x00000000
core   0: 0x80007650 (0x022a5db3) divu    s11, s4, sp
core   0: 3 0x80007650 (0x022a5db3) x27 0xffffffff
core   0: 0x80007654 (0x41185133) sra     sp, a6, a7
core   0: 3 0x80007654 (0x41185133) x 2 0x00000000
core   0: 0x80007658 (0x02933433) mulhu   s0, t1, s1
core   0: 3 0x80007658 (0x02933433) x 8 0x00000000
core   0: 0x8000765c (0x022e0433) mul     s0, t3, sp
core   0: 3 0x8000765c (0x022e0433) x 8 0x00000000
core   0: 0x80007660 (0x411187b3) sub     a5, gp, a7
core   0: 3 0x80007660 (0x411187b3) x15 0x7fffffbd
core   0: 0x80007664 (0xeb790f93) addi    t6, s2, -329
core   0: 3 0x80007664 (0xeb790f93) x31 0xfffffefa
core   0: 0x80007668 (0x01022533) slt     a0, tp, a6
core   0: 3 0x80007668 (0x01022533) x10 0x00000001
core   0: 0x8000766c (0x00f6c6b3) xor     a3, a3, a5
core   0: 3 0x8000766c (0x00f6c6b3) x13 0x7ffeffbd
core   0: 0x80007670 (0x03a2bcb3) mulhu   s9, t0, s10
core   0: 3 0x80007670 (0x03a2bcb3) x25 0x00000000
core   0: 0x80007674 (0x002055b3) srl     a1, zero, sp
core   0: 3 0x80007674 (0x002055b3) x11 0x00000000
core   0: 0x80007678 (0x01c22233) slt     tp, tp, t3
core   0: 3 0x80007678 (0x01c22233) x 4 0x00000001
core   0: 0x8000767c (0x017c20b3) slt     ra, s8, s7
core   0: 3 0x8000767c (0x017c20b3) x 1 0x00000000
core   0: 0x80007680 (0x01bbcab3) xor     s5, s7, s11
core   0: 3 0x80007680 (0x01bbcab3) x21 0xffffffff
core   0: 0x80007684 (0x40cdd893) srai    a7, s11, 12
core   0: 3 0x80007684 (0x40cdd893) x17 0xffffffff
core   0: 0x80007688 (0x034310b3) mulh    ra, t1, s4
core   0: 3 0x80007688 (0x034310b3) x 1 0x00000000
core   0: 0x8000768c (0x00000013) nop
core   0: 3 0x8000768c (0x00000013)
core   0: 0x80007690 (0x022b9eb3) mulh    t4, s7, sp
core   0: 3 0x80007690 (0x022b9eb3) x29 0x00000000
core   0: 0x80007694 (0x0131cdb3) xor     s11, gp, s3
core   0: 3 0x80007694 (0x0131cdb3) x27 0xfffeb1d9
core   0: 0x80007698 (0x02efd733) divu    a4, t6, a4
core   0: 3 0x80007698 (0x02efd733) x14 0x00000000
core   0: 0x8000769c (0x416f51b3) sra     gp, t5, s6
core   0: 3 0x8000769c (0x416f51b3) x 3 0x80018ce4
core   0: 0x800076a0 (0x007ec1b3) xor     gp, t4, t2
core   0: 3 0x800076a0 (0x007ec1b3) x 3 0x00000000
core   0: 0x800076a4 (0x03f801b3) mul     gp, a6, t6
core   0: 3 0x800076a4 (0x03f801b3) x 3 0x00000000
core   0: 0x800076a8 (0x41fb5313) srai    t1, s6, 31
core   0: 3 0x800076a8 (0x41fb5313) x 6 0x00000000
core   0: 0x800076ac (0x007017b3) sll     a5, zero, t2
core   0: 3 0x800076ac (0x007017b3) x15 0x00000000
core   0: 0x800076b0 (0x41fb8c33) sub     s8, s7, t6
core   0: 3 0x800076b0 (0x41fb8c33) x24 0x00000106
core   0: 0x800076b4 (0x011ffab3) and     s5, t6, a7
core   0: 3 0x800076b4 (0x011ffab3) x21 0xfffffefa
core   0: 0x800076b8 (0x01099b33) sll     s6, s3, a6
core   0: 3 0x800076b8 (0x01099b33) x22 0x80014e64
core   0: 0x800076bc (0x00f586b3) add     a3, a1, a5
core   0: 3 0x800076bc (0x00f586b3) x13 0x00000000
core   0: 0x800076c0 (0x00045eb3) srl     t4, s0, zero
core   0: 3 0x800076c0 (0x00045eb3) x29 0x00000000
core   0: 0x800076c4 (0x0303f233) remu    tp, t2, a6
core   0: 3 0x800076c4 (0x0303f233) x 4 0x00000000
core   0: 0x800076c8 (0x40240133) sub     sp, s0, sp
core   0: 3 0x800076c8 (0x40240133) x 2 0x00000000
core   0: 0x800076cc (0x01397bb3) and     s7, s2, s3
core   0: 3 0x800076cc (0x01397bb3) x23 0x00000040
core   0: 0x800076d0 (0x02ce6db3) rem     s11, t3, a2
core   0: 3 0x800076d0 (0x02ce6db3) x27 0x00000000
core   0: 0x800076d4 (0x01e6c8b3) xor     a7, a3, t5
core   0: 3 0x800076d4 (0x01e6c8b3) x17 0x80018ce4
core   0: 0x800076d8 (0x019cb6b3) sltu    a3, s9, s9
core   0: 3 0x800076d8 (0x019cb6b3) x13 0x00000000
core   0: 0x800076dc (0x0170c4b3) xor     s1, ra, s7
core   0: 3 0x800076dc (0x0170c4b3) x 9 0x00000040
core   0: 0x800076e0 (0x2126fe13) andi    t3, a3, 530
core   0: 3 0x800076e0 (0x2126fe13) x28 0x00000000
core   0: 0x800076e4 (0x01e085b3) add     a1, ra, t5
core   0: 3 0x800076e4 (0x01e085b3) x11 0x80018ce4
core   0: 0x800076e8 (0x01638933) add     s2, t2, s6
core   0: 3 0x800076e8 (0x01638933) x18 0x80014e64
core   0: 0x800076ec (0x02db9fb3) mulh    t6, s7, a3
core   0: 3 0x800076ec (0x02db9fb3) x31 0x00000000
core   0: 0x800076f0 (0x0232bc33) mulhu   s8, t0, gp
core   0: 3 0x800076f0 (0x0232bc33) x24 0x00000000
core   0: 0x800076f4 (0x027ab6b3) mulhu   a3, s5, t2
core   0: 3 0x800076f4 (0x027ab6b3) x13 0x00000000
core   0: 0x800076f8 (0x03853113) sltiu   sp, a0, 56
core   0: 3 0x800076f8 (0x03853113) x 2 0x00000001
core   0: 0x800076fc (0xe2694313) xori    t1, s2, -474
core   0: 3 0x800076fc (0xe2694313) x 6 0x7ffeb042
core   0: 0x80007700 (0x30e86713) ori     a4, a6, 782
core   0: 3 0x80007700 (0x30e86713) x14 0x0000030e
core   0: 0x80007704 (0x0184fcb3) and     s9, s1, s8
core   0: 3 0x80007704 (0x0184fcb3) x25 0x00000000
core   0: 0x80007708 (0x41d55113) srai    sp, a0, 29
core   0: 3 0x80007708 (0x41d55113) x 2 0x00000000
core   0: 0x8000770c (0x029ad733) divu    a4, s5, s1
core   0: 3 0x8000770c (0x029ad733) x14 0x03fffffb
core   0: 0x80007710 (0x40e653b3) sra     t2, a2, a4
core   0: 3 0x80007710 (0x40e653b3) x 7 0x00000000
core   0: 0x80007714 (0x02d9c033) div     zero, s3, a3
core   0: 3 0x80007714 (0x02d9c033)
core   0: 0x80007718 (0xe37a7db7) lui     s11, 0xe37a7
core   0: 3 0x80007718 (0xe37a7db7) x27 0xe37a7000
core   0: 0x8000771c (0x010e0833) add     a6, t3, a6
core   0: 3 0x8000771c (0x010e0833) x16 0x00000000
core   0: 0x80007720 (0x01166433) or      s0, a2, a7
core   0: 3 0x80007720 (0x01166433) x 8 0x80018ce4
core   0: 0x80007724 (0x8b3d6893) ori     a7, s10, -1869
core   0: 3 0x80007724 (0x8b3d6893) x17 0xfffff8b3
core   0: 0x80007728 (0x00d6fab3) and     s5, a3, a3
core   0: 3 0x80007728 (0x00d6fab3) x21 0x00000000
core   0: 0x8000772c (0x00d615b3) sll     a1, a2, a3
core   0: 3 0x8000772c (0x00d615b3) x11 0x00000000
core   0: 0x80007730 (0xaf150493) addi    s1, a0, -1295
core   0: 3 0x80007730 (0xaf150493) x 9 0xfffffaf2
core   0: 0x80007734 (0x000574b3) and     s1, a0, zero
core   0: 3 0x80007734 (0x000574b3) x 9 0x00000000
core   0: 0x80007738 (0x0219d933) divu    s2, s3, ra
core   0: 3 0x80007738 (0x0219d933) x18 0xffffffff
core   0: 0x8000773c (0x039bafb3) mulhsu  t6, s7, s9
core   0: 3 0x8000773c (0x039bafb3) x31 0x00000000
core   0: 0x80007740 (0x00233633) sltu    a2, t1, sp
core   0: 3 0x80007740 (0x00233633) x12 0x00000000
core   0: 0x80007744 (0x01d65233) srl     tp, a2, t4
core   0: 3 0x80007744 (0x01d65233) x 4 0x00000000
core   0: 0x80007748 (0x08e07d93) andi    s11, zero, 142
core   0: 3 0x80007748 (0x08e07d93) x27 0x00000000
core   0: 0x8000774c (0x85d72f93) slti    t6, a4, -1955
core   0: 3 0x8000774c (0x85d72f93) x31 0x00000000
core   0: 0x80007750 (0x03541733) mulh    a4, s0, s5
core   0: 3 0x80007750 (0x03541733) x14 0x00000000
core   0: 0x80007754 (0x0146e933) or      s2, a3, s4
core   0: 3 0x80007754 (0x0146e933) x18 0x00000000
core   0: 0x80007758 (0x0dc3b693) sltiu   a3, t2, 220
core   0: 3 0x80007758 (0x0dc3b693) x13 0x00000001
core   0: 0x8000775c (0x97d47e93) andi    t4, s0, -1667
core   0: 3 0x8000775c (0x97d47e93) x29 0x80018864
core   0: 0x80007760 (0x0185b633) sltu    a2, a1, s8
core   0: 3 0x80007760 (0x0185b633) x12 0x00000000
core   0: 0x80007764 (0x176b9917) auipc   s2, 0x176b9
core   0: 3 0x80007764 (0x176b9917) x18 0x976c0764
core   0: 0x80007768 (0x695e1897) auipc   a7, 0x695e1
core   0: 3 0x80007768 (0x695e1897) x17 0xe95e8768
core   0: 0x8000776c (0x40295113) srai    sp, s2, 2
core   0: 3 0x8000776c (0x40295113) x 2 0xe5db01d9
core   0: 0x80007770 (0x40530933) sub     s2, t1, t0
core   0: 3 0x80007770 (0x40530933) x18 0x7ffeb042
core   0: 0x80007774 (0x005fa3b3) slt     t2, t6, t0
core   0: 3 0x80007774 (0x005fa3b3) x 7 0x00000000
core   0: 0x80007778 (0x02232033) mulhsu  zero, t1, sp
core   0: 3 0x80007778 (0x02232033)
core   0: 0x8000777c (0xffbac693) xori    a3, s5, -5
core   0: 3 0x8000777c (0xffbac693) x13 0xfffffffb
core   0: 0x80007780 (0x026b4433) div     s0, s6, t1
core   0: 3 0x80007780 (0x026b4433) x 8 0xffffffff
core   0: 0x80007784 (0x03512433) mulhsu  s0, sp, s5
core   0: 3 0x80007784 (0x03512433) x 8 0x00000000
core   0: 0x80007788 (0x00000013) nop
core   0: 3 0x80007788 (0x00000013)
core   0: 0x8000778c (0x0116e1b3) or      gp, a3, a7
core   0: 3 0x8000778c (0x0116e1b3) x 3 0xfffffffb
core   0: 0x80007790 (0x0243a133) mulhsu  sp, t2, tp
core   0: 3 0x80007790 (0x0243a133) x 2 0x00000000
core   0: 0x80007794 (0xddf76913) ori     s2, a4, -545
core   0: 3 0x80007794 (0xddf76913) x18 0xfffffddf
core   0: 0x80007798 (0x409e5d93) srai    s11, t3, 9
core   0: 3 0x80007798 (0x409e5d93) x27 0x00000000
core   0: 0x8000779c (0x41f8db13) srai    s6, a7, 31
core   0: 3 0x8000779c (0x41f8db13) x22 0xffffffff
core   0: 0x800077a0 (0x7efa3117) auipc   sp, 0x7efa3
core   0: 3 0x800077a0 (0x7efa3117) x 2 0xfefaa7a0
core   0: 0x800077a4 (0x02b4ceb3) div     t4, s1, a1
core   0: 3 0x800077a4 (0x02b4ceb3) x29 0xffffffff
core   0: 0x800077a8 (0x037d2533) mulhsu  a0, s10, s7
core   0: 3 0x800077a8 (0x037d2533) x10 0xffffffe0
core   0: 0x800077ac (0x02151333) mulh    t1, a0, ra
core   0: 3 0x800077ac (0x02151333) x 6 0x00000000
core   0: 0x800077b0 (0x030c45b3) div     a1, s8, a6
core   0: 3 0x800077b0 (0x030c45b3) x11 0xffffffff
core   0: 0x800077b4 (0x006c1333) sll     t1, s8, t1
core   0: 3 0x800077b4 (0x006c1333) x 6 0x00000000
core   0: 0x800077b8 (0x03b513b3) mulh    t2, a0, s11
core   0: 3 0x800077b8 (0x03b513b3) x 7 0x00000000
core   0: 0x800077bc (0x01819b13) slli    s6, gp, 24
core   0: 3 0x800077bc (0x01819b13) x22 0xfb000000
core   0: 0x800077c0 (0x0058a3b3) slt     t2, a7, t0
core   0: 3 0x800077c0 (0x0058a3b3) x 7 0x00000001
core   0: 0x800077c4 (0x019037b3) snez    a5, s9
core   0: 3 0x800077c4 (0x019037b3) x15 0x00000000
core   0: 0x800077c8 (0x569ab313) sltiu   t1, s5, 1385
core   0: 3 0x800077c8 (0x569ab313) x 6 0x00000001
core   0: 0x800077cc (0x00e6f5b3) and     a1, a3, a4
core   0: 3 0x800077cc (0x00e6f5b3) x11 0x00000000
core   0: 0x800077d0 (0x0286e933) rem     s2, a3, s0
core   0: 3 0x800077d0 (0x0286e933) x18 0xfffffffb
core   0: 0x800077d4 (0x03361a33) mulh    s4, a2, s3
core   0: 3 0x800077d4 (0x03361a33) x20 0x00000000
core   0: 0x800077d8 (0x00683a33) sltu    s4, a6, t1
core   0: 3 0x800077d8 (0x00683a33) x20 0x00000001
core   0: 0x800077dc (0x0048f433) and     s0, a7, tp
core   0: 3 0x800077dc (0x0048f433) x 8 0x00000000
core   0: 0x800077e0 (0x4186d833) sra     a6, a3, s8
core   0: 3 0x800077e0 (0x4186d833) x16 0xfffffffb
core   0: 0x800077e4 (0x00e1e633) or      a2, gp, a4
core   0: 3 0x800077e4 (0x00e1e633) x12 0xfffffffb
core   0: 0x800077e8 (0x012e9713) slli    a4, t4, 18
core   0: 3 0x800077e8 (0x012e9713) x14 0xfffc0000
core   0: 0x800077ec (0x437beb93) ori     s7, s7, 1079
core   0: 3 0x800077ec (0x437beb93) x23 0x00000477
core   0: 0x800077f0 (0x008b1033) sll     zero, s6, s0
core   0: 3 0x800077f0 (0x008b1033)
core   0: 0x800077f4 (0x03fbf1b3) remu    gp, s7, t6
core   0: 3 0x800077f4 (0x03fbf1b3) x 3 0x00000477
core   0: 0x800077f8 (0x02d33233) mulhu   tp, t1, a3
core   0: 3 0x800077f8 (0x02d33233) x 4 0x00000000
core   0: 0x800077fc (0xd984ed97) auipc   s11, 0xd984e
core   0: 3 0x800077fc (0xd984ed97) x27 0x598557fc
core   0: 0x80007800 (0x003db133) sltu    sp, s11, gp
core   0: 3 0x80007800 (0x003db133) x 2 0x00000000
core   0: 0x80007804 (0x00d0b733) sltu    a4, ra, a3
core   0: 3 0x80007804 (0x00d0b733) x14 0x00000001
core   0: 0x80007808 (0x01330633) add     a2, t1, s3
core   0: 3 0x80007808 (0x01330633) x12 0x80014e65
core   0: 0x8000780c (0x0162c533) xor     a0, t0, s6
core   0: 3 0x8000780c (0x0162c533) x10 0xfb000000
core   0: 0x80007810 (0x4041d393) srai    t2, gp, 4
core   0: 3 0x80007810 (0x4041d393) x 7 0x00000047
core   0: 0x80007814 (0x01459fb3) sll     t6, a1, s4
core   0: 3 0x80007814 (0x01459fb3) x31 0x00000000
core   0: 0x80007818 (0x01a586b3) add     a3, a1, s10
core   0: 3 0x80007818 (0x01a586b3) x13 0x80000000
core   0: 0x8000781c (0x41605cb3) sra     s9, zero, s6
core   0: 3 0x8000781c (0x41605cb3) x25 0x00000000
core   0: 0x80007820 (0x030b3e33) mulhu   t3, s6, a6
core   0: 3 0x80007820 (0x030b3e33) x28 0xfafffffb
core   0: 0x80007824 (0x01362d93) slti    s11, a2, 19
core   0: 3 0x80007824 (0x01362d93) x27 0x00000001
core   0: 0x80007828 (0x01b37533) and     a0, t1, s11
core   0: 3 0x80007828 (0x01b37533) x10 0x00000001
core   0: 0x8000782c (0x00c81e93) slli    t4, a6, 12
core   0: 3 0x8000782c (0x00c81e93) x29 0xffffb000
core   0: 0x80007830 (0x032bdeb3) divu    t4, s7, s2
core   0: 3 0x80007830 (0x032bdeb3) x29 0x00000000
core   0: 0x80007834 (0x1ebf6293) ori     t0, t5, 491
core   0: 3 0x80007834 (0x1ebf6293) x 5 0x80018def
core   0: 0x80007838 (0x76e28e13) addi    t3, t0, 1902
core   0: 3 0x80007838 (0x76e28e13) x28 0x8001955d
core   0: 0x8000783c (0x02e478b3) remu    a7, s0, a4
core   0: 3 0x8000783c (0x02e478b3) x17 0x00000000
core   0: 0x80007840 (0x407183b3) sub     t2, gp, t2
core   0: 3 0x80007840 (0x407183b3) x 7 0x00000430
core   0: 0x80007844 (0x033e7ab3) remu    s5, t3, s3
core   0: 3 0x80007844 (0x033e7ab3) x21 0x000046f9
core   0: 0x80007848 (0x03707333) remu    t1, zero, s7
core   0: 3 0x80007848 (0x03707333) x 6 0x00000000
core   0: 0x8000784c (0x03bc1ab3) mulh    s5, s8, s11
core   0: 3 0x8000784c (0x03bc1ab3) x21 0x00000000
core   0: 0x80007850 (0x026d2133) mulhsu  sp, s10, t1
core   0: 3 0x80007850 (0x026d2133) x 2 0x00000000
core   0: 0x80007854 (0x0375ee33) rem     t3, a1, s7
core   0: 3 0x80007854 (0x0375ee33) x28 0x00000000
core   0: 0x80007858 (0xdf3d8b13) addi    s6, s11, -525
core   0: 3 0x80007858 (0xdf3d8b13) x22 0xfffffdf4
core   0: 0x8000785c (0x03361ab3) mulh    s5, a2, s3
core   0: 3 0x8000785c (0x03361ab3) x21 0x3ffeb19d
core   0: 0x80007860 (0x022a5cb3) divu    s9, s4, sp
core   0: 3 0x80007860 (0x022a5cb3) x25 0xffffffff
core   0: 0x80007864 (0x2190f913) andi    s2, ra, 537
core   0: 3 0x80007864 (0x2190f913) x18 0x00000000
core   0: 0x80007868 (0x024757b3) divu    a5, a4, tp
core   0: 3 0x80007868 (0x024757b3) x15 0xffffffff
core   0: 0x8000786c (0x0332beb3) mulhu   t4, t0, s3
core   0: 3 0x8000786c (0x0332beb3) x29 0x40016e2b
core   0: 0x80007870 (0x00359133) sll     sp, a1, gp
core   0: 3 0x80007870 (0x00359133) x 2 0x00000000
core   0: 0x80007874 (0x408cd693) srai    a3, s9, 8
core   0: 3 0x80007874 (0x408cd693) x13 0xffffffff
core   0: 0x80007878 (0x005b4ab3) xor     s5, s6, t0
core   0: 3 0x80007878 (0x005b4ab3) x21 0x7ffe701b
core   0: 0x8000787c (0x00dcd193) srli    gp, s9, 13
core   0: 3 0x8000787c (0x00dcd193) x 3 0x0007ffff
core   0: 0x80007880 (0x404a0d93) addi    s11, s4, 1028
core   0: 3 0x80007880 (0x404a0d93) x27 0x00000405
core   0: 0x80007884 (0x3aacb213) sltiu   tp, s9, 938
core   0: 3 0x80007884 (0x3aacb213) x 4 0x00000000
core   0: 0x80007888 (0x4185de13) srai    t3, a1, 24
core   0: 3 0x80007888 (0x4185de13) x28 0x00000000
core   0: 0x8000788c (0xe3d57e13) andi    t3, a0, -451
core   0: 3 0x8000788c (0xe3d57e13) x28 0x00000001
core   0: 0x80007890 (0x028c1833) mulh    a6, s8, s0
core   0: 3 0x80007890 (0x028c1833) x16 0x00000000
core   0: 0x80007894 (0x01970333) add     t1, a4, s9
core   0: 3 0x80007894 (0x01970333) x 6 0x00000000
core   0: 0x80007898 (0x0347c833) div     a6, a5, s4
core   0: 3 0x80007898 (0x0347c833) x16 0xffffffff
core   0: 0x8000789c (0x41ffd633) sra     a2, t6, t6
core   0: 3 0x8000789c (0x41ffd633) x12 0x00000000
core   0: 0x800078a0 (0x0057d193) srli    gp, a5, 5
core   0: 3 0x800078a0 (0x0057d193) x 3 0x07ffffff
core   0: 0x800078a4 (0x867cca13) xori    s4, s9, -1945
core   0: 3 0x800078a4 (0x867cca13) x20 0x00000798
core   0: 0x800078a8 (0x03c2a833) mulhsu  a6, t0, t3
core   0: 3 0x800078a8 (0x03c2a833) x16 0xffffffff
core   0: 0x800078ac (0x01694fb3) xor     t6, s2, s6
core   0: 3 0x800078ac (0x01694fb3) x31 0xfffffdf4
core   0: 0x800078b0 (0x00e9de33) srl     t3, s3, a4
core   0: 3 0x800078b0 (0x00e9de33) x28 0x4000a732
core   0: 0x800078b4 (0x01283fb3) sltu    t6, a6, s2
core   0: 3 0x800078b4 (0x01283fb3) x31 0x00000000
core   0: 0x800078b8 (0x0324ec33) rem     s8, s1, s2
core   0: 3 0x800078b8 (0x0324ec33) x24 0x00000000
core   0: 0x800078bc (0x03f111b3) mulh    gp, sp, t6
core   0: 3 0x800078bc (0x03f111b3) x 3 0x00000000
core   0: 0x800078c0 (0x01a4abb3) slt     s7, s1, s10
core   0: 3 0x800078c0 (0x01a4abb3) x23 0x00000000
core   0: 0x800078c4 (0xf7f731b7) lui     gp, 0xf7f73
core   0: 3 0x800078c4 (0xf7f731b7) x 3 0xf7f73000
core   0: 0x800078c8 (0x008b1b93) slli    s7, s6, 8
core   0: 3 0x800078c8 (0x008b1b93) x23 0xfffdf400
core   0: 0x800078cc (0x41b5de13) srai    t3, a1, 27
core   0: 3 0x800078cc (0x41b5de13) x28 0x00000000
core   0: 0x800078d0 (0x00351933) sll     s2, a0, gp
core   0: 3 0x800078d0 (0x00351933) x18 0x00000001
core   0: 0x800078d4 (0x0052b933) sltu    s2, t0, t0
core   0: 3 0x800078d4 (0x0052b933) x18 0x00000000
core   0: 0x800078d8 (0x00000013) nop
core   0: 3 0x800078d8 (0x00000013)
core   0: 0x800078dc (0x0137cfb3) xor     t6, a5, s3
core   0: 3 0x800078dc (0x0137cfb3) x31 0x7ffeb19b
core   0: 0x800078e0 (0x41cb86b3) sub     a3, s7, t3
core   0: 3 0x800078e0 (0x41cb86b3) x13 0xfffdf400
core   0: 0x800078e4 (0xd7cd7c93) andi    s9, s10, -644
core   0: 3 0x800078e4 (0xd7cd7c93) x25 0x80000000
core   0: 0x800078e8 (0x032a4ab3) div     s5, s4, s2
core   0: 3 0x800078e8 (0x032a4ab3) x21 0xffffffff
core   0: 0x800078ec (0x01607733) and     a4, zero, s6
core   0: 3 0x800078ec (0x01607733) x14 0x00000000
core   0: 0x800078f0 (0x00e02633) slt     a2, zero, a4
core   0: 3 0x800078f0 (0x00e02633) x12 0x00000000
core   0: 0x800078f4 (0xd2653d93) sltiu   s11, a0, -730
core   0: 3 0x800078f4 (0xd2653d93) x27 0x00000001
core   0: 0x800078f8 (0x001cb533) sltu    a0, s9, ra
core   0: 3 0x800078f8 (0x001cb533) x10 0x00000000
core   0: 0x800078fc (0x40235f93) srai    t6, t1, 2
core   0: 3 0x800078fc (0x40235f93) x31 0x00000000
core   0: 0x80007900 (0x2169be97) auipc   t4, 0x2169b
core   0: 3 0x80007900 (0x2169be97) x29 0xa16a2900
core   0: 0x80007904 (0x703d8b93) addi    s7, s11, 1795
core   0: 3 0x80007904 (0x703d8b93) x23 0x00000704
core   0: 0x80007908 (0x0074dd93) srli    s11, s1, 7
core   0: 3 0x80007908 (0x0074dd93) x27 0x00000000
core   0: 0x8000790c (0x02cb50b3) divu    ra, s6, a2
core   0: 3 0x8000790c (0x02cb50b3) x 1 0xffffffff
core   0: 0x80007910 (0x01e96fb3) or      t6, s2, t5
core   0: 3 0x80007910 (0x01e96fb3) x31 0x80018ce4
core   0: 0x80007914 (0x02db45b3) div     a1, s6, a3
core   0: 3 0x80007914 (0x02db45b3) x11 0x00000000
core   0: 0x80007918 (0xb5e17f93) andi    t6, sp, -1186
core   0: 3 0x80007918 (0xb5e17f93) x31 0x00000000
core   0: 0x8000791c (0x03bba7b3) mulhsu  a5, s7, s11
core   0: 3 0x8000791c (0x03bba7b3) x15 0x00000000
core   0: 0x80007920 (0x41250333) sub     t1, a0, s2
core   0: 3 0x80007920 (0x41250333) x 6 0x00000000
core   0: 0x80007924 (0x3807a393) slti    t2, a5, 896
core   0: 3 0x80007924 (0x3807a393) x 7 0x00000001
core   0: 0x80007928 (0x03d35cb3) divu    s9, t1, t4
core   0: 3 0x80007928 (0x03d35cb3) x25 0x00000000
core   0: 0x8000792c (0x0190eeb3) or      t4, ra, s9
core   0: 3 0x8000792c (0x0190eeb3) x29 0xffffffff
core   0: 0x80007930 (0x8a744137) lui     sp, 0x8a744
core   0: 3 0x80007930 (0x8a744137) x 2 0x8a744000
core   0: 0x80007934 (0x03fa01b3) mul     gp, s4, t6
core   0: 3 0x80007934 (0x03fa01b3) x 3 0x00000000
core   0: 0x80007938 (0x01fa7bb3) and     s7, s4, t6
core   0: 3 0x80007938 (0x01fa7bb3) x23 0x00000000
core   0: 0x8000793c (0x00b2f533) and     a0, t0, a1
core   0: 3 0x8000793c (0x00b2f533) x10 0x00000000
core   0: 0x80007940 (0x40c65013) srai    zero, a2, 12
core   0: 3 0x80007940 (0x40c65013)
core   0: 0x80007944 (0x01aa57b3) srl     a5, s4, s10
core   0: 3 0x80007944 (0x01aa57b3) x15 0x00000798
core   0: 0x80007948 (0x00115933) srl     s2, sp, ra
core   0: 3 0x80007948 (0x00115933) x18 0x00000001
core   0: 0x8000794c (0x03f254b3) divu    s1, tp, t6
core   0: 3 0x8000794c (0x03f254b3) x 9 0xffffffff
core   0: 0x80007950 (0x02401cb3) mulh    s9, zero, tp
core   0: 3 0x80007950 (0x02401cb3) x25 0x00000000
core   0: 0x80007954 (0x01d12233) slt     tp, sp, t4
core   0: 3 0x80007954 (0x01d12233) x 4 0x00000001
core   0: 0x80007958 (0x8e168717) auipc   a4, 0x8e168
core   0: 3 0x80007958 (0x8e168717) x14 0x0e16f958
core   0: 0x8000795c (0x0111a733) slt     a4, gp, a7
core   0: 3 0x8000795c (0x0111a733) x14 0x00000000
core   0: 0x80007960 (0x01b965b3) or      a1, s2, s11
core   0: 3 0x80007960 (0x01b965b3) x11 0x00000001
core   0: 0x80007964 (0x0224b733) mulhu   a4, s1, sp
core   0: 3 0x80007964 (0x0224b733) x14 0x8a743fff
core   0: 0x80007968 (0x40e65bb3) sra     s7, a2, a4
core   0: 3 0x80007968 (0x40e65bb3) x23 0x00000000
core   0: 0x8000796c (0x00f75d93) srli    s11, a4, 15
core   0: 3 0x8000796c (0x00f75d93) x27 0x000114e8
core   0: 0x80007970 (0x0274d1b3) divu    gp, s1, t2
core   0: 3 0x80007970 (0x0274d1b3) x 3 0xffffffff
core   0: 0x80007974 (0x01fd3bb3) sltu    s7, s10, t6
core   0: 3 0x80007974 (0x01fd3bb3) x23 0x00000000
core   0: 0x80007978 (0x0056edb3) or      s11, a3, t0
core   0: 3 0x80007978 (0x0056edb3) x27 0xfffdfdef
core   0: 0x8000797c (0x7bccce13) xori    t3, s9, 1980
core   0: 3 0x8000797c (0x7bccce13) x28 0x000007bc
core   0: 0x80007980 (0xd5ce0e37) lui     t3, 0xd5ce0
core   0: 3 0x80007980 (0xd5ce0e37) x28 0xd5ce0000
core   0: 0x80007984 (0x024de433) rem     s0, s11, tp
core   0: 3 0x80007984 (0x024de433) x 8 0x00000000
core   0: 0x80007988 (0x3e41e113) ori     sp, gp, 996
core   0: 3 0x80007988 (0x3e41e113) x 2 0xffffffff
core   0: 0x8000798c (0x00bbc0b3) xor     ra, s7, a1
core   0: 3 0x8000798c (0x00bbc0b3) x 1 0x00000001
core   0: 0x80007990 (0xb2e37e17) auipc   t3, 0xb2e37
core   0: 3 0x80007990 (0xb2e37e17) x28 0x32e3e990
core   0: 0x80007994 (0x01f1fbb3) and     s7, gp, t6
core   0: 3 0x80007994 (0x01f1fbb3) x23 0x00000000
core   0: 0x80007998 (0x410f8233) sub     tp, t6, a6
core   0: 3 0x80007998 (0x410f8233) x 4 0x00000001
core   0: 0x8000799c (0x412c0db3) sub     s11, s8, s2
core   0: 3 0x8000799c (0x412c0db3) x27 0xffffffff
core   0: 0x800079a0 (0x01001093) slli    ra, zero, 16
core   0: 3 0x800079a0 (0x01001093) x 1 0x00000000
core   0: 0x800079a4 (0x02a49633) mulh    a2, s1, a0
core   0: 3 0x800079a4 (0x02a49633) x12 0x00000000
core   0: 0x800079a8 (0x00b0bdb3) sltu    s11, ra, a1
core   0: 3 0x800079a8 (0x00b0bdb3) x27 0x00000001
core   0: 0x800079ac (0x00000013) nop
core   0: 3 0x800079ac (0x00000013)
core   0: 0x800079b0 (0x011b5a33) srl     s4, s6, a7
core   0: 3 0x800079b0 (0x011b5a33) x20 0xfffffdf4
core   0: 0x800079b4 (0xefbdf813) andi    a6, s11, -261
core   0: 3 0x800079b4 (0xefbdf813) x16 0x00000001
core   0: 0x800079b8 (0x01210233) add     tp, sp, s2
core   0: 3 0x800079b8 (0x01210233) x 4 0x00000000
core   0: 0x800079bc (0x6fa8c293) xori    t0, a7, 1786
core   0: 3 0x800079bc (0x6fa8c293) x 5 0x000006fa
core   0: 0x800079c0 (0x021f6333) rem     t1, t5, ra
core   0: 3 0x800079c0 (0x021f6333) x 6 0x80018ce4
core   0: 0x800079c4 (0x02fe1533) mulh    a0, t3, a5
core   0: 3 0x800079c4 (0x02fe1533) x10 0x00000182
core   0: 0x800079c8 (0x03109a33) mulh    s4, ra, a7
core   0: 3 0x800079c8 (0x03109a33) x20 0x00000000
core   0: 0x800079cc (0x02d55933) divu    s2, a0, a3
core   0: 3 0x800079cc (0x02d55933) x18 0x00000000
core   0: 0x800079d0 (0x415a56b3) sra     a3, s4, s5
core   0: 3 0x800079d0 (0x415a56b3) x13 0x00000000
core   0: 0x800079d4 (0x036ae6b3) rem     a3, s5, s6
core   0: 3 0x800079d4 (0x036ae6b3) x13 0xffffffff
core   0: 0x800079d8 (0x97af0793) addi    a5, t5, -1670
core   0: 3 0x800079d8 (0x97af0793) x15 0x8001865e
core   0: 0x800079dc (0x527e2b93) slti    s7, t3, 1319
core   0: 3 0x800079dc (0x527e2b93) x23 0x00000000
core   0: 0x800079e0 (0x1bbe0013) addi    zero, t3, 443
core   0: 3 0x800079e0 (0x1bbe0013)
core   0: 0x800079e4 (0xa1aac693) xori    a3, s5, -1510
core   0: 3 0x800079e4 (0xa1aac693) x13 0x000005e5
core   0: 0x800079e8 (0x02b9a8b3) mulhsu  a7, s3, a1
core   0: 3 0x800079e8 (0x02b9a8b3) x17 0xffffffff
core   0: 0x800079ec (0x0325f733) remu    a4, a1, s2
core   0: 3 0x800079ec (0x0325f733) x14 0x00000001
core   0: 0x800079f0 (0x4ed0e6b7) lui     a3, 0x4ed0e
core   0: 3 0x800079f0 (0x4ed0e6b7) x13 0x4ed0e000
core   0: 0x800079f4 (0x02409133) mulh    sp, ra, tp
core   0: 3 0x800079f4 (0x02409133) x 2 0x00000000
core   0: 0x800079f8 (0x1945fc93) andi    s9, a1, 404
core   0: 3 0x800079f8 (0x1945fc93) x25 0x00000000
core   0: 0x800079fc (0x037c60b3) rem     ra, s8, s7
core   0: 3 0x800079fc (0x037c60b3) x 1 0x00000000
core   0: 0x80007a00 (0x002c9e33) sll     t3, s9, sp
core   0: 3 0x80007a00 (0x002c9e33) x28 0x00000000
core   0: 0x80007a04 (0xb837ac93) slti    s9, a5, -1149
core   0: 3 0x80007a04 (0xb837ac93) x25 0x00000001
core   0: 0x80007a08 (0x06d1e193) ori     gp, gp, 109
core   0: 3 0x80007a08 (0x06d1e193) x 3 0xffffffff
core   0: 0x80007a0c (0x036f1eb3) mulh    t4, t5, s6
core   0: 3 0x80007a0c (0x036f1eb3) x29 0x00000105
core   0: 0x80007a10 (0x0380e933) rem     s2, ra, s8
core   0: 3 0x80007a10 (0x0380e933) x18 0x00000000
core   0: 0x80007a14 (0x01543133) sltu    sp, s0, s5
core   0: 3 0x80007a14 (0x01543133) x 2 0x00000001
core   0: 0x80007a18 (0x467ff237) lui     tp, 0x467ff
core   0: 3 0x80007a18 (0x467ff237) x 4 0x467ff000
core   0: 0x80007a1c (0x9e313213) sltiu   tp, sp, -1565
core   0: 3 0x80007a1c (0x9e313213) x 4 0x00000001
core   0: 0x80007a20 (0x03afd133) divu    sp, t6, s10
core   0: 3 0x80007a20 (0x03afd133) x 2 0x00000000
core   0: 0x80007a24 (0x5d9c8b93) addi    s7, s9, 1497
core   0: 3 0x80007a24 (0x5d9c8b93) x23 0x000005da
core   0: 0x80007a28 (0x3e6c0e93) addi    t4, s8, 998
core   0: 3 0x80007a28 (0x3e6c0e93) x29 0x000003e6
core   0: 0x80007a2c (0xff7d7d93) andi    s11, s10, -9
core   0: 3 0x80007a2c (0xff7d7d93) x27 0x80000000
core   0: 0x80007a30 (0x03505fb3) divu    t6, zero, s5
core   0: 3 0x80007a30 (0x03505fb3) x31 0x00000000
core   0: 0x80007a34 (0x01705193) srli    gp, zero, 23
core   0: 3 0x80007a34 (0x01705193) x 3 0x00000000
core   0: 0x80007a38 (0x015e01b3) add     gp, t3, s5
core   0: 3 0x80007a38 (0x015e01b3) x 3 0xffffffff
core   0: 0x80007a3c (0x40d85893) srai    a7, a6, 13
core   0: 3 0x80007a3c (0x40d85893) x17 0x00000000
core   0: 0x80007a40 (0x01802433) slt     s0, zero, s8
core   0: 3 0x80007a40 (0x01802433) x 8 0x00000000
core   0: 0x80007a44 (0x02e5f4b3) remu    s1, a1, a4
core   0: 3 0x80007a44 (0x02e5f4b3) x 9 0x00000000
core   0: 0x80007a48 (0x00000013) nop
core   0: 3 0x80007a48 (0x00000013)
core   0: 0x80007a4c (0x41495733) sra     a4, s2, s4
core   0: 3 0x80007a4c (0x41495733) x14 0x00000000
core   0: 0x80007a50 (0x00bc7db3) and     s11, s8, a1
core   0: 3 0x80007a50 (0x00bc7db3) x27 0x00000000
core   0: 0x80007a54 (0x43533213) sltiu   tp, t1, 1077
core   0: 3 0x80007a54 (0x43533213) x 4 0x00000000
core   0: 0x80007a58 (0xf8130113) addi    sp, t1, -127
core   0: 3 0x80007a58 (0xf8130113) x 2 0x80018c65
core   0: 0x80007a5c (0x02828b33) mul     s6, t0, s0
core   0: 3 0x80007a5c (0x02828b33) x22 0x00000000
core   0: 0x80007a60 (0x01c513b3) sll     t2, a0, t3
core   0: 3 0x80007a60 (0x01c513b3) x 7 0x00000182
core   0: 0x80007a64 (0x00cfbab3) sltu    s5, t6, a2
core   0: 3 0x80007a64 (0x00cfbab3) x21 0x00000000
core   0: 0x80007a68 (0x000d5113) srli    sp, s10, 0
core   0: 3 0x80007a68 (0x000d5113) x 2 0x80000000
core   0: 0x80007a6c (0x5c17dd97) auipc   s11, 0x5c17d
core   0: 3 0x80007a6c (0x5c17dd97) x27 0xdc184a6c
core   0: 0x80007a70 (0x40f204b3) sub     s1, tp, a5
core   0: 3 0x80007a70 (0x40f204b3) x 9 0x7ffe79a2
core   0: 0x80007a74 (0x1ccb4093) xori    ra, s6, 460
core   0: 3 0x80007a74 (0x1ccb4093) x 1 0x000001cc
core   0: 0x80007a78 (0x01850833) add     a6, a0, s8
core   0: 3 0x80007a78 (0x01850833) x16 0x00000182
core   0: 0x80007a7c (0x00992a33) slt     s4, s2, s1
core   0: 3 0x80007a7c (0x00992a33) x20 0x00000001
core   0: 0x80007a80 (0x41d884b3) sub     s1, a7, t4
core   0: 3 0x80007a80 (0x41d884b3) x 9 0xfffffc1a
core   0: 0x80007a84 (0x034658b3) divu    a7, a2, s4
core   0: 3 0x80007a84 (0x034658b3) x17 0x00000000
core   0: 0x80007a88 (0x01a1bbb3) sltu    s7, gp, s10
core   0: 3 0x80007a88 (0x01a1bbb3) x23 0x00000000
core   0: 0x80007a8c (0x7e368c13) addi    s8, a3, 2019
core   0: 3 0x80007a8c (0x7e368c13) x24 0x4ed0e7e3
core   0: 0x80007a90 (0x03015cb3) divu    s9, sp, a6
core   0: 3 0x80007a90 (0x03015cb3) x25 0x0054e425
core   0: 0x80007a94 (0x03f39eb3) mulh    t4, t2, t6
core   0: 3 0x80007a94 (0x03f39eb3) x29 0x00000000
core   0: 0x80007a98 (0x038ada33) divu    s4, s5, s8
core   0: 3 0x80007a98 (0x038ada33) x20 0x00000000
core   0: 0x80007a9c (0x00a25fb3) srl     t6, tp, a0
core   0: 3 0x80007a9c (0x00a25fb3) x31 0x00000000
core   0: 0x80007aa0 (0xf7b57e13) andi    t3, a0, -133
core   0: 3 0x80007aa0 (0xf7b57e13) x28 0x00000102
core   0: 0x80007aa4 (0xdf1c8113) addi    sp, s9, -527
core   0: 3 0x80007aa4 (0xdf1c8113) x 2 0x0054e216
core   0: 0x80007aa8 (0x2742c513) xori    a0, t0, 628
core   0: 3 0x80007aa8 (0x2742c513) x10 0x0000048e
core   0: 0x80007aac (0x00000013) nop
core   0: 3 0x80007aac (0x00000013)
core   0: 0x80007ab0 (0x00000013) nop
core   0: 3 0x80007ab0 (0x00000013)
core   0: 0x80007ab4 (0x02d5a2b3) mulhsu  t0, a1, a3
core   0: 3 0x80007ab4 (0x02d5a2b3) x 5 0x00000000
core   0: 0x80007ab8 (0x01579613) slli    a2, a5, 21
core   0: 3 0x80007ab8 (0x01579613) x12 0xcbc00000
core   0: 0x80007abc (0x03fbcab3) div     s5, s7, t6
core   0: 3 0x80007abc (0x03fbcab3) x21 0xffffffff
core   0: 0x80007ac0 (0x40085913) srai    s2, a6, 0
core   0: 3 0x80007ac0 (0x40085913) x18 0x00000182
core   0: 0x80007ac4 (0x037b76b3) remu    a3, s6, s7
core   0: 3 0x80007ac4 (0x037b76b3) x13 0x00000000
core   0: 0x80007ac8 (0xd912cb13) xori    s6, t0, -623
core   0: 3 0x80007ac8 (0xd912cb13) x22 0xfffffd91
core   0: 0x80007acc (0x41625233) sra     tp, tp, s6
core   0: 3 0x80007acc (0x41625233) x 4 0x00000000
core   0: 0x80007ad0 (0x18484c93) xori    s9, a6, 388
core   0: 3 0x80007ad0 (0x18484c93) x25 0x00000006
core   0: 0x80007ad4 (0x025b07b3) mul     a5, s6, t0
core   0: 3 0x80007ad4 (0x025b07b3) x15 0x00000000
core   0: 0x80007ad8 (0x02029133) mulh    sp, t0, zero
core   0: 3 0x80007ad8 (0x02029133) x 2 0x00000000
core   0: 0x80007adc (0x41ff5933) sra     s2, t5, t6
core   0: 3 0x80007adc (0x41ff5933) x18 0x80018ce4
core   0: 0x80007ae0 (0xb2a2e813) ori     a6, t0, -1238
core   0: 3 0x80007ae0 (0xb2a2e813) x16 0xfffffb2a
core   0: 0x80007ae4 (0x00b15b13) srli    s6, sp, 11
core   0: 3 0x80007ae4 (0x00b15b13) x22 0x00000000
core   0: 0x80007ae8 (0x40dcdbb3) sra     s7, s9, a3
core   0: 3 0x80007ae8 (0x40dcdbb3) x23 0x00000006
core   0: 0x80007aec (0x02d75c33) divu    s8, a4, a3
core   0: 3 0x80007aec (0x02d75c33) x24 0xffffffff
core   0: 0x80007af0 (0x00ca7933) and     s2, s4, a2
core   0: 3 0x80007af0 (0x00ca7933) x18 0x00000000
core   0: 0x80007af4 (0x449e8b13) addi    s6, t4, 1097
core   0: 3 0x80007af4 (0x449e8b13) x22 0x00000449
core   0: 0x80007af8 (0xba453293) sltiu   t0, a0, -1116
core   0: 3 0x80007af8 (0xba453293) x 5 0x00000001
core   0: 0x80007afc (0x01be91b3) sll     gp, t4, s11
core   0: 3 0x80007afc (0x01be91b3) x 3 0x00000000
core   0: 0x80007b00 (0x00253a33) sltu    s4, a0, sp
core   0: 3 0x80007b00 (0x00253a33) x20 0x00000000
core   0: 0x80007b04 (0x03a66db3) rem     s11, a2, s10
core   0: 3 0x80007b04 (0x03a66db3) x27 0xcbc00000
core   0: 0x80007b08 (0x034cbcb3) mulhu   s9, s9, s4
core   0: 3 0x80007b08 (0x034cbcb3) x25 0x00000000
core   0: 0x80007b0c (0x02485833) divu    a6, a6, tp
core   0: 3 0x80007b0c (0x02485833) x16 0xffffffff
core   0: 0x80007b10 (0x03d35c33) divu    s8, t1, t4
core   0: 3 0x80007b10 (0x03d35c33) x24 0xffffffff
core   0: 0x80007b14 (0x03df0333) mul     t1, t5, t4
core   0: 3 0x80007b14 (0x03df0333) x 6 0x00000000
core   0: 0x80007b18 (0xcc576c37) lui     s8, 0xcc576
core   0: 3 0x80007b18 (0xcc576c37) x24 0xcc576000
core   0: 0x80007b1c (0x00b1a5b3) slt     a1, gp, a1
core   0: 3 0x80007b1c (0x00b1a5b3) x11 0x00000001
core   0: 0x80007b20 (0x4060d5b3) sra     a1, ra, t1
core   0: 3 0x80007b20 (0x4060d5b3) x11 0x000001cc
core   0: 0x80007b24 (0x40638833) sub     a6, t2, t1
core   0: 3 0x80007b24 (0x40638833) x16 0x00000182
core   0: 0x80007b28 (0x011e1d93) slli    s11, t3, 17
core   0: 3 0x80007b28 (0x011e1d93) x27 0x02040000
core   0: 0x80007b2c (0x00d0cbb3) xor     s7, ra, a3
core   0: 3 0x80007b2c (0x00d0cbb3) x23 0x000001cc
core   0: 0x80007b30 (0x014fe5b3) or      a1, t6, s4
core   0: 3 0x80007b30 (0x014fe5b3) x11 0x00000000
core   0: 0x80007b34 (0x03c63933) mulhu   s2, a2, t3
core   0: 3 0x80007b34 (0x03c63933) x18 0x000000cd
core   0: 0x80007b38 (0x039f4cb3) div     s9, t5, s9
core   0: 3 0x80007b38 (0x039f4cb3) x25 0xffffffff
core   0: 0x80007b3c (0x017630b3) sltu    ra, a2, s7
core   0: 3 0x80007b3c (0x017630b3) x 1 0x00000000
core   0: 0x80007b40 (0x028d36b3) mulhu   a3, s10, s0
core   0: 3 0x80007b40 (0x028d36b3) x13 0x00000000
core   0: 0x80007b44 (0xc0db3093) sltiu   ra, s6, -1011
core   0: 3 0x80007b44 (0xc0db3093) x 1 0x00000001
core   0: 0x80007b48 (0x40607bb7) lui     s7, 0x40607
core   0: 3 0x80007b48 (0x40607bb7) x23 0x40607000
core   0: 0x80007b4c (0x469ab013) sltiu   zero, s5, 1129
core   0: 3 0x80007b4c (0x469ab013)
core   0: 0x80007b50 (0x7d0d2013) slti    zero, s10, 2000
core   0: 3 0x80007b50 (0x7d0d2013)
core   0: 0x80007b54 (0x03c4aeb3) mulhsu  t4, s1, t3
core   0: 3 0x80007b54 (0x03c4aeb3) x29 0xffffffff
core   0: 0x80007b58 (0x03eaa8b3) mulhsu  a7, s5, t5
core   0: 3 0x80007b58 (0x03eaa8b3) x17 0xffffffff
core   0: 0x80007b5c (0x0a98e813) ori     a6, a7, 169
core   0: 3 0x80007b5c (0x0a98e813) x16 0xffffffff
core   0: 0x80007b60 (0x0264e8b3) rem     a7, s1, t1
core   0: 3 0x80007b60 (0x0264e8b3) x17 0xfffffc1a
core   0: 0x80007b64 (0x02529c33) mulh    s8, t0, t0
core   0: 3 0x80007b64 (0x02529c33) x24 0x00000000
core   0: 0x80007b68 (0x907b2c93) slti    s9, s6, -1785
core   0: 3 0x80007b68 (0x907b2c93) x25 0x00000000
core   0: 0x80007b6c (0x03113e33) mulhu   t3, sp, a7
core   0: 3 0x80007b6c (0x03113e33) x28 0x00000000
core   0: 0x80007b70 (0x01654bb3) xor     s7, a0, s6
core   0: 3 0x80007b70 (0x01654bb3) x23 0x000000c7
core   0: 0x80007b74 (0x005bd013) srli    zero, s7, 5
core   0: 3 0x80007b74 (0x005bd013)
core   0: 0x80007b78 (0x01a2fe33) and     t3, t0, s10
core   0: 3 0x80007b78 (0x01a2fe33) x28 0x00000000
core   0: 0x80007b7c (0x01d12533) slt     a0, sp, t4
core   0: 3 0x80007b7c (0x01d12533) x10 0x00000000
core   0: 0x80007b80 (0x029a2533) mulhsu  a0, s4, s1
core   0: 3 0x80007b80 (0x029a2533) x10 0x00000000
core   0: 0x80007b84 (0x03891333) mulh    t1, s2, s8
core   0: 3 0x80007b84 (0x03891333) x 6 0x00000000
core   0: 0x80007b88 (0x03b1b1b3) mulhu   gp, gp, s11
core   0: 3 0x80007b88 (0x03b1b1b3) x 3 0x00000000
core   0: 0x80007b8c (0x401282b3) sub     t0, t0, ra
core   0: 3 0x80007b8c (0x401282b3) x 5 0x00000000
core   0: 0x80007b90 (0xc59e2e13) slti    t3, t3, -935
core   0: 3 0x80007b90 (0xc59e2e13) x28 0x00000000
core   0: 0x80007b94 (0x8eadaf93) slti    t6, s11, -1814
core   0: 3 0x80007b94 (0x8eadaf93) x31 0x00000000
core   0: 0x80007b98 (0x007addb3) srl     s11, s5, t2
core   0: 3 0x80007b98 (0x007addb3) x27 0x3fffffff
core   0: 0x80007b9c (0x00bba933) slt     s2, s7, a1
core   0: 3 0x80007b9c (0x00bba933) x18 0x00000000
core   0: 0x80007ba0 (0x023b51b3) divu    gp, s6, gp
core   0: 3 0x80007ba0 (0x023b51b3) x 3 0xffffffff
core   0: 0x80007ba4 (0x00000013) nop
core   0: 3 0x80007ba4 (0x00000013)
core   0: 0x80007ba8 (0xea69b793) sltiu   a5, s3, -346
core   0: 3 0x80007ba8 (0xea69b793) x15 0x00000001
core   0: 0x80007bac (0x02c1d3b3) divu    t2, gp, a2
core   0: 3 0x80007bac (0x02c1d3b3) x 7 0x00000001
core   0: 0x80007bb0 (0x01f40033) add     zero, s0, t6
core   0: 3 0x80007bb0 (0x01f40033)
core   0: 0x80007bb4 (0x82592613) slti    a2, s2, -2011
core   0: 3 0x80007bb4 (0x82592613) x12 0x00000000
core   0: 0x80007bb8 (0xf623ba13) sltiu   s4, t2, -158
core   0: 3 0x80007bb8 (0xf623ba13) x20 0x00000001
core   0: 0x80007bbc (0x02de5fb3) divu    t6, t3, a3
core   0: 3 0x80007bbc (0x02de5fb3) x31 0xffffffff
core   0: 0x80007bc0 (0x403d0c33) sub     s8, s10, gp
core   0: 3 0x80007bc0 (0x403d0c33) x24 0x80000001
core   0: 0x80007bc4 (0x00000013) nop
core   0: 3 0x80007bc4 (0x00000013)
core   0: 0x80007bc8 (0x01fcbbb3) sltu    s7, s9, t6
core   0: 3 0x80007bc8 (0x01fcbbb3) x23 0x00000001
core   0: 0x80007bcc (0x00000013) nop
core   0: 3 0x80007bcc (0x00000013)
core   0: 0x80007bd0 (0x5a185497) auipc   s1, 0x5a185
core   0: 3 0x80007bd0 (0x5a185497) x 9 0xda18cbd0
core   0: 0x80007bd4 (0x01eb93b3) sll     t2, s7, t5
core   0: 3 0x80007bd4 (0x01eb93b3) x 7 0x00000010
core   0: 0x80007bd8 (0x03728a33) mul     s4, t0, s7
core   0: 3 0x80007bd8 (0x03728a33) x20 0x00000000
core   0: 0x80007bdc (0x03188833) mul     a6, a7, a7
core   0: 3 0x80007bdc (0x03188833) x16 0x000f32a4
core   0: 0x80007be0 (0xf6905717) auipc   a4, 0xf6905
core   0: 3 0x80007be0 (0xf6905717) x14 0x7690cbe0
core   0: 0x80007be4 (0x8a96a113) slti    sp, a3, -1879
core   0: 3 0x80007be4 (0x8a96a113) x 2 0x00000000
core   0: 0x80007be8 (0xa8e37a13) andi    s4, t1, -1394
core   0: 3 0x80007be8 (0xa8e37a13) x20 0x00000000
core   0: 0x80007bec (0x00683133) sltu    sp, a6, t1
core   0: 3 0x80007bec (0x00683133) x 2 0x00000000
core   0: 0x80007bf0 (0x03b45033) divu    zero, s0, s11
core   0: 3 0x80007bf0 (0x03b45033)
core   0: 0x80007bf4 (0x40ccda13) srai    s4, s9, 12
core   0: 3 0x80007bf4 (0x40ccda13) x20 0x00000000
core   0: 0x80007bf8 (0x412c86b3) sub     a3, s9, s2
core   0: 3 0x80007bf8 (0x412c86b3) x13 0x00000000
core   0: 0x80007bfc (0x03e0dc33) divu    s8, ra, t5
core   0: 3 0x80007bfc (0x03e0dc33) x24 0x00000000
core   0: 0x80007c00 (0x011eadb3) slt     s11, t4, a7
core   0: 3 0x80007c00 (0x011eadb3) x27 0x00000000
core   0: 0x80007c04 (0x000a9a13) slli    s4, s5, 0
core   0: 3 0x80007c04 (0x000a9a13) x20 0xffffffff
core   0: 0x80007c08 (0x40768b33) sub     s6, a3, t2
core   0: 3 0x80007c08 (0x40768b33) x22 0xfffffff0
core   0: 0x80007c0c (0x00499493) slli    s1, s3, 4
core   0: 3 0x80007c0c (0x00499493) x 9 0x0014e640
core   0: 0x80007c10 (0x0230adb3) mulhsu  s11, ra, gp
core   0: 3 0x80007c10 (0x0230adb3) x27 0x00000000
core   0: 0x80007c14 (0x02bc33b3) mulhu   t2, s8, a1
core   0: 3 0x80007c14 (0x02bc33b3) x 7 0x00000000
core   0: 0x80007c18 (0x011ea4b3) slt     s1, t4, a7
core   0: 3 0x80007c18 (0x011ea4b3) x 9 0x00000000
core   0: 0x80007c1c (0x704bf693) andi    a3, s7, 1796
core   0: 3 0x80007c1c (0x704bf693) x13 0x00000000
core   0: 0x80007c20 (0x0047e933) or      s2, a5, tp
core   0: 3 0x80007c20 (0x0047e933) x18 0x00000001
core   0: 0x80007c24 (0xb30092b7) lui     t0, 0xb3009
core   0: 3 0x80007c24 (0xb30092b7) x 5 0xb3009000
core   0: 0x80007c28 (0x0324c733) div     a4, s1, s2
core   0: 3 0x80007c28 (0x0324c733) x14 0x00000000
core   0: 0x80007c2c (0x02234933) div     s2, t1, sp
core   0: 3 0x80007c2c (0x02234933) x18 0xffffffff
core   0: 0x80007c30 (0x01b145b3) xor     a1, sp, s11
core   0: 3 0x80007c30 (0x01b145b3) x11 0x00000000
core   0: 0x80007c34 (0x02a9b8b3) mulhu   a7, s3, a0
core   0: 3 0x80007c34 (0x02a9b8b3) x17 0x00000000
core   0: 0x80007c38 (0x4188d313) srai    t1, a7, 24
core   0: 3 0x80007c38 (0x4188d313) x 6 0x00000000
core   0: 0x80007c3c (0x0106bfb3) sltu    t6, a3, a6
core   0: 3 0x80007c3c (0x0106bfb3) x31 0x00000001
core   0: 0x80007c40 (0x01da1033) sll     zero, s4, t4
core   0: 3 0x80007c40 (0x01da1033)
core   0: 0x80007c44 (0x02dda8b3) mulhsu  a7, s11, a3
core   0: 3 0x80007c44 (0x02dda8b3) x17 0x00000000
core   0: 0x80007c48 (0x57707797) auipc   a5, 0x57707
core   0: 3 0x80007c48 (0x57707797) x15 0xd770ec48
core   0: 0x80007c4c (0x00bc5c33) srl     s8, s8, a1
core   0: 3 0x80007c4c (0x00bc5c33) x24 0x00000000
core   0: 0x80007c50 (0x02bec333) div     t1, t4, a1
core   0: 3 0x80007c50 (0x02bec333) x 6 0xffffffff
core   0: 0x80007c54 (0x4117de33) sra     t3, a5, a7
core   0: 3 0x80007c54 (0x4117de33) x28 0xd770ec48
core   0: 0x80007c58 (0x01614db3) xor     s11, sp, s6
core   0: 3 0x80007c58 (0x01614db3) x27 0xfffffff0
core   0: 0x80007c5c (0x02634333) div     t1, t1, t1
core   0: 3 0x80007c5c (0x02634333) x 6 0x00000001
core   0: 0x80007c60 (0xad953e37) lui     t3, 0xad953
core   0: 3 0x80007c60 (0xad953e37) x28 0xad953000
core   0: 0x80007c64 (0x7bdebc93) sltiu   s9, t4, 1981
core   0: 3 0x80007c64 (0x7bdebc93) x25 0x00000000
core   0: 0x80007c68 (0x008493b3) sll     t2, s1, s0
core   0: 3 0x80007c68 (0x008493b3) x 7 0x00000000
core   0: 0x80007c6c (0x00569213) slli    tp, a3, 5
core   0: 3 0x80007c6c (0x00569213) x 4 0x00000000
core   0: 0x80007c70 (0x08c5bd93) sltiu   s11, a1, 140
core   0: 3 0x80007c70 (0x08c5bd93) x27 0x00000001
core   0: 0x80007c74 (0x469ccb93) xori    s7, s9, 1129
core   0: 3 0x80007c74 (0x469ccb93) x23 0x00000469
core   0: 0x80007c78 (0x02c4e3b3) rem     t2, s1, a2
core   0: 3 0x80007c78 (0x02c4e3b3) x 7 0x00000000
core   0: 0x80007c7c (0x026c5233) divu    tp, s8, t1
core   0: 3 0x80007c7c (0x026c5233) x 4 0x00000000
core   0: 0x80007c80 (0x01b65a93) srli    s5, a2, 27
core   0: 3 0x80007c80 (0x01b65a93) x21 0x00000000
core   0: 0x80007c84 (0x1b04ea13) ori     s4, s1, 432
core   0: 3 0x80007c84 (0x1b04ea13) x20 0x000001b0
core   0: 0x80007c88 (0x02534eb3) div     t4, t1, t0
core   0: 3 0x80007c88 (0x02534eb3) x29 0x00000000
core   0: 0x80007c8c (0x0044e8b3) or      a7, s1, tp
core   0: 3 0x80007c8c (0x0044e8b3) x17 0x00000000
core   0: 0x80007c90 (0x1b4b8893) addi    a7, s7, 436
core   0: 3 0x80007c90 (0x1b4b8893) x17 0x0000061d
core   0: 0x80007c94 (0xb6ae7113) andi    sp, t3, -1174
core   0: 3 0x80007c94 (0xb6ae7113) x 2 0xad953000
core   0: 0x80007c98 (0x0386deb3) divu    t4, a3, s8
core   0: 3 0x80007c98 (0x0386deb3) x29 0xffffffff
core   0: 0x80007c9c (0x001deab3) or      s5, s11, ra
core   0: 3 0x80007c9c (0x001deab3) x21 0x00000001
core   0: 0x80007ca0 (0x036a7433) remu    s0, s4, s6
core   0: 3 0x80007ca0 (0x036a7433) x 8 0x000001b0
core   0: 0x80007ca4 (0x4e434c13) xori    s8, t1, 1252
core   0: 3 0x80007ca4 (0x4e434c13) x24 0x000004e5
core   0: 0x80007ca8 (0x01137333) and     t1, t1, a7
core   0: 3 0x80007ca8 (0x01137333) x 6 0x00000001
core   0: 0x80007cac (0x020d4ab3) div     s5, s10, zero
core   0: 3 0x80007cac (0x020d4ab3) x21 0xffffffff
core   0: 0x80007cb0 (0x21119317) auipc   t1, 0x21119
core   0: 3 0x80007cb0 (0x21119317) x 6 0xa1120cb0
core   0: 0x80007cb4 (0x03a44933) div     s2, s0, s10
core   0: 3 0x80007cb4 (0x03a44933) x18 0x00000000
core   0: 0x80007cb8 (0x0101ab33) slt     s6, gp, a6
core   0: 3 0x80007cb8 (0x0101ab33) x22 0x00000001
core   0: 0x80007cbc (0x019b1333) sll     t1, s6, s9
core   0: 3 0x80007cbc (0x019b1333) x 6 0x00000001
core   0: 0x80007cc0 (0x016c5193) srli    gp, s8, 22
core   0: 3 0x80007cc0 (0x016c5193) x 3 0x00000000
core   0: 0x80007cc4 (0x41485b13) srai    s6, a6, 20
core   0: 3 0x80007cc4 (0x41485b13) x22 0x00000000
core   0: 0x80007cc8 (0x41e98a33) sub     s4, s3, t5
core   0: 3 0x80007cc8 (0x41e98a33) x20 0xffffc180
core   0: 0x80007ccc (0x039eab33) mulhsu  s6, t4, s9
core   0: 3 0x80007ccc (0x039eab33) x22 0x00000000
core   0: 0x80007cd0 (0xfd08da37) lui     s4, 0xfd08d
core   0: 3 0x80007cd0 (0xfd08da37) x20 0xfd08d000
core   0: 0x80007cd4 (0x6a847bb7) lui     s7, 0x6a847
core   0: 3 0x80007cd4 (0x6a847bb7) x23 0x6a847000
core   0: 0x80007cd8 (0x038da233) mulhsu  tp, s11, s8
core   0: 3 0x80007cd8 (0x038da233) x 4 0x00000000
core   0: 0x80007cdc (0x41b8db33) sra     s6, a7, s11
core   0: 3 0x80007cdc (0x41b8db33) x22 0x0000030e
core   0: 0x80007ce0 (0x01561833) sll     a6, a2, s5
core   0: 3 0x80007ce0 (0x01561833) x16 0x00000000
core   0: 0x80007ce4 (0x00ab18b3) sll     a7, s6, a0
core   0: 3 0x80007ce4 (0x00ab18b3) x17 0x0000030e
core   0: 0x80007ce8 (0x01aea133) slt     sp, t4, s10
core   0: 3 0x80007ce8 (0x01aea133) x 2 0x00000000
core   0: 0x80007cec (0x001664b3) or      s1, a2, ra
core   0: 3 0x80007cec (0x001664b3) x 9 0x00000001
core   0: 0x80007cf0 (0x014bea33) or      s4, s7, s4
core   0: 3 0x80007cf0 (0x014bea33) x20 0xff8cf000
core   0: 0x80007cf4 (0x00000013) nop
core   0: 3 0x80007cf4 (0x00000013)
core   0: 0x80007cf8 (0xd12b6393) ori     t2, s6, -750
core   0: 3 0x80007cf8 (0xd12b6393) x 7 0xffffff1e
core   0: 0x80007cfc (0x01ce4fb3) xor     t6, t3, t3
core   0: 3 0x80007cfc (0x01ce4fb3) x31 0x00000000
core   0: 0x80007d00 (0x010c22b3) slt     t0, s8, a6
core   0: 3 0x80007d00 (0x010c22b3) x 5 0x00000000
core   0: 0x80007d04 (0x025e0db3) mul     s11, t3, t0
core   0: 3 0x80007d04 (0x025e0db3) x27 0x00000000
core   0: 0x80007d08 (0x4e6a2893) slti    a7, s4, 1254
core   0: 3 0x80007d08 (0x4e6a2893) x17 0x00000001
core   0: 0x80007d0c (0x02cf9bb3) mulh    s7, t6, a2
core   0: 3 0x80007d0c (0x02cf9bb3) x23 0x00000000
core   0: 0x80007d10 (0x97552c93) slti    s9, a0, -1675
core   0: 3 0x80007d10 (0x97552c93) x25 0x00000000
core   0: 0x80007d14 (0xf19b6e13) ori     t3, s6, -231
core   0: 3 0x80007d14 (0xf19b6e13) x28 0xffffff1f
core   0: 0x80007d18 (0x02b28bb3) mul     s7, t0, a1
core   0: 3 0x80007d18 (0x02b28bb3) x23 0x00000000
core   0: 0x80007d1c (0x41ce0133) sub     sp, t3, t3
core   0: 3 0x80007d1c (0x41ce0133) x 2 0x00000000
core   0: 0x80007d20 (0x014536b3) sltu    a3, a0, s4
core   0: 3 0x80007d20 (0x014536b3) x13 0x00000001
core   0: 0x80007d24 (0x03bf5e33) divu    t3, t5, s11
core   0: 3 0x80007d24 (0x03bf5e33) x28 0xffffffff
core   0: 0x80007d28 (0x00000013) nop
core   0: 3 0x80007d28 (0x00000013)
core   0: 0x80007d2c (0x03a4c7b3) div     a5, s1, s10
core   0: 3 0x80007d2c (0x03a4c7b3) x15 0x00000000
core   0: 0x80007d30 (0x00a557b3) srl     a5, a0, a0
core   0: 3 0x80007d30 (0x00a557b3) x15 0x00000000
core   0: 0x80007d34 (0x02a99333) mulh    t1, s3, a0
core   0: 3 0x80007d34 (0x02a99333) x 6 0x00000000
core   0: 0x80007d38 (0x5b390493) addi    s1, s2, 1459
core   0: 3 0x80007d38 (0x5b390493) x 9 0x000005b3
core   0: 0x80007d3c (0x00728233) add     tp, t0, t2
core   0: 3 0x80007d3c (0x00728233) x 4 0xffffff1e
core   0: 0x80007d40 (0x011462b3) or      t0, s0, a7
core   0: 3 0x80007d40 (0x011462b3) x 5 0x000001b1
core   0: 0x80007d44 (0x027965b3) rem     a1, s2, t2
core   0: 3 0x80007d44 (0x027965b3) x11 0x00000000
core   0: 0x80007d48 (0x00b27633) and     a2, tp, a1
core   0: 3 0x80007d48 (0x00b27633) x12 0x00000000
core   0: 0x80007d4c (0x013e1cb3) sll     s9, t3, s3
core   0: 3 0x80007d4c (0x013e1cb3) x25 0xfffffff0
core   0: 0x80007d50 (0x038f5ab3) divu    s5, t5, s8
core   0: 3 0x80007d50 (0x038f5ab3) x21 0x001a2722
core   0: 0x80007d54 (0x024d1db3) mulh    s11, s10, tp
core   0: 3 0x80007d54 (0x024d1db3) x27 0x00000071
core   0: 0x80007d58 (0x63bd2713) slti    a4, s10, 1595
core   0: 3 0x80007d58 (0x63bd2713) x14 0x00000001
core   0: 0x80007d5c (0x7b2c8b93) addi    s7, s9, 1970
core   0: 3 0x80007d5c (0x7b2c8b93) x23 0x000007a2
core   0: 0x80007d60 (0x033ad1b3) divu    gp, s5, s3
core   0: 3 0x80007d60 (0x033ad1b3) x 3 0x00000000
core   0: 0x80007d64 (0x0097d113) srli    sp, a5, 9
core   0: 3 0x80007d64 (0x0097d113) x 2 0x00000000
core   0: 0x80007d68 (0x01b5b733) sltu    a4, a1, s11
core   0: 3 0x80007d68 (0x01b5b733) x14 0x00000001
core   0: 0x80007d6c (0x02d4f8b3) remu    a7, s1, a3
core   0: 3 0x80007d6c (0x02d4f8b3) x17 0x00000000
core   0: 0x80007d70 (0x0217e733) rem     a4, a5, ra
core   0: 3 0x80007d70 (0x0217e733) x14 0x00000000
core   0: 0x80007d74 (0x00cd2eb3) slt     t4, s10, a2
core   0: 3 0x80007d74 (0x00cd2eb3) x29 0x00000001
core   0: 0x80007d78 (0x0bcecb13) xori    s6, t4, 188
core   0: 3 0x80007d78 (0x0bcecb13) x22 0x000000bd
core   0: 0x80007d7c (0x030d9e33) mulh    t3, s11, a6
core   0: 3 0x80007d7c (0x030d9e33) x28 0x00000000
core   0: 0x80007d80 (0x404383b3) sub     t2, t2, tp
core   0: 3 0x80007d80 (0x404383b3) x 7 0x00000000
core   0: 0x80007d84 (0x03bc4e33) div     t3, s8, s11
core   0: 3 0x80007d84 (0x03bc4e33) x28 0x0000000b
core   0: 0x80007d88 (0x4bea8537) lui     a0, 0x4bea8
core   0: 3 0x80007d88 (0x4bea8537) x10 0x4bea8000
core   0: 0x80007d8c (0x01ce8633) add     a2, t4, t3
core   0: 3 0x80007d8c (0x01ce8633) x12 0x0000000c
core   0: 0x80007d90 (0x9d7d7693) andi    a3, s10, -1577
core   0: 3 0x80007d90 (0x9d7d7693) x13 0x80000000
core   0: 0x80007d94 (0x41490833) sub     a6, s2, s4
core   0: 3 0x80007d94 (0x41490833) x16 0x00731000
core   0: 0x80007d98 (0x4e244817) auipc   a6, 0x4e244
core   0: 3 0x80007d98 (0x4e244817) x16 0xce24bd98
core   0: 0x80007d9c (0x03335633) divu    a2, t1, s3
core   0: 3 0x80007d9c (0x03335633) x12 0x00000000
core   0: 0x80007da0 (0xc737f413) andi    s0, a5, -909
core   0: 3 0x80007da0 (0xc737f413) x 8 0x00000000
core   0: 0x80007da4 (0x01a0e233) or      tp, ra, s10
core   0: 3 0x80007da4 (0x01a0e233) x 4 0x80000001
core   0: 0x80007da8 (0x039e8db3) mul     s11, t4, s9
core   0: 3 0x80007da8 (0x039e8db3) x27 0xfffffff0
core   0: 0x80007dac (0x03f46333) rem     t1, s0, t6
core   0: 3 0x80007dac (0x03f46333) x 6 0x00000000
core   0: 0x80007db0 (0x0185d3b3) srl     t2, a1, s8
core   0: 3 0x80007db0 (0x0185d3b3) x 7 0x00000000
core   0: 0x80007db4 (0x0188cb33) xor     s6, a7, s8
core   0: 3 0x80007db4 (0x0188cb33) x22 0x000004e5
core   0: 0x80007db8 (0x009b46b3) xor     a3, s6, s1
core   0: 3 0x80007db8 (0x009b46b3) x13 0x00000156
core   0: 0x80007dbc (0x32cc60b7) lui     ra, 0x32cc6
core   0: 3 0x80007dbc (0x32cc60b7) x 1 0x32cc6000
core   0: 0x80007dc0 (0x0397f433) remu    s0, a5, s9
core   0: 3 0x80007dc0 (0x0397f433) x 8 0x00000000
core   0: 0x80007dc4 (0x31193713) sltiu   a4, s2, 785
core   0: 3 0x80007dc4 (0x31193713) x14 0x00000001
core   0: 0x80007dc8 (0x028aaeb3) mulhsu  t4, s5, s0
core   0: 3 0x80007dc8 (0x028aaeb3) x29 0x00000000
core   0: 0x80007dcc (0x0302c2b3) div     t0, t0, a6
core   0: 3 0x80007dcc (0x0302c2b3) x 5 0x00000000
core   0: 0x80007dd0 (0x40dd6f93) ori     t6, s10, 1037
core   0: 3 0x80007dd0 (0x40dd6f93) x31 0x8000040d
core   0: 0x80007dd4 (0x017e2833) slt     a6, t3, s7
core   0: 3 0x80007dd4 (0x017e2833) x16 0x00000001
core   0: 0x80007dd8 (0x0cef6c13) ori     s8, t5, 206
core   0: 3 0x80007dd8 (0x0cef6c13) x24 0x80018cee
core   0: 0x80007ddc (0xa398e593) ori     a1, a7, -1479
core   0: 3 0x80007ddc (0xa398e593) x11 0xfffffa39
core   0: 0x80007de0 (0x41d888b3) sub     a7, a7, t4
core   0: 3 0x80007de0 (0x41d888b3) x17 0x00000000
core   0: 0x80007de4 (0x00540133) add     sp, s0, t0
core   0: 3 0x80007de4 (0x00540133) x 2 0x00000000
core   0: 0x80007de8 (0x03949433) mulh    s0, s1, s9
core   0: 3 0x80007de8 (0x03949433) x 8 0xffffffff
core   0: 0x80007dec (0x01807633) and     a2, zero, s8
core   0: 3 0x80007dec (0x01807633) x12 0x00000000
core   0: 0x80007df0 (0x00746b33) or      s6, s0, t2
core   0: 3 0x80007df0 (0x00746b33) x22 0xffffffff
core   0: 0x80007df4 (0x00000013) nop
core   0: 3 0x80007df4 (0x00000013)
core   0: 0x80007df8 (0x00000013) nop
core   0: 3 0x80007df8 (0x00000013)
core   0: 0x80007dfc (0x41595c33) sra     s8, s2, s5
core   0: 3 0x80007dfc (0x41595c33) x24 0x00000000
core   0: 0x80007e00 (0x021fcab3) div     s5, t6, ra
core   0: 3 0x80007e00 (0x021fcab3) x21 0xfffffffe
core   0: 0x80007e04 (0x00e4a4b3) slt     s1, s1, a4
core   0: 3 0x80007e04 (0x00e4a4b3) x 9 0x00000000
core   0: 0x80007e08 (0x03b4e233) rem     tp, s1, s11
core   0: 3 0x80007e08 (0x03b4e233) x 4 0x00000000
core   0: 0x80007e0c (0x00000013) nop
core   0: 3 0x80007e0c (0x00000013)
core   0: 0x80007e10 (0x406b5713) srai    a4, s6, 6
core   0: 3 0x80007e10 (0x406b5713) x14 0xffffffff
core   0: 0x80007e14 (0x726b5437) lui     s0, 0x726b5
core   0: 3 0x80007e14 (0x726b5437) x 8 0x726b5000
core   0: 0x80007e18 (0x00e20833) add     a6, tp, a4
core   0: 3 0x80007e18 (0x00e20833) x16 0xffffffff
core   0: 0x80007e1c (0x021b1db3) mulh    s11, s6, ra
core   0: 3 0x80007e1c (0x021b1db3) x27 0xffffffff
core   0: 0x80007e20 (0x294a3f93) sltiu   t6, s4, 660
core   0: 3 0x80007e20 (0x294a3f93) x31 0x00000000
core   0: 0x80007e24 (0x40f3d593) srai    a1, t2, 15
core   0: 3 0x80007e24 (0x40f3d593) x11 0x00000000
core   0: 0x80007e28 (0x0127feb3) and     t4, a5, s2
core   0: 3 0x80007e28 (0x0127feb3) x29 0x00000000
core   0: 0x80007e2c (0x01e12fb3) slt     t6, sp, t5
core   0: 3 0x80007e2c (0x01e12fb3) x31 0x00000000
core   0: 0x80007e30 (0x6b668913) addi    s2, a3, 1718
core   0: 3 0x80007e30 (0x6b668913) x18 0x0000080c
core   0: 0x80007e34 (0x03ea1733) mulh    a4, s4, t5
core   0: 3 0x80007e34 (0x03ea1733) x14 0x0039874d
core   0: 0x80007e38 (0x01a2d733) srl     a4, t0, s10
core   0: 3 0x80007e38 (0x01a2d733) x14 0x00000000
core   0: 0x80007e3c (0x00dcffb3) and     t6, s9, a3
core   0: 3 0x80007e3c (0x00dcffb3) x31 0x00000150
core   0: 0x80007e40 (0x00000013) nop
core   0: 3 0x80007e40 (0x00000013)
core   0: 0x80007e44 (0x41ac81b3) sub     gp, s9, s10
core   0: 3 0x80007e44 (0x41ac81b3) x 3 0x7ffffff0
core   0: 0x80007e48 (0x002edab3) srl     s5, t4, sp
core   0: 3 0x80007e48 (0x002edab3) x21 0x00000000
core   0: 0x80007e4c (0xf74ae593) ori     a1, s5, -140
core   0: 3 0x80007e4c (0xf74ae593) x11 0xffffff74
core   0: 0x80007e50 (0x03e6a633) mulhsu  a2, a3, t5
core   0: 3 0x80007e50 (0x03e6a633) x12 0x000000ab
core   0: 0x80007e54 (0x02b20fb3) mul     t6, tp, a1
core   0: 3 0x80007e54 (0x02b20fb3) x31 0x00000000
core   0: 0x80007e58 (0x017553b3) srl     t2, a0, s7
core   0: 3 0x80007e58 (0x017553b3) x 7 0x12faa000
core   0: 0x80007e5c (0x00779933) sll     s2, a5, t2
core   0: 3 0x80007e5c (0x00779933) x18 0x00000000
core   0: 0x80007e60 (0x00635db3) srl     s11, t1, t1
core   0: 3 0x80007e60 (0x00635db3) x27 0x00000000
core   0: 0x80007e64 (0x03280eb3) mul     t4, a6, s2
core   0: 3 0x80007e64 (0x03280eb3) x29 0x00000000
core   0: 0x80007e68 (0x020708b3) mul     a7, a4, zero
core   0: 3 0x80007e68 (0x020708b3) x17 0x00000000
core   0: 0x80007e6c (0x008d3c33) sltu    s8, s10, s0
core   0: 3 0x80007e6c (0x008d3c33) x24 0x00000000
core   0: 0x80007e70 (0x02aa8fb3) mul     t6, s5, a0
core   0: 3 0x80007e70 (0x02aa8fb3) x31 0x00000000
core   0: 0x80007e74 (0x5e293b13) sltiu   s6, s2, 1506
core   0: 3 0x80007e74 (0x5e293b13) x22 0x00000001
core   0: 0x80007e78 (0x560c7513) andi    a0, s8, 1376
core   0: 3 0x80007e78 (0x560c7513) x10 0x00000000
core   0: 0x80007e7c (0x01492833) slt     a6, s2, s4
core   0: 3 0x80007e7c (0x01492833) x16 0x00000000
core   0: 0x80007e80 (0x00000013) nop
core   0: 3 0x80007e80 (0x00000013)
core   0: 0x80007e84 (0x012e3533) sltu    a0, t3, s2
core   0: 3 0x80007e84 (0x012e3533) x10 0x00000000
core   0: 0x80007e88 (0x7e1e8513) addi    a0, t4, 2017
core   0: 3 0x80007e88 (0x7e1e8513) x10 0x000007e1
core   0: 0x80007e8c (0x440971b7) lui     gp, 0x44097
core   0: 3 0x80007e8c (0x440971b7) x 3 0x44097000
core   0: 0x80007e90 (0x2ad13413) sltiu   s0, sp, 685
core   0: 3 0x80007e90 (0x2ad13413) x 8 0x00000001
core   0: 0x80007e94 (0x80a9fe13) andi    t3, s3, -2038
core   0: 3 0x80007e94 (0x80a9fe13) x28 0x80014800
core   0: 0x80007e98 (0x48ea0c13) addi    s8, s4, 1166
core   0: 3 0x80007e98 (0x48ea0c13) x24 0xff8cf48e
core   0: 0x80007e9c (0x00307833) and     a6, zero, gp
core   0: 3 0x80007e9c (0x00307833) x16 0x00000000
core   0: 0x80007ea0 (0x02be3e33) mulhu   t3, t3, a1
core   0: 3 0x80007ea0 (0x02be3e33) x28 0x800147b9
core   0: 0x80007ea4 (0x2062a3b7) lui     t2, 0x2062a
core   0: 3 0x80007ea4 (0x2062a3b7) x 7 0x2062a000
core   0: 0x80007ea8 (0x5f958e97) auipc   t4, 0x5f958
core   0: 3 0x80007ea8 (0x5f958e97) x29 0xdf95fea8
core   0: 0x80007eac (0x003e2d93) slti    s11, t3, 3
core   0: 3 0x80007eac (0x003e2d93) x27 0x00000001
core   0: 0x80007eb0 (0x01caf6b3) and     a3, s5, t3
core   0: 3 0x80007eb0 (0x01caf6b3) x13 0x00000000
core   0: 0x80007eb4 (0x02d4d533) divu    a0, s1, a3
core   0: 3 0x80007eb4 (0x02d4d533) x10 0xffffffff
core   0: 0x80007eb8 (0x2445bf93) sltiu   t6, a1, 580
core   0: 3 0x80007eb8 (0x2445bf93) x31 0x00000000
core   0: 0x80007ebc (0x03c87433) remu    s0, a6, t3
core   0: 3 0x80007ebc (0x03c87433) x 8 0x00000000
core   0: 0x80007ec0 (0x40b003b3) sub     t2, zero, a1
core   0: 3 0x80007ec0 (0x40b003b3) x 7 0x0000008c
core   0: 0x80007ec4 (0xe236f413) andi    s0, a3, -477
core   0: 3 0x80007ec4 (0xe236f413) x 8 0x00000000
core   0: 0x80007ec8 (0xdccf3613) sltiu   a2, t5, -564
core   0: 3 0x80007ec8 (0xdccf3613) x12 0x00000001
core   0: 0x80007ecc (0x405788b3) sub     a7, a5, t0
core   0: 3 0x80007ecc (0x405788b3) x17 0x00000000
core   0: 0x80007ed0 (0x024a5733) divu    a4, s4, tp
core   0: 3 0x80007ed0 (0x024a5733) x14 0xffffffff
core   0: 0x80007ed4 (0x408b82b3) sub     t0, s7, s0
core   0: 3 0x80007ed4 (0x408b82b3) x 5 0x000007a2
core   0: 0x80007ed8 (0x01b27333) and     t1, tp, s11
core   0: 3 0x80007ed8 (0x01b27333) x 6 0x00000000
core   0: 0x80007edc (0x010e1093) slli    ra, t3, 16
core   0: 3 0x80007edc (0x010e1093) x 1 0x47b90000
core   0: 0x80007ee0 (0x140df813) andi    a6, s11, 320
core   0: 3 0x80007ee0 (0x140df813) x16 0x00000000
core   0: 0x80007ee4 (0x4775aa93) slti    s5, a1, 1143
core   0: 3 0x80007ee4 (0x4775aa93) x21 0x00000001
core   0: 0x80007ee8 (0x033bcb33) div     s6, s7, s3
core   0: 3 0x80007ee8 (0x033bcb33) x22 0x00000000
core   0: 0x80007eec (0x0280e533) rem     a0, ra, s0
core   0: 3 0x80007eec (0x0280e533) x10 0x47b90000
core   0: 0x80007ef0 (0x026630b3) mulhu   ra, a2, t1
core   0: 3 0x80007ef0 (0x026630b3) x 1 0x00000000
core   0: 0x80007ef4 (0x01f6df93) srli    t6, a3, 31
core   0: 3 0x80007ef4 (0x01f6df93) x31 0x00000000
core   0: 0x80007ef8 (0x0269b933) mulhu   s2, s3, t1
core   0: 3 0x80007ef8 (0x0269b933) x18 0x00000000
core   0: 0x80007efc (0x01415893) srli    a7, sp, 20
core   0: 3 0x80007efc (0x01415893) x17 0x00000000
core   0: 0x80007f00 (0x40955ab3) sra     s5, a0, s1
core   0: 3 0x80007f00 (0x40955ab3) x21 0x47b90000
core   0: 0x80007f04 (0x02909033) mulh    zero, ra, s1
core   0: 3 0x80007f04 (0x02909033)
core   0: 0x80007f08 (0x039ef7b3) remu    a5, t4, s9
core   0: 3 0x80007f08 (0x039ef7b3) x15 0xdf95fea8
core   0: 0x80007f0c (0x010c1f93) slli    t6, s8, 16
core   0: 3 0x80007f0c (0x010c1f93) x31 0xf48e0000
core   0: 0x80007f10 (0x00cc93b3) sll     t2, s9, a2
core   0: 3 0x80007f10 (0x00cc93b3) x 7 0xffffffe0
core   0: 0x80007f14 (0x01413833) sltu    a6, sp, s4
core   0: 3 0x80007f14 (0x01413833) x16 0x00000001
core   0: 0x80007f18 (0x419750b3) sra     ra, a4, s9
core   0: 3 0x80007f18 (0x419750b3) x 1 0xffffffff
core   0: 0x80007f1c (0x0398a6b3) mulhsu  a3, a7, s9
core   0: 3 0x80007f1c (0x0398a6b3) x13 0x00000000
core   0: 0x80007f20 (0x02f4d133) divu    sp, s1, a5
core   0: 3 0x80007f20 (0x02f4d133) x 2 0x00000000
core   0: 0x80007f24 (0x00c0ba33) sltu    s4, ra, a2
core   0: 3 0x80007f24 (0x00c0ba33) x20 0x00000000
core   0: 0x80007f28 (0xa70bab13) slti    s6, s7, -1424
core   0: 3 0x80007f28 (0xa70bab13) x22 0x00000000
core   0: 0x80007f2c (0x6ae0f393) andi    t2, ra, 1710
core   0: 3 0x80007f2c (0x6ae0f393) x 7 0x000006ae
core   0: 0x80007f30 (0x00000013) nop
core   0: 3 0x80007f30 (0x00000013)
core   0: 0x80007f34 (0x03dba6b3) mulhsu  a3, s7, t4
core   0: 3 0x80007f34 (0x03dba6b3) x13 0x000006aa
core   0: 0x80007f38 (0x039cd533) divu    a0, s9, s9
core   0: 3 0x80007f38 (0x039cd533) x10 0x00000001
core   0: 0x80007f3c (0x01bf01b3) add     gp, t5, s11
core   0: 3 0x80007f3c (0x01bf01b3) x 3 0x80018ce5
core   0: 0x80007f40 (0x02ef0bb3) mul     s7, t5, a4
core   0: 3 0x80007f40 (0x02ef0bb3) x23 0x7ffe731c
core   0: 0x80007f44 (0x02ba1cb3) mulh    s9, s4, a1
core   0: 3 0x80007f44 (0x02ba1cb3) x25 0x00000000
core   0: 0x80007f48 (0x01061c93) slli    s9, a2, 16
core   0: 3 0x80007f48 (0x01061c93) x25 0x00010000
core   0: 0x80007f4c (0x037c7e33) remu    t3, s8, s7
core   0: 3 0x80007f4c (0x037c7e33) x28 0x7f8e8172
core   0: 0x80007f50 (0x02589db3) mulh    s11, a7, t0
core   0: 3 0x80007f50 (0x02589db3) x27 0x00000000
core   0: 0x80007f54 (0xc3e0b513) sltiu   a0, ra, -962
core   0: 3 0x80007f54 (0xc3e0b513) x10 0x00000000
core   0: 0x80007f58 (0x01224133) xor     sp, tp, s2
core   0: 3 0x80007f58 (0x01224133) x 2 0x00000000
core   0: 0x80007f5c (0x740c2513) slti    a0, s8, 1856
core   0: 3 0x80007f5c (0x740c2513) x10 0x00000001
core   0: 0x80007f60 (0x012fdb13) srli    s6, t6, 18
core   0: 3 0x80007f60 (0x012fdb13) x22 0x00003d23
core   0: 0x80007f64 (0xcfabf937) lui     s2, 0xcfabf
core   0: 3 0x80007f64 (0xcfabf937) x18 0xcfabf000
core   0: 0x80007f68 (0x413dda33) sra     s4, s11, s3
core   0: 3 0x80007f68 (0x413dda33) x20 0x00000000
core   0: 0x80007f6c (0x030a2033) mulhsu  zero, s4, a6
core   0: 3 0x80007f6c (0x030a2033)
core   0: 0x80007f70 (0x90554913) xori    s2, a0, -1787
core   0: 3 0x80007f70 (0x90554913) x18 0xfffff904
core   0: 0x80007f74 (0x023494b3) mulh    s1, s1, gp
core   0: 3 0x80007f74 (0x023494b3) x 9 0x00000000
core   0: 0x80007f78 (0x00000013) nop
core   0: 3 0x80007f78 (0x00000013)
core   0: 0x80007f7c (0x01a95c33) srl     s8, s2, s10
core   0: 3 0x80007f7c (0x01a95c33) x24 0xfffff904
core   0: 0x80007f80 (0x01a1f6b3) and     a3, gp, s10
core   0: 3 0x80007f80 (0x01a1f6b3) x13 0x80000000
core   0: 0x80007f84 (0x0247f033) remu    zero, a5, tp
core   0: 3 0x80007f84 (0x0247f033)
core   0: 0x80007f88 (0x01ca0db3) add     s11, s4, t3
core   0: 3 0x80007f88 (0x01ca0db3) x27 0x7f8e8172
core   0: 0x80007f8c (0x03585e33) divu    t3, a6, s5
core   0: 3 0x80007f8c (0x03585e33) x28 0x00000000
core   0: 0x80007f90 (0x3afd6417) auipc   s0, 0x3afd6
core   0: 3 0x80007f90 (0x3afd6417) x 8 0xbafddf90
core   0: 0x80007f94 (0x0357f913) andi    s2, a5, 53
core   0: 3 0x80007f94 (0x0357f913) x18 0x00000020
core   0: 0x80007f98 (0x02a03c33) mulhu   s8, zero, a0
core   0: 3 0x80007f98 (0x02a03c33) x24 0x00000000
core   0: 0x80007f9c (0x0074a233) slt     tp, s1, t2
core   0: 3 0x80007f9c (0x0074a233) x 4 0x00000001
core   0: 0x80007fa0 (0x03cdfb17) auipc   s6, 0x3cdf
core   0: 3 0x80007fa0 (0x03cdfb17) x22 0x83ce6fa0
core   0: 0x80007fa4 (0x019d98b3) sll     a7, s11, s9
core   0: 3 0x80007fa4 (0x019d98b3) x17 0x7f8e8172
core   0: 0x80007fa8 (0x134d6293) ori     t0, s10, 308
core   0: 3 0x80007fa8 (0x134d6293) x 5 0x80000134
core   0: 0x80007fac (0x01121b33) sll     s6, tp, a7
core   0: 3 0x80007fac (0x01121b33) x22 0x00040000
core   0: 0x80007fb0 (0x0078c6b3) xor     a3, a7, t2
core   0: 3 0x80007fb0 (0x0078c6b3) x13 0x7f8e87dc
core   0: 0x80007fb4 (0x69356493) ori     s1, a0, 1683
core   0: 3 0x80007fb4 (0x69356493) x 9 0x00000693
core   0: 0x80007fb8 (0x025638b3) mulhu   a7, a2, t0
core   0: 3 0x80007fb8 (0x025638b3) x17 0x00000000
core   0: 0x80007fbc (0x01e6bbb3) sltu    s7, a3, t5
core   0: 3 0x80007fbc (0x01e6bbb3) x23 0x00000001
core   0: 0x80007fc0 (0x006fd693) srli    a3, t6, 6
core   0: 3 0x80007fc0 (0x006fd693) x13 0x03d23800
core   0: 0x80007fc4 (0xf6a5e397) auipc   t2, 0xf6a5e
core   0: 3 0x80007fc4 (0xf6a5e397) x 7 0x76a65fc4
core   0: 0x80007fc8 (0x00aef1b3) and     gp, t4, a0
core   0: 3 0x80007fc8 (0x00aef1b3) x 3 0x00000000
core   0: 0x80007fcc (0x03ef12b3) mulh    t0, t5, t5
core   0: 3 0x80007fcc (0x03ef12b3) x 5 0x3ffe731e
core   0: 0x80007fd0 (0x03390433) mul     s0, s2, s3
core   0: 3 0x80007fd0 (0x03390433) x 8 0x0029cc80
core   0: 0x80007fd4 (0x015ed833) srl     a6, t4, s5
core   0: 3 0x80007fd4 (0x015ed833) x16 0xdf95fea8
core   0: 0x80007fd8 (0x02f19bb3) mulh    s7, gp, a5
core   0: 3 0x80007fd8 (0x02f19bb3) x23 0x00000000
core   0: 0x80007fdc (0xff3ab193) sltiu   gp, s5, -13
core   0: 3 0x80007fdc (0xff3ab193) x 3 0x00000001
core   0: 0x80007fe0 (0x000d7c33) and     s8, s10, zero
core   0: 3 0x80007fe0 (0x000d7c33) x24 0x00000000
core   0: 0x80007fe4 (0x97a13793) sltiu   a5, sp, -1670
core   0: 3 0x80007fe4 (0x97a13793) x15 0x00000001
core   0: 0x80007fe8 (0x01f186b3) add     a3, gp, t6
core   0: 3 0x80007fe8 (0x01f186b3) x13 0xf48e0001
core   0: 0x80007fec (0x00000013) nop
core   0: 3 0x80007fec (0x00000013)
core   0: 0x80007ff0 (0x03886233) rem     tp, a6, s8
core   0: 3 0x80007ff0 (0x03886233) x 4 0xdf95fea8
core   0: 0x80007ff4 (0x415dd593) srai    a1, s11, 21
core   0: 3 0x80007ff4 (0x415dd593) x11 0x000003fc
core   0: 0x80007ff8 (0x01342cb3) slt     s9, s0, s3
core   0: 3 0x80007ff8 (0x01342cb3) x25 0x00000000
core   0: 0x80007ffc (0x41588b33) sub     s6, a7, s5
core   0: 3 0x80007ffc (0x41588b33) x22 0xb8470000
core   0: 0x80008000 (0x19dfbf93) sltiu   t6, t6, 413
core   0: 3 0x80008000 (0x19dfbf93) x31 0x00000000
core   0: 0x80008004 (0x021a9333) mulh    t1, s5, ra
core   0: 3 0x80008004 (0x021a9333) x 6 0xffffffff
core   0: 0x80008008 (0x00bab8b3) sltu    a7, s5, a1
core   0: 3 0x80008008 (0x00bab8b3) x17 0x00000000
core   0: 0x8000800c (0x406104b3) sub     s1, sp, t1
core   0: 3 0x8000800c (0x406104b3) x 9 0x00000001
core   0: 0x80008010 (0x01a5c233) xor     tp, a1, s10
core   0: 3 0x80008010 (0x01a5c233) x 4 0x800003fc
core   0: 0x80008014 (0x03c87833) remu    a6, a6, t3
core   0: 3 0x80008014 (0x03c87833) x16 0xdf95fea8
core   0: 0x80008018 (0x41c5d233) sra     tp, a1, t3
core   0: 3 0x80008018 (0x41c5d233) x 4 0x000003fc
core   0: 0x8000801c (0xd2d06713) ori     a4, zero, -723
core   0: 3 0x8000801c (0xd2d06713) x14 0xfffffd2d
core   0: 0x80008020 (0x80154513) xori    a0, a0, -2047
core   0: 3 0x80008020 (0x80154513) x10 0xfffff800
core   0: 0x80008024 (0x41d28cb3) sub     s9, t0, t4
core   0: 3 0x80008024 (0x41d28cb3) x25 0x60687476
core   0: 0x80008028 (0x005a0933) add     s2, s4, t0
core   0: 3 0x80008028 (0x005a0933) x18 0x3ffe731e
core   0: 0x8000802c (0x02d1efb3) rem     t6, gp, a3
core   0: 3 0x8000802c (0x02d1efb3) x31 0x00000001
core   0: 0x80008030 (0x1d7f8e93) addi    t4, t6, 471
core   0: 3 0x80008030 (0x1d7f8e93) x29 0x000001d8
core   0: 0x80008034 (0x010151b3) srl     gp, sp, a6
core   0: 3 0x80008034 (0x010151b3) x 3 0x00000000
core   0: 0x80008038 (0x4091d613) srai    a2, gp, 9
core   0: 3 0x80008038 (0x4091d613) x12 0x00000000
core   0: 0x8000803c (0x0164d3b3) srl     t2, s1, s6
core   0: 3 0x8000803c (0x0164d3b3) x 7 0x00000001
core   0: 0x80008040 (0x2f92c937) lui     s2, 0x2f92c
core   0: 3 0x80008040 (0x2f92c937) x18 0x2f92c000
core   0: 0x80008044 (0x02080e33) mul     t3, a6, zero
core   0: 3 0x80008044 (0x02080e33) x28 0x00000000
core   0: 0x80008048 (0x0195d293) srli    t0, a1, 25
core   0: 3 0x80008048 (0x0195d293) x 5 0x00000000
core   0: 0x8000804c (0x2e281617) auipc   a2, 0x2e281
core   0: 3 0x8000804c (0x2e281617) x12 0xae28904c
core   0: 0x80008050 (0x0327b6b3) mulhu   a3, a5, s2
core   0: 3 0x80008050 (0x0327b6b3) x13 0x00000000
core   0: 0x80008054 (0x031370b3) remu    ra, t1, a7
core   0: 3 0x80008054 (0x031370b3) x 1 0xffffffff
core   0: 0x80008058 (0xa9fa6613) ori     a2, s4, -1377
core   0: 3 0x80008058 (0xa9fa6613) x12 0xfffffa9f
core   0: 0x8000805c (0xb5720c13) addi    s8, tp, -1193
core   0: 3 0x8000805c (0xb5720c13) x24 0xffffff53
core   0: 0x80008060 (0x413edab3) sra     s5, t4, s3
core   0: 3 0x80008060 (0x413edab3) x21 0x0000001d
core   0: 0x80008064 (0x02db1b33) mulh    s6, s6, a3
core   0: 3 0x80008064 (0x02db1b33) x22 0x00000000
core   0: 0x80008068 (0x4b544e93) xori    t4, s0, 1205
core   0: 3 0x80008068 (0x4b544e93) x29 0x0029c835
core   0: 0x8000806c (0x78b5f617) auipc   a2, 0x78b5f
core   0: 3 0x8000806c (0x78b5f617) x12 0xf8b6706c
core   0: 0x80008070 (0x03fba733) mulhsu  a4, s7, t6
core   0: 3 0x80008070 (0x03fba733) x14 0x00000000
core   0: 0x80008074 (0x00bcd933) srl     s2, s9, a1
core   0: 3 0x80008074 (0x00bcd933) x18 0x00000006
core   0: 0x80008078 (0x00b1c8b3) xor     a7, gp, a1
core   0: 3 0x80008078 (0x00b1c8b3) x17 0x000003fc
core   0: 0x8000807c (0x01fb9193) slli    gp, s7, 31
core   0: 3 0x8000807c (0x01fb9193) x 3 0x00000000
core   0: 0x80008080 (0x00948a33) add     s4, s1, s1
core   0: 3 0x80008080 (0x00948a33) x20 0x00000002
core   0: 0x80008084 (0x40ff5593) srai    a1, t5, 15
core   0: 3 0x80008084 (0x40ff5593) x11 0xffff0003
core   0: 0x80008088 (0x02095033) divu    zero, s2, zero
core   0: 3 0x80008088 (0x02095033)
core   0: 0x8000808c (0x01b40e33) add     t3, s0, s11
core   0: 3 0x8000808c (0x01b40e33) x28 0x7fb84df2
core   0: 0x80008090 (0x9426a713) slti    a4, a3, -1726
core   0: 3 0x80008090 (0x9426a713) x14 0x00000000
core   0: 0x80008094 (0x0136b6b3) sltu    a3, a3, s3
core   0: 3 0x80008094 (0x0136b6b3) x13 0x00000001
core   0: 0x80008098 (0x034744b3) div     s1, a4, s4
core   0: 3 0x80008098 (0x034744b3) x 9 0x00000000
core   0: 0x8000809c (0x01559293) slli    t0, a1, 21
core   0: 3 0x8000809c (0x01559293) x 5 0x00600000
core   0: 0x800080a0 (0x410ad313) srai    t1, s5, 16
core   0: 3 0x800080a0 (0x410ad313) x 6 0x00000000
core   0: 0x800080a4 (0x00000013) nop
core   0: 3 0x800080a4 (0x00000013)
core   0: 0x800080a8 (0x00379f93) slli    t6, a5, 3
core   0: 3 0x800080a8 (0x00379f93) x31 0x00000008
core   0: 0x800080ac (0x01ee2733) slt     a4, t3, t5
core   0: 3 0x800080ac (0x01ee2733) x14 0x00000000
core   0: 0x800080b0 (0xa37c0213) addi    tp, s8, -1481
core   0: 3 0x800080b0 (0xa37c0213) x 4 0xfffff98a
core   0: 0x800080b4 (0x002147b3) xor     a5, sp, sp
core   0: 3 0x800080b4 (0x002147b3) x15 0x00000000
core   0: 0x800080b8 (0x0307b033) mulhu   zero, a5, a6
core   0: 3 0x800080b8 (0x0307b033)
core   0: 0x800080bc (0x02535333) divu    t1, t1, t0
core   0: 3 0x800080bc (0x02535333) x 6 0x00000000
core   0: 0x800080c0 (0x0394a0b3) mulhsu  ra, s1, s9
core   0: 3 0x800080c0 (0x0394a0b3) x 1 0x00000000
core   0: 0x800080c4 (0x008ac433) xor     s0, s5, s0
core   0: 3 0x800080c4 (0x008ac433) x 8 0x0029cc9d
core   0: 0x800080c8 (0x002a8a33) add     s4, s5, sp
core   0: 3 0x800080c8 (0x002a8a33) x20 0x0000001d
core   0: 0x800080cc (0x012f50b3) srl     ra, t5, s2
core   0: 3 0x800080cc (0x012f50b3) x 1 0x02000633
core   0: 0x800080d0 (0x039de8b3) rem     a7, s11, s9
core   0: 3 0x800080d0 (0x039de8b3) x17 0x1f260cfc
core   0: 0x800080d4 (0x01a0f3b3) and     t2, ra, s10
core   0: 3 0x800080d4 (0x01a0f3b3) x 7 0x00000000
core   0: 0x800080d8 (0x00b066b3) or      a3, zero, a1
core   0: 3 0x800080d8 (0x00b066b3) x13 0xffff0003
core   0: 0x800080dc (0x002d2b33) slt     s6, s10, sp
core   0: 3 0x800080dc (0x002d2b33) x22 0x00000001
core   0: 0x800080e0 (0x00e6a933) slt     s2, a3, a4
core   0: 3 0x800080e0 (0x00e6a933) x18 0x00000001
core   0: 0x800080e4 (0x8edc0313) addi    t1, s8, -1811
core   0: 3 0x800080e4 (0x8edc0313) x 6 0xfffff840
core   0: 0x800080e8 (0x0286e733) rem     a4, a3, s0
core   0: 3 0x800080e8 (0x0286e733) x14 0xffff0003
core   0: 0x800080ec (0x009c15b3) sll     a1, s8, s1
core   0: 3 0x800080ec (0x009c15b3) x11 0xffffff53
core   0: 0x800080f0 (0x02fb5cb3) divu    s9, s6, a5
core   0: 3 0x800080f0 (0x02fb5cb3) x25 0xffffffff
core   0: 0x800080f4 (0x01b29d93) slli    s11, t0, 27
core   0: 3 0x800080f4 (0x01b29d93) x27 0x00000000
core   0: 0x800080f8 (0x400408b3) sub     a7, s0, zero
core   0: 3 0x800080f8 (0x400408b3) x17 0x0029cc9d
core   0: 0x800080fc (0x00af73b3) and     t2, t5, a0
core   0: 3 0x800080fc (0x00af73b3) x 7 0x80018800
core   0: 0x80008100 (0x031cf533) remu    a0, s9, a7
core   0: 3 0x80008100 (0x031cf533) x10 0x00248afc
core   0: 0x80008104 (0x00e70433) add     s0, a4, a4
core   0: 3 0x80008104 (0x00e70433) x 8 0xfffe0006
core   0: 0x80008108 (0x87b02197) auipc   gp, 0x87b02
core   0: 3 0x80008108 (0x87b02197) x 3 0x07b0a108
core   0: 0x8000810c (0x00ec1633) sll     a2, s8, a4
core   0: 3 0x8000810c (0x00ec1633) x12 0xfffffa98
core   0: 0x80008110 (0x034aee33) rem     t3, s5, s4
core   0: 3 0x80008110 (0x034aee33) x28 0x00000000
core   0: 0x80008114 (0x15d6ec93) ori     s9, a3, 349
core   0: 3 0x80008114 (0x15d6ec93) x25 0xffff015f
core   0: 0x80008118 (0x406001b3) sub     gp, zero, t1
core   0: 3 0x80008118 (0x406001b3) x 3 0x000007c0
core   0: 0x8000811c (0x00f45d93) srli    s11, s0, 15
core   0: 3 0x8000811c (0x00f45d93) x27 0x0001fffc
core   0: 0x80008120 (0xfd464c13) xori    s8, a2, -44
core   0: 3 0x80008120 (0xfd464c13) x24 0x0000054c
core   0: 0x80008124 (0x006da4b3) slt     s1, s11, t1
core   0: 3 0x80008124 (0x006da4b3) x 9 0x00000000
core   0: 0x80008128 (0x7d3d4e93) xori    t4, s10, 2003
core   0: 3 0x80008128 (0x7d3d4e93) x29 0x800007d3
core   0: 0x8000812c (0x00293ab3) sltu    s5, s2, sp
core   0: 3 0x8000812c (0x00293ab3) x21 0x00000000
core   0: 0x80008130 (0x025be733) rem     a4, s7, t0
core   0: 3 0x80008130 (0x025be733) x14 0x00000000
core   0: 0x80008134 (0x17df2793) slti    a5, t5, 381
core   0: 3 0x80008134 (0x17df2793) x15 0x00000001
core   0: 0x80008138 (0x008e9093) slli    ra, t4, 8
core   0: 3 0x80008138 (0x008e9093) x 1 0x0007d300
core   0: 0x8000813c (0x035721b3) mulhsu  gp, a4, s5
core   0: 3 0x8000813c (0x035721b3) x 3 0x00000000
core   0: 0x80008140 (0x93cf2513) slti    a0, t5, -1732
core   0: 3 0x80008140 (0x93cf2513) x10 0x00000001
core   0: 0x80008144 (0x03a9c5b3) div     a1, s3, s10
core   0: 3 0x80008144 (0x03a9c5b3) x11 0x00000000
core   0: 0x80008148 (0x03c065b3) rem     a1, zero, t3
core   0: 3 0x80008148 (0x03c065b3) x11 0x00000000
core   0: 0x8000814c (0x0061c333) xor     t1, gp, t1
core   0: 3 0x8000814c (0x0061c333) x 6 0xfffff840
core   0: 0x80008150 (0x00000013) nop
core   0: 3 0x80008150 (0x00000013)
core   0: 0x80008154 (0x000fa5b3) slt     a1, t6, zero
core   0: 3 0x80008154 (0x000fa5b3) x11 0x00000000
core   0: 0x80008158 (0x03d84333) div     t1, a6, t4
core   0: 3 0x80008158 (0x03d84333) x 6 0x00000000
core   0: 0x8000815c (0x8145e813) ori     a6, a1, -2028
core   0: 3 0x8000815c (0x8145e813) x16 0xfffff814
core   0: 0x80008160 (0x6043e5b7) lui     a1, 0x6043e
core   0: 3 0x80008160 (0x6043e5b7) x11 0x6043e000
core   0: 0x80008164 (0x015f74b3) and     s1, t5, s5
core   0: 3 0x80008164 (0x015f74b3) x 9 0x00000000
core   0: 0x80008168 (0x416055b3) sra     a1, zero, s6
core   0: 3 0x80008168 (0x416055b3) x11 0x00000000
core   0: 0x8000816c (0x00545db3) srl     s11, s0, t0
core   0: 3 0x8000816c (0x00545db3) x27 0xfffe0006
core   0: 0x80008170 (0x034f7fb3) remu    t6, t5, s4
core   0: 3 0x80008170 (0x034f7fb3) x31 0x00000019
core   0: 0x80008174 (0x40d68233) sub     tp, a3, a3
core   0: 3 0x80008174 (0x40d68233) x 4 0x00000000
core   0: 0x80008178 (0x01ad9593) slli    a1, s11, 26
core   0: 3 0x80008178 (0x01ad9593) x11 0x18000000
core   0: 0x8000817c (0x41d15613) srai    a2, sp, 29
core   0: 3 0x8000817c (0x41d15613) x12 0x00000000
core   0: 0x80008180 (0x01833933) sltu    s2, t1, s8
core   0: 3 0x80008180 (0x01833933) x18 0x00000001
core   0: 0x80008184 (0x03370833) mul     a6, a4, s3
core   0: 3 0x80008184 (0x03370833) x16 0x00000000
core   0: 0x80008188 (0x40d5d433) sra     s0, a1, a3
core   0: 3 0x80008188 (0x40d5d433) x 8 0x03000000
core   0: 0x8000818c (0x012fb733) sltu    a4, t6, s2
core   0: 3 0x8000818c (0x012fb733) x14 0x00000000
core   0: 0x80008190 (0xfe8bf693) andi    a3, s7, -24
core   0: 3 0x80008190 (0xfe8bf693) x13 0x00000000
core   0: 0x80008194 (0xb57cc213) xori    tp, s9, -1193
core   0: 3 0x80008194 (0xb57cc213) x 4 0x0000fa08
core   0: 0x80008198 (0x76c27493) andi    s1, tp, 1900
core   0: 3 0x80008198 (0x76c27493) x 9 0x00000208
core   0: 0x8000819c (0x01fbfe33) and     t3, s7, t6
core   0: 3 0x8000819c (0x01fbfe33) x28 0x00000000
core   0: 0x800081a0 (0x01466ab3) or      s5, a2, s4
core   0: 3 0x800081a0 (0x01466ab3) x21 0x0000001d
core   0: 0x800081a4 (0xf7956913) ori     s2, a0, -135
core   0: 3 0x800081a4 (0xf7956913) x18 0xffffff79
core   0: 0x800081a8 (0x0037b0b3) sltu    ra, a5, gp
core   0: 3 0x800081a8 (0x0037b0b3) x 1 0x00000000
core   0: 0x800081ac (0xd710c293) xori    t0, ra, -655
core   0: 3 0x800081ac (0xd710c293) x 5 0xfffffd71
core   0: 0x800081b0 (0x405b0833) sub     a6, s6, t0
core   0: 3 0x800081b0 (0x405b0833) x16 0x00000290
core   0: 0x800081b4 (0x01389413) slli    s0, a7, 19
core   0: 3 0x800081b4 (0x01389413) x 8 0x64e80000
core   0: 0x800081b8 (0x03db7e33) remu    t3, s6, t4
core   0: 3 0x800081b8 (0x03db7e33) x28 0x00000001
core   0: 0x800081bc (0x02f194b3) mulh    s1, gp, a5
core   0: 3 0x800081bc (0x02f194b3) x 9 0x00000000
core   0: 0x800081c0 (0x012ed293) srli    t0, t4, 18
core   0: 3 0x800081c0 (0x012ed293) x 5 0x00002000
core   0: 0x800081c4 (0x0269bdb3) mulhu   s11, s3, t1
core   0: 3 0x800081c4 (0x0269bdb3) x27 0x00000000
core   0: 0x800081c8 (0x00e15e93) srli    t4, sp, 14
core   0: 3 0x800081c8 (0x00e15e93) x29 0x00000000
core   0: 0x800081cc (0x03f691b3) mulh    gp, a3, t6
core   0: 3 0x800081cc (0x03f691b3) x 3 0x00000000
core   0: 0x800081d0 (0x0d050193) addi    gp, a0, 208
core   0: 3 0x800081d0 (0x0d050193) x 3 0x000000d1
core   0: 0x800081d4 (0xccc1f413) andi    s0, gp, -820
core   0: 3 0x800081d4 (0xccc1f413) x 8 0x000000c0
core   0: 0x800081d8 (0x01899913) slli    s2, s3, 24
core   0: 3 0x800081d8 (0x01899913) x18 0x64000000
core   0: 0x800081dc (0x007f8a33) add     s4, t6, t2
core   0: 3 0x800081dc (0x007f8a33) x20 0x80018819
core   0: 0x800081e0 (0x00099813) slli    a6, s3, 0
core   0: 3 0x800081e0 (0x00099813) x16 0x80014e64
core   0: 0x800081e4 (0x035fdc33) divu    s8, t6, s5
core   0: 3 0x800081e4 (0x035fdc33) x24 0x00000000
core   0: 0x800081e8 (0x01bc5413) srli    s0, s8, 27
core   0: 3 0x800081e8 (0x01bc5413) x 8 0x00000000
core   0: 0x800081ec (0x0258ec33) rem     s8, a7, t0
core   0: 3 0x800081ec (0x0258ec33) x24 0x00000c9d
core   0: 0x800081f0 (0x022fe8b3) rem     a7, t6, sp
core   0: 3 0x800081f0 (0x022fe8b3) x17 0x00000019
core   0: 0x800081f4 (0x01989f93) slli    t6, a7, 25
core   0: 3 0x800081f4 (0x01989f93) x31 0x32000000
core   0: 0x800081f8 (0x41ad5e93) srai    t4, s10, 26
core   0: 3 0x800081f8 (0x41ad5e93) x29 0xffffffe0
core   0: 0x800081fc (0x4036d893) srai    a7, a3, 3
core   0: 3 0x800081fc (0x4036d893) x17 0x00000000
core   0: 0x80008200 (0x007b1113) slli    sp, s6, 7
core   0: 3 0x80008200 (0x007b1113) x 2 0x00000080
core   0: 0x80008204 (0x00a896b3) sll     a3, a7, a0
core   0: 3 0x80008204 (0x00a896b3) x13 0x00000000
core   0: 0x80008208 (0xf9a5a713) slti    a4, a1, -102
core   0: 3 0x80008208 (0xf9a5a713) x14 0x00000000
core   0: 0x8000820c (0x00b66eb3) or      t4, a2, a1
core   0: 3 0x8000820c (0x00b66eb3) x29 0x18000000
core   0: 0x80008210 (0x006c22b3) slt     t0, s8, t1
core   0: 3 0x80008210 (0x006c22b3) x 5 0x00000000
core   0: 0x80008214 (0x405b00b3) sub     ra, s6, t0
core   0: 3 0x80008214 (0x405b00b3) x 1 0x00000001
core   0: 0x80008218 (0x415604b3) sub     s1, a2, s5
core   0: 3 0x80008218 (0x415604b3) x 9 0xffffffe3
core   0: 0x8000821c (0x85040a93) addi    s5, s0, -1968
core   0: 3 0x8000821c (0x85040a93) x21 0xfffff850
core   0: 0x80008220 (0x01f97833) and     a6, s2, t6
core   0: 3 0x80008220 (0x01f97833) x16 0x20000000
core   0: 0x80008224 (0x00000013) nop
core   0: 3 0x80008224 (0x00000013)
core   0: 0x80008228 (0x58f5b1b7) lui     gp, 0x58f5b
core   0: 3 0x80008228 (0x58f5b1b7) x 3 0x58f5b000
core   0: 0x8000822c (0x007312b3) sll     t0, t1, t2
core   0: 3 0x8000822c (0x007312b3) x 5 0x00000000
core   0: 0x80008230 (0x008877b3) and     a5, a6, s0
core   0: 3 0x80008230 (0x008877b3) x15 0x00000000
core   0: 0x80008234 (0xb6b72913) slti    s2, a4, -1173
core   0: 3 0x80008234 (0xb6b72913) x18 0x00000000
core   0: 0x80008238 (0x03af15b3) mulh    a1, t5, s10
core   0: 3 0x80008238 (0x03af15b3) x11 0x3fff398e
core   0: 0x8000823c (0x01de01b3) add     gp, t3, t4
core   0: 3 0x8000823c (0x01de01b3) x 3 0x18000001
core   0: 0x80008240 (0x407cd1b3) sra     gp, s9, t2
core   0: 3 0x80008240 (0x407cd1b3) x 3 0xffff015f
core   0: 0x80008244 (0x00227fb3) and     t6, tp, sp
core   0: 3 0x80008244 (0x00227fb3) x31 0x00000000
core   0: 0x80008248 (0x38fb2513) slti    a0, s6, 911
core   0: 3 0x80008248 (0x38fb2513) x10 0x00000001
core   0: 0x8000824c (0x41a95193) srai    gp, s2, 26
core   0: 3 0x8000824c (0x41a95193) x 3 0x00000000
core   0: 0x80008250 (0x0360dab3) divu    s5, ra, s6
core   0: 3 0x80008250 (0x0360dab3) x21 0x00000001
core   0: 0x80008254 (0x003526b3) slt     a3, a0, gp
core   0: 3 0x80008254 (0x003526b3) x13 0x00000000
core   0: 0x80008258 (0x2b097813) andi    a6, s2, 688
core   0: 3 0x80008258 (0x2b097813) x16 0x00000000
core   0: 0x8000825c (0x01bb0eb3) add     t4, s6, s11
core   0: 3 0x8000825c (0x01bb0eb3) x29 0x00000001
core   0: 0x80008260 (0x039bc233) div     tp, s7, s9
core   0: 3 0x80008260 (0x039bc233) x 4 0x00000000
core   0: 0x80008264 (0x696fa713) slti    a4, t6, 1686
core   0: 3 0x80008264 (0x696fa713) x14 0x00000001
core   0: 0x80008268 (0x0399dc33) divu    s8, s3, s9
core   0: 3 0x80008268 (0x0399dc33) x24 0x00000000
core   0: 0x8000826c (0x01907333) and     t1, zero, s9
core   0: 3 0x8000826c (0x01907333) x 6 0x00000000
core   0: 0x80008270 (0xa32cf113) andi    sp, s9, -1486
core   0: 3 0x80008270 (0xa32cf113) x 2 0xffff0012
core   0: 0x80008274 (0x41255333) sra     t1, a0, s2
core   0: 3 0x80008274 (0x41255333) x 6 0x00000001
core   0: 0x80008278 (0x00a961b3) or      gp, s2, a0
core   0: 3 0x80008278 (0x00a961b3) x 3 0x00000001
core   0: 0x8000827c (0x6609f713) andi    a4, s3, 1632
core   0: 3 0x8000827c (0x6609f713) x14 0x00000660
core   0: 0x80008280 (0x3d232913) slti    s2, t1, 978
core   0: 3 0x80008280 (0x3d232913) x18 0x00000001
core   0: 0x80008284 (0x02fefa33) remu    s4, t4, a5
core   0: 3 0x80008284 (0x02fefa33) x20 0x00000001
core   0: 0x80008288 (0xfd93b013) sltiu   zero, t2, -39
core   0: 3 0x80008288 (0xfd93b013)
core   0: 0x8000828c (0x00c83733) sltu    a4, a6, a2
core   0: 3 0x8000828c (0x00c83733) x14 0x00000000
core   0: 0x80008290 (0x027bc333) div     t1, s7, t2
core   0: 3 0x80008290 (0x027bc333) x 6 0x00000000
core   0: 0x80008294 (0x006bb133) sltu    sp, s7, t1
core   0: 3 0x80008294 (0x006bb133) x 2 0x00000000
core   0: 0x80008298 (0x4071d133) sra     sp, gp, t2
core   0: 3 0x80008298 (0x4071d133) x 2 0x00000001
core   0: 0x8000829c (0x01705413) srli    s0, zero, 23
core   0: 3 0x8000829c (0x01705413) x 8 0x00000000
core   0: 0x800082a0 (0x017d1933) sll     s2, s10, s7
core   0: 3 0x800082a0 (0x017d1933) x18 0x80000000
core   0: 0x800082a4 (0x02674233) div     tp, a4, t1
core   0: 3 0x800082a4 (0x02674233) x 4 0xffffffff
core   0: 0x800082a8 (0x411504b3) sub     s1, a0, a7
core   0: 3 0x800082a8 (0x411504b3) x 9 0x00000001
core   0: 0x800082ac (0x026b8eb3) mul     t4, s7, t1
core   0: 3 0x800082ac (0x026b8eb3) x29 0x00000000
core   0: 0x800082b0 (0x62eaf813) andi    a6, s5, 1582
core   0: 3 0x800082b0 (0x62eaf813) x16 0x00000000
core   0: 0x800082b4 (0x037020b3) mulhsu  ra, zero, s7
core   0: 3 0x800082b4 (0x037020b3) x 1 0x00000000
core   0: 0x800082b8 (0x40e28c33) sub     s8, t0, a4
core   0: 3 0x800082b8 (0x40e28c33) x24 0x00000000
core   0: 0x800082bc (0x024e0b33) mul     s6, t3, tp
core   0: 3 0x800082bc (0x024e0b33) x22 0xffffffff
core   0: 0x800082c0 (0x01313c33) sltu    s8, sp, s3
core   0: 3 0x800082c0 (0x01313c33) x24 0x00000001
core   0: 0x800082c4 (0x00720cb3) add     s9, tp, t2
core   0: 3 0x800082c4 (0x00720cb3) x25 0x800187ff
core   0: 0x800082c8 (0x03abceb3) div     t4, s7, s10
core   0: 3 0x800082c8 (0x03abceb3) x29 0x00000000
core   0: 0x800082cc (0x4102d633) sra     a2, t0, a6
core   0: 3 0x800082cc (0x4102d633) x12 0x00000000
core   0: 0x800082d0 (0x70d10c13) addi    s8, sp, 1805
core   0: 3 0x800082d0 (0x70d10c13) x24 0x0000070e
core   0: 0x800082d4 (0x00bf6033) or      zero, t5, a1
core   0: 3 0x800082d4 (0x00bf6033)
core   0: 0x800082d8 (0x096ef093) andi    ra, t4, 150
core   0: 3 0x800082d8 (0x096ef093) x 1 0x00000000
core   0: 0x800082dc (0x0076dcb3) srl     s9, a3, t2
core   0: 3 0x800082dc (0x0076dcb3) x25 0x00000000
core   0: 0x800082e0 (0xbdc8b193) sltiu   gp, a7, -1060
core   0: 3 0x800082e0 (0xbdc8b193) x 3 0x00000001
core   0: 0x800082e4 (0x41255133) sra     sp, a0, s2
core   0: 3 0x800082e4 (0x41255133) x 2 0x00000001
core   0: 0x800082e8 (0x74753a13) sltiu   s4, a0, 1863
core   0: 3 0x800082e8 (0x74753a13) x20 0x00000001
core   0: 0x800082ec (0x00000013) nop
core   0: 3 0x800082ec (0x00000013)
core   0: 0x800082f0 (0x02e3ea33) rem     s4, t2, a4
core   0: 3 0x800082f0 (0x02e3ea33) x20 0x80018800
core   0: 0x800082f4 (0x015b92b3) sll     t0, s7, s5
core   0: 3 0x800082f4 (0x015b92b3) x 5 0x00000000
core   0: 0x800082f8 (0x01e80ab3) add     s5, a6, t5
core   0: 3 0x800082f8 (0x01e80ab3) x21 0x80018ce4
core   0: 0x800082fc (0xe9bca017) auipc   zero, 0xe9bca
core   0: 3 0x800082fc (0xe9bca017)
core   0: 0x80008300 (0x00000013) nop
core   0: 3 0x80008300 (0x00000013)
core   0: 0x80008304 (0x0d284e93) xori    t4, a6, 210
core   0: 3 0x80008304 (0x0d284e93) x29 0x000000d2
core   0: 0x80008308 (0x41855913) srai    s2, a0, 24
core   0: 3 0x80008308 (0x41855913) x18 0x00000000
core   0: 0x8000830c (0x0234eeb3) rem     t4, s1, gp
core   0: 3 0x8000830c (0x0234eeb3) x29 0x00000000
core   0: 0x80008310 (0x0092cab3) xor     s5, t0, s1
core   0: 3 0x80008310 (0x0092cab3) x21 0x00000001
core   0: 0x80008314 (0x02233fb3) mulhu   t6, t1, sp
core   0: 3 0x80008314 (0x02233fb3) x31 0x00000000
core   0: 0x80008318 (0x5fe76713) ori     a4, a4, 1534
core   0: 3 0x80008318 (0x5fe76713) x14 0x000005fe
core   0: 0x8000831c (0x013b48b3) xor     a7, s6, s3
core   0: 3 0x8000831c (0x013b48b3) x17 0x7ffeb19b
core   0: 0x80008320 (0x4184d313) srai    t1, s1, 24
core   0: 3 0x80008320 (0x4184d313) x 6 0x00000000
core   0: 0x80008324 (0x4678b913) sltiu   s2, a7, 1127
core   0: 3 0x80008324 (0x4678b913) x18 0x00000000
core   0: 0x80008328 (0x0047bab3) sltu    s5, a5, tp
core   0: 3 0x80008328 (0x0047bab3) x21 0x00000001
core   0: 0x8000832c (0x7b46a613) slti    a2, a3, 1972
core   0: 3 0x8000832c (0x7b46a613) x12 0x00000001
core   0: 0x80008330 (0x0095d813) srli    a6, a1, 9
core   0: 3 0x80008330 (0x0095d813) x16 0x001fff9c
core   0: 0x80008334 (0x017a9813) slli    a6, s5, 23
core   0: 3 0x80008334 (0x017a9813) x16 0x00800000
core   0: 0x80008338 (0x41f85433) sra     s0, a6, t6
core   0: 3 0x80008338 (0x41f85433) x 8 0x00800000
core   0: 0x8000833c (0x012d8cb3) add     s9, s11, s2
core   0: 3 0x8000833c (0x012d8cb3) x25 0x00000000
core   0: 0x80008340 (0x7451e193) ori     gp, gp, 1861
core   0: 3 0x80008340 (0x7451e193) x 3 0x00000745
core   0: 0x80008344 (0x001c9e33) sll     t3, s9, ra
core   0: 3 0x80008344 (0x001c9e33) x28 0x00000000
core   0: 0x80008348 (0x8f254b93) xori    s7, a0, -1806
core   0: 3 0x80008348 (0x8f254b93) x23 0xfffff8f3
core   0: 0x8000834c (0xaef22513) slti    a0, tp, -1297
core   0: 3 0x8000834c (0xaef22513) x10 0x00000000
core   0: 0x80008350 (0x81390093) addi    ra, s2, -2029
core   0: 3 0x80008350 (0x81390093) x 1 0xfffff813
core   0: 0x80008354 (0x03af3fb3) mulhu   t6, t5, s10
core   0: 3 0x80008354 (0x03af3fb3) x31 0x4000c672
core   0: 0x80008358 (0x038e98b3) mulh    a7, t4, s8
core   0: 3 0x80008358 (0x038e98b3) x17 0x00000000
core   0: 0x8000835c (0x002e9893) slli    a7, t4, 2
core   0: 3 0x8000835c (0x002e9893) x17 0x00000000
core   0: 0x80008360 (0x41188eb3) sub     t4, a7, a7
core   0: 3 0x80008360 (0x41188eb3) x29 0x00000000
core   0: 0x80008364 (0x00faf433) and     s0, s5, a5
core   0: 3 0x80008364 (0x00faf433) x 8 0x00000000
core   0: 0x80008368 (0xbac24e13) xori    t3, tp, -1108
core   0: 3 0x80008368 (0xbac24e13) x28 0x00000453
core   0: 0x8000836c (0x796a7c93) andi    s9, s4, 1942
core   0: 3 0x8000836c (0x796a7c93) x25 0x00000000
core   0: 0x80008370 (0x01979c33) sll     s8, a5, s9
core   0: 3 0x80008370 (0x01979c33) x24 0x00000000
core   0: 0x80008374 (0x02511133) mulh    sp, sp, t0
core   0: 3 0x80008374 (0x02511133) x 2 0x00000000
core   0: 0x80008378 (0x7ac94a13) xori    s4, s2, 1964
core   0: 3 0x80008378 (0x7ac94a13) x20 0x000007ac
core   0: 0x8000837c (0x008152b3) srl     t0, sp, s0
core   0: 3 0x8000837c (0x008152b3) x 5 0x00000000
core   0: 0x80008380 (0x41b97d93) andi    s11, s2, 1051
core   0: 3 0x80008380 (0x41b97d93) x27 0x00000000
core   0: 0x80008384 (0x03329db3) mulh    s11, t0, s3
core   0: 3 0x80008384 (0x03329db3) x27 0x00000000
core   0: 0x80008388 (0x403500b3) sub     ra, a0, gp
core   0: 3 0x80008388 (0x403500b3) x 1 0xfffff8bb
core   0: 0x8000838c (0x028783b3) mul     t2, a5, s0
core   0: 3 0x8000838c (0x028783b3) x 7 0x00000000
core   0: 0x80008390 (0x0e7ccf93) xori    t6, s9, 231
core   0: 3 0x80008390 (0x0e7ccf93) x31 0x000000e7
core   0: 0x80008394 (0x03aef8b3) remu    a7, t4, s10
core   0: 3 0x80008394 (0x03aef8b3) x17 0x00000000
core   0: 0x80008398 (0x80147893) andi    a7, s0, -2047
core   0: 3 0x80008398 (0x80147893) x17 0x00000000
core   0: 0x8000839c (0x0130a4b3) slt     s1, ra, s3
core   0: 3 0x8000839c (0x0130a4b3) x 9 0x00000000
core   0: 0x800083a0 (0x2a1bf397) auipc   t2, 0x2a1bf
core   0: 3 0x800083a0 (0x2a1bf397) x 7 0xaa1c73a0
core   0: 0x800083a4 (0x01cadb13) srli    s6, s5, 28
core   0: 3 0x800083a4 (0x01cadb13) x22 0x00000000
core   0: 0x800083a8 (0x03e212b3) mulh    t0, tp, t5
core   0: 3 0x800083a8 (0x03e212b3) x 5 0x00000000
core   0: 0x800083ac (0xb4bfbd93) sltiu   s11, t6, -1205
core   0: 3 0x800083ac (0xb4bfbd93) x27 0x00000001
core   0: 0x800083b0 (0x00ecb2b3) sltu    t0, s9, a4
core   0: 3 0x800083b0 (0x00ecb2b3) x 5 0x00000001
core   0: 0x800083b4 (0x012ca433) slt     s0, s9, s2
core   0: 3 0x800083b4 (0x012ca433) x 8 0x00000000
core   0: 0x800083b8 (0x001acb33) xor     s6, s5, ra
core   0: 3 0x800083b8 (0x001acb33) x22 0xfffff8ba
core   0: 0x800083bc (0x00b99d93) slli    s11, s3, 11
core   0: 3 0x800083bc (0x00b99d93) x27 0x0a732000
core   0: 0x800083c0 (0x41eadb33) sra     s6, s5, t5
core   0: 3 0x800083c0 (0x41eadb33) x22 0x00000000
core   0: 0x800083c4 (0xdd60a513) slti    a0, ra, -554
core   0: 3 0x800083c4 (0xdd60a513) x10 0x00000001
core   0: 0x800083c8 (0x00c2df93) srli    t6, t0, 12
core   0: 3 0x800083c8 (0x00c2df93) x31 0x00000000
core   0: 0x800083cc (0x8ac72e13) slti    t3, a4, -1876
core   0: 3 0x800083cc (0x8ac72e13) x28 0x00000000
core   0: 0x800083d0 (0xa9622db7) lui     s11, 0xa9622
core   0: 3 0x800083d0 (0xa9622db7) x27 0xa9622000
core   0: 0x800083d4 (0x016c6bb3) or      s7, s8, s6
core   0: 3 0x800083d4 (0x016c6bb3) x23 0x00000000
core   0: 0x800083d8 (0x03e47ab3) remu    s5, s0, t5
core   0: 3 0x800083d8 (0x03e47ab3) x21 0x00000000
core   0: 0x800083dc (0x002f5833) srl     a6, t5, sp
core   0: 3 0x800083dc (0x002f5833) x16 0x80018ce4
core   0: 0x800083e0 (0x411f5b13) srai    s6, t5, 17
core   0: 3 0x800083e0 (0x411f5b13) x22 0xffffc000
core   0: 0x800083e4 (0xae9efab7) lui     s5, 0xae9ef
core   0: 3 0x800083e4 (0xae9efab7) x21 0xae9ef000
core   0: 0x800083e8 (0x009301b3) add     gp, t1, s1
core   0: 3 0x800083e8 (0x009301b3) x 3 0x00000000
core   0: 0x800083ec (0xf1274493) xori    s1, a4, -238
core   0: 3 0x800083ec (0xf1274493) x 9 0xfffffaec
core   0: 0x800083f0 (0x00000013) nop
core   0: 3 0x800083f0 (0x00000013)
core   0: 0x800083f4 (0x00403333) snez    t1, tp
core   0: 3 0x800083f4 (0x00403333) x 6 0x00000001
core   0: 0x800083f8 (0xb2c52b13) slti    s6, a0, -1236
core   0: 3 0x800083f8 (0xb2c52b13) x22 0x00000000
core   0: 0x800083fc (0x40bd0833) sub     a6, s10, a1
core   0: 3 0x800083fc (0x40bd0833) x16 0x4000c672
core   0: 0x80008400 (0x3ba9ac13) slti    s8, s3, 954
core   0: 3 0x80008400 (0x3ba9ac13) x24 0x00000001
core   0: 0x80008404 (0x022668b3) rem     a7, a2, sp
core   0: 3 0x80008404 (0x022668b3) x17 0x00000001
core   0: 0x80008408 (0x01a8c233) xor     tp, a7, s10
core   0: 3 0x80008408 (0x01a8c233) x 4 0x80000001
core   0: 0x8000840c (0x038b5cb3) divu    s9, s6, s8
core   0: 3 0x8000840c (0x038b5cb3) x25 0x00000000
core   0: 0x80008410 (0x0018beb3) sltu    t4, a7, ra
core   0: 3 0x80008410 (0x0018beb3) x29 0x00000001
core   0: 0x80008414 (0x01577fb3) and     t6, a4, s5
core   0: 3 0x80008414 (0x01577fb3) x31 0x00000000
core   0: 0x80008418 (0x03926633) rem     a2, tp, s9
core   0: 3 0x80008418 (0x03926633) x12 0x80000001
core   0: 0x8000841c (0x000770b3) and     ra, a4, zero
core   0: 3 0x8000841c (0x000770b3) x 1 0x00000000
core   0: 0x80008420 (0x410fd5b3) sra     a1, t6, a6
core   0: 3 0x80008420 (0x410fd5b3) x11 0x00000000
core   0: 0x80008424 (0x02635033) divu    zero, t1, t1
core   0: 3 0x80008424 (0x02635033)
core   0: 0x80008428 (0x9737e413) ori     s0, a5, -1677
core   0: 3 0x80008428 (0x9737e413) x 8 0xfffff973
core   0: 0x8000842c (0x01df1693) slli    a3, t5, 29
core   0: 3 0x8000842c (0x01df1693) x13 0x80000000
core   0: 0x80008430 (0x00c55333) srl     t1, a0, a2
core   0: 3 0x80008430 (0x00c55333) x 6 0x00000000
core   0: 0x80008434 (0x01622833) slt     a6, tp, s6
core   0: 3 0x80008434 (0x01622833) x16 0x00000001
core   0: 0x80008438 (0x00c86833) or      a6, a6, a2
core   0: 3 0x80008438 (0x00c86833) x16 0x80000001
core   0: 0x8000843c (0xf4cfaf93) slti    t6, t6, -180
core   0: 3 0x8000843c (0xf4cfaf93) x31 0x00000000
core   0: 0x80008440 (0xcb95ff93) andi    t6, a1, -839
core   0: 3 0x80008440 (0xcb95ff93) x31 0x00000000
core   0: 0x80008444 (0x01cde833) or      a6, s11, t3
core   0: 3 0x80008444 (0x01cde833) x16 0xa9622000
core   0: 0x80008448 (0x02d66133) rem     sp, a2, a3
core   0: 3 0x80008448 (0x02d66133) x 2 0x80000001
core   0: 0x8000844c (0x02c557b3) divu    a5, a0, a2
core   0: 3 0x8000844c (0x02c557b3) x15 0x00000000
core   0: 0x80008450 (0x029bbbb3) mulhu   s7, s7, s1
core   0: 3 0x80008450 (0x029bbbb3) x23 0x00000000
core   0: 0x80008454 (0x009288b3) add     a7, t0, s1
core   0: 3 0x80008454 (0x009288b3) x17 0xfffffaed
core   0: 0x80008458 (0x0206e933) rem     s2, a3, zero
core   0: 3 0x80008458 (0x0206e933) x18 0x80000000
core   0: 0x8000845c (0x02ec94b3) mulh    s1, s9, a4
core   0: 3 0x8000845c (0x02ec94b3) x 9 0x00000000
core   0: 0x80008460 (0x03513bb3) mulhu   s7, sp, s5
core   0: 3 0x80008460 (0x03513bb3) x23 0x574f7800
core   0: 0x80008464 (0x1b38cb13) xori    s6, a7, 435
core   0: 3 0x80008464 (0x1b38cb13) x22 0xfffffb5e
core   0: 0x80008468 (0x01f37333) and     t1, t1, t6
core   0: 3 0x80008468 (0x01f37333) x 6 0x00000000
core   0: 0x8000846c (0x01b7a6b3) slt     a3, a5, s11
core   0: 3 0x8000846c (0x01b7a6b3) x13 0x00000000
core   0: 0x80008470 (0x003970b3) and     ra, s2, gp
core   0: 3 0x80008470 (0x003970b3) x 1 0x00000000
core   0: 0x80008474 (0x0001cbb3) xor     s7, gp, zero
core   0: 3 0x80008474 (0x0001cbb3) x23 0x00000000
core   0: 0x80008478 (0x3c242713) slti    a4, s0, 962
core   0: 3 0x80008478 (0x3c242713) x14 0x00000001
core   0: 0x8000847c (0x015cdb33) srl     s6, s9, s5
core   0: 3 0x8000847c (0x015cdb33) x22 0x00000000
core   0: 0x80008480 (0x00f211b3) sll     gp, tp, a5
core   0: 3 0x80008480 (0x00f211b3) x 3 0x80000001
core   0: 0x80008484 (0x404f0ab3) sub     s5, t5, tp
core   0: 3 0x80008484 (0x404f0ab3) x21 0x00018ce3
core   0: 0x80008488 (0xf848f113) andi    sp, a7, -124
core   0: 3 0x80008488 (0xf848f113) x 2 0xfffffa84
core   0: 0x8000848c (0x40fa5e93) srai    t4, s4, 15
core   0: 3 0x8000848c (0x40fa5e93) x29 0x00000000
core   0: 0x80008490 (0xadc60813) addi    a6, a2, -1316
core   0: 3 0x80008490 (0xadc60813) x16 0x7ffffadd
core   0: 0x80008494 (0x2b700a13) li      s4, 695
core   0: 3 0x80008494 (0x2b700a13) x20 0x000002b7
core   0: 0x80008498 (0x00761593) slli    a1, a2, 7
core   0: 3 0x80008498 (0x00761593) x11 0x00000080
core   0: 0x8000849c (0x02137533) remu    a0, t1, ra
core   0: 3 0x8000849c (0x02137533) x10 0x00000000
core   0: 0x800084a0 (0x00000013) nop
core   0: 3 0x800084a0 (0x00000013)
core   0: 0x800084a4 (0x0061dfb3) srl     t6, gp, t1
core   0: 3 0x800084a4 (0x0061dfb3) x31 0x80000001
core   0: 0x800084a8 (0x033920b3) mulhsu  ra, s2, s3
core   0: 3 0x800084a8 (0x033920b3) x 1 0xbfff58ce
core   0: 0x800084ac (0x01f0e4b3) or      s1, ra, t6
core   0: 3 0x800084ac (0x01f0e4b3) x 9 0xbfff58cf
core   0: 0x800084b0 (0x408e8233) sub     tp, t4, s0
core   0: 3 0x800084b0 (0x408e8233) x 4 0x0000068d
core   0: 0x800084b4 (0x01d724b3) slt     s1, a4, t4
core   0: 3 0x800084b4 (0x01d724b3) x 9 0x00000000
core   0: 0x800084b8 (0x7feab293) sltiu   t0, s5, 2046
core   0: 3 0x800084b8 (0x7feab293) x 5 0x00000000
core   0: 0x800084bc (0x0236e3b3) rem     t2, a3, gp
core   0: 3 0x800084bc (0x0236e3b3) x 7 0x00000000
core   0: 0x800084c0 (0x00370733) add     a4, a4, gp
core   0: 3 0x800084c0 (0x00370733) x14 0x80000002
core   0: 0x800084c4 (0x034dddb3) divu    s11, s11, s4
core   0: 3 0x800084c4 (0x034dddb3) x27 0x003e643c
core   0: 0x800084c8 (0x02b33233) mulhu   tp, t1, a1
core   0: 3 0x800084c8 (0x02b33233) x 4 0x00000000
core   0: 0x800084cc (0x0025feb3) and     t4, a1, sp
core   0: 3 0x800084cc (0x0025feb3) x29 0x00000080
core   0: 0x800084d0 (0x03fe0833) mul     a6, t3, t6
core   0: 3 0x800084d0 (0x03fe0833) x16 0x00000000
core   0: 0x800084d4 (0x99f08393) addi    t2, ra, -1633
core   0: 3 0x800084d4 (0x99f08393) x 7 0xbfff526d
core   0: 0x800084d8 (0x001cb4b3) sltu    s1, s9, ra
core   0: 3 0x800084d8 (0x001cb4b3) x 9 0x00000001
core   0: 0x800084dc (0x00b97c33) and     s8, s2, a1
core   0: 3 0x800084dc (0x00b97c33) x24 0x00000000
core   0: 0x800084e0 (0x59f23913) sltiu   s2, tp, 1439
core   0: 3 0x800084e0 (0x59f23913) x18 0x00000001
core   0: 0x800084e4 (0x037fc233) div     tp, t6, s7
core   0: 3 0x800084e4 (0x037fc233) x 4 0xffffffff
core   0: 0x800084e8 (0x4028d893) srai    a7, a7, 2
core   0: 3 0x800084e8 (0x4028d893) x17 0xfffffebb
core   0: 0x800084ec (0x036a31b3) mulhu   gp, s4, s6
core   0: 3 0x800084ec (0x036a31b3) x 3 0x00000000
core   0: 0x800084f0 (0x41088893) addi    a7, a7, 1040
core   0: 3 0x800084f0 (0x41088893) x17 0x000002cb
core   0: 0x800084f4 (0x01611fb3) sll     t6, sp, s6
core   0: 3 0x800084f4 (0x01611fb3) x31 0xfffffa84
core   0: 0x800084f8 (0x03ea9eb3) mulh    t4, s5, t5
core   0: 3 0x800084f8 (0x03ea9eb3) x29 0xffff3990
core   0: 0x800084fc (0x018bd033) srl     zero, s7, s8
core   0: 3 0x800084fc (0x018bd033)
core   0: 0x80008500 (0x00000013) nop
core   0: 3 0x80008500 (0x00000013)
core   0: 0x80008504 (0xdf972e17) auipc   t3, 0xdf972
core   0: 3 0x80008504 (0xdf972e17) x28 0x5f97a504
core   0: 0x80008508 (0x0361fc33) remu    s8, gp, s6
core   0: 3 0x80008508 (0x0361fc33) x24 0x00000000
core   0: 0x8000850c (0x00000013) nop
core   0: 3 0x8000850c (0x00000013)
core   0: 0x80008510 (0x00c01a93) slli    s5, zero, 12
core   0: 3 0x80008510 (0x00c01a93) x21 0x00000000
core   0: 0x80008514 (0x69682b13) slti    s6, a6, 1686
core   0: 3 0x80008514 (0x69682b13) x22 0x00000001
core   0: 0x80008518 (0x40175913) srai    s2, a4, 1
core   0: 3 0x80008518 (0x40175913) x18 0xc0000001
core   0: 0x8000851c (0x039d0633) mul     a2, s10, s9
core   0: 3 0x8000851c (0x039d0633) x12 0x00000000
core   0: 0x80008520 (0x02d04fb3) div     t6, zero, a3
core   0: 3 0x80008520 (0x02d04fb3) x31 0xffffffff
core   0: 0x80008524 (0x3eda1297) auipc   t0, 0x3eda1
core   0: 3 0x80008524 (0x3eda1297) x 5 0xbeda9524
core   0: 0x80008528 (0x011537b3) sltu    a5, a0, a7
core   0: 3 0x80008528 (0x011537b3) x15 0x00000001
core   0: 0x8000852c (0x0029b333) sltu    t1, s3, sp
core   0: 3 0x8000852c (0x0029b333) x 6 0x00000001
core   0: 0x80008530 (0xdc18f913) andi    s2, a7, -575
core   0: 3 0x80008530 (0xdc18f913) x18 0x000000c1
core   0: 0x80008534 (0x40a7d493) srai    s1, a5, 10
core   0: 3 0x80008534 (0x40a7d493) x 9 0x00000000
core   0: 0x80008538 (0x03a77bb3) remu    s7, a4, s10
core   0: 3 0x80008538 (0x03a77bb3) x23 0x00000002
core   0: 0x8000853c (0xb097b617) auipc   a2, 0xb097b
core   0: 3 0x8000853c (0xb097b617) x12 0x3098353c
core   0: 0x80008540 (0x00000013) nop
core   0: 3 0x80008540 (0x00000013)
core   0: 0x80008544 (0xa636ce97) auipc   t4, 0xa636c
core   0: 3 0x80008544 (0xa636ce97) x29 0x26374544
core   0: 0x80008548 (0x409a5693) srai    a3, s4, 9
core   0: 3 0x80008548 (0x409a5693) x13 0x00000001
core   0: 0x8000854c (0x005b0e33) add     t3, s6, t0
core   0: 3 0x8000854c (0x005b0e33) x28 0xbeda9525
core   0: 0x80008550 (0x007abfb3) sltu    t6, s5, t2
core   0: 3 0x80008550 (0x007abfb3) x31 0x00000001
core   0: 0x80008554 (0xd5356093) ori     ra, a0, -685
core   0: 3 0x80008554 (0xd5356093) x 1 0xfffffd53
core   0: 0x80008558 (0x017076b3) and     a3, zero, s7
core   0: 3 0x80008558 (0x017076b3) x13 0x00000000
core   0: 0x8000855c (0x01dd5d93) srli    s11, s10, 29
core   0: 3 0x8000855c (0x01dd5d93) x27 0x00000004
core   0: 0x80008560 (0x961ec313) xori    t1, t4, -1695
core   0: 3 0x80008560 (0x961ec313) x 6 0xd9c8bc25
core   0: 0x80008564 (0x014154b3) srl     s1, sp, s4
core   0: 3 0x80008564 (0x014154b3) x 9 0x000001ff
core   0: 0x80008568 (0x00000013) nop
core   0: 3 0x80008568 (0x00000013)
core   0: 0x8000856c (0x00000013) nop
core   0: 3 0x8000856c (0x00000013)
core   0: 0x80008570 (0xdc91fc93) andi    s9, gp, -567
core   0: 3 0x80008570 (0xdc91fc93) x25 0x00000000
core   0: 0x80008574 (0x03e23db3) mulhu   s11, tp, t5
core   0: 3 0x80008574 (0x03e23db3) x27 0x80018ce3
core   0: 0x80008578 (0x033b0433) mul     s0, s6, s3
core   0: 3 0x80008578 (0x033b0433) x 8 0x80014e64
core   0: 0x8000857c (0x40050333) sub     t1, a0, zero
core   0: 3 0x8000857c (0x40050333) x 6 0x00000000
core   0: 0x80008580 (0x41a3d1b3) sra     gp, t2, s10
core   0: 3 0x80008580 (0x41a3d1b3) x 3 0xbfff526d
core   0: 0x80008584 (0x0260a633) mulhsu  a2, ra, t1
core   0: 3 0x80008584 (0x0260a633) x12 0x00000000
core   0: 0x80008588 (0x409bd133) sra     sp, s7, s1
core   0: 3 0x80008588 (0x409bd133) x 2 0x00000000
core   0: 0x8000858c (0x03617eb3) remu    t4, sp, s6
core   0: 3 0x8000858c (0x03617eb3) x29 0x00000000
core   0: 0x80008590 (0x40208c33) sub     s8, ra, sp
core   0: 3 0x80008590 (0x40208c33) x24 0xfffffd53
core   0: 0x80008594 (0xe0e24337) lui     t1, 0xe0e24
core   0: 3 0x80008594 (0xe0e24337) x 6 0xe0e24000
core   0: 0x80008598 (0x00000013) nop
core   0: 3 0x80008598 (0x00000013)
core   0: 0x8000859c (0x00c19093) slli    ra, gp, 12
core   0: 3 0x8000859c (0x00c19093) x 1 0xf526d000
core   0: 0x800085a0 (0x01d40b33) add     s6, s0, t4
core   0: 3 0x800085a0 (0x01d40b33) x22 0x80014e64
core   0: 0x800085a4 (0x022abab3) mulhu   s5, s5, sp
core   0: 3 0x800085a4 (0x022abab3) x21 0x00000000
core   0: 0x800085a8 (0x83778513) addi    a0, a5, -1993
core   0: 3 0x800085a8 (0x83778513) x10 0xfffff838
core   0: 0x800085ac (0x02f588b3) mul     a7, a1, a5
core   0: 3 0x800085ac (0x02f588b3) x17 0x00000080
core   0: 0x800085b0 (0x0155e6b3) or      a3, a1, s5
core   0: 3 0x800085b0 (0x0155e6b3) x13 0x00000080
core   0: 0x800085b4 (0x013dc5b3) xor     a1, s11, s3
core   0: 3 0x800085b4 (0x013dc5b3) x11 0x0000c287
core   0: 0x800085b8 (0x038dabb3) mulhsu  s7, s11, s8
core   0: 3 0x800085b8 (0x038dabb3) x23 0x80018e39
core   0: 0x800085bc (0xf748efb7) lui     t6, 0xf748e
core   0: 3 0x800085bc (0xf748efb7) x31 0xf748e000
core   0: 0x800085c0 (0x6b842113) slti    sp, s0, 1720
core   0: 3 0x800085c0 (0x6b842113) x 2 0x00000001
core   0: 0x800085c4 (0x02fb3733) mulhu   a4, s6, a5
core   0: 3 0x800085c4 (0x02fb3733) x14 0x00000000
core   0: 0x800085c8 (0x79cb7b13) andi    s6, s6, 1948
core   0: 3 0x800085c8 (0x79cb7b13) x22 0x00000604
core   0: 0x800085cc (0x01809333) sll     t1, ra, s8
core   0: 3 0x800085cc (0x01809333) x 6 0x80000000
core   0: 0x800085d0 (0x016f1713) slli    a4, t5, 22
core   0: 3 0x800085d0 (0x016f1713) x14 0x39000000
core   0: 0x800085d4 (0x00000013) nop
core   0: 3 0x800085d4 (0x00000013)
core   0: 0x800085d8 (0x39b3f313) andi    t1, t2, 923
core   0: 3 0x800085d8 (0x39b3f313) x 6 0x00000209
core   0: 0x800085dc (0x0275dbb3) divu    s7, a1, t2
core   0: 3 0x800085dc (0x0275dbb3) x23 0x00000000
core   0: 0x800085e0 (0x40b30a33) sub     s4, t1, a1
core   0: 3 0x800085e0 (0x40b30a33) x20 0xffff3f82
core   0: 0x800085e4 (0x00e3c433) xor     s0, t2, a4
core   0: 3 0x800085e4 (0x00e3c433) x 8 0x86ff526d
core   0: 0x800085e8 (0x01f662b3) or      t0, a2, t6
core   0: 3 0x800085e8 (0x01f662b3) x 5 0xf748e000
core   0: 0x800085ec (0x25ec4b93) xori    s7, s8, 606
core   0: 3 0x800085ec (0x25ec4b93) x23 0xffffff0d
core   0: 0x800085f0 (0x02fdd7b3) divu    a5, s11, a5
core   0: 3 0x800085f0 (0x02fdd7b3) x15 0x80018ce3
core   0: 0x800085f4 (0xf31b7d93) andi    s11, s6, -207
core   0: 3 0x800085f4 (0xf31b7d93) x27 0x00000600
core   0: 0x800085f8 (0x031606b3) mul     a3, a2, a7
core   0: 3 0x800085f8 (0x031606b3) x13 0x00000000
core   0: 0x800085fc (0x008516b3) sll     a3, a0, s0
core   0: 3 0x800085fc (0x008516b3) x13 0xff070000
core   0: 0x80008600 (0x038f3e33) mulhu   t3, t5, s8
core   0: 3 0x80008600 (0x038f3e33) x28 0x80018b8d
core   0: 0x80008604 (0x02967ab3) remu    s5, a2, s1
core   0: 3 0x80008604 (0x02967ab3) x21 0x00000000
core   0: 0x80008608 (0x01211eb3) sll     t4, sp, s2
core   0: 3 0x80008608 (0x01211eb3) x29 0x00000002
core   0: 0x8000860c (0x02d4cb33) div     s6, s1, a3
core   0: 3 0x8000860c (0x02d4cb33) x22 0x00000000
core   0: 0x80008610 (0x3216aa97) auipc   s5, 0x3216a
core   0: 3 0x80008610 (0x3216aa97) x21 0xb2172610
core   0: 0x80008614 (0x9e656713) ori     a4, a0, -1562
core   0: 3 0x80008614 (0x9e656713) x14 0xfffff9fe
core   0: 0x80008618 (0x0016f1b3) and     gp, a3, ra
core   0: 3 0x80008618 (0x0016f1b3) x 3 0xf5060000
core   0: 0x8000861c (0x41f8d7b3) sra     a5, a7, t6
core   0: 3 0x8000861c (0x41f8d7b3) x15 0x00000080
core   0: 0x80008620 (0x03ae0c33) mul     s8, t3, s10
core   0: 3 0x80008620 (0x03ae0c33) x24 0x80000000
core   0: 0x80008624 (0x02e40fb3) mul     t6, s0, a4
core   0: 3 0x80008624 (0x02e40fb3) x31 0xf612cd26
core   0: 0x80008628 (0x002e5213) srli    tp, t3, 2
core   0: 3 0x80008628 (0x002e5213) x 4 0x200062e3
core   0: 0x8000862c (0x00ae3833) sltu    a6, t3, a0
core   0: 3 0x8000862c (0x00ae3833) x16 0x00000001
core   0: 0x80008630 (0xe73a8c13) addi    s8, s5, -397
core   0: 3 0x80008630 (0xe73a8c13) x24 0xb2172483
core   0: 0x80008634 (0x03c76933) rem     s2, a4, t3
core   0: 3 0x80008634 (0x03c76933) x18 0xfffff9fe
core   0: 0x80008638 (0xc6b8f513) andi    a0, a7, -917
core   0: 3 0x80008638 (0xc6b8f513) x10 0x00000000
core   0: 0x8000863c (0x01510233) add     tp, sp, s5
core   0: 3 0x8000863c (0x01510233) x 4 0xb2172611
core   0: 0x80008640 (0x02b384b3) mul     s1, t2, a1
core   0: 3 0x80008640 (0x02b384b3) x 9 0xbc1b117b
core   0: 0x80008644 (0x03682db3) mulhsu  s11, a6, s6
core   0: 3 0x80008644 (0x03682db3) x27 0x00000000
core   0: 0x80008648 (0x41b35db3) sra     s11, t1, s11
core   0: 3 0x80008648 (0x41b35db3) x27 0x00000209
core   0: 0x8000864c (0x00785393) srli    t2, a6, 7
core   0: 3 0x8000864c (0x00785393) x 7 0x00000000
core   0: 0x80008650 (0x4145d333) sra     t1, a1, s4
core   0: 3 0x80008650 (0x4145d333) x 6 0x000030a1
core   0: 0x80008654 (0x003d67b3) or      a5, s10, gp
core   0: 3 0x80008654 (0x003d67b3) x15 0xf5060000
core   0: 0x80008658 (0x038ed033) divu    zero, t4, s8
core   0: 3 0x80008658 (0x038ed033)
core   0: 0x8000865c (0x405db413) sltiu   s0, s11, 1029
core   0: 3 0x8000865c (0x405db413) x 8 0x00000001
core   0: 0x80008660 (0x00208933) add     s2, ra, sp
core   0: 3 0x80008660 (0x00208933) x18 0xf526d001
core   0: 0x80008664 (0xeffce793) ori     a5, s9, -257
core   0: 3 0x80008664 (0xeffce793) x15 0xfffffeff
core   0: 0x80008668 (0x0116d633) srl     a2, a3, a7
core   0: 3 0x80008668 (0x0116d633) x12 0xff070000
core   0: 0x8000866c (0x02037fb3) remu    t6, t1, zero
core   0: 3 0x8000866c (0x02037fb3) x31 0x000030a1
core   0: 0x80008670 (0x02520633) mul     a2, tp, t0
core   0: 3 0x80008670 (0x02520633) x12 0x5d16e000
core   0: 0x80008674 (0x74f4f893) andi    a7, s1, 1871
core   0: 3 0x80008674 (0x74f4f893) x17 0x0000014b
core   0: 0x80008678 (0x0125d513) srli    a0, a1, 18
core   0: 3 0x80008678 (0x0125d513) x10 0x00000000
core   0: 0x8000867c (0x01155533) srl     a0, a0, a7
core   0: 3 0x8000867c (0x01155533) x10 0x00000000
core   0: 0x80008680 (0x01dab833) sltu    a6, s5, t4
core   0: 3 0x80008680 (0x01dab833) x16 0x00000000
core   0: 0x80008684 (0x005cf2b3) and     t0, s9, t0
core   0: 3 0x80008684 (0x005cf2b3) x 5 0x00000000
core   0: 0x80008688 (0x023093b3) mulh    t2, ra, gp
core   0: 3 0x80008688 (0x023093b3) x 7 0x007713f8
core   0: 0x8000868c (0x03e51033) mulh    zero, a0, t5
core   0: 3 0x8000868c (0x03e51033)
core   0: 0x80008690 (0x03483c33) mulhu   s8, a6, s4
core   0: 3 0x80008690 (0x03483c33) x24 0x00000000
core   0: 0x80008694 (0x032a2bb3) mulhsu  s7, s4, s2
core   0: 3 0x80008694 (0x032a2bb3) x23 0xffff47aa
core   0: 0x80008698 (0xc50bab93) slti    s7, s7, -944
core   0: 3 0x80008698 (0xc50bab93) x23 0x00000001
core   0: 0x8000869c (0x020056b3) divu    a3, zero, zero
core   0: 3 0x8000869c (0x020056b3) x13 0xffffffff
core   0: 0x800086a0 (0x02f078b3) remu    a7, zero, a5
core   0: 3 0x800086a0 (0x02f078b3) x17 0x00000000
core   0: 0x800086a4 (0x02bbc8b3) div     a7, s7, a1
core   0: 3 0x800086a4 (0x02bbc8b3) x17 0x00000000
core   0: 0x800086a8 (0x02f6c5b3) div     a1, a3, a5
core   0: 3 0x800086a8 (0x02f6c5b3) x11 0x00000000
core   0: 0x800086ac (0x019f4033) xor     zero, t5, s9
core   0: 3 0x800086ac (0x019f4033)
core   0: 0x800086b0 (0x40cdd933) sra     s2, s11, a2
core   0: 3 0x800086b0 (0x40cdd933) x18 0x00000209
core   0: 0x800086b4 (0x02dc2ab3) mulhsu  s5, s8, a3
core   0: 3 0x800086b4 (0x02dc2ab3) x21 0x00000000
core   0: 0x800086b8 (0x00c27c33) and     s8, tp, a2
core   0: 3 0x800086b8 (0x00c27c33) x24 0x10162000
core   0: 0x800086bc (0x03e3f633) remu    a2, t2, t5
core   0: 3 0x800086bc (0x03e3f633) x12 0x007713f8
core   0: 0x800086c0 (0x006add93) srli    s11, s5, 6
core   0: 3 0x800086c0 (0x006add93) x27 0x00000000
core   0: 0x800086c4 (0x0365fab3) remu    s5, a1, s6
core   0: 3 0x800086c4 (0x0365fab3) x21 0x00000000
core   0: 0x800086c8 (0x410dd033) sra     zero, s11, a6
core   0: 3 0x800086c8 (0x410dd033)
core   0: 0x800086cc (0x03002933) mulhsu  s2, zero, a6
core   0: 3 0x800086cc (0x03002933) x18 0x00000000
core   0: 0x800086d0 (0xf26bb213) sltiu   tp, s7, -218
core   0: 3 0x800086d0 (0xf26bb213) x 4 0x00000001
core   0: 0x800086d4 (0x3cd5d8b7) lui     a7, 0x3cd5d
core   0: 3 0x800086d4 (0x3cd5d8b7) x17 0x3cd5d000
core   0: 0x800086d8 (0x7d117013) andi    zero, sp, 2001
core   0: 3 0x800086d8 (0x7d117013)
core   0: 0x800086dc (0x01ac04b3) add     s1, s8, s10
core   0: 3 0x800086dc (0x01ac04b3) x 9 0x90162000
core   0: 0x800086e0 (0x05f8acb7) lui     s9, 0x5f8a
core   0: 3 0x800086e0 (0x05f8acb7) x25 0x05f8a000
core   0: 0x800086e4 (0x3bab8693) addi    a3, s7, 954
core   0: 3 0x800086e4 (0x3bab8693) x13 0x000003bb
core   0: 0x800086e8 (0x0066fdb3) and     s11, a3, t1
core   0: 3 0x800086e8 (0x0066fdb3) x27 0x000000a1
core   0: 0x800086ec (0x02cbf833) remu    a6, s7, a2
core   0: 3 0x800086ec (0x02cbf833) x16 0x00000001
core   0: 0x800086f0 (0x40a75b33) sra     s6, a4, a0
core   0: 3 0x800086f0 (0x40a75b33) x22 0xfffff9fe
core   0: 0x800086f4 (0x01d4e933) or      s2, s1, t4
core   0: 3 0x800086f4 (0x01d4e933) x18 0x90162002
core   0: 0x800086f8 (0x0076feb3) and     t4, a3, t2
core   0: 3 0x800086f8 (0x0076feb3) x29 0x000003b8
core   0: 0x800086fc (0x020ece33) div     t3, t4, zero
core   0: 3 0x800086fc (0x020ece33) x28 0xffffffff
core   0: 0x80008700 (0x024c7533) remu    a0, s8, tp
core   0: 3 0x80008700 (0x024c7533) x10 0x00000000
core   0: 0x80008704 (0x02067db3) remu    s11, a2, zero
core   0: 3 0x80008704 (0x02067db3) x27 0x007713f8
core   0: 0x80008708 (0x00000013) nop
core   0: 3 0x80008708 (0x00000013)
core   0: 0x8000870c (0xeff08713) addi    a4, ra, -257
core   0: 3 0x8000870c (0xeff08713) x14 0xf526ceff
core   0: 0x80008710 (0x74e6e113) ori     sp, a3, 1870
core   0: 3 0x80008710 (0x74e6e113) x 2 0x000007ff
core   0: 0x80008714 (0x40bc8fb3) sub     t6, s9, a1
core   0: 3 0x80008714 (0x40bc8fb3) x31 0x05f8a000
core   0: 0x80008718 (0x40f88b33) sub     s6, a7, a5
core   0: 3 0x80008718 (0x40f88b33) x22 0x3cd5d101
core   0: 0x8000871c (0x0258f833) remu    a6, a7, t0
core   0: 3 0x8000871c (0x0258f833) x16 0x3cd5d000
core   0: 0x80008720 (0x01d3cc33) xor     s8, t2, t4
core   0: 3 0x80008720 (0x01d3cc33) x24 0x00771040
core   0: 0x80008724 (0x03070b33) mul     s6, a4, a6
core   0: 3 0x80008724 (0x03070b33) x22 0x865a3000
core   0: 0x80008728 (0x2eb82713) slti    a4, a6, 747
core   0: 3 0x80008728 (0x2eb82713) x14 0x00000000
core   0: 0x8000872c (0x00ff26b3) slt     a3, t5, a5
core   0: 3 0x8000872c (0x00ff26b3) x13 0x00000001
core   0: 0x80008730 (0x2fcf2d93) slti    s11, t5, 764
core   0: 3 0x80008730 (0x2fcf2d93) x27 0x00000001
core   0: 0x80008734 (0x03de11b3) mulh    gp, t3, t4
core   0: 3 0x80008734 (0x03de11b3) x 3 0xffffffff
core   0: 0x80008738 (0x006fb533) sltu    a0, t6, t1
core   0: 3 0x80008738 (0x006fb533) x10 0x00000000
core   0: 0x8000873c (0x5baf7193) andi    gp, t5, 1466
core   0: 3 0x8000873c (0x5baf7193) x 3 0x000004a0
core   0: 0x80008740 (0x03951433) mulh    s0, a0, s9
core   0: 3 0x80008740 (0x03951433) x 8 0x00000000
core   0: 0x80008744 (0x413bd333) sra     t1, s7, s3
core   0: 3 0x80008744 (0x413bd333) x 6 0x00000000
core   0: 0x80008748 (0x00d94533) xor     a0, s2, a3
core   0: 3 0x80008748 (0x00d94533) x10 0x90162003
core   0: 0x8000874c (0x026e1833) mulh    a6, t3, t1
core   0: 3 0x8000874c (0x026e1833) x16 0x00000000
core   0: 0x80008750 (0x00000013) nop
core   0: 3 0x80008750 (0x00000013)
core   0: 0x80008754 (0x027e4eb3) div     t4, t3, t2
core   0: 3 0x80008754 (0x027e4eb3) x29 0x00000000
core   0: 0x80008758 (0x01881f93) slli    t6, a6, 24
core   0: 3 0x80008758 (0x01881f93) x31 0x00000000
core   0: 0x8000875c (0x00ddb233) sltu    tp, s11, a3
core   0: 3 0x8000875c (0x00ddb233) x 4 0x00000000
core   0: 0x80008760 (0x02af4a33) div     s4, t5, a0
core   0: 3 0x80008760 (0x02af4a33) x20 0x00000001
core   0: 0x80008764 (0x0245f933) remu    s2, a1, tp
core   0: 3 0x80008764 (0x0245f933) x18 0x00000000
core   0: 0x80008768 (0x003e23b3) slt     t2, t3, gp
core   0: 3 0x80008768 (0x003e23b3) x 7 0x00000001
core   0: 0x8000876c (0x01735a33) srl     s4, t1, s7
core   0: 3 0x8000876c (0x01735a33) x20 0x00000000
core   0: 0x80008770 (0x003bd433) srl     s0, s7, gp
core   0: 3 0x80008770 (0x003bd433) x 8 0x00000001
core   0: 0x80008774 (0x408a0533) sub     a0, s4, s0
core   0: 3 0x80008774 (0x408a0533) x10 0xffffffff
core   0: 0x80008778 (0xe7fe8e13) addi    t3, t4, -385
core   0: 3 0x80008778 (0xe7fe8e13) x28 0xfffffe7f
core   0: 0x8000877c (0x2fec4613) xori    a2, s8, 766
core   0: 3 0x8000877c (0x2fec4613) x12 0x007712be
core   0: 0x80008780 (0x07f1ab97) auipc   s7, 0x7f1a
core   0: 3 0x80008780 (0x07f1ab97) x23 0x87f22780
core   0: 0x80008784 (0x00455533) srl     a0, a0, tp
core   0: 3 0x80008784 (0x00455533) x10 0xffffffff
core   0: 0x80008788 (0x00265c33) srl     s8, a2, sp
core   0: 3 0x80008788 (0x00265c33) x24 0x00000000
core   0: 0x8000878c (0x02785933) divu    s2, a6, t2
core   0: 3 0x8000878c (0x02785933) x18 0x00000000
core   0: 0x80008790 (0x4155d533) sra     a0, a1, s5
core   0: 3 0x80008790 (0x4155d533) x10 0x00000000
core   0: 0x80008794 (0x68272a13) slti    s4, a4, 1666
core   0: 3 0x80008794 (0x68272a13) x20 0x00000001
core   0: 0x80008798 (0x02ac0fb3) mul     t6, s8, a0
core   0: 3 0x80008798 (0x02ac0fb3) x31 0x00000000
core   0: 0x8000879c (0x7c657113) andi    sp, a0, 1990
core   0: 3 0x8000879c (0x7c657113) x 2 0x00000000
core   0: 0x800087a0 (0x31fb6b93) ori     s7, s6, 799
core   0: 3 0x800087a0 (0x31fb6b93) x23 0x865a331f
core   0: 0x800087a4 (0x031d3133) mulhu   sp, s10, a7
core   0: 3 0x800087a4 (0x031d3133) x 2 0x1e6ae800
core   0: 0x800087a8 (0x0f614813) xori    a6, sp, 246
core   0: 3 0x800087a8 (0x0f614813) x16 0x1e6ae8f6
core   0: 0x800087ac (0x01d84233) xor     tp, a6, t4
core   0: 3 0x800087ac (0x01d84233) x 4 0x1e6ae8f6
core   0: 0x800087b0 (0x01043533) sltu    a0, s0, a6
core   0: 3 0x800087b0 (0x01043533) x10 0x00000001
core   0: 0x800087b4 (0x00c06333) or      t1, zero, a2
core   0: 3 0x800087b4 (0x00c06333) x 6 0x007712be
core   0: 0x800087b8 (0xe73c8113) addi    sp, s9, -397
core   0: 3 0x800087b8 (0xe73c8113) x 2 0x05f89e73
core   0: 0x800087bc (0x0302ae33) mulhsu  t3, t0, a6
core   0: 3 0x800087bc (0x0302ae33) x28 0x00000000
core   0: 0x800087c0 (0xda6a7293) andi    t0, s4, -602
core   0: 3 0x800087c0 (0xda6a7293) x 5 0x00000000
core   0: 0x800087c4 (0x03056a33) rem     s4, a0, a6
core   0: 3 0x800087c4 (0x03056a33) x20 0x00000001
core   0: 0x800087c8 (0x01df9cb3) sll     s9, t6, t4
core   0: 3 0x800087c8 (0x01df9cb3) x25 0x00000000
core   0: 0x800087cc (0x030cbfb3) mulhu   t6, s9, a6
core   0: 3 0x800087cc (0x030cbfb3) x31 0x00000000
core   0: 0x800087d0 (0x03ccf5b3) remu    a1, s9, t3
core   0: 3 0x800087d0 (0x03ccf5b3) x11 0x00000000
core   0: 0x800087d4 (0x0383ae33) mulhsu  t3, t2, s8
core   0: 3 0x800087d4 (0x0383ae33) x28 0x00000000
core   0: 0x800087d8 (0x02fa5533) divu    a0, s4, a5
core   0: 3 0x800087d8 (0x02fa5533) x10 0x00000000
core   0: 0x800087dc (0x1b2c2213) slti    tp, s8, 434
core   0: 3 0x800087dc (0x1b2c2213) x 4 0x00000001
core   0: 0x800087e0 (0x01ea1813) slli    a6, s4, 30
core   0: 3 0x800087e0 (0x01ea1813) x16 0x40000000
core   0: 0x800087e4 (0x015fd1b3) srl     gp, t6, s5
core   0: 3 0x800087e4 (0x015fd1b3) x 3 0x00000000
core   0: 0x800087e8 (0x0b0d5817) auipc   a6, 0xb0d5
core   0: 3 0x800087e8 (0x0b0d5817) x16 0x8b0dd7e8
core   0: 0x800087ec (0xf3f76113) ori     sp, a4, -193
core   0: 3 0x800087ec (0xf3f76113) x 2 0xffffff3f
core   0: 0x800087f0 (0x0112f733) and     a4, t0, a7
core   0: 3 0x800087f0 (0x0112f733) x14 0x00000000
core   0: 0x800087f4 (0x40555393) srai    t2, a0, 5
core   0: 3 0x800087f4 (0x40555393) x 7 0x00000000
core   0: 0x800087f8 (0xdcef6293) ori     t0, t5, -562
core   0: 3 0x800087f8 (0xdcef6293) x 5 0xfffffdee
core   0: 0x800087fc (0x00000013) nop
core   0: 3 0x800087fc (0x00000013)
core   0: 0x80008800 (0x00dfaa33) slt     s4, t6, a3
core   0: 3 0x80008800 (0x00dfaa33) x20 0x00000001
core   0: 0x80008804 (0x019c7333) and     t1, s8, s9
core   0: 3 0x80008804 (0x019c7333) x 6 0x00000000
core   0: 0x80008808 (0x01c98bb3) add     s7, s3, t3
core   0: 3 0x80008808 (0x01c98bb3) x23 0x80014e64
core   0: 0x8000880c (0x038d4e33) div     t3, s10, s8
core   0: 3 0x8000880c (0x038d4e33) x28 0xffffffff
core   0: 0x80008810 (0x41bd5633) sra     a2, s10, s11
core   0: 3 0x80008810 (0x41bd5633) x12 0xc0000000
core   0: 0x80008814 (0x03e79e33) mulh    t3, a5, t5
core   0: 3 0x80008814 (0x03e79e33) x28 0x00000080
core   0: 0x80008818 (0x009e6eb3) or      t4, t3, s1
core   0: 3 0x80008818 (0x009e6eb3) x29 0x90162080
core   0: 0x8000881c (0x00781093) slli    ra, a6, 7
core   0: 3 0x8000881c (0x00781093) x 1 0x86ebf400
core   0: 0x80008820 (0x40e10033) sub     zero, sp, a4
core   0: 3 0x80008820 (0x40e10033)
core   0: 0x80008824 (0x759a8913) addi    s2, s5, 1881
core   0: 3 0x80008824 (0x759a8913) x18 0x00000759
core   0: 0x80008828 (0x017d82b3) add     t0, s11, s7
core   0: 3 0x80008828 (0x017d82b3) x 5 0x80014e65
core   0: 0x8000882c (0x031b5eb3) divu    t4, s6, a7
core   0: 3 0x8000882c (0x031b5eb3) x29 0x00000002
core   0: 0x80008830 (0x03160533) mul     a0, a2, a7
core   0: 3 0x80008830 (0x03160533) x10 0x00000000
core   0: 0x80008834 (0xd6c35137) lui     sp, 0xd6c35
core   0: 3 0x80008834 (0xd6c35137) x 2 0xd6c35000
core   0: 0x80008838 (0x0145feb3) and     t4, a1, s4
core   0: 3 0x80008838 (0x0145feb3) x29 0x00000000
core   0: 0x8000883c (0x00d55893) srli    a7, a0, 13
core   0: 3 0x8000883c (0x00d55893) x17 0x00000000
core   0: 0x80008840 (0x17bfe593) ori     a1, t6, 379
core   0: 3 0x80008840 (0x17bfe593) x11 0x0000017b
core   0: 0x80008844 (0x0030aab3) slt     s5, ra, gp
core   0: 3 0x80008844 (0x0030aab3) x21 0x00000001
core   0: 0x80008848 (0x0355bdb3) mulhu   s11, a1, s5
core   0: 3 0x80008848 (0x0355bdb3) x27 0x00000000
core   0: 0x8000884c (0xdc90b913) sltiu   s2, ra, -567
core   0: 3 0x8000884c (0xdc90b913) x18 0x00000001
core   0: 0x80008850 (0x03234633) div     a2, t1, s2
core   0: 3 0x80008850 (0x03234633) x12 0x00000000
core   0: 0x80008854 (0x02c43bb3) mulhu   s7, s0, a2
core   0: 3 0x80008854 (0x02c43bb3) x23 0x00000000
core   0: 0x80008858 (0x0184d693) srli    a3, s1, 24
core   0: 3 0x80008858 (0x0184d693) x13 0x00000090
core   0: 0x8000885c (0x732da813) slti    a6, s11, 1842
core   0: 3 0x8000885c (0x732da813) x16 0x00000001
core   0: 0x80008860 (0xeb920893) addi    a7, tp, -327
core   0: 3 0x80008860 (0xeb920893) x17 0xfffffeba
core   0: 0x80008864 (0x01a12133) slt     sp, sp, s10
core   0: 3 0x80008864 (0x01a12133) x 2 0x00000000
core   0: 0x80008868 (0x61b993b7) lui     t2, 0x61b99
core   0: 3 0x80008868 (0x61b993b7) x 7 0x61b99000
core   0: 0x8000886c (0x00689893) slli    a7, a7, 6
core   0: 3 0x8000886c (0x00689893) x17 0xffffae80
core   0: 0x80008870 (0x40c85f93) srai    t6, a6, 12
core   0: 3 0x80008870 (0x40c85f93) x31 0x00000000
core   0: 0x80008874 (0x50b2b393) sltiu   t2, t0, 1291
core   0: 3 0x80008874 (0x50b2b393) x 7 0x00000000
core   0: 0x80008878 (0x03738933) mul     s2, t2, s7
core   0: 3 0x80008878 (0x03738933) x18 0x00000000
core   0: 0x8000887c (0x019dccb3) xor     s9, s11, s9
core   0: 3 0x8000887c (0x019dccb3) x25 0x00000000
core   0: 0x80008880 (0x0382a5b3) mulhsu  a1, t0, s8
core   0: 3 0x80008880 (0x0382a5b3) x11 0x00000000
core   0: 0x80008884 (0x001063b3) or      t2, zero, ra
core   0: 3 0x80008884 (0x001063b3) x 7 0x86ebf400
core   0: 0x80008888 (0x036148b3) div     a7, sp, s6
core   0: 3 0x80008888 (0x036148b3) x17 0x00000000
core   0: 0x8000888c (0xa225bb13) sltiu   s6, a1, -1502
core   0: 3 0x8000888c (0xa225bb13) x22 0x00000001
core   0: 0x80008890 (0x0396d733) divu    a4, a3, s9
core   0: 3 0x80008890 (0x0396d733) x14 0xffffffff
core   0: 0x80008894 (0x01a49d93) slli    s11, s1, 26
core   0: 3 0x80008894 (0x01a49d93) x27 0x00000000
core   0: 0x80008898 (0x02a151b3) divu    gp, sp, a0
core   0: 3 0x80008898 (0x02a151b3) x 3 0xffffffff
core   0: 0x8000889c (0x037b41b3) div     gp, s6, s7
core   0: 3 0x8000889c (0x037b41b3) x 3 0xffffffff
core   0: 0x800088a0 (0x0235e8b3) rem     a7, a1, gp
core   0: 3 0x800088a0 (0x0235e8b3) x17 0x00000000
core   0: 0x800088a4 (0xa0d2a417) auipc   s0, 0xa0d2a
core   0: 3 0x800088a4 (0xa0d2a417) x 8 0x20d328a4
core   0: 0x800088a8 (0x0001e033) or      zero, gp, zero
core   0: 3 0x800088a8 (0x0001e033)
core   0: 0x800088ac (0x63ea3093) sltiu   ra, s4, 1598
core   0: 3 0x800088ac (0x63ea3093) x 1 0x00000001
core   0: 0x800088b0 (0x02bf16b3) mulh    a3, t5, a1
core   0: 3 0x800088b0 (0x02bf16b3) x13 0x00000000
core   0: 0x800088b4 (0x00000013) nop
core   0: 3 0x800088b4 (0x00000013)
core   0: 0x800088b8 (0x5b87ce13) xori    t3, a5, 1464
core   0: 3 0x800088b8 (0x5b87ce13) x28 0xfffffb47
core   0: 0x800088bc (0x006b9d93) slli    s11, s7, 6
core   0: 3 0x800088bc (0x006b9d93) x27 0x00000000
core   0: 0x800088c0 (0x0326fb33) remu    s6, a3, s2
core   0: 3 0x800088c0 (0x0326fb33) x22 0x00000000
core   0: 0x800088c4 (0x0091ca33) xor     s4, gp, s1
core   0: 3 0x800088c4 (0x0091ca33) x20 0x6fe9dfff
core   0: 0x800088c8 (0x02823eb3) mulhu   t4, tp, s0
core   0: 3 0x800088c8 (0x02823eb3) x29 0x00000000
core   0: 0x800088cc (0x021e16b3) mulh    a3, t3, ra
core   0: 3 0x800088cc (0x021e16b3) x13 0xffffffff
core   0: 0x800088d0 (0x039b7933) remu    s2, s6, s9
core   0: 3 0x800088d0 (0x039b7933) x18 0x00000000
core   0: 0x800088d4 (0xcf88ec93) ori     s9, a7, -776
core   0: 3 0x800088d4 (0xcf88ec93) x25 0xfffffcf8
core   0: 0x800088d8 (0x02c49db3) mulh    s11, s1, a2
core   0: 3 0x800088d8 (0x02c49db3) x27 0x00000000
core   0: 0x800088dc (0x4400fb93) andi    s7, ra, 1088
core   0: 3 0x800088dc (0x4400fb93) x23 0x00000000
core   0: 0x800088e0 (0x002fda13) srli    s4, t6, 2
core   0: 3 0x800088e0 (0x002fda13) x20 0x00000000
core   0: 0x800088e4 (0xc193e717) auipc   a4, 0xc193e
core   0: 3 0x800088e4 (0xc193e717) x14 0x419468e4
core   0: 0x800088e8 (0x108a2093) slti    ra, s4, 264
core   0: 3 0x800088e8 (0x108a2093) x 1 0x00000001
core   0: 0x800088ec (0xd6942c13) slti    s8, s0, -663
core   0: 3 0x800088ec (0xd6942c13) x24 0x00000000
core   0: 0x800088f0 (0x012ab633) sltu    a2, s5, s2
core   0: 3 0x800088f0 (0x012ab633) x12 0x00000000
core   0: 0x800088f4 (0x019f9413) slli    s0, t6, 25
core   0: 3 0x800088f4 (0x019f9413) x 8 0x00000000
core   0: 0x800088f8 (0x03f7d7b3) divu    a5, a5, t6
core   0: 3 0x800088f8 (0x03f7d7b3) x15 0xffffffff
core   0: 0x800088fc (0x03f60733) mul     a4, a2, t6
core   0: 3 0x800088fc (0x03f60733) x14 0x00000000
core   0: 0x80008900 (0xe91ef837) lui     a6, 0xe91ef
core   0: 3 0x80008900 (0xe91ef837) x16 0xe91ef000
core   0: 0x80008904 (0x03984ab3) div     s5, a6, s9
core   0: 3 0x80008904 (0x03984ab3) x21 0x00078c3a
core   0: 0x80008908 (0x8bc0ce13) xori    t3, ra, -1860
core   0: 3 0x80008908 (0x8bc0ce13) x28 0xfffff8bd
core   0: 0x8000890c (0x017d1e33) sll     t3, s10, s7
core   0: 3 0x8000890c (0x017d1e33) x28 0x80000000
core   0: 0x80008910 (0x40cc5b33) sra     s6, s8, a2
core   0: 3 0x80008910 (0x40cc5b33) x22 0x00000000
core   0: 0x80008914 (0x03af1c33) mulh    s8, t5, s10
core   0: 3 0x80008914 (0x03af1c33) x24 0x3fff398e
core   0: 0x80008918 (0xea2f6b97) auipc   s7, 0xea2f6
core   0: 3 0x80008918 (0xea2f6b97) x23 0x6a2fe918
core   0: 0x8000891c (0x929b4a97) auipc   s5, 0x929b4
core   0: 3 0x8000891c (0x929b4a97) x21 0x129bc91c
core   0: 0x80008920 (0x03c7dfb3) divu    t6, a5, t3
core   0: 3 0x80008920 (0x03c7dfb3) x31 0x00000001
core   0: 0x80008924 (0x01c56db3) or      s11, a0, t3
core   0: 3 0x80008924 (0x01c56db3) x27 0x80000000
core   0: 0x80008928 (0xb3962d93) slti    s11, a2, -1223
core   0: 3 0x80008928 (0xb3962d93) x27 0x00000000
core   0: 0x8000892c (0x407e8db3) sub     s11, t4, t2
core   0: 3 0x8000892c (0x407e8db3) x27 0x79140c00
core   0: 0x80008930 (0x02095133) divu    sp, s2, zero
core   0: 3 0x80008930 (0x02095133) x 2 0xffffffff
core   0: 0x80008934 (0x40458033) sub     zero, a1, tp
core   0: 3 0x80008934 (0x40458033)
core   0: 0x80008938 (0xb7e26393) ori     t2, tp, -1154
core   0: 3 0x80008938 (0xb7e26393) x 7 0xfffffb7f
core   0: 0x8000893c (0x40a28e33) sub     t3, t0, a0
core   0: 3 0x8000893c (0x40a28e33) x28 0x80014e65
core   0: 0x80008940 (0x00000013) nop
core   0: 3 0x80008940 (0x00000013)
core   0: 0x80008944 (0x019cda93) srli    s5, s9, 25
core   0: 3 0x80008944 (0x019cda93) x21 0x0000007f
core   0: 0x80008948 (0x66fff313) andi    t1, t6, 1647
core   0: 3 0x80008948 (0x66fff313) x 6 0x00000001
core   0: 0x8000894c (0x0309e533) rem     a0, s3, a6
core   0: 3 0x8000894c (0x0309e533) x10 0xf2669e64
core   0: 0x80008950 (0x00000013) nop
core   0: 3 0x80008950 (0x00000013)
core   0: 0x80008954 (0x4093dc13) srai    s8, t2, 9
core   0: 3 0x80008954 (0x4093dc13) x24 0xfffffffd
core   0: 0x80008958 (0x00600433) add     s0, zero, t1
core   0: 3 0x80008958 (0x00600433) x 8 0x00000001
core   0: 0x8000895c (0x01ea5293) srli    t0, s4, 30
core   0: 3 0x8000895c (0x01ea5293) x 5 0x00000000
core   0: 0x80008960 (0x00e9d533) srl     a0, s3, a4
core   0: 3 0x80008960 (0x00e9d533) x10 0x80014e64
core   0: 0x80008964 (0x183b0593) addi    a1, s6, 387
core   0: 3 0x80008964 (0x183b0593) x11 0x00000183
core   0: 0x80008968 (0x017f9a33) sll     s4, t6, s7
core   0: 3 0x80008968 (0x017f9a33) x20 0x01000000
core   0: 0x8000896c (0x00965033) srl     zero, a2, s1
core   0: 3 0x8000896c (0x00965033)
core   0: 0x80008970 (0x017e3033) sltu    zero, t3, s7
core   0: 3 0x80008970 (0x017e3033)
core   0: 0x80008974 (0x6b33f213) andi    tp, t2, 1715
core   0: 3 0x80008974 (0x6b33f213) x 4 0x00000233
core   0: 0x80008978 (0x039b0433) mul     s0, s6, s9
core   0: 3 0x80008978 (0x039b0433) x 8 0x00000000
core   0: 0x8000897c (0x009294b3) sll     s1, t0, s1
core   0: 3 0x8000897c (0x009294b3) x 9 0x00000000
core   0: 0x80008980 (0x010a3e33) sltu    t3, s4, a6
core   0: 3 0x80008980 (0x010a3e33) x28 0x00000001
core   0: 0x80008984 (0x4056d093) srai    ra, a3, 5
core   0: 3 0x80008984 (0x4056d093) x 1 0xffffffff
core   0: 0x80008988 (0x708fe393) ori     t2, t6, 1800
core   0: 3 0x80008988 (0x708fe393) x 7 0x00000709
core   0: 0x8000898c (0x41c75d93) srai    s11, a4, 28
core   0: 3 0x8000898c (0x41c75d93) x27 0x00000000
core   0: 0x80008990 (0x022ad7b3) divu    a5, s5, sp
core   0: 3 0x80008990 (0x022ad7b3) x15 0x00000000
core   0: 0x80008994 (0xa0ed63b7) lui     t2, 0xa0ed6
core   0: 3 0x80008994 (0xa0ed63b7) x 7 0xa0ed6000
core   0: 0x80008998 (0x10abf393) andi    t2, s7, 266
core   0: 3 0x80008998 (0x10abf393) x 7 0x00000108
core   0: 0x8000899c (0x00a0f033) and     zero, ra, a0
core   0: 3 0x8000899c (0x00a0f033)
core   0: 0x800089a0 (0x626da017) auipc   zero, 0x626da
core   0: 3 0x800089a0 (0x626da017)
core   0: 0x800089a4 (0x02a51033) mulh    zero, a0, a0
core   0: 3 0x800089a4 (0x02a51033)
core   0: 0x800089a8 (0x00b5fe33) and     t3, a1, a1
core   0: 3 0x800089a8 (0x00b5fe33) x28 0x00000183
core   0: 0x800089ac (0x02a4d6b3) divu    a3, s1, a0
core   0: 3 0x800089ac (0x02a4d6b3) x13 0x00000000
core   0: 0x800089b0 (0x0302ebb3) rem     s7, t0, a6
core   0: 3 0x800089b0 (0x0302ebb3) x23 0x00000000
core   0: 0x800089b4 (0x00000013) nop
core   0: 3 0x800089b4 (0x00000013)
core   0: 0x800089b8 (0x0099cfb3) xor     t6, s3, s1
core   0: 3 0x800089b8 (0x0099cfb3) x31 0x80014e64
core   0: 0x800089bc (0x00580fb3) add     t6, a6, t0
core   0: 3 0x800089bc (0x00580fb3) x31 0xe91ef000
core   0: 0x800089c0 (0xcfa1c837) lui     a6, 0xcfa1c
core   0: 3 0x800089c0 (0xcfa1c837) x16 0xcfa1c000
core   0: 0x800089c4 (0xa2b20513) addi    a0, tp, -1493
core   0: 3 0x800089c4 (0xa2b20513) x10 0xfffffc5e
core   0: 0x800089c8 (0x002a96b3) sll     a3, s5, sp
core   0: 3 0x800089c8 (0x002a96b3) x13 0x80000000
core   0: 0x800089cc (0x00000013) nop
core   0: 3 0x800089cc (0x00000013)
core   0: 0x800089d0 (0x00d83e33) sltu    t3, a6, a3
core   0: 3 0x800089d0 (0x00d83e33) x28 0x00000000
core   0: 0x800089d4 (0x41efd133) sra     sp, t6, t5
core   0: 3 0x800089d4 (0x41efd133) x 2 0xfe91ef00
core   0: 0x800089d8 (0x031f2033) mulhsu  zero, t5, a7
core   0: 3 0x800089d8 (0x031f2033)
core   0: 0x800089dc (0x1b6d4a97) auipc   s5, 0x1b6d4
core   0: 3 0x800089dc (0x1b6d4a97) x21 0x9b6dc9dc
core   0: 0x800089e0 (0x00000013) nop
core   0: 3 0x800089e0 (0x00000013)
core   0: 0x800089e4 (0xec3e07b7) lui     a5, 0xec3e0
core   0: 3 0x800089e4 (0xec3e07b7) x15 0xec3e0000
core   0: 0x800089e8 (0x414e0ab3) sub     s5, t3, s4
core   0: 3 0x800089e8 (0x414e0ab3) x21 0xff000000
core   0: 0x800089ec (0xe2eca313) slti    t1, s9, -466
core   0: 3 0x800089ec (0xe2eca313) x 6 0x00000001
core   0: 0x800089f0 (0x0123e333) or      t1, t2, s2
core   0: 3 0x800089f0 (0x0123e333) x 6 0x00000108
core   0: 0x800089f4 (0x0061e533) or      a0, gp, t1
core   0: 3 0x800089f4 (0x0061e533) x10 0xffffffff
core   0: 0x800089f8 (0x36e4a913) slti    s2, s1, 878
core   0: 3 0x800089f8 (0x36e4a913) x18 0x00000001
core   0: 0x800089fc (0x010090b3) sll     ra, ra, a6
core   0: 3 0x800089fc (0x010090b3) x 1 0xffffffff
core   0: 0x80008a00 (0x009edfb3) srl     t6, t4, s1
core   0: 3 0x80008a00 (0x009edfb3) x31 0x00000000
core   0: 0x80008a04 (0x077e2a93) slti    s5, t3, 119
core   0: 3 0x80008a04 (0x077e2a93) x21 0x00000001
core   0: 0x80008a08 (0x813b2a93) slti    s5, s6, -2029
core   0: 3 0x80008a08 (0x813b2a93) x21 0x00000000
core   0: 0x80008a0c (0x037695b3) mulh    a1, a3, s7
core   0: 3 0x80008a0c (0x037695b3) x11 0x00000000
core   0: 0x80008a10 (0x4090d693) srai    a3, ra, 9
core   0: 3 0x80008a10 (0x4090d693) x13 0xffffffff
core   0: 0x80008a14 (0x023a5c33) divu    s8, s4, gp
core   0: 3 0x80008a14 (0x023a5c33) x24 0x00000000
core   0: 0x80008a18 (0x00000013) nop
core   0: 3 0x80008a18 (0x00000013)
core   0: 0x80008a1c (0x00675913) srli    s2, a4, 6
core   0: 3 0x80008a1c (0x00675913) x18 0x00000000
core   0: 0x80008a20 (0x04d6ed93) ori     s11, a3, 77
core   0: 3 0x80008a20 (0x04d6ed93) x27 0xffffffff
core   0: 0x80008a24 (0x034cd4b3) divu    s1, s9, s4
core   0: 3 0x80008a24 (0x034cd4b3) x 9 0x000000ff
core   0: 0x80008a28 (0x00d6ea33) or      s4, a3, a3
core   0: 3 0x80008a28 (0x00d6ea33) x20 0xffffffff
core   0: 0x80008a2c (0x03c69db3) mulh    s11, a3, t3
core   0: 3 0x80008a2c (0x03c69db3) x27 0x00000000
core   0: 0x80008a30 (0x8956c193) xori    gp, a3, -1899
core   0: 3 0x80008a30 (0x8956c193) x 3 0x0000076a
core   0: 0x80008a34 (0x0009b433) sltu    s0, s3, zero
core   0: 3 0x80008a34 (0x0009b433) x 8 0x00000000
core   0: 0x80008a38 (0x0273f533) remu    a0, t2, t2
core   0: 3 0x80008a38 (0x0273f533) x10 0x00000000
core   0: 0x80008a3c (0x02c4ddb3) divu    s11, s1, a2
core   0: 3 0x80008a3c (0x02c4ddb3) x27 0xffffffff
core   0: 0x80008a40 (0x403656b3) sra     a3, a2, gp
core   0: 3 0x80008a40 (0x403656b3) x13 0x00000000
core   0: 0x80008a44 (0x0334a633) mulhsu  a2, s1, s3
core   0: 3 0x80008a44 (0x0334a633) x12 0x0000007f
core   0: 0x80008a48 (0x0250d6b3) divu    a3, ra, t0
core   0: 3 0x80008a48 (0x0250d6b3) x13 0xffffffff
core   0: 0x80008a4c (0x038c1db3) mulh    s11, s8, s8
core   0: 3 0x80008a4c (0x038c1db3) x27 0x00000000
core   0: 0x80008a50 (0x036d0333) mul     t1, s10, s6
core   0: 3 0x80008a50 (0x036d0333) x 6 0x00000000
core   0: 0x80008a54 (0x00000013) nop
core   0: 3 0x80008a54 (0x00000013)
core   0: 0x80008a58 (0x17178317) auipc   t1, 0x17178
core   0: 3 0x80008a58 (0x17178317) x 6 0x97180a58
core   0: 0x80008a5c (0x03f86b33) rem     s6, a6, t6
core   0: 3 0x80008a5c (0x03f86b33) x22 0xcfa1c000
core   0: 0x80008a60 (0x03e65db3) divu    s11, a2, t5
core   0: 3 0x80008a60 (0x03e65db3) x27 0x00000000
core   0: 0x80008a64 (0x12ef5437) lui     s0, 0x12ef5
core   0: 3 0x80008a64 (0x12ef5437) x 8 0x12ef5000
core   0: 0x80008a68 (0x21e14113) xori    sp, sp, 542
core   0: 3 0x80008a68 (0x21e14113) x 2 0xfe91ed1e
core   0: 0x80008a6c (0x41f153b3) sra     t2, sp, t6
core   0: 3 0x80008a6c (0x41f153b3) x 7 0xfe91ed1e
core   0: 0x80008a70 (0x02132533) mulhsu  a0, t1, ra
core   0: 3 0x80008a70 (0x02132533) x10 0x97180a58
core   0: 0x80008a74 (0x00a89f93) slli    t6, a7, 10
core   0: 3 0x80008a74 (0x00a89f93) x31 0x00000000
core   0: 0x80008a78 (0x00885b13) srli    s6, a6, 8
core   0: 3 0x80008a78 (0x00885b13) x22 0x00cfa1c0
core   0: 0x80008a7c (0x003b9793) slli    a5, s7, 3
core   0: 3 0x80008a7c (0x003b9793) x15 0x00000000
core   0: 0x80008a80 (0xb9f5cd93) xori    s11, a1, -1121
core   0: 3 0x80008a80 (0xb9f5cd93) x27 0xfffffb9f
core   0: 0x80008a84 (0x1b4cb313) sltiu   t1, s9, 436
core   0: 3 0x80008a84 (0x1b4cb313) x 6 0x00000000
core   0: 0x80008a88 (0x02b6a633) mulhsu  a2, a3, a1
core   0: 3 0x80008a88 (0x02b6a633) x12 0x00000000
core   0: 0x80008a8c (0x00000013) nop
core   0: 3 0x80008a8c (0x00000013)
core   0: 0x80008a90 (0x2b7ea893) slti    a7, t4, 695
core   0: 3 0x80008a90 (0x2b7ea893) x17 0x00000001
core   0: 0x80008a94 (0x03c4b033) mulhu   zero, s1, t3
core   0: 3 0x80008a94 (0x03c4b033)
core   0: 0x80008a98 (0x011a2933) slt     s2, s4, a7
core   0: 3 0x80008a98 (0x011a2933) x18 0x00000001
core   0: 0x80008a9c (0xf8ab8513) addi    a0, s7, -118
core   0: 3 0x80008a9c (0xf8ab8513) x10 0xffffff8a
core   0: 0x80008aa0 (0x01c891b3) sll     gp, a7, t3
core   0: 3 0x80008aa0 (0x01c891b3) x 3 0x00000001
core   0: 0x80008aa4 (0x0219dab3) divu    s5, s3, ra
core   0: 3 0x80008aa4 (0x0219dab3) x21 0x00000000
core   0: 0x80008aa8 (0x037014b3) mulh    s1, zero, s7
core   0: 3 0x80008aa8 (0x037014b3) x 9 0x00000000
core   0: 0x80008aac (0x00847433) and     s0, s0, s0
core   0: 3 0x80008aac (0x00847433) x 8 0x12ef5000
core   0: 0x80008ab0 (0x0fc4e5b7) lui     a1, 0xfc4e
core   0: 3 0x80008ab0 (0x0fc4e5b7) x11 0x0fc4e000
core   0: 0x80008ab4 (0x0a263913) sltiu   s2, a2, 162
core   0: 3 0x80008ab4 (0x0a263913) x18 0x00000001
core   0: 0x80008ab8 (0x01241013) slli    zero, s0, 18
core   0: 3 0x80008ab8 (0x01241013)
core   0: 0x80008abc (0x410f5b33) sra     s6, t5, a6
core   0: 3 0x80008abc (0x410f5b33) x22 0x80018ce4
core   0: 0x80008ac0 (0x03eff8b3) remu    a7, t6, t5
core   0: 3 0x80008ac0 (0x03eff8b3) x17 0x00000000
core   0: 0x80008ac4 (0x410dd913) srai    s2, s11, 16
core   0: 3 0x80008ac4 (0x410dd913) x18 0xffffffff
core   0: 0x80008ac8 (0x03a50333) mul     t1, a0, s10
core   0: 3 0x80008ac8 (0x03a50333) x 6 0x00000000
core   0: 0x80008acc (0x41a5d693) srai    a3, a1, 26
core   0: 3 0x80008acc (0x41a5d693) x13 0x00000003
core   0: 0x80008ad0 (0x030936b3) mulhu   a3, s2, a6
core   0: 3 0x80008ad0 (0x030936b3) x13 0xcfa1bfff
core   0: 0x80008ad4 (0x00a064b3) or      s1, zero, a0
core   0: 3 0x80008ad4 (0x00a064b3) x 9 0xffffff8a
core   0: 0x80008ad8 (0x00000013) nop
core   0: 3 0x80008ad8 (0x00000013)
core   0: 0x80008adc (0x00000013) nop
core   0: 3 0x80008adc (0x00000013)
core   0: 0x80008ae0 (0x6e7bf493) andi    s1, s7, 1767
core   0: 3 0x80008ae0 (0x6e7bf493) x 9 0x00000000
core   0: 0x80008ae4 (0x03b18733) mul     a4, gp, s11
core   0: 3 0x80008ae4 (0x03b18733) x14 0xfffffb9f
core   0: 0x80008ae8 (0x06423093) sltiu   ra, tp, 100
core   0: 3 0x80008ae8 (0x06423093) x 1 0x00000000
core   0: 0x80008aec (0x41768e13) addi    t3, a3, 1047
core   0: 3 0x80008aec (0x41768e13) x28 0xcfa1c416
core   0: 0x80008af0 (0x42778693) addi    a3, a5, 1063
core   0: 3 0x80008af0 (0x42778693) x13 0x00000427
core   0: 0x80008af4 (0x022dab33) mulhsu  s6, s11, sp
core   0: 3 0x80008af4 (0x022dab33) x22 0xfffffba5
core   0: 0x80008af8 (0xee176f93) ori     t6, a4, -287
core   0: 3 0x80008af8 (0xee176f93) x31 0xffffffff
core   0: 0x80008afc (0x4d87f593) andi    a1, a5, 1240
core   0: 3 0x80008afc (0x4d87f593) x11 0x00000000
core   0: 0x80008b00 (0x40a8d113) srai    sp, a7, 10
core   0: 3 0x80008b00 (0x40a8d113) x 2 0x00000000
core   0: 0x80008b04 (0x037d7b33) remu    s6, s10, s7
core   0: 3 0x80008b04 (0x037d7b33) x22 0x80000000
core   0: 0x80008b08 (0x00cd5393) srli    t2, s10, 12
core   0: 3 0x80008b08 (0x00cd5393) x 7 0x00080000
core   0: 0x80008b0c (0x90fe7913) andi    s2, t3, -1777
core   0: 3 0x80008b0c (0x90fe7913) x18 0xcfa1c006
core   0: 0x80008b10 (0x99c1a093) slti    ra, gp, -1636
core   0: 3 0x80008b10 (0x99c1a093) x 1 0x00000000
core   0: 0x80008b14 (0x4dbe7113) andi    sp, t3, 1243
core   0: 3 0x80008b14 (0x4dbe7113) x 2 0x00000412
core   0: 0x80008b18 (0x02ce7bb3) remu    s7, t3, a2
core   0: 3 0x80008b18 (0x02ce7bb3) x23 0xcfa1c416
core   0: 0x80008b1c (0xbed7a393) slti    t2, a5, -1043
core   0: 3 0x80008b1c (0xbed7a393) x 7 0x00000000
core   0: 0x80008b20 (0xf1fac213) xori    tp, s5, -225
core   0: 3 0x80008b20 (0xf1fac213) x 4 0xffffff1f
core   0: 0x80008b24 (0x013475b3) and     a1, s0, s3
core   0: 3 0x80008b24 (0x013475b3) x11 0x00014000
core   0: 0x80008b28 (0x006a5833) srl     a6, s4, t1
core   0: 3 0x80008b28 (0x006a5833) x16 0xffffffff
core   0: 0x80008b2c (0x00d5ec33) or      s8, a1, a3
core   0: 3 0x80008b2c (0x00d5ec33) x24 0x00014427
core   0: 0x80008b30 (0x0172a933) slt     s2, t0, s7
core   0: 3 0x80008b30 (0x0172a933) x18 0x00000000
core   0: 0x80008b34 (0x41525e13) srai    t3, tp, 21
core   0: 3 0x80008b34 (0x41525e13) x28 0xffffffff
core   0: 0x80008b38 (0x03baa0b3) mulhsu  ra, s5, s11
core   0: 3 0x80008b38 (0x03baa0b3) x 1 0x00000000
core   0: 0x80008b3c (0x02ce25b3) mulhsu  a1, t3, a2
core   0: 3 0x80008b3c (0x02ce25b3) x11 0x00000000
core   0: 0x80008b40 (0xf3ac4e13) xori    t3, s8, -198
core   0: 3 0x80008b40 (0xf3ac4e13) x28 0xfffebb1d
core   0: 0x80008b44 (0x01201593) slli    a1, zero, 18
core   0: 3 0x80008b44 (0x01201593) x11 0x00000000
core   0: 0x80008b48 (0x31933713) sltiu   a4, t1, 793
core   0: 3 0x80008b48 (0x31933713) x14 0x00000001
core   0: 0x80008b4c (0x00125233) srl     tp, tp, ra
core   0: 3 0x80008b4c (0x00125233) x 4 0xffffff1f
core   0: 0x80008b50 (0x0092f733) and     a4, t0, s1
core   0: 3 0x80008b50 (0x0092f733) x14 0x00000000
core   0: 0x80008b54 (0x01f702b3) add     t0, a4, t6
core   0: 3 0x80008b54 (0x01f702b3) x 5 0xffffffff
core   0: 0x80008b58 (0x001bda13) srli    s4, s7, 1
core   0: 3 0x80008b58 (0x001bda13) x20 0x67d0e20b
core   0: 0x80008b5c (0x037c30b3) mulhu   ra, s8, s7
core   0: 3 0x80008b5c (0x037c30b3) x 1 0x000106e8
core   0: 0x80008b60 (0xffa6fd93) andi    s11, a3, -6
core   0: 3 0x80008b60 (0xffa6fd93) x27 0x00000422
core   0: 0x80008b64 (0x01e1be33) sltu    t3, gp, t5
core   0: 3 0x80008b64 (0x01e1be33) x28 0x00000001
core   0: 0x80008b68 (0x03a7d433) divu    s0, a5, s10
core   0: 3 0x80008b68 (0x03a7d433) x 8 0x00000000
core   0: 0x80008b6c (0x029a2133) mulhsu  sp, s4, s1
core   0: 3 0x80008b6c (0x029a2133) x 2 0x00000000
core   0: 0x80008b70 (0xca7da913) slti    s2, s11, -857
core   0: 3 0x80008b70 (0xca7da913) x18 0x00000000
core   0: 0x80008b74 (0x021eb1b3) mulhu   gp, t4, ra
core   0: 3 0x80008b74 (0x021eb1b3) x 3 0x00000000
core   0: 0x80008b78 (0x01bf6533) or      a0, t5, s11
core   0: 3 0x80008b78 (0x01bf6533) x10 0x80018ce6
core   0: 0x80008b7c (0x03df6c33) rem     s8, t5, t4
core   0: 3 0x80008b7c (0x03df6c33) x24 0x80018ce4
core   0: 0x80008b80 (0x00000013) nop
core   0: 3 0x80008b80 (0x00000013)
core   0: 0x80008b84 (0x00bf1e13) slli    t3, t5, 11
core   0: 3 0x80008b84 (0x00bf1e13) x28 0x0c672000
core   0: 0x80008b88 (0x407b8ab3) sub     s5, s7, t2
core   0: 3 0x80008b88 (0x407b8ab3) x21 0xcfa1c416
core   0: 0x80008b8c (0x01612933) slt     s2, sp, s6
core   0: 3 0x80008b8c (0x01612933) x18 0x00000000
core   0: 0x80008b90 (0x118b2313) slti    t1, s6, 280
core   0: 3 0x80008b90 (0x118b2313) x 6 0x00000001
core   0: 0x80008b94 (0x0abef913) andi    s2, t4, 171
core   0: 3 0x80008b94 (0x0abef913) x18 0x00000000
core   0: 0x80008b98 (0x01af9eb3) sll     t4, t6, s10
core   0: 3 0x80008b98 (0x01af9eb3) x29 0xffffffff
core   0: 0x80008b9c (0x00dc9733) sll     a4, s9, a3
core   0: 3 0x80008b9c (0x00dc9733) x14 0xfffe7c00
core   0: 0x80008ba0 (0x034e7933) remu    s2, t3, s4
core   0: 3 0x80008ba0 (0x034e7933) x18 0x0c672000
core   0: 0x80008ba4 (0x0185c833) xor     a6, a1, s8
core   0: 3 0x80008ba4 (0x0185c833) x16 0x80018ce4
core   0: 0x80008ba8 (0x00c73633) sltu    a2, a4, a2
core   0: 3 0x80008ba8 (0x00c73633) x12 0x00000000
core   0: 0x80008bac (0x022d22b3) mulhsu  t0, s10, sp
core   0: 3 0x80008bac (0x022d22b3) x 5 0x00000000
core   0: 0x80008bb0 (0x012e7533) and     a0, t3, s2
core   0: 3 0x80008bb0 (0x012e7533) x10 0x0c672000
core   0: 0x80008bb4 (0x69166c13) ori     s8, a2, 1681
core   0: 3 0x80008bb4 (0x69166c13) x24 0x00000691
core   0: 0x80008bb8 (0x02d35133) divu    sp, t1, a3
core   0: 3 0x80008bb8 (0x02d35133) x 2 0x00000000
core   0: 0x80008bbc (0x41e1d533) sra     a0, gp, t5
core   0: 3 0x80008bbc (0x41e1d533) x10 0x00000000
core   0: 0x80008bc0 (0x015df333) and     t1, s11, s5
core   0: 3 0x80008bc0 (0x015df333) x 6 0x00000402
core   0: 0x80008bc4 (0xb6eef793) andi    a5, t4, -1170
core   0: 3 0x80008bc4 (0xb6eef793) x15 0xfffffb6e
core   0: 0x80008bc8 (0x039cfc33) remu    s8, s9, s9
core   0: 3 0x80008bc8 (0x039cfc33) x24 0x00000000
core   0: 0x80008bcc (0x019718b3) sll     a7, a4, s9
core   0: 3 0x80008bcc (0x019718b3) x17 0x00000000
core   0: 0x80008bd0 (0x00d2f7b3) and     a5, t0, a3
core   0: 3 0x80008bd0 (0x00d2f7b3) x15 0x00000000
core   0: 0x80008bd4 (0x036110b3) mulh    ra, sp, s6
core   0: 3 0x80008bd4 (0x036110b3) x 1 0x00000000
core   0: 0x80008bd8 (0x00614233) xor     tp, sp, t1
core   0: 3 0x80008bd8 (0x00614233) x 4 0x00000402
core   0: 0x80008bdc (0x001aafb3) slt     t6, s5, ra
core   0: 3 0x80008bdc (0x001aafb3) x31 0x00000001
core   0: 0x80008be0 (0x68364c13) xori    s8, a2, 1667
core   0: 3 0x80008be0 (0x68364c13) x24 0x00000683
core   0: 0x80008be4 (0x01eda933) slt     s2, s11, t5
core   0: 3 0x80008be4 (0x01eda933) x18 0x00000000
core   0: 0x80008be8 (0x7baa7e13) andi    t3, s4, 1978
core   0: 3 0x80008be8 (0x7baa7e13) x28 0x0000020a
core   0: 0x80008bec (0x6e558313) addi    t1, a1, 1765
core   0: 3 0x80008bec (0x6e558313) x 6 0x000006e5
core   0: 0x80008bf0 (0x012016b3) sll     a3, zero, s2
core   0: 3 0x80008bf0 (0x012016b3) x13 0x00000000
core   0: 0x80008bf4 (0xc7226d93) ori     s11, tp, -910
core   0: 3 0x80008bf4 (0xc7226d93) x27 0xfffffc72
core   0: 0x80008bf8 (0x01d71c13) slli    s8, a4, 29
core   0: 3 0x80008bf8 (0x01d71c13) x24 0x00000000
core   0: 0x80008bfc (0x8ba40a93) addi    s5, s0, -1862
core   0: 3 0x80008bfc (0x8ba40a93) x21 0xfffff8ba
core   0: 0x80008c00 (0x01e05e33) srl     t3, zero, t5
core   0: 3 0x80008c00 (0x01e05e33) x28 0x00000000
core   0: 0x80008c04 (0x023e8433) mul     s0, t4, gp
core   0: 3 0x80008c04 (0x023e8433) x 8 0x00000000
core   0: 0x80008c08 (0x41b2d4b3) sra     s1, t0, s11
core   0: 3 0x80008c08 (0x41b2d4b3) x 9 0x00000000
core   0: 0x80008c0c (0x00a85393) srli    t2, a6, 10
core   0: 3 0x80008c0c (0x00a85393) x 7 0x00200063
core   0: 0x80008c10 (0x02128133) mul     sp, t0, ra
core   0: 3 0x80008c10 (0x02128133) x 2 0x00000000
core   0: 0x80008c14 (0x0c78c693) xori    a3, a7, 199
core   0: 3 0x80008c14 (0x0c78c693) x13 0x000000c7
core   0: 0x80008c18 (0x01698433) add     s0, s3, s6
core   0: 3 0x80008c18 (0x01698433) x 8 0x00014e64
core   0: 0x80008c1c (0x011137b3) sltu    a5, sp, a7
core   0: 3 0x80008c1c (0x011137b3) x15 0x00000000
core   0: 0x80008c20 (0x6f528e13) addi    t3, t0, 1781
core   0: 3 0x80008c20 (0x6f528e13) x28 0x000006f5
core   0: 0x80008c24 (0xc0bfed93) ori     s11, t6, -1013
core   0: 3 0x80008c24 (0xc0bfed93) x27 0xfffffc0b
core   0: 0x80008c28 (0x27bd4293) xori    t0, s10, 635
core   0: 3 0x80008c28 (0x27bd4293) x 5 0x8000027b
core   0: 0x80008c2c (0x00aad1b3) srl     gp, s5, a0
core   0: 3 0x80008c2c (0x00aad1b3) x 3 0xfffff8ba
core   0: 0x80008c30 (0x9e0758b7) lui     a7, 0x9e075
core   0: 3 0x80008c30 (0x9e0758b7) x17 0x9e075000
core   0: 0x80008c34 (0x44b9a917) auipc   s2, 0x44b9a
core   0: 3 0x80008c34 (0x44b9a917) x18 0xc4ba2c34
core   0: 0x80008c38 (0xf3b37313) andi    t1, t1, -197
core   0: 3 0x80008c38 (0xf3b37313) x 6 0x00000621
core   0: 0x80008c3c (0x033b8ab3) mul     s5, s7, s3
core   0: 3 0x80008c3c (0x033b8ab3) x21 0x29054c98
core   0: 0x80008c40 (0x325dcd97) auipc   s11, 0x325dc
core   0: 3 0x80008c40 (0x325dcd97) x27 0xb25e4c40
core   0: 0x80008c44 (0x41b5d933) sra     s2, a1, s11
core   0: 3 0x80008c44 (0x41b5d933) x18 0x00000000
core   0: 0x80008c48 (0x01118db3) add     s11, gp, a7
core   0: 3 0x80008c48 (0x01118db3) x27 0x9e0748ba
core   0: 0x80008c4c (0x40745513) srai    a0, s0, 7
core   0: 3 0x80008c4c (0x40745513) x10 0x0000029c
core   0: 0x80008c50 (0x9f504713) xori    a4, zero, -1547
core   0: 3 0x80008c50 (0x9f504713) x14 0xfffff9f5
core   0: 0x80008c54 (0x023b35b3) mulhu   a1, s6, gp
core   0: 3 0x80008c54 (0x023b35b3) x11 0x7ffffc5d
core   0: 0x80008c58 (0x031b5e33) divu    t3, s6, a7
core   0: 3 0x80008c58 (0x031b5e33) x28 0x00000000
core   0: 0x80008c5c (0x00000013) nop
core   0: 3 0x80008c5c (0x00000013)
core   0: 0x80008c60 (0x029a4433) div     s0, s4, s1
core   0: 3 0x80008c60 (0x029a4433) x 8 0xffffffff
core   0: 0x80008c64 (0x02ee3633) mulhu   a2, t3, a4
core   0: 3 0x80008c64 (0x02ee3633) x12 0x00000000
core   0: 0x80008c68 (0xcf558a93) addi    s5, a1, -779
core   0: 3 0x80008c68 (0xcf558a93) x21 0x7ffff952
core   0: 0x80008c6c (0xa97b3737) lui     a4, 0xa97b3
core   0: 3 0x80008c6c (0xa97b3737) x14 0xa97b3000
core   0: 0x80008c70 (0xfaf1b017) auipc   zero, 0xfaf1b
core   0: 3 0x80008c70 (0xfaf1b017)
core   0: 0x80008c74 (0x019d7ab3) and     s5, s10, s9
core   0: 3 0x80008c74 (0x019d7ab3) x21 0x80000000
core   0: 0x80008c78 (0x018c3db3) sltu    s11, s8, s8
core   0: 3 0x80008c78 (0x018c3db3) x27 0x00000000
core   0: 0x80008c7c (0x00ee4fb3) xor     t6, t3, a4
core   0: 3 0x80008c7c (0x00ee4fb3) x31 0xa97b3000
core   0: 0x80008c80 (0x033fc333) div     t1, t6, s3
core   0: 3 0x80008c80 (0x033fc333) x 6 0x00000000
core   0: 0x80008c84 (0x00bfe533) or      a0, t6, a1
core   0: 3 0x80008c84 (0x00bfe533) x10 0xfffffc5d
core   0: 0x80008c88 (0x0349ffb3) remu    t6, s3, s4
core   0: 3 0x80008c88 (0x0349ffb3) x31 0x18306c59
core   0: 0x80008c8c (0xbf5a4193) xori    gp, s4, -1035
core   0: 3 0x80008c8c (0xbf5a4193) x 3 0x982f19fe
core   0: 0x80008c90 (0x009cc733) xor     a4, s9, s1
core   0: 3 0x80008c90 (0x009cc733) x14 0xfffffcf8
core   0: 0x80008c94 (0x02312833) mulhsu  a6, sp, gp
core   0: 3 0x80008c94 (0x02312833) x16 0x00000000
core   0: 0x80008c98 (0x010648b3) xor     a7, a2, a6
core   0: 3 0x80008c98 (0x010648b3) x17 0x00000000
core   0: 0x80008c9c (0x0208a633) mulhsu  a2, a7, zero
core   0: 3 0x80008c9c (0x0208a633) x12 0x00000000
core   0: 0x80008ca0 (0x01582613) slti    a2, a6, 21
core   0: 3 0x80008ca0 (0x01582613) x12 0x00000001
core   0: 0x80008ca4 (0x01eebeb3) sltu    t4, t4, t5
core   0: 3 0x80008ca4 (0x01eebeb3) x29 0x00000000
core   0: 0x80008ca8 (0x024676b3) remu    a3, a2, tp
core   0: 3 0x80008ca8 (0x024676b3) x13 0x00000001
core   0: 0x80008cac (0x01a41833) sll     a6, s0, s10
core   0: 3 0x80008cac (0x01a41833) x16 0xffffffff
core   0: 0x80008cb0 (0x9957c293) xori    t0, a5, -1643
core   0: 3 0x80008cb0 (0x9957c293) x 5 0xfffff995
core   0: 0x80008cb4 (0x00000013) nop
core   0: 3 0x80008cb4 (0x00000013)
core   0: 0x80008cb8 (0x00000013) nop
core   0: 3 0x80008cb8 (0x00000013)
core   0: 0x80008cbc (0x029dfcb3) remu    s9, s11, s1
core   0: 3 0x80008cbc (0x029dfcb3) x25 0x00000000
core   0: 0x80008cc0 (0x030eb433) mulhu   s0, t4, a6
core   0: 3 0x80008cc0 (0x030eb433) x 8 0x00000000
core   0: 0x80008cc4 (0x6c6d6413) ori     s0, s10, 1734
core   0: 3 0x80008cc4 (0x6c6d6413) x 8 0x800006c6
core   0: 0x80008cc8 (0x001868b3) or      a7, a6, ra
core   0: 3 0x80008cc8 (0x001868b3) x17 0xffffffff
core   0: 0x80008ccc (0x98b87913) andi    s2, a6, -1653
core   0: 3 0x80008ccc (0x98b87913) x18 0xfffff98b
core   0: 0x80008cd0 (0x00000013) nop
core   0: 3 0x80008cd0 (0x00000013)
core   0: 0x80008cd4 (0x02014933) div     s2, sp, zero
core   0: 3 0x80008cd4 (0x02014933) x18 0xffffffff
core   0: 0x80008cd8 (0x0e142213) slti    tp, s0, 225
core   0: 3 0x80008cd8 (0x0e142213) x 4 0x00000001
core   0: 0x80008cdc (0x03891e33) mulh    t3, s2, s8
core   0: 3 0x80008cdc (0x03891e33) x28 0x00000000
core   0: 0x80008ce0 (0x037222b3) mulhsu  t0, tp, s7
core   0: 3 0x80008ce0 (0x037222b3) x 5 0x00000000
core   0: 0x80008ce4 (0xbdb96893) ori     a7, s2, -1061
core   0: 3 0x80008ce4 (0xbdb96893) x17 0xffffffff
core   0: 0x80008ce8 (0x0211e5b3) rem     a1, gp, ra
core   0: 3 0x80008ce8 (0x0211e5b3) x11 0x982f19fe
core   0: 0x80008cec (0x0161a6b3) slt     a3, gp, s6
core   0: 3 0x80008cec (0x0161a6b3) x13 0x00000000
core   0: 0x80008cf0 (0xb60df813) andi    a6, s11, -1184
core   0: 3 0x80008cf0 (0xb60df813) x16 0x00000000
core   0: 0x80008cf4 (0x0102b233) sltu    tp, t0, a6
core   0: 3 0x80008cf4 (0x0102b233) x 4 0x00000000
core   0: 0x80008cf8 (0x418c80b3) sub     ra, s9, s8
core   0: 3 0x80008cf8 (0x418c80b3) x 1 0x00000000
core   0: 0x80008cfc (0x03fd3ab3) mulhu   s5, s10, t6
core   0: 3 0x80008cfc (0x03fd3ab3) x21 0x0c18362c
core   0: 0x80008d00 (0xfe345617) auipc   a2, 0xfe345
core   0: 3 0x80008d00 (0xfe345617) x12 0x7e34dd00
core   0: 0x80008d04 (0x03e3c0b3) div     ra, t2, t5
core   0: 3 0x80008d04 (0x03e3c0b3) x 1 0x00000000
core   0: 0x80008d08 (0x1417ba13) sltiu   s4, a5, 321
core   0: 3 0x80008d08 (0x1417ba13) x20 0x00000001
core   0: 0x80008d0c (0x00385913) srli    s2, a6, 3
core   0: 3 0x80008d0c (0x00385913) x18 0x00000000
core   0: 0x80008d10 (0x4013d133) sra     sp, t2, ra
core   0: 3 0x80008d10 (0x4013d133) x 2 0x00200063
core   0: 0x80008d14 (0x018860b3) or      ra, a6, s8
core   0: 3 0x80008d14 (0x018860b3) x 1 0x00000000
core   0: 0x80008d18 (0x00000013) nop
core   0: 3 0x80008d18 (0x00000013)
core   0: 0x80008d1c (0x403381b3) sub     gp, t2, gp
core   0: 3 0x80008d1c (0x403381b3) x 3 0x67f0e665
core   0: 0x80008d20 (0xfa752913) slti    s2, a0, -89
core   0: 3 0x80008d20 (0xfa752913) x18 0x00000001
core   0: 0x80008d24 (0x002e2533) slt     a0, t3, sp
core   0: 3 0x80008d24 (0x002e2533) x10 0x00000001
core   0: 0x80008d28 (0x1cac3b93) sltiu   s7, s8, 458
core   0: 3 0x80008d28 (0x1cac3b93) x23 0x00000001
core   0: 0x80008d2c (0xeb012b13) slti    s6, sp, -336
core   0: 3 0x80008d2c (0xeb012b13) x22 0x00000000
core   0: 0x80008d30 (0x013ddab3) srl     s5, s11, s3
core   0: 3 0x80008d30 (0x013ddab3) x21 0x00000000
core   0: 0x80008d34 (0x006123b3) slt     t2, sp, t1
core   0: 3 0x80008d34 (0x006123b3) x 7 0x00000000
core   0: 0x80008d38 (0x00b361b3) or      gp, t1, a1
core   0: 3 0x80008d38 (0x00b361b3) x 3 0x982f19fe
core   0: 0x80008d3c (0x03a86fb3) rem     t6, a6, s10
core   0: 3 0x80008d3c (0x03a86fb3) x31 0x00000000
core   0: 0x80008d40 (0xcb483493) sltiu   s1, a6, -844
core   0: 3 0x80008d40 (0xcb483493) x 9 0x00000001
core   0: 0x80008d44 (0x91ca6bb7) lui     s7, 0x91ca6
core   0: 3 0x80008d44 (0x91ca6bb7) x23 0x91ca6000
core   0: 0x80008d48 (0x8014c037) lui     zero, 0x8014c
core   0: 3 0x80008d48 (0x8014c037)
core   0: 0x80008d4c (0x02b20533) mul     a0, tp, a1
core   0: 3 0x80008d4c (0x02b20533) x10 0x00000000
core   0: 0x80008d50 (0xc0cd4f93) xori    t6, s10, -1012
core   0: 3 0x80008d50 (0xc0cd4f93) x31 0x7ffffc0c
core   0: 0x80008d54 (0x418e8333) sub     t1, t4, s8
core   0: 3 0x80008d54 (0x418e8333) x 6 0x00000000
core   0: 0x80008d58 (0x02fb3db3) mulhu   s11, s6, a5
core   0: 3 0x80008d58 (0x02fb3db3) x27 0x00000000
core   0: 0x80008d5c (0x020cd833) divu    a6, s9, zero
core   0: 3 0x80008d5c (0x020cd833) x16 0xffffffff
core   0: 0x80008d60 (0x020463b3) rem     t2, s0, zero
core   0: 3 0x80008d60 (0x020463b3) x 7 0x800006c6
core   0: 0x80008d64 (0x037fdfb3) divu    t6, t6, s7
core   0: 3 0x80008d64 (0x037fdfb3) x31 0x00000000
core   0: 0x80008d68 (0x00073cb3) sltu    s9, a4, zero
core   0: 3 0x80008d68 (0x00073cb3) x25 0x00000000
core   0: 0x80008d6c (0x51590593) addi    a1, s2, 1301
core   0: 3 0x80008d6c (0x51590593) x11 0x00000516
core   0: 0x80008d70 (0x030c13b3) mulh    t2, s8, a6
core   0: 3 0x80008d70 (0x030c13b3) x 7 0x00000000
core   0: 0x80008d74 (0x00000013) nop
core   0: 3 0x80008d74 (0x00000013)
core   0: 0x80008d78 (0x037f57b3) divu    a5, t5, s7
core   0: 3 0x80008d78 (0x037f57b3) x15 0x00000000
core   0: 0x80008d7c (0x4043de33) sra     t3, t2, tp
core   0: 3 0x80008d7c (0x4043de33) x28 0x00000000
core   0: 0x80008d80 (0x02e31733) mulh    a4, t1, a4
core   0: 3 0x80008d80 (0x02e31733) x14 0x00000000
core   0: 0x80008d84 (0x027d4a33) div     s4, s10, t2
core   0: 3 0x80008d84 (0x027d4a33) x20 0xffffffff
core   0: 0x80008d88 (0x02760133) mul     sp, a2, t2
core   0: 3 0x80008d88 (0x02760133) x 2 0x00000000
core   0: 0x80008d8c (0x00b515b3) sll     a1, a0, a1
core   0: 3 0x80008d8c (0x00b515b3) x11 0x00000000
core   0: 0x80008d90 (0x020b3333) mulhu   t1, s6, zero
core   0: 3 0x80008d90 (0x020b3333) x 6 0x00000000
core   0: 0x80008d94 (0x00365f93) srli    t6, a2, 3
core   0: 3 0x80008d94 (0x00365f93) x31 0x0fc69ba0
core   0: 0x80008d98 (0x00000013) nop
core   0: 3 0x80008d98 (0x00000013)
core   0: 0x80008d9c (0x290c6bb7) lui     s7, 0x290c6
core   0: 3 0x80008d9c (0x290c6bb7) x23 0x290c6000
core   0: 0x80008da0 (0xa3e54413) xori    s0, a0, -1474
core   0: 3 0x80008da0 (0xa3e54413) x 8 0xfffffa3e
core   0: 0x80008da4 (0x70572093) slti    ra, a4, 1797
core   0: 3 0x80008da4 (0x70572093) x 1 0x00000001
core   0: 0x80008da8 (0xf3a58493) addi    s1, a1, -198
core   0: 3 0x80008da8 (0xf3a58493) x 9 0xffffff3a
core   0: 0x80008dac (0x01f7d013) srli    zero, a5, 31
core   0: 3 0x80008dac (0x01f7d013)
core   0: 0x80008db0 (0x005141b3) xor     gp, sp, t0
core   0: 3 0x80008db0 (0x005141b3) x 3 0x00000000
core   0: 0x80008db4 (0x0197db33) srl     s6, a5, s9
core   0: 3 0x80008db4 (0x0197db33) x22 0x00000000
core   0: 0x80008db8 (0x400b55b3) sra     a1, s6, zero
core   0: 3 0x80008db8 (0x400b55b3) x11 0x00000000
core   0: 0x80008dbc (0x024ad533) divu    a0, s5, tp
core   0: 3 0x80008dbc (0x024ad533) x10 0xffffffff
core   0: 0x80008dc0 (0x00d99133) sll     sp, s3, a3
core   0: 3 0x80008dc0 (0x00d99133) x 2 0x80014e64
core   0: 0x80008dc4 (0x016310b3) sll     ra, t1, s6
core   0: 3 0x80008dc4 (0x016310b3) x 1 0x00000000
core   0: 0x80008dc8 (0x08c0c293) xori    t0, ra, 140
core   0: 3 0x80008dc8 (0x08c0c293) x 5 0x0000008c
core   0: 0x80008dcc (0x014ade13) srli    t3, s5, 20
core   0: 3 0x80008dcc (0x014ade13) x28 0x00000000
core   0: 0x80008dd0 (0x41d95933) sra     s2, s2, t4
core   0: 3 0x80008dd0 (0x41d95933) x18 0x00000001
core   0: 0x80008dd4 (0x00000013) nop
core   0: 3 0x80008dd4 (0x00000013)
core   0: 0x80008dd8 (0x006044b3) xor     s1, zero, t1
core   0: 3 0x80008dd8 (0x006044b3) x 9 0x00000000
core   0: 0x80008ddc (0x01015ab3) srl     s5, sp, a6
core   0: 3 0x80008ddc (0x01015ab3) x21 0x00000001
core   0: 0x80008de0 (0x413ed733) sra     a4, t4, s3
core   0: 3 0x80008de0 (0x413ed733) x14 0x00000000
core   0: 0x80008de4 (0x2aaf8297) auipc   t0, 0x2aaf8
core   0: 3 0x80008de4 (0x2aaf8297) x 5 0xaab00de4
core   0: 0x80008de8 (0x40a6d0b3) sra     ra, a3, a0
core   0: 3 0x80008de8 (0x40a6d0b3) x 1 0x00000000
core   0: 0x80008dec (0x000fd093) srli    ra, t6, 0
core   0: 3 0x80008dec (0x000fd093) x 1 0x0fc69ba0
core   0: 0x80008df0 (0x00000013) nop
core   0: 3 0x80008df0 (0x00000013)
core   0: 0x80008df4 (0x039eca33) div     s4, t4, s9
core   0: 3 0x80008df4 (0x039eca33) x20 0xffffffff
core   0: 0x80008df8 (0x00a19ab3) sll     s5, gp, a0
core   0: 3 0x80008df8 (0x00a19ab3) x21 0x00000000
core   0: 0x80008dfc (0x0cf8ac13) slti    s8, a7, 207
core   0: 3 0x80008dfc (0x0cf8ac13) x24 0x00000001
core   0: 0x80008e00 (0x00b32833) slt     a6, t1, a1
core   0: 3 0x80008e00 (0x00b32833) x16 0x00000000
core   0: 0x80008e04 (0x002ad0b3) srl     ra, s5, sp
core   0: 3 0x80008e04 (0x002ad0b3) x 1 0x00000000
core   0: 0x80008e08 (0xace46c93) ori     s9, s0, -1330
core   0: 3 0x80008e08 (0xace46c93) x25 0xfffffafe
core   0: 0x80008e0c (0xc6951917) auipc   s2, 0xc6951
core   0: 3 0x80008e0c (0xc6951917) x18 0x46959e0c
core   0: 0x80008e10 (0x03c9bc33) mulhu   s8, s3, t3
core   0: 3 0x80008e10 (0x03c9bc33) x24 0x00000000
core   0: 0x80008e14 (0xdf400b93) li      s7, -524
core   0: 3 0x80008e14 (0xdf400b93) x23 0xfffffdf4
core   0: 0x80008e18 (0x03163cb3) mulhu   s9, a2, a7
core   0: 3 0x80008e18 (0x03163cb3) x25 0x7e34dcff
core   0: 0x80008e1c (0x0343efb3) rem     t6, t2, s4
core   0: 3 0x80008e1c (0x0343efb3) x31 0x00000000
core   0: 0x80008e20 (0x005fc1b3) xor     gp, t6, t0
core   0: 3 0x80008e20 (0x005fc1b3) x 3 0xaab00de4
core   0: 0x80008e24 (0x011f9c33) sll     s8, t6, a7
core   0: 3 0x80008e24 (0x011f9c33) x24 0x00000000
core   0: 0x80008e28 (0x01dc9e33) sll     t3, s9, t4
core   0: 3 0x80008e28 (0x01dc9e33) x28 0x7e34dcff
core   0: 0x80008e2c (0xda930193) addi    gp, t1, -599
core   0: 3 0x80008e2c (0xda930193) x 3 0xfffffda9
core   0: 0x80008e30 (0x00209db3) sll     s11, ra, sp
core   0: 3 0x80008e30 (0x00209db3) x27 0x00000000
core   0: 0x80008e34 (0x01158db3) add     s11, a1, a7
core   0: 3 0x80008e34 (0x01158db3) x27 0xffffffff
core   0: 0x80008e38 (0xe7136f93) ori     t6, t1, -399
core   0: 3 0x80008e38 (0xe7136f93) x31 0xfffffe71
core   0: 0x80008e3c (0x00eb9613) slli    a2, s7, 14
core   0: 3 0x80008e3c (0x00eb9613) x12 0xff7d0000
core   0: 0x80008e40 (0x03d321b3) mulhsu  gp, t1, t4
core   0: 3 0x80008e40 (0x03d321b3) x 3 0x00000000
core   0: 0x80008e44 (0x02b9dcb7) lui     s9, 0x2b9d
core   0: 3 0x80008e44 (0x02b9dcb7) x25 0x02b9d000
core   0: 0x80008e48 (0x71074a93) xori    s5, a4, 1808
core   0: 3 0x80008e48 (0x71074a93) x21 0x00000710
core   0: 0x80008e4c (0x00ab9733) sll     a4, s7, a0
core   0: 3 0x80008e4c (0x00ab9733) x14 0x00000000
core   0: 0x80008e50 (0x44008913) addi    s2, ra, 1088
core   0: 3 0x80008e50 (0x44008913) x18 0x00000440
core   0: 0x80008e54 (0x7160b793) sltiu   a5, ra, 1814
core   0: 3 0x80008e54 (0x7160b793) x15 0x00000001
core   0: 0x80008e58 (0x002886b3) add     a3, a7, sp
core   0: 3 0x80008e58 (0x002886b3) x13 0x80014e63
core   0: 0x80008e5c (0x013a0c33) add     s8, s4, s3
core   0: 3 0x80008e5c (0x013a0c33) x24 0x80014e63
core   0: 0x80008e60 (0x00000013) nop
core   0: 3 0x80008e60 (0x00000013)
core   0: 0x80008e64 (0x6fa96d93) ori     s11, s2, 1786
core   0: 3 0x80008e64 (0x6fa96d93) x27 0x000006fa
core   0: 0x80008e68 (0xebd24493) xori    s1, tp, -323
core   0: 3 0x80008e68 (0xebd24493) x 9 0xfffffebd
core   0: 0x80008e6c (0x59326017) auipc   zero, 0x59326
core   0: 3 0x80008e6c (0x59326017)
core   0: 0x80008e70 (0x00981093) slli    ra, a6, 9
core   0: 3 0x80008e70 (0x00981093) x 1 0x00000000
core   0: 0x80008e74 (0xd77e81b7) lui     gp, 0xd77e8
core   0: 3 0x80008e74 (0xd77e81b7) x 3 0xd77e8000
core   0: 0x80008e78 (0x013c8db3) add     s11, s9, s3
core   0: 3 0x80008e78 (0x013c8db3) x27 0x82bb1e64
core   0: 0x80008e7c (0x017717b3) sll     a5, a4, s7
core   0: 3 0x80008e7c (0x017717b3) x15 0x00000000
core   0: 0x80008e80 (0x408ed813) srai    a6, t4, 8
core   0: 3 0x80008e80 (0x408ed813) x16 0x00000000
core   0: 0x80008e84 (0x41975b33) sra     s6, a4, s9
core   0: 3 0x80008e84 (0x41975b33) x22 0x00000000
core   0: 0x80008e88 (0x03213333) mulhu   t1, sp, s2
core   0: 3 0x80008e88 (0x03213333) x 6 0x00000220
core   0: 0x80008e8c (0x033d6633) rem     a2, s10, s3
core   0: 3 0x80008e8c (0x033d6633) x12 0xfffeb19c
core   0: 0x80008e90 (0x982f6593) ori     a1, t5, -1662
core   0: 3 0x80008e90 (0x982f6593) x11 0xfffffde6
core   0: 0x80008e94 (0x02ba9733) mulh    a4, s5, a1
core   0: 3 0x80008e94 (0x02ba9733) x14 0xffffffff
core   0: 0x80008e98 (0xd6c23313) sltiu   t1, tp, -660
core   0: 3 0x80008e98 (0xd6c23313) x 6 0x00000001
core   0: 0x80008e9c (0xa1ed3113) sltiu   sp, s10, -1506
core   0: 3 0x80008e9c (0xa1ed3113) x 2 0x00000001
core   0: 0x80008ea0 (0x023f78b3) remu    a7, t5, gp
core   0: 3 0x80008ea0 (0x023f78b3) x17 0x80018ce4
core   0: 0x80008ea4 (0xd9a12213) slti    tp, sp, -614
core   0: 3 0x80008ea4 (0xd9a12213) x 4 0x00000000
core   0: 0x80008ea8 (0x03755533) divu    a0, a0, s7
core   0: 3 0x80008ea8 (0x03755533) x10 0x00000001
core   0: 0x80008eac (0x403a0133) sub     sp, s4, gp
core   0: 3 0x80008eac (0x403a0133) x 2 0x28817fff
core   0: 0x80008eb0 (0xdc2db893) sltiu   a7, s11, -574
core   0: 3 0x80008eb0 (0xdc2db893) x17 0x00000001
core   0: 0x80008eb4 (0x0179d713) srli    a4, s3, 23
core   0: 3 0x80008eb4 (0x0179d713) x14 0x00000100
core   0: 0x80008eb8 (0x02f98db3) mul     s11, s3, a5
core   0: 3 0x80008eb8 (0x02f98db3) x27 0x00000000
core   0: 0x80008ebc (0x008765b3) or      a1, a4, s0
core   0: 3 0x80008ebc (0x008765b3) x11 0xfffffb3e
core   0: 0x80008ec0 (0x0053e6b3) or      a3, t2, t0
core   0: 3 0x80008ec0 (0x0053e6b3) x13 0xaab00de4
core   0: 0x80008ec4 (0x01447db3) and     s11, s0, s4
core   0: 3 0x80008ec4 (0x01447db3) x27 0xfffffa3e
core   0: 0x80008ec8 (0x354afe93) andi    t4, s5, 852
core   0: 3 0x80008ec8 (0x354afe93) x29 0x00000310
core   0: 0x80008ecc (0x00924fb3) xor     t6, tp, s1
core   0: 3 0x80008ecc (0x00924fb3) x31 0xfffffebd
core   0: 0x80008ed0 (0x01f69e33) sll     t3, a3, t6
core   0: 3 0x80008ed0 (0x01f69e33) x28 0x80000000
core   0: 0x80008ed4 (0x00e523b3) slt     t2, a0, a4
core   0: 3 0x80008ed4 (0x00e523b3) x 7 0x00000001
core   0: 0x80008ed8 (0xe938e617) auipc   a2, 0xe938e
core   0: 3 0x80008ed8 (0xe938e617) x12 0x69396ed8
core   0: 0x80008edc (0x0044dfb3) srl     t6, s1, tp
core   0: 3 0x80008edc (0x0044dfb3) x31 0xfffffebd
core   0: 0x80008ee0 (0x03dd4bb3) div     s7, s10, t4
core   0: 3 0x80008ee0 (0x03dd4bb3) x23 0xffd6343f
core   0: 0x80008ee4 (0x019a3633) sltu    a2, s4, s9
core   0: 3 0x80008ee4 (0x019a3633) x12 0x00000000
core   0: 0x80008ee8 (0xefd06413) ori     s0, zero, -259
core   0: 3 0x80008ee8 (0xefd06413) x 8 0xfffffefd
core   0: 0x80008eec (0x015c5a13) srli    s4, s8, 21
core   0: 3 0x80008eec (0x015c5a13) x20 0x00000400
core   0: 0x80008ef0 (0x01d31113) slli    sp, t1, 29
core   0: 3 0x80008ef0 (0x01d31113) x 2 0x20000000
core   0: 0x80008ef4 (0x406e8733) sub     a4, t4, t1
core   0: 3 0x80008ef4 (0x406e8733) x14 0x0000030f
core   0: 0x80008ef8 (0x03b2aeb3) mulhsu  t4, t0, s11
core   0: 3 0x80008ef8 (0x03b2aeb3) x29 0xaab00fcf
core   0: 0x80008efc (0x2eb24493) xori    s1, tp, 747
core   0: 3 0x80008efc (0x2eb24493) x 9 0x000002eb
core   0: 0x80008f00 (0x188be793) ori     a5, s7, 392
core   0: 3 0x80008f00 (0x188be793) x15 0xffd635bf
core   0: 0x80008f04 (0x00edb6b3) sltu    a3, s11, a4
core   0: 3 0x80008f04 (0x00edb6b3) x13 0x00000000
core   0: 0x80008f08 (0xad21e393) ori     t2, gp, -1326
core   0: 3 0x80008f08 (0xad21e393) x 7 0xfffffad2
core   0: 0x80008f0c (0x7704a713) slti    a4, s1, 1904
core   0: 3 0x80008f0c (0x7704a713) x14 0x00000001
core   0: 0x80008f10 (0x036190b3) mulh    ra, gp, s6
core   0: 3 0x80008f10 (0x036190b3) x 1 0x00000000
core   0: 0x80008f14 (0x00a99fb3) sll     t6, s3, a0
core   0: 3 0x80008f14 (0x00a99fb3) x31 0x00029cc8
core   0: 0x80008f18 (0xd2e1b8b7) lui     a7, 0xd2e1b
core   0: 3 0x80008f18 (0xd2e1b8b7) x17 0xd2e1b000
core   0: 0x80008f1c (0x00490133) add     sp, s2, tp
core   0: 3 0x80008f1c (0x00490133) x 2 0x00000440
core   0: 0x80008f20 (0x93c13b93) sltiu   s7, sp, -1732
core   0: 3 0x80008f20 (0x93c13b93) x23 0x00000001
core   0: 0x80008f24 (0x0302b833) mulhu   a6, t0, a6
core   0: 3 0x80008f24 (0x0302b833) x16 0x00000000
core   0: 0x80008f28 (0x410702b3) sub     t0, a4, a6
core   0: 3 0x80008f28 (0x410702b3) x 5 0x00000001
core   0: 0x80008f2c (0xe839db37) lui     s6, 0xe839d
core   0: 3 0x80008f2c (0xe839db37) x22 0xe839d000
core   0: 0x80008f30 (0x30190893) addi    a7, s2, 769
core   0: 3 0x80008f30 (0x30190893) x17 0x00000741
core   0: 0x80008f34 (0x1ed96b17) auipc   s6, 0x1ed96
core   0: 3 0x80008f34 (0x1ed96b17) x22 0x9ed9ef34
core   0: 0x80008f38 (0xd02c8213) addi    tp, s9, -766
core   0: 3 0x80008f38 (0xd02c8213) x 4 0x02b9cd02
core   0: 0x80008f3c (0x512f8c93) addi    s9, t6, 1298
core   0: 3 0x80008f3c (0x512f8c93) x25 0x0002a1da
core   0: 0x80008f40 (0x03b0b733) mulhu   a4, ra, s11
core   0: 3 0x80008f40 (0x03b0b733) x14 0x00000000
core   0: 0x80008f44 (0x38012e13) slti    t3, sp, 896
core   0: 3 0x80008f44 (0x38012e13) x28 0x00000000
core   0: 0x80008f48 (0x028ce933) rem     s2, s9, s0
core   0: 3 0x80008f48 (0x028ce933) x18 0x0000000c
core   0: 0x80008f4c (0x01024e33) xor     t3, tp, a6
core   0: 3 0x80008f4c (0x01024e33) x28 0x02b9cd02
core   0: 0x80008f50 (0x96826c13) ori     s8, tp, -1688
core   0: 3 0x80008f50 (0x96826c13) x24 0xfffffd6a
core   0: 0x80008f54 (0x0094db33) srl     s6, s1, s1
core   0: 3 0x80008f54 (0x0094db33) x22 0x00000000
core   0: 0x80008f58 (0x4142da13) srai    s4, t0, 20
core   0: 3 0x80008f58 (0x4142da13) x20 0x00000000
core   0: 0x80008f5c (0x033e2933) mulhsu  s2, t3, s3
core   0: 3 0x80008f5c (0x033e2933) x18 0x015cea10
core   0: 0x80008f60 (0x00cc9893) slli    a7, s9, 12
core   0: 3 0x80008f60 (0x00cc9893) x17 0x2a1da000
core   0: 0x80008f64 (0x403fd893) srai    a7, t6, 3
core   0: 3 0x80008f64 (0x403fd893) x17 0x00005399
core   0: 0x80008f68 (0x41e65793) srai    a5, a2, 30
core   0: 3 0x80008f68 (0x41e65793) x15 0x00000000
core   0: 0x80008f6c (0x02c35633) divu    a2, t1, a2
core   0: 3 0x80008f6c (0x02c35633) x12 0xffffffff
core   0: 0x80008f70 (0x01cb0133) add     sp, s6, t3
core   0: 3 0x80008f70 (0x01cb0133) x 2 0x02b9cd02
core   0: 0x80008f74 (0x40e1d533) sra     a0, gp, a4
core   0: 3 0x80008f74 (0x40e1d533) x10 0xd77e8000
core   0: 0x80008f78 (0xefbffa13) andi    s4, t6, -261
core   0: 3 0x80008f78 (0xefbffa13) x20 0x00029cc8
core   0: 0x80008f7c (0x8891f193) andi    gp, gp, -1911
core   0: 3 0x80008f7c (0x8891f193) x 3 0xd77e8000
core   0: 0x80008f80 (0x4ce547b7) lui     a5, 0x4ce54
core   0: 3 0x80008f80 (0x4ce547b7) x15 0x4ce54000
core   0: 0x80008f84 (0x00000013) nop
core   0: 3 0x80008f84 (0x00000013)
core   0: 0x80008f88 (0x02be0933) mul     s2, t3, a1
core   0: 3 0x80008f88 (0x02be0933) x18 0x07fe9c7c
core   0: 0x80008f8c (0x41838333) sub     t1, t2, s8
core   0: 3 0x80008f8c (0x41838333) x 6 0xfffffd68
core   0: 0x80008f90 (0x00f9e6b3) or      a3, s3, a5
core   0: 3 0x80008f90 (0x00f9e6b3) x13 0xcce54e64
core   0: 0x80008f94 (0x037d5133) divu    sp, s10, s7
core   0: 3 0x80008f94 (0x037d5133) x 2 0x80000000
core   0: 0x80008f98 (0x41620db3) sub     s11, tp, s6
core   0: 3 0x80008f98 (0x41620db3) x27 0x02b9cd02
core   0: 0x80008f9c (0x80052393) slti    t2, a0, -2048
core   0: 3 0x80008f9c (0x80052393) x 7 0x00000001
core   0: 0x80008fa0 (0x014fdbb3) srl     s7, t6, s4
core   0: 3 0x80008fa0 (0x014fdbb3) x23 0x0000029c
core   0: 0x80008fa4 (0x405cdeb3) sra     t4, s9, t0
core   0: 3 0x80008fa4 (0x405cdeb3) x29 0x000150ed
core   0: 0x80008fa8 (0x44e23613) sltiu   a2, tp, 1102
core   0: 3 0x80008fa8 (0x44e23613) x12 0x00000000
core   0: 0x80008fac (0x201a2113) slti    sp, s4, 513
core   0: 3 0x80008fac (0x201a2113) x 2 0x00000000
core   0: 0x80008fb0 (0x020a6cb3) rem     s9, s4, zero
core   0: 3 0x80008fb0 (0x020a6cb3) x25 0x00029cc8
core   0: 0x80008fb4 (0x630abe13) sltiu   t3, s5, 1584
core   0: 3 0x80008fb4 (0x630abe13) x28 0x00000000
core   0: 0x80008fb8 (0x0b401437) lui     s0, 0xb401
core   0: 3 0x80008fb8 (0x0b401437) x 8 0x0b401000
core   0: 0x80008fbc (0x01cea233) slt     tp, t4, t3
core   0: 3 0x80008fbc (0x01cea233) x 4 0x00000000
core   0: 0x80008fc0 (0x0377c0b3) div     ra, a5, s7
core   0: 3 0x80008fc0 (0x0377c0b3) x 1 0x001d780c
core   0: 0x80008fc4 (0x0334d933) divu    s2, s1, s3
core   0: 3 0x80008fc4 (0x0334d933) x18 0x00000000
core   0: 0x80008fc8 (0x4112d233) sra     tp, t0, a7
core   0: 3 0x80008fc8 (0x4112d233) x 4 0x00000000
core   0: 0x80008fcc (0x02c13533) mulhu   a0, sp, a2
core   0: 3 0x80008fcc (0x02c13533) x10 0x00000000
core   0: 0x80008fd0 (0x016b7933) and     s2, s6, s6
core   0: 3 0x80008fd0 (0x016b7933) x18 0x00000000
core   0: 0x80008fd4 (0x01191393) slli    t2, s2, 17
core   0: 3 0x80008fd4 (0x01191393) x 7 0x00000000
core   0: 0x80008fd8 (0x00526db3) or      s11, tp, t0
core   0: 3 0x80008fd8 (0x00526db3) x27 0x00000001
core   0: 0x80008fdc (0x01545733) srl     a4, s0, s5
core   0: 3 0x80008fdc (0x01545733) x14 0x00000b40
core   0: 0x80008fe0 (0x002853b3) srl     t2, a6, sp
core   0: 3 0x80008fe0 (0x002853b3) x 7 0x00000000
core   0: 0x80008fe4 (0x00709013) slli    zero, ra, 7
core   0: 3 0x80008fe4 (0x00709013)
core   0: 0x80008fe8 (0x01a60233) add     tp, a2, s10
core   0: 3 0x80008fe8 (0x01a60233) x 4 0x80000000
core   0: 0x80008fec (0xfadeadb7) lui     s11, 0xfadea
core   0: 3 0x80008fec (0xfadeadb7) x27 0xfadea000
core   0: 0x80008ff0 (0xb6980893) addi    a7, a6, -1175
core   0: 3 0x80008ff0 (0xb6980893) x17 0xfffffb69
core   0: 0x80008ff4 (0x011f56b3) srl     a3, t5, a7
core   0: 3 0x80008ff4 (0x011f56b3) x13 0x004000c6
core   0: 0x80008ff8 (0x00758fb3) add     t6, a1, t2
core   0: 3 0x80008ff8 (0x00758fb3) x31 0xfffffb3e
core   0: 0x80008ffc (0xf4a7ab93) slti    s7, a5, -182
core   0: 3 0x80008ffc (0xf4a7ab93) x23 0x00000000
core   0: 0x80009000 (0x03db5a33) divu    s4, s6, t4
core   0: 3 0x80009000 (0x03db5a33) x20 0x00000000
core   0: 0x80009004 (0x557d4a93) xori    s5, s10, 1367
core   0: 3 0x80009004 (0x557d4a93) x21 0x80000557
core   0: 0x80009008 (0x45f92613) slti    a2, s2, 1119
core   0: 3 0x80009008 (0x45f92613) x12 0x00000001
core   0: 0x8000900c (0x3d8a3213) sltiu   tp, s4, 984
core   0: 3 0x8000900c (0x3d8a3213) x 4 0x00000001
core   0: 0x80009010 (0x0187ceb3) xor     t4, a5, s8
core   0: 3 0x80009010 (0x0187ceb3) x29 0xb31abd6a
core   0: 0x80009014 (0x0068a6b3) slt     a3, a7, t1
core   0: 3 0x80009014 (0x0068a6b3) x13 0x00000001
core   0: 0x80009018 (0xaf1d6093) ori     ra, s10, -1295
core   0: 3 0x80009018 (0xaf1d6093) x 1 0xfffffaf1
core   0: 0x8000901c (0x035b6db3) rem     s11, s6, s5
core   0: 3 0x8000901c (0x035b6db3) x27 0x00000000
core   0: 0x80009020 (0x00c79513) slli    a0, a5, 12
core   0: 3 0x80009020 (0x00c79513) x10 0x54000000
core   0: 0x80009024 (0x40d4d3b3) sra     t2, s1, a3
core   0: 3 0x80009024 (0x40d4d3b3) x 7 0x00000175
core   0: 0x80009028 (0x41b382b3) sub     t0, t2, s11
core   0: 3 0x80009028 (0x41b382b3) x 5 0x00000175
core   0: 0x8000902c (0x029890b3) mulh    ra, a7, s1
core   0: 3 0x8000902c (0x029890b3) x 1 0xffffffff
core   0: 0x80009030 (0x03da4eb3) div     t4, s4, t4
core   0: 3 0x80009030 (0x03da4eb3) x29 0x00000000
core   0: 0x80009034 (0x024c0833) mul     a6, s8, tp
core   0: 3 0x80009034 (0x024c0833) x16 0xfffffd6a
core   0: 0x80009038 (0x417e5e13) srai    t3, t3, 23
core   0: 3 0x80009038 (0x417e5e13) x28 0x00000000
core   0: 0x8000903c (0x00e57e33) and     t3, a0, a4
core   0: 3 0x8000903c (0x00e57e33) x28 0x00000000
core   0: 0x80009040 (0x416e01b3) sub     gp, t3, s6
core   0: 3 0x80009040 (0x416e01b3) x 3 0x00000000
core   0: 0x80009044 (0xf1ab7593) andi    a1, s6, -230
core   0: 3 0x80009044 (0xf1ab7593) x11 0x00000000
core   0: 0x80009048 (0x02abd533) divu    a0, s7, a0
core   0: 3 0x80009048 (0x02abd533) x10 0x00000000
core   0: 0x8000904c (0x92aab213) sltiu   tp, s5, -1750
core   0: 3 0x8000904c (0x92aab213) x 4 0x00000001
core   0: 0x80009050 (0x00659693) slli    a3, a1, 6
core   0: 3 0x80009050 (0x00659693) x13 0x00000000
core   0: 0x80009054 (0x02b7f033) remu    zero, a5, a1
core   0: 3 0x80009054 (0x02b7f033)
core   0: 0x80009058 (0x00c04533) xor     a0, zero, a2
core   0: 3 0x80009058 (0x00c04533) x10 0x00000001
core   0: 0x8000905c (0x26196193) ori     gp, s2, 609
core   0: 3 0x8000905c (0x26196193) x 3 0x00000261
core   0: 0x80009060 (0x00000013) nop
core   0: 3 0x80009060 (0x00000013)
core   0: 0x80009064 (0xef156893) ori     a7, a0, -271
core   0: 3 0x80009064 (0xef156893) x17 0xfffffef1
core   0: 0x80009068 (0x0382e433) rem     s0, t0, s8
core   0: 3 0x80009068 (0x0382e433) x 8 0x00000175
core   0: 0x8000906c (0x00000013) nop
core   0: 3 0x8000906c (0x00000013)
core   0: 0x80009070 (0x022583b3) mul     t2, a1, sp
core   0: 3 0x80009070 (0x022583b3) x 7 0x00000000
core   0: 0x80009074 (0x80943113) sltiu   sp, s0, -2039
core   0: 3 0x80009074 (0x80943113) x 2 0x00000001
core   0: 0x80009078 (0x010cd033) srl     zero, s9, a6
core   0: 3 0x80009078 (0x010cd033)
core   0: 0x8000907c (0x0019a6b3) slt     a3, s3, ra
core   0: 3 0x8000907c (0x0019a6b3) x13 0x00000001
core   0: 0x80009080 (0x005d8733) add     a4, s11, t0
core   0: 3 0x80009080 (0x005d8733) x14 0x00000175
core   0: 0x80009084 (0x03177c33) remu    s8, a4, a7
core   0: 3 0x80009084 (0x03177c33) x24 0x00000175
core   0: 0x80009088 (0x03fb3433) mulhu   s0, s6, t6
core   0: 3 0x80009088 (0x03fb3433) x 8 0x00000000
core   0: 0x8000908c (0x00fb14b3) sll     s1, s6, a5
core   0: 3 0x8000908c (0x00fb14b3) x 9 0x00000000
core   0: 0x80009090 (0x014e9713) slli    a4, t4, 20
core   0: 3 0x80009090 (0x014e9713) x14 0x00000000
core   0: 0x80009094 (0x004c30b3) sltu    ra, s8, tp
core   0: 3 0x80009094 (0x004c30b3) x 1 0x00000000
core   0: 0x80009098 (0x4133d733) sra     a4, t2, s3
core   0: 3 0x80009098 (0x4133d733) x14 0x00000000
core   0: 0x8000909c (0xb9a48593) addi    a1, s1, -1126
core   0: 3 0x8000909c (0xb9a48593) x11 0xfffffb9a
core   0: 0x800090a0 (0x6a7d5c37) lui     s8, 0x6a7d5
core   0: 3 0x800090a0 (0x6a7d5c37) x24 0x6a7d5000
core   0: 0x800090a4 (0x5e6b6393) ori     t2, s6, 1510
core   0: 3 0x800090a4 (0x5e6b6393) x 7 0x000005e6
core   0: 0x800090a8 (0x033b1b33) mulh    s6, s6, s3
core   0: 3 0x800090a8 (0x033b1b33) x22 0x00000000
core   0: 0x800090ac (0x4128dbb3) sra     s7, a7, s2
core   0: 3 0x800090ac (0x4128dbb3) x23 0xfffffef1
core   0: 0x800090b0 (0x01aa9033) sll     zero, s5, s10
core   0: 3 0x800090b0 (0x01aa9033)
core   0: 0x800090b4 (0x390bd497) auipc   s1, 0x390bd
core   0: 3 0x800090b4 (0x390bd497) x 9 0xb90c60b4
core   0: 0x800090b8 (0x0206e133) rem     sp, a3, zero
core   0: 3 0x800090b8 (0x0206e133) x 2 0x00000001
core   0: 0x800090bc (0x94c07d97) auipc   s11, 0x94c07
core   0: 3 0x800090bc (0x94c07d97) x27 0x14c100bc
core   0: 0x800090c0 (0x00c2bab3) sltu    s5, t0, a2
core   0: 3 0x800090c0 (0x00c2bab3) x21 0x00000000
core   0: 0x800090c4 (0x79a44013) xori    zero, s0, 1946
core   0: 3 0x800090c4 (0x79a44013)
core   0: 0x800090c8 (0x003cd213) srli    tp, s9, 3
core   0: 3 0x800090c8 (0x003cd213) x 4 0x00005399
core   0: 0x800090cc (0x023ac6b3) div     a3, s5, gp
core   0: 3 0x800090cc (0x023ac6b3) x13 0x00000000
core   0: 0x800090d0 (0x03b87db3) remu    s11, a6, s11
core   0: 3 0x800090d0 (0x03b87db3) x27 0x06f3f49a
core   0: 0x800090d4 (0x00f55d93) srli    s11, a0, 15
core   0: 3 0x800090d4 (0x00f55d93) x27 0x00000000
core   0: 0x800090d8 (0x006241b3) xor     gp, tp, t1
core   0: 3 0x800090d8 (0x006241b3) x 3 0xffffaef1
core   0: 0x800090dc (0xa8e7e113) ori     sp, a5, -1394
core   0: 3 0x800090dc (0xa8e7e113) x 2 0xfffffa8e
core   0: 0x800090e0 (0x3f0b2c37) lui     s8, 0x3f0b2
core   0: 3 0x800090e0 (0x3f0b2c37) x24 0x3f0b2000
core   0: 0x800090e4 (0x41765533) sra     a0, a2, s7
core   0: 3 0x800090e4 (0x41765533) x10 0x00000000
core   0: 0x800090e8 (0x00297bb3) and     s7, s2, sp
core   0: 3 0x800090e8 (0x00297bb3) x23 0x00000000
core   0: 0x800090ec (0x02ce6933) rem     s2, t3, a2
core   0: 3 0x800090ec (0x02ce6933) x18 0x00000000
core   0: 0x800090f0 (0x02757533) remu    a0, a0, t2
core   0: 3 0x800090f0 (0x02757533) x10 0x00000000
core   0: 0x800090f4 (0x00000013) nop
core   0: 3 0x800090f4 (0x00000013)
core   0: 0x800090f8 (0x760297b7) lui     a5, 0x76029
core   0: 3 0x800090f8 (0x760297b7) x15 0x76029000
core   0: 0x800090fc (0xfdffeb37) lui     s6, 0xfdffe
core   0: 3 0x800090fc (0xfdffeb37) x22 0xfdffe000
core   0: 0x80009100 (0x0207a533) mulhsu  a0, a5, zero
core   0: 3 0x80009100 (0x0207a533) x10 0x00000000
core   0: 0x80009104 (0x022f4933) div     s2, t5, sp
core   0: 3 0x80009104 (0x022f4933) x18 0x0017815e
core   0: 0x80009108 (0xe38eb093) sltiu   ra, t4, -456
core   0: 3 0x80009108 (0xe38eb093) x 1 0x00000001
core   0: 0x8000910c (0x0025d613) srli    a2, a1, 2
core   0: 3 0x8000910c (0x0025d613) x12 0x3ffffee6
core   0: 0x80009110 (0x01055e93) srli    t4, a0, 16
core   0: 3 0x80009110 (0x01055e93) x29 0x00000000
core   0: 0x80009114 (0x62ba5837) lui     a6, 0x62ba5
core   0: 3 0x80009114 (0x62ba5837) x16 0x62ba5000
core   0: 0x80009118 (0x01c09693) slli    a3, ra, 28
core   0: 3 0x80009118 (0x01c09693) x13 0x10000000
core   0: 0x8000911c (0x02ebbe33) mulhu   t3, s7, a4
core   0: 3 0x8000911c (0x02ebbe33) x28 0x00000000
core   0: 0x80009120 (0x03d9b6b3) mulhu   a3, s3, t4
core   0: 3 0x80009120 (0x03d9b6b3) x13 0x00000000
core   0: 0x80009124 (0x00f62e33) slt     t3, a2, a5
core   0: 3 0x80009124 (0x00f62e33) x28 0x00000001
core   0: 0x80009128 (0x03faf033) remu    zero, s5, t6
core   0: 3 0x80009128 (0x03faf033)
core   0: 0x8000912c (0x02298633) mul     a2, s3, sp
core   0: 3 0x8000912c (0x02298633) x12 0xf8e32378
core   0: 0x80009130 (0x02b34eb3) div     t4, t1, a1
core   0: 3 0x80009130 (0x02b34eb3) x29 0x00000000
core   0: 0x80009134 (0xb73b5c97) auipc   s9, 0xb73b5
core   0: 3 0x80009134 (0xb73b5c97) x25 0x373be134
core   0: 0x80009138 (0x02a09733) mulh    a4, ra, a0
core   0: 3 0x80009138 (0x02a09733) x14 0x00000000
core   0: 0x8000913c (0x19efbd93) sltiu   s11, t6, 414
core   0: 3 0x8000913c (0x19efbd93) x27 0x00000000
core   0: 0x80009140 (0x0189de13) srli    t3, s3, 24
core   0: 3 0x80009140 (0x0189de13) x28 0x00000080
core   0: 0x80009144 (0x01bd17b3) sll     a5, s10, s11
core   0: 3 0x80009144 (0x01bd17b3) x15 0x80000000
core   0: 0x80009148 (0x00c51213) slli    tp, a0, 12
core   0: 3 0x80009148 (0x00c51213) x 4 0x00000000
core   0: 0x8000914c (0x024b6a33) rem     s4, s6, tp
core   0: 3 0x8000914c (0x024b6a33) x20 0xfdffe000
core   0: 0x80009150 (0x747b3413) sltiu   s0, s6, 1863
core   0: 3 0x80009150 (0x747b3413) x 8 0x00000000
core   0: 0x80009154 (0x00df6733) or      a4, t5, a3
core   0: 3 0x80009154 (0x00df6733) x14 0x80018ce4
core   0: 0x80009158 (0x005a5f93) srli    t6, s4, 5
core   0: 3 0x80009158 (0x005a5f93) x31 0x07efff00
core   0: 0x8000915c (0x03519fb3) mulh    t6, gp, s5
core   0: 3 0x8000915c (0x03519fb3) x31 0x00000000
core   0: 0x80009160 (0x4110ddb3) sra     s11, ra, a7
core   0: 3 0x80009160 (0x4110ddb3) x27 0x00000000
core   0: 0x80009164 (0x409984b3) sub     s1, s3, s1
core   0: 3 0x80009164 (0x409984b3) x 9 0xc6f4edb0
core   0: 0x80009168 (0x020b4233) div     tp, s6, zero
core   0: 3 0x80009168 (0x020b4233) x 4 0xffffffff
core   0: 0x8000916c (0x02ecc8b3) div     a7, s9, a4
core   0: 3 0x8000916c (0x02ecc8b3) x17 0x00000000
core   0: 0x80009170 (0x009bd0b3) srl     ra, s7, s1
core   0: 3 0x80009170 (0x009bd0b3) x 1 0x00000000
core   0: 0x80009174 (0xa10ee793) ori     a5, t4, -1520
core   0: 3 0x80009174 (0xa10ee793) x15 0xfffffa10
core   0: 0x80009178 (0x02059bb3) mulh    s7, a1, zero
core   0: 3 0x80009178 (0x02059bb3) x23 0x00000000
core   0: 0x8000917c (0x00e802b3) add     t0, a6, a4
core   0: 3 0x8000917c (0x00e802b3) x 5 0xe2bbdce4
core   0: 0x80009180 (0x12194393) xori    t2, s2, 289
core   0: 3 0x80009180 (0x12194393) x 7 0x0017807f
core   0: 0x80009184 (0x409d5e33) sra     t3, s10, s1
core   0: 3 0x80009184 (0x409d5e33) x28 0xffff8000
core   0: 0x80009188 (0x002defb3) or      t6, s11, sp
core   0: 3 0x80009188 (0x002defb3) x31 0xfffffa8e
core   0: 0x8000918c (0x023fbeb3) mulhu   t4, t6, gp
core   0: 3 0x8000918c (0x023fbeb3) x29 0xffffa97f
core   0: 0x80009190 (0xace3f3b7) lui     t2, 0xace3f
core   0: 3 0x80009190 (0xace3f3b7) x 7 0xace3f000
core   0: 0x80009194 (0x00c1afb3) slt     t6, gp, a2
core   0: 3 0x80009194 (0x00c1afb3) x31 0x00000000
core   0: 0x80009198 (0x0197f7b3) and     a5, a5, s9
core   0: 3 0x80009198 (0x0197f7b3) x15 0x373be010
core   0: 0x8000919c (0x577c2213) slti    tp, s8, 1399
core   0: 3 0x8000919c (0x577c2213) x 4 0x00000000
core   0: 0x800091a0 (0x3a3e7213) andi    tp, t3, 931
core   0: 3 0x800091a0 (0x3a3e7213) x 4 0x00000000
core   0: 0x800091a4 (0x00741633) sll     a2, s0, t2
core   0: 3 0x800091a4 (0x00741633) x12 0x00000000
core   0: 0x800091a8 (0x40b85093) srai    ra, a6, 11
core   0: 3 0x800091a8 (0x40b85093) x 1 0x000c574a
core   0: 0x800091ac (0x0242d433) divu    s0, t0, tp
core   0: 3 0x800091ac (0x0242d433) x 8 0xffffffff
core   0: 0x800091b0 (0x021605b3) mul     a1, a2, ra
core   0: 3 0x800091b0 (0x021605b3) x11 0x00000000
core   0: 0x800091b4 (0x41080933) sub     s2, a6, a6
core   0: 3 0x800091b4 (0x41080933) x18 0x00000000
core   0: 0x800091b8 (0x26d17fb7) lui     t6, 0x26d17
core   0: 3 0x800091b8 (0x26d17fb7) x31 0x26d17000
core   0: 0x800091bc (0x0027e133) or      sp, a5, sp
core   0: 3 0x800091bc (0x0027e133) x 2 0xfffffa9e
core   0: 0x800091c0 (0x039961b3) rem     gp, s2, s9
core   0: 3 0x800091c0 (0x039961b3) x 3 0x00000000
core   0: 0x800091c4 (0x00060c33) add     s8, a2, zero
core   0: 3 0x800091c4 (0x00060c33) x24 0x00000000
core   0: 0x800091c8 (0x40555b93) srai    s7, a0, 5
core   0: 3 0x800091c8 (0x40555b93) x23 0x00000000
core   0: 0x800091cc (0x9b083813) sltiu   a6, a6, -1616
core   0: 3 0x800091cc (0x9b083813) x16 0x00000001
core   0: 0x800091d0 (0x9ae6e893) ori     a7, a3, -1618
core   0: 3 0x800091d0 (0x9ae6e893) x17 0xfffff9ae
core   0: 0x800091d4 (0x402f06b3) sub     a3, t5, sp
core   0: 3 0x800091d4 (0x402f06b3) x13 0x80019246
core   0: 0x800091d8 (0x4111dab3) sra     s5, gp, a7
core   0: 3 0x800091d8 (0x4111dab3) x21 0x00000000
core   0: 0x800091dc (0x003e1bb3) sll     s7, t3, gp
core   0: 3 0x800091dc (0x003e1bb3) x23 0xffff8000
core   0: 0x800091e0 (0x004bee33) or      t3, s7, tp
core   0: 3 0x800091e0 (0x004bee33) x28 0xffff8000
core   0: 0x800091e4 (0x0034de33) srl     t3, s1, gp
core   0: 3 0x800091e4 (0x0034de33) x28 0xc6f4edb0
core   0: 0x800091e8 (0xe5b0ae13) slti    t3, ra, -421
core   0: 3 0x800091e8 (0xe5b0ae13) x28 0x00000000
core   0: 0x800091ec (0x01052133) slt     sp, a0, a6
core   0: 3 0x800091ec (0x01052133) x 2 0x00000001
core   0: 0x800091f0 (0x00000013) nop
core   0: 3 0x800091f0 (0x00000013)
core   0: 0x800091f4 (0x11628393) addi    t2, t0, 278
core   0: 3 0x800091f4 (0x11628393) x 7 0xe2bbddfa
core   0: 0x800091f8 (0x02557c33) remu    s8, a0, t0
core   0: 3 0x800091f8 (0x02557c33) x24 0x00000000
core   0: 0x800091fc (0xcf0e12b7) lui     t0, 0xcf0e1
core   0: 3 0x800091fc (0xcf0e12b7) x 5 0xcf0e1000
core   0: 0x80009200 (0x016e1c93) slli    s9, t3, 22
core   0: 3 0x80009200 (0x016e1c93) x25 0x00000000
core   0: 0x80009204 (0x55b6e293) ori     t0, a3, 1371
core   0: 3 0x80009204 (0x55b6e293) x 5 0x8001975f
core   0: 0x80009208 (0x40dd5133) sra     sp, s10, a3
core   0: 3 0x80009208 (0x40dd5133) x 2 0xfe000000
core   0: 0x8000920c (0x00477833) and     a6, a4, tp
core   0: 3 0x8000920c (0x00477833) x16 0x00000000
core   0: 0x80009210 (0x024fddb3) divu    s11, t6, tp
core   0: 3 0x80009210 (0x024fddb3) x27 0xffffffff
core   0: 0x80009214 (0x0178d233) srl     tp, a7, s7
core   0: 3 0x80009214 (0x0178d233) x 4 0xfffff9ae
core   0: 0x80009218 (0x003f42b3) xor     t0, t5, gp
core   0: 3 0x80009218 (0x003f42b3) x 5 0x80018ce4
core   0: 0x8000921c (0xcff27e93) andi    t4, tp, -769
core   0: 3 0x8000921c (0xcff27e93) x29 0xfffff8ae
core   0: 0x80009220 (0x13684c13) xori    s8, a6, 310
core   0: 3 0x80009220 (0x13684c13) x24 0x00000136
core   0: 0x80009224 (0x404707b3) sub     a5, a4, tp
core   0: 3 0x80009224 (0x404707b3) x15 0x80019336
core   0: 0x80009228 (0x02d042b3) div     t0, zero, a3
core   0: 3 0x80009228 (0x02d042b3) x 5 0x00000000
core   0: 0x8000922c (0xc7470193) addi    gp, a4, -908
core   0: 3 0x8000922c (0xc7470193) x 3 0x80018958
core   0: 0x80009230 (0x02e87033) remu    zero, a6, a4
core   0: 3 0x80009230 (0x02e87033)
core   0: 0x80009234 (0x60b6aa13) slti    s4, a3, 1547
core   0: 3 0x80009234 (0x60b6aa13) x20 0x00000001
core   0: 0x80009238 (0x02419b33) mulh    s6, gp, tp
core   0: 3 0x80009238 (0x02419b33) x22 0x00000328
core   0: 0x8000923c (0x00000013) nop
core   0: 3 0x8000923c (0x00000013)
core   0: 0x80009240 (0x03750b33) mul     s6, a0, s7
core   0: 3 0x80009240 (0x03750b33) x22 0x00000000
core   0: 0x80009244 (0x01bc3633) sltu    a2, s8, s11
core   0: 3 0x80009244 (0x01bc3633) x12 0x00000001
core   0: 0x80009248 (0x01b11b93) slli    s7, sp, 27
core   0: 3 0x80009248 (0x01b11b93) x23 0x00000000
core   0: 0x8000924c (0x0166e733) or      a4, a3, s6
core   0: 3 0x8000924c (0x0166e733) x14 0x80019246
core   0: 0x80009250 (0x01867eb3) and     t4, a2, s8
core   0: 3 0x80009250 (0x01867eb3) x29 0x00000000
core   0: 0x80009254 (0x01bcc533) xor     a0, s9, s11
core   0: 3 0x80009254 (0x01bcc533) x10 0xffffffff
core   0: 0x80009258 (0x005d02b3) add     t0, s10, t0
core   0: 3 0x80009258 (0x005d02b3) x 5 0x80000000
core   0: 0x8000925c (0x015b65b3) or      a1, s6, s5
core   0: 3 0x8000925c (0x015b65b3) x11 0x00000000
core   0: 0x80009260 (0x014cc2b3) xor     t0, s9, s4
core   0: 3 0x80009260 (0x014cc2b3) x 5 0x00000001
core   0: 0x80009264 (0x038aa133) mulhsu  sp, s5, s8
core   0: 3 0x80009264 (0x038aa133) x 2 0x00000000
core   0: 0x80009268 (0x016fcb33) xor     s6, t6, s6
core   0: 3 0x80009268 (0x016fcb33) x22 0x26d17000
core   0: 0x8000926c (0x04316b93) ori     s7, sp, 67
core   0: 3 0x8000926c (0x04316b93) x23 0x00000043
core   0: 0x80009270 (0x40ae5c13) srai    s8, t3, 10
core   0: 3 0x80009270 (0x40ae5c13) x24 0x00000000
core   0: 0x80009274 (0xf4296c93) ori     s9, s2, -190
core   0: 3 0x80009274 (0xf4296c93) x25 0xffffff42
core   0: 0x80009278 (0x03d621b3) mulhsu  gp, a2, t4
core   0: 3 0x80009278 (0x03d621b3) x 3 0x00000000
core   0: 0x8000927c (0x123fc697) auipc   a3, 0x123fc
core   0: 3 0x8000927c (0x123fc697) x13 0x9240527c
core   0: 0x80009280 (0xa83d2717) auipc   a4, 0xa83d2
core   0: 3 0x80009280 (0xa83d2717) x14 0x283db280
core   0: 0x80009284 (0x8547b013) sltiu   zero, a5, -1964
core   0: 3 0x80009284 (0x8547b013)
core   0: 0x80009288 (0x01de9133) sll     sp, t4, t4
core   0: 3 0x80009288 (0x01de9133) x 2 0x00000000
core   0: 0x8000928c (0x006fa533) slt     a0, t6, t1
core   0: 3 0x8000928c (0x006fa533) x10 0x00000000
core   0: 0x80009290 (0x4070d113) srai    sp, ra, 7
core   0: 3 0x80009290 (0x4070d113) x 2 0x000018ae
core   0: 0x80009294 (0x0264dbb3) divu    s7, s1, t1
core   0: 3 0x80009294 (0x0264dbb3) x23 0x00000000
core   0: 0x80009298 (0x00000013) nop
core   0: 3 0x80009298 (0x00000013)
core   0: 0x8000929c (0x015187b3) add     a5, gp, s5
core   0: 3 0x8000929c (0x015187b3) x15 0x00000000
core   0: 0x800092a0 (0x85398d93) addi    s11, s3, -1965
core   0: 3 0x800092a0 (0x85398d93) x27 0x800146b7
core   0: 0x800092a4 (0x0097f133) and     sp, a5, s1
core   0: 3 0x800092a4 (0x0097f133) x 2 0x00000000
core   0: 0x800092a8 (0x03602ab3) mulhsu  s5, zero, s6
core   0: 3 0x800092a8 (0x03602ab3) x21 0x00000000
core   0: 0x800092ac (0x403addb3) sra     s11, s5, gp
core   0: 3 0x800092ac (0x403addb3) x27 0x00000000
core   0: 0x800092b0 (0x412e81b3) sub     gp, t4, s2
core   0: 3 0x800092b0 (0x412e81b3) x 3 0x00000000
core   0: 0x800092b4 (0x0ab00317) auipc   t1, 0xab00
core   0: 3 0x800092b4 (0x0ab00317) x 6 0x8ab092b4
core   0: 0x800092b8 (0x037945b3) div     a1, s2, s7
core   0: 3 0x800092b8 (0x037945b3) x11 0xffffffff
core   0: 0x800092bc (0x00000013) nop
core   0: 3 0x800092bc (0x00000013)
core   0: 0x800092c0 (0x02ed6433) rem     s0, s10, a4
core   0: 3 0x800092c0 (0x02ed6433) x 8 0xf8b91780
core   0: 0x800092c4 (0x40628ab3) sub     s5, t0, t1
core   0: 3 0x800092c4 (0x40628ab3) x21 0x754f6d4d
core   0: 0x800092c8 (0xa770fc93) andi    s9, ra, -1417
core   0: 3 0x800092c8 (0xa770fc93) x25 0x000c5242
core   0: 0x800092cc (0x00000013) nop
core   0: 3 0x800092cc (0x00000013)
core   0: 0x800092d0 (0x01d77b33) and     s6, a4, t4
core   0: 3 0x800092d0 (0x01d77b33) x22 0x00000000
core   0: 0x800092d4 (0xdf003413) sltiu   s0, zero, -528
core   0: 3 0x800092d4 (0xdf003413) x 8 0x00000001
core   0: 0x800092d8 (0x00ff7eb3) and     t4, t5, a5
core   0: 3 0x800092d8 (0x00ff7eb3) x29 0x00000000
core   0: 0x800092dc (0x02310533) mul     a0, sp, gp
core   0: 3 0x800092dc (0x02310533) x10 0x00000000
core   0: 0x800092e0 (0x22bf7793) andi    a5, t5, 555
core   0: 3 0x800092e0 (0x22bf7793) x15 0x00000020
core   0: 0x800092e4 (0xbfcf3e17) auipc   t3, 0xbfcf3
core   0: 3 0x800092e4 (0xbfcf3e17) x28 0x3fcfc2e4
core   0: 0x800092e8 (0x12767193) andi    gp, a2, 295
core   0: 3 0x800092e8 (0x12767193) x 3 0x00000001
core   0: 0x800092ec (0x0001ca33) xor     s4, gp, zero
core   0: 3 0x800092ec (0x0001ca33) x20 0x00000001
core   0: 0x800092f0 (0x415b0533) sub     a0, s6, s5
core   0: 3 0x800092f0 (0x415b0533) x10 0x8ab092b3
core   0: 0x800092f4 (0x00886b33) or      s6, a6, s0
core   0: 3 0x800092f4 (0x00886b33) x22 0x00000001
core   0: 0x800092f8 (0x02b6f2b3) remu    t0, a3, a1
core   0: 3 0x800092f8 (0x02b6f2b3) x 5 0x9240527c
core   0: 0x800092fc (0x01d15bb3) srl     s7, sp, t4
core   0: 3 0x800092fc (0x01d15bb3) x23 0x00000000
core   0: 0x80009300 (0x02925db3) divu    s11, tp, s1
core   0: 3 0x80009300 (0x02925db3) x27 0x00000001
core   0: 0x80009304 (0x00fb3733) sltu    a4, s6, a5
core   0: 3 0x80009304 (0x00fb3733) x14 0x00000001
core   0: 0x80009308 (0xdfac3893) sltiu   a7, s8, -518
core   0: 3 0x80009308 (0xdfac3893) x17 0x00000001
core   0: 0x8000930c (0x02e62bb3) mulhsu  s7, a2, a4
core   0: 3 0x8000930c (0x02e62bb3) x23 0x00000000
core   0: 0x80009310 (0x00000013) nop
core   0: 3 0x80009310 (0x00000013)
core   0: 0x80009314 (0x17344a13) xori    s4, s0, 371
core   0: 3 0x80009314 (0x17344a13) x20 0x00000172
core   0: 0x80009318 (0x029edc33) divu    s8, t4, s1
core   0: 3 0x80009318 (0x029edc33) x24 0x00000000
core   0: 0x8000931c (0xd0646113) ori     sp, s0, -762
core   0: 3 0x8000931c (0xd0646113) x 2 0xfffffd07
core   0: 0x80009320 (0x0374a933) mulhsu  s2, s1, s7
core   0: 3 0x80009320 (0x0374a933) x18 0x00000000
core   0: 0x80009324 (0x66ace413) ori     s0, s9, 1642
core   0: 3 0x80009324 (0x66ace413) x 8 0x000c566a
core   0: 0x80009328 (0x017fdf93) srli    t6, t6, 23
core   0: 3 0x80009328 (0x017fdf93) x31 0x0000004d
core   0: 0x8000932c (0x01dd5a93) srli    s5, s10, 29
core   0: 3 0x8000932c (0x01dd5a93) x21 0x00000004
core   0: 0x80009330 (0x00e6b933) sltu    s2, a3, a4
core   0: 3 0x80009330 (0x00e6b933) x18 0x00000000
core   0: 0x80009334 (0x93740d97) auipc   s11, 0x93740
core   0: 3 0x80009334 (0x93740d97) x27 0x13749334
core   0: 0x80009338 (0xbf82b913) sltiu   s2, t0, -1032
core   0: 3 0x80009338 (0xbf82b913) x18 0x00000001
core   0: 0x8000933c (0x0015b4b3) sltu    s1, a1, ra
core   0: 3 0x8000933c (0x0015b4b3) x 9 0x00000000
core   0: 0x80009340 (0x01313e33) sltu    t3, sp, s3
core   0: 3 0x80009340 (0x01313e33) x28 0x00000000
core   0: 0x80009344 (0x00889933) sll     s2, a7, s0
core   0: 3 0x80009344 (0x00889933) x18 0x00000400
core   0: 0x80009348 (0x03280633) mul     a2, a6, s2
core   0: 3 0x80009348 (0x03280633) x12 0x00000000
core   0: 0x8000934c (0x1ccd42b7) lui     t0, 0x1ccd4
core   0: 3 0x8000934c (0x1ccd42b7) x 5 0x1ccd4000
core   0: 0x80009350 (0x40a05b13) srai    s6, zero, 10
core   0: 3 0x80009350 (0x40a05b13) x22 0x00000000
core   0: 0x80009354 (0x00000013) nop
core   0: 3 0x80009354 (0x00000013)
core   0: 0x80009358 (0x46ad6013) ori     zero, s10, 1130
core   0: 3 0x80009358 (0x46ad6013)
core   0: 0x8000935c (0x32a64b93) xori    s7, a2, 810
core   0: 3 0x8000935c (0x32a64b93) x23 0x0000032a
core   0: 0x80009360 (0x00000013) nop
core   0: 3 0x80009360 (0x00000013)
core   0: 0x80009364 (0x00630bb3) add     s7, t1, t1
core   0: 3 0x80009364 (0x00630bb3) x23 0x15612568
core   0: 0x80009368 (0x008b5b13) srli    s6, s6, 8
core   0: 3 0x80009368 (0x008b5b13) x22 0x00000000
core   0: 0x8000936c (0x2897b097) auipc   ra, 0x2897b
core   0: 3 0x8000936c (0x2897b097) x 1 0xa898436c
core   0: 0x80009370 (0x02594833) div     a6, s2, t0
core   0: 3 0x80009370 (0x02594833) x16 0x00000000
core   0: 0x80009374 (0x0a926293) ori     t0, tp, 169
core   0: 3 0x80009374 (0x0a926293) x 5 0xfffff9af
core   0: 0x80009378 (0xc5a5ec13) ori     s8, a1, -934
core   0: 3 0x80009378 (0xc5a5ec13) x24 0xffffffff
core   0: 0x8000937c (0x681b2b93) slti    s7, s6, 1665
core   0: 3 0x8000937c (0x681b2b93) x23 0x00000001
core   0: 0x80009380 (0x00636933) or      s2, t1, t1
core   0: 3 0x80009380 (0x00636933) x18 0x8ab092b4
core   0: 0x80009384 (0x03b350b3) divu    ra, t1, s11
core   0: 3 0x80009384 (0x03b350b3) x 1 0x00000007
core   0: 0x80009388 (0x00669413) slli    s0, a3, 6
core   0: 3 0x80009388 (0x00669413) x 8 0x90149f00
core   0: 0x8000938c (0x03e9b7b3) mulhu   a5, s3, t5
core   0: 3 0x8000938c (0x03e9b7b3) x15 0x40016da6
core   0: 0x80009390 (0x0174d513) srli    a0, s1, 23
core   0: 3 0x80009390 (0x0174d513) x10 0x00000000
core   0: 0x80009394 (0x48804693) xori    a3, zero, 1160
core   0: 3 0x80009394 (0x48804693) x13 0x00000488
core   0: 0x80009398 (0xc0a94293) xori    t0, s2, -1014
core   0: 3 0x80009398 (0xc0a94293) x 5 0x754f6ebe
core   0: 0x8000939c (0xb1313613) sltiu   a2, sp, -1261
core   0: 3 0x8000939c (0xb1313613) x12 0x00000000
core   0: 0x800093a0 (0xa8e19817) auipc   a6, 0xa8e19
core   0: 3 0x800093a0 (0xa8e19817) x16 0x28e223a0
core   0: 0x800093a4 (0x416a5b93) srai    s7, s4, 22
core   0: 3 0x800093a4 (0x416a5b93) x23 0x00000000
core   0: 0x800093a8 (0x002b1e13) slli    t3, s6, 2
core   0: 3 0x800093a8 (0x002b1e13) x28 0x00000000
core   0: 0x800093ac (0x004a44b3) xor     s1, s4, tp
core   0: 3 0x800093ac (0x004a44b3) x 9 0xfffff8dc
core   0: 0x800093b0 (0x00000013) nop
core   0: 3 0x800093b0 (0x00000013)
core   0: 0x800093b4 (0x9863f493) andi    s1, t2, -1658
core   0: 3 0x800093b4 (0x9863f493) x 9 0xe2bbd982
core   0: 0x800093b8 (0x004943b3) xor     t2, s2, tp
core   0: 3 0x800093b8 (0x004943b3) x 7 0x754f6b1a
core   0: 0x800093bc (0x039b58b3) divu    a7, s6, s9
core   0: 3 0x800093bc (0x039b58b3) x17 0x00000000
core   0: 0x800093c0 (0xa91b2c93) slti    s9, s6, -1391
core   0: 3 0x800093c0 (0xa91b2c93) x25 0x00000000
core   0: 0x800093c4 (0x03571c33) mulh    s8, a4, s5
core   0: 3 0x800093c4 (0x03571c33) x24 0x00000000
core   0: 0x800093c8 (0x005d82b3) add     t0, s11, t0
core   0: 3 0x800093c8 (0x005d82b3) x 5 0x88c401f2
core   0: 0x800093cc (0x03efc533) div     a0, t6, t5
core   0: 3 0x800093cc (0x03efc533) x10 0x00000000
core   0: 0x800093d0 (0x95644513) xori    a0, s0, -1706
core   0: 3 0x800093d0 (0x95644513) x10 0x6feb6656
core   0: 0x800093d4 (0x021d2b33) mulhsu  s6, s10, ra
core   0: 3 0x800093d4 (0x021d2b33) x22 0xfffffffc
core   0: 0x800093d8 (0xd4acfc97) auipc   s9, 0xd4acf
core   0: 3 0x800093d8 (0xd4acfc97) x25 0x54ad83d8
core   0: 0x800093dc (0x000707b3) add     a5, a4, zero
core   0: 3 0x800093dc (0x000707b3) x15 0x00000001
core   0: 0x800093e0 (0x02dca533) mulhsu  a0, s9, a3
core   0: 3 0x800093e0 (0x02dca533) x10 0x0000017f
core   0: 0x800093e4 (0x02d45133) divu    sp, s0, a3
core   0: 3 0x800093e4 (0x02d45133) x 2 0x001fcc0d
core   0: 0x800093e8 (0x020c41b3) div     gp, s8, zero
core   0: 3 0x800093e8 (0x020c41b3) x 3 0xffffffff
core   0: 0x800093ec (0x41c98633) sub     a2, s3, t3
core   0: 3 0x800093ec (0x41c98633) x12 0x80014e64
core   0: 0x800093f0 (0x406a0b33) sub     s6, s4, t1
core   0: 3 0x800093f0 (0x406a0b33) x22 0x754f6ebe
core   0: 0x800093f4 (0x85e0fe13) andi    t3, ra, -1954
core   0: 3 0x800093f4 (0x85e0fe13) x28 0x00000006
core   0: 0x800093f8 (0x41b45db3) sra     s11, s0, s11
core   0: 3 0x800093f8 (0x41b45db3) x27 0xfffff901
core   0: 0x800093fc (0x00542933) slt     s2, s0, t0
core   0: 3 0x800093fc (0x00542933) x18 0x00000000
core   0: 0x80009400 (0x22040793) addi    a5, s0, 544
core   0: 3 0x80009400 (0x22040793) x15 0x9014a120
core   0: 0x80009404 (0x1132b093) sltiu   ra, t0, 275
core   0: 3 0x80009404 (0x1132b093) x 1 0x00000000
core   0: 0x80009408 (0x00e09213) slli    tp, ra, 14
core   0: 3 0x80009408 (0x00e09213) x 4 0x00000000
core   0: 0x8000940c (0x3703b293) sltiu   t0, t2, 880
core   0: 3 0x8000940c (0x3703b293) x 5 0x00000000
core   0: 0x80009410 (0x01a50733) add     a4, a0, s10
core   0: 3 0x80009410 (0x01a50733) x14 0x8000017f
core   0: 0x80009414 (0x0365b5b3) mulhu   a1, a1, s6
core   0: 3 0x80009414 (0x0365b5b3) x11 0x754f6ebd
core   0: 0x80009418 (0x03f04ab3) div     s5, zero, t6
core   0: 3 0x80009418 (0x03f04ab3) x21 0x00000000
core   0: 0x8000941c (0x7f414413) xori    s0, sp, 2036
core   0: 3 0x8000941c (0x7f414413) x 8 0x001fcbf9
core   0: 0x80009420 (0x02eee733) rem     a4, t4, a4
core   0: 3 0x80009420 (0x02eee733) x14 0x00000000
core   0: 0x80009424 (0x0068d313) srli    t1, a7, 6
core   0: 3 0x80009424 (0x0068d313) x 6 0x00000000
core   0: 0x80009428 (0x52343493) sltiu   s1, s0, 1315
core   0: 3 0x80009428 (0x52343493) x 9 0x00000000
core   0: 0x8000942c (0x00000013) nop
core   0: 3 0x8000942c (0x00000013)
core   0: 0x80009430 (0x02a43533) mulhu   a0, s0, a0
core   0: 3 0x80009430 (0x02a43533) x10 0x00000000
core   0: 0x80009434 (0x01843fb3) sltu    t6, s0, s8
core   0: 3 0x80009434 (0x01843fb3) x31 0x00000000
core   0: 0x80009438 (0x00000013) nop
core   0: 3 0x80009438 (0x00000013)
core   0: 0x8000943c (0x004e9033) sll     zero, t4, tp
core   0: 3 0x8000943c (0x004e9033)
core   0: 0x80009440 (0x00c592b3) sll     t0, a1, a2
core   0: 3 0x80009440 (0x00c592b3) x 5 0x54f6ebd0
core   0: 0x80009444 (0x01ea5013) srli    zero, s4, 30
core   0: 3 0x80009444 (0x01ea5013)
core   0: 0x80009448 (0x55c42c93) slti    s9, s0, 1372
core   0: 3 0x80009448 (0x55c42c93) x25 0x00000000
core   0: 0x8000944c (0x1f64c937) lui     s2, 0x1f64c
core   0: 3 0x8000944c (0x1f64c937) x18 0x1f64c000
core   0: 0x80009450 (0x03a3e8b3) rem     a7, t2, s10
core   0: 3 0x80009450 (0x03a3e8b3) x17 0x754f6b1a
core   0: 0x80009454 (0x59158c13) addi    s8, a1, 1425
core   0: 3 0x80009454 (0x59158c13) x24 0x754f744e
core   0: 0x80009458 (0x5cf578b7) lui     a7, 0x5cf57
core   0: 3 0x80009458 (0x5cf578b7) x17 0x5cf57000
core   0: 0x8000945c (0x01dec733) xor     a4, t4, t4
core   0: 3 0x8000945c (0x01dec733) x14 0x00000000
core   0: 0x80009460 (0x00abfb33) and     s6, s7, a0
core   0: 3 0x80009460 (0x00abfb33) x22 0x00000000
core   0: 0x80009464 (0x6121a813) slti    a6, gp, 1554
core   0: 3 0x80009464 (0x6121a813) x16 0x00000001
core   0: 0x80009468 (0x013cfb33) and     s6, s9, s3
core   0: 3 0x80009468 (0x013cfb33) x22 0x00000000
core   0: 0x8000946c (0x00928eb3) add     t4, t0, s1
core   0: 3 0x8000946c (0x00928eb3) x29 0x54f6ebd0
core   0: 0x80009470 (0x03d0fbb3) remu    s7, ra, t4
core   0: 3 0x80009470 (0x03d0fbb3) x23 0x00000000
core   0: 0x80009474 (0x00000013) nop
core   0: 3 0x80009474 (0x00000013)
core   0: 0x80009478 (0x035f1533) mulh    a0, t5, s5
core   0: 3 0x80009478 (0x035f1533) x10 0x00000000
core   0: 0x8000947c (0x002ad393) srli    t2, s5, 2
core   0: 3 0x8000947c (0x002ad393) x 7 0x00000000
core   0: 0x80009480 (0x69442413) slti    s0, s0, 1684
core   0: 3 0x80009480 (0x69442413) x 8 0x00000000
core   0: 0x80009484 (0x035a6a33) rem     s4, s4, s5
core   0: 3 0x80009484 (0x035a6a33) x20 0x00000172
core   0: 0x80009488 (0x00584e33) xor     t3, a6, t0
core   0: 3 0x80009488 (0x00584e33) x28 0x54f6ebd1
core   0: 0x8000948c (0x00355113) srli    sp, a0, 3
core   0: 3 0x8000948c (0x00355113) x 2 0x00000000
core   0: 0x80009490 (0x29d68393) addi    t2, a3, 669
core   0: 3 0x80009490 (0x29d68393) x 7 0x00000725
core   0: 0x80009494 (0x018668b3) or      a7, a2, s8
core   0: 3 0x80009494 (0x018668b3) x17 0xf54f7e6e
core   0: 0x80009498 (0x407b8bb3) sub     s7, s7, t2
core   0: 3 0x80009498 (0x407b8bb3) x23 0xfffff8db
core   0: 0x8000949c (0x95f4ff93) andi    t6, s1, -1697
core   0: 3 0x8000949c (0x95f4ff93) x31 0x00000000
core   0: 0x800094a0 (0xa2994493) xori    s1, s2, -1495
core   0: 3 0x800094a0 (0xa2994493) x 9 0xe09b3a29
core   0: 0x800094a4 (0xd3d8ed93) ori     s11, a7, -707
core   0: 3 0x800094a4 (0xd3d8ed93) x27 0xffffff7f
core   0: 0x800094a8 (0x00caf5b3) and     a1, s5, a2
core   0: 3 0x800094a8 (0x00caf5b3) x11 0x00000000
core   0: 0x800094ac (0x015dabb3) slt     s7, s11, s5
core   0: 3 0x800094ac (0x015dabb3) x23 0x00000001
core   0: 0x800094b0 (0x0140c6b3) xor     a3, ra, s4
core   0: 3 0x800094b0 (0x0140c6b3) x13 0x00000172
core   0: 0x800094b4 (0x41600ab3) sub     s5, zero, s6
core   0: 3 0x800094b4 (0x41600ab3) x21 0x00000000
core   0: 0x800094b8 (0x0106fb33) and     s6, a3, a6
core   0: 3 0x800094b8 (0x0106fb33) x22 0x00000000
core   0: 0x800094bc (0x9154e793) ori     a5, s1, -1771
core   0: 3 0x800094bc (0x9154e793) x15 0xfffffb3d
core   0: 0x800094c0 (0x01959c33) sll     s8, a1, s9
core   0: 3 0x800094c0 (0x01959c33) x24 0x00000000
core   0: 0x800094c4 (0x00791d93) slli    s11, s2, 7
core   0: 3 0x800094c4 (0x00791d93) x27 0xb2600000
core   0: 0x800094c8 (0xd2007313) andi    t1, zero, -736
core   0: 3 0x800094c8 (0xd2007313) x 6 0x00000000
core   0: 0x800094cc (0x030775b3) remu    a1, a4, a6
core   0: 3 0x800094cc (0x030775b3) x11 0x00000000
core   0: 0x800094d0 (0x02095cb3) divu    s9, s2, zero
core   0: 3 0x800094d0 (0x02095cb3) x25 0xffffffff
core   0: 0x800094d4 (0x02d7c233) div     tp, a5, a3
core   0: 3 0x800094d4 (0x02d7c233) x 4 0xfffffffd
core   0: 0x800094d8 (0x7a646e93) ori     t4, s0, 1958
core   0: 3 0x800094d8 (0x7a646e93) x29 0x000007a6
core   0: 0x800094dc (0x038300b3) mul     ra, t1, s8
core   0: 3 0x800094dc (0x038300b3) x 1 0x00000000
core   0: 0x800094e0 (0x407581b3) sub     gp, a1, t2
core   0: 3 0x800094e0 (0x407581b3) x 3 0xfffff8db
core   0: 0x800094e4 (0x01abd393) srli    t2, s7, 26
core   0: 3 0x800094e4 (0x01abd393) x 7 0x00000000
core   0: 0x800094e8 (0x001d92b3) sll     t0, s11, ra
core   0: 3 0x800094e8 (0x001d92b3) x 5 0xb2600000
core   0: 0x800094ec (0x027d75b3) remu    a1, s10, t2
core   0: 3 0x800094ec (0x027d75b3) x11 0x80000000
core   0: 0x800094f0 (0xde8bf193) andi    gp, s7, -536
core   0: 3 0x800094f0 (0xde8bf193) x 3 0x00000000
core   0: 0x800094f4 (0x02b6a4b3) mulhsu  s1, a3, a1
core   0: 3 0x800094f4 (0x02b6a4b3) x 9 0x000000b9
core   0: 0x800094f8 (0x01d4f733) and     a4, s1, t4
core   0: 3 0x800094f8 (0x01d4f733) x14 0x000000a0
core   0: 0x800094fc (0x00000013) nop
core   0: 3 0x800094fc (0x00000013)
core   0: 0x80009500 (0x01879313) slli    t1, a5, 24
core   0: 3 0x80009500 (0x01879313) x 6 0x3d000000
core   0: 0x80009504 (0x677ba193) slti    gp, s7, 1655
core   0: 3 0x80009504 (0x677ba193) x 3 0x00000001
core   0: 0x80009508 (0x418b56b3) sra     a3, s6, s8
core   0: 3 0x80009508 (0x418b56b3) x13 0x00000000
core   0: 0x8000950c (0x0124a7b3) slt     a5, s1, s2
core   0: 3 0x8000950c (0x0124a7b3) x15 0x00000001
core   0: 0x80009510 (0x010ef933) and     s2, t4, a6
core   0: 3 0x80009510 (0x010ef933) x18 0x00000000
core   0: 0x80009514 (0x00d25493) srli    s1, tp, 13
core   0: 3 0x80009514 (0x00d25493) x 9 0x0007ffff
core   0: 0x80009518 (0x142a6a93) ori     s5, s4, 322
core   0: 3 0x80009518 (0x142a6a93) x21 0x00000172
core   0: 0x8000951c (0x024860b3) rem     ra, a6, tp
core   0: 3 0x8000951c (0x024860b3) x 1 0x00000001
core   0: 0x80009520 (0x0221c933) div     s2, gp, sp
core   0: 3 0x80009520 (0x0221c933) x18 0xffffffff
core   0: 0x80009524 (0x416558b3) sra     a7, a0, s6
core   0: 3 0x80009524 (0x416558b3) x17 0x00000000
core   0: 0x80009528 (0x6dc24b13) xori    s6, tp, 1756
core   0: 3 0x80009528 (0x6dc24b13) x22 0xfffff921
core   0: 0x8000952c (0xd022e693) ori     a3, t0, -766
core   0: 3 0x8000952c (0xd022e693) x13 0xfffffd02
core   0: 0x80009530 (0x00fae5b3) or      a1, s5, a5
core   0: 3 0x80009530 (0x00fae5b3) x11 0x00000173
core   0: 0x80009534 (0x02e43a33) mulhu   s4, s0, a4
core   0: 3 0x80009534 (0x02e43a33) x20 0x00000000
core   0: 0x80009538 (0x5d31cfb7) lui     t6, 0x5d31c
core   0: 3 0x80009538 (0x5d31cfb7) x31 0x5d31c000
core   0: 0x8000953c (0x00e33b33) sltu    s6, t1, a4
core   0: 3 0x8000953c (0x00e33b33) x22 0x00000000
core   0: 0x80009540 (0x002af733) and     a4, s5, sp
core   0: 3 0x80009540 (0x002af733) x14 0x00000000
core   0: 0x80009544 (0x00431393) slli    t2, t1, 4
core   0: 3 0x80009544 (0x00431393) x 7 0xd0000000
core   0: 0x80009548 (0xeb5d7093) andi    ra, s10, -331
core   0: 3 0x80009548 (0xeb5d7093) x 1 0x80000000
core   0: 0x8000954c (0x01cc2ab3) slt     s5, s8, t3
core   0: 3 0x8000954c (0x01cc2ab3) x21 0x00000001
core   0: 0x80009550 (0x0118d033) srl     zero, a7, a7
core   0: 3 0x80009550 (0x0118d033)
core   0: 0x80009554 (0x0053fab3) and     s5, t2, t0
core   0: 3 0x80009554 (0x0053fab3) x21 0x90000000
core   0: 0x80009558 (0x03930833) mul     a6, t1, s9
core   0: 3 0x80009558 (0x03930833) x16 0xc3000000
core   0: 0x8000955c (0x03079233) mulh    tp, a5, a6
core   0: 3 0x8000955c (0x03079233) x 4 0xffffffff
core   0: 0x80009560 (0x87172513) slti    a0, a4, -1935
core   0: 3 0x80009560 (0x87172513) x10 0x00000000
core   0: 0x80009564 (0x02f73e93) sltiu   t4, a4, 47
core   0: 3 0x80009564 (0x02f73e93) x29 0x00000001
core   0: 0x80009568 (0x41c98233) sub     tp, s3, t3
core   0: 3 0x80009568 (0x41c98233) x 4 0x2b0a6293
core   0: 0x8000956c (0x0171e933) or      s2, gp, s7
core   0: 3 0x8000956c (0x0171e933) x18 0x00000001
core   0: 0x80009570 (0x404c5db3) sra     s11, s8, tp
core   0: 3 0x80009570 (0x404c5db3) x27 0x00000000
core   0: 0x80009574 (0x01b9da93) srli    s5, s3, 27
core   0: 3 0x80009574 (0x01b9da93) x21 0x00000010
core   0: 0x80009578 (0x0297f3b3) remu    t2, a5, s1
core   0: 3 0x80009578 (0x0297f3b3) x 7 0x00000001
core   0: 0x8000957c (0x00000013) nop
core   0: 3 0x8000957c (0x00000013)
core   0: 0x80009580 (0xdfd5c613) xori    a2, a1, -515
core   0: 3 0x80009580 (0xdfd5c613) x12 0xfffffc8e
core   0: 0x80009584 (0x7345e117) auipc   sp, 0x7345e
core   0: 3 0x80009584 (0x7345e117) x 2 0xf3467584
core   0: 0x80009588 (0x02d19933) mulh    s2, gp, a3
core   0: 3 0x80009588 (0x02d19933) x18 0xffffffff
core   0: 0x8000958c (0x41bbd133) sra     sp, s7, s11
core   0: 3 0x8000958c (0x41bbd133) x 2 0x00000001
core   0: 0x80009590 (0xf03e6c93) ori     s9, t3, -253
core   0: 3 0x80009590 (0xf03e6c93) x25 0xffffffd3
core   0: 0x80009594 (0x01320933) add     s2, tp, s3
core   0: 3 0x80009594 (0x01320933) x18 0xab0bb0f7
core   0: 0x80009598 (0x813fee93) ori     t4, t6, -2029
core   0: 3 0x80009598 (0x813fee93) x29 0xfffff813
core   0: 0x8000959c (0xadc8c893) xori    a7, a7, -1316
core   0: 3 0x8000959c (0xadc8c893) x17 0xfffffadc
core   0: 0x800095a0 (0x026c85b3) mul     a1, s9, t1
core   0: 3 0x800095a0 (0x026c85b3) x11 0x47000000
core   0: 0x800095a4 (0x030612b3) mulh    t0, a2, a6
core   0: 3 0x800095a4 (0x030612b3) x 5 0x000000d2
core   0: 0x800095a8 (0x3d022193) slti    gp, tp, 976
core   0: 3 0x800095a8 (0x3d022193) x 3 0x00000000
core   0: 0x800095ac (0x00d1d193) srli    gp, gp, 13
core   0: 3 0x800095ac (0x00d1d193) x 3 0x00000000
core   0: 0x800095b0 (0x031edab3) divu    s5, t4, a7
core   0: 3 0x800095b0 (0x031edab3) x21 0x00000000
core   0: 0x800095b4 (0x00000013) nop
core   0: 3 0x800095b4 (0x00000013)
core   0: 0x800095b8 (0x02e7a6b3) mulhsu  a3, a5, a4
core   0: 3 0x800095b8 (0x02e7a6b3) x13 0x00000000
core   0: 0x800095bc (0x00656db3) or      s11, a0, t1
core   0: 3 0x800095bc (0x00656db3) x27 0x3d000000
core   0: 0x800095c0 (0x0005e833) or      a6, a1, zero
core   0: 3 0x800095c0 (0x0005e833) x16 0x47000000
core   0: 0x800095c4 (0x41b2d133) sra     sp, t0, s11
core   0: 3 0x800095c4 (0x41b2d133) x 2 0x000000d2
core   0: 0x800095c8 (0x006ce4b3) or      s1, s9, t1
core   0: 3 0x800095c8 (0x006ce4b3) x 9 0xffffffd3
core   0: 0x800095cc (0x00544333) xor     t1, s0, t0
core   0: 3 0x800095cc (0x00544333) x 6 0x000000d2
core   0: 0x800095d0 (0x023a7c33) remu    s8, s4, gp
core   0: 3 0x800095d0 (0x023a7c33) x24 0x00000000
core   0: 0x800095d4 (0x00000013) nop
core   0: 3 0x800095d4 (0x00000013)
core   0: 0x800095d8 (0x00a508b3) add     a7, a0, a0
core   0: 3 0x800095d8 (0x00a508b3) x17 0x00000000
core   0: 0x800095dc (0x01a0aeb3) slt     t4, ra, s10
core   0: 3 0x800095dc (0x01a0aeb3) x29 0x00000000
core   0: 0x800095e0 (0x00000013) nop
core   0: 3 0x800095e0 (0x00000013)
core   0: 0x800095e4 (0xa3b6d817) auipc   a6, 0xa3b6d
core   0: 3 0x800095e4 (0xa3b6d817) x16 0x23b765e4
core   0: 0x800095e8 (0x00d25e13) srli    t3, tp, 13
core   0: 3 0x800095e8 (0x00d25e13) x28 0x00015853
core   0: 0x800095ec (0x030f9533) mulh    a0, t6, a6
core   0: 3 0x800095ec (0x030f9533) x10 0x0d0090e7
core   0: 0x800095f0 (0x00a0c2b3) xor     t0, ra, a0
core   0: 3 0x800095f0 (0x00a0c2b3) x 5 0x8d0090e7
core   0: 0x800095f4 (0x00530bb3) add     s7, t1, t0
core   0: 3 0x800095f4 (0x00530bb3) x23 0x8d0091b9
core   0: 0x800095f8 (0x01449793) slli    a5, s1, 20
core   0: 3 0x800095f8 (0x01449793) x15 0xfd300000
core   0: 0x800095fc (0x016e22b3) slt     t0, t3, s6
core   0: 3 0x800095fc (0x016e22b3) x 5 0x00000000
core   0: 0x80009600 (0x00000013) nop
core   0: 3 0x80009600 (0x00000013)
core   0: 0x80009604 (0xa8f2b593) sltiu   a1, t0, -1393
core   0: 3 0x80009604 (0xa8f2b593) x11 0x00000001
core   0: 0x80009608 (0x01227033) and     zero, tp, s2
core   0: 3 0x80009608 (0x01227033)
core   0: 0x8000960c (0x01a1b333) sltu    t1, gp, s10
core   0: 3 0x8000960c (0x01a1b333) x 6 0x00000001
core   0: 0x80009610 (0x411c80b3) sub     ra, s9, a7
core   0: 3 0x80009610 (0x411c80b3) x 1 0xffffffd3
core   0: 0x80009614 (0x036ba833) mulhsu  a6, s7, s6
core   0: 3 0x80009614 (0x036ba833) x16 0x00000000
core   0: 0x80009618 (0x01e36ab3) or      s5, t1, t5
core   0: 3 0x80009618 (0x01e36ab3) x21 0x80018ce5
core   0: 0x8000961c (0x167addb7) lui     s11, 0x167ad
core   0: 3 0x8000961c (0x167addb7) x27 0x167ad000
core   0: 0x80009620 (0x02cf3db3) mulhu   s11, t5, a2
core   0: 3 0x80009620 (0x02cf3db3) x27 0x80018b2a
core   0: 0x80009624 (0x023bf6b3) remu    a3, s7, gp
core   0: 3 0x80009624 (0x023bf6b3) x13 0x8d0091b9
core   0: 0x80009628 (0x03056433) rem     s0, a0, a6
core   0: 3 0x80009628 (0x03056433) x 8 0x0d0090e7
core   0: 0x8000962c (0x01548eb3) add     t4, s1, s5
core   0: 3 0x8000962c (0x01548eb3) x29 0x80018cb8
core   0: 0x80009630 (0x207f0e93) addi    t4, t5, 519
core   0: 3 0x80009630 (0x207f0e93) x29 0x80018eeb
core   0: 0x80009634 (0x00011e93) slli    t4, sp, 0
core   0: 3 0x80009634 (0x00011e93) x29 0x000000d2
core   0: 0x80009638 (0x020c23b3) mulhsu  t2, s8, zero
core   0: 3 0x80009638 (0x020c23b3) x 7 0x00000000
core   0: 0x8000963c (0x025c3033) mulhu   zero, s8, t0
core   0: 3 0x8000963c (0x025c3033)
core   0: 0x80009640 (0x00cf9c13) slli    s8, t6, 12
core   0: 3 0x80009640 (0x00cf9c13) x24 0x1c000000
core   0: 0x80009644 (0x40b05113) srai    sp, zero, 11
core   0: 3 0x80009644 (0x40b05113) x 2 0x00000000
core   0: 0x80009648 (0x00bfd133) srl     sp, t6, a1
core   0: 3 0x80009648 (0x00bfd133) x 2 0x2e98e000
core   0: 0x8000964c (0x00000013) nop
core   0: 3 0x8000964c (0x00000013)
core   0: 0x80009650 (0x416ad5b3) sra     a1, s5, s6
core   0: 3 0x80009650 (0x416ad5b3) x11 0x80018ce5
core   0: 0x80009654 (0x93ffaeb7) lui     t4, 0x93ffa
core   0: 3 0x80009654 (0x93ffaeb7) x29 0x93ffa000
core   0: 0x80009658 (0x01a568b3) or      a7, a0, s10
core   0: 3 0x80009658 (0x01a568b3) x17 0x8d0090e7
core   0: 0x8000965c (0x38ee2713) slti    a4, t3, 910
core   0: 3 0x8000965c (0x38ee2713) x14 0x00000000
core   0: 0x80009660 (0x0173f233) and     tp, t2, s7
core   0: 3 0x80009660 (0x0173f233) x 4 0x00000000
core   0: 0x80009664 (0x00167833) and     a6, a2, ra
core   0: 3 0x80009664 (0x00167833) x16 0xfffffc82
core   0: 0x80009668 (0x0388beb3) mulhu   t4, a7, s8
core   0: 3 0x80009668 (0x0388beb3) x29 0x0f6c0fd9
core   0: 0x8000966c (0x40cb8db3) sub     s11, s7, a2
core   0: 3 0x8000966c (0x40cb8db3) x27 0x8d00952b
core   0: 0x80009670 (0x87dd7693) andi    a3, s10, -1923
core   0: 3 0x80009670 (0x87dd7693) x13 0x80000000
core   0: 0x80009674 (0x00a64633) xor     a2, a2, a0
core   0: 3 0x80009674 (0x00a64633) x12 0xf2ff6c69
core   0: 0x80009678 (0x40285613) srai    a2, a6, 2
core   0: 3 0x80009678 (0x40285613) x12 0xffffff20
core   0: 0x8000967c (0x30f50f93) addi    t6, a0, 783
core   0: 3 0x8000967c (0x30f50f93) x31 0x0d0093f6
core   0: 0x80009680 (0xa2c02bb7) lui     s7, 0xa2c02
core   0: 3 0x80009680 (0xa2c02bb7) x23 0xa2c02000
core   0: 0x80009684 (0x03839b33) mulh    s6, t2, s8
core   0: 3 0x80009684 (0x03839b33) x22 0x00000000
core   0: 0x80009688 (0x5d5ea413) slti    s0, t4, 1493
core   0: 3 0x80009688 (0x5d5ea413) x 8 0x00000000
core   0: 0x8000968c (0xffe2b037) lui     zero, 0xffe2b
core   0: 3 0x8000968c (0xffe2b037)
core   0: 0x80009690 (0x006e9913) slli    s2, t4, 6
core   0: 3 0x80009690 (0x006e9913) x18 0xdb03f640
core   0: 0x80009694 (0xa98e2bb7) lui     s7, 0xa98e2
core   0: 3 0x80009694 (0xa98e2bb7) x23 0xa98e2000
core   0: 0x80009698 (0x9bd02093) slti    ra, zero, -1603
core   0: 3 0x80009698 (0x9bd02093) x 1 0x00000000
core   0: 0x8000969c (0x00c38233) add     tp, t2, a2
core   0: 3 0x8000969c (0x00c38233) x 4 0xffffff20
core   0: 0x800096a0 (0x416d5113) srai    sp, s10, 22
core   0: 3 0x800096a0 (0x416d5113) x 2 0xfffffe00
core   0: 0x800096a4 (0x45107613) andi    a2, zero, 1105
core   0: 3 0x800096a4 (0x45107613) x12 0x00000000
core   0: 0x800096a8 (0x79fdf213) andi    tp, s11, 1951
core   0: 3 0x800096a8 (0x79fdf213) x 4 0x0000050b
core   0: 0x800096ac (0x00181db3) sll     s11, a6, ra
core   0: 3 0x800096ac (0x00181db3) x27 0xfffffc82
core   0: 0x800096b0 (0x0216ce33) div     t3, a3, ra
core   0: 3 0x800096b0 (0x0216ce33) x28 0xffffffff
core   0: 0x800096b4 (0x005e6fb3) or      t6, t3, t0
core   0: 3 0x800096b4 (0x005e6fb3) x31 0xffffffff
core   0: 0x800096b8 (0x41aad413) srai    s0, s5, 26
core   0: 3 0x800096b8 (0x41aad413) x 8 0xffffffe0
core   0: 0x800096bc (0x4a2a4193) xori    gp, s4, 1186
core   0: 3 0x800096bc (0x4a2a4193) x 3 0x000004a2
core   0: 0x800096c0 (0x41d8db93) srai    s7, a7, 29
core   0: 3 0x800096c0 (0x41d8db93) x23 0xfffffffc
core   0: 0x800096c4 (0x0095fc33) and     s8, a1, s1
core   0: 3 0x800096c4 (0x0095fc33) x24 0x80018cc1
core   0: 0x800096c8 (0x01f99693) slli    a3, s3, 31
core   0: 3 0x800096c8 (0x01f99693) x13 0x00000000
core   0: 0x800096cc (0xa4e0ea13) ori     s4, ra, -1458
core   0: 3 0x800096cc (0xa4e0ea13) x20 0xfffffa4e
core   0: 0x800096d0 (0x1cb0f113) andi    sp, ra, 459
core   0: 3 0x800096d0 (0x1cb0f113) x 2 0x00000000
core   0: 0x800096d4 (0x01889d93) slli    s11, a7, 24
core   0: 3 0x800096d4 (0x01889d93) x27 0xe7000000
core   0: 0x800096d8 (0x012ac933) xor     s2, s5, s2
core   0: 3 0x800096d8 (0x012ac933) x18 0x5b027aa5
core   0: 0x800096dc (0x006031b3) snez    gp, t1
core   0: 3 0x800096dc (0x006031b3) x 3 0x00000001
core   0: 0x800096e0 (0x01fc8433) add     s0, s9, t6
core   0: 3 0x800096e0 (0x01fc8433) x 8 0xffffffd2
core   0: 0x800096e4 (0x02be3db3) mulhu   s11, t3, a1
core   0: 3 0x800096e4 (0x02be3db3) x27 0x80018ce4
core   0: 0x800096e8 (0x030b7233) remu    tp, s6, a6
core   0: 3 0x800096e8 (0x030b7233) x 4 0x00000000
core   0: 0x800096ec (0xac9f8913) addi    s2, t6, -1335
core   0: 3 0x800096ec (0xac9f8913) x18 0xfffffac8
core   0: 0x800096f0 (0x03ee9a33) mulh    s4, t4, t5
core   0: 3 0x800096f0 (0x03ee9a33) x20 0xf84a0ffc
core   0: 0x800096f4 (0x01235bb3) srl     s7, t1, s2
core   0: 3 0x800096f4 (0x01235bb3) x23 0x00000000
core   0: 0x800096f8 (0x0166f433) and     s0, a3, s6
core   0: 3 0x800096f8 (0x0166f433) x 8 0x00000000
core   0: 0x800096fc (0x005eab33) slt     s6, t4, t0
core   0: 3 0x800096fc (0x005eab33) x22 0x00000000
core   0: 0x80009700 (0x00dd4db3) xor     s11, s10, a3
core   0: 3 0x80009700 (0x00dd4db3) x27 0x80000000
core   0: 0x80009704 (0x785c3f93) sltiu   t6, s8, 1925
core   0: 3 0x80009704 (0x785c3f93) x31 0x00000000
core   0: 0x80009708 (0x4da30c37) lui     s8, 0x4da30
core   0: 3 0x80009708 (0x4da30c37) x24 0x4da30000
core   0: 0x8000970c (0x005787b3) add     a5, a5, t0
core   0: 3 0x8000970c (0x005787b3) x15 0xfd300000
core   0: 0x80009710 (0x01efecb3) or      s9, t6, t5
core   0: 3 0x80009710 (0x01efecb3) x25 0x80018ce4
core   0: 0x80009714 (0x01ab6fb3) or      t6, s6, s10
core   0: 3 0x80009714 (0x01ab6fb3) x31 0x80000000
core   0: 0x80009718 (0x8b310d93) addi    s11, sp, -1869
core   0: 3 0x80009718 (0x8b310d93) x27 0xfffff8b3
core   0: 0x8000971c (0x004f2933) slt     s2, t5, tp
core   0: 3 0x8000971c (0x004f2933) x18 0x00000001
core   0: 0x80009720 (0x02f1a033) mulhsu  zero, gp, a5
core   0: 3 0x80009720 (0x02f1a033)
core   0: 0x80009724 (0x561df713) andi    a4, s11, 1377
core   0: 3 0x80009724 (0x561df713) x14 0x00000021
core   0: 0x80009728 (0x01d64333) xor     t1, a2, t4
core   0: 3 0x80009728 (0x01d64333) x 6 0x0f6c0fd9
core   0: 0x8000972c (0x00f65493) srli    s1, a2, 15
core   0: 3 0x8000972c (0x00f65493) x 9 0x00000000
core   0: 0x80009730 (0x004c9fb3) sll     t6, s9, tp
core   0: 3 0x80009730 (0x004c9fb3) x31 0x80018ce4
core   0: 0x80009734 (0x00000013) nop
core   0: 3 0x80009734 (0x00000013)
core   0: 0x80009738 (0x01ebb4b3) sltu    s1, s7, t5
core   0: 3 0x80009738 (0x01ebb4b3) x 9 0x00000001
core   0: 0x8000973c (0x00000013) nop
core   0: 3 0x8000973c (0x00000013)
core   0: 0x80009740 (0x41b15833) sra     a6, sp, s11
core   0: 3 0x80009740 (0x41b15833) x16 0x00000000
core   0: 0x80009744 (0x00a39913) slli    s2, t2, 10
core   0: 3 0x80009744 (0x00a39913) x18 0x00000000
core   0: 0x80009748 (0x008820b3) slt     ra, a6, s0
core   0: 3 0x80009748 (0x008820b3) x 1 0x00000000
core   0: 0x8000974c (0x4140d133) sra     sp, ra, s4
core   0: 3 0x8000974c (0x4140d133) x 2 0x00000000
core   0: 0x80009750 (0x014db233) sltu    tp, s11, s4
core   0: 3 0x80009750 (0x014db233) x 4 0x00000000
core   0: 0x80009754 (0x7f928a13) addi    s4, t0, 2041
core   0: 3 0x80009754 (0x7f928a13) x20 0x000007f9
core   0: 0x80009758 (0x030da933) mulhsu  s2, s11, a6
core   0: 3 0x80009758 (0x030da933) x18 0x00000000
core   0: 0x8000975c (0x01f724b3) slt     s1, a4, t6
core   0: 3 0x8000975c (0x01f724b3) x 9 0x00000000
core   0: 0x80009760 (0xb46a3693) sltiu   a3, s4, -1210
core   0: 3 0x80009760 (0xb46a3693) x13 0x00000001
core   0: 0x80009764 (0x01639c93) slli    s9, t2, 22
core   0: 3 0x80009764 (0x01639c93) x25 0x00000000
core   0: 0x80009768 (0x00bb5713) srli    a4, s6, 11
core   0: 3 0x80009768 (0x00bb5713) x14 0x00000000
core   0: 0x8000976c (0x01a20233) add     tp, tp, s10
core   0: 3 0x8000976c (0x01a20233) x 4 0x80000000
core   0: 0x80009770 (0x030cf3b3) remu    t2, s9, a6
core   0: 3 0x80009770 (0x030cf3b3) x 7 0x00000000
core   0: 0x80009774 (0x03469133) mulh    sp, a3, s4
core   0: 3 0x80009774 (0x03469133) x 2 0x00000000
core   0: 0x80009778 (0xf0cb6717) auipc   a4, 0xf0cb6
core   0: 3 0x80009778 (0xf0cb6717) x14 0x70cbf778
core   0: 0x8000977c (0x0066fa33) and     s4, a3, t1
core   0: 3 0x8000977c (0x0066fa33) x20 0x00000001
core   0: 0x80009780 (0x872ccd97) auipc   s11, 0x872cc
core   0: 3 0x80009780 (0x872ccd97) x27 0x072d5780
core   0: 0x80009784 (0x621bb513) sltiu   a0, s7, 1569
core   0: 3 0x80009784 (0x621bb513) x10 0x00000001
core   0: 0x80009788 (0x02f0e4b3) rem     s1, ra, a5
core   0: 3 0x80009788 (0x02f0e4b3) x 9 0x00000000
core   0: 0x8000978c (0x019e0033) add     zero, t3, s9
core   0: 3 0x8000978c (0x019e0033)
core   0: 0x80009790 (0x020b6fb3) rem     t6, s6, zero
core   0: 3 0x80009790 (0x020b6fb3) x31 0x00000000
core   0: 0x80009794 (0x40100bb3) sub     s7, zero, ra
core   0: 3 0x80009794 (0x40100bb3) x23 0x00000000
core   0: 0x80009798 (0x4a196213) ori     tp, s2, 1185
core   0: 3 0x80009798 (0x4a196213) x 4 0x000004a1
core   0: 0x8000979c (0x008a2db3) slt     s11, s4, s0
core   0: 3 0x8000979c (0x008a2db3) x27 0x00000000
core   0: 0x800097a0 (0x00951d93) slli    s11, a0, 9
core   0: 3 0x800097a0 (0x00951d93) x27 0x00000200
core   0: 0x800097a4 (0x06a7e293) ori     t0, a5, 106
core   0: 3 0x800097a4 (0x06a7e293) x 5 0xfd30006a
core   0: 0x800097a8 (0x489bae93) slti    t4, s7, 1161
core   0: 3 0x800097a8 (0x489bae93) x29 0x00000001
core   0: 0x800097ac (0x00e9bb33) sltu    s6, s3, a4
core   0: 3 0x800097ac (0x00e9bb33) x22 0x00000000
core   0: 0x800097b0 (0x40d3db33) sra     s6, t2, a3
core   0: 3 0x800097b0 (0x40d3db33) x22 0x00000000
core   0: 0x800097b4 (0x03d93c33) mulhu   s8, s2, t4
core   0: 3 0x800097b4 (0x03d93c33) x24 0x00000000
core   0: 0x800097b8 (0x0153f433) and     s0, t2, s5
core   0: 3 0x800097b8 (0x0153f433) x 8 0x00000000
core   0: 0x800097bc (0x4bd93f93) sltiu   t6, s2, 1213
core   0: 3 0x800097bc (0x4bd93f93) x31 0x00000001
core   0: 0x800097c0 (0x2060bc93) sltiu   s9, ra, 518
core   0: 3 0x800097c0 (0x2060bc93) x25 0x00000001
core   0: 0x800097c4 (0x0203f8b3) remu    a7, t2, zero
core   0: 3 0x800097c4 (0x0203f8b3) x17 0x00000000
core   0: 0x800097c8 (0x026a50b3) divu    ra, s4, t1
core   0: 3 0x800097c8 (0x026a50b3) x 1 0x00000000
core   0: 0x800097cc (0x00e934b3) sltu    s1, s2, a4
core   0: 3 0x800097cc (0x00e934b3) x 9 0x00000001
core   0: 0x800097d0 (0x033f1fb3) mulh    t6, t5, s3
core   0: 3 0x800097d0 (0x033f1fb3) x31 0x3ffe925e
core   0: 0x800097d4 (0x41e85533) sra     a0, a6, t5
core   0: 3 0x800097d4 (0x41e85533) x10 0x00000000
core   0: 0x800097d8 (0x292dcb93) xori    s7, s11, 658
core   0: 3 0x800097d8 (0x292dcb93) x23 0x00000092
core   0: 0x800097dc (0xc8fc0293) addi    t0, s8, -881
core   0: 3 0x800097dc (0xc8fc0293) x 5 0xfffffc8f
core   0: 0x800097e0 (0xc93d7893) andi    a7, s10, -877
core   0: 3 0x800097e0 (0xc93d7893) x17 0x80000000
core   0: 0x800097e4 (0x00221a13) slli    s4, tp, 2
core   0: 3 0x800097e4 (0x00221a13) x20 0x00001284
core   0: 0x800097e8 (0x00dc9893) slli    a7, s9, 13
core   0: 3 0x800097e8 (0x00dc9893) x17 0x00002000
core   0: 0x800097ec (0x03520bb3) mul     s7, tp, s5
core   0: 3 0x800097ec (0x03520bb3) x23 0x872d3005
core   0: 0x800097f0 (0x00000013) nop
core   0: 3 0x800097f0 (0x00000013)
core   0: 0x800097f4 (0x001fcbb3) xor     s7, t6, ra
core   0: 3 0x800097f4 (0x001fcbb3) x23 0x3ffe925e
core   0: 0x800097f8 (0x77896137) lui     sp, 0x77896
core   0: 3 0x800097f8 (0x77896137) x 2 0x77896000
core   0: 0x800097fc (0xab5c0493) addi    s1, s8, -1355
core   0: 3 0x800097fc (0xab5c0493) x 9 0xfffffab5
core   0: 0x80009800 (0x41f78933) sub     s2, a5, t6
core   0: 3 0x80009800 (0x41f78933) x18 0xbd316da2
core   0: 0x80009804 (0x02ff15b3) mulh    a1, t5, a5
core   0: 3 0x80009804 (0x02ff15b3) x11 0x0167fba3
core   0: 0x80009808 (0x01405eb3) srl     t4, zero, s4
core   0: 3 0x80009808 (0x01405eb3) x29 0x00000000
core   0: 0x8000980c (0xcd323d93) sltiu   s11, tp, -813
core   0: 3 0x8000980c (0xcd323d93) x27 0x00000001
core   0: 0x80009810 (0x419a5193) srai    gp, s4, 25
core   0: 3 0x80009810 (0x419a5193) x 3 0x00000000
core   0: 0x80009814 (0xc849c593) xori    a1, s3, -892
core   0: 3 0x80009814 (0xc849c593) x11 0x7ffeb2e0
core   0: 0x80009818 (0x00000013) nop
core   0: 3 0x80009818 (0x00000013)
core   0: 0x8000981c (0x00b49693) slli    a3, s1, 11
core   0: 3 0x8000981c (0x00b49693) x13 0xffd5a800
core   0: 0x80009820 (0x0048dab3) srl     s5, a7, tp
core   0: 3 0x80009820 (0x0048dab3) x21 0x00001000
core   0: 0x80009824 (0x0289d533) divu    a0, s3, s0
core   0: 3 0x80009824 (0x0289d533) x10 0xffffffff
core   0: 0x80009828 (0x1944a393) slti    t2, s1, 404
core   0: 3 0x80009828 (0x1944a393) x 7 0x00000001
core   0: 0x8000982c (0x7e38c913) xori    s2, a7, 2019
core   0: 3 0x8000982c (0x7e38c913) x18 0x000027e3
core   0: 0x80009830 (0x00265db3) srl     s11, a2, sp
core   0: 3 0x80009830 (0x00265db3) x27 0x00000000
core   0: 0x80009834 (0x27548813) addi    a6, s1, 629
core   0: 3 0x80009834 (0x27548813) x16 0xfffffd2a
core   0: 0x80009838 (0xe6848a13) addi    s4, s1, -408
core   0: 3 0x80009838 (0xe6848a13) x20 0xfffff91d
core   0: 0x8000983c (0x01e9d913) srli    s2, s3, 30
core   0: 3 0x8000983c (0x01e9d913) x18 0x00000002
core   0: 0x80009840 (0x03ff6933) rem     s2, t5, t6
core   0: 3 0x80009840 (0x03ff6933) x18 0xfffeb1a0
core   0: 0x80009844 (0x01c98333) add     t1, s3, t3
core   0: 3 0x80009844 (0x01c98333) x 6 0x80014e63
core   0: 0x80009848 (0xce24fb93) andi    s7, s1, -798
core   0: 3 0x80009848 (0xce24fb93) x23 0xfffff8a0
core   0: 0x8000984c (0x007d4b33) xor     s6, s10, t2
core   0: 3 0x8000984c (0x007d4b33) x22 0x80000001
core   0: 0x80009850 (0x0358adb3) mulhsu  s11, a7, s5
core   0: 3 0x80009850 (0x0358adb3) x27 0x00000000
core   0: 0x80009854 (0x0302f633) remu    a2, t0, a6
core   0: 3 0x80009854 (0x0302f633) x12 0xfffffc8f
core   0: 0x80009858 (0x032f8e33) mul     t3, t6, s2
core   0: 3 0x80009858 (0x032f8e33) x28 0xdd9278c0
core   0: 0x8000985c (0x00298833) add     a6, s3, sp
core   0: 3 0x8000985c (0x00298833) x16 0xf78aae64
core   0: 0x80009860 (0x00269c93) slli    s9, a3, 2
core   0: 3 0x80009860 (0x00269c93) x25 0xff56a000
core   0: 0x80009864 (0x008883b3) add     t2, a7, s0
core   0: 3 0x80009864 (0x008883b3) x 7 0x00002000
core   0: 0x80009868 (0x03762933) mulhsu  s2, a2, s7
core   0: 3 0x80009868 (0x03762933) x18 0xfffffc8f
core   0: 0x8000986c (0x016bf933) and     s2, s7, s6
core   0: 3 0x8000986c (0x016bf933) x18 0x80000000
core   0: 0x80009870 (0x010d35b3) sltu    a1, s10, a6
core   0: 3 0x80009870 (0x010d35b3) x11 0x00000001
core   0: 0x80009874 (0x03f2eeb3) rem     t4, t0, t6
core   0: 3 0x80009874 (0x03f2eeb3) x29 0xfffffc8f
core   0: 0x80009878 (0x03121333) mulh    t1, tp, a7
core   0: 3 0x80009878 (0x03121333) x 6 0x00000000
core   0: 0x8000987c (0x0152a033) slt     zero, t0, s5
core   0: 3 0x8000987c (0x0152a033)
core   0: 0x80009880 (0xb9700a93) li      s5, -1129
core   0: 3 0x80009880 (0xb9700a93) x21 0xfffffb97
core   0: 0x80009884 (0x00fcd793) srli    a5, s9, 15
core   0: 3 0x80009884 (0x00fcd793) x15 0x0001fead
core   0: 0x80009888 (0x0130adb3) slt     s11, ra, s3
core   0: 3 0x80009888 (0x0130adb3) x27 0x00000000
core   0: 0x8000988c (0x41760933) sub     s2, a2, s7
core   0: 3 0x8000988c (0x41760933) x18 0x000003ef
core   0: 0x80009890 (0xd7e04d93) xori    s11, zero, -642
core   0: 3 0x80009890 (0xd7e04d93) x27 0xfffffd7e
core   0: 0x80009894 (0x00460bb3) add     s7, a2, tp
core   0: 3 0x80009894 (0x00460bb3) x23 0x00000130
core   0: 0x80009898 (0x00297833) and     a6, s2, sp
core   0: 3 0x80009898 (0x00297833) x16 0x00000000
core   0: 0x8000989c (0x6e6ced93) ori     s11, s9, 1766
core   0: 3 0x8000989c (0x6e6ced93) x27 0xff56a6e6
core   0: 0x800098a0 (0x001c88b3) add     a7, s9, ra
core   0: 3 0x800098a0 (0x001c88b3) x17 0xff56a000
core   0: 0x800098a4 (0x016a8633) add     a2, s5, s6
core   0: 3 0x800098a4 (0x016a8633) x12 0x7ffffb98
core   0: 0x800098a8 (0x00000013) nop
core   0: 3 0x800098a8 (0x00000013)
core   0: 0x800098ac (0x50a031b7) lui     gp, 0x50a03
core   0: 3 0x800098ac (0x50a031b7) x 3 0x50a03000
core   0: 0x800098b0 (0xf707fa13) andi    s4, a5, -144
core   0: 3 0x800098b0 (0xf707fa13) x20 0x0001fe20
core   0: 0x800098b4 (0x00382833) slt     a6, a6, gp
core   0: 3 0x800098b4 (0x00382833) x16 0x00000001
core   0: 0x800098b8 (0x9c62f913) andi    s2, t0, -1594
core   0: 3 0x800098b8 (0x9c62f913) x18 0xfffff886
core   0: 0x800098bc (0x00abeeb3) or      t4, s7, a0
core   0: 3 0x800098bc (0x00abeeb3) x29 0xffffffff
core   0: 0x800098c0 (0x01b13cb3) sltu    s9, sp, s11
core   0: 3 0x800098c0 (0x01b13cb3) x25 0x00000001
core   0: 0x800098c4 (0x00511b13) slli    s6, sp, 5
core   0: 3 0x800098c4 (0x00511b13) x22 0xf12c0000
core   0: 0x800098c8 (0x02a2a6b3) mulhsu  a3, t0, a0
core   0: 3 0x800098c8 (0x02a2a6b3) x13 0xfffffc8f
core   0: 0x800098cc (0xa50b2813) slti    a6, s6, -1456
core   0: 3 0x800098cc (0xa50b2813) x16 0x00000001
core   0: 0x800098d0 (0x40c8d6b3) sra     a3, a7, a2
core   0: 3 0x800098d0 (0x40c8d6b3) x13 0xffffffff
core   0: 0x800098d4 (0x41108233) sub     tp, ra, a7
core   0: 3 0x800098d4 (0x41108233) x 4 0x00a96000
core   0: 0x800098d8 (0x4b550b93) addi    s7, a0, 1205
core   0: 3 0x800098d8 (0x4b550b93) x23 0x000004b4
core   0: 0x800098dc (0x403d8233) sub     tp, s11, gp
core   0: 3 0x800098dc (0x403d8233) x 4 0xaeb676e6
core   0: 0x800098e0 (0x4df5b113) sltiu   sp, a1, 1247
core   0: 3 0x800098e0 (0x4df5b113) x 2 0x00000001
core   0: 0x800098e4 (0x03da56b3) divu    a3, s4, t4
core   0: 3 0x800098e4 (0x03da56b3) x13 0x00000000
core   0: 0x800098e8 (0x00761293) slli    t0, a2, 7
core   0: 3 0x800098e8 (0x00761293) x 5 0xfffdcc00
core   0: 0x800098ec (0x01a471b3) and     gp, s0, s10
core   0: 3 0x800098ec (0x01a471b3) x 3 0x00000000
core   0: 0x800098f0 (0x41afdb13) srai    s6, t6, 26
core   0: 3 0x800098f0 (0x41afdb13) x22 0x0000000f
core   0: 0x800098f4 (0x02e1fcb3) remu    s9, gp, a4
core   0: 3 0x800098f4 (0x02e1fcb3) x25 0x00000000
core   0: 0x800098f8 (0xab57f413) andi    s0, a5, -1355
core   0: 3 0x800098f8 (0xab57f413) x 8 0x0001faa5
core   0: 0x800098fc (0x01594433) xor     s0, s2, s5
core   0: 3 0x800098fc (0x01594433) x 8 0x00000311
core   0: 0x80009900 (0x8337b213) sltiu   tp, a5, -1997
core   0: 3 0x80009900 (0x8337b213) x 4 0x00000001
core   0: 0x80009904 (0x01dc6833) or      a6, s8, t4
core   0: 3 0x80009904 (0x01dc6833) x16 0xffffffff
core   0: 0x80009908 (0x00000013) nop
core   0: 3 0x80009908 (0x00000013)
core   0: 0x8000990c (0x02002433) mulhsu  s0, zero, zero
core   0: 3 0x8000990c (0x02002433) x 8 0x00000000
core   0: 0x80009910 (0x1619c493) xori    s1, s3, 353
core   0: 3 0x80009910 (0x1619c493) x 9 0x80014f05
core   0: 0x80009914 (0x03df4933) div     s2, t5, t4
core   0: 3 0x80009914 (0x03df4933) x18 0x7ffe731c
core   0: 0x80009918 (0x410e5c93) srai    s9, t3, 16
core   0: 3 0x80009918 (0x410e5c93) x25 0xffffdd92
core   0: 0x8000991c (0x038b0c33) mul     s8, s6, s8
core   0: 3 0x8000991c (0x038b0c33) x24 0x00000000
core   0: 0x80009920 (0x01639413) slli    s0, t2, 22
core   0: 3 0x80009920 (0x01639413) x 8 0x00000000
core   0: 0x80009924 (0xfc362d93) slti    s11, a2, -61
core   0: 3 0x80009924 (0xfc362d93) x27 0x00000000
core   0: 0x80009928 (0x026a3db3) mulhu   s11, s4, t1
core   0: 3 0x80009928 (0x026a3db3) x27 0x00000000
core   0: 0x8000992c (0x02997bb3) remu    s7, s2, s1
core   0: 3 0x8000992c (0x02997bb3) x23 0x7ffe731c
core   0: 0x80009930 (0x0082d693) srli    a3, t0, 8
core   0: 3 0x80009930 (0x0082d693) x13 0x00fffdcc
core   0: 0x80009934 (0x01d39c33) sll     s8, t2, t4
core   0: 3 0x80009934 (0x01d39c33) x24 0x00000000
core   0: 0x80009938 (0xfa2d6e13) ori     t3, s10, -94
core   0: 3 0x80009938 (0xfa2d6e13) x28 0xffffffa2
core   0: 0x8000993c (0x87f54613) xori    a2, a0, -1921
core   0: 3 0x8000993c (0x87f54613) x12 0x00000780
core   0: 0x80009940 (0x02eb0133) mul     sp, s6, a4
core   0: 3 0x80009940 (0x02eb0133) x 2 0x9bf38008
core   0: 0x80009944 (0x7657f017) auipc   zero, 0x7657f
core   0: 3 0x80009944 (0x7657f017)
core   0: 0x80009948 (0x018aa6b3) slt     a3, s5, s8
core   0: 3 0x80009948 (0x018aa6b3) x13 0x00000001
core   0: 0x8000994c (0x451c8513) addi    a0, s9, 1105
core   0: 3 0x8000994c (0x451c8513) x10 0xffffe1e3
core   0: 0x80009950 (0x02f91bb3) mulh    s7, s2, a5
core   0: 3 0x80009950 (0x02f91bb3) x23 0x0000ff53
core   0: 0x80009954 (0xb0096a13) ori     s4, s2, -1280
core   0: 3 0x80009954 (0xb0096a13) x20 0xfffffb1c
core   0: 0x80009958 (0x65c1df97) auipc   t6, 0x65c1d
core   0: 3 0x80009958 (0x65c1df97) x31 0xe5c26958
core   0: 0x8000995c (0x02b00cb3) mul     s9, zero, a1
core   0: 3 0x8000995c (0x02b00cb3) x25 0x00000000
core   0: 0x80009960 (0x013cceb3) xor     t4, s9, s3
core   0: 3 0x80009960 (0x013cceb3) x29 0x80014e64
core   0: 0x80009964 (0x03c04db3) div     s11, zero, t3
core   0: 3 0x80009964 (0x03c04db3) x27 0x00000000
core   0: 0x80009968 (0x0091a033) slt     zero, gp, s1
core   0: 3 0x80009968 (0x0091a033)
core   0: 0x8000996c (0x01cdfcb3) and     s9, s11, t3
core   0: 3 0x8000996c (0x01cdfcb3) x25 0x00000000
core   0: 0x80009970 (0x02c9d8b3) divu    a7, s3, a2
core   0: 3 0x80009970 (0x02c9d8b3) x17 0x0011113d
core   0: 0x80009974 (0x51b0c393) xori    t2, ra, 1307
core   0: 3 0x80009974 (0x51b0c393) x 7 0x0000051b
core   0: 0x80009978 (0x18abc813) xori    a6, s7, 394
core   0: 3 0x80009978 (0x18abc813) x16 0x0000fed9
core   0: 0x8000997c (0x883ff6b7) lui     a3, 0x883ff
core   0: 3 0x8000997c (0x883ff6b7) x13 0x883ff000
core   0: 0x80009980 (0x02004a33) div     s4, zero, zero
core   0: 3 0x80009980 (0x02004a33) x20 0xffffffff
core   0: 0x80009984 (0x00ea5cb3) srl     s9, s4, a4
core   0: 3 0x80009984 (0x00ea5cb3) x25 0x000000ff
core   0: 0x80009988 (0x0150a0b3) slt     ra, ra, s5
core   0: 3 0x80009988 (0x0150a0b3) x 1 0x00000000
core   0: 0x8000998c (0x008bf7b3) and     a5, s7, s0
core   0: 3 0x8000998c (0x008bf7b3) x15 0x00000000
core   0: 0x80009990 (0x00d31b33) sll     s6, t1, a3
core   0: 3 0x80009990 (0x00d31b33) x22 0x00000000
core   0: 0x80009994 (0x00000013) nop
core   0: 3 0x80009994 (0x00000013)
core   0: 0x80009998 (0x0307c033) div     zero, a5, a6
core   0: 3 0x80009998 (0x0307c033)
core   0: 0x8000999c (0x03e00fb3) mul     t6, zero, t5
core   0: 3 0x8000999c (0x03e00fb3) x31 0x00000000
core   0: 0x800099a0 (0x01876eb3) or      t4, a4, s8
core   0: 3 0x800099a0 (0x01876eb3) x29 0x70cbf778
core   0: 0x800099a4 (0x8c4e2437) lui     s0, 0x8c4e2
core   0: 3 0x800099a4 (0x8c4e2437) x 8 0x8c4e2000
core   0: 0x800099a8 (0x40bcd4b3) sra     s1, s9, a1
core   0: 3 0x800099a8 (0x40bcd4b3) x 9 0x0000007f
core   0: 0x800099ac (0x40d552b3) sra     t0, a0, a3
core   0: 3 0x800099ac (0x40d552b3) x 5 0xffffe1e3
core   0: 0x800099b0 (0xee610e13) addi    t3, sp, -282
core   0: 3 0x800099b0 (0xee610e13) x28 0x9bf37eee
core   0: 0x800099b4 (0x02db95b3) mulh    a1, s7, a3
core   0: 3 0x800099b4 (0x02db95b3) x11 0xffff8890
core   0: 0x800099b8 (0x03b1aab3) mulhsu  s5, gp, s11
core   0: 3 0x800099b8 (0x03b1aab3) x21 0x00000000
core   0: 0x800099bc (0x031687b3) mul     a5, a3, a7
core   0: 3 0x800099bc (0x031687b3) x15 0xa62c3000
core   0: 0x800099c0 (0x1fcafc93) andi    s9, s5, 508
core   0: 3 0x800099c0 (0x1fcafc93) x25 0x00000000
core   0: 0x800099c4 (0x00ad5b13) srli    s6, s10, 10
core   0: 3 0x800099c4 (0x00ad5b13) x22 0x00200000
core   0: 0x800099c8 (0x0310a0b3) mulhsu  ra, ra, a7
core   0: 3 0x800099c8 (0x0310a0b3) x 1 0x00000000
core   0: 0x800099cc (0x03f5a1b3) mulhsu  gp, a1, t6
core   0: 3 0x800099cc (0x03f5a1b3) x 3 0x00000000
core   0: 0x800099d0 (0x001f9e13) slli    t3, t6, 1
core   0: 3 0x800099d0 (0x001f9e13) x28 0x00000000
core   0: 0x800099d4 (0x01b76ab3) or      s5, a4, s11
core   0: 3 0x800099d4 (0x01b76ab3) x21 0x70cbf778
core   0: 0x800099d8 (0xc20d4793) xori    a5, s10, -992
core   0: 3 0x800099d8 (0xc20d4793) x15 0x7ffffc20
core   0: 0x800099dc (0x02de2633) mulhsu  a2, t3, a3
core   0: 3 0x800099dc (0x02de2633) x12 0x00000000
core   0: 0x800099e0 (0x8cd82913) slti    s2, a6, -1843
core   0: 3 0x800099e0 (0x8cd82913) x18 0x00000000
core   0: 0x800099e4 (0x005dfbb3) and     s7, s11, t0
core   0: 3 0x800099e4 (0x005dfbb3) x23 0x00000000
core   0: 0x800099e8 (0x4189ddb3) sra     s11, s3, s8
core   0: 3 0x800099e8 (0x4189ddb3) x27 0x80014e64
core   0: 0x800099ec (0x400a85b3) sub     a1, s5, zero
core   0: 3 0x800099ec (0x400a85b3) x11 0x70cbf778
core   0: 0x800099f0 (0xa432f393) andi    t2, t0, -1469
core   0: 3 0x800099f0 (0xa432f393) x 7 0xffffe043
core   0: 0x800099f4 (0x00d1a833) slt     a6, gp, a3
core   0: 3 0x800099f4 (0x00d1a833) x16 0x00000000
core   0: 0x800099f8 (0x0111edb3) or      s11, gp, a7
core   0: 3 0x800099f8 (0x0111edb3) x27 0x0011113d
core   0: 0x800099fc (0xa848b793) sltiu   a5, a7, -1404
core   0: 3 0x800099fc (0xa848b793) x15 0x00000001
core   0: 0x80009a00 (0x007cd8b3) srl     a7, s9, t2
core   0: 3 0x80009a00 (0x007cd8b3) x17 0x00000000
core   0: 0x80009a04 (0x416f5893) srai    a7, t5, 22
core   0: 3 0x80009a04 (0x416f5893) x17 0xfffffe00
core   0: 0x80009a08 (0x010405b3) add     a1, s0, a6
core   0: 3 0x80009a08 (0x010405b3) x11 0x8c4e2000
core   0: 0x80009a0c (0x02f53fb3) mulhu   t6, a0, a5
core   0: 3 0x80009a0c (0x02f53fb3) x31 0x00000000
core   0: 0x80009a10 (0x2eeca313) slti    t1, s9, 750
core   0: 3 0x80009a10 (0x2eeca313) x 6 0x00000001
core   0: 0x80009a14 (0x031b6bb3) rem     s7, s6, a7
core   0: 3 0x80009a14 (0x031b6bb3) x23 0x00000000
core   0: 0x80009a18 (0x01f19fb3) sll     t6, gp, t6
core   0: 3 0x80009a18 (0x01f19fb3) x31 0x00000000
core   0: 0x80009a1c (0x01ecf333) and     t1, s9, t5
core   0: 3 0x80009a1c (0x01ecf333) x 6 0x00000000
core   0: 0x80009a20 (0x00768333) add     t1, a3, t2
core   0: 3 0x80009a20 (0x00768333) x 6 0x883fd043
core   0: 0x80009a24 (0x2de57297) auipc   t0, 0x2de57
core   0: 3 0x80009a24 (0x2de57297) x 5 0xade60a24
core   0: 0x80009a28 (0x3af53013) sltiu   zero, a0, 943
core   0: 3 0x80009a28 (0x3af53013)
core   0: 0x80009a2c (0x003754b3) srl     s1, a4, gp
core   0: 3 0x80009a2c (0x003754b3) x 9 0x70cbf778
core   0: 0x80009a30 (0x40c457b3) sra     a5, s0, a2
core   0: 3 0x80009a30 (0x40c457b3) x15 0x8c4e2000
core   0: 0x80009a34 (0x0190dd93) srli    s11, ra, 25
core   0: 3 0x80009a34 (0x0190dd93) x27 0x00000000
core   0: 0x80009a38 (0x412b01b3) sub     gp, s6, s2
core   0: 3 0x80009a38 (0x412b01b3) x 3 0x00200000
core   0: 0x80009a3c (0x41a2d1b3) sra     gp, t0, s10
core   0: 3 0x80009a3c (0x41a2d1b3) x 3 0xade60a24
core   0: 0x80009a40 (0x00000013) nop
core   0: 3 0x80009a40 (0x00000013)
core   0: 0x80009a44 (0x01d97833) and     a6, s2, t4
core   0: 3 0x80009a44 (0x01d97833) x16 0x00000000
core   0: 0x80009a48 (0x02eaf7b3) remu    a5, s5, a4
core   0: 3 0x80009a48 (0x02eaf7b3) x15 0x00000000
core   0: 0x80009a4c (0x02b3f2b3) remu    t0, t2, a1
core   0: 3 0x80009a4c (0x02b3f2b3) x 5 0x73b1c043
core   0: 0x80009a50 (0x00000013) nop
core   0: 3 0x80009a50 (0x00000013)
core   0: 0x80009a54 (0x02b4d8b3) divu    a7, s1, a1
core   0: 3 0x80009a54 (0x02b4d8b3) x17 0x00000000
core   0: 0x80009a58 (0x00000013) nop
core   0: 3 0x80009a58 (0x00000013)
core   0: 0x80009a5c (0x41b30033) sub     zero, t1, s11
core   0: 3 0x80009a5c (0x41b30033)
core   0: 0x80009a60 (0x03ebe8b3) rem     a7, s7, t5
core   0: 3 0x80009a60 (0x03ebe8b3) x17 0x00000000
core   0: 0x80009a64 (0x005d5cb3) srl     s9, s10, t0
core   0: 3 0x80009a64 (0x005d5cb3) x25 0x10000000
core   0: 0x80009a68 (0x02f70fb3) mul     t6, a4, a5
core   0: 3 0x80009a68 (0x02f70fb3) x31 0x00000000
core   0: 0x80009a6c (0x0151a333) slt     t1, gp, s5
core   0: 3 0x80009a6c (0x0151a333) x 6 0x00000001
core   0: 0x80009a70 (0x007c5193) srli    gp, s8, 7
core   0: 3 0x80009a70 (0x007c5193) x 3 0x00000000
core   0: 0x80009a74 (0x3be0f193) andi    gp, ra, 958
core   0: 3 0x80009a74 (0x3be0f193) x 3 0x00000000
core   0: 0x80009a78 (0x037bf533) remu    a0, s7, s7
core   0: 3 0x80009a78 (0x037bf533) x10 0x00000000
core   0: 0x80009a7c (0x00293fb3) sltu    t6, s2, sp
core   0: 3 0x80009a7c (0x00293fb3) x31 0x00000001
core   0: 0x80009a80 (0x41755193) srai    gp, a0, 23
core   0: 3 0x80009a80 (0x41755193) x 3 0x00000000
core   0: 0x80009a84 (0x011214b3) sll     s1, tp, a7
core   0: 3 0x80009a84 (0x011214b3) x 9 0x00000001
core   0: 0x80009a88 (0x00000013) nop
core   0: 3 0x80009a88 (0x00000013)
core   0: 0x80009a8c (0xe8fbeb37) lui     s6, 0xe8fbe
core   0: 3 0x80009a8c (0xe8fbeb37) x22 0xe8fbe000
core   0: 0x80009a90 (0x03d0fe33) remu    t3, ra, t4
core   0: 3 0x80009a90 (0x03d0fe33) x28 0x00000000
core   0: 0x80009a94 (0x03e471b3) remu    gp, s0, t5
core   0: 3 0x80009a94 (0x03e471b3) x 3 0x0c4c931c
core   0: 0x80009a98 (0x00d91593) slli    a1, s2, 13
core   0: 3 0x80009a98 (0x00d91593) x11 0x00000000
core   0: 0x80009a9c (0xe403ca93) xori    s5, t2, -448
core   0: 3 0x80009a9c (0xe403ca93) x21 0x00001e03
core   0: 0x80009aa0 (0x00f212b3) sll     t0, tp, a5
core   0: 3 0x80009aa0 (0x00f212b3) x 5 0x00000001
core   0: 0x80009aa4 (0x63a4a693) slti    a3, s1, 1594
core   0: 3 0x80009aa4 (0x63a4a693) x13 0x00000001
core   0: 0x80009aa8 (0x0108a933) slt     s2, a7, a6
core   0: 3 0x80009aa8 (0x0108a933) x18 0x00000000
core   0: 0x80009aac (0x0127abb3) slt     s7, a5, s2
core   0: 3 0x80009aac (0x0127abb3) x23 0x00000000
core   0: 0x80009ab0 (0x0369da33) divu    s4, s3, s6
core   0: 3 0x80009ab0 (0x0369da33) x20 0x00000000
core   0: 0x80009ab4 (0x01c15e93) srli    t4, sp, 28
core   0: 3 0x80009ab4 (0x01c15e93) x29 0x00000009
core   0: 0x80009ab8 (0x032fac33) mulhsu  s8, t6, s2
core   0: 3 0x80009ab8 (0x032fac33) x24 0x00000000
core   0: 0x80009abc (0x031eca33) div     s4, t4, a7
core   0: 3 0x80009abc (0x031eca33) x20 0xffffffff
core   0: 0x80009ac0 (0x40bc8233) sub     tp, s9, a1
core   0: 3 0x80009ac0 (0x40bc8233) x 4 0x10000000
core   0: 0x80009ac4 (0x03d0f433) remu    s0, ra, t4
core   0: 3 0x80009ac4 (0x03d0f433) x 8 0x00000000
core   0: 0x80009ac8 (0x01461333) sll     t1, a2, s4
core   0: 3 0x80009ac8 (0x01461333) x 6 0x00000000
core   0: 0x80009acc (0x03b0cb33) div     s6, ra, s11
core   0: 3 0x80009acc (0x03b0cb33) x22 0xffffffff
core   0: 0x80009ad0 (0x017cfbb3) and     s7, s9, s7
core   0: 3 0x80009ad0 (0x017cfbb3) x23 0x00000000
core   0: 0x80009ad4 (0x034751b3) divu    gp, a4, s4
core   0: 3 0x80009ad4 (0x034751b3) x 3 0x00000000
core   0: 0x80009ad8 (0x03ccdeb3) divu    t4, s9, t3
core   0: 3 0x80009ad8 (0x03ccdeb3) x29 0xffffffff
core   0: 0x80009adc (0x2197e213) ori     tp, a5, 537
core   0: 3 0x80009adc (0x2197e213) x 4 0x00000219
core   0: 0x80009ae0 (0x03b88333) mul     t1, a7, s11
core   0: 3 0x80009ae0 (0x03b88333) x 6 0x00000000
core   0: 0x80009ae4 (0x015ad333) srl     t1, s5, s5
core   0: 3 0x80009ae4 (0x015ad333) x 6 0x000003c0
core   0: 0x80009ae8 (0xaed53c93) sltiu   s9, a0, -1299
core   0: 3 0x80009ae8 (0xaed53c93) x25 0x00000001
core   0: 0x80009aec (0x02bd0ab3) mul     s5, s10, a1
core   0: 3 0x80009aec (0x02bd0ab3) x21 0x00000000
core   0: 0x80009af0 (0x01c803b3) add     t2, a6, t3
core   0: 3 0x80009af0 (0x01c803b3) x 7 0x00000000
core   0: 0x80009af4 (0x8b11c313) xori    t1, gp, -1871
core   0: 3 0x80009af4 (0x8b11c313) x 6 0xfffff8b1
core   0: 0x80009af8 (0x02d654b3) divu    s1, a2, a3
core   0: 3 0x80009af8 (0x02d654b3) x 9 0x00000000
core   0: 0x80009afc (0x9af03c13) sltiu   s8, zero, -1617
core   0: 3 0x80009afc (0x9af03c13) x24 0x00000001
core   0: 0x80009b00 (0x00000013) nop
core   0: 3 0x80009b00 (0x00000013)
core   0: 0x80009b04 (0x00465833) srl     a6, a2, tp
core   0: 3 0x80009b04 (0x00465833) x16 0x00000000
core   0: 0x80009b08 (0x0031d033) srl     zero, gp, gp
core   0: 3 0x80009b08 (0x0031d033)
core   0: 0x80009b0c (0x31498b13) addi    s6, s3, 788
core   0: 3 0x80009b0c (0x31498b13) x22 0x80015178
core   0: 0x80009b10 (0x01d54733) xor     a4, a0, t4
core   0: 3 0x80009b10 (0x01d54733) x14 0xffffffff
core   0: 0x80009b14 (0x0051c8b3) xor     a7, gp, t0
core   0: 3 0x80009b14 (0x0051c8b3) x17 0x00000001
core   0: 0x80009b18 (0xd7803f93) sltiu   t6, zero, -648
core   0: 3 0x80009b18 (0xd7803f93) x31 0x00000001
core   0: 0x80009b1c (0x01a44233) xor     tp, s0, s10
core   0: 3 0x80009b1c (0x01a44233) x 4 0x80000000
core   0: 0x80009b20 (0x01092933) slt     s2, s2, a6
core   0: 3 0x80009b20 (0x01092933) x18 0x00000000
core   0: 0x80009b24 (0x0173bbb3) sltu    s7, t2, s7
core   0: 3 0x80009b24 (0x0173bbb3) x23 0x00000000
core   0: 0x80009b28 (0x01ea1fb3) sll     t6, s4, t5
core   0: 3 0x80009b28 (0x01ea1fb3) x31 0xfffffff0
core   0: 0x80009b2c (0x00589fb3) sll     t6, a7, t0
core   0: 3 0x80009b2c (0x00589fb3) x31 0x00000002
core   0: 0x80009b30 (0x6c42eb13) ori     s6, t0, 1732
core   0: 3 0x80009b30 (0x6c42eb13) x22 0x000006c5
core   0: 0x80009b34 (0x01f23833) sltu    a6, tp, t6
core   0: 3 0x80009b34 (0x01f23833) x16 0x00000000
core   0: 0x80009b38 (0x01419a13) slli    s4, gp, 20
core   0: 3 0x80009b38 (0x01419a13) x20 0x00000000
core   0: 0x80009b3c (0x013685b3) add     a1, a3, s3
core   0: 3 0x80009b3c (0x013685b3) x11 0x80014e65
core   0: 0x80009b40 (0x01801233) sll     tp, zero, s8
core   0: 3 0x80009b40 (0x01801233) x 4 0x00000000
core   0: 0x80009b44 (0x1cf83093) sltiu   ra, a6, 463
core   0: 3 0x80009b44 (0x1cf83093) x 1 0x00000001
core   0: 0x80009b48 (0xb733eb93) ori     s7, t2, -1165
core   0: 3 0x80009b48 (0xb733eb93) x23 0xfffffb73
core   0: 0x80009b4c (0x0308cdb3) div     s11, a7, a6
core   0: 3 0x80009b4c (0x0308cdb3) x27 0xffffffff
core   0: 0x80009b50 (0x02ca23b3) mulhsu  t2, s4, a2
core   0: 3 0x80009b50 (0x02ca23b3) x 7 0x00000000
core   0: 0x80009b54 (0x41a95933) sra     s2, s2, s10
core   0: 3 0x80009b54 (0x41a95933) x18 0x00000000
core   0: 0x80009b58 (0x0185beb3) sltu    t4, a1, s8
core   0: 3 0x80009b58 (0x0185beb3) x29 0x00000000
core   0: 0x80009b5c (0x01375513) srli    a0, a4, 19
core   0: 3 0x80009b5c (0x01375513) x10 0x00001fff
core   0: 0x80009b60 (0xcd784713) xori    a4, a6, -809
core   0: 3 0x80009b60 (0xcd784713) x14 0xfffffcd7
core   0: 0x80009b64 (0x03340b33) mul     s6, s0, s3
core   0: 3 0x80009b64 (0x03340b33) x22 0x00000000
core   0: 0x80009b68 (0x0288fab3) remu    s5, a7, s0
core   0: 3 0x80009b68 (0x0288fab3) x21 0x00000001
core   0: 0x80009b6c (0x03654fb3) div     t6, a0, s6
core   0: 3 0x80009b6c (0x03654fb3) x31 0xffffffff
core   0: 0x80009b70 (0x0367fdb3) remu    s11, a5, s6
core   0: 3 0x80009b70 (0x0367fdb3) x27 0x00000000
core   0: 0x80009b74 (0x0269e5b3) rem     a1, s3, t1
core   0: 3 0x80009b74 (0x0269e5b3) x11 0xfffffcc5
core   0: 0x80009b78 (0x00eb2eb3) slt     t4, s6, a4
core   0: 3 0x80009b78 (0x00eb2eb3) x29 0x00000000
core   0: 0x80009b7c (0x03341fb3) mulh    t6, s0, s3
core   0: 3 0x80009b7c (0x03341fb3) x31 0x00000000
core   0: 0x80009b80 (0x02fb5c33) divu    s8, s6, a5
core   0: 3 0x80009b80 (0x02fb5c33) x24 0xffffffff
core   0: 0x80009b84 (0x5bc3c193) xori    gp, t2, 1468
core   0: 3 0x80009b84 (0x5bc3c193) x 3 0x000005bc
core   0: 0x80009b88 (0x011770b3) and     ra, a4, a7
core   0: 3 0x80009b88 (0x011770b3) x 1 0x00000001
core   0: 0x80009b8c (0x02735b33) divu    s6, t1, t2
core   0: 3 0x80009b8c (0x02735b33) x22 0xffffffff
core   0: 0x80009b90 (0x02056cb3) rem     s9, a0, zero
core   0: 3 0x80009b90 (0x02056cb3) x25 0x00001fff
core   0: 0x80009b94 (0x00f62ab3) slt     s5, a2, a5
core   0: 3 0x80009b94 (0x00f62ab3) x21 0x00000000
core   0: 0x80009b98 (0x01de1d93) slli    s11, t3, 29
core   0: 3 0x80009b98 (0x01de1d93) x27 0x00000000
core   0: 0x80009b9c (0x010978b3) and     a7, s2, a6
core   0: 3 0x80009b9c (0x010978b3) x17 0x00000000
core   0: 0x80009ba0 (0x0283cfb3) div     t6, t2, s0
core   0: 3 0x80009ba0 (0x0283cfb3) x31 0xffffffff
core   0: 0x80009ba4 (0x022c82b3) mul     t0, s9, sp
core   0: 3 0x80009ba4 (0x022c82b3) x 5 0xd40d7ff8
core   0: 0x80009ba8 (0x00391493) slli    s1, s2, 3
core   0: 3 0x80009ba8 (0x00391493) x 9 0x00000000
core   0: 0x80009bac (0x11448013) addi    zero, s1, 276
core   0: 3 0x80009bac (0x11448013)
core   0: 0x80009bb0 (0x4169d613) srai    a2, s3, 22
core   0: 3 0x80009bb0 (0x4169d613) x12 0xfffffe00
core   0: 0x80009bb4 (0x02b437b3) mulhu   a5, s0, a1
core   0: 3 0x80009bb4 (0x02b437b3) x15 0x00000000
core   0: 0x80009bb8 (0x00d22733) slt     a4, tp, a3
core   0: 3 0x80009bb8 (0x00d22733) x14 0x00000001
core   0: 0x80009bbc (0x451dfc13) andi    s8, s11, 1105
core   0: 3 0x80009bbc (0x451dfc13) x24 0x00000000
core   0: 0x80009bc0 (0xc1947113) andi    sp, s0, -999
core   0: 3 0x80009bc0 (0xc1947113) x 2 0x00000000
core   0: 0x80009bc4 (0x036535b3) mulhu   a1, a0, s6
core   0: 3 0x80009bc4 (0x036535b3) x11 0x00001ffe
core   0: 0x80009bc8 (0x03174fb3) div     t6, a4, a7
core   0: 3 0x80009bc8 (0x03174fb3) x31 0xffffffff
core   0: 0x80009bcc (0x02d57a33) remu    s4, a0, a3
core   0: 3 0x80009bcc (0x02d57a33) x20 0x00000000
core   0: 0x80009bd0 (0xa0953db7) lui     s11, 0xa0953
core   0: 3 0x80009bd0 (0xa0953db7) x27 0xa0953000
core   0: 0x80009bd4 (0x033e8b33) mul     s6, t4, s3
core   0: 3 0x80009bd4 (0x033e8b33) x22 0x00000000
core   0: 0x80009bd8 (0x036e68b3) rem     a7, t3, s6
core   0: 3 0x80009bd8 (0x036e68b3) x17 0x00000000
core   0: 0x80009bdc (0x005464b3) or      s1, s0, t0
core   0: 3 0x80009bdc (0x005464b3) x 9 0xd40d7ff8
core   0: 0x80009be0 (0x01581693) slli    a3, a6, 21
core   0: 3 0x80009be0 (0x01581693) x13 0x00000000
core   0: 0x80009be4 (0x03bfe533) rem     a0, t6, s11
core   0: 3 0x80009be4 (0x03bfe533) x10 0xffffffff
core   0: 0x80009be8 (0x358db117) auipc   sp, 0x358db
core   0: 3 0x80009be8 (0x358db117) x 2 0xb58e4be8
core   0: 0x80009bec (0x01f883b3) add     t2, a7, t6
core   0: 3 0x80009bec (0x01f883b3) x 7 0xffffffff
core   0: 0x80009bf0 (0x022baa33) mulhsu  s4, s7, sp
core   0: 3 0x80009bf0 (0x022baa33) x20 0xfffffcc5
core   0: 0x80009bf4 (0x029458b3) divu    a7, s0, s1
core   0: 3 0x80009bf4 (0x029458b3) x17 0x00000000
core   0: 0x80009bf8 (0x00aaaab3) slt     s5, s5, a0
core   0: 3 0x80009bf8 (0x00aaaab3) x21 0x00000000
core   0: 0x80009bfc (0x00dfc133) xor     sp, t6, a3
core   0: 3 0x80009bfc (0x00dfc133) x 2 0xffffffff
core   0: 0x80009c00 (0x01a6ca33) xor     s4, a3, s10
core   0: 3 0x80009c00 (0x01a6ca33) x20 0x80000000
core   0: 0x80009c04 (0x02d6dbb3) divu    s7, a3, a3
core   0: 3 0x80009c04 (0x02d6dbb3) x23 0xffffffff
core   0: 0x80009c08 (0x00d260b3) or      ra, tp, a3
core   0: 3 0x80009c08 (0x00d260b3) x 1 0x00000000
core   0: 0x80009c0c (0x4a3bce13) xori    t3, s7, 1187
core   0: 3 0x80009c0c (0x4a3bce13) x28 0xfffffb5c
core   0: 0x80009c10 (0x01055133) srl     sp, a0, a6
core   0: 3 0x80009c10 (0x01055133) x 2 0xffffffff
core   0: 0x80009c14 (0x007543b3) xor     t2, a0, t2
core   0: 3 0x80009c14 (0x007543b3) x 7 0x00000000
core   0: 0x80009c18 (0x01abc933) xor     s2, s7, s10
core   0: 3 0x80009c18 (0x01abc933) x18 0x7fffffff
core   0: 0x80009c1c (0x03170333) mul     t1, a4, a7
core   0: 3 0x80009c1c (0x03170333) x 6 0x00000000
core   0: 0x80009c20 (0xd776e093) ori     ra, a3, -649
core   0: 3 0x80009c20 (0xd776e093) x 1 0xfffffd77
core   0: 0x80009c24 (0x412ed713) srai    a4, t4, 18
core   0: 3 0x80009c24 (0x412ed713) x14 0x00000000
core   0: 0x80009c28 (0xf552ab13) slti    s6, t0, -171
core   0: 3 0x80009c28 (0xf552ab13) x22 0x00000001
core   0: 0x80009c2c (0x868d9c97) auipc   s9, 0x868d9
core   0: 3 0x80009c2c (0x868d9c97) x25 0x068e2c2c
core   0: 0x80009c30 (0x03503e33) mulhu   t3, zero, s5
core   0: 3 0x80009c30 (0x03503e33) x28 0x00000000
core   0: 0x80009c34 (0x028adbb3) divu    s7, s5, s0
core   0: 3 0x80009c34 (0x028adbb3) x23 0xffffffff
core   0: 0x80009c38 (0x59ad8497) auipc   s1, 0x59ad8
core   0: 3 0x80009c38 (0x59ad8497) x 9 0xd9ae1c38
core   0: 0x80009c3c (0x02249eb3) mulh    t4, s1, sp
core   0: 3 0x80009c3c (0x02249eb3) x29 0x00000000
core   0: 0x80009c40 (0x7f36a493) slti    s1, a3, 2035
core   0: 3 0x80009c40 (0x7f36a493) x 9 0x00000001
core   0: 0x80009c44 (0x6947be93) sltiu   t4, a5, 1684
core   0: 3 0x80009c44 (0x6947be93) x29 0x00000001
core   0: 0x80009c48 (0x01604c33) xor     s8, zero, s6
core   0: 3 0x80009c48 (0x01604c33) x24 0x00000001
core   0: 0x80009c4c (0x020c03b3) mul     t2, s8, zero
core   0: 3 0x80009c4c (0x020c03b3) x 7 0x00000000
core   0: 0x80009c50 (0x165bfa93) andi    s5, s7, 357
core   0: 3 0x80009c50 (0x165bfa93) x21 0x00000165
core   0: 0x80009c54 (0x4189d893) srai    a7, s3, 24
core   0: 3 0x80009c54 (0x4189d893) x17 0xffffff80
core   0: 0x80009c58 (0x00013133) sltu    sp, sp, zero
core   0: 3 0x80009c58 (0x00013133) x 2 0x00000000
core   0: 0x80009c5c (0x40dc5333) sra     t1, s8, a3
core   0: 3 0x80009c5c (0x40dc5333) x 6 0x00000001
core   0: 0x80009c60 (0x127a3b93) sltiu   s7, s4, 295
core   0: 3 0x80009c60 (0x127a3b93) x23 0x00000000
core   0: 0x80009c64 (0x003581b3) add     gp, a1, gp
core   0: 3 0x80009c64 (0x003581b3) x 3 0x000025ba
core   0: 0x80009c68 (0x413cde13) srai    t3, s9, 19
core   0: 3 0x80009c68 (0x413cde13) x28 0x000000d1
core   0: 0x80009c6c (0xaf3f7293) andi    t0, t5, -1293
core   0: 3 0x80009c6c (0xaf3f7293) x 5 0x800188e0
core   0: 0x80009c70 (0x0385b733) mulhu   a4, a1, s8
core   0: 3 0x80009c70 (0x0385b733) x14 0x00000000
core   0: 0x80009c74 (0xa821b813) sltiu   a6, gp, -1406
core   0: 3 0x80009c74 (0xa821b813) x16 0x00000001
core   0: 0x80009c78 (0x64acf093) andi    ra, s9, 1610
core   0: 3 0x80009c78 (0x64acf093) x 1 0x00000408
core   0: 0x80009c7c (0x03b40b33) mul     s6, s0, s11
core   0: 3 0x80009c7c (0x03b40b33) x22 0x00000000
core   0: 0x80009c80 (0x02d46cb3) rem     s9, s0, a3
core   0: 3 0x80009c80 (0x02d46cb3) x25 0x00000000
core   0: 0x80009c84 (0xe1f10093) addi    ra, sp, -481
core   0: 3 0x80009c84 (0xe1f10093) x 1 0xfffffe1f
core   0: 0x80009c88 (0x02af6db3) rem     s11, t5, a0
core   0: 3 0x80009c88 (0x02af6db3) x27 0x00000000
core   0: 0x80009c8c (0x7c38f213) andi    tp, a7, 1987
core   0: 3 0x80009c8c (0x7c38f213) x 4 0x00000780
core   0: 0x80009c90 (0xd3f2fa17) auipc   s4, 0xd3f2f
core   0: 3 0x80009c90 (0xd3f2fa17) x20 0x53f38c90
core   0: 0x80009c94 (0x0079c3b3) xor     t2, s3, t2
core   0: 3 0x80009c94 (0x0079c3b3) x 7 0x80014e64
core   0: 0x80009c98 (0xb76b07b7) lui     a5, 0xb76b0
core   0: 3 0x80009c98 (0xb76b07b7) x15 0xb76b0000
core   0: 0x80009c9c (0x00ad3bb3) sltu    s7, s10, a0
core   0: 3 0x80009c9c (0x00ad3bb3) x23 0x00000001
core   0: 0x80009ca0 (0xb5e0bc17) auipc   s8, 0xb5e0b
core   0: 3 0x80009ca0 (0xb5e0bc17) x24 0x35e14ca0
core   0: 0x80009ca4 (0x0085ee33) or      t3, a1, s0
core   0: 3 0x80009ca4 (0x0085ee33) x28 0x00001ffe
core   0: 0x80009ca8 (0x03f0ee33) rem     t3, ra, t6
core   0: 3 0x80009ca8 (0x03f0ee33) x28 0x00000000
core   0: 0x80009cac (0x00c6ebb3) or      s7, a3, a2
core   0: 3 0x80009cac (0x00c6ebb3) x23 0xfffffe00
core   0: 0x80009cb0 (0x00de9533) sll     a0, t4, a3
core   0: 3 0x80009cb0 (0x00de9533) x10 0x00000001
core   0: 0x80009cb4 (0x00000013) nop
core   0: 3 0x80009cb4 (0x00000013)
core   0: 0x80009cb8 (0x00dc66b3) or      a3, s8, a3
core   0: 3 0x80009cb8 (0x00dc66b3) x13 0x35e14ca0
core   0: 0x80009cbc (0x41a08033) sub     zero, ra, s10
core   0: 3 0x80009cbc (0x41a08033)
core   0: 0x80009cc0 (0x02cff2b3) remu    t0, t6, a2
core   0: 3 0x80009cc0 (0x02cff2b3) x 5 0x000001ff
core   0: 0x80009cc4 (0x00b1b3b3) sltu    t2, gp, a1
core   0: 3 0x80009cc4 (0x00b1b3b3) x 7 0x00000000
core   0: 0x80009cc8 (0x008d6233) or      tp, s10, s0
core   0: 3 0x80009cc8 (0x008d6233) x 4 0x80000000
core   0: 0x80009ccc (0x41715a93) srai    s5, sp, 23
core   0: 3 0x80009ccc (0x41715a93) x21 0x00000000
core   0: 0x80009cd0 (0x031e4cb3) div     s9, t3, a7
core   0: 3 0x80009cd0 (0x031e4cb3) x25 0x00000000
core   0: 0x80009cd4 (0x00574633) xor     a2, a4, t0
core   0: 3 0x80009cd4 (0x00574633) x12 0x000001ff
core   0: 0x80009cd8 (0x004e1e13) slli    t3, t3, 4
core   0: 3 0x80009cd8 (0x004e1e13) x28 0x00000000
core   0: 0x80009cdc (0x012d0433) add     s0, s10, s2
core   0: 3 0x80009cdc (0x012d0433) x 8 0xffffffff
core   0: 0x80009ce0 (0x00f51d93) slli    s11, a0, 15
core   0: 3 0x80009ce0 (0x00f51d93) x27 0x00008000
core   0: 0x80009ce4 (0x018f14b3) sll     s1, t5, s8
core   0: 3 0x80009ce4 (0x018f14b3) x 9 0x80018ce4
core   0: 0x80009ce8 (0x412e5593) srai    a1, t3, 18
core   0: 3 0x80009ce8 (0x412e5593) x11 0x00000000
core   0: 0x80009cec (0x01bb5a93) srli    s5, s6, 27
core   0: 3 0x80009cec (0x01bb5a93) x21 0x00000000
core   0: 0x80009cf0 (0x1c187813) andi    a6, a6, 449
core   0: 3 0x80009cf0 (0x1c187813) x16 0x00000001
core   0: 0x80009cf4 (0x007e16b3) sll     a3, t3, t2
core   0: 3 0x80009cf4 (0x007e16b3) x13 0x00000000
core   0: 0x80009cf8 (0x03892333) mulhsu  t1, s2, s8
core   0: 3 0x80009cf8 (0x03892333) x 6 0x1af0a64f
core   0: 0x80009cfc (0xeb29ac17) auipc   s8, 0xeb29a
core   0: 3 0x80009cfc (0xeb29ac17) x24 0x6b2a3cfc
core   0: 0x80009d00 (0x6924e937) lui     s2, 0x6924e
core   0: 3 0x80009d00 (0x6924e937) x18 0x6924e000
core   0: 0x80009d04 (0xd9904613) xori    a2, zero, -615
core   0: 3 0x80009d04 (0xd9904613) x12 0xfffffd99
core   0: 0x80009d08 (0x0136beb3) sltu    t4, a3, s3
core   0: 3 0x80009d08 (0x0136beb3) x29 0x00000001
core   0: 0x80009d0c (0x037fbab3) mulhu   s5, t6, s7
core   0: 3 0x80009d0c (0x037fbab3) x21 0xfffffdff
core   0: 0x80009d10 (0x031c4cb3) div     s9, s8, a7
core   0: 3 0x80009d10 (0x031c4cb3) x25 0xff29ab87
core   0: 0x80009d14 (0x40175d93) srai    s11, a4, 1
core   0: 3 0x80009d14 (0x40175d93) x27 0x00000000
core   0: 0x80009d18 (0x024a7933) remu    s2, s4, tp
core   0: 3 0x80009d18 (0x024a7933) x18 0x53f38c90
core   0: 0x80009d1c (0x7d397313) andi    t1, s2, 2003
core   0: 3 0x80009d1c (0x7d397313) x 6 0x00000490
core   0: 0x80009d20 (0x00811393) slli    t2, sp, 8
core   0: 3 0x80009d20 (0x00811393) x 7 0x00000000
core   0: 0x80009d24 (0x025d0a33) mul     s4, s10, t0
core   0: 3 0x80009d24 (0x025d0a33) x20 0x80000000
core   0: 0x80009d28 (0xa42e7913) andi    s2, t3, -1470
core   0: 3 0x80009d28 (0xa42e7913) x18 0x00000000
core   0: 0x80009d2c (0x019d1593) slli    a1, s10, 25
core   0: 3 0x80009d2c (0x019d1593) x11 0x00000000
core   0: 0x80009d30 (0x7f307b97) auipc   s7, 0x7f307
core   0: 3 0x80009d30 (0x7f307b97) x23 0xff310d30
core   0: 0x80009d34 (0x54ce8b93) addi    s7, t4, 1356
core   0: 3 0x80009d34 (0x54ce8b93) x23 0x0000054d
core   0: 0x80009d38 (0x02108333) mul     t1, ra, ra
core   0: 3 0x80009d38 (0x02108333) x 6 0x000387c1
core   0: 0x80009d3c (0x01fb4533) xor     a0, s6, t6
core   0: 3 0x80009d3c (0x01fb4533) x10 0xffffffff
core   0: 0x80009d40 (0x006f7b13) andi    s6, t5, 6
core   0: 3 0x80009d40 (0x006f7b13) x22 0x00000004
core   0: 0x80009d44 (0x017d9133) sll     sp, s11, s7
core   0: 3 0x80009d44 (0x017d9133) x 2 0x00000000
core   0: 0x80009d48 (0x411d58b3) sra     a7, s10, a7
core   0: 3 0x80009d48 (0x411d58b3) x17 0x80000000
core   0: 0x80009d4c (0x02098033) mul     zero, s3, zero
core   0: 3 0x80009d4c (0x02098033)
core   0: 0x80009d50 (0xa8943313) sltiu   t1, s0, -1399
core   0: 3 0x80009d50 (0xa8943313) x 6 0x00000000
core   0: 0x80009d54 (0x5598eb93) ori     s7, a7, 1369
core   0: 3 0x80009d54 (0x5598eb93) x23 0x80000559
core   0: 0x80009d58 (0x018f5693) srli    a3, t5, 24
core   0: 3 0x80009d58 (0x018f5693) x13 0x00000080
core   0: 0x80009d5c (0x00000d17) auipc   s10, 0x0
core   0: 3 0x80009d5c (0x00000d17) x26 0x80009d5c
core   0: 0x80009d60 (0x00cd0d13) addi    s10, s10, 12
core   0: 3 0x80009d60 (0x00cd0d13) x26 0x80009d68
core   0: 0x80009d64 (0x000d0067) jr      s10
core   0: 3 0x80009d64 (0x000d0067)
core   0: 0x80009d68 (0x00100193) li      gp, 1
core   0: 3 0x80009d68 (0x00100193) x 3 0x00000001
core   0: 0x80009d6c (0x00000073) ecall
core   0: exception trap_machine_ecall, epc 0x80009d6c
core   0: >>>>  mtvec_handler
core   0: 0x8000a7a0 (0x0400006f) j       pc + 0x40
core   0: 3 0x8000a7a0 (0x0400006f)
core   0: 0x8000a7e0 (0xffcf0f13) addi    t5, t5, -4
core   0: 3 0x8000a7e0 (0xffcf0f13) x30 0x80018ce0
core   0: 0x8000a7e4 (0x013f2023) sw      s3, 0(t5)
core   0: 3 0x8000a7e4 (0x013f2023) mem 0x80018ce0 0x80014e64
core   0: 0x8000a7e8 (0x000f09b3) add     s3, t5, zero
core   0: 3 0x8000a7e8 (0x000f09b3) x19 0x80018ce0
core   0: 0x8000a7ec (0xf8098993) addi    s3, s3, -128
core   0: 3 0x8000a7ec (0xf8098993) x19 0x80018c60
core   0: 0x8000a7f0 (0x0019a223) sw      ra, 4(s3)
core   0: 3 0x8000a7f0 (0x0019a223) mem 0x80018c64 0xfffffe1f
core   0: 0x8000a7f4 (0x0029a423) sw      sp, 8(s3)
core   0: 3 0x8000a7f4 (0x0029a423) mem 0x80018c68 0x00000000
core   0: 0x8000a7f8 (0x0039a623) sw      gp, 12(s3)
core   0: 3 0x8000a7f8 (0x0039a623) mem 0x80018c6c 0x00000001
core   0: 0x8000a7fc (0x0049a823) sw      tp, 16(s3)
core   0: 3 0x8000a7fc (0x0049a823) mem 0x80018c70 0x80000000
core   0: 0x8000a800 (0x0059aa23) sw      t0, 20(s3)
core   0: 3 0x8000a800 (0x0059aa23) mem 0x80018c74 0x000001ff
core   0: 0x8000a804 (0x0069ac23) sw      t1, 24(s3)
core   0: 3 0x8000a804 (0x0069ac23) mem 0x80018c78 0x00000000
core   0: 0x8000a808 (0x0079ae23) sw      t2, 28(s3)
core   0: 3 0x8000a808 (0x0079ae23) mem 0x80018c7c 0x00000000
core   0: 0x8000a80c (0x0289a023) sw      s0, 32(s3)
core   0: 3 0x8000a80c (0x0289a023) mem 0x80018c80 0xffffffff
core   0: 0x8000a810 (0x0299a223) sw      s1, 36(s3)
core   0: 3 0x8000a810 (0x0299a223) mem 0x80018c84 0x80018ce4
core   0: 0x8000a814 (0x02a9a423) sw      a0, 40(s3)
core   0: 3 0x8000a814 (0x02a9a423) mem 0x80018c88 0xffffffff
core   0: 0x8000a818 (0x02b9a623) sw      a1, 44(s3)
core   0: 3 0x8000a818 (0x02b9a623) mem 0x80018c8c 0x00000000
core   0: 0x8000a81c (0x02c9a823) sw      a2, 48(s3)
core   0: 3 0x8000a81c (0x02c9a823) mem 0x80018c90 0xfffffd99
core   0: 0x8000a820 (0x02d9aa23) sw      a3, 52(s3)
core   0: 3 0x8000a820 (0x02d9aa23) mem 0x80018c94 0x00000080
core   0: 0x8000a824 (0x02e9ac23) sw      a4, 56(s3)
core   0: 3 0x8000a824 (0x02e9ac23) mem 0x80018c98 0x00000000
core   0: 0x8000a828 (0x02f9ae23) sw      a5, 60(s3)
core   0: 3 0x8000a828 (0x02f9ae23) mem 0x80018c9c 0xb76b0000
core   0: 0x8000a82c (0x0509a023) sw      a6, 64(s3)
core   0: 3 0x8000a82c (0x0509a023) mem 0x80018ca0 0x00000001
core   0: 0x8000a830 (0x0519a223) sw      a7, 68(s3)
core   0: 3 0x8000a830 (0x0519a223) mem 0x80018ca4 0x80000000
core   0: 0x8000a834 (0x0529a423) sw      s2, 72(s3)
core   0: 3 0x8000a834 (0x0529a423) mem 0x80018ca8 0x00000000
core   0: 0x8000a838 (0x0539a623) sw      s3, 76(s3)
core   0: 3 0x8000a838 (0x0539a623) mem 0x80018cac 0x80018c60
core   0: 0x8000a83c (0x0549a823) sw      s4, 80(s3)
core   0: 3 0x8000a83c (0x0549a823) mem 0x80018cb0 0x80000000
core   0: 0x8000a840 (0x0559aa23) sw      s5, 84(s3)
core   0: 3 0x8000a840 (0x0559aa23) mem 0x80018cb4 0xfffffdff
core   0: 0x8000a844 (0x0569ac23) sw      s6, 88(s3)
core   0: 3 0x8000a844 (0x0569ac23) mem 0x80018cb8 0x00000004
core   0: 0x8000a848 (0x0579ae23) sw      s7, 92(s3)
core   0: 3 0x8000a848 (0x0579ae23) mem 0x80018cbc 0x80000559
core   0: 0x8000a84c (0x0789a023) sw      s8, 96(s3)
core   0: 3 0x8000a84c (0x0789a023) mem 0x80018cc0 0x6b2a3cfc
core   0: 0x8000a850 (0x0799a223) sw      s9, 100(s3)
core   0: 3 0x8000a850 (0x0799a223) mem 0x80018cc4 0xff29ab87
core   0: 0x8000a854 (0x07a9a423) sw      s10, 104(s3)
core   0: 3 0x8000a854 (0x07a9a423) mem 0x80018cc8 0x80009d68
core   0: 0x8000a858 (0x07b9a623) sw      s11, 108(s3)
core   0: 3 0x8000a858 (0x07b9a623) mem 0x80018ccc 0x00000000
core   0: 0x8000a85c (0x07c9a823) sw      t3, 112(s3)
core   0: 3 0x8000a85c (0x07c9a823) mem 0x80018cd0 0x00000000
core   0: 0x8000a860 (0x07d9aa23) sw      t4, 116(s3)
core   0: 3 0x8000a860 (0x07d9aa23) mem 0x80018cd4 0x00000001
core   0: 0x8000a864 (0x07e9ac23) sw      t5, 120(s3)
core   0: 3 0x8000a864 (0x07e9ac23) mem 0x80018cd8 0x80018ce0
core   0: 0x8000a868 (0x07f9ae23) sw      t6, 124(s3)
core   0: 3 0x8000a868 (0x07f9ae23) mem 0x80018cdc 0xffffffff
core   0: 0x8000a86c (0x00098f33) add     t5, s3, zero
core   0: 3 0x8000a86c (0x00098f33) x30 0x80018c60
core   0: 0x8000a870 (0x34102b73) csrr    s6, mepc
core   0: 3 0x8000a870 (0x34102b73) x22 0x80009d6c
core   0: 0x8000a874 (0x34202b73) csrr    s6, mcause
core   0: 3 0x8000a874 (0x34202b73) x22 0x0000000b
core   0: 0x8000a878 (0x00300913) li      s2, 3
core   0: 3 0x8000a878 (0x00300913) x18 0x00000003
core   0: 0x8000a87c (0x2b2b0a63) beq     s6, s2, pc + 692
core   0: 3 0x8000a87c (0x2b2b0a63)
core   0: 0x8000a880 (0x00800913) li      s2, 8
core   0: 3 0x8000a880 (0x00800913) x18 0x00000008
core   0: 0x8000a884 (0x052b0e63) beq     s6, s2, pc + 92
core   0: 3 0x8000a884 (0x052b0e63)
core   0: 0x8000a888 (0x00900913) li      s2, 9
core   0: 3 0x8000a888 (0x00900913) x18 0x00000009
core   0: 0x8000a88c (0x052b0a63) beq     s6, s2, pc + 84
core   0: 3 0x8000a88c (0x052b0a63)
core   0: 0x8000a890 (0x00b00913) li      s2, 11
core   0: 3 0x8000a890 (0x00b00913) x18 0x0000000b
core   0: 0x8000a894 (0x052b0663) beq     s6, s2, pc + 76
core   0: 3 0x8000a894 (0x052b0663)
core   0: 0x8000a8e0 (0xffff5b17) auipc   s6, 0xffff5
core   0: 3 0x8000a8e0 (0xffff5b17) x22 0x7ffff8e0
core   0: 0x8000a8e4 (0x720b0b13) addi    s6, s6, 1824
core   0: 3 0x8000a8e4 (0x720b0b13) x22 0x80000000
core   0: 0x8000a8e8 (0x000b2023) sw      zero, 0(s6)
core   0: 3 0x8000a8e8 (0x000b2023) mem 0x80000000 0x00000000
core   0: 0x8000a8ec (0x001b2223) sw      ra, 4(s6)
core   0: 3 0x8000a8ec (0x001b2223) mem 0x80000004 0xfffffe1f
core   0: 0x8000a8f0 (0x002b2423) sw      sp, 8(s6)
core   0: 3 0x8000a8f0 (0x002b2423) mem 0x80000008 0x00000000
core   0: 0x8000a8f4 (0x003b2623) sw      gp, 12(s6)
core   0: 3 0x8000a8f4 (0x003b2623) mem 0x8000000c 0x00000001
core   0: 0x8000a8f8 (0x004b2823) sw      tp, 16(s6)
core   0: 3 0x8000a8f8 (0x004b2823) mem 0x80000010 0x80000000
core   0: 0x8000a8fc (0x005b2a23) sw      t0, 20(s6)
core   0: 3 0x8000a8fc (0x005b2a23) mem 0x80000014 0x000001ff
core   0: 0x8000a900 (0x006b2c23) sw      t1, 24(s6)
core   0: 3 0x8000a900 (0x006b2c23) mem 0x80000018 0x00000000
core   0: 0x8000a904 (0x007b2e23) sw      t2, 28(s6)
core   0: 3 0x8000a904 (0x007b2e23) mem 0x8000001c 0x00000000
core   0: 0x8000a908 (0x028b2023) sw      s0, 32(s6)
core   0: 3 0x8000a908 (0x028b2023) mem 0x80000020 0xffffffff
core   0: 0x8000a90c (0x029b2223) sw      s1, 36(s6)
core   0: 3 0x8000a90c (0x029b2223) mem 0x80000024 0x80018ce4
core   0: 0x8000a910 (0x02ab2423) sw      a0, 40(s6)
core   0: 3 0x8000a910 (0x02ab2423) mem 0x80000028 0xffffffff
core   0: 0x8000a914 (0x02bb2623) sw      a1, 44(s6)
core   0: 3 0x8000a914 (0x02bb2623) mem 0x8000002c 0x00000000
core   0: 0x8000a918 (0x02cb2823) sw      a2, 48(s6)
core   0: 3 0x8000a918 (0x02cb2823) mem 0x80000030 0xfffffd99
core   0: 0x8000a91c (0x02db2a23) sw      a3, 52(s6)
core   0: 3 0x8000a91c (0x02db2a23) mem 0x80000034 0x00000080
core   0: 0x8000a920 (0x02eb2c23) sw      a4, 56(s6)
core   0: 3 0x8000a920 (0x02eb2c23) mem 0x80000038 0x00000000
core   0: 0x8000a924 (0x02fb2e23) sw      a5, 60(s6)
core   0: 3 0x8000a924 (0x02fb2e23) mem 0x8000003c 0xb76b0000
core   0: 0x8000a928 (0x050b2023) sw      a6, 64(s6)
core   0: 3 0x8000a928 (0x050b2023) mem 0x80000040 0x00000001
core   0: 0x8000a92c (0x051b2223) sw      a7, 68(s6)
core   0: 3 0x8000a92c (0x051b2223) mem 0x80000044 0x80000000
core   0: 0x8000a930 (0x052b2423) sw      s2, 72(s6)
core   0: 3 0x8000a930 (0x052b2423) mem 0x80000048 0x0000000b
core   0: 0x8000a934 (0x053b2623) sw      s3, 76(s6)
core   0: 3 0x8000a934 (0x053b2623) mem 0x8000004c 0x80018c60
core   0: 0x8000a938 (0x054b2823) sw      s4, 80(s6)
core   0: 3 0x8000a938 (0x054b2823) mem 0x80000050 0x80000000
core   0: 0x8000a93c (0x055b2a23) sw      s5, 84(s6)
core   0: 3 0x8000a93c (0x055b2a23) mem 0x80000054 0xfffffdff
core   0: 0x8000a940 (0x056b2c23) sw      s6, 88(s6)
core   0: 3 0x8000a940 (0x056b2c23) mem 0x80000058 0x80000000
core   0: 0x8000a944 (0x057b2e23) sw      s7, 92(s6)
core   0: 3 0x8000a944 (0x057b2e23) mem 0x8000005c 0x80000559
core   0: 0x8000a948 (0x078b2023) sw      s8, 96(s6)
core   0: 3 0x8000a948 (0x078b2023) mem 0x80000060 0x6b2a3cfc
core   0: 0x8000a94c (0x079b2223) sw      s9, 100(s6)
core   0: 3 0x8000a94c (0x079b2223) mem 0x80000064 0xff29ab87
core   0: 0x8000a950 (0x07ab2423) sw      s10, 104(s6)
core   0: 3 0x8000a950 (0x07ab2423) mem 0x80000068 0x80009d68
core   0: 0x8000a954 (0x07bb2623) sw      s11, 108(s6)
core   0: 3 0x8000a954 (0x07bb2623) mem 0x8000006c 0x00000000
core   0: 0x8000a958 (0x07cb2823) sw      t3, 112(s6)
core   0: 3 0x8000a958 (0x07cb2823) mem 0x80000070 0x00000000
core   0: 0x8000a95c (0x07db2a23) sw      t4, 116(s6)
core   0: 3 0x8000a95c (0x07db2a23) mem 0x80000074 0x00000001
core   0: 0x8000a960 (0x07eb2c23) sw      t5, 120(s6)
core   0: 3 0x8000a960 (0x07eb2c23) mem 0x80000078 0x80018c60
core   0: 0x8000a964 (0x07fb2e23) sw      t6, 124(s6)
core   0: 3 0x8000a964 (0x07fb2e23) mem 0x8000007c 0xffffffff
core   0: 0x8000a968 (0xfffffd17) auipc   s10, 0xfffff
core   0: 3 0x8000a968 (0xfffffd17) x26 0x80009968
core   0: 0x8000a96c (0x408d0d13) addi    s10, s10, 1032
core   0: 3 0x8000a96c (0x408d0d13) x26 0x80009d70
core   0: 0x8000a970 (0x000d0067) jr      s10
core   0: 3 0x8000a970 (0x000d0067)
core   0: 0x80009d70 (0x00006f17) auipc   t5, 0x6
core   0: 3 0x80009d70 (0x00006f17) x30 0x8000fd70
core   0: 0x80009d74 (0x283f2823) sw      gp, 656(t5)
core   0: 3 0x80009d74 (0x283f2823) mem 0x80010000 0x00000001
core   0: 0x80009d78 (0xff9ff06f) j       pc - 0x8
core   0: 3 0x80009d78 (0xff9ff06f)
core   0: 0x80009d70 (0x00006f17) auipc   t5, 0x6
core   0: 3 0x80009d70 (0x00006f17) x30 0x8000fd70
core   0: 0x80009d74 (0x283f2823) sw      gp, 656(t5)
core   0: 3 0x80009d74 (0x283f2823) mem 0x80010000 0x00000001
core   0: 0x80009d78 (0xff9ff06f) j       pc - 0x8
core   0: 3 0x80009d78 (0xff9ff06f)
core   0: 0x80009d70 (0x00006f17) auipc   t5, 0x6
core   0: 3 0x80009d70 (0x00006f17) x30 0x8000fd70
core   0: 0x80009d74 (0x283f2823) sw      gp, 656(t5)
core   0: 3 0x80009d74 (0x283f2823) mem 0x80010000 0x00000001
core   0: 0x80009d78 (0xff9ff06f) j       pc - 0x8
core   0: 3 0x80009d78 (0xff9ff06f)
core   0: 0x80009d70 (0x00006f17) auipc   t5, 0x6
core   0: 3 0x80009d70 (0x00006f17) x30 0x8000fd70
core   0: 0x80009d74 (0x283f2823) sw      gp, 656(t5)
core   0: 3 0x80009d74 (0x283f2823) mem 0x80010000 0x00000001
core   0: 0x80009d78 (0xff9ff06f) j       pc - 0x8
core   0: 3 0x80009d78 (0xff9ff06f)
core   0: 0x80009d70 (0x00006f17) auipc   t5, 0x6
core   0: 3 0x80009d70 (0x00006f17) x30 0x8000fd70
core   0: 0x80009d74 (0x283f2823) sw      gp, 656(t5)
core   0: 3 0x80009d74 (0x283f2823) mem 0x80010000 0x00000001
core   0: 0x80009d78 (0xff9ff06f) j       pc - 0x8
core   0: 3 0x80009d78 (0xff9ff06f)
core   0: 0x80009d70 (0x00006f17) auipc   t5, 0x6
core   0: 3 0x80009d70 (0x00006f17) x30 0x8000fd70
core   0: 0x80009d74 (0x283f2823) sw      gp, 656(t5)
core   0: 3 0x80009d74 (0x283f2823) mem 0x80010000 0x00000001
core   0: 0x80009d78 (0xff9ff06f) j       pc - 0x8
core   0: 3 0x80009d78 (0xff9ff06f)
core   0: 0x80009d70 (0x00006f17) auipc   t5, 0x6
core   0: 3 0x80009d70 (0x00006f17) x30 0x8000fd70
core   0: 0x80009d74 (0x283f2823) sw      gp, 656(t5)
core   0: 3 0x80009d74 (0x283f2823) mem 0x80010000 0x00000001
core   0: 0x80009d78 (0xff9ff06f) j       pc - 0x8
core   0: 3 0x80009d78 (0xff9ff06f)
core   0: 0x80009d70 (0x00006f17) auipc   t5, 0x6
core   0: 3 0x80009d70 (0x00006f17) x30 0x8000fd70
core   0: 0x80009d74 (0x283f2823) sw      gp, 656(t5)
core   0: 3 0x80009d74 (0x283f2823) mem 0x80010000 0x00000001
core   0: 0x80009d78 (0xff9ff06f) j       pc - 0x8
core   0: 3 0x80009d78 (0xff9ff06f)
core   0: 0x80009d70 (0x00006f17) auipc   t5, 0x6
core   0: 3 0x80009d70 (0x00006f17) x30 0x8000fd70
core   0: 0x80009d74 (0x283f2823) sw      gp, 656(t5)
core   0: 3 0x80009d74 (0x283f2823) mem 0x80010000 0x00000001
core   0: 0x80009d78 (0xff9ff06f) j       pc - 0x8
core   0: 3 0x80009d78 (0xff9ff06f)
core   0: 0x80009d70 (0x00006f17) auipc   t5, 0x6
core   0: 3 0x80009d70 (0x00006f17) x30 0x8000fd70
core   0: 0x80009d74 (0x283f2823) sw      gp, 656(t5)
core   0: 3 0x80009d74 (0x283f2823) mem 0x80010000 0x00000001
core   0: 0x80009d78 (0xff9ff06f) j       pc - 0x8
core   0: 3 0x80009d78 (0xff9ff06f)
core   0: 0x80009d70 (0x00006f17) auipc   t5, 0x6
core   0: 3 0x80009d70 (0x00006f17) x30 0x8000fd70
core   0: 0x80009d74 (0x283f2823) sw      gp, 656(t5)
core   0: 3 0x80009d74 (0x283f2823) mem 0x80010000 0x00000001
core   0: 0x80009d78 (0xff9ff06f) j       pc - 0x8
core   0: 3 0x80009d78 (0xff9ff06f)
core   0: 0x80009d70 (0x00006f17) auipc   t5, 0x6
core   0: 3 0x80009d70 (0x00006f17) x30 0x8000fd70
core   0: 0x80009d74 (0x283f2823) sw      gp, 656(t5)
core   0: 3 0x80009d74 (0x283f2823) mem 0x80010000 0x00000001
core   0: 0x80009d78 (0xff9ff06f) j       pc - 0x8
core   0: 3 0x80009d78 (0xff9ff06f)
core   0: 0x80009d70 (0x00006f17) auipc   t5, 0x6
core   0: 3 0x80009d70 (0x00006f17) x30 0x8000fd70
core   0: 0x80009d74 (0x283f2823) sw      gp, 656(t5)
core   0: 3 0x80009d74 (0x283f2823) mem 0x80010000 0x00000001
core   0: 0x80009d78 (0xff9ff06f) j       pc - 0x8
core   0: 3 0x80009d78 (0xff9ff06f)
core   0: 0x80009d70 (0x00006f17) auipc   t5, 0x6
core   0: 3 0x80009d70 (0x00006f17) x30 0x8000fd70
core   0: 0x80009d74 (0x283f2823) sw      gp, 656(t5)
core   0: 3 0x80009d74 (0x283f2823) mem 0x80010000 0x00000001
core   0: 0x80009d78 (0xff9ff06f) j       pc - 0x8
core   0: 3 0x80009d78 (0xff9ff06f)
core   0: 0x80009d70 (0x00006f17) auipc   t5, 0x6
core   0: 3 0x80009d70 (0x00006f17) x30 0x8000fd70
core   0: 0x80009d74 (0x283f2823) sw      gp, 656(t5)
core   0: 3 0x80009d74 (0x283f2823) mem 0x80010000 0x00000001
core   0: 0x80009d78 (0xff9ff06f) j       pc - 0x8
core   0: 3 0x80009d78 (0xff9ff06f)
core   0: 0x80009d70 (0x00006f17) auipc   t5, 0x6
core   0: 3 0x80009d70 (0x00006f17) x30 0x8000fd70
core   0: 0x80009d74 (0x283f2823) sw      gp, 656(t5)
core   0: 3 0x80009d74 (0x283f2823) mem 0x80010000 0x00000001
core   0: 0x80009d78 (0xff9ff06f) j       pc - 0x8
core   0: 3 0x80009d78 (0xff9ff06f)
core   0: 0x80009d70 (0x00006f17) auipc   t5, 0x6
core   0: 3 0x80009d70 (0x00006f17) x30 0x8000fd70
core   0: 0x80009d74 (0x283f2823) sw      gp, 656(t5)
core   0: 3 0x80009d74 (0x283f2823) mem 0x80010000 0x00000001
core   0: 0x80009d78 (0xff9ff06f) j       pc - 0x8
core   0: 3 0x80009d78 (0xff9ff06f)
core   0: 0x80009d70 (0x00006f17) auipc   t5, 0x6
core   0: 3 0x80009d70 (0x00006f17) x30 0x8000fd70
core   0: 0x80009d74 (0x283f2823) sw      gp, 656(t5)
core   0: 3 0x80009d74 (0x283f2823) mem 0x80010000 0x00000001
core   0: 0x80009d78 (0xff9ff06f) j       pc - 0x8
core   0: 3 0x80009d78 (0xff9ff06f)
core   0: 0x80009d70 (0x00006f17) auipc   t5, 0x6
core   0: 3 0x80009d70 (0x00006f17) x30 0x8000fd70
core   0: 0x80009d74 (0x283f2823) sw      gp, 656(t5)
core   0: 3 0x80009d74 (0x283f2823) mem 0x80010000 0x00000001
core   0: 0x80009d78 (0xff9ff06f) j       pc - 0x8
core   0: 3 0x80009d78 (0xff9ff06f)
core   0: 0x80009d70 (0x00006f17) auipc   t5, 0x6
core   0: 3 0x80009d70 (0x00006f17) x30 0x8000fd70
core   0: 0x80009d74 (0x283f2823) sw      gp, 656(t5)
core   0: 3 0x80009d74 (0x283f2823) mem 0x80010000 0x00000001
core   0: 0x80009d78 (0xff9ff06f) j       pc - 0x8
core   0: 3 0x80009d78 (0xff9ff06f)
core   0: 0x80009d70 (0x00006f17) auipc   t5, 0x6
core   0: 3 0x80009d70 (0x00006f17) x30 0x8000fd70
core   0: 0x80009d74 (0x283f2823) sw      gp, 656(t5)
core   0: 3 0x80009d74 (0x283f2823) mem 0x80010000 0x00000001
core   0: 0x80009d78 (0xff9ff06f) j       pc - 0x8
core   0: 3 0x80009d78 (0xff9ff06f)
core   0: 0x80009d70 (0x00006f17) auipc   t5, 0x6
core   0: 3 0x80009d70 (0x00006f17) x30 0x8000fd70
core   0: 0x80009d74 (0x283f2823) sw      gp, 656(t5)
core   0: 3 0x80009d74 (0x283f2823) mem 0x80010000 0x00000001
core   0: 0x80009d78 (0xff9ff06f) j       pc - 0x8
core   0: 3 0x80009d78 (0xff9ff06f)
core   0: 0x80009d70 (0x00006f17) auipc   t5, 0x6
core   0: 3 0x80009d70 (0x00006f17) x30 0x8000fd70
core   0: 0x80009d74 (0x283f2823) sw      gp, 656(t5)
core   0: 3 0x80009d74 (0x283f2823) mem 0x80010000 0x00000001
core   0: 0x80009d78 (0xff9ff06f) j       pc - 0x8
core   0: 3 0x80009d78 (0xff9ff06f)
core   0: 0x80009d70 (0x00006f17) auipc   t5, 0x6
core   0: 3 0x80009d70 (0x00006f17) x30 0x8000fd70
core   0: 0x80009d74 (0x283f2823) sw      gp, 656(t5)
core   0: 3 0x80009d74 (0x283f2823) mem 0x80010000 0x00000001
core   0: 0x80009d78 (0xff9ff06f) j       pc - 0x8
core   0: 3 0x80009d78 (0xff9ff06f)
core   0: 0x80009d70 (0x00006f17) auipc   t5, 0x6
core   0: 3 0x80009d70 (0x00006f17) x30 0x8000fd70
core   0: 0x80009d74 (0x283f2823) sw      gp, 656(t5)
core   0: 3 0x80009d74 (0x283f2823) mem 0x80010000 0x00000001
core   0: 0x80009d78 (0xff9ff06f) j       pc - 0x8
core   0: 3 0x80009d78 (0xff9ff06f)
core   0: 0x80009d70 (0x00006f17) auipc   t5, 0x6
core   0: 3 0x80009d70 (0x00006f17) x30 0x8000fd70
core   0: 0x80009d74 (0x283f2823) sw      gp, 656(t5)
core   0: 3 0x80009d74 (0x283f2823) mem 0x80010000 0x00000001
core   0: 0x80009d78 (0xff9ff06f) j       pc - 0x8
core   0: 3 0x80009d78 (0xff9ff06f)
core   0: 0x80009d70 (0x00006f17) auipc   t5, 0x6
core   0: 3 0x80009d70 (0x00006f17) x30 0x8000fd70
core   0: 0x80009d74 (0x283f2823) sw      gp, 656(t5)
core   0: 3 0x80009d74 (0x283f2823) mem 0x80010000 0x00000001
core   0: 0x80009d78 (0xff9ff06f) j       pc - 0x8
core   0: 3 0x80009d78 (0xff9ff06f)
core   0: 0x80009d70 (0x00006f17) auipc   t5, 0x6
core   0: 3 0x80009d70 (0x00006f17) x30 0x8000fd70
core   0: 0x80009d74 (0x283f2823) sw      gp, 656(t5)
core   0: 3 0x80009d74 (0x283f2823) mem 0x80010000 0x00000001
core   0: 0x80009d78 (0xff9ff06f) j       pc - 0x8
core   0: 3 0x80009d78 (0xff9ff06f)
core   0: 0x80009d70 (0x00006f17) auipc   t5, 0x6
core   0: 3 0x80009d70 (0x00006f17) x30 0x8000fd70
core   0: 0x80009d74 (0x283f2823) sw      gp, 656(t5)
core   0: 3 0x80009d74 (0x283f2823) mem 0x80010000 0x00000001
core   0: 0x80009d78 (0xff9ff06f) j       pc - 0x8
core   0: 3 0x80009d78 (0xff9ff06f)
core   0: 0x80009d70 (0x00006f17) auipc   t5, 0x6
core   0: 3 0x80009d70 (0x00006f17) x30 0x8000fd70
core   0: 0x80009d74 (0x283f2823) sw      gp, 656(t5)
core   0: 3 0x80009d74 (0x283f2823) mem 0x80010000 0x00000001
core   0: 0x80009d78 (0xff9ff06f) j       pc - 0x8
core   0: 3 0x80009d78 (0xff9ff06f)
core   0: 0x80009d70 (0x00006f17) auipc   t5, 0x6
core   0: 3 0x80009d70 (0x00006f17) x30 0x8000fd70
core   0: 0x80009d74 (0x283f2823) sw      gp, 656(t5)
core   0: 3 0x80009d74 (0x283f2823) mem 0x80010000 0x00000001
core   0: 0x80009d78 (0xff9ff06f) j       pc - 0x8
core   0: 3 0x80009d78 (0xff9ff06f)
core   0: 0x80009d70 (0x00006f17) auipc   t5, 0x6
core   0: 3 0x80009d70 (0x00006f17) x30 0x8000fd70
core   0: 0x80009d74 (0x283f2823) sw      gp, 656(t5)
core   0: 3 0x80009d74 (0x283f2823) mem 0x80010000 0x00000001
core   0: 0x80009d78 (0xff9ff06f) j       pc - 0x8
core   0: 3 0x80009d78 (0xff9ff06f)
core   0: 0x80009d70 (0x00006f17) auipc   t5, 0x6
core   0: 3 0x80009d70 (0x00006f17) x30 0x8000fd70
core   0: 0x80009d74 (0x283f2823) sw      gp, 656(t5)
core   0: 3 0x80009d74 (0x283f2823) mem 0x80010000 0x00000001
core   0: 0x80009d78 (0xff9ff06f) j       pc - 0x8
core   0: 3 0x80009d78 (0xff9ff06f)
core   0: 0x80009d70 (0x00006f17) auipc   t5, 0x6
core   0: 3 0x80009d70 (0x00006f17) x30 0x8000fd70
core   0: 0x80009d74 (0x283f2823) sw      gp, 656(t5)
core   0: 3 0x80009d74 (0x283f2823) mem 0x80010000 0x00000001
core   0: 0x80009d78 (0xff9ff06f) j       pc - 0x8
core   0: 3 0x80009d78 (0xff9ff06f)
core   0: 0x80009d70 (0x00006f17) auipc   t5, 0x6
core   0: 3 0x80009d70 (0x00006f17) x30 0x8000fd70
core   0: 0x80009d74 (0x283f2823) sw      gp, 656(t5)
core   0: 3 0x80009d74 (0x283f2823) mem 0x80010000 0x00000001
core   0: 0x80009d78 (0xff9ff06f) j       pc - 0x8
core   0: 3 0x80009d78 (0xff9ff06f)
core   0: 0x80009d70 (0x00006f17) auipc   t5, 0x6
core   0: 3 0x80009d70 (0x00006f17) x30 0x8000fd70
core   0: 0x80009d74 (0x283f2823) sw      gp, 656(t5)
core   0: 3 0x80009d74 (0x283f2823) mem 0x80010000 0x00000001
core   0: 0x80009d78 (0xff9ff06f) j       pc - 0x8
core   0: 3 0x80009d78 (0xff9ff06f)
core   0: 0x80009d70 (0x00006f17) auipc   t5, 0x6
core   0: 3 0x80009d70 (0x00006f17) x30 0x8000fd70
core   0: 0x80009d74 (0x283f2823) sw      gp, 656(t5)
core   0: 3 0x80009d74 (0x283f2823) mem 0x80010000 0x00000001
core   0: 0x80009d78 (0xff9ff06f) j       pc - 0x8
core   0: 3 0x80009d78 (0xff9ff06f)
core   0: 0x80009d70 (0x00006f17) auipc   t5, 0x6
core   0: 3 0x80009d70 (0x00006f17) x30 0x8000fd70
core   0: 0x80009d74 (0x283f2823) sw      gp, 656(t5)
core   0: 3 0x80009d74 (0x283f2823) mem 0x80010000 0x00000001
core   0: 0x80009d78 (0xff9ff06f) j       pc - 0x8
core   0: 3 0x80009d78 (0xff9ff06f)
core   0: 0x80009d70 (0x00006f17) auipc   t5, 0x6
core   0: 3 0x80009d70 (0x00006f17) x30 0x8000fd70
core   0: 0x80009d74 (0x283f2823) sw      gp, 656(t5)
core   0: 3 0x80009d74 (0x283f2823) mem 0x80010000 0x00000001
core   0: 0x80009d78 (0xff9ff06f) j       pc - 0x8
core   0: 3 0x80009d78 (0xff9ff06f)
core   0: 0x80009d70 (0x00006f17) auipc   t5, 0x6
core   0: 3 0x80009d70 (0x00006f17) x30 0x8000fd70
core   0: 0x80009d74 (0x283f2823) sw      gp, 656(t5)
core   0: 3 0x80009d74 (0x283f2823) mem 0x80010000 0x00000001
core   0: 0x80009d78 (0xff9ff06f) j       pc - 0x8
core   0: 3 0x80009d78 (0xff9ff06f)
core   0: 0x80009d70 (0x00006f17) auipc   t5, 0x6
core   0: 3 0x80009d70 (0x00006f17) x30 0x8000fd70
core   0: 0x80009d74 (0x283f2823) sw      gp, 656(t5)
core   0: 3 0x80009d74 (0x283f2823) mem 0x80010000 0x00000001
core   0: 0x80009d78 (0xff9ff06f) j       pc - 0x8
core   0: 3 0x80009d78 (0xff9ff06f)
core   0: 0x80009d70 (0x00006f17) auipc   t5, 0x6
core   0: 3 0x80009d70 (0x00006f17) x30 0x8000fd70
core   0: 0x80009d74 (0x283f2823) sw      gp, 656(t5)
core   0: 3 0x80009d74 (0x283f2823) mem 0x80010000 0x00000001
core   0: 0x80009d78 (0xff9ff06f) j       pc - 0x8
core   0: 3 0x80009d78 (0xff9ff06f)
core   0: 0x80009d70 (0x00006f17) auipc   t5, 0x6
core   0: 3 0x80009d70 (0x00006f17) x30 0x8000fd70
core   0: 0x80009d74 (0x283f2823) sw      gp, 656(t5)
core   0: 3 0x80009d74 (0x283f2823) mem 0x80010000 0x00000001
core   0: 0x80009d78 (0xff9ff06f) j       pc - 0x8
core   0: 3 0x80009d78 (0xff9ff06f)
core   0: 0x80009d70 (0x00006f17) auipc   t5, 0x6
core   0: 3 0x80009d70 (0x00006f17) x30 0x8000fd70
core   0: 0x80009d74 (0x283f2823) sw      gp, 656(t5)
core   0: 3 0x80009d74 (0x283f2823) mem 0x80010000 0x00000001
core   0: 0x80009d78 (0xff9ff06f) j       pc - 0x8
core   0: 3 0x80009d78 (0xff9ff06f)
core   0: 0x80009d70 (0x00006f17) auipc   t5, 0x6
core   0: 3 0x80009d70 (0x00006f17) x30 0x8000fd70
core   0: 0x80009d74 (0x283f2823) sw      gp, 656(t5)
core   0: 3 0x80009d74 (0x283f2823) mem 0x80010000 0x00000001
core   0: 0x80009d78 (0xff9ff06f) j       pc - 0x8
core   0: 3 0x80009d78 (0xff9ff06f)
core   0: 0x80009d70 (0x00006f17) auipc   t5, 0x6
core   0: 3 0x80009d70 (0x00006f17) x30 0x8000fd70
core   0: 0x80009d74 (0x283f2823) sw      gp, 656(t5)
core   0: 3 0x80009d74 (0x283f2823) mem 0x80010000 0x00000001
core   0: 0x80009d78 (0xff9ff06f) j       pc - 0x8
core   0: 3 0x80009d78 (0xff9ff06f)
core   0: 0x80009d70 (0x00006f17) auipc   t5, 0x6
core   0: 3 0x80009d70 (0x00006f17) x30 0x8000fd70
core   0: 0x80009d74 (0x283f2823) sw      gp, 656(t5)
core   0: 3 0x80009d74 (0x283f2823) mem 0x80010000 0x00000001
core   0: 0x80009d78 (0xff9ff06f) j       pc - 0x8
core   0: 3 0x80009d78 (0xff9ff06f)
core   0: 0x80009d70 (0x00006f17) auipc   t5, 0x6
core   0: 3 0x80009d70 (0x00006f17) x30 0x8000fd70
core   0: 0x80009d74 (0x283f2823) sw      gp, 656(t5)
core   0: 3 0x80009d74 (0x283f2823) mem 0x80010000 0x00000001
core   0: 0x80009d78 (0xff9ff06f) j       pc - 0x8
core   0: 3 0x80009d78 (0xff9ff06f)
core   0: 0x80009d70 (0x00006f17) auipc   t5, 0x6
core   0: 3 0x80009d70 (0x00006f17) x30 0x8000fd70
core   0: 0x80009d74 (0x283f2823) sw      gp, 656(t5)
core   0: 3 0x80009d74 (0x283f2823) mem 0x80010000 0x00000001
core   0: 0x80009d78 (0xff9ff06f) j       pc - 0x8
core   0: 3 0x80009d78 (0xff9ff06f)
core   0: 0x80009d70 (0x00006f17) auipc   t5, 0x6
core   0: 3 0x80009d70 (0x00006f17) x30 0x8000fd70
core   0: 0x80009d74 (0x283f2823) sw      gp, 656(t5)
core   0: 3 0x80009d74 (0x283f2823) mem 0x80010000 0x00000001
core   0: 0x80009d78 (0xff9ff06f) j       pc - 0x8
core   0: 3 0x80009d78 (0xff9ff06f)
core   0: 0x80009d70 (0x00006f17) auipc   t5, 0x6
core   0: 3 0x80009d70 (0x00006f17) x30 0x8000fd70
core   0: 0x80009d74 (0x283f2823) sw      gp, 656(t5)
core   0: 3 0x80009d74 (0x283f2823) mem 0x80010000 0x00000001
core   0: 0x80009d78 (0xff9ff06f) j       pc - 0x8
core   0: 3 0x80009d78 (0xff9ff06f)
core   0: 0x80009d70 (0x00006f17) auipc   t5, 0x6
core   0: 3 0x80009d70 (0x00006f17) x30 0x8000fd70
core   0: 0x80009d74 (0x283f2823) sw      gp, 656(t5)
core   0: 3 0x80009d74 (0x283f2823) mem 0x80010000 0x00000001
core   0: 0x80009d78 (0xff9ff06f) j       pc - 0x8
core   0: 3 0x80009d78 (0xff9ff06f)
core   0: 0x80009d70 (0x00006f17) auipc   t5, 0x6
core   0: 3 0x80009d70 (0x00006f17) x30 0x8000fd70
core   0: 0x80009d74 (0x283f2823) sw      gp, 656(t5)
core   0: 3 0x80009d74 (0x283f2823) mem 0x80010000 0x00000001
core   0: 0x80009d78 (0xff9ff06f) j       pc - 0x8
core   0: 3 0x80009d78 (0xff9ff06f)
core   0: 0x80009d70 (0x00006f17) auipc   t5, 0x6
core   0: 3 0x80009d70 (0x00006f17) x30 0x8000fd70
core   0: 0x80009d74 (0x283f2823) sw      gp, 656(t5)
core   0: 3 0x80009d74 (0x283f2823) mem 0x80010000 0x00000001
core   0: 0x80009d78 (0xff9ff06f) j       pc - 0x8
core   0: 3 0x80009d78 (0xff9ff06f)
core   0: 0x80009d70 (0x00006f17) auipc   t5, 0x6
core   0: 3 0x80009d70 (0x00006f17) x30 0x8000fd70
core   0: 0x80009d74 (0x283f2823) sw      gp, 656(t5)
core   0: 3 0x80009d74 (0x283f2823) mem 0x80010000 0x00000001
core   0: 0x80009d78 (0xff9ff06f) j       pc - 0x8
core   0: 3 0x80009d78 (0xff9ff06f)
core   0: 0x80009d70 (0x00006f17) auipc   t5, 0x6
core   0: 3 0x80009d70 (0x00006f17) x30 0x8000fd70
core   0: 0x80009d74 (0x283f2823) sw      gp, 656(t5)
core   0: 3 0x80009d74 (0x283f2823) mem 0x80010000 0x00000001
core   0: 0x80009d78 (0xff9ff06f) j       pc - 0x8
core   0: 3 0x80009d78 (0xff9ff06f)
core   0: 0x80009d70 (0x00006f17) auipc   t5, 0x6
core   0: 3 0x80009d70 (0x00006f17) x30 0x8000fd70
core   0: 0x80009d74 (0x283f2823) sw      gp, 656(t5)
core   0: 3 0x80009d74 (0x283f2823) mem 0x80010000 0x00000001
core   0: 0x80009d78 (0xff9ff06f) j       pc - 0x8
core   0: 3 0x80009d78 (0xff9ff06f)
core   0: 0x80009d70 (0x00006f17) auipc   t5, 0x6
core   0: 3 0x80009d70 (0x00006f17) x30 0x8000fd70
core   0: 0x80009d74 (0x283f2823) sw      gp, 656(t5)
core   0: 3 0x80009d74 (0x283f2823) mem 0x80010000 0x00000001
core   0: 0x80009d78 (0xff9ff06f) j       pc - 0x8
core   0: 3 0x80009d78 (0xff9ff06f)
core   0: 0x80009d70 (0x00006f17) auipc   t5, 0x6
core   0: 3 0x80009d70 (0x00006f17) x30 0x8000fd70
core   0: 0x80009d74 (0x283f2823) sw      gp, 656(t5)
core   0: 3 0x80009d74 (0x283f2823) mem 0x80010000 0x00000001
core   0: 0x80009d78 (0xff9ff06f) j       pc - 0x8
core   0: 3 0x80009d78 (0xff9ff06f)
core   0: 0x80009d70 (0x00006f17) auipc   t5, 0x6
core   0: 3 0x80009d70 (0x00006f17) x30 0x8000fd70
core   0: 0x80009d74 (0x283f2823) sw      gp, 656(t5)
core   0: 3 0x80009d74 (0x283f2823) mem 0x80010000 0x00000001
core   0: 0x80009d78 (0xff9ff06f) j       pc - 0x8
core   0: 3 0x80009d78 (0xff9ff06f)
core   0: 0x80009d70 (0x00006f17) auipc   t5, 0x6
core   0: 3 0x80009d70 (0x00006f17) x30 0x8000fd70
core   0: 0x80009d74 (0x283f2823) sw      gp, 656(t5)
core   0: 3 0x80009d74 (0x283f2823) mem 0x80010000 0x00000001
core   0: 0x80009d78 (0xff9ff06f) j       pc - 0x8
core   0: 3 0x80009d78 (0xff9ff06f)
core   0: 0x80009d70 (0x00006f17) auipc   t5, 0x6
core   0: 3 0x80009d70 (0x00006f17) x30 0x8000fd70
core   0: 0x80009d74 (0x283f2823) sw      gp, 656(t5)
core   0: 3 0x80009d74 (0x283f2823) mem 0x80010000 0x00000001
core   0: 0x80009d78 (0xff9ff06f) j       pc - 0x8
core   0: 3 0x80009d78 (0xff9ff06f)
core   0: 0x80009d70 (0x00006f17) auipc   t5, 0x6
core   0: 3 0x80009d70 (0x00006f17) x30 0x8000fd70
core   0: 0x80009d74 (0x283f2823) sw      gp, 656(t5)
core   0: 3 0x80009d74 (0x283f2823) mem 0x80010000 0x00000001
core   0: 0x80009d78 (0xff9ff06f) j       pc - 0x8
core   0: 3 0x80009d78 (0xff9ff06f)
core   0: 0x80009d70 (0x00006f17) auipc   t5, 0x6
core   0: 3 0x80009d70 (0x00006f17) x30 0x8000fd70
core   0: 0x80009d74 (0x283f2823) sw      gp, 656(t5)
core   0: 3 0x80009d74 (0x283f2823) mem 0x80010000 0x00000001
core   0: 0x80009d78 (0xff9ff06f) j       pc - 0x8
core   0: 3 0x80009d78 (0xff9ff06f)
core   0: 0x80009d70 (0x00006f17) auipc   t5, 0x6
core   0: 3 0x80009d70 (0x00006f17) x30 0x8000fd70
core   0: 0x80009d74 (0x283f2823) sw      gp, 656(t5)
core   0: 3 0x80009d74 (0x283f2823) mem 0x80010000 0x00000001
core   0: 0x80009d78 (0xff9ff06f) j       pc - 0x8
core   0: 3 0x80009d78 (0xff9ff06f)
core   0: 0x80009d70 (0x00006f17) auipc   t5, 0x6
core   0: 3 0x80009d70 (0x00006f17) x30 0x8000fd70
core   0: 0x80009d74 (0x283f2823) sw      gp, 656(t5)
core   0: 3 0x80009d74 (0x283f2823) mem 0x80010000 0x00000001
core   0: 0x80009d78 (0xff9ff06f) j       pc - 0x8
core   0: 3 0x80009d78 (0xff9ff06f)
core   0: 0x80009d70 (0x00006f17) auipc   t5, 0x6
core   0: 3 0x80009d70 (0x00006f17) x30 0x8000fd70
core   0: 0x80009d74 (0x283f2823) sw      gp, 656(t5)
core   0: 3 0x80009d74 (0x283f2823) mem 0x80010000 0x00000001
core   0: 0x80009d78 (0xff9ff06f) j       pc - 0x8
core   0: 3 0x80009d78 (0xff9ff06f)
core   0: 0x80009d70 (0x00006f17) auipc   t5, 0x6
core   0: 3 0x80009d70 (0x00006f17) x30 0x8000fd70
core   0: 0x80009d74 (0x283f2823) sw      gp, 656(t5)
core   0: 3 0x80009d74 (0x283f2823) mem 0x80010000 0x00000001
core   0: 0x80009d78 (0xff9ff06f) j       pc - 0x8
core   0: 3 0x80009d78 (0xff9ff06f)
core   0: 0x80009d70 (0x00006f17) auipc   t5, 0x6
core   0: 3 0x80009d70 (0x00006f17) x30 0x8000fd70
core   0: 0x80009d74 (0x283f2823) sw      gp, 656(t5)
core   0: 3 0x80009d74 (0x283f2823) mem 0x80010000 0x00000001
core   0: 0x80009d78 (0xff9ff06f) j       pc - 0x8
core   0: 3 0x80009d78 (0xff9ff06f)
core   0: 0x80009d70 (0x00006f17) auipc   t5, 0x6
core   0: 3 0x80009d70 (0x00006f17) x30 0x8000fd70
core   0: 0x80009d74 (0x283f2823) sw      gp, 656(t5)
core   0: 3 0x80009d74 (0x283f2823) mem 0x80010000 0x00000001
core   0: 0x80009d78 (0xff9ff06f) j       pc - 0x8
core   0: 3 0x80009d78 (0xff9ff06f)
core   0: 0x80009d70 (0x00006f17) auipc   t5, 0x6
core   0: 3 0x80009d70 (0x00006f17) x30 0x8000fd70
core   0: 0x80009d74 (0x283f2823) sw      gp, 656(t5)
core   0: 3 0x80009d74 (0x283f2823) mem 0x80010000 0x00000001
core   0: 0x80009d78 (0xff9ff06f) j       pc - 0x8
core   0: 3 0x80009d78 (0xff9ff06f)
core   0: 0x80009d70 (0x00006f17) auipc   t5, 0x6
core   0: 3 0x80009d70 (0x00006f17) x30 0x8000fd70
core   0: 0x80009d74 (0x283f2823) sw      gp, 656(t5)
core   0: 3 0x80009d74 (0x283f2823) mem 0x80010000 0x00000001
core   0: 0x80009d78 (0xff9ff06f) j       pc - 0x8
core   0: 3 0x80009d78 (0xff9ff06f)
core   0: 0x80009d70 (0x00006f17) auipc   t5, 0x6
core   0: 3 0x80009d70 (0x00006f17) x30 0x8000fd70
core   0: 0x80009d74 (0x283f2823) sw      gp, 656(t5)
core   0: 3 0x80009d74 (0x283f2823) mem 0x80010000 0x00000001
core   0: 0x80009d78 (0xff9ff06f) j       pc - 0x8
core   0: 3 0x80009d78 (0xff9ff06f)
core   0: 0x80009d70 (0x00006f17) auipc   t5, 0x6
core   0: 3 0x80009d70 (0x00006f17) x30 0x8000fd70
core   0: 0x80009d74 (0x283f2823) sw      gp, 656(t5)
core   0: 3 0x80009d74 (0x283f2823) mem 0x80010000 0x00000001
core   0: 0x80009d78 (0xff9ff06f) j       pc - 0x8
core   0: 3 0x80009d78 (0xff9ff06f)
core   0: 0x80009d70 (0x00006f17) auipc   t5, 0x6
core   0: 3 0x80009d70 (0x00006f17) x30 0x8000fd70
core   0: 0x80009d74 (0x283f2823) sw      gp, 656(t5)
core   0: 3 0x80009d74 (0x283f2823) mem 0x80010000 0x00000001
core   0: 0x80009d78 (0xff9ff06f) j       pc - 0x8
core   0: 3 0x80009d78 (0xff9ff06f)
core   0: 0x80009d70 (0x00006f17) auipc   t5, 0x6
core   0: 3 0x80009d70 (0x00006f17) x30 0x8000fd70
core   0: 0x80009d74 (0x283f2823) sw      gp, 656(t5)
core   0: 3 0x80009d74 (0x283f2823) mem 0x80010000 0x00000001
core   0: 0x80009d78 (0xff9ff06f) j       pc - 0x8
core   0: 3 0x80009d78 (0xff9ff06f)
core   0: 0x80009d70 (0x00006f17) auipc   t5, 0x6
core   0: 3 0x80009d70 (0x00006f17) x30 0x8000fd70
core   0: 0x80009d74 (0x283f2823) sw      gp, 656(t5)
core   0: 3 0x80009d74 (0x283f2823) mem 0x80010000 0x00000001
core   0: 0x80009d78 (0xff9ff06f) j       pc - 0x8
core   0: 3 0x80009d78 (0xff9ff06f)
core   0: 0x80009d70 (0x00006f17) auipc   t5, 0x6
core   0: 3 0x80009d70 (0x00006f17) x30 0x8000fd70
core   0: 0x80009d74 (0x283f2823) sw      gp, 656(t5)
core   0: 3 0x80009d74 (0x283f2823) mem 0x80010000 0x00000001
core   0: 0x80009d78 (0xff9ff06f) j       pc - 0x8
core   0: 3 0x80009d78 (0xff9ff06f)
core   0: 0x80009d70 (0x00006f17) auipc   t5, 0x6
core   0: 3 0x80009d70 (0x00006f17) x30 0x8000fd70
core   0: 0x80009d74 (0x283f2823) sw      gp, 656(t5)
core   0: 3 0x80009d74 (0x283f2823) mem 0x80010000 0x00000001
core   0: 0x80009d78 (0xff9ff06f) j       pc - 0x8
core   0: 3 0x80009d78 (0xff9ff06f)
core   0: 0x80009d70 (0x00006f17) auipc   t5, 0x6
core   0: 3 0x80009d70 (0x00006f17) x30 0x8000fd70
core   0: 0x80009d74 (0x283f2823) sw      gp, 656(t5)
core   0: 3 0x80009d74 (0x283f2823) mem 0x80010000 0x00000001
core   0: 0x80009d78 (0xff9ff06f) j       pc - 0x8
core   0: 3 0x80009d78 (0xff9ff06f)
core   0: 0x80009d70 (0x00006f17) auipc   t5, 0x6
core   0: 3 0x80009d70 (0x00006f17) x30 0x8000fd70
core   0: 0x80009d74 (0x283f2823) sw      gp, 656(t5)
core   0: 3 0x80009d74 (0x283f2823) mem 0x80010000 0x00000001
core   0: 0x80009d78 (0xff9ff06f) j       pc - 0x8
core   0: 3 0x80009d78 (0xff9ff06f)
core   0: 0x80009d70 (0x00006f17) auipc   t5, 0x6
core   0: 3 0x80009d70 (0x00006f17) x30 0x8000fd70
core   0: 0x80009d74 (0x283f2823) sw      gp, 656(t5)
core   0: 3 0x80009d74 (0x283f2823) mem 0x80010000 0x00000001
core   0: 0x80009d78 (0xff9ff06f) j       pc - 0x8
core   0: 3 0x80009d78 (0xff9ff06f)
core   0: 0x80009d70 (0x00006f17) auipc   t5, 0x6
core   0: 3 0x80009d70 (0x00006f17) x30 0x8000fd70
core   0: 0x80009d74 (0x283f2823) sw      gp, 656(t5)
core   0: 3 0x80009d74 (0x283f2823) mem 0x80010000 0x00000001
core   0: 0x80009d78 (0xff9ff06f) j       pc - 0x8
core   0: 3 0x80009d78 (0xff9ff06f)
core   0: 0x80009d70 (0x00006f17) auipc   t5, 0x6
core   0: 3 0x80009d70 (0x00006f17) x30 0x8000fd70
core   0: 0x80009d74 (0x283f2823) sw      gp, 656(t5)
core   0: 3 0x80009d74 (0x283f2823) mem 0x80010000 0x00000001
core   0: 0x80009d78 (0xff9ff06f) j       pc - 0x8
core   0: 3 0x80009d78 (0xff9ff06f)
core   0: 0x80009d70 (0x00006f17) auipc   t5, 0x6
core   0: 3 0x80009d70 (0x00006f17) x30 0x8000fd70
core   0: 0x80009d74 (0x283f2823) sw      gp, 656(t5)
core   0: 3 0x80009d74 (0x283f2823) mem 0x80010000 0x00000001
core   0: 0x80009d78 (0xff9ff06f) j       pc - 0x8
core   0: 3 0x80009d78 (0xff9ff06f)
core   0: 0x80009d70 (0x00006f17) auipc   t5, 0x6
core   0: 3 0x80009d70 (0x00006f17) x30 0x8000fd70
core   0: 0x80009d74 (0x283f2823) sw      gp, 656(t5)
core   0: 3 0x80009d74 (0x283f2823) mem 0x80010000 0x00000001
core   0: 0x80009d78 (0xff9ff06f) j       pc - 0x8
core   0: 3 0x80009d78 (0xff9ff06f)
core   0: 0x80009d70 (0x00006f17) auipc   t5, 0x6
core   0: 3 0x80009d70 (0x00006f17) x30 0x8000fd70
core   0: 0x80009d74 (0x283f2823) sw      gp, 656(t5)
core   0: 3 0x80009d74 (0x283f2823) mem 0x80010000 0x00000001
core   0: 0x80009d78 (0xff9ff06f) j       pc - 0x8
core   0: 3 0x80009d78 (0xff9ff06f)
core   0: 0x80009d70 (0x00006f17) auipc   t5, 0x6
core   0: 3 0x80009d70 (0x00006f17) x30 0x8000fd70
core   0: 0x80009d74 (0x283f2823) sw      gp, 656(t5)
core   0: 3 0x80009d74 (0x283f2823) mem 0x80010000 0x00000001
core   0: 0x80009d78 (0xff9ff06f) j       pc - 0x8
core   0: 3 0x80009d78 (0xff9ff06f)
core   0: 0x80009d70 (0x00006f17) auipc   t5, 0x6
core   0: 3 0x80009d70 (0x00006f17) x30 0x8000fd70
core   0: 0x80009d74 (0x283f2823) sw      gp, 656(t5)
core   0: 3 0x80009d74 (0x283f2823) mem 0x80010000 0x00000001
core   0: 0x80009d78 (0xff9ff06f) j       pc - 0x8
core   0: 3 0x80009d78 (0xff9ff06f)
core   0: 0x80009d70 (0x00006f17) auipc   t5, 0x6
core   0: 3 0x80009d70 (0x00006f17) x30 0x8000fd70
core   0: 0x80009d74 (0x283f2823) sw      gp, 656(t5)
core   0: 3 0x80009d74 (0x283f2823) mem 0x80010000 0x00000001
core   0: 0x80009d78 (0xff9ff06f) j       pc - 0x8
core   0: 3 0x80009d78 (0xff9ff06f)
core   0: 0x80009d70 (0x00006f17) auipc   t5, 0x6
core   0: 3 0x80009d70 (0x00006f17) x30 0x8000fd70
core   0: 0x80009d74 (0x283f2823) sw      gp, 656(t5)
core   0: 3 0x80009d74 (0x283f2823) mem 0x80010000 0x00000001
core   0: 0x80009d78 (0xff9ff06f) j       pc - 0x8
core   0: 3 0x80009d78 (0xff9ff06f)
core   0: 0x80009d70 (0x00006f17) auipc   t5, 0x6
core   0: 3 0x80009d70 (0x00006f17) x30 0x8000fd70
core   0: 0x80009d74 (0x283f2823) sw      gp, 656(t5)
core   0: 3 0x80009d74 (0x283f2823) mem 0x80010000 0x00000001
core   0: 0x80009d78 (0xff9ff06f) j       pc - 0x8
core   0: 3 0x80009d78 (0xff9ff06f)
core   0: 0x80009d70 (0x00006f17) auipc   t5, 0x6
core   0: 3 0x80009d70 (0x00006f17) x30 0x8000fd70
core   0: 0x80009d74 (0x283f2823) sw      gp, 656(t5)
core   0: 3 0x80009d74 (0x283f2823) mem 0x80010000 0x00000001
core   0: 0x80009d78 (0xff9ff06f) j       pc - 0x8
core   0: 3 0x80009d78 (0xff9ff06f)
core   0: 0x80009d70 (0x00006f17) auipc   t5, 0x6
core   0: 3 0x80009d70 (0x00006f17) x30 0x8000fd70
core   0: 0x80009d74 (0x283f2823) sw      gp, 656(t5)
core   0: 3 0x80009d74 (0x283f2823) mem 0x80010000 0x00000001
core   0: 0x80009d78 (0xff9ff06f) j       pc - 0x8
core   0: 3 0x80009d78 (0xff9ff06f)
core   0: 0x80009d70 (0x00006f17) auipc   t5, 0x6
core   0: 3 0x80009d70 (0x00006f17) x30 0x8000fd70
core   0: 0x80009d74 (0x283f2823) sw      gp, 656(t5)
core   0: 3 0x80009d74 (0x283f2823) mem 0x80010000 0x00000001
core   0: 0x80009d78 (0xff9ff06f) j       pc - 0x8
core   0: 3 0x80009d78 (0xff9ff06f)
core   0: 0x80009d70 (0x00006f17) auipc   t5, 0x6
core   0: 3 0x80009d70 (0x00006f17) x30 0x8000fd70
core   0: 0x80009d74 (0x283f2823) sw      gp, 656(t5)
core   0: 3 0x80009d74 (0x283f2823) mem 0x80010000 0x00000001
core   0: 0x80009d78 (0xff9ff06f) j       pc - 0x8
core   0: 3 0x80009d78 (0xff9ff06f)
core   0: 0x80009d70 (0x00006f17) auipc   t5, 0x6
core   0: 3 0x80009d70 (0x00006f17) x30 0x8000fd70
core   0: 0x80009d74 (0x283f2823) sw      gp, 656(t5)
core   0: 3 0x80009d74 (0x283f2823) mem 0x80010000 0x00000001
core   0: 0x80009d78 (0xff9ff06f) j       pc - 0x8
core   0: 3 0x80009d78 (0xff9ff06f)
core   0: 0x80009d70 (0x00006f17) auipc   t5, 0x6
core   0: 3 0x80009d70 (0x00006f17) x30 0x8000fd70
core   0: 0x80009d74 (0x283f2823) sw      gp, 656(t5)
core   0: 3 0x80009d74 (0x283f2823) mem 0x80010000 0x00000001
core   0: 0x80009d78 (0xff9ff06f) j       pc - 0x8
core   0: 3 0x80009d78 (0xff9ff06f)
core   0: 0x80009d70 (0x00006f17) auipc   t5, 0x6
core   0: 3 0x80009d70 (0x00006f17) x30 0x8000fd70
core   0: 0x80009d74 (0x283f2823) sw      gp, 656(t5)
core   0: 3 0x80009d74 (0x283f2823) mem 0x80010000 0x00000001
core   0: 0x80009d78 (0xff9ff06f) j       pc - 0x8
core   0: 3 0x80009d78 (0xff9ff06f)
core   0: 0x80009d70 (0x00006f17) auipc   t5, 0x6
core   0: 3 0x80009d70 (0x00006f17) x30 0x8000fd70
core   0: 0x80009d74 (0x283f2823) sw      gp, 656(t5)
core   0: 3 0x80009d74 (0x283f2823) mem 0x80010000 0x00000001
core   0: 0x80009d78 (0xff9ff06f) j       pc - 0x8
core   0: 3 0x80009d78 (0xff9ff06f)
core   0: 0x80009d70 (0x00006f17) auipc   t5, 0x6
core   0: 3 0x80009d70 (0x00006f17) x30 0x8000fd70
core   0: 0x80009d74 (0x283f2823) sw      gp, 656(t5)
core   0: 3 0x80009d74 (0x283f2823) mem 0x80010000 0x00000001
core   0: 0x80009d78 (0xff9ff06f) j       pc - 0x8
core   0: 3 0x80009d78 (0xff9ff06f)
core   0: 0x80009d70 (0x00006f17) auipc   t5, 0x6
core   0: 3 0x80009d70 (0x00006f17) x30 0x8000fd70
core   0: 0x80009d74 (0x283f2823) sw      gp, 656(t5)
core   0: 3 0x80009d74 (0x283f2823) mem 0x80010000 0x00000001
core   0: 0x80009d78 (0xff9ff06f) j       pc - 0x8
core   0: 3 0x80009d78 (0xff9ff06f)
core   0: 0x80009d70 (0x00006f17) auipc   t5, 0x6
core   0: 3 0x80009d70 (0x00006f17) x30 0x8000fd70
core   0: 0x80009d74 (0x283f2823) sw      gp, 656(t5)
core   0: 3 0x80009d74 (0x283f2823) mem 0x80010000 0x00000001
core   0: 0x80009d78 (0xff9ff06f) j       pc - 0x8
core   0: 3 0x80009d78 (0xff9ff06f)
core   0: 0x80009d70 (0x00006f17) auipc   t5, 0x6
core   0: 3 0x80009d70 (0x00006f17) x30 0x8000fd70
core   0: 0x80009d74 (0x283f2823) sw      gp, 656(t5)
core   0: 3 0x80009d74 (0x283f2823) mem 0x80010000 0x00000001
core   0: 0x80009d78 (0xff9ff06f) j       pc - 0x8
core   0: 3 0x80009d78 (0xff9ff06f)
core   0: 0x80009d70 (0x00006f17) auipc   t5, 0x6
core   0: 3 0x80009d70 (0x00006f17) x30 0x8000fd70
core   0: 0x80009d74 (0x283f2823) sw      gp, 656(t5)
core   0: 3 0x80009d74 (0x283f2823) mem 0x80010000 0x00000001
core   0: 0x80009d78 (0xff9ff06f) j       pc - 0x8
core   0: 3 0x80009d78 (0xff9ff06f)
core   0: 0x80009d70 (0x00006f17) auipc   t5, 0x6
core   0: 3 0x80009d70 (0x00006f17) x30 0x8000fd70
core   0: 0x80009d74 (0x283f2823) sw      gp, 656(t5)
core   0: 3 0x80009d74 (0x283f2823) mem 0x80010000 0x00000001
core   0: 0x80009d78 (0xff9ff06f) j       pc - 0x8
core   0: 3 0x80009d78 (0xff9ff06f)
core   0: 0x80009d70 (0x00006f17) auipc   t5, 0x6
core   0: 3 0x80009d70 (0x00006f17) x30 0x8000fd70
core   0: 0x80009d74 (0x283f2823) sw      gp, 656(t5)
core   0: 3 0x80009d74 (0x283f2823) mem 0x80010000 0x00000001
core   0: 0x80009d78 (0xff9ff06f) j       pc - 0x8
core   0: 3 0x80009d78 (0xff9ff06f)
core   0: 0x80009d70 (0x00006f17) auipc   t5, 0x6
core   0: 3 0x80009d70 (0x00006f17) x30 0x8000fd70
core   0: 0x80009d74 (0x283f2823) sw      gp, 656(t5)
core   0: 3 0x80009d74 (0x283f2823) mem 0x80010000 0x00000001
core   0: 0x80009d78 (0xff9ff06f) j       pc - 0x8
core   0: 3 0x80009d78 (0xff9ff06f)
core   0: 0x80009d70 (0x00006f17) auipc   t5, 0x6
core   0: 3 0x80009d70 (0x00006f17) x30 0x8000fd70
core   0: 0x80009d74 (0x283f2823) sw      gp, 656(t5)
core   0: 3 0x80009d74 (0x283f2823) mem 0x80010000 0x00000001
core   0: 0x80009d78 (0xff9ff06f) j       pc - 0x8
core   0: 3 0x80009d78 (0xff9ff06f)
core   0: 0x80009d70 (0x00006f17) auipc   t5, 0x6
core   0: 3 0x80009d70 (0x00006f17) x30 0x8000fd70
core   0: 0x80009d74 (0x283f2823) sw      gp, 656(t5)
core   0: 3 0x80009d74 (0x283f2823) mem 0x80010000 0x00000001
core   0: 0x80009d78 (0xff9ff06f) j       pc - 0x8
core   0: 3 0x80009d78 (0xff9ff06f)
core   0: 0x80009d70 (0x00006f17) auipc   t5, 0x6
core   0: 3 0x80009d70 (0x00006f17) x30 0x8000fd70
core   0: 0x80009d74 (0x283f2823) sw      gp, 656(t5)
core   0: 3 0x80009d74 (0x283f2823) mem 0x80010000 0x00000001
core   0: 0x80009d78 (0xff9ff06f) j       pc - 0x8
core   0: 3 0x80009d78 (0xff9ff06f)
core   0: 0x80009d70 (0x00006f17) auipc   t5, 0x6
core   0: 3 0x80009d70 (0x00006f17) x30 0x8000fd70
core   0: 0x80009d74 (0x283f2823) sw      gp, 656(t5)
core   0: 3 0x80009d74 (0x283f2823) mem 0x80010000 0x00000001
core   0: 0x80009d78 (0xff9ff06f) j       pc - 0x8
core   0: 3 0x80009d78 (0xff9ff06f)
core   0: 0x80009d70 (0x00006f17) auipc   t5, 0x6
core   0: 3 0x80009d70 (0x00006f17) x30 0x8000fd70
core   0: 0x80009d74 (0x283f2823) sw      gp, 656(t5)
core   0: 3 0x80009d74 (0x283f2823) mem 0x80010000 0x00000001
core   0: 0x80009d78 (0xff9ff06f) j       pc - 0x8
core   0: 3 0x80009d78 (0xff9ff06f)
core   0: 0x80009d70 (0x00006f17) auipc   t5, 0x6
core   0: 3 0x80009d70 (0x00006f17) x30 0x8000fd70
core   0: 0x80009d74 (0x283f2823) sw      gp, 656(t5)
core   0: 3 0x80009d74 (0x283f2823) mem 0x80010000 0x00000001
core   0: 0x80009d78 (0xff9ff06f) j       pc - 0x8
core   0: 3 0x80009d78 (0xff9ff06f)
core   0: 0x80009d70 (0x00006f17) auipc   t5, 0x6
core   0: 3 0x80009d70 (0x00006f17) x30 0x8000fd70
core   0: 0x80009d74 (0x283f2823) sw      gp, 656(t5)
core   0: 3 0x80009d74 (0x283f2823) mem 0x80010000 0x00000001
core   0: 0x80009d78 (0xff9ff06f) j       pc - 0x8
core   0: 3 0x80009d78 (0xff9ff06f)
core   0: 0x80009d70 (0x00006f17) auipc   t5, 0x6
core   0: 3 0x80009d70 (0x00006f17) x30 0x8000fd70
core   0: 0x80009d74 (0x283f2823) sw      gp, 656(t5)
core   0: 3 0x80009d74 (0x283f2823) mem 0x80010000 0x00000001
core   0: 0x80009d78 (0xff9ff06f) j       pc - 0x8
core   0: 3 0x80009d78 (0xff9ff06f)
core   0: 0x80009d70 (0x00006f17) auipc   t5, 0x6
core   0: 3 0x80009d70 (0x00006f17) x30 0x8000fd70
core   0: 0x80009d74 (0x283f2823) sw      gp, 656(t5)
core   0: 3 0x80009d74 (0x283f2823) mem 0x80010000 0x00000001
core   0: 0x80009d78 (0xff9ff06f) j       pc - 0x8
core   0: 3 0x80009d78 (0xff9ff06f)
core   0: 0x80009d70 (0x00006f17) auipc   t5, 0x6
core   0: 3 0x80009d70 (0x00006f17) x30 0x8000fd70
core   0: 0x80009d74 (0x283f2823) sw      gp, 656(t5)
core   0: 3 0x80009d74 (0x283f2823) mem 0x80010000 0x00000001
core   0: 0x80009d78 (0xff9ff06f) j       pc - 0x8
core   0: 3 0x80009d78 (0xff9ff06f)
core   0: 0x80009d70 (0x00006f17) auipc   t5, 0x6
core   0: 3 0x80009d70 (0x00006f17) x30 0x8000fd70
core   0: 0x80009d74 (0x283f2823) sw      gp, 656(t5)
core   0: 3 0x80009d74 (0x283f2823) mem 0x80010000 0x00000001
core   0: 0x80009d78 (0xff9ff06f) j       pc - 0x8
core   0: 3 0x80009d78 (0xff9ff06f)
core   0: 0x80009d70 (0x00006f17) auipc   t5, 0x6
core   0: 3 0x80009d70 (0x00006f17) x30 0x8000fd70
core   0: 0x80009d74 (0x283f2823) sw      gp, 656(t5)
core   0: 3 0x80009d74 (0x283f2823) mem 0x80010000 0x00000001
core   0: 0x80009d78 (0xff9ff06f) j       pc - 0x8
core   0: 3 0x80009d78 (0xff9ff06f)
core   0: 0x80009d70 (0x00006f17) auipc   t5, 0x6
core   0: 3 0x80009d70 (0x00006f17) x30 0x8000fd70
core   0: 0x80009d74 (0x283f2823) sw      gp, 656(t5)
core   0: 3 0x80009d74 (0x283f2823) mem 0x80010000 0x00000001
core   0: 0x80009d78 (0xff9ff06f) j       pc - 0x8
core   0: 3 0x80009d78 (0xff9ff06f)
core   0: 0x80009d70 (0x00006f17) auipc   t5, 0x6
core   0: 3 0x80009d70 (0x00006f17) x30 0x8000fd70
core   0: 0x80009d74 (0x283f2823) sw      gp, 656(t5)
core   0: 3 0x80009d74 (0x283f2823) mem 0x80010000 0x00000001
core   0: 0x80009d78 (0xff9ff06f) j       pc - 0x8
core   0: 3 0x80009d78 (0xff9ff06f)
core   0: 0x80009d70 (0x00006f17) auipc   t5, 0x6
core   0: 3 0x80009d70 (0x00006f17) x30 0x8000fd70
core   0: 0x80009d74 (0x283f2823) sw      gp, 656(t5)
core   0: 3 0x80009d74 (0x283f2823) mem 0x80010000 0x00000001
core   0: 0x80009d78 (0xff9ff06f) j       pc - 0x8
core   0: 3 0x80009d78 (0xff9ff06f)
core   0: 0x80009d70 (0x00006f17) auipc   t5, 0x6
core   0: 3 0x80009d70 (0x00006f17) x30 0x8000fd70
core   0: 0x80009d74 (0x283f2823) sw      gp, 656(t5)
core   0: 3 0x80009d74 (0x283f2823) mem 0x80010000 0x00000001
core   0: 0x80009d78 (0xff9ff06f) j       pc - 0x8
core   0: 3 0x80009d78 (0xff9ff06f)
core   0: 0x80009d70 (0x00006f17) auipc   t5, 0x6
core   0: 3 0x80009d70 (0x00006f17) x30 0x8000fd70
core   0: 0x80009d74 (0x283f2823) sw      gp, 656(t5)
core   0: 3 0x80009d74 (0x283f2823) mem 0x80010000 0x00000001
core   0: 0x80009d78 (0xff9ff06f) j       pc - 0x8
core   0: 3 0x80009d78 (0xff9ff06f)
core   0: 0x80009d70 (0x00006f17) auipc   t5, 0x6
core   0: 3 0x80009d70 (0x00006f17) x30 0x8000fd70
core   0: 0x80009d74 (0x283f2823) sw      gp, 656(t5)
core   0: 3 0x80009d74 (0x283f2823) mem 0x80010000 0x00000001
core   0: 0x80009d78 (0xff9ff06f) j       pc - 0x8
core   0: 3 0x80009d78 (0xff9ff06f)
core   0: 0x80009d70 (0x00006f17) auipc   t5, 0x6
core   0: 3 0x80009d70 (0x00006f17) x30 0x8000fd70
core   0: 0x80009d74 (0x283f2823) sw      gp, 656(t5)
core   0: 3 0x80009d74 (0x283f2823) mem 0x80010000 0x00000001
core   0: 0x80009d78 (0xff9ff06f) j       pc - 0x8
core   0: 3 0x80009d78 (0xff9ff06f)
core   0: 0x80009d70 (0x00006f17) auipc   t5, 0x6
core   0: 3 0x80009d70 (0x00006f17) x30 0x8000fd70
core   0: 0x80009d74 (0x283f2823) sw      gp, 656(t5)
core   0: 3 0x80009d74 (0x283f2823) mem 0x80010000 0x00000001
core   0: 0x80009d78 (0xff9ff06f) j       pc - 0x8
core   0: 3 0x80009d78 (0xff9ff06f)
core   0: 0x80009d70 (0x00006f17) auipc   t5, 0x6
core   0: 3 0x80009d70 (0x00006f17) x30 0x8000fd70
core   0: 0x80009d74 (0x283f2823) sw      gp, 656(t5)
core   0: 3 0x80009d74 (0x283f2823) mem 0x80010000 0x00000001
core   0: 0x80009d78 (0xff9ff06f) j       pc - 0x8
core   0: 3 0x80009d78 (0xff9ff06f)
core   0: 0x80009d70 (0x00006f17) auipc   t5, 0x6
core   0: 3 0x80009d70 (0x00006f17) x30 0x8000fd70
core   0: 0x80009d74 (0x283f2823) sw      gp, 656(t5)
core   0: 3 0x80009d74 (0x283f2823) mem 0x80010000 0x00000001
core   0: 0x80009d78 (0xff9ff06f) j       pc - 0x8
core   0: 3 0x80009d78 (0xff9ff06f)
core   0: 0x80009d70 (0x00006f17) auipc   t5, 0x6
core   0: 3 0x80009d70 (0x00006f17) x30 0x8000fd70
core   0: 0x80009d74 (0x283f2823) sw      gp, 656(t5)
core   0: 3 0x80009d74 (0x283f2823) mem 0x80010000 0x00000001
core   0: 0x80009d78 (0xff9ff06f) j       pc - 0x8
core   0: 3 0x80009d78 (0xff9ff06f)
core   0: 0x80009d70 (0x00006f17) auipc   t5, 0x6
core   0: 3 0x80009d70 (0x00006f17) x30 0x8000fd70
core   0: 0x80009d74 (0x283f2823) sw      gp, 656(t5)
core   0: 3 0x80009d74 (0x283f2823) mem 0x80010000 0x00000001
core   0: 0x80009d78 (0xff9ff06f) j       pc - 0x8
core   0: 3 0x80009d78 (0xff9ff06f)
core   0: 0x80009d70 (0x00006f17) auipc   t5, 0x6
core   0: 3 0x80009d70 (0x00006f17) x30 0x8000fd70
core   0: 0x80009d74 (0x283f2823) sw      gp, 656(t5)
core   0: 3 0x80009d74 (0x283f2823) mem 0x80010000 0x00000001
core   0: 0x80009d78 (0xff9ff06f) j       pc - 0x8
core   0: 3 0x80009d78 (0xff9ff06f)
core   0: 0x80009d70 (0x00006f17) auipc   t5, 0x6
core   0: 3 0x80009d70 (0x00006f17) x30 0x8000fd70
core   0: 0x80009d74 (0x283f2823) sw      gp, 656(t5)
core   0: 3 0x80009d74 (0x283f2823) mem 0x80010000 0x00000001
core   0: 0x80009d78 (0xff9ff06f) j       pc - 0x8
core   0: 3 0x80009d78 (0xff9ff06f)
core   0: 0x80009d70 (0x00006f17) auipc   t5, 0x6
core   0: 3 0x80009d70 (0x00006f17) x30 0x8000fd70
core   0: 0x80009d74 (0x283f2823) sw      gp, 656(t5)
core   0: 3 0x80009d74 (0x283f2823) mem 0x80010000 0x00000001
core   0: 0x80009d78 (0xff9ff06f) j       pc - 0x8
core   0: 3 0x80009d78 (0xff9ff06f)
core   0: 0x80009d70 (0x00006f17) auipc   t5, 0x6
core   0: 3 0x80009d70 (0x00006f17) x30 0x8000fd70
core   0: 0x80009d74 (0x283f2823) sw      gp, 656(t5)
core   0: 3 0x80009d74 (0x283f2823) mem 0x80010000 0x00000001
core   0: 0x80009d78 (0xff9ff06f) j       pc - 0x8
core   0: 3 0x80009d78 (0xff9ff06f)
core   0: 0x80009d70 (0x00006f17) auipc   t5, 0x6
core   0: 3 0x80009d70 (0x00006f17) x30 0x8000fd70
core   0: 0x80009d74 (0x283f2823) sw      gp, 656(t5)
core   0: 3 0x80009d74 (0x283f2823) mem 0x80010000 0x00000001
core   0: 0x80009d78 (0xff9ff06f) j       pc - 0x8
core   0: 3 0x80009d78 (0xff9ff06f)
core   0: 0x80009d70 (0x00006f17) auipc   t5, 0x6
core   0: 3 0x80009d70 (0x00006f17) x30 0x8000fd70
core   0: 0x80009d74 (0x283f2823) sw      gp, 656(t5)
core   0: 3 0x80009d74 (0x283f2823) mem 0x80010000 0x00000001
core   0: 0x80009d78 (0xff9ff06f) j       pc - 0x8
core   0: 3 0x80009d78 (0xff9ff06f)
core   0: 0x80009d70 (0x00006f17) auipc   t5, 0x6
core   0: 3 0x80009d70 (0x00006f17) x30 0x8000fd70
core   0: 0x80009d74 (0x283f2823) sw      gp, 656(t5)
core   0: 3 0x80009d74 (0x283f2823) mem 0x80010000 0x00000001
core   0: 0x80009d78 (0xff9ff06f) j       pc - 0x8
core   0: 3 0x80009d78 (0xff9ff06f)
core   0: 0x80009d70 (0x00006f17) auipc   t5, 0x6
core   0: 3 0x80009d70 (0x00006f17) x30 0x8000fd70
core   0: 0x80009d74 (0x283f2823) sw      gp, 656(t5)
core   0: 3 0x80009d74 (0x283f2823) mem 0x80010000 0x00000001
core   0: 0x80009d78 (0xff9ff06f) j       pc - 0x8
core   0: 3 0x80009d78 (0xff9ff06f)
core   0: 0x80009d70 (0x00006f17) auipc   t5, 0x6
core   0: 3 0x80009d70 (0x00006f17) x30 0x8000fd70
core   0: 0x80009d74 (0x283f2823) sw      gp, 656(t5)
core   0: 3 0x80009d74 (0x283f2823) mem 0x80010000 0x00000001
core   0: 0x80009d78 (0xff9ff06f) j       pc - 0x8
core   0: 3 0x80009d78 (0xff9ff06f)
core   0: 0x80009d70 (0x00006f17) auipc   t5, 0x6
core   0: 3 0x80009d70 (0x00006f17) x30 0x8000fd70
core   0: 0x80009d74 (0x283f2823) sw      gp, 656(t5)
core   0: 3 0x80009d74 (0x283f2823) mem 0x80010000 0x00000001
core   0: 0x80009d78 (0xff9ff06f) j       pc - 0x8
core   0: 3 0x80009d78 (0xff9ff06f)
core   0: 0x80009d70 (0x00006f17) auipc   t5, 0x6
core   0: 3 0x80009d70 (0x00006f17) x30 0x8000fd70
core   0: 0x80009d74 (0x283f2823) sw      gp, 656(t5)
core   0: 3 0x80009d74 (0x283f2823) mem 0x80010000 0x00000001
core   0: 0x80009d78 (0xff9ff06f) j       pc - 0x8
core   0: 3 0x80009d78 (0xff9ff06f)
core   0: 0x80009d70 (0x00006f17) auipc   t5, 0x6
core   0: 3 0x80009d70 (0x00006f17) x30 0x8000fd70
core   0: 0x80009d74 (0x283f2823) sw      gp, 656(t5)
core   0: 3 0x80009d74 (0x283f2823) mem 0x80010000 0x00000001
core   0: 0x80009d78 (0xff9ff06f) j       pc - 0x8
core   0: 3 0x80009d78 (0xff9ff06f)
core   0: 0x80009d70 (0x00006f17) auipc   t5, 0x6
core   0: 3 0x80009d70 (0x00006f17) x30 0x8000fd70
core   0: 0x80009d74 (0x283f2823) sw      gp, 656(t5)
core   0: 3 0x80009d74 (0x283f2823) mem 0x80010000 0x00000001
core   0: 0x80009d78 (0xff9ff06f) j       pc - 0x8
core   0: 3 0x80009d78 (0xff9ff06f)
core   0: 0x80009d70 (0x00006f17) auipc   t5, 0x6
core   0: 3 0x80009d70 (0x00006f17) x30 0x8000fd70
core   0: 0x80009d74 (0x283f2823) sw      gp, 656(t5)
core   0: 3 0x80009d74 (0x283f2823) mem 0x80010000 0x00000001
core   0: 0x80009d78 (0xff9ff06f) j       pc - 0x8
core   0: 3 0x80009d78 (0xff9ff06f)
core   0: 0x80009d70 (0x00006f17) auipc   t5, 0x6
core   0: 3 0x80009d70 (0x00006f17) x30 0x8000fd70
core   0: 0x80009d74 (0x283f2823) sw      gp, 656(t5)
core   0: 3 0x80009d74 (0x283f2823) mem 0x80010000 0x00000001
core   0: 0x80009d78 (0xff9ff06f) j       pc - 0x8
core   0: 3 0x80009d78 (0xff9ff06f)
core   0: 0x80009d70 (0x00006f17) auipc   t5, 0x6
core   0: 3 0x80009d70 (0x00006f17) x30 0x8000fd70
core   0: 0x80009d74 (0x283f2823) sw      gp, 656(t5)
core   0: 3 0x80009d74 (0x283f2823) mem 0x80010000 0x00000001
core   0: 0x80009d78 (0xff9ff06f) j       pc - 0x8
core   0: 3 0x80009d78 (0xff9ff06f)
core   0: 0x80009d70 (0x00006f17) auipc   t5, 0x6
core   0: 3 0x80009d70 (0x00006f17) x30 0x8000fd70
core   0: 0x80009d74 (0x283f2823) sw      gp, 656(t5)
core   0: 3 0x80009d74 (0x283f2823) mem 0x80010000 0x00000001
core   0: 0x80009d78 (0xff9ff06f) j       pc - 0x8
core   0: 3 0x80009d78 (0xff9ff06f)
core   0: 0x80009d70 (0x00006f17) auipc   t5, 0x6
core   0: 3 0x80009d70 (0x00006f17) x30 0x8000fd70
core   0: 0x80009d74 (0x283f2823) sw      gp, 656(t5)
core   0: 3 0x80009d74 (0x283f2823) mem 0x80010000 0x00000001
core   0: 0x80009d78 (0xff9ff06f) j       pc - 0x8
core   0: 3 0x80009d78 (0xff9ff06f)
core   0: 0x80009d70 (0x00006f17) auipc   t5, 0x6
core   0: 3 0x80009d70 (0x00006f17) x30 0x8000fd70
core   0: 0x80009d74 (0x283f2823) sw      gp, 656(t5)
core   0: 3 0x80009d74 (0x283f2823) mem 0x80010000 0x00000001
core   0: 0x80009d78 (0xff9ff06f) j       pc - 0x8
core   0: 3 0x80009d78 (0xff9ff06f)
core   0: 0x80009d70 (0x00006f17) auipc   t5, 0x6
core   0: 3 0x80009d70 (0x00006f17) x30 0x8000fd70
core   0: 0x80009d74 (0x283f2823) sw      gp, 656(t5)
core   0: 3 0x80009d74 (0x283f2823) mem 0x80010000 0x00000001
core   0: 0x80009d78 (0xff9ff06f) j       pc - 0x8
core   0: 3 0x80009d78 (0xff9ff06f)
core   0: 0x80009d70 (0x00006f17) auipc   t5, 0x6
core   0: 3 0x80009d70 (0x00006f17) x30 0x8000fd70
core   0: 0x80009d74 (0x283f2823) sw      gp, 656(t5)
core   0: 3 0x80009d74 (0x283f2823) mem 0x80010000 0x00000001
core   0: 0x80009d78 (0xff9ff06f) j       pc - 0x8
core   0: 3 0x80009d78 (0xff9ff06f)
core   0: 0x80009d70 (0x00006f17) auipc   t5, 0x6
core   0: 3 0x80009d70 (0x00006f17) x30 0x8000fd70
core   0: 0x80009d74 (0x283f2823) sw      gp, 656(t5)
core   0: 3 0x80009d74 (0x283f2823) mem 0x80010000 0x00000001
core   0: 0x80009d78 (0xff9ff06f) j       pc - 0x8
core   0: 3 0x80009d78 (0xff9ff06f)
core   0: 0x80009d70 (0x00006f17) auipc   t5, 0x6
core   0: 3 0x80009d70 (0x00006f17) x30 0x8000fd70
core   0: 0x80009d74 (0x283f2823) sw      gp, 656(t5)
core   0: 3 0x80009d74 (0x283f2823) mem 0x80010000 0x00000001
core   0: 0x80009d78 (0xff9ff06f) j       pc - 0x8
core   0: 3 0x80009d78 (0xff9ff06f)
core   0: 0x80009d70 (0x00006f17) auipc   t5, 0x6
core   0: 3 0x80009d70 (0x00006f17) x30 0x8000fd70
core   0: 0x80009d74 (0x283f2823) sw      gp, 656(t5)
core   0: 3 0x80009d74 (0x283f2823) mem 0x80010000 0x00000001
core   0: 0x80009d78 (0xff9ff06f) j       pc - 0x8
core   0: 3 0x80009d78 (0xff9ff06f)
core   0: 0x80009d70 (0x00006f17) auipc   t5, 0x6
core   0: 3 0x80009d70 (0x00006f17) x30 0x8000fd70
core   0: 0x80009d74 (0x283f2823) sw      gp, 656(t5)
core   0: 3 0x80009d74 (0x283f2823) mem 0x80010000 0x00000001
core   0: 0x80009d78 (0xff9ff06f) j       pc - 0x8
core   0: 3 0x80009d78 (0xff9ff06f)
core   0: 0x80009d70 (0x00006f17) auipc   t5, 0x6
core   0: 3 0x80009d70 (0x00006f17) x30 0x8000fd70
core   0: 0x80009d74 (0x283f2823) sw      gp, 656(t5)
core   0: 3 0x80009d74 (0x283f2823) mem 0x80010000 0x00000001
core   0: 0x80009d78 (0xff9ff06f) j       pc - 0x8
core   0: 3 0x80009d78 (0xff9ff06f)
core   0: 0x80009d70 (0x00006f17) auipc   t5, 0x6
core   0: 3 0x80009d70 (0x00006f17) x30 0x8000fd70
core   0: 0x80009d74 (0x283f2823) sw      gp, 656(t5)
core   0: 3 0x80009d74 (0x283f2823) mem 0x80010000 0x00000001
core   0: 0x80009d78 (0xff9ff06f) j       pc - 0x8
core   0: 3 0x80009d78 (0xff9ff06f)
core   0: 0x80009d70 (0x00006f17) auipc   t5, 0x6
core   0: 3 0x80009d70 (0x00006f17) x30 0x8000fd70
core   0: 0x80009d74 (0x283f2823) sw      gp, 656(t5)
core   0: 3 0x80009d74 (0x283f2823) mem 0x80010000 0x00000001
core   0: 0x80009d78 (0xff9ff06f) j       pc - 0x8
core   0: 3 0x80009d78 (0xff9ff06f)
core   0: 0x80009d70 (0x00006f17) auipc   t5, 0x6
core   0: 3 0x80009d70 (0x00006f17) x30 0x8000fd70
core   0: 0x80009d74 (0x283f2823) sw      gp, 656(t5)
core   0: 3 0x80009d74 (0x283f2823) mem 0x80010000 0x00000001
core   0: 0x80009d78 (0xff9ff06f) j       pc - 0x8
core   0: 3 0x80009d78 (0xff9ff06f)
core   0: 0x80009d70 (0x00006f17) auipc   t5, 0x6
core   0: 3 0x80009d70 (0x00006f17) x30 0x8000fd70
core   0: 0x80009d74 (0x283f2823) sw      gp, 656(t5)
core   0: 3 0x80009d74 (0x283f2823) mem 0x80010000 0x00000001
core   0: 0x80009d78 (0xff9ff06f) j       pc - 0x8
core   0: 3 0x80009d78 (0xff9ff06f)
core   0: 0x80009d70 (0x00006f17) auipc   t5, 0x6
core   0: 3 0x80009d70 (0x00006f17) x30 0x8000fd70
core   0: 0x80009d74 (0x283f2823) sw      gp, 656(t5)
core   0: 3 0x80009d74 (0x283f2823) mem 0x80010000 0x00000001
core   0: 0x80009d78 (0xff9ff06f) j       pc - 0x8
core   0: 3 0x80009d78 (0xff9ff06f)
core   0: 0x80009d70 (0x00006f17) auipc   t5, 0x6
core   0: 3 0x80009d70 (0x00006f17) x30 0x8000fd70
core   0: 0x80009d74 (0x283f2823) sw      gp, 656(t5)
core   0: 3 0x80009d74 (0x283f2823) mem 0x80010000 0x00000001
core   0: 0x80009d78 (0xff9ff06f) j       pc - 0x8
core   0: 3 0x80009d78 (0xff9ff06f)
core   0: 0x80009d70 (0x00006f17) auipc   t5, 0x6
core   0: 3 0x80009d70 (0x00006f17) x30 0x8000fd70
core   0: 0x80009d74 (0x283f2823) sw      gp, 656(t5)
core   0: 3 0x80009d74 (0x283f2823) mem 0x80010000 0x00000001
core   0: 0x80009d78 (0xff9ff06f) j       pc - 0x8
core   0: 3 0x80009d78 (0xff9ff06f)
core   0: 0x80009d70 (0x00006f17) auipc   t5, 0x6
core   0: 3 0x80009d70 (0x00006f17) x30 0x8000fd70
core   0: 0x80009d74 (0x283f2823) sw      gp, 656(t5)
core   0: 3 0x80009d74 (0x283f2823) mem 0x80010000 0x00000001
core   0: 0x80009d78 (0xff9ff06f) j       pc - 0x8
core   0: 3 0x80009d78 (0xff9ff06f)
core   0: 0x80009d70 (0x00006f17) auipc   t5, 0x6
core   0: 3 0x80009d70 (0x00006f17) x30 0x8000fd70
core   0: 0x80009d74 (0x283f2823) sw      gp, 656(t5)
core   0: 3 0x80009d74 (0x283f2823) mem 0x80010000 0x00000001
core   0: 0x80009d78 (0xff9ff06f) j       pc - 0x8
core   0: 3 0x80009d78 (0xff9ff06f)
core   0: 0x80009d70 (0x00006f17) auipc   t5, 0x6
core   0: 3 0x80009d70 (0x00006f17) x30 0x8000fd70
core   0: 0x80009d74 (0x283f2823) sw      gp, 656(t5)
core   0: 3 0x80009d74 (0x283f2823) mem 0x80010000 0x00000001
core   0: 0x80009d78 (0xff9ff06f) j       pc - 0x8
core   0: 3 0x80009d78 (0xff9ff06f)
core   0: 0x80009d70 (0x00006f17) auipc   t5, 0x6
core   0: 3 0x80009d70 (0x00006f17) x30 0x8000fd70
core   0: 0x80009d74 (0x283f2823) sw      gp, 656(t5)
core   0: 3 0x80009d74 (0x283f2823) mem 0x80010000 0x00000001
core   0: 0x80009d78 (0xff9ff06f) j       pc - 0x8
core   0: 3 0x80009d78 (0xff9ff06f)
core   0: 0x80009d70 (0x00006f17) auipc   t5, 0x6
core   0: 3 0x80009d70 (0x00006f17) x30 0x8000fd70
core   0: 0x80009d74 (0x283f2823) sw      gp, 656(t5)
core   0: 3 0x80009d74 (0x283f2823) mem 0x80010000 0x00000001
core   0: 0x80009d78 (0xff9ff06f) j       pc - 0x8
core   0: 3 0x80009d78 (0xff9ff06f)
core   0: 0x80009d70 (0x00006f17) auipc   t5, 0x6
core   0: 3 0x80009d70 (0x00006f17) x30 0x8000fd70
core   0: 0x80009d74 (0x283f2823) sw      gp, 656(t5)
core   0: 3 0x80009d74 (0x283f2823) mem 0x80010000 0x00000001
core   0: 0x80009d78 (0xff9ff06f) j       pc - 0x8
core   0: 3 0x80009d78 (0xff9ff06f)
core   0: 0x80009d70 (0x00006f17) auipc   t5, 0x6
core   0: 3 0x80009d70 (0x00006f17) x30 0x8000fd70
core   0: 0x80009d74 (0x283f2823) sw      gp, 656(t5)
core   0: 3 0x80009d74 (0x283f2823) mem 0x80010000 0x00000001
core   0: 0x80009d78 (0xff9ff06f) j       pc - 0x8
core   0: 3 0x80009d78 (0xff9ff06f)
core   0: 0x80009d70 (0x00006f17) auipc   t5, 0x6
core   0: 3 0x80009d70 (0x00006f17) x30 0x8000fd70
core   0: 0x80009d74 (0x283f2823) sw      gp, 656(t5)
core   0: 3 0x80009d74 (0x283f2823) mem 0x80010000 0x00000001
core   0: 0x80009d78 (0xff9ff06f) j       pc - 0x8
core   0: 3 0x80009d78 (0xff9ff06f)
core   0: 0x80009d70 (0x00006f17) auipc   t5, 0x6
core   0: 3 0x80009d70 (0x00006f17) x30 0x8000fd70
core   0: 0x80009d74 (0x283f2823) sw      gp, 656(t5)
core   0: 3 0x80009d74 (0x283f2823) mem 0x80010000 0x00000001
core   0: 0x80009d78 (0xff9ff06f) j       pc - 0x8
core   0: 3 0x80009d78 (0xff9ff06f)
core   0: 0x80009d70 (0x00006f17) auipc   t5, 0x6
core   0: 3 0x80009d70 (0x00006f17) x30 0x8000fd70
core   0: 0x80009d74 (0x283f2823) sw      gp, 656(t5)
core   0: 3 0x80009d74 (0x283f2823) mem 0x80010000 0x00000001
core   0: 0x80009d78 (0xff9ff06f) j       pc - 0x8
core   0: 3 0x80009d78 (0xff9ff06f)
core   0: 0x80009d70 (0x00006f17) auipc   t5, 0x6
core   0: 3 0x80009d70 (0x00006f17) x30 0x8000fd70
core   0: 0x80009d74 (0x283f2823) sw      gp, 656(t5)
core   0: 3 0x80009d74 (0x283f2823) mem 0x80010000 0x00000001
core   0: 0x80009d78 (0xff9ff06f) j       pc - 0x8
core   0: 3 0x80009d78 (0xff9ff06f)
core   0: 0x80009d70 (0x00006f17) auipc   t5, 0x6
core   0: 3 0x80009d70 (0x00006f17) x30 0x8000fd70
core   0: 0x80009d74 (0x283f2823) sw      gp, 656(t5)
core   0: 3 0x80009d74 (0x283f2823) mem 0x80010000 0x00000001
core   0: 0x80009d78 (0xff9ff06f) j       pc - 0x8
core   0: 3 0x80009d78 (0xff9ff06f)
core   0: 0x80009d70 (0x00006f17) auipc   t5, 0x6
core   0: 3 0x80009d70 (0x00006f17) x30 0x8000fd70
core   0: 0x80009d74 (0x283f2823) sw      gp, 656(t5)
core   0: 3 0x80009d74 (0x283f2823) mem 0x80010000 0x00000001
core   0: 0x80009d78 (0xff9ff06f) j       pc - 0x8
core   0: 3 0x80009d78 (0xff9ff06f)
core   0: 0x80009d70 (0x00006f17) auipc   t5, 0x6
core   0: 3 0x80009d70 (0x00006f17) x30 0x8000fd70
core   0: 0x80009d74 (0x283f2823) sw      gp, 656(t5)
core   0: 3 0x80009d74 (0x283f2823) mem 0x80010000 0x00000001
core   0: 0x80009d78 (0xff9ff06f) j       pc - 0x8
core   0: 3 0x80009d78 (0xff9ff06f)
core   0: 0x80009d70 (0x00006f17) auipc   t5, 0x6
core   0: 3 0x80009d70 (0x00006f17) x30 0x8000fd70
core   0: 0x80009d74 (0x283f2823) sw      gp, 656(t5)
core   0: 3 0x80009d74 (0x283f2823) mem 0x80010000 0x00000001
core   0: 0x80009d78 (0xff9ff06f) j       pc - 0x8
core   0: 3 0x80009d78 (0xff9ff06f)
core   0: 0x80009d70 (0x00006f17) auipc   t5, 0x6
core   0: 3 0x80009d70 (0x00006f17) x30 0x8000fd70
core   0: 0x80009d74 (0x283f2823) sw      gp, 656(t5)
core   0: 3 0x80009d74 (0x283f2823) mem 0x80010000 0x00000001
core   0: 0x80009d78 (0xff9ff06f) j       pc - 0x8
core   0: 3 0x80009d78 (0xff9ff06f)
core   0: 0x80009d70 (0x00006f17) auipc   t5, 0x6
core   0: 3 0x80009d70 (0x00006f17) x30 0x8000fd70
core   0: 0x80009d74 (0x283f2823) sw      gp, 656(t5)
core   0: 3 0x80009d74 (0x283f2823) mem 0x80010000 0x00000001
core   0: 0x80009d78 (0xff9ff06f) j       pc - 0x8
core   0: 3 0x80009d78 (0xff9ff06f)
core   0: 0x80009d70 (0x00006f17) auipc   t5, 0x6
core   0: 3 0x80009d70 (0x00006f17) x30 0x8000fd70
core   0: 0x80009d74 (0x283f2823) sw      gp, 656(t5)
core   0: 3 0x80009d74 (0x283f2823) mem 0x80010000 0x00000001
core   0: 0x80009d78 (0xff9ff06f) j       pc - 0x8
core   0: 3 0x80009d78 (0xff9ff06f)
core   0: 0x80009d70 (0x00006f17) auipc   t5, 0x6
core   0: 3 0x80009d70 (0x00006f17) x30 0x8000fd70
core   0: 0x80009d74 (0x283f2823) sw      gp, 656(t5)
core   0: 3 0x80009d74 (0x283f2823) mem 0x80010000 0x00000001
core   0: 0x80009d78 (0xff9ff06f) j       pc - 0x8
core   0: 3 0x80009d78 (0xff9ff06f)
core   0: 0x80009d70 (0x00006f17) auipc   t5, 0x6
core   0: 3 0x80009d70 (0x00006f17) x30 0x8000fd70
core   0: 0x80009d74 (0x283f2823) sw      gp, 656(t5)
core   0: 3 0x80009d74 (0x283f2823) mem 0x80010000 0x00000001
core   0: 0x80009d78 (0xff9ff06f) j       pc - 0x8
core   0: 3 0x80009d78 (0xff9ff06f)
core   0: 0x80009d70 (0x00006f17) auipc   t5, 0x6
core   0: 3 0x80009d70 (0x00006f17) x30 0x8000fd70
core   0: 0x80009d74 (0x283f2823) sw      gp, 656(t5)
core   0: 3 0x80009d74 (0x283f2823) mem 0x80010000 0x00000001
core   0: 0x80009d78 (0xff9ff06f) j       pc - 0x8
core   0: 3 0x80009d78 (0xff9ff06f)
core   0: 0x80009d70 (0x00006f17) auipc   t5, 0x6
core   0: 3 0x80009d70 (0x00006f17) x30 0x8000fd70
core   0: 0x80009d74 (0x283f2823) sw      gp, 656(t5)
core   0: 3 0x80009d74 (0x283f2823) mem 0x80010000 0x00000001
core   0: 0x80009d78 (0xff9ff06f) j       pc - 0x8
core   0: 3 0x80009d78 (0xff9ff06f)
core   0: 0x80009d70 (0x00006f17) auipc   t5, 0x6
core   0: 3 0x80009d70 (0x00006f17) x30 0x8000fd70
core   0: 0x80009d74 (0x283f2823) sw      gp, 656(t5)
core   0: 3 0x80009d74 (0x283f2823) mem 0x80010000 0x00000001
core   0: 0x80009d78 (0xff9ff06f) j       pc - 0x8
core   0: 3 0x80009d78 (0xff9ff06f)
core   0: 0x80009d70 (0x00006f17) auipc   t5, 0x6
core   0: 3 0x80009d70 (0x00006f17) x30 0x8000fd70
core   0: 0x80009d74 (0x283f2823) sw      gp, 656(t5)
core   0: 3 0x80009d74 (0x283f2823) mem 0x80010000 0x00000001
core   0: 0x80009d78 (0xff9ff06f) j       pc - 0x8
core   0: 3 0x80009d78 (0xff9ff06f)
core   0: 0x80009d70 (0x00006f17) auipc   t5, 0x6
core   0: 3 0x80009d70 (0x00006f17) x30 0x8000fd70
core   0: 0x80009d74 (0x283f2823) sw      gp, 656(t5)
core   0: 3 0x80009d74 (0x283f2823) mem 0x80010000 0x00000001
core   0: 0x80009d78 (0xff9ff06f) j       pc - 0x8
core   0: 3 0x80009d78 (0xff9ff06f)
core   0: 0x80009d70 (0x00006f17) auipc   t5, 0x6
core   0: 3 0x80009d70 (0x00006f17) x30 0x8000fd70
core   0: 0x80009d74 (0x283f2823) sw      gp, 656(t5)
core   0: 3 0x80009d74 (0x283f2823) mem 0x80010000 0x00000001
core   0: 0x80009d78 (0xff9ff06f) j       pc - 0x8
core   0: 3 0x80009d78 (0xff9ff06f)
core   0: 0x80009d70 (0x00006f17) auipc   t5, 0x6
core   0: 3 0x80009d70 (0x00006f17) x30 0x8000fd70
core   0: 0x80009d74 (0x283f2823) sw      gp, 656(t5)
core   0: 3 0x80009d74 (0x283f2823) mem 0x80010000 0x00000001
core   0: 0x80009d78 (0xff9ff06f) j       pc - 0x8
core   0: 3 0x80009d78 (0xff9ff06f)
core   0: 0x80009d70 (0x00006f17) auipc   t5, 0x6
core   0: 3 0x80009d70 (0x00006f17) x30 0x8000fd70
core   0: 0x80009d74 (0x283f2823) sw      gp, 656(t5)
core   0: 3 0x80009d74 (0x283f2823) mem 0x80010000 0x00000001
core   0: 0x80009d78 (0xff9ff06f) j       pc - 0x8
core   0: 3 0x80009d78 (0xff9ff06f)
core   0: 0x80009d70 (0x00006f17) auipc   t5, 0x6
core   0: 3 0x80009d70 (0x00006f17) x30 0x8000fd70
core   0: 0x80009d74 (0x283f2823) sw      gp, 656(t5)
core   0: 3 0x80009d74 (0x283f2823) mem 0x80010000 0x00000001
core   0: 0x80009d78 (0xff9ff06f) j       pc - 0x8
core   0: 3 0x80009d78 (0xff9ff06f)
core   0: 0x80009d70 (0x00006f17) auipc   t5, 0x6
core   0: 3 0x80009d70 (0x00006f17) x30 0x8000fd70
core   0: 0x80009d74 (0x283f2823) sw      gp, 656(t5)
core   0: 3 0x80009d74 (0x283f2823) mem 0x80010000 0x00000001
core   0: 0x80009d78 (0xff9ff06f) j       pc - 0x8
core   0: 3 0x80009d78 (0xff9ff06f)
core   0: 0x80009d70 (0x00006f17) auipc   t5, 0x6
core   0: 3 0x80009d70 (0x00006f17) x30 0x8000fd70
core   0: 0x80009d74 (0x283f2823) sw      gp, 656(t5)
core   0: 3 0x80009d74 (0x283f2823) mem 0x80010000 0x00000001
core   0: 0x80009d78 (0xff9ff06f) j       pc - 0x8
core   0: 3 0x80009d78 (0xff9ff06f)
core   0: 0x80009d70 (0x00006f17) auipc   t5, 0x6
core   0: 3 0x80009d70 (0x00006f17) x30 0x8000fd70
core   0: 0x80009d74 (0x283f2823) sw      gp, 656(t5)
core   0: 3 0x80009d74 (0x283f2823) mem 0x80010000 0x00000001
core   0: 0x80009d78 (0xff9ff06f) j       pc - 0x8
core   0: 3 0x80009d78 (0xff9ff06f)
core   0: 0x80009d70 (0x00006f17) auipc   t5, 0x6
core   0: 3 0x80009d70 (0x00006f17) x30 0x8000fd70
core   0: 0x80009d74 (0x283f2823) sw      gp, 656(t5)
core   0: 3 0x80009d74 (0x283f2823) mem 0x80010000 0x00000001
core   0: 0x80009d78 (0xff9ff06f) j       pc - 0x8
core   0: 3 0x80009d78 (0xff9ff06f)
core   0: 0x80009d70 (0x00006f17) auipc   t5, 0x6
core   0: 3 0x80009d70 (0x00006f17) x30 0x8000fd70
core   0: 0x80009d74 (0x283f2823) sw      gp, 656(t5)
core   0: 3 0x80009d74 (0x283f2823) mem 0x80010000 0x00000001
core   0: 0x80009d78 (0xff9ff06f) j       pc - 0x8
core   0: 3 0x80009d78 (0xff9ff06f)
core   0: 0x80009d70 (0x00006f17) auipc   t5, 0x6
core   0: 3 0x80009d70 (0x00006f17) x30 0x8000fd70
core   0: 0x80009d74 (0x283f2823) sw      gp, 656(t5)
core   0: 3 0x80009d74 (0x283f2823) mem 0x80010000 0x00000001
core   0: 0x80009d78 (0xff9ff06f) j       pc - 0x8
core   0: 3 0x80009d78 (0xff9ff06f)
core   0: 0x80009d70 (0x00006f17) auipc   t5, 0x6
core   0: 3 0x80009d70 (0x00006f17) x30 0x8000fd70
core   0: 0x80009d74 (0x283f2823) sw      gp, 656(t5)
core   0: 3 0x80009d74 (0x283f2823) mem 0x80010000 0x00000001
core   0: 0x80009d78 (0xff9ff06f) j       pc - 0x8
core   0: 3 0x80009d78 (0xff9ff06f)
core   0: 0x80009d70 (0x00006f17) auipc   t5, 0x6
core   0: 3 0x80009d70 (0x00006f17) x30 0x8000fd70
core   0: 0x80009d74 (0x283f2823) sw      gp, 656(t5)
core   0: 3 0x80009d74 (0x283f2823) mem 0x80010000 0x00000001
core   0: 0x80009d78 (0xff9ff06f) j       pc - 0x8
core   0: 3 0x80009d78 (0xff9ff06f)
core   0: 0x80009d70 (0x00006f17) auipc   t5, 0x6
core   0: 3 0x80009d70 (0x00006f17) x30 0x8000fd70
core   0: 0x80009d74 (0x283f2823) sw      gp, 656(t5)
core   0: 3 0x80009d74 (0x283f2823) mem 0x80010000 0x00000001
core   0: 0x80009d78 (0xff9ff06f) j       pc - 0x8
core   0: 3 0x80009d78 (0xff9ff06f)
core   0: 0x80009d70 (0x00006f17) auipc   t5, 0x6
core   0: 3 0x80009d70 (0x00006f17) x30 0x8000fd70
core   0: 0x80009d74 (0x283f2823) sw      gp, 656(t5)
core   0: 3 0x80009d74 (0x283f2823) mem 0x80010000 0x00000001
core   0: 0x80009d78 (0xff9ff06f) j       pc - 0x8
core   0: 3 0x80009d78 (0xff9ff06f)
core   0: 0x80009d70 (0x00006f17) auipc   t5, 0x6
core   0: 3 0x80009d70 (0x00006f17) x30 0x8000fd70
core   0: 0x80009d74 (0x283f2823) sw      gp, 656(t5)
core   0: 3 0x80009d74 (0x283f2823) mem 0x80010000 0x00000001
core   0: 0x80009d78 (0xff9ff06f) j       pc - 0x8
core   0: 3 0x80009d78 (0xff9ff06f)
core   0: 0x80009d70 (0x00006f17) auipc   t5, 0x6
core   0: 3 0x80009d70 (0x00006f17) x30 0x8000fd70
core   0: 0x80009d74 (0x283f2823) sw      gp, 656(t5)
core   0: 3 0x80009d74 (0x283f2823) mem 0x80010000 0x00000001
core   0: 0x80009d78 (0xff9ff06f) j       pc - 0x8
core   0: 3 0x80009d78 (0xff9ff06f)
core   0: 0x80009d70 (0x00006f17) auipc   t5, 0x6
core   0: 3 0x80009d70 (0x00006f17) x30 0x8000fd70
core   0: 0x80009d74 (0x283f2823) sw      gp, 656(t5)
core   0: 3 0x80009d74 (0x283f2823) mem 0x80010000 0x00000001
core   0: 0x80009d78 (0xff9ff06f) j       pc - 0x8
core   0: 3 0x80009d78 (0xff9ff06f)
core   0: 0x80009d70 (0x00006f17) auipc   t5, 0x6
core   0: 3 0x80009d70 (0x00006f17) x30 0x8000fd70
core   0: 0x80009d74 (0x283f2823) sw      gp, 656(t5)
core   0: 3 0x80009d74 (0x283f2823) mem 0x80010000 0x00000001
core   0: 0x80009d78 (0xff9ff06f) j       pc - 0x8
core   0: 3 0x80009d78 (0xff9ff06f)
core   0: 0x80009d70 (0x00006f17) auipc   t5, 0x6
core   0: 3 0x80009d70 (0x00006f17) x30 0x8000fd70
core   0: 0x80009d74 (0x283f2823) sw      gp, 656(t5)
core   0: 3 0x80009d74 (0x283f2823) mem 0x80010000 0x00000001
core   0: 0x80009d78 (0xff9ff06f) j       pc - 0x8
core   0: 3 0x80009d78 (0xff9ff06f)
core   0: 0x80009d70 (0x00006f17) auipc   t5, 0x6
core   0: 3 0x80009d70 (0x00006f17) x30 0x8000fd70
core   0: 0x80009d74 (0x283f2823) sw      gp, 656(t5)
core   0: 3 0x80009d74 (0x283f2823) mem 0x80010000 0x00000001
core   0: 0x80009d78 (0xff9ff06f) j       pc - 0x8
core   0: 3 0x80009d78 (0xff9ff06f)
core   0: 0x80009d70 (0x00006f17) auipc   t5, 0x6
core   0: 3 0x80009d70 (0x00006f17) x30 0x8000fd70
core   0: 0x80009d74 (0x283f2823) sw      gp, 656(t5)
core   0: 3 0x80009d74 (0x283f2823) mem 0x80010000 0x00000001
core   0: 0x80009d78 (0xff9ff06f) j       pc - 0x8
core   0: 3 0x80009d78 (0xff9ff06f)
core   0: 0x80009d70 (0x00006f17) auipc   t5, 0x6
core   0: 3 0x80009d70 (0x00006f17) x30 0x8000fd70
core   0: 0x80009d74 (0x283f2823) sw      gp, 656(t5)
core   0: 3 0x80009d74 (0x283f2823) mem 0x80010000 0x00000001
core   0: 0x80009d78 (0xff9ff06f) j       pc - 0x8
core   0: 3 0x80009d78 (0xff9ff06f)
core   0: 0x80009d70 (0x00006f17) auipc   t5, 0x6
core   0: 3 0x80009d70 (0x00006f17) x30 0x8000fd70
core   0: 0x80009d74 (0x283f2823) sw      gp, 656(t5)
core   0: 3 0x80009d74 (0x283f2823) mem 0x80010000 0x00000001
core   0: 0x80009d78 (0xff9ff06f) j       pc - 0x8
core   0: 3 0x80009d78 (0xff9ff06f)
core   0: 0x80009d70 (0x00006f17) auipc   t5, 0x6
core   0: 3 0x80009d70 (0x00006f17) x30 0x8000fd70
core   0: 0x80009d74 (0x283f2823) sw      gp, 656(t5)
core   0: 3 0x80009d74 (0x283f2823) mem 0x80010000 0x00000001
core   0: 0x80009d78 (0xff9ff06f) j       pc - 0x8
core   0: 3 0x80009d78 (0xff9ff06f)
core   0: 0x80009d70 (0x00006f17) auipc   t5, 0x6
core   0: 3 0x80009d70 (0x00006f17) x30 0x8000fd70
core   0: 0x80009d74 (0x283f2823) sw      gp, 656(t5)
core   0: 3 0x80009d74 (0x283f2823) mem 0x80010000 0x00000001
core   0: 0x80009d78 (0xff9ff06f) j       pc - 0x8
core   0: 3 0x80009d78 (0xff9ff06f)
core   0: 0x80009d70 (0x00006f17) auipc   t5, 0x6
core   0: 3 0x80009d70 (0x00006f17) x30 0x8000fd70
core   0: 0x80009d74 (0x283f2823) sw      gp, 656(t5)
core   0: 3 0x80009d74 (0x283f2823) mem 0x80010000 0x00000001
core   0: 0x80009d78 (0xff9ff06f) j       pc - 0x8
core   0: 3 0x80009d78 (0xff9ff06f)
core   0: 0x80009d70 (0x00006f17) auipc   t5, 0x6
core   0: 3 0x80009d70 (0x00006f17) x30 0x8000fd70
core   0: 0x80009d74 (0x283f2823) sw      gp, 656(t5)
core   0: 3 0x80009d74 (0x283f2823) mem 0x80010000 0x00000001
core   0: 0x80009d78 (0xff9ff06f) j       pc - 0x8
core   0: 3 0x80009d78 (0xff9ff06f)
core   0: 0x80009d70 (0x00006f17) auipc   t5, 0x6
core   0: 3 0x80009d70 (0x00006f17) x30 0x8000fd70
core   0: 0x80009d74 (0x283f2823) sw      gp, 656(t5)
core   0: 3 0x80009d74 (0x283f2823) mem 0x80010000 0x00000001
core   0: 0x80009d78 (0xff9ff06f) j       pc - 0x8
core   0: 3 0x80009d78 (0xff9ff06f)
core   0: 0x80009d70 (0x00006f17) auipc   t5, 0x6
core   0: 3 0x80009d70 (0x00006f17) x30 0x8000fd70
core   0: 0x80009d74 (0x283f2823) sw      gp, 656(t5)
core   0: 3 0x80009d74 (0x283f2823) mem 0x80010000 0x00000001
core   0: 0x80009d78 (0xff9ff06f) j       pc - 0x8
core   0: 3 0x80009d78 (0xff9ff06f)
core   0: 0x80009d70 (0x00006f17) auipc   t5, 0x6
core   0: 3 0x80009d70 (0x00006f17) x30 0x8000fd70
core   0: 0x80009d74 (0x283f2823) sw      gp, 656(t5)
core   0: 3 0x80009d74 (0x283f2823) mem 0x80010000 0x00000001
core   0: 0x80009d78 (0xff9ff06f) j       pc - 0x8
core   0: 3 0x80009d78 (0xff9ff06f)
core   0: 0x80009d70 (0x00006f17) auipc   t5, 0x6
core   0: 3 0x80009d70 (0x00006f17) x30 0x8000fd70
core   0: 0x80009d74 (0x283f2823) sw      gp, 656(t5)
core   0: 3 0x80009d74 (0x283f2823) mem 0x80010000 0x00000001
core   0: 0x80009d78 (0xff9ff06f) j       pc - 0x8
core   0: 3 0x80009d78 (0xff9ff06f)
core   0: 0x80009d70 (0x00006f17) auipc   t5, 0x6
core   0: 3 0x80009d70 (0x00006f17) x30 0x8000fd70
core   0: 0x80009d74 (0x283f2823) sw      gp, 656(t5)
core   0: 3 0x80009d74 (0x283f2823) mem 0x80010000 0x00000001
core   0: 0x80009d78 (0xff9ff06f) j       pc - 0x8
core   0: 3 0x80009d78 (0xff9ff06f)
core   0: 0x80009d70 (0x00006f17) auipc   t5, 0x6
core   0: 3 0x80009d70 (0x00006f17) x30 0x8000fd70
core   0: 0x80009d74 (0x283f2823) sw      gp, 656(t5)
core   0: 3 0x80009d74 (0x283f2823) mem 0x80010000 0x00000001
core   0: 0x80009d78 (0xff9ff06f) j       pc - 0x8
core   0: 3 0x80009d78 (0xff9ff06f)
core   0: 0x80009d70 (0x00006f17) auipc   t5, 0x6
core   0: 3 0x80009d70 (0x00006f17) x30 0x8000fd70
core   0: 0x80009d74 (0x283f2823) sw      gp, 656(t5)
core   0: 3 0x80009d74 (0x283f2823) mem 0x80010000 0x00000001
core   0: 0x80009d78 (0xff9ff06f) j       pc - 0x8
core   0: 3 0x80009d78 (0xff9ff06f)
core   0: 0x80009d70 (0x00006f17) auipc   t5, 0x6
core   0: 3 0x80009d70 (0x00006f17) x30 0x8000fd70
core   0: 0x80009d74 (0x283f2823) sw      gp, 656(t5)
core   0: 3 0x80009d74 (0x283f2823) mem 0x80010000 0x00000001
core   0: 0x80009d78 (0xff9ff06f) j       pc - 0x8
core   0: 3 0x80009d78 (0xff9ff06f)
core   0: 0x80009d70 (0x00006f17) auipc   t5, 0x6
core   0: 3 0x80009d70 (0x00006f17) x30 0x8000fd70
core   0: 0x80009d74 (0x283f2823) sw      gp, 656(t5)
core   0: 3 0x80009d74 (0x283f2823) mem 0x80010000 0x00000001
core   0: 0x80009d78 (0xff9ff06f) j       pc - 0x8
core   0: 3 0x80009d78 (0xff9ff06f)
core   0: 0x80009d70 (0x00006f17) auipc   t5, 0x6
core   0: 3 0x80009d70 (0x00006f17) x30 0x8000fd70
core   0: 0x80009d74 (0x283f2823) sw      gp, 656(t5)
core   0: 3 0x80009d74 (0x283f2823) mem 0x80010000 0x00000001
core   0: 0x80009d78 (0xff9ff06f) j       pc - 0x8
core   0: 3 0x80009d78 (0xff9ff06f)
core   0: 0x80009d70 (0x00006f17) auipc   t5, 0x6
core   0: 3 0x80009d70 (0x00006f17) x30 0x8000fd70
core   0: 0x80009d74 (0x283f2823) sw      gp, 656(t5)
core   0: 3 0x80009d74 (0x283f2823) mem 0x80010000 0x00000001
core   0: 0x80009d78 (0xff9ff06f) j       pc - 0x8
core   0: 3 0x80009d78 (0xff9ff06f)
core   0: 0x80009d70 (0x00006f17) auipc   t5, 0x6
core   0: 3 0x80009d70 (0x00006f17) x30 0x8000fd70
core   0: 0x80009d74 (0x283f2823) sw      gp, 656(t5)
core   0: 3 0x80009d74 (0x283f2823) mem 0x80010000 0x00000001
core   0: 0x80009d78 (0xff9ff06f) j       pc - 0x8
core   0: 3 0x80009d78 (0xff9ff06f)
core   0: 0x80009d70 (0x00006f17) auipc   t5, 0x6
core   0: 3 0x80009d70 (0x00006f17) x30 0x8000fd70
core   0: 0x80009d74 (0x283f2823) sw      gp, 656(t5)
core   0: 3 0x80009d74 (0x283f2823) mem 0x80010000 0x00000001
core   0: 0x80009d78 (0xff9ff06f) j       pc - 0x8
core   0: 3 0x80009d78 (0xff9ff06f)
core   0: 0x80009d70 (0x00006f17) auipc   t5, 0x6
core   0: 3 0x80009d70 (0x00006f17) x30 0x8000fd70
core   0: 0x80009d74 (0x283f2823) sw      gp, 656(t5)
core   0: 3 0x80009d74 (0x283f2823) mem 0x80010000 0x00000001
core   0: 0x80009d78 (0xff9ff06f) j       pc - 0x8
core   0: 3 0x80009d78 (0xff9ff06f)
core   0: 0x80009d70 (0x00006f17) auipc   t5, 0x6
core   0: 3 0x80009d70 (0x00006f17) x30 0x8000fd70
core   0: 0x80009d74 (0x283f2823) sw      gp, 656(t5)
core   0: 3 0x80009d74 (0x283f2823) mem 0x80010000 0x00000001
core   0: 0x80009d78 (0xff9ff06f) j       pc - 0x8
core   0: 3 0x80009d78 (0xff9ff06f)
core   0: 0x80009d70 (0x00006f17) auipc   t5, 0x6
core   0: 3 0x80009d70 (0x00006f17) x30 0x8000fd70
core   0: 0x80009d74 (0x283f2823) sw      gp, 656(t5)
core   0: 3 0x80009d74 (0x283f2823) mem 0x80010000 0x00000001
core   0: 0x80009d78 (0xff9ff06f) j       pc - 0x8
core   0: 3 0x80009d78 (0xff9ff06f)
core   0: 0x80009d70 (0x00006f17) auipc   t5, 0x6
core   0: 3 0x80009d70 (0x00006f17) x30 0x8000fd70
core   0: 0x80009d74 (0x283f2823) sw      gp, 656(t5)
core   0: 3 0x80009d74 (0x283f2823) mem 0x80010000 0x00000001
core   0: 0x80009d78 (0xff9ff06f) j       pc - 0x8
core   0: 3 0x80009d78 (0xff9ff06f)
core   0: 0x80009d70 (0x00006f17) auipc   t5, 0x6
core   0: 3 0x80009d70 (0x00006f17) x30 0x8000fd70
core   0: 0x80009d74 (0x283f2823) sw      gp, 656(t5)
core   0: 3 0x80009d74 (0x283f2823) mem 0x80010000 0x00000001
core   0: 0x80009d78 (0xff9ff06f) j       pc - 0x8
core   0: 3 0x80009d78 (0xff9ff06f)
core   0: 0x80009d70 (0x00006f17) auipc   t5, 0x6
core   0: 3 0x80009d70 (0x00006f17) x30 0x8000fd70
core   0: 0x80009d74 (0x283f2823) sw      gp, 656(t5)
core   0: 3 0x80009d74 (0x283f2823) mem 0x80010000 0x00000001
core   0: 0x80009d78 (0xff9ff06f) j       pc - 0x8
core   0: 3 0x80009d78 (0xff9ff06f)
core   0: 0x80009d70 (0x00006f17) auipc   t5, 0x6
core   0: 3 0x80009d70 (0x00006f17) x30 0x8000fd70
core   0: 0x80009d74 (0x283f2823) sw      gp, 656(t5)
core   0: 3 0x80009d74 (0x283f2823) mem 0x80010000 0x00000001
core   0: 0x80009d78 (0xff9ff06f) j       pc - 0x8
core   0: 3 0x80009d78 (0xff9ff06f)
core   0: 0x80009d70 (0x00006f17) auipc   t5, 0x6
core   0: 3 0x80009d70 (0x00006f17) x30 0x8000fd70
core   0: 0x80009d74 (0x283f2823) sw      gp, 656(t5)
core   0: 3 0x80009d74 (0x283f2823) mem 0x80010000 0x00000001
core   0: 0x80009d78 (0xff9ff06f) j       pc - 0x8
core   0: 3 0x80009d78 (0xff9ff06f)
core   0: 0x80009d70 (0x00006f17) auipc   t5, 0x6
core   0: 3 0x80009d70 (0x00006f17) x30 0x8000fd70
core   0: 0x80009d74 (0x283f2823) sw      gp, 656(t5)
core   0: 3 0x80009d74 (0x283f2823) mem 0x80010000 0x00000001
core   0: 0x80009d78 (0xff9ff06f) j       pc - 0x8
core   0: 3 0x80009d78 (0xff9ff06f)
core   0: 0x80009d70 (0x00006f17) auipc   t5, 0x6
core   0: 3 0x80009d70 (0x00006f17) x30 0x8000fd70
core   0: 0x80009d74 (0x283f2823) sw      gp, 656(t5)
core   0: 3 0x80009d74 (0x283f2823) mem 0x80010000 0x00000001
core   0: 0x80009d78 (0xff9ff06f) j       pc - 0x8
core   0: 3 0x80009d78 (0xff9ff06f)
core   0: 0x80009d70 (0x00006f17) auipc   t5, 0x6
core   0: 3 0x80009d70 (0x00006f17) x30 0x8000fd70
core   0: 0x80009d74 (0x283f2823) sw      gp, 656(t5)
core   0: 3 0x80009d74 (0x283f2823) mem 0x80010000 0x00000001
core   0: 0x80009d78 (0xff9ff06f) j       pc - 0x8
core   0: 3 0x80009d78 (0xff9ff06f)
core   0: 0x80009d70 (0x00006f17) auipc   t5, 0x6
core   0: 3 0x80009d70 (0x00006f17) x30 0x8000fd70
core   0: 0x80009d74 (0x283f2823) sw      gp, 656(t5)
core   0: 3 0x80009d74 (0x283f2823) mem 0x80010000 0x00000001
core   0: 0x80009d78 (0xff9ff06f) j       pc - 0x8
core   0: 3 0x80009d78 (0xff9ff06f)
core   0: 0x80009d70 (0x00006f17) auipc   t5, 0x6
core   0: 3 0x80009d70 (0x00006f17) x30 0x8000fd70
core   0: 0x80009d74 (0x283f2823) sw      gp, 656(t5)
core   0: 3 0x80009d74 (0x283f2823) mem 0x80010000 0x00000001
core   0: 0x80009d78 (0xff9ff06f) j       pc - 0x8
core   0: 3 0x80009d78 (0xff9ff06f)
core   0: 0x80009d70 (0x00006f17) auipc   t5, 0x6
core   0: 3 0x80009d70 (0x00006f17) x30 0x8000fd70
core   0: 0x80009d74 (0x283f2823) sw      gp, 656(t5)
core   0: 3 0x80009d74 (0x283f2823) mem 0x80010000 0x00000001
core   0: 0x80009d78 (0xff9ff06f) j       pc - 0x8
core   0: 3 0x80009d78 (0xff9ff06f)
core   0: 0x80009d70 (0x00006f17) auipc   t5, 0x6
core   0: 3 0x80009d70 (0x00006f17) x30 0x8000fd70
core   0: 0x80009d74 (0x283f2823) sw      gp, 656(t5)
core   0: 3 0x80009d74 (0x283f2823) mem 0x80010000 0x00000001
core   0: 0x80009d78 (0xff9ff06f) j       pc - 0x8
core   0: 3 0x80009d78 (0xff9ff06f)
core   0: 0x80009d70 (0x00006f17) auipc   t5, 0x6
core   0: 3 0x80009d70 (0x00006f17) x30 0x8000fd70
core   0: 0x80009d74 (0x283f2823) sw      gp, 656(t5)
core   0: 3 0x80009d74 (0x283f2823) mem 0x80010000 0x00000001
core   0: 0x80009d78 (0xff9ff06f) j       pc - 0x8
core   0: 3 0x80009d78 (0xff9ff06f)
core   0: 0x80009d70 (0x00006f17) auipc   t5, 0x6
core   0: 3 0x80009d70 (0x00006f17) x30 0x8000fd70
core   0: 0x80009d74 (0x283f2823) sw      gp, 656(t5)
core   0: 3 0x80009d74 (0x283f2823) mem 0x80010000 0x00000001
core   0: 0x80009d78 (0xff9ff06f) j       pc - 0x8
core   0: 3 0x80009d78 (0xff9ff06f)
core   0: 0x80009d70 (0x00006f17) auipc   t5, 0x6
core   0: 3 0x80009d70 (0x00006f17) x30 0x8000fd70
core   0: 0x80009d74 (0x283f2823) sw      gp, 656(t5)
core   0: 3 0x80009d74 (0x283f2823) mem 0x80010000 0x00000001
core   0: 0x80009d78 (0xff9ff06f) j       pc - 0x8
core   0: 3 0x80009d78 (0xff9ff06f)
core   0: 0x80009d70 (0x00006f17) auipc   t5, 0x6
core   0: 3 0x80009d70 (0x00006f17) x30 0x8000fd70
core   0: 0x80009d74 (0x283f2823) sw      gp, 656(t5)
core   0: 3 0x80009d74 (0x283f2823) mem 0x80010000 0x00000001
core   0: 0x80009d78 (0xff9ff06f) j       pc - 0x8
core   0: 3 0x80009d78 (0xff9ff06f)
core   0: 0x80009d70 (0x00006f17) auipc   t5, 0x6
core   0: 3 0x80009d70 (0x00006f17) x30 0x8000fd70
core   0: 0x80009d74 (0x283f2823) sw      gp, 656(t5)
core   0: 3 0x80009d74 (0x283f2823) mem 0x80010000 0x00000001
core   0: 0x80009d78 (0xff9ff06f) j       pc - 0x8
core   0: 3 0x80009d78 (0xff9ff06f)
core   0: 0x80009d70 (0x00006f17) auipc   t5, 0x6
core   0: 3 0x80009d70 (0x00006f17) x30 0x8000fd70
core   0: 0x80009d74 (0x283f2823) sw      gp, 656(t5)
core   0: 3 0x80009d74 (0x283f2823) mem 0x80010000 0x00000001
core   0: 0x80009d78 (0xff9ff06f) j       pc - 0x8
core   0: 3 0x80009d78 (0xff9ff06f)
core   0: 0x80009d70 (0x00006f17) auipc   t5, 0x6
core   0: 3 0x80009d70 (0x00006f17) x30 0x8000fd70
core   0: 0x80009d74 (0x283f2823) sw      gp, 656(t5)
core   0: 3 0x80009d74 (0x283f2823) mem 0x80010000 0x00000001
core   0: 0x80009d78 (0xff9ff06f) j       pc - 0x8
core   0: 3 0x80009d78 (0xff9ff06f)
core   0: 0x80009d70 (0x00006f17) auipc   t5, 0x6
core   0: 3 0x80009d70 (0x00006f17) x30 0x8000fd70
core   0: 0x80009d74 (0x283f2823) sw      gp, 656(t5)
core   0: 3 0x80009d74 (0x283f2823) mem 0x80010000 0x00000001
core   0: 0x80009d78 (0xff9ff06f) j       pc - 0x8
core   0: 3 0x80009d78 (0xff9ff06f)
core   0: 0x80009d70 (0x00006f17) auipc   t5, 0x6
core   0: 3 0x80009d70 (0x00006f17) x30 0x8000fd70
core   0: 0x80009d74 (0x283f2823) sw      gp, 656(t5)
core   0: 3 0x80009d74 (0x283f2823) mem 0x80010000 0x00000001
core   0: 0x80009d78 (0xff9ff06f) j       pc - 0x8
core   0: 3 0x80009d78 (0xff9ff06f)
core   0: 0x80009d70 (0x00006f17) auipc   t5, 0x6
core   0: 3 0x80009d70 (0x00006f17) x30 0x8000fd70
core   0: 0x80009d74 (0x283f2823) sw      gp, 656(t5)
core   0: 3 0x80009d74 (0x283f2823) mem 0x80010000 0x00000001
core   0: 0x80009d78 (0xff9ff06f) j       pc - 0x8
core   0: 3 0x80009d78 (0xff9ff06f)
core   0: 0x80009d70 (0x00006f17) auipc   t5, 0x6
core   0: 3 0x80009d70 (0x00006f17) x30 0x8000fd70
core   0: 0x80009d74 (0x283f2823) sw      gp, 656(t5)
core   0: 3 0x80009d74 (0x283f2823) mem 0x80010000 0x00000001
core   0: 0x80009d78 (0xff9ff06f) j       pc - 0x8
core   0: 3 0x80009d78 (0xff9ff06f)
core   0: 0x80009d70 (0x00006f17) auipc   t5, 0x6
core   0: 3 0x80009d70 (0x00006f17) x30 0x8000fd70
core   0: 0x80009d74 (0x283f2823) sw      gp, 656(t5)
core   0: 3 0x80009d74 (0x283f2823) mem 0x80010000 0x00000001
core   0: 0x80009d78 (0xff9ff06f) j       pc - 0x8
core   0: 3 0x80009d78 (0xff9ff06f)
core   0: 0x80009d70 (0x00006f17) auipc   t5, 0x6
core   0: 3 0x80009d70 (0x00006f17) x30 0x8000fd70
core   0: 0x80009d74 (0x283f2823) sw      gp, 656(t5)
core   0: 3 0x80009d74 (0x283f2823) mem 0x80010000 0x00000001
core   0: 0x80009d78 (0xff9ff06f) j       pc - 0x8
core   0: 3 0x80009d78 (0xff9ff06f)
core   0: 0x80009d70 (0x00006f17) auipc   t5, 0x6
core   0: 3 0x80009d70 (0x00006f17) x30 0x8000fd70
core   0: 0x80009d74 (0x283f2823) sw      gp, 656(t5)
core   0: 3 0x80009d74 (0x283f2823) mem 0x80010000 0x00000001
core   0: 0x80009d78 (0xff9ff06f) j       pc - 0x8
core   0: 3 0x80009d78 (0xff9ff06f)
core   0: 0x80009d70 (0x00006f17) auipc   t5, 0x6
core   0: 3 0x80009d70 (0x00006f17) x30 0x8000fd70
core   0: 0x80009d74 (0x283f2823) sw      gp, 656(t5)
core   0: 3 0x80009d74 (0x283f2823) mem 0x80010000 0x00000001
core   0: 0x80009d78 (0xff9ff06f) j       pc - 0x8
core   0: 3 0x80009d78 (0xff9ff06f)
core   0: 0x80009d70 (0x00006f17) auipc   t5, 0x6
core   0: 3 0x80009d70 (0x00006f17) x30 0x8000fd70
core   0: 0x80009d74 (0x283f2823) sw      gp, 656(t5)
core   0: 3 0x80009d74 (0x283f2823) mem 0x80010000 0x00000001
core   0: 0x80009d78 (0xff9ff06f) j       pc - 0x8
core   0: 3 0x80009d78 (0xff9ff06f)
core   0: 0x80009d70 (0x00006f17) auipc   t5, 0x6
core   0: 3 0x80009d70 (0x00006f17) x30 0x8000fd70
core   0: 0x80009d74 (0x283f2823) sw      gp, 656(t5)
core   0: 3 0x80009d74 (0x283f2823) mem 0x80010000 0x00000001
core   0: 0x80009d78 (0xff9ff06f) j       pc - 0x8
core   0: 3 0x80009d78 (0xff9ff06f)
core   0: 0x80009d70 (0x00006f17) auipc   t5, 0x6
core   0: 3 0x80009d70 (0x00006f17) x30 0x8000fd70
core   0: 0x80009d74 (0x283f2823) sw      gp, 656(t5)
core   0: 3 0x80009d74 (0x283f2823) mem 0x80010000 0x00000001
core   0: 0x80009d78 (0xff9ff06f) j       pc - 0x8
core   0: 3 0x80009d78 (0xff9ff06f)
core   0: 0x80009d70 (0x00006f17) auipc   t5, 0x6
core   0: 3 0x80009d70 (0x00006f17) x30 0x8000fd70
core   0: 0x80009d74 (0x283f2823) sw      gp, 656(t5)
core   0: 3 0x80009d74 (0x283f2823) mem 0x80010000 0x00000001
core   0: 0x80009d78 (0xff9ff06f) j       pc - 0x8
core   0: 3 0x80009d78 (0xff9ff06f)
core   0: 0x80009d70 (0x00006f17) auipc   t5, 0x6
core   0: 3 0x80009d70 (0x00006f17) x30 0x8000fd70
core   0: 0x80009d74 (0x283f2823) sw      gp, 656(t5)
core   0: 3 0x80009d74 (0x283f2823) mem 0x80010000 0x00000001
core   0: 0x80009d78 (0xff9ff06f) j       pc - 0x8
core   0: 3 0x80009d78 (0xff9ff06f)
core   0: 0x80009d70 (0x00006f17) auipc   t5, 0x6
core   0: 3 0x80009d70 (0x00006f17) x30 0x8000fd70
core   0: 0x80009d74 (0x283f2823) sw      gp, 656(t5)
core   0: 3 0x80009d74 (0x283f2823) mem 0x80010000 0x00000001
core   0: 0x80009d78 (0xff9ff06f) j       pc - 0x8
core   0: 3 0x80009d78 (0xff9ff06f)
core   0: 0x80009d70 (0x00006f17) auipc   t5, 0x6
core   0: 3 0x80009d70 (0x00006f17) x30 0x8000fd70
core   0: 0x80009d74 (0x283f2823) sw      gp, 656(t5)
core   0: 3 0x80009d74 (0x283f2823) mem 0x80010000 0x00000001
core   0: 0x80009d78 (0xff9ff06f) j       pc - 0x8
core   0: 3 0x80009d78 (0xff9ff06f)
core   0: 0x80009d70 (0x00006f17) auipc   t5, 0x6
core   0: 3 0x80009d70 (0x00006f17) x30 0x8000fd70
core   0: 0x80009d74 (0x283f2823) sw      gp, 656(t5)
core   0: 3 0x80009d74 (0x283f2823) mem 0x80010000 0x00000001
core   0: 0x80009d78 (0xff9ff06f) j       pc - 0x8
core   0: 3 0x80009d78 (0xff9ff06f)
core   0: 0x80009d70 (0x00006f17) auipc   t5, 0x6
core   0: 3 0x80009d70 (0x00006f17) x30 0x8000fd70
core   0: 0x80009d74 (0x283f2823) sw      gp, 656(t5)
core   0: 3 0x80009d74 (0x283f2823) mem 0x80010000 0x00000001
core   0: 0x80009d78 (0xff9ff06f) j       pc - 0x8
core   0: 3 0x80009d78 (0xff9ff06f)
core   0: 0x80009d70 (0x00006f17) auipc   t5, 0x6
core   0: 3 0x80009d70 (0x00006f17) x30 0x8000fd70
core   0: 0x80009d74 (0x283f2823) sw      gp, 656(t5)
core   0: 3 0x80009d74 (0x283f2823) mem 0x80010000 0x00000001
core   0: 0x80009d78 (0xff9ff06f) j       pc - 0x8
core   0: 3 0x80009d78 (0xff9ff06f)
core   0: 0x80009d70 (0x00006f17) auipc   t5, 0x6
core   0: 3 0x80009d70 (0x00006f17) x30 0x8000fd70
core   0: 0x80009d74 (0x283f2823) sw      gp, 656(t5)
core   0: 3 0x80009d74 (0x283f2823) mem 0x80010000 0x00000001
core   0: 0x80009d78 (0xff9ff06f) j       pc - 0x8
core   0: 3 0x80009d78 (0xff9ff06f)
core   0: 0x80009d70 (0x00006f17) auipc   t5, 0x6
core   0: 3 0x80009d70 (0x00006f17) x30 0x8000fd70
core   0: 0x80009d74 (0x283f2823) sw      gp, 656(t5)
core   0: 3 0x80009d74 (0x283f2823) mem 0x80010000 0x00000001
core   0: 0x80009d78 (0xff9ff06f) j       pc - 0x8
core   0: 3 0x80009d78 (0xff9ff06f)
core   0: 0x80009d70 (0x00006f17) auipc   t5, 0x6
core   0: 3 0x80009d70 (0x00006f17) x30 0x8000fd70
core   0: 0x80009d74 (0x283f2823) sw      gp, 656(t5)
core   0: 3 0x80009d74 (0x283f2823) mem 0x80010000 0x00000001
core   0: 0x80009d78 (0xff9ff06f) j       pc - 0x8
core   0: 3 0x80009d78 (0xff9ff06f)
core   0: 0x80009d70 (0x00006f17) auipc   t5, 0x6
core   0: 3 0x80009d70 (0x00006f17) x30 0x8000fd70
core   0: 0x80009d74 (0x283f2823) sw      gp, 656(t5)
core   0: 3 0x80009d74 (0x283f2823) mem 0x80010000 0x00000001
core   0: 0x80009d78 (0xff9ff06f) j       pc - 0x8
core   0: 3 0x80009d78 (0xff9ff06f)
core   0: 0x80009d70 (0x00006f17) auipc   t5, 0x6
core   0: 3 0x80009d70 (0x00006f17) x30 0x8000fd70
core   0: 0x80009d74 (0x283f2823) sw      gp, 656(t5)
core   0: 3 0x80009d74 (0x283f2823) mem 0x80010000 0x00000001
core   0: 0x80009d78 (0xff9ff06f) j       pc - 0x8
core   0: 3 0x80009d78 (0xff9ff06f)
core   0: 0x80009d70 (0x00006f17) auipc   t5, 0x6
core   0: 3 0x80009d70 (0x00006f17) x30 0x8000fd70
core   0: 0x80009d74 (0x283f2823) sw      gp, 656(t5)
core   0: 3 0x80009d74 (0x283f2823) mem 0x80010000 0x00000001
core   0: 0x80009d78 (0xff9ff06f) j       pc - 0x8
core   0: 3 0x80009d78 (0xff9ff06f)
core   0: 0x80009d70 (0x00006f17) auipc   t5, 0x6
core   0: 3 0x80009d70 (0x00006f17) x30 0x8000fd70
core   0: 0x80009d74 (0x283f2823) sw      gp, 656(t5)
core   0: 3 0x80009d74 (0x283f2823) mem 0x80010000 0x00000001
core   0: 0x80009d78 (0xff9ff06f) j       pc - 0x8
core   0: 3 0x80009d78 (0xff9ff06f)
core   0: 0x80009d70 (0x00006f17) auipc   t5, 0x6
core   0: 3 0x80009d70 (0x00006f17) x30 0x8000fd70
core   0: 0x80009d74 (0x283f2823) sw      gp, 656(t5)
core   0: 3 0x80009d74 (0x283f2823) mem 0x80010000 0x00000001
core   0: 0x80009d78 (0xff9ff06f) j       pc - 0x8
core   0: 3 0x80009d78 (0xff9ff06f)
core   0: 0x80009d70 (0x00006f17) auipc   t5, 0x6
core   0: 3 0x80009d70 (0x00006f17) x30 0x8000fd70
core   0: 0x80009d74 (0x283f2823) sw      gp, 656(t5)
core   0: 3 0x80009d74 (0x283f2823) mem 0x80010000 0x00000001
core   0: 0x80009d78 (0xff9ff06f) j       pc - 0x8
core   0: 3 0x80009d78 (0xff9ff06f)
core   0: 0x80009d70 (0x00006f17) auipc   t5, 0x6
core   0: 3 0x80009d70 (0x00006f17) x30 0x8000fd70
core   0: 0x80009d74 (0x283f2823) sw      gp, 656(t5)
core   0: 3 0x80009d74 (0x283f2823) mem 0x80010000 0x00000001
core   0: 0x80009d78 (0xff9ff06f) j       pc - 0x8
core   0: 3 0x80009d78 (0xff9ff06f)
core   0: 0x80009d70 (0x00006f17) auipc   t5, 0x6
core   0: 3 0x80009d70 (0x00006f17) x30 0x8000fd70
core   0: 0x80009d74 (0x283f2823) sw      gp, 656(t5)
core   0: 3 0x80009d74 (0x283f2823) mem 0x80010000 0x00000001
core   0: 0x80009d78 (0xff9ff06f) j       pc - 0x8
core   0: 3 0x80009d78 (0xff9ff06f)
core   0: 0x80009d70 (0x00006f17) auipc   t5, 0x6
core   0: 3 0x80009d70 (0x00006f17) x30 0x8000fd70
core   0: 0x80009d74 (0x283f2823) sw      gp, 656(t5)
core   0: 3 0x80009d74 (0x283f2823) mem 0x80010000 0x00000001
core   0: 0x80009d78 (0xff9ff06f) j       pc - 0x8
core   0: 3 0x80009d78 (0xff9ff06f)
core   0: 0x80009d70 (0x00006f17) auipc   t5, 0x6
core   0: 3 0x80009d70 (0x00006f17) x30 0x8000fd70
core   0: 0x80009d74 (0x283f2823) sw      gp, 656(t5)
core   0: 3 0x80009d74 (0x283f2823) mem 0x80010000 0x00000001
core   0: 0x80009d78 (0xff9ff06f) j       pc - 0x8
core   0: 3 0x80009d78 (0xff9ff06f)
core   0: 0x80009d70 (0x00006f17) auipc   t5, 0x6
core   0: 3 0x80009d70 (0x00006f17) x30 0x8000fd70
core   0: 0x80009d74 (0x283f2823) sw      gp, 656(t5)
core   0: 3 0x80009d74 (0x283f2823) mem 0x80010000 0x00000001
core   0: 0x80009d78 (0xff9ff06f) j       pc - 0x8
core   0: 3 0x80009d78 (0xff9ff06f)
core   0: 0x80009d70 (0x00006f17) auipc   t5, 0x6
core   0: 3 0x80009d70 (0x00006f17) x30 0x8000fd70
core   0: 0x80009d74 (0x283f2823) sw      gp, 656(t5)
core   0: 3 0x80009d74 (0x283f2823) mem 0x80010000 0x00000001
core   0: 0x80009d78 (0xff9ff06f) j       pc - 0x8
core   0: 3 0x80009d78 (0xff9ff06f)
core   0: 0x80009d70 (0x00006f17) auipc   t5, 0x6
core   0: 3 0x80009d70 (0x00006f17) x30 0x8000fd70
core   0: 0x80009d74 (0x283f2823) sw      gp, 656(t5)
core   0: 3 0x80009d74 (0x283f2823) mem 0x80010000 0x00000001
core   0: 0x80009d78 (0xff9ff06f) j       pc - 0x8
core   0: 3 0x80009d78 (0xff9ff06f)
core   0: 0x80009d70 (0x00006f17) auipc   t5, 0x6
core   0: 3 0x80009d70 (0x00006f17) x30 0x8000fd70
core   0: 0x80009d74 (0x283f2823) sw      gp, 656(t5)
core   0: 3 0x80009d74 (0x283f2823) mem 0x80010000 0x00000001
core   0: 0x80009d78 (0xff9ff06f) j       pc - 0x8
core   0: 3 0x80009d78 (0xff9ff06f)
core   0: 0x80009d70 (0x00006f17) auipc   t5, 0x6
core   0: 3 0x80009d70 (0x00006f17) x30 0x8000fd70
core   0: 0x80009d74 (0x283f2823) sw      gp, 656(t5)
core   0: 3 0x80009d74 (0x283f2823) mem 0x80010000 0x00000001
core   0: 0x80009d78 (0xff9ff06f) j       pc - 0x8
core   0: 3 0x80009d78 (0xff9ff06f)
core   0: 0x80009d70 (0x00006f17) auipc   t5, 0x6
core   0: 3 0x80009d70 (0x00006f17) x30 0x8000fd70
core   0: 0x80009d74 (0x283f2823) sw      gp, 656(t5)
core   0: 3 0x80009d74 (0x283f2823) mem 0x80010000 0x00000001
core   0: 0x80009d78 (0xff9ff06f) j       pc - 0x8
core   0: 3 0x80009d78 (0xff9ff06f)
core   0: 0x80009d70 (0x00006f17) auipc   t5, 0x6
core   0: 3 0x80009d70 (0x00006f17) x30 0x8000fd70
core   0: 0x80009d74 (0x283f2823) sw      gp, 656(t5)
core   0: 3 0x80009d74 (0x283f2823) mem 0x80010000 0x00000001
core   0: 0x80009d78 (0xff9ff06f) j       pc - 0x8
core   0: 3 0x80009d78 (0xff9ff06f)
core   0: 0x80009d70 (0x00006f17) auipc   t5, 0x6
core   0: 3 0x80009d70 (0x00006f17) x30 0x8000fd70
core   0: 0x80009d74 (0x283f2823) sw      gp, 656(t5)
core   0: 3 0x80009d74 (0x283f2823) mem 0x80010000 0x00000001
core   0: 0x80009d78 (0xff9ff06f) j       pc - 0x8
core   0: 3 0x80009d78 (0xff9ff06f)
core   0: 0x80009d70 (0x00006f17) auipc   t5, 0x6
core   0: 3 0x80009d70 (0x00006f17) x30 0x8000fd70
core   0: 0x80009d74 (0x283f2823) sw      gp, 656(t5)
core   0: 3 0x80009d74 (0x283f2823) mem 0x80010000 0x00000001
core   0: 0x80009d78 (0xff9ff06f) j       pc - 0x8
core   0: 3 0x80009d78 (0xff9ff06f)
core   0: 0x80009d70 (0x00006f17) auipc   t5, 0x6
core   0: 3 0x80009d70 (0x00006f17) x30 0x8000fd70
core   0: 0x80009d74 (0x283f2823) sw      gp, 656(t5)
core   0: 3 0x80009d74 (0x283f2823) mem 0x80010000 0x00000001
core   0: 0x80009d78 (0xff9ff06f) j       pc - 0x8
core   0: 3 0x80009d78 (0xff9ff06f)
core   0: 0x80009d70 (0x00006f17) auipc   t5, 0x6
core   0: 3 0x80009d70 (0x00006f17) x30 0x8000fd70
core   0: 0x80009d74 (0x283f2823) sw      gp, 656(t5)
core   0: 3 0x80009d74 (0x283f2823) mem 0x80010000 0x00000001
core   0: 0x80009d78 (0xff9ff06f) j       pc - 0x8
core   0: 3 0x80009d78 (0xff9ff06f)
core   0: 0x80009d70 (0x00006f17) auipc   t5, 0x6
core   0: 3 0x80009d70 (0x00006f17) x30 0x8000fd70
core   0: 0x80009d74 (0x283f2823) sw      gp, 656(t5)
core   0: 3 0x80009d74 (0x283f2823) mem 0x80010000 0x00000001
core   0: 0x80009d78 (0xff9ff06f) j       pc - 0x8
core   0: 3 0x80009d78 (0xff9ff06f)
core   0: 0x80009d70 (0x00006f17) auipc   t5, 0x6
core   0: 3 0x80009d70 (0x00006f17) x30 0x8000fd70
core   0: 0x80009d74 (0x283f2823) sw      gp, 656(t5)
core   0: 3 0x80009d74 (0x283f2823) mem 0x80010000 0x00000001
core   0: 0x80009d78 (0xff9ff06f) j       pc - 0x8
core   0: 3 0x80009d78 (0xff9ff06f)
core   0: 0x80009d70 (0x00006f17) auipc   t5, 0x6
core   0: 3 0x80009d70 (0x00006f17) x30 0x8000fd70
core   0: 0x80009d74 (0x283f2823) sw      gp, 656(t5)
core   0: 3 0x80009d74 (0x283f2823) mem 0x80010000 0x00000001
core   0: 0x80009d78 (0xff9ff06f) j       pc - 0x8
core   0: 3 0x80009d78 (0xff9ff06f)
core   0: 0x80009d70 (0x00006f17) auipc   t5, 0x6
core   0: 3 0x80009d70 (0x00006f17) x30 0x8000fd70
core   0: 0x80009d74 (0x283f2823) sw      gp, 656(t5)
core   0: 3 0x80009d74 (0x283f2823) mem 0x80010000 0x00000001
core   0: 0x80009d78 (0xff9ff06f) j       pc - 0x8
core   0: 3 0x80009d78 (0xff9ff06f)
core   0: 0x80009d70 (0x00006f17) auipc   t5, 0x6
core   0: 3 0x80009d70 (0x00006f17) x30 0x8000fd70
core   0: 0x80009d74 (0x283f2823) sw      gp, 656(t5)
core   0: 3 0x80009d74 (0x283f2823) mem 0x80010000 0x00000001
core   0: 0x80009d78 (0xff9ff06f) j       pc - 0x8
core   0: 3 0x80009d78 (0xff9ff06f)
core   0: 0x80009d70 (0x00006f17) auipc   t5, 0x6
core   0: 3 0x80009d70 (0x00006f17) x30 0x8000fd70
core   0: 0x80009d74 (0x283f2823) sw      gp, 656(t5)
core   0: 3 0x80009d74 (0x283f2823) mem 0x80010000 0x00000001
core   0: 0x80009d78 (0xff9ff06f) j       pc - 0x8
core   0: 3 0x80009d78 (0xff9ff06f)
core   0: 0x80009d70 (0x00006f17) auipc   t5, 0x6
core   0: 3 0x80009d70 (0x00006f17) x30 0x8000fd70
core   0: 0x80009d74 (0x283f2823) sw      gp, 656(t5)
core   0: 3 0x80009d74 (0x283f2823) mem 0x80010000 0x00000001
core   0: 0x80009d78 (0xff9ff06f) j       pc - 0x8
core   0: 3 0x80009d78 (0xff9ff06f)
core   0: 0x80009d70 (0x00006f17) auipc   t5, 0x6
core   0: 3 0x80009d70 (0x00006f17) x30 0x8000fd70
core   0: 0x80009d74 (0x283f2823) sw      gp, 656(t5)
core   0: 3 0x80009d74 (0x283f2823) mem 0x80010000 0x00000001
core   0: 0x80009d78 (0xff9ff06f) j       pc - 0x8
core   0: 3 0x80009d78 (0xff9ff06f)
core   0: 0x80009d70 (0x00006f17) auipc   t5, 0x6
core   0: 3 0x80009d70 (0x00006f17) x30 0x8000fd70
core   0: 0x80009d74 (0x283f2823) sw      gp, 656(t5)
core   0: 3 0x80009d74 (0x283f2823) mem 0x80010000 0x00000001
core   0: 0x80009d78 (0xff9ff06f) j       pc - 0x8
core   0: 3 0x80009d78 (0xff9ff06f)
core   0: 0x80009d70 (0x00006f17) auipc   t5, 0x6
core   0: 3 0x80009d70 (0x00006f17) x30 0x8000fd70
core   0: 0x80009d74 (0x283f2823) sw      gp, 656(t5)
core   0: 3 0x80009d74 (0x283f2823) mem 0x80010000 0x00000001
core   0: 0x80009d78 (0xff9ff06f) j       pc - 0x8
core   0: 3 0x80009d78 (0xff9ff06f)
core   0: 0x80009d70 (0x00006f17) auipc   t5, 0x6
core   0: 3 0x80009d70 (0x00006f17) x30 0x8000fd70
core   0: 0x80009d74 (0x283f2823) sw      gp, 656(t5)
core   0: 3 0x80009d74 (0x283f2823) mem 0x80010000 0x00000001
core   0: 0x80009d78 (0xff9ff06f) j       pc - 0x8
core   0: 3 0x80009d78 (0xff9ff06f)
core   0: 0x80009d70 (0x00006f17) auipc   t5, 0x6
core   0: 3 0x80009d70 (0x00006f17) x30 0x8000fd70
core   0: 0x80009d74 (0x283f2823) sw      gp, 656(t5)
core   0: 3 0x80009d74 (0x283f2823) mem 0x80010000 0x00000001
core   0: 0x80009d78 (0xff9ff06f) j       pc - 0x8
core   0: 3 0x80009d78 (0xff9ff06f)
core   0: 0x80009d70 (0x00006f17) auipc   t5, 0x6
core   0: 3 0x80009d70 (0x00006f17) x30 0x8000fd70
core   0: 0x80009d74 (0x283f2823) sw      gp, 656(t5)
core   0: 3 0x80009d74 (0x283f2823) mem 0x80010000 0x00000001
core   0: 0x80009d78 (0xff9ff06f) j       pc - 0x8
core   0: 3 0x80009d78 (0xff9ff06f)
core   0: 0x80009d70 (0x00006f17) auipc   t5, 0x6
core   0: 3 0x80009d70 (0x00006f17) x30 0x8000fd70
core   0: 0x80009d74 (0x283f2823) sw      gp, 656(t5)
core   0: 3 0x80009d74 (0x283f2823) mem 0x80010000 0x00000001
core   0: 0x80009d78 (0xff9ff06f) j       pc - 0x8
core   0: 3 0x80009d78 (0xff9ff06f)
core   0: 0x80009d70 (0x00006f17) auipc   t5, 0x6
core   0: 3 0x80009d70 (0x00006f17) x30 0x8000fd70
core   0: 0x80009d74 (0x283f2823) sw      gp, 656(t5)
core   0: 3 0x80009d74 (0x283f2823) mem 0x80010000 0x00000001
core   0: 0x80009d78 (0xff9ff06f) j       pc - 0x8
core   0: 3 0x80009d78 (0xff9ff06f)
core   0: 0x80009d70 (0x00006f17) auipc   t5, 0x6
core   0: 3 0x80009d70 (0x00006f17) x30 0x8000fd70
core   0: 0x80009d74 (0x283f2823) sw      gp, 656(t5)
core   0: 3 0x80009d74 (0x283f2823) mem 0x80010000 0x00000001
core   0: 0x80009d78 (0xff9ff06f) j       pc - 0x8
core   0: 3 0x80009d78 (0xff9ff06f)
core   0: 0x80009d70 (0x00006f17) auipc   t5, 0x6
core   0: 3 0x80009d70 (0x00006f17) x30 0x8000fd70
core   0: 0x80009d74 (0x283f2823) sw      gp, 656(t5)
core   0: 3 0x80009d74 (0x283f2823) mem 0x80010000 0x00000001
core   0: 0x80009d78 (0xff9ff06f) j       pc - 0x8
core   0: 3 0x80009d78 (0xff9ff06f)
core   0: 0x80009d70 (0x00006f17) auipc   t5, 0x6
core   0: 3 0x80009d70 (0x00006f17) x30 0x8000fd70
core   0: 0x80009d74 (0x283f2823) sw      gp, 656(t5)
core   0: 3 0x80009d74 (0x283f2823) mem 0x80010000 0x00000001
core   0: 0x80009d78 (0xff9ff06f) j       pc - 0x8
core   0: 3 0x80009d78 (0xff9ff06f)
core   0: 0x80009d70 (0x00006f17) auipc   t5, 0x6
core   0: 3 0x80009d70 (0x00006f17) x30 0x8000fd70
core   0: 0x80009d74 (0x283f2823) sw      gp, 656(t5)
core   0: 3 0x80009d74 (0x283f2823) mem 0x80010000 0x00000001
core   0: 0x80009d78 (0xff9ff06f) j       pc - 0x8
core   0: 3 0x80009d78 (0xff9ff06f)
core   0: 0x80009d70 (0x00006f17) auipc   t5, 0x6
core   0: 3 0x80009d70 (0x00006f17) x30 0x8000fd70
core   0: 0x80009d74 (0x283f2823) sw      gp, 656(t5)
core   0: 3 0x80009d74 (0x283f2823) mem 0x80010000 0x00000001
core   0: 0x80009d78 (0xff9ff06f) j       pc - 0x8
core   0: 3 0x80009d78 (0xff9ff06f)
core   0: 0x80009d70 (0x00006f17) auipc   t5, 0x6
core   0: 3 0x80009d70 (0x00006f17) x30 0x8000fd70
core   0: 0x80009d74 (0x283f2823) sw      gp, 656(t5)
core   0: 3 0x80009d74 (0x283f2823) mem 0x80010000 0x00000001
core   0: 0x80009d78 (0xff9ff06f) j       pc - 0x8
core   0: 3 0x80009d78 (0xff9ff06f)
core   0: 0x80009d70 (0x00006f17) auipc   t5, 0x6
core   0: 3 0x80009d70 (0x00006f17) x30 0x8000fd70
core   0: 0x80009d74 (0x283f2823) sw      gp, 656(t5)
core   0: 3 0x80009d74 (0x283f2823) mem 0x80010000 0x00000001
core   0: 0x80009d78 (0xff9ff06f) j       pc - 0x8
core   0: 3 0x80009d78 (0xff9ff06f)
core   0: 0x80009d70 (0x00006f17) auipc   t5, 0x6
core   0: 3 0x80009d70 (0x00006f17) x30 0x8000fd70
core   0: 0x80009d74 (0x283f2823) sw      gp, 656(t5)
core   0: 3 0x80009d74 (0x283f2823) mem 0x80010000 0x00000001
core   0: 0x80009d78 (0xff9ff06f) j       pc - 0x8
core   0: 3 0x80009d78 (0xff9ff06f)
core   0: 0x80009d70 (0x00006f17) auipc   t5, 0x6
core   0: 3 0x80009d70 (0x00006f17) x30 0x8000fd70
core   0: 0x80009d74 (0x283f2823) sw      gp, 656(t5)
core   0: 3 0x80009d74 (0x283f2823) mem 0x80010000 0x00000001
core   0: 0x80009d78 (0xff9ff06f) j       pc - 0x8
core   0: 3 0x80009d78 (0xff9ff06f)
core   0: 0x80009d70 (0x00006f17) auipc   t5, 0x6
core   0: 3 0x80009d70 (0x00006f17) x30 0x8000fd70
core   0: 0x80009d74 (0x283f2823) sw      gp, 656(t5)
core   0: 3 0x80009d74 (0x283f2823) mem 0x80010000 0x00000001
core   0: 0x80009d78 (0xff9ff06f) j       pc - 0x8
core   0: 3 0x80009d78 (0xff9ff06f)
core   0: 0x80009d70 (0x00006f17) auipc   t5, 0x6
core   0: 3 0x80009d70 (0x00006f17) x30 0x8000fd70
core   0: 0x80009d74 (0x283f2823) sw      gp, 656(t5)
core   0: 3 0x80009d74 (0x283f2823) mem 0x80010000 0x00000001
core   0: 0x80009d78 (0xff9ff06f) j       pc - 0x8
core   0: 3 0x80009d78 (0xff9ff06f)
core   0: 0x80009d70 (0x00006f17) auipc   t5, 0x6
core   0: 3 0x80009d70 (0x00006f17) x30 0x8000fd70
core   0: 0x80009d74 (0x283f2823) sw      gp, 656(t5)
core   0: 3 0x80009d74 (0x283f2823) mem 0x80010000 0x00000001
core   0: 0x80009d78 (0xff9ff06f) j       pc - 0x8
core   0: 3 0x80009d78 (0xff9ff06f)
core   0: 0x80009d70 (0x00006f17) auipc   t5, 0x6
core   0: 3 0x80009d70 (0x00006f17) x30 0x8000fd70
core   0: 0x80009d74 (0x283f2823) sw      gp, 656(t5)
core   0: 3 0x80009d74 (0x283f2823) mem 0x80010000 0x00000001
core   0: 0x80009d78 (0xff9ff06f) j       pc - 0x8
core   0: 3 0x80009d78 (0xff9ff06f)
core   0: 0x80009d70 (0x00006f17) auipc   t5, 0x6
core   0: 3 0x80009d70 (0x00006f17) x30 0x8000fd70
core   0: 0x80009d74 (0x283f2823) sw      gp, 656(t5)
core   0: 3 0x80009d74 (0x283f2823) mem 0x80010000 0x00000001
core   0: 0x80009d78 (0xff9ff06f) j       pc - 0x8
core   0: 3 0x80009d78 (0xff9ff06f)
core   0: 0x80009d70 (0x00006f17) auipc   t5, 0x6
core   0: 3 0x80009d70 (0x00006f17) x30 0x8000fd70
core   0: 0x80009d74 (0x283f2823) sw      gp, 656(t5)
core   0: 3 0x80009d74 (0x283f2823) mem 0x80010000 0x00000001
core   0: 0x80009d78 (0xff9ff06f) j       pc - 0x8
core   0: 3 0x80009d78 (0xff9ff06f)
core   0: 0x80009d70 (0x00006f17) auipc   t5, 0x6
core   0: 3 0x80009d70 (0x00006f17) x30 0x8000fd70
core   0: 0x80009d74 (0x283f2823) sw      gp, 656(t5)
core   0: 3 0x80009d74 (0x283f2823) mem 0x80010000 0x00000001
core   0: 0x80009d78 (0xff9ff06f) j       pc - 0x8
core   0: 3 0x80009d78 (0xff9ff06f)
core   0: 0x80009d70 (0x00006f17) auipc   t5, 0x6
core   0: 3 0x80009d70 (0x00006f17) x30 0x8000fd70
core   0: 0x80009d74 (0x283f2823) sw      gp, 656(t5)
core   0: 3 0x80009d74 (0x283f2823) mem 0x80010000 0x00000001
core   0: 0x80009d78 (0xff9ff06f) j       pc - 0x8
core   0: 3 0x80009d78 (0xff9ff06f)
core   0: 0x80009d70 (0x00006f17) auipc   t5, 0x6
core   0: 3 0x80009d70 (0x00006f17) x30 0x8000fd70
core   0: 0x80009d74 (0x283f2823) sw      gp, 656(t5)
core   0: 3 0x80009d74 (0x283f2823) mem 0x80010000 0x00000001
core   0: 0x80009d78 (0xff9ff06f) j       pc - 0x8
core   0: 3 0x80009d78 (0xff9ff06f)
core   0: 0x80009d70 (0x00006f17) auipc   t5, 0x6
core   0: 3 0x80009d70 (0x00006f17) x30 0x8000fd70
core   0: 0x80009d74 (0x283f2823) sw      gp, 656(t5)
core   0: 3 0x80009d74 (0x283f2823) mem 0x80010000 0x00000001
core   0: 0x80009d78 (0xff9ff06f) j       pc - 0x8
core   0: 3 0x80009d78 (0xff9ff06f)
core   0: 0x80009d70 (0x00006f17) auipc   t5, 0x6
core   0: 3 0x80009d70 (0x00006f17) x30 0x8000fd70
core   0: 0x80009d74 (0x283f2823) sw      gp, 656(t5)
core   0: 3 0x80009d74 (0x283f2823) mem 0x80010000 0x00000001
core   0: 0x80009d78 (0xff9ff06f) j       pc - 0x8
core   0: 3 0x80009d78 (0xff9ff06f)
core   0: 0x80009d70 (0x00006f17) auipc   t5, 0x6
core   0: 3 0x80009d70 (0x00006f17) x30 0x8000fd70
core   0: 0x80009d74 (0x283f2823) sw      gp, 656(t5)
core   0: 3 0x80009d74 (0x283f2823) mem 0x80010000 0x00000001
core   0: 0x80009d78 (0xff9ff06f) j       pc - 0x8
core   0: 3 0x80009d78 (0xff9ff06f)
core   0: 0x80009d70 (0x00006f17) auipc   t5, 0x6
core   0: 3 0x80009d70 (0x00006f17) x30 0x8000fd70
core   0: 0x80009d74 (0x283f2823) sw      gp, 656(t5)
core   0: 3 0x80009d74 (0x283f2823) mem 0x80010000 0x00000001
core   0: 0x80009d78 (0xff9ff06f) j       pc - 0x8
core   0: 3 0x80009d78 (0xff9ff06f)
core   0: 0x80009d70 (0x00006f17) auipc   t5, 0x6
core   0: 3 0x80009d70 (0x00006f17) x30 0x8000fd70
core   0: 0x80009d74 (0x283f2823) sw      gp, 656(t5)
core   0: 3 0x80009d74 (0x283f2823) mem 0x80010000 0x00000001
core   0: 0x80009d78 (0xff9ff06f) j       pc - 0x8
core   0: 3 0x80009d78 (0xff9ff06f)
core   0: 0x80009d70 (0x00006f17) auipc   t5, 0x6
core   0: 3 0x80009d70 (0x00006f17) x30 0x8000fd70
core   0: 0x80009d74 (0x283f2823) sw      gp, 656(t5)
core   0: 3 0x80009d74 (0x283f2823) mem 0x80010000 0x00000001
core   0: 0x80009d78 (0xff9ff06f) j       pc - 0x8
core   0: 3 0x80009d78 (0xff9ff06f)
core   0: 0x80009d70 (0x00006f17) auipc   t5, 0x6
core   0: 3 0x80009d70 (0x00006f17) x30 0x8000fd70
core   0: 0x80009d74 (0x283f2823) sw      gp, 656(t5)
core   0: 3 0x80009d74 (0x283f2823) mem 0x80010000 0x00000001
core   0: 0x80009d78 (0xff9ff06f) j       pc - 0x8
core   0: 3 0x80009d78 (0xff9ff06f)
core   0: 0x80009d70 (0x00006f17) auipc   t5, 0x6
core   0: 3 0x80009d70 (0x00006f17) x30 0x8000fd70
core   0: 0x80009d74 (0x283f2823) sw      gp, 656(t5)
core   0: 3 0x80009d74 (0x283f2823) mem 0x80010000 0x00000001
core   0: 0x80009d78 (0xff9ff06f) j       pc - 0x8
core   0: 3 0x80009d78 (0xff9ff06f)
core   0: 0x80009d70 (0x00006f17) auipc   t5, 0x6
core   0: 3 0x80009d70 (0x00006f17) x30 0x8000fd70
core   0: 0x80009d74 (0x283f2823) sw      gp, 656(t5)
core   0: 3 0x80009d74 (0x283f2823) mem 0x80010000 0x00000001
core   0: 0x80009d78 (0xff9ff06f) j       pc - 0x8
core   0: 3 0x80009d78 (0xff9ff06f)
core   0: 0x80009d70 (0x00006f17) auipc   t5, 0x6
core   0: 3 0x80009d70 (0x00006f17) x30 0x8000fd70
core   0: 0x80009d74 (0x283f2823) sw      gp, 656(t5)
core   0: 3 0x80009d74 (0x283f2823) mem 0x80010000 0x00000001
core   0: 0x80009d78 (0xff9ff06f) j       pc - 0x8
core   0: 3 0x80009d78 (0xff9ff06f)
core   0: 0x80009d70 (0x00006f17) auipc   t5, 0x6
core   0: 3 0x80009d70 (0x00006f17) x30 0x8000fd70
core   0: 0x80009d74 (0x283f2823) sw      gp, 656(t5)
core   0: 3 0x80009d74 (0x283f2823) mem 0x80010000 0x00000001
core   0: 0x80009d78 (0xff9ff06f) j       pc - 0x8
core   0: 3 0x80009d78 (0xff9ff06f)
core   0: 0x80009d70 (0x00006f17) auipc   t5, 0x6
core   0: 3 0x80009d70 (0x00006f17) x30 0x8000fd70
core   0: 0x80009d74 (0x283f2823) sw      gp, 656(t5)
core   0: 3 0x80009d74 (0x283f2823) mem 0x80010000 0x00000001
core   0: 0x80009d78 (0xff9ff06f) j       pc - 0x8
core   0: 3 0x80009d78 (0xff9ff06f)
core   0: 0x80009d70 (0x00006f17) auipc   t5, 0x6
core   0: 3 0x80009d70 (0x00006f17) x30 0x8000fd70
core   0: 0x80009d74 (0x283f2823) sw      gp, 656(t5)
core   0: 3 0x80009d74 (0x283f2823) mem 0x80010000 0x00000001
core   0: 0x80009d78 (0xff9ff06f) j       pc - 0x8
core   0: 3 0x80009d78 (0xff9ff06f)
core   0: 0x80009d70 (0x00006f17) auipc   t5, 0x6
core   0: 3 0x80009d70 (0x00006f17) x30 0x8000fd70
core   0: 0x80009d74 (0x283f2823) sw      gp, 656(t5)
core   0: 3 0x80009d74 (0x283f2823) mem 0x80010000 0x00000001
core   0: 0x80009d78 (0xff9ff06f) j       pc - 0x8
core   0: 3 0x80009d78 (0xff9ff06f)
core   0: 0x80009d70 (0x00006f17) auipc   t5, 0x6
core   0: 3 0x80009d70 (0x00006f17) x30 0x8000fd70
core   0: 0x80009d74 (0x283f2823) sw      gp, 656(t5)
core   0: 3 0x80009d74 (0x283f2823) mem 0x80010000 0x00000001
core   0: 0x80009d78 (0xff9ff06f) j       pc - 0x8
core   0: 3 0x80009d78 (0xff9ff06f)
core   0: 0x80009d70 (0x00006f17) auipc   t5, 0x6
core   0: 3 0x80009d70 (0x00006f17) x30 0x8000fd70
core   0: 0x80009d74 (0x283f2823) sw      gp, 656(t5)
core   0: 3 0x80009d74 (0x283f2823) mem 0x80010000 0x00000001
core   0: 0x80009d78 (0xff9ff06f) j       pc - 0x8
core   0: 3 0x80009d78 (0xff9ff06f)
core   0: 0x80009d70 (0x00006f17) auipc   t5, 0x6
core   0: 3 0x80009d70 (0x00006f17) x30 0x8000fd70
core   0: 0x80009d74 (0x283f2823) sw      gp, 656(t5)
core   0: 3 0x80009d74 (0x283f2823) mem 0x80010000 0x00000001
core   0: 0x80009d78 (0xff9ff06f) j       pc - 0x8
core   0: 3 0x80009d78 (0xff9ff06f)
core   0: 0x80009d70 (0x00006f17) auipc   t5, 0x6
core   0: 3 0x80009d70 (0x00006f17) x30 0x8000fd70
core   0: 0x80009d74 (0x283f2823) sw      gp, 656(t5)
core   0: 3 0x80009d74 (0x283f2823) mem 0x80010000 0x00000001
core   0: 0x80009d78 (0xff9ff06f) j       pc - 0x8
core   0: 3 0x80009d78 (0xff9ff06f)
core   0: 0x80009d70 (0x00006f17) auipc   t5, 0x6
core   0: 3 0x80009d70 (0x00006f17) x30 0x8000fd70
core   0: 0x80009d74 (0x283f2823) sw      gp, 656(t5)
core   0: 3 0x80009d74 (0x283f2823) mem 0x80010000 0x00000001
core   0: 0x80009d78 (0xff9ff06f) j       pc - 0x8
core   0: 3 0x80009d78 (0xff9ff06f)
core   0: 0x80009d70 (0x00006f17) auipc   t5, 0x6
core   0: 3 0x80009d70 (0x00006f17) x30 0x8000fd70
core   0: 0x80009d74 (0x283f2823) sw      gp, 656(t5)
core   0: 3 0x80009d74 (0x283f2823) mem 0x80010000 0x00000001
core   0: 0x80009d78 (0xff9ff06f) j       pc - 0x8
core   0: 3 0x80009d78 (0xff9ff06f)
core   0: 0x80009d70 (0x00006f17) auipc   t5, 0x6
core   0: 3 0x80009d70 (0x00006f17) x30 0x8000fd70
core   0: 0x80009d74 (0x283f2823) sw      gp, 656(t5)
core   0: 3 0x80009d74 (0x283f2823) mem 0x80010000 0x00000001
core   0: 0x80009d78 (0xff9ff06f) j       pc - 0x8
core   0: 3 0x80009d78 (0xff9ff06f)
core   0: 0x80009d70 (0x00006f17) auipc   t5, 0x6
core   0: 3 0x80009d70 (0x00006f17) x30 0x8000fd70
core   0: 0x80009d74 (0x283f2823) sw      gp, 656(t5)
core   0: 3 0x80009d74 (0x283f2823) mem 0x80010000 0x00000001
core   0: 0x80009d78 (0xff9ff06f) j       pc - 0x8
core   0: 3 0x80009d78 (0xff9ff06f)
core   0: 0x80009d70 (0x00006f17) auipc   t5, 0x6
core   0: 3 0x80009d70 (0x00006f17) x30 0x8000fd70
core   0: 0x80009d74 (0x283f2823) sw      gp, 656(t5)
core   0: 3 0x80009d74 (0x283f2823) mem 0x80010000 0x00000001
core   0: 0x80009d78 (0xff9ff06f) j       pc - 0x8
core   0: 3 0x80009d78 (0xff9ff06f)
core   0: 0x80009d70 (0x00006f17) auipc   t5, 0x6
core   0: 3 0x80009d70 (0x00006f17) x30 0x8000fd70
core   0: 0x80009d74 (0x283f2823) sw      gp, 656(t5)
core   0: 3 0x80009d74 (0x283f2823) mem 0x80010000 0x00000001
core   0: 0x80009d78 (0xff9ff06f) j       pc - 0x8
core   0: 3 0x80009d78 (0xff9ff06f)
core   0: 0x80009d70 (0x00006f17) auipc   t5, 0x6
core   0: 3 0x80009d70 (0x00006f17) x30 0x8000fd70
core   0: 0x80009d74 (0x283f2823) sw      gp, 656(t5)
core   0: 3 0x80009d74 (0x283f2823) mem 0x80010000 0x00000001
core   0: 0x80009d78 (0xff9ff06f) j       pc - 0x8
core   0: 3 0x80009d78 (0xff9ff06f)
core   0: 0x80009d70 (0x00006f17) auipc   t5, 0x6
core   0: 3 0x80009d70 (0x00006f17) x30 0x8000fd70
core   0: 0x80009d74 (0x283f2823) sw      gp, 656(t5)
core   0: 3 0x80009d74 (0x283f2823) mem 0x80010000 0x00000001
core   0: 0x80009d78 (0xff9ff06f) j       pc - 0x8
core   0: 3 0x80009d78 (0xff9ff06f)
core   0: 0x80009d70 (0x00006f17) auipc   t5, 0x6
core   0: 3 0x80009d70 (0x00006f17) x30 0x8000fd70
core   0: 0x80009d74 (0x283f2823) sw      gp, 656(t5)
core   0: 3 0x80009d74 (0x283f2823) mem 0x80010000 0x00000001
core   0: 0x80009d78 (0xff9ff06f) j       pc - 0x8
core   0: 3 0x80009d78 (0xff9ff06f)
core   0: 0x80009d70 (0x00006f17) auipc   t5, 0x6
core   0: 3 0x80009d70 (0x00006f17) x30 0x8000fd70
core   0: 0x80009d74 (0x283f2823) sw      gp, 656(t5)
core   0: 3 0x80009d74 (0x283f2823) mem 0x80010000 0x00000001
core   0: 0x80009d78 (0xff9ff06f) j       pc - 0x8
core   0: 3 0x80009d78 (0xff9ff06f)
core   0: 0x80009d70 (0x00006f17) auipc   t5, 0x6
core   0: 3 0x80009d70 (0x00006f17) x30 0x8000fd70
core   0: 0x80009d74 (0x283f2823) sw      gp, 656(t5)
core   0: 3 0x80009d74 (0x283f2823) mem 0x80010000 0x00000001
core   0: 0x80009d78 (0xff9ff06f) j       pc - 0x8
core   0: 3 0x80009d78 (0xff9ff06f)
core   0: 0x80009d70 (0x00006f17) auipc   t5, 0x6
core   0: 3 0x80009d70 (0x00006f17) x30 0x8000fd70
core   0: 0x80009d74 (0x283f2823) sw      gp, 656(t5)
core   0: 3 0x80009d74 (0x283f2823) mem 0x80010000 0x00000001
core   0: 0x80009d78 (0xff9ff06f) j       pc - 0x8
core   0: 3 0x80009d78 (0xff9ff06f)
core   0: 0x80009d70 (0x00006f17) auipc   t5, 0x6
core   0: 3 0x80009d70 (0x00006f17) x30 0x8000fd70
core   0: 0x80009d74 (0x283f2823) sw      gp, 656(t5)
core   0: 3 0x80009d74 (0x283f2823) mem 0x80010000 0x00000001
core   0: 0x80009d78 (0xff9ff06f) j       pc - 0x8
core   0: 3 0x80009d78 (0xff9ff06f)
core   0: 0x80009d70 (0x00006f17) auipc   t5, 0x6
core   0: 3 0x80009d70 (0x00006f17) x30 0x8000fd70
core   0: 0x80009d74 (0x283f2823) sw      gp, 656(t5)
core   0: 3 0x80009d74 (0x283f2823) mem 0x80010000 0x00000001
core   0: 0x80009d78 (0xff9ff06f) j       pc - 0x8
core   0: 3 0x80009d78 (0xff9ff06f)
core   0: 0x80009d70 (0x00006f17) auipc   t5, 0x6
core   0: 3 0x80009d70 (0x00006f17) x30 0x8000fd70
core   0: 0x80009d74 (0x283f2823) sw      gp, 656(t5)
core   0: 3 0x80009d74 (0x283f2823) mem 0x80010000 0x00000001
core   0: 0x80009d78 (0xff9ff06f) j       pc - 0x8
core   0: 3 0x80009d78 (0xff9ff06f)
core   0: 0x80009d70 (0x00006f17) auipc   t5, 0x6
core   0: 3 0x80009d70 (0x00006f17) x30 0x8000fd70
core   0: 0x80009d74 (0x283f2823) sw      gp, 656(t5)
core   0: 3 0x80009d74 (0x283f2823) mem 0x80010000 0x00000001
core   0: 0x80009d78 (0xff9ff06f) j       pc - 0x8
core   0: 3 0x80009d78 (0xff9ff06f)
core   0: 0x80009d70 (0x00006f17) auipc   t5, 0x6
core   0: 3 0x80009d70 (0x00006f17) x30 0x8000fd70
core   0: 0x80009d74 (0x283f2823) sw      gp, 656(t5)
core   0: 3 0x80009d74 (0x283f2823) mem 0x80010000 0x00000001
core   0: 0x80009d78 (0xff9ff06f) j       pc - 0x8
core   0: 3 0x80009d78 (0xff9ff06f)
core   0: 0x80009d70 (0x00006f17) auipc   t5, 0x6
core   0: 3 0x80009d70 (0x00006f17) x30 0x8000fd70
core   0: 0x80009d74 (0x283f2823) sw      gp, 656(t5)
core   0: 3 0x80009d74 (0x283f2823) mem 0x80010000 0x00000001
core   0: 0x80009d78 (0xff9ff06f) j       pc - 0x8
core   0: 3 0x80009d78 (0xff9ff06f)
core   0: 0x80009d70 (0x00006f17) auipc   t5, 0x6
core   0: 3 0x80009d70 (0x00006f17) x30 0x8000fd70
core   0: 0x80009d74 (0x283f2823) sw      gp, 656(t5)
core   0: 3 0x80009d74 (0x283f2823) mem 0x80010000 0x00000001
core   0: 0x80009d78 (0xff9ff06f) j       pc - 0x8
core   0: 3 0x80009d78 (0xff9ff06f)
core   0: 0x80009d70 (0x00006f17) auipc   t5, 0x6
core   0: 3 0x80009d70 (0x00006f17) x30 0x8000fd70
core   0: 0x80009d74 (0x283f2823) sw      gp, 656(t5)
core   0: 3 0x80009d74 (0x283f2823) mem 0x80010000 0x00000001
core   0: 0x80009d78 (0xff9ff06f) j       pc - 0x8
core   0: 3 0x80009d78 (0xff9ff06f)
core   0: 0x80009d70 (0x00006f17) auipc   t5, 0x6
core   0: 3 0x80009d70 (0x00006f17) x30 0x8000fd70
core   0: 0x80009d74 (0x283f2823) sw      gp, 656(t5)
core   0: 3 0x80009d74 (0x283f2823) mem 0x80010000 0x00000001
core   0: 0x80009d78 (0xff9ff06f) j       pc - 0x8
core   0: 3 0x80009d78 (0xff9ff06f)
core   0: 0x80009d70 (0x00006f17) auipc   t5, 0x6
core   0: 3 0x80009d70 (0x00006f17) x30 0x8000fd70
core   0: 0x80009d74 (0x283f2823) sw      gp, 656(t5)
core   0: 3 0x80009d74 (0x283f2823) mem 0x80010000 0x00000001
core   0: 0x80009d78 (0xff9ff06f) j       pc - 0x8
core   0: 3 0x80009d78 (0xff9ff06f)
core   0: 0x80009d70 (0x00006f17) auipc   t5, 0x6
core   0: 3 0x80009d70 (0x00006f17) x30 0x8000fd70
core   0: 0x80009d74 (0x283f2823) sw      gp, 656(t5)
core   0: 3 0x80009d74 (0x283f2823) mem 0x80010000 0x00000001
core   0: 0x80009d78 (0xff9ff06f) j       pc - 0x8
core   0: 3 0x80009d78 (0xff9ff06f)
core   0: 0x80009d70 (0x00006f17) auipc   t5, 0x6
core   0: 3 0x80009d70 (0x00006f17) x30 0x8000fd70
core   0: 0x80009d74 (0x283f2823) sw      gp, 656(t5)
core   0: 3 0x80009d74 (0x283f2823) mem 0x80010000 0x00000001
core   0: 0x80009d78 (0xff9ff06f) j       pc - 0x8
core   0: 3 0x80009d78 (0xff9ff06f)
core   0: 0x80009d70 (0x00006f17) auipc   t5, 0x6
core   0: 3 0x80009d70 (0x00006f17) x30 0x8000fd70
core   0: 0x80009d74 (0x283f2823) sw      gp, 656(t5)
core   0: 3 0x80009d74 (0x283f2823) mem 0x80010000 0x00000001
core   0: 0x80009d78 (0xff9ff06f) j       pc - 0x8
core   0: 3 0x80009d78 (0xff9ff06f)
core   0: 0x80009d70 (0x00006f17) auipc   t5, 0x6
core   0: 3 0x80009d70 (0x00006f17) x30 0x8000fd70
core   0: 0x80009d74 (0x283f2823) sw      gp, 656(t5)
core   0: 3 0x80009d74 (0x283f2823) mem 0x80010000 0x00000001
core   0: 0x80009d78 (0xff9ff06f) j       pc - 0x8
core   0: 3 0x80009d78 (0xff9ff06f)
core   0: 0x80009d70 (0x00006f17) auipc   t5, 0x6
core   0: 3 0x80009d70 (0x00006f17) x30 0x8000fd70
core   0: 0x80009d74 (0x283f2823) sw      gp, 656(t5)
core   0: 3 0x80009d74 (0x283f2823) mem 0x80010000 0x00000001
core   0: 0x80009d78 (0xff9ff06f) j       pc - 0x8
core   0: 3 0x80009d78 (0xff9ff06f)
core   0: 0x80009d70 (0x00006f17) auipc   t5, 0x6
core   0: 3 0x80009d70 (0x00006f17) x30 0x8000fd70
core   0: 0x80009d74 (0x283f2823) sw      gp, 656(t5)
core   0: 3 0x80009d74 (0x283f2823) mem 0x80010000 0x00000001
core   0: 0x80009d78 (0xff9ff06f) j       pc - 0x8
core   0: 3 0x80009d78 (0xff9ff06f)
core   0: 0x80009d70 (0x00006f17) auipc   t5, 0x6
core   0: 3 0x80009d70 (0x00006f17) x30 0x8000fd70
core   0: 0x80009d74 (0x283f2823) sw      gp, 656(t5)
core   0: 3 0x80009d74 (0x283f2823) mem 0x80010000 0x00000001
core   0: 0x80009d78 (0xff9ff06f) j       pc - 0x8
core   0: 3 0x80009d78 (0xff9ff06f)
core   0: 0x80009d70 (0x00006f17) auipc   t5, 0x6
core   0: 3 0x80009d70 (0x00006f17) x30 0x8000fd70
core   0: 0x80009d74 (0x283f2823) sw      gp, 656(t5)
core   0: 3 0x80009d74 (0x283f2823) mem 0x80010000 0x00000001
core   0: 0x80009d78 (0xff9ff06f) j       pc - 0x8
core   0: 3 0x80009d78 (0xff9ff06f)
core   0: 0x80009d70 (0x00006f17) auipc   t5, 0x6
core   0: 3 0x80009d70 (0x00006f17) x30 0x8000fd70
core   0: 0x80009d74 (0x283f2823) sw      gp, 656(t5)
core   0: 3 0x80009d74 (0x283f2823) mem 0x80010000 0x00000001
core   0: 0x80009d78 (0xff9ff06f) j       pc - 0x8
core   0: 3 0x80009d78 (0xff9ff06f)
core   0: 0x80009d70 (0x00006f17) auipc   t5, 0x6
core   0: 3 0x80009d70 (0x00006f17) x30 0x8000fd70
core   0: 0x80009d74 (0x283f2823) sw      gp, 656(t5)
core   0: 3 0x80009d74 (0x283f2823) mem 0x80010000 0x00000001
core   0: 0x80009d78 (0xff9ff06f) j       pc - 0x8
core   0: 3 0x80009d78 (0xff9ff06f)
core   0: 0x80009d70 (0x00006f17) auipc   t5, 0x6
core   0: 3 0x80009d70 (0x00006f17) x30 0x8000fd70
core   0: 0x80009d74 (0x283f2823) sw      gp, 656(t5)
core   0: 3 0x80009d74 (0x283f2823) mem 0x80010000 0x00000001
core   0: 0x80009d78 (0xff9ff06f) j       pc - 0x8
core   0: 3 0x80009d78 (0xff9ff06f)
core   0: 0x80009d70 (0x00006f17) auipc   t5, 0x6
core   0: 3 0x80009d70 (0x00006f17) x30 0x8000fd70
core   0: 0x80009d74 (0x283f2823) sw      gp, 656(t5)
core   0: 3 0x80009d74 (0x283f2823) mem 0x80010000 0x00000001
core   0: 0x80009d78 (0xff9ff06f) j       pc - 0x8
core   0: 3 0x80009d78 (0xff9ff06f)
core   0: 0x80009d70 (0x00006f17) auipc   t5, 0x6
core   0: 3 0x80009d70 (0x00006f17) x30 0x8000fd70
core   0: 0x80009d74 (0x283f2823) sw      gp, 656(t5)
core   0: 3 0x80009d74 (0x283f2823) mem 0x80010000 0x00000001
core   0: 0x80009d78 (0xff9ff06f) j       pc - 0x8
core   0: 3 0x80009d78 (0xff9ff06f)
core   0: 0x80009d70 (0x00006f17) auipc   t5, 0x6
core   0: 3 0x80009d70 (0x00006f17) x30 0x8000fd70
core   0: 0x80009d74 (0x283f2823) sw      gp, 656(t5)
core   0: 3 0x80009d74 (0x283f2823) mem 0x80010000 0x00000001
core   0: 0x80009d78 (0xff9ff06f) j       pc - 0x8
core   0: 3 0x80009d78 (0xff9ff06f)
core   0: 0x80009d70 (0x00006f17) auipc   t5, 0x6
core   0: 3 0x80009d70 (0x00006f17) x30 0x8000fd70
core   0: 0x80009d74 (0x283f2823) sw      gp, 656(t5)
core   0: 3 0x80009d74 (0x283f2823) mem 0x80010000 0x00000001
core   0: 0x80009d78 (0xff9ff06f) j       pc - 0x8
core   0: 3 0x80009d78 (0xff9ff06f)
core   0: 0x80009d70 (0x00006f17) auipc   t5, 0x6
core   0: 3 0x80009d70 (0x00006f17) x30 0x8000fd70
core   0: 0x80009d74 (0x283f2823) sw      gp, 656(t5)
core   0: 3 0x80009d74 (0x283f2823) mem 0x80010000 0x00000001
core   0: 0x80009d78 (0xff9ff06f) j       pc - 0x8
core   0: 3 0x80009d78 (0xff9ff06f)
core   0: 0x80009d70 (0x00006f17) auipc   t5, 0x6
core   0: 3 0x80009d70 (0x00006f17) x30 0x8000fd70
core   0: 0x80009d74 (0x283f2823) sw      gp, 656(t5)
core   0: 3 0x80009d74 (0x283f2823) mem 0x80010000 0x00000001
core   0: 0x80009d78 (0xff9ff06f) j       pc - 0x8
core   0: 3 0x80009d78 (0xff9ff06f)
core   0: 0x80009d70 (0x00006f17) auipc   t5, 0x6
core   0: 3 0x80009d70 (0x00006f17) x30 0x8000fd70
core   0: 0x80009d74 (0x283f2823) sw      gp, 656(t5)
core   0: 3 0x80009d74 (0x283f2823) mem 0x80010000 0x00000001
core   0: 0x80009d78 (0xff9ff06f) j       pc - 0x8
core   0: 3 0x80009d78 (0xff9ff06f)
core   0: 0x80009d70 (0x00006f17) auipc   t5, 0x6
core   0: 3 0x80009d70 (0x00006f17) x30 0x8000fd70
core   0: 0x80009d74 (0x283f2823) sw      gp, 656(t5)
core   0: 3 0x80009d74 (0x283f2823) mem 0x80010000 0x00000001
core   0: 0x80009d78 (0xff9ff06f) j       pc - 0x8
core   0: 3 0x80009d78 (0xff9ff06f)
core   0: 0x80009d70 (0x00006f17) auipc   t5, 0x6
core   0: 3 0x80009d70 (0x00006f17) x30 0x8000fd70
core   0: 0x80009d74 (0x283f2823) sw      gp, 656(t5)
core   0: 3 0x80009d74 (0x283f2823) mem 0x80010000 0x00000001
core   0: 0x80009d78 (0xff9ff06f) j       pc - 0x8
core   0: 3 0x80009d78 (0xff9ff06f)
core   0: 0x80009d70 (0x00006f17) auipc   t5, 0x6
core   0: 3 0x80009d70 (0x00006f17) x30 0x8000fd70
core   0: 0x80009d74 (0x283f2823) sw      gp, 656(t5)
core   0: 3 0x80009d74 (0x283f2823) mem 0x80010000 0x00000001
core   0: 0x80009d78 (0xff9ff06f) j       pc - 0x8
core   0: 3 0x80009d78 (0xff9ff06f)
core   0: 0x80009d70 (0x00006f17) auipc   t5, 0x6
core   0: 3 0x80009d70 (0x00006f17) x30 0x8000fd70
core   0: 0x80009d74 (0x283f2823) sw      gp, 656(t5)
core   0: 3 0x80009d74 (0x283f2823) mem 0x80010000 0x00000001
core   0: 0x80009d78 (0xff9ff06f) j       pc - 0x8
core   0: 3 0x80009d78 (0xff9ff06f)
core   0: 0x80009d70 (0x00006f17) auipc   t5, 0x6
core   0: 3 0x80009d70 (0x00006f17) x30 0x8000fd70
core   0: 0x80009d74 (0x283f2823) sw      gp, 656(t5)
core   0: 3 0x80009d74 (0x283f2823) mem 0x80010000 0x00000001
core   0: 0x80009d78 (0xff9ff06f) j       pc - 0x8
core   0: 3 0x80009d78 (0xff9ff06f)
core   0: 0x80009d70 (0x00006f17) auipc   t5, 0x6
core   0: 3 0x80009d70 (0x00006f17) x30 0x8000fd70
core   0: 0x80009d74 (0x283f2823) sw      gp, 656(t5)
core   0: 3 0x80009d74 (0x283f2823) mem 0x80010000 0x00000001
core   0: 0x80009d78 (0xff9ff06f) j       pc - 0x8
core   0: 3 0x80009d78 (0xff9ff06f)
core   0: 0x80009d70 (0x00006f17) auipc   t5, 0x6
core   0: 3 0x80009d70 (0x00006f17) x30 0x8000fd70
core   0: 0x80009d74 (0x283f2823) sw      gp, 656(t5)
core   0: 3 0x80009d74 (0x283f2823) mem 0x80010000 0x00000001
core   0: 0x80009d78 (0xff9ff06f) j       pc - 0x8
core   0: 3 0x80009d78 (0xff9ff06f)
core   0: 0x80009d70 (0x00006f17) auipc   t5, 0x6
core   0: 3 0x80009d70 (0x00006f17) x30 0x8000fd70
core   0: 0x80009d74 (0x283f2823) sw      gp, 656(t5)
core   0: 3 0x80009d74 (0x283f2823) mem 0x80010000 0x00000001
core   0: 0x80009d78 (0xff9ff06f) j       pc - 0x8
core   0: 3 0x80009d78 (0xff9ff06f)
core   0: 0x80009d70 (0x00006f17) auipc   t5, 0x6
core   0: 3 0x80009d70 (0x00006f17) x30 0x8000fd70
core   0: 0x80009d74 (0x283f2823) sw      gp, 656(t5)
core   0: 3 0x80009d74 (0x283f2823) mem 0x80010000 0x00000001
core   0: 0x80009d78 (0xff9ff06f) j       pc - 0x8
core   0: 3 0x80009d78 (0xff9ff06f)
core   0: 0x80009d70 (0x00006f17) auipc   t5, 0x6
core   0: 3 0x80009d70 (0x00006f17) x30 0x8000fd70
core   0: 0x80009d74 (0x283f2823) sw      gp, 656(t5)
core   0: 3 0x80009d74 (0x283f2823) mem 0x80010000 0x00000001
core   0: 0x80009d78 (0xff9ff06f) j       pc - 0x8
core   0: 3 0x80009d78 (0xff9ff06f)
core   0: 0x80009d70 (0x00006f17) auipc   t5, 0x6
core   0: 3 0x80009d70 (0x00006f17) x30 0x8000fd70
core   0: 0x80009d74 (0x283f2823) sw      gp, 656(t5)
core   0: 3 0x80009d74 (0x283f2823) mem 0x80010000 0x00000001
core   0: 0x80009d78 (0xff9ff06f) j       pc - 0x8
core   0: 3 0x80009d78 (0xff9ff06f)
core   0: 0x80009d70 (0x00006f17) auipc   t5, 0x6
core   0: 3 0x80009d70 (0x00006f17) x30 0x8000fd70
core   0: 0x80009d74 (0x283f2823) sw      gp, 656(t5)
core   0: 3 0x80009d74 (0x283f2823) mem 0x80010000 0x00000001
core   0: 0x80009d78 (0xff9ff06f) j       pc - 0x8
core   0: 3 0x80009d78 (0xff9ff06f)
core   0: 0x80009d70 (0x00006f17) auipc   t5, 0x6
core   0: 3 0x80009d70 (0x00006f17) x30 0x8000fd70
core   0: 0x80009d74 (0x283f2823) sw      gp, 656(t5)
core   0: 3 0x80009d74 (0x283f2823) mem 0x80010000 0x00000001
core   0: 0x80009d78 (0xff9ff06f) j       pc - 0x8
core   0: 3 0x80009d78 (0xff9ff06f)
core   0: 0x80009d70 (0x00006f17) auipc   t5, 0x6
core   0: 3 0x80009d70 (0x00006f17) x30 0x8000fd70
core   0: 0x80009d74 (0x283f2823) sw      gp, 656(t5)
core   0: 3 0x80009d74 (0x283f2823) mem 0x80010000 0x00000001
core   0: 0x80009d78 (0xff9ff06f) j       pc - 0x8
core   0: 3 0x80009d78 (0xff9ff06f)
core   0: 0x80009d70 (0x00006f17) auipc   t5, 0x6
core   0: 3 0x80009d70 (0x00006f17) x30 0x8000fd70
core   0: 0x80009d74 (0x283f2823) sw      gp, 656(t5)
core   0: 3 0x80009d74 (0x283f2823) mem 0x80010000 0x00000001
core   0: 0x80009d78 (0xff9ff06f) j       pc - 0x8
core   0: 3 0x80009d78 (0xff9ff06f)
core   0: 0x80009d70 (0x00006f17) auipc   t5, 0x6
core   0: 3 0x80009d70 (0x00006f17) x30 0x8000fd70
core   0: 0x80009d74 (0x283f2823) sw      gp, 656(t5)
core   0: 3 0x80009d74 (0x283f2823) mem 0x80010000 0x00000001
core   0: 0x80009d78 (0xff9ff06f) j       pc - 0x8
core   0: 3 0x80009d78 (0xff9ff06f)
core   0: 0x80009d70 (0x00006f17) auipc   t5, 0x6
core   0: 3 0x80009d70 (0x00006f17) x30 0x8000fd70
core   0: 0x80009d74 (0x283f2823) sw      gp, 656(t5)
core   0: 3 0x80009d74 (0x283f2823) mem 0x80010000 0x00000001
core   0: 0x80009d78 (0xff9ff06f) j       pc - 0x8
core   0: 3 0x80009d78 (0xff9ff06f)
core   0: 0x80009d70 (0x00006f17) auipc   t5, 0x6
core   0: 3 0x80009d70 (0x00006f17) x30 0x8000fd70
core   0: 0x80009d74 (0x283f2823) sw      gp, 656(t5)
core   0: 3 0x80009d74 (0x283f2823) mem 0x80010000 0x00000001
core   0: 0x80009d78 (0xff9ff06f) j       pc - 0x8
core   0: 3 0x80009d78 (0xff9ff06f)
core   0: 0x80009d70 (0x00006f17) auipc   t5, 0x6
core   0: 3 0x80009d70 (0x00006f17) x30 0x8000fd70
core   0: 0x80009d74 (0x283f2823) sw      gp, 656(t5)
core   0: 3 0x80009d74 (0x283f2823) mem 0x80010000 0x00000001
core   0: 0x80009d78 (0xff9ff06f) j       pc - 0x8
core   0: 3 0x80009d78 (0xff9ff06f)
core   0: 0x80009d70 (0x00006f17) auipc   t5, 0x6
core   0: 3 0x80009d70 (0x00006f17) x30 0x8000fd70
core   0: 0x80009d74 (0x283f2823) sw      gp, 656(t5)
core   0: 3 0x80009d74 (0x283f2823) mem 0x80010000 0x00000001
core   0: 0x80009d78 (0xff9ff06f) j       pc - 0x8
core   0: 3 0x80009d78 (0xff9ff06f)
core   0: 0x80009d70 (0x00006f17) auipc   t5, 0x6
core   0: 3 0x80009d70 (0x00006f17) x30 0x8000fd70
core   0: 0x80009d74 (0x283f2823) sw      gp, 656(t5)
core   0: 3 0x80009d74 (0x283f2823) mem 0x80010000 0x00000001
core   0: 0x80009d78 (0xff9ff06f) j       pc - 0x8
core   0: 3 0x80009d78 (0xff9ff06f)
core   0: 0x80009d70 (0x00006f17) auipc   t5, 0x6
core   0: 3 0x80009d70 (0x00006f17) x30 0x8000fd70
core   0: 0x80009d74 (0x283f2823) sw      gp, 656(t5)
core   0: 3 0x80009d74 (0x283f2823) mem 0x80010000 0x00000001
core   0: 0x80009d78 (0xff9ff06f) j       pc - 0x8
core   0: 3 0x80009d78 (0xff9ff06f)
core   0: 0x80009d70 (0x00006f17) auipc   t5, 0x6
core   0: 3 0x80009d70 (0x00006f17) x30 0x8000fd70
core   0: 0x80009d74 (0x283f2823) sw      gp, 656(t5)
core   0: 3 0x80009d74 (0x283f2823) mem 0x80010000 0x00000001
core   0: 0x80009d78 (0xff9ff06f) j       pc - 0x8
core   0: 3 0x80009d78 (0xff9ff06f)
core   0: 0x80009d70 (0x00006f17) auipc   t5, 0x6
core   0: 3 0x80009d70 (0x00006f17) x30 0x8000fd70
core   0: 0x80009d74 (0x283f2823) sw      gp, 656(t5)
core   0: 3 0x80009d74 (0x283f2823) mem 0x80010000 0x00000001
core   0: 0x80009d78 (0xff9ff06f) j       pc - 0x8
core   0: 3 0x80009d78 (0xff9ff06f)
core   0: 0x80009d70 (0x00006f17) auipc   t5, 0x6
core   0: 3 0x80009d70 (0x00006f17) x30 0x8000fd70
core   0: 0x80009d74 (0x283f2823) sw      gp, 656(t5)
core   0: 3 0x80009d74 (0x283f2823) mem 0x80010000 0x00000001
core   0: 0x80009d78 (0xff9ff06f) j       pc - 0x8
core   0: 3 0x80009d78 (0xff9ff06f)
core   0: 0x80009d70 (0x00006f17) auipc   t5, 0x6
core   0: 3 0x80009d70 (0x00006f17) x30 0x8000fd70
core   0: 0x80009d74 (0x283f2823) sw      gp, 656(t5)
core   0: 3 0x80009d74 (0x283f2823) mem 0x80010000 0x00000001
core   0: 0x80009d78 (0xff9ff06f) j       pc - 0x8
core   0: 3 0x80009d78 (0xff9ff06f)
core   0: 0x80009d70 (0x00006f17) auipc   t5, 0x6
core   0: 3 0x80009d70 (0x00006f17) x30 0x8000fd70
core   0: 0x80009d74 (0x283f2823) sw      gp, 656(t5)
core   0: 3 0x80009d74 (0x283f2823) mem 0x80010000 0x00000001
core   0: 0x80009d78 (0xff9ff06f) j       pc - 0x8
core   0: 3 0x80009d78 (0xff9ff06f)
core   0: 0x80009d70 (0x00006f17) auipc   t5, 0x6
core   0: 3 0x80009d70 (0x00006f17) x30 0x8000fd70
core   0: 0x80009d74 (0x283f2823) sw      gp, 656(t5)
core   0: 3 0x80009d74 (0x283f2823) mem 0x80010000 0x00000001
core   0: 0x80009d78 (0xff9ff06f) j       pc - 0x8
core   0: 3 0x80009d78 (0xff9ff06f)
core   0: 0x80009d70 (0x00006f17) auipc   t5, 0x6
core   0: 3 0x80009d70 (0x00006f17) x30 0x8000fd70
core   0: 0x80009d74 (0x283f2823) sw      gp, 656(t5)
core   0: 3 0x80009d74 (0x283f2823) mem 0x80010000 0x00000001
core   0: 0x80009d78 (0xff9ff06f) j       pc - 0x8
core   0: 3 0x80009d78 (0xff9ff06f)
core   0: 0x80009d70 (0x00006f17) auipc   t5, 0x6
core   0: 3 0x80009d70 (0x00006f17) x30 0x8000fd70
core   0: 0x80009d74 (0x283f2823) sw      gp, 656(t5)
core   0: 3 0x80009d74 (0x283f2823) mem 0x80010000 0x00000001
core   0: 0x80009d78 (0xff9ff06f) j       pc - 0x8
core   0: 3 0x80009d78 (0xff9ff06f)
core   0: 0x80009d70 (0x00006f17) auipc   t5, 0x6
core   0: 3 0x80009d70 (0x00006f17) x30 0x8000fd70
core   0: 0x80009d74 (0x283f2823) sw      gp, 656(t5)
core   0: 3 0x80009d74 (0x283f2823) mem 0x80010000 0x00000001
core   0: 0x80009d78 (0xff9ff06f) j       pc - 0x8
core   0: 3 0x80009d78 (0xff9ff06f)
core   0: 0x80009d70 (0x00006f17) auipc   t5, 0x6
core   0: 3 0x80009d70 (0x00006f17) x30 0x8000fd70
core   0: 0x80009d74 (0x283f2823) sw      gp, 656(t5)
core   0: 3 0x80009d74 (0x283f2823) mem 0x80010000 0x00000001
core   0: 0x80009d78 (0xff9ff06f) j       pc - 0x8
core   0: 3 0x80009d78 (0xff9ff06f)
core   0: 0x80009d70 (0x00006f17) auipc   t5, 0x6
core   0: 3 0x80009d70 (0x00006f17) x30 0x8000fd70
core   0: 0x80009d74 (0x283f2823) sw      gp, 656(t5)
core   0: 3 0x80009d74 (0x283f2823) mem 0x80010000 0x00000001
core   0: 0x80009d78 (0xff9ff06f) j       pc - 0x8
core   0: 3 0x80009d78 (0xff9ff06f)
core   0: 0x80009d70 (0x00006f17) auipc   t5, 0x6
core   0: 3 0x80009d70 (0x00006f17) x30 0x8000fd70
core   0: 0x80009d74 (0x283f2823) sw      gp, 656(t5)
core   0: 3 0x80009d74 (0x283f2823) mem 0x80010000 0x00000001
core   0: 0x80009d78 (0xff9ff06f) j       pc - 0x8
core   0: 3 0x80009d78 (0xff9ff06f)
core   0: 0x80009d70 (0x00006f17) auipc   t5, 0x6
core   0: 3 0x80009d70 (0x00006f17) x30 0x8000fd70
core   0: 0x80009d74 (0x283f2823) sw      gp, 656(t5)
core   0: 3 0x80009d74 (0x283f2823) mem 0x80010000 0x00000001
core   0: 0x80009d78 (0xff9ff06f) j       pc - 0x8
core   0: 3 0x80009d78 (0xff9ff06f)
core   0: 0x80009d70 (0x00006f17) auipc   t5, 0x6
core   0: 3 0x80009d70 (0x00006f17) x30 0x8000fd70
core   0: 0x80009d74 (0x283f2823) sw      gp, 656(t5)
core   0: 3 0x80009d74 (0x283f2823) mem 0x80010000 0x00000001
core   0: 0x80009d78 (0xff9ff06f) j       pc - 0x8
core   0: 3 0x80009d78 (0xff9ff06f)
core   0: 0x80009d70 (0x00006f17) auipc   t5, 0x6
core   0: 3 0x80009d70 (0x00006f17) x30 0x8000fd70
core   0: 0x80009d74 (0x283f2823) sw      gp, 656(t5)
core   0: 3 0x80009d74 (0x283f2823) mem 0x80010000 0x00000001
core   0: 0x80009d78 (0xff9ff06f) j       pc - 0x8
core   0: 3 0x80009d78 (0xff9ff06f)
core   0: 0x80009d70 (0x00006f17) auipc   t5, 0x6
core   0: 3 0x80009d70 (0x00006f17) x30 0x8000fd70
core   0: 0x80009d74 (0x283f2823) sw      gp, 656(t5)
core   0: 3 0x80009d74 (0x283f2823) mem 0x80010000 0x00000001
core   0: 0x80009d78 (0xff9ff06f) j       pc - 0x8
core   0: 3 0x80009d78 (0xff9ff06f)
core   0: 0x80009d70 (0x00006f17) auipc   t5, 0x6
core   0: 3 0x80009d70 (0x00006f17) x30 0x8000fd70
core   0: 0x80009d74 (0x283f2823) sw      gp, 656(t5)
core   0: 3 0x80009d74 (0x283f2823) mem 0x80010000 0x00000001
core   0: 0x80009d78 (0xff9ff06f) j       pc - 0x8
core   0: 3 0x80009d78 (0xff9ff06f)
core   0: 0x80009d70 (0x00006f17) auipc   t5, 0x6
core   0: 3 0x80009d70 (0x00006f17) x30 0x8000fd70
core   0: 0x80009d74 (0x283f2823) sw      gp, 656(t5)
core   0: 3 0x80009d74 (0x283f2823) mem 0x80010000 0x00000001
core   0: 0x80009d78 (0xff9ff06f) j       pc - 0x8
core   0: 3 0x80009d78 (0xff9ff06f)
core   0: 0x80009d70 (0x00006f17) auipc   t5, 0x6
core   0: 3 0x80009d70 (0x00006f17) x30 0x8000fd70
core   0: 0x80009d74 (0x283f2823) sw      gp, 656(t5)
core   0: 3 0x80009d74 (0x283f2823) mem 0x80010000 0x00000001
core   0: 0x80009d78 (0xff9ff06f) j       pc - 0x8
core   0: 3 0x80009d78 (0xff9ff06f)
core   0: 0x80009d70 (0x00006f17) auipc   t5, 0x6
core   0: 3 0x80009d70 (0x00006f17) x30 0x8000fd70
core   0: 0x80009d74 (0x283f2823) sw      gp, 656(t5)
core   0: 3 0x80009d74 (0x283f2823) mem 0x80010000 0x00000001
core   0: 0x80009d78 (0xff9ff06f) j       pc - 0x8
core   0: 3 0x80009d78 (0xff9ff06f)
core   0: 0x80009d70 (0x00006f17) auipc   t5, 0x6
core   0: 3 0x80009d70 (0x00006f17) x30 0x8000fd70
core   0: 0x80009d74 (0x283f2823) sw      gp, 656(t5)
core   0: 3 0x80009d74 (0x283f2823) mem 0x80010000 0x00000001
core   0: 0x80009d78 (0xff9ff06f) j       pc - 0x8
core   0: 3 0x80009d78 (0xff9ff06f)
core   0: 0x80009d70 (0x00006f17) auipc   t5, 0x6
core   0: 3 0x80009d70 (0x00006f17) x30 0x8000fd70
core   0: 0x80009d74 (0x283f2823) sw      gp, 656(t5)
core   0: 3 0x80009d74 (0x283f2823) mem 0x80010000 0x00000001
core   0: 0x80009d78 (0xff9ff06f) j       pc - 0x8
core   0: 3 0x80009d78 (0xff9ff06f)
core   0: 0x80009d70 (0x00006f17) auipc   t5, 0x6
core   0: 3 0x80009d70 (0x00006f17) x30 0x8000fd70
core   0: 0x80009d74 (0x283f2823) sw      gp, 656(t5)
core   0: 3 0x80009d74 (0x283f2823) mem 0x80010000 0x00000001
core   0: 0x80009d78 (0xff9ff06f) j       pc - 0x8
core   0: 3 0x80009d78 (0xff9ff06f)
core   0: 0x80009d70 (0x00006f17) auipc   t5, 0x6
core   0: 3 0x80009d70 (0x00006f17) x30 0x8000fd70
core   0: 0x80009d74 (0x283f2823) sw      gp, 656(t5)
core   0: 3 0x80009d74 (0x283f2823) mem 0x80010000 0x00000001
core   0: 0x80009d78 (0xff9ff06f) j       pc - 0x8
core   0: 3 0x80009d78 (0xff9ff06f)
core   0: 0x80009d70 (0x00006f17) auipc   t5, 0x6
core   0: 3 0x80009d70 (0x00006f17) x30 0x8000fd70
core   0: 0x80009d74 (0x283f2823) sw      gp, 656(t5)
core   0: 3 0x80009d74 (0x283f2823) mem 0x80010000 0x00000001
core   0: 0x80009d78 (0xff9ff06f) j       pc - 0x8
core   0: 3 0x80009d78 (0xff9ff06f)
core   0: 0x80009d70 (0x00006f17) auipc   t5, 0x6
core   0: 3 0x80009d70 (0x00006f17) x30 0x8000fd70
core   0: 0x80009d74 (0x283f2823) sw      gp, 656(t5)
core   0: 3 0x80009d74 (0x283f2823) mem 0x80010000 0x00000001
core   0: 0x80009d78 (0xff9ff06f) j       pc - 0x8
core   0: 3 0x80009d78 (0xff9ff06f)
core   0: 0x80009d70 (0x00006f17) auipc   t5, 0x6
core   0: 3 0x80009d70 (0x00006f17) x30 0x8000fd70
core   0: 0x80009d74 (0x283f2823) sw      gp, 656(t5)
core   0: 3 0x80009d74 (0x283f2823) mem 0x80010000 0x00000001
core   0: 0x80009d78 (0xff9ff06f) j       pc - 0x8
core   0: 3 0x80009d78 (0xff9ff06f)
core   0: 0x80009d70 (0x00006f17) auipc   t5, 0x6
core   0: 3 0x80009d70 (0x00006f17) x30 0x8000fd70
core   0: 0x80009d74 (0x283f2823) sw      gp, 656(t5)
core   0: 3 0x80009d74 (0x283f2823) mem 0x80010000 0x00000001
core   0: 0x80009d78 (0xff9ff06f) j       pc - 0x8
core   0: 3 0x80009d78 (0xff9ff06f)
core   0: 0x80009d70 (0x00006f17) auipc   t5, 0x6
core   0: 3 0x80009d70 (0x00006f17) x30 0x8000fd70
core   0: 0x80009d74 (0x283f2823) sw      gp, 656(t5)
core   0: 3 0x80009d74 (0x283f2823) mem 0x80010000 0x00000001
core   0: 0x80009d78 (0xff9ff06f) j       pc - 0x8
core   0: 3 0x80009d78 (0xff9ff06f)
core   0: 0x80009d70 (0x00006f17) auipc   t5, 0x6
core   0: 3 0x80009d70 (0x00006f17) x30 0x8000fd70
core   0: 0x80009d74 (0x283f2823) sw      gp, 656(t5)
core   0: 3 0x80009d74 (0x283f2823) mem 0x80010000 0x00000001
core   0: 0x80009d78 (0xff9ff06f) j       pc - 0x8
core   0: 3 0x80009d78 (0xff9ff06f)
core   0: 0x80009d70 (0x00006f17) auipc   t5, 0x6
core   0: 3 0x80009d70 (0x00006f17) x30 0x8000fd70
core   0: 0x80009d74 (0x283f2823) sw      gp, 656(t5)
core   0: 3 0x80009d74 (0x283f2823) mem 0x80010000 0x00000001
core   0: 0x80009d78 (0xff9ff06f) j       pc - 0x8
core   0: 3 0x80009d78 (0xff9ff06f)
core   0: 0x80009d70 (0x00006f17) auipc   t5, 0x6
core   0: 3 0x80009d70 (0x00006f17) x30 0x8000fd70
core   0: 0x80009d74 (0x283f2823) sw      gp, 656(t5)
core   0: 3 0x80009d74 (0x283f2823) mem 0x80010000 0x00000001
core   0: 0x80009d78 (0xff9ff06f) j       pc - 0x8
core   0: 3 0x80009d78 (0xff9ff06f)
core   0: 0x80009d70 (0x00006f17) auipc   t5, 0x6
core   0: 3 0x80009d70 (0x00006f17) x30 0x8000fd70
core   0: 0x80009d74 (0x283f2823) sw      gp, 656(t5)
core   0: 3 0x80009d74 (0x283f2823) mem 0x80010000 0x00000001
core   0: 0x80009d78 (0xff9ff06f) j       pc - 0x8
core   0: 3 0x80009d78 (0xff9ff06f)
core   0: 0x80009d70 (0x00006f17) auipc   t5, 0x6
core   0: 3 0x80009d70 (0x00006f17) x30 0x8000fd70
core   0: 0x80009d74 (0x283f2823) sw      gp, 656(t5)
core   0: 3 0x80009d74 (0x283f2823) mem 0x80010000 0x00000001
core   0: 0x80009d78 (0xff9ff06f) j       pc - 0x8
core   0: 3 0x80009d78 (0xff9ff06f)
core   0: 0x80009d70 (0x00006f17) auipc   t5, 0x6
core   0: 3 0x80009d70 (0x00006f17) x30 0x8000fd70
core   0: 0x80009d74 (0x283f2823) sw      gp, 656(t5)
core   0: 3 0x80009d74 (0x283f2823) mem 0x80010000 0x00000001
core   0: 0x80009d78 (0xff9ff06f) j       pc - 0x8
core   0: 3 0x80009d78 (0xff9ff06f)
core   0: 0x80009d70 (0x00006f17) auipc   t5, 0x6
core   0: 3 0x80009d70 (0x00006f17) x30 0x8000fd70
core   0: 0x80009d74 (0x283f2823) sw      gp, 656(t5)
core   0: 3 0x80009d74 (0x283f2823) mem 0x80010000 0x00000001
core   0: 0x80009d78 (0xff9ff06f) j       pc - 0x8
core   0: 3 0x80009d78 (0xff9ff06f)
core   0: 0x80009d70 (0x00006f17) auipc   t5, 0x6
core   0: 3 0x80009d70 (0x00006f17) x30 0x8000fd70
core   0: 0x80009d74 (0x283f2823) sw      gp, 656(t5)
core   0: 3 0x80009d74 (0x283f2823) mem 0x80010000 0x00000001
core   0: 0x80009d78 (0xff9ff06f) j       pc - 0x8
core   0: 3 0x80009d78 (0xff9ff06f)
core   0: 0x80009d70 (0x00006f17) auipc   t5, 0x6
core   0: 3 0x80009d70 (0x00006f17) x30 0x8000fd70
core   0: 0x80009d74 (0x283f2823) sw      gp, 656(t5)
core   0: 3 0x80009d74 (0x283f2823) mem 0x80010000 0x00000001
core   0: 0x80009d78 (0xff9ff06f) j       pc - 0x8
core   0: 3 0x80009d78 (0xff9ff06f)
core   0: 0x80009d70 (0x00006f17) auipc   t5, 0x6
core   0: 3 0x80009d70 (0x00006f17) x30 0x8000fd70
core   0: 0x80009d74 (0x283f2823) sw      gp, 656(t5)
core   0: 3 0x80009d74 (0x283f2823) mem 0x80010000 0x00000001
core   0: 0x80009d78 (0xff9ff06f) j       pc - 0x8
core   0: 3 0x80009d78 (0xff9ff06f)
core   0: 0x80009d70 (0x00006f17) auipc   t5, 0x6
core   0: 3 0x80009d70 (0x00006f17) x30 0x8000fd70
core   0: 0x80009d74 (0x283f2823) sw      gp, 656(t5)
core   0: 3 0x80009d74 (0x283f2823) mem 0x80010000 0x00000001
core   0: 0x80009d78 (0xff9ff06f) j       pc - 0x8
core   0: 3 0x80009d78 (0xff9ff06f)
core   0: 0x80009d70 (0x00006f17) auipc   t5, 0x6
core   0: 3 0x80009d70 (0x00006f17) x30 0x8000fd70
core   0: 0x80009d74 (0x283f2823) sw      gp, 656(t5)
core   0: 3 0x80009d74 (0x283f2823) mem 0x80010000 0x00000001
core   0: 0x80009d78 (0xff9ff06f) j       pc - 0x8
core   0: 3 0x80009d78 (0xff9ff06f)
core   0: 0x80009d70 (0x00006f17) auipc   t5, 0x6
core   0: 3 0x80009d70 (0x00006f17) x30 0x8000fd70
core   0: 0x80009d74 (0x283f2823) sw      gp, 656(t5)
core   0: 3 0x80009d74 (0x283f2823) mem 0x80010000 0x00000001
core   0: 0x80009d78 (0xff9ff06f) j       pc - 0x8
core   0: 3 0x80009d78 (0xff9ff06f)
core   0: 0x80009d70 (0x00006f17) auipc   t5, 0x6
core   0: 3 0x80009d70 (0x00006f17) x30 0x8000fd70
core   0: 0x80009d74 (0x283f2823) sw      gp, 656(t5)
core   0: 3 0x80009d74 (0x283f2823) mem 0x80010000 0x00000001
core   0: 0x80009d78 (0xff9ff06f) j       pc - 0x8
core   0: 3 0x80009d78 (0xff9ff06f)
core   0: 0x80009d70 (0x00006f17) auipc   t5, 0x6
core   0: 3 0x80009d70 (0x00006f17) x30 0x8000fd70
core   0: 0x80009d74 (0x283f2823) sw      gp, 656(t5)
core   0: 3 0x80009d74 (0x283f2823) mem 0x80010000 0x00000001
core   0: 0x80009d78 (0xff9ff06f) j       pc - 0x8
core   0: 3 0x80009d78 (0xff9ff06f)
core   0: 0x80009d70 (0x00006f17) auipc   t5, 0x6
core   0: 3 0x80009d70 (0x00006f17) x30 0x8000fd70
core   0: 0x80009d74 (0x283f2823) sw      gp, 656(t5)
core   0: 3 0x80009d74 (0x283f2823) mem 0x80010000 0x00000001
core   0: 0x80009d78 (0xff9ff06f) j       pc - 0x8
core   0: 3 0x80009d78 (0xff9ff06f)
core   0: 0x80009d70 (0x00006f17) auipc   t5, 0x6
core   0: 3 0x80009d70 (0x00006f17) x30 0x8000fd70
core   0: 0x80009d74 (0x283f2823) sw      gp, 656(t5)
core   0: 3 0x80009d74 (0x283f2823) mem 0x80010000 0x00000001
core   0: 0x80009d78 (0xff9ff06f) j       pc - 0x8
core   0: 3 0x80009d78 (0xff9ff06f)
core   0: 0x80009d70 (0x00006f17) auipc   t5, 0x6
core   0: 3 0x80009d70 (0x00006f17) x30 0x8000fd70
core   0: 0x80009d74 (0x283f2823) sw      gp, 656(t5)
core   0: 3 0x80009d74 (0x283f2823) mem 0x80010000 0x00000001
core   0: 0x80009d78 (0xff9ff06f) j       pc - 0x8
core   0: 3 0x80009d78 (0xff9ff06f)
core   0: 0x80009d70 (0x00006f17) auipc   t5, 0x6
core   0: 3 0x80009d70 (0x00006f17) x30 0x8000fd70
core   0: 0x80009d74 (0x283f2823) sw      gp, 656(t5)
core   0: 3 0x80009d74 (0x283f2823) mem 0x80010000 0x00000001
core   0: 0x80009d78 (0xff9ff06f) j       pc - 0x8
core   0: 3 0x80009d78 (0xff9ff06f)
core   0: 0x80009d70 (0x00006f17) auipc   t5, 0x6
core   0: 3 0x80009d70 (0x00006f17) x30 0x8000fd70
core   0: 0x80009d74 (0x283f2823) sw      gp, 656(t5)
core   0: 3 0x80009d74 (0x283f2823) mem 0x80010000 0x00000001
core   0: 0x80009d78 (0xff9ff06f) j       pc - 0x8
core   0: 3 0x80009d78 (0xff9ff06f)
core   0: 0x80009d70 (0x00006f17) auipc   t5, 0x6
core   0: 3 0x80009d70 (0x00006f17) x30 0x8000fd70
core   0: 0x80009d74 (0x283f2823) sw      gp, 656(t5)
core   0: 3 0x80009d74 (0x283f2823) mem 0x80010000 0x00000001
core   0: 0x80009d78 (0xff9ff06f) j       pc - 0x8
core   0: 3 0x80009d78 (0xff9ff06f)
core   0: 0x80009d70 (0x00006f17) auipc   t5, 0x6
core   0: 3 0x80009d70 (0x00006f17) x30 0x8000fd70
core   0: 0x80009d74 (0x283f2823) sw      gp, 656(t5)
core   0: 3 0x80009d74 (0x283f2823) mem 0x80010000 0x00000001
core   0: 0x80009d78 (0xff9ff06f) j       pc - 0x8
core   0: 3 0x80009d78 (0xff9ff06f)
core   0: 0x80009d70 (0x00006f17) auipc   t5, 0x6
core   0: 3 0x80009d70 (0x00006f17) x30 0x8000fd70
core   0: 0x80009d74 (0x283f2823) sw      gp, 656(t5)
core   0: 3 0x80009d74 (0x283f2823) mem 0x80010000 0x00000001
core   0: 0x80009d78 (0xff9ff06f) j       pc - 0x8
core   0: 3 0x80009d78 (0xff9ff06f)
core   0: 0x80009d70 (0x00006f17) auipc   t5, 0x6
core   0: 3 0x80009d70 (0x00006f17) x30 0x8000fd70
core   0: 0x80009d74 (0x283f2823) sw      gp, 656(t5)
core   0: 3 0x80009d74 (0x283f2823) mem 0x80010000 0x00000001
core   0: 0x80009d78 (0xff9ff06f) j       pc - 0x8
core   0: 3 0x80009d78 (0xff9ff06f)
core   0: 0x80009d70 (0x00006f17) auipc   t5, 0x6
core   0: 3 0x80009d70 (0x00006f17) x30 0x8000fd70
core   0: 0x80009d74 (0x283f2823) sw      gp, 656(t5)
core   0: 3 0x80009d74 (0x283f2823) mem 0x80010000 0x00000001
core   0: 0x80009d78 (0xff9ff06f) j       pc - 0x8
core   0: 3 0x80009d78 (0xff9ff06f)
core   0: 0x80009d70 (0x00006f17) auipc   t5, 0x6
core   0: 3 0x80009d70 (0x00006f17) x30 0x8000fd70
core   0: 0x80009d74 (0x283f2823) sw      gp, 656(t5)
core   0: 3 0x80009d74 (0x283f2823) mem 0x80010000 0x00000001
core   0: 0x80009d78 (0xff9ff06f) j       pc - 0x8
core   0: 3 0x80009d78 (0xff9ff06f)
core   0: 0x80009d70 (0x00006f17) auipc   t5, 0x6
core   0: 3 0x80009d70 (0x00006f17) x30 0x8000fd70
core   0: 0x80009d74 (0x283f2823) sw      gp, 656(t5)
core   0: 3 0x80009d74 (0x283f2823) mem 0x80010000 0x00000001
core   0: 0x80009d78 (0xff9ff06f) j       pc - 0x8
core   0: 3 0x80009d78 (0xff9ff06f)
core   0: 0x80009d70 (0x00006f17) auipc   t5, 0x6
core   0: 3 0x80009d70 (0x00006f17) x30 0x8000fd70
core   0: 0x80009d74 (0x283f2823) sw      gp, 656(t5)
core   0: 3 0x80009d74 (0x283f2823) mem 0x80010000 0x00000001
core   0: 0x80009d78 (0xff9ff06f) j       pc - 0x8
core   0: 3 0x80009d78 (0xff9ff06f)
core   0: 0x80009d70 (0x00006f17) auipc   t5, 0x6
core   0: 3 0x80009d70 (0x00006f17) x30 0x8000fd70
core   0: 0x80009d74 (0x283f2823) sw      gp, 656(t5)
core   0: 3 0x80009d74 (0x283f2823) mem 0x80010000 0x00000001
core   0: 0x80009d78 (0xff9ff06f) j       pc - 0x8
core   0: 3 0x80009d78 (0xff9ff06f)
core   0: 0x80009d70 (0x00006f17) auipc   t5, 0x6
core   0: 3 0x80009d70 (0x00006f17) x30 0x8000fd70
core   0: 0x80009d74 (0x283f2823) sw      gp, 656(t5)
core   0: 3 0x80009d74 (0x283f2823) mem 0x80010000 0x00000001
core   0: 0x80009d78 (0xff9ff06f) j       pc - 0x8
core   0: 3 0x80009d78 (0xff9ff06f)
core   0: 0x80009d70 (0x00006f17) auipc   t5, 0x6
core   0: 3 0x80009d70 (0x00006f17) x30 0x8000fd70
core   0: 0x80009d74 (0x283f2823) sw      gp, 656(t5)
core   0: 3 0x80009d74 (0x283f2823) mem 0x80010000 0x00000001
core   0: 0x80009d78 (0xff9ff06f) j       pc - 0x8
core   0: 3 0x80009d78 (0xff9ff06f)
core   0: 0x80009d70 (0x00006f17) auipc   t5, 0x6
core   0: 3 0x80009d70 (0x00006f17) x30 0x8000fd70
core   0: 0x80009d74 (0x283f2823) sw      gp, 656(t5)
core   0: 3 0x80009d74 (0x283f2823) mem 0x80010000 0x00000001
core   0: 0x80009d78 (0xff9ff06f) j       pc - 0x8
core   0: 3 0x80009d78 (0xff9ff06f)
core   0: 0x80009d70 (0x00006f17) auipc   t5, 0x6
core   0: 3 0x80009d70 (0x00006f17) x30 0x8000fd70
core   0: 0x80009d74 (0x283f2823) sw      gp, 656(t5)
core   0: 3 0x80009d74 (0x283f2823) mem 0x80010000 0x00000001
core   0: 0x80009d78 (0xff9ff06f) j       pc - 0x8
core   0: 3 0x80009d78 (0xff9ff06f)
core   0: 0x80009d70 (0x00006f17) auipc   t5, 0x6
core   0: 3 0x80009d70 (0x00006f17) x30 0x8000fd70
core   0: 0x80009d74 (0x283f2823) sw      gp, 656(t5)
core   0: 3 0x80009d74 (0x283f2823) mem 0x80010000 0x00000001
core   0: 0x80009d78 (0xff9ff06f) j       pc - 0x8
core   0: 3 0x80009d78 (0xff9ff06f)
core   0: 0x80009d70 (0x00006f17) auipc   t5, 0x6
core   0: 3 0x80009d70 (0x00006f17) x30 0x8000fd70
core   0: 0x80009d74 (0x283f2823) sw      gp, 656(t5)
core   0: 3 0x80009d74 (0x283f2823) mem 0x80010000 0x00000001
core   0: 0x80009d78 (0xff9ff06f) j       pc - 0x8
core   0: 3 0x80009d78 (0xff9ff06f)
core   0: 0x80009d70 (0x00006f17) auipc   t5, 0x6
core   0: 3 0x80009d70 (0x00006f17) x30 0x8000fd70
core   0: 0x80009d74 (0x283f2823) sw      gp, 656(t5)
core   0: 3 0x80009d74 (0x283f2823) mem 0x80010000 0x00000001
core   0: 0x80009d78 (0xff9ff06f) j       pc - 0x8
core   0: 3 0x80009d78 (0xff9ff06f)
core   0: 0x80009d70 (0x00006f17) auipc   t5, 0x6
core   0: 3 0x80009d70 (0x00006f17) x30 0x8000fd70
core   0: 0x80009d74 (0x283f2823) sw      gp, 656(t5)
core   0: 3 0x80009d74 (0x283f2823) mem 0x80010000 0x00000001
core   0: 0x80009d78 (0xff9ff06f) j       pc - 0x8
core   0: 3 0x80009d78 (0xff9ff06f)
core   0: 0x80009d70 (0x00006f17) auipc   t5, 0x6
core   0: 3 0x80009d70 (0x00006f17) x30 0x8000fd70
core   0: 0x80009d74 (0x283f2823) sw      gp, 656(t5)
core   0: 3 0x80009d74 (0x283f2823) mem 0x80010000 0x00000001
core   0: 0x80009d78 (0xff9ff06f) j       pc - 0x8
core   0: 3 0x80009d78 (0xff9ff06f)
core   0: 0x80009d70 (0x00006f17) auipc   t5, 0x6
core   0: 3 0x80009d70 (0x00006f17) x30 0x8000fd70
core   0: 0x80009d74 (0x283f2823) sw      gp, 656(t5)
core   0: 3 0x80009d74 (0x283f2823) mem 0x80010000 0x00000001
core   0: 0x80009d78 (0xff9ff06f) j       pc - 0x8
core   0: 3 0x80009d78 (0xff9ff06f)
core   0: 0x80009d70 (0x00006f17) auipc   t5, 0x6
core   0: 3 0x80009d70 (0x00006f17) x30 0x8000fd70
core   0: 0x80009d74 (0x283f2823) sw      gp, 656(t5)
core   0: 3 0x80009d74 (0x283f2823) mem 0x80010000 0x00000001
core   0: 0x80009d78 (0xff9ff06f) j       pc - 0x8
core   0: 3 0x80009d78 (0xff9ff06f)
core   0: 0x80009d70 (0x00006f17) auipc   t5, 0x6
core   0: 3 0x80009d70 (0x00006f17) x30 0x8000fd70
core   0: 0x80009d74 (0x283f2823) sw      gp, 656(t5)
core   0: 3 0x80009d74 (0x283f2823) mem 0x80010000 0x00000001
core   0: 0x80009d78 (0xff9ff06f) j       pc - 0x8
core   0: 3 0x80009d78 (0xff9ff06f)
core   0: 0x80009d70 (0x00006f17) auipc   t5, 0x6
core   0: 3 0x80009d70 (0x00006f17) x30 0x8000fd70
core   0: 0x80009d74 (0x283f2823) sw      gp, 656(t5)
core   0: 3 0x80009d74 (0x283f2823) mem 0x80010000 0x00000001
core   0: 0x80009d78 (0xff9ff06f) j       pc - 0x8
core   0: 3 0x80009d78 (0xff9ff06f)
core   0: 0x80009d70 (0x00006f17) auipc   t5, 0x6
core   0: 3 0x80009d70 (0x00006f17) x30 0x8000fd70
core   0: 0x80009d74 (0x283f2823) sw      gp, 656(t5)
core   0: 3 0x80009d74 (0x283f2823) mem 0x80010000 0x00000001
core   0: 0x80009d78 (0xff9ff06f) j       pc - 0x8
core   0: 3 0x80009d78 (0xff9ff06f)
core   0: 0x80009d70 (0x00006f17) auipc   t5, 0x6
core   0: 3 0x80009d70 (0x00006f17) x30 0x8000fd70
core   0: 0x80009d74 (0x283f2823) sw      gp, 656(t5)
core   0: 3 0x80009d74 (0x283f2823) mem 0x80010000 0x00000001
core   0: 0x80009d78 (0xff9ff06f) j       pc - 0x8
core   0: 3 0x80009d78 (0xff9ff06f)
core   0: 0x80009d70 (0x00006f17) auipc   t5, 0x6
core   0: 3 0x80009d70 (0x00006f17) x30 0x8000fd70
core   0: 0x80009d74 (0x283f2823) sw      gp, 656(t5)
core   0: 3 0x80009d74 (0x283f2823) mem 0x80010000 0x00000001
core   0: 0x80009d78 (0xff9ff06f) j       pc - 0x8
core   0: 3 0x80009d78 (0xff9ff06f)
core   0: 0x80009d70 (0x00006f17) auipc   t5, 0x6
core   0: 3 0x80009d70 (0x00006f17) x30 0x8000fd70
core   0: 0x80009d74 (0x283f2823) sw      gp, 656(t5)
core   0: 3 0x80009d74 (0x283f2823) mem 0x80010000 0x00000001
core   0: 0x80009d78 (0xff9ff06f) j       pc - 0x8
core   0: 3 0x80009d78 (0xff9ff06f)
core   0: 0x80009d70 (0x00006f17) auipc   t5, 0x6
core   0: 3 0x80009d70 (0x00006f17) x30 0x8000fd70
core   0: 0x80009d74 (0x283f2823) sw      gp, 656(t5)
core   0: 3 0x80009d74 (0x283f2823) mem 0x80010000 0x00000001
core   0: 0x80009d78 (0xff9ff06f) j       pc - 0x8
core   0: 3 0x80009d78 (0xff9ff06f)
core   0: 0x80009d70 (0x00006f17) auipc   t5, 0x6
core   0: 3 0x80009d70 (0x00006f17) x30 0x8000fd70
core   0: 0x80009d74 (0x283f2823) sw      gp, 656(t5)
core   0: 3 0x80009d74 (0x283f2823) mem 0x80010000 0x00000001
core   0: 0x80009d78 (0xff9ff06f) j       pc - 0x8
core   0: 3 0x80009d78 (0xff9ff06f)
core   0: 0x80009d70 (0x00006f17) auipc   t5, 0x6
core   0: 3 0x80009d70 (0x00006f17) x30 0x8000fd70
core   0: 0x80009d74 (0x283f2823) sw      gp, 656(t5)
core   0: 3 0x80009d74 (0x283f2823) mem 0x80010000 0x00000001
core   0: 0x80009d78 (0xff9ff06f) j       pc - 0x8
core   0: 3 0x80009d78 (0xff9ff06f)
core   0: 0x80009d70 (0x00006f17) auipc   t5, 0x6
core   0: 3 0x80009d70 (0x00006f17) x30 0x8000fd70
core   0: 0x80009d74 (0x283f2823) sw      gp, 656(t5)
core   0: 3 0x80009d74 (0x283f2823) mem 0x80010000 0x00000001
core   0: 0x80009d78 (0xff9ff06f) j       pc - 0x8
core   0: 3 0x80009d78 (0xff9ff06f)
core   0: 0x80009d70 (0x00006f17) auipc   t5, 0x6
core   0: 3 0x80009d70 (0x00006f17) x30 0x8000fd70
core   0: 0x80009d74 (0x283f2823) sw      gp, 656(t5)
core   0: 3 0x80009d74 (0x283f2823) mem 0x80010000 0x00000001
core   0: 0x80009d78 (0xff9ff06f) j       pc - 0x8
core   0: 3 0x80009d78 (0xff9ff06f)
core   0: 0x80009d70 (0x00006f17) auipc   t5, 0x6
core   0: 3 0x80009d70 (0x00006f17) x30 0x8000fd70
core   0: 0x80009d74 (0x283f2823) sw      gp, 656(t5)
core   0: 3 0x80009d74 (0x283f2823) mem 0x80010000 0x00000001
core   0: 0x80009d78 (0xff9ff06f) j       pc - 0x8
core   0: 3 0x80009d78 (0xff9ff06f)
core   0: 0x80009d70 (0x00006f17) auipc   t5, 0x6
core   0: 3 0x80009d70 (0x00006f17) x30 0x8000fd70
core   0: 0x80009d74 (0x283f2823) sw      gp, 656(t5)
core   0: 3 0x80009d74 (0x283f2823) mem 0x80010000 0x00000001
core   0: 0x80009d78 (0xff9ff06f) j       pc - 0x8
core   0: 3 0x80009d78 (0xff9ff06f)
core   0: 0x80009d70 (0x00006f17) auipc   t5, 0x6
core   0: 3 0x80009d70 (0x00006f17) x30 0x8000fd70
core   0: 0x80009d74 (0x283f2823) sw      gp, 656(t5)
core   0: 3 0x80009d74 (0x283f2823) mem 0x80010000 0x00000001
core   0: 0x80009d78 (0xff9ff06f) j       pc - 0x8
core   0: 3 0x80009d78 (0xff9ff06f)
core   0: 0x80009d70 (0x00006f17) auipc   t5, 0x6
core   0: 3 0x80009d70 (0x00006f17) x30 0x8000fd70
core   0: 0x80009d74 (0x283f2823) sw      gp, 656(t5)
core   0: 3 0x80009d74 (0x283f2823) mem 0x80010000 0x00000001
core   0: 0x80009d78 (0xff9ff06f) j       pc - 0x8
core   0: 3 0x80009d78 (0xff9ff06f)
core   0: 0x80009d70 (0x00006f17) auipc   t5, 0x6
core   0: 3 0x80009d70 (0x00006f17) x30 0x8000fd70
core   0: 0x80009d74 (0x283f2823) sw      gp, 656(t5)
core   0: 3 0x80009d74 (0x283f2823) mem 0x80010000 0x00000001
core   0: 0x80009d78 (0xff9ff06f) j       pc - 0x8
core   0: 3 0x80009d78 (0xff9ff06f)
core   0: 0x80009d70 (0x00006f17) auipc   t5, 0x6
core   0: 3 0x80009d70 (0x00006f17) x30 0x8000fd70
core   0: 0x80009d74 (0x283f2823) sw      gp, 656(t5)
core   0: 3 0x80009d74 (0x283f2823) mem 0x80010000 0x00000001
core   0: 0x80009d78 (0xff9ff06f) j       pc - 0x8
core   0: 3 0x80009d78 (0xff9ff06f)
core   0: 0x80009d70 (0x00006f17) auipc   t5, 0x6
core   0: 3 0x80009d70 (0x00006f17) x30 0x8000fd70
core   0: 0x80009d74 (0x283f2823) sw      gp, 656(t5)
core   0: 3 0x80009d74 (0x283f2823) mem 0x80010000 0x00000001
core   0: 0x80009d78 (0xff9ff06f) j       pc - 0x8
core   0: 3 0x80009d78 (0xff9ff06f)
core   0: 0x80009d70 (0x00006f17) auipc   t5, 0x6
core   0: 3 0x80009d70 (0x00006f17) x30 0x8000fd70
core   0: 0x80009d74 (0x283f2823) sw      gp, 656(t5)
core   0: 3 0x80009d74 (0x283f2823) mem 0x80010000 0x00000001
core   0: 0x80009d78 (0xff9ff06f) j       pc - 0x8
core   0: 3 0x80009d78 (0xff9ff06f)
core   0: 0x80009d70 (0x00006f17) auipc   t5, 0x6
core   0: 3 0x80009d70 (0x00006f17) x30 0x8000fd70
core   0: 0x80009d74 (0x283f2823) sw      gp, 656(t5)
core   0: 3 0x80009d74 (0x283f2823) mem 0x80010000 0x00000001
core   0: 0x80009d78 (0xff9ff06f) j       pc - 0x8
core   0: 3 0x80009d78 (0xff9ff06f)
core   0: 0x80009d70 (0x00006f17) auipc   t5, 0x6
core   0: 3 0x80009d70 (0x00006f17) x30 0x8000fd70
core   0: 0x80009d74 (0x283f2823) sw      gp, 656(t5)
core   0: 3 0x80009d74 (0x283f2823) mem 0x80010000 0x00000001
core   0: 0x80009d78 (0xff9ff06f) j       pc - 0x8
core   0: 3 0x80009d78 (0xff9ff06f)
core   0: 0x80009d70 (0x00006f17) auipc   t5, 0x6
core   0: 3 0x80009d70 (0x00006f17) x30 0x8000fd70
core   0: 0x80009d74 (0x283f2823) sw      gp, 656(t5)
core   0: 3 0x80009d74 (0x283f2823) mem 0x80010000 0x00000001
core   0: 0x80009d78 (0xff9ff06f) j       pc - 0x8
core   0: 3 0x80009d78 (0xff9ff06f)
core   0: 0x80009d70 (0x00006f17) auipc   t5, 0x6
core   0: 3 0x80009d70 (0x00006f17) x30 0x8000fd70
core   0: 0x80009d74 (0x283f2823) sw      gp, 656(t5)
core   0: 3 0x80009d74 (0x283f2823) mem 0x80010000 0x00000001
core   0: 0x80009d78 (0xff9ff06f) j       pc - 0x8
core   0: 3 0x80009d78 (0xff9ff06f)
core   0: 0x80009d70 (0x00006f17) auipc   t5, 0x6
core   0: 3 0x80009d70 (0x00006f17) x30 0x8000fd70
core   0: 0x80009d74 (0x283f2823) sw      gp, 656(t5)
core   0: 3 0x80009d74 (0x283f2823) mem 0x80010000 0x00000001
core   0: 0x80009d78 (0xff9ff06f) j       pc - 0x8
core   0: 3 0x80009d78 (0xff9ff06f)
core   0: 0x80009d70 (0x00006f17) auipc   t5, 0x6
core   0: 3 0x80009d70 (0x00006f17) x30 0x8000fd70
core   0: 0x80009d74 (0x283f2823) sw      gp, 656(t5)
core   0: 3 0x80009d74 (0x283f2823) mem 0x80010000 0x00000001
core   0: 0x80009d78 (0xff9ff06f) j       pc - 0x8
core   0: 3 0x80009d78 (0xff9ff06f)
core   0: 0x80009d70 (0x00006f17) auipc   t5, 0x6
core   0: 3 0x80009d70 (0x00006f17) x30 0x8000fd70
core   0: 0x80009d74 (0x283f2823) sw      gp, 656(t5)
core   0: 3 0x80009d74 (0x283f2823) mem 0x80010000 0x00000001
core   0: 0x80009d78 (0xff9ff06f) j       pc - 0x8
core   0: 3 0x80009d78 (0xff9ff06f)
core   0: 0x80009d70 (0x00006f17) auipc   t5, 0x6
core   0: 3 0x80009d70 (0x00006f17) x30 0x8000fd70
core   0: 0x80009d74 (0x283f2823) sw      gp, 656(t5)
core   0: 3 0x80009d74 (0x283f2823) mem 0x80010000 0x00000001
core   0: 0x80009d78 (0xff9ff06f) j       pc - 0x8
core   0: 3 0x80009d78 (0xff9ff06f)
core   0: 0x80009d70 (0x00006f17) auipc   t5, 0x6
core   0: 3 0x80009d70 (0x00006f17) x30 0x8000fd70
core   0: 0x80009d74 (0x283f2823) sw      gp, 656(t5)
core   0: 3 0x80009d74 (0x283f2823) mem 0x80010000 0x00000001
core   0: 0x80009d78 (0xff9ff06f) j       pc - 0x8
core   0: 3 0x80009d78 (0xff9ff06f)
core   0: 0x80009d70 (0x00006f17) auipc   t5, 0x6
core   0: 3 0x80009d70 (0x00006f17) x30 0x8000fd70
core   0: 0x80009d74 (0x283f2823) sw      gp, 656(t5)
core   0: 3 0x80009d74 (0x283f2823) mem 0x80010000 0x00000001
core   0: 0x80009d78 (0xff9ff06f) j       pc - 0x8
core   0: 3 0x80009d78 (0xff9ff06f)
core   0: 0x80009d70 (0x00006f17) auipc   t5, 0x6
core   0: 3 0x80009d70 (0x00006f17) x30 0x8000fd70
core   0: 0x80009d74 (0x283f2823) sw      gp, 656(t5)
core   0: 3 0x80009d74 (0x283f2823) mem 0x80010000 0x00000001
core   0: 0x80009d78 (0xff9ff06f) j       pc - 0x8
core   0: 3 0x80009d78 (0xff9ff06f)
core   0: 0x80009d70 (0x00006f17) auipc   t5, 0x6
core   0: 3 0x80009d70 (0x00006f17) x30 0x8000fd70
core   0: 0x80009d74 (0x283f2823) sw      gp, 656(t5)
core   0: 3 0x80009d74 (0x283f2823) mem 0x80010000 0x00000001
core   0: 0x80009d78 (0xff9ff06f) j       pc - 0x8
core   0: 3 0x80009d78 (0xff9ff06f)
core   0: 0x80009d70 (0x00006f17) auipc   t5, 0x6
core   0: 3 0x80009d70 (0x00006f17) x30 0x8000fd70
core   0: 0x80009d74 (0x283f2823) sw      gp, 656(t5)
core   0: 3 0x80009d74 (0x283f2823) mem 0x80010000 0x00000001
core   0: 0x80009d78 (0xff9ff06f) j       pc - 0x8
core   0: 3 0x80009d78 (0xff9ff06f)
core   0: 0x80009d70 (0x00006f17) auipc   t5, 0x6
core   0: 3 0x80009d70 (0x00006f17) x30 0x8000fd70
core   0: 0x80009d74 (0x283f2823) sw      gp, 656(t5)
core   0: 3 0x80009d74 (0x283f2823) mem 0x80010000 0x00000001
core   0: 0x80009d78 (0xff9ff06f) j       pc - 0x8
core   0: 3 0x80009d78 (0xff9ff06f)
core   0: 0x80009d70 (0x00006f17) auipc   t5, 0x6
core   0: 3 0x80009d70 (0x00006f17) x30 0x8000fd70
core   0: 0x80009d74 (0x283f2823) sw      gp, 656(t5)
core   0: 3 0x80009d74 (0x283f2823) mem 0x80010000 0x00000001
core   0: 0x80009d78 (0xff9ff06f) j       pc - 0x8
core   0: 3 0x80009d78 (0xff9ff06f)
core   0: 0x80009d70 (0x00006f17) auipc   t5, 0x6
core   0: 3 0x80009d70 (0x00006f17) x30 0x8000fd70
core   0: 0x80009d74 (0x283f2823) sw      gp, 656(t5)
core   0: 3 0x80009d74 (0x283f2823) mem 0x80010000 0x00000001
core   0: 0x80009d78 (0xff9ff06f) j       pc - 0x8
core   0: 3 0x80009d78 (0xff9ff06f)
core   0: 0x80009d70 (0x00006f17) auipc   t5, 0x6
core   0: 3 0x80009d70 (0x00006f17) x30 0x8000fd70
core   0: 0x80009d74 (0x283f2823) sw      gp, 656(t5)
core   0: 3 0x80009d74 (0x283f2823) mem 0x80010000 0x00000001
core   0: 0x80009d78 (0xff9ff06f) j       pc - 0x8
core   0: 3 0x80009d78 (0xff9ff06f)
core   0: 0x80009d70 (0x00006f17) auipc   t5, 0x6
core   0: 3 0x80009d70 (0x00006f17) x30 0x8000fd70
core   0: 0x80009d74 (0x283f2823) sw      gp, 656(t5)
core   0: 3 0x80009d74 (0x283f2823) mem 0x80010000 0x00000001
core   0: 0x80009d78 (0xff9ff06f) j       pc - 0x8
core   0: 3 0x80009d78 (0xff9ff06f)
core   0: 0x80009d70 (0x00006f17) auipc   t5, 0x6
core   0: 3 0x80009d70 (0x00006f17) x30 0x8000fd70
core   0: 0x80009d74 (0x283f2823) sw      gp, 656(t5)
core   0: 3 0x80009d74 (0x283f2823) mem 0x80010000 0x00000001
core   0: 0x80009d78 (0xff9ff06f) j       pc - 0x8
core   0: 3 0x80009d78 (0xff9ff06f)
core   0: 0x80009d70 (0x00006f17) auipc   t5, 0x6
core   0: 3 0x80009d70 (0x00006f17) x30 0x8000fd70
core   0: 0x80009d74 (0x283f2823) sw      gp, 656(t5)
core   0: 3 0x80009d74 (0x283f2823) mem 0x80010000 0x00000001
core   0: 0x80009d78 (0xff9ff06f) j       pc - 0x8
core   0: 3 0x80009d78 (0xff9ff06f)
core   0: 0x80009d70 (0x00006f17) auipc   t5, 0x6
core   0: 3 0x80009d70 (0x00006f17) x30 0x8000fd70
core   0: 0x80009d74 (0x283f2823) sw      gp, 656(t5)
core   0: 3 0x80009d74 (0x283f2823) mem 0x80010000 0x00000001
core   0: 0x80009d78 (0xff9ff06f) j       pc - 0x8
core   0: 3 0x80009d78 (0xff9ff06f)
core   0: 0x80009d70 (0x00006f17) auipc   t5, 0x6
core   0: 3 0x80009d70 (0x00006f17) x30 0x8000fd70
core   0: 0x80009d74 (0x283f2823) sw      gp, 656(t5)
core   0: 3 0x80009d74 (0x283f2823) mem 0x80010000 0x00000001
core   0: 0x80009d78 (0xff9ff06f) j       pc - 0x8
core   0: 3 0x80009d78 (0xff9ff06f)
core   0: 0x80009d70 (0x00006f17) auipc   t5, 0x6
core   0: 3 0x80009d70 (0x00006f17) x30 0x8000fd70
core   0: 0x80009d74 (0x283f2823) sw      gp, 656(t5)
core   0: 3 0x80009d74 (0x283f2823) mem 0x80010000 0x00000001
core   0: 0x80009d78 (0xff9ff06f) j       pc - 0x8
core   0: 3 0x80009d78 (0xff9ff06f)
core   0: 0x80009d70 (0x00006f17) auipc   t5, 0x6
core   0: 3 0x80009d70 (0x00006f17) x30 0x8000fd70
core   0: 0x80009d74 (0x283f2823) sw      gp, 656(t5)
core   0: 3 0x80009d74 (0x283f2823) mem 0x80010000 0x00000001
core   0: 0x80009d78 (0xff9ff06f) j       pc - 0x8
core   0: 3 0x80009d78 (0xff9ff06f)
core   0: 0x80009d70 (0x00006f17) auipc   t5, 0x6
core   0: 3 0x80009d70 (0x00006f17) x30 0x8000fd70
core   0: 0x80009d74 (0x283f2823) sw      gp, 656(t5)
core   0: 3 0x80009d74 (0x283f2823) mem 0x80010000 0x00000001
core   0: 0x80009d78 (0xff9ff06f) j       pc - 0x8
core   0: 3 0x80009d78 (0xff9ff06f)
core   0: 0x80009d70 (0x00006f17) auipc   t5, 0x6
core   0: 3 0x80009d70 (0x00006f17) x30 0x8000fd70
core   0: 0x80009d74 (0x283f2823) sw      gp, 656(t5)
core   0: 3 0x80009d74 (0x283f2823) mem 0x80010000 0x00000001
core   0: 0x80009d78 (0xff9ff06f) j       pc - 0x8
core   0: 3 0x80009d78 (0xff9ff06f)
core   0: 0x80009d70 (0x00006f17) auipc   t5, 0x6
core   0: 3 0x80009d70 (0x00006f17) x30 0x8000fd70
core   0: 0x80009d74 (0x283f2823) sw      gp, 656(t5)
core   0: 3 0x80009d74 (0x283f2823) mem 0x80010000 0x00000001
core   0: 0x80009d78 (0xff9ff06f) j       pc - 0x8
core   0: 3 0x80009d78 (0xff9ff06f)
core   0: 0x80009d70 (0x00006f17) auipc   t5, 0x6
core   0: 3 0x80009d70 (0x00006f17) x30 0x8000fd70
core   0: 0x80009d74 (0x283f2823) sw      gp, 656(t5)
core   0: 3 0x80009d74 (0x283f2823) mem 0x80010000 0x00000001
core   0: 0x80009d78 (0xff9ff06f) j       pc - 0x8
core   0: 3 0x80009d78 (0xff9ff06f)
core   0: 0x80009d70 (0x00006f17) auipc   t5, 0x6
core   0: 3 0x80009d70 (0x00006f17) x30 0x8000fd70
core   0: 0x80009d74 (0x283f2823) sw      gp, 656(t5)
core   0: 3 0x80009d74 (0x283f2823) mem 0x80010000 0x00000001
core   0: 0x80009d78 (0xff9ff06f) j       pc - 0x8
core   0: 3 0x80009d78 (0xff9ff06f)
core   0: 0x80009d70 (0x00006f17) auipc   t5, 0x6
core   0: 3 0x80009d70 (0x00006f17) x30 0x8000fd70
core   0: 0x80009d74 (0x283f2823) sw      gp, 656(t5)
core   0: 3 0x80009d74 (0x283f2823) mem 0x80010000 0x00000001
core   0: 0x80009d78 (0xff9ff06f) j       pc - 0x8
core   0: 3 0x80009d78 (0xff9ff06f)
core   0: 0x80009d70 (0x00006f17) auipc   t5, 0x6
core   0: 3 0x80009d70 (0x00006f17) x30 0x8000fd70
core   0: 0x80009d74 (0x283f2823) sw      gp, 656(t5)
core   0: 3 0x80009d74 (0x283f2823) mem 0x80010000 0x00000001
core   0: 0x80009d78 (0xff9ff06f) j       pc - 0x8
core   0: 3 0x80009d78 (0xff9ff06f)
core   0: 0x80009d70 (0x00006f17) auipc   t5, 0x6
core   0: 3 0x80009d70 (0x00006f17) x30 0x8000fd70
core   0: 0x80009d74 (0x283f2823) sw      gp, 656(t5)
core   0: 3 0x80009d74 (0x283f2823) mem 0x80010000 0x00000001
core   0: 0x80009d78 (0xff9ff06f) j       pc - 0x8
core   0: 3 0x80009d78 (0xff9ff06f)
core   0: 0x80009d70 (0x00006f17) auipc   t5, 0x6
core   0: 3 0x80009d70 (0x00006f17) x30 0x8000fd70
core   0: 0x80009d74 (0x283f2823) sw      gp, 656(t5)
core   0: 3 0x80009d74 (0x283f2823) mem 0x80010000 0x00000001
core   0: 0x80009d78 (0xff9ff06f) j       pc - 0x8
core   0: 3 0x80009d78 (0xff9ff06f)
core   0: 0x80009d70 (0x00006f17) auipc   t5, 0x6
core   0: 3 0x80009d70 (0x00006f17) x30 0x8000fd70
core   0: 0x80009d74 (0x283f2823) sw      gp, 656(t5)
core   0: 3 0x80009d74 (0x283f2823) mem 0x80010000 0x00000001
core   0: 0x80009d78 (0xff9ff06f) j       pc - 0x8
core   0: 3 0x80009d78 (0xff9ff06f)
core   0: 0x80009d70 (0x00006f17) auipc   t5, 0x6
core   0: 3 0x80009d70 (0x00006f17) x30 0x8000fd70
core   0: 0x80009d74 (0x283f2823) sw      gp, 656(t5)
core   0: 3 0x80009d74 (0x283f2823) mem 0x80010000 0x00000001
core   0: 0x80009d78 (0xff9ff06f) j       pc - 0x8
core   0: 3 0x80009d78 (0xff9ff06f)
core   0: 0x80009d70 (0x00006f17) auipc   t5, 0x6
core   0: 3 0x80009d70 (0x00006f17) x30 0x8000fd70
core   0: 0x80009d74 (0x283f2823) sw      gp, 656(t5)
core   0: 3 0x80009d74 (0x283f2823) mem 0x80010000 0x00000001
core   0: 0x80009d78 (0xff9ff06f) j       pc - 0x8
core   0: 3 0x80009d78 (0xff9ff06f)
core   0: 0x80009d70 (0x00006f17) auipc   t5, 0x6
core   0: 3 0x80009d70 (0x00006f17) x30 0x8000fd70
core   0: 0x80009d74 (0x283f2823) sw      gp, 656(t5)
core   0: 3 0x80009d74 (0x283f2823) mem 0x80010000 0x00000001
core   0: 0x80009d78 (0xff9ff06f) j       pc - 0x8
core   0: 3 0x80009d78 (0xff9ff06f)
core   0: 0x80009d70 (0x00006f17) auipc   t5, 0x6
core   0: 3 0x80009d70 (0x00006f17) x30 0x8000fd70
core   0: 0x80009d74 (0x283f2823) sw      gp, 656(t5)
core   0: 3 0x80009d74 (0x283f2823) mem 0x80010000 0x00000001
core   0: 0x80009d78 (0xff9ff06f) j       pc - 0x8
core   0: 3 0x80009d78 (0xff9ff06f)
core   0: 0x80009d70 (0x00006f17) auipc   t5, 0x6
core   0: 3 0x80009d70 (0x00006f17) x30 0x8000fd70
core   0: 0x80009d74 (0x283f2823) sw      gp, 656(t5)
core   0: 3 0x80009d74 (0x283f2823) mem 0x80010000 0x00000001
core   0: 0x80009d78 (0xff9ff06f) j       pc - 0x8
core   0: 3 0x80009d78 (0xff9ff06f)
core   0: 0x80009d70 (0x00006f17) auipc   t5, 0x6
core   0: 3 0x80009d70 (0x00006f17) x30 0x8000fd70
core   0: 0x80009d74 (0x283f2823) sw      gp, 656(t5)
core   0: 3 0x80009d74 (0x283f2823) mem 0x80010000 0x00000001
core   0: 0x80009d78 (0xff9ff06f) j       pc - 0x8
core   0: 3 0x80009d78 (0xff9ff06f)
core   0: 0x80009d70 (0x00006f17) auipc   t5, 0x6
core   0: 3 0x80009d70 (0x00006f17) x30 0x8000fd70
core   0: 0x80009d74 (0x283f2823) sw      gp, 656(t5)
core   0: 3 0x80009d74 (0x283f2823) mem 0x80010000 0x00000001
core   0: 0x80009d78 (0xff9ff06f) j       pc - 0x8
core   0: 3 0x80009d78 (0xff9ff06f)
core   0: 0x80009d70 (0x00006f17) auipc   t5, 0x6
core   0: 3 0x80009d70 (0x00006f17) x30 0x8000fd70
core   0: 0x80009d74 (0x283f2823) sw      gp, 656(t5)
core   0: 3 0x80009d74 (0x283f2823) mem 0x80010000 0x00000001
core   0: 0x80009d78 (0xff9ff06f) j       pc - 0x8
core   0: 3 0x80009d78 (0xff9ff06f)
core   0: 0x80009d70 (0x00006f17) auipc   t5, 0x6
core   0: 3 0x80009d70 (0x00006f17) x30 0x8000fd70
core   0: 0x80009d74 (0x283f2823) sw      gp, 656(t5)
core   0: 3 0x80009d74 (0x283f2823) mem 0x80010000 0x00000001
core   0: 0x80009d78 (0xff9ff06f) j       pc - 0x8
core   0: 3 0x80009d78 (0xff9ff06f)
core   0: 0x80009d70 (0x00006f17) auipc   t5, 0x6
core   0: 3 0x80009d70 (0x00006f17) x30 0x8000fd70
core   0: 0x80009d74 (0x283f2823) sw      gp, 656(t5)
core   0: 3 0x80009d74 (0x283f2823) mem 0x80010000 0x00000001
core   0: 0x80009d78 (0xff9ff06f) j       pc - 0x8
core   0: 3 0x80009d78 (0xff9ff06f)
core   0: 0x80009d70 (0x00006f17) auipc   t5, 0x6
core   0: 3 0x80009d70 (0x00006f17) x30 0x8000fd70
core   0: 0x80009d74 (0x283f2823) sw      gp, 656(t5)
core   0: 3 0x80009d74 (0x283f2823) mem 0x80010000 0x00000001
core   0: 0x80009d78 (0xff9ff06f) j       pc - 0x8
core   0: 3 0x80009d78 (0xff9ff06f)
core   0: 0x80009d70 (0x00006f17) auipc   t5, 0x6
core   0: 3 0x80009d70 (0x00006f17) x30 0x8000fd70
core   0: 0x80009d74 (0x283f2823) sw      gp, 656(t5)
core   0: 3 0x80009d74 (0x283f2823) mem 0x80010000 0x00000001
core   0: 0x80009d78 (0xff9ff06f) j       pc - 0x8
core   0: 3 0x80009d78 (0xff9ff06f)
core   0: 0x80009d70 (0x00006f17) auipc   t5, 0x6
core   0: 3 0x80009d70 (0x00006f17) x30 0x8000fd70
core   0: 0x80009d74 (0x283f2823) sw      gp, 656(t5)
core   0: 3 0x80009d74 (0x283f2823) mem 0x80010000 0x00000001
core   0: 0x80009d78 (0xff9ff06f) j       pc - 0x8
core   0: 3 0x80009d78 (0xff9ff06f)
core   0: 0x80009d70 (0x00006f17) auipc   t5, 0x6
core   0: 3 0x80009d70 (0x00006f17) x30 0x8000fd70
core   0: 0x80009d74 (0x283f2823) sw      gp, 656(t5)
core   0: 3 0x80009d74 (0x283f2823) mem 0x80010000 0x00000001
core   0: 0x80009d78 (0xff9ff06f) j       pc - 0x8
core   0: 3 0x80009d78 (0xff9ff06f)
core   0: 0x80009d70 (0x00006f17) auipc   t5, 0x6
core   0: 3 0x80009d70 (0x00006f17) x30 0x8000fd70
core   0: 0x80009d74 (0x283f2823) sw      gp, 656(t5)
core   0: 3 0x80009d74 (0x283f2823) mem 0x80010000 0x00000001
core   0: 0x80009d78 (0xff9ff06f) j       pc - 0x8
core   0: 3 0x80009d78 (0xff9ff06f)
core   0: 0x80009d70 (0x00006f17) auipc   t5, 0x6
core   0: 3 0x80009d70 (0x00006f17) x30 0x8000fd70
core   0: 0x80009d74 (0x283f2823) sw      gp, 656(t5)
core   0: 3 0x80009d74 (0x283f2823) mem 0x80010000 0x00000001
core   0: 0x80009d78 (0xff9ff06f) j       pc - 0x8
core   0: 3 0x80009d78 (0xff9ff06f)
core   0: 0x80009d70 (0x00006f17) auipc   t5, 0x6
core   0: 3 0x80009d70 (0x00006f17) x30 0x8000fd70
core   0: 0x80009d74 (0x283f2823) sw      gp, 656(t5)
core   0: 3 0x80009d74 (0x283f2823) mem 0x80010000 0x00000001
core   0: 0x80009d78 (0xff9ff06f) j       pc - 0x8
core   0: 3 0x80009d78 (0xff9ff06f)
core   0: 0x80009d70 (0x00006f17) auipc   t5, 0x6
core   0: 3 0x80009d70 (0x00006f17) x30 0x8000fd70
core   0: 0x80009d74 (0x283f2823) sw      gp, 656(t5)
core   0: 3 0x80009d74 (0x283f2823) mem 0x80010000 0x00000001
core   0: 0x80009d78 (0xff9ff06f) j       pc - 0x8
core   0: 3 0x80009d78 (0xff9ff06f)
core   0: 0x80009d70 (0x00006f17) auipc   t5, 0x6
core   0: 3 0x80009d70 (0x00006f17) x30 0x8000fd70
core   0: 0x80009d74 (0x283f2823) sw      gp, 656(t5)
core   0: 3 0x80009d74 (0x283f2823) mem 0x80010000 0x00000001
core   0: 0x80009d78 (0xff9ff06f) j       pc - 0x8
core   0: 3 0x80009d78 (0xff9ff06f)
core   0: 0x80009d70 (0x00006f17) auipc   t5, 0x6
core   0: 3 0x80009d70 (0x00006f17) x30 0x8000fd70
core   0: 0x80009d74 (0x283f2823) sw      gp, 656(t5)
core   0: 3 0x80009d74 (0x283f2823) mem 0x80010000 0x00000001
core   0: 0x80009d78 (0xff9ff06f) j       pc - 0x8
core   0: 3 0x80009d78 (0xff9ff06f)
core   0: 0x80009d70 (0x00006f17) auipc   t5, 0x6
core   0: 3 0x80009d70 (0x00006f17) x30 0x8000fd70
core   0: 0x80009d74 (0x283f2823) sw      gp, 656(t5)
core   0: 3 0x80009d74 (0x283f2823) mem 0x80010000 0x00000001
core   0: 0x80009d78 (0xff9ff06f) j       pc - 0x8
core   0: 3 0x80009d78 (0xff9ff06f)
core   0: 0x80009d70 (0x00006f17) auipc   t5, 0x6
core   0: 3 0x80009d70 (0x00006f17) x30 0x8000fd70
core   0: 0x80009d74 (0x283f2823) sw      gp, 656(t5)
core   0: 3 0x80009d74 (0x283f2823) mem 0x80010000 0x00000001
core   0: 0x80009d78 (0xff9ff06f) j       pc - 0x8
core   0: 3 0x80009d78 (0xff9ff06f)
core   0: 0x80009d70 (0x00006f17) auipc   t5, 0x6
core   0: 3 0x80009d70 (0x00006f17) x30 0x8000fd70
core   0: 0x80009d74 (0x283f2823) sw      gp, 656(t5)
core   0: 3 0x80009d74 (0x283f2823) mem 0x80010000 0x00000001
core   0: 0x80009d78 (0xff9ff06f) j       pc - 0x8
core   0: 3 0x80009d78 (0xff9ff06f)
core   0: 0x80009d70 (0x00006f17) auipc   t5, 0x6
core   0: 3 0x80009d70 (0x00006f17) x30 0x8000fd70
core   0: 0x80009d74 (0x283f2823) sw      gp, 656(t5)
core   0: 3 0x80009d74 (0x283f2823) mem 0x80010000 0x00000001
core   0: 0x80009d78 (0xff9ff06f) j       pc - 0x8
core   0: 3 0x80009d78 (0xff9ff06f)
core   0: 0x80009d70 (0x00006f17) auipc   t5, 0x6
core   0: 3 0x80009d70 (0x00006f17) x30 0x8000fd70
core   0: 0x80009d74 (0x283f2823) sw      gp, 656(t5)
core   0: 3 0x80009d74 (0x283f2823) mem 0x80010000 0x00000001
core   0: 0x80009d78 (0xff9ff06f) j       pc - 0x8
core   0: 3 0x80009d78 (0xff9ff06f)
core   0: 0x80009d70 (0x00006f17) auipc   t5, 0x6
core   0: 3 0x80009d70 (0x00006f17) x30 0x8000fd70
core   0: 0x80009d74 (0x283f2823) sw      gp, 656(t5)
core   0: 3 0x80009d74 (0x283f2823) mem 0x80010000 0x00000001
core   0: 0x80009d78 (0xff9ff06f) j       pc - 0x8
core   0: 3 0x80009d78 (0xff9ff06f)
core   0: 0x80009d70 (0x00006f17) auipc   t5, 0x6
core   0: 3 0x80009d70 (0x00006f17) x30 0x8000fd70
core   0: 0x80009d74 (0x283f2823) sw      gp, 656(t5)
core   0: 3 0x80009d74 (0x283f2823) mem 0x80010000 0x00000001
core   0: 0x80009d78 (0xff9ff06f) j       pc - 0x8
core   0: 3 0x80009d78 (0xff9ff06f)
core   0: 0x80009d70 (0x00006f17) auipc   t5, 0x6
core   0: 3 0x80009d70 (0x00006f17) x30 0x8000fd70
core   0: 0x80009d74 (0x283f2823) sw      gp, 656(t5)
core   0: 3 0x80009d74 (0x283f2823) mem 0x80010000 0x00000001
core   0: 0x80009d78 (0xff9ff06f) j       pc - 0x8
core   0: 3 0x80009d78 (0xff9ff06f)
core   0: 0x80009d70 (0x00006f17) auipc   t5, 0x6
core   0: 3 0x80009d70 (0x00006f17) x30 0x8000fd70
core   0: 0x80009d74 (0x283f2823) sw      gp, 656(t5)
core   0: 3 0x80009d74 (0x283f2823) mem 0x80010000 0x00000001
core   0: 0x80009d78 (0xff9ff06f) j       pc - 0x8
core   0: 3 0x80009d78 (0xff9ff06f)
core   0: 0x80009d70 (0x00006f17) auipc   t5, 0x6
core   0: 3 0x80009d70 (0x00006f17) x30 0x8000fd70
core   0: 0x80009d74 (0x283f2823) sw      gp, 656(t5)
core   0: 3 0x80009d74 (0x283f2823) mem 0x80010000 0x00000001
core   0: 0x80009d78 (0xff9ff06f) j       pc - 0x8
core   0: 3 0x80009d78 (0xff9ff06f)
core   0: 0x80009d70 (0x00006f17) auipc   t5, 0x6
core   0: 3 0x80009d70 (0x00006f17) x30 0x8000fd70
core   0: 0x80009d74 (0x283f2823) sw      gp, 656(t5)
core   0: 3 0x80009d74 (0x283f2823) mem 0x80010000 0x00000001
core   0: 0x80009d78 (0xff9ff06f) j       pc - 0x8
core   0: 3 0x80009d78 (0xff9ff06f)
core   0: 0x80009d70 (0x00006f17) auipc   t5, 0x6
core   0: 3 0x80009d70 (0x00006f17) x30 0x8000fd70
core   0: 0x80009d74 (0x283f2823) sw      gp, 656(t5)
core   0: 3 0x80009d74 (0x283f2823) mem 0x80010000 0x00000001
core   0: 0x80009d78 (0xff9ff06f) j       pc - 0x8
core   0: 3 0x80009d78 (0xff9ff06f)
core   0: 0x80009d70 (0x00006f17) auipc   t5, 0x6
core   0: 3 0x80009d70 (0x00006f17) x30 0x8000fd70
core   0: 0x80009d74 (0x283f2823) sw      gp, 656(t5)
core   0: 3 0x80009d74 (0x283f2823) mem 0x80010000 0x00000001
core   0: 0x80009d78 (0xff9ff06f) j       pc - 0x8
core   0: 3 0x80009d78 (0xff9ff06f)
core   0: 0x80009d70 (0x00006f17) auipc   t5, 0x6
core   0: 3 0x80009d70 (0x00006f17) x30 0x8000fd70
core   0: 0x80009d74 (0x283f2823) sw      gp, 656(t5)
core   0: 3 0x80009d74 (0x283f2823) mem 0x80010000 0x00000001
core   0: 0x80009d78 (0xff9ff06f) j       pc - 0x8
core   0: 3 0x80009d78 (0xff9ff06f)
core   0: 0x80009d70 (0x00006f17) auipc   t5, 0x6
core   0: 3 0x80009d70 (0x00006f17) x30 0x8000fd70
core   0: 0x80009d74 (0x283f2823) sw      gp, 656(t5)
core   0: 3 0x80009d74 (0x283f2823) mem 0x80010000 0x00000001
core   0: 0x80009d78 (0xff9ff06f) j       pc - 0x8
core   0: 3 0x80009d78 (0xff9ff06f)
core   0: 0x80009d70 (0x00006f17) auipc   t5, 0x6
core   0: 3 0x80009d70 (0x00006f17) x30 0x8000fd70
core   0: 0x80009d74 (0x283f2823) sw      gp, 656(t5)
core   0: 3 0x80009d74 (0x283f2823) mem 0x80010000 0x00000001
core   0: 0x80009d78 (0xff9ff06f) j       pc - 0x8
core   0: 3 0x80009d78 (0xff9ff06f)
core   0: 0x80009d70 (0x00006f17) auipc   t5, 0x6
core   0: 3 0x80009d70 (0x00006f17) x30 0x8000fd70
core   0: 0x80009d74 (0x283f2823) sw      gp, 656(t5)
core   0: 3 0x80009d74 (0x283f2823) mem 0x80010000 0x00000001
core   0: 0x80009d78 (0xff9ff06f) j       pc - 0x8
core   0: 3 0x80009d78 (0xff9ff06f)
core   0: 0x80009d70 (0x00006f17) auipc   t5, 0x6
core   0: 3 0x80009d70 (0x00006f17) x30 0x8000fd70
core   0: 0x80009d74 (0x283f2823) sw      gp, 656(t5)
core   0: 3 0x80009d74 (0x283f2823) mem 0x80010000 0x00000001
core   0: 0x80009d78 (0xff9ff06f) j       pc - 0x8
core   0: 3 0x80009d78 (0xff9ff06f)
core   0: 0x80009d70 (0x00006f17) auipc   t5, 0x6
core   0: 3 0x80009d70 (0x00006f17) x30 0x8000fd70
core   0: 0x80009d74 (0x283f2823) sw      gp, 656(t5)
core   0: 3 0x80009d74 (0x283f2823) mem 0x80010000 0x00000001
core   0: 0x80009d78 (0xff9ff06f) j       pc - 0x8
core   0: 3 0x80009d78 (0xff9ff06f)
core   0: 0x80009d70 (0x00006f17) auipc   t5, 0x6
core   0: 3 0x80009d70 (0x00006f17) x30 0x8000fd70
core   0: 0x80009d74 (0x283f2823) sw      gp, 656(t5)
core   0: 3 0x80009d74 (0x283f2823) mem 0x80010000 0x00000001
core   0: 0x80009d78 (0xff9ff06f) j       pc - 0x8
core   0: 3 0x80009d78 (0xff9ff06f)
core   0: 0x80009d70 (0x00006f17) auipc   t5, 0x6
core   0: 3 0x80009d70 (0x00006f17) x30 0x8000fd70
core   0: 0x80009d74 (0x283f2823) sw      gp, 656(t5)
core   0: 3 0x80009d74 (0x283f2823) mem 0x80010000 0x00000001
core   0: 0x80009d78 (0xff9ff06f) j       pc - 0x8
core   0: 3 0x80009d78 (0xff9ff06f)
core   0: 0x80009d70 (0x00006f17) auipc   t5, 0x6
core   0: 3 0x80009d70 (0x00006f17) x30 0x8000fd70
core   0: 0x80009d74 (0x283f2823) sw      gp, 656(t5)
core   0: 3 0x80009d74 (0x283f2823) mem 0x80010000 0x00000001
core   0: 0x80009d78 (0xff9ff06f) j       pc - 0x8
core   0: 3 0x80009d78 (0xff9ff06f)
core   0: 0x80009d70 (0x00006f17) auipc   t5, 0x6
core   0: 3 0x80009d70 (0x00006f17) x30 0x8000fd70
core   0: 0x80009d74 (0x283f2823) sw      gp, 656(t5)
core   0: 3 0x80009d74 (0x283f2823) mem 0x80010000 0x00000001
core   0: 0x80009d78 (0xff9ff06f) j       pc - 0x8
core   0: 3 0x80009d78 (0xff9ff06f)
core   0: 0x80009d70 (0x00006f17) auipc   t5, 0x6
core   0: 3 0x80009d70 (0x00006f17) x30 0x8000fd70
core   0: 0x80009d74 (0x283f2823) sw      gp, 656(t5)
core   0: 3 0x80009d74 (0x283f2823) mem 0x80010000 0x00000001
core   0: 0x80009d78 (0xff9ff06f) j       pc - 0x8
core   0: 3 0x80009d78 (0xff9ff06f)
core   0: 0x80009d70 (0x00006f17) auipc   t5, 0x6
core   0: 3 0x80009d70 (0x00006f17) x30 0x8000fd70
core   0: 0x80009d74 (0x283f2823) sw      gp, 656(t5)
core   0: 3 0x80009d74 (0x283f2823) mem 0x80010000 0x00000001
core   0: 0x80009d78 (0xff9ff06f) j       pc - 0x8
core   0: 3 0x80009d78 (0xff9ff06f)
core   0: 0x80009d70 (0x00006f17) auipc   t5, 0x6
core   0: 3 0x80009d70 (0x00006f17) x30 0x8000fd70
core   0: 0x80009d74 (0x283f2823) sw      gp, 656(t5)
core   0: 3 0x80009d74 (0x283f2823) mem 0x80010000 0x00000001
core   0: 0x80009d78 (0xff9ff06f) j       pc - 0x8
core   0: 3 0x80009d78 (0xff9ff06f)
core   0: 0x80009d70 (0x00006f17) auipc   t5, 0x6
core   0: 3 0x80009d70 (0x00006f17) x30 0x8000fd70
core   0: 0x80009d74 (0x283f2823) sw      gp, 656(t5)
core   0: 3 0x80009d74 (0x283f2823) mem 0x80010000 0x00000001
core   0: 0x80009d78 (0xff9ff06f) j       pc - 0x8
core   0: 3 0x80009d78 (0xff9ff06f)
core   0: 0x80009d70 (0x00006f17) auipc   t5, 0x6
core   0: 3 0x80009d70 (0x00006f17) x30 0x8000fd70
core   0: 0x80009d74 (0x283f2823) sw      gp, 656(t5)
core   0: 3 0x80009d74 (0x283f2823) mem 0x80010000 0x00000001
core   0: 0x80009d78 (0xff9ff06f) j       pc - 0x8
core   0: 3 0x80009d78 (0xff9ff06f)
core   0: 0x80009d70 (0x00006f17) auipc   t5, 0x6
core   0: 3 0x80009d70 (0x00006f17) x30 0x8000fd70
core   0: 0x80009d74 (0x283f2823) sw      gp, 656(t5)
core   0: 3 0x80009d74 (0x283f2823) mem 0x80010000 0x00000001
core   0: 0x80009d78 (0xff9ff06f) j       pc - 0x8
core   0: 3 0x80009d78 (0xff9ff06f)
core   0: 0x80009d70 (0x00006f17) auipc   t5, 0x6
core   0: 3 0x80009d70 (0x00006f17) x30 0x8000fd70
core   0: 0x80009d74 (0x283f2823) sw      gp, 656(t5)
core   0: 3 0x80009d74 (0x283f2823) mem 0x80010000 0x00000001
core   0: 0x80009d78 (0xff9ff06f) j       pc - 0x8
core   0: 3 0x80009d78 (0xff9ff06f)
core   0: 0x80009d70 (0x00006f17) auipc   t5, 0x6
core   0: 3 0x80009d70 (0x00006f17) x30 0x8000fd70
core   0: 0x80009d74 (0x283f2823) sw      gp, 656(t5)
core   0: 3 0x80009d74 (0x283f2823) mem 0x80010000 0x00000001
core   0: 0x80009d78 (0xff9ff06f) j       pc - 0x8
core   0: 3 0x80009d78 (0xff9ff06f)
core   0: 0x80009d70 (0x00006f17) auipc   t5, 0x6
core   0: 3 0x80009d70 (0x00006f17) x30 0x8000fd70
core   0: 0x80009d74 (0x283f2823) sw      gp, 656(t5)
core   0: 3 0x80009d74 (0x283f2823) mem 0x80010000 0x00000001
core   0: 0x80009d78 (0xff9ff06f) j       pc - 0x8
core   0: 3 0x80009d78 (0xff9ff06f)
core   0: 0x80009d70 (0x00006f17) auipc   t5, 0x6
core   0: 3 0x80009d70 (0x00006f17) x30 0x8000fd70
core   0: 0x80009d74 (0x283f2823) sw      gp, 656(t5)
core   0: 3 0x80009d74 (0x283f2823) mem 0x80010000 0x00000001
core   0: 0x80009d78 (0xff9ff06f) j       pc - 0x8
core   0: 3 0x80009d78 (0xff9ff06f)
core   0: 0x80009d70 (0x00006f17) auipc   t5, 0x6
core   0: 3 0x80009d70 (0x00006f17) x30 0x8000fd70
core   0: 0x80009d74 (0x283f2823) sw      gp, 656(t5)
core   0: 3 0x80009d74 (0x283f2823) mem 0x80010000 0x00000001
core   0: 0x80009d78 (0xff9ff06f) j       pc - 0x8
core   0: 3 0x80009d78 (0xff9ff06f)
core   0: 0x80009d70 (0x00006f17) auipc   t5, 0x6
core   0: 3 0x80009d70 (0x00006f17) x30 0x8000fd70
core   0: 0x80009d74 (0x283f2823) sw      gp, 656(t5)
core   0: 3 0x80009d74 (0x283f2823) mem 0x80010000 0x00000001
core   0: 0x80009d78 (0xff9ff06f) j       pc - 0x8
core   0: 3 0x80009d78 (0xff9ff06f)
core   0: 0x80009d70 (0x00006f17) auipc   t5, 0x6
core   0: 3 0x80009d70 (0x00006f17) x30 0x8000fd70
core   0: 0x80009d74 (0x283f2823) sw      gp, 656(t5)
core   0: 3 0x80009d74 (0x283f2823) mem 0x80010000 0x00000001
core   0: 0x80009d78 (0xff9ff06f) j       pc - 0x8
core   0: 3 0x80009d78 (0xff9ff06f)
core   0: 0x80009d70 (0x00006f17) auipc   t5, 0x6
core   0: 3 0x80009d70 (0x00006f17) x30 0x8000fd70
core   0: 0x80009d74 (0x283f2823) sw      gp, 656(t5)
core   0: 3 0x80009d74 (0x283f2823) mem 0x80010000 0x00000001
core   0: 0x80009d78 (0xff9ff06f) j       pc - 0x8
core   0: 3 0x80009d78 (0xff9ff06f)
core   0: 0x80009d70 (0x00006f17) auipc   t5, 0x6
core   0: 3 0x80009d70 (0x00006f17) x30 0x8000fd70
core   0: 0x80009d74 (0x283f2823) sw      gp, 656(t5)
core   0: 3 0x80009d74 (0x283f2823) mem 0x80010000 0x00000001
core   0: 0x80009d78 (0xff9ff06f) j       pc - 0x8
core   0: 3 0x80009d78 (0xff9ff06f)
core   0: 0x80009d70 (0x00006f17) auipc   t5, 0x6
core   0: 3 0x80009d70 (0x00006f17) x30 0x8000fd70
core   0: 0x80009d74 (0x283f2823) sw      gp, 656(t5)
core   0: 3 0x80009d74 (0x283f2823) mem 0x80010000 0x00000001
core   0: 0x80009d78 (0xff9ff06f) j       pc - 0x8
core   0: 3 0x80009d78 (0xff9ff06f)
core   0: 0x80009d70 (0x00006f17) auipc   t5, 0x6
core   0: 3 0x80009d70 (0x00006f17) x30 0x8000fd70
core   0: 0x80009d74 (0x283f2823) sw      gp, 656(t5)
core   0: 3 0x80009d74 (0x283f2823) mem 0x80010000 0x00000001
core   0: 0x80009d78 (0xff9ff06f) j       pc - 0x8
core   0: 3 0x80009d78 (0xff9ff06f)
core   0: 0x80009d70 (0x00006f17) auipc   t5, 0x6
core   0: 3 0x80009d70 (0x00006f17) x30 0x8000fd70
core   0: 0x80009d74 (0x283f2823) sw      gp, 656(t5)
core   0: 3 0x80009d74 (0x283f2823) mem 0x80010000 0x00000001
core   0: 0x80009d78 (0xff9ff06f) j       pc - 0x8
core   0: 3 0x80009d78 (0xff9ff06f)
core   0: 0x80009d70 (0x00006f17) auipc   t5, 0x6
core   0: 3 0x80009d70 (0x00006f17) x30 0x8000fd70
core   0: 0x80009d74 (0x283f2823) sw      gp, 656(t5)
core   0: 3 0x80009d74 (0x283f2823) mem 0x80010000 0x00000001
core   0: 0x80009d78 (0xff9ff06f) j       pc - 0x8
core   0: 3 0x80009d78 (0xff9ff06f)
core   0: 0x80009d70 (0x00006f17) auipc   t5, 0x6
core   0: 3 0x80009d70 (0x00006f17) x30 0x8000fd70
core   0: 0x80009d74 (0x283f2823) sw      gp, 656(t5)
core   0: 3 0x80009d74 (0x283f2823) mem 0x80010000 0x00000001
core   0: 0x80009d78 (0xff9ff06f) j       pc - 0x8
core   0: 3 0x80009d78 (0xff9ff06f)
core   0: 0x80009d70 (0x00006f17) auipc   t5, 0x6
core   0: 3 0x80009d70 (0x00006f17) x30 0x8000fd70
core   0: 0x80009d74 (0x283f2823) sw      gp, 656(t5)
core   0: 3 0x80009d74 (0x283f2823) mem 0x80010000 0x00000001
core   0: 0x80009d78 (0xff9ff06f) j       pc - 0x8
core   0: 3 0x80009d78 (0xff9ff06f)
core   0: 0x80009d70 (0x00006f17) auipc   t5, 0x6
core   0: 3 0x80009d70 (0x00006f17) x30 0x8000fd70
core   0: 0x80009d74 (0x283f2823) sw      gp, 656(t5)
core   0: 3 0x80009d74 (0x283f2823) mem 0x80010000 0x00000001
core   0: 0x80009d78 (0xff9ff06f) j       pc - 0x8
core   0: 3 0x80009d78 (0xff9ff06f)
core   0: 0x80009d70 (0x00006f17) auipc   t5, 0x6
core   0: 3 0x80009d70 (0x00006f17) x30 0x8000fd70
core   0: 0x80009d74 (0x283f2823) sw      gp, 656(t5)
core   0: 3 0x80009d74 (0x283f2823) mem 0x80010000 0x00000001
core   0: 0x80009d78 (0xff9ff06f) j       pc - 0x8
core   0: 3 0x80009d78 (0xff9ff06f)
core   0: 0x80009d70 (0x00006f17) auipc   t5, 0x6
core   0: 3 0x80009d70 (0x00006f17) x30 0x8000fd70
core   0: 0x80009d74 (0x283f2823) sw      gp, 656(t5)
core   0: 3 0x80009d74 (0x283f2823) mem 0x80010000 0x00000001
core   0: 0x80009d78 (0xff9ff06f) j       pc - 0x8
core   0: 3 0x80009d78 (0xff9ff06f)
core   0: 0x80009d70 (0x00006f17) auipc   t5, 0x6
core   0: 3 0x80009d70 (0x00006f17) x30 0x8000fd70
core   0: 0x80009d74 (0x283f2823) sw      gp, 656(t5)
core   0: 3 0x80009d74 (0x283f2823) mem 0x80010000 0x00000001
core   0: 0x80009d78 (0xff9ff06f) j       pc - 0x8
core   0: 3 0x80009d78 (0xff9ff06f)
core   0: 0x80009d70 (0x00006f17) auipc   t5, 0x6
core   0: 3 0x80009d70 (0x00006f17) x30 0x8000fd70
core   0: 0x80009d74 (0x283f2823) sw      gp, 656(t5)
core   0: 3 0x80009d74 (0x283f2823) mem 0x80010000 0x00000001
core   0: 0x80009d78 (0xff9ff06f) j       pc - 0x8
core   0: 3 0x80009d78 (0xff9ff06f)
core   0: 0x80009d70 (0x00006f17) auipc   t5, 0x6
core   0: 3 0x80009d70 (0x00006f17) x30 0x8000fd70
core   0: 0x80009d74 (0x283f2823) sw      gp, 656(t5)
core   0: 3 0x80009d74 (0x283f2823) mem 0x80010000 0x00000001
core   0: 0x80009d78 (0xff9ff06f) j       pc - 0x8
core   0: 3 0x80009d78 (0xff9ff06f)
core   0: 0x80009d70 (0x00006f17) auipc   t5, 0x6
core   0: 3 0x80009d70 (0x00006f17) x30 0x8000fd70
core   0: 0x80009d74 (0x283f2823) sw      gp, 656(t5)
core   0: 3 0x80009d74 (0x283f2823) mem 0x80010000 0x00000001
core   0: 0x80009d78 (0xff9ff06f) j       pc - 0x8
core   0: 3 0x80009d78 (0xff9ff06f)
core   0: 0x80009d70 (0x00006f17) auipc   t5, 0x6
core   0: 3 0x80009d70 (0x00006f17) x30 0x8000fd70
core   0: 0x80009d74 (0x283f2823) sw      gp, 656(t5)
core   0: 3 0x80009d74 (0x283f2823) mem 0x80010000 0x00000001
core   0: 0x80009d78 (0xff9ff06f) j       pc - 0x8
core   0: 3 0x80009d78 (0xff9ff06f)
core   0: 0x80009d70 (0x00006f17) auipc   t5, 0x6
core   0: 3 0x80009d70 (0x00006f17) x30 0x8000fd70
core   0: 0x80009d74 (0x283f2823) sw      gp, 656(t5)
core   0: 3 0x80009d74 (0x283f2823) mem 0x80010000 0x00000001
core   0: 0x80009d78 (0xff9ff06f) j       pc - 0x8
core   0: 3 0x80009d78 (0xff9ff06f)
core   0: 0x80009d70 (0x00006f17) auipc   t5, 0x6
core   0: 3 0x80009d70 (0x00006f17) x30 0x8000fd70
core   0: 0x80009d74 (0x283f2823) sw      gp, 656(t5)
core   0: 3 0x80009d74 (0x283f2823) mem 0x80010000 0x00000001
core   0: 0x80009d78 (0xff9ff06f) j       pc - 0x8
core   0: 3 0x80009d78 (0xff9ff06f)
core   0: 0x80009d70 (0x00006f17) auipc   t5, 0x6
core   0: 3 0x80009d70 (0x00006f17) x30 0x8000fd70
core   0: 0x80009d74 (0x283f2823) sw      gp, 656(t5)
core   0: 3 0x80009d74 (0x283f2823) mem 0x80010000 0x00000001
core   0: 0x80009d78 (0xff9ff06f) j       pc - 0x8
core   0: 3 0x80009d78 (0xff9ff06f)
core   0: 0x80009d70 (0x00006f17) auipc   t5, 0x6
core   0: 3 0x80009d70 (0x00006f17) x30 0x8000fd70
core   0: 0x80009d74 (0x283f2823) sw      gp, 656(t5)
core   0: 3 0x80009d74 (0x283f2823) mem 0x80010000 0x00000001
core   0: 0x80009d78 (0xff9ff06f) j       pc - 0x8
core   0: 3 0x80009d78 (0xff9ff06f)
core   0: 0x80009d70 (0x00006f17) auipc   t5, 0x6
core   0: 3 0x80009d70 (0x00006f17) x30 0x8000fd70
core   0: 0x80009d74 (0x283f2823) sw      gp, 656(t5)
core   0: 3 0x80009d74 (0x283f2823) mem 0x80010000 0x00000001
core   0: 0x80009d78 (0xff9ff06f) j       pc - 0x8
core   0: 3 0x80009d78 (0xff9ff06f)
core   0: 0x80009d70 (0x00006f17) auipc   t5, 0x6
core   0: 3 0x80009d70 (0x00006f17) x30 0x8000fd70
core   0: 0x80009d74 (0x283f2823) sw      gp, 656(t5)
core   0: 3 0x80009d74 (0x283f2823) mem 0x80010000 0x00000001
core   0: 0x80009d78 (0xff9ff06f) j       pc - 0x8
core   0: 3 0x80009d78 (0xff9ff06f)
core   0: 0x80009d70 (0x00006f17) auipc   t5, 0x6
core   0: 3 0x80009d70 (0x00006f17) x30 0x8000fd70
core   0: 0x80009d74 (0x283f2823) sw      gp, 656(t5)
core   0: 3 0x80009d74 (0x283f2823) mem 0x80010000 0x00000001
core   0: 0x80009d78 (0xff9ff06f) j       pc - 0x8
core   0: 3 0x80009d78 (0xff9ff06f)
core   0: 0x80009d70 (0x00006f17) auipc   t5, 0x6
core   0: 3 0x80009d70 (0x00006f17) x30 0x8000fd70
core   0: 0x80009d74 (0x283f2823) sw      gp, 656(t5)
core   0: 3 0x80009d74 (0x283f2823) mem 0x80010000 0x00000001
core   0: 0x80009d78 (0xff9ff06f) j       pc - 0x8
core   0: 3 0x80009d78 (0xff9ff06f)
core   0: 0x80009d70 (0x00006f17) auipc   t5, 0x6
core   0: 3 0x80009d70 (0x00006f17) x30 0x8000fd70
core   0: 0x80009d74 (0x283f2823) sw      gp, 656(t5)
core   0: 3 0x80009d74 (0x283f2823) mem 0x80010000 0x00000001
core   0: 0x80009d78 (0xff9ff06f) j       pc - 0x8
core   0: 3 0x80009d78 (0xff9ff06f)
core   0: 0x80009d70 (0x00006f17) auipc   t5, 0x6
core   0: 3 0x80009d70 (0x00006f17) x30 0x8000fd70
core   0: 0x80009d74 (0x283f2823) sw      gp, 656(t5)
core   0: 3 0x80009d74 (0x283f2823) mem 0x80010000 0x00000001
core   0: 0x80009d78 (0xff9ff06f) j       pc - 0x8
core   0: 3 0x80009d78 (0xff9ff06f)
core   0: 0x80009d70 (0x00006f17) auipc   t5, 0x6
core   0: 3 0x80009d70 (0x00006f17) x30 0x8000fd70
core   0: 0x80009d74 (0x283f2823) sw      gp, 656(t5)
core   0: 3 0x80009d74 (0x283f2823) mem 0x80010000 0x00000001
core   0: 0x80009d78 (0xff9ff06f) j       pc - 0x8
core   0: 3 0x80009d78 (0xff9ff06f)
core   0: 0x80009d70 (0x00006f17) auipc   t5, 0x6
core   0: 3 0x80009d70 (0x00006f17) x30 0x8000fd70
core   0: 0x80009d74 (0x283f2823) sw      gp, 656(t5)
core   0: 3 0x80009d74 (0x283f2823) mem 0x80010000 0x00000001
core   0: 0x80009d78 (0xff9ff06f) j       pc - 0x8
core   0: 3 0x80009d78 (0xff9ff06f)
core   0: 0x80009d70 (0x00006f17) auipc   t5, 0x6
core   0: 3 0x80009d70 (0x00006f17) x30 0x8000fd70
core   0: 0x80009d74 (0x283f2823) sw      gp, 656(t5)
core   0: 3 0x80009d74 (0x283f2823) mem 0x80010000 0x00000001
core   0: 0x80009d78 (0xff9ff06f) j       pc - 0x8
core   0: 3 0x80009d78 (0xff9ff06f)
core   0: 0x80009d70 (0x00006f17) auipc   t5, 0x6
core   0: 3 0x80009d70 (0x00006f17) x30 0x8000fd70
core   0: 0x80009d74 (0x283f2823) sw      gp, 656(t5)
core   0: 3 0x80009d74 (0x283f2823) mem 0x80010000 0x00000001
core   0: 0x80009d78 (0xff9ff06f) j       pc - 0x8
core   0: 3 0x80009d78 (0xff9ff06f)
core   0: 0x80009d70 (0x00006f17) auipc   t5, 0x6
core   0: 3 0x80009d70 (0x00006f17) x30 0x8000fd70
core   0: 0x80009d74 (0x283f2823) sw      gp, 656(t5)
core   0: 3 0x80009d74 (0x283f2823) mem 0x80010000 0x00000001
core   0: 0x80009d78 (0xff9ff06f) j       pc - 0x8
core   0: 3 0x80009d78 (0xff9ff06f)
core   0: 0x80009d70 (0x00006f17) auipc   t5, 0x6
core   0: 3 0x80009d70 (0x00006f17) x30 0x8000fd70
core   0: 0x80009d74 (0x283f2823) sw      gp, 656(t5)
core   0: 3 0x80009d74 (0x283f2823) mem 0x80010000 0x00000001
core   0: 0x80009d78 (0xff9ff06f) j       pc - 0x8
core   0: 3 0x80009d78 (0xff9ff06f)
core   0: 0x80009d70 (0x00006f17) auipc   t5, 0x6
core   0: 3 0x80009d70 (0x00006f17) x30 0x8000fd70
core   0: 0x80009d74 (0x283f2823) sw      gp, 656(t5)
core   0: 3 0x80009d74 (0x283f2823) mem 0x80010000 0x00000001
core   0: 0x80009d78 (0xff9ff06f) j       pc - 0x8
core   0: 3 0x80009d78 (0xff9ff06f)
core   0: 0x80009d70 (0x00006f17) auipc   t5, 0x6
core   0: 3 0x80009d70 (0x00006f17) x30 0x8000fd70
core   0: 0x80009d74 (0x283f2823) sw      gp, 656(t5)
core   0: 3 0x80009d74 (0x283f2823) mem 0x80010000 0x00000001
core   0: 0x80009d78 (0xff9ff06f) j       pc - 0x8
core   0: 3 0x80009d78 (0xff9ff06f)
core   0: 0x80009d70 (0x00006f17) auipc   t5, 0x6
core   0: 3 0x80009d70 (0x00006f17) x30 0x8000fd70
core   0: 0x80009d74 (0x283f2823) sw      gp, 656(t5)
core   0: 3 0x80009d74 (0x283f2823) mem 0x80010000 0x00000001
core   0: 0x80009d78 (0xff9ff06f) j       pc - 0x8
core   0: 3 0x80009d78 (0xff9ff06f)
core   0: 0x80009d70 (0x00006f17) auipc   t5, 0x6
core   0: 3 0x80009d70 (0x00006f17) x30 0x8000fd70
core   0: 0x80009d74 (0x283f2823) sw      gp, 656(t5)
core   0: 3 0x80009d74 (0x283f2823) mem 0x80010000 0x00000001
core   0: 0x80009d78 (0xff9ff06f) j       pc - 0x8
core   0: 3 0x80009d78 (0xff9ff06f)
core   0: 0x80009d70 (0x00006f17) auipc   t5, 0x6
core   0: 3 0x80009d70 (0x00006f17) x30 0x8000fd70
core   0: 0x80009d74 (0x283f2823) sw      gp, 656(t5)
core   0: 3 0x80009d74 (0x283f2823) mem 0x80010000 0x00000001
core   0: 0x80009d78 (0xff9ff06f) j       pc - 0x8
core   0: 3 0x80009d78 (0xff9ff06f)
core   0: 0x80009d70 (0x00006f17) auipc   t5, 0x6
core   0: 3 0x80009d70 (0x00006f17) x30 0x8000fd70
core   0: 0x80009d74 (0x283f2823) sw      gp, 656(t5)
core   0: 3 0x80009d74 (0x283f2823) mem 0x80010000 0x00000001
core   0: 0x80009d78 (0xff9ff06f) j       pc - 0x8
core   0: 3 0x80009d78 (0xff9ff06f)
core   0: 0x80009d70 (0x00006f17) auipc   t5, 0x6
core   0: 3 0x80009d70 (0x00006f17) x30 0x8000fd70
core   0: 0x80009d74 (0x283f2823) sw      gp, 656(t5)
core   0: 3 0x80009d74 (0x283f2823) mem 0x80010000 0x00000001
core   0: 0x80009d78 (0xff9ff06f) j       pc - 0x8
core   0: 3 0x80009d78 (0xff9ff06f)
core   0: 0x80009d70 (0x00006f17) auipc   t5, 0x6
core   0: 3 0x80009d70 (0x00006f17) x30 0x8000fd70
core   0: 0x80009d74 (0x283f2823) sw      gp, 656(t5)
core   0: 3 0x80009d74 (0x283f2823) mem 0x80010000 0x00000001
core   0: 0x80009d78 (0xff9ff06f) j       pc - 0x8
core   0: 3 0x80009d78 (0xff9ff06f)
core   0: 0x80009d70 (0x00006f17) auipc   t5, 0x6
core   0: 3 0x80009d70 (0x00006f17) x30 0x8000fd70
core   0: 0x80009d74 (0x283f2823) sw      gp, 656(t5)
core   0: 3 0x80009d74 (0x283f2823) mem 0x80010000 0x00000001
core   0: 0x80009d78 (0xff9ff06f) j       pc - 0x8
core   0: 3 0x80009d78 (0xff9ff06f)
core   0: 0x80009d70 (0x00006f17) auipc   t5, 0x6
core   0: 3 0x80009d70 (0x00006f17) x30 0x8000fd70
core   0: 0x80009d74 (0x283f2823) sw      gp, 656(t5)
core   0: 3 0x80009d74 (0x283f2823) mem 0x80010000 0x00000001
core   0: 0x80009d78 (0xff9ff06f) j       pc - 0x8
core   0: 3 0x80009d78 (0xff9ff06f)
core   0: 0x80009d70 (0x00006f17) auipc   t5, 0x6
core   0: 3 0x80009d70 (0x00006f17) x30 0x8000fd70
core   0: 0x80009d74 (0x283f2823) sw      gp, 656(t5)
core   0: 3 0x80009d74 (0x283f2823) mem 0x80010000 0x00000001
core   0: 0x80009d78 (0xff9ff06f) j       pc - 0x8
core   0: 3 0x80009d78 (0xff9ff06f)
core   0: 0x80009d70 (0x00006f17) auipc   t5, 0x6
core   0: 3 0x80009d70 (0x00006f17) x30 0x8000fd70
core   0: 0x80009d74 (0x283f2823) sw      gp, 656(t5)
core   0: 3 0x80009d74 (0x283f2823) mem 0x80010000 0x00000001
core   0: 0x80009d78 (0xff9ff06f) j       pc - 0x8
core   0: 3 0x80009d78 (0xff9ff06f)
core   0: 0x80009d70 (0x00006f17) auipc   t5, 0x6
core   0: 3 0x80009d70 (0x00006f17) x30 0x8000fd70
core   0: 0x80009d74 (0x283f2823) sw      gp, 656(t5)
core   0: 3 0x80009d74 (0x283f2823) mem 0x80010000 0x00000001
core   0: 0x80009d78 (0xff9ff06f) j       pc - 0x8
core   0: 3 0x80009d78 (0xff9ff06f)
core   0: 0x80009d70 (0x00006f17) auipc   t5, 0x6
core   0: 3 0x80009d70 (0x00006f17) x30 0x8000fd70
core   0: 0x80009d74 (0x283f2823) sw      gp, 656(t5)
core   0: 3 0x80009d74 (0x283f2823) mem 0x80010000 0x00000001
core   0: 0x80009d78 (0xff9ff06f) j       pc - 0x8
core   0: 3 0x80009d78 (0xff9ff06f)
core   0: 0x80009d70 (0x00006f17) auipc   t5, 0x6
core   0: 3 0x80009d70 (0x00006f17) x30 0x8000fd70
core   0: 0x80009d74 (0x283f2823) sw      gp, 656(t5)
core   0: 3 0x80009d74 (0x283f2823) mem 0x80010000 0x00000001
core   0: 0x80009d78 (0xff9ff06f) j       pc - 0x8
core   0: 3 0x80009d78 (0xff9ff06f)
core   0: 0x80009d70 (0x00006f17) auipc   t5, 0x6
core   0: 3 0x80009d70 (0x00006f17) x30 0x8000fd70
core   0: 0x80009d74 (0x283f2823) sw      gp, 656(t5)
core   0: 3 0x80009d74 (0x283f2823) mem 0x80010000 0x00000001
core   0: 0x80009d78 (0xff9ff06f) j       pc - 0x8
core   0: 3 0x80009d78 (0xff9ff06f)
core   0: 0x80009d70 (0x00006f17) auipc   t5, 0x6
core   0: 3 0x80009d70 (0x00006f17) x30 0x8000fd70
core   0: 0x80009d74 (0x283f2823) sw      gp, 656(t5)
core   0: 3 0x80009d74 (0x283f2823) mem 0x80010000 0x00000001
core   0: 0x80009d78 (0xff9ff06f) j       pc - 0x8
core   0: 3 0x80009d78 (0xff9ff06f)
core   0: 0x80009d70 (0x00006f17) auipc   t5, 0x6
core   0: 3 0x80009d70 (0x00006f17) x30 0x8000fd70
core   0: 0x80009d74 (0x283f2823) sw      gp, 656(t5)
core   0: 3 0x80009d74 (0x283f2823) mem 0x80010000 0x00000001
core   0: 0x80009d78 (0xff9ff06f) j       pc - 0x8
core   0: 3 0x80009d78 (0xff9ff06f)
core   0: 0x80009d70 (0x00006f17) auipc   t5, 0x6
core   0: 3 0x80009d70 (0x00006f17) x30 0x8000fd70
core   0: 0x80009d74 (0x283f2823) sw      gp, 656(t5)
core   0: 3 0x80009d74 (0x283f2823) mem 0x80010000 0x00000001
core   0: 0x80009d78 (0xff9ff06f) j       pc - 0x8
core   0: 3 0x80009d78 (0xff9ff06f)
core   0: 0x80009d70 (0x00006f17) auipc   t5, 0x6
core   0: 3 0x80009d70 (0x00006f17) x30 0x8000fd70
core   0: 0x80009d74 (0x283f2823) sw      gp, 656(t5)
core   0: 3 0x80009d74 (0x283f2823) mem 0x80010000 0x00000001
core   0: 0x80009d78 (0xff9ff06f) j       pc - 0x8
core   0: 3 0x80009d78 (0xff9ff06f)
core   0: 0x80009d70 (0x00006f17) auipc   t5, 0x6
core   0: 3 0x80009d70 (0x00006f17) x30 0x8000fd70
core   0: 0x80009d74 (0x283f2823) sw      gp, 656(t5)
core   0: 3 0x80009d74 (0x283f2823) mem 0x80010000 0x00000001
core   0: 0x80009d78 (0xff9ff06f) j       pc - 0x8
core   0: 3 0x80009d78 (0xff9ff06f)
core   0: 0x80009d70 (0x00006f17) auipc   t5, 0x6
core   0: 3 0x80009d70 (0x00006f17) x30 0x8000fd70
core   0: 0x80009d74 (0x283f2823) sw      gp, 656(t5)
core   0: 3 0x80009d74 (0x283f2823) mem 0x80010000 0x00000001
core   0: 0x80009d78 (0xff9ff06f) j       pc - 0x8
core   0: 3 0x80009d78 (0xff9ff06f)
core   0: 0x80009d70 (0x00006f17) auipc   t5, 0x6
core   0: 3 0x80009d70 (0x00006f17) x30 0x8000fd70
core   0: 0x80009d74 (0x283f2823) sw      gp, 656(t5)
core   0: 3 0x80009d74 (0x283f2823) mem 0x80010000 0x00000001
core   0: 0x80009d78 (0xff9ff06f) j       pc - 0x8
core   0: 3 0x80009d78 (0xff9ff06f)
core   0: 0x80009d70 (0x00006f17) auipc   t5, 0x6
core   0: 3 0x80009d70 (0x00006f17) x30 0x8000fd70
core   0: 0x80009d74 (0x283f2823) sw      gp, 656(t5)
core   0: 3 0x80009d74 (0x283f2823) mem 0x80010000 0x00000001
core   0: 0x80009d78 (0xff9ff06f) j       pc - 0x8
core   0: 3 0x80009d78 (0xff9ff06f)
core   0: 0x80009d70 (0x00006f17) auipc   t5, 0x6
core   0: 3 0x80009d70 (0x00006f17) x30 0x8000fd70
core   0: 0x80009d74 (0x283f2823) sw      gp, 656(t5)
core   0: 3 0x80009d74 (0x283f2823) mem 0x80010000 0x00000001
core   0: 0x80009d78 (0xff9ff06f) j       pc - 0x8
core   0: 3 0x80009d78 (0xff9ff06f)
core   0: 0x80009d70 (0x00006f17) auipc   t5, 0x6
core   0: 3 0x80009d70 (0x00006f17) x30 0x8000fd70
core   0: 0x80009d74 (0x283f2823) sw      gp, 656(t5)
core   0: 3 0x80009d74 (0x283f2823) mem 0x80010000 0x00000001
core   0: 0x80009d78 (0xff9ff06f) j       pc - 0x8
core   0: 3 0x80009d78 (0xff9ff06f)
core   0: 0x80009d70 (0x00006f17) auipc   t5, 0x6
core   0: 3 0x80009d70 (0x00006f17) x30 0x8000fd70
core   0: 0x80009d74 (0x283f2823) sw      gp, 656(t5)
core   0: 3 0x80009d74 (0x283f2823) mem 0x80010000 0x00000001
core   0: 0x80009d78 (0xff9ff06f) j       pc - 0x8
core   0: 3 0x80009d78 (0xff9ff06f)
core   0: 0x80009d70 (0x00006f17) auipc   t5, 0x6
core   0: 3 0x80009d70 (0x00006f17) x30 0x8000fd70
core   0: 0x80009d74 (0x283f2823) sw      gp, 656(t5)
core   0: 3 0x80009d74 (0x283f2823) mem 0x80010000 0x00000001
core   0: 0x80009d78 (0xff9ff06f) j       pc - 0x8
core   0: 3 0x80009d78 (0xff9ff06f)
core   0: 0x80009d70 (0x00006f17) auipc   t5, 0x6
core   0: 3 0x80009d70 (0x00006f17) x30 0x8000fd70
core   0: 0x80009d74 (0x283f2823) sw      gp, 656(t5)
core   0: 3 0x80009d74 (0x283f2823) mem 0x80010000 0x00000001
core   0: 0x80009d78 (0xff9ff06f) j       pc - 0x8
core   0: 3 0x80009d78 (0xff9ff06f)
core   0: 0x80009d70 (0x00006f17) auipc   t5, 0x6
core   0: 3 0x80009d70 (0x00006f17) x30 0x8000fd70
core   0: 0x80009d74 (0x283f2823) sw      gp, 656(t5)
core   0: 3 0x80009d74 (0x283f2823) mem 0x80010000 0x00000001
core   0: 0x80009d78 (0xff9ff06f) j       pc - 0x8
core   0: 3 0x80009d78 (0xff9ff06f)
core   0: 0x80009d70 (0x00006f17) auipc   t5, 0x6
core   0: 3 0x80009d70 (0x00006f17) x30 0x8000fd70
core   0: 0x80009d74 (0x283f2823) sw      gp, 656(t5)
core   0: 3 0x80009d74 (0x283f2823) mem 0x80010000 0x00000001
core   0: 0x80009d78 (0xff9ff06f) j       pc - 0x8
core   0: 3 0x80009d78 (0xff9ff06f)
core   0: 0x80009d70 (0x00006f17) auipc   t5, 0x6
core   0: 3 0x80009d70 (0x00006f17) x30 0x8000fd70
core   0: 0x80009d74 (0x283f2823) sw      gp, 656(t5)
core   0: 3 0x80009d74 (0x283f2823) mem 0x80010000 0x00000001
core   0: 0x80009d78 (0xff9ff06f) j       pc - 0x8
core   0: 3 0x80009d78 (0xff9ff06f)
core   0: 0x80009d70 (0x00006f17) auipc   t5, 0x6
core   0: 3 0x80009d70 (0x00006f17) x30 0x8000fd70
core   0: 0x80009d74 (0x283f2823) sw      gp, 656(t5)
core   0: 3 0x80009d74 (0x283f2823) mem 0x80010000 0x00000001
core   0: 0x80009d78 (0xff9ff06f) j       pc - 0x8
core   0: 3 0x80009d78 (0xff9ff06f)
core   0: 0x80009d70 (0x00006f17) auipc   t5, 0x6
core   0: 3 0x80009d70 (0x00006f17) x30 0x8000fd70
core   0: 0x80009d74 (0x283f2823) sw      gp, 656(t5)
core   0: 3 0x80009d74 (0x283f2823) mem 0x80010000 0x00000001
core   0: 0x80009d78 (0xff9ff06f) j       pc - 0x8
core   0: 3 0x80009d78 (0xff9ff06f)
core   0: 0x80009d70 (0x00006f17) auipc   t5, 0x6
core   0: 3 0x80009d70 (0x00006f17) x30 0x8000fd70
core   0: 0x80009d74 (0x283f2823) sw      gp, 656(t5)
core   0: 3 0x80009d74 (0x283f2823) mem 0x80010000 0x00000001
core   0: 0x80009d78 (0xff9ff06f) j       pc - 0x8
core   0: 3 0x80009d78 (0xff9ff06f)
core   0: 0x80009d70 (0x00006f17) auipc   t5, 0x6
core   0: 3 0x80009d70 (0x00006f17) x30 0x8000fd70
core   0: 0x80009d74 (0x283f2823) sw      gp, 656(t5)
core   0: 3 0x80009d74 (0x283f2823) mem 0x80010000 0x00000001
core   0: 0x80009d78 (0xff9ff06f) j       pc - 0x8
core   0: 3 0x80009d78 (0xff9ff06f)
core   0: 0x80009d70 (0x00006f17) auipc   t5, 0x6
core   0: 3 0x80009d70 (0x00006f17) x30 0x8000fd70
core   0: 0x80009d74 (0x283f2823) sw      gp, 656(t5)
core   0: 3 0x80009d74 (0x283f2823) mem 0x80010000 0x00000001
core   0: 0x80009d78 (0xff9ff06f) j       pc - 0x8
core   0: 3 0x80009d78 (0xff9ff06f)
core   0: 0x80009d70 (0x00006f17) auipc   t5, 0x6
core   0: 3 0x80009d70 (0x00006f17) x30 0x8000fd70
core   0: 0x80009d74 (0x283f2823) sw      gp, 656(t5)
core   0: 3 0x80009d74 (0x283f2823) mem 0x80010000 0x00000001
core   0: 0x80009d78 (0xff9ff06f) j       pc - 0x8
core   0: 3 0x80009d78 (0xff9ff06f)
core   0: 0x80009d70 (0x00006f17) auipc   t5, 0x6
core   0: 3 0x80009d70 (0x00006f17) x30 0x8000fd70
core   0: 0x80009d74 (0x283f2823) sw      gp, 656(t5)
core   0: 3 0x80009d74 (0x283f2823) mem 0x80010000 0x00000001
core   0: 0x80009d78 (0xff9ff06f) j       pc - 0x8
core   0: 3 0x80009d78 (0xff9ff06f)
core   0: 0x80009d70 (0x00006f17) auipc   t5, 0x6
core   0: 3 0x80009d70 (0x00006f17) x30 0x8000fd70
core   0: 0x80009d74 (0x283f2823) sw      gp, 656(t5)
core   0: 3 0x80009d74 (0x283f2823) mem 0x80010000 0x00000001
core   0: 0x80009d78 (0xff9ff06f) j       pc - 0x8
core   0: 3 0x80009d78 (0xff9ff06f)
core   0: 0x80009d70 (0x00006f17) auipc   t5, 0x6
core   0: 3 0x80009d70 (0x00006f17) x30 0x8000fd70
core   0: 0x80009d74 (0x283f2823) sw      gp, 656(t5)
core   0: 3 0x80009d74 (0x283f2823) mem 0x80010000 0x00000001
core   0: 0x80009d78 (0xff9ff06f) j       pc - 0x8
core   0: 3 0x80009d78 (0xff9ff06f)
core   0: 0x80009d70 (0x00006f17) auipc   t5, 0x6
core   0: 3 0x80009d70 (0x00006f17) x30 0x8000fd70
core   0: 0x80009d74 (0x283f2823) sw      gp, 656(t5)
core   0: 3 0x80009d74 (0x283f2823) mem 0x80010000 0x00000001
core   0: 0x80009d78 (0xff9ff06f) j       pc - 0x8
core   0: 3 0x80009d78 (0xff9ff06f)
core   0: 0x80009d70 (0x00006f17) auipc   t5, 0x6
core   0: 3 0x80009d70 (0x00006f17) x30 0x8000fd70
core   0: 0x80009d74 (0x283f2823) sw      gp, 656(t5)
core   0: 3 0x80009d74 (0x283f2823) mem 0x80010000 0x00000001
core   0: 0x80009d78 (0xff9ff06f) j       pc - 0x8
core   0: 3 0x80009d78 (0xff9ff06f)
core   0: 0x80009d70 (0x00006f17) auipc   t5, 0x6
core   0: 3 0x80009d70 (0x00006f17) x30 0x8000fd70
core   0: 0x80009d74 (0x283f2823) sw      gp, 656(t5)
core   0: 3 0x80009d74 (0x283f2823) mem 0x80010000 0x00000001
core   0: 0x80009d78 (0xff9ff06f) j       pc - 0x8
core   0: 3 0x80009d78 (0xff9ff06f)
core   0: 0x80009d70 (0x00006f17) auipc   t5, 0x6
core   0: 3 0x80009d70 (0x00006f17) x30 0x8000fd70
core   0: 0x80009d74 (0x283f2823) sw      gp, 656(t5)
core   0: 3 0x80009d74 (0x283f2823) mem 0x80010000 0x00000001
core   0: 0x80009d78 (0xff9ff06f) j       pc - 0x8
core   0: 3 0x80009d78 (0xff9ff06f)
core   0: 0x80009d70 (0x00006f17) auipc   t5, 0x6
core   0: 3 0x80009d70 (0x00006f17) x30 0x8000fd70
core   0: 0x80009d74 (0x283f2823) sw      gp, 656(t5)
core   0: 3 0x80009d74 (0x283f2823) mem 0x80010000 0x00000001
core   0: 0x80009d78 (0xff9ff06f) j       pc - 0x8
core   0: 3 0x80009d78 (0xff9ff06f)
core   0: 0x80009d70 (0x00006f17) auipc   t5, 0x6
core   0: 3 0x80009d70 (0x00006f17) x30 0x8000fd70
core   0: 0x80009d74 (0x283f2823) sw      gp, 656(t5)
core   0: 3 0x80009d74 (0x283f2823) mem 0x80010000 0x00000001
core   0: 0x80009d78 (0xff9ff06f) j       pc - 0x8
core   0: 3 0x80009d78 (0xff9ff06f)
core   0: 0x80009d70 (0x00006f17) auipc   t5, 0x6
core   0: 3 0x80009d70 (0x00006f17) x30 0x8000fd70
core   0: 0x80009d74 (0x283f2823) sw      gp, 656(t5)
core   0: 3 0x80009d74 (0x283f2823) mem 0x80010000 0x00000001
core   0: 0x80009d78 (0xff9ff06f) j       pc - 0x8
core   0: 3 0x80009d78 (0xff9ff06f)
core   0: 0x80009d70 (0x00006f17) auipc   t5, 0x6
core   0: 3 0x80009d70 (0x00006f17) x30 0x8000fd70
core   0: 0x80009d74 (0x283f2823) sw      gp, 656(t5)
core   0: 3 0x80009d74 (0x283f2823) mem 0x80010000 0x00000001
core   0: 0x80009d78 (0xff9ff06f) j       pc - 0x8
core   0: 3 0x80009d78 (0xff9ff06f)
core   0: 0x80009d70 (0x00006f17) auipc   t5, 0x6
core   0: 3 0x80009d70 (0x00006f17) x30 0x8000fd70
core   0: 0x80009d74 (0x283f2823) sw      gp, 656(t5)
core   0: 3 0x80009d74 (0x283f2823) mem 0x80010000 0x00000001
core   0: 0x80009d78 (0xff9ff06f) j       pc - 0x8
core   0: 3 0x80009d78 (0xff9ff06f)
core   0: 0x80009d70 (0x00006f17) auipc   t5, 0x6
core   0: 3 0x80009d70 (0x00006f17) x30 0x8000fd70
core   0: 0x80009d74 (0x283f2823) sw      gp, 656(t5)
core   0: 3 0x80009d74 (0x283f2823) mem 0x80010000 0x00000001
core   0: 0x80009d78 (0xff9ff06f) j       pc - 0x8
core   0: 3 0x80009d78 (0xff9ff06f)
core   0: 0x80009d70 (0x00006f17) auipc   t5, 0x6
core   0: 3 0x80009d70 (0x00006f17) x30 0x8000fd70
core   0: 0x80009d74 (0x283f2823) sw      gp, 656(t5)
core   0: 3 0x80009d74 (0x283f2823) mem 0x80010000 0x00000001
core   0: 0x80009d78 (0xff9ff06f) j       pc - 0x8
core   0: 3 0x80009d78 (0xff9ff06f)
core   0: 0x80009d70 (0x00006f17) auipc   t5, 0x6
core   0: 3 0x80009d70 (0x00006f17) x30 0x8000fd70
core   0: 0x80009d74 (0x283f2823) sw      gp, 656(t5)
core   0: 3 0x80009d74 (0x283f2823) mem 0x80010000 0x00000001
core   0: 0x80009d78 (0xff9ff06f) j       pc - 0x8
core   0: 3 0x80009d78 (0xff9ff06f)
core   0: 0x80009d70 (0x00006f17) auipc   t5, 0x6
core   0: 3 0x80009d70 (0x00006f17) x30 0x8000fd70
core   0: 0x80009d74 (0x283f2823) sw      gp, 656(t5)
core   0: 3 0x80009d74 (0x283f2823) mem 0x80010000 0x00000001
core   0: 0x80009d78 (0xff9ff06f) j       pc - 0x8
core   0: 3 0x80009d78 (0xff9ff06f)
core   0: 0x80009d70 (0x00006f17) auipc   t5, 0x6
core   0: 3 0x80009d70 (0x00006f17) x30 0x8000fd70
core   0: 0x80009d74 (0x283f2823) sw      gp, 656(t5)
core   0: 3 0x80009d74 (0x283f2823) mem 0x80010000 0x00000001
core   0: 0x80009d78 (0xff9ff06f) j       pc - 0x8
core   0: 3 0x80009d78 (0xff9ff06f)
core   0: 0x80009d70 (0x00006f17) auipc   t5, 0x6
core   0: 3 0x80009d70 (0x00006f17) x30 0x8000fd70
core   0: 0x80009d74 (0x283f2823) sw      gp, 656(t5)
core   0: 3 0x80009d74 (0x283f2823) mem 0x80010000 0x00000001
core   0: 0x80009d78 (0xff9ff06f) j       pc - 0x8
core   0: 3 0x80009d78 (0xff9ff06f)
core   0: 0x80009d70 (0x00006f17) auipc   t5, 0x6
core   0: 3 0x80009d70 (0x00006f17) x30 0x8000fd70
core   0: 0x80009d74 (0x283f2823) sw      gp, 656(t5)
core   0: 3 0x80009d74 (0x283f2823) mem 0x80010000 0x00000001
core   0: 0x80009d78 (0xff9ff06f) j       pc - 0x8
core   0: 3 0x80009d78 (0xff9ff06f)
core   0: 0x80009d70 (0x00006f17) auipc   t5, 0x6
core   0: 3 0x80009d70 (0x00006f17) x30 0x8000fd70
core   0: 0x80009d74 (0x283f2823) sw      gp, 656(t5)
core   0: 3 0x80009d74 (0x283f2823) mem 0x80010000 0x00000001
core   0: 0x80009d78 (0xff9ff06f) j       pc - 0x8
core   0: 3 0x80009d78 (0xff9ff06f)
core   0: 0x80009d70 (0x00006f17) auipc   t5, 0x6
core   0: 3 0x80009d70 (0x00006f17) x30 0x8000fd70
core   0: 0x80009d74 (0x283f2823) sw      gp, 656(t5)
core   0: 3 0x80009d74 (0x283f2823) mem 0x80010000 0x00000001
core   0: 0x80009d78 (0xff9ff06f) j       pc - 0x8
core   0: 3 0x80009d78 (0xff9ff06f)
core   0: 0x80009d70 (0x00006f17) auipc   t5, 0x6
core   0: 3 0x80009d70 (0x00006f17) x30 0x8000fd70
core   0: 0x80009d74 (0x283f2823) sw      gp, 656(t5)
core   0: 3 0x80009d74 (0x283f2823) mem 0x80010000 0x00000001
core   0: 0x80009d78 (0xff9ff06f) j       pc - 0x8
core   0: 3 0x80009d78 (0xff9ff06f)
core   0: 0x80009d70 (0x00006f17) auipc   t5, 0x6
core   0: 3 0x80009d70 (0x00006f17) x30 0x8000fd70
core   0: 0x80009d74 (0x283f2823) sw      gp, 656(t5)
core   0: 3 0x80009d74 (0x283f2823) mem 0x80010000 0x00000001
core   0: 0x80009d78 (0xff9ff06f) j       pc - 0x8
core   0: 3 0x80009d78 (0xff9ff06f)
core   0: 0x80009d70 (0x00006f17) auipc   t5, 0x6
core   0: 3 0x80009d70 (0x00006f17) x30 0x8000fd70
core   0: 0x80009d74 (0x283f2823) sw      gp, 656(t5)
core   0: 3 0x80009d74 (0x283f2823) mem 0x80010000 0x00000001
core   0: 0x80009d78 (0xff9ff06f) j       pc - 0x8
core   0: 3 0x80009d78 (0xff9ff06f)
core   0: 0x80009d70 (0x00006f17) auipc   t5, 0x6
core   0: 3 0x80009d70 (0x00006f17) x30 0x8000fd70
core   0: 0x80009d74 (0x283f2823) sw      gp, 656(t5)
core   0: 3 0x80009d74 (0x283f2823) mem 0x80010000 0x00000001
core   0: 0x80009d78 (0xff9ff06f) j       pc - 0x8
core   0: 3 0x80009d78 (0xff9ff06f)
core   0: 0x80009d70 (0x00006f17) auipc   t5, 0x6
core   0: 3 0x80009d70 (0x00006f17) x30 0x8000fd70
core   0: 0x80009d74 (0x283f2823) sw      gp, 656(t5)
core   0: 3 0x80009d74 (0x283f2823) mem 0x80010000 0x00000001
core   0: 0x80009d78 (0xff9ff06f) j       pc - 0x8
core   0: 3 0x80009d78 (0xff9ff06f)
core   0: 0x80009d70 (0x00006f17) auipc   t5, 0x6
core   0: 3 0x80009d70 (0x00006f17) x30 0x8000fd70
core   0: 0x80009d74 (0x283f2823) sw      gp, 656(t5)
core   0: 3 0x80009d74 (0x283f2823) mem 0x80010000 0x00000001
core   0: 0x80009d78 (0xff9ff06f) j       pc - 0x8
core   0: 3 0x80009d78 (0xff9ff06f)
core   0: 0x80009d70 (0x00006f17) auipc   t5, 0x6
core   0: 3 0x80009d70 (0x00006f17) x30 0x8000fd70
core   0: 0x80009d74 (0x283f2823) sw      gp, 656(t5)
core   0: 3 0x80009d74 (0x283f2823) mem 0x80010000 0x00000001
core   0: 0x80009d78 (0xff9ff06f) j       pc - 0x8
core   0: 3 0x80009d78 (0xff9ff06f)
core   0: 0x80009d70 (0x00006f17) auipc   t5, 0x6
core   0: 3 0x80009d70 (0x00006f17) x30 0x8000fd70
core   0: 0x80009d74 (0x283f2823) sw      gp, 656(t5)
core   0: 3 0x80009d74 (0x283f2823) mem 0x80010000 0x00000001
core   0: 0x80009d78 (0xff9ff06f) j       pc - 0x8
core   0: 3 0x80009d78 (0xff9ff06f)
core   0: 0x80009d70 (0x00006f17) auipc   t5, 0x6
core   0: 3 0x80009d70 (0x00006f17) x30 0x8000fd70
core   0: 0x80009d74 (0x283f2823) sw      gp, 656(t5)
core   0: 3 0x80009d74 (0x283f2823) mem 0x80010000 0x00000001
core   0: 0x80009d78 (0xff9ff06f) j       pc - 0x8
core   0: 3 0x80009d78 (0xff9ff06f)
core   0: 0x80009d70 (0x00006f17) auipc   t5, 0x6
core   0: 3 0x80009d70 (0x00006f17) x30 0x8000fd70
core   0: 0x80009d74 (0x283f2823) sw      gp, 656(t5)
core   0: 3 0x80009d74 (0x283f2823) mem 0x80010000 0x00000001
core   0: 0x80009d78 (0xff9ff06f) j       pc - 0x8
core   0: 3 0x80009d78 (0xff9ff06f)
core   0: 0x80009d70 (0x00006f17) auipc   t5, 0x6
core   0: 3 0x80009d70 (0x00006f17) x30 0x8000fd70
core   0: 0x80009d74 (0x283f2823) sw      gp, 656(t5)
core   0: 3 0x80009d74 (0x283f2823) mem 0x80010000 0x00000001
core   0: 0x80009d78 (0xff9ff06f) j       pc - 0x8
core   0: 3 0x80009d78 (0xff9ff06f)
core   0: 0x80009d70 (0x00006f17) auipc   t5, 0x6
core   0: 3 0x80009d70 (0x00006f17) x30 0x8000fd70
core   0: 0x80009d74 (0x283f2823) sw      gp, 656(t5)
core   0: 3 0x80009d74 (0x283f2823) mem 0x80010000 0x00000001
core   0: 0x80009d78 (0xff9ff06f) j       pc - 0x8
core   0: 3 0x80009d78 (0xff9ff06f)
core   0: 0x80009d70 (0x00006f17) auipc   t5, 0x6
core   0: 3 0x80009d70 (0x00006f17) x30 0x8000fd70
core   0: 0x80009d74 (0x283f2823) sw      gp, 656(t5)
core   0: 3 0x80009d74 (0x283f2823) mem 0x80010000 0x00000001
core   0: 0x80009d78 (0xff9ff06f) j       pc - 0x8
core   0: 3 0x80009d78 (0xff9ff06f)
core   0: 0x80009d70 (0x00006f17) auipc   t5, 0x6
core   0: 3 0x80009d70 (0x00006f17) x30 0x8000fd70
core   0: 0x80009d74 (0x283f2823) sw      gp, 656(t5)
core   0: 3 0x80009d74 (0x283f2823) mem 0x80010000 0x00000001
core   0: 0x80009d78 (0xff9ff06f) j       pc - 0x8
core   0: 3 0x80009d78 (0xff9ff06f)
core   0: 0x80009d70 (0x00006f17) auipc   t5, 0x6
core   0: 3 0x80009d70 (0x00006f17) x30 0x8000fd70
core   0: 0x80009d74 (0x283f2823) sw      gp, 656(t5)
core   0: 3 0x80009d74 (0x283f2823) mem 0x80010000 0x00000001
core   0: 0x80009d78 (0xff9ff06f) j       pc - 0x8
core   0: 3 0x80009d78 (0xff9ff06f)
core   0: 0x80009d70 (0x00006f17) auipc   t5, 0x6
core   0: 3 0x80009d70 (0x00006f17) x30 0x8000fd70
core   0: 0x80009d74 (0x283f2823) sw      gp, 656(t5)
core   0: 3 0x80009d74 (0x283f2823) mem 0x80010000 0x00000001
core   0: 0x80009d78 (0xff9ff06f) j       pc - 0x8
core   0: 3 0x80009d78 (0xff9ff06f)
core   0: 0x80009d70 (0x00006f17) auipc   t5, 0x6
core   0: 3 0x80009d70 (0x00006f17) x30 0x8000fd70
core   0: 0x80009d74 (0x283f2823) sw      gp, 656(t5)
core   0: 3 0x80009d74 (0x283f2823) mem 0x80010000 0x00000001
core   0: 0x80009d78 (0xff9ff06f) j       pc - 0x8
core   0: 3 0x80009d78 (0xff9ff06f)
core   0: 0x80009d70 (0x00006f17) auipc   t5, 0x6
core   0: 3 0x80009d70 (0x00006f17) x30 0x8000fd70
core   0: 0x80009d74 (0x283f2823) sw      gp, 656(t5)
core   0: 3 0x80009d74 (0x283f2823) mem 0x80010000 0x00000001
core   0: 0x80009d78 (0xff9ff06f) j       pc - 0x8
core   0: 3 0x80009d78 (0xff9ff06f)
core   0: 0x80009d70 (0x00006f17) auipc   t5, 0x6
core   0: 3 0x80009d70 (0x00006f17) x30 0x8000fd70
core   0: 0x80009d74 (0x283f2823) sw      gp, 656(t5)
core   0: 3 0x80009d74 (0x283f2823) mem 0x80010000 0x00000001
core   0: 0x80009d78 (0xff9ff06f) j       pc - 0x8
core   0: 3 0x80009d78 (0xff9ff06f)
core   0: 0x80009d70 (0x00006f17) auipc   t5, 0x6
core   0: 3 0x80009d70 (0x00006f17) x30 0x8000fd70
core   0: 0x80009d74 (0x283f2823) sw      gp, 656(t5)
core   0: 3 0x80009d74 (0x283f2823) mem 0x80010000 0x00000001
core   0: 0x80009d78 (0xff9ff06f) j       pc - 0x8
core   0: 3 0x80009d78 (0xff9ff06f)
core   0: 0x80009d70 (0x00006f17) auipc   t5, 0x6
core   0: 3 0x80009d70 (0x00006f17) x30 0x8000fd70
core   0: 0x80009d74 (0x283f2823) sw      gp, 656(t5)
core   0: 3 0x80009d74 (0x283f2823) mem 0x80010000 0x00000001
core   0: 0x80009d78 (0xff9ff06f) j       pc - 0x8
core   0: 3 0x80009d78 (0xff9ff06f)
core   0: 0x80009d70 (0x00006f17) auipc   t5, 0x6
core   0: 3 0x80009d70 (0x00006f17) x30 0x8000fd70
core   0: 0x80009d74 (0x283f2823) sw      gp, 656(t5)
core   0: 3 0x80009d74 (0x283f2823) mem 0x80010000 0x00000001
core   0: 0x80009d78 (0xff9ff06f) j       pc - 0x8
core   0: 3 0x80009d78 (0xff9ff06f)
core   0: 0x80009d70 (0x00006f17) auipc   t5, 0x6
core   0: 3 0x80009d70 (0x00006f17) x30 0x8000fd70
core   0: 0x80009d74 (0x283f2823) sw      gp, 656(t5)
core   0: 3 0x80009d74 (0x283f2823) mem 0x80010000 0x00000001
core   0: 0x80009d78 (0xff9ff06f) j       pc - 0x8
core   0: 3 0x80009d78 (0xff9ff06f)
core   0: 0x80009d70 (0x00006f17) auipc   t5, 0x6
core   0: 3 0x80009d70 (0x00006f17) x30 0x8000fd70
core   0: 0x80009d74 (0x283f2823) sw      gp, 656(t5)
core   0: 3 0x80009d74 (0x283f2823) mem 0x80010000 0x00000001
core   0: 0x80009d78 (0xff9ff06f) j       pc - 0x8
core   0: 3 0x80009d78 (0xff9ff06f)
core   0: 0x80009d70 (0x00006f17) auipc   t5, 0x6
core   0: 3 0x80009d70 (0x00006f17) x30 0x8000fd70
core   0: 0x80009d74 (0x283f2823) sw      gp, 656(t5)
core   0: 3 0x80009d74 (0x283f2823) mem 0x80010000 0x00000001
core   0: 0x80009d78 (0xff9ff06f) j       pc - 0x8
core   0: 3 0x80009d78 (0xff9ff06f)
core   0: 0x80009d70 (0x00006f17) auipc   t5, 0x6
core   0: 3 0x80009d70 (0x00006f17) x30 0x8000fd70
core   0: 0x80009d74 (0x283f2823) sw      gp, 656(t5)
core   0: 3 0x80009d74 (0x283f2823) mem 0x80010000 0x00000001
core   0: 0x80009d78 (0xff9ff06f) j       pc - 0x8
core   0: 3 0x80009d78 (0xff9ff06f)
core   0: 0x80009d70 (0x00006f17) auipc   t5, 0x6
core   0: 3 0x80009d70 (0x00006f17) x30 0x8000fd70
core   0: 0x80009d74 (0x283f2823) sw      gp, 656(t5)
core   0: 3 0x80009d74 (0x283f2823) mem 0x80010000 0x00000001
core   0: 0x80009d78 (0xff9ff06f) j       pc - 0x8
core   0: 3 0x80009d78 (0xff9ff06f)
core   0: 0x80009d70 (0x00006f17) auipc   t5, 0x6
core   0: 3 0x80009d70 (0x00006f17) x30 0x8000fd70
core   0: 0x80009d74 (0x283f2823) sw      gp, 656(t5)
core   0: 3 0x80009d74 (0x283f2823) mem 0x80010000 0x00000001
core   0: 0x80009d78 (0xff9ff06f) j       pc - 0x8
core   0: 3 0x80009d78 (0xff9ff06f)
core   0: 0x80009d70 (0x00006f17) auipc   t5, 0x6
core   0: 3 0x80009d70 (0x00006f17) x30 0x8000fd70
core   0: 0x80009d74 (0x283f2823) sw      gp, 656(t5)
core   0: 3 0x80009d74 (0x283f2823) mem 0x80010000 0x00000001
core   0: 0x80009d78 (0xff9ff06f) j       pc - 0x8
core   0: 3 0x80009d78 (0xff9ff06f)
core   0: 0x80009d70 (0x00006f17) auipc   t5, 0x6
core   0: 3 0x80009d70 (0x00006f17) x30 0x8000fd70
core   0: 0x80009d74 (0x283f2823) sw      gp, 656(t5)
core   0: 3 0x80009d74 (0x283f2823) mem 0x80010000 0x00000001
core   0: 0x80009d78 (0xff9ff06f) j       pc - 0x8
core   0: 3 0x80009d78 (0xff9ff06f)
core   0: 0x80009d70 (0x00006f17) auipc   t5, 0x6
core   0: 3 0x80009d70 (0x00006f17) x30 0x8000fd70
core   0: 0x80009d74 (0x283f2823) sw      gp, 656(t5)
core   0: 3 0x80009d74 (0x283f2823) mem 0x80010000 0x00000001
core   0: 0x80009d78 (0xff9ff06f) j       pc - 0x8
core   0: 3 0x80009d78 (0xff9ff06f)
core   0: 0x80009d70 (0x00006f17) auipc   t5, 0x6
core   0: 3 0x80009d70 (0x00006f17) x30 0x8000fd70
core   0: 0x80009d74 (0x283f2823) sw      gp, 656(t5)
core   0: 3 0x80009d74 (0x283f2823) mem 0x80010000 0x00000001
core   0: 0x80009d78 (0xff9ff06f) j       pc - 0x8
core   0: 3 0x80009d78 (0xff9ff06f)
core   0: 0x80009d70 (0x00006f17) auipc   t5, 0x6
core   0: 3 0x80009d70 (0x00006f17) x30 0x8000fd70
core   0: 0x80009d74 (0x283f2823) sw      gp, 656(t5)
core   0: 3 0x80009d74 (0x283f2823) mem 0x80010000 0x00000001
core   0: 0x80009d78 (0xff9ff06f) j       pc - 0x8
core   0: 3 0x80009d78 (0xff9ff06f)
core   0: 0x80009d70 (0x00006f17) auipc   t5, 0x6
core   0: 3 0x80009d70 (0x00006f17) x30 0x8000fd70
core   0: 0x80009d74 (0x283f2823) sw      gp, 656(t5)
core   0: 3 0x80009d74 (0x283f2823) mem 0x80010000 0x00000001
core   0: 0x80009d78 (0xff9ff06f) j       pc - 0x8
core   0: 3 0x80009d78 (0xff9ff06f)
core   0: 0x80009d70 (0x00006f17) auipc   t5, 0x6
core   0: 3 0x80009d70 (0x00006f17) x30 0x8000fd70
core   0: 0x80009d74 (0x283f2823) sw      gp, 656(t5)
core   0: 3 0x80009d74 (0x283f2823) mem 0x80010000 0x00000001
core   0: 0x80009d78 (0xff9ff06f) j       pc - 0x8
core   0: 3 0x80009d78 (0xff9ff06f)
core   0: 0x80009d70 (0x00006f17) auipc   t5, 0x6
core   0: 3 0x80009d70 (0x00006f17) x30 0x8000fd70
core   0: 0x80009d74 (0x283f2823) sw      gp, 656(t5)
core   0: 3 0x80009d74 (0x283f2823) mem 0x80010000 0x00000001
core   0: 0x80009d78 (0xff9ff06f) j       pc - 0x8
core   0: 3 0x80009d78 (0xff9ff06f)
core   0: 0x80009d70 (0x00006f17) auipc   t5, 0x6
core   0: 3 0x80009d70 (0x00006f17) x30 0x8000fd70
core   0: 0x80009d74 (0x283f2823) sw      gp, 656(t5)
core   0: 3 0x80009d74 (0x283f2823) mem 0x80010000 0x00000001
core   0: 0x80009d78 (0xff9ff06f) j       pc - 0x8
core   0: 3 0x80009d78 (0xff9ff06f)
core   0: 0x80009d70 (0x00006f17) auipc   t5, 0x6
core   0: 3 0x80009d70 (0x00006f17) x30 0x8000fd70
core   0: 0x80009d74 (0x283f2823) sw      gp, 656(t5)
core   0: 3 0x80009d74 (0x283f2823) mem 0x80010000 0x00000001
core   0: 0x80009d78 (0xff9ff06f) j       pc - 0x8
core   0: 3 0x80009d78 (0xff9ff06f)
core   0: 0x80009d70 (0x00006f17) auipc   t5, 0x6
core   0: 3 0x80009d70 (0x00006f17) x30 0x8000fd70
core   0: 0x80009d74 (0x283f2823) sw      gp, 656(t5)
core   0: 3 0x80009d74 (0x283f2823) mem 0x80010000 0x00000001
core   0: 0x80009d78 (0xff9ff06f) j       pc - 0x8
core   0: 3 0x80009d78 (0xff9ff06f)
core   0: 0x80009d70 (0x00006f17) auipc   t5, 0x6
core   0: 3 0x80009d70 (0x00006f17) x30 0x8000fd70
core   0: 0x80009d74 (0x283f2823) sw      gp, 656(t5)
core   0: 3 0x80009d74 (0x283f2823) mem 0x80010000 0x00000001
core   0: 0x80009d78 (0xff9ff06f) j       pc - 0x8
core   0: 3 0x80009d78 (0xff9ff06f)
core   0: 0x80009d70 (0x00006f17) auipc   t5, 0x6
core   0: 3 0x80009d70 (0x00006f17) x30 0x8000fd70
core   0: 0x80009d74 (0x283f2823) sw      gp, 656(t5)
core   0: 3 0x80009d74 (0x283f2823) mem 0x80010000 0x00000001
core   0: 0x80009d78 (0xff9ff06f) j       pc - 0x8
core   0: 3 0x80009d78 (0xff9ff06f)
core   0: 0x80009d70 (0x00006f17) auipc   t5, 0x6
core   0: 3 0x80009d70 (0x00006f17) x30 0x8000fd70
core   0: 0x80009d74 (0x283f2823) sw      gp, 656(t5)
core   0: 3 0x80009d74 (0x283f2823) mem 0x80010000 0x00000001
core   0: 0x80009d78 (0xff9ff06f) j       pc - 0x8
core   0: 3 0x80009d78 (0xff9ff06f)
core   0: 0x80009d70 (0x00006f17) auipc   t5, 0x6
core   0: 3 0x80009d70 (0x00006f17) x30 0x8000fd70
core   0: 0x80009d74 (0x283f2823) sw      gp, 656(t5)
core   0: 3 0x80009d74 (0x283f2823) mem 0x80010000 0x00000001
core   0: 0x80009d78 (0xff9ff06f) j       pc - 0x8
core   0: 3 0x80009d78 (0xff9ff06f)
core   0: 0x80009d70 (0x00006f17) auipc   t5, 0x6
core   0: 3 0x80009d70 (0x00006f17) x30 0x8000fd70
core   0: 0x80009d74 (0x283f2823) sw      gp, 656(t5)
core   0: 3 0x80009d74 (0x283f2823) mem 0x80010000 0x00000001
core   0: 0x80009d78 (0xff9ff06f) j       pc - 0x8
core   0: 3 0x80009d78 (0xff9ff06f)
core   0: 0x80009d70 (0x00006f17) auipc   t5, 0x6
core   0: 3 0x80009d70 (0x00006f17) x30 0x8000fd70
core   0: 0x80009d74 (0x283f2823) sw      gp, 656(t5)
core   0: 3 0x80009d74 (0x283f2823) mem 0x80010000 0x00000001
core   0: 0x80009d78 (0xff9ff06f) j       pc - 0x8
core   0: 3 0x80009d78 (0xff9ff06f)
core   0: 0x80009d70 (0x00006f17) auipc   t5, 0x6
core   0: 3 0x80009d70 (0x00006f17) x30 0x8000fd70
core   0: 0x80009d74 (0x283f2823) sw      gp, 656(t5)
core   0: 3 0x80009d74 (0x283f2823) mem 0x80010000 0x00000001
core   0: 0x80009d78 (0xff9ff06f) j       pc - 0x8
core   0: 3 0x80009d78 (0xff9ff06f)
core   0: 0x80009d70 (0x00006f17) auipc   t5, 0x6
core   0: 3 0x80009d70 (0x00006f17) x30 0x8000fd70
core   0: 0x80009d74 (0x283f2823) sw      gp, 656(t5)
core   0: 3 0x80009d74 (0x283f2823) mem 0x80010000 0x00000001
core   0: 0x80009d78 (0xff9ff06f) j       pc - 0x8
core   0: 3 0x80009d78 (0xff9ff06f)
core   0: 0x80009d70 (0x00006f17) auipc   t5, 0x6
core   0: 3 0x80009d70 (0x00006f17) x30 0x8000fd70
core   0: 0x80009d74 (0x283f2823) sw      gp, 656(t5)
core   0: 3 0x80009d74 (0x283f2823) mem 0x80010000 0x00000001
core   0: 0x80009d78 (0xff9ff06f) j       pc - 0x8
core   0: 3 0x80009d78 (0xff9ff06f)
core   0: 0x80009d70 (0x00006f17) auipc   t5, 0x6
core   0: 3 0x80009d70 (0x00006f17) x30 0x8000fd70
core   0: 0x80009d74 (0x283f2823) sw      gp, 656(t5)
core   0: 3 0x80009d74 (0x283f2823) mem 0x80010000 0x00000001
core   0: 0x80009d78 (0xff9ff06f) j       pc - 0x8
core   0: 3 0x80009d78 (0xff9ff06f)
core   0: 0x80009d70 (0x00006f17) auipc   t5, 0x6
core   0: 3 0x80009d70 (0x00006f17) x30 0x8000fd70
core   0: 0x80009d74 (0x283f2823) sw      gp, 656(t5)
core   0: 3 0x80009d74 (0x283f2823) mem 0x80010000 0x00000001
core   0: 0x80009d78 (0xff9ff06f) j       pc - 0x8
core   0: 3 0x80009d78 (0xff9ff06f)
core   0: 0x80009d70 (0x00006f17) auipc   t5, 0x6
core   0: 3 0x80009d70 (0x00006f17) x30 0x8000fd70
core   0: 0x80009d74 (0x283f2823) sw      gp, 656(t5)
core   0: 3 0x80009d74 (0x283f2823) mem 0x80010000 0x00000001
core   0: 0x80009d78 (0xff9ff06f) j       pc - 0x8
core   0: 3 0x80009d78 (0xff9ff06f)
core   0: 0x80009d70 (0x00006f17) auipc   t5, 0x6
core   0: 3 0x80009d70 (0x00006f17) x30 0x8000fd70
core   0: 0x80009d74 (0x283f2823) sw      gp, 656(t5)
core   0: 3 0x80009d74 (0x283f2823) mem 0x80010000 0x00000001
core   0: 0x80009d78 (0xff9ff06f) j       pc - 0x8
core   0: 3 0x80009d78 (0xff9ff06f)
core   0: 0x80009d70 (0x00006f17) auipc   t5, 0x6
core   0: 3 0x80009d70 (0x00006f17) x30 0x8000fd70
core   0: 0x80009d74 (0x283f2823) sw      gp, 656(t5)
core   0: 3 0x80009d74 (0x283f2823) mem 0x80010000 0x00000001
core   0: 0x80009d78 (0xff9ff06f) j       pc - 0x8
core   0: 3 0x80009d78 (0xff9ff06f)
core   0: 0x80009d70 (0x00006f17) auipc   t5, 0x6
core   0: 3 0x80009d70 (0x00006f17) x30 0x8000fd70
core   0: 0x80009d74 (0x283f2823) sw      gp, 656(t5)
core   0: 3 0x80009d74 (0x283f2823) mem 0x80010000 0x00000001
core   0: 0x80009d78 (0xff9ff06f) j       pc - 0x8
core   0: 3 0x80009d78 (0xff9ff06f)
core   0: 0x80009d70 (0x00006f17) auipc   t5, 0x6
core   0: 3 0x80009d70 (0x00006f17) x30 0x8000fd70
core   0: 0x80009d74 (0x283f2823) sw      gp, 656(t5)
core   0: 3 0x80009d74 (0x283f2823) mem 0x80010000 0x00000001
core   0: 0x80009d78 (0xff9ff06f) j       pc - 0x8
core   0: 3 0x80009d78 (0xff9ff06f)
core   0: 0x80009d70 (0x00006f17) auipc   t5, 0x6
core   0: 3 0x80009d70 (0x00006f17) x30 0x8000fd70
core   0: 0x80009d74 (0x283f2823) sw      gp, 656(t5)
core   0: 3 0x80009d74 (0x283f2823) mem 0x80010000 0x00000001
core   0: 0x80009d78 (0xff9ff06f) j       pc - 0x8
core   0: 3 0x80009d78 (0xff9ff06f)
core   0: 0x80009d70 (0x00006f17) auipc   t5, 0x6
core   0: 3 0x80009d70 (0x00006f17) x30 0x8000fd70
core   0: 0x80009d74 (0x283f2823) sw      gp, 656(t5)
core   0: 3 0x80009d74 (0x283f2823) mem 0x80010000 0x00000001
core   0: 0x80009d78 (0xff9ff06f) j       pc - 0x8
core   0: 3 0x80009d78 (0xff9ff06f)
core   0: 0x80009d70 (0x00006f17) auipc   t5, 0x6
core   0: 3 0x80009d70 (0x00006f17) x30 0x8000fd70
core   0: 0x80009d74 (0x283f2823) sw      gp, 656(t5)
core   0: 3 0x80009d74 (0x283f2823) mem 0x80010000 0x00000001
core   0: 0x80009d78 (0xff9ff06f) j       pc - 0x8
core   0: 3 0x80009d78 (0xff9ff06f)
core   0: 0x80009d70 (0x00006f17) auipc   t5, 0x6
core   0: 3 0x80009d70 (0x00006f17) x30 0x8000fd70
core   0: 0x80009d74 (0x283f2823) sw      gp, 656(t5)
core   0: 3 0x80009d74 (0x283f2823) mem 0x80010000 0x00000001
core   0: 0x80009d78 (0xff9ff06f) j       pc - 0x8
core   0: 3 0x80009d78 (0xff9ff06f)
core   0: 0x80009d70 (0x00006f17) auipc   t5, 0x6
core   0: 3 0x80009d70 (0x00006f17) x30 0x8000fd70
core   0: 0x80009d74 (0x283f2823) sw      gp, 656(t5)
core   0: 3 0x80009d74 (0x283f2823) mem 0x80010000 0x00000001
core   0: 0x80009d78 (0xff9ff06f) j       pc - 0x8
core   0: 3 0x80009d78 (0xff9ff06f)
core   0: 0x80009d70 (0x00006f17) auipc   t5, 0x6
core   0: 3 0x80009d70 (0x00006f17) x30 0x8000fd70
core   0: 0x80009d74 (0x283f2823) sw      gp, 656(t5)
core   0: 3 0x80009d74 (0x283f2823) mem 0x80010000 0x00000001
core   0: 0x80009d78 (0xff9ff06f) j       pc - 0x8
core   0: 3 0x80009d78 (0xff9ff06f)
core   0: 0x80009d70 (0x00006f17) auipc   t5, 0x6
core   0: 3 0x80009d70 (0x00006f17) x30 0x8000fd70
core   0: 0x80009d74 (0x283f2823) sw      gp, 656(t5)
core   0: 3 0x80009d74 (0x283f2823) mem 0x80010000 0x00000001
core   0: 0x80009d78 (0xff9ff06f) j       pc - 0x8
core   0: 3 0x80009d78 (0xff9ff06f)
core   0: 0x80009d70 (0x00006f17) auipc   t5, 0x6
core   0: 3 0x80009d70 (0x00006f17) x30 0x8000fd70
core   0: 0x80009d74 (0x283f2823) sw      gp, 656(t5)
core   0: 3 0x80009d74 (0x283f2823) mem 0x80010000 0x00000001
core   0: 0x80009d78 (0xff9ff06f) j       pc - 0x8
core   0: 3 0x80009d78 (0xff9ff06f)
core   0: 0x80009d70 (0x00006f17) auipc   t5, 0x6
core   0: 3 0x80009d70 (0x00006f17) x30 0x8000fd70
core   0: 0x80009d74 (0x283f2823) sw      gp, 656(t5)
core   0: 3 0x80009d74 (0x283f2823) mem 0x80010000 0x00000001
core   0: 0x80009d78 (0xff9ff06f) j       pc - 0x8
core   0: 3 0x80009d78 (0xff9ff06f)
core   0: 0x80009d70 (0x00006f17) auipc   t5, 0x6
core   0: 3 0x80009d70 (0x00006f17) x30 0x8000fd70
core   0: 0x80009d74 (0x283f2823) sw      gp, 656(t5)
core   0: 3 0x80009d74 (0x283f2823) mem 0x80010000 0x00000001
core   0: 0x80009d78 (0xff9ff06f) j       pc - 0x8
core   0: 3 0x80009d78 (0xff9ff06f)
core   0: 0x80009d70 (0x00006f17) auipc   t5, 0x6
core   0: 3 0x80009d70 (0x00006f17) x30 0x8000fd70
core   0: 0x80009d74 (0x283f2823) sw      gp, 656(t5)
core   0: 3 0x80009d74 (0x283f2823) mem 0x80010000 0x00000001
core   0: 0x80009d78 (0xff9ff06f) j       pc - 0x8
core   0: 3 0x80009d78 (0xff9ff06f)
core   0: 0x80009d70 (0x00006f17) auipc   t5, 0x6
core   0: 3 0x80009d70 (0x00006f17) x30 0x8000fd70
core   0: 0x80009d74 (0x283f2823) sw      gp, 656(t5)
core   0: 3 0x80009d74 (0x283f2823) mem 0x80010000 0x00000001
core   0: 0x80009d78 (0xff9ff06f) j       pc - 0x8
core   0: 3 0x80009d78 (0xff9ff06f)
core   0: 0x80009d70 (0x00006f17) auipc   t5, 0x6
core   0: 3 0x80009d70 (0x00006f17) x30 0x8000fd70
core   0: 0x80009d74 (0x283f2823) sw      gp, 656(t5)
core   0: 3 0x80009d74 (0x283f2823) mem 0x80010000 0x00000001
core   0: 0x80009d78 (0xff9ff06f) j       pc - 0x8
core   0: 3 0x80009d78 (0xff9ff06f)
core   0: 0x80009d70 (0x00006f17) auipc   t5, 0x6
core   0: 3 0x80009d70 (0x00006f17) x30 0x8000fd70
core   0: 0x80009d74 (0x283f2823) sw      gp, 656(t5)
core   0: 3 0x80009d74 (0x283f2823) mem 0x80010000 0x00000001
core   0: 0x80009d78 (0xff9ff06f) j       pc - 0x8
core   0: 3 0x80009d78 (0xff9ff06f)
core   0: 0x80009d70 (0x00006f17) auipc   t5, 0x6
core   0: 3 0x80009d70 (0x00006f17) x30 0x8000fd70
core   0: 0x80009d74 (0x283f2823) sw      gp, 656(t5)
core   0: 3 0x80009d74 (0x283f2823) mem 0x80010000 0x00000001
core   0: 0x80009d78 (0xff9ff06f) j       pc - 0x8
core   0: 3 0x80009d78 (0xff9ff06f)
core   0: 0x80009d70 (0x00006f17) auipc   t5, 0x6
core   0: 3 0x80009d70 (0x00006f17) x30 0x8000fd70
core   0: 0x80009d74 (0x283f2823) sw      gp, 656(t5)
core   0: 3 0x80009d74 (0x283f2823) mem 0x80010000 0x00000001
core   0: 0x80009d78 (0xff9ff06f) j       pc - 0x8
core   0: 3 0x80009d78 (0xff9ff06f)
core   0: 0x80009d70 (0x00006f17) auipc   t5, 0x6
core   0: 3 0x80009d70 (0x00006f17) x30 0x8000fd70
core   0: 0x80009d74 (0x283f2823) sw      gp, 656(t5)
core   0: 3 0x80009d74 (0x283f2823) mem 0x80010000 0x00000001
core   0: 0x80009d78 (0xff9ff06f) j       pc - 0x8
core   0: 3 0x80009d78 (0xff9ff06f)
core   0: 0x80009d70 (0x00006f17) auipc   t5, 0x6
core   0: 3 0x80009d70 (0x00006f17) x30 0x8000fd70
core   0: 0x80009d74 (0x283f2823) sw      gp, 656(t5)
core   0: 3 0x80009d74 (0x283f2823) mem 0x80010000 0x00000001
core   0: 0x80009d78 (0xff9ff06f) j       pc - 0x8
core   0: 3 0x80009d78 (0xff9ff06f)
core   0: 0x80009d70 (0x00006f17) auipc   t5, 0x6
core   0: 3 0x80009d70 (0x00006f17) x30 0x8000fd70
core   0: 0x80009d74 (0x283f2823) sw      gp, 656(t5)
core   0: 3 0x80009d74 (0x283f2823) mem 0x80010000 0x00000001
core   0: 0x80009d78 (0xff9ff06f) j       pc - 0x8
core   0: 3 0x80009d78 (0xff9ff06f)
core   0: 0x80009d70 (0x00006f17) auipc   t5, 0x6
core   0: 3 0x80009d70 (0x00006f17) x30 0x8000fd70
core   0: 0x80009d74 (0x283f2823) sw      gp, 656(t5)
core   0: 3 0x80009d74 (0x283f2823) mem 0x80010000 0x00000001
core   0: 0x80009d78 (0xff9ff06f) j       pc - 0x8
core   0: 3 0x80009d78 (0xff9ff06f)
core   0: 0x80009d70 (0x00006f17) auipc   t5, 0x6
core   0: 3 0x80009d70 (0x00006f17) x30 0x8000fd70
core   0: 0x80009d74 (0x283f2823) sw      gp, 656(t5)
core   0: 3 0x80009d74 (0x283f2823) mem 0x80010000 0x00000001
core   0: 0x80009d78 (0xff9ff06f) j       pc - 0x8
core   0: 3 0x80009d78 (0xff9ff06f)
core   0: 0x80009d70 (0x00006f17) auipc   t5, 0x6
core   0: 3 0x80009d70 (0x00006f17) x30 0x8000fd70
core   0: 0x80009d74 (0x283f2823) sw      gp, 656(t5)
core   0: 3 0x80009d74 (0x283f2823) mem 0x80010000 0x00000001
core   0: 0x80009d78 (0xff9ff06f) j       pc - 0x8
core   0: 3 0x80009d78 (0xff9ff06f)
core   0: 0x80009d70 (0x00006f17) auipc   t5, 0x6
core   0: 3 0x80009d70 (0x00006f17) x30 0x8000fd70
core   0: 0x80009d74 (0x283f2823) sw      gp, 656(t5)
core   0: 3 0x80009d74 (0x283f2823) mem 0x80010000 0x00000001
core   0: 0x80009d78 (0xff9ff06f) j       pc - 0x8
core   0: 3 0x80009d78 (0xff9ff06f)
core   0: 0x80009d70 (0x00006f17) auipc   t5, 0x6
core   0: 3 0x80009d70 (0x00006f17) x30 0x8000fd70
core   0: 0x80009d74 (0x283f2823) sw      gp, 656(t5)
core   0: 3 0x80009d74 (0x283f2823) mem 0x80010000 0x00000001
core   0: 0x80009d78 (0xff9ff06f) j       pc - 0x8
core   0: 3 0x80009d78 (0xff9ff06f)
core   0: 0x80009d70 (0x00006f17) auipc   t5, 0x6
core   0: 3 0x80009d70 (0x00006f17) x30 0x8000fd70
core   0: 0x80009d74 (0x283f2823) sw      gp, 656(t5)
core   0: 3 0x80009d74 (0x283f2823) mem 0x80010000 0x00000001
core   0: 0x80009d78 (0xff9ff06f) j       pc - 0x8
core   0: 3 0x80009d78 (0xff9ff06f)
core   0: 0x80009d70 (0x00006f17) auipc   t5, 0x6
core   0: 3 0x80009d70 (0x00006f17) x30 0x8000fd70
core   0: 0x80009d74 (0x283f2823) sw      gp, 656(t5)
core   0: 3 0x80009d74 (0x283f2823) mem 0x80010000 0x00000001
core   0: 0x80009d78 (0xff9ff06f) j       pc - 0x8
core   0: 3 0x80009d78 (0xff9ff06f)
core   0: 0x80009d70 (0x00006f17) auipc   t5, 0x6
core   0: 3 0x80009d70 (0x00006f17) x30 0x8000fd70
core   0: 0x80009d74 (0x283f2823) sw      gp, 656(t5)
core   0: 3 0x80009d74 (0x283f2823) mem 0x80010000 0x00000001
core   0: 0x80009d78 (0xff9ff06f) j       pc - 0x8
core   0: 3 0x80009d78 (0xff9ff06f)
core   0: 0x80009d70 (0x00006f17) auipc   t5, 0x6
core   0: 3 0x80009d70 (0x00006f17) x30 0x8000fd70
core   0: 0x80009d74 (0x283f2823) sw      gp, 656(t5)
core   0: 3 0x80009d74 (0x283f2823) mem 0x80010000 0x00000001
core   0: 0x80009d78 (0xff9ff06f) j       pc - 0x8
core   0: 3 0x80009d78 (0xff9ff06f)
core   0: 0x80009d70 (0x00006f17) auipc   t5, 0x6
core   0: 3 0x80009d70 (0x00006f17) x30 0x8000fd70
core   0: 0x80009d74 (0x283f2823) sw      gp, 656(t5)
core   0: 3 0x80009d74 (0x283f2823) mem 0x80010000 0x00000001
core   0: 0x80009d78 (0xff9ff06f) j       pc - 0x8
core   0: 3 0x80009d78 (0xff9ff06f)
core   0: 0x80009d70 (0x00006f17) auipc   t5, 0x6
core   0: 3 0x80009d70 (0x00006f17) x30 0x8000fd70
core   0: 0x80009d74 (0x283f2823) sw      gp, 656(t5)
core   0: 3 0x80009d74 (0x283f2823) mem 0x80010000 0x00000001
core   0: 0x80009d78 (0xff9ff06f) j       pc - 0x8
core   0: 3 0x80009d78 (0xff9ff06f)
core   0: 0x80009d70 (0x00006f17) auipc   t5, 0x6
core   0: 3 0x80009d70 (0x00006f17) x30 0x8000fd70
core   0: 0x80009d74 (0x283f2823) sw      gp, 656(t5)
core   0: 3 0x80009d74 (0x283f2823) mem 0x80010000 0x00000001
core   0: 0x80009d78 (0xff9ff06f) j       pc - 0x8
core   0: 3 0x80009d78 (0xff9ff06f)
core   0: 0x80009d70 (0x00006f17) auipc   t5, 0x6
core   0: 3 0x80009d70 (0x00006f17) x30 0x8000fd70
core   0: 0x80009d74 (0x283f2823) sw      gp, 656(t5)
core   0: 3 0x80009d74 (0x283f2823) mem 0x80010000 0x00000001
core   0: 0x80009d78 (0xff9ff06f) j       pc - 0x8
core   0: 3 0x80009d78 (0xff9ff06f)
core   0: 0x80009d70 (0x00006f17) auipc   t5, 0x6
core   0: 3 0x80009d70 (0x00006f17) x30 0x8000fd70
core   0: 0x80009d74 (0x283f2823) sw      gp, 656(t5)
core   0: 3 0x80009d74 (0x283f2823) mem 0x80010000 0x00000001
core   0: 0x80009d78 (0xff9ff06f) j       pc - 0x8
core   0: 3 0x80009d78 (0xff9ff06f)
core   0: 0x80009d70 (0x00006f17) auipc   t5, 0x6
core   0: 3 0x80009d70 (0x00006f17) x30 0x8000fd70
core   0: 0x80009d74 (0x283f2823) sw      gp, 656(t5)
core   0: 3 0x80009d74 (0x283f2823) mem 0x80010000 0x00000001
core   0: 0x80009d78 (0xff9ff06f) j       pc - 0x8
core   0: 3 0x80009d78 (0xff9ff06f)
core   0: 0x80009d70 (0x00006f17) auipc   t5, 0x6
core   0: 3 0x80009d70 (0x00006f17) x30 0x8000fd70
core   0: 0x80009d74 (0x283f2823) sw      gp, 656(t5)
core   0: 3 0x80009d74 (0x283f2823) mem 0x80010000 0x00000001
core   0: 0x80009d78 (0xff9ff06f) j       pc - 0x8
core   0: 3 0x80009d78 (0xff9ff06f)
core   0: 0x80009d70 (0x00006f17) auipc   t5, 0x6
core   0: 3 0x80009d70 (0x00006f17) x30 0x8000fd70
core   0: 0x80009d74 (0x283f2823) sw      gp, 656(t5)
core   0: 3 0x80009d74 (0x283f2823) mem 0x80010000 0x00000001
core   0: 0x80009d78 (0xff9ff06f) j       pc - 0x8
core   0: 3 0x80009d78 (0xff9ff06f)
core   0: 0x80009d70 (0x00006f17) auipc   t5, 0x6
core   0: 3 0x80009d70 (0x00006f17) x30 0x8000fd70
core   0: 0x80009d74 (0x283f2823) sw      gp, 656(t5)
core   0: 3 0x80009d74 (0x283f2823) mem 0x80010000 0x00000001
core   0: 0x80009d78 (0xff9ff06f) j       pc - 0x8
core   0: 3 0x80009d78 (0xff9ff06f)
core   0: 0x80009d70 (0x00006f17) auipc   t5, 0x6
core   0: 3 0x80009d70 (0x00006f17) x30 0x8000fd70
core   0: 0x80009d74 (0x283f2823) sw      gp, 656(t5)
core   0: 3 0x80009d74 (0x283f2823) mem 0x80010000 0x00000001
core   0: 0x80009d78 (0xff9ff06f) j       pc - 0x8
core   0: 3 0x80009d78 (0xff9ff06f)
core   0: 0x80009d70 (0x00006f17) auipc   t5, 0x6
core   0: 3 0x80009d70 (0x00006f17) x30 0x8000fd70
core   0: 0x80009d74 (0x283f2823) sw      gp, 656(t5)
core   0: 3 0x80009d74 (0x283f2823) mem 0x80010000 0x00000001
core   0: 0x80009d78 (0xff9ff06f) j       pc - 0x8
core   0: 3 0x80009d78 (0xff9ff06f)
core   0: 0x80009d70 (0x00006f17) auipc   t5, 0x6
core   0: 3 0x80009d70 (0x00006f17) x30 0x8000fd70
core   0: 0x80009d74 (0x283f2823) sw      gp, 656(t5)
core   0: 3 0x80009d74 (0x283f2823) mem 0x80010000 0x00000001
core   0: 0x80009d78 (0xff9ff06f) j       pc - 0x8
core   0: 3 0x80009d78 (0xff9ff06f)
core   0: 0x80009d70 (0x00006f17) auipc   t5, 0x6
core   0: 3 0x80009d70 (0x00006f17) x30 0x8000fd70
core   0: 0x80009d74 (0x283f2823) sw      gp, 656(t5)
core   0: 3 0x80009d74 (0x283f2823) mem 0x80010000 0x00000001
core   0: 0x80009d78 (0xff9ff06f) j       pc - 0x8
core   0: 3 0x80009d78 (0xff9ff06f)
core   0: 0x80009d70 (0x00006f17) auipc   t5, 0x6
core   0: 3 0x80009d70 (0x00006f17) x30 0x8000fd70
core   0: 0x80009d74 (0x283f2823) sw      gp, 656(t5)
core   0: 3 0x80009d74 (0x283f2823) mem 0x80010000 0x00000001
core   0: 0x80009d78 (0xff9ff06f) j       pc - 0x8
core   0: 3 0x80009d78 (0xff9ff06f)
core   0: 0x80009d70 (0x00006f17) auipc   t5, 0x6
core   0: 3 0x80009d70 (0x00006f17) x30 0x8000fd70
core   0: 0x80009d74 (0x283f2823) sw      gp, 656(t5)
core   0: 3 0x80009d74 (0x283f2823) mem 0x80010000 0x00000001
core   0: 0x80009d78 (0xff9ff06f) j       pc - 0x8
core   0: 3 0x80009d78 (0xff9ff06f)
core   0: 0x80009d70 (0x00006f17) auipc   t5, 0x6
core   0: 3 0x80009d70 (0x00006f17) x30 0x8000fd70
core   0: 0x80009d74 (0x283f2823) sw      gp, 656(t5)
core   0: 3 0x80009d74 (0x283f2823) mem 0x80010000 0x00000001
core   0: 0x80009d78 (0xff9ff06f) j       pc - 0x8
core   0: 3 0x80009d78 (0xff9ff06f)
core   0: 0x80009d70 (0x00006f17) auipc   t5, 0x6
core   0: 3 0x80009d70 (0x00006f17) x30 0x8000fd70
core   0: 0x80009d74 (0x283f2823) sw      gp, 656(t5)
core   0: 3 0x80009d74 (0x283f2823) mem 0x80010000 0x00000001
core   0: 0x80009d78 (0xff9ff06f) j       pc - 0x8
core   0: 3 0x80009d78 (0xff9ff06f)
core   0: 0x80009d70 (0x00006f17) auipc   t5, 0x6
core   0: 3 0x80009d70 (0x00006f17) x30 0x8000fd70
core   0: 0x80009d74 (0x283f2823) sw      gp, 656(t5)
core   0: 3 0x80009d74 (0x283f2823) mem 0x80010000 0x00000001
core   0: 0x80009d78 (0xff9ff06f) j       pc - 0x8
core   0: 3 0x80009d78 (0xff9ff06f)
core   0: 0x80009d70 (0x00006f17) auipc   t5, 0x6
core   0: 3 0x80009d70 (0x00006f17) x30 0x8000fd70
core   0: 0x80009d74 (0x283f2823) sw      gp, 656(t5)
core   0: 3 0x80009d74 (0x283f2823) mem 0x80010000 0x00000001
core   0: 0x80009d78 (0xff9ff06f) j       pc - 0x8
core   0: 3 0x80009d78 (0xff9ff06f)
core   0: 0x80009d70 (0x00006f17) auipc   t5, 0x6
core   0: 3 0x80009d70 (0x00006f17) x30 0x8000fd70
core   0: 0x80009d74 (0x283f2823) sw      gp, 656(t5)
core   0: 3 0x80009d74 (0x283f2823) mem 0x80010000 0x00000001
core   0: 0x80009d78 (0xff9ff06f) j       pc - 0x8
core   0: 3 0x80009d78 (0xff9ff06f)
core   0: 0x80009d70 (0x00006f17) auipc   t5, 0x6
core   0: 3 0x80009d70 (0x00006f17) x30 0x8000fd70
core   0: 0x80009d74 (0x283f2823) sw      gp, 656(t5)
core   0: 3 0x80009d74 (0x283f2823) mem 0x80010000 0x00000001
core   0: 0x80009d78 (0xff9ff06f) j       pc - 0x8
core   0: 3 0x80009d78 (0xff9ff06f)
core   0: 0x80009d70 (0x00006f17) auipc   t5, 0x6
core   0: 3 0x80009d70 (0x00006f17) x30 0x8000fd70
core   0: 0x80009d74 (0x283f2823) sw      gp, 656(t5)
core   0: 3 0x80009d74 (0x283f2823) mem 0x80010000 0x00000001
core   0: 0x80009d78 (0xff9ff06f) j       pc - 0x8
core   0: 3 0x80009d78 (0xff9ff06f)
core   0: 0x80009d70 (0x00006f17) auipc   t5, 0x6
core   0: 3 0x80009d70 (0x00006f17) x30 0x8000fd70
core   0: 0x80009d74 (0x283f2823) sw      gp, 656(t5)
core   0: 3 0x80009d74 (0x283f2823) mem 0x80010000 0x00000001
core   0: 0x80009d78 (0xff9ff06f) j       pc - 0x8
core   0: 3 0x80009d78 (0xff9ff06f)
core   0: 0x80009d70 (0x00006f17) auipc   t5, 0x6
core   0: 3 0x80009d70 (0x00006f17) x30 0x8000fd70
core   0: 0x80009d74 (0x283f2823) sw      gp, 656(t5)
core   0: 3 0x80009d74 (0x283f2823) mem 0x80010000 0x00000001
core   0: 0x80009d78 (0xff9ff06f) j       pc - 0x8
core   0: 3 0x80009d78 (0xff9ff06f)
core   0: 0x80009d70 (0x00006f17) auipc   t5, 0x6
core   0: 3 0x80009d70 (0x00006f17) x30 0x8000fd70
core   0: 0x80009d74 (0x283f2823) sw      gp, 656(t5)
core   0: 3 0x80009d74 (0x283f2823) mem 0x80010000 0x00000001
core   0: 0x80009d78 (0xff9ff06f) j       pc - 0x8
core   0: 3 0x80009d78 (0xff9ff06f)
core   0: 0x80009d70 (0x00006f17) auipc   t5, 0x6
core   0: 3 0x80009d70 (0x00006f17) x30 0x8000fd70
core   0: 0x80009d74 (0x283f2823) sw      gp, 656(t5)
core   0: 3 0x80009d74 (0x283f2823) mem 0x80010000 0x00000001
core   0: 0x80009d78 (0xff9ff06f) j       pc - 0x8
core   0: 3 0x80009d78 (0xff9ff06f)
core   0: 0x80009d70 (0x00006f17) auipc   t5, 0x6
core   0: 3 0x80009d70 (0x00006f17) x30 0x8000fd70
core   0: 0x80009d74 (0x283f2823) sw      gp, 656(t5)
core   0: 3 0x80009d74 (0x283f2823) mem 0x80010000 0x00000001
core   0: 0x80009d78 (0xff9ff06f) j       pc - 0x8
core   0: 3 0x80009d78 (0xff9ff06f)
core   0: 0x80009d70 (0x00006f17) auipc   t5, 0x6
core   0: 3 0x80009d70 (0x00006f17) x30 0x8000fd70
core   0: 0x80009d74 (0x283f2823) sw      gp, 656(t5)
core   0: 3 0x80009d74 (0x283f2823) mem 0x80010000 0x00000001
core   0: 0x80009d78 (0xff9ff06f) j       pc - 0x8
core   0: 3 0x80009d78 (0xff9ff06f)
core   0: 0x80009d70 (0x00006f17) auipc   t5, 0x6
core   0: 3 0x80009d70 (0x00006f17) x30 0x8000fd70
core   0: 0x80009d74 (0x283f2823) sw      gp, 656(t5)
core   0: 3 0x80009d74 (0x283f2823) mem 0x80010000 0x00000001
core   0: 0x80009d78 (0xff9ff06f) j       pc - 0x8
core   0: 3 0x80009d78 (0xff9ff06f)
core   0: 0x80009d70 (0x00006f17) auipc   t5, 0x6
core   0: 3 0x80009d70 (0x00006f17) x30 0x8000fd70
core   0: 0x80009d74 (0x283f2823) sw      gp, 656(t5)
core   0: 3 0x80009d74 (0x283f2823) mem 0x80010000 0x00000001
core   0: 0x80009d78 (0xff9ff06f) j       pc - 0x8
core   0: 3 0x80009d78 (0xff9ff06f)
core   0: 0x80009d70 (0x00006f17) auipc   t5, 0x6
core   0: 3 0x80009d70 (0x00006f17) x30 0x8000fd70
core   0: 0x80009d74 (0x283f2823) sw      gp, 656(t5)
core   0: 3 0x80009d74 (0x283f2823) mem 0x80010000 0x00000001
core   0: 0x80009d78 (0xff9ff06f) j       pc - 0x8
core   0: 3 0x80009d78 (0xff9ff06f)
core   0: 0x80009d70 (0x00006f17) auipc   t5, 0x6
core   0: 3 0x80009d70 (0x00006f17) x30 0x8000fd70
core   0: 0x80009d74 (0x283f2823) sw      gp, 656(t5)
core   0: 3 0x80009d74 (0x283f2823) mem 0x80010000 0x00000001
core   0: 0x80009d78 (0xff9ff06f) j       pc - 0x8
core   0: 3 0x80009d78 (0xff9ff06f)
core   0: 0x80009d70 (0x00006f17) auipc   t5, 0x6
core   0: 3 0x80009d70 (0x00006f17) x30 0x8000fd70
core   0: 0x80009d74 (0x283f2823) sw      gp, 656(t5)
core   0: 3 0x80009d74 (0x283f2823) mem 0x80010000 0x00000001
core   0: 0x80009d78 (0xff9ff06f) j       pc - 0x8
core   0: 3 0x80009d78 (0xff9ff06f)
core   0: 0x80009d70 (0x00006f17) auipc   t5, 0x6
core   0: 3 0x80009d70 (0x00006f17) x30 0x8000fd70
core   0: 0x80009d74 (0x283f2823) sw      gp, 656(t5)
core   0: 3 0x80009d74 (0x283f2823) mem 0x80010000 0x00000001
core   0: 0x80009d78 (0xff9ff06f) j       pc - 0x8
core   0: 3 0x80009d78 (0xff9ff06f)
core   0: 0x80009d70 (0x00006f17) auipc   t5, 0x6
core   0: 3 0x80009d70 (0x00006f17) x30 0x8000fd70
core   0: 0x80009d74 (0x283f2823) sw      gp, 656(t5)
core   0: 3 0x80009d74 (0x283f2823) mem 0x80010000 0x00000001
core   0: 0x80009d78 (0xff9ff06f) j       pc - 0x8
core   0: 3 0x80009d78 (0xff9ff06f)
core   0: 0x80009d70 (0x00006f17) auipc   t5, 0x6
core   0: 3 0x80009d70 (0x00006f17) x30 0x8000fd70
core   0: 0x80009d74 (0x283f2823) sw      gp, 656(t5)
core   0: 3 0x80009d74 (0x283f2823) mem 0x80010000 0x00000001
core   0: 0x80009d78 (0xff9ff06f) j       pc - 0x8
core   0: 3 0x80009d78 (0xff9ff06f)
core   0: 0x80009d70 (0x00006f17) auipc   t5, 0x6
core   0: 3 0x80009d70 (0x00006f17) x30 0x8000fd70
core   0: 0x80009d74 (0x283f2823) sw      gp, 656(t5)
core   0: 3 0x80009d74 (0x283f2823) mem 0x80010000 0x00000001
core   0: 0x80009d78 (0xff9ff06f) j       pc - 0x8
core   0: 3 0x80009d78 (0xff9ff06f)
core   0: 0x80009d70 (0x00006f17) auipc   t5, 0x6
core   0: 3 0x80009d70 (0x00006f17) x30 0x8000fd70
core   0: 0x80009d74 (0x283f2823) sw      gp, 656(t5)
core   0: 3 0x80009d74 (0x283f2823) mem 0x80010000 0x00000001
core   0: 0x80009d78 (0xff9ff06f) j       pc - 0x8
core   0: 3 0x80009d78 (0xff9ff06f)
core   0: 0x80009d70 (0x00006f17) auipc   t5, 0x6
core   0: 3 0x80009d70 (0x00006f17) x30 0x8000fd70
core   0: 0x80009d74 (0x283f2823) sw      gp, 656(t5)
core   0: 3 0x80009d74 (0x283f2823) mem 0x80010000 0x00000001
core   0: 0x80009d78 (0xff9ff06f) j       pc - 0x8
core   0: 3 0x80009d78 (0xff9ff06f)
core   0: 0x80009d70 (0x00006f17) auipc   t5, 0x6
core   0: 3 0x80009d70 (0x00006f17) x30 0x8000fd70
core   0: 0x80009d74 (0x283f2823) sw      gp, 656(t5)
core   0: 3 0x80009d74 (0x283f2823) mem 0x80010000 0x00000001
core   0: 0x80009d78 (0xff9ff06f) j       pc - 0x8
core   0: 3 0x80009d78 (0xff9ff06f)
core   0: 0x80009d70 (0x00006f17) auipc   t5, 0x6
core   0: 3 0x80009d70 (0x00006f17) x30 0x8000fd70
core   0: 0x80009d74 (0x283f2823) sw      gp, 656(t5)
core   0: 3 0x80009d74 (0x283f2823) mem 0x80010000 0x00000001
core   0: 0x80009d78 (0xff9ff06f) j       pc - 0x8
core   0: 3 0x80009d78 (0xff9ff06f)
core   0: 0x80009d70 (0x00006f17) auipc   t5, 0x6
core   0: 3 0x80009d70 (0x00006f17) x30 0x8000fd70
core   0: 0x80009d74 (0x283f2823) sw      gp, 656(t5)
core   0: 3 0x80009d74 (0x283f2823) mem 0x80010000 0x00000001
core   0: 0x80009d78 (0xff9ff06f) j       pc - 0x8
core   0: 3 0x80009d78 (0xff9ff06f)
core   0: 0x80009d70 (0x00006f17) auipc   t5, 0x6
core   0: 3 0x80009d70 (0x00006f17) x30 0x8000fd70
core   0: 0x80009d74 (0x283f2823) sw      gp, 656(t5)
core   0: 3 0x80009d74 (0x283f2823) mem 0x80010000 0x00000001
core   0: 0x80009d78 (0xff9ff06f) j       pc - 0x8
core   0: 3 0x80009d78 (0xff9ff06f)
core   0: 0x80009d70 (0x00006f17) auipc   t5, 0x6
core   0: 3 0x80009d70 (0x00006f17) x30 0x8000fd70
core   0: 0x80009d74 (0x283f2823) sw      gp, 656(t5)
core   0: 3 0x80009d74 (0x283f2823) mem 0x80010000 0x00000001
core   0: 0x80009d78 (0xff9ff06f) j       pc - 0x8
core   0: 3 0x80009d78 (0xff9ff06f)
core   0: 0x80009d70 (0x00006f17) auipc   t5, 0x6
core   0: 3 0x80009d70 (0x00006f17) x30 0x8000fd70
core   0: 0x80009d74 (0x283f2823) sw      gp, 656(t5)
core   0: 3 0x80009d74 (0x283f2823) mem 0x80010000 0x00000001
core   0: 0x80009d78 (0xff9ff06f) j       pc - 0x8
core   0: 3 0x80009d78 (0xff9ff06f)
core   0: 0x80009d70 (0x00006f17) auipc   t5, 0x6
core   0: 3 0x80009d70 (0x00006f17) x30 0x8000fd70
core   0: 0x80009d74 (0x283f2823) sw      gp, 656(t5)
core   0: 3 0x80009d74 (0x283f2823) mem 0x80010000 0x00000001
core   0: 0x80009d78 (0xff9ff06f) j       pc - 0x8
core   0: 3 0x80009d78 (0xff9ff06f)
core   0: 0x80009d70 (0x00006f17) auipc   t5, 0x6
core   0: 3 0x80009d70 (0x00006f17) x30 0x8000fd70
core   0: 0x80009d74 (0x283f2823) sw      gp, 656(t5)
core   0: 3 0x80009d74 (0x283f2823) mem 0x80010000 0x00000001
core   0: 0x80009d78 (0xff9ff06f) j       pc - 0x8
core   0: 3 0x80009d78 (0xff9ff06f)
core   0: 0x80009d70 (0x00006f17) auipc   t5, 0x6
core   0: 3 0x80009d70 (0x00006f17) x30 0x8000fd70
core   0: 0x80009d74 (0x283f2823) sw      gp, 656(t5)
core   0: 3 0x80009d74 (0x283f2823) mem 0x80010000 0x00000001
core   0: 0x80009d78 (0xff9ff06f) j       pc - 0x8
core   0: 3 0x80009d78 (0xff9ff06f)
core   0: 0x80009d70 (0x00006f17) auipc   t5, 0x6
core   0: 3 0x80009d70 (0x00006f17) x30 0x8000fd70
core   0: 0x80009d74 (0x283f2823) sw      gp, 656(t5)
core   0: 3 0x80009d74 (0x283f2823) mem 0x80010000 0x00000001
core   0: 0x80009d78 (0xff9ff06f) j       pc - 0x8
core   0: 3 0x80009d78 (0xff9ff06f)
core   0: 0x80009d70 (0x00006f17) auipc   t5, 0x6
core   0: 3 0x80009d70 (0x00006f17) x30 0x8000fd70
core   0: 0x80009d74 (0x283f2823) sw      gp, 656(t5)
core   0: 3 0x80009d74 (0x283f2823) mem 0x80010000 0x00000001
core   0: 0x80009d78 (0xff9ff06f) j       pc - 0x8
core   0: 3 0x80009d78 (0xff9ff06f)
core   0: 0x80009d70 (0x00006f17) auipc   t5, 0x6
core   0: 3 0x80009d70 (0x00006f17) x30 0x8000fd70
core   0: 0x80009d74 (0x283f2823) sw      gp, 656(t5)
core   0: 3 0x80009d74 (0x283f2823) mem 0x80010000 0x00000001
core   0: 0x80009d78 (0xff9ff06f) j       pc - 0x8
core   0: 3 0x80009d78 (0xff9ff06f)
core   0: 0x80009d70 (0x00006f17) auipc   t5, 0x6
core   0: 3 0x80009d70 (0x00006f17) x30 0x8000fd70
core   0: 0x80009d74 (0x283f2823) sw      gp, 656(t5)
core   0: 3 0x80009d74 (0x283f2823) mem 0x80010000 0x00000001
core   0: 0x80009d78 (0xff9ff06f) j       pc - 0x8
core   0: 3 0x80009d78 (0xff9ff06f)
core   0: 0x80009d70 (0x00006f17) auipc   t5, 0x6
core   0: 3 0x80009d70 (0x00006f17) x30 0x8000fd70
core   0: 0x80009d74 (0x283f2823) sw      gp, 656(t5)
core   0: 3 0x80009d74 (0x283f2823) mem 0x80010000 0x00000001
core   0: 0x80009d78 (0xff9ff06f) j       pc - 0x8
core   0: 3 0x80009d78 (0xff9ff06f)
core   0: 0x80009d70 (0x00006f17) auipc   t5, 0x6
core   0: 3 0x80009d70 (0x00006f17) x30 0x8000fd70
core   0: 0x80009d74 (0x283f2823) sw      gp, 656(t5)
core   0: 3 0x80009d74 (0x283f2823) mem 0x80010000 0x00000001
core   0: 0x80009d78 (0xff9ff06f) j       pc - 0x8
core   0: 3 0x80009d78 (0xff9ff06f)
core   0: 0x80009d70 (0x00006f17) auipc   t5, 0x6
core   0: 3 0x80009d70 (0x00006f17) x30 0x8000fd70
core   0: 0x80009d74 (0x283f2823) sw      gp, 656(t5)
core   0: 3 0x80009d74 (0x283f2823) mem 0x80010000 0x00000001
core   0: 0x80009d78 (0xff9ff06f) j       pc - 0x8
core   0: 3 0x80009d78 (0xff9ff06f)
core   0: 0x80009d70 (0x00006f17) auipc   t5, 0x6
core   0: 3 0x80009d70 (0x00006f17) x30 0x8000fd70
core   0: 0x80009d74 (0x283f2823) sw      gp, 656(t5)
core   0: 3 0x80009d74 (0x283f2823) mem 0x80010000 0x00000001
core   0: 0x80009d78 (0xff9ff06f) j       pc - 0x8
core   0: 3 0x80009d78 (0xff9ff06f)
core   0: 0x80009d70 (0x00006f17) auipc   t5, 0x6
core   0: 3 0x80009d70 (0x00006f17) x30 0x8000fd70
core   0: 0x80009d74 (0x283f2823) sw      gp, 656(t5)
core   0: 3 0x80009d74 (0x283f2823) mem 0x80010000 0x00000001
core   0: 0x80009d78 (0xff9ff06f) j       pc - 0x8
core   0: 3 0x80009d78 (0xff9ff06f)
core   0: 0x80009d70 (0x00006f17) auipc   t5, 0x6
core   0: 3 0x80009d70 (0x00006f17) x30 0x8000fd70
core   0: 0x80009d74 (0x283f2823) sw      gp, 656(t5)
core   0: 3 0x80009d74 (0x283f2823) mem 0x80010000 0x00000001
core   0: 0x80009d78 (0xff9ff06f) j       pc - 0x8
core   0: 3 0x80009d78 (0xff9ff06f)
core   0: 0x80009d70 (0x00006f17) auipc   t5, 0x6
core   0: 3 0x80009d70 (0x00006f17) x30 0x8000fd70
core   0: 0x80009d74 (0x283f2823) sw      gp, 656(t5)
core   0: 3 0x80009d74 (0x283f2823) mem 0x80010000 0x00000001
core   0: 0x80009d78 (0xff9ff06f) j       pc - 0x8
core   0: 3 0x80009d78 (0xff9ff06f)
core   0: 0x80009d70 (0x00006f17) auipc   t5, 0x6
core   0: 3 0x80009d70 (0x00006f17) x30 0x8000fd70
core   0: 0x80009d74 (0x283f2823) sw      gp, 656(t5)
core   0: 3 0x80009d74 (0x283f2823) mem 0x80010000 0x00000001
core   0: 0x80009d78 (0xff9ff06f) j       pc - 0x8
core   0: 3 0x80009d78 (0xff9ff06f)
core   0: 0x80009d70 (0x00006f17) auipc   t5, 0x6
core   0: 3 0x80009d70 (0x00006f17) x30 0x8000fd70
core   0: 0x80009d74 (0x283f2823) sw      gp, 656(t5)
core   0: 3 0x80009d74 (0x283f2823) mem 0x80010000 0x00000001
core   0: 0x80009d78 (0xff9ff06f) j       pc - 0x8
core   0: 3 0x80009d78 (0xff9ff06f)
core   0: 0x80009d70 (0x00006f17) auipc   t5, 0x6
core   0: 3 0x80009d70 (0x00006f17) x30 0x8000fd70
core   0: 0x80009d74 (0x283f2823) sw      gp, 656(t5)
core   0: 3 0x80009d74 (0x283f2823) mem 0x80010000 0x00000001
core   0: 0x80009d78 (0xff9ff06f) j       pc - 0x8
core   0: 3 0x80009d78 (0xff9ff06f)
core   0: 0x80009d70 (0x00006f17) auipc   t5, 0x6
core   0: 3 0x80009d70 (0x00006f17) x30 0x8000fd70
core   0: 0x80009d74 (0x283f2823) sw      gp, 656(t5)
core   0: 3 0x80009d74 (0x283f2823) mem 0x80010000 0x00000001
core   0: 0x80009d78 (0xff9ff06f) j       pc - 0x8
core   0: 3 0x80009d78 (0xff9ff06f)
core   0: 0x80009d70 (0x00006f17) auipc   t5, 0x6
core   0: 3 0x80009d70 (0x00006f17) x30 0x8000fd70
core   0: 0x80009d74 (0x283f2823) sw      gp, 656(t5)
core   0: 3 0x80009d74 (0x283f2823) mem 0x80010000 0x00000001
core   0: 0x80009d78 (0xff9ff06f) j       pc - 0x8
core   0: 3 0x80009d78 (0xff9ff06f)
core   0: 0x80009d70 (0x00006f17) auipc   t5, 0x6
core   0: 3 0x80009d70 (0x00006f17) x30 0x8000fd70
core   0: 0x80009d74 (0x283f2823) sw      gp, 656(t5)
core   0: 3 0x80009d74 (0x283f2823) mem 0x80010000 0x00000001
core   0: 0x80009d78 (0xff9ff06f) j       pc - 0x8
core   0: 3 0x80009d78 (0xff9ff06f)
core   0: 0x80009d70 (0x00006f17) auipc   t5, 0x6
core   0: 3 0x80009d70 (0x00006f17) x30 0x8000fd70
core   0: 0x80009d74 (0x283f2823) sw      gp, 656(t5)
core   0: 3 0x80009d74 (0x283f2823) mem 0x80010000 0x00000001
core   0: 0x80009d78 (0xff9ff06f) j       pc - 0x8
core   0: 3 0x80009d78 (0xff9ff06f)
core   0: 0x80009d70 (0x00006f17) auipc   t5, 0x6
core   0: 3 0x80009d70 (0x00006f17) x30 0x8000fd70
core   0: 0x80009d74 (0x283f2823) sw      gp, 656(t5)
core   0: 3 0x80009d74 (0x283f2823) mem 0x80010000 0x00000001
core   0: 0x80009d78 (0xff9ff06f) j       pc - 0x8
core   0: 3 0x80009d78 (0xff9ff06f)
core   0: 0x80009d70 (0x00006f17) auipc   t5, 0x6
core   0: 3 0x80009d70 (0x00006f17) x30 0x8000fd70
core   0: 0x80009d74 (0x283f2823) sw      gp, 656(t5)
core   0: 3 0x80009d74 (0x283f2823) mem 0x80010000 0x00000001
core   0: 0x80009d78 (0xff9ff06f) j       pc - 0x8
core   0: 3 0x80009d78 (0xff9ff06f)
core   0: 0x80009d70 (0x00006f17) auipc   t5, 0x6
core   0: 3 0x80009d70 (0x00006f17) x30 0x8000fd70
core   0: 0x80009d74 (0x283f2823) sw      gp, 656(t5)
core   0: 3 0x80009d74 (0x283f2823) mem 0x80010000 0x00000001
core   0: 0x80009d78 (0xff9ff06f) j       pc - 0x8
core   0: 3 0x80009d78 (0xff9ff06f)
core   0: 0x80009d70 (0x00006f17) auipc   t5, 0x6
core   0: 3 0x80009d70 (0x00006f17) x30 0x8000fd70
core   0: 0x80009d74 (0x283f2823) sw      gp, 656(t5)
core   0: 3 0x80009d74 (0x283f2823) mem 0x80010000 0x00000001
core   0: 0x80009d78 (0xff9ff06f) j       pc - 0x8
core   0: 3 0x80009d78 (0xff9ff06f)
core   0: 0x80009d70 (0x00006f17) auipc   t5, 0x6
core   0: 3 0x80009d70 (0x00006f17) x30 0x8000fd70
core   0: 0x80009d74 (0x283f2823) sw      gp, 656(t5)
core   0: 3 0x80009d74 (0x283f2823) mem 0x80010000 0x00000001
core   0: 0x80009d78 (0xff9ff06f) j       pc - 0x8
core   0: 3 0x80009d78 (0xff9ff06f)
core   0: 0x80009d70 (0x00006f17) auipc   t5, 0x6
core   0: 3 0x80009d70 (0x00006f17) x30 0x8000fd70
core   0: 0x80009d74 (0x283f2823) sw      gp, 656(t5)
core   0: 3 0x80009d74 (0x283f2823) mem 0x80010000 0x00000001
core   0: 0x80009d78 (0xff9ff06f) j       pc - 0x8
core   0: 3 0x80009d78 (0xff9ff06f)
core   0: 0x80009d70 (0x00006f17) auipc   t5, 0x6
core   0: 3 0x80009d70 (0x00006f17) x30 0x8000fd70
core   0: 0x80009d74 (0x283f2823) sw      gp, 656(t5)
core   0: 3 0x80009d74 (0x283f2823) mem 0x80010000 0x00000001
core   0: 0x80009d78 (0xff9ff06f) j       pc - 0x8
core   0: 3 0x80009d78 (0xff9ff06f)
core   0: 0x80009d70 (0x00006f17) auipc   t5, 0x6
core   0: 3 0x80009d70 (0x00006f17) x30 0x8000fd70
core   0: 0x80009d74 (0x283f2823) sw      gp, 656(t5)
core   0: 3 0x80009d74 (0x283f2823) mem 0x80010000 0x00000001
core   0: 0x80009d78 (0xff9ff06f) j       pc - 0x8
core   0: 3 0x80009d78 (0xff9ff06f)
core   0: 0x80009d70 (0x00006f17) auipc   t5, 0x6
core   0: 3 0x80009d70 (0x00006f17) x30 0x8000fd70
core   0: 0x80009d74 (0x283f2823) sw      gp, 656(t5)
core   0: 3 0x80009d74 (0x283f2823) mem 0x80010000 0x00000001
core   0: 0x80009d78 (0xff9ff06f) j       pc - 0x8
core   0: 3 0x80009d78 (0xff9ff06f)
core   0: 0x80009d70 (0x00006f17) auipc   t5, 0x6
core   0: 3 0x80009d70 (0x00006f17) x30 0x8000fd70
core   0: 0x80009d74 (0x283f2823) sw      gp, 656(t5)
core   0: 3 0x80009d74 (0x283f2823) mem 0x80010000 0x00000001
core   0: 0x80009d78 (0xff9ff06f) j       pc - 0x8
core   0: 3 0x80009d78 (0xff9ff06f)
core   0: 0x80009d70 (0x00006f17) auipc   t5, 0x6
core   0: 3 0x80009d70 (0x00006f17) x30 0x8000fd70
core   0: 0x80009d74 (0x283f2823) sw      gp, 656(t5)
core   0: 3 0x80009d74 (0x283f2823) mem 0x80010000 0x00000001
core   0: 0x80009d78 (0xff9ff06f) j       pc - 0x8
core   0: 3 0x80009d78 (0xff9ff06f)
core   0: 0x80009d70 (0x00006f17) auipc   t5, 0x6
core   0: 3 0x80009d70 (0x00006f17) x30 0x8000fd70
core   0: 0x80009d74 (0x283f2823) sw      gp, 656(t5)
core   0: 3 0x80009d74 (0x283f2823) mem 0x80010000 0x00000001
core   0: 0x80009d78 (0xff9ff06f) j       pc - 0x8
core   0: 3 0x80009d78 (0xff9ff06f)
core   0: 0x80009d70 (0x00006f17) auipc   t5, 0x6
core   0: 3 0x80009d70 (0x00006f17) x30 0x8000fd70
core   0: 0x80009d74 (0x283f2823) sw      gp, 656(t5)
core   0: 3 0x80009d74 (0x283f2823) mem 0x80010000 0x00000001
core   0: 0x80009d78 (0xff9ff06f) j       pc - 0x8
core   0: 3 0x80009d78 (0xff9ff06f)
core   0: 0x80009d70 (0x00006f17) auipc   t5, 0x6
core   0: 3 0x80009d70 (0x00006f17) x30 0x8000fd70
core   0: 0x80009d74 (0x283f2823) sw      gp, 656(t5)
core   0: 3 0x80009d74 (0x283f2823) mem 0x80010000 0x00000001
core   0: 0x80009d78 (0xff9ff06f) j       pc - 0x8
core   0: 3 0x80009d78 (0xff9ff06f)
core   0: 0x80009d70 (0x00006f17) auipc   t5, 0x6
core   0: 3 0x80009d70 (0x00006f17) x30 0x8000fd70
core   0: 0x80009d74 (0x283f2823) sw      gp, 656(t5)
core   0: 3 0x80009d74 (0x283f2823) mem 0x80010000 0x00000001
core   0: 0x80009d78 (0xff9ff06f) j       pc - 0x8
core   0: 3 0x80009d78 (0xff9ff06f)
core   0: 0x80009d70 (0x00006f17) auipc   t5, 0x6
core   0: 3 0x80009d70 (0x00006f17) x30 0x8000fd70
core   0: 0x80009d74 (0x283f2823) sw      gp, 656(t5)
core   0: 3 0x80009d74 (0x283f2823) mem 0x80010000 0x00000001
core   0: 0x80009d78 (0xff9ff06f) j       pc - 0x8
core   0: 3 0x80009d78 (0xff9ff06f)
core   0: 0x80009d70 (0x00006f17) auipc   t5, 0x6
core   0: 3 0x80009d70 (0x00006f17) x30 0x8000fd70
core   0: 0x80009d74 (0x283f2823) sw      gp, 656(t5)
core   0: 3 0x80009d74 (0x283f2823) mem 0x80010000 0x00000001
core   0: 0x80009d78 (0xff9ff06f) j       pc - 0x8
core   0: 3 0x80009d78 (0xff9ff06f)
core   0: 0x80009d70 (0x00006f17) auipc   t5, 0x6
core   0: 3 0x80009d70 (0x00006f17) x30 0x8000fd70
core   0: 0x80009d74 (0x283f2823) sw      gp, 656(t5)
core   0: 3 0x80009d74 (0x283f2823) mem 0x80010000 0x00000001
core   0: 0x80009d78 (0xff9ff06f) j       pc - 0x8
core   0: 3 0x80009d78 (0xff9ff06f)
core   0: 0x80009d70 (0x00006f17) auipc   t5, 0x6
core   0: 3 0x80009d70 (0x00006f17) x30 0x8000fd70
core   0: 0x80009d74 (0x283f2823) sw      gp, 656(t5)
core   0: 3 0x80009d74 (0x283f2823) mem 0x80010000 0x00000001
core   0: 0x80009d78 (0xff9ff06f) j       pc - 0x8
core   0: 3 0x80009d78 (0xff9ff06f)
core   0: 0x80009d70 (0x00006f17) auipc   t5, 0x6
core   0: 3 0x80009d70 (0x00006f17) x30 0x8000fd70
core   0: 0x80009d74 (0x283f2823) sw      gp, 656(t5)
core   0: 3 0x80009d74 (0x283f2823) mem 0x80010000 0x00000001
core   0: 0x80009d78 (0xff9ff06f) j       pc - 0x8
core   0: 3 0x80009d78 (0xff9ff06f)
core   0: 0x80009d70 (0x00006f17) auipc   t5, 0x6
core   0: 3 0x80009d70 (0x00006f17) x30 0x8000fd70
core   0: 0x80009d74 (0x283f2823) sw      gp, 656(t5)
core   0: 3 0x80009d74 (0x283f2823) mem 0x80010000 0x00000001
core   0: 0x80009d78 (0xff9ff06f) j       pc - 0x8
core   0: 3 0x80009d78 (0xff9ff06f)
core   0: 0x80009d70 (0x00006f17) auipc   t5, 0x6
core   0: 3 0x80009d70 (0x00006f17) x30 0x8000fd70
core   0: 0x80009d74 (0x283f2823) sw      gp, 656(t5)
core   0: 3 0x80009d74 (0x283f2823) mem 0x80010000 0x00000001
core   0: 0x80009d78 (0xff9ff06f) j       pc - 0x8
core   0: 3 0x80009d78 (0xff9ff06f)
core   0: 0x80009d70 (0x00006f17) auipc   t5, 0x6
core   0: 3 0x80009d70 (0x00006f17) x30 0x8000fd70
core   0: 0x80009d74 (0x283f2823) sw      gp, 656(t5)
core   0: 3 0x80009d74 (0x283f2823) mem 0x80010000 0x00000001
core   0: 0x80009d78 (0xff9ff06f) j       pc - 0x8
core   0: 3 0x80009d78 (0xff9ff06f)
core   0: 0x80009d70 (0x00006f17) auipc   t5, 0x6
core   0: 3 0x80009d70 (0x00006f17) x30 0x8000fd70
core   0: 0x80009d74 (0x283f2823) sw      gp, 656(t5)
core   0: 3 0x80009d74 (0x283f2823) mem 0x80010000 0x00000001
core   0: 0x80009d78 (0xff9ff06f) j       pc - 0x8
core   0: 3 0x80009d78 (0xff9ff06f)
core   0: 0x80009d70 (0x00006f17) auipc   t5, 0x6
core   0: 3 0x80009d70 (0x00006f17) x30 0x8000fd70
core   0: 0x80009d74 (0x283f2823) sw      gp, 656(t5)
core   0: 3 0x80009d74 (0x283f2823) mem 0x80010000 0x00000001
core   0: 0x80009d78 (0xff9ff06f) j       pc - 0x8
core   0: 3 0x80009d78 (0xff9ff06f)
core   0: 0x80009d70 (0x00006f17) auipc   t5, 0x6
core   0: 3 0x80009d70 (0x00006f17) x30 0x8000fd70
core   0: 0x80009d74 (0x283f2823) sw      gp, 656(t5)
core   0: 3 0x80009d74 (0x283f2823) mem 0x80010000 0x00000001
core   0: 0x80009d78 (0xff9ff06f) j       pc - 0x8
core   0: 3 0x80009d78 (0xff9ff06f)
core   0: 0x80009d70 (0x00006f17) auipc   t5, 0x6
core   0: 3 0x80009d70 (0x00006f17) x30 0x8000fd70
core   0: 0x80009d74 (0x283f2823) sw      gp, 656(t5)
core   0: 3 0x80009d74 (0x283f2823) mem 0x80010000 0x00000001
core   0: 0x80009d78 (0xff9ff06f) j       pc - 0x8
core   0: 3 0x80009d78 (0xff9ff06f)
core   0: 0x80009d70 (0x00006f17) auipc   t5, 0x6
core   0: 3 0x80009d70 (0x00006f17) x30 0x8000fd70
core   0: 0x80009d74 (0x283f2823) sw      gp, 656(t5)
core   0: 3 0x80009d74 (0x283f2823) mem 0x80010000 0x00000001
core   0: 0x80009d78 (0xff9ff06f) j       pc - 0x8
core   0: 3 0x80009d78 (0xff9ff06f)
core   0: 0x80009d70 (0x00006f17) auipc   t5, 0x6
core   0: 3 0x80009d70 (0x00006f17) x30 0x8000fd70
core   0: 0x80009d74 (0x283f2823) sw      gp, 656(t5)
core   0: 3 0x80009d74 (0x283f2823) mem 0x80010000 0x00000001
core   0: 0x80009d78 (0xff9ff06f) j       pc - 0x8
core   0: 3 0x80009d78 (0xff9ff06f)
core   0: 0x80009d70 (0x00006f17) auipc   t5, 0x6
core   0: 3 0x80009d70 (0x00006f17) x30 0x8000fd70
core   0: 0x80009d74 (0x283f2823) sw      gp, 656(t5)
core   0: 3 0x80009d74 (0x283f2823) mem 0x80010000 0x00000001
core   0: 0x80009d78 (0xff9ff06f) j       pc - 0x8
core   0: 3 0x80009d78 (0xff9ff06f)
core   0: 0x80009d70 (0x00006f17) auipc   t5, 0x6
core   0: 3 0x80009d70 (0x00006f17) x30 0x8000fd70
core   0: 0x80009d74 (0x283f2823) sw      gp, 656(t5)
core   0: 3 0x80009d74 (0x283f2823) mem 0x80010000 0x00000001
core   0: 0x80009d78 (0xff9ff06f) j       pc - 0x8
core   0: 3 0x80009d78 (0xff9ff06f)
core   0: 0x80009d70 (0x00006f17) auipc   t5, 0x6
core   0: 3 0x80009d70 (0x00006f17) x30 0x8000fd70
core   0: 0x80009d74 (0x283f2823) sw      gp, 656(t5)
core   0: 3 0x80009d74 (0x283f2823) mem 0x80010000 0x00000001
core   0: 0x80009d78 (0xff9ff06f) j       pc - 0x8
core   0: 3 0x80009d78 (0xff9ff06f)
core   0: 0x80009d70 (0x00006f17) auipc   t5, 0x6
core   0: 3 0x80009d70 (0x00006f17) x30 0x8000fd70
core   0: 0x80009d74 (0x283f2823) sw      gp, 656(t5)
core   0: 3 0x80009d74 (0x283f2823) mem 0x80010000 0x00000001
core   0: 0x80009d78 (0xff9ff06f) j       pc - 0x8
core   0: 3 0x80009d78 (0xff9ff06f)
core   0: 0x80009d70 (0x00006f17) auipc   t5, 0x6
core   0: 3 0x80009d70 (0x00006f17) x30 0x8000fd70
core   0: 0x80009d74 (0x283f2823) sw      gp, 656(t5)
core   0: 3 0x80009d74 (0x283f2823) mem 0x80010000 0x00000001
core   0: 0x80009d78 (0xff9ff06f) j       pc - 0x8
core   0: 3 0x80009d78 (0xff9ff06f)
core   0: 0x80009d70 (0x00006f17) auipc   t5, 0x6
core   0: 3 0x80009d70 (0x00006f17) x30 0x8000fd70
core   0: 0x80009d74 (0x283f2823) sw      gp, 656(t5)
core   0: 3 0x80009d74 (0x283f2823) mem 0x80010000 0x00000001
core   0: 0x80009d78 (0xff9ff06f) j       pc - 0x8
core   0: 3 0x80009d78 (0xff9ff06f)
core   0: 0x80009d70 (0x00006f17) auipc   t5, 0x6
core   0: 3 0x80009d70 (0x00006f17) x30 0x8000fd70
core   0: 0x80009d74 (0x283f2823) sw      gp, 656(t5)
core   0: 3 0x80009d74 (0x283f2823) mem 0x80010000 0x00000001
core   0: 0x80009d78 (0xff9ff06f) j       pc - 0x8
core   0: 3 0x80009d78 (0xff9ff06f)
core   0: 0x80009d70 (0x00006f17) auipc   t5, 0x6
core   0: 3 0x80009d70 (0x00006f17) x30 0x8000fd70
core   0: 0x80009d74 (0x283f2823) sw      gp, 656(t5)
core   0: 3 0x80009d74 (0x283f2823) mem 0x80010000 0x00000001
core   0: 0x80009d78 (0xff9ff06f) j       pc - 0x8
core   0: 3 0x80009d78 (0xff9ff06f)
core   0: 0x80009d70 (0x00006f17) auipc   t5, 0x6
core   0: 3 0x80009d70 (0x00006f17) x30 0x8000fd70
core   0: 0x80009d74 (0x283f2823) sw      gp, 656(t5)
core   0: 3 0x80009d74 (0x283f2823) mem 0x80010000 0x00000001
core   0: 0x80009d78 (0xff9ff06f) j       pc - 0x8
core   0: 3 0x80009d78 (0xff9ff06f)
core   0: 0x80009d70 (0x00006f17) auipc   t5, 0x6
core   0: 3 0x80009d70 (0x00006f17) x30 0x8000fd70
core   0: 0x80009d74 (0x283f2823) sw      gp, 656(t5)
core   0: 3 0x80009d74 (0x283f2823) mem 0x80010000 0x00000001
core   0: 0x80009d78 (0xff9ff06f) j       pc - 0x8
core   0: 3 0x80009d78 (0xff9ff06f)
core   0: 0x80009d70 (0x00006f17) auipc   t5, 0x6
core   0: 3 0x80009d70 (0x00006f17) x30 0x8000fd70
core   0: 0x80009d74 (0x283f2823) sw      gp, 656(t5)
core   0: 3 0x80009d74 (0x283f2823) mem 0x80010000 0x00000001
core   0: 0x80009d78 (0xff9ff06f) j       pc - 0x8
core   0: 3 0x80009d78 (0xff9ff06f)
core   0: 0x80009d70 (0x00006f17) auipc   t5, 0x6
core   0: 3 0x80009d70 (0x00006f17) x30 0x8000fd70
core   0: 0x80009d74 (0x283f2823) sw      gp, 656(t5)
core   0: 3 0x80009d74 (0x283f2823) mem 0x80010000 0x00000001
core   0: 0x80009d78 (0xff9ff06f) j       pc - 0x8
core   0: 3 0x80009d78 (0xff9ff06f)
core   0: 0x80009d70 (0x00006f17) auipc   t5, 0x6
core   0: 3 0x80009d70 (0x00006f17) x30 0x8000fd70
core   0: 0x80009d74 (0x283f2823) sw      gp, 656(t5)
core   0: 3 0x80009d74 (0x283f2823) mem 0x80010000 0x00000001
core   0: 0x80009d78 (0xff9ff06f) j       pc - 0x8
core   0: 3 0x80009d78 (0xff9ff06f)
core   0: 0x80009d70 (0x00006f17) auipc   t5, 0x6
core   0: 3 0x80009d70 (0x00006f17) x30 0x8000fd70
core   0: 0x80009d74 (0x283f2823) sw      gp, 656(t5)
core   0: 3 0x80009d74 (0x283f2823) mem 0x80010000 0x00000001
core   0: 0x80009d78 (0xff9ff06f) j       pc - 0x8
core   0: 3 0x80009d78 (0xff9ff06f)
core   0: 0x80009d70 (0x00006f17) auipc   t5, 0x6
core   0: 3 0x80009d70 (0x00006f17) x30 0x8000fd70
core   0: 0x80009d74 (0x283f2823) sw      gp, 656(t5)
core   0: 3 0x80009d74 (0x283f2823) mem 0x80010000 0x00000001
core   0: 0x80009d78 (0xff9ff06f) j       pc - 0x8
core   0: 3 0x80009d78 (0xff9ff06f)
core   0: 0x80009d70 (0x00006f17) auipc   t5, 0x6
core   0: 3 0x80009d70 (0x00006f17) x30 0x8000fd70
core   0: 0x80009d74 (0x283f2823) sw      gp, 656(t5)
core   0: 3 0x80009d74 (0x283f2823) mem 0x80010000 0x00000001
core   0: 0x80009d78 (0xff9ff06f) j       pc - 0x8
core   0: 3 0x80009d78 (0xff9ff06f)
core   0: 0x80009d70 (0x00006f17) auipc   t5, 0x6
core   0: 3 0x80009d70 (0x00006f17) x30 0x8000fd70
core   0: 0x80009d74 (0x283f2823) sw      gp, 656(t5)
core   0: 3 0x80009d74 (0x283f2823) mem 0x80010000 0x00000001
core   0: 0x80009d78 (0xff9ff06f) j       pc - 0x8
core   0: 3 0x80009d78 (0xff9ff06f)
core   0: 0x80009d70 (0x00006f17) auipc   t5, 0x6
core   0: 3 0x80009d70 (0x00006f17) x30 0x8000fd70
core   0: 0x80009d74 (0x283f2823) sw      gp, 656(t5)
core   0: 3 0x80009d74 (0x283f2823) mem 0x80010000 0x00000001
core   0: 0x80009d78 (0xff9ff06f) j       pc - 0x8
core   0: 3 0x80009d78 (0xff9ff06f)
core   0: 0x80009d70 (0x00006f17) auipc   t5, 0x6
core   0: 3 0x80009d70 (0x00006f17) x30 0x8000fd70
core   0: 0x80009d74 (0x283f2823) sw      gp, 656(t5)
core   0: 3 0x80009d74 (0x283f2823) mem 0x80010000 0x00000001
core   0: 0x80009d78 (0xff9ff06f) j       pc - 0x8
core   0: 3 0x80009d78 (0xff9ff06f)
core   0: 0x80009d70 (0x00006f17) auipc   t5, 0x6
core   0: 3 0x80009d70 (0x00006f17) x30 0x8000fd70
core   0: 0x80009d74 (0x283f2823) sw      gp, 656(t5)
core   0: 3 0x80009d74 (0x283f2823) mem 0x80010000 0x00000001
core   0: 0x80009d78 (0xff9ff06f) j       pc - 0x8
core   0: 3 0x80009d78 (0xff9ff06f)
core   0: 0x80009d70 (0x00006f17) auipc   t5, 0x6
core   0: 3 0x80009d70 (0x00006f17) x30 0x8000fd70
core   0: 0x80009d74 (0x283f2823) sw      gp, 656(t5)
core   0: 3 0x80009d74 (0x283f2823) mem 0x80010000 0x00000001
core   0: 0x80009d78 (0xff9ff06f) j       pc - 0x8
core   0: 3 0x80009d78 (0xff9ff06f)
core   0: 0x80009d70 (0x00006f17) auipc   t5, 0x6
core   0: 3 0x80009d70 (0x00006f17) x30 0x8000fd70
core   0: 0x80009d74 (0x283f2823) sw      gp, 656(t5)
core   0: 3 0x80009d74 (0x283f2823) mem 0x80010000 0x00000001
core   0: 0x80009d78 (0xff9ff06f) j       pc - 0x8
core   0: 3 0x80009d78 (0xff9ff06f)
core   0: 0x80009d70 (0x00006f17) auipc   t5, 0x6
core   0: 3 0x80009d70 (0x00006f17) x30 0x8000fd70
core   0: 0x80009d74 (0x283f2823) sw      gp, 656(t5)
core   0: 3 0x80009d74 (0x283f2823) mem 0x80010000 0x00000001
core   0: 0x80009d78 (0xff9ff06f) j       pc - 0x8
core   0: 3 0x80009d78 (0xff9ff06f)
core   0: 0x80009d70 (0x00006f17) auipc   t5, 0x6
core   0: 3 0x80009d70 (0x00006f17) x30 0x8000fd70
core   0: 0x80009d74 (0x283f2823) sw      gp, 656(t5)
core   0: 3 0x80009d74 (0x283f2823) mem 0x80010000 0x00000001
core   0: 0x80009d78 (0xff9ff06f) j       pc - 0x8
core   0: 3 0x80009d78 (0xff9ff06f)
core   0: 0x80009d70 (0x00006f17) auipc   t5, 0x6
core   0: 3 0x80009d70 (0x00006f17) x30 0x8000fd70
core   0: 0x80009d74 (0x283f2823) sw      gp, 656(t5)
core   0: 3 0x80009d74 (0x283f2823) mem 0x80010000 0x00000001
core   0: 0x80009d78 (0xff9ff06f) j       pc - 0x8
core   0: 3 0x80009d78 (0xff9ff06f)
core   0: 0x80009d70 (0x00006f17) auipc   t5, 0x6
core   0: 3 0x80009d70 (0x00006f17) x30 0x8000fd70
core   0: 0x80009d74 (0x283f2823) sw      gp, 656(t5)
core   0: 3 0x80009d74 (0x283f2823) mem 0x80010000 0x00000001
core   0: 0x80009d78 (0xff9ff06f) j       pc - 0x8
core   0: 3 0x80009d78 (0xff9ff06f)
core   0: 0x80009d70 (0x00006f17) auipc   t5, 0x6
core   0: 3 0x80009d70 (0x00006f17) x30 0x8000fd70
core   0: 0x80009d74 (0x283f2823) sw      gp, 656(t5)
core   0: 3 0x80009d74 (0x283f2823) mem 0x80010000 0x00000001
core   0: 0x80009d78 (0xff9ff06f) j       pc - 0x8
core   0: 3 0x80009d78 (0xff9ff06f)
core   0: 0x80009d70 (0x00006f17) auipc   t5, 0x6
core   0: 3 0x80009d70 (0x00006f17) x30 0x8000fd70
core   0: 0x80009d74 (0x283f2823) sw      gp, 656(t5)
core   0: 3 0x80009d74 (0x283f2823) mem 0x80010000 0x00000001
core   0: 0x80009d78 (0xff9ff06f) j       pc - 0x8
core   0: 3 0x80009d78 (0xff9ff06f)
core   0: 0x80009d70 (0x00006f17) auipc   t5, 0x6
core   0: 3 0x80009d70 (0x00006f17) x30 0x8000fd70
core   0: 0x80009d74 (0x283f2823) sw      gp, 656(t5)
core   0: 3 0x80009d74 (0x283f2823) mem 0x80010000 0x00000001
core   0: 0x80009d78 (0xff9ff06f) j       pc - 0x8
core   0: 3 0x80009d78 (0xff9ff06f)
core   0: 0x80009d70 (0x00006f17) auipc   t5, 0x6
core   0: 3 0x80009d70 (0x00006f17) x30 0x8000fd70
core   0: 0x80009d74 (0x283f2823) sw      gp, 656(t5)
core   0: 3 0x80009d74 (0x283f2823) mem 0x80010000 0x00000001
core   0: 0x80009d78 (0xff9ff06f) j       pc - 0x8
core   0: 3 0x80009d78 (0xff9ff06f)
core   0: 0x80009d70 (0x00006f17) auipc   t5, 0x6
core   0: 3 0x80009d70 (0x00006f17) x30 0x8000fd70
core   0: 0x80009d74 (0x283f2823) sw      gp, 656(t5)
core   0: 3 0x80009d74 (0x283f2823) mem 0x80010000 0x00000001
core   0: 0x80009d78 (0xff9ff06f) j       pc - 0x8
core   0: 3 0x80009d78 (0xff9ff06f)
core   0: 0x80009d70 (0x00006f17) auipc   t5, 0x6
core   0: 3 0x80009d70 (0x00006f17) x30 0x8000fd70
core   0: 0x80009d74 (0x283f2823) sw      gp, 656(t5)
core   0: 3 0x80009d74 (0x283f2823) mem 0x80010000 0x00000001
core   0: 0x80009d78 (0xff9ff06f) j       pc - 0x8
core   0: 3 0x80009d78 (0xff9ff06f)
core   0: 0x80009d70 (0x00006f17) auipc   t5, 0x6
core   0: 3 0x80009d70 (0x00006f17) x30 0x8000fd70
core   0: 0x80009d74 (0x283f2823) sw      gp, 656(t5)
core   0: 3 0x80009d74 (0x283f2823) mem 0x80010000 0x00000001
core   0: 0x80009d78 (0xff9ff06f) j       pc - 0x8
core   0: 3 0x80009d78 (0xff9ff06f)
core   0: 0x80009d70 (0x00006f17) auipc   t5, 0x6
core   0: 3 0x80009d70 (0x00006f17) x30 0x8000fd70
core   0: 0x80009d74 (0x283f2823) sw      gp, 656(t5)
core   0: 3 0x80009d74 (0x283f2823) mem 0x80010000 0x00000001
core   0: 0x80009d78 (0xff9ff06f) j       pc - 0x8
core   0: 3 0x80009d78 (0xff9ff06f)
core   0: 0x80009d70 (0x00006f17) auipc   t5, 0x6
core   0: 3 0x80009d70 (0x00006f17) x30 0x8000fd70
core   0: 0x80009d74 (0x283f2823) sw      gp, 656(t5)
core   0: 3 0x80009d74 (0x283f2823) mem 0x80010000 0x00000001
core   0: 0x80009d78 (0xff9ff06f) j       pc - 0x8
core   0: 3 0x80009d78 (0xff9ff06f)
core   0: 0x80009d70 (0x00006f17) auipc   t5, 0x6
core   0: 3 0x80009d70 (0x00006f17) x30 0x8000fd70
core   0: 0x80009d74 (0x283f2823) sw      gp, 656(t5)
core   0: 3 0x80009d74 (0x283f2823) mem 0x80010000 0x00000001
core   0: 0x80009d78 (0xff9ff06f) j       pc - 0x8
core   0: 3 0x80009d78 (0xff9ff06f)
core   0: 0x80009d70 (0x00006f17) auipc   t5, 0x6
core   0: 3 0x80009d70 (0x00006f17) x30 0x8000fd70
core   0: 0x80009d74 (0x283f2823) sw      gp, 656(t5)
core   0: 3 0x80009d74 (0x283f2823) mem 0x80010000 0x00000001
core   0: 0x80009d78 (0xff9ff06f) j       pc - 0x8
core   0: 3 0x80009d78 (0xff9ff06f)
core   0: 0x80009d70 (0x00006f17) auipc   t5, 0x6
core   0: 3 0x80009d70 (0x00006f17) x30 0x8000fd70
core   0: 0x80009d74 (0x283f2823) sw      gp, 656(t5)
core   0: 3 0x80009d74 (0x283f2823) mem 0x80010000 0x00000001
core   0: 0x80009d78 (0xff9ff06f) j       pc - 0x8
core   0: 3 0x80009d78 (0xff9ff06f)
core   0: 0x80009d70 (0x00006f17) auipc   t5, 0x6
core   0: 3 0x80009d70 (0x00006f17) x30 0x8000fd70
core   0: 0x80009d74 (0x283f2823) sw      gp, 656(t5)
core   0: 3 0x80009d74 (0x283f2823) mem 0x80010000 0x00000001
core   0: 0x80009d78 (0xff9ff06f) j       pc - 0x8
core   0: 3 0x80009d78 (0xff9ff06f)
core   0: 0x80009d70 (0x00006f17) auipc   t5, 0x6
core   0: 3 0x80009d70 (0x00006f17) x30 0x8000fd70
core   0: 0x80009d74 (0x283f2823) sw      gp, 656(t5)
core   0: 3 0x80009d74 (0x283f2823) mem 0x80010000 0x00000001
core   0: 0x80009d78 (0xff9ff06f) j       pc - 0x8
core   0: 3 0x80009d78 (0xff9ff06f)
core   0: 0x80009d70 (0x00006f17) auipc   t5, 0x6
core   0: 3 0x80009d70 (0x00006f17) x30 0x8000fd70
core   0: 0x80009d74 (0x283f2823) sw      gp, 656(t5)
core   0: 3 0x80009d74 (0x283f2823) mem 0x80010000 0x00000001
core   0: 0x80009d78 (0xff9ff06f) j       pc - 0x8
core   0: 3 0x80009d78 (0xff9ff06f)
core   0: 0x80009d70 (0x00006f17) auipc   t5, 0x6
core   0: 3 0x80009d70 (0x00006f17) x30 0x8000fd70
core   0: 0x80009d74 (0x283f2823) sw      gp, 656(t5)
core   0: 3 0x80009d74 (0x283f2823) mem 0x80010000 0x00000001
core   0: 0x80009d78 (0xff9ff06f) j       pc - 0x8
core   0: 3 0x80009d78 (0xff9ff06f)
core   0: 0x80009d70 (0x00006f17) auipc   t5, 0x6
core   0: 3 0x80009d70 (0x00006f17) x30 0x8000fd70
core   0: 0x80009d74 (0x283f2823) sw      gp, 656(t5)
core   0: 3 0x80009d74 (0x283f2823) mem 0x80010000 0x00000001
core   0: 0x80009d78 (0xff9ff06f) j       pc - 0x8
core   0: 3 0x80009d78 (0xff9ff06f)
core   0: 0x80009d70 (0x00006f17) auipc   t5, 0x6
core   0: 3 0x80009d70 (0x00006f17) x30 0x8000fd70
core   0: 0x80009d74 (0x283f2823) sw      gp, 656(t5)
core   0: 3 0x80009d74 (0x283f2823) mem 0x80010000 0x00000001
core   0: 0x80009d78 (0xff9ff06f) j       pc - 0x8
core   0: 3 0x80009d78 (0xff9ff06f)
core   0: 0x80009d70 (0x00006f17) auipc   t5, 0x6
core   0: 3 0x80009d70 (0x00006f17) x30 0x8000fd70
core   0: 0x80009d74 (0x283f2823) sw      gp, 656(t5)
core   0: 3 0x80009d74 (0x283f2823) mem 0x80010000 0x00000001
core   0: 0x80009d78 (0xff9ff06f) j       pc - 0x8
core   0: 3 0x80009d78 (0xff9ff06f)
core   0: 0x80009d70 (0x00006f17) auipc   t5, 0x6
core   0: 3 0x80009d70 (0x00006f17) x30 0x8000fd70
core   0: 0x80009d74 (0x283f2823) sw      gp, 656(t5)
core   0: 3 0x80009d74 (0x283f2823) mem 0x80010000 0x00000001
core   0: 0x80009d78 (0xff9ff06f) j       pc - 0x8
core   0: 3 0x80009d78 (0xff9ff06f)
core   0: 0x80009d70 (0x00006f17) auipc   t5, 0x6
core   0: 3 0x80009d70 (0x00006f17) x30 0x8000fd70
core   0: 0x80009d74 (0x283f2823) sw      gp, 656(t5)
core   0: 3 0x80009d74 (0x283f2823) mem 0x80010000 0x00000001
core   0: 0x80009d78 (0xff9ff06f) j       pc - 0x8
core   0: 3 0x80009d78 (0xff9ff06f)
core   0: 0x80009d70 (0x00006f17) auipc   t5, 0x6
core   0: 3 0x80009d70 (0x00006f17) x30 0x8000fd70
core   0: 0x80009d74 (0x283f2823) sw      gp, 656(t5)
core   0: 3 0x80009d74 (0x283f2823) mem 0x80010000 0x00000001
core   0: 0x80009d78 (0xff9ff06f) j       pc - 0x8
core   0: 3 0x80009d78 (0xff9ff06f)
core   0: 0x80009d70 (0x00006f17) auipc   t5, 0x6
core   0: 3 0x80009d70 (0x00006f17) x30 0x8000fd70
core   0: 0x80009d74 (0x283f2823) sw      gp, 656(t5)
core   0: 3 0x80009d74 (0x283f2823) mem 0x80010000 0x00000001
core   0: 0x80009d78 (0xff9ff06f) j       pc - 0x8
core   0: 3 0x80009d78 (0xff9ff06f)
core   0: 0x80009d70 (0x00006f17) auipc   t5, 0x6
core   0: 3 0x80009d70 (0x00006f17) x30 0x8000fd70
core   0: 0x80009d74 (0x283f2823) sw      gp, 656(t5)
core   0: 3 0x80009d74 (0x283f2823) mem 0x80010000 0x00000001
core   0: 0x80009d78 (0xff9ff06f) j       pc - 0x8
core   0: 3 0x80009d78 (0xff9ff06f)
core   0: 0x80009d70 (0x00006f17) auipc   t5, 0x6
core   0: 3 0x80009d70 (0x00006f17) x30 0x8000fd70
core   0: 0x80009d74 (0x283f2823) sw      gp, 656(t5)
core   0: 3 0x80009d74 (0x283f2823) mem 0x80010000 0x00000001
core   0: 0x80009d78 (0xff9ff06f) j       pc - 0x8
core   0: 3 0x80009d78 (0xff9ff06f)
core   0: 0x80009d70 (0x00006f17) auipc   t5, 0x6
core   0: 3 0x80009d70 (0x00006f17) x30 0x8000fd70
core   0: 0x80009d74 (0x283f2823) sw      gp, 656(t5)
core   0: 3 0x80009d74 (0x283f2823) mem 0x80010000 0x00000001
core   0: 0x80009d78 (0xff9ff06f) j       pc - 0x8
core   0: 3 0x80009d78 (0xff9ff06f)
core   0: 0x80009d70 (0x00006f17) auipc   t5, 0x6
core   0: 3 0x80009d70 (0x00006f17) x30 0x8000fd70
core   0: 0x80009d74 (0x283f2823) sw      gp, 656(t5)
core   0: 3 0x80009d74 (0x283f2823) mem 0x80010000 0x00000001
core   0: 0x80009d78 (0xff9ff06f) j       pc - 0x8
core   0: 3 0x80009d78 (0xff9ff06f)
core   0: 0x80009d70 (0x00006f17) auipc   t5, 0x6
core   0: 3 0x80009d70 (0x00006f17) x30 0x8000fd70
core   0: 0x80009d74 (0x283f2823) sw      gp, 656(t5)
core   0: 3 0x80009d74 (0x283f2823) mem 0x80010000 0x00000001
core   0: 0x80009d78 (0xff9ff06f) j       pc - 0x8
core   0: 3 0x80009d78 (0xff9ff06f)
core   0: 0x80009d70 (0x00006f17) auipc   t5, 0x6
core   0: 3 0x80009d70 (0x00006f17) x30 0x8000fd70
core   0: 0x80009d74 (0x283f2823) sw      gp, 656(t5)
core   0: 3 0x80009d74 (0x283f2823) mem 0x80010000 0x00000001
core   0: 0x80009d78 (0xff9ff06f) j       pc - 0x8
core   0: 3 0x80009d78 (0xff9ff06f)
core   0: 0x80009d70 (0x00006f17) auipc   t5, 0x6
core   0: 3 0x80009d70 (0x00006f17) x30 0x8000fd70
core   0: 0x80009d74 (0x283f2823) sw      gp, 656(t5)
core   0: 3 0x80009d74 (0x283f2823) mem 0x80010000 0x00000001
core   0: 0x80009d78 (0xff9ff06f) j       pc - 0x8
core   0: 3 0x80009d78 (0xff9ff06f)
core   0: 0x80009d70 (0x00006f17) auipc   t5, 0x6
core   0: 3 0x80009d70 (0x00006f17) x30 0x8000fd70
core   0: 0x80009d74 (0x283f2823) sw      gp, 656(t5)
core   0: 3 0x80009d74 (0x283f2823) mem 0x80010000 0x00000001
core   0: 0x80009d78 (0xff9ff06f) j       pc - 0x8
core   0: 3 0x80009d78 (0xff9ff06f)
core   0: 0x80009d70 (0x00006f17) auipc   t5, 0x6
core   0: 3 0x80009d70 (0x00006f17) x30 0x8000fd70
core   0: 0x80009d74 (0x283f2823) sw      gp, 656(t5)
core   0: 3 0x80009d74 (0x283f2823) mem 0x80010000 0x00000001
core   0: 0x80009d78 (0xff9ff06f) j       pc - 0x8
core   0: 3 0x80009d78 (0xff9ff06f)
core   0: 0x80009d70 (0x00006f17) auipc   t5, 0x6
core   0: 3 0x80009d70 (0x00006f17) x30 0x8000fd70
core   0: 0x80009d74 (0x283f2823) sw      gp, 656(t5)
core   0: 3 0x80009d74 (0x283f2823) mem 0x80010000 0x00000001
core   0: 0x80009d78 (0xff9ff06f) j       pc - 0x8
core   0: 3 0x80009d78 (0xff9ff06f)
core   0: 0x80009d70 (0x00006f17) auipc   t5, 0x6
core   0: 3 0x80009d70 (0x00006f17) x30 0x8000fd70
core   0: 0x80009d74 (0x283f2823) sw      gp, 656(t5)
core   0: 3 0x80009d74 (0x283f2823) mem 0x80010000 0x00000001
core   0: 0x80009d78 (0xff9ff06f) j       pc - 0x8
core   0: 3 0x80009d78 (0xff9ff06f)
core   0: 0x80009d70 (0x00006f17) auipc   t5, 0x6
core   0: 3 0x80009d70 (0x00006f17) x30 0x8000fd70
core   0: 0x80009d74 (0x283f2823) sw      gp, 656(t5)
core   0: 3 0x80009d74 (0x283f2823) mem 0x80010000 0x00000001
core   0: 0x80009d78 (0xff9ff06f) j       pc - 0x8
core   0: 3 0x80009d78 (0xff9ff06f)
core   0: 0x80009d70 (0x00006f17) auipc   t5, 0x6
core   0: 3 0x80009d70 (0x00006f17) x30 0x8000fd70
core   0: 0x80009d74 (0x283f2823) sw      gp, 656(t5)
core   0: 3 0x80009d74 (0x283f2823) mem 0x80010000 0x00000001
core   0: 0x80009d78 (0xff9ff06f) j       pc - 0x8
core   0: 3 0x80009d78 (0xff9ff06f)
core   0: 0x80009d70 (0x00006f17) auipc   t5, 0x6
core   0: 3 0x80009d70 (0x00006f17) x30 0x8000fd70
core   0: 0x80009d74 (0x283f2823) sw      gp, 656(t5)
core   0: 3 0x80009d74 (0x283f2823) mem 0x80010000 0x00000001
core   0: 0x80009d78 (0xff9ff06f) j       pc - 0x8
core   0: 3 0x80009d78 (0xff9ff06f)
core   0: 0x80009d70 (0x00006f17) auipc   t5, 0x6
core   0: 3 0x80009d70 (0x00006f17) x30 0x8000fd70
core   0: 0x80009d74 (0x283f2823) sw      gp, 656(t5)
core   0: 3 0x80009d74 (0x283f2823) mem 0x80010000 0x00000001
core   0: 0x80009d78 (0xff9ff06f) j       pc - 0x8
core   0: 3 0x80009d78 (0xff9ff06f)
core   0: 0x80009d70 (0x00006f17) auipc   t5, 0x6
core   0: 3 0x80009d70 (0x00006f17) x30 0x8000fd70
core   0: 0x80009d74 (0x283f2823) sw      gp, 656(t5)
core   0: 3 0x80009d74 (0x283f2823) mem 0x80010000 0x00000001
core   0: 0x80009d78 (0xff9ff06f) j       pc - 0x8
core   0: 3 0x80009d78 (0xff9ff06f)
core   0: 0x80009d70 (0x00006f17) auipc   t5, 0x6
core   0: 3 0x80009d70 (0x00006f17) x30 0x8000fd70
core   0: 0x80009d74 (0x283f2823) sw      gp, 656(t5)
core   0: 3 0x80009d74 (0x283f2823) mem 0x80010000 0x00000001
core   0: 0x80009d78 (0xff9ff06f) j       pc - 0x8
core   0: 3 0x80009d78 (0xff9ff06f)
core   0: 0x80009d70 (0x00006f17) auipc   t5, 0x6
core   0: 3 0x80009d70 (0x00006f17) x30 0x8000fd70
core   0: 0x80009d74 (0x283f2823) sw      gp, 656(t5)
core   0: 3 0x80009d74 (0x283f2823) mem 0x80010000 0x00000001
core   0: 0x80009d78 (0xff9ff06f) j       pc - 0x8
core   0: 3 0x80009d78 (0xff9ff06f)
core   0: 0x80009d70 (0x00006f17) auipc   t5, 0x6
core   0: 3 0x80009d70 (0x00006f17) x30 0x8000fd70
core   0: 0x80009d74 (0x283f2823) sw      gp, 656(t5)
core   0: 3 0x80009d74 (0x283f2823) mem 0x80010000 0x00000001
core   0: 0x80009d78 (0xff9ff06f) j       pc - 0x8
core   0: 3 0x80009d78 (0xff9ff06f)
core   0: 0x80009d70 (0x00006f17) auipc   t5, 0x6
core   0: 3 0x80009d70 (0x00006f17) x30 0x8000fd70
core   0: 0x80009d74 (0x283f2823) sw      gp, 656(t5)
core   0: 3 0x80009d74 (0x283f2823) mem 0x80010000 0x00000001
core   0: 0x80009d78 (0xff9ff06f) j       pc - 0x8
core   0: 3 0x80009d78 (0xff9ff06f)
core   0: 0x80009d70 (0x00006f17) auipc   t5, 0x6
core   0: 3 0x80009d70 (0x00006f17) x30 0x8000fd70
core   0: 0x80009d74 (0x283f2823) sw      gp, 656(t5)
core   0: 3 0x80009d74 (0x283f2823) mem 0x80010000 0x00000001
core   0: 0x80009d78 (0xff9ff06f) j       pc - 0x8
core   0: 3 0x80009d78 (0xff9ff06f)
core   0: 0x80009d70 (0x00006f17) auipc   t5, 0x6
core   0: 3 0x80009d70 (0x00006f17) x30 0x8000fd70
core   0: 0x80009d74 (0x283f2823) sw      gp, 656(t5)
core   0: 3 0x80009d74 (0x283f2823) mem 0x80010000 0x00000001
core   0: 0x80009d78 (0xff9ff06f) j       pc - 0x8
core   0: 3 0x80009d78 (0xff9ff06f)
core   0: 0x80009d70 (0x00006f17) auipc   t5, 0x6
core   0: 3 0x80009d70 (0x00006f17) x30 0x8000fd70
core   0: 0x80009d74 (0x283f2823) sw      gp, 656(t5)
core   0: 3 0x80009d74 (0x283f2823) mem 0x80010000 0x00000001
core   0: 0x80009d78 (0xff9ff06f) j       pc - 0x8
core   0: 3 0x80009d78 (0xff9ff06f)
core   0: 0x80009d70 (0x00006f17) auipc   t5, 0x6
core   0: 3 0x80009d70 (0x00006f17) x30 0x8000fd70
core   0: 0x80009d74 (0x283f2823) sw      gp, 656(t5)
core   0: 3 0x80009d74 (0x283f2823) mem 0x80010000 0x00000001
core   0: 0x80009d78 (0xff9ff06f) j       pc - 0x8
core   0: 3 0x80009d78 (0xff9ff06f)
core   0: 0x80009d70 (0x00006f17) auipc   t5, 0x6
core   0: 3 0x80009d70 (0x00006f17) x30 0x8000fd70
core   0: 0x80009d74 (0x283f2823) sw      gp, 656(t5)
core   0: 3 0x80009d74 (0x283f2823) mem 0x80010000 0x00000001
core   0: 0x80009d78 (0xff9ff06f) j       pc - 0x8
core   0: 3 0x80009d78 (0xff9ff06f)
core   0: 0x80009d70 (0x00006f17) auipc   t5, 0x6
core   0: 3 0x80009d70 (0x00006f17) x30 0x8000fd70
core   0: 0x80009d74 (0x283f2823) sw      gp, 656(t5)
core   0: 3 0x80009d74 (0x283f2823) mem 0x80010000 0x00000001
core   0: 0x80009d78 (0xff9ff06f) j       pc - 0x8
core   0: 3 0x80009d78 (0xff9ff06f)
core   0: 0x80009d70 (0x00006f17) auipc   t5, 0x6
core   0: 3 0x80009d70 (0x00006f17) x30 0x8000fd70
core   0: 0x80009d74 (0x283f2823) sw      gp, 656(t5)
core   0: 3 0x80009d74 (0x283f2823) mem 0x80010000 0x00000001
core   0: 0x80009d78 (0xff9ff06f) j       pc - 0x8
core   0: 3 0x80009d78 (0xff9ff06f)
core   0: 0x80009d70 (0x00006f17) auipc   t5, 0x6
core   0: 3 0x80009d70 (0x00006f17) x30 0x8000fd70
core   0: 0x80009d74 (0x283f2823) sw      gp, 656(t5)
core   0: 3 0x80009d74 (0x283f2823) mem 0x80010000 0x00000001
core   0: 0x80009d78 (0xff9ff06f) j       pc - 0x8
core   0: 3 0x80009d78 (0xff9ff06f)
core   0: 0x80009d70 (0x00006f17) auipc   t5, 0x6
core   0: 3 0x80009d70 (0x00006f17) x30 0x8000fd70
core   0: 0x80009d74 (0x283f2823) sw      gp, 656(t5)
core   0: 3 0x80009d74 (0x283f2823) mem 0x80010000 0x00000001
core   0: 0x80009d78 (0xff9ff06f) j       pc - 0x8
core   0: 3 0x80009d78 (0xff9ff06f)
core   0: 0x80009d70 (0x00006f17) auipc   t5, 0x6
core   0: 3 0x80009d70 (0x00006f17) x30 0x8000fd70
core   0: 0x80009d74 (0x283f2823) sw      gp, 656(t5)
core   0: 3 0x80009d74 (0x283f2823) mem 0x80010000 0x00000001
core   0: 0x80009d78 (0xff9ff06f) j       pc - 0x8
core   0: 3 0x80009d78 (0xff9ff06f)
core   0: 0x80009d70 (0x00006f17) auipc   t5, 0x6
core   0: 3 0x80009d70 (0x00006f17) x30 0x8000fd70
core   0: 0x80009d74 (0x283f2823) sw      gp, 656(t5)
core   0: 3 0x80009d74 (0x283f2823) mem 0x80010000 0x00000001
core   0: 0x80009d78 (0xff9ff06f) j       pc - 0x8
core   0: 3 0x80009d78 (0xff9ff06f)
core   0: 0x80009d70 (0x00006f17) auipc   t5, 0x6
core   0: 3 0x80009d70 (0x00006f17) x30 0x8000fd70
core   0: 0x80009d74 (0x283f2823) sw      gp, 656(t5)
core   0: 3 0x80009d74 (0x283f2823) mem 0x80010000 0x00000001
core   0: 0x80009d78 (0xff9ff06f) j       pc - 0x8
core   0: 3 0x80009d78 (0xff9ff06f)
core   0: 0x80009d70 (0x00006f17) auipc   t5, 0x6
core   0: 3 0x80009d70 (0x00006f17) x30 0x8000fd70
core   0: 0x80009d74 (0x283f2823) sw      gp, 656(t5)
core   0: 3 0x80009d74 (0x283f2823) mem 0x80010000 0x00000001
core   0: 0x80009d78 (0xff9ff06f) j       pc - 0x8
core   0: 3 0x80009d78 (0xff9ff06f)
core   0: 0x80009d70 (0x00006f17) auipc   t5, 0x6
core   0: 3 0x80009d70 (0x00006f17) x30 0x8000fd70
core   0: 0x80009d74 (0x283f2823) sw      gp, 656(t5)
core   0: 3 0x80009d74 (0x283f2823) mem 0x80010000 0x00000001
core   0: 0x80009d78 (0xff9ff06f) j       pc - 0x8
core   0: 3 0x80009d78 (0xff9ff06f)
core   0: 0x80009d70 (0x00006f17) auipc   t5, 0x6
core   0: 3 0x80009d70 (0x00006f17) x30 0x8000fd70
core   0: 0x80009d74 (0x283f2823) sw      gp, 656(t5)
core   0: 3 0x80009d74 (0x283f2823) mem 0x80010000 0x00000001
core   0: 0x80009d78 (0xff9ff06f) j       pc - 0x8
core   0: 3 0x80009d78 (0xff9ff06f)
core   0: 0x80009d70 (0x00006f17) auipc   t5, 0x6
core   0: 3 0x80009d70 (0x00006f17) x30 0x8000fd70
core   0: 0x80009d74 (0x283f2823) sw      gp, 656(t5)
core   0: 3 0x80009d74 (0x283f2823) mem 0x80010000 0x00000001
core   0: 0x80009d78 (0xff9ff06f) j       pc - 0x8
core   0: 3 0x80009d78 (0xff9ff06f)
core   0: 0x80009d70 (0x00006f17) auipc   t5, 0x6
core   0: 3 0x80009d70 (0x00006f17) x30 0x8000fd70
core   0: 0x80009d74 (0x283f2823) sw      gp, 656(t5)
core   0: 3 0x80009d74 (0x283f2823) mem 0x80010000 0x00000001
core   0: 0x80009d78 (0xff9ff06f) j       pc - 0x8
core   0: 3 0x80009d78 (0xff9ff06f)
core   0: 0x80009d70 (0x00006f17) auipc   t5, 0x6
core   0: 3 0x80009d70 (0x00006f17) x30 0x8000fd70
core   0: 0x80009d74 (0x283f2823) sw      gp, 656(t5)
core   0: 3 0x80009d74 (0x283f2823) mem 0x80010000 0x00000001
core   0: 0x80009d78 (0xff9ff06f) j       pc - 0x8
core   0: 3 0x80009d78 (0xff9ff06f)
core   0: 0x80009d70 (0x00006f17) auipc   t5, 0x6
core   0: 3 0x80009d70 (0x00006f17) x30 0x8000fd70
core   0: 0x80009d74 (0x283f2823) sw      gp, 656(t5)
core   0: 3 0x80009d74 (0x283f2823) mem 0x80010000 0x00000001
core   0: 0x80009d78 (0xff9ff06f) j       pc - 0x8
core   0: 3 0x80009d78 (0xff9ff06f)
core   0: 0x80009d70 (0x00006f17) auipc   t5, 0x6
core   0: 3 0x80009d70 (0x00006f17) x30 0x8000fd70
core   0: 0x80009d74 (0x283f2823) sw      gp, 656(t5)
core   0: 3 0x80009d74 (0x283f2823) mem 0x80010000 0x00000001
core   0: 0x80009d78 (0xff9ff06f) j       pc - 0x8
core   0: 3 0x80009d78 (0xff9ff06f)
core   0: 0x80009d70 (0x00006f17) auipc   t5, 0x6
core   0: 3 0x80009d70 (0x00006f17) x30 0x8000fd70
core   0: 0x80009d74 (0x283f2823) sw      gp, 656(t5)
core   0: 3 0x80009d74 (0x283f2823) mem 0x80010000 0x00000001
core   0: 0x80009d78 (0xff9ff06f) j       pc - 0x8
core   0: 3 0x80009d78 (0xff9ff06f)
core   0: 0x80009d70 (0x00006f17) auipc   t5, 0x6
core   0: 3 0x80009d70 (0x00006f17) x30 0x8000fd70
core   0: 0x80009d74 (0x283f2823) sw      gp, 656(t5)
core   0: 3 0x80009d74 (0x283f2823) mem 0x80010000 0x00000001
core   0: 0x80009d78 (0xff9ff06f) j       pc - 0x8
core   0: 3 0x80009d78 (0xff9ff06f)
core   0: 0x80009d70 (0x00006f17) auipc   t5, 0x6
core   0: 3 0x80009d70 (0x00006f17) x30 0x8000fd70
core   0: 0x80009d74 (0x283f2823) sw      gp, 656(t5)
core   0: 3 0x80009d74 (0x283f2823) mem 0x80010000 0x00000001
core   0: 0x80009d78 (0xff9ff06f) j       pc - 0x8
core   0: 3 0x80009d78 (0xff9ff06f)
core   0: 0x80009d70 (0x00006f17) auipc   t5, 0x6
core   0: 3 0x80009d70 (0x00006f17) x30 0x8000fd70
core   0: 0x80009d74 (0x283f2823) sw      gp, 656(t5)
core   0: 3 0x80009d74 (0x283f2823) mem 0x80010000 0x00000001
core   0: 0x80009d78 (0xff9ff06f) j       pc - 0x8
core   0: 3 0x80009d78 (0xff9ff06f)
core   0: 0x80009d70 (0x00006f17) auipc   t5, 0x6
core   0: 3 0x80009d70 (0x00006f17) x30 0x8000fd70
core   0: 0x80009d74 (0x283f2823) sw      gp, 656(t5)
core   0: 3 0x80009d74 (0x283f2823) mem 0x80010000 0x00000001
core   0: 0x80009d78 (0xff9ff06f) j       pc - 0x8
core   0: 3 0x80009d78 (0xff9ff06f)
core   0: 0x80009d70 (0x00006f17) auipc   t5, 0x6
core   0: 3 0x80009d70 (0x00006f17) x30 0x8000fd70
core   0: 0x80009d74 (0x283f2823) sw      gp, 656(t5)
core   0: 3 0x80009d74 (0x283f2823) mem 0x80010000 0x00000001
core   0: 0x80009d78 (0xff9ff06f) j       pc - 0x8
core   0: 3 0x80009d78 (0xff9ff06f)
core   0: 0x80009d70 (0x00006f17) auipc   t5, 0x6
core   0: 3 0x80009d70 (0x00006f17) x30 0x8000fd70
core   0: 0x80009d74 (0x283f2823) sw      gp, 656(t5)
core   0: 3 0x80009d74 (0x283f2823) mem 0x80010000 0x00000001
core   0: 0x80009d78 (0xff9ff06f) j       pc - 0x8
core   0: 3 0x80009d78 (0xff9ff06f)
core   0: 0x80009d70 (0x00006f17) auipc   t5, 0x6
core   0: 3 0x80009d70 (0x00006f17) x30 0x8000fd70
core   0: 0x80009d74 (0x283f2823) sw      gp, 656(t5)
core   0: 3 0x80009d74 (0x283f2823) mem 0x80010000 0x00000001
core   0: 0x80009d78 (0xff9ff06f) j       pc - 0x8
core   0: 3 0x80009d78 (0xff9ff06f)
core   0: 0x80009d70 (0x00006f17) auipc   t5, 0x6
core   0: 3 0x80009d70 (0x00006f17) x30 0x8000fd70
core   0: 0x80009d74 (0x283f2823) sw      gp, 656(t5)
core   0: 3 0x80009d74 (0x283f2823) mem 0x80010000 0x00000001
core   0: 0x80009d78 (0xff9ff06f) j       pc - 0x8
core   0: 3 0x80009d78 (0xff9ff06f)
core   0: 0x80009d70 (0x00006f17) auipc   t5, 0x6
core   0: 3 0x80009d70 (0x00006f17) x30 0x8000fd70
core   0: 0x80009d74 (0x283f2823) sw      gp, 656(t5)
core   0: 3 0x80009d74 (0x283f2823) mem 0x80010000 0x00000001
core   0: 0x80009d78 (0xff9ff06f) j       pc - 0x8
core   0: 3 0x80009d78 (0xff9ff06f)
core   0: 0x80009d70 (0x00006f17) auipc   t5, 0x6
core   0: 3 0x80009d70 (0x00006f17) x30 0x8000fd70
core   0: 0x80009d74 (0x283f2823) sw      gp, 656(t5)
core   0: 3 0x80009d74 (0x283f2823) mem 0x80010000 0x00000001
core   0: 0x80009d78 (0xff9ff06f) j       pc - 0x8
core   0: 3 0x80009d78 (0xff9ff06f)
core   0: 0x80009d70 (0x00006f17) auipc   t5, 0x6
core   0: 3 0x80009d70 (0x00006f17) x30 0x8000fd70
core   0: 0x80009d74 (0x283f2823) sw      gp, 656(t5)
core   0: 3 0x80009d74 (0x283f2823) mem 0x80010000 0x00000001
core   0: 0x80009d78 (0xff9ff06f) j       pc - 0x8
core   0: 3 0x80009d78 (0xff9ff06f)
core   0: 0x80009d70 (0x00006f17) auipc   t5, 0x6
core   0: 3 0x80009d70 (0x00006f17) x30 0x8000fd70
core   0: 0x80009d74 (0x283f2823) sw      gp, 656(t5)
core   0: 3 0x80009d74 (0x283f2823) mem 0x80010000 0x00000001
core   0: 0x80009d78 (0xff9ff06f) j       pc - 0x8
core   0: 3 0x80009d78 (0xff9ff06f)
core   0: 0x80009d70 (0x00006f17) auipc   t5, 0x6
core   0: 3 0x80009d70 (0x00006f17) x30 0x8000fd70
core   0: 0x80009d74 (0x283f2823) sw      gp, 656(t5)
core   0: 3 0x80009d74 (0x283f2823) mem 0x80010000 0x00000001
core   0: 0x80009d78 (0xff9ff06f) j       pc - 0x8
core   0: 3 0x80009d78 (0xff9ff06f)
core   0: 0x80009d70 (0x00006f17) auipc   t5, 0x6
core   0: 3 0x80009d70 (0x00006f17) x30 0x8000fd70
core   0: 0x80009d74 (0x283f2823) sw      gp, 656(t5)
core   0: 3 0x80009d74 (0x283f2823) mem 0x80010000 0x00000001
core   0: 0x80009d78 (0xff9ff06f) j       pc - 0x8
core   0: 3 0x80009d78 (0xff9ff06f)
core   0: 0x80009d70 (0x00006f17) auipc   t5, 0x6
core   0: 3 0x80009d70 (0x00006f17) x30 0x8000fd70
core   0: 0x80009d74 (0x283f2823) sw      gp, 656(t5)
core   0: 3 0x80009d74 (0x283f2823) mem 0x80010000 0x00000001
core   0: 0x80009d78 (0xff9ff06f) j       pc - 0x8
core   0: 3 0x80009d78 (0xff9ff06f)
core   0: 0x80009d70 (0x00006f17) auipc   t5, 0x6
core   0: 3 0x80009d70 (0x00006f17) x30 0x8000fd70
core   0: 0x80009d74 (0x283f2823) sw      gp, 656(t5)
core   0: 3 0x80009d74 (0x283f2823) mem 0x80010000 0x00000001
core   0: 0x80009d78 (0xff9ff06f) j       pc - 0x8
core   0: 3 0x80009d78 (0xff9ff06f)
core   0: 0x80009d70 (0x00006f17) auipc   t5, 0x6
core   0: 3 0x80009d70 (0x00006f17) x30 0x8000fd70
core   0: 0x80009d74 (0x283f2823) sw      gp, 656(t5)
core   0: 3 0x80009d74 (0x283f2823) mem 0x80010000 0x00000001
core   0: 0x80009d78 (0xff9ff06f) j       pc - 0x8
core   0: 3 0x80009d78 (0xff9ff06f)
core   0: 0x80009d70 (0x00006f17) auipc   t5, 0x6
core   0: 3 0x80009d70 (0x00006f17) x30 0x8000fd70
core   0: 0x80009d74 (0x283f2823) sw      gp, 656(t5)
core   0: 3 0x80009d74 (0x283f2823) mem 0x80010000 0x00000001
core   0: 0x80009d78 (0xff9ff06f) j       pc - 0x8
core   0: 3 0x80009d78 (0xff9ff06f)
core   0: 0x80009d70 (0x00006f17) auipc   t5, 0x6
core   0: 3 0x80009d70 (0x00006f17) x30 0x8000fd70
core   0: 0x80009d74 (0x283f2823) sw      gp, 656(t5)
core   0: 3 0x80009d74 (0x283f2823) mem 0x80010000 0x00000001
core   0: 0x80009d78 (0xff9ff06f) j       pc - 0x8
core   0: 3 0x80009d78 (0xff9ff06f)
core   0: 0x80009d70 (0x00006f17) auipc   t5, 0x6
core   0: 3 0x80009d70 (0x00006f17) x30 0x8000fd70
core   0: 0x80009d74 (0x283f2823) sw      gp, 656(t5)
core   0: 3 0x80009d74 (0x283f2823) mem 0x80010000 0x00000001
core   0: 0x80009d78 (0xff9ff06f) j       pc - 0x8
core   0: 3 0x80009d78 (0xff9ff06f)
core   0: 0x80009d70 (0x00006f17) auipc   t5, 0x6
core   0: 3 0x80009d70 (0x00006f17) x30 0x8000fd70
core   0: 0x80009d74 (0x283f2823) sw      gp, 656(t5)
core   0: 3 0x80009d74 (0x283f2823) mem 0x80010000 0x00000001
core   0: 0x80009d78 (0xff9ff06f) j       pc - 0x8
core   0: 3 0x80009d78 (0xff9ff06f)
core   0: 0x80009d70 (0x00006f17) auipc   t5, 0x6
core   0: 3 0x80009d70 (0x00006f17) x30 0x8000fd70
core   0: 0x80009d74 (0x283f2823) sw      gp, 656(t5)
core   0: 3 0x80009d74 (0x283f2823) mem 0x80010000 0x00000001
core   0: 0x80009d78 (0xff9ff06f) j       pc - 0x8
core   0: 3 0x80009d78 (0xff9ff06f)
core   0: 0x80009d70 (0x00006f17) auipc   t5, 0x6
core   0: 3 0x80009d70 (0x00006f17) x30 0x8000fd70
core   0: 0x80009d74 (0x283f2823) sw      gp, 656(t5)
core   0: 3 0x80009d74 (0x283f2823) mem 0x80010000 0x00000001
core   0: 0x80009d78 (0xff9ff06f) j       pc - 0x8
core   0: 3 0x80009d78 (0xff9ff06f)
core   0: 0x80009d70 (0x00006f17) auipc   t5, 0x6
core   0: 3 0x80009d70 (0x00006f17) x30 0x8000fd70
core   0: 0x80009d74 (0x283f2823) sw      gp, 656(t5)
core   0: 3 0x80009d74 (0x283f2823) mem 0x80010000 0x00000001
core   0: 0x80009d78 (0xff9ff06f) j       pc - 0x8
core   0: 3 0x80009d78 (0xff9ff06f)
core   0: 0x80009d70 (0x00006f17) auipc   t5, 0x6
core   0: 3 0x80009d70 (0x00006f17) x30 0x8000fd70
core   0: 0x80009d74 (0x283f2823) sw      gp, 656(t5)
core   0: 3 0x80009d74 (0x283f2823) mem 0x80010000 0x00000001
core   0: 0x80009d78 (0xff9ff06f) j       pc - 0x8
core   0: 3 0x80009d78 (0xff9ff06f)
core   0: 0x80009d70 (0x00006f17) auipc   t5, 0x6
core   0: 3 0x80009d70 (0x00006f17) x30 0x8000fd70
core   0: 0x80009d74 (0x283f2823) sw      gp, 656(t5)
core   0: 3 0x80009d74 (0x283f2823) mem 0x80010000 0x00000001
core   0: 0x80009d78 (0xff9ff06f) j       pc - 0x8
core   0: 3 0x80009d78 (0xff9ff06f)
core   0: 0x80009d70 (0x00006f17) auipc   t5, 0x6
core   0: 3 0x80009d70 (0x00006f17) x30 0x8000fd70
core   0: 0x80009d74 (0x283f2823) sw      gp, 656(t5)
core   0: 3 0x80009d74 (0x283f2823) mem 0x80010000 0x00000001
core   0: 0x80009d78 (0xff9ff06f) j       pc - 0x8
core   0: 3 0x80009d78 (0xff9ff06f)
core   0: 0x80009d70 (0x00006f17) auipc   t5, 0x6
core   0: 3 0x80009d70 (0x00006f17) x30 0x8000fd70
core   0: 0x80009d74 (0x283f2823) sw      gp, 656(t5)
core   0: 3 0x80009d74 (0x283f2823) mem 0x80010000 0x00000001
core   0: 0x80009d78 (0xff9ff06f) j       pc - 0x8
core   0: 3 0x80009d78 (0xff9ff06f)
core   0: 0x80009d70 (0x00006f17) auipc   t5, 0x6
core   0: 3 0x80009d70 (0x00006f17) x30 0x8000fd70
core   0: 0x80009d74 (0x283f2823) sw      gp, 656(t5)
core   0: 3 0x80009d74 (0x283f2823) mem 0x80010000 0x00000001
core   0: 0x80009d78 (0xff9ff06f) j       pc - 0x8
core   0: 3 0x80009d78 (0xff9ff06f)
core   0: 0x80009d70 (0x00006f17) auipc   t5, 0x6
core   0: 3 0x80009d70 (0x00006f17) x30 0x8000fd70
core   0: 0x80009d74 (0x283f2823) sw      gp, 656(t5)
core   0: 3 0x80009d74 (0x283f2823) mem 0x80010000 0x00000001
core   0: 0x80009d78 (0xff9ff06f) j       pc - 0x8
core   0: 3 0x80009d78 (0xff9ff06f)
core   0: 0x80009d70 (0x00006f17) auipc   t5, 0x6
core   0: 3 0x80009d70 (0x00006f17) x30 0x8000fd70
core   0: 0x80009d74 (0x283f2823) sw      gp, 656(t5)
core   0: 3 0x80009d74 (0x283f2823) mem 0x80010000 0x00000001
core   0: 0x80009d78 (0xff9ff06f) j       pc - 0x8
core   0: 3 0x80009d78 (0xff9ff06f)
core   0: 0x80009d70 (0x00006f17) auipc   t5, 0x6
core   0: 3 0x80009d70 (0x00006f17) x30 0x8000fd70
core   0: 0x80009d74 (0x283f2823) sw      gp, 656(t5)
core   0: 3 0x80009d74 (0x283f2823) mem 0x80010000 0x00000001
core   0: 0x80009d78 (0xff9ff06f) j       pc - 0x8
core   0: 3 0x80009d78 (0xff9ff06f)
core   0: 0x80009d70 (0x00006f17) auipc   t5, 0x6
core   0: 3 0x80009d70 (0x00006f17) x30 0x8000fd70
core   0: 0x80009d74 (0x283f2823) sw      gp, 656(t5)
core   0: 3 0x80009d74 (0x283f2823) mem 0x80010000 0x00000001
core   0: 0x80009d78 (0xff9ff06f) j       pc - 0x8
core   0: 3 0x80009d78 (0xff9ff06f)
core   0: 0x80009d70 (0x00006f17) auipc   t5, 0x6
core   0: 3 0x80009d70 (0x00006f17) x30 0x8000fd70
core   0: 0x80009d74 (0x283f2823) sw      gp, 656(t5)
core   0: 3 0x80009d74 (0x283f2823) mem 0x80010000 0x00000001
core   0: 0x80009d78 (0xff9ff06f) j       pc - 0x8
core   0: 3 0x80009d78 (0xff9ff06f)
core   0: 0x80009d70 (0x00006f17) auipc   t5, 0x6
core   0: 3 0x80009d70 (0x00006f17) x30 0x8000fd70
core   0: 0x80009d74 (0x283f2823) sw      gp, 656(t5)
core   0: 3 0x80009d74 (0x283f2823) mem 0x80010000 0x00000001
core   0: 0x80009d78 (0xff9ff06f) j       pc - 0x8
core   0: 3 0x80009d78 (0xff9ff06f)
core   0: 0x80009d70 (0x00006f17) auipc   t5, 0x6
core   0: 3 0x80009d70 (0x00006f17) x30 0x8000fd70
core   0: 0x80009d74 (0x283f2823) sw      gp, 656(t5)
core   0: 3 0x80009d74 (0x283f2823) mem 0x80010000 0x00000001
core   0: 0x80009d78 (0xff9ff06f) j       pc - 0x8
core   0: 3 0x80009d78 (0xff9ff06f)
core   0: 0x80009d70 (0x00006f17) auipc   t5, 0x6
core   0: 3 0x80009d70 (0x00006f17) x30 0x8000fd70
core   0: 0x80009d74 (0x283f2823) sw      gp, 656(t5)
core   0: 3 0x80009d74 (0x283f2823) mem 0x80010000 0x00000001
core   0: 0x80009d78 (0xff9ff06f) j       pc - 0x8
core   0: 3 0x80009d78 (0xff9ff06f)
core   0: 0x80009d70 (0x00006f17) auipc   t5, 0x6
core   0: 3 0x80009d70 (0x00006f17) x30 0x8000fd70
core   0: 0x80009d74 (0x283f2823) sw      gp, 656(t5)
core   0: 3 0x80009d74 (0x283f2823) mem 0x80010000 0x00000001
core   0: 0x80009d78 (0xff9ff06f) j       pc - 0x8
core   0: 3 0x80009d78 (0xff9ff06f)
core   0: 0x80009d70 (0x00006f17) auipc   t5, 0x6
core   0: 3 0x80009d70 (0x00006f17) x30 0x8000fd70
core   0: 0x80009d74 (0x283f2823) sw      gp, 656(t5)
core   0: 3 0x80009d74 (0x283f2823) mem 0x80010000 0x00000001
core   0: 0x80009d78 (0xff9ff06f) j       pc - 0x8
core   0: 3 0x80009d78 (0xff9ff06f)
core   0: 0x80009d70 (0x00006f17) auipc   t5, 0x6
core   0: 3 0x80009d70 (0x00006f17) x30 0x8000fd70
core   0: 0x80009d74 (0x283f2823) sw      gp, 656(t5)
core   0: 3 0x80009d74 (0x283f2823) mem 0x80010000 0x00000001
core   0: 0x80009d78 (0xff9ff06f) j       pc - 0x8
core   0: 3 0x80009d78 (0xff9ff06f)
core   0: 0x80009d70 (0x00006f17) auipc   t5, 0x6
core   0: 3 0x80009d70 (0x00006f17) x30 0x8000fd70
core   0: 0x80009d74 (0x283f2823) sw      gp, 656(t5)
core   0: 3 0x80009d74 (0x283f2823) mem 0x80010000 0x00000001
core   0: 0x80009d78 (0xff9ff06f) j       pc - 0x8
core   0: 3 0x80009d78 (0xff9ff06f)
core   0: 0x80009d70 (0x00006f17) auipc   t5, 0x6
core   0: 3 0x80009d70 (0x00006f17) x30 0x8000fd70
core   0: 0x80009d74 (0x283f2823) sw      gp, 656(t5)
core   0: 3 0x80009d74 (0x283f2823) mem 0x80010000 0x00000001
core   0: 0x80009d78 (0xff9ff06f) j       pc - 0x8
core   0: 3 0x80009d78 (0xff9ff06f)
core   0: 0x80009d70 (0x00006f17) auipc   t5, 0x6
core   0: 3 0x80009d70 (0x00006f17) x30 0x8000fd70
core   0: 0x80009d74 (0x283f2823) sw      gp, 656(t5)
core   0: 3 0x80009d74 (0x283f2823) mem 0x80010000 0x00000001
core   0: 0x80009d78 (0xff9ff06f) j       pc - 0x8
core   0: 3 0x80009d78 (0xff9ff06f)
core   0: 0x80009d70 (0x00006f17) auipc   t5, 0x6
core   0: 3 0x80009d70 (0x00006f17) x30 0x8000fd70
core   0: 0x80009d74 (0x283f2823) sw      gp, 656(t5)
core   0: 3 0x80009d74 (0x283f2823) mem 0x80010000 0x00000001
core   0: 0x80009d78 (0xff9ff06f) j       pc - 0x8
core   0: 3 0x80009d78 (0xff9ff06f)
core   0: 0x80009d70 (0x00006f17) auipc   t5, 0x6
core   0: 3 0x80009d70 (0x00006f17) x30 0x8000fd70
core   0: 0x80009d74 (0x283f2823) sw      gp, 656(t5)
core   0: 3 0x80009d74 (0x283f2823) mem 0x80010000 0x00000001
core   0: 0x80009d78 (0xff9ff06f) j       pc - 0x8
core   0: 3 0x80009d78 (0xff9ff06f)
core   0: 0x80009d70 (0x00006f17) auipc   t5, 0x6
core   0: 3 0x80009d70 (0x00006f17) x30 0x8000fd70
core   0: 0x80009d74 (0x283f2823) sw      gp, 656(t5)
core   0: 3 0x80009d74 (0x283f2823) mem 0x80010000 0x00000001
core   0: 0x80009d78 (0xff9ff06f) j       pc - 0x8
core   0: 3 0x80009d78 (0xff9ff06f)
core   0: 0x80009d70 (0x00006f17) auipc   t5, 0x6
core   0: 3 0x80009d70 (0x00006f17) x30 0x8000fd70
core   0: 0x80009d74 (0x283f2823) sw      gp, 656(t5)
core   0: 3 0x80009d74 (0x283f2823) mem 0x80010000 0x00000001
core   0: 0x80009d78 (0xff9ff06f) j       pc - 0x8
core   0: 3 0x80009d78 (0xff9ff06f)
core   0: 0x80009d70 (0x00006f17) auipc   t5, 0x6
core   0: 3 0x80009d70 (0x00006f17) x30 0x8000fd70
core   0: 0x80009d74 (0x283f2823) sw      gp, 656(t5)
core   0: 3 0x80009d74 (0x283f2823) mem 0x80010000 0x00000001
core   0: 0x80009d78 (0xff9ff06f) j       pc - 0x8
core   0: 3 0x80009d78 (0xff9ff06f)
core   0: 0x80009d70 (0x00006f17) auipc   t5, 0x6
core   0: 3 0x80009d70 (0x00006f17) x30 0x8000fd70
core   0: 0x80009d74 (0x283f2823) sw      gp, 656(t5)
core   0: 3 0x80009d74 (0x283f2823) mem 0x80010000 0x00000001
core   0: 0x80009d78 (0xff9ff06f) j       pc - 0x8
core   0: 3 0x80009d78 (0xff9ff06f)
core   0: 0x80009d70 (0x00006f17) auipc   t5, 0x6
core   0: 3 0x80009d70 (0x00006f17) x30 0x8000fd70
core   0: 0x80009d74 (0x283f2823) sw      gp, 656(t5)
core   0: 3 0x80009d74 (0x283f2823) mem 0x80010000 0x00000001
core   0: 0x80009d78 (0xff9ff06f) j       pc - 0x8
core   0: 3 0x80009d78 (0xff9ff06f)
core   0: 0x80009d70 (0x00006f17) auipc   t5, 0x6
core   0: 3 0x80009d70 (0x00006f17) x30 0x8000fd70
core   0: 0x80009d74 (0x283f2823) sw      gp, 656(t5)
core   0: 3 0x80009d74 (0x283f2823) mem 0x80010000 0x00000001
core   0: 0x80009d78 (0xff9ff06f) j       pc - 0x8
core   0: 3 0x80009d78 (0xff9ff06f)
core   0: 0x80009d70 (0x00006f17) auipc   t5, 0x6
core   0: 3 0x80009d70 (0x00006f17) x30 0x8000fd70
core   0: 0x80009d74 (0x283f2823) sw      gp, 656(t5)
core   0: 3 0x80009d74 (0x283f2823) mem 0x80010000 0x00000001
core   0: 0x80009d78 (0xff9ff06f) j       pc - 0x8
core   0: 3 0x80009d78 (0xff9ff06f)
core   0: 0x80009d70 (0x00006f17) auipc   t5, 0x6
core   0: 3 0x80009d70 (0x00006f17) x30 0x8000fd70
core   0: 0x80009d74 (0x283f2823) sw      gp, 656(t5)
core   0: 3 0x80009d74 (0x283f2823) mem 0x80010000 0x00000001
core   0: 0x80009d78 (0xff9ff06f) j       pc - 0x8
core   0: 3 0x80009d78 (0xff9ff06f)
core   0: 0x80009d70 (0x00006f17) auipc   t5, 0x6
core   0: 3 0x80009d70 (0x00006f17) x30 0x8000fd70
core   0: 0x80009d74 (0x283f2823) sw      gp, 656(t5)
core   0: 3 0x80009d74 (0x283f2823) mem 0x80010000 0x00000001
core   0: 0x80009d78 (0xff9ff06f) j       pc - 0x8
core   0: 3 0x80009d78 (0xff9ff06f)
core   0: 0x80009d70 (0x00006f17) auipc   t5, 0x6
core   0: 3 0x80009d70 (0x00006f17) x30 0x8000fd70
core   0: 0x80009d74 (0x283f2823) sw      gp, 656(t5)
core   0: 3 0x80009d74 (0x283f2823) mem 0x80010000 0x00000001
core   0: 0x80009d78 (0xff9ff06f) j       pc - 0x8
core   0: 3 0x80009d78 (0xff9ff06f)
core   0: 0x80009d70 (0x00006f17) auipc   t5, 0x6
core   0: 3 0x80009d70 (0x00006f17) x30 0x8000fd70
core   0: 0x80009d74 (0x283f2823) sw      gp, 656(t5)
core   0: 3 0x80009d74 (0x283f2823) mem 0x80010000 0x00000001
core   0: 0x80009d78 (0xff9ff06f) j       pc - 0x8
core   0: 3 0x80009d78 (0xff9ff06f)
core   0: 0x80009d70 (0x00006f17) auipc   t5, 0x6
core   0: 3 0x80009d70 (0x00006f17) x30 0x8000fd70
core   0: 0x80009d74 (0x283f2823) sw      gp, 656(t5)
core   0: 3 0x80009d74 (0x283f2823) mem 0x80010000 0x00000001
core   0: 0x80009d78 (0xff9ff06f) j       pc - 0x8
core   0: 3 0x80009d78 (0xff9ff06f)
core   0: 0x80009d70 (0x00006f17) auipc   t5, 0x6
core   0: 3 0x80009d70 (0x00006f17) x30 0x8000fd70
core   0: 0x80009d74 (0x283f2823) sw      gp, 656(t5)
core   0: 3 0x80009d74 (0x283f2823) mem 0x80010000 0x00000001
core   0: 0x80009d78 (0xff9ff06f) j       pc - 0x8
core   0: 3 0x80009d78 (0xff9ff06f)
core   0: 0x80009d70 (0x00006f17) auipc   t5, 0x6
core   0: 3 0x80009d70 (0x00006f17) x30 0x8000fd70
core   0: 0x80009d74 (0x283f2823) sw      gp, 656(t5)
core   0: 3 0x80009d74 (0x283f2823) mem 0x80010000 0x00000001
core   0: 0x80009d78 (0xff9ff06f) j       pc - 0x8
core   0: 3 0x80009d78 (0xff9ff06f)
core   0: 0x80009d70 (0x00006f17) auipc   t5, 0x6
core   0: 3 0x80009d70 (0x00006f17) x30 0x8000fd70
core   0: 0x80009d74 (0x283f2823) sw      gp, 656(t5)
core   0: 3 0x80009d74 (0x283f2823) mem 0x80010000 0x00000001
core   0: 0x80009d78 (0xff9ff06f) j       pc - 0x8
core   0: 3 0x80009d78 (0xff9ff06f)
core   0: 0x80009d70 (0x00006f17) auipc   t5, 0x6
core   0: 3 0x80009d70 (0x00006f17) x30 0x8000fd70
core   0: 0x80009d74 (0x283f2823) sw      gp, 656(t5)
core   0: 3 0x80009d74 (0x283f2823) mem 0x80010000 0x00000001
core   0: 0x80009d78 (0xff9ff06f) j       pc - 0x8
core   0: 3 0x80009d78 (0xff9ff06f)
core   0: 0x80009d70 (0x00006f17) auipc   t5, 0x6
core   0: 3 0x80009d70 (0x00006f17) x30 0x8000fd70
core   0: 0x80009d74 (0x283f2823) sw      gp, 656(t5)
core   0: 3 0x80009d74 (0x283f2823) mem 0x80010000 0x00000001
core   0: 0x80009d78 (0xff9ff06f) j       pc - 0x8
core   0: 3 0x80009d78 (0xff9ff06f)
core   0: 0x80009d70 (0x00006f17) auipc   t5, 0x6
core   0: 3 0x80009d70 (0x00006f17) x30 0x8000fd70
core   0: 0x80009d74 (0x283f2823) sw      gp, 656(t5)
core   0: 3 0x80009d74 (0x283f2823) mem 0x80010000 0x00000001
core   0: 0x80009d78 (0xff9ff06f) j       pc - 0x8
core   0: 3 0x80009d78 (0xff9ff06f)
core   0: 0x80009d70 (0x00006f17) auipc   t5, 0x6
core   0: 3 0x80009d70 (0x00006f17) x30 0x8000fd70
core   0: 0x80009d74 (0x283f2823) sw      gp, 656(t5)
core   0: 3 0x80009d74 (0x283f2823) mem 0x80010000 0x00000001
core   0: 0x80009d78 (0xff9ff06f) j       pc - 0x8
core   0: 3 0x80009d78 (0xff9ff06f)
core   0: 0x80009d70 (0x00006f17) auipc   t5, 0x6
core   0: 3 0x80009d70 (0x00006f17) x30 0x8000fd70
core   0: 0x80009d74 (0x283f2823) sw      gp, 656(t5)
core   0: 3 0x80009d74 (0x283f2823) mem 0x80010000 0x00000001
core   0: 0x80009d78 (0xff9ff06f) j       pc - 0x8
core   0: 3 0x80009d78 (0xff9ff06f)
core   0: 0x80009d70 (0x00006f17) auipc   t5, 0x6
core   0: 3 0x80009d70 (0x00006f17) x30 0x8000fd70
core   0: 0x80009d74 (0x283f2823) sw      gp, 656(t5)
core   0: 3 0x80009d74 (0x283f2823) mem 0x80010000 0x00000001
core   0: 0x80009d78 (0xff9ff06f) j       pc - 0x8
core   0: 3 0x80009d78 (0xff9ff06f)
core   0: 0x80009d70 (0x00006f17) auipc   t5, 0x6
core   0: 3 0x80009d70 (0x00006f17) x30 0x8000fd70
core   0: 0x80009d74 (0x283f2823) sw      gp, 656(t5)
core   0: 3 0x80009d74 (0x283f2823) mem 0x80010000 0x00000001
core   0: 0x80009d78 (0xff9ff06f) j       pc - 0x8
core   0: 3 0x80009d78 (0xff9ff06f)
core   0: 0x80009d70 (0x00006f17) auipc   t5, 0x6
core   0: 3 0x80009d70 (0x00006f17) x30 0x8000fd70
core   0: 0x80009d74 (0x283f2823) sw      gp, 656(t5)
core   0: 3 0x80009d74 (0x283f2823) mem 0x80010000 0x00000001
core   0: 0x80009d78 (0xff9ff06f) j       pc - 0x8
core   0: 3 0x80009d78 (0xff9ff06f)
core   0: 0x80009d70 (0x00006f17) auipc   t5, 0x6
core   0: 3 0x80009d70 (0x00006f17) x30 0x8000fd70
core   0: 0x80009d74 (0x283f2823) sw      gp, 656(t5)
core   0: 3 0x80009d74 (0x283f2823) mem 0x80010000 0x00000001
core   0: 0x80009d78 (0xff9ff06f) j       pc - 0x8
core   0: 3 0x80009d78 (0xff9ff06f)
core   0: 0x80009d70 (0x00006f17) auipc   t5, 0x6
core   0: 3 0x80009d70 (0x00006f17) x30 0x8000fd70
core   0: 0x80009d74 (0x283f2823) sw      gp, 656(t5)
core   0: 3 0x80009d74 (0x283f2823) mem 0x80010000 0x00000001
core   0: 0x80009d78 (0xff9ff06f) j       pc - 0x8
core   0: 3 0x80009d78 (0xff9ff06f)
core   0: 0x80009d70 (0x00006f17) auipc   t5, 0x6
core   0: 3 0x80009d70 (0x00006f17) x30 0x8000fd70
core   0: 0x80009d74 (0x283f2823) sw      gp, 656(t5)
core   0: 3 0x80009d74 (0x283f2823) mem 0x80010000 0x00000001
core   0: 0x80009d78 (0xff9ff06f) j       pc - 0x8
core   0: 3 0x80009d78 (0xff9ff06f)
core   0: 0x80009d70 (0x00006f17) auipc   t5, 0x6
core   0: 3 0x80009d70 (0x00006f17) x30 0x8000fd70
core   0: 0x80009d74 (0x283f2823) sw      gp, 656(t5)
core   0: 3 0x80009d74 (0x283f2823) mem 0x80010000 0x00000001
core   0: 0x80009d78 (0xff9ff06f) j       pc - 0x8
core   0: 3 0x80009d78 (0xff9ff06f)
core   0: 0x80009d70 (0x00006f17) auipc   t5, 0x6
core   0: 3 0x80009d70 (0x00006f17) x30 0x8000fd70
core   0: 0x80009d74 (0x283f2823) sw      gp, 656(t5)
core   0: 3 0x80009d74 (0x283f2823) mem 0x80010000 0x00000001
core   0: 0x80009d78 (0xff9ff06f) j       pc - 0x8
core   0: 3 0x80009d78 (0xff9ff06f)
core   0: 0x80009d70 (0x00006f17) auipc   t5, 0x6
core   0: 3 0x80009d70 (0x00006f17) x30 0x8000fd70
core   0: 0x80009d74 (0x283f2823) sw      gp, 656(t5)
core   0: 3 0x80009d74 (0x283f2823) mem 0x80010000 0x00000001
core   0: 0x80009d78 (0xff9ff06f) j       pc - 0x8
core   0: 3 0x80009d78 (0xff9ff06f)
core   0: 0x80009d70 (0x00006f17) auipc   t5, 0x6
core   0: 3 0x80009d70 (0x00006f17) x30 0x8000fd70
core   0: 0x80009d74 (0x283f2823) sw      gp, 656(t5)
core   0: 3 0x80009d74 (0x283f2823) mem 0x80010000 0x00000001
core   0: 0x80009d78 (0xff9ff06f) j       pc - 0x8
core   0: 3 0x80009d78 (0xff9ff06f)
core   0: 0x80009d70 (0x00006f17) auipc   t5, 0x6
core   0: 3 0x80009d70 (0x00006f17) x30 0x8000fd70
core   0: 0x80009d74 (0x283f2823) sw      gp, 656(t5)
core   0: 3 0x80009d74 (0x283f2823) mem 0x80010000 0x00000001
core   0: 0x80009d78 (0xff9ff06f) j       pc - 0x8
core   0: 3 0x80009d78 (0xff9ff06f)
core   0: 0x80009d70 (0x00006f17) auipc   t5, 0x6
core   0: 3 0x80009d70 (0x00006f17) x30 0x8000fd70
core   0: 0x80009d74 (0x283f2823) sw      gp, 656(t5)
core   0: 3 0x80009d74 (0x283f2823) mem 0x80010000 0x00000001
core   0: 0x80009d78 (0xff9ff06f) j       pc - 0x8
core   0: 3 0x80009d78 (0xff9ff06f)
core   0: 0x80009d70 (0x00006f17) auipc   t5, 0x6
core   0: 3 0x80009d70 (0x00006f17) x30 0x8000fd70
core   0: 0x80009d74 (0x283f2823) sw      gp, 656(t5)
core   0: 3 0x80009d74 (0x283f2823) mem 0x80010000 0x00000001
core   0: 0x80009d78 (0xff9ff06f) j       pc - 0x8
core   0: 3 0x80009d78 (0xff9ff06f)
core   0: 0x80009d70 (0x00006f17) auipc   t5, 0x6
core   0: 3 0x80009d70 (0x00006f17) x30 0x8000fd70
core   0: 0x80009d74 (0x283f2823) sw      gp, 656(t5)
core   0: 3 0x80009d74 (0x283f2823) mem 0x80010000 0x00000001
core   0: 0x80009d78 (0xff9ff06f) j       pc - 0x8
core   0: 3 0x80009d78 (0xff9ff06f)
core   0: 0x80009d70 (0x00006f17) auipc   t5, 0x6
core   0: 3 0x80009d70 (0x00006f17) x30 0x8000fd70
core   0: 0x80009d74 (0x283f2823) sw      gp, 656(t5)
core   0: 3 0x80009d74 (0x283f2823) mem 0x80010000 0x00000001
core   0: 0x80009d78 (0xff9ff06f) j       pc - 0x8
core   0: 3 0x80009d78 (0xff9ff06f)
core   0: 0x80009d70 (0x00006f17) auipc   t5, 0x6
core   0: 3 0x80009d70 (0x00006f17) x30 0x8000fd70
core   0: 0x80009d74 (0x283f2823) sw      gp, 656(t5)
core   0: 3 0x80009d74 (0x283f2823) mem 0x80010000 0x00000001
core   0: 0x80009d78 (0xff9ff06f) j       pc - 0x8
core   0: 3 0x80009d78 (0xff9ff06f)
core   0: 0x80009d70 (0x00006f17) auipc   t5, 0x6
core   0: 3 0x80009d70 (0x00006f17) x30 0x8000fd70
core   0: 0x80009d74 (0x283f2823) sw      gp, 656(t5)
core   0: 3 0x80009d74 (0x283f2823) mem 0x80010000 0x00000001
core   0: 0x80009d78 (0xff9ff06f) j       pc - 0x8
core   0: 3 0x80009d78 (0xff9ff06f)
core   0: 0x80009d70 (0x00006f17) auipc   t5, 0x6
core   0: 3 0x80009d70 (0x00006f17) x30 0x8000fd70
core   0: 0x80009d74 (0x283f2823) sw      gp, 656(t5)
core   0: 3 0x80009d74 (0x283f2823) mem 0x80010000 0x00000001
core   0: 0x80009d78 (0xff9ff06f) j       pc - 0x8
core   0: 3 0x80009d78 (0xff9ff06f)
core   0: 0x80009d70 (0x00006f17) auipc   t5, 0x6
core   0: 3 0x80009d70 (0x00006f17) x30 0x8000fd70
core   0: 0x80009d74 (0x283f2823) sw      gp, 656(t5)
core   0: 3 0x80009d74 (0x283f2823) mem 0x80010000 0x00000001
core   0: 0x80009d78 (0xff9ff06f) j       pc - 0x8
core   0: 3 0x80009d78 (0xff9ff06f)
core   0: 0x80009d70 (0x00006f17) auipc   t5, 0x6
core   0: 3 0x80009d70 (0x00006f17) x30 0x8000fd70
core   0: 0x80009d74 (0x283f2823) sw      gp, 656(t5)
core   0: 3 0x80009d74 (0x283f2823) mem 0x80010000 0x00000001
core   0: 0x80009d78 (0xff9ff06f) j       pc - 0x8
core   0: 3 0x80009d78 (0xff9ff06f)
core   0: 0x80009d70 (0x00006f17) auipc   t5, 0x6
core   0: 3 0x80009d70 (0x00006f17) x30 0x8000fd70
core   0: 0x80009d74 (0x283f2823) sw      gp, 656(t5)
core   0: 3 0x80009d74 (0x283f2823) mem 0x80010000 0x00000001
core   0: 0x80009d78 (0xff9ff06f) j       pc - 0x8
core   0: 3 0x80009d78 (0xff9ff06f)
core   0: 0x80009d70 (0x00006f17) auipc   t5, 0x6
core   0: 3 0x80009d70 (0x00006f17) x30 0x8000fd70
core   0: 0x80009d74 (0x283f2823) sw      gp, 656(t5)
core   0: 3 0x80009d74 (0x283f2823) mem 0x80010000 0x00000001
core   0: 0x80009d78 (0xff9ff06f) j       pc - 0x8
core   0: 3 0x80009d78 (0xff9ff06f)
core   0: 0x80009d70 (0x00006f17) auipc   t5, 0x6
core   0: 3 0x80009d70 (0x00006f17) x30 0x8000fd70
core   0: 0x80009d74 (0x283f2823) sw      gp, 656(t5)
core   0: 3 0x80009d74 (0x283f2823) mem 0x80010000 0x00000001
core   0: 0x80009d78 (0xff9ff06f) j       pc - 0x8
core   0: 3 0x80009d78 (0xff9ff06f)
core   0: 0x80009d70 (0x00006f17) auipc   t5, 0x6
core   0: 3 0x80009d70 (0x00006f17) x30 0x8000fd70
core   0: 0x80009d74 (0x283f2823) sw      gp, 656(t5)
core   0: 3 0x80009d74 (0x283f2823) mem 0x80010000 0x00000001
core   0: 0x80009d78 (0xff9ff06f) j       pc - 0x8
core   0: 3 0x80009d78 (0xff9ff06f)
core   0: 0x80009d70 (0x00006f17) auipc   t5, 0x6
core   0: 3 0x80009d70 (0x00006f17) x30 0x8000fd70
core   0: 0x80009d74 (0x283f2823) sw      gp, 656(t5)
core   0: 3 0x80009d74 (0x283f2823) mem 0x80010000 0x00000001
core   0: 0x80009d78 (0xff9ff06f) j       pc - 0x8
core   0: 3 0x80009d78 (0xff9ff06f)
core   0: 0x80009d70 (0x00006f17) auipc   t5, 0x6
core   0: 3 0x80009d70 (0x00006f17) x30 0x8000fd70
core   0: 0x80009d74 (0x283f2823) sw      gp, 656(t5)
core   0: 3 0x80009d74 (0x283f2823) mem 0x80010000 0x00000001
core   0: 0x80009d78 (0xff9ff06f) j       pc - 0x8
core   0: 3 0x80009d78 (0xff9ff06f)
core   0: 0x80009d70 (0x00006f17) auipc   t5, 0x6
core   0: 3 0x80009d70 (0x00006f17) x30 0x8000fd70
core   0: 0x80009d74 (0x283f2823) sw      gp, 656(t5)
core   0: 3 0x80009d74 (0x283f2823) mem 0x80010000 0x00000001
core   0: 0x80009d78 (0xff9ff06f) j       pc - 0x8
core   0: 3 0x80009d78 (0xff9ff06f)
core   0: 0x80009d70 (0x00006f17) auipc   t5, 0x6
core   0: 3 0x80009d70 (0x00006f17) x30 0x8000fd70
core   0: 0x80009d74 (0x283f2823) sw      gp, 656(t5)
core   0: 3 0x80009d74 (0x283f2823) mem 0x80010000 0x00000001
core   0: 0x80009d78 (0xff9ff06f) j       pc - 0x8
core   0: 3 0x80009d78 (0xff9ff06f)
core   0: 0x80009d70 (0x00006f17) auipc   t5, 0x6
core   0: 3 0x80009d70 (0x00006f17) x30 0x8000fd70
core   0: 0x80009d74 (0x283f2823) sw      gp, 656(t5)
core   0: 3 0x80009d74 (0x283f2823) mem 0x80010000 0x00000001
core   0: 0x80009d78 (0xff9ff06f) j       pc - 0x8
core   0: 3 0x80009d78 (0xff9ff06f)
core   0: 0x80009d70 (0x00006f17) auipc   t5, 0x6
core   0: 3 0x80009d70 (0x00006f17) x30 0x8000fd70
core   0: 0x80009d74 (0x283f2823) sw      gp, 656(t5)
core   0: 3 0x80009d74 (0x283f2823) mem 0x80010000 0x00000001
core   0: 0x80009d78 (0xff9ff06f) j       pc - 0x8
core   0: 3 0x80009d78 (0xff9ff06f)
core   0: 0x80009d70 (0x00006f17) auipc   t5, 0x6
core   0: 3 0x80009d70 (0x00006f17) x30 0x8000fd70
core   0: 0x80009d74 (0x283f2823) sw      gp, 656(t5)
core   0: 3 0x80009d74 (0x283f2823) mem 0x80010000 0x00000001
core   0: 0x80009d78 (0xff9ff06f) j       pc - 0x8
core   0: 3 0x80009d78 (0xff9ff06f)
core   0: 0x80009d70 (0x00006f17) auipc   t5, 0x6
core   0: 3 0x80009d70 (0x00006f17) x30 0x8000fd70
core   0: 0x80009d74 (0x283f2823) sw      gp, 656(t5)
core   0: 3 0x80009d74 (0x283f2823) mem 0x80010000 0x00000001
core   0: 0x80009d78 (0xff9ff06f) j       pc - 0x8
core   0: 3 0x80009d78 (0xff9ff06f)
core   0: 0x80009d70 (0x00006f17) auipc   t5, 0x6
core   0: 3 0x80009d70 (0x00006f17) x30 0x8000fd70
core   0: 0x80009d74 (0x283f2823) sw      gp, 656(t5)
core   0: 3 0x80009d74 (0x283f2823) mem 0x80010000 0x00000001
core   0: 0x80009d78 (0xff9ff06f) j       pc - 0x8
core   0: 3 0x80009d78 (0xff9ff06f)
core   0: 0x80009d70 (0x00006f17) auipc   t5, 0x6
core   0: 3 0x80009d70 (0x00006f17) x30 0x8000fd70
core   0: 0x80009d74 (0x283f2823) sw      gp, 656(t5)
core   0: 3 0x80009d74 (0x283f2823) mem 0x80010000 0x00000001
core   0: 0x80009d78 (0xff9ff06f) j       pc - 0x8
core   0: 3 0x80009d78 (0xff9ff06f)
core   0: 0x80009d70 (0x00006f17) auipc   t5, 0x6
core   0: 3 0x80009d70 (0x00006f17) x30 0x8000fd70
core   0: 0x80009d74 (0x283f2823) sw      gp, 656(t5)
core   0: 3 0x80009d74 (0x283f2823) mem 0x80010000 0x00000001
core   0: 0x80009d78 (0xff9ff06f) j       pc - 0x8
core   0: 3 0x80009d78 (0xff9ff06f)
core   0: 0x80009d70 (0x00006f17) auipc   t5, 0x6
core   0: 3 0x80009d70 (0x00006f17) x30 0x8000fd70
core   0: 0x80009d74 (0x283f2823) sw      gp, 656(t5)
core   0: 3 0x80009d74 (0x283f2823) mem 0x80010000 0x00000001
core   0: 0x80009d78 (0xff9ff06f) j       pc - 0x8
core   0: 3 0x80009d78 (0xff9ff06f)
core   0: 0x80009d70 (0x00006f17) auipc   t5, 0x6
core   0: 3 0x80009d70 (0x00006f17) x30 0x8000fd70
core   0: 0x80009d74 (0x283f2823) sw      gp, 656(t5)
core   0: 3 0x80009d74 (0x283f2823) mem 0x80010000 0x00000001
core   0: 0x80009d78 (0xff9ff06f) j       pc - 0x8
core   0: 3 0x80009d78 (0xff9ff06f)
core   0: 0x80009d70 (0x00006f17) auipc   t5, 0x6
core   0: 3 0x80009d70 (0x00006f17) x30 0x8000fd70
core   0: 0x80009d74 (0x283f2823) sw      gp, 656(t5)
core   0: 3 0x80009d74 (0x283f2823) mem 0x80010000 0x00000001
core   0: 0x80009d78 (0xff9ff06f) j       pc - 0x8
core   0: 3 0x80009d78 (0xff9ff06f)
core   0: 0x80009d70 (0x00006f17) auipc   t5, 0x6
core   0: 3 0x80009d70 (0x00006f17) x30 0x8000fd70
core   0: 0x80009d74 (0x283f2823) sw      gp, 656(t5)
core   0: 3 0x80009d74 (0x283f2823) mem 0x80010000 0x00000001
core   0: 0x80009d78 (0xff9ff06f) j       pc - 0x8
core   0: 3 0x80009d78 (0xff9ff06f)
core   0: 0x80009d70 (0x00006f17) auipc   t5, 0x6
core   0: 3 0x80009d70 (0x00006f17) x30 0x8000fd70
core   0: 0x80009d74 (0x283f2823) sw      gp, 656(t5)
core   0: 3 0x80009d74 (0x283f2823) mem 0x80010000 0x00000001
core   0: 0x80009d78 (0xff9ff06f) j       pc - 0x8
core   0: 3 0x80009d78 (0xff9ff06f)
core   0: 0x80009d70 (0x00006f17) auipc   t5, 0x6
core   0: 3 0x80009d70 (0x00006f17) x30 0x8000fd70
core   0: 0x80009d74 (0x283f2823) sw      gp, 656(t5)
core   0: 3 0x80009d74 (0x283f2823) mem 0x80010000 0x00000001
core   0: 0x80009d78 (0xff9ff06f) j       pc - 0x8
core   0: 3 0x80009d78 (0xff9ff06f)
core   0: 0x80009d70 (0x00006f17) auipc   t5, 0x6
core   0: 3 0x80009d70 (0x00006f17) x30 0x8000fd70
core   0: 0x80009d74 (0x283f2823) sw      gp, 656(t5)
core   0: 3 0x80009d74 (0x283f2823) mem 0x80010000 0x00000001
core   0: 0x80009d78 (0xff9ff06f) j       pc - 0x8
core   0: 3 0x80009d78 (0xff9ff06f)
core   0: 0x80009d70 (0x00006f17) auipc   t5, 0x6
core   0: 3 0x80009d70 (0x00006f17) x30 0x8000fd70
core   0: 0x80009d74 (0x283f2823) sw      gp, 656(t5)
core   0: 3 0x80009d74 (0x283f2823) mem 0x80010000 0x00000001
core   0: 0x80009d78 (0xff9ff06f) j       pc - 0x8
core   0: 3 0x80009d78 (0xff9ff06f)
core   0: 0x80009d70 (0x00006f17) auipc   t5, 0x6
core   0: 3 0x80009d70 (0x00006f17) x30 0x8000fd70
core   0: 0x80009d74 (0x283f2823) sw      gp, 656(t5)
core   0: 3 0x80009d74 (0x283f2823) mem 0x80010000 0x00000001
core   0: 0x80009d78 (0xff9ff06f) j       pc - 0x8
core   0: 3 0x80009d78 (0xff9ff06f)
core   0: 0x80009d70 (0x00006f17) auipc   t5, 0x6
core   0: 3 0x80009d70 (0x00006f17) x30 0x8000fd70
core   0: 0x80009d74 (0x283f2823) sw      gp, 656(t5)
core   0: 3 0x80009d74 (0x283f2823) mem 0x80010000 0x00000001
core   0: 0x80009d78 (0xff9ff06f) j       pc - 0x8
core   0: 3 0x80009d78 (0xff9ff06f)
core   0: 0x80009d70 (0x00006f17) auipc   t5, 0x6
core   0: 3 0x80009d70 (0x00006f17) x30 0x8000fd70
core   0: 0x80009d74 (0x283f2823) sw      gp, 656(t5)
core   0: 3 0x80009d74 (0x283f2823) mem 0x80010000 0x00000001
core   0: 0x80009d78 (0xff9ff06f) j       pc - 0x8
core   0: 3 0x80009d78 (0xff9ff06f)
core   0: 0x80009d70 (0x00006f17) auipc   t5, 0x6
core   0: 3 0x80009d70 (0x00006f17) x30 0x8000fd70
core   0: 0x80009d74 (0x283f2823) sw      gp, 656(t5)
core   0: 3 0x80009d74 (0x283f2823) mem 0x80010000 0x00000001
core   0: 0x80009d78 (0xff9ff06f) j       pc - 0x8
core   0: 3 0x80009d78 (0xff9ff06f)
core   0: 0x80009d70 (0x00006f17) auipc   t5, 0x6
core   0: 3 0x80009d70 (0x00006f17) x30 0x8000fd70
core   0: 0x80009d74 (0x283f2823) sw      gp, 656(t5)
core   0: 3 0x80009d74 (0x283f2823) mem 0x80010000 0x00000001
core   0: 0x80009d78 (0xff9ff06f) j       pc - 0x8
core   0: 3 0x80009d78 (0xff9ff06f)
core   0: 0x80009d70 (0x00006f17) auipc   t5, 0x6
core   0: 3 0x80009d70 (0x00006f17) x30 0x8000fd70
core   0: 0x80009d74 (0x283f2823) sw      gp, 656(t5)
core   0: 3 0x80009d74 (0x283f2823) mem 0x80010000 0x00000001
core   0: 0x80009d78 (0xff9ff06f) j       pc - 0x8
core   0: 3 0x80009d78 (0xff9ff06f)
core   0: 0x80009d70 (0x00006f17) auipc   t5, 0x6
core   0: 3 0x80009d70 (0x00006f17) x30 0x8000fd70
core   0: 0x80009d74 (0x283f2823) sw      gp, 656(t5)
core   0: 3 0x80009d74 (0x283f2823) mem 0x80010000 0x00000001
core   0: 0x80009d78 (0xff9ff06f) j       pc - 0x8
core   0: 3 0x80009d78 (0xff9ff06f)
core   0: 0x80009d70 (0x00006f17) auipc   t5, 0x6
core   0: 3 0x80009d70 (0x00006f17) x30 0x8000fd70
core   0: 0x80009d74 (0x283f2823) sw      gp, 656(t5)
core   0: 3 0x80009d74 (0x283f2823) mem 0x80010000 0x00000001
core   0: 0x80009d78 (0xff9ff06f) j       pc - 0x8
core   0: 3 0x80009d78 (0xff9ff06f)
core   0: 0x80009d70 (0x00006f17) auipc   t5, 0x6
core   0: 3 0x80009d70 (0x00006f17) x30 0x8000fd70
core   0: 0x80009d74 (0x283f2823) sw      gp, 656(t5)
core   0: 3 0x80009d74 (0x283f2823) mem 0x80010000 0x00000001
core   0: 0x80009d78 (0xff9ff06f) j       pc - 0x8
core   0: 3 0x80009d78 (0xff9ff06f)
core   0: 0x80009d70 (0x00006f17) auipc   t5, 0x6
core   0: 3 0x80009d70 (0x00006f17) x30 0x8000fd70
core   0: 0x80009d74 (0x283f2823) sw      gp, 656(t5)
core   0: 3 0x80009d74 (0x283f2823) mem 0x80010000 0x00000001
core   0: 0x80009d78 (0xff9ff06f) j       pc - 0x8
core   0: 3 0x80009d78 (0xff9ff06f)
core   0: 0x80009d70 (0x00006f17) auipc   t5, 0x6
core   0: 3 0x80009d70 (0x00006f17) x30 0x8000fd70
core   0: 0x80009d74 (0x283f2823) sw      gp, 656(t5)
core   0: 3 0x80009d74 (0x283f2823) mem 0x80010000 0x00000001
core   0: 0x80009d78 (0xff9ff06f) j       pc - 0x8
core   0: 3 0x80009d78 (0xff9ff06f)
core   0: 0x80009d70 (0x00006f17) auipc   t5, 0x6
core   0: 3 0x80009d70 (0x00006f17) x30 0x8000fd70
core   0: 0x80009d74 (0x283f2823) sw      gp, 656(t5)
core   0: 3 0x80009d74 (0x283f2823) mem 0x80010000 0x00000001
core   0: 0x80009d78 (0xff9ff06f) j       pc - 0x8
core   0: 3 0x80009d78 (0xff9ff06f)
core   0: 0x80009d70 (0x00006f17) auipc   t5, 0x6
core   0: 3 0x80009d70 (0x00006f17) x30 0x8000fd70
core   0: 0x80009d74 (0x283f2823) sw      gp, 656(t5)
core   0: 3 0x80009d74 (0x283f2823) mem 0x80010000 0x00000001
core   0: 0x80009d78 (0xff9ff06f) j       pc - 0x8
core   0: 3 0x80009d78 (0xff9ff06f)
core   0: 0x80009d70 (0x00006f17) auipc   t5, 0x6
core   0: 3 0x80009d70 (0x00006f17) x30 0x8000fd70
core   0: 0x80009d74 (0x283f2823) sw      gp, 656(t5)
core   0: 3 0x80009d74 (0x283f2823) mem 0x80010000 0x00000001
core   0: 0x80009d78 (0xff9ff06f) j       pc - 0x8
core   0: 3 0x80009d78 (0xff9ff06f)
core   0: 0x80009d70 (0x00006f17) auipc   t5, 0x6
core   0: 3 0x80009d70 (0x00006f17) x30 0x8000fd70
core   0: 0x80009d74 (0x283f2823) sw      gp, 656(t5)
core   0: 3 0x80009d74 (0x283f2823) mem 0x80010000 0x00000001
core   0: 0x80009d78 (0xff9ff06f) j       pc - 0x8
core   0: 3 0x80009d78 (0xff9ff06f)
core   0: 0x80009d70 (0x00006f17) auipc   t5, 0x6
core   0: 3 0x80009d70 (0x00006f17) x30 0x8000fd70
core   0: 0x80009d74 (0x283f2823) sw      gp, 656(t5)
core   0: 3 0x80009d74 (0x283f2823) mem 0x80010000 0x00000001
core   0: 0x80009d78 (0xff9ff06f) j       pc - 0x8
core   0: 3 0x80009d78 (0xff9ff06f)
core   0: 0x80009d70 (0x00006f17) auipc   t5, 0x6
core   0: 3 0x80009d70 (0x00006f17) x30 0x8000fd70
core   0: 0x80009d74 (0x283f2823) sw      gp, 656(t5)
core   0: 3 0x80009d74 (0x283f2823) mem 0x80010000 0x00000001
core   0: 0x80009d78 (0xff9ff06f) j       pc - 0x8
core   0: 3 0x80009d78 (0xff9ff06f)
core   0: 0x80009d70 (0x00006f17) auipc   t5, 0x6
core   0: 3 0x80009d70 (0x00006f17) x30 0x8000fd70
core   0: 0x80009d74 (0x283f2823) sw      gp, 656(t5)
core   0: 3 0x80009d74 (0x283f2823) mem 0x80010000 0x00000001
core   0: 0x80009d78 (0xff9ff06f) j       pc - 0x8
core   0: 3 0x80009d78 (0xff9ff06f)
core   0: 0x80009d70 (0x00006f17) auipc   t5, 0x6
core   0: 3 0x80009d70 (0x00006f17) x30 0x8000fd70
core   0: 0x80009d74 (0x283f2823) sw      gp, 656(t5)
core   0: 3 0x80009d74 (0x283f2823) mem 0x80010000 0x00000001
core   0: 0x80009d78 (0xff9ff06f) j       pc - 0x8
core   0: 3 0x80009d78 (0xff9ff06f)
core   0: 0x80009d70 (0x00006f17) auipc   t5, 0x6
core   0: 3 0x80009d70 (0x00006f17) x30 0x8000fd70
core   0: 0x80009d74 (0x283f2823) sw      gp, 656(t5)
core   0: 3 0x80009d74 (0x283f2823) mem 0x80010000 0x00000001
core   0: 0x80009d78 (0xff9ff06f) j       pc - 0x8
core   0: 3 0x80009d78 (0xff9ff06f)
core   0: 0x80009d70 (0x00006f17) auipc   t5, 0x6
core   0: 3 0x80009d70 (0x00006f17) x30 0x8000fd70
core   0: 0x80009d74 (0x283f2823) sw      gp, 656(t5)
core   0: 3 0x80009d74 (0x283f2823) mem 0x80010000 0x00000001
core   0: 0x80009d78 (0xff9ff06f) j       pc - 0x8
core   0: 3 0x80009d78 (0xff9ff06f)
core   0: 0x80009d70 (0x00006f17) auipc   t5, 0x6
core   0: 3 0x80009d70 (0x00006f17) x30 0x8000fd70
core   0: 0x80009d74 (0x283f2823) sw      gp, 656(t5)
core   0: 3 0x80009d74 (0x283f2823) mem 0x80010000 0x00000001
core   0: 0x80009d78 (0xff9ff06f) j       pc - 0x8
core   0: 3 0x80009d78 (0xff9ff06f)
core   0: 0x80009d70 (0x00006f17) auipc   t5, 0x6
core   0: 3 0x80009d70 (0x00006f17) x30 0x8000fd70
core   0: 0x80009d74 (0x283f2823) sw      gp, 656(t5)
core   0: 3 0x80009d74 (0x283f2823) mem 0x80010000 0x00000001
core   0: 0x80009d78 (0xff9ff06f) j       pc - 0x8
core   0: 3 0x80009d78 (0xff9ff06f)
core   0: 0x80009d70 (0x00006f17) auipc   t5, 0x6
core   0: 3 0x80009d70 (0x00006f17) x30 0x8000fd70
core   0: 0x80009d74 (0x283f2823) sw      gp, 656(t5)
core   0: 3 0x80009d74 (0x283f2823) mem 0x80010000 0x00000001
core   0: 0x80009d78 (0xff9ff06f) j       pc - 0x8
core   0: 3 0x80009d78 (0xff9ff06f)
core   0: 0x80009d70 (0x00006f17) auipc   t5, 0x6
core   0: 3 0x80009d70 (0x00006f17) x30 0x8000fd70
core   0: 0x80009d74 (0x283f2823) sw      gp, 656(t5)
core   0: 3 0x80009d74 (0x283f2823) mem 0x80010000 0x00000001
core   0: 0x80009d78 (0xff9ff06f) j       pc - 0x8
core   0: 3 0x80009d78 (0xff9ff06f)
core   0: 0x80009d70 (0x00006f17) auipc   t5, 0x6
core   0: 3 0x80009d70 (0x00006f17) x30 0x8000fd70
core   0: 0x80009d74 (0x283f2823) sw      gp, 656(t5)
core   0: 3 0x80009d74 (0x283f2823) mem 0x80010000 0x00000001
core   0: 0x80009d78 (0xff9ff06f) j       pc - 0x8
core   0: 3 0x80009d78 (0xff9ff06f)
core   0: 0x80009d70 (0x00006f17) auipc   t5, 0x6
core   0: 3 0x80009d70 (0x00006f17) x30 0x8000fd70
core   0: 0x80009d74 (0x283f2823) sw      gp, 656(t5)
core   0: 3 0x80009d74 (0x283f2823) mem 0x80010000 0x00000001
core   0: 0x80009d78 (0xff9ff06f) j       pc - 0x8
core   0: 3 0x80009d78 (0xff9ff06f)
core   0: 0x80009d70 (0x00006f17) auipc   t5, 0x6
core   0: 3 0x80009d70 (0x00006f17) x30 0x8000fd70
core   0: 0x80009d74 (0x283f2823) sw      gp, 656(t5)
core   0: 3 0x80009d74 (0x283f2823) mem 0x80010000 0x00000001
core   0: 0x80009d78 (0xff9ff06f) j       pc - 0x8
core   0: 3 0x80009d78 (0xff9ff06f)
core   0: 0x80009d70 (0x00006f17) auipc   t5, 0x6
core   0: 3 0x80009d70 (0x00006f17) x30 0x8000fd70
core   0: 0x80009d74 (0x283f2823) sw      gp, 656(t5)
core   0: 3 0x80009d74 (0x283f2823) mem 0x80010000 0x00000001
core   0: 0x80009d78 (0xff9ff06f) j       pc - 0x8
core   0: 3 0x80009d78 (0xff9ff06f)
core   0: 0x80009d70 (0x00006f17) auipc   t5, 0x6
core   0: 3 0x80009d70 (0x00006f17) x30 0x8000fd70
core   0: 0x80009d74 (0x283f2823) sw      gp, 656(t5)
core   0: 3 0x80009d74 (0x283f2823) mem 0x80010000 0x00000001
core   0: 0x80009d78 (0xff9ff06f) j       pc - 0x8
core   0: 3 0x80009d78 (0xff9ff06f)
core   0: 0x80009d70 (0x00006f17) auipc   t5, 0x6
core   0: 3 0x80009d70 (0x00006f17) x30 0x8000fd70
core   0: 0x80009d74 (0x283f2823) sw      gp, 656(t5)
core   0: 3 0x80009d74 (0x283f2823) mem 0x80010000 0x00000001
core   0: 0x80009d78 (0xff9ff06f) j       pc - 0x8
core   0: 3 0x80009d78 (0xff9ff06f)
core   0: 0x80009d70 (0x00006f17) auipc   t5, 0x6
core   0: 3 0x80009d70 (0x00006f17) x30 0x8000fd70
core   0: 0x80009d74 (0x283f2823) sw      gp, 656(t5)
core   0: 3 0x80009d74 (0x283f2823) mem 0x80010000 0x00000001
core   0: 0x80009d78 (0xff9ff06f) j       pc - 0x8
core   0: 3 0x80009d78 (0xff9ff06f)
core   0: 0x80009d70 (0x00006f17) auipc   t5, 0x6
core   0: 3 0x80009d70 (0x00006f17) x30 0x8000fd70
core   0: 0x80009d74 (0x283f2823) sw      gp, 656(t5)
core   0: 3 0x80009d74 (0x283f2823) mem 0x80010000 0x00000001
core   0: 0x80009d78 (0xff9ff06f) j       pc - 0x8
core   0: 3 0x80009d78 (0xff9ff06f)
core   0: 0x80009d70 (0x00006f17) auipc   t5, 0x6
core   0: 3 0x80009d70 (0x00006f17) x30 0x8000fd70
core   0: 0x80009d74 (0x283f2823) sw      gp, 656(t5)
core   0: 3 0x80009d74 (0x283f2823) mem 0x80010000 0x00000001
core   0: 0x80009d78 (0xff9ff06f) j       pc - 0x8
core   0: 3 0x80009d78 (0xff9ff06f)
core   0: 0x80009d70 (0x00006f17) auipc   t5, 0x6
core   0: 3 0x80009d70 (0x00006f17) x30 0x8000fd70
core   0: 0x80009d74 (0x283f2823) sw      gp, 656(t5)
core   0: 3 0x80009d74 (0x283f2823) mem 0x80010000 0x00000001
core   0: 0x80009d78 (0xff9ff06f) j       pc - 0x8
core   0: 3 0x80009d78 (0xff9ff06f)
core   0: 0x80009d70 (0x00006f17) auipc   t5, 0x6
core   0: 3 0x80009d70 (0x00006f17) x30 0x8000fd70
core   0: 0x80009d74 (0x283f2823) sw      gp, 656(t5)
core   0: 3 0x80009d74 (0x283f2823) mem 0x80010000 0x00000001
core   0: 0x80009d78 (0xff9ff06f) j       pc - 0x8
core   0: 3 0x80009d78 (0xff9ff06f)
core   0: 0x80009d70 (0x00006f17) auipc   t5, 0x6
core   0: 3 0x80009d70 (0x00006f17) x30 0x8000fd70
core   0: 0x80009d74 (0x283f2823) sw      gp, 656(t5)
core   0: 3 0x80009d74 (0x283f2823) mem 0x80010000 0x00000001
core   0: 0x80009d78 (0xff9ff06f) j       pc - 0x8
core   0: 3 0x80009d78 (0xff9ff06f)
core   0: 0x80009d70 (0x00006f17) auipc   t5, 0x6
core   0: 3 0x80009d70 (0x00006f17) x30 0x8000fd70
core   0: 0x80009d74 (0x283f2823) sw      gp, 656(t5)
core   0: 3 0x80009d74 (0x283f2823) mem 0x80010000 0x00000001
core   0: 0x80009d78 (0xff9ff06f) j       pc - 0x8
core   0: 3 0x80009d78 (0xff9ff06f)
core   0: 0x80009d70 (0x00006f17) auipc   t5, 0x6
core   0: 3 0x80009d70 (0x00006f17) x30 0x8000fd70
core   0: 0x80009d74 (0x283f2823) sw      gp, 656(t5)
core   0: 3 0x80009d74 (0x283f2823) mem 0x80010000 0x00000001
core   0: 0x80009d78 (0xff9ff06f) j       pc - 0x8
core   0: 3 0x80009d78 (0xff9ff06f)
core   0: 0x80009d70 (0x00006f17) auipc   t5, 0x6
core   0: 3 0x80009d70 (0x00006f17) x30 0x8000fd70
core   0: 0x80009d74 (0x283f2823) sw      gp, 656(t5)
core   0: 3 0x80009d74 (0x283f2823) mem 0x80010000 0x00000001
core   0: 0x80009d78 (0xff9ff06f) j       pc - 0x8
core   0: 3 0x80009d78 (0xff9ff06f)
core   0: 0x80009d70 (0x00006f17) auipc   t5, 0x6
core   0: 3 0x80009d70 (0x00006f17) x30 0x8000fd70
core   0: 0x80009d74 (0x283f2823) sw      gp, 656(t5)
core   0: 3 0x80009d74 (0x283f2823) mem 0x80010000 0x00000001
core   0: 0x80009d78 (0xff9ff06f) j       pc - 0x8
core   0: 3 0x80009d78 (0xff9ff06f)
core   0: 0x80009d70 (0x00006f17) auipc   t5, 0x6
core   0: 3 0x80009d70 (0x00006f17) x30 0x8000fd70
core   0: 0x80009d74 (0x283f2823) sw      gp, 656(t5)
core   0: 3 0x80009d74 (0x283f2823) mem 0x80010000 0x00000001
core   0: 0x80009d78 (0xff9ff06f) j       pc - 0x8
core   0: 3 0x80009d78 (0xff9ff06f)
core   0: 0x80009d70 (0x00006f17) auipc   t5, 0x6
core   0: 3 0x80009d70 (0x00006f17) x30 0x8000fd70
core   0: 0x80009d74 (0x283f2823) sw      gp, 656(t5)
core   0: 3 0x80009d74 (0x283f2823) mem 0x80010000 0x00000001
core   0: 0x80009d78 (0xff9ff06f) j       pc - 0x8
core   0: 3 0x80009d78 (0xff9ff06f)
core   0: 0x80009d70 (0x00006f17) auipc   t5, 0x6
core   0: 3 0x80009d70 (0x00006f17) x30 0x8000fd70
core   0: 0x80009d74 (0x283f2823) sw      gp, 656(t5)
core   0: 3 0x80009d74 (0x283f2823) mem 0x80010000 0x00000001
core   0: 0x80009d78 (0xff9ff06f) j       pc - 0x8
core   0: 3 0x80009d78 (0xff9ff06f)
core   0: 0x80009d70 (0x00006f17) auipc   t5, 0x6
core   0: 3 0x80009d70 (0x00006f17) x30 0x8000fd70
core   0: 0x80009d74 (0x283f2823) sw      gp, 656(t5)
core   0: 3 0x80009d74 (0x283f2823) mem 0x80010000 0x00000001
core   0: 0x80009d78 (0xff9ff06f) j       pc - 0x8
core   0: 3 0x80009d78 (0xff9ff06f)
core   0: 0x80009d70 (0x00006f17) auipc   t5, 0x6
core   0: 3 0x80009d70 (0x00006f17) x30 0x8000fd70
core   0: 0x80009d74 (0x283f2823) sw      gp, 656(t5)
core   0: 3 0x80009d74 (0x283f2823) mem 0x80010000 0x00000001
core   0: 0x80009d78 (0xff9ff06f) j       pc - 0x8
core   0: 3 0x80009d78 (0xff9ff06f)
core   0: 0x80009d70 (0x00006f17) auipc   t5, 0x6
core   0: 3 0x80009d70 (0x00006f17) x30 0x8000fd70
core   0: 0x80009d74 (0x283f2823) sw      gp, 656(t5)
core   0: 3 0x80009d74 (0x283f2823) mem 0x80010000 0x00000001
core   0: 0x80009d78 (0xff9ff06f) j       pc - 0x8
core   0: 3 0x80009d78 (0xff9ff06f)
core   0: 0x80009d70 (0x00006f17) auipc   t5, 0x6
core   0: 3 0x80009d70 (0x00006f17) x30 0x8000fd70
core   0: 0x80009d74 (0x283f2823) sw      gp, 656(t5)
core   0: 3 0x80009d74 (0x283f2823) mem 0x80010000 0x00000001
core   0: 0x80009d78 (0xff9ff06f) j       pc - 0x8
core   0: 3 0x80009d78 (0xff9ff06f)
core   0: 0x80009d70 (0x00006f17) auipc   t5, 0x6
core   0: 3 0x80009d70 (0x00006f17) x30 0x8000fd70
core   0: 0x80009d74 (0x283f2823) sw      gp, 656(t5)
core   0: 3 0x80009d74 (0x283f2823) mem 0x80010000 0x00000001
core   0: 0x80009d78 (0xff9ff06f) j       pc - 0x8
core   0: 3 0x80009d78 (0xff9ff06f)
core   0: 0x80009d70 (0x00006f17) auipc   t5, 0x6
core   0: 3 0x80009d70 (0x00006f17) x30 0x8000fd70
core   0: 0x80009d74 (0x283f2823) sw      gp, 656(t5)
core   0: 3 0x80009d74 (0x283f2823) mem 0x80010000 0x00000001
core   0: 0x80009d78 (0xff9ff06f) j       pc - 0x8
core   0: 3 0x80009d78 (0xff9ff06f)
core   0: 0x80009d70 (0x00006f17) auipc   t5, 0x6
core   0: 3 0x80009d70 (0x00006f17) x30 0x8000fd70
core   0: 0x80009d74 (0x283f2823) sw      gp, 656(t5)
core   0: 3 0x80009d74 (0x283f2823) mem 0x80010000 0x00000001
core   0: 0x80009d78 (0xff9ff06f) j       pc - 0x8
core   0: 3 0x80009d78 (0xff9ff06f)
core   0: 0x80009d70 (0x00006f17) auipc   t5, 0x6
core   0: 3 0x80009d70 (0x00006f17) x30 0x8000fd70
core   0: 0x80009d74 (0x283f2823) sw      gp, 656(t5)
core   0: 3 0x80009d74 (0x283f2823) mem 0x80010000 0x00000001
core   0: 0x80009d78 (0xff9ff06f) j       pc - 0x8
core   0: 3 0x80009d78 (0xff9ff06f)
core   0: 0x80009d70 (0x00006f17) auipc   t5, 0x6
core   0: 3 0x80009d70 (0x00006f17) x30 0x8000fd70
core   0: 0x80009d74 (0x283f2823) sw      gp, 656(t5)
core   0: 3 0x80009d74 (0x283f2823) mem 0x80010000 0x00000001
core   0: 0x80009d78 (0xff9ff06f) j       pc - 0x8
core   0: 3 0x80009d78 (0xff9ff06f)
core   0: 0x80009d70 (0x00006f17) auipc   t5, 0x6
core   0: 3 0x80009d70 (0x00006f17) x30 0x8000fd70
core   0: 0x80009d74 (0x283f2823) sw      gp, 656(t5)
core   0: 3 0x80009d74 (0x283f2823) mem 0x80010000 0x00000001
core   0: 0x80009d78 (0xff9ff06f) j       pc - 0x8
core   0: 3 0x80009d78 (0xff9ff06f)
core   0: 0x80009d70 (0x00006f17) auipc   t5, 0x6
core   0: 3 0x80009d70 (0x00006f17) x30 0x8000fd70
core   0: 0x80009d74 (0x283f2823) sw      gp, 656(t5)
core   0: 3 0x80009d74 (0x283f2823) mem 0x80010000 0x00000001
core   0: 0x80009d78 (0xff9ff06f) j       pc - 0x8
core   0: 3 0x80009d78 (0xff9ff06f)
core   0: 0x80009d70 (0x00006f17) auipc   t5, 0x6
core   0: 3 0x80009d70 (0x00006f17) x30 0x8000fd70
core   0: 0x80009d74 (0x283f2823) sw      gp, 656(t5)
core   0: 3 0x80009d74 (0x283f2823) mem 0x80010000 0x00000001
core   0: 0x80009d78 (0xff9ff06f) j       pc - 0x8
core   0: 3 0x80009d78 (0xff9ff06f)
core   0: 0x80009d70 (0x00006f17) auipc   t5, 0x6
core   0: 3 0x80009d70 (0x00006f17) x30 0x8000fd70
core   0: 0x80009d74 (0x283f2823) sw      gp, 656(t5)
core   0: 3 0x80009d74 (0x283f2823) mem 0x80010000 0x00000001
core   0: 0x80009d78 (0xff9ff06f) j       pc - 0x8
core   0: 3 0x80009d78 (0xff9ff06f)
core   0: 0x80009d70 (0x00006f17) auipc   t5, 0x6
core   0: 3 0x80009d70 (0x00006f17) x30 0x8000fd70
core   0: 0x80009d74 (0x283f2823) sw      gp, 656(t5)
core   0: 3 0x80009d74 (0x283f2823) mem 0x80010000 0x00000001
core   0: 0x80009d78 (0xff9ff06f) j       pc - 0x8
core   0: 3 0x80009d78 (0xff9ff06f)
core   0: 0x80009d70 (0x00006f17) auipc   t5, 0x6
core   0: 3 0x80009d70 (0x00006f17) x30 0x8000fd70
core   0: 0x80009d74 (0x283f2823) sw      gp, 656(t5)
core   0: 3 0x80009d74 (0x283f2823) mem 0x80010000 0x00000001
core   0: 0x80009d78 (0xff9ff06f) j       pc - 0x8
core   0: 3 0x80009d78 (0xff9ff06f)
core   0: 0x80009d70 (0x00006f17) auipc   t5, 0x6
core   0: 3 0x80009d70 (0x00006f17) x30 0x8000fd70
core   0: 0x80009d74 (0x283f2823) sw      gp, 656(t5)
core   0: 3 0x80009d74 (0x283f2823) mem 0x80010000 0x00000001
core   0: 0x80009d78 (0xff9ff06f) j       pc - 0x8
core   0: 3 0x80009d78 (0xff9ff06f)
core   0: 0x80009d70 (0x00006f17) auipc   t5, 0x6
core   0: 3 0x80009d70 (0x00006f17) x30 0x8000fd70
core   0: 0x80009d74 (0x283f2823) sw      gp, 656(t5)
core   0: 3 0x80009d74 (0x283f2823) mem 0x80010000 0x00000001
core   0: 0x80009d78 (0xff9ff06f) j       pc - 0x8
core   0: 3 0x80009d78 (0xff9ff06f)
core   0: 0x80009d70 (0x00006f17) auipc   t5, 0x6
core   0: 3 0x80009d70 (0x00006f17) x30 0x8000fd70
core   0: 0x80009d74 (0x283f2823) sw      gp, 656(t5)
core   0: 3 0x80009d74 (0x283f2823) mem 0x80010000 0x00000001
core   0: 0x80009d78 (0xff9ff06f) j       pc - 0x8
core   0: 3 0x80009d78 (0xff9ff06f)
core   0: 0x80009d70 (0x00006f17) auipc   t5, 0x6
core   0: 3 0x80009d70 (0x00006f17) x30 0x8000fd70
core   0: 0x80009d74 (0x283f2823) sw      gp, 656(t5)
core   0: 3 0x80009d74 (0x283f2823) mem 0x80010000 0x00000001
core   0: 0x80009d78 (0xff9ff06f) j       pc - 0x8
core   0: 3 0x80009d78 (0xff9ff06f)
core   0: 0x80009d70 (0x00006f17) auipc   t5, 0x6
core   0: 3 0x80009d70 (0x00006f17) x30 0x8000fd70
core   0: 0x80009d74 (0x283f2823) sw      gp, 656(t5)
core   0: 3 0x80009d74 (0x283f2823) mem 0x80010000 0x00000001
core   0: 0x80009d78 (0xff9ff06f) j       pc - 0x8
core   0: 3 0x80009d78 (0xff9ff06f)
core   0: 0x80009d70 (0x00006f17) auipc   t5, 0x6
core   0: 3 0x80009d70 (0x00006f17) x30 0x8000fd70
core   0: 0x80009d74 (0x283f2823) sw      gp, 656(t5)
core   0: 3 0x80009d74 (0x283f2823) mem 0x80010000 0x00000001
core   0: 0x80009d78 (0xff9ff06f) j       pc - 0x8
core   0: 3 0x80009d78 (0xff9ff06f)
core   0: 0x80009d70 (0x00006f17) auipc   t5, 0x6
core   0: 3 0x80009d70 (0x00006f17) x30 0x8000fd70
core   0: 0x80009d74 (0x283f2823) sw      gp, 656(t5)
core   0: 3 0x80009d74 (0x283f2823) mem 0x80010000 0x00000001
core   0: 0x80009d78 (0xff9ff06f) j       pc - 0x8
core   0: 3 0x80009d78 (0xff9ff06f)
core   0: 0x80009d70 (0x00006f17) auipc   t5, 0x6
core   0: 3 0x80009d70 (0x00006f17) x30 0x8000fd70
core   0: 0x80009d74 (0x283f2823) sw      gp, 656(t5)
core   0: 3 0x80009d74 (0x283f2823) mem 0x80010000 0x00000001
core   0: 0x80009d78 (0xff9ff06f) j       pc - 0x8
core   0: 3 0x80009d78 (0xff9ff06f)
core   0: 0x80009d70 (0x00006f17) auipc   t5, 0x6
core   0: 3 0x80009d70 (0x00006f17) x30 0x8000fd70
core   0: 0x80009d74 (0x283f2823) sw      gp, 656(t5)
core   0: 3 0x80009d74 (0x283f2823) mem 0x80010000 0x00000001
core   0: 0x80009d78 (0xff9ff06f) j       pc - 0x8
core   0: 3 0x80009d78 (0xff9ff06f)
core   0: 0x80009d70 (0x00006f17) auipc   t5, 0x6
core   0: 3 0x80009d70 (0x00006f17) x30 0x8000fd70
core   0: 0x80009d74 (0x283f2823) sw      gp, 656(t5)
core   0: 3 0x80009d74 (0x283f2823) mem 0x80010000 0x00000001
core   0: 0x80009d78 (0xff9ff06f) j       pc - 0x8
core   0: 3 0x80009d78 (0xff9ff06f)
core   0: 0x80009d70 (0x00006f17) auipc   t5, 0x6
core   0: 3 0x80009d70 (0x00006f17) x30 0x8000fd70
core   0: 0x80009d74 (0x283f2823) sw      gp, 656(t5)
core   0: 3 0x80009d74 (0x283f2823) mem 0x80010000 0x00000001
core   0: 0x80009d78 (0xff9ff06f) j       pc - 0x8
core   0: 3 0x80009d78 (0xff9ff06f)
core   0: 0x80009d70 (0x00006f17) auipc   t5, 0x6
core   0: 3 0x80009d70 (0x00006f17) x30 0x8000fd70
core   0: 0x80009d74 (0x283f2823) sw      gp, 656(t5)
core   0: 3 0x80009d74 (0x283f2823) mem 0x80010000 0x00000001
core   0: 0x80009d78 (0xff9ff06f) j       pc - 0x8
core   0: 3 0x80009d78 (0xff9ff06f)
core   0: 0x80009d70 (0x00006f17) auipc   t5, 0x6
core   0: 3 0x80009d70 (0x00006f17) x30 0x8000fd70
core   0: 0x80009d74 (0x283f2823) sw      gp, 656(t5)
core   0: 3 0x80009d74 (0x283f2823) mem 0x80010000 0x00000001
core   0: 0x80009d78 (0xff9ff06f) j       pc - 0x8
core   0: 3 0x80009d78 (0xff9ff06f)
core   0: 0x80009d70 (0x00006f17) auipc   t5, 0x6
core   0: 3 0x80009d70 (0x00006f17) x30 0x8000fd70
core   0: 0x80009d74 (0x283f2823) sw      gp, 656(t5)
core   0: 3 0x80009d74 (0x283f2823) mem 0x80010000 0x00000001
core   0: 0x80009d78 (0xff9ff06f) j       pc - 0x8
core   0: 3 0x80009d78 (0xff9ff06f)
core   0: 0x80009d70 (0x00006f17) auipc   t5, 0x6
core   0: 3 0x80009d70 (0x00006f17) x30 0x8000fd70
core   0: 0x80009d74 (0x283f2823) sw      gp, 656(t5)
core   0: 3 0x80009d74 (0x283f2823) mem 0x80010000 0x00000001
core   0: 0x80009d78 (0xff9ff06f) j       pc - 0x8
core   0: 3 0x80009d78 (0xff9ff06f)
core   0: 0x80009d70 (0x00006f17) auipc   t5, 0x6
core   0: 3 0x80009d70 (0x00006f17) x30 0x8000fd70
core   0: 0x80009d74 (0x283f2823) sw      gp, 656(t5)
core   0: 3 0x80009d74 (0x283f2823) mem 0x80010000 0x00000001
core   0: 0x80009d78 (0xff9ff06f) j       pc - 0x8
core   0: 3 0x80009d78 (0xff9ff06f)
core   0: 0x80009d70 (0x00006f17) auipc   t5, 0x6
core   0: 3 0x80009d70 (0x00006f17) x30 0x8000fd70
core   0: 0x80009d74 (0x283f2823) sw      gp, 656(t5)
core   0: 3 0x80009d74 (0x283f2823) mem 0x80010000 0x00000001
core   0: 0x80009d78 (0xff9ff06f) j       pc - 0x8
core   0: 3 0x80009d78 (0xff9ff06f)
core   0: 0x80009d70 (0x00006f17) auipc   t5, 0x6
core   0: 3 0x80009d70 (0x00006f17) x30 0x8000fd70
core   0: 0x80009d74 (0x283f2823) sw      gp, 656(t5)
core   0: 3 0x80009d74 (0x283f2823) mem 0x80010000 0x00000001
core   0: 0x80009d78 (0xff9ff06f) j       pc - 0x8
core   0: 3 0x80009d78 (0xff9ff06f)
core   0: 0x80009d70 (0x00006f17) auipc   t5, 0x6
core   0: 3 0x80009d70 (0x00006f17) x30 0x8000fd70
core   0: 0x80009d74 (0x283f2823) sw      gp, 656(t5)
core   0: 3 0x80009d74 (0x283f2823) mem 0x80010000 0x00000001
core   0: 0x80009d78 (0xff9ff06f) j       pc - 0x8
core   0: 3 0x80009d78 (0xff9ff06f)
core   0: 0x80009d70 (0x00006f17) auipc   t5, 0x6
core   0: 3 0x80009d70 (0x00006f17) x30 0x8000fd70
core   0: 0x80009d74 (0x283f2823) sw      gp, 656(t5)
core   0: 3 0x80009d74 (0x283f2823) mem 0x80010000 0x00000001
core   0: 0x80009d78 (0xff9ff06f) j       pc - 0x8
core   0: 3 0x80009d78 (0xff9ff06f)
core   0: 0x80009d70 (0x00006f17) auipc   t5, 0x6
core   0: 3 0x80009d70 (0x00006f17) x30 0x8000fd70
core   0: 0x80009d74 (0x283f2823) sw      gp, 656(t5)
core   0: 3 0x80009d74 (0x283f2823) mem 0x80010000 0x00000001
core   0: 0x80009d78 (0xff9ff06f) j       pc - 0x8
core   0: 3 0x80009d78 (0xff9ff06f)
core   0: 0x80009d70 (0x00006f17) auipc   t5, 0x6
core   0: 3 0x80009d70 (0x00006f17) x30 0x8000fd70
core   0: 0x80009d74 (0x283f2823) sw      gp, 656(t5)
core   0: 3 0x80009d74 (0x283f2823) mem 0x80010000 0x00000001
core   0: 0x80009d78 (0xff9ff06f) j       pc - 0x8
core   0: 3 0x80009d78 (0xff9ff06f)
core   0: 0x80009d70 (0x00006f17) auipc   t5, 0x6
core   0: 3 0x80009d70 (0x00006f17) x30 0x8000fd70
core   0: 0x80009d74 (0x283f2823) sw      gp, 656(t5)
core   0: 3 0x80009d74 (0x283f2823) mem 0x80010000 0x00000001
core   0: 0x80009d78 (0xff9ff06f) j       pc - 0x8
core   0: 3 0x80009d78 (0xff9ff06f)
core   0: 0x80009d70 (0x00006f17) auipc   t5, 0x6
core   0: 3 0x80009d70 (0x00006f17) x30 0x8000fd70
core   0: 0x80009d74 (0x283f2823) sw      gp, 656(t5)
core   0: 3 0x80009d74 (0x283f2823) mem 0x80010000 0x00000001
core   0: 0x80009d78 (0xff9ff06f) j       pc - 0x8
core   0: 3 0x80009d78 (0xff9ff06f)
core   0: 0x80009d70 (0x00006f17) auipc   t5, 0x6
core   0: 3 0x80009d70 (0x00006f17) x30 0x8000fd70
core   0: 0x80009d74 (0x283f2823) sw      gp, 656(t5)
core   0: 3 0x80009d74 (0x283f2823) mem 0x80010000 0x00000001
core   0: 0x80009d78 (0xff9ff06f) j       pc - 0x8
core   0: 3 0x80009d78 (0xff9ff06f)
core   0: 0x80009d70 (0x00006f17) auipc   t5, 0x6
core   0: 3 0x80009d70 (0x00006f17) x30 0x8000fd70
core   0: 0x80009d74 (0x283f2823) sw      gp, 656(t5)
core   0: 3 0x80009d74 (0x283f2823) mem 0x80010000 0x00000001
core   0: 0x80009d78 (0xff9ff06f) j       pc - 0x8
core   0: 3 0x80009d78 (0xff9ff06f)
core   0: 0x80009d70 (0x00006f17) auipc   t5, 0x6
core   0: 3 0x80009d70 (0x00006f17) x30 0x8000fd70
core   0: 0x80009d74 (0x283f2823) sw      gp, 656(t5)
core   0: 3 0x80009d74 (0x283f2823) mem 0x80010000 0x00000001
core   0: 0x80009d78 (0xff9ff06f) j       pc - 0x8
core   0: 3 0x80009d78 (0xff9ff06f)
core   0: 0x80009d70 (0x00006f17) auipc   t5, 0x6
core   0: 3 0x80009d70 (0x00006f17) x30 0x8000fd70
core   0: 0x80009d74 (0x283f2823) sw      gp, 656(t5)
core   0: 3 0x80009d74 (0x283f2823) mem 0x80010000 0x00000001
core   0: 0x80009d78 (0xff9ff06f) j       pc - 0x8
core   0: 3 0x80009d78 (0xff9ff06f)
core   0: 0x80009d70 (0x00006f17) auipc   t5, 0x6
core   0: 3 0x80009d70 (0x00006f17) x30 0x8000fd70
core   0: 0x80009d74 (0x283f2823) sw      gp, 656(t5)
core   0: 3 0x80009d74 (0x283f2823) mem 0x80010000 0x00000001
core   0: 0x80009d78 (0xff9ff06f) j       pc - 0x8
core   0: 3 0x80009d78 (0xff9ff06f)
core   0: 0x80009d70 (0x00006f17) auipc   t5, 0x6
core   0: 3 0x80009d70 (0x00006f17) x30 0x8000fd70
core   0: 0x80009d74 (0x283f2823) sw      gp, 656(t5)
core   0: 3 0x80009d74 (0x283f2823) mem 0x80010000 0x00000001
core   0: 0x80009d78 (0xff9ff06f) j       pc - 0x8
core   0: 3 0x80009d78 (0xff9ff06f)
core   0: 0x80009d70 (0x00006f17) auipc   t5, 0x6
core   0: 3 0x80009d70 (0x00006f17) x30 0x8000fd70
core   0: 0x80009d74 (0x283f2823) sw      gp, 656(t5)
core   0: 3 0x80009d74 (0x283f2823) mem 0x80010000 0x00000001
core   0: 0x80009d78 (0xff9ff06f) j       pc - 0x8
core   0: 3 0x80009d78 (0xff9ff06f)
core   0: 0x80009d70 (0x00006f17) auipc   t5, 0x6
core   0: 3 0x80009d70 (0x00006f17) x30 0x8000fd70
core   0: 0x80009d74 (0x283f2823) sw      gp, 656(t5)
core   0: 3 0x80009d74 (0x283f2823) mem 0x80010000 0x00000001
core   0: 0x80009d78 (0xff9ff06f) j       pc - 0x8
core   0: 3 0x80009d78 (0xff9ff06f)
core   0: 0x80009d70 (0x00006f17) auipc   t5, 0x6
core   0: 3 0x80009d70 (0x00006f17) x30 0x8000fd70
core   0: 0x80009d74 (0x283f2823) sw      gp, 656(t5)
core   0: 3 0x80009d74 (0x283f2823) mem 0x80010000 0x00000001
core   0: 0x80009d78 (0xff9ff06f) j       pc - 0x8
core   0: 3 0x80009d78 (0xff9ff06f)
core   0: 0x80009d70 (0x00006f17) auipc   t5, 0x6
core   0: 3 0x80009d70 (0x00006f17) x30 0x8000fd70
core   0: 0x80009d74 (0x283f2823) sw      gp, 656(t5)
core   0: 3 0x80009d74 (0x283f2823) mem 0x80010000 0x00000001
core   0: 0x80009d78 (0xff9ff06f) j       pc - 0x8
core   0: 3 0x80009d78 (0xff9ff06f)
core   0: 0x80009d70 (0x00006f17) auipc   t5, 0x6
core   0: 3 0x80009d70 (0x00006f17) x30 0x8000fd70
core   0: 0x80009d74 (0x283f2823) sw      gp, 656(t5)
core   0: 3 0x80009d74 (0x283f2823) mem 0x80010000 0x00000001
core   0: 0x80009d78 (0xff9ff06f) j       pc - 0x8
core   0: 3 0x80009d78 (0xff9ff06f)
core   0: 0x80009d70 (0x00006f17) auipc   t5, 0x6
core   0: 3 0x80009d70 (0x00006f17) x30 0x8000fd70
core   0: 0x80009d74 (0x283f2823) sw      gp, 656(t5)
core   0: 3 0x80009d74 (0x283f2823) mem 0x80010000 0x00000001
core   0: 0x80009d78 (0xff9ff06f) j       pc - 0x8
core   0: 3 0x80009d78 (0xff9ff06f)
core   0: 0x80009d70 (0x00006f17) auipc   t5, 0x6
core   0: 3 0x80009d70 (0x00006f17) x30 0x8000fd70
core   0: 0x80009d74 (0x283f2823) sw      gp, 656(t5)
core   0: 3 0x80009d74 (0x283f2823) mem 0x80010000 0x00000001
core   0: 0x80009d78 (0xff9ff06f) j       pc - 0x8
core   0: 3 0x80009d78 (0xff9ff06f)
core   0: 0x80009d70 (0x00006f17) auipc   t5, 0x6
core   0: 3 0x80009d70 (0x00006f17) x30 0x8000fd70
core   0: 0x80009d74 (0x283f2823) sw      gp, 656(t5)
core   0: 3 0x80009d74 (0x283f2823) mem 0x80010000 0x00000001
core   0: 0x80009d78 (0xff9ff06f) j       pc - 0x8
core   0: 3 0x80009d78 (0xff9ff06f)
core   0: 0x80009d70 (0x00006f17) auipc   t5, 0x6
core   0: 3 0x80009d70 (0x00006f17) x30 0x8000fd70
core   0: 0x80009d74 (0x283f2823) sw      gp, 656(t5)
core   0: 3 0x80009d74 (0x283f2823) mem 0x80010000 0x00000001
core   0: 0x80009d78 (0xff9ff06f) j       pc - 0x8
core   0: 3 0x80009d78 (0xff9ff06f)
core   0: 0x80009d70 (0x00006f17) auipc   t5, 0x6
core   0: 3 0x80009d70 (0x00006f17) x30 0x8000fd70
core   0: 0x80009d74 (0x283f2823) sw      gp, 656(t5)
core   0: 3 0x80009d74 (0x283f2823) mem 0x80010000 0x00000001
core   0: 0x80009d78 (0xff9ff06f) j       pc - 0x8
core   0: 3 0x80009d78 (0xff9ff06f)
core   0: 0x80009d70 (0x00006f17) auipc   t5, 0x6
core   0: 3 0x80009d70 (0x00006f17) x30 0x8000fd70
core   0: 0x80009d74 (0x283f2823) sw      gp, 656(t5)
core   0: 3 0x80009d74 (0x283f2823) mem 0x80010000 0x00000001
core   0: 0x80009d78 (0xff9ff06f) j       pc - 0x8
core   0: 3 0x80009d78 (0xff9ff06f)
core   0: 0x80009d70 (0x00006f17) auipc   t5, 0x6
core   0: 3 0x80009d70 (0x00006f17) x30 0x8000fd70
core   0: 0x80009d74 (0x283f2823) sw      gp, 656(t5)
core   0: 3 0x80009d74 (0x283f2823) mem 0x80010000 0x00000001
core   0: 0x80009d78 (0xff9ff06f) j       pc - 0x8
core   0: 3 0x80009d78 (0xff9ff06f)
core   0: 0x80009d70 (0x00006f17) auipc   t5, 0x6
core   0: 3 0x80009d70 (0x00006f17) x30 0x8000fd70
core   0: 0x80009d74 (0x283f2823) sw      gp, 656(t5)
core   0: 3 0x80009d74 (0x283f2823) mem 0x80010000 0x00000001
core   0: 0x80009d78 (0xff9ff06f) j       pc - 0x8
core   0: 3 0x80009d78 (0xff9ff06f)
core   0: 0x80009d70 (0x00006f17) auipc   t5, 0x6
core   0: 3 0x80009d70 (0x00006f17) x30 0x8000fd70
core   0: 0x80009d74 (0x283f2823) sw      gp, 656(t5)
core   0: 3 0x80009d74 (0x283f2823) mem 0x80010000 0x00000001
core   0: 0x80009d78 (0xff9ff06f) j       pc - 0x8
core   0: 3 0x80009d78 (0xff9ff06f)
core   0: 0x80009d70 (0x00006f17) auipc   t5, 0x6
core   0: 3 0x80009d70 (0x00006f17) x30 0x8000fd70
core   0: 0x80009d74 (0x283f2823) sw      gp, 656(t5)
core   0: 3 0x80009d74 (0x283f2823) mem 0x80010000 0x00000001
core   0: 0x80009d78 (0xff9ff06f) j       pc - 0x8
core   0: 3 0x80009d78 (0xff9ff06f)
core   0: 0x80009d70 (0x00006f17) auipc   t5, 0x6
core   0: 3 0x80009d70 (0x00006f17) x30 0x8000fd70
core   0: 0x80009d74 (0x283f2823) sw      gp, 656(t5)
core   0: 3 0x80009d74 (0x283f2823) mem 0x80010000 0x00000001
core   0: 0x80009d78 (0xff9ff06f) j       pc - 0x8
core   0: 3 0x80009d78 (0xff9ff06f)
core   0: 0x80009d70 (0x00006f17) auipc   t5, 0x6
core   0: 3 0x80009d70 (0x00006f17) x30 0x8000fd70
core   0: 0x80009d74 (0x283f2823) sw      gp, 656(t5)
core   0: 3 0x80009d74 (0x283f2823) mem 0x80010000 0x00000001
core   0: 0x80009d78 (0xff9ff06f) j       pc - 0x8
core   0: 3 0x80009d78 (0xff9ff06f)
core   0: 0x80009d70 (0x00006f17) auipc   t5, 0x6
core   0: 3 0x80009d70 (0x00006f17) x30 0x8000fd70
core   0: 0x80009d74 (0x283f2823) sw      gp, 656(t5)
core   0: 3 0x80009d74 (0x283f2823) mem 0x80010000 0x00000001
core   0: 0x80009d78 (0xff9ff06f) j       pc - 0x8
core   0: 3 0x80009d78 (0xff9ff06f)
core   0: 0x80009d70 (0x00006f17) auipc   t5, 0x6
core   0: 3 0x80009d70 (0x00006f17) x30 0x8000fd70
core   0: 0x80009d74 (0x283f2823) sw      gp, 656(t5)
core   0: 3 0x80009d74 (0x283f2823) mem 0x80010000 0x00000001
core   0: 0x80009d78 (0xff9ff06f) j       pc - 0x8
core   0: 3 0x80009d78 (0xff9ff06f)
core   0: 0x80009d70 (0x00006f17) auipc   t5, 0x6
core   0: 3 0x80009d70 (0x00006f17) x30 0x8000fd70
core   0: 0x80009d74 (0x283f2823) sw      gp, 656(t5)
core   0: 3 0x80009d74 (0x283f2823) mem 0x80010000 0x00000001
core   0: 0x80009d78 (0xff9ff06f) j       pc - 0x8
core   0: 3 0x80009d78 (0xff9ff06f)
core   0: 0x80009d70 (0x00006f17) auipc   t5, 0x6
core   0: 3 0x80009d70 (0x00006f17) x30 0x8000fd70
core   0: 0x80009d74 (0x283f2823) sw      gp, 656(t5)
core   0: 3 0x80009d74 (0x283f2823) mem 0x80010000 0x00000001
core   0: 0x80009d78 (0xff9ff06f) j       pc - 0x8
core   0: 3 0x80009d78 (0xff9ff06f)
core   0: 0x80009d70 (0x00006f17) auipc   t5, 0x6
core   0: 3 0x80009d70 (0x00006f17) x30 0x8000fd70
core   0: 0x80009d74 (0x283f2823) sw      gp, 656(t5)
core   0: 3 0x80009d74 (0x283f2823) mem 0x80010000 0x00000001
core   0: 0x80009d78 (0xff9ff06f) j       pc - 0x8
core   0: 3 0x80009d78 (0xff9ff06f)
core   0: 0x80009d70 (0x00006f17) auipc   t5, 0x6
core   0: 3 0x80009d70 (0x00006f17) x30 0x8000fd70
core   0: 0x80009d74 (0x283f2823) sw      gp, 656(t5)
core   0: 3 0x80009d74 (0x283f2823) mem 0x80010000 0x00000001
core   0: 0x80009d78 (0xff9ff06f) j       pc - 0x8
core   0: 3 0x80009d78 (0xff9ff06f)
core   0: 0x80009d70 (0x00006f17) auipc   t5, 0x6
core   0: 3 0x80009d70 (0x00006f17) x30 0x8000fd70
core   0: 0x80009d74 (0x283f2823) sw      gp, 656(t5)
core   0: 3 0x80009d74 (0x283f2823) mem 0x80010000 0x00000001
core   0: 0x80009d78 (0xff9ff06f) j       pc - 0x8
core   0: 3 0x80009d78 (0xff9ff06f)
core   0: 0x80009d70 (0x00006f17) auipc   t5, 0x6
core   0: 3 0x80009d70 (0x00006f17) x30 0x8000fd70
core   0: 0x80009d74 (0x283f2823) sw      gp, 656(t5)
core   0: 3 0x80009d74 (0x283f2823) mem 0x80010000 0x00000001
core   0: 0x80009d78 (0xff9ff06f) j       pc - 0x8
core   0: 3 0x80009d78 (0xff9ff06f)
core   0: 0x80009d70 (0x00006f17) auipc   t5, 0x6
core   0: 3 0x80009d70 (0x00006f17) x30 0x8000fd70
core   0: 0x80009d74 (0x283f2823) sw      gp, 656(t5)
core   0: 3 0x80009d74 (0x283f2823) mem 0x80010000 0x00000001
core   0: 0x80009d78 (0xff9ff06f) j       pc - 0x8
core   0: 3 0x80009d78 (0xff9ff06f)
core   0: 0x80009d70 (0x00006f17) auipc   t5, 0x6
core   0: 3 0x80009d70 (0x00006f17) x30 0x8000fd70
core   0: 0x80009d74 (0x283f2823) sw      gp, 656(t5)
core   0: 3 0x80009d74 (0x283f2823) mem 0x80010000 0x00000001
core   0: 0x80009d78 (0xff9ff06f) j       pc - 0x8
core   0: 3 0x80009d78 (0xff9ff06f)
core   0: 0x80009d70 (0x00006f17) auipc   t5, 0x6
core   0: 3 0x80009d70 (0x00006f17) x30 0x8000fd70
core   0: 0x80009d74 (0x283f2823) sw      gp, 656(t5)
core   0: 3 0x80009d74 (0x283f2823) mem 0x80010000 0x00000001
core   0: 0x80009d78 (0xff9ff06f) j       pc - 0x8
core   0: 3 0x80009d78 (0xff9ff06f)
core   0: 0x80009d70 (0x00006f17) auipc   t5, 0x6
core   0: 3 0x80009d70 (0x00006f17) x30 0x8000fd70
core   0: 0x80009d74 (0x283f2823) sw      gp, 656(t5)
core   0: 3 0x80009d74 (0x283f2823) mem 0x80010000 0x00000001
core   0: 0x80009d78 (0xff9ff06f) j       pc - 0x8
core   0: 3 0x80009d78 (0xff9ff06f)
core   0: 0x80009d70 (0x00006f17) auipc   t5, 0x6
core   0: 3 0x80009d70 (0x00006f17) x30 0x8000fd70
core   0: 0x80009d74 (0x283f2823) sw      gp, 656(t5)
core   0: 3 0x80009d74 (0x283f2823) mem 0x80010000 0x00000001
core   0: 0x80009d78 (0xff9ff06f) j       pc - 0x8
core   0: 3 0x80009d78 (0xff9ff06f)
core   0: 0x80009d70 (0x00006f17) auipc   t5, 0x6
core   0: 3 0x80009d70 (0x00006f17) x30 0x8000fd70
core   0: 0x80009d74 (0x283f2823) sw      gp, 656(t5)
core   0: 3 0x80009d74 (0x283f2823) mem 0x80010000 0x00000001
core   0: 0x80009d78 (0xff9ff06f) j       pc - 0x8
core   0: 3 0x80009d78 (0xff9ff06f)
core   0: 0x80009d70 (0x00006f17) auipc   t5, 0x6
core   0: 3 0x80009d70 (0x00006f17) x30 0x8000fd70
core   0: 0x80009d74 (0x283f2823) sw      gp, 656(t5)
core   0: 3 0x80009d74 (0x283f2823) mem 0x80010000 0x00000001
core   0: 0x80009d78 (0xff9ff06f) j       pc - 0x8
core   0: 3 0x80009d78 (0xff9ff06f)
core   0: 0x80009d70 (0x00006f17) auipc   t5, 0x6
core   0: 3 0x80009d70 (0x00006f17) x30 0x8000fd70
core   0: 0x80009d74 (0x283f2823) sw      gp, 656(t5)
core   0: 3 0x80009d74 (0x283f2823) mem 0x80010000 0x00000001
core   0: 0x80009d78 (0xff9ff06f) j       pc - 0x8
core   0: 3 0x80009d78 (0xff9ff06f)
core   0: 0x80009d70 (0x00006f17) auipc   t5, 0x6
core   0: 3 0x80009d70 (0x00006f17) x30 0x8000fd70
core   0: 0x80009d74 (0x283f2823) sw      gp, 656(t5)
core   0: 3 0x80009d74 (0x283f2823) mem 0x80010000 0x00000001
core   0: 0x80009d78 (0xff9ff06f) j       pc - 0x8
core   0: 3 0x80009d78 (0xff9ff06f)
core   0: 0x80009d70 (0x00006f17) auipc   t5, 0x6
core   0: 3 0x80009d70 (0x00006f17) x30 0x8000fd70
core   0: 0x80009d74 (0x283f2823) sw      gp, 656(t5)
core   0: 3 0x80009d74 (0x283f2823) mem 0x80010000 0x00000001
core   0: 0x80009d78 (0xff9ff06f) j       pc - 0x8
core   0: 3 0x80009d78 (0xff9ff06f)
core   0: 0x80009d70 (0x00006f17) auipc   t5, 0x6
core   0: 3 0x80009d70 (0x00006f17) x30 0x8000fd70
core   0: 0x80009d74 (0x283f2823) sw      gp, 656(t5)
core   0: 3 0x80009d74 (0x283f2823) mem 0x80010000 0x00000001
core   0: 0x80009d78 (0xff9ff06f) j       pc - 0x8
core   0: 3 0x80009d78 (0xff9ff06f)
core   0: 0x80009d70 (0x00006f17) auipc   t5, 0x6
core   0: 3 0x80009d70 (0x00006f17) x30 0x8000fd70
core   0: 0x80009d74 (0x283f2823) sw      gp, 656(t5)
core   0: 3 0x80009d74 (0x283f2823) mem 0x80010000 0x00000001
core   0: 0x80009d78 (0xff9ff06f) j       pc - 0x8
core   0: 3 0x80009d78 (0xff9ff06f)
core   0: 0x80009d70 (0x00006f17) auipc   t5, 0x6
core   0: 3 0x80009d70 (0x00006f17) x30 0x8000fd70
core   0: 0x80009d74 (0x283f2823) sw      gp, 656(t5)
core   0: 3 0x80009d74 (0x283f2823) mem 0x80010000 0x00000001
core   0: 0x80009d78 (0xff9ff06f) j       pc - 0x8
core   0: 3 0x80009d78 (0xff9ff06f)
core   0: 0x80009d70 (0x00006f17) auipc   t5, 0x6
core   0: 3 0x80009d70 (0x00006f17) x30 0x8000fd70
core   0: 0x80009d74 (0x283f2823) sw      gp, 656(t5)
core   0: 3 0x80009d74 (0x283f2823) mem 0x80010000 0x00000001
core   0: 0x80009d78 (0xff9ff06f) j       pc - 0x8
core   0: 3 0x80009d78 (0xff9ff06f)
core   0: 0x80009d70 (0x00006f17) auipc   t5, 0x6
core   0: 3 0x80009d70 (0x00006f17) x30 0x8000fd70
core   0: 0x80009d74 (0x283f2823) sw      gp, 656(t5)
core   0: 3 0x80009d74 (0x283f2823) mem 0x80010000 0x00000001
core   0: 0x80009d78 (0xff9ff06f) j       pc - 0x8
core   0: 3 0x80009d78 (0xff9ff06f)
core   0: 0x80009d70 (0x00006f17) auipc   t5, 0x6
core   0: 3 0x80009d70 (0x00006f17) x30 0x8000fd70
core   0: 0x80009d74 (0x283f2823) sw      gp, 656(t5)
core   0: 3 0x80009d74 (0x283f2823) mem 0x80010000 0x00000001
core   0: 0x80009d78 (0xff9ff06f) j       pc - 0x8
core   0: 3 0x80009d78 (0xff9ff06f)
core   0: 0x80009d70 (0x00006f17) auipc   t5, 0x6
core   0: 3 0x80009d70 (0x00006f17) x30 0x8000fd70
core   0: 0x80009d74 (0x283f2823) sw      gp, 656(t5)
core   0: 3 0x80009d74 (0x283f2823) mem 0x80010000 0x00000001
core   0: 0x80009d78 (0xff9ff06f) j       pc - 0x8
core   0: 3 0x80009d78 (0xff9ff06f)
core   0: 0x80009d70 (0x00006f17) auipc   t5, 0x6
core   0: 3 0x80009d70 (0x00006f17) x30 0x8000fd70
core   0: 0x80009d74 (0x283f2823) sw      gp, 656(t5)
core   0: 3 0x80009d74 (0x283f2823) mem 0x80010000 0x00000001
core   0: 0x80009d78 (0xff9ff06f) j       pc - 0x8
core   0: 3 0x80009d78 (0xff9ff06f)
core   0: 0x80009d70 (0x00006f17) auipc   t5, 0x6
core   0: 3 0x80009d70 (0x00006f17) x30 0x8000fd70
core   0: 0x80009d74 (0x283f2823) sw      gp, 656(t5)
core   0: 3 0x80009d74 (0x283f2823) mem 0x80010000 0x00000001
core   0: 0x80009d78 (0xff9ff06f) j       pc - 0x8
core   0: 3 0x80009d78 (0xff9ff06f)
core   0: 0x80009d70 (0x00006f17) auipc   t5, 0x6
core   0: 3 0x80009d70 (0x00006f17) x30 0x8000fd70
core   0: 0x80009d74 (0x283f2823) sw      gp, 656(t5)
core   0: 3 0x80009d74 (0x283f2823) mem 0x80010000 0x00000001
core   0: 0x80009d78 (0xff9ff06f) j       pc - 0x8
core   0: 3 0x80009d78 (0xff9ff06f)
core   0: 0x80009d70 (0x00006f17) auipc   t5, 0x6
core   0: 3 0x80009d70 (0x00006f17) x30 0x8000fd70
core   0: 0x80009d74 (0x283f2823) sw      gp, 656(t5)
core   0: 3 0x80009d74 (0x283f2823) mem 0x80010000 0x00000001
core   0: 0x80009d78 (0xff9ff06f) j       pc - 0x8
core   0: 3 0x80009d78 (0xff9ff06f)
core   0: 0x80009d70 (0x00006f17) auipc   t5, 0x6
core   0: 3 0x80009d70 (0x00006f17) x30 0x8000fd70
core   0: 0x80009d74 (0x283f2823) sw      gp, 656(t5)
core   0: 3 0x80009d74 (0x283f2823) mem 0x80010000 0x00000001
core   0: 0x80009d78 (0xff9ff06f) j       pc - 0x8
core   0: 3 0x80009d78 (0xff9ff06f)
core   0: 0x80009d70 (0x00006f17) auipc   t5, 0x6
core   0: 3 0x80009d70 (0x00006f17) x30 0x8000fd70
core   0: 0x80009d74 (0x283f2823) sw      gp, 656(t5)
core   0: 3 0x80009d74 (0x283f2823) mem 0x80010000 0x00000001
core   0: 0x80009d78 (0xff9ff06f) j       pc - 0x8
core   0: 3 0x80009d78 (0xff9ff06f)
core   0: 0x80009d70 (0x00006f17) auipc   t5, 0x6
core   0: 3 0x80009d70 (0x00006f17) x30 0x8000fd70
core   0: 0x80009d74 (0x283f2823) sw      gp, 656(t5)
core   0: 3 0x80009d74 (0x283f2823) mem 0x80010000 0x00000001
core   0: 0x80009d78 (0xff9ff06f) j       pc - 0x8
core   0: 3 0x80009d78 (0xff9ff06f)
core   0: 0x80009d70 (0x00006f17) auipc   t5, 0x6
core   0: 3 0x80009d70 (0x00006f17) x30 0x8000fd70
core   0: 0x80009d74 (0x283f2823) sw      gp, 656(t5)
core   0: 3 0x80009d74 (0x283f2823) mem 0x80010000 0x00000001
core   0: 0x80009d78 (0xff9ff06f) j       pc - 0x8
core   0: 3 0x80009d78 (0xff9ff06f)
core   0: 0x80009d70 (0x00006f17) auipc   t5, 0x6
core   0: 3 0x80009d70 (0x00006f17) x30 0x8000fd70
core   0: 0x80009d74 (0x283f2823) sw      gp, 656(t5)
core   0: 3 0x80009d74 (0x283f2823) mem 0x80010000 0x00000001
core   0: 0x80009d78 (0xff9ff06f) j       pc - 0x8
core   0: 3 0x80009d78 (0xff9ff06f)
core   0: 0x80009d70 (0x00006f17) auipc   t5, 0x6
core   0: 3 0x80009d70 (0x00006f17) x30 0x8000fd70
core   0: 0x80009d74 (0x283f2823) sw      gp, 656(t5)
core   0: 3 0x80009d74 (0x283f2823) mem 0x80010000 0x00000001
core   0: 0x80009d78 (0xff9ff06f) j       pc - 0x8
core   0: 3 0x80009d78 (0xff9ff06f)
core   0: 0x80009d70 (0x00006f17) auipc   t5, 0x6
core   0: 3 0x80009d70 (0x00006f17) x30 0x8000fd70
core   0: 0x80009d74 (0x283f2823) sw      gp, 656(t5)
core   0: 3 0x80009d74 (0x283f2823) mem 0x80010000 0x00000001
core   0: 0x80009d78 (0xff9ff06f) j       pc - 0x8
core   0: 3 0x80009d78 (0xff9ff06f)
core   0: 0x80009d70 (0x00006f17) auipc   t5, 0x6
core   0: 3 0x80009d70 (0x00006f17) x30 0x8000fd70
core   0: 0x80009d74 (0x283f2823) sw      gp, 656(t5)
core   0: 3 0x80009d74 (0x283f2823) mem 0x80010000 0x00000001
core   0: 0x80009d78 (0xff9ff06f) j       pc - 0x8
core   0: 3 0x80009d78 (0xff9ff06f)
core   0: 0x80009d70 (0x00006f17) auipc   t5, 0x6
core   0: 3 0x80009d70 (0x00006f17) x30 0x8000fd70
core   0: 0x80009d74 (0x283f2823) sw      gp, 656(t5)
core   0: 3 0x80009d74 (0x283f2823) mem 0x80010000 0x00000001
core   0: 0x80009d78 (0xff9ff06f) j       pc - 0x8
core   0: 3 0x80009d78 (0xff9ff06f)
core   0: 0x80009d70 (0x00006f17) auipc   t5, 0x6
core   0: 3 0x80009d70 (0x00006f17) x30 0x8000fd70
core   0: 0x80009d74 (0x283f2823) sw      gp, 656(t5)
core   0: 3 0x80009d74 (0x283f2823) mem 0x80010000 0x00000001
core   0: 0x80009d78 (0xff9ff06f) j       pc - 0x8
core   0: 3 0x80009d78 (0xff9ff06f)
core   0: 0x80009d70 (0x00006f17) auipc   t5, 0x6
core   0: 3 0x80009d70 (0x00006f17) x30 0x8000fd70
core   0: 0x80009d74 (0x283f2823) sw      gp, 656(t5)
core   0: 3 0x80009d74 (0x283f2823) mem 0x80010000 0x00000001
core   0: 0x80009d78 (0xff9ff06f) j       pc - 0x8
core   0: 3 0x80009d78 (0xff9ff06f)
core   0: 0x80009d70 (0x00006f17) auipc   t5, 0x6
core   0: 3 0x80009d70 (0x00006f17) x30 0x8000fd70
core   0: 0x80009d74 (0x283f2823) sw      gp, 656(t5)
core   0: 3 0x80009d74 (0x283f2823) mem 0x80010000 0x00000001
core   0: 0x80009d78 (0xff9ff06f) j       pc - 0x8
core   0: 3 0x80009d78 (0xff9ff06f)
core   0: 0x80009d70 (0x00006f17) auipc   t5, 0x6
core   0: 3 0x80009d70 (0x00006f17) x30 0x8000fd70
core   0: 0x80009d74 (0x283f2823) sw      gp, 656(t5)
core   0: 3 0x80009d74 (0x283f2823) mem 0x80010000 0x00000001
core   0: 0x80009d78 (0xff9ff06f) j       pc - 0x8
core   0: 3 0x80009d78 (0xff9ff06f)
core   0: 0x80009d70 (0x00006f17) auipc   t5, 0x6
core   0: 3 0x80009d70 (0x00006f17) x30 0x8000fd70
core   0: 0x80009d74 (0x283f2823) sw      gp, 656(t5)
core   0: 3 0x80009d74 (0x283f2823) mem 0x80010000 0x00000001
core   0: 0x80009d78 (0xff9ff06f) j       pc - 0x8
core   0: 3 0x80009d78 (0xff9ff06f)
core   0: 0x80009d70 (0x00006f17) auipc   t5, 0x6
core   0: 3 0x80009d70 (0x00006f17) x30 0x8000fd70
core   0: 0x80009d74 (0x283f2823) sw      gp, 656(t5)
core   0: 3 0x80009d74 (0x283f2823) mem 0x80010000 0x00000001
core   0: 0x80009d78 (0xff9ff06f) j       pc - 0x8
core   0: 3 0x80009d78 (0xff9ff06f)
core   0: 0x80009d70 (0x00006f17) auipc   t5, 0x6
core   0: 3 0x80009d70 (0x00006f17) x30 0x8000fd70
core   0: 0x80009d74 (0x283f2823) sw      gp, 656(t5)
core   0: 3 0x80009d74 (0x283f2823) mem 0x80010000 0x00000001
core   0: 0x80009d78 (0xff9ff06f) j       pc - 0x8
core   0: 3 0x80009d78 (0xff9ff06f)
core   0: 0x80009d70 (0x00006f17) auipc   t5, 0x6
core   0: 3 0x80009d70 (0x00006f17) x30 0x8000fd70
core   0: 0x80009d74 (0x283f2823) sw      gp, 656(t5)
core   0: 3 0x80009d74 (0x283f2823) mem 0x80010000 0x00000001
core   0: 0x80009d78 (0xff9ff06f) j       pc - 0x8
core   0: 3 0x80009d78 (0xff9ff06f)
core   0: 0x80009d70 (0x00006f17) auipc   t5, 0x6
core   0: 3 0x80009d70 (0x00006f17) x30 0x8000fd70
core   0: 0x80009d74 (0x283f2823) sw      gp, 656(t5)
core   0: 3 0x80009d74 (0x283f2823) mem 0x80010000 0x00000001
core   0: 0x80009d78 (0xff9ff06f) j       pc - 0x8
core   0: 3 0x80009d78 (0xff9ff06f)
core   0: 0x80009d70 (0x00006f17) auipc   t5, 0x6
core   0: 3 0x80009d70 (0x00006f17) x30 0x8000fd70
core   0: 0x80009d74 (0x283f2823) sw      gp, 656(t5)
core   0: 3 0x80009d74 (0x283f2823) mem 0x80010000 0x00000001
core   0: 0x80009d78 (0xff9ff06f) j       pc - 0x8
core   0: 3 0x80009d78 (0xff9ff06f)
core   0: 0x80009d70 (0x00006f17) auipc   t5, 0x6
core   0: 3 0x80009d70 (0x00006f17) x30 0x8000fd70
core   0: 0x80009d74 (0x283f2823) sw      gp, 656(t5)
core   0: 3 0x80009d74 (0x283f2823) mem 0x80010000 0x00000001
core   0: 0x80009d78 (0xff9ff06f) j       pc - 0x8
core   0: 3 0x80009d78 (0xff9ff06f)
core   0: 0x80009d70 (0x00006f17) auipc   t5, 0x6
core   0: 3 0x80009d70 (0x00006f17) x30 0x8000fd70
core   0: 0x80009d74 (0x283f2823) sw      gp, 656(t5)
core   0: 3 0x80009d74 (0x283f2823) mem 0x80010000 0x00000001
core   0: 0x80009d78 (0xff9ff06f) j       pc - 0x8
core   0: 3 0x80009d78 (0xff9ff06f)
core   0: 0x80009d70 (0x00006f17) auipc   t5, 0x6
core   0: 3 0x80009d70 (0x00006f17) x30 0x8000fd70
core   0: 0x80009d74 (0x283f2823) sw      gp, 656(t5)
core   0: 3 0x80009d74 (0x283f2823) mem 0x80010000 0x00000001
core   0: 0x80009d78 (0xff9ff06f) j       pc - 0x8
core   0: 3 0x80009d78 (0xff9ff06f)
core   0: 0x80009d70 (0x00006f17) auipc   t5, 0x6
core   0: 3 0x80009d70 (0x00006f17) x30 0x8000fd70
core   0: 0x80009d74 (0x283f2823) sw      gp, 656(t5)
core   0: 3 0x80009d74 (0x283f2823) mem 0x80010000 0x00000001
core   0: 0x80009d78 (0xff9ff06f) j       pc - 0x8
core   0: 3 0x80009d78 (0xff9ff06f)
core   0: 0x80009d70 (0x00006f17) auipc   t5, 0x6
core   0: 3 0x80009d70 (0x00006f17) x30 0x8000fd70
core   0: 0x80009d74 (0x283f2823) sw      gp, 656(t5)
core   0: 3 0x80009d74 (0x283f2823) mem 0x80010000 0x00000001
core   0: 0x80009d78 (0xff9ff06f) j       pc - 0x8
core   0: 3 0x80009d78 (0xff9ff06f)
core   0: 0x80009d70 (0x00006f17) auipc   t5, 0x6
core   0: 3 0x80009d70 (0x00006f17) x30 0x8000fd70
core   0: 0x80009d74 (0x283f2823) sw      gp, 656(t5)
core   0: 3 0x80009d74 (0x283f2823) mem 0x80010000 0x00000001
core   0: 0x80009d78 (0xff9ff06f) j       pc - 0x8
core   0: 3 0x80009d78 (0xff9ff06f)
core   0: 0x80009d70 (0x00006f17) auipc   t5, 0x6
core   0: 3 0x80009d70 (0x00006f17) x30 0x8000fd70
core   0: 0x80009d74 (0x283f2823) sw      gp, 656(t5)
core   0: 3 0x80009d74 (0x283f2823) mem 0x80010000 0x00000001
core   0: 0x80009d78 (0xff9ff06f) j       pc - 0x8
core   0: 3 0x80009d78 (0xff9ff06f)
core   0: 0x80009d70 (0x00006f17) auipc   t5, 0x6
core   0: 3 0x80009d70 (0x00006f17) x30 0x8000fd70
core   0: 0x80009d74 (0x283f2823) sw      gp, 656(t5)
core   0: 3 0x80009d74 (0x283f2823) mem 0x80010000 0x00000001
core   0: 0x80009d78 (0xff9ff06f) j       pc - 0x8
core   0: 3 0x80009d78 (0xff9ff06f)
core   0: 0x80009d70 (0x00006f17) auipc   t5, 0x6
core   0: 3 0x80009d70 (0x00006f17) x30 0x8000fd70
core   0: 0x80009d74 (0x283f2823) sw      gp, 656(t5)
core   0: 3 0x80009d74 (0x283f2823) mem 0x80010000 0x00000001
core   0: 0x80009d78 (0xff9ff06f) j       pc - 0x8
core   0: 3 0x80009d78 (0xff9ff06f)
core   0: 0x80009d70 (0x00006f17) auipc   t5, 0x6
core   0: 3 0x80009d70 (0x00006f17) x30 0x8000fd70
core   0: 0x80009d74 (0x283f2823) sw      gp, 656(t5)
core   0: 3 0x80009d74 (0x283f2823) mem 0x80010000 0x00000001
core   0: 0x80009d78 (0xff9ff06f) j       pc - 0x8
core   0: 3 0x80009d78 (0xff9ff06f)
core   0: 0x80009d70 (0x00006f17) auipc   t5, 0x6
core   0: 3 0x80009d70 (0x00006f17) x30 0x8000fd70
core   0: 0x80009d74 (0x283f2823) sw      gp, 656(t5)
core   0: 3 0x80009d74 (0x283f2823) mem 0x80010000 0x00000001
core   0: 0x80009d78 (0xff9ff06f) j       pc - 0x8
core   0: 3 0x80009d78 (0xff9ff06f)
core   0: 0x80009d70 (0x00006f17) auipc   t5, 0x6
core   0: 3 0x80009d70 (0x00006f17) x30 0x8000fd70
core   0: 0x80009d74 (0x283f2823) sw      gp, 656(t5)
core   0: 3 0x80009d74 (0x283f2823) mem 0x80010000 0x00000001
core   0: 0x80009d78 (0xff9ff06f) j       pc - 0x8
core   0: 3 0x80009d78 (0xff9ff06f)
core   0: 0x80009d70 (0x00006f17) auipc   t5, 0x6
core   0: 3 0x80009d70 (0x00006f17) x30 0x8000fd70
core   0: 0x80009d74 (0x283f2823) sw      gp, 656(t5)
core   0: 3 0x80009d74 (0x283f2823) mem 0x80010000 0x00000001
core   0: 0x80009d78 (0xff9ff06f) j       pc - 0x8
core   0: 3 0x80009d78 (0xff9ff06f)
core   0: 0x80009d70 (0x00006f17) auipc   t5, 0x6
core   0: 3 0x80009d70 (0x00006f17) x30 0x8000fd70
core   0: 0x80009d74 (0x283f2823) sw      gp, 656(t5)
core   0: 3 0x80009d74 (0x283f2823) mem 0x80010000 0x00000001
core   0: 0x80009d78 (0xff9ff06f) j       pc - 0x8
core   0: 3 0x80009d78 (0xff9ff06f)
core   0: 0x80009d70 (0x00006f17) auipc   t5, 0x6
core   0: 3 0x80009d70 (0x00006f17) x30 0x8000fd70
core   0: 0x80009d74 (0x283f2823) sw      gp, 656(t5)
core   0: 3 0x80009d74 (0x283f2823) mem 0x80010000 0x00000001
core   0: 0x80009d78 (0xff9ff06f) j       pc - 0x8
core   0: 3 0x80009d78 (0xff9ff06f)
core   0: 0x80009d70 (0x00006f17) auipc   t5, 0x6
core   0: 3 0x80009d70 (0x00006f17) x30 0x8000fd70
core   0: 0x80009d74 (0x283f2823) sw      gp, 656(t5)
core   0: 3 0x80009d74 (0x283f2823) mem 0x80010000 0x00000001
core   0: 0x80009d78 (0xff9ff06f) j       pc - 0x8
core   0: 3 0x80009d78 (0xff9ff06f)
core   0: 0x80009d70 (0x00006f17) auipc   t5, 0x6
core   0: 3 0x80009d70 (0x00006f17) x30 0x8000fd70
core   0: 0x80009d74 (0x283f2823) sw      gp, 656(t5)
core   0: 3 0x80009d74 (0x283f2823) mem 0x80010000 0x00000001
core   0: 0x80009d78 (0xff9ff06f) j       pc - 0x8
core   0: 3 0x80009d78 (0xff9ff06f)
core   0: 0x80009d70 (0x00006f17) auipc   t5, 0x6
core   0: 3 0x80009d70 (0x00006f17) x30 0x8000fd70
core   0: 0x80009d74 (0x283f2823) sw      gp, 656(t5)
core   0: 3 0x80009d74 (0x283f2823) mem 0x80010000 0x00000001
core   0: 0x80009d78 (0xff9ff06f) j       pc - 0x8
core   0: 3 0x80009d78 (0xff9ff06f)
core   0: 0x80009d70 (0x00006f17) auipc   t5, 0x6
core   0: 3 0x80009d70 (0x00006f17) x30 0x8000fd70
core   0: 0x80009d74 (0x283f2823) sw      gp, 656(t5)
core   0: 3 0x80009d74 (0x283f2823) mem 0x80010000 0x00000001
core   0: 0x80009d78 (0xff9ff06f) j       pc - 0x8
core   0: 3 0x80009d78 (0xff9ff06f)
core   0: 0x80009d70 (0x00006f17) auipc   t5, 0x6
core   0: 3 0x80009d70 (0x00006f17) x30 0x8000fd70
core   0: 0x80009d74 (0x283f2823) sw      gp, 656(t5)
core   0: 3 0x80009d74 (0x283f2823) mem 0x80010000 0x00000001
core   0: 0x80009d78 (0xff9ff06f) j       pc - 0x8
core   0: 3 0x80009d78 (0xff9ff06f)
core   0: 0x80009d70 (0x00006f17) auipc   t5, 0x6
core   0: 3 0x80009d70 (0x00006f17) x30 0x8000fd70
core   0: 0x80009d74 (0x283f2823) sw      gp, 656(t5)
core   0: 3 0x80009d74 (0x283f2823) mem 0x80010000 0x00000001
core   0: 0x80009d78 (0xff9ff06f) j       pc - 0x8
core   0: 3 0x80009d78 (0xff9ff06f)
core   0: 0x80009d70 (0x00006f17) auipc   t5, 0x6
core   0: 3 0x80009d70 (0x00006f17) x30 0x8000fd70
core   0: 0x80009d74 (0x283f2823) sw      gp, 656(t5)
core   0: 3 0x80009d74 (0x283f2823) mem 0x80010000 0x00000001
core   0: 0x80009d78 (0xff9ff06f) j       pc - 0x8
core   0: 3 0x80009d78 (0xff9ff06f)
core   0: 0x80009d70 (0x00006f17) auipc   t5, 0x6
core   0: 3 0x80009d70 (0x00006f17) x30 0x8000fd70
core   0: 0x80009d74 (0x283f2823) sw      gp, 656(t5)
core   0: 3 0x80009d74 (0x283f2823) mem 0x80010000 0x00000001
core   0: 0x80009d78 (0xff9ff06f) j       pc - 0x8
core   0: 3 0x80009d78 (0xff9ff06f)
core   0: 0x80009d70 (0x00006f17) auipc   t5, 0x6
core   0: 3 0x80009d70 (0x00006f17) x30 0x8000fd70
core   0: 0x80009d74 (0x283f2823) sw      gp, 656(t5)
core   0: 3 0x80009d74 (0x283f2823) mem 0x80010000 0x00000001
core   0: 0x80009d78 (0xff9ff06f) j       pc - 0x8
core   0: 3 0x80009d78 (0xff9ff06f)
core   0: 0x80009d70 (0x00006f17) auipc   t5, 0x6
core   0: 3 0x80009d70 (0x00006f17) x30 0x8000fd70
core   0: 0x80009d74 (0x283f2823) sw      gp, 656(t5)
core   0: 3 0x80009d74 (0x283f2823) mem 0x80010000 0x00000001
core   0: 0x80009d78 (0xff9ff06f) j       pc - 0x8
core   0: 3 0x80009d78 (0xff9ff06f)
core   0: 0x80009d70 (0x00006f17) auipc   t5, 0x6
core   0: 3 0x80009d70 (0x00006f17) x30 0x8000fd70
core   0: 0x80009d74 (0x283f2823) sw      gp, 656(t5)
core   0: 3 0x80009d74 (0x283f2823) mem 0x80010000 0x00000001
core   0: 0x80009d78 (0xff9ff06f) j       pc - 0x8
core   0: 3 0x80009d78 (0xff9ff06f)
core   0: 0x80009d70 (0x00006f17) auipc   t5, 0x6
core   0: 3 0x80009d70 (0x00006f17) x30 0x8000fd70
core   0: 0x80009d74 (0x283f2823) sw      gp, 656(t5)
core   0: 3 0x80009d74 (0x283f2823) mem 0x80010000 0x00000001
core   0: 0x80009d78 (0xff9ff06f) j       pc - 0x8
core   0: 3 0x80009d78 (0xff9ff06f)
core   0: 0x80009d70 (0x00006f17) auipc   t5, 0x6
core   0: 3 0x80009d70 (0x00006f17) x30 0x8000fd70
core   0: 0x80009d74 (0x283f2823) sw      gp, 656(t5)
core   0: 3 0x80009d74 (0x283f2823) mem 0x80010000 0x00000001
core   0: 0x80009d78 (0xff9ff06f) j       pc - 0x8
core   0: 3 0x80009d78 (0xff9ff06f)
core   0: 0x80009d70 (0x00006f17) auipc   t5, 0x6
core   0: 3 0x80009d70 (0x00006f17) x30 0x8000fd70
core   0: 0x80009d74 (0x283f2823) sw      gp, 656(t5)
core   0: 3 0x80009d74 (0x283f2823) mem 0x80010000 0x00000001
core   0: 0x80009d78 (0xff9ff06f) j       pc - 0x8
core   0: 3 0x80009d78 (0xff9ff06f)
core   0: 0x80009d70 (0x00006f17) auipc   t5, 0x6
core   0: 3 0x80009d70 (0x00006f17) x30 0x8000fd70
core   0: 0x80009d74 (0x283f2823) sw      gp, 656(t5)
core   0: 3 0x80009d74 (0x283f2823) mem 0x80010000 0x00000001
core   0: 0x80009d78 (0xff9ff06f) j       pc - 0x8
core   0: 3 0x80009d78 (0xff9ff06f)
core   0: 0x80009d70 (0x00006f17) auipc   t5, 0x6
core   0: 3 0x80009d70 (0x00006f17) x30 0x8000fd70
core   0: 0x80009d74 (0x283f2823) sw      gp, 656(t5)
core   0: 3 0x80009d74 (0x283f2823) mem 0x80010000 0x00000001
core   0: 0x80009d78 (0xff9ff06f) j       pc - 0x8
core   0: 3 0x80009d78 (0xff9ff06f)
core   0: 0x80009d70 (0x00006f17) auipc   t5, 0x6
core   0: 3 0x80009d70 (0x00006f17) x30 0x8000fd70
core   0: 0x80009d74 (0x283f2823) sw      gp, 656(t5)
core   0: 3 0x80009d74 (0x283f2823) mem 0x80010000 0x00000001
core   0: 0x80009d78 (0xff9ff06f) j       pc - 0x8
core   0: 3 0x80009d78 (0xff9ff06f)
core   0: 0x80009d70 (0x00006f17) auipc   t5, 0x6
core   0: 3 0x80009d70 (0x00006f17) x30 0x8000fd70
core   0: 0x80009d74 (0x283f2823) sw      gp, 656(t5)
core   0: 3 0x80009d74 (0x283f2823) mem 0x80010000 0x00000001
core   0: 0x80009d78 (0xff9ff06f) j       pc - 0x8
core   0: 3 0x80009d78 (0xff9ff06f)
core   0: 0x80009d70 (0x00006f17) auipc   t5, 0x6
core   0: 3 0x80009d70 (0x00006f17) x30 0x8000fd70
core   0: 0x80009d74 (0x283f2823) sw      gp, 656(t5)
core   0: 3 0x80009d74 (0x283f2823) mem 0x80010000 0x00000001
core   0: 0x80009d78 (0xff9ff06f) j       pc - 0x8
core   0: 3 0x80009d78 (0xff9ff06f)
core   0: 0x80009d70 (0x00006f17) auipc   t5, 0x6
core   0: 3 0x80009d70 (0x00006f17) x30 0x8000fd70
core   0: 0x80009d74 (0x283f2823) sw      gp, 656(t5)
core   0: 3 0x80009d74 (0x283f2823) mem 0x80010000 0x00000001
core   0: 0x80009d78 (0xff9ff06f) j       pc - 0x8
core   0: 3 0x80009d78 (0xff9ff06f)
core   0: 0x80009d70 (0x00006f17) auipc   t5, 0x6
core   0: 3 0x80009d70 (0x00006f17) x30 0x8000fd70
core   0: 0x80009d74 (0x283f2823) sw      gp, 656(t5)
core   0: 3 0x80009d74 (0x283f2823) mem 0x80010000 0x00000001
core   0: 0x80009d78 (0xff9ff06f) j       pc - 0x8
core   0: 3 0x80009d78 (0xff9ff06f)
core   0: 0x80009d70 (0x00006f17) auipc   t5, 0x6
core   0: 3 0x80009d70 (0x00006f17) x30 0x8000fd70
core   0: 0x80009d74 (0x283f2823) sw      gp, 656(t5)
core   0: 3 0x80009d74 (0x283f2823) mem 0x80010000 0x00000001
core   0: 0x80009d78 (0xff9ff06f) j       pc - 0x8
core   0: 3 0x80009d78 (0xff9ff06f)
core   0: 0x80009d70 (0x00006f17) auipc   t5, 0x6
core   0: 3 0x80009d70 (0x00006f17) x30 0x8000fd70
core   0: 0x80009d74 (0x283f2823) sw      gp, 656(t5)
core   0: 3 0x80009d74 (0x283f2823) mem 0x80010000 0x00000001
core   0: 0x80009d78 (0xff9ff06f) j       pc - 0x8
core   0: 3 0x80009d78 (0xff9ff06f)
core   0: 0x80009d70 (0x00006f17) auipc   t5, 0x6
core   0: 3 0x80009d70 (0x00006f17) x30 0x8000fd70
core   0: 0x80009d74 (0x283f2823) sw      gp, 656(t5)
core   0: 3 0x80009d74 (0x283f2823) mem 0x80010000 0x00000001
core   0: 0x80009d78 (0xff9ff06f) j       pc - 0x8
core   0: 3 0x80009d78 (0xff9ff06f)
core   0: 0x80009d70 (0x00006f17) auipc   t5, 0x6
core   0: 3 0x80009d70 (0x00006f17) x30 0x8000fd70
core   0: 0x80009d74 (0x283f2823) sw      gp, 656(t5)
core   0: 3 0x80009d74 (0x283f2823) mem 0x80010000 0x00000001
core   0: 0x80009d78 (0xff9ff06f) j       pc - 0x8
core   0: 3 0x80009d78 (0xff9ff06f)
core   0: 0x80009d70 (0x00006f17) auipc   t5, 0x6
core   0: 3 0x80009d70 (0x00006f17) x30 0x8000fd70
core   0: 0x80009d74 (0x283f2823) sw      gp, 656(t5)
core   0: 3 0x80009d74 (0x283f2823) mem 0x80010000 0x00000001
core   0: 0x80009d78 (0xff9ff06f) j       pc - 0x8
core   0: 3 0x80009d78 (0xff9ff06f)
core   0: 0x80009d70 (0x00006f17) auipc   t5, 0x6
core   0: 3 0x80009d70 (0x00006f17) x30 0x8000fd70
core   0: 0x80009d74 (0x283f2823) sw      gp, 656(t5)
core   0: 3 0x80009d74 (0x283f2823) mem 0x80010000 0x00000001
core   0: 0x80009d78 (0xff9ff06f) j       pc - 0x8
core   0: 3 0x80009d78 (0xff9ff06f)
core   0: 0x80009d70 (0x00006f17) auipc   t5, 0x6
core   0: 3 0x80009d70 (0x00006f17) x30 0x8000fd70
core   0: 0x80009d74 (0x283f2823) sw      gp, 656(t5)
core   0: 3 0x80009d74 (0x283f2823) mem 0x80010000 0x00000001
core   0: 0x80009d78 (0xff9ff06f) j       pc - 0x8
core   0: 3 0x80009d78 (0xff9ff06f)
core   0: 0x80009d70 (0x00006f17) auipc   t5, 0x6
core   0: 3 0x80009d70 (0x00006f17) x30 0x8000fd70
core   0: 0x80009d74 (0x283f2823) sw      gp, 656(t5)
core   0: 3 0x80009d74 (0x283f2823) mem 0x80010000 0x00000001
core   0: 0x80009d78 (0xff9ff06f) j       pc - 0x8
core   0: 3 0x80009d78 (0xff9ff06f)
core   0: 0x80009d70 (0x00006f17) auipc   t5, 0x6
core   0: 3 0x80009d70 (0x00006f17) x30 0x8000fd70
core   0: 0x80009d74 (0x283f2823) sw      gp, 656(t5)
core   0: 3 0x80009d74 (0x283f2823) mem 0x80010000 0x00000001
core   0: 0x80009d78 (0xff9ff06f) j       pc - 0x8
core   0: 3 0x80009d78 (0xff9ff06f)
core   0: 0x80009d70 (0x00006f17) auipc   t5, 0x6
core   0: 3 0x80009d70 (0x00006f17) x30 0x8000fd70
core   0: 0x80009d74 (0x283f2823) sw      gp, 656(t5)
core   0: 3 0x80009d74 (0x283f2823) mem 0x80010000 0x00000001
core   0: 0x80009d78 (0xff9ff06f) j       pc - 0x8
core   0: 3 0x80009d78 (0xff9ff06f)
core   0: 0x80009d70 (0x00006f17) auipc   t5, 0x6
core   0: 3 0x80009d70 (0x00006f17) x30 0x8000fd70
core   0: 0x80009d74 (0x283f2823) sw      gp, 656(t5)
core   0: 3 0x80009d74 (0x283f2823) mem 0x80010000 0x00000001
core   0: 0x80009d78 (0xff9ff06f) j       pc - 0x8
core   0: 3 0x80009d78 (0xff9ff06f)
core   0: 0x80009d70 (0x00006f17) auipc   t5, 0x6
core   0: 3 0x80009d70 (0x00006f17) x30 0x8000fd70
core   0: 0x80009d74 (0x283f2823) sw      gp, 656(t5)
core   0: 3 0x80009d74 (0x283f2823) mem 0x80010000 0x00000001
core   0: 0x80009d78 (0xff9ff06f) j       pc - 0x8
core   0: 3 0x80009d78 (0xff9ff06f)
core   0: 0x80009d70 (0x00006f17) auipc   t5, 0x6
core   0: 3 0x80009d70 (0x00006f17) x30 0x8000fd70
core   0: 0x80009d74 (0x283f2823) sw      gp, 656(t5)
core   0: 3 0x80009d74 (0x283f2823) mem 0x80010000 0x00000001
core   0: 0x80009d78 (0xff9ff06f) j       pc - 0x8
core   0: 3 0x80009d78 (0xff9ff06f)
core   0: 0x80009d70 (0x00006f17) auipc   t5, 0x6
core   0: 3 0x80009d70 (0x00006f17) x30 0x8000fd70
core   0: 0x80009d74 (0x283f2823) sw      gp, 656(t5)
core   0: 3 0x80009d74 (0x283f2823) mem 0x80010000 0x00000001
core   0: 0x80009d78 (0xff9ff06f) j       pc - 0x8
core   0: 3 0x80009d78 (0xff9ff06f)
core   0: 0x80009d70 (0x00006f17) auipc   t5, 0x6
core   0: 3 0x80009d70 (0x00006f17) x30 0x8000fd70
core   0: 0x80009d74 (0x283f2823) sw      gp, 656(t5)
core   0: 3 0x80009d74 (0x283f2823) mem 0x80010000 0x00000001
core   0: 0x80009d78 (0xff9ff06f) j       pc - 0x8
core   0: 3 0x80009d78 (0xff9ff06f)
core   0: 0x80009d70 (0x00006f17) auipc   t5, 0x6
core   0: 3 0x80009d70 (0x00006f17) x30 0x8000fd70
core   0: 0x80009d74 (0x283f2823) sw      gp, 656(t5)
core   0: 3 0x80009d74 (0x283f2823) mem 0x80010000 0x00000001
core   0: 0x80009d78 (0xff9ff06f) j       pc - 0x8
core   0: 3 0x80009d78 (0xff9ff06f)
core   0: 0x80009d70 (0x00006f17) auipc   t5, 0x6
core   0: 3 0x80009d70 (0x00006f17) x30 0x8000fd70
core   0: 0x80009d74 (0x283f2823) sw      gp, 656(t5)
core   0: 3 0x80009d74 (0x283f2823) mem 0x80010000 0x00000001
core   0: 0x80009d78 (0xff9ff06f) j       pc - 0x8
core   0: 3 0x80009d78 (0xff9ff06f)
core   0: 0x80009d70 (0x00006f17) auipc   t5, 0x6
core   0: 3 0x80009d70 (0x00006f17) x30 0x8000fd70
core   0: 0x80009d74 (0x283f2823) sw      gp, 656(t5)
core   0: 3 0x80009d74 (0x283f2823) mem 0x80010000 0x00000001
core   0: 0x80009d78 (0xff9ff06f) j       pc - 0x8
core   0: 3 0x80009d78 (0xff9ff06f)
core   0: 0x80009d70 (0x00006f17) auipc   t5, 0x6
core   0: 3 0x80009d70 (0x00006f17) x30 0x8000fd70
core   0: 0x80009d74 (0x283f2823) sw      gp, 656(t5)
core   0: 3 0x80009d74 (0x283f2823) mem 0x80010000 0x00000001
core   0: 0x80009d78 (0xff9ff06f) j       pc - 0x8
core   0: 3 0x80009d78 (0xff9ff06f)
core   0: 0x80009d70 (0x00006f17) auipc   t5, 0x6
core   0: 3 0x80009d70 (0x00006f17) x30 0x8000fd70
core   0: 0x80009d74 (0x283f2823) sw      gp, 656(t5)
core   0: 3 0x80009d74 (0x283f2823) mem 0x80010000 0x00000001
core   0: 0x80009d78 (0xff9ff06f) j       pc - 0x8
core   0: 3 0x80009d78 (0xff9ff06f)
core   0: 0x80009d70 (0x00006f17) auipc   t5, 0x6
core   0: 3 0x80009d70 (0x00006f17) x30 0x8000fd70
core   0: 0x80009d74 (0x283f2823) sw      gp, 656(t5)
core   0: 3 0x80009d74 (0x283f2823) mem 0x80010000 0x00000001
core   0: 0x80009d78 (0xff9ff06f) j       pc - 0x8
core   0: 3 0x80009d78 (0xff9ff06f)
core   0: 0x80009d70 (0x00006f17) auipc   t5, 0x6
core   0: 3 0x80009d70 (0x00006f17) x30 0x8000fd70
core   0: 0x80009d74 (0x283f2823) sw      gp, 656(t5)
core   0: 3 0x80009d74 (0x283f2823) mem 0x80010000 0x00000001
core   0: 0x80009d78 (0xff9ff06f) j       pc - 0x8
core   0: 3 0x80009d78 (0xff9ff06f)
core   0: 0x80009d70 (0x00006f17) auipc   t5, 0x6
core   0: 3 0x80009d70 (0x00006f17) x30 0x8000fd70
core   0: 0x80009d74 (0x283f2823) sw      gp, 656(t5)
core   0: 3 0x80009d74 (0x283f2823) mem 0x80010000 0x00000001
core   0: 0x80009d78 (0xff9ff06f) j       pc - 0x8
core   0: 3 0x80009d78 (0xff9ff06f)
core   0: 0x80009d70 (0x00006f17) auipc   t5, 0x6
core   0: 3 0x80009d70 (0x00006f17) x30 0x8000fd70
core   0: 0x80009d74 (0x283f2823) sw      gp, 656(t5)
core   0: 3 0x80009d74 (0x283f2823) mem 0x80010000 0x00000001
core   0: 0x80009d78 (0xff9ff06f) j       pc - 0x8
core   0: 3 0x80009d78 (0xff9ff06f)
core   0: 0x80009d70 (0x00006f17) auipc   t5, 0x6
core   0: 3 0x80009d70 (0x00006f17) x30 0x8000fd70
core   0: 0x80009d74 (0x283f2823) sw      gp, 656(t5)
core   0: 3 0x80009d74 (0x283f2823) mem 0x80010000 0x00000001
core   0: 0x80009d78 (0xff9ff06f) j       pc - 0x8
core   0: 3 0x80009d78 (0xff9ff06f)
core   0: 0x80009d70 (0x00006f17) auipc   t5, 0x6
core   0: 3 0x80009d70 (0x00006f17) x30 0x8000fd70
core   0: 0x80009d74 (0x283f2823) sw      gp, 656(t5)
core   0: 3 0x80009d74 (0x283f2823) mem 0x80010000 0x00000001
core   0: 0x80009d78 (0xff9ff06f) j       pc - 0x8
core   0: 3 0x80009d78 (0xff9ff06f)
core   0: 0x80009d70 (0x00006f17) auipc   t5, 0x6
core   0: 3 0x80009d70 (0x00006f17) x30 0x8000fd70
core   0: 0x80009d74 (0x283f2823) sw      gp, 656(t5)
core   0: 3 0x80009d74 (0x283f2823) mem 0x80010000 0x00000001
core   0: 0x80009d78 (0xff9ff06f) j       pc - 0x8
core   0: 3 0x80009d78 (0xff9ff06f)
core   0: 0x80009d70 (0x00006f17) auipc   t5, 0x6
core   0: 3 0x80009d70 (0x00006f17) x30 0x8000fd70
core   0: 0x80009d74 (0x283f2823) sw      gp, 656(t5)
core   0: 3 0x80009d74 (0x283f2823) mem 0x80010000 0x00000001
core   0: 0x80009d78 (0xff9ff06f) j       pc - 0x8
core   0: 3 0x80009d78 (0xff9ff06f)
core   0: 0x80009d70 (0x00006f17) auipc   t5, 0x6
core   0: 3 0x80009d70 (0x00006f17) x30 0x8000fd70
core   0: 0x80009d74 (0x283f2823) sw      gp, 656(t5)
core   0: 3 0x80009d74 (0x283f2823) mem 0x80010000 0x00000001
core   0: 0x80009d78 (0xff9ff06f) j       pc - 0x8
core   0: 3 0x80009d78 (0xff9ff06f)
core   0: 0x80009d70 (0x00006f17) auipc   t5, 0x6
core   0: 3 0x80009d70 (0x00006f17) x30 0x8000fd70
core   0: 0x80009d74 (0x283f2823) sw      gp, 656(t5)
core   0: 3 0x80009d74 (0x283f2823) mem 0x80010000 0x00000001
core   0: 0x80009d78 (0xff9ff06f) j       pc - 0x8
core   0: 3 0x80009d78 (0xff9ff06f)
core   0: 0x80009d70 (0x00006f17) auipc   t5, 0x6
core   0: 3 0x80009d70 (0x00006f17) x30 0x8000fd70
core   0: 0x80009d74 (0x283f2823) sw      gp, 656(t5)
core   0: 3 0x80009d74 (0x283f2823) mem 0x80010000 0x00000001
core   0: 0x80009d78 (0xff9ff06f) j       pc - 0x8
core   0: 3 0x80009d78 (0xff9ff06f)
core   0: 0x80009d70 (0x00006f17) auipc   t5, 0x6
core   0: 3 0x80009d70 (0x00006f17) x30 0x8000fd70
core   0: 0x80009d74 (0x283f2823) sw      gp, 656(t5)
core   0: 3 0x80009d74 (0x283f2823) mem 0x80010000 0x00000001
core   0: 0x80009d78 (0xff9ff06f) j       pc - 0x8
core   0: 3 0x80009d78 (0xff9ff06f)
core   0: 0x80009d70 (0x00006f17) auipc   t5, 0x6
core   0: 3 0x80009d70 (0x00006f17) x30 0x8000fd70
core   0: 0x80009d74 (0x283f2823) sw      gp, 656(t5)
core   0: 3 0x80009d74 (0x283f2823) mem 0x80010000 0x00000001
core   0: 0x80009d78 (0xff9ff06f) j       pc - 0x8
core   0: 3 0x80009d78 (0xff9ff06f)
core   0: 0x80009d70 (0x00006f17) auipc   t5, 0x6
core   0: 3 0x80009d70 (0x00006f17) x30 0x8000fd70
core   0: 0x80009d74 (0x283f2823) sw      gp, 656(t5)
core   0: 3 0x80009d74 (0x283f2823) mem 0x80010000 0x00000001
core   0: 0x80009d78 (0xff9ff06f) j       pc - 0x8
core   0: 3 0x80009d78 (0xff9ff06f)
core   0: 0x80009d70 (0x00006f17) auipc   t5, 0x6
core   0: 3 0x80009d70 (0x00006f17) x30 0x8000fd70
core   0: 0x80009d74 (0x283f2823) sw      gp, 656(t5)
core   0: 3 0x80009d74 (0x283f2823) mem 0x80010000 0x00000001
core   0: 0x80009d78 (0xff9ff06f) j       pc - 0x8
core   0: 3 0x80009d78 (0xff9ff06f)
core   0: 0x80009d70 (0x00006f17) auipc   t5, 0x6
core   0: 3 0x80009d70 (0x00006f17) x30 0x8000fd70
core   0: 0x80009d74 (0x283f2823) sw      gp, 656(t5)
core   0: 3 0x80009d74 (0x283f2823) mem 0x80010000 0x00000001
core   0: 0x80009d78 (0xff9ff06f) j       pc - 0x8
core   0: 3 0x80009d78 (0xff9ff06f)
core   0: 0x80009d70 (0x00006f17) auipc   t5, 0x6
core   0: 3 0x80009d70 (0x00006f17) x30 0x8000fd70
core   0: 0x80009d74 (0x283f2823) sw      gp, 656(t5)
core   0: 3 0x80009d74 (0x283f2823) mem 0x80010000 0x00000001
core   0: 0x80009d78 (0xff9ff06f) j       pc - 0x8
core   0: 3 0x80009d78 (0xff9ff06f)
core   0: 0x80009d70 (0x00006f17) auipc   t5, 0x6
core   0: 3 0x80009d70 (0x00006f17) x30 0x8000fd70
core   0: 0x80009d74 (0x283f2823) sw      gp, 656(t5)
core   0: 3 0x80009d74 (0x283f2823) mem 0x80010000 0x00000001
core   0: 0x80009d78 (0xff9ff06f) j       pc - 0x8
core   0: 3 0x80009d78 (0xff9ff06f)
core   0: 0x80009d70 (0x00006f17) auipc   t5, 0x6
core   0: 3 0x80009d70 (0x00006f17) x30 0x8000fd70
core   0: 0x80009d74 (0x283f2823) sw      gp, 656(t5)
core   0: 3 0x80009d74 (0x283f2823) mem 0x80010000 0x00000001
core   0: 0x80009d78 (0xff9ff06f) j       pc - 0x8
core   0: 3 0x80009d78 (0xff9ff06f)
core   0: 0x80009d70 (0x00006f17) auipc   t5, 0x6
core   0: 3 0x80009d70 (0x00006f17) x30 0x8000fd70
core   0: 0x80009d74 (0x283f2823) sw      gp, 656(t5)
core   0: 3 0x80009d74 (0x283f2823) mem 0x80010000 0x00000001
core   0: 0x80009d78 (0xff9ff06f) j       pc - 0x8
core   0: 3 0x80009d78 (0xff9ff06f)
core   0: 0x80009d70 (0x00006f17) auipc   t5, 0x6
core   0: 3 0x80009d70 (0x00006f17) x30 0x8000fd70
core   0: 0x80009d74 (0x283f2823) sw      gp, 656(t5)
core   0: 3 0x80009d74 (0x283f2823) mem 0x80010000 0x00000001
core   0: 0x80009d78 (0xff9ff06f) j       pc - 0x8
core   0: 3 0x80009d78 (0xff9ff06f)
core   0: 0x80009d70 (0x00006f17) auipc   t5, 0x6
core   0: 3 0x80009d70 (0x00006f17) x30 0x8000fd70
core   0: 0x80009d74 (0x283f2823) sw      gp, 656(t5)
core   0: 3 0x80009d74 (0x283f2823) mem 0x80010000 0x00000001
core   0: 0x80009d78 (0xff9ff06f) j       pc - 0x8
core   0: 3 0x80009d78 (0xff9ff06f)
core   0: 0x80009d70 (0x00006f17) auipc   t5, 0x6
core   0: 3 0x80009d70 (0x00006f17) x30 0x8000fd70
core   0: 0x80009d74 (0x283f2823) sw      gp, 656(t5)
core   0: 3 0x80009d74 (0x283f2823) mem 0x80010000 0x00000001
core   0: 0x80009d78 (0xff9ff06f) j       pc - 0x8
core   0: 3 0x80009d78 (0xff9ff06f)
core   0: 0x80009d70 (0x00006f17) auipc   t5, 0x6
core   0: 3 0x80009d70 (0x00006f17) x30 0x8000fd70
core   0: 0x80009d74 (0x283f2823) sw      gp, 656(t5)
core   0: 3 0x80009d74 (0x283f2823) mem 0x80010000 0x00000001
core   0: 0x80009d78 (0xff9ff06f) j       pc - 0x8
core   0: 3 0x80009d78 (0xff9ff06f)
core   0: 0x80009d70 (0x00006f17) auipc   t5, 0x6
core   0: 3 0x80009d70 (0x00006f17) x30 0x8000fd70
core   0: 0x80009d74 (0x283f2823) sw      gp, 656(t5)
core   0: 3 0x80009d74 (0x283f2823) mem 0x80010000 0x00000001
core   0: 0x80009d78 (0xff9ff06f) j       pc - 0x8
core   0: 3 0x80009d78 (0xff9ff06f)
core   0: 0x80009d70 (0x00006f17) auipc   t5, 0x6
core   0: 3 0x80009d70 (0x00006f17) x30 0x8000fd70
core   0: 0x80009d74 (0x283f2823) sw      gp, 656(t5)
core   0: 3 0x80009d74 (0x283f2823) mem 0x80010000 0x00000001
core   0: 0x80009d78 (0xff9ff06f) j       pc - 0x8
core   0: 3 0x80009d78 (0xff9ff06f)
core   0: 0x80009d70 (0x00006f17) auipc   t5, 0x6
core   0: 3 0x80009d70 (0x00006f17) x30 0x8000fd70
core   0: 0x80009d74 (0x283f2823) sw      gp, 656(t5)
core   0: 3 0x80009d74 (0x283f2823) mem 0x80010000 0x00000001
core   0: 0x80009d78 (0xff9ff06f) j       pc - 0x8
core   0: 3 0x80009d78 (0xff9ff06f)
core   0: 0x80009d70 (0x00006f17) auipc   t5, 0x6
core   0: 3 0x80009d70 (0x00006f17) x30 0x8000fd70
core   0: 0x80009d74 (0x283f2823) sw      gp, 656(t5)
core   0: 3 0x80009d74 (0x283f2823) mem 0x80010000 0x00000001
core   0: 0x80009d78 (0xff9ff06f) j       pc - 0x8
core   0: 3 0x80009d78 (0xff9ff06f)
core   0: 0x80009d70 (0x00006f17) auipc   t5, 0x6
core   0: 3 0x80009d70 (0x00006f17) x30 0x8000fd70
core   0: 0x80009d74 (0x283f2823) sw      gp, 656(t5)
core   0: 3 0x80009d74 (0x283f2823) mem 0x80010000 0x00000001
core   0: 0x80009d78 (0xff9ff06f) j       pc - 0x8
core   0: 3 0x80009d78 (0xff9ff06f)
core   0: 0x80009d70 (0x00006f17) auipc   t5, 0x6
core   0: 3 0x80009d70 (0x00006f17) x30 0x8000fd70
core   0: 0x80009d74 (0x283f2823) sw      gp, 656(t5)
core   0: 3 0x80009d74 (0x283f2823) mem 0x80010000 0x00000001
core   0: 0x80009d78 (0xff9ff06f) j       pc - 0x8
core   0: 3 0x80009d78 (0xff9ff06f)
core   0: 0x80009d70 (0x00006f17) auipc   t5, 0x6
core   0: 3 0x80009d70 (0x00006f17) x30 0x8000fd70
core   0: 0x80009d74 (0x283f2823) sw      gp, 656(t5)
core   0: 3 0x80009d74 (0x283f2823) mem 0x80010000 0x00000001
core   0: 0x80009d78 (0xff9ff06f) j       pc - 0x8
core   0: 3 0x80009d78 (0xff9ff06f)
core   0: 0x80009d70 (0x00006f17) auipc   t5, 0x6
core   0: 3 0x80009d70 (0x00006f17) x30 0x8000fd70
core   0: 0x80009d74 (0x283f2823) sw      gp, 656(t5)
core   0: 3 0x80009d74 (0x283f2823) mem 0x80010000 0x00000001
core   0: 0x80009d78 (0xff9ff06f) j       pc - 0x8
core   0: 3 0x80009d78 (0xff9ff06f)
core   0: 0x80009d70 (0x00006f17) auipc   t5, 0x6
core   0: 3 0x80009d70 (0x00006f17) x30 0x8000fd70
core   0: 0x80009d74 (0x283f2823) sw      gp, 656(t5)
core   0: 3 0x80009d74 (0x283f2823) mem 0x80010000 0x00000001
core   0: 0x80009d78 (0xff9ff06f) j       pc - 0x8
core   0: 3 0x80009d78 (0xff9ff06f)
core   0: 0x80009d70 (0x00006f17) auipc   t5, 0x6
core   0: 3 0x80009d70 (0x00006f17) x30 0x8000fd70
core   0: 0x80009d74 (0x283f2823) sw      gp, 656(t5)
core   0: 3 0x80009d74 (0x283f2823) mem 0x80010000 0x00000001
core   0: 0x80009d78 (0xff9ff06f) j       pc - 0x8
core   0: 3 0x80009d78 (0xff9ff06f)
core   0: 0x80009d70 (0x00006f17) auipc   t5, 0x6
core   0: 3 0x80009d70 (0x00006f17) x30 0x8000fd70
core   0: 0x80009d74 (0x283f2823) sw      gp, 656(t5)
core   0: 3 0x80009d74 (0x283f2823) mem 0x80010000 0x00000001
core   0: 0x80009d78 (0xff9ff06f) j       pc - 0x8
core   0: 3 0x80009d78 (0xff9ff06f)
core   0: 0x80009d70 (0x00006f17) auipc   t5, 0x6
core   0: 3 0x80009d70 (0x00006f17) x30 0x8000fd70
core   0: 0x80009d74 (0x283f2823) sw      gp, 656(t5)
core   0: 3 0x80009d74 (0x283f2823) mem 0x80010000 0x00000001
core   0: 0x80009d78 (0xff9ff06f) j       pc - 0x8
core   0: 3 0x80009d78 (0xff9ff06f)
core   0: 0x80009d70 (0x00006f17) auipc   t5, 0x6
core   0: 3 0x80009d70 (0x00006f17) x30 0x8000fd70
core   0: 0x80009d74 (0x283f2823) sw      gp, 656(t5)
core   0: 3 0x80009d74 (0x283f2823) mem 0x80010000 0x00000001
core   0: 0x80009d78 (0xff9ff06f) j       pc - 0x8
core   0: 3 0x80009d78 (0xff9ff06f)
core   0: 0x80009d70 (0x00006f17) auipc   t5, 0x6
core   0: 3 0x80009d70 (0x00006f17) x30 0x8000fd70
core   0: 0x80009d74 (0x283f2823) sw      gp, 656(t5)
core   0: 3 0x80009d74 (0x283f2823) mem 0x80010000 0x00000001
core   0: 0x80009d78 (0xff9ff06f) j       pc - 0x8
core   0: 3 0x80009d78 (0xff9ff06f)
core   0: 0x80009d70 (0x00006f17) auipc   t5, 0x6
core   0: 3 0x80009d70 (0x00006f17) x30 0x8000fd70
core   0: 0x80009d74 (0x283f2823) sw      gp, 656(t5)
core   0: 3 0x80009d74 (0x283f2823) mem 0x80010000 0x00000001
core   0: 0x80009d78 (0xff9ff06f) j       pc - 0x8
core   0: 3 0x80009d78 (0xff9ff06f)
core   0: 0x80009d70 (0x00006f17) auipc   t5, 0x6
core   0: 3 0x80009d70 (0x00006f17) x30 0x8000fd70
core   0: 0x80009d74 (0x283f2823) sw      gp, 656(t5)
core   0: 3 0x80009d74 (0x283f2823) mem 0x80010000 0x00000001
core   0: 0x80009d78 (0xff9ff06f) j       pc - 0x8
core   0: 3 0x80009d78 (0xff9ff06f)
core   0: 0x80009d70 (0x00006f17) auipc   t5, 0x6
core   0: 3 0x80009d70 (0x00006f17) x30 0x8000fd70
core   0: 0x80009d74 (0x283f2823) sw      gp, 656(t5)
core   0: 3 0x80009d74 (0x283f2823) mem 0x80010000 0x00000001
core   0: 0x80009d78 (0xff9ff06f) j       pc - 0x8
core   0: 3 0x80009d78 (0xff9ff06f)
core   0: 0x80009d70 (0x00006f17) auipc   t5, 0x6
core   0: 3 0x80009d70 (0x00006f17) x30 0x8000fd70
core   0: 0x80009d74 (0x283f2823) sw      gp, 656(t5)
core   0: 3 0x80009d74 (0x283f2823) mem 0x80010000 0x00000001
core   0: 0x80009d78 (0xff9ff06f) j       pc - 0x8
core   0: 3 0x80009d78 (0xff9ff06f)
core   0: 0x80009d70 (0x00006f17) auipc   t5, 0x6
core   0: 3 0x80009d70 (0x00006f17) x30 0x8000fd70
core   0: 0x80009d74 (0x283f2823) sw      gp, 656(t5)
core   0: 3 0x80009d74 (0x283f2823) mem 0x80010000 0x00000001
core   0: 0x80009d78 (0xff9ff06f) j       pc - 0x8
core   0: 3 0x80009d78 (0xff9ff06f)
core   0: 0x80009d70 (0x00006f17) auipc   t5, 0x6
core   0: 3 0x80009d70 (0x00006f17) x30 0x8000fd70
core   0: 0x80009d74 (0x283f2823) sw      gp, 656(t5)
core   0: 3 0x80009d74 (0x283f2823) mem 0x80010000 0x00000001
core   0: 0x80009d78 (0xff9ff06f) j       pc - 0x8
core   0: 3 0x80009d78 (0xff9ff06f)
core   0: 0x80009d70 (0x00006f17) auipc   t5, 0x6
core   0: 3 0x80009d70 (0x00006f17) x30 0x8000fd70
core   0: 0x80009d74 (0x283f2823) sw      gp, 656(t5)
core   0: 3 0x80009d74 (0x283f2823) mem 0x80010000 0x00000001
core   0: 0x80009d78 (0xff9ff06f) j       pc - 0x8
core   0: 3 0x80009d78 (0xff9ff06f)
core   0: 0x80009d70 (0x00006f17) auipc   t5, 0x6
core   0: 3 0x80009d70 (0x00006f17) x30 0x8000fd70
core   0: 0x80009d74 (0x283f2823) sw      gp, 656(t5)
core   0: 3 0x80009d74 (0x283f2823) mem 0x80010000 0x00000001
core   0: 0x80009d78 (0xff9ff06f) j       pc - 0x8
core   0: 3 0x80009d78 (0xff9ff06f)
core   0: 0x80009d70 (0x00006f17) auipc   t5, 0x6
core   0: 3 0x80009d70 (0x00006f17) x30 0x8000fd70
core   0: 0x80009d74 (0x283f2823) sw      gp, 656(t5)
core   0: 3 0x80009d74 (0x283f2823) mem 0x80010000 0x00000001
core   0: 0x80009d78 (0xff9ff06f) j       pc - 0x8
core   0: 3 0x80009d78 (0xff9ff06f)
core   0: 0x80009d70 (0x00006f17) auipc   t5, 0x6
core   0: 3 0x80009d70 (0x00006f17) x30 0x8000fd70
core   0: 0x80009d74 (0x283f2823) sw      gp, 656(t5)
core   0: 3 0x80009d74 (0x283f2823) mem 0x80010000 0x00000001
core   0: 0x80009d78 (0xff9ff06f) j       pc - 0x8
core   0: 3 0x80009d78 (0xff9ff06f)
core   0: 0x80009d70 (0x00006f17) auipc   t5, 0x6
core   0: 3 0x80009d70 (0x00006f17) x30 0x8000fd70
core   0: 0x80009d74 (0x283f2823) sw      gp, 656(t5)
core   0: 3 0x80009d74 (0x283f2823) mem 0x80010000 0x00000001
core   0: 0x80009d78 (0xff9ff06f) j       pc - 0x8
core   0: 3 0x80009d78 (0xff9ff06f)
core   0: 0x80009d70 (0x00006f17) auipc   t5, 0x6
core   0: 3 0x80009d70 (0x00006f17) x30 0x8000fd70
core   0: 0x80009d74 (0x283f2823) sw      gp, 656(t5)
core   0: 3 0x80009d74 (0x283f2823) mem 0x80010000 0x00000001
core   0: 0x80009d78 (0xff9ff06f) j       pc - 0x8
core   0: 3 0x80009d78 (0xff9ff06f)
core   0: 0x80009d70 (0x00006f17) auipc   t5, 0x6
core   0: 3 0x80009d70 (0x00006f17) x30 0x8000fd70
core   0: 0x80009d74 (0x283f2823) sw      gp, 656(t5)
core   0: 3 0x80009d74 (0x283f2823) mem 0x80010000 0x00000001
core   0: 0x80009d78 (0xff9ff06f) j       pc - 0x8
core   0: 3 0x80009d78 (0xff9ff06f)
core   0: 0x80009d70 (0x00006f17) auipc   t5, 0x6
core   0: 3 0x80009d70 (0x00006f17) x30 0x8000fd70
core   0: 0x80009d74 (0x283f2823) sw      gp, 656(t5)
core   0: 3 0x80009d74 (0x283f2823) mem 0x80010000 0x00000001
core   0: 0x80009d78 (0xff9ff06f) j       pc - 0x8
core   0: 3 0x80009d78 (0xff9ff06f)
core   0: 0x80009d70 (0x00006f17) auipc   t5, 0x6
core   0: 3 0x80009d70 (0x00006f17) x30 0x8000fd70
core   0: 0x80009d74 (0x283f2823) sw      gp, 656(t5)
core   0: 3 0x80009d74 (0x283f2823) mem 0x80010000 0x00000001
core   0: 0x80009d78 (0xff9ff06f) j       pc - 0x8
core   0: 3 0x80009d78 (0xff9ff06f)
core   0: 0x80009d70 (0x00006f17) auipc   t5, 0x6
core   0: 3 0x80009d70 (0x00006f17) x30 0x8000fd70
core   0: 0x80009d74 (0x283f2823) sw      gp, 656(t5)
core   0: 3 0x80009d74 (0x283f2823) mem 0x80010000 0x00000001
core   0: 0x80009d78 (0xff9ff06f) j       pc - 0x8
core   0: 3 0x80009d78 (0xff9ff06f)
core   0: 0x80009d70 (0x00006f17) auipc   t5, 0x6
core   0: 3 0x80009d70 (0x00006f17) x30 0x8000fd70
core   0: 0x80009d74 (0x283f2823) sw      gp, 656(t5)
core   0: 3 0x80009d74 (0x283f2823) mem 0x80010000 0x00000001
core   0: 0x80009d78 (0xff9ff06f) j       pc - 0x8
core   0: 3 0x80009d78 (0xff9ff06f)
core   0: 0x80009d70 (0x00006f17) auipc   t5, 0x6
core   0: 3 0x80009d70 (0x00006f17) x30 0x8000fd70
core   0: 0x80009d74 (0x283f2823) sw      gp, 656(t5)
core   0: 3 0x80009d74 (0x283f2823) mem 0x80010000 0x00000001
core   0: 0x80009d78 (0xff9ff06f) j       pc - 0x8
core   0: 3 0x80009d78 (0xff9ff06f)
core   0: 0x80009d70 (0x00006f17) auipc   t5, 0x6
core   0: 3 0x80009d70 (0x00006f17) x30 0x8000fd70
core   0: 0x80009d74 (0x283f2823) sw      gp, 656(t5)
core   0: 3 0x80009d74 (0x283f2823) mem 0x80010000 0x00000001
core   0: 0x80009d78 (0xff9ff06f) j       pc - 0x8
core   0: 3 0x80009d78 (0xff9ff06f)
core   0: 0x80009d70 (0x00006f17) auipc   t5, 0x6
core   0: 3 0x80009d70 (0x00006f17) x30 0x8000fd70
core   0: 0x80009d74 (0x283f2823) sw      gp, 656(t5)
core   0: 3 0x80009d74 (0x283f2823) mem 0x80010000 0x00000001
core   0: 0x80009d78 (0xff9ff06f) j       pc - 0x8
core   0: 3 0x80009d78 (0xff9ff06f)
core   0: 0x80009d70 (0x00006f17) auipc   t5, 0x6
core   0: 3 0x80009d70 (0x00006f17) x30 0x8000fd70
core   0: 0x80009d74 (0x283f2823) sw      gp, 656(t5)
core   0: 3 0x80009d74 (0x283f2823) mem 0x80010000 0x00000001
core   0: 0x80009d78 (0xff9ff06f) j       pc - 0x8
core   0: 3 0x80009d78 (0xff9ff06f)
core   0: 0x80009d70 (0x00006f17) auipc   t5, 0x6
core   0: 3 0x80009d70 (0x00006f17) x30 0x8000fd70
core   0: 0x80009d74 (0x283f2823) sw      gp, 656(t5)
core   0: 3 0x80009d74 (0x283f2823) mem 0x80010000 0x00000001
core   0: 0x80009d78 (0xff9ff06f) j       pc - 0x8
core   0: 3 0x80009d78 (0xff9ff06f)
core   0: 0x80009d70 (0x00006f17) auipc   t5, 0x6
core   0: 3 0x80009d70 (0x00006f17) x30 0x8000fd70
core   0: 0x80009d74 (0x283f2823) sw      gp, 656(t5)
core   0: 3 0x80009d74 (0x283f2823) mem 0x80010000 0x00000001
core   0: 0x80009d78 (0xff9ff06f) j       pc - 0x8
core   0: 3 0x80009d78 (0xff9ff06f)
core   0: 0x80009d70 (0x00006f17) auipc   t5, 0x6
core   0: 3 0x80009d70 (0x00006f17) x30 0x8000fd70
core   0: 0x80009d74 (0x283f2823) sw      gp, 656(t5)
core   0: 3 0x80009d74 (0x283f2823) mem 0x80010000 0x00000001
core   0: 0x80009d78 (0xff9ff06f) j       pc - 0x8
core   0: 3 0x80009d78 (0xff9ff06f)
core   0: 0x80009d70 (0x00006f17) auipc   t5, 0x6
core   0: 3 0x80009d70 (0x00006f17) x30 0x8000fd70
core   0: 0x80009d74 (0x283f2823) sw      gp, 656(t5)
core   0: 3 0x80009d74 (0x283f2823) mem 0x80010000 0x00000001
core   0: 0x80009d78 (0xff9ff06f) j       pc - 0x8
core   0: 3 0x80009d78 (0xff9ff06f)
core   0: 0x80009d70 (0x00006f17) auipc   t5, 0x6
core   0: 3 0x80009d70 (0x00006f17) x30 0x8000fd70
core   0: 0x80009d74 (0x283f2823) sw      gp, 656(t5)
core   0: 3 0x80009d74 (0x283f2823) mem 0x80010000 0x00000001
core   0: 0x80009d78 (0xff9ff06f) j       pc - 0x8
core   0: 3 0x80009d78 (0xff9ff06f)
core   0: 0x80009d70 (0x00006f17) auipc   t5, 0x6
core   0: 3 0x80009d70 (0x00006f17) x30 0x8000fd70
core   0: 0x80009d74 (0x283f2823) sw      gp, 656(t5)
core   0: 3 0x80009d74 (0x283f2823) mem 0x80010000 0x00000001
core   0: 0x80009d78 (0xff9ff06f) j       pc - 0x8
core   0: 3 0x80009d78 (0xff9ff06f)
core   0: 0x80009d70 (0x00006f17) auipc   t5, 0x6
core   0: 3 0x80009d70 (0x00006f17) x30 0x8000fd70
core   0: 0x80009d74 (0x283f2823) sw      gp, 656(t5)
core   0: 3 0x80009d74 (0x283f2823) mem 0x80010000 0x00000001
core   0: 0x80009d78 (0xff9ff06f) j       pc - 0x8
core   0: 3 0x80009d78 (0xff9ff06f)
core   0: 0x80009d70 (0x00006f17) auipc   t5, 0x6
core   0: 3 0x80009d70 (0x00006f17) x30 0x8000fd70
core   0: 0x80009d74 (0x283f2823) sw      gp, 656(t5)
core   0: 3 0x80009d74 (0x283f2823) mem 0x80010000 0x00000001
core   0: 0x80009d78 (0xff9ff06f) j       pc - 0x8
core   0: 3 0x80009d78 (0xff9ff06f)
core   0: 0x80009d70 (0x00006f17) auipc   t5, 0x6
core   0: 3 0x80009d70 (0x00006f17) x30 0x8000fd70
core   0: 0x80009d74 (0x283f2823) sw      gp, 656(t5)
core   0: 3 0x80009d74 (0x283f2823) mem 0x80010000 0x00000001
core   0: 0x80009d78 (0xff9ff06f) j       pc - 0x8
core   0: 3 0x80009d78 (0xff9ff06f)
core   0: 0x80009d70 (0x00006f17) auipc   t5, 0x6
core   0: 3 0x80009d70 (0x00006f17) x30 0x8000fd70
core   0: 0x80009d74 (0x283f2823) sw      gp, 656(t5)
core   0: 3 0x80009d74 (0x283f2823) mem 0x80010000 0x00000001
core   0: 0x80009d78 (0xff9ff06f) j       pc - 0x8
core   0: 3 0x80009d78 (0xff9ff06f)
core   0: 0x80009d70 (0x00006f17) auipc   t5, 0x6
core   0: 3 0x80009d70 (0x00006f17) x30 0x8000fd70
core   0: 0x80009d74 (0x283f2823) sw      gp, 656(t5)
core   0: 3 0x80009d74 (0x283f2823) mem 0x80010000 0x00000001
core   0: 0x80009d78 (0xff9ff06f) j       pc - 0x8
core   0: 3 0x80009d78 (0xff9ff06f)
core   0: 0x80009d70 (0x00006f17) auipc   t5, 0x6
core   0: 3 0x80009d70 (0x00006f17) x30 0x8000fd70
core   0: 0x80009d74 (0x283f2823) sw      gp, 656(t5)
core   0: 3 0x80009d74 (0x283f2823) mem 0x80010000 0x00000001
core   0: 0x80009d78 (0xff9ff06f) j       pc - 0x8
core   0: 3 0x80009d78 (0xff9ff06f)
core   0: 0x80009d70 (0x00006f17) auipc   t5, 0x6
core   0: 3 0x80009d70 (0x00006f17) x30 0x8000fd70
core   0: 0x80009d74 (0x283f2823) sw      gp, 656(t5)
core   0: 3 0x80009d74 (0x283f2823) mem 0x80010000 0x00000001
core   0: 0x80009d78 (0xff9ff06f) j       pc - 0x8
core   0: 3 0x80009d78 (0xff9ff06f)
core   0: 0x80009d70 (0x00006f17) auipc   t5, 0x6
core   0: 3 0x80009d70 (0x00006f17) x30 0x8000fd70
core   0: 0x80009d74 (0x283f2823) sw      gp, 656(t5)
core   0: 3 0x80009d74 (0x283f2823) mem 0x80010000 0x00000001
core   0: 0x80009d78 (0xff9ff06f) j       pc - 0x8
core   0: 3 0x80009d78 (0xff9ff06f)
core   0: 0x80009d70 (0x00006f17) auipc   t5, 0x6
core   0: 3 0x80009d70 (0x00006f17) x30 0x8000fd70
core   0: 0x80009d74 (0x283f2823) sw      gp, 656(t5)
core   0: 3 0x80009d74 (0x283f2823) mem 0x80010000 0x00000001
core   0: 0x80009d78 (0xff9ff06f) j       pc - 0x8
core   0: 3 0x80009d78 (0xff9ff06f)
core   0: 0x80009d70 (0x00006f17) auipc   t5, 0x6
core   0: 3 0x80009d70 (0x00006f17) x30 0x8000fd70
core   0: 0x80009d74 (0x283f2823) sw      gp, 656(t5)
core   0: 3 0x80009d74 (0x283f2823) mem 0x80010000 0x00000001
core   0: 0x80009d78 (0xff9ff06f) j       pc - 0x8
core   0: 3 0x80009d78 (0xff9ff06f)
core   0: 0x80009d70 (0x00006f17) auipc   t5, 0x6
core   0: 3 0x80009d70 (0x00006f17) x30 0x8000fd70
core   0: 0x80009d74 (0x283f2823) sw      gp, 656(t5)
core   0: 3 0x80009d74 (0x283f2823) mem 0x80010000 0x00000001
core   0: 0x80009d78 (0xff9ff06f) j       pc - 0x8
core   0: 3 0x80009d78 (0xff9ff06f)
core   0: 0x80009d70 (0x00006f17) auipc   t5, 0x6
core   0: 3 0x80009d70 (0x00006f17) x30 0x8000fd70
core   0: 0x80009d74 (0x283f2823) sw      gp, 656(t5)
core   0: 3 0x80009d74 (0x283f2823) mem 0x80010000 0x00000001
core   0: 0x80009d78 (0xff9ff06f) j       pc - 0x8
core   0: 3 0x80009d78 (0xff9ff06f)
core   0: 0x80009d70 (0x00006f17) auipc   t5, 0x6
core   0: 3 0x80009d70 (0x00006f17) x30 0x8000fd70
core   0: 0x80009d74 (0x283f2823) sw      gp, 656(t5)
core   0: 3 0x80009d74 (0x283f2823) mem 0x80010000 0x00000001
core   0: 0x80009d78 (0xff9ff06f) j       pc - 0x8
core   0: 3 0x80009d78 (0xff9ff06f)
core   0: 0x80009d70 (0x00006f17) auipc   t5, 0x6
core   0: 3 0x80009d70 (0x00006f17) x30 0x8000fd70
core   0: 0x80009d74 (0x283f2823) sw      gp, 656(t5)
core   0: 3 0x80009d74 (0x283f2823) mem 0x80010000 0x00000001
core   0: 0x80009d78 (0xff9ff06f) j       pc - 0x8
core   0: 3 0x80009d78 (0xff9ff06f)
core   0: 0x80009d70 (0x00006f17) auipc   t5, 0x6
core   0: 3 0x80009d70 (0x00006f17) x30 0x8000fd70
core   0: 0x80009d74 (0x283f2823) sw      gp, 656(t5)
core   0: 3 0x80009d74 (0x283f2823) mem 0x80010000 0x00000001
core   0: 0x80009d78 (0xff9ff06f) j       pc - 0x8
core   0: 3 0x80009d78 (0xff9ff06f)
core   0: 0x80009d70 (0x00006f17) auipc   t5, 0x6
core   0: 3 0x80009d70 (0x00006f17) x30 0x8000fd70
core   0: 0x80009d74 (0x283f2823) sw      gp, 656(t5)
core   0: 3 0x80009d74 (0x283f2823) mem 0x80010000 0x00000001
core   0: 0x80009d78 (0xff9ff06f) j       pc - 0x8
core   0: 3 0x80009d78 (0xff9ff06f)
core   0: 0x80009d70 (0x00006f17) auipc   t5, 0x6
core   0: 3 0x80009d70 (0x00006f17) x30 0x8000fd70
core   0: 0x80009d74 (0x283f2823) sw      gp, 656(t5)
core   0: 3 0x80009d74 (0x283f2823) mem 0x80010000 0x00000001
core   0: 0x80009d78 (0xff9ff06f) j       pc - 0x8
core   0: 3 0x80009d78 (0xff9ff06f)
core   0: 0x80009d70 (0x00006f17) auipc   t5, 0x6
core   0: 3 0x80009d70 (0x00006f17) x30 0x8000fd70
core   0: 0x80009d74 (0x283f2823) sw      gp, 656(t5)
core   0: 3 0x80009d74 (0x283f2823) mem 0x80010000 0x00000001
core   0: 0x80009d78 (0xff9ff06f) j       pc - 0x8
core   0: 3 0x80009d78 (0xff9ff06f)
core   0: 0x80009d70 (0x00006f17) auipc   t5, 0x6
core   0: 3 0x80009d70 (0x00006f17) x30 0x8000fd70
core   0: 0x80009d74 (0x283f2823) sw      gp, 656(t5)
core   0: 3 0x80009d74 (0x283f2823) mem 0x80010000 0x00000001
core   0: 0x80009d78 (0xff9ff06f) j       pc - 0x8
core   0: 3 0x80009d78 (0xff9ff06f)
core   0: 0x80009d70 (0x00006f17) auipc   t5, 0x6
core   0: 3 0x80009d70 (0x00006f17) x30 0x8000fd70
core   0: 0x80009d74 (0x283f2823) sw      gp, 656(t5)
core   0: 3 0x80009d74 (0x283f2823) mem 0x80010000 0x00000001
core   0: 0x80009d78 (0xff9ff06f) j       pc - 0x8
core   0: 3 0x80009d78 (0xff9ff06f)
core   0: 0x80009d70 (0x00006f17) auipc   t5, 0x6
core   0: 3 0x80009d70 (0x00006f17) x30 0x8000fd70
core   0: 0x80009d74 (0x283f2823) sw      gp, 656(t5)
core   0: 3 0x80009d74 (0x283f2823) mem 0x80010000 0x00000001
core   0: 0x80009d78 (0xff9ff06f) j       pc - 0x8
core   0: 3 0x80009d78 (0xff9ff06f)
core   0: 0x80009d70 (0x00006f17) auipc   t5, 0x6
core   0: 3 0x80009d70 (0x00006f17) x30 0x8000fd70
core   0: 0x80009d74 (0x283f2823) sw      gp, 656(t5)
core   0: 3 0x80009d74 (0x283f2823) mem 0x80010000 0x00000001
core   0: 0x80009d78 (0xff9ff06f) j       pc - 0x8
core   0: 3 0x80009d78 (0xff9ff06f)
core   0: 0x80009d70 (0x00006f17) auipc   t5, 0x6
core   0: 3 0x80009d70 (0x00006f17) x30 0x8000fd70
core   0: 0x80009d74 (0x283f2823) sw      gp, 656(t5)
core   0: 3 0x80009d74 (0x283f2823) mem 0x80010000 0x00000001
core   0: 0x80009d78 (0xff9ff06f) j       pc - 0x8
core   0: 3 0x80009d78 (0xff9ff06f)
core   0: 0x80009d70 (0x00006f17) auipc   t5, 0x6
core   0: 3 0x80009d70 (0x00006f17) x30 0x8000fd70
core   0: 0x80009d74 (0x283f2823) sw      gp, 656(t5)
core   0: 3 0x80009d74 (0x283f2823) mem 0x80010000 0x00000001
core   0: 0x80009d78 (0xff9ff06f) j       pc - 0x8
core   0: 3 0x80009d78 (0xff9ff06f)
core   0: 0x80009d70 (0x00006f17) auipc   t5, 0x6
core   0: 3 0x80009d70 (0x00006f17) x30 0x8000fd70
core   0: 0x80009d74 (0x283f2823) sw      gp, 656(t5)
core   0: 3 0x80009d74 (0x283f2823) mem 0x80010000 0x00000001
core   0: 0x80009d78 (0xff9ff06f) j       pc - 0x8
core   0: 3 0x80009d78 (0xff9ff06f)
core   0: 0x80009d70 (0x00006f17) auipc   t5, 0x6
core   0: 3 0x80009d70 (0x00006f17) x30 0x8000fd70
core   0: 0x80009d74 (0x283f2823) sw      gp, 656(t5)
core   0: 3 0x80009d74 (0x283f2823) mem 0x80010000 0x00000001
core   0: 0x80009d78 (0xff9ff06f) j       pc - 0x8
core   0: 3 0x80009d78 (0xff9ff06f)
core   0: 0x80009d70 (0x00006f17) auipc   t5, 0x6
core   0: 3 0x80009d70 (0x00006f17) x30 0x8000fd70
core   0: 0x80009d74 (0x283f2823) sw      gp, 656(t5)
core   0: 3 0x80009d74 (0x283f2823) mem 0x80010000 0x00000001
core   0: 0x80009d78 (0xff9ff06f) j       pc - 0x8
core   0: 3 0x80009d78 (0xff9ff06f)
core   0: 0x80009d70 (0x00006f17) auipc   t5, 0x6
core   0: 3 0x80009d70 (0x00006f17) x30 0x8000fd70
core   0: 0x80009d74 (0x283f2823) sw      gp, 656(t5)
core   0: 3 0x80009d74 (0x283f2823) mem 0x80010000 0x00000001
core   0: 0x80009d78 (0xff9ff06f) j       pc - 0x8
core   0: 3 0x80009d78 (0xff9ff06f)
core   0: 0x80009d70 (0x00006f17) auipc   t5, 0x6
core   0: 3 0x80009d70 (0x00006f17) x30 0x8000fd70
core   0: 0x80009d74 (0x283f2823) sw      gp, 656(t5)
core   0: 3 0x80009d74 (0x283f2823) mem 0x80010000 0x00000001
core   0: 0x80009d78 (0xff9ff06f) j       pc - 0x8
core   0: 3 0x80009d78 (0xff9ff06f)
core   0: 0x80009d70 (0x00006f17) auipc   t5, 0x6
core   0: 3 0x80009d70 (0x00006f17) x30 0x8000fd70
core   0: 0x80009d74 (0x283f2823) sw      gp, 656(t5)
core   0: 3 0x80009d74 (0x283f2823) mem 0x80010000 0x00000001
core   0: 0x80009d78 (0xff9ff06f) j       pc - 0x8
core   0: 3 0x80009d78 (0xff9ff06f)
core   0: 0x80009d70 (0x00006f17) auipc   t5, 0x6
core   0: 3 0x80009d70 (0x00006f17) x30 0x8000fd70
core   0: 0x80009d74 (0x283f2823) sw      gp, 656(t5)
core   0: 3 0x80009d74 (0x283f2823) mem 0x80010000 0x00000001
core   0: 0x80009d78 (0xff9ff06f) j       pc - 0x8
core   0: 3 0x80009d78 (0xff9ff06f)
core   0: 0x80009d70 (0x00006f17) auipc   t5, 0x6
core   0: 3 0x80009d70 (0x00006f17) x30 0x8000fd70
core   0: 0x80009d74 (0x283f2823) sw      gp, 656(t5)
core   0: 3 0x80009d74 (0x283f2823) mem 0x80010000 0x00000001
core   0: 0x80009d78 (0xff9ff06f) j       pc - 0x8
core   0: 3 0x80009d78 (0xff9ff06f)
core   0: 0x80009d70 (0x00006f17) auipc   t5, 0x6
core   0: 3 0x80009d70 (0x00006f17) x30 0x8000fd70
core   0: 0x80009d74 (0x283f2823) sw      gp, 656(t5)
core   0: 3 0x80009d74 (0x283f2823) mem 0x80010000 0x00000001
core   0: 0x80009d78 (0xff9ff06f) j       pc - 0x8
core   0: 3 0x80009d78 (0xff9ff06f)
core   0: 0x80009d70 (0x00006f17) auipc   t5, 0x6
core   0: 3 0x80009d70 (0x00006f17) x30 0x8000fd70
core   0: 0x80009d74 (0x283f2823) sw      gp, 656(t5)
core   0: 3 0x80009d74 (0x283f2823) mem 0x80010000 0x00000001
core   0: 0x80009d78 (0xff9ff06f) j       pc - 0x8
core   0: 3 0x80009d78 (0xff9ff06f)
core   0: 0x80009d70 (0x00006f17) auipc   t5, 0x6
core   0: 3 0x80009d70 (0x00006f17) x30 0x8000fd70
core   0: 0x80009d74 (0x283f2823) sw      gp, 656(t5)
core   0: 3 0x80009d74 (0x283f2823) mem 0x80010000 0x00000001
core   0: 0x80009d78 (0xff9ff06f) j       pc - 0x8
core   0: 3 0x80009d78 (0xff9ff06f)
core   0: 0x80009d70 (0x00006f17) auipc   t5, 0x6
core   0: 3 0x80009d70 (0x00006f17) x30 0x8000fd70
core   0: 0x80009d74 (0x283f2823) sw      gp, 656(t5)
core   0: 3 0x80009d74 (0x283f2823) mem 0x80010000 0x00000001
core   0: 0x80009d78 (0xff9ff06f) j       pc - 0x8
core   0: 3 0x80009d78 (0xff9ff06f)
core   0: 0x80009d70 (0x00006f17) auipc   t5, 0x6
core   0: 3 0x80009d70 (0x00006f17) x30 0x8000fd70
core   0: 0x80009d74 (0x283f2823) sw      gp, 656(t5)
core   0: 3 0x80009d74 (0x283f2823) mem 0x80010000 0x00000001
core   0: 0x80009d78 (0xff9ff06f) j       pc - 0x8
core   0: 3 0x80009d78 (0xff9ff06f)
core   0: 0x80009d70 (0x00006f17) auipc   t5, 0x6
core   0: 3 0x80009d70 (0x00006f17) x30 0x8000fd70
core   0: 0x80009d74 (0x283f2823) sw      gp, 656(t5)
core   0: 3 0x80009d74 (0x283f2823) mem 0x80010000 0x00000001
core   0: 0x80009d78 (0xff9ff06f) j       pc - 0x8
core   0: 3 0x80009d78 (0xff9ff06f)
core   0: 0x80009d70 (0x00006f17) auipc   t5, 0x6
core   0: 3 0x80009d70 (0x00006f17) x30 0x8000fd70
core   0: 0x80009d74 (0x283f2823) sw      gp, 656(t5)
core   0: 3 0x80009d74 (0x283f2823) mem 0x80010000 0x00000001
core   0: 0x80009d78 (0xff9ff06f) j       pc - 0x8
core   0: 3 0x80009d78 (0xff9ff06f)
core   0: 0x80009d70 (0x00006f17) auipc   t5, 0x6
core   0: 3 0x80009d70 (0x00006f17) x30 0x8000fd70
core   0: 0x80009d74 (0x283f2823) sw      gp, 656(t5)
core   0: 3 0x80009d74 (0x283f2823) mem 0x80010000 0x00000001
core   0: 0x80009d78 (0xff9ff06f) j       pc - 0x8
core   0: 3 0x80009d78 (0xff9ff06f)
core   0: 0x80009d70 (0x00006f17) auipc   t5, 0x6
core   0: 3 0x80009d70 (0x00006f17) x30 0x8000fd70
core   0: 0x80009d74 (0x283f2823) sw      gp, 656(t5)
core   0: 3 0x80009d74 (0x283f2823) mem 0x80010000 0x00000001
core   0: 0x80009d78 (0xff9ff06f) j       pc - 0x8
core   0: 3 0x80009d78 (0xff9ff06f)
core   0: 0x80009d70 (0x00006f17) auipc   t5, 0x6
core   0: 3 0x80009d70 (0x00006f17) x30 0x8000fd70
core   0: 0x80009d74 (0x283f2823) sw      gp, 656(t5)
core   0: 3 0x80009d74 (0x283f2823) mem 0x80010000 0x00000001
core   0: 0x80009d78 (0xff9ff06f) j       pc - 0x8
core   0: 3 0x80009d78 (0xff9ff06f)
core   0: 0x80009d70 (0x00006f17) auipc   t5, 0x6
core   0: 3 0x80009d70 (0x00006f17) x30 0x8000fd70
core   0: 0x80009d74 (0x283f2823) sw      gp, 656(t5)
core   0: 3 0x80009d74 (0x283f2823) mem 0x80010000 0x00000001
core   0: 0x80009d78 (0xff9ff06f) j       pc - 0x8
core   0: 3 0x80009d78 (0xff9ff06f)
core   0: 0x80009d70 (0x00006f17) auipc   t5, 0x6
core   0: 3 0x80009d70 (0x00006f17) x30 0x8000fd70
core   0: 0x80009d74 (0x283f2823) sw      gp, 656(t5)
core   0: 3 0x80009d74 (0x283f2823) mem 0x80010000 0x00000001
core   0: 0x80009d78 (0xff9ff06f) j       pc - 0x8
core   0: 3 0x80009d78 (0xff9ff06f)
core   0: 0x80009d70 (0x00006f17) auipc   t5, 0x6
core   0: 3 0x80009d70 (0x00006f17) x30 0x8000fd70
core   0: 0x80009d74 (0x283f2823) sw      gp, 656(t5)
core   0: 3 0x80009d74 (0x283f2823) mem 0x80010000 0x00000001
core   0: 0x80009d78 (0xff9ff06f) j       pc - 0x8
core   0: 3 0x80009d78 (0xff9ff06f)
core   0: 0x80009d70 (0x00006f17) auipc   t5, 0x6
core   0: 3 0x80009d70 (0x00006f17) x30 0x8000fd70
core   0: 0x80009d74 (0x283f2823) sw      gp, 656(t5)
core   0: 3 0x80009d74 (0x283f2823) mem 0x80010000 0x00000001
core   0: 0x80009d78 (0xff9ff06f) j       pc - 0x8
core   0: 3 0x80009d78 (0xff9ff06f)
core   0: 0x80009d70 (0x00006f17) auipc   t5, 0x6
core   0: 3 0x80009d70 (0x00006f17) x30 0x8000fd70
core   0: 0x80009d74 (0x283f2823) sw      gp, 656(t5)
core   0: 3 0x80009d74 (0x283f2823) mem 0x80010000 0x00000001
core   0: 0x80009d78 (0xff9ff06f) j       pc - 0x8
core   0: 3 0x80009d78 (0xff9ff06f)
core   0: 0x80009d70 (0x00006f17) auipc   t5, 0x6
core   0: 3 0x80009d70 (0x00006f17) x30 0x8000fd70
core   0: 0x80009d74 (0x283f2823) sw      gp, 656(t5)
core   0: 3 0x80009d74 (0x283f2823) mem 0x80010000 0x00000001
core   0: 0x80009d78 (0xff9ff06f) j       pc - 0x8
core   0: 3 0x80009d78 (0xff9ff06f)
core   0: 0x80009d70 (0x00006f17) auipc   t5, 0x6
core   0: 3 0x80009d70 (0x00006f17) x30 0x8000fd70
core   0: 0x80009d74 (0x283f2823) sw      gp, 656(t5)
core   0: 3 0x80009d74 (0x283f2823) mem 0x80010000 0x00000001
core   0: 0x80009d78 (0xff9ff06f) j       pc - 0x8
core   0: 3 0x80009d78 (0xff9ff06f)
core   0: 0x80009d70 (0x00006f17) auipc   t5, 0x6
core   0: 3 0x80009d70 (0x00006f17) x30 0x8000fd70
core   0: 0x80009d74 (0x283f2823) sw      gp, 656(t5)
core   0: 3 0x80009d74 (0x283f2823) mem 0x80010000 0x00000001
core   0: 0x80009d78 (0xff9ff06f) j       pc - 0x8
core   0: 3 0x80009d78 (0xff9ff06f)
core   0: 0x80009d70 (0x00006f17) auipc   t5, 0x6
core   0: 3 0x80009d70 (0x00006f17) x30 0x8000fd70
core   0: 0x80009d74 (0x283f2823) sw      gp, 656(t5)
core   0: 3 0x80009d74 (0x283f2823) mem 0x80010000 0x00000001
core   0: 0x80009d78 (0xff9ff06f) j       pc - 0x8
core   0: 3 0x80009d78 (0xff9ff06f)
core   0: 0x80009d70 (0x00006f17) auipc   t5, 0x6
core   0: 3 0x80009d70 (0x00006f17) x30 0x8000fd70
core   0: 0x80009d74 (0x283f2823) sw      gp, 656(t5)
core   0: 3 0x80009d74 (0x283f2823) mem 0x80010000 0x00000001
core   0: 0x80009d78 (0xff9ff06f) j       pc - 0x8
core   0: 3 0x80009d78 (0xff9ff06f)
core   0: 0x80009d70 (0x00006f17) auipc   t5, 0x6
core   0: 3 0x80009d70 (0x00006f17) x30 0x8000fd70
core   0: 0x80009d74 (0x283f2823) sw      gp, 656(t5)
core   0: 3 0x80009d74 (0x283f2823) mem 0x80010000 0x00000001
core   0: 0x80009d78 (0xff9ff06f) j       pc - 0x8
core   0: 3 0x80009d78 (0xff9ff06f)
core   0: 0x80009d70 (0x00006f17) auipc   t5, 0x6
core   0: 3 0x80009d70 (0x00006f17) x30 0x8000fd70
core   0: 0x80009d74 (0x283f2823) sw      gp, 656(t5)
core   0: 3 0x80009d74 (0x283f2823) mem 0x80010000 0x00000001
core   0: 0x80009d78 (0xff9ff06f) j       pc - 0x8
core   0: 3 0x80009d78 (0xff9ff06f)
core   0: 0x80009d70 (0x00006f17) auipc   t5, 0x6
core   0: 3 0x80009d70 (0x00006f17) x30 0x8000fd70
core   0: 0x80009d74 (0x283f2823) sw      gp, 656(t5)
core   0: 3 0x80009d74 (0x283f2823) mem 0x80010000 0x00000001
core   0: 0x80009d78 (0xff9ff06f) j       pc - 0x8
core   0: 3 0x80009d78 (0xff9ff06f)
core   0: 0x80009d70 (0x00006f17) auipc   t5, 0x6
core   0: 3 0x80009d70 (0x00006f17) x30 0x8000fd70
core   0: 0x80009d74 (0x283f2823) sw      gp, 656(t5)
core   0: 3 0x80009d74 (0x283f2823) mem 0x80010000 0x00000001
core   0: 0x80009d78 (0xff9ff06f) j       pc - 0x8
core   0: 3 0x80009d78 (0xff9ff06f)
core   0: 0x80009d70 (0x00006f17) auipc   t5, 0x6
core   0: 3 0x80009d70 (0x00006f17) x30 0x8000fd70
core   0: 0x80009d74 (0x283f2823) sw      gp, 656(t5)
core   0: 3 0x80009d74 (0x283f2823) mem 0x80010000 0x00000001
core   0: 0x80009d78 (0xff9ff06f) j       pc - 0x8
core   0: 3 0x80009d78 (0xff9ff06f)
core   0: 0x80009d70 (0x00006f17) auipc   t5, 0x6
core   0: 3 0x80009d70 (0x00006f17) x30 0x8000fd70
core   0: 0x80009d74 (0x283f2823) sw      gp, 656(t5)
core   0: 3 0x80009d74 (0x283f2823) mem 0x80010000 0x00000001
core   0: 0x80009d78 (0xff9ff06f) j       pc - 0x8
core   0: 3 0x80009d78 (0xff9ff06f)
core   0: 0x80009d70 (0x00006f17) auipc   t5, 0x6
core   0: 3 0x80009d70 (0x00006f17) x30 0x8000fd70
core   0: 0x80009d74 (0x283f2823) sw      gp, 656(t5)
core   0: 3 0x80009d74 (0x283f2823) mem 0x80010000 0x00000001
core   0: 0x80009d78 (0xff9ff06f) j       pc - 0x8
core   0: 3 0x80009d78 (0xff9ff06f)
core   0: 0x80009d70 (0x00006f17) auipc   t5, 0x6
core   0: 3 0x80009d70 (0x00006f17) x30 0x8000fd70
core   0: 0x80009d74 (0x283f2823) sw      gp, 656(t5)
core   0: 3 0x80009d74 (0x283f2823) mem 0x80010000 0x00000001
core   0: 0x80009d78 (0xff9ff06f) j       pc - 0x8
core   0: 3 0x80009d78 (0xff9ff06f)
core   0: 0x80009d70 (0x00006f17) auipc   t5, 0x6
core   0: 3 0x80009d70 (0x00006f17) x30 0x8000fd70
core   0: 0x80009d74 (0x283f2823) sw      gp, 656(t5)
core   0: 3 0x80009d74 (0x283f2823) mem 0x80010000 0x00000001
core   0: 0x80009d78 (0xff9ff06f) j       pc - 0x8
core   0: 3 0x80009d78 (0xff9ff06f)
core   0: 0x80009d70 (0x00006f17) auipc   t5, 0x6
core   0: 3 0x80009d70 (0x00006f17) x30 0x8000fd70
core   0: 0x80009d74 (0x283f2823) sw      gp, 656(t5)
core   0: 3 0x80009d74 (0x283f2823) mem 0x80010000 0x00000001
core   0: 0x80009d78 (0xff9ff06f) j       pc - 0x8
core   0: 3 0x80009d78 (0xff9ff06f)
core   0: 0x80009d70 (0x00006f17) auipc   t5, 0x6
core   0: 3 0x80009d70 (0x00006f17) x30 0x8000fd70
core   0: 0x80009d74 (0x283f2823) sw      gp, 656(t5)
core   0: 3 0x80009d74 (0x283f2823) mem 0x80010000 0x00000001
core   0: 0x80009d78 (0xff9ff06f) j       pc - 0x8
core   0: 3 0x80009d78 (0xff9ff06f)
core   0: 0x80009d70 (0x00006f17) auipc   t5, 0x6
core   0: 3 0x80009d70 (0x00006f17) x30 0x8000fd70
core   0: 0x80009d74 (0x283f2823) sw      gp, 656(t5)
core   0: 3 0x80009d74 (0x283f2823) mem 0x80010000 0x00000001
core   0: 0x80009d78 (0xff9ff06f) j       pc - 0x8
core   0: 3 0x80009d78 (0xff9ff06f)
core   0: 0x80009d70 (0x00006f17) auipc   t5, 0x6
core   0: 3 0x80009d70 (0x00006f17) x30 0x8000fd70
core   0: 0x80009d74 (0x283f2823) sw      gp, 656(t5)
core   0: 3 0x80009d74 (0x283f2823) mem 0x80010000 0x00000001
core   0: 0x80009d78 (0xff9ff06f) j       pc - 0x8
core   0: 3 0x80009d78 (0xff9ff06f)
core   0: 0x80009d70 (0x00006f17) auipc   t5, 0x6
core   0: 3 0x80009d70 (0x00006f17) x30 0x8000fd70
core   0: 0x80009d74 (0x283f2823) sw      gp, 656(t5)
core   0: 3 0x80009d74 (0x283f2823) mem 0x80010000 0x00000001
core   0: 0x80009d78 (0xff9ff06f) j       pc - 0x8
core   0: 3 0x80009d78 (0xff9ff06f)
core   0: 0x80009d70 (0x00006f17) auipc   t5, 0x6
core   0: 3 0x80009d70 (0x00006f17) x30 0x8000fd70
core   0: 0x80009d74 (0x283f2823) sw      gp, 656(t5)
core   0: 3 0x80009d74 (0x283f2823) mem 0x80010000 0x00000001
core   0: 0x80009d78 (0xff9ff06f) j       pc - 0x8
core   0: 3 0x80009d78 (0xff9ff06f)
core   0: 0x80009d70 (0x00006f17) auipc   t5, 0x6
core   0: 3 0x80009d70 (0x00006f17) x30 0x8000fd70
core   0: 0x80009d74 (0x283f2823) sw      gp, 656(t5)
core   0: 3 0x80009d74 (0x283f2823) mem 0x80010000 0x00000001
core   0: 0x80009d78 (0xff9ff06f) j       pc - 0x8
core   0: 3 0x80009d78 (0xff9ff06f)
core   0: 0x80009d70 (0x00006f17) auipc   t5, 0x6
core   0: 3 0x80009d70 (0x00006f17) x30 0x8000fd70
core   0: 0x80009d74 (0x283f2823) sw      gp, 656(t5)
core   0: 3 0x80009d74 (0x283f2823) mem 0x80010000 0x00000001
core   0: 0x80009d78 (0xff9ff06f) j       pc - 0x8
core   0: 3 0x80009d78 (0xff9ff06f)
core   0: 0x80009d70 (0x00006f17) auipc   t5, 0x6
core   0: 3 0x80009d70 (0x00006f17) x30 0x8000fd70
core   0: 0x80009d74 (0x283f2823) sw      gp, 656(t5)
core   0: 3 0x80009d74 (0x283f2823) mem 0x80010000 0x00000001
core   0: 0x80009d78 (0xff9ff06f) j       pc - 0x8
core   0: 3 0x80009d78 (0xff9ff06f)
core   0: 0x80009d70 (0x00006f17) auipc   t5, 0x6
core   0: 3 0x80009d70 (0x00006f17) x30 0x8000fd70
core   0: 0x80009d74 (0x283f2823) sw      gp, 656(t5)
core   0: 3 0x80009d74 (0x283f2823) mem 0x80010000 0x00000001
core   0: 0x80009d78 (0xff9ff06f) j       pc - 0x8
core   0: 3 0x80009d78 (0xff9ff06f)
core   0: 0x80009d70 (0x00006f17) auipc   t5, 0x6
core   0: 3 0x80009d70 (0x00006f17) x30 0x8000fd70
core   0: 0x80009d74 (0x283f2823) sw      gp, 656(t5)
core   0: 3 0x80009d74 (0x283f2823) mem 0x80010000 0x00000001
core   0: 0x80009d78 (0xff9ff06f) j       pc - 0x8
core   0: 3 0x80009d78 (0xff9ff06f)
core   0: 0x80009d70 (0x00006f17) auipc   t5, 0x6
core   0: 3 0x80009d70 (0x00006f17) x30 0x8000fd70
core   0: 0x80009d74 (0x283f2823) sw      gp, 656(t5)
core   0: 3 0x80009d74 (0x283f2823) mem 0x80010000 0x00000001
core   0: 0x80009d78 (0xff9ff06f) j       pc - 0x8
core   0: 3 0x80009d78 (0xff9ff06f)
core   0: 0x80009d70 (0x00006f17) auipc   t5, 0x6
core   0: 3 0x80009d70 (0x00006f17) x30 0x8000fd70
core   0: 0x80009d74 (0x283f2823) sw      gp, 656(t5)
core   0: 3 0x80009d74 (0x283f2823) mem 0x80010000 0x00000001
core   0: 0x80009d78 (0xff9ff06f) j       pc - 0x8
core   0: 3 0x80009d78 (0xff9ff06f)
core   0: 0x80009d70 (0x00006f17) auipc   t5, 0x6
core   0: 3 0x80009d70 (0x00006f17) x30 0x8000fd70
core   0: 0x80009d74 (0x283f2823) sw      gp, 656(t5)
core   0: 3 0x80009d74 (0x283f2823) mem 0x80010000 0x00000001
core   0: 0x80009d78 (0xff9ff06f) j       pc - 0x8
core   0: 3 0x80009d78 (0xff9ff06f)
core   0: 0x80009d70 (0x00006f17) auipc   t5, 0x6
core   0: 3 0x80009d70 (0x00006f17) x30 0x8000fd70
core   0: 0x80009d74 (0x283f2823) sw      gp, 656(t5)
core   0: 3 0x80009d74 (0x283f2823) mem 0x80010000 0x00000001
core   0: 0x80009d78 (0xff9ff06f) j       pc - 0x8
core   0: 3 0x80009d78 (0xff9ff06f)
core   0: 0x80009d70 (0x00006f17) auipc   t5, 0x6
core   0: 3 0x80009d70 (0x00006f17) x30 0x8000fd70
core   0: 0x80009d74 (0x283f2823) sw      gp, 656(t5)
core   0: 3 0x80009d74 (0x283f2823) mem 0x80010000 0x00000001
core   0: 0x80009d78 (0xff9ff06f) j       pc - 0x8
core   0: 3 0x80009d78 (0xff9ff06f)
core   0: 0x80009d70 (0x00006f17) auipc   t5, 0x6
core   0: 3 0x80009d70 (0x00006f17) x30 0x8000fd70
core   0: 0x80009d74 (0x283f2823) sw      gp, 656(t5)
core   0: 3 0x80009d74 (0x283f2823) mem 0x80010000 0x00000001
core   0: 0x80009d78 (0xff9ff06f) j       pc - 0x8
core   0: 3 0x80009d78 (0xff9ff06f)
core   0: 0x80009d70 (0x00006f17) auipc   t5, 0x6
core   0: 3 0x80009d70 (0x00006f17) x30 0x8000fd70
core   0: 0x80009d74 (0x283f2823) sw      gp, 656(t5)
core   0: 3 0x80009d74 (0x283f2823) mem 0x80010000 0x00000001
core   0: 0x80009d78 (0xff9ff06f) j       pc - 0x8
core   0: 3 0x80009d78 (0xff9ff06f)
core   0: 0x80009d70 (0x00006f17) auipc   t5, 0x6
core   0: 3 0x80009d70 (0x00006f17) x30 0x8000fd70
core   0: 0x80009d74 (0x283f2823) sw      gp, 656(t5)
core   0: 3 0x80009d74 (0x283f2823) mem 0x80010000 0x00000001
core   0: 0x80009d78 (0xff9ff06f) j       pc - 0x8
core   0: 3 0x80009d78 (0xff9ff06f)
core   0: 0x80009d70 (0x00006f17) auipc   t5, 0x6
core   0: 3 0x80009d70 (0x00006f17) x30 0x8000fd70
core   0: 0x80009d74 (0x283f2823) sw      gp, 656(t5)
core   0: 3 0x80009d74 (0x283f2823) mem 0x80010000 0x00000001
core   0: 0x80009d78 (0xff9ff06f) j       pc - 0x8
core   0: 3 0x80009d78 (0xff9ff06f)
core   0: 0x80009d70 (0x00006f17) auipc   t5, 0x6
core   0: 3 0x80009d70 (0x00006f17) x30 0x8000fd70
core   0: 0x80009d74 (0x283f2823) sw      gp, 656(t5)
core   0: 3 0x80009d74 (0x283f2823) mem 0x80010000 0x00000001
core   0: 0x80009d78 (0xff9ff06f) j       pc - 0x8
core   0: 3 0x80009d78 (0xff9ff06f)
core   0: 0x80009d70 (0x00006f17) auipc   t5, 0x6
core   0: 3 0x80009d70 (0x00006f17) x30 0x8000fd70
core   0: 0x80009d74 (0x283f2823) sw      gp, 656(t5)
core   0: 3 0x80009d74 (0x283f2823) mem 0x80010000 0x00000001
core   0: 0x80009d78 (0xff9ff06f) j       pc - 0x8
core   0: 3 0x80009d78 (0xff9ff06f)
core   0: 0x80009d70 (0x00006f17) auipc   t5, 0x6
core   0: 3 0x80009d70 (0x00006f17) x30 0x8000fd70
core   0: 0x80009d74 (0x283f2823) sw      gp, 656(t5)
core   0: 3 0x80009d74 (0x283f2823) mem 0x80010000 0x00000001
core   0: 0x80009d78 (0xff9ff06f) j       pc - 0x8
core   0: 3 0x80009d78 (0xff9ff06f)
core   0: 0x80009d70 (0x00006f17) auipc   t5, 0x6
core   0: 3 0x80009d70 (0x00006f17) x30 0x8000fd70
core   0: 0x80009d74 (0x283f2823) sw      gp, 656(t5)
core   0: 3 0x80009d74 (0x283f2823) mem 0x80010000 0x00000001
core   0: 0x80009d78 (0xff9ff06f) j       pc - 0x8
core   0: 3 0x80009d78 (0xff9ff06f)
core   0: 0x80009d70 (0x00006f17) auipc   t5, 0x6
core   0: 3 0x80009d70 (0x00006f17) x30 0x8000fd70
core   0: 0x80009d74 (0x283f2823) sw      gp, 656(t5)
core   0: 3 0x80009d74 (0x283f2823) mem 0x80010000 0x00000001
core   0: 0x80009d78 (0xff9ff06f) j       pc - 0x8
core   0: 3 0x80009d78 (0xff9ff06f)
core   0: 0x80009d70 (0x00006f17) auipc   t5, 0x6
core   0: 3 0x80009d70 (0x00006f17) x30 0x8000fd70
core   0: 0x80009d74 (0x283f2823) sw      gp, 656(t5)
core   0: 3 0x80009d74 (0x283f2823) mem 0x80010000 0x00000001
core   0: 0x80009d78 (0xff9ff06f) j       pc - 0x8
core   0: 3 0x80009d78 (0xff9ff06f)
core   0: 0x80009d70 (0x00006f17) auipc   t5, 0x6
core   0: 3 0x80009d70 (0x00006f17) x30 0x8000fd70
core   0: 0x80009d74 (0x283f2823) sw      gp, 656(t5)
core   0: 3 0x80009d74 (0x283f2823) mem 0x80010000 0x00000001
core   0: 0x80009d78 (0xff9ff06f) j       pc - 0x8
core   0: 3 0x80009d78 (0xff9ff06f)
core   0: 0x80009d70 (0x00006f17) auipc   t5, 0x6
core   0: 3 0x80009d70 (0x00006f17) x30 0x8000fd70
core   0: 0x80009d74 (0x283f2823) sw      gp, 656(t5)
core   0: 3 0x80009d74 (0x283f2823) mem 0x80010000 0x00000001
core   0: 0x80009d78 (0xff9ff06f) j       pc - 0x8
core   0: 3 0x80009d78 (0xff9ff06f)
core   0: 0x80009d70 (0x00006f17) auipc   t5, 0x6
core   0: 3 0x80009d70 (0x00006f17) x30 0x8000fd70
core   0: 0x80009d74 (0x283f2823) sw      gp, 656(t5)
core   0: 3 0x80009d74 (0x283f2823) mem 0x80010000 0x00000001
core   0: 0x80009d78 (0xff9ff06f) j       pc - 0x8
core   0: 3 0x80009d78 (0xff9ff06f)
core   0: 0x80009d70 (0x00006f17) auipc   t5, 0x6
core   0: 3 0x80009d70 (0x00006f17) x30 0x8000fd70
core   0: 0x80009d74 (0x283f2823) sw      gp, 656(t5)
core   0: 3 0x80009d74 (0x283f2823) mem 0x80010000 0x00000001
core   0: 0x80009d78 (0xff9ff06f) j       pc - 0x8
core   0: 3 0x80009d78 (0xff9ff06f)
core   0: 0x80009d70 (0x00006f17) auipc   t5, 0x6
core   0: 3 0x80009d70 (0x00006f17) x30 0x8000fd70
core   0: 0x80009d74 (0x283f2823) sw      gp, 656(t5)
core   0: 3 0x80009d74 (0x283f2823) mem 0x80010000 0x00000001
core   0: 0x80009d78 (0xff9ff06f) j       pc - 0x8
core   0: 3 0x80009d78 (0xff9ff06f)
core   0: 0x80009d70 (0x00006f17) auipc   t5, 0x6
core   0: 3 0x80009d70 (0x00006f17) x30 0x8000fd70
core   0: 0x80009d74 (0x283f2823) sw      gp, 656(t5)
core   0: 3 0x80009d74 (0x283f2823) mem 0x80010000 0x00000001
core   0: 0x80009d78 (0xff9ff06f) j       pc - 0x8
core   0: 3 0x80009d78 (0xff9ff06f)
core   0: 0x80009d70 (0x00006f17) auipc   t5, 0x6
core   0: 3 0x80009d70 (0x00006f17) x30 0x8000fd70
core   0: 0x80009d74 (0x283f2823) sw      gp, 656(t5)
core   0: 3 0x80009d74 (0x283f2823) mem 0x80010000 0x00000001
core   0: 0x80009d78 (0xff9ff06f) j       pc - 0x8
core   0: 3 0x80009d78 (0xff9ff06f)
core   0: 0x80009d70 (0x00006f17) auipc   t5, 0x6
core   0: 3 0x80009d70 (0x00006f17) x30 0x8000fd70
core   0: 0x80009d74 (0x283f2823) sw      gp, 656(t5)
core   0: 3 0x80009d74 (0x283f2823) mem 0x80010000 0x00000001
core   0: 0x80009d78 (0xff9ff06f) j       pc - 0x8
core   0: 3 0x80009d78 (0xff9ff06f)
core   0: 0x80009d70 (0x00006f17) auipc   t5, 0x6
core   0: 3 0x80009d70 (0x00006f17) x30 0x8000fd70
core   0: 0x80009d74 (0x283f2823) sw      gp, 656(t5)
core   0: 3 0x80009d74 (0x283f2823) mem 0x80010000 0x00000001
core   0: 0x80009d78 (0xff9ff06f) j       pc - 0x8
core   0: 3 0x80009d78 (0xff9ff06f)
core   0: 0x80009d70 (0x00006f17) auipc   t5, 0x6
core   0: 3 0x80009d70 (0x00006f17) x30 0x8000fd70
core   0: 0x80009d74 (0x283f2823) sw      gp, 656(t5)
core   0: 3 0x80009d74 (0x283f2823) mem 0x80010000 0x00000001
core   0: 0x80009d78 (0xff9ff06f) j       pc - 0x8
core   0: 3 0x80009d78 (0xff9ff06f)
core   0: 0x80009d70 (0x00006f17) auipc   t5, 0x6
core   0: 3 0x80009d70 (0x00006f17) x30 0x8000fd70
core   0: 0x80009d74 (0x283f2823) sw      gp, 656(t5)
core   0: 3 0x80009d74 (0x283f2823) mem 0x80010000 0x00000001
core   0: 0x80009d78 (0xff9ff06f) j       pc - 0x8
core   0: 3 0x80009d78 (0xff9ff06f)
core   0: 0x80009d70 (0x00006f17) auipc   t5, 0x6
core   0: 3 0x80009d70 (0x00006f17) x30 0x8000fd70
core   0: 0x80009d74 (0x283f2823) sw      gp, 656(t5)
core   0: 3 0x80009d74 (0x283f2823) mem 0x80010000 0x00000001
core   0: 0x80009d78 (0xff9ff06f) j       pc - 0x8
core   0: 3 0x80009d78 (0xff9ff06f)
core   0: 0x80009d70 (0x00006f17) auipc   t5, 0x6
core   0: 3 0x80009d70 (0x00006f17) x30 0x8000fd70
core   0: 0x80009d74 (0x283f2823) sw      gp, 656(t5)
core   0: 3 0x80009d74 (0x283f2823) mem 0x80010000 0x00000001
core   0: 0x80009d78 (0xff9ff06f) j       pc - 0x8
core   0: 3 0x80009d78 (0xff9ff06f)
core   0: 0x80009d70 (0x00006f17) auipc   t5, 0x6
core   0: 3 0x80009d70 (0x00006f17) x30 0x8000fd70
core   0: 0x80009d74 (0x283f2823) sw      gp, 656(t5)
core   0: 3 0x80009d74 (0x283f2823) mem 0x80010000 0x00000001
core   0: 0x80009d78 (0xff9ff06f) j       pc - 0x8
core   0: 3 0x80009d78 (0xff9ff06f)
core   0: 0x80009d70 (0x00006f17) auipc   t5, 0x6
core   0: 3 0x80009d70 (0x00006f17) x30 0x8000fd70
core   0: 0x80009d74 (0x283f2823) sw      gp, 656(t5)
core   0: 3 0x80009d74 (0x283f2823) mem 0x80010000 0x00000001
core   0: 0x80009d78 (0xff9ff06f) j       pc - 0x8
core   0: 3 0x80009d78 (0xff9ff06f)
core   0: 0x80009d70 (0x00006f17) auipc   t5, 0x6
core   0: 3 0x80009d70 (0x00006f17) x30 0x8000fd70
core   0: 0x80009d74 (0x283f2823) sw      gp, 656(t5)
core   0: 3 0x80009d74 (0x283f2823) mem 0x80010000 0x00000001
core   0: 0x80009d78 (0xff9ff06f) j       pc - 0x8
core   0: 3 0x80009d78 (0xff9ff06f)
core   0: 0x80009d70 (0x00006f17) auipc   t5, 0x6
core   0: 3 0x80009d70 (0x00006f17) x30 0x8000fd70
core   0: 0x80009d74 (0x283f2823) sw      gp, 656(t5)
core   0: 3 0x80009d74 (0x283f2823) mem 0x80010000 0x00000001
core   0: 0x80009d78 (0xff9ff06f) j       pc - 0x8
core   0: 3 0x80009d78 (0xff9ff06f)
core   0: 0x80009d70 (0x00006f17) auipc   t5, 0x6
core   0: 3 0x80009d70 (0x00006f17) x30 0x8000fd70
core   0: 0x80009d74 (0x283f2823) sw      gp, 656(t5)
core   0: 3 0x80009d74 (0x283f2823) mem 0x80010000 0x00000001
core   0: 0x80009d78 (0xff9ff06f) j       pc - 0x8
core   0: 3 0x80009d78 (0xff9ff06f)
core   0: 0x80009d70 (0x00006f17) auipc   t5, 0x6
core   0: 3 0x80009d70 (0x00006f17) x30 0x8000fd70
core   0: 0x80009d74 (0x283f2823) sw      gp, 656(t5)
core   0: 3 0x80009d74 (0x283f2823) mem 0x80010000 0x00000001
core   0: 0x80009d78 (0xff9ff06f) j       pc - 0x8
core   0: 3 0x80009d78 (0xff9ff06f)
core   0: 0x80009d70 (0x00006f17) auipc   t5, 0x6
core   0: 3 0x80009d70 (0x00006f17) x30 0x8000fd70
core   0: 0x80009d74 (0x283f2823) sw      gp, 656(t5)
core   0: 3 0x80009d74 (0x283f2823) mem 0x80010000 0x00000001
core   0: 0x80009d78 (0xff9ff06f) j       pc - 0x8
core   0: 3 0x80009d78 (0xff9ff06f)
core   0: 0x80009d70 (0x00006f17) auipc   t5, 0x6
core   0: 3 0x80009d70 (0x00006f17) x30 0x8000fd70
core   0: 0x80009d74 (0x283f2823) sw      gp, 656(t5)
core   0: 3 0x80009d74 (0x283f2823) mem 0x80010000 0x00000001
core   0: 0x80009d78 (0xff9ff06f) j       pc - 0x8
core   0: 3 0x80009d78 (0xff9ff06f)
core   0: 0x80009d70 (0x00006f17) auipc   t5, 0x6
core   0: 3 0x80009d70 (0x00006f17) x30 0x8000fd70
core   0: 0x80009d74 (0x283f2823) sw      gp, 656(t5)
core   0: 3 0x80009d74 (0x283f2823) mem 0x80010000 0x00000001
core   0: 0x80009d78 (0xff9ff06f) j       pc - 0x8
core   0: 3 0x80009d78 (0xff9ff06f)
core   0: 0x80009d70 (0x00006f17) auipc   t5, 0x6
core   0: 3 0x80009d70 (0x00006f17) x30 0x8000fd70
core   0: 0x80009d74 (0x283f2823) sw      gp, 656(t5)
core   0: 3 0x80009d74 (0x283f2823) mem 0x80010000 0x00000001
core   0: 0x80009d78 (0xff9ff06f) j       pc - 0x8
core   0: 3 0x80009d78 (0xff9ff06f)
core   0: 0x80009d70 (0x00006f17) auipc   t5, 0x6
core   0: 3 0x80009d70 (0x00006f17) x30 0x8000fd70
core   0: 0x80009d74 (0x283f2823) sw      gp, 656(t5)
core   0: 3 0x80009d74 (0x283f2823) mem 0x80010000 0x00000001
core   0: 0x80009d78 (0xff9ff06f) j       pc - 0x8
core   0: 3 0x80009d78 (0xff9ff06f)
core   0: 0x80009d70 (0x00006f17) auipc   t5, 0x6
core   0: 3 0x80009d70 (0x00006f17) x30 0x8000fd70
core   0: 0x80009d74 (0x283f2823) sw      gp, 656(t5)
core   0: 3 0x80009d74 (0x283f2823) mem 0x80010000 0x00000001
core   0: 0x80009d78 (0xff9ff06f) j       pc - 0x8
core   0: 3 0x80009d78 (0xff9ff06f)
core   0: 0x80009d70 (0x00006f17) auipc   t5, 0x6
core   0: 3 0x80009d70 (0x00006f17) x30 0x8000fd70
core   0: 0x80009d74 (0x283f2823) sw      gp, 656(t5)
core   0: 3 0x80009d74 (0x283f2823) mem 0x80010000 0x00000001
core   0: 0x80009d78 (0xff9ff06f) j       pc - 0x8
core   0: 3 0x80009d78 (0xff9ff06f)
core   0: 0x80009d70 (0x00006f17) auipc   t5, 0x6
core   0: 3 0x80009d70 (0x00006f17) x30 0x8000fd70
core   0: 0x80009d74 (0x283f2823) sw      gp, 656(t5)
core   0: 3 0x80009d74 (0x283f2823) mem 0x80010000 0x00000001
core   0: 0x80009d78 (0xff9ff06f) j       pc - 0x8
core   0: 3 0x80009d78 (0xff9ff06f)
core   0: 0x80009d70 (0x00006f17) auipc   t5, 0x6
core   0: 3 0x80009d70 (0x00006f17) x30 0x8000fd70
core   0: 0x80009d74 (0x283f2823) sw      gp, 656(t5)
core   0: 3 0x80009d74 (0x283f2823) mem 0x80010000 0x00000001
core   0: 0x80009d78 (0xff9ff06f) j       pc - 0x8
core   0: 3 0x80009d78 (0xff9ff06f)
core   0: 0x80009d70 (0x00006f17) auipc   t5, 0x6
core   0: 3 0x80009d70 (0x00006f17) x30 0x8000fd70
core   0: 0x80009d74 (0x283f2823) sw      gp, 656(t5)
core   0: 3 0x80009d74 (0x283f2823) mem 0x80010000 0x00000001
core   0: 0x80009d78 (0xff9ff06f) j       pc - 0x8
core   0: 3 0x80009d78 (0xff9ff06f)
core   0: 0x80009d70 (0x00006f17) auipc   t5, 0x6
core   0: 3 0x80009d70 (0x00006f17) x30 0x8000fd70
core   0: 0x80009d74 (0x283f2823) sw      gp, 656(t5)
core   0: 3 0x80009d74 (0x283f2823) mem 0x80010000 0x00000001
core   0: 0x80009d78 (0xff9ff06f) j       pc - 0x8
core   0: 3 0x80009d78 (0xff9ff06f)
core   0: 0x80009d70 (0x00006f17) auipc   t5, 0x6
core   0: 3 0x80009d70 (0x00006f17) x30 0x8000fd70
core   0: 0x80009d74 (0x283f2823) sw      gp, 656(t5)
core   0: 3 0x80009d74 (0x283f2823) mem 0x80010000 0x00000001
core   0: 0x80009d78 (0xff9ff06f) j       pc - 0x8
core   0: 3 0x80009d78 (0xff9ff06f)
core   0: 0x80009d70 (0x00006f17) auipc   t5, 0x6
core   0: 3 0x80009d70 (0x00006f17) x30 0x8000fd70
core   0: 0x80009d74 (0x283f2823) sw      gp, 656(t5)
core   0: 3 0x80009d74 (0x283f2823) mem 0x80010000 0x00000001
core   0: 0x80009d78 (0xff9ff06f) j       pc - 0x8
core   0: 3 0x80009d78 (0xff9ff06f)
core   0: 0x80009d70 (0x00006f17) auipc   t5, 0x6
core   0: 3 0x80009d70 (0x00006f17) x30 0x8000fd70
core   0: 0x80009d74 (0x283f2823) sw      gp, 656(t5)
core   0: 3 0x80009d74 (0x283f2823) mem 0x80010000 0x00000001
core   0: 0x80009d78 (0xff9ff06f) j       pc - 0x8
core   0: 3 0x80009d78 (0xff9ff06f)
core   0: 0x80009d70 (0x00006f17) auipc   t5, 0x6
core   0: 3 0x80009d70 (0x00006f17) x30 0x8000fd70
core   0: 0x80009d74 (0x283f2823) sw      gp, 656(t5)
core   0: 3 0x80009d74 (0x283f2823) mem 0x80010000 0x00000001
core   0: 0x80009d78 (0xff9ff06f) j       pc - 0x8
core   0: 3 0x80009d78 (0xff9ff06f)
core   0: 0x80009d70 (0x00006f17) auipc   t5, 0x6
core   0: 3 0x80009d70 (0x00006f17) x30 0x8000fd70
core   0: 0x80009d74 (0x283f2823) sw      gp, 656(t5)
core   0: 3 0x80009d74 (0x283f2823) mem 0x80010000 0x00000001
core   0: 0x80009d78 (0xff9ff06f) j       pc - 0x8
core   0: 3 0x80009d78 (0xff9ff06f)
core   0: 0x80009d70 (0x00006f17) auipc   t5, 0x6
core   0: 3 0x80009d70 (0x00006f17) x30 0x8000fd70
core   0: 0x80009d74 (0x283f2823) sw      gp, 656(t5)
core   0: 3 0x80009d74 (0x283f2823) mem 0x80010000 0x00000001
core   0: 0x80009d78 (0xff9ff06f) j       pc - 0x8
core   0: 3 0x80009d78 (0xff9ff06f)
core   0: 0x80009d70 (0x00006f17) auipc   t5, 0x6
core   0: 3 0x80009d70 (0x00006f17) x30 0x8000fd70
core   0: 0x80009d74 (0x283f2823) sw      gp, 656(t5)
core   0: 3 0x80009d74 (0x283f2823) mem 0x80010000 0x00000001
core   0: 0x80009d78 (0xff9ff06f) j       pc - 0x8
core   0: 3 0x80009d78 (0xff9ff06f)
core   0: 0x80009d70 (0x00006f17) auipc   t5, 0x6
core   0: 3 0x80009d70 (0x00006f17) x30 0x8000fd70
core   0: 0x80009d74 (0x283f2823) sw      gp, 656(t5)
core   0: 3 0x80009d74 (0x283f2823) mem 0x80010000 0x00000001
core   0: 0x80009d78 (0xff9ff06f) j       pc - 0x8
core   0: 3 0x80009d78 (0xff9ff06f)
core   0: 0x80009d70 (0x00006f17) auipc   t5, 0x6
core   0: 3 0x80009d70 (0x00006f17) x30 0x8000fd70
core   0: 0x80009d74 (0x283f2823) sw      gp, 656(t5)
core   0: 3 0x80009d74 (0x283f2823) mem 0x80010000 0x00000001
core   0: 0x80009d78 (0xff9ff06f) j       pc - 0x8
core   0: 3 0x80009d78 (0xff9ff06f)
core   0: 0x80009d70 (0x00006f17) auipc   t5, 0x6
core   0: 3 0x80009d70 (0x00006f17) x30 0x8000fd70
core   0: 0x80009d74 (0x283f2823) sw      gp, 656(t5)
core   0: 3 0x80009d74 (0x283f2823) mem 0x80010000 0x00000001
core   0: 0x80009d78 (0xff9ff06f) j       pc - 0x8
core   0: 3 0x80009d78 (0xff9ff06f)
core   0: 0x80009d70 (0x00006f17) auipc   t5, 0x6
core   0: 3 0x80009d70 (0x00006f17) x30 0x8000fd70
core   0: 0x80009d74 (0x283f2823) sw      gp, 656(t5)
core   0: 3 0x80009d74 (0x283f2823) mem 0x80010000 0x00000001
core   0: 0x80009d78 (0xff9ff06f) j       pc - 0x8
core   0: 3 0x80009d78 (0xff9ff06f)
core   0: 0x80009d70 (0x00006f17) auipc   t5, 0x6
core   0: 3 0x80009d70 (0x00006f17) x30 0x8000fd70
core   0: 0x80009d74 (0x283f2823) sw      gp, 656(t5)
core   0: 3 0x80009d74 (0x283f2823) mem 0x80010000 0x00000001
core   0: 0x80009d78 (0xff9ff06f) j       pc - 0x8
core   0: 3 0x80009d78 (0xff9ff06f)
core   0: 0x80009d70 (0x00006f17) auipc   t5, 0x6
core   0: 3 0x80009d70 (0x00006f17) x30 0x8000fd70
core   0: 0x80009d74 (0x283f2823) sw      gp, 656(t5)
core   0: 3 0x80009d74 (0x283f2823) mem 0x80010000 0x00000001
core   0: 0x80009d78 (0xff9ff06f) j       pc - 0x8
core   0: 3 0x80009d78 (0xff9ff06f)
core   0: 0x80009d70 (0x00006f17) auipc   t5, 0x6
core   0: 3 0x80009d70 (0x00006f17) x30 0x8000fd70
core   0: 0x80009d74 (0x283f2823) sw      gp, 656(t5)
core   0: 3 0x80009d74 (0x283f2823) mem 0x80010000 0x00000001
core   0: 0x80009d78 (0xff9ff06f) j       pc - 0x8
core   0: 3 0x80009d78 (0xff9ff06f)
core   0: 0x80009d70 (0x00006f17) auipc   t5, 0x6
core   0: 3 0x80009d70 (0x00006f17) x30 0x8000fd70
core   0: 0x80009d74 (0x283f2823) sw      gp, 656(t5)
core   0: 3 0x80009d74 (0x283f2823) mem 0x80010000 0x00000001
core   0: 0x80009d78 (0xff9ff06f) j       pc - 0x8
core   0: 3 0x80009d78 (0xff9ff06f)
core   0: 0x80009d70 (0x00006f17) auipc   t5, 0x6
core   0: 3 0x80009d70 (0x00006f17) x30 0x8000fd70
core   0: 0x80009d74 (0x283f2823) sw      gp, 656(t5)
core   0: 3 0x80009d74 (0x283f2823) mem 0x80010000 0x00000001
core   0: 0x80009d78 (0xff9ff06f) j       pc - 0x8
core   0: 3 0x80009d78 (0xff9ff06f)
core   0: 0x80009d70 (0x00006f17) auipc   t5, 0x6
core   0: 3 0x80009d70 (0x00006f17) x30 0x8000fd70
core   0: 0x80009d74 (0x283f2823) sw      gp, 656(t5)
core   0: 3 0x80009d74 (0x283f2823) mem 0x80010000 0x00000001
core   0: 0x80009d78 (0xff9ff06f) j       pc - 0x8
core   0: 3 0x80009d78 (0xff9ff06f)
core   0: 0x80009d70 (0x00006f17) auipc   t5, 0x6
core   0: 3 0x80009d70 (0x00006f17) x30 0x8000fd70
core   0: 0x80009d74 (0x283f2823) sw      gp, 656(t5)
core   0: 3 0x80009d74 (0x283f2823) mem 0x80010000 0x00000001
core   0: 0x80009d78 (0xff9ff06f) j       pc - 0x8
core   0: 3 0x80009d78 (0xff9ff06f)
core   0: 0x80009d70 (0x00006f17) auipc   t5, 0x6
core   0: 3 0x80009d70 (0x00006f17) x30 0x8000fd70
core   0: 0x80009d74 (0x283f2823) sw      gp, 656(t5)
core   0: 3 0x80009d74 (0x283f2823) mem 0x80010000 0x00000001
core   0: 0x80009d78 (0xff9ff06f) j       pc - 0x8
core   0: 3 0x80009d78 (0xff9ff06f)
core   0: 0x80009d70 (0x00006f17) auipc   t5, 0x6
core   0: 3 0x80009d70 (0x00006f17) x30 0x8000fd70
core   0: 0x80009d74 (0x283f2823) sw      gp, 656(t5)
core   0: 3 0x80009d74 (0x283f2823) mem 0x80010000 0x00000001
core   0: 0x80009d78 (0xff9ff06f) j       pc - 0x8
core   0: 3 0x80009d78 (0xff9ff06f)
core   0: 0x80009d70 (0x00006f17) auipc   t5, 0x6
core   0: 3 0x80009d70 (0x00006f17) x30 0x8000fd70
core   0: 0x80009d74 (0x283f2823) sw      gp, 656(t5)
core   0: 3 0x80009d74 (0x283f2823) mem 0x80010000 0x00000001
core   0: 0x80009d78 (0xff9ff06f) j       pc - 0x8
core   0: 3 0x80009d78 (0xff9ff06f)
core   0: 0x80009d70 (0x00006f17) auipc   t5, 0x6
core   0: 3 0x80009d70 (0x00006f17) x30 0x8000fd70
core   0: 0x80009d74 (0x283f2823) sw      gp, 656(t5)
core   0: 3 0x80009d74 (0x283f2823) mem 0x80010000 0x00000001
core   0: 0x80009d78 (0xff9ff06f) j       pc - 0x8
core   0: 3 0x80009d78 (0xff9ff06f)
core   0: 0x80009d70 (0x00006f17) auipc   t5, 0x6
core   0: 3 0x80009d70 (0x00006f17) x30 0x8000fd70
core   0: 0x80009d74 (0x283f2823) sw      gp, 656(t5)
core   0: 3 0x80009d74 (0x283f2823) mem 0x80010000 0x00000001
core   0: 0x80009d78 (0xff9ff06f) j       pc - 0x8
core   0: 3 0x80009d78 (0xff9ff06f)
core   0: 0x80009d70 (0x00006f17) auipc   t5, 0x6
core   0: 3 0x80009d70 (0x00006f17) x30 0x8000fd70
core   0: 0x80009d74 (0x283f2823) sw      gp, 656(t5)
core   0: 3 0x80009d74 (0x283f2823) mem 0x80010000 0x00000001
core   0: 0x80009d78 (0xff9ff06f) j       pc - 0x8
core   0: 3 0x80009d78 (0xff9ff06f)
core   0: 0x80009d70 (0x00006f17) auipc   t5, 0x6
core   0: 3 0x80009d70 (0x00006f17) x30 0x8000fd70
core   0: 0x80009d74 (0x283f2823) sw      gp, 656(t5)
core   0: 3 0x80009d74 (0x283f2823) mem 0x80010000 0x00000001
core   0: 0x80009d78 (0xff9ff06f) j       pc - 0x8
core   0: 3 0x80009d78 (0xff9ff06f)
core   0: 0x80009d70 (0x00006f17) auipc   t5, 0x6
core   0: 3 0x80009d70 (0x00006f17) x30 0x8000fd70
core   0: 0x80009d74 (0x283f2823) sw      gp, 656(t5)
core   0: 3 0x80009d74 (0x283f2823) mem 0x80010000 0x00000001
core   0: 0x80009d78 (0xff9ff06f) j       pc - 0x8
core   0: 3 0x80009d78 (0xff9ff06f)
core   0: 0x80009d70 (0x00006f17) auipc   t5, 0x6
core   0: 3 0x80009d70 (0x00006f17) x30 0x8000fd70
core   0: 0x80009d74 (0x283f2823) sw      gp, 656(t5)
core   0: 3 0x80009d74 (0x283f2823) mem 0x80010000 0x00000001
core   0: 0x80009d78 (0xff9ff06f) j       pc - 0x8
core   0: 3 0x80009d78 (0xff9ff06f)
core   0: 0x80009d70 (0x00006f17) auipc   t5, 0x6
core   0: 3 0x80009d70 (0x00006f17) x30 0x8000fd70
core   0: 0x80009d74 (0x283f2823) sw      gp, 656(t5)
core   0: 3 0x80009d74 (0x283f2823) mem 0x80010000 0x00000001
core   0: 0x80009d78 (0xff9ff06f) j       pc - 0x8
core   0: 3 0x80009d78 (0xff9ff06f)
core   0: 0x80009d70 (0x00006f17) auipc   t5, 0x6
core   0: 3 0x80009d70 (0x00006f17) x30 0x8000fd70
core   0: 0x80009d74 (0x283f2823) sw      gp, 656(t5)
core   0: 3 0x80009d74 (0x283f2823) mem 0x80010000 0x00000001
core   0: 0x80009d78 (0xff9ff06f) j       pc - 0x8
core   0: 3 0x80009d78 (0xff9ff06f)
core   0: 0x80009d70 (0x00006f17) auipc   t5, 0x6
core   0: 3 0x80009d70 (0x00006f17) x30 0x8000fd70
core   0: 0x80009d74 (0x283f2823) sw      gp, 656(t5)
core   0: 3 0x80009d74 (0x283f2823) mem 0x80010000 0x00000001
core   0: 0x80009d78 (0xff9ff06f) j       pc - 0x8
core   0: 3 0x80009d78 (0xff9ff06f)
core   0: 0x80009d70 (0x00006f17) auipc   t5, 0x6
core   0: 3 0x80009d70 (0x00006f17) x30 0x8000fd70
core   0: 0x80009d74 (0x283f2823) sw      gp, 656(t5)
core   0: 3 0x80009d74 (0x283f2823) mem 0x80010000 0x00000001
core   0: 0x80009d78 (0xff9ff06f) j       pc - 0x8
core   0: 3 0x80009d78 (0xff9ff06f)
core   0: 0x80009d70 (0x00006f17) auipc   t5, 0x6
core   0: 3 0x80009d70 (0x00006f17) x30 0x8000fd70
core   0: 0x80009d74 (0x283f2823) sw      gp, 656(t5)
core   0: 3 0x80009d74 (0x283f2823) mem 0x80010000 0x00000001
core   0: 0x80009d78 (0xff9ff06f) j       pc - 0x8
core   0: 3 0x80009d78 (0xff9ff06f)
core   0: 0x80009d70 (0x00006f17) auipc   t5, 0x6
core   0: 3 0x80009d70 (0x00006f17) x30 0x8000fd70
core   0: 0x80009d74 (0x283f2823) sw      gp, 656(t5)
core   0: 3 0x80009d74 (0x283f2823) mem 0x80010000 0x00000001
core   0: 0x80009d78 (0xff9ff06f) j       pc - 0x8
core   0: 3 0x80009d78 (0xff9ff06f)
core   0: 0x80009d70 (0x00006f17) auipc   t5, 0x6
core   0: 3 0x80009d70 (0x00006f17) x30 0x8000fd70
core   0: 0x80009d74 (0x283f2823) sw      gp, 656(t5)
core   0: 3 0x80009d74 (0x283f2823) mem 0x80010000 0x00000001
core   0: 0x80009d78 (0xff9ff06f) j       pc - 0x8
core   0: 3 0x80009d78 (0xff9ff06f)
core   0: 0x80009d70 (0x00006f17) auipc   t5, 0x6
core   0: 3 0x80009d70 (0x00006f17) x30 0x8000fd70
core   0: 0x80009d74 (0x283f2823) sw      gp, 656(t5)
core   0: 3 0x80009d74 (0x283f2823) mem 0x80010000 0x00000001
core   0: 0x80009d78 (0xff9ff06f) j       pc - 0x8
core   0: 3 0x80009d78 (0xff9ff06f)
core   0: 0x80009d70 (0x00006f17) auipc   t5, 0x6
core   0: 3 0x80009d70 (0x00006f17) x30 0x8000fd70
core   0: 0x80009d74 (0x283f2823) sw      gp, 656(t5)
core   0: 3 0x80009d74 (0x283f2823) mem 0x80010000 0x00000001
core   0: 0x80009d78 (0xff9ff06f) j       pc - 0x8
core   0: 3 0x80009d78 (0xff9ff06f)
core   0: 0x80009d70 (0x00006f17) auipc   t5, 0x6
core   0: 3 0x80009d70 (0x00006f17) x30 0x8000fd70
core   0: 0x80009d74 (0x283f2823) sw      gp, 656(t5)
core   0: 3 0x80009d74 (0x283f2823) mem 0x80010000 0x00000001
core   0: 0x80009d78 (0xff9ff06f) j       pc - 0x8
core   0: 3 0x80009d78 (0xff9ff06f)
core   0: 0x80009d70 (0x00006f17) auipc   t5, 0x6
core   0: 3 0x80009d70 (0x00006f17) x30 0x8000fd70
core   0: 0x80009d74 (0x283f2823) sw      gp, 656(t5)
core   0: 3 0x80009d74 (0x283f2823) mem 0x80010000 0x00000001
core   0: 0x80009d78 (0xff9ff06f) j       pc - 0x8
core   0: 3 0x80009d78 (0xff9ff06f)
core   0: 0x80009d70 (0x00006f17) auipc   t5, 0x6
core   0: 3 0x80009d70 (0x00006f17) x30 0x8000fd70
core   0: 0x80009d74 (0x283f2823) sw      gp, 656(t5)
core   0: 3 0x80009d74 (0x283f2823) mem 0x80010000 0x00000001
core   0: 0x80009d78 (0xff9ff06f) j       pc - 0x8
core   0: 3 0x80009d78 (0xff9ff06f)
core   0: 0x80009d70 (0x00006f17) auipc   t5, 0x6
core   0: 3 0x80009d70 (0x00006f17) x30 0x8000fd70
core   0: 0x80009d74 (0x283f2823) sw      gp, 656(t5)
core   0: 3 0x80009d74 (0x283f2823) mem 0x80010000 0x00000001
core   0: 0x80009d78 (0xff9ff06f) j       pc - 0x8
core   0: 3 0x80009d78 (0xff9ff06f)
core   0: 0x80009d70 (0x00006f17) auipc   t5, 0x6
core   0: 3 0x80009d70 (0x00006f17) x30 0x8000fd70
core   0: 0x80009d74 (0x283f2823) sw      gp, 656(t5)
core   0: 3 0x80009d74 (0x283f2823) mem 0x80010000 0x00000001
core   0: 0x80009d78 (0xff9ff06f) j       pc - 0x8
core   0: 3 0x80009d78 (0xff9ff06f)
core   0: 0x80009d70 (0x00006f17) auipc   t5, 0x6
core   0: 3 0x80009d70 (0x00006f17) x30 0x8000fd70
core   0: 0x80009d74 (0x283f2823) sw      gp, 656(t5)
core   0: 3 0x80009d74 (0x283f2823) mem 0x80010000 0x00000001
core   0: 0x80009d78 (0xff9ff06f) j       pc - 0x8
core   0: 3 0x80009d78 (0xff9ff06f)
core   0: 0x80009d70 (0x00006f17) auipc   t5, 0x6
core   0: 3 0x80009d70 (0x00006f17) x30 0x8000fd70
core   0: 0x80009d74 (0x283f2823) sw      gp, 656(t5)
core   0: 3 0x80009d74 (0x283f2823) mem 0x80010000 0x00000001
core   0: 0x80009d78 (0xff9ff06f) j       pc - 0x8
core   0: 3 0x80009d78 (0xff9ff06f)
core   0: 0x80009d70 (0x00006f17) auipc   t5, 0x6
core   0: 3 0x80009d70 (0x00006f17) x30 0x8000fd70
core   0: 0x80009d74 (0x283f2823) sw      gp, 656(t5)
core   0: 3 0x80009d74 (0x283f2823) mem 0x80010000 0x00000001
core   0: 0x80009d78 (0xff9ff06f) j       pc - 0x8
core   0: 3 0x80009d78 (0xff9ff06f)
core   0: 0x80009d70 (0x00006f17) auipc   t5, 0x6
core   0: 3 0x80009d70 (0x00006f17) x30 0x8000fd70
core   0: 0x80009d74 (0x283f2823) sw      gp, 656(t5)
core   0: 3 0x80009d74 (0x283f2823) mem 0x80010000 0x00000001
core   0: 0x80009d78 (0xff9ff06f) j       pc - 0x8
core   0: 3 0x80009d78 (0xff9ff06f)
core   0: 0x80009d70 (0x00006f17) auipc   t5, 0x6
core   0: 3 0x80009d70 (0x00006f17) x30 0x8000fd70
core   0: 0x80009d74 (0x283f2823) sw      gp, 656(t5)
core   0: 3 0x80009d74 (0x283f2823) mem 0x80010000 0x00000001
core   0: 0x80009d78 (0xff9ff06f) j       pc - 0x8
core   0: 3 0x80009d78 (0xff9ff06f)
core   0: 0x80009d70 (0x00006f17) auipc   t5, 0x6
core   0: 3 0x80009d70 (0x00006f17) x30 0x8000fd70
core   0: 0x80009d74 (0x283f2823) sw      gp, 656(t5)
core   0: 3 0x80009d74 (0x283f2823) mem 0x80010000 0x00000001
core   0: 0x80009d78 (0xff9ff06f) j       pc - 0x8
core   0: 3 0x80009d78 (0xff9ff06f)
core   0: 0x80009d70 (0x00006f17) auipc   t5, 0x6
core   0: 3 0x80009d70 (0x00006f17) x30 0x8000fd70
core   0: 0x80009d74 (0x283f2823) sw      gp, 656(t5)
core   0: 3 0x80009d74 (0x283f2823) mem 0x80010000 0x00000001
core   0: 0x80009d78 (0xff9ff06f) j       pc - 0x8
core   0: 3 0x80009d78 (0xff9ff06f)
core   0: 0x80009d70 (0x00006f17) auipc   t5, 0x6
core   0: 3 0x80009d70 (0x00006f17) x30 0x8000fd70
core   0: 0x80009d74 (0x283f2823) sw      gp, 656(t5)
core   0: 3 0x80009d74 (0x283f2823) mem 0x80010000 0x00000001
core   0: 0x80009d78 (0xff9ff06f) j       pc - 0x8
core   0: 3 0x80009d78 (0xff9ff06f)
core   0: 0x80009d70 (0x00006f17) auipc   t5, 0x6
core   0: 3 0x80009d70 (0x00006f17) x30 0x8000fd70
core   0: 0x80009d74 (0x283f2823) sw      gp, 656(t5)
core   0: 3 0x80009d74 (0x283f2823) mem 0x80010000 0x00000001
core   0: 0x80009d78 (0xff9ff06f) j       pc - 0x8
core   0: 3 0x80009d78 (0xff9ff06f)
core   0: 0x80009d70 (0x00006f17) auipc   t5, 0x6
core   0: 3 0x80009d70 (0x00006f17) x30 0x8000fd70
core   0: 0x80009d74 (0x283f2823) sw      gp, 656(t5)
core   0: 3 0x80009d74 (0x283f2823) mem 0x80010000 0x00000001
core   0: 0x80009d78 (0xff9ff06f) j       pc - 0x8
core   0: 3 0x80009d78 (0xff9ff06f)
core   0: 0x80009d70 (0x00006f17) auipc   t5, 0x6
core   0: 3 0x80009d70 (0x00006f17) x30 0x8000fd70
core   0: 0x80009d74 (0x283f2823) sw      gp, 656(t5)
core   0: 3 0x80009d74 (0x283f2823) mem 0x80010000 0x00000001
core   0: 0x80009d78 (0xff9ff06f) j       pc - 0x8
core   0: 3 0x80009d78 (0xff9ff06f)
core   0: 0x80009d70 (0x00006f17) auipc   t5, 0x6
core   0: 3 0x80009d70 (0x00006f17) x30 0x8000fd70
core   0: 0x80009d74 (0x283f2823) sw      gp, 656(t5)
core   0: 3 0x80009d74 (0x283f2823) mem 0x80010000 0x00000001
core   0: 0x80009d78 (0xff9ff06f) j       pc - 0x8
core   0: 3 0x80009d78 (0xff9ff06f)
core   0: 0x80009d70 (0x00006f17) auipc   t5, 0x6
core   0: 3 0x80009d70 (0x00006f17) x30 0x8000fd70
core   0: 0x80009d74 (0x283f2823) sw      gp, 656(t5)
core   0: 3 0x80009d74 (0x283f2823) mem 0x80010000 0x00000001
core   0: 0x80009d78 (0xff9ff06f) j       pc - 0x8
core   0: 3 0x80009d78 (0xff9ff06f)
core   0: 0x80009d70 (0x00006f17) auipc   t5, 0x6
core   0: 3 0x80009d70 (0x00006f17) x30 0x8000fd70
core   0: 0x80009d74 (0x283f2823) sw      gp, 656(t5)
core   0: 3 0x80009d74 (0x283f2823) mem 0x80010000 0x00000001
core   0: 0x80009d78 (0xff9ff06f) j       pc - 0x8
core   0: 3 0x80009d78 (0xff9ff06f)
core   0: 0x80009d70 (0x00006f17) auipc   t5, 0x6
core   0: 3 0x80009d70 (0x00006f17) x30 0x8000fd70
core   0: 0x80009d74 (0x283f2823) sw      gp, 656(t5)
core   0: 3 0x80009d74 (0x283f2823) mem 0x80010000 0x00000001
core   0: 0x80009d78 (0xff9ff06f) j       pc - 0x8
core   0: 3 0x80009d78 (0xff9ff06f)
core   0: 0x80009d70 (0x00006f17) auipc   t5, 0x6
core   0: 3 0x80009d70 (0x00006f17) x30 0x8000fd70
core   0: 0x80009d74 (0x283f2823) sw      gp, 656(t5)
core   0: 3 0x80009d74 (0x283f2823) mem 0x80010000 0x00000001
core   0: 0x80009d78 (0xff9ff06f) j       pc - 0x8
core   0: 3 0x80009d78 (0xff9ff06f)
core   0: 0x80009d70 (0x00006f17) auipc   t5, 0x6
core   0: 3 0x80009d70 (0x00006f17) x30 0x8000fd70
core   0: 0x80009d74 (0x283f2823) sw      gp, 656(t5)
core   0: 3 0x80009d74 (0x283f2823) mem 0x80010000 0x00000001
core   0: 0x80009d78 (0xff9ff06f) j       pc - 0x8
core   0: 3 0x80009d78 (0xff9ff06f)
core   0: 0x80009d70 (0x00006f17) auipc   t5, 0x6
core   0: 3 0x80009d70 (0x00006f17) x30 0x8000fd70
core   0: 0x80009d74 (0x283f2823) sw      gp, 656(t5)
core   0: 3 0x80009d74 (0x283f2823) mem 0x80010000 0x00000001
core   0: 0x80009d78 (0xff9ff06f) j       pc - 0x8
core   0: 3 0x80009d78 (0xff9ff06f)
core   0: 0x80009d70 (0x00006f17) auipc   t5, 0x6
core   0: 3 0x80009d70 (0x00006f17) x30 0x8000fd70
core   0: 0x80009d74 (0x283f2823) sw      gp, 656(t5)
core   0: 3 0x80009d74 (0x283f2823) mem 0x80010000 0x00000001
core   0: 0x80009d78 (0xff9ff06f) j       pc - 0x8
core   0: 3 0x80009d78 (0xff9ff06f)
core   0: 0x80009d70 (0x00006f17) auipc   t5, 0x6
core   0: 3 0x80009d70 (0x00006f17) x30 0x8000fd70
core   0: 0x80009d74 (0x283f2823) sw      gp, 656(t5)
core   0: 3 0x80009d74 (0x283f2823) mem 0x80010000 0x00000001
core   0: 0x80009d78 (0xff9ff06f) j       pc - 0x8
core   0: 3 0x80009d78 (0xff9ff06f)
core   0: 0x80009d70 (0x00006f17) auipc   t5, 0x6
core   0: 3 0x80009d70 (0x00006f17) x30 0x8000fd70
core   0: 0x80009d74 (0x283f2823) sw      gp, 656(t5)
core   0: 3 0x80009d74 (0x283f2823) mem 0x80010000 0x00000001
core   0: 0x80009d78 (0xff9ff06f) j       pc - 0x8
core   0: 3 0x80009d78 (0xff9ff06f)
core   0: 0x80009d70 (0x00006f17) auipc   t5, 0x6
core   0: 3 0x80009d70 (0x00006f17) x30 0x8000fd70
core   0: 0x80009d74 (0x283f2823) sw      gp, 656(t5)
core   0: 3 0x80009d74 (0x283f2823) mem 0x80010000 0x00000001
core   0: 0x80009d78 (0xff9ff06f) j       pc - 0x8
core   0: 3 0x80009d78 (0xff9ff06f)
core   0: 0x80009d70 (0x00006f17) auipc   t5, 0x6
core   0: 3 0x80009d70 (0x00006f17) x30 0x8000fd70
core   0: 0x80009d74 (0x283f2823) sw      gp, 656(t5)
core   0: 3 0x80009d74 (0x283f2823) mem 0x80010000 0x00000001
core   0: 0x80009d78 (0xff9ff06f) j       pc - 0x8
core   0: 3 0x80009d78 (0xff9ff06f)
core   0: 0x80009d70 (0x00006f17) auipc   t5, 0x6
core   0: 3 0x80009d70 (0x00006f17) x30 0x8000fd70
core   0: 0x80009d74 (0x283f2823) sw      gp, 656(t5)
core   0: 3 0x80009d74 (0x283f2823) mem 0x80010000 0x00000001
core   0: 0x80009d78 (0xff9ff06f) j       pc - 0x8
core   0: 3 0x80009d78 (0xff9ff06f)
core   0: 0x80009d70 (0x00006f17) auipc   t5, 0x6
core   0: 3 0x80009d70 (0x00006f17) x30 0x8000fd70
core   0: 0x80009d74 (0x283f2823) sw      gp, 656(t5)
core   0: 3 0x80009d74 (0x283f2823) mem 0x80010000 0x00000001
core   0: 0x80009d78 (0xff9ff06f) j       pc - 0x8
core   0: 3 0x80009d78 (0xff9ff06f)
core   0: 0x80009d70 (0x00006f17) auipc   t5, 0x6
core   0: 3 0x80009d70 (0x00006f17) x30 0x8000fd70
core   0: 0x80009d74 (0x283f2823) sw      gp, 656(t5)
core   0: 3 0x80009d74 (0x283f2823) mem 0x80010000 0x00000001
core   0: 0x80009d78 (0xff9ff06f) j       pc - 0x8
core   0: 3 0x80009d78 (0xff9ff06f)
core   0: 0x80009d70 (0x00006f17) auipc   t5, 0x6
core   0: 3 0x80009d70 (0x00006f17) x30 0x8000fd70
core   0: 0x80009d74 (0x283f2823) sw      gp, 656(t5)
core   0: 3 0x80009d74 (0x283f2823) mem 0x80010000 0x00000001
core   0: 0x80009d78 (0xff9ff06f) j       pc - 0x8
core   0: 3 0x80009d78 (0xff9ff06f)
core   0: 0x80009d70 (0x00006f17) auipc   t5, 0x6
core   0: 3 0x80009d70 (0x00006f17) x30 0x8000fd70
core   0: 0x80009d74 (0x283f2823) sw      gp, 656(t5)
core   0: 3 0x80009d74 (0x283f2823) mem 0x80010000 0x00000001
core   0: 0x80009d78 (0xff9ff06f) j       pc - 0x8
core   0: 3 0x80009d78 (0xff9ff06f)
core   0: 0x80009d70 (0x00006f17) auipc   t5, 0x6
core   0: 3 0x80009d70 (0x00006f17) x30 0x8000fd70
core   0: 0x80009d74 (0x283f2823) sw      gp, 656(t5)
core   0: 3 0x80009d74 (0x283f2823) mem 0x80010000 0x00000001
core   0: 0x80009d78 (0xff9ff06f) j       pc - 0x8
core   0: 3 0x80009d78 (0xff9ff06f)
core   0: 0x80009d70 (0x00006f17) auipc   t5, 0x6
core   0: 3 0x80009d70 (0x00006f17) x30 0x8000fd70
core   0: 0x80009d74 (0x283f2823) sw      gp, 656(t5)
core   0: 3 0x80009d74 (0x283f2823) mem 0x80010000 0x00000001
core   0: 0x80009d78 (0xff9ff06f) j       pc - 0x8
core   0: 3 0x80009d78 (0xff9ff06f)
core   0: 0x80009d70 (0x00006f17) auipc   t5, 0x6
core   0: 3 0x80009d70 (0x00006f17) x30 0x8000fd70
core   0: 0x80009d74 (0x283f2823) sw      gp, 656(t5)
core   0: 3 0x80009d74 (0x283f2823) mem 0x80010000 0x00000001
core   0: 0x80009d78 (0xff9ff06f) j       pc - 0x8
core   0: 3 0x80009d78 (0xff9ff06f)
core   0: 0x80009d70 (0x00006f17) auipc   t5, 0x6
core   0: 3 0x80009d70 (0x00006f17) x30 0x8000fd70
core   0: 0x80009d74 (0x283f2823) sw      gp, 656(t5)
core   0: 3 0x80009d74 (0x283f2823) mem 0x80010000 0x00000001
core   0: 0x80009d78 (0xff9ff06f) j       pc - 0x8
core   0: 3 0x80009d78 (0xff9ff06f)
core   0: 0x80009d70 (0x00006f17) auipc   t5, 0x6
core   0: 3 0x80009d70 (0x00006f17) x30 0x8000fd70
core   0: 0x80009d74 (0x283f2823) sw      gp, 656(t5)
core   0: 3 0x80009d74 (0x283f2823) mem 0x80010000 0x00000001
core   0: 0x80009d78 (0xff9ff06f) j       pc - 0x8
core   0: 3 0x80009d78 (0xff9ff06f)
core   0: 0x80009d70 (0x00006f17) auipc   t5, 0x6
core   0: 3 0x80009d70 (0x00006f17) x30 0x8000fd70
core   0: 0x80009d74 (0x283f2823) sw      gp, 656(t5)
core   0: 3 0x80009d74 (0x283f2823) mem 0x80010000 0x00000001
core   0: 0x80009d78 (0xff9ff06f) j       pc - 0x8
core   0: 3 0x80009d78 (0xff9ff06f)
core   0: 0x80009d70 (0x00006f17) auipc   t5, 0x6
core   0: 3 0x80009d70 (0x00006f17) x30 0x8000fd70
core   0: 0x80009d74 (0x283f2823) sw      gp, 656(t5)
core   0: 3 0x80009d74 (0x283f2823) mem 0x80010000 0x00000001
core   0: 0x80009d78 (0xff9ff06f) j       pc - 0x8
core   0: 3 0x80009d78 (0xff9ff06f)
core   0: 0x80009d70 (0x00006f17) auipc   t5, 0x6
core   0: 3 0x80009d70 (0x00006f17) x30 0x8000fd70
core   0: 0x80009d74 (0x283f2823) sw      gp, 656(t5)
core   0: 3 0x80009d74 (0x283f2823) mem 0x80010000 0x00000001
core   0: 0x80009d78 (0xff9ff06f) j       pc - 0x8
core   0: 3 0x80009d78 (0xff9ff06f)
core   0: 0x80009d70 (0x00006f17) auipc   t5, 0x6
core   0: 3 0x80009d70 (0x00006f17) x30 0x8000fd70
core   0: 0x80009d74 (0x283f2823) sw      gp, 656(t5)
core   0: 3 0x80009d74 (0x283f2823) mem 0x80010000 0x00000001
core   0: 0x80009d78 (0xff9ff06f) j       pc - 0x8
core   0: 3 0x80009d78 (0xff9ff06f)
core   0: 0x80009d70 (0x00006f17) auipc   t5, 0x6
core   0: 3 0x80009d70 (0x00006f17) x30 0x8000fd70
core   0: 0x80009d74 (0x283f2823) sw      gp, 656(t5)
core   0: 3 0x80009d74 (0x283f2823) mem 0x80010000 0x00000001
core   0: 0x80009d78 (0xff9ff06f) j       pc - 0x8
core   0: 3 0x80009d78 (0xff9ff06f)
core   0: 0x80009d70 (0x00006f17) auipc   t5, 0x6
core   0: 3 0x80009d70 (0x00006f17) x30 0x8000fd70
core   0: 0x80009d74 (0x283f2823) sw      gp, 656(t5)
core   0: 3 0x80009d74 (0x283f2823) mem 0x80010000 0x00000001
core   0: 0x80009d78 (0xff9ff06f) j       pc - 0x8
core   0: 3 0x80009d78 (0xff9ff06f)
core   0: 0x80009d70 (0x00006f17) auipc   t5, 0x6
core   0: 3 0x80009d70 (0x00006f17) x30 0x8000fd70
core   0: 0x80009d74 (0x283f2823) sw      gp, 656(t5)
core   0: 3 0x80009d74 (0x283f2823) mem 0x80010000 0x00000001
core   0: 0x80009d78 (0xff9ff06f) j       pc - 0x8
core   0: 3 0x80009d78 (0xff9ff06f)
core   0: 0x80009d70 (0x00006f17) auipc   t5, 0x6
core   0: 3 0x80009d70 (0x00006f17) x30 0x8000fd70
core   0: 0x80009d74 (0x283f2823) sw      gp, 656(t5)
core   0: 3 0x80009d74 (0x283f2823) mem 0x80010000 0x00000001
core   0: 0x80009d78 (0xff9ff06f) j       pc - 0x8
core   0: 3 0x80009d78 (0xff9ff06f)
core   0: 0x80009d70 (0x00006f17) auipc   t5, 0x6
core   0: 3 0x80009d70 (0x00006f17) x30 0x8000fd70
core   0: 0x80009d74 (0x283f2823) sw      gp, 656(t5)
core   0: 3 0x80009d74 (0x283f2823) mem 0x80010000 0x00000001
core   0: 0x80009d78 (0xff9ff06f) j       pc - 0x8
core   0: 3 0x80009d78 (0xff9ff06f)
core   0: 0x80009d70 (0x00006f17) auipc   t5, 0x6
core   0: 3 0x80009d70 (0x00006f17) x30 0x8000fd70
core   0: 0x80009d74 (0x283f2823) sw      gp, 656(t5)
core   0: 3 0x80009d74 (0x283f2823) mem 0x80010000 0x00000001
core   0: 0x80009d78 (0xff9ff06f) j       pc - 0x8
core   0: 3 0x80009d78 (0xff9ff06f)
core   0: 0x80009d70 (0x00006f17) auipc   t5, 0x6
core   0: 3 0x80009d70 (0x00006f17) x30 0x8000fd70
core   0: 0x80009d74 (0x283f2823) sw      gp, 656(t5)
core   0: 3 0x80009d74 (0x283f2823) mem 0x80010000 0x00000001
core   0: 0x80009d78 (0xff9ff06f) j       pc - 0x8
core   0: 3 0x80009d78 (0xff9ff06f)
core   0: 0x80009d70 (0x00006f17) auipc   t5, 0x6
core   0: 3 0x80009d70 (0x00006f17) x30 0x8000fd70
core   0: 0x80009d74 (0x283f2823) sw      gp, 656(t5)
core   0: 3 0x80009d74 (0x283f2823) mem 0x80010000 0x00000001
core   0: 0x80009d78 (0xff9ff06f) j       pc - 0x8
core   0: 3 0x80009d78 (0xff9ff06f)
core   0: 0x80009d70 (0x00006f17) auipc   t5, 0x6
core   0: 3 0x80009d70 (0x00006f17) x30 0x8000fd70
core   0: 0x80009d74 (0x283f2823) sw      gp, 656(t5)
core   0: 3 0x80009d74 (0x283f2823) mem 0x80010000 0x00000001
core   0: 0x80009d78 (0xff9ff06f) j       pc - 0x8
core   0: 3 0x80009d78 (0xff9ff06f)
core   0: 0x80009d70 (0x00006f17) auipc   t5, 0x6
core   0: 3 0x80009d70 (0x00006f17) x30 0x8000fd70
core   0: 0x80009d74 (0x283f2823) sw      gp, 656(t5)
core   0: 3 0x80009d74 (0x283f2823) mem 0x80010000 0x00000001
core   0: 0x80009d78 (0xff9ff06f) j       pc - 0x8
core   0: 3 0x80009d78 (0xff9ff06f)
core   0: 0x80009d70 (0x00006f17) auipc   t5, 0x6
core   0: 3 0x80009d70 (0x00006f17) x30 0x8000fd70
core   0: 0x80009d74 (0x283f2823) sw      gp, 656(t5)
core   0: 3 0x80009d74 (0x283f2823) mem 0x80010000 0x00000001
core   0: 0x80009d78 (0xff9ff06f) j       pc - 0x8
core   0: 3 0x80009d78 (0xff9ff06f)
core   0: 0x80009d70 (0x00006f17) auipc   t5, 0x6
core   0: 3 0x80009d70 (0x00006f17) x30 0x8000fd70
core   0: 0x80009d74 (0x283f2823) sw      gp, 656(t5)
core   0: 3 0x80009d74 (0x283f2823) mem 0x80010000 0x00000001
core   0: 0x80009d78 (0xff9ff06f) j       pc - 0x8
core   0: 3 0x80009d78 (0xff9ff06f)
core   0: 0x80009d70 (0x00006f17) auipc   t5, 0x6
core   0: 3 0x80009d70 (0x00006f17) x30 0x8000fd70
core   0: 0x80009d74 (0x283f2823) sw      gp, 656(t5)
core   0: 3 0x80009d74 (0x283f2823) mem 0x80010000 0x00000001
core   0: 0x80009d78 (0xff9ff06f) j       pc - 0x8
core   0: 3 0x80009d78 (0xff9ff06f)
core   0: 0x80009d70 (0x00006f17) auipc   t5, 0x6
core   0: 3 0x80009d70 (0x00006f17) x30 0x8000fd70
core   0: 0x80009d74 (0x283f2823) sw      gp, 656(t5)
core   0: 3 0x80009d74 (0x283f2823) mem 0x80010000 0x00000001
core   0: 0x80009d78 (0xff9ff06f) j       pc - 0x8
core   0: 3 0x80009d78 (0xff9ff06f)
core   0: 0x80009d70 (0x00006f17) auipc   t5, 0x6
core   0: 3 0x80009d70 (0x00006f17) x30 0x8000fd70
core   0: 0x80009d74 (0x283f2823) sw      gp, 656(t5)
core   0: 3 0x80009d74 (0x283f2823) mem 0x80010000 0x00000001
core   0: 0x80009d78 (0xff9ff06f) j       pc - 0x8
core   0: 3 0x80009d78 (0xff9ff06f)
core   0: 0x80009d70 (0x00006f17) auipc   t5, 0x6
core   0: 3 0x80009d70 (0x00006f17) x30 0x8000fd70
core   0: 0x80009d74 (0x283f2823) sw      gp, 656(t5)
core   0: 3 0x80009d74 (0x283f2823) mem 0x80010000 0x00000001
core   0: 0x80009d78 (0xff9ff06f) j       pc - 0x8
core   0: 3 0x80009d78 (0xff9ff06f)
core   0: 0x80009d70 (0x00006f17) auipc   t5, 0x6
core   0: 3 0x80009d70 (0x00006f17) x30 0x8000fd70
core   0: 0x80009d74 (0x283f2823) sw      gp, 656(t5)
core   0: 3 0x80009d74 (0x283f2823) mem 0x80010000 0x00000001
core   0: 0x80009d78 (0xff9ff06f) j       pc - 0x8
core   0: 3 0x80009d78 (0xff9ff06f)
core   0: 0x80009d70 (0x00006f17) auipc   t5, 0x6
core   0: 3 0x80009d70 (0x00006f17) x30 0x8000fd70
core   0: 0x80009d74 (0x283f2823) sw      gp, 656(t5)
core   0: 3 0x80009d74 (0x283f2823) mem 0x80010000 0x00000001
core   0: 0x80009d78 (0xff9ff06f) j       pc - 0x8
core   0: 3 0x80009d78 (0xff9ff06f)
core   0: 0x80009d70 (0x00006f17) auipc   t5, 0x6
core   0: 3 0x80009d70 (0x00006f17) x30 0x8000fd70
core   0: 0x80009d74 (0x283f2823) sw      gp, 656(t5)
core   0: 3 0x80009d74 (0x283f2823) mem 0x80010000 0x00000001
core   0: 0x80009d78 (0xff9ff06f) j       pc - 0x8
core   0: 3 0x80009d78 (0xff9ff06f)
core   0: 0x80009d70 (0x00006f17) auipc   t5, 0x6
core   0: 3 0x80009d70 (0x00006f17) x30 0x8000fd70
core   0: 0x80009d74 (0x283f2823) sw      gp, 656(t5)
core   0: 3 0x80009d74 (0x283f2823) mem 0x80010000 0x00000001
core   0: 0x80009d78 (0xff9ff06f) j       pc - 0x8
core   0: 3 0x80009d78 (0xff9ff06f)
core   0: 0x80009d70 (0x00006f17) auipc   t5, 0x6
core   0: 3 0x80009d70 (0x00006f17) x30 0x8000fd70
core   0: 0x80009d74 (0x283f2823) sw      gp, 656(t5)
core   0: 3 0x80009d74 (0x283f2823) mem 0x80010000 0x00000001
core   0: 0x80009d78 (0xff9ff06f) j       pc - 0x8
core   0: 3 0x80009d78 (0xff9ff06f)
core   0: 0x80009d70 (0x00006f17) auipc   t5, 0x6
core   0: 3 0x80009d70 (0x00006f17) x30 0x8000fd70
core   0: 0x80009d74 (0x283f2823) sw      gp, 656(t5)
core   0: 3 0x80009d74 (0x283f2823) mem 0x80010000 0x00000001
core   0: 0x80009d78 (0xff9ff06f) j       pc - 0x8
core   0: 3 0x80009d78 (0xff9ff06f)
core   0: 0x80009d70 (0x00006f17) auipc   t5, 0x6
core   0: 3 0x80009d70 (0x00006f17) x30 0x8000fd70
core   0: 0x80009d74 (0x283f2823) sw      gp, 656(t5)
core   0: 3 0x80009d74 (0x283f2823) mem 0x80010000 0x00000001
core   0: 0x80009d78 (0xff9ff06f) j       pc - 0x8
core   0: 3 0x80009d78 (0xff9ff06f)
core   0: 0x80009d70 (0x00006f17) auipc   t5, 0x6
core   0: 3 0x80009d70 (0x00006f17) x30 0x8000fd70
core   0: 0x80009d74 (0x283f2823) sw      gp, 656(t5)
core   0: 3 0x80009d74 (0x283f2823) mem 0x80010000 0x00000001
core   0: 0x80009d78 (0xff9ff06f) j       pc - 0x8
core   0: 3 0x80009d78 (0xff9ff06f)
core   0: 0x80009d70 (0x00006f17) auipc   t5, 0x6
core   0: 3 0x80009d70 (0x00006f17) x30 0x8000fd70
core   0: 0x80009d74 (0x283f2823) sw      gp, 656(t5)
core   0: 3 0x80009d74 (0x283f2823) mem 0x80010000 0x00000001
core   0: 0x80009d78 (0xff9ff06f) j       pc - 0x8
core   0: 3 0x80009d78 (0xff9ff06f)
core   0: 0x80009d70 (0x00006f17) auipc   t5, 0x6
core   0: 3 0x80009d70 (0x00006f17) x30 0x8000fd70
core   0: 0x80009d74 (0x283f2823) sw      gp, 656(t5)
core   0: 3 0x80009d74 (0x283f2823) mem 0x80010000 0x00000001
core   0: 0x80009d78 (0xff9ff06f) j       pc - 0x8
core   0: 3 0x80009d78 (0xff9ff06f)
core   0: 0x80009d70 (0x00006f17) auipc   t5, 0x6
core   0: 3 0x80009d70 (0x00006f17) x30 0x8000fd70
core   0: 0x80009d74 (0x283f2823) sw      gp, 656(t5)
core   0: 3 0x80009d74 (0x283f2823) mem 0x80010000 0x00000001
core   0: 0x80009d78 (0xff9ff06f) j       pc - 0x8
core   0: 3 0x80009d78 (0xff9ff06f)
core   0: 0x80009d70 (0x00006f17) auipc   t5, 0x6
core   0: 3 0x80009d70 (0x00006f17) x30 0x8000fd70
core   0: 0x80009d74 (0x283f2823) sw      gp, 656(t5)
core   0: 3 0x80009d74 (0x283f2823) mem 0x80010000 0x00000001
core   0: 0x80009d78 (0xff9ff06f) j       pc - 0x8
core   0: 3 0x80009d78 (0xff9ff06f)
core   0: 0x80009d70 (0x00006f17) auipc   t5, 0x6
core   0: 3 0x80009d70 (0x00006f17) x30 0x8000fd70
core   0: 0x80009d74 (0x283f2823) sw      gp, 656(t5)
core   0: 3 0x80009d74 (0x283f2823) mem 0x80010000 0x00000001
core   0: 0x80009d78 (0xff9ff06f) j       pc - 0x8
core   0: 3 0x80009d78 (0xff9ff06f)
core   0: 0x80009d70 (0x00006f17) auipc   t5, 0x6
core   0: 3 0x80009d70 (0x00006f17) x30 0x8000fd70
core   0: 0x80009d74 (0x283f2823) sw      gp, 656(t5)
core   0: 3 0x80009d74 (0x283f2823) mem 0x80010000 0x00000001
core   0: 0x80009d78 (0xff9ff06f) j       pc - 0x8
core   0: 3 0x80009d78 (0xff9ff06f)
core   0: 0x80009d70 (0x00006f17) auipc   t5, 0x6
core   0: 3 0x80009d70 (0x00006f17) x30 0x8000fd70
core   0: 0x80009d74 (0x283f2823) sw      gp, 656(t5)
core   0: 3 0x80009d74 (0x283f2823) mem 0x80010000 0x00000001
core   0: 0x80009d78 (0xff9ff06f) j       pc - 0x8
core   0: 3 0x80009d78 (0xff9ff06f)
core   0: 0x80009d70 (0x00006f17) auipc   t5, 0x6
core   0: 3 0x80009d70 (0x00006f17) x30 0x8000fd70
core   0: 0x80009d74 (0x283f2823) sw      gp, 656(t5)
core   0: 3 0x80009d74 (0x283f2823) mem 0x80010000 0x00000001
core   0: 0x80009d78 (0xff9ff06f) j       pc - 0x8
core   0: 3 0x80009d78 (0xff9ff06f)
core   0: 0x80009d70 (0x00006f17) auipc   t5, 0x6
core   0: 3 0x80009d70 (0x00006f17) x30 0x8000fd70
core   0: 0x80009d74 (0x283f2823) sw      gp, 656(t5)
core   0: 3 0x80009d74 (0x283f2823) mem 0x80010000 0x00000001
core   0: 0x80009d78 (0xff9ff06f) j       pc - 0x8
core   0: 3 0x80009d78 (0xff9ff06f)
core   0: 0x80009d70 (0x00006f17) auipc   t5, 0x6
core   0: 3 0x80009d70 (0x00006f17) x30 0x8000fd70
core   0: 0x80009d74 (0x283f2823) sw      gp, 656(t5)
core   0: 3 0x80009d74 (0x283f2823) mem 0x80010000 0x00000001
core   0: 0x80009d78 (0xff9ff06f) j       pc - 0x8
core   0: 3 0x80009d78 (0xff9ff06f)
core   0: 0x80009d70 (0x00006f17) auipc   t5, 0x6
core   0: 3 0x80009d70 (0x00006f17) x30 0x8000fd70
core   0: 0x80009d74 (0x283f2823) sw      gp, 656(t5)
core   0: 3 0x80009d74 (0x283f2823) mem 0x80010000 0x00000001
core   0: 0x80009d78 (0xff9ff06f) j       pc - 0x8
core   0: 3 0x80009d78 (0xff9ff06f)
core   0: 0x80009d70 (0x00006f17) auipc   t5, 0x6
core   0: 3 0x80009d70 (0x00006f17) x30 0x8000fd70
core   0: 0x80009d74 (0x283f2823) sw      gp, 656(t5)
core   0: 3 0x80009d74 (0x283f2823) mem 0x80010000 0x00000001
core   0: 0x80009d78 (0xff9ff06f) j       pc - 0x8
core   0: 3 0x80009d78 (0xff9ff06f)
core   0: 0x80009d70 (0x00006f17) auipc   t5, 0x6
core   0: 3 0x80009d70 (0x00006f17) x30 0x8000fd70
core   0: 0x80009d74 (0x283f2823) sw      gp, 656(t5)
core   0: 3 0x80009d74 (0x283f2823) mem 0x80010000 0x00000001
core   0: 0x80009d78 (0xff9ff06f) j       pc - 0x8
core   0: 3 0x80009d78 (0xff9ff06f)
core   0: 0x80009d70 (0x00006f17) auipc   t5, 0x6
core   0: 3 0x80009d70 (0x00006f17) x30 0x8000fd70
core   0: 0x80009d74 (0x283f2823) sw      gp, 656(t5)
core   0: 3 0x80009d74 (0x283f2823) mem 0x80010000 0x00000001
core   0: 0x80009d78 (0xff9ff06f) j       pc - 0x8
core   0: 3 0x80009d78 (0xff9ff06f)
core   0: 0x80009d70 (0x00006f17) auipc   t5, 0x6
core   0: 3 0x80009d70 (0x00006f17) x30 0x8000fd70
core   0: 0x80009d74 (0x283f2823) sw      gp, 656(t5)
core   0: 3 0x80009d74 (0x283f2823) mem 0x80010000 0x00000001
core   0: 0x80009d78 (0xff9ff06f) j       pc - 0x8
core   0: 3 0x80009d78 (0xff9ff06f)
core   0: 0x80009d70 (0x00006f17) auipc   t5, 0x6
core   0: 3 0x80009d70 (0x00006f17) x30 0x8000fd70
core   0: 0x80009d74 (0x283f2823) sw      gp, 656(t5)
core   0: 3 0x80009d74 (0x283f2823) mem 0x80010000 0x00000001
core   0: 0x80009d78 (0xff9ff06f) j       pc - 0x8
core   0: 3 0x80009d78 (0xff9ff06f)
core   0: 0x80009d70 (0x00006f17) auipc   t5, 0x6
core   0: 3 0x80009d70 (0x00006f17) x30 0x8000fd70
core   0: 0x80009d74 (0x283f2823) sw      gp, 656(t5)
core   0: 3 0x80009d74 (0x283f2823) mem 0x80010000 0x00000001
core   0: 0x80009d78 (0xff9ff06f) j       pc - 0x8
core   0: 3 0x80009d78 (0xff9ff06f)
core   0: 0x80009d70 (0x00006f17) auipc   t5, 0x6
core   0: 3 0x80009d70 (0x00006f17) x30 0x8000fd70
core   0: 0x80009d74 (0x283f2823) sw      gp, 656(t5)
core   0: 3 0x80009d74 (0x283f2823) mem 0x80010000 0x00000001
core   0: 0x80009d78 (0xff9ff06f) j       pc - 0x8
core   0: 3 0x80009d78 (0xff9ff06f)
core   0: 0x80009d70 (0x00006f17) auipc   t5, 0x6
core   0: 3 0x80009d70 (0x00006f17) x30 0x8000fd70
core   0: 0x80009d74 (0x283f2823) sw      gp, 656(t5)
core   0: 3 0x80009d74 (0x283f2823) mem 0x80010000 0x00000001
core   0: 0x80009d78 (0xff9ff06f) j       pc - 0x8
core   0: 3 0x80009d78 (0xff9ff06f)
core   0: 0x80009d70 (0x00006f17) auipc   t5, 0x6
core   0: 3 0x80009d70 (0x00006f17) x30 0x8000fd70
core   0: 0x80009d74 (0x283f2823) sw      gp, 656(t5)
core   0: 3 0x80009d74 (0x283f2823) mem 0x80010000 0x00000001
core   0: 0x80009d78 (0xff9ff06f) j       pc - 0x8
core   0: 3 0x80009d78 (0xff9ff06f)
core   0: 0x80009d70 (0x00006f17) auipc   t5, 0x6
core   0: 3 0x80009d70 (0x00006f17) x30 0x8000fd70
core   0: 0x80009d74 (0x283f2823) sw      gp, 656(t5)
core   0: 3 0x80009d74 (0x283f2823) mem 0x80010000 0x00000001
core   0: 0x80009d78 (0xff9ff06f) j       pc - 0x8
core   0: 3 0x80009d78 (0xff9ff06f)
core   0: 0x80009d70 (0x00006f17) auipc   t5, 0x6
core   0: 3 0x80009d70 (0x00006f17) x30 0x8000fd70
core   0: 0x80009d74 (0x283f2823) sw      gp, 656(t5)
core   0: 3 0x80009d74 (0x283f2823) mem 0x80010000 0x00000001
core   0: 0x80009d78 (0xff9ff06f) j       pc - 0x8
core   0: 3 0x80009d78 (0xff9ff06f)
core   0: 0x80009d70 (0x00006f17) auipc   t5, 0x6
core   0: 3 0x80009d70 (0x00006f17) x30 0x8000fd70
core   0: 0x80009d74 (0x283f2823) sw      gp, 656(t5)
core   0: 3 0x80009d74 (0x283f2823) mem 0x80010000 0x00000001
core   0: 0x80009d78 (0xff9ff06f) j       pc - 0x8
core   0: 3 0x80009d78 (0xff9ff06f)
core   0: 0x80009d70 (0x00006f17) auipc   t5, 0x6
core   0: 3 0x80009d70 (0x00006f17) x30 0x8000fd70
core   0: 0x80009d74 (0x283f2823) sw      gp, 656(t5)
core   0: 3 0x80009d74 (0x283f2823) mem 0x80010000 0x00000001
core   0: 0x80009d78 (0xff9ff06f) j       pc - 0x8
core   0: 3 0x80009d78 (0xff9ff06f)
core   0: 0x80009d70 (0x00006f17) auipc   t5, 0x6
core   0: 3 0x80009d70 (0x00006f17) x30 0x8000fd70
core   0: 0x80009d74 (0x283f2823) sw      gp, 656(t5)
core   0: 3 0x80009d74 (0x283f2823) mem 0x80010000 0x00000001
core   0: 0x80009d78 (0xff9ff06f) j       pc - 0x8
core   0: 3 0x80009d78 (0xff9ff06f)
core   0: 0x80009d70 (0x00006f17) auipc   t5, 0x6
core   0: 3 0x80009d70 (0x00006f17) x30 0x8000fd70
core   0: 0x80009d74 (0x283f2823) sw      gp, 656(t5)
core   0: 3 0x80009d74 (0x283f2823) mem 0x80010000 0x00000001
core   0: 0x80009d78 (0xff9ff06f) j       pc - 0x8
core   0: 3 0x80009d78 (0xff9ff06f)
core   0: 0x80009d70 (0x00006f17) auipc   t5, 0x6
core   0: 3 0x80009d70 (0x00006f17) x30 0x8000fd70
core   0: 0x80009d74 (0x283f2823) sw      gp, 656(t5)
core   0: 3 0x80009d74 (0x283f2823) mem 0x80010000 0x00000001
core   0: 0x80009d78 (0xff9ff06f) j       pc - 0x8
core   0: 3 0x80009d78 (0xff9ff06f)
core   0: 0x80009d70 (0x00006f17) auipc   t5, 0x6
core   0: 3 0x80009d70 (0x00006f17) x30 0x8000fd70
core   0: 0x80009d74 (0x283f2823) sw      gp, 656(t5)
core   0: 3 0x80009d74 (0x283f2823) mem 0x80010000 0x00000001
core   0: 0x80009d78 (0xff9ff06f) j       pc - 0x8
core   0: 3 0x80009d78 (0xff9ff06f)
core   0: 0x80009d70 (0x00006f17) auipc   t5, 0x6
core   0: 3 0x80009d70 (0x00006f17) x30 0x8000fd70
core   0: 0x80009d74 (0x283f2823) sw      gp, 656(t5)
core   0: 3 0x80009d74 (0x283f2823) mem 0x80010000 0x00000001
core   0: 0x80009d78 (0xff9ff06f) j       pc - 0x8
core   0: 3 0x80009d78 (0xff9ff06f)
core   0: 0x80009d70 (0x00006f17) auipc   t5, 0x6
core   0: 3 0x80009d70 (0x00006f17) x30 0x8000fd70
core   0: 0x80009d74 (0x283f2823) sw      gp, 656(t5)
core   0: 3 0x80009d74 (0x283f2823) mem 0x80010000 0x00000001
core   0: 0x80009d78 (0xff9ff06f) j       pc - 0x8
core   0: 3 0x80009d78 (0xff9ff06f)
core   0: 0x80009d70 (0x00006f17) auipc   t5, 0x6
core   0: 3 0x80009d70 (0x00006f17) x30 0x8000fd70
core   0: 0x80009d74 (0x283f2823) sw      gp, 656(t5)
core   0: 3 0x80009d74 (0x283f2823) mem 0x80010000 0x00000001
core   0: 0x80009d78 (0xff9ff06f) j       pc - 0x8
core   0: 3 0x80009d78 (0xff9ff06f)
core   0: 0x80009d70 (0x00006f17) auipc   t5, 0x6
core   0: 3 0x80009d70 (0x00006f17) x30 0x8000fd70
core   0: 0x80009d74 (0x283f2823) sw      gp, 656(t5)
core   0: 3 0x80009d74 (0x283f2823) mem 0x80010000 0x00000001
core   0: 0x80009d78 (0xff9ff06f) j       pc - 0x8
core   0: 3 0x80009d78 (0xff9ff06f)
core   0: 0x80009d70 (0x00006f17) auipc   t5, 0x6
core   0: 3 0x80009d70 (0x00006f17) x30 0x8000fd70
core   0: 0x80009d74 (0x283f2823) sw      gp, 656(t5)
core   0: 3 0x80009d74 (0x283f2823) mem 0x80010000 0x00000001
core   0: 0x80009d78 (0xff9ff06f) j       pc - 0x8
core   0: 3 0x80009d78 (0xff9ff06f)
core   0: 0x80009d70 (0x00006f17) auipc   t5, 0x6
core   0: 3 0x80009d70 (0x00006f17) x30 0x8000fd70
core   0: 0x80009d74 (0x283f2823) sw      gp, 656(t5)
core   0: 3 0x80009d74 (0x283f2823) mem 0x80010000 0x00000001
core   0: 0x80009d78 (0xff9ff06f) j       pc - 0x8
core   0: 3 0x80009d78 (0xff9ff06f)
core   0: 0x80009d70 (0x00006f17) auipc   t5, 0x6
core   0: 3 0x80009d70 (0x00006f17) x30 0x8000fd70
core   0: 0x80009d74 (0x283f2823) sw      gp, 656(t5)
core   0: 3 0x80009d74 (0x283f2823) mem 0x80010000 0x00000001
core   0: 0x80009d78 (0xff9ff06f) j       pc - 0x8
core   0: 3 0x80009d78 (0xff9ff06f)
core   0: 0x80009d70 (0x00006f17) auipc   t5, 0x6
core   0: 3 0x80009d70 (0x00006f17) x30 0x8000fd70
core   0: 0x80009d74 (0x283f2823) sw      gp, 656(t5)
core   0: 3 0x80009d74 (0x283f2823) mem 0x80010000 0x00000001
core   0: 0x80009d78 (0xff9ff06f) j       pc - 0x8
core   0: 3 0x80009d78 (0xff9ff06f)
core   0: 0x80009d70 (0x00006f17) auipc   t5, 0x6
core   0: 3 0x80009d70 (0x00006f17) x30 0x8000fd70
core   0: 0x80009d74 (0x283f2823) sw      gp, 656(t5)
core   0: 3 0x80009d74 (0x283f2823) mem 0x80010000 0x00000001
core   0: 0x80009d78 (0xff9ff06f) j       pc - 0x8
core   0: 3 0x80009d78 (0xff9ff06f)
core   0: 0x80009d70 (0x00006f17) auipc   t5, 0x6
core   0: 3 0x80009d70 (0x00006f17) x30 0x8000fd70
core   0: 0x80009d74 (0x283f2823) sw      gp, 656(t5)
core   0: 3 0x80009d74 (0x283f2823) mem 0x80010000 0x00000001
core   0: 0x80009d78 (0xff9ff06f) j       pc - 0x8
core   0: 3 0x80009d78 (0xff9ff06f)
core   0: 0x80009d70 (0x00006f17) auipc   t5, 0x6
core   0: 3 0x80009d70 (0x00006f17) x30 0x8000fd70
core   0: 0x80009d74 (0x283f2823) sw      gp, 656(t5)
core   0: 3 0x80009d74 (0x283f2823) mem 0x80010000 0x00000001
core   0: 0x80009d78 (0xff9ff06f) j       pc - 0x8
core   0: 3 0x80009d78 (0xff9ff06f)
core   0: 0x80009d70 (0x00006f17) auipc   t5, 0x6
core   0: 3 0x80009d70 (0x00006f17) x30 0x8000fd70
core   0: 0x80009d74 (0x283f2823) sw      gp, 656(t5)
core   0: 3 0x80009d74 (0x283f2823) mem 0x80010000 0x00000001
core   0: 0x80009d78 (0xff9ff06f) j       pc - 0x8
core   0: 3 0x80009d78 (0xff9ff06f)
core   0: 0x80009d70 (0x00006f17) auipc   t5, 0x6
core   0: 3 0x80009d70 (0x00006f17) x30 0x8000fd70
core   0: 0x80009d74 (0x283f2823) sw      gp, 656(t5)
core   0: 3 0x80009d74 (0x283f2823) mem 0x80010000 0x00000001
core   0: 0x80009d78 (0xff9ff06f) j       pc - 0x8
core   0: 3 0x80009d78 (0xff9ff06f)
core   0: 0x80009d70 (0x00006f17) auipc   t5, 0x6
core   0: 3 0x80009d70 (0x00006f17) x30 0x8000fd70
core   0: 0x80009d74 (0x283f2823) sw      gp, 656(t5)
core   0: 3 0x80009d74 (0x283f2823) mem 0x80010000 0x00000001
core   0: 0x80009d78 (0xff9ff06f) j       pc - 0x8
core   0: 3 0x80009d78 (0xff9ff06f)
core   0: 0x80009d70 (0x00006f17) auipc   t5, 0x6
core   0: 3 0x80009d70 (0x00006f17) x30 0x8000fd70
core   0: 0x80009d74 (0x283f2823) sw      gp, 656(t5)
core   0: 3 0x80009d74 (0x283f2823) mem 0x80010000 0x00000001
core   0: 0x80009d78 (0xff9ff06f) j       pc - 0x8
core   0: 3 0x80009d78 (0xff9ff06f)
core   0: 0x80009d70 (0x00006f17) auipc   t5, 0x6
core   0: 3 0x80009d70 (0x00006f17) x30 0x8000fd70
core   0: 0x80009d74 (0x283f2823) sw      gp, 656(t5)
core   0: 3 0x80009d74 (0x283f2823) mem 0x80010000 0x00000001
core   0: 0x80009d78 (0xff9ff06f) j       pc - 0x8
core   0: 3 0x80009d78 (0xff9ff06f)
core   0: 0x80009d70 (0x00006f17) auipc   t5, 0x6
core   0: 3 0x80009d70 (0x00006f17) x30 0x8000fd70
core   0: 0x80009d74 (0x283f2823) sw      gp, 656(t5)
core   0: 3 0x80009d74 (0x283f2823) mem 0x80010000 0x00000001
core   0: 0x80009d78 (0xff9ff06f) j       pc - 0x8
core   0: 3 0x80009d78 (0xff9ff06f)
core   0: 0x80009d70 (0x00006f17) auipc   t5, 0x6
core   0: 3 0x80009d70 (0x00006f17) x30 0x8000fd70
core   0: 0x80009d74 (0x283f2823) sw      gp, 656(t5)
core   0: 3 0x80009d74 (0x283f2823) mem 0x80010000 0x00000001
core   0: 0x80009d78 (0xff9ff06f) j       pc - 0x8
core   0: 3 0x80009d78 (0xff9ff06f)
core   0: 0x80009d70 (0x00006f17) auipc   t5, 0x6
core   0: 3 0x80009d70 (0x00006f17) x30 0x8000fd70
core   0: 0x80009d74 (0x283f2823) sw      gp, 656(t5)
core   0: 3 0x80009d74 (0x283f2823) mem 0x80010000 0x00000001
core   0: 0x80009d78 (0xff9ff06f) j       pc - 0x8
core   0: 3 0x80009d78 (0xff9ff06f)
core   0: 0x80009d70 (0x00006f17) auipc   t5, 0x6
core   0: 3 0x80009d70 (0x00006f17) x30 0x8000fd70
core   0: 0x80009d74 (0x283f2823) sw      gp, 656(t5)
core   0: 3 0x80009d74 (0x283f2823) mem 0x80010000 0x00000001
core   0: 0x80009d78 (0xff9ff06f) j       pc - 0x8
core   0: 3 0x80009d78 (0xff9ff06f)
core   0: 0x80009d70 (0x00006f17) auipc   t5, 0x6
core   0: 3 0x80009d70 (0x00006f17) x30 0x8000fd70
core   0: 0x80009d74 (0x283f2823) sw      gp, 656(t5)
core   0: 3 0x80009d74 (0x283f2823) mem 0x80010000 0x00000001
core   0: 0x80009d78 (0xff9ff06f) j       pc - 0x8
core   0: 3 0x80009d78 (0xff9ff06f)
core   0: 0x80009d70 (0x00006f17) auipc   t5, 0x6
core   0: 3 0x80009d70 (0x00006f17) x30 0x8000fd70
core   0: 0x80009d74 (0x283f2823) sw      gp, 656(t5)
core   0: 3 0x80009d74 (0x283f2823) mem 0x80010000 0x00000001
core   0: 0x80009d78 (0xff9ff06f) j       pc - 0x8
core   0: 3 0x80009d78 (0xff9ff06f)
core   0: 0x80009d70 (0x00006f17) auipc   t5, 0x6
core   0: 3 0x80009d70 (0x00006f17) x30 0x8000fd70
core   0: 0x80009d74 (0x283f2823) sw      gp, 656(t5)
core   0: 3 0x80009d74 (0x283f2823) mem 0x80010000 0x00000001
core   0: 0x80009d78 (0xff9ff06f) j       pc - 0x8
core   0: 3 0x80009d78 (0xff9ff06f)
core   0: 0x80009d70 (0x00006f17) auipc   t5, 0x6
core   0: 3 0x80009d70 (0x00006f17) x30 0x8000fd70
core   0: 0x80009d74 (0x283f2823) sw      gp, 656(t5)
core   0: 3 0x80009d74 (0x283f2823) mem 0x80010000 0x00000001
core   0: 0x80009d78 (0xff9ff06f) j       pc - 0x8
core   0: 3 0x80009d78 (0xff9ff06f)
core   0: 0x80009d70 (0x00006f17) auipc   t5, 0x6
core   0: 3 0x80009d70 (0x00006f17) x30 0x8000fd70
core   0: 0x80009d74 (0x283f2823) sw      gp, 656(t5)
core   0: 3 0x80009d74 (0x283f2823) mem 0x80010000 0x00000001
core   0: 0x80009d78 (0xff9ff06f) j       pc - 0x8
core   0: 3 0x80009d78 (0xff9ff06f)
core   0: 0x80009d70 (0x00006f17) auipc   t5, 0x6
core   0: 3 0x80009d70 (0x00006f17) x30 0x8000fd70
core   0: 0x80009d74 (0x283f2823) sw      gp, 656(t5)
core   0: 3 0x80009d74 (0x283f2823) mem 0x80010000 0x00000001
core   0: 0x80009d78 (0xff9ff06f) j       pc - 0x8
core   0: 3 0x80009d78 (0xff9ff06f)
core   0: 0x80009d70 (0x00006f17) auipc   t5, 0x6
core   0: 3 0x80009d70 (0x00006f17) x30 0x8000fd70
core   0: 0x80009d74 (0x283f2823) sw      gp, 656(t5)
core   0: 3 0x80009d74 (0x283f2823) mem 0x80010000 0x00000001
core   0: 0x80009d78 (0xff9ff06f) j       pc - 0x8
core   0: 3 0x80009d78 (0xff9ff06f)
core   0: 0x80009d70 (0x00006f17) auipc   t5, 0x6
core   0: 3 0x80009d70 (0x00006f17) x30 0x8000fd70
core   0: 0x80009d74 (0x283f2823) sw      gp, 656(t5)
core   0: 3 0x80009d74 (0x283f2823) mem 0x80010000 0x00000001
core   0: 0x80009d78 (0xff9ff06f) j       pc - 0x8
core   0: 3 0x80009d78 (0xff9ff06f)
core   0: 0x80009d70 (0x00006f17) auipc   t5, 0x6
core   0: 3 0x80009d70 (0x00006f17) x30 0x8000fd70
core   0: 0x80009d74 (0x283f2823) sw      gp, 656(t5)
core   0: 3 0x80009d74 (0x283f2823) mem 0x80010000 0x00000001
core   0: 0x80009d78 (0xff9ff06f) j       pc - 0x8
core   0: 3 0x80009d78 (0xff9ff06f)
core   0: 0x80009d70 (0x00006f17) auipc   t5, 0x6
core   0: 3 0x80009d70 (0x00006f17) x30 0x8000fd70
core   0: 0x80009d74 (0x283f2823) sw      gp, 656(t5)
core   0: 3 0x80009d74 (0x283f2823) mem 0x80010000 0x00000001
core   0: 0x80009d78 (0xff9ff06f) j       pc - 0x8
core   0: 3 0x80009d78 (0xff9ff06f)
core   0: 0x80009d70 (0x00006f17) auipc   t5, 0x6
core   0: 3 0x80009d70 (0x00006f17) x30 0x8000fd70
core   0: 0x80009d74 (0x283f2823) sw      gp, 656(t5)
core   0: 3 0x80009d74 (0x283f2823) mem 0x80010000 0x00000001
core   0: 0x80009d78 (0xff9ff06f) j       pc - 0x8
core   0: 3 0x80009d78 (0xff9ff06f)
core   0: 0x80009d70 (0x00006f17) auipc   t5, 0x6
core   0: 3 0x80009d70 (0x00006f17) x30 0x8000fd70
core   0: 0x80009d74 (0x283f2823) sw      gp, 656(t5)
core   0: 3 0x80009d74 (0x283f2823) mem 0x80010000 0x00000001
core   0: 0x80009d78 (0xff9ff06f) j       pc - 0x8
core   0: 3 0x80009d78 (0xff9ff06f)
core   0: 0x80009d70 (0x00006f17) auipc   t5, 0x6
core   0: 3 0x80009d70 (0x00006f17) x30 0x8000fd70
core   0: 0x80009d74 (0x283f2823) sw      gp, 656(t5)
core   0: 3 0x80009d74 (0x283f2823) mem 0x80010000 0x00000001
core   0: 0x80009d78 (0xff9ff06f) j       pc - 0x8
core   0: 3 0x80009d78 (0xff9ff06f)
core   0: 0x80009d70 (0x00006f17) auipc   t5, 0x6
core   0: 3 0x80009d70 (0x00006f17) x30 0x8000fd70
core   0: 0x80009d74 (0x283f2823) sw      gp, 656(t5)
core   0: 3 0x80009d74 (0x283f2823) mem 0x80010000 0x00000001
core   0: 0x80009d78 (0xff9ff06f) j       pc - 0x8
core   0: 3 0x80009d78 (0xff9ff06f)
core   0: 0x80009d70 (0x00006f17) auipc   t5, 0x6
core   0: 3 0x80009d70 (0x00006f17) x30 0x8000fd70
core   0: 0x80009d74 (0x283f2823) sw      gp, 656(t5)
core   0: 3 0x80009d74 (0x283f2823) mem 0x80010000 0x00000001
core   0: 0x80009d78 (0xff9ff06f) j       pc - 0x8
core   0: 3 0x80009d78 (0xff9ff06f)
core   0: 0x80009d70 (0x00006f17) auipc   t5, 0x6
core   0: 3 0x80009d70 (0x00006f17) x30 0x8000fd70
core   0: 0x80009d74 (0x283f2823) sw      gp, 656(t5)
core   0: 3 0x80009d74 (0x283f2823) mem 0x80010000 0x00000001
core   0: 0x80009d78 (0xff9ff06f) j       pc - 0x8
core   0: 3 0x80009d78 (0xff9ff06f)
core   0: 0x80009d70 (0x00006f17) auipc   t5, 0x6
core   0: 3 0x80009d70 (0x00006f17) x30 0x8000fd70
core   0: 0x80009d74 (0x283f2823) sw      gp, 656(t5)
core   0: 3 0x80009d74 (0x283f2823) mem 0x80010000 0x00000001
core   0: 0x80009d78 (0xff9ff06f) j       pc - 0x8
core   0: 3 0x80009d78 (0xff9ff06f)
core   0: 0x80009d70 (0x00006f17) auipc   t5, 0x6
core   0: 3 0x80009d70 (0x00006f17) x30 0x8000fd70
core   0: 0x80009d74 (0x283f2823) sw      gp, 656(t5)
core   0: 3 0x80009d74 (0x283f2823) mem 0x80010000 0x00000001
core   0: 0x80009d78 (0xff9ff06f) j       pc - 0x8
core   0: 3 0x80009d78 (0xff9ff06f)
core   0: 0x80009d70 (0x00006f17) auipc   t5, 0x6
core   0: 3 0x80009d70 (0x00006f17) x30 0x8000fd70
core   0: 0x80009d74 (0x283f2823) sw      gp, 656(t5)
core   0: 3 0x80009d74 (0x283f2823) mem 0x80010000 0x00000001
core   0: 0x80009d78 (0xff9ff06f) j       pc - 0x8
core   0: 3 0x80009d78 (0xff9ff06f)
core   0: 0x80009d70 (0x00006f17) auipc   t5, 0x6
core   0: 3 0x80009d70 (0x00006f17) x30 0x8000fd70
core   0: 0x80009d74 (0x283f2823) sw      gp, 656(t5)
core   0: 3 0x80009d74 (0x283f2823) mem 0x80010000 0x00000001
core   0: 0x80009d78 (0xff9ff06f) j       pc - 0x8
core   0: 3 0x80009d78 (0xff9ff06f)
core   0: 0x80009d70 (0x00006f17) auipc   t5, 0x6
core   0: 3 0x80009d70 (0x00006f17) x30 0x8000fd70
core   0: 0x80009d74 (0x283f2823) sw      gp, 656(t5)
core   0: 3 0x80009d74 (0x283f2823) mem 0x80010000 0x00000001
core   0: 0x80009d78 (0xff9ff06f) j       pc - 0x8
core   0: 3 0x80009d78 (0xff9ff06f)
core   0: 0x80009d70 (0x00006f17) auipc   t5, 0x6
core   0: 3 0x80009d70 (0x00006f17) x30 0x8000fd70
core   0: 0x80009d74 (0x283f2823) sw      gp, 656(t5)
core   0: 3 0x80009d74 (0x283f2823) mem 0x80010000 0x00000001
core   0: 0x80009d78 (0xff9ff06f) j       pc - 0x8
core   0: 3 0x80009d78 (0xff9ff06f)
core   0: 0x80009d70 (0x00006f17) auipc   t5, 0x6
core   0: 3 0x80009d70 (0x00006f17) x30 0x8000fd70
core   0: 0x80009d74 (0x283f2823) sw      gp, 656(t5)
core   0: 3 0x80009d74 (0x283f2823) mem 0x80010000 0x00000001
core   0: 0x80009d78 (0xff9ff06f) j       pc - 0x8
core   0: 3 0x80009d78 (0xff9ff06f)
core   0: 0x80009d70 (0x00006f17) auipc   t5, 0x6
core   0: 3 0x80009d70 (0x00006f17) x30 0x8000fd70
core   0: 0x80009d74 (0x283f2823) sw      gp, 656(t5)
core   0: 3 0x80009d74 (0x283f2823) mem 0x80010000 0x00000001
core   0: 0x80009d78 (0xff9ff06f) j       pc - 0x8
core   0: 3 0x80009d78 (0xff9ff06f)
core   0: 0x80009d70 (0x00006f17) auipc   t5, 0x6
core   0: 3 0x80009d70 (0x00006f17) x30 0x8000fd70
core   0: 0x80009d74 (0x283f2823) sw      gp, 656(t5)
core   0: 3 0x80009d74 (0x283f2823) mem 0x80010000 0x00000001
core   0: 0x80009d78 (0xff9ff06f) j       pc - 0x8
core   0: 3 0x80009d78 (0xff9ff06f)
core   0: 0x80009d70 (0x00006f17) auipc   t5, 0x6
core   0: 3 0x80009d70 (0x00006f17) x30 0x8000fd70
core   0: 0x80009d74 (0x283f2823) sw      gp, 656(t5)
core   0: 3 0x80009d74 (0x283f2823) mem 0x80010000 0x00000001
core   0: 0x80009d78 (0xff9ff06f) j       pc - 0x8
core   0: 3 0x80009d78 (0xff9ff06f)
core   0: 0x80009d70 (0x00006f17) auipc   t5, 0x6
core   0: 3 0x80009d70 (0x00006f17) x30 0x8000fd70
core   0: 0x80009d74 (0x283f2823) sw      gp, 656(t5)
core   0: 3 0x80009d74 (0x283f2823) mem 0x80010000 0x00000001
core   0: 0x80009d78 (0xff9ff06f) j       pc - 0x8
core   0: 3 0x80009d78 (0xff9ff06f)
core   0: 0x80009d70 (0x00006f17) auipc   t5, 0x6
core   0: 3 0x80009d70 (0x00006f17) x30 0x8000fd70
core   0: 0x80009d74 (0x283f2823) sw      gp, 656(t5)
core   0: 3 0x80009d74 (0x283f2823) mem 0x80010000 0x00000001
core   0: 0x80009d78 (0xff9ff06f) j       pc - 0x8
core   0: 3 0x80009d78 (0xff9ff06f)
core   0: 0x80009d70 (0x00006f17) auipc   t5, 0x6
core   0: 3 0x80009d70 (0x00006f17) x30 0x8000fd70
core   0: 0x80009d74 (0x283f2823) sw      gp, 656(t5)
core   0: 3 0x80009d74 (0x283f2823) mem 0x80010000 0x00000001
core   0: 0x80009d78 (0xff9ff06f) j       pc - 0x8
core   0: 3 0x80009d78 (0xff9ff06f)
core   0: 0x80009d70 (0x00006f17) auipc   t5, 0x6
core   0: 3 0x80009d70 (0x00006f17) x30 0x8000fd70
core   0: 0x80009d74 (0x283f2823) sw      gp, 656(t5)
core   0: 3 0x80009d74 (0x283f2823) mem 0x80010000 0x00000001
core   0: 0x80009d78 (0xff9ff06f) j       pc - 0x8
core   0: 3 0x80009d78 (0xff9ff06f)
core   0: 0x80009d70 (0x00006f17) auipc   t5, 0x6
core   0: 3 0x80009d70 (0x00006f17) x30 0x8000fd70
core   0: 0x80009d74 (0x283f2823) sw      gp, 656(t5)
core   0: 3 0x80009d74 (0x283f2823) mem 0x80010000 0x00000001
core   0: 0x80009d78 (0xff9ff06f) j       pc - 0x8
core   0: 3 0x80009d78 (0xff9ff06f)
core   0: 0x80009d70 (0x00006f17) auipc   t5, 0x6
core   0: 3 0x80009d70 (0x00006f17) x30 0x8000fd70
core   0: 0x80009d74 (0x283f2823) sw      gp, 656(t5)
core   0: 3 0x80009d74 (0x283f2823) mem 0x80010000 0x00000001
core   0: 0x80009d78 (0xff9ff06f) j       pc - 0x8
core   0: 3 0x80009d78 (0xff9ff06f)
core   0: 0x80009d70 (0x00006f17) auipc   t5, 0x6
core   0: 3 0x80009d70 (0x00006f17) x30 0x8000fd70
core   0: 0x80009d74 (0x283f2823) sw      gp, 656(t5)
core   0: 3 0x80009d74 (0x283f2823) mem 0x80010000 0x00000001
core   0: 0x80009d78 (0xff9ff06f) j       pc - 0x8
core   0: 3 0x80009d78 (0xff9ff06f)
core   0: 0x80009d70 (0x00006f17) auipc   t5, 0x6
core   0: 3 0x80009d70 (0x00006f17) x30 0x8000fd70
core   0: 0x80009d74 (0x283f2823) sw      gp, 656(t5)
core   0: 3 0x80009d74 (0x283f2823) mem 0x80010000 0x00000001
core   0: 0x80009d78 (0xff9ff06f) j       pc - 0x8
core   0: 3 0x80009d78 (0xff9ff06f)
core   0: 0x80009d70 (0x00006f17) auipc   t5, 0x6
core   0: 3 0x80009d70 (0x00006f17) x30 0x8000fd70
core   0: 0x80009d74 (0x283f2823) sw      gp, 656(t5)
core   0: 3 0x80009d74 (0x283f2823) mem 0x80010000 0x00000001
core   0: 0x80009d78 (0xff9ff06f) j       pc - 0x8
core   0: 3 0x80009d78 (0xff9ff06f)
core   0: 0x80009d70 (0x00006f17) auipc   t5, 0x6
core   0: 3 0x80009d70 (0x00006f17) x30 0x8000fd70
core   0: 0x80009d74 (0x283f2823) sw      gp, 656(t5)
core   0: 3 0x80009d74 (0x283f2823) mem 0x80010000 0x00000001
core   0: 0x80009d78 (0xff9ff06f) j       pc - 0x8
core   0: 3 0x80009d78 (0xff9ff06f)
core   0: 0x80009d70 (0x00006f17) auipc   t5, 0x6
core   0: 3 0x80009d70 (0x00006f17) x30 0x8000fd70
core   0: 0x80009d74 (0x283f2823) sw      gp, 656(t5)
core   0: 3 0x80009d74 (0x283f2823) mem 0x80010000 0x00000001
core   0: 0x80009d78 (0xff9ff06f) j       pc - 0x8
core   0: 3 0x80009d78 (0xff9ff06f)
core   0: 0x80009d70 (0x00006f17) auipc   t5, 0x6
core   0: 3 0x80009d70 (0x00006f17) x30 0x8000fd70
core   0: 0x80009d74 (0x283f2823) sw      gp, 656(t5)
core   0: 3 0x80009d74 (0x283f2823) mem 0x80010000 0x00000001
core   0: 0x80009d78 (0xff9ff06f) j       pc - 0x8
core   0: 3 0x80009d78 (0xff9ff06f)
core   0: 0x80009d70 (0x00006f17) auipc   t5, 0x6
core   0: 3 0x80009d70 (0x00006f17) x30 0x8000fd70
core   0: 0x80009d74 (0x283f2823) sw      gp, 656(t5)
core   0: 3 0x80009d74 (0x283f2823) mem 0x80010000 0x00000001
core   0: 0x80009d78 (0xff9ff06f) j       pc - 0x8
core   0: 3 0x80009d78 (0xff9ff06f)
core   0: 0x80009d70 (0x00006f17) auipc   t5, 0x6
core   0: 3 0x80009d70 (0x00006f17) x30 0x8000fd70
core   0: 0x80009d74 (0x283f2823) sw      gp, 656(t5)
core   0: 3 0x80009d74 (0x283f2823) mem 0x80010000 0x00000001
core   0: 0x80009d78 (0xff9ff06f) j       pc - 0x8
core   0: 3 0x80009d78 (0xff9ff06f)
core   0: 0x80009d70 (0x00006f17) auipc   t5, 0x6
core   0: 3 0x80009d70 (0x00006f17) x30 0x8000fd70
core   0: 0x80009d74 (0x283f2823) sw      gp, 656(t5)
core   0: 3 0x80009d74 (0x283f2823) mem 0x80010000 0x00000001
core   0: 0x80009d78 (0xff9ff06f) j       pc - 0x8
core   0: 3 0x80009d78 (0xff9ff06f)
core   0: 0x80009d70 (0x00006f17) auipc   t5, 0x6
core   0: 3 0x80009d70 (0x00006f17) x30 0x8000fd70
core   0: 0x80009d74 (0x283f2823) sw      gp, 656(t5)
core   0: 3 0x80009d74 (0x283f2823) mem 0x80010000 0x00000001
core   0: 0x80009d78 (0xff9ff06f) j       pc - 0x8
core   0: 3 0x80009d78 (0xff9ff06f)
core   0: 0x80009d70 (0x00006f17) auipc   t5, 0x6
core   0: 3 0x80009d70 (0x00006f17) x30 0x8000fd70
core   0: 0x80009d74 (0x283f2823) sw      gp, 656(t5)
core   0: 3 0x80009d74 (0x283f2823) mem 0x80010000 0x00000001
core   0: 0x80009d78 (0xff9ff06f) j       pc - 0x8
core   0: 3 0x80009d78 (0xff9ff06f)
core   0: 0x80009d70 (0x00006f17) auipc   t5, 0x6
core   0: 3 0x80009d70 (0x00006f17) x30 0x8000fd70
core   0: 0x80009d74 (0x283f2823) sw      gp, 656(t5)
core   0: 3 0x80009d74 (0x283f2823) mem 0x80010000 0x00000001
core   0: 0x80009d78 (0xff9ff06f) j       pc - 0x8
core   0: 3 0x80009d78 (0xff9ff06f)
core   0: 0x80009d70 (0x00006f17) auipc   t5, 0x6
core   0: 3 0x80009d70 (0x00006f17) x30 0x8000fd70
core   0: 0x80009d74 (0x283f2823) sw      gp, 656(t5)
core   0: 3 0x80009d74 (0x283f2823) mem 0x80010000 0x00000001
