core   0: 0x00001000 (0x00000297) auipc   t0, 0x0
core   0: 3 0x00001000 (0x00000297) x 5 0x00001000
core   0: 0x00001004 (0x02028593) addi    a1, t0, 32
core   0: 3 0x00001004 (0x02028593) x11 0x00001020
core   0: 0x00001008 (0xf1402573) csrr    a0, mhartid
core   0: 3 0x00001008 (0xf1402573) x10 0x00000000
core   0: 0x0000100c (0x0182a283) lw      t0, 24(t0)
core   0: 3 0x0000100c (0x0182a283) x 5 0x80000000 mem 0x00001018
core   0: 0x00001010 (0x00028067) jr      t0
core   0: 3 0x00001010 (0x00028067)
core   0: 0x80000000 (0xf14022f3) csrr    t0, mhartid
core   0: 3 0x80000000 (0xf14022f3) x 5 0x00000000
core   0: 0x80000004 (0x00000313) li      t1, 0
core   0: 3 0x80000004 (0x00000313) x 6 0x00000000
core   0: 0x80000008 (0x00628263) beq     t0, t1, pc + 4
core   0: 3 0x80000008 (0x00628263)
core   0: 0x8000000c (0x00000997) auipc   s3, 0x0
core   0: 3 0x8000000c (0x00000997) x19 0x8000000c
core   0: 0x80000010 (0x00c98993) addi    s3, s3, 12
core   0: 3 0x80000010 (0x00c98993) x19 0x80000018
core   0: 0x80000014 (0x00098067) jr      s3
core   0: 3 0x80000014 (0x00098067)
core   0: 0x80000018 (0x400014b7) lui     s1, 0x40001
core   0: 3 0x80000018 (0x400014b7) x 9 0x40001000
core   0: 0x8000001c (0x10448493) addi    s1, s1, 260
core   0: 3 0x8000001c (0x10448493) x 9 0x40001104
core   0: 0x80000020 (0x30149073) csrw    misa, s1
core   0: 3 0x80000020 (0x30149073) c769_misa 0x40141100
core   0: 0x80000024 (0x00019d97) auipc   s11, 0x19
core   0: 3 0x80000024 (0x00019d97) x27 0x80019024
core   0: 0x80000028 (0xcc0d8d93) addi    s11, s11, -832
core   0: 3 0x80000028 (0xcc0d8d93) x27 0x80018ce4
core   0: 0x8000002c (0x0000a497) auipc   s1, 0xa
core   0: 3 0x8000002c (0x0000a497) x 9 0x8000a02c
core   0: 0x80000030 (0xd5048493) addi    s1, s1, -688
core   0: 3 0x80000030 (0xd5048493) x 9 0x80009d7c
core   0: 0x80000034 (0x0004e493) ori     s1, s1, 0
core   0: 3 0x80000034 (0x0004e493) x 9 0x80009d7c
core   0: 0x80000038 (0x30549073) csrw    mtvec, s1
core   0: 3 0x80000038 (0x30549073) c773_mtvec 0x80009d7c
core   0: 0x8000003c (0x00000497) auipc   s1, 0x0
core   0: 3 0x8000003c (0x00000497) x 9 0x8000003c
core   0: 0x80000040 (0x02848493) addi    s1, s1, 40
core   0: 3 0x80000040 (0x02848493) x 9 0x80000064
core   0: 0x80000044 (0x34149073) csrw    mepc, s1
core   0: 3 0x80000044 (0x34149073) c833_mepc 0x80000064
core   0: 0x80000048 (0x00000013) nop
core   0: 3 0x80000048 (0x00000013)
core   0: 0x8000004c (0x000024b7) lui     s1, 0x2
core   0: 3 0x8000004c (0x000024b7) x 9 0x00002000
core   0: 0x80000050 (0x80048493) addi    s1, s1, -2048
core   0: 3 0x80000050 (0x80048493) x 9 0x00001800
core   0: 0x80000054 (0x30049073) csrw    mstatus, s1
core   0: 3 0x80000054 (0x30049073) c768_mstatus 0x00001800
core   0: 0x80000058 (0x00000493) li      s1, 0
core   0: 3 0x80000058 (0x00000493) x 9 0x00000000
core   0: 0x8000005c (0x30449073) csrw    mie, s1
core   0: 3 0x8000005c (0x30449073) c772_mie 0x00000000
core   0: 0x80000060 (0x30200073) mret
core   0: 3 0x80000060 (0x30200073) c768_mstatus 0x00000080
core   0: >>>>  init
core   0: 0x80000064 (0x00300013) li      zero, 3
core   0: 3 0x80000064 (0x00300013)
core   0: 0x80000068 (0xf0a510b7) lui     ra, 0xf0a51
core   0: 3 0x80000068 (0xf0a510b7) x 1 0xf0a51000
core   0: 0x8000006c (0x7e108093) addi    ra, ra, 2017
core   0: 3 0x8000006c (0x7e108093) x 1 0xf0a517e1
core   0: 0x80000070 (0x00b00113) li      sp, 11
core   0: 3 0x80000070 (0x00b00113) x 2 0x0000000b
core   0: 0x80000074 (0x3578f1b7) lui     gp, 0x3578f
core   0: 3 0x80000074 (0x3578f1b7) x 3 0x3578f000
core   0: 0x80000078 (0xb7a18193) addi    gp, gp, -1158
core   0: 3 0x80000078 (0xb7a18193) x 3 0x3578eb7a
core   0: 0x8000007c (0xf79c4237) lui     tp, 0xf79c4
core   0: 3 0x8000007c (0xf79c4237) x 4 0xf79c4000
core   0: 0x80000080 (0x90f20213) addi    tp, tp, -1777
core   0: 3 0x80000080 (0x90f20213) x 4 0xf79c390f
core   0: 0x80000084 (0x00700293) li      t0, 7
core   0: 3 0x80000084 (0x00700293) x 5 0x00000007
core   0: 0x80000088 (0x00c00313) li      t1, 12
core   0: 3 0x80000088 (0x00c00313) x 6 0x0000000c
core   0: 0x8000008c (0x00600393) li      t2, 6
core   0: 3 0x8000008c (0x00600393) x 7 0x00000006
core   0: 0x80000090 (0xe7aa9437) lui     s0, 0xe7aa9
core   0: 3 0x80000090 (0xe7aa9437) x 8 0xe7aa9000
core   0: 0x80000094 (0x0df40413) addi    s0, s0, 223
core   0: 3 0x80000094 (0x0df40413) x 8 0xe7aa90df
core   0: 0x80000098 (0xf707d4b7) lui     s1, 0xf707d
core   0: 3 0x80000098 (0xf707d4b7) x 9 0xf707d000
core   0: 0x8000009c (0x14e48493) addi    s1, s1, 334
core   0: 3 0x8000009c (0x14e48493) x 9 0xf707d14e
core   0: 0x800000a0 (0x00e00513) li      a0, 14
core   0: 3 0x800000a0 (0x00e00513) x10 0x0000000e
core   0: 0x800000a4 (0x3e5b25b7) lui     a1, 0x3e5b2
core   0: 3 0x800000a4 (0x3e5b25b7) x11 0x3e5b2000
core   0: 0x800000a8 (0xd8c58593) addi    a1, a1, -628
core   0: 3 0x800000a8 (0xd8c58593) x11 0x3e5b1d8c
core   0: 0x800000ac (0x00000613) li      a2, 0
core   0: 3 0x800000ac (0x00000613) x12 0x00000000
core   0: 0x800000b0 (0xfa4466b7) lui     a3, 0xfa446
core   0: 3 0x800000b0 (0xfa4466b7) x13 0xfa446000
core   0: 0x800000b4 (0x35468693) addi    a3, a3, 852
core   0: 3 0x800000b4 (0x35468693) x13 0xfa446354
core   0: 0x800000b8 (0x67320737) lui     a4, 0x67320
core   0: 3 0x800000b8 (0x67320737) x14 0x67320000
core   0: 0x800000bc (0xbde70713) addi    a4, a4, -1058
core   0: 3 0x800000bc (0xbde70713) x14 0x6731fbde
core   0: 0x800000c0 (0x00b00793) li      a5, 11
core   0: 3 0x800000c0 (0x00b00793) x15 0x0000000b
core   0: 0x800000c4 (0x00900893) li      a7, 9
core   0: 3 0x800000c4 (0x00900893) x17 0x00000009
core   0: 0x800000c8 (0x80000937) lui     s2, 0x80000
core   0: 3 0x800000c8 (0x80000937) x18 0x80000000
core   0: 0x800000cc (0x00b00993) li      s3, 11
core   0: 3 0x800000cc (0x00b00993) x19 0x0000000b
core   0: 0x800000d0 (0x80000a37) lui     s4, 0x80000
core   0: 3 0x800000d0 (0x80000a37) x20 0x80000000
core   0: 0x800000d4 (0xf3752ab7) lui     s5, 0xf3752
core   0: 3 0x800000d4 (0xf3752ab7) x21 0xf3752000
core   0: 0x800000d8 (0x086a8a93) addi    s5, s5, 134
core   0: 3 0x800000d8 (0x086a8a93) x21 0xf3752086
core   0: 0x800000dc (0xf0402b37) lui     s6, 0xf0402
core   0: 3 0x800000dc (0xf0402b37) x22 0xf0402000
core   0: 0x800000e0 (0xac0b0b13) addi    s6, s6, -1344
core   0: 3 0x800000e0 (0xac0b0b13) x22 0xf0401ac0
core   0: 0x800000e4 (0xfdc5dbb7) lui     s7, 0xfdc5d
core   0: 3 0x800000e4 (0xfdc5dbb7) x23 0xfdc5d000
core   0: 0x800000e8 (0x6fbb8b93) addi    s7, s7, 1787
core   0: 3 0x800000e8 (0x6fbb8b93) x23 0xfdc5d6fb
core   0: 0x800000ec (0x00000c13) li      s8, 0
core   0: 3 0x800000ec (0x00000c13) x24 0x00000000
core   0: 0x800000f0 (0x00d00c93) li      s9, 13
core   0: 3 0x800000f0 (0x00d00c93) x25 0x0000000d
core   0: 0x800000f4 (0x1c546d37) lui     s10, 0x1c546
core   0: 3 0x800000f4 (0x1c546d37) x26 0x1c546000
core   0: 0x800000f8 (0x748d0d13) addi    s10, s10, 1864
core   0: 3 0x800000f8 (0x748d0d13) x26 0x1c546748
core   0: 0x800000fc (0x00d00e13) li      t3, 13
core   0: 3 0x800000fc (0x00d00e13) x28 0x0000000d
core   0: 0x80000100 (0x80000eb7) lui     t4, 0x80000
core   0: 3 0x80000100 (0x80000eb7) x29 0x80000000
core   0: 0x80000104 (0x047ddf37) lui     t5, 0x47dd
core   0: 3 0x80000104 (0x047ddf37) x30 0x047dd000
core   0: 0x80000108 (0x308f0f13) addi    t5, t5, 776
core   0: 3 0x80000108 (0x308f0f13) x30 0x047dd308
core   0: 0x8000010c (0x00100f93) li      t6, 1
core   0: 3 0x8000010c (0x00100f93) x31 0x00000001
core   0: 0x80000110 (0x00015817) auipc   a6, 0x15
core   0: 3 0x80000110 (0x00015817) x16 0x80015110
core   0: 0x80000114 (0xd5480813) addi    a6, a6, -684
core   0: 3 0x80000114 (0xd5480813) x16 0x80014e64
core   0: 0x80000118 (0x45cdb313) sltiu   t1, s11, 1116
core   0: 3 0x80000118 (0x45cdb313) x 6 0x00000000
core   0: 0x8000011c (0x40b90fb3) sub     t6, s2, a1
core   0: 3 0x8000011c (0x40b90fb3) x31 0x41a4e274
core   0: 0x80000120 (0x01da9133) sll     sp, s5, t4
core   0: 3 0x80000120 (0x01da9133) x 2 0xf3752086
core   0: 0x80000124 (0x02d05533) divu    a0, zero, a3
core   0: 3 0x80000124 (0x02d05533) x10 0x00000000
core   0: 0x80000128 (0x595a6513) ori     a0, s4, 1429
core   0: 3 0x80000128 (0x595a6513) x10 0x80000595
core   0: 0x8000012c (0x03eeb433) mulhu   s0, t4, t5
core   0: 3 0x8000012c (0x03eeb433) x 8 0x023ee984
core   0: 0x80000130 (0x46734113) xori    sp, t1, 1127
core   0: 3 0x80000130 (0x46734113) x 2 0x00000467
core   0: 0x80000134 (0x0293a0b3) mulhsu  ra, t2, s1
core   0: 3 0x80000134 (0x0293a0b3) x 1 0x00000005
core   0: 0x80000138 (0x00000013) nop
core   0: 3 0x80000138 (0x00000013)
core   0: 0x8000013c (0x02c8c2b3) div     t0, a7, a2
core   0: 3 0x8000013c (0x02c8c2b3) x 5 0xffffffff
core   0: 0x80000140 (0x01061313) slli    t1, a2, 16
core   0: 3 0x80000140 (0x01061313) x 6 0x00000000
core   0: 0x80000144 (0x8f6fcc13) xori    s8, t6, -1802
core   0: 3 0x80000144 (0x8f6fcc13) x24 0xbe5b1a82
core   0: 0x80000148 (0x00d8d8b3) srl     a7, a7, a3
core   0: 3 0x80000148 (0x00d8d8b3) x17 0x00000000
core   0: 0x8000014c (0x25bd0013) addi    zero, s10, 603
core   0: 3 0x8000014c (0x25bd0013)
core   0: 0x80000150 (0xf4498093) addi    ra, s3, -188
core   0: 3 0x80000150 (0xf4498093) x 1 0xffffff4f
core   0: 0x80000154 (0x02867c33) remu    s8, a2, s0
core   0: 3 0x80000154 (0x02867c33) x24 0x00000000
core   0: 0x80000158 (0x00000013) nop
core   0: 3 0x80000158 (0x00000013)
core   0: 0x8000015c (0x031fcfb3) div     t6, t6, a7
core   0: 3 0x8000015c (0x031fcfb3) x31 0xffffffff
core   0: 0x80000160 (0x026e77b3) remu    a5, t3, t1
core   0: 3 0x80000160 (0x026e77b3) x15 0x0000000d
core   0: 0x80000164 (0xd9b0ca93) xori    s5, ra, -613
core   0: 3 0x80000164 (0xd9b0ca93) x21 0x000002d4
core   0: 0x80000168 (0x35706413) ori     s0, zero, 855
core   0: 3 0x80000168 (0x35706413) x 8 0x00000357
core   0: 0x8000016c (0x004f6a33) or      s4, t5, tp
core   0: 3 0x8000016c (0x004f6a33) x20 0xf7fdfb0f
core   0: 0x80000170 (0x93df4d13) xori    s10, t5, -1731
core   0: 3 0x80000170 (0x93df4d13) x26 0xfb822a35
core   0: 0x80000174 (0x013d4c33) xor     s8, s10, s3
core   0: 3 0x80000174 (0x013d4c33) x24 0xfb822a3e
core   0: 0x80000178 (0x021dc033) div     zero, s11, ra
core   0: 3 0x80000178 (0x021dc033)
core   0: 0x8000017c (0x0241ebb3) rem     s7, gp, tp
core   0: 3 0x8000017c (0x0241ebb3) x23 0x032241d4
core   0: 0x80000180 (0x40dad4b3) sra     s1, s5, a3
core   0: 3 0x80000180 (0x40dad4b3) x 9 0x00000000
core   0: 0x80000184 (0x01276bb3) or      s7, a4, s2
core   0: 3 0x80000184 (0x01276bb3) x23 0xe731fbde
core   0: 0x80000188 (0x020d4c33) div     s8, s10, zero
core   0: 3 0x80000188 (0x020d4c33) x24 0xffffffff
core   0: 0x8000018c (0x02424333) div     t1, tp, tp
core   0: 3 0x8000018c (0x02424333) x 6 0x00000001
core   0: 0x80000190 (0x017d5633) srl     a2, s10, s7
core   0: 3 0x80000190 (0x017d5633) x12 0x00000003
core   0: 0x80000194 (0x02b25633) divu    a2, tp, a1
core   0: 3 0x80000194 (0x02b25633) x12 0x00000003
core   0: 0x80000198 (0x52432713) slti    a4, t1, 1316
core   0: 3 0x80000198 (0x52432713) x14 0x00000001
core   0: 0x8000019c (0x038aeb33) rem     s6, s5, s8
core   0: 3 0x8000019c (0x038aeb33) x22 0x00000000
core   0: 0x800001a0 (0xf22c6393) ori     t2, s8, -222
core   0: 3 0x800001a0 (0xf22c6393) x 7 0xffffffff
core   0: 0x800001a4 (0x154a6513) ori     a0, s4, 340
core   0: 3 0x800001a4 (0x154a6513) x10 0xf7fdfb5f
core   0: 0x800001a8 (0x03c45fb3) divu    t6, s0, t3
core   0: 3 0x800001a8 (0x03c45fb3) x31 0x00000041
core   0: 0x800001ac (0x01f02a33) slt     s4, zero, t6
core   0: 3 0x800001ac (0x01f02a33) x20 0x00000001
core   0: 0x800001b0 (0x00000013) nop
core   0: 3 0x800001b0 (0x00000013)
core   0: 0x800001b4 (0x00c478b3) and     a7, s0, a2
core   0: 3 0x800001b4 (0x00c478b3) x17 0x00000003
core   0: 0x800001b8 (0xa5dafa13) andi    s4, s5, -1443
core   0: 3 0x800001b8 (0xa5dafa13) x20 0x00000254
core   0: 0x800001bc (0x024b3a33) mulhu   s4, s6, tp
core   0: 3 0x800001bc (0x024b3a33) x20 0x00000000
core   0: 0x800001c0 (0x020ede33) divu    t3, t4, zero
core   0: 3 0x800001c0 (0x020ede33) x28 0xffffffff
core   0: 0x800001c4 (0x010f6cb3) or      s9, t5, a6
core   0: 3 0x800001c4 (0x010f6cb3) x25 0x847ddf6c
core   0: 0x800001c8 (0x016ff5b3) and     a1, t6, s6
core   0: 3 0x800001c8 (0x016ff5b3) x11 0x00000000
core   0: 0x800001cc (0x022c8033) mul     zero, s9, sp
core   0: 3 0x800001cc (0x022c8033)
core   0: 0x800001d0 (0x65928b13) addi    s6, t0, 1625
core   0: 3 0x800001d0 (0x65928b13) x22 0x00000658
core   0: 0x800001d4 (0x03e97b33) remu    s6, s2, t5
core   0: 3 0x800001d4 (0x03e97b33) x22 0x023ceb20
core   0: 0x800001d8 (0x027f3b33) mulhu   s6, t5, t2
core   0: 3 0x800001d8 (0x027f3b33) x22 0x047dd307
core   0: 0x800001dc (0x06d98393) addi    t2, s3, 109
core   0: 3 0x800001dc (0x06d98393) x 7 0x00000078
core   0: 0x800001e0 (0x6e6fa893) slti    a7, t6, 1766
core   0: 3 0x800001e0 (0x6e6fa893) x17 0x00000001
core   0: 0x800001e4 (0x414bd633) sra     a2, s7, s4
core   0: 3 0x800001e4 (0x414bd633) x12 0xe731fbde
core   0: 0x800001e8 (0xa4b9e237) lui     tp, 0xa4b9e
core   0: 3 0x800001e8 (0xa4b9e237) x 4 0xa4b9e000
core   0: 0x800001ec (0x01f8fcb3) and     s9, a7, t6
core   0: 3 0x800001ec (0x01f8fcb3) x25 0x00000001
core   0: 0x800001f0 (0x0020afb3) slt     t6, ra, sp
core   0: 3 0x800001f0 (0x0020afb3) x31 0x00000001
core   0: 0x800001f4 (0x004c37b3) sltu    a5, s8, tp
core   0: 3 0x800001f4 (0x004c37b3) x15 0x00000000
core   0: 0x800001f8 (0x02c22533) mulhsu  a0, tp, a2
core   0: 3 0x800001f8 (0x02c22533) x10 0xad91e6e6
core   0: 0x800001fc (0x02d45ab3) divu    s5, s0, a3
core   0: 3 0x800001fc (0x02d45ab3) x21 0x00000000
core   0: 0x80000200 (0x028515b3) mulh    a1, a0, s0
core   0: 3 0x80000200 (0x028515b3) x11 0xfffffeec
core   0: 0x80000204 (0x00000013) nop
core   0: 3 0x80000204 (0x00000013)
core   0: 0x80000208 (0x0286a5b3) mulhsu  a1, a3, s0
core   0: 3 0x80000208 (0x0286a5b3) x11 0xffffffec
core   0: 0x8000020c (0x01762c33) slt     s8, a2, s7
core   0: 3 0x8000020c (0x01762c33) x24 0x00000000
core   0: 0x80000210 (0x6310b617) auipc   a2, 0x6310b
core   0: 3 0x80000210 (0x6310b617) x12 0xe310b210
core   0: 0x80000214 (0x028d27b3) mulhsu  a5, s10, s0
core   0: 3 0x80000214 (0x028d27b3) x15 0xfffffff0
core   0: 0x80000218 (0x01e885b3) add     a1, a7, t5
core   0: 3 0x80000218 (0x01e885b3) x11 0x047dd309
core   0: 0x8000021c (0x018c9533) sll     a0, s9, s8
core   0: 3 0x8000021c (0x018c9533) x10 0x00000001
core   0: 0x80000220 (0x00000013) nop
core   0: 3 0x80000220 (0x00000013)
core   0: 0x80000224 (0x028b67b3) rem     a5, s6, s0
core   0: 3 0x80000224 (0x028b67b3) x15 0x0000013d
core   0: 0x80000228 (0xf00b0713) addi    a4, s6, -256
core   0: 3 0x80000228 (0xf00b0713) x14 0x047dd207
core   0: 0x8000022c (0x41c85a33) sra     s4, a6, t3
core   0: 3 0x8000022c (0x41c85a33) x20 0xffffffff
core   0: 0x80000230 (0x029e4533) div     a0, t3, s1
core   0: 3 0x80000230 (0x029e4533) x10 0xffffffff
core   0: 0x80000234 (0x02b71d33) mulh    s10, a4, a1
core   0: 3 0x80000234 (0x02b71d33) x26 0x00142c6b
core   0: 0x80000238 (0x009447b3) xor     a5, s0, s1
core   0: 3 0x80000238 (0x009447b3) x15 0x00000357
core   0: 0x8000023c (0xc560ec13) ori     s8, ra, -938
core   0: 3 0x8000023c (0xc560ec13) x24 0xffffff5f
core   0: 0x80000240 (0x0110ba33) sltu    s4, ra, a7
core   0: 3 0x80000240 (0x0110ba33) x20 0x00000000
core   0: 0x80000244 (0x01eba333) slt     t1, s7, t5
core   0: 3 0x80000244 (0x01eba333) x 6 0x00000001
core   0: 0x80000248 (0x0158e733) or      a4, a7, s5
core   0: 3 0x80000248 (0x0158e733) x14 0x00000001
core   0: 0x8000024c (0x00000013) nop
core   0: 3 0x8000024c (0x00000013)
core   0: 0x80000250 (0x02750333) mul     t1, a0, t2
core   0: 3 0x80000250 (0x02750333) x 6 0xffffff88
core   0: 0x80000254 (0x01e8ed33) or      s10, a7, t5
core   0: 3 0x80000254 (0x01e8ed33) x26 0x047dd309
core   0: 0x80000258 (0x00000013) nop
core   0: 3 0x80000258 (0x00000013)
core   0: 0x8000025c (0x008ca7b3) slt     a5, s9, s0
core   0: 3 0x8000025c (0x008ca7b3) x15 0x00000001
core   0: 0x80000260 (0x811f3413) sltiu   s0, t5, -2031
core   0: 3 0x80000260 (0x811f3413) x 8 0x00000001
core   0: 0x80000264 (0x0060feb3) and     t4, ra, t1
core   0: 3 0x80000264 (0x0060feb3) x29 0xffffff08
core   0: 0x80000268 (0x2eb9c713) xori    a4, s3, 747
core   0: 3 0x80000268 (0x2eb9c713) x14 0x000002e0
core   0: 0x8000026c (0x00aeda13) srli    s4, t4, 10
core   0: 3 0x8000026c (0x00aeda13) x20 0x003fffff
core   0: 0x80000270 (0x40e05913) srai    s2, zero, 14
core   0: 3 0x80000270 (0x40e05913) x18 0x00000000
core   0: 0x80000274 (0xf96a4893) xori    a7, s4, -106
core   0: 3 0x80000274 (0xf96a4893) x17 0xffc00069
core   0: 0x80000278 (0x02b956b3) divu    a3, s2, a1
core   0: 3 0x80000278 (0x02b956b3) x13 0x00000000
core   0: 0x8000027c (0x01d5c7b3) xor     a5, a1, t4
core   0: 3 0x8000027c (0x01d5c7b3) x15 0xfb822c01
core   0: 0x80000280 (0x6ab8e017) auipc   zero, 0x6ab8e
core   0: 3 0x80000280 (0x6ab8e017)
core   0: 0x80000284 (0x4477f413) andi    s0, a5, 1095
core   0: 3 0x80000284 (0x4477f413) x 8 0x00000401
core   0: 0x80000288 (0x026833b3) mulhu   t2, a6, t1
core   0: 3 0x80000288 (0x026833b3) x 7 0x80014e27
core   0: 0x8000028c (0x02102533) mulhsu  a0, zero, ra
core   0: 3 0x8000028c (0x02102533) x10 0x00000000
core   0: 0x80000290 (0x01252c33) slt     s8, a0, s2
core   0: 3 0x80000290 (0x01252c33) x24 0x00000000
core   0: 0x80000294 (0x0362c7b3) div     a5, t0, s6
core   0: 3 0x80000294 (0x0362c7b3) x15 0x00000000
core   0: 0x80000298 (0x031d8fb3) mul     t6, s11, a7
core   0: 3 0x80000298 (0x031d8fb3) x31 0x47a2c984
core   0: 0x8000029c (0x039b2c33) mulhsu  s8, s6, s9
core   0: 3 0x8000029c (0x039b2c33) x24 0x00000000
core   0: 0x800002a0 (0x032e8cb3) mul     s9, t4, s2
core   0: 3 0x800002a0 (0x032e8cb3) x25 0x00000000
core   0: 0x800002a4 (0x0122b733) sltu    a4, t0, s2
core   0: 3 0x800002a4 (0x0122b733) x14 0x00000000
core   0: 0x800002a8 (0x31f1e613) ori     a2, gp, 799
core   0: 3 0x800002a8 (0x31f1e613) x12 0x3578eb7f
core   0: 0x800002ac (0x41d28033) sub     zero, t0, t4
core   0: 3 0x800002ac (0x41d28033)
core   0: 0x800002b0 (0x00575913) srli    s2, a4, 5
core   0: 3 0x800002b0 (0x00575913) x18 0x00000000
core   0: 0x800002b4 (0x22739e97) auipc   t4, 0x22739
core   0: 3 0x800002b4 (0x22739e97) x29 0xa27392b4
core   0: 0x800002b8 (0x019f6bb3) or      s7, t5, s9
core   0: 3 0x800002b8 (0x019f6bb3) x23 0x047dd308
core   0: 0x800002bc (0x03b12933) mulhsu  s2, sp, s11
core   0: 3 0x800002bc (0x03b12933) x18 0x00000233
core   0: 0x800002c0 (0x011d30b3) sltu    ra, s10, a7
core   0: 3 0x800002c0 (0x011d30b3) x 1 0x00000001
core   0: 0x800002c4 (0x005e61b3) or      gp, t3, t0
core   0: 3 0x800002c4 (0x005e61b3) x 3 0xffffffff
core   0: 0x800002c8 (0x013276b3) and     a3, tp, s3
core   0: 3 0x800002c8 (0x013276b3) x13 0x00000000
core   0: 0x800002cc (0x40b15e33) sra     t3, sp, a1
core   0: 3 0x800002cc (0x40b15e33) x28 0x00000002
core   0: 0x800002d0 (0x00000013) nop
core   0: 3 0x800002d0 (0x00000013)
core   0: 0x800002d4 (0xab67e413) ori     s0, a5, -1354
core   0: 3 0x800002d4 (0xab67e413) x 8 0xfffffab6
core   0: 0x800002d8 (0x013278b3) and     a7, tp, s3
core   0: 3 0x800002d8 (0x013278b3) x17 0x00000000
core   0: 0x800002dc (0x90e52393) slti    t2, a0, -1778
core   0: 3 0x800002dc (0x90e52393) x 7 0x00000000
core   0: 0x800002e0 (0x0138e333) or      t1, a7, s3
core   0: 3 0x800002e0 (0x0138e333) x 6 0x0000000b
core   0: 0x800002e4 (0x0209b0b3) mulhu   ra, s3, zero
core   0: 3 0x800002e4 (0x0209b0b3) x 1 0x00000000
core   0: 0x800002e8 (0x00000013) nop
core   0: 3 0x800002e8 (0x00000013)
core   0: 0x800002ec (0x02e79c33) mulh    s8, a5, a4
core   0: 3 0x800002ec (0x02e79c33) x24 0x00000000
core   0: 0x800002f0 (0xf80e0113) addi    sp, t3, -128
core   0: 3 0x800002f0 (0xf80e0113) x 2 0xffffff82
core   0: 0x800002f4 (0x00959613) slli    a2, a1, 9
core   0: 3 0x800002f4 (0x00959613) x12 0xfba61200
core   0: 0x800002f8 (0x00dbb133) sltu    sp, s7, a3
core   0: 3 0x800002f8 (0x00dbb133) x 2 0x00000000
core   0: 0x800002fc (0x03976933) rem     s2, a4, s9
core   0: 3 0x800002fc (0x03976933) x18 0x00000000
core   0: 0x80000300 (0x02958bb3) mul     s7, a1, s1
core   0: 3 0x80000300 (0x02958bb3) x23 0x00000000
core   0: 0x80000304 (0x00845c93) srli    s9, s0, 8
core   0: 3 0x80000304 (0x00845c93) x25 0x00fffffa
core   0: 0x80000308 (0x01a6a333) slt     t1, a3, s10
core   0: 3 0x80000308 (0x01a6a333) x 6 0x00000001
core   0: 0x8000030c (0x1fe44917) auipc   s2, 0x1fe44
core   0: 3 0x8000030c (0x1fe44917) x18 0x9fe4430c
core   0: 0x80000310 (0x03e8df33) divu    t5, a7, t5
core   0: 3 0x80000310 (0x03e8df33) x30 0x00000000
core   0: 0x80000314 (0x198aee13) ori     t3, s5, 408
core   0: 3 0x80000314 (0x198aee13) x28 0x00000198
core   0: 0x80000318 (0x10118a13) addi    s4, gp, 257
core   0: 3 0x80000318 (0x10118a13) x20 0x00000100
core   0: 0x8000031c (0x011b8233) add     tp, s7, a7
core   0: 3 0x8000031c (0x011b8233) x 4 0x00000000
core   0: 0x80000320 (0x01e41913) slli    s2, s0, 30
core   0: 3 0x80000320 (0x01e41913) x18 0x80000000
core   0: 0x80000324 (0x01408533) add     a0, ra, s4
core   0: 3 0x80000324 (0x01408533) x10 0x00000100
core   0: 0x80000328 (0x008173b3) and     t2, sp, s0
core   0: 3 0x80000328 (0x008173b3) x 7 0x00000000
core   0: 0x8000032c (0x006fe6b3) or      a3, t6, t1
core   0: 3 0x8000032c (0x006fe6b3) x13 0x47a2c985
core   0: 0x80000330 (0xcfb8b713) sltiu   a4, a7, -773
core   0: 3 0x80000330 (0xcfb8b713) x14 0x00000001
core   0: 0x80000334 (0x4019df33) sra     t5, s3, ra
core   0: 3 0x80000334 (0x4019df33) x30 0x0000000b
core   0: 0x80000338 (0x00000013) nop
core   0: 3 0x80000338 (0x00000013)
core   0: 0x8000033c (0x0076e433) or      s0, a3, t2
core   0: 3 0x8000033c (0x0076e433) x 8 0x47a2c985
core   0: 0x80000340 (0x00c6a633) slt     a2, a3, a2
core   0: 3 0x80000340 (0x00c6a633) x12 0x00000000
core   0: 0x80000344 (0x004102b3) add     t0, sp, tp
core   0: 3 0x80000344 (0x004102b3) x 5 0x00000000
core   0: 0x80000348 (0x371f0c13) addi    s8, t5, 881
core   0: 3 0x80000348 (0x371f0c13) x24 0x0000037c
core   0: 0x8000034c (0x036ae2b3) rem     t0, s5, s6
core   0: 3 0x8000034c (0x036ae2b3) x 5 0x00000000
core   0: 0x80000350 (0x036853b3) divu    t2, a6, s6
core   0: 3 0x80000350 (0x036853b3) x 7 0x0000001c
core   0: 0x80000354 (0x6b1dac97) auipc   s9, 0x6b1da
core   0: 3 0x80000354 (0x6b1dac97) x25 0xeb1da354
core   0: 0x80000358 (0x44d0c493) xori    s1, ra, 1101
core   0: 3 0x80000358 (0x44d0c493) x 9 0x0000044d
core   0: 0x8000035c (0x027da7b3) mulhsu  a5, s11, t2
core   0: 3 0x8000035c (0x027da7b3) x15 0xfffffff2
core   0: 0x80000360 (0x03083f33) mulhu   t5, a6, a6
core   0: 3 0x80000360 (0x03083f33) x30 0x40014e65
core   0: 0x80000364 (0x8ad3fa93) andi    s5, t2, -1875
core   0: 3 0x80000364 (0x8ad3fa93) x21 0x0000000c
core   0: 0x80000368 (0x02776c33) rem     s8, a4, t2
core   0: 3 0x80000368 (0x02776c33) x24 0x00000001
core   0: 0x8000036c (0x40ae8033) sub     zero, t4, a0
core   0: 3 0x8000036c (0x40ae8033)
core   0: 0x80000370 (0x01a234b3) sltu    s1, tp, s10
core   0: 3 0x80000370 (0x01a234b3) x 9 0x00000001
core   0: 0x80000374 (0x40685033) sra     zero, a6, t1
core   0: 3 0x80000374 (0x40685033)
core   0: 0x80000378 (0xdc9f8013) addi    zero, t6, -567
core   0: 3 0x80000378 (0xdc9f8013)
core   0: 0x8000037c (0x01661213) slli    tp, a2, 22
core   0: 3 0x8000037c (0x01661213) x 4 0x00000000
core   0: 0x80000380 (0xe300fcb7) lui     s9, 0xe300f
core   0: 3 0x80000380 (0xe300fcb7) x25 0xe300f000
core   0: 0x80000384 (0x03b42b33) mulhsu  s6, s0, s11
core   0: 3 0x80000384 (0x03b42b33) x22 0x23d1d3d2
core   0: 0x80000388 (0xc84b6793) ori     a5, s6, -892
core   0: 3 0x80000388 (0xc84b6793) x15 0xffffffd6
core   0: 0x8000038c (0x406e5133) sra     sp, t3, t1
core   0: 3 0x8000038c (0x406e5133) x 2 0x000000cc
core   0: 0x80000390 (0xe4dd9b97) auipc   s7, 0xe4dd9
core   0: 3 0x80000390 (0xe4dd9b97) x23 0x64dd9390
core   0: 0x80000394 (0x025c11b3) mulh    gp, s8, t0
core   0: 3 0x80000394 (0x025c11b3) x 3 0x00000000
core   0: 0x80000398 (0x00c8f4b3) and     s1, a7, a2
core   0: 3 0x80000398 (0x00c8f4b3) x 9 0x00000000
core   0: 0x8000039c (0x561b00b7) lui     ra, 0x561b0
core   0: 3 0x8000039c (0x561b00b7) x 1 0x561b0000
core   0: 0x800003a0 (0x025b0eb3) mul     t4, s6, t0
core   0: 3 0x800003a0 (0x025b0eb3) x29 0x00000000
core   0: 0x800003a4 (0xb8606f93) ori     t6, zero, -1146
core   0: 3 0x800003a4 (0xb8606f93) x31 0xfffffb86
core   0: 0x800003a8 (0x3869a313) slti    t1, s3, 902
core   0: 3 0x800003a8 (0x3869a313) x 6 0x00000001
core   0: 0x800003ac (0x48d2fe17) auipc   t3, 0x48d2f
core   0: 3 0x800003ac (0x48d2fe17) x28 0xc8d2f3ac
core   0: 0x800003b0 (0x03ff2533) mulhsu  a0, t5, t6
core   0: 3 0x800003b0 (0x03ff2533) x10 0x40014d46
core   0: 0x800003b4 (0x01c3da93) srli    s5, t2, 28
core   0: 3 0x800003b4 (0x01c3da93) x21 0x00000000
core   0: 0x800003b8 (0x03f1a333) mulhsu  t1, gp, t6
core   0: 3 0x800003b8 (0x03f1a333) x 6 0x00000000
core   0: 0x800003bc (0x01bddfb3) srl     t6, s11, s11
core   0: 3 0x800003bc (0x01bddfb3) x31 0x080018ce
core   0: 0x800003c0 (0x03e9f033) remu    zero, s3, t5
core   0: 3 0x800003c0 (0x03e9f033)
core   0: 0x800003c4 (0x03023933) mulhu   s2, tp, a6
core   0: 3 0x800003c4 (0x03023933) x18 0x00000000
core   0: 0x800003c8 (0x00ccd013) srli    zero, s9, 12
core   0: 3 0x800003c8 (0x00ccd013)
core   0: 0x800003cc (0x74fbfc17) auipc   s8, 0x74fbf
core   0: 3 0x800003cc (0x74fbfc17) x24 0xf4fbf3cc
core   0: 0x800003d0 (0xcf813697) auipc   a3, 0xcf813
core   0: 3 0x800003d0 (0xcf813697) x13 0x4f8133d0
core   0: 0x800003d4 (0x01177333) and     t1, a4, a7
core   0: 3 0x800003d4 (0x01177333) x 6 0x00000000
core   0: 0x800003d8 (0x03ab38b3) mulhu   a7, s6, s10
core   0: 3 0x800003d8 (0x03ab38b3) x17 0x00a0e24a
core   0: 0x800003dc (0x013b5433) srl     s0, s6, s3
core   0: 3 0x800003dc (0x013b5433) x 8 0x00047a3a
core   0: 0x800003e0 (0x00e6d613) srli    a2, a3, 14
core   0: 3 0x800003e0 (0x00e6d613) x12 0x00013e04
core   0: 0x800003e4 (0x5d9dee93) ori     t4, s11, 1497
core   0: 3 0x800003e4 (0x5d9dee93) x29 0x80018dfd
core   0: 0x800003e8 (0x01f8e3b3) or      t2, a7, t6
core   0: 3 0x800003e8 (0x01f8e3b3) x 7 0x08a0face
core   0: 0x800003ec (0xe8e70413) addi    s0, a4, -370
core   0: 3 0x800003ec (0xe8e70413) x 8 0xfffffe8f
core   0: 0x800003f0 (0xccde2c93) slti    s9, t3, -819
core   0: 3 0x800003f0 (0xccde2c93) x25 0x00000001
core   0: 0x800003f4 (0x41f0d533) sra     a0, ra, t6
core   0: 3 0x800003f4 (0x41f0d533) x10 0x0001586c
core   0: 0x800003f8 (0x40bf0633) sub     a2, t5, a1
core   0: 3 0x800003f8 (0x40bf0633) x12 0x3b837b5c
core   0: 0x800003fc (0x02ccb6b3) mulhu   a3, s9, a2
core   0: 3 0x800003fc (0x02ccb6b3) x13 0x00000000
core   0: 0x80000400 (0x03da94b3) mulh    s1, s5, t4
core   0: 3 0x80000400 (0x03da94b3) x 9 0x00000000
core   0: 0x80000404 (0x024c34b3) mulhu   s1, s8, tp
core   0: 3 0x80000404 (0x024c34b3) x 9 0x00000000
core   0: 0x80000408 (0x44788513) addi    a0, a7, 1095
core   0: 3 0x80000408 (0x44788513) x10 0x00a0e691
core   0: 0x8000040c (0x007d5c13) srli    s8, s10, 7
core   0: 3 0x8000040c (0x007d5c13) x24 0x0008fba6
core   0: 0x80000410 (0xa4447b93) andi    s7, s0, -1468
core   0: 3 0x80000410 (0xa4447b93) x23 0xfffffa04
core   0: 0x80000414 (0x028bc3b3) div     t2, s7, s0
core   0: 3 0x80000414 (0x028bc3b3) x 7 0x00000004
core   0: 0x80000418 (0xe6cc3793) sltiu   a5, s8, -404
core   0: 3 0x80000418 (0xe6cc3793) x15 0x00000001
core   0: 0x8000041c (0x0196bc33) sltu    s8, a3, s9
core   0: 3 0x8000041c (0x0196bc33) x24 0x00000001
core   0: 0x80000420 (0xcbc5ac13) slti    s8, a1, -836
core   0: 3 0x80000420 (0xcbc5ac13) x24 0x00000000
core   0: 0x80000424 (0x42b43c13) sltiu   s8, s0, 1067
core   0: 3 0x80000424 (0x42b43c13) x24 0x00000000
core   0: 0x80000428 (0x00bcbd33) sltu    s10, s9, a1
core   0: 3 0x80000428 (0x00bcbd33) x26 0x00000001
core   0: 0x8000042c (0x02f2ec33) rem     s8, t0, a5
core   0: 3 0x8000042c (0x02f2ec33) x24 0x00000000
core   0: 0x80000430 (0x69d68d13) addi    s10, a3, 1693
core   0: 3 0x80000430 (0x69d68d13) x26 0x0000069d
core   0: 0x80000434 (0x02e867b3) rem     a5, a6, a4
core   0: 3 0x80000434 (0x02e867b3) x15 0x00000000
core   0: 0x80000438 (0x02690b33) mul     s6, s2, t1
core   0: 3 0x80000438 (0x02690b33) x22 0x00000000
core   0: 0x8000043c (0x032ac933) div     s2, s5, s2
core   0: 3 0x8000043c (0x032ac933) x18 0xffffffff
core   0: 0x80000440 (0x40e78c33) sub     s8, a5, a4
core   0: 3 0x80000440 (0x40e78c33) x24 0xffffffff
core   0: 0x80000444 (0x56946a13) ori     s4, s0, 1385
core   0: 3 0x80000444 (0x56946a13) x20 0xffffffef
core   0: 0x80000448 (0x01a2cbb3) xor     s7, t0, s10
core   0: 3 0x80000448 (0x01a2cbb3) x23 0x0000069d
core   0: 0x8000044c (0x02918433) mul     s0, gp, s1
core   0: 3 0x8000044c (0x02918433) x 8 0x00000000
core   0: 0x80000450 (0xd3d88213) addi    tp, a7, -707
core   0: 3 0x80000450 (0xd3d88213) x 4 0x00a0df87
core   0: 0x80000454 (0x14bffb97) auipc   s7, 0x14bff
core   0: 3 0x80000454 (0x14bffb97) x23 0x94bff454
core   0: 0x80000458 (0x001af133) and     sp, s5, ra
core   0: 3 0x80000458 (0x001af133) x 2 0x00000000
core   0: 0x8000045c (0x00000013) nop
core   0: 3 0x8000045c (0x00000013)
core   0: 0x80000460 (0x004b87b3) add     a5, s7, tp
core   0: 3 0x80000460 (0x004b87b3) x15 0x9560d3db
core   0: 0x80000464 (0xbcfdd497) auipc   s1, 0xbcfdd
core   0: 3 0x80000464 (0xbcfdd497) x 9 0x3cfdd464
core   0: 0x80000468 (0x027db533) mulhu   a0, s11, t2
core   0: 3 0x80000468 (0x027db533) x10 0x00000002
core   0: 0x8000046c (0x419c5b33) sra     s6, s8, s9
core   0: 3 0x8000046c (0x419c5b33) x22 0xffffffff
core   0: 0x80000470 (0xec7ea113) slti    sp, t4, -313
core   0: 3 0x80000470 (0xec7ea113) x 2 0x00000001
core   0: 0x80000474 (0x01db2133) slt     sp, s6, t4
core   0: 3 0x80000474 (0x01db2133) x 2 0x00000000
core   0: 0x80000478 (0x02c01eb3) mulh    t4, zero, a2
core   0: 3 0x80000478 (0x02c01eb3) x29 0x00000000
core   0: 0x8000047c (0x403a5533) sra     a0, s4, gp
core   0: 3 0x8000047c (0x403a5533) x10 0xffffffef
core   0: 0x80000480 (0x00000013) nop
core   0: 3 0x80000480 (0x00000013)
core   0: 0x80000484 (0xe9a4ef13) ori     t5, s1, -358
core   0: 3 0x80000484 (0xe9a4ef13) x30 0xfffffefe
core   0: 0x80000488 (0x003b46b3) xor     a3, s6, gp
core   0: 3 0x80000488 (0x003b46b3) x13 0xffffffff
core   0: 0x8000048c (0xee0e0793) addi    a5, t3, -288
core   0: 3 0x8000048c (0xee0e0793) x15 0xc8d2f28c
core   0: 0x80000490 (0x020d5e33) divu    t3, s10, zero
core   0: 3 0x80000490 (0x020d5e33) x28 0xffffffff
core   0: 0x80000494 (0x99770693) addi    a3, a4, -1641
core   0: 3 0x80000494 (0x99770693) x13 0xfffff998
core   0: 0x80000498 (0x01c65533) srl     a0, a2, t3
core   0: 3 0x80000498 (0x01c65533) x10 0x00000000
core   0: 0x8000049c (0x01fc8cb3) add     s9, s9, t6
core   0: 3 0x8000049c (0x01fc8cb3) x25 0x080018cf
core   0: 0x800004a0 (0x026bc633) div     a2, s7, t1
core   0: 3 0x800004a0 (0x026bc633) x12 0xffffffff
core   0: 0x800004a4 (0x00000013) nop
core   0: 3 0x800004a4 (0x00000013)
core   0: 0x800004a8 (0x025fcfb3) div     t6, t6, t0
core   0: 3 0x800004a8 (0x025fcfb3) x31 0xffffffff
core   0: 0x800004ac (0x620ba197) auipc   gp, 0x620ba
core   0: 3 0x800004ac (0x620ba197) x 3 0xe20ba4ac
core   0: 0x800004b0 (0x40fc5e13) srai    t3, s8, 15
core   0: 3 0x800004b0 (0x40fc5e13) x28 0xffffffff
core   0: 0x800004b4 (0x02fd41b3) div     gp, s10, a5
core   0: 3 0x800004b4 (0x02fd41b3) x 3 0x00000000
core   0: 0x800004b8 (0xfdbbbf13) sltiu   t5, s7, -37
core   0: 3 0x800004b8 (0xfdbbbf13) x30 0x00000001
core   0: 0x800004bc (0x03ea5bb3) divu    s7, s4, t5
core   0: 3 0x800004bc (0x03ea5bb3) x23 0xffffffef
core   0: 0x800004c0 (0x01a2e233) or      tp, t0, s10
core   0: 3 0x800004c0 (0x01a2e233) x 4 0x0000069d
core   0: 0x800004c4 (0x40c38133) sub     sp, t2, a2
core   0: 3 0x800004c4 (0x40c38133) x 2 0x00000005
core   0: 0x800004c8 (0x03f1f733) remu    a4, gp, t6
core   0: 3 0x800004c8 (0x03f1f733) x14 0x00000000
core   0: 0x800004cc (0x0e7e8913) addi    s2, t4, 231
core   0: 3 0x800004cc (0x0e7e8913) x18 0x000000e7
core   0: 0x800004d0 (0x000f0733) add     a4, t5, zero
core   0: 3 0x800004d0 (0x000f0733) x14 0x00000001
core   0: 0x800004d4 (0x840cee93) ori     t4, s9, -1984
core   0: 3 0x800004d4 (0x840cee93) x29 0xfffff8cf
core   0: 0x800004d8 (0x016bb0b3) sltu    ra, s7, s6
core   0: 3 0x800004d8 (0x016bb0b3) x 1 0x00000001
core   0: 0x800004dc (0x37966d13) ori     s10, a2, 889
core   0: 3 0x800004dc (0x37966d13) x26 0xffffffff
core   0: 0x800004e0 (0xaac50d13) addi    s10, a0, -1364
core   0: 3 0x800004e0 (0xaac50d13) x26 0xfffffaac
core   0: 0x800004e4 (0xd26c2b13) slti    s6, s8, -730
core   0: 3 0x800004e4 (0xd26c2b13) x22 0x00000000
core   0: 0x800004e8 (0x00000013) nop
core   0: 3 0x800004e8 (0x00000013)
core   0: 0x800004ec (0x0100d1b3) srl     gp, ra, a6
core   0: 3 0x800004ec (0x0100d1b3) x 3 0x00000000
core   0: 0x800004f0 (0x00f516b3) sll     a3, a0, a5
core   0: 3 0x800004f0 (0x00f516b3) x13 0x00000000
core   0: 0x800004f4 (0x02e30f33) mul     t5, t1, a4
core   0: 3 0x800004f4 (0x02e30f33) x30 0x00000000
core   0: 0x800004f8 (0x40a8d1b3) sra     gp, a7, a0
core   0: 3 0x800004f8 (0x40a8d1b3) x 3 0x00a0e24a
core   0: 0x800004fc (0x027cd4b3) divu    s1, s9, t2
core   0: 3 0x800004fc (0x027cd4b3) x 9 0x02000633
core   0: 0x80000500 (0x00dfc8b3) xor     a7, t6, a3
core   0: 3 0x80000500 (0x00dfc8b3) x17 0xffffffff
core   0: 0x80000504 (0x00cf7633) and     a2, t5, a2
core   0: 3 0x80000504 (0x00cf7633) x12 0x00000000
core   0: 0x80000508 (0x01ec1f13) slli    t5, s8, 30
core   0: 3 0x80000508 (0x01ec1f13) x30 0xc0000000
core   0: 0x8000050c (0x82689a37) lui     s4, 0x82689
core   0: 3 0x8000050c (0x82689a37) x20 0x82689000
core   0: 0x80000510 (0x00991213) slli    tp, s2, 9
core   0: 3 0x80000510 (0x00991213) x 4 0x0001ce00
core   0: 0x80000514 (0x40e00533) sub     a0, zero, a4
core   0: 3 0x80000514 (0x40e00533) x10 0xffffffff
core   0: 0x80000518 (0x00f25a93) srli    s5, tp, 15
core   0: 3 0x80000518 (0x00f25a93) x21 0x00000003
core   0: 0x8000051c (0x00dd1b93) slli    s7, s10, 13
core   0: 3 0x8000051c (0x00dd1b93) x23 0xff558000
core   0: 0x80000520 (0x032a71b3) remu    gp, s4, s2
core   0: 3 0x80000520 (0x032a71b3) x 3 0x0000003c
core   0: 0x80000524 (0x5d986f97) auipc   t6, 0x5d986
core   0: 3 0x80000524 (0x5d986f97) x31 0xdd986524
core   0: 0x80000528 (0x0001bbb3) sltu    s7, gp, zero
core   0: 3 0x80000528 (0x0001bbb3) x23 0x00000000
core   0: 0x8000052c (0x70dac193) xori    gp, s5, 1805
core   0: 3 0x8000052c (0x70dac193) x 3 0x0000070e
core   0: 0x80000530 (0x6f2f3c13) sltiu   s8, t5, 1778
core   0: 3 0x80000530 (0x6f2f3c13) x24 0x00000000
core   0: 0x80000534 (0x02501733) mulh    a4, zero, t0
core   0: 3 0x80000534 (0x02501733) x14 0x00000000
core   0: 0x80000538 (0x0198bc33) sltu    s8, a7, s9
core   0: 3 0x80000538 (0x0198bc33) x24 0x00000000
core   0: 0x8000053c (0x40510233) sub     tp, sp, t0
core   0: 3 0x8000053c (0x40510233) x 4 0x00000005
core   0: 0x80000540 (0xffff0f13) addi    t5, t5, -1
core   0: 3 0x80000540 (0xffff0f13) x30 0xbfffffff
core   0: 0x80000544 (0x01ba28b3) slt     a7, s4, s11
core   0: 3 0x80000544 (0x01ba28b3) x17 0x00000000
core   0: 0x80000548 (0x029e8933) mul     s2, t4, s1
core   0: 3 0x80000548 (0x029e8933) x18 0x9dd36b3d
core   0: 0x8000054c (0x001263b3) or      t2, tp, ra
core   0: 3 0x8000054c (0x001263b3) x 7 0x00000005
core   0: 0x80000550 (0x00fe45b3) xor     a1, t3, a5
core   0: 3 0x80000550 (0x00fe45b3) x11 0x372d0d73
core   0: 0x80000554 (0x01f07a33) and     s4, zero, t6
core   0: 3 0x80000554 (0x01f07a33) x20 0x00000000
core   0: 0x80000558 (0x01a012b3) sll     t0, zero, s10
core   0: 3 0x80000558 (0x01a012b3) x 5 0x00000000
core   0: 0x8000055c (0xe94b6613) ori     a2, s6, -364
core   0: 3 0x8000055c (0xe94b6613) x12 0xfffffe94
core   0: 0x80000560 (0x2ea43a93) sltiu   s5, s0, 746
core   0: 3 0x80000560 (0x2ea43a93) x21 0x00000001
core   0: 0x80000564 (0xa9a92f13) slti    t5, s2, -1382
core   0: 3 0x80000564 (0xa9a92f13) x30 0x00000001
core   0: 0x80000568 (0x4098d433) sra     s0, a7, s1
core   0: 3 0x80000568 (0x4098d433) x 8 0x00000000
core   0: 0x8000056c (0x04c3e293) ori     t0, t2, 76
core   0: 3 0x8000056c (0x04c3e293) x 5 0x0000004d
core   0: 0x80000570 (0x01e623b3) slt     t2, a2, t5
core   0: 3 0x80000570 (0x01e623b3) x 7 0x00000001
core   0: 0x80000574 (0x00000013) nop
core   0: 3 0x80000574 (0x00000013)
core   0: 0x80000578 (0x0245c5b3) div     a1, a1, tp
core   0: 3 0x80000578 (0x0245c5b3) x11 0x0b0902b0
core   0: 0x8000057c (0x7e072a13) slti    s4, a4, 2016
core   0: 3 0x8000057c (0x7e072a13) x20 0x00000001
core   0: 0x80000580 (0x0a02a113) slti    sp, t0, 160
core   0: 3 0x80000580 (0x0a02a113) x 2 0x00000001
core   0: 0x80000584 (0x547c2f13) slti    t5, s8, 1351
core   0: 3 0x80000584 (0x547c2f13) x30 0x00000001
core   0: 0x80000588 (0x52880713) addi    a4, a6, 1320
core   0: 3 0x80000588 (0x52880713) x14 0x8001538c
core   0: 0x8000058c (0x019c1193) slli    gp, s8, 25
core   0: 3 0x8000058c (0x019c1193) x 3 0x00000000
core   0: 0x80000590 (0x41115a13) srai    s4, sp, 17
core   0: 3 0x80000590 (0x41115a13) x20 0x00000000
core   0: 0x80000594 (0x00a1c6b3) xor     a3, gp, a0
core   0: 3 0x80000594 (0x00a1c6b3) x13 0xffffffff
core   0: 0x80000598 (0x00045893) srli    a7, s0, 0
core   0: 3 0x80000598 (0x00045893) x17 0x00000000
core   0: 0x8000059c (0x01c4a633) slt     a2, s1, t3
core   0: 3 0x8000059c (0x01c4a633) x12 0x00000000
core   0: 0x800005a0 (0x40a90733) sub     a4, s2, a0
core   0: 3 0x800005a0 (0x40a90733) x14 0x9dd36b3e
core   0: 0x800005a4 (0xd9550313) addi    t1, a0, -619
core   0: 3 0x800005a4 (0xd9550313) x 6 0xfffffd94
core   0: 0x800005a8 (0xae5ab913) sltiu   s2, s5, -1307
core   0: 3 0x800005a8 (0xae5ab913) x18 0x00000001
core   0: 0x800005ac (0x007fc533) xor     a0, t6, t2
core   0: 3 0x800005ac (0x007fc533) x10 0xdd986525
core   0: 0x800005b0 (0x0061dc13) srli    s8, gp, 6
core   0: 3 0x800005b0 (0x0061dc13) x24 0x00000000
core   0: 0x800005b4 (0x00647a33) and     s4, s0, t1
core   0: 3 0x800005b4 (0x00647a33) x20 0x00000000
core   0: 0x800005b8 (0x01c5d293) srli    t0, a1, 28
core   0: 3 0x800005b8 (0x01c5d293) x 5 0x00000000
core   0: 0x800005bc (0x02755c33) divu    s8, a0, t2
core   0: 3 0x800005bc (0x02755c33) x24 0xdd986525
core   0: 0x800005c0 (0x03eebb33) mulhu   s6, t4, t5
core   0: 3 0x800005c0 (0x03eebb33) x22 0x00000000
core   0: 0x800005c4 (0x00000013) nop
core   0: 3 0x800005c4 (0x00000013)
core   0: 0x800005c8 (0x03573333) mulhu   t1, a4, s5
core   0: 3 0x800005c8 (0x03573333) x 6 0x00000000
core   0: 0x800005cc (0xcd76f913) andi    s2, a3, -809
core   0: 3 0x800005cc (0xcd76f913) x18 0xfffffcd7
core   0: 0x800005d0 (0x4b40e893) ori     a7, ra, 1204
core   0: 3 0x800005d0 (0x4b40e893) x17 0x000004b5
core   0: 0x800005d4 (0x5a36eb13) ori     s6, a3, 1443
core   0: 3 0x800005d4 (0x5a36eb13) x22 0xffffffff
core   0: 0x800005d8 (0x005b0433) add     s0, s6, t0
core   0: 3 0x800005d8 (0x005b0433) x 8 0xffffffff
core   0: 0x800005dc (0x01e59a13) slli    s4, a1, 30
core   0: 3 0x800005dc (0x01e59a13) x20 0x00000000
core   0: 0x800005e0 (0x0139de93) srli    t4, s3, 19
core   0: 3 0x800005e0 (0x0139de93) x29 0x00000000
core   0: 0x800005e4 (0x015ed593) srli    a1, t4, 21
core   0: 3 0x800005e4 (0x015ed593) x11 0x00000000
core   0: 0x800005e8 (0xd8bbfb93) andi    s7, s7, -629
core   0: 3 0x800005e8 (0xd8bbfb93) x23 0x00000000
core   0: 0x800005ec (0x0396f633) remu    a2, a3, s9
core   0: 3 0x800005ec (0x0396f633) x12 0x07fcfeee
core   0: 0x800005f0 (0x0195da13) srli    s4, a1, 25
core   0: 3 0x800005f0 (0x0195da13) x20 0x00000000
core   0: 0x800005f4 (0x033b4cb3) div     s9, s6, s3
core   0: 3 0x800005f4 (0x033b4cb3) x25 0x00000000
core   0: 0x800005f8 (0x0010f7b3) and     a5, ra, ra
core   0: 3 0x800005f8 (0x0010f7b3) x15 0x00000001
core   0: 0x800005fc (0x008341b3) xor     gp, t1, s0
core   0: 3 0x800005fc (0x008341b3) x 3 0xffffffff
core   0: 0x80000600 (0x40cb8f33) sub     t5, s7, a2
core   0: 3 0x80000600 (0x40cb8f33) x30 0xf8030112
core   0: 0x80000604 (0x843a2a13) slti    s4, s4, -1981
core   0: 3 0x80000604 (0x843a2a13) x20 0x00000000
core   0: 0x80000608 (0x039ac033) div     zero, s5, s9
core   0: 3 0x80000608 (0x039ac033)
core   0: 0x8000060c (0x038cbf33) mulhu   t5, s9, s8
core   0: 3 0x8000060c (0x038cbf33) x30 0x00000000
core   0: 0x80000610 (0x02922933) mulhsu  s2, tp, s1
core   0: 3 0x80000610 (0x02922933) x18 0x00000000
core   0: 0x80000614 (0x418a54b3) sra     s1, s4, s8
core   0: 3 0x80000614 (0x418a54b3) x 9 0x00000000
core   0: 0x80000618 (0x00570033) add     zero, a4, t0
core   0: 3 0x80000618 (0x00570033)
core   0: 0x8000061c (0x0081b6b3) sltu    a3, gp, s0
core   0: 3 0x8000061c (0x0081b6b3) x13 0x00000000
core   0: 0x80000620 (0x00c84a33) xor     s4, a6, a2
core   0: 3 0x80000620 (0x00c84a33) x20 0x87fdb08a
core   0: 0x80000624 (0x00573cb3) sltu    s9, a4, t0
core   0: 3 0x80000624 (0x00573cb3) x25 0x00000000
core   0: 0x80000628 (0x00233933) sltu    s2, t1, sp
core   0: 3 0x80000628 (0x00233933) x18 0x00000001
core   0: 0x8000062c (0xd5b57593) andi    a1, a0, -677
core   0: 3 0x8000062c (0xd5b57593) x11 0xdd986501
core   0: 0x80000630 (0x2f8c3c13) sltiu   s8, s8, 760
core   0: 3 0x80000630 (0x2f8c3c13) x24 0x00000000
core   0: 0x80000634 (0x41f75a33) sra     s4, a4, t6
core   0: 3 0x80000634 (0x41f75a33) x20 0xf9dd36b3
core   0: 0x80000638 (0x012f7d33) and     s10, t5, s2
core   0: 3 0x80000638 (0x012f7d33) x26 0x00000000
core   0: 0x8000063c (0x029c8ab3) mul     s5, s9, s1
core   0: 3 0x8000063c (0x029c8ab3) x21 0x00000000
core   0: 0x80000640 (0x2b4f4a13) xori    s4, t5, 692
core   0: 3 0x80000640 (0x2b4f4a13) x20 0x000002b4
core   0: 0x80000644 (0x02aab933) mulhu   s2, s5, a0
core   0: 3 0x80000644 (0x02aab933) x18 0x00000000
core   0: 0x80000648 (0x00052133) slt     sp, a0, zero
core   0: 3 0x80000648 (0x00052133) x 2 0x00000001
core   0: 0x8000064c (0x494e6713) ori     a4, t3, 1172
core   0: 3 0x8000064c (0x494e6713) x14 0xffffffff
core   0: 0x80000650 (0x00e09a93) slli    s5, ra, 14
core   0: 3 0x80000650 (0x00e09a93) x21 0x00004000
core   0: 0x80000654 (0x019868b3) or      a7, a6, s9
core   0: 3 0x80000654 (0x019868b3) x17 0x80014e64
core   0: 0x80000658 (0x039ec4b3) div     s1, t4, s9
core   0: 3 0x80000658 (0x039ec4b3) x 9 0xffffffff
core   0: 0x8000065c (0x0d408c13) addi    s8, ra, 212
core   0: 3 0x8000065c (0x0d408c13) x24 0x000000d5
core   0: 0x80000660 (0x73f0c593) xori    a1, ra, 1855
core   0: 3 0x80000660 (0x73f0c593) x11 0x0000073e
core   0: 0x80000664 (0x01e71c13) slli    s8, a4, 30
core   0: 3 0x80000664 (0x01e71c13) x24 0xc0000000
core   0: 0x80000668 (0x405b5013) srai    zero, s6, 5
core   0: 3 0x80000668 (0x405b5013)
core   0: 0x8000066c (0x015aa933) slt     s2, s5, s5
core   0: 3 0x8000066c (0x015aa933) x18 0x00000000
core   0: 0x80000670 (0x209965b7) lui     a1, 0x20996
core   0: 3 0x80000670 (0x209965b7) x11 0x20996000
core   0: 0x80000674 (0x03b9ceb3) div     t4, s3, s11
core   0: 3 0x80000674 (0x03b9ceb3) x29 0x00000000
core   0: 0x80000678 (0x0057e733) or      a4, a5, t0
core   0: 3 0x80000678 (0x0057e733) x14 0x00000001
core   0: 0x8000067c (0x027f38b3) mulhu   a7, t5, t2
core   0: 3 0x8000067c (0x027f38b3) x17 0x00000000
core   0: 0x80000680 (0x02ceaab3) mulhsu  s5, t4, a2
core   0: 3 0x80000680 (0x02ceaab3) x21 0x00000000
core   0: 0x80000684 (0x00435333) srl     t1, t1, tp
core   0: 3 0x80000684 (0x00435333) x 6 0x00000000
core   0: 0x80000688 (0x023604b3) mul     s1, a2, gp
core   0: 3 0x80000688 (0x023604b3) x 9 0xf8030112
core   0: 0x8000068c (0x027918b3) mulh    a7, s2, t2
core   0: 3 0x8000068c (0x027918b3) x17 0x00000000
core   0: 0x80000690 (0xe50ee193) ori     gp, t4, -432
core   0: 3 0x80000690 (0xe50ee193) x 3 0xfffffe50
core   0: 0x80000694 (0x02249133) mulh    sp, s1, sp
core   0: 3 0x80000694 (0x02249133) x 2 0xffffffff
core   0: 0x80000698 (0x01f73133) sltu    sp, a4, t6
core   0: 3 0x80000698 (0x01f73133) x 2 0x00000001
core   0: 0x8000069c (0x013c9c33) sll     s8, s9, s3
core   0: 3 0x8000069c (0x013c9c33) x24 0x00000000
core   0: 0x800006a0 (0x00c991b3) sll     gp, s3, a2
core   0: 3 0x800006a0 (0x00c991b3) x 3 0x0002c000
core   0: 0x800006a4 (0x033196b3) mulh    a3, gp, s3
core   0: 3 0x800006a4 (0x033196b3) x13 0x00000000
core   0: 0x800006a8 (0x01262233) slt     tp, a2, s2
core   0: 3 0x800006a8 (0x01262233) x 4 0x00000000
core   0: 0x800006ac (0x004d9093) slli    ra, s11, 4
core   0: 3 0x800006ac (0x004d9093) x 1 0x0018ce40
core   0: 0x800006b0 (0xd1343297) auipc   t0, 0xd1343
core   0: 3 0x800006b0 (0xd1343297) x 5 0x513436b0
core   0: 0x800006b4 (0x5263ff13) andi    t5, t2, 1318
core   0: 3 0x800006b4 (0x5263ff13) x30 0x00000000
core   0: 0x800006b8 (0x03e45733) divu    a4, s0, t5
core   0: 3 0x800006b8 (0x03e45733) x14 0xffffffff
core   0: 0x800006bc (0x19606513) ori     a0, zero, 406
core   0: 3 0x800006bc (0x19606513) x10 0x00000196
core   0: 0x800006c0 (0x03b1abb3) mulhsu  s7, gp, s11
core   0: 3 0x800006c0 (0x03b1abb3) x23 0x00016004
core   0: 0x800006c4 (0x02c0a8b3) mulhsu  a7, ra, a2
core   0: 3 0x800006c4 (0x02c0a8b3) x17 0x0000c627
core   0: 0x800006c8 (0x408e07b3) sub     a5, t3, s0
core   0: 3 0x800006c8 (0x408e07b3) x15 0x00000000
core   0: 0x800006cc (0x00f43933) sltu    s2, s0, a5
core   0: 3 0x800006cc (0x00f43933) x18 0x00000000
core   0: 0x800006d0 (0xc4f10713) addi    a4, sp, -945
core   0: 3 0x800006d0 (0xc4f10713) x14 0xfffffc50
core   0: 0x800006d4 (0x004bd193) srli    gp, s7, 4
core   0: 3 0x800006d4 (0x004bd193) x 3 0x00001600
core   0: 0x800006d8 (0x026e3bb3) mulhu   s7, t3, t1
core   0: 3 0x800006d8 (0x026e3bb3) x23 0x00000000
core   0: 0x800006dc (0x26d99d37) lui     s10, 0x26d99
core   0: 3 0x800006dc (0x26d99d37) x26 0x26d99000
core   0: 0x800006e0 (0x02afdbb3) divu    s7, t6, a0
core   0: 3 0x800006e0 (0x02afdbb3) x23 0x008bb9a0
core   0: 0x800006e4 (0x0012a233) slt     tp, t0, ra
core   0: 3 0x800006e4 (0x0012a233) x 4 0x00000000
core   0: 0x800006e8 (0x7bd24497) auipc   s1, 0x7bd24
core   0: 3 0x800006e8 (0x7bd24497) x 9 0xfbd246e8
core   0: 0x800006ec (0x002c5513) srli    a0, s8, 2
core   0: 3 0x800006ec (0x002c5513) x10 0x00000000
core   0: 0x800006f0 (0x022e4cb3) div     s9, t3, sp
core   0: 3 0x800006f0 (0x022e4cb3) x25 0xffffffff
core   0: 0x800006f4 (0x006e1e93) slli    t4, t3, 6
core   0: 3 0x800006f4 (0x006e1e93) x29 0xffffffc0
core   0: 0x800006f8 (0x02a5a933) mulhsu  s2, a1, a0
core   0: 3 0x800006f8 (0x02a5a933) x18 0x00000000
core   0: 0x800006fc (0xf642ae93) slti    t4, t0, -156
core   0: 3 0x800006fc (0xf642ae93) x29 0x00000000
core   0: 0x80000700 (0x444b3b13) sltiu   s6, s6, 1092
core   0: 3 0x80000700 (0x444b3b13) x22 0x00000000
core   0: 0x80000704 (0x00bb1333) sll     t1, s6, a1
core   0: 3 0x80000704 (0x00bb1333) x 6 0x00000000
core   0: 0x80000708 (0x00931f93) slli    t6, t1, 9
core   0: 3 0x80000708 (0x00931f93) x31 0x00000000
core   0: 0x8000070c (0xcfef8313) addi    t1, t6, -770
core   0: 3 0x8000070c (0xcfef8313) x 6 0xfffffcfe
core   0: 0x80000710 (0x01c4a533) slt     a0, s1, t3
core   0: 3 0x80000710 (0x01c4a533) x10 0x00000001
core   0: 0x80000714 (0x5978b713) sltiu   a4, a7, 1431
core   0: 3 0x80000714 (0x5978b713) x14 0x00000000
core   0: 0x80000718 (0x01c89513) slli    a0, a7, 28
core   0: 3 0x80000718 (0x01c89513) x10 0x70000000
core   0: 0x8000071c (0x35d38313) addi    t1, t2, 861
core   0: 3 0x8000071c (0x35d38313) x 6 0x0000035e
core   0: 0x80000720 (0x02659d33) mulh    s10, a1, t1
core   0: 3 0x80000720 (0x02659d33) x26 0x0000006d
core   0: 0x80000724 (0x02533fb3) mulhu   t6, t1, t0
core   0: 3 0x80000724 (0x02533fb3) x31 0x00000111
core   0: 0x80000728 (0xddcb7513) andi    a0, s6, -548
core   0: 3 0x80000728 (0xddcb7513) x10 0x00000000
core   0: 0x8000072c (0x012e84b3) add     s1, t4, s2
core   0: 3 0x8000072c (0x012e84b3) x 9 0x00000000
core   0: 0x80000730 (0x01f33d33) sltu    s10, t1, t6
core   0: 3 0x80000730 (0x01f33d33) x26 0x00000000
core   0: 0x80000734 (0x9c913f93) sltiu   t6, sp, -1591
core   0: 3 0x80000734 (0x9c913f93) x31 0x00000001
core   0: 0x80000738 (0x036b7733) remu    a4, s6, s6
core   0: 3 0x80000738 (0x036b7733) x14 0x00000000
core   0: 0x8000073c (0xe0ddef93) ori     t6, s11, -499
core   0: 3 0x8000073c (0xe0ddef93) x31 0xfffffeed
core   0: 0x80000740 (0x00b25333) srl     t1, tp, a1
core   0: 3 0x80000740 (0x00b25333) x 6 0x00000000
core   0: 0x80000744 (0x027bd533) divu    a0, s7, t2
core   0: 3 0x80000744 (0x027bd533) x10 0x008bb9a0
core   0: 0x80000748 (0xd33e3913) sltiu   s2, t3, -717
core   0: 3 0x80000748 (0xd33e3913) x18 0x00000000
core   0: 0x8000074c (0x8329e493) ori     s1, s3, -1998
core   0: 3 0x8000074c (0x8329e493) x 9 0xfffff83b
core   0: 0x80000750 (0x01c37433) and     s0, t1, t3
core   0: 3 0x80000750 (0x01c37433) x 8 0x00000000
core   0: 0x80000754 (0xab93e193) ori     gp, t2, -1351
core   0: 3 0x80000754 (0xab93e193) x 3 0xfffffab9
core   0: 0x80000758 (0xad32a193) slti    gp, t0, -1325
core   0: 3 0x80000758 (0xad32a193) x 3 0x00000000
core   0: 0x8000075c (0x03055133) divu    sp, a0, a6
core   0: 3 0x8000075c (0x03055133) x 2 0x00000000
core   0: 0x80000760 (0xc68d6013) ori     zero, s10, -920
core   0: 3 0x80000760 (0xc68d6013)
core   0: 0x80000764 (0x903ce313) ori     t1, s9, -1789
core   0: 3 0x80000764 (0x903ce313) x 6 0xffffffff
core   0: 0x80000768 (0x02042e33) mulhsu  t3, s0, zero
core   0: 3 0x80000768 (0x02042e33) x28 0x00000000
core   0: 0x8000076c (0x02b650b3) divu    ra, a2, a1
core   0: 3 0x8000076c (0x02b650b3) x 1 0x00000000
core   0: 0x80000770 (0x00000013) nop
core   0: 3 0x80000770 (0x00000013)
core   0: 0x80000774 (0x03808d33) mul     s10, ra, s8
core   0: 3 0x80000774 (0x03808d33) x26 0x00000000
core   0: 0x80000778 (0x34cf8517) auipc   a0, 0x34cf8
core   0: 3 0x80000778 (0x34cf8517) x10 0xb4cf8778
core   0: 0x8000077c (0xaefe2637) lui     a2, 0xaefe2
core   0: 3 0x8000077c (0xaefe2637) x12 0xaefe2000
core   0: 0x80000780 (0x01f1e333) or      t1, gp, t6
core   0: 3 0x80000780 (0x01f1e333) x 6 0xfffffeed
core   0: 0x80000784 (0x029e9633) mulh    a2, t4, s1
core   0: 3 0x80000784 (0x029e9633) x12 0x00000000
core   0: 0x80000788 (0x0108d533) srl     a0, a7, a6
core   0: 3 0x80000788 (0x0108d533) x10 0x00000c62
core   0: 0x8000078c (0x00000013) nop
core   0: 3 0x8000078c (0x00000013)
core   0: 0x80000790 (0x0005d1b3) srl     gp, a1, zero
core   0: 3 0x80000790 (0x0005d1b3) x 3 0x20996000
core   0: 0x80000794 (0x029718b3) mulh    a7, a4, s1
core   0: 3 0x80000794 (0x029718b3) x17 0x00000000
core   0: 0x80000798 (0x52986437) lui     s0, 0x52986
core   0: 3 0x80000798 (0x52986437) x 8 0x52986000
core   0: 0x8000079c (0x02c63933) mulhu   s2, a2, a2
core   0: 3 0x8000079c (0x02c63933) x18 0x00000000
core   0: 0x800007a0 (0xc1053793) sltiu   a5, a0, -1008
core   0: 3 0x800007a0 (0xc1053793) x15 0x00000001
core   0: 0x800007a4 (0x0208fc33) remu    s8, a7, zero
core   0: 3 0x800007a4 (0x0208fc33) x24 0x00000000
core   0: 0x800007a8 (0x40c58fb3) sub     t6, a1, a2
core   0: 3 0x800007a8 (0x40c58fb3) x31 0x20996000
core   0: 0x800007ac (0x0036cab3) xor     s5, a3, gp
core   0: 3 0x800007ac (0x0036cab3) x21 0x20996000
core   0: 0x800007b0 (0x41238133) sub     sp, t2, s2
core   0: 3 0x800007b0 (0x41238133) x 2 0x00000001
core   0: 0x800007b4 (0x01d1f533) and     a0, gp, t4
core   0: 3 0x800007b4 (0x01d1f533) x10 0x00000000
core   0: 0x800007b8 (0x44b43e13) sltiu   t3, s0, 1099
core   0: 3 0x800007b8 (0x44b43e13) x28 0x00000000
core   0: 0x800007bc (0x084a8393) addi    t2, s5, 132
core   0: 3 0x800007bc (0x084a8393) x 7 0x20996084
core   0: 0x800007c0 (0x01e08ab3) add     s5, ra, t5
core   0: 3 0x800007c0 (0x01e08ab3) x21 0x00000000
core   0: 0x800007c4 (0x6dfa8713) addi    a4, s5, 1759
core   0: 3 0x800007c4 (0x6dfa8713) x14 0x000006df
core   0: 0x800007c8 (0x02afc1b3) div     gp, t6, a0
core   0: 3 0x800007c8 (0x02afc1b3) x 3 0xffffffff
core   0: 0x800007cc (0x01d27bb3) and     s7, tp, t4
core   0: 3 0x800007cc (0x01d27bb3) x23 0x00000000
core   0: 0x800007d0 (0x391d6d13) ori     s10, s10, 913
core   0: 3 0x800007d0 (0x391d6d13) x26 0x00000391
core   0: 0x800007d4 (0x02285e33) divu    t3, a6, sp
core   0: 3 0x800007d4 (0x02285e33) x28 0x80014e64
core   0: 0x800007d8 (0x00815433) srl     s0, sp, s0
core   0: 3 0x800007d8 (0x00815433) x 8 0x00000001
core   0: 0x800007dc (0x40ae51b3) sra     gp, t3, a0
core   0: 3 0x800007dc (0x40ae51b3) x 3 0x80014e64
core   0: 0x800007e0 (0x01fdf333) and     t1, s11, t6
core   0: 3 0x800007e0 (0x01fdf333) x 6 0x00010000
core   0: 0x800007e4 (0x010c2b33) slt     s6, s8, a6
core   0: 3 0x800007e4 (0x010c2b33) x22 0x00000000
core   0: 0x800007e8 (0x4115d113) srai    sp, a1, 17
core   0: 3 0x800007e8 (0x4115d113) x 2 0x0000104c
core   0: 0x800007ec (0x02ffb333) mulhu   t1, t6, a5
core   0: 3 0x800007ec (0x02ffb333) x 6 0x00000000
core   0: 0x800007f0 (0xb397be97) auipc   t4, 0xb397b
core   0: 3 0x800007f0 (0xb397be97) x29 0x3397b7f0
core   0: 0x800007f4 (0x0071d4b3) srl     s1, gp, t2
core   0: 3 0x800007f4 (0x0071d4b3) x 9 0x080014e6
core   0: 0x800007f8 (0x012d2133) slt     sp, s10, s2
core   0: 3 0x800007f8 (0x012d2133) x 2 0x00000000
core   0: 0x800007fc (0x00000013) nop
core   0: 3 0x800007fc (0x00000013)
core   0: 0x80000800 (0x0183fbb3) and     s7, t2, s8
core   0: 3 0x80000800 (0x0183fbb3) x23 0x00000000
core   0: 0x80000804 (0xebcfaf93) slti    t6, t6, -324
core   0: 3 0x80000804 (0xebcfaf93) x31 0x00000000
core   0: 0x80000808 (0xa4a8d2b7) lui     t0, 0xa4a8d
core   0: 3 0x80000808 (0xa4a8d2b7) x 5 0xa4a8d000
core   0: 0x8000080c (0x34c87193) andi    gp, a6, 844
core   0: 3 0x8000080c (0x34c87193) x 3 0x00000244
core   0: 0x80000810 (0x01f1a633) slt     a2, gp, t6
core   0: 3 0x80000810 (0x01f1a633) x12 0x00000000
core   0: 0x80000814 (0x402f5033) sra     zero, t5, sp
core   0: 3 0x80000814 (0x402f5033)
core   0: 0x80000818 (0xa0424097) auipc   ra, 0xa0424
core   0: 3 0x80000818 (0xa0424097) x 1 0x20424818
core   0: 0x8000081c (0x0f783193) sltiu   gp, a6, 247
core   0: 3 0x8000081c (0x0f783193) x 3 0x00000000
core   0: 0x80000820 (0x03e8cf33) div     t5, a7, t5
core   0: 3 0x80000820 (0x03e8cf33) x30 0xffffffff
core   0: 0x80000824 (0x01899093) slli    ra, s3, 24
core   0: 3 0x80000824 (0x01899093) x 1 0x0b000000
core   0: 0x80000828 (0x218ba893) slti    a7, s7, 536
core   0: 3 0x80000828 (0x218ba893) x17 0x00000001
core   0: 0x8000082c (0xe87b4893) xori    a7, s6, -377
core   0: 3 0x8000082c (0xe87b4893) x17 0xfffffe87
core   0: 0x80000830 (0x41a2f793) andi    a5, t0, 1050
core   0: 3 0x80000830 (0x41a2f793) x15 0x00000000
core   0: 0x80000834 (0x669d4493) xori    s1, s10, 1641
core   0: 3 0x80000834 (0x669d4493) x 9 0x000005f8
core   0: 0x80000838 (0x033468b3) rem     a7, s0, s3
core   0: 3 0x80000838 (0x033468b3) x17 0x00000001
core   0: 0x8000083c (0xd2392313) slti    t1, s2, -733
core   0: 3 0x8000083c (0xd2392313) x 6 0x00000000
core   0: 0x80000840 (0x01981033) sll     zero, a6, s9
core   0: 3 0x80000840 (0x01981033)
core   0: 0x80000844 (0x3956ba37) lui     s4, 0x3956b
core   0: 3 0x80000844 (0x3956ba37) x20 0x3956b000
core   0: 0x80000848 (0x0329fa33) remu    s4, s3, s2
core   0: 3 0x80000848 (0x0329fa33) x20 0x0000000b
core   0: 0x8000084c (0x4072deb3) sra     t4, t0, t2
core   0: 3 0x8000084c (0x4072deb3) x29 0xfa4a8d00
core   0: 0x80000850 (0xe82bc013) xori    zero, s7, -382
core   0: 3 0x80000850 (0xe82bc013)
core   0: 0x80000854 (0x011f73b3) and     t2, t5, a7
core   0: 3 0x80000854 (0x011f73b3) x 7 0x00000001
core   0: 0x80000858 (0xf244c213) xori    tp, s1, -220
core   0: 3 0x80000858 (0xf244c213) x 4 0xfffffadc
core   0: 0x8000085c (0x818eaf13) slti    t5, t4, -2024
core   0: 3 0x8000085c (0x818eaf13) x30 0x00000001
core   0: 0x80000860 (0xca39a613) slti    a2, s3, -861
core   0: 3 0x80000860 (0xca39a613) x12 0x00000000
core   0: 0x80000864 (0xafefa213) slti    tp, t6, -1282
core   0: 3 0x80000864 (0xafefa213) x 4 0x00000000
core   0: 0x80000868 (0x036813b3) mulh    t2, a6, s6
core   0: 3 0x80000868 (0x036813b3) x 7 0x00000000
core   0: 0x8000086c (0x01375613) srli    a2, a4, 19
core   0: 3 0x8000086c (0x01375613) x12 0x00000000
core   0: 0x80000870 (0xf4dfb913) sltiu   s2, t6, -179
core   0: 3 0x80000870 (0xf4dfb913) x18 0x00000001
core   0: 0x80000874 (0x025dce33) div     t3, s11, t0
core   0: 3 0x80000874 (0x025dce33) x28 0x00000001
core   0: 0x80000878 (0x03dbf5b3) remu    a1, s7, t4
core   0: 3 0x80000878 (0x03dbf5b3) x11 0x00000000
core   0: 0x8000087c (0x006065b3) or      a1, zero, t1
core   0: 3 0x8000087c (0x006065b3) x11 0x00000000
core   0: 0x80000880 (0x41a0d333) sra     t1, ra, s10
core   0: 3 0x80000880 (0x41a0d333) x 6 0x00000580
core   0: 0x80000884 (0x02d79ab3) mulh    s5, a5, a3
core   0: 3 0x80000884 (0x02d79ab3) x21 0x00000000
core   0: 0x80000888 (0x9a747c37) lui     s8, 0x9a747
core   0: 3 0x80000888 (0x9a747c37) x24 0x9a747000
core   0: 0x8000088c (0x412b8eb3) sub     t4, s7, s2
core   0: 3 0x8000088c (0x412b8eb3) x29 0xffffffff
core   0: 0x80000890 (0x0071e8b3) or      a7, gp, t2
core   0: 3 0x80000890 (0x0071e8b3) x17 0x00000000
core   0: 0x80000894 (0x012963b3) or      t2, s2, s2
core   0: 3 0x80000894 (0x012963b3) x 7 0x00000001
core   0: 0x80000898 (0x02367433) remu    s0, a2, gp
core   0: 3 0x80000898 (0x02367433) x 8 0x00000000
core   0: 0x8000089c (0x024be5b3) rem     a1, s7, tp
core   0: 3 0x8000089c (0x024be5b3) x11 0x00000000
core   0: 0x800008a0 (0x03c73633) mulhu   a2, a4, t3
core   0: 3 0x800008a0 (0x03c73633) x12 0x00000000
core   0: 0x800008a4 (0x022d0eb3) mul     t4, s10, sp
core   0: 3 0x800008a4 (0x022d0eb3) x29 0x00000000
core   0: 0x800008a8 (0x024e4133) div     sp, t3, tp
core   0: 3 0x800008a8 (0x024e4133) x 2 0xffffffff
core   0: 0x800008ac (0xa6e9f913) andi    s2, s3, -1426
core   0: 3 0x800008ac (0xa6e9f913) x18 0x0000000a
core   0: 0x800008b0 (0x019d6a33) or      s4, s10, s9
core   0: 3 0x800008b0 (0x019d6a33) x20 0xffffffff
core   0: 0x800008b4 (0x038b1033) mulh    zero, s6, s8
core   0: 3 0x800008b4 (0x038b1033)
core   0: 0x800008b8 (0x93948313) addi    t1, s1, -1735
core   0: 3 0x800008b8 (0x93948313) x 6 0xffffff31
core   0: 0x800008bc (0x00000013) nop
core   0: 3 0x800008bc (0x00000013)
core   0: 0x800008c0 (0x0355f337) lui     t1, 0x355f
core   0: 3 0x800008c0 (0x0355f337) x 6 0x0355f000
core   0: 0x800008c4 (0x007b57b3) srl     a5, s6, t2
core   0: 3 0x800008c4 (0x007b57b3) x15 0x00000000
core   0: 0x800008c8 (0x01b18733) add     a4, gp, s11
core   0: 3 0x800008c8 (0x01b18733) x14 0x80018ce4
core   0: 0x800008cc (0x40a1d733) sra     a4, gp, a0
core   0: 3 0x800008cc (0x40a1d733) x14 0x00000000
core   0: 0x800008d0 (0x01a00a33) add     s4, zero, s10
core   0: 3 0x800008d0 (0x01a00a33) x20 0x00000391
core   0: 0x800008d4 (0x00e9d113) srli    sp, s3, 14
core   0: 3 0x800008d4 (0x00e9d113) x 2 0x00000000
core   0: 0x800008d8 (0x11fa4293) xori    t0, s4, 287
core   0: 3 0x800008d8 (0x11fa4293) x 5 0x0000028e
core   0: 0x800008dc (0x023de5b3) rem     a1, s11, gp
core   0: 3 0x800008dc (0x023de5b3) x11 0x80018ce4
core   0: 0x800008e0 (0x03286433) rem     s0, a6, s2
core   0: 3 0x800008e0 (0x03286433) x 8 0xfffffffc
core   0: 0x800008e4 (0x40f60a33) sub     s4, a2, a5
core   0: 3 0x800008e4 (0x40f60a33) x20 0x00000000
core   0: 0x800008e8 (0x01789f33) sll     t5, a7, s7
core   0: 3 0x800008e8 (0x01789f33) x30 0x00000000
core   0: 0x800008ec (0x013c6333) or      t1, s8, s3
core   0: 3 0x800008ec (0x013c6333) x 6 0x9a74700b
core   0: 0x800008f0 (0x03650433) mul     s0, a0, s6
core   0: 3 0x800008f0 (0x03650433) x 8 0x00000000
core   0: 0x800008f4 (0x9e17aa13) slti    s4, a5, -1567
core   0: 3 0x800008f4 (0x9e17aa13) x20 0x00000000
core   0: 0x800008f8 (0x015bf7b3) and     a5, s7, s5
core   0: 3 0x800008f8 (0x015bf7b3) x15 0x00000000
core   0: 0x800008fc (0x02cc3d33) mulhu   s10, s8, a2
core   0: 3 0x800008fc (0x02cc3d33) x26 0x00000000
core   0: 0x80000900 (0x03268633) mul     a2, a3, s2
core   0: 3 0x80000900 (0x03268633) x12 0x00000000
core   0: 0x80000904 (0xf1e63f17) auipc   t5, 0xf1e63
core   0: 3 0x80000904 (0xf1e63f17) x30 0x71e63904
core   0: 0x80000908 (0x0082c233) xor     tp, t0, s0
core   0: 3 0x80000908 (0x0082c233) x 4 0x0000028e
core   0: 0x8000090c (0x01e568b3) or      a7, a0, t5
core   0: 3 0x8000090c (0x01e568b3) x17 0x71e63904
core   0: 0x80000910 (0xc30f2193) slti    gp, t5, -976
core   0: 3 0x80000910 (0xc30f2193) x 3 0x00000000
core   0: 0x80000914 (0x00cc0d33) add     s10, s8, a2
core   0: 3 0x80000914 (0x00cc0d33) x26 0x9a747000
core   0: 0x80000918 (0x01a77633) and     a2, a4, s10
core   0: 3 0x80000918 (0x01a77633) x12 0x00000000
core   0: 0x8000091c (0x010d6e33) or      t3, s10, a6
core   0: 3 0x8000091c (0x010d6e33) x28 0x9a757e64
core   0: 0x80000920 (0x0167eb33) or      s6, a5, s6
core   0: 3 0x80000920 (0x0167eb33) x22 0x00000000
core   0: 0x80000924 (0x40f106b3) sub     a3, sp, a5
core   0: 3 0x80000924 (0x40f106b3) x13 0x00000000
core   0: 0x80000928 (0x6ef2cb93) xori    s7, t0, 1775
core   0: 3 0x80000928 (0x6ef2cb93) x23 0x00000461
core   0: 0x8000092c (0x01f47cb3) and     s9, s0, t6
core   0: 3 0x8000092c (0x01f47cb3) x25 0x00000000
core   0: 0x80000930 (0x02b89c33) mulh    s8, a7, a1
core   0: 3 0x80000930 (0x02b89c33) x24 0xc70d9413
core   0: 0x80000934 (0x01d35bb3) srl     s7, t1, t4
core   0: 3 0x80000934 (0x01d35bb3) x23 0x9a74700b
core   0: 0x80000938 (0x0077fbb3) and     s7, a5, t2
core   0: 3 0x80000938 (0x0077fbb3) x23 0x00000000
core   0: 0x8000093c (0x40e20cb3) sub     s9, tp, a4
core   0: 3 0x8000093c (0x40e20cb3) x25 0x0000028e
core   0: 0x80000940 (0xe9d0fc93) andi    s9, ra, -355
core   0: 3 0x80000940 (0xe9d0fc93) x25 0x0b000000
core   0: 0x80000944 (0x011812b3) sll     t0, a6, a7
core   0: 3 0x80000944 (0x011812b3) x 5 0x0014e640
core   0: 0x80000948 (0x41d95733) sra     a4, s2, t4
core   0: 3 0x80000948 (0x41d95733) x14 0x0000000a
core   0: 0x8000094c (0xfbfc2137) lui     sp, 0xfbfc2
core   0: 3 0x8000094c (0xfbfc2137) x 2 0xfbfc2000
core   0: 0x80000950 (0x0168fbb3) and     s7, a7, s6
core   0: 3 0x80000950 (0x0168fbb3) x23 0x00000000
core   0: 0x80000954 (0xfb43a137) lui     sp, 0xfb43a
core   0: 3 0x80000954 (0xfb43a137) x 2 0xfb43a000
core   0: 0x80000958 (0x62f0dab7) lui     s5, 0x62f0d
core   0: 3 0x80000958 (0x62f0dab7) x21 0x62f0d000
core   0: 0x8000095c (0xac2c0c93) addi    s9, s8, -1342
core   0: 3 0x8000095c (0xac2c0c93) x25 0xc70d8ed5
core   0: 0x80000960 (0x01c271b3) and     gp, tp, t3
core   0: 3 0x80000960 (0x01c271b3) x 3 0x00000204
core   0: 0x80000964 (0x00949913) slli    s2, s1, 9
core   0: 3 0x80000964 (0x00949913) x18 0x000bf000
core   0: 0x80000968 (0x50ff4c93) xori    s9, t5, 1295
core   0: 3 0x80000968 (0x50ff4c93) x25 0x71e63c0b
core   0: 0x8000096c (0x03ec5233) divu    tp, s8, t5
core   0: 3 0x8000096c (0x03ec5233) x 4 0x00000001
core   0: 0x80000970 (0x0120de93) srli    t4, ra, 18
core   0: 3 0x80000970 (0x0120de93) x29 0x000002c0
core   0: 0x80000974 (0x41ee8233) sub     tp, t4, t5
core   0: 3 0x80000974 (0x41ee8233) x 4 0x8e19c9bc
core   0: 0x80000978 (0x037b1a33) mulh    s4, s6, s7
core   0: 3 0x80000978 (0x037b1a33) x20 0x00000000
core   0: 0x8000097c (0x00eabe33) sltu    t3, s5, a4
core   0: 3 0x8000097c (0x00eabe33) x28 0x00000000
core   0: 0x80000980 (0xff966913) ori     s2, a2, -7
core   0: 3 0x80000980 (0xff966913) x18 0xfffffff9
core   0: 0x80000984 (0x021ce233) rem     tp, s9, ra
core   0: 3 0x80000984 (0x021ce233) x 4 0x03e63c0b
core   0: 0x80000988 (0x01cd12b3) sll     t0, s10, t3
core   0: 3 0x80000988 (0x01cd12b3) x 5 0x9a747000
core   0: 0x8000098c (0x0357fbb3) remu    s7, a5, s5
core   0: 3 0x8000098c (0x0357fbb3) x23 0x00000000
core   0: 0x80000990 (0x00033933) sltu    s2, t1, zero
core   0: 3 0x80000990 (0x00033933) x18 0x00000000
core   0: 0x80000994 (0x9bac9737) lui     a4, 0x9bac9
core   0: 3 0x80000994 (0x9bac9737) x14 0x9bac9000
core   0: 0x80000998 (0x00465193) srli    gp, a2, 4
core   0: 3 0x80000998 (0x00465193) x 3 0x00000000
core   0: 0x8000099c (0x0d224713) xori    a4, tp, 210
core   0: 3 0x8000099c (0x0d224713) x14 0x03e63cd9
core   0: 0x800009a0 (0x02c83333) mulhu   t1, a6, a2
core   0: 3 0x800009a0 (0x02c83333) x 6 0x00000000
core   0: 0x800009a4 (0x012f1e93) slli    t4, t5, 18
core   0: 3 0x800009a4 (0x012f1e93) x29 0xe4100000
core   0: 0x800009a8 (0x88cdfb13) andi    s6, s11, -1908
core   0: 3 0x800009a8 (0x88cdfb13) x22 0x80018884
core   0: 0x800009ac (0x48e10b93) addi    s7, sp, 1166
core   0: 3 0x800009ac (0x48e10b93) x23 0xfb43a48e
core   0: 0x800009b0 (0x37eb7a13) andi    s4, s6, 894
core   0: 3 0x800009b0 (0x37eb7a13) x20 0x00000004
core   0: 0x800009b4 (0x03c5e3b3) rem     t2, a1, t3
core   0: 3 0x800009b4 (0x03c5e3b3) x 7 0x80018ce4
core   0: 0x800009b8 (0x02efed33) rem     s10, t6, a4
core   0: 3 0x800009b8 (0x02efed33) x26 0x00000000
core   0: 0x800009bc (0x0182e933) or      s2, t0, s8
core   0: 3 0x800009bc (0x0182e933) x18 0xdf7df413
core   0: 0x800009c0 (0x23cdce17) auipc   t3, 0x23cdc
core   0: 3 0x800009c0 (0x23cdce17) x28 0xa3cdc9c0
core   0: 0x800009c4 (0x6cc2a4b7) lui     s1, 0x6cc2a
core   0: 3 0x800009c4 (0x6cc2a4b7) x 9 0x6cc2a000
core   0: 0x800009c8 (0x02523133) mulhu   sp, tp, t0
core   0: 3 0x800009c8 (0x02523133) x 2 0x025a4626
core   0: 0x800009cc (0x036707b3) mul     a5, a4, s6
core   0: 3 0x800009cc (0x036707b3) x15 0x0fe3a7e4
core   0: 0x800009d0 (0x95e62517) auipc   a0, 0x95e62
core   0: 3 0x800009d0 (0x95e62517) x10 0x15e629d0
core   0: 0x800009d4 (0x01e6c133) xor     sp, a3, t5
core   0: 3 0x800009d4 (0x01e6c133) x 2 0x71e63904
core   0: 0x800009d8 (0x571790b7) lui     ra, 0x57179
core   0: 3 0x800009d8 (0x571790b7) x 1 0x57179000
core   0: 0x800009dc (0x2d5aa213) slti    tp, s5, 725
core   0: 3 0x800009dc (0x2d5aa213) x 4 0x00000000
core   0: 0x800009e0 (0x41098233) sub     tp, s3, a6
core   0: 3 0x800009e0 (0x41098233) x 4 0x7ffeb1a7
core   0: 0x800009e4 (0x403ada13) srai    s4, s5, 3
core   0: 3 0x800009e4 (0x403ada13) x20 0x0c5e1a00
core   0: 0x800009e8 (0x01fc22b3) slt     t0, s8, t6
core   0: 3 0x800009e8 (0x01fc22b3) x 5 0x00000001
core   0: 0x800009ec (0x03dbc1b3) div     gp, s7, t4
core   0: 3 0x800009ec (0x03dbc1b3) x 3 0x00000000
core   0: 0x800009f0 (0x15e816b7) lui     a3, 0x15e81
core   0: 3 0x800009f0 (0x15e816b7) x13 0x15e81000
core   0: 0x800009f4 (0x01b6de93) srli    t4, a3, 27
core   0: 3 0x800009f4 (0x01b6de93) x29 0x00000002
core   0: 0x800009f8 (0x02f85fb3) divu    t6, a6, a5
core   0: 3 0x800009f8 (0x02f85fb3) x31 0x00000008
core   0: 0x800009fc (0xa50a8d13) addi    s10, s5, -1456
core   0: 3 0x800009fc (0xa50a8d13) x26 0x62f0ca50
core   0: 0x80000a00 (0x031a58b3) divu    a7, s4, a7
core   0: 3 0x80000a00 (0x031a58b3) x17 0x00000000
core   0: 0x80000a04 (0x00909093) slli    ra, ra, 9
core   0: 3 0x80000a04 (0x00909093) x 1 0x2f200000
core   0: 0x80000a08 (0x00645a13) srli    s4, s0, 6
core   0: 3 0x80000a08 (0x00645a13) x20 0x00000000
core   0: 0x80000a0c (0x005958b3) srl     a7, s2, t0
core   0: 3 0x80000a0c (0x005958b3) x17 0x6fbefa09
core   0: 0x80000a10 (0xdf64ff13) andi    t5, s1, -522
core   0: 3 0x80000a10 (0xdf64ff13) x30 0x6cc2a000
core   0: 0x80000a14 (0x03d305b3) mul     a1, t1, t4
core   0: 3 0x80000a14 (0x03d305b3) x11 0x00000000
core   0: 0x80000a18 (0x02a90433) mul     s0, s2, a0
core   0: 3 0x80000a18 (0x02a90433) x 8 0x9a7f5a70
core   0: 0x80000a1c (0x0212b233) mulhu   tp, t0, ra
core   0: 3 0x80000a1c (0x0212b233) x 4 0x00000000
core   0: 0x80000a20 (0x03906b33) rem     s6, zero, s9
core   0: 3 0x80000a20 (0x03906b33) x22 0x00000000
core   0: 0x80000a24 (0x3b4a4bb7) lui     s7, 0x3b4a4
core   0: 3 0x80000a24 (0x3b4a4bb7) x23 0x3b4a4000
core   0: 0x80000a28 (0xcb166397) auipc   t2, 0xcb166
core   0: 3 0x80000a28 (0xcb166397) x 7 0x4b166a28
core   0: 0x80000a2c (0x02045533) divu    a0, s0, zero
core   0: 3 0x80000a2c (0x02045533) x10 0xffffffff
core   0: 0x80000a30 (0x40895893) srai    a7, s2, 8
core   0: 3 0x80000a30 (0x40895893) x17 0xffdf7df4
core   0: 0x80000a34 (0xcffa6b93) ori     s7, s4, -769
core   0: 3 0x80000a34 (0xcffa6b93) x23 0xfffffcff
core   0: 0x80000a38 (0x002e57b3) srl     a5, t3, sp
core   0: 3 0x80000a38 (0x002e57b3) x15 0x0a3cdc9c
core   0: 0x80000a3c (0x41670fb3) sub     t6, a4, s6
core   0: 3 0x80000a3c (0x41670fb3) x31 0x03e63cd9
core   0: 0x80000a40 (0x25142893) slti    a7, s0, 593
core   0: 3 0x80000a40 (0x25142893) x17 0x00000001
core   0: 0x80000a44 (0x00266c33) or      s8, a2, sp
core   0: 3 0x80000a44 (0x00266c33) x24 0x71e63904
core   0: 0x80000a48 (0x14ed8f93) addi    t6, s11, 334
core   0: 3 0x80000a48 (0x14ed8f93) x31 0x80018e32
core   0: 0x80000a4c (0x7145c613) xori    a2, a1, 1812
core   0: 3 0x80000a4c (0x7145c613) x12 0x00000714
core   0: 0x80000a50 (0x170a0413) addi    s0, s4, 368
core   0: 3 0x80000a50 (0x170a0413) x 8 0x00000170
core   0: 0x80000a54 (0x03daf733) remu    a4, s5, t4
core   0: 3 0x80000a54 (0x03daf733) x14 0x00000000
core   0: 0x80000a58 (0x028831b3) mulhu   gp, a6, s0
core   0: 3 0x80000a58 (0x028831b3) x 3 0x000000b8
core   0: 0x80000a5c (0x0267b8b3) mulhu   a7, a5, t1
core   0: 3 0x80000a5c (0x0267b8b3) x17 0x00000000
core   0: 0x80000a60 (0xfbbe3693) sltiu   a3, t3, -69
core   0: 3 0x80000a60 (0xfbbe3693) x13 0x00000001
core   0: 0x80000a64 (0x02e73633) mulhu   a2, a4, a4
core   0: 3 0x80000a64 (0x02e73633) x12 0x00000000
core   0: 0x80000a68 (0x27e0f893) andi    a7, ra, 638
core   0: 3 0x80000a68 (0x27e0f893) x17 0x00000000
core   0: 0x80000a6c (0x01469b33) sll     s6, a3, s4
core   0: 3 0x80000a6c (0x01469b33) x22 0x00000001
core   0: 0x80000a70 (0xf919e293) ori     t0, s3, -111
core   0: 3 0x80000a70 (0xf919e293) x 5 0xffffff9b
core   0: 0x80000a74 (0x0071a6b3) slt     a3, gp, t2
core   0: 3 0x80000a74 (0x0071a6b3) x13 0x00000001
core   0: 0x80000a78 (0x4e642a93) slti    s5, s0, 1254
core   0: 3 0x80000a78 (0x4e642a93) x21 0x00000001
core   0: 0x80000a7c (0x40f55893) srai    a7, a0, 15
core   0: 3 0x80000a7c (0x40f55893) x17 0xffffffff
core   0: 0x80000a80 (0x41675bb3) sra     s7, a4, s6
core   0: 3 0x80000a80 (0x41675bb3) x23 0x00000000
core   0: 0x80000a84 (0x00de15b3) sll     a1, t3, a3
core   0: 3 0x80000a84 (0x00de15b3) x11 0x479b9380
core   0: 0x80000a88 (0x006b5593) srli    a1, s6, 6
core   0: 3 0x80000a88 (0x006b5593) x11 0x00000000
core   0: 0x80000a8c (0x00000013) nop
core   0: 3 0x80000a8c (0x00000013)
core   0: 0x80000a90 (0x0390b933) mulhu   s2, ra, s9
core   0: 3 0x80000a90 (0x0390b933) x18 0x14f781cd
core   0: 0x80000a94 (0x418dd233) sra     tp, s11, s8
core   0: 3 0x80000a94 (0x418dd233) x 4 0xf80018ce
core   0: 0x80000a98 (0xafacac13) slti    s8, s9, -1286
core   0: 3 0x80000a98 (0xafacac13) x24 0x00000000
core   0: 0x80000a9c (0x02167933) remu    s2, a2, ra
core   0: 3 0x80000a9c (0x02167933) x18 0x00000000
core   0: 0x80000aa0 (0x40285733) sra     a4, a6, sp
core   0: 3 0x80000aa0 (0x40285733) x14 0xf80014e6
core   0: 0x80000aa4 (0x031d1c33) mulh    s8, s10, a7
core   0: 3 0x80000aa4 (0x031d1c33) x24 0xffffffff
core   0: 0x80000aa8 (0x4d51b493) sltiu   s1, gp, 1237
core   0: 3 0x80000aa8 (0x4d51b493) x 9 0x00000001
core   0: 0x80000aac (0x028e5cb3) divu    s9, t3, s0
core   0: 3 0x80000aac (0x028e5cb3) x25 0x0071f354
core   0: 0x80000ab0 (0x4175de93) srai    t4, a1, 23
core   0: 3 0x80000ab0 (0x4175de93) x29 0x00000000
core   0: 0x80000ab4 (0x40705733) sra     a4, zero, t2
core   0: 3 0x80000ab4 (0x40705733) x14 0x00000000
core   0: 0x80000ab8 (0x03edc1b3) div     gp, s11, t5
core   0: 3 0x80000ab8 (0x03edc1b3) x 3 0xffffffff
core   0: 0x80000abc (0x00dd16b3) sll     a3, s10, a3
core   0: 3 0x80000abc (0x00dd16b3) x13 0xc5e194a0
core   0: 0x80000ac0 (0x4121d1b3) sra     gp, gp, s2
core   0: 3 0x80000ac0 (0x4121d1b3) x 3 0xffffffff
core   0: 0x80000ac4 (0x412d8d33) sub     s10, s11, s2
core   0: 3 0x80000ac4 (0x412d8d33) x26 0x80018ce4
core   0: 0x80000ac8 (0x65462a13) slti    s4, a2, 1620
core   0: 3 0x80000ac8 (0x65462a13) x20 0x00000001
core   0: 0x80000acc (0x01cf4c33) xor     s8, t5, t3
core   0: 3 0x80000acc (0x01cf4c33) x24 0xcf0f69c0
core   0: 0x80000ad0 (0x02f88cb3) mul     s9, a7, a5
core   0: 3 0x80000ad0 (0x02f88cb3) x25 0xf5c32364
core   0: 0x80000ad4 (0x01a71f93) slli    t6, a4, 26
core   0: 3 0x80000ad4 (0x01a71f93) x31 0x00000000
core   0: 0x80000ad8 (0x40f56613) ori     a2, a0, 1039
core   0: 3 0x80000ad8 (0x40f56613) x12 0xffffffff
core   0: 0x80000adc (0x407cd6b3) sra     a3, s9, t2
core   0: 3 0x80000adc (0x407cd6b3) x13 0xfff5c323
core   0: 0x80000ae0 (0x00d40ab3) add     s5, s0, a3
core   0: 3 0x80000ae0 (0x00d40ab3) x21 0xfff5c493
core   0: 0x80000ae4 (0x011bf533) and     a0, s7, a7
core   0: 3 0x80000ae4 (0x011bf533) x10 0x00000000
core   0: 0x80000ae8 (0x00371413) slli    s0, a4, 3
core   0: 3 0x80000ae8 (0x00371413) x 8 0x00000000
core   0: 0x80000aec (0x000f1593) slli    a1, t5, 0
core   0: 3 0x80000aec (0x000f1593) x11 0x6cc2a000
core   0: 0x80000af0 (0x034aa633) mulhsu  a2, s5, s4
core   0: 3 0x80000af0 (0x034aa633) x12 0xffffffff
core   0: 0x80000af4 (0x414ad713) srai    a4, s5, 20
core   0: 3 0x80000af4 (0x414ad713) x14 0xffffffff
core   0: 0x80000af8 (0xa7e08593) addi    a1, ra, -1410
core   0: 3 0x80000af8 (0xa7e08593) x11 0x2f1ffa7e
core   0: 0x80000afc (0x02d921b3) mulhsu  gp, s2, a3
core   0: 3 0x80000afc (0x02d921b3) x 3 0x00000000
core   0: 0x80000b00 (0x00bc1a13) slli    s4, s8, 11
core   0: 3 0x80000b00 (0x00bc1a13) x20 0x7b4e0000
core   0: 0x80000b04 (0x2d84fb13) andi    s6, s1, 728
core   0: 3 0x80000b04 (0x2d84fb13) x22 0x00000000
core   0: 0x80000b08 (0x00a356b3) srl     a3, t1, a0
core   0: 3 0x80000b08 (0x00a356b3) x13 0x00000000
core   0: 0x80000b0c (0x41e65333) sra     t1, a2, t5
core   0: 3 0x80000b0c (0x41e65333) x 6 0xffffffff
core   0: 0x80000b10 (0x41f88d33) sub     s10, a7, t6
core   0: 3 0x80000b10 (0x41f88d33) x26 0xffffffff
core   0: 0x80000b14 (0x006c0233) add     tp, s8, t1
core   0: 3 0x80000b14 (0x006c0233) x 4 0xcf0f69bf
core   0: 0x80000b18 (0x772d0213) addi    tp, s10, 1906
core   0: 3 0x80000b18 (0x772d0213) x 4 0x00000771
core   0: 0x80000b1c (0x022b8f33) mul     t5, s7, sp
core   0: 3 0x80000b1c (0x022b8f33) x30 0x00000000
core   0: 0x80000b20 (0x01bd5b33) srl     s6, s10, s11
core   0: 3 0x80000b20 (0x01bd5b33) x22 0x0fffffff
core   0: 0x80000b24 (0x01c5a8b3) slt     a7, a1, t3
core   0: 3 0x80000b24 (0x01c5a8b3) x17 0x00000000
core   0: 0x80000b28 (0x02d98d33) mul     s10, s3, a3
core   0: 3 0x80000b28 (0x02d98d33) x26 0x00000000
core   0: 0x80000b2c (0x03cb88b3) mul     a7, s7, t3
core   0: 3 0x80000b2c (0x03cb88b3) x17 0x00000000
core   0: 0x80000b30 (0x038abf33) mulhu   t5, s5, s8
core   0: 3 0x80000b30 (0x038abf33) x30 0xcf072315
core   0: 0x80000b34 (0x03d4feb3) remu    t4, s1, t4
core   0: 3 0x80000b34 (0x03d4feb3) x29 0x00000001
core   0: 0x80000b38 (0x40125d13) srai    s10, tp, 1
core   0: 3 0x80000b38 (0x40125d13) x26 0x000003b8
core   0: 0x80000b3c (0x008a68b3) or      a7, s4, s0
core   0: 3 0x80000b3c (0x008a68b3) x17 0x7b4e0000
core   0: 0x80000b40 (0x41ee5d33) sra     s10, t3, t5
core   0: 3 0x80000b40 (0x41ee5d33) x26 0xfffffd1e
core   0: 0x80000b44 (0x021d3d33) mulhu   s10, s10, ra
core   0: 3 0x80000b44 (0x021d3d33) x26 0x2f1fff78
core   0: 0x80000b48 (0x021ca233) mulhsu  tp, s9, ra
core   0: 3 0x80000b48 (0x021ca233) x 4 0xfe1d8be3
core   0: 0x80000b4c (0xdf171ab7) lui     s5, 0xdf171
core   0: 3 0x80000b4c (0xdf171ab7) x21 0xdf171000
core   0: 0x80000b50 (0x01ff6933) or      s2, t5, t6
core   0: 3 0x80000b50 (0x01ff6933) x18 0xcf072315
core   0: 0x80000b54 (0x030cff33) remu    t5, s9, a6
core   0: 3 0x80000b54 (0x030cff33) x30 0x75c1d500
core   0: 0x80000b58 (0x41530eb3) sub     t4, t1, s5
core   0: 3 0x80000b58 (0x41530eb3) x29 0x20e8efff
core   0: 0x80000b5c (0x00079a33) sll     s4, a5, zero
core   0: 3 0x80000b5c (0x00079a33) x20 0x0a3cdc9c
core   0: 0x80000b60 (0xcdf51017) auipc   zero, 0xcdf51
core   0: 3 0x80000b60 (0xcdf51017)
core   0: 0x80000b64 (0x02a28eb3) mul     t4, t0, a0
core   0: 3 0x80000b64 (0x02a28eb3) x29 0x00000000
core   0: 0x80000b68 (0x00b47a33) and     s4, s0, a1
core   0: 3 0x80000b68 (0x00b47a33) x20 0x00000000
core   0: 0x80000b6c (0x003b8fb3) add     t6, s7, gp
core   0: 3 0x80000b6c (0x003b8fb3) x31 0x00000000
core   0: 0x80000b70 (0xa2116f13) ori     t5, sp, -1503
core   0: 3 0x80000b70 (0xa2116f13) x30 0xfffffb25
core   0: 0x80000b74 (0x96c88d13) addi    s10, a7, -1684
core   0: 3 0x80000b74 (0x96c88d13) x26 0x7b4df96c
core   0: 0x80000b78 (0x01d31913) slli    s2, t1, 29
core   0: 3 0x80000b78 (0x01d31913) x18 0xe0000000
core   0: 0x80000b7c (0x2443be37) lui     t3, 0x2443b
core   0: 3 0x80000b7c (0x2443be37) x28 0x2443b000
core   0: 0x80000b80 (0x9819b937) lui     s2, 0x9819b
core   0: 3 0x80000b80 (0x9819b937) x18 0x9819b000
core   0: 0x80000b84 (0xdf75af93) slti    t6, a1, -521
core   0: 3 0x80000b84 (0xdf75af93) x31 0x00000000
core   0: 0x80000b88 (0x00e65193) srli    gp, a2, 14
core   0: 3 0x80000b88 (0x00e65193) x 3 0x0003ffff
core   0: 0x80000b8c (0xb7dd0193) addi    gp, s10, -1155
core   0: 3 0x80000b8c (0xb7dd0193) x 3 0x7b4df4e9
core   0: 0x80000b90 (0x01069fb3) sll     t6, a3, a6
core   0: 3 0x80000b90 (0x01069fb3) x31 0x00000000
core   0: 0x80000b94 (0x00e12133) slt     sp, sp, a4
core   0: 3 0x80000b94 (0x00e12133) x 2 0x00000000
core   0: 0x80000b98 (0x406c8733) sub     a4, s9, t1
core   0: 3 0x80000b98 (0x406c8733) x14 0xf5c32365
core   0: 0x80000b9c (0x0ffa3437) lui     s0, 0xffa3
core   0: 3 0x80000b9c (0x0ffa3437) x 8 0x0ffa3000
core   0: 0x80000ba0 (0x02fa4633) div     a2, s4, a5
core   0: 3 0x80000ba0 (0x02fa4633) x12 0x00000000
core   0: 0x80000ba4 (0x03fdc433) div     s0, s11, t6
core   0: 3 0x80000ba4 (0x03fdc433) x 8 0xffffffff
core   0: 0x80000ba8 (0xcec8e093) ori     ra, a7, -788
core   0: 3 0x80000ba8 (0xcec8e093) x 1 0xfffffcec
core   0: 0x80000bac (0x03cb20b3) mulhsu  ra, s6, t3
core   0: 3 0x80000bac (0x03cb20b3) x 1 0x02443aff
core   0: 0x80000bb0 (0x03a0ae33) mulhsu  t3, ra, s10
core   0: 3 0x80000bb0 (0x03a0ae33) x28 0x01177913
core   0: 0x80000bb4 (0x85406613) ori     a2, zero, -1964
core   0: 3 0x80000bb4 (0x85406613) x12 0xfffff854
core   0: 0x80000bb8 (0x03e44933) div     s2, s0, t5
core   0: 3 0x80000bb8 (0x03e44933) x18 0x00000000
core   0: 0x80000bbc (0x031f7cb3) remu    s9, t5, a7
core   0: 3 0x80000bbc (0x031f7cb3) x25 0x0963fb25
core   0: 0x80000bc0 (0x0381ac33) mulhsu  s8, gp, s8
core   0: 3 0x80000bc0 (0x0381ac33) x24 0x63bb7589
core   0: 0x80000bc4 (0x009ed2b3) srl     t0, t4, s1
core   0: 3 0x80000bc4 (0x009ed2b3) x 5 0x00000000
core   0: 0x80000bc8 (0x0156e133) or      sp, a3, s5
core   0: 3 0x80000bc8 (0x0156e133) x 2 0xdf171000
core   0: 0x80000bcc (0xe05d8193) addi    gp, s11, -507
core   0: 3 0x80000bcc (0xe05d8193) x 3 0x80018ae9
core   0: 0x80000bd0 (0x038f0433) mul     s0, t5, s8
core   0: 3 0x80000bd0 (0x038f0433) x 8 0xc0cc4fcd
core   0: 0x80000bd4 (0x03627a33) remu    s4, tp, s6
core   0: 3 0x80000bd4 (0x03627a33) x20 0x0e1d8bf2
core   0: 0x80000bd8 (0x018645b3) xor     a1, a2, s8
core   0: 3 0x80000bd8 (0x018645b3) x11 0x9c448ddd
core   0: 0x80000bdc (0x03fe8a33) mul     s4, t4, t6
core   0: 3 0x80000bdc (0x03fe8a33) x20 0x00000000
core   0: 0x80000be0 (0x03679bb3) mulh    s7, a5, s6
core   0: 3 0x80000be0 (0x03679bb3) x23 0x00a3cdc9
core   0: 0x80000be4 (0x00905233) srl     tp, zero, s1
core   0: 3 0x80000be4 (0x00905233) x 4 0x00000000
core   0: 0x80000be8 (0x03889a33) mulh    s4, a7, s8
core   0: 3 0x80000be8 (0x03889a33) x20 0x30097496
core   0: 0x80000bec (0x41db8633) sub     a2, s7, t4
core   0: 3 0x80000bec (0x41db8633) x12 0x00a3cdc9
core   0: 0x80000bf0 (0x00de6ab3) or      s5, t3, a3
core   0: 3 0x80000bf0 (0x00de6ab3) x21 0x01177913
core   0: 0x80000bf4 (0x00b380b3) add     ra, t2, a1
core   0: 3 0x80000bf4 (0x00b380b3) x 1 0xe75af805
core   0: 0x80000bf8 (0x015840b3) xor     ra, a6, s5
core   0: 3 0x80000bf8 (0x015840b3) x 1 0x81163777
core   0: 0x80000bfc (0x02a7c733) div     a4, a5, a0
core   0: 3 0x80000bfc (0x02a7c733) x14 0xffffffff
core   0: 0x80000c00 (0x52e50037) lui     zero, 0x52e50
core   0: 3 0x80000c00 (0x52e50037)
core   0: 0x80000c04 (0x38f96f93) ori     t6, s2, 911
core   0: 3 0x80000c04 (0x38f96f93) x31 0x0000038f
core   0: 0x80000c08 (0x01df25b3) slt     a1, t5, t4
core   0: 3 0x80000c08 (0x01df25b3) x11 0x00000001
core   0: 0x80000c0c (0x414adc93) srai    s9, s5, 20
core   0: 3 0x80000c0c (0x414adc93) x25 0x00000011
core   0: 0x80000c10 (0x41600033) sub     zero, zero, s6
core   0: 3 0x80000c10 (0x41600033)
core   0: 0x80000c14 (0x031c7f33) remu    t5, s8, a7
core   0: 3 0x80000c14 (0x031c7f33) x30 0x63bb7589
core   0: 0x80000c18 (0x02875ab3) divu    s5, a4, s0
core   0: 3 0x80000c18 (0x02875ab3) x21 0x00000001
core   0: 0x80000c1c (0x0325c8b3) div     a7, a1, s2
core   0: 3 0x80000c1c (0x0325c8b3) x17 0xffffffff
core   0: 0x80000c20 (0x41a686b3) sub     a3, a3, s10
core   0: 3 0x80000c20 (0x41a686b3) x13 0x84b20694
core   0: 0x80000c24 (0x406a7213) andi    tp, s4, 1030
core   0: 3 0x80000c24 (0x406a7213) x 4 0x00000406
core   0: 0x80000c28 (0x23557613) andi    a2, a0, 565
core   0: 3 0x80000c28 (0x23557613) x12 0x00000000
core   0: 0x80000c2c (0x02dd5ab3) divu    s5, s10, a3
core   0: 3 0x80000c2c (0x02dd5ab3) x21 0x00000000
core   0: 0x80000c30 (0x61898297) auipc   t0, 0x61898
core   0: 3 0x80000c30 (0x61898297) x 5 0xe1898c30
core   0: 0x80000c34 (0xd76f2c13) slti    s8, t5, -650
core   0: 3 0x80000c34 (0xd76f2c13) x24 0x00000000
core   0: 0x80000c38 (0x0094ab33) slt     s6, s1, s1
core   0: 3 0x80000c38 (0x0094ab33) x22 0x00000000
core   0: 0x80000c3c (0x03a10bb3) mul     s7, sp, s10
core   0: 3 0x80000c3c (0x03a10bb3) x23 0x5c4ac000
core   0: 0x80000c40 (0x41555913) srai    s2, a0, 21
core   0: 3 0x80000c40 (0x41555913) x18 0x00000000
core   0: 0x80000c44 (0xfefd0037) lui     zero, 0xfefd0
core   0: 3 0x80000c44 (0xfefd0037)
core   0: 0x80000c48 (0x01cc56b3) srl     a3, s8, t3
core   0: 3 0x80000c48 (0x01cc56b3) x13 0x00000000
core   0: 0x80000c4c (0x00711cb3) sll     s9, sp, t2
core   0: 3 0x80000c4c (0x00711cb3) x25 0x17100000
core   0: 0x80000c50 (0x9a7c2f13) slti    t5, s8, -1625
core   0: 3 0x80000c50 (0x9a7c2f13) x30 0x00000000
core   0: 0x80000c54 (0x03d0c7b3) div     a5, ra, t4
core   0: 3 0x80000c54 (0x03d0c7b3) x15 0xffffffff
core   0: 0x80000c58 (0x29790797) auipc   a5, 0x29790
core   0: 3 0x80000c58 (0x29790797) x15 0xa9790c58
core   0: 0x80000c5c (0x41868ab3) sub     s5, a3, s8
core   0: 3 0x80000c5c (0x41868ab3) x21 0x00000000
core   0: 0x80000c60 (0x026ff0b3) remu    ra, t6, t1
core   0: 3 0x80000c60 (0x026ff0b3) x 1 0x0000038f
core   0: 0x80000c64 (0x02bbe333) rem     t1, s7, a1
core   0: 3 0x80000c64 (0x02bbe333) x 6 0x00000000
core   0: 0x80000c68 (0x0164df13) srli    t5, s1, 22
core   0: 3 0x80000c68 (0x0164df13) x30 0x00000000
core   0: 0x80000c6c (0x77446a93) ori     s5, s0, 1908
core   0: 3 0x80000c6c (0x77446a93) x21 0xc0cc4ffd
core   0: 0x80000c70 (0x02d2af33) mulhsu  t5, t0, a3
core   0: 3 0x80000c70 (0x02d2af33) x30 0x00000000
core   0: 0x80000c74 (0x6e663613) sltiu   a2, a2, 1766
core   0: 3 0x80000c74 (0x6e663613) x12 0x00000001
core   0: 0x80000c78 (0x02e0db33) divu    s6, ra, a4
core   0: 3 0x80000c78 (0x02e0db33) x22 0x00000000
core   0: 0x80000c7c (0x96668c93) addi    s9, a3, -1690
core   0: 3 0x80000c7c (0x96668c93) x25 0xfffff966
core   0: 0x80000c80 (0x00ad9e33) sll     t3, s11, a0
core   0: 3 0x80000c80 (0x00ad9e33) x28 0x80018ce4
core   0: 0x80000c84 (0x03a5dbb3) divu    s7, a1, s10
core   0: 3 0x80000c84 (0x03a5dbb3) x23 0x00000000
core   0: 0x80000c88 (0x01c0c7b3) xor     a5, ra, t3
core   0: 3 0x80000c88 (0x01c0c7b3) x15 0x80018f6b
core   0: 0x80000c8c (0xa7e4bc93) sltiu   s9, s1, -1410
core   0: 3 0x80000c8c (0xa7e4bc93) x25 0x00000001
core   0: 0x80000c90 (0x45cd8f93) addi    t6, s11, 1116
core   0: 3 0x80000c90 (0x45cd8f93) x31 0x80019140
core   0: 0x80000c94 (0x02869433) mulh    s0, a3, s0
core   0: 3 0x80000c94 (0x02869433) x 8 0x00000000
core   0: 0x80000c98 (0x00000013) nop
core   0: 3 0x80000c98 (0x00000013)
core   0: 0x80000c9c (0x7305b593) sltiu   a1, a1, 1840
core   0: 3 0x80000c9c (0x7305b593) x11 0x00000001
core   0: 0x80000ca0 (0x03d820b3) mulhsu  ra, a6, t4
core   0: 3 0x80000ca0 (0x03d820b3) x 1 0x00000000
core   0: 0x80000ca4 (0x01d8cfb3) xor     t6, a7, t4
core   0: 3 0x80000ca4 (0x01d8cfb3) x31 0xffffffff
core   0: 0x80000ca8 (0x03427b33) remu    s6, tp, s4
core   0: 3 0x80000ca8 (0x03427b33) x22 0x00000406
core   0: 0x80000cac (0xede14113) xori    sp, sp, -290
core   0: 3 0x80000cac (0xede14113) x 2 0x20e8eede
core   0: 0x80000cb0 (0x412208b3) sub     a7, tp, s2
core   0: 3 0x80000cb0 (0x412208b3) x17 0x00000406
core   0: 0x80000cb4 (0x029547b3) div     a5, a0, s1
core   0: 3 0x80000cb4 (0x029547b3) x15 0x00000000
core   0: 0x80000cb8 (0x0165cd33) xor     s10, a1, s6
core   0: 3 0x80000cb8 (0x0165cd33) x26 0x00000407
core   0: 0x80000cbc (0x03ce9bb3) mulh    s7, t4, t3
core   0: 3 0x80000cbc (0x03ce9bb3) x23 0x00000000
core   0: 0x80000cc0 (0x037622b3) mulhsu  t0, a2, s7
core   0: 3 0x80000cc0 (0x037622b3) x 5 0x00000000
core   0: 0x80000cc4 (0x01512633) slt     a2, sp, s5
core   0: 3 0x80000cc4 (0x01512633) x12 0x00000000
core   0: 0x80000cc8 (0x02909f33) mulh    t5, ra, s1
core   0: 3 0x80000cc8 (0x02909f33) x30 0x00000000
core   0: 0x80000ccc (0x0276f333) remu    t1, a3, t2
core   0: 3 0x80000ccc (0x0276f333) x 6 0x00000000
core   0: 0x80000cd0 (0x03ff7c33) remu    s8, t5, t6
core   0: 3 0x80000cd0 (0x03ff7c33) x24 0x00000000
core   0: 0x80000cd4 (0x007083b3) add     t2, ra, t2
core   0: 3 0x80000cd4 (0x007083b3) x 7 0x4b166a28
core   0: 0x80000cd8 (0x0099f5b3) and     a1, s3, s1
core   0: 3 0x80000cd8 (0x0099f5b3) x11 0x00000001
core   0: 0x80000cdc (0x42832037) lui     zero, 0x42832
core   0: 3 0x80000cdc (0x42832037)
core   0: 0x80000ce0 (0x0373c133) div     sp, t2, s7
core   0: 3 0x80000ce0 (0x0373c133) x 2 0xffffffff
core   0: 0x80000ce4 (0x01b0d333) srl     t1, ra, s11
core   0: 3 0x80000ce4 (0x01b0d333) x 6 0x00000000
core   0: 0x80000ce8 (0x01d41eb3) sll     t4, s0, t4
core   0: 3 0x80000ce8 (0x01d41eb3) x29 0x00000000
core   0: 0x80000cec (0x400182b3) sub     t0, gp, zero
core   0: 3 0x80000cec (0x400182b3) x 5 0x80018ae9
core   0: 0x80000cf0 (0x029ac233) div     tp, s5, s1
core   0: 3 0x80000cf0 (0x029ac233) x 4 0xc0cc4ffd
core   0: 0x80000cf4 (0xdbd24a13) xori    s4, tp, -579
core   0: 3 0x80000cf4 (0xdbd24a13) x20 0x3f33b240
core   0: 0x80000cf8 (0x0d7ffe13) andi    t3, t6, 215
core   0: 3 0x80000cf8 (0x0d7ffe13) x28 0x000000d7
core   0: 0x80000cfc (0x00374033) xor     zero, a4, gp
core   0: 3 0x80000cfc (0x00374033)
core   0: 0x80000d00 (0x00000013) nop
core   0: 3 0x80000d00 (0x00000013)
core   0: 0x80000d04 (0x007332b3) sltu    t0, t1, t2
core   0: 3 0x80000d04 (0x007332b3) x 5 0x00000001
core   0: 0x80000d08 (0x01d1d013) srli    zero, gp, 29
core   0: 3 0x80000d08 (0x01d1d013)
core   0: 0x80000d0c (0x00ddc433) xor     s0, s11, a3
core   0: 3 0x80000d0c (0x00ddc433) x 8 0x80018ce4
core   0: 0x80000d10 (0x00b9a933) slt     s2, s3, a1
core   0: 3 0x80000d10 (0x00b9a933) x18 0x00000000
core   0: 0x80000d14 (0x0474fe93) andi    t4, s1, 71
core   0: 3 0x80000d14 (0x0474fe93) x29 0x00000001
core   0: 0x80000d18 (0x4032d593) srai    a1, t0, 3
core   0: 3 0x80000d18 (0x4032d593) x11 0x00000000
core   0: 0x80000d1c (0x01bf67b3) or      a5, t5, s11
core   0: 3 0x80000d1c (0x01bf67b3) x15 0x80018ce4
core   0: 0x80000d20 (0x65dba893) slti    a7, s7, 1629
core   0: 3 0x80000d20 (0x65dba893) x17 0x00000001
core   0: 0x80000d24 (0x031e2133) mulhsu  sp, t3, a7
core   0: 3 0x80000d24 (0x031e2133) x 2 0x00000000
core   0: 0x80000d28 (0x02ba5133) divu    sp, s4, a1
core   0: 3 0x80000d28 (0x02ba5133) x 2 0xffffffff
core   0: 0x80000d2c (0x019f1333) sll     t1, t5, s9
core   0: 3 0x80000d2c (0x019f1333) x 6 0x00000000
core   0: 0x80000d30 (0x031b44b3) div     s1, s6, a7
core   0: 3 0x80000d30 (0x031b44b3) x 9 0x00000406
core   0: 0x80000d34 (0x413d5d13) srai    s10, s10, 19
core   0: 3 0x80000d34 (0x413d5d13) x26 0x00000000
core   0: 0x80000d38 (0x00d0eb33) or      s6, ra, a3
core   0: 3 0x80000d38 (0x00d0eb33) x22 0x00000000
core   0: 0x80000d3c (0x02f8dbb3) divu    s7, a7, a5
core   0: 3 0x80000d3c (0x02f8dbb3) x23 0x00000000
core   0: 0x80000d40 (0x5bcdc213) xori    tp, s11, 1468
core   0: 3 0x80000d40 (0x5bcdc213) x 4 0x80018958
core   0: 0x80000d44 (0x4a8b4393) xori    t2, s6, 1192
core   0: 3 0x80000d44 (0x4a8b4393) x 7 0x000004a8
core   0: 0x80000d48 (0xddb56917) auipc   s2, 0xddb56
core   0: 3 0x80000d48 (0xddb56917) x18 0x5db56d48
core   0: 0x80000d4c (0x02395033) divu    zero, s2, gp
core   0: 3 0x80000d4c (0x02395033)
core   0: 0x80000d50 (0x01fc40b3) xor     ra, s8, t6
core   0: 3 0x80000d50 (0x01fc40b3) x 1 0xffffffff
core   0: 0x80000d54 (0x40248ab3) sub     s5, s1, sp
core   0: 3 0x80000d54 (0x40248ab3) x21 0x00000407
core   0: 0x80000d58 (0x03bdb433) mulhu   s0, s11, s11
core   0: 3 0x80000d58 (0x03bdb433) x 8 0x40018ce6
core   0: 0x80000d5c (0x00fc8433) add     s0, s9, a5
core   0: 3 0x80000d5c (0x00fc8433) x 8 0x80018ce5
core   0: 0x80000d60 (0x00eacc33) xor     s8, s5, a4
core   0: 3 0x80000d60 (0x00eacc33) x24 0xfffffbf8
core   0: 0x80000d64 (0x034274b3) remu    s1, tp, s4
core   0: 3 0x80000d64 (0x034274b3) x 9 0x019a24d8
core   0: 0x80000d68 (0x01379333) sll     t1, a5, s3
core   0: 3 0x80000d68 (0x01379333) x 6 0x0c672000
core   0: 0x80000d6c (0x037f1eb3) mulh    t4, t5, s7
core   0: 3 0x80000d6c (0x037f1eb3) x29 0x00000000
core   0: 0x80000d70 (0x4f010d37) lui     s10, 0x4f010
core   0: 3 0x80000d70 (0x4f010d37) x26 0x4f010000
core   0: 0x80000d74 (0xa5776197) auipc   gp, 0xa5776
core   0: 3 0x80000d74 (0xa5776197) x 3 0x25776d74
core   0: 0x80000d78 (0x01571713) slli    a4, a4, 21
core   0: 3 0x80000d78 (0x01571713) x14 0xffe00000
core   0: 0x80000d7c (0x00472633) slt     a2, a4, tp
core   0: 3 0x80000d7c (0x00472633) x12 0x00000000
core   0: 0x80000d80 (0x003531b3) sltu    gp, a0, gp
core   0: 3 0x80000d80 (0x003531b3) x 3 0x00000001
core   0: 0x80000d84 (0x020674b3) remu    s1, a2, zero
core   0: 3 0x80000d84 (0x020674b3) x 9 0x00000000
core   0: 0x80000d88 (0x019863b3) or      t2, a6, s9
core   0: 3 0x80000d88 (0x019863b3) x 7 0x80014e65
core   0: 0x80000d8c (0x037ad433) divu    s0, s5, s7
core   0: 3 0x80000d8c (0x037ad433) x 8 0xffffffff
core   0: 0x80000d90 (0x0136dc33) srl     s8, a3, s3
core   0: 3 0x80000d90 (0x0136dc33) x24 0x00000000
core   0: 0x80000d94 (0x025c1a33) mulh    s4, s8, t0
core   0: 3 0x80000d94 (0x025c1a33) x20 0x00000000
core   0: 0x80000d98 (0x99f07f93) andi    t6, zero, -1633
core   0: 3 0x80000d98 (0x99f07f93) x31 0x00000000
core   0: 0x80000d9c (0xbc67af93) slti    t6, a5, -1082
core   0: 3 0x80000d9c (0xbc67af93) x31 0x00000001
core   0: 0x80000da0 (0x022dad33) mulhsu  s10, s11, sp
core   0: 3 0x80000da0 (0x022dad33) x26 0x80018ce4
core   0: 0x80000da4 (0x02161e33) mulh    t3, a2, ra
core   0: 3 0x80000da4 (0x02161e33) x28 0x00000000
core   0: 0x80000da8 (0x12fda413) slti    s0, s11, 303
core   0: 3 0x80000da8 (0x12fda413) x 8 0x00000001
core   0: 0x80000dac (0x0315bcb3) mulhu   s9, a1, a7
core   0: 3 0x80000dac (0x0315bcb3) x25 0x00000000
core   0: 0x80000db0 (0x00bd7333) and     t1, s10, a1
core   0: 3 0x80000db0 (0x00bd7333) x 6 0x00000000
core   0: 0x80000db4 (0xb247ec13) ori     s8, a5, -1244
core   0: 3 0x80000db4 (0xb247ec13) x24 0xffffffe4
core   0: 0x80000db8 (0xf12ad2b7) lui     t0, 0xf12ad
core   0: 3 0x80000db8 (0xf12ad2b7) x 5 0xf12ad000
core   0: 0x80000dbc (0x00160f33) add     t5, a2, ra
core   0: 3 0x80000dbc (0x00160f33) x30 0xffffffff
core   0: 0x80000dc0 (0x417fda33) sra     s4, t6, s7
core   0: 3 0x80000dc0 (0x417fda33) x20 0x00000001
core   0: 0x80000dc4 (0x007aa5b3) slt     a1, s5, t2
core   0: 3 0x80000dc4 (0x007aa5b3) x11 0x00000000
core   0: 0x80000dc8 (0x997b7b13) andi    s6, s6, -1641
core   0: 3 0x80000dc8 (0x997b7b13) x22 0x00000000
core   0: 0x80000dcc (0x00000013) nop
core   0: 3 0x80000dcc (0x00000013)
core   0: 0x80000dd0 (0xb3a2d1b7) lui     gp, 0xb3a2d
core   0: 3 0x80000dd0 (0xb3a2d1b7) x 3 0xb3a2d000
core   0: 0x80000dd4 (0x032e1a33) mulh    s4, t3, s2
core   0: 3 0x80000dd4 (0x032e1a33) x20 0x00000000
core   0: 0x80000dd8 (0x0090d193) srli    gp, ra, 9
core   0: 3 0x80000dd8 (0x0090d193) x 3 0x007fffff
core   0: 0x80000ddc (0x003d9313) slli    t1, s11, 3
core   0: 3 0x80000ddc (0x003d9313) x 6 0x000c6720
core   0: 0x80000de0 (0x4185dd13) srai    s10, a1, 24
core   0: 3 0x80000de0 (0x4185dd13) x26 0x00000000
core   0: 0x80000de4 (0x01b161b3) or      gp, sp, s11
core   0: 3 0x80000de4 (0x01b161b3) x 3 0xffffffff
core   0: 0x80000de8 (0x0307f233) remu    tp, a5, a6
core   0: 3 0x80000de8 (0x0307f233) x 4 0x00003e80
core   0: 0x80000dec (0x03b751b3) divu    gp, a4, s11
core   0: 3 0x80000dec (0x03b751b3) x 3 0x00000001
core   0: 0x80000df0 (0x008f65b3) or      a1, t5, s0
core   0: 3 0x80000df0 (0x008f65b3) x11 0xffffffff
core   0: 0x80000df4 (0x017a1a93) slli    s5, s4, 23
core   0: 3 0x80000df4 (0x017a1a93) x21 0x00000000
core   0: 0x80000df8 (0x0284bf33) mulhu   t5, s1, s0
core   0: 3 0x80000df8 (0x0284bf33) x30 0x00000000
core   0: 0x80000dfc (0x406ddcb3) sra     s9, s11, t1
core   0: 3 0x80000dfc (0x406ddcb3) x25 0x80018ce4
core   0: 0x80000e00 (0x03f48bb3) mul     s7, s1, t6
core   0: 3 0x80000e00 (0x03f48bb3) x23 0x00000000
core   0: 0x80000e04 (0x00000013) nop
core   0: 3 0x80000e04 (0x00000013)
core   0: 0x80000e08 (0x01114333) xor     t1, sp, a7
core   0: 3 0x80000e08 (0x01114333) x 6 0xfffffffe
core   0: 0x80000e0c (0x00aa2b33) slt     s6, s4, a0
core   0: 3 0x80000e0c (0x00aa2b33) x22 0x00000000
core   0: 0x80000e10 (0x01ca0bb3) add     s7, s4, t3
core   0: 3 0x80000e10 (0x01ca0bb3) x23 0x00000000
core   0: 0x80000e14 (0x01edfd13) andi    s10, s11, 30
core   0: 3 0x80000e14 (0x01edfd13) x26 0x00000004
core   0: 0x80000e18 (0x03f90533) mul     a0, s2, t6
core   0: 3 0x80000e18 (0x03f90533) x10 0x5db56d48
core   0: 0x80000e1c (0x01c34fb3) xor     t6, t1, t3
core   0: 3 0x80000e1c (0x01c34fb3) x31 0xfffffffe
core   0: 0x80000e20 (0x4070dc33) sra     s8, ra, t2
core   0: 3 0x80000e20 (0x4070dc33) x24 0xffffffff
core   0: 0x80000e24 (0x002e7d33) and     s10, t3, sp
core   0: 3 0x80000e24 (0x002e7d33) x26 0x00000000
core   0: 0x80000e28 (0x001733b3) sltu    t2, a4, ra
core   0: 3 0x80000e28 (0x001733b3) x 7 0x00000001
core   0: 0x80000e2c (0x007e4cb3) xor     s9, t3, t2
core   0: 3 0x80000e2c (0x007e4cb3) x25 0x00000001
core   0: 0x80000e30 (0x02989133) mulh    sp, a7, s1
core   0: 3 0x80000e30 (0x02989133) x 2 0x00000000
core   0: 0x80000e34 (0xc33f4793) xori    a5, t5, -973
core   0: 3 0x80000e34 (0xc33f4793) x15 0xfffffc33
core   0: 0x80000e38 (0x0254b1b3) mulhu   gp, s1, t0
core   0: 3 0x80000e38 (0x0254b1b3) x 3 0x00000000
core   0: 0x80000e3c (0x028ac133) div     sp, s5, s0
core   0: 3 0x80000e3c (0x028ac133) x 2 0x00000000
core   0: 0x80000e40 (0x3c433b13) sltiu   s6, t1, 964
core   0: 3 0x80000e40 (0x3c433b13) x22 0x00000000
core   0: 0x80000e44 (0x033288b3) mul     a7, t0, s3
core   0: 3 0x80000e44 (0x033288b3) x17 0x5cd6f000
core   0: 0x80000e48 (0x029df7b3) remu    a5, s11, s1
core   0: 3 0x80000e48 (0x029df7b3) x15 0x80018ce4
core   0: 0x80000e4c (0x00000013) nop
core   0: 3 0x80000e4c (0x00000013)
core   0: 0x80000e50 (0x039b3633) mulhu   a2, s6, s9
core   0: 3 0x80000e50 (0x039b3633) x12 0x00000000
core   0: 0x80000e54 (0x01ceffb3) and     t6, t4, t3
core   0: 3 0x80000e54 (0x01ceffb3) x31 0x00000000
core   0: 0x80000e58 (0x01d491b3) sll     gp, s1, t4
core   0: 3 0x80000e58 (0x01d491b3) x 3 0x00000000
core   0: 0x80000e5c (0xb89fe913) ori     s2, t6, -1143
core   0: 3 0x80000e5c (0xb89fe913) x18 0xfffffb89
core   0: 0x80000e60 (0x00c71b93) slli    s7, a4, 12
core   0: 3 0x80000e60 (0x00c71b93) x23 0x00000000
core   0: 0x80000e64 (0x1aac2613) slti    a2, s8, 426
core   0: 3 0x80000e64 (0x1aac2613) x12 0x00000001
core   0: 0x80000e68 (0x03c7a533) mulhsu  a0, a5, t3
core   0: 3 0x80000e68 (0x03c7a533) x10 0x00000000
core   0: 0x80000e6c (0x0268b0b3) mulhu   ra, a7, t1
core   0: 3 0x80000e6c (0x0268b0b3) x 1 0x5cd6efff
core   0: 0x80000e70 (0x23f83893) sltiu   a7, a6, 575
core   0: 3 0x80000e70 (0x23f83893) x17 0x00000000
core   0: 0x80000e74 (0x02998c33) mul     s8, s3, s1
core   0: 3 0x80000e74 (0x02998c33) x24 0x00000000
core   0: 0x80000e78 (0x0260fbb3) remu    s7, ra, t1
core   0: 3 0x80000e78 (0x0260fbb3) x23 0x5cd6efff
core   0: 0x80000e7c (0x029bb133) mulhu   sp, s7, s1
core   0: 3 0x80000e7c (0x029bb133) x 2 0x00000000
core   0: 0x80000e80 (0x021fffb3) remu    t6, t6, ra
core   0: 3 0x80000e80 (0x021fffb3) x31 0x00000000
core   0: 0x80000e84 (0xa6513f97) auipc   t6, 0xa6513
core   0: 3 0x80000e84 (0xa6513f97) x31 0x26513e84
core   0: 0x80000e88 (0xeb268a13) addi    s4, a3, -334
core   0: 3 0x80000e88 (0xeb268a13) x20 0xfffffeb2
core   0: 0x80000e8c (0x41f78233) sub     tp, a5, t6
core   0: 3 0x80000e8c (0x41f78233) x 4 0x59b04e60
core   0: 0x80000e90 (0x03af7933) remu    s2, t5, s10
core   0: 3 0x80000e90 (0x03af7933) x18 0x00000000
core   0: 0x80000e94 (0x00000013) nop
core   0: 3 0x80000e94 (0x00000013)
core   0: 0x80000e98 (0x8eda3c93) sltiu   s9, s4, -1811
core   0: 3 0x80000e98 (0x8eda3c93) x25 0x00000000
core   0: 0x80000e9c (0x409f52b3) sra     t0, t5, s1
core   0: 3 0x80000e9c (0x409f52b3) x 5 0x00000000
core   0: 0x80000ea0 (0xf5f0ad13) slti    s10, ra, -161
core   0: 3 0x80000ea0 (0xf5f0ad13) x26 0x00000000
core   0: 0x80000ea4 (0x029dd533) divu    a0, s11, s1
core   0: 3 0x80000ea4 (0x029dd533) x10 0xffffffff
core   0: 0x80000ea8 (0x00000013) nop
core   0: 3 0x80000ea8 (0x00000013)
core   0: 0x80000eac (0x01fcda33) srl     s4, s9, t6
core   0: 3 0x80000eac (0x01fcda33) x20 0x00000000
core   0: 0x80000eb0 (0x068a2c13) slti    s8, s4, 104
core   0: 3 0x80000eb0 (0x068a2c13) x24 0x00000001
core   0: 0x80000eb4 (0x402fd493) srai    s1, t6, 2
core   0: 3 0x80000eb4 (0x402fd493) x 9 0x09944fa1
core   0: 0x80000eb8 (0x02c54633) div     a2, a0, a2
core   0: 3 0x80000eb8 (0x02c54633) x12 0xffffffff
core   0: 0x80000ebc (0x01ac6ab3) or      s5, s8, s10
core   0: 3 0x80000ebc (0x01ac6ab3) x21 0x00000001
core   0: 0x80000ec0 (0x412a0eb3) sub     t4, s4, s2
core   0: 3 0x80000ec0 (0x412a0eb3) x29 0x00000000
core   0: 0x80000ec4 (0x016db7b3) sltu    a5, s11, s6
core   0: 3 0x80000ec4 (0x016db7b3) x15 0x00000000
core   0: 0x80000ec8 (0x00fb0533) add     a0, s6, a5
core   0: 3 0x80000ec8 (0x00fb0533) x10 0x00000000
core   0: 0x80000ecc (0x12f54f13) xori    t5, a0, 303
core   0: 3 0x80000ecc (0x12f54f13) x30 0x0000012f
core   0: 0x80000ed0 (0x00af1713) slli    a4, t5, 10
core   0: 3 0x80000ed0 (0x00af1713) x14 0x0004bc00
core   0: 0x80000ed4 (0xa12c15b7) lui     a1, 0xa12c1
core   0: 3 0x80000ed4 (0xa12c15b7) x11 0xa12c1000
core   0: 0x80000ed8 (0x48b70713) addi    a4, a4, 1163
core   0: 3 0x80000ed8 (0x48b70713) x14 0x0004c08b
core   0: 0x80000edc (0xaf6d3f93) sltiu   t6, s10, -1290
core   0: 3 0x80000edc (0xaf6d3f93) x31 0x00000001
core   0: 0x80000ee0 (0xa7d13a97) auipc   s5, 0xa7d13
core   0: 3 0x80000ee0 (0xa7d13a97) x21 0x27d13ee0
core   0: 0x80000ee4 (0xf5fda513) slti    a0, s11, -161
core   0: 3 0x80000ee4 (0xf5fda513) x10 0x00000001
core   0: 0x80000ee8 (0x02b7a533) mulhsu  a0, a5, a1
core   0: 3 0x80000ee8 (0x02b7a533) x10 0x00000000
core   0: 0x80000eec (0x00000013) nop
core   0: 3 0x80000eec (0x00000013)
core   0: 0x80000ef0 (0x03f80eb3) mul     t4, a6, t6
core   0: 3 0x80000ef0 (0x03f80eb3) x29 0x80014e64
core   0: 0x80000ef4 (0x0026c8b3) xor     a7, a3, sp
core   0: 3 0x80000ef4 (0x0026c8b3) x17 0x00000000
core   0: 0x80000ef8 (0x134fc7b7) lui     a5, 0x134fc
core   0: 3 0x80000ef8 (0x134fc7b7) x15 0x134fc000
core   0: 0x80000efc (0x024a95b3) mulh    a1, s5, tp
core   0: 3 0x80000efc (0x024a95b3) x11 0x0df32ae7
core   0: 0x80000f00 (0x007b93b3) sll     t2, s7, t2
core   0: 3 0x80000f00 (0x007b93b3) x 7 0xb9addffe
core   0: 0x80000f04 (0x034a1733) mulh    a4, s4, s4
core   0: 3 0x80000f04 (0x034a1733) x14 0x00000000
core   0: 0x80000f08 (0x6f043417) auipc   s0, 0x6f043
core   0: 3 0x80000f08 (0x6f043417) x 8 0xef043f08
core   0: 0x80000f0c (0x00631c13) slli    s8, t1, 6
core   0: 3 0x80000f0c (0x00631c13) x24 0xffffff80
core   0: 0x80000f10 (0x40b5d333) sra     t1, a1, a1
core   0: 3 0x80000f10 (0x40b5d333) x 6 0x001be655
core   0: 0x80000f14 (0x031b1433) mulh    s0, s6, a7
core   0: 3 0x80000f14 (0x031b1433) x 8 0x00000000
core   0: 0x80000f18 (0xe29cbf93) sltiu   t6, s9, -471
core   0: 3 0x80000f18 (0xe29cbf93) x31 0x00000001
core   0: 0x80000f1c (0x0011cab3) xor     s5, gp, ra
core   0: 3 0x80000f1c (0x0011cab3) x21 0x5cd6efff
core   0: 0x80000f20 (0x03ce91b3) mulh    gp, t4, t3
core   0: 3 0x80000f20 (0x03ce91b3) x 3 0x00000000
core   0: 0x80000f24 (0x4118d633) sra     a2, a7, a7
core   0: 3 0x80000f24 (0x4118d633) x12 0x00000000
core   0: 0x80000f28 (0x3543f013) andi    zero, t2, 852
core   0: 3 0x80000f28 (0x3543f013)
core   0: 0x80000f2c (0x41825e93) srai    t4, tp, 24
core   0: 3 0x80000f2c (0x41825e93) x29 0x00000059
core   0: 0x80000f30 (0x01d3c933) xor     s2, t2, t4
core   0: 3 0x80000f30 (0x01d3c933) x18 0xb9addfa7
core   0: 0x80000f34 (0x01112033) slt     zero, sp, a7
core   0: 3 0x80000f34 (0x01112033)
core   0: 0x80000f38 (0x02b543b3) div     t2, a0, a1
core   0: 3 0x80000f38 (0x02b543b3) x 7 0x00000000
core   0: 0x80000f3c (0x50c7a8b7) lui     a7, 0x50c7a
core   0: 3 0x80000f3c (0x50c7a8b7) x17 0x50c7a000
core   0: 0x80000f40 (0x00000013) nop
core   0: 3 0x80000f40 (0x00000013)
core   0: 0x80000f44 (0x0315e7b3) rem     a5, a1, a7
core   0: 3 0x80000f44 (0x0315e7b3) x15 0x0df32ae7
core   0: 0x80000f48 (0x00c0ef33) or      t5, ra, a2
core   0: 3 0x80000f48 (0x00c0ef33) x30 0x5cd6efff
core   0: 0x80000f4c (0x40c3d233) sra     tp, t2, a2
core   0: 3 0x80000f4c (0x40c3d233) x 4 0x00000000
core   0: 0x80000f50 (0x00c0e633) or      a2, ra, a2
core   0: 3 0x80000f50 (0x00c0e633) x12 0x5cd6efff
core   0: 0x80000f54 (0x038f63b3) rem     t2, t5, s8
core   0: 3 0x80000f54 (0x038f63b3) x 7 0x0000007f
core   0: 0x80000f58 (0xb1c8b593) sltiu   a1, a7, -1252
core   0: 3 0x80000f58 (0xb1c8b593) x11 0x00000001
core   0: 0x80000f5c (0x00355433) srl     s0, a0, gp
core   0: 3 0x80000f5c (0x00355433) x 8 0x00000000
core   0: 0x80000f60 (0x032480b3) mul     ra, s1, s2
core   0: 3 0x80000f60 (0x032480b3) x 1 0x99ea3107
core   0: 0x80000f64 (0x03580c33) mul     s8, a6, s5
core   0: 3 0x80000f64 (0x03580c33) x24 0x3114719c
core   0: 0x80000f68 (0x02f7b333) mulhu   t1, a5, a5
core   0: 3 0x80000f68 (0x02f7b333) x 6 0x00c29955
core   0: 0x80000f6c (0x02796d33) rem     s10, s2, t2
core   0: 3 0x80000f6c (0x02796d33) x26 0xffffffe7
core   0: 0x80000f70 (0x006a8a33) add     s4, s5, t1
core   0: 3 0x80000f70 (0x006a8a33) x20 0x5d998954
core   0: 0x80000f74 (0x408887b3) sub     a5, a7, s0
core   0: 3 0x80000f74 (0x408887b3) x15 0x50c7a000
core   0: 0x80000f78 (0x034281b3) mul     gp, t0, s4
core   0: 3 0x80000f78 (0x034281b3) x 3 0x00000000
core   0: 0x80000f7c (0x015156b3) srl     a3, sp, s5
core   0: 3 0x80000f7c (0x015156b3) x13 0x00000000
core   0: 0x80000f80 (0x52ae6e13) ori     t3, t3, 1322
core   0: 3 0x80000f80 (0x52ae6e13) x28 0x0000052a
core   0: 0x80000f84 (0x41c68ab3) sub     s5, a3, t3
core   0: 3 0x80000f84 (0x41c68ab3) x21 0xfffffad6
core   0: 0x80000f88 (0x118a5d17) auipc   s10, 0x118a5
core   0: 3 0x80000f88 (0x118a5d17) x26 0x918a5f88
core   0: 0x80000f8c (0x01bcbc33) sltu    s8, s9, s11
core   0: 3 0x80000f8c (0x01bcbc33) x24 0x00000001
core   0: 0x80000f90 (0x024446b3) div     a3, s0, tp
core   0: 3 0x80000f90 (0x024446b3) x13 0xffffffff
core   0: 0x80000f94 (0x03fa3133) mulhu   sp, s4, t6
core   0: 3 0x80000f94 (0x03fa3133) x 2 0x00000000
core   0: 0x80000f98 (0x00095093) srli    ra, s2, 0
core   0: 3 0x80000f98 (0x00095093) x 1 0xb9addfa7
core   0: 0x80000f9c (0x02571eb3) mulh    t4, a4, t0
core   0: 3 0x80000f9c (0x02571eb3) x29 0x00000000
core   0: 0x80000fa0 (0xae12e893) ori     a7, t0, -1311
core   0: 3 0x80000fa0 (0xae12e893) x17 0xfffffae1
core   0: 0x80000fa4 (0xc9e4ba93) sltiu   s5, s1, -866
core   0: 3 0x80000fa4 (0xc9e4ba93) x21 0x00000001
core   0: 0x80000fa8 (0x01206933) or      s2, zero, s2
core   0: 3 0x80000fa8 (0x01206933) x18 0xb9addfa7
core   0: 0x80000fac (0x02d61133) mulh    sp, a2, a3
core   0: 3 0x80000fac (0x02d61133) x 2 0xffffffff
core   0: 0x80000fb0 (0x01f31633) sll     a2, t1, t6
core   0: 3 0x80000fb0 (0x01f31633) x12 0x018532aa
core   0: 0x80000fb4 (0x7f1552b7) lui     t0, 0x7f155
core   0: 3 0x80000fb4 (0x7f1552b7) x 5 0x7f155000
core   0: 0x80000fb8 (0x016e5e33) srl     t3, t3, s6
core   0: 3 0x80000fb8 (0x016e5e33) x28 0x0000052a
core   0: 0x80000fbc (0xe0bc0593) addi    a1, s8, -501
core   0: 3 0x80000fbc (0xe0bc0593) x11 0xfffffe0c
core   0: 0x80000fc0 (0x028da6b3) mulhsu  a3, s11, s0
core   0: 3 0x80000fc0 (0x028da6b3) x13 0x00000000
core   0: 0x80000fc4 (0x0289ea33) rem     s4, s3, s0
core   0: 3 0x80000fc4 (0x0289ea33) x20 0x0000000b
core   0: 0x80000fc8 (0x0377ff33) remu    t5, a5, s7
core   0: 3 0x80000fc8 (0x0377ff33) x30 0x50c7a000
core   0: 0x80000fcc (0x024a5633) divu    a2, s4, tp
core   0: 3 0x80000fcc (0x024a5633) x12 0xffffffff
core   0: 0x80000fd0 (0x14256093) ori     ra, a0, 322
core   0: 3 0x80000fd0 (0x14256093) x 1 0x00000142
core   0: 0x80000fd4 (0x0271b533) mulhu   a0, gp, t2
core   0: 3 0x80000fd4 (0x0271b533) x10 0x00000000
core   0: 0x80000fd8 (0x5a8268b7) lui     a7, 0x5a826
core   0: 3 0x80000fd8 (0x5a8268b7) x17 0x5a826000
core   0: 0x80000fdc (0x3d3a3413) sltiu   s0, s4, 979
core   0: 3 0x80000fdc (0x3d3a3413) x 8 0x00000001
core   0: 0x80000fe0 (0x00b91ab3) sll     s5, s2, a1
core   0: 3 0x80000fe0 (0x00b91ab3) x21 0xddfa7000
core   0: 0x80000fe4 (0x01fbc5b3) xor     a1, s7, t6
core   0: 3 0x80000fe4 (0x01fbc5b3) x11 0x5cd6effe
core   0: 0x80000fe8 (0xd3dacf93) xori    t6, s5, -707
core   0: 3 0x80000fe8 (0xd3dacf93) x31 0x22058d3d
core   0: 0x80000fec (0xf6972c93) slti    s9, a4, -151
core   0: 3 0x80000fec (0xf6972c93) x25 0x00000000
core   0: 0x80000ff0 (0x0106b433) sltu    s0, a3, a6
core   0: 3 0x80000ff0 (0x0106b433) x 8 0x00000001
core   0: 0x80000ff4 (0x07db2317) auipc   t1, 0x7db2
core   0: 3 0x80000ff4 (0x07db2317) x 6 0x87db2ff4
core   0: 0x80000ff8 (0x79ca7e93) andi    t4, s4, 1948
core   0: 3 0x80000ff8 (0x79ca7e93) x29 0x00000008
core   0: 0x80000ffc (0x017d58b3) srl     a7, s10, s7
core   0: 3 0x80000ffc (0x017d58b3) x17 0x00000001
core   0: 0x80001000 (0x00bff6b3) and     a3, t6, a1
core   0: 3 0x80001000 (0x00bff6b3) x13 0x00048d3c
core   0: 0x80001004 (0x02523933) mulhu   s2, tp, t0
core   0: 3 0x80001004 (0x02523933) x18 0x00000000
core   0: 0x80001008 (0x40de01b3) sub     gp, t3, a3
core   0: 3 0x80001008 (0x40de01b3) x 3 0xfffb77ee
core   0: 0x8000100c (0x01fe18b3) sll     a7, t3, t6
core   0: 3 0x8000100c (0x01fe18b3) x17 0x40000000
core   0: 0x80001010 (0x4181db33) sra     s6, gp, s8
core   0: 3 0x80001010 (0x4181db33) x22 0xfffdbbf7
core   0: 0x80001014 (0x03483c33) mulhu   s8, a6, s4
core   0: 3 0x80001014 (0x03483c33) x24 0x00000005
core   0: 0x80001018 (0x0cccc293) xori    t0, s9, 204
core   0: 3 0x80001018 (0x0cccc293) x 5 0x000000cc
core   0: 0x8000101c (0x01d12d33) slt     s10, sp, t4
core   0: 3 0x8000101c (0x01d12d33) x26 0x00000001
core   0: 0x80001020 (0x026b40b3) div     ra, s6, t1
core   0: 3 0x80001020 (0x026b40b3) x 1 0x00000000
core   0: 0x80001024 (0x594fc093) xori    ra, t6, 1428
core   0: 3 0x80001024 (0x594fc093) x 1 0x220588a9
core   0: 0x80001028 (0x02e22eb3) mulhsu  t4, tp, a4
core   0: 3 0x80001028 (0x02e22eb3) x29 0x00000000
core   0: 0x8000102c (0x00948fb3) add     t6, s1, s1
core   0: 3 0x8000102c (0x00948fb3) x31 0x13289f42
core   0: 0x80001030 (0x00c7dd13) srli    s10, a5, 12
core   0: 3 0x80001030 (0x00c7dd13) x26 0x00050c7a
core   0: 0x80001034 (0x02397d13) andi    s10, s2, 35
core   0: 3 0x80001034 (0x02397d13) x26 0x00000000
core   0: 0x80001038 (0x94f1c917) auipc   s2, 0x94f1c
core   0: 3 0x80001038 (0x94f1c917) x18 0x14f1d038
core   0: 0x8000103c (0x53be8f97) auipc   t6, 0x53be8
core   0: 3 0x8000103c (0x53be8f97) x31 0xd3be903c
core   0: 0x80001040 (0x03d6b6b3) mulhu   a3, a3, t4
core   0: 3 0x80001040 (0x03d6b6b3) x13 0x00000000
core   0: 0x80001044 (0x01b98e33) add     t3, s3, s11
core   0: 3 0x80001044 (0x01b98e33) x28 0x80018cef
core   0: 0x80001048 (0x405e5193) srai    gp, t3, 5
core   0: 3 0x80001048 (0x405e5193) x 3 0xfc000c67
core   0: 0x8000104c (0x40bb87b3) sub     a5, s7, a1
core   0: 3 0x8000104c (0x40bb87b3) x15 0x00000001
core   0: 0x80001050 (0xb1a8a637) lui     a2, 0xb1a8a
core   0: 3 0x80001050 (0xb1a8a637) x12 0xb1a8a000
core   0: 0x80001054 (0xc7b6bd13) sltiu   s10, a3, -901
core   0: 3 0x80001054 (0xc7b6bd13) x26 0x00000001
core   0: 0x80001058 (0x41bf8633) sub     a2, t6, s11
core   0: 3 0x80001058 (0x41bf8633) x12 0x53bd0358
core   0: 0x8000105c (0x01e9fa33) and     s4, s3, t5
core   0: 3 0x8000105c (0x01e9fa33) x20 0x00000000
core   0: 0x80001060 (0x5fe9b713) sltiu   a4, s3, 1534
core   0: 3 0x80001060 (0x5fe9b713) x14 0x00000001
core   0: 0x80001064 (0x0078d393) srli    t2, a7, 7
core   0: 3 0x80001064 (0x0078d393) x 7 0x00800000
core   0: 0x80001068 (0x00b7de33) srl     t3, a5, a1
core   0: 3 0x80001068 (0x00b7de33) x28 0x00000000
core   0: 0x8000106c (0x40cd5c33) sra     s8, s10, a2
core   0: 3 0x8000106c (0x40cd5c33) x24 0x00000000
core   0: 0x80001070 (0xbea7ae93) slti    t4, a5, -1046
core   0: 3 0x80001070 (0xbea7ae93) x29 0x00000000
core   0: 0x80001074 (0x03fcebb3) rem     s7, s9, t6
core   0: 3 0x80001074 (0x03fcebb3) x23 0x00000000
core   0: 0x80001078 (0x41465493) srai    s1, a2, 20
core   0: 3 0x80001078 (0x41465493) x 9 0x0000053b
core   0: 0x8000107c (0x1e26e593) ori     a1, a3, 482
core   0: 3 0x8000107c (0x1e26e593) x11 0x000001e2
core   0: 0x80001080 (0x02dd2533) mulhsu  a0, s10, a3
core   0: 3 0x80001080 (0x02dd2533) x10 0x00000000
core   0: 0x80001084 (0x03f866b3) rem     a3, a6, t6
core   0: 3 0x80001084 (0x03f866b3) x13 0xd8842dec
core   0: 0x80001088 (0x00000013) nop
core   0: 3 0x80001088 (0x00000013)
core   0: 0x8000108c (0x00cc5d13) srli    s10, s8, 12
core   0: 3 0x8000108c (0x00cc5d13) x26 0x00000000
core   0: 0x80001090 (0x1a9c5ab7) lui     s5, 0x1a9c5
core   0: 3 0x80001090 (0x1a9c5ab7) x21 0x1a9c5000
core   0: 0x80001094 (0x01666733) or      a4, a2, s6
core   0: 3 0x80001094 (0x01666733) x14 0xfffdbbff
core   0: 0x80001098 (0x01ffdb33) srl     s6, t6, t6
core   0: 3 0x80001098 (0x01ffdb33) x22 0x0000000d
core   0: 0x8000109c (0x40a751b3) sra     gp, a4, a0
core   0: 3 0x8000109c (0x40a751b3) x 3 0xfffdbbff
core   0: 0x800010a0 (0x01934eb3) xor     t4, t1, s9
core   0: 3 0x800010a0 (0x01934eb3) x29 0x87db2ff4
core   0: 0x800010a4 (0x0036d193) srli    gp, a3, 3
core   0: 3 0x800010a4 (0x0036d193) x 3 0x1b1085bd
core   0: 0x800010a8 (0x8f564c93) xori    s9, a2, -1803
core   0: 3 0x800010a8 (0x8f564c93) x25 0xac42fbad
core   0: 0x800010ac (0x00fe9ab3) sll     s5, t4, a5
core   0: 3 0x800010ac (0x00fe9ab3) x21 0x0fb65fe8
core   0: 0x800010b0 (0x0163bbb3) sltu    s7, t2, s6
core   0: 3 0x800010b0 (0x0163bbb3) x23 0x00000000
core   0: 0x800010b4 (0x00000013) nop
core   0: 3 0x800010b4 (0x00000013)
core   0: 0x800010b8 (0xfde52937) lui     s2, 0xfde52
core   0: 3 0x800010b8 (0xfde52937) x18 0xfde52000
core   0: 0x800010bc (0x01ad4033) xor     zero, s10, s10
core   0: 3 0x800010bc (0x01ad4033)
core   0: 0x800010c0 (0x7030a013) slti    zero, ra, 1795
core   0: 3 0x800010c0 (0x7030a013)
core   0: 0x800010c4 (0x01ec0f33) add     t5, s8, t5
core   0: 3 0x800010c4 (0x01ec0f33) x30 0x50c7a000
core   0: 0x800010c8 (0xb739ab93) slti    s7, s3, -1165
core   0: 3 0x800010c8 (0xb739ab93) x23 0x00000000
core   0: 0x800010cc (0x019ac8b3) xor     a7, s5, s9
core   0: 3 0x800010cc (0x019ac8b3) x17 0xa3f4a445
core   0: 0x800010d0 (0x03f5e4b3) rem     s1, a1, t6
core   0: 3 0x800010d0 (0x03f5e4b3) x 9 0x000001e2
core   0: 0x800010d4 (0x014a5593) srli    a1, s4, 20
core   0: 3 0x800010d4 (0x014a5593) x11 0x00000000
core   0: 0x800010d8 (0xc9648393) addi    t2, s1, -874
core   0: 3 0x800010d8 (0xc9648393) x 7 0xfffffe78
core   0: 0x800010dc (0x03c053b3) divu    t2, zero, t3
core   0: 3 0x800010dc (0x03c053b3) x 7 0xffffffff
core   0: 0x800010e0 (0x00000013) nop
core   0: 3 0x800010e0 (0x00000013)
core   0: 0x800010e4 (0x00394e33) xor     t3, s2, gp
core   0: 3 0x800010e4 (0x00394e33) x28 0xe6f5a5bd
core   0: 0x800010e8 (0xe4299537) lui     a0, 0xe4299
core   0: 3 0x800010e8 (0xe4299537) x10 0xe4299000
core   0: 0x800010ec (0x006961b3) or      gp, s2, t1
core   0: 3 0x800010ec (0x006961b3) x 3 0xffff2ff4
core   0: 0x800010f0 (0x01a06cb3) or      s9, zero, s10
core   0: 3 0x800010f0 (0x01a06cb3) x25 0x00000000
core   0: 0x800010f4 (0x02c88b33) mul     s6, a7, a2
core   0: 3 0x800010f4 (0x02c88b33) x22 0xdff646b8
core   0: 0x800010f8 (0x6c8cc493) xori    s1, s9, 1736
core   0: 3 0x800010f8 (0x6c8cc493) x 9 0x000006c8
core   0: 0x800010fc (0x031532b3) mulhu   t0, a0, a7
core   0: 3 0x800010fc (0x031532b3) x 5 0x922080b5
core   0: 0x80001100 (0xc31a3b13) sltiu   s6, s4, -975
core   0: 3 0x80001100 (0xc31a3b13) x22 0x00000001
core   0: 0x80001104 (0x02ceee33) rem     t3, t4, a2
core   0: 3 0x80001104 (0x02ceee33) x28 0xdb98334c
core   0: 0x80001108 (0x38564213) xori    tp, a2, 901
core   0: 3 0x80001108 (0x38564213) x 4 0x53bd00dd
core   0: 0x8000110c (0x7bff7a37) lui     s4, 0x7bff7
core   0: 3 0x8000110c (0x7bff7a37) x20 0x7bff7000
core   0: 0x80001110 (0x03db5933) divu    s2, s6, t4
core   0: 3 0x80001110 (0x03db5933) x18 0x00000000
core   0: 0x80001114 (0x02c9ce17) auipc   t3, 0x2c9c
core   0: 3 0x80001114 (0x02c9ce17) x28 0x82c9d114
core   0: 0x80001118 (0x02374a33) div     s4, a4, gp
core   0: 3 0x80001118 (0x02374a33) x20 0x00000002
core   0: 0x8000111c (0x41255d13) srai    s10, a0, 18
core   0: 3 0x8000111c (0x41255d13) x26 0xfffff90a
core   0: 0x80001120 (0xfac5ae37) lui     t3, 0xfac5a
core   0: 3 0x80001120 (0xfac5ae37) x28 0xfac5a000
core   0: 0x80001124 (0xfc83fa37) lui     s4, 0xfc83f
core   0: 3 0x80001124 (0xfc83fa37) x20 0xfc83f000
core   0: 0x80001128 (0x03a03e33) mulhu   t3, zero, s10
core   0: 3 0x80001128 (0x03a03e33) x28 0x00000000
core   0: 0x8000112c (0x032637b3) mulhu   a5, a2, s2
core   0: 3 0x8000112c (0x032637b3) x15 0x00000000
core   0: 0x80001130 (0x027645b3) div     a1, a2, t2
core   0: 3 0x80001130 (0x027645b3) x11 0xac42fca8
core   0: 0x80001134 (0x00ccf7b3) and     a5, s9, a2
core   0: 3 0x80001134 (0x00ccf7b3) x15 0x00000000
core   0: 0x80001138 (0x14ade593) ori     a1, s11, 330
core   0: 3 0x80001138 (0x14ade593) x11 0x80018dee
core   0: 0x8000113c (0x006dd133) srl     sp, s11, t1
core   0: 3 0x8000113c (0x006dd133) x 2 0x00000800
core   0: 0x80001140 (0x02541333) mulh    t1, s0, t0
core   0: 3 0x80001140 (0x02541333) x 6 0xffffffff
core   0: 0x80001144 (0x6cb82717) auipc   a4, 0x6cb82
core   0: 3 0x80001144 (0x6cb82717) x14 0xecb83144
core   0: 0x80001148 (0x03fe2e33) mulhsu  t3, t3, t6
core   0: 3 0x80001148 (0x03fe2e33) x28 0x00000000
core   0: 0x8000114c (0x0190a133) slt     sp, ra, s9
core   0: 3 0x8000114c (0x0190a133) x 2 0x00000000
core   0: 0x80001150 (0x00f1aab3) slt     s5, gp, a5
core   0: 3 0x80001150 (0x00f1aab3) x21 0x00000001
core   0: 0x80001154 (0x0154c0b3) xor     ra, s1, s5
core   0: 3 0x80001154 (0x0154c0b3) x 1 0x000006c9
core   0: 0x80001158 (0x0154c733) xor     a4, s1, s5
core   0: 3 0x80001158 (0x0154c733) x14 0x000006c9
core   0: 0x8000115c (0x0131f733) and     a4, gp, s3
core   0: 3 0x8000115c (0x0131f733) x14 0x00000000
core   0: 0x80001160 (0x018cde93) srli    t4, s9, 24
core   0: 3 0x80001160 (0x018cde93) x29 0x00000000
core   0: 0x80001164 (0x41f38bb3) sub     s7, t2, t6
core   0: 3 0x80001164 (0x41f38bb3) x23 0x2c416fc3
core   0: 0x80001168 (0xd41b0ab7) lui     s5, 0xd41b0
core   0: 3 0x80001168 (0xd41b0ab7) x21 0xd41b0000
core   0: 0x8000116c (0x039d8a33) mul     s4, s11, s9
core   0: 3 0x8000116c (0x039d8a33) x20 0x00000000
core   0: 0x80001170 (0x010463b3) or      t2, s0, a6
core   0: 3 0x80001170 (0x010463b3) x 7 0x80014e65
core   0: 0x80001174 (0x03f5e633) rem     a2, a1, t6
core   0: 3 0x80001174 (0x03f5e633) x12 0xd8846d76
core   0: 0x80001178 (0x00d652b3) srl     t0, a2, a3
core   0: 3 0x80001178 (0x00d652b3) x 5 0x000d8846
core   0: 0x8000117c (0x00e3e8b3) or      a7, t2, a4
core   0: 3 0x8000117c (0x00e3e8b3) x17 0x80014e65
core   0: 0x80001180 (0x00cb1913) slli    s2, s6, 12
core   0: 3 0x80001180 (0x00cb1913) x18 0x00001000
core   0: 0x80001184 (0x03cba5b3) mulhsu  a1, s7, t3
core   0: 3 0x80001184 (0x03cba5b3) x11 0x00000000
core   0: 0x80001188 (0x4100d3b3) sra     t2, ra, a6
core   0: 3 0x80001188 (0x4100d3b3) x 7 0x0000006c
core   0: 0x8000118c (0x003e7d33) and     s10, t3, gp
core   0: 3 0x8000118c (0x003e7d33) x26 0x00000000
core   0: 0x80001190 (0x1699aa13) slti    s4, s3, 361
core   0: 3 0x80001190 (0x1699aa13) x20 0x00000001
core   0: 0x80001194 (0x00ec9293) slli    t0, s9, 14
core   0: 3 0x80001194 (0x00ec9293) x 5 0x00000000
core   0: 0x80001198 (0xf6e7b313) sltiu   t1, a5, -146
core   0: 3 0x80001198 (0xf6e7b313) x 6 0x00000001
core   0: 0x8000119c (0x035dff33) remu    t5, s11, s5
core   0: 3 0x8000119c (0x035dff33) x30 0x80018ce4
core   0: 0x800011a0 (0x03ddf733) remu    a4, s11, t4
core   0: 3 0x800011a0 (0x03ddf733) x14 0x80018ce4
core   0: 0x800011a4 (0x412c5033) sra     zero, s8, s2
core   0: 3 0x800011a4 (0x412c5033)
core   0: 0x800011a8 (0x011fd6b3) srl     a3, t6, a7
core   0: 3 0x800011a8 (0x011fd6b3) x13 0x069df481
core   0: 0x800011ac (0x024a2eb3) mulhsu  t4, s4, tp
core   0: 3 0x800011ac (0x024a2eb3) x29 0x00000000
core   0: 0x800011b0 (0x02156e33) rem     t3, a0, ra
core   0: 3 0x800011b0 (0x02156e33) x28 0xfffffdac
core   0: 0x800011b4 (0xaea4e793) ori     a5, s1, -1302
core   0: 3 0x800011b4 (0xaea4e793) x15 0xfffffeea
core   0: 0x800011b8 (0xb781f493) andi    s1, gp, -1160
core   0: 3 0x800011b8 (0xb781f493) x 9 0xffff2b70
core   0: 0x800011bc (0x011a9bb3) sll     s7, s5, a7
core   0: 3 0x800011bc (0x011a9bb3) x23 0x83600000
core   0: 0x800011c0 (0x024ec6b3) div     a3, t4, tp
core   0: 3 0x800011c0 (0x024ec6b3) x13 0x00000000
core   0: 0x800011c4 (0x001c1fb3) sll     t6, s8, ra
core   0: 3 0x800011c4 (0x001c1fb3) x31 0x00000000
core   0: 0x800011c8 (0x0162a933) slt     s2, t0, s6
core   0: 3 0x800011c8 (0x0162a933) x18 0x00000001
core   0: 0x800011cc (0x2adffa13) andi    s4, t6, 685
core   0: 3 0x800011cc (0x2adffa13) x20 0x00000000
core   0: 0x800011d0 (0xd9ddb513) sltiu   a0, s11, -611
core   0: 3 0x800011d0 (0xd9ddb513) x10 0x00000001
core   0: 0x800011d4 (0x6fc760b7) lui     ra, 0x6fc76
core   0: 3 0x800011d4 (0x6fc760b7) x 1 0x6fc76000
core   0: 0x800011d8 (0x03834e33) div     t3, t1, s8
core   0: 3 0x800011d8 (0x03834e33) x28 0xffffffff
core   0: 0x800011dc (0x00000013) nop
core   0: 3 0x800011dc (0x00000013)
core   0: 0x800011e0 (0x0218b933) mulhu   s2, a7, ra
core   0: 3 0x800011e0 (0x0218b933) x18 0x37e44202
core   0: 0x800011e4 (0x0021cbb3) xor     s7, gp, sp
core   0: 3 0x800011e4 (0x0021cbb3) x23 0xffff2ff4
core   0: 0x800011e8 (0x02177233) remu    tp, a4, ra
core   0: 3 0x800011e8 (0x02177233) x 4 0x103a2ce4
core   0: 0x800011ec (0x01fc7433) and     s0, s8, t6
core   0: 3 0x800011ec (0x01fc7433) x 8 0x00000000
core   0: 0x800011f0 (0x40b0d213) srai    tp, ra, 11
core   0: 3 0x800011f0 (0x40b0d213) x 4 0x000df8ec
core   0: 0x800011f4 (0x41c95913) srai    s2, s2, 28
core   0: 3 0x800011f4 (0x41c95913) x18 0x00000003
core   0: 0x800011f8 (0x027817b3) mulh    a5, a6, t2
core   0: 3 0x800011f8 (0x027817b3) x15 0xffffffca
core   0: 0x800011fc (0x03d732b3) mulhu   t0, a4, t4
core   0: 3 0x800011fc (0x03d732b3) x 5 0x00000000
core   0: 0x80001200 (0x41cfd5b3) sra     a1, t6, t3
core   0: 3 0x80001200 (0x41cfd5b3) x11 0x00000000
core   0: 0x80001204 (0x034bb6b3) mulhu   a3, s7, s4
core   0: 3 0x80001204 (0x034bb6b3) x13 0x00000000
core   0: 0x80001208 (0x0348ce33) div     t3, a7, s4
core   0: 3 0x80001208 (0x0348ce33) x28 0xffffffff
core   0: 0x8000120c (0x01303b33) snez    s6, s3
core   0: 3 0x8000120c (0x01303b33) x22 0x00000001
core   0: 0x80001210 (0x03ac2e33) mulhsu  t3, s8, s10
core   0: 3 0x80001210 (0x03ac2e33) x28 0x00000000
core   0: 0x80001214 (0xebeafe93) andi    t4, s5, -322
core   0: 3 0x80001214 (0xebeafe93) x29 0xd41b0000
core   0: 0x80001218 (0x01d31cb3) sll     s9, t1, t4
core   0: 3 0x80001218 (0x01d31cb3) x25 0x00000001
core   0: 0x8000121c (0x01e6e733) or      a4, a3, t5
core   0: 3 0x8000121c (0x01e6e733) x14 0x80018ce4
core   0: 0x80001220 (0x01eef433) and     s0, t4, t5
core   0: 3 0x80001220 (0x01eef433) x 8 0x80010000
core   0: 0x80001224 (0x038d2333) mulhsu  t1, s10, s8
core   0: 3 0x80001224 (0x038d2333) x 6 0x00000000
core   0: 0x80001228 (0xe0dfa293) slti    t0, t6, -499
core   0: 3 0x80001228 (0xe0dfa293) x 5 0x00000000
core   0: 0x8000122c (0x00000013) nop
core   0: 3 0x8000122c (0x00000013)
core   0: 0x80001230 (0x00400e33) add     t3, zero, tp
core   0: 3 0x80001230 (0x00400e33) x28 0x000df8ec
core   0: 0x80001234 (0x03cfebb3) rem     s7, t6, t3
core   0: 3 0x80001234 (0x03cfebb3) x23 0x00000000
core   0: 0x80001238 (0x2d97e213) ori     tp, a5, 729
core   0: 3 0x80001238 (0x2d97e213) x 4 0xffffffdb
core   0: 0x8000123c (0x01a45013) srli    zero, s0, 26
core   0: 3 0x8000123c (0x01a45013)
core   0: 0x80001240 (0x41855a13) srai    s4, a0, 24
core   0: 3 0x80001240 (0x41855a13) x20 0x00000000
core   0: 0x80001244 (0xe7fcbf93) sltiu   t6, s9, -385
core   0: 3 0x80001244 (0xe7fcbf93) x31 0x00000001
core   0: 0x80001248 (0x00d272b3) and     t0, tp, a3
core   0: 3 0x80001248 (0x00d272b3) x 5 0x00000000
core   0: 0x8000124c (0xf7972893) slti    a7, a4, -135
core   0: 3 0x8000124c (0xf7972893) x17 0x00000001
core   0: 0x80001250 (0x01ce9a13) slli    s4, t4, 28
core   0: 3 0x80001250 (0x01ce9a13) x20 0x00000000
core   0: 0x80001254 (0x000c9793) slli    a5, s9, 0
core   0: 3 0x80001254 (0x000c9793) x15 0x00000001
core   0: 0x80001258 (0x4072d533) sra     a0, t0, t2
core   0: 3 0x80001258 (0x4072d533) x10 0x00000000
core   0: 0x8000125c (0x00e5b7b3) sltu    a5, a1, a4
core   0: 3 0x8000125c (0x00e5b7b3) x15 0x00000001
core   0: 0x80001260 (0xd56e5b97) auipc   s7, 0xd56e5
core   0: 3 0x80001260 (0xd56e5b97) x23 0x556e6260
core   0: 0x80001264 (0x1c8afd13) andi    s10, s5, 456
core   0: 3 0x80001264 (0x1c8afd13) x26 0x00000000
core   0: 0x80001268 (0x013350b3) srl     ra, t1, s3
core   0: 3 0x80001268 (0x013350b3) x 1 0x00000000
core   0: 0x8000126c (0x61860693) addi    a3, a2, 1560
core   0: 3 0x8000126c (0x61860693) x13 0xd884738e
core   0: 0x80001270 (0x01b713b3) sll     t2, a4, s11
core   0: 3 0x80001270 (0x01b713b3) x 7 0x0018ce40
core   0: 0x80001274 (0x0224b1b3) mulhu   gp, s1, sp
core   0: 3 0x80001274 (0x0224b1b3) x 3 0x00000000
core   0: 0x80001278 (0x00bb7f33) and     t5, s6, a1
core   0: 3 0x80001278 (0x00bb7f33) x30 0x00000000
core   0: 0x8000127c (0xd5bdac13) slti    s8, s11, -677
core   0: 3 0x8000127c (0xd5bdac13) x24 0x00000001
core   0: 0x80001280 (0x288e8a37) lui     s4, 0x288e8
core   0: 3 0x80001280 (0x288e8a37) x20 0x288e8000
core   0: 0x80001284 (0x004b12b3) sll     t0, s6, tp
core   0: 3 0x80001284 (0x004b12b3) x 5 0x08000000
core   0: 0x80001288 (0xa50b3293) sltiu   t0, s6, -1456
core   0: 3 0x80001288 (0xa50b3293) x 5 0x00000001
core   0: 0x8000128c (0x02bb0033) mul     zero, s6, a1
core   0: 3 0x8000128c (0x02bb0033)
core   0: 0x80001290 (0x0269ac33) mulhsu  s8, s3, t1
core   0: 3 0x80001290 (0x0269ac33) x24 0x00000000
core   0: 0x80001294 (0x036d41b3) div     gp, s10, s6
core   0: 3 0x80001294 (0x036d41b3) x 3 0x00000000
core   0: 0x80001298 (0x016dfc33) and     s8, s11, s6
core   0: 3 0x80001298 (0x016dfc33) x24 0x00000000
core   0: 0x8000129c (0x0b6cfa13) andi    s4, s9, 182
core   0: 3 0x8000129c (0x0b6cfa13) x20 0x00000000
core   0: 0x800012a0 (0x03de56b3) divu    a3, t3, t4
core   0: 3 0x800012a0 (0x03de56b3) x13 0x00000000
core   0: 0x800012a4 (0x00000013) nop
core   0: 3 0x800012a4 (0x00000013)
core   0: 0x800012a8 (0x41df5ab3) sra     s5, t5, t4
core   0: 3 0x800012a8 (0x41df5ab3) x21 0x00000000
core   0: 0x800012ac (0x5e0f6293) ori     t0, t5, 1504
core   0: 3 0x800012ac (0x5e0f6293) x 5 0x000005e0
core   0: 0x800012b0 (0x01732033) slt     zero, t1, s7
core   0: 3 0x800012b0 (0x01732033)
core   0: 0x800012b4 (0x01fe1193) slli    gp, t3, 31
core   0: 3 0x800012b4 (0x01fe1193) x 3 0x00000000
core   0: 0x800012b8 (0x41858bb3) sub     s7, a1, s8
core   0: 3 0x800012b8 (0x41858bb3) x23 0x00000000
core   0: 0x800012bc (0x00e8f4b3) and     s1, a7, a4
core   0: 3 0x800012bc (0x00e8f4b3) x 9 0x00000000
core   0: 0x800012c0 (0x97a80c13) addi    s8, a6, -1670
core   0: 3 0x800012c0 (0x97a80c13) x24 0x800147de
core   0: 0x800012c4 (0x1b49b213) sltiu   tp, s3, 436
core   0: 3 0x800012c4 (0x1b49b213) x 4 0x00000001
core   0: 0x800012c8 (0x038cabb3) mulhsu  s7, s9, s8
core   0: 3 0x800012c8 (0x038cabb3) x23 0x00000000
core   0: 0x800012cc (0x01d4cb33) xor     s6, s1, t4
core   0: 3 0x800012cc (0x01d4cb33) x22 0xd41b0000
core   0: 0x800012d0 (0x032a97b3) mulh    a5, s5, s2
core   0: 3 0x800012d0 (0x032a97b3) x15 0x00000000
core   0: 0x800012d4 (0x417dd933) sra     s2, s11, s7
core   0: 3 0x800012d4 (0x417dd933) x18 0x80018ce4
core   0: 0x800012d8 (0x01ea9a13) slli    s4, s5, 30
core   0: 3 0x800012d8 (0x01ea9a13) x20 0x00000000
core   0: 0x800012dc (0x023e1e33) mulh    t3, t3, gp
core   0: 3 0x800012dc (0x023e1e33) x28 0x00000000
core   0: 0x800012e0 (0x0024cbb3) xor     s7, s1, sp
core   0: 3 0x800012e0 (0x0024cbb3) x23 0x00000000
core   0: 0x800012e4 (0x02f64d33) div     s10, a2, a5
core   0: 3 0x800012e4 (0x02f64d33) x26 0xffffffff
core   0: 0x800012e8 (0x03668d33) mul     s10, a3, s6
core   0: 3 0x800012e8 (0x03668d33) x26 0x00000000
core   0: 0x800012ec (0xfc18dc17) auipc   s8, 0xfc18d
core   0: 3 0x800012ec (0xfc18dc17) x24 0x7c18e2ec
core   0: 0x800012f0 (0x023eeab3) rem     s5, t4, gp
core   0: 3 0x800012f0 (0x023eeab3) x21 0xd41b0000
core   0: 0x800012f4 (0xd4f24c93) xori    s9, tp, -689
core   0: 3 0x800012f4 (0xd4f24c93) x25 0xfffffd4e
core   0: 0x800012f8 (0x00eb1333) sll     t1, s6, a4
core   0: 3 0x800012f8 (0x00eb1333) x 6 0x41b00000
core   0: 0x800012fc (0xa00bb913) sltiu   s2, s7, -1536
core   0: 3 0x800012fc (0xa00bb913) x18 0x00000001
core   0: 0x80001300 (0x03690bb3) mul     s7, s2, s6
core   0: 3 0x80001300 (0x03690bb3) x23 0xd41b0000
core   0: 0x80001304 (0x0101f533) and     a0, gp, a6
core   0: 3 0x80001304 (0x0101f533) x10 0x00000000
core   0: 0x80001308 (0x01549f33) sll     t5, s1, s5
core   0: 3 0x80001308 (0x01549f33) x30 0x00000000
core   0: 0x8000130c (0x01066a33) or      s4, a2, a6
core   0: 3 0x8000130c (0x01066a33) x20 0xd8856f76
core   0: 0x80001310 (0xb843e113) ori     sp, t2, -1148
core   0: 3 0x80001310 (0xb843e113) x 2 0xffffffc4
core   0: 0x80001314 (0xc87a3b93) sltiu   s7, s4, -889
core   0: 3 0x80001314 (0xc87a3b93) x23 0x00000001
core   0: 0x80001318 (0xe31cec93) ori     s9, s9, -463
core   0: 3 0x80001318 (0xe31cec93) x25 0xffffff7f
core   0: 0x8000131c (0x031720b3) mulhsu  ra, a4, a7
core   0: 3 0x8000131c (0x031720b3) x 1 0xffffffff
core   0: 0x80001320 (0x0269eeb3) rem     t4, s3, t1
core   0: 3 0x80001320 (0x0269eeb3) x29 0x0000000b
core   0: 0x80001324 (0x00ec6333) or      t1, s8, a4
core   0: 3 0x80001324 (0x00ec6333) x 6 0xfc19eeec
core   0: 0x80001328 (0x02c92cb3) mulhsu  s9, s2, a2
core   0: 3 0x80001328 (0x02c92cb3) x25 0x00000000
core   0: 0x8000132c (0x03329033) mulh    zero, t0, s3
core   0: 3 0x8000132c (0x03329033)
core   0: 0x80001330 (0x01d09fb3) sll     t6, ra, t4
core   0: 3 0x80001330 (0x01d09fb3) x31 0xfffff800
core   0: 0x80001334 (0x015c08b3) add     a7, s8, s5
core   0: 3 0x80001334 (0x015c08b3) x17 0x5033e2ec
core   0: 0x80001338 (0x01be6e33) or      t3, t3, s11
core   0: 3 0x80001338 (0x01be6e33) x28 0x80018ce4
core   0: 0x8000133c (0x1f983293) sltiu   t0, a6, 505
core   0: 3 0x8000133c (0x1f983293) x 5 0x00000000
core   0: 0x80001340 (0x00fa5213) srli    tp, s4, 15
core   0: 3 0x80001340 (0x00fa5213) x 4 0x0001b10a
core   0: 0x80001344 (0x0368b033) mulhu   zero, a7, s6
core   0: 3 0x80001344 (0x0368b033)
core   0: 0x80001348 (0xb647c893) xori    a7, a5, -1180
core   0: 3 0x80001348 (0xb647c893) x17 0xfffffb64
core   0: 0x8000134c (0x5b5a6a93) ori     s5, s4, 1461
core   0: 3 0x8000134c (0x5b5a6a93) x21 0xd8856ff7
core   0: 0x80001350 (0x402b5bb3) sra     s7, s6, sp
core   0: 3 0x80001350 (0x402b5bb3) x23 0xfd41b000
core   0: 0x80001354 (0x00235933) srl     s2, t1, sp
core   0: 3 0x80001354 (0x00235933) x18 0x0fc19eee
core   0: 0x80001358 (0x40600b33) sub     s6, zero, t1
core   0: 3 0x80001358 (0x40600b33) x22 0x03e61114
core   0: 0x8000135c (0x53c26193) ori     gp, tp, 1340
core   0: 3 0x8000135c (0x53c26193) x 3 0x0001b53e
core   0: 0x80001360 (0x03ef5433) divu    s0, t5, t5
core   0: 3 0x80001360 (0x03ef5433) x 8 0xffffffff
core   0: 0x80001364 (0x39de8cb7) lui     s9, 0x39de8
core   0: 3 0x80001364 (0x39de8cb7) x25 0x39de8000
core   0: 0x80001368 (0x09340193) addi    gp, s0, 147
core   0: 3 0x80001368 (0x09340193) x 3 0x00000092
core   0: 0x8000136c (0x03d5bc33) mulhu   s8, a1, t4
core   0: 3 0x8000136c (0x03d5bc33) x24 0x00000000
core   0: 0x80001370 (0x02f734b3) mulhu   s1, a4, a5
core   0: 3 0x80001370 (0x02f734b3) x 9 0x00000000
core   0: 0x80001374 (0x405edd33) sra     s10, t4, t0
core   0: 3 0x80001374 (0x405edd33) x26 0x0000000b
core   0: 0x80001378 (0xe13282b7) lui     t0, 0xe1328
core   0: 3 0x80001378 (0xe13282b7) x 5 0xe1328000
core   0: 0x8000137c (0x00c21293) slli    t0, tp, 12
core   0: 3 0x8000137c (0x00c21293) x 5 0x1b10a000
core   0: 0x80001380 (0x0201e733) rem     a4, gp, zero
core   0: 3 0x80001380 (0x0201e733) x14 0x00000092
core   0: 0x80001384 (0x0217a233) mulhsu  tp, a5, ra
core   0: 3 0x80001384 (0x0217a233) x 4 0x00000000
core   0: 0x80001388 (0x038fc3b3) div     t2, t6, s8
core   0: 3 0x80001388 (0x038fc3b3) x 7 0xffffffff
core   0: 0x8000138c (0x02d64533) div     a0, a2, a3
core   0: 3 0x8000138c (0x02d64533) x10 0xffffffff
core   0: 0x80001390 (0x141aea13) ori     s4, s5, 321
core   0: 3 0x80001390 (0x141aea13) x20 0xd8856ff7
core   0: 0x80001394 (0x00e0e013) ori     zero, ra, 14
core   0: 3 0x80001394 (0x00e0e013)
core   0: 0x80001398 (0x00eed933) srl     s2, t4, a4
core   0: 3 0x80001398 (0x00eed933) x18 0x00000000
core   0: 0x8000139c (0xda1672b7) lui     t0, 0xda167
core   0: 3 0x8000139c (0xda1672b7) x 5 0xda167000
core   0: 0x800013a0 (0x1b234193) xori    gp, t1, 434
core   0: 3 0x800013a0 (0x1b234193) x 3 0xfc19ef5e
core   0: 0x800013a4 (0x00000013) nop
core   0: 3 0x800013a4 (0x00000013)
core   0: 0x800013a8 (0x03011933) mulh    s2, sp, a6
core   0: 3 0x800013a8 (0x03011933) x18 0x0000001d
core   0: 0x800013ac (0x837f6f13) ori     t5, t5, -1993
core   0: 3 0x800013ac (0x837f6f13) x30 0xfffff837
core   0: 0x800013b0 (0x03f6efb3) rem     t6, a3, t6
core   0: 3 0x800013b0 (0x03f6efb3) x31 0x00000000
core   0: 0x800013b4 (0x006ff333) and     t1, t6, t1
core   0: 3 0x800013b4 (0x006ff333) x 6 0x00000000
core   0: 0x800013b8 (0x03033d33) mulhu   s10, t1, a6
core   0: 3 0x800013b8 (0x03033d33) x26 0x00000000
core   0: 0x800013bc (0xfd758093) addi    ra, a1, -41
core   0: 3 0x800013bc (0xfd758093) x 1 0xffffffd7
core   0: 0x800013c0 (0x0265d2b3) divu    t0, a1, t1
core   0: 3 0x800013c0 (0x0265d2b3) x 5 0xffffffff
core   0: 0x800013c4 (0x01868bb3) add     s7, a3, s8
core   0: 3 0x800013c4 (0x01868bb3) x23 0x00000000
core   0: 0x800013c8 (0xc950ba13) sltiu   s4, ra, -875
core   0: 3 0x800013c8 (0xc950ba13) x20 0x00000000
core   0: 0x800013cc (0x01f96933) or      s2, s2, t6
core   0: 3 0x800013cc (0x01f96933) x18 0x0000001d
core   0: 0x800013d0 (0xaef3ad13) slti    s10, t2, -1297
core   0: 3 0x800013d0 (0xaef3ad13) x26 0x00000000
core   0: 0x800013d4 (0x016c75b3) and     a1, s8, s6
core   0: 3 0x800013d4 (0x016c75b3) x11 0x00000000
core   0: 0x800013d8 (0xf9228513) addi    a0, t0, -110
core   0: 3 0x800013d8 (0xf9228513) x10 0xffffff91
core   0: 0x800013dc (0x66c0e493) ori     s1, ra, 1644
core   0: 3 0x800013dc (0x66c0e493) x 9 0xffffffff
core   0: 0x800013e0 (0x01cc5fb3) srl     t6, s8, t3
core   0: 3 0x800013e0 (0x01cc5fb3) x31 0x00000000
core   0: 0x800013e4 (0x027fa1b3) mulhsu  gp, t6, t2
core   0: 3 0x800013e4 (0x027fa1b3) x 3 0x00000000
core   0: 0x800013e8 (0x0380fcb3) remu    s9, ra, s8
core   0: 3 0x800013e8 (0x0380fcb3) x25 0xffffffd7
core   0: 0x800013ec (0x00e8dbb3) srl     s7, a7, a4
core   0: 3 0x800013ec (0x00e8dbb3) x23 0x00003fff
core   0: 0x800013f0 (0x0049b7b3) sltu    a5, s3, tp
core   0: 3 0x800013f0 (0x0049b7b3) x15 0x00000000
core   0: 0x800013f4 (0x02984fb3) div     t6, a6, s1
core   0: 3 0x800013f4 (0x02984fb3) x31 0x7ffeb19c
core   0: 0x800013f8 (0x033dd433) divu    s0, s11, s3
core   0: 3 0x800013f8 (0x033dd433) x 8 0x0ba30cce
core   0: 0x800013fc (0xc7a29a37) lui     s4, 0xc7a29
core   0: 3 0x800013fc (0xc7a29a37) x20 0xc7a29000
core   0: 0x80001400 (0x409b5a13) srai    s4, s6, 9
core   0: 3 0x80001400 (0x409b5a13) x20 0x0001f308
core   0: 0x80001404 (0x38502c13) slti    s8, zero, 901
core   0: 3 0x80001404 (0x38502c13) x24 0x00000001
core   0: 0x80001408 (0x5b007fb7) lui     t6, 0x5b007
core   0: 3 0x80001408 (0x5b007fb7) x31 0x5b007000
core   0: 0x8000140c (0xb8d52d13) slti    s10, a0, -1139
core   0: 3 0x8000140c (0xb8d52d13) x26 0x00000000
core   0: 0x80001410 (0x00e66f33) or      t5, a2, a4
core   0: 3 0x80001410 (0x00e66f33) x30 0xd8846df6
core   0: 0x80001414 (0x007185b3) add     a1, gp, t2
core   0: 3 0x80001414 (0x007185b3) x11 0xffffffff
core   0: 0x80001418 (0x03658333) mul     t1, a1, s6
core   0: 3 0x80001418 (0x03658333) x 6 0xfc19eeec
core   0: 0x8000141c (0x0174d1b3) srl     gp, s1, s7
core   0: 3 0x8000141c (0x0174d1b3) x 3 0x00000001
core   0: 0x80001420 (0x024f2ab3) mulhsu  s5, t5, tp
core   0: 3 0x80001420 (0x024f2ab3) x21 0x00000000
core   0: 0x80001424 (0x00000013) nop
core   0: 3 0x80001424 (0x00000013)
core   0: 0x80001428 (0x0084e5b3) or      a1, s1, s0
core   0: 3 0x80001428 (0x0084e5b3) x11 0xffffffff
core   0: 0x8000142c (0x00d91613) slli    a2, s2, 13
core   0: 3 0x8000142c (0x00d91613) x12 0x0003a000
core   0: 0x80001430 (0x038e3933) mulhu   s2, t3, s8
core   0: 3 0x80001430 (0x038e3933) x18 0x00000000
core   0: 0x80001434 (0xd42f2793) slti    a5, t5, -702
core   0: 3 0x80001434 (0xd42f2793) x15 0x00000001
core   0: 0x80001438 (0x015c8933) add     s2, s9, s5
core   0: 3 0x80001438 (0x015c8933) x18 0xffffffd7
core   0: 0x8000143c (0x02119533) mulh    a0, gp, ra
core   0: 3 0x8000143c (0x02119533) x10 0xffffffff
core   0: 0x80001440 (0xf5d17a93) andi    s5, sp, -163
core   0: 3 0x80001440 (0xf5d17a93) x21 0xffffff44
core   0: 0x80001444 (0x40d45593) srai    a1, s0, 13
core   0: 3 0x80001444 (0x40d45593) x11 0x00005d18
core   0: 0x80001448 (0x9e928793) addi    a5, t0, -1559
core   0: 3 0x80001448 (0x9e928793) x15 0xfffff9e8
core   0: 0x8000144c (0x0050ffb3) and     t6, ra, t0
core   0: 3 0x8000144c (0x0050ffb3) x31 0xffffffd7
core   0: 0x80001450 (0x009ea6b3) slt     a3, t4, s1
core   0: 3 0x80001450 (0x009ea6b3) x13 0x00000000
core   0: 0x80001454 (0x02e33e33) mulhu   t3, t1, a4
core   0: 3 0x80001454 (0x02e33e33) x28 0x0000008f
core   0: 0x80001458 (0x01fce633) or      a2, s9, t6
core   0: 3 0x80001458 (0x01fce633) x12 0xffffffd7
core   0: 0x8000145c (0x00000013) nop
core   0: 3 0x8000145c (0x00000013)
core   0: 0x80001460 (0x01efa1b3) slt     gp, t6, t5
core   0: 3 0x80001460 (0x01efa1b3) x 3 0x00000000
core   0: 0x80001464 (0x2da7cc93) xori    s9, a5, 730
core   0: 3 0x80001464 (0x2da7cc93) x25 0xfffffb32
core   0: 0x80001468 (0x0229d633) divu    a2, s3, sp
core   0: 3 0x80001468 (0x0229d633) x12 0x00000000
core   0: 0x8000146c (0x029eb0b3) mulhu   ra, t4, s1
core   0: 3 0x8000146c (0x029eb0b3) x 1 0x0000000a
core   0: 0x80001470 (0x03cb9933) mulh    s2, s7, t3
core   0: 3 0x80001470 (0x03cb9933) x18 0x00000000
core   0: 0x80001474 (0xb063e2b7) lui     t0, 0xb063e
core   0: 3 0x80001474 (0xb063e2b7) x 5 0xb063e000
core   0: 0x80001478 (0x019a2733) slt     a4, s4, s9
core   0: 3 0x80001478 (0x019a2733) x14 0x00000000
core   0: 0x8000147c (0x40bb5613) srai    a2, s6, 11
core   0: 3 0x8000147c (0x40bb5613) x12 0x00007cc2
core   0: 0x80001480 (0x032255b3) divu    a1, tp, s2
core   0: 3 0x80001480 (0x032255b3) x11 0xffffffff
core   0: 0x80001484 (0x41e35333) sra     t1, t1, t5
core   0: 3 0x80001484 (0x41e35333) x 6 0xfffffff0
core   0: 0x80001488 (0x5cdd7213) andi    tp, s10, 1485
core   0: 3 0x80001488 (0x5cdd7213) x 4 0x00000000
core   0: 0x8000148c (0x015e6e33) or      t3, t3, s5
core   0: 3 0x8000148c (0x015e6e33) x28 0xffffffcf
core   0: 0x80001490 (0x005c1e93) slli    t4, s8, 5
core   0: 3 0x80001490 (0x005c1e93) x29 0x00000020
core   0: 0x80001494 (0x032e9233) mulh    tp, t4, s2
core   0: 3 0x80001494 (0x032e9233) x 4 0x00000000
core   0: 0x80001498 (0xc492f213) andi    tp, t0, -951
core   0: 3 0x80001498 (0xc492f213) x 4 0xb063e000
core   0: 0x8000149c (0x02854b33) div     s6, a0, s0
core   0: 3 0x8000149c (0x02854b33) x22 0x00000000
core   0: 0x800014a0 (0x1f5f6713) ori     a4, t5, 501
core   0: 3 0x800014a0 (0x1f5f6713) x14 0xd8846df7
core   0: 0x800014a4 (0x968ef193) andi    gp, t4, -1688
core   0: 3 0x800014a4 (0x968ef193) x 3 0x00000020
core   0: 0x800014a8 (0x02419cb3) mulh    s9, gp, tp
core   0: 3 0x800014a8 (0x02419cb3) x25 0xfffffff6
core   0: 0x800014ac (0x000a1bb3) sll     s7, s4, zero
core   0: 3 0x800014ac (0x000a1bb3) x23 0x0001f308
core   0: 0x800014b0 (0x0151d893) srli    a7, gp, 21
core   0: 3 0x800014b0 (0x0151d893) x17 0x00000000
core   0: 0x800014b4 (0x034d44b3) div     s1, s10, s4
core   0: 3 0x800014b4 (0x034d44b3) x 9 0x00000000
core   0: 0x800014b8 (0x02fa8733) mul     a4, s5, a5
core   0: 3 0x800014b8 (0x02fa8733) x14 0x000479a0
core   0: 0x800014bc (0x02c923b3) mulhsu  t2, s2, a2
core   0: 3 0x800014bc (0x02c923b3) x 7 0x00000000
core   0: 0x800014c0 (0xd6907713) andi    a4, zero, -663
core   0: 3 0x800014c0 (0xd6907713) x14 0x00000000
core   0: 0x800014c4 (0x1e327a13) andi    s4, tp, 483
core   0: 3 0x800014c4 (0x1e327a13) x20 0x00000000
core   0: 0x800014c8 (0x025d9ab3) mulh    s5, s11, t0
core   0: 3 0x800014c8 (0x025d9ab3) x21 0x27cd9493
core   0: 0x800014cc (0x031854b3) divu    s1, a6, a7
core   0: 3 0x800014cc (0x031854b3) x 9 0xffffffff
core   0: 0x800014d0 (0x03d6dab3) divu    s5, a3, t4
core   0: 3 0x800014d0 (0x03d6dab3) x21 0x00000000
core   0: 0x800014d4 (0x306f2113) slti    sp, t5, 774
core   0: 3 0x800014d4 (0x306f2113) x 2 0x00000001
core   0: 0x800014d8 (0x019fc6b3) xor     a3, t6, s9
core   0: 3 0x800014d8 (0x019fc6b3) x13 0x00000021
core   0: 0x800014dc (0x01ae4c33) xor     s8, t3, s10
core   0: 3 0x800014dc (0x01ae4c33) x24 0xffffffcf
core   0: 0x800014e0 (0x032f8933) mul     s2, t6, s2
core   0: 3 0x800014e0 (0x032f8933) x18 0x00000000
core   0: 0x800014e4 (0x013d7bb3) and     s7, s10, s3
core   0: 3 0x800014e4 (0x013d7bb3) x23 0x00000000
core   0: 0x800014e8 (0x2da40937) lui     s2, 0x2da40
core   0: 3 0x800014e8 (0x2da40937) x18 0x2da40000
core   0: 0x800014ec (0x011d8cb3) add     s9, s11, a7
core   0: 3 0x800014ec (0x011d8cb3) x25 0x80018ce4
core   0: 0x800014f0 (0x02d7c4b3) div     s1, a5, a3
core   0: 3 0x800014f0 (0x02d7c4b3) x 9 0xffffffd1
core   0: 0x800014f4 (0x03f465b3) rem     a1, s0, t6
core   0: 3 0x800014f4 (0x03f465b3) x11 0x00000021
core   0: 0x800014f8 (0x031f21b3) mulhsu  gp, t5, a7
core   0: 3 0x800014f8 (0x031f21b3) x 3 0x00000000
core   0: 0x800014fc (0x550be913) ori     s2, s7, 1360
core   0: 3 0x800014fc (0x550be913) x18 0x00000550
core   0: 0x80001500 (0x40ff87b3) sub     a5, t6, a5
core   0: 3 0x80001500 (0x40ff87b3) x15 0x000005ef
core   0: 0x80001504 (0x03a27333) remu    t1, tp, s10
core   0: 3 0x80001504 (0x03a27333) x 6 0xb063e000
core   0: 0x80001508 (0x02419e33) mulh    t3, gp, tp
core   0: 3 0x80001508 (0x02419e33) x28 0x00000000
core   0: 0x8000150c (0x01c6d933) srl     s2, a3, t3
core   0: 3 0x8000150c (0x01c6d933) x18 0x00000021
core   0: 0x80001510 (0x4079d113) srai    sp, s3, 7
core   0: 3 0x80001510 (0x4079d113) x 2 0x00000000
core   0: 0x80001514 (0x010f0a33) add     s4, t5, a6
core   0: 3 0x80001514 (0x010f0a33) x20 0x5885bc5a
core   0: 0x80001518 (0x01009433) sll     s0, ra, a6
core   0: 3 0x80001518 (0x01009433) x 8 0x000000a0
core   0: 0x8000151c (0x9cb16313) ori     t1, sp, -1589
core   0: 3 0x8000151c (0x9cb16313) x 6 0xfffff9cb
core   0: 0x80001520 (0x41545b93) srai    s7, s0, 21
core   0: 3 0x80001520 (0x41545b93) x23 0x00000000
core   0: 0x80001524 (0x01509133) sll     sp, ra, s5
core   0: 3 0x80001524 (0x01509133) x 2 0x0000000a
core   0: 0x80001528 (0x36334017) auipc   zero, 0x36334
core   0: 3 0x80001528 (0x36334017)
core   0: 0x8000152c (0x41885113) srai    sp, a6, 24
core   0: 3 0x8000152c (0x41885113) x 2 0xffffff80
core   0: 0x80001530 (0x00264c33) xor     s8, a2, sp
core   0: 3 0x80001530 (0x00264c33) x24 0xffff8342
core   0: 0x80001534 (0x0015b033) sltu    zero, a1, ra
core   0: 3 0x80001534 (0x0015b033)
core   0: 0x80001538 (0x00e78733) add     a4, a5, a4
core   0: 3 0x80001538 (0x00e78733) x14 0x000005ef
core   0: 0x8000153c (0x000b5b93) srli    s7, s6, 0
core   0: 3 0x8000153c (0x000b5b93) x23 0x00000000
core   0: 0x80001540 (0x01fc8233) add     tp, s9, t6
core   0: 3 0x80001540 (0x01fc8233) x 4 0x80018cbb
core   0: 0x80001544 (0x41010b33) sub     s6, sp, a6
core   0: 3 0x80001544 (0x41010b33) x22 0x7ffeb11c
core   0: 0x80001548 (0xdcf04493) xori    s1, zero, -561
core   0: 3 0x80001548 (0xdcf04493) x 9 0xfffffdcf
core   0: 0x8000154c (0x03c184b3) mul     s1, gp, t3
core   0: 3 0x8000154c (0x03c184b3) x 9 0x00000000
core   0: 0x80001550 (0x02f8d7b3) divu    a5, a7, a5
core   0: 3 0x80001550 (0x02f8d7b3) x15 0x00000000
core   0: 0x80001554 (0x41b0d713) srai    a4, ra, 27
core   0: 3 0x80001554 (0x41b0d713) x14 0x00000000
core   0: 0x80001558 (0x00befc33) and     s8, t4, a1
core   0: 3 0x80001558 (0x00befc33) x24 0x00000020
core   0: 0x8000155c (0x003fbbb3) sltu    s7, t6, gp
core   0: 3 0x8000155c (0x003fbbb3) x23 0x00000000
core   0: 0x80001560 (0x01f8a4b3) slt     s1, a7, t6
core   0: 3 0x80001560 (0x01f8a4b3) x 9 0x00000000
core   0: 0x80001564 (0xe8c4cf93) xori    t6, s1, -372
core   0: 3 0x80001564 (0xe8c4cf93) x31 0xfffffe8c
core   0: 0x80001568 (0x01396d33) or      s10, s2, s3
core   0: 3 0x80001568 (0x01396d33) x26 0x0000002b
core   0: 0x8000156c (0x022bb8b3) mulhu   a7, s7, sp
core   0: 3 0x8000156c (0x022bb8b3) x17 0x00000000
core   0: 0x80001570 (0x017a5bb3) srl     s7, s4, s7
core   0: 3 0x80001570 (0x017a5bb3) x23 0x5885bc5a
core   0: 0x80001574 (0x015e5393) srli    t2, t3, 21
core   0: 3 0x80001574 (0x015e5393) x 7 0x00000000
core   0: 0x80001578 (0x03845133) divu    sp, s0, s8
core   0: 3 0x80001578 (0x03845133) x 2 0x00000005
core   0: 0x8000157c (0x5061e893) ori     a7, gp, 1286
core   0: 3 0x8000157c (0x5061e893) x17 0x00000506
core   0: 0x80001580 (0x01035533) srl     a0, t1, a6
core   0: 3 0x80001580 (0x01035533) x10 0x0fffff9c
core   0: 0x80001584 (0x1c37f313) andi    t1, a5, 451
core   0: 3 0x80001584 (0x1c37f313) x 6 0x00000000
core   0: 0x80001588 (0x4101d913) srai    s2, gp, 16
core   0: 3 0x80001588 (0x4101d913) x18 0x00000000
core   0: 0x8000158c (0x022fb5b3) mulhu   a1, t6, sp
core   0: 3 0x8000158c (0x022fb5b3) x11 0x00000004
core   0: 0x80001590 (0x022dca33) div     s4, s11, sp
core   0: 3 0x80001590 (0x022dca33) x20 0xe666b5c8
core   0: 0x80001594 (0x02b2ac33) mulhsu  s8, t0, a1
core   0: 3 0x80001594 (0x02b2ac33) x24 0xfffffffe
core   0: 0x80001598 (0x00000013) nop
core   0: 3 0x80001598 (0x00000013)
core   0: 0x8000159c (0x01fdbd33) sltu    s10, s11, t6
core   0: 3 0x8000159c (0x01fdbd33) x26 0x00000001
core   0: 0x800015a0 (0x400dda17) auipc   s4, 0x400dd
core   0: 3 0x800015a0 (0x400dda17) x20 0xc00de5a0
core   0: 0x800015a4 (0xbd10f593) andi    a1, ra, -1071
core   0: 3 0x800015a4 (0xbd10f593) x11 0x00000000
core   0: 0x800015a8 (0x401f0033) sub     zero, t5, ra
core   0: 3 0x800015a8 (0x401f0033)
core   0: 0x800015ac (0x00928333) add     t1, t0, s1
core   0: 3 0x800015ac (0x00928333) x 6 0xb063e000
core   0: 0x800015b0 (0x039f0a33) mul     s4, t5, s9
core   0: 3 0x800015b0 (0x039f0a33) x20 0xb00a7718
core   0: 0x800015b4 (0x40c3dbb3) sra     s7, t2, a2
core   0: 3 0x800015b4 (0x40c3dbb3) x23 0x00000000
core   0: 0x800015b8 (0x00b126b3) slt     a3, sp, a1
core   0: 3 0x800015b8 (0x00b126b3) x13 0x00000000
core   0: 0x800015bc (0xe1200893) li      a7, -494
core   0: 3 0x800015bc (0xe1200893) x17 0xfffffe12
core   0: 0x800015c0 (0xdbf27c13) andi    s8, tp, -577
core   0: 3 0x800015c0 (0xdbf27c13) x24 0x80018cbb
core   0: 0x800015c4 (0xbd009e97) auipc   t4, 0xbd009
core   0: 3 0x800015c4 (0xbd009e97) x29 0x3d00a5c4
core   0: 0x800015c8 (0x00d9a333) slt     t1, s3, a3
core   0: 3 0x800015c8 (0x00d9a333) x 6 0x00000000
core   0: 0x800015cc (0x026f5433) divu    s0, t5, t1
core   0: 3 0x800015cc (0x026f5433) x 8 0xffffffff
core   0: 0x800015d0 (0x02627333) remu    t1, tp, t1
core   0: 3 0x800015d0 (0x02627333) x 6 0x80018cbb
core   0: 0x800015d4 (0xc859ce93) xori    t4, s3, -891
core   0: 3 0x800015d4 (0xc859ce93) x29 0xfffffc8e
core   0: 0x800015d8 (0x021d6633) rem     a2, s10, ra
core   0: 3 0x800015d8 (0x021d6633) x12 0x00000001
core   0: 0x800015dc (0x01ac94b3) sll     s1, s9, s10
core   0: 3 0x800015dc (0x01ac94b3) x 9 0x000319c8
core   0: 0x800015e0 (0x002b35b3) sltu    a1, s6, sp
core   0: 3 0x800015e0 (0x002b35b3) x11 0x00000000
core   0: 0x800015e4 (0x0388d2b3) divu    t0, a7, s8
core   0: 3 0x800015e4 (0x0388d2b3) x 5 0x00000001
core   0: 0x800015e8 (0x01b4cbb3) xor     s7, s1, s11
core   0: 3 0x800015e8 (0x01b4cbb3) x23 0x8002952c
core   0: 0x800015ec (0x00000013) nop
core   0: 3 0x800015ec (0x00000013)
core   0: 0x800015f0 (0x025002b3) mul     t0, zero, t0
core   0: 3 0x800015f0 (0x025002b3) x 5 0x00000000
core   0: 0x800015f4 (0x19cbef93) ori     t6, s7, 412
core   0: 3 0x800015f4 (0x19cbef93) x31 0x800295bc
core   0: 0x800015f8 (0x01a7d733) srl     a4, a5, s10
core   0: 3 0x800015f8 (0x01a7d733) x14 0x00000000
core   0: 0x800015fc (0x41e60fb3) sub     t6, a2, t5
core   0: 3 0x800015fc (0x41e60fb3) x31 0x277b920b
core   0: 0x80001600 (0x40ded7b3) sra     a5, t4, a3
core   0: 3 0x80001600 (0x40ded7b3) x15 0xfffffc8e
core   0: 0x80001604 (0x01bd1e93) slli    t4, s10, 27
core   0: 3 0x80001604 (0x01bd1e93) x29 0x08000000
core   0: 0x80001608 (0x41d4d333) sra     t1, s1, t4
core   0: 3 0x80001608 (0x41d4d333) x 6 0x000319c8
core   0: 0x8000160c (0x75bb8593) addi    a1, s7, 1883
core   0: 3 0x8000160c (0x75bb8593) x11 0x80029c87
core   0: 0x80001610 (0x02397933) remu    s2, s2, gp
core   0: 3 0x80001610 (0x02397933) x18 0x00000000
core   0: 0x80001614 (0x01e0b333) sltu    t1, ra, t5
core   0: 3 0x80001614 (0x01e0b333) x 6 0x00000001
core   0: 0x80001618 (0x41430333) sub     t1, t1, s4
core   0: 3 0x80001618 (0x41430333) x 6 0x4ff588e9
core   0: 0x8000161c (0x1b76e293) ori     t0, a3, 439
core   0: 3 0x8000161c (0x1b76e293) x 5 0x000001b7
core   0: 0x80001620 (0x0149ff33) and     t5, s3, s4
core   0: 3 0x80001620 (0x0149ff33) x30 0x00000008
core   0: 0x80001624 (0x033bf3b3) remu    t2, s7, s3
core   0: 3 0x80001624 (0x033bf3b3) x 7 0x00000005
core   0: 0x80001628 (0x1062ab13) slti    s6, t0, 262
core   0: 3 0x80001628 (0x1062ab13) x22 0x00000000
core   0: 0x8000162c (0x02720a33) mul     s4, tp, t2
core   0: 3 0x8000162c (0x02720a33) x20 0x8007bfa7
core   0: 0x80001630 (0x00b52a33) slt     s4, a0, a1
core   0: 3 0x80001630 (0x00b52a33) x20 0x00000000
core   0: 0x80001634 (0x41745c93) srai    s9, s0, 23
core   0: 3 0x80001634 (0x41745c93) x25 0xffffffff
core   0: 0x80001638 (0x03825cb3) divu    s9, tp, s8
core   0: 3 0x80001638 (0x03825cb3) x25 0x00000001
core   0: 0x8000163c (0x00f7a4b3) slt     s1, a5, a5
core   0: 3 0x8000163c (0x00f7a4b3) x 9 0x00000000
core   0: 0x80001640 (0x9c764893) xori    a7, a2, -1593
core   0: 3 0x80001640 (0x9c764893) x17 0xfffff9c6
core   0: 0x80001644 (0x011464b3) or      s1, s0, a7
core   0: 3 0x80001644 (0x011464b3) x 9 0xffffffff
core   0: 0x80001648 (0xfd276513) ori     a0, a4, -46
core   0: 3 0x80001648 (0xfd276513) x10 0xffffffd2
core   0: 0x8000164c (0x607b5737) lui     a4, 0x607b5
core   0: 3 0x8000164c (0x607b5737) x14 0x607b5000
core   0: 0x80001650 (0x41555e13) srai    t3, a0, 21
core   0: 3 0x80001650 (0x41555e13) x28 0xffffffff
core   0: 0x80001654 (0x064bcb93) xori    s7, s7, 100
core   0: 3 0x80001654 (0x064bcb93) x23 0x80029548
core   0: 0x80001658 (0x024c2a33) mulhsu  s4, s8, tp
core   0: 3 0x80001658 (0x024c2a33) x20 0xc0000002
core   0: 0x8000165c (0x411d8ab3) sub     s5, s11, a7
core   0: 3 0x8000165c (0x411d8ab3) x21 0x8001931e
core   0: 0x80001660 (0x01882133) slt     sp, a6, s8
core   0: 3 0x80001660 (0x01882133) x 2 0x00000001
core   0: 0x80001664 (0x02bad3b3) divu    t2, s5, a1
core   0: 3 0x80001664 (0x02bad3b3) x 7 0x00000000
core   0: 0x80001668 (0x03dac7b3) div     a5, s5, t4
core   0: 3 0x80001668 (0x03dac7b3) x15 0xfffffff1
core   0: 0x8000166c (0x02542a33) mulhsu  s4, s0, t0
core   0: 3 0x8000166c (0x02542a33) x20 0xffffffff
core   0: 0x80001670 (0x0348f8b3) remu    a7, a7, s4
core   0: 3 0x80001670 (0x0348f8b3) x17 0xfffff9c6
core   0: 0x80001674 (0x00c26f33) or      t5, tp, a2
core   0: 3 0x80001674 (0x00c26f33) x30 0x80018cbb
core   0: 0x80001678 (0x40c30c33) sub     s8, t1, a2
core   0: 3 0x80001678 (0x40c30c33) x24 0x4ff588e8
core   0: 0x8000167c (0x7de48f13) addi    t5, s1, 2014
core   0: 3 0x8000167c (0x7de48f13) x30 0x000007dd
core   0: 0x80001680 (0x40a85eb3) sra     t4, a6, a0
core   0: 3 0x80001680 (0x40a85eb3) x29 0xffffe000
core   0: 0x80001684 (0x3c6a0413) addi    s0, s4, 966
core   0: 3 0x80001684 (0x3c6a0413) x 8 0x000003c5
core   0: 0x80001688 (0x32527213) andi    tp, tp, 805
core   0: 3 0x80001688 (0x32527213) x 4 0x00000021
core   0: 0x8000168c (0x03baf433) remu    s0, s5, s11
core   0: 3 0x8000168c (0x03baf433) x 8 0x0000063a
core   0: 0x80001690 (0x00d78cb3) add     s9, a5, a3
core   0: 3 0x80001690 (0x00d78cb3) x25 0xfffffff1
core   0: 0x80001694 (0xb9fe0013) addi    zero, t3, -1121
core   0: 3 0x80001694 (0xb9fe0013)
core   0: 0x80001698 (0x022fc0b3) div     ra, t6, sp
core   0: 3 0x80001698 (0x022fc0b3) x 1 0x277b920b
core   0: 0x8000169c (0x02a90933) mul     s2, s2, a0
core   0: 3 0x8000169c (0x02a90933) x18 0x00000000
core   0: 0x800016a0 (0x02bfde33) divu    t3, t6, a1
core   0: 3 0x800016a0 (0x02bfde33) x28 0x00000000
core   0: 0x800016a4 (0x037c0933) mul     s2, s8, s7
core   0: 3 0x800016a4 (0x037c0933) x18 0x778d8940
core   0: 0x800016a8 (0x006a9a33) sll     s4, s5, t1
core   0: 3 0x800016a8 (0x006a9a33) x20 0x03263c00
core   0: 0x800016ac (0x030b02b3) mul     t0, s6, a6
core   0: 3 0x800016ac (0x030b02b3) x 5 0x00000000
core   0: 0x800016b0 (0x0246e333) rem     t1, a3, tp
core   0: 3 0x800016b0 (0x0246e333) x 6 0x00000000
core   0: 0x800016b4 (0x02ec45b3) div     a1, s8, a4
core   0: 3 0x800016b4 (0x02ec45b3) x11 0x00000000
core   0: 0x800016b8 (0x01f1e3b3) or      t2, gp, t6
core   0: 3 0x800016b8 (0x01f1e3b3) x 7 0x277b920b
core   0: 0x800016bc (0x7005fa97) auipc   s5, 0x7005f
core   0: 3 0x800016bc (0x7005fa97) x21 0xf00606bc
core   0: 0x800016c0 (0x00000013) nop
core   0: 3 0x800016c0 (0x00000013)
core   0: 0x800016c4 (0x279eef93) ori     t6, t4, 633
core   0: 3 0x800016c4 (0x279eef93) x31 0xffffe279
core   0: 0x800016c8 (0x01731bb3) sll     s7, t1, s7
core   0: 3 0x800016c8 (0x01731bb3) x23 0x00000000
core   0: 0x800016cc (0x413c5c13) srai    s8, s8, 19
core   0: 3 0x800016cc (0x413c5c13) x24 0x000009fe
core   0: 0x800016d0 (0x012f1293) slli    t0, t5, 18
core   0: 3 0x800016d0 (0x012f1293) x 5 0x1f740000
core   0: 0x800016d4 (0x02f0a533) mulhsu  a0, ra, a5
core   0: 3 0x800016d4 (0x02f0a533) x10 0x277b9208
core   0: 0x800016d8 (0x1b247313) andi    t1, s0, 434
core   0: 3 0x800016d8 (0x1b247313) x 6 0x00000032
core   0: 0x800016dc (0x006b7cb3) and     s9, s6, t1
core   0: 3 0x800016dc (0x006b7cb3) x25 0x00000000
core   0: 0x800016e0 (0x006d5d33) srl     s10, s10, t1
core   0: 3 0x800016e0 (0x006d5d33) x26 0x00000000
core   0: 0x800016e4 (0x035b0033) mul     zero, s6, s5
core   0: 3 0x800016e4 (0x035b0033)
core   0: 0x800016e8 (0x7f5bc613) xori    a2, s7, 2037
core   0: 3 0x800016e8 (0x7f5bc613) x12 0x000007f5
core   0: 0x800016ec (0x023f7ab3) remu    s5, t5, gp
core   0: 3 0x800016ec (0x023f7ab3) x21 0x000007dd
core   0: 0x800016f0 (0x02d38033) mul     zero, t2, a3
core   0: 3 0x800016f0 (0x02d38033)
core   0: 0x800016f4 (0x419686b3) sub     a3, a3, s9
core   0: 3 0x800016f4 (0x419686b3) x13 0x00000000
core   0: 0x800016f8 (0x47f17393) andi    t2, sp, 1151
core   0: 3 0x800016f8 (0x47f17393) x 7 0x00000001
core   0: 0x800016fc (0x37032593) slti    a1, t1, 880
core   0: 3 0x800016fc (0x37032593) x11 0x00000001
core   0: 0x80001700 (0x00910133) add     sp, sp, s1
core   0: 3 0x80001700 (0x00910133) x 2 0x00000000
core   0: 0x80001704 (0x02f6a4b3) mulhsu  s1, a3, a5
core   0: 3 0x80001704 (0x02f6a4b3) x 9 0x00000000
core   0: 0x80001708 (0x03cc31b3) mulhu   gp, s8, t3
core   0: 3 0x80001708 (0x03cc31b3) x 3 0x00000000
core   0: 0x8000170c (0x038b7033) remu    zero, s6, s8
core   0: 3 0x8000170c (0x038b7033)
core   0: 0x80001710 (0xdfd53217) auipc   tp, 0xdfd53
core   0: 3 0x80001710 (0xdfd53217) x 4 0x5fd54710
core   0: 0x80001714 (0x9feaa7b7) lui     a5, 0x9feaa
core   0: 3 0x80001714 (0x9feaa7b7) x15 0x9feaa000
core   0: 0x80001718 (0x02e12033) mulhsu  zero, sp, a4
core   0: 3 0x80001718 (0x02e12033)
core   0: 0x8000171c (0x021bc3b3) div     t2, s7, ra
core   0: 3 0x8000171c (0x021bc3b3) x 7 0x00000000
core   0: 0x80001720 (0x0017bfb3) sltu    t6, a5, ra
core   0: 3 0x80001720 (0x0017bfb3) x31 0x00000000
core   0: 0x80001724 (0x41e08033) sub     zero, ra, t5
core   0: 3 0x80001724 (0x41e08033)
core   0: 0x80001728 (0x02be1533) mulh    a0, t3, a1
core   0: 3 0x80001728 (0x02be1533) x10 0x00000000
core   0: 0x8000172c (0x028347b3) div     a5, t1, s0
core   0: 3 0x8000172c (0x028347b3) x15 0x00000000
core   0: 0x80001730 (0x016be6b3) or      a3, s7, s6
core   0: 3 0x80001730 (0x016be6b3) x13 0x00000000
core   0: 0x80001734 (0x00000013) nop
core   0: 3 0x80001734 (0x00000013)
core   0: 0x80001738 (0x036e4a93) xori    s5, t3, 54
core   0: 3 0x80001738 (0x036e4a93) x21 0x00000036
core   0: 0x8000173c (0x0098df93) srli    t6, a7, 9
core   0: 3 0x8000173c (0x0098df93) x31 0x007ffffc
core   0: 0x80001740 (0x027921b3) mulhsu  gp, s2, t2
core   0: 3 0x80001740 (0x027921b3) x 3 0x00000000
core   0: 0x80001744 (0x1e9af593) andi    a1, s5, 489
core   0: 3 0x80001744 (0x1e9af593) x11 0x00000020
core   0: 0x80001748 (0xffa2a513) slti    a0, t0, -6
core   0: 3 0x80001748 (0xffa2a513) x10 0x00000000
core   0: 0x8000174c (0xebb0a693) slti    a3, ra, -325
core   0: 3 0x8000174c (0xebb0a693) x13 0x00000000
core   0: 0x80001750 (0x6aa0a3b7) lui     t2, 0x6aa0a
core   0: 3 0x80001750 (0x6aa0a3b7) x 7 0x6aa0a000
core   0: 0x80001754 (0xe7cd2613) slti    a2, s10, -388
core   0: 3 0x80001754 (0xe7cd2613) x12 0x00000000
core   0: 0x80001758 (0x03acb533) mulhu   a0, s9, s10
core   0: 3 0x80001758 (0x03acb533) x10 0x00000000
core   0: 0x8000175c (0xb5f0b893) sltiu   a7, ra, -1185
core   0: 3 0x8000175c (0xb5f0b893) x17 0x00000001
core   0: 0x80001760 (0x01de5593) srli    a1, t3, 29
core   0: 3 0x80001760 (0x01de5593) x11 0x00000000
core   0: 0x80001764 (0x033e9233) mulh    tp, t4, s3
core   0: 3 0x80001764 (0x033e9233) x 4 0xffffffff
core   0: 0x80001768 (0x0025a3b3) slt     t2, a1, sp
core   0: 3 0x80001768 (0x0025a3b3) x 7 0x00000000
core   0: 0x8000176c (0x40d8dd13) srai    s10, a7, 13
core   0: 3 0x8000176c (0x40d8dd13) x26 0x00000000
core   0: 0x80001770 (0x035c5d33) divu    s10, s8, s5
core   0: 3 0x80001770 (0x035c5d33) x26 0x0000002f
core   0: 0x80001774 (0x401d0733) sub     a4, s10, ra
core   0: 3 0x80001774 (0x401d0733) x14 0xd8846e24
core   0: 0x80001778 (0x791cdc97) auipc   s9, 0x791cd
core   0: 3 0x80001778 (0x791cdc97) x25 0xf91ce778
core   0: 0x8000177c (0x00242bb3) slt     s7, s0, sp
core   0: 3 0x8000177c (0x00242bb3) x23 0x00000000
core   0: 0x80001780 (0xf8650e93) addi    t4, a0, -122
core   0: 3 0x80001780 (0xf8650e93) x29 0xffffff86
core   0: 0x80001784 (0x35047e13) andi    t3, s0, 848
core   0: 3 0x80001784 (0x35047e13) x28 0x00000210
core   0: 0x80001788 (0xa98b7c93) andi    s9, s6, -1384
core   0: 3 0x80001788 (0xa98b7c93) x25 0x00000000
core   0: 0x8000178c (0x4003d213) srai    tp, t2, 0
core   0: 3 0x8000178c (0x4003d213) x 4 0x00000000
core   0: 0x80001790 (0x00baaeb3) slt     t4, s5, a1
core   0: 3 0x80001790 (0x00baaeb3) x29 0x00000000
core   0: 0x80001794 (0x01779cb3) sll     s9, a5, s7
core   0: 3 0x80001794 (0x01779cb3) x25 0x00000000
core   0: 0x80001798 (0x02ca8533) mul     a0, s5, a2
core   0: 3 0x80001798 (0x02ca8533) x10 0x00000000
core   0: 0x8000179c (0x0257ecb3) rem     s9, a5, t0
core   0: 3 0x8000179c (0x0257ecb3) x25 0x00000000
core   0: 0x800017a0 (0xa8f8f293) andi    t0, a7, -1393
core   0: 3 0x800017a0 (0xa8f8f293) x 5 0x00000001
core   0: 0x800017a4 (0x023eabb3) mulhsu  s7, t4, gp
core   0: 3 0x800017a4 (0x023eabb3) x23 0x00000000
core   0: 0x800017a8 (0x02338a33) mul     s4, t2, gp
core   0: 3 0x800017a8 (0x02338a33) x20 0x00000000
core   0: 0x800017ac (0x408f0033) sub     zero, t5, s0
core   0: 3 0x800017ac (0x408f0033)
core   0: 0x800017b0 (0x39400613) li      a2, 916
core   0: 3 0x800017b0 (0x39400613) x12 0x00000394
core   0: 0x800017b4 (0x55b94717) auipc   a4, 0x55b94
core   0: 3 0x800017b4 (0x55b94717) x14 0xd5b957b4
core   0: 0x800017b8 (0x0253a633) mulhsu  a2, t2, t0
core   0: 3 0x800017b8 (0x0253a633) x12 0x00000000
core   0: 0x800017bc (0x587e4f13) xori    t5, t3, 1415
core   0: 3 0x800017bc (0x587e4f13) x30 0x00000797
core   0: 0x800017c0 (0x0108d733) srl     a4, a7, a6
core   0: 3 0x800017c0 (0x0108d733) x14 0x00000000
core   0: 0x800017c4 (0x0134e233) or      tp, s1, s3
core   0: 3 0x800017c4 (0x0134e233) x 4 0x0000000b
core   0: 0x800017c8 (0x00000013) nop
core   0: 3 0x800017c8 (0x00000013)
core   0: 0x800017cc (0x00b59793) slli    a5, a1, 11
core   0: 3 0x800017cc (0x00b59793) x15 0x00000000
core   0: 0x800017d0 (0x4eeec917) auipc   s2, 0x4eeec
core   0: 3 0x800017d0 (0x4eeec917) x18 0xceeed7d0
core   0: 0x800017d4 (0x002f1d33) sll     s10, t5, sp
core   0: 3 0x800017d4 (0x002f1d33) x26 0x00000797
core   0: 0x800017d8 (0x007a41b3) xor     gp, s4, t2
core   0: 3 0x800017d8 (0x007a41b3) x 3 0x00000000
core   0: 0x800017dc (0x4d102493) slti    s1, zero, 1233
core   0: 3 0x800017dc (0x4d102493) x 9 0x00000001
core   0: 0x800017e0 (0xfade3a93) sltiu   s5, t3, -83
core   0: 3 0x800017e0 (0xfade3a93) x21 0x00000001
core   0: 0x800017e4 (0x007ec1b3) xor     gp, t4, t2
core   0: 3 0x800017e4 (0x007ec1b3) x 3 0x00000000
core   0: 0x800017e8 (0x00cb9a33) sll     s4, s7, a2
core   0: 3 0x800017e8 (0x00cb9a33) x20 0x00000000
core   0: 0x800017ec (0xec3370b7) lui     ra, 0xec337
core   0: 3 0x800017ec (0xec3370b7) x 1 0xec337000
core   0: 0x800017f0 (0x40815033) sra     zero, sp, s0
core   0: 3 0x800017f0 (0x40815033)
core   0: 0x800017f4 (0xb6256893) ori     a7, a0, -1182
core   0: 3 0x800017f4 (0xb6256893) x17 0xfffffb62
core   0: 0x800017f8 (0x01815133) srl     sp, sp, s8
core   0: 3 0x800017f8 (0x01815133) x 2 0x00000000
core   0: 0x800017fc (0x015277b3) and     a5, tp, s5
core   0: 3 0x800017fc (0x015277b3) x15 0x00000001
core   0: 0x80001800 (0xc7e573b7) lui     t2, 0xc7e57
core   0: 3 0x80001800 (0xc7e573b7) x 7 0xc7e57000
core   0: 0x80001804 (0x00000013) nop
core   0: 3 0x80001804 (0x00000013)
core   0: 0x80001808 (0x00b487b3) add     a5, s1, a1
core   0: 3 0x80001808 (0x00b487b3) x15 0x00000001
core   0: 0x8000180c (0x034a2033) mulhsu  zero, s4, s4
core   0: 3 0x8000180c (0x034a2033)
core   0: 0x80001810 (0x03753cb3) mulhu   s9, a0, s7
core   0: 3 0x80001810 (0x03753cb3) x25 0x00000000
core   0: 0x80001814 (0x028be2b3) rem     t0, s7, s0
core   0: 3 0x80001814 (0x028be2b3) x 5 0x00000000
core   0: 0x80001818 (0x039153b3) divu    t2, sp, s9
core   0: 3 0x80001818 (0x039153b3) x 7 0xffffffff
core   0: 0x8000181c (0xfeb2ec17) auipc   s8, 0xfeb2e
core   0: 3 0x8000181c (0xfeb2ec17) x24 0x7eb2f81c
core   0: 0x80001820 (0x03d284b3) mul     s1, t0, t4
core   0: 3 0x80001820 (0x03d284b3) x 9 0x00000000
core   0: 0x80001824 (0x02520633) mul     a2, tp, t0
core   0: 3 0x80001824 (0x02520633) x12 0x00000000
core   0: 0x80001828 (0x03226cb3) rem     s9, tp, s2
core   0: 3 0x80001828 (0x03226cb3) x25 0x0000000b
core   0: 0x8000182c (0x24446a93) ori     s5, s0, 580
core   0: 3 0x8000182c (0x24446a93) x21 0x0000067e
core   0: 0x80001830 (0x4cd43f93) sltiu   t6, s0, 1229
core   0: 3 0x80001830 (0x4cd43f93) x31 0x00000000
core   0: 0x80001834 (0x007f65b3) or      a1, t5, t2
core   0: 3 0x80001834 (0x007f65b3) x11 0xffffffff
core   0: 0x80001838 (0x001fa133) slt     sp, t6, ra
core   0: 3 0x80001838 (0x001fa133) x 2 0x00000000
core   0: 0x8000183c (0x0011da93) srli    s5, gp, 1
core   0: 3 0x8000183c (0x0011da93) x21 0x00000000
core   0: 0x80001840 (0x41d65113) srai    sp, a2, 29
core   0: 3 0x80001840 (0x41d65113) x 2 0x00000000
core   0: 0x80001844 (0x40295e13) srai    t3, s2, 2
core   0: 3 0x80001844 (0x40295e13) x28 0xf3bbb5f4
core   0: 0x80001848 (0x02a3b6b3) mulhu   a3, t2, a0
core   0: 3 0x80001848 (0x02a3b6b3) x13 0x00000000
core   0: 0x8000184c (0x01becf33) xor     t5, t4, s11
core   0: 3 0x8000184c (0x01becf33) x30 0x80018ce4
core   0: 0x80001850 (0x03da1233) mulh    tp, s4, t4
core   0: 3 0x80001850 (0x03da1233) x 4 0x00000000
core   0: 0x80001854 (0x0d8cb893) sltiu   a7, s9, 216
core   0: 3 0x80001854 (0x0d8cb893) x17 0x00000001
core   0: 0x80001858 (0x021b92b3) mulh    t0, s7, ra
core   0: 3 0x80001858 (0x021b92b3) x 5 0x00000000
core   0: 0x8000185c (0x40a65593) srai    a1, a2, 10
core   0: 3 0x8000185c (0x40a65593) x11 0x00000000
core   0: 0x80001860 (0x00a99133) sll     sp, s3, a0
core   0: 3 0x80001860 (0x00a99133) x 2 0x0000000b
core   0: 0x80001864 (0x01fd5733) srl     a4, s10, t6
core   0: 3 0x80001864 (0x01fd5733) x14 0x00000797
core   0: 0x80001868 (0x018010b3) sll     ra, zero, s8
core   0: 3 0x80001868 (0x018010b3) x 1 0x00000000
core   0: 0x8000186c (0x0027cbb3) xor     s7, a5, sp
core   0: 3 0x8000186c (0x0027cbb3) x23 0x0000000a
core   0: 0x80001870 (0x02f3a333) mulhsu  t1, t2, a5
core   0: 3 0x80001870 (0x02f3a333) x 6 0xffffffff
core   0: 0x80001874 (0x01ec08b3) add     a7, s8, t5
core   0: 3 0x80001874 (0x01ec08b3) x17 0xfeb48500
core   0: 0x80001878 (0x01ecd013) srli    zero, s9, 30
core   0: 3 0x80001878 (0x01ecd013)
core   0: 0x8000187c (0x0338b233) mulhu   tp, a7, s3
core   0: 3 0x8000187c (0x0338b233) x 4 0x0000000a
core   0: 0x80001880 (0x55fff793) andi    a5, t6, 1375
core   0: 3 0x80001880 (0x55fff793) x15 0x00000000
core   0: 0x80001884 (0x01346b33) or      s6, s0, s3
core   0: 3 0x80001884 (0x01346b33) x22 0x0000063b
core   0: 0x80001888 (0x15767893) andi    a7, a2, 343
core   0: 3 0x80001888 (0x15767893) x17 0x00000000
core   0: 0x8000188c (0x9c880313) addi    t1, a6, -1592
core   0: 3 0x8000188c (0x9c880313) x 6 0x8001482c
core   0: 0x80001890 (0x8fdab493) sltiu   s1, s5, -1795
core   0: 3 0x80001890 (0x8fdab493) x 9 0x00000001
core   0: 0x80001894 (0xf1dabc13) sltiu   s8, s5, -227
core   0: 3 0x80001894 (0xf1dabc13) x24 0x00000001
core   0: 0x80001898 (0x01463d33) sltu    s10, a2, s4
core   0: 3 0x80001898 (0x01463d33) x26 0x00000000
core   0: 0x8000189c (0x01f95e13) srli    t3, s2, 31
core   0: 3 0x8000189c (0x01f95e13) x28 0x00000001
core   0: 0x800018a0 (0x03b6d633) divu    a2, a3, s11
core   0: 3 0x800018a0 (0x03b6d633) x12 0x00000000
core   0: 0x800018a4 (0x031db633) mulhu   a2, s11, a7
core   0: 3 0x800018a4 (0x031db633) x12 0x00000000
core   0: 0x800018a8 (0xff23ff93) andi    t6, t2, -14
core   0: 3 0x800018a8 (0xff23ff93) x31 0xfffffff2
core   0: 0x800018ac (0xc541f013) andi    zero, gp, -940
core   0: 3 0x800018ac (0xc541f013)
core   0: 0x800018b0 (0x86cf2293) slti    t0, t5, -1940
core   0: 3 0x800018b0 (0x86cf2293) x 5 0x00000001
core   0: 0x800018b4 (0x02596f33) rem     t5, s2, t0
core   0: 3 0x800018b4 (0x02596f33) x30 0x00000000
core   0: 0x800018b8 (0x019f1d33) sll     s10, t5, s9
core   0: 3 0x800018b8 (0x019f1d33) x26 0x00000000
core   0: 0x800018bc (0x038b6cb3) rem     s9, s6, s8
core   0: 3 0x800018bc (0x038b6cb3) x25 0x00000000
core   0: 0x800018c0 (0x417884b3) sub     s1, a7, s7
core   0: 3 0x800018c0 (0x417884b3) x 9 0xfffffff6
core   0: 0x800018c4 (0x017dfcb3) and     s9, s11, s7
core   0: 3 0x800018c4 (0x017dfcb3) x25 0x00000000
core   0: 0x800018c8 (0xa19a2013) slti    zero, s4, -1511
core   0: 3 0x800018c8 (0xa19a2013)
core   0: 0x800018cc (0x01b75733) srl     a4, a4, s11
core   0: 3 0x800018cc (0x01b75733) x14 0x00000079
core   0: 0x800018d0 (0x00266b33) or      s6, a2, sp
core   0: 3 0x800018d0 (0x00266b33) x22 0x0000000b
core   0: 0x800018d4 (0x002081b3) add     gp, ra, sp
core   0: 3 0x800018d4 (0x002081b3) x 3 0x0000000b
core   0: 0x800018d8 (0x41d0dbb3) sra     s7, ra, t4
core   0: 3 0x800018d8 (0x41d0dbb3) x23 0x00000000
core   0: 0x800018dc (0x1ff82413) slti    s0, a6, 511
core   0: 3 0x800018dc (0x1ff82413) x 8 0x00000001
core   0: 0x800018e0 (0x00e1b3b3) sltu    t2, gp, a4
core   0: 3 0x800018e0 (0x00e1b3b3) x 7 0x00000001
core   0: 0x800018e4 (0x33a73793) sltiu   a5, a4, 826
core   0: 3 0x800018e4 (0x33a73793) x15 0x00000001
core   0: 0x800018e8 (0x01f4ad33) slt     s10, s1, t6
core   0: 3 0x800018e8 (0x01f4ad33) x26 0x00000000
core   0: 0x800018ec (0x87e92f93) slti    t6, s2, -1922
core   0: 3 0x800018ec (0x87e92f93) x31 0x00000001
core   0: 0x800018f0 (0x012d9c13) slli    s8, s11, 18
core   0: 3 0x800018f0 (0x012d9c13) x24 0x33900000
core   0: 0x800018f4 (0xd942a013) slti    zero, t0, -620
core   0: 3 0x800018f4 (0xd942a013)
core   0: 0x800018f8 (0x002fa333) slt     t1, t6, sp
core   0: 3 0x800018f8 (0x002fa333) x 6 0x00000001
core   0: 0x800018fc (0x028717b3) mulh    a5, a4, s0
core   0: 3 0x800018fc (0x028717b3) x15 0x00000000
core   0: 0x80001900 (0x01aa1f13) slli    t5, s4, 26
core   0: 3 0x80001900 (0x01aa1f13) x30 0x00000000
core   0: 0x80001904 (0x34827093) andi    ra, tp, 840
core   0: 3 0x80001904 (0x34827093) x 1 0x00000008
core   0: 0x80001908 (0x40e557b3) sra     a5, a0, a4
core   0: 3 0x80001908 (0x40e557b3) x15 0x00000000
core   0: 0x8000190c (0x1375cc93) xori    s9, a1, 311
core   0: 3 0x8000190c (0x1375cc93) x25 0x00000137
core   0: 0x80001910 (0x09e6fd13) andi    s10, a3, 158
core   0: 3 0x80001910 (0x09e6fd13) x26 0x00000000
core   0: 0x80001914 (0x032b3433) mulhu   s0, s6, s2
core   0: 3 0x80001914 (0x032b3433) x 8 0x00000008
core   0: 0x80001918 (0x02fbbe33) mulhu   t3, s7, a5
core   0: 3 0x80001918 (0x02fbbe33) x28 0x00000000
core   0: 0x8000191c (0x1d1aef13) ori     t5, s5, 465
core   0: 3 0x8000191c (0x1d1aef13) x30 0x000001d1
core   0: 0x80001920 (0x01a46eb3) or      t4, s0, s10
core   0: 3 0x80001920 (0x01a46eb3) x29 0x00000008
core   0: 0x80001924 (0xbaa8eb93) ori     s7, a7, -1110
core   0: 3 0x80001924 (0xbaa8eb93) x23 0xfffffbaa
core   0: 0x80001928 (0x217fc793) xori    a5, t6, 535
core   0: 3 0x80001928 (0x217fc793) x15 0x00000216
core   0: 0x8000192c (0x0185a6b3) slt     a3, a1, s8
core   0: 3 0x8000192c (0x0185a6b3) x13 0x00000001
core   0: 0x80001930 (0x02f74fb3) div     t6, a4, a5
core   0: 3 0x80001930 (0x02f74fb3) x31 0x00000000
core   0: 0x80001934 (0x40b85b13) srai    s6, a6, 11
core   0: 3 0x80001934 (0x40b85b13) x22 0xfff00029
core   0: 0x80001938 (0x034d9633) mulh    a2, s11, s4
core   0: 3 0x80001938 (0x034d9633) x12 0x00000000
core   0: 0x8000193c (0x02ab8cb3) mul     s9, s7, a0
core   0: 3 0x8000193c (0x02ab8cb3) x25 0x00000000
core   0: 0x80001940 (0x036dfbb3) remu    s7, s11, s6
core   0: 3 0x80001940 (0x036dfbb3) x23 0x80018ce4
core   0: 0x80001944 (0x0372d133) divu    sp, t0, s7
core   0: 3 0x80001944 (0x0372d133) x 2 0x00000000
core   0: 0x80001948 (0x0254f333) remu    t1, s1, t0
core   0: 3 0x80001948 (0x0254f333) x 6 0x00000000
core   0: 0x8000194c (0x00c09f93) slli    t6, ra, 12
core   0: 3 0x8000194c (0x00c09f93) x31 0x00008000
core   0: 0x80001950 (0x4042d893) srai    a7, t0, 4
core   0: 3 0x80001950 (0x4042d893) x17 0x00000000
core   0: 0x80001954 (0x011ce033) or      zero, s9, a7
core   0: 3 0x80001954 (0x011ce033)
core   0: 0x80001958 (0x03184033) div     zero, a6, a7
core   0: 3 0x80001958 (0x03184033)
core   0: 0x8000195c (0x0108cfb3) xor     t6, a7, a6
core   0: 3 0x8000195c (0x0108cfb3) x31 0x80014e64
core   0: 0x80001960 (0x00964ab3) xor     s5, a2, s1
core   0: 3 0x80001960 (0x00964ab3) x21 0xfffffff6
core   0: 0x80001964 (0x398c66b7) lui     a3, 0x398c6
core   0: 3 0x80001964 (0x398c66b7) x13 0x398c6000
core   0: 0x80001968 (0x002bc033) xor     zero, s7, sp
core   0: 3 0x80001968 (0x002bc033)
core   0: 0x8000196c (0x01136d33) or      s10, t1, a7
core   0: 3 0x8000196c (0x01136d33) x26 0x00000000
core   0: 0x80001970 (0x02754bb3) div     s7, a0, t2
core   0: 3 0x80001970 (0x02754bb3) x23 0x00000000
core   0: 0x80001974 (0x01001fb3) sll     t6, zero, a6
core   0: 3 0x80001974 (0x01001fb3) x31 0x00000000
core   0: 0x80001978 (0x4159dbb3) sra     s7, s3, s5
core   0: 3 0x80001978 (0x4159dbb3) x23 0x00000000
core   0: 0x8000197c (0x6fc6ca93) xori    s5, a3, 1788
core   0: 3 0x8000197c (0x6fc6ca93) x21 0x398c66fc
core   0: 0x80001980 (0x036bf0b3) remu    ra, s7, s6
core   0: 3 0x80001980 (0x036bf0b3) x 1 0x00000000
core   0: 0x80001984 (0x00bca1b3) slt     gp, s9, a1
core   0: 3 0x80001984 (0x00bca1b3) x 3 0x00000000
core   0: 0x80001988 (0x01830133) add     sp, t1, s8
core   0: 3 0x80001988 (0x01830133) x 2 0x33900000
core   0: 0x8000198c (0x021ee233) rem     tp, t4, ra
core   0: 3 0x8000198c (0x021ee233) x 4 0x00000008
core   0: 0x80001990 (0x02d78e33) mul     t3, a5, a3
core   0: 3 0x80001990 (0x02d78e33) x28 0x0ad04000
core   0: 0x80001994 (0x029c0bb3) mul     s7, s8, s1
core   0: 3 0x80001994 (0x029c0bb3) x23 0xfc600000
core   0: 0x80001998 (0x0064af33) slt     t5, s1, t1
core   0: 3 0x80001998 (0x0064af33) x30 0x00000001
core   0: 0x8000199c (0x002126b3) slt     a3, sp, sp
core   0: 3 0x8000199c (0x002126b3) x13 0x00000000
core   0: 0x800019a0 (0x039defb3) rem     t6, s11, s9
core   0: 3 0x800019a0 (0x039defb3) x31 0x80018ce4
core   0: 0x800019a4 (0xe45d7493) andi    s1, s10, -443
core   0: 3 0x800019a4 (0xe45d7493) x 9 0x00000000
core   0: 0x800019a8 (0x01ae0ab3) add     s5, t3, s10
core   0: 3 0x800019a8 (0x01ae0ab3) x21 0x0ad04000
core   0: 0x800019ac (0x01ce1513) slli    a0, t3, 28
core   0: 3 0x800019ac (0x01ce1513) x10 0x00000000
core   0: 0x800019b0 (0x03593433) mulhu   s0, s2, s5
core   0: 3 0x800019b0 (0x03593433) x 8 0x08bdaa39
core   0: 0x800019b4 (0x829d4413) xori    s0, s10, -2007
core   0: 3 0x800019b4 (0x829d4413) x 8 0xfffff829
core   0: 0x800019b8 (0x02127733) remu    a4, tp, ra
core   0: 3 0x800019b8 (0x02127733) x14 0x00000008
core   0: 0x800019bc (0xe744b393) sltiu   t2, s1, -396
core   0: 3 0x800019bc (0xe744b393) x 7 0x00000001
core   0: 0x800019c0 (0x00ba1413) slli    s0, s4, 11
core   0: 3 0x800019c0 (0x00ba1413) x 8 0x00000000
core   0: 0x800019c4 (0x0151a933) slt     s2, gp, s5
core   0: 3 0x800019c4 (0x0151a933) x18 0x00000001
core   0: 0x800019c8 (0x02a552b3) divu    t0, a0, a0
core   0: 3 0x800019c8 (0x02a552b3) x 5 0xffffffff
core   0: 0x800019cc (0x004f2f33) slt     t5, t5, tp
core   0: 3 0x800019cc (0x004f2f33) x30 0x00000001
core   0: 0x800019d0 (0x4ca27193) andi    gp, tp, 1226
core   0: 3 0x800019d0 (0x4ca27193) x 3 0x00000008
core   0: 0x800019d4 (0x03b68eb3) mul     t4, a3, s11
core   0: 3 0x800019d4 (0x03b68eb3) x29 0x00000000
core   0: 0x800019d8 (0x00411193) slli    gp, sp, 4
core   0: 3 0x800019d8 (0x00411193) x 3 0x39000000
core   0: 0x800019dc (0x57307517) auipc   a0, 0x57307
core   0: 3 0x800019dc (0x57307517) x10 0xd73089dc
core   0: 0x800019e0 (0x019e64b3) or      s1, t3, s9
core   0: 3 0x800019e0 (0x019e64b3) x 9 0x0ad04000
core   0: 0x800019e4 (0x00ea4cb3) xor     s9, s4, a4
core   0: 3 0x800019e4 (0x00ea4cb3) x25 0x00000008
core   0: 0x800019e8 (0x00626933) or      s2, tp, t1
core   0: 3 0x800019e8 (0x00626933) x18 0x00000008
core   0: 0x800019ec (0x056ecf97) auipc   t6, 0x56ec
core   0: 3 0x800019ec (0x056ecf97) x31 0x856ed9ec
core   0: 0x800019f0 (0x00d9da13) srli    s4, s3, 13
core   0: 3 0x800019f0 (0x00d9da13) x20 0x00000000
core   0: 0x800019f4 (0x02965333) divu    t1, a2, s1
core   0: 3 0x800019f4 (0x02965333) x 6 0x00000000
core   0: 0x800019f8 (0x03c731b3) mulhu   gp, a4, t3
core   0: 3 0x800019f8 (0x03c731b3) x 3 0x00000000
core   0: 0x800019fc (0xb48af113) andi    sp, s5, -1208
core   0: 3 0x800019fc (0xb48af113) x 2 0x0ad04000
core   0: 0x80001a00 (0x5ba17c93) andi    s9, sp, 1466
core   0: 3 0x80001a00 (0x5ba17c93) x25 0x00000000
core   0: 0x80001a04 (0x00000013) nop
core   0: 3 0x80001a04 (0x00000013)
core   0: 0x80001a08 (0x03ef2bb3) mulhsu  s7, t5, t5
core   0: 3 0x80001a08 (0x03ef2bb3) x23 0x00000000
core   0: 0x80001a0c (0x476f3b93) sltiu   s7, t5, 1142
core   0: 3 0x80001a0c (0x476f3b93) x23 0x00000001
core   0: 0x80001a10 (0x01fe1f93) slli    t6, t3, 31
core   0: 3 0x80001a10 (0x01fe1f93) x31 0x00000000
core   0: 0x80001a14 (0x016b1a93) slli    s5, s6, 22
core   0: 3 0x80001a14 (0x016b1a93) x21 0x0a400000
core   0: 0x80001a18 (0x6c13ae13) slti    t3, t2, 1729
core   0: 3 0x80001a18 (0x6c13ae13) x28 0x00000001
core   0: 0x80001a1c (0x03473333) mulhu   t1, a4, s4
core   0: 3 0x80001a1c (0x03473333) x 6 0x00000000
core   0: 0x80001a20 (0x0355cc33) div     s8, a1, s5
core   0: 3 0x80001a20 (0x0355cc33) x24 0x00000000
core   0: 0x80001a24 (0xdf00bc13) sltiu   s8, ra, -528
core   0: 3 0x80001a24 (0xdf00bc13) x24 0x00000001
core   0: 0x80001a28 (0xcc4f4313) xori    t1, t5, -828
core   0: 3 0x80001a28 (0xcc4f4313) x 6 0xfffffcc5
core   0: 0x80001a2c (0x01af9793) slli    a5, t6, 26
core   0: 3 0x80001a2c (0x01af9793) x15 0x00000000
core   0: 0x80001a30 (0xbcb76013) ori     zero, a4, -1077
core   0: 3 0x80001a30 (0xbcb76013)
core   0: 0x80001a34 (0x0264feb3) remu    t4, s1, t1
core   0: 3 0x80001a34 (0x0264feb3) x29 0x0ad04000
core   0: 0x80001a38 (0x4243bc13) sltiu   s8, t2, 1060
core   0: 3 0x80001a38 (0x4243bc13) x24 0x00000001
core   0: 0x80001a3c (0xffd28b93) addi    s7, t0, -3
core   0: 3 0x80001a3c (0xffd28b93) x23 0xfffffffc
core   0: 0x80001a40 (0x006f5893) srli    a7, t5, 6
core   0: 3 0x80001a40 (0x006f5893) x17 0x00000000
core   0: 0x80001a44 (0xb12a7893) andi    a7, s4, -1262
core   0: 3 0x80001a44 (0xb12a7893) x17 0x00000000
core   0: 0x80001a48 (0x00835a13) srli    s4, t1, 8
core   0: 3 0x80001a48 (0x00835a13) x20 0x00fffffc
core   0: 0x80001a4c (0x03909033) mulh    zero, ra, s9
core   0: 3 0x80001a4c (0x03909033)
core   0: 0x80001a50 (0x40f65213) srai    tp, a2, 15
core   0: 3 0x80001a50 (0x40f65213) x 4 0x00000000
core   0: 0x80001a54 (0x03179233) mulh    tp, a5, a7
core   0: 3 0x80001a54 (0x03179233) x 4 0x00000000
core   0: 0x80001a58 (0x2b77ab93) slti    s7, a5, 695
core   0: 3 0x80001a58 (0x2b77ab93) x23 0x00000001
core   0: 0x80001a5c (0x009978b3) and     a7, s2, s1
core   0: 3 0x80001a5c (0x009978b3) x17 0x00000000
core   0: 0x80001a60 (0x00000013) nop
core   0: 3 0x80001a60 (0x00000013)
core   0: 0x80001a64 (0x01e99693) slli    a3, s3, 30
core   0: 3 0x80001a64 (0x01e99693) x13 0xc0000000
core   0: 0x80001a68 (0x02bd1d33) mulh    s10, s10, a1
core   0: 3 0x80001a68 (0x02bd1d33) x26 0x00000000
core   0: 0x80001a6c (0x00e112b3) sll     t0, sp, a4
core   0: 3 0x80001a6c (0x00e112b3) x 5 0xd0400000
core   0: 0x80001a70 (0x01764633) xor     a2, a2, s7
core   0: 3 0x80001a70 (0x01764633) x12 0x00000001
core   0: 0x80001a74 (0x01dbf933) and     s2, s7, t4
core   0: 3 0x80001a74 (0x01dbf933) x18 0x00000000
core   0: 0x80001a78 (0x018da6b3) slt     a3, s11, s8
core   0: 3 0x80001a78 (0x018da6b3) x13 0x00000001
core   0: 0x80001a7c (0x0108c033) xor     zero, a7, a6
core   0: 3 0x80001a7c (0x0108c033)
core   0: 0x80001a80 (0x3736ad13) slti    s10, a3, 883
core   0: 3 0x80001a80 (0x3736ad13) x26 0x00000001
core   0: 0x80001a84 (0x170f8693) addi    a3, t6, 368
core   0: 3 0x80001a84 (0x170f8693) x13 0x00000170
core   0: 0x80001a88 (0x0358ee33) rem     t3, a7, s5
core   0: 3 0x80001a88 (0x0358ee33) x28 0x00000000
core   0: 0x80001a8c (0x00fa1f33) sll     t5, s4, a5
core   0: 3 0x80001a8c (0x00fa1f33) x30 0x00fffffc
core   0: 0x80001a90 (0x029a0fb3) mul     t6, s4, s1
core   0: 3 0x80001a90 (0x029a0fb3) x31 0xd4bf0000
core   0: 0x80001a94 (0x009e17b3) sll     a5, t3, s1
core   0: 3 0x80001a94 (0x009e17b3) x15 0x00000000
core   0: 0x80001a98 (0x00e14a33) xor     s4, sp, a4
core   0: 3 0x80001a98 (0x00e14a33) x20 0x0ad04008
core   0: 0x80001a9c (0x21f6c217) auipc   tp, 0x21f6c
core   0: 3 0x80001a9c (0x21f6c217) x 4 0xa1f6da9c
core   0: 0x80001aa0 (0x0084d533) srl     a0, s1, s0
core   0: 3 0x80001aa0 (0x0084d533) x10 0x0ad04000
core   0: 0x80001aa4 (0x6783a597) auipc   a1, 0x6783a
core   0: 3 0x80001aa4 (0x6783a597) x11 0xe783baa4
core   0: 0x80001aa8 (0x008c1493) slli    s1, s8, 8
core   0: 3 0x80001aa8 (0x008c1493) x 9 0x00000100
core   0: 0x80001aac (0x49708013) addi    zero, ra, 1175
core   0: 3 0x80001aac (0x49708013)
core   0: 0x80001ab0 (0x01f6d8b3) srl     a7, a3, t6
core   0: 3 0x80001ab0 (0x01f6d8b3) x17 0x00000170
core   0: 0x80001ab4 (0xaa5d3397) auipc   t2, 0xaa5d3
core   0: 3 0x80001ab4 (0xaa5d3397) x 7 0x2a5d4ab4
core   0: 0x80001ab8 (0x8d0ff913) andi    s2, t6, -1840
core   0: 3 0x80001ab8 (0x8d0ff913) x18 0xd4bf0000
core   0: 0x80001abc (0x00fe10b3) sll     ra, t3, a5
core   0: 3 0x80001abc (0x00fe10b3) x 1 0x00000000
core   0: 0x80001ac0 (0xcf312413) slti    s0, sp, -781
core   0: 3 0x80001ac0 (0xcf312413) x 8 0x00000000
core   0: 0x80001ac4 (0x00283eb3) sltu    t4, a6, sp
core   0: 3 0x80001ac4 (0x00283eb3) x29 0x00000000
core   0: 0x80001ac8 (0x41d65913) srai    s2, a2, 29
core   0: 3 0x80001ac8 (0x41d65913) x18 0x00000000
core   0: 0x80001acc (0x2e174a93) xori    s5, a4, 737
core   0: 3 0x80001acc (0x2e174a93) x21 0x000002e9
core   0: 0x80001ad0 (0x01c0b6b3) sltu    a3, ra, t3
core   0: 3 0x80001ad0 (0x01c0b6b3) x13 0x00000000
core   0: 0x80001ad4 (0x59d8cb13) xori    s6, a7, 1437
core   0: 3 0x80001ad4 (0x59d8cb13) x22 0x000004ed
core   0: 0x80001ad8 (0xcbe94517) auipc   a0, 0xcbe94
core   0: 3 0x80001ad8 (0xcbe94517) x10 0x4be95ad8
core   0: 0x80001adc (0x41de5d33) sra     s10, t3, t4
core   0: 3 0x80001adc (0x41de5d33) x26 0x00000000
core   0: 0x80001ae0 (0x8ed17c13) andi    s8, sp, -1811
core   0: 3 0x80001ae0 (0x8ed17c13) x24 0x0ad04000
core   0: 0x80001ae4 (0x41b3dd13) srai    s10, t2, 27
core   0: 3 0x80001ae4 (0x41b3dd13) x26 0x00000005
core   0: 0x80001ae8 (0x40f15213) srai    tp, sp, 15
core   0: 3 0x80001ae8 (0x40f15213) x 4 0x000015a0
core   0: 0x80001aec (0x03d97633) remu    a2, s2, t4
core   0: 3 0x80001aec (0x03d97633) x12 0x00000000
core   0: 0x80001af0 (0x007ed0b3) srl     ra, t4, t2
core   0: 3 0x80001af0 (0x007ed0b3) x 1 0x00000000
core   0: 0x80001af4 (0x001e0533) add     a0, t3, ra
core   0: 3 0x80001af4 (0x001e0533) x10 0x00000000
core   0: 0x80001af8 (0x015aba33) sltu    s4, s5, s5
core   0: 3 0x80001af8 (0x015aba33) x20 0x00000000
core   0: 0x80001afc (0x03a91933) mulh    s2, s2, s10
core   0: 3 0x80001afc (0x03a91933) x18 0x00000000
core   0: 0x80001b00 (0x014d9a33) sll     s4, s11, s4
core   0: 3 0x80001b00 (0x014d9a33) x20 0x80018ce4
core   0: 0x80001b04 (0x9b1e2093) slti    ra, t3, -1615
core   0: 3 0x80001b04 (0x9b1e2093) x 1 0x00000000
core   0: 0x80001b08 (0x00d60933) add     s2, a2, a3
core   0: 3 0x80001b08 (0x00d60933) x18 0x00000000
core   0: 0x80001b0c (0x03956ab3) rem     s5, a0, s9
core   0: 3 0x80001b0c (0x03956ab3) x21 0x00000000
core   0: 0x80001b10 (0x000853b3) srl     t2, a6, zero
core   0: 3 0x80001b10 (0x000853b3) x 7 0x80014e64
core   0: 0x80001b14 (0x00e93933) sltu    s2, s2, a4
core   0: 3 0x80001b14 (0x00e93933) x18 0x00000001
core   0: 0x80001b18 (0x01a99d13) slli    s10, s3, 26
core   0: 3 0x80001b18 (0x01a99d13) x26 0x2c000000
core   0: 0x80001b1c (0x014c9393) slli    t2, s9, 20
core   0: 3 0x80001b1c (0x014c9393) x 7 0x00000000
core   0: 0x80001b20 (0x33c32113) slti    sp, t1, 828
core   0: 3 0x80001b20 (0x33c32113) x 2 0x00000001
core   0: 0x80001b24 (0x033808b3) mul     a7, a6, s3
core   0: 3 0x80001b24 (0x033808b3) x17 0x800e5e4c
core   0: 0x80001b28 (0x03353533) mulhu   a0, a0, s3
core   0: 3 0x80001b28 (0x03353533) x10 0x00000000
core   0: 0x80001b2c (0x028d9fb3) mulh    t6, s11, s0
core   0: 3 0x80001b2c (0x028d9fb3) x31 0x00000000
core   0: 0x80001b30 (0xb9d25437) lui     s0, 0xb9d25
core   0: 3 0x80001b30 (0xb9d25437) x 8 0xb9d25000
core   0: 0x80001b34 (0x98c74113) xori    sp, a4, -1652
core   0: 3 0x80001b34 (0x98c74113) x 2 0xfffff984
core   0: 0x80001b38 (0x00df1f13) slli    t5, t5, 13
core   0: 3 0x80001b38 (0x00df1f13) x30 0xffff8000
core   0: 0x80001b3c (0x0298ed33) rem     s10, a7, s1
core   0: 3 0x80001b3c (0x0298ed33) x26 0xffffff4c
core   0: 0x80001b40 (0x0128b4b3) sltu    s1, a7, s2
core   0: 3 0x80001b40 (0x0128b4b3) x 9 0x00000000
core   0: 0x80001b44 (0x01f07933) and     s2, zero, t6
core   0: 3 0x80001b44 (0x01f07933) x18 0x00000000
core   0: 0x80001b48 (0xdf720f93) addi    t6, tp, -521
core   0: 3 0x80001b48 (0xdf720f93) x31 0x00001397
core   0: 0x80001b4c (0x2a16c913) xori    s2, a3, 673
core   0: 3 0x80001b4c (0x2a16c913) x18 0x000002a1
core   0: 0x80001b50 (0x492553b7) lui     t2, 0x49255
core   0: 3 0x80001b50 (0x492553b7) x 7 0x49255000
core   0: 0x80001b54 (0xa26a0693) addi    a3, s4, -1498
core   0: 3 0x80001b54 (0xa26a0693) x13 0x8001870a
core   0: 0x80001b58 (0x408d5933) sra     s2, s10, s0
core   0: 3 0x80001b58 (0x408d5933) x18 0xffffff4c
core   0: 0x80001b5c (0x003a65b3) or      a1, s4, gp
core   0: 3 0x80001b5c (0x003a65b3) x11 0x80018ce4
core   0: 0x80001b60 (0x4048d893) srai    a7, a7, 4
core   0: 3 0x80001b60 (0x4048d893) x17 0xf800e5e4
core   0: 0x80001b64 (0x03f2f5b3) remu    a1, t0, t6
core   0: 3 0x80001b64 (0x03f2f5b3) x11 0x00000011
core   0: 0x80001b68 (0x00000013) nop
core   0: 3 0x80001b68 (0x00000013)
core   0: 0x80001b6c (0x00000013) nop
core   0: 3 0x80001b6c (0x00000013)
core   0: 0x80001b70 (0x0154f5b3) and     a1, s1, s5
core   0: 3 0x80001b70 (0x0154f5b3) x11 0x00000000
core   0: 0x80001b74 (0x021501b3) mul     gp, a0, ra
core   0: 3 0x80001b74 (0x021501b3) x 3 0x00000000
core   0: 0x80001b78 (0x40a585b3) sub     a1, a1, a0
core   0: 3 0x80001b78 (0x40a585b3) x11 0x00000000
core   0: 0x80001b7c (0x00ed2333) slt     t1, s10, a4
core   0: 3 0x80001b7c (0x00ed2333) x 6 0x00000001
core   0: 0x80001b80 (0x01b5b533) sltu    a0, a1, s11
core   0: 3 0x80001b80 (0x01b5b533) x10 0x00000001
core   0: 0x80001b84 (0x5bd77f93) andi    t6, a4, 1469
core   0: 3 0x80001b84 (0x5bd77f93) x31 0x00000008
core   0: 0x80001b88 (0xeb57c013) xori    zero, a5, -331
core   0: 3 0x80001b88 (0xeb57c013)
core   0: 0x80001b8c (0x02d64b33) div     s6, a2, a3
core   0: 3 0x80001b8c (0x02d64b33) x22 0x00000000
core   0: 0x80001b90 (0x027fcf33) div     t5, t6, t2
core   0: 3 0x80001b90 (0x027fcf33) x30 0x00000000
core   0: 0x80001b94 (0x2260b697) auipc   a3, 0x2260b
core   0: 3 0x80001b94 (0x2260b697) x13 0xa260cb94
core   0: 0x80001b98 (0x2e4bec93) ori     s9, s7, 740
core   0: 3 0x80001b98 (0x2e4bec93) x25 0x000002e5
core   0: 0x80001b9c (0x7d93e213) ori     tp, t2, 2009
core   0: 3 0x80001b9c (0x7d93e213) x 4 0x492557d9
core   0: 0x80001ba0 (0x61ce4a97) auipc   s5, 0x61ce4
core   0: 3 0x80001ba0 (0x61ce4a97) x21 0xe1ce5ba0
core   0: 0x80001ba4 (0x76c17613) andi    a2, sp, 1900
core   0: 3 0x80001ba4 (0x76c17613) x12 0x00000104
core   0: 0x80001ba8 (0x02a84bb3) div     s7, a6, a0
core   0: 3 0x80001ba8 (0x02a84bb3) x23 0x80014e64
core   0: 0x80001bac (0x03250633) mul     a2, a0, s2
core   0: 3 0x80001bac (0x03250633) x12 0xffffff4c
core   0: 0x80001bb0 (0x024701b3) mul     gp, a4, tp
core   0: 3 0x80001bb0 (0x024701b3) x 3 0x492abec8
core   0: 0x80001bb4 (0x01d031b3) snez    gp, t4
core   0: 3 0x80001bb4 (0x01d031b3) x 3 0x00000000
core   0: 0x80001bb8 (0x70362e13) slti    t3, a2, 1795
core   0: 3 0x80001bb8 (0x70362e13) x28 0x00000001
core   0: 0x80001bbc (0x020943b3) div     t2, s2, zero
core   0: 3 0x80001bbc (0x020943b3) x 7 0xffffffff
core   0: 0x80001bc0 (0x03b39b33) mulh    s6, t2, s11
core   0: 3 0x80001bc0 (0x03b39b33) x22 0x00000000
core   0: 0x80001bc4 (0x03d6e5b3) rem     a1, a3, t4
core   0: 3 0x80001bc4 (0x03d6e5b3) x11 0xa260cb94
core   0: 0x80001bc8 (0x9f85a193) slti    gp, a1, -1544
core   0: 3 0x80001bc8 (0x9f85a193) x 3 0x00000001
core   0: 0x80001bcc (0xfd200893) li      a7, -46
core   0: 3 0x80001bcc (0xfd200893) x17 0xffffffd2
core   0: 0x80001bd0 (0x008fd233) srl     tp, t6, s0
core   0: 3 0x80001bd0 (0x008fd233) x 4 0x00000008
core   0: 0x80001bd4 (0x007fa0b3) slt     ra, t6, t2
core   0: 3 0x80001bd4 (0x007fa0b3) x 1 0x00000000
core   0: 0x80001bd8 (0x025a48b3) div     a7, s4, t0
core   0: 3 0x80001bd8 (0x025a48b3) x17 0x00000002
core   0: 0x80001bdc (0x03973033) mulhu   zero, a4, s9
core   0: 3 0x80001bdc (0x03973033)
core   0: 0x80001be0 (0x0e084513) xori    a0, a6, 224
core   0: 3 0x80001be0 (0x0e084513) x10 0x80014e84
core   0: 0x80001be4 (0x279b6597) auipc   a1, 0x279b6
core   0: 3 0x80001be4 (0x279b6597) x11 0xa79b7be4
core   0: 0x80001be8 (0x0074a633) slt     a2, s1, t2
core   0: 3 0x80001be8 (0x0074a633) x12 0x00000000
core   0: 0x80001bec (0x00eb5633) srl     a2, s6, a4
core   0: 3 0x80001bec (0x00eb5633) x12 0x00000000
core   0: 0x80001bf0 (0x008afeb3) and     t4, s5, s0
core   0: 3 0x80001bf0 (0x008afeb3) x29 0xa1c25000
core   0: 0x80001bf4 (0x00000013) nop
core   0: 3 0x80001bf4 (0x00000013)
core   0: 0x80001bf8 (0x34bf3a37) lui     s4, 0x34bf3
core   0: 3 0x80001bf8 (0x34bf3a37) x20 0x34bf3000
core   0: 0x80001bfc (0x01165f93) srli    t6, a2, 17
core   0: 3 0x80001bfc (0x01165f93) x31 0x00000000
core   0: 0x80001c00 (0x02aeb033) mulhu   zero, t4, a0
core   0: 3 0x80001c00 (0x02aeb033)
core   0: 0x80001c04 (0x0349c933) div     s2, s3, s4
core   0: 3 0x80001c04 (0x0349c933) x18 0x00000000
core   0: 0x80001c08 (0x02943f33) mulhu   t5, s0, s1
core   0: 3 0x80001c08 (0x02943f33) x30 0x00000000
core   0: 0x80001c0c (0x01e8a133) slt     sp, a7, t5
core   0: 3 0x80001c0c (0x01e8a133) x 2 0x00000000
core   0: 0x80001c10 (0x02647e33) remu    t3, s0, t1
core   0: 3 0x80001c10 (0x02647e33) x28 0x00000000
core   0: 0x80001c14 (0x01e51013) slli    zero, a0, 30
core   0: 3 0x80001c14 (0x01e51013)
core   0: 0x80001c18 (0x000bb8b3) sltu    a7, s7, zero
core   0: 3 0x80001c18 (0x000bb8b3) x17 0x00000000
core   0: 0x80001c1c (0xdd1f8f13) addi    t5, t6, -559
core   0: 3 0x80001c1c (0xdd1f8f13) x30 0xfffffdd1
core   0: 0x80001c20 (0xc5c46513) ori     a0, s0, -932
core   0: 3 0x80001c20 (0xc5c46513) x10 0xfffffc5c
core   0: 0x80001c24 (0x406f0d33) sub     s10, t5, t1
core   0: 3 0x80001c24 (0x406f0d33) x26 0xfffffdd0
core   0: 0x80001c28 (0xc15e4113) xori    sp, t3, -1003
core   0: 3 0x80001c28 (0xc15e4113) x 2 0xfffffc15
core   0: 0x80001c2c (0x039ca5b3) mulhsu  a1, s9, s9
core   0: 3 0x80001c2c (0x039ca5b3) x11 0x00000000
core   0: 0x80001c30 (0x02f5d8b3) divu    a7, a1, a5
core   0: 3 0x80001c30 (0x02f5d8b3) x17 0xffffffff
core   0: 0x80001c34 (0x01e05b33) srl     s6, zero, t5
core   0: 3 0x80001c34 (0x01e05b33) x22 0x00000000
core   0: 0x80001c38 (0x00ed31b3) sltu    gp, s10, a4
core   0: 3 0x80001c38 (0x00ed31b3) x 3 0x00000000
core   0: 0x80001c3c (0x01f4d5b3) srl     a1, s1, t6
core   0: 3 0x80001c3c (0x01f4d5b3) x11 0x00000000
core   0: 0x80001c40 (0x01e56ab3) or      s5, a0, t5
core   0: 3 0x80001c40 (0x01e56ab3) x21 0xfffffddd
core   0: 0x80001c44 (0x001ae933) or      s2, s5, ra
core   0: 3 0x80001c44 (0x001ae933) x18 0xfffffddd
core   0: 0x80001c48 (0x03157933) remu    s2, a0, a7
core   0: 3 0x80001c48 (0x03157933) x18 0xfffffc5c
core   0: 0x80001c4c (0x013393b3) sll     t2, t2, s3
core   0: 3 0x80001c4c (0x013393b3) x 7 0xfffff800
core   0: 0x80001c50 (0x003eb4b3) sltu    s1, t4, gp
core   0: 3 0x80001c50 (0x003eb4b3) x 9 0x00000000
core   0: 0x80001c54 (0x027a74b3) remu    s1, s4, t2
core   0: 3 0x80001c54 (0x027a74b3) x 9 0x34bf3000
core   0: 0x80001c58 (0x01915593) srli    a1, sp, 25
core   0: 3 0x80001c58 (0x01915593) x11 0x0000007f
core   0: 0x80001c5c (0x01e6abb3) slt     s7, a3, t5
core   0: 3 0x80001c5c (0x01e6abb3) x23 0x00000001
core   0: 0x80001c60 (0x7d17eb93) ori     s7, a5, 2001
core   0: 3 0x80001c60 (0x7d17eb93) x23 0x000007d1
core   0: 0x80001c64 (0x009c25b3) slt     a1, s8, s1
core   0: 3 0x80001c64 (0x009c25b3) x11 0x00000001
core   0: 0x80001c68 (0x0382dc33) divu    s8, t0, s8
core   0: 3 0x80001c68 (0x0382dc33) x24 0x00000013
core   0: 0x80001c6c (0x417bdc93) srai    s9, s7, 23
core   0: 3 0x80001c6c (0x417bdc93) x25 0x00000000
core   0: 0x80001c70 (0x01628733) add     a4, t0, s6
core   0: 3 0x80001c70 (0x01628733) x14 0xd0400000
core   0: 0x80001c74 (0x02329d33) mulh    s10, t0, gp
core   0: 3 0x80001c74 (0x02329d33) x26 0x00000000
core   0: 0x80001c78 (0x01429933) sll     s2, t0, s4
core   0: 3 0x80001c78 (0x01429933) x18 0xd0400000
core   0: 0x80001c7c (0x011dd693) srli    a3, s11, 17
core   0: 3 0x80001c7c (0x011dd693) x13 0x00004000
core   0: 0x80001c80 (0xea810613) addi    a2, sp, -344
core   0: 3 0x80001c80 (0xea810613) x12 0xfffffabd
core   0: 0x80001c84 (0x41b3d913) srai    s2, t2, 27
core   0: 3 0x80001c84 (0x41b3d913) x18 0xffffffff
core   0: 0x80001c88 (0x409d58b3) sra     a7, s10, s1
core   0: 3 0x80001c88 (0x409d58b3) x17 0x00000000
core   0: 0x80001c8c (0x03c3b733) mulhu   a4, t2, t3
core   0: 3 0x80001c8c (0x03c3b733) x14 0x00000000
core   0: 0x80001c90 (0x2f548893) addi    a7, s1, 757
core   0: 3 0x80001c90 (0x2f548893) x17 0x34bf32f5
core   0: 0x80001c94 (0x9151f213) andi    tp, gp, -1771
core   0: 3 0x80001c94 (0x9151f213) x 4 0x00000000
core   0: 0x80001c98 (0x3739e893) ori     a7, s3, 883
core   0: 3 0x80001c98 (0x3739e893) x17 0x0000037b
core   0: 0x80001c9c (0x00ecc333) xor     t1, s9, a4
core   0: 3 0x80001c9c (0x00ecc333) x 6 0x00000000
core   0: 0x80001ca0 (0x9a6de093) ori     ra, s11, -1626
core   0: 3 0x80001ca0 (0x9a6de093) x 1 0xfffffde6
core   0: 0x80001ca4 (0x00f8efb3) or      t6, a7, a5
core   0: 3 0x80001ca4 (0x00f8efb3) x31 0x0000037b
core   0: 0x80001ca8 (0x03a21933) mulh    s2, tp, s10
core   0: 3 0x80001ca8 (0x03a21933) x18 0x00000000
core   0: 0x80001cac (0x016713b3) sll     t2, a4, s6
core   0: 3 0x80001cac (0x016713b3) x 7 0x00000000
core   0: 0x80001cb0 (0x9d287313) andi    t1, a6, -1582
core   0: 3 0x80001cb0 (0x9d287313) x 6 0x80014840
core   0: 0x80001cb4 (0x006f9133) sll     sp, t6, t1
core   0: 3 0x80001cb4 (0x006f9133) x 2 0x0000037b
core   0: 0x80001cb8 (0xff154b37) lui     s6, 0xff154
core   0: 3 0x80001cb8 (0xff154b37) x22 0xff154000
core   0: 0x80001cbc (0xdab0c697) auipc   a3, 0xdab0c
core   0: 3 0x80001cbc (0xdab0c697) x13 0x5ab0dcbc
core   0: 0x80001cc0 (0x006c5913) srli    s2, s8, 6
core   0: 3 0x80001cc0 (0x006c5913) x18 0x00000000
core   0: 0x80001cc4 (0x00085fb3) srl     t6, a6, zero
core   0: 3 0x80001cc4 (0x00085fb3) x31 0x80014e64
core   0: 0x80001cc8 (0x402adc13) srai    s8, s5, 2
core   0: 3 0x80001cc8 (0x402adc13) x24 0xffffff77
core   0: 0x80001ccc (0x025247b3) div     a5, tp, t0
core   0: 3 0x80001ccc (0x025247b3) x15 0x00000000
core   0: 0x80001cd0 (0x031e6eb3) rem     t4, t3, a7
core   0: 3 0x80001cd0 (0x031e6eb3) x29 0x00000000
core   0: 0x80001cd4 (0x981fb613) sltiu   a2, t6, -1663
core   0: 3 0x80001cd4 (0x981fb613) x12 0x00000001
core   0: 0x80001cd8 (0xca6d0d17) auipc   s10, 0xca6d0
core   0: 3 0x80001cd8 (0xca6d0d17) x26 0x4a6d1cd8
core   0: 0x80001cdc (0x00d0a533) slt     a0, ra, a3
core   0: 3 0x80001cdc (0x00d0a533) x10 0x00000001
core   0: 0x80001ce0 (0x00000013) nop
core   0: 3 0x80001ce0 (0x00000013)
core   0: 0x80001ce4 (0x03eb41b3) div     gp, s6, t5
core   0: 3 0x80001ce4 (0x03eb41b3) x 3 0x00006b81
core   0: 0x80001ce8 (0x77ae3eb7) lui     t4, 0x77ae3
core   0: 3 0x80001ce8 (0x77ae3eb7) x29 0x77ae3000
core   0: 0x80001cec (0x0359d733) divu    a4, s3, s5
core   0: 3 0x80001cec (0x0359d733) x14 0x00000000
core   0: 0x80001cf0 (0x0285dbb3) divu    s7, a1, s0
core   0: 3 0x80001cf0 (0x0285dbb3) x23 0x00000000
core   0: 0x80001cf4 (0xa2de6393) ori     t2, t3, -1491
core   0: 3 0x80001cf4 (0xa2de6393) x 7 0xfffffa2d
core   0: 0x80001cf8 (0x14572893) slti    a7, a4, 325
core   0: 3 0x80001cf8 (0x14572893) x17 0x00000001
core   0: 0x80001cfc (0x00696ab3) or      s5, s2, t1
core   0: 3 0x80001cfc (0x00696ab3) x21 0x80014840
core   0: 0x80001d00 (0x67606f97) auipc   t6, 0x67606
core   0: 3 0x80001d00 (0x67606f97) x31 0xe7607d00
core   0: 0x80001d04 (0x00000013) nop
core   0: 3 0x80001d04 (0x00000013)
core   0: 0x80001d08 (0x8d5f6d13) ori     s10, t5, -1835
core   0: 3 0x80001d08 (0x8d5f6d13) x26 0xfffffdd5
core   0: 0x80001d0c (0x01aaf6b3) and     a3, s5, s10
core   0: 3 0x80001d0c (0x01aaf6b3) x13 0x80014840
core   0: 0x80001d10 (0xfcff3a13) sltiu   s4, t5, -49
core   0: 3 0x80001d10 (0xfcff3a13) x20 0x00000001
core   0: 0x80001d14 (0x02251eb3) mulh    t4, a0, sp
core   0: 3 0x80001d14 (0x02251eb3) x29 0x00000000
core   0: 0x80001d18 (0x02a47bb3) remu    s7, s0, a0
core   0: 3 0x80001d18 (0x02a47bb3) x23 0x00000000
core   0: 0x80001d1c (0x40e2de33) sra     t3, t0, a4
core   0: 3 0x80001d1c (0x40e2de33) x28 0xd0400000
core   0: 0x80001d20 (0x8278c893) xori    a7, a7, -2009
core   0: 3 0x80001d20 (0x8278c893) x17 0xfffff826
core   0: 0x80001d24 (0x02fee733) rem     a4, t4, a5
core   0: 3 0x80001d24 (0x02fee733) x14 0x00000000
core   0: 0x80001d28 (0x0247c7b3) div     a5, a5, tp
core   0: 3 0x80001d28 (0x0247c7b3) x15 0xffffffff
core   0: 0x80001d2c (0x00b4d333) srl     t1, s1, a1
core   0: 3 0x80001d2c (0x00b4d333) x 6 0x1a5f9800
core   0: 0x80001d30 (0x00515d33) srl     s10, sp, t0
core   0: 3 0x80001d30 (0x00515d33) x26 0x0000037b
core   0: 0x80001d34 (0xd921e413) ori     s0, gp, -622
core   0: 3 0x80001d34 (0xd921e413) x 8 0xffffff93
core   0: 0x80001d38 (0x89de3613) sltiu   a2, t3, -1891
core   0: 3 0x80001d38 (0x89de3613) x12 0x00000001
core   0: 0x80001d3c (0x39047397) auipc   t2, 0x39047
core   0: 3 0x80001d3c (0x39047397) x 7 0xb9048d3c
core   0: 0x80001d40 (0x2cffc593) xori    a1, t6, 719
core   0: 3 0x80001d40 (0x2cffc593) x11 0xe7607fcf
core   0: 0x80001d44 (0x022a95b3) mulh    a1, s5, sp
core   0: 3 0x80001d44 (0x022a95b3) x11 0xfffffe42
core   0: 0x80001d48 (0x40115e33) sra     t3, sp, ra
core   0: 3 0x80001d48 (0x40115e33) x28 0x0000000d
core   0: 0x80001d4c (0x015265b3) or      a1, tp, s5
core   0: 3 0x80001d4c (0x015265b3) x11 0x80014840
core   0: 0x80001d50 (0xb4d94013) xori    zero, s2, -1203
core   0: 3 0x80001d50 (0xb4d94013)
core   0: 0x80001d54 (0x03ac5933) divu    s2, s8, s10
core   0: 3 0x80001d54 (0x03ac5933) x18 0x00498da5
core   0: 0x80001d58 (0x326ac793) xori    a5, s5, 806
core   0: 3 0x80001d58 (0x326ac793) x15 0x80014b66
core   0: 0x80001d5c (0x8ba78193) addi    gp, a5, -1862
core   0: 3 0x80001d5c (0x8ba78193) x 3 0x80014420
core   0: 0x80001d60 (0x8214a113) slti    sp, s1, -2015
core   0: 3 0x80001d60 (0x8214a113) x 2 0x00000000
core   0: 0x80001d64 (0x02a122b3) mulhsu  t0, sp, a0
core   0: 3 0x80001d64 (0x02a122b3) x 5 0x00000000
core   0: 0x80001d68 (0x00ee7f33) and     t5, t3, a4
core   0: 3 0x80001d68 (0x00ee7f33) x30 0x00000000
core   0: 0x80001d6c (0x020c0133) mul     sp, s8, zero
core   0: 3 0x80001d6c (0x020c0133) x 2 0x00000000
core   0: 0x80001d70 (0x01500633) add     a2, zero, s5
core   0: 3 0x80001d70 (0x01500633) x12 0x80014840
core   0: 0x80001d74 (0x005b0cb3) add     s9, s6, t0
core   0: 3 0x80001d74 (0x005b0cb3) x25 0xff154000
core   0: 0x80001d78 (0xb3da6793) ori     a5, s4, -1219
core   0: 3 0x80001d78 (0xb3da6793) x15 0xfffffb3d
core   0: 0x80001d7c (0xd2c3f113) andi    sp, t2, -724
core   0: 3 0x80001d7c (0xd2c3f113) x 2 0xb9048d2c
core   0: 0x80001d80 (0x67502d13) slti    s10, zero, 1653
core   0: 3 0x80001d80 (0x67502d13) x26 0x00000001
core   0: 0x80001d84 (0x03b97f33) remu    t5, s2, s11
core   0: 3 0x80001d84 (0x03b97f33) x30 0x00498da5
core   0: 0x80001d88 (0xadafc493) xori    s1, t6, -1318
core   0: 3 0x80001d88 (0xadafc493) x 9 0x189f87da
core   0: 0x80001d8c (0x4ec55c97) auipc   s9, 0x4ec55
core   0: 3 0x80001d8c (0x4ec55c97) x25 0xcec56d8c
core   0: 0x80001d90 (0x01a86c33) or      s8, a6, s10
core   0: 3 0x80001d90 (0x01a86c33) x24 0x80014e65
core   0: 0x80001d94 (0x03400e33) mul     t3, zero, s4
core   0: 3 0x80001d94 (0x03400e33) x28 0x00000000
core   0: 0x80001d98 (0x029c1c33) mulh    s8, s8, s1
core   0: 3 0x80001d98 (0x029c1c33) x24 0xf3b05c3c
core   0: 0x80001d9c (0x02bd7eb3) remu    t4, s10, a1
core   0: 3 0x80001d9c (0x02bd7eb3) x29 0x00000001
core   0: 0x80001da0 (0x401cd513) srai    a0, s9, 1
core   0: 3 0x80001da0 (0x401cd513) x10 0xe762b6c6
core   0: 0x80001da4 (0xfce9ef93) ori     t6, s3, -50
core   0: 3 0x80001da4 (0xfce9ef93) x31 0xffffffcf
core   0: 0x80001da8 (0x00cf6733) or      a4, t5, a2
core   0: 3 0x80001da8 (0x00cf6733) x14 0x8049cde5
core   0: 0x80001dac (0x5a07e393) ori     t2, a5, 1440
core   0: 3 0x80001dac (0x5a07e393) x 7 0xffffffbd
core   0: 0x80001db0 (0xc90a8893) addi    a7, s5, -880
core   0: 3 0x80001db0 (0xc90a8893) x17 0x800144d0
core   0: 0x80001db4 (0xe391fb13) andi    s6, gp, -455
core   0: 3 0x80001db4 (0xe391fb13) x22 0x80014420
core   0: 0x80001db8 (0x9c1d4f13) xori    t5, s10, -1599
core   0: 3 0x80001db8 (0x9c1d4f13) x30 0xfffff9c0
core   0: 0x80001dbc (0x013dda13) srli    s4, s11, 19
core   0: 3 0x80001dbc (0x013dda13) x20 0x00001000
core   0: 0x80001dc0 (0x8c4f4f93) xori    t6, t5, -1852
core   0: 3 0x80001dc0 (0x8c4f4f93) x31 0x00000104
core   0: 0x80001dc4 (0x256d7c93) andi    s9, s10, 598
core   0: 3 0x80001dc4 (0x256d7c93) x25 0x00000000
core   0: 0x80001dc8 (0x02fff533) remu    a0, t6, a5
core   0: 3 0x80001dc8 (0x02fff533) x10 0x00000104
core   0: 0x80001dcc (0xc8a5bc93) sltiu   s9, a1, -886
core   0: 3 0x80001dcc (0xc8a5bc93) x25 0x00000001
core   0: 0x80001dd0 (0x024db0b3) mulhu   ra, s11, tp
core   0: 3 0x80001dd0 (0x024db0b3) x 1 0x00000000
core   0: 0x80001dd4 (0x0192b933) sltu    s2, t0, s9
core   0: 3 0x80001dd4 (0x0192b933) x18 0x00000001
core   0: 0x80001dd8 (0x036b5ab3) divu    s5, s6, s6
core   0: 3 0x80001dd8 (0x036b5ab3) x21 0x00000001
core   0: 0x80001ddc (0xa52c2013) slti    zero, s8, -1454
core   0: 3 0x80001ddc (0xa52c2013)
core   0: 0x80001de0 (0x40f20233) sub     tp, tp, a5
core   0: 3 0x80001de0 (0x40f20233) x 4 0x000004c3
core   0: 0x80001de4 (0x8fb5bb93) sltiu   s7, a1, -1797
core   0: 3 0x80001de4 (0x8fb5bb93) x23 0x00000001
core   0: 0x80001de8 (0x031f5733) divu    a4, t5, a7
core   0: 3 0x80001de8 (0x031f5733) x14 0x00000001
core   0: 0x80001dec (0x03274a33) div     s4, a4, s2
core   0: 3 0x80001dec (0x03274a33) x20 0x00000001
core   0: 0x80001df0 (0x41400233) sub     tp, zero, s4
core   0: 3 0x80001df0 (0x41400233) x 4 0xffffffff
core   0: 0x80001df4 (0x41bb5bb3) sra     s7, s6, s11
core   0: 3 0x80001df4 (0x41bb5bb3) x23 0xf8001442
core   0: 0x80001df8 (0x7f680893) addi    a7, a6, 2038
core   0: 3 0x80001df8 (0x7f680893) x17 0x8001565a
core   0: 0x80001dfc (0x0047ceb3) xor     t4, a5, tp
core   0: 3 0x80001dfc (0x0047ceb3) x29 0x000004c2
core   0: 0x80001e00 (0x401056b3) sra     a3, zero, ra
core   0: 3 0x80001e00 (0x401056b3) x13 0x00000000
core   0: 0x80001e04 (0x13959597) auipc   a1, 0x13959
core   0: 3 0x80001e04 (0x13959597) x11 0x9395ae04
core   0: 0x80001e08 (0x1f795f97) auipc   t6, 0x1f795
core   0: 3 0x80001e08 (0x1f795f97) x31 0x9f796e08
core   0: 0x80001e0c (0x008faa33) slt     s4, t6, s0
core   0: 3 0x80001e0c (0x008faa33) x20 0x00000001
core   0: 0x80001e10 (0x000cb533) sltu    a0, s9, zero
core   0: 3 0x80001e10 (0x000cb533) x10 0x00000000
core   0: 0x80001e14 (0x03be85b3) mul     a1, t4, s11
core   0: 3 0x80001e14 (0x03be85b3) x11 0x076054c8
core   0: 0x80001e18 (0x03f6d333) divu    t1, a3, t6
core   0: 3 0x80001e18 (0x03f6d333) x 6 0x00000000
core   0: 0x80001e1c (0x01010933) add     s2, sp, a6
core   0: 3 0x80001e1c (0x01010933) x18 0x3905db90
core   0: 0x80001e20 (0xc0a50e13) addi    t3, a0, -1014
core   0: 3 0x80001e20 (0xc0a50e13) x28 0xfffffc0a
core   0: 0x80001e24 (0x6e022613) slti    a2, tp, 1760
core   0: 3 0x80001e24 (0x6e022613) x12 0x00000001
core   0: 0x80001e28 (0x41795bb3) sra     s7, s2, s7
core   0: 3 0x80001e28 (0x41795bb3) x23 0x0e4176e4
core   0: 0x80001e2c (0xca1300b7) lui     ra, 0xca130
core   0: 3 0x80001e2c (0xca1300b7) x 1 0xca130000
core   0: 0x80001e30 (0x28ba2693) slti    a3, s4, 651
core   0: 3 0x80001e30 (0x28ba2693) x13 0x00000001
core   0: 0x80001e34 (0x00b17333) and     t1, sp, a1
core   0: 3 0x80001e34 (0x00b17333) x 6 0x01000408
core   0: 0x80001e38 (0x034d5333) divu    t1, s10, s4
core   0: 3 0x80001e38 (0x034d5333) x 6 0x00000001
core   0: 0x80001e3c (0x006a9bb3) sll     s7, s5, t1
core   0: 3 0x80001e3c (0x006a9bb3) x23 0x00000002
core   0: 0x80001e40 (0x022b3cb3) mulhu   s9, s6, sp
core   0: 3 0x80001e40 (0x022b3cb3) x25 0x5c8330d6
core   0: 0x80001e44 (0xc1eb8917) auipc   s2, 0xc1eb8
core   0: 3 0x80001e44 (0xc1eb8917) x18 0x41eb9e44
core   0: 0x80001e48 (0x312ac793) xori    a5, s5, 786
core   0: 3 0x80001e48 (0x312ac793) x15 0x00000313
core   0: 0x80001e4c (0x03db7333) remu    t1, s6, t4
core   0: 3 0x80001e4c (0x03db7333) x 6 0x000004b4
core   0: 0x80001e50 (0xd8fa3097) auipc   ra, 0xd8fa3
core   0: 3 0x80001e50 (0xd8fa3097) x 1 0x58fa4e50
core   0: 0x80001e54 (0x017ffeb3) and     t4, t6, s7
core   0: 3 0x80001e54 (0x017ffeb3) x29 0x00000000
core   0: 0x80001e58 (0x0176dd33) srl     s10, a3, s7
core   0: 3 0x80001e58 (0x0176dd33) x26 0x00000000
core   0: 0x80001e5c (0x036be6b3) rem     a3, s7, s6
core   0: 3 0x80001e5c (0x036be6b3) x13 0x00000002
core   0: 0x80001e60 (0x01d52fb3) slt     t6, a0, t4
core   0: 3 0x80001e60 (0x01d52fb3) x31 0x00000000
core   0: 0x80001e64 (0x0346e333) rem     t1, a3, s4
core   0: 3 0x80001e64 (0x0346e333) x 6 0x00000000
core   0: 0x80001e68 (0xd087cd13) xori    s10, a5, -760
core   0: 3 0x80001e68 (0xd087cd13) x26 0xfffffe1b
core   0: 0x80001e6c (0x01c30d33) add     s10, t1, t3
core   0: 3 0x80001e6c (0x01c30d33) x26 0xfffffc0a
core   0: 0x80001e70 (0x01a8f3b3) and     t2, a7, s10
core   0: 3 0x80001e70 (0x01a8f3b3) x 7 0x8001540a
core   0: 0x80001e74 (0x40b35bb3) sra     s7, t1, a1
core   0: 3 0x80001e74 (0x40b35bb3) x23 0x00000000
core   0: 0x80001e78 (0x02589cb3) mulh    s9, a7, t0
core   0: 3 0x80001e78 (0x02589cb3) x25 0x00000000
core   0: 0x80001e7c (0x00000013) nop
core   0: 3 0x80001e7c (0x00000013)
core   0: 0x80001e80 (0x027b6e33) rem     t3, s6, t2
core   0: 3 0x80001e80 (0x027b6e33) x28 0xfffff016
core   0: 0x80001e84 (0x7e6fc793) xori    a5, t6, 2022
core   0: 3 0x80001e84 (0x7e6fc793) x15 0x000007e6
core   0: 0x80001e88 (0x00a20633) add     a2, tp, a0
core   0: 3 0x80001e88 (0x00a20633) x12 0xffffffff
core   0: 0x80001e8c (0x00bd7233) and     tp, s10, a1
core   0: 3 0x80001e8c (0x00bd7233) x 4 0x07605408
core   0: 0x80001e90 (0x008995b3) sll     a1, s3, s0
core   0: 3 0x80001e90 (0x008995b3) x11 0x00580000
core   0: 0x80001e94 (0x03a87cb3) remu    s9, a6, s10
core   0: 3 0x80001e94 (0x03a87cb3) x25 0x80014e64
core   0: 0x80001e98 (0x03178333) mul     t1, a5, a7
core   0: 3 0x80001e98 (0x03178333) x 6 0x0a900adc
core   0: 0x80001e9c (0x413406b3) sub     a3, s0, s3
core   0: 3 0x80001e9c (0x413406b3) x13 0xffffff88
core   0: 0x80001ea0 (0x0236feb3) remu    t4, a3, gp
core   0: 3 0x80001ea0 (0x0236feb3) x29 0x7ffebb68
core   0: 0x80001ea4 (0x020f1933) mulh    s2, t5, zero
core   0: 3 0x80001ea4 (0x020f1933) x18 0x00000000
core   0: 0x80001ea8 (0x027977b3) remu    a5, s2, t2
core   0: 3 0x80001ea8 (0x027977b3) x15 0x00000000
core   0: 0x80001eac (0x40138333) sub     t1, t2, ra
core   0: 3 0x80001eac (0x40138333) x 6 0x270705ba
core   0: 0x80001eb0 (0x739f3f93) sltiu   t6, t5, 1849
core   0: 3 0x80001eb0 (0x739f3f93) x31 0x00000000
core   0: 0x80001eb4 (0x159ac113) xori    sp, s5, 345
core   0: 3 0x80001eb4 (0x159ac113) x 2 0x00000158
core   0: 0x80001eb8 (0x00533f33) sltu    t5, t1, t0
core   0: 3 0x80001eb8 (0x00533f33) x30 0x00000000
core   0: 0x80001ebc (0x03cabeb3) mulhu   t4, s5, t3
core   0: 3 0x80001ebc (0x03cabeb3) x29 0x00000000
core   0: 0x80001ec0 (0x00d215b3) sll     a1, tp, a3
core   0: 3 0x80001ec0 (0x00d215b3) x11 0x60540800
core   0: 0x80001ec4 (0xfdee0913) addi    s2, t3, -34
core   0: 3 0x80001ec4 (0xfdee0913) x18 0xffffeff4
core   0: 0x80001ec8 (0x4436ac37) lui     s8, 0x4436a
core   0: 3 0x80001ec8 (0x4436ac37) x24 0x4436a000
core   0: 0x80001ecc (0x020a6bb3) rem     s7, s4, zero
core   0: 3 0x80001ecc (0x020a6bb3) x23 0x00000001
core   0: 0x80001ed0 (0x7a65e193) ori     gp, a1, 1958
core   0: 3 0x80001ed0 (0x7a65e193) x 3 0x60540fa6
core   0: 0x80001ed4 (0x016703b3) add     t2, a4, s6
core   0: 3 0x80001ed4 (0x016703b3) x 7 0x80014421
core   0: 0x80001ed8 (0x00000013) nop
core   0: 3 0x80001ed8 (0x00000013)
core   0: 0x80001edc (0x028ea133) mulhsu  sp, t4, s0
core   0: 3 0x80001edc (0x028ea133) x 2 0x00000000
core   0: 0x80001ee0 (0x01a06333) or      t1, zero, s10
core   0: 3 0x80001ee0 (0x01a06333) x 6 0xfffffc0a
core   0: 0x80001ee4 (0x01885a93) srli    s5, a6, 24
core   0: 3 0x80001ee4 (0x01885a93) x21 0x00000080
core   0: 0x80001ee8 (0x022f18b3) mulh    a7, t5, sp
core   0: 3 0x80001ee8 (0x022f18b3) x17 0x00000000
core   0: 0x80001eec (0x01768033) add     zero, a3, s7
core   0: 3 0x80001eec (0x01768033)
core   0: 0x80001ef0 (0x4179d413) srai    s0, s3, 23
core   0: 3 0x80001ef0 (0x4179d413) x 8 0x00000000
core   0: 0x80001ef4 (0x41345bb3) sra     s7, s0, s3
core   0: 3 0x80001ef4 (0x41345bb3) x23 0x00000000
core   0: 0x80001ef8 (0x034c5e33) divu    t3, s8, s4
core   0: 3 0x80001ef8 (0x034c5e33) x28 0x4436a000
core   0: 0x80001efc (0x03547c33) remu    s8, s0, s5
core   0: 3 0x80001efc (0x03547c33) x24 0x00000000
core   0: 0x80001f00 (0x41a05513) srai    a0, zero, 26
core   0: 3 0x80001f00 (0x41a05513) x10 0x00000000
core   0: 0x80001f04 (0x0286f033) remu    zero, a3, s0
core   0: 3 0x80001f04 (0x0286f033)
core   0: 0x80001f08 (0x18638d13) addi    s10, t2, 390
core   0: 3 0x80001f08 (0x18638d13) x26 0x800145a7
core   0: 0x80001f0c (0xeb10ef93) ori     t6, ra, -335
core   0: 3 0x80001f0c (0xeb10ef93) x31 0xfffffef1
core   0: 0x80001f10 (0x0341f1b3) remu    gp, gp, s4
core   0: 3 0x80001f10 (0x0341f1b3) x 3 0x00000000
core   0: 0x80001f14 (0xbf9de513) ori     a0, s11, -1031
core   0: 3 0x80001f14 (0xbf9de513) x10 0xfffffffd
core   0: 0x80001f18 (0x0126d2b3) srl     t0, a3, s2
core   0: 3 0x80001f18 (0x0126d2b3) x 5 0x00000fff
core   0: 0x80001f1c (0x01d737b3) sltu    a5, a4, t4
core   0: 3 0x80001f1c (0x01d737b3) x15 0x00000000
core   0: 0x80001f20 (0x029c6fb3) rem     t6, s8, s1
core   0: 3 0x80001f20 (0x029c6fb3) x31 0x00000000
core   0: 0x80001f24 (0x0350b933) mulhu   s2, ra, s5
core   0: 3 0x80001f24 (0x0350b933) x18 0x0000002c
core   0: 0x80001f28 (0x03060e33) mul     t3, a2, a6
core   0: 3 0x80001f28 (0x03060e33) x28 0x7ffeb19c
core   0: 0x80001f2c (0x40cf5bb3) sra     s7, t5, a2
core   0: 3 0x80001f2c (0x40cf5bb3) x23 0x00000000
core   0: 0x80001f30 (0x02acd133) divu    sp, s9, a0
core   0: 3 0x80001f30 (0x02acd133) x 2 0x00000000
core   0: 0x80001f34 (0xccccfc93) andi    s9, s9, -820
core   0: 3 0x80001f34 (0xccccfc93) x25 0x80014c44
core   0: 0x80001f38 (0x0358de33) divu    t3, a7, s5
core   0: 3 0x80001f38 (0x0358de33) x28 0x00000000
core   0: 0x80001f3c (0x08277f13) andi    t5, a4, 130
core   0: 3 0x80001f3c (0x08277f13) x30 0x00000000
core   0: 0x80001f40 (0xdb313493) sltiu   s1, sp, -589
core   0: 3 0x80001f40 (0xdb313493) x 9 0x00000001
core   0: 0x80001f44 (0x00000013) nop
core   0: 3 0x80001f44 (0x00000013)
core   0: 0x80001f48 (0xb1edcc93) xori    s9, s11, -1250
core   0: 3 0x80001f48 (0xb1edcc93) x25 0x7ffe77fa
core   0: 0x80001f4c (0x3f85cb97) auipc   s7, 0x3f85c
core   0: 3 0x80001f4c (0x3f85cb97) x23 0xbf85df4c
core   0: 0x80001f50 (0x03123133) mulhu   sp, tp, a7
core   0: 3 0x80001f50 (0x03123133) x 2 0x00000000
core   0: 0x80001f54 (0x002d1a93) slli    s5, s10, 2
core   0: 3 0x80001f54 (0x002d1a93) x21 0x0005169c
core   0: 0x80001f58 (0x8586d2b7) lui     t0, 0x8586d
core   0: 3 0x80001f58 (0x8586d2b7) x 5 0x8586d000
core   0: 0x80001f5c (0x02829ab3) mulh    s5, t0, s0
core   0: 3 0x80001f5c (0x02829ab3) x21 0x00000000
core   0: 0x80001f60 (0x01d6dc93) srli    s9, a3, 29
core   0: 3 0x80001f60 (0x01d6dc93) x25 0x00000007
core   0: 0x80001f64 (0x00000013) nop
core   0: 3 0x80001f64 (0x00000013)
core   0: 0x80001f68 (0x01e404b3) add     s1, s0, t5
core   0: 3 0x80001f68 (0x01e404b3) x 9 0x00000000
core   0: 0x80001f6c (0x03bd3633) mulhu   a2, s10, s11
core   0: 3 0x80001f6c (0x03bd3633) x12 0x40016947
core   0: 0x80001f70 (0x020d7cb3) remu    s9, s10, zero
core   0: 3 0x80001f70 (0x020d7cb3) x25 0x800145a7
core   0: 0x80001f74 (0xa21d3d13) sltiu   s10, s10, -1503
core   0: 3 0x80001f74 (0xa21d3d13) x26 0x00000001
core   0: 0x80001f78 (0x00df0933) add     s2, t5, a3
core   0: 3 0x80001f78 (0x00df0933) x18 0xffffff88
core   0: 0x80001f7c (0x019d9ab3) sll     s5, s11, s9
core   0: 3 0x80001f7c (0x019d9ab3) x21 0x00c67200
core   0: 0x80001f80 (0x01fb5f93) srli    t6, s6, 31
core   0: 3 0x80001f80 (0x01fb5f93) x31 0x00000001
core   0: 0x80001f84 (0x40ead013) srai    zero, s5, 14
core   0: 3 0x80001f84 (0x40ead013)
core   0: 0x80001f88 (0x006cd0b3) srl     ra, s9, t1
core   0: 3 0x80001f88 (0x006cd0b3) x 1 0x00200051
core   0: 0x80001f8c (0x010098b3) sll     a7, ra, a6
core   0: 3 0x80001f8c (0x010098b3) x17 0x02000510
core   0: 0x80001f90 (0x0021e233) or      tp, gp, sp
core   0: 3 0x80001f90 (0x0021e233) x 4 0x00000000
core   0: 0x80001f94 (0xe68a6593) ori     a1, s4, -408
core   0: 3 0x80001f94 (0xe68a6593) x11 0xfffffe69
core   0: 0x80001f98 (0x01f3feb3) and     t4, t2, t6
core   0: 3 0x80001f98 (0x01f3feb3) x29 0x00000001
core   0: 0x80001f9c (0x033942b3) div     t0, s2, s3
core   0: 3 0x80001f9c (0x033942b3) x 5 0xfffffff6
core   0: 0x80001fa0 (0x0200b433) mulhu   s0, ra, zero
core   0: 3 0x80001fa0 (0x0200b433) x 8 0x00000000
core   0: 0x80001fa4 (0x008de8b3) or      a7, s11, s0
core   0: 3 0x80001fa4 (0x008de8b3) x17 0x80018ce4
core   0: 0x80001fa8 (0x6ccdc913) xori    s2, s11, 1740
core   0: 3 0x80001fa8 (0x6ccdc913) x18 0x80018a28
core   0: 0x80001fac (0x00a1bb33) sltu    s6, gp, a0
core   0: 3 0x80001fac (0x00a1bb33) x22 0x00000001
core   0: 0x80001fb0 (0x402606b3) sub     a3, a2, sp
core   0: 3 0x80001fb0 (0x402606b3) x13 0x40016947
core   0: 0x80001fb4 (0x0397cfb3) div     t6, a5, s9
core   0: 3 0x80001fb4 (0x0397cfb3) x31 0x00000000
core   0: 0x80001fb8 (0x024d3133) mulhu   sp, s10, tp
core   0: 3 0x80001fb8 (0x024d3133) x 2 0x00000000
core   0: 0x80001fbc (0x0122aab3) slt     s5, t0, s2
core   0: 3 0x80001fbc (0x0122aab3) x21 0x00000000
core   0: 0x80001fc0 (0x005678b3) and     a7, a2, t0
core   0: 3 0x80001fc0 (0x005678b3) x17 0x40016946
core   0: 0x80001fc4 (0x01218c33) add     s8, gp, s2
core   0: 3 0x80001fc4 (0x01218c33) x24 0x80018a28
core   0: 0x80001fc8 (0x024a8fb7) lui     t6, 0x24a8
core   0: 3 0x80001fc8 (0x024a8fb7) x31 0x024a8000
core   0: 0x80001fcc (0xd202c693) xori    a3, t0, -736
core   0: 3 0x80001fcc (0xd202c693) x13 0x000002d6
core   0: 0x80001fd0 (0x1988a293) slti    t0, a7, 408
core   0: 3 0x80001fd0 (0x1988a293) x 5 0x00000000
core   0: 0x80001fd4 (0xac02aa13) slti    s4, t0, -1344
core   0: 3 0x80001fd4 (0xac02aa13) x20 0x00000000
core   0: 0x80001fd8 (0x40fd8233) sub     tp, s11, a5
core   0: 3 0x80001fd8 (0x40fd8233) x 4 0x80018ce4
core   0: 0x80001fdc (0x031d6733) rem     a4, s10, a7
core   0: 3 0x80001fdc (0x031d6733) x14 0x00000001
core   0: 0x80001fe0 (0x71e7fa93) andi    s5, a5, 1822
core   0: 3 0x80001fe0 (0x71e7fa93) x21 0x00000000
core   0: 0x80001fe4 (0x03081c33) mulh    s8, a6, a6
core   0: 3 0x80001fe4 (0x03081c33) x24 0x3ffeb19d
core   0: 0x80001fe8 (0x55cfa193) slti    gp, t6, 1372
core   0: 3 0x80001fe8 (0x55cfa193) x 3 0x00000000
core   0: 0x80001fec (0x00ce5693) srli    a3, t3, 12
core   0: 3 0x80001fec (0x00ce5693) x13 0x00000000
core   0: 0x80001ff0 (0x40cb82b3) sub     t0, s7, a2
core   0: 3 0x80001ff0 (0x40cb82b3) x 5 0x7f847605
core   0: 0x80001ff4 (0x01ddd613) srli    a2, s11, 29
core   0: 3 0x80001ff4 (0x01ddd613) x12 0x00000004
core   0: 0x80001ff8 (0x02b5f8b3) remu    a7, a1, a1
core   0: 3 0x80001ff8 (0x02b5f8b3) x17 0x00000000
core   0: 0x80001ffc (0x3458be93) sltiu   t4, a7, 837
core   0: 3 0x80001ffc (0x3458be93) x29 0x00000001
core   0: 0x80002000 (0x00000013) nop
core   0: 3 0x80002000 (0x00000013)
core   0: 0x80002004 (0x01072233) slt     tp, a4, a6
core   0: 3 0x80002004 (0x01072233) x 4 0x00000000
core   0: 0x80002008 (0x024a5f33) divu    t5, s4, tp
core   0: 3 0x80002008 (0x024a5f33) x30 0xffffffff
core   0: 0x8000200c (0x41a48133) sub     sp, s1, s10
core   0: 3 0x8000200c (0x41a48133) x 2 0xffffffff
core   0: 0x80002010 (0x02d23eb3) mulhu   t4, tp, a3
core   0: 3 0x80002010 (0x02d23eb3) x29 0x00000000
core   0: 0x80002014 (0x00089193) slli    gp, a7, 0
core   0: 3 0x80002014 (0x00089193) x 3 0x00000000
core   0: 0x80002018 (0x03ff94b3) mulh    s1, t6, t6
core   0: 3 0x80002018 (0x03ff94b3) x 9 0x00053fae
core   0: 0x8000201c (0x404a87b3) sub     a5, s5, tp
core   0: 3 0x8000201c (0x404a87b3) x15 0x00000000
core   0: 0x80002020 (0x03f87bb3) remu    s7, a6, t6
core   0: 3 0x80002020 (0x03f87bb3) x23 0x01ffce64
core   0: 0x80002024 (0x115e6b13) ori     s6, t3, 277
core   0: 3 0x80002024 (0x115e6b13) x22 0x00000115
core   0: 0x80002028 (0x005d61b3) or      gp, s10, t0
core   0: 3 0x80002028 (0x005d61b3) x 3 0x7f847605
core   0: 0x8000202c (0x41058ab3) sub     s5, a1, a6
core   0: 3 0x8000202c (0x41058ab3) x21 0x7ffeb005
core   0: 0x80002030 (0x007e7e33) and     t3, t3, t2
core   0: 3 0x80002030 (0x007e7e33) x28 0x00000000
core   0: 0x80002034 (0x00000013) nop
core   0: 3 0x80002034 (0x00000013)
core   0: 0x80002038 (0xe1febcb7) lui     s9, 0xe1feb
core   0: 3 0x80002038 (0xe1febcb7) x25 0xe1feb000
core   0: 0x8000203c (0x3a187a93) andi    s5, a6, 929
core   0: 3 0x8000203c (0x3a187a93) x21 0x00000220
core   0: 0x80002040 (0x8d2a0113) addi    sp, s4, -1838
core   0: 3 0x80002040 (0x8d2a0113) x 2 0xfffff8d2
core   0: 0x80002044 (0x82033493) sltiu   s1, t1, -2016
core   0: 3 0x80002044 (0x82033493) x 9 0x00000000
core   0: 0x80002048 (0x03c5a633) mulhsu  a2, a1, t3
core   0: 3 0x80002048 (0x03c5a633) x12 0x00000000
core   0: 0x8000204c (0x01a0aa33) slt     s4, ra, s10
core   0: 3 0x8000204c (0x01a0aa33) x20 0x00000000
core   0: 0x80002050 (0xce19b093) sltiu   ra, s3, -799
core   0: 3 0x80002050 (0xce19b093) x 1 0x00000001
core   0: 0x80002054 (0x41520d33) sub     s10, tp, s5
core   0: 3 0x80002054 (0x41520d33) x26 0xfffffde0
core   0: 0x80002058 (0x02ec03b3) mul     t2, s8, a4
core   0: 3 0x80002058 (0x02ec03b3) x 7 0x3ffeb19d
core   0: 0x8000205c (0x41265913) srai    s2, a2, 18
core   0: 3 0x8000205c (0x41265913) x18 0x00000000
core   0: 0x80002060 (0x01a59613) slli    a2, a1, 26
core   0: 3 0x80002060 (0x01a59613) x12 0xa4000000
core   0: 0x80002064 (0xd50cc013) xori    zero, s9, -688
core   0: 3 0x80002064 (0xd50cc013)
core   0: 0x80002068 (0x00b66a33) or      s4, a2, a1
core   0: 3 0x80002068 (0x00b66a33) x20 0xfffffe69
core   0: 0x8000206c (0x02731b33) mulh    s6, t1, t2
core   0: 3 0x8000206c (0x02731b33) x22 0xffffff02
core   0: 0x80002070 (0x5c417f37) lui     t5, 0x5c417
core   0: 3 0x80002070 (0x5c417f37) x30 0x5c417000
core   0: 0x80002074 (0x01185bb3) srl     s7, a6, a7
core   0: 3 0x80002074 (0x01185bb3) x23 0x80014e64
core   0: 0x80002078 (0x00363933) sltu    s2, a2, gp
core   0: 3 0x80002078 (0x00363933) x18 0x00000000
core   0: 0x8000207c (0xafd97893) andi    a7, s2, -1283
core   0: 3 0x8000207c (0xafd97893) x17 0x00000000
core   0: 0x80002080 (0x0327b3b3) mulhu   t2, a5, s2
core   0: 3 0x80002080 (0x0327b3b3) x 7 0x00000000
core   0: 0x80002084 (0x034137b3) mulhu   a5, sp, s4
core   0: 3 0x80002084 (0x034137b3) x15 0xfffff73b
core   0: 0x80002088 (0x41612393) slti    t2, sp, 1046
core   0: 3 0x80002088 (0x41612393) x 7 0x00000001
core   0: 0x8000208c (0x034a45b3) div     a1, s4, s4
core   0: 3 0x8000208c (0x034a45b3) x11 0x00000001
core   0: 0x80002090 (0x03080e33) mul     t3, a6, a6
core   0: 3 0x80002090 (0x03080e33) x28 0xb4c91710
core   0: 0x80002094 (0x037b58b3) divu    a7, s6, s7
core   0: 3 0x80002094 (0x037b58b3) x17 0x00000001
core   0: 0x80002098 (0x45c44893) xori    a7, s0, 1116
core   0: 3 0x80002098 (0x45c44893) x17 0x0000045c
core   0: 0x8000209c (0x6012f593) andi    a1, t0, 1537
core   0: 3 0x8000209c (0x6012f593) x11 0x00000601
core   0: 0x800020a0 (0x037a8a33) mul     s4, s5, s7
core   0: 3 0x800020a0 (0x037a8a33) x20 0x02c69480
core   0: 0x800020a4 (0xc4868b93) addi    s7, a3, -952
core   0: 3 0x800020a4 (0xc4868b93) x23 0xfffffc48
core   0: 0x800020a8 (0x24e40a13) addi    s4, s0, 590
core   0: 3 0x800020a8 (0x24e40a13) x20 0x0000024e
core   0: 0x800020ac (0x41bbd733) sra     a4, s7, s11
core   0: 3 0x800020ac (0x41bbd733) x14 0xffffffc4
core   0: 0x800020b0 (0x001e3533) sltu    a0, t3, ra
core   0: 3 0x800020b0 (0x001e3533) x10 0x00000000
core   0: 0x800020b4 (0x03d16d33) rem     s10, sp, t4
core   0: 3 0x800020b4 (0x03d16d33) x26 0xfffff8d2
core   0: 0x800020b8 (0x02d7a8b3) mulhsu  a7, a5, a3
core   0: 3 0x800020b8 (0x02d7a8b3) x17 0x00000000
core   0: 0x800020bc (0x02668533) mul     a0, a3, t1
core   0: 3 0x800020bc (0x02668533) x10 0x00000000
core   0: 0x800020c0 (0x010052b3) srl     t0, zero, a6
core   0: 3 0x800020c0 (0x010052b3) x 5 0x00000000
core   0: 0x800020c4 (0x7e050f93) addi    t6, a0, 2016
core   0: 3 0x800020c4 (0x7e050f93) x31 0x000007e0
core   0: 0x800020c8 (0x01a7efb3) or      t6, a5, s10
core   0: 3 0x800020c8 (0x01a7efb3) x31 0xfffffffb
core   0: 0x800020cc (0x018d6cb3) or      s9, s10, s8
core   0: 3 0x800020cc (0x018d6cb3) x25 0xfffff9df
core   0: 0x800020d0 (0x415c8933) sub     s2, s9, s5
core   0: 3 0x800020d0 (0x415c8933) x18 0xfffff7bf
core   0: 0x800020d4 (0xb336d517) auipc   a0, 0xb336d
core   0: 3 0x800020d4 (0xb336d517) x10 0x3336f0d4
core   0: 0x800020d8 (0x46e0a413) slti    s0, ra, 1134
core   0: 3 0x800020d8 (0x46e0a413) x 8 0x00000001
core   0: 0x800020dc (0x01ef1093) slli    ra, t5, 30
core   0: 3 0x800020dc (0x01ef1093) x 1 0x00000000
core   0: 0x800020e0 (0x013ca933) slt     s2, s9, s3
core   0: 3 0x800020e0 (0x013ca933) x18 0x00000001
core   0: 0x800020e4 (0x6f230393) addi    t2, t1, 1778
core   0: 3 0x800020e4 (0x6f230393) x 7 0x000002fc
core   0: 0x800020e8 (0x01ebfd33) and     s10, s7, t5
core   0: 3 0x800020e8 (0x01ebfd33) x26 0x5c417000
core   0: 0x800020ec (0x03482d33) mulhsu  s10, a6, s4
core   0: 3 0x800020ec (0x03482d33) x26 0xfffffed9
core   0: 0x800020f0 (0x03c2b7b3) mulhu   a5, t0, t3
core   0: 3 0x800020f0 (0x03c2b7b3) x15 0x00000000
core   0: 0x800020f4 (0x4c96f613) andi    a2, a3, 1225
core   0: 3 0x800020f4 (0x4c96f613) x12 0x00000000
core   0: 0x800020f8 (0x405cd193) srai    gp, s9, 5
core   0: 3 0x800020f8 (0x405cd193) x 3 0xffffffce
core   0: 0x800020fc (0x7c062c93) slti    s9, a2, 1984
core   0: 3 0x800020fc (0x7c062c93) x25 0x00000001
core   0: 0x80002100 (0xc2248413) addi    s0, s1, -990
core   0: 3 0x80002100 (0xc2248413) x 8 0xfffffc22
core   0: 0x80002104 (0x00915a33) srl     s4, sp, s1
core   0: 3 0x80002104 (0x00915a33) x20 0xfffff8d2
core   0: 0x80002108 (0x0099e233) or      tp, s3, s1
core   0: 3 0x80002108 (0x0099e233) x 4 0x0000000b
core   0: 0x8000210c (0x747acf93) xori    t6, s5, 1863
core   0: 3 0x8000210c (0x747acf93) x31 0x00000567
core   0: 0x80002110 (0x9688a213) slti    tp, a7, -1688
core   0: 3 0x80002110 (0x9688a213) x 4 0x00000000
core   0: 0x80002114 (0x03ae77b3) remu    a5, t3, s10
core   0: 3 0x80002114 (0x03ae77b3) x15 0xb4c91710
core   0: 0x80002118 (0x4ed59217) auipc   tp, 0x4ed59
core   0: 3 0x80002118 (0x4ed59217) x 4 0xced5b118
core   0: 0x8000211c (0x40e556b3) sra     a3, a0, a4
core   0: 3 0x8000211c (0x40e556b3) x13 0x03336f0d
core   0: 0x80002120 (0x41bfdf93) srai    t6, t6, 27
core   0: 3 0x80002120 (0x41bfdf93) x31 0x00000000
core   0: 0x80002124 (0x01f681b3) add     gp, a3, t6
core   0: 3 0x80002124 (0x01f681b3) x 3 0x03336f0d
core   0: 0x80002128 (0xab1d4793) xori    a5, s10, -1359
core   0: 3 0x80002128 (0xab1d4793) x15 0x00000468
core   0: 0x8000212c (0x03b06193) ori     gp, zero, 59
core   0: 3 0x8000212c (0x03b06193) x 3 0x0000003b
core   0: 0x80002130 (0x776ca193) slti    gp, s9, 1910
core   0: 3 0x80002130 (0x776ca193) x 3 0x00000001
core   0: 0x80002134 (0x030484b3) mul     s1, s1, a6
core   0: 3 0x80002134 (0x030484b3) x 9 0x00000000
core   0: 0x80002138 (0x037eb1b3) mulhu   gp, t4, s7
core   0: 3 0x80002138 (0x037eb1b3) x 3 0x00000000
core   0: 0x8000213c (0x0280ecb3) rem     s9, ra, s0
core   0: 3 0x8000213c (0x0280ecb3) x25 0x00000000
core   0: 0x80002140 (0x0104cbb3) xor     s7, s1, a6
core   0: 3 0x80002140 (0x0104cbb3) x23 0x80014e64
core   0: 0x80002144 (0x02195533) divu    a0, s2, ra
core   0: 3 0x80002144 (0x02195533) x10 0xffffffff
core   0: 0x80002148 (0x012c18b3) sll     a7, s8, s2
core   0: 3 0x80002148 (0x012c18b3) x17 0x7ffd633a
core   0: 0x8000214c (0x022faf93) slti    t6, t6, 34
core   0: 3 0x8000214c (0x022faf93) x31 0x00000001
core   0: 0x80002150 (0x4ee46793) ori     a5, s0, 1262
core   0: 3 0x80002150 (0x4ee46793) x15 0xfffffcee
core   0: 0x80002154 (0xdf3caf13) slti    t5, s9, -525
core   0: 3 0x80002154 (0xdf3caf13) x30 0x00000000
core   0: 0x80002158 (0x0112d513) srli    a0, t0, 17
core   0: 3 0x80002158 (0x0112d513) x10 0x00000000
core   0: 0x8000215c (0x020ad333) divu    t1, s5, zero
core   0: 3 0x8000215c (0x020ad333) x 6 0xffffffff
core   0: 0x80002160 (0x025aba33) mulhu   s4, s5, t0
core   0: 3 0x80002160 (0x025aba33) x20 0x00000000
core   0: 0x80002164 (0x41e95113) srai    sp, s2, 30
core   0: 3 0x80002164 (0x41e95113) x 2 0x00000000
core   0: 0x80002168 (0xbcb0a493) slti    s1, ra, -1077
core   0: 3 0x80002168 (0xbcb0a493) x 9 0x00000000
core   0: 0x8000216c (0x010184b3) add     s1, gp, a6
core   0: 3 0x8000216c (0x010184b3) x 9 0x80014e64
core   0: 0x80002170 (0x0a54e693) ori     a3, s1, 165
core   0: 3 0x80002170 (0x0a54e693) x13 0x80014ee5
core   0: 0x80002174 (0xbec28193) addi    gp, t0, -1044
core   0: 3 0x80002174 (0xbec28193) x 3 0xfffffbec
core   0: 0x80002178 (0x00bfdf93) srli    t6, t6, 11
core   0: 3 0x80002178 (0x00bfdf93) x31 0x00000000
core   0: 0x8000217c (0x00371c13) slli    s8, a4, 3
core   0: 3 0x8000217c (0x00371c13) x24 0xfffffe20
core   0: 0x80002180 (0x00be92b3) sll     t0, t4, a1
core   0: 3 0x80002180 (0x00be92b3) x 5 0x00000000
core   0: 0x80002184 (0x02669d33) mulh    s10, a3, t1
core   0: 3 0x80002184 (0x02669d33) x26 0x00000000
core   0: 0x80002188 (0x010527b3) slt     a5, a0, a6
core   0: 3 0x80002188 (0x010527b3) x15 0x00000000
core   0: 0x8000218c (0x0264af33) mulhsu  t5, s1, t1
core   0: 3 0x8000218c (0x0264af33) x30 0x80014e64
core   0: 0x80002190 (0x017ad913) srli    s2, s5, 23
core   0: 3 0x80002190 (0x017ad913) x18 0x00000000
core   0: 0x80002194 (0x007631b3) sltu    gp, a2, t2
core   0: 3 0x80002194 (0x007631b3) x 3 0x00000001
core   0: 0x80002198 (0x03ddf033) remu    zero, s11, t4
core   0: 3 0x80002198 (0x03ddf033)
core   0: 0x8000219c (0x01cc5933) srl     s2, s8, t3
core   0: 3 0x8000219c (0x01cc5933) x18 0x0000ffff
core   0: 0x800021a0 (0x015325b3) slt     a1, t1, s5
core   0: 3 0x800021a0 (0x015325b3) x11 0x00000001
core   0: 0x800021a4 (0xdaf92437) lui     s0, 0xdaf92
core   0: 3 0x800021a4 (0xdaf92437) x 8 0xdaf92000
core   0: 0x800021a8 (0x2029e793) ori     a5, s3, 514
core   0: 3 0x800021a8 (0x2029e793) x15 0x0000020b
core   0: 0x800021ac (0x03140a33) mul     s4, s0, a7
core   0: 3 0x800021ac (0x03140a33) x20 0x93d14000
core   0: 0x800021b0 (0x0053acb3) slt     s9, t2, t0
core   0: 3 0x800021b0 (0x0053acb3) x25 0x00000000
core   0: 0x800021b4 (0x01152f33) slt     t5, a0, a7
core   0: 3 0x800021b4 (0x01152f33) x30 0x00000001
core   0: 0x800021b8 (0x0125f733) and     a4, a1, s2
core   0: 3 0x800021b8 (0x0125f733) x14 0x00000001
core   0: 0x800021bc (0x271e6513) ori     a0, t3, 625
core   0: 3 0x800021bc (0x271e6513) x10 0xb4c91771
core   0: 0x800021c0 (0x40e6da13) srai    s4, a3, 14
core   0: 3 0x800021c0 (0x40e6da13) x20 0xfffe0005
core   0: 0x800021c4 (0x3cb06917) auipc   s2, 0x3cb06
core   0: 3 0x800021c4 (0x3cb06917) x18 0xbcb081c4
core   0: 0x800021c8 (0x005b2233) slt     tp, s6, t0
core   0: 3 0x800021c8 (0x005b2233) x 4 0x00000001
core   0: 0x800021cc (0x0281b533) mulhu   a0, gp, s0
core   0: 3 0x800021cc (0x0281b533) x10 0x00000000
core   0: 0x800021d0 (0x177f8a93) addi    s5, t6, 375
core   0: 3 0x800021d0 (0x177f8a93) x21 0x00000177
core   0: 0x800021d4 (0xd34a3793) sltiu   a5, s4, -716
core   0: 3 0x800021d4 (0xd34a3793) x15 0x00000001
core   0: 0x800021d8 (0x00131ab3) sll     s5, t1, ra
core   0: 3 0x800021d8 (0x00131ab3) x21 0xffffffff
core   0: 0x800021dc (0x010d9913) slli    s2, s11, 16
core   0: 3 0x800021dc (0x010d9913) x18 0x8ce40000
core   0: 0x800021e0 (0x00d46233) or      tp, s0, a3
core   0: 3 0x800021e0 (0x00d46233) x 4 0xdaf96ee5
core   0: 0x800021e4 (0x0315cd33) div     s10, a1, a7
core   0: 3 0x800021e4 (0x0315cd33) x26 0x00000000
core   0: 0x800021e8 (0x006ba3b3) slt     t2, s7, t1
core   0: 3 0x800021e8 (0x006ba3b3) x 7 0x00000001
core   0: 0x800021ec (0xf6408c13) addi    s8, ra, -156
core   0: 3 0x800021ec (0xf6408c13) x24 0xffffff64
core   0: 0x800021f0 (0x034d60b3) rem     ra, s10, s4
core   0: 3 0x800021f0 (0x034d60b3) x 1 0x00000000
core   0: 0x800021f4 (0x00a25613) srli    a2, tp, 10
core   0: 3 0x800021f4 (0x00a25613) x12 0x0036be5b
core   0: 0x800021f8 (0x000f8133) add     sp, t6, zero
core   0: 3 0x800021f8 (0x000f8133) x 2 0x00000000
core   0: 0x800021fc (0x026d2433) mulhsu  s0, s10, t1
core   0: 3 0x800021fc (0x026d2433) x 8 0x00000000
core   0: 0x80002200 (0x013ecd33) xor     s10, t4, s3
core   0: 3 0x80002200 (0x013ecd33) x26 0x0000000b
core   0: 0x80002204 (0x01bc1f33) sll     t5, s8, s11
core   0: 3 0x80002204 (0x01bc1f33) x30 0xfffff640
core   0: 0x80002208 (0x409d0b33) sub     s6, s10, s1
core   0: 3 0x80002208 (0x409d0b33) x22 0x7ffeb1a7
core   0: 0x8000220c (0x02e71933) mulh    s2, a4, a4
core   0: 3 0x8000220c (0x02e71933) x18 0x00000000
core   0: 0x80002210 (0x00b361b3) or      gp, t1, a1
core   0: 3 0x80002210 (0x00b361b3) x 3 0xffffffff
core   0: 0x80002214 (0xb699e893) ori     a7, s3, -1175
core   0: 3 0x80002214 (0xb699e893) x17 0xfffffb6b
core   0: 0x80002218 (0x8ecb4497) auipc   s1, 0x8ecb4
core   0: 3 0x80002218 (0x8ecb4497) x 9 0x0ecb6218
core   0: 0x8000221c (0x004a18b3) sll     a7, s4, tp
core   0: 3 0x8000221c (0x004a18b3) x17 0xffc000a0
core   0: 0x80002220 (0x77798913) addi    s2, s3, 1911
core   0: 3 0x80002220 (0x77798913) x18 0x00000782
core   0: 0x80002224 (0x01aed493) srli    s1, t4, 26
core   0: 3 0x80002224 (0x01aed493) x 9 0x00000000
core   0: 0x80002228 (0x001adfb3) srl     t6, s5, ra
core   0: 3 0x80002228 (0x001adfb3) x31 0xffffffff
core   0: 0x8000222c (0x01705c13) srli    s8, zero, 23
core   0: 3 0x8000222c (0x01705c13) x24 0x00000000
core   0: 0x80002230 (0x0103cd33) xor     s10, t2, a6
core   0: 3 0x80002230 (0x0103cd33) x26 0x80014e65
core   0: 0x80002234 (0xf3d38893) addi    a7, t2, -195
core   0: 3 0x80002234 (0xf3d38893) x17 0xffffff3e
core   0: 0x80002238 (0x406a0933) sub     s2, s4, t1
core   0: 3 0x80002238 (0x406a0933) x18 0xfffe0006
core   0: 0x8000223c (0x030740b3) div     ra, a4, a6
core   0: 3 0x8000223c (0x030740b3) x 1 0x00000000
core   0: 0x80002240 (0x417481b3) sub     gp, s1, s7
core   0: 3 0x80002240 (0x417481b3) x 3 0x7ffeb19c
core   0: 0x80002244 (0x00b970b3) and     ra, s2, a1
core   0: 3 0x80002244 (0x00b970b3) x 1 0x00000000
core   0: 0x80002248 (0x02dc0c33) mul     s8, s8, a3
core   0: 3 0x80002248 (0x02dc0c33) x24 0x00000000
core   0: 0x8000224c (0x43faa193) slti    gp, s5, 1087
core   0: 3 0x8000224c (0x43faa193) x 3 0x00000001
core   0: 0x80002250 (0x004d35b3) sltu    a1, s10, tp
core   0: 3 0x80002250 (0x004d35b3) x11 0x00000001
core   0: 0x80002254 (0x02221533) mulh    a0, tp, sp
core   0: 3 0x80002254 (0x02221533) x10 0x00000000
core   0: 0x80002258 (0x001498b3) sll     a7, s1, ra
core   0: 3 0x80002258 (0x001498b3) x17 0x00000000
core   0: 0x8000225c (0x02e074b3) remu    s1, zero, a4
core   0: 3 0x8000225c (0x02e074b3) x 9 0x00000000
core   0: 0x80002260 (0x094fa593) slti    a1, t6, 148
core   0: 3 0x80002260 (0x094fa593) x11 0x00000001
core   0: 0x80002264 (0xf836ae93) slti    t4, a3, -125
core   0: 3 0x80002264 (0xf836ae93) x29 0x00000001
core   0: 0x80002268 (0x4105d693) srai    a3, a1, 16
core   0: 3 0x80002268 (0x4105d693) x13 0x00000000
core   0: 0x8000226c (0x40d55493) srai    s1, a0, 13
core   0: 3 0x8000226c (0x40d55493) x 9 0x00000000
core   0: 0x80002270 (0x40dad033) sra     zero, s5, a3
core   0: 3 0x80002270 (0x40dad033)
core   0: 0x80002274 (0x03448033) mul     zero, s1, s4
core   0: 3 0x80002274 (0x03448033)
core   0: 0x80002278 (0x9f3b4f93) xori    t6, s6, -1549
core   0: 3 0x80002278 (0x9f3b4f93) x31 0x80014854
core   0: 0x8000227c (0x41f153b3) sra     t2, sp, t6
core   0: 3 0x8000227c (0x41f153b3) x 7 0x00000000
core   0: 0x80002280 (0x028d7cb3) remu    s9, s10, s0
core   0: 3 0x80002280 (0x028d7cb3) x25 0x80014e65
core   0: 0x80002284 (0x00c0df93) srli    t6, ra, 12
core   0: 3 0x80002284 (0x00c0df93) x31 0x00000000
core   0: 0x80002288 (0x047fca93) xori    s5, t6, 71
core   0: 3 0x80002288 (0x047fca93) x21 0x00000047
core   0: 0x8000228c (0x00922bb3) slt     s7, tp, s1
core   0: 3 0x8000228c (0x00922bb3) x23 0x00000001
core   0: 0x80002290 (0xa44fe393) ori     t2, t6, -1468
core   0: 3 0x80002290 (0xa44fe393) x 7 0xfffffa44
core   0: 0x80002294 (0x00000013) nop
core   0: 3 0x80002294 (0x00000013)
core   0: 0x80002298 (0x394c95b7) lui     a1, 0x394c9
core   0: 3 0x80002298 (0x394c95b7) x11 0x394c9000
core   0: 0x8000229c (0xc03eec93) ori     s9, t4, -1021
core   0: 3 0x8000229c (0xc03eec93) x25 0xfffffc03
core   0: 0x800022a0 (0x00000013) nop
core   0: 3 0x800022a0 (0x00000013)
core   0: 0x800022a4 (0x02e4dd33) divu    s10, s1, a4
core   0: 3 0x800022a4 (0x02e4dd33) x26 0x00000000
core   0: 0x800022a8 (0xd0653393) sltiu   t2, a0, -762
core   0: 3 0x800022a8 (0xd0653393) x 7 0x00000001
core   0: 0x800022ac (0x0a327393) andi    t2, tp, 163
core   0: 3 0x800022ac (0x0a327393) x 7 0x000000a1
core   0: 0x800022b0 (0x419c5fb3) sra     t6, s8, s9
core   0: 3 0x800022b0 (0x419c5fb3) x31 0x00000000
core   0: 0x800022b4 (0x031386b3) mul     a3, t2, a7
core   0: 3 0x800022b4 (0x031386b3) x13 0x00000000
core   0: 0x800022b8 (0xbf10d717) auipc   a4, 0xbf10d
core   0: 3 0x800022b8 (0xbf10d717) x14 0x3f10f2b8
core   0: 0x800022bc (0x036011b3) mulh    gp, zero, s6
core   0: 3 0x800022bc (0x036011b3) x 3 0x00000000
core   0: 0x800022c0 (0x00000013) nop
core   0: 3 0x800022c0 (0x00000013)
core   0: 0x800022c4 (0x00531333) sll     t1, t1, t0
core   0: 3 0x800022c4 (0x00531333) x 6 0xffffffff
core   0: 0x800022c8 (0x44600897) auipc   a7, 0x44600
core   0: 3 0x800022c8 (0x44600897) x17 0xc46022c8
core   0: 0x800022cc (0x00f3b7b3) sltu    a5, t2, a5
core   0: 3 0x800022cc (0x00f3b7b3) x15 0x00000000
core   0: 0x800022d0 (0x0370b333) mulhu   t1, ra, s7
core   0: 3 0x800022d0 (0x0370b333) x 6 0x00000000
core   0: 0x800022d4 (0x00601913) slli    s2, zero, 6
core   0: 3 0x800022d4 (0x00601913) x18 0x00000000
core   0: 0x800022d8 (0x00d0af33) slt     t5, ra, a3
core   0: 3 0x800022d8 (0x00d0af33) x30 0x00000000
core   0: 0x800022dc (0x00176f33) or      t5, a4, ra
core   0: 3 0x800022dc (0x00176f33) x30 0x3f10f2b8
core   0: 0x800022e0 (0x4f0f4913) xori    s2, t5, 1264
core   0: 3 0x800022e0 (0x4f0f4913) x18 0x3f10f648
core   0: 0x800022e4 (0x016620b3) slt     ra, a2, s6
core   0: 3 0x800022e4 (0x016620b3) x 1 0x00000001
core   0: 0x800022e8 (0x031dc033) div     zero, s11, a7
core   0: 3 0x800022e8 (0x031dc033)
core   0: 0x800022ec (0xabbae293) ori     t0, s5, -1349
core   0: 3 0x800022ec (0xabbae293) x 5 0xfffffaff
core   0: 0x800022f0 (0x03e55e33) divu    t3, a0, t5
core   0: 3 0x800022f0 (0x03e55e33) x28 0x00000000
core   0: 0x800022f4 (0x0208a533) mulhsu  a0, a7, zero
core   0: 3 0x800022f4 (0x0208a533) x10 0x00000000
core   0: 0x800022f8 (0x00000013) nop
core   0: 3 0x800022f8 (0x00000013)
core   0: 0x800022fc (0x03bccab3) div     s5, s9, s11
core   0: 3 0x800022fc (0x03bccab3) x21 0x00000000
core   0: 0x80002300 (0x03d84233) div     tp, a6, t4
core   0: 3 0x80002300 (0x03d84233) x 4 0x80014e64
core   0: 0x80002304 (0x41e38a33) sub     s4, t2, t5
core   0: 3 0x80002304 (0x41e38a33) x20 0xc0ef0de9
core   0: 0x80002308 (0xe4e8c717) auipc   a4, 0xe4e8c
core   0: 3 0x80002308 (0xe4e8c717) x14 0x64e8e308
core   0: 0x8000230c (0x40615113) srai    sp, sp, 6
core   0: 3 0x8000230c (0x40615113) x 2 0x00000000
core   0: 0x80002310 (0x009bd6b3) srl     a3, s7, s1
core   0: 3 0x80002310 (0x009bd6b3) x13 0x00000001
core   0: 0x80002314 (0x00f15713) srli    a4, sp, 15
core   0: 3 0x80002314 (0x00f15713) x14 0x00000000
core   0: 0x80002318 (0x075ce713) ori     a4, s9, 117
core   0: 3 0x80002318 (0x075ce713) x14 0xfffffc77
core   0: 0x8000231c (0x0379b0b3) mulhu   ra, s3, s7
core   0: 3 0x8000231c (0x0379b0b3) x 1 0x00000000
core   0: 0x80002320 (0x020b2233) mulhsu  tp, s6, zero
core   0: 3 0x80002320 (0x020b2233) x 4 0x00000000
core   0: 0x80002324 (0xca970317) auipc   t1, 0xca970
core   0: 3 0x80002324 (0xca970317) x 6 0x4a972324
core   0: 0x80002328 (0x019bb233) sltu    tp, s7, s9
core   0: 3 0x80002328 (0x019bb233) x 4 0x00000001
core   0: 0x8000232c (0x0042fbb3) and     s7, t0, tp
core   0: 3 0x8000232c (0x0042fbb3) x23 0x00000001
core   0: 0x80002330 (0xcf4c8313) addi    t1, s9, -780
core   0: 3 0x80002330 (0xcf4c8313) x 6 0xfffff8f7
core   0: 0x80002334 (0x8b8e7237) lui     tp, 0x8b8e7
core   0: 3 0x80002334 (0x8b8e7237) x 4 0x8b8e7000
core   0: 0x80002338 (0xfbb848b7) lui     a7, 0xfbb84
core   0: 3 0x80002338 (0xfbb848b7) x17 0xfbb84000
core   0: 0x8000233c (0x03f00a33) mul     s4, zero, t6
core   0: 3 0x8000233c (0x03f00a33) x20 0x00000000
core   0: 0x80002340 (0x02c74233) div     tp, a4, a2
core   0: 3 0x80002340 (0x02c74233) x 4 0x00000000
core   0: 0x80002344 (0x007a3e33) sltu    t3, s4, t2
core   0: 3 0x80002344 (0x007a3e33) x28 0x00000001
core   0: 0x80002348 (0x4043ad13) slti    s10, t2, 1028
core   0: 3 0x80002348 (0x4043ad13) x26 0x00000001
core   0: 0x8000234c (0x0234dbb3) divu    s7, s1, gp
core   0: 3 0x8000234c (0x0234dbb3) x23 0xffffffff
core   0: 0x80002350 (0x00000013) nop
core   0: 3 0x80002350 (0x00000013)
core   0: 0x80002354 (0x030e4233) div     tp, t3, a6
core   0: 3 0x80002354 (0x030e4233) x 4 0x00000000
core   0: 0x80002358 (0x00000013) nop
core   0: 3 0x80002358 (0x00000013)
core   0: 0x8000235c (0xb8243193) sltiu   gp, s0, -1150
core   0: 3 0x8000235c (0xb8243193) x 3 0x00000001
core   0: 0x80002360 (0xcadc03b7) lui     t2, 0xcadc0
core   0: 3 0x80002360 (0xcadc03b7) x 7 0xcadc0000
core   0: 0x80002364 (0x6c0a07b7) lui     a5, 0x6c0a0
core   0: 3 0x80002364 (0x6c0a07b7) x15 0x6c0a0000
core   0: 0x80002368 (0x036a7033) remu    zero, s4, s6
core   0: 3 0x80002368 (0x036a7033)
core   0: 0x8000236c (0x03a3a933) mulhsu  s2, t2, s10
core   0: 3 0x8000236c (0x03a3a933) x18 0xffffffff
core   0: 0x80002370 (0x2cb70b93) addi    s7, a4, 715
core   0: 3 0x80002370 (0x2cb70b93) x23 0xffffff42
core   0: 0x80002374 (0x03031733) mulh    a4, t1, a6
core   0: 3 0x80002374 (0x03031733) x14 0x00000384
core   0: 0x80002378 (0x3e903a13) sltiu   s4, zero, 1001
core   0: 3 0x80002378 (0x3e903a13) x20 0x00000001
core   0: 0x8000237c (0x03e0a2b3) mulhsu  t0, ra, t5
core   0: 3 0x8000237c (0x03e0a2b3) x 5 0x00000000
core   0: 0x80002380 (0x058b7213) andi    tp, s6, 88
core   0: 3 0x80002380 (0x058b7213) x 4 0x00000000
core   0: 0x80002384 (0x268b2017) auipc   zero, 0x268b2
core   0: 3 0x80002384 (0x268b2017)
core   0: 0x80002388 (0x01a8b433) sltu    s0, a7, s10
core   0: 3 0x80002388 (0x01a8b433) x 8 0x00000000
core   0: 0x8000238c (0x008ecd33) xor     s10, t4, s0
core   0: 3 0x8000238c (0x008ecd33) x26 0x00000001
core   0: 0x80002390 (0x40e85113) srai    sp, a6, 14
core   0: 3 0x80002390 (0x40e85113) x 2 0xfffe0005
core   0: 0x80002394 (0x00fb5193) srli    gp, s6, 15
core   0: 3 0x80002394 (0x00fb5193) x 3 0x0000fffd
core   0: 0x80002398 (0x024c6c33) rem     s8, s8, tp
core   0: 3 0x80002398 (0x024c6c33) x24 0x00000000
core   0: 0x8000239c (0x406edcb3) sra     s9, t4, t1
core   0: 3 0x8000239c (0x406edcb3) x25 0x00000000
core   0: 0x800023a0 (0x01356d33) or      s10, a0, s3
core   0: 3 0x800023a0 (0x01356d33) x26 0x0000000b
core   0: 0x800023a4 (0x00af5c33) srl     s8, t5, a0
core   0: 3 0x800023a4 (0x00af5c33) x24 0x3f10f2b8
core   0: 0x800023a8 (0x03c74433) div     s0, a4, t3
core   0: 3 0x800023a8 (0x03c74433) x 8 0x00000384
core   0: 0x800023ac (0x41dade13) srai    t3, s5, 29
core   0: 3 0x800023ac (0x41dade13) x28 0x00000000
core   0: 0x800023b0 (0x00000013) nop
core   0: 3 0x800023b0 (0x00000013)
core   0: 0x800023b4 (0x02224633) div     a2, tp, sp
core   0: 3 0x800023b4 (0x02224633) x12 0x00000000
core   0: 0x800023b8 (0x015e54b3) srl     s1, t3, s5
core   0: 3 0x800023b8 (0x015e54b3) x 9 0x00000000
core   0: 0x800023bc (0x9b50bf13) sltiu   t5, ra, -1611
core   0: 3 0x800023bc (0x9b50bf13) x30 0x00000001
core   0: 0x800023c0 (0x037955b3) divu    a1, s2, s7
core   0: 3 0x800023c0 (0x037955b3) x11 0x00000001
core   0: 0x800023c4 (0x03632233) mulhsu  tp, t1, s6
core   0: 3 0x800023c4 (0x03632233) x 4 0xfffffc7b
core   0: 0x800023c8 (0x4148d433) sra     s0, a7, s4
core   0: 3 0x800023c8 (0x4148d433) x 8 0xfddc2000
core   0: 0x800023cc (0x34786e97) auipc   t4, 0x34786
core   0: 3 0x800023cc (0x34786e97) x29 0xb47883cc
core   0: 0x800023d0 (0x160d7493) andi    s1, s10, 352
core   0: 3 0x800023d0 (0x160d7493) x 9 0x00000000
core   0: 0x800023d4 (0x03429633) mulh    a2, t0, s4
core   0: 3 0x800023d4 (0x03429633) x12 0x00000000
core   0: 0x800023d8 (0x0117d513) srli    a0, a5, 17
core   0: 3 0x800023d8 (0x0117d513) x10 0x00003605
core   0: 0x800023dc (0x006c8233) add     tp, s9, t1
core   0: 3 0x800023dc (0x006c8233) x 4 0xfffff8f7
core   0: 0x800023e0 (0x03a3aa33) mulhsu  s4, t2, s10
core   0: 3 0x800023e0 (0x03a3aa33) x20 0xfffffffd
core   0: 0x800023e4 (0x85eb3793) sltiu   a5, s6, -1954
core   0: 3 0x800023e4 (0x85eb3793) x15 0x00000001
core   0: 0x800023e8 (0x015aec33) or      s8, s5, s5
core   0: 3 0x800023e8 (0x015aec33) x24 0x00000000
core   0: 0x800023ec (0xd4cabb13) sltiu   s6, s5, -692
core   0: 3 0x800023ec (0xd4cabb13) x22 0x00000001
core   0: 0x800023f0 (0x0131ba33) sltu    s4, gp, s3
core   0: 3 0x800023f0 (0x0131ba33) x20 0x00000000
core   0: 0x800023f4 (0x01c506b3) add     a3, a0, t3
core   0: 3 0x800023f4 (0x01c506b3) x13 0x00003605
core   0: 0x800023f8 (0x5064bcb7) lui     s9, 0x5064b
core   0: 3 0x800023f8 (0x5064bcb7) x25 0x5064b000
core   0: 0x800023fc (0x02cc31b3) mulhu   gp, s8, a2
core   0: 3 0x800023fc (0x02cc31b3) x 3 0x00000000
core   0: 0x80002400 (0x01b45013) srli    zero, s0, 27
core   0: 3 0x80002400 (0x01b45013)
core   0: 0x80002404 (0x41f35fb3) sra     t6, t1, t6
core   0: 3 0x80002404 (0x41f35fb3) x31 0xfffff8f7
core   0: 0x80002408 (0x00000013) nop
core   0: 3 0x80002408 (0x00000013)
core   0: 0x8000240c (0x64b4e193) ori     gp, s1, 1611
core   0: 3 0x8000240c (0x64b4e193) x 3 0x0000064b
core   0: 0x80002410 (0x024c0d33) mul     s10, s8, tp
core   0: 3 0x80002410 (0x024c0d33) x26 0x00000000
core   0: 0x80002414 (0xcac8b797) auipc   a5, 0xcac8b
core   0: 3 0x80002414 (0xcac8b797) x15 0x4ac8d414
core   0: 0x80002418 (0xdbcdf193) andi    gp, s11, -580
core   0: 3 0x80002418 (0xdbcdf193) x 3 0x80018ca4
core   0: 0x8000241c (0x033a9cb3) mulh    s9, s5, s3
core   0: 3 0x8000241c (0x033a9cb3) x25 0x00000000
core   0: 0x80002420 (0x02f3d433) divu    s0, t2, a5
core   0: 3 0x80002420 (0x02f3d433) x 8 0x00000002
core   0: 0x80002424 (0x40365513) srai    a0, a2, 3
core   0: 3 0x80002424 (0x40365513) x10 0x00000000
core   0: 0x80002428 (0x009c68b3) or      a7, s8, s1
core   0: 3 0x80002428 (0x009c68b3) x17 0x00000000
core   0: 0x8000242c (0x03fc8433) mul     s0, s9, t6
core   0: 3 0x8000242c (0x03fc8433) x 8 0x00000000
core   0: 0x80002430 (0x01283f33) sltu    t5, a6, s2
core   0: 3 0x80002430 (0x01283f33) x30 0x00000001
core   0: 0x80002434 (0x00d093b3) sll     t2, ra, a3
core   0: 3 0x80002434 (0x00d093b3) x 7 0x00000000
core   0: 0x80002438 (0x02b593b3) mulh    t2, a1, a1
core   0: 3 0x80002438 (0x02b593b3) x 7 0x00000000
core   0: 0x8000243c (0x0084b1b3) sltu    gp, s1, s0
core   0: 3 0x8000243c (0x0084b1b3) x 3 0x00000000
core   0: 0x80002440 (0x0136e4b3) or      s1, a3, s3
core   0: 3 0x80002440 (0x0136e4b3) x 9 0x0000360f
core   0: 0x80002444 (0x006b2533) slt     a0, s6, t1
core   0: 3 0x80002444 (0x006b2533) x10 0x00000000
core   0: 0x80002448 (0x01efe033) or      zero, t6, t5
core   0: 3 0x80002448 (0x01efe033)
core   0: 0x8000244c (0x41c10cb3) sub     s9, sp, t3
core   0: 3 0x8000244c (0x41c10cb3) x25 0xfffe0005
core   0: 0x80002450 (0x03c8a933) mulhsu  s2, a7, t3
core   0: 3 0x80002450 (0x03c8a933) x18 0x00000000
core   0: 0x80002454 (0x024f3233) mulhu   tp, t5, tp
core   0: 3 0x80002454 (0x024f3233) x 4 0x00000000
core   0: 0x80002458 (0x039101b3) mul     gp, sp, s9
core   0: 3 0x80002458 (0x039101b3) x 3 0xffec0019
core   0: 0x8000245c (0x03dc4fb3) div     t6, s8, t4
core   0: 3 0x8000245c (0x03dc4fb3) x31 0x00000000
core   0: 0x80002460 (0x031e8b33) mul     s6, t4, a7
core   0: 3 0x80002460 (0x031e8b33) x22 0x00000000
core   0: 0x80002464 (0x64333e13) sltiu   t3, t1, 1603
core   0: 3 0x80002464 (0x64333e13) x28 0x00000000
core   0: 0x80002468 (0x02ef5e33) divu    t3, t5, a4
core   0: 3 0x80002468 (0x02ef5e33) x28 0x00000000
core   0: 0x8000246c (0x7717b293) sltiu   t0, a5, 1905
core   0: 3 0x8000246c (0x7717b293) x 5 0x00000000
core   0: 0x80002470 (0x03cb4233) div     tp, s6, t3
core   0: 3 0x80002470 (0x03cb4233) x 4 0xffffffff
core   0: 0x80002474 (0x01231793) slli    a5, t1, 18
core   0: 3 0x80002474 (0x01231793) x15 0xe3dc0000
core   0: 0x80002478 (0x039431b3) mulhu   gp, s0, s9
core   0: 3 0x80002478 (0x039431b3) x 3 0x00000000
core   0: 0x8000247c (0xc7006013) ori     zero, zero, -912
core   0: 3 0x8000247c (0xc7006013)
core   0: 0x80002480 (0xbc447d13) andi    s10, s0, -1084
core   0: 3 0x80002480 (0xbc447d13) x26 0x00000000
core   0: 0x80002484 (0x30f76e13) ori     t3, a4, 783
core   0: 3 0x80002484 (0x30f76e13) x28 0x0000038f
core   0: 0x80002488 (0x0394d1b3) divu    gp, s1, s9
core   0: 3 0x80002488 (0x0394d1b3) x 3 0x00000000
core   0: 0x8000248c (0x028b28b3) mulhsu  a7, s6, s0
core   0: 3 0x8000248c (0x028b28b3) x17 0x00000000
core   0: 0x80002490 (0x03d16fb3) rem     t6, sp, t4
core   0: 3 0x80002490 (0x03d16fb3) x31 0xfffe0005
core   0: 0x80002494 (0xe1b4bd13) sltiu   s10, s1, -485
core   0: 3 0x80002494 (0xe1b4bd13) x26 0x00000001
core   0: 0x80002498 (0x015e42b3) xor     t0, t3, s5
core   0: 3 0x80002498 (0x015e42b3) x 5 0x0000038f
core   0: 0x8000249c (0x00a9d893) srli    a7, s3, 10
core   0: 3 0x8000249c (0x00a9d893) x17 0x00000000
core   0: 0x800024a0 (0x01f61093) slli    ra, a2, 31
core   0: 3 0x800024a0 (0x01f61093) x 1 0x00000000
core   0: 0x800024a4 (0x03c6a2b3) mulhsu  t0, a3, t3
core   0: 3 0x800024a4 (0x03c6a2b3) x 5 0x00000000
core   0: 0x800024a8 (0x014112b3) sll     t0, sp, s4
core   0: 3 0x800024a8 (0x014112b3) x 5 0xfffe0005
core   0: 0x800024ac (0x01d11c33) sll     s8, sp, t4
core   0: 3 0x800024ac (0x01d11c33) x24 0xe0005000
core   0: 0x800024b0 (0xdbc1ae13) slti    t3, gp, -580
core   0: 3 0x800024b0 (0xdbc1ae13) x28 0x00000000
core   0: 0x800024b4 (0x3c284e93) xori    t4, a6, 962
core   0: 3 0x800024b4 (0x3c284e93) x29 0x80014da6
core   0: 0x800024b8 (0x609bf493) andi    s1, s7, 1545
core   0: 3 0x800024b8 (0x609bf493) x 9 0x00000600
core   0: 0x800024bc (0x40a25033) sra     zero, tp, a0
core   0: 3 0x800024bc (0x40a25033)
core   0: 0x800024c0 (0x0118ac33) slt     s8, a7, a7
core   0: 3 0x800024c0 (0x0118ac33) x24 0x00000000
core   0: 0x800024c4 (0xe7d6fe13) andi    t3, a3, -387
core   0: 3 0x800024c4 (0xe7d6fe13) x28 0x00003605
core   0: 0x800024c8 (0xb7713c13) sltiu   s8, sp, -1161
core   0: 3 0x800024c8 (0xb7713c13) x24 0x00000001
core   0: 0x800024cc (0x014ad893) srli    a7, s5, 20
core   0: 3 0x800024cc (0x014ad893) x17 0x00000000
core   0: 0x800024d0 (0x004788b3) add     a7, a5, tp
core   0: 3 0x800024d0 (0x004788b3) x17 0xe3dbffff
core   0: 0x800024d4 (0x60daba93) sltiu   s5, s5, 1549
core   0: 3 0x800024d4 (0x60daba93) x21 0x00000001
core   0: 0x800024d8 (0x00e263b3) or      t2, tp, a4
core   0: 3 0x800024d8 (0x00e263b3) x 7 0xffffffff
core   0: 0x800024dc (0x01435b33) srl     s6, t1, s4
core   0: 3 0x800024dc (0x01435b33) x22 0xfffff8f7
core   0: 0x800024e0 (0x01d82c33) slt     s8, a6, t4
core   0: 3 0x800024e0 (0x01d82c33) x24 0x00000000
core   0: 0x800024e4 (0xe47b6e93) ori     t4, s6, -441
core   0: 3 0x800024e4 (0xe47b6e93) x29 0xfffffef7
core   0: 0x800024e8 (0x0263e533) rem     a0, t2, t1
core   0: 3 0x800024e8 (0x0263e533) x10 0xffffffff
core   0: 0x800024ec (0x0284f1b3) remu    gp, s1, s0
core   0: 3 0x800024ec (0x0284f1b3) x 3 0x00000600
core   0: 0x800024f0 (0x01f297b3) sll     a5, t0, t6
core   0: 3 0x800024f0 (0x01f297b3) x15 0xffc000a0
core   0: 0x800024f4 (0x029c2633) mulhsu  a2, s8, s1
core   0: 3 0x800024f4 (0x029c2633) x12 0x00000000
core   0: 0x800024f8 (0x03f30a33) mul     s4, t1, t6
core   0: 3 0x800024f8 (0x03f30a33) x20 0x0e11dcd3
core   0: 0x800024fc (0x025c7033) remu    zero, s8, t0
core   0: 3 0x800024fc (0x025c7033)
core   0: 0x80002500 (0x03b03bb3) mulhu   s7, zero, s11
core   0: 3 0x80002500 (0x03b03bb3) x23 0x00000000
core   0: 0x80002504 (0x02fdf2b3) remu    t0, s11, a5
core   0: 3 0x80002504 (0x02fdf2b3) x 5 0x80018ce4
core   0: 0x80002508 (0x40b68033) sub     zero, a3, a1
core   0: 3 0x80002508 (0x40b68033)
core   0: 0x8000250c (0x000a0533) add     a0, s4, zero
core   0: 3 0x8000250c (0x000a0533) x10 0x0e11dcd3
core   0: 0x80002510 (0x010aa5b3) slt     a1, s5, a6
core   0: 3 0x80002510 (0x010aa5b3) x11 0x00000000
core   0: 0x80002514 (0xe048e013) ori     zero, a7, -508
core   0: 3 0x80002514 (0xe048e013)
core   0: 0x80002518 (0xc22945b7) lui     a1, 0xc2294
core   0: 3 0x80002518 (0xc22945b7) x11 0xc2294000
core   0: 0x8000251c (0xf5f87c93) andi    s9, a6, -161
core   0: 3 0x8000251c (0xf5f87c93) x25 0x80014e44
core   0: 0x80002520 (0x6cc42d17) auipc   s10, 0x6cc42
core   0: 3 0x80002520 (0x6cc42d17) x26 0xecc44520
core   0: 0x80002524 (0x027d17b3) mulh    a5, s10, t2
core   0: 3 0x80002524 (0x027d17b3) x15 0x00000000
core   0: 0x80002528 (0x9e163593) sltiu   a1, a2, -1567
core   0: 3 0x80002528 (0x9e163593) x11 0x00000001
core   0: 0x8000252c (0xcb657913) andi    s2, a0, -842
core   0: 3 0x8000252c (0xcb657913) x18 0x0e11dc92
core   0: 0x80002530 (0x013c1ab3) sll     s5, s8, s3
core   0: 3 0x80002530 (0x013c1ab3) x21 0x00000000
core   0: 0x80002534 (0x2a2ff393) andi    t2, t6, 674
core   0: 3 0x80002534 (0x2a2ff393) x 7 0x00000000
core   0: 0x80002538 (0x00311733) sll     a4, sp, gp
core   0: 3 0x80002538 (0x00311733) x14 0xfffe0005
core   0: 0x8000253c (0x02fdf533) remu    a0, s11, a5
core   0: 3 0x8000253c (0x02fdf533) x10 0x80018ce4
core   0: 0x80002540 (0x4e760e93) addi    t4, a2, 1255
core   0: 3 0x80002540 (0x4e760e93) x29 0x000004e7
core   0: 0x80002544 (0x02653933) mulhu   s2, a0, t1
core   0: 3 0x80002544 (0x02653933) x18 0x8001895f
core   0: 0x80002548 (0x5db18593) addi    a1, gp, 1499
core   0: 3 0x80002548 (0x5db18593) x11 0x00000bdb
core   0: 0x8000254c (0x73638e93) addi    t4, t2, 1846
core   0: 3 0x8000254c (0x73638e93) x29 0x00000736
core   0: 0x80002550 (0x0224ccb3) div     s9, s1, sp
core   0: 3 0x80002550 (0x0224ccb3) x25 0x00000000
core   0: 0x80002554 (0x006b8b33) add     s6, s7, t1
core   0: 3 0x80002554 (0x006b8b33) x22 0xfffff8f7
core   0: 0x80002558 (0x03ba26b3) mulhsu  a3, s4, s11
core   0: 3 0x80002558 (0x03ba26b3) x13 0x07090439
core   0: 0x8000255c (0x5a674093) xori    ra, a4, 1446
core   0: 3 0x8000255c (0x5a674093) x 1 0xfffe05a3
core   0: 0x80002560 (0x0017d493) srli    s1, a5, 1
core   0: 3 0x80002560 (0x0017d493) x 9 0x00000000
core   0: 0x80002564 (0x03b54ab3) div     s5, a0, s11
core   0: 3 0x80002564 (0x03b54ab3) x21 0x00000001
core   0: 0x80002568 (0x13114593) xori    a1, sp, 305
core   0: 3 0x80002568 (0x13114593) x11 0xfffe0134
core   0: 0x8000256c (0x036768b3) rem     a7, a4, s6
core   0: 3 0x8000256c (0x036768b3) x17 0xfffffa8d
core   0: 0x80002570 (0x01d650b3) srl     ra, a2, t4
core   0: 3 0x80002570 (0x01d650b3) x 1 0x00000000
core   0: 0x80002574 (0x03c6bfb3) mulhu   t6, a3, t3
core   0: 3 0x80002574 (0x03c6bfb3) x31 0x0000017c
core   0: 0x80002578 (0x001c28b3) slt     a7, s8, ra
core   0: 3 0x80002578 (0x001c28b3) x17 0x00000000
core   0: 0x8000257c (0x0379ba33) mulhu   s4, s3, s7
core   0: 3 0x8000257c (0x0379ba33) x20 0x00000000
core   0: 0x80002580 (0x02e4f2b3) remu    t0, s1, a4
core   0: 3 0x80002580 (0x02e4f2b3) x 5 0x00000000
core   0: 0x80002584 (0xbd602e13) slti    t3, zero, -1066
core   0: 3 0x80002584 (0xbd602e13) x28 0x00000000
core   0: 0x80002588 (0x00711613) slli    a2, sp, 7
core   0: 3 0x80002588 (0x00711613) x12 0xff000280
core   0: 0x8000258c (0x41d98333) sub     t1, s3, t4
core   0: 3 0x8000258c (0x41d98333) x 6 0xfffff8d5
core   0: 0x80002590 (0x02919fb3) mulh    t6, gp, s1
core   0: 3 0x80002590 (0x02919fb3) x31 0x00000000
core   0: 0x80002594 (0x94676793) ori     a5, a4, -1722
core   0: 3 0x80002594 (0x94676793) x15 0xfffff947
core   0: 0x80002598 (0x021688b3) mul     a7, a3, ra
core   0: 3 0x80002598 (0x021688b3) x17 0x00000000
core   0: 0x8000259c (0x03212e33) mulhsu  t3, sp, s2
core   0: 3 0x8000259c (0x03212e33) x28 0xfffeffff
core   0: 0x800025a0 (0x03a43ab3) mulhu   s5, s0, s10
core   0: 3 0x800025a0 (0x03a43ab3) x21 0x00000000
core   0: 0x800025a4 (0x01e8e733) or      a4, a7, t5
core   0: 3 0x800025a4 (0x01e8e733) x14 0x00000001
core   0: 0x800025a8 (0x011bc5b3) xor     a1, s7, a7
core   0: 3 0x800025a8 (0x011bc5b3) x11 0x00000000
core   0: 0x800025ac (0x4156d6b3) sra     a3, a3, s5
core   0: 3 0x800025ac (0x4156d6b3) x13 0x07090439
core   0: 0x800025b0 (0x5e912a93) slti    s5, sp, 1513
core   0: 3 0x800025b0 (0x5e912a93) x21 0x00000001
core   0: 0x800025b4 (0x0e8aab13) slti    s6, s5, 232
core   0: 3 0x800025b4 (0x0e8aab13) x22 0x00000001
core   0: 0x800025b8 (0x00fda0b3) slt     ra, s11, a5
core   0: 3 0x800025b8 (0x00fda0b3) x 1 0x00000001
core   0: 0x800025bc (0x00ec5e13) srli    t3, s8, 14
core   0: 3 0x800025bc (0x00ec5e13) x28 0x00000000
core   0: 0x800025c0 (0x03003433) mulhu   s0, zero, a6
core   0: 3 0x800025c0 (0x03003433) x 8 0x00000000
core   0: 0x800025c4 (0x01a2beb3) sltu    t4, t0, s10
core   0: 3 0x800025c4 (0x01a2beb3) x29 0x00000001
core   0: 0x800025c8 (0x010d00b3) add     ra, s10, a6
core   0: 3 0x800025c8 (0x010d00b3) x 1 0x6cc59384
core   0: 0x800025cc (0x0051eab3) or      s5, gp, t0
core   0: 3 0x800025cc (0x0051eab3) x21 0x00000600
core   0: 0x800025d0 (0x01ef83b3) add     t2, t6, t5
core   0: 3 0x800025d0 (0x01ef83b3) x 7 0x00000001
core   0: 0x800025d4 (0x01b4ef33) or      t5, s1, s11
core   0: 3 0x800025d4 (0x01b4ef33) x30 0x80018ce4
core   0: 0x800025d8 (0x03de8733) mul     a4, t4, t4
core   0: 3 0x800025d8 (0x03de8733) x14 0x00000001
core   0: 0x800025dc (0x01b5c133) xor     sp, a1, s11
core   0: 3 0x800025dc (0x01b5c133) x 2 0x80018ce4
core   0: 0x800025e0 (0x032f66b3) rem     a3, t5, s2
core   0: 3 0x800025e0 (0x032f66b3) x13 0x80018ce4
core   0: 0x800025e4 (0x9f582e97) auipc   t4, 0x9f582
core   0: 3 0x800025e4 (0x9f582e97) x29 0x1f5845e4
core   0: 0x800025e8 (0x027ee933) rem     s2, t4, t2
core   0: 3 0x800025e8 (0x027ee933) x18 0x00000000
core   0: 0x800025ec (0x0222c433) div     s0, t0, sp
core   0: 3 0x800025ec (0x0222c433) x 8 0x00000000
core   0: 0x800025f0 (0x416cdbb3) sra     s7, s9, s6
core   0: 3 0x800025f0 (0x416cdbb3) x23 0x00000000
core   0: 0x800025f4 (0x00a0e533) or      a0, ra, a0
core   0: 3 0x800025f4 (0x00a0e533) x10 0xecc59fe4
core   0: 0x800025f8 (0x00000013) nop
core   0: 3 0x800025f8 (0x00000013)
core   0: 0x800025fc (0x00bcbcb3) sltu    s9, s9, a1
core   0: 3 0x800025fc (0x00bcbcb3) x25 0x00000000
core   0: 0x80002600 (0x5c822c93) slti    s9, tp, 1480
core   0: 3 0x80002600 (0x5c822c93) x25 0x00000001
core   0: 0x80002604 (0x0328d2b3) divu    t0, a7, s2
core   0: 3 0x80002604 (0x0328d2b3) x 5 0xffffffff
core   0: 0x80002608 (0x025d42b3) div     t0, s10, t0
core   0: 3 0x80002608 (0x025d42b3) x 5 0x133bbae0
core   0: 0x8000260c (0x03773933) mulhu   s2, a4, s7
core   0: 3 0x8000260c (0x03773933) x18 0x00000000
core   0: 0x80002610 (0x0082ffb3) and     t6, t0, s0
core   0: 3 0x80002610 (0x0082ffb3) x31 0x00000000
core   0: 0x80002614 (0x0223aa33) mulhsu  s4, t2, sp
core   0: 3 0x80002614 (0x0223aa33) x20 0x00000000
core   0: 0x80002618 (0x7a204213) xori    tp, zero, 1954
core   0: 3 0x80002618 (0x7a204213) x 4 0x000007a2
core   0: 0x8000261c (0x00415793) srli    a5, sp, 4
core   0: 3 0x8000261c (0x00415793) x15 0x080018ce
core   0: 0x80002620 (0x01d825b3) slt     a1, a6, t4
core   0: 3 0x80002620 (0x01d825b3) x11 0x00000001
core   0: 0x80002624 (0x01d71393) slli    t2, a4, 29
core   0: 3 0x80002624 (0x01d71393) x 7 0x20000000
core   0: 0x80002628 (0x037b8533) mul     a0, s7, s7
core   0: 3 0x80002628 (0x037b8533) x10 0x00000000
core   0: 0x8000262c (0x03f66cb3) rem     s9, a2, t6
core   0: 3 0x8000262c (0x03f66cb3) x25 0xff000280
core   0: 0x80002630 (0xcdfee893) ori     a7, t4, -801
core   0: 3 0x80002630 (0xcdfee893) x17 0xfffffdff
core   0: 0x80002634 (0x03e528b3) mulhsu  a7, a0, t5
core   0: 3 0x80002634 (0x03e528b3) x17 0x00000000
core   0: 0x80002638 (0x01d69313) slli    t1, a3, 29
core   0: 3 0x80002638 (0x01d69313) x 6 0x80000000
core   0: 0x8000263c (0x0208de33) divu    t3, a7, zero
core   0: 3 0x8000263c (0x0208de33) x28 0xffffffff
core   0: 0x80002640 (0x0051f6b3) and     a3, gp, t0
core   0: 3 0x80002640 (0x0051f6b3) x13 0x00000200
core   0: 0x80002644 (0x00cbd933) srl     s2, s7, a2
core   0: 3 0x80002644 (0x00cbd933) x18 0x00000000
core   0: 0x80002648 (0x0191de13) srli    t3, gp, 25
core   0: 3 0x80002648 (0x0191de13) x28 0x00000000
core   0: 0x8000264c (0xd6230ab7) lui     s5, 0xd6230
core   0: 3 0x8000264c (0xd6230ab7) x21 0xd6230000
core   0: 0x80002650 (0x020c30b3) mulhu   ra, s8, zero
core   0: 3 0x80002650 (0x020c30b3) x 1 0x00000000
core   0: 0x80002654 (0x015963b3) or      t2, s2, s5
core   0: 3 0x80002654 (0x015963b3) x 7 0xd6230000
core   0: 0x80002658 (0x0352d333) divu    t1, t0, s5
core   0: 3 0x80002658 (0x0352d333) x 6 0x00000000
core   0: 0x8000265c (0x005a5193) srli    gp, s4, 5
core   0: 3 0x8000265c (0x005a5193) x 3 0x00000000
core   0: 0x80002660 (0x02c9b733) mulhu   a4, s3, a2
core   0: 3 0x80002660 (0x02c9b733) x14 0x0000000a
core   0: 0x80002664 (0x034c92b3) mulh    t0, s9, s4
core   0: 3 0x80002664 (0x034c92b3) x 5 0x00000000
core   0: 0x80002668 (0x035990b3) mulh    ra, s3, s5
core   0: 3 0x80002668 (0x035990b3) x 1 0xfffffffe
core   0: 0x8000266c (0x022fc8b3) div     a7, t6, sp
core   0: 3 0x8000266c (0x022fc8b3) x17 0x00000000
core   0: 0x80002670 (0x41a65793) srai    a5, a2, 26
core   0: 3 0x80002670 (0x41a65793) x15 0xffffffff
core   0: 0x80002674 (0x40165913) srai    s2, a2, 1
core   0: 3 0x80002674 (0x40165913) x18 0xff800140
core   0: 0x80002678 (0x03541fb3) mulh    t6, s0, s5
core   0: 3 0x80002678 (0x03541fb3) x31 0x00000000
core   0: 0x8000267c (0xd6d28593) addi    a1, t0, -659
core   0: 3 0x8000267c (0xd6d28593) x11 0xfffffd6d
core   0: 0x80002680 (0x00000013) nop
core   0: 3 0x80002680 (0x00000013)
core   0: 0x80002684 (0x0149afb3) slt     t6, s3, s4
core   0: 3 0x80002684 (0x0149afb3) x31 0x00000000
core   0: 0x80002688 (0x031a2433) mulhsu  s0, s4, a7
core   0: 3 0x80002688 (0x031a2433) x 8 0x00000000
core   0: 0x8000268c (0x026895b3) mulh    a1, a7, t1
core   0: 3 0x8000268c (0x026895b3) x11 0x00000000
core   0: 0x80002690 (0x020dd333) divu    t1, s11, zero
core   0: 3 0x80002690 (0x020dd333) x 6 0xffffffff
core   0: 0x80002694 (0x01492433) slt     s0, s2, s4
core   0: 3 0x80002694 (0x01492433) x 8 0x00000001
core   0: 0x80002698 (0x00cbd113) srli    sp, s7, 12
core   0: 3 0x80002698 (0x00cbd113) x 2 0x00000000
core   0: 0x8000269c (0x030a1633) mulh    a2, s4, a6
core   0: 3 0x8000269c (0x030a1633) x12 0x00000000
core   0: 0x800026a0 (0x03d07eb3) remu    t4, zero, t4
core   0: 3 0x800026a0 (0x03d07eb3) x29 0x00000000
core   0: 0x800026a4 (0x411bdeb3) sra     t4, s7, a7
core   0: 3 0x800026a4 (0x411bdeb3) x29 0x00000000
core   0: 0x800026a8 (0x03823933) mulhu   s2, tp, s8
core   0: 3 0x800026a8 (0x03823933) x18 0x00000000
core   0: 0x800026ac (0x02f21a33) mulh    s4, tp, a5
core   0: 3 0x800026ac (0x02f21a33) x20 0xffffffff
core   0: 0x800026b0 (0x008e01b3) add     gp, t3, s0
core   0: 3 0x800026b0 (0x008e01b3) x 3 0x00000001
core   0: 0x800026b4 (0x01c5a233) slt     tp, a1, t3
core   0: 3 0x800026b4 (0x01c5a233) x 4 0x00000000
core   0: 0x800026b8 (0x03839bb3) mulh    s7, t2, s8
core   0: 3 0x800026b8 (0x03839bb3) x23 0x00000000
core   0: 0x800026bc (0x01d6de13) srli    t3, a3, 29
core   0: 3 0x800026bc (0x01d6de13) x28 0x00000000
core   0: 0x800026c0 (0x004a1193) slli    gp, s4, 4
core   0: 3 0x800026c0 (0x004a1193) x 3 0xfffffff0
core   0: 0x800026c4 (0x41135f93) srai    t6, t1, 17
core   0: 3 0x800026c4 (0x41135f93) x31 0xffffffff
core   0: 0x800026c8 (0x41125193) srai    gp, tp, 17
core   0: 3 0x800026c8 (0x41125193) x 3 0x00000000
core   0: 0x800026cc (0x01aef7b3) and     a5, t4, s10
core   0: 3 0x800026cc (0x01aef7b3) x15 0x00000000
core   0: 0x800026d0 (0xf84aea13) ori     s4, s5, -124
core   0: 3 0x800026d0 (0xf84aea13) x20 0xffffff84
core   0: 0x800026d4 (0xa1b70293) addi    t0, a4, -1509
core   0: 3 0x800026d4 (0xa1b70293) x 5 0xfffffa25
core   0: 0x800026d8 (0x92676113) ori     sp, a4, -1754
core   0: 3 0x800026d8 (0x92676113) x 2 0xfffff92e
core   0: 0x800026dc (0xc2808513) addi    a0, ra, -984
core   0: 3 0x800026dc (0xc2808513) x10 0xfffffc26
core   0: 0x800026e0 (0xe5654793) xori    a5, a0, -426
core   0: 3 0x800026e0 (0xe5654793) x15 0x00000270
core   0: 0x800026e4 (0x1b6d8293) addi    t0, s11, 438
core   0: 3 0x800026e4 (0x1b6d8293) x 5 0x80018e9a
core   0: 0x800026e8 (0x89185737) lui     a4, 0x89185
core   0: 3 0x800026e8 (0x89185737) x14 0x89185000
core   0: 0x800026ec (0x3eccba93) sltiu   s5, s9, 1004
core   0: 3 0x800026ec (0x3eccba93) x21 0x00000000
core   0: 0x800026f0 (0xbb113513) sltiu   a0, sp, -1103
core   0: 3 0x800026f0 (0xbb113513) x10 0x00000001
core   0: 0x800026f4 (0x00eae133) or      sp, s5, a4
core   0: 3 0x800026f4 (0x00eae133) x 2 0x89185000
core   0: 0x800026f8 (0x41945cb3) sra     s9, s0, s9
core   0: 3 0x800026f8 (0x41945cb3) x25 0x00000001
core   0: 0x800026fc (0xe2f55037) lui     zero, 0xe2f55
core   0: 3 0x800026fc (0xe2f55037)
core   0: 0x80002700 (0x004dfe33) and     t3, s11, tp
core   0: 3 0x80002700 (0x004dfe33) x28 0x00000000
core   0: 0x80002704 (0x026fb8b3) mulhu   a7, t6, t1
core   0: 3 0x80002704 (0x026fb8b3) x17 0xfffffffe
core   0: 0x80002708 (0x01ec1a93) slli    s5, s8, 30
core   0: 3 0x80002708 (0x01ec1a93) x21 0x00000000
core   0: 0x8000270c (0x08ebf413) andi    s0, s7, 142
core   0: 3 0x8000270c (0x08ebf413) x 8 0x00000000
core   0: 0x80002710 (0x02dc2913) slti    s2, s8, 45
core   0: 3 0x80002710 (0x02dc2913) x18 0x00000001
core   0: 0x80002714 (0x03cfa5b3) mulhsu  a1, t6, t3
core   0: 3 0x80002714 (0x03cfa5b3) x11 0x00000000
core   0: 0x80002718 (0x02a52ab3) mulhsu  s5, a0, a0
core   0: 3 0x80002718 (0x02a52ab3) x21 0x00000000
core   0: 0x8000271c (0x03a878b3) remu    a7, a6, s10
core   0: 3 0x8000271c (0x03a878b3) x17 0x80014e64
core   0: 0x80002720 (0x01f16fb3) or      t6, sp, t6
core   0: 3 0x80002720 (0x01f16fb3) x31 0xffffffff
core   0: 0x80002724 (0x00b55633) srl     a2, a0, a1
core   0: 3 0x80002724 (0x00b55633) x12 0x00000001
core   0: 0x80002728 (0x41ded613) srai    a2, t4, 29
core   0: 3 0x80002728 (0x41ded613) x12 0x00000000
core   0: 0x8000272c (0x036a3bb3) mulhu   s7, s4, s6
core   0: 3 0x8000272c (0x036a3bb3) x23 0x00000000
core   0: 0x80002730 (0x03d961b3) rem     gp, s2, t4
core   0: 3 0x80002730 (0x03d961b3) x 3 0x00000001
core   0: 0x80002734 (0x032b56b3) divu    a3, s6, s2
core   0: 3 0x80002734 (0x032b56b3) x13 0x00000001
core   0: 0x80002738 (0x5ba76b13) ori     s6, a4, 1466
core   0: 3 0x80002738 (0x5ba76b13) x22 0x891855ba
core   0: 0x8000273c (0x00da4bb3) xor     s7, s4, a3
core   0: 3 0x8000273c (0x00da4bb3) x23 0xffffff85
core   0: 0x80002740 (0x406f5c33) sra     s8, t5, t1
core   0: 3 0x80002740 (0x406f5c33) x24 0xffffffff
core   0: 0x80002744 (0x01461c33) sll     s8, a2, s4
core   0: 3 0x80002744 (0x01461c33) x24 0x00000000
core   0: 0x80002748 (0x71924e13) xori    t3, tp, 1817
core   0: 3 0x80002748 (0x71924e13) x28 0x00000719
core   0: 0x8000274c (0x0111e4b3) or      s1, gp, a7
core   0: 3 0x8000274c (0x0111e4b3) x 9 0x80014e65
core   0: 0x80002750 (0xdedb5a37) lui     s4, 0xdedb5
core   0: 3 0x80002750 (0xdedb5a37) x20 0xdedb5000
core   0: 0x80002754 (0x030bb1b3) mulhu   gp, s7, a6
core   0: 3 0x80002754 (0x030bb1b3) x 3 0x80014e26
core   0: 0x80002758 (0x027c33b3) mulhu   t2, s8, t2
core   0: 3 0x80002758 (0x027c33b3) x 7 0x00000000
core   0: 0x8000275c (0xe36408b7) lui     a7, 0xe3640
core   0: 3 0x8000275c (0xe36408b7) x17 0xe3640000
core   0: 0x80002760 (0x01f9a933) slt     s2, s3, t6
core   0: 3 0x80002760 (0x01f9a933) x18 0x00000000
core   0: 0x80002764 (0x7a44e913) ori     s2, s1, 1956
core   0: 3 0x80002764 (0x7a44e913) x18 0x80014fe5
core   0: 0x80002768 (0x01379033) sll     zero, a5, s3
core   0: 3 0x80002768 (0x01379033)
core   0: 0x8000276c (0x00000013) nop
core   0: 3 0x8000276c (0x00000013)
core   0: 0x80002770 (0x01845c93) srli    s9, s0, 24
core   0: 3 0x80002770 (0x01845c93) x25 0x00000000
core   0: 0x80002774 (0x02004cb3) div     s9, zero, zero
core   0: 3 0x80002774 (0x02004cb3) x25 0xffffffff
core   0: 0x80002778 (0x01e45713) srli    a4, s0, 30
core   0: 3 0x80002778 (0x01e45713) x14 0x00000000
core   0: 0x8000277c (0x01de1cb3) sll     s9, t3, t4
core   0: 3 0x8000277c (0x01de1cb3) x25 0x00000719
core   0: 0x80002780 (0x02fca333) mulhsu  t1, s9, a5
core   0: 3 0x80002780 (0x02fca333) x 6 0x00000000
core   0: 0x80002784 (0x01677033) and     zero, a4, s6
core   0: 3 0x80002784 (0x01677033)
core   0: 0x80002788 (0x00272f33) slt     t5, a4, sp
core   0: 3 0x80002788 (0x00272f33) x30 0x00000000
core   0: 0x8000278c (0x023be433) rem     s0, s7, gp
core   0: 3 0x8000278c (0x023be433) x 8 0xffffff85
core   0: 0x80002790 (0x0105c713) xori    a4, a1, 16
core   0: 3 0x80002790 (0x0105c713) x14 0x00000010
core   0: 0x80002794 (0x01cb63b3) or      t2, s6, t3
core   0: 3 0x80002794 (0x01cb63b3) x 7 0x891857bb
core   0: 0x80002798 (0x011ae933) or      s2, s5, a7
core   0: 3 0x80002798 (0x011ae933) x18 0xe3640000
core   0: 0x8000279c (0xfe0a6e13) ori     t3, s4, -32
core   0: 3 0x8000279c (0xfe0a6e13) x28 0xffffffe0
core   0: 0x800027a0 (0x032f2233) mulhsu  tp, t5, s2
core   0: 3 0x800027a0 (0x032f2233) x 4 0x00000000
core   0: 0x800027a4 (0x00000013) nop
core   0: 3 0x800027a4 (0x00000013)
core   0: 0x800027a8 (0x00fc5c13) srli    s8, s8, 15
core   0: 3 0x800027a8 (0x00fc5c13) x24 0x00000000
core   0: 0x800027ac (0x0042eb33) or      s6, t0, tp
core   0: 3 0x800027ac (0x0042eb33) x22 0x80018e9a
core   0: 0x800027b0 (0x01ba6933) or      s2, s4, s11
core   0: 3 0x800027b0 (0x01ba6933) x18 0xdedbdce4
core   0: 0x800027b4 (0x02bdb0b3) mulhu   ra, s11, a1
core   0: 3 0x800027b4 (0x02bdb0b3) x 1 0x00000000
core   0: 0x800027b8 (0x03fffd33) remu    s10, t6, t6
core   0: 3 0x800027b8 (0x03fffd33) x26 0x00000000
core   0: 0x800027bc (0x02835a33) divu    s4, t1, s0
core   0: 3 0x800027bc (0x02835a33) x20 0x00000000
core   0: 0x800027c0 (0x00089a13) slli    s4, a7, 0
core   0: 3 0x800027c0 (0x00089a13) x20 0xe3640000
core   0: 0x800027c4 (0x30544b13) xori    s6, s0, 773
core   0: 3 0x800027c4 (0x30544b13) x22 0xfffffc80
core   0: 0x800027c8 (0x02c37fb3) remu    t6, t1, a2
core   0: 3 0x800027c8 (0x02c37fb3) x31 0x00000000
core   0: 0x800027cc (0x40fad693) srai    a3, s5, 15
core   0: 3 0x800027cc (0x40fad693) x13 0x00000000
core   0: 0x800027d0 (0x0079dc13) srli    s8, s3, 7
core   0: 3 0x800027d0 (0x0079dc13) x24 0x00000000
core   0: 0x800027d4 (0x5cbf8593) addi    a1, t6, 1483
core   0: 3 0x800027d4 (0x5cbf8593) x11 0x000005cb
core   0: 0x800027d8 (0x039e0d33) mul     s10, t3, s9
core   0: 3 0x800027d8 (0x039e0d33) x26 0xffff1ce0
core   0: 0x800027dc (0x028575b3) remu    a1, a0, s0
core   0: 3 0x800027dc (0x028575b3) x11 0x00000001
core   0: 0x800027e0 (0x01e7dd33) srl     s10, a5, t5
core   0: 3 0x800027e0 (0x01e7dd33) x26 0x00000270
core   0: 0x800027e4 (0x770f7c17) auipc   s8, 0x770f7
core   0: 3 0x800027e4 (0x770f7c17) x24 0xf70f97e4
core   0: 0x800027e8 (0x03a4a6b3) mulhsu  a3, s1, s10
core   0: 3 0x800027e8 (0x03a4a6b3) x13 0xfffffec8
core   0: 0x800027ec (0x011270b3) and     ra, tp, a7
core   0: 3 0x800027ec (0x011270b3) x 1 0x00000000
core   0: 0x800027f0 (0x00f51513) slli    a0, a0, 15
core   0: 3 0x800027f0 (0x00f51513) x10 0x00008000
core   0: 0x800027f4 (0x3d556913) ori     s2, a0, 981
core   0: 3 0x800027f4 (0x3d556913) x18 0x000083d5
core   0: 0x800027f8 (0x07407293) andi    t0, zero, 116
core   0: 3 0x800027f8 (0x07407293) x 5 0x00000000
core   0: 0x800027fc (0x3c002e13) slti    t3, zero, 960
core   0: 3 0x800027fc (0x3c002e13) x28 0x00000001
core   0: 0x80002800 (0xa9dba713) slti    a4, s7, -1379
core   0: 3 0x80002800 (0xa9dba713) x14 0x00000000
core   0: 0x80002804 (0x957cfb13) andi    s6, s9, -1705
core   0: 3 0x80002804 (0x957cfb13) x22 0x00000111
core   0: 0x80002808 (0xf328c893) xori    a7, a7, -206
core   0: 3 0x80002808 (0xf328c893) x17 0x1c9bff32
core   0: 0x8000280c (0x40b6dfb3) sra     t6, a3, a1
core   0: 3 0x8000280c (0x40b6dfb3) x31 0xffffff64
core   0: 0x80002810 (0x0291f3b3) remu    t2, gp, s1
core   0: 3 0x80002810 (0x0291f3b3) x 7 0x80014e26
core   0: 0x80002814 (0xa486b897) auipc   a7, 0xa486b
core   0: 3 0x80002814 (0xa486b897) x17 0x2486d814
core   0: 0x80002818 (0x80797213) andi    tp, s2, -2041
core   0: 3 0x80002818 (0x80797213) x 4 0x00008005
core   0: 0x8000281c (0x9b9a4b13) xori    s6, s4, -1607
core   0: 3 0x8000281c (0x9b9a4b13) x22 0x1c9bf9b9
core   0: 0x80002820 (0x019844b3) xor     s1, a6, s9
core   0: 3 0x80002820 (0x019844b3) x 9 0x8001497d
core   0: 0x80002824 (0x00eed193) srli    gp, t4, 14
core   0: 3 0x80002824 (0x00eed193) x 3 0x00000000
core   0: 0x80002828 (0x02e730b3) mulhu   ra, a4, a4
core   0: 3 0x80002828 (0x02e730b3) x 1 0x00000000
core   0: 0x8000282c (0x55447413) andi    s0, s0, 1364
core   0: 3 0x8000282c (0x55447413) x 8 0x00000504
core   0: 0x80002830 (0x00908bb3) add     s7, ra, s1
core   0: 3 0x80002830 (0x00908bb3) x23 0x8001497d
core   0: 0x80002834 (0x018ea933) slt     s2, t4, s8
core   0: 3 0x80002834 (0x018ea933) x18 0x00000000
core   0: 0x80002838 (0x03413fb3) mulhu   t6, sp, s4
core   0: 3 0x80002838 (0x03413fb3) x31 0x79c61c6f
core   0: 0x8000283c (0x974fa913) slti    s2, t6, -1676
core   0: 3 0x8000283c (0x974fa913) x18 0x00000000
core   0: 0x80002840 (0x00544e93) xori    t4, s0, 5
core   0: 3 0x80002840 (0x00544e93) x29 0x00000501
core   0: 0x80002844 (0x024f01b3) mul     gp, t5, tp
core   0: 3 0x80002844 (0x024f01b3) x 3 0x00000000
core   0: 0x80002848 (0x033494b3) mulh    s1, s1, s3
core   0: 3 0x80002848 (0x033494b3) x 9 0xfffffffa
core   0: 0x8000284c (0x00000013) nop
core   0: 3 0x8000284c (0x00000013)
core   0: 0x80002850 (0x40e25093) srai    ra, tp, 14
core   0: 3 0x80002850 (0x40e25093) x 1 0x00000002
core   0: 0x80002854 (0xbde06093) ori     ra, zero, -1058
core   0: 3 0x80002854 (0xbde06093) x 1 0xfffffbde
core   0: 0x80002858 (0x0012e233) or      tp, t0, ra
core   0: 3 0x80002858 (0x0012e233) x 4 0xfffffbde
core   0: 0x8000285c (0x03640933) mul     s2, s0, s6
core   0: 3 0x8000285c (0x03640933) x18 0x7e5083e4
core   0: 0x80002860 (0x00215033) srl     zero, sp, sp
core   0: 3 0x80002860 (0x00215033)
core   0: 0x80002864 (0x40095b33) sra     s6, s2, zero
core   0: 3 0x80002864 (0x40095b33) x22 0x7e5083e4
core   0: 0x80002868 (0xd9bd7493) andi    s1, s10, -613
core   0: 3 0x80002868 (0xd9bd7493) x 9 0x00000010
core   0: 0x8000286c (0x03e3d8b3) divu    a7, t2, t5
core   0: 3 0x8000286c (0x03e3d8b3) x17 0xffffffff
core   0: 0x80002870 (0x03d7dbb3) divu    s7, a5, t4
core   0: 3 0x80002870 (0x03d7dbb3) x23 0x00000000
core   0: 0x80002874 (0x039ee233) rem     tp, t4, s9
core   0: 3 0x80002874 (0x039ee233) x 4 0x00000501
core   0: 0x80002878 (0x02d2a633) mulhsu  a2, t0, a3
core   0: 3 0x80002878 (0x02d2a633) x12 0x00000000
core   0: 0x8000287c (0x35893893) sltiu   a7, s2, 856
core   0: 3 0x8000287c (0x35893893) x17 0x00000000
core   0: 0x80002880 (0x174d0b93) addi    s7, s10, 372
core   0: 3 0x80002880 (0x174d0b93) x23 0x000003e4
core   0: 0x80002884 (0xded2a437) lui     s0, 0xded2a
core   0: 3 0x80002884 (0xded2a437) x 8 0xded2a000
core   0: 0x80002888 (0x414554b3) sra     s1, a0, s4
core   0: 3 0x80002888 (0x414554b3) x 9 0x00008000
core   0: 0x8000288c (0x013884b3) add     s1, a7, s3
core   0: 3 0x8000288c (0x013884b3) x 9 0x0000000b
core   0: 0x80002890 (0x41875533) sra     a0, a4, s8
core   0: 3 0x80002890 (0x41875533) x10 0x00000000
core   0: 0x80002894 (0x01e70933) add     s2, a4, t5
core   0: 3 0x80002894 (0x01e70933) x18 0x00000000
core   0: 0x80002898 (0xa37b7c93) andi    s9, s6, -1481
core   0: 3 0x80002898 (0xa37b7c93) x25 0x7e508224
core   0: 0x8000289c (0x3c75ef13) ori     t5, a1, 967
core   0: 3 0x8000289c (0x3c75ef13) x30 0x000003c7
core   0: 0x800028a0 (0x01a64633) xor     a2, a2, s10
core   0: 3 0x800028a0 (0x01a64633) x12 0x00000270
core   0: 0x800028a4 (0xe727b493) sltiu   s1, a5, -398
core   0: 3 0x800028a4 (0xe727b493) x 9 0x00000001
core   0: 0x800028a8 (0xa6a97f93) andi    t6, s2, -1430
core   0: 3 0x800028a8 (0xa6a97f93) x31 0x00000000
core   0: 0x800028ac (0x6002b493) sltiu   s1, t0, 1536
core   0: 3 0x800028ac (0x6002b493) x 9 0x00000001
core   0: 0x800028b0 (0x009dcab3) xor     s5, s11, s1
core   0: 3 0x800028b0 (0x009dcab3) x21 0x80018ce5
core   0: 0x800028b4 (0x000df8b3) and     a7, s11, zero
core   0: 3 0x800028b4 (0x000df8b3) x17 0x00000000
core   0: 0x800028b8 (0x014861b3) or      gp, a6, s4
core   0: 3 0x800028b8 (0x014861b3) x 3 0xe3654e64
core   0: 0x800028bc (0x03b96ab3) rem     s5, s2, s11
core   0: 3 0x800028bc (0x03b96ab3) x21 0x00000000
core   0: 0x800028c0 (0x0054c3b3) xor     t2, s1, t0
core   0: 3 0x800028c0 (0x0054c3b3) x 7 0x00000001
core   0: 0x800028c4 (0x011e9cb3) sll     s9, t4, a7
core   0: 3 0x800028c4 (0x011e9cb3) x25 0x00000501
core   0: 0x800028c8 (0x01e9d233) srl     tp, s3, t5
core   0: 3 0x800028c8 (0x01e9d233) x 4 0x00000000
core   0: 0x800028cc (0x87968393) addi    t2, a3, -1927
core   0: 3 0x800028cc (0x87968393) x 7 0xfffff741
core   0: 0x800028d0 (0x0155c733) xor     a4, a1, s5
core   0: 3 0x800028d0 (0x0155c733) x14 0x00000001
core   0: 0x800028d4 (0x02f815b3) mulh    a1, a6, a5
core   0: 3 0x800028d4 (0x02f815b3) x11 0xfffffec8
core   0: 0x800028d8 (0x22493893) sltiu   a7, s2, 548
core   0: 3 0x800028d8 (0x22493893) x17 0x00000001
core   0: 0x800028dc (0x024b1a33) mulh    s4, s6, tp
core   0: 3 0x800028dc (0x024b1a33) x20 0x00000000
core   0: 0x800028e0 (0x24357c13) andi    s8, a0, 579
core   0: 3 0x800028e0 (0x24357c13) x24 0x00000000
core   0: 0x800028e4 (0x00000013) nop
core   0: 3 0x800028e4 (0x00000013)
core   0: 0x800028e8 (0x00000013) nop
core   0: 3 0x800028e8 (0x00000013)
core   0: 0x800028ec (0x00fa5d33) srl     s10, s4, a5
core   0: 3 0x800028ec (0x00fa5d33) x26 0x00000000
core   0: 0x800028f0 (0x00c5c4b3) xor     s1, a1, a2
core   0: 3 0x800028f0 (0x00c5c4b3) x 9 0xfffffcb8
core   0: 0x800028f4 (0x033034b3) mulhu   s1, zero, s3
core   0: 3 0x800028f4 (0x033034b3) x 9 0x00000000
core   0: 0x800028f8 (0x2f89cd13) xori    s10, s3, 760
core   0: 3 0x800028f8 (0x2f89cd13) x26 0x000002f3
core   0: 0x800028fc (0x9a871897) auipc   a7, 0x9a871
core   0: 3 0x800028fc (0x9a871897) x17 0x1a8738fc
core   0: 0x80002900 (0x5ff8f5b7) lui     a1, 0x5ff8f
core   0: 3 0x80002900 (0x5ff8f5b7) x11 0x5ff8f000
core   0: 0x80002904 (0x00000013) nop
core   0: 3 0x80002904 (0x00000013)
core   0: 0x80002908 (0x41685c13) srai    s8, a6, 22
core   0: 3 0x80002908 (0x41685c13) x24 0xfffffe00
core   0: 0x8000290c (0xc2d37913) andi    s2, t1, -979
core   0: 3 0x8000290c (0xc2d37913) x18 0x00000000
core   0: 0x80002910 (0x02d11233) mulh    tp, sp, a3
core   0: 3 0x80002910 (0x02d11233) x 4 0x00000090
core   0: 0x80002914 (0x00d95233) srl     tp, s2, a3
core   0: 3 0x80002914 (0x00d95233) x 4 0x00000000
core   0: 0x80002918 (0xfb018b13) addi    s6, gp, -80
core   0: 3 0x80002918 (0xfb018b13) x22 0xe3654e14
core   0: 0x8000291c (0x01f2bc33) sltu    s8, t0, t6
core   0: 3 0x8000291c (0x01f2bc33) x24 0x00000000
core   0: 0x80002920 (0x03434ab3) div     s5, t1, s4
core   0: 3 0x80002920 (0x03434ab3) x21 0xffffffff
core   0: 0x80002924 (0x02494933) div     s2, s2, tp
core   0: 3 0x80002924 (0x02494933) x18 0xffffffff
core   0: 0x80002928 (0x00e8dc93) srli    s9, a7, 14
core   0: 3 0x80002928 (0x00e8dc93) x25 0x00006a1c
core   0: 0x8000292c (0x652c0793) addi    a5, s8, 1618
core   0: 3 0x8000292c (0x652c0793) x15 0x00000652
core   0: 0x80002930 (0x01109a33) sll     s4, ra, a7
core   0: 3 0x80002930 (0x01109a33) x20 0xe0000000
core   0: 0x80002934 (0xe1f80413) addi    s0, a6, -481
core   0: 3 0x80002934 (0xe1f80413) x 8 0x80014c83
core   0: 0x80002938 (0x03fe2333) mulhsu  t1, t3, t6
core   0: 3 0x80002938 (0x03fe2333) x 6 0x00000000
core   0: 0x8000293c (0x01870133) add     sp, a4, s8
core   0: 3 0x8000293c (0x01870133) x 2 0x00000001
core   0: 0x80002940 (0x03da9f33) mulh    t5, s5, t4
core   0: 3 0x80002940 (0x03da9f33) x30 0xffffffff
core   0: 0x80002944 (0x01fa4033) xor     zero, s4, t6
core   0: 3 0x80002944 (0x01fa4033)
core   0: 0x80002948 (0x02c80c33) mul     s8, a6, a2
core   0: 3 0x80002948 (0x02c80c33) x24 0x032f13c0
core   0: 0x8000294c (0x413ade93) srai    t4, s5, 19
core   0: 3 0x8000294c (0x413ade93) x29 0xffffffff
core   0: 0x80002950 (0x02300eb3) mul     t4, zero, gp
core   0: 3 0x80002950 (0x02300eb3) x29 0x00000000
core   0: 0x80002954 (0x024e1933) mulh    s2, t3, tp
core   0: 3 0x80002954 (0x024e1933) x18 0x00000000
core   0: 0x80002958 (0x6b15f493) andi    s1, a1, 1713
core   0: 3 0x80002958 (0x6b15f493) x 9 0x00000000
core   0: 0x8000295c (0xc87fe793) ori     a5, t6, -889
core   0: 3 0x8000295c (0xc87fe793) x15 0xfffffc87
core   0: 0x80002960 (0x0174cfb3) xor     t6, s1, s7
core   0: 3 0x80002960 (0x0174cfb3) x31 0x000003e4
core   0: 0x80002964 (0x02201133) mulh    sp, zero, sp
core   0: 3 0x80002964 (0x02201133) x 2 0x00000000
core   0: 0x80002968 (0x002d5893) srli    a7, s10, 2
core   0: 3 0x80002968 (0x002d5893) x17 0x000000bc
core   0: 0x8000296c (0x00000013) nop
core   0: 3 0x8000296c (0x00000013)
core   0: 0x80002970 (0x001af0b3) and     ra, s5, ra
core   0: 3 0x80002970 (0x001af0b3) x 1 0xfffffbde
core   0: 0x80002974 (0x03caf2b3) remu    t0, s5, t3
core   0: 3 0x80002974 (0x03caf2b3) x 5 0x00000000
core   0: 0x80002978 (0xcdc263b7) lui     t2, 0xcdc26
core   0: 3 0x80002978 (0xcdc263b7) x 7 0xcdc26000
core   0: 0x8000297c (0x00b88ab3) add     s5, a7, a1
core   0: 3 0x8000297c (0x00b88ab3) x21 0x5ff8f0bc
core   0: 0x80002980 (0x01917cb3) and     s9, sp, s9
core   0: 3 0x80002980 (0x01917cb3) x25 0x00000000
core   0: 0x80002984 (0x03b64a33) div     s4, a2, s11
core   0: 3 0x80002984 (0x03b64a33) x20 0x00000000
core   0: 0x80002988 (0x026b73b3) remu    t2, s6, t1
core   0: 3 0x80002988 (0x026b73b3) x 7 0xe3654e14
core   0: 0x8000298c (0x97beba13) sltiu   s4, t4, -1669
core   0: 3 0x8000298c (0x97beba13) x20 0x00000001
core   0: 0x80002990 (0x01528433) add     s0, t0, s5
core   0: 3 0x80002990 (0x01528433) x 8 0x5ff8f0bc
core   0: 0x80002994 (0x403dd433) sra     s0, s11, gp
core   0: 3 0x80002994 (0x403dd433) x 8 0xf80018ce
core   0: 0x80002998 (0x03adc2b3) div     t0, s11, s10
core   0: 3 0x80002998 (0x03adc2b3) x 5 0xffd499ca
core   0: 0x8000299c (0x41b1c513) xori    a0, gp, 1051
core   0: 3 0x8000299c (0x41b1c513) x10 0xe3654a7f
core   0: 0x800029a0 (0x01f895b3) sll     a1, a7, t6
core   0: 3 0x800029a0 (0x01f895b3) x11 0x00000bc0
core   0: 0x800029a4 (0x40405313) srai    t1, zero, 4
core   0: 3 0x800029a4 (0x40405313) x 6 0x00000000
core   0: 0x800029a8 (0xde1c2193) slti    gp, s8, -543
core   0: 3 0x800029a8 (0xde1c2193) x 3 0x00000000
core   0: 0x800029ac (0x01961c33) sll     s8, a2, s9
core   0: 3 0x800029ac (0x01961c33) x24 0x00000270
core   0: 0x800029b0 (0x00000013) nop
core   0: 3 0x800029b0 (0x00000013)
core   0: 0x800029b4 (0x009e5913) srli    s2, t3, 9
core   0: 3 0x800029b4 (0x009e5913) x18 0x00000000
core   0: 0x800029b8 (0x008bebb3) or      s7, s7, s0
core   0: 3 0x800029b8 (0x008bebb3) x23 0xf8001bee
core   0: 0x800029bc (0x001a5093) srli    ra, s4, 1
core   0: 3 0x800029bc (0x001a5093) x 1 0x00000000
core   0: 0x800029c0 (0x9af08493) addi    s1, ra, -1617
core   0: 3 0x800029c0 (0x9af08493) x 9 0xfffff9af
core   0: 0x800029c4 (0x034db3b3) mulhu   t2, s11, s4
core   0: 3 0x800029c4 (0x034db3b3) x 7 0x00000000
core   0: 0x800029c8 (0x03fd4c33) div     s8, s10, t6
core   0: 3 0x800029c8 (0x03fd4c33) x24 0x00000000
core   0: 0x800029cc (0x9927bd13) sltiu   s10, a5, -1646
core   0: 3 0x800029cc (0x9927bd13) x26 0x00000000
core   0: 0x800029d0 (0x0183bb33) sltu    s6, t2, s8
core   0: 3 0x800029d0 (0x0183bb33) x22 0x00000000
core   0: 0x800029d4 (0x41ddd433) sra     s0, s11, t4
core   0: 3 0x800029d4 (0x41ddd433) x 8 0x80018ce4
core   0: 0x800029d8 (0x01ad0f33) add     t5, s10, s10
core   0: 3 0x800029d8 (0x01ad0f33) x30 0x00000000
core   0: 0x800029dc (0x419d5233) sra     tp, s10, s9
core   0: 3 0x800029dc (0x419d5233) x 4 0x00000000
core   0: 0x800029e0 (0x01b99893) slli    a7, s3, 27
core   0: 3 0x800029e0 (0x01b99893) x17 0x58000000
core   0: 0x800029e4 (0x02bce2b3) rem     t0, s9, a1
core   0: 3 0x800029e4 (0x02bce2b3) x 5 0x00000000
core   0: 0x800029e8 (0x0318b1b3) mulhu   gp, a7, a7
core   0: 3 0x800029e8 (0x0318b1b3) x 3 0x1e400000
core   0: 0x800029ec (0x02838fb3) mul     t6, t2, s0
core   0: 3 0x800029ec (0x02838fb3) x31 0x00000000
core   0: 0x800029f0 (0x4e1b0e93) addi    t4, s6, 1249
core   0: 3 0x800029f0 (0x4e1b0e93) x29 0x000004e1
core   0: 0x800029f4 (0x01e81413) slli    s0, a6, 30
core   0: 3 0x800029f4 (0x01e81413) x 8 0x00000000
core   0: 0x800029f8 (0x007780b3) add     ra, a5, t2
core   0: 3 0x800029f8 (0x007780b3) x 1 0xfffffc87
core   0: 0x800029fc (0xa4a7cc97) auipc   s9, 0xa4a7c
core   0: 3 0x800029fc (0xa4a7cc97) x25 0x24a7e9fc
core   0: 0x80002a00 (0x002d4a33) xor     s4, s10, sp
core   0: 3 0x80002a00 (0x002d4a33) x20 0x00000000
core   0: 0x80002a04 (0x40f15133) sra     sp, sp, a5
core   0: 3 0x80002a04 (0x40f15133) x 2 0x00000000
core   0: 0x80002a08 (0x02f17c33) remu    s8, sp, a5
core   0: 3 0x80002a08 (0x02f17c33) x24 0x00000000
core   0: 0x80002a0c (0x00175ab3) srl     s5, a4, ra
core   0: 3 0x80002a0c (0x00175ab3) x21 0x00000000
core   0: 0x80002a10 (0x00000013) nop
core   0: 3 0x80002a10 (0x00000013)
core   0: 0x80002a14 (0x018387b3) add     a5, t2, s8
core   0: 3 0x80002a14 (0x018387b3) x15 0x00000000
core   0: 0x80002a18 (0xe3ad4693) xori    a3, s10, -454
core   0: 3 0x80002a18 (0xe3ad4693) x13 0xfffffe3a
core   0: 0x80002a1c (0x01c351b3) srl     gp, t1, t3
core   0: 3 0x80002a1c (0x01c351b3) x 3 0x00000000
core   0: 0x80002a20 (0x0211b5b3) mulhu   a1, gp, ra
core   0: 3 0x80002a20 (0x0211b5b3) x11 0x00000000
core   0: 0x80002a24 (0x41cf8a33) sub     s4, t6, t3
core   0: 3 0x80002a24 (0x41cf8a33) x20 0xffffffff
core   0: 0x80002a28 (0x92fdf113) andi    sp, s11, -1745
core   0: 3 0x80002a28 (0x92fdf113) x 2 0x80018824
core   0: 0x80002a2c (0x007627b3) slt     a5, a2, t2
core   0: 3 0x80002a2c (0x007627b3) x15 0x00000000
core   0: 0x80002a30 (0x01109b13) slli    s6, ra, 17
core   0: 3 0x80002a30 (0x01109b13) x22 0xf90e0000
core   0: 0x80002a34 (0x0100df13) srli    t5, ra, 16
core   0: 3 0x80002a34 (0x0100df13) x30 0x0000ffff
core   0: 0x80002a38 (0x031f88b3) mul     a7, t6, a7
core   0: 3 0x80002a38 (0x031f88b3) x17 0x00000000
core   0: 0x80002a3c (0x405f0033) sub     zero, t5, t0
core   0: 3 0x80002a3c (0x405f0033)
core   0: 0x80002a40 (0x02ca85b3) mul     a1, s5, a2
core   0: 3 0x80002a40 (0x02ca85b3) x11 0x00000000
core   0: 0x80002a44 (0xd090ca13) xori    s4, ra, -759
core   0: 3 0x80002a44 (0xd090ca13) x20 0x0000018e
core   0: 0x80002a48 (0x00000013) nop
core   0: 3 0x80002a48 (0x00000013)
core   0: 0x80002a4c (0x5dca6893) ori     a7, s4, 1500
core   0: 3 0x80002a4c (0x5dca6893) x17 0x000005de
core   0: 0x80002a50 (0x6d6f97b7) lui     a5, 0x6d6f9
core   0: 3 0x80002a50 (0x6d6f97b7) x15 0x6d6f9000
core   0: 0x80002a54 (0x02adb6b3) mulhu   a3, s11, a0
core   0: 3 0x80002a54 (0x02adb6b3) x13 0x71b405ca
core   0: 0x80002a58 (0x00000013) nop
core   0: 3 0x80002a58 (0x00000013)
core   0: 0x80002a5c (0x70b3a213) slti    tp, t2, 1803
core   0: 3 0x80002a5c (0x70b3a213) x 4 0x00000001
core   0: 0x80002a60 (0x40375bb3) sra     s7, a4, gp
core   0: 3 0x80002a60 (0x40375bb3) x23 0x00000001
core   0: 0x80002a64 (0x00456b33) or      s6, a0, tp
core   0: 3 0x80002a64 (0x00456b33) x22 0xe3654a7f
core   0: 0x80002a68 (0x03405eb3) divu    t4, zero, s4
core   0: 3 0x80002a68 (0x03405eb3) x29 0x00000000
core   0: 0x80002a6c (0x73ba6213) ori     tp, s4, 1851
core   0: 3 0x80002a6c (0x73ba6213) x 4 0x000007bf
core   0: 0x80002a70 (0x0098f1b3) and     gp, a7, s1
core   0: 3 0x80002a70 (0x0098f1b3) x 3 0x0000018e
core   0: 0x80002a74 (0x9c817a93) andi    s5, sp, -1592
core   0: 3 0x80002a74 (0x9c817a93) x21 0x80018800
core   0: 0x80002a78 (0x022cc1b3) div     gp, s9, sp
core   0: 3 0x80002a78 (0x022cc1b3) x 3 0x00000000
core   0: 0x80002a7c (0xa7c5ca93) xori    s5, a1, -1412
core   0: 3 0x80002a7c (0xa7c5ca93) x21 0xfffffa7c
core   0: 0x80002a80 (0x0054da93) srli    s5, s1, 5
core   0: 3 0x80002a80 (0x0054da93) x21 0x07ffffcd
core   0: 0x80002a84 (0x01283d33) sltu    s10, a6, s2
core   0: 3 0x80002a84 (0x01283d33) x26 0x00000000
core   0: 0x80002a88 (0x024c4cb3) div     s9, s8, tp
core   0: 3 0x80002a88 (0x024c4cb3) x25 0x00000000
core   0: 0x80002a8c (0x038e9b33) mulh    s6, t4, s8
core   0: 3 0x80002a8c (0x038e9b33) x22 0x00000000
core   0: 0x80002a90 (0x00afb733) sltu    a4, t6, a0
core   0: 3 0x80002a90 (0x00afb733) x14 0x00000001
core   0: 0x80002a94 (0x8b132213) slti    tp, t1, -1871
core   0: 3 0x80002a94 (0x8b132213) x 4 0x00000000
core   0: 0x80002a98 (0x02aef8b3) remu    a7, t4, a0
core   0: 3 0x80002a98 (0x02aef8b3) x17 0x00000000
core   0: 0x80002a9c (0x020b6f33) rem     t5, s6, zero
core   0: 3 0x80002a9c (0x020b6f33) x30 0x00000000
core   0: 0x80002aa0 (0x006040b3) xor     ra, zero, t1
core   0: 3 0x80002aa0 (0x006040b3) x 1 0x00000000
core   0: 0x80002aa4 (0x0078ff33) and     t5, a7, t2
core   0: 3 0x80002aa4 (0x0078ff33) x30 0x00000000
core   0: 0x80002aa8 (0x00000013) nop
core   0: 3 0x80002aa8 (0x00000013)
core   0: 0x80002aac (0x02e758b3) divu    a7, a4, a4
core   0: 3 0x80002aac (0x02e758b3) x17 0x00000001
core   0: 0x80002ab0 (0x0246d333) divu    t1, a3, tp
core   0: 3 0x80002ab0 (0x0246d333) x 6 0xffffffff
core   0: 0x80002ab4 (0x0017afb3) slt     t6, a5, ra
core   0: 3 0x80002ab4 (0x0017afb3) x31 0x00000000
core   0: 0x80002ab8 (0x001d0033) add     zero, s10, ra
core   0: 3 0x80002ab8 (0x001d0033)
core   0: 0x80002abc (0x00000013) nop
core   0: 3 0x80002abc (0x00000013)
core   0: 0x80002ac0 (0x40f00f33) sub     t5, zero, a5
core   0: 3 0x80002ac0 (0x40f00f33) x30 0x92907000
core   0: 0x80002ac4 (0x1bb7f393) andi    t2, a5, 443
core   0: 3 0x80002ac4 (0x1bb7f393) x 7 0x00000000
core   0: 0x80002ac8 (0x0344a7b3) mulhsu  a5, s1, s4
core   0: 3 0x80002ac8 (0x0344a7b3) x15 0xffffffff
core   0: 0x80002acc (0x3b0d9137) lui     sp, 0x3b0d9
core   0: 3 0x80002acc (0x3b0d9137) x 2 0x3b0d9000
core   0: 0x80002ad0 (0x020845b3) div     a1, a6, zero
core   0: 3 0x80002ad0 (0x020845b3) x11 0xffffffff
core   0: 0x80002ad4 (0x2ea4ca13) xori    s4, s1, 746
core   0: 3 0x80002ad4 (0x2ea4ca13) x20 0xfffffb45
core   0: 0x80002ad8 (0x02154b33) div     s6, a0, ra
core   0: 3 0x80002ad8 (0x02154b33) x22 0xffffffff
core   0: 0x80002adc (0xd1e73593) sltiu   a1, a4, -738
core   0: 3 0x80002adc (0xd1e73593) x11 0x00000001
core   0: 0x80002ae0 (0x00619d33) sll     s10, gp, t1
core   0: 3 0x80002ae0 (0x00619d33) x26 0x00000000
core   0: 0x80002ae4 (0x03b5ff33) remu    t5, a1, s11
core   0: 3 0x80002ae4 (0x03b5ff33) x30 0x00000001
core   0: 0x80002ae8 (0x0e000917) auipc   s2, 0xe000
core   0: 3 0x80002ae8 (0x0e000917) x18 0x8e002ae8
core   0: 0x80002aec (0x01493f33) sltu    t5, s2, s4
core   0: 3 0x80002aec (0x01493f33) x30 0x00000001
core   0: 0x80002af0 (0x03be9133) mulh    sp, t4, s11
core   0: 3 0x80002af0 (0x03be9133) x 2 0x00000000
core   0: 0x80002af4 (0x1d976e13) ori     t3, a4, 473
core   0: 3 0x80002af4 (0x1d976e13) x28 0x000001d9
core   0: 0x80002af8 (0x000ee533) or      a0, t4, zero
core   0: 3 0x80002af8 (0x000ee533) x10 0x00000000
core   0: 0x80002afc (0xc6776613) ori     a2, a4, -921
core   0: 3 0x80002afc (0xc6776613) x12 0xfffffc67
core   0: 0x80002b00 (0x9e848313) addi    t1, s1, -1560
core   0: 3 0x80002b00 (0x9e848313) x 6 0xfffff397
core   0: 0x80002b04 (0x6c6ae913) ori     s2, s5, 1734
core   0: 3 0x80002b04 (0x6c6ae913) x18 0x07ffffcf
core   0: 0x80002b08 (0x03310f33) mul     t5, sp, s3
core   0: 3 0x80002b08 (0x03310f33) x30 0x00000000
core   0: 0x80002b0c (0xda7afc13) andi    s8, s5, -601
core   0: 3 0x80002b0c (0xda7afc13) x24 0x07fffd85
core   0: 0x80002b10 (0xb4181c37) lui     s8, 0xb4181
core   0: 3 0x80002b10 (0xb4181c37) x24 0xb4181000
core   0: 0x80002b14 (0x037ada33) divu    s4, s5, s7
core   0: 3 0x80002b14 (0x037ada33) x20 0x07ffffcd
core   0: 0x80002b18 (0xfa740f93) addi    t6, s0, -89
core   0: 3 0x80002b18 (0xfa740f93) x31 0xffffffa7
core   0: 0x80002b1c (0x025d2d33) mulhsu  s10, s10, t0
core   0: 3 0x80002b1c (0x025d2d33) x26 0x00000000
core   0: 0x80002b20 (0x3df52093) slti    ra, a0, 991
core   0: 3 0x80002b20 (0x3df52093) x 1 0x00000001
core   0: 0x80002b24 (0x01a1e933) or      s2, gp, s10
core   0: 3 0x80002b24 (0x01a1e933) x18 0x00000000
core   0: 0x80002b28 (0x03cb18b3) mulh    a7, s6, t3
core   0: 3 0x80002b28 (0x03cb18b3) x17 0xffffffff
core   0: 0x80002b2c (0x6e3b6c37) lui     s8, 0x6e3b6
core   0: 3 0x80002b2c (0x6e3b6c37) x24 0x6e3b6000
core   0: 0x80002b30 (0x010c7e33) and     t3, s8, a6
core   0: 3 0x80002b30 (0x010c7e33) x28 0x00014000
core   0: 0x80002b34 (0x023d04b3) mul     s1, s10, gp
core   0: 3 0x80002b34 (0x023d04b3) x 9 0x00000000
core   0: 0x80002b38 (0x7b91a893) slti    a7, gp, 1977
core   0: 3 0x80002b38 (0x7b91a893) x17 0x00000001
core   0: 0x80002b3c (0x000aeb33) or      s6, s5, zero
core   0: 3 0x80002b3c (0x000aeb33) x22 0x07ffffcd
core   0: 0x80002b40 (0x4071d333) sra     t1, gp, t2
core   0: 3 0x80002b40 (0x4071d333) x 6 0x00000000
core   0: 0x80002b44 (0x03288c33) mul     s8, a7, s2
core   0: 3 0x80002b44 (0x03288c33) x24 0x00000000
core   0: 0x80002b48 (0x80b92893) slti    a7, s2, -2037
core   0: 3 0x80002b48 (0x80b92893) x17 0x00000000
core   0: 0x80002b4c (0x01842933) slt     s2, s0, s8
core   0: 3 0x80002b4c (0x01842933) x18 0x00000000
core   0: 0x80002b50 (0xc41af937) lui     s2, 0xc41af
core   0: 3 0x80002b50 (0xc41af937) x18 0xc41af000
core   0: 0x80002b54 (0x02729ab3) mulh    s5, t0, t2
core   0: 3 0x80002b54 (0x02729ab3) x21 0x00000000
core   0: 0x80002b58 (0x039085b3) mul     a1, ra, s9
core   0: 3 0x80002b58 (0x039085b3) x11 0x00000000
core   0: 0x80002b5c (0x033e9c33) mulh    s8, t4, s3
core   0: 3 0x80002b5c (0x033e9c33) x24 0x00000000
core   0: 0x80002b60 (0x03e0bfb3) mulhu   t6, ra, t5
core   0: 3 0x80002b60 (0x03e0bfb3) x31 0x00000000
core   0: 0x80002b64 (0x034d01b3) mul     gp, s10, s4
core   0: 3 0x80002b64 (0x034d01b3) x 3 0x00000000
core   0: 0x80002b68 (0x032c5333) divu    t1, s8, s2
core   0: 3 0x80002b68 (0x032c5333) x 6 0x00000000
core   0: 0x80002b6c (0xd66e4017) auipc   zero, 0xd66e4
core   0: 3 0x80002b6c (0xd66e4017)
core   0: 0x80002b70 (0xbdbb0713) addi    a4, s6, -1061
core   0: 3 0x80002b70 (0xbdbb0713) x14 0x07fffba8
core   0: 0x80002b74 (0x0023e933) or      s2, t2, sp
core   0: 3 0x80002b74 (0x0023e933) x18 0x00000000
core   0: 0x80002b78 (0x03851c33) mulh    s8, a0, s8
core   0: 3 0x80002b78 (0x03851c33) x24 0x00000000
core   0: 0x80002b7c (0x01709333) sll     t1, ra, s7
core   0: 3 0x80002b7c (0x01709333) x 6 0x00000002
core   0: 0x80002b80 (0x0379a0b3) mulhsu  ra, s3, s7
core   0: 3 0x80002b80 (0x0379a0b3) x 1 0x00000000
core   0: 0x80002b84 (0x02c49d33) mulh    s10, s1, a2
core   0: 3 0x80002b84 (0x02c49d33) x26 0x00000000
core   0: 0x80002b88 (0xf250bd13) sltiu   s10, ra, -219
core   0: 3 0x80002b88 (0xf250bd13) x26 0x00000001
core   0: 0x80002b8c (0xfe0f4193) xori    gp, t5, -32
core   0: 3 0x80002b8c (0xfe0f4193) x 3 0xffffffe0
core   0: 0x80002b90 (0x9131a413) slti    s0, gp, -1773
core   0: 3 0x80002b90 (0x9131a413) x 8 0x00000000
core   0: 0x80002b94 (0x0263e733) rem     a4, t2, t1
core   0: 3 0x80002b94 (0x0263e733) x14 0x00000000
core   0: 0x80002b98 (0x5dc70f13) addi    t5, a4, 1500
core   0: 3 0x80002b98 (0x5dc70f13) x30 0x000005dc
core   0: 0x80002b9c (0x41185233) sra     tp, a6, a7
core   0: 3 0x80002b9c (0x41185233) x 4 0x80014e64
core   0: 0x80002ba0 (0x0127e533) or      a0, a5, s2
core   0: 3 0x80002ba0 (0x0127e533) x10 0xffffffff
core   0: 0x80002ba4 (0x41625493) srai    s1, tp, 22
core   0: 3 0x80002ba4 (0x41625493) x 9 0xfffffe00
core   0: 0x80002ba8 (0x7caf3413) sltiu   s0, t5, 1994
core   0: 3 0x80002ba8 (0x7caf3413) x 8 0x00000001
core   0: 0x80002bac (0xd66cc137) lui     sp, 0xd66cc
core   0: 3 0x80002bac (0xd66cc137) x 2 0xd66cc000
core   0: 0x80002bb0 (0x00ff2ab3) slt     s5, t5, a5
core   0: 3 0x80002bb0 (0x00ff2ab3) x21 0x00000000
core   0: 0x80002bb4 (0x019f5893) srli    a7, t5, 25
core   0: 3 0x80002bb4 (0x019f5893) x17 0x00000000
core   0: 0x80002bb8 (0x011e64b3) or      s1, t3, a7
core   0: 3 0x80002bb8 (0x011e64b3) x 9 0x00014000
core   0: 0x80002bbc (0x008dab33) slt     s6, s11, s0
core   0: 3 0x80002bbc (0x008dab33) x22 0x00000001
core   0: 0x80002bc0 (0x026da233) mulhsu  tp, s11, t1
core   0: 3 0x80002bc0 (0x026da233) x 4 0xffffffff
core   0: 0x80002bc4 (0x02281933) mulh    s2, a6, sp
core   0: 3 0x80002bc4 (0x02281933) x18 0x14c969b1
core   0: 0x80002bc8 (0x00000013) nop
core   0: 3 0x80002bc8 (0x00000013)
core   0: 0x80002bcc (0x9a64c937) lui     s2, 0x9a64c
core   0: 3 0x80002bcc (0x9a64c937) x18 0x9a64c000
core   0: 0x80002bd0 (0x0083dcb3) srl     s9, t2, s0
core   0: 3 0x80002bd0 (0x0083dcb3) x25 0x00000000
core   0: 0x80002bd4 (0x3a932b93) slti    s7, t1, 937
core   0: 3 0x80002bd4 (0x3a932b93) x23 0x00000001
core   0: 0x80002bd8 (0x00dd8c33) add     s8, s11, a3
core   0: 3 0x80002bd8 (0x00dd8c33) x24 0xf1b592ae
core   0: 0x80002bdc (0x03b4f6b3) remu    a3, s1, s11
core   0: 3 0x80002bdc (0x03b4f6b3) x13 0x00014000
core   0: 0x80002be0 (0x410a5913) srai    s2, s4, 16
core   0: 3 0x80002be0 (0x410a5913) x18 0x000007ff
core   0: 0x80002be4 (0x003c1193) slli    gp, s8, 3
core   0: 3 0x80002be4 (0x003c1193) x 3 0x8dac9570
core   0: 0x80002be8 (0xb4d6f893) andi    a7, a3, -1203
core   0: 3 0x80002be8 (0xb4d6f893) x17 0x00014000
core   0: 0x80002bec (0x82d13693) sltiu   a3, sp, -2003
core   0: 3 0x80002bec (0x82d13693) x13 0x00000001
core   0: 0x80002bf0 (0x005e6e33) or      t3, t3, t0
core   0: 3 0x80002bf0 (0x005e6e33) x28 0x00014000
core   0: 0x80002bf4 (0x00f97233) and     tp, s2, a5
core   0: 3 0x80002bf4 (0x00f97233) x 4 0x000007ff
core   0: 0x80002bf8 (0x00ded493) srli    s1, t4, 13
core   0: 3 0x80002bf8 (0x00ded493) x 9 0x00000000
core   0: 0x80002bfc (0x00e01933) sll     s2, zero, a4
core   0: 3 0x80002bfc (0x00e01933) x18 0x00000000
core   0: 0x80002c00 (0x41e656b3) sra     a3, a2, t5
core   0: 3 0x80002c00 (0x41e656b3) x13 0xffffffff
core   0: 0x80002c04 (0xccae0e13) addi    t3, t3, -822
core   0: 3 0x80002c04 (0xccae0e13) x28 0x00013cca
core   0: 0x80002c08 (0xb7fc8c13) addi    s8, s9, -1153
core   0: 3 0x80002c08 (0xb7fc8c13) x24 0xfffffb7f
core   0: 0x80002c0c (0x0da3f593) andi    a1, t2, 218
core   0: 3 0x80002c0c (0x0da3f593) x11 0x00000000
core   0: 0x80002c10 (0x025c47b3) div     a5, s8, t0
core   0: 3 0x80002c10 (0x025c47b3) x15 0xffffffff
core   0: 0x80002c14 (0x03c84533) div     a0, a6, t3
core   0: 3 0x80002c14 (0x03c84533) x10 0xffff9891
core   0: 0x80002c18 (0xd5b83937) lui     s2, 0xd5b83
core   0: 3 0x80002c18 (0xd5b83937) x18 0xd5b83000
core   0: 0x80002c1c (0x00921333) sll     t1, tp, s1
core   0: 3 0x80002c1c (0x00921333) x 6 0x000007ff
core   0: 0x80002c20 (0x0334dcb3) divu    s9, s1, s3
core   0: 3 0x80002c20 (0x0334dcb3) x25 0x00000000
core   0: 0x80002c24 (0x01461d33) sll     s10, a2, s4
core   0: 3 0x80002c24 (0x01461d33) x26 0xff8ce000
core   0: 0x80002c28 (0x5f57e693) ori     a3, a5, 1525
core   0: 3 0x80002c28 (0x5f57e693) x13 0xffffffff
core   0: 0x80002c2c (0x41640233) sub     tp, s0, s6
core   0: 3 0x80002c2c (0x41640233) x 4 0x00000000
core   0: 0x80002c30 (0x009bd533) srl     a0, s7, s1
core   0: 3 0x80002c30 (0x009bd533) x10 0x00000001
core   0: 0x80002c34 (0x00000013) nop
core   0: 3 0x80002c34 (0x00000013)
core   0: 0x80002c38 (0xdb35bb37) lui     s6, 0xdb35b
core   0: 3 0x80002c38 (0xdb35bb37) x22 0xdb35b000
core   0: 0x80002c3c (0x03b424b3) mulhsu  s1, s0, s11
core   0: 3 0x80002c3c (0x03b424b3) x 9 0x00000000
core   0: 0x80002c40 (0x29f3cfb7) lui     t6, 0x29f3c
core   0: 3 0x80002c40 (0x29f3cfb7) x31 0x29f3c000
core   0: 0x80002c44 (0x660a3193) sltiu   gp, s4, 1632
core   0: 3 0x80002c44 (0x660a3193) x 3 0x00000000
core   0: 0x80002c48 (0x1aa842b7) lui     t0, 0x1aa84
core   0: 3 0x80002c48 (0x1aa842b7) x 5 0x1aa84000
core   0: 0x80002c4c (0x017797b3) sll     a5, a5, s7
core   0: 3 0x80002c4c (0x017797b3) x15 0xfffffffe
core   0: 0x80002c50 (0x01d33eb3) sltu    t4, t1, t4
core   0: 3 0x80002c50 (0x01d33eb3) x29 0x00000000
core   0: 0x80002c54 (0x028845b3) div     a1, a6, s0
core   0: 3 0x80002c54 (0x028845b3) x11 0x80014e64
core   0: 0x80002c58 (0x02c513b3) mulh    t2, a0, a2
core   0: 3 0x80002c58 (0x02c513b3) x 7 0xffffffff
core   0: 0x80002c5c (0xb97f6d13) ori     s10, t5, -1129
core   0: 3 0x80002c5c (0xb97f6d13) x26 0xffffffdf
core   0: 0x80002c60 (0x02ef5f33) divu    t5, t5, a4
core   0: 3 0x80002c60 (0x02ef5f33) x30 0xffffffff
core   0: 0x80002c64 (0x0086d493) srli    s1, a3, 8
core   0: 3 0x80002c64 (0x0086d493) x 9 0x00ffffff
core   0: 0x80002c68 (0x412cdc13) srai    s8, s9, 18
core   0: 3 0x80002c68 (0x412cdc13) x24 0x00000000
core   0: 0x80002c6c (0x02bfba33) mulhu   s4, t6, a1
core   0: 3 0x80002c6c (0x02bfba33) x20 0x14fa16cc
core   0: 0x80002c70 (0x02b27733) remu    a4, tp, a1
core   0: 3 0x80002c70 (0x02b27733) x14 0x00000000
core   0: 0x80002c74 (0x024d2733) mulhsu  a4, s10, tp
core   0: 3 0x80002c74 (0x024d2733) x14 0x00000000
core   0: 0x80002c78 (0x55444213) xori    tp, s0, 1364
core   0: 3 0x80002c78 (0x55444213) x 4 0x00000555
core   0: 0x80002c7c (0x02e83bb3) mulhu   s7, a6, a4
core   0: 3 0x80002c7c (0x02e83bb3) x23 0x00000000
core   0: 0x80002c80 (0x03c408b3) mul     a7, s0, t3
core   0: 3 0x80002c80 (0x03c408b3) x17 0x00013cca
core   0: 0x80002c84 (0x03d8eeb3) rem     t4, a7, t4
core   0: 3 0x80002c84 (0x03d8eeb3) x29 0x00013cca
core   0: 0x80002c88 (0x034b1ab3) mulh    s5, s6, s4
core   0: 3 0x80002c88 (0x034b1ab3) x21 0xfcfc40e7
core   0: 0x80002c8c (0x40cf51b3) sra     gp, t5, a2
core   0: 3 0x80002c8c (0x40cf51b3) x 3 0xffffffff
core   0: 0x80002c90 (0x02322133) mulhsu  sp, tp, gp
core   0: 3 0x80002c90 (0x02322133) x 2 0x00000554
core   0: 0x80002c94 (0x00000013) nop
core   0: 3 0x80002c94 (0x00000013)
core   0: 0x80002c98 (0x02f09eb3) mulh    t4, ra, a5
core   0: 3 0x80002c98 (0x02f09eb3) x29 0x00000000
core   0: 0x80002c9c (0x00c7f933) and     s2, a5, a2
core   0: 3 0x80002c9c (0x00c7f933) x18 0xfffffc66
core   0: 0x80002ca0 (0x40105c13) srai    s8, zero, 1
core   0: 3 0x80002ca0 (0x40105c13) x24 0x00000000
core   0: 0x80002ca4 (0x3b5fc937) lui     s2, 0x3b5fc
core   0: 3 0x80002ca4 (0x3b5fc937) x18 0x3b5fc000
core   0: 0x80002ca8 (0x00eb37b3) sltu    a5, s6, a4
core   0: 3 0x80002ca8 (0x00eb37b3) x15 0x00000000
core   0: 0x80002cac (0x020e7333) remu    t1, t3, zero
core   0: 3 0x80002cac (0x020e7333) x 6 0x00013cca
core   0: 0x80002cb0 (0x012f3ab3) sltu    s5, t5, s2
core   0: 3 0x80002cb0 (0x012f3ab3) x21 0x00000000
core   0: 0x80002cb4 (0x1e9e7c13) andi    s8, t3, 489
core   0: 3 0x80002cb4 (0x1e9e7c13) x24 0x000000c8
core   0: 0x80002cb8 (0x03892733) mulhsu  a4, s2, s8
core   0: 3 0x80002cb8 (0x03892733) x14 0x0000002e
core   0: 0x80002cbc (0x0195e0b3) or      ra, a1, s9
core   0: 3 0x80002cbc (0x0195e0b3) x 1 0x80014e64
core   0: 0x80002cc0 (0xb2bd3c13) sltiu   s8, s10, -1237
core   0: 3 0x80002cc0 (0xb2bd3c13) x24 0x00000000
core   0: 0x80002cc4 (0x014d3b33) sltu    s6, s10, s4
core   0: 3 0x80002cc4 (0x014d3b33) x22 0x00000000
core   0: 0x80002cc8 (0x00000013) nop
core   0: 3 0x80002cc8 (0x00000013)
core   0: 0x80002ccc (0x03735233) divu    tp, t1, s7
core   0: 3 0x80002ccc (0x03735233) x 4 0xffffffff
core   0: 0x80002cd0 (0x00b19933) sll     s2, gp, a1
core   0: 3 0x80002cd0 (0x00b19933) x18 0xfffffff0
core   0: 0x80002cd4 (0x00000013) nop
core   0: 3 0x80002cd4 (0x00000013)
core   0: 0x80002cd8 (0x009baeb3) slt     t4, s7, s1
core   0: 3 0x80002cd8 (0x009baeb3) x29 0x00000001
core   0: 0x80002cdc (0x017cad33) slt     s10, s9, s7
core   0: 3 0x80002cdc (0x017cad33) x26 0x00000000
core   0: 0x80002ce0 (0x03cef233) remu    tp, t4, t3
core   0: 3 0x80002ce0 (0x03cef233) x 4 0x00000001
core   0: 0x80002ce4 (0x009e7cb3) and     s9, t3, s1
core   0: 3 0x80002ce4 (0x009e7cb3) x25 0x00013cca
core   0: 0x80002ce8 (0xbf38bb93) sltiu   s7, a7, -1037
core   0: 3 0x80002ce8 (0xbf38bb93) x23 0x00000001
core   0: 0x80002cec (0x00759f13) slli    t5, a1, 7
core   0: 3 0x80002cec (0x00759f13) x30 0x00a73200
core   0: 0x80002cf0 (0x8d89ea13) ori     s4, s3, -1832
core   0: 3 0x80002cf0 (0x8d89ea13) x20 0xfffff8db
core   0: 0x80002cf4 (0x03a485b3) mul     a1, s1, s10
core   0: 3 0x80002cf4 (0x03a485b3) x11 0x00000000
core   0: 0x80002cf8 (0x030b73b3) remu    t2, s6, a6
core   0: 3 0x80002cf8 (0x030b73b3) x 7 0x00000000
core   0: 0x80002cfc (0x52f64113) xori    sp, a2, 1327
core   0: 3 0x80002cfc (0x52f64113) x 2 0xfffff948
core   0: 0x80002d00 (0xd4b16713) ori     a4, sp, -693
core   0: 3 0x80002d00 (0xd4b16713) x14 0xfffffd4b
core   0: 0x80002d04 (0x00d52033) slt     zero, a0, a3
core   0: 3 0x80002d04 (0x00d52033)
core   0: 0x80002d08 (0x0192fcb3) and     s9, t0, s9
core   0: 3 0x80002d08 (0x0192fcb3) x25 0x00000000
core   0: 0x80002d0c (0x40595513) srai    a0, s2, 5
core   0: 3 0x80002d0c (0x40595513) x10 0xffffffff
core   0: 0x80002d10 (0x88b0cc93) xori    s9, ra, -1909
core   0: 3 0x80002d10 (0x88b0cc93) x25 0x7ffeb6ef
core   0: 0x80002d14 (0x0393dbb3) divu    s7, t2, s9
core   0: 3 0x80002d14 (0x0393dbb3) x23 0x00000000
core   0: 0x80002d18 (0x01708913) addi    s2, ra, 23
core   0: 3 0x80002d18 (0x01708913) x18 0x80014e7b
core   0: 0x80002d1c (0xbe0ebc93) sltiu   s9, t4, -1056
core   0: 3 0x80002d1c (0xbe0ebc93) x25 0x00000001
core   0: 0x80002d20 (0xbe55a717) auipc   a4, 0xbe55a
core   0: 3 0x80002d20 (0xbe55a717) x14 0x3e55cd20
core   0: 0x80002d24 (0x4111d1b3) sra     gp, gp, a7
core   0: 3 0x80002d24 (0x4111d1b3) x 3 0xffffffff
core   0: 0x80002d28 (0x82c0a913) slti    s2, ra, -2004
core   0: 3 0x80002d28 (0x82c0a913) x18 0x00000001
core   0: 0x80002d2c (0x028781b3) mul     gp, a5, s0
core   0: 3 0x80002d2c (0x028781b3) x 3 0x00000000
core   0: 0x80002d30 (0x41775b33) sra     s6, a4, s7
core   0: 3 0x80002d30 (0x41775b33) x22 0x3e55cd20
core   0: 0x80002d34 (0x021f54b3) divu    s1, t5, ra
core   0: 3 0x80002d34 (0x021f54b3) x 9 0x00000000
core   0: 0x80002d38 (0x03549fb3) mulh    t6, s1, s5
core   0: 3 0x80002d38 (0x03549fb3) x31 0x00000000
core   0: 0x80002d3c (0x196efc93) andi    s9, t4, 406
core   0: 3 0x80002d3c (0x196efc93) x25 0x00000000
core   0: 0x80002d40 (0x0384eab3) rem     s5, s1, s8
core   0: 3 0x80002d40 (0x0384eab3) x21 0x00000000
core   0: 0x80002d44 (0x015abf33) sltu    t5, s5, s5
core   0: 3 0x80002d44 (0x015abf33) x30 0x00000000
core   0: 0x80002d48 (0x033e0f33) mul     t5, t3, s3
core   0: 3 0x80002d48 (0x033e0f33) x30 0x000d9cae
core   0: 0x80002d4c (0x00ff01b3) add     gp, t5, a5
core   0: 3 0x80002d4c (0x00ff01b3) x 3 0x000d9cae
core   0: 0x80002d50 (0x00f74f13) xori    t5, a4, 15
core   0: 3 0x80002d50 (0x00f74f13) x30 0x3e55cd2f
core   0: 0x80002d54 (0x01c86c33) or      s8, a6, t3
core   0: 3 0x80002d54 (0x01c86c33) x24 0x80017eee
core   0: 0x80002d58 (0xfebe6193) ori     gp, t3, -21
core   0: 3 0x80002d58 (0xfebe6193) x 3 0xffffffeb
core   0: 0x80002d5c (0x27144593) xori    a1, s0, 625
core   0: 3 0x80002d5c (0x27144593) x11 0x00000270
core   0: 0x80002d60 (0x00e99193) slli    gp, s3, 14
core   0: 3 0x80002d60 (0x00e99193) x 3 0x0002c000
core   0: 0x80002d64 (0x41c782b3) sub     t0, a5, t3
core   0: 3 0x80002d64 (0x41c782b3) x 5 0xfffec336
core   0: 0x80002d68 (0x01f86c33) or      s8, a6, t6
core   0: 3 0x80002d68 (0x01f86c33) x24 0x80014e64
core   0: 0x80002d6c (0x02067f33) remu    t5, a2, zero
core   0: 3 0x80002d6c (0x02067f33) x30 0xfffffc67
core   0: 0x80002d70 (0x0193db33) srl     s6, t2, s9
core   0: 3 0x80002d70 (0x0193db33) x22 0x00000000
core   0: 0x80002d74 (0x4166d433) sra     s0, a3, s6
core   0: 3 0x80002d74 (0x4166d433) x 8 0xffffffff
core   0: 0x80002d78 (0x965aec93) ori     s9, s5, -1691
core   0: 3 0x80002d78 (0x965aec93) x25 0xfffff965
core   0: 0x80002d7c (0x038234b3) mulhu   s1, tp, s8
core   0: 3 0x80002d7c (0x038234b3) x 9 0x00000000
core   0: 0x80002d80 (0x01b29513) slli    a0, t0, 27
core   0: 3 0x80002d80 (0x01b29513) x10 0xb0000000
core   0: 0x80002d84 (0x01f62533) slt     a0, a2, t6
core   0: 3 0x80002d84 (0x01f62533) x10 0x00000001
core   0: 0x80002d88 (0x0334f933) remu    s2, s1, s3
core   0: 3 0x80002d88 (0x0334f933) x18 0x00000000
core   0: 0x80002d8c (0x0d6e8f13) addi    t5, t4, 214
core   0: 3 0x80002d8c (0x0d6e8f13) x30 0x000000d7
core   0: 0x80002d90 (0x014b2c33) slt     s8, s6, s4
core   0: 3 0x80002d90 (0x014b2c33) x24 0x00000000
core   0: 0x80002d94 (0x00c12a33) slt     s4, sp, a2
core   0: 3 0x80002d94 (0x00c12a33) x20 0x00000001
core   0: 0x80002d98 (0x014964b3) or      s1, s2, s4
core   0: 3 0x80002d98 (0x014964b3) x 9 0x00000001
core   0: 0x80002d9c (0x1dc9af93) slti    t6, s3, 476
core   0: 3 0x80002d9c (0x1dc9af93) x31 0x00000001
core   0: 0x80002da0 (0x0034d593) srli    a1, s1, 3
core   0: 3 0x80002da0 (0x0034d593) x11 0x00000000
core   0: 0x80002da4 (0x03bccc33) div     s8, s9, s11
core   0: 3 0x80002da4 (0x03bccc33) x24 0x00000000
core   0: 0x80002da8 (0x00d2c933) xor     s2, t0, a3
core   0: 3 0x80002da8 (0x00d2c933) x18 0x00013cc9
core   0: 0x80002dac (0x6c2c6c17) auipc   s8, 0x6c2c6
core   0: 3 0x80002dac (0x6c2c6c17) x24 0xec2c8dac
core   0: 0x80002db0 (0x005a4d33) xor     s10, s4, t0
core   0: 3 0x80002db0 (0x005a4d33) x26 0xfffec337
core   0: 0x80002db4 (0x405c5893) srai    a7, s8, 5
core   0: 3 0x80002db4 (0x405c5893) x17 0xff61646d
core   0: 0x80002db8 (0x1654aab7) lui     s5, 0x1654a
core   0: 3 0x80002db8 (0x1654aab7) x21 0x1654a000
core   0: 0x80002dbc (0x00274a33) xor     s4, a4, sp
core   0: 3 0x80002dbc (0x00274a33) x20 0xc1aa3468
core   0: 0x80002dc0 (0xded26e13) ori     t3, tp, -531
core   0: 3 0x80002dc0 (0xded26e13) x28 0xfffffded
core   0: 0x80002dc4 (0x02610133) mul     sp, sp, t1
core   0: 3 0x80002dc4 (0x02610133) x 2 0xf7af92d0
core   0: 0x80002dc8 (0x029d14b3) mulh    s1, s10, s1
core   0: 3 0x80002dc8 (0x029d14b3) x 9 0xffffffff
core   0: 0x80002dcc (0x002df433) and     s0, s11, sp
core   0: 3 0x80002dcc (0x002df433) x 8 0x800180c0
core   0: 0x80002dd0 (0x03665cb3) divu    s9, a2, s6
core   0: 3 0x80002dd0 (0x03665cb3) x25 0xffffffff
core   0: 0x80002dd4 (0x02c2f5b3) remu    a1, t0, a2
core   0: 3 0x80002dd4 (0x02c2f5b3) x11 0xfffec336
core   0: 0x80002dd8 (0x0347e933) rem     s2, a5, s4
core   0: 3 0x80002dd8 (0x0347e933) x18 0x00000000
core   0: 0x80002ddc (0x9bce0b93) addi    s7, t3, -1604
core   0: 3 0x80002ddc (0x9bce0b93) x23 0xfffff7a9
core   0: 0x80002de0 (0x01770633) add     a2, a4, s7
core   0: 3 0x80002de0 (0x01770633) x12 0x3e55c4c9
core   0: 0x80002de4 (0x005f54b3) srl     s1, t5, t0
core   0: 3 0x80002de4 (0x005f54b3) x 9 0x00000000
core   0: 0x80002de8 (0x00000013) nop
core   0: 3 0x80002de8 (0x00000013)
core   0: 0x80002dec (0x985e3d13) sltiu   s10, t3, -1659
core   0: 3 0x80002dec (0x985e3d13) x26 0x00000000
core   0: 0x80002df0 (0x00a88cb3) add     s9, a7, a0
core   0: 3 0x80002df0 (0x00a88cb3) x25 0xff61646e
core   0: 0x80002df4 (0xdd7ba7b7) lui     a5, 0xdd7ba
core   0: 3 0x80002df4 (0xdd7ba7b7) x15 0xdd7ba000
core   0: 0x80002df8 (0x0177ac33) slt     s8, a5, s7
core   0: 3 0x80002df8 (0x0177ac33) x24 0x00000001
core   0: 0x80002dfc (0x03951d33) mulh    s10, a0, s9
core   0: 3 0x80002dfc (0x03951d33) x26 0xffffffff
core   0: 0x80002e00 (0x00a64b33) xor     s6, a2, a0
core   0: 3 0x80002e00 (0x00a64b33) x22 0x3e55c4c8
core   0: 0x80002e04 (0x028dbcb3) mulhu   s9, s11, s0
core   0: 3 0x80002e04 (0x028dbcb3) x25 0x400186d4
core   0: 0x80002e08 (0x03d22933) mulhsu  s2, tp, t4
core   0: 3 0x80002e08 (0x03d22933) x18 0x00000000
core   0: 0x80002e0c (0x02b20333) mul     t1, tp, a1
core   0: 3 0x80002e0c (0x02b20333) x 6 0xfffec336
core   0: 0x80002e10 (0xe2c2eb93) ori     s7, t0, -468
core   0: 3 0x80002e10 (0xe2c2eb93) x23 0xffffff3e
core   0: 0x80002e14 (0x77e0fc13) andi    s8, ra, 1918
core   0: 3 0x80002e14 (0x77e0fc13) x24 0x00000664
core   0: 0x80002e18 (0x4027db93) srai    s7, a5, 2
core   0: 3 0x80002e18 (0x4027db93) x23 0xf75ee800
core   0: 0x80002e1c (0x02ce14b3) mulh    s1, t3, a2
core   0: 3 0x80002e1c (0x02ce14b3) x 9 0xffffff7e
core   0: 0x80002e20 (0x40768c33) sub     s8, a3, t2
core   0: 3 0x80002e20 (0x40768c33) x24 0xffffffff
core   0: 0x80002e24 (0x0300d7b3) divu    a5, ra, a6
core   0: 3 0x80002e24 (0x0300d7b3) x15 0x00000001
core   0: 0x80002e28 (0x013ad393) srli    t2, s5, 19
core   0: 3 0x80002e28 (0x013ad393) x 7 0x000002ca
core   0: 0x80002e2c (0x01019533) sll     a0, gp, a6
core   0: 3 0x80002e2c (0x01019533) x10 0x002c0000
core   0: 0x80002e30 (0x0100b7b3) sltu    a5, ra, a6
core   0: 3 0x80002e30 (0x0100b7b3) x15 0x00000000
core   0: 0x80002e34 (0x03372b33) mulhsu  s6, a4, s3
core   0: 3 0x80002e34 (0x03372b33) x22 0x00000002
core   0: 0x80002e38 (0x00000013) nop
core   0: 3 0x80002e38 (0x00000013)
core   0: 0x80002e3c (0x0048f3b3) and     t2, a7, tp
core   0: 3 0x80002e3c (0x0048f3b3) x 7 0x00000001
core   0: 0x80002e40 (0x696f9897) auipc   a7, 0x696f9
core   0: 3 0x80002e40 (0x696f9897) x17 0xe96fbe40
core   0: 0x80002e44 (0x018f5893) srli    a7, t5, 24
core   0: 3 0x80002e44 (0x018f5893) x17 0x00000000
core   0: 0x80002e48 (0x31bc8713) addi    a4, s9, 795
core   0: 3 0x80002e48 (0x31bc8713) x14 0x400189ef
core   0: 0x80002e4c (0x02f115b3) mulh    a1, sp, a5
core   0: 3 0x80002e4c (0x02f115b3) x11 0x00000000
core   0: 0x80002e50 (0x00000013) nop
core   0: 3 0x80002e50 (0x00000013)
core   0: 0x80002e54 (0x01e91a33) sll     s4, s2, t5
core   0: 3 0x80002e54 (0x01e91a33) x20 0x00000000
core   0: 0x80002e58 (0x061d8d13) addi    s10, s11, 97
core   0: 3 0x80002e58 (0x061d8d13) x26 0x80018d45
core   0: 0x80002e5c (0x41f656b3) sra     a3, a2, t6
core   0: 3 0x80002e5c (0x41f656b3) x13 0x1f2ae264
core   0: 0x80002e60 (0x4057d933) sra     s2, a5, t0
core   0: 3 0x80002e60 (0x4057d933) x18 0x00000000
core   0: 0x80002e64 (0x03035ab3) divu    s5, t1, a6
core   0: 3 0x80002e64 (0x03035ab3) x21 0x00000001
core   0: 0x80002e68 (0x00e484b3) add     s1, s1, a4
core   0: 3 0x80002e68 (0x00e484b3) x 9 0x4001896d
core   0: 0x80002e6c (0x026478b3) remu    a7, s0, t1
core   0: 3 0x80002e6c (0x026478b3) x17 0x800180c0
core   0: 0x80002e70 (0x0188c933) xor     s2, a7, s8
core   0: 3 0x80002e70 (0x0188c933) x18 0x7ffe7f3f
core   0: 0x80002e74 (0x0175b4b3) sltu    s1, a1, s7
core   0: 3 0x80002e74 (0x0175b4b3) x 9 0x00000001
core   0: 0x80002e78 (0x008be033) or      zero, s7, s0
core   0: 3 0x80002e78 (0x008be033)
core   0: 0x80002e7c (0x03179033) mulh    zero, a5, a7
core   0: 3 0x80002e7c (0x03179033)
core   0: 0x80002e80 (0x00761193) slli    gp, a2, 7
core   0: 3 0x80002e80 (0x00761193) x 3 0x2ae26480
core   0: 0x80002e84 (0x030e7433) remu    s0, t3, a6
core   0: 3 0x80002e84 (0x030e7433) x 8 0x7ffeaf89
core   0: 0x80002e88 (0x26d0ec93) ori     s9, ra, 621
core   0: 3 0x80002e88 (0x26d0ec93) x25 0x80014e6d
core   0: 0x80002e8c (0x00ee2133) slt     sp, t3, a4
core   0: 3 0x80002e8c (0x00ee2133) x 2 0x00000001
core   0: 0x80002e90 (0xcd4b5637) lui     a2, 0xcd4b5
core   0: 3 0x80002e90 (0xcd4b5637) x12 0xcd4b5000
core   0: 0x80002e94 (0xd5216893) ori     a7, sp, -686
core   0: 3 0x80002e94 (0xd5216893) x17 0xfffffd53
core   0: 0x80002e98 (0x8c3f2913) slti    s2, t5, -1853
core   0: 3 0x80002e98 (0x8c3f2913) x18 0x00000000
core   0: 0x80002e9c (0xf2687897) auipc   a7, 0xf2687
core   0: 3 0x80002e9c (0xf2687897) x17 0x72689e9c
core   0: 0x80002ea0 (0x40cbd713) srai    a4, s7, 12
core   0: 3 0x80002ea0 (0x40cbd713) x14 0xffff75ee
core   0: 0x80002ea4 (0x00415eb3) srl     t4, sp, tp
core   0: 3 0x80002ea4 (0x00415eb3) x29 0x00000000
core   0: 0x80002ea8 (0xaa8f28b7) lui     a7, 0xaa8f2
core   0: 3 0x80002ea8 (0xaa8f28b7) x17 0xaa8f2000
core   0: 0x80002eac (0xb0250b37) lui     s6, 0xb0250
core   0: 3 0x80002eac (0xb0250b37) x22 0xb0250000
core   0: 0x80002eb0 (0x17ac0693) addi    a3, s8, 378
core   0: 3 0x80002eb0 (0x17ac0693) x13 0x00000179
core   0: 0x80002eb4 (0xfa13a513) slti    a0, t2, -95
core   0: 3 0x80002eb4 (0xfa13a513) x10 0x00000000
core   0: 0x80002eb8 (0xa5a57a93) andi    s5, a0, -1446
core   0: 3 0x80002eb8 (0xa5a57a93) x21 0x00000000
core   0: 0x80002ebc (0x036a1533) mulh    a0, s4, s6
core   0: 3 0x80002ebc (0x036a1533) x10 0x00000000
core   0: 0x80002ec0 (0x0260ffb3) remu    t6, ra, t1
core   0: 3 0x80002ec0 (0x0260ffb3) x31 0x80014e64
core   0: 0x80002ec4 (0x10ad4c13) xori    s8, s10, 266
core   0: 3 0x80002ec4 (0x10ad4c13) x24 0x80018c4f
core   0: 0x80002ec8 (0xbf709517) auipc   a0, 0xbf709
core   0: 3 0x80002ec8 (0xbf709517) x10 0x3f70bec8
core   0: 0x80002ecc (0xb99f87b7) lui     a5, 0xb99f8
core   0: 3 0x80002ecc (0xb99f87b7) x15 0xb99f8000
core   0: 0x80002ed0 (0x03620bb3) mul     s7, tp, s6
core   0: 3 0x80002ed0 (0x03620bb3) x23 0xb0250000
core   0: 0x80002ed4 (0x019a66b3) or      a3, s4, s9
core   0: 3 0x80002ed4 (0x019a66b3) x13 0x80014e6d
core   0: 0x80002ed8 (0x71b34417) auipc   s0, 0x71b34
core   0: 3 0x80002ed8 (0x71b34417) x 8 0xf1b36ed8
core   0: 0x80002edc (0x0086ebb3) or      s7, a3, s0
core   0: 3 0x80002edc (0x0086ebb3) x23 0xf1b36efd
core   0: 0x80002ee0 (0x97040893) addi    a7, s0, -1680
core   0: 3 0x80002ee0 (0x97040893) x17 0xf1b36848
core   0: 0x80002ee4 (0x0324ebb3) rem     s7, s1, s2
core   0: 3 0x80002ee4 (0x0324ebb3) x23 0x00000001
core   0: 0x80002ee8 (0x02532033) mulhsu  zero, t1, t0
core   0: 3 0x80002ee8 (0x02532033)
core   0: 0x80002eec (0x005b2733) slt     a4, s6, t0
core   0: 3 0x80002eec (0x005b2733) x14 0x00000001
core   0: 0x80002ef0 (0x03be8d33) mul     s10, t4, s11
core   0: 3 0x80002ef0 (0x03be8d33) x26 0x00000000
core   0: 0x80002ef4 (0x77617f93) andi    t6, sp, 1910
core   0: 3 0x80002ef4 (0x77617f93) x31 0x00000000
core   0: 0x80002ef8 (0x41c0d013) srai    zero, ra, 28
core   0: 3 0x80002ef8 (0x41c0d013)
core   0: 0x80002efc (0x01861433) sll     s0, a2, s8
core   0: 3 0x80002efc (0x01861433) x 8 0xa8000000
core   0: 0x80002f00 (0x0003d033) srl     zero, t2, zero
core   0: 3 0x80002f00 (0x0003d033)
core   0: 0x80002f04 (0x02d03233) mulhu   tp, zero, a3
core   0: 3 0x80002f04 (0x02d03233) x 4 0x00000000
core   0: 0x80002f08 (0x24d32517) auipc   a0, 0x24d32
core   0: 3 0x80002f08 (0x24d32517) x10 0xa4d34f08
core   0: 0x80002f0c (0x40a7d133) sra     sp, a5, a0
core   0: 3 0x80002f0c (0x40a7d133) x 2 0xffb99f80
core   0: 0x80002f10 (0x03508333) mul     t1, ra, s5
core   0: 3 0x80002f10 (0x03508333) x 6 0x00000000
core   0: 0x80002f14 (0x0154ae33) slt     t3, s1, s5
core   0: 3 0x80002f14 (0x0154ae33) x28 0x00000000
core   0: 0x80002f18 (0x0094af33) slt     t5, s1, s1
core   0: 3 0x80002f18 (0x0094af33) x30 0x00000000
core   0: 0x80002f1c (0x012f5913) srli    s2, t5, 18
core   0: 3 0x80002f1c (0x012f5913) x18 0x00000000
core   0: 0x80002f20 (0x008c5c93) srli    s9, s8, 8
core   0: 3 0x80002f20 (0x008c5c93) x25 0x0080018c
core   0: 0x80002f24 (0x01164bb3) xor     s7, a2, a7
core   0: 3 0x80002f24 (0x01164bb3) x23 0x3cf83848
core   0: 0x80002f28 (0x011528b3) slt     a7, a0, a7
core   0: 3 0x80002f28 (0x011528b3) x17 0x00000001
core   0: 0x80002f2c (0x00cd9213) slli    tp, s11, 12
core   0: 3 0x80002f2c (0x00cd9213) x 4 0x18ce4000
core   0: 0x80002f30 (0x40be8eb3) sub     t4, t4, a1
core   0: 3 0x80002f30 (0x40be8eb3) x29 0x00000000
core   0: 0x80002f34 (0x010f08b3) add     a7, t5, a6
core   0: 3 0x80002f34 (0x010f08b3) x17 0x80014e64
core   0: 0x80002f38 (0x02acd4b3) divu    s1, s9, a0
core   0: 3 0x80002f38 (0x02acd4b3) x 9 0x00000000
core   0: 0x80002f3c (0x02867ab3) remu    s5, a2, s0
core   0: 3 0x80002f3c (0x02867ab3) x21 0x254b5000
core   0: 0x80002f40 (0x0147f033) and     zero, a5, s4
core   0: 3 0x80002f40 (0x0147f033)
core   0: 0x80002f44 (0x032708b3) mul     a7, a4, s2
core   0: 3 0x80002f44 (0x032708b3) x17 0x00000000
core   0: 0x80002f48 (0x416a83b3) sub     t2, s5, s6
core   0: 3 0x80002f48 (0x416a83b3) x 7 0x75265000
core   0: 0x80002f4c (0x406fde13) srai    t3, t6, 6
core   0: 3 0x80002f4c (0x406fde13) x28 0x00000000
core   0: 0x80002f50 (0x018b6933) or      s2, s6, s8
core   0: 3 0x80002f50 (0x018b6933) x18 0xb0258c4f
core   0: 0x80002f54 (0xfc95b493) sltiu   s1, a1, -55
core   0: 3 0x80002f54 (0xfc95b493) x 9 0x00000001
core   0: 0x80002f58 (0x2d053193) sltiu   gp, a0, 720
core   0: 3 0x80002f58 (0x2d053193) x 3 0x00000000
core   0: 0x80002f5c (0x19744b93) xori    s7, s0, 407
core   0: 3 0x80002f5c (0x19744b93) x23 0xa8000197
core   0: 0x80002f60 (0x363b17b7) lui     a5, 0x363b1
core   0: 3 0x80002f60 (0x363b17b7) x15 0x363b1000
core   0: 0x80002f64 (0x9eedb593) sltiu   a1, s11, -1554
core   0: 3 0x80002f64 (0x9eedb593) x11 0x00000001
core   0: 0x80002f68 (0x0053f033) and     zero, t2, t0
core   0: 3 0x80002f68 (0x0053f033)
core   0: 0x80002f6c (0x94f8bfb7) lui     t6, 0x94f8b
core   0: 3 0x80002f6c (0x94f8bfb7) x31 0x94f8b000
core   0: 0x80002f70 (0x8d238c13) addi    s8, t2, -1838
core   0: 3 0x80002f70 (0x8d238c13) x24 0x752648d2
core   0: 0x80002f74 (0x01caca33) xor     s4, s5, t3
core   0: 3 0x80002f74 (0x01caca33) x20 0x254b5000
core   0: 0x80002f78 (0x01003533) snez    a0, a6
core   0: 3 0x80002f78 (0x01003533) x10 0x00000001
core   0: 0x80002f7c (0x02d436b3) mulhu   a3, s0, a3
core   0: 3 0x80002f7c (0x02d436b3) x13 0x5400db77
core   0: 0x80002f80 (0x4085d893) srai    a7, a1, 8
core   0: 3 0x80002f80 (0x4085d893) x17 0x00000000
core   0: 0x80002f84 (0x03df51b3) divu    gp, t5, t4
core   0: 3 0x80002f84 (0x03df51b3) x 3 0xffffffff
core   0: 0x80002f88 (0x0267f3b3) remu    t2, a5, t1
core   0: 3 0x80002f88 (0x0267f3b3) x 7 0x363b1000
core   0: 0x80002f8c (0x401f5f13) srai    t5, t5, 1
core   0: 3 0x80002f8c (0x401f5f13) x30 0x00000000
core   0: 0x80002f90 (0x00611093) slli    ra, sp, 6
core   0: 3 0x80002f90 (0x00611093) x 1 0xee67e000
core   0: 0x80002f94 (0x0080a733) slt     a4, ra, s0
core   0: 3 0x80002f94 (0x0080a733) x14 0x00000000
core   0: 0x80002f98 (0x016b71b3) and     gp, s6, s6
core   0: 3 0x80002f98 (0x016b71b3) x 3 0xb0250000
core   0: 0x80002f9c (0x03ab62b3) rem     t0, s6, s10
core   0: 3 0x80002f9c (0x03ab62b3) x 5 0xb0250000
core   0: 0x80002fa0 (0x41da5133) sra     sp, s4, t4
core   0: 3 0x80002fa0 (0x41da5133) x 2 0x254b5000
core   0: 0x80002fa4 (0x1c97f213) andi    tp, a5, 457
core   0: 3 0x80002fa4 (0x1c97f213) x 4 0x00000000
core   0: 0x80002fa8 (0x008a1c13) slli    s8, s4, 8
core   0: 3 0x80002fa8 (0x008a1c13) x24 0x4b500000
core   0: 0x80002fac (0x00000013) nop
core   0: 3 0x80002fac (0x00000013)
core   0: 0x80002fb0 (0x008b5cb3) srl     s9, s6, s0
core   0: 3 0x80002fb0 (0x008b5cb3) x25 0xb0250000
core   0: 0x80002fb4 (0x88846e93) ori     t4, s0, -1912
core   0: 3 0x80002fb4 (0x88846e93) x29 0xfffff888
core   0: 0x80002fb8 (0x028522b3) mulhsu  t0, a0, s0
core   0: 3 0x80002fb8 (0x028522b3) x 5 0x00000000
core   0: 0x80002fbc (0x4050de93) srai    t4, ra, 5
core   0: 3 0x80002fbc (0x4050de93) x29 0xff733f00
core   0: 0x80002fc0 (0x3255b2b7) lui     t0, 0x3255b
core   0: 3 0x80002fc0 (0x3255b2b7) x 5 0x3255b000
core   0: 0x80002fc4 (0x00000013) nop
core   0: 3 0x80002fc4 (0x00000013)
core   0: 0x80002fc8 (0x4028da33) sra     s4, a7, sp
core   0: 3 0x80002fc8 (0x4028da33) x20 0x00000000
core   0: 0x80002fcc (0x4e21ea13) ori     s4, gp, 1250
core   0: 3 0x80002fcc (0x4e21ea13) x20 0xb02504e2
core   0: 0x80002fd0 (0x006a0533) add     a0, s4, t1
core   0: 3 0x80002fd0 (0x006a0533) x10 0xb02504e2
core   0: 0x80002fd4 (0x0191f933) and     s2, gp, s9
core   0: 3 0x80002fd4 (0x0191f933) x18 0xb0250000
core   0: 0x80002fd8 (0x039ca633) mulhsu  a2, s9, s9
core   0: 3 0x80002fd8 (0x039ca633) x12 0xc90de559
core   0: 0x80002fdc (0x02348333) mul     t1, s1, gp
core   0: 3 0x80002fdc (0x02348333) x 6 0xb0250000
core   0: 0x80002fe0 (0x025ad2b3) divu    t0, s5, t0
core   0: 3 0x80002fe0 (0x025ad2b3) x 5 0x00000000
core   0: 0x80002fe4 (0x70b9f393) andi    t2, s3, 1803
core   0: 3 0x80002fe4 (0x70b9f393) x 7 0x0000000b
core   0: 0x80002fe8 (0x02a683b3) mul     t2, a3, a0
core   0: 3 0x80002fe8 (0x02a683b3) x 7 0xb4629b0e
core   0: 0x80002fec (0x000ed433) srl     s0, t4, zero
core   0: 3 0x80002fec (0x000ed433) x 8 0xff733f00
core   0: 0x80002ff0 (0x02827533) remu    a0, tp, s0
core   0: 3 0x80002ff0 (0x02827533) x10 0x00000000
core   0: 0x80002ff4 (0x0c644b17) auipc   s6, 0xc644
core   0: 3 0x80002ff4 (0x0c644b17) x22 0x8c646ff4
core   0: 0x80002ff8 (0x01152e33) slt     t3, a0, a7
core   0: 3 0x80002ff8 (0x01152e33) x28 0x00000000
core   0: 0x80002ffc (0xfad48b97) auipc   s7, 0xfad48
core   0: 3 0x80002ffc (0xfad48b97) x23 0x7ad4affc
core   0: 0x80003000 (0x61957617) auipc   a2, 0x61957
core   0: 3 0x80003000 (0x61957617) x12 0xe195a000
core   0: 0x80003004 (0x00de87b3) add     a5, t4, a3
core   0: 3 0x80003004 (0x00de87b3) x15 0x53741a77
core   0: 0x80003008 (0x01ec5593) srli    a1, s8, 30
core   0: 3 0x80003008 (0x01ec5593) x11 0x00000001
core   0: 0x8000300c (0x021ebd33) mulhu   s10, t4, ra
core   0: 3 0x8000300c (0x021ebd33) x26 0xede4cb75
core   0: 0x80003010 (0x038a83b3) mul     t2, s5, s8
core   0: 3 0x80003010 (0x038a83b3) x 7 0x00000000
core   0: 0x80003014 (0xd9457b93) andi    s7, a0, -620
core   0: 3 0x80003014 (0xd9457b93) x23 0x00000000
core   0: 0x80003018 (0x0130b133) sltu    sp, ra, s3
core   0: 3 0x80003018 (0x0130b133) x 2 0x00000000
core   0: 0x8000301c (0x009cecb3) or      s9, s9, s1
core   0: 3 0x8000301c (0x009cecb3) x25 0xb0250001
core   0: 0x80003020 (0x05980c93) addi    s9, a6, 89
core   0: 3 0x80003020 (0x05980c93) x25 0x80014ebd
core   0: 0x80003024 (0xbe373693) sltiu   a3, a4, -1053
core   0: 3 0x80003024 (0xbe373693) x13 0x00000001
core   0: 0x80003028 (0xf5750c93) addi    s9, a0, -169
core   0: 3 0x80003028 (0xf5750c93) x25 0xffffff57
core   0: 0x8000302c (0x41478333) sub     t1, a5, s4
core   0: 3 0x8000302c (0x41478333) x 6 0xa34f1595
core   0: 0x80003030 (0x017968b3) or      a7, s2, s7
core   0: 3 0x80003030 (0x017968b3) x17 0xb0250000
core   0: 0x80003034 (0x0144b933) sltu    s2, s1, s4
core   0: 3 0x80003034 (0x0144b933) x18 0x00000001
core   0: 0x80003038 (0x00000013) nop
core   0: 3 0x80003038 (0x00000013)
core   0: 0x8000303c (0x3e8ca513) slti    a0, s9, 1000
core   0: 3 0x8000303c (0x3e8ca513) x10 0x00000001
core   0: 0x80003040 (0x0f7e6b93) ori     s7, t3, 247
core   0: 3 0x80003040 (0x0f7e6b93) x23 0x000000f7
core   0: 0x80003044 (0x01899a93) slli    s5, s3, 24
core   0: 3 0x80003044 (0x01899a93) x21 0x0b000000
core   0: 0x80003048 (0x3fe3b093) sltiu   ra, t2, 1022
core   0: 3 0x80003048 (0x3fe3b093) x 1 0x00000001
core   0: 0x8000304c (0x032053b3) divu    t2, zero, s2
core   0: 3 0x8000304c (0x032053b3) x 7 0x00000000
core   0: 0x80003050 (0x0264a133) mulhsu  sp, s1, t1
core   0: 3 0x80003050 (0x0264a133) x 2 0x00000000
core   0: 0x80003054 (0x03a132b3) mulhu   t0, sp, s10
core   0: 3 0x80003054 (0x03a132b3) x 5 0x00000000
core   0: 0x80003058 (0x017798b3) sll     a7, a5, s7
core   0: 3 0x80003058 (0x017798b3) x17 0x3b800000
core   0: 0x8000305c (0x032a35b3) mulhu   a1, s4, s2
core   0: 3 0x8000305c (0x032a35b3) x11 0x00000000
core   0: 0x80003060 (0x0152b4b3) sltu    s1, t0, s5
core   0: 3 0x80003060 (0x0152b4b3) x 9 0x00000001
core   0: 0x80003064 (0x005f9233) sll     tp, t6, t0
core   0: 3 0x80003064 (0x005f9233) x 4 0x94f8b000
core   0: 0x80003068 (0x03cf8cb3) mul     s9, t6, t3
core   0: 3 0x80003068 (0x03cf8cb3) x25 0x00000000
core   0: 0x8000306c (0x67a8f013) andi    zero, a7, 1658
core   0: 3 0x8000306c (0x67a8f013)
core   0: 0x80003070 (0x41735e13) srai    t3, t1, 23
core   0: 3 0x80003070 (0x41735e13) x28 0xffffff46
core   0: 0x80003074 (0x8ffda3b7) lui     t2, 0x8ffda
core   0: 3 0x80003074 (0x8ffda3b7) x 7 0x8ffda000
core   0: 0x80003078 (0x0013a733) slt     a4, t2, ra
core   0: 3 0x80003078 (0x0013a733) x14 0x00000001
core   0: 0x8000307c (0x033abc33) mulhu   s8, s5, s3
core   0: 3 0x8000307c (0x033abc33) x24 0x00000000
core   0: 0x80003080 (0x022e38b3) mulhu   a7, t3, sp
core   0: 3 0x80003080 (0x022e38b3) x17 0x00000000
core   0: 0x80003084 (0x027b9333) mulh    t1, s7, t2
core   0: 3 0x80003084 (0x027b9333) x 6 0xffffff93
core   0: 0x80003088 (0x99260037) lui     zero, 0x99260
core   0: 3 0x80003088 (0x99260037)
core   0: 0x8000308c (0x0018dbb3) srl     s7, a7, ra
core   0: 3 0x8000308c (0x0018dbb3) x23 0x00000000
core   0: 0x80003090 (0x019bc1b3) xor     gp, s7, s9
core   0: 3 0x80003090 (0x019bc1b3) x 3 0x00000000
core   0: 0x80003094 (0x032c77b3) remu    a5, s8, s2
core   0: 3 0x80003094 (0x032c77b3) x15 0x00000000
core   0: 0x80003098 (0x7ace4a13) xori    s4, t3, 1964
core   0: 3 0x80003098 (0x7ace4a13) x20 0xfffff8ea
core   0: 0x8000309c (0x0324b3b3) mulhu   t2, s1, s2
core   0: 3 0x8000309c (0x0324b3b3) x 7 0x00000000
core   0: 0x800030a0 (0x41c6db33) sra     s6, a3, t3
core   0: 3 0x800030a0 (0x41c6db33) x22 0x00000000
core   0: 0x800030a4 (0xa0f0af93) slti    t6, ra, -1521
core   0: 3 0x800030a4 (0xa0f0af93) x31 0x00000000
core   0: 0x800030a8 (0x03fb7933) remu    s2, s6, t6
core   0: 3 0x800030a8 (0x03fb7933) x18 0x00000000
core   0: 0x800030ac (0x00000013) nop
core   0: 3 0x800030ac (0x00000013)
core   0: 0x800030b0 (0x000bc133) xor     sp, s7, zero
core   0: 3 0x800030b0 (0x000bc133) x 2 0x00000000
core   0: 0x800030b4 (0xc513b913) sltiu   s2, t2, -943
core   0: 3 0x800030b4 (0xc513b913) x18 0x00000001
core   0: 0x800030b8 (0x023a5333) divu    t1, s4, gp
core   0: 3 0x800030b8 (0x023a5333) x 6 0xffffffff
core   0: 0x800030bc (0x002a4fb3) xor     t6, s4, sp
core   0: 3 0x800030bc (0x002a4fb3) x31 0xfffff8ea
core   0: 0x800030c0 (0x40cdec13) ori     s8, s11, 1036
core   0: 3 0x800030c0 (0x40cdec13) x24 0x80018cec
core   0: 0x800030c4 (0x262e2093) slti    ra, t3, 610
core   0: 3 0x800030c4 (0x262e2093) x 1 0x00000001
core   0: 0x800030c8 (0x03958933) mul     s2, a1, s9
core   0: 3 0x800030c8 (0x03958933) x18 0x00000000
core   0: 0x800030cc (0x01f91a13) slli    s4, s2, 31
core   0: 3 0x800030cc (0x01f91a13) x20 0x00000000
core   0: 0x800030d0 (0x0274d5b3) divu    a1, s1, t2
core   0: 3 0x800030d0 (0x0274d5b3) x11 0xffffffff
core   0: 0x800030d4 (0x40a988b3) sub     a7, s3, a0
core   0: 3 0x800030d4 (0x40a988b3) x17 0x0000000a
core   0: 0x800030d8 (0x4492ff93) andi    t6, t0, 1097
core   0: 3 0x800030d8 (0x4492ff93) x31 0x00000000
core   0: 0x800030dc (0xf0c36e13) ori     t3, t1, -244
core   0: 3 0x800030dc (0xf0c36e13) x28 0xffffffff
core   0: 0x800030e0 (0x011dabb3) slt     s7, s11, a7
core   0: 3 0x800030e0 (0x011dabb3) x23 0x00000001
core   0: 0x800030e4 (0x5c2dc593) xori    a1, s11, 1474
core   0: 3 0x800030e4 (0x5c2dc593) x11 0x80018926
core   0: 0x800030e8 (0x0111d413) srli    s0, gp, 17
core   0: 3 0x800030e8 (0x0111d413) x 8 0x00000000
core   0: 0x800030ec (0x41f60533) sub     a0, a2, t6
core   0: 3 0x800030ec (0x41f60533) x10 0xe195a000
core   0: 0x800030f0 (0x00978333) add     t1, a5, s1
core   0: 3 0x800030f0 (0x00978333) x 6 0x00000001
core   0: 0x800030f4 (0x5c80ed13) ori     s10, ra, 1480
core   0: 3 0x800030f4 (0x5c80ed13) x26 0x000005c9
core   0: 0x800030f8 (0x01e354b3) srl     s1, t1, t5
core   0: 3 0x800030f8 (0x01e354b3) x 9 0x00000001
core   0: 0x800030fc (0x0148d893) srli    a7, a7, 20
core   0: 3 0x800030fc (0x0148d893) x17 0x00000000
core   0: 0x80003100 (0x46fe8f13) addi    t5, t4, 1135
core   0: 3 0x80003100 (0x46fe8f13) x30 0xff73436f
core   0: 0x80003104 (0xdddc3893) sltiu   a7, s8, -547
core   0: 3 0x80003104 (0xdddc3893) x17 0x00000001
core   0: 0x80003108 (0x037e2eb3) mulhsu  t4, t3, s7
core   0: 3 0x80003108 (0x037e2eb3) x29 0xffffffff
core   0: 0x8000310c (0x00000013) nop
core   0: 3 0x8000310c (0x00000013)
core   0: 0x80003110 (0x016db2b3) sltu    t0, s11, s6
core   0: 3 0x80003110 (0x016db2b3) x 5 0x00000000
core   0: 0x80003114 (0x0287bc33) mulhu   s8, a5, s0
core   0: 3 0x80003114 (0x0287bc33) x24 0x00000000
core   0: 0x80003118 (0x00665213) srli    tp, a2, 6
core   0: 3 0x80003118 (0x00665213) x 4 0x03865680
core   0: 0x8000311c (0x03bd6e33) rem     t3, s10, s11
core   0: 3 0x8000311c (0x03bd6e33) x28 0x000005c9
core   0: 0x80003120 (0xcf39ef93) ori     t6, s3, -781
core   0: 3 0x80003120 (0xcf39ef93) x31 0xfffffcfb
core   0: 0x80003124 (0x99612c93) slti    s9, sp, -1642
core   0: 3 0x80003124 (0x99612c93) x25 0x00000000
core   0: 0x80003128 (0x50a14717) auipc   a4, 0x50a14
core   0: 3 0x80003128 (0x50a14717) x14 0xd0a17128
core   0: 0x8000312c (0x41d85e33) sra     t3, a6, t4
core   0: 3 0x8000312c (0x41d85e33) x28 0xffffffff
core   0: 0x80003130 (0xb39cc893) xori    a7, s9, -1223
core   0: 3 0x80003130 (0xb39cc893) x17 0xfffffb39
core   0: 0x80003134 (0x4f5b0e37) lui     t3, 0x4f5b0
core   0: 3 0x80003134 (0x4f5b0e37) x28 0x4f5b0000
core   0: 0x80003138 (0x006e6533) or      a0, t3, t1
core   0: 3 0x80003138 (0x006e6533) x10 0x4f5b0001
core   0: 0x8000313c (0x01579893) slli    a7, a5, 21
core   0: 3 0x8000313c (0x01579893) x17 0x00000000
core   0: 0x80003140 (0x008fd893) srli    a7, t6, 8
core   0: 3 0x80003140 (0x008fd893) x17 0x00fffffc
core   0: 0x80003144 (0x03eb76b3) remu    a3, s6, t5
core   0: 3 0x80003144 (0x03eb76b3) x13 0x00000000
core   0: 0x80003148 (0x015ddb93) srli    s7, s11, 21
core   0: 3 0x80003148 (0x015ddb93) x23 0x00000400
core   0: 0x8000314c (0x4101d413) srai    s0, gp, 16
core   0: 3 0x8000314c (0x4101d413) x 8 0x00000000
core   0: 0x80003150 (0x02b777b3) remu    a5, a4, a1
core   0: 3 0x80003150 (0x02b777b3) x15 0x509fe802
core   0: 0x80003154 (0x009d1013) slli    zero, s10, 9
core   0: 3 0x80003154 (0x009d1013)
core   0: 0x80003158 (0x400e5233) sra     tp, t3, zero
core   0: 3 0x80003158 (0x400e5233) x 4 0x4f5b0000
core   0: 0x8000315c (0x6a086193) ori     gp, a6, 1696
core   0: 3 0x8000315c (0x6a086193) x 3 0x80014ee4
core   0: 0x80003160 (0x0047dc93) srli    s9, a5, 4
core   0: 3 0x80003160 (0x0047dc93) x25 0x0509fe80
core   0: 0x80003164 (0x00a061b3) or      gp, zero, a0
core   0: 3 0x80003164 (0x00a061b3) x 3 0x4f5b0001
core   0: 0x80003168 (0x0149c7b3) xor     a5, s3, s4
core   0: 3 0x80003168 (0x0149c7b3) x15 0x0000000b
core   0: 0x8000316c (0x03823ab3) mulhu   s5, tp, s8
core   0: 3 0x8000316c (0x03823ab3) x21 0x00000000
core   0: 0x80003170 (0x03b98633) mul     a2, s3, s11
core   0: 3 0x80003170 (0x03b98633) x12 0x80110dcc
core   0: 0x80003174 (0xf95f4113) xori    sp, t5, -107
core   0: 3 0x80003174 (0xf95f4113) x 2 0x008cbcfa
core   0: 0x80003178 (0xb04204b7) lui     s1, 0xb0420
core   0: 3 0x80003178 (0xb04204b7) x 9 0xb0420000
core   0: 0x8000317c (0x009214b3) sll     s1, tp, s1
core   0: 3 0x8000317c (0x009214b3) x 9 0x4f5b0000
core   0: 0x80003180 (0x03b203b3) mul     t2, tp, s11
core   0: 3 0x80003180 (0x03b203b3) x 7 0x710c0000
core   0: 0x80003184 (0x6f10e893) ori     a7, ra, 1777
core   0: 3 0x80003184 (0x6f10e893) x17 0x000006f1
core   0: 0x80003188 (0x0144f8b3) and     a7, s1, s4
core   0: 3 0x80003188 (0x0144f8b3) x17 0x00000000
core   0: 0x8000318c (0x02b69433) mulh    s0, a3, a1
core   0: 3 0x8000318c (0x02b69433) x 8 0x00000000
core   0: 0x80003190 (0x03977eb3) remu    t4, a4, s9
core   0: 3 0x80003190 (0x03977eb3) x29 0x0207aea8
core   0: 0x80003194 (0x033d32b3) mulhu   t0, s10, s3
core   0: 3 0x80003194 (0x033d32b3) x 5 0x00000000
core   0: 0x80003198 (0x40b3de93) srai    t4, t2, 11
core   0: 3 0x80003198 (0x40b3de93) x29 0x000e2180
core   0: 0x8000319c (0x016a9fb3) sll     t6, s5, s6
core   0: 3 0x8000319c (0x016a9fb3) x31 0x00000000
core   0: 0x800031a0 (0x03276133) rem     sp, a4, s2
core   0: 3 0x800031a0 (0x03276133) x 2 0xd0a17128
core   0: 0x800031a4 (0x000deb33) or      s6, s11, zero
core   0: 3 0x800031a4 (0x000deb33) x22 0x80018ce4
core   0: 0x800031a8 (0xfa3d0113) addi    sp, s10, -93
core   0: 3 0x800031a8 (0xfa3d0113) x 2 0x0000056c
core   0: 0x800031ac (0xb9c04393) xori    t2, zero, -1124
core   0: 3 0x800031ac (0xb9c04393) x 7 0xfffffb9c
core   0: 0x800031b0 (0x40c50eb3) sub     t4, a0, a2
core   0: 3 0x800031b0 (0x40c50eb3) x29 0xcf49f235
core   0: 0x800031b4 (0x03f5b933) mulhu   s2, a1, t6
core   0: 3 0x800031b4 (0x03f5b933) x18 0x00000000
core   0: 0x800031b8 (0x01aed393) srli    t2, t4, 26
core   0: 3 0x800031b8 (0x01aed393) x 7 0x00000033
core   0: 0x800031bc (0x41c90b33) sub     s6, s2, t3
core   0: 3 0x800031bc (0x41c90b33) x22 0xb0a50000
core   0: 0x800031c0 (0x00c890b3) sll     ra, a7, a2
core   0: 3 0x800031c0 (0x00c890b3) x 1 0x00000000
core   0: 0x800031c4 (0xefecc317) auipc   t1, 0xefecc
core   0: 3 0x800031c4 (0xefecc317) x 6 0x6fecf1c4
core   0: 0x800031c8 (0x8cfd2d13) slti    s10, s10, -1841
core   0: 3 0x800031c8 (0x8cfd2d13) x26 0x00000000
core   0: 0x800031cc (0x0bc14c13) xori    s8, sp, 188
core   0: 3 0x800031cc (0x0bc14c13) x24 0x000005d0
core   0: 0x800031d0 (0x00000013) nop
core   0: 3 0x800031d0 (0x00000013)
core   0: 0x800031d4 (0xb8b17393) andi    t2, sp, -1141
core   0: 3 0x800031d4 (0xb8b17393) x 7 0x00000108
core   0: 0x800031d8 (0x01285d33) srl     s10, a6, s2
core   0: 3 0x800031d8 (0x01285d33) x26 0x80014e64
core   0: 0x800031dc (0x2919a037) lui     zero, 0x2919a
core   0: 3 0x800031dc (0x2919a037)
core   0: 0x800031e0 (0x01ecfbb3) and     s7, s9, t5
core   0: 3 0x800031e0 (0x01ecfbb3) x23 0x05014200
core   0: 0x800031e4 (0x035395b3) mulh    a1, t2, s5
core   0: 3 0x800031e4 (0x035395b3) x11 0x00000000
core   0: 0x800031e8 (0x00aed693) srli    a3, t4, 10
core   0: 3 0x800031e8 (0x00aed693) x13 0x0033d27c
core   0: 0x800031ec (0x0047d133) srl     sp, a5, tp
core   0: 3 0x800031ec (0x0047d133) x 2 0x0000000b
core   0: 0x800031f0 (0x0375ce33) div     t3, a1, s7
core   0: 3 0x800031f0 (0x0375ce33) x28 0x00000000
core   0: 0x800031f4 (0x01ce35b3) sltu    a1, t3, t3
core   0: 3 0x800031f4 (0x01ce35b3) x11 0x00000000
core   0: 0x800031f8 (0x41785493) srai    s1, a6, 23
core   0: 3 0x800031f8 (0x41785493) x 9 0xffffff00
core   0: 0x800031fc (0x02014033) div     zero, sp, zero
core   0: 3 0x800031fc (0x02014033)
core   0: 0x80003200 (0x12a5ca17) auipc   s4, 0x12a5c
core   0: 3 0x80003200 (0x12a5ca17) x20 0x92a5f200
core   0: 0x80003204 (0x01e49233) sll     tp, s1, t5
core   0: 3 0x80003204 (0x01e49233) x 4 0xff800000
core   0: 0x80003208 (0xd4212193) slti    gp, sp, -702
core   0: 3 0x80003208 (0xd4212193) x 3 0x00000000
core   0: 0x8000320c (0x02678533) mul     a0, a5, t1
core   0: 3 0x8000320c (0x02678533) x10 0xcf2e636c
core   0: 0x80003210 (0x405cdbb3) sra     s7, s9, t0
core   0: 3 0x80003210 (0x405cdbb3) x23 0x0509fe80
core   0: 0x80003214 (0x401b0bb3) sub     s7, s6, ra
core   0: 3 0x80003214 (0x401b0bb3) x23 0xb0a50000
core   0: 0x80003218 (0x83eb4c93) xori    s9, s6, -1986
core   0: 3 0x80003218 (0x83eb4c93) x25 0x4f5af83e
core   0: 0x8000321c (0x01b5d113) srli    sp, a1, 27
core   0: 3 0x8000321c (0x01b5d113) x 2 0x00000000
core   0: 0x80003220 (0x79edfc93) andi    s9, s11, 1950
core   0: 3 0x80003220 (0x79edfc93) x25 0x00000484
core   0: 0x80003224 (0x004705b3) add     a1, a4, tp
core   0: 3 0x80003224 (0x004705b3) x11 0xd0217128
core   0: 0x80003228 (0x01cf5393) srli    t2, t5, 28
core   0: 3 0x80003228 (0x01cf5393) x 7 0x0000000f
core   0: 0x8000322c (0x8a7a6c37) lui     s8, 0x8a7a6
core   0: 3 0x8000322c (0x8a7a6c37) x24 0x8a7a6000
core   0: 0x80003230 (0x01eb22b3) slt     t0, s6, t5
core   0: 3 0x80003230 (0x01eb22b3) x 5 0x00000001
core   0: 0x80003234 (0x02a30433) mul     s0, t1, a0
core   0: 3 0x80003234 (0x02a30433) x 8 0xc6accab0
core   0: 0x80003238 (0xa3d64913) xori    s2, a2, -1475
core   0: 3 0x80003238 (0xa3d64913) x18 0x7feef7f1
core   0: 0x8000323c (0x01cd5733) srl     a4, s10, t3
core   0: 3 0x8000323c (0x01cd5733) x14 0x80014e64
core   0: 0x80003240 (0x8d9ef793) andi    a5, t4, -1831
core   0: 3 0x80003240 (0x8d9ef793) x15 0xcf49f011
core   0: 0x80003244 (0x00b9cab3) xor     s5, s3, a1
core   0: 3 0x80003244 (0x00b9cab3) x21 0xd0217123
core   0: 0x80003248 (0x0223b4b3) mulhu   s1, t2, sp
core   0: 3 0x80003248 (0x0223b4b3) x 9 0x00000000
core   0: 0x8000324c (0x03059433) mulh    s0, a1, a6
core   0: 3 0x8000324c (0x03059433) x 8 0x17ef08e4
core   0: 0x80003250 (0x01b50633) add     a2, a0, s11
core   0: 3 0x80003250 (0x01b50633) x12 0x4f2ff050
core   0: 0x80003254 (0x00e455b3) srl     a1, s0, a4
core   0: 3 0x80003254 (0x00e455b3) x11 0x017ef08e
core   0: 0x80003258 (0x007edf33) srl     t5, t4, t2
core   0: 3 0x80003258 (0x007edf33) x30 0x00019e93
core   0: 0x8000325c (0x01209b93) slli    s7, ra, 18
core   0: 3 0x8000325c (0x01209b93) x23 0x00000000
core   0: 0x80003260 (0x01feff33) and     t5, t4, t6
core   0: 3 0x80003260 (0x01feff33) x30 0x00000000
core   0: 0x80003264 (0x009487b3) add     a5, s1, s1
core   0: 3 0x80003264 (0x009487b3) x15 0x00000000
core   0: 0x80003268 (0x032d11b3) mulh    gp, s10, s2
core   0: 3 0x80003268 (0x032d11b3) x 3 0xc0092b23
core   0: 0x8000326c (0x03f49933) mulh    s2, s1, t6
core   0: 3 0x8000326c (0x03f49933) x18 0x00000000
core   0: 0x80003270 (0xd581fe17) auipc   t3, 0xd581f
core   0: 3 0x80003270 (0xd581fe17) x28 0x55822270
core   0: 0x80003274 (0x01e78633) add     a2, a5, t5
core   0: 3 0x80003274 (0x01e78633) x12 0x00000000
core   0: 0x80003278 (0x01d45c93) srli    s9, s0, 29
core   0: 3 0x80003278 (0x01d45c93) x25 0x00000000
core   0: 0x8000327c (0x4951ea93) ori     s5, gp, 1173
core   0: 3 0x8000327c (0x4951ea93) x21 0xc0092fb7
core   0: 0x80003280 (0x02b1d433) divu    s0, gp, a1
core   0: 3 0x80003280 (0x02b1d433) x 8 0x00000080
core   0: 0x80003284 (0x03ff3a33) mulhu   s4, t5, t6
core   0: 3 0x80003284 (0x03ff3a33) x20 0x00000000
core   0: 0x80003288 (0x000440b3) xor     ra, s0, zero
core   0: 3 0x80003288 (0x000440b3) x 1 0x00000080
core   0: 0x8000328c (0x4086dc13) srai    s8, a3, 8
core   0: 3 0x8000328c (0x4086dc13) x24 0x000033d2
core   0: 0x80003290 (0x0283f133) remu    sp, t2, s0
core   0: 3 0x80003290 (0x0283f133) x 2 0x0000000f
core   0: 0x80003294 (0x0121dc13) srli    s8, gp, 18
core   0: 3 0x80003294 (0x0121dc13) x24 0x00003002
core   0: 0x80003298 (0x02344333) div     t1, s0, gp
core   0: 3 0x80003298 (0x02344333) x 6 0x00000000
core   0: 0x8000329c (0x029e0233) mul     tp, t3, s1
core   0: 3 0x8000329c (0x029e0233) x 4 0x00000000
core   0: 0x800032a0 (0x013165b3) or      a1, sp, s3
core   0: 3 0x800032a0 (0x013165b3) x11 0x0000000f
core   0: 0x800032a4 (0x0311ebb3) rem     s7, gp, a7
core   0: 3 0x800032a4 (0x0311ebb3) x23 0xc0092b23
core   0: 0x800032a8 (0x9f532213) slti    tp, t1, -1547
core   0: 3 0x800032a8 (0x9f532213) x 4 0x00000000
core   0: 0x800032ac (0x40b20133) sub     sp, tp, a1
core   0: 3 0x800032ac (0x40b20133) x 2 0xfffffff1
core   0: 0x800032b0 (0x0012c933) xor     s2, t0, ra
core   0: 3 0x800032b0 (0x0012c933) x18 0x00000081
core   0: 0x800032b4 (0x00000013) nop
core   0: 3 0x800032b4 (0x00000013)
core   0: 0x800032b8 (0x039e20b3) mulhsu  ra, t3, s9
core   0: 3 0x800032b8 (0x039e20b3) x 1 0x00000000
core   0: 0x800032bc (0x40a080b3) sub     ra, ra, a0
core   0: 3 0x800032bc (0x40a080b3) x 1 0x30d19c94
core   0: 0x800032c0 (0x21fb3517) auipc   a0, 0x21fb3
core   0: 3 0x800032c0 (0x21fb3517) x10 0xa1fb62c0
core   0: 0x800032c4 (0x035392b3) mulh    t0, t2, s5
core   0: 3 0x800032c4 (0x035392b3) x 5 0xfffffffc
core   0: 0x800032c8 (0xd1f55937) lui     s2, 0xd1f55
core   0: 3 0x800032c8 (0xd1f55937) x18 0xd1f55000
core   0: 0x800032cc (0xc0e62913) slti    s2, a2, -1010
core   0: 3 0x800032cc (0xc0e62913) x18 0x00000000
core   0: 0x800032d0 (0x03b9dc33) divu    s8, s3, s11
core   0: 3 0x800032d0 (0x03b9dc33) x24 0x00000000
core   0: 0x800032d4 (0xd1e45237) lui     tp, 0xd1e45
core   0: 3 0x800032d4 (0xd1e45237) x 4 0xd1e45000
core   0: 0x800032d8 (0x02396a33) rem     s4, s2, gp
core   0: 3 0x800032d8 (0x02396a33) x20 0x00000000
core   0: 0x800032dc (0x01e9bab3) sltu    s5, s3, t5
core   0: 3 0x800032dc (0x01e9bab3) x21 0x00000000
core   0: 0x800032e0 (0x03b4b333) mulhu   t1, s1, s11
core   0: 3 0x800032e0 (0x03b4b333) x 6 0x00000000
core   0: 0x800032e4 (0xbdeb7393) andi    t2, s6, -1058
core   0: 3 0x800032e4 (0xbdeb7393) x 7 0xb0a50000
core   0: 0x800032e8 (0xf5947a13) andi    s4, s0, -167
core   0: 3 0x800032e8 (0xf5947a13) x20 0x00000000
core   0: 0x800032ec (0x50a7a793) slti    a5, a5, 1290
core   0: 3 0x800032ec (0x50a7a793) x15 0x00000001
core   0: 0x800032f0 (0x63826eb7) lui     t4, 0x63826
core   0: 3 0x800032f0 (0x63826eb7) x29 0x63826000
core   0: 0x800032f4 (0x034d97b3) mulh    a5, s11, s4
core   0: 3 0x800032f4 (0x034d97b3) x15 0x00000000
core   0: 0x800032f8 (0x00236f33) or      t5, t1, sp
core   0: 3 0x800032f8 (0x00236f33) x30 0xfffffff1
core   0: 0x800032fc (0x0358a1b3) mulhsu  gp, a7, s5
core   0: 3 0x800032fc (0x0358a1b3) x 3 0x00000000
core   0: 0x80003300 (0x0020c033) xor     zero, ra, sp
core   0: 3 0x80003300 (0x0020c033)
core   0: 0x80003304 (0x038f3c33) mulhu   s8, t5, s8
core   0: 3 0x80003304 (0x038f3c33) x24 0x00000000
core   0: 0x80003308 (0x41860e33) sub     t3, a2, s8
core   0: 3 0x80003308 (0x41860e33) x28 0x00000000
core   0: 0x8000330c (0x4000d693) srai    a3, ra, 0
core   0: 3 0x8000330c (0x4000d693) x13 0x30d19c94
core   0: 0x80003310 (0x00acf933) and     s2, s9, a0
core   0: 3 0x80003310 (0x00acf933) x18 0x00000000
core   0: 0x80003314 (0x01d61e33) sll     t3, a2, t4
core   0: 3 0x80003314 (0x01d61e33) x28 0x00000000
core   0: 0x80003318 (0x43cb2917) auipc   s2, 0x43cb2
core   0: 3 0x80003318 (0x43cb2917) x18 0xc3cb5318
core   0: 0x8000331c (0x03d00cb3) mul     s9, zero, t4
core   0: 3 0x8000331c (0x03d00cb3) x25 0x00000000
core   0: 0x80003320 (0x0393e1b3) rem     gp, t2, s9
core   0: 3 0x80003320 (0x0393e1b3) x 3 0xb0a50000
core   0: 0x80003324 (0x03c1f433) remu    s0, gp, t3
core   0: 3 0x80003324 (0x03c1f433) x 8 0xb0a50000
core   0: 0x80003328 (0x024500b3) mul     ra, a0, tp
core   0: 3 0x80003328 (0x024500b3) x 1 0x41dc0000
core   0: 0x8000332c (0x00731b93) slli    s7, t1, 7
core   0: 3 0x8000332c (0x00731b93) x23 0x00000000
core   0: 0x80003330 (0x02bb8b33) mul     s6, s7, a1
core   0: 3 0x80003330 (0x02bb8b33) x22 0x00000000
core   0: 0x80003334 (0x0019e133) or      sp, s3, ra
core   0: 3 0x80003334 (0x0019e133) x 2 0x41dc000b
core   0: 0x80003338 (0x03945ab3) divu    s5, s0, s9
core   0: 3 0x80003338 (0x03945ab3) x21 0xffffffff
core   0: 0x8000333c (0x016f05b3) add     a1, t5, s6
core   0: 3 0x8000333c (0x016f05b3) x11 0xfffffff1
core   0: 0x80003340 (0x03319fb3) mulh    t6, gp, s3
core   0: 3 0x80003340 (0x03319fb3) x31 0xfffffffc
core   0: 0x80003344 (0x03aa77b3) remu    a5, s4, s10
core   0: 3 0x80003344 (0x03aa77b3) x15 0x00000000
core   0: 0x80003348 (0xcf54aa13) slti    s4, s1, -779
core   0: 3 0x80003348 (0xcf54aa13) x20 0x00000000
core   0: 0x8000334c (0x1f7c9f17) auipc   t5, 0x1f7c9
core   0: 3 0x8000334c (0x1f7c9f17) x30 0x9f7cc34c
core   0: 0x80003350 (0xd5b93337) lui     t1, 0xd5b93
core   0: 3 0x80003350 (0xd5b93337) x 6 0xd5b93000
core   0: 0x80003354 (0x03c71bb3) mulh    s7, a4, t3
core   0: 3 0x80003354 (0x03c71bb3) x23 0x00000000
core   0: 0x80003358 (0x00bac4b3) xor     s1, s5, a1
core   0: 3 0x80003358 (0x00bac4b3) x 9 0x0000000e
core   0: 0x8000335c (0x01823a33) sltu    s4, tp, s8
core   0: 3 0x8000335c (0x01823a33) x20 0x00000000
core   0: 0x80003360 (0x02ef0033) mul     zero, t5, a4
core   0: 3 0x80003360 (0x02ef0033)
core   0: 0x80003364 (0x33807193) andi    gp, zero, 824
core   0: 3 0x80003364 (0x33807193) x 3 0x00000000
core   0: 0x80003368 (0x5f9c6213) ori     tp, s8, 1529
core   0: 3 0x80003368 (0x5f9c6213) x 4 0x000005f9
core   0: 0x8000336c (0xe574e917) auipc   s2, 0xe574e
core   0: 3 0x8000336c (0xe574e917) x18 0x6575136c
core   0: 0x80003370 (0x40178733) sub     a4, a5, ra
core   0: 3 0x80003370 (0x40178733) x14 0xbe240000
core   0: 0x80003374 (0x01af9593) slli    a1, t6, 26
core   0: 3 0x80003374 (0x01af9593) x11 0xf0000000
core   0: 0x80003378 (0x03ad8233) mul     tp, s11, s10
core   0: 3 0x80003378 (0x03ad8233) x 4 0x066c8110
core   0: 0x8000337c (0x00000013) nop
core   0: 3 0x8000337c (0x00000013)
core   0: 0x80003380 (0x0348e033) rem     zero, a7, s4
core   0: 3 0x80003380 (0x0348e033)
core   0: 0x80003384 (0x00c0e933) or      s2, ra, a2
core   0: 3 0x80003384 (0x00c0e933) x18 0x41dc0000
core   0: 0x80003388 (0x01b11013) slli    zero, sp, 27
core   0: 3 0x80003388 (0x01b11013)
core   0: 0x8000338c (0x0128e8b3) or      a7, a7, s2
core   0: 3 0x8000338c (0x0128e8b3) x17 0x41dc0000
core   0: 0x80003390 (0x02ae0533) mul     a0, t3, a0
core   0: 3 0x80003390 (0x02ae0533) x10 0x00000000
core   0: 0x80003394 (0x03461233) mulh    tp, a2, s4
core   0: 3 0x80003394 (0x03461233) x 4 0x00000000
core   0: 0x80003398 (0x03a38493) addi    s1, t2, 58
core   0: 3 0x80003398 (0x03a38493) x 9 0xb0a5003a
core   0: 0x8000339c (0x00085ab3) srl     s5, a6, zero
core   0: 3 0x8000339c (0x00085ab3) x21 0x80014e64
core   0: 0x800033a0 (0x00e3e133) or      sp, t2, a4
core   0: 3 0x800033a0 (0x00e3e133) x 2 0xbea50000
core   0: 0x800033a4 (0x00d61093) slli    ra, a2, 13
core   0: 3 0x800033a4 (0x00d61093) x 1 0x00000000
core   0: 0x800033a8 (0x41cfdb33) sra     s6, t6, t3
core   0: 3 0x800033a8 (0x41cfdb33) x22 0xfffffffc
core   0: 0x800033ac (0x00f58133) add     sp, a1, a5
core   0: 3 0x800033ac (0x00f58133) x 2 0xf0000000
core   0: 0x800033b0 (0x49064c93) xori    s9, a2, 1168
core   0: 3 0x800033b0 (0x49064c93) x25 0x00000490
core   0: 0x800033b4 (0x014a5013) srli    zero, s4, 20
core   0: 3 0x800033b4 (0x014a5013)
core   0: 0x800033b8 (0x00000013) nop
core   0: 3 0x800033b8 (0x00000013)
core   0: 0x800033bc (0x4150de93) srai    t4, ra, 21
core   0: 3 0x800033bc (0x4150de93) x29 0x00000000
core   0: 0x800033c0 (0x03c8e5b3) rem     a1, a7, t3
core   0: 3 0x800033c0 (0x03c8e5b3) x11 0x41dc0000
core   0: 0x800033c4 (0x015a1c93) slli    s9, s4, 21
core   0: 3 0x800033c4 (0x015a1c93) x25 0x00000000
core   0: 0x800033c8 (0xb9e2ad13) slti    s10, t0, -1122
core   0: 3 0x800033c8 (0xb9e2ad13) x26 0x00000000
core   0: 0x800033cc (0x02d76fb3) rem     t6, a4, a3
core   0: 3 0x800033cc (0x02d76fb3) x31 0xeef59c94
core   0: 0x800033d0 (0x01507933) and     s2, zero, s5
core   0: 3 0x800033d0 (0x01507933) x18 0x00000000
core   0: 0x800033d4 (0x270fed13) ori     s10, t6, 624
core   0: 3 0x800033d4 (0x270fed13) x26 0xeef59ef4
core   0: 0x800033d8 (0x005ce633) or      a2, s9, t0
core   0: 3 0x800033d8 (0x005ce633) x12 0xfffffffc
core   0: 0x800033dc (0x0139bcb3) sltu    s9, s3, s3
core   0: 3 0x800033dc (0x0139bcb3) x25 0x00000000
core   0: 0x800033e0 (0x009f3cb3) sltu    s9, t5, s1
core   0: 3 0x800033e0 (0x009f3cb3) x25 0x00000001
core   0: 0x800033e4 (0x009e9713) slli    a4, t4, 9
core   0: 3 0x800033e4 (0x009e9713) x14 0x00000000
core   0: 0x800033e8 (0x199f0f93) addi    t6, t5, 409
core   0: 3 0x800033e8 (0x199f0f93) x31 0x9f7cc4e5
core   0: 0x800033ec (0x02e76a33) rem     s4, a4, a4
core   0: 3 0x800033ec (0x02e76a33) x20 0x00000000
core   0: 0x800033f0 (0x0010f8b3) and     a7, ra, ra
core   0: 3 0x800033f0 (0x0010f8b3) x17 0x00000000
core   0: 0x800033f4 (0x0343a733) mulhsu  a4, t2, s4
core   0: 3 0x800033f4 (0x0343a733) x14 0x00000000
core   0: 0x800033f8 (0x6d127c17) auipc   s8, 0x6d127
core   0: 3 0x800033f8 (0x6d127c17) x24 0xed12a3f8
core   0: 0x800033fc (0x41640133) sub     sp, s0, s6
core   0: 3 0x800033fc (0x41640133) x 2 0xb0a50004
core   0: 0x80003400 (0x02b701b3) mul     gp, a4, a1
core   0: 3 0x80003400 (0x02b701b3) x 3 0x00000000
core   0: 0x80003404 (0x00000013) nop
core   0: 3 0x80003404 (0x00000013)
core   0: 0x80003408 (0x01cc4233) xor     tp, s8, t3
core   0: 3 0x80003408 (0x01cc4233) x 4 0xed12a3f8
core   0: 0x8000340c (0x03d3b333) mulhu   t1, t2, t4
core   0: 3 0x8000340c (0x03d3b333) x 6 0x00000000
core   0: 0x80003410 (0x02c65bb3) divu    s7, a2, a2
core   0: 3 0x80003410 (0x02c65bb3) x23 0x00000001
core   0: 0x80003414 (0x00000013) nop
core   0: 3 0x80003414 (0x00000013)
core   0: 0x80003418 (0xf146a493) slti    s1, a3, -236
core   0: 3 0x80003418 (0xf146a493) x 9 0x00000000
core   0: 0x8000341c (0x00c97b33) and     s6, s2, a2
core   0: 3 0x8000341c (0x00c97b33) x22 0x00000000
core   0: 0x80003420 (0x416457b3) sra     a5, s0, s6
core   0: 3 0x80003420 (0x416457b3) x15 0xb0a50000
core   0: 0x80003424 (0x0199b2b3) sltu    t0, s3, s9
core   0: 3 0x80003424 (0x0199b2b3) x 5 0x00000000
core   0: 0x80003428 (0x00842233) slt     tp, s0, s0
core   0: 3 0x80003428 (0x00842233) x 4 0x00000000
core   0: 0x8000342c (0x0195e733) or      a4, a1, s9
core   0: 3 0x8000342c (0x0195e733) x14 0x41dc0001
core   0: 0x80003430 (0x03b177b3) remu    a5, sp, s11
core   0: 3 0x80003430 (0x03b177b3) x15 0x30a37320
core   0: 0x80003434 (0x418b0d33) sub     s10, s6, s8
core   0: 3 0x80003434 (0x418b0d33) x26 0x12ed5c08
core   0: 0x80003438 (0x0055c533) xor     a0, a1, t0
core   0: 3 0x80003438 (0x0055c533) x10 0x41dc0000
core   0: 0x8000343c (0x016b53b3) srl     t2, s6, s6
core   0: 3 0x8000343c (0x016b53b3) x 7 0x00000000
core   0: 0x80003440 (0x02b83333) mulhu   t1, a6, a1
core   0: 3 0x80003440 (0x02b83333) x 6 0x20ee5606
core   0: 0x80003444 (0x8dfb8c13) addi    s8, s7, -1825
core   0: 3 0x80003444 (0x8dfb8c13) x24 0xfffff8e0
core   0: 0x80003448 (0x00000013) nop
core   0: 3 0x80003448 (0x00000013)
core   0: 0x8000344c (0xa4462b93) slti    s7, a2, -1468
core   0: 3 0x8000344c (0xa4462b93) x23 0x00000000
core   0: 0x80003450 (0xafacba93) sltiu   s5, s9, -1286
core   0: 3 0x80003450 (0xafacba93) x21 0x00000001
core   0: 0x80003454 (0xad9a7097) auipc   ra, 0xad9a7
core   0: 3 0x80003454 (0xad9a7097) x 1 0x2d9aa454
core   0: 0x80003458 (0x030971b3) remu    gp, s2, a6
core   0: 3 0x80003458 (0x030971b3) x 3 0x00000000
core   0: 0x8000345c (0x06e93513) sltiu   a0, s2, 110
core   0: 3 0x8000345c (0x06e93513) x10 0x00000001
core   0: 0x80003460 (0xfa154e93) xori    t4, a0, -95
core   0: 3 0x80003460 (0xfa154e93) x29 0xffffffa0
core   0: 0x80003464 (0xb0093193) sltiu   gp, s2, -1280
core   0: 3 0x80003464 (0xb0093193) x 3 0x00000001
core   0: 0x80003468 (0x0363c6b3) div     a3, t2, s6
core   0: 3 0x80003468 (0x0363c6b3) x13 0xffffffff
core   0: 0x8000346c (0x00000013) nop
core   0: 3 0x8000346c (0x00000013)
core   0: 0x80003470 (0x0099d7b3) srl     a5, s3, s1
core   0: 3 0x80003470 (0x0099d7b3) x15 0x0000000b
core   0: 0x80003474 (0x40468c33) sub     s8, a3, tp
core   0: 3 0x80003474 (0x40468c33) x24 0xffffffff
core   0: 0x80003478 (0x40515e93) srai    t4, sp, 5
core   0: 3 0x80003478 (0x40515e93) x29 0xfd852800
core   0: 0x8000347c (0x00189293) slli    t0, a7, 1
core   0: 3 0x8000347c (0x00189293) x 5 0x00000000
core   0: 0x80003480 (0xd3552713) slti    a4, a0, -715
core   0: 3 0x80003480 (0xd3552713) x14 0x00000000
core   0: 0x80003484 (0xea4a8a13) addi    s4, s5, -348
core   0: 3 0x80003484 (0xea4a8a13) x20 0xfffffea5
core   0: 0x80003488 (0x8d050513) addi    a0, a0, -1840
core   0: 3 0x80003488 (0x8d050513) x10 0xfffff8d1
core   0: 0x8000348c (0x41e95933) sra     s2, s2, t5
core   0: 3 0x8000348c (0x41e95933) x18 0x00000000
core   0: 0x80003490 (0x00000013) nop
core   0: 3 0x80003490 (0x00000013)
core   0: 0x80003494 (0xa98b6e13) ori     t3, s6, -1384
core   0: 3 0x80003494 (0xa98b6e13) x28 0xfffffa98
core   0: 0x80003498 (0xec9f9017) auipc   zero, 0xec9f9
core   0: 3 0x80003498 (0xec9f9017)
core   0: 0x8000349c (0x3e3aff13) andi    t5, s5, 995
core   0: 3 0x8000349c (0x3e3aff13) x30 0x00000001
core   0: 0x800034a0 (0x033185b3) mul     a1, gp, s3
core   0: 3 0x800034a0 (0x033185b3) x11 0x0000000b
core   0: 0x800034a4 (0x025335b3) mulhu   a1, t1, t0
core   0: 3 0x800034a4 (0x025335b3) x11 0x00000000
core   0: 0x800034a8 (0x03184ab3) div     s5, a6, a7
core   0: 3 0x800034a8 (0x03184ab3) x21 0xffffffff
core   0: 0x800034ac (0xa9993937) lui     s2, 0xa9993
core   0: 3 0x800034ac (0xa9993937) x18 0xa9993000
core   0: 0x800034b0 (0x022accb3) div     s9, s5, sp
core   0: 3 0x800034b0 (0x022accb3) x25 0x00000000
core   0: 0x800034b4 (0xf343ab93) slti    s7, t2, -204
core   0: 3 0x800034b4 (0xf343ab93) x23 0x00000000
core   0: 0x800034b8 (0x0090af33) slt     t5, ra, s1
core   0: 3 0x800034b8 (0x0090af33) x30 0x00000000
core   0: 0x800034bc (0x039ae6b3) rem     a3, s5, s9
core   0: 3 0x800034bc (0x039ae6b3) x13 0xffffffff
core   0: 0x800034c0 (0x032c1b33) mulh    s6, s8, s2
core   0: 3 0x800034c0 (0x032c1b33) x22 0x00000000
core   0: 0x800034c4 (0x403185b3) sub     a1, gp, gp
core   0: 3 0x800034c4 (0x403185b3) x11 0x00000000
core   0: 0x800034c8 (0x01e2d913) srli    s2, t0, 30
core   0: 3 0x800034c8 (0x01e2d913) x18 0x00000000
core   0: 0x800034cc (0x0398fc33) remu    s8, a7, s9
core   0: 3 0x800034cc (0x0398fc33) x24 0x00000000
core   0: 0x800034d0 (0x02fdb1b3) mulhu   gp, s11, a5
core   0: 3 0x800034d0 (0x02fdb1b3) x 3 0x00000005
core   0: 0x800034d4 (0x00eb78b3) and     a7, s6, a4
core   0: 3 0x800034d4 (0x00eb78b3) x17 0x00000000
core   0: 0x800034d8 (0x008197b3) sll     a5, gp, s0
core   0: 3 0x800034d8 (0x008197b3) x15 0x00000005
core   0: 0x800034dc (0x01ec6f33) or      t5, s8, t5
core   0: 3 0x800034dc (0x01ec6f33) x30 0x00000000
core   0: 0x800034e0 (0x01bda4b3) slt     s1, s11, s11
core   0: 3 0x800034e0 (0x01bda4b3) x 9 0x00000000
core   0: 0x800034e4 (0x02929633) mulh    a2, t0, s1
core   0: 3 0x800034e4 (0x02929633) x12 0x00000000
core   0: 0x800034e8 (0x02b0eeb3) rem     t4, ra, a1
core   0: 3 0x800034e8 (0x02b0eeb3) x29 0x2d9aa454
core   0: 0x800034ec (0x402f51b3) sra     gp, t5, sp
core   0: 3 0x800034ec (0x402f51b3) x 3 0x00000000
core   0: 0x800034f0 (0x0108f533) and     a0, a7, a6
core   0: 3 0x800034f0 (0x0108f533) x10 0x00000000
core   0: 0x800034f4 (0x01fb9793) slli    a5, s7, 31
core   0: 3 0x800034f4 (0x01fb9793) x15 0x00000000
core   0: 0x800034f8 (0x00001b93) slli    s7, zero, 0
core   0: 3 0x800034f8 (0x00001b93) x23 0x00000000
core   0: 0x800034fc (0x02cc86b3) mul     a3, s9, a2
core   0: 3 0x800034fc (0x02cc86b3) x13 0x00000000
core   0: 0x80003500 (0x18060193) addi    gp, a2, 384
core   0: 3 0x80003500 (0x18060193) x 3 0x00000180
core   0: 0x80003504 (0x008beab3) or      s5, s7, s0
core   0: 3 0x80003504 (0x008beab3) x21 0xb0a50000
core   0: 0x80003508 (0x54b17b93) andi    s7, sp, 1355
core   0: 3 0x80003508 (0x54b17b93) x23 0x00000000
core   0: 0x8000350c (0x08b1c293) xori    t0, gp, 139
core   0: 3 0x8000350c (0x08b1c293) x 5 0x0000010b
core   0: 0x80003510 (0x0277e333) rem     t1, a5, t2
core   0: 3 0x80003510 (0x0277e333) x 6 0x00000000
core   0: 0x80003514 (0x020144b3) div     s1, sp, zero
core   0: 3 0x80003514 (0x020144b3) x 9 0xffffffff
core   0: 0x80003518 (0x40e80fb3) sub     t6, a6, a4
core   0: 3 0x80003518 (0x40e80fb3) x31 0x80014e64
core   0: 0x8000351c (0x00b5d1b3) srl     gp, a1, a1
core   0: 3 0x8000351c (0x00b5d1b3) x 3 0x00000000
core   0: 0x80003520 (0x413d51b3) sra     gp, s10, s3
core   0: 3 0x80003520 (0x413d51b3) x 3 0x00025dab
core   0: 0x80003524 (0x55f6f897) auipc   a7, 0x55f6f
core   0: 3 0x80003524 (0x55f6f897) x17 0xd5f72524
core   0: 0x80003528 (0x014e3ab3) sltu    s5, t3, s4
core   0: 3 0x80003528 (0x014e3ab3) x21 0x00000001
core   0: 0x8000352c (0x030472b3) remu    t0, s0, a6
core   0: 3 0x8000352c (0x030472b3) x 5 0x30a3b19c
core   0: 0x80003530 (0xf6982b93) slti    s7, a6, -151
core   0: 3 0x80003530 (0xf6982b93) x23 0x00000001
core   0: 0x80003534 (0x3aaf6513) ori     a0, t5, 938
core   0: 3 0x80003534 (0x3aaf6513) x10 0x000003aa
core   0: 0x80003538 (0x00000013) nop
core   0: 3 0x80003538 (0x00000013)
core   0: 0x8000353c (0x016710b3) sll     ra, a4, s6
core   0: 3 0x8000353c (0x016710b3) x 1 0x00000000
core   0: 0x80003540 (0x0123d1b3) srl     gp, t2, s2
core   0: 3 0x80003540 (0x0123d1b3) x 3 0x00000000
core   0: 0x80003544 (0x00000013) nop
core   0: 3 0x80003544 (0x00000013)
core   0: 0x80003548 (0x006f5433) srl     s0, t5, t1
core   0: 3 0x80003548 (0x006f5433) x 8 0x00000000
core   0: 0x8000354c (0x02331133) mulh    sp, t1, gp
core   0: 3 0x8000354c (0x02331133) x 2 0x00000000
core   0: 0x80003550 (0x022e5b33) divu    s6, t3, sp
core   0: 3 0x80003550 (0x022e5b33) x22 0xffffffff
core   0: 0x80003554 (0x02b75f33) divu    t5, a4, a1
core   0: 3 0x80003554 (0x02b75f33) x30 0xffffffff
core   0: 0x80003558 (0x01b8ac33) slt     s8, a7, s11
core   0: 3 0x80003558 (0x01b8ac33) x24 0x00000000
core   0: 0x8000355c (0x006e68b3) or      a7, t3, t1
core   0: 3 0x8000355c (0x006e68b3) x17 0xfffffa98
core   0: 0x80003560 (0x63287917) auipc   s2, 0x63287
core   0: 3 0x80003560 (0x63287917) x18 0xe328a560
core   0: 0x80003564 (0x00000013) nop
core   0: 3 0x80003564 (0x00000013)
core   0: 0x80003568 (0x517dfd13) andi    s10, s11, 1303
core   0: 3 0x80003568 (0x517dfd13) x26 0x00000404
core   0: 0x8000356c (0x00809b13) slli    s6, ra, 8
core   0: 3 0x8000356c (0x00809b13) x22 0x00000000
core   0: 0x80003570 (0x47cda313) slti    t1, s11, 1148
core   0: 3 0x80003570 (0x47cda313) x 6 0x00000001
core   0: 0x80003574 (0x014d45b3) xor     a1, s10, s4
core   0: 3 0x80003574 (0x014d45b3) x11 0xfffffaa1
core   0: 0x80003578 (0x033642b3) div     t0, a2, s3
core   0: 3 0x80003578 (0x033642b3) x 5 0x00000000
core   0: 0x8000357c (0x9c229c97) auipc   s9, 0x9c229
core   0: 3 0x8000357c (0x9c229c97) x25 0x1c22c57c
core   0: 0x80003580 (0x00000013) nop
core   0: 3 0x80003580 (0x00000013)
core   0: 0x80003584 (0x418c84b3) sub     s1, s9, s8
core   0: 3 0x80003584 (0x418c84b3) x 9 0x1c22c57c
core   0: 0x80003588 (0x00805213) srli    tp, zero, 8
core   0: 3 0x80003588 (0x00805213) x 4 0x00000000
core   0: 0x8000358c (0x03fe30b3) mulhu   ra, t3, t6
core   0: 3 0x8000358c (0x03fe30b3) x 1 0x80014baf
core   0: 0x80003590 (0x01f74bb3) xor     s7, a4, t6
core   0: 3 0x80003590 (0x01f74bb3) x23 0x80014e64
core   0: 0x80003594 (0x0229cf33) div     t5, s3, sp
core   0: 3 0x80003594 (0x0229cf33) x30 0xffffffff
core   0: 0x80003598 (0x01d2d1b3) srl     gp, t0, t4
core   0: 3 0x80003598 (0x01d2d1b3) x 3 0x00000000
core   0: 0x8000359c (0x03251e33) mulh    t3, a0, s2
core   0: 3 0x8000359c (0x03251e33) x28 0xffffff96
core   0: 0x800035a0 (0x41f5d5b3) sra     a1, a1, t6
core   0: 3 0x800035a0 (0x41f5d5b3) x11 0xffffffaa
core   0: 0x800035a4 (0x02861cb3) mulh    s9, a2, s0
core   0: 3 0x800035a4 (0x02861cb3) x25 0x00000000
core   0: 0x800035a8 (0x2c8ccc97) auipc   s9, 0x2c8cc
core   0: 3 0x800035a8 (0x2c8ccc97) x25 0xac8cf5a8
core   0: 0x800035ac (0x020a9733) mulh    a4, s5, zero
core   0: 3 0x800035ac (0x020a9733) x14 0x00000000
core   0: 0x800035b0 (0x03d397b3) mulh    a5, t2, t4
core   0: 3 0x800035b0 (0x03d397b3) x15 0x00000000
core   0: 0x800035b4 (0x6d6aaa93) slti    s5, s5, 1750
core   0: 3 0x800035b4 (0x6d6aaa93) x21 0x00000001
core   0: 0x800035b8 (0x015c5893) srli    a7, s8, 21
core   0: 3 0x800035b8 (0x015c5893) x17 0x00000000
core   0: 0x800035bc (0x01b8c433) xor     s0, a7, s11
core   0: 3 0x800035bc (0x01b8c433) x 8 0x80018ce4
core   0: 0x800035c0 (0x01b062b3) or      t0, zero, s11
core   0: 3 0x800035c0 (0x01b062b3) x 5 0x80018ce4
core   0: 0x800035c4 (0x03c95633) divu    a2, s2, t3
core   0: 3 0x800035c4 (0x03c95633) x12 0x00000000
core   0: 0x800035c8 (0x02d9d3b3) divu    t2, s3, a3
core   0: 3 0x800035c8 (0x02d9d3b3) x 7 0xffffffff
core   0: 0x800035cc (0x03c215b3) mulh    a1, tp, t3
core   0: 3 0x800035cc (0x03c215b3) x11 0x00000000
core   0: 0x800035d0 (0x1c227e93) andi    t4, tp, 450
core   0: 3 0x800035d0 (0x1c227e93) x29 0x00000000
core   0: 0x800035d4 (0x0096d593) srli    a1, a3, 9
core   0: 3 0x800035d4 (0x0096d593) x11 0x00000000
core   0: 0x800035d8 (0x87c26113) ori     sp, tp, -1924
core   0: 3 0x800035d8 (0x87c26113) x 2 0xfffff87c
core   0: 0x800035dc (0x01cdafb3) slt     t6, s11, t3
core   0: 3 0x800035dc (0x01cdafb3) x31 0x00000001
core   0: 0x800035e0 (0x00bdb013) sltiu   zero, s11, 11
core   0: 3 0x800035e0 (0x00bdb013)
core   0: 0x800035e4 (0x4025d693) srai    a3, a1, 2
core   0: 3 0x800035e4 (0x4025d693) x13 0x00000000
core   0: 0x800035e8 (0x00f50f33) add     t5, a0, a5
core   0: 3 0x800035e8 (0x00f50f33) x30 0x000003aa
core   0: 0x800035ec (0x00e85733) srl     a4, a6, a4
core   0: 3 0x800035ec (0x00e85733) x14 0x80014e64
core   0: 0x800035f0 (0x01660e33) add     t3, a2, s6
core   0: 3 0x800035f0 (0x01660e33) x28 0x00000000
core   0: 0x800035f4 (0x003b73b3) and     t2, s6, gp
core   0: 3 0x800035f4 (0x003b73b3) x 7 0x00000000
core   0: 0x800035f8 (0x03f8b1b3) mulhu   gp, a7, t6
core   0: 3 0x800035f8 (0x03f8b1b3) x 3 0x00000000
core   0: 0x800035fc (0x722fc793) xori    a5, t6, 1826
core   0: 3 0x800035fc (0x722fc793) x15 0x00000723
core   0: 0x80003600 (0x02398f33) mul     t5, s3, gp
core   0: 3 0x80003600 (0x02398f33) x30 0x00000000
core   0: 0x80003604 (0x02e2c333) div     t1, t0, a4
core   0: 3 0x80003604 (0x02e2c333) x 6 0x00000000
core   0: 0x80003608 (0x035961b3) rem     gp, s2, s5
core   0: 3 0x80003608 (0x035961b3) x 3 0x00000000
core   0: 0x8000360c (0x405e58b3) sra     a7, t3, t0
core   0: 3 0x8000360c (0x405e58b3) x17 0x00000000
core   0: 0x80003610 (0x40f45313) srai    t1, s0, 15
core   0: 3 0x80003610 (0x40f45313) x 6 0xffff0003
core   0: 0x80003614 (0x28464f13) xori    t5, a2, 644
core   0: 3 0x80003614 (0x28464f13) x30 0x00000284
core   0: 0x80003618 (0x015304b3) add     s1, t1, s5
core   0: 3 0x80003618 (0x015304b3) x 9 0xffff0004
core   0: 0x8000361c (0x0193b933) sltu    s2, t2, s9
core   0: 3 0x8000361c (0x0193b933) x18 0x00000001
core   0: 0x80003620 (0x01419593) slli    a1, gp, 20
core   0: 3 0x80003620 (0x01419593) x11 0x00000000
core   0: 0x80003624 (0x41515b93) srai    s7, sp, 21
core   0: 3 0x80003624 (0x41515b93) x23 0xffffffff
core   0: 0x80003628 (0x0268db33) divu    s6, a7, t1
core   0: 3 0x80003628 (0x0268db33) x22 0x00000000
core   0: 0x8000362c (0x36e30393) addi    t2, t1, 878
core   0: 3 0x8000362c (0x36e30393) x 7 0xffff0371
core   0: 0x80003630 (0x40ad5b33) sra     s6, s10, a0
core   0: 3 0x80003630 (0x40ad5b33) x22 0x00000001
core   0: 0x80003634 (0x411d0533) sub     a0, s10, a7
core   0: 3 0x80003634 (0x411d0533) x10 0x00000404
core   0: 0x80003638 (0x01aad533) srl     a0, s5, s10
core   0: 3 0x80003638 (0x01aad533) x10 0x00000000
core   0: 0x8000363c (0x00000013) nop
core   0: 3 0x8000363c (0x00000013)
core   0: 0x80003640 (0xef60fb37) lui     s6, 0xef60f
core   0: 3 0x80003640 (0xef60fb37) x22 0xef60f000
core   0: 0x80003644 (0x02b89e33) mulh    t3, a7, a1
core   0: 3 0x80003644 (0x02b89e33) x28 0x00000000
core   0: 0x80003648 (0x1bffbe13) sltiu   t3, t6, 447
core   0: 3 0x80003648 (0x1bffbe13) x28 0x00000001
core   0: 0x8000364c (0x00a94133) xor     sp, s2, a0
core   0: 3 0x8000364c (0x00a94133) x 2 0x00000001
core   0: 0x80003650 (0x018d8d33) add     s10, s11, s8
core   0: 3 0x80003650 (0x018d8d33) x26 0x80018ce4
core   0: 0x80003654 (0x4019d6b3) sra     a3, s3, ra
core   0: 3 0x80003654 (0x4019d6b3) x13 0x00000000
core   0: 0x80003658 (0x0101c4b3) xor     s1, gp, a6
core   0: 3 0x80003658 (0x0101c4b3) x 9 0x80014e64
core   0: 0x8000365c (0x034b9933) mulh    s2, s7, s4
core   0: 3 0x8000365c (0x034b9933) x18 0x00000000
core   0: 0x80003660 (0x02d11e33) mulh    t3, sp, a3
core   0: 3 0x80003660 (0x02d11e33) x28 0x00000000
core   0: 0x80003664 (0x033b4933) div     s2, s6, s3
core   0: 3 0x80003664 (0x033b4933) x18 0xfe7d2d18
core   0: 0x80003668 (0x015c6033) or      zero, s8, s5
core   0: 3 0x80003668 (0x015c6033)
core   0: 0x8000366c (0x0121da33) srl     s4, gp, s2
core   0: 3 0x8000366c (0x0121da33) x20 0x00000000
core   0: 0x80003670 (0x03e1bf33) mulhu   t5, gp, t5
core   0: 3 0x80003670 (0x03e1bf33) x30 0x00000000
core   0: 0x80003674 (0x00000013) nop
core   0: 3 0x80003674 (0x00000013)
core   0: 0x80003678 (0x0108dc13) srli    s8, a7, 16
core   0: 3 0x80003678 (0x0108dc13) x24 0x00000000
core   0: 0x8000367c (0x03119ab3) mulh    s5, gp, a7
core   0: 3 0x8000367c (0x03119ab3) x21 0x00000000
core   0: 0x80003680 (0x01a3db93) srli    s7, t2, 26
core   0: 3 0x80003680 (0x01a3db93) x23 0x0000003f
core   0: 0x80003684 (0x40db56b3) sra     a3, s6, a3
core   0: 3 0x80003684 (0x40db56b3) x13 0xef60f000
core   0: 0x80003688 (0x03034733) div     a4, t1, a6
core   0: 3 0x80003688 (0x03034733) x14 0x00000000
core   0: 0x8000368c (0x0061f333) and     t1, gp, t1
core   0: 3 0x8000368c (0x0061f333) x 6 0x00000000
core   0: 0x80003690 (0x02e248b3) div     a7, tp, a4
core   0: 3 0x80003690 (0x02e248b3) x17 0xffffffff
core   0: 0x80003694 (0x02069533) mulh    a0, a3, zero
core   0: 3 0x80003694 (0x02069533) x10 0x00000000
core   0: 0x80003698 (0x029796b3) mulh    a3, a5, s1
core   0: 3 0x80003698 (0x029796b3) x13 0xfffffc6e
core   0: 0x8000369c (0xf96e2037) lui     zero, 0xf96e2
core   0: 3 0x8000369c (0xf96e2037)
core   0: 0x800036a0 (0x00000013) nop
core   0: 3 0x800036a0 (0x00000013)
core   0: 0x800036a4 (0x00556b33) or      s6, a0, t0
core   0: 3 0x800036a4 (0x00556b33) x22 0x80018ce4
core   0: 0x800036a8 (0x1eb05937) lui     s2, 0x1eb05
core   0: 3 0x800036a8 (0x1eb05937) x18 0x1eb05000
core   0: 0x800036ac (0x00cf11b3) sll     gp, t5, a2
core   0: 3 0x800036ac (0x00cf11b3) x 3 0x00000000
core   0: 0x800036b0 (0x417784b3) sub     s1, a5, s7
core   0: 3 0x800036b0 (0x417784b3) x 9 0x000006e4
core   0: 0x800036b4 (0x002aafb3) slt     t6, s5, sp
core   0: 3 0x800036b4 (0x002aafb3) x31 0x00000001
core   0: 0x800036b8 (0x00000013) nop
core   0: 3 0x800036b8 (0x00000013)
core   0: 0x800036bc (0x01395433) srl     s0, s2, s3
core   0: 3 0x800036bc (0x01395433) x 8 0x0003d60a
core   0: 0x800036c0 (0x0293abb3) mulhsu  s7, t2, s1
core   0: 3 0x800036c0 (0x0293abb3) x23 0xffffffff
core   0: 0x800036c4 (0x0203d6b3) divu    a3, t2, zero
core   0: 3 0x800036c4 (0x0203d6b3) x13 0xffffffff
core   0: 0x800036c8 (0xebc92f37) lui     t5, 0xebc92
core   0: 3 0x800036c8 (0xebc92f37) x30 0xebc92000
core   0: 0x800036cc (0x8cdc8e97) auipc   t4, 0x8cdc8
core   0: 3 0x800036cc (0x8cdc8e97) x29 0x0cdcb6cc
core   0: 0x800036d0 (0x00000013) nop
core   0: 3 0x800036d0 (0x00000013)
core   0: 0x800036d4 (0x03cba233) mulhsu  tp, s7, t3
core   0: 3 0x800036d4 (0x03cba233) x 4 0x00000000
core   0: 0x800036d8 (0x0218a633) mulhsu  a2, a7, ra
core   0: 3 0x800036d8 (0x0218a633) x12 0xffffffff
core   0: 0x800036dc (0x033eb5b3) mulhu   a1, t4, s3
core   0: 3 0x800036dc (0x033eb5b3) x11 0x00000000
core   0: 0x800036e0 (0x018c5d33) srl     s10, s8, s8
core   0: 3 0x800036e0 (0x018c5d33) x26 0x00000000
core   0: 0x800036e4 (0x0230cf33) div     t5, ra, gp
core   0: 3 0x800036e4 (0x0230cf33) x30 0xffffffff
core   0: 0x800036e8 (0x00bbc033) xor     zero, s7, a1
core   0: 3 0x800036e8 (0x00bbc033)
core   0: 0x800036ec (0x505c2c13) slti    s8, s8, 1285
core   0: 3 0x800036ec (0x505c2c13) x24 0x00000001
core   0: 0x800036f0 (0x41ebdf13) srai    t5, s7, 30
core   0: 3 0x800036f0 (0x41ebdf13) x30 0xffffffff
core   0: 0x800036f4 (0x033f14b3) mulh    s1, t5, s3
core   0: 3 0x800036f4 (0x033f14b3) x 9 0xffffffff
core   0: 0x800036f8 (0x011a40b3) xor     ra, s4, a7
core   0: 3 0x800036f8 (0x011a40b3) x 1 0xffffffff
core   0: 0x800036fc (0x7709a893) slti    a7, s3, 1904
core   0: 3 0x800036fc (0x7709a893) x17 0x00000001
core   0: 0x80003700 (0x03c3a233) mulhsu  tp, t2, t3
core   0: 3 0x80003700 (0x03c3a233) x 4 0x00000000
core   0: 0x80003704 (0xd3f90d37) lui     s10, 0xd3f90
core   0: 3 0x80003704 (0xd3f90d37) x26 0xd3f90000
core   0: 0x80003708 (0x03e6ba33) mulhu   s4, a3, t5
core   0: 3 0x80003708 (0x03e6ba33) x20 0xfffffffe
core   0: 0x8000370c (0x02163733) mulhu   a4, a2, ra
core   0: 3 0x8000370c (0x02163733) x14 0xfffffffe
core   0: 0x80003710 (0x0063e8b3) or      a7, t2, t1
core   0: 3 0x80003710 (0x0063e8b3) x17 0xffff0371
core   0: 0x80003714 (0x03af7533) remu    a0, t5, s10
core   0: 3 0x80003714 (0x03af7533) x10 0x2c06ffff
core   0: 0x80003718 (0x00635193) srli    gp, t1, 6
core   0: 3 0x80003718 (0x00635193) x 3 0x00000000
core   0: 0x8000371c (0x02517733) remu    a4, sp, t0
core   0: 3 0x8000371c (0x02517733) x14 0x00000001
core   0: 0x80003720 (0x89822e13) slti    t3, tp, -1896
core   0: 3 0x80003720 (0x89822e13) x28 0x00000000
core   0: 0x80003724 (0xd75ebb13) sltiu   s6, t4, -651
core   0: 3 0x80003724 (0xd75ebb13) x22 0x00000001
core   0: 0x80003728 (0x0361d6b3) divu    a3, gp, s6
core   0: 3 0x80003728 (0x0361d6b3) x13 0x00000000
core   0: 0x8000372c (0x54a64bb7) lui     s7, 0x54a64
core   0: 3 0x8000372c (0x54a64bb7) x23 0x54a64000
core   0: 0x80003730 (0x413c0633) sub     a2, s8, s3
core   0: 3 0x80003730 (0x413c0633) x12 0xfffffff6
core   0: 0x80003734 (0x031ba8b3) mulhsu  a7, s7, a7
core   0: 3 0x80003734 (0x031ba8b3) x17 0x54a5ec7d
core   0: 0x80003738 (0xe6784f13) xori    t5, a6, -409
core   0: 3 0x80003738 (0xe6784f13) x30 0x7ffeb003
core   0: 0x8000373c (0x46d9a713) slti    a4, s3, 1133
core   0: 3 0x8000373c (0x46d9a713) x14 0x00000001
core   0: 0x80003740 (0x00a701b3) add     gp, a4, a0
core   0: 3 0x80003740 (0x00a701b3) x 3 0x2c070000
core   0: 0x80003744 (0xbe79fc13) andi    s8, s3, -1049
core   0: 3 0x80003744 (0xbe79fc13) x24 0x00000003
core   0: 0x80003748 (0x23ff0a17) auipc   s4, 0x23ff0
core   0: 3 0x80003748 (0x23ff0a17) x20 0xa3ff3748
core   0: 0x8000374c (0x03ceb3b3) mulhu   t2, t4, t3
core   0: 3 0x8000374c (0x03ceb3b3) x 7 0x00000000
core   0: 0x80003750 (0x0146ec33) or      s8, a3, s4
core   0: 3 0x80003750 (0x0146ec33) x24 0xa3ff3748
core   0: 0x80003754 (0xa0a64213) xori    tp, a2, -1526
core   0: 3 0x80003754 (0xa0a64213) x 4 0x000005fc
core   0: 0x80003758 (0xe6e52b13) slti    s6, a0, -402
core   0: 3 0x80003758 (0xe6e52b13) x22 0x00000000
core   0: 0x8000375c (0x03450c33) mul     s8, a0, s4
core   0: 3 0x8000375c (0x03450c33) x24 0x3ef8c8b8
core   0: 0x80003760 (0x03ca8f33) mul     t5, s5, t3
core   0: 3 0x80003760 (0x03ca8f33) x30 0x00000000
core   0: 0x80003764 (0x025423b3) mulhsu  t2, s0, t0
core   0: 3 0x80003764 (0x025423b3) x 7 0x0001eb0a
core   0: 0x80003768 (0x0106b7b3) sltu    a5, a3, a6
core   0: 3 0x80003768 (0x0106b7b3) x15 0x00000001
core   0: 0x8000376c (0x03f7af33) mulhsu  t5, a5, t6
core   0: 3 0x8000376c (0x03f7af33) x30 0x00000000
core   0: 0x80003770 (0x01bee8b3) or      a7, t4, s11
core   0: 3 0x80003770 (0x01bee8b3) x17 0x8cddbeec
core   0: 0x80003774 (0x00c25313) srli    t1, tp, 12
core   0: 3 0x80003774 (0x00c25313) x 6 0x00000000
core   0: 0x80003778 (0x02eee233) rem     tp, t4, a4
core   0: 3 0x80003778 (0x02eee233) x 4 0x00000000
core   0: 0x8000377c (0xc9a8f293) andi    t0, a7, -870
core   0: 3 0x8000377c (0xc9a8f293) x 5 0x8cddbc88
core   0: 0x80003780 (0x00000013) nop
core   0: 3 0x80003780 (0x00000013)
core   0: 0x80003784 (0xc74cf413) andi    s0, s9, -908
core   0: 3 0x80003784 (0xc74cf413) x 8 0xac8cf420
core   0: 0x80003788 (0x01a3ceb3) xor     t4, t2, s10
core   0: 3 0x80003788 (0x01a3ceb3) x29 0xd3f8eb0a
core   0: 0x8000378c (0x002b3a33) sltu    s4, s6, sp
core   0: 3 0x8000378c (0x002b3a33) x20 0x00000001
core   0: 0x80003790 (0x40ed0333) sub     t1, s10, a4
core   0: 3 0x80003790 (0x40ed0333) x 6 0xd3f8ffff
core   0: 0x80003794 (0x03d66a33) rem     s4, a2, t4
core   0: 3 0x80003794 (0x03d66a33) x20 0xfffffff6
core   0: 0x80003798 (0x038b0bb3) mul     s7, s6, s8
core   0: 3 0x80003798 (0x038b0bb3) x23 0x00000000
core   0: 0x8000379c (0x01824fb3) xor     t6, tp, s8
core   0: 3 0x8000379c (0x01824fb3) x31 0x3ef8c8b8
core   0: 0x800037a0 (0x41ccd913) srai    s2, s9, 28
core   0: 3 0x800037a0 (0x41ccd913) x18 0xfffffffa
core   0: 0x800037a4 (0x00000013) nop
core   0: 3 0x800037a4 (0x00000013)
core   0: 0x800037a8 (0x0133d933) srl     s2, t2, s3
core   0: 3 0x800037a8 (0x0133d933) x18 0x0000003d
core   0: 0x800037ac (0x01d05233) srl     tp, zero, t4
core   0: 3 0x800037ac (0x01d05233) x 4 0x00000000
core   0: 0x800037b0 (0x1e06bf13) sltiu   t5, a3, 480
core   0: 3 0x800037b0 (0x1e06bf13) x30 0x00000001
core   0: 0x800037b4 (0x03b2e6b3) rem     a3, t0, s11
core   0: 3 0x800037b4 (0x03b2e6b3) x13 0x8cddbc88
core   0: 0x800037b8 (0x02948233) mul     tp, s1, s1
core   0: 3 0x800037b8 (0x02948233) x 4 0x00000001
core   0: 0x800037bc (0x01163cb3) sltu    s9, a2, a7
core   0: 3 0x800037bc (0x01163cb3) x25 0x00000000
core   0: 0x800037c0 (0x00b0a633) slt     a2, ra, a1
core   0: 3 0x800037c0 (0x00b0a633) x12 0x00000001
core   0: 0x800037c4 (0xdc533513) sltiu   a0, t1, -571
core   0: 3 0x800037c4 (0xdc533513) x10 0x00000001
core   0: 0x800037c8 (0x002f88b3) add     a7, t6, sp
core   0: 3 0x800037c8 (0x002f88b3) x17 0x3ef8c8b9
core   0: 0x800037cc (0x00fb5493) srli    s1, s6, 15
core   0: 3 0x800037cc (0x00fb5493) x 9 0x00000000
core   0: 0x800037d0 (0x01689eb3) sll     t4, a7, s6
core   0: 3 0x800037d0 (0x01689eb3) x29 0x3ef8c8b9
core   0: 0x800037d4 (0x01695193) srli    gp, s2, 22
core   0: 3 0x800037d4 (0x01695193) x 3 0x00000000
core   0: 0x800037d8 (0x00ccdf93) srli    t6, s9, 12
core   0: 3 0x800037d8 (0x00ccdf93) x31 0x00000000
core   0: 0x800037dc (0x028c8f33) mul     t5, s9, s0
core   0: 3 0x800037dc (0x028c8f33) x30 0x00000000
core   0: 0x800037e0 (0x0237d8b3) divu    a7, a5, gp
core   0: 3 0x800037e0 (0x0237d8b3) x17 0xffffffff
core   0: 0x800037e4 (0x00000013) nop
core   0: 3 0x800037e4 (0x00000013)
core   0: 0x800037e8 (0x412fdc33) sra     s8, t6, s2
core   0: 3 0x800037e8 (0x412fdc33) x24 0x00000000
core   0: 0x800037ec (0x03e685b3) mul     a1, a3, t5
core   0: 3 0x800037ec (0x03e685b3) x11 0x00000000
core   0: 0x800037f0 (0x8a27fa13) andi    s4, a5, -1886
core   0: 3 0x800037f0 (0x8a27fa13) x20 0x00000000
core   0: 0x800037f4 (0x00171a33) sll     s4, a4, ra
core   0: 3 0x800037f4 (0x00171a33) x20 0x80000000
core   0: 0x800037f8 (0x00d4c233) xor     tp, s1, a3
core   0: 3 0x800037f8 (0x00d4c233) x 4 0x8cddbc88
core   0: 0x800037fc (0x03b53433) mulhu   s0, a0, s11
core   0: 3 0x800037fc (0x03b53433) x 8 0x00000000
core   0: 0x80003800 (0x008fad33) slt     s10, t6, s0
core   0: 3 0x80003800 (0x008fad33) x26 0x00000000
core   0: 0x80003804 (0x415dd013) srai    zero, s11, 21
core   0: 3 0x80003804 (0x415dd013)
core   0: 0x80003808 (0x8e51fe97) auipc   t4, 0x8e51f
core   0: 3 0x80003808 (0x8e51fe97) x29 0x0e522808
core   0: 0x8000380c (0x019a7a33) and     s4, s4, s9
core   0: 3 0x8000380c (0x019a7a33) x20 0x00000000
core   0: 0x80003810 (0x00d60433) add     s0, a2, a3
core   0: 3 0x80003810 (0x00d60433) x 8 0x8cddbc89
core   0: 0x80003814 (0x01fd5a93) srli    s5, s10, 31
core   0: 3 0x80003814 (0x01fd5a93) x21 0x00000000
core   0: 0x80003818 (0x8dabc713) xori    a4, s7, -1830
core   0: 3 0x80003818 (0x8dabc713) x14 0xfffff8da
core   0: 0x8000381c (0xea1d2a17) auipc   s4, 0xea1d2
core   0: 3 0x8000381c (0xea1d2a17) x20 0x6a1d581c
core   0: 0x80003820 (0x02a4feb3) remu    t4, s1, a0
core   0: 3 0x80003820 (0x02a4feb3) x29 0x00000000
core   0: 0x80003824 (0x00887e33) and     t3, a6, s0
core   0: 3 0x80003824 (0x00887e33) x28 0x80010c00
core   0: 0x80003828 (0x0237c0b3) div     ra, a5, gp
core   0: 3 0x80003828 (0x0237c0b3) x 1 0xffffffff
core   0: 0x8000382c (0xa4857a93) andi    s5, a0, -1464
core   0: 3 0x8000382c (0xa4857a93) x21 0x00000000
core   0: 0x80003830 (0xa3a93a13) sltiu   s4, s2, -1478
core   0: 3 0x80003830 (0xa3a93a13) x20 0x00000001
core   0: 0x80003834 (0x01059393) slli    t2, a1, 16
core   0: 3 0x80003834 (0x01059393) x 7 0x00000000
core   0: 0x80003838 (0x10418893) addi    a7, gp, 260
core   0: 3 0x80003838 (0x10418893) x17 0x00000104
core   0: 0x8000383c (0x01ab88b3) add     a7, s7, s10
core   0: 3 0x8000383c (0x01ab88b3) x17 0x00000000
core   0: 0x80003840 (0x00052733) slt     a4, a0, zero
core   0: 3 0x80003840 (0x00052733) x14 0x00000000
core   0: 0x80003844 (0xcb686897) auipc   a7, 0xcb686
core   0: 3 0x80003844 (0xcb686897) x17 0x4b689844
core   0: 0x80003848 (0x03f88cb3) mul     s9, a7, t6
core   0: 3 0x80003848 (0x03f88cb3) x25 0x00000000
core   0: 0x8000384c (0x01dd5b13) srli    s6, s10, 29
core   0: 3 0x8000384c (0x01dd5b13) x22 0x00000000
core   0: 0x80003850 (0x02a156b3) divu    a3, sp, a0
core   0: 3 0x80003850 (0x02a156b3) x13 0x00000001
core   0: 0x80003854 (0x6ce40a13) addi    s4, s0, 1742
core   0: 3 0x80003854 (0x6ce40a13) x20 0x8cddc357
core   0: 0x80003858 (0x01d76bb3) or      s7, a4, t4
core   0: 3 0x80003858 (0x01d76bb3) x23 0x00000000
core   0: 0x8000385c (0xc81bbd13) sltiu   s10, s7, -895
core   0: 3 0x8000385c (0xc81bbd13) x26 0x00000001
core   0: 0x80003860 (0x01a71713) slli    a4, a4, 26
core   0: 3 0x80003860 (0x01a71713) x14 0x00000000
core   0: 0x80003864 (0x0046b1b3) sltu    gp, a3, tp
core   0: 3 0x80003864 (0x0046b1b3) x 3 0x00000001
core   0: 0x80003868 (0x00360e33) add     t3, a2, gp
core   0: 3 0x80003868 (0x00360e33) x28 0x00000002
core   0: 0x8000386c (0x03bc15b3) mulh    a1, s8, s11
core   0: 3 0x8000386c (0x03bc15b3) x11 0x00000000
core   0: 0x80003870 (0x401fdcb3) sra     s9, t6, ra
core   0: 3 0x80003870 (0x401fdcb3) x25 0x00000000
core   0: 0x80003874 (0x03889c33) mulh    s8, a7, s8
core   0: 3 0x80003874 (0x03889c33) x24 0x00000000
core   0: 0x80003878 (0xf9e13113) sltiu   sp, sp, -98
core   0: 3 0x80003878 (0xf9e13113) x 2 0x00000001
core   0: 0x8000387c (0x00c25913) srli    s2, tp, 12
core   0: 3 0x8000387c (0x00c25913) x18 0x0008cddb
core   0: 0x80003880 (0x00be4a33) xor     s4, t3, a1
core   0: 3 0x80003880 (0x00be4a33) x20 0x00000002
core   0: 0x80003884 (0x63a84593) xori    a1, a6, 1594
core   0: 3 0x80003884 (0x63a84593) x11 0x8001485e
core   0: 0x80003888 (0x02919933) mulh    s2, gp, s1
core   0: 3 0x80003888 (0x02919933) x18 0x00000000
core   0: 0x8000388c (0x03001cb3) mulh    s9, zero, a6
core   0: 3 0x8000388c (0x03001cb3) x25 0x00000000
core   0: 0x80003890 (0x03faf8b3) remu    a7, s5, t6
core   0: 3 0x80003890 (0x03faf8b3) x17 0x00000000
core   0: 0x80003894 (0x40ced113) srai    sp, t4, 12
core   0: 3 0x80003894 (0x40ced113) x 2 0x00000000
core   0: 0x80003898 (0x00e72f33) slt     t5, a4, a4
core   0: 3 0x80003898 (0x00e72f33) x30 0x00000000
core   0: 0x8000389c (0x0268ebb3) rem     s7, a7, t1
core   0: 3 0x8000389c (0x0268ebb3) x23 0x00000000
core   0: 0x800038a0 (0x004e10b3) sll     ra, t3, tp
core   0: 3 0x800038a0 (0x004e10b3) x 1 0x00000200
core   0: 0x800038a4 (0xd2dd4513) xori    a0, s10, -723
core   0: 3 0x800038a4 (0xd2dd4513) x10 0xfffffd2c
core   0: 0x800038a8 (0x039f2c33) mulhsu  s8, t5, s9
core   0: 3 0x800038a8 (0x039f2c33) x24 0x00000000
core   0: 0x800038ac (0x4099d5b3) sra     a1, s3, s1
core   0: 3 0x800038ac (0x4099d5b3) x11 0x0000000b
core   0: 0x800038b0 (0x031cba33) mulhu   s4, s9, a7
core   0: 3 0x800038b0 (0x031cba33) x20 0x00000000
core   0: 0x800038b4 (0xeb6bf3b7) lui     t2, 0xeb6bf
core   0: 3 0x800038b4 (0xeb6bf3b7) x 7 0xeb6bf000
core   0: 0x800038b8 (0x01ef8133) add     sp, t6, t5
core   0: 3 0x800038b8 (0x01ef8133) x 2 0x00000000
core   0: 0x800038bc (0x00000013) nop
core   0: 3 0x800038bc (0x00000013)
core   0: 0x800038c0 (0x02e8a433) mulhsu  s0, a7, a4
core   0: 3 0x800038c0 (0x02e8a433) x 8 0x00000000
core   0: 0x800038c4 (0x01769013) slli    zero, a3, 23
core   0: 3 0x800038c4 (0x01769013)
core   0: 0x800038c8 (0x41245613) srai    a2, s0, 18
core   0: 3 0x800038c8 (0x41245613) x12 0x00000000
core   0: 0x800038cc (0x025548b3) div     a7, a0, t0
core   0: 3 0x800038cc (0x025548b3) x17 0x00000000
core   0: 0x800038d0 (0xed3a8197) auipc   gp, 0xed3a8
core   0: 3 0x800038d0 (0xed3a8197) x 3 0x6d3ab8d0
core   0: 0x800038d4 (0x03551933) mulh    s2, a0, s5
core   0: 3 0x800038d4 (0x03551933) x18 0x00000000
core   0: 0x800038d8 (0xedd7a793) slti    a5, a5, -291
core   0: 3 0x800038d8 (0xedd7a793) x15 0x00000000
core   0: 0x800038dc (0x00dd82b3) add     t0, s11, a3
core   0: 3 0x800038dc (0x00dd82b3) x 5 0x80018ce5
core   0: 0x800038e0 (0x0118b5b3) sltu    a1, a7, a7
core   0: 3 0x800038e0 (0x0118b5b3) x11 0x00000000
core   0: 0x800038e4 (0x11bc6e13) ori     t3, s8, 283
core   0: 3 0x800038e4 (0x11bc6e13) x28 0x0000011b
core   0: 0x800038e8 (0x00000013) nop
core   0: 3 0x800038e8 (0x00000013)
core   0: 0x800038ec (0x026cdd33) divu    s10, s9, t1
core   0: 3 0x800038ec (0x026cdd33) x26 0x00000000
core   0: 0x800038f0 (0x02a8f7b3) remu    a5, a7, a0
core   0: 3 0x800038f0 (0x02a8f7b3) x15 0x00000000
core   0: 0x800038f4 (0x00dff633) and     a2, t6, a3
core   0: 3 0x800038f4 (0x00dff633) x12 0x00000000
core   0: 0x800038f8 (0x40b5d493) srai    s1, a1, 11
core   0: 3 0x800038f8 (0x40b5d493) x 9 0x00000000
core   0: 0x800038fc (0x00ddf0b3) and     ra, s11, a3
core   0: 3 0x800038fc (0x00ddf0b3) x 1 0x00000000
core   0: 0x80003900 (0x01ec1293) slli    t0, s8, 30
core   0: 3 0x80003900 (0x01ec1293) x 5 0x00000000
core   0: 0x80003904 (0xcd7d25b7) lui     a1, 0xcd7d2
core   0: 3 0x80003904 (0xcd7d25b7) x11 0xcd7d2000
core   0: 0x80003908 (0x029ea533) mulhsu  a0, t4, s1
core   0: 3 0x80003908 (0x029ea533) x10 0x00000000
core   0: 0x8000390c (0x016dde93) srli    t4, s11, 22
core   0: 3 0x8000390c (0x016dde93) x29 0x00000200
core   0: 0x80003910 (0x007da0b3) slt     ra, s11, t2
core   0: 3 0x80003910 (0x007da0b3) x 1 0x00000001
core   0: 0x80003914 (0x01fdeb17) auipc   s6, 0x1fde
core   0: 3 0x80003914 (0x01fdeb17) x22 0x81fe1914
core   0: 0x80003918 (0x41fc5113) srai    sp, s8, 31
core   0: 3 0x80003918 (0x41fc5113) x 2 0x00000000
core   0: 0x8000391c (0x0246eb33) rem     s6, a3, tp
core   0: 3 0x8000391c (0x0246eb33) x22 0x00000001
core   0: 0x80003920 (0x01b35c93) srli    s9, t1, 27
core   0: 3 0x80003920 (0x01b35c93) x25 0x0000001a
core   0: 0x80003924 (0x0125e033) or      zero, a1, s2
core   0: 3 0x80003924 (0x0125e033)
core   0: 0x80003928 (0x01e768b3) or      a7, a4, t5
core   0: 3 0x80003928 (0x01e768b3) x17 0x00000000
core   0: 0x8000392c (0x64382613) slti    a2, a6, 1603
core   0: 3 0x8000392c (0x64382613) x12 0x00000001
core   0: 0x80003930 (0x016917b3) sll     a5, s2, s6
core   0: 3 0x80003930 (0x016917b3) x15 0x00000000
core   0: 0x80003934 (0xe8874913) xori    s2, a4, -376
core   0: 3 0x80003934 (0xe8874913) x18 0xfffffe88
core   0: 0x80003938 (0x0171b133) sltu    sp, gp, s7
core   0: 3 0x80003938 (0x0171b133) x 2 0x00000000
core   0: 0x8000393c (0x00e05533) srl     a0, zero, a4
core   0: 3 0x8000393c (0x00e05533) x10 0x00000000
core   0: 0x80003940 (0x01f65633) srl     a2, a2, t6
core   0: 3 0x80003940 (0x01f65633) x12 0x00000001
core   0: 0x80003944 (0xc9006793) ori     a5, zero, -880
core   0: 3 0x80003944 (0xc9006793) x15 0xfffffc90
core   0: 0x80003948 (0x03343eb3) mulhu   t4, s0, s3
core   0: 3 0x80003948 (0x03343eb3) x29 0x00000000
core   0: 0x8000394c (0x03100c33) mul     s8, zero, a7
core   0: 3 0x8000394c (0x03100c33) x24 0x00000000
core   0: 0x80003950 (0x1351ac13) slti    s8, gp, 309
core   0: 3 0x80003950 (0x1351ac13) x24 0x00000000
core   0: 0x80003954 (0x41055413) srai    s0, a0, 16
core   0: 3 0x80003954 (0x41055413) x 8 0x00000000
core   0: 0x80003958 (0x00d57933) and     s2, a0, a3
core   0: 3 0x80003958 (0x00d57933) x18 0x00000000
core   0: 0x8000395c (0x00c3d193) srli    gp, t2, 12
core   0: 3 0x8000395c (0x00c3d193) x 3 0x000eb6bf
core   0: 0x80003960 (0x01a3f0b3) and     ra, t2, s10
core   0: 3 0x80003960 (0x01a3f0b3) x 1 0x00000000
core   0: 0x80003964 (0xe78d4c93) xori    s9, s10, -392
core   0: 3 0x80003964 (0xe78d4c93) x25 0xfffffe78
core   0: 0x80003968 (0x03afcd33) div     s10, t6, s10
core   0: 3 0x80003968 (0x03afcd33) x26 0xffffffff
core   0: 0x8000396c (0xb1362a17) auipc   s4, 0xb1362
core   0: 3 0x8000396c (0xb1362a17) x20 0x3136596c
core   0: 0x80003970 (0x3c01bc93) sltiu   s9, gp, 960
core   0: 3 0x80003970 (0x3c01bc93) x25 0x00000000
core   0: 0x80003974 (0x0071aab3) slt     s5, gp, t2
core   0: 3 0x80003974 (0x0071aab3) x21 0x00000000
core   0: 0x80003978 (0x020b4533) div     a0, s6, zero
core   0: 3 0x80003978 (0x020b4533) x10 0xffffffff
core   0: 0x8000397c (0x57343c13) sltiu   s8, s0, 1395
core   0: 3 0x8000397c (0x57343c13) x24 0x00000001
core   0: 0x80003980 (0x1ebd0e93) addi    t4, s10, 491
core   0: 3 0x80003980 (0x1ebd0e93) x29 0x000001ea
core   0: 0x80003984 (0x029613b3) mulh    t2, a2, s1
core   0: 3 0x80003984 (0x029613b3) x 7 0x00000000
core   0: 0x80003988 (0x41705713) srai    a4, zero, 23
core   0: 3 0x80003988 (0x41705713) x14 0x00000000
core   0: 0x8000398c (0x025dd233) divu    tp, s11, t0
core   0: 3 0x8000398c (0x025dd233) x 4 0xffffffff
core   0: 0x80003990 (0x02ef6bb3) rem     s7, t5, a4
core   0: 3 0x80003990 (0x02ef6bb3) x23 0x00000000
core   0: 0x80003994 (0x027d32b3) mulhu   t0, s10, t2
core   0: 3 0x80003994 (0x027d32b3) x 5 0x00000000
core   0: 0x80003998 (0x01686c33) or      s8, a6, s6
core   0: 3 0x80003998 (0x01686c33) x24 0x80014e65
core   0: 0x8000399c (0xf89eb313) sltiu   t1, t4, -119
core   0: 3 0x8000399c (0xf89eb313) x 6 0x00000001
core   0: 0x800039a0 (0x00d13f33) sltu    t5, sp, a3
core   0: 3 0x800039a0 (0x00d13f33) x30 0x00000001
core   0: 0x800039a4 (0x016fb933) sltu    s2, t6, s6
core   0: 3 0x800039a4 (0x016fb933) x18 0x00000001
core   0: 0x800039a8 (0x03db1e33) mulh    t3, s6, t4
core   0: 3 0x800039a8 (0x03db1e33) x28 0x00000000
core   0: 0x800039ac (0x03b8dfb3) divu    t6, a7, s11
core   0: 3 0x800039ac (0x03b8dfb3) x31 0x00000000
core   0: 0x800039b0 (0x40b18fb3) sub     t6, gp, a1
core   0: 3 0x800039b0 (0x40b18fb3) x31 0x329196bf
core   0: 0x800039b4 (0x008ce2b3) or      t0, s9, s0
core   0: 3 0x800039b4 (0x008ce2b3) x 5 0x00000000
core   0: 0x800039b8 (0x00af5693) srli    a3, t5, 10
core   0: 3 0x800039b8 (0x00af5693) x13 0x00000000
core   0: 0x800039bc (0x014bd933) srl     s2, s7, s4
core   0: 3 0x800039bc (0x014bd933) x18 0x00000000
core   0: 0x800039c0 (0x004f1533) sll     a0, t5, tp
core   0: 3 0x800039c0 (0x004f1533) x10 0x80000000
core   0: 0x800039c4 (0x019c38b3) sltu    a7, s8, s9
core   0: 3 0x800039c4 (0x019c38b3) x17 0x00000000
core   0: 0x800039c8 (0x03d615b3) mulh    a1, a2, t4
core   0: 3 0x800039c8 (0x03d615b3) x11 0x00000000
core   0: 0x800039cc (0x99348f93) addi    t6, s1, -1645
core   0: 3 0x800039cc (0x99348f93) x31 0xfffff993
core   0: 0x800039d0 (0x005da0b3) slt     ra, s11, t0
core   0: 3 0x800039d0 (0x005da0b3) x 1 0x00000001
core   0: 0x800039d4 (0x40e55513) srai    a0, a0, 14
core   0: 3 0x800039d4 (0x40e55513) x10 0xfffe0000
core   0: 0x800039d8 (0x01c29c33) sll     s8, t0, t3
core   0: 3 0x800039d8 (0x01c29c33) x24 0x00000000
core   0: 0x800039dc (0x02836d33) rem     s10, t1, s0
core   0: 3 0x800039dc (0x02836d33) x26 0x00000001
core   0: 0x800039e0 (0x019ff8b3) and     a7, t6, s9
core   0: 3 0x800039e0 (0x019ff8b3) x17 0x00000000
core   0: 0x800039e4 (0x02495433) divu    s0, s2, tp
core   0: 3 0x800039e4 (0x02495433) x 8 0x00000000
core   0: 0x800039e8 (0x00591093) slli    ra, s2, 5
core   0: 3 0x800039e8 (0x00591093) x 1 0x00000000
core   0: 0x800039ec (0x01719b93) slli    s7, gp, 23
core   0: 3 0x800039ec (0x01719b93) x23 0x5f800000
core   0: 0x800039f0 (0x06713193) sltiu   gp, sp, 103
core   0: 3 0x800039f0 (0x06713193) x 3 0x00000001
core   0: 0x800039f4 (0x00000013) nop
core   0: 3 0x800039f4 (0x00000013)
core   0: 0x800039f8 (0x017c5093) srli    ra, s8, 23
core   0: 3 0x800039f8 (0x017c5093) x 1 0x00000000
core   0: 0x800039fc (0x015676b3) and     a3, a2, s5
core   0: 3 0x800039fc (0x015676b3) x13 0x00000000
core   0: 0x80003a00 (0x0359fbb3) remu    s7, s3, s5
core   0: 3 0x80003a00 (0x0359fbb3) x23 0x0000000b
core   0: 0x80003a04 (0x030d8b33) mul     s6, s11, a6
core   0: 3 0x80003a04 (0x030d8b33) x22 0x066c8110
core   0: 0x80003a08 (0x02a5c333) div     t1, a1, a0
core   0: 3 0x80003a08 (0x02a5c333) x 6 0x00000000
core   0: 0x80003a0c (0x01766633) or      a2, a2, s7
core   0: 3 0x80003a0c (0x01766633) x12 0x0000000b
core   0: 0x80003a10 (0x4145fe93) andi    t4, a1, 1044
core   0: 3 0x80003a10 (0x4145fe93) x29 0x00000000
core   0: 0x80003a14 (0x01130bb3) add     s7, t1, a7
core   0: 3 0x80003a14 (0x01130bb3) x23 0x00000000
core   0: 0x80003a18 (0x0198ca33) xor     s4, a7, s9
core   0: 3 0x80003a18 (0x0198ca33) x20 0x00000000
core   0: 0x80003a1c (0x40bd06b3) sub     a3, s10, a1
core   0: 3 0x80003a1c (0x40bd06b3) x13 0x00000001
core   0: 0x80003a20 (0x02eba233) mulhsu  tp, s7, a4
core   0: 3 0x80003a20 (0x02eba233) x 4 0x00000000
core   0: 0x80003a24 (0x03b92033) mulhsu  zero, s2, s11
core   0: 3 0x80003a24 (0x03b92033)
core   0: 0x80003a28 (0x03dca633) mulhsu  a2, s9, t4
core   0: 3 0x80003a28 (0x03dca633) x12 0x00000000
core   0: 0x80003a2c (0x403706b3) sub     a3, a4, gp
core   0: 3 0x80003a2c (0x403706b3) x13 0xffffffff
core   0: 0x80003a30 (0x00dd5393) srli    t2, s10, 13
core   0: 3 0x80003a30 (0x00dd5393) x 7 0x00000000
core   0: 0x80003a34 (0x8438be13) sltiu   t3, a7, -1981
core   0: 3 0x80003a34 (0x8438be13) x28 0x00000001
core   0: 0x80003a38 (0x023ae733) rem     a4, s5, gp
core   0: 3 0x80003a38 (0x023ae733) x14 0x00000000
core   0: 0x80003a3c (0x02bcb433) mulhu   s0, s9, a1
core   0: 3 0x80003a3c (0x02bcb433) x 8 0x00000000
core   0: 0x80003a40 (0x0d053613) sltiu   a2, a0, 208
core   0: 3 0x80003a40 (0x0d053613) x12 0x00000000
core   0: 0x80003a44 (0x038e6c33) rem     s8, t3, s8
core   0: 3 0x80003a44 (0x038e6c33) x24 0x00000001
core   0: 0x80003a48 (0xb2300a93) li      s5, -1245
core   0: 3 0x80003a48 (0xb2300a93) x21 0xfffffb23
core   0: 0x80003a4c (0x02f5ccb3) div     s9, a1, a5
core   0: 3 0x80003a4c (0x02f5ccb3) x25 0x00000000
core   0: 0x80003a50 (0x443ae913) ori     s2, s5, 1091
core   0: 3 0x80003a50 (0x443ae913) x18 0xffffff63
core   0: 0x80003a54 (0x006ce933) or      s2, s9, t1
core   0: 3 0x80003a54 (0x006ce933) x18 0x00000000
core   0: 0x80003a58 (0x00a4b6b3) sltu    a3, s1, a0
core   0: 3 0x80003a58 (0x00a4b6b3) x13 0x00000001
core   0: 0x80003a5c (0x0235d233) divu    tp, a1, gp
core   0: 3 0x80003a5c (0x0235d233) x 4 0x00000000
core   0: 0x80003a60 (0x01d30fb3) add     t6, t1, t4
core   0: 3 0x80003a60 (0x01d30fb3) x31 0x00000000
core   0: 0x80003a64 (0x3f57a893) slti    a7, a5, 1013
core   0: 3 0x80003a64 (0x3f57a893) x17 0x00000001
core   0: 0x80003a68 (0x40cbd8b3) sra     a7, s7, a2
core   0: 3 0x80003a68 (0x40cbd8b3) x17 0x00000000
core   0: 0x80003a6c (0x00ef7c33) and     s8, t5, a4
core   0: 3 0x80003a6c (0x00ef7c33) x24 0x00000000
core   0: 0x80003a70 (0x3bc53013) sltiu   zero, a0, 956
core   0: 3 0x80003a70 (0x3bc53013)
core   0: 0x80003a74 (0x05f5c493) xori    s1, a1, 95
core   0: 3 0x80003a74 (0x05f5c493) x 9 0x0000005f
core   0: 0x80003a78 (0x9c904013) xori    zero, zero, -1591
core   0: 3 0x80003a78 (0x9c904013)
core   0: 0x80003a7c (0x006c4233) xor     tp, s8, t1
core   0: 3 0x80003a7c (0x006c4233) x 4 0x00000000
core   0: 0x80003a80 (0x963de513) ori     a0, s11, -1693
core   0: 3 0x80003a80 (0x963de513) x10 0xfffffde7
core   0: 0x80003a84 (0xc2f4e537) lui     a0, 0xc2f4e
core   0: 3 0x80003a84 (0xc2f4e537) x10 0xc2f4e000
core   0: 0x80003a88 (0x011f7a33) and     s4, t5, a7
core   0: 3 0x80003a88 (0x011f7a33) x20 0x00000000
core   0: 0x80003a8c (0x00000013) nop
core   0: 3 0x80003a8c (0x00000013)
core   0: 0x80003a90 (0xd5604937) lui     s2, 0xd5604
core   0: 3 0x80003a90 (0xd5604937) x18 0xd5604000
core   0: 0x80003a94 (0x02e808b3) mul     a7, a6, a4
core   0: 3 0x80003a94 (0x02e808b3) x17 0x00000000
core   0: 0x80003a98 (0x03ef8233) mul     tp, t6, t5
core   0: 3 0x80003a98 (0x03ef8233) x 4 0x00000000
core   0: 0x80003a9c (0x307a4893) xori    a7, s4, 775
core   0: 3 0x80003a9c (0x307a4893) x17 0x00000307
core   0: 0x80003aa0 (0x00f9d693) srli    a3, s3, 15
core   0: 3 0x80003aa0 (0x00f9d693) x13 0x00000000
core   0: 0x80003aa4 (0x001e05b3) add     a1, t3, ra
core   0: 3 0x80003aa4 (0x001e05b3) x11 0x00000001
core   0: 0x80003aa8 (0x009a37b3) sltu    a5, s4, s1
core   0: 3 0x80003aa8 (0x009a37b3) x15 0x00000001
core   0: 0x80003aac (0x02f13933) mulhu   s2, sp, a5
core   0: 3 0x80003aac (0x02f13933) x18 0x00000000
core   0: 0x80003ab0 (0x007f00b3) add     ra, t5, t2
core   0: 3 0x80003ab0 (0x007f00b3) x 1 0x00000001
core   0: 0x80003ab4 (0xb9056937) lui     s2, 0xb9056
core   0: 3 0x80003ab4 (0xb9056937) x18 0xb9056000
core   0: 0x80003ab8 (0x13eb4497) auipc   s1, 0x13eb4
core   0: 3 0x80003ab8 (0x13eb4497) x 9 0x93eb7ab8
core   0: 0x80003abc (0x1e34a113) slti    sp, s1, 483
core   0: 3 0x80003abc (0x1e34a113) x 2 0x00000001
core   0: 0x80003ac0 (0x0263e933) rem     s2, t2, t1
core   0: 3 0x80003ac0 (0x0263e933) x18 0x00000000
core   0: 0x80003ac4 (0x03f573b3) remu    t2, a0, t6
core   0: 3 0x80003ac4 (0x03f573b3) x 7 0xc2f4e000
core   0: 0x80003ac8 (0x01741293) slli    t0, s0, 23
core   0: 3 0x80003ac8 (0x01741293) x 5 0x00000000
core   0: 0x80003acc (0x03f69d33) mulh    s10, a3, t6
core   0: 3 0x80003acc (0x03f69d33) x26 0x00000000
core   0: 0x80003ad0 (0x01ee9ab3) sll     s5, t4, t5
core   0: 3 0x80003ad0 (0x01ee9ab3) x21 0x00000000
core   0: 0x80003ad4 (0x01dc9533) sll     a0, s9, t4
core   0: 3 0x80003ad4 (0x01dc9533) x10 0x00000000
core   0: 0x80003ad8 (0x02e5e733) rem     a4, a1, a4
core   0: 3 0x80003ad8 (0x02e5e733) x14 0x00000001
core   0: 0x80003adc (0x02be2233) mulhsu  tp, t3, a1
core   0: 3 0x80003adc (0x02be2233) x 4 0x00000000
core   0: 0x80003ae0 (0x02369233) mulh    tp, a3, gp
core   0: 3 0x80003ae0 (0x02369233) x 4 0x00000000
core   0: 0x80003ae4 (0x03c0fcb3) remu    s9, ra, t3
core   0: 3 0x80003ae4 (0x03c0fcb3) x25 0x00000000
core   0: 0x80003ae8 (0x0280a0b3) mulhsu  ra, ra, s0
core   0: 3 0x80003ae8 (0x0280a0b3) x 1 0x00000000
core   0: 0x80003aec (0x012dbcb3) sltu    s9, s11, s2
core   0: 3 0x80003aec (0x012dbcb3) x25 0x00000000
core   0: 0x80003af0 (0x00000013) nop
core   0: 3 0x80003af0 (0x00000013)
core   0: 0x80003af4 (0x348bbe17) auipc   t3, 0x348bb
core   0: 3 0x80003af4 (0x348bbe17) x28 0xb48beaf4
core   0: 0x80003af8 (0x01c574b3) and     s1, a0, t3
core   0: 3 0x80003af8 (0x01c574b3) x 9 0x00000000
core   0: 0x80003afc (0x00e28bb3) add     s7, t0, a4
core   0: 3 0x80003afc (0x00e28bb3) x23 0x00000001
core   0: 0x80003b00 (0x03d047b3) div     a5, zero, t4
core   0: 3 0x80003b00 (0x03d047b3) x15 0xffffffff
core   0: 0x80003b04 (0xb3ffcd37) lui     s10, 0xb3ffc
core   0: 3 0x80003b04 (0xb3ffcd37) x26 0xb3ffc000
core   0: 0x80003b08 (0x036fbd33) mulhu   s10, t6, s6
core   0: 3 0x80003b08 (0x036fbd33) x26 0x00000000
core   0: 0x80003b0c (0x03a656b3) divu    a3, a2, s10
core   0: 3 0x80003b0c (0x03a656b3) x13 0xffffffff
core   0: 0x80003b10 (0x025a5433) divu    s0, s4, t0
core   0: 3 0x80003b10 (0x025a5433) x 8 0xffffffff
core   0: 0x80003b14 (0x01f21133) sll     sp, tp, t6
core   0: 3 0x80003b14 (0x01f21133) x 2 0x00000000
core   0: 0x80003b18 (0x01f695b3) sll     a1, a3, t6
core   0: 3 0x80003b18 (0x01f695b3) x11 0xffffffff
core   0: 0x80003b1c (0x01f56ab3) or      s5, a0, t6
core   0: 3 0x80003b1c (0x01f56ab3) x21 0x00000000
core   0: 0x80003b20 (0x00fd5933) srl     s2, s10, a5
core   0: 3 0x80003b20 (0x00fd5933) x18 0x00000000
core   0: 0x80003b24 (0x419850b3) sra     ra, a6, s9
core   0: 3 0x80003b24 (0x419850b3) x 1 0x80014e64
core   0: 0x80003b28 (0x01808e33) add     t3, ra, s8
core   0: 3 0x80003b28 (0x01808e33) x28 0x80014e64
core   0: 0x80003b2c (0x2143e693) ori     a3, t2, 532
core   0: 3 0x80003b2c (0x2143e693) x13 0xc2f4e214
core   0: 0x80003b30 (0x0313aa33) mulhsu  s4, t2, a7
core   0: 3 0x80003b30 (0x0313aa33) x20 0xffffff47
core   0: 0x80003b34 (0xf7b0a693) slti    a3, ra, -133
core   0: 3 0x80003b34 (0xf7b0a693) x13 0x00000001
core   0: 0x80003b38 (0x43dd7513) andi    a0, s10, 1085
core   0: 3 0x80003b38 (0x43dd7513) x10 0x00000000
core   0: 0x80003b3c (0x032408b3) mul     a7, s0, s2
core   0: 3 0x80003b3c (0x032408b3) x17 0x00000000
core   0: 0x80003b40 (0x001e6933) or      s2, t3, ra
core   0: 3 0x80003b40 (0x001e6933) x18 0x80014e64
core   0: 0x80003b44 (0xf2e482b7) lui     t0, 0xf2e48
core   0: 3 0x80003b44 (0xf2e482b7) x 5 0xf2e48000
core   0: 0x80003b48 (0xeffc8c93) addi    s9, s9, -257
core   0: 3 0x80003b48 (0xeffc8c93) x25 0xfffffeff
core   0: 0x80003b4c (0x000032b3) snez    t0, zero
core   0: 3 0x80003b4c (0x000032b3) x 5 0x00000000
core   0: 0x80003b50 (0x01117c33) and     s8, sp, a7
core   0: 3 0x80003b50 (0x01117c33) x24 0x00000000
core   0: 0x80003b54 (0x403ada13) srai    s4, s5, 3
core   0: 3 0x80003b54 (0x403ada13) x20 0x00000000
core   0: 0x80003b58 (0x00cc9913) slli    s2, s9, 12
core   0: 3 0x80003b58 (0x00cc9913) x18 0xffeff000
core   0: 0x80003b5c (0x00381f93) slli    t6, a6, 3
core   0: 3 0x80003b5c (0x00381f93) x31 0x000a7320
core   0: 0x80003b60 (0x033623b3) mulhsu  t2, a2, s3
core   0: 3 0x80003b60 (0x033623b3) x 7 0x00000000
core   0: 0x80003b64 (0x11b94213) xori    tp, s2, 283
core   0: 3 0x80003b64 (0x11b94213) x 4 0xffeff11b
core   0: 0x80003b68 (0x035f3933) mulhu   s2, t5, s5
core   0: 3 0x80003b68 (0x035f3933) x18 0x00000000
core   0: 0x80003b6c (0x012aa633) slt     a2, s5, s2
core   0: 3 0x80003b6c (0x012aa633) x12 0x00000000
core   0: 0x80003b70 (0x004335b3) sltu    a1, t1, tp
core   0: 3 0x80003b70 (0x004335b3) x11 0x00000001
core   0: 0x80003b74 (0x02d53933) mulhu   s2, a0, a3
core   0: 3 0x80003b74 (0x02d53933) x18 0x00000000
core   0: 0x80003b78 (0x40d303b3) sub     t2, t1, a3
core   0: 3 0x80003b78 (0x40d303b3) x 7 0xffffffff
core   0: 0x80003b7c (0xbd87f893) andi    a7, a5, -1064
core   0: 3 0x80003b7c (0xbd87f893) x17 0xfffffbd8
core   0: 0x80003b80 (0x50d1e493) ori     s1, gp, 1293
core   0: 3 0x80003b80 (0x50d1e493) x 9 0x0000050d
core   0: 0x80003b84 (0x7ecd3613) sltiu   a2, s10, 2028
core   0: 3 0x80003b84 (0x7ecd3613) x12 0x00000001
core   0: 0x80003b88 (0xf8c7fc93) andi    s9, a5, -116
core   0: 3 0x80003b88 (0xf8c7fc93) x25 0xffffff8c
core   0: 0x80003b8c (0x0209fb33) remu    s6, s3, zero
core   0: 3 0x80003b8c (0x0209fb33) x22 0x0000000b
core   0: 0x80003b90 (0x00855633) srl     a2, a0, s0
core   0: 3 0x80003b90 (0x00855633) x12 0x00000000
core   0: 0x80003b94 (0x00d2da93) srli    s5, t0, 13
core   0: 3 0x80003b94 (0x00d2da93) x21 0x00000000
core   0: 0x80003b98 (0x01545393) srli    t2, s0, 21
core   0: 3 0x80003b98 (0x01545393) x 7 0x000007ff
core   0: 0x80003b9c (0x02436f33) rem     t5, t1, tp
core   0: 3 0x80003b9c (0x02436f33) x30 0x00000000
core   0: 0x80003ba0 (0xefc38c13) addi    s8, t2, -260
core   0: 3 0x80003ba0 (0xefc38c13) x24 0x000006fb
core   0: 0x80003ba4 (0x030d97b3) mulh    a5, s11, a6
core   0: 3 0x80003ba4 (0x030d97b3) x15 0x3ffe925e
core   0: 0x80003ba8 (0x00ddc033) xor     zero, s11, a3
core   0: 3 0x80003ba8 (0x00ddc033)
core   0: 0x80003bac (0x9051a293) slti    t0, gp, -1787
core   0: 3 0x80003bac (0x9051a293) x 5 0x00000000
core   0: 0x80003bb0 (0x4002d013) srai    zero, t0, 0
core   0: 3 0x80003bb0 (0x4002d013)
core   0: 0x80003bb4 (0x002c9693) slli    a3, s9, 2
core   0: 3 0x80003bb4 (0x002c9693) x13 0xfffffe30
core   0: 0x80003bb8 (0x40898c33) sub     s8, s3, s0
core   0: 3 0x80003bb8 (0x40898c33) x24 0x0000000c
core   0: 0x80003bbc (0x008bf2b3) and     t0, s7, s0
core   0: 3 0x80003bbc (0x008bf2b3) x 5 0x00000001
core   0: 0x80003bc0 (0x02423933) mulhu   s2, tp, tp
core   0: 3 0x80003bc0 (0x02423933) x18 0xffdfe337
core   0: 0x80003bc4 (0x02df70b3) remu    ra, t5, a3
core   0: 3 0x80003bc4 (0x02df70b3) x 1 0x00000000
core   0: 0x80003bc8 (0x76420b13) addi    s6, tp, 1892
core   0: 3 0x80003bc8 (0x76420b13) x22 0xffeff87f
core   0: 0x80003bcc (0x01189913) slli    s2, a7, 17
core   0: 3 0x80003bcc (0x01189913) x18 0xf7b00000
core   0: 0x80003bd0 (0x00000013) nop
core   0: 3 0x80003bd0 (0x00000013)
core   0: 0x80003bd4 (0x03bd93b3) mulh    t2, s11, s11
core   0: 3 0x80003bd4 (0x03bd93b3) x 7 0x3ffe731e
core   0: 0x80003bd8 (0x0132d013) srli    zero, t0, 19
core   0: 3 0x80003bd8 (0x0132d013)
core   0: 0x80003bdc (0x01216a33) or      s4, sp, s2
core   0: 3 0x80003bdc (0x01216a33) x20 0xf7b00000
core   0: 0x80003be0 (0x6977c213) xori    tp, a5, 1687
core   0: 3 0x80003be0 (0x6977c213) x 4 0x3ffe94c9
core   0: 0x80003be4 (0x023a0933) mul     s2, s4, gp
core   0: 3 0x80003be4 (0x023a0933) x18 0xf7b00000
core   0: 0x80003be8 (0xb0e1b493) sltiu   s1, gp, -1266
core   0: 3 0x80003be8 (0xb0e1b493) x 9 0x00000001
core   0: 0x80003bec (0x0303d8b3) divu    a7, t2, a6
core   0: 3 0x80003bec (0x0303d8b3) x17 0x00000000
core   0: 0x80003bf0 (0x027877b3) remu    a5, a6, t2
core   0: 3 0x80003bf0 (0x027877b3) x15 0x00046828
core   0: 0x80003bf4 (0xe9636f13) ori     t5, t1, -362
core   0: 3 0x80003bf4 (0xe9636f13) x30 0xfffffe96
core   0: 0x80003bf8 (0x009d0cb3) add     s9, s10, s1
core   0: 3 0x80003bf8 (0x009d0cb3) x25 0x00000001
core   0: 0x80003bfc (0x25d7f493) andi    s1, a5, 605
core   0: 3 0x80003bfc (0x25d7f493) x 9 0x00000008
core   0: 0x80003c00 (0x40f251b3) sra     gp, tp, a5
core   0: 3 0x80003c00 (0x40f251b3) x 3 0x003ffe94
core   0: 0x80003c04 (0x0142a8b3) slt     a7, t0, s4
core   0: 3 0x80003c04 (0x0142a8b3) x17 0x00000000
core   0: 0x80003c08 (0x017482b3) add     t0, s1, s7
core   0: 3 0x80003c08 (0x017482b3) x 5 0x00000009
core   0: 0x80003c0c (0x03813433) mulhu   s0, sp, s8
core   0: 3 0x80003c0c (0x03813433) x 8 0x00000000
core   0: 0x80003c10 (0x01dc3633) sltu    a2, s8, t4
core   0: 3 0x80003c10 (0x01dc3633) x12 0x00000000
core   0: 0x80003c14 (0x95e00293) li      t0, -1698
core   0: 3 0x80003c14 (0x95e00293) x 5 0xfffff95e
core   0: 0x80003c18 (0x39a19297) auipc   t0, 0x39a19
core   0: 3 0x80003c18 (0x39a19297) x 5 0xb9a1cc18
core   0: 0x80003c1c (0x40c15e93) srai    t4, sp, 12
core   0: 3 0x80003c1c (0x40c15e93) x29 0x00000000
core   0: 0x80003c20 (0x00a2acb3) slt     s9, t0, a0
core   0: 3 0x80003c20 (0x00a2acb3) x25 0x00000001
core   0: 0x80003c24 (0x012e9633) sll     a2, t4, s2
core   0: 3 0x80003c24 (0x012e9633) x12 0x00000000
core   0: 0x80003c28 (0x6cd3b293) sltiu   t0, t2, 1741
core   0: 3 0x80003c28 (0x6cd3b293) x 5 0x00000000
core   0: 0x80003c2c (0xe84eb597) auipc   a1, 0xe84eb
core   0: 3 0x80003c2c (0xe84eb597) x11 0x684eec2c
core   0: 0x80003c30 (0xe135b293) sltiu   t0, a1, -493
core   0: 3 0x80003c30 (0xe135b293) x 5 0x00000001
core   0: 0x80003c34 (0x0384de33) divu    t3, s1, s8
core   0: 3 0x80003c34 (0x0384de33) x28 0x00000000
core   0: 0x80003c38 (0x03b8feb3) remu    t4, a7, s11
core   0: 3 0x80003c38 (0x03b8feb3) x29 0x00000000
core   0: 0x80003c3c (0x02ab2f33) mulhsu  t5, s6, a0
core   0: 3 0x80003c3c (0x02ab2f33) x30 0x00000000
core   0: 0x80003c40 (0xed05b617) auipc   a2, 0xed05b
core   0: 3 0x80003c40 (0xed05b617) x12 0x6d05ec40
core   0: 0x80003c44 (0x03cf33b3) mulhu   t2, t5, t3
core   0: 3 0x80003c44 (0x03cf33b3) x 7 0x00000000
core   0: 0x80003c48 (0x0192e133) or      sp, t0, s9
core   0: 3 0x80003c48 (0x0192e133) x 2 0x00000001
core   0: 0x80003c4c (0x012f5cb3) srl     s9, t5, s2
core   0: 3 0x80003c4c (0x012f5cb3) x25 0x00000000
core   0: 0x80003c50 (0x0168e5b3) or      a1, a7, s6
core   0: 3 0x80003c50 (0x0168e5b3) x11 0xffeff87f
core   0: 0x80003c54 (0x01b45233) srl     tp, s0, s11
core   0: 3 0x80003c54 (0x01b45233) x 4 0x00000000
core   0: 0x80003c58 (0x03fca633) mulhsu  a2, s9, t6
core   0: 3 0x80003c58 (0x03fca633) x12 0x00000000
core   0: 0x80003c5c (0x028172b3) remu    t0, sp, s0
core   0: 3 0x80003c5c (0x028172b3) x 5 0x00000001
core   0: 0x80003c60 (0xf25db597) auipc   a1, 0xf25db
core   0: 3 0x80003c60 (0xf25db597) x11 0x725dec60
core   0: 0x80003c64 (0x01282bb3) slt     s7, a6, s2
core   0: 3 0x80003c64 (0x01282bb3) x23 0x00000001
core   0: 0x80003c68 (0x021635b3) mulhu   a1, a2, ra
core   0: 3 0x80003c68 (0x021635b3) x11 0x00000000
core   0: 0x80003c6c (0x00471e93) slli    t4, a4, 4
core   0: 3 0x80003c6c (0x00471e93) x29 0x00000010
core   0: 0x80003c70 (0x031f3b33) mulhu   s6, t5, a7
core   0: 3 0x80003c70 (0x031f3b33) x22 0x00000000
core   0: 0x80003c74 (0x41b0d893) srai    a7, ra, 27
core   0: 3 0x80003c74 (0x41b0d893) x17 0x00000000
core   0: 0x80003c78 (0x5d5c0793) addi    a5, s8, 1493
core   0: 3 0x80003c78 (0x5d5c0793) x15 0x000005e1
core   0: 0x80003c7c (0xd4214113) xori    sp, sp, -702
core   0: 3 0x80003c7c (0xd4214113) x 2 0xfffffd43
core   0: 0x80003c80 (0x02c5c8b3) div     a7, a1, a2
core   0: 3 0x80003c80 (0x02c5c8b3) x17 0xffffffff
core   0: 0x80003c84 (0x8fc6b5b7) lui     a1, 0x8fc6b
core   0: 3 0x80003c84 (0x8fc6b5b7) x11 0x8fc6b000
core   0: 0x80003c88 (0x03eac3b3) div     t2, s5, t5
core   0: 3 0x80003c88 (0x03eac3b3) x 7 0xffffffff
core   0: 0x80003c8c (0x007fb233) sltu    tp, t6, t2
core   0: 3 0x80003c8c (0x007fb233) x 4 0x00000001
core   0: 0x80003c90 (0x002df433) and     s0, s11, sp
core   0: 3 0x80003c90 (0x002df433) x 8 0x80018c40
core   0: 0x80003c94 (0x40c30eb3) sub     t4, t1, a2
core   0: 3 0x80003c94 (0x40c30eb3) x29 0x00000000
core   0: 0x80003c98 (0x02ca6233) rem     tp, s4, a2
core   0: 3 0x80003c98 (0x02ca6233) x 4 0xf7b00000
core   0: 0x80003c9c (0x40a2d933) sra     s2, t0, a0
core   0: 3 0x80003c9c (0x40a2d933) x18 0x00000001
core   0: 0x80003ca0 (0x02554ab3) div     s5, a0, t0
core   0: 3 0x80003ca0 (0x02554ab3) x21 0x00000000
core   0: 0x80003ca4 (0x15b6bf93) sltiu   t6, a3, 347
core   0: 3 0x80003ca4 (0x15b6bf93) x31 0x00000000
core   0: 0x80003ca8 (0x01418eb3) add     t4, gp, s4
core   0: 3 0x80003ca8 (0x01418eb3) x29 0xf7effe94
core   0: 0x80003cac (0x01948933) add     s2, s1, s9
core   0: 3 0x80003cac (0x01948933) x18 0x00000008
core   0: 0x80003cb0 (0x01f0d293) srli    t0, ra, 31
core   0: 3 0x80003cb0 (0x01f0d293) x 5 0x00000000
core   0: 0x80003cb4 (0x03cc3e33) mulhu   t3, s8, t3
core   0: 3 0x80003cb4 (0x03cc3e33) x28 0x00000000
core   0: 0x80003cb8 (0x0245dcb3) divu    s9, a1, tp
core   0: 3 0x80003cb8 (0x0245dcb3) x25 0x00000000
core   0: 0x80003cbc (0x00e91c33) sll     s8, s2, a4
core   0: 3 0x80003cbc (0x00e91c33) x24 0x00000010
core   0: 0x80003cc0 (0x416b5313) srai    t1, s6, 22
core   0: 3 0x80003cc0 (0x416b5313) x 6 0x00000000
core   0: 0x80003cc4 (0x00000013) nop
core   0: 3 0x80003cc4 (0x00000013)
core   0: 0x80003cc8 (0x00000013) nop
core   0: 3 0x80003cc8 (0x00000013)
core   0: 0x80003ccc (0x01f84233) xor     tp, a6, t6
core   0: 3 0x80003ccc (0x01f84233) x 4 0x80014e64
core   0: 0x80003cd0 (0x41f75613) srai    a2, a4, 31
core   0: 3 0x80003cd0 (0x41f75613) x12 0x00000000
core   0: 0x80003cd4 (0x9d00fc13) andi    s8, ra, -1584
core   0: 3 0x80003cd4 (0x9d00fc13) x24 0x00000000
core   0: 0x80003cd8 (0x0168fbb3) and     s7, a7, s6
core   0: 3 0x80003cd8 (0x0168fbb3) x23 0x00000000
core   0: 0x80003cdc (0x36d50d13) addi    s10, a0, 877
core   0: 3 0x80003cdc (0x36d50d13) x26 0x0000036d
core   0: 0x80003ce0 (0x00000013) nop
core   0: 3 0x80003ce0 (0x00000013)
core   0: 0x80003ce4 (0x00065013) srli    zero, a2, 0
core   0: 3 0x80003ce4 (0x00065013)
core   0: 0x80003ce8 (0x416757b3) sra     a5, a4, s6
core   0: 3 0x80003ce8 (0x416757b3) x15 0x00000001
core   0: 0x80003cec (0x0259f4b3) remu    s1, s3, t0
core   0: 3 0x80003cec (0x0259f4b3) x 9 0x0000000b
core   0: 0x80003cf0 (0x00da9293) slli    t0, s5, 13
core   0: 3 0x80003cf0 (0x00da9293) x 5 0x00000000
core   0: 0x80003cf4 (0x01bc4b33) xor     s6, s8, s11
core   0: 3 0x80003cf4 (0x01bc4b33) x22 0x80018ce4
core   0: 0x80003cf8 (0x41a9d913) srai    s2, s3, 26
core   0: 3 0x80003cf8 (0x41a9d913) x18 0x00000000
core   0: 0x80003cfc (0x418e86b3) sub     a3, t4, s8
core   0: 3 0x80003cfc (0x418e86b3) x13 0xf7effe94
core   0: 0x80003d00 (0x00fac033) xor     zero, s5, a5
core   0: 3 0x80003d00 (0x00fac033)
core   0: 0x80003d04 (0xfdccc593) xori    a1, s9, -36
core   0: 3 0x80003d04 (0xfdccc593) x11 0xffffffdc
core   0: 0x80003d08 (0x02c03cb3) mulhu   s9, zero, a2
core   0: 3 0x80003d08 (0x02c03cb3) x25 0x00000000
core   0: 0x80003d0c (0x02aece33) div     t3, t4, a0
core   0: 3 0x80003d0c (0x02aece33) x28 0xffffffff
core   0: 0x80003d10 (0x971a5917) auipc   s2, 0x971a5
core   0: 3 0x80003d10 (0x971a5917) x18 0x171a8d10
core   0: 0x80003d14 (0x0011d733) srl     a4, gp, ra
core   0: 3 0x80003d14 (0x0011d733) x14 0x003ffe94
core   0: 0x80003d18 (0x0065a7b3) slt     a5, a1, t1
core   0: 3 0x80003d18 (0x0065a7b3) x15 0x00000001
core   0: 0x80003d1c (0x00ee3bb3) sltu    s7, t3, a4
core   0: 3 0x80003d1c (0x00ee3bb3) x23 0x00000000
core   0: 0x80003d20 (0x033557b3) divu    a5, a0, s3
core   0: 3 0x80003d20 (0x033557b3) x15 0x00000000
core   0: 0x80003d24 (0x415751b3) sra     gp, a4, s5
core   0: 3 0x80003d24 (0x415751b3) x 3 0x003ffe94
core   0: 0x80003d28 (0x0343f2b3) remu    t0, t2, s4
core   0: 3 0x80003d28 (0x0343f2b3) x 5 0x084fffff
core   0: 0x80003d2c (0x1f1ebc93) sltiu   s9, t4, 497
core   0: 3 0x80003d2c (0x1f1ebc93) x25 0x00000000
core   0: 0x80003d30 (0xa36def13) ori     t5, s11, -1482
core   0: 3 0x80003d30 (0xa36def13) x30 0xfffffef6
core   0: 0x80003d34 (0x0243ff33) remu    t5, t2, tp
core   0: 3 0x80003d34 (0x0243ff33) x30 0x7ffeb19b
core   0: 0x80003d38 (0x03f41bb3) mulh    s7, s0, t6
core   0: 3 0x80003d38 (0x03f41bb3) x23 0x00000000
core   0: 0x80003d3c (0x409e5133) sra     sp, t3, s1
core   0: 3 0x80003d3c (0x409e5133) x 2 0xffffffff
core   0: 0x80003d40 (0x03760433) mul     s0, a2, s7
core   0: 3 0x80003d40 (0x03760433) x 8 0x00000000
core   0: 0x80003d44 (0xe3a145b7) lui     a1, 0xe3a14
core   0: 3 0x80003d44 (0xe3a145b7) x11 0xe3a14000
core   0: 0x80003d48 (0x0091aeb3) slt     t4, gp, s1
core   0: 3 0x80003d48 (0x0091aeb3) x29 0x00000000
core   0: 0x80003d4c (0x00669033) sll     zero, a3, t1
core   0: 3 0x80003d4c (0x00669033)
core   0: 0x80003d50 (0x01304933) xor     s2, zero, s3
core   0: 3 0x80003d50 (0x01304933) x18 0x0000000b
core   0: 0x80003d54 (0x40b15913) srai    s2, sp, 11
core   0: 3 0x80003d54 (0x40b15913) x18 0xffffffff
core   0: 0x80003d58 (0x03fb7433) remu    s0, s6, t6
core   0: 3 0x80003d58 (0x03fb7433) x 8 0x80018ce4
core   0: 0x80003d5c (0x03ddb4b3) mulhu   s1, s11, t4
core   0: 3 0x80003d5c (0x03ddb4b3) x 9 0x00000000
core   0: 0x80003d60 (0x9bd17d37) lui     s10, 0x9bd17
core   0: 3 0x80003d60 (0x9bd17d37) x26 0x9bd17000
core   0: 0x80003d64 (0x3cdbf0b7) lui     ra, 0x3cdbf
core   0: 3 0x80003d64 (0x3cdbf0b7) x 1 0x3cdbf000
core   0: 0x80003d68 (0x014cb7b3) sltu    a5, s9, s4
core   0: 3 0x80003d68 (0x014cb7b3) x15 0x00000001
core   0: 0x80003d6c (0xa93f38b7) lui     a7, 0xa93f3
core   0: 3 0x80003d6c (0xa93f38b7) x17 0xa93f3000
core   0: 0x80003d70 (0x0016ca33) xor     s4, a3, ra
core   0: 3 0x80003d70 (0x0016ca33) x20 0xcb340e94
core   0: 0x80003d74 (0x01ebee33) or      t3, s7, t5
core   0: 3 0x80003d74 (0x01ebee33) x28 0x7ffeb19b
core   0: 0x80003d78 (0x01a33f33) sltu    t5, t1, s10
core   0: 3 0x80003d78 (0x01a33f33) x30 0x00000001
core   0: 0x80003d7c (0xe6c2cd37) lui     s10, 0xe6c2c
core   0: 3 0x80003d7c (0xe6c2cd37) x26 0xe6c2c000
core   0: 0x80003d80 (0x41c30f33) sub     t5, t1, t3
core   0: 3 0x80003d80 (0x41c30f33) x30 0x80014e65
core   0: 0x80003d84 (0x02185733) divu    a4, a6, ra
core   0: 3 0x80003d84 (0x02185733) x14 0x00000002
core   0: 0x80003d88 (0x8e38e513) ori     a0, a7, -1821
core   0: 3 0x80003d88 (0x8e38e513) x10 0xfffff8e3
core   0: 0x80003d8c (0x031962b3) rem     t0, s2, a7
core   0: 3 0x80003d8c (0x031962b3) x 5 0xffffffff
core   0: 0x80003d90 (0x0307af33) mulhsu  t5, a5, a6
core   0: 3 0x80003d90 (0x0307af33) x30 0x00000000
core   0: 0x80003d94 (0x000a9213) slli    tp, s5, 0
core   0: 3 0x80003d94 (0x000a9213) x 4 0x00000000
core   0: 0x80003d98 (0x5fff2593) slti    a1, t5, 1535
core   0: 3 0x80003d98 (0x5fff2593) x11 0x00000001
core   0: 0x80003d9c (0x02c5e333) rem     t1, a1, a2
core   0: 3 0x80003d9c (0x02c5e333) x 6 0x00000001
core   0: 0x80003da0 (0x00000013) nop
core   0: 3 0x80003da0 (0x00000013)
core   0: 0x80003da4 (0x01aebe33) sltu    t3, t4, s10
core   0: 3 0x80003da4 (0x01aebe33) x28 0x00000001
core   0: 0x80003da8 (0x0d2d7593) andi    a1, s10, 210
core   0: 3 0x80003da8 (0x0d2d7593) x11 0x00000000
core   0: 0x80003dac (0x4142de33) sra     t3, t0, s4
core   0: 3 0x80003dac (0x4142de33) x28 0xffffffff
core   0: 0x80003db0 (0x00000013) nop
core   0: 3 0x80003db0 (0x00000013)
core   0: 0x80003db4 (0x00634233) xor     tp, t1, t1
core   0: 3 0x80003db4 (0x00634233) x 4 0x00000000
core   0: 0x80003db8 (0x01b670b3) and     ra, a2, s11
core   0: 3 0x80003db8 (0x01b670b3) x 1 0x00000000
core   0: 0x80003dbc (0x03b74bb3) div     s7, a4, s11
core   0: 3 0x80003dbc (0x03b74bb3) x23 0x00000000
core   0: 0x80003dc0 (0x007d81b3) add     gp, s11, t2
core   0: 3 0x80003dc0 (0x007d81b3) x 3 0x80018ce3
core   0: 0x80003dc4 (0x004d2c33) slt     s8, s10, tp
core   0: 3 0x80003dc4 (0x004d2c33) x24 0x00000001
core   0: 0x80003dc8 (0xeeb928b7) lui     a7, 0xeeb92
core   0: 3 0x80003dc8 (0xeeb928b7) x17 0xeeb92000
core   0: 0x80003dcc (0x408ed3b3) sra     t2, t4, s0
core   0: 3 0x80003dcc (0x408ed3b3) x 7 0x00000000
core   0: 0x80003dd0 (0x40b88c33) sub     s8, a7, a1
core   0: 3 0x80003dd0 (0x40b88c33) x24 0xeeb92000
core   0: 0x80003dd4 (0x027996b3) mulh    a3, s3, t2
core   0: 3 0x80003dd4 (0x027996b3) x13 0x00000000
core   0: 0x80003dd8 (0x00e057b3) srl     a5, zero, a4
core   0: 3 0x80003dd8 (0x00e057b3) x15 0x00000000
core   0: 0x80003ddc (0x86b1a297) auipc   t0, 0x86b1a
core   0: 3 0x80003ddc (0x86b1a297) x 5 0x06b1dddc
core   0: 0x80003de0 (0x01fa3f33) sltu    t5, s4, t6
core   0: 3 0x80003de0 (0x01fa3f33) x30 0x00000000
core   0: 0x80003de4 (0x036848b3) div     a7, a6, s6
core   0: 3 0x80003de4 (0x036848b3) x17 0x00000001
core   0: 0x80003de8 (0x01d6b2b3) sltu    t0, a3, t4
core   0: 3 0x80003de8 (0x01d6b2b3) x 5 0x00000000
core   0: 0x80003dec (0x25927913) andi    s2, tp, 601
core   0: 3 0x80003dec (0x25927913) x18 0x00000000
core   0: 0x80003df0 (0x879a4c93) xori    s9, s4, -1927
core   0: 3 0x80003df0 (0x879a4c93) x25 0x34cbf6ed
core   0: 0x80003df4 (0x41e7d533) sra     a0, a5, t5
core   0: 3 0x80003df4 (0x41e7d533) x10 0x00000000
core   0: 0x80003df8 (0x02a1b133) mulhu   sp, gp, a0
core   0: 3 0x80003df8 (0x02a1b133) x 2 0x00000000
core   0: 0x80003dfc (0x401155b3) sra     a1, sp, ra
core   0: 3 0x80003dfc (0x401155b3) x11 0x00000000
core   0: 0x80003e00 (0xd896ec17) auipc   s8, 0xd896e
core   0: 3 0x80003e00 (0xd896ec17) x24 0x58971e00
core   0: 0x80003e04 (0xd7c3ec37) lui     s8, 0xd7c3e
core   0: 3 0x80003e04 (0xd7c3ec37) x24 0xd7c3e000
core   0: 0x80003e08 (0x024a9533) mulh    a0, s5, tp
core   0: 3 0x80003e08 (0x024a9533) x10 0x00000000
core   0: 0x80003e0c (0x406d8ab3) sub     s5, s11, t1
core   0: 3 0x80003e0c (0x406d8ab3) x21 0x80018ce3
core   0: 0x80003e10 (0x0277afb3) mulhsu  t6, a5, t2
core   0: 3 0x80003e10 (0x0277afb3) x31 0x00000000
core   0: 0x80003e14 (0x002c4633) xor     a2, s8, sp
core   0: 3 0x80003e14 (0x002c4633) x12 0xd7c3e000
core   0: 0x80003e18 (0x42ee2693) slti    a3, t3, 1070
core   0: 3 0x80003e18 (0x42ee2693) x13 0x00000001
core   0: 0x80003e1c (0x402158b3) sra     a7, sp, sp
core   0: 3 0x80003e1c (0x402158b3) x17 0x00000000
core   0: 0x80003e20 (0x02be1d33) mulh    s10, t3, a1
core   0: 3 0x80003e20 (0x02be1d33) x26 0x00000000
core   0: 0x80003e24 (0x00901093) slli    ra, zero, 9
core   0: 3 0x80003e24 (0x00901093) x 1 0x00000000
core   0: 0x80003e28 (0x03e83bb3) mulhu   s7, a6, t5
core   0: 3 0x80003e28 (0x03e83bb3) x23 0x00000000
core   0: 0x80003e2c (0x03da4333) div     t1, s4, t4
core   0: 3 0x80003e2c (0x03da4333) x 6 0xffffffff
core   0: 0x80003e30 (0x00976b33) or      s6, a4, s1
core   0: 3 0x80003e30 (0x00976b33) x22 0x00000002
core   0: 0x80003e34 (0x03015f33) divu    t5, sp, a6
core   0: 3 0x80003e34 (0x03015f33) x30 0x00000000
core   0: 0x80003e38 (0x85f12f13) slti    t5, sp, -1953
core   0: 3 0x80003e38 (0x85f12f13) x30 0x00000000
core   0: 0x80003e3c (0xa587c413) xori    s0, a5, -1448
core   0: 3 0x80003e3c (0xa587c413) x 8 0xfffffa58
core   0: 0x80003e40 (0x41f8d0b3) sra     ra, a7, t6
core   0: 3 0x80003e40 (0x41f8d0b3) x 1 0x00000000
core   0: 0x80003e44 (0x00a077b3) and     a5, zero, a0
core   0: 3 0x80003e44 (0x00a077b3) x15 0x00000000
core   0: 0x80003e48 (0x03750cb3) mul     s9, a0, s7
core   0: 3 0x80003e48 (0x03750cb3) x25 0x00000000
core   0: 0x80003e4c (0x2305fe13) andi    t3, a1, 560
core   0: 3 0x80003e4c (0x2305fe13) x28 0x00000000
core   0: 0x80003e50 (0x01a3f6b3) and     a3, t2, s10
core   0: 3 0x80003e50 (0x01a3f6b3) x13 0x00000000
core   0: 0x80003e54 (0x027be333) rem     t1, s7, t2
core   0: 3 0x80003e54 (0x027be333) x 6 0x00000000
core   0: 0x80003e58 (0x036a4bb3) div     s7, s4, s6
core   0: 3 0x80003e58 (0x036a4bb3) x23 0xe59a074a
core   0: 0x80003e5c (0x02b70933) mul     s2, a4, a1
core   0: 3 0x80003e5c (0x02b70933) x18 0x00000000
core   0: 0x80003e60 (0xa0257713) andi    a4, a0, -1534
core   0: 3 0x80003e60 (0xa0257713) x14 0x00000000
core   0: 0x80003e64 (0x0123f8b3) and     a7, t2, s2
core   0: 3 0x80003e64 (0x0123f8b3) x17 0x00000000
core   0: 0x80003e68 (0x030a0c33) mul     s8, s4, a6
core   0: 3 0x80003e68 (0x030a0c33) x24 0x4b5ac9d0
core   0: 0x80003e6c (0x03e74133) div     sp, a4, t5
core   0: 3 0x80003e6c (0x03e74133) x 2 0xffffffff
core   0: 0x80003e70 (0x19f1f613) andi    a2, gp, 415
core   0: 3 0x80003e70 (0x19f1f613) x12 0x00000083
core   0: 0x80003e74 (0x01a64eb3) xor     t4, a2, s10
core   0: 3 0x80003e74 (0x01a64eb3) x29 0x00000083
core   0: 0x80003e78 (0x12b84213) xori    tp, a6, 299
core   0: 3 0x80003e78 (0x12b84213) x 4 0x80014f4f
core   0: 0x80003e7c (0x26357093) andi    ra, a0, 611
core   0: 3 0x80003e7c (0x26357093) x 1 0x00000000
core   0: 0x80003e80 (0x97eb3093) sltiu   ra, s6, -1666
core   0: 3 0x80003e80 (0x97eb3093) x 1 0x00000001
core   0: 0x80003e84 (0x0196df33) srl     t5, a3, s9
core   0: 3 0x80003e84 (0x0196df33) x30 0x00000000
core   0: 0x80003e88 (0x0317a733) mulhsu  a4, a5, a7
core   0: 3 0x80003e88 (0x0317a733) x14 0x00000000
core   0: 0x80003e8c (0x02ff7eb3) remu    t4, t5, a5
core   0: 3 0x80003e8c (0x02ff7eb3) x29 0x00000000
core   0: 0x80003e90 (0x00c51213) slli    tp, a0, 12
core   0: 3 0x80003e90 (0x00c51213) x 4 0x00000000
core   0: 0x80003e94 (0x03996133) rem     sp, s2, s9
core   0: 3 0x80003e94 (0x03996133) x 2 0x00000000
core   0: 0x80003e98 (0x58718f13) addi    t5, gp, 1415
core   0: 3 0x80003e98 (0x58718f13) x30 0x8001926a
core   0: 0x80003e9c (0xb65c2293) slti    t0, s8, -1179
core   0: 3 0x80003e9c (0xb65c2293) x 5 0x00000000
core   0: 0x80003ea0 (0x012f9c33) sll     s8, t6, s2
core   0: 3 0x80003ea0 (0x012f9c33) x24 0x00000000
core   0: 0x80003ea4 (0xb5d6c393) xori    t2, a3, -1187
core   0: 3 0x80003ea4 (0xb5d6c393) x 7 0xfffffb5d
core   0: 0x80003ea8 (0x000ddc93) srli    s9, s11, 0
core   0: 3 0x80003ea8 (0x000ddc93) x25 0x80018ce4
core   0: 0x80003eac (0xf2d94c13) xori    s8, s2, -211
core   0: 3 0x80003eac (0xf2d94c13) x24 0xffffff2d
core   0: 0x80003eb0 (0x015b3933) sltu    s2, s6, s5
core   0: 3 0x80003eb0 (0x015b3933) x18 0x00000001
core   0: 0x80003eb4 (0x0154c293) xori    t0, s1, 21
core   0: 3 0x80003eb4 (0x0154c293) x 5 0x00000015
core   0: 0x80003eb8 (0x01d8f633) and     a2, a7, t4
core   0: 3 0x80003eb8 (0x01d8f633) x12 0x00000000
core   0: 0x80003ebc (0x029970b3) remu    ra, s2, s1
core   0: 3 0x80003ebc (0x029970b3) x 1 0x00000001
core   0: 0x80003ec0 (0x0135b133) sltu    sp, a1, s3
core   0: 3 0x80003ec0 (0x0135b133) x 2 0x00000001
core   0: 0x80003ec4 (0x11441b37) lui     s6, 0x11441
core   0: 3 0x80003ec4 (0x11441b37) x22 0x11441000
core   0: 0x80003ec8 (0x03c8aab3) mulhsu  s5, a7, t3
core   0: 3 0x80003ec8 (0x03c8aab3) x21 0x00000000
core   0: 0x80003ecc (0x03fd18b3) mulh    a7, s10, t6
core   0: 3 0x80003ecc (0x03fd18b3) x17 0x00000000
core   0: 0x80003ed0 (0x008a1f33) sll     t5, s4, s0
core   0: 3 0x80003ed0 (0x008a1f33) x30 0x94000000
core   0: 0x80003ed4 (0xf84b6a93) ori     s5, s6, -124
core   0: 3 0x80003ed4 (0xf84b6a93) x21 0xffffff84
core   0: 0x80003ed8 (0x06f5a393) slti    t2, a1, 111
core   0: 3 0x80003ed8 (0x06f5a393) x 7 0x00000001
core   0: 0x80003edc (0x00a62a33) slt     s4, a2, a0
core   0: 3 0x80003edc (0x00a62a33) x20 0x00000000
core   0: 0x80003ee0 (0xf51de713) ori     a4, s11, -175
core   0: 3 0x80003ee0 (0xf51de713) x14 0xfffffff5
core   0: 0x80003ee4 (0x033a5fb3) divu    t6, s4, s3
core   0: 3 0x80003ee4 (0x033a5fb3) x31 0x00000000
core   0: 0x80003ee8 (0x03b36cb3) rem     s9, t1, s11
core   0: 3 0x80003ee8 (0x03b36cb3) x25 0x00000000
core   0: 0x80003eec (0x166f2d17) auipc   s10, 0x166f2
core   0: 3 0x80003eec (0x166f2d17) x26 0x966f5eec
core   0: 0x80003ef0 (0x031f0b33) mul     s6, t5, a7
core   0: 3 0x80003ef0 (0x031f0b33) x22 0x00000000
core   0: 0x80003ef4 (0x03ec9233) mulh    tp, s9, t5
core   0: 3 0x80003ef4 (0x03ec9233) x 4 0x00000000
core   0: 0x80003ef8 (0x0017c1b3) xor     gp, a5, ra
core   0: 3 0x80003ef8 (0x0017c1b3) x 3 0x00000001
core   0: 0x80003efc (0x00ac2633) slt     a2, s8, a0
core   0: 3 0x80003efc (0x00ac2633) x12 0x00000001
core   0: 0x80003f00 (0x006f0bb3) add     s7, t5, t1
core   0: 3 0x80003f00 (0x006f0bb3) x23 0x94000000
core   0: 0x80003f04 (0x4045de93) srai    t4, a1, 4
core   0: 3 0x80003f04 (0x4045de93) x29 0x00000000
core   0: 0x80003f08 (0xbb8f1897) auipc   a7, 0xbb8f1
core   0: 3 0x80003f08 (0xbb8f1897) x17 0x3b8f4f08
core   0: 0x80003f0c (0x004302b3) add     t0, t1, tp
core   0: 3 0x80003f0c (0x004302b3) x 5 0x00000000
core   0: 0x80003f10 (0x03c7beb3) mulhu   t4, a5, t3
core   0: 3 0x80003f10 (0x03c7beb3) x29 0x00000000
core   0: 0x80003f14 (0x41095293) srai    t0, s2, 16
core   0: 3 0x80003f14 (0x41095293) x 5 0x00000000
core   0: 0x80003f18 (0x01058fb3) add     t6, a1, a6
core   0: 3 0x80003f18 (0x01058fb3) x31 0x80014e64
core   0: 0x80003f1c (0x0084a533) slt     a0, s1, s0
core   0: 3 0x80003f1c (0x0084a533) x10 0x00000000
core   0: 0x80003f20 (0x74b87c93) andi    s9, a6, 1867
core   0: 3 0x80003f20 (0x74b87c93) x25 0x00000640
core   0: 0x80003f24 (0x00709c13) slli    s8, ra, 7
core   0: 3 0x80003f24 (0x00709c13) x24 0x00000080
core   0: 0x80003f28 (0x03900b33) mul     s6, zero, s9
core   0: 3 0x80003f28 (0x03900b33) x22 0x00000000
core   0: 0x80003f2c (0x0252ebb3) rem     s7, t0, t0
core   0: 3 0x80003f2c (0x0252ebb3) x23 0x00000000
core   0: 0x80003f30 (0x41bbd213) srai    tp, s7, 27
core   0: 3 0x80003f30 (0x41bbd213) x 4 0x00000000
core   0: 0x80003f34 (0x0374dc33) divu    s8, s1, s7
core   0: 3 0x80003f34 (0x0374dc33) x24 0xffffffff
core   0: 0x80003f38 (0x02924933) div     s2, tp, s1
core   0: 3 0x80003f38 (0x02924933) x18 0xffffffff
core   0: 0x80003f3c (0x0035a1b3) slt     gp, a1, gp
core   0: 3 0x80003f3c (0x0035a1b3) x 3 0x00000001
core   0: 0x80003f40 (0x41d8d3b3) sra     t2, a7, t4
core   0: 3 0x80003f40 (0x41d8d3b3) x 7 0x3b8f4f08
core   0: 0x80003f44 (0x0201fb33) remu    s6, gp, zero
core   0: 3 0x80003f44 (0x0201fb33) x22 0x00000001
core   0: 0x80003f48 (0x01366433) or      s0, a2, s3
core   0: 3 0x80003f48 (0x01366433) x 8 0x0000000b
core   0: 0x80003f4c (0x297ece13) xori    t3, t4, 663
core   0: 3 0x80003f4c (0x297ece13) x28 0x00000297
core   0: 0x80003f50 (0xafa56f13) ori     t5, a0, -1286
core   0: 3 0x80003f50 (0xafa56f13) x30 0xfffffafa
core   0: 0x80003f54 (0x004005b3) add     a1, zero, tp
core   0: 3 0x80003f54 (0x004005b3) x11 0x00000000
core   0: 0x80003f58 (0x007a36b3) sltu    a3, s4, t2
core   0: 3 0x80003f58 (0x007a36b3) x13 0x00000001
core   0: 0x80003f5c (0x0071f533) and     a0, gp, t2
core   0: 3 0x80003f5c (0x0071f533) x10 0x00000000
core   0: 0x80003f60 (0x01babc33) sltu    s8, s5, s11
core   0: 3 0x80003f60 (0x01babc33) x24 0x00000000
core   0: 0x80003f64 (0x659fbe93) sltiu   t4, t6, 1625
core   0: 3 0x80003f64 (0x659fbe93) x29 0x00000000
core   0: 0x80003f68 (0x019ad793) srli    a5, s5, 25
core   0: 3 0x80003f68 (0x019ad793) x15 0x0000007f
core   0: 0x80003f6c (0x92b86313) ori     t1, a6, -1749
core   0: 3 0x80003f6c (0x92b86313) x 6 0xffffff6f
core   0: 0x80003f70 (0x002dd2b3) srl     t0, s11, sp
core   0: 3 0x80003f70 (0x002dd2b3) x 5 0x4000c672
core   0: 0x80003f74 (0x30dab593) sltiu   a1, s5, 781
core   0: 3 0x80003f74 (0x30dab593) x11 0x00000000
core   0: 0x80003f78 (0x02970533) mul     a0, a4, s1
core   0: 3 0x80003f78 (0x02970533) x10 0x00000000
core   0: 0x80003f7c (0x00000013) nop
core   0: 3 0x80003f7c (0x00000013)
core   0: 0x80003f80 (0x98402b93) slti    s7, zero, -1660
core   0: 3 0x80003f80 (0x98402b93) x23 0x00000000
core   0: 0x80003f84 (0xfc5c2593) slti    a1, s8, -59
core   0: 3 0x80003f84 (0xfc5c2593) x11 0x00000000
core   0: 0x80003f88 (0x0102cd33) xor     s10, t0, a6
core   0: 3 0x80003f88 (0x0102cd33) x26 0xc0018816
core   0: 0x80003f8c (0xfda3a313) slti    t1, t2, -38
core   0: 3 0x80003f8c (0xfda3a313) x 6 0x00000000
core   0: 0x80003f90 (0x01455933) srl     s2, a0, s4
core   0: 3 0x80003f90 (0x01455933) x18 0x00000000
core   0: 0x80003f94 (0xc11d8e13) addi    t3, s11, -1007
core   0: 3 0x80003f94 (0xc11d8e13) x28 0x800188f5
core   0: 0x80003f98 (0x014e1513) slli    a0, t3, 20
core   0: 3 0x80003f98 (0x014e1513) x10 0x8f500000
core   0: 0x80003f9c (0x9f9d4c93) xori    s9, s10, -1543
core   0: 3 0x80003f9c (0x9f9d4c93) x25 0x3ffe71ef
core   0: 0x80003fa0 (0x4a7b6b13) ori     s6, s6, 1191
core   0: 3 0x80003fa0 (0x4a7b6b13) x22 0x000004a7
core   0: 0x80003fa4 (0x00b744b3) xor     s1, a4, a1
core   0: 3 0x80003fa4 (0x00b744b3) x 9 0xfffffff5
core   0: 0x80003fa8 (0x76313b93) sltiu   s7, sp, 1891
core   0: 3 0x80003fa8 (0x76313b93) x23 0x00000001
core   0: 0x80003fac (0x0328f8b3) remu    a7, a7, s2
core   0: 3 0x80003fac (0x0328f8b3) x17 0x3b8f4f08
core   0: 0x80003fb0 (0x023e4cb3) div     s9, t3, gp
core   0: 3 0x80003fb0 (0x023e4cb3) x25 0x800188f5
core   0: 0x80003fb4 (0x517e7c13) andi    s8, t3, 1303
core   0: 3 0x80003fb4 (0x517e7c13) x24 0x00000015
core   0: 0x80003fb8 (0x016e9713) slli    a4, t4, 22
core   0: 3 0x80003fb8 (0x016e9713) x14 0x00000000
core   0: 0x80003fbc (0xdf737793) andi    a5, t1, -521
core   0: 3 0x80003fbc (0xdf737793) x15 0x00000000
core   0: 0x80003fc0 (0x031a7b33) remu    s6, s4, a7
core   0: 3 0x80003fc0 (0x031a7b33) x22 0x00000000
core   0: 0x80003fc4 (0x01ae6eb3) or      t4, t3, s10
core   0: 3 0x80003fc4 (0x01ae6eb3) x29 0xc00188f7
core   0: 0x80003fc8 (0x03f1deb3) divu    t4, gp, t6
core   0: 3 0x80003fc8 (0x03f1deb3) x29 0x00000000
core   0: 0x80003fcc (0x03526f33) rem     t5, tp, s5
core   0: 3 0x80003fcc (0x03526f33) x30 0x00000000
core   0: 0x80003fd0 (0x00b3a033) slt     zero, t2, a1
core   0: 3 0x80003fd0 (0x00b3a033)
core   0: 0x80003fd4 (0x031c8633) mul     a2, s9, a7
core   0: 3 0x80003fd4 (0x031c8633) x12 0x712ae2a8
core   0: 0x80003fd8 (0x0386e4b3) rem     s1, a3, s8
core   0: 3 0x80003fd8 (0x0386e4b3) x 9 0x00000001
core   0: 0x80003fdc (0x1644e5b7) lui     a1, 0x1644e
core   0: 3 0x80003fdc (0x1644e5b7) x11 0x1644e000
core   0: 0x80003fe0 (0x02a96533) rem     a0, s2, a0
core   0: 3 0x80003fe0 (0x02a96533) x10 0x00000000
core   0: 0x80003fe4 (0x7f784c13) xori    s8, a6, 2039
core   0: 3 0x80003fe4 (0x7f784c13) x24 0x80014993
core   0: 0x80003fe8 (0x999f8893) addi    a7, t6, -1639
core   0: 3 0x80003fe8 (0x999f8893) x17 0x800147fd
core   0: 0x80003fec (0x41c5d8b3) sra     a7, a1, t3
core   0: 3 0x80003fec (0x41c5d8b3) x17 0x000000b2
core   0: 0x80003ff0 (0x005e67b3) or      a5, t3, t0
core   0: 3 0x80003ff0 (0x005e67b3) x15 0xc001cef7
core   0: 0x80003ff4 (0x01577033) and     zero, a4, s5
core   0: 3 0x80003ff4 (0x01577033)
core   0: 0x80003ff8 (0x45b3c893) xori    a7, t2, 1115
core   0: 3 0x80003ff8 (0x45b3c893) x17 0x3b8f4b53
core   0: 0x80003ffc (0x00195433) srl     s0, s2, ra
core   0: 3 0x80003ffc (0x00195433) x 8 0x00000000
core   0: 0x80004000 (0x034d2fb3) mulhsu  t6, s10, s4
core   0: 3 0x80004000 (0x034d2fb3) x31 0x00000000
core   0: 0x80004004 (0x02c55633) divu    a2, a0, a2
core   0: 3 0x80004004 (0x02c55633) x12 0x00000000
core   0: 0x80004008 (0x436b7513) andi    a0, s6, 1078
core   0: 3 0x80004008 (0x436b7513) x10 0x00000000
core   0: 0x8000400c (0x02b7f033) remu    zero, a5, a1
core   0: 3 0x8000400c (0x02b7f033)
core   0: 0x80004010 (0x016bf433) and     s0, s7, s6
core   0: 3 0x80004010 (0x016bf433) x 8 0x00000000
core   0: 0x80004014 (0x024ff933) remu    s2, t6, tp
core   0: 3 0x80004014 (0x024ff933) x18 0x00000000
core   0: 0x80004018 (0x40d601b3) sub     gp, a2, a3
core   0: 3 0x80004018 (0x40d601b3) x 3 0xffffffff
core   0: 0x8000401c (0x02cb8b33) mul     s6, s7, a2
core   0: 3 0x8000401c (0x02cb8b33) x22 0x00000000
core   0: 0x80004020 (0x00000013) nop
core   0: 3 0x80004020 (0x00000013)
core   0: 0x80004024 (0x40470733) sub     a4, a4, tp
core   0: 3 0x80004024 (0x40470733) x14 0x00000000
core   0: 0x80004028 (0x1fbb2193) slti    gp, s6, 507
core   0: 3 0x80004028 (0x1fbb2193) x 3 0x00000001
core   0: 0x8000402c (0x00000013) nop
core   0: 3 0x8000402c (0x00000013)
core   0: 0x80004030 (0x016b9913) slli    s2, s7, 22
core   0: 3 0x80004030 (0x016b9913) x18 0x00400000
core   0: 0x80004034 (0x0266c433) div     s0, a3, t1
core   0: 3 0x80004034 (0x0266c433) x 8 0xffffffff
core   0: 0x80004038 (0x1b6b7413) andi    s0, s6, 438
core   0: 3 0x80004038 (0x1b6b7413) x 8 0x00000000
core   0: 0x8000403c (0x33e84d13) xori    s10, a6, 830
core   0: 3 0x8000403c (0x33e84d13) x26 0x80014d5a
core   0: 0x80004040 (0x00c6ed33) or      s10, a3, a2
core   0: 3 0x80004040 (0x00c6ed33) x26 0x00000001
core   0: 0x80004044 (0x029dd433) divu    s0, s11, s1
core   0: 3 0x80004044 (0x029dd433) x 8 0x80018ce4
core   0: 0x80004048 (0x02110eb3) mul     t4, sp, ra
core   0: 3 0x80004048 (0x02110eb3) x29 0x00000001
core   0: 0x8000404c (0x49513c97) auipc   s9, 0x49513
core   0: 3 0x8000404c (0x49513c97) x25 0xc951704c
core   0: 0x80004050 (0x1a25a513) slti    a0, a1, 418
core   0: 3 0x80004050 (0x1a25a513) x10 0x00000000
core   0: 0x80004054 (0x03f8a033) mulhsu  zero, a7, t6
core   0: 3 0x80004054 (0x03f8a033)
core   0: 0x80004058 (0x026a9233) mulh    tp, s5, t1
core   0: 3 0x80004058 (0x026a9233) x 4 0x00000000
core   0: 0x8000405c (0x016792b3) sll     t0, a5, s6
core   0: 3 0x8000405c (0x016792b3) x 5 0xc001cef7
core   0: 0x80004060 (0x7eaf7693) andi    a3, t5, 2026
core   0: 3 0x80004060 (0x7eaf7693) x13 0x00000000
core   0: 0x80004064 (0x003502b3) add     t0, a0, gp
core   0: 3 0x80004064 (0x003502b3) x 5 0x00000001
core   0: 0x80004068 (0x0076a933) slt     s2, a3, t2
core   0: 3 0x80004068 (0x0076a933) x18 0x00000001
core   0: 0x8000406c (0x00a81cb3) sll     s9, a6, a0
core   0: 3 0x8000406c (0x00a81cb3) x25 0x80014e64
core   0: 0x80004070 (0x032516b3) mulh    a3, a0, s2
core   0: 3 0x80004070 (0x032516b3) x13 0x00000000
core   0: 0x80004074 (0x016c6333) or      t1, s8, s6
core   0: 3 0x80004074 (0x016c6333) x 6 0x80014993
core   0: 0x80004078 (0x89d03e93) sltiu   t4, zero, -1891
core   0: 3 0x80004078 (0x89d03e93) x29 0x00000001
core   0: 0x8000407c (0x00f63933) sltu    s2, a2, a5
core   0: 3 0x8000407c (0x00f63933) x18 0x00000001
core   0: 0x80004080 (0x02ce3233) mulhu   tp, t3, a2
core   0: 3 0x80004080 (0x02ce3233) x 4 0x00000000
core   0: 0x80004084 (0x02369333) mulh    t1, a3, gp
core   0: 3 0x80004084 (0x02369333) x 6 0x00000000
core   0: 0x80004088 (0x032d01b3) mul     gp, s10, s2
core   0: 3 0x80004088 (0x032d01b3) x 3 0x00000001
core   0: 0x8000408c (0x0118ed33) or      s10, a7, a7
core   0: 3 0x8000408c (0x0118ed33) x26 0x3b8f4b53
core   0: 0x80004090 (0x01ff06b3) add     a3, t5, t6
core   0: 3 0x80004090 (0x01ff06b3) x13 0x00000000
core   0: 0x80004094 (0x01f5d513) srli    a0, a1, 31
core   0: 3 0x80004094 (0x01f5d513) x10 0x00000000
core   0: 0x80004098 (0x4023d113) srai    sp, t2, 2
core   0: 3 0x80004098 (0x4023d113) x 2 0x0ee3d3c2
core   0: 0x8000409c (0x02fc3533) mulhu   a0, s8, a5
core   0: 3 0x8000409c (0x02fc3533) x10 0x6001deac
core   0: 0x800040a0 (0x41ab5b93) srai    s7, s6, 26
core   0: 3 0x800040a0 (0x41ab5b93) x23 0x00000000
core   0: 0x800040a4 (0x003b6fb3) or      t6, s6, gp
core   0: 3 0x800040a4 (0x003b6fb3) x31 0x00000001
core   0: 0x800040a8 (0x0060ceb3) xor     t4, ra, t1
core   0: 3 0x800040a8 (0x0060ceb3) x29 0x00000001
core   0: 0x800040ac (0xcfc26093) ori     ra, tp, -772
core   0: 3 0x800040ac (0xcfc26093) x 1 0xfffffcfc
core   0: 0x800040b0 (0x031b9c33) mulh    s8, s7, a7
core   0: 3 0x800040b0 (0x031b9c33) x24 0x00000000
core   0: 0x800040b4 (0x01030633) add     a2, t1, a6
core   0: 3 0x800040b4 (0x01030633) x12 0x80014e64
core   0: 0x800040b8 (0x020738b3) mulhu   a7, a4, zero
core   0: 3 0x800040b8 (0x020738b3) x17 0x00000000
core   0: 0x800040bc (0xb4c6b093) sltiu   ra, a3, -1204
core   0: 3 0x800040bc (0xb4c6b093) x 1 0x00000001
core   0: 0x800040c0 (0x02ccc0b3) div     ra, s9, a2
core   0: 3 0x800040c0 (0x02ccc0b3) x 1 0x00000001
core   0: 0x800040c4 (0x407f5593) srai    a1, t5, 7
core   0: 3 0x800040c4 (0x407f5593) x11 0x00000000
core   0: 0x800040c8 (0x0ca84693) xori    a3, a6, 202
core   0: 3 0x800040c8 (0x0ca84693) x13 0x80014eae
core   0: 0x800040cc (0x00000013) nop
core   0: 3 0x800040cc (0x00000013)
core   0: 0x800040d0 (0x587b0293) addi    t0, s6, 1415
core   0: 3 0x800040d0 (0x587b0293) x 5 0x00000587
core   0: 0x800040d4 (0xa0610b13) addi    s6, sp, -1530
core   0: 3 0x800040d4 (0xa0610b13) x22 0x0ee3cdc8
core   0: 0x800040d8 (0x019872b3) and     t0, a6, s9
core   0: 3 0x800040d8 (0x019872b3) x 5 0x80014e64
core   0: 0x800040dc (0x942a7693) andi    a3, s4, -1726
core   0: 3 0x800040dc (0x942a7693) x13 0x00000000
core   0: 0x800040e0 (0x021b8bb3) mul     s7, s7, ra
core   0: 3 0x800040e0 (0x021b8bb3) x23 0x00000000
core   0: 0x800040e4 (0x007c31b3) sltu    gp, s8, t2
core   0: 3 0x800040e4 (0x007c31b3) x 3 0x00000001
core   0: 0x800040e8 (0x018bf4b3) and     s1, s7, s8
core   0: 3 0x800040e8 (0x018bf4b3) x 9 0x00000000
core   0: 0x800040ec (0x00000013) nop
core   0: 3 0x800040ec (0x00000013)
core   0: 0x800040f0 (0x72c60513) addi    a0, a2, 1836
core   0: 3 0x800040f0 (0x72c60513) x10 0x80015590
core   0: 0x800040f4 (0x00000013) nop
core   0: 3 0x800040f4 (0x00000013)
core   0: 0x800040f8 (0xe295aa93) slti    s5, a1, -471
core   0: 3 0x800040f8 (0xe295aa93) x21 0x00000000
core   0: 0x800040fc (0x41485913) srai    s2, a6, 20
core   0: 3 0x800040fc (0x41485913) x18 0xfffff800
core   0: 0x80004100 (0x6e7b2c13) slti    s8, s6, 1767
core   0: 3 0x80004100 (0x6e7b2c13) x24 0x00000000
core   0: 0x80004104 (0x0174ec33) or      s8, s1, s7
core   0: 3 0x80004104 (0x0174ec33) x24 0x00000000
core   0: 0x80004108 (0x0320eeb3) rem     t4, ra, s2
core   0: 3 0x80004108 (0x0320eeb3) x29 0x00000001
core   0: 0x8000410c (0x1ef72197) auipc   gp, 0x1ef72
core   0: 3 0x8000410c (0x1ef72197) x 3 0x9ef7610c
core   0: 0x80004110 (0x3c5b2693) slti    a3, s6, 965
core   0: 3 0x80004110 (0x3c5b2693) x13 0x00000000
core   0: 0x80004114 (0x00b06cb3) or      s9, zero, a1
core   0: 3 0x80004114 (0x00b06cb3) x25 0x00000000
core   0: 0x80004118 (0x4260a213) slti    tp, ra, 1062
core   0: 3 0x80004118 (0x4260a213) x 4 0x00000001
core   0: 0x8000411c (0x03c28333) mul     t1, t0, t3
core   0: 3 0x8000411c (0x03c28333) x 6 0x814925b4
core   0: 0x80004120 (0x4118d013) srai    zero, a7, 17
core   0: 3 0x80004120 (0x4118d013)
core   0: 0x80004124 (0x90d62c13) slti    s8, a2, -1779
core   0: 3 0x80004124 (0x90d62c13) x24 0x00000001
core   0: 0x80004128 (0x12b13e37) lui     t3, 0x12b13
core   0: 3 0x80004128 (0x12b13e37) x28 0x12b13000
core   0: 0x8000412c (0x88afa113) slti    sp, t6, -1910
core   0: 3 0x8000412c (0x88afa113) x 2 0x00000000
core   0: 0x80004130 (0x3e7b3213) sltiu   tp, s6, 999
core   0: 3 0x80004130 (0x3e7b3213) x 4 0x00000000
core   0: 0x80004134 (0x3b12f4b7) lui     s1, 0x3b12f
core   0: 3 0x80004134 (0x3b12f4b7) x 9 0x3b12f000
core   0: 0x80004138 (0x0358ccb3) div     s9, a7, s5
core   0: 3 0x80004138 (0x0358ccb3) x25 0xffffffff
core   0: 0x8000413c (0xdc84e317) auipc   t1, 0xdc84e
core   0: 3 0x8000413c (0xdc84e317) x 6 0x5c85213c
core   0: 0x80004140 (0xaf15a117) auipc   sp, 0xaf15a
core   0: 3 0x80004140 (0xaf15a117) x 2 0x2f15e140
core   0: 0x80004144 (0x03f91033) mulh    zero, s2, t6
core   0: 3 0x80004144 (0x03f91033)
core   0: 0x80004148 (0x5fb88c93) addi    s9, a7, 1531
core   0: 3 0x80004148 (0x5fb88c93) x25 0x000005fb
core   0: 0x8000414c (0x02165bb3) divu    s7, a2, ra
core   0: 3 0x8000414c (0x02165bb3) x23 0x80014e64
core   0: 0x80004150 (0x027c7eb3) remu    t4, s8, t2
core   0: 3 0x80004150 (0x027c7eb3) x29 0x00000001
core   0: 0x80004154 (0x00d25fb3) srl     t6, tp, a3
core   0: 3 0x80004154 (0x00d25fb3) x31 0x00000000
core   0: 0x80004158 (0x037322b7) lui     t0, 0x3732
core   0: 3 0x80004158 (0x037322b7) x 5 0x03732000
core   0: 0x8000415c (0x54b39897) auipc   a7, 0x54b39
core   0: 3 0x8000415c (0x54b39897) x17 0xd4b3d15c
core   0: 0x80004160 (0x02b8f8b3) remu    a7, a7, a1
core   0: 3 0x80004160 (0x02b8f8b3) x17 0xd4b3d15c
core   0: 0x80004164 (0x026f4933) div     s2, t5, t1
core   0: 3 0x80004164 (0x026f4933) x18 0x00000000
core   0: 0x80004168 (0x01f270b3) and     ra, tp, t6
core   0: 3 0x80004168 (0x01f270b3) x 1 0x00000000
core   0: 0x8000416c (0x00181193) slli    gp, a6, 1
core   0: 3 0x8000416c (0x00181193) x 3 0x00029cc8
core   0: 0x80004170 (0x0090ffb3) and     t6, ra, s1
core   0: 3 0x80004170 (0x0090ffb3) x31 0x00000000
core   0: 0x80004174 (0x293eb213) sltiu   tp, t4, 659
core   0: 3 0x80004174 (0x293eb213) x 4 0x00000001
core   0: 0x80004178 (0x9634c393) xori    t2, s1, -1693
core   0: 3 0x80004178 (0x9634c393) x 7 0xc4ed0963
core   0: 0x8000417c (0x4001d133) sra     sp, gp, zero
core   0: 3 0x8000417c (0x4001d133) x 2 0x00029cc8
core   0: 0x80004180 (0x017baf33) slt     t5, s7, s7
core   0: 3 0x80004180 (0x017baf33) x30 0x00000000
core   0: 0x80004184 (0x59d58b93) addi    s7, a1, 1437
core   0: 3 0x80004184 (0x59d58b93) x23 0x0000059d
core   0: 0x80004188 (0x0085ec33) or      s8, a1, s0
core   0: 3 0x80004188 (0x0085ec33) x24 0x80018ce4
core   0: 0x8000418c (0xb9787913) andi    s2, a6, -1129
core   0: 3 0x8000418c (0xb9787913) x18 0x80014a04
core   0: 0x80004190 (0x043b4693) xori    a3, s6, 67
core   0: 3 0x80004190 (0x043b4693) x13 0x0ee3cd8b
core   0: 0x80004194 (0x0314f2b3) remu    t0, s1, a7
core   0: 3 0x80004194 (0x0314f2b3) x 5 0x3b12f000
core   0: 0x80004198 (0x41d75a33) sra     s4, a4, t4
core   0: 3 0x80004198 (0x41d75a33) x20 0x00000000
core   0: 0x8000419c (0x0229d3b3) divu    t2, s3, sp
core   0: 3 0x8000419c (0x0229d3b3) x 7 0x00000000
core   0: 0x800041a0 (0xc1296a13) ori     s4, s2, -1006
core   0: 3 0x800041a0 (0xc1296a13) x20 0xfffffe16
core   0: 0x800041a4 (0x00869e93) slli    t4, a3, 8
core   0: 3 0x800041a4 (0x00869e93) x29 0xe3cd8b00
core   0: 0x800041a8 (0x89912913) slti    s2, sp, -1895
core   0: 3 0x800041a8 (0x89912913) x18 0x00000000
core   0: 0x800041ac (0x01890ab3) add     s5, s2, s8
core   0: 3 0x800041ac (0x01890ab3) x21 0x80018ce4
core   0: 0x800041b0 (0x01ff7433) and     s0, t5, t6
core   0: 3 0x800041b0 (0x01ff7433) x 8 0x00000000
core   0: 0x800041b4 (0x02578133) mul     sp, a5, t0
core   0: 3 0x800041b4 (0x02578133) x 2 0x2c659000
core   0: 0x800041b8 (0x006c0533) add     a0, s8, t1
core   0: 3 0x800041b8 (0x006c0533) x10 0xdc86ae20
core   0: 0x800041bc (0x007b3233) sltu    tp, s6, t2
core   0: 3 0x800041bc (0x007b3233) x 4 0x00000000
core   0: 0x800041c0 (0x95166613) ori     a2, a2, -1711
core   0: 3 0x800041c0 (0x95166613) x12 0xffffff75
core   0: 0x800041c4 (0x01855033) srl     zero, a0, s8
core   0: 3 0x800041c4 (0x01855033)
core   0: 0x800041c8 (0x8065ef93) ori     t6, a1, -2042
core   0: 3 0x800041c8 (0x8065ef93) x31 0xfffff806
core   0: 0x800041cc (0x9ccea437) lui     s0, 0x9ccea
core   0: 3 0x800041cc (0x9ccea437) x 8 0x9ccea000
core   0: 0x800041d0 (0xfc14d1b7) lui     gp, 0xfc14d
core   0: 3 0x800041d0 (0xfc14d1b7) x 3 0xfc14d000
core   0: 0x800041d4 (0x4dd14c13) xori    s8, sp, 1245
core   0: 3 0x800041d4 (0x4dd14c13) x24 0x2c6594dd
core   0: 0x800041d8 (0x37e4c413) xori    s0, s1, 894
core   0: 3 0x800041d8 (0x37e4c413) x 8 0x3b12f37e
core   0: 0x800041dc (0x7f983413) sltiu   s0, a6, 2041
core   0: 3 0x800041dc (0x7f983413) x 8 0x00000000
core   0: 0x800041e0 (0x03234933) div     s2, t1, s2
core   0: 3 0x800041e0 (0x03234933) x18 0xffffffff
core   0: 0x800041e4 (0x03bebab3) mulhu   s5, t4, s11
core   0: 3 0x800041e4 (0x03bebab3) x21 0x71e826ac
core   0: 0x800041e8 (0x0086a6b3) slt     a3, a3, s0
core   0: 3 0x800041e8 (0x0086a6b3) x13 0x00000000
core   0: 0x800041ec (0x02419d33) mulh    s10, gp, tp
core   0: 3 0x800041ec (0x02419d33) x26 0x00000000
core   0: 0x800041f0 (0x68bbaa13) slti    s4, s7, 1675
core   0: 3 0x800041f0 (0x68bbaa13) x20 0x00000001
core   0: 0x800041f4 (0x00f945b3) xor     a1, s2, a5
core   0: 3 0x800041f4 (0x00f945b3) x11 0x3ffe3108
core   0: 0x800041f8 (0xae07fb93) andi    s7, a5, -1312
core   0: 3 0x800041f8 (0xae07fb93) x23 0xc001cae0
core   0: 0x800041fc (0xe6094693) xori    a3, s2, -416
core   0: 3 0x800041fc (0xe6094693) x13 0x0000019f
core   0: 0x80004200 (0x03cbb0b3) mulhu   ra, s7, t3
core   0: 3 0x80004200 (0x03cbb0b3) x 1 0x0e050581
core   0: 0x80004204 (0x03d54133) div     sp, a0, t4
core   0: 3 0x80004204 (0x03d54133) x 2 0x00000001
core   0: 0x80004208 (0x01f6d2b3) srl     t0, a3, t6
core   0: 3 0x80004208 (0x01f6d2b3) x 5 0x00000006
core   0: 0x8000420c (0x01e57333) and     t1, a0, t5
core   0: 3 0x8000420c (0x01e57333) x 6 0x00000000
core   0: 0x80004210 (0x0214e8b3) rem     a7, s1, ra
core   0: 3 0x80004210 (0x0214e8b3) x17 0x02fed9fc
core   0: 0x80004214 (0x36944b13) xori    s6, s0, 873
core   0: 3 0x80004214 (0x36944b13) x22 0x00000369
core   0: 0x80004218 (0x03c38733) mul     a4, t2, t3
core   0: 3 0x80004218 (0x03c38733) x14 0x00000000
core   0: 0x8000421c (0x023dc7b3) div     a5, s11, gp
core   0: 3 0x8000421c (0x023dc7b3) x15 0x00000020
core   0: 0x80004220 (0x59d1efb7) lui     t6, 0x59d1e
core   0: 3 0x80004220 (0x59d1efb7) x31 0x59d1e000
core   0: 0x80004224 (0x002505b3) add     a1, a0, sp
core   0: 3 0x80004224 (0x002505b3) x11 0xdc86ae21
core   0: 0x80004228 (0x0389c7b3) div     a5, s3, s8
core   0: 3 0x80004228 (0x0389c7b3) x15 0x00000000
core   0: 0x8000422c (0x354ea093) slti    ra, t4, 852
core   0: 3 0x8000422c (0x354ea093) x 1 0x00000001
core   0: 0x80004230 (0x01e366b3) or      a3, t1, t5
core   0: 3 0x80004230 (0x01e366b3) x13 0x00000000
core   0: 0x80004234 (0x01351413) slli    s0, a0, 19
core   0: 3 0x80004234 (0x01351413) x 8 0x71000000
core   0: 0x80004238 (0xcefff213) andi    tp, t6, -785
core   0: 3 0x80004238 (0xcefff213) x 4 0x59d1e000
core   0: 0x8000423c (0x19f6bc13) sltiu   s8, a3, 415
core   0: 3 0x8000423c (0x19f6bc13) x24 0x00000001
core   0: 0x80004240 (0x41b006b3) sub     a3, zero, s11
core   0: 3 0x80004240 (0x41b006b3) x13 0x7ffe731c
core   0: 0x80004244 (0x3026cc13) xori    s8, a3, 770
core   0: 3 0x80004244 (0x3026cc13) x24 0x7ffe701e
core   0: 0x80004248 (0x41495633) sra     a2, s2, s4
core   0: 3 0x80004248 (0x41495633) x12 0xffffffff
core   0: 0x8000424c (0x0341bab3) mulhu   s5, gp, s4
core   0: 3 0x8000424c (0x0341bab3) x21 0x00000000
core   0: 0x80004250 (0x00443cb3) sltu    s9, s0, tp
core   0: 3 0x80004250 (0x00443cb3) x25 0x00000000
core   0: 0x80004254 (0x40465093) srai    ra, a2, 4
core   0: 3 0x80004254 (0x40465093) x 1 0xffffffff
core   0: 0x80004258 (0x01a68fb3) add     t6, a3, s10
core   0: 3 0x80004258 (0x01a68fb3) x31 0x7ffe731c
core   0: 0x8000425c (0x01cadf13) srli    t5, s5, 28
core   0: 3 0x8000425c (0x01cadf13) x30 0x00000000
core   0: 0x80004260 (0x00059933) sll     s2, a1, zero
core   0: 3 0x80004260 (0x00059933) x18 0xdc86ae21
core   0: 0x80004264 (0x00699013) slli    zero, s3, 6
core   0: 3 0x80004264 (0x00699013)
core   0: 0x80004268 (0x457e0793) addi    a5, t3, 1111
core   0: 3 0x80004268 (0x457e0793) x15 0x12b13457
core   0: 0x8000426c (0x411205b3) sub     a1, tp, a7
core   0: 3 0x8000426c (0x411205b3) x11 0x56d30604
core   0: 0x80004270 (0x40970433) sub     s0, a4, s1
core   0: 3 0x80004270 (0x40970433) x 8 0xc4ed1000
core   0: 0x80004274 (0xa2908913) addi    s2, ra, -1495
core   0: 3 0x80004274 (0xa2908913) x18 0xfffffa28
core   0: 0x80004278 (0x6f46bc93) sltiu   s9, a3, 1780
core   0: 3 0x80004278 (0x6f46bc93) x25 0x00000000
core   0: 0x8000427c (0x02b98a33) mul     s4, s3, a1
core   0: 3 0x8000427c (0x02b98a33) x20 0xbb11422c
core   0: 0x80004280 (0x0007b3b3) sltu    t2, a5, zero
core   0: 3 0x80004280 (0x0007b3b3) x 7 0x00000000
core   0: 0x80004284 (0x0339ce33) div     t3, s3, s3
core   0: 3 0x80004284 (0x0339ce33) x28 0x00000001
core   0: 0x80004288 (0x2e4aa597) auipc   a1, 0x2e4aa
core   0: 3 0x80004288 (0x2e4aa597) x11 0xae4ae288
core   0: 0x8000428c (0x0106c6b3) xor     a3, a3, a6
core   0: 3 0x8000428c (0x0106c6b3) x13 0xffff3d78
core   0: 0x80004290 (0x978afd17) auipc   s10, 0x978af
core   0: 3 0x80004290 (0x978afd17) x26 0x178b3290
core   0: 0x80004294 (0x03c132b3) mulhu   t0, sp, t3
core   0: 3 0x80004294 (0x03c132b3) x 5 0x00000000
core   0: 0x80004298 (0x00eae233) or      tp, s5, a4
core   0: 3 0x80004298 (0x00eae233) x 4 0x00000000
core   0: 0x8000429c (0xb088ac93) slti    s9, a7, -1272
core   0: 3 0x8000429c (0xb088ac93) x25 0x00000000
core   0: 0x800042a0 (0x4f8c2a13) slti    s4, s8, 1272
core   0: 3 0x800042a0 (0x4f8c2a13) x20 0x00000000
core   0: 0x800042a4 (0x02e926b3) mulhsu  a3, s2, a4
core   0: 3 0x800042a4 (0x02e926b3) x13 0x00000000
core   0: 0x800042a8 (0x001d5cb3) srl     s9, s10, ra
core   0: 3 0x800042a8 (0x001d5cb3) x25 0x00000000
core   0: 0x800042ac (0x020c6d33) rem     s10, s8, zero
core   0: 3 0x800042ac (0x020c6d33) x26 0x7ffe701e
core   0: 0x800042b0 (0xdb45c193) xori    gp, a1, -588
core   0: 3 0x800042b0 (0xdb45c193) x 3 0x51b51f3c
core   0: 0x800042b4 (0x0060a133) slt     sp, ra, t1
core   0: 3 0x800042b4 (0x0060a133) x 2 0x00000001
core   0: 0x800042b8 (0x41535393) srai    t2, t1, 21
core   0: 3 0x800042b8 (0x41535393) x 7 0x00000000
core   0: 0x800042bc (0x03522133) mulhsu  sp, tp, s5
core   0: 3 0x800042bc (0x03522133) x 2 0x00000000
core   0: 0x800042c0 (0xaf123493) sltiu   s1, tp, -1295
core   0: 3 0x800042c0 (0xaf123493) x 9 0x00000001
core   0: 0x800042c4 (0xe0302093) slti    ra, zero, -509
core   0: 3 0x800042c4 (0xe0302093) x 1 0x00000000
core   0: 0x800042c8 (0x40610f33) sub     t5, sp, t1
core   0: 3 0x800042c8 (0x40610f33) x30 0x00000000
core   0: 0x800042cc (0x031d0fb3) mul     t6, s10, a7
core   0: 3 0x800042cc (0x031d0fb3) x31 0x2543cb88
core   0: 0x800042d0 (0x030d70b3) remu    ra, s10, a6
core   0: 3 0x800042d0 (0x030d70b3) x 1 0x7ffe701e
core   0: 0x800042d4 (0x013b6f33) or      t5, s6, s3
core   0: 3 0x800042d4 (0x013b6f33) x30 0x0000036b
core   0: 0x800042d8 (0x00c5d613) srli    a2, a1, 12
core   0: 3 0x800042d8 (0x00c5d613) x12 0x000ae4ae
core   0: 0x800042dc (0x00d0ab33) slt     s6, ra, a3
core   0: 3 0x800042dc (0x00d0ab33) x22 0x00000000
core   0: 0x800042e0 (0x006904b3) add     s1, s2, t1
core   0: 3 0x800042e0 (0x006904b3) x 9 0xfffffa28
core   0: 0x800042e4 (0x3e1cb213) sltiu   tp, s9, 993
core   0: 3 0x800042e4 (0x3e1cb213) x 4 0x00000001
core   0: 0x800042e8 (0x01481d13) slli    s10, a6, 20
core   0: 3 0x800042e8 (0x01481d13) x26 0xe6400000
core   0: 0x800042ec (0x8ac7ef93) ori     t6, a5, -1876
core   0: 3 0x800042ec (0x8ac7ef93) x31 0xfffffcff
core   0: 0x800042f0 (0x02d1a8b3) mulhsu  a7, gp, a3
core   0: 3 0x800042f0 (0x02d1a8b3) x17 0x00000000
core   0: 0x800042f4 (0x0206dd33) divu    s10, a3, zero
core   0: 3 0x800042f4 (0x0206dd33) x26 0xffffffff
core   0: 0x800042f8 (0x00000013) nop
core   0: 3 0x800042f8 (0x00000013)
core   0: 0x800042fc (0x24257213) andi    tp, a0, 578
core   0: 3 0x800042fc (0x24257213) x 4 0x00000200
core   0: 0x80004300 (0x00251033) sll     zero, a0, sp
core   0: 3 0x80004300 (0x00251033)
core   0: 0x80004304 (0x40578bb3) sub     s7, a5, t0
core   0: 3 0x80004304 (0x40578bb3) x23 0x12b13457
core   0: 0x80004308 (0x029e9d33) mulh    s10, t4, s1
core   0: 3 0x80004308 (0x029e9d33) x26 0x000000a4
core   0: 0x8000430c (0x01b64733) xor     a4, a2, s11
core   0: 3 0x8000430c (0x01b64733) x14 0x800b684a
core   0: 0x80004310 (0xc301a913) slti    s2, gp, -976
core   0: 3 0x80004310 (0xc301a913) x18 0x00000000
core   0: 0x80004314 (0x014d11b3) sll     gp, s10, s4
core   0: 3 0x80004314 (0x014d11b3) x 3 0x000000a4
core   0: 0x80004318 (0x00000013) nop
core   0: 3 0x80004318 (0x00000013)
core   0: 0x8000431c (0x005a5eb3) srl     t4, s4, t0
core   0: 3 0x8000431c (0x005a5eb3) x29 0x00000000
core   0: 0x80004320 (0x0162bf33) sltu    t5, t0, s6
core   0: 3 0x80004320 (0x0162bf33) x30 0x00000000
core   0: 0x80004324 (0x01193433) sltu    s0, s2, a7
core   0: 3 0x80004324 (0x01193433) x 8 0x00000000
core   0: 0x80004328 (0xb81a4413) xori    s0, s4, -1151
core   0: 3 0x80004328 (0xb81a4413) x 8 0xfffffb81
core   0: 0x8000432c (0x5263a593) slti    a1, t2, 1318
core   0: 3 0x8000432c (0x5263a593) x11 0x00000001
core   0: 0x80004330 (0x02b9b1b3) mulhu   gp, s3, a1
core   0: 3 0x80004330 (0x02b9b1b3) x 3 0x00000000
core   0: 0x80004334 (0x0019de33) srl     t3, s3, ra
core   0: 3 0x80004334 (0x0019de33) x28 0x00000000
core   0: 0x80004338 (0x39923293) sltiu   t0, tp, 921
core   0: 3 0x80004338 (0x39923293) x 5 0x00000001
core   0: 0x8000433c (0x02525b33) divu    s6, tp, t0
core   0: 3 0x8000433c (0x02525b33) x22 0x00000200
core   0: 0x80004340 (0x007fc0b3) xor     ra, t6, t2
core   0: 3 0x80004340 (0x007fc0b3) x 1 0xfffffcff
core   0: 0x80004344 (0x02a55eb3) divu    t4, a0, a0
core   0: 3 0x80004344 (0x02a55eb3) x29 0x00000001
core   0: 0x80004348 (0x0225f1b3) remu    gp, a1, sp
core   0: 3 0x80004348 (0x0225f1b3) x 3 0x00000001
core   0: 0x8000434c (0xef194013) xori    zero, s2, -271
core   0: 3 0x8000434c (0xef194013)
core   0: 0x80004350 (0x039b7d33) remu    s10, s6, s9
core   0: 3 0x80004350 (0x039b7d33) x26 0x00000200
core   0: 0x80004354 (0x005ef5b3) and     a1, t4, t0
core   0: 3 0x80004354 (0x005ef5b3) x11 0x00000001
core   0: 0x80004358 (0x0387d433) divu    s0, a5, s8
core   0: 3 0x80004358 (0x0387d433) x 8 0x00000000
core   0: 0x8000435c (0x006c9c13) slli    s8, s9, 6
core   0: 3 0x8000435c (0x006c9c13) x24 0x00000000
core   0: 0x80004360 (0x40f856b3) sra     a3, a6, a5
core   0: 3 0x80004360 (0x40f856b3) x13 0xffffff00
core   0: 0x80004364 (0x002dc333) xor     t1, s11, sp
core   0: 3 0x80004364 (0x002dc333) x 6 0x80018ce4
core   0: 0x80004368 (0x03eea8b3) mulhsu  a7, t4, t5
core   0: 3 0x80004368 (0x03eea8b3) x17 0x00000000
core   0: 0x8000436c (0x00f97d33) and     s10, s2, a5
core   0: 3 0x8000436c (0x00f97d33) x26 0x00000000
core   0: 0x80004370 (0xcaabcc93) xori    s9, s7, -854
core   0: 3 0x80004370 (0xcaabcc93) x25 0xed4ec8fd
core   0: 0x80004374 (0x0085f733) and     a4, a1, s0
core   0: 3 0x80004374 (0x0085f733) x14 0x00000000
core   0: 0x80004378 (0xa0074113) xori    sp, a4, -1536
core   0: 3 0x80004378 (0xa0074113) x 2 0xfffffa00
core   0: 0x8000437c (0xe409eb13) ori     s6, s3, -448
core   0: 3 0x8000437c (0xe409eb13) x22 0xfffffe4b
core   0: 0x80004380 (0xf6aee037) lui     zero, 0xf6aee
core   0: 3 0x80004380 (0xf6aee037)
core   0: 0x80004384 (0x77edf237) lui     tp, 0x77edf
core   0: 3 0x80004384 (0x77edf237) x 4 0x77edf000
core   0: 0x80004388 (0x03734b13) xori    s6, t1, 55
core   0: 3 0x80004388 (0x03734b13) x22 0x80018cd3
core   0: 0x8000438c (0x4b096e13) ori     t3, s2, 1200
core   0: 3 0x8000438c (0x4b096e13) x28 0x000004b0
core   0: 0x80004390 (0x031cf8b3) remu    a7, s9, a7
core   0: 3 0x80004390 (0x031cf8b3) x17 0xed4ec8fd
core   0: 0x80004394 (0x31503b93) sltiu   s7, zero, 789
core   0: 3 0x80004394 (0x31503b93) x23 0x00000001
core   0: 0x80004398 (0x01f716b3) sll     a3, a4, t6
core   0: 3 0x80004398 (0x01f716b3) x13 0x00000000
core   0: 0x8000439c (0x413edf93) srai    t6, t4, 19
core   0: 3 0x8000439c (0x413edf93) x31 0x00000000
core   0: 0x800043a0 (0x95eae793) ori     a5, s5, -1698
core   0: 3 0x800043a0 (0x95eae793) x15 0xfffff95e
core   0: 0x800043a4 (0xa2953193) sltiu   gp, a0, -1495
core   0: 3 0x800043a4 (0xa2953193) x 3 0x00000001
core   0: 0x800043a8 (0x413c8c13) addi    s8, s9, 1043
core   0: 3 0x800043a8 (0x413c8c13) x24 0xed4ecd10
core   0: 0x800043ac (0x03dd04b3) mul     s1, s10, t4
core   0: 3 0x800043ac (0x03dd04b3) x 9 0x00000000
core   0: 0x800043b0 (0x03b76633) rem     a2, a4, s11
core   0: 3 0x800043b0 (0x03b76633) x12 0x00000000
core   0: 0x800043b4 (0x020c80b3) mul     ra, s9, zero
core   0: 3 0x800043b4 (0x020c80b3) x 1 0x00000000
core   0: 0x800043b8 (0x0b535bb7) lui     s7, 0xb535
core   0: 3 0x800043b8 (0x0b535bb7) x23 0x0b535000
core   0: 0x800043bc (0x3b4a7893) andi    a7, s4, 948
core   0: 3 0x800043bc (0x3b4a7893) x17 0x00000000
core   0: 0x800043c0 (0x4ee94193) xori    gp, s2, 1262
core   0: 3 0x800043c0 (0x4ee94193) x 3 0x000004ee
core   0: 0x800043c4 (0x00df3d13) sltiu   s10, t5, 13
core   0: 3 0x800043c4 (0x00df3d13) x26 0x00000001
core   0: 0x800043c8 (0x011b9c13) slli    s8, s7, 17
core   0: 3 0x800043c8 (0x011b9c13) x24 0xa0000000
core   0: 0x800043cc (0x8ad22a93) slti    s5, tp, -1875
core   0: 3 0x800043cc (0x8ad22a93) x21 0x00000000
core   0: 0x800043d0 (0x409ed5b3) sra     a1, t4, s1
core   0: 3 0x800043d0 (0x409ed5b3) x11 0x00000001
core   0: 0x800043d4 (0x0251dbb3) divu    s7, gp, t0
core   0: 3 0x800043d4 (0x0251dbb3) x23 0x000004ee
core   0: 0x800043d8 (0x025c5ab3) divu    s5, s8, t0
core   0: 3 0x800043d8 (0x025c5ab3) x21 0xa0000000
core   0: 0x800043dc (0x3e74c593) xori    a1, s1, 999
core   0: 3 0x800043dc (0x3e74c593) x11 0x000003e7
core   0: 0x800043e0 (0xb8a74313) xori    t1, a4, -1142
core   0: 3 0x800043e0 (0xb8a74313) x 6 0xfffffb8a
core   0: 0x800043e4 (0x86056513) ori     a0, a0, -1952
core   0: 3 0x800043e4 (0x86056513) x10 0xfffffe60
core   0: 0x800043e8 (0x01339933) sll     s2, t2, s3
core   0: 3 0x800043e8 (0x01339933) x18 0x00000000
core   0: 0x800043ec (0xe5799297) auipc   t0, 0xe5799
core   0: 3 0x800043ec (0xe5799297) x 5 0x6579d3ec
core   0: 0x800043f0 (0x03557e33) remu    t3, a0, s5
core   0: 3 0x800043f0 (0x03557e33) x28 0x5ffffe60
core   0: 0x800043f4 (0x00a1d193) srli    gp, gp, 10
core   0: 3 0x800043f4 (0x00a1d193) x 3 0x00000001
core   0: 0x800043f8 (0x512aec93) ori     s9, s5, 1298
core   0: 3 0x800043f8 (0x512aec93) x25 0xa0000512
core   0: 0x800043fc (0x00004933) xor     s2, zero, zero
core   0: 3 0x800043fc (0x00004933) x18 0x00000000
core   0: 0x80004400 (0x41895593) srai    a1, s2, 24
core   0: 3 0x80004400 (0x41895593) x11 0x00000000
core   0: 0x80004404 (0x02cebfb3) mulhu   t6, t4, a2
core   0: 3 0x80004404 (0x02cebfb3) x31 0x00000000
core   0: 0x80004408 (0x02a58bb3) mul     s7, a1, a0
core   0: 3 0x80004408 (0x02a58bb3) x23 0x00000000
core   0: 0x8000440c (0x55bb0893) addi    a7, s6, 1371
core   0: 3 0x8000440c (0x55bb0893) x17 0x8001922e
core   0: 0x80004410 (0x34e90e13) addi    t3, s2, 846
core   0: 3 0x80004410 (0x34e90e13) x28 0x0000034e
core   0: 0x80004414 (0xda07e613) ori     a2, a5, -608
core   0: 3 0x80004414 (0xda07e613) x12 0xfffffdfe
core   0: 0x80004418 (0x01aae033) or      zero, s5, s10
core   0: 3 0x80004418 (0x01aae033)
core   0: 0x8000441c (0x00448033) add     zero, s1, tp
core   0: 3 0x8000441c (0x00448033)
core   0: 0x80004420 (0x01a10433) add     s0, sp, s10
core   0: 3 0x80004420 (0x01a10433) x 8 0xfffffa01
core   0: 0x80004424 (0x4199d493) srai    s1, s3, 25
core   0: 3 0x80004424 (0x4199d493) x 9 0x00000000
core   0: 0x80004428 (0x8bf33c37) lui     s8, 0x8bf33
core   0: 3 0x80004428 (0x8bf33c37) x24 0x8bf33000
core   0: 0x8000442c (0x408b5bb3) sra     s7, s6, s0
core   0: 3 0x8000442c (0x408b5bb3) x23 0xc000c669
core   0: 0x80004430 (0x02803ab3) mulhu   s5, zero, s0
core   0: 3 0x80004430 (0x02803ab3) x21 0x00000000
core   0: 0x80004434 (0x02704933) div     s2, zero, t2
core   0: 3 0x80004434 (0x02704933) x18 0xffffffff
core   0: 0x80004438 (0x41d68e33) sub     t3, a3, t4
core   0: 3 0x80004438 (0x41d68e33) x28 0xffffffff
core   0: 0x8000443c (0x00332a33) slt     s4, t1, gp
core   0: 3 0x8000443c (0x00332a33) x20 0x00000001
core   0: 0x80004440 (0xb92db713) sltiu   a4, s11, -1134
core   0: 3 0x80004440 (0xb92db713) x14 0x00000001
core   0: 0x80004444 (0x40e35513) srai    a0, t1, 14
core   0: 3 0x80004444 (0x40e35513) x10 0xffffffff
core   0: 0x80004448 (0x009b9713) slli    a4, s7, 9
core   0: 3 0x80004448 (0x009b9713) x14 0x018cd200
core   0: 0x8000444c (0x039382b3) mul     t0, t2, s9
core   0: 3 0x8000444c (0x039382b3) x 5 0x00000000
core   0: 0x80004450 (0x40afde33) sra     t3, t6, a0
core   0: 3 0x80004450 (0x40afde33) x28 0x00000000
core   0: 0x80004454 (0xde97f313) andi    t1, a5, -535
core   0: 3 0x80004454 (0xde97f313) x 6 0xfffff948
core   0: 0x80004458 (0x025420b3) mulhsu  ra, s0, t0
core   0: 3 0x80004458 (0x025420b3) x 1 0x00000000
core   0: 0x8000445c (0x03130033) mul     zero, t1, a7
core   0: 3 0x8000445c (0x03130033)
core   0: 0x80004460 (0x01df40b3) xor     ra, t5, t4
core   0: 3 0x80004460 (0x01df40b3) x 1 0x00000001
core   0: 0x80004464 (0x03db76b3) remu    a3, s6, t4
core   0: 3 0x80004464 (0x03db76b3) x13 0x00000000
core   0: 0x80004468 (0x030191b3) mulh    gp, gp, a6
core   0: 3 0x80004468 (0x030191b3) x 3 0xffffffff
core   0: 0x8000446c (0x61c6ab13) slti    s6, a3, 1564
core   0: 3 0x8000446c (0x61c6ab13) x22 0x00000001
core   0: 0x80004470 (0x5a398913) addi    s2, s3, 1443
core   0: 3 0x80004470 (0x5a398913) x18 0x000005ae
core   0: 0x80004474 (0xaa184137) lui     sp, 0xaa184
core   0: 3 0x80004474 (0xaa184137) x 2 0xaa184000
core   0: 0x80004478 (0xe3dee693) ori     a3, t4, -451
core   0: 3 0x80004478 (0xe3dee693) x13 0xfffffe3d
core   0: 0x8000447c (0x01bf9893) slli    a7, t6, 27
core   0: 3 0x8000447c (0x01bf9893) x17 0x00000000
core   0: 0x80004480 (0x00b23f33) sltu    t5, tp, a1
core   0: 3 0x80004480 (0x00b23f33) x30 0x00000000
core   0: 0x80004484 (0xa5233013) sltiu   zero, t1, -1454
core   0: 3 0x80004484 (0xa5233013)
core   0: 0x80004488 (0x0187e333) or      t1, a5, s8
core   0: 3 0x80004488 (0x0187e333) x 6 0xfffff95e
core   0: 0x8000448c (0x00359313) slli    t1, a1, 3
core   0: 3 0x8000448c (0x00359313) x 6 0x00000000
core   0: 0x80004490 (0x41b80e33) sub     t3, a6, s11
core   0: 3 0x80004490 (0x41b80e33) x28 0xffffc180
core   0: 0x80004494 (0x0123efb3) or      t6, t2, s2
core   0: 3 0x80004494 (0x0123efb3) x31 0x000005ae
core   0: 0x80004498 (0x008bd2b3) srl     t0, s7, s0
core   0: 3 0x80004498 (0x008bd2b3) x 5 0x60006334
core   0: 0x8000449c (0xe7144f93) xori    t6, s0, -399
core   0: 3 0x8000449c (0xe7144f93) x31 0x00000470
core   0: 0x800044a0 (0x00903fb3) snez    t6, s1
core   0: 3 0x800044a0 (0x00903fb3) x31 0x00000000
core   0: 0x800044a4 (0x4f0db913) sltiu   s2, s11, 1264
core   0: 3 0x800044a4 (0x4f0db913) x18 0x00000000
core   0: 0x800044a8 (0xf3f37913) andi    s2, t1, -193
core   0: 3 0x800044a8 (0xf3f37913) x18 0x00000000
core   0: 0x800044ac (0x02aa1433) mulh    s0, s4, a0
core   0: 3 0x800044ac (0x02aa1433) x 8 0xffffffff
core   0: 0x800044b0 (0x011d1593) slli    a1, s10, 17
core   0: 3 0x800044b0 (0x011d1593) x11 0x00020000
core   0: 0x800044b4 (0x41acd233) sra     tp, s9, s10
core   0: 3 0x800044b4 (0x41acd233) x 4 0xd0000289
core   0: 0x800044b8 (0x0147a633) slt     a2, a5, s4
core   0: 3 0x800044b8 (0x0147a633) x12 0x00000001
core   0: 0x800044bc (0x015de2b3) or      t0, s11, s5
core   0: 3 0x800044bc (0x015de2b3) x 5 0x80018ce4
core   0: 0x800044c0 (0xb99c1497) auipc   s1, 0xb99c1
core   0: 3 0x800044c0 (0xb99c1497) x 9 0x399c54c0
core   0: 0x800044c4 (0x02175a33) divu    s4, a4, ra
core   0: 3 0x800044c4 (0x02175a33) x20 0x018cd200
core   0: 0x800044c8 (0x01ebf233) and     tp, s7, t5
core   0: 3 0x800044c8 (0x01ebf233) x 4 0x00000000
core   0: 0x800044cc (0x021583b3) mul     t2, a1, ra
core   0: 3 0x800044cc (0x021583b3) x 7 0x00020000
core   0: 0x800044d0 (0xc65fd617) auipc   a2, 0xc65fd
core   0: 3 0x800044d0 (0xc65fd617) x12 0x466014d0
core   0: 0x800044d4 (0x025fea33) rem     s4, t6, t0
core   0: 3 0x800044d4 (0x025fea33) x20 0x00000000
core   0: 0x800044d8 (0x6f8ec513) xori    a0, t4, 1784
core   0: 3 0x800044d8 (0x6f8ec513) x10 0x000006f9
core   0: 0x800044dc (0x004a4fb3) xor     t6, s4, tp
core   0: 3 0x800044dc (0x004a4fb3) x31 0x00000000
core   0: 0x800044e0 (0x00000013) nop
core   0: 3 0x800044e0 (0x00000013)
core   0: 0x800044e4 (0x01b012b3) sll     t0, zero, s11
core   0: 3 0x800044e4 (0x01b012b3) x 5 0x00000000
core   0: 0x800044e8 (0x41b3d933) sra     s2, t2, s11
core   0: 3 0x800044e8 (0x41b3d933) x18 0x00002000
core   0: 0x800044ec (0x8ac42393) slti    t2, s0, -1876
core   0: 3 0x800044ec (0x8ac42393) x 7 0x00000000
core   0: 0x800044f0 (0x26d77f13) andi    t5, a4, 621
core   0: 3 0x800044f0 (0x26d77f13) x30 0x00000200
core   0: 0x800044f4 (0x40a5d133) sra     sp, a1, a0
core   0: 3 0x800044f4 (0x40a5d133) x 2 0x00000000
core   0: 0x800044f8 (0x718a8b13) addi    s6, s5, 1816
core   0: 3 0x800044f8 (0x718a8b13) x22 0x00000718
core   0: 0x800044fc (0x01481313) slli    t1, a6, 20
core   0: 3 0x800044fc (0x01481313) x 6 0xe6400000
core   0: 0x80004500 (0x0240ff33) remu    t5, ra, tp
core   0: 3 0x80004500 (0x0240ff33) x30 0x00000001
core   0: 0x80004504 (0x002c9433) sll     s0, s9, sp
core   0: 3 0x80004504 (0x002c9433) x 8 0xa0000512
core   0: 0x80004508 (0x02dde8b3) rem     a7, s11, a3
core   0: 3 0x80004508 (0x02dde8b3) x17 0xffffff8d
core   0: 0x8000450c (0x113b3a17) auipc   s4, 0x113b3
core   0: 3 0x8000450c (0x113b3a17) x20 0x913b750c
core   0: 0x80004510 (0x406b5193) srai    gp, s6, 6
core   0: 3 0x80004510 (0x406b5193) x 3 0x0000001c
core   0: 0x80004514 (0x00f4ed33) or      s10, s1, a5
core   0: 3 0x80004514 (0x00f4ed33) x26 0xfffffdde
core   0: 0x80004518 (0x02a2d4b3) divu    s1, t0, a0
core   0: 3 0x80004518 (0x02a2d4b3) x 9 0x00000000
core   0: 0x8000451c (0xda213a93) sltiu   s5, sp, -606
core   0: 3 0x8000451c (0xda213a93) x21 0x00000001
core   0: 0x80004520 (0x10d3ac13) slti    s8, t2, 269
core   0: 3 0x80004520 (0x10d3ac13) x24 0x00000001
core   0: 0x80004524 (0x02e2a5b3) mulhsu  a1, t0, a4
core   0: 3 0x80004524 (0x02e2a5b3) x11 0x00000000
core   0: 0x80004528 (0x03790ab3) mul     s5, s2, s7
core   0: 3 0x80004528 (0x03790ab3) x21 0x18cd2000
core   0: 0x8000452c (0x00f846b3) xor     a3, a6, a5
core   0: 3 0x8000452c (0x00f846b3) x13 0x7ffeb73a
core   0: 0x80004530 (0x010e9133) sll     sp, t4, a6
core   0: 3 0x80004530 (0x010e9133) x 2 0x00000010
core   0: 0x80004534 (0x1ddb3b13) sltiu   s6, s6, 477
core   0: 3 0x80004534 (0x1ddb3b13) x22 0x00000000
core   0: 0x80004538 (0x018e95b3) sll     a1, t4, s8
core   0: 3 0x80004538 (0x018e95b3) x11 0x00000002
core   0: 0x8000453c (0x02d21333) mulh    t1, tp, a3
core   0: 3 0x8000453c (0x02d21333) x 6 0x00000000
core   0: 0x80004540 (0x71f23493) sltiu   s1, tp, 1823
core   0: 3 0x80004540 (0x71f23493) x 9 0x00000001
core   0: 0x80004544 (0x01313e33) sltu    t3, sp, s3
core   0: 3 0x80004544 (0x01313e33) x28 0x00000000
core   0: 0x80004548 (0x001381b3) add     gp, t2, ra
core   0: 3 0x80004548 (0x001381b3) x 3 0x00000001
core   0: 0x8000454c (0x01ad7333) and     t1, s10, s10
core   0: 3 0x8000454c (0x01ad7333) x 6 0xfffffdde
core   0: 0x80004550 (0x00e54eb3) xor     t4, a0, a4
core   0: 3 0x80004550 (0x00e54eb3) x29 0x018cd4f9
core   0: 0x80004554 (0x000be4b3) or      s1, s7, zero
core   0: 3 0x80004554 (0x000be4b3) x 9 0xc000c669
core   0: 0x80004558 (0x00db0bb3) add     s7, s6, a3
core   0: 3 0x80004558 (0x00db0bb3) x23 0x7ffeb73a
core   0: 0x8000455c (0x402e0eb3) sub     t4, t3, sp
core   0: 3 0x8000455c (0x402e0eb3) x29 0xfffffff0
core   0: 0x80004560 (0x02a62f33) mulhsu  t5, a2, a0
core   0: 3 0x80004560 (0x02a62f33) x30 0x000001ea
core   0: 0x80004564 (0x605a0893) addi    a7, s4, 1541
core   0: 3 0x80004564 (0x605a0893) x17 0x913b7b11
core   0: 0x80004568 (0x00d61f93) slli    t6, a2, 13
core   0: 3 0x80004568 (0x00d61f93) x31 0x029a0000
core   0: 0x8000456c (0xb4597493) andi    s1, s2, -1211
core   0: 3 0x8000456c (0xb4597493) x 9 0x00002000
core   0: 0x80004570 (0x02f10133) mul     sp, sp, a5
core   0: 3 0x80004570 (0x02f10133) x 2 0xffff95e0
core   0: 0x80004574 (0x010045b3) xor     a1, zero, a6
core   0: 3 0x80004574 (0x010045b3) x11 0x80014e64
core   0: 0x80004578 (0x03d815b3) mulh    a1, a6, t4
core   0: 3 0x80004578 (0x03d815b3) x11 0x00000007
core   0: 0x8000457c (0x47ce3d13) sltiu   s10, t3, 1148
core   0: 3 0x8000457c (0x47ce3d13) x26 0x00000001
core   0: 0x80004580 (0x40bb0533) sub     a0, s6, a1
core   0: 3 0x80004580 (0x40bb0533) x10 0xfffffff9
core   0: 0x80004584 (0x00a41bb3) sll     s7, s0, a0
core   0: 3 0x80004584 (0x00a41bb3) x23 0x24000000
core   0: 0x80004588 (0x409edfb3) sra     t6, t4, s1
core   0: 3 0x80004588 (0x409edfb3) x31 0xfffffff0
core   0: 0x8000458c (0x00235f93) srli    t6, t1, 2
core   0: 3 0x8000458c (0x00235f93) x31 0x3fffff77
core   0: 0x80004590 (0x03034cb3) div     s9, t1, a6
core   0: 3 0x80004590 (0x03034cb3) x25 0x00000000
core   0: 0x80004594 (0xdd1e3593) sltiu   a1, t3, -559
core   0: 3 0x80004594 (0xdd1e3593) x11 0x00000001
core   0: 0x80004598 (0x02404233) div     tp, zero, tp
core   0: 3 0x80004598 (0x02404233) x 4 0xffffffff
core   0: 0x8000459c (0x26b5bb93) sltiu   s7, a1, 619
core   0: 3 0x8000459c (0x26b5bb93) x23 0x00000001
core   0: 0x800045a0 (0x67417f37) lui     t5, 0x67417
core   0: 3 0x800045a0 (0x67417f37) x30 0x67417000
core   0: 0x800045a4 (0x20d3c893) xori    a7, t2, 525
core   0: 3 0x800045a4 (0x20d3c893) x17 0x0000020d
core   0: 0x800045a8 (0xc7156c93) ori     s9, a0, -911
core   0: 3 0x800045a8 (0xc7156c93) x25 0xfffffff9
core   0: 0x800045ac (0x00d55313) srli    t1, a0, 13
core   0: 3 0x800045ac (0x00d55313) x 6 0x0007ffff
core   0: 0x800045b0 (0x41b0d413) srai    s0, ra, 27
core   0: 3 0x800045b0 (0x41b0d413) x 8 0x00000000
core   0: 0x800045b4 (0x91f10e93) addi    t4, sp, -1761
core   0: 3 0x800045b4 (0x91f10e93) x29 0xffff8eff
core   0: 0x800045b8 (0x08923eb7) lui     t4, 0x8923
core   0: 3 0x800045b8 (0x08923eb7) x29 0x08923000
core   0: 0x800045bc (0x03cb40b3) div     ra, s6, t3
core   0: 3 0x800045bc (0x03cb40b3) x 1 0xffffffff
core   0: 0x800045c0 (0x82a7c493) xori    s1, a5, -2006
core   0: 3 0x800045c0 (0x82a7c493) x 9 0x00000174
core   0: 0x800045c4 (0x011ddf93) srli    t6, s11, 17
core   0: 3 0x800045c4 (0x011ddf93) x31 0x00004000
core   0: 0x800045c8 (0x0091e1b3) or      gp, gp, s1
core   0: 3 0x800045c8 (0x0091e1b3) x 3 0x00000175
core   0: 0x800045cc (0x03dd2bb3) mulhsu  s7, s10, t4
core   0: 3 0x800045cc (0x03dd2bb3) x23 0x00000000
core   0: 0x800045d0 (0x24ed3713) sltiu   a4, s10, 590
core   0: 3 0x800045d0 (0x24ed3713) x14 0x00000001
core   0: 0x800045d4 (0x00000013) nop
core   0: 3 0x800045d4 (0x00000013)
core   0: 0x800045d8 (0x03f8a5b3) mulhsu  a1, a7, t6
core   0: 3 0x800045d8 (0x03f8a5b3) x11 0x00000000
core   0: 0x800045dc (0x289d4213) xori    tp, s10, 649
core   0: 3 0x800045dc (0x289d4213) x 4 0x00000288
core   0: 0x800045e0 (0x00842f33) slt     t5, s0, s0
core   0: 3 0x800045e0 (0x00842f33) x30 0x00000000
core   0: 0x800045e4 (0x011c5f93) srli    t6, s8, 17
core   0: 3 0x800045e4 (0x011c5f93) x31 0x00000000
core   0: 0x800045e8 (0x00f363b3) or      t2, t1, a5
core   0: 3 0x800045e8 (0x00f363b3) x 7 0xffffffff
core   0: 0x800045ec (0xccf8deb7) lui     t4, 0xccf8d
core   0: 3 0x800045ec (0xccf8deb7) x29 0xccf8d000
core   0: 0x800045f0 (0x2b9d2593) slti    a1, s10, 697
core   0: 3 0x800045f0 (0x2b9d2593) x11 0x00000001
core   0: 0x800045f4 (0xf3f6fe13) andi    t3, a3, -193
core   0: 3 0x800045f4 (0xf3f6fe13) x28 0x7ffeb73a
core   0: 0x800045f8 (0x0301b2b3) mulhu   t0, gp, a6
core   0: 3 0x800045f8 (0x0301b2b3) x 5 0x000000ba
core   0: 0x800045fc (0x03a51733) mulh    a4, a0, s10
core   0: 3 0x800045fc (0x03a51733) x14 0xffffffff
core   0: 0x80004600 (0x0171e533) or      a0, gp, s7
core   0: 3 0x80004600 (0x0171e533) x10 0x00000175
core   0: 0x80004604 (0x0014bc33) sltu    s8, s1, ra
core   0: 3 0x80004604 (0x0014bc33) x24 0x00000001
core   0: 0x80004608 (0x02e81033) mulh    zero, a6, a4
core   0: 3 0x80004608 (0x02e81033)
core   0: 0x8000460c (0x413280b3) sub     ra, t0, s3
core   0: 3 0x8000460c (0x413280b3) x 1 0x000000af
core   0: 0x80004610 (0x034b8633) mul     a2, s7, s4
core   0: 3 0x80004610 (0x034b8633) x12 0x00000000
core   0: 0x80004614 (0x02f0c0b3) div     ra, ra, a5
core   0: 3 0x80004614 (0x02f0c0b3) x 1 0x00000000
core   0: 0x80004618 (0x13826c17) auipc   s8, 0x13826
core   0: 3 0x80004618 (0x13826c17) x24 0x9382a618
core   0: 0x8000461c (0x02fc3cb3) mulhu   s9, s8, a5
core   0: 3 0x8000461c (0x02fc3cb3) x25 0x9382a245
core   0: 0x80004620 (0x01f89633) sll     a2, a7, t6
core   0: 3 0x80004620 (0x01f89633) x12 0x0000020d
core   0: 0x80004624 (0xb62a2713) slti    a4, s4, -1182
core   0: 3 0x80004624 (0xb62a2713) x14 0x00000001
core   0: 0x80004628 (0x00000013) nop
core   0: 3 0x80004628 (0x00000013)
core   0: 0x8000462c (0x02f294b3) mulh    s1, t0, a5
core   0: 3 0x8000462c (0x02f294b3) x 9 0xffffffff
core   0: 0x80004630 (0x00000013) nop
core   0: 3 0x80004630 (0x00000013)
core   0: 0x80004634 (0x2603e793) ori     a5, t2, 608
core   0: 3 0x80004634 (0x2603e793) x15 0xffffffff
core   0: 0x80004638 (0x006a1893) slli    a7, s4, 6
core   0: 3 0x80004638 (0x006a1893) x17 0x4edd4300
core   0: 0x8000463c (0x28058c13) addi    s8, a1, 640
core   0: 3 0x8000463c (0x28058c13) x24 0x00000281
core   0: 0x80004640 (0xf73be913) ori     s2, s7, -141
core   0: 3 0x80004640 (0xf73be913) x18 0xffffff73
core   0: 0x80004644 (0x98b77a13) andi    s4, a4, -1653
core   0: 3 0x80004644 (0x98b77a13) x20 0x00000001
core   0: 0x80004648 (0x00588cb3) add     s9, a7, t0
core   0: 3 0x80004648 (0x00588cb3) x25 0x4edd43ba
core   0: 0x8000464c (0x00f574b3) and     s1, a0, a5
core   0: 3 0x8000464c (0x00f574b3) x 9 0x00000175
core   0: 0x80004650 (0x026b2c33) mulhsu  s8, s6, t1
core   0: 3 0x80004650 (0x026b2c33) x24 0x00000000
core   0: 0x80004654 (0x007f6933) or      s2, t5, t2
core   0: 3 0x80004654 (0x007f6933) x18 0xffffffff
core   0: 0x80004658 (0x01de96b3) sll     a3, t4, t4
core   0: 3 0x80004658 (0x01de96b3) x13 0xccf8d000
core   0: 0x8000465c (0x028bb0b3) mulhu   ra, s7, s0
core   0: 3 0x8000465c (0x028bb0b3) x 1 0x00000000
core   0: 0x80004660 (0x0262ffb3) remu    t6, t0, t1
core   0: 3 0x80004660 (0x0262ffb3) x31 0x000000ba
core   0: 0x80004664 (0x0045af33) slt     t5, a1, tp
core   0: 3 0x80004664 (0x0045af33) x30 0x00000001
core   0: 0x80004668 (0x03736f33) rem     t5, t1, s7
core   0: 3 0x80004668 (0x03736f33) x30 0x0007ffff
core   0: 0x8000466c (0x41a98533) sub     a0, s3, s10
core   0: 3 0x8000466c (0x41a98533) x10 0x0000000a
core   0: 0x80004670 (0x00c71113) slli    sp, a4, 12
core   0: 3 0x80004670 (0x00c71113) x 2 0x00001000
core   0: 0x80004674 (0xa2abe713) ori     a4, s7, -1494
core   0: 3 0x80004674 (0xa2abe713) x14 0xfffffa2a
core   0: 0x80004678 (0x6bb5b337) lui     t1, 0x6bb5b
core   0: 3 0x80004678 (0x6bb5b337) x 6 0x6bb5b000
core   0: 0x8000467c (0x011aeb33) or      s6, s5, a7
core   0: 3 0x8000467c (0x011aeb33) x22 0x5edd6300
core   0: 0x80004680 (0x407ddbb3) sra     s7, s11, t2
core   0: 3 0x80004680 (0x407ddbb3) x23 0xffffffff
core   0: 0x80004684 (0x006bb033) sltu    zero, s7, t1
core   0: 3 0x80004684 (0x006bb033)
core   0: 0x80004688 (0x0046b1b3) sltu    gp, a3, tp
core   0: 3 0x80004688 (0x0046b1b3) x 3 0x00000000
core   0: 0x8000468c (0x01f5f133) and     sp, a1, t6
core   0: 3 0x8000468c (0x01f5f133) x 2 0x00000000
core   0: 0x80004690 (0x408e55b3) sra     a1, t3, s0
core   0: 3 0x80004690 (0x408e55b3) x11 0x7ffeb73a
core   0: 0x80004694 (0x31e8ea13) ori     s4, a7, 798
core   0: 3 0x80004694 (0x31e8ea13) x20 0x4edd431e
core   0: 0x80004698 (0x018aecb3) or      s9, s5, s8
core   0: 3 0x80004698 (0x018aecb3) x25 0x18cd2000
core   0: 0x8000469c (0x2405e493) ori     s1, a1, 576
core   0: 3 0x8000469c (0x2405e493) x 9 0x7ffeb77a
core   0: 0x800046a0 (0x4b6bf093) andi    ra, s7, 1206
core   0: 3 0x800046a0 (0x4b6bf093) x 1 0x000004b6
core   0: 0x800046a4 (0x6706ec17) auipc   s8, 0x6706e
core   0: 3 0x800046a4 (0x6706ec17) x24 0xe70726a4
core   0: 0x800046a8 (0x40cfda33) sra     s4, t6, a2
core   0: 3 0x800046a8 (0x40cfda33) x20 0x00000000
core   0: 0x800046ac (0x00000013) nop
core   0: 3 0x800046ac (0x00000013)
core   0: 0x800046b0 (0x2805e413) ori     s0, a1, 640
core   0: 3 0x800046b0 (0x2805e413) x 8 0x7ffeb7ba
core   0: 0x800046b4 (0x0332c933) div     s2, t0, s3
core   0: 3 0x800046b4 (0x0332c933) x18 0x00000010
core   0: 0x800046b8 (0xf9024a13) xori    s4, tp, -112
core   0: 3 0x800046b8 (0xf9024a13) x20 0xfffffd18
core   0: 0x800046bc (0x029d9bb3) mulh    s7, s11, s1
core   0: 3 0x800046bc (0x029d9bb3) x23 0xc0016ab3
core   0: 0x800046c0 (0x417e6a93) ori     s5, t3, 1047
core   0: 3 0x800046c0 (0x417e6a93) x21 0x7ffeb73f
core   0: 0x800046c4 (0x00d4d4b3) srl     s1, s1, a3
core   0: 3 0x800046c4 (0x00d4d4b3) x 9 0x7ffeb77a
core   0: 0x800046c8 (0x02c8b333) mulhu   t1, a7, a2
core   0: 3 0x800046c8 (0x02c8b333) x 6 0x000000a1
core   0: 0x800046cc (0x00110cb3) add     s9, sp, ra
core   0: 3 0x800046cc (0x00110cb3) x25 0x000004b6
core   0: 0x800046d0 (0x41135893) srai    a7, t1, 17
core   0: 3 0x800046d0 (0x41135893) x17 0x00000000
core   0: 0x800046d4 (0x01859d13) slli    s10, a1, 24
core   0: 3 0x800046d4 (0x01859d13) x26 0x3a000000
core   0: 0x800046d8 (0x00de2f33) slt     t5, t3, a3
core   0: 3 0x800046d8 (0x00de2f33) x30 0x00000000
core   0: 0x800046dc (0x029ccf33) div     t5, s9, s1
core   0: 3 0x800046dc (0x029ccf33) x30 0x00000000
core   0: 0x800046e0 (0x02adc8b3) div     a7, s11, a0
core   0: 3 0x800046e0 (0x02adc8b3) x17 0xf3335ae4
core   0: 0x800046e4 (0x2073ea37) lui     s4, 0x2073e
core   0: 3 0x800046e4 (0x2073ea37) x20 0x2073e000
core   0: 0x800046e8 (0x03cb9533) mulh    a0, s7, t3
core   0: 3 0x800046e8 (0x03cb9533) x10 0xe0010789
core   0: 0x800046ec (0x02723d33) mulhu   s10, tp, t2
core   0: 3 0x800046ec (0x02723d33) x26 0x00000287
core   0: 0x800046f0 (0x232e2113) slti    sp, t3, 562
core   0: 3 0x800046f0 (0x232e2113) x 2 0x00000000
core   0: 0x800046f4 (0xbedbe617) auipc   a2, 0xbedbe
core   0: 3 0x800046f4 (0xbedbe617) x12 0x3edc26f4
core   0: 0x800046f8 (0x031e4fb3) div     t6, t3, a7
core   0: 3 0x800046f8 (0x031e4fb3) x31 0xfffffff6
core   0: 0x800046fc (0x0138f8b3) and     a7, a7, s3
core   0: 3 0x800046fc (0x0138f8b3) x17 0x00000000
core   0: 0x80004700 (0x0ffd51b7) lui     gp, 0xffd5
core   0: 3 0x80004700 (0x0ffd51b7) x 3 0x0ffd5000
core   0: 0x80004704 (0x03796b33) rem     s6, s2, s7
core   0: 3 0x80004704 (0x03796b33) x22 0x00000010
core   0: 0x80004708 (0x01723d33) sltu    s10, tp, s7
core   0: 3 0x80004708 (0x01723d33) x26 0x00000001
core   0: 0x8000470c (0x00195a13) srli    s4, s2, 1
core   0: 3 0x8000470c (0x00195a13) x20 0x00000008
core   0: 0x80004710 (0x013e5713) srli    a4, t3, 19
core   0: 3 0x80004710 (0x013e5713) x14 0x00000fff
core   0: 0x80004714 (0x0027cc33) xor     s8, a5, sp
core   0: 3 0x80004714 (0x0027cc33) x24 0xffffffff
core   0: 0x80004718 (0x41b7da33) sra     s4, a5, s11
core   0: 3 0x80004718 (0x41b7da33) x20 0xffffffff
core   0: 0x8000471c (0x0288af33) mulhsu  t5, a7, s0
core   0: 3 0x8000471c (0x0288af33) x30 0x00000000
core   0: 0x80004720 (0x4049d333) sra     t1, s3, tp
core   0: 3 0x80004720 (0x4049d333) x 6 0x00000000
core   0: 0x80004724 (0x023e6333) rem     t1, t3, gp
core   0: 3 0x80004724 (0x023e6333) x 6 0x0014373a
core   0: 0x80004728 (0x0139bd33) sltu    s10, s3, s3
core   0: 3 0x80004728 (0x0139bd33) x26 0x00000000
core   0: 0x8000472c (0x967a4493) xori    s1, s4, -1689
core   0: 3 0x8000472c (0x967a4493) x 9 0x00000698
core   0: 0x80004730 (0x00895313) srli    t1, s2, 8
core   0: 3 0x80004730 (0x00895313) x 6 0x00000000
core   0: 0x80004734 (0x00161c33) sll     s8, a2, ra
core   0: 3 0x80004734 (0x00161c33) x24 0xbd000000
core   0: 0x80004738 (0x02f1f933) remu    s2, gp, a5
core   0: 3 0x80004738 (0x02f1f933) x18 0x0ffd5000
core   0: 0x8000473c (0x00000013) nop
core   0: 3 0x8000473c (0x00000013)
core   0: 0x80004740 (0x0f782693) slti    a3, a6, 247
core   0: 3 0x80004740 (0x0f782693) x13 0x00000001
core   0: 0x80004744 (0x02cb6a33) rem     s4, s6, a2
core   0: 3 0x80004744 (0x02cb6a33) x20 0x00000010
core   0: 0x80004748 (0x0288e133) rem     sp, a7, s0
core   0: 3 0x80004748 (0x0288e133) x 2 0x00000000
core   0: 0x8000474c (0x01df9e13) slli    t3, t6, 29
core   0: 3 0x8000474c (0x01df9e13) x28 0xc0000000
core   0: 0x80004750 (0x00061913) slli    s2, a2, 0
core   0: 3 0x80004750 (0x00061913) x18 0x3edc26f4
core   0: 0x80004754 (0x01418733) add     a4, gp, s4
core   0: 3 0x80004754 (0x01418733) x14 0x0ffd5010
core   0: 0x80004758 (0x02c57fb3) remu    t6, a0, a2
core   0: 3 0x80004758 (0x02c57fb3) x31 0x236c92ad
core   0: 0x8000475c (0x0251ba33) mulhu   s4, gp, t0
core   0: 3 0x8000475c (0x0251ba33) x20 0x0000000b
core   0: 0x80004760 (0x03c21bb3) mulh    s7, tp, t3
core   0: 3 0x80004760 (0x03c21bb3) x23 0xffffff5e
core   0: 0x80004764 (0xd88e7693) andi    a3, t3, -632
core   0: 3 0x80004764 (0xd88e7693) x13 0xc0000000
core   0: 0x80004768 (0x021b4fb3) div     t6, s6, ra
core   0: 3 0x80004768 (0x021b4fb3) x31 0x00000000
core   0: 0x8000476c (0x00000013) nop
core   0: 3 0x8000476c (0x00000013)
core   0: 0x80004770 (0x01c667b3) or      a5, a2, t3
core   0: 3 0x80004770 (0x01c667b3) x15 0xfedc26f4
core   0: 0x80004774 (0x01577a33) and     s4, a4, s5
core   0: 3 0x80004774 (0x01577a33) x20 0x0ffc1010
core   0: 0x80004778 (0x00dfa033) slt     zero, t6, a3
core   0: 3 0x80004778 (0x00dfa033)
core   0: 0x8000477c (0x01a87933) and     s2, a6, s10
core   0: 3 0x8000477c (0x01a87933) x18 0x00000000
core   0: 0x80004780 (0x00e6dc13) srli    s8, a3, 14
core   0: 3 0x80004780 (0x00e6dc13) x24 0x00030000
core   0: 0x80004784 (0x025b1d33) mulh    s10, s6, t0
core   0: 3 0x80004784 (0x025b1d33) x26 0x00000000
core   0: 0x80004788 (0x44b31cb7) lui     s9, 0x44b31
core   0: 3 0x80004788 (0x44b31cb7) x25 0x44b31000
core   0: 0x8000478c (0x0269bbb7) lui     s7, 0x269b
core   0: 3 0x8000478c (0x0269bbb7) x23 0x0269b000
core   0: 0x80004790 (0x015ea6b3) slt     a3, t4, s5
core   0: 3 0x80004790 (0x015ea6b3) x13 0x00000001
core   0: 0x80004794 (0x03b8ab33) mulhsu  s6, a7, s11
core   0: 3 0x80004794 (0x03b8ab33) x22 0x00000000
core   0: 0x80004798 (0x4173dcb3) sra     s9, t2, s7
core   0: 3 0x80004798 (0x4173dcb3) x25 0xffffffff
core   0: 0x8000479c (0x0139ffb3) and     t6, s3, s3
core   0: 3 0x8000479c (0x0139ffb3) x31 0x0000000b
core   0: 0x800047a0 (0x02d45a33) divu    s4, s0, a3
core   0: 3 0x800047a0 (0x02d45a33) x20 0x7ffeb7ba
core   0: 0x800047a4 (0x02e71ab3) mulh    s5, a4, a4
core   0: 3 0x800047a4 (0x02e71ab3) x21 0x00ffaa09
core   0: 0x800047a8 (0x0060c133) xor     sp, ra, t1
core   0: 3 0x800047a8 (0x0060c133) x 2 0x000004b6
core   0: 0x800047ac (0x40440bb3) sub     s7, s0, tp
core   0: 3 0x800047ac (0x40440bb3) x23 0x7ffeb532
core   0: 0x800047b0 (0x03b3d8b3) divu    a7, t2, s11
core   0: 3 0x800047b0 (0x03b3d8b3) x17 0x00000001
core   0: 0x800047b4 (0x03f758b3) divu    a7, a4, t6
core   0: 3 0x800047b4 (0x03f758b3) x17 0x01741e8d
core   0: 0x800047b8 (0x011748b3) xor     a7, a4, a7
core   0: 3 0x800047b8 (0x011748b3) x17 0x0e894e9d
core   0: 0x800047bc (0x0b23a413) slti    s0, t2, 178
core   0: 3 0x800047bc (0x0b23a413) x 8 0x00000001
core   0: 0x800047c0 (0x2e2da513) slti    a0, s11, 738
core   0: 3 0x800047c0 (0x2e2da513) x10 0x00000001
core   0: 0x800047c4 (0x02bcb933) mulhu   s2, s9, a1
core   0: 3 0x800047c4 (0x02bcb933) x18 0x7ffeb739
core   0: 0x800047c8 (0x03378133) mul     sp, a5, s3
core   0: 3 0x800047c8 (0x03378133) x 2 0xf375ac7c
core   0: 0x800047cc (0x63fa3c13) sltiu   s8, s4, 1599
core   0: 3 0x800047cc (0x63fa3c13) x24 0x00000000
core   0: 0x800047d0 (0x00000013) nop
core   0: 3 0x800047d0 (0x00000013)
core   0: 0x800047d4 (0x03e99133) mulh    sp, s3, t5
core   0: 3 0x800047d4 (0x03e99133) x 2 0x00000000
core   0: 0x800047d8 (0x8beec913) xori    s2, t4, -1858
core   0: 3 0x800047d8 (0x8beec913) x18 0x330728be
core   0: 0x800047dc (0x310ac717) auipc   a4, 0x310ac
core   0: 3 0x800047dc (0x310ac717) x14 0xb10b07dc
core   0: 0x800047e0 (0x9f856ab7) lui     s5, 0x9f856
core   0: 3 0x800047e0 (0x9f856ab7) x21 0x9f856000
core   0: 0x800047e4 (0x01141533) sll     a0, s0, a7
core   0: 3 0x800047e4 (0x01141533) x10 0x20000000
core   0: 0x800047e8 (0x0e793f37) lui     t5, 0xe793
core   0: 3 0x800047e8 (0x0e793f37) x30 0x0e793000
core   0: 0x800047ec (0x4186bf93) sltiu   t6, a3, 1048
core   0: 3 0x800047ec (0x4186bf93) x31 0x00000001
core   0: 0x800047f0 (0x00000013) nop
core   0: 3 0x800047f0 (0x00000013)
core   0: 0x800047f4 (0x5033b293) sltiu   t0, t2, 1283
core   0: 3 0x800047f4 (0x5033b293) x 5 0x00000000
core   0: 0x800047f8 (0x41bfd533) sra     a0, t6, s11
core   0: 3 0x800047f8 (0x41bfd533) x10 0x00000000
core   0: 0x800047fc (0x3f264e93) xori    t4, a2, 1010
core   0: 3 0x800047fc (0x3f264e93) x29 0x3edc2506
core   0: 0x80004800 (0x40690ab3) sub     s5, s2, t1
core   0: 3 0x80004800 (0x40690ab3) x21 0x330728be
core   0: 0x80004804 (0x00500c33) add     s8, zero, t0
core   0: 3 0x80004804 (0x00500c33) x24 0x00000000
core   0: 0x80004808 (0x41835b93) srai    s7, t1, 24
core   0: 3 0x80004808 (0x41835b93) x23 0x00000000
core   0: 0x8000480c (0x03011933) mulh    s2, sp, a6
core   0: 3 0x8000480c (0x03011933) x18 0x00000000
core   0: 0x80004810 (0x02b3c6b3) div     a3, t2, a1
core   0: 3 0x80004810 (0x02b3c6b3) x13 0x00000000
core   0: 0x80004814 (0x009e5c93) srli    s9, t3, 9
core   0: 3 0x80004814 (0x009e5c93) x25 0x00600000
core   0: 0x80004818 (0x03dba133) mulhsu  sp, s7, t4
core   0: 3 0x80004818 (0x03dba133) x 2 0x00000000
core   0: 0x8000481c (0xbe5b2513) slti    a0, s6, -1051
core   0: 3 0x8000481c (0xbe5b2513) x10 0x00000000
core   0: 0x80004820 (0x01a21013) slli    zero, tp, 26
core   0: 3 0x80004820 (0x01a21013)
core   0: 0x80004824 (0x3a4ca593) slti    a1, s9, 932
core   0: 3 0x80004824 (0x3a4ca593) x11 0x00000000
core   0: 0x80004828 (0xb6c66313) ori     t1, a2, -1172
core   0: 3 0x80004828 (0xb6c66313) x 6 0xfffffffc
core   0: 0x8000482c (0xaa36fa13) andi    s4, a3, -1373
core   0: 3 0x8000482c (0xaa36fa13) x20 0x00000000
core   0: 0x80004830 (0xed3d6b13) ori     s6, s10, -301
core   0: 3 0x80004830 (0xed3d6b13) x22 0xfffffed3
core   0: 0x80004834 (0x419dd893) srai    a7, s11, 25
core   0: 3 0x80004834 (0x419dd893) x17 0xffffffc0
core   0: 0x80004838 (0xb5a38a93) addi    s5, t2, -1190
core   0: 3 0x80004838 (0xb5a38a93) x21 0xfffffb59
core   0: 0x8000483c (0x021a0933) mul     s2, s4, ra
core   0: 3 0x8000483c (0x021a0933) x18 0x00000000
core   0: 0x80004840 (0xf527a013) slti    zero, a5, -174
core   0: 3 0x80004840 (0xf527a013)
core   0: 0x80004844 (0x03435bb3) divu    s7, t1, s4
core   0: 3 0x80004844 (0x03435bb3) x23 0xffffffff
core   0: 0x80004848 (0x02581033) mulh    zero, a6, t0
core   0: 3 0x80004848 (0x02581033)
core   0: 0x8000484c (0x993be293) ori     t0, s7, -1645
core   0: 3 0x8000484c (0x993be293) x 5 0xffffffff
core   0: 0x80004850 (0x01972333) slt     t1, a4, s9
core   0: 3 0x80004850 (0x01972333) x 6 0x00000001
core   0: 0x80004854 (0x033567b3) rem     a5, a0, s3
core   0: 3 0x80004854 (0x033567b3) x15 0x00000000
core   0: 0x80004858 (0x038418b3) mulh    a7, s0, s8
core   0: 3 0x80004858 (0x038418b3) x17 0x00000000
core   0: 0x8000485c (0x02a3e133) rem     sp, t2, a0
core   0: 3 0x8000485c (0x02a3e133) x 2 0xffffffff
core   0: 0x80004860 (0x6f9a4a93) xori    s5, s4, 1785
core   0: 3 0x80004860 (0x6f9a4a93) x21 0x000006f9
core   0: 0x80004864 (0x037f4eb3) div     t4, t5, s7
core   0: 3 0x80004864 (0x037f4eb3) x29 0xf186d000
core   0: 0x80004868 (0x004ff933) and     s2, t6, tp
core   0: 3 0x80004868 (0x004ff933) x18 0x00000000
core   0: 0x8000486c (0x400480b3) sub     ra, s1, zero
core   0: 3 0x8000486c (0x400480b3) x 1 0x00000698
core   0: 0x80004870 (0x00918133) add     sp, gp, s1
core   0: 3 0x80004870 (0x00918133) x 2 0x0ffd5698
core   0: 0x80004874 (0x01c5ecb3) or      s9, a1, t3
core   0: 3 0x80004874 (0x01c5ecb3) x25 0xc0000000
core   0: 0x80004878 (0x038e8333) mul     t1, t4, s8
core   0: 3 0x80004878 (0x038e8333) x 6 0x00000000
core   0: 0x8000487c (0x01e378b3) and     a7, t1, t5
core   0: 3 0x8000487c (0x01e378b3) x17 0x00000000
core   0: 0x80004880 (0xcd296f97) auipc   t6, 0xcd296
core   0: 3 0x80004880 (0xcd296f97) x31 0x4d29a880
core   0: 0x80004884 (0xd313f4b7) lui     s1, 0xd313f
core   0: 3 0x80004884 (0xd313f4b7) x 9 0xd313f000
core   0: 0x80004888 (0x028357b3) divu    a5, t1, s0
core   0: 3 0x80004888 (0x028357b3) x15 0x00000000
core   0: 0x8000488c (0xa2194393) xori    t2, s2, -1503
core   0: 3 0x8000488c (0xa2194393) x 7 0xfffffa21
core   0: 0x80004890 (0x510f8f93) addi    t6, t6, 1296
core   0: 3 0x80004890 (0x510f8f93) x31 0x4d29ad90
core   0: 0x80004894 (0x01ae1533) sll     a0, t3, s10
core   0: 3 0x80004894 (0x01ae1533) x10 0xc0000000
core   0: 0x80004898 (0x0322dfb3) divu    t6, t0, s2
core   0: 3 0x80004898 (0x0322dfb3) x31 0xffffffff
core   0: 0x8000489c (0xf624e793) ori     a5, s1, -158
core   0: 3 0x8000489c (0xf624e793) x15 0xffffff62
core   0: 0x800048a0 (0x038a5033) divu    zero, s4, s8
core   0: 3 0x800048a0 (0x038a5033)
core   0: 0x800048a4 (0x38d57213) andi    tp, a0, 909
core   0: 3 0x800048a4 (0x38d57213) x 4 0x00000000
core   0: 0x800048a8 (0x00cb1713) slli    a4, s6, 12
core   0: 3 0x800048a8 (0x00cb1713) x14 0xffed3000
core   0: 0x800048ac (0x02fbc1b3) div     gp, s7, a5
core   0: 3 0x800048ac (0x02fbc1b3) x 3 0x00000000
core   0: 0x800048b0 (0x4162d493) srai    s1, t0, 22
core   0: 3 0x800048b0 (0x4162d493) x 9 0xffffffff
core   0: 0x800048b4 (0x031d7633) remu    a2, s10, a7
core   0: 3 0x800048b4 (0x031d7633) x12 0x00000000
core   0: 0x800048b8 (0x94f6c213) xori    tp, a3, -1713
core   0: 3 0x800048b8 (0x94f6c213) x 4 0xfffff94f
core   0: 0x800048bc (0xeb013b93) sltiu   s7, sp, -336
core   0: 3 0x800048bc (0xeb013b93) x23 0x00000001
core   0: 0x800048c0 (0x02e21fb3) mulh    t6, tp, a4
core   0: 3 0x800048c0 (0x02e21fb3) x31 0x00000000
core   0: 0x800048c4 (0x03133ab3) mulhu   s5, t1, a7
core   0: 3 0x800048c4 (0x03133ab3) x21 0x00000000
core   0: 0x800048c8 (0xd4b9cc93) xori    s9, s3, -693
core   0: 3 0x800048c8 (0xd4b9cc93) x25 0xfffffd40
core   0: 0x800048cc (0x01adb433) sltu    s0, s11, s10
core   0: 3 0x800048cc (0x01adb433) x 8 0x00000000
core   0: 0x800048d0 (0xb97e4bb7) lui     s7, 0xb97e4
core   0: 3 0x800048d0 (0xb97e4bb7) x23 0xb97e4000
core   0: 0x800048d4 (0x40348b33) sub     s6, s1, gp
core   0: 3 0x800048d4 (0x40348b33) x22 0xffffffff
core   0: 0x800048d8 (0x01399333) sll     t1, s3, s3
core   0: 3 0x800048d8 (0x01399333) x 6 0x00005800
core   0: 0x800048dc (0x021ea2b3) mulhsu  t0, t4, ra
core   0: 3 0x800048dc (0x021ea2b3) x 5 0xffffffa0
core   0: 0x800048e0 (0x4344ca93) xori    s5, s1, 1076
core   0: 3 0x800048e0 (0x4344ca93) x21 0xfffffbcb
core   0: 0x800048e4 (0x0154b133) sltu    sp, s1, s5
core   0: 3 0x800048e4 (0x0154b133) x 2 0x00000000
core   0: 0x800048e8 (0x004a37b3) sltu    a5, s4, tp
core   0: 3 0x800048e8 (0x004a37b3) x15 0x00000001
core   0: 0x800048ec (0xe0f7c2b7) lui     t0, 0xe0f7c
core   0: 3 0x800048ec (0xe0f7c2b7) x 5 0xe0f7c000
core   0: 0x800048f0 (0x6df16593) ori     a1, sp, 1759
core   0: 3 0x800048f0 (0x6df16593) x11 0x000006df
core   0: 0x800048f4 (0x00ca6e33) or      t3, s4, a2
core   0: 3 0x800048f4 (0x00ca6e33) x28 0x00000000
core   0: 0x800048f8 (0x01161e33) sll     t3, a2, a7
core   0: 3 0x800048f8 (0x01161e33) x28 0x00000000
core   0: 0x800048fc (0xe58d2417) auipc   s0, 0xe58d2
core   0: 3 0x800048fc (0xe58d2417) x 8 0x658d68fc
core   0: 0x80004900 (0x02628933) mul     s2, t0, t1
core   0: 3 0x80004900 (0x02628933) x18 0x2a000000
core   0: 0x80004904 (0xb762ffb7) lui     t6, 0xb762f
core   0: 3 0x80004904 (0xb762ffb7) x31 0xb762f000
core   0: 0x80004908 (0x401a8733) sub     a4, s5, ra
core   0: 3 0x80004908 (0x401a8733) x14 0xfffff533
core   0: 0x8000490c (0x022a4f33) div     t5, s4, sp
core   0: 3 0x8000490c (0x022a4f33) x30 0xffffffff
core   0: 0x80004910 (0x41b69917) auipc   s2, 0x41b69
core   0: 3 0x80004910 (0x41b69917) x18 0xc1b6d910
core   0: 0x80004914 (0x17217593) andi    a1, sp, 370
core   0: 3 0x80004914 (0x17217593) x11 0x00000000
core   0: 0x80004918 (0xbbf63793) sltiu   a5, a2, -1089
core   0: 3 0x80004918 (0xbbf63793) x15 0x00000001
core   0: 0x8000491c (0x022dd133) divu    sp, s11, sp
core   0: 3 0x8000491c (0x022dd133) x 2 0xffffffff
core   0: 0x80004920 (0x00090fb3) add     t6, s2, zero
core   0: 3 0x80004920 (0x00090fb3) x31 0xc1b6d910
core   0: 0x80004924 (0x026454b3) divu    s1, s0, t1
core   0: 3 0x80004924 (0x026454b3) x 9 0x0001276c
core   0: 0x80004928 (0x016e31b3) sltu    gp, t3, s6
core   0: 3 0x80004928 (0x016e31b3) x 3 0x00000001
core   0: 0x8000492c (0xe0464293) xori    t0, a2, -508
core   0: 3 0x8000492c (0xe0464293) x 5 0xfffffe04
core   0: 0x80004930 (0x03c1ed33) rem     s10, gp, t3
core   0: 3 0x80004930 (0x03c1ed33) x26 0x00000001
core   0: 0x80004934 (0x00bf02b3) add     t0, t5, a1
core   0: 3 0x80004934 (0x00bf02b3) x 5 0xffffffff
core   0: 0x80004938 (0x011f3ab3) sltu    s5, t5, a7
core   0: 3 0x80004938 (0x011f3ab3) x21 0x00000000
core   0: 0x8000493c (0x00e5fe33) and     t3, a1, a4
core   0: 3 0x8000493c (0x00e5fe33) x28 0x00000000
core   0: 0x80004940 (0x00f54eb3) xor     t4, a0, a5
core   0: 3 0x80004940 (0x00f54eb3) x29 0xc0000001
core   0: 0x80004944 (0x00000013) nop
core   0: 3 0x80004944 (0x00000013)
core   0: 0x80004948 (0xaeb8a913) slti    s2, a7, -1301
core   0: 3 0x80004948 (0xaeb8a913) x18 0x00000000
core   0: 0x8000494c (0x0147dc13) srli    s8, a5, 20
core   0: 3 0x8000494c (0x0147dc13) x24 0x00000000
core   0: 0x80004950 (0x03571d33) mulh    s10, a4, s5
core   0: 3 0x80004950 (0x03571d33) x26 0x00000000
core   0: 0x80004954 (0x354d4013) xori    zero, s10, 852
core   0: 3 0x80004954 (0x354d4013)
core   0: 0x80004958 (0x01e84933) xor     s2, a6, t5
core   0: 3 0x80004958 (0x01e84933) x18 0x7ffeb19b
core   0: 0x8000495c (0x01256733) or      a4, a0, s2
core   0: 3 0x8000495c (0x01256733) x14 0xfffeb19b
core   0: 0x80004960 (0x01133cb3) sltu    s9, t1, a7
core   0: 3 0x80004960 (0x01133cb3) x25 0x00000000
core   0: 0x80004964 (0xfa86b613) sltiu   a2, a3, -88
core   0: 3 0x80004964 (0xfa86b613) x12 0x00000001
core   0: 0x80004968 (0xe6614c37) lui     s8, 0xe6614
core   0: 3 0x80004968 (0xe6614c37) x24 0xe6614000
core   0: 0x8000496c (0x02b382b3) mul     t0, t2, a1
core   0: 3 0x8000496c (0x02b382b3) x 5 0x00000000
core   0: 0x80004970 (0x5c7efa13) andi    s4, t4, 1479
core   0: 3 0x80004970 (0x5c7efa13) x20 0x00000001
core   0: 0x80004974 (0x010c5293) srli    t0, s8, 16
core   0: 3 0x80004974 (0x010c5293) x 5 0x0000e661
core   0: 0x80004978 (0x00991c33) sll     s8, s2, s1
core   0: 3 0x80004978 (0x00991c33) x24 0xeb19b000
core   0: 0x8000497c (0x03241733) mulh    a4, s0, s2
core   0: 3 0x8000497c (0x03241733) x14 0x32c62fd7
core   0: 0x80004980 (0xbf25b413) sltiu   s0, a1, -1038
core   0: 3 0x80004980 (0xbf25b413) x 8 0x00000001
core   0: 0x80004984 (0x037b7033) remu    zero, s6, s7
core   0: 3 0x80004984 (0x037b7033)
core   0: 0x80004988 (0x03c76cb3) rem     s9, a4, t3
core   0: 3 0x80004988 (0x03c76cb3) x25 0x32c62fd7
core   0: 0x8000498c (0x03c641b3) div     gp, a2, t3
core   0: 3 0x8000498c (0x03c641b3) x 3 0xffffffff
core   0: 0x80004990 (0x40760c33) sub     s8, a2, t2
core   0: 3 0x80004990 (0x40760c33) x24 0x000005e0
core   0: 0x80004994 (0x037a0233) mul     tp, s4, s7
core   0: 3 0x80004994 (0x037a0233) x 4 0xb97e4000
core   0: 0x80004998 (0x684c7e13) andi    t3, s8, 1668
core   0: 3 0x80004998 (0x684c7e13) x28 0x00000480
core   0: 0x8000499c (0x028de933) rem     s2, s11, s0
core   0: 3 0x8000499c (0x028de933) x18 0x00000000
core   0: 0x800049a0 (0x3bf1cc97) auipc   s9, 0x3bf1c
core   0: 3 0x800049a0 (0x3bf1cc97) x25 0xbbf209a0
core   0: 0x800049a4 (0x0284a933) mulhsu  s2, s1, s0
core   0: 3 0x800049a4 (0x0284a933) x18 0x00000000
core   0: 0x800049a8 (0x410bde13) srai    t3, s7, 16
core   0: 3 0x800049a8 (0x410bde13) x28 0xffffb97e
core   0: 0x800049ac (0x02ff0cb3) mul     s9, t5, a5
core   0: 3 0x800049ac (0x02ff0cb3) x25 0xffffffff
core   0: 0x800049b0 (0x00000013) nop
core   0: 3 0x800049b0 (0x00000013)
core   0: 0x800049b4 (0x86b22593) slti    a1, tp, -1941
core   0: 3 0x800049b4 (0x86b22593) x11 0x00000001
core   0: 0x800049b8 (0x00000013) nop
core   0: 3 0x800049b8 (0x00000013)
core   0: 0x800049bc (0x09ce8593) addi    a1, t4, 156
core   0: 3 0x800049bc (0x09ce8593) x11 0xc000009d
core   0: 0x800049c0 (0x02fcaeb3) mulhsu  t4, s9, a5
core   0: 3 0x800049c0 (0x02fcaeb3) x29 0xffffffff
core   0: 0x800049c4 (0xa7418593) addi    a1, gp, -1420
core   0: 3 0x800049c4 (0xa7418593) x11 0xfffffa73
core   0: 0x800049c8 (0x5468f717) auipc   a4, 0x5468f
core   0: 3 0x800049c8 (0x5468f717) x14 0xd46939c8
core   0: 0x800049cc (0x00d39393) slli    t2, t2, 13
core   0: 3 0x800049cc (0x00d39393) x 7 0xff442000
core   0: 0x800049d0 (0x8d76c913) xori    s2, a3, -1833
core   0: 3 0x800049d0 (0x8d76c913) x18 0xfffff8d7
core   0: 0x800049d4 (0x40bad913) srai    s2, s5, 11
core   0: 3 0x800049d4 (0x40bad913) x18 0x00000000
core   0: 0x800049d8 (0x00000013) nop
core   0: 3 0x800049d8 (0x00000013)
core   0: 0x800049dc (0x03fc61b3) rem     gp, s8, t6
core   0: 3 0x800049dc (0x03fc61b3) x 3 0x000005e0
core   0: 0x800049e0 (0x02fd0b33) mul     s6, s10, a5
core   0: 3 0x800049e0 (0x02fd0b33) x22 0x00000000
core   0: 0x800049e4 (0x0c026f93) ori     t6, tp, 192
core   0: 3 0x800049e4 (0x0c026f93) x31 0xb97e40c0
core   0: 0x800049e8 (0x00000013) nop
core   0: 3 0x800049e8 (0x00000013)
core   0: 0x800049ec (0x00631e93) slli    t4, t1, 6
core   0: 3 0x800049ec (0x00631e93) x29 0x00160000
core   0: 0x800049f0 (0x01412933) slt     s2, sp, s4
core   0: 3 0x800049f0 (0x01412933) x18 0x00000001
core   0: 0x800049f4 (0x03e770b3) remu    ra, a4, t5
core   0: 3 0x800049f4 (0x03e770b3) x 1 0xd46939c8
core   0: 0x800049f8 (0xc51f4a13) xori    s4, t5, -943
core   0: 3 0x800049f8 (0xc51f4a13) x20 0x000003ae
core   0: 0x800049fc (0x027f3933) mulhu   s2, t5, t2
core   0: 3 0x800049fc (0x027f3933) x18 0xff441fff
core   0: 0x80004a00 (0x00000013) nop
core   0: 3 0x80004a00 (0x00000013)
core   0: 0x80004a04 (0x009e5513) srli    a0, t3, 9
core   0: 3 0x80004a04 (0x009e5513) x10 0x007fffdc
core   0: 0x80004a08 (0x40de5133) sra     sp, t3, a3
core   0: 3 0x80004a08 (0x40de5133) x 2 0xffffb97e
core   0: 0x80004a0c (0x01223a33) sltu    s4, tp, s2
core   0: 3 0x80004a0c (0x01223a33) x20 0x00000001
core   0: 0x80004a10 (0x00a4d7b7) lui     a5, 0xa4d
core   0: 3 0x80004a10 (0x00a4d7b7) x15 0x00a4d000
core   0: 0x80004a14 (0x0113b933) sltu    s2, t2, a7
core   0: 3 0x80004a14 (0x0113b933) x18 0x00000000
core   0: 0x80004a18 (0x4172dbb3) sra     s7, t0, s7
core   0: 3 0x80004a18 (0x4172dbb3) x23 0x0000e661
core   0: 0x80004a1c (0x0015d6b3) srl     a3, a1, ra
core   0: 3 0x80004a1c (0x0015d6b3) x13 0x00fffffa
core   0: 0x80004a20 (0x02ab90b3) mulh    ra, s7, a0
core   0: 3 0x80004a20 (0x02ab90b3) x 1 0x00000073
core   0: 0x80004a24 (0x01aa8633) add     a2, s5, s10
core   0: 3 0x80004a24 (0x01aa8633) x12 0x00000000
core   0: 0x80004a28 (0x0079ee33) or      t3, s3, t2
core   0: 3 0x80004a28 (0x0079ee33) x28 0xff44200b
core   0: 0x80004a2c (0xccaa0613) addi    a2, s4, -822
core   0: 3 0x80004a2c (0xccaa0613) x12 0xfffffccb
core   0: 0x80004a30 (0x01254733) xor     a4, a0, s2
core   0: 3 0x80004a30 (0x01254733) x14 0x007fffdc
core   0: 0x80004a34 (0xfffcab97) auipc   s7, 0xfffca
core   0: 3 0x80004a34 (0xfffcab97) x23 0x7ffcea34
core   0: 0x80004a38 (0x024145b3) div     a1, sp, tp
core   0: 3 0x80004a38 (0x024145b3) x11 0x00000000
core   0: 0x80004a3c (0x019c7533) and     a0, s8, s9
core   0: 3 0x80004a3c (0x019c7533) x10 0x000005e0
core   0: 0x80004a40 (0x03f55533) divu    a0, a0, t6
core   0: 3 0x80004a40 (0x03f55533) x10 0x00000000
core   0: 0x80004a44 (0x03e8b2b3) mulhu   t0, a7, t5
core   0: 3 0x80004a44 (0x03e8b2b3) x 5 0x00000000
core   0: 0x80004a48 (0x3ce36f93) ori     t6, t1, 974
core   0: 3 0x80004a48 (0x3ce36f93) x31 0x00005bce
core   0: 0x80004a4c (0x82d82713) slti    a4, a6, -2003
core   0: 3 0x80004a4c (0x82d82713) x14 0x00000001
core   0: 0x80004a50 (0x028debb3) rem     s7, s11, s0
core   0: 3 0x80004a50 (0x028debb3) x23 0x00000000
core   0: 0x80004a54 (0x025581b3) mul     gp, a1, t0
core   0: 3 0x80004a54 (0x025581b3) x 3 0x00000000
core   0: 0x80004a58 (0xad72e913) ori     s2, t0, -1321
core   0: 3 0x80004a58 (0xad72e913) x18 0xfffffad7
core   0: 0x80004a5c (0x708f3c93) sltiu   s9, t5, 1800
core   0: 3 0x80004a5c (0x708f3c93) x25 0x00000000
core   0: 0x80004a60 (0x02bd7013) andi    zero, s10, 43
core   0: 3 0x80004a60 (0x02bd7013)
core   0: 0x80004a64 (0xa7454eb7) lui     t4, 0xa7454
core   0: 3 0x80004a64 (0xa7454eb7) x29 0xa7454000
core   0: 0x80004a68 (0x9e7c1197) auipc   gp, 0x9e7c1
core   0: 3 0x80004a68 (0x9e7c1197) x 3 0x1e7c5a68
core   0: 0x80004a6c (0x03f7b633) mulhu   a2, a5, t6
core   0: 3 0x80004a6c (0x03f7b633) x12 0x0000003b
core   0: 0x80004a70 (0x01cc5913) srli    s2, s8, 28
core   0: 3 0x80004a70 (0x01cc5913) x18 0x00000000
core   0: 0x80004a74 (0x02f8f333) remu    t1, a7, a5
core   0: 3 0x80004a74 (0x02f8f333) x 6 0x00000000
core   0: 0x80004a78 (0x013b80b3) add     ra, s7, s3
core   0: 3 0x80004a78 (0x013b80b3) x 1 0x0000000b
core   0: 0x80004a7c (0x40025f93) srai    t6, tp, 0
core   0: 3 0x80004a7c (0x40025f93) x31 0xb97e4000
core   0: 0x80004a80 (0x01737eb3) and     t4, t1, s7
core   0: 3 0x80004a80 (0x01737eb3) x29 0x00000000
core   0: 0x80004a84 (0x003c1593) slli    a1, s8, 3
core   0: 3 0x80004a84 (0x003c1593) x11 0x00002f00
core   0: 0x80004a88 (0x02fd2b33) mulhsu  s6, s10, a5
core   0: 3 0x80004a88 (0x02fd2b33) x22 0x00000000
core   0: 0x80004a8c (0x0ff42d13) slti    s10, s0, 255
core   0: 3 0x80004a8c (0x0ff42d13) x26 0x00000001
core   0: 0x80004a90 (0x01c5d7b3) srl     a5, a1, t3
core   0: 3 0x80004a90 (0x01c5d7b3) x15 0x00000005
core   0: 0x80004a94 (0x0090eab3) or      s5, ra, s1
core   0: 3 0x80004a94 (0x0090eab3) x21 0x0001276f
core   0: 0x80004a98 (0x01ebd1b3) srl     gp, s7, t5
core   0: 3 0x80004a98 (0x01ebd1b3) x 3 0x00000000
core   0: 0x80004a9c (0x03ed21b3) mulhsu  gp, s10, t5
core   0: 3 0x80004a9c (0x03ed21b3) x 3 0x00000000
core   0: 0x80004aa0 (0xd5713b13) sltiu   s6, sp, -681
core   0: 3 0x80004aa0 (0xd5713b13) x22 0x00000001
core   0: 0x80004aa4 (0x03d255b3) divu    a1, tp, t4
core   0: 3 0x80004aa4 (0x03d255b3) x11 0xffffffff
core   0: 0x80004aa8 (0x121fac93) slti    s9, t6, 289
core   0: 3 0x80004aa8 (0x121fac93) x25 0x00000001
core   0: 0x80004aac (0x407c5393) srai    t2, s8, 7
core   0: 3 0x80004aac (0x407c5393) x 7 0x0000000b
core   0: 0x80004ab0 (0x03698033) mul     zero, s3, s6
core   0: 3 0x80004ab0 (0x03698033)
core   0: 0x80004ab4 (0x405d5e13) srai    t3, s10, 5
core   0: 3 0x80004ab4 (0x405d5e13) x28 0x00000000
core   0: 0x80004ab8 (0x03b628b3) mulhsu  a7, a2, s11
core   0: 3 0x80004ab8 (0x03b628b3) x17 0x0000001d
core   0: 0x80004abc (0x02237333) remu    t1, t1, sp
core   0: 3 0x80004abc (0x02237333) x 6 0x00000000
core   0: 0x80004ac0 (0x359a4e13) xori    t3, s4, 857
core   0: 3 0x80004ac0 (0x359a4e13) x28 0x00000358
core   0: 0x80004ac4 (0x036b7133) remu    sp, s6, s6
core   0: 3 0x80004ac4 (0x036b7133) x 2 0x00000000
core   0: 0x80004ac8 (0x0a587f13) andi    t5, a6, 165
core   0: 3 0x80004ac8 (0x0a587f13) x30 0x00000024
core   0: 0x80004acc (0x02b70e13) addi    t3, a4, 43
core   0: 3 0x80004acc (0x02b70e13) x28 0x0000002c
core   0: 0x80004ad0 (0xc1eccb13) xori    s6, s9, -994
core   0: 3 0x80004ad0 (0xc1eccb13) x22 0xfffffc1f
core   0: 0x80004ad4 (0x936c2893) slti    a7, s8, -1738
core   0: 3 0x80004ad4 (0x936c2893) x17 0x00000000
core   0: 0x80004ad8 (0x037c0933) mul     s2, s8, s7
core   0: 3 0x80004ad8 (0x037c0933) x18 0x00000000
core   0: 0x80004adc (0x002d7bb3) and     s7, s10, sp
core   0: 3 0x80004adc (0x002d7bb3) x23 0x00000000
core   0: 0x80004ae0 (0xe868c913) xori    s2, a7, -378
core   0: 3 0x80004ae0 (0xe868c913) x18 0xfffffe86
core   0: 0x80004ae4 (0x016d5913) srli    s2, s10, 22
core   0: 3 0x80004ae4 (0x016d5913) x18 0x00000000
core   0: 0x80004ae8 (0x00a6cb33) xor     s6, a3, a0
core   0: 3 0x80004ae8 (0x00a6cb33) x22 0x00fffffa
core   0: 0x80004aec (0x025af933) remu    s2, s5, t0
core   0: 3 0x80004aec (0x025af933) x18 0x0001276f
core   0: 0x80004af0 (0x013cb1b3) sltu    gp, s9, s3
core   0: 3 0x80004af0 (0x013cb1b3) x 3 0x00000001
core   0: 0x80004af4 (0x00b0b433) sltu    s0, ra, a1
core   0: 3 0x80004af4 (0x00b0b433) x 8 0x00000001
core   0: 0x80004af8 (0x00debe33) sltu    t3, t4, a3
core   0: 3 0x80004af8 (0x00debe33) x28 0x00000001
core   0: 0x80004afc (0x74a83797) auipc   a5, 0x74a83
core   0: 3 0x80004afc (0x74a83797) x15 0xf4a87afc
core   0: 0x80004b00 (0x0097a633) slt     a2, a5, s1
core   0: 3 0x80004b00 (0x0097a633) x12 0x00000001
core   0: 0x80004b04 (0x00000013) nop
core   0: 3 0x80004b04 (0x00000013)
core   0: 0x80004b08 (0x0351e1b3) rem     gp, gp, s5
core   0: 3 0x80004b08 (0x0351e1b3) x 3 0x00000001
core   0: 0x80004b0c (0x0173de33) srl     t3, t2, s7
core   0: 3 0x80004b0c (0x0173de33) x28 0x0000000b
core   0: 0x80004b10 (0xdfdc8393) addi    t2, s9, -515
core   0: 3 0x80004b10 (0xdfdc8393) x 7 0xfffffdfe
core   0: 0x80004b14 (0x029debb3) rem     s7, s11, s1
core   0: 3 0x80004b14 (0x029debb3) x23 0xfffffd9c
core   0: 0x80004b18 (0x03c2bab3) mulhu   s5, t0, t3
core   0: 3 0x80004b18 (0x03c2bab3) x21 0x00000000
core   0: 0x80004b1c (0x01c53b33) sltu    s6, a0, t3
core   0: 3 0x80004b1c (0x01c53b33) x22 0x00000001
core   0: 0x80004b20 (0x0311fc33) remu    s8, gp, a7
core   0: 3 0x80004b20 (0x0311fc33) x24 0x00000001
core   0: 0x80004b24 (0x021238b3) mulhu   a7, tp, ra
core   0: 3 0x80004b24 (0x021238b3) x17 0x00000007
core   0: 0x80004b28 (0x010f5113) srli    sp, t5, 16
core   0: 3 0x80004b28 (0x010f5113) x 2 0x00000000
core   0: 0x80004b2c (0x01b13eb3) sltu    t4, sp, s11
core   0: 3 0x80004b2c (0x01b13eb3) x29 0x00000001
core   0: 0x80004b30 (0x0149d713) srli    a4, s3, 20
core   0: 3 0x80004b30 (0x0149d713) x14 0x00000000
core   0: 0x80004b34 (0x410b5a93) srai    s5, s6, 16
core   0: 3 0x80004b34 (0x410b5a93) x21 0x00000000
core   0: 0x80004b38 (0x0287c8b3) div     a7, a5, s0
core   0: 3 0x80004b38 (0x0287c8b3) x17 0xf4a87afc
core   0: 0x80004b3c (0x00000013) nop
core   0: 3 0x80004b3c (0x00000013)
core   0: 0x80004b40 (0x00297033) and     zero, s2, sp
core   0: 3 0x80004b40 (0x00297033)
core   0: 0x80004b44 (0x1dcfb897) auipc   a7, 0x1dcfb
core   0: 3 0x80004b44 (0x1dcfb897) x17 0x9dcffb44
core   0: 0x80004b48 (0x03782cb3) mulhsu  s9, a6, s7
core   0: 3 0x80004b48 (0x03782cb3) x25 0x80014f95
core   0: 0x80004b4c (0x010d6933) or      s2, s10, a6
core   0: 3 0x80004b4c (0x010d6933) x18 0x80014e65
core   0: 0x80004b50 (0x00709d33) sll     s10, ra, t2
core   0: 3 0x80004b50 (0x00709d33) x26 0xc0000000
core   0: 0x80004b54 (0x3f7a9017) auipc   zero, 0x3f7a9
core   0: 3 0x80004b54 (0x3f7a9017)
core   0: 0x80004b58 (0x0085b3b3) sltu    t2, a1, s0
core   0: 3 0x80004b58 (0x0085b3b3) x 7 0x00000000
core   0: 0x80004b5c (0x03a5a2b3) mulhsu  t0, a1, s10
core   0: 3 0x80004b5c (0x03a5a2b3) x 5 0xffffffff
core   0: 0x80004b60 (0x00abd893) srli    a7, s7, 10
core   0: 3 0x80004b60 (0x00abd893) x17 0x003fffff
core   0: 0x80004b64 (0x022fa533) mulhsu  a0, t6, sp
core   0: 3 0x80004b64 (0x022fa533) x10 0x00000000
core   0: 0x80004b68 (0x019997b3) sll     a5, s3, s9
core   0: 3 0x80004b68 (0x019997b3) x15 0x01600000
core   0: 0x80004b6c (0x03640033) mul     zero, s0, s6
core   0: 3 0x80004b6c (0x03640033)
core   0: 0x80004b70 (0x00a12d33) slt     s10, sp, a0
core   0: 3 0x80004b70 (0x00a12d33) x26 0x00000000
core   0: 0x80004b74 (0x02592333) mulhsu  t1, s2, t0
core   0: 3 0x80004b74 (0x02592333) x 6 0x80014e65
core   0: 0x80004b78 (0x0031b0b3) sltu    ra, gp, gp
core   0: 3 0x80004b78 (0x0031b0b3) x 1 0x00000000
core   0: 0x80004b7c (0x00e3ea33) or      s4, t2, a4
core   0: 3 0x80004b7c (0x00e3ea33) x20 0x00000000
core   0: 0x80004b80 (0x03467a33) remu    s4, a2, s4
core   0: 3 0x80004b80 (0x03467a33) x20 0x00000001
core   0: 0x80004b84 (0x408955b3) sra     a1, s2, s0
core   0: 3 0x80004b84 (0x408955b3) x11 0xc000a732
core   0: 0x80004b88 (0xd6bbe0b7) lui     ra, 0xd6bbe
core   0: 3 0x80004b88 (0xd6bbe0b7) x 1 0xd6bbe000
core   0: 0x80004b8c (0x02049433) mulh    s0, s1, zero
core   0: 3 0x80004b8c (0x02049433) x 8 0x00000000
core   0: 0x80004b90 (0x41a58f33) sub     t5, a1, s10
core   0: 3 0x80004b90 (0x41a58f33) x30 0xc000a732
core   0: 0x80004b94 (0x029fc4b3) div     s1, t6, s1
core   0: 3 0x80004b94 (0x029fc4b3) x 9 0xffffc2e7
core   0: 0x80004b98 (0x00f3b533) sltu    a0, t2, a5
core   0: 3 0x80004b98 (0x00f3b533) x10 0x00000001
core   0: 0x80004b9c (0x011c1293) slli    t0, s8, 17
core   0: 3 0x80004b9c (0x011c1293) x 5 0x00020000
core   0: 0x80004ba0 (0x02876c33) rem     s8, a4, s0
core   0: 3 0x80004ba0 (0x02876c33) x24 0x00000000
core   0: 0x80004ba4 (0xc44fb413) sltiu   s0, t6, -956
core   0: 3 0x80004ba4 (0xc44fb413) x 8 0x00000001
core   0: 0x80004ba8 (0x41a0d5b3) sra     a1, ra, s10
core   0: 3 0x80004ba8 (0x41a0d5b3) x11 0xd6bbe000
core   0: 0x80004bac (0x02490d33) mul     s10, s2, tp
core   0: 3 0x80004bac (0x02490d33) x26 0xe64f4000
core   0: 0x80004bb0 (0x016dc3b3) xor     t2, s11, s6
core   0: 3 0x80004bb0 (0x016dc3b3) x 7 0x80018ce5
core   0: 0x80004bb4 (0x017d41b3) xor     gp, s10, s7
core   0: 3 0x80004bb4 (0x017d41b3) x 3 0x19b0bd9c
core   0: 0x80004bb8 (0x037dad33) mulhsu  s10, s11, s7
core   0: 3 0x80004bb8 (0x037dad33) x26 0x80018e15
core   0: 0x80004bbc (0x7dac8e13) addi    t3, s9, 2010
core   0: 3 0x80004bbc (0x7dac8e13) x28 0x8001576f
core   0: 0x80004bc0 (0x03135cb3) divu    s9, t1, a7
core   0: 3 0x80004bc0 (0x03135cb3) x25 0x00000200
core   0: 0x80004bc4 (0x1756d517) auipc   a0, 0x1756d
core   0: 3 0x80004bc4 (0x1756d517) x10 0x97571bc4
core   0: 0x80004bc8 (0x028ee933) rem     s2, t4, s0
core   0: 3 0x80004bc8 (0x028ee933) x18 0x00000000
core   0: 0x80004bcc (0x22ac7613) andi    a2, s8, 554
core   0: 3 0x80004bcc (0x22ac7613) x12 0x00000000
core   0: 0x80004bd0 (0x0101fab3) and     s5, gp, a6
core   0: 3 0x80004bd0 (0x0101fab3) x21 0x00000c04
core   0: 0x80004bd4 (0x038a6eb3) rem     t4, s4, s8
core   0: 3 0x80004bd4 (0x038a6eb3) x29 0x00000001
core   0: 0x80004bd8 (0x0067e033) or      zero, a5, t1
core   0: 3 0x80004bd8 (0x0067e033)
core   0: 0x80004bdc (0x00dfdb13) srli    s6, t6, 13
core   0: 3 0x80004bdc (0x00dfdb13) x22 0x0005cbf2
core   0: 0x80004be0 (0x0364a7b3) mulhsu  a5, s1, s6
core   0: 3 0x80004be0 (0x0364a7b3) x15 0xfffffffe
core   0: 0x80004be4 (0x02a51cb3) mulh    s9, a0, a0
core   0: 3 0x80004be4 (0x02a51cb3) x25 0x2ac9a8dd
core   0: 0x80004be8 (0x00000013) nop
core   0: 3 0x80004be8 (0x00000013)
core   0: 0x80004bec (0x40b052b3) sra     t0, zero, a1
core   0: 3 0x80004bec (0x40b052b3) x 5 0x00000000
core   0: 0x80004bf0 (0x40c888b3) sub     a7, a7, a2
core   0: 3 0x80004bf0 (0x40c888b3) x17 0x003fffff
core   0: 0x80004bf4 (0x01b89f93) slli    t6, a7, 27
core   0: 3 0x80004bf4 (0x01b89f93) x31 0xf8000000
core   0: 0x80004bf8 (0x01382d33) slt     s10, a6, s3
core   0: 3 0x80004bf8 (0x01382d33) x26 0x00000001
core   0: 0x80004bfc (0x008bac33) slt     s8, s7, s0
core   0: 3 0x80004bfc (0x008bac33) x24 0x00000001
core   0: 0x80004c00 (0x036e4733) div     a4, t3, s6
core   0: 3 0x80004c00 (0x036e4733) x14 0xffffe9ec
core   0: 0x80004c04 (0x0280d333) divu    t1, ra, s0
core   0: 3 0x80004c04 (0x0280d333) x 6 0xd6bbe000
core   0: 0x80004c08 (0x02145933) divu    s2, s0, ra
core   0: 3 0x80004c08 (0x02145933) x18 0x00000000
core   0: 0x80004c0c (0xc4bcbf17) auipc   t5, 0xc4bcb
core   0: 3 0x80004c0c (0xc4bcbf17) x30 0x44bcfc0c
core   0: 0x80004c10 (0x0020b933) sltu    s2, ra, sp
core   0: 3 0x80004c10 (0x0020b933) x18 0x00000000
core   0: 0x80004c14 (0x263e9a37) lui     s4, 0x263e9
core   0: 3 0x80004c14 (0x263e9a37) x20 0x263e9000
core   0: 0x80004c18 (0x008612b3) sll     t0, a2, s0
core   0: 3 0x80004c18 (0x008612b3) x 5 0x00000000
core   0: 0x80004c1c (0x01251a33) sll     s4, a0, s2
core   0: 3 0x80004c1c (0x01251a33) x20 0x97571bc4
core   0: 0x80004c20 (0x0129ef33) or      t5, s3, s2
core   0: 3 0x80004c20 (0x0129ef33) x30 0x0000000b
core   0: 0x80004c24 (0x41e408b3) sub     a7, s0, t5
core   0: 3 0x80004c24 (0x41e408b3) x17 0xfffffff6
core   0: 0x80004c28 (0x91530d17) auipc   s10, 0x91530
core   0: 3 0x80004c28 (0x91530d17) x26 0x11534c28
core   0: 0x80004c2c (0x00bb9f33) sll     t5, s7, a1
core   0: 3 0x80004c2c (0x00bb9f33) x30 0xfffffd9c
core   0: 0x80004c30 (0x39d5b093) sltiu   ra, a1, 925
core   0: 3 0x80004c30 (0x39d5b093) x 1 0x00000000
core   0: 0x80004c34 (0xad8f7693) andi    a3, t5, -1320
core   0: 3 0x80004c34 (0xad8f7693) x13 0xfffff898
core   0: 0x80004c38 (0x404a0cb3) sub     s9, s4, tp
core   0: 3 0x80004c38 (0x404a0cb3) x25 0xddd8dbc4
core   0: 0x80004c3c (0x009a90b3) sll     ra, s5, s1
core   0: 3 0x80004c3c (0x009a90b3) x 1 0x00060200
core   0: 0x80004c40 (0x01583633) sltu    a2, a6, s5
core   0: 3 0x80004c40 (0x01583633) x12 0x00000000
core   0: 0x80004c44 (0x035c46b3) div     a3, s8, s5
core   0: 3 0x80004c44 (0x035c46b3) x13 0x00000000
core   0: 0x80004c48 (0x02b826b3) mulhsu  a3, a6, a1
core   0: 3 0x80004c48 (0x02b826b3) x13 0x94a3287c
core   0: 0x80004c4c (0x32180ab7) lui     s5, 0x32180
core   0: 3 0x80004c4c (0x32180ab7) x21 0x32180000
core   0: 0x80004c50 (0x0266b1b3) mulhu   gp, a3, t1
core   0: 3 0x80004c50 (0x0266b1b3) x 3 0x7cad7914
core   0: 0x80004c54 (0x0293c933) div     s2, t2, s1
core   0: 3 0x80004c54 (0x0293c933) x18 0x0002184b
core   0: 0x80004c58 (0x017ade33) srl     t3, s5, s7
core   0: 3 0x80004c58 (0x017ade33) x28 0x00000003
core   0: 0x80004c5c (0x70ce7893) andi    a7, t3, 1804
core   0: 3 0x80004c5c (0x70ce7893) x17 0x00000000
core   0: 0x80004c60 (0xfde4fa93) andi    s5, s1, -34
core   0: 3 0x80004c60 (0xfde4fa93) x21 0xffffc2c6
core   0: 0x80004c64 (0x034fd133) divu    sp, t6, s4
core   0: 3 0x80004c64 (0x034fd133) x 2 0x00000001
core   0: 0x80004c68 (0x997f3613) sltiu   a2, t5, -1641
core   0: 3 0x80004c68 (0x997f3613) x12 0x00000000
core   0: 0x80004c6c (0x03b6c6b3) div     a3, a3, s11
core   0: 3 0x80004c6c (0x03b6c6b3) x13 0x00000000
core   0: 0x80004c70 (0xc3513b93) sltiu   s7, sp, -971
core   0: 3 0x80004c70 (0xc3513b93) x23 0x00000001
core   0: 0x80004c74 (0xd70120b7) lui     ra, 0xd7012
core   0: 3 0x80004c74 (0xd70120b7) x 1 0xd7012000
core   0: 0x80004c78 (0xf6acaf13) slti    t5, s9, -150
core   0: 3 0x80004c78 (0xf6acaf13) x30 0x00000001
core   0: 0x80004c7c (0x02393bb3) mulhu   s7, s2, gp
core   0: 3 0x80004c7c (0x02393bb3) x23 0x0001052f
core   0: 0x80004c80 (0x0223ff33) remu    t5, t2, sp
core   0: 3 0x80004c80 (0x0223ff33) x30 0x00000000
core   0: 0x80004c84 (0x956b2193) slti    gp, s6, -1706
core   0: 3 0x80004c84 (0x956b2193) x 3 0x00000000
core   0: 0x80004c88 (0x02ffcd33) div     s10, t6, a5
core   0: 3 0x80004c88 (0x02ffcd33) x26 0x04000000
core   0: 0x80004c8c (0x00c6f033) and     zero, a3, a2
core   0: 3 0x80004c8c (0x00c6f033)
core   0: 0x80004c90 (0x00000013) nop
core   0: 3 0x80004c90 (0x00000013)
core   0: 0x80004c94 (0x036e5b33) divu    s6, t3, s6
core   0: 3 0x80004c94 (0x036e5b33) x22 0x00000000
core   0: 0x80004c98 (0x6f6a1c97) auipc   s9, 0x6f6a1
core   0: 3 0x80004c98 (0x6f6a1c97) x25 0xef6a5c98
core   0: 0x80004c9c (0x8e99f293) andi    t0, s3, -1815
core   0: 3 0x80004c9c (0x8e99f293) x 5 0x00000009
core   0: 0x80004ca0 (0x40e5d533) sra     a0, a1, a4
core   0: 3 0x80004ca0 (0x40e5d533) x10 0xfffd6bbe
core   0: 0x80004ca4 (0x0102aeb3) slt     t4, t0, a6
core   0: 3 0x80004ca4 (0x0102aeb3) x29 0x00000000
core   0: 0x80004ca8 (0x00000013) nop
core   0: 3 0x80004ca8 (0x00000013)
core   0: 0x80004cac (0x00069633) sll     a2, a3, zero
core   0: 3 0x80004cac (0x00069633) x12 0x00000000
core   0: 0x80004cb0 (0x00b12bb3) slt     s7, sp, a1
core   0: 3 0x80004cb0 (0x00b12bb3) x23 0x00000000
core   0: 0x80004cb4 (0x41b284b3) sub     s1, t0, s11
core   0: 3 0x80004cb4 (0x41b284b3) x 9 0x7ffe7325
core   0: 0x80004cb8 (0x039ac933) div     s2, s5, s9
core   0: 3 0x80004cb8 (0x039ac933) x18 0x00000000
core   0: 0x80004cbc (0x0c1912b7) lui     t0, 0xc191
core   0: 3 0x80004cbc (0x0c1912b7) x 5 0x0c191000
core   0: 0x80004cc0 (0x026137b3) mulhu   a5, sp, t1
core   0: 3 0x80004cc0 (0x026137b3) x15 0x00000000
core   0: 0x80004cc4 (0x02e91f33) mulh    t5, s2, a4
core   0: 3 0x80004cc4 (0x02e91f33) x30 0x00000000
core   0: 0x80004cc8 (0x00f09793) slli    a5, ra, 15
core   0: 3 0x80004cc8 (0x00f09793) x15 0x90000000
core   0: 0x80004ccc (0x01d21533) sll     a0, tp, t4
core   0: 3 0x80004ccc (0x01d21533) x10 0xb97e4000
core   0: 0x80004cd0 (0x032bbcb3) mulhu   s9, s7, s2
core   0: 3 0x80004cd0 (0x032bbcb3) x25 0x00000000
core   0: 0x80004cd4 (0x00b636b3) sltu    a3, a2, a1
core   0: 3 0x80004cd4 (0x00b636b3) x13 0x00000001
core   0: 0x80004cd8 (0x01c1d193) srli    gp, gp, 28
core   0: 3 0x80004cd8 (0x01c1d193) x 3 0x00000000
core   0: 0x80004cdc (0x749e2793) slti    a5, t3, 1865
core   0: 3 0x80004cdc (0x749e2793) x15 0x00000001
core   0: 0x80004ce0 (0x02dbccb3) div     s9, s7, a3
core   0: 3 0x80004ce0 (0x02dbccb3) x25 0x00000000
core   0: 0x80004ce4 (0x013dd1b3) srl     gp, s11, s3
core   0: 3 0x80004ce4 (0x013dd1b3) x 3 0x00100031
core   0: 0x80004ce8 (0x01d5d193) srli    gp, a1, 29
core   0: 3 0x80004ce8 (0x01d5d193) x 3 0x00000006
core   0: 0x80004cec (0x03e194b3) mulh    s1, gp, t5
core   0: 3 0x80004cec (0x03e194b3) x 9 0x00000000
core   0: 0x80004cf0 (0x02e1a733) mulhsu  a4, gp, a4
core   0: 3 0x80004cf0 (0x02e1a733) x14 0x00000005
core   0: 0x80004cf4 (0x01d94ab3) xor     s5, s2, t4
core   0: 3 0x80004cf4 (0x01d94ab3) x21 0x00000000
core   0: 0x80004cf8 (0x41f1deb3) sra     t4, gp, t6
core   0: 3 0x80004cf8 (0x41f1deb3) x29 0x00000006
core   0: 0x80004cfc (0x0091f8b3) and     a7, gp, s1
core   0: 3 0x80004cfc (0x0091f8b3) x17 0x00000000
core   0: 0x80004d00 (0x03999c33) mulh    s8, s3, s9
core   0: 3 0x80004d00 (0x03999c33) x24 0x00000000
core   0: 0x80004d04 (0x02abe8b3) rem     a7, s7, a0
core   0: 3 0x80004d04 (0x02abe8b3) x17 0x00000000
core   0: 0x80004d08 (0x02a7e1b3) rem     gp, a5, a0
core   0: 3 0x80004d08 (0x02a7e1b3) x 3 0x00000001
core   0: 0x80004d0c (0x86dcfb97) auipc   s7, 0x86dcf
core   0: 3 0x80004d0c (0x86dcfb97) x23 0x06dd3d0c
core   0: 0x80004d10 (0x02d4f333) remu    t1, s1, a3
core   0: 3 0x80004d10 (0x02d4f333) x 6 0x00000000
core   0: 0x80004d14 (0x013b5b33) srl     s6, s6, s3
core   0: 3 0x80004d14 (0x013b5b33) x22 0x00000000
core   0: 0x80004d18 (0xe7336693) ori     a3, t1, -397
core   0: 3 0x80004d18 (0xe7336693) x13 0xfffffe73
core   0: 0x80004d1c (0x039718b3) mulh    a7, a4, s9
core   0: 3 0x80004d1c (0x039718b3) x17 0x00000000
core   0: 0x80004d20 (0x03e6feb3) remu    t4, a3, t5
core   0: 3 0x80004d20 (0x03e6feb3) x29 0xfffffe73
core   0: 0x80004d24 (0x67474393) xori    t2, a4, 1652
core   0: 3 0x80004d24 (0x67474393) x 7 0x00000671
core   0: 0x80004d28 (0x0127ce33) xor     t3, a5, s2
core   0: 3 0x80004d28 (0x0127ce33) x28 0x00000001
core   0: 0x80004d2c (0x6b1a4193) xori    gp, s4, 1713
core   0: 3 0x80004d2c (0x6b1a4193) x 3 0x97571d75
core   0: 0x80004d30 (0x67624013) xori    zero, tp, 1654
core   0: 3 0x80004d30 (0x67624013)
core   0: 0x80004d34 (0x008b2c33) slt     s8, s6, s0
core   0: 3 0x80004d34 (0x008b2c33) x24 0x00000001
core   0: 0x80004d38 (0xb6a03913) sltiu   s2, zero, -1174
core   0: 3 0x80004d38 (0xb6a03913) x18 0x00000001
core   0: 0x80004d3c (0x03382f33) mulhsu  t5, a6, s3
core   0: 3 0x80004d3c (0x03382f33) x30 0xfffffffa
core   0: 0x80004d40 (0x00e6d033) srl     zero, a3, a4
core   0: 3 0x80004d40 (0x00e6d033)
core   0: 0x80004d44 (0x40585bb3) sra     s7, a6, t0
core   0: 3 0x80004d44 (0x40585bb3) x23 0x80014e64
core   0: 0x80004d48 (0x48417593) andi    a1, sp, 1156
core   0: 3 0x80004d48 (0x48417593) x11 0x00000000
core   0: 0x80004d4c (0x40b758b3) sra     a7, a4, a1
core   0: 3 0x80004d4c (0x40b758b3) x17 0x00000005
core   0: 0x80004d50 (0x011a9493) slli    s1, s5, 17
core   0: 3 0x80004d50 (0x011a9493) x 9 0x00000000
core   0: 0x80004d54 (0x00908333) add     t1, ra, s1
core   0: 3 0x80004d54 (0x00908333) x 6 0xd7012000
core   0: 0x80004d58 (0x03d91cb3) mulh    s9, s2, t4
core   0: 3 0x80004d58 (0x03d91cb3) x25 0xffffffff
core   0: 0x80004d5c (0x748df613) andi    a2, s11, 1864
core   0: 3 0x80004d5c (0x748df613) x12 0x00000440
core   0: 0x80004d60 (0x02ebb4b3) mulhu   s1, s7, a4
core   0: 3 0x80004d60 (0x02ebb4b3) x 9 0x00000002
core   0: 0x80004d64 (0x41d9dc93) srai    s9, s3, 29
core   0: 3 0x80004d64 (0x41d9dc93) x25 0x00000000
core   0: 0x80004d68 (0x400488b3) sub     a7, s1, zero
core   0: 3 0x80004d68 (0x400488b3) x17 0x00000002
core   0: 0x80004d6c (0x41e25613) srai    a2, tp, 30
core   0: 3 0x80004d6c (0x41e25613) x12 0xfffffffe
core   0: 0x80004d70 (0x415256b3) sra     a3, tp, s5
core   0: 3 0x80004d70 (0x415256b3) x13 0xb97e4000
core   0: 0x80004d74 (0x6b1d5e37) lui     t3, 0x6b1d5
core   0: 3 0x80004d74 (0x6b1d5e37) x28 0x6b1d5000
core   0: 0x80004d78 (0x0256bbb3) mulhu   s7, a3, t0
core   0: 3 0x80004d78 (0x0256bbb3) x23 0x08c413ec
core   0: 0x80004d7c (0x98cf2513) slti    a0, t5, -1652
core   0: 3 0x80004d7c (0x98cf2513) x10 0x00000000
core   0: 0x80004d80 (0x6214b713) sltiu   a4, s1, 1569
core   0: 3 0x80004d80 (0x6214b713) x14 0x00000001
core   0: 0x80004d84 (0x03f02033) mulhsu  zero, zero, t6
core   0: 3 0x80004d84 (0x03f02033)
core   0: 0x80004d88 (0x7877b493) sltiu   s1, a5, 1927
core   0: 3 0x80004d88 (0x7877b493) x 9 0x00000001
core   0: 0x80004d8c (0x00f98bb3) add     s7, s3, a5
core   0: 3 0x80004d8c (0x00f98bb3) x23 0x0000000c
core   0: 0x80004d90 (0x03e71fb3) mulh    t6, a4, t5
core   0: 3 0x80004d90 (0x03e71fb3) x31 0xffffffff
core   0: 0x80004d94 (0x027c4913) xori    s2, s8, 39
core   0: 3 0x80004d94 (0x027c4913) x18 0x00000026
core   0: 0x80004d98 (0x029961b3) rem     gp, s2, s1
core   0: 3 0x80004d98 (0x029961b3) x 3 0x00000000
core   0: 0x80004d9c (0x015fe533) or      a0, t6, s5
core   0: 3 0x80004d9c (0x015fe533) x10 0xffffffff
core   0: 0x80004da0 (0x01731eb3) sll     t4, t1, s7
core   0: 3 0x80004da0 (0x01731eb3) x29 0x12000000
core   0: 0x80004da4 (0x0120bd33) sltu    s10, ra, s2
core   0: 3 0x80004da4 (0x0120bd33) x26 0x00000000
core   0: 0x80004da8 (0x5770ee93) ori     t4, ra, 1399
core   0: 3 0x80004da8 (0x5770ee93) x29 0xd7012577
core   0: 0x80004dac (0x030931b3) mulhu   gp, s2, a6
core   0: 3 0x80004dac (0x030931b3) x 3 0x00000013
core   0: 0x80004db0 (0x40abd693) srai    a3, s7, 10
core   0: 3 0x80004db0 (0x40abd693) x13 0x00000000
core   0: 0x80004db4 (0x00d4fa33) and     s4, s1, a3
core   0: 3 0x80004db4 (0x00d4fa33) x20 0x00000000
core   0: 0x80004db8 (0x03d15733) divu    a4, sp, t4
core   0: 3 0x80004db8 (0x03d15733) x14 0x00000000
core   0: 0x80004dbc (0x005a88b3) add     a7, s5, t0
core   0: 3 0x80004dbc (0x005a88b3) x17 0x0c191000
core   0: 0x80004dc0 (0x025a0233) mul     tp, s4, t0
core   0: 3 0x80004dc0 (0x025a0233) x 4 0x00000000
core   0: 0x80004dc4 (0x41f78cb3) sub     s9, a5, t6
core   0: 3 0x80004dc4 (0x41f78cb3) x25 0x00000002
core   0: 0x80004dc8 (0xd6132f93) slti    t6, t1, -671
core   0: 3 0x80004dc8 (0xd6132f93) x31 0x00000001
core   0: 0x80004dcc (0x794e3013) sltiu   zero, t3, 1940
core   0: 3 0x80004dcc (0x794e3013)
core   0: 0x80004dd0 (0xe79e2a13) slti    s4, t3, -391
core   0: 3 0x80004dd0 (0xe79e2a13) x20 0x00000000
core   0: 0x80004dd4 (0x00000013) nop
core   0: 3 0x80004dd4 (0x00000013)
core   0: 0x80004dd8 (0xf14054b7) lui     s1, 0xf1405
core   0: 3 0x80004dd8 (0xf14054b7) x 9 0xf1405000
core   0: 0x80004ddc (0xa9167793) andi    a5, a2, -1391
core   0: 3 0x80004ddc (0xa9167793) x15 0xfffffa90
core   0: 0x80004de0 (0x006586b3) add     a3, a1, t1
core   0: 3 0x80004de0 (0x006586b3) x13 0xd7012000
core   0: 0x80004de4 (0x416edc93) srai    s9, t4, 22
core   0: 3 0x80004de4 (0x416edc93) x25 0xffffff5c
core   0: 0x80004de8 (0x00000013) nop
core   0: 3 0x80004de8 (0x00000013)
core   0: 0x80004dec (0x000d9293) slli    t0, s11, 0
core   0: 3 0x80004dec (0x000d9293) x 5 0x80018ce4
core   0: 0x80004df0 (0x03678c33) mul     s8, a5, s6
core   0: 3 0x80004df0 (0x03678c33) x24 0x00000000
core   0: 0x80004df4 (0x01b85b13) srli    s6, a6, 27
core   0: 3 0x80004df4 (0x01b85b13) x22 0x00000010
core   0: 0x80004df8 (0x008d9b93) slli    s7, s11, 8
core   0: 3 0x80004df8 (0x008d9b93) x23 0x018ce400
core   0: 0x80004dfc (0x0050bb33) sltu    s6, ra, t0
core   0: 3 0x80004dfc (0x0050bb33) x22 0x00000000
core   0: 0x80004e00 (0x039a4cb3) div     s9, s4, s9
core   0: 3 0x80004e00 (0x039a4cb3) x25 0x00000000
core   0: 0x80004e04 (0x41428cb3) sub     s9, t0, s4
core   0: 3 0x80004e04 (0x41428cb3) x25 0x80018ce4
core   0: 0x80004e08 (0x009b9533) sll     a0, s7, s1
core   0: 3 0x80004e08 (0x009b9533) x10 0x018ce400
core   0: 0x80004e0c (0x4a88eb93) ori     s7, a7, 1192
core   0: 3 0x80004e0c (0x4a88eb93) x23 0x0c1914a8
core   0: 0x80004e10 (0x41348933) sub     s2, s1, s3
core   0: 3 0x80004e10 (0x41348933) x18 0xf1404ff5
core   0: 0x80004e14 (0x03db3b33) mulhu   s6, s6, t4
core   0: 3 0x80004e14 (0x03db3b33) x22 0x00000000
core   0: 0x80004e18 (0x0126b933) sltu    s2, a3, s2
core   0: 3 0x80004e18 (0x0126b933) x18 0x00000001
core   0: 0x80004e1c (0x03b33fb3) mulhu   t6, t1, s11
core   0: 3 0x80004e1c (0x03b33fb3) x31 0x6b81dd55
core   0: 0x80004e20 (0x02c44b33) div     s6, s0, a2
core   0: 3 0x80004e20 (0x02c44b33) x22 0x00000000
core   0: 0x80004e24 (0x01bf50b3) srl     ra, t5, s11
core   0: 3 0x80004e24 (0x01bf50b3) x 1 0x0fffffff
core   0: 0x80004e28 (0x026ff3b3) remu    t2, t6, t1
core   0: 3 0x80004e28 (0x026ff3b3) x 7 0x6b81dd55
core   0: 0x80004e2c (0x02c51c33) mulh    s8, a0, a2
core   0: 3 0x80004e2c (0x02c51c33) x24 0xffffffff
core   0: 0x80004e30 (0x417d8cb3) sub     s9, s11, s7
core   0: 3 0x80004e30 (0x417d8cb3) x25 0x73e8783c
core   0: 0x80004e34 (0x404fd533) sra     a0, t6, tp
core   0: 3 0x80004e34 (0x404fd533) x10 0x6b81dd55
core   0: 0x80004e38 (0x01329b33) sll     s6, t0, s3
core   0: 3 0x80004e38 (0x01329b33) x22 0x0c672000
core   0: 0x80004e3c (0x6f87cb93) xori    s7, a5, 1784
core   0: 3 0x80004e3c (0x6f87cb93) x23 0xfffffc68
core   0: 0x80004e40 (0xc2f51917) auipc   s2, 0xc2f51
core   0: 3 0x80004e40 (0xc2f51917) x18 0x42f55e40
core   0: 0x80004e44 (0x038d6933) rem     s2, s10, s8
core   0: 3 0x80004e44 (0x038d6933) x18 0x00000000
core   0: 0x80004e48 (0x00af1e33) sll     t3, t5, a0
core   0: 3 0x80004e48 (0x00af1e33) x28 0xff400000
core   0: 0x80004e4c (0x03b862b3) rem     t0, a6, s11
core   0: 3 0x80004e4c (0x03b862b3) x 5 0xffffc180
core   0: 0x80004e50 (0x3fe9ca93) xori    s5, s3, 1022
core   0: 3 0x80004e50 (0x3fe9ca93) x21 0x000003f5
core   0: 0x80004e54 (0x41bc81b3) sub     gp, s9, s11
core   0: 3 0x80004e54 (0x41bc81b3) x 3 0xf3e6eb58
core   0: 0x80004e58 (0x018b2c33) slt     s8, s6, s8
core   0: 3 0x80004e58 (0x018b2c33) x24 0x00000000
core   0: 0x80004e5c (0x00f986b3) add     a3, s3, a5
core   0: 3 0x80004e5c (0x00f986b3) x13 0xfffffa9b
core   0: 0x80004e60 (0x033b7cb3) remu    s9, s6, s3
core   0: 3 0x80004e60 (0x033b7cb3) x25 0x00000005
core   0: 0x80004e64 (0x400c0f33) sub     t5, s8, zero
core   0: 3 0x80004e64 (0x400c0f33) x30 0x00000000
core   0: 0x80004e68 (0x01932fb3) slt     t6, t1, s9
core   0: 3 0x80004e68 (0x01932fb3) x31 0x00000001
core   0: 0x80004e6c (0x01ad9e13) slli    t3, s11, 26
core   0: 3 0x80004e6c (0x01ad9e13) x28 0x90000000
core   0: 0x80004e70 (0x1e00fc13) andi    s8, ra, 480
core   0: 3 0x80004e70 (0x1e00fc13) x24 0x000001e0
core   0: 0x80004e74 (0x0388fcb3) remu    s9, a7, s8
core   0: 3 0x80004e74 (0x0388fcb3) x25 0x00000080
core   0: 0x80004e78 (0x00279033) sll     zero, a5, sp
core   0: 3 0x80004e78 (0x00279033)
core   0: 0x80004e7c (0x330b44b7) lui     s1, 0x330b4
core   0: 3 0x80004e7c (0x330b44b7) x 9 0x330b4000
core   0: 0x80004e80 (0x00c804b3) add     s1, a6, a2
core   0: 3 0x80004e80 (0x00c804b3) x 9 0x80014e62
core   0: 0x80004e84 (0xe9f014b7) lui     s1, 0xe9f01
core   0: 3 0x80004e84 (0xe9f014b7) x 9 0xe9f01000
core   0: 0x80004e88 (0x023d5eb3) divu    t4, s10, gp
core   0: 3 0x80004e88 (0x023d5eb3) x29 0x00000000
core   0: 0x80004e8c (0x004ba1b3) slt     gp, s7, tp
core   0: 3 0x80004e8c (0x004ba1b3) x 3 0x00000001
core   0: 0x80004e90 (0x03e5a333) mulhsu  t1, a1, t5
core   0: 3 0x80004e90 (0x03e5a333) x 6 0x00000000
core   0: 0x80004e94 (0x00ea0333) add     t1, s4, a4
core   0: 3 0x80004e94 (0x00ea0333) x 6 0x00000000
core   0: 0x80004e98 (0x02b4ebb3) rem     s7, s1, a1
core   0: 3 0x80004e98 (0x02b4ebb3) x23 0xe9f01000
core   0: 0x80004e9c (0xa1fff917) auipc   s2, 0xa1fff
core   0: 3 0x80004e9c (0xa1fff917) x18 0x22003e9c
core   0: 0x80004ea0 (0x01cfc1b3) xor     gp, t6, t3
core   0: 3 0x80004ea0 (0x01cfc1b3) x 3 0x90000001
core   0: 0x80004ea4 (0x009bd713) srli    a4, s7, 9
core   0: 3 0x80004ea4 (0x009bd713) x14 0x0074f808
core   0: 0x80004ea8 (0x004f9fb3) sll     t6, t6, tp
core   0: 3 0x80004ea8 (0x004f9fb3) x31 0x00000001
core   0: 0x80004eac (0xff14f613) andi    a2, s1, -15
core   0: 3 0x80004eac (0xff14f613) x12 0xe9f01000
core   0: 0x80004eb0 (0x0187d193) srli    gp, a5, 24
core   0: 3 0x80004eb0 (0x0187d193) x 3 0x000000ff
core   0: 0x80004eb4 (0x41b8d313) srai    t1, a7, 27
core   0: 3 0x80004eb4 (0x41b8d313) x 6 0x00000001
core   0: 0x80004eb8 (0x013c85b3) add     a1, s9, s3
core   0: 3 0x80004eb8 (0x013c85b3) x11 0x0000008b
core   0: 0x80004ebc (0x00511733) sll     a4, sp, t0
core   0: 3 0x80004ebc (0x00511733) x14 0x00000001
core   0: 0x80004ec0 (0x000591b3) sll     gp, a1, zero
core   0: 3 0x80004ec0 (0x000591b3) x 3 0x0000008b
core   0: 0x80004ec4 (0x55bb2a93) slti    s5, s6, 1371
core   0: 3 0x80004ec4 (0x55bb2a93) x21 0x00000000
core   0: 0x80004ec8 (0x000474b3) and     s1, s0, zero
core   0: 3 0x80004ec8 (0x000474b3) x 9 0x00000000
core   0: 0x80004ecc (0x404b8b33) sub     s6, s7, tp
core   0: 3 0x80004ecc (0x404b8b33) x22 0xe9f01000
core   0: 0x80004ed0 (0x0037c1b3) xor     gp, a5, gp
core   0: 3 0x80004ed0 (0x0037c1b3) x 3 0xfffffa1b
core   0: 0x80004ed4 (0x00a8a933) slt     s2, a7, a0
core   0: 3 0x80004ed4 (0x00a8a933) x18 0x00000001
core   0: 0x80004ed8 (0x8f880437) lui     s0, 0x8f880
core   0: 3 0x80004ed8 (0x8f880437) x 8 0x8f880000
core   0: 0x80004edc (0x0186f933) and     s2, a3, s8
core   0: 3 0x80004edc (0x0186f933) x18 0x00000080
core   0: 0x80004ee0 (0x013896b3) sll     a3, a7, s3
core   0: 3 0x80004ee0 (0x013896b3) x13 0xc8800000
core   0: 0x80004ee4 (0x01f92e33) slt     t3, s2, t6
core   0: 3 0x80004ee4 (0x01f92e33) x28 0x00000000
core   0: 0x80004ee8 (0x0093eab3) or      s5, t2, s1
core   0: 3 0x80004ee8 (0x0093eab3) x21 0x6b81dd55
core   0: 0x80004eec (0xee1d4337) lui     t1, 0xee1d4
core   0: 3 0x80004eec (0xee1d4337) x 6 0xee1d4000
core   0: 0x80004ef0 (0x015f9313) slli    t1, t6, 21
core   0: 3 0x80004ef0 (0x015f9313) x 6 0x00200000
core   0: 0x80004ef4 (0x01b70333) add     t1, a4, s11
core   0: 3 0x80004ef4 (0x01b70333) x 6 0x80018ce5
core   0: 0x80004ef8 (0x0336d533) divu    a0, a3, s3
core   0: 3 0x80004ef8 (0x0336d533) x10 0x123a2e8b
core   0: 0x80004efc (0x418cd893) srai    a7, s9, 24
core   0: 3 0x80004efc (0x418cd893) x17 0x00000000
core   0: 0x80004f00 (0x032a6733) rem     a4, s4, s2
core   0: 3 0x80004f00 (0x032a6733) x14 0x00000000
core   0: 0x80004f04 (0x5f3c0213) addi    tp, s8, 1523
core   0: 3 0x80004f04 (0x5f3c0213) x 4 0x000007d3
core   0: 0x80004f08 (0xa0e8c1b7) lui     gp, 0xa0e8c
core   0: 3 0x80004f08 (0xa0e8c1b7) x 3 0xa0e8c000
core   0: 0x80004f0c (0x40cd55b3) sra     a1, s10, a2
core   0: 3 0x80004f0c (0x40cd55b3) x11 0x00000000
core   0: 0x80004f10 (0x7755a193) slti    gp, a1, 1909
core   0: 3 0x80004f10 (0x7755a193) x 3 0x00000001
core   0: 0x80004f14 (0x40375933) sra     s2, a4, gp
core   0: 3 0x80004f14 (0x40375933) x18 0x00000000
core   0: 0x80004f18 (0xe5ec7337) lui     t1, 0xe5ec7
core   0: 3 0x80004f18 (0xe5ec7337) x 6 0xe5ec7000
core   0: 0x80004f1c (0x20676193) ori     gp, a4, 518
core   0: 3 0x80004f1c (0x20676193) x 3 0x00000206
core   0: 0x80004f20 (0x421c4b93) xori    s7, s8, 1057
core   0: 3 0x80004f20 (0x421c4b93) x23 0x000005c1
core   0: 0x80004f24 (0x77ea4eb7) lui     t4, 0x77ea4
core   0: 3 0x80004f24 (0x77ea4eb7) x29 0x77ea4000
core   0: 0x80004f28 (0xd666fd13) andi    s10, a3, -666
core   0: 3 0x80004f28 (0xd666fd13) x26 0xc8800000
core   0: 0x80004f2c (0x79b13f13) sltiu   t5, sp, 1947
core   0: 3 0x80004f2c (0x79b13f13) x30 0x00000001
core   0: 0x80004f30 (0x00044fb3) xor     t6, s0, zero
core   0: 3 0x80004f30 (0x00044fb3) x31 0x8f880000
core   0: 0x80004f34 (0x026f5cb3) divu    s9, t5, t1
core   0: 3 0x80004f34 (0x026f5cb3) x25 0x00000000
core   0: 0x80004f38 (0x03392233) mulhsu  tp, s2, s3
core   0: 3 0x80004f38 (0x03392233) x 4 0x00000000
core   0: 0x80004f3c (0x0367feb3) remu    t4, a5, s6
core   0: 3 0x80004f3c (0x0367feb3) x29 0x160fea90
core   0: 0x80004f40 (0x00bba533) slt     a0, s7, a1
core   0: 3 0x80004f40 (0x00bba533) x10 0x00000000
core   0: 0x80004f44 (0x00029733) sll     a4, t0, zero
core   0: 3 0x80004f44 (0x00029733) x14 0xffffc180
core   0: 0x80004f48 (0x407fd113) srai    sp, t6, 7
core   0: 3 0x80004f48 (0x407fd113) x 2 0xff1f1000
core   0: 0x80004f4c (0x01c75913) srli    s2, a4, 28
core   0: 3 0x80004f4c (0x01c75913) x18 0x0000000f
core   0: 0x80004f50 (0xc811b697) auipc   a3, 0xc811b
core   0: 3 0x80004f50 (0xc811b697) x13 0x4811ff50
core   0: 0x80004f54 (0x66f741b7) lui     gp, 0x66f74
core   0: 3 0x80004f54 (0x66f741b7) x 3 0x66f74000
core   0: 0x80004f58 (0x02168e33) mul     t3, a3, ra
core   0: 3 0x80004f58 (0x02168e33) x28 0xb7ee00b0
core   0: 0x80004f5c (0x7bb53013) sltiu   zero, a0, 1979
core   0: 3 0x80004f5c (0x7bb53013)
core   0: 0x80004f60 (0x01c006b3) add     a3, zero, t3
core   0: 3 0x80004f60 (0x01c006b3) x13 0xb7ee00b0
core   0: 0x80004f64 (0x033fa033) mulhsu  zero, t6, s3
core   0: 3 0x80004f64 (0x033fa033)
core   0: 0x80004f68 (0x00bcbc33) sltu    s8, s9, a1
core   0: 3 0x80004f68 (0x00bcbc33) x24 0x00000000
core   0: 0x80004f6c (0x01749c93) slli    s9, s1, 23
core   0: 3 0x80004f6c (0x01749c93) x25 0x00000000
core   0: 0x80004f70 (0x006604b3) add     s1, a2, t1
core   0: 3 0x80004f70 (0x006604b3) x 9 0xcfdc8000
core   0: 0x80004f74 (0x41e50cb3) sub     s9, a0, t5
core   0: 3 0x80004f74 (0x41e50cb3) x25 0xffffffff
core   0: 0x80004f78 (0x02b2f8b3) remu    a7, t0, a1
core   0: 3 0x80004f78 (0x02b2f8b3) x17 0xffffc180
core   0: 0x80004f7c (0x962f4c13) xori    s8, t5, -1694
core   0: 3 0x80004f7c (0x962f4c13) x24 0xfffff963
core   0: 0x80004f80 (0x00000013) nop
core   0: 3 0x80004f80 (0x00000013)
core   0: 0x80004f84 (0x016f3933) sltu    s2, t5, s6
core   0: 3 0x80004f84 (0x016f3933) x18 0x00000001
core   0: 0x80004f88 (0x027eb3b3) mulhu   t2, t4, t2
core   0: 3 0x80004f88 (0x027eb3b3) x 7 0x0943d822
core   0: 0x80004f8c (0x03e9b4b3) mulhu   s1, s3, t5
core   0: 3 0x80004f8c (0x03e9b4b3) x 9 0x00000000
core   0: 0x80004f90 (0xc9ccbc37) lui     s8, 0xc9ccb
core   0: 3 0x80004f90 (0xc9ccbc37) x24 0xc9ccb000
core   0: 0x80004f94 (0xdb5cc093) xori    ra, s9, -587
core   0: 3 0x80004f94 (0xdb5cc093) x 1 0x0000024a
core   0: 0x80004f98 (0x00000013) nop
core   0: 3 0x80004f98 (0x00000013)
core   0: 0x80004f9c (0xfc25ee93) ori     t4, a1, -62
core   0: 3 0x80004f9c (0xfc25ee93) x29 0xffffffc2
core   0: 0x80004fa0 (0x004e5fb3) srl     t6, t3, tp
core   0: 3 0x80004fa0 (0x004e5fb3) x31 0xb7ee00b0
core   0: 0x80004fa4 (0x56412b93) slti    s7, sp, 1380
core   0: 3 0x80004fa4 (0x56412b93) x23 0x00000001
core   0: 0x80004fa8 (0x18a40093) addi    ra, s0, 394
core   0: 3 0x80004fa8 (0x18a40093) x 1 0x8f88018a
core   0: 0x80004fac (0xd185f193) andi    gp, a1, -744
core   0: 3 0x80004fac (0xd185f193) x 3 0x00000000
core   0: 0x80004fb0 (0x03e3bb33) mulhu   s6, t2, t5
core   0: 3 0x80004fb0 (0x03e3bb33) x22 0x00000000
core   0: 0x80004fb4 (0x02c7efb3) rem     t6, a5, a2
core   0: 3 0x80004fb4 (0x02c7efb3) x31 0xfffffa90
core   0: 0x80004fb8 (0x40f6d133) sra     sp, a3, a5
core   0: 3 0x80004fb8 (0x40f6d133) x 2 0xffffb7ee
core   0: 0x80004fbc (0xde03b113) sltiu   sp, t2, -544
core   0: 3 0x80004fbc (0xde03b113) x 2 0x00000001
core   0: 0x80004fc0 (0x01c092b3) sll     t0, ra, t3
core   0: 3 0x80004fc0 (0x01c092b3) x 5 0x018a0000
core   0: 0x80004fc4 (0x02fdd7b3) divu    a5, s11, a5
core   0: 3 0x80004fc4 (0x02fdd7b3) x15 0x00000000
core   0: 0x80004fc8 (0x00000013) nop
core   0: 3 0x80004fc8 (0x00000013)
core   0: 0x80004fcc (0x03050233) mul     tp, a0, a6
core   0: 3 0x80004fcc (0x03050233) x 4 0x00000000
core   0: 0x80004fd0 (0x749f2193) slti    gp, t5, 1865
core   0: 3 0x80004fd0 (0x749f2193) x 3 0x00000001
core   0: 0x80004fd4 (0x03a577b3) remu    a5, a0, s10
core   0: 3 0x80004fd4 (0x03a577b3) x15 0x00000000
core   0: 0x80004fd8 (0x6df3f213) andi    tp, t2, 1759
core   0: 3 0x80004fd8 (0x6df3f213) x 4 0x00000002
core   0: 0x80004fdc (0x016ddf93) srli    t6, s11, 22
core   0: 3 0x80004fdc (0x016ddf93) x31 0x00000200
core   0: 0x80004fe0 (0x01037333) and     t1, t1, a6
core   0: 3 0x80004fe0 (0x01037333) x 6 0x80004000
core   0: 0x80004fe4 (0xfdcc7897) auipc   a7, 0xfdcc7
core   0: 3 0x80004fe4 (0xfdcc7897) x17 0x7dccbfe4
core   0: 0x80004fe8 (0x027aaab3) mulhsu  s5, s5, t2
core   0: 3 0x80004fe8 (0x027aaab3) x21 0x03e40e88
core   0: 0x80004fec (0x01b5d033) srl     zero, a1, s11
core   0: 3 0x80004fec (0x01b5d033)
core   0: 0x80004ff0 (0x0882bc93) sltiu   s9, t0, 136
core   0: 3 0x80004ff0 (0x0882bc93) x25 0x00000000
core   0: 0x80004ff4 (0x00acf7b3) and     a5, s9, a0
core   0: 3 0x80004ff4 (0x00acf7b3) x15 0x00000000
core   0: 0x80004ff8 (0x00efe5b3) or      a1, t6, a4
core   0: 3 0x80004ff8 (0x00efe5b3) x11 0xffffc380
core   0: 0x80004ffc (0x03056633) rem     a2, a0, a6
core   0: 3 0x80004ffc (0x03056633) x12 0x00000000
core   0: 0x80005000 (0x019fd893) srli    a7, t6, 25
core   0: 3 0x80005000 (0x019fd893) x17 0x00000000
core   0: 0x80005004 (0x01fcc433) xor     s0, s9, t6
core   0: 3 0x80005004 (0x01fcc433) x 8 0x00000200
core   0: 0x80005008 (0xdb97c213) xori    tp, a5, -583
core   0: 3 0x80005008 (0xdb97c213) x 4 0xfffffdb9
core   0: 0x8000500c (0x9f4ff193) andi    gp, t6, -1548
core   0: 3 0x8000500c (0x9f4ff193) x 3 0x00000000
core   0: 0x80005010 (0x0105f0b3) and     ra, a1, a6
core   0: 3 0x80005010 (0x0105f0b3) x 1 0x80014200
core   0: 0x80005014 (0x4e0ef313) andi    t1, t4, 1248
core   0: 3 0x80005014 (0x4e0ef313) x 6 0x000004c0
core   0: 0x80005018 (0x02b143b3) div     t2, sp, a1
core   0: 3 0x80005018 (0x02b143b3) x 7 0x00000000
core   0: 0x8000501c (0x00e29f33) sll     t5, t0, a4
core   0: 3 0x8000501c (0x00e29f33) x30 0x018a0000
core   0: 0x80005020 (0x00079113) slli    sp, a5, 0
core   0: 3 0x80005020 (0x00079113) x 2 0x00000000
core   0: 0x80005024 (0x01ac36b3) sltu    a3, s8, s10
core   0: 3 0x80005024 (0x01ac36b3) x13 0x00000000
core   0: 0x80005028 (0x03b36ab3) rem     s5, t1, s11
core   0: 3 0x80005028 (0x03b36ab3) x21 0x000004c0
core   0: 0x8000502c (0x00000013) nop
core   0: 3 0x8000502c (0x00000013)
core   0: 0x80005030 (0x037e1b33) mulh    s6, t3, s7
core   0: 3 0x80005030 (0x037e1b33) x22 0xffffffff
core   0: 0x80005034 (0x4111dc13) srai    s8, gp, 17
core   0: 3 0x80005034 (0x4111dc13) x24 0x00000000
core   0: 0x80005038 (0x414a8933) sub     s2, s5, s4
core   0: 3 0x80005038 (0x414a8933) x18 0x000004c0
core   0: 0x8000503c (0x40345513) srai    a0, s0, 3
core   0: 3 0x8000503c (0x40345513) x10 0x00000040
core   0: 0x80005040 (0x02f3d933) divu    s2, t2, a5
core   0: 3 0x80005040 (0x02f3d933) x18 0xffffffff
core   0: 0x80005044 (0x028f74b3) remu    s1, t5, s0
core   0: 3 0x80005044 (0x028f74b3) x 9 0x00000000
core   0: 0x80005048 (0x01f626b3) slt     a3, a2, t6
core   0: 3 0x80005048 (0x01f626b3) x13 0x00000001
core   0: 0x8000504c (0x01e320b3) slt     ra, t1, t5
core   0: 3 0x8000504c (0x01e320b3) x 1 0x00000001
core   0: 0x80005050 (0x40215933) sra     s2, sp, sp
core   0: 3 0x80005050 (0x40215933) x18 0x00000000
core   0: 0x80005054 (0x40ca50b3) sra     ra, s4, a2
core   0: 3 0x80005054 (0x40ca50b3) x 1 0x00000000
core   0: 0x80005058 (0x00000013) nop
core   0: 3 0x80005058 (0x00000013)
core   0: 0x8000505c (0x42142a93) slti    s5, s0, 1057
core   0: 3 0x8000505c (0x42142a93) x21 0x00000001
core   0: 0x80005060 (0x010205b3) add     a1, tp, a6
core   0: 3 0x80005060 (0x010205b3) x11 0x80014c1d
core   0: 0x80005064 (0x9d12ce97) auipc   t4, 0x9d12c
core   0: 3 0x80005064 (0x9d12ce97) x29 0x1d131064
core   0: 0x80005068 (0x02781633) mulh    a2, a6, t2
core   0: 3 0x80005068 (0x02781633) x12 0x00000000
core   0: 0x8000506c (0x02e74933) div     s2, a4, a4
core   0: 3 0x8000506c (0x02e74933) x18 0x00000001
core   0: 0x80005070 (0x40618a33) sub     s4, gp, t1
core   0: 3 0x80005070 (0x40618a33) x20 0xfffffb40
core   0: 0x80005074 (0x01d03133) snez    sp, t4
core   0: 3 0x80005074 (0x01d03133) x 2 0x00000001
core   0: 0x80005078 (0xfe643013) sltiu   zero, s0, -26
core   0: 3 0x80005078 (0xfe643013)
core   0: 0x8000507c (0x012c90b3) sll     ra, s9, s2
core   0: 3 0x8000507c (0x012c90b3) x 1 0x00000000
core   0: 0x80005080 (0x03a4af33) mulhsu  t5, s1, s10
core   0: 3 0x80005080 (0x03a4af33) x30 0x00000000
core   0: 0x80005084 (0x02a62c33) mulhsu  s8, a2, a0
core   0: 3 0x80005084 (0x02a62c33) x24 0x00000000
core   0: 0x80005088 (0x0309a0b3) mulhsu  ra, s3, a6
core   0: 3 0x80005088 (0x0309a0b3) x 1 0x00000005
core   0: 0x8000508c (0x02ce5d33) divu    s10, t3, a2
core   0: 3 0x8000508c (0x02ce5d33) x26 0xffffffff
core   0: 0x80005090 (0x00891313) slli    t1, s2, 8
core   0: 3 0x80005090 (0x00891313) x 6 0x00000100
core   0: 0x80005094 (0x0030ccb3) xor     s9, ra, gp
core   0: 3 0x80005094 (0x0030ccb3) x25 0x00000005
core   0: 0x80005098 (0x01af2133) slt     sp, t5, s10
core   0: 3 0x80005098 (0x01af2133) x 2 0x00000000
core   0: 0x8000509c (0x7a897793) andi    a5, s2, 1960
core   0: 3 0x8000509c (0x7a897793) x15 0x00000000
core   0: 0x800050a0 (0x018b1f33) sll     t5, s6, s8
core   0: 3 0x800050a0 (0x018b1f33) x30 0xffffffff
core   0: 0x800050a4 (0x00995193) srli    gp, s2, 9
core   0: 3 0x800050a4 (0x00995193) x 3 0x00000000
core   0: 0x800050a8 (0xcd464293) xori    t0, a2, -812
core   0: 3 0x800050a8 (0xcd464293) x 5 0xfffffcd4
core   0: 0x800050ac (0x008b5133) srl     sp, s6, s0
core   0: 3 0x800050ac (0x008b5133) x 2 0xffffffff
core   0: 0x800050b0 (0x011f2fb3) slt     t6, t5, a7
core   0: 3 0x800050b0 (0x011f2fb3) x31 0x00000001
core   0: 0x800050b4 (0x00a1e433) or      s0, gp, a0
core   0: 3 0x800050b4 (0x00a1e433) x 8 0x00000040
core   0: 0x800050b8 (0x00b10fb3) add     t6, sp, a1
core   0: 3 0x800050b8 (0x00b10fb3) x31 0x80014c1c
core   0: 0x800050bc (0x00aa6a33) or      s4, s4, a0
core   0: 3 0x800050bc (0x00aa6a33) x20 0xfffffb40
core   0: 0x800050c0 (0x3a2e4293) xori    t0, t3, 930
core   0: 3 0x800050c0 (0x3a2e4293) x 5 0xb7ee0312
core   0: 0x800050c4 (0x319da013) slti    zero, s11, 793
core   0: 3 0x800050c4 (0x319da013)
core   0: 0x800050c8 (0x02ec6433) rem     s0, s8, a4
core   0: 3 0x800050c8 (0x02ec6433) x 8 0x00000000
core   0: 0x800050cc (0x16072f13) slti    t5, a4, 352
core   0: 3 0x800050cc (0x16072f13) x30 0x00000001
core   0: 0x800050d0 (0x02c0b233) mulhu   tp, ra, a2
core   0: 3 0x800050d0 (0x02c0b233) x 4 0x00000000
core   0: 0x800050d4 (0x00c89033) sll     zero, a7, a2
core   0: 3 0x800050d4 (0x00c89033)
core   0: 0x800050d8 (0x82b7cbb7) lui     s7, 0x82b7c
core   0: 3 0x800050d8 (0x82b7cbb7) x23 0x82b7c000
core   0: 0x800050dc (0x011bde93) srli    t4, s7, 17
core   0: 3 0x800050dc (0x011bde93) x29 0x0000415b
core   0: 0x800050e0 (0x014d8533) add     a0, s11, s4
core   0: 3 0x800050e0 (0x014d8533) x10 0x80018824
core   0: 0x800050e4 (0x41585433) sra     s0, a6, s5
core   0: 3 0x800050e4 (0x41585433) x 8 0xc000a732
core   0: 0x800050e8 (0x9ce6fc37) lui     s8, 0x9ce6f
core   0: 3 0x800050e8 (0x9ce6fc37) x24 0x9ce6f000
core   0: 0x800050ec (0x02fd66b3) rem     a3, s10, a5
core   0: 3 0x800050ec (0x02fd66b3) x13 0xffffffff
core   0: 0x800050f0 (0x029906b3) mul     a3, s2, s1
core   0: 3 0x800050f0 (0x029906b3) x13 0x00000000
core   0: 0x800050f4 (0x61034013) xori    zero, t1, 1552
core   0: 3 0x800050f4 (0x61034013)
core   0: 0x800050f8 (0x80e4e697) auipc   a3, 0x80e4e
core   0: 3 0x800050f8 (0x80e4e697) x13 0x00e530f8
core   0: 0x800050fc (0xcc453b13) sltiu   s6, a0, -828
core   0: 3 0x800050fc (0xcc453b13) x22 0x00000001
core   0: 0x80005100 (0x40d6d693) srai    a3, a3, 13
core   0: 3 0x80005100 (0x40d6d693) x13 0x00000729
core   0: 0x80005104 (0x00462c13) slti    s8, a2, 4
core   0: 3 0x80005104 (0x00462c13) x24 0x00000001
core   0: 0x80005108 (0xf1befe37) lui     t3, 0xf1bef
core   0: 3 0x80005108 (0xf1befe37) x28 0xf1bef000
core   0: 0x8000510c (0x00000013) nop
core   0: 3 0x8000510c (0x00000013)
core   0: 0x80005110 (0x03b9dbb3) divu    s7, s3, s11
core   0: 3 0x80005110 (0x03b9dbb3) x23 0x00000000
core   0: 0x80005114 (0x0393c2b3) div     t0, t2, s9
core   0: 3 0x80005114 (0x0393c2b3) x 5 0x00000000
core   0: 0x80005118 (0x88137e93) andi    t4, t1, -1919
core   0: 3 0x80005118 (0x88137e93) x29 0x00000000
core   0: 0x8000511c (0x03365333) divu    t1, a2, s3
core   0: 3 0x8000511c (0x03365333) x 6 0x00000000
core   0: 0x80005120 (0x29d9f637) lui     a2, 0x29d9f
core   0: 3 0x80005120 (0x29d9f637) x12 0x29d9f000
core   0: 0x80005124 (0x412f8c33) sub     s8, t6, s2
core   0: 3 0x80005124 (0x412f8c33) x24 0x80014c1b
core   0: 0x80005128 (0x02d856b3) divu    a3, a6, a3
core   0: 3 0x80005128 (0x02d856b3) x13 0x0011e09e
core   0: 0x8000512c (0x019a6d33) or      s10, s4, s9
core   0: 3 0x8000512c (0x019a6d33) x26 0xfffffb45
core   0: 0x80005130 (0x022e78b3) remu    a7, t3, sp
core   0: 3 0x80005130 (0x022e78b3) x17 0xf1bef000
core   0: 0x80005134 (0x037c96b3) mulh    a3, s9, s7
core   0: 3 0x80005134 (0x037c96b3) x13 0x00000000
core   0: 0x80005138 (0xbbdcfe13) andi    t3, s9, -1091
core   0: 3 0x80005138 (0xbbdcfe13) x28 0x00000005
core   0: 0x8000513c (0x03f08333) mul     t1, ra, t6
core   0: 3 0x8000513c (0x03f08333) x 6 0x80067c8c
core   0: 0x80005140 (0x01a203b3) add     t2, tp, s10
core   0: 3 0x80005140 (0x01a203b3) x 7 0xfffffb45
core   0: 0x80005144 (0x01d3b733) sltu    a4, t2, t4
core   0: 3 0x80005144 (0x01d3b733) x14 0x00000000
core   0: 0x80005148 (0x00964cb3) xor     s9, a2, s1
core   0: 3 0x80005148 (0x00964cb3) x25 0x29d9f000
core   0: 0x8000514c (0x41ec0733) sub     a4, s8, t5
core   0: 3 0x8000514c (0x41ec0733) x14 0x80014c1a
core   0: 0x80005150 (0x012f44b3) xor     s1, t5, s2
core   0: 3 0x80005150 (0x012f44b3) x 9 0x00000000
core   0: 0x80005154 (0x4c340417) auipc   s0, 0x4c340
core   0: 3 0x80005154 (0x4c340417) x 8 0xcc345154
core   0: 0x80005158 (0x00231433) sll     s0, t1, sp
core   0: 3 0x80005158 (0x00231433) x 8 0x00000000
core   0: 0x8000515c (0xdcf357b7) lui     a5, 0xdcf35
core   0: 3 0x8000515c (0xdcf357b7) x15 0xdcf35000
core   0: 0x80005160 (0x41fb82b3) sub     t0, s7, t6
core   0: 3 0x80005160 (0x41fb82b3) x 5 0x7ffeb3e4
core   0: 0x80005164 (0x003986b3) add     a3, s3, gp
core   0: 3 0x80005164 (0x003986b3) x13 0x0000000b
core   0: 0x80005168 (0x013adcb3) srl     s9, s5, s3
core   0: 3 0x80005168 (0x013adcb3) x25 0x00000000
core   0: 0x8000516c (0x01e77133) and     sp, a4, t5
core   0: 3 0x8000516c (0x01e77133) x 2 0x00000000
core   0: 0x80005170 (0x401d5893) srai    a7, s10, 1
core   0: 3 0x80005170 (0x401d5893) x17 0xfffffda2
core   0: 0x80005174 (0xb62daf93) slti    t6, s11, -1182
core   0: 3 0x80005174 (0xb62daf93) x31 0x00000001
core   0: 0x80005178 (0x03ce8eb3) mul     t4, t4, t3
core   0: 3 0x80005178 (0x03ce8eb3) x29 0x00000000
core   0: 0x8000517c (0x221b0b37) lui     s6, 0x221b0
core   0: 3 0x8000517c (0x221b0b37) x22 0x221b0000
core   0: 0x80005180 (0x772f4193) xori    gp, t5, 1906
core   0: 3 0x80005180 (0x772f4193) x 3 0x00000773
core   0: 0x80005184 (0x00e611b3) sll     gp, a2, a4
core   0: 3 0x80005184 (0x00e611b3) x 3 0x00000000
core   0: 0x80005188 (0x479d3c13) sltiu   s8, s10, 1145
core   0: 3 0x80005188 (0x479d3c13) x24 0x00000000
core   0: 0x8000518c (0x035186b3) mul     a3, gp, s5
core   0: 3 0x8000518c (0x035186b3) x13 0x00000000
core   0: 0x80005190 (0x00415bb3) srl     s7, sp, tp
core   0: 3 0x80005190 (0x00415bb3) x23 0x00000000
core   0: 0x80005194 (0x016a8533) add     a0, s5, s6
core   0: 3 0x80005194 (0x016a8533) x10 0x221b0001
core   0: 0x80005198 (0x005db0b3) sltu    ra, s11, t0
core   0: 3 0x80005198 (0x005db0b3) x 1 0x00000000
core   0: 0x8000519c (0x03f93c33) mulhu   s8, s2, t6
core   0: 3 0x8000519c (0x03f93c33) x24 0x00000000
core   0: 0x800051a0 (0x00025eb3) srl     t4, tp, zero
core   0: 3 0x800051a0 (0x00025eb3) x29 0x00000000
core   0: 0x800051a4 (0x01416fb3) or      t6, sp, s4
core   0: 3 0x800051a4 (0x01416fb3) x31 0xfffffb40
core   0: 0x800051a8 (0x03e323b3) mulhsu  t2, t1, t5
core   0: 3 0x800051a8 (0x03e323b3) x 7 0xffffffff
core   0: 0x800051ac (0x41e78eb3) sub     t4, a5, t5
core   0: 3 0x800051ac (0x41e78eb3) x29 0xdcf34fff
core   0: 0x800051b0 (0x02109b33) mulh    s6, ra, ra
core   0: 3 0x800051b0 (0x02109b33) x22 0x00000000
core   0: 0x800051b4 (0xc0f84493) xori    s1, a6, -1009
core   0: 3 0x800051b4 (0xc0f84493) x 9 0x7ffeb26b
core   0: 0x800051b8 (0xaa284113) xori    sp, a6, -1374
core   0: 3 0x800051b8 (0xaa284113) x 2 0x7ffeb4c6
core   0: 0x800051bc (0x02c9e4b3) rem     s1, s3, a2
core   0: 3 0x800051bc (0x02c9e4b3) x 9 0x0000000b
core   0: 0x800051c0 (0x01cff1b3) and     gp, t6, t3
core   0: 3 0x800051c0 (0x01cff1b3) x 3 0x00000000
core   0: 0x800051c4 (0x48c72193) slti    gp, a4, 1164
core   0: 3 0x800051c4 (0x48c72193) x 3 0x00000001
core   0: 0x800051c8 (0x02a1a433) mulhsu  s0, gp, a0
core   0: 3 0x800051c8 (0x02a1a433) x 8 0x00000000
core   0: 0x800051cc (0x416855b3) sra     a1, a6, s6
core   0: 3 0x800051cc (0x416855b3) x11 0x80014e64
core   0: 0x800051d0 (0x0104e033) or      zero, s1, a6
core   0: 3 0x800051d0 (0x0104e033)
core   0: 0x800051d4 (0x01dfc233) xor     tp, t6, t4
core   0: 3 0x800051d4 (0x01dfc233) x 4 0x230cb4bf
core   0: 0x800051d8 (0xcd78e193) ori     gp, a7, -809
core   0: 3 0x800051d8 (0xcd78e193) x 3 0xfffffdf7
core   0: 0x800051dc (0x40135333) sra     t1, t1, ra
core   0: 3 0x800051dc (0x40135333) x 6 0x80067c8c
core   0: 0x800051e0 (0x00b72133) slt     sp, a4, a1
core   0: 3 0x800051e0 (0x00b72133) x 2 0x00000001
core   0: 0x800051e4 (0x9c85cc93) xori    s9, a1, -1592
core   0: 3 0x800051e4 (0x9c85cc93) x25 0x7ffeb7ac
core   0: 0x800051e8 (0x26ec6013) ori     zero, s8, 622
core   0: 3 0x800051e8 (0x26ec6013)
core   0: 0x800051ec (0x6a156bb7) lui     s7, 0x6a156
core   0: 3 0x800051ec (0x6a156bb7) x23 0x6a156000
core   0: 0x800051f0 (0x02db6a33) rem     s4, s6, a3
core   0: 3 0x800051f0 (0x02db6a33) x20 0x00000000
core   0: 0x800051f4 (0x02043633) mulhu   a2, s0, zero
core   0: 3 0x800051f4 (0x02043633) x12 0x00000000
core   0: 0x800051f8 (0x01800e33) add     t3, zero, s8
core   0: 3 0x800051f8 (0x01800e33) x28 0x00000000
core   0: 0x800051fc (0xce56a193) slti    gp, a3, -795
core   0: 3 0x800051fc (0xce56a193) x 3 0x00000000
core   0: 0x80005200 (0x944bcf93) xori    t6, s7, -1724
core   0: 3 0x80005200 (0x944bcf93) x31 0x95ea9944
core   0: 0x80005204 (0x02020ab3) mul     s5, tp, zero
core   0: 3 0x80005204 (0x02020ab3) x21 0x00000000
core   0: 0x80005208 (0x00901b33) sll     s6, zero, s1
core   0: 3 0x80005208 (0x00901b33) x22 0x00000000
core   0: 0x8000520c (0x7ebaec13) ori     s8, s5, 2027
core   0: 3 0x8000520c (0x7ebaec13) x24 0x000007eb
core   0: 0x80005210 (0x409ad593) srai    a1, s5, 9
core   0: 3 0x80005210 (0x409ad593) x11 0x00000000
core   0: 0x80005214 (0xff35ec93) ori     s9, a1, -13
core   0: 3 0x80005214 (0xff35ec93) x25 0xfffffff3
core   0: 0x80005218 (0x03362e33) mulhsu  t3, a2, s3
core   0: 3 0x80005218 (0x03362e33) x28 0x00000000
core   0: 0x8000521c (0xe73fc413) xori    s0, t6, -397
core   0: 3 0x8000521c (0xe73fc413) x 8 0x6a156737
core   0: 0x80005220 (0xa44ecd13) xori    s10, t4, -1468
core   0: 3 0x80005220 (0xa44ecd13) x26 0x230cb5bb
core   0: 0x80005224 (0x01e9b233) sltu    tp, s3, t5
core   0: 3 0x80005224 (0x01e9b233) x 4 0x00000000
core   0: 0x80005228 (0xc893e913) ori     s2, t2, -887
core   0: 3 0x80005228 (0xc893e913) x18 0xffffffff
core   0: 0x8000522c (0x00235b13) srli    s6, t1, 2
core   0: 3 0x8000522c (0x00235b13) x22 0x20019f23
core   0: 0x80005230 (0x03a00d33) mul     s10, zero, s10
core   0: 3 0x80005230 (0x03a00d33) x26 0x00000000
core   0: 0x80005234 (0x4009d893) srai    a7, s3, 0
core   0: 3 0x80005234 (0x4009d893) x17 0x0000000b
core   0: 0x80005238 (0x0265ba33) mulhu   s4, a1, t1
core   0: 3 0x80005238 (0x0265ba33) x20 0x00000000
core   0: 0x8000523c (0x015c62b3) or      t0, s8, s5
core   0: 3 0x8000523c (0x015c62b3) x 5 0x000007eb
core   0: 0x80005240 (0x417e5f13) srai    t5, t3, 23
core   0: 3 0x80005240 (0x417e5f13) x30 0x00000000
core   0: 0x80005244 (0x039fe333) rem     t1, t6, s9
core   0: 3 0x80005244 (0x039fe333) x 6 0xffffffff
core   0: 0x80005248 (0x00000013) nop
core   0: 3 0x80005248 (0x00000013)
core   0: 0x8000524c (0x004b1f33) sll     t5, s6, tp
core   0: 3 0x8000524c (0x004b1f33) x30 0x20019f23
core   0: 0x80005250 (0x004a5593) srli    a1, s4, 4
core   0: 3 0x80005250 (0x004a5593) x11 0x00000000
core   0: 0x80005254 (0x948f0413) addi    s0, t5, -1720
core   0: 3 0x80005254 (0x948f0413) x 8 0x2001986b
core   0: 0x80005258 (0x03b7e133) rem     sp, a5, s11
core   0: 3 0x80005258 (0x03b7e133) x 2 0xdcf35000
core   0: 0x8000525c (0x36126593) ori     a1, tp, 865
core   0: 3 0x8000525c (0x36126593) x11 0x00000361
core   0: 0x80005260 (0x8a536b93) ori     s7, t1, -1883
core   0: 3 0x80005260 (0x8a536b93) x23 0xffffffff
core   0: 0x80005264 (0x0186b3b3) sltu    t2, a3, s8
core   0: 3 0x80005264 (0x0186b3b3) x 7 0x00000001
core   0: 0x80005268 (0x0258c3b3) div     t2, a7, t0
core   0: 3 0x80005268 (0x0258c3b3) x 7 0x00000000
core   0: 0x8000526c (0x01617933) and     s2, sp, s6
core   0: 3 0x8000526c (0x01617933) x18 0x00011000
core   0: 0x80005270 (0x03412b33) mulhsu  s6, sp, s4
core   0: 3 0x80005270 (0x03412b33) x22 0x00000000
core   0: 0x80005274 (0x1ac20093) addi    ra, tp, 428
core   0: 3 0x80005274 (0x1ac20093) x 1 0x000001ac
core   0: 0x80005278 (0x40470f33) sub     t5, a4, tp
core   0: 3 0x80005278 (0x40470f33) x30 0x80014c1a
core   0: 0x8000527c (0xcbe50013) addi    zero, a0, -834
core   0: 3 0x8000527c (0xcbe50013)
core   0: 0x80005280 (0x001cf933) and     s2, s9, ra
core   0: 3 0x80005280 (0x001cf933) x18 0x000001a0
core   0: 0x80005284 (0x001e1433) sll     s0, t3, ra
core   0: 3 0x80005284 (0x001e1433) x 8 0x00000000
core   0: 0x80005288 (0x41c55e13) srai    t3, a0, 28
core   0: 3 0x80005288 (0x41c55e13) x28 0x00000002
core   0: 0x8000528c (0x01651c33) sll     s8, a0, s6
core   0: 3 0x8000528c (0x01651c33) x24 0x221b0001
core   0: 0x80005290 (0x03053eb3) mulhu   t4, a0, a6
core   0: 3 0x80005290 (0x03053eb3) x29 0x110dac8d
core   0: 0x80005294 (0x0030c2b3) xor     t0, ra, gp
core   0: 3 0x80005294 (0x0030c2b3) x 5 0x000001ac
core   0: 0x80005298 (0x002c3fb3) sltu    t6, s8, sp
core   0: 3 0x80005298 (0x002c3fb3) x31 0x00000001
core   0: 0x8000529c (0x00b35893) srli    a7, t1, 11
core   0: 3 0x8000529c (0x00b35893) x17 0x001fffff
core   0: 0x800052a0 (0x02356533) rem     a0, a0, gp
core   0: 3 0x800052a0 (0x02356533) x10 0x221b0001
core   0: 0x800052a4 (0x4180de33) sra     t3, ra, s8
core   0: 3 0x800052a4 (0x4180de33) x28 0x000000d6
core   0: 0x800052a8 (0x197b4b13) xori    s6, s6, 407
core   0: 3 0x800052a8 (0x197b4b13) x22 0x00000197
core   0: 0x800052ac (0x02f62933) mulhsu  s2, a2, a5
core   0: 3 0x800052ac (0x02f62933) x18 0x00000000
core   0: 0x800052b0 (0x01a325b3) slt     a1, t1, s10
core   0: 3 0x800052b0 (0x01a325b3) x11 0x00000001
core   0: 0x800052b4 (0x00239533) sll     a0, t2, sp
core   0: 3 0x800052b4 (0x00239533) x10 0x00000000
core   0: 0x800052b8 (0x00fbb0b3) sltu    ra, s7, a5
core   0: 3 0x800052b8 (0x00fbb0b3) x 1 0x00000000
core   0: 0x800052bc (0xe1582b93) slti    s7, a6, -491
core   0: 3 0x800052bc (0xe1582b93) x23 0x00000001
core   0: 0x800052c0 (0x00000013) nop
core   0: 3 0x800052c0 (0x00000013)
core   0: 0x800052c4 (0x039c84b3) mul     s1, s9, s9
core   0: 3 0x800052c4 (0x039c84b3) x 9 0x000000a9
core   0: 0x800052c8 (0x546dc493) xori    s1, s11, 1350
core   0: 3 0x800052c8 (0x546dc493) x 9 0x800189a2
core   0: 0x800052cc (0x0364dbb3) divu    s7, s1, s6
core   0: 3 0x800052cc (0x0364dbb3) x23 0x005083cc
core   0: 0x800052d0 (0x0244e613) ori     a2, s1, 36
core   0: 3 0x800052d0 (0x0244e613) x12 0x800189a6
core   0: 0x800052d4 (0x01d8cc33) xor     s8, a7, t4
core   0: 3 0x800052d4 (0x01d8cc33) x24 0x11125372
core   0: 0x800052d8 (0x901a4637) lui     a2, 0x901a4
core   0: 3 0x800052d8 (0x901a4637) x12 0x901a4000
core   0: 0x800052dc (0x5aea4b13) xori    s6, s4, 1454
core   0: 3 0x800052dc (0x5aea4b13) x22 0x000005ae
core   0: 0x800052e0 (0x01ac5c93) srli    s9, s8, 26
core   0: 3 0x800052e0 (0x01ac5c93) x25 0x00000004
core   0: 0x800052e4 (0x03db3433) mulhu   s0, s6, t4
core   0: 3 0x800052e4 (0x03db3433) x 8 0x00000060
core   0: 0x800052e8 (0x41fd0333) sub     t1, s10, t6
core   0: 3 0x800052e8 (0x41fd0333) x 6 0xffffffff
core   0: 0x800052ec (0xf6642897) auipc   a7, 0xf6642
core   0: 3 0x800052ec (0xf6642897) x17 0x766472ec
core   0: 0x800052f0 (0x00000013) nop
core   0: 3 0x800052f0 (0x00000013)
core   0: 0x800052f4 (0xeef42b93) slti    s7, s0, -273
core   0: 3 0x800052f4 (0xeef42b93) x23 0x00000000
core   0: 0x800052f8 (0x00ba5033) srl     zero, s4, a1
core   0: 3 0x800052f8 (0x00ba5033)
core   0: 0x800052fc (0x40ad88b3) sub     a7, s11, a0
core   0: 3 0x800052fc (0x40ad88b3) x17 0x80018ce4
core   0: 0x80005300 (0x029740b3) div     ra, a4, s1
core   0: 3 0x80005300 (0x029740b3) x 1 0x00000001
core   0: 0x80005304 (0x01127433) and     s0, tp, a7
core   0: 3 0x80005304 (0x01127433) x 8 0x00000000
core   0: 0x80005308 (0x038b46b3) div     a3, s6, s8
core   0: 3 0x80005308 (0x038b46b3) x13 0x00000000
core   0: 0x8000530c (0x40e0d6b3) sra     a3, ra, a4
core   0: 3 0x8000530c (0x40e0d6b3) x13 0x00000000
core   0: 0x80005310 (0x2877bb37) lui     s6, 0x2877b
core   0: 3 0x80005310 (0x2877bb37) x22 0x2877b000
core   0: 0x80005314 (0x4007df93) srai    t6, a5, 0
core   0: 3 0x80005314 (0x4007df93) x31 0xdcf35000
core   0: 0x80005318 (0x40955893) srai    a7, a0, 9
core   0: 3 0x80005318 (0x40955893) x17 0x00000000
core   0: 0x8000531c (0xae8a7113) andi    sp, s4, -1304
core   0: 3 0x8000531c (0xae8a7113) x 2 0x00000000
core   0: 0x80005320 (0x03fd61b3) rem     gp, s10, t6
core   0: 3 0x80005320 (0x03fd61b3) x 3 0x00000000
core   0: 0x80005324 (0xf7de0613) addi    a2, t3, -131
core   0: 3 0x80005324 (0xf7de0613) x12 0x00000053
core   0: 0x80005328 (0x07a3ae13) slti    t3, t2, 122
core   0: 3 0x80005328 (0x07a3ae13) x28 0x00000001
core   0: 0x8000532c (0x034c3f33) mulhu   t5, s8, s4
core   0: 3 0x8000532c (0x034c3f33) x30 0x00000000
core   0: 0x80005330 (0x037cc1b3) div     gp, s9, s7
core   0: 3 0x80005330 (0x037cc1b3) x 3 0xffffffff
core   0: 0x80005334 (0x40be52b3) sra     t0, t3, a1
core   0: 3 0x80005334 (0x40be52b3) x 5 0x00000000
core   0: 0x80005338 (0xd16abab7) lui     s5, 0xd16ab
core   0: 3 0x80005338 (0xd16abab7) x21 0xd16ab000
core   0: 0x8000533c (0xa0fe2a97) auipc   s5, 0xa0fe2
core   0: 3 0x8000533c (0xa0fe2a97) x21 0x20fe733c
core   0: 0x80005340 (0x039d3633) mulhu   a2, s10, s9
core   0: 3 0x80005340 (0x039d3633) x12 0x00000000
core   0: 0x80005344 (0x8933fd13) andi    s10, t2, -1901
core   0: 3 0x80005344 (0x8933fd13) x26 0x00000000
core   0: 0x80005348 (0x8ab68297) auipc   t0, 0x8ab68
core   0: 3 0x80005348 (0x8ab68297) x 5 0x0ab6d348
core   0: 0x8000534c (0x68c8aa93) slti    s5, a7, 1676
core   0: 3 0x8000534c (0x68c8aa93) x21 0x00000001
core   0: 0x80005350 (0xc484e713) ori     a4, s1, -952
core   0: 3 0x80005350 (0xc484e713) x14 0xfffffdea
core   0: 0x80005354 (0x00604133) xor     sp, zero, t1
core   0: 3 0x80005354 (0x00604133) x 2 0xffffffff
core   0: 0x80005358 (0x4ae3fc93) andi    s9, t2, 1198
core   0: 3 0x80005358 (0x4ae3fc93) x25 0x00000000
core   0: 0x8000535c (0xec57b313) sltiu   t1, a5, -315
core   0: 3 0x8000535c (0xec57b313) x 6 0x00000001
core   0: 0x80005360 (0x03ac3a33) mulhu   s4, s8, s10
core   0: 3 0x80005360 (0x03ac3a33) x20 0x00000000
core   0: 0x80005364 (0x01b00333) add     t1, zero, s11
core   0: 3 0x80005364 (0x01b00333) x 6 0x80018ce4
core   0: 0x80005368 (0x01caa2b3) slt     t0, s5, t3
core   0: 3 0x80005368 (0x01caa2b3) x 5 0x00000000
core   0: 0x8000536c (0xd2b39237) lui     tp, 0xd2b39
core   0: 3 0x8000536c (0xd2b39237) x 4 0xd2b39000
core   0: 0x80005370 (0x9d4f0413) addi    s0, t5, -1580
core   0: 3 0x80005370 (0x9d4f0413) x 8 0xfffff9d4
core   0: 0x80005374 (0x016423b3) slt     t2, s0, s6
core   0: 3 0x80005374 (0x016423b3) x 7 0x00000001
core   0: 0x80005378 (0x0527fb13) andi    s6, a5, 82
core   0: 3 0x80005378 (0x0527fb13) x22 0x00000000
core   0: 0x8000537c (0x0290beb3) mulhu   t4, ra, s1
core   0: 3 0x8000537c (0x0290beb3) x29 0x00000000
core   0: 0x80005380 (0x0398bd33) mulhu   s10, a7, s9
core   0: 3 0x80005380 (0x0398bd33) x26 0x00000000
core   0: 0x80005384 (0x00000013) nop
core   0: 3 0x80005384 (0x00000013)
core   0: 0x80005388 (0x5cfbbe13) sltiu   t3, s7, 1487
core   0: 3 0x80005388 (0x5cfbbe13) x28 0x00000001
core   0: 0x8000538c (0x035d8233) mul     tp, s11, s5
core   0: 3 0x8000538c (0x035d8233) x 4 0x80018ce4
core   0: 0x80005390 (0x004be7b3) or      a5, s7, tp
core   0: 3 0x80005390 (0x004be7b3) x15 0x80018ce4
core   0: 0x80005394 (0x03591633) mulh    a2, s2, s5
core   0: 3 0x80005394 (0x03591633) x12 0x00000000
core   0: 0x80005398 (0x007a5533) srl     a0, s4, t2
core   0: 3 0x80005398 (0x007a5533) x10 0x00000000
core   0: 0x8000539c (0x009db333) sltu    t1, s11, s1
core   0: 3 0x8000539c (0x009db333) x 6 0x00000000
core   0: 0x800053a0 (0x0396b233) mulhu   tp, a3, s9
core   0: 3 0x800053a0 (0x0396b233) x 4 0x00000000
core   0: 0x800053a4 (0x00c7a5b3) slt     a1, a5, a2
core   0: 3 0x800053a4 (0x00c7a5b3) x11 0x00000001
core   0: 0x800053a8 (0x01a42bb3) slt     s7, s0, s10
core   0: 3 0x800053a8 (0x01a42bb3) x23 0x00000001
core   0: 0x800053ac (0x030306b3) mul     a3, t1, a6
core   0: 3 0x800053ac (0x030306b3) x13 0x00000000
core   0: 0x800053b0 (0x00ce11b3) sll     gp, t3, a2
core   0: 3 0x800053b0 (0x00ce11b3) x 3 0x00000001
core   0: 0x800053b4 (0x03afe5b3) rem     a1, t6, s10
core   0: 3 0x800053b4 (0x03afe5b3) x11 0xdcf35000
core   0: 0x800053b8 (0x02e072b3) remu    t0, zero, a4
core   0: 3 0x800053b8 (0x02e072b3) x 5 0x00000000
core   0: 0x800053bc (0x7dc93a13) sltiu   s4, s2, 2012
core   0: 3 0x800053bc (0x7dc93a13) x20 0x00000001
core   0: 0x800053c0 (0x01b9c033) xor     zero, s3, s11
core   0: 3 0x800053c0 (0x01b9c033)
core   0: 0x800053c4 (0x017453b3) srl     t2, s0, s7
core   0: 3 0x800053c4 (0x017453b3) x 7 0x7ffffcea
core   0: 0x800053c8 (0x03e2c033) div     zero, t0, t5
core   0: 3 0x800053c8 (0x03e2c033)
core   0: 0x800053cc (0x000c5093) srli    ra, s8, 0
core   0: 3 0x800053cc (0x000c5093) x 1 0x11125372
core   0: 0x800053d0 (0x01014c33) xor     s8, sp, a6
core   0: 3 0x800053d0 (0x01014c33) x24 0x7ffeb19b
core   0: 0x800053d4 (0x401a5b93) srai    s7, s4, 1
core   0: 3 0x800053d4 (0x401a5b93) x23 0x00000000
core   0: 0x800053d8 (0x01018bb3) add     s7, gp, a6
core   0: 3 0x800053d8 (0x01018bb3) x23 0x80014e65
core   0: 0x800053dc (0x034b0ab3) mul     s5, s6, s4
core   0: 3 0x800053dc (0x034b0ab3) x21 0x00000000
core   0: 0x800053e0 (0x02445ab3) divu    s5, s0, tp
core   0: 3 0x800053e0 (0x02445ab3) x21 0xffffffff
core   0: 0x800053e4 (0x4136dc93) srai    s9, a3, 19
core   0: 3 0x800053e4 (0x4136dc93) x25 0x00000000
core   0: 0x800053e8 (0x25229617) auipc   a2, 0x25229
core   0: 3 0x800053e8 (0x25229617) x12 0xa522e3e8
core   0: 0x800053ec (0x0040fa33) and     s4, ra, tp
core   0: 3 0x800053ec (0x0040fa33) x20 0x00000000
core   0: 0x800053f0 (0x005c8233) add     tp, s9, t0
core   0: 3 0x800053f0 (0x005c8233) x 4 0x00000000
core   0: 0x800053f4 (0x01945b93) srli    s7, s0, 25
core   0: 3 0x800053f4 (0x01945b93) x23 0x0000007f
core   0: 0x800053f8 (0x02cd4f33) div     t5, s10, a2
core   0: 3 0x800053f8 (0x02cd4f33) x30 0x00000000
core   0: 0x800053fc (0x00e4c033) xor     zero, s1, a4
core   0: 3 0x800053fc (0x00e4c033)
core   0: 0x80005400 (0x01ae9f33) sll     t5, t4, s10
core   0: 3 0x80005400 (0x01ae9f33) x30 0x00000000
core   0: 0x80005404 (0x02f158b3) divu    a7, sp, a5
core   0: 3 0x80005404 (0x02f158b3) x17 0x00000001
core   0: 0x80005408 (0x5ef60513) addi    a0, a2, 1519
core   0: 3 0x80005408 (0x5ef60513) x10 0xa522e9d7
core   0: 0x8000540c (0x01c536b3) sltu    a3, a0, t3
core   0: 3 0x8000540c (0x01c536b3) x13 0x00000000
core   0: 0x80005410 (0x02984eb3) div     t4, a6, s1
core   0: 3 0x80005410 (0x02984eb3) x29 0x00000001
core   0: 0x80005414 (0xa048ea17) auipc   s4, 0xa048e
core   0: 3 0x80005414 (0xa048ea17) x20 0x20493414
core   0: 0x80005418 (0x021e58b3) divu    a7, t3, ra
core   0: 3 0x80005418 (0x021e58b3) x17 0x00000000
core   0: 0x8000541c (0xd0ce3613) sltiu   a2, t3, -756
core   0: 3 0x8000541c (0xd0ce3613) x12 0x00000001
core   0: 0x80005420 (0x018a2c33) slt     s8, s4, s8
core   0: 3 0x80005420 (0x018a2c33) x24 0x00000001
core   0: 0x80005424 (0x00000013) nop
core   0: 3 0x80005424 (0x00000013)
core   0: 0x80005428 (0x023ae533) rem     a0, s5, gp
core   0: 3 0x80005428 (0x023ae533) x10 0x00000000
core   0: 0x8000542c (0x0279cab3) div     s5, s3, t2
core   0: 3 0x8000542c (0x0279cab3) x21 0x00000000
core   0: 0x80005430 (0x023eee33) rem     t3, t4, gp
core   0: 3 0x80005430 (0x023eee33) x28 0x00000000
core   0: 0x80005434 (0x619cc593) xori    a1, s9, 1561
core   0: 3 0x80005434 (0x619cc593) x11 0x00000619
core   0: 0x80005438 (0x01be1d33) sll     s10, t3, s11
core   0: 3 0x80005438 (0x01be1d33) x26 0x00000000
core   0: 0x8000543c (0x02330433) mul     s0, t1, gp
core   0: 3 0x8000543c (0x02330433) x 8 0x00000000
core   0: 0x80005440 (0x00383633) sltu    a2, a6, gp
core   0: 3 0x80005440 (0x00383633) x12 0x00000000
core   0: 0x80005444 (0x02618433) mul     s0, gp, t1
core   0: 3 0x80005444 (0x02618433) x 8 0x00000000
core   0: 0x80005448 (0xf37aea13) ori     s4, s5, -201
core   0: 3 0x80005448 (0xf37aea13) x20 0xffffff37
core   0: 0x8000544c (0x0054bbb3) sltu    s7, s1, t0
core   0: 3 0x8000544c (0x0054bbb3) x23 0x00000000
core   0: 0x80005450 (0x008b8f33) add     t5, s7, s0
core   0: 3 0x80005450 (0x008b8f33) x30 0x00000000
core   0: 0x80005454 (0x01171b13) slli    s6, a4, 17
core   0: 3 0x80005454 (0x01171b13) x22 0xfbd40000
core   0: 0x80005458 (0x0182acb3) slt     s9, t0, s8
core   0: 3 0x80005458 (0x0182acb3) x25 0x00000001
core   0: 0x8000545c (0x00ab9033) sll     zero, s7, a0
core   0: 3 0x8000545c (0x00ab9033)
core   0: 0x80005460 (0xff4a4693) xori    a3, s4, -12
core   0: 3 0x80005460 (0xff4a4693) x13 0x000000c3
core   0: 0x80005464 (0x400b5ab3) sra     s5, s6, zero
core   0: 3 0x80005464 (0x400b5ab3) x21 0xfbd40000
core   0: 0x80005468 (0x01d98133) add     sp, s3, t4
core   0: 3 0x80005468 (0x01d98133) x 2 0x0000000c
core   0: 0x8000546c (0x038a90b3) mulh    ra, s5, s8
core   0: 3 0x8000546c (0x038a90b3) x 1 0xffffffff
core   0: 0x80005470 (0x00c2ad33) slt     s10, t0, a2
core   0: 3 0x80005470 (0x00c2ad33) x26 0x00000000
core   0: 0x80005474 (0x0342e5b3) rem     a1, t0, s4
core   0: 3 0x80005474 (0x0342e5b3) x11 0x00000000
core   0: 0x80005478 (0x40770c33) sub     s8, a4, t2
core   0: 3 0x80005478 (0x40770c33) x24 0x80000100
core   0: 0x8000547c (0x44f3e213) ori     tp, t2, 1103
core   0: 3 0x8000547c (0x44f3e213) x 4 0x7ffffcef
core   0: 0x80005480 (0x41a75893) srai    a7, a4, 26
core   0: 3 0x80005480 (0x41a75893) x17 0xffffffff
core   0: 0x80005484 (0x022c5fb3) divu    t6, s8, sp
core   0: 3 0x80005484 (0x022c5fb3) x31 0x0aaaaac0
core   0: 0x80005488 (0x905d9bb7) lui     s7, 0x905d9
core   0: 3 0x80005488 (0x905d9bb7) x23 0x905d9000
core   0: 0x8000548c (0x0bb5b513) sltiu   a0, a1, 187
core   0: 3 0x8000548c (0x0bb5b513) x10 0x00000001
core   0: 0x80005490 (0x024b2ab3) mulhsu  s5, s6, tp
core   0: 3 0x80005490 (0x024b2ab3) x21 0xfdea000c
core   0: 0x80005494 (0x0c8e93b7) lui     t2, 0xc8e9
core   0: 3 0x80005494 (0x0c8e93b7) x 7 0x0c8e9000
core   0: 0x80005498 (0x03a8a133) mulhsu  sp, a7, s10
core   0: 3 0x80005498 (0x03a8a133) x 2 0x00000000
core   0: 0x8000549c (0x00a27c33) and     s8, tp, a0
core   0: 3 0x8000549c (0x00a27c33) x24 0x00000001
core   0: 0x800054a0 (0xc84b4d13) xori    s10, s6, -892
core   0: 3 0x800054a0 (0xc84b4d13) x26 0x042bfc84
core   0: 0x800054a4 (0x033ee7b3) rem     a5, t4, s3
core   0: 3 0x800054a4 (0x033ee7b3) x15 0x00000001
core   0: 0x800054a8 (0x52f9ee13) ori     t3, s3, 1327
core   0: 3 0x800054a8 (0x52f9ee13) x28 0x0000052f
core   0: 0x800054ac (0x019bc933) xor     s2, s7, s9
core   0: 3 0x800054ac (0x019bc933) x18 0x905d9001
core   0: 0x800054b0 (0x40de8733) sub     a4, t4, a3
core   0: 3 0x800054b0 (0x40de8733) x14 0xffffff3e
core   0: 0x800054b4 (0x02b94ab3) div     s5, s2, a1
core   0: 3 0x800054b4 (0x02b94ab3) x21 0xffffffff
core   0: 0x800054b8 (0x01817cb3) and     s9, sp, s8
core   0: 3 0x800054b8 (0x01817cb3) x25 0x00000000
core   0: 0x800054bc (0x01eb4233) xor     tp, s6, t5
core   0: 3 0x800054bc (0x01eb4233) x 4 0xfbd40000
core   0: 0x800054c0 (0x400d8bb3) sub     s7, s11, zero
core   0: 3 0x800054c0 (0x400d8bb3) x23 0x80018ce4
core   0: 0x800054c4 (0x028b0f33) mul     t5, s6, s0
core   0: 3 0x800054c4 (0x028b0f33) x30 0x00000000
core   0: 0x800054c8 (0x40158133) sub     sp, a1, ra
core   0: 3 0x800054c8 (0x40158133) x 2 0x00000001
core   0: 0x800054cc (0x41a18d33) sub     s10, gp, s10
core   0: 3 0x800054cc (0x41a18d33) x26 0xfbd4037d
core   0: 0x800054d0 (0x02211333) mulh    t1, sp, sp
core   0: 3 0x800054d0 (0x02211333) x 6 0x00000000
core   0: 0x800054d4 (0x01498bb3) add     s7, s3, s4
core   0: 3 0x800054d4 (0x01498bb3) x23 0xffffff42
core   0: 0x800054d8 (0x032113b3) mulh    t2, sp, s2
core   0: 3 0x800054d8 (0x032113b3) x 7 0xffffffff
core   0: 0x800054dc (0x00f2d393) srli    t2, t0, 15
core   0: 3 0x800054dc (0x00f2d393) x 7 0x00000000
core   0: 0x800054e0 (0x21908213) addi    tp, ra, 537
core   0: 3 0x800054e0 (0x21908213) x 4 0x00000218
core   0: 0x800054e4 (0x038b7e33) remu    t3, s6, s8
core   0: 3 0x800054e4 (0x038b7e33) x28 0x00000000
core   0: 0x800054e8 (0x004905b3) add     a1, s2, tp
core   0: 3 0x800054e8 (0x004905b3) x11 0x905d9219
core   0: 0x800054ec (0x004646b3) xor     a3, a2, tp
core   0: 3 0x800054ec (0x004646b3) x13 0x00000218
core   0: 0x800054f0 (0x0bc37913) andi    s2, t1, 188
core   0: 3 0x800054f0 (0x0bc37913) x18 0x00000000
core   0: 0x800054f4 (0x0175d093) srli    ra, a1, 23
core   0: 3 0x800054f4 (0x0175d093) x 1 0x00000120
core   0: 0x800054f8 (0x024134b7) lui     s1, 0x2413
core   0: 3 0x800054f8 (0x024134b7) x 9 0x02413000
core   0: 0x800054fc (0x034781b3) mul     gp, a5, s4
core   0: 3 0x800054fc (0x034781b3) x 3 0xffffff37
core   0: 0x80005500 (0x02207fb3) remu    t6, zero, sp
core   0: 3 0x80005500 (0x02207fb3) x31 0x00000000
core   0: 0x80005504 (0x03f178b3) remu    a7, sp, t6
core   0: 3 0x80005504 (0x03f178b3) x17 0x00000001
core   0: 0x80005508 (0x01a832b3) sltu    t0, a6, s10
core   0: 3 0x80005508 (0x01a832b3) x 5 0x00000001
core   0: 0x8000550c (0x016a1013) slli    zero, s4, 22
core   0: 3 0x8000550c (0x016a1013)
core   0: 0x80005510 (0x00000013) nop
core   0: 3 0x80005510 (0x00000013)
core   0: 0x80005514 (0x02934333) div     t1, t1, s1
core   0: 3 0x80005514 (0x02934333) x 6 0x00000000
core   0: 0x80005518 (0x1de82b93) slti    s7, a6, 478
core   0: 3 0x80005518 (0x1de82b93) x23 0x00000001
core   0: 0x8000551c (0x01985f93) srli    t6, a6, 25
core   0: 3 0x8000551c (0x01985f93) x31 0x00000040
core   0: 0x80005520 (0x41ec87b3) sub     a5, s9, t5
core   0: 3 0x80005520 (0x41ec87b3) x15 0x00000000
core   0: 0x80005524 (0xe09dbcb7) lui     s9, 0xe09db
core   0: 3 0x80005524 (0xe09dbcb7) x25 0xe09db000
core   0: 0x80005528 (0x4dc33737) lui     a4, 0x4dc33
core   0: 3 0x80005528 (0x4dc33737) x14 0x4dc33000
core   0: 0x8000552c (0x01b9d2b3) srl     t0, s3, s11
core   0: 3 0x8000552c (0x01b9d2b3) x 5 0x00000000
core   0: 0x80005530 (0x001f60b3) or      ra, t5, ra
core   0: 3 0x80005530 (0x001f60b3) x 1 0x00000120
core   0: 0x80005534 (0x01df02b3) add     t0, t5, t4
core   0: 3 0x80005534 (0x01df02b3) x 5 0x00000001
core   0: 0x80005538 (0x01a188b3) add     a7, gp, s10
core   0: 3 0x80005538 (0x01a188b3) x17 0xfbd402b4
core   0: 0x8000553c (0x2ab56b13) ori     s6, a0, 683
core   0: 3 0x8000553c (0x2ab56b13) x22 0x000002ab
core   0: 0x80005540 (0x03cee1b3) rem     gp, t4, t3
core   0: 3 0x80005540 (0x03cee1b3) x 3 0x00000001
core   0: 0x80005544 (0x011f03b3) add     t2, t5, a7
core   0: 3 0x80005544 (0x011f03b3) x 7 0xfbd402b4
core   0: 0x80005548 (0x01c04a33) xor     s4, zero, t3
core   0: 3 0x80005548 (0x01c04a33) x20 0x00000000
core   0: 0x8000554c (0x025edeb3) divu    t4, t4, t0
core   0: 3 0x8000554c (0x025edeb3) x29 0x00000001
core   0: 0x80005550 (0x41be5d13) srai    s10, t3, 27
core   0: 3 0x80005550 (0x41be5d13) x26 0x00000000
core   0: 0x80005554 (0x40a45493) srai    s1, s0, 10
core   0: 3 0x80005554 (0x40a45493) x 9 0x00000000
core   0: 0x80005558 (0x03cacd33) div     s10, s5, t3
core   0: 3 0x80005558 (0x03cacd33) x26 0xffffffff
core   0: 0x8000555c (0x3bcc0b13) addi    s6, s8, 956
core   0: 3 0x8000555c (0x3bcc0b13) x22 0x000003bd
core   0: 0x80005560 (0x010fce33) xor     t3, t6, a6
core   0: 3 0x80005560 (0x010fce33) x28 0x80014e24
core   0: 0x80005564 (0x41d05e33) sra     t3, zero, t4
core   0: 3 0x80005564 (0x41d05e33) x28 0x00000000
core   0: 0x80005568 (0x03a42133) mulhsu  sp, s0, s10
core   0: 3 0x80005568 (0x03a42133) x 2 0x00000000
core   0: 0x8000556c (0xf0de7e93) andi    t4, t3, -243
core   0: 3 0x8000556c (0xf0de7e93) x29 0x00000000
core   0: 0x80005570 (0x51f04e93) xori    t4, zero, 1311
core   0: 3 0x80005570 (0x51f04e93) x29 0x0000051f
core   0: 0x80005574 (0x02b16eb3) rem     t4, sp, a1
core   0: 3 0x80005574 (0x02b16eb3) x29 0x00000000
core   0: 0x80005578 (0x02fc7d33) remu    s10, s8, a5
core   0: 3 0x80005578 (0x02fc7d33) x26 0x00000001
core   0: 0x8000557c (0x0224c233) div     tp, s1, sp
core   0: 3 0x8000557c (0x0224c233) x 4 0xffffffff
core   0: 0x80005580 (0x0344cf33) div     t5, s1, s4
core   0: 3 0x80005580 (0x0344cf33) x30 0xffffffff
core   0: 0x80005584 (0x41e15c33) sra     s8, sp, t5
core   0: 3 0x80005584 (0x41e15c33) x24 0x00000000
core   0: 0x80005588 (0x02ed0eb3) mul     t4, s10, a4
core   0: 3 0x80005588 (0x02ed0eb3) x29 0x4dc33000
core   0: 0x8000558c (0x91eab913) sltiu   s2, s5, -1762
core   0: 3 0x8000558c (0x91eab913) x18 0x00000000
core   0: 0x80005590 (0x241de913) ori     s2, s11, 577
core   0: 3 0x80005590 (0x241de913) x18 0x80018ee5
core   0: 0x80005594 (0x01e6f1b3) and     gp, a3, t5
core   0: 3 0x80005594 (0x01e6f1b3) x 3 0x00000218
core   0: 0x80005598 (0x0394f8b3) remu    a7, s1, s9
core   0: 3 0x80005598 (0x0394f8b3) x17 0x00000000
core   0: 0x8000559c (0x00ae7633) and     a2, t3, a0
core   0: 3 0x8000559c (0x00ae7633) x12 0x00000000
core   0: 0x800055a0 (0x023077b3) remu    a5, zero, gp
core   0: 3 0x800055a0 (0x023077b3) x15 0x00000000
core   0: 0x800055a4 (0x023eaeb3) mulhsu  t4, t4, gp
core   0: 3 0x800055a4 (0x023eaeb3) x29 0x000000a2
core   0: 0x800055a8 (0x7412abb7) lui     s7, 0x7412a
core   0: 3 0x800055a8 (0x7412abb7) x23 0x7412a000
core   0: 0x800055ac (0x0158dc13) srli    s8, a7, 21
core   0: 3 0x800055ac (0x0158dc13) x24 0x00000000
core   0: 0x800055b0 (0x00e8e233) or      tp, a7, a4
core   0: 3 0x800055b0 (0x00e8e233) x 4 0x4dc33000
core   0: 0x800055b4 (0x01cfb733) sltu    a4, t6, t3
core   0: 3 0x800055b4 (0x01cfb733) x14 0x00000000
core   0: 0x800055b8 (0x03f2acb3) mulhsu  s9, t0, t6
core   0: 3 0x800055b8 (0x03f2acb3) x25 0x00000000
core   0: 0x800055bc (0x005d0d33) add     s10, s10, t0
core   0: 3 0x800055bc (0x005d0d33) x26 0x00000002
core   0: 0x800055c0 (0x00415213) srli    tp, sp, 4
core   0: 3 0x800055c0 (0x00415213) x 4 0x00000000
core   0: 0x800055c4 (0x00000013) nop
core   0: 3 0x800055c4 (0x00000013)
core   0: 0x800055c8 (0x8b58b893) sltiu   a7, a7, -1867
core   0: 3 0x800055c8 (0x8b58b893) x17 0x00000001
core   0: 0x800055cc (0xb5aab313) sltiu   t1, s5, -1190
core   0: 3 0x800055cc (0xb5aab313) x 6 0x00000000
core   0: 0x800055d0 (0x00156c33) or      s8, a0, ra
core   0: 3 0x800055d0 (0x00156c33) x24 0x00000121
core   0: 0x800055d4 (0x34902313) slti    t1, zero, 841
core   0: 3 0x800055d4 (0x34902313) x 6 0x00000001
core   0: 0x800055d8 (0x01ccceb3) xor     t4, s9, t3
core   0: 3 0x800055d8 (0x01ccceb3) x29 0x00000000
core   0: 0x800055dc (0x01e53fb3) sltu    t6, a0, t5
core   0: 3 0x800055dc (0x01e53fb3) x31 0x00000001
core   0: 0x800055e0 (0x0231f8b3) remu    a7, gp, gp
core   0: 3 0x800055e0 (0x0231f8b3) x17 0x00000000
core   0: 0x800055e4 (0x0061d133) srl     sp, gp, t1
core   0: 3 0x800055e4 (0x0061d133) x 2 0x0000010c
core   0: 0x800055e8 (0x40acdeb3) sra     t4, s9, a0
core   0: 3 0x800055e8 (0x40acdeb3) x29 0x00000000
core   0: 0x800055ec (0x469acc13) xori    s8, s5, 1129
core   0: 3 0x800055ec (0x469acc13) x24 0xfffffb96
core   0: 0x800055f0 (0x01216eb3) or      t4, sp, s2
core   0: 3 0x800055f0 (0x01216eb3) x29 0x80018fed
core   0: 0x800055f4 (0x030e58b3) divu    a7, t3, a6
core   0: 3 0x800055f4 (0x030e58b3) x17 0x00000000
core   0: 0x800055f8 (0x03a79cb3) mulh    s9, a5, s10
core   0: 3 0x800055f8 (0x03a79cb3) x25 0x00000000
core   0: 0x800055fc (0x2e718113) addi    sp, gp, 743
core   0: 3 0x800055fc (0x2e718113) x 2 0x000004ff
core   0: 0x80005600 (0x0028d593) srli    a1, a7, 2
core   0: 3 0x80005600 (0x0028d593) x11 0x00000000
core   0: 0x80005604 (0x011fe0b3) or      ra, t6, a7
core   0: 3 0x80005604 (0x011fe0b3) x 1 0x00000001
core   0: 0x80005608 (0x00303333) snez    t1, gp
core   0: 3 0x80005608 (0x00303333) x 6 0x00000001
core   0: 0x8000560c (0x01c0b933) sltu    s2, ra, t3
core   0: 3 0x8000560c (0x01c0b933) x18 0x00000000
core   0: 0x80005610 (0x00a3c2b3) xor     t0, t2, a0
core   0: 3 0x80005610 (0x00a3c2b3) x 5 0xfbd402b5
core   0: 0x80005614 (0x016bd4b3) srl     s1, s7, s6
core   0: 3 0x80005614 (0x016bd4b3) x 9 0x00000003
core   0: 0x80005618 (0x032abe33) mulhu   t3, s5, s2
core   0: 3 0x80005618 (0x032abe33) x28 0x00000000
core   0: 0x8000561c (0x02e775b3) remu    a1, a4, a4
core   0: 3 0x8000561c (0x02e775b3) x11 0x00000000
core   0: 0x80005620 (0x44dd2037) lui     zero, 0x44dd2
core   0: 3 0x80005620 (0x44dd2037)
core   0: 0x80005624 (0x00000013) nop
core   0: 3 0x80005624 (0x00000013)
core   0: 0x80005628 (0x01cdf4b3) and     s1, s11, t3
core   0: 3 0x80005628 (0x01cdf4b3) x 9 0x00000000
core   0: 0x8000562c (0x40b6d313) srai    t1, a3, 11
core   0: 3 0x8000562c (0x40b6d313) x 6 0x00000000
core   0: 0x80005630 (0x7f6b0613) addi    a2, s6, 2038
core   0: 3 0x80005630 (0x7f6b0613) x12 0x00000bb3
core   0: 0x80005634 (0x020eb1b3) mulhu   gp, t4, zero
core   0: 3 0x80005634 (0x020eb1b3) x 3 0x00000000
core   0: 0x80005638 (0x0212eb33) rem     s6, t0, ra
core   0: 3 0x80005638 (0x0212eb33) x22 0x00000000
core   0: 0x8000563c (0x413d07b3) sub     a5, s10, s3
core   0: 3 0x8000563c (0x413d07b3) x15 0xfffffff7
core   0: 0x80005640 (0x00000013) nop
core   0: 3 0x80005640 (0x00000013)
core   0: 0x80005644 (0x00221713) slli    a4, tp, 2
core   0: 3 0x80005644 (0x00221713) x14 0x00000000
core   0: 0x80005648 (0x1be80a93) addi    s5, a6, 446
core   0: 3 0x80005648 (0x1be80a93) x21 0x80015022
core   0: 0x8000564c (0x020d2733) mulhsu  a4, s10, zero
core   0: 3 0x8000564c (0x020d2733) x14 0x00000000
core   0: 0x80005650 (0x00ea9d13) slli    s10, s5, 14
core   0: 3 0x80005650 (0x00ea9d13) x26 0x54088000
core   0: 0x80005654 (0x8615ec13) ori     s8, a1, -1951
core   0: 3 0x80005654 (0x8615ec13) x24 0xfffff861
core   0: 0x80005658 (0x0354d6b3) divu    a3, s1, s5
core   0: 3 0x80005658 (0x0354d6b3) x13 0x00000000
core   0: 0x8000565c (0x0fa90e17) auipc   t3, 0xfa90
core   0: 3 0x8000565c (0x0fa90e17) x28 0x8fa9565c
core   0: 0x80005660 (0x5eeead37) lui     s10, 0x5eeea
core   0: 3 0x80005660 (0x5eeead37) x26 0x5eeea000
core   0: 0x80005664 (0x03606533) rem     a0, zero, s6
core   0: 3 0x80005664 (0x03606533) x10 0x00000000
core   0: 0x80005668 (0x7c2ba713) slti    a4, s7, 1986
core   0: 3 0x80005668 (0x7c2ba713) x14 0x00000000
core   0: 0x8000566c (0x41d2da13) srai    s4, t0, 29
core   0: 3 0x8000566c (0x41d2da13) x20 0xffffffff
core   0: 0x80005670 (0x03f636b3) mulhu   a3, a2, t6
core   0: 3 0x80005670 (0x03f636b3) x13 0x00000000
core   0: 0x80005674 (0x40425593) srai    a1, tp, 4
core   0: 3 0x80005674 (0x40425593) x11 0x00000000
core   0: 0x80005678 (0xedb52c13) slti    s8, a0, -293
core   0: 3 0x80005678 (0xedb52c13) x24 0x00000000
core   0: 0x8000567c (0x00000013) nop
core   0: 3 0x8000567c (0x00000013)
core   0: 0x80005680 (0x0111eeb3) or      t4, gp, a7
core   0: 3 0x80005680 (0x0111eeb3) x29 0x00000000
core   0: 0x80005684 (0x01028e33) add     t3, t0, a6
core   0: 3 0x80005684 (0x01028e33) x28 0x7bd55119
core   0: 0x80005688 (0x0075ca33) xor     s4, a1, t2
core   0: 3 0x80005688 (0x0075ca33) x20 0xfbd402b4
core   0: 0x8000568c (0x035a8b33) mul     s6, s5, s5
core   0: 3 0x8000568c (0x035a8b33) x22 0xb9594484
core   0: 0x80005690 (0x02e020b3) mulhsu  ra, zero, a4
core   0: 3 0x80005690 (0x02e020b3) x 1 0x00000000
core   0: 0x80005694 (0x00ceff33) and     t5, t4, a2
core   0: 3 0x80005694 (0x00ceff33) x30 0x00000000
core   0: 0x80005698 (0x00401933) sll     s2, zero, tp
core   0: 3 0x80005698 (0x00401933) x18 0x00000000
core   0: 0x8000569c (0x01662d33) slt     s10, a2, s6
core   0: 3 0x8000569c (0x01662d33) x26 0x00000000
core   0: 0x800056a0 (0xeba76493) ori     s1, a4, -326
core   0: 3 0x800056a0 (0xeba76493) x 9 0xfffffeba
core   0: 0x800056a4 (0x033acbb3) div     s7, s5, s3
core   0: 3 0x800056a4 (0x033acbb3) x23 0xf45d35d5
core   0: 0x800056a8 (0x00000013) nop
core   0: 3 0x800056a8 (0x00000013)
core   0: 0x800056ac (0xe31a0913) addi    s2, s4, -463
core   0: 3 0x800056ac (0xe31a0913) x18 0xfbd400e5
core   0: 0x800056b0 (0x03890933) mul     s2, s2, s8
core   0: 3 0x800056b0 (0x03890933) x18 0x00000000
core   0: 0x800056b4 (0x98cbf893) andi    a7, s7, -1652
core   0: 3 0x800056b4 (0x98cbf893) x17 0xf45d3184
core   0: 0x800056b8 (0x00250733) add     a4, a0, sp
core   0: 3 0x800056b8 (0x00250733) x14 0x000004ff
core   0: 0x800056bc (0x01905913) srli    s2, zero, 25
core   0: 3 0x800056bc (0x01905913) x18 0x00000000
core   0: 0x800056c0 (0x7ff5f193) andi    gp, a1, 2047
core   0: 3 0x800056c0 (0x7ff5f193) x 3 0x00000000
core   0: 0x800056c4 (0x01697f33) and     t5, s2, s6
core   0: 3 0x800056c4 (0x01697f33) x30 0x00000000
core   0: 0x800056c8 (0x017b3933) sltu    s2, s6, s7
core   0: 3 0x800056c8 (0x017b3933) x18 0x00000001
core   0: 0x800056cc (0x01f25113) srli    sp, tp, 31
core   0: 3 0x800056cc (0x01f25113) x 2 0x00000000
core   0: 0x800056d0 (0x763ff513) andi    a0, t6, 1891
core   0: 3 0x800056d0 (0x763ff513) x10 0x00000001
core   0: 0x800056d4 (0x00823fb3) sltu    t6, tp, s0
core   0: 3 0x800056d4 (0x00823fb3) x31 0x00000000
core   0: 0x800056d8 (0x41bddb33) sra     s6, s11, s11
core   0: 3 0x800056d8 (0x41bddb33) x22 0xf80018ce
core   0: 0x800056dc (0x41b286b3) sub     a3, t0, s11
core   0: 3 0x800056dc (0x41b286b3) x13 0x7bd275d1
core   0: 0x800056e0 (0xf3cc2193) slti    gp, s8, -196
core   0: 3 0x800056e0 (0xf3cc2193) x 3 0x00000000
core   0: 0x800056e4 (0x61a60f93) addi    t6, a2, 1562
core   0: 3 0x800056e4 (0x61a60f93) x31 0x000011cd
core   0: 0x800056e8 (0x7aa005b7) lui     a1, 0x7aa00
core   0: 3 0x800056e8 (0x7aa005b7) x11 0x7aa00000
core   0: 0x800056ec (0x0053ed33) or      s10, t2, t0
core   0: 3 0x800056ec (0x0053ed33) x26 0xfbd402b5
core   0: 0x800056f0 (0x40038bb3) sub     s7, t2, zero
core   0: 3 0x800056f0 (0x40038bb3) x23 0xfbd402b4
core   0: 0x800056f4 (0x4128dcb3) sra     s9, a7, s2
core   0: 3 0x800056f4 (0x4128dcb3) x25 0xfa2e98c2
core   0: 0x800056f8 (0x03089b33) mulh    s6, a7, a6
core   0: 3 0x800056f8 (0x03089b33) x22 0x05d1580b
core   0: 0x800056fc (0x01d0d8b3) srl     a7, ra, t4
core   0: 3 0x800056fc (0x01d0d8b3) x17 0x00000000
core   0: 0x80005700 (0x01fb5493) srli    s1, s6, 31
core   0: 3 0x80005700 (0x01fb5493) x 9 0x00000000
core   0: 0x80005704 (0x0329fab3) remu    s5, s3, s2
core   0: 3 0x80005704 (0x0329fab3) x21 0x00000000
core   0: 0x80005708 (0x02b081b3) mul     gp, ra, a1
core   0: 3 0x80005708 (0x02b081b3) x 3 0x00000000
core   0: 0x8000570c (0xf23a4417) auipc   s0, 0xf23a4
core   0: 3 0x8000570c (0xf23a4417) x 8 0x723a970c
core   0: 0x80005710 (0x03ffd733) divu    a4, t6, t6
core   0: 3 0x80005710 (0x03ffd733) x14 0x00000001
core   0: 0x80005714 (0x0086e333) or      t1, a3, s0
core   0: 3 0x80005714 (0x0086e333) x 6 0x7bfaf7dd
core   0: 0x80005718 (0x0df5a313) slti    t1, a1, 223
core   0: 3 0x80005718 (0x0df5a313) x 6 0x00000000
core   0: 0x8000571c (0x01295a33) srl     s4, s2, s2
core   0: 3 0x8000571c (0x01295a33) x20 0x00000000
core   0: 0x80005720 (0xe1e37513) andi    a0, t1, -482
core   0: 3 0x80005720 (0xe1e37513) x10 0x00000000
core   0: 0x80005724 (0xba670b93) addi    s7, a4, -1114
core   0: 3 0x80005724 (0xba670b93) x23 0xfffffba7
core   0: 0x80005728 (0xeed3b717) auipc   a4, 0xeed3b
core   0: 3 0x80005728 (0xeed3b717) x14 0x6ed40728
core   0: 0x8000572c (0x55132593) slti    a1, t1, 1361
core   0: 3 0x8000572c (0x55132593) x11 0x00000001
core   0: 0x80005730 (0x5c6e6413) ori     s0, t3, 1478
core   0: 3 0x80005730 (0x5c6e6413) x 8 0x7bd555df
core   0: 0x80005734 (0x03ca1a33) mulh    s4, s4, t3
core   0: 3 0x80005734 (0x03ca1a33) x20 0x00000000
core   0: 0x80005738 (0x02d743b3) div     t2, a4, a3
core   0: 3 0x80005738 (0x02d743b3) x 7 0x00000000
core   0: 0x8000573c (0x58094517) auipc   a0, 0x58094
core   0: 3 0x8000573c (0x58094517) x10 0xd809973c
core   0: 0x80005740 (0x00bf7733) and     a4, t5, a1
core   0: 3 0x80005740 (0x00bf7733) x14 0x00000000
core   0: 0x80005744 (0x76824513) xori    a0, tp, 1896
core   0: 3 0x80005744 (0x76824513) x10 0x00000768
core   0: 0x80005748 (0xdd667c93) andi    s9, a2, -554
core   0: 3 0x80005748 (0xdd667c93) x25 0x00000992
core   0: 0x8000574c (0x59678413) addi    s0, a5, 1430
core   0: 3 0x8000574c (0x59678413) x 8 0x0000058d
core   0: 0x80005750 (0x00eb7bb3) and     s7, s6, a4
core   0: 3 0x80005750 (0x00eb7bb3) x23 0x00000000
core   0: 0x80005754 (0x032aa133) mulhsu  sp, s5, s2
core   0: 3 0x80005754 (0x032aa133) x 2 0x00000000
core   0: 0x80005758 (0x00c2c033) xor     zero, t0, a2
core   0: 3 0x80005758 (0x00c2c033)
core   0: 0x8000575c (0x0274cc33) div     s8, s1, t2
core   0: 3 0x8000575c (0x0274cc33) x24 0xffffffff
core   0: 0x80005760 (0x011e5713) srli    a4, t3, 17
core   0: 3 0x80005760 (0x011e5713) x14 0x00003dea
core   0: 0x80005764 (0x036d52b3) divu    t0, s10, s6
core   0: 3 0x80005764 (0x036d52b3) x 5 0x0000002b
core   0: 0x80005768 (0x0158e033) or      zero, a7, s5
core   0: 3 0x80005768 (0x0158e033)
core   0: 0x8000576c (0x00039433) sll     s0, t2, zero
core   0: 3 0x8000576c (0x00039433) x 8 0x00000000
core   0: 0x80005770 (0x019c13b3) sll     t2, s8, s9
core   0: 3 0x80005770 (0x019c13b3) x 7 0xfffc0000
core   0: 0x80005774 (0x7d0cba93) sltiu   s5, s9, 2000
core   0: 3 0x80005774 (0x7d0cba93) x21 0x00000000
core   0: 0x80005778 (0x00ecdb13) srli    s6, s9, 14
core   0: 3 0x80005778 (0x00ecdb13) x22 0x00000000
core   0: 0x8000577c (0x00000013) nop
core   0: 3 0x8000577c (0x00000013)
core   0: 0x80005780 (0x02e702b3) mul     t0, a4, a4
core   0: 3 0x80005780 (0x02e702b3) x 5 0x0ef959e4
core   0: 0x80005784 (0x00942c33) slt     s8, s0, s1
core   0: 3 0x80005784 (0x00942c33) x24 0x00000000
core   0: 0x80005788 (0x9a16e617) auipc   a2, 0x9a16e
core   0: 3 0x80005788 (0x9a16e617) x12 0x1a173788
core   0: 0x8000578c (0x0fd60e97) auipc   t4, 0xfd60
core   0: 3 0x8000578c (0x0fd60e97) x29 0x8fd6578c
core   0: 0x80005790 (0x021b9233) mulh    tp, s7, ra
core   0: 3 0x80005790 (0x021b9233) x 4 0x00000000
core   0: 0x80005794 (0x00000013) nop
core   0: 3 0x80005794 (0x00000013)
core   0: 0x80005798 (0x00e8d733) srl     a4, a7, a4
core   0: 3 0x80005798 (0x00e8d733) x14 0x00000000
core   0: 0x8000579c (0x014bf3b3) and     t2, s7, s4
core   0: 3 0x8000579c (0x014bf3b3) x 7 0x00000000
core   0: 0x800057a0 (0x001fa033) slt     zero, t6, ra
core   0: 3 0x800057a0 (0x001fa033)
core   0: 0x800057a4 (0x02eb6633) rem     a2, s6, a4
core   0: 3 0x800057a4 (0x02eb6633) x12 0x00000000
core   0: 0x800057a8 (0x90a03f93) sltiu   t6, zero, -1782
core   0: 3 0x800057a8 (0x90a03f93) x31 0x00000001
core   0: 0x800057ac (0x029202b3) mul     t0, tp, s1
core   0: 3 0x800057ac (0x029202b3) x 5 0x00000000
core   0: 0x800057b0 (0x0182f4b3) and     s1, t0, s8
core   0: 3 0x800057b0 (0x0182f4b3) x 9 0x00000000
core   0: 0x800057b4 (0x00000013) nop
core   0: 3 0x800057b4 (0x00000013)
core   0: 0x800057b8 (0x4e206193) ori     gp, zero, 1250
core   0: 3 0x800057b8 (0x4e206193) x 3 0x000004e2
core   0: 0x800057bc (0x01248233) add     tp, s1, s2
core   0: 3 0x800057bc (0x01248233) x 4 0x00000001
core   0: 0x800057c0 (0x0b33a293) slti    t0, t2, 179
core   0: 3 0x800057c0 (0x0b33a293) x 5 0x00000001
core   0: 0x800057c4 (0x033623b3) mulhsu  t2, a2, s3
core   0: 3 0x800057c4 (0x033623b3) x 7 0x00000000
core   0: 0x800057c8 (0x003a2233) slt     tp, s4, gp
core   0: 3 0x800057c8 (0x003a2233) x 4 0x00000001
core   0: 0x800057cc (0xc5604b93) xori    s7, zero, -938
core   0: 3 0x800057cc (0xc5604b93) x23 0xfffffc56
core   0: 0x800057d0 (0x7d383793) sltiu   a5, a6, 2003
core   0: 3 0x800057d0 (0x7d383793) x15 0x00000000
core   0: 0x800057d4 (0x025fa033) mulhsu  zero, t6, t0
core   0: 3 0x800057d4 (0x025fa033)
core   0: 0x800057d8 (0x01b201b3) add     gp, tp, s11
core   0: 3 0x800057d8 (0x01b201b3) x 3 0x80018ce5
core   0: 0x800057dc (0x01e79bb3) sll     s7, a5, t5
core   0: 3 0x800057dc (0x01e79bb3) x23 0x00000000
core   0: 0x800057e0 (0x00849d13) slli    s10, s1, 8
core   0: 3 0x800057e0 (0x00849d13) x26 0x00000000
core   0: 0x800057e4 (0x02193ab3) mulhu   s5, s2, ra
core   0: 3 0x800057e4 (0x02193ab3) x21 0x00000000
core   0: 0x800057e8 (0x03a54333) div     t1, a0, s10
core   0: 3 0x800057e8 (0x03a54333) x 6 0xffffffff
core   0: 0x800057ec (0x41e785b3) sub     a1, a5, t5
core   0: 3 0x800057ec (0x41e785b3) x11 0x00000000
core   0: 0x800057f0 (0x9379b913) sltiu   s2, s3, -1737
core   0: 3 0x800057f0 (0x9379b913) x18 0x00000001
core   0: 0x800057f4 (0x00c1d8b3) srl     a7, gp, a2
core   0: 3 0x800057f4 (0x00c1d8b3) x17 0x80018ce5
core   0: 0x800057f8 (0x00421f93) slli    t6, tp, 4
core   0: 3 0x800057f8 (0x00421f93) x31 0x00000010
core   0: 0x800057fc (0x031715b3) mulh    a1, a4, a7
core   0: 3 0x800057fc (0x031715b3) x11 0x00000000
core   0: 0x80005800 (0x4008d213) srai    tp, a7, 0
core   0: 3 0x80005800 (0x4008d213) x 4 0x80018ce5
core   0: 0x80005804 (0x022bb1b3) mulhu   gp, s7, sp
core   0: 3 0x80005804 (0x022bb1b3) x 3 0x00000000
core   0: 0x80005808 (0x01ea9cb3) sll     s9, s5, t5
core   0: 3 0x80005808 (0x01ea9cb3) x25 0x00000000
core   0: 0x8000580c (0x01095613) srli    a2, s2, 16
core   0: 3 0x8000580c (0x01095613) x12 0x00000000
core   0: 0x80005810 (0x01658c33) add     s8, a1, s6
core   0: 3 0x80005810 (0x01658c33) x24 0x00000000
core   0: 0x80005814 (0x01a1f117) auipc   sp, 0x1a1f
core   0: 3 0x80005814 (0x01a1f117) x 2 0x81a24814
core   0: 0x80005818 (0x00fdd013) srli    zero, s11, 15
core   0: 3 0x80005818 (0x00fdd013)
core   0: 0x8000581c (0x0205ecb3) rem     s9, a1, zero
core   0: 3 0x8000581c (0x0205ecb3) x25 0x00000000
core   0: 0x80005820 (0xfc093393) sltiu   t2, s2, -64
core   0: 3 0x80005820 (0xfc093393) x 7 0x00000001
core   0: 0x80005824 (0x01319cb3) sll     s9, gp, s3
core   0: 3 0x80005824 (0x01319cb3) x25 0x00000000
core   0: 0x80005828 (0x0042d613) srli    a2, t0, 4
core   0: 3 0x80005828 (0x0042d613) x12 0x00000000
core   0: 0x8000582c (0x5300f013) andi    zero, ra, 1328
core   0: 3 0x8000582c (0x5300f013)
core   0: 0x80005830 (0x61796293) ori     t0, s2, 1559
core   0: 3 0x80005830 (0x61796293) x 5 0x00000617
core   0: 0x80005834 (0x01229d33) sll     s10, t0, s2
core   0: 3 0x80005834 (0x01229d33) x26 0x00000c2e
core   0: 0x80005838 (0x0308afb3) mulhsu  t6, a7, a6
core   0: 3 0x80005838 (0x0308afb3) x31 0xc0001f42
core   0: 0x8000583c (0x01e5d933) srl     s2, a1, t5
core   0: 3 0x8000583c (0x01e5d933) x18 0x00000000
core   0: 0x80005840 (0x03e99f33) mulh    t5, s3, t5
core   0: 3 0x80005840 (0x03e99f33) x30 0x00000000
core   0: 0x80005844 (0x00000013) nop
core   0: 3 0x80005844 (0x00000013)
core   0: 0x80005848 (0x02863cb3) mulhu   s9, a2, s0
core   0: 3 0x80005848 (0x02863cb3) x25 0x00000000
core   0: 0x8000584c (0x02e403b3) mul     t2, s0, a4
core   0: 3 0x8000584c (0x02e403b3) x 7 0x00000000
core   0: 0x80005850 (0x401ad133) sra     sp, s5, ra
core   0: 3 0x80005850 (0x401ad133) x 2 0x00000000
core   0: 0x80005854 (0x093dc793) xori    a5, s11, 147
core   0: 3 0x80005854 (0x093dc793) x15 0x80018c77
core   0: 0x80005858 (0x7d1c6a13) ori     s4, s8, 2001
core   0: 3 0x80005858 (0x7d1c6a13) x20 0x000007d1
core   0: 0x8000585c (0x02751fb3) mulh    t6, a0, t2
core   0: 3 0x8000585c (0x02751fb3) x31 0x00000000
core   0: 0x80005860 (0x4133de33) sra     t3, t2, s3
core   0: 3 0x80005860 (0x4133de33) x28 0x00000000
core   0: 0x80005864 (0xe79cb893) sltiu   a7, s9, -391
core   0: 3 0x80005864 (0xe79cb893) x17 0x00000001
core   0: 0x80005868 (0x00180133) add     sp, a6, ra
core   0: 3 0x80005868 (0x00180133) x 2 0x80014e64
core   0: 0x8000586c (0x008987b3) add     a5, s3, s0
core   0: 3 0x8000586c (0x008987b3) x15 0x0000000b
core   0: 0x80005870 (0x00133533) sltu    a0, t1, ra
core   0: 3 0x80005870 (0x00133533) x10 0x00000000
core   0: 0x80005874 (0xef257e13) andi    t3, a0, -270
core   0: 3 0x80005874 (0xef257e13) x28 0x00000000
core   0: 0x80005878 (0x013ea4b3) slt     s1, t4, s3
core   0: 3 0x80005878 (0x013ea4b3) x 9 0x00000001
core   0: 0x8000587c (0x40b50c33) sub     s8, a0, a1
core   0: 3 0x8000587c (0x40b50c33) x24 0x00000000
core   0: 0x80005880 (0xd9666193) ori     gp, a2, -618
core   0: 3 0x80005880 (0xd9666193) x 3 0xfffffd96
core   0: 0x80005884 (0x6006fb13) andi    s6, a3, 1536
core   0: 3 0x80005884 (0x6006fb13) x22 0x00000400
core   0: 0x80005888 (0x0216d1b3) divu    gp, a3, ra
core   0: 3 0x80005888 (0x0216d1b3) x 3 0xffffffff
core   0: 0x8000588c (0x005bb033) sltu    zero, s7, t0
core   0: 3 0x8000588c (0x005bb033)
core   0: 0x80005890 (0x40b2db13) srai    s6, t0, 11
core   0: 3 0x80005890 (0x40b2db13) x22 0x00000000
core   0: 0x80005894 (0x037aa7b3) mulhsu  a5, s5, s7
core   0: 3 0x80005894 (0x037aa7b3) x15 0x00000000
core   0: 0x80005898 (0x0324fc33) remu    s8, s1, s2
core   0: 3 0x80005898 (0x0324fc33) x24 0x00000001
core   0: 0x8000589c (0x407ed293) srai    t0, t4, 7
core   0: 3 0x8000589c (0x407ed293) x 5 0xff1facaf
core   0: 0x800058a0 (0x410b5ab3) sra     s5, s6, a6
core   0: 3 0x800058a0 (0x410b5ab3) x21 0x00000000
core   0: 0x800058a4 (0x405c5c33) sra     s8, s8, t0
core   0: 3 0x800058a4 (0x405c5c33) x24 0x00000000
core   0: 0x800058a8 (0x40090193) addi    gp, s2, 1024
core   0: 3 0x800058a8 (0x40090193) x 3 0x00000400
core   0: 0x800058ac (0x00eb5f13) srli    t5, s6, 14
core   0: 3 0x800058ac (0x00eb5f13) x30 0x00000000
core   0: 0x800058b0 (0x0343a033) mulhsu  zero, t2, s4
core   0: 3 0x800058b0 (0x0343a033)
core   0: 0x800058b4 (0x623f6037) lui     zero, 0x623f6
core   0: 3 0x800058b4 (0x623f6037)
core   0: 0x800058b8 (0x2715b093) sltiu   ra, a1, 625
core   0: 3 0x800058b8 (0x2715b093) x 1 0x00000001
core   0: 0x800058bc (0x401dd0b3) sra     ra, s11, ra
core   0: 3 0x800058bc (0x401dd0b3) x 1 0xc000c672
core   0: 0x800058c0 (0x5fb2f293) andi    t0, t0, 1531
core   0: 3 0x800058c0 (0x5fb2f293) x 5 0x000004ab
core   0: 0x800058c4 (0x03b67e33) remu    t3, a2, s11
core   0: 3 0x800058c4 (0x03b67e33) x28 0x00000000
core   0: 0x800058c8 (0x0045b533) sltu    a0, a1, tp
core   0: 3 0x800058c8 (0x0045b533) x10 0x00000001
core   0: 0x800058cc (0x02c044b3) div     s1, zero, a2
core   0: 3 0x800058cc (0x02c044b3) x 9 0xffffffff
core   0: 0x800058d0 (0x03f077b3) remu    a5, zero, t6
core   0: 3 0x800058d0 (0x03f077b3) x15 0x00000000
core   0: 0x800058d4 (0x00c99cb3) sll     s9, s3, a2
core   0: 3 0x800058d4 (0x00c99cb3) x25 0x0000000b
core   0: 0x800058d8 (0x0308eb33) rem     s6, a7, a6
core   0: 3 0x800058d8 (0x0308eb33) x22 0x00000001
core   0: 0x800058dc (0xa7ee3013) sltiu   zero, t3, -1410
core   0: 3 0x800058dc (0xa7ee3013)
core   0: 0x800058e0 (0x01c24bb3) xor     s7, tp, t3
core   0: 3 0x800058e0 (0x01c24bb3) x23 0x80018ce5
core   0: 0x800058e4 (0x015e13b3) sll     t2, t3, s5
core   0: 3 0x800058e4 (0x015e13b3) x 7 0x00000000
core   0: 0x800058e8 (0x01b19933) sll     s2, gp, s11
core   0: 3 0x800058e8 (0x01b19933) x18 0x00004000
core   0: 0x800058ec (0x01b45113) srli    sp, s0, 27
core   0: 3 0x800058ec (0x01b45113) x 2 0x00000000
core   0: 0x800058f0 (0x82062713) slti    a4, a2, -2016
core   0: 3 0x800058f0 (0x82062713) x14 0x00000000
core   0: 0x800058f4 (0x026b1533) mulh    a0, s6, t1
core   0: 3 0x800058f4 (0x026b1533) x10 0xffffffff
core   0: 0x800058f8 (0x00856f33) or      t5, a0, s0
core   0: 3 0x800058f8 (0x00856f33) x30 0xffffffff
core   0: 0x800058fc (0x02fd3033) mulhu   zero, s10, a5
core   0: 3 0x800058fc (0x02fd3033)
core   0: 0x80005900 (0x02080fb3) mul     t6, a6, zero
core   0: 3 0x80005900 (0x02080fb3) x31 0x00000000
core   0: 0x80005904 (0x00000013) nop
core   0: 3 0x80005904 (0x00000013)
core   0: 0x80005908 (0x2ca26293) ori     t0, tp, 714
core   0: 3 0x80005908 (0x2ca26293) x 5 0x80018eef
core   0: 0x8000590c (0x11be3017) auipc   zero, 0x11be3
core   0: 3 0x8000590c (0x11be3017)
core   0: 0x80005910 (0x41a78233) sub     tp, a5, s10
core   0: 3 0x80005910 (0x41a78233) x 4 0xfffff3d2
core   0: 0x80005914 (0x23446f13) ori     t5, s0, 564
core   0: 3 0x80005914 (0x23446f13) x30 0x00000234
core   0: 0x80005918 (0x01cb7933) and     s2, s6, t3
core   0: 3 0x80005918 (0x01cb7933) x18 0x00000000
core   0: 0x8000591c (0x7523b293) sltiu   t0, t2, 1874
core   0: 3 0x8000591c (0x7523b293) x 5 0x00000001
core   0: 0x80005920 (0x00e286b3) add     a3, t0, a4
core   0: 3 0x80005920 (0x00e286b3) x13 0x00000001
core   0: 0x80005924 (0x947c7313) andi    t1, s8, -1721
core   0: 3 0x80005924 (0x947c7313) x 6 0x00000000
core   0: 0x80005928 (0x0235b133) mulhu   sp, a1, gp
core   0: 3 0x80005928 (0x0235b133) x 2 0x00000000
core   0: 0x8000592c (0x01894533) xor     a0, s2, s8
core   0: 3 0x8000592c (0x01894533) x10 0x00000000
core   0: 0x80005930 (0x0205c8b3) div     a7, a1, zero
core   0: 3 0x80005930 (0x0205c8b3) x17 0xffffffff
core   0: 0x80005934 (0x0108d133) srl     sp, a7, a6
core   0: 3 0x80005934 (0x0108d133) x 2 0x0fffffff
core   0: 0x80005938 (0x02a88cb3) mul     s9, a7, a0
core   0: 3 0x80005938 (0x02a88cb3) x25 0x00000000
core   0: 0x8000593c (0x03fd1f33) mulh    t5, s10, t6
core   0: 3 0x8000593c (0x03fd1f33) x30 0x00000000
core   0: 0x80005940 (0x415e0bb3) sub     s7, t3, s5
core   0: 3 0x80005940 (0x415e0bb3) x23 0x00000000
core   0: 0x80005944 (0x00b6cab3) xor     s5, a3, a1
core   0: 3 0x80005944 (0x00b6cab3) x21 0x00000001
core   0: 0x80005948 (0x032b4333) div     t1, s6, s2
core   0: 3 0x80005948 (0x032b4333) x 6 0xffffffff
core   0: 0x8000594c (0x00d0a0b3) slt     ra, ra, a3
core   0: 3 0x8000594c (0x00d0a0b3) x 1 0x00000001
core   0: 0x80005950 (0x012f5b33) srl     s6, t5, s2
core   0: 3 0x80005950 (0x012f5b33) x22 0x00000000
core   0: 0x80005954 (0x00bf85b3) add     a1, t6, a1
core   0: 3 0x80005954 (0x00bf85b3) x11 0x00000000
core   0: 0x80005958 (0x03de6c33) rem     s8, t3, t4
core   0: 3 0x80005958 (0x03de6c33) x24 0x00000000
core   0: 0x8000595c (0x01f9bc33) sltu    s8, s3, t6
core   0: 3 0x8000595c (0x01f9bc33) x24 0x00000000
core   0: 0x80005960 (0x6cc5a4b7) lui     s1, 0x6cc5a
core   0: 3 0x80005960 (0x6cc5a4b7) x 9 0x6cc5a000
core   0: 0x80005964 (0x61d25a37) lui     s4, 0x61d25
core   0: 3 0x80005964 (0x61d25a37) x20 0x61d25000
core   0: 0x80005968 (0x00801f33) sll     t5, zero, s0
core   0: 3 0x80005968 (0x00801f33) x30 0x00000000
core   0: 0x8000596c (0xbcad2393) slti    t2, s10, -1078
core   0: 3 0x8000596c (0xbcad2393) x 7 0x00000000
core   0: 0x80005970 (0x40b885b3) sub     a1, a7, a1
core   0: 3 0x80005970 (0x40b885b3) x11 0xffffffff
core   0: 0x80005974 (0x010a2e33) slt     t3, s4, a6
core   0: 3 0x80005974 (0x010a2e33) x28 0x00000000
core   0: 0x80005978 (0x00259413) slli    s0, a1, 2
core   0: 3 0x80005978 (0x00259413) x 8 0xfffffffc
core   0: 0x8000597c (0x00e2a933) slt     s2, t0, a4
core   0: 3 0x8000597c (0x00e2a933) x18 0x00000000
core   0: 0x80005980 (0x0010c633) xor     a2, ra, ra
core   0: 3 0x80005980 (0x0010c633) x12 0x00000000
core   0: 0x80005984 (0x4015d333) sra     t1, a1, ra
core   0: 3 0x80005984 (0x4015d333) x 6 0xffffffff
core   0: 0x80005988 (0xe6803617) auipc   a2, 0xe6803
core   0: 3 0x80005988 (0xe6803617) x12 0x66808988
core   0: 0x8000598c (0xd049ab13) slti    s6, s3, -764
core   0: 3 0x8000598c (0xd049ab13) x22 0x00000000
core   0: 0x80005990 (0x034eb8b3) mulhu   a7, t4, s4
core   0: 3 0x80005990 (0x034eb8b3) x17 0x36f661f2
core   0: 0x80005994 (0x9fa22c93) slti    s9, tp, -1542
core   0: 3 0x80005994 (0x9fa22c93) x25 0x00000001
core   0: 0x80005998 (0x00000013) nop
core   0: 3 0x80005998 (0x00000013)
core   0: 0x8000599c (0x00ec6eb3) or      t4, s8, a4
core   0: 3 0x8000599c (0x00ec6eb3) x29 0x00000000
core   0: 0x800059a0 (0x19ad2c93) slti    s9, s10, 410
core   0: 3 0x800059a0 (0x19ad2c93) x25 0x00000000
core   0: 0x800059a4 (0x023348b3) div     a7, t1, gp
core   0: 3 0x800059a4 (0x023348b3) x17 0x00000000
core   0: 0x800059a8 (0x74dbc693) xori    a3, s7, 1869
core   0: 3 0x800059a8 (0x74dbc693) x13 0x0000074d
core   0: 0x800059ac (0x02666c33) rem     s8, a2, t1
core   0: 3 0x800059ac (0x02666c33) x24 0x00000000
core   0: 0x800059b0 (0x02c53c33) mulhu   s8, a0, a2
core   0: 3 0x800059b0 (0x02c53c33) x24 0x00000000
core   0: 0x800059b4 (0x00c90bb3) add     s7, s2, a2
core   0: 3 0x800059b4 (0x00c90bb3) x23 0x66808988
core   0: 0x800059b8 (0x012146b3) xor     a3, sp, s2
core   0: 3 0x800059b8 (0x012146b3) x13 0x0fffffff
core   0: 0x800059bc (0x02481133) mulh    sp, a6, tp
core   0: 3 0x800059bc (0x02481133) x 2 0x00000616
core   0: 0x800059c0 (0x00000013) nop
core   0: 3 0x800059c0 (0x00000013)
core   0: 0x800059c4 (0x034593b3) mulh    t2, a1, s4
core   0: 3 0x800059c4 (0x034593b3) x 7 0xffffffff
core   0: 0x800059c8 (0x01a8bbb3) sltu    s7, a7, s10
core   0: 3 0x800059c8 (0x01a8bbb3) x23 0x00000001
core   0: 0x800059cc (0x41155b33) sra     s6, a0, a7
core   0: 3 0x800059cc (0x41155b33) x22 0x00000000
core   0: 0x800059d0 (0x01465ab3) srl     s5, a2, s4
core   0: 3 0x800059d0 (0x01465ab3) x21 0x66808988
core   0: 0x800059d4 (0x3c743497) auipc   s1, 0x3c743
core   0: 3 0x800059d4 (0x3c743497) x 9 0xbc7489d4
core   0: 0x800059d8 (0x402edf33) sra     t5, t4, sp
core   0: 3 0x800059d8 (0x402edf33) x30 0x00000000
core   0: 0x800059dc (0x00d4dbb3) srl     s7, s1, a3
core   0: 3 0x800059dc (0x00d4dbb3) x23 0x00000001
core   0: 0x800059e0 (0x1ed94e93) xori    t4, s2, 493
core   0: 3 0x800059e0 (0x1ed94e93) x29 0x000001ed
core   0: 0x800059e4 (0x0086ad33) slt     s10, a3, s0
core   0: 3 0x800059e4 (0x0086ad33) x26 0x00000000
core   0: 0x800059e8 (0x03dbc533) div     a0, s7, t4
core   0: 3 0x800059e8 (0x03dbc533) x10 0x00000000
core   0: 0x800059ec (0x0350acb3) mulhsu  s9, ra, s5
core   0: 3 0x800059ec (0x0350acb3) x25 0x00000000
core   0: 0x800059f0 (0x00000013) nop
core   0: 3 0x800059f0 (0x00000013)
core   0: 0x800059f4 (0x00dffd33) and     s10, t6, a3
core   0: 3 0x800059f4 (0x00dffd33) x26 0x00000000
core   0: 0x800059f8 (0x8061cd37) lui     s10, 0x8061c
core   0: 3 0x800059f8 (0x8061cd37) x26 0x8061c000
core   0: 0x800059fc (0x1dd00513) li      a0, 477
core   0: 3 0x800059fc (0x1dd00513) x10 0x000001dd
core   0: 0x80005a00 (0x0180a333) slt     t1, ra, s8
core   0: 3 0x80005a00 (0x0180a333) x 6 0x00000000
core   0: 0x80005a04 (0x00f391b3) sll     gp, t2, a5
core   0: 3 0x80005a04 (0x00f391b3) x 3 0xffffffff
core   0: 0x80005a08 (0x03443c33) mulhu   s8, s0, s4
core   0: 3 0x80005a08 (0x03443c33) x24 0x61d24ffe
core   0: 0x80005a0c (0x0227dd33) divu    s10, a5, sp
core   0: 3 0x80005a0c (0x0227dd33) x26 0x00000000
core   0: 0x80005a10 (0x33866f93) ori     t6, a2, 824
core   0: 3 0x80005a10 (0x33866f93) x31 0x66808bb8
core   0: 0x80005a14 (0x41b80c33) sub     s8, a6, s11
core   0: 3 0x80005a14 (0x41b80c33) x24 0xffffc180
core   0: 0x80005a18 (0x5ff1ac93) slti    s9, gp, 1535
core   0: 3 0x80005a18 (0x5ff1ac93) x25 0x00000001
core   0: 0x80005a1c (0x02d55133) divu    sp, a0, a3
core   0: 3 0x80005a1c (0x02d55133) x 2 0x00000000
core   0: 0x80005a20 (0x030d8f33) mul     t5, s11, a6
core   0: 3 0x80005a20 (0x030d8f33) x30 0x066c8110
core   0: 0x80005a24 (0x01537133) and     sp, t1, s5
core   0: 3 0x80005a24 (0x01537133) x 2 0x00000000
core   0: 0x80005a28 (0x001c6e33) or      t3, s8, ra
core   0: 3 0x80005a28 (0x001c6e33) x28 0xffffc181
core   0: 0x80005a2c (0x7b7ec893) xori    a7, t4, 1975
core   0: 3 0x80005a2c (0x7b7ec893) x17 0x0000065a
core   0: 0x80005a30 (0x683d5d17) auipc   s10, 0x683d5
core   0: 3 0x80005a30 (0x683d5d17) x26 0xe83daa30
core   0: 0x80005a34 (0x01db5a93) srli    s5, s6, 29
core   0: 3 0x80005a34 (0x01db5a93) x21 0x00000000
core   0: 0x80005a38 (0x4007d433) sra     s0, a5, zero
core   0: 3 0x80005a38 (0x4007d433) x 8 0x00000000
core   0: 0x80005a3c (0x00ad0533) add     a0, s10, a0
core   0: 3 0x80005a3c (0x00ad0533) x10 0xe83dac0d
core   0: 0x80005a40 (0x03d48bb3) mul     s7, s1, t4
core   0: 3 0x80005a40 (0x03d48bb3) x23 0xec6d6d44
core   0: 0x80005a44 (0x03e58bb3) mul     s7, a1, t5
core   0: 3 0x80005a44 (0x03e58bb3) x23 0xf9937ef0
core   0: 0x80005a48 (0xbfcfc413) xori    s0, t6, -1028
core   0: 3 0x80005a48 (0xbfcfc413) x 8 0x997f7044
core   0: 0x80005a4c (0x1e7af913) andi    s2, s5, 487
core   0: 3 0x80005a4c (0x1e7af913) x18 0x00000000
core   0: 0x80005a50 (0x00b87ab3) and     s5, a6, a1
core   0: 3 0x80005a50 (0x00b87ab3) x21 0x80014e64
core   0: 0x80005a54 (0xdfc3e5b7) lui     a1, 0xdfc3e
core   0: 3 0x80005a54 (0xdfc3e5b7) x11 0xdfc3e000
core   0: 0x80005a58 (0x030a5d33) divu    s10, s4, a6
core   0: 3 0x80005a58 (0x030a5d33) x26 0x00000000
core   0: 0x80005a5c (0x01b424b3) slt     s1, s0, s11
core   0: 3 0x80005a5c (0x01b424b3) x 9 0x00000000
core   0: 0x80005a60 (0x0318a4b3) mulhsu  s1, a7, a7
core   0: 3 0x80005a60 (0x0318a4b3) x 9 0x00000000
core   0: 0x80005a64 (0x0011e233) or      tp, gp, ra
core   0: 3 0x80005a64 (0x0011e233) x 4 0xffffffff
core   0: 0x80005a68 (0xee4dfb13) andi    s6, s11, -284
core   0: 3 0x80005a68 (0xee4dfb13) x22 0x80018ce4
core   0: 0x80005a6c (0x01a24fb3) xor     t6, tp, s10
core   0: 3 0x80005a6c (0x01a24fb3) x31 0xffffffff
core   0: 0x80005a70 (0x4101d7b3) sra     a5, gp, a6
core   0: 3 0x80005a70 (0x4101d7b3) x15 0xffffffff
core   0: 0x80005a74 (0x0349f6b3) remu    a3, s3, s4
core   0: 3 0x80005a74 (0x0349f6b3) x13 0x0000000b
core   0: 0x80005a78 (0x034534b3) mulhu   s1, a0, s4
core   0: 3 0x80005a78 (0x034534b3) x 9 0x58be295b
core   0: 0x80005a7c (0x027dd4b3) divu    s1, s11, t2
core   0: 3 0x80005a7c (0x027dd4b3) x 9 0x00000000
core   0: 0x80005a80 (0x03832133) mulhsu  sp, t1, s8
core   0: 3 0x80005a80 (0x03832133) x 2 0x00000000
core   0: 0x80005a84 (0x41ba0c33) sub     s8, s4, s11
core   0: 3 0x80005a84 (0x41ba0c33) x24 0xe1d0c31c
core   0: 0x80005a88 (0x03722633) mulhsu  a2, tp, s7
core   0: 3 0x80005a88 (0x03722633) x12 0xffffffff
core   0: 0x80005a8c (0x01003f33) snez    t5, a6
core   0: 3 0x80005a8c (0x01003f33) x30 0x00000001
core   0: 0x80005a90 (0x010746b3) xor     a3, a4, a6
core   0: 3 0x80005a90 (0x010746b3) x13 0x80014e64
core   0: 0x80005a94 (0x004c3f33) sltu    t5, s8, tp
core   0: 3 0x80005a94 (0x004c3f33) x30 0x00000001
core   0: 0x80005a98 (0x000ee433) or      s0, t4, zero
core   0: 3 0x80005a98 (0x000ee433) x 8 0x000001ed
core   0: 0x80005a9c (0x015c1d13) slli    s10, s8, 21
core   0: 3 0x80005a9c (0x015c1d13) x26 0x63800000
core   0: 0x80005aa0 (0x02181733) mulh    a4, a6, ra
core   0: 3 0x80005aa0 (0x02181733) x14 0xffffffff
core   0: 0x80005aa4 (0x5b0f6f13) ori     t5, t5, 1456
core   0: 3 0x80005aa4 (0x5b0f6f13) x30 0x000005b1
core   0: 0x80005aa8 (0x0180db93) srli    s7, ra, 24
core   0: 3 0x80005aa8 (0x0180db93) x23 0x00000000
core   0: 0x80005aac (0xd7d4ef97) auipc   t6, 0xd7d4e
core   0: 3 0x80005aac (0xd7d4ef97) x31 0x57d53aac
core   0: 0x80005ab0 (0x007cee33) or      t3, s9, t2
core   0: 3 0x80005ab0 (0x007cee33) x28 0xffffffff
core   0: 0x80005ab4 (0x03604233) div     tp, zero, s6
core   0: 3 0x80005ab4 (0x03604233) x 4 0x00000000
core   0: 0x80005ab8 (0x419fdf13) srai    t5, t6, 25
core   0: 3 0x80005ab8 (0x419fdf13) x30 0x0000002b
core   0: 0x80005abc (0x0d25cc93) xori    s9, a1, 210
core   0: 3 0x80005abc (0x0d25cc93) x25 0xdfc3e0d2
core   0: 0x80005ac0 (0x03ddb6b3) mulhu   a3, s11, t4
core   0: 3 0x80005ac0 (0x03ddb6b3) x13 0x000000f6
core   0: 0x80005ac4 (0xd60d7f13) andi    t5, s10, -672
core   0: 3 0x80005ac4 (0xd60d7f13) x30 0x63800000
core   0: 0x80005ac8 (0x0343f3b3) remu    t2, t2, s4
core   0: 3 0x80005ac8 (0x0343f3b3) x 7 0x3c5b5fff
core   0: 0x80005acc (0x0109ca33) xor     s4, s3, a6
core   0: 3 0x80005acc (0x0109ca33) x20 0x80014e6f
core   0: 0x80005ad0 (0x6726c437) lui     s0, 0x6726c
core   0: 3 0x80005ad0 (0x6726c437) x 8 0x6726c000
core   0: 0x80005ad4 (0x00865c93) srli    s9, a2, 8
core   0: 3 0x80005ad4 (0x00865c93) x25 0x00ffffff
core   0: 0x80005ad8 (0x01b82f33) slt     t5, a6, s11
core   0: 3 0x80005ad8 (0x01b82f33) x30 0x00000001
core   0: 0x80005adc (0x01a435b3) sltu    a1, s0, s10
core   0: 3 0x80005adc (0x01a435b3) x11 0x00000000
core   0: 0x80005ae0 (0x830bbf13) sltiu   t5, s7, -2000
core   0: 3 0x80005ae0 (0x830bbf13) x30 0x00000001
core   0: 0x80005ae4 (0x001ae8b3) or      a7, s5, ra
core   0: 3 0x80005ae4 (0x001ae8b3) x17 0x80014e65
core   0: 0x80005ae8 (0x401e5cb3) sra     s9, t3, ra
core   0: 3 0x80005ae8 (0x401e5cb3) x25 0xffffffff
core   0: 0x80005aec (0x00689d13) slli    s10, a7, 6
core   0: 3 0x80005aec (0x00689d13) x26 0x00539940
core   0: 0x80005af0 (0x1613bf37) lui     t5, 0x1613b
core   0: 3 0x80005af0 (0x1613bf37) x30 0x1613b000
core   0: 0x80005af4 (0x01faf233) and     tp, s5, t6
core   0: 3 0x80005af4 (0x01faf233) x 4 0x00010a24
core   0: 0x80005af8 (0x017f0cb3) add     s9, t5, s7
core   0: 3 0x80005af8 (0x017f0cb3) x25 0x1613b000
core   0: 0x80005afc (0x032b3fb3) mulhu   t6, s6, s2
core   0: 3 0x80005afc (0x032b3fb3) x31 0x00000000
core   0: 0x80005b00 (0x02a608b3) mul     a7, a2, a0
core   0: 3 0x80005b00 (0x02a608b3) x17 0x17c253f3
core   0: 0x80005b04 (0x534dc017) auipc   zero, 0x534dc
core   0: 3 0x80005b04 (0x534dc017)
core   0: 0x80005b08 (0x1e76ce13) xori    t3, a3, 487
core   0: 3 0x80005b08 (0x1e76ce13) x28 0x00000111
core   0: 0x80005b0c (0x027f84b3) mul     s1, t6, t2
core   0: 3 0x80005b0c (0x027f84b3) x 9 0x00000000
core   0: 0x80005b10 (0xb4b27097) auipc   ra, 0xb4b27
core   0: 3 0x80005b10 (0xb4b27097) x 1 0x34b2cb10
core   0: 0x80005b14 (0x00271793) slli    a5, a4, 2
core   0: 3 0x80005b14 (0x00271793) x15 0xfffffffc
core   0: 0x80005b18 (0x023e2bb3) mulhsu  s7, t3, gp
core   0: 3 0x80005b18 (0x023e2bb3) x23 0x00000110
core   0: 0x80005b1c (0x003a9b93) slli    s7, s5, 3
core   0: 3 0x80005b1c (0x003a9b93) x23 0x000a7320
core   0: 0x80005b20 (0x02e98f33) mul     t5, s3, a4
core   0: 3 0x80005b20 (0x02e98f33) x30 0xfffffff5
core   0: 0x80005b24 (0x0027c7b3) xor     a5, a5, sp
core   0: 3 0x80005b24 (0x0027c7b3) x15 0xfffffffc
core   0: 0x80005b28 (0xcd14cc93) xori    s9, s1, -815
core   0: 3 0x80005b28 (0xcd14cc93) x25 0xfffffcd1
core   0: 0x80005b2c (0x006e1693) slli    a3, t3, 6
core   0: 3 0x80005b2c (0x006e1693) x13 0x00004440
core   0: 0x80005b30 (0x02ba52b3) divu    t0, s4, a1
core   0: 3 0x80005b30 (0x02ba52b3) x 5 0xffffffff
core   0: 0x80005b34 (0x003bbc33) sltu    s8, s7, gp
core   0: 3 0x80005b34 (0x003bbc33) x24 0x00000001
core   0: 0x80005b38 (0x404b00b3) sub     ra, s6, tp
core   0: 3 0x80005b38 (0x404b00b3) x 1 0x800082c0
core   0: 0x80005b3c (0x5d8d6e93) ori     t4, s10, 1496
core   0: 3 0x80005b3c (0x5d8d6e93) x29 0x00539dd8
core   0: 0x80005b40 (0x5db28593) addi    a1, t0, 1499
core   0: 3 0x80005b40 (0x5db28593) x11 0x000005da
core   0: 0x80005b44 (0x03564a33) div     s4, a2, s5
core   0: 3 0x80005b44 (0x03564a33) x20 0x00000000
core   0: 0x80005b48 (0x02269cb3) mulh    s9, a3, sp
core   0: 3 0x80005b48 (0x02269cb3) x25 0x00000000
core   0: 0x80005b4c (0x00000013) nop
core   0: 3 0x80005b4c (0x00000013)
core   0: 0x80005b50 (0x001d3733) sltu    a4, s10, ra
core   0: 3 0x80005b50 (0x001d3733) x14 0x00000001
core   0: 0x80005b54 (0x0633bf93) sltiu   t6, t2, 99
core   0: 3 0x80005b54 (0x0633bf93) x31 0x00000000
core   0: 0x80005b58 (0x40978fb3) sub     t6, a5, s1
core   0: 3 0x80005b58 (0x40978fb3) x31 0xfffffffc
core   0: 0x80005b5c (0x002e7f33) and     t5, t3, sp
core   0: 3 0x80005b5c (0x002e7f33) x30 0x00000000
core   0: 0x80005b60 (0x00c2d933) srl     s2, t0, a2
core   0: 3 0x80005b60 (0x00c2d933) x18 0x00000001
core   0: 0x80005b64 (0x004d4d33) xor     s10, s10, tp
core   0: 3 0x80005b64 (0x004d4d33) x26 0x00529364
core   0: 0x80005b68 (0x037a9a33) mulh    s4, s5, s7
core   0: 3 0x80005b68 (0x037a9a33) x20 0xfffac67d
core   0: 0x80005b6c (0x6483e393) ori     t2, t2, 1608
core   0: 3 0x80005b6c (0x6483e393) x 7 0x3c5b5fff
core   0: 0x80005b70 (0x409cd733) sra     a4, s9, s1
core   0: 3 0x80005b70 (0x409cd733) x14 0x00000000
core   0: 0x80005b74 (0x40a8f613) andi    a2, a7, 1034
core   0: 3 0x80005b74 (0x40a8f613) x12 0x00000002
core   0: 0x80005b78 (0x02f59333) mulh    t1, a1, a5
core   0: 3 0x80005b78 (0x02f59333) x 6 0xffffffff
core   0: 0x80005b7c (0x00ea8d33) add     s10, s5, a4
core   0: 3 0x80005b7c (0x00ea8d33) x26 0x80014e64
core   0: 0x80005b80 (0x411b8bb3) sub     s7, s7, a7
core   0: 3 0x80005b80 (0x411b8bb3) x23 0xe8481f2d
core   0: 0x80005b84 (0xca970413) addi    s0, a4, -855
core   0: 3 0x80005b84 (0xca970413) x 8 0xfffffca9
core   0: 0x80005b88 (0x3a478193) addi    gp, a5, 932
core   0: 3 0x80005b88 (0x3a478193) x 3 0x000003a0
core   0: 0x80005b8c (0x406fd313) srai    t1, t6, 6
core   0: 3 0x80005b8c (0x406fd313) x 6 0xffffffff
core   0: 0x80005b90 (0x03322233) mulhsu  tp, tp, s3
core   0: 3 0x80005b90 (0x03322233) x 4 0x00000000
core   0: 0x80005b94 (0x00371733) sll     a4, a4, gp
core   0: 3 0x80005b94 (0x00371733) x14 0x00000000
core   0: 0x80005b98 (0x01001eb3) sll     t4, zero, a6
core   0: 3 0x80005b98 (0x01001eb3) x29 0x00000000
core   0: 0x80005b9c (0x031380b3) mul     ra, t2, a7
core   0: 3 0x80005b9c (0x031380b3) x 1 0x9319cc0d
core   0: 0x80005ba0 (0x005ef633) and     a2, t4, t0
core   0: 3 0x80005ba0 (0x005ef633) x12 0x00000000
core   0: 0x80005ba4 (0x032a2c33) mulhsu  s8, s4, s2
core   0: 3 0x80005ba4 (0x032a2c33) x24 0xffffffff
core   0: 0x80005ba8 (0x417a5013) srai    zero, s4, 23
core   0: 3 0x80005ba8 (0x417a5013)
core   0: 0x80005bac (0x001d7033) and     zero, s10, ra
core   0: 3 0x80005bac (0x001d7033)
core   0: 0x80005bb0 (0x40295c93) srai    s9, s2, 2
core   0: 3 0x80005bb0 (0x40295c93) x25 0x00000000
core   0: 0x80005bb4 (0x02340fb3) mul     t6, s0, gp
core   0: 3 0x80005bb4 (0x02340fb3) x31 0xfff3e4a0
core   0: 0x80005bb8 (0xb83ea137) lui     sp, 0xb83ea
core   0: 3 0x80005bb8 (0xb83ea137) x 2 0xb83ea000
core   0: 0x80005bbc (0x40785cb3) sra     s9, a6, t2
core   0: 3 0x80005bbc (0x40785cb3) x25 0xffffffff
core   0: 0x80005bc0 (0xba02e013) ori     zero, t0, -1120
core   0: 3 0x80005bc0 (0xba02e013)
core   0: 0x80005bc4 (0x01b6d1b3) srl     gp, a3, s11
core   0: 3 0x80005bc4 (0x01b6d1b3) x 3 0x00000444
core   0: 0x80005bc8 (0x00000013) nop
core   0: 3 0x80005bc8 (0x00000013)
core   0: 0x80005bcc (0x41788d33) sub     s10, a7, s7
core   0: 3 0x80005bcc (0x41788d33) x26 0x2f7a34c6
core   0: 0x80005bd0 (0x03b9c133) div     sp, s3, s11
core   0: 3 0x80005bd0 (0x03b9c133) x 2 0x00000000
core   0: 0x80005bd4 (0x038b9033) mulh    zero, s7, s8
core   0: 3 0x80005bd4 (0x038b9033)
core   0: 0x80005bd8 (0x03b350b3) divu    ra, t1, s11
core   0: 3 0x80005bd8 (0x03b350b3) x 1 0x00000001
core   0: 0x80005bdc (0xef5b0e13) addi    t3, s6, -267
core   0: 3 0x80005bdc (0xef5b0e13) x28 0x80018bd9
core   0: 0x80005be0 (0x02b72433) mulhsu  s0, a4, a1
core   0: 3 0x80005be0 (0x02b72433) x 8 0x00000000
core   0: 0x80005be4 (0x01b4db33) srl     s6, s1, s11
core   0: 3 0x80005be4 (0x01b4db33) x22 0x00000000
core   0: 0x80005be8 (0x412a5f33) sra     t5, s4, s2
core   0: 3 0x80005be8 (0x412a5f33) x30 0xfffd633e
core   0: 0x80005bec (0xd974e113) ori     sp, s1, -617
core   0: 3 0x80005bec (0xd974e113) x 2 0xfffffd97
core   0: 0x80005bf0 (0x010b3d33) sltu    s10, s6, a6
core   0: 3 0x80005bf0 (0x010b3d33) x26 0x00000001
core   0: 0x80005bf4 (0xb4e8e013) ori     zero, a7, -1202
core   0: 3 0x80005bf4 (0xb4e8e013)
core   0: 0x80005bf8 (0x01f09893) slli    a7, ra, 31
core   0: 3 0x80005bf8 (0x01f09893) x17 0x80000000
core   0: 0x80005bfc (0x5e4e7b13) andi    s6, t3, 1508
core   0: 3 0x80005bfc (0x5e4e7b13) x22 0x000001c0
core   0: 0x80005c00 (0x76790213) addi    tp, s2, 1895
core   0: 3 0x80005c00 (0x76790213) x 4 0x00000768
core   0: 0x80005c04 (0x4158d093) srai    ra, a7, 21
core   0: 3 0x80005c04 (0x4158d093) x 1 0xfffffc00
core   0: 0x80005c08 (0x0043d213) srli    tp, t2, 4
core   0: 3 0x80005c08 (0x0043d213) x 4 0x03c5b5ff
core   0: 0x80005c0c (0x0036aeb3) slt     t4, a3, gp
core   0: 3 0x80005c0c (0x0036aeb3) x29 0x00000000
core   0: 0x80005c10 (0x0272b4b3) mulhu   s1, t0, t2
core   0: 3 0x80005c10 (0x0272b4b3) x 9 0x3c5b5ffe
core   0: 0x80005c14 (0x00b480b3) add     ra, s1, a1
core   0: 3 0x80005c14 (0x00b480b3) x 1 0x3c5b65d8
core   0: 0x80005c18 (0x88a7f293) andi    t0, a5, -1910
core   0: 3 0x80005c18 (0x88a7f293) x 5 0xfffff888
core   0: 0x80005c1c (0xf58a8213) addi    tp, s5, -168
core   0: 3 0x80005c1c (0xf58a8213) x 4 0x80014dbc
core   0: 0x80005c20 (0x588d5bb7) lui     s7, 0x588d5
core   0: 3 0x80005c20 (0x588d5bb7) x23 0x588d5000
core   0: 0x80005c24 (0x8729f913) andi    s2, s3, -1934
core   0: 3 0x80005c24 (0x8729f913) x18 0x00000002
core   0: 0x80005c28 (0x1bf2e593) ori     a1, t0, 447
core   0: 3 0x80005c28 (0x1bf2e593) x11 0xfffff9bf
core   0: 0x80005c2c (0x00631113) slli    sp, t1, 6
core   0: 3 0x80005c2c (0x00631113) x 2 0xffffffc0
core   0: 0x80005c30 (0x00db1fb3) sll     t6, s6, a3
core   0: 3 0x80005c30 (0x00db1fb3) x31 0x000001c0
core   0: 0x80005c34 (0xf0dc2c93) slti    s9, s8, -243
core   0: 3 0x80005c34 (0xf0dc2c93) x25 0x00000000
core   0: 0x80005c38 (0x89bda337) lui     t1, 0x89bda
core   0: 3 0x80005c38 (0x89bda337) x 6 0x89bda000
core   0: 0x80005c3c (0x40058cb3) sub     s9, a1, zero
core   0: 3 0x80005c3c (0x40058cb3) x25 0xfffff9bf
core   0: 0x80005c40 (0x41ec0533) sub     a0, s8, t5
core   0: 3 0x80005c40 (0x41ec0533) x10 0x00029cc1
core   0: 0x80005c44 (0x00491a33) sll     s4, s2, tp
core   0: 3 0x80005c44 (0x00491a33) x20 0x20000000
core   0: 0x80005c48 (0x40c3d633) sra     a2, t2, a2
core   0: 3 0x80005c48 (0x40c3d633) x12 0x3c5b5fff
core   0: 0x80005c4c (0x446a0613) addi    a2, s4, 1094
core   0: 3 0x80005c4c (0x446a0613) x12 0x20000446
core   0: 0x80005c50 (0x41385593) srai    a1, a6, 19
core   0: 3 0x80005c50 (0x41385593) x11 0xfffff000
core   0: 0x80005c54 (0x8df74b13) xori    s6, a4, -1825
core   0: 3 0x80005c54 (0x8df74b13) x22 0xfffff8df
core   0: 0x80005c58 (0x026808b3) mul     a7, a6, t1
core   0: 3 0x80005c58 (0x026808b3) x17 0x34d28000
core   0: 0x80005c5c (0x003f1c13) slli    s8, t5, 3
core   0: 3 0x80005c5c (0x003f1c13) x24 0xffeb19f0
core   0: 0x80005c60 (0x40505b13) srai    s6, zero, 5
core   0: 3 0x80005c60 (0x40505b13) x22 0x00000000
core   0: 0x80005c64 (0x01983f33) sltu    t5, a6, s9
core   0: 3 0x80005c64 (0x01983f33) x30 0x00000001
core   0: 0x80005c68 (0xe192d717) auipc   a4, 0xe192d
core   0: 3 0x80005c68 (0xe192d717) x14 0x61932c68
core   0: 0x80005c6c (0x00095133) srl     sp, s2, zero
core   0: 3 0x80005c6c (0x00095133) x 2 0x00000002
core   0: 0x80005c70 (0x006bf533) and     a0, s7, t1
core   0: 3 0x80005c70 (0x006bf533) x10 0x088d0000
core   0: 0x80005c74 (0x7f802893) slti    a7, zero, 2040
core   0: 3 0x80005c74 (0x7f802893) x17 0x00000001
core   0: 0x80005c78 (0x03644fb3) div     t6, s0, s6
core   0: 3 0x80005c78 (0x03644fb3) x31 0xffffffff
core   0: 0x80005c7c (0x40495293) srai    t0, s2, 4
core   0: 3 0x80005c7c (0x40495293) x 5 0x00000000
core   0: 0x80005c80 (0x6884e513) ori     a0, s1, 1672
core   0: 3 0x80005c80 (0x6884e513) x10 0x3c5b5ffe
core   0: 0x80005c84 (0x029ad1b3) divu    gp, s5, s1
core   0: 3 0x80005c84 (0x029ad1b3) x 3 0x00000002
core   0: 0x80005c88 (0x00000013) nop
core   0: 3 0x80005c88 (0x00000013)
core   0: 0x80005c8c (0x014eca33) xor     s4, t4, s4
core   0: 3 0x80005c8c (0x014eca33) x20 0x20000000
core   0: 0x80005c90 (0x008c1d33) sll     s10, s8, s0
core   0: 3 0x80005c90 (0x008c1d33) x26 0xffeb19f0
core   0: 0x80005c94 (0x40e15933) sra     s2, sp, a4
core   0: 3 0x80005c94 (0x40e15933) x18 0x00000000
core   0: 0x80005c98 (0x01230033) add     zero, t1, s2
core   0: 3 0x80005c98 (0x01230033)
core   0: 0x80005c9c (0x03ffbfb3) mulhu   t6, t6, t6
core   0: 3 0x80005c9c (0x03ffbfb3) x31 0xfffffffe
core   0: 0x80005ca0 (0x01aa24b3) slt     s1, s4, s10
core   0: 3 0x80005ca0 (0x01aa24b3) x 9 0x00000000
core   0: 0x80005ca4 (0x417b8bb3) sub     s7, s7, s7
core   0: 3 0x80005ca4 (0x417b8bb3) x23 0x00000000
core   0: 0x80005ca8 (0xa2eb0517) auipc   a0, 0xa2eb0
core   0: 3 0x80005ca8 (0xa2eb0517) x10 0x22eb5ca8
core   0: 0x80005cac (0x01c19213) slli    tp, gp, 28
core   0: 3 0x80005cac (0x01c19213) x 4 0x20000000
core   0: 0x80005cb0 (0x58014a13) xori    s4, sp, 1408
core   0: 3 0x80005cb0 (0x58014a13) x20 0x00000582
core   0: 0x80005cb4 (0x01858033) add     zero, a1, s8
core   0: 3 0x80005cb4 (0x01858033)
core   0: 0x80005cb8 (0x41cf0633) sub     a2, t5, t3
core   0: 3 0x80005cb8 (0x41cf0633) x12 0x7ffe7428
core   0: 0x80005cbc (0x0064d293) srli    t0, s1, 6
core   0: 3 0x80005cbc (0x0064d293) x 5 0x00000000
core   0: 0x80005cc0 (0x0beffeb7) lui     t4, 0xbeff
core   0: 3 0x80005cc0 (0x0beffeb7) x29 0x0beff000
core   0: 0x80005cc4 (0x40f25393) srai    t2, tp, 15
core   0: 3 0x80005cc4 (0x40f25393) x 7 0x00004000
core   0: 0x80005cc8 (0x40a58933) sub     s2, a1, a0
core   0: 3 0x80005cc8 (0x40a58933) x18 0xdd149358
core   0: 0x80005ccc (0x0375ecb3) rem     s9, a1, s7
core   0: 3 0x80005ccc (0x0375ecb3) x25 0xfffff000
core   0: 0x80005cd0 (0x02122933) mulhsu  s2, tp, ra
core   0: 3 0x80005cd0 (0x02122933) x18 0x078b6cbb
core   0: 0x80005cd4 (0x41b95b13) srai    s6, s2, 27
core   0: 3 0x80005cd4 (0x41b95b13) x22 0x00000000
core   0: 0x80005cd8 (0x02d89533) mulh    a0, a7, a3
core   0: 3 0x80005cd8 (0x02d89533) x10 0x00000000
core   0: 0x80005cdc (0x003b4633) xor     a2, s6, gp
core   0: 3 0x80005cdc (0x003b4633) x12 0x00000002
core   0: 0x80005ce0 (0x00cbdc33) srl     s8, s7, a2
core   0: 3 0x80005ce0 (0x00cbdc33) x24 0x00000000
core   0: 0x80005ce4 (0x010a1a33) sll     s4, s4, a6
core   0: 3 0x80005ce4 (0x010a1a33) x20 0x00005820
core   0: 0x80005ce8 (0x02d7aeb3) mulhsu  t4, a5, a3
core   0: 3 0x80005ce8 (0x02d7aeb3) x29 0xffffffff
core   0: 0x80005cec (0x02f30133) mul     sp, t1, a5
core   0: 3 0x80005cec (0x02f30133) x 2 0xd9098000
core   0: 0x80005cf0 (0x4142d893) srai    a7, t0, 20
core   0: 3 0x80005cf0 (0x4142d893) x17 0x00000000
core   0: 0x80005cf4 (0x03bd1233) mulh    tp, s10, s11
core   0: 3 0x80005cf4 (0x03bd1233) x 4 0x000a72e7
core   0: 0x80005cf8 (0x764c3293) sltiu   t0, s8, 1892
core   0: 3 0x80005cf8 (0x764c3293) x 5 0x00000001
core   0: 0x80005cfc (0x40175d33) sra     s10, a4, ra
core   0: 3 0x80005cfc (0x40175d33) x26 0x00000061
core   0: 0x80005d00 (0xe706e893) ori     a7, a3, -400
core   0: 3 0x80005d00 (0xe706e893) x17 0xfffffe70
core   0: 0x80005d04 (0x2f93e713) ori     a4, t2, 761
core   0: 3 0x80005d04 (0x2f93e713) x14 0x000042f9
core   0: 0x80005d08 (0xf7b760b7) lui     ra, 0xf7b76
core   0: 3 0x80005d08 (0xf7b760b7) x 1 0xf7b76000
core   0: 0x80005d0c (0x00cf1fb3) sll     t6, t5, a2
core   0: 3 0x80005d0c (0x00cf1fb3) x31 0x00000004
core   0: 0x80005d10 (0x0147e233) or      tp, a5, s4
core   0: 3 0x80005d10 (0x0147e233) x 4 0xfffffffc
core   0: 0x80005d14 (0x03c35d33) divu    s10, t1, t3
core   0: 3 0x80005d14 (0x03c35d33) x26 0x00000001
core   0: 0x80005d18 (0x02434fb3) div     t6, t1, tp
core   0: 3 0x80005d18 (0x02434fb3) x31 0x1d909800
core   0: 0x80005d1c (0x13e3da37) lui     s4, 0x13e3d
core   0: 3 0x80005d1c (0x13e3da37) x20 0x13e3d000
core   0: 0x80005d20 (0x0355acb3) mulhsu  s9, a1, s5
core   0: 3 0x80005d20 (0x0355acb3) x25 0xfffff7ff
core   0: 0x80005d24 (0x02b26433) rem     s0, tp, a1
core   0: 3 0x80005d24 (0x02b26433) x 8 0xfffffffc
core   0: 0x80005d28 (0x70748893) addi    a7, s1, 1799
core   0: 3 0x80005d28 (0x70748893) x17 0x00000707
core   0: 0x80005d2c (0xad4f4f93) xori    t6, t5, -1324
core   0: 3 0x80005d2c (0xad4f4f93) x31 0xfffffad5
core   0: 0x80005d30 (0x00a994b3) sll     s1, s3, a0
core   0: 3 0x80005d30 (0x00a994b3) x 9 0x0000000b
core   0: 0x80005d34 (0x02b32eb3) mulhsu  t4, t1, a1
core   0: 3 0x80005d34 (0x02b32eb3) x29 0x89bda764
core   0: 0x80005d38 (0x0039f633) and     a2, s3, gp
core   0: 3 0x80005d38 (0x0039f633) x12 0x00000002
core   0: 0x80005d3c (0x02af7d33) remu    s10, t5, a0
core   0: 3 0x80005d3c (0x02af7d33) x26 0x00000001
core   0: 0x80005d40 (0x016a6933) or      s2, s4, s6
core   0: 3 0x80005d40 (0x016a6933) x18 0x13e3d000
core   0: 0x80005d44 (0x02e9be93) sltiu   t4, s3, 46
core   0: 3 0x80005d44 (0x02e9be93) x29 0x00000001
core   0: 0x80005d48 (0x7a9da293) slti    t0, s11, 1961
core   0: 3 0x80005d48 (0x7a9da293) x 5 0x00000001
core   0: 0x80005d4c (0x023db2b3) mulhu   t0, s11, gp
core   0: 3 0x80005d4c (0x023db2b3) x 5 0x00000001
core   0: 0x80005d50 (0x00000013) nop
core   0: 3 0x80005d50 (0x00000013)
core   0: 0x80005d54 (0x034cd2b3) divu    t0, s9, s4
core   0: 3 0x80005d54 (0x034cd2b3) x 5 0x0000000c
core   0: 0x80005d58 (0x00e09cb3) sll     s9, ra, a4
core   0: 3 0x80005d58 (0x00e09cb3) x25 0x00000000
core   0: 0x80005d5c (0x025f0933) mul     s2, t5, t0
core   0: 3 0x80005d5c (0x025f0933) x18 0x0000000c
core   0: 0x80005d60 (0x0061f233) and     tp, gp, t1
core   0: 3 0x80005d60 (0x0061f233) x 4 0x00000000
core   0: 0x80005d64 (0x01d9bc33) sltu    s8, s3, t4
core   0: 3 0x80005d64 (0x01d9bc33) x24 0x00000000
core   0: 0x80005d68 (0xae253513) sltiu   a0, a0, -1310
core   0: 3 0x80005d68 (0xae253513) x10 0x00000001
core   0: 0x80005d6c (0x95570397) auipc   t2, 0x95570
core   0: 3 0x80005d6c (0x95570397) x 7 0x15575d6c
core   0: 0x80005d70 (0x00000013) nop
core   0: 3 0x80005d70 (0x00000013)
core   0: 0x80005d74 (0x03281fb3) mulh    t6, a6, s2
core   0: 3 0x80005d74 (0x03281fb3) x31 0xfffffffa
core   0: 0x80005d78 (0x004e8f33) add     t5, t4, tp
core   0: 3 0x80005d78 (0x004e8f33) x30 0x00000001
core   0: 0x80005d7c (0x0371ae33) mulhsu  t3, gp, s7
core   0: 3 0x80005d7c (0x0371ae33) x28 0x00000000
core   0: 0x80005d80 (0xea15ea93) ori     s5, a1, -351
core   0: 3 0x80005d80 (0xea15ea93) x21 0xfffffea1
core   0: 0x80005d84 (0x8b0e4f13) xori    t5, t3, -1872
core   0: 3 0x80005d84 (0x8b0e4f13) x30 0xfffff8b0
core   0: 0x80005d88 (0xea5d51b7) lui     gp, 0xea5d5
core   0: 3 0x80005d88 (0xea5d51b7) x 3 0xea5d5000
core   0: 0x80005d8c (0x41150733) sub     a4, a0, a7
core   0: 3 0x80005d8c (0x41150733) x14 0xfffff8fa
core   0: 0x80005d90 (0x004bf133) and     sp, s7, tp
core   0: 3 0x80005d90 (0x004bf133) x 2 0x00000000
core   0: 0x80005d94 (0x3befb593) sltiu   a1, t6, 958
core   0: 3 0x80005d94 (0x3befb593) x11 0x00000000
core   0: 0x80005d98 (0x4143d113) srai    sp, t2, 20
core   0: 3 0x80005d98 (0x4143d113) x 2 0x00000155
core   0: 0x80005d9c (0x035f2c33) mulhsu  s8, t5, s5
core   0: 3 0x80005d9c (0x035f2c33) x24 0xfffff8b0
core   0: 0x80005da0 (0x62176f17) auipc   t5, 0x62176
core   0: 3 0x80005da0 (0x62176f17) x30 0xe217bda0
core   0: 0x80005da4 (0x02e75933) divu    s2, a4, a4
core   0: 3 0x80005da4 (0x02e75933) x18 0x00000001
core   0: 0x80005da8 (0xc884e093) ori     ra, s1, -888
core   0: 3 0x80005da8 (0xc884e093) x 1 0xfffffc8b
core   0: 0x80005dac (0x41545eb3) sra     t4, s0, s5
core   0: 3 0x80005dac (0x41545eb3) x29 0xfffffffe
core   0: 0x80005db0 (0x014b73b3) and     t2, s6, s4
core   0: 3 0x80005db0 (0x014b73b3) x 7 0x00000000
core   0: 0x80005db4 (0x29af0f17) auipc   t5, 0x29af0
core   0: 3 0x80005db4 (0x29af0f17) x30 0xa9af5db4
core   0: 0x80005db8 (0x025f8bb3) mul     s7, t6, t0
core   0: 3 0x80005db8 (0x025f8bb3) x23 0xffffffb8
core   0: 0x80005dbc (0x41b05493) srai    s1, zero, 27
core   0: 3 0x80005dbc (0x41b05493) x 9 0x00000000
core   0: 0x80005dc0 (0x405fd013) srai    zero, t6, 5
core   0: 3 0x80005dc0 (0x405fd013)
core   0: 0x80005dc4 (0x035167b3) rem     a5, sp, s5
core   0: 3 0x80005dc4 (0x035167b3) x15 0x00000155
core   0: 0x80005dc8 (0x02319333) mulh    t1, gp, gp
core   0: 3 0x80005dc8 (0x02319333) x 6 0x01d41843
core   0: 0x80005dcc (0x00dbdf13) srli    t5, s7, 13
core   0: 3 0x80005dcc (0x00dbdf13) x30 0x0007ffff
core   0: 0x80005dd0 (0x014058b3) srl     a7, zero, s4
core   0: 3 0x80005dd0 (0x014058b3) x17 0x00000000
core   0: 0x80005dd4 (0x020f0d33) mul     s10, t5, zero
core   0: 3 0x80005dd4 (0x020f0d33) x26 0x00000000
core   0: 0x80005dd8 (0x9db7f113) andi    sp, a5, -1573
core   0: 3 0x80005dd8 (0x9db7f113) x 2 0x00000151
core   0: 0x80005ddc (0x010567b3) or      a5, a0, a6
core   0: 3 0x80005ddc (0x010567b3) x15 0x80014e65
core   0: 0x80005de0 (0x00000013) nop
core   0: 3 0x80005de0 (0x00000013)
core   0: 0x80005de4 (0x0f267393) andi    t2, a2, 242
core   0: 3 0x80005de4 (0x0f267393) x 7 0x00000002
core   0: 0x80005de8 (0x02b4f233) remu    tp, s1, a1
core   0: 3 0x80005de8 (0x02b4f233) x 4 0x00000000
core   0: 0x80005dec (0xac27cb13) xori    s6, a5, -1342
core   0: 3 0x80005dec (0xac27cb13) x22 0x7ffeb4a7
core   0: 0x80005df0 (0x02edd133) divu    sp, s11, a4
core   0: 3 0x80005df0 (0x02edd133) x 2 0x00000000
core   0: 0x80005df4 (0x0035f5b3) and     a1, a1, gp
core   0: 3 0x80005df4 (0x0035f5b3) x11 0x00000000
core   0: 0x80005df8 (0x00000013) nop
core   0: 3 0x80005df8 (0x00000013)
core   0: 0x80005dfc (0x7c002e13) slti    t3, zero, 1984
core   0: 3 0x80005dfc (0x7c002e13) x28 0x00000001
core   0: 0x80005e00 (0x6603e113) ori     sp, t2, 1632
core   0: 3 0x80005e00 (0x6603e113) x 2 0x00000662
core   0: 0x80005e04 (0x1de3a213) slti    tp, t2, 478
core   0: 3 0x80005e04 (0x1de3a213) x 4 0x00000001
core   0: 0x80005e08 (0x0310c3b3) div     t2, ra, a7
core   0: 3 0x80005e08 (0x0310c3b3) x 7 0xffffffff
core   0: 0x80005e0c (0x0369d233) divu    tp, s3, s6
core   0: 3 0x80005e0c (0x0369d233) x 4 0x00000000
core   0: 0x80005e10 (0xffbc4937) lui     s2, 0xffbc4
core   0: 3 0x80005e10 (0xffbc4937) x18 0xffbc4000
core   0: 0x80005e14 (0x0029a4b3) slt     s1, s3, sp
core   0: 3 0x80005e14 (0x0029a4b3) x 9 0x00000001
core   0: 0x80005e18 (0x00000013) nop
core   0: 3 0x80005e18 (0x00000013)
core   0: 0x80005e1c (0x03c317b3) mulh    a5, t1, t3
core   0: 3 0x80005e1c (0x03c317b3) x15 0x00000000
core   0: 0x80005e20 (0x0293f8b3) remu    a7, t2, s1
core   0: 3 0x80005e20 (0x0293f8b3) x17 0x00000000
core   0: 0x80005e24 (0x014d9413) slli    s0, s11, 20
core   0: 3 0x80005e24 (0x014d9413) x 8 0xce400000
core   0: 0x80005e28 (0x03de0e33) mul     t3, t3, t4
core   0: 3 0x80005e28 (0x03de0e33) x28 0xfffffffe
core   0: 0x80005e2c (0x01f37933) and     s2, t1, t6
core   0: 3 0x80005e2c (0x01f37933) x18 0x01d41842
core   0: 0x80005e30 (0x0229ee33) rem     t3, s3, sp
core   0: 3 0x80005e30 (0x0229ee33) x28 0x0000000b
core   0: 0x80005e34 (0x8556f437) lui     s0, 0x8556f
core   0: 3 0x80005e34 (0x8556f437) x 8 0x8556f000
core   0: 0x80005e38 (0x0188d913) srli    s2, a7, 24
core   0: 3 0x80005e38 (0x0188d913) x18 0x00000000
core   0: 0x80005e3c (0x0134ca33) xor     s4, s1, s3
core   0: 3 0x80005e3c (0x0134ca33) x20 0x0000000a
core   0: 0x80005e40 (0x033a3a33) mulhu   s4, s4, s3
core   0: 3 0x80005e40 (0x033a3a33) x20 0x00000000
core   0: 0x80005e44 (0x00000013) nop
core   0: 3 0x80005e44 (0x00000013)
core   0: 0x80005e48 (0x41218eb3) sub     t4, gp, s2
core   0: 3 0x80005e48 (0x41218eb3) x29 0xea5d5000
core   0: 0x80005e4c (0x00d43433) sltu    s0, s0, a3
core   0: 3 0x80005e4c (0x00d43433) x 8 0x00000000
core   0: 0x80005e50 (0x7adf3213) sltiu   tp, t5, 1965
core   0: 3 0x80005e50 (0x7adf3213) x 4 0x00000000
core   0: 0x80005e54 (0x00000013) nop
core   0: 3 0x80005e54 (0x00000013)
core   0: 0x80005e58 (0x0254a933) mulhsu  s2, s1, t0
core   0: 3 0x80005e58 (0x0254a933) x18 0x00000000
core   0: 0x80005e5c (0xcd8a2693) slti    a3, s4, -808
core   0: 3 0x80005e5c (0xcd8a2693) x13 0x00000000
core   0: 0x80005e60 (0x01387d33) and     s10, a6, s3
core   0: 3 0x80005e60 (0x01387d33) x26 0x00000000
core   0: 0x80005e64 (0x00c4dab3) srl     s5, s1, a2
core   0: 3 0x80005e64 (0x00c4dab3) x21 0x00000000
core   0: 0x80005e68 (0x00812a33) slt     s4, sp, s0
core   0: 3 0x80005e68 (0x00812a33) x20 0x00000000
core   0: 0x80005e6c (0x01149f13) slli    t5, s1, 17
core   0: 3 0x80005e6c (0x01149f13) x30 0x00020000
core   0: 0x80005e70 (0x01be4d33) xor     s10, t3, s11
core   0: 3 0x80005e70 (0x01be4d33) x26 0x80018cef
core   0: 0x80005e74 (0x0224bcb3) mulhu   s9, s1, sp
core   0: 3 0x80005e74 (0x0224bcb3) x25 0x00000000
core   0: 0x80005e78 (0x01c2d413) srli    s0, t0, 28
core   0: 3 0x80005e78 (0x01c2d413) x 8 0x00000000
core   0: 0x80005e7c (0x99352213) slti    tp, a0, -1645
core   0: 3 0x80005e7c (0x99352213) x 4 0x00000000
core   0: 0x80005e80 (0x01b8d6b3) srl     a3, a7, s11
core   0: 3 0x80005e80 (0x01b8d6b3) x13 0x00000000
core   0: 0x80005e84 (0x01496c33) or      s8, s2, s4
core   0: 3 0x80005e84 (0x01496c33) x24 0x00000000
core   0: 0x80005e88 (0x018cd293) srli    t0, s9, 24
core   0: 3 0x80005e88 (0x018cd293) x 5 0x00000000
core   0: 0x80005e8c (0x01886f33) or      t5, a6, s8
core   0: 3 0x80005e8c (0x01886f33) x30 0x80014e64
core   0: 0x80005e90 (0x03277133) remu    sp, a4, s2
core   0: 3 0x80005e90 (0x03277133) x 2 0xfffff8fa
core   0: 0x80005e94 (0x00936a33) or      s4, t1, s1
core   0: 3 0x80005e94 (0x00936a33) x20 0x01d41843
core   0: 0x80005e98 (0xda0fac13) slti    s8, t6, -608
core   0: 3 0x80005e98 (0xda0fac13) x24 0x00000000
core   0: 0x80005e9c (0x00a70fb3) add     t6, a4, a0
core   0: 3 0x80005e9c (0x00a70fb3) x31 0xfffff8fb
core   0: 0x80005ea0 (0x41ecd293) srai    t0, s9, 30
core   0: 3 0x80005ea0 (0x41ecd293) x 5 0x00000000
core   0: 0x80005ea4 (0x48584c97) auipc   s9, 0x48584
core   0: 3 0x80005ea4 (0x48584c97) x25 0xc8589ea4
core   0: 0x80005ea8 (0x02792fb3) mulhsu  t6, s2, t2
core   0: 3 0x80005ea8 (0x02792fb3) x31 0x00000000
core   0: 0x80005eac (0x034c1933) mulh    s2, s8, s4
core   0: 3 0x80005eac (0x034c1933) x18 0x00000000
core   0: 0x80005eb0 (0x03d98e33) mul     t3, s3, t4
core   0: 3 0x80005eb0 (0x03d98e33) x28 0x12027000
core   0: 0x80005eb4 (0x01c1d893) srli    a7, gp, 28
core   0: 3 0x80005eb4 (0x01c1d893) x17 0x0000000e
core   0: 0x80005eb8 (0x008396b3) sll     a3, t2, s0
core   0: 3 0x80005eb8 (0x008396b3) x13 0xffffffff
core   0: 0x80005ebc (0x01c9ec33) or      s8, s3, t3
core   0: 3 0x80005ebc (0x01c9ec33) x24 0x1202700b
core   0: 0x80005ec0 (0x00bf5913) srli    s2, t5, 11
core   0: 3 0x80005ec0 (0x00bf5913) x18 0x00100029
core   0: 0x80005ec4 (0x020661b3) rem     gp, a2, zero
core   0: 3 0x80005ec4 (0x020661b3) x 3 0x00000002
core   0: 0x80005ec8 (0x036e0d33) mul     s10, t3, s6
core   0: 3 0x80005ec8 (0x036e0d33) x26 0x96571000
core   0: 0x80005ecc (0x74e8ad13) slti    s10, a7, 1870
core   0: 3 0x80005ecc (0x74e8ad13) x26 0x00000001
core   0: 0x80005ed0 (0x02081bb3) mulh    s7, a6, zero
core   0: 3 0x80005ed0 (0x02081bb3) x23 0x00000000
core   0: 0x80005ed4 (0x033fd633) divu    a2, t6, s3
core   0: 3 0x80005ed4 (0x033fd633) x12 0x00000000
core   0: 0x80005ed8 (0x40b78e33) sub     t3, a5, a1
core   0: 3 0x80005ed8 (0x40b78e33) x28 0x00000000
core   0: 0x80005edc (0x026ed7b3) divu    a5, t4, t1
core   0: 3 0x80005edc (0x026ed7b3) x15 0x00000080
core   0: 0x80005ee0 (0x02060433) mul     s0, a2, zero
core   0: 3 0x80005ee0 (0x02060433) x 8 0x00000000
core   0: 0x80005ee4 (0x2db86b13) ori     s6, a6, 731
core   0: 3 0x80005ee4 (0x2db86b13) x22 0x80014eff
core   0: 0x80005ee8 (0x00411733) sll     a4, sp, tp
core   0: 3 0x80005ee8 (0x00411733) x14 0xfffff8fa
core   0: 0x80005eec (0x33a4a013) slti    zero, s1, 826
core   0: 3 0x80005eec (0x33a4a013)
core   0: 0x80005ef0 (0x00cd8bb3) add     s7, s11, a2
core   0: 3 0x80005ef0 (0x00cd8bb3) x23 0x80018ce4
core   0: 0x80005ef4 (0x40718c33) sub     s8, gp, t2
core   0: 3 0x80005ef4 (0x40718c33) x24 0x00000003
core   0: 0x80005ef8 (0x03fd5e33) divu    t3, s10, t6
core   0: 3 0x80005ef8 (0x03fd5e33) x28 0xffffffff
core   0: 0x80005efc (0x02c3ccb3) div     s9, t2, a2
core   0: 3 0x80005efc (0x02c3ccb3) x25 0xffffffff
core   0: 0x80005f00 (0x01afb7b3) sltu    a5, t6, s10
core   0: 3 0x80005f00 (0x01afb7b3) x15 0x00000001
core   0: 0x80005f04 (0x41345533) sra     a0, s0, s3
core   0: 3 0x80005f04 (0x41345533) x10 0x00000000
core   0: 0x80005f08 (0x01e6d433) srl     s0, a3, t5
core   0: 3 0x80005f08 (0x01e6d433) x 8 0x0fffffff
core   0: 0x80005f0c (0xa3f27093) andi    ra, tp, -1473
core   0: 3 0x80005f0c (0xa3f27093) x 1 0x00000000
core   0: 0x80005f10 (0x03ac5d33) divu    s10, s8, s10
core   0: 3 0x80005f10 (0x03ac5d33) x26 0x00000003
core   0: 0x80005f14 (0x164b51b7) lui     gp, 0x164b5
core   0: 3 0x80005f14 (0x164b51b7) x 3 0x164b5000
core   0: 0x80005f18 (0x75b9cf93) xori    t6, s3, 1883
core   0: 3 0x80005f18 (0x75b9cf93) x31 0x00000750
core   0: 0x80005f1c (0x00140a33) add     s4, s0, ra
core   0: 3 0x80005f1c (0x00140a33) x20 0x0fffffff
core   0: 0x80005f20 (0xe660aa13) slti    s4, ra, -410
core   0: 3 0x80005f20 (0xe660aa13) x20 0x00000000
core   0: 0x80005f24 (0x40b286b3) sub     a3, t0, a1
core   0: 3 0x80005f24 (0x40b286b3) x13 0x00000000
core   0: 0x80005f28 (0x008537b3) sltu    a5, a0, s0
core   0: 3 0x80005f28 (0x008537b3) x15 0x00000001
core   0: 0x80005f2c (0x00813733) sltu    a4, sp, s0
core   0: 3 0x80005f2c (0x00813733) x14 0x00000000
core   0: 0x80005f30 (0x02f70133) mul     sp, a4, a5
core   0: 3 0x80005f30 (0x02f70133) x 2 0x00000000
core   0: 0x80005f34 (0xde2c0a13) addi    s4, s8, -542
core   0: 3 0x80005f34 (0xde2c0a13) x20 0xfffffde5
core   0: 0x80005f38 (0x00000013) nop
core   0: 3 0x80005f38 (0x00000013)
core   0: 0x80005f3c (0xb5556893) ori     a7, a0, -1195
core   0: 3 0x80005f3c (0xb5556893) x17 0xfffffb55
core   0: 0x80005f40 (0x01de9a33) sll     s4, t4, t4
core   0: 3 0x80005f40 (0x01de9a33) x20 0xea5d5000
core   0: 0x80005f44 (0x00c67cb3) and     s9, a2, a2
core   0: 3 0x80005f44 (0x00c67cb3) x25 0x00000000
core   0: 0x80005f48 (0x00d852b3) srl     t0, a6, a3
core   0: 3 0x80005f48 (0x00d852b3) x 5 0x80014e64
core   0: 0x80005f4c (0x18897eb7) lui     t4, 0x18897
core   0: 3 0x80005f4c (0x18897eb7) x29 0x18897000
core   0: 0x80005f50 (0x00000013) nop
core   0: 3 0x80005f50 (0x00000013)
core   0: 0x80005f54 (0x02c56d33) rem     s10, a0, a2
core   0: 3 0x80005f54 (0x02c56d33) x26 0x00000000
core   0: 0x80005f58 (0xda4e86b7) lui     a3, 0xda4e8
core   0: 3 0x80005f58 (0xda4e86b7) x13 0xda4e8000
core   0: 0x80005f5c (0xa1643f93) sltiu   t6, s0, -1514
core   0: 3 0x80005f5c (0xa1643f93) x31 0x00000001
core   0: 0x80005f60 (0x40e55233) sra     tp, a0, a4
core   0: 3 0x80005f60 (0x40e55233) x 4 0x00000000
core   0: 0x80005f64 (0x03f7c8b3) div     a7, a5, t6
core   0: 3 0x80005f64 (0x03f7c8b3) x17 0x00000001
core   0: 0x80005f68 (0x0338e2b3) rem     t0, a7, s3
core   0: 3 0x80005f68 (0x0338e2b3) x 5 0x00000001
core   0: 0x80005f6c (0x015bd533) srl     a0, s7, s5
core   0: 3 0x80005f6c (0x015bd533) x10 0x80018ce4
core   0: 0x80005f70 (0xe46e7e13) andi    t3, t3, -442
core   0: 3 0x80005f70 (0xe46e7e13) x28 0xfffffe46
core   0: 0x80005f74 (0x00a6de93) srli    t4, a3, 10
core   0: 3 0x80005f74 (0x00a6de93) x29 0x003693a0
core   0: 0x80005f78 (0x91f44193) xori    gp, s0, -1761
core   0: 3 0x80005f78 (0x91f44193) x 3 0xf00006e0
core   0: 0x80005f7c (0x03df8cb3) mul     s9, t6, t4
core   0: 3 0x80005f7c (0x03df8cb3) x25 0x003693a0
core   0: 0x80005f80 (0x02f161b3) rem     gp, sp, a5
core   0: 3 0x80005f80 (0x02f161b3) x 3 0x00000000
core   0: 0x80005f84 (0x7738aa13) slti    s4, a7, 1907
core   0: 3 0x80005f84 (0x7738aa13) x20 0x00000001
core   0: 0x80005f88 (0xd8f1a793) slti    a5, gp, -625
core   0: 3 0x80005f88 (0xd8f1a793) x15 0x00000000
core   0: 0x80005f8c (0x01b4beb3) sltu    t4, s1, s11
core   0: 3 0x80005f8c (0x01b4beb3) x29 0x00000001
core   0: 0x80005f90 (0x407adb33) sra     s6, s5, t2
core   0: 3 0x80005f90 (0x407adb33) x22 0x00000000
core   0: 0x80005f94 (0x01c41fb3) sll     t6, s0, t3
core   0: 3 0x80005f94 (0x01c41fb3) x31 0xffffffc0
core   0: 0x80005f98 (0x0199a933) slt     s2, s3, s9
core   0: 3 0x80005f98 (0x0199a933) x18 0x00000001
core   0: 0x80005f9c (0xf2b47c13) andi    s8, s0, -213
core   0: 3 0x80005f9c (0xf2b47c13) x24 0x0fffff2b
core   0: 0x80005fa0 (0x02ca28b3) mulhsu  a7, s4, a2
core   0: 3 0x80005fa0 (0x02ca28b3) x17 0x00000000
core   0: 0x80005fa4 (0x4163d493) srai    s1, t2, 22
core   0: 3 0x80005fa4 (0x4163d493) x 9 0xffffffff
core   0: 0x80005fa8 (0x40b653b3) sra     t2, a2, a1
core   0: 3 0x80005fa8 (0x40b653b3) x 7 0x00000000
core   0: 0x80005fac (0xa5507913) andi    s2, zero, -1451
core   0: 3 0x80005fac (0xa5507913) x18 0x00000000
core   0: 0x80005fb0 (0x41e9d513) srai    a0, s3, 30
core   0: 3 0x80005fb0 (0x41e9d513) x10 0x00000000
core   0: 0x80005fb4 (0x41d20cb3) sub     s9, tp, t4
core   0: 3 0x80005fb4 (0x41d20cb3) x25 0xffffffff
core   0: 0x80005fb8 (0xff34bb93) sltiu   s7, s1, -13
core   0: 3 0x80005fb8 (0xff34bb93) x23 0x00000000
core   0: 0x80005fbc (0x0200e233) rem     tp, ra, zero
core   0: 3 0x80005fbc (0x0200e233) x 4 0x00000000
core   0: 0x80005fc0 (0x0227e1b3) rem     gp, a5, sp
core   0: 3 0x80005fc0 (0x0227e1b3) x 3 0x00000000
core   0: 0x80005fc4 (0x45b9fc93) andi    s9, s3, 1115
core   0: 3 0x80005fc4 (0x45b9fc93) x25 0x0000000b
core   0: 0x80005fc8 (0x03f56033) rem     zero, a0, t6
core   0: 3 0x80005fc8 (0x03f56033)
core   0: 0x80005fcc (0x0057d033) srl     zero, a5, t0
core   0: 3 0x80005fcc (0x0057d033)
core   0: 0x80005fd0 (0x00ae9313) slli    t1, t4, 10
core   0: 3 0x80005fd0 (0x00ae9313) x 6 0x00000400
core   0: 0x80005fd4 (0x0398aa33) mulhsu  s4, a7, s9
core   0: 3 0x80005fd4 (0x0398aa33) x20 0x00000000
core   0: 0x80005fd8 (0x9be0af93) slti    t6, ra, -1602
core   0: 3 0x80005fd8 (0x9be0af93) x31 0x00000000
core   0: 0x80005fdc (0x0015a7b3) slt     a5, a1, ra
core   0: 3 0x80005fdc (0x0015a7b3) x15 0x00000000
core   0: 0x80005fe0 (0x879ce017) auipc   zero, 0x879ce
core   0: 3 0x80005fe0 (0x879ce017)
core   0: 0x80005fe4 (0x0219a4b3) mulhsu  s1, s3, ra
core   0: 3 0x80005fe4 (0x0219a4b3) x 9 0x00000000
core   0: 0x80005fe8 (0x0181b033) sltu    zero, gp, s8
core   0: 3 0x80005fe8 (0x0181b033)
core   0: 0x80005fec (0x01dc5e13) srli    t3, s8, 29
core   0: 3 0x80005fec (0x01dc5e13) x28 0x00000000
core   0: 0x80005ff0 (0x9da02513) slti    a0, zero, -1574
core   0: 3 0x80005ff0 (0x9da02513) x10 0x00000000
core   0: 0x80005ff4 (0x1e3b8f93) addi    t6, s7, 483
core   0: 3 0x80005ff4 (0x1e3b8f93) x31 0x000001e3
core   0: 0x80005ff8 (0x41b68fb3) sub     t6, a3, s11
core   0: 3 0x80005ff8 (0x41b68fb3) x31 0x5a4cf31c
core   0: 0x80005ffc (0xd3e1ce13) xori    t3, gp, -706
core   0: 3 0x80005ffc (0xd3e1ce13) x28 0xfffffd3e
core   0: 0x80006000 (0x011bbab3) sltu    s5, s7, a7
core   0: 3 0x80006000 (0x011bbab3) x21 0x00000000
core   0: 0x80006004 (0x8af5b213) sltiu   tp, a1, -1873
core   0: 3 0x80006004 (0x8af5b213) x 4 0x00000001
core   0: 0x80006008 (0xd72fa793) slti    a5, t6, -654
core   0: 3 0x80006008 (0xd72fa793) x15 0x00000000
core   0: 0x8000600c (0x019bee33) or      t3, s7, s9
core   0: 3 0x8000600c (0x019bee33) x28 0x0000000b
core   0: 0x80006010 (0x035301b3) mul     gp, t1, s5
core   0: 3 0x80006010 (0x035301b3) x 3 0x00000000
core   0: 0x80006014 (0x01889f13) slli    t5, a7, 24
core   0: 3 0x80006014 (0x01889f13) x30 0x00000000
core   0: 0x80006018 (0x0364b4b3) mulhu   s1, s1, s6
core   0: 3 0x80006018 (0x0364b4b3) x 9 0x00000000
core   0: 0x8000601c (0xc8f63a13) sltiu   s4, a2, -881
core   0: 3 0x8000601c (0xc8f63a13) x20 0x00000001
core   0: 0x80006020 (0x014d54b3) srl     s1, s10, s4
core   0: 3 0x80006020 (0x014d54b3) x 9 0x00000000
core   0: 0x80006024 (0x019e6b33) or      s6, t3, s9
core   0: 3 0x80006024 (0x019e6b33) x22 0x0000000b
core   0: 0x80006028 (0x0329a933) mulhsu  s2, s3, s2
core   0: 3 0x80006028 (0x0329a933) x18 0x00000000
core   0: 0x8000602c (0x00000013) nop
core   0: 3 0x8000602c (0x00000013)
core   0: 0x80006030 (0x00d55f93) srli    t6, a0, 13
core   0: 3 0x80006030 (0x00d55f93) x31 0x00000000
core   0: 0x80006034 (0x034ae3b3) rem     t2, s5, s4
core   0: 3 0x80006034 (0x034ae3b3) x 7 0x00000000
core   0: 0x80006038 (0x0071dcb3) srl     s9, gp, t2
core   0: 3 0x80006038 (0x0071dcb3) x25 0x00000000
core   0: 0x8000603c (0x01b29cb3) sll     s9, t0, s11
core   0: 3 0x8000603c (0x01b29cb3) x25 0x00000010
core   0: 0x80006040 (0x00fd1213) slli    tp, s10, 15
core   0: 3 0x80006040 (0x00fd1213) x 4 0x00000000
core   0: 0x80006044 (0xd0d652b7) lui     t0, 0xd0d65
core   0: 3 0x80006044 (0xd0d652b7) x 5 0xd0d65000
core   0: 0x80006048 (0x02d1ca33) div     s4, gp, a3
core   0: 3 0x80006048 (0x02d1ca33) x20 0x00000000
core   0: 0x8000604c (0x022efab3) remu    s5, t4, sp
core   0: 3 0x8000604c (0x022efab3) x21 0x00000001
core   0: 0x80006050 (0x40cc8a33) sub     s4, s9, a2
core   0: 3 0x80006050 (0x40cc8a33) x20 0x00000010
core   0: 0x80006054 (0x0383e4b3) rem     s1, t2, s8
core   0: 3 0x80006054 (0x0383e4b3) x 9 0x00000000
core   0: 0x80006058 (0x00c1acb3) slt     s9, gp, a2
core   0: 3 0x80006058 (0x00c1acb3) x25 0x00000000
core   0: 0x8000605c (0x0096ef33) or      t5, a3, s1
core   0: 3 0x8000605c (0x0096ef33) x30 0xda4e8000
core   0: 0x80006060 (0x81626e13) ori     t3, tp, -2026
core   0: 3 0x80006060 (0x81626e13) x28 0xfffff816
core   0: 0x80006064 (0x01bd3bb3) sltu    s7, s10, s11
core   0: 3 0x80006064 (0x01bd3bb3) x23 0x00000001
core   0: 0x80006068 (0xdfecb613) sltiu   a2, s9, -514
core   0: 3 0x80006068 (0xdfecb613) x12 0x00000001
core   0: 0x8000606c (0x01435393) srli    t2, t1, 20
core   0: 3 0x8000606c (0x01435393) x 7 0x00000000
core   0: 0x80006070 (0x007c46b3) xor     a3, s8, t2
core   0: 3 0x80006070 (0x007c46b3) x13 0x0fffff2b
core   0: 0x80006074 (0x0287f4b3) remu    s1, a5, s0
core   0: 3 0x80006074 (0x0287f4b3) x 9 0x00000000
core   0: 0x80006078 (0x00f220b3) slt     ra, tp, a5
core   0: 3 0x80006078 (0x00f220b3) x 1 0x00000000
core   0: 0x8000607c (0x014f37b3) sltu    a5, t5, s4
core   0: 3 0x8000607c (0x014f37b3) x15 0x00000000
core   0: 0x80006080 (0x02d88bb3) mul     s7, a7, a3
core   0: 3 0x80006080 (0x02d88bb3) x23 0x00000000
core   0: 0x80006084 (0x03fac1b3) div     gp, s5, t6
core   0: 3 0x80006084 (0x03fac1b3) x 3 0xffffffff
core   0: 0x80006088 (0x00000013) nop
core   0: 3 0x80006088 (0x00000013)
core   0: 0x8000608c (0x03298133) mul     sp, s3, s2
core   0: 3 0x8000608c (0x03298133) x 2 0x00000000
core   0: 0x80006090 (0x0f2bb913) sltiu   s2, s7, 242
core   0: 3 0x80006090 (0x0f2bb913) x18 0x00000001
core   0: 0x80006094 (0x015ec5b3) xor     a1, t4, s5
core   0: 3 0x80006094 (0x015ec5b3) x11 0x00000000
core   0: 0x80006098 (0xe4ba0397) auipc   t2, 0xe4ba0
core   0: 3 0x80006098 (0xe4ba0397) x 7 0x64ba6098
core   0: 0x8000609c (0x5ef078b7) lui     a7, 0x5ef07
core   0: 3 0x8000609c (0x5ef078b7) x17 0x5ef07000
core   0: 0x800060a0 (0x20c80913) addi    s2, a6, 524
core   0: 3 0x800060a0 (0x20c80913) x18 0x80015070
core   0: 0x800060a4 (0x032e7533) remu    a0, t3, s2
core   0: 3 0x800060a4 (0x032e7533) x10 0x7ffea7a6
core   0: 0x800060a8 (0x400e8c33) sub     s8, t4, zero
core   0: 3 0x800060a8 (0x400e8c33) x24 0x00000001
core   0: 0x800060ac (0x0741e493) ori     s1, gp, 116
core   0: 3 0x800060ac (0x0741e493) x 9 0xffffffff
core   0: 0x800060b0 (0x09836917) auipc   s2, 0x9836
core   0: 3 0x800060b0 (0x09836917) x18 0x8983c0b0
core   0: 0x800060b4 (0x00000013) nop
core   0: 3 0x800060b4 (0x00000013)
core   0: 0x800060b8 (0x00bfa133) slt     sp, t6, a1
core   0: 3 0x800060b8 (0x00bfa133) x 2 0x00000000
core   0: 0x800060bc (0x03422a33) mulhsu  s4, tp, s4
core   0: 3 0x800060bc (0x03422a33) x20 0x00000000
core   0: 0x800060c0 (0x018c95b3) sll     a1, s9, s8
core   0: 3 0x800060c0 (0x018c95b3) x11 0x00000000
core   0: 0x800060c4 (0x012c0fb3) add     t6, s8, s2
core   0: 3 0x800060c4 (0x012c0fb3) x31 0x8983c0b1
core   0: 0x800060c8 (0xf9436e17) auipc   t3, 0xf9436
core   0: 3 0x800060c8 (0xf9436e17) x28 0x7943c0c8
core   0: 0x800060cc (0x035f48b3) div     a7, t5, s5
core   0: 3 0x800060cc (0x035f48b3) x17 0xda4e8000
core   0: 0x800060d0 (0x41a15733) sra     a4, sp, s10
core   0: 3 0x800060d0 (0x41a15733) x14 0x00000000
core   0: 0x800060d4 (0x00bde3b3) or      t2, s11, a1
core   0: 3 0x800060d4 (0x00bde3b3) x 7 0x80018ce4
core   0: 0x800060d8 (0x0124e933) or      s2, s1, s2
core   0: 3 0x800060d8 (0x0124e933) x18 0xffffffff
core   0: 0x800060dc (0x03dfec33) rem     s8, t6, t4
core   0: 3 0x800060dc (0x03dfec33) x24 0x00000000
core   0: 0x800060e0 (0x039df733) remu    a4, s11, s9
core   0: 3 0x800060e0 (0x039df733) x14 0x80018ce4
core   0: 0x800060e4 (0xf2df5a97) auipc   s5, 0xf2df5
core   0: 3 0x800060e4 (0xf2df5a97) x21 0x72dfb0e4
core   0: 0x800060e8 (0x41b15733) sra     a4, sp, s11
core   0: 3 0x800060e8 (0x41b15733) x14 0x00000000
core   0: 0x800060ec (0x000a9b93) slli    s7, s5, 0
core   0: 3 0x800060ec (0x000a9b93) x23 0x72dfb0e4
core   0: 0x800060f0 (0x02cc7bb3) remu    s7, s8, a2
core   0: 3 0x800060f0 (0x02cc7bb3) x23 0x00000000
core   0: 0x800060f4 (0x0347ec33) rem     s8, a5, s4
core   0: 3 0x800060f4 (0x0347ec33) x24 0x00000000
core   0: 0x800060f8 (0x56160513) addi    a0, a2, 1377
core   0: 3 0x800060f8 (0x56160513) x10 0x00000562
core   0: 0x800060fc (0x02f14133) div     sp, sp, a5
core   0: 3 0x800060fc (0x02f14133) x 2 0xffffffff
core   0: 0x80006100 (0x582faa13) slti    s4, t6, 1410
core   0: 3 0x80006100 (0x582faa13) x20 0x00000001
core   0: 0x80006104 (0x0083d1b3) srl     gp, t2, s0
core   0: 3 0x80006104 (0x0083d1b3) x 3 0x00000001
core   0: 0x80006108 (0x012b08b3) add     a7, s6, s2
core   0: 3 0x80006108 (0x012b08b3) x17 0x0000000a
core   0: 0x8000610c (0xbef2c893) xori    a7, t0, -1041
core   0: 3 0x8000610c (0xbef2c893) x17 0x2f29abef
core   0: 0x80006110 (0x409f5113) srai    sp, t5, 9
core   0: 3 0x80006110 (0x409f5113) x 2 0xffed2740
core   0: 0x80006114 (0x99e67693) andi    a3, a2, -1634
core   0: 3 0x80006114 (0x99e67693) x13 0x00000000
core   0: 0x80006118 (0x36886193) ori     gp, a6, 872
core   0: 3 0x80006118 (0x36886193) x 3 0x80014f6c
core   0: 0x8000611c (0x40c4d613) srai    a2, s1, 12
core   0: 3 0x8000611c (0x40c4d613) x12 0xffffffff
core   0: 0x80006120 (0x00a51a33) sll     s4, a0, a0
core   0: 3 0x80006120 (0x00a51a33) x20 0x00001588
core   0: 0x80006124 (0x84458313) addi    t1, a1, -1980
core   0: 3 0x80006124 (0x84458313) x 6 0xfffff844
core   0: 0x80006128 (0x000e0733) add     a4, t3, zero
core   0: 3 0x80006128 (0x000e0733) x14 0x7943c0c8
core   0: 0x8000612c (0x002f1593) slli    a1, t5, 2
core   0: 3 0x8000612c (0x002f1593) x11 0x693a0000
core   0: 0x80006130 (0x013768b3) or      a7, a4, s3
core   0: 3 0x80006130 (0x013768b3) x17 0x7943c0cb
core   0: 0x80006134 (0x2dad3213) sltiu   tp, s10, 730
core   0: 3 0x80006134 (0x2dad3213) x 4 0x00000001
core   0: 0x80006138 (0x03d79fb3) mulh    t6, a5, t4
core   0: 3 0x80006138 (0x03d79fb3) x31 0x00000000
core   0: 0x8000613c (0x034b9333) mulh    t1, s7, s4
core   0: 3 0x8000613c (0x034b9333) x 6 0x00000000
core   0: 0x80006140 (0x41c78233) sub     tp, a5, t3
core   0: 3 0x80006140 (0x41c78233) x 4 0x86bc3f38
core   0: 0x80006144 (0xe9b8d317) auipc   t1, 0xe9b8d
core   0: 3 0x80006144 (0xe9b8d317) x 6 0x69b93144
core   0: 0x80006148 (0x02fb6cb3) rem     s9, s6, a5
core   0: 3 0x80006148 (0x02fb6cb3) x25 0x0000000b
core   0: 0x8000614c (0x00000013) nop
core   0: 3 0x8000614c (0x00000013)
core   0: 0x80006150 (0x01225493) srli    s1, tp, 18
core   0: 3 0x80006150 (0x01225493) x 9 0x000021af
core   0: 0x80006154 (0x00000013) nop
core   0: 3 0x80006154 (0x00000013)
core   0: 0x80006158 (0x6f76a593) slti    a1, a3, 1783
core   0: 3 0x80006158 (0x6f76a593) x11 0x00000001
core   0: 0x8000615c (0x0369efb3) rem     t6, s3, s6
core   0: 3 0x8000615c (0x0369efb3) x31 0x00000000
core   0: 0x80006160 (0x41a4d093) srai    ra, s1, 26
core   0: 3 0x80006160 (0x41a4d093) x 1 0x00000000
core   0: 0x80006164 (0x01ca15b3) sll     a1, s4, t3
core   0: 3 0x80006164 (0x01ca15b3) x11 0x00158800
core   0: 0x80006168 (0x03727d33) remu    s10, tp, s7
core   0: 3 0x80006168 (0x03727d33) x26 0x86bc3f38
core   0: 0x8000616c (0x018bb133) sltu    sp, s7, s8
core   0: 3 0x8000616c (0x018bb133) x 2 0x00000000
core   0: 0x80006170 (0x41bd5193) srai    gp, s10, 27
core   0: 3 0x80006170 (0x41bd5193) x 3 0xfffffff0
core   0: 0x80006174 (0x3ff9c693) xori    a3, s3, 1023
core   0: 3 0x80006174 (0x3ff9c693) x13 0x000003f4
core   0: 0x80006178 (0x032c0fb3) mul     t6, s8, s2
core   0: 3 0x80006178 (0x032c0fb3) x31 0x00000000
core   0: 0x8000617c (0x413ad0b3) sra     ra, s5, s3
core   0: 3 0x8000617c (0x413ad0b3) x 1 0x000e5bf6
core   0: 0x80006180 (0x481f4d13) xori    s10, t5, 1153
core   0: 3 0x80006180 (0x481f4d13) x26 0xda4e8481
core   0: 0x80006184 (0xefe18793) addi    a5, gp, -258
core   0: 3 0x80006184 (0xefe18793) x15 0xfffffeee
core   0: 0x80006188 (0x01df9bb3) sll     s7, t6, t4
core   0: 3 0x80006188 (0x01df9bb3) x23 0x00000000
core   0: 0x8000618c (0x034b88b3) mul     a7, s7, s4
core   0: 3 0x8000618c (0x034b88b3) x17 0x00000000
core   0: 0x80006190 (0x002c9513) slli    a0, s9, 2
core   0: 3 0x80006190 (0x002c9513) x10 0x0000002c
core   0: 0x80006194 (0x026ccfb3) div     t6, s9, t1
core   0: 3 0x80006194 (0x026ccfb3) x31 0x00000000
core   0: 0x80006198 (0x024f2333) mulhsu  t1, t5, tp
core   0: 3 0x80006198 (0x024f2333) x 6 0xec295f57
core   0: 0x8000619c (0x0063ae33) slt     t3, t2, t1
core   0: 3 0x8000619c (0x0063ae33) x28 0x00000001
core   0: 0x800061a0 (0x014eb633) sltu    a2, t4, s4
core   0: 3 0x800061a0 (0x014eb633) x12 0x00000001
core   0: 0x800061a4 (0x40855233) sra     tp, a0, s0
core   0: 3 0x800061a4 (0x40855233) x 4 0x00000000
core   0: 0x800061a8 (0x00e29f33) sll     t5, t0, a4
core   0: 3 0x800061a8 (0x00e29f33) x30 0xd6500000
core   0: 0x800061ac (0x1f787e93) andi    t4, a6, 503
core   0: 3 0x800061ac (0x1f787e93) x29 0x00000064
core   0: 0x800061b0 (0x00ba9433) sll     s0, s5, a1
core   0: 3 0x800061b0 (0x00ba9433) x 8 0x72dfb0e4
core   0: 0x800061b4 (0x18980393) addi    t2, a6, 393
core   0: 3 0x800061b4 (0x18980393) x 7 0x80014fed
core   0: 0x800061b8 (0x40d7d5b3) sra     a1, a5, a3
core   0: 3 0x800061b8 (0x40d7d5b3) x11 0xffffffff
core   0: 0x800061bc (0x5e1e8493) addi    s1, t4, 1505
core   0: 3 0x800061bc (0x5e1e8493) x 9 0x00000645
core   0: 0x800061c0 (0x02d4b233) mulhu   tp, s1, a3
core   0: 3 0x800061c0 (0x02d4b233) x 4 0x00000000
core   0: 0x800061c4 (0x031ea933) mulhsu  s2, t4, a7
core   0: 3 0x800061c4 (0x031ea933) x18 0x00000000
core   0: 0x800061c8 (0x4177d7b3) sra     a5, a5, s7
core   0: 3 0x800061c8 (0x4177d7b3) x15 0xfffffeee
core   0: 0x800061cc (0x02874733) div     a4, a4, s0
core   0: 3 0x800061cc (0x02874733) x14 0x00000001
core   0: 0x800061d0 (0x00bcd433) srl     s0, s9, a1
core   0: 3 0x800061d0 (0x00bcd433) x 8 0x00000000
core   0: 0x800061d4 (0x0141b233) sltu    tp, gp, s4
core   0: 3 0x800061d4 (0x0141b233) x 4 0x00000000
core   0: 0x800061d8 (0xbbed7897) auipc   a7, 0xbbed7
core   0: 3 0x800061d8 (0xbbed7897) x17 0x3bedd1d8
core   0: 0x800061dc (0x0054b6b3) sltu    a3, s1, t0
core   0: 3 0x800061dc (0x0054b6b3) x13 0x00000001
core   0: 0x800061e0 (0x00d5d113) srli    sp, a1, 13
core   0: 3 0x800061e0 (0x00d5d113) x 2 0x0007ffff
core   0: 0x800061e4 (0x000f1013) slli    zero, t5, 0
core   0: 3 0x800061e4 (0x000f1013)
core   0: 0x800061e8 (0x012787b3) add     a5, a5, s2
core   0: 3 0x800061e8 (0x012787b3) x15 0xfffffeee
core   0: 0x800061ec (0x00000013) nop
core   0: 3 0x800061ec (0x00000013)
core   0: 0x800061f0 (0x72596913) ori     s2, s2, 1829
core   0: 3 0x800061f0 (0x72596913) x18 0x00000725
core   0: 0x800061f4 (0x011ed633) srl     a2, t4, a7
core   0: 3 0x800061f4 (0x011ed633) x12 0x00000000
core   0: 0x800061f8 (0x00026ab3) or      s5, tp, zero
core   0: 3 0x800061f8 (0x00026ab3) x21 0x00000000
core   0: 0x800061fc (0x4168d0b3) sra     ra, a7, s6
core   0: 3 0x800061fc (0x4168d0b3) x 1 0x00077dba
core   0: 0x80006200 (0x60bf4593) xori    a1, t5, 1547
core   0: 3 0x80006200 (0x60bf4593) x11 0xd650060b
core   0: 0x80006204 (0x4e1ec513) xori    a0, t4, 1249
core   0: 3 0x80006204 (0x4e1ec513) x10 0x00000485
core   0: 0x80006208 (0x00e37233) and     tp, t1, a4
core   0: 3 0x80006208 (0x00e37233) x 4 0x00000001
core   0: 0x8000620c (0x00ea5b93) srli    s7, s4, 14
core   0: 3 0x8000620c (0x00ea5b93) x23 0x00000000
core   0: 0x80006210 (0x02c364b3) rem     s1, t1, a2
core   0: 3 0x80006210 (0x02c364b3) x 9 0xec295f57
core   0: 0x80006214 (0x03e20b33) mul     s6, tp, t5
core   0: 3 0x80006214 (0x03e20b33) x22 0xd6500000
core   0: 0x80006218 (0x01f27f33) and     t5, tp, t6
core   0: 3 0x80006218 (0x01f27f33) x30 0x00000000
core   0: 0x8000621c (0x00000013) nop
core   0: 3 0x8000621c (0x00000013)
core   0: 0x80006220 (0x41245033) sra     zero, s0, s2
core   0: 3 0x80006220 (0x41245033)
core   0: 0x80006224 (0x00000013) nop
core   0: 3 0x80006224 (0x00000013)
core   0: 0x80006228 (0x0313cc33) div     s8, t2, a7
core   0: 3 0x80006228 (0x0313cc33) x24 0xfffffffe
core   0: 0x8000622c (0x1bdcc793) xori    a5, s9, 445
core   0: 3 0x8000622c (0x1bdcc793) x15 0x000001b6
core   0: 0x80006230 (0xf797ef13) ori     t5, a5, -135
core   0: 3 0x80006230 (0xf797ef13) x30 0xffffffff
core   0: 0x80006234 (0x03a26133) rem     sp, tp, s10
core   0: 3 0x80006234 (0x03a26133) x 2 0x00000001
core   0: 0x80006238 (0x01d29b93) slli    s7, t0, 29
core   0: 3 0x80006238 (0x01d29b93) x23 0x00000000
core   0: 0x8000623c (0x00d9f033) and     zero, s3, a3
core   0: 3 0x8000623c (0x00d9f033)
core   0: 0x80006240 (0x01af1b93) slli    s7, t5, 26
core   0: 3 0x80006240 (0x01af1b93) x23 0xfc000000
core   0: 0x80006244 (0x0264a433) mulhsu  s0, s1, t1
core   0: 3 0x80006244 (0x0264a433) x 8 0xedb2ef21
core   0: 0x80006248 (0x01c49b33) sll     s6, s1, t3
core   0: 3 0x80006248 (0x01c49b33) x22 0xd852beae
core   0: 0x8000624c (0x608a6117) auipc   sp, 0x608a6
core   0: 3 0x8000624c (0x608a6117) x 2 0xe08ac24c
core   0: 0x80006250 (0x032d2933) mulhsu  s2, s10, s2
core   0: 3 0x80006250 (0x032d2933) x18 0xfffffef2
core   0: 0x80006254 (0x9f81e693) ori     a3, gp, -1544
core   0: 3 0x80006254 (0x9f81e693) x13 0xfffffff8
core   0: 0x80006258 (0x00875913) srli    s2, a4, 8
core   0: 3 0x80006258 (0x00875913) x18 0x00000000
core   0: 0x8000625c (0x41225593) srai    a1, tp, 18
core   0: 3 0x8000625c (0x41225593) x11 0x00000000
core   0: 0x80006260 (0x02d56a33) rem     s4, a0, a3
core   0: 3 0x80006260 (0x02d56a33) x20 0x00000005
core   0: 0x80006264 (0x117ec6b7) lui     a3, 0x117ec
core   0: 3 0x80006264 (0x117ec6b7) x13 0x117ec000
core   0: 0x80006268 (0x13a40d13) addi    s10, s0, 314
core   0: 3 0x80006268 (0x13a40d13) x26 0xedb2f05b
core   0: 0x8000626c (0xed1aaa13) slti    s4, s5, -303
core   0: 3 0x8000626c (0xed1aaa13) x20 0x00000000
core   0: 0x80006270 (0x0203e133) rem     sp, t2, zero
core   0: 3 0x80006270 (0x0203e133) x 2 0x80014fed
core   0: 0x80006274 (0xcbeb8793) addi    a5, s7, -834
core   0: 3 0x80006274 (0xcbeb8793) x15 0xfbfffcbe
core   0: 0x80006278 (0x21150b13) addi    s6, a0, 529
core   0: 3 0x80006278 (0x21150b13) x22 0x00000696
core   0: 0x8000627c (0x00000013) nop
core   0: 3 0x8000627c (0x00000013)
core   0: 0x80006280 (0x4007d533) sra     a0, a5, zero
core   0: 3 0x80006280 (0x4007d533) x10 0xfbfffcbe
core   0: 0x80006284 (0x5d09d017) auipc   zero, 0x5d09d
core   0: 3 0x80006284 (0x5d09d017)
core   0: 0x80006288 (0x9ba9c317) auipc   t1, 0x9ba9c
core   0: 3 0x80006288 (0x9ba9c317) x 6 0x1baa2288
core   0: 0x8000628c (0x016f3fb3) sltu    t6, t5, s6
core   0: 3 0x8000628c (0x016f3fb3) x31 0x00000000
core   0: 0x80006290 (0x03581cb3) mulh    s9, a6, s5
core   0: 3 0x80006290 (0x03581cb3) x25 0x00000000
core   0: 0x80006294 (0x1de9a713) slti    a4, s3, 478
core   0: 3 0x80006294 (0x1de9a713) x14 0x00000001
core   0: 0x80006298 (0x01011933) sll     s2, sp, a6
core   0: 3 0x80006298 (0x01011933) x18 0x0014fed0
core   0: 0x8000629c (0x01b9a333) slt     t1, s3, s11
core   0: 3 0x8000629c (0x01b9a333) x 6 0x00000000
core   0: 0x800062a0 (0x00052e33) slt     t3, a0, zero
core   0: 3 0x800062a0 (0x00052e33) x28 0x00000001
core   0: 0x800062a4 (0x57abea13) ori     s4, s7, 1402
core   0: 3 0x800062a4 (0x57abea13) x20 0xfc00057a
core   0: 0x800062a8 (0x032c2933) mulhsu  s2, s8, s2
core   0: 3 0x800062a8 (0x032c2933) x18 0xffffffff
core   0: 0x800062ac (0x001aa633) slt     a2, s5, ra
core   0: 3 0x800062ac (0x001aa633) x12 0x00000001
core   0: 0x800062b0 (0x02bc3cb3) mulhu   s9, s8, a1
core   0: 3 0x800062b0 (0x02bc3cb3) x25 0x00000000
core   0: 0x800062b4 (0x7646a413) slti    s0, a3, 1892
core   0: 3 0x800062b4 (0x7646a413) x 8 0x00000000
core   0: 0x800062b8 (0xd01ece97) auipc   t4, 0xd01ec
core   0: 3 0x800062b8 (0xd01ece97) x29 0x501f22b8
core   0: 0x800062bc (0x029ec5b3) div     a1, t4, s1
core   0: 3 0x800062bc (0x029ec5b3) x11 0xfffffffc
core   0: 0x800062c0 (0x035c6f33) rem     t5, s8, s5
core   0: 3 0x800062c0 (0x035c6f33) x30 0xfffffffe
core   0: 0x800062c4 (0x41a5db93) srai    s7, a1, 26
core   0: 3 0x800062c4 (0x41a5db93) x23 0xffffffff
core   0: 0x800062c8 (0x00835333) srl     t1, t1, s0
core   0: 3 0x800062c8 (0x00835333) x 6 0x00000000
core   0: 0x800062cc (0x023a8033) mul     zero, s5, gp
core   0: 3 0x800062cc (0x023a8033)
core   0: 0x800062d0 (0x0d47fb93) andi    s7, a5, 212
core   0: 3 0x800062d0 (0x0d47fb93) x23 0x00000094
core   0: 0x800062d4 (0x00d6dfb3) srl     t6, a3, a3
core   0: 3 0x800062d4 (0x00d6dfb3) x31 0x117ec000
core   0: 0x800062d8 (0x0129d1b3) srl     gp, s3, s2
core   0: 3 0x800062d8 (0x0129d1b3) x 3 0x00000000
core   0: 0x800062dc (0x1ed468b7) lui     a7, 0x1ed46
core   0: 3 0x800062dc (0x1ed468b7) x17 0x1ed46000
core   0: 0x800062e0 (0x947cf713) andi    a4, s9, -1721
core   0: 3 0x800062e0 (0x947cf713) x14 0x00000000
core   0: 0x800062e4 (0x035824b3) mulhsu  s1, a6, s5
core   0: 3 0x800062e4 (0x035824b3) x 9 0x00000000
core   0: 0x800062e8 (0x01864fb3) xor     t6, a2, s8
core   0: 3 0x800062e8 (0x01864fb3) x31 0xffffffff
core   0: 0x800062ec (0x039a9933) mulh    s2, s5, s9
core   0: 3 0x800062ec (0x039a9933) x18 0x00000000
core   0: 0x800062f0 (0x01df25b3) slt     a1, t5, t4
core   0: 3 0x800062f0 (0x01df25b3) x11 0x00000001
core   0: 0x800062f4 (0x01a18c33) add     s8, gp, s10
core   0: 3 0x800062f4 (0x01a18c33) x24 0xedb2f05b
core   0: 0x800062f8 (0x00ba5f93) srli    t6, s4, 11
core   0: 3 0x800062f8 (0x00ba5f93) x31 0x001f8000
core   0: 0x800062fc (0x1b77f417) auipc   s0, 0x1b77f
core   0: 3 0x800062fc (0x1b77f417) x 8 0x9b7852fc
core   0: 0x80006300 (0x0171dc93) srli    s9, gp, 23
core   0: 3 0x80006300 (0x0171dc93) x25 0x00000000
core   0: 0x80006304 (0x00245713) srli    a4, s0, 2
core   0: 3 0x80006304 (0x00245713) x14 0x26de14bf
core   0: 0x80006308 (0x03fad333) divu    t1, s5, t6
core   0: 3 0x80006308 (0x03fad333) x 6 0x00000000
core   0: 0x8000630c (0x01ed87b3) add     a5, s11, t5
core   0: 3 0x8000630c (0x01ed87b3) x15 0x80018ce2
core   0: 0x80006310 (0x01af7fb3) and     t6, t5, s10
core   0: 3 0x80006310 (0x01af7fb3) x31 0xedb2f05a
core   0: 0x80006314 (0x005f2d33) slt     s10, t5, t0
core   0: 3 0x80006314 (0x005f2d33) x26 0x00000000
core   0: 0x80006318 (0x01d18533) add     a0, gp, t4
core   0: 3 0x80006318 (0x01d18533) x10 0x501f22b8
core   0: 0x8000631c (0x694470b7) lui     ra, 0x69447
core   0: 3 0x8000631c (0x694470b7) x 1 0x69447000
core   0: 0x80006320 (0x022a3733) mulhu   a4, s4, sp
core   0: 3 0x80006320 (0x022a3733) x14 0x7e014d6a
core   0: 0x80006324 (0x0334ce33) div     t3, s1, s3
core   0: 3 0x80006324 (0x0334ce33) x28 0x00000000
core   0: 0x80006328 (0x00b0a7b3) slt     a5, ra, a1
core   0: 3 0x80006328 (0x00b0a7b3) x15 0x00000000
core   0: 0x8000632c (0x5d1c3893) sltiu   a7, s8, 1489
core   0: 3 0x8000632c (0x5d1c3893) x17 0x00000000
core   0: 0x80006330 (0x03c9dd33) divu    s10, s3, t3
core   0: 3 0x80006330 (0x03c9dd33) x26 0xffffffff
core   0: 0x80006334 (0x001d2cb3) slt     s9, s10, ra
core   0: 3 0x80006334 (0x001d2cb3) x25 0x00000001
core   0: 0x80006338 (0x0259a433) mulhsu  s0, s3, t0
core   0: 3 0x80006338 (0x0259a433) x 8 0x00000008
core   0: 0x8000633c (0x01bc8133) add     sp, s9, s11
core   0: 3 0x8000633c (0x01bc8133) x 2 0x80018ce5
core   0: 0x80006340 (0x02d8ffb3) remu    t6, a7, a3
core   0: 3 0x80006340 (0x02d8ffb3) x31 0x00000000
core   0: 0x80006344 (0x01c9d8b3) srl     a7, s3, t3
core   0: 3 0x80006344 (0x01c9d8b3) x17 0x0000000b
core   0: 0x80006348 (0x03d367b3) rem     a5, t1, t4
core   0: 3 0x80006348 (0x03d367b3) x15 0x00000000
core   0: 0x8000634c (0x000a7ab3) and     s5, s4, zero
core   0: 3 0x8000634c (0x000a7ab3) x21 0x00000000
core   0: 0x80006350 (0x00000013) nop
core   0: 3 0x80006350 (0x00000013)
core   0: 0x80006354 (0x40e45fb3) sra     t6, s0, a4
core   0: 3 0x80006354 (0x40e45fb3) x31 0x00000000
core   0: 0x80006358 (0xaee20b13) addi    s6, tp, -1298
core   0: 3 0x80006358 (0xaee20b13) x22 0xfffffaef
core   0: 0x8000635c (0x014448b3) xor     a7, s0, s4
core   0: 3 0x8000635c (0x014448b3) x17 0xfc000572
core   0: 0x80006360 (0x033f97b3) mulh    a5, t6, s3
core   0: 3 0x80006360 (0x033f97b3) x15 0x00000000
core   0: 0x80006364 (0x00000013) nop
core   0: 3 0x80006364 (0x00000013)
core   0: 0x80006368 (0x01ae9933) sll     s2, t4, s10
core   0: 3 0x80006368 (0x01ae9933) x18 0x00000000
core   0: 0x8000636c (0x028e85b3) mul     a1, t4, s0
core   0: 3 0x8000636c (0x028e85b3) x11 0x80f915c0
core   0: 0x80006370 (0x01965c33) srl     s8, a2, s9
core   0: 3 0x80006370 (0x01965c33) x24 0x00000000
core   0: 0x80006374 (0x00000013) nop
core   0: 3 0x80006374 (0x00000013)
core   0: 0x80006378 (0x03d9dc33) divu    s8, s3, t4
core   0: 3 0x80006378 (0x03d9dc33) x24 0x00000000
core   0: 0x8000637c (0x3c977393) andi    t2, a4, 969
core   0: 3 0x8000637c (0x3c977393) x 7 0x00000148
core   0: 0x80006380 (0x02365f33) divu    t5, a2, gp
core   0: 3 0x80006380 (0x02365f33) x30 0xffffffff
core   0: 0x80006384 (0x40ce8b33) sub     s6, t4, a2
core   0: 3 0x80006384 (0x40ce8b33) x22 0x501f22b7
core   0: 0x80006388 (0x017de133) or      sp, s11, s7
core   0: 3 0x80006388 (0x017de133) x 2 0x80018cf4
core   0: 0x8000638c (0x01193c33) sltu    s8, s2, a7
core   0: 3 0x8000638c (0x01193c33) x24 0x00000001
core   0: 0x80006390 (0xa9722393) slti    t2, tp, -1385
core   0: 3 0x80006390 (0xa9722393) x 7 0x00000000
core   0: 0x80006394 (0x00a5d113) srli    sp, a1, 10
core   0: 3 0x80006394 (0x00a5d113) x 2 0x00203e45
core   0: 0x80006398 (0x00000013) nop
core   0: 3 0x80006398 (0x00000013)
core   0: 0x8000639c (0x38e12693) slti    a3, sp, 910
core   0: 3 0x8000639c (0x38e12693) x13 0x00000000
core   0: 0x800063a0 (0x41d7d633) sra     a2, a5, t4
core   0: 3 0x800063a0 (0x41d7d633) x12 0x00000000
core   0: 0x800063a4 (0x00069593) slli    a1, a3, 0
core   0: 3 0x800063a4 (0x00069593) x11 0x00000000
core   0: 0x800063a8 (0x4056d493) srai    s1, a3, 5
core   0: 3 0x800063a8 (0x4056d493) x 9 0x00000000
core   0: 0x800063ac (0x037e1e97) auipc   t4, 0x37e1
core   0: 3 0x800063ac (0x037e1e97) x29 0x837e73ac
core   0: 0x800063b0 (0x412352b3) sra     t0, t1, s2
core   0: 3 0x800063b0 (0x412352b3) x 5 0x00000000
core   0: 0x800063b4 (0xfce64c93) xori    s9, a2, -50
core   0: 3 0x800063b4 (0xfce64c93) x25 0xffffffce
core   0: 0x800063b8 (0x02d4f0b3) remu    ra, s1, a3
core   0: 3 0x800063b8 (0x02d4f0b3) x 1 0x00000000
core   0: 0x800063bc (0x03156d33) rem     s10, a0, a7
core   0: 3 0x800063bc (0x03156d33) x26 0x001f8fa0
core   0: 0x800063c0 (0x2fd93c13) sltiu   s8, s2, 765
core   0: 3 0x800063c0 (0x2fd93c13) x24 0x00000001
core   0: 0x800063c4 (0x07247c13) andi    s8, s0, 114
core   0: 3 0x800063c4 (0x07247c13) x24 0x00000000
core   0: 0x800063c8 (0x0277bbb3) mulhu   s7, a5, t2
core   0: 3 0x800063c8 (0x0277bbb3) x23 0x00000000
core   0: 0x800063cc (0x01dd1333) sll     t1, s10, t4
core   0: 3 0x800063cc (0x01dd1333) x 6 0xf8fa0000
core   0: 0x800063d0 (0x0214e433) rem     s0, s1, ra
core   0: 3 0x800063d0 (0x0214e433) x 8 0x00000000
core   0: 0x800063d4 (0x2163d337) lui     t1, 0x2163d
core   0: 3 0x800063d4 (0x2163d337) x 6 0x2163d000
core   0: 0x800063d8 (0x4116dc13) srai    s8, a3, 17
core   0: 3 0x800063d8 (0x4116dc13) x24 0x00000000
core   0: 0x800063dc (0x4104d5b3) sra     a1, s1, a6
core   0: 3 0x800063dc (0x4104d5b3) x11 0x00000000
core   0: 0x800063e0 (0x8a28ca13) xori    s4, a7, -1886
core   0: 3 0x800063e0 (0x8a28ca13) x20 0x03fffdd0
core   0: 0x800063e4 (0x40f7dd13) srai    s10, a5, 15
core   0: 3 0x800063e4 (0x40f7dd13) x26 0x00000000
core   0: 0x800063e8 (0x8fb56613) ori     a2, a0, -1797
core   0: 3 0x800063e8 (0x8fb56613) x12 0xfffffafb
core   0: 0x800063ec (0x40e70733) sub     a4, a4, a4
core   0: 3 0x800063ec (0x40e70733) x14 0x00000000
core   0: 0x800063f0 (0x686e2d13) slti    s10, t3, 1670
core   0: 3 0x800063f0 (0x686e2d13) x26 0x00000001
core   0: 0x800063f4 (0x03bf97b3) mulh    a5, t6, s11
core   0: 3 0x800063f4 (0x03bf97b3) x15 0x00000000
core   0: 0x800063f8 (0x00adebb3) or      s7, s11, a0
core   0: 3 0x800063f8 (0x00adebb3) x23 0xd01faefc
core   0: 0x800063fc (0x40970ab3) sub     s5, a4, s1
core   0: 3 0x800063fc (0x40970ab3) x21 0x00000000
core   0: 0x80006400 (0x0261b1b3) mulhu   gp, gp, t1
core   0: 3 0x80006400 (0x0261b1b3) x 3 0x00000000
core   0: 0x80006404 (0x0225d533) divu    a0, a1, sp
core   0: 3 0x80006404 (0x0225d533) x10 0x00000000
core   0: 0x80006408 (0x00000013) nop
core   0: 3 0x80006408 (0x00000013)
core   0: 0x8000640c (0xe42a4413) xori    s0, s4, -446
core   0: 3 0x8000640c (0xe42a4413) x 8 0xfc000392
core   0: 0x80006410 (0x414b82b3) sub     t0, s7, s4
core   0: 3 0x80006410 (0x414b82b3) x 5 0xcc1fb12c
core   0: 0x80006414 (0x01e0a933) slt     s2, ra, t5
core   0: 3 0x80006414 (0x01e0a933) x18 0x00000000
core   0: 0x80006418 (0x00a652b3) srl     t0, a2, a0
core   0: 3 0x80006418 (0x00a652b3) x 5 0xfffffafb
core   0: 0x8000641c (0x02007433) remu    s0, zero, zero
core   0: 3 0x8000641c (0x02007433) x 8 0x00000000
core   0: 0x80006420 (0x414ad213) srai    tp, s5, 20
core   0: 3 0x80006420 (0x414ad213) x 4 0x00000000
core   0: 0x80006424 (0x2a743093) sltiu   ra, s0, 679
core   0: 3 0x80006424 (0x2a743093) x 1 0x00000001
core   0: 0x80006428 (0x002ed1b3) srl     gp, t4, sp
core   0: 3 0x80006428 (0x002ed1b3) x 3 0x041bf39d
core   0: 0x8000642c (0x01c4acb3) slt     s9, s1, t3
core   0: 3 0x8000642c (0x01c4acb3) x25 0x00000000
core   0: 0x80006430 (0x4b4cb793) sltiu   a5, s9, 1204
core   0: 3 0x80006430 (0x4b4cb793) x15 0x00000001
core   0: 0x80006434 (0x00066bb3) or      s7, a2, zero
core   0: 3 0x80006434 (0x00066bb3) x23 0xfffffafb
core   0: 0x80006438 (0x015711b3) sll     gp, a4, s5
core   0: 3 0x80006438 (0x015711b3) x 3 0x00000000
core   0: 0x8000643c (0x02fb2c33) mulhsu  s8, s6, a5
core   0: 3 0x8000643c (0x02fb2c33) x24 0x00000000
core   0: 0x80006440 (0x694f4c93) xori    s9, t5, 1684
core   0: 3 0x80006440 (0x694f4c93) x25 0xfffff96b
core   0: 0x80006444 (0x9ad5a7b7) lui     a5, 0x9ad5a
core   0: 3 0x80006444 (0x9ad5a7b7) x15 0x9ad5a000
core   0: 0x80006448 (0x033c81b3) mul     gp, s9, s3
core   0: 3 0x80006448 (0x033c81b3) x 3 0xffffb799
core   0: 0x8000644c (0x02585fb3) divu    t6, a6, t0
core   0: 3 0x8000644c (0x02585fb3) x31 0x00000000
core   0: 0x80006450 (0x01d400b3) add     ra, s0, t4
core   0: 3 0x80006450 (0x01d400b3) x 1 0x837e73ac
core   0: 0x80006454 (0x00c85513) srli    a0, a6, 12
core   0: 3 0x80006454 (0x00c85513) x10 0x00080014
core   0: 0x80006458 (0x01a75a13) srli    s4, a4, 26
core   0: 3 0x80006458 (0x01a75a13) x20 0x00000000
core   0: 0x8000645c (0x00e0ab33) slt     s6, ra, a4
core   0: 3 0x8000645c (0x00e0ab33) x22 0x00000001
core   0: 0x80006460 (0x02bf8633) mul     a2, t6, a1
core   0: 3 0x80006460 (0x02bf8633) x12 0x00000000
core   0: 0x80006464 (0x02f12cb3) mulhsu  s9, sp, a5
core   0: 3 0x80006464 (0x02f12cb3) x25 0x0013805d
core   0: 0x80006468 (0x004052b3) srl     t0, zero, tp
core   0: 3 0x80006468 (0x004052b3) x 5 0x00000000
core   0: 0x8000646c (0x4092d413) srai    s0, t0, 9
core   0: 3 0x8000646c (0x4092d413) x 8 0x00000000
core   0: 0x80006470 (0x001d1cb3) sll     s9, s10, ra
core   0: 3 0x80006470 (0x001d1cb3) x25 0x00001000
core   0: 0x80006474 (0x036d41b3) div     gp, s10, s6
core   0: 3 0x80006474 (0x036d41b3) x 3 0x00000001
core   0: 0x80006478 (0x00209293) slli    t0, ra, 2
core   0: 3 0x80006478 (0x00209293) x 5 0x0df9ceb0
core   0: 0x8000647c (0x01969733) sll     a4, a3, s9
core   0: 3 0x8000647c (0x01969733) x14 0x00000000
core   0: 0x80006480 (0x01d293b3) sll     t2, t0, t4
core   0: 3 0x80006480 (0x01d293b3) x 7 0x9ceb0000
core   0: 0x80006484 (0x01600133) add     sp, zero, s6
core   0: 3 0x80006484 (0x01600133) x 2 0x00000001
core   0: 0x80006488 (0x037325b3) mulhsu  a1, t1, s7
core   0: 3 0x80006488 (0x037325b3) x11 0x2163cf58
core   0: 0x8000648c (0x8bae3513) sltiu   a0, t3, -1862
core   0: 3 0x8000648c (0x8bae3513) x10 0x00000001
core   0: 0x80006490 (0x0153c333) xor     t1, t2, s5
core   0: 3 0x80006490 (0x0153c333) x 6 0x9ceb0000
core   0: 0x80006494 (0x00eea0b3) slt     ra, t4, a4
core   0: 3 0x80006494 (0x00eea0b3) x 1 0x00000001
core   0: 0x80006498 (0x22fc3917) auipc   s2, 0x22fc3
core   0: 3 0x80006498 (0x22fc3917) x18 0xa2fc9498
core   0: 0x8000649c (0x0f7a2297) auipc   t0, 0xf7a2
core   0: 3 0x8000649c (0x0f7a2297) x 5 0x8f7a849c
core   0: 0x800064a0 (0x02592733) mulhsu  a4, s2, t0
core   0: 3 0x800064a0 (0x02592733) x14 0xcbde9331
core   0: 0x800064a4 (0x035970b3) remu    ra, s2, s5
core   0: 3 0x800064a4 (0x035970b3) x 1 0xa2fc9498
core   0: 0x800064a8 (0x03799cb3) mulh    s9, s3, s7
core   0: 3 0x800064a8 (0x03799cb3) x25 0xffffffff
core   0: 0x800064ac (0x05393c17) auipc   s8, 0x5393
core   0: 3 0x800064ac (0x05393c17) x24 0x853994ac
core   0: 0x800064b0 (0x03d03133) mulhu   sp, zero, t4
core   0: 3 0x800064b0 (0x03d03133) x 2 0x00000000
core   0: 0x800064b4 (0x01bdd013) srli    zero, s11, 27
core   0: 3 0x800064b4 (0x01bdd013)
core   0: 0x800064b8 (0x0224c3b3) div     t2, s1, sp
core   0: 3 0x800064b8 (0x0224c3b3) x 7 0xffffffff
core   0: 0x800064bc (0x0343b233) mulhu   tp, t2, s4
core   0: 3 0x800064bc (0x0343b233) x 4 0x00000000
core   0: 0x800064c0 (0x3f8c6613) ori     a2, s8, 1016
core   0: 3 0x800064c0 (0x3f8c6613) x12 0x853997fc
core   0: 0x800064c4 (0xe6402d13) slti    s10, zero, -412
core   0: 3 0x800064c4 (0xe6402d13) x26 0x00000000
core   0: 0x800064c8 (0x0233a733) mulhsu  a4, t2, gp
core   0: 3 0x800064c8 (0x0233a733) x14 0xffffffff
core   0: 0x800064cc (0x02c803b3) mul     t2, a6, a2
core   0: 3 0x800064cc (0x02c803b3) x 7 0x2eca2670
core   0: 0x800064d0 (0x002a5b33) srl     s6, s4, sp
core   0: 3 0x800064d0 (0x002a5b33) x22 0x00000000
core   0: 0x800064d4 (0x0104f233) and     tp, s1, a6
core   0: 3 0x800064d4 (0x0104f233) x 4 0x00000000
core   0: 0x800064d8 (0x0296bbb3) mulhu   s7, a3, s1
core   0: 3 0x800064d8 (0x0296bbb3) x23 0x00000000
core   0: 0x800064dc (0x0356d3b3) divu    t2, a3, s5
core   0: 3 0x800064dc (0x0356d3b3) x 7 0xffffffff
core   0: 0x800064e0 (0x021ce433) rem     s0, s9, ra
core   0: 3 0x800064e0 (0x021ce433) x 8 0xffffffff
core   0: 0x800064e4 (0x4069d193) srai    gp, s3, 6
core   0: 3 0x800064e4 (0x4069d193) x 3 0x00000000
core   0: 0x800064e8 (0x01f31f93) slli    t6, t1, 31
core   0: 3 0x800064e8 (0x01f31f93) x31 0x00000000
core   0: 0x800064ec (0x018c7233) and     tp, s8, s8
core   0: 3 0x800064ec (0x018c7233) x 4 0x853994ac
core   0: 0x800064f0 (0x0041a133) slt     sp, gp, tp
core   0: 3 0x800064f0 (0x0041a133) x 2 0x00000000
core   0: 0x800064f4 (0x02d1c433) div     s0, gp, a3
core   0: 3 0x800064f4 (0x02d1c433) x 8 0xffffffff
core   0: 0x800064f8 (0x0054ccb3) xor     s9, s1, t0
core   0: 3 0x800064f8 (0x0054ccb3) x25 0x8f7a849c
core   0: 0x800064fc (0x03527b33) remu    s6, tp, s5
core   0: 3 0x800064fc (0x03527b33) x22 0x853994ac
core   0: 0x80006500 (0x3ef75cb7) lui     s9, 0x3ef75
core   0: 3 0x80006500 (0x3ef75cb7) x25 0x3ef75000
core   0: 0x80006504 (0x005d0b33) add     s6, s10, t0
core   0: 3 0x80006504 (0x005d0b33) x22 0x8f7a849c
core   0: 0x80006508 (0x00ec6e33) or      t3, s8, a4
core   0: 3 0x80006508 (0x00ec6e33) x28 0xffffffff
core   0: 0x8000650c (0x01329f13) slli    t5, t0, 19
core   0: 3 0x8000650c (0x01329f13) x30 0x24e00000
core   0: 0x80006510 (0x03da18b3) mulh    a7, s4, t4
core   0: 3 0x80006510 (0x03da18b3) x17 0x00000000
core   0: 0x80006514 (0x030f6a13) ori     s4, t5, 48
core   0: 3 0x80006514 (0x030f6a13) x20 0x24e00030
core   0: 0x80006518 (0x39027537) lui     a0, 0x39027
core   0: 3 0x80006518 (0x39027537) x10 0x39027000
core   0: 0x8000651c (0x0306beb3) mulhu   t4, a3, a6
core   0: 3 0x8000651c (0x0306beb3) x29 0x00000000
core   0: 0x80006520 (0x035645b3) div     a1, a2, s5
core   0: 3 0x80006520 (0x035645b3) x11 0xffffffff
core   0: 0x80006524 (0x405f8b33) sub     s6, t6, t0
core   0: 3 0x80006524 (0x405f8b33) x22 0x70857b64
core   0: 0x80006528 (0x024616b3) mulh    a3, a2, tp
core   0: 3 0x80006528 (0x024616b3) x13 0x3ae1b67f
core   0: 0x8000652c (0x013d46b3) xor     a3, s10, s3
core   0: 3 0x8000652c (0x013d46b3) x13 0x0000000b
core   0: 0x80006530 (0x011ab033) sltu    zero, s5, a7
core   0: 3 0x80006530 (0x011ab033)
core   0: 0x80006534 (0x00d62fb3) slt     t6, a2, a3
core   0: 3 0x80006534 (0x00d62fb3) x31 0x00000001
core   0: 0x80006538 (0x011bbb33) sltu    s6, s7, a7
core   0: 3 0x80006538 (0x011bbb33) x22 0x00000000
core   0: 0x8000653c (0x010bec33) or      s8, s7, a6
core   0: 3 0x8000653c (0x010bec33) x24 0x80014e64
core   0: 0x80006540 (0x0e04ebb7) lui     s7, 0xe04e
core   0: 3 0x80006540 (0x0e04ebb7) x23 0x0e04e000
core   0: 0x80006544 (0x03180ab3) mul     s5, a6, a7
core   0: 3 0x80006544 (0x03180ab3) x21 0x00000000
core   0: 0x80006548 (0x03a4cab3) div     s5, s1, s10
core   0: 3 0x80006548 (0x03a4cab3) x21 0xffffffff
core   0: 0x8000654c (0x02bbcc33) div     s8, s7, a1
core   0: 3 0x8000654c (0x02bbcc33) x24 0xf1fb2000
core   0: 0x80006550 (0x031c2933) mulhsu  s2, s8, a7
core   0: 3 0x80006550 (0x031c2933) x18 0x00000000
core   0: 0x80006554 (0x01f904b3) add     s1, s2, t6
core   0: 3 0x80006554 (0x01f904b3) x 9 0x00000001
core   0: 0x80006558 (0x03ae75b3) remu    a1, t3, s10
core   0: 3 0x80006558 (0x03ae75b3) x11 0xffffffff
core   0: 0x8000655c (0x02f17933) remu    s2, sp, a5
core   0: 3 0x8000655c (0x02f17933) x18 0x00000000
core   0: 0x80006560 (0x40fed2b3) sra     t0, t4, a5
core   0: 3 0x80006560 (0x40fed2b3) x 5 0x00000000
core   0: 0x80006564 (0x41ca5f93) srai    t6, s4, 28
core   0: 3 0x80006564 (0x41ca5f93) x31 0x00000002
core   0: 0x80006568 (0x00855cb3) srl     s9, a0, s0
core   0: 3 0x80006568 (0x00855cb3) x25 0x00000000
core   0: 0x8000656c (0x4180d013) srai    zero, ra, 24
core   0: 3 0x8000656c (0x4180d013)
core   0: 0x80006570 (0x59e67893) andi    a7, a2, 1438
core   0: 3 0x80006570 (0x59e67893) x17 0x0000059c
core   0: 0x80006574 (0x85393437) lui     s0, 0x85393
core   0: 3 0x80006574 (0x85393437) x 8 0x85393000
core   0: 0x80006578 (0x41c35193) srai    gp, t1, 28
core   0: 3 0x80006578 (0x41c35193) x 3 0xfffffff9
core   0: 0x8000657c (0x004858b3) srl     a7, a6, tp
core   0: 3 0x8000657c (0x004858b3) x17 0x00080014
core   0: 0x80006580 (0x01ab2d33) slt     s10, s6, s10
core   0: 3 0x80006580 (0x01ab2d33) x26 0x00000000
core   0: 0x80006584 (0x02f437b3) mulhu   a5, s0, a5
core   0: 3 0x80006584 (0x02f437b3) x15 0x509392b8
core   0: 0x80006588 (0x0136c0b3) xor     ra, a3, s3
core   0: 3 0x80006588 (0x0136c0b3) x 1 0x00000000
core   0: 0x8000658c (0x01f09a33) sll     s4, ra, t6
core   0: 3 0x8000658c (0x01f09a33) x20 0x00000000
core   0: 0x80006590 (0x40600033) sub     zero, zero, t1
core   0: 3 0x80006590 (0x40600033)
core   0: 0x80006594 (0x00000013) nop
core   0: 3 0x80006594 (0x00000013)
core   0: 0x80006598 (0x03d005b3) mul     a1, zero, t4
core   0: 3 0x80006598 (0x03d005b3) x11 0x00000000
core   0: 0x8000659c (0x59245a97) auipc   s5, 0x59245
core   0: 3 0x8000659c (0x59245a97) x21 0xd924b59c
core   0: 0x800065a0 (0x025e9e33) mulh    t3, t4, t0
core   0: 3 0x800065a0 (0x025e9e33) x28 0x00000000
core   0: 0x800065a4 (0x00b4f933) and     s2, s1, a1
core   0: 3 0x800065a4 (0x00b4f933) x18 0x00000000
core   0: 0x800065a8 (0xe3ffea93) ori     s5, t6, -449
core   0: 3 0x800065a8 (0xe3ffea93) x21 0xfffffe3f
core   0: 0x800065ac (0x02a88533) mul     a0, a7, a0
core   0: 3 0x800065ac (0x02a88533) x10 0xf430c000
core   0: 0x800065b0 (0x03b163b3) rem     t2, sp, s11
core   0: 3 0x800065b0 (0x03b163b3) x 7 0x00000000
core   0: 0x800065b4 (0x41f15d13) srai    s10, sp, 31
core   0: 3 0x800065b4 (0x41f15d13) x26 0x00000000
core   0: 0x800065b8 (0x002df033) and     zero, s11, sp
core   0: 3 0x800065b8 (0x002df033)
core   0: 0x800065bc (0x40ecd893) srai    a7, s9, 14
core   0: 3 0x800065bc (0x40ecd893) x17 0x00000000
core   0: 0x800065c0 (0x002b31b3) sltu    gp, s6, sp
core   0: 3 0x800065c0 (0x002b31b3) x 3 0x00000000
core   0: 0x800065c4 (0x023dd7b3) divu    a5, s11, gp
core   0: 3 0x800065c4 (0x023dd7b3) x15 0xffffffff
core   0: 0x800065c8 (0x0088b4b3) sltu    s1, a7, s0
core   0: 3 0x800065c8 (0x0088b4b3) x 9 0x00000001
core   0: 0x800065cc (0x2e40fb13) andi    s6, ra, 740
core   0: 3 0x800065cc (0x2e40fb13) x22 0x00000000
core   0: 0x800065d0 (0x033b1fb3) mulh    t6, s6, s3
core   0: 3 0x800065d0 (0x033b1fb3) x31 0x00000000
core   0: 0x800065d4 (0x033ea7b3) mulhsu  a5, t4, s3
core   0: 3 0x800065d4 (0x033ea7b3) x15 0x00000000
core   0: 0x800065d8 (0x03a0dd33) divu    s10, ra, s10
core   0: 3 0x800065d8 (0x03a0dd33) x26 0xffffffff
core   0: 0x800065dc (0x018f4a33) xor     s4, t5, s8
core   0: 3 0x800065dc (0x018f4a33) x20 0xd51b2000
core   0: 0x800065e0 (0x000f5f93) srli    t6, t5, 0
core   0: 3 0x800065e0 (0x000f5f93) x31 0x24e00000
core   0: 0x800065e4 (0x00000013) nop
core   0: 3 0x800065e4 (0x00000013)
core   0: 0x800065e8 (0x01ed04b3) add     s1, s10, t5
core   0: 3 0x800065e8 (0x01ed04b3) x 9 0x24dfffff
core   0: 0x800065ec (0x022dd733) divu    a4, s11, sp
core   0: 3 0x800065ec (0x022dd733) x14 0xffffffff
core   0: 0x800065f0 (0x40d35333) sra     t1, t1, a3
core   0: 3 0x800065f0 (0x40d35333) x 6 0xfff39d60
core   0: 0x800065f4 (0x00da8533) add     a0, s5, a3
core   0: 3 0x800065f4 (0x00da8533) x10 0xfffffe4a
core   0: 0x800065f8 (0xee258193) addi    gp, a1, -286
core   0: 3 0x800065f8 (0xee258193) x 3 0xfffffee2
core   0: 0x800065fc (0x1b067137) lui     sp, 0x1b067
core   0: 3 0x800065fc (0x1b067137) x 2 0x1b067000
core   0: 0x80006600 (0x01a09bb3) sll     s7, ra, s10
core   0: 3 0x80006600 (0x01a09bb3) x23 0x00000000
core   0: 0x80006604 (0x415cde13) srai    t3, s9, 21
core   0: 3 0x80006604 (0x415cde13) x28 0x00000000
core   0: 0x80006608 (0x72990593) addi    a1, s2, 1833
core   0: 3 0x80006608 (0x72990593) x11 0x00000729
core   0: 0x8000660c (0x01bc5293) srli    t0, s8, 27
core   0: 3 0x8000660c (0x01bc5293) x 5 0x0000001e
core   0: 0x80006610 (0x41b6d033) sra     zero, a3, s11
core   0: 3 0x80006610 (0x41b6d033)
core   0: 0x80006614 (0x03c28333) mul     t1, t0, t3
core   0: 3 0x80006614 (0x03c28333) x 6 0x00000000
core   0: 0x80006618 (0x41035a93) srai    s5, t1, 16
core   0: 3 0x80006618 (0x41035a93) x21 0x00000000
core   0: 0x8000661c (0x03708e33) mul     t3, ra, s7
core   0: 3 0x8000661c (0x03708e33) x28 0x00000000
core   0: 0x80006620 (0x006f8933) add     s2, t6, t1
core   0: 3 0x80006620 (0x006f8933) x18 0x24e00000
core   0: 0x80006624 (0x02385133) divu    sp, a6, gp
core   0: 3 0x80006624 (0x02385133) x 2 0x00000000
core   0: 0x80006628 (0x806fb493) sltiu   s1, t6, -2042
core   0: 3 0x80006628 (0x806fb493) x 9 0x00000001
core   0: 0x8000662c (0x72339897) auipc   a7, 0x72339
core   0: 3 0x8000662c (0x72339897) x17 0xf233f62c
core   0: 0x80006630 (0x8ca22413) slti    s0, tp, -1846
core   0: 3 0x80006630 (0x8ca22413) x 8 0x00000001
core   0: 0x80006634 (0x01546bb3) or      s7, s0, s5
core   0: 3 0x80006634 (0x01546bb3) x23 0x00000001
core   0: 0x80006638 (0xd5673393) sltiu   t2, a4, -682
core   0: 3 0x80006638 (0xd5673393) x 7 0x00000000
core   0: 0x8000663c (0x02a3cb33) div     s6, t2, a0
core   0: 3 0x8000663c (0x02a3cb33) x22 0x00000000
core   0: 0x80006640 (0x410dd2b3) sra     t0, s11, a6
core   0: 3 0x80006640 (0x410dd2b3) x 5 0xf80018ce
core   0: 0x80006644 (0x0dc88093) addi    ra, a7, 220
core   0: 3 0x80006644 (0x0dc88093) x 1 0xf233f708
core   0: 0x80006648 (0x0016e533) or      a0, a3, ra
core   0: 3 0x80006648 (0x0016e533) x10 0xf233f70b
core   0: 0x8000664c (0x036cea33) rem     s4, s9, s6
core   0: 3 0x8000664c (0x036cea33) x20 0x00000000
core   0: 0x80006650 (0x63dfaa93) slti    s5, t6, 1597
core   0: 3 0x80006650 (0x63dfaa93) x21 0x00000000
core   0: 0x80006654 (0x013e7133) and     sp, t3, s3
core   0: 3 0x80006654 (0x013e7133) x 2 0x00000000
core   0: 0x80006658 (0x01c6d733) srl     a4, a3, t3
core   0: 3 0x80006658 (0x01c6d733) x14 0x0000000b
core   0: 0x8000665c (0x02a97433) remu    s0, s2, a0
core   0: 3 0x8000665c (0x02a97433) x 8 0x24e00000
core   0: 0x80006660 (0x41795213) srai    tp, s2, 23
core   0: 3 0x80006660 (0x41795213) x 4 0x00000049
core   0: 0x80006664 (0x03e6b5b3) mulhu   a1, a3, t5
core   0: 3 0x80006664 (0x03e6b5b3) x11 0x00000001
core   0: 0x80006668 (0x035ed933) divu    s2, t4, s5
core   0: 3 0x80006668 (0x035ed933) x18 0xffffffff
core   0: 0x8000666c (0x00000013) nop
core   0: 3 0x8000666c (0x00000013)
core   0: 0x80006670 (0x014f5693) srli    a3, t5, 20
core   0: 3 0x80006670 (0x014f5693) x13 0x0000024e
core   0: 0x80006674 (0x03452233) mulhsu  tp, a0, s4
core   0: 3 0x80006674 (0x03452233) x 4 0x00000000
core   0: 0x80006678 (0x41d45b13) srai    s6, s0, 29
core   0: 3 0x80006678 (0x41d45b13) x22 0x00000001
core   0: 0x8000667c (0x414d50b3) sra     ra, s10, s4
core   0: 3 0x8000667c (0x414d50b3) x 1 0xffffffff
core   0: 0x80006680 (0x5e2cae93) slti    t4, s9, 1506
core   0: 3 0x80006680 (0x5e2cae93) x29 0x00000001
core   0: 0x80006684 (0xd94eed37) lui     s10, 0xd94ee
core   0: 3 0x80006684 (0xd94eed37) x26 0xd94ee000
core   0: 0x80006688 (0x6eb4bb13) sltiu   s6, s1, 1771
core   0: 3 0x80006688 (0x6eb4bb13) x22 0x00000001
core   0: 0x8000668c (0x03fb58b3) divu    a7, s6, t6
core   0: 3 0x8000668c (0x03fb58b3) x17 0x00000000
core   0: 0x80006690 (0x02f1aab3) mulhsu  s5, gp, a5
core   0: 3 0x80006690 (0x02f1aab3) x21 0x00000000
core   0: 0x80006694 (0x00a84d33) xor     s10, a6, a0
core   0: 3 0x80006694 (0x00a84d33) x26 0x7232b96f
core   0: 0x80006698 (0x40ed8b33) sub     s6, s11, a4
core   0: 3 0x80006698 (0x40ed8b33) x22 0x80018cd9
core   0: 0x8000669c (0xd03cae13) slti    t3, s9, -765
core   0: 3 0x8000669c (0xd03cae13) x28 0x00000000
core   0: 0x800066a0 (0x41ec85b3) sub     a1, s9, t5
core   0: 3 0x800066a0 (0x41ec85b3) x11 0xdb200000
core   0: 0x800066a4 (0x0298f2b3) remu    t0, a7, s1
core   0: 3 0x800066a4 (0x0298f2b3) x 5 0x00000000
core   0: 0x800066a8 (0x0b71a893) slti    a7, gp, 183
core   0: 3 0x800066a8 (0x0b71a893) x17 0x00000001
core   0: 0x800066ac (0x007ac333) xor     t1, s5, t2
core   0: 3 0x800066ac (0x007ac333) x 6 0x00000000
core   0: 0x800066b0 (0x02b12c33) mulhsu  s8, sp, a1
core   0: 3 0x800066b0 (0x02b12c33) x24 0x00000000
core   0: 0x800066b4 (0x03b13f33) mulhu   t5, sp, s11
core   0: 3 0x800066b4 (0x03b13f33) x30 0x00000000
core   0: 0x800066b8 (0xc5c08293) addi    t0, ra, -932
core   0: 3 0x800066b8 (0xc5c08293) x 5 0xfffffc5b
core   0: 0x800066bc (0x0c62b713) sltiu   a4, t0, 198
core   0: 3 0x800066bc (0x0c62b713) x14 0x00000000
core   0: 0x800066c0 (0x03f9cfb3) div     t6, s3, t6
core   0: 3 0x800066c0 (0x03f9cfb3) x31 0x00000000
core   0: 0x800066c4 (0x09934c93) xori    s9, t1, 153
core   0: 3 0x800066c4 (0x09934c93) x25 0x00000099
core   0: 0x800066c8 (0x02b27cb3) remu    s9, tp, a1
core   0: 3 0x800066c8 (0x02b27cb3) x25 0x00000000
core   0: 0x800066cc (0x02af0fb3) mul     t6, t5, a0
core   0: 3 0x800066cc (0x02af0fb3) x31 0x00000000
core   0: 0x800066d0 (0x03c68733) mul     a4, a3, t3
core   0: 3 0x800066d0 (0x03c68733) x14 0x00000000
core   0: 0x800066d4 (0xe1100593) li      a1, -495
core   0: 3 0x800066d4 (0xe1100593) x11 0xfffffe11
core   0: 0x800066d8 (0x41ce5b33) sra     s6, t3, t3
core   0: 3 0x800066d8 (0x41ce5b33) x22 0x00000000
core   0: 0x800066dc (0x01c93cb3) sltu    s9, s2, t3
core   0: 3 0x800066dc (0x01c93cb3) x25 0x00000000
core   0: 0x800066e0 (0x4043dc33) sra     s8, t2, tp
core   0: 3 0x800066e0 (0x4043dc33) x24 0x00000000
core   0: 0x800066e4 (0x066ce213) ori     tp, s9, 102
core   0: 3 0x800066e4 (0x066ce213) x 4 0x00000066
core   0: 0x800066e8 (0x01191f13) slli    t5, s2, 17
core   0: 3 0x800066e8 (0x01191f13) x30 0xfffe0000
core   0: 0x800066ec (0x012e7fb3) and     t6, t3, s2
core   0: 3 0x800066ec (0x012e7fb3) x31 0x00000000
core   0: 0x800066f0 (0x02649ab3) mulh    s5, s1, t1
core   0: 3 0x800066f0 (0x02649ab3) x21 0x00000000
core   0: 0x800066f4 (0x00dd86b3) add     a3, s11, a3
core   0: 3 0x800066f4 (0x00dd86b3) x13 0x80018f32
core   0: 0x800066f8 (0x026b3ab3) mulhu   s5, s6, t1
core   0: 3 0x800066f8 (0x026b3ab3) x21 0x00000000
core   0: 0x800066fc (0xe2077913) andi    s2, a4, -480
core   0: 3 0x800066fc (0xe2077913) x18 0x00000000
core   0: 0x80006700 (0x00b428b3) slt     a7, s0, a1
core   0: 3 0x80006700 (0x00b428b3) x17 0x00000000
core   0: 0x80006704 (0x00000013) nop
core   0: 3 0x80006704 (0x00000013)
core   0: 0x80006708 (0x00577933) and     s2, a4, t0
core   0: 3 0x80006708 (0x00577933) x18 0x00000000
core   0: 0x8000670c (0x407c54b3) sra     s1, s8, t2
core   0: 3 0x8000670c (0x407c54b3) x 9 0x00000000
core   0: 0x80006710 (0x03320eb3) mul     t4, tp, s3
core   0: 3 0x80006710 (0x03320eb3) x29 0x00000462
core   0: 0x80006714 (0x00d9e2b3) or      t0, s3, a3
core   0: 3 0x80006714 (0x00d9e2b3) x 5 0x80018f3b
core   0: 0x80006718 (0x01de5333) srl     t1, t3, t4
core   0: 3 0x80006718 (0x01de5333) x 6 0x00000000
core   0: 0x8000671c (0x4224e193) ori     gp, s1, 1058
core   0: 3 0x8000671c (0x4224e193) x 3 0x00000422
core   0: 0x80006720 (0x032dd533) divu    a0, s11, s2
core   0: 3 0x80006720 (0x032dd533) x10 0xffffffff
core   0: 0x80006724 (0xac4e3c93) sltiu   s9, t3, -1340
core   0: 3 0x80006724 (0xac4e3c93) x25 0x00000001
core   0: 0x80006728 (0x031e0733) mul     a4, t3, a7
core   0: 3 0x80006728 (0x031e0733) x14 0x00000000
core   0: 0x8000672c (0x006cebb3) or      s7, s9, t1
core   0: 3 0x8000672c (0x006cebb3) x23 0x00000001
core   0: 0x80006730 (0x419a8fb3) sub     t6, s5, s9
core   0: 3 0x80006730 (0x419a8fb3) x31 0xffffffff
core   0: 0x80006734 (0x02b7c7b3) div     a5, a5, a1
core   0: 3 0x80006734 (0x02b7c7b3) x15 0x00000000
core   0: 0x80006738 (0x035c9633) mulh    a2, s9, s5
core   0: 3 0x80006738 (0x035c9633) x12 0x00000000
core   0: 0x8000673c (0x0333bfb3) mulhu   t6, t2, s3
core   0: 3 0x8000673c (0x0333bfb3) x31 0x00000000
core   0: 0x80006740 (0x728d3b37) lui     s6, 0x728d3
core   0: 3 0x80006740 (0x728d3b37) x22 0x728d3000
core   0: 0x80006744 (0x00631e13) slli    t3, t1, 6
core   0: 3 0x80006744 (0x00631e13) x28 0x00000000
core   0: 0x80006748 (0x5f7fe193) ori     gp, t6, 1527
core   0: 3 0x80006748 (0x5f7fe193) x 3 0x000005f7
core   0: 0x8000674c (0x401f0933) sub     s2, t5, ra
core   0: 3 0x8000674c (0x401f0933) x18 0xfffe0001
core   0: 0x80006750 (0x011b8fb3) add     t6, s7, a7
core   0: 3 0x80006750 (0x011b8fb3) x31 0x00000001
core   0: 0x80006754 (0x0101df33) srl     t5, gp, a6
core   0: 3 0x80006754 (0x0101df33) x30 0x0000005f
core   0: 0x80006758 (0x3ec58293) addi    t0, a1, 1004
core   0: 3 0x80006758 (0x3ec58293) x 5 0x000001fd
core   0: 0x8000675c (0x03eebeb3) mulhu   t4, t4, t5
core   0: 3 0x8000675c (0x03eebeb3) x29 0x00000000
core   0: 0x80006760 (0x9877a8b7) lui     a7, 0x9877a
core   0: 3 0x80006760 (0x9877a8b7) x17 0x9877a000
core   0: 0x80006764 (0x5751a893) slti    a7, gp, 1397
core   0: 3 0x80006764 (0x5751a893) x17 0x00000000
core   0: 0x80006768 (0x00cf47b3) xor     a5, t5, a2
core   0: 3 0x80006768 (0x00cf47b3) x15 0x0000005f
core   0: 0x8000676c (0x022066b3) rem     a3, zero, sp
core   0: 3 0x8000676c (0x022066b3) x13 0x00000000
core   0: 0x80006770 (0xc08a4613) xori    a2, s4, -1016
core   0: 3 0x80006770 (0xc08a4613) x12 0xfffffc08
core   0: 0x80006774 (0xea940613) addi    a2, s0, -343
core   0: 3 0x80006774 (0xea940613) x12 0x24dffea9
core   0: 0x80006778 (0x008c30b3) sltu    ra, s8, s0
core   0: 3 0x80006778 (0x008c30b3) x 1 0x00000001
core   0: 0x8000677c (0x414c8ab3) sub     s5, s9, s4
core   0: 3 0x8000677c (0x414c8ab3) x21 0x00000001
core   0: 0x80006780 (0x03f3beb3) mulhu   t4, t2, t6
core   0: 3 0x80006780 (0x03f3beb3) x29 0x00000000
core   0: 0x80006784 (0xacfc7b97) auipc   s7, 0xacfc7
core   0: 3 0x80006784 (0xacfc7b97) x23 0x2cfcd784
core   0: 0x80006788 (0x350e2113) slti    sp, t3, 848
core   0: 3 0x80006788 (0x350e2113) x 2 0x00000001
core   0: 0x8000678c (0x00d15d33) srl     s10, sp, a3
core   0: 3 0x8000678c (0x00d15d33) x26 0x00000001
core   0: 0x80006790 (0x522a3393) sltiu   t2, s4, 1314
core   0: 3 0x80006790 (0x522a3393) x 7 0x00000001
core   0: 0x80006794 (0x00000013) nop
core   0: 3 0x80006794 (0x00000013)
core   0: 0x80006798 (0x29978e93) addi    t4, a5, 665
core   0: 3 0x80006798 (0x29978e93) x29 0x000002f8
core   0: 0x8000679c (0x8e30a013) slti    zero, ra, -1821
core   0: 3 0x8000679c (0x8e30a013)
core   0: 0x800067a0 (0x2ea6b3b7) lui     t2, 0x2ea6b
core   0: 3 0x800067a0 (0x2ea6b3b7) x 7 0x2ea6b000
core   0: 0x800067a4 (0x01f8f133) and     sp, a7, t6
core   0: 3 0x800067a4 (0x01f8f133) x 2 0x00000000
core   0: 0x800067a8 (0x03415133) divu    sp, sp, s4
core   0: 3 0x800067a8 (0x03415133) x 2 0xffffffff
core   0: 0x800067ac (0x403b0333) sub     t1, s6, gp
core   0: 3 0x800067ac (0x403b0333) x 6 0x728d2a09
core   0: 0x800067b0 (0xbae0ee13) ori     t3, ra, -1106
core   0: 3 0x800067b0 (0xbae0ee13) x28 0xfffffbaf
core   0: 0x800067b4 (0x004b1113) slli    sp, s6, 4
core   0: 3 0x800067b4 (0x004b1113) x 2 0x28d30000
core   0: 0x800067b8 (0xcbc1cd17) auipc   s10, 0xcbc1c
core   0: 3 0x800067b8 (0xcbc1cd17) x26 0x4bc227b8
core   0: 0x800067bc (0x7febde17) auipc   t3, 0x7febd
core   0: 3 0x800067bc (0x7febde17) x28 0xffec37bc
core   0: 0x800067c0 (0x14ae2d13) slti    s10, t3, 330
core   0: 3 0x800067c0 (0x14ae2d13) x26 0x00000001
core   0: 0x800067c4 (0x00f86033) or      zero, a6, a5
core   0: 3 0x800067c4 (0x00f86033)
core   0: 0x800067c8 (0xd87e2393) slti    t2, t3, -633
core   0: 3 0x800067c8 (0xd87e2393) x 7 0x00000001
core   0: 0x800067cc (0x416e0a33) sub     s4, t3, s6
core   0: 3 0x800067cc (0x416e0a33) x20 0x8d5f07bc
core   0: 0x800067d0 (0xf33a4913) xori    s2, s4, -205
core   0: 3 0x800067d0 (0xf33a4913) x18 0x72a0f88f
core   0: 0x800067d4 (0x0046d6b3) srl     a3, a3, tp
core   0: 3 0x800067d4 (0x0046d6b3) x13 0x00000000
core   0: 0x800067d8 (0x0118a5b3) slt     a1, a7, a7
core   0: 3 0x800067d8 (0x0118a5b3) x11 0x00000000
core   0: 0x800067dc (0x0108df13) srli    t5, a7, 16
core   0: 3 0x800067dc (0x0108df13) x30 0x00000000
core   0: 0x800067e0 (0x000edf13) srli    t5, t4, 0
core   0: 3 0x800067e0 (0x000edf13) x30 0x000002f8
core   0: 0x800067e4 (0x0201d5b3) divu    a1, gp, zero
core   0: 3 0x800067e4 (0x0201d5b3) x11 0xffffffff
core   0: 0x800067e8 (0xc8ce5397) auipc   t2, 0xc8ce5
core   0: 3 0x800067e8 (0xc8ce5397) x 7 0x48ceb7e8
core   0: 0x800067ec (0xe0bb6e13) ori     t3, s6, -501
core   0: 3 0x800067ec (0xe0bb6e13) x28 0xfffffe0b
core   0: 0x800067f0 (0x405f06b3) sub     a3, t5, t0
core   0: 3 0x800067f0 (0x405f06b3) x13 0x000000fb
core   0: 0x800067f4 (0x00d54d33) xor     s10, a0, a3
core   0: 3 0x800067f4 (0x00d54d33) x26 0xffffff04
core   0: 0x800067f8 (0x64b22197) auipc   gp, 0x64b22
core   0: 3 0x800067f8 (0x64b22197) x 3 0xe4b287f8
core   0: 0x800067fc (0x004840b3) xor     ra, a6, tp
core   0: 3 0x800067fc (0x004840b3) x 1 0x80014e02
core   0: 0x80006800 (0x4152dcb3) sra     s9, t0, s5
core   0: 3 0x80006800 (0x4152dcb3) x25 0x000000fe
core   0: 0x80006804 (0x0200d1b3) divu    gp, ra, zero
core   0: 3 0x80006804 (0x0200d1b3) x 3 0xffffffff
core   0: 0x80006808 (0x03958f33) mul     t5, a1, s9
core   0: 3 0x80006808 (0x03958f33) x30 0xffffff02
core   0: 0x8000680c (0x0263db33) divu    s6, t2, t1
core   0: 3 0x8000680c (0x0263db33) x22 0x00000000
core   0: 0x80006810 (0x036ff133) remu    sp, t6, s6
core   0: 3 0x80006810 (0x036ff133) x 2 0x00000001
core   0: 0x80006814 (0x0366e333) rem     t1, a3, s6
core   0: 3 0x80006814 (0x0366e333) x 6 0x000000fb
core   0: 0x80006818 (0x02ae1533) mulh    a0, t3, a0
core   0: 3 0x80006818 (0x02ae1533) x10 0x00000000
core   0: 0x8000681c (0x035fa233) mulhsu  tp, t6, s5
core   0: 3 0x8000681c (0x035fa233) x 4 0x00000000
core   0: 0x80006820 (0x02508493) addi    s1, ra, 37
core   0: 3 0x80006820 (0x02508493) x 9 0x80014e27
core   0: 0x80006824 (0x03825333) divu    t1, tp, s8
core   0: 3 0x80006824 (0x03825333) x 6 0xffffffff
core   0: 0x80006828 (0x038f2733) mulhsu  a4, t5, s8
core   0: 3 0x80006828 (0x038f2733) x14 0x00000000
core   0: 0x8000682c (0xef027b93) andi    s7, tp, -272
core   0: 3 0x8000682c (0xef027b93) x23 0x00000000
core   0: 0x80006830 (0x00eba233) slt     tp, s7, a4
core   0: 3 0x80006830 (0x00eba233) x 4 0x00000000
core   0: 0x80006834 (0x01f89cb3) sll     s9, a7, t6
core   0: 3 0x80006834 (0x01f89cb3) x25 0x00000000
core   0: 0x80006838 (0xa9cc3293) sltiu   t0, s8, -1380
core   0: 3 0x80006838 (0xa9cc3293) x 5 0x00000001
core   0: 0x8000683c (0x033d3fb3) mulhu   t6, s10, s3
core   0: 3 0x8000683c (0x033d3fb3) x31 0x0000000a
core   0: 0x80006840 (0x78696213) ori     tp, s2, 1926
core   0: 3 0x80006840 (0x78696213) x 4 0x72a0ff8f
core   0: 0x80006844 (0xf40e4f93) xori    t6, t3, -192
core   0: 3 0x80006844 (0xf40e4f93) x31 0x0000014b
core   0: 0x80006848 (0x021f6533) rem     a0, t5, ra
core   0: 3 0x80006848 (0x021f6533) x10 0xffffff02
core   0: 0x8000684c (0x00e8d1b3) srl     gp, a7, a4
core   0: 3 0x8000684c (0x00e8d1b3) x 3 0x00000000
core   0: 0x80006850 (0xd33c9197) auipc   gp, 0xd33c9
core   0: 3 0x80006850 (0xd33c9197) x 3 0x533cf850
core   0: 0x80006854 (0x02532bb3) mulhsu  s7, t1, t0
core   0: 3 0x80006854 (0x02532bb3) x23 0xffffffff
core   0: 0x80006858 (0x03dddfb3) divu    t6, s11, t4
core   0: 3 0x80006858 (0x03dddfb3) x31 0x002b1e2a
core   0: 0x8000685c (0x028f1133) mulh    sp, t5, s0
core   0: 3 0x8000685c (0x028f1133) x 2 0xffffffdb
core   0: 0x80006860 (0x02b7acb3) mulhsu  s9, a5, a1
core   0: 3 0x80006860 (0x02b7acb3) x25 0x0000005e
core   0: 0x80006864 (0x00629913) slli    s2, t0, 6
core   0: 3 0x80006864 (0x00629913) x18 0x00000040
core   0: 0x80006868 (0xada4fb93) andi    s7, s1, -1318
core   0: 3 0x80006868 (0xada4fb93) x23 0x80014a02
core   0: 0x8000686c (0x007582b3) add     t0, a1, t2
core   0: 3 0x8000686c (0x007582b3) x 5 0x48ceb7e7
core   0: 0x80006870 (0x40c6deb3) sra     t4, a3, a2
core   0: 3 0x80006870 (0x40c6deb3) x29 0x00000000
core   0: 0x80006874 (0x4149d033) sra     zero, s3, s4
core   0: 3 0x80006874 (0x4149d033)
core   0: 0x80006878 (0x022f2433) mulhsu  s0, t5, sp
core   0: 3 0x80006878 (0x022f2433) x 8 0xffffff02
core   0: 0x8000687c (0x03c348b3) div     a7, t1, t3
core   0: 3 0x8000687c (0x03c348b3) x17 0x00000000
core   0: 0x80006880 (0x002bdb33) srl     s6, s7, sp
core   0: 3 0x80006880 (0x002bdb33) x22 0x00000010
core   0: 0x80006884 (0x00000013) nop
core   0: 3 0x80006884 (0x00000013)
core   0: 0x80006888 (0x021f0c33) mul     s8, t5, ra
core   0: 3 0x80006888 (0x021f0c33) x24 0xfeb49a04
core   0: 0x8000688c (0x00000013) nop
core   0: 3 0x8000688c (0x00000013)
core   0: 0x80006890 (0x00585493) srli    s1, a6, 5
core   0: 3 0x80006890 (0x00585493) x 9 0x04000a73
core   0: 0x80006894 (0x401fdbb3) sra     s7, t6, ra
core   0: 3 0x80006894 (0x401fdbb3) x23 0x000ac78a
core   0: 0x80006898 (0x40145d33) sra     s10, s0, ra
core   0: 3 0x80006898 (0x40145d33) x26 0xffffffc0
core   0: 0x8000689c (0x03c8fab3) remu    s5, a7, t3
core   0: 3 0x8000689c (0x03c8fab3) x21 0x00000000
core   0: 0x800068a0 (0x82b2a413) slti    s0, t0, -2005
core   0: 3 0x800068a0 (0x82b2a413) x 8 0x00000000
core   0: 0x800068a4 (0xd6bcb193) sltiu   gp, s9, -661
core   0: 3 0x800068a4 (0xd6bcb193) x 3 0x00000001
core   0: 0x800068a8 (0x41df85b3) sub     a1, t6, t4
core   0: 3 0x800068a8 (0x41df85b3) x11 0x002b1e2a
core   0: 0x800068ac (0xe1f14193) xori    gp, sp, -481
core   0: 3 0x800068ac (0xe1f14193) x 3 0x000001c4
core   0: 0x800068b0 (0x7e00f113) andi    sp, ra, 2016
core   0: 3 0x800068b0 (0x7e00f113) x 2 0x00000600
core   0: 0x800068b4 (0x012cf1b3) and     gp, s9, s2
core   0: 3 0x800068b4 (0x012cf1b3) x 3 0x00000040
core   0: 0x800068b8 (0x010cac33) slt     s8, s9, a6
core   0: 3 0x800068b8 (0x010cac33) x24 0x00000000
core   0: 0x800068bc (0x030a9cb7) lui     s9, 0x30a9
core   0: 3 0x800068bc (0x030a9cb7) x25 0x030a9000
core   0: 0x800068c0 (0x00628bb3) add     s7, t0, t1
core   0: 3 0x800068c0 (0x00628bb3) x23 0x48ceb7e6
core   0: 0x800068c4 (0x00000013) nop
core   0: 3 0x800068c4 (0x00000013)
core   0: 0x800068c8 (0x67fe3513) sltiu   a0, t3, 1663
core   0: 3 0x800068c8 (0x67fe3513) x10 0x00000000
core   0: 0x800068cc (0x0aff0c13) addi    s8, t5, 175
core   0: 3 0x800068cc (0x0aff0c13) x24 0xffffffb1
core   0: 0x800068d0 (0x02b8ebb3) rem     s7, a7, a1
core   0: 3 0x800068d0 (0x02b8ebb3) x23 0x00000000
core   0: 0x800068d4 (0x00757f93) andi    t6, a0, 7
core   0: 3 0x800068d4 (0x00757f93) x31 0x00000000
core   0: 0x800068d8 (0x41320633) sub     a2, tp, s3
core   0: 3 0x800068d8 (0x41320633) x12 0x72a0ff84
core   0: 0x800068dc (0x03b37d33) remu    s10, t1, s11
core   0: 3 0x800068dc (0x03b37d33) x26 0x7ffe731b
core   0: 0x800068e0 (0x413b8033) sub     zero, s7, s3
core   0: 3 0x800068e0 (0x413b8033)
core   0: 0x800068e4 (0x016b5233) srl     tp, s6, s6
core   0: 3 0x800068e4 (0x016b5233) x 4 0x00000000
core   0: 0x800068e8 (0x011b7f33) and     t5, s6, a7
core   0: 3 0x800068e8 (0x011b7f33) x30 0x00000000
core   0: 0x800068ec (0x00de9893) slli    a7, t4, 13
core   0: 3 0x800068ec (0x00de9893) x17 0x00000000
core   0: 0x800068f0 (0x0a408d37) lui     s10, 0xa408
core   0: 3 0x800068f0 (0x0a408d37) x26 0x0a408000
core   0: 0x800068f4 (0x596fec13) ori     s8, t6, 1430
core   0: 3 0x800068f4 (0x596fec13) x24 0x00000596
core   0: 0x800068f8 (0x401bd0b3) sra     ra, s7, ra
core   0: 3 0x800068f8 (0x401bd0b3) x 1 0x00000000
core   0: 0x800068fc (0x03f9d4b3) divu    s1, s3, t6
core   0: 3 0x800068fc (0x03f9d4b3) x 9 0xffffffff
core   0: 0x80006900 (0x01189c93) slli    s9, a7, 17
core   0: 3 0x80006900 (0x01189c93) x25 0x00000000
core   0: 0x80006904 (0x396ee393) ori     t2, t4, 918
core   0: 3 0x80006904 (0x396ee393) x 7 0x00000396
core   0: 0x80006908 (0x027ec4b3) div     s1, t4, t2
core   0: 3 0x80006908 (0x027ec4b3) x 9 0x00000000
core   0: 0x8000690c (0x404fdeb3) sra     t4, t6, tp
core   0: 3 0x8000690c (0x404fdeb3) x29 0x00000000
core   0: 0x80006910 (0x4849a297) auipc   t0, 0x4849a
core   0: 3 0x80006910 (0x4849a297) x 5 0xc84a0910
core   0: 0x80006914 (0x00961533) sll     a0, a2, s1
core   0: 3 0x80006914 (0x00961533) x10 0x72a0ff84
core   0: 0x80006918 (0x00c170b3) and     ra, sp, a2
core   0: 3 0x80006918 (0x00c170b3) x 1 0x00000600
core   0: 0x8000691c (0x039edab3) divu    s5, t4, s9
core   0: 3 0x8000691c (0x039edab3) x21 0xffffffff
core   0: 0x80006920 (0x40cfd093) srai    ra, t6, 12
core   0: 3 0x80006920 (0x40cfd093) x 1 0x00000000
core   0: 0x80006924 (0x03630333) mul     t1, t1, s6
core   0: 3 0x80006924 (0x03630333) x 6 0xfffffff0
core   0: 0x80006928 (0x025e2133) mulhsu  sp, t3, t0
core   0: 3 0x80006928 (0x025e2133) x 2 0xfffffe78
core   0: 0x8000692c (0x41dedf93) srai    t6, t4, 29
core   0: 3 0x8000692c (0x41dedf93) x31 0x00000000
core   0: 0x80006930 (0x00592eb3) slt     t4, s2, t0
core   0: 3 0x80006930 (0x00592eb3) x29 0x00000000
core   0: 0x80006934 (0x26700337) lui     t1, 0x26700
core   0: 3 0x80006934 (0x26700337) x 6 0x26700000
core   0: 0x80006938 (0x01148bb3) add     s7, s1, a7
core   0: 3 0x80006938 (0x01148bb3) x23 0x00000000
core   0: 0x8000693c (0xb5863413) sltiu   s0, a2, -1192
core   0: 3 0x8000693c (0xb5863413) x 8 0x00000001
core   0: 0x80006940 (0x01846b33) or      s6, s0, s8
core   0: 3 0x80006940 (0x01846b33) x22 0x00000597
core   0: 0x80006944 (0x0f783d13) sltiu   s10, a6, 247
core   0: 3 0x80006944 (0x0f783d13) x26 0x00000000
core   0: 0x80006948 (0x029738b3) mulhu   a7, a4, s1
core   0: 3 0x80006948 (0x029738b3) x17 0x00000000
core   0: 0x8000694c (0x01599e33) sll     t3, s3, s5
core   0: 3 0x8000694c (0x01599e33) x28 0x80000000
core   0: 0x80006950 (0x01a4b5b3) sltu    a1, s1, s10
core   0: 3 0x80006950 (0x01a4b5b3) x11 0x00000000
core   0: 0x80006954 (0x0125ac33) slt     s8, a1, s2
core   0: 3 0x80006954 (0x0125ac33) x24 0x00000001
core   0: 0x80006958 (0x01d180b3) add     ra, gp, t4
core   0: 3 0x80006958 (0x01d180b3) x 1 0x00000040
core   0: 0x8000695c (0x033f5933) divu    s2, t5, s3
core   0: 3 0x8000695c (0x033f5933) x18 0x00000000
core   0: 0x80006960 (0x0367a7b3) mulhsu  a5, a5, s6
core   0: 3 0x80006960 (0x0367a7b3) x15 0x00000000
core   0: 0x80006964 (0x02b03633) mulhu   a2, zero, a1
core   0: 3 0x80006964 (0x02b03633) x12 0x00000000
core   0: 0x80006968 (0x25de48b7) lui     a7, 0x25de4
core   0: 3 0x80006968 (0x25de48b7) x17 0x25de4000
core   0: 0x8000696c (0x020c7533) remu    a0, s8, zero
core   0: 3 0x8000696c (0x020c7533) x10 0x00000001
core   0: 0x80006970 (0x637cee93) ori     t4, s9, 1591
core   0: 3 0x80006970 (0x637cee93) x29 0x00000637
core   0: 0x80006974 (0x032feab3) rem     s5, t6, s2
core   0: 3 0x80006974 (0x032feab3) x21 0x00000000
core   0: 0x80006978 (0x01795eb3) srl     t4, s2, s7
core   0: 3 0x80006978 (0x01795eb3) x29 0x00000000
core   0: 0x8000697c (0x00000013) nop
core   0: 3 0x8000697c (0x00000013)
core   0: 0x80006980 (0x0dbea013) slti    zero, t4, 219
core   0: 3 0x80006980 (0x0dbea013)
core   0: 0x80006984 (0x00d63a33) sltu    s4, a2, a3
core   0: 3 0x80006984 (0x00d63a33) x20 0x00000001
core   0: 0x80006988 (0x006e1913) slli    s2, t3, 6
core   0: 3 0x80006988 (0x006e1913) x18 0x00000000
core   0: 0x8000698c (0x029db633) mulhu   a2, s11, s1
core   0: 3 0x8000698c (0x029db633) x12 0x00000000
core   0: 0x80006990 (0x018d1f33) sll     t5, s10, s8
core   0: 3 0x80006990 (0x018d1f33) x30 0x00000000
core   0: 0x80006994 (0x7dffac13) slti    s8, t6, 2015
core   0: 3 0x80006994 (0x7dffac13) x24 0x00000001
core   0: 0x80006998 (0x4ecce513) ori     a0, s9, 1260
core   0: 3 0x80006998 (0x4ecce513) x10 0x000004ec
core   0: 0x8000699c (0x03d7a7b3) mulhsu  a5, a5, t4
core   0: 3 0x8000699c (0x03d7a7b3) x15 0x00000000
core   0: 0x800069a0 (0x18f83293) sltiu   t0, a6, 399
core   0: 3 0x800069a0 (0x18f83293) x 5 0x00000000
core   0: 0x800069a4 (0x4181dfb3) sra     t6, gp, s8
core   0: 3 0x800069a4 (0x4181dfb3) x31 0x00000020
core   0: 0x800069a8 (0x00288233) add     tp, a7, sp
core   0: 3 0x800069a8 (0x00288233) x 4 0x25de3e78
core   0: 0x800069ac (0x6d2688b7) lui     a7, 0x6d268
core   0: 3 0x800069ac (0x6d2688b7) x17 0x6d268000
core   0: 0x800069b0 (0xf4b8e013) ori     zero, a7, -181
core   0: 3 0x800069b0 (0xf4b8e013)
core   0: 0x800069b4 (0x00629fb3) sll     t6, t0, t1
core   0: 3 0x800069b4 (0x00629fb3) x31 0x00000000
core   0: 0x800069b8 (0x00f48533) add     a0, s1, a5
core   0: 3 0x800069b8 (0x00f48533) x10 0x00000000
core   0: 0x800069bc (0x025dea33) rem     s4, s11, t0
core   0: 3 0x800069bc (0x025dea33) x20 0x80018ce4
core   0: 0x800069c0 (0x002d6fb3) or      t6, s10, sp
core   0: 3 0x800069c0 (0x002d6fb3) x31 0xfffffe78
core   0: 0x800069c4 (0x0301a6b3) mulhsu  a3, gp, a6
core   0: 3 0x800069c4 (0x0301a6b3) x13 0x00000020
core   0: 0x800069c8 (0x02deff33) remu    t5, t4, a3
core   0: 3 0x800069c8 (0x02deff33) x30 0x00000000
core   0: 0x800069cc (0x3f0ef113) andi    sp, t4, 1008
core   0: 3 0x800069cc (0x3f0ef113) x 2 0x00000000
core   0: 0x800069d0 (0x419f07b3) sub     a5, t5, s9
core   0: 3 0x800069d0 (0x419f07b3) x15 0x00000000
core   0: 0x800069d4 (0x033834b3) mulhu   s1, a6, s3
core   0: 3 0x800069d4 (0x033834b3) x 9 0x00000005
core   0: 0x800069d8 (0x02552333) mulhsu  t1, a0, t0
core   0: 3 0x800069d8 (0x02552333) x 6 0x00000000
core   0: 0x800069dc (0x2c804737) lui     a4, 0x2c804
core   0: 3 0x800069dc (0x2c804737) x14 0x2c804000
core   0: 0x800069e0 (0x02d0e5b3) rem     a1, ra, a3
core   0: 3 0x800069e0 (0x02d0e5b3) x11 0x00000000
core   0: 0x800069e4 (0x00000013) nop
core   0: 3 0x800069e4 (0x00000013)
core   0: 0x800069e8 (0x0293cfb3) div     t6, t2, s1
core   0: 3 0x800069e8 (0x0293cfb3) x31 0x000000b7
core   0: 0x800069ec (0x00000013) nop
core   0: 3 0x800069ec (0x00000013)
core   0: 0x800069f0 (0x401050b3) sra     ra, zero, ra
core   0: 3 0x800069f0 (0x401050b3) x 1 0x00000000
core   0: 0x800069f4 (0xcc2a3013) sltiu   zero, s4, -830
core   0: 3 0x800069f4 (0xcc2a3013)
core   0: 0x800069f8 (0x03ca7333) remu    t1, s4, t3
core   0: 3 0x800069f8 (0x03ca7333) x 6 0x00018ce4
core   0: 0x800069fc (0x40555713) srai    a4, a0, 5
core   0: 3 0x800069fc (0x40555713) x14 0x00000000
core   0: 0x80006a00 (0x00000013) nop
core   0: 3 0x80006a00 (0x00000013)
core   0: 0x80006a04 (0x02386533) rem     a0, a6, gp
core   0: 3 0x80006a04 (0x02386533) x10 0xffffffe4
core   0: 0x80006a08 (0x0208e5b3) rem     a1, a7, zero
core   0: 3 0x80006a08 (0x0208e5b3) x11 0x6d268000
core   0: 0x80006a0c (0x02c6f8b3) remu    a7, a3, a2
core   0: 3 0x80006a0c (0x02c6f8b3) x17 0x00000020
core   0: 0x80006a10 (0x9bf40013) addi    zero, s0, -1601
core   0: 3 0x80006a10 (0x9bf40013)
core   0: 0x80006a14 (0x02580533) mul     a0, a6, t0
core   0: 3 0x80006a14 (0x02580533) x10 0x00000000
core   0: 0x80006a18 (0xc18e3093) sltiu   ra, t3, -1000
core   0: 3 0x80006a18 (0xc18e3093) x 1 0x00000001
core   0: 0x80006a1c (0x03f2efb3) rem     t6, t0, t6
core   0: 3 0x80006a1c (0x03f2efb3) x31 0x00000000
core   0: 0x80006a20 (0x03e106b3) mul     a3, sp, t5
core   0: 3 0x80006a20 (0x03e106b3) x13 0x00000000
core   0: 0x80006a24 (0x008e15b3) sll     a1, t3, s0
core   0: 3 0x80006a24 (0x008e15b3) x11 0x00000000
core   0: 0x80006a28 (0x02e901b3) mul     gp, s2, a4
core   0: 3 0x80006a28 (0x02e901b3) x 3 0x00000000
core   0: 0x80006a2c (0x038fd533) divu    a0, t6, s8
core   0: 3 0x80006a2c (0x038fd533) x10 0x00000000
core   0: 0x80006a30 (0x00000013) nop
core   0: 3 0x80006a30 (0x00000013)
core   0: 0x80006a34 (0x009c86b3) add     a3, s9, s1
core   0: 3 0x80006a34 (0x009c86b3) x13 0x00000005
core   0: 0x80006a38 (0x02664333) div     t1, a2, t1
core   0: 3 0x80006a38 (0x02664333) x 6 0x00000000
core   0: 0x80006a3c (0x578eba93) sltiu   s5, t4, 1400
core   0: 3 0x80006a3c (0x578eba93) x21 0x00000001
core   0: 0x80006a40 (0x00000013) nop
core   0: 3 0x80006a40 (0x00000013)
core   0: 0x80006a44 (0x01930a33) add     s4, t1, s9
core   0: 3 0x80006a44 (0x01930a33) x20 0x00000000
core   0: 0x80006a48 (0xe20773b7) lui     t2, 0xe2077
core   0: 3 0x80006a48 (0xe20773b7) x 7 0xe2077000
core   0: 0x80006a4c (0x000b1bb3) sll     s7, s6, zero
core   0: 3 0x80006a4c (0x000b1bb3) x23 0x00000597
core   0: 0x80006a50 (0x03d992b3) mulh    t0, s3, t4
core   0: 3 0x80006a50 (0x03d992b3) x 5 0x00000000
core   0: 0x80006a54 (0xd9a88693) addi    a3, a7, -614
core   0: 3 0x80006a54 (0xd9a88693) x13 0xfffffdba
core   0: 0x80006a58 (0x0222ca33) div     s4, t0, sp
core   0: 3 0x80006a58 (0x0222ca33) x20 0xffffffff
core   0: 0x80006a5c (0x02437b33) remu    s6, t1, tp
core   0: 3 0x80006a5c (0x02437b33) x22 0x00000000
core   0: 0x80006a60 (0x03bac433) div     s0, s5, s11
core   0: 3 0x80006a60 (0x03bac433) x 8 0x00000000
core   0: 0x80006a64 (0x255d4a93) xori    s5, s10, 597
core   0: 3 0x80006a64 (0x255d4a93) x21 0x00000255
core   0: 0x80006a68 (0x0f16c513) xori    a0, a3, 241
core   0: 3 0x80006a68 (0x0f16c513) x10 0xfffffd4b
core   0: 0x80006a6c (0x02c2d233) divu    tp, t0, a2
core   0: 3 0x80006a6c (0x02c2d233) x 4 0xffffffff
core   0: 0x80006a70 (0x019f0fb3) add     t6, t5, s9
core   0: 3 0x80006a70 (0x019f0fb3) x31 0x00000000
core   0: 0x80006a74 (0xb287c313) xori    t1, a5, -1240
core   0: 3 0x80006a74 (0xb287c313) x 6 0xfffffb28
core   0: 0x80006a78 (0x3c0f8fb7) lui     t6, 0x3c0f8
core   0: 3 0x80006a78 (0x3c0f8fb7) x31 0x3c0f8000
core   0: 0x80006a7c (0xb6a3d497) auipc   s1, 0xb6a3d
core   0: 3 0x80006a7c (0xb6a3d497) x 9 0x36a43a7c
core   0: 0x80006a80 (0x02c54f33) div     t5, a0, a2
core   0: 3 0x80006a80 (0x02c54f33) x30 0xffffffff
core   0: 0x80006a84 (0x6fdc3f97) auipc   t6, 0x6fdc3
core   0: 3 0x80006a84 (0x6fdc3f97) x31 0xefdc9a84
core   0: 0x80006a88 (0x0143f933) and     s2, t2, s4
core   0: 3 0x80006a88 (0x0143f933) x18 0xe2077000
core   0: 0x80006a8c (0x020bfcb3) remu    s9, s7, zero
core   0: 3 0x80006a8c (0x020bfcb3) x25 0x00000597
core   0: 0x80006a90 (0x014cd613) srli    a2, s9, 20
core   0: 3 0x80006a90 (0x014cd613) x12 0x00000000
core   0: 0x80006a94 (0x015c9a93) slli    s5, s9, 21
core   0: 3 0x80006a94 (0x015c9a93) x21 0xb2e00000
core   0: 0x80006a98 (0x02390fb3) mul     t6, s2, gp
core   0: 3 0x80006a98 (0x02390fb3) x31 0x00000000
core   0: 0x80006a9c (0x7e9f8613) addi    a2, t6, 2025
core   0: 3 0x80006a9c (0x7e9f8613) x12 0x000007e9
core   0: 0x80006aa0 (0x02e158b3) divu    a7, sp, a4
core   0: 3 0x80006aa0 (0x02e158b3) x17 0xffffffff
core   0: 0x80006aa4 (0x0284fc33) remu    s8, s1, s0
core   0: 3 0x80006aa4 (0x0284fc33) x24 0x36a43a7c
core   0: 0x80006aa8 (0x02062a33) mulhsu  s4, a2, zero
core   0: 3 0x80006aa8 (0x02062a33) x20 0x00000000
core   0: 0x80006aac (0x00ffd893) srli    a7, t6, 15
core   0: 3 0x80006aac (0x00ffd893) x17 0x00000000
core   0: 0x80006ab0 (0x03dc5933) divu    s2, s8, t4
core   0: 3 0x80006ab0 (0x03dc5933) x18 0xffffffff
core   0: 0x80006ab4 (0x02006e33) rem     t3, zero, zero
core   0: 3 0x80006ab4 (0x02006e33) x28 0x00000000
core   0: 0x80006ab8 (0x01a19513) slli    a0, gp, 26
core   0: 3 0x80006ab8 (0x01a19513) x10 0x00000000
core   0: 0x80006abc (0x01f837b3) sltu    a5, a6, t6
core   0: 3 0x80006abc (0x01f837b3) x15 0x00000000
core   0: 0x80006ac0 (0x0048d533) srl     a0, a7, tp
core   0: 3 0x80006ac0 (0x0048d533) x10 0x00000000
core   0: 0x80006ac4 (0x01ffa7b3) slt     a5, t6, t6
core   0: 3 0x80006ac4 (0x01ffa7b3) x15 0x00000000
core   0: 0x80006ac8 (0xe831e913) ori     s2, gp, -381
core   0: 3 0x80006ac8 (0xe831e913) x18 0xfffffe83
core   0: 0x80006acc (0x0031afb3) slt     t6, gp, gp
core   0: 3 0x80006acc (0x0031afb3) x31 0x00000000
core   0: 0x80006ad0 (0x5694fd13) andi    s10, s1, 1385
core   0: 3 0x80006ad0 (0x5694fd13) x26 0x00000068
core   0: 0x80006ad4 (0x0390d233) divu    tp, ra, s9
core   0: 3 0x80006ad4 (0x0390d233) x 4 0x00000000
core   0: 0x80006ad8 (0x5631e297) auipc   t0, 0x5631e
core   0: 3 0x80006ad8 (0x5631e297) x 5 0xd6324ad8
core   0: 0x80006adc (0x6bdf3793) sltiu   a5, t5, 1725
core   0: 3 0x80006adc (0x6bdf3793) x15 0x00000000
core   0: 0x80006ae0 (0x00115593) srli    a1, sp, 1
core   0: 3 0x80006ae0 (0x00115593) x11 0x00000000
core   0: 0x80006ae4 (0x006a3333) sltu    t1, s4, t1
core   0: 3 0x80006ae4 (0x006a3333) x 6 0x00000001
core   0: 0x80006ae8 (0x02b1f733) remu    a4, gp, a1
core   0: 3 0x80006ae8 (0x02b1f733) x14 0x00000000
core   0: 0x80006aec (0x00aedc93) srli    s9, t4, 10
core   0: 3 0x80006aec (0x00aedc93) x25 0x00000000
core   0: 0x80006af0 (0x41cfd413) srai    s0, t6, 28
core   0: 3 0x80006af0 (0x41cfd413) x 8 0x00000000
core   0: 0x80006af4 (0x00007333) and     t1, zero, zero
core   0: 3 0x80006af4 (0x00007333) x 6 0x00000000
core   0: 0x80006af8 (0x00ddc0b3) xor     ra, s11, a3
core   0: 3 0x80006af8 (0x00ddc0b3) x 1 0x7ffe715e
core   0: 0x80006afc (0x405e5213) srai    tp, t3, 5
core   0: 3 0x80006afc (0x405e5213) x 4 0x00000000
core   0: 0x80006b00 (0x00d3b433) sltu    s0, t2, a3
core   0: 3 0x80006b00 (0x00d3b433) x 8 0x00000001
core   0: 0x80006b04 (0x004747b3) xor     a5, a4, tp
core   0: 3 0x80006b04 (0x004747b3) x15 0x00000000
core   0: 0x80006b08 (0x88f4f513) andi    a0, s1, -1905
core   0: 3 0x80006b08 (0x88f4f513) x10 0x36a4380c
core   0: 0x80006b0c (0x02b98cb3) mul     s9, s3, a1
core   0: 3 0x80006b0c (0x02b98cb3) x25 0x00000000
core   0: 0x80006b10 (0x02e9cfb3) div     t6, s3, a4
core   0: 3 0x80006b10 (0x02e9cfb3) x31 0xffffffff
core   0: 0x80006b14 (0x00000013) nop
core   0: 3 0x80006b14 (0x00000013)
core   0: 0x80006b18 (0x01ce1f93) slli    t6, t3, 28
core   0: 3 0x80006b18 (0x01ce1f93) x31 0x00000000
core   0: 0x80006b1c (0x4c92a613) slti    a2, t0, 1225
core   0: 3 0x80006b1c (0x4c92a613) x12 0x00000001
core   0: 0x80006b20 (0x038c1233) mulh    tp, s8, s8
core   0: 3 0x80006b20 (0x038c1233) x 4 0x0ba9b207
core   0: 0x80006b24 (0x005cd593) srli    a1, s9, 5
core   0: 3 0x80006b24 (0x005cd593) x11 0x00000000
core   0: 0x80006b28 (0x4099de33) sra     t3, s3, s1
core   0: 3 0x80006b28 (0x4099de33) x28 0x00000000
core   0: 0x80006b2c (0x2d707193) andi    gp, zero, 727
core   0: 3 0x80006b2c (0x2d707193) x 3 0x00000000
core   0: 0x80006b30 (0x40fc5193) srai    gp, s8, 15
core   0: 3 0x80006b30 (0x40fc5193) x 3 0x00006d48
core   0: 0x80006b34 (0x02e4e933) rem     s2, s1, a4
core   0: 3 0x80006b34 (0x02e4e933) x18 0x36a43a7c
core   0: 0x80006b38 (0x00cf9933) sll     s2, t6, a2
core   0: 3 0x80006b38 (0x00cf9933) x18 0x00000000
core   0: 0x80006b3c (0x02f1acb3) mulhsu  s9, gp, a5
core   0: 3 0x80006b3c (0x02f1acb3) x25 0x00000000
core   0: 0x80006b40 (0x01155f33) srl     t5, a0, a7
core   0: 3 0x80006b40 (0x01155f33) x30 0x36a4380c
core   0: 0x80006b44 (0x01625393) srli    t2, tp, 22
core   0: 3 0x80006b44 (0x01625393) x 7 0x0000002e
core   0: 0x80006b48 (0x6e4deb97) auipc   s7, 0x6e4de
core   0: 3 0x80006b48 (0x6e4deb97) x23 0xee4e4b48
core   0: 0x80006b4c (0x2584f913) andi    s2, s1, 600
core   0: 3 0x80006b4c (0x2584f913) x18 0x00000258
core   0: 0x80006b50 (0x021020b3) mulhsu  ra, zero, ra
core   0: 3 0x80006b50 (0x021020b3) x 1 0x00000000
core   0: 0x80006b54 (0x40945393) srai    t2, s0, 9
core   0: 3 0x80006b54 (0x40945393) x 7 0x00000000
core   0: 0x80006b58 (0x00b85593) srli    a1, a6, 11
core   0: 3 0x80006b58 (0x00b85593) x11 0x00100029
core   0: 0x80006b5c (0x000e5e33) srl     t3, t3, zero
core   0: 3 0x80006b5c (0x000e5e33) x28 0x00000000
core   0: 0x80006b60 (0x01997033) and     zero, s2, s9
core   0: 3 0x80006b60 (0x01997033)
core   0: 0x80006b64 (0x037aeab3) rem     s5, s5, s7
core   0: 3 0x80006b64 (0x037aeab3) x21 0xf9a6d2e0
core   0: 0x80006b68 (0x03631cb3) mulh    s9, t1, s6
core   0: 3 0x80006b68 (0x03631cb3) x25 0x00000000
core   0: 0x80006b6c (0x01c5ee33) or      t3, a1, t3
core   0: 3 0x80006b6c (0x01c5ee33) x28 0x00100029
core   0: 0x80006b70 (0xc9b7c513) xori    a0, a5, -869
core   0: 3 0x80006b70 (0xc9b7c513) x10 0xfffffc9b
core   0: 0x80006b74 (0x01d606b3) add     a3, a2, t4
core   0: 3 0x80006b74 (0x01d606b3) x13 0x00000001
core   0: 0x80006b78 (0x026df8b3) remu    a7, s11, t1
core   0: 3 0x80006b78 (0x026df8b3) x17 0x80018ce4
core   0: 0x80006b7c (0xf1790193) addi    gp, s2, -233
core   0: 3 0x80006b7c (0xf1790193) x 3 0x0000016f
core   0: 0x80006b80 (0xe2937f13) andi    t5, t1, -471
core   0: 3 0x80006b80 (0xe2937f13) x30 0x00000000
core   0: 0x80006b84 (0x00ccd033) srl     zero, s9, a2
core   0: 3 0x80006b84 (0x00ccd033)
core   0: 0x80006b88 (0x00f928b3) slt     a7, s2, a5
core   0: 3 0x80006b88 (0x00f928b3) x17 0x00000000
core   0: 0x80006b8c (0x03c058b3) divu    a7, zero, t3
core   0: 3 0x80006b8c (0x03c058b3) x17 0x00000000
core   0: 0x80006b90 (0x037ec7b3) div     a5, t4, s7
core   0: 3 0x80006b90 (0x037ec7b3) x15 0x00000000
core   0: 0x80006b94 (0xd962e713) ori     a4, t0, -618
core   0: 3 0x80006b94 (0xd962e713) x14 0xffffffde
core   0: 0x80006b98 (0x02c89433) mulh    s0, a7, a2
core   0: 3 0x80006b98 (0x02c89433) x 8 0x00000000
core   0: 0x80006b9c (0x00c8eb33) or      s6, a7, a2
core   0: 3 0x80006b9c (0x00c8eb33) x22 0x00000001
core   0: 0x80006ba0 (0x0148a1b3) slt     gp, a7, s4
core   0: 3 0x80006ba0 (0x0148a1b3) x 3 0x00000000
core   0: 0x80006ba4 (0x4123df93) srai    t6, t2, 18
core   0: 3 0x80006ba4 (0x4123df93) x31 0x00000000
core   0: 0x80006ba8 (0x0372a233) mulhsu  tp, t0, s7
core   0: 3 0x80006ba8 (0x0372a233) x 4 0xd915f89c
core   0: 0x80006bac (0x01169433) sll     s0, a3, a7
core   0: 3 0x80006bac (0x01169433) x 8 0x00000001
core   0: 0x80006bb0 (0x0047afb3) slt     t6, a5, tp
core   0: 3 0x80006bb0 (0x0047afb3) x31 0x00000000
core   0: 0x80006bb4 (0x2cb03593) sltiu   a1, zero, 715
core   0: 3 0x80006bb4 (0x2cb03593) x11 0x00000001
core   0: 0x80006bb8 (0x0337b433) mulhu   s0, a5, s3
core   0: 3 0x80006bb8 (0x0337b433) x 8 0x00000000
core   0: 0x80006bbc (0x032f7bb3) remu    s7, t5, s2
core   0: 3 0x80006bbc (0x032f7bb3) x23 0x00000000
core   0: 0x80006bc0 (0x1c232593) slti    a1, t1, 450
core   0: 3 0x80006bc0 (0x1c232593) x11 0x00000001
core   0: 0x80006bc4 (0x033491b3) mulh    gp, s1, s3
core   0: 3 0x80006bc4 (0x033491b3) x 3 0x00000002
core   0: 0x80006bc8 (0x027bc433) div     s0, s7, t2
core   0: 3 0x80006bc8 (0x027bc433) x 8 0xffffffff
core   0: 0x80006bcc (0xde092093) slti    ra, s2, -544
core   0: 3 0x80006bcc (0xde092093) x 1 0x00000000
core   0: 0x80006bd0 (0x034728b3) mulhsu  a7, a4, s4
core   0: 3 0x80006bd0 (0x034728b3) x17 0x00000000
core   0: 0x80006bd4 (0x63cc2f13) slti    t5, s8, 1596
core   0: 3 0x80006bd4 (0x63cc2f13) x30 0x00000000
core   0: 0x80006bd8 (0x40490d33) sub     s10, s2, tp
core   0: 3 0x80006bd8 (0x40490d33) x26 0x26ea09bc
core   0: 0x80006bdc (0x027f55b3) divu    a1, t5, t2
core   0: 3 0x80006bdc (0x027f55b3) x11 0xffffffff
core   0: 0x80006be0 (0xf4084513) xori    a0, a6, -192
core   0: 3 0x80006be0 (0xf4084513) x10 0x7ffeb124
core   0: 0x80006be4 (0x0377acb3) mulhsu  s9, a5, s7
core   0: 3 0x80006be4 (0x0377acb3) x25 0x00000000
core   0: 0x80006be8 (0x00a90fb3) add     t6, s2, a0
core   0: 3 0x80006be8 (0x00a90fb3) x31 0x7ffeb37c
core   0: 0x80006bec (0x416a5f33) sra     t5, s4, s6
core   0: 3 0x80006bec (0x416a5f33) x30 0x00000000
core   0: 0x80006bf0 (0x0373bfb3) mulhu   t6, t2, s7
core   0: 3 0x80006bf0 (0x0373bfb3) x31 0x00000000
core   0: 0x80006bf4 (0x003ee1b3) or      gp, t4, gp
core   0: 3 0x80006bf4 (0x003ee1b3) x 3 0x00000002
core   0: 0x80006bf8 (0x02a42033) mulhsu  zero, s0, a0
core   0: 3 0x80006bf8 (0x02a42033)
core   0: 0x80006bfc (0x410fd113) srai    sp, t6, 16
core   0: 3 0x80006bfc (0x410fd113) x 2 0x00000000
core   0: 0x80006c00 (0x01088033) add     zero, a7, a6
core   0: 3 0x80006c00 (0x01088033)
core   0: 0x80006c04 (0x029bc0b3) div     ra, s7, s1
core   0: 3 0x80006c04 (0x029bc0b3) x 1 0x00000000
core   0: 0x80006c08 (0x0109c7b3) xor     a5, s3, a6
core   0: 3 0x80006c08 (0x0109c7b3) x15 0x80014e6f
core   0: 0x80006c0c (0x03fe63b3) rem     t2, t3, t6
core   0: 3 0x80006c0c (0x03fe63b3) x 7 0x00100029
core   0: 0x80006c10 (0x038867b3) rem     a5, a6, s8
core   0: 3 0x80006c10 (0x038867b3) x15 0xed49c35c
core   0: 0x80006c14 (0x030b6eb3) rem     t4, s6, a6
core   0: 3 0x80006c14 (0x030b6eb3) x29 0x00000001
core   0: 0x80006c18 (0xa5f7b597) auipc   a1, 0xa5f7b
core   0: 3 0x80006c18 (0xa5f7b597) x11 0x25f81c18
core   0: 0x80006c1c (0x02fd3bb3) mulhu   s7, s10, a5
core   0: 3 0x80006c1c (0x02fd3bb3) x23 0x2411e172
core   0: 0x80006c20 (0x400e5f93) srai    t6, t3, 0
core   0: 3 0x80006c20 (0x400e5f93) x31 0x00100029
core   0: 0x80006c24 (0x00000013) nop
core   0: 3 0x80006c24 (0x00000013)
core   0: 0x80006c28 (0x41958cb3) sub     s9, a1, s9
core   0: 3 0x80006c28 (0x41958cb3) x25 0x25f81c18
core   0: 0x80006c2c (0x8a5e2893) slti    a7, t3, -1883
core   0: 3 0x80006c2c (0x8a5e2893) x17 0x00000000
core   0: 0x80006c30 (0x0256bfb3) mulhu   t6, a3, t0
core   0: 3 0x80006c30 (0x0256bfb3) x31 0x00000000
core   0: 0x80006c34 (0x001c1d13) slli    s10, s8, 1
core   0: 3 0x80006c34 (0x001c1d13) x26 0x6d4874f8
core   0: 0x80006c38 (0x01f10d33) add     s10, sp, t6
core   0: 3 0x80006c38 (0x01f10d33) x26 0x00000000
core   0: 0x80006c3c (0xccf51697) auipc   a3, 0xccf51
core   0: 3 0x80006c3c (0xccf51697) x13 0x4cf57c3c
core   0: 0x80006c40 (0x027804b3) mul     s1, a6, t2
core   0: 3 0x80006c40 (0x027804b3) x 9 0x66758e04
core   0: 0x80006c44 (0x0118dab3) srl     s5, a7, a7
core   0: 3 0x80006c44 (0x0118dab3) x21 0x00000000
core   0: 0x80006c48 (0x5f953c13) sltiu   s8, a0, 1529
core   0: 3 0x80006c48 (0x5f953c13) x24 0x00000000
core   0: 0x80006c4c (0x00000013) nop
core   0: 3 0x80006c4c (0x00000013)
core   0: 0x80006c50 (0x03acbab3) mulhu   s5, s9, s10
core   0: 3 0x80006c50 (0x03acbab3) x21 0x00000000
core   0: 0x80006c54 (0x03c55d33) divu    s10, a0, t3
core   0: 3 0x80006c54 (0x03c55d33) x26 0x000007ff
core   0: 0x80006c58 (0x017d8bb3) add     s7, s11, s7
core   0: 3 0x80006c58 (0x017d8bb3) x23 0xa4136e56
core   0: 0x80006c5c (0x031601b3) mul     gp, a2, a7
core   0: 3 0x80006c5c (0x031601b3) x 3 0x00000000
core   0: 0x80006c60 (0x043be537) lui     a0, 0x43be
core   0: 3 0x80006c60 (0x043be537) x10 0x043be000
core   0: 0x80006c64 (0x40bbd333) sra     t1, s7, a1
core   0: 3 0x80006c64 (0x40bbd333) x 6 0xffffffa4
core   0: 0x80006c68 (0x03a2c933) div     s2, t0, s10
core   0: 3 0x80006c68 (0x03a2c933) x18 0xfffac5a3
core   0: 0x80006c6c (0x0078ea33) or      s4, a7, t2
core   0: 3 0x80006c6c (0x0078ea33) x20 0x00100029
core   0: 0x80006c70 (0xd5120913) addi    s2, tp, -687
core   0: 3 0x80006c70 (0xd5120913) x18 0xd915f5ed
core   0: 0x80006c74 (0x40be5593) srai    a1, t3, 11
core   0: 3 0x80006c74 (0x40be5593) x11 0x00000200
core   0: 0x80006c78 (0x89c3c137) lui     sp, 0x89c3c
core   0: 3 0x80006c78 (0x89c3c137) x 2 0x89c3c000
core   0: 0x80006c7c (0x000386b3) add     a3, t2, zero
core   0: 3 0x80006c7c (0x000386b3) x13 0x00100029
core   0: 0x80006c80 (0x011cc133) xor     sp, s9, a7
core   0: 3 0x80006c80 (0x011cc133) x 2 0x25f81c18
core   0: 0x80006c84 (0x013185b3) add     a1, gp, s3
core   0: 3 0x80006c84 (0x013185b3) x11 0x0000000b
core   0: 0x80006c88 (0x0120d293) srli    t0, ra, 18
core   0: 3 0x80006c88 (0x0120d293) x 5 0x00000000
core   0: 0x80006c8c (0x00b160b3) or      ra, sp, a1
core   0: 3 0x80006c8c (0x00b160b3) x 1 0x25f81c1b
core   0: 0x80006c90 (0x014c9013) slli    zero, s9, 20
core   0: 3 0x80006c90 (0x014c9013)
core   0: 0x80006c94 (0x004ed293) srli    t0, t4, 4
core   0: 3 0x80006c94 (0x004ed293) x 5 0x00000000
core   0: 0x80006c98 (0x00086433) or      s0, a6, zero
core   0: 3 0x80006c98 (0x00086433) x 8 0x80014e64
core   0: 0x80006c9c (0x023b3633) mulhu   a2, s6, gp
core   0: 3 0x80006c9c (0x023b3633) x12 0x00000000
core   0: 0x80006ca0 (0x00e3ec33) or      s8, t2, a4
core   0: 3 0x80006ca0 (0x00e3ec33) x24 0xffffffff
core   0: 0x80006ca4 (0x00ac5b13) srli    s6, s8, 10
core   0: 3 0x80006ca4 (0x00ac5b13) x22 0x003fffff
core   0: 0x80006ca8 (0x006476b3) and     a3, s0, t1
core   0: 3 0x80006ca8 (0x006476b3) x13 0x80014e24
core   0: 0x80006cac (0x01ead313) srli    t1, s5, 30
core   0: 3 0x80006cac (0x01ead313) x 6 0x00000000
core   0: 0x80006cb0 (0x0a898d13) addi    s10, s3, 168
core   0: 3 0x80006cb0 (0x0a898d13) x26 0x000000b3
core   0: 0x80006cb4 (0x405e8bb3) sub     s7, t4, t0
core   0: 3 0x80006cb4 (0x405e8bb3) x23 0x00000001
core   0: 0x80006cb8 (0x00f23133) sltu    sp, tp, a5
core   0: 3 0x80006cb8 (0x00f23133) x 2 0x00000001
core   0: 0x80006cbc (0x028078b3) remu    a7, zero, s0
core   0: 3 0x80006cbc (0x028078b3) x17 0x00000000
core   0: 0x80006cc0 (0x7702de17) auipc   t3, 0x7702d
core   0: 3 0x80006cc0 (0x7702de17) x28 0xf7033cc0
core   0: 0x80006cc4 (0x40250fb3) sub     t6, a0, sp
core   0: 3 0x80006cc4 (0x40250fb3) x31 0x043bdfff
core   0: 0x80006cc8 (0x01d58bb3) add     s7, a1, t4
core   0: 3 0x80006cc8 (0x01d58bb3) x23 0x0000000c
core   0: 0x80006ccc (0xa357b617) auipc   a2, 0xa357b
core   0: 3 0x80006ccc (0xa357b617) x12 0x23581ccc
core   0: 0x80006cd0 (0xf99d3893) sltiu   a7, s10, -103
core   0: 3 0x80006cd0 (0xf99d3893) x17 0x00000001
core   0: 0x80006cd4 (0x40bed713) srai    a4, t4, 11
core   0: 3 0x80006cd4 (0x40bed713) x14 0x00000000
core   0: 0x80006cd8 (0x017b9fb3) sll     t6, s7, s7
core   0: 3 0x80006cd8 (0x017b9fb3) x31 0x0000c000
core   0: 0x80006cdc (0x01e327b3) slt     a5, t1, t5
core   0: 3 0x80006cdc (0x01e327b3) x15 0x00000000
core   0: 0x80006ce0 (0x4163dcb3) sra     s9, t2, s6
core   0: 3 0x80006ce0 (0x4163dcb3) x25 0x00000000
core   0: 0x80006ce4 (0x001f9c13) slli    s8, t6, 1
core   0: 3 0x80006ce4 (0x001f9c13) x24 0x00018000
core   0: 0x80006ce8 (0x0223afb3) mulhsu  t6, t2, sp
core   0: 3 0x80006ce8 (0x0223afb3) x31 0x00000000
core   0: 0x80006cec (0x020958b3) divu    a7, s2, zero
core   0: 3 0x80006cec (0x020958b3) x17 0xffffffff
core   0: 0x80006cf0 (0x00c5e1b3) or      gp, a1, a2
core   0: 3 0x80006cf0 (0x00c5e1b3) x 3 0x23581ccf
core   0: 0x80006cf4 (0x01cb4533) xor     a0, s6, t3
core   0: 3 0x80006cf4 (0x01cb4533) x10 0xf73cc33f
core   0: 0x80006cf8 (0x01b202b3) add     t0, tp, s11
core   0: 3 0x80006cf8 (0x01b202b3) x 5 0x59178580
core   0: 0x80006cfc (0x41068c33) sub     s8, a3, a6
core   0: 3 0x80006cfc (0x41068c33) x24 0xffffffc0
core   0: 0x80006d00 (0x02de5e33) divu    t3, t3, a3
core   0: 3 0x80006d00 (0x02de5e33) x28 0x00000001
core   0: 0x80006d04 (0x0153b1b3) sltu    gp, t2, s5
core   0: 3 0x80006d04 (0x0153b1b3) x 3 0x00000000
core   0: 0x80006d08 (0x012003b3) add     t2, zero, s2
core   0: 3 0x80006d08 (0x012003b3) x 7 0xd915f5ed
core   0: 0x80006d0c (0x85b4ac17) auipc   s8, 0x85b4a
core   0: 3 0x80006d0c (0x85b4ac17) x24 0x05b50d0c
core   0: 0x80006d10 (0x00e94633) xor     a2, s2, a4
core   0: 3 0x80006d10 (0x00e94633) x12 0xd915f5ed
core   0: 0x80006d14 (0x038b2cb3) mulhsu  s9, s6, s8
core   0: 3 0x80006d14 (0x038b2cb3) x25 0x00016d43
core   0: 0x80006d18 (0x03d58bb3) mul     s7, a1, t4
core   0: 3 0x80006d18 (0x03d58bb3) x23 0x0000000b
core   0: 0x80006d1c (0x00000013) nop
core   0: 3 0x80006d1c (0x00000013)
core   0: 0x80006d20 (0x0031dc93) srli    s9, gp, 3
core   0: 3 0x80006d20 (0x0031dc93) x25 0x00000000
core   0: 0x80006d24 (0x017837b3) sltu    a5, a6, s7
core   0: 3 0x80006d24 (0x017837b3) x15 0x00000000
core   0: 0x80006d28 (0x4c912fb7) lui     t6, 0x4c912
core   0: 3 0x80006d28 (0x4c912fb7) x31 0x4c912000
core   0: 0x80006d2c (0x00eda2b3) slt     t0, s11, a4
core   0: 3 0x80006d2c (0x00eda2b3) x 5 0x00000001
core   0: 0x80006d30 (0x0185b433) sltu    s0, a1, s8
core   0: 3 0x80006d30 (0x0185b433) x 8 0x00000001
core   0: 0x80006d34 (0x5a0cee97) auipc   t4, 0x5a0ce
core   0: 3 0x80006d34 (0x5a0cee97) x29 0xda0d4d34
core   0: 0x80006d38 (0xa516d297) auipc   t0, 0xa516d
core   0: 3 0x80006d38 (0xa516d297) x 5 0x25173d38
core   0: 0x80006d3c (0x4d766f93) ori     t6, a2, 1239
core   0: 3 0x80006d3c (0x4d766f93) x31 0xd915f5ff
core   0: 0x80006d40 (0x00000013) nop
core   0: 3 0x80006d40 (0x00000013)
core   0: 0x80006d44 (0x403a84b3) sub     s1, s5, gp
core   0: 3 0x80006d44 (0x403a84b3) x 9 0x00000000
core   0: 0x80006d48 (0x3b0d0013) addi    zero, s10, 944
core   0: 3 0x80006d48 (0x3b0d0013)
core   0: 0x80006d4c (0x00acd933) srl     s2, s9, a0
core   0: 3 0x80006d4c (0x00acd933) x18 0x00000000
core   0: 0x80006d50 (0x016bf333) and     t1, s7, s6
core   0: 3 0x80006d50 (0x016bf333) x 6 0x0000000b
core   0: 0x80006d54 (0x00ade433) or      s0, s11, a0
core   0: 3 0x80006d54 (0x00ade433) x 8 0xf73dcfff
core   0: 0x80006d58 (0x3e1b4413) xori    s0, s6, 993
core   0: 3 0x80006d58 (0x3e1b4413) x 8 0x003ffc1e
core   0: 0x80006d5c (0x03ad2c33) mulhsu  s8, s10, s10
core   0: 3 0x80006d5c (0x03ad2c33) x24 0x00000000
core   0: 0x80006d60 (0xa4db8313) addi    t1, s7, -1459
core   0: 3 0x80006d60 (0xa4db8313) x 6 0xfffffa58
core   0: 0x80006d64 (0xa1c73c13) sltiu   s8, a4, -1508
core   0: 3 0x80006d64 (0xa1c73c13) x24 0x00000001
core   0: 0x80006d68 (0x46e8c793) xori    a5, a7, 1134
core   0: 3 0x80006d68 (0x46e8c793) x15 0xfffffb91
core   0: 0x80006d6c (0x2551fc93) andi    s9, gp, 597
core   0: 3 0x80006d6c (0x2551fc93) x25 0x00000000
core   0: 0x80006d70 (0x009b83b3) add     t2, s7, s1
core   0: 3 0x80006d70 (0x009b83b3) x 7 0x0000000b
core   0: 0x80006d74 (0x032c06b3) mul     a3, s8, s2
core   0: 3 0x80006d74 (0x032c06b3) x13 0x00000000
core   0: 0x80006d78 (0x031b8f33) mul     t5, s7, a7
core   0: 3 0x80006d78 (0x031b8f33) x30 0xfffffff5
core   0: 0x80006d7c (0x00631b13) slli    s6, t1, 6
core   0: 3 0x80006d7c (0x00631b13) x22 0xfffe9600
core   0: 0x80006d80 (0x567afb93) andi    s7, s5, 1383
core   0: 3 0x80006d80 (0x567afb93) x23 0x00000000
core   0: 0x80006d84 (0x4025d5b3) sra     a1, a1, sp
core   0: 3 0x80006d84 (0x4025d5b3) x11 0x00000005
core   0: 0x80006d88 (0x03ec6933) rem     s2, s8, t5
core   0: 3 0x80006d88 (0x03ec6933) x18 0x00000001
core   0: 0x80006d8c (0x6e2dee93) ori     t4, s11, 1762
core   0: 3 0x80006d8c (0x6e2dee93) x29 0x80018ee6
core   0: 0x80006d90 (0xe926c413) xori    s0, a3, -366
core   0: 3 0x80006d90 (0xe926c413) x 8 0xfffffe92
core   0: 0x80006d94 (0x7ba46593) ori     a1, s0, 1978
core   0: 3 0x80006d94 (0x7ba46593) x11 0xffffffba
core   0: 0x80006d98 (0x407bd0b3) sra     ra, s7, t2
core   0: 3 0x80006d98 (0x407bd0b3) x 1 0x00000000
core   0: 0x80006d9c (0x03f9fbb3) remu    s7, s3, t6
core   0: 3 0x80006d9c (0x03f9fbb3) x23 0x0000000b
core   0: 0x80006da0 (0xab957613) andi    a2, a0, -1351
core   0: 3 0x80006da0 (0xab957613) x12 0xf73cc239
core   0: 0x80006da4 (0xf9faf493) andi    s1, s5, -97
core   0: 3 0x80006da4 (0xf9faf493) x 9 0x00000000
core   0: 0x80006da8 (0x6a11e913) ori     s2, gp, 1697
core   0: 3 0x80006da8 (0x6a11e913) x18 0x000006a1
core   0: 0x80006dac (0x296c10b7) lui     ra, 0x296c1
core   0: 3 0x80006dac (0x296c10b7) x 1 0x296c1000
core   0: 0x80006db0 (0x4e794213) xori    tp, s2, 1255
core   0: 3 0x80006db0 (0x4e794213) x 4 0x00000246
core   0: 0x80006db4 (0x00843a33) sltu    s4, s0, s0
core   0: 3 0x80006db4 (0x00843a33) x20 0x00000000
core   0: 0x80006db8 (0x412d0ab3) sub     s5, s10, s2
core   0: 3 0x80006db8 (0x412d0ab3) x21 0xfffffa12
core   0: 0x80006dbc (0x36bd2593) slti    a1, s10, 875
core   0: 3 0x80006dbc (0x36bd2593) x11 0x00000001
core   0: 0x80006dc0 (0x6bfc8093) addi    ra, s9, 1727
core   0: 3 0x80006dc0 (0x6bfc8093) x 1 0x000006bf
core   0: 0x80006dc4 (0x383b7793) andi    a5, s6, 899
core   0: 3 0x80006dc4 (0x383b7793) x15 0x00000200
core   0: 0x80006dc8 (0x01dd3633) sltu    a2, s10, t4
core   0: 3 0x80006dc8 (0x01dd3633) x12 0x00000001
core   0: 0x80006dcc (0x03c6d433) divu    s0, a3, t3
core   0: 3 0x80006dcc (0x03c6d433) x 8 0x00000000
core   0: 0x80006dd0 (0x40765633) sra     a2, a2, t2
core   0: 3 0x80006dd0 (0x40765633) x12 0x00000000
core   0: 0x80006dd4 (0x0349e233) rem     tp, s3, s4
core   0: 3 0x80006dd4 (0x0349e233) x 4 0x0000000b
core   0: 0x80006dd8 (0x00d5c4b3) xor     s1, a1, a3
core   0: 3 0x80006dd8 (0x00d5c4b3) x 9 0x00000001
core   0: 0x80006ddc (0x00000013) nop
core   0: 3 0x80006ddc (0x00000013)
core   0: 0x80006de0 (0x010f92b3) sll     t0, t6, a6
core   0: 3 0x80006de0 (0x010f92b3) x 5 0x915f5ff0
core   0: 0x80006de4 (0x0241c8b3) div     a7, gp, tp
core   0: 3 0x80006de4 (0x0241c8b3) x17 0x00000000
core   0: 0x80006de8 (0xb9a7e413) ori     s0, a5, -1126
core   0: 3 0x80006de8 (0xb9a7e413) x 8 0xfffffb9a
core   0: 0x80006dec (0x0064e2b3) or      t0, s1, t1
core   0: 3 0x80006dec (0x0064e2b3) x 5 0xfffffa59
core   0: 0x80006df0 (0x00bb1a33) sll     s4, s6, a1
core   0: 3 0x80006df0 (0x00bb1a33) x20 0xfffd2c00
core   0: 0x80006df4 (0x02ea3f33) mulhu   t5, s4, a4
core   0: 3 0x80006df4 (0x02ea3f33) x30 0x00000000
core   0: 0x80006df8 (0xc8164d13) xori    s10, a2, -895
core   0: 3 0x80006df8 (0xc8164d13) x26 0xfffffc81
core   0: 0x80006dfc (0x01bc70b3) and     ra, s8, s11
core   0: 3 0x80006dfc (0x01bc70b3) x 1 0x00000000
core   0: 0x80006e00 (0x8c1a7e93) andi    t4, s4, -1855
core   0: 3 0x80006e00 (0x8c1a7e93) x29 0xfffd2800
core   0: 0x80006e04 (0x00c7f733) and     a4, a5, a2
core   0: 3 0x80006e04 (0x00c7f733) x14 0x00000000
core   0: 0x80006e08 (0x4cb36f13) ori     t5, t1, 1227
core   0: 3 0x80006e08 (0x4cb36f13) x30 0xfffffedb
core   0: 0x80006e0c (0x53bab893) sltiu   a7, s5, 1339
core   0: 3 0x80006e0c (0x53bab893) x17 0x00000000
core   0: 0x80006e10 (0x41be53b3) sra     t2, t3, s11
core   0: 3 0x80006e10 (0x41be53b3) x 7 0x00000000
core   0: 0x80006e14 (0x0116d513) srli    a0, a3, 17
core   0: 3 0x80006e14 (0x0116d513) x10 0x00000000
core   0: 0x80006e18 (0x012615b3) sll     a1, a2, s2
core   0: 3 0x80006e18 (0x012615b3) x11 0x00000000
core   0: 0x80006e1c (0x015c9193) slli    gp, s9, 21
core   0: 3 0x80006e1c (0x015c9193) x 3 0x00000000
core   0: 0x80006e20 (0xc8707913) andi    s2, zero, -889
core   0: 3 0x80006e20 (0xc8707913) x18 0x00000000
core   0: 0x80006e24 (0x02bbc433) div     s0, s7, a1
core   0: 3 0x80006e24 (0x02bbc433) x 8 0xffffffff
core   0: 0x80006e28 (0x00a5fab3) and     s5, a1, a0
core   0: 3 0x80006e28 (0x00a5fab3) x21 0x00000000
core   0: 0x80006e2c (0xe2747893) andi    a7, s0, -473
core   0: 3 0x80006e2c (0xe2747893) x17 0xfffffe27
core   0: 0x80006e30 (0x02065733) divu    a4, a2, zero
core   0: 3 0x80006e30 (0x02065733) x14 0xffffffff
core   0: 0x80006e34 (0x3c737493) andi    s1, t1, 967
core   0: 3 0x80006e34 (0x3c737493) x 9 0x00000240
core   0: 0x80006e38 (0xf945ef13) ori     t5, a1, -108
core   0: 3 0x80006e38 (0xf945ef13) x30 0xffffff94
core   0: 0x80006e3c (0x00d2d793) srli    a5, t0, 13
core   0: 3 0x80006e3c (0x00d2d793) x15 0x0007ffff
core   0: 0x80006e40 (0xe419bf13) sltiu   t5, s3, -447
core   0: 3 0x80006e40 (0xe419bf13) x30 0x00000001
core   0: 0x80006e44 (0x005ad8b3) srl     a7, s5, t0
core   0: 3 0x80006e44 (0x005ad8b3) x17 0x00000000
core   0: 0x80006e48 (0x01c5df33) srl     t5, a1, t3
core   0: 3 0x80006e48 (0x01c5df33) x30 0x00000000
core   0: 0x80006e4c (0x00acf8b3) and     a7, s9, a0
core   0: 3 0x80006e4c (0x00acf8b3) x17 0x00000000
core   0: 0x80006e50 (0x03f42cb3) mulhsu  s9, s0, t6
core   0: 3 0x80006e50 (0x03f42cb3) x25 0xffffffff
core   0: 0x80006e54 (0x02b57d33) remu    s10, a0, a1
core   0: 3 0x80006e54 (0x02b57d33) x26 0x00000000
core   0: 0x80006e58 (0x003b9bb3) sll     s7, s7, gp
core   0: 3 0x80006e58 (0x003b9bb3) x23 0x0000000b
core   0: 0x80006e5c (0x00a89a33) sll     s4, a7, a0
core   0: 3 0x80006e5c (0x00a89a33) x20 0x00000000
core   0: 0x80006e60 (0x00000013) nop
core   0: 3 0x80006e60 (0x00000013)
core   0: 0x80006e64 (0x1ea0c3b7) lui     t2, 0x1ea0c
core   0: 3 0x80006e64 (0x1ea0c3b7) x 7 0x1ea0c000
core   0: 0x80006e68 (0x00000013) nop
core   0: 3 0x80006e68 (0x00000013)
core   0: 0x80006e6c (0x0205e1b3) rem     gp, a1, zero
core   0: 3 0x80006e6c (0x0205e1b3) x 3 0x00000000
core   0: 0x80006e70 (0x014e60b3) or      ra, t3, s4
core   0: 3 0x80006e70 (0x014e60b3) x 1 0x00000001
core   0: 0x80006e74 (0x02439133) mulh    sp, t2, tp
core   0: 3 0x80006e74 (0x02439133) x 2 0x00000001
core   0: 0x80006e78 (0x022d3733) mulhu   a4, s10, sp
core   0: 3 0x80006e78 (0x022d3733) x14 0x00000000
core   0: 0x80006e7c (0x85477913) andi    s2, a4, -1964
core   0: 3 0x80006e7c (0x85477913) x18 0x00000000
core   0: 0x80006e80 (0x02102133) mulhsu  sp, zero, ra
core   0: 3 0x80006e80 (0x02102133) x 2 0x00000000
core   0: 0x80006e84 (0x0032bd33) sltu    s10, t0, gp
core   0: 3 0x80006e84 (0x0032bd33) x26 0x00000000
core   0: 0x80006e88 (0xcbb5af13) slti    t5, a1, -837
core   0: 3 0x80006e88 (0xcbb5af13) x30 0x00000000
core   0: 0x80006e8c (0x02f30e93) addi    t4, t1, 47
core   0: 3 0x80006e8c (0x02f30e93) x29 0xfffffa87
core   0: 0x80006e90 (0x03842433) mulhsu  s0, s0, s8
core   0: 3 0x80006e90 (0x03842433) x 8 0xffffffff
core   0: 0x80006e94 (0x00495fb3) srl     t6, s2, tp
core   0: 3 0x80006e94 (0x00495fb3) x31 0x00000000
core   0: 0x80006e98 (0x400a5093) srai    ra, s4, 0
core   0: 3 0x80006e98 (0x400a5093) x 1 0x00000000
core   0: 0x80006e9c (0x009258b3) srl     a7, tp, s1
core   0: 3 0x80006e9c (0x009258b3) x17 0x0000000b
core   0: 0x80006ea0 (0x01899093) slli    ra, s3, 24
core   0: 3 0x80006ea0 (0x01899093) x 1 0x0b000000
core   0: 0x80006ea4 (0xb33e8293) addi    t0, t4, -1229
core   0: 3 0x80006ea4 (0xb33e8293) x 5 0xfffff5ba
core   0: 0x80006ea8 (0x41185493) srai    s1, a6, 17
core   0: 3 0x80006ea8 (0x41185493) x 9 0xffffc000
core   0: 0x80006eac (0x013e47b3) xor     a5, t3, s3
core   0: 3 0x80006eac (0x013e47b3) x15 0x0000000a
core   0: 0x80006eb0 (0x00529cb3) sll     s9, t0, t0
core   0: 3 0x80006eb0 (0x00529cb3) x25 0xe8000000
core   0: 0x80006eb4 (0x02247fb3) remu    t6, s0, sp
core   0: 3 0x80006eb4 (0x02247fb3) x31 0xffffffff
core   0: 0x80006eb8 (0x13ef0013) addi    zero, t5, 318
core   0: 3 0x80006eb8 (0x13ef0013)
core   0: 0x80006ebc (0x0107e6b3) or      a3, a5, a6
core   0: 3 0x80006ebc (0x0107e6b3) x13 0x80014e6e
core   0: 0x80006ec0 (0x6709fd13) andi    s10, s3, 1648
core   0: 3 0x80006ec0 (0x6709fd13) x26 0x00000000
core   0: 0x80006ec4 (0x0356ae33) mulhsu  t3, a3, s5
core   0: 3 0x80006ec4 (0x0356ae33) x28 0x00000000
core   0: 0x80006ec8 (0x00b7da33) srl     s4, a5, a1
core   0: 3 0x80006ec8 (0x00b7da33) x20 0x0000000a
core   0: 0x80006ecc (0x410a5e93) srai    t4, s4, 16
core   0: 3 0x80006ecc (0x410a5e93) x29 0x00000000
core   0: 0x80006ed0 (0x01589ab3) sll     s5, a7, s5
core   0: 3 0x80006ed0 (0x01589ab3) x21 0x0000000b
core   0: 0x80006ed4 (0x0256d533) divu    a0, a3, t0
core   0: 3 0x80006ed4 (0x0256d533) x10 0x00000000
core   0: 0x80006ed8 (0x41aad233) sra     tp, s5, s10
core   0: 3 0x80006ed8 (0x41aad233) x 4 0x0000000b
core   0: 0x80006edc (0x402c5893) srai    a7, s8, 2
core   0: 3 0x80006edc (0x402c5893) x17 0x00000000
core   0: 0x80006ee0 (0x876cc313) xori    t1, s9, -1930
core   0: 3 0x80006ee0 (0x876cc313) x 6 0x17fff876
core   0: 0x80006ee4 (0x0020f933) and     s2, ra, sp
core   0: 3 0x80006ee4 (0x0020f933) x18 0x00000000
core   0: 0x80006ee8 (0x03501733) mulh    a4, zero, s5
core   0: 3 0x80006ee8 (0x03501733) x14 0x00000000
core   0: 0x80006eec (0x00639737) lui     a4, 0x639
core   0: 3 0x80006eec (0x00639737) x14 0x00639000
core   0: 0x80006ef0 (0xbe5236b7) lui     a3, 0xbe523
core   0: 3 0x80006ef0 (0xbe5236b7) x13 0xbe523000
core   0: 0x80006ef4 (0x02b1c033) div     zero, gp, a1
core   0: 3 0x80006ef4 (0x02b1c033)
core   0: 0x80006ef8 (0xdb1f6f13) ori     t5, t5, -591
core   0: 3 0x80006ef8 (0xdb1f6f13) x30 0xfffffdb1
core   0: 0x80006efc (0x01f50033) add     zero, a0, t6
core   0: 3 0x80006efc (0x01f50033)
core   0: 0x80006f00 (0x024496b3) mulh    a3, s1, tp
core   0: 3 0x80006f00 (0x024496b3) x13 0xffffffff
core   0: 0x80006f04 (0xfa4bfb93) andi    s7, s7, -92
core   0: 3 0x80006f04 (0xfa4bfb93) x23 0x00000000
core   0: 0x80006f08 (0x40075f13) srai    t5, a4, 0
core   0: 3 0x80006f08 (0x40075f13) x30 0x00639000
core   0: 0x80006f0c (0x01b6de13) srli    t3, a3, 27
core   0: 3 0x80006f0c (0x01b6de13) x28 0x0000001f
core   0: 0x80006f10 (0x03285933) divu    s2, a6, s2
core   0: 3 0x80006f10 (0x03285933) x18 0xffffffff
core   0: 0x80006f14 (0x406952b3) sra     t0, s2, t1
core   0: 3 0x80006f14 (0x406952b3) x 5 0xffffffff
core   0: 0x80006f18 (0xc7ee7893) andi    a7, t3, -898
core   0: 3 0x80006f18 (0xc7ee7893) x17 0x0000001e
core   0: 0x80006f1c (0x0197cbb3) xor     s7, a5, s9
core   0: 3 0x80006f1c (0x0197cbb3) x23 0xe800000a
core   0: 0x80006f20 (0x40eb0a33) sub     s4, s6, a4
core   0: 3 0x80006f20 (0x40eb0a33) x20 0xff9b0600
core   0: 0x80006f24 (0x02eb9eb3) mulh    t4, s7, a4
core   0: 3 0x80006f24 (0x02eb9eb3) x29 0xfff6aa80
core   0: 0x80006f28 (0x41e0d293) srai    t0, ra, 30
core   0: 3 0x80006f28 (0x41e0d293) x 5 0x00000000
core   0: 0x80006f2c (0x01a168b3) or      a7, sp, s10
core   0: 3 0x80006f2c (0x01a168b3) x17 0x00000000
core   0: 0x80006f30 (0x00a61e13) slli    t3, a2, 10
core   0: 3 0x80006f30 (0x00a61e13) x28 0x00000000
core   0: 0x80006f34 (0xaae16293) ori     t0, sp, -1362
core   0: 3 0x80006f34 (0xaae16293) x 5 0xfffffaae
core   0: 0x80006f38 (0xf06c6217) auipc   tp, 0xf06c6
core   0: 3 0x80006f38 (0xf06c6217) x 4 0x706ccf38
core   0: 0x80006f3c (0x409edf33) sra     t5, t4, s1
core   0: 3 0x80006f3c (0x409edf33) x30 0xfff6aa80
core   0: 0x80006f40 (0xd1814413) xori    s0, sp, -744
core   0: 3 0x80006f40 (0xd1814413) x 8 0xfffffd18
core   0: 0x80006f44 (0x010fc0b3) xor     ra, t6, a6
core   0: 3 0x80006f44 (0x010fc0b3) x 1 0x7ffeb19b
core   0: 0x80006f48 (0x0079b733) sltu    a4, s3, t2
core   0: 3 0x80006f48 (0x0079b733) x14 0x00000001
core   0: 0x80006f4c (0x0066d6b3) srl     a3, a3, t1
core   0: 3 0x80006f4c (0x0066d6b3) x13 0x000003ff
core   0: 0x80006f50 (0x006fd733) srl     a4, t6, t1
core   0: 3 0x80006f50 (0x006fd733) x14 0x000003ff
core   0: 0x80006f54 (0x0251c533) div     a0, gp, t0
core   0: 3 0x80006f54 (0x0251c533) x10 0x00000000
core   0: 0x80006f58 (0x03e986b3) mul     a3, s3, t5
core   0: 3 0x80006f58 (0x03e986b3) x13 0xff995380
core   0: 0x80006f5c (0x00a2e233) or      tp, t0, a0
core   0: 3 0x80006f5c (0x00a2e233) x 4 0xfffffaae
core   0: 0x80006f60 (0x0255f8b3) remu    a7, a1, t0
core   0: 3 0x80006f60 (0x0255f8b3) x17 0x00000000
core   0: 0x80006f64 (0x01811f33) sll     t5, sp, s8
core   0: 3 0x80006f64 (0x01811f33) x30 0x00000000
core   0: 0x80006f68 (0xe83d3593) sltiu   a1, s10, -381
core   0: 3 0x80006f68 (0xe83d3593) x11 0x00000001
core   0: 0x80006f6c (0x40ccd593) srai    a1, s9, 12
core   0: 3 0x80006f6c (0x40ccd593) x11 0xfffe8000
core   0: 0x80006f70 (0x02559e33) mulh    t3, a1, t0
core   0: 3 0x80006f70 (0x02559e33) x28 0x00000000
core   0: 0x80006f74 (0x010f5013) srli    zero, t5, 16
core   0: 3 0x80006f74 (0x010f5013)
core   0: 0x80006f78 (0x027914b3) mulh    s1, s2, t2
core   0: 3 0x80006f78 (0x027914b3) x 9 0xffffffff
core   0: 0x80006f7c (0x03306233) rem     tp, zero, s3
core   0: 3 0x80006f7c (0x03306233) x 4 0x00000000
core   0: 0x80006f80 (0x02a354b3) divu    s1, t1, a0
core   0: 3 0x80006f80 (0x02a354b3) x 9 0xffffffff
core   0: 0x80006f84 (0x03ad5733) divu    a4, s10, s10
core   0: 3 0x80006f84 (0x03ad5733) x14 0xffffffff
core   0: 0x80006f88 (0x00cf6fb3) or      t6, t5, a2
core   0: 3 0x80006f88 (0x00cf6fb3) x31 0x00000000
core   0: 0x80006f8c (0x00508b33) add     s6, ra, t0
core   0: 3 0x80006f8c (0x00508b33) x22 0x7ffeac49
core   0: 0x80006f90 (0x011b1c33) sll     s8, s6, a7
core   0: 3 0x80006f90 (0x011b1c33) x24 0x7ffeac49
core   0: 0x80006f94 (0x02c5fab3) remu    s5, a1, a2
core   0: 3 0x80006f94 (0x02c5fab3) x21 0xfffe8000
core   0: 0x80006f98 (0x4f60c193) xori    gp, ra, 1270
core   0: 3 0x80006f98 (0x4f60c193) x 3 0x7ffeb56d
core   0: 0x80006f9c (0xbfd07a93) andi    s5, zero, -1027
core   0: 3 0x80006f9c (0xbfd07a93) x21 0x00000000
core   0: 0x80006fa0 (0xd22b4a13) xori    s4, s6, -734
core   0: 3 0x80006fa0 (0xd22b4a13) x20 0x8001516b
core   0: 0x80006fa4 (0x40e504b3) sub     s1, a0, a4
core   0: 3 0x80006fa4 (0x40e504b3) x 9 0x00000001
core   0: 0x80006fa8 (0x03496cb3) rem     s9, s2, s4
core   0: 3 0x80006fa8 (0x03496cb3) x25 0xffffffff
core   0: 0x80006fac (0x03357c33) remu    s8, a0, s3
core   0: 3 0x80006fac (0x03357c33) x24 0x00000000
core   0: 0x80006fb0 (0x5b91eb37) lui     s6, 0x5b91e
core   0: 3 0x80006fb0 (0x5b91eb37) x22 0x5b91e000
core   0: 0x80006fb4 (0x22f4b313) sltiu   t1, s1, 559
core   0: 3 0x80006fb4 (0x22f4b313) x 6 0x00000001
core   0: 0x80006fb8 (0x73f6dc17) auipc   s8, 0x73f6d
core   0: 3 0x80006fb8 (0x73f6dc17) x24 0xf3f73fb8
core   0: 0x80006fbc (0x00ef46b3) xor     a3, t5, a4
core   0: 3 0x80006fbc (0x00ef46b3) x13 0xffffffff
core   0: 0x80006fc0 (0x418a5fb3) sra     t6, s4, s8
core   0: 3 0x80006fc0 (0x418a5fb3) x31 0xffffff80
core   0: 0x80006fc4 (0xb60be497) auipc   s1, 0xb60be
core   0: 3 0x80006fc4 (0xb60be497) x 9 0x360c4fc4
core   0: 0x80006fc8 (0x87dd0693) addi    a3, s10, -1923
core   0: 3 0x80006fc8 (0x87dd0693) x13 0xfffff87d
core   0: 0x80006fcc (0x01dec7b3) xor     a5, t4, t4
core   0: 3 0x80006fcc (0x01dec7b3) x15 0x00000000
core   0: 0x80006fd0 (0x00000013) nop
core   0: 3 0x80006fd0 (0x00000013)
core   0: 0x80006fd4 (0x0182bcb3) sltu    s9, t0, s8
core   0: 3 0x80006fd4 (0x0182bcb3) x25 0x00000000
core   0: 0x80006fd8 (0x01fb1593) slli    a1, s6, 31
core   0: 3 0x80006fd8 (0x01fb1593) x11 0x00000000
core   0: 0x80006fdc (0x25d9a713) slti    a4, s3, 605
core   0: 3 0x80006fdc (0x25d9a713) x14 0x00000001
core   0: 0x80006fe0 (0x8a3e2413) slti    s0, t3, -1885
core   0: 3 0x80006fe0 (0x8a3e2413) x 8 0x00000000
core   0: 0x80006fe4 (0x417b8bb3) sub     s7, s7, s7
core   0: 3 0x80006fe4 (0x417b8bb3) x23 0x00000000
core   0: 0x80006fe8 (0x0129e2b3) or      t0, s3, s2
core   0: 3 0x80006fe8 (0x0129e2b3) x 5 0xffffffff
core   0: 0x80006fec (0x010772b3) and     t0, a4, a6
core   0: 3 0x80006fec (0x010772b3) x 5 0x00000000
core   0: 0x80006ff0 (0x8ff57b93) andi    s7, a0, -1793
core   0: 3 0x80006ff0 (0x8ff57b93) x23 0x00000000
core   0: 0x80006ff4 (0x01581633) sll     a2, a6, s5
core   0: 3 0x80006ff4 (0x01581633) x12 0x80014e64
core   0: 0x80006ff8 (0xc46d8793) addi    a5, s11, -954
core   0: 3 0x80006ff8 (0xc46d8793) x15 0x8001892a
core   0: 0x80006ffc (0x015200b3) add     ra, tp, s5
core   0: 3 0x80006ffc (0x015200b3) x 1 0x00000000
core   0: 0x80007000 (0x6e0e6417) auipc   s0, 0x6e0e6
core   0: 3 0x80007000 (0x6e0e6417) x 8 0xee0ed000
core   0: 0x80007004 (0x001b3233) sltu    tp, s6, ra
core   0: 3 0x80007004 (0x001b3233) x 4 0x00000000
core   0: 0x80007008 (0xa5f48b13) addi    s6, s1, -1441
core   0: 3 0x80007008 (0xa5f48b13) x22 0x360c4a23
core   0: 0x8000700c (0x0142f933) and     s2, t0, s4
core   0: 3 0x8000700c (0x0142f933) x18 0x00000000
core   0: 0x80007010 (0x0349b633) mulhu   a2, s3, s4
core   0: 3 0x80007010 (0x0349b633) x12 0x00000005
core   0: 0x80007014 (0x02da3a33) mulhu   s4, s4, a3
core   0: 3 0x80007014 (0x02da3a33) x20 0x80014da9
core   0: 0x80007018 (0x01e885b3) add     a1, a7, t5
core   0: 3 0x80007018 (0x01e885b3) x11 0x00000000
core   0: 0x8000701c (0x01dae933) or      s2, s5, t4
core   0: 3 0x8000701c (0x01dae933) x18 0xfff6aa80
core   0: 0x80007020 (0x00ceec33) or      s8, t4, a2
core   0: 3 0x80007020 (0x00ceec33) x24 0xfff6aa85
core   0: 0x80007024 (0x006c7233) and     tp, s8, t1
core   0: 3 0x80007024 (0x006c7233) x 4 0x00000001
core   0: 0x80007028 (0x0324bcb3) mulhu   s9, s1, s2
core   0: 3 0x80007028 (0x0324bcb3) x25 0x360a5748
core   0: 0x8000702c (0x00000013) nop
core   0: 3 0x8000702c (0x00000013)
core   0: 0x80007030 (0x654e2313) slti    t1, t3, 1620
core   0: 3 0x80007030 (0x654e2313) x 6 0x00000001
core   0: 0x80007034 (0x40195713) srai    a4, s2, 1
core   0: 3 0x80007034 (0x40195713) x14 0xfffb5540
core   0: 0x80007038 (0x405dd533) sra     a0, s11, t0
core   0: 3 0x80007038 (0x405dd533) x10 0x80018ce4
core   0: 0x8000703c (0x015be233) or      tp, s7, s5
core   0: 3 0x8000703c (0x015be233) x 4 0x00000000
core   0: 0x80007040 (0x41bed193) srai    gp, t4, 27
core   0: 3 0x80007040 (0x41bed193) x 3 0xffffffff
core   0: 0x80007044 (0x5dca2e97) auipc   t4, 0x5dca2
core   0: 3 0x80007044 (0x5dca2e97) x29 0xddca9044
core   0: 0x80007048 (0x40b45a33) sra     s4, s0, a1
core   0: 3 0x80007048 (0x40b45a33) x20 0xee0ed000
core   0: 0x8000704c (0x021c04b3) mul     s1, s8, ra
core   0: 3 0x8000704c (0x021c04b3) x 9 0x00000000
core   0: 0x80007050 (0x00000013) nop
core   0: 3 0x80007050 (0x00000013)
core   0: 0x80007054 (0x017c68b3) or      a7, s8, s7
core   0: 3 0x80007054 (0x017c68b3) x17 0xfff6aa85
core   0: 0x80007058 (0x00a992b3) sll     t0, s3, a0
core   0: 3 0x80007058 (0x00a992b3) x 5 0x000000b0
core   0: 0x8000705c (0x8f73b293) sltiu   t0, t2, -1801
core   0: 3 0x8000705c (0x8f73b293) x 5 0x00000001
core   0: 0x80007060 (0x01f9a3b3) slt     t2, s3, t6
core   0: 3 0x80007060 (0x01f9a3b3) x 7 0x00000000
core   0: 0x80007064 (0x0364a333) mulhsu  t1, s1, s6
core   0: 3 0x80007064 (0x0364a333) x 6 0x00000000
core   0: 0x80007068 (0x00b18933) add     s2, gp, a1
core   0: 3 0x80007068 (0x00b18933) x18 0xffffffff
core   0: 0x8000706c (0x03f8e1b3) rem     gp, a7, t6
core   0: 3 0x8000706c (0x03f8e1b3) x 3 0xffffff85
core   0: 0x80007070 (0x135f6a93) ori     s5, t5, 309
core   0: 3 0x80007070 (0x135f6a93) x21 0x00000135
core   0: 0x80007074 (0x0167fbb3) and     s7, a5, s6
core   0: 3 0x80007074 (0x0167fbb3) x23 0x00000822
core   0: 0x80007078 (0x01339313) slli    t1, t2, 19
core   0: 3 0x80007078 (0x01339313) x 6 0x00000000
core   0: 0x8000707c (0x039c4933) div     s2, s8, s9
core   0: 3 0x8000707c (0x039c4933) x18 0x00000000
core   0: 0x80007080 (0x40690eb3) sub     t4, s2, t1
core   0: 3 0x80007080 (0x40690eb3) x29 0x00000000
core   0: 0x80007084 (0xbf994093) xori    ra, s2, -1031
core   0: 3 0x80007084 (0xbf994093) x 1 0xfffffbf9
core   0: 0x80007088 (0x40c6d133) sra     sp, a3, a2
core   0: 3 0x80007088 (0x40c6d133) x 2 0xffffffc3
core   0: 0x8000708c (0x41770533) sub     a0, a4, s7
core   0: 3 0x8000708c (0x41770533) x10 0xfffb4d1e
core   0: 0x80007090 (0x009f3a33) sltu    s4, t5, s1
core   0: 3 0x80007090 (0x009f3a33) x20 0x00000000
core   0: 0x80007094 (0x004e5233) srl     tp, t3, tp
core   0: 3 0x80007094 (0x004e5233) x 4 0x00000000
core   0: 0x80007098 (0x018d2933) slt     s2, s10, s8
core   0: 3 0x80007098 (0x018d2933) x18 0x00000000
core   0: 0x8000709c (0x65893213) sltiu   tp, s2, 1624
core   0: 3 0x8000709c (0x65893213) x 4 0x00000001
core   0: 0x800070a0 (0x0345ca33) div     s4, a1, s4
core   0: 3 0x800070a0 (0x0345ca33) x20 0xffffffff
core   0: 0x800070a4 (0x026ec633) div     a2, t4, t1
core   0: 3 0x800070a4 (0x026ec633) x12 0xffffffff
core   0: 0x800070a8 (0x00f1c433) xor     s0, gp, a5
core   0: 3 0x800070a8 (0x00f1c433) x 8 0x7ffe76af
core   0: 0x800070ac (0x03d788b3) mul     a7, a5, t4
core   0: 3 0x800070ac (0x03d788b3) x17 0x00000000
core   0: 0x800070b0 (0x03d78233) mul     tp, a5, t4
core   0: 3 0x800070b0 (0x03d78233) x 4 0x00000000
core   0: 0x800070b4 (0x404ad113) srai    sp, s5, 4
core   0: 3 0x800070b4 (0x404ad113) x 2 0x00000013
core   0: 0x800070b8 (0x03178ab3) mul     s5, a5, a7
core   0: 3 0x800070b8 (0x03178ab3) x21 0x00000000
core   0: 0x800070bc (0x27d2b013) sltiu   zero, t0, 637
core   0: 3 0x800070bc (0x27d2b013)
core   0: 0x800070c0 (0x01eb6a33) or      s4, s6, t5
core   0: 3 0x800070c0 (0x01eb6a33) x20 0x360c4a23
core   0: 0x800070c4 (0x412506b3) sub     a3, a0, s2
core   0: 3 0x800070c4 (0x412506b3) x13 0xfffb4d1e
core   0: 0x800070c8 (0x022033b3) mulhu   t2, zero, sp
core   0: 3 0x800070c8 (0x022033b3) x 7 0x00000000
core   0: 0x800070cc (0x402e03b3) sub     t2, t3, sp
core   0: 3 0x800070cc (0x402e03b3) x 7 0xffffffed
core   0: 0x800070d0 (0x00000013) nop
core   0: 3 0x800070d0 (0x00000013)
core   0: 0x800070d4 (0x03ca08b3) mul     a7, s4, t3
core   0: 3 0x800070d4 (0x03ca08b3) x17 0x00000000
core   0: 0x800070d8 (0xc9e44f13) xori    t5, s0, -866
core   0: 3 0x800070d8 (0xc9e44f13) x30 0x80018a31
core   0: 0x800070dc (0x02ac35b3) mulhu   a1, s8, a0
core   0: 3 0x800070dc (0x02ac35b3) x11 0xfff1f7ce
core   0: 0x800070e0 (0x02661ab3) mulh    s5, a2, t1
core   0: 3 0x800070e0 (0x02661ab3) x21 0x00000000
core   0: 0x800070e4 (0xebeb1017) auipc   zero, 0xebeb1
core   0: 3 0x800070e4 (0xebeb1017)
core   0: 0x800070e8 (0xafbd4d13) xori    s10, s10, -1285
core   0: 3 0x800070e8 (0xafbd4d13) x26 0xfffffafb
core   0: 0x800070ec (0x036f53b3) divu    t2, t5, s6
core   0: 3 0x800070ec (0x036f53b3) x 7 0x00000002
core   0: 0x800070f0 (0x41a9dc13) srai    s8, s3, 26
core   0: 3 0x800070f0 (0x41a9dc13) x24 0x00000000
core   0: 0x800070f4 (0xae3bc317) auipc   t1, 0xae3bc
core   0: 3 0x800070f4 (0xae3bc317) x 6 0x2e3c30f4
core   0: 0x800070f8 (0x01cd3433) sltu    s0, s10, t3
core   0: 3 0x800070f8 (0x01cd3433) x 8 0x00000000
core   0: 0x800070fc (0x0077d093) srli    ra, a5, 7
core   0: 3 0x800070fc (0x0077d093) x 1 0x01000312
core   0: 0x80007100 (0x66750593) addi    a1, a0, 1639
core   0: 3 0x80007100 (0x66750593) x11 0xfffb5385
core   0: 0x80007104 (0x03fed933) divu    s2, t4, t6
core   0: 3 0x80007104 (0x03fed933) x18 0x00000000
core   0: 0x80007108 (0x4cee3913) sltiu   s2, t3, 1230
core   0: 3 0x80007108 (0x4cee3913) x18 0x00000001
core   0: 0x8000710c (0xa4fa9617) auipc   a2, 0xa4fa9
core   0: 3 0x8000710c (0xa4fa9617) x12 0x24fb010c
core   0: 0x80007110 (0x00000013) nop
core   0: 3 0x80007110 (0x00000013)
core   0: 0x80007114 (0x40838fb3) sub     t6, t2, s0
core   0: 3 0x80007114 (0x40838fb3) x31 0x00000002
core   0: 0x80007118 (0x0d6e6b93) ori     s7, t3, 214
core   0: 3 0x80007118 (0x0d6e6b93) x23 0x000000d6
core   0: 0x8000711c (0x00743b93) sltiu   s7, s0, 7
core   0: 3 0x8000711c (0x00743b93) x23 0x00000001
core   0: 0x80007120 (0x6ce7f513) andi    a0, a5, 1742
core   0: 3 0x80007120 (0x6ce7f513) x10 0x0000000a
core   0: 0x80007124 (0x02307033) remu    zero, zero, gp
core   0: 3 0x80007124 (0x02307033)
core   0: 0x80007128 (0x038d10b3) mulh    ra, s10, s8
core   0: 3 0x80007128 (0x038d10b3) x 1 0x00000000
core   0: 0x8000712c (0x024b1533) mulh    a0, s6, tp
core   0: 3 0x8000712c (0x024b1533) x10 0x00000000
core   0: 0x80007130 (0x02c51b33) mulh    s6, a0, a2
core   0: 3 0x80007130 (0x02c51b33) x22 0x00000000
core   0: 0x80007134 (0x0339d933) divu    s2, s3, s3
core   0: 3 0x80007134 (0x0339d933) x18 0x00000001
core   0: 0x80007138 (0x039b5b33) divu    s6, s6, s9
core   0: 3 0x80007138 (0x039b5b33) x22 0x00000000
core   0: 0x8000713c (0x41898533) sub     a0, s3, s8
core   0: 3 0x8000713c (0x41898533) x10 0x0000000b
core   0: 0x80007140 (0x6e679c97) auipc   s9, 0x6e679
core   0: 3 0x80007140 (0x6e679c97) x25 0xee680140
core   0: 0x80007144 (0x49850c93) addi    s9, a0, 1176
core   0: 3 0x80007144 (0x49850c93) x25 0x000004a3
core   0: 0x80007148 (0xa6416a93) ori     s5, sp, -1436
core   0: 3 0x80007148 (0xa6416a93) x21 0xfffffa77
core   0: 0x8000714c (0x8b86c693) xori    a3, a3, -1864
core   0: 3 0x8000714c (0x8b86c693) x13 0x0004b5a6
core   0: 0x80007150 (0x02ee06b3) mul     a3, t3, a4
core   0: 3 0x80007150 (0x02ee06b3) x13 0x00000000
core   0: 0x80007154 (0x0226bf33) mulhu   t5, a3, sp
core   0: 3 0x80007154 (0x0226bf33) x30 0x00000000
core   0: 0x80007158 (0x02f0b3b3) mulhu   t2, ra, a5
core   0: 3 0x80007158 (0x02f0b3b3) x 7 0x00000000
core   0: 0x8000715c (0x02a50eb3) mul     t4, a0, a0
core   0: 3 0x8000715c (0x02a50eb3) x29 0x00000079
core   0: 0x80007160 (0x02c8a893) slti    a7, a7, 44
core   0: 3 0x80007160 (0x02c8a893) x17 0x00000001
core   0: 0x80007164 (0x5b973b13) sltiu   s6, a4, 1465
core   0: 3 0x80007164 (0x5b973b13) x22 0x00000000
core   0: 0x80007168 (0x00ec01b3) add     gp, s8, a4
core   0: 3 0x80007168 (0x00ec01b3) x 3 0xfffb5540
core   0: 0x8000716c (0x02a10433) mul     s0, sp, a0
core   0: 3 0x8000716c (0x02a10433) x 8 0x000000d1
core   0: 0x80007170 (0x00507033) and     zero, zero, t0
core   0: 3 0x80007170 (0x00507033)
core   0: 0x80007174 (0xefa42117) auipc   sp, 0xefa42
core   0: 3 0x80007174 (0xefa42117) x 2 0x6fa49174
core   0: 0x80007178 (0x9157e613) ori     a2, a5, -1771
core   0: 3 0x80007178 (0x9157e613) x12 0xfffff93f
core   0: 0x8000717c (0x41485e13) srai    t3, a6, 20
core   0: 3 0x8000717c (0x41485e13) x28 0xfffff800
core   0: 0x80007180 (0x7a8bac13) slti    s8, s7, 1960
core   0: 3 0x80007180 (0x7a8bac13) x24 0x00000001
core   0: 0x80007184 (0xace5f413) andi    s0, a1, -1330
core   0: 3 0x80007184 (0xace5f413) x 8 0xfffb5284
core   0: 0x80007188 (0x02388c33) mul     s8, a7, gp
core   0: 3 0x80007188 (0x02388c33) x24 0xfffb5540
core   0: 0x8000718c (0x0158e593) ori     a1, a7, 21
core   0: 3 0x8000718c (0x0158e593) x11 0x00000015
core   0: 0x80007190 (0x41520433) sub     s0, tp, s5
core   0: 3 0x80007190 (0x41520433) x 8 0x00000589
core   0: 0x80007194 (0x00000013) nop
core   0: 3 0x80007194 (0x00000013)
core   0: 0x80007198 (0x022e7c33) remu    s8, t3, sp
core   0: 3 0x80007198 (0x022e7c33) x24 0x20b6d518
core   0: 0x8000719c (0x0072f633) and     a2, t0, t2
core   0: 3 0x8000719c (0x0072f633) x12 0x00000000
core   0: 0x800071a0 (0xe645a8b7) lui     a7, 0xe645a
core   0: 3 0x800071a0 (0xe645a8b7) x17 0xe645a000
core   0: 0x800071a4 (0x000d1e33) sll     t3, s10, zero
core   0: 3 0x800071a4 (0x000d1e33) x28 0xfffffafb
core   0: 0x800071a8 (0x26d47a93) andi    s5, s0, 621
core   0: 3 0x800071a8 (0x26d47a93) x21 0x00000009
core   0: 0x800071ac (0x03bbb033) mulhu   zero, s7, s11
core   0: 3 0x800071ac (0x03bbb033)
core   0: 0x800071b0 (0x0091f2b3) and     t0, gp, s1
core   0: 3 0x800071b0 (0x0091f2b3) x 5 0x00000000
core   0: 0x800071b4 (0xbb041317) auipc   t1, 0xbb041
core   0: 3 0x800071b4 (0xbb041317) x 6 0x3b0481b4
core   0: 0x800071b8 (0x648a7c93) andi    s9, s4, 1608
core   0: 3 0x800071b8 (0x648a7c93) x25 0x00000200
core   0: 0x800071bc (0x011520b3) slt     ra, a0, a7
core   0: 3 0x800071bc (0x011520b3) x 1 0x00000000
core   0: 0x800071c0 (0x96d56c93) ori     s9, a0, -1683
core   0: 3 0x800071c0 (0x96d56c93) x25 0xfffff96f
core   0: 0x800071c4 (0xe7d3b193) sltiu   gp, t2, -387
core   0: 3 0x800071c4 (0xe7d3b193) x 3 0x00000001
core   0: 0x800071c8 (0x00dde4b3) or      s1, s11, a3
core   0: 3 0x800071c8 (0x00dde4b3) x 9 0x80018ce4
core   0: 0x800071cc (0x01340933) add     s2, s0, s3
core   0: 3 0x800071cc (0x01340933) x18 0x00000594
core   0: 0x800071d0 (0x0e7ee7b7) lui     a5, 0xe7ee
core   0: 3 0x800071d0 (0x0e7ee7b7) x15 0x0e7ee000
core   0: 0x800071d4 (0x012a8133) add     sp, s5, s2
core   0: 3 0x800071d4 (0x012a8133) x 2 0x0000059d
core   0: 0x800071d8 (0x01d107b3) add     a5, sp, t4
core   0: 3 0x800071d8 (0x01d107b3) x15 0x00000616
core   0: 0x800071dc (0x40460ab3) sub     s5, a2, tp
core   0: 3 0x800071dc (0x40460ab3) x21 0x00000000
core   0: 0x800071e0 (0x00a97fb3) and     t6, s2, a0
core   0: 3 0x800071e0 (0x00a97fb3) x31 0x00000000
core   0: 0x800071e4 (0x0229b333) mulhu   t1, s3, sp
core   0: 3 0x800071e4 (0x0229b333) x 6 0x00000000
core   0: 0x800071e8 (0xb86bed13) ori     s10, s7, -1146
core   0: 3 0x800071e8 (0xb86bed13) x26 0xfffffb87
core   0: 0x800071ec (0x011034b3) snez    s1, a7
core   0: 3 0x800071ec (0x011034b3) x 9 0x00000001
core   0: 0x800071f0 (0x5d20bf17) auipc   t5, 0x5d20b
core   0: 3 0x800071f0 (0x5d20bf17) x30 0xdd2121f0
core   0: 0x800071f4 (0xffc14a13) xori    s4, sp, -4
core   0: 3 0x800071f4 (0xffc14a13) x20 0xfffffa61
core   0: 0x800071f8 (0x0f446337) lui     t1, 0xf446
core   0: 3 0x800071f8 (0x0f446337) x 6 0x0f446000
core   0: 0x800071fc (0x02d5b133) mulhu   sp, a1, a3
core   0: 3 0x800071fc (0x02d5b133) x 2 0x00000000
core   0: 0x80007200 (0x0235be33) mulhu   t3, a1, gp
core   0: 3 0x80007200 (0x0235be33) x28 0x00000000
core   0: 0x80007204 (0x00000013) nop
core   0: 3 0x80007204 (0x00000013)
core   0: 0x80007208 (0x01b98eb3) add     t4, s3, s11
core   0: 3 0x80007208 (0x01b98eb3) x29 0x80018cef
core   0: 0x8000720c (0xc5d5ad13) slti    s10, a1, -931
core   0: 3 0x8000720c (0xc5d5ad13) x26 0x00000000
core   0: 0x80007210 (0x90080a37) lui     s4, 0x90080
core   0: 3 0x80007210 (0x90080a37) x20 0x90080000
core   0: 0x80007214 (0x0004e5b3) or      a1, s1, zero
core   0: 3 0x80007214 (0x0004e5b3) x11 0x00000001
core   0: 0x80007218 (0x02a2c633) div     a2, t0, a0
core   0: 3 0x80007218 (0x02a2c633) x12 0x00000000
core   0: 0x8000721c (0x69566f93) ori     t6, a2, 1685
core   0: 3 0x8000721c (0x69566f93) x31 0x00000695
core   0: 0x80007220 (0x03d5f133) remu    sp, a1, t4
core   0: 3 0x80007220 (0x03d5f133) x 2 0x00000001
core   0: 0x80007224 (0x026f21b3) mulhsu  gp, t5, t1
core   0: 3 0x80007224 (0x026f21b3) x 3 0xfdeba0b6
core   0: 0x80007228 (0x00d83bb3) sltu    s7, a6, a3
core   0: 3 0x80007228 (0x00d83bb3) x23 0x00000000
core   0: 0x8000722c (0x019ff333) and     t1, t6, s9
core   0: 3 0x8000722c (0x019ff333) x 6 0x00000005
core   0: 0x80007230 (0xace67793) andi    a5, a2, -1330
core   0: 3 0x80007230 (0xace67793) x15 0x00000000
core   0: 0x80007234 (0x034aff33) remu    t5, s5, s4
core   0: 3 0x80007234 (0x034aff33) x30 0x00000000
core   0: 0x80007238 (0x7da19a17) auipc   s4, 0x7da19
core   0: 3 0x80007238 (0x7da19a17) x20 0xfda20238
core   0: 0x8000723c (0x01a71e93) slli    t4, a4, 26
core   0: 3 0x8000723c (0x01a71e93) x29 0x00000000
core   0: 0x80007240 (0x41a4dc93) srai    s9, s1, 26
core   0: 3 0x80007240 (0x41a4dc93) x25 0x00000000
core   0: 0x80007244 (0x00000013) nop
core   0: 3 0x80007244 (0x00000013)
core   0: 0x80007248 (0x02448cb3) mul     s9, s1, tp
core   0: 3 0x80007248 (0x02448cb3) x25 0x00000000
core   0: 0x8000724c (0x8c5ea393) slti    t2, t4, -1851
core   0: 3 0x8000724c (0x8c5ea393) x 7 0x00000000
core   0: 0x80007250 (0x1f008693) addi    a3, ra, 496
core   0: 3 0x80007250 (0x1f008693) x13 0x000001f0
core   0: 0x80007254 (0x02ef8bb3) mul     s7, t6, a4
core   0: 3 0x80007254 (0x02ef8bb3) x23 0xe1481e40
core   0: 0x80007258 (0x026cebb3) rem     s7, s9, t1
core   0: 3 0x80007258 (0x026cebb3) x23 0x00000000
core   0: 0x8000725c (0x01a61533) sll     a0, a2, s10
core   0: 3 0x8000725c (0x01a61533) x10 0x00000000
core   0: 0x80007260 (0x01b2fd33) and     s10, t0, s11
core   0: 3 0x80007260 (0x01b2fd33) x26 0x00000000
core   0: 0x80007264 (0x0547e393) ori     t2, a5, 84
core   0: 3 0x80007264 (0x0547e393) x 7 0x00000054
core   0: 0x80007268 (0x034412b3) mulh    t0, s0, s4
core   0: 3 0x80007268 (0x034412b3) x 5 0xfffffff2
core   0: 0x8000726c (0x03a21733) mulh    a4, tp, s10
core   0: 3 0x8000726c (0x03a21733) x14 0x00000000
core   0: 0x80007270 (0x007a4d33) xor     s10, s4, t2
core   0: 3 0x80007270 (0x007a4d33) x26 0xfda2026c
core   0: 0x80007274 (0x414d8a33) sub     s4, s11, s4
core   0: 3 0x80007274 (0x414d8a33) x20 0x825f8aac
core   0: 0x80007278 (0x016046b3) xor     a3, zero, s6
core   0: 3 0x80007278 (0x016046b3) x13 0x00000000
core   0: 0x8000727c (0x5c16cb13) xori    s6, a3, 1473
core   0: 3 0x8000727c (0x5c16cb13) x22 0x000005c1
core   0: 0x80007280 (0x014a9f93) slli    t6, s5, 20
core   0: 3 0x80007280 (0x014a9f93) x31 0x00000000
core   0: 0x80007284 (0x0ffd3a13) sltiu   s4, s10, 255
core   0: 3 0x80007284 (0x0ffd3a13) x20 0x00000000
core   0: 0x80007288 (0x01424eb3) xor     t4, tp, s4
core   0: 3 0x80007288 (0x01424eb3) x29 0x00000000
core   0: 0x8000728c (0x0348afb3) mulhsu  t6, a7, s4
core   0: 3 0x8000728c (0x0348afb3) x31 0x00000000
core   0: 0x80007290 (0x41305613) srai    a2, zero, 19
core   0: 3 0x80007290 (0x41305613) x12 0x00000000
core   0: 0x80007294 (0x00716fb3) or      t6, sp, t2
core   0: 3 0x80007294 (0x00716fb3) x31 0x00000055
core   0: 0x80007298 (0x4071d0b3) sra     ra, gp, t2
core   0: 3 0x80007298 (0x4071d0b3) x 1 0xffffffde
core   0: 0x8000729c (0x039847b3) div     a5, a6, s9
core   0: 3 0x8000729c (0x039847b3) x15 0xffffffff
core   0: 0x800072a0 (0xfd84b393) sltiu   t2, s1, -40
core   0: 3 0x800072a0 (0xfd84b393) x 7 0x00000001
core   0: 0x800072a4 (0x0038da13) srli    s4, a7, 3
core   0: 3 0x800072a4 (0x0038da13) x20 0x1cc8b400
core   0: 0x800072a8 (0x0274b5b3) mulhu   a1, s1, t2
core   0: 3 0x800072a8 (0x0274b5b3) x11 0x00000000
core   0: 0x800072ac (0x01f65b13) srli    s6, a2, 31
core   0: 3 0x800072ac (0x01f65b13) x22 0x00000000
core   0: 0x800072b0 (0x023317b3) mulh    a5, t1, gp
core   0: 3 0x800072b0 (0x023317b3) x15 0xffffffff
core   0: 0x800072b4 (0x255b7037) lui     zero, 0x255b7
core   0: 3 0x800072b4 (0x255b7037)
core   0: 0x800072b8 (0x4b572193) slti    gp, a4, 1205
core   0: 3 0x800072b8 (0x4b572193) x 3 0x00000001
core   0: 0x800072bc (0x038daeb3) mulhsu  t4, s11, s8
core   0: 3 0x800072bc (0x038daeb3) x29 0xefa4c82b
core   0: 0x800072c0 (0x02507bb3) remu    s7, zero, t0
core   0: 3 0x800072c0 (0x02507bb3) x23 0x00000000
core   0: 0x800072c4 (0x01a4ffb3) and     t6, s1, s10
core   0: 3 0x800072c4 (0x01a4ffb3) x31 0x00000000
core   0: 0x800072c8 (0x0116ce33) xor     t3, a3, a7
core   0: 3 0x800072c8 (0x0116ce33) x28 0xe645a000
core   0: 0x800072cc (0xbf072713) slti    a4, a4, -1040
core   0: 3 0x800072cc (0xbf072713) x14 0x00000000
core   0: 0x800072d0 (0x01e545b3) xor     a1, a0, t5
core   0: 3 0x800072d0 (0x01e545b3) x11 0x00000000
core   0: 0x800072d4 (0xc4132b93) slti    s7, t1, -959
core   0: 3 0x800072d4 (0xc4132b93) x23 0x00000000
core   0: 0x800072d8 (0x00946cb3) or      s9, s0, s1
core   0: 3 0x800072d8 (0x00946cb3) x25 0x00000589
core   0: 0x800072dc (0x03f9ccb3) div     s9, s3, t6
core   0: 3 0x800072dc (0x03f9ccb3) x25 0xffffffff
core   0: 0x800072e0 (0x00000013) nop
core   0: 3 0x800072e0 (0x00000013)
core   0: 0x800072e4 (0x0014f8b3) and     a7, s1, ra
core   0: 3 0x800072e4 (0x0014f8b3) x17 0x00000000
core   0: 0x800072e8 (0x42078e93) addi    t4, a5, 1056
core   0: 3 0x800072e8 (0x42078e93) x29 0x0000041f
core   0: 0x800072ec (0x40af8c33) sub     s8, t6, a0
core   0: 3 0x800072ec (0x40af8c33) x24 0x00000000
core   0: 0x800072f0 (0x0027d533) srl     a0, a5, sp
core   0: 3 0x800072f0 (0x0027d533) x10 0x7fffffff
core   0: 0x800072f4 (0x01aba6b3) slt     a3, s7, s10
core   0: 3 0x800072f4 (0x01aba6b3) x13 0x00000000
core   0: 0x800072f8 (0x417c5193) srai    gp, s8, 23
core   0: 3 0x800072f8 (0x417c5193) x 3 0x00000000
core   0: 0x800072fc (0x03b63533) mulhu   a0, a2, s11
core   0: 3 0x800072fc (0x03b63533) x10 0x00000000
core   0: 0x80007300 (0x87ac4513) xori    a0, s8, -1926
core   0: 3 0x80007300 (0x87ac4513) x10 0xfffff87a
core   0: 0x80007304 (0xd432b613) sltiu   a2, t0, -701
core   0: 3 0x80007304 (0xd432b613) x12 0x00000000
core   0: 0x80007308 (0x02b27933) remu    s2, tp, a1
core   0: 3 0x80007308 (0x02b27933) x18 0x00000000
core   0: 0x8000730c (0x41e8d2b3) sra     t0, a7, t5
core   0: 3 0x8000730c (0x41e8d2b3) x 5 0x00000000
core   0: 0x80007310 (0x010dceb3) xor     t4, s11, a6
core   0: 3 0x80007310 (0x010dceb3) x29 0x0000c280
core   0: 0x80007314 (0x01b5cd33) xor     s10, a1, s11
core   0: 3 0x80007314 (0x01b5cd33) x26 0x80018ce4
core   0: 0x80007318 (0x00209f33) sll     t5, ra, sp
core   0: 3 0x80007318 (0x00209f33) x30 0xffffffbc
core   0: 0x8000731c (0x03fd32b3) mulhu   t0, s10, t6
core   0: 3 0x8000731c (0x03fd32b3) x 5 0x00000000
core   0: 0x80007320 (0xb99ac593) xori    a1, s5, -1127
core   0: 3 0x80007320 (0xb99ac593) x11 0xfffffb99
core   0: 0x80007324 (0x20e5f013) andi    zero, a1, 526
core   0: 3 0x80007324 (0x20e5f013)
core   0: 0x80007328 (0xa7c33013) sltiu   zero, t1, -1412
core   0: 3 0x80007328 (0xa7c33013)
core   0: 0x8000732c (0x0145da93) srli    s5, a1, 20
core   0: 3 0x8000732c (0x0145da93) x21 0x00000fff
core   0: 0x80007330 (0x02684e33) div     t3, a6, t1
core   0: 3 0x80007330 (0x02684e33) x28 0xe666a948
core   0: 0x80007334 (0x031995b3) mulh    a1, s3, a7
core   0: 3 0x80007334 (0x031995b3) x11 0x00000000
core   0: 0x80007338 (0x9d20ea93) ori     s5, ra, -1582
core   0: 3 0x80007338 (0x9d20ea93) x21 0xffffffde
core   0: 0x8000733c (0x0252f893) andi    a7, t0, 37
core   0: 3 0x8000733c (0x0252f893) x17 0x00000000
core   0: 0x80007340 (0x37dfd8b7) lui     a7, 0x37dfd
core   0: 3 0x80007340 (0x37dfd8b7) x17 0x37dfd000
core   0: 0x80007344 (0x01f3cfb3) xor     t6, t2, t6
core   0: 3 0x80007344 (0x01f3cfb3) x31 0x00000001
core   0: 0x80007348 (0x007b68b3) or      a7, s6, t2
core   0: 3 0x80007348 (0x007b68b3) x17 0x00000001
core   0: 0x8000734c (0x0247e5b3) rem     a1, a5, tp
core   0: 3 0x8000734c (0x0247e5b3) x11 0xffffffff
core   0: 0x80007350 (0x4d964d13) xori    s10, a2, 1241
core   0: 3 0x80007350 (0x4d964d13) x26 0x000004d9
core   0: 0x80007354 (0x401dd893) srai    a7, s11, 1
core   0: 3 0x80007354 (0x401dd893) x17 0xc000c672
core   0: 0x80007358 (0x4111d7b3) sra     a5, gp, a7
core   0: 3 0x80007358 (0x4111d7b3) x15 0x00000000
core   0: 0x8000735c (0x029fb8b3) mulhu   a7, t6, s1
core   0: 3 0x8000735c (0x029fb8b3) x17 0x00000000
core   0: 0x80007360 (0x275fbf93) sltiu   t6, t6, 629
core   0: 3 0x80007360 (0x275fbf93) x31 0x00000001
core   0: 0x80007364 (0x0050b7b3) sltu    a5, ra, t0
core   0: 3 0x80007364 (0x0050b7b3) x15 0x00000000
core   0: 0x80007368 (0x018cb2b3) sltu    t0, s9, s8
core   0: 3 0x80007368 (0x018cb2b3) x 5 0x00000000
core   0: 0x8000736c (0x03388d33) mul     s10, a7, s3
core   0: 3 0x8000736c (0x03388d33) x26 0x00000000
core   0: 0x80007370 (0x09470a13) addi    s4, a4, 148
core   0: 3 0x80007370 (0x09470a13) x20 0x00000094
core   0: 0x80007374 (0x01edd613) srli    a2, s11, 30
core   0: 3 0x80007374 (0x01edd613) x12 0x00000002
core   0: 0x80007378 (0x41dd56b3) sra     a3, s10, t4
core   0: 3 0x80007378 (0x41dd56b3) x13 0x00000000
core   0: 0x8000737c (0x02d39433) mulh    s0, t2, a3
core   0: 3 0x8000737c (0x02d39433) x 8 0x00000000
core   0: 0x80007380 (0x412682b3) sub     t0, a3, s2
core   0: 3 0x80007380 (0x412682b3) x 5 0x00000000
core   0: 0x80007384 (0x00a3d1b3) srl     gp, t2, a0
core   0: 3 0x80007384 (0x00a3d1b3) x 3 0x00000000
core   0: 0x80007388 (0xc3b20a13) addi    s4, tp, -965
core   0: 3 0x80007388 (0xc3b20a13) x20 0xfffffc3b
core   0: 0x8000738c (0x00000013) nop
core   0: 3 0x8000738c (0x00000013)
core   0: 0x80007390 (0xd3d9bd13) sltiu   s10, s3, -707
core   0: 3 0x80007390 (0xd3d9bd13) x26 0x00000001
core   0: 0x80007394 (0x71c3c613) xori    a2, t2, 1820
core   0: 3 0x80007394 (0x71c3c613) x12 0x0000071d
core   0: 0x80007398 (0x01fbc5b3) xor     a1, s7, t6
core   0: 3 0x80007398 (0x01fbc5b3) x11 0x00000001
core   0: 0x8000739c (0x21a7fa13) andi    s4, a5, 538
core   0: 3 0x8000739c (0x21a7fa13) x20 0x00000000
core   0: 0x800073a0 (0x9e34eb93) ori     s7, s1, -1565
core   0: 3 0x800073a0 (0x9e34eb93) x23 0xfffff9e3
core   0: 0x800073a4 (0x41e7dcb3) sra     s9, a5, t5
core   0: 3 0x800073a4 (0x41e7dcb3) x25 0x00000000
core   0: 0x800073a8 (0x00aec133) xor     sp, t4, a0
core   0: 3 0x800073a8 (0x00aec133) x 2 0xffff3afa
core   0: 0x800073ac (0x00d726b3) slt     a3, a4, a3
core   0: 3 0x800073ac (0x00d726b3) x13 0x00000000
core   0: 0x800073b0 (0x018af1b3) and     gp, s5, s8
core   0: 3 0x800073b0 (0x018af1b3) x 3 0x00000000
core   0: 0x800073b4 (0x032ad2b3) divu    t0, s5, s2
core   0: 3 0x800073b4 (0x032ad2b3) x 5 0xffffffff
core   0: 0x800073b8 (0x0aeb8093) addi    ra, s7, 174
core   0: 3 0x800073b8 (0x0aeb8093) x 1 0xfffffa91
core   0: 0x800073bc (0x0034e333) or      t1, s1, gp
core   0: 3 0x800073bc (0x0034e333) x 6 0x00000001
core   0: 0x800073c0 (0x41245293) srai    t0, s0, 18
core   0: 3 0x800073c0 (0x41245293) x 5 0x00000000
core   0: 0x800073c4 (0xcc5df313) andi    t1, s11, -827
core   0: 3 0x800073c4 (0xcc5df313) x 6 0x80018cc4
core   0: 0x800073c8 (0x2b0fbe13) sltiu   t3, t6, 688
core   0: 3 0x800073c8 (0x2b0fbe13) x28 0x00000001
core   0: 0x800073cc (0x4159da93) srai    s5, s3, 21
core   0: 3 0x800073cc (0x4159da93) x21 0x00000000
core   0: 0x800073d0 (0x6f214c13) xori    s8, sp, 1778
core   0: 3 0x800073d0 (0x6f214c13) x24 0xffff3c08
core   0: 0x800073d4 (0x01913ab3) sltu    s5, sp, s9
core   0: 3 0x800073d4 (0x01913ab3) x21 0x00000000
core   0: 0x800073d8 (0x01d97133) and     sp, s2, t4
core   0: 3 0x800073d8 (0x01d97133) x 2 0x00000000
core   0: 0x800073dc (0x008d1293) slli    t0, s10, 8
core   0: 3 0x800073dc (0x008d1293) x 5 0x00000100
core   0: 0x800073e0 (0x0184b3b3) sltu    t2, s1, s8
core   0: 3 0x800073e0 (0x0184b3b3) x 7 0x00000001
core   0: 0x800073e4 (0x0a44f313) andi    t1, s1, 164
core   0: 3 0x800073e4 (0x0a44f313) x 6 0x00000000
core   0: 0x800073e8 (0x0265b2b3) mulhu   t0, a1, t1
core   0: 3 0x800073e8 (0x0265b2b3) x 5 0x00000000
core   0: 0x800073ec (0x01c84c33) xor     s8, a6, t3
core   0: 3 0x800073ec (0x01c84c33) x24 0x80014e65
core   0: 0x800073f0 (0x00000013) nop
core   0: 3 0x800073f0 (0x00000013)
core   0: 0x800073f4 (0xbe690b93) addi    s7, s2, -1050
core   0: 3 0x800073f4 (0xbe690b93) x23 0xfffffbe6
core   0: 0x800073f8 (0x030120b3) mulhsu  ra, sp, a6
core   0: 3 0x800073f8 (0x030120b3) x 1 0x00000000
core   0: 0x800073fc (0x024d2fb3) mulhsu  t6, s10, tp
core   0: 3 0x800073fc (0x024d2fb3) x31 0x00000000
core   0: 0x80007400 (0x6e1e0197) auipc   gp, 0x6e1e0
core   0: 3 0x80007400 (0x6e1e0197) x 3 0xee1e7400
core   0: 0x80007404 (0x022e26b3) mulhsu  a3, t3, sp
core   0: 3 0x80007404 (0x022e26b3) x13 0x00000000
core   0: 0x80007408 (0x9791e213) ori     tp, gp, -1671
core   0: 3 0x80007408 (0x9791e213) x 4 0xfffffd79
core   0: 0x8000740c (0x011505b3) add     a1, a0, a7
core   0: 3 0x8000740c (0x011505b3) x11 0xfffff87a
core   0: 0x80007410 (0x5c7bf193) andi    gp, s7, 1479
core   0: 3 0x80007410 (0x5c7bf193) x 3 0x000001c6
core   0: 0x80007414 (0x009af6b3) and     a3, s5, s1
core   0: 3 0x80007414 (0x009af6b3) x13 0x00000000
core   0: 0x80007418 (0x0227ba33) mulhu   s4, a5, sp
core   0: 3 0x80007418 (0x0227ba33) x20 0x00000000
core   0: 0x8000741c (0x028512b3) mulh    t0, a0, s0
core   0: 3 0x8000741c (0x028512b3) x 5 0x00000000
core   0: 0x80007420 (0x9c506593) ori     a1, zero, -1595
core   0: 3 0x80007420 (0x9c506593) x11 0xfffff9c5
core   0: 0x80007424 (0x026de433) rem     s0, s11, t1
core   0: 3 0x80007424 (0x026de433) x 8 0x80018ce4
core   0: 0x80007428 (0x004261b3) or      gp, tp, tp
core   0: 3 0x80007428 (0x004261b3) x 3 0xfffffd79
core   0: 0x8000742c (0x005d05b3) add     a1, s10, t0
core   0: 3 0x8000742c (0x005d05b3) x11 0x00000001
core   0: 0x80007430 (0x027208b3) mul     a7, tp, t2
core   0: 3 0x80007430 (0x027208b3) x17 0xfffffd79
core   0: 0x80007434 (0x0087a3b3) slt     t2, a5, s0
core   0: 3 0x80007434 (0x0087a3b3) x 7 0x00000000
core   0: 0x80007438 (0x41568233) sub     tp, a3, s5
core   0: 3 0x80007438 (0x41568233) x 4 0x00000000
core   0: 0x8000743c (0x40eadeb3) sra     t4, s5, a4
core   0: 3 0x8000743c (0x40eadeb3) x29 0x00000000
core   0: 0x80007440 (0x00b7d693) srli    a3, a5, 11
core   0: 3 0x80007440 (0x00b7d693) x13 0x00000000
core   0: 0x80007444 (0x0295ab33) mulhsu  s6, a1, s1
core   0: 3 0x80007444 (0x0295ab33) x22 0x00000000
core   0: 0x80007448 (0x40dfd233) sra     tp, t6, a3
core   0: 3 0x80007448 (0x40dfd233) x 4 0x00000000
core   0: 0x8000744c (0xdf37f1b7) lui     gp, 0xdf37f
core   0: 3 0x8000744c (0xdf37f1b7) x 3 0xdf37f000
core   0: 0x80007450 (0x416edeb3) sra     t4, t4, s6
core   0: 3 0x80007450 (0x416edeb3) x29 0x00000000
core   0: 0x80007454 (0x00bdc7b3) xor     a5, s11, a1
core   0: 3 0x80007454 (0x00bdc7b3) x15 0x80018ce5
core   0: 0x80007458 (0x01484633) xor     a2, a6, s4
core   0: 3 0x80007458 (0x01484633) x12 0x80014e64
core   0: 0x8000745c (0x01e120b3) slt     ra, sp, t5
core   0: 3 0x8000745c (0x01e120b3) x 1 0x00000000
core   0: 0x80007460 (0x0060b333) sltu    t1, ra, t1
core   0: 3 0x80007460 (0x0060b333) x 6 0x00000000
core   0: 0x80007464 (0x023dcbb3) div     s7, s11, gp
core   0: 3 0x80007464 (0x023dcbb3) x23 0x00000003
core   0: 0x80007468 (0x93aab213) sltiu   tp, s5, -1734
core   0: 3 0x80007468 (0x93aab213) x 4 0x00000001
core   0: 0x8000746c (0x00cdcc33) xor     s8, s11, a2
core   0: 3 0x8000746c (0x00cdcc33) x24 0x0000c280
core   0: 0x80007470 (0x00ca6e33) or      t3, s4, a2
core   0: 3 0x80007470 (0x00ca6e33) x28 0x80014e64
core   0: 0x80007474 (0x018e1513) slli    a0, t3, 24
core   0: 3 0x80007474 (0x018e1513) x10 0x64000000
core   0: 0x80007478 (0xa684e913) ori     s2, s1, -1432
core   0: 3 0x80007478 (0xa684e913) x18 0xfffffa69
core   0: 0x8000747c (0x5c858937) lui     s2, 0x5c858
core   0: 3 0x8000747c (0x5c858937) x18 0x5c858000
core   0: 0x80007480 (0x4081d0b3) sra     ra, gp, s0
core   0: 3 0x80007480 (0x4081d0b3) x 1 0xfdf37f00
core   0: 0x80007484 (0x40be5a13) srai    s4, t3, 11
core   0: 3 0x80007484 (0x40be5a13) x20 0xfff00029
core   0: 0x80007488 (0x03cf5633) divu    a2, t5, t3
core   0: 3 0x80007488 (0x03cf5633) x12 0x00000001
core   0: 0x8000748c (0x00ec1a13) slli    s4, s8, 14
core   0: 3 0x8000748c (0x00ec1a13) x20 0x30a00000
core   0: 0x80007490 (0x70260e13) addi    t3, a2, 1794
core   0: 3 0x80007490 (0x70260e13) x28 0x00000703
core   0: 0x80007494 (0x004abf33) sltu    t5, s5, tp
core   0: 3 0x80007494 (0x004abf33) x30 0x00000001
core   0: 0x80007498 (0x03a21e33) mulh    t3, tp, s10
core   0: 3 0x80007498 (0x03a21e33) x28 0x00000000
core   0: 0x8000749c (0x557ca213) slti    tp, s9, 1367
core   0: 3 0x8000749c (0x557ca213) x 4 0x00000001
core   0: 0x800074a0 (0x02c41fb3) mulh    t6, s0, a2
core   0: 3 0x800074a0 (0x02c41fb3) x31 0xffffffff
core   0: 0x800074a4 (0x006c9313) slli    t1, s9, 6
core   0: 3 0x800074a4 (0x006c9313) x 6 0x00000000
core   0: 0x800074a8 (0x00022b33) slt     s6, tp, zero
core   0: 3 0x800074a8 (0x00022b33) x22 0x00000000
core   0: 0x800074ac (0x00b8f3b3) and     t2, a7, a1
core   0: 3 0x800074ac (0x00b8f3b3) x 7 0x00000001
core   0: 0x800074b0 (0x0223acb3) mulhsu  s9, t2, sp
core   0: 3 0x800074b0 (0x0223acb3) x25 0x00000000
core   0: 0x800074b4 (0x0351f133) remu    sp, gp, s5
core   0: 3 0x800074b4 (0x0351f133) x 2 0xdf37f000
core   0: 0x800074b8 (0x01a69f33) sll     t5, a3, s10
core   0: 3 0x800074b8 (0x01a69f33) x30 0x00000000
core   0: 0x800074bc (0x01fa9613) slli    a2, s5, 31
core   0: 3 0x800074bc (0x01fa9613) x12 0x00000000
core   0: 0x800074c0 (0x40218033) sub     zero, gp, sp
core   0: 3 0x800074c0 (0x40218033)
core   0: 0x800074c4 (0x01f1ae33) slt     t3, gp, t6
core   0: 3 0x800074c4 (0x01f1ae33) x28 0x00000001
core   0: 0x800074c8 (0x00008e33) add     t3, ra, zero
core   0: 3 0x800074c8 (0x00008e33) x28 0xfdf37f00
core   0: 0x800074cc (0x03d6fc33) remu    s8, a3, t4
core   0: 3 0x800074cc (0x03d6fc33) x24 0x00000000
core   0: 0x800074d0 (0x00ed83b3) add     t2, s11, a4
core   0: 3 0x800074d0 (0x00ed83b3) x 7 0x80018ce4
core   0: 0x800074d4 (0x1acb0b13) addi    s6, s6, 428
core   0: 3 0x800074d4 (0x1acb0b13) x22 0x000001ac
core   0: 0x800074d8 (0x004866b3) or      a3, a6, tp
core   0: 3 0x800074d8 (0x004866b3) x13 0x80014e65
core   0: 0x800074dc (0x032c03b3) mul     t2, s8, s2
core   0: 3 0x800074dc (0x032c03b3) x 7 0x00000000
core   0: 0x800074e0 (0x00000013) nop
core   0: 3 0x800074e0 (0x00000013)
core   0: 0x800074e4 (0x038186b3) mul     a3, gp, s8
core   0: 3 0x800074e4 (0x038186b3) x13 0x00000000
core   0: 0x800074e8 (0x006c8033) add     zero, s9, t1
core   0: 3 0x800074e8 (0x006c8033)
core   0: 0x800074ec (0x005c11b3) sll     gp, s8, t0
core   0: 3 0x800074ec (0x005c11b3) x 3 0x00000000
core   0: 0x800074f0 (0x9e768c97) auipc   s9, 0x9e768
core   0: 3 0x800074f0 (0x9e768c97) x25 0x1e76f4f0
core   0: 0x800074f4 (0x544bc913) xori    s2, s7, 1348
core   0: 3 0x800074f4 (0x544bc913) x18 0x00000547
core   0: 0x800074f8 (0x005d9393) slli    t2, s11, 5
core   0: 3 0x800074f8 (0x005d9393) x 7 0x00319c80
core   0: 0x800074fc (0x58ff6b93) ori     s7, t5, 1423
core   0: 3 0x800074fc (0x58ff6b93) x23 0x0000058f
core   0: 0x80007500 (0x00000013) nop
core   0: 3 0x80007500 (0x00000013)
core   0: 0x80007504 (0x40bc50b3) sra     ra, s8, a1
core   0: 3 0x80007504 (0x40bc50b3) x 1 0x00000000
core   0: 0x80007508 (0x00b9dcb3) srl     s9, s3, a1
core   0: 3 0x80007508 (0x00b9dcb3) x25 0x00000005
core   0: 0x8000750c (0xb0f3f717) auipc   a4, 0xb0f3f
core   0: 3 0x8000750c (0xb0f3f717) x14 0x30f4650c
core   0: 0x80007510 (0x40da04b3) sub     s1, s4, a3
core   0: 3 0x80007510 (0x40da04b3) x 9 0x30a00000
core   0: 0x80007514 (0x019d8f33) add     t5, s11, s9
core   0: 3 0x80007514 (0x019d8f33) x30 0x80018ce9
core   0: 0x80007518 (0x0201e433) rem     s0, gp, zero
core   0: 3 0x80007518 (0x0201e433) x 8 0x00000000
core   0: 0x8000751c (0x00ef83b3) add     t2, t6, a4
core   0: 3 0x8000751c (0x00ef83b3) x 7 0x30f4650b
core   0: 0x80007520 (0x03dc3bb3) mulhu   s7, s8, t4
core   0: 3 0x80007520 (0x03dc3bb3) x23 0x00000000
core   0: 0x80007524 (0x001cb2b3) sltu    t0, s9, ra
core   0: 3 0x80007524 (0x001cb2b3) x 5 0x00000000
core   0: 0x80007528 (0x00d15c93) srli    s9, sp, 13
core   0: 3 0x80007528 (0x00d15c93) x25 0x0006f9bf
core   0: 0x8000752c (0x3a4ac793) xori    a5, s5, 932
core   0: 3 0x8000752c (0x3a4ac793) x15 0x000003a4
core   0: 0x80007530 (0x02076233) rem     tp, a4, zero
core   0: 3 0x80007530 (0x02076233) x 4 0x30f4650c
core   0: 0x80007534 (0x00116333) or      t1, sp, ra
core   0: 3 0x80007534 (0x00116333) x 6 0xdf37f000
core   0: 0x80007538 (0x0080d533) srl     a0, ra, s0
core   0: 3 0x80007538 (0x0080d533) x10 0x00000000
core   0: 0x8000753c (0x00e378b3) and     a7, t1, a4
core   0: 3 0x8000753c (0x00e378b3) x17 0x10346000
core   0: 0x80007540 (0x3401f513) andi    a0, gp, 832
core   0: 3 0x80007540 (0x3401f513) x10 0x00000000
core   0: 0x80007544 (0x0dda7c17) auipc   s8, 0xdda7
core   0: 3 0x80007544 (0x0dda7c17) x24 0x8ddae544
core   0: 0x80007548 (0x03e4eeb3) rem     t4, s1, t5
core   0: 3 0x80007548 (0x03e4eeb3) x29 0x30a00000
core   0: 0x8000754c (0x01ffe333) or      t1, t6, t6
core   0: 3 0x8000754c (0x01ffe333) x 6 0xffffffff
core   0: 0x80007550 (0x009f1e13) slli    t3, t5, 9
core   0: 3 0x80007550 (0x009f1e13) x28 0x0319d200
core   0: 0x80007554 (0x03ddd8b3) divu    a7, s11, t4
core   0: 3 0x80007554 (0x03ddd8b3) x17 0x00000002
core   0: 0x80007558 (0x0284fb33) remu    s6, s1, s0
core   0: 3 0x80007558 (0x0284fb33) x22 0x30a00000
core   0: 0x8000755c (0x03af88b3) mul     a7, t6, s10
core   0: 3 0x8000755c (0x03af88b3) x17 0xffffffff
core   0: 0x80007560 (0x02b371b3) remu    gp, t1, a1
core   0: 3 0x80007560 (0x02b371b3) x 3 0x00000000
core   0: 0x80007564 (0x00319793) slli    a5, gp, 3
core   0: 3 0x80007564 (0x00319793) x15 0x00000000
core   0: 0x80007568 (0x015e9093) slli    ra, t4, 21
core   0: 3 0x80007568 (0x015e9093) x 1 0x00000000
core   0: 0x8000756c (0x27236913) ori     s2, t1, 626
core   0: 3 0x8000756c (0x27236913) x18 0xffffffff
core   0: 0x80007570 (0x03d1dcb3) divu    s9, gp, t4
core   0: 3 0x80007570 (0x03d1dcb3) x25 0x00000000
core   0: 0x80007574 (0x035bd5b3) divu    a1, s7, s5
core   0: 3 0x80007574 (0x035bd5b3) x11 0xffffffff
core   0: 0x80007578 (0x0096f933) and     s2, a3, s1
core   0: 3 0x80007578 (0x0096f933) x18 0x00000000
core   0: 0x8000757c (0x0207f1b3) remu    gp, a5, zero
core   0: 3 0x8000757c (0x0207f1b3) x 3 0x00000000
core   0: 0x80007580 (0x03d3d233) divu    tp, t2, t4
core   0: 3 0x80007580 (0x03d3d233) x 4 0x00000001
core   0: 0x80007584 (0x41ec5533) sra     a0, s8, t5
core   0: 3 0x80007584 (0x41ec5533) x10 0xffc6ed72
core   0: 0x80007588 (0x96eb7317) auipc   t1, 0x96eb7
core   0: 3 0x80007588 (0x96eb7317) x 6 0x16ebe588
core   0: 0x8000758c (0x03d8fc33) remu    s8, a7, t4
core   0: 3 0x8000758c (0x03d8fc33) x24 0x0cdfffff
core   0: 0x80007590 (0x00000013) nop
core   0: 3 0x80007590 (0x00000013)
core   0: 0x80007594 (0x02a214b3) mulh    s1, tp, a0
core   0: 3 0x80007594 (0x02a214b3) x 9 0xffffffff
core   0: 0x80007598 (0xe3e52093) slti    ra, a0, -450
core   0: 3 0x80007598 (0xe3e52093) x 1 0x00000001
core   0: 0x8000759c (0x01e35433) srl     s0, t1, t5
core   0: 3 0x8000759c (0x01e35433) x 8 0x000b75f2
core   0: 0x800075a0 (0x02326333) rem     t1, tp, gp
core   0: 3 0x800075a0 (0x02326333) x 6 0x00000001
core   0: 0x800075a4 (0x015feab3) or      s5, t6, s5
core   0: 3 0x800075a4 (0x015feab3) x21 0xffffffff
core   0: 0x800075a8 (0x4ae58197) auipc   gp, 0x4ae58
core   0: 3 0x800075a8 (0x4ae58197) x 3 0xcae5f5a8
core   0: 0x800075ac (0x014212b3) sll     t0, tp, s4
core   0: 3 0x800075ac (0x014212b3) x 5 0x00000001
core   0: 0x800075b0 (0x0391b633) mulhu   a2, gp, s9
core   0: 3 0x800075b0 (0x0391b633) x12 0x00000000
core   0: 0x800075b4 (0x03a42c33) mulhsu  s8, s0, s10
core   0: 3 0x800075b4 (0x03a42c33) x24 0x00000000
core   0: 0x800075b8 (0x01d28133) add     sp, t0, t4
core   0: 3 0x800075b8 (0x01d28133) x 2 0x30a00001
core   0: 0x800075bc (0xbdd0ad13) slti    s10, ra, -1059
core   0: 3 0x800075bc (0xbdd0ad13) x26 0x00000000
core   0: 0x800075c0 (0x03691a33) mulh    s4, s2, s6
core   0: 3 0x800075c0 (0x03691a33) x20 0x00000000
core   0: 0x800075c4 (0x03a06eb3) rem     t4, zero, s10
core   0: 3 0x800075c4 (0x03a06eb3) x29 0x00000000
core   0: 0x800075c8 (0x019e2933) slt     s2, t3, s9
core   0: 3 0x800075c8 (0x019e2933) x18 0x00000000
core   0: 0x800075cc (0x00771a13) slli    s4, a4, 7
core   0: 3 0x800075cc (0x00771a13) x20 0x7a328600
core   0: 0x800075d0 (0x002b62b3) or      t0, s6, sp
core   0: 3 0x800075d0 (0x002b62b3) x 5 0x30a00001
core   0: 0x800075d4 (0x072a8517) auipc   a0, 0x72a8
core   0: 3 0x800075d4 (0x072a8517) x10 0x872af5d4
core   0: 0x800075d8 (0x01a5f133) and     sp, a1, s10
core   0: 3 0x800075d8 (0x01a5f133) x 2 0x00000000
core   0: 0x800075dc (0x015dda33) srl     s4, s11, s5
core   0: 3 0x800075dc (0x015dda33) x20 0x00000001
core   0: 0x800075e0 (0x00b49133) sll     sp, s1, a1
core   0: 3 0x800075e0 (0x00b49133) x 2 0x80000000
core   0: 0x800075e4 (0x019e4033) xor     zero, t3, s9
core   0: 3 0x800075e4 (0x019e4033)
core   0: 0x800075e8 (0x00b982b3) add     t0, s3, a1
core   0: 3 0x800075e8 (0x00b982b3) x 5 0x0000000a
core   0: 0x800075ec (0xe7503093) sltiu   ra, zero, -395
core   0: 3 0x800075ec (0xe7503093) x 1 0x00000001
core   0: 0x800075f0 (0xc53b3393) sltiu   t2, s6, -941
core   0: 3 0x800075f0 (0xc53b3393) x 7 0x00000001
core   0: 0x800075f4 (0x0022abb3) slt     s7, t0, sp
core   0: 3 0x800075f4 (0x0022abb3) x23 0x00000000
core   0: 0x800075f8 (0x0187d413) srli    s0, a5, 24
core   0: 3 0x800075f8 (0x0187d413) x 8 0x00000000
core   0: 0x800075fc (0x581e01b7) lui     gp, 0x581e0
core   0: 3 0x800075fc (0x581e01b7) x 3 0x581e0000
core   0: 0x80007600 (0x009edf93) srli    t6, t4, 9
core   0: 3 0x80007600 (0x009edf93) x31 0x00000000
core   0: 0x80007604 (0x356cf093) andi    ra, s9, 854
core   0: 3 0x80007604 (0x356cf093) x 1 0x00000000
core   0: 0x80007608 (0x008b8cb3) add     s9, s7, s0
core   0: 3 0x80007608 (0x008b8cb3) x25 0x00000000
core   0: 0x8000760c (0x03fb6533) rem     a0, s6, t6
core   0: 3 0x8000760c (0x03fb6533) x10 0x30a00000
core   0: 0x80007610 (0xac364613) xori    a2, a2, -1341
core   0: 3 0x80007610 (0xac364613) x12 0xfffffac3
core   0: 0x80007614 (0x40dd8d33) sub     s10, s11, a3
core   0: 3 0x80007614 (0x40dd8d33) x26 0x80018ce4
core   0: 0x80007618 (0x00b93f33) sltu    t5, s2, a1
core   0: 3 0x80007618 (0x00b93f33) x30 0x00000001
core   0: 0x8000761c (0x454cf213) andi    tp, s9, 1108
core   0: 3 0x8000761c (0x454cf213) x 4 0x00000000
core   0: 0x80007620 (0x02a092b3) mulh    t0, ra, a0
core   0: 3 0x80007620 (0x02a092b3) x 5 0x00000000
core   0: 0x80007624 (0x0309ab33) mulhsu  s6, s3, a6
core   0: 3 0x80007624 (0x0309ab33) x22 0x00000005
core   0: 0x80007628 (0x037dff33) remu    t5, s11, s7
core   0: 3 0x80007628 (0x037dff33) x30 0x80018ce4
core   0: 0x8000762c (0xe789ab13) slti    s6, s3, -392
core   0: 3 0x8000762c (0xe789ab13) x22 0x00000000
core   0: 0x80007630 (0x4097d5b3) sra     a1, a5, s1
core   0: 3 0x80007630 (0x4097d5b3) x11 0x00000000
core   0: 0x80007634 (0x02334533) div     a0, t1, gp
core   0: 3 0x80007634 (0x02334533) x10 0x00000000
core   0: 0x80007638 (0x015fafb3) slt     t6, t6, s5
core   0: 3 0x80007638 (0x015fafb3) x31 0x00000000
core   0: 0x8000763c (0x006bfc33) and     s8, s7, t1
core   0: 3 0x8000763c (0x006bfc33) x24 0x00000000
core   0: 0x80007640 (0x419ada33) sra     s4, s5, s9
core   0: 3 0x80007640 (0x419ada33) x20 0xffffffff
core   0: 0x80007644 (0x030138b3) mulhu   a7, sp, a6
core   0: 3 0x80007644 (0x030138b3) x17 0x4000a732
core   0: 0x80007648 (0x012efe33) and     t3, t4, s2
core   0: 3 0x80007648 (0x012efe33) x28 0x00000000
core   0: 0x8000764c (0x94f75317) auipc   t1, 0x94f75
core   0: 3 0x8000764c (0x94f75317) x 6 0x14f7c64c
core   0: 0x80007650 (0x0171d1b3) srl     gp, gp, s7
core   0: 3 0x80007650 (0x0171d1b3) x 3 0x581e0000
core   0: 0x80007654 (0x1bdc2117) auipc   sp, 0x1bdc2
core   0: 3 0x80007654 (0x1bdc2117) x 2 0x9bdc9654
core   0: 0x80007658 (0x00c2f6b3) and     a3, t0, a2
core   0: 3 0x80007658 (0x00c2f6b3) x13 0x00000000
core   0: 0x8000765c (0x36a66e93) ori     t4, a2, 874
core   0: 3 0x8000765c (0x36a66e93) x29 0xfffffbeb
core   0: 0x80007660 (0x47c69197) auipc   gp, 0x47c69
core   0: 3 0x80007660 (0x47c69197) x 3 0xc7c70660
core   0: 0x80007664 (0xb5e8e393) ori     t2, a7, -1186
core   0: 3 0x80007664 (0xb5e8e393) x 7 0xffffff7e
core   0: 0x80007668 (0x007dcab3) xor     s5, s11, t2
core   0: 3 0x80007668 (0x007dcab3) x21 0x7ffe739a
core   0: 0x8000766c (0x09c93a37) lui     s4, 0x9c93
core   0: 3 0x8000766c (0x09c93a37) x20 0x09c93000
core   0: 0x80007670 (0x03455133) divu    sp, a0, s4
core   0: 3 0x80007670 (0x03455133) x 2 0x00000000
core   0: 0x80007674 (0x92953d13) sltiu   s10, a0, -1751
core   0: 3 0x80007674 (0x92953d13) x26 0x00000001
core   0: 0x80007678 (0x01266e33) or      t3, a2, s2
core   0: 3 0x80007678 (0x01266e33) x28 0xfffffac3
core   0: 0x8000767c (0x0102dbb3) srl     s7, t0, a6
core   0: 3 0x8000767c (0x0102dbb3) x23 0x00000000
core   0: 0x80007680 (0x03ec1a33) mulh    s4, s8, t5
core   0: 3 0x80007680 (0x03ec1a33) x20 0x00000000
core   0: 0x80007684 (0x0334f533) remu    a0, s1, s3
core   0: 3 0x80007684 (0x0334f533) x10 0x00000003
core   0: 0x80007688 (0x02318a33) mul     s4, gp, gp
core   0: 3 0x80007688 (0x02318a33) x20 0x2968a400
core   0: 0x8000768c (0x406b04b3) sub     s1, s6, t1
core   0: 3 0x8000768c (0x406b04b3) x 9 0xeb0839b4
core   0: 0x80007690 (0x01ca5c33) srl     s8, s4, t3
core   0: 3 0x80007690 (0x01ca5c33) x24 0x052d1480
core   0: 0x80007694 (0x02503533) mulhu   a0, zero, t0
core   0: 3 0x80007694 (0x02503533) x10 0x00000000
core   0: 0x80007698 (0x02663d33) mulhu   s10, a2, t1
core   0: 3 0x80007698 (0x02663d33) x26 0x14f7c5de
core   0: 0x8000769c (0x027755b3) divu    a1, a4, t2
core   0: 3 0x8000769c (0x027755b3) x11 0x00000000
core   0: 0x800076a0 (0x022d5c33) divu    s8, s10, sp
core   0: 3 0x800076a0 (0x022d5c33) x24 0xffffffff
core   0: 0x800076a4 (0x03ced633) divu    a2, t4, t3
core   0: 3 0x800076a4 (0x03ced633) x12 0x00000001
core   0: 0x800076a8 (0x030deeb3) rem     t4, s11, a6
core   0: 3 0x800076a8 (0x030deeb3) x29 0x80018ce4
core   0: 0x800076ac (0xb07a3793) sltiu   a5, s4, -1273
core   0: 3 0x800076ac (0xb07a3793) x15 0x00000001
core   0: 0x800076b0 (0x00aaffb3) and     t6, s5, a0
core   0: 3 0x800076b0 (0x00aaffb3) x31 0x00000000
core   0: 0x800076b4 (0x383ab593) sltiu   a1, s5, 899
core   0: 3 0x800076b4 (0x383ab593) x11 0x00000000
core   0: 0x800076b8 (0x02a6e433) rem     s0, a3, a0
core   0: 3 0x800076b8 (0x02a6e433) x 8 0x00000000
core   0: 0x800076bc (0x00e11613) slli    a2, sp, 14
core   0: 3 0x800076bc (0x00e11613) x12 0x00000000
core   0: 0x800076c0 (0x019a5233) srl     tp, s4, s9
core   0: 3 0x800076c0 (0x019a5233) x 4 0x2968a400
core   0: 0x800076c4 (0x025ed5b3) divu    a1, t4, t0
core   0: 3 0x800076c4 (0x025ed5b3) x11 0xffffffff
core   0: 0x800076c8 (0x02241bb3) mulh    s7, s0, sp
core   0: 3 0x800076c8 (0x02241bb3) x23 0x00000000
core   0: 0x800076cc (0x02de9033) mulh    zero, t4, a3
core   0: 3 0x800076cc (0x02de9033)
core   0: 0x800076d0 (0x0042d413) srli    s0, t0, 4
core   0: 3 0x800076d0 (0x0042d413) x 8 0x00000000
core   0: 0x800076d4 (0x003b3fb3) sltu    t6, s6, gp
core   0: 3 0x800076d4 (0x003b3fb3) x31 0x00000001
core   0: 0x800076d8 (0x7e903b93) sltiu   s7, zero, 2025
core   0: 3 0x800076d8 (0x7e903b93) x23 0x00000001
core   0: 0x800076dc (0x00000013) nop
core   0: 3 0x800076dc (0x00000013)
core   0: 0x800076e0 (0x030e04b3) mul     s1, t3, a6
core   0: 3 0x800076e0 (0x030e04b3) x 9 0x79285e2c
core   0: 0x800076e4 (0x021e5033) divu    zero, t3, ra
core   0: 3 0x800076e4 (0x021e5033)
core   0: 0x800076e8 (0x46cab893) sltiu   a7, s5, 1132
core   0: 3 0x800076e8 (0x46cab893) x17 0x00000000
core   0: 0x800076ec (0x029db733) mulhu   a4, s11, s1
core   0: 3 0x800076ec (0x029db733) x14 0x3c94eaec
core   0: 0x800076f0 (0x413158b3) sra     a7, sp, s3
core   0: 3 0x800076f0 (0x413158b3) x17 0x00000000
core   0: 0x800076f4 (0x03645933) divu    s2, s0, s6
core   0: 3 0x800076f4 (0x03645933) x18 0xffffffff
core   0: 0x800076f8 (0x6c85e513) ori     a0, a1, 1736
core   0: 3 0x800076f8 (0x6c85e513) x10 0xffffffff
core   0: 0x800076fc (0x2309e913) ori     s2, s3, 560
core   0: 3 0x800076fc (0x2309e913) x18 0x0000023b
core   0: 0x80007700 (0x01e9b533) sltu    a0, s3, t5
core   0: 3 0x80007700 (0x01e9b533) x10 0x00000001
core   0: 0x80007704 (0x01cee433) or      s0, t4, t3
core   0: 3 0x80007704 (0x01cee433) x 8 0xfffffee7
core   0: 0x80007708 (0x46078f13) addi    t5, a5, 1120
core   0: 3 0x80007708 (0x46078f13) x30 0x00000461
core   0: 0x8000770c (0x009e7cb3) and     s9, t3, s1
core   0: 3 0x8000770c (0x009e7cb3) x25 0x79285a00
core   0: 0x80007710 (0x03a2c4b3) div     s1, t0, s10
core   0: 3 0x80007710 (0x03a2c4b3) x 9 0x00000000
core   0: 0x80007714 (0x00cdc8b3) xor     a7, s11, a2
core   0: 3 0x80007714 (0x00cdc8b3) x17 0x80018ce4
core   0: 0x80007718 (0x008d3d33) sltu    s10, s10, s0
core   0: 3 0x80007718 (0x008d3d33) x26 0x00000001
core   0: 0x8000771c (0x01cb1133) sll     sp, s6, t3
core   0: 3 0x8000771c (0x01cb1133) x 2 0x00000000
core   0: 0x80007720 (0xe7ad4e13) xori    t3, s10, -390
core   0: 3 0x80007720 (0xe7ad4e13) x28 0xfffffe7b
core   0: 0x80007724 (0x037ea133) mulhsu  sp, t4, s7
core   0: 3 0x80007724 (0x037ea133) x 2 0xffffffff
core   0: 0x80007728 (0x0276a033) mulhsu  zero, a3, t2
core   0: 3 0x80007728 (0x0276a033)
core   0: 0x8000772c (0x027026b3) mulhsu  a3, zero, t2
core   0: 3 0x8000772c (0x027026b3) x13 0x00000000
core   0: 0x80007730 (0x0117a933) slt     s2, a5, a7
core   0: 3 0x80007730 (0x0117a933) x18 0x00000000
core   0: 0x80007734 (0x000a85b3) add     a1, s5, zero
core   0: 3 0x80007734 (0x000a85b3) x11 0x7ffe739a
core   0: 0x80007738 (0x00930333) add     t1, t1, s1
core   0: 3 0x80007738 (0x00930333) x 6 0x14f7c64c
core   0: 0x8000773c (0x40945d33) sra     s10, s0, s1
core   0: 3 0x8000773c (0x40945d33) x26 0xfffffee7
core   0: 0x80007740 (0x00cf9f93) slli    t6, t6, 12
core   0: 3 0x80007740 (0x00cf9f93) x31 0x00001000
core   0: 0x80007744 (0x02916033) rem     zero, sp, s1
core   0: 3 0x80007744 (0x02916033)
core   0: 0x80007748 (0x025aa533) mulhsu  a0, s5, t0
core   0: 3 0x80007748 (0x025aa533) x10 0x00000000
core   0: 0x8000774c (0x410a50b3) sra     ra, s4, a6
core   0: 3 0x8000774c (0x410a50b3) x 1 0x02968a40
core   0: 0x80007750 (0x00000013) nop
core   0: 3 0x80007750 (0x00000013)
core   0: 0x80007754 (0x00e683b3) add     t2, a3, a4
core   0: 3 0x80007754 (0x00e683b3) x 7 0x3c94eaec
core   0: 0x80007758 (0x00e4d933) srl     s2, s1, a4
core   0: 3 0x80007758 (0x00e4d933) x18 0x00000000
core   0: 0x8000775c (0x408f02b3) sub     t0, t5, s0
core   0: 3 0x8000775c (0x408f02b3) x 5 0x0000057a
core   0: 0x80007760 (0x018aba33) sltu    s4, s5, s8
core   0: 3 0x80007760 (0x018aba33) x20 0x00000001
core   0: 0x80007764 (0xba2a6493) ori     s1, s4, -1118
core   0: 3 0x80007764 (0xba2a6493) x 9 0xfffffba3
core   0: 0x80007768 (0x03ffa133) mulhsu  sp, t6, t6
core   0: 3 0x80007768 (0x03ffa133) x 2 0x00000000
core   0: 0x8000776c (0x01192f33) slt     t5, s2, a7
core   0: 3 0x8000776c (0x01192f33) x30 0x00000000
core   0: 0x80007770 (0x0358bfb3) mulhu   t6, a7, s5
core   0: 3 0x80007770 (0x0358bfb3) x31 0x4000003c
core   0: 0x80007774 (0x8c67b513) sltiu   a0, a5, -1850
core   0: 3 0x80007774 (0x8c67b513) x10 0x00000001
core   0: 0x80007778 (0x02237133) remu    sp, t1, sp
core   0: 3 0x80007778 (0x02237133) x 2 0x14f7c64c
core   0: 0x8000777c (0x004ac033) xor     zero, s5, tp
core   0: 3 0x8000777c (0x004ac033)
core   0: 0x80007780 (0x014380b3) add     ra, t2, s4
core   0: 3 0x80007780 (0x014380b3) x 1 0x3c94eaed
core   0: 0x80007784 (0x419e8433) sub     s0, t4, s9
core   0: 3 0x80007784 (0x419e8433) x 8 0x06d932e4
core   0: 0x80007788 (0x00c3d7b3) srl     a5, t2, a2
core   0: 3 0x80007788 (0x00c3d7b3) x15 0x3c94eaec
core   0: 0x8000778c (0xdf1b2d13) slti    s10, s6, -527
core   0: 3 0x8000778c (0xdf1b2d13) x26 0x00000000
core   0: 0x80007790 (0xe6b10413) addi    s0, sp, -405
core   0: 3 0x80007790 (0xe6b10413) x 8 0x14f7c4b7
core   0: 0x80007794 (0x03a98233) mul     tp, s3, s10
core   0: 3 0x80007794 (0x03a98233) x 4 0x00000000
core   0: 0x80007798 (0x03086433) rem     s0, a6, a6
core   0: 3 0x80007798 (0x03086433) x 8 0x00000000
core   0: 0x8000779c (0x00e1f8b3) and     a7, gp, a4
core   0: 3 0x8000779c (0x00e1f8b3) x17 0x04840260
core   0: 0x800077a0 (0x40a58bb3) sub     s7, a1, a0
core   0: 3 0x800077a0 (0x40a58bb3) x23 0x7ffe7399
core   0: 0x800077a4 (0x0025dc33) srl     s8, a1, sp
core   0: 3 0x800077a4 (0x0025dc33) x24 0x0007ffe7
core   0: 0x800077a8 (0x002b4fb3) xor     t6, s6, sp
core   0: 3 0x800077a8 (0x002b4fb3) x31 0x14f7c64c
core   0: 0x800077ac (0x019dd733) srl     a4, s11, s9
core   0: 3 0x800077ac (0x019dd733) x14 0x80018ce4
core   0: 0x800077b0 (0x01985eb3) srl     t4, a6, s9
core   0: 3 0x800077b0 (0x01985eb3) x29 0x80014e64
core   0: 0x800077b4 (0x03ad3533) mulhu   a0, s10, s10
core   0: 3 0x800077b4 (0x03ad3533) x10 0x00000000
core   0: 0x800077b8 (0x00000013) nop
core   0: 3 0x800077b8 (0x00000013)
core   0: 0x800077bc (0x09aaec93) ori     s9, s5, 154
core   0: 3 0x800077bc (0x09aaec93) x25 0x7ffe739a
core   0: 0x800077c0 (0x00c3ac33) slt     s8, t2, a2
core   0: 3 0x800077c0 (0x00c3ac33) x24 0x00000000
core   0: 0x800077c4 (0x03c433b3) mulhu   t2, s0, t3
core   0: 3 0x800077c4 (0x03c433b3) x 7 0x00000000
core   0: 0x800077c8 (0xbda0a797) auipc   a5, 0xbda0a
core   0: 3 0x800077c8 (0xbda0a797) x15 0x3da117c8
core   0: 0x800077cc (0xfc283593) sltiu   a1, a6, -62
core   0: 3 0x800077cc (0xfc283593) x11 0x00000001
core   0: 0x800077d0 (0xbba14693) xori    a3, sp, -1094
core   0: 3 0x800077d0 (0xbba14693) x13 0xeb083df6
core   0: 0x800077d4 (0x03fe9333) mulh    t1, t4, t6
core   0: 3 0x800077d4 (0x03fe9333) x 6 0xf584383d
core   0: 0x800077d8 (0x0389d3b3) divu    t2, s3, s8
core   0: 3 0x800077d8 (0x0389d3b3) x 7 0xffffffff
core   0: 0x800077dc (0x01449913) slli    s2, s1, 20
core   0: 3 0x800077dc (0x01449913) x18 0xba300000
core   0: 0x800077e0 (0xe2d3be17) auipc   t3, 0xe2d3b
core   0: 3 0x800077e0 (0xe2d3be17) x28 0x62d427e0
core   0: 0x800077e4 (0xf6ae2297) auipc   t0, 0xf6ae2
core   0: 3 0x800077e4 (0xf6ae2297) x 5 0x76ae97e4
core   0: 0x800077e8 (0xb0706e97) auipc   t4, 0xb0706
core   0: 3 0x800077e8 (0xb0706e97) x29 0x3070d7e8
core   0: 0x800077ec (0x007e1093) slli    ra, t3, 7
core   0: 3 0x800077ec (0x007e1093) x 1 0x6a13f000
core   0: 0x800077f0 (0x027cf7b3) remu    a5, s9, t2
core   0: 3 0x800077f0 (0x027cf7b3) x15 0x7ffe739a
core   0: 0x800077f4 (0x01be67b3) or      a5, t3, s11
core   0: 3 0x800077f4 (0x01be67b3) x15 0xe2d5afe4
core   0: 0x800077f8 (0x7e8b2c93) slti    s9, s6, 2024
core   0: 3 0x800077f8 (0x7e8b2c93) x25 0x00000001
core   0: 0x800077fc (0x34e56693) ori     a3, a0, 846
core   0: 3 0x800077fc (0x34e56693) x13 0x0000034e
core   0: 0x80007800 (0x034bf3b3) remu    t2, s7, s4
core   0: 3 0x80007800 (0x034bf3b3) x 7 0x00000000
core   0: 0x80007804 (0x033ce033) rem     zero, s9, s3
core   0: 3 0x80007804 (0x033ce033)
core   0: 0x80007808 (0x00b9abb3) slt     s7, s3, a1
core   0: 3 0x80007808 (0x00b9abb3) x23 0x00000000
core   0: 0x8000780c (0x00841c33) sll     s8, s0, s0
core   0: 3 0x8000780c (0x00841c33) x24 0x00000000
core   0: 0x80007810 (0x0386c3b3) div     t2, a3, s8
core   0: 3 0x80007810 (0x0386c3b3) x 7 0xffffffff
core   0: 0x80007814 (0x40875d33) sra     s10, a4, s0
core   0: 3 0x80007814 (0x40875d33) x26 0x80018ce4
core   0: 0x80007818 (0x03e8fd33) remu    s10, a7, t5
core   0: 3 0x80007818 (0x03e8fd33) x26 0x04840260
core   0: 0x8000781c (0x02e59933) mulh    s2, a1, a4
core   0: 3 0x8000781c (0x02e59933) x18 0xffffffff
core   0: 0x80007820 (0x41ca53b3) sra     t2, s4, t3
core   0: 3 0x80007820 (0x41ca53b3) x 7 0x00000001
core   0: 0x80007824 (0x4eddd4b7) lui     s1, 0x4eddd
core   0: 3 0x80007824 (0x4eddd4b7) x 9 0x4eddd000
core   0: 0x80007828 (0x41835193) srai    gp, t1, 24
core   0: 3 0x80007828 (0x41835193) x 3 0xfffffff5
core   0: 0x8000782c (0xbc9bf193) andi    gp, s7, -1079
core   0: 3 0x8000782c (0xbc9bf193) x 3 0x00000000
core   0: 0x80007830 (0x00000013) nop
core   0: 3 0x80007830 (0x00000013)
core   0: 0x80007834 (0x40ae5c13) srai    s8, t3, 10
core   0: 3 0x80007834 (0x40ae5c13) x24 0x0018b509
core   0: 0x80007838 (0x0241cfb3) div     t6, gp, tp
core   0: 3 0x80007838 (0x0241cfb3) x31 0xffffffff
core   0: 0x8000783c (0x038d3fb3) mulhu   t6, s10, s8
core   0: 3 0x8000783c (0x038d3fb3) x31 0x00006f91
core   0: 0x80007840 (0x03a66533) rem     a0, a2, s10
core   0: 3 0x80007840 (0x03a66533) x10 0x00000000
core   0: 0x80007844 (0x03b91933) mulh    s2, s2, s11
core   0: 3 0x80007844 (0x03b91933) x18 0x00000000
core   0: 0x80007848 (0x5c6af093) andi    ra, s5, 1478
core   0: 3 0x80007848 (0x5c6af093) x 1 0x00000182
core   0: 0x8000784c (0xbe7d3f93) sltiu   t6, s10, -1049
core   0: 3 0x8000784c (0xbe7d3f93) x31 0x00000001
core   0: 0x80007850 (0xf0e21937) lui     s2, 0xf0e21
core   0: 3 0x80007850 (0xf0e21937) x18 0xf0e21000
core   0: 0x80007854 (0x41335393) srai    t2, t1, 19
core   0: 3 0x80007854 (0x41335393) x 7 0xfffffeb0
core   0: 0x80007858 (0x413ed513) srai    a0, t4, 19
core   0: 3 0x80007858 (0x413ed513) x10 0x0000060e
core   0: 0x8000785c (0x031f7733) remu    a4, t5, a7
core   0: 3 0x8000785c (0x031f7733) x14 0x00000000
core   0: 0x80007860 (0x02c0e733) rem     a4, ra, a2
core   0: 3 0x80007860 (0x02c0e733) x14 0x00000182
core   0: 0x80007864 (0xe2113193) sltiu   gp, sp, -479
core   0: 3 0x80007864 (0xe2113193) x 3 0x00000001
core   0: 0x80007868 (0x017b97b3) sll     a5, s7, s7
core   0: 3 0x80007868 (0x017b97b3) x15 0x00000000
core   0: 0x8000786c (0x02f30133) mul     sp, t1, a5
core   0: 3 0x8000786c (0x02f30133) x 2 0x00000000
core   0: 0x80007870 (0x562caa13) slti    s4, s9, 1378
core   0: 3 0x80007870 (0x562caa13) x20 0x00000001
core   0: 0x80007874 (0x007b5fb3) srl     t6, s6, t2
core   0: 3 0x80007874 (0x007b5fb3) x31 0x00000000
core   0: 0x80007878 (0x41a2d513) srai    a0, t0, 26
core   0: 3 0x80007878 (0x41a2d513) x10 0x0000001d
core   0: 0x8000787c (0x030b9e33) mulh    t3, s7, a6
core   0: 3 0x8000787c (0x030b9e33) x28 0x00000000
core   0: 0x80007880 (0x0202cfb3) div     t6, t0, zero
core   0: 3 0x80007880 (0x0202cfb3) x31 0xffffffff
core   0: 0x80007884 (0x01c7da93) srli    s5, a5, 28
core   0: 3 0x80007884 (0x01c7da93) x21 0x00000000
core   0: 0x80007888 (0x01b45333) srl     t1, s0, s11
core   0: 3 0x80007888 (0x01b45333) x 6 0x00000000
core   0: 0x8000788c (0x0199f033) and     zero, s3, s9
core   0: 3 0x8000788c (0x0199f033)
core   0: 0x80007890 (0x46597b37) lui     s6, 0x46597
core   0: 3 0x80007890 (0x46597b37) x22 0x46597000
core   0: 0x80007894 (0x404156b3) sra     a3, sp, tp
core   0: 3 0x80007894 (0x404156b3) x13 0x00000000
core   0: 0x80007898 (0x01e010b3) sll     ra, zero, t5
core   0: 3 0x80007898 (0x01e010b3) x 1 0x00000000
core   0: 0x8000789c (0x02f326b3) mulhsu  a3, t1, a5
core   0: 3 0x8000789c (0x02f326b3) x13 0x00000000
core   0: 0x800078a0 (0x2a98f213) andi    tp, a7, 681
core   0: 3 0x800078a0 (0x2a98f213) x 4 0x00000220
core   0: 0x800078a4 (0x017e1313) slli    t1, t3, 23
core   0: 3 0x800078a4 (0x017e1313) x 6 0x00000000
core   0: 0x800078a8 (0x0016da33) srl     s4, a3, ra
core   0: 3 0x800078a8 (0x0016da33) x20 0x00000000
core   0: 0x800078ac (0x02b405b3) mul     a1, s0, a1
core   0: 3 0x800078ac (0x02b405b3) x11 0x00000000
core   0: 0x800078b0 (0x012eec33) or      s8, t4, s2
core   0: 3 0x800078b0 (0x012eec33) x24 0xf0f2d7e8
core   0: 0x800078b4 (0x034ad2b3) divu    t0, s5, s4
core   0: 3 0x800078b4 (0x034ad2b3) x 5 0xffffffff
core   0: 0x800078b8 (0x00b9ffb3) and     t6, s3, a1
core   0: 3 0x800078b8 (0x00b9ffb3) x31 0x00000000
core   0: 0x800078bc (0x016f9793) slli    a5, t6, 22
core   0: 3 0x800078bc (0x016f9793) x15 0x00000000
core   0: 0x800078c0 (0x01a4dc33) srl     s8, s1, s10
core   0: 3 0x800078c0 (0x01a4dc33) x24 0x4eddd000
core   0: 0x800078c4 (0x367ced13) ori     s10, s9, 871
core   0: 3 0x800078c4 (0x367ced13) x26 0x00000367
core   0: 0x800078c8 (0x02f9cbb3) div     s7, s3, a5
core   0: 3 0x800078c8 (0x02f9cbb3) x23 0xffffffff
core   0: 0x800078cc (0x409e5633) sra     a2, t3, s1
core   0: 3 0x800078cc (0x409e5633) x12 0x00000000
core   0: 0x800078d0 (0x00ba5693) srli    a3, s4, 11
core   0: 3 0x800078d0 (0x00ba5693) x13 0x00000000
core   0: 0x800078d4 (0x73de0c13) addi    s8, t3, 1853
core   0: 3 0x800078d4 (0x73de0c13) x24 0x0000073d
core   0: 0x800078d8 (0x01d70ab3) add     s5, a4, t4
core   0: 3 0x800078d8 (0x01d70ab3) x21 0x3070d96a
core   0: 0x800078dc (0x1877ce13) xori    t3, a5, 391
core   0: 3 0x800078dc (0x1877ce13) x28 0x00000187
core   0: 0x800078e0 (0x00000013) nop
core   0: 3 0x800078e0 (0x00000013)
core   0: 0x800078e4 (0x01835793) srli    a5, t1, 24
core   0: 3 0x800078e4 (0x01835793) x15 0x00000000
core   0: 0x800078e8 (0x41f753b3) sra     t2, a4, t6
core   0: 3 0x800078e8 (0x41f753b3) x 7 0x00000182
core   0: 0x800078ec (0xda294fb7) lui     t6, 0xda294
core   0: 3 0x800078ec (0xda294fb7) x31 0xda294000
core   0: 0x800078f0 (0xbb6c6c93) ori     s9, s8, -1098
core   0: 3 0x800078f0 (0xbb6c6c93) x25 0xffffffbf
core   0: 0x800078f4 (0x1d07cd13) xori    s10, a5, 464
core   0: 3 0x800078f4 (0x1d07cd13) x26 0x000001d0
core   0: 0x800078f8 (0x41cfd1b3) sra     gp, t6, t3
core   0: 3 0x800078f8 (0x41cfd1b3) x 3 0xffb45280
core   0: 0x800078fc (0x026f9c33) mulh    s8, t6, t1
core   0: 3 0x800078fc (0x026f9c33) x24 0x00000000
core   0: 0x80007900 (0x84ee9737) lui     a4, 0x84ee9
core   0: 3 0x80007900 (0x84ee9737) x14 0x84ee9000
core   0: 0x80007904 (0x290ce197) auipc   gp, 0x290ce
core   0: 3 0x80007904 (0x290ce197) x 3 0xa90d5904
core   0: 0x80007908 (0xed61a213) slti    tp, gp, -298
core   0: 3 0x80007908 (0xed61a213) x 4 0x00000001
core   0: 0x8000790c (0x41ad0433) sub     s0, s10, s10
core   0: 3 0x8000790c (0x41ad0433) x 8 0x00000000
core   0: 0x80007910 (0x001eb0b3) sltu    ra, t4, ra
core   0: 3 0x80007910 (0x001eb0b3) x 1 0x00000000
core   0: 0x80007914 (0x00e3afb3) slt     t6, t2, a4
core   0: 3 0x80007914 (0x00e3afb3) x31 0x00000000
core   0: 0x80007918 (0x0280aa93) slti    s5, ra, 40
core   0: 3 0x80007918 (0x0280aa93) x21 0x00000001
core   0: 0x8000791c (0x0319e1b3) rem     gp, s3, a7
core   0: 3 0x8000791c (0x0319e1b3) x 3 0x0000000b
core   0: 0x80007920 (0x0293ed33) rem     s10, t2, s1
core   0: 3 0x80007920 (0x0293ed33) x26 0x00000182
core   0: 0x80007924 (0x0367b933) mulhu   s2, a5, s6
core   0: 3 0x80007924 (0x0367b933) x18 0x00000000
core   0: 0x80007928 (0x001bca33) xor     s4, s7, ra
core   0: 3 0x80007928 (0x001bca33) x20 0xffffffff
core   0: 0x8000792c (0x037c7933) remu    s2, s8, s7
core   0: 3 0x8000792c (0x037c7933) x18 0x00000000
core   0: 0x80007930 (0x00dc6233) or      tp, s8, a3
core   0: 3 0x80007930 (0x00dc6233) x 4 0x00000000
core   0: 0x80007934 (0x02ea3933) mulhu   s2, s4, a4
core   0: 3 0x80007934 (0x02ea3933) x18 0x84ee8fff
core   0: 0x80007938 (0xbf9feb93) ori     s7, t6, -1031
core   0: 3 0x80007938 (0xbf9feb93) x23 0xfffffbf9
core   0: 0x8000793c (0x89595317) auipc   t1, 0x89595
core   0: 3 0x8000793c (0x89595317) x 6 0x0959c93c
core   0: 0x80007940 (0x408f5e33) sra     t3, t5, s0
core   0: 3 0x80007940 (0x408f5e33) x28 0x00000000
core   0: 0x80007944 (0x01416933) or      s2, sp, s4
core   0: 3 0x80007944 (0x01416933) x18 0xffffffff
core   0: 0x80007948 (0x6c617713) andi    a4, sp, 1734
core   0: 3 0x80007948 (0x6c617713) x14 0x00000000
core   0: 0x8000794c (0x035e5333) divu    t1, t3, s5
core   0: 3 0x8000794c (0x035e5333) x 6 0x00000000
core   0: 0x80007950 (0xaf59ae93) slti    t4, s3, -1291
core   0: 3 0x80007950 (0xaf59ae93) x29 0x00000000
core   0: 0x80007954 (0x02a4d533) divu    a0, s1, a0
core   0: 3 0x80007954 (0x02a4d533) x10 0x02b8334f
core   0: 0x80007958 (0xce49b293) sltiu   t0, s3, -796
core   0: 3 0x80007958 (0xce49b293) x 5 0x00000001
core   0: 0x8000795c (0x02d5d7b3) divu    a5, a1, a3
core   0: 3 0x8000795c (0x02d5d7b3) x15 0xffffffff
core   0: 0x80007960 (0x01736bb3) or      s7, t1, s7
core   0: 3 0x80007960 (0x01736bb3) x23 0xfffffbf9
core   0: 0x80007964 (0x017267b3) or      a5, tp, s7
core   0: 3 0x80007964 (0x017267b3) x15 0xfffffbf9
core   0: 0x80007968 (0x036532b3) mulhu   t0, a0, s6
core   0: 3 0x80007968 (0x036532b3) x 5 0x00bf5142
core   0: 0x8000796c (0x57267e93) andi    t4, a2, 1394
core   0: 3 0x8000796c (0x57267e93) x29 0x00000000
core   0: 0x80007970 (0x2370a513) slti    a0, ra, 567
core   0: 3 0x80007970 (0x2370a513) x10 0x00000001
core   0: 0x80007974 (0x01fa5f13) srli    t5, s4, 31
core   0: 3 0x80007974 (0x01fa5f13) x30 0x00000001
core   0: 0x80007978 (0x02f75b33) divu    s6, a4, a5
core   0: 3 0x80007978 (0x02f75b33) x22 0x00000000
core   0: 0x8000797c (0x0118ccb3) xor     s9, a7, a7
core   0: 3 0x8000797c (0x0118ccb3) x25 0x00000000
core   0: 0x80007980 (0xb54f0cb7) lui     s9, 0xb54f0
core   0: 3 0x80007980 (0xb54f0cb7) x25 0xb54f0000
core   0: 0x80007984 (0x407cd893) srai    a7, s9, 7
core   0: 3 0x80007984 (0x407cd893) x17 0xff6a9e00
core   0: 0x80007988 (0xcbbb2313) slti    t1, s6, -837
core   0: 3 0x80007988 (0xcbbb2313) x 6 0x00000000
core   0: 0x8000798c (0x03ddb033) mulhu   zero, s11, t4
core   0: 3 0x8000798c (0x03ddb033)
core   0: 0x80007990 (0x01e65733) srl     a4, a2, t5
core   0: 3 0x80007990 (0x01e65733) x14 0x00000000
core   0: 0x80007994 (0x02ed2033) mulhsu  zero, s10, a4
core   0: 3 0x80007994 (0x02ed2033)
core   0: 0x80007998 (0xbef96113) ori     sp, s2, -1041
core   0: 3 0x80007998 (0xbef96113) x 2 0xffffffff
core   0: 0x8000799c (0x025761b3) rem     gp, a4, t0
core   0: 3 0x8000799c (0x025761b3) x 3 0x00000000
core   0: 0x800079a0 (0x00508f33) add     t5, ra, t0
core   0: 3 0x800079a0 (0x00508f33) x30 0x00bf5142
core   0: 0x800079a4 (0x029f05b3) mul     a1, t5, s1
core   0: 3 0x800079a4 (0x029f05b3) x11 0xb3ffa000
core   0: 0x800079a8 (0x0150a133) slt     sp, ra, s5
core   0: 3 0x800079a8 (0x0150a133) x 2 0x00000001
core   0: 0x800079ac (0x00ba58b3) srl     a7, s4, a1
core   0: 3 0x800079ac (0x00ba58b3) x17 0xffffffff
core   0: 0x800079b0 (0x00979513) slli    a0, a5, 9
core   0: 3 0x800079b0 (0x00979513) x10 0xfff7f200
core   0: 0x800079b4 (0x6ae8b317) auipc   t1, 0x6ae8b
core   0: 3 0x800079b4 (0x6ae8b317) x 6 0xeae929b4
core   0: 0x800079b8 (0x1dc93313) sltiu   t1, s2, 476
core   0: 3 0x800079b8 (0x1dc93313) x 6 0x00000000
core   0: 0x800079bc (0x017741b3) xor     gp, a4, s7
core   0: 3 0x800079bc (0x017741b3) x 3 0xfffffbf9
core   0: 0x800079c0 (0x01044c33) xor     s8, s0, a6
core   0: 3 0x800079c0 (0x01044c33) x24 0x80014e64
core   0: 0x800079c4 (0x406b8233) sub     tp, s7, t1
core   0: 3 0x800079c4 (0x406b8233) x 4 0xfffffbf9
core   0: 0x800079c8 (0x8edb46b7) lui     a3, 0x8edb4
core   0: 3 0x800079c8 (0x8edb46b7) x13 0x8edb4000
core   0: 0x800079cc (0xa089eb13) ori     s6, s3, -1528
core   0: 3 0x800079cc (0xa089eb13) x22 0xfffffa0b
core   0: 0x800079d0 (0xda6c0613) addi    a2, s8, -602
core   0: 3 0x800079d0 (0xda6c0613) x12 0x80014c0a
core   0: 0x800079d4 (0x8efe3913) sltiu   s2, t3, -1809
core   0: 3 0x800079d4 (0x8efe3913) x18 0x00000001
core   0: 0x800079d8 (0x2de7b617) auipc   a2, 0x2de7b
core   0: 3 0x800079d8 (0x2de7b617) x12 0xade829d8
core   0: 0x800079dc (0x013c7433) and     s0, s8, s3
core   0: 3 0x800079dc (0x013c7433) x 8 0x00000000
core   0: 0x800079e0 (0xd1799e97) auipc   t4, 0xd1799
core   0: 3 0x800079e0 (0xd1799e97) x29 0x517a09e0
core   0: 0x800079e4 (0x9ac9ba13) sltiu   s4, s3, -1620
core   0: 3 0x800079e4 (0x9ac9ba13) x20 0x00000001
core   0: 0x800079e8 (0x419b8033) sub     zero, s7, s9
core   0: 3 0x800079e8 (0x419b8033)
core   0: 0x800079ec (0x561a4a93) xori    s5, s4, 1377
core   0: 3 0x800079ec (0x561a4a93) x21 0x00000560
core   0: 0x800079f0 (0x02638433) mul     s0, t2, t1
core   0: 3 0x800079f0 (0x02638433) x 8 0x00000000
core   0: 0x800079f4 (0x1be6b913) sltiu   s2, a3, 446
core   0: 3 0x800079f4 (0x1be6b913) x18 0x00000000
core   0: 0x800079f8 (0x00c33f33) sltu    t5, t1, a2
core   0: 3 0x800079f8 (0x00c33f33) x30 0x00000001
core   0: 0x800079fc (0x00ec30b3) sltu    ra, s8, a4
core   0: 3 0x800079fc (0x00ec30b3) x 1 0x00000000
core   0: 0x80007a00 (0x03567cb3) remu    s9, a2, s5
core   0: 3 0x80007a00 (0x03567cb3) x25 0x00000118
core   0: 0x80007a04 (0x0399b933) mulhu   s2, s3, s9
core   0: 3 0x80007a04 (0x0399b933) x18 0x00000000
core   0: 0x80007a08 (0x033091b3) mulh    gp, ra, s3
core   0: 3 0x80007a08 (0x033091b3) x 3 0x00000000
core   0: 0x80007a0c (0x4172d7b3) sra     a5, t0, s7
core   0: 3 0x80007a0c (0x4172d7b3) x15 0x00000000
core   0: 0x80007a10 (0xe81ca513) slti    a0, s9, -383
core   0: 3 0x80007a10 (0xe81ca513) x10 0x00000000
core   0: 0x80007a14 (0x41dcdbb3) sra     s7, s9, t4
core   0: 3 0x80007a14 (0x41dcdbb3) x23 0x00000118
core   0: 0x80007a18 (0xacd43a97) auipc   s5, 0xacd43
core   0: 3 0x80007a18 (0xacd43a97) x21 0x2cd4aa18
core   0: 0x80007a1c (0x8aac6937) lui     s2, 0x8aac6
core   0: 3 0x80007a1c (0x8aac6937) x18 0x8aac6000
core   0: 0x80007a20 (0x03968933) mul     s2, a3, s9
core   0: 3 0x80007a20 (0x03968933) x18 0x3fce0000
core   0: 0x80007a24 (0x0049d193) srli    gp, s3, 4
core   0: 3 0x80007a24 (0x0049d193) x 3 0x00000000
core   0: 0x80007a28 (0xf31ec493) xori    s1, t4, -207
core   0: 3 0x80007a28 (0xf31ec493) x 9 0xae85f6d1
core   0: 0x80007a2c (0x0060b633) sltu    a2, ra, t1
core   0: 3 0x80007a2c (0x0060b633) x12 0x00000000
core   0: 0x80007a30 (0x9c9b3597) auipc   a1, 0x9c9b3
core   0: 3 0x80007a30 (0x9c9b3597) x11 0x1c9baa30
core   0: 0x80007a34 (0x40c7db93) srai    s7, a5, 12
core   0: 3 0x80007a34 (0x40c7db93) x23 0x00000000
core   0: 0x80007a38 (0x02256bb3) rem     s7, a0, sp
core   0: 3 0x80007a38 (0x02256bb3) x23 0x00000000
core   0: 0x80007a3c (0x03ec76b3) remu    a3, s8, t5
core   0: 3 0x80007a3c (0x03ec76b3) x13 0x00000000
core   0: 0x80007a40 (0x039b4bb3) div     s7, s6, s9
core   0: 3 0x80007a40 (0x039b4bb3) x23 0xfffffffb
core   0: 0x80007a44 (0x40e25333) sra     t1, tp, a4
core   0: 3 0x80007a44 (0x40e25333) x 6 0xfffffbf9
core   0: 0x80007a48 (0x31617897) auipc   a7, 0x31617
core   0: 3 0x80007a48 (0x31617897) x17 0xb161ea48
core   0: 0x80007a4c (0x012d5e93) srli    t4, s10, 18
core   0: 3 0x80007a4c (0x012d5e93) x29 0x00000000
core   0: 0x80007a50 (0x03d20233) mul     tp, tp, t4
core   0: 3 0x80007a50 (0x03d20233) x 4 0x00000000
core   0: 0x80007a54 (0x02ba6333) rem     t1, s4, a1
core   0: 3 0x80007a54 (0x02ba6333) x 6 0x00000001
core   0: 0x80007a58 (0xa3034793) xori    a5, t1, -1488
core   0: 3 0x80007a58 (0xa3034793) x15 0xfffffa31
core   0: 0x80007a5c (0x00833eb3) sltu    t4, t1, s0
core   0: 3 0x80007a5c (0x00833eb3) x29 0x00000000
core   0: 0x80007a60 (0x013327b3) slt     a5, t1, s3
core   0: 3 0x80007a60 (0x013327b3) x15 0x00000001
core   0: 0x80007a64 (0x011ce533) or      a0, s9, a7
core   0: 3 0x80007a64 (0x011ce533) x10 0xb161eb58
core   0: 0x80007a68 (0x01cb18b3) sll     a7, s6, t3
core   0: 3 0x80007a68 (0x01cb18b3) x17 0xfffffa0b
core   0: 0x80007a6c (0x00c42333) slt     t1, s0, a2
core   0: 3 0x80007a6c (0x00c42333) x 6 0x00000000
core   0: 0x80007a70 (0x03c037b3) mulhu   a5, zero, t3
core   0: 3 0x80007a70 (0x03c037b3) x15 0x00000000
core   0: 0x80007a74 (0xc84b7893) andi    a7, s6, -892
core   0: 3 0x80007a74 (0xc84b7893) x17 0xfffff800
core   0: 0x80007a78 (0x038c9e33) mulh    t3, s9, s8
core   0: 3 0x80007a78 (0x038c9e33) x28 0xffffff74
core   0: 0x80007a7c (0x00885433) srl     s0, a6, s0
core   0: 3 0x80007a7c (0x00885433) x 8 0x80014e64
core   0: 0x80007a80 (0x011991b3) sll     gp, s3, a7
core   0: 3 0x80007a80 (0x011991b3) x 3 0x0000000b
core   0: 0x80007a84 (0xbbb4ed13) ori     s10, s1, -1093
core   0: 3 0x80007a84 (0xbbb4ed13) x26 0xfffffffb
core   0: 0x80007a88 (0x020f5e33) divu    t3, t5, zero
core   0: 3 0x80007a88 (0x020f5e33) x28 0xffffffff
core   0: 0x80007a8c (0x00a3a5b3) slt     a1, t2, a0
core   0: 3 0x80007a8c (0x00a3a5b3) x11 0x00000000
core   0: 0x80007a90 (0x000c1d13) slli    s10, s8, 0
core   0: 3 0x80007a90 (0x000c1d13) x26 0x80014e64
core   0: 0x80007a94 (0x0029ecb3) or      s9, s3, sp
core   0: 3 0x80007a94 (0x0029ecb3) x25 0x0000000b
core   0: 0x80007a98 (0x00ffaf33) slt     t5, t6, a5
core   0: 3 0x80007a98 (0x00ffaf33) x30 0x00000000
core   0: 0x80007a9c (0xb2500c93) li      s9, -1243
core   0: 3 0x80007a9c (0xb2500c93) x25 0xfffffb25
core   0: 0x80007aa0 (0x00000013) nop
core   0: 3 0x80007aa0 (0x00000013)
core   0: 0x80007aa4 (0x022784b3) mul     s1, a5, sp
core   0: 3 0x80007aa4 (0x022784b3) x 9 0x00000000
core   0: 0x80007aa8 (0x00285d33) srl     s10, a6, sp
core   0: 3 0x80007aa8 (0x00285d33) x26 0x4000a732
core   0: 0x80007aac (0x0309a233) mulhsu  tp, s3, a6
core   0: 3 0x80007aac (0x0309a233) x 4 0x00000005
core   0: 0x80007ab0 (0x033a77b3) remu    a5, s4, s3
core   0: 3 0x80007ab0 (0x033a77b3) x15 0x00000001
core   0: 0x80007ab4 (0xb8cdea97) auipc   s5, 0xb8cde
core   0: 3 0x80007ab4 (0xb8cdea97) x21 0x38ce5ab4
core   0: 0x80007ab8 (0x00e10933) add     s2, sp, a4
core   0: 3 0x80007ab8 (0x00e10933) x18 0x00000001
core   0: 0x80007abc (0x034db5b3) mulhu   a1, s11, s4
core   0: 3 0x80007abc (0x034db5b3) x11 0x00000000
core   0: 0x80007ac0 (0x03b65cb3) divu    s9, a2, s11
core   0: 3 0x80007ac0 (0x03b65cb3) x25 0x00000000
core   0: 0x80007ac4 (0x77c28b93) addi    s7, t0, 1916
core   0: 3 0x80007ac4 (0x77c28b93) x23 0x00bf58be
core   0: 0x80007ac8 (0x008a25b3) slt     a1, s4, s0
core   0: 3 0x80007ac8 (0x008a25b3) x11 0x00000000
core   0: 0x80007acc (0xd144ff13) andi    t5, s1, -748
core   0: 3 0x80007acc (0xd144ff13) x30 0x00000000
core   0: 0x80007ad0 (0x52460893) addi    a7, a2, 1316
core   0: 3 0x80007ad0 (0x52460893) x17 0x00000524
core   0: 0x80007ad4 (0x035cb5b3) mulhu   a1, s9, s5
core   0: 3 0x80007ad4 (0x035cb5b3) x11 0x00000000
core   0: 0x80007ad8 (0x33db0b13) addi    s6, s6, 829
core   0: 3 0x80007ad8 (0x33db0b13) x22 0xfffffd48
core   0: 0x80007adc (0x0386e733) rem     a4, a3, s8
core   0: 3 0x80007adc (0x0386e733) x14 0x00000000
core   0: 0x80007ae0 (0x0061d1b3) srl     gp, gp, t1
core   0: 3 0x80007ae0 (0x0061d1b3) x 3 0x0000000b
core   0: 0x80007ae4 (0x020748b3) div     a7, a4, zero
core   0: 3 0x80007ae4 (0x020748b3) x17 0xffffffff
core   0: 0x80007ae8 (0x4031d1b3) sra     gp, gp, gp
core   0: 3 0x80007ae8 (0x4031d1b3) x 3 0x00000000
core   0: 0x80007aec (0x00a9c4b3) xor     s1, s3, a0
core   0: 3 0x80007aec (0x00a9c4b3) x 9 0xb161eb53
core   0: 0x80007af0 (0x03e6e6b3) rem     a3, a3, t5
core   0: 3 0x80007af0 (0x03e6e6b3) x13 0x00000000
core   0: 0x80007af4 (0x0036d913) srli    s2, a3, 3
core   0: 3 0x80007af4 (0x0036d913) x18 0x00000000
core   0: 0x80007af8 (0x03f304b3) mul     s1, t1, t6
core   0: 3 0x80007af8 (0x03f304b3) x 9 0x00000000
core   0: 0x80007afc (0x0097ba33) sltu    s4, a5, s1
core   0: 3 0x80007afc (0x0097ba33) x20 0x00000000
core   0: 0x80007b00 (0xfe08c293) xori    t0, a7, -32
core   0: 3 0x80007b00 (0xfe08c293) x 5 0x0000001f
core   0: 0x80007b04 (0x011d30b3) sltu    ra, s10, a7
core   0: 3 0x80007b04 (0x011d30b3) x 1 0x00000001
core   0: 0x80007b08 (0x01f34f33) xor     t5, t1, t6
core   0: 3 0x80007b08 (0x01f34f33) x30 0x00000000
core   0: 0x80007b0c (0x00861ab3) sll     s5, a2, s0
core   0: 3 0x80007b0c (0x00861ab3) x21 0x00000000
core   0: 0x80007b10 (0x00325bb3) srl     s7, tp, gp
core   0: 3 0x80007b10 (0x00325bb3) x23 0x00000005
core   0: 0x80007b14 (0x80e44d13) xori    s10, s0, -2034
core   0: 3 0x80007b14 (0x80e44d13) x26 0x7ffeb66a
core   0: 0x80007b18 (0x00c197b3) sll     a5, gp, a2
core   0: 3 0x80007b18 (0x00c197b3) x15 0x00000000
core   0: 0x80007b1c (0x0301e533) rem     a0, gp, a6
core   0: 3 0x80007b1c (0x0301e533) x10 0x00000000
core   0: 0x80007b20 (0x18dae493) ori     s1, s5, 397
core   0: 3 0x80007b20 (0x18dae493) x 9 0x0000018d
core   0: 0x80007b24 (0x9da4e1b7) lui     gp, 0x9da4e
core   0: 3 0x80007b24 (0x9da4e1b7) x 3 0x9da4e000
core   0: 0x80007b28 (0x03f5ee33) rem     t3, a1, t6
core   0: 3 0x80007b28 (0x03f5ee33) x28 0x00000000
core   0: 0x80007b2c (0x2221cf17) auipc   t5, 0x2221c
core   0: 3 0x80007b2c (0x2221cf17) x30 0xa2223b2c
core   0: 0x80007b30 (0x029abcb3) mulhu   s9, s5, s1
core   0: 3 0x80007b30 (0x029abcb3) x25 0x00000000
core   0: 0x80007b34 (0x014baa33) slt     s4, s7, s4
core   0: 3 0x80007b34 (0x014baa33) x20 0x00000000
core   0: 0x80007b38 (0x01f5ec33) or      s8, a1, t6
core   0: 3 0x80007b38 (0x01f5ec33) x24 0x00000000
core   0: 0x80007b3c (0x03335eb3) divu    t4, t1, s3
core   0: 3 0x80007b3c (0x03335eb3) x29 0x00000000
core   0: 0x80007b40 (0x024508b3) mul     a7, a0, tp
core   0: 3 0x80007b40 (0x024508b3) x17 0x00000000
core   0: 0x80007b44 (0x01cae133) or      sp, s5, t3
core   0: 3 0x80007b44 (0x01cae133) x 2 0x00000000
core   0: 0x80007b48 (0x0146e4b3) or      s1, a3, s4
core   0: 3 0x80007b48 (0x0146e4b3) x 9 0x00000000
core   0: 0x80007b4c (0x5cf73593) sltiu   a1, a4, 1487
core   0: 3 0x80007b4c (0x5cf73593) x11 0x00000001
core   0: 0x80007b50 (0x020ad933) divu    s2, s5, zero
core   0: 3 0x80007b50 (0x020ad933) x18 0xffffffff
core   0: 0x80007b54 (0x3833fa13) andi    s4, t2, 899
core   0: 3 0x80007b54 (0x3833fa13) x20 0x00000182
core   0: 0x80007b58 (0x01e9d933) srl     s2, s3, t5
core   0: 3 0x80007b58 (0x01e9d933) x18 0x00000000
core   0: 0x80007b5c (0x00000013) nop
core   0: 3 0x80007b5c (0x00000013)
core   0: 0x80007b60 (0x007b9bb3) sll     s7, s7, t2
core   0: 3 0x80007b60 (0x007b9bb3) x23 0x00000014
core   0: 0x80007b64 (0x018a2fb3) slt     t6, s4, s8
core   0: 3 0x80007b64 (0x018a2fb3) x31 0x00000000
core   0: 0x80007b68 (0x41165533) sra     a0, a2, a7
core   0: 3 0x80007b68 (0x41165533) x10 0x00000000
core   0: 0x80007b6c (0x72386613) ori     a2, a6, 1827
core   0: 3 0x80007b6c (0x72386613) x12 0x80014f67
core   0: 0x80007b70 (0x02611fb3) mulh    t6, sp, t1
core   0: 3 0x80007b70 (0x02611fb3) x31 0x00000000
core   0: 0x80007b74 (0x01f3d3b3) srl     t2, t2, t6
core   0: 3 0x80007b74 (0x01f3d3b3) x 7 0x00000182
core   0: 0x80007b78 (0x031c7733) remu    a4, s8, a7
core   0: 3 0x80007b78 (0x031c7733) x14 0x00000000
core   0: 0x80007b7c (0x1e504e13) xori    t3, zero, 485
core   0: 3 0x80007b7c (0x1e504e13) x28 0x000001e5
core   0: 0x80007b80 (0xb46a2f93) slti    t6, s4, -1210
core   0: 3 0x80007b80 (0xb46a2f93) x31 0x00000000
core   0: 0x80007b84 (0x0041e8b3) or      a7, gp, tp
core   0: 3 0x80007b84 (0x0041e8b3) x17 0x9da4e005
core   0: 0x80007b88 (0xaa60c517) auipc   a0, 0xaa60c
core   0: 3 0x80007b88 (0xaa60c517) x10 0x2a613b88
core   0: 0x80007b8c (0x32e1b493) sltiu   s1, gp, 814
core   0: 3 0x80007b8c (0x32e1b493) x 9 0x00000000
core   0: 0x80007b90 (0x02073533) mulhu   a0, a4, zero
core   0: 3 0x80007b90 (0x02073533) x10 0x00000000
core   0: 0x80007b94 (0x02dc8cb3) mul     s9, s9, a3
core   0: 3 0x80007b94 (0x02dc8cb3) x25 0x00000000
core   0: 0x80007b98 (0x00c22fb3) slt     t6, tp, a2
core   0: 3 0x80007b98 (0x00c22fb3) x31 0x00000000
core   0: 0x80007b9c (0x4073d2b3) sra     t0, t2, t2
core   0: 3 0x80007b9c (0x4073d2b3) x 5 0x00000060
core   0: 0x80007ba0 (0x0132ac33) slt     s8, t0, s3
core   0: 3 0x80007ba0 (0x0132ac33) x24 0x00000000
core   0: 0x80007ba4 (0x0154e533) or      a0, s1, s5
core   0: 3 0x80007ba4 (0x0154e533) x10 0x00000000
core   0: 0x80007ba8 (0x020300b3) mul     ra, t1, zero
core   0: 3 0x80007ba8 (0x020300b3) x 1 0x00000000
core   0: 0x80007bac (0xda028e93) addi    t4, t0, -608
core   0: 3 0x80007bac (0xda028e93) x29 0xfffffe00
core   0: 0x80007bb0 (0x036e0b33) mul     s6, t3, s6
core   0: 3 0x80007bb0 (0x036e0b33) x22 0xfffad968
core   0: 0x80007bb4 (0x5d5b2337) lui     t1, 0x5d5b2
core   0: 3 0x80007bb4 (0x5d5b2337) x 6 0x5d5b2000
core   0: 0x80007bb8 (0x026c0f33) mul     t5, s8, t1
core   0: 3 0x80007bb8 (0x026c0f33) x30 0x00000000
core   0: 0x80007bbc (0x02a75333) divu    t1, a4, a0
core   0: 3 0x80007bbc (0x02a75333) x 6 0xffffffff
core   0: 0x80007bc0 (0x40c05793) srai    a5, zero, 12
core   0: 3 0x80007bc0 (0x40c05793) x15 0x00000000
core   0: 0x80007bc4 (0x01da96b3) sll     a3, s5, t4
core   0: 3 0x80007bc4 (0x01da96b3) x13 0x00000000
core   0: 0x80007bc8 (0x00ffd533) srl     a0, t6, a5
core   0: 3 0x80007bc8 (0x00ffd533) x10 0x00000000
core   0: 0x80007bcc (0x99260f93) addi    t6, a2, -1646
core   0: 3 0x80007bcc (0x99260f93) x31 0x800148f9
core   0: 0x80007bd0 (0x635b4113) xori    sp, s6, 1589
core   0: 3 0x80007bd0 (0x635b4113) x 2 0xfffadf5d
core   0: 0x80007bd4 (0x0152a7b3) slt     a5, t0, s5
core   0: 3 0x80007bd4 (0x0152a7b3) x15 0x00000000
core   0: 0x80007bd8 (0x41ce5c13) srai    s8, t3, 28
core   0: 3 0x80007bd8 (0x41ce5c13) x24 0x00000000
core   0: 0x80007bdc (0x0127a1b3) slt     gp, a5, s2
core   0: 3 0x80007bdc (0x0127a1b3) x 3 0x00000000
core   0: 0x80007be0 (0x00555f93) srli    t6, a0, 5
core   0: 3 0x80007be0 (0x00555f93) x31 0x00000000
core   0: 0x80007be4 (0x020e13b3) mulh    t2, t3, zero
core   0: 3 0x80007be4 (0x020e13b3) x 7 0x00000000
core   0: 0x80007be8 (0x015e43b3) xor     t2, t3, s5
core   0: 3 0x80007be8 (0x015e43b3) x 7 0x000001e5
core   0: 0x80007bec (0x0277ea33) rem     s4, a5, t2
core   0: 3 0x80007bec (0x0277ea33) x20 0x00000000
core   0: 0x80007bf0 (0x0022aa33) slt     s4, t0, sp
core   0: 3 0x80007bf0 (0x0022aa33) x20 0x00000000
core   0: 0x80007bf4 (0x01018233) add     tp, gp, a6
core   0: 3 0x80007bf4 (0x01018233) x 4 0x80014e64
core   0: 0x80007bf8 (0x01a58a33) add     s4, a1, s10
core   0: 3 0x80007bf8 (0x01a58a33) x20 0x7ffeb66b
core   0: 0x80007bfc (0x01649293) slli    t0, s1, 22
core   0: 3 0x80007bfc (0x01649293) x 5 0x00000000
core   0: 0x80007c00 (0xcf367293) andi    t0, a2, -781
core   0: 3 0x80007c00 (0xcf367293) x 5 0x80014c63
core   0: 0x80007c04 (0x30f7b413) sltiu   s0, a5, 783
core   0: 3 0x80007c04 (0x30f7b413) x 8 0x00000001
core   0: 0x80007c08 (0xff9aea93) ori     s5, s5, -7
core   0: 3 0x80007c08 (0xff9aea93) x21 0xfffffff9
core   0: 0x80007c0c (0x341a9497) auipc   s1, 0x341a9
core   0: 3 0x80007c0c (0x341a9497) x 9 0xb41b0c0c
core   0: 0x80007c10 (0x37a11917) auipc   s2, 0x37a11
core   0: 3 0x80007c10 (0x37a11917) x18 0xb7a18c10
core   0: 0x80007c14 (0x00281eb3) sll     t4, a6, sp
core   0: 3 0x80007c14 (0x00281eb3) x29 0x80000000
core   0: 0x80007c18 (0x025fb8b3) mulhu   a7, t6, t0
core   0: 3 0x80007c18 (0x025fb8b3) x17 0x00000000
core   0: 0x80007c1c (0x5adca913) slti    s2, s9, 1453
core   0: 3 0x80007c1c (0x5adca913) x18 0x00000001
core   0: 0x80007c20 (0x0249af33) mulhsu  t5, s3, tp
core   0: 3 0x80007c20 (0x0249af33) x30 0x00000005
core   0: 0x80007c24 (0x414cd433) sra     s0, s9, s4
core   0: 3 0x80007c24 (0x414cd433) x 8 0x00000000
core   0: 0x80007c28 (0x41c7da13) srai    s4, a5, 28
core   0: 3 0x80007c28 (0x41c7da13) x20 0x00000000
core   0: 0x80007c2c (0xdc80ff93) andi    t6, ra, -568
core   0: 3 0x80007c2c (0xdc80ff93) x31 0x00000000
core   0: 0x80007c30 (0x002d1133) sll     sp, s10, sp
core   0: 3 0x80007c30 (0x002d1133) x 2 0x40000000
core   0: 0x80007c34 (0x014a9133) sll     sp, s5, s4
core   0: 3 0x80007c34 (0x014a9133) x 2 0xfffffff9
core   0: 0x80007c38 (0x02d17ab3) remu    s5, sp, a3
core   0: 3 0x80007c38 (0x02d17ab3) x21 0xfffffff9
core   0: 0x80007c3c (0x00de44b3) xor     s1, t3, a3
core   0: 3 0x80007c3c (0x00de44b3) x 9 0x000001e5
core   0: 0x80007c40 (0x00d89f33) sll     t5, a7, a3
core   0: 3 0x80007c40 (0x00d89f33) x30 0x00000000
core   0: 0x80007c44 (0x10fbc493) xori    s1, s7, 271
core   0: 3 0x80007c44 (0x10fbc493) x 9 0x0000011b
core   0: 0x80007c48 (0xb937e313) ori     t1, a5, -1133
core   0: 3 0x80007c48 (0xb937e313) x 6 0xfffffb93
core   0: 0x80007c4c (0x0250c6b3) div     a3, ra, t0
core   0: 3 0x80007c4c (0x0250c6b3) x13 0x00000000
core   0: 0x80007c50 (0x01b0eeb3) or      t4, ra, s11
core   0: 3 0x80007c50 (0x01b0eeb3) x29 0x80018ce4
core   0: 0x80007c54 (0x6c48e4b7) lui     s1, 0x6c48e
core   0: 3 0x80007c54 (0x6c48e4b7) x 9 0x6c48e000
core   0: 0x80007c58 (0x01f1f233) and     tp, gp, t6
core   0: 3 0x80007c58 (0x01f1f233) x 4 0x00000000
core   0: 0x80007c5c (0x00049493) slli    s1, s1, 0
core   0: 3 0x80007c5c (0x00049493) x 9 0x6c48e000
core   0: 0x80007c60 (0x4041d633) sra     a2, gp, tp
core   0: 3 0x80007c60 (0x4041d633) x12 0x00000000
core   0: 0x80007c64 (0x00a593b3) sll     t2, a1, a0
core   0: 3 0x80007c64 (0x00a593b3) x 7 0x00000001
core   0: 0x80007c68 (0x01dfc8b3) xor     a7, t6, t4
core   0: 3 0x80007c68 (0x01dfc8b3) x17 0x80018ce4
core   0: 0x80007c6c (0x0378b7b3) mulhu   a5, a7, s7
core   0: 3 0x80007c6c (0x0378b7b3) x15 0x0000000a
core   0: 0x80007c70 (0xe738e517) auipc   a0, 0xe738e
core   0: 3 0x80007c70 (0xe738e517) x10 0x67395c70
core   0: 0x80007c74 (0x005be333) or      t1, s7, t0
core   0: 3 0x80007c74 (0x005be333) x 6 0x80014c77
core   0: 0x80007c78 (0x0012a5b3) slt     a1, t0, ra
core   0: 3 0x80007c78 (0x0012a5b3) x11 0x00000001
core   0: 0x80007c7c (0xa9c90513) addi    a0, s2, -1380
core   0: 3 0x80007c7c (0xa9c90513) x10 0xfffffa9d
core   0: 0x80007c80 (0x00b7ef33) or      t5, a5, a1
core   0: 3 0x80007c80 (0x00b7ef33) x30 0x0000000b
core   0: 0x80007c84 (0x000895b3) sll     a1, a7, zero
core   0: 3 0x80007c84 (0x000895b3) x11 0x80018ce4
core   0: 0x80007c88 (0x0228e6b3) rem     a3, a7, sp
core   0: 3 0x80007c88 (0x0228e6b3) x13 0xfffffffd
core   0: 0x80007c8c (0x0075a033) slt     zero, a1, t2
core   0: 3 0x80007c8c (0x0075a033)
core   0: 0x80007c90 (0x009e14b3) sll     s1, t3, s1
core   0: 3 0x80007c90 (0x009e14b3) x 9 0x000001e5
core   0: 0x80007c94 (0x7c1ce617) auipc   a2, 0x7c1ce
core   0: 3 0x80007c94 (0x7c1ce617) x12 0xfc1d5c94
core   0: 0x80007c98 (0x2954e693) ori     a3, s1, 661
core   0: 3 0x80007c98 (0x2954e693) x13 0x000003f5
core   0: 0x80007c9c (0x018e4cb3) xor     s9, t3, s8
core   0: 3 0x80007c9c (0x018e4cb3) x25 0x000001e5
core   0: 0x80007ca0 (0x0080f4b3) and     s1, ra, s0
core   0: 3 0x80007ca0 (0x0080f4b3) x 9 0x00000000
core   0: 0x80007ca4 (0x41b05013) srai    zero, zero, 27
core   0: 3 0x80007ca4 (0x41b05013)
core   0: 0x80007ca8 (0x50cf7c37) lui     s8, 0x50cf7
core   0: 3 0x80007ca8 (0x50cf7c37) x24 0x50cf7000
core   0: 0x80007cac (0x41405d33) sra     s10, zero, s4
core   0: 3 0x80007cac (0x41405d33) x26 0x00000000
core   0: 0x80007cb0 (0x7759c793) xori    a5, s3, 1909
core   0: 3 0x80007cb0 (0x7759c793) x15 0x0000077e
core   0: 0x80007cb4 (0x029fa1b3) mulhsu  gp, t6, s1
core   0: 3 0x80007cb4 (0x029fa1b3) x 3 0x00000000
core   0: 0x80007cb8 (0x02e31d33) mulh    s10, t1, a4
core   0: 3 0x80007cb8 (0x02e31d33) x26 0x00000000
core   0: 0x80007cbc (0x01fb1513) slli    a0, s6, 31
core   0: 3 0x80007cbc (0x01fb1513) x10 0x00000000
core   0: 0x80007cc0 (0x03d148b3) div     a7, sp, t4
core   0: 3 0x80007cc0 (0x03d148b3) x17 0x00000000
core   0: 0x80007cc4 (0xc2356537) lui     a0, 0xc2356
core   0: 3 0x80007cc4 (0xc2356537) x10 0xc2356000
core   0: 0x80007cc8 (0x01e0b4b3) sltu    s1, ra, t5
core   0: 3 0x80007cc8 (0x01e0b4b3) x 9 0x00000001
core   0: 0x80007ccc (0x00205413) srli    s0, zero, 2
core   0: 3 0x80007ccc (0x00205413) x 8 0x00000000
core   0: 0x80007cd0 (0x0123fb33) and     s6, t2, s2
core   0: 3 0x80007cd0 (0x0123fb33) x22 0x00000001
core   0: 0x80007cd4 (0x000a2933) slt     s2, s4, zero
core   0: 3 0x80007cd4 (0x000a2933) x18 0x00000000
core   0: 0x80007cd8 (0x01635593) srli    a1, t1, 22
core   0: 3 0x80007cd8 (0x01635593) x11 0x00000200
core   0: 0x80007cdc (0x025a17b3) mulh    a5, s4, t0
core   0: 3 0x80007cdc (0x025a17b3) x15 0x00000000
core   0: 0x80007ce0 (0xd4d3c093) xori    ra, t2, -691
core   0: 3 0x80007ce0 (0xd4d3c093) x 1 0xfffffd4c
core   0: 0x80007ce4 (0x01694f33) xor     t5, s2, s6
core   0: 3 0x80007ce4 (0x01694f33) x30 0x00000001
core   0: 0x80007ce8 (0x00fdd193) srli    gp, s11, 15
core   0: 3 0x80007ce8 (0x00fdd193) x 3 0x00010003
core   0: 0x80007cec (0x61343293) sltiu   t0, s0, 1555
core   0: 3 0x80007cec (0x61343293) x 5 0x00000001
core   0: 0x80007cf0 (0x91546493) ori     s1, s0, -1771
core   0: 3 0x80007cf0 (0x91546493) x 9 0xfffff915
core   0: 0x80007cf4 (0x01df45b3) xor     a1, t5, t4
core   0: 3 0x80007cf4 (0x01df45b3) x11 0x80018ce5
core   0: 0x80007cf8 (0x40e38433) sub     s0, t2, a4
core   0: 3 0x80007cf8 (0x40e38433) x 8 0x00000001
core   0: 0x80007cfc (0x016f8cb3) add     s9, t6, s6
core   0: 3 0x80007cfc (0x016f8cb3) x25 0x00000001
core   0: 0x80007d00 (0x0195d793) srli    a5, a1, 25
core   0: 3 0x80007d00 (0x0195d793) x15 0x00000040
core   0: 0x80007d04 (0x02898033) mul     zero, s3, s0
core   0: 3 0x80007d04 (0x02898033)
core   0: 0x80007d08 (0xc2182293) slti    t0, a6, -991
core   0: 3 0x80007d08 (0xc2182293) x 5 0x00000001
core   0: 0x80007d0c (0x03d8c1b3) div     gp, a7, t4
core   0: 3 0x80007d0c (0x03d8c1b3) x 3 0x00000000
core   0: 0x80007d10 (0x02e35eb3) divu    t4, t1, a4
core   0: 3 0x80007d10 (0x02e35eb3) x29 0xffffffff
core   0: 0x80007d14 (0x01994633) xor     a2, s2, s9
core   0: 3 0x80007d14 (0x01994633) x12 0x00000001
core   0: 0x80007d18 (0x41830933) sub     s2, t1, s8
core   0: 3 0x80007d18 (0x41830933) x18 0x2f31dc77
core   0: 0x80007d1c (0x53ab2613) slti    a2, s6, 1338
core   0: 3 0x80007d1c (0x53ab2613) x12 0x00000001
core   0: 0x80007d20 (0x02218733) mul     a4, gp, sp
core   0: 3 0x80007d20 (0x02218733) x14 0x00000000
core   0: 0x80007d24 (0x00a077b3) and     a5, zero, a0
core   0: 3 0x80007d24 (0x00a077b3) x15 0x00000000
core   0: 0x80007d28 (0x03e3b3b3) mulhu   t2, t2, t5
core   0: 3 0x80007d28 (0x03e3b3b3) x 7 0x00000000
core   0: 0x80007d2c (0x02d216b3) mulh    a3, tp, a3
core   0: 3 0x80007d2c (0x02d216b3) x13 0x00000000
core   0: 0x80007d30 (0x40b08f33) sub     t5, ra, a1
core   0: 3 0x80007d30 (0x40b08f33) x30 0x7ffe7067
core   0: 0x80007d34 (0x4b712eb7) lui     t4, 0x4b712
core   0: 3 0x80007d34 (0x4b712eb7) x29 0x4b712000
core   0: 0x80007d38 (0x00af5ab3) srl     s5, t5, a0
core   0: 3 0x80007d38 (0x00af5ab3) x21 0x7ffe7067
core   0: 0x80007d3c (0x91ef4293) xori    t0, t5, -1762
core   0: 3 0x80007d3c (0x91ef4293) x 5 0x80018979
core   0: 0x80007d40 (0x00f7f5b3) and     a1, a5, a5
core   0: 3 0x80007d40 (0x00f7f5b3) x11 0x00000000
core   0: 0x80007d44 (0x02414533) div     a0, sp, tp
core   0: 3 0x80007d44 (0x02414533) x10 0xffffffff
core   0: 0x80007d48 (0x00ebbc33) sltu    s8, s7, a4
core   0: 3 0x80007d48 (0x00ebbc33) x24 0x00000000
core   0: 0x80007d4c (0x01795393) srli    t2, s2, 23
core   0: 3 0x80007d4c (0x01795393) x 7 0x0000005e
core   0: 0x80007d50 (0x02128fb3) mul     t6, t0, ra
core   0: 3 0x80007d50 (0x02128fb3) x31 0xfbd864ec
core   0: 0x80007d54 (0x40145193) srai    gp, s0, 1
core   0: 3 0x80007d54 (0x40145193) x 3 0x00000000
core   0: 0x80007d58 (0x41a05a93) srai    s5, zero, 26
core   0: 3 0x80007d58 (0x41a05a93) x21 0x00000000
core   0: 0x80007d5c (0x0117b233) sltu    tp, a5, a7
core   0: 3 0x80007d5c (0x0117b233) x 4 0x00000000
core   0: 0x80007d60 (0x0175c133) xor     sp, a1, s7
core   0: 3 0x80007d60 (0x0175c133) x 2 0x00000014
core   0: 0x80007d64 (0x00e2f3b3) and     t2, t0, a4
core   0: 3 0x80007d64 (0x00e2f3b3) x 7 0x00000000
core   0: 0x80007d68 (0x02fb7d33) remu    s10, s6, a5
core   0: 3 0x80007d68 (0x02fb7d33) x26 0x00000001
core   0: 0x80007d6c (0x025941b3) div     gp, s2, t0
core   0: 3 0x80007d6c (0x025941b3) x 3 0x00000000
core   0: 0x80007d70 (0x002ed893) srli    a7, t4, 2
core   0: 3 0x80007d70 (0x002ed893) x17 0x12dc4800
core   0: 0x80007d74 (0x23cf70b7) lui     ra, 0x23cf7
core   0: 3 0x80007d74 (0x23cf70b7) x 1 0x23cf7000
core   0: 0x80007d78 (0x00deef33) or      t5, t4, a3
core   0: 3 0x80007d78 (0x00deef33) x30 0x4b712000
core   0: 0x80007d7c (0x031537b3) mulhu   a5, a0, a7
core   0: 3 0x80007d7c (0x031537b3) x15 0x12dc47ff
core   0: 0x80007d80 (0x016e1193) slli    gp, t3, 22
core   0: 3 0x80007d80 (0x016e1193) x 3 0x79400000
core   0: 0x80007d84 (0x00421e93) slli    t4, tp, 4
core   0: 3 0x80007d84 (0x00421e93) x29 0x00000000
core   0: 0x80007d88 (0x01c89c33) sll     s8, a7, t3
core   0: 3 0x80007d88 (0x01c89c33) x24 0x5b890000
core   0: 0x80007d8c (0x039885b3) mul     a1, a7, s9
core   0: 3 0x80007d8c (0x039885b3) x11 0x12dc4800
core   0: 0x80007d90 (0x007aa333) slt     t1, s5, t2
core   0: 3 0x80007d90 (0x007aa333) x 6 0x00000000
core   0: 0x80007d94 (0x01455e13) srli    t3, a0, 20
core   0: 3 0x80007d94 (0x01455e13) x28 0x00000fff
core   0: 0x80007d98 (0x0077b6b3) sltu    a3, a5, t2
core   0: 3 0x80007d98 (0x0077b6b3) x13 0x00000000
core   0: 0x80007d9c (0x0f658313) addi    t1, a1, 246
core   0: 3 0x80007d9c (0x0f658313) x 6 0x12dc48f6
core   0: 0x80007da0 (0x038ce6b3) rem     a3, s9, s8
core   0: 3 0x80007da0 (0x038ce6b3) x13 0x00000001
core   0: 0x80007da4 (0x022db6b3) mulhu   a3, s11, sp
core   0: 3 0x80007da4 (0x022db6b3) x13 0x0000000a
core   0: 0x80007da8 (0xc68e7e13) andi    t3, t3, -920
core   0: 3 0x80007da8 (0xc68e7e13) x28 0x00000c68
core   0: 0x80007dac (0x034aef33) rem     t5, s5, s4
core   0: 3 0x80007dac (0x034aef33) x30 0x00000000
core   0: 0x80007db0 (0x02486a33) rem     s4, a6, tp
core   0: 3 0x80007db0 (0x02486a33) x20 0x80014e64
core   0: 0x80007db4 (0x41215a93) srai    s5, sp, 18
core   0: 3 0x80007db4 (0x41215a93) x21 0x00000000
core   0: 0x80007db8 (0x40e28933) sub     s2, t0, a4
core   0: 3 0x80007db8 (0x40e28933) x18 0x80018979
core   0: 0x80007dbc (0x03acfd33) remu    s10, s9, s10
core   0: 3 0x80007dbc (0x03acfd33) x26 0x00000000
core   0: 0x80007dc0 (0x01431693) slli    a3, t1, 20
core   0: 3 0x80007dc0 (0x01431693) x13 0x8f600000
core   0: 0x80007dc4 (0x56066c93) ori     s9, a2, 1376
core   0: 3 0x80007dc4 (0x56066c93) x25 0x00000561
core   0: 0x80007dc8 (0x026d8233) mul     tp, s11, t1
core   0: 3 0x80007dc8 (0x026d8233) x 4 0x8d0d8318
core   0: 0x80007dcc (0x022436b3) mulhu   a3, s0, sp
core   0: 3 0x80007dcc (0x022436b3) x13 0x00000000
core   0: 0x80007dd0 (0x9620bc93) sltiu   s9, ra, -1694
core   0: 3 0x80007dd0 (0x9620bc93) x25 0x00000001
core   0: 0x80007dd4 (0x4e5f3893) sltiu   a7, t5, 1253
core   0: 3 0x80007dd4 (0x4e5f3893) x17 0x00000001
core   0: 0x80007dd8 (0x00e48bb3) add     s7, s1, a4
core   0: 3 0x80007dd8 (0x00e48bb3) x23 0xfffff915
core   0: 0x80007ddc (0x026c37b3) mulhu   a5, s8, t1
core   0: 3 0x80007ddc (0x026c37b3) x15 0x06be65d2
core   0: 0x80007de0 (0x02c9cb33) div     s6, s3, a2
core   0: 3 0x80007de0 (0x02c9cb33) x22 0x0000000b
core   0: 0x80007de4 (0x02593533) mulhu   a0, s2, t0
core   0: 3 0x80007de4 (0x02593533) x10 0x4001897b
core   0: 0x80007de8 (0x02be7133) remu    sp, t3, a1
core   0: 3 0x80007de8 (0x02be7133) x 2 0x00000c68
core   0: 0x80007dec (0x00000013) nop
core   0: 3 0x80007dec (0x00000013)
core   0: 0x80007df0 (0x013dd893) srli    a7, s11, 19
core   0: 3 0x80007df0 (0x013dd893) x17 0x00001000
core   0: 0x80007df4 (0x014995b3) sll     a1, s3, s4
core   0: 3 0x80007df4 (0x014995b3) x11 0x000000b0
core   0: 0x80007df8 (0x9bc5aa13) slti    s4, a1, -1604
core   0: 3 0x80007df8 (0x9bc5aa13) x20 0x00000000
core   0: 0x80007dfc (0x019c7b33) and     s6, s8, s9
core   0: 3 0x80007dfc (0x019c7b33) x22 0x00000000
core   0: 0x80007e00 (0x0351dcb3) divu    s9, gp, s5
core   0: 3 0x80007e00 (0x0351dcb3) x25 0xffffffff
core   0: 0x80007e04 (0xa0765c17) auipc   s8, 0xa0765
core   0: 3 0x80007e04 (0xa0765c17) x24 0x2076ce04
core   0: 0x80007e08 (0x03aa5fb3) divu    t6, s4, s10
core   0: 3 0x80007e08 (0x03aa5fb3) x31 0xffffffff
core   0: 0x80007e0c (0xf420c893) xori    a7, ra, -190
core   0: 3 0x80007e0c (0xf420c893) x17 0xdc308f42
core   0: 0x80007e10 (0x4189d633) sra     a2, s3, s8
core   0: 3 0x80007e10 (0x4189d633) x12 0x00000000
core   0: 0x80007e14 (0x008fffb3) and     t6, t6, s0
core   0: 3 0x80007e14 (0x008fffb3) x31 0x00000001
core   0: 0x80007e18 (0x4194df33) sra     t5, s1, s9
core   0: 3 0x80007e18 (0x4194df33) x30 0xffffffff
core   0: 0x80007e1c (0x411fd7b3) sra     a5, t6, a7
core   0: 3 0x80007e1c (0x411fd7b3) x15 0x00000000
core   0: 0x80007e20 (0x8585a513) slti    a0, a1, -1960
core   0: 3 0x80007e20 (0x8585a513) x10 0x00000000
core   0: 0x80007e24 (0x00dae6b3) or      a3, s5, a3
core   0: 3 0x80007e24 (0x00dae6b3) x13 0x00000000
core   0: 0x80007e28 (0x8f3ca093) slti    ra, s9, -1805
core   0: 3 0x80007e28 (0x8f3ca093) x 1 0x00000000
core   0: 0x80007e2c (0x010bd733) srl     a4, s7, a6
core   0: 3 0x80007e2c (0x010bd733) x14 0x0fffff91
core   0: 0x80007e30 (0xb4a7bc17) auipc   s8, 0xb4a7b
core   0: 3 0x80007e30 (0xb4a7bc17) x24 0x34a82e30
core   0: 0x80007e34 (0x80417793) andi    a5, sp, -2044
core   0: 3 0x80007e34 (0x80417793) x15 0x00000800
core   0: 0x80007e38 (0x410dde93) srai    t4, s11, 16
core   0: 3 0x80007e38 (0x410dde93) x29 0xffff8001
core   0: 0x80007e3c (0x02b51533) mulh    a0, a0, a1
core   0: 3 0x80007e3c (0x02b51533) x10 0x00000000
core   0: 0x80007e40 (0x0205a3b3) mulhsu  t2, a1, zero
core   0: 3 0x80007e40 (0x0205a3b3) x 7 0x00000000
core   0: 0x80007e44 (0xc16db593) sltiu   a1, s11, -1002
core   0: 3 0x80007e44 (0xc16db593) x11 0x00000001
core   0: 0x80007e48 (0x03b69633) mulh    a2, a3, s11
core   0: 3 0x80007e48 (0x03b69633) x12 0x00000000
core   0: 0x80007e4c (0x18388413) addi    s0, a7, 387
core   0: 3 0x80007e4c (0x18388413) x 8 0xdc3090c5
core   0: 0x80007e50 (0x02ac0cb3) mul     s9, s8, a0
core   0: 3 0x80007e50 (0x02ac0cb3) x25 0x00000000
core   0: 0x80007e54 (0x007cd7b3) srl     a5, s9, t2
core   0: 3 0x80007e54 (0x007cd7b3) x15 0x00000000
core   0: 0x80007e58 (0xb0bbaf93) slti    t6, s7, -1269
core   0: 3 0x80007e58 (0xb0bbaf93) x31 0x00000001
core   0: 0x80007e5c (0x01421b93) slli    s7, tp, 20
core   0: 3 0x80007e5c (0x01421b93) x23 0x31800000
core   0: 0x80007e60 (0x02e53337) lui     t1, 0x2e53
core   0: 3 0x80007e60 (0x02e53337) x 6 0x02e53000
core   0: 0x80007e64 (0x03424633) div     a2, tp, s4
core   0: 3 0x80007e64 (0x03424633) x12 0xffffffff
core   0: 0x80007e68 (0xcd3e0c93) addi    s9, t3, -813
core   0: 3 0x80007e68 (0xcd3e0c93) x25 0x0000093b
core   0: 0x80007e6c (0x35586b93) ori     s7, a6, 853
core   0: 3 0x80007e6c (0x35586b93) x23 0x80014f75
core   0: 0x80007e70 (0x00f6f0b3) and     ra, a3, a5
core   0: 3 0x80007e70 (0x00f6f0b3) x 1 0x00000000
core   0: 0x80007e74 (0x020f0cb3) mul     s9, t5, zero
core   0: 3 0x80007e74 (0x020f0cb3) x25 0x00000000
core   0: 0x80007e78 (0x030f35b3) mulhu   a1, t5, a6
core   0: 3 0x80007e78 (0x030f35b3) x11 0x80014e63
core   0: 0x80007e7c (0x0031ecb3) or      s9, gp, gp
core   0: 3 0x80007e7c (0x0031ecb3) x25 0x79400000
core   0: 0x80007e80 (0x16168213) addi    tp, a3, 353
core   0: 3 0x80007e80 (0x16168213) x 4 0x00000161
core   0: 0x80007e84 (0x58d84e13) xori    t3, a6, 1421
core   0: 3 0x80007e84 (0x58d84e13) x28 0x80014be9
core   0: 0x80007e88 (0x003cdc13) srli    s8, s9, 3
core   0: 3 0x80007e88 (0x003cdc13) x24 0x0f280000
core   0: 0x80007e8c (0x00548d33) add     s10, s1, t0
core   0: 3 0x80007e8c (0x00548d33) x26 0x8001828e
core   0: 0x80007e90 (0x00d7bbb3) sltu    s7, a5, a3
core   0: 3 0x80007e90 (0x00d7bbb3) x23 0x00000000
core   0: 0x80007e94 (0x00470f33) add     t5, a4, tp
core   0: 3 0x80007e94 (0x00470f33) x30 0x100000f2
core   0: 0x80007e98 (0x26bcda37) lui     s4, 0x26bcd
core   0: 3 0x80007e98 (0x26bcda37) x20 0x26bcd000
core   0: 0x80007e9c (0xf43f6f93) ori     t6, t5, -189
core   0: 3 0x80007e9c (0xf43f6f93) x31 0xfffffff3
core   0: 0x80007ea0 (0x026fd033) divu    zero, t6, t1
core   0: 3 0x80007ea0 (0x026fd033)
core   0: 0x80007ea4 (0x00b515b3) sll     a1, a0, a1
core   0: 3 0x80007ea4 (0x00b515b3) x11 0x00000000
core   0: 0x80007ea8 (0x007f2cb3) slt     s9, t5, t2
core   0: 3 0x80007ea8 (0x007f2cb3) x25 0x00000000
core   0: 0x80007eac (0x0262ec13) ori     s8, t0, 38
core   0: 3 0x80007eac (0x0262ec13) x24 0x8001897f
core   0: 0x80007eb0 (0x4158dd33) sra     s10, a7, s5
core   0: 3 0x80007eb0 (0x4158dd33) x26 0xdc308f42
core   0: 0x80007eb4 (0x01d16eb3) or      t4, sp, t4
core   0: 3 0x80007eb4 (0x01d16eb3) x29 0xffff8c69
core   0: 0x80007eb8 (0x00a8ceb3) xor     t4, a7, a0
core   0: 3 0x80007eb8 (0x00a8ceb3) x29 0xdc308f42
core   0: 0x80007ebc (0x00f65f93) srli    t6, a2, 15
core   0: 3 0x80007ebc (0x00f65f93) x31 0x0001ffff
core   0: 0x80007ec0 (0xb7110b17) auipc   s6, 0xb7110
core   0: 3 0x80007ec0 (0xb7110b17) x22 0x37117ec0
core   0: 0x80007ec4 (0x02602b33) mulhsu  s6, zero, t1
core   0: 3 0x80007ec4 (0x02602b33) x22 0x00000000
core   0: 0x80007ec8 (0x01f3df13) srli    t5, t2, 31
core   0: 3 0x80007ec8 (0x01f3df13) x30 0x00000000
core   0: 0x80007ecc (0x00d02fb3) slt     t6, zero, a3
core   0: 3 0x80007ecc (0x00d02fb3) x31 0x00000000
core   0: 0x80007ed0 (0x23807093) andi    ra, zero, 568
core   0: 3 0x80007ed0 (0x23807093) x 1 0x00000000
core   0: 0x80007ed4 (0x01043233) sltu    tp, s0, a6
core   0: 3 0x80007ed4 (0x01043233) x 4 0x00000000
core   0: 0x80007ed8 (0x0043cc33) xor     s8, t2, tp
core   0: 3 0x80007ed8 (0x0043cc33) x24 0x00000000
core   0: 0x80007edc (0x00000013) nop
core   0: 3 0x80007edc (0x00000013)
core   0: 0x80007ee0 (0x54c3ab93) slti    s7, t2, 1356
core   0: 3 0x80007ee0 (0x54c3ab93) x23 0x00000001
core   0: 0x80007ee4 (0x00000013) nop
core   0: 3 0x80007ee4 (0x00000013)
core   0: 0x80007ee8 (0x6ca9af93) slti    t6, s3, 1738
core   0: 3 0x80007ee8 (0x6ca9af93) x31 0x00000001
core   0: 0x80007eec (0x4a791697) auipc   a3, 0x4a791
core   0: 3 0x80007eec (0x4a791697) x13 0xca798eec
core   0: 0x80007ef0 (0x009cc5b3) xor     a1, s9, s1
core   0: 3 0x80007ef0 (0x009cc5b3) x11 0xfffff915
core   0: 0x80007ef4 (0x36553293) sltiu   t0, a0, 869
core   0: 3 0x80007ef4 (0x36553293) x 5 0x00000001
core   0: 0x80007ef8 (0x01fb1893) slli    a7, s6, 31
core   0: 3 0x80007ef8 (0x01fb1893) x17 0x00000000
core   0: 0x80007efc (0x026e8933) mul     s2, t4, t1
core   0: 3 0x80007efc (0x026e8933) x18 0xc4e66000
core   0: 0x80007f00 (0x00145f13) srli    t5, s0, 1
core   0: 3 0x80007f00 (0x00145f13) x30 0x6e184862
core   0: 0x80007f04 (0x01429213) slli    tp, t0, 20
core   0: 3 0x80007f04 (0x01429213) x 4 0x00100000
core   0: 0x80007f08 (0x0046bab3) sltu    s5, a3, tp
core   0: 3 0x80007f08 (0x0046bab3) x21 0x00000000
core   0: 0x80007f0c (0x00b4df13) srli    t5, s1, 11
core   0: 3 0x80007f0c (0x00b4df13) x30 0x001fffff
core   0: 0x80007f10 (0x00bcf7b3) and     a5, s9, a1
core   0: 3 0x80007f10 (0x00bcf7b3) x15 0x00000000
core   0: 0x80007f14 (0x416a5c93) srai    s9, s4, 22
core   0: 3 0x80007f14 (0x416a5c93) x25 0x0000009a
core   0: 0x80007f18 (0x41568333) sub     t1, a3, s5
core   0: 3 0x80007f18 (0x41568333) x 6 0xca798eec
core   0: 0x80007f1c (0x009a17b3) sll     a5, s4, s1
core   0: 3 0x80007f1c (0x009a17b3) x15 0x00000000
core   0: 0x80007f20 (0x40d2d193) srai    gp, t0, 13
core   0: 3 0x80007f20 (0x40d2d193) x 3 0x00000000
core   0: 0x80007f24 (0x02ab32b3) mulhu   t0, s6, a0
core   0: 3 0x80007f24 (0x02ab32b3) x 5 0x00000000
core   0: 0x80007f28 (0x41dddc93) srai    s9, s11, 29
core   0: 3 0x80007f28 (0x41dddc93) x25 0xfffffffc
core   0: 0x80007f2c (0x00000013) nop
core   0: 3 0x80007f2c (0x00000013)
core   0: 0x80007f30 (0x03dd5f33) divu    t5, s10, t4
core   0: 3 0x80007f30 (0x03dd5f33) x30 0x00000001
core   0: 0x80007f34 (0xc9c2ae13) slti    t3, t0, -868
core   0: 3 0x80007f34 (0xc9c2ae13) x28 0x00000000
core   0: 0x80007f38 (0x011e9b33) sll     s6, t4, a7
core   0: 3 0x80007f38 (0x011e9b33) x22 0xdc308f42
core   0: 0x80007f3c (0x007b1d13) slli    s10, s6, 7
core   0: 3 0x80007f3c (0x007b1d13) x26 0x1847a100
core   0: 0x80007f40 (0xf70ec493) xori    s1, t4, -144
core   0: 3 0x80007f40 (0xf70ec493) x 9 0x23cf7032
core   0: 0x80007f44 (0x003036b3) snez    a3, gp
core   0: 3 0x80007f44 (0x003036b3) x13 0x00000000
core   0: 0x80007f48 (0x032e7d33) remu    s10, t3, s2
core   0: 3 0x80007f48 (0x032e7d33) x26 0x00000000
core   0: 0x80007f4c (0xe0082f93) slti    t6, a6, -512
core   0: 3 0x80007f4c (0xe0082f93) x31 0x00000001
core   0: 0x80007f50 (0x03b33f33) mulhu   t5, t1, s11
core   0: 3 0x80007f50 (0x03b33f33) x30 0x653e015e
core   0: 0x80007f54 (0x00602bb3) slt     s7, zero, t1
core   0: 3 0x80007f54 (0x00602bb3) x23 0x00000000
core   0: 0x80007f58 (0x0094bcb3) sltu    s9, s1, s1
core   0: 3 0x80007f58 (0x0094bcb3) x25 0x00000000
core   0: 0x80007f5c (0x03f9fcb3) remu    s9, s3, t6
core   0: 3 0x80007f5c (0x03f9fcb3) x25 0x00000000
core   0: 0x80007f60 (0x976ecb93) xori    s7, t4, -1674
core   0: 3 0x80007f60 (0x976ecb93) x23 0x23cf7634
core   0: 0x80007f64 (0x3b2234b7) lui     s1, 0x3b223
core   0: 3 0x80007f64 (0x3b2234b7) x 9 0x3b223000
core   0: 0x80007f68 (0x017421b3) slt     gp, s0, s7
core   0: 3 0x80007f68 (0x017421b3) x 3 0x00000001
core   0: 0x80007f6c (0x00c86cb3) or      s9, a6, a2
core   0: 3 0x80007f6c (0x00c86cb3) x25 0xffffffff
core   0: 0x80007f70 (0x029f8fb3) mul     t6, t6, s1
core   0: 3 0x80007f70 (0x029f8fb3) x31 0x3b223000
core   0: 0x80007f74 (0x01038e33) add     t3, t2, a6
core   0: 3 0x80007f74 (0x01038e33) x28 0x80014e64
core   0: 0x80007f78 (0x000e9013) slli    zero, t4, 0
core   0: 3 0x80007f78 (0x000e9013)
core   0: 0x80007f7c (0xdc0a0613) addi    a2, s4, -576
core   0: 3 0x80007f7c (0xdc0a0613) x12 0x26bccdc0
core   0: 0x80007f80 (0x056d5a17) auipc   s4, 0x56d5
core   0: 3 0x80007f80 (0x056d5a17) x20 0x856dcf80
core   0: 0x80007f84 (0x4150d213) srai    tp, ra, 21
core   0: 3 0x80007f84 (0x4150d213) x 4 0x00000000
core   0: 0x80007f88 (0x00000013) nop
core   0: 3 0x80007f88 (0x00000013)
core   0: 0x80007f8c (0x027c96b3) mulh    a3, s9, t2
core   0: 3 0x80007f8c (0x027c96b3) x13 0x00000000
core   0: 0x80007f90 (0x01e82bb3) slt     s7, a6, t5
core   0: 3 0x80007f90 (0x01e82bb3) x23 0x00000001
core   0: 0x80007f94 (0x33f6aab7) lui     s5, 0x33f6a
core   0: 3 0x80007f94 (0x33f6aab7) x21 0x33f6a000
core   0: 0x80007f98 (0x0375e5b3) rem     a1, a1, s7
core   0: 3 0x80007f98 (0x0375e5b3) x11 0x00000000
core   0: 0x80007f9c (0x23026093) ori     ra, tp, 560
core   0: 3 0x80007f9c (0x23026093) x 1 0x00000230
core   0: 0x80007fa0 (0x4ea2f113) andi    sp, t0, 1258
core   0: 3 0x80007fa0 (0x4ea2f113) x 2 0x00000000
core   0: 0x80007fa4 (0x0b19ef93) ori     t6, s3, 177
core   0: 3 0x80007fa4 (0x0b19ef93) x31 0x000000bb
core   0: 0x80007fa8 (0x02f04933) div     s2, zero, a5
core   0: 3 0x80007fa8 (0x02f04933) x18 0xffffffff
core   0: 0x80007fac (0x00000013) nop
core   0: 3 0x80007fac (0x00000013)
core   0: 0x80007fb0 (0x014eabb3) slt     s7, t4, s4
core   0: 3 0x80007fb0 (0x014eabb3) x23 0x00000000
core   0: 0x80007fb4 (0x01a80eb3) add     t4, a6, s10
core   0: 3 0x80007fb4 (0x01a80eb3) x29 0x80014e64
core   0: 0x80007fb8 (0x400d5133) sra     sp, s10, zero
core   0: 3 0x80007fb8 (0x400d5133) x 2 0x00000000
core   0: 0x80007fbc (0x0377bcb3) mulhu   s9, a5, s7
core   0: 3 0x80007fbc (0x0377bcb3) x25 0x00000000
core   0: 0x80007fc0 (0x4e6a7493) andi    s1, s4, 1254
core   0: 3 0x80007fc0 (0x4e6a7493) x 9 0x00000480
core   0: 0x80007fc4 (0x01d49133) sll     sp, s1, t4
core   0: 3 0x80007fc4 (0x01d49133) x 2 0x00004800
core   0: 0x80007fc8 (0x41e803b3) sub     t2, a6, t5
core   0: 3 0x80007fc8 (0x41e803b3) x 7 0x1ac34d06
core   0: 0x80007fcc (0xa6cb8613) addi    a2, s7, -1428
core   0: 3 0x80007fcc (0xa6cb8613) x12 0xfffffa6c
core   0: 0x80007fd0 (0x00a41593) slli    a1, s0, 10
core   0: 3 0x80007fd0 (0x00a41593) x11 0xc2431400
core   0: 0x80007fd4 (0x4186d793) srai    a5, a3, 24
core   0: 3 0x80007fd4 (0x4186d793) x15 0x00000000
core   0: 0x80007fd8 (0x01245cb3) srl     s9, s0, s2
core   0: 3 0x80007fd8 (0x01245cb3) x25 0x00000001
core   0: 0x80007fdc (0x1a95ae13) slti    t3, a1, 425
core   0: 3 0x80007fdc (0x1a95ae13) x28 0x00000001
core   0: 0x80007fe0 (0xb0cb4b13) xori    s6, s6, -1268
core   0: 3 0x80007fe0 (0xb0cb4b13) x22 0x23cf744e
core   0: 0x80007fe4 (0x0181f1b3) and     gp, gp, s8
core   0: 3 0x80007fe4 (0x0181f1b3) x 3 0x00000000
core   0: 0x80007fe8 (0x01e837b3) sltu    a5, a6, t5
core   0: 3 0x80007fe8 (0x01e837b3) x15 0x00000000
core   0: 0x80007fec (0x0238e233) rem     tp, a7, gp
core   0: 3 0x80007fec (0x0238e233) x 4 0x00000000
core   0: 0x80007ff0 (0x031547b3) div     a5, a0, a7
core   0: 3 0x80007ff0 (0x031547b3) x15 0xffffffff
core   0: 0x80007ff4 (0x40198eb3) sub     t4, s3, ra
core   0: 3 0x80007ff4 (0x40198eb3) x29 0xfffffddb
core   0: 0x80007ff8 (0x035760b3) rem     ra, a4, s5
core   0: 3 0x80007ff8 (0x035760b3) x 1 0x0fffff91
core   0: 0x80007ffc (0x03283333) mulhu   t1, a6, s2
core   0: 3 0x80007ffc (0x03283333) x 6 0x80014e63
core   0: 0x80008000 (0xe5b3a393) slti    t2, t2, -421
core   0: 3 0x80008000 (0xe5b3a393) x 7 0x00000000
core   0: 0x80008004 (0x018638b3) sltu    a7, a2, s8
core   0: 3 0x80008004 (0x018638b3) x17 0x00000000
core   0: 0x80008008 (0xe79c3093) sltiu   ra, s8, -391
core   0: 3 0x80008008 (0xe79c3093) x 1 0x00000001
core   0: 0x8000800c (0x01587b33) and     s6, a6, s5
core   0: 3 0x8000800c (0x01587b33) x22 0x00000000
core   0: 0x80008010 (0x4088d633) sra     a2, a7, s0
core   0: 3 0x80008010 (0x4088d633) x12 0x00000000
core   0: 0x80008014 (0x41d7d4b3) sra     s1, a5, t4
core   0: 3 0x80008014 (0x41d7d4b3) x 9 0xffffffff
core   0: 0x80008018 (0x0125ae33) slt     t3, a1, s2
core   0: 3 0x80008018 (0x0125ae33) x28 0x00000001
core   0: 0x8000801c (0x011b77b3) and     a5, s6, a7
core   0: 3 0x8000801c (0x011b77b3) x15 0x00000000
core   0: 0x80008020 (0x00a02eb3) slt     t4, zero, a0
core   0: 3 0x80008020 (0x00a02eb3) x29 0x00000000
core   0: 0x80008024 (0x01d79533) sll     a0, a5, t4
core   0: 3 0x80008024 (0x01d79533) x10 0x00000000
core   0: 0x80008028 (0x6c7d4a13) xori    s4, s10, 1735
core   0: 3 0x80008028 (0x6c7d4a13) x20 0x000006c7
core   0: 0x8000802c (0x41930033) sub     zero, t1, s9
core   0: 3 0x8000802c (0x41930033)
core   0: 0x80008030 (0x52a13a13) sltiu   s4, sp, 1322
core   0: 3 0x80008030 (0x52a13a13) x20 0x00000000
core   0: 0x80008034 (0x0204cd33) div     s10, s1, zero
core   0: 3 0x80008034 (0x0204cd33) x26 0xffffffff
core   0: 0x80008038 (0x03cb10b3) mulh    ra, s6, t3
core   0: 3 0x80008038 (0x03cb10b3) x 1 0x00000000
core   0: 0x8000803c (0x00519633) sll     a2, gp, t0
core   0: 3 0x8000803c (0x00519633) x12 0x00000000
core   0: 0x80008040 (0x00157fb3) and     t6, a0, ra
core   0: 3 0x80008040 (0x00157fb3) x31 0x00000000
core   0: 0x80008044 (0x00d4ccb3) xor     s9, s1, a3
core   0: 3 0x80008044 (0x00d4ccb3) x25 0xffffffff
core   0: 0x80008048 (0x00d9fa33) and     s4, s3, a3
core   0: 3 0x80008048 (0x00d9fa33) x20 0x00000000
core   0: 0x8000804c (0x414c5033) sra     zero, s8, s4
core   0: 3 0x8000804c (0x414c5033)
core   0: 0x80008050 (0x14190213) addi    tp, s2, 321
core   0: 3 0x80008050 (0x14190213) x 4 0x00000140
core   0: 0x80008054 (0x00f84d33) xor     s10, a6, a5
core   0: 3 0x80008054 (0x00f84d33) x26 0x80014e64
core   0: 0x80008058 (0x0064a2b3) slt     t0, s1, t1
core   0: 3 0x80008058 (0x0064a2b3) x 5 0x00000000
core   0: 0x8000805c (0x403c5eb3) sra     t4, s8, gp
core   0: 3 0x8000805c (0x403c5eb3) x29 0x00000000
core   0: 0x80008060 (0x00e838b3) sltu    a7, a6, a4
core   0: 3 0x80008060 (0x00e838b3) x17 0x00000000
core   0: 0x80008064 (0xf9b87a13) andi    s4, a6, -101
core   0: 3 0x80008064 (0xf9b87a13) x20 0x80014e00
core   0: 0x80008068 (0xd2d6cc93) xori    s9, a3, -723
core   0: 3 0x80008068 (0xd2d6cc93) x25 0xfffffd2d
core   0: 0x8000806c (0x2a27a437) lui     s0, 0x2a27a
core   0: 3 0x8000806c (0x2a27a437) x 8 0x2a27a000
core   0: 0x80008070 (0x412d5033) sra     zero, s10, s2
core   0: 3 0x80008070 (0x412d5033)
core   0: 0x80008074 (0x029adb33) divu    s6, s5, s1
core   0: 3 0x80008074 (0x029adb33) x22 0x00000000
core   0: 0x80008078 (0x00279f33) sll     t5, a5, sp
core   0: 3 0x80008078 (0x00279f33) x30 0x00000000
core   0: 0x8000807c (0x01a0c733) xor     a4, ra, s10
core   0: 3 0x8000807c (0x01a0c733) x14 0x80014e64
core   0: 0x80008080 (0x59455c97) auipc   s9, 0x59455
core   0: 3 0x80008080 (0x59455c97) x25 0xd945d080
core   0: 0x80008084 (0xd5c92593) slti    a1, s2, -676
core   0: 3 0x80008084 (0xd5c92593) x11 0x00000000
core   0: 0x80008088 (0x00876bb3) or      s7, a4, s0
core   0: 3 0x80008088 (0x00876bb3) x23 0xaa27ee64
core   0: 0x8000808c (0x00000013) nop
core   0: 3 0x8000808c (0x00000013)
core   0: 0x80008090 (0x1e516a17) auipc   s4, 0x1e516
core   0: 3 0x80008090 (0x1e516a17) x20 0x9e51e090
core   0: 0x80008094 (0x01a248b3) xor     a7, tp, s10
core   0: 3 0x80008094 (0x01a248b3) x17 0x80014f24
core   0: 0x80008098 (0x00f99733) sll     a4, s3, a5
core   0: 3 0x80008098 (0x00f99733) x14 0x0000000b
core   0: 0x8000809c (0x008ced33) or      s10, s9, s0
core   0: 3 0x8000809c (0x008ced33) x26 0xfb67f080
core   0: 0x800080a0 (0x000bb233) sltu    tp, s7, zero
core   0: 3 0x800080a0 (0x000bb233) x 4 0x00000000
core   0: 0x800080a4 (0x01ef4033) xor     zero, t5, t5
core   0: 3 0x800080a4 (0x01ef4033)
core   0: 0x800080a8 (0x007dbf33) sltu    t5, s11, t2
core   0: 3 0x800080a8 (0x007dbf33) x30 0x00000000
core   0: 0x800080ac (0xe94300b7) lui     ra, 0xe9430
core   0: 3 0x800080ac (0xe94300b7) x 1 0xe9430000
core   0: 0x800080b0 (0x03b88633) mul     a2, a7, s11
core   0: 3 0x800080b0 (0x03b88633) x12 0x07962c10
core   0: 0x800080b4 (0x74f72e93) slti    t4, a4, 1871
core   0: 3 0x800080b4 (0x74f72e93) x29 0x00000001
core   0: 0x800080b8 (0xb7a9f793) andi    a5, s3, -1158
core   0: 3 0x800080b8 (0xb7a9f793) x15 0x0000000a
core   0: 0x800080bc (0x41cbda13) srai    s4, s7, 28
core   0: 3 0x800080bc (0x41cbda13) x20 0xfffffffa
core   0: 0x800080c0 (0x00da6033) or      zero, s4, a3
core   0: 3 0x800080c0 (0x00da6033)
core   0: 0x800080c4 (0x01d61213) slli    tp, a2, 29
core   0: 3 0x800080c4 (0x01d61213) x 4 0x00000000
core   0: 0x800080c8 (0x031ba5b3) mulhsu  a1, s7, a7
core   0: 3 0x800080c8 (0x031ba5b3) x11 0xd51386d0
core   0: 0x800080cc (0x00d688b3) add     a7, a3, a3
core   0: 3 0x800080cc (0x00d688b3) x17 0x00000000
core   0: 0x800080d0 (0x40c1de93) srai    t4, gp, 12
core   0: 3 0x800080d0 (0x40c1de93) x29 0x00000000
core   0: 0x800080d4 (0xdfc3a593) slti    a1, t2, -516
core   0: 3 0x800080d4 (0xdfc3a593) x11 0x00000000
core   0: 0x800080d8 (0x006fccb3) xor     s9, t6, t1
core   0: 3 0x800080d8 (0x006fccb3) x25 0x80014e63
core   0: 0x800080dc (0x9ccf4893) xori    a7, t5, -1588
core   0: 3 0x800080dc (0x9ccf4893) x17 0xfffff9cc
core   0: 0x800080e0 (0x2c7d4a13) xori    s4, s10, 711
core   0: 3 0x800080e0 (0x2c7d4a13) x20 0xfb67f247
core   0: 0x800080e4 (0x013a18b3) sll     a7, s4, s3
core   0: 3 0x800080e4 (0x013a18b3) x17 0x3f923800
core   0: 0x800080e8 (0x00824eb3) xor     t4, tp, s0
core   0: 3 0x800080e8 (0x00824eb3) x29 0x2a27a000
core   0: 0x800080ec (0x41758633) sub     a2, a1, s7
core   0: 3 0x800080ec (0x41758633) x12 0x55d8119c
core   0: 0x800080f0 (0x02316c33) rem     s8, sp, gp
core   0: 3 0x800080f0 (0x02316c33) x24 0x00004800
core   0: 0x800080f4 (0x02bb3f33) mulhu   t5, s6, a1
core   0: 3 0x800080f4 (0x02bb3f33) x30 0x00000000
core   0: 0x800080f8 (0x01f18433) add     s0, gp, t6
core   0: 3 0x800080f8 (0x01f18433) x 8 0x00000000
core   0: 0x800080fc (0x402d02b3) sub     t0, s10, sp
core   0: 3 0x800080fc (0x402d02b3) x 5 0xfb67a880
core   0: 0x80008100 (0x4e370c13) addi    s8, a4, 1251
core   0: 3 0x80008100 (0x4e370c13) x24 0x000004ee
core   0: 0x80008104 (0x3c0587b7) lui     a5, 0x3c058
core   0: 3 0x80008104 (0x3c0587b7) x15 0x3c058000
core   0: 0x80008108 (0x00152033) slt     zero, a0, ra
core   0: 3 0x80008108 (0x00152033)
core   0: 0x8000810c (0x01ba3eb3) sltu    t4, s4, s11
core   0: 3 0x8000810c (0x01ba3eb3) x29 0x00000000
core   0: 0x80008110 (0x02a6b933) mulhu   s2, a3, a0
core   0: 3 0x80008110 (0x02a6b933) x18 0x00000000
core   0: 0x80008114 (0x026b86b3) mul     a3, s7, t1
core   0: 3 0x80008114 (0x026b86b3) x13 0xe677a8ac
core   0: 0x80008118 (0x010d6b33) or      s6, s10, a6
core   0: 3 0x80008118 (0x010d6b33) x22 0xfb67fee4
core   0: 0x8000811c (0x00ac5e33) srl     t3, s8, a0
core   0: 3 0x8000811c (0x00ac5e33) x28 0x000004ee
core   0: 0x80008120 (0x4132da33) sra     s4, t0, s3
core   0: 3 0x80008120 (0x4132da33) x20 0xffff6cf5
core   0: 0x80008124 (0x0275afb3) mulhsu  t6, a1, t2
core   0: 3 0x80008124 (0x0275afb3) x31 0x00000000
core   0: 0x80008128 (0x01a8bbb3) sltu    s7, a7, s10
core   0: 3 0x80008128 (0x01a8bbb3) x23 0x00000001
core   0: 0x8000812c (0x00905133) srl     sp, zero, s1
core   0: 3 0x8000812c (0x00905133) x 2 0x00000000
core   0: 0x80008130 (0x03a94733) div     a4, s2, s10
core   0: 3 0x80008130 (0x03a94733) x14 0x00000000
core   0: 0x80008134 (0x033c2733) mulhsu  a4, s8, s3
core   0: 3 0x80008134 (0x033c2733) x14 0x00000000
core   0: 0x80008138 (0x5bb38537) lui     a0, 0x5bb38
core   0: 3 0x80008138 (0x5bb38537) x10 0x5bb38000
core   0: 0x8000813c (0x01ef5033) srl     zero, t5, t5
core   0: 3 0x8000813c (0x01ef5033)
core   0: 0x80008140 (0x4112d593) srai    a1, t0, 17
core   0: 3 0x80008140 (0x4112d593) x11 0xfffffdb3
core   0: 0x80008144 (0x002a1b13) slli    s6, s4, 2
core   0: 3 0x80008144 (0x002a1b13) x22 0xfffdb3d4
core   0: 0x80008148 (0x00031a33) sll     s4, t1, zero
core   0: 3 0x80008148 (0x00031a33) x20 0x80014e63
core   0: 0x8000814c (0x0c520113) addi    sp, tp, 197
core   0: 3 0x8000814c (0x0c520113) x 2 0x000000c5
core   0: 0x80008150 (0xc6b03093) sltiu   ra, zero, -917
core   0: 3 0x80008150 (0xc6b03093) x 1 0x00000001
core   0: 0x80008154 (0x032ffeb3) remu    t4, t6, s2
core   0: 3 0x80008154 (0x032ffeb3) x29 0x00000000
core   0: 0x80008158 (0x00861513) slli    a0, a2, 8
core   0: 3 0x80008158 (0x00861513) x10 0xd8119c00
core   0: 0x8000815c (0x0231e233) rem     tp, gp, gp
core   0: 3 0x8000815c (0x0231e233) x 4 0x00000000
core   0: 0x80008160 (0x01c44cb3) xor     s9, s0, t3
core   0: 3 0x80008160 (0x01c44cb3) x25 0x000004ee
core   0: 0x80008164 (0x77556393) ori     t2, a0, 1909
core   0: 3 0x80008164 (0x77556393) x 7 0xd8119f75
core   0: 0x80008168 (0xce73e0b7) lui     ra, 0xce73e
core   0: 3 0x80008168 (0xce73e0b7) x 1 0xce73e000
core   0: 0x8000816c (0x01235933) srl     s2, t1, s2
core   0: 3 0x8000816c (0x01235933) x18 0x80014e63
core   0: 0x80008170 (0x00000013) nop
core   0: 3 0x80008170 (0x00000013)
core   0: 0x80008174 (0x02ad5b33) divu    s6, s10, a0
core   0: 3 0x80008174 (0x02ad5b33) x22 0x00000001
core   0: 0x80008178 (0xb1f68493) addi    s1, a3, -1249
core   0: 3 0x80008178 (0xb1f68493) x 9 0xe677a3cb
core   0: 0x8000817c (0x00ad2333) slt     t1, s10, a0
core   0: 3 0x8000817c (0x00ad2333) x 6 0x00000000
core   0: 0x80008180 (0x012d0733) add     a4, s10, s2
core   0: 3 0x80008180 (0x012d0733) x14 0x7b693ee3
core   0: 0x80008184 (0x0390b433) mulhu   s0, ra, s9
core   0: 3 0x80008184 (0x0390b433) x 8 0x000003f9
core   0: 0x80008188 (0x0006f2b3) and     t0, a3, zero
core   0: 3 0x80008188 (0x0006f2b3) x 5 0x00000000
core   0: 0x8000818c (0x00000013) nop
core   0: 3 0x8000818c (0x00000013)
core   0: 0x80008190 (0x408c5913) srai    s2, s8, 8
core   0: 3 0x80008190 (0x408c5913) x18 0x00000004
core   0: 0x80008194 (0x7d61f593) andi    a1, gp, 2006
core   0: 3 0x80008194 (0x7d61f593) x11 0x00000000
core   0: 0x80008198 (0x03432333) mulhsu  t1, t1, s4
core   0: 3 0x80008198 (0x03432333) x 6 0x00000000
core   0: 0x8000819c (0xde5e0017) auipc   zero, 0xde5e0
core   0: 3 0x8000819c (0xde5e0017)
core   0: 0x800081a0 (0x01e34a33) xor     s4, t1, t5
core   0: 3 0x800081a0 (0x01e34a33) x20 0x00000000
core   0: 0x800081a4 (0x03066cb3) rem     s9, a2, a6
core   0: 3 0x800081a4 (0x03066cb3) x25 0x55d8119c
core   0: 0x800081a8 (0x03430033) mul     zero, t1, s4
core   0: 3 0x800081a8 (0x03430033)
core   0: 0x800081ac (0x038ff533) remu    a0, t6, s8
core   0: 3 0x800081ac (0x038ff533) x10 0x00000000
core   0: 0x800081b0 (0x2de94893) xori    a7, s2, 734
core   0: 3 0x800081b0 (0x2de94893) x17 0x000002da
core   0: 0x800081b4 (0x02d147b3) div     a5, sp, a3
core   0: 3 0x800081b4 (0x02d147b3) x15 0x00000000
core   0: 0x800081b8 (0x00000013) nop
core   0: 3 0x800081b8 (0x00000013)
core   0: 0x800081bc (0x0356ea33) rem     s4, a3, s5
core   0: 3 0x800081bc (0x0356ea33) x20 0xe677a8ac
core   0: 0x800081c0 (0x022d2e33) mulhsu  t3, s10, sp
core   0: 3 0x800081c0 (0x022d2e33) x28 0xfffffffc
core   0: 0x800081c4 (0x3cd24a97) auipc   s5, 0x3cd24
core   0: 3 0x800081c4 (0x3cd24a97) x21 0xbcd2c1c4
core   0: 0x800081c8 (0x41b80f33) sub     t5, a6, s11
core   0: 3 0x800081c8 (0x41b80f33) x30 0xffffc180
core   0: 0x800081cc (0x0267aeb3) mulhsu  t4, a5, t1
core   0: 3 0x800081cc (0x0267aeb3) x29 0x00000000
core   0: 0x800081d0 (0x007dda93) srli    s5, s11, 7
core   0: 3 0x800081d0 (0x007dda93) x21 0x01000319
core   0: 0x800081d4 (0x019a4033) xor     zero, s4, s9
core   0: 3 0x800081d4 (0x019a4033)
core   0: 0x800081d8 (0x0118fe33) and     t3, a7, a7
core   0: 3 0x800081d8 (0x0118fe33) x28 0x000002da
core   0: 0x800081dc (0x0df31117) auipc   sp, 0xdf31
core   0: 3 0x800081dc (0x0df31117) x 2 0x8df391dc
core   0: 0x800081e0 (0x40f682b3) sub     t0, a3, a5
core   0: 3 0x800081e0 (0x40f682b3) x 5 0xe677a8ac
core   0: 0x800081e4 (0x01731bb3) sll     s7, t1, s7
core   0: 3 0x800081e4 (0x01731bb3) x23 0x00000000
core   0: 0x800081e8 (0x003faa33) slt     s4, t6, gp
core   0: 3 0x800081e8 (0x003faa33) x20 0x00000000
core   0: 0x800081ec (0x00069013) slli    zero, a3, 0
core   0: 3 0x800081ec (0x00069013)
core   0: 0x800081f0 (0x4104db33) sra     s6, s1, a6
core   0: 3 0x800081f0 (0x4104db33) x22 0xfe677a3c
core   0: 0x800081f4 (0x01009633) sll     a2, ra, a6
core   0: 3 0x800081f4 (0x01009633) x12 0xe73e0000
core   0: 0x800081f8 (0x0268b533) mulhu   a0, a7, t1
core   0: 3 0x800081f8 (0x0268b533) x10 0x00000000
core   0: 0x800081fc (0x01712433) slt     s0, sp, s7
core   0: 3 0x800081fc (0x01712433) x 8 0x00000001
core   0: 0x80008200 (0xe698d137) lui     sp, 0xe698d
core   0: 3 0x80008200 (0xe698d137) x 2 0xe698d000
core   0: 0x80008204 (0x03e23e33) mulhu   t3, tp, t5
core   0: 3 0x80008204 (0x03e23e33) x28 0x00000000
core   0: 0x80008208 (0x0303b733) mulhu   a4, t2, a6
core   0: 3 0x80008208 (0x0303b733) x14 0x6c09e9f5
core   0: 0x8000820c (0x000bd633) srl     a2, s7, zero
core   0: 3 0x8000820c (0x000bd633) x12 0x00000000
core   0: 0x80008210 (0x009ffcb3) and     s9, t6, s1
core   0: 3 0x80008210 (0x009ffcb3) x25 0x00000000
core   0: 0x80008214 (0x2ba53f93) sltiu   t6, a0, 698
core   0: 3 0x80008214 (0x2ba53f93) x31 0x00000001
core   0: 0x80008218 (0x027cc3b3) div     t2, s9, t2
core   0: 3 0x80008218 (0x027cc3b3) x 7 0x00000000
core   0: 0x8000821c (0x03697a33) remu    s4, s2, s6
core   0: 3 0x8000821c (0x03697a33) x20 0x00000004
core   0: 0x80008220 (0x00a4d333) srl     t1, s1, a0
core   0: 3 0x80008220 (0x00a4d333) x 6 0xe677a3cb
core   0: 0x80008224 (0x43108513) addi    a0, ra, 1073
core   0: 3 0x80008224 (0x43108513) x10 0xce73e431
core   0: 0x80008228 (0x401ad613) srai    a2, s5, 1
core   0: 3 0x80008228 (0x401ad613) x12 0x0080018c
core   0: 0x8000822c (0x02fc2a33) mulhsu  s4, s8, a5
core   0: 3 0x8000822c (0x02fc2a33) x20 0x00000000
core   0: 0x80008230 (0x039d9d33) mulh    s10, s11, s9
core   0: 3 0x80008230 (0x039d9d33) x26 0x00000000
core   0: 0x80008234 (0x00481ab3) sll     s5, a6, tp
core   0: 3 0x80008234 (0x00481ab3) x21 0x80014e64
core   0: 0x80008238 (0x40a25bb3) sra     s7, tp, a0
core   0: 3 0x80008238 (0x40a25bb3) x23 0x00000000
core   0: 0x8000823c (0x01d582b3) add     t0, a1, t4
core   0: 3 0x8000823c (0x01d582b3) x 5 0x00000000
core   0: 0x80008240 (0x01708233) add     tp, ra, s7
core   0: 3 0x80008240 (0x01708233) x 4 0xce73e000
core   0: 0x80008244 (0x6502e897) auipc   a7, 0x6502e
core   0: 3 0x80008244 (0x6502e897) x17 0xe5036244
core   0: 0x80008248 (0xca9b5c97) auipc   s9, 0xca9b5
core   0: 3 0x80008248 (0xca9b5c97) x25 0x4a9bd248
core   0: 0x8000824c (0x41d6df13) srai    t5, a3, 29
core   0: 3 0x8000824c (0x41d6df13) x30 0xffffffff
core   0: 0x80008250 (0x030902b3) mul     t0, s2, a6
core   0: 3 0x80008250 (0x030902b3) x 5 0x00053990
core   0: 0x80008254 (0x00000013) nop
core   0: 3 0x80008254 (0x00000013)
core   0: 0x80008258 (0x841b0493) addi    s1, s6, -1983
core   0: 3 0x80008258 (0x841b0493) x 9 0xfe67727d
core   0: 0x8000825c (0x019f4233) xor     tp, t5, s9
core   0: 3 0x8000825c (0x019f4233) x 4 0xb5642db7
core   0: 0x80008260 (0x00000013) nop
core   0: 3 0x80008260 (0x00000013)
core   0: 0x80008264 (0x033c2cb3) mulhsu  s9, s8, s3
core   0: 3 0x80008264 (0x033c2cb3) x25 0x00000000
core   0: 0x80008268 (0x4027d413) srai    s0, a5, 2
core   0: 3 0x80008268 (0x4027d413) x 8 0x00000000
core   0: 0x8000826c (0x03a46fb3) rem     t6, s0, s10
core   0: 3 0x8000826c (0x03a46fb3) x31 0x00000000
core   0: 0x80008270 (0x010abf33) sltu    t5, s5, a6
core   0: 3 0x80008270 (0x010abf33) x30 0x00000000
core   0: 0x80008274 (0x02451d33) mulh    s10, a0, tp
core   0: 3 0x80008274 (0x02451d33) x26 0x0e70a891
core   0: 0x80008278 (0x01064033) xor     zero, a2, a6
core   0: 3 0x80008278 (0x01064033)
core   0: 0x8000827c (0x40b852b3) sra     t0, a6, a1
core   0: 3 0x8000827c (0x40b852b3) x 5 0x80014e64
core   0: 0x80008280 (0x01550933) add     s2, a0, s5
core   0: 3 0x80008280 (0x01550933) x18 0x4e753295
core   0: 0x80008284 (0x00f952b3) srl     t0, s2, a5
core   0: 3 0x80008284 (0x00f952b3) x 5 0x4e753295
core   0: 0x80008288 (0xe7ebc793) xori    a5, s7, -386
core   0: 3 0x80008288 (0xe7ebc793) x15 0xfffffe7e
core   0: 0x8000828c (0x02f24ab3) div     s5, tp, a5
core   0: 3 0x8000828c (0x02f24ab3) x21 0x00317b3d
core   0: 0x80008290 (0x00000013) nop
core   0: 3 0x80008290 (0x00000013)
core   0: 0x80008294 (0x03684bb3) div     s7, a6, s6
core   0: 3 0x80008294 (0x03684bb3) x23 0x00000050
core   0: 0x80008298 (0x4029db33) sra     s6, s3, sp
core   0: 3 0x80008298 (0x4029db33) x22 0x0000000b
core   0: 0x8000829c (0x5c5a3693) sltiu   a3, s4, 1477
core   0: 3 0x8000829c (0x5c5a3693) x13 0x00000001
core   0: 0x800082a0 (0x0388a133) mulhsu  sp, a7, s8
core   0: 3 0x800082a0 (0x0388a133) x 2 0xffffff7a
core   0: 0x800082a4 (0x0deec017) auipc   zero, 0xdeec
core   0: 3 0x800082a4 (0x0deec017)
core   0: 0x800082a8 (0x019172b3) and     t0, sp, s9
core   0: 3 0x800082a8 (0x019172b3) x 5 0x00000000
core   0: 0x800082ac (0x002f4a33) xor     s4, t5, sp
core   0: 3 0x800082ac (0x002f4a33) x20 0xffffff7a
core   0: 0x800082b0 (0xdacdcb13) xori    s6, s11, -596
core   0: 3 0x800082b0 (0xdacdcb13) x22 0x7ffe7148
core   0: 0x800082b4 (0x41b850b3) sra     ra, a6, s11
core   0: 3 0x800082b4 (0x41b850b3) x 1 0xf80014e6
core   0: 0x800082b8 (0x01296533) or      a0, s2, s2
core   0: 3 0x800082b8 (0x01296533) x10 0x4e753295
core   0: 0x800082bc (0x021df933) remu    s2, s11, ra
core   0: 3 0x800082bc (0x021df933) x18 0x80018ce4
core   0: 0x800082c0 (0x034f1ab3) mulh    s5, t5, s4
core   0: 3 0x800082c0 (0x034f1ab3) x21 0x00000000
core   0: 0x800082c4 (0x14327493) andi    s1, tp, 323
core   0: 3 0x800082c4 (0x14327493) x 9 0x00000103
core   0: 0x800082c8 (0x02646033) rem     zero, s0, t1
core   0: 3 0x800082c8 (0x02646033)
core   0: 0x800082cc (0x014f1513) slli    a0, t5, 20
core   0: 3 0x800082cc (0x014f1513) x10 0x00000000
core   0: 0x800082d0 (0x00b1e433) or      s0, gp, a1
core   0: 3 0x800082d0 (0x00b1e433) x 8 0x00000000
core   0: 0x800082d4 (0x00f2bc33) sltu    s8, t0, a5
core   0: 3 0x800082d4 (0x00f2bc33) x24 0x00000001
core   0: 0x800082d8 (0x26b80237) lui     tp, 0x26b80
core   0: 3 0x800082d8 (0x26b80237) x 4 0x26b80000
core   0: 0x800082dc (0x023cfb33) remu    s6, s9, gp
core   0: 3 0x800082dc (0x023cfb33) x22 0x00000000
core   0: 0x800082e0 (0x000928b3) slt     a7, s2, zero
core   0: 3 0x800082e0 (0x000928b3) x17 0x00000001
core   0: 0x800082e4 (0x02736fb3) rem     t6, t1, t2
core   0: 3 0x800082e4 (0x02736fb3) x31 0xe677a3cb
core   0: 0x800082e8 (0x0076ff33) and     t5, a3, t2
core   0: 3 0x800082e8 (0x0076ff33) x30 0x00000000
core   0: 0x800082ec (0xe2493613) sltiu   a2, s2, -476
core   0: 3 0x800082ec (0xe2493613) x12 0x00000001
core   0: 0x800082f0 (0x00471c93) slli    s9, a4, 4
core   0: 3 0x800082f0 (0x00471c93) x25 0xc09e9f50
core   0: 0x800082f4 (0x088de313) ori     t1, s11, 136
core   0: 3 0x800082f4 (0x088de313) x 6 0x80018cec
core   0: 0x800082f8 (0x8a9c0313) addi    t1, s8, -1879
core   0: 3 0x800082f8 (0x8a9c0313) x 6 0xfffff8aa
core   0: 0x800082fc (0x40e6d013) srai    zero, a3, 14
core   0: 3 0x800082fc (0x40e6d013)
core   0: 0x80008300 (0x03590fb3) mul     t6, s2, s5
core   0: 3 0x80008300 (0x03590fb3) x31 0x00000000
core   0: 0x80008304 (0x03be1933) mulh    s2, t3, s11
core   0: 3 0x80008304 (0x03be1933) x18 0x00000000
core   0: 0x80008308 (0x29ae4113) xori    sp, t3, 666
core   0: 3 0x80008308 (0x29ae4113) x 2 0x0000029a
core   0: 0x8000830c (0xca626d13) ori     s10, tp, -858
core   0: 3 0x8000830c (0xca626d13) x26 0xfffffca6
core   0: 0x80008310 (0x0067d193) srli    gp, a5, 6
core   0: 3 0x80008310 (0x0067d193) x 3 0x03fffff9
core   0: 0x80008314 (0x03015f33) divu    t5, sp, a6
core   0: 3 0x80008314 (0x03015f33) x30 0x00000000
core   0: 0x80008318 (0x0334abb3) mulhsu  s7, s1, s3
core   0: 3 0x80008318 (0x0334abb3) x23 0x00000000
core   0: 0x8000831c (0x046acc13) xori    s8, s5, 70
core   0: 3 0x8000831c (0x046acc13) x24 0x00000046
core   0: 0x80008320 (0x410d5e93) srai    t4, s10, 16
core   0: 3 0x80008320 (0x410d5e93) x29 0xffffffff
core   0: 0x80008324 (0x0087a0b3) slt     ra, a5, s0
core   0: 3 0x80008324 (0x0087a0b3) x 1 0x00000001
core   0: 0x80008328 (0xb7e1fc13) andi    s8, gp, -1154
core   0: 3 0x80008328 (0xb7e1fc13) x24 0x03fffb78
core   0: 0x8000832c (0x20e3bb13) sltiu   s6, t2, 526
core   0: 3 0x8000832c (0x20e3bb13) x22 0x00000001
core   0: 0x80008330 (0x02bfa5b3) mulhsu  a1, t6, a1
core   0: 3 0x80008330 (0x02bfa5b3) x11 0x00000000
core   0: 0x80008334 (0x027bf8b3) remu    a7, s7, t2
core   0: 3 0x80008334 (0x027bf8b3) x17 0x00000000
core   0: 0x80008338 (0x02a23c93) sltiu   s9, tp, 42
core   0: 3 0x80008338 (0x02a23c93) x25 0x00000000
core   0: 0x8000833c (0x03f0c8b3) div     a7, ra, t6
core   0: 3 0x8000833c (0x03f0c8b3) x17 0xffffffff
core   0: 0x80008340 (0x4129d233) sra     tp, s3, s2
core   0: 3 0x80008340 (0x4129d233) x 4 0x0000000b
core   0: 0x80008344 (0x02e0f133) remu    sp, ra, a4
core   0: 3 0x80008344 (0x02e0f133) x 2 0x00000001
core   0: 0x80008348 (0x00554333) xor     t1, a0, t0
core   0: 3 0x80008348 (0x00554333) x 6 0x00000000
core   0: 0x8000834c (0x0071d433) srl     s0, gp, t2
core   0: 3 0x8000834c (0x0071d433) x 8 0x03fffff9
core   0: 0x80008350 (0x02a4d1b3) divu    gp, s1, a0
core   0: 3 0x80008350 (0x02a4d1b3) x 3 0xffffffff
core   0: 0x80008354 (0x02ae3b33) mulhu   s6, t3, a0
core   0: 3 0x80008354 (0x02ae3b33) x22 0x00000000
core   0: 0x80008358 (0x02d695b3) mulh    a1, a3, a3
core   0: 3 0x80008358 (0x02d695b3) x11 0x00000000
core   0: 0x8000835c (0xe33f90b7) lui     ra, 0xe33f9
core   0: 3 0x8000835c (0xe33f90b7) x 1 0xe33f9000
core   0: 0x80008360 (0x0153a633) slt     a2, t2, s5
core   0: 3 0x80008360 (0x0153a633) x12 0x00000000
core   0: 0x80008364 (0x40255013) srai    zero, a0, 2
core   0: 3 0x80008364 (0x40255013)
core   0: 0x80008368 (0x0344c133) div     sp, s1, s4
core   0: 3 0x80008368 (0x0344c133) x 2 0xffffffff
core   0: 0x8000836c (0x04aed197) auipc   gp, 0x4aed
core   0: 3 0x8000836c (0x04aed197) x 3 0x84af536c
core   0: 0x80008370 (0x60356c13) ori     s8, a0, 1539
core   0: 3 0x80008370 (0x60356c13) x24 0x00000603
core   0: 0x80008374 (0x00b45213) srli    tp, s0, 11
core   0: 3 0x80008374 (0x00b45213) x 4 0x00007fff
core   0: 0x80008378 (0x03bbd033) divu    zero, s7, s11
core   0: 3 0x80008378 (0x03bbd033)
core   0: 0x8000837c (0x02ded3b3) divu    t2, t4, a3
core   0: 3 0x8000837c (0x02ded3b3) x 7 0xffffffff
core   0: 0x80008380 (0x010ee0b3) or      ra, t4, a6
core   0: 3 0x80008380 (0x010ee0b3) x 1 0xffffffff
core   0: 0x80008384 (0x63ace113) ori     sp, s9, 1594
core   0: 3 0x80008384 (0x63ace113) x 2 0x0000063a
core   0: 0x80008388 (0x408381b3) sub     gp, t2, s0
core   0: 3 0x80008388 (0x408381b3) x 3 0xfc000006
core   0: 0x8000838c (0x03b6e2b3) rem     t0, a3, s11
core   0: 3 0x8000838c (0x03b6e2b3) x 5 0x00000001
core   0: 0x80008390 (0x2b58a493) slti    s1, a7, 693
core   0: 3 0x80008390 (0x2b58a493) x 9 0x00000001
core   0: 0x80008394 (0x026c0433) mul     s0, s8, t1
core   0: 3 0x80008394 (0x026c0433) x 8 0x00000000
core   0: 0x80008398 (0x00000013) nop
core   0: 3 0x80008398 (0x00000013)
core   0: 0x8000839c (0x03645133) divu    sp, s0, s6
core   0: 3 0x8000839c (0x03645133) x 2 0xffffffff
core   0: 0x800083a0 (0x019bd533) srl     a0, s7, s9
core   0: 3 0x800083a0 (0x019bd533) x10 0x00000000
core   0: 0x800083a4 (0x03a49ab3) mulh    s5, s1, s10
core   0: 3 0x800083a4 (0x03a49ab3) x21 0xffffffff
core   0: 0x800083a8 (0x00e0a7b3) slt     a5, ra, a4
core   0: 3 0x800083a8 (0x00e0a7b3) x15 0x00000001
core   0: 0x800083ac (0x03b446b3) div     a3, s0, s11
core   0: 3 0x800083ac (0x03b446b3) x13 0x00000000
core   0: 0x800083b0 (0x01801633) sll     a2, zero, s8
core   0: 3 0x800083b0 (0x01801633) x12 0x00000000
core   0: 0x800083b4 (0x40f206b3) sub     a3, tp, a5
core   0: 3 0x800083b4 (0x40f206b3) x13 0x00007ffe
core   0: 0x800083b8 (0x030f2d33) mulhsu  s10, t5, a6
core   0: 3 0x800083b8 (0x030f2d33) x26 0x00000000
core   0: 0x800083bc (0x02fdb433) mulhu   s0, s11, a5
core   0: 3 0x800083bc (0x02fdb433) x 8 0x00000000
core   0: 0x800083c0 (0x01e38a33) add     s4, t2, t5
core   0: 3 0x800083c0 (0x01e38a33) x20 0xffffffff
core   0: 0x800083c4 (0x4169d013) srai    zero, s3, 22
core   0: 3 0x800083c4 (0x4169d013)
core   0: 0x800083c8 (0x129ce693) ori     a3, s9, 297
core   0: 3 0x800083c8 (0x129ce693) x13 0x00000129
core   0: 0x800083cc (0x01f02b33) slt     s6, zero, t6
core   0: 3 0x800083cc (0x01f02b33) x22 0x00000000
core   0: 0x800083d0 (0x0122b8b3) sltu    a7, t0, s2
core   0: 3 0x800083d0 (0x0122b8b3) x17 0x00000000
core   0: 0x800083d4 (0x41580a33) sub     s4, a6, s5
core   0: 3 0x800083d4 (0x41580a33) x20 0x80014e65
core   0: 0x800083d8 (0x020a5c33) divu    s8, s4, zero
core   0: 3 0x800083d8 (0x020a5c33) x24 0xffffffff
core   0: 0x800083dc (0xa7c7a593) slti    a1, a5, -1412
core   0: 3 0x800083dc (0xa7c7a593) x11 0x00000000
core   0: 0x800083e0 (0x02fe9a33) mulh    s4, t4, a5
core   0: 3 0x800083e0 (0x02fe9a33) x20 0xffffffff
core   0: 0x800083e4 (0x0131dd13) srli    s10, gp, 19
core   0: 3 0x800083e4 (0x0131dd13) x26 0x00001f80
core   0: 0x800083e8 (0x027dfab3) remu    s5, s11, t2
core   0: 3 0x800083e8 (0x027dfab3) x21 0x80018ce4
core   0: 0x800083ec (0x005d56b3) srl     a3, s10, t0
core   0: 3 0x800083ec (0x005d56b3) x13 0x00000fc0
core   0: 0x800083f0 (0x21767c93) andi    s9, a2, 535
core   0: 3 0x800083f0 (0x21767c93) x25 0x00000000
core   0: 0x800083f4 (0x03d524b3) mulhsu  s1, a0, t4
core   0: 3 0x800083f4 (0x03d524b3) x 9 0x00000000
core   0: 0x800083f8 (0x020c45b3) div     a1, s8, zero
core   0: 3 0x800083f8 (0x020c45b3) x11 0xffffffff
core   0: 0x800083fc (0xe31b1cb7) lui     s9, 0xe31b1
core   0: 3 0x800083fc (0xe31b1cb7) x25 0xe31b1000
core   0: 0x80008400 (0x002c0a33) add     s4, s8, sp
core   0: 3 0x80008400 (0x002c0a33) x20 0xfffffffe
core   0: 0x80008404 (0x01478fb3) add     t6, a5, s4
core   0: 3 0x80008404 (0x01478fb3) x31 0xffffffff
core   0: 0x80008408 (0x88948013) addi    zero, s1, -1911
core   0: 3 0x80008408 (0x88948013)
core   0: 0x8000840c (0x00df2133) slt     sp, t5, a3
core   0: 3 0x8000840c (0x00df2133) x 2 0x00000001
core   0: 0x80008410 (0x0257f0b3) remu    ra, a5, t0
core   0: 3 0x80008410 (0x0257f0b3) x 1 0x00000000
core   0: 0x80008414 (0xfb0b3f93) sltiu   t6, s6, -80
core   0: 3 0x80008414 (0xfb0b3f93) x31 0x00000001
core   0: 0x80008418 (0xb6196893) ori     a7, s2, -1183
core   0: 3 0x80008418 (0xb6196893) x17 0xfffffb61
core   0: 0x8000841c (0x414708b3) sub     a7, a4, s4
core   0: 3 0x8000841c (0x414708b3) x17 0x6c09e9f7
core   0: 0x80008420 (0xc0e7a393) slti    t2, a5, -1010
core   0: 3 0x80008420 (0xc0e7a393) x 7 0x00000000
core   0: 0x80008424 (0x020dcb33) div     s6, s11, zero
core   0: 3 0x80008424 (0x020dcb33) x22 0xffffffff
core   0: 0x80008428 (0x028577b3) remu    a5, a0, s0
core   0: 3 0x80008428 (0x028577b3) x15 0x00000000
core   0: 0x8000842c (0x36c0c593) xori    a1, ra, 876
core   0: 3 0x8000842c (0x36c0c593) x11 0x0000036c
core   0: 0x80008430 (0x017b11b3) sll     gp, s6, s7
core   0: 3 0x80008430 (0x017b11b3) x 3 0xffffffff
core   0: 0x80008434 (0x01dc9493) slli    s1, s9, 29
core   0: 3 0x80008434 (0x01dc9493) x 9 0x00000000
core   0: 0x80008438 (0x5c3ffd13) andi    s10, t6, 1475
core   0: 3 0x80008438 (0x5c3ffd13) x26 0x00000001
core   0: 0x8000843c (0x025641b3) div     gp, a2, t0
core   0: 3 0x8000843c (0x025641b3) x 3 0x00000000
core   0: 0x80008440 (0x40d95c13) srai    s8, s2, 13
core   0: 3 0x80008440 (0x40d95c13) x24 0x00000000
core   0: 0x80008444 (0xc7b2a717) auipc   a4, 0xc7b2a
core   0: 3 0x80008444 (0xc7b2a717) x14 0x47b32444
core   0: 0x80008448 (0x01bd9213) slli    tp, s11, 27
core   0: 3 0x80008448 (0x01bd9213) x 4 0x20000000
core   0: 0x8000844c (0x004e7bb3) and     s7, t3, tp
core   0: 3 0x8000844c (0x004e7bb3) x23 0x00000000
core   0: 0x80008450 (0xc580b213) sltiu   tp, ra, -936
core   0: 3 0x80008450 (0xc580b213) x 4 0x00000001
core   0: 0x80008454 (0x01d10cb3) add     s9, sp, t4
core   0: 3 0x80008454 (0x01d10cb3) x25 0x00000000
core   0: 0x80008458 (0x001f9a33) sll     s4, t6, ra
core   0: 3 0x80008458 (0x001f9a33) x20 0x00000001
core   0: 0x8000845c (0x0169d633) srl     a2, s3, s6
core   0: 3 0x8000845c (0x0169d633) x12 0x00000000
core   0: 0x80008460 (0x41ad0b33) sub     s6, s10, s10
core   0: 3 0x80008460 (0x41ad0b33) x22 0x00000000
core   0: 0x80008464 (0x00000013) nop
core   0: 3 0x80008464 (0x00000013)
core   0: 0x80008468 (0x0393fc33) remu    s8, t2, s9
core   0: 3 0x80008468 (0x0393fc33) x24 0x00000000
core   0: 0x8000846c (0x030e3633) mulhu   a2, t3, a6
core   0: 3 0x8000846c (0x030e3633) x12 0x00000000
core   0: 0x80008470 (0x0145d013) srli    zero, a1, 20
core   0: 3 0x80008470 (0x0145d013)
core   0: 0x80008474 (0x01b41b13) slli    s6, s0, 27
core   0: 3 0x80008474 (0x01b41b13) x22 0x00000000
core   0: 0x80008478 (0x031816b3) mulh    a3, a6, a7
core   0: 3 0x80008478 (0x031816b3) x13 0xc9fb9823
core   0: 0x8000847c (0x01311d13) slli    s10, sp, 19
core   0: 3 0x8000847c (0x01311d13) x26 0x00080000
core   0: 0x80008480 (0x41acd2b3) sra     t0, s9, s10
core   0: 3 0x80008480 (0x41acd2b3) x 5 0x00000000
core   0: 0x80008484 (0x79023b93) sltiu   s7, tp, 1936
core   0: 3 0x80008484 (0x79023b93) x23 0x00000001
core   0: 0x80008488 (0x020c51b3) divu    gp, s8, zero
core   0: 3 0x80008488 (0x020c51b3) x 3 0xffffffff
core   0: 0x8000848c (0x411e5b33) sra     s6, t3, a7
core   0: 3 0x8000848c (0x411e5b33) x22 0x00000000
core   0: 0x80008490 (0x01daa133) slt     sp, s5, t4
core   0: 3 0x80008490 (0x01daa133) x 2 0x00000001
core   0: 0x80008494 (0x40ce00b3) sub     ra, t3, a2
core   0: 3 0x80008494 (0x40ce00b3) x 1 0x00000000
core   0: 0x80008498 (0x008e9233) sll     tp, t4, s0
core   0: 3 0x80008498 (0x008e9233) x 4 0xffffffff
core   0: 0x8000849c (0xbdb8ef93) ori     t6, a7, -1061
core   0: 3 0x8000849c (0xbdb8ef93) x31 0xfffffbff
core   0: 0x800084a0 (0x0393b433) mulhu   s0, t2, s9
core   0: 3 0x800084a0 (0x0393b433) x 8 0x00000000
core   0: 0x800084a4 (0xb1a76793) ori     a5, a4, -1254
core   0: 3 0x800084a4 (0xb1a76793) x15 0xffffff5e
core   0: 0x800084a8 (0x41c7d333) sra     t1, a5, t3
core   0: 3 0x800084a8 (0x41c7d333) x 6 0xffffff5e
core   0: 0x800084ac (0x02c4c933) div     s2, s1, a2
core   0: 3 0x800084ac (0x02c4c933) x18 0xffffffff
core   0: 0x800084b0 (0x01ca0333) add     t1, s4, t3
core   0: 3 0x800084b0 (0x01ca0333) x 6 0x00000001
core   0: 0x800084b4 (0x40be06b3) sub     a3, t3, a1
core   0: 3 0x800084b4 (0x40be06b3) x13 0xfffffc94
core   0: 0x800084b8 (0x03f7b933) mulhu   s2, a5, t6
core   0: 3 0x800084b8 (0x03f7b933) x18 0xfffffb5d
core   0: 0x800084bc (0x6ffeff97) auipc   t6, 0x6ffef
core   0: 3 0x800084bc (0x6ffeff97) x31 0xefff74bc
core   0: 0x800084c0 (0x00c085b3) add     a1, ra, a2
core   0: 3 0x800084c0 (0x00c085b3) x11 0x00000000
core   0: 0x800084c4 (0x0322ff33) remu    t5, t0, s2
core   0: 3 0x800084c4 (0x0322ff33) x30 0x00000000
core   0: 0x800084c8 (0x00a96fb3) or      t6, s2, a0
core   0: 3 0x800084c8 (0x00a96fb3) x31 0xfffffb5d
core   0: 0x800084cc (0x00fa9a93) slli    s5, s5, 15
core   0: 3 0x800084cc (0x00fa9a93) x21 0xc6720000
core   0: 0x800084d0 (0x01d51c93) slli    s9, a0, 29
core   0: 3 0x800084d0 (0x01d51c93) x25 0x00000000
core   0: 0x800084d4 (0x020a57b3) divu    a5, s4, zero
core   0: 3 0x800084d4 (0x020a57b3) x15 0xffffffff
core   0: 0x800084d8 (0x40840133) sub     sp, s0, s0
core   0: 3 0x800084d8 (0x40840133) x 2 0x00000000
core   0: 0x800084dc (0x039031b3) mulhu   gp, zero, s9
core   0: 3 0x800084dc (0x039031b3) x 3 0x00000000
core   0: 0x800084e0 (0x0302e8b3) rem     a7, t0, a6
core   0: 3 0x800084e0 (0x0302e8b3) x17 0x00000000
core   0: 0x800084e4 (0x0221e0b3) rem     ra, gp, sp
core   0: 3 0x800084e4 (0x0221e0b3) x 1 0x00000000
core   0: 0x800084e8 (0x4186d3b3) sra     t2, a3, s8
core   0: 3 0x800084e8 (0x4186d3b3) x 7 0xfffffc94
core   0: 0x800084ec (0x035f4d33) div     s10, t5, s5
core   0: 3 0x800084ec (0x035f4d33) x26 0x00000000
core   0: 0x800084f0 (0x3d58ec93) ori     s9, a7, 981
core   0: 3 0x800084f0 (0x3d58ec93) x25 0x000003d5
core   0: 0x800084f4 (0x033eb533) mulhu   a0, t4, s3
core   0: 3 0x800084f4 (0x033eb533) x10 0x0000000a
core   0: 0x800084f8 (0x1e7f2a13) slti    s4, t5, 487
core   0: 3 0x800084f8 (0x1e7f2a13) x20 0x00000001
core   0: 0x800084fc (0x02b8e533) rem     a0, a7, a1
core   0: 3 0x800084fc (0x02b8e533) x10 0x00000000
core   0: 0x80008500 (0x017757b3) srl     a5, a4, s7
core   0: 3 0x80008500 (0x017757b3) x15 0x23d99222
core   0: 0x80008504 (0x41c350b3) sra     ra, t1, t3
core   0: 3 0x80008504 (0x41c350b3) x 1 0x00000001
core   0: 0x80008508 (0x01e9a0b3) slt     ra, s3, t5
core   0: 3 0x80008508 (0x01e9a0b3) x 1 0x00000000
core   0: 0x8000850c (0xf2324393) xori    t2, tp, -221
core   0: 3 0x8000850c (0xf2324393) x 7 0x000000dc
core   0: 0x80008510 (0x00689c13) slli    s8, a7, 6
core   0: 3 0x80008510 (0x00689c13) x24 0x00000000
core   0: 0x80008514 (0x00000013) nop
core   0: 3 0x80008514 (0x00000013)
core   0: 0x80008518 (0x4133d313) srai    t1, t2, 19
core   0: 3 0x80008518 (0x4133d313) x 6 0x00000000
core   0: 0x8000851c (0x02373f33) mulhu   t5, a4, gp
core   0: 3 0x8000851c (0x02373f33) x30 0x00000000
core   0: 0x80008520 (0x5c202cb7) lui     s9, 0x5c202
core   0: 3 0x80008520 (0x5c202cb7) x25 0x5c202000
core   0: 0x80008524 (0x006bd013) srli    zero, s7, 6
core   0: 3 0x80008524 (0x006bd013)
core   0: 0x80008528 (0x017fd913) srli    s2, t6, 23
core   0: 3 0x80008528 (0x017fd913) x18 0x000001ff
core   0: 0x8000852c (0x000dc4b3) xor     s1, s11, zero
core   0: 3 0x8000852c (0x000dc4b3) x 9 0x80018ce4
core   0: 0x80008530 (0x0733c613) xori    a2, t2, 115
core   0: 3 0x80008530 (0x0733c613) x12 0x000000af
core   0: 0x80008534 (0xee1c3413) sltiu   s0, s8, -287
core   0: 3 0x80008534 (0xee1c3413) x 8 0x00000001
core   0: 0x80008538 (0x3017f093) andi    ra, a5, 769
core   0: 3 0x80008538 (0x3017f093) x 1 0x00000200
core   0: 0x8000853c (0x4875f693) andi    a3, a1, 1159
core   0: 3 0x8000853c (0x4875f693) x13 0x00000000
core   0: 0x80008540 (0x41bad1b3) sra     gp, s5, s11
core   0: 3 0x80008540 (0x41bad1b3) x 3 0xfc672000
core   0: 0x80008544 (0x01346f33) or      t5, s0, s3
core   0: 3 0x80008544 (0x01346f33) x30 0x0000000b
core   0: 0x80008548 (0x006d28b3) slt     a7, s10, t1
core   0: 3 0x80008548 (0x006d28b3) x17 0x00000000
core   0: 0x8000854c (0x406b8933) sub     s2, s7, t1
core   0: 3 0x8000854c (0x406b8933) x18 0x00000001
core   0: 0x80008550 (0x03f6fb33) remu    s6, a3, t6
core   0: 3 0x80008550 (0x03f6fb33) x22 0x00000000
core   0: 0x80008554 (0x00677e33) and     t3, a4, t1
core   0: 3 0x80008554 (0x00677e33) x28 0x00000000
core   0: 0x80008558 (0x0358bbb3) mulhu   s7, a7, s5
core   0: 3 0x80008558 (0x0358bbb3) x23 0x00000000
core   0: 0x8000855c (0x023a6b33) rem     s6, s4, gp
core   0: 3 0x8000855c (0x023a6b33) x22 0x00000001
core   0: 0x80008560 (0x002c5fb3) srl     t6, s8, sp
core   0: 3 0x80008560 (0x002c5fb3) x31 0x00000000
core   0: 0x80008564 (0x0097b2b3) sltu    t0, a5, s1
core   0: 3 0x80008564 (0x0097b2b3) x 5 0x00000001
core   0: 0x80008568 (0x40355113) srai    sp, a0, 3
core   0: 3 0x80008568 (0x40355113) x 2 0x00000000
core   0: 0x8000856c (0x9fb5c913) xori    s2, a1, -1541
core   0: 3 0x8000856c (0x9fb5c913) x18 0xfffff9fb
core   0: 0x80008570 (0x403bdbb3) sra     s7, s7, gp
core   0: 3 0x80008570 (0x403bdbb3) x23 0x00000000
core   0: 0x80008574 (0x5a137193) andi    gp, t1, 1441
core   0: 3 0x80008574 (0x5a137193) x 3 0x00000000
core   0: 0x80008578 (0x010e7e33) and     t3, t3, a6
core   0: 3 0x80008578 (0x010e7e33) x28 0x00000000
core   0: 0x8000857c (0x0127d2b3) srl     t0, a5, s2
core   0: 3 0x8000857c (0x0127d2b3) x 5 0x00000004
core   0: 0x80008580 (0x03a994b3) mulh    s1, s3, s10
core   0: 3 0x80008580 (0x03a994b3) x 9 0x00000000
core   0: 0x80008584 (0x00da5eb3) srl     t4, s4, a3
core   0: 3 0x80008584 (0x00da5eb3) x29 0x00000001
core   0: 0x80008588 (0x008b64b3) or      s1, s6, s0
core   0: 3 0x80008588 (0x008b64b3) x 9 0x00000001
core   0: 0x8000858c (0x023b31b3) mulhu   gp, s6, gp
core   0: 3 0x8000858c (0x023b31b3) x 3 0x00000000
core   0: 0x80008590 (0x01c1fa33) and     s4, gp, t3
core   0: 3 0x80008590 (0x01c1fa33) x20 0x00000000
core   0: 0x80008594 (0x412bd313) srai    t1, s7, 18
core   0: 3 0x80008594 (0x412bd313) x 6 0x00000000
core   0: 0x80008598 (0x01d6d513) srli    a0, a3, 29
core   0: 3 0x80008598 (0x01d6d513) x10 0x00000000
core   0: 0x8000859c (0x037843b3) div     t2, a6, s7
core   0: 3 0x8000859c (0x037843b3) x 7 0xffffffff
core   0: 0x800085a0 (0x4082d4b3) sra     s1, t0, s0
core   0: 3 0x800085a0 (0x4082d4b3) x 9 0x00000002
core   0: 0x800085a4 (0x418b8bb3) sub     s7, s7, s8
core   0: 3 0x800085a4 (0x418b8bb3) x23 0x00000000
core   0: 0x800085a8 (0x01564cb3) xor     s9, a2, s5
core   0: 3 0x800085a8 (0x01564cb3) x25 0xc67200af
core   0: 0x800085ac (0x39b618b7) lui     a7, 0x39b61
core   0: 3 0x800085ac (0x39b618b7) x17 0x39b61000
core   0: 0x800085b0 (0x038635b3) mulhu   a1, a2, s8
core   0: 3 0x800085b0 (0x038635b3) x11 0x00000000
core   0: 0x800085b4 (0xce0ebe97) auipc   t4, 0xce0eb
core   0: 3 0x800085b4 (0xce0ebe97) x29 0x4e0f35b4
core   0: 0x800085b8 (0xffef2293) slti    t0, t5, -2
core   0: 3 0x800085b8 (0xffef2293) x 5 0x00000000
core   0: 0x800085bc (0x816fc313) xori    t1, t6, -2026
core   0: 3 0x800085bc (0x816fc313) x 6 0xfffff816
core   0: 0x800085c0 (0x02a89fb3) mulh    t6, a7, a0
core   0: 3 0x800085c0 (0x02a89fb3) x31 0x00000000
core   0: 0x800085c4 (0x02e13d33) mulhu   s10, sp, a4
core   0: 3 0x800085c4 (0x02e13d33) x26 0x00000000
core   0: 0x800085c8 (0x01c97733) and     a4, s2, t3
core   0: 3 0x800085c8 (0x01c97733) x14 0x00000000
core   0: 0x800085cc (0x03567033) remu    zero, a2, s5
core   0: 3 0x800085cc (0x03567033)
core   0: 0x800085d0 (0x0135acb3) slt     s9, a1, s3
core   0: 3 0x800085d0 (0x0135acb3) x25 0x00000001
core   0: 0x800085d4 (0x01b99d33) sll     s10, s3, s11
core   0: 3 0x800085d4 (0x01b99d33) x26 0x000000b0
core   0: 0x800085d8 (0x038af5b3) remu    a1, s5, s8
core   0: 3 0x800085d8 (0x038af5b3) x11 0xc6720000
core   0: 0x800085dc (0x01d95613) srli    a2, s2, 29
core   0: 3 0x800085dc (0x01d95613) x12 0x00000007
core   0: 0x800085e0 (0x3ceabb93) sltiu   s7, s5, 974
core   0: 3 0x800085e0 (0x3ceabb93) x23 0x00000000
core   0: 0x800085e4 (0x001d8733) add     a4, s11, ra
core   0: 3 0x800085e4 (0x001d8733) x14 0x80018ee4
core   0: 0x800085e8 (0x010e5233) srl     tp, t3, a6
core   0: 3 0x800085e8 (0x010e5233) x 4 0x00000000
core   0: 0x800085ec (0xa4aa4593) xori    a1, s4, -1462
core   0: 3 0x800085ec (0xa4aa4593) x11 0xfffffa4a
core   0: 0x800085f0 (0x0101d293) srli    t0, gp, 16
core   0: 3 0x800085f0 (0x0101d293) x 5 0x00000000
core   0: 0x800085f4 (0x03053c33) mulhu   s8, a0, a6
core   0: 3 0x800085f4 (0x03053c33) x24 0x00000000
core   0: 0x800085f8 (0x97544793) xori    a5, s0, -1675
core   0: 3 0x800085f8 (0x97544793) x15 0xfffff974
core   0: 0x800085fc (0xc5020f93) addi    t6, tp, -944
core   0: 3 0x800085fc (0xc5020f93) x31 0xfffffc50
core   0: 0x80008600 (0x0012f5b3) and     a1, t0, ra
core   0: 3 0x80008600 (0x0012f5b3) x11 0x00000000
core   0: 0x80008604 (0x00907cb3) and     s9, zero, s1
core   0: 3 0x80008604 (0x00907cb3) x25 0x00000000
core   0: 0x80008608 (0x01fbd693) srli    a3, s7, 31
core   0: 3 0x80008608 (0x01fbd693) x13 0x00000000
core   0: 0x8000860c (0x03b8ebb3) rem     s7, a7, s11
core   0: 3 0x8000860c (0x03b8ebb3) x23 0x39b61000
core   0: 0x80008610 (0x414f5433) sra     s0, t5, s4
core   0: 3 0x80008610 (0x414f5433) x 8 0x0000000b
core   0: 0x80008614 (0x00983f33) sltu    t5, a6, s1
core   0: 3 0x80008614 (0x00983f33) x30 0x00000000
core   0: 0x80008618 (0x418554b3) sra     s1, a0, s8
core   0: 3 0x80008618 (0x418554b3) x 9 0x00000000
core   0: 0x8000861c (0xc1ab6b13) ori     s6, s6, -998
core   0: 3 0x8000861c (0xc1ab6b13) x22 0xfffffc1b
core   0: 0x80008620 (0x03634a33) div     s4, t1, s6
core   0: 3 0x80008620 (0x03634a33) x20 0x00000002
core   0: 0x80008624 (0x40ed5c93) srai    s9, s10, 14
core   0: 3 0x80008624 (0x40ed5c93) x25 0x00000000
core   0: 0x80008628 (0x013d5f93) srli    t6, s10, 19
core   0: 3 0x80008628 (0x013d5f93) x31 0x00000000
core   0: 0x8000862c (0x015ad113) srli    sp, s5, 21
core   0: 3 0x8000862c (0x015ad113) x 2 0x00000633
core   0: 0x80008630 (0x9579e537) lui     a0, 0x9579e
core   0: 3 0x80008630 (0x9579e537) x10 0x9579e000
core   0: 0x80008634 (0x0021c033) xor     zero, gp, sp
core   0: 3 0x80008634 (0x0021c033)
core   0: 0x80008638 (0x13c0c413) xori    s0, ra, 316
core   0: 3 0x80008638 (0x13c0c413) x 8 0x0000033c
core   0: 0x8000863c (0x007586b3) add     a3, a1, t2
core   0: 3 0x8000863c (0x007586b3) x13 0xffffffff
core   0: 0x80008640 (0x411607b3) sub     a5, a2, a7
core   0: 3 0x80008640 (0x411607b3) x15 0xc649f007
core   0: 0x80008644 (0x01154b33) xor     s6, a0, a7
core   0: 3 0x80008644 (0x01154b33) x22 0xaccff000
core   0: 0x80008648 (0x03f41cb3) mulh    s9, s0, t6
core   0: 3 0x80008648 (0x03f41cb3) x25 0x00000000
core   0: 0x8000864c (0x033a9933) mulh    s2, s5, s3
core   0: 3 0x8000864c (0x033a9933) x18 0xfffffffd
core   0: 0x80008650 (0x009d40b3) xor     ra, s10, s1
core   0: 3 0x80008650 (0x009d40b3) x 1 0x000000b0
core   0: 0x80008654 (0xda77a093) slti    ra, a5, -601
core   0: 3 0x80008654 (0xda77a093) x 1 0x00000001
core   0: 0x80008658 (0x5e334593) xori    a1, t1, 1507
core   0: 3 0x80008658 (0x5e334593) x11 0xfffffdf5
core   0: 0x8000865c (0x032d1b33) mulh    s6, s10, s2
core   0: 3 0x8000865c (0x032d1b33) x22 0xffffffff
core   0: 0x80008660 (0x00044233) xor     tp, s0, zero
core   0: 3 0x80008660 (0x00044233) x 4 0x0000033c
core   0: 0x80008664 (0x4024dc33) sra     s8, s1, sp
core   0: 3 0x80008664 (0x4024dc33) x24 0x00000000
core   0: 0x80008668 (0x00000013) nop
core   0: 3 0x80008668 (0x00000013)
core   0: 0x8000866c (0x02186633) rem     a2, a6, ra
core   0: 3 0x8000866c (0x02186633) x12 0x00000000
core   0: 0x80008670 (0x01bdda33) srl     s4, s11, s11
core   0: 3 0x80008670 (0x01bdda33) x20 0x080018ce
core   0: 0x80008674 (0x025d8c33) mul     s8, s11, t0
core   0: 3 0x80008674 (0x025d8c33) x24 0x00000000
core   0: 0x80008678 (0x40d95313) srai    t1, s2, 13
core   0: 3 0x80008678 (0x40d95313) x 6 0xffffffff
core   0: 0x8000867c (0x01b88d33) add     s10, a7, s11
core   0: 3 0x8000867c (0x01b88d33) x26 0xb9b79ce4
core   0: 0x80008680 (0x02373a33) mulhu   s4, a4, gp
core   0: 3 0x80008680 (0x02373a33) x20 0x00000000
core   0: 0x80008684 (0x026c6bb3) rem     s7, s8, t1
core   0: 3 0x80008684 (0x026c6bb3) x23 0x00000000
core   0: 0x80008688 (0x39190193) addi    gp, s2, 913
core   0: 3 0x80008688 (0x39190193) x 3 0x0000038e
core   0: 0x8000868c (0x5be54493) xori    s1, a0, 1470
core   0: 3 0x8000868c (0x5be54493) x 9 0x9579e5be
core   0: 0x80008690 (0x037838b3) mulhu   a7, a6, s7
core   0: 3 0x80008690 (0x037838b3) x17 0x00000000
core   0: 0x80008694 (0x41b3da93) srai    s5, t2, 27
core   0: 3 0x80008694 (0x41b3da93) x21 0xffffffff
core   0: 0x80008698 (0x03b676b3) remu    a3, a2, s11
core   0: 3 0x80008698 (0x03b676b3) x13 0x00000000
core   0: 0x8000869c (0x01cabf33) sltu    t5, s5, t3
core   0: 3 0x8000869c (0x01cabf33) x30 0x00000000
core   0: 0x800086a0 (0x03eb9bb3) mulh    s7, s7, t5
core   0: 3 0x800086a0 (0x03eb9bb3) x23 0x00000000
core   0: 0x800086a4 (0x00000013) nop
core   0: 3 0x800086a4 (0x00000013)
core   0: 0x800086a8 (0x02fb6333) rem     t1, s6, a5
core   0: 3 0x800086a8 (0x02fb6333) x 6 0xffffffff
core   0: 0x800086ac (0x114b4793) xori    a5, s6, 276
core   0: 3 0x800086ac (0x114b4793) x15 0xfffffeeb
core   0: 0x800086b0 (0x029d4bb3) div     s7, s10, s1
core   0: 3 0x800086b0 (0x029d4bb3) x23 0x00000000
core   0: 0x800086b4 (0x1c8d2893) slti    a7, s10, 456
core   0: 3 0x800086b4 (0x1c8d2893) x17 0x00000001
core   0: 0x800086b8 (0x3e7d8c13) addi    s8, s11, 999
core   0: 3 0x800086b8 (0x3e7d8c13) x24 0x800190cb
core   0: 0x800086bc (0x00000013) nop
core   0: 3 0x800086bc (0x00000013)
core   0: 0x800086c0 (0x02a14033) div     zero, sp, a0
core   0: 3 0x800086c0 (0x02a14033)
core   0: 0x800086c4 (0x030f75b3) remu    a1, t5, a6
core   0: 3 0x800086c4 (0x030f75b3) x11 0x00000000
core   0: 0x800086c8 (0x025a9933) mulh    s2, s5, t0
core   0: 3 0x800086c8 (0x025a9933) x18 0x00000000
core   0: 0x800086cc (0x00419a33) sll     s4, gp, tp
core   0: 3 0x800086cc (0x00419a33) x20 0xe0000000
core   0: 0x800086d0 (0x46106193) ori     gp, zero, 1121
core   0: 3 0x800086d0 (0x46106193) x 3 0x00000461
core   0: 0x800086d4 (0x00f25c13) srli    s8, tp, 15
core   0: 3 0x800086d4 (0x00f25c13) x24 0x00000000
core   0: 0x800086d8 (0x00000013) nop
core   0: 3 0x800086d8 (0x00000013)
core   0: 0x800086dc (0x026741b3) div     gp, a4, t1
core   0: 3 0x800086dc (0x026741b3) x 3 0x7ffe711c
core   0: 0x800086e0 (0x03366633) rem     a2, a2, s3
core   0: 3 0x800086e0 (0x03366633) x12 0x00000000
core   0: 0x800086e4 (0x00c8e1b3) or      gp, a7, a2
core   0: 3 0x800086e4 (0x00c8e1b3) x 3 0x00000001
core   0: 0x800086e8 (0xf337af93) slti    t6, a5, -205
core   0: 3 0x800086e8 (0xf337af93) x31 0x00000001
core   0: 0x800086ec (0x956ba613) slti    a2, s7, -1706
core   0: 3 0x800086ec (0x956ba613) x12 0x00000000
core   0: 0x800086f0 (0x0314d5b3) divu    a1, s1, a7
core   0: 3 0x800086f0 (0x0314d5b3) x11 0x9579e5be
core   0: 0x800086f4 (0x00201e13) slli    t3, zero, 2
core   0: 3 0x800086f4 (0x00201e13) x28 0x00000000
core   0: 0x800086f8 (0x4004d113) srai    sp, s1, 0
core   0: 3 0x800086f8 (0x4004d113) x 2 0x9579e5be
core   0: 0x800086fc (0x00b837b3) sltu    a5, a6, a1
core   0: 3 0x800086fc (0x00b837b3) x15 0x00000001
core   0: 0x80008700 (0x016e15b3) sll     a1, t3, s6
core   0: 3 0x80008700 (0x016e15b3) x11 0x00000000
core   0: 0x80008704 (0xdfaba913) slti    s2, s7, -518
core   0: 3 0x80008704 (0xdfaba913) x18 0x00000000
core   0: 0x80008708 (0xad53c413) xori    s0, t2, -1323
core   0: 3 0x80008708 (0xad53c413) x 8 0x0000052a
core   0: 0x8000870c (0x751d4337) lui     t1, 0x751d4
core   0: 3 0x8000870c (0x751d4337) x 6 0x751d4000
core   0: 0x80008710 (0x01f6b0b3) sltu    ra, a3, t6
core   0: 3 0x80008710 (0x01f6b0b3) x 1 0x00000001
core   0: 0x80008714 (0x031b7233) remu    tp, s6, a7
core   0: 3 0x80008714 (0x031b7233) x 4 0x00000000
core   0: 0x80008718 (0x400b8633) sub     a2, s7, zero
core   0: 3 0x80008718 (0x400b8633) x12 0x00000000
core   0: 0x8000871c (0x418d8cb3) sub     s9, s11, s8
core   0: 3 0x8000871c (0x418d8cb3) x25 0x80018ce4
core   0: 0x80008720 (0x003dd513) srli    a0, s11, 3
core   0: 3 0x80008720 (0x003dd513) x10 0x1000319c
core   0: 0x80008724 (0x01385013) srli    zero, a6, 19
core   0: 3 0x80008724 (0x01385013)
core   0: 0x80008728 (0x027a0e33) mul     t3, s4, t2
core   0: 3 0x80008728 (0x027a0e33) x28 0x20000000
core   0: 0x8000872c (0x1aadb593) sltiu   a1, s11, 426
core   0: 3 0x8000872c (0x1aadb593) x11 0x00000000
core   0: 0x80008730 (0x03aaae33) mulhsu  t3, s5, s10
core   0: 3 0x80008730 (0x03aaae33) x28 0xffffffff
core   0: 0x80008734 (0x00bbf533) and     a0, s7, a1
core   0: 3 0x80008734 (0x00bbf533) x10 0x00000000
core   0: 0x80008738 (0x007b9c33) sll     s8, s7, t2
core   0: 3 0x80008738 (0x007b9c33) x24 0x00000000
core   0: 0x8000873c (0x6ee3a937) lui     s2, 0x6ee3a
core   0: 3 0x8000873c (0x6ee3a937) x18 0x6ee3a000
core   0: 0x80008740 (0xb42e0337) lui     t1, 0xb42e0
core   0: 3 0x80008740 (0xb42e0337) x 6 0xb42e0000
core   0: 0x80008744 (0x03130a33) mul     s4, t1, a7
core   0: 3 0x80008744 (0x03130a33) x20 0xb42e0000
core   0: 0x80008748 (0x01271e13) slli    t3, a4, 18
core   0: 3 0x80008748 (0x01271e13) x28 0x3b900000
core   0: 0x8000874c (0x007641b3) xor     gp, a2, t2
core   0: 3 0x8000874c (0x007641b3) x 3 0xffffffff
core   0: 0x80008750 (0x409ad293) srai    t0, s5, 9
core   0: 3 0x80008750 (0x409ad293) x 5 0xffffffff
core   0: 0x80008754 (0x00aaba33) sltu    s4, s5, a0
core   0: 3 0x80008754 (0x00aaba33) x20 0x00000000
core   0: 0x80008758 (0x00000013) nop
core   0: 3 0x80008758 (0x00000013)
core   0: 0x8000875c (0x00175033) srl     zero, a4, ra
core   0: 3 0x8000875c (0x00175033)
core   0: 0x80008760 (0x5f320b13) addi    s6, tp, 1523
core   0: 3 0x80008760 (0x5f320b13) x22 0x000005f3
core   0: 0x80008764 (0x41a95d13) srai    s10, s2, 26
core   0: 3 0x80008764 (0x41a95d13) x26 0x0000001b
core   0: 0x80008768 (0x00d472b3) and     t0, s0, a3
core   0: 3 0x80008768 (0x00d472b3) x 5 0x00000000
core   0: 0x8000876c (0x00039333) sll     t1, t2, zero
core   0: 3 0x8000876c (0x00039333) x 6 0xffffffff
core   0: 0x80008770 (0x035fe7b3) rem     a5, t6, s5
core   0: 3 0x80008770 (0x035fe7b3) x15 0x00000000
core   0: 0x80008774 (0x01f4e2b3) or      t0, s1, t6
core   0: 3 0x80008774 (0x01f4e2b3) x 5 0x9579e5bf
core   0: 0x80008778 (0x008d1bb3) sll     s7, s10, s0
core   0: 3 0x80008778 (0x008d1bb3) x23 0x00006c00
core   0: 0x8000877c (0x038f7b33) remu    s6, t5, s8
core   0: 3 0x8000877c (0x038f7b33) x22 0x00000000
core   0: 0x80008780 (0xebcd2013) slti    zero, s10, -324
core   0: 3 0x80008780 (0xebcd2013)
core   0: 0x80008784 (0xdf1ea897) auipc   a7, 0xdf1ea
core   0: 3 0x80008784 (0xdf1ea897) x17 0x5f1f2784
core   0: 0x80008788 (0x014a1013) slli    zero, s4, 20
core   0: 3 0x80008788 (0x014a1013)
core   0: 0x8000878c (0x027a2733) mulhsu  a4, s4, t2
core   0: 3 0x8000878c (0x027a2733) x14 0x00000000
core   0: 0x80008790 (0x031e5f33) divu    t5, t3, a7
core   0: 3 0x80008790 (0x031e5f33) x30 0x00000000
core   0: 0x80008794 (0x0266cf33) div     t5, a3, t1
core   0: 3 0x80008794 (0x0266cf33) x30 0x00000000
core   0: 0x80008798 (0x01d252b3) srl     t0, tp, t4
core   0: 3 0x80008798 (0x01d252b3) x 5 0x00000000
core   0: 0x8000879c (0x00caeeb3) or      t4, s5, a2
core   0: 3 0x8000879c (0x00caeeb3) x29 0xffffffff
core   0: 0x800087a0 (0x00000013) nop
core   0: 3 0x800087a0 (0x00000013)
core   0: 0x800087a4 (0x030746b3) div     a3, a4, a6
core   0: 3 0x800087a4 (0x030746b3) x13 0x00000000
core   0: 0x800087a8 (0x028d9c33) mulh    s8, s11, s0
core   0: 3 0x800087a8 (0x028d9c33) x24 0xfffffd6b
core   0: 0x800087ac (0x007be5b3) or      a1, s7, t2
core   0: 3 0x800087ac (0x007be5b3) x11 0xffffffff
core   0: 0x800087b0 (0x40545f33) sra     t5, s0, t0
core   0: 3 0x800087b0 (0x40545f33) x30 0x0000052a
core   0: 0x800087b4 (0x007ef133) and     sp, t4, t2
core   0: 3 0x800087b4 (0x007ef133) x 2 0xffffffff
core   0: 0x800087b8 (0x01e09533) sll     a0, ra, t5
core   0: 3 0x800087b8 (0x01e09533) x10 0x00000400
core   0: 0x800087bc (0x35c0cb13) xori    s6, ra, 860
core   0: 3 0x800087bc (0x35c0cb13) x22 0x0000035d
core   0: 0x800087c0 (0x0020d513) srli    a0, ra, 2
core   0: 3 0x800087c0 (0x0020d513) x10 0x00000000
core   0: 0x800087c4 (0x02f546b3) div     a3, a0, a5
core   0: 3 0x800087c4 (0x02f546b3) x13 0xffffffff
core   0: 0x800087c8 (0x00315893) srli    a7, sp, 3
core   0: 3 0x800087c8 (0x00315893) x17 0x1fffffff
core   0: 0x800087cc (0x00000013) nop
core   0: 3 0x800087cc (0x00000013)
core   0: 0x800087d0 (0x404f3793) sltiu   a5, t5, 1028
core   0: 3 0x800087d0 (0x404f3793) x15 0x00000000
core   0: 0x800087d4 (0x00000013) nop
core   0: 3 0x800087d4 (0x00000013)
core   0: 0x800087d8 (0x47ca7937) lui     s2, 0x47ca7
core   0: 3 0x800087d8 (0x47ca7937) x18 0x47ca7000
core   0: 0x800087dc (0x01771893) slli    a7, a4, 23
core   0: 3 0x800087dc (0x01771893) x17 0x00000000
core   0: 0x800087e0 (0x03877c33) remu    s8, a4, s8
core   0: 3 0x800087e0 (0x03877c33) x24 0x00000000
core   0: 0x800087e4 (0x024d5d33) divu    s10, s10, tp
core   0: 3 0x800087e4 (0x024d5d33) x26 0xffffffff
core   0: 0x800087e8 (0x03ed5c33) divu    s8, s10, t5
core   0: 3 0x800087e8 (0x03ed5c33) x24 0x003192c8
core   0: 0x800087ec (0x7c2eaf17) auipc   t5, 0x7c2ea
core   0: 3 0x800087ec (0x7c2eaf17) x30 0xfc2f27ec
core   0: 0x800087f0 (0xbee22693) slti    a3, tp, -1042
core   0: 3 0x800087f0 (0xbee22693) x13 0x00000000
core   0: 0x800087f4 (0xb2368413) addi    s0, a3, -1245
core   0: 3 0x800087f4 (0xb2368413) x 8 0xfffffb23
core   0: 0x800087f8 (0x01952b33) slt     s6, a0, s9
core   0: 3 0x800087f8 (0x01952b33) x22 0x00000000
core   0: 0x800087fc (0x41bfd533) sra     a0, t6, s11
core   0: 3 0x800087fc (0x41bfd533) x10 0x00000000
core   0: 0x80008800 (0x02b51333) mulh    t1, a0, a1
core   0: 3 0x80008800 (0x02b51333) x 6 0x00000000
core   0: 0x80008804 (0x02e6c8b3) div     a7, a3, a4
core   0: 3 0x80008804 (0x02e6c8b3) x17 0xffffffff
core   0: 0x80008808 (0x5dc0c193) xori    gp, ra, 1500
core   0: 3 0x80008808 (0x5dc0c193) x 3 0x000005dd
core   0: 0x8000880c (0x03485933) divu    s2, a6, s4
core   0: 3 0x8000880c (0x03485933) x18 0xffffffff
core   0: 0x80008810 (0x01fd35b3) sltu    a1, s10, t6
core   0: 3 0x80008810 (0x01fd35b3) x11 0x00000000
core   0: 0x80008814 (0x01422cb3) slt     s9, tp, s4
core   0: 3 0x80008814 (0x01422cb3) x25 0x00000000
core   0: 0x80008818 (0x62964a13) xori    s4, a2, 1577
core   0: 3 0x80008818 (0x62964a13) x20 0x00000629
core   0: 0x8000881c (0x03f53ab3) mulhu   s5, a0, t6
core   0: 3 0x8000881c (0x03f53ab3) x21 0x00000000
core   0: 0x80008820 (0x02cade33) divu    t3, s5, a2
core   0: 3 0x80008820 (0x02cade33) x28 0xffffffff
core   0: 0x80008824 (0x4132d493) srai    s1, t0, 19
core   0: 3 0x80008824 (0x4132d493) x 9 0x00000000
core   0: 0x80008828 (0x013160b3) or      ra, sp, s3
core   0: 3 0x80008828 (0x013160b3) x 1 0xffffffff
core   0: 0x8000882c (0x4094ef93) ori     t6, s1, 1033
core   0: 3 0x8000882c (0x4094ef93) x31 0x00000409
core   0: 0x80008830 (0x00a01613) slli    a2, zero, 10
core   0: 3 0x80008830 (0x00a01613) x12 0x00000000
core   0: 0x80008834 (0x01f31413) slli    s0, t1, 31
core   0: 3 0x80008834 (0x01f31413) x 8 0x00000000
core   0: 0x80008838 (0x023a8133) mul     sp, s5, gp
core   0: 3 0x80008838 (0x023a8133) x 2 0x00000000
core   0: 0x8000883c (0x00c454b3) srl     s1, s0, a2
core   0: 3 0x8000883c (0x00c454b3) x 9 0x00000000
core   0: 0x80008840 (0xf621e5b7) lui     a1, 0xf621e
core   0: 3 0x80008840 (0xf621e5b7) x11 0xf621e000
core   0: 0x80008844 (0xf46de593) ori     a1, s11, -186
core   0: 3 0x80008844 (0xf46de593) x11 0xffffffe6
core   0: 0x80008848 (0x004a2933) slt     s2, s4, tp
core   0: 3 0x80008848 (0x004a2933) x18 0x00000000
core   0: 0x8000884c (0x63be4913) xori    s2, t3, 1595
core   0: 3 0x8000884c (0x63be4913) x18 0xfffff9c4
core   0: 0x80008850 (0x01085c93) srli    s9, a6, 16
core   0: 3 0x80008850 (0x01085c93) x25 0x00008001
core   0: 0x80008854 (0x02b708b3) mul     a7, a4, a1
core   0: 3 0x80008854 (0x02b708b3) x17 0x00000000
core   0: 0x80008858 (0xf0eccb37) lui     s6, 0xf0ecc
core   0: 3 0x80008858 (0xf0eccb37) x22 0xf0ecc000
core   0: 0x8000885c (0x00d0b7b3) sltu    a5, ra, a3
core   0: 3 0x8000885c (0x00d0b7b3) x15 0x00000000
core   0: 0x80008860 (0x02455d33) divu    s10, a0, tp
core   0: 3 0x80008860 (0x02455d33) x26 0xffffffff
core   0: 0x80008864 (0x03a4cf33) div     t5, s1, s10
core   0: 3 0x80008864 (0x03a4cf33) x30 0x00000000
core   0: 0x80008868 (0x03661d33) mulh    s10, a2, s6
core   0: 3 0x80008868 (0x03661d33) x26 0x00000000
core   0: 0x8000886c (0x02104fb3) div     t6, zero, ra
core   0: 3 0x8000886c (0x02104fb3) x31 0x00000000
core   0: 0x80008870 (0x00369433) sll     s0, a3, gp
core   0: 3 0x80008870 (0x00369433) x 8 0x00000000
core   0: 0x80008874 (0x03f47e33) remu    t3, s0, t6
core   0: 3 0x80008874 (0x03f47e33) x28 0x00000000
core   0: 0x80008878 (0x62014313) xori    t1, sp, 1568
core   0: 3 0x80008878 (0x62014313) x 6 0x00000620
core   0: 0x8000887c (0x0118d013) srli    zero, a7, 17
core   0: 3 0x8000887c (0x0118d013)
core   0: 0x80008880 (0x016ca733) slt     a4, s9, s6
core   0: 3 0x80008880 (0x016ca733) x14 0x00000000
core   0: 0x80008884 (0x81cafa13) andi    s4, s5, -2020
core   0: 3 0x80008884 (0x81cafa13) x20 0x00000000
core   0: 0x80008888 (0xcfc1ef93) ori     t6, gp, -772
core   0: 3 0x80008888 (0xcfc1ef93) x31 0xfffffdfd
core   0: 0x8000888c (0x023988b3) mul     a7, s3, gp
core   0: 3 0x8000888c (0x023988b3) x17 0x0000407f
core   0: 0x80008890 (0x0260c533) div     a0, ra, t1
core   0: 3 0x80008890 (0x0260c533) x10 0x00000000
core   0: 0x80008894 (0x037b2c33) mulhsu  s8, s6, s7
core   0: 3 0x80008894 (0x037b2c33) x24 0xfffff9a3
core   0: 0x80008898 (0x032d2233) mulhsu  tp, s10, s2
core   0: 3 0x80008898 (0x032d2233) x 4 0x00000000
core   0: 0x8000889c (0x03443bb3) mulhu   s7, s0, s4
core   0: 3 0x8000889c (0x03443bb3) x23 0x00000000
core   0: 0x800088a0 (0x645df093) andi    ra, s11, 1605
core   0: 3 0x800088a0 (0x645df093) x 1 0x00000444
core   0: 0x800088a4 (0x02850533) mul     a0, a0, s0
core   0: 3 0x800088a4 (0x02850533) x10 0x00000000
core   0: 0x800088a8 (0xdbd6e213) ori     tp, a3, -579
core   0: 3 0x800088a8 (0xdbd6e213) x 4 0xfffffdbd
core   0: 0x800088ac (0xed3e0213) addi    tp, t3, -301
core   0: 3 0x800088ac (0xed3e0213) x 4 0xfffffed3
core   0: 0x800088b0 (0x838ce013) ori     zero, s9, -1992
core   0: 3 0x800088b0 (0x838ce013)
core   0: 0x800088b4 (0x03558333) mul     t1, a1, s5
core   0: 3 0x800088b4 (0x03558333) x 6 0x00000000
core   0: 0x800088b8 (0x03a9db33) divu    s6, s3, s10
core   0: 3 0x800088b8 (0x03a9db33) x22 0xffffffff
core   0: 0x800088bc (0x03c25cb3) divu    s9, tp, t3
core   0: 3 0x800088bc (0x03c25cb3) x25 0xffffffff
core   0: 0x800088c0 (0x01ec81b3) add     gp, s9, t5
core   0: 3 0x800088c0 (0x01ec81b3) x 3 0xffffffff
core   0: 0x800088c4 (0xc9cb4f93) xori    t6, s6, -868
core   0: 3 0x800088c4 (0xc9cb4f93) x31 0x00000363
core   0: 0x800088c8 (0x01aceab3) or      s5, s9, s10
core   0: 3 0x800088c8 (0x01aceab3) x21 0xffffffff
core   0: 0x800088cc (0x538bc1b7) lui     gp, 0x538bc
core   0: 3 0x800088cc (0x538bc1b7) x 3 0x538bc000
core   0: 0x800088d0 (0x0000bd33) sltu    s10, ra, zero
core   0: 3 0x800088d0 (0x0000bd33) x26 0x00000000
core   0: 0x800088d4 (0x6d504313) xori    t1, zero, 1749
core   0: 3 0x800088d4 (0x6d504313) x 6 0x000006d5
core   0: 0x800088d8 (0x02d84333) div     t1, a6, a3
core   0: 3 0x800088d8 (0x02d84333) x 6 0xffffffff
core   0: 0x800088dc (0x00259e93) slli    t4, a1, 2
core   0: 3 0x800088dc (0x00259e93) x29 0xffffff98
core   0: 0x800088e0 (0x00d1e533) or      a0, gp, a3
core   0: 3 0x800088e0 (0x00d1e533) x10 0x538bc000
core   0: 0x800088e4 (0x923cad13) slti    s10, s9, -1757
core   0: 3 0x800088e4 (0x923cad13) x26 0x00000000
core   0: 0x800088e8 (0x00d35a13) srli    s4, t1, 13
core   0: 3 0x800088e8 (0x00d35a13) x20 0x0007ffff
core   0: 0x800088ec (0x02d3c033) div     zero, t2, a3
core   0: 3 0x800088ec (0x02d3c033)
core   0: 0x800088f0 (0x40720a33) sub     s4, tp, t2
core   0: 3 0x800088f0 (0x40720a33) x20 0xfffffed4
core   0: 0x800088f4 (0xfaad8a93) addi    s5, s11, -86
core   0: 3 0x800088f4 (0xfaad8a93) x21 0x80018c8e
core   0: 0x800088f8 (0x000077b3) and     a5, zero, zero
core   0: 3 0x800088f8 (0x000077b3) x15 0x00000000
core   0: 0x800088fc (0x40e3d433) sra     s0, t2, a4
core   0: 3 0x800088fc (0x40e3d433) x 8 0xffffffff
core   0: 0x80008900 (0x01543e33) sltu    t3, s0, s5
core   0: 3 0x80008900 (0x01543e33) x28 0x00000000
core   0: 0x80008904 (0x0199ad33) slt     s10, s3, s9
core   0: 3 0x80008904 (0x0199ad33) x26 0x00000000
core   0: 0x80008908 (0x56d5cb93) xori    s7, a1, 1389
core   0: 3 0x80008908 (0x56d5cb93) x23 0xfffffa8b
core   0: 0x8000890c (0x0a72c313) xori    t1, t0, 167
core   0: 3 0x8000890c (0x0a72c313) x 6 0x000000a7
core   0: 0x80008910 (0x03c725b3) mulhsu  a1, a4, t3
core   0: 3 0x80008910 (0x03c725b3) x11 0x00000000
core   0: 0x80008914 (0xfaa56f97) auipc   t6, 0xfaa56
core   0: 3 0x80008914 (0xfaa56f97) x31 0x7aa5e914
core   0: 0x80008918 (0x00beb6b3) sltu    a3, t4, a1
core   0: 3 0x80008918 (0x00beb6b3) x13 0x00000000
core   0: 0x8000891c (0x00441b93) slli    s7, s0, 4
core   0: 3 0x8000891c (0x00441b93) x23 0xfffffff0
core   0: 0x80008920 (0xeff0b513) sltiu   a0, ra, -257
core   0: 3 0x80008920 (0xeff0b513) x10 0x00000001
core   0: 0x80008924 (0x417edc93) srai    s9, t4, 23
core   0: 3 0x80008924 (0x417edc93) x25 0xffffffff
core   0: 0x80008928 (0x039e3533) mulhu   a0, t3, s9
core   0: 3 0x80008928 (0x039e3533) x10 0x00000000
core   0: 0x8000892c (0x02299433) mulh    s0, s3, sp
core   0: 3 0x8000892c (0x02299433) x 8 0x00000000
core   0: 0x80008930 (0x011ad733) srl     a4, s5, a7
core   0: 3 0x80008930 (0x011ad733) x14 0x00000001
core   0: 0x80008934 (0x017a9613) slli    a2, s5, 23
core   0: 3 0x80008934 (0x017a9613) x12 0x47000000
core   0: 0x80008938 (0x03ddc7b3) div     a5, s11, t4
core   0: 3 0x80008938 (0x03ddc7b3) x15 0x013b0fe0
core   0: 0x8000893c (0x02bd3fb3) mulhu   t6, s10, a1
core   0: 3 0x8000893c (0x02bd3fb3) x31 0x00000000
core   0: 0x80008940 (0x033713b3) mulh    t2, a4, s3
core   0: 3 0x80008940 (0x033713b3) x 7 0x00000000
core   0: 0x80008944 (0x02ab81b3) mul     gp, s7, a0
core   0: 3 0x80008944 (0x02ab81b3) x 3 0x00000000
core   0: 0x80008948 (0x01b701b3) add     gp, a4, s11
core   0: 3 0x80008948 (0x01b701b3) x 3 0x80018ce5
core   0: 0x8000894c (0x006b0533) add     a0, s6, t1
core   0: 3 0x8000894c (0x006b0533) x10 0x000000a6
core   0: 0x80008950 (0x008fa933) slt     s2, t6, s0
core   0: 3 0x80008950 (0x008fa933) x18 0x00000000
core   0: 0x80008954 (0x26c15637) lui     a2, 0x26c15
core   0: 3 0x80008954 (0x26c15637) x12 0x26c15000
core   0: 0x80008958 (0x40c283b3) sub     t2, t0, a2
core   0: 3 0x80008958 (0x40c283b3) x 7 0xd93eb000
core   0: 0x8000895c (0x01d39893) slli    a7, t2, 29
core   0: 3 0x8000895c (0x01d39893) x17 0x00000000
core   0: 0x80008960 (0xa5ae3f97) auipc   t6, 0xa5ae3
core   0: 3 0x80008960 (0xa5ae3f97) x31 0x25aeb960
core   0: 0x80008964 (0x002a5533) srl     a0, s4, sp
core   0: 3 0x80008964 (0x002a5533) x10 0xfffffed4
core   0: 0x80008968 (0x0179b933) sltu    s2, s3, s7
core   0: 3 0x80008968 (0x0179b933) x18 0x00000001
core   0: 0x8000896c (0x0174d6b3) srl     a3, s1, s7
core   0: 3 0x8000896c (0x0174d6b3) x13 0x00000000
core   0: 0x80008970 (0x00706933) or      s2, zero, t2
core   0: 3 0x80008970 (0x00706933) x18 0xd93eb000
core   0: 0x80008974 (0x00660bb3) add     s7, a2, t1
core   0: 3 0x80008974 (0x00660bb3) x23 0x26c150a7
core   0: 0x80008978 (0x019a0933) add     s2, s4, s9
core   0: 3 0x80008978 (0x019a0933) x18 0xfffffed3
core   0: 0x8000897c (0x01701bb3) sll     s7, zero, s7
core   0: 3 0x8000897c (0x01701bb3) x23 0x00000000
core   0: 0x80008980 (0x03007013) andi    zero, zero, 48
core   0: 3 0x80008980 (0x03007013)
core   0: 0x80008984 (0x02b0a033) mulhsu  zero, ra, a1
core   0: 3 0x80008984 (0x02b0a033)
core   0: 0x80008988 (0x01f07733) and     a4, zero, t6
core   0: 3 0x80008988 (0x01f07733) x14 0x00000000
core   0: 0x8000898c (0x0177ffb3) and     t6, a5, s7
core   0: 3 0x8000898c (0x0177ffb3) x31 0x00000000
core   0: 0x80008990 (0x03706133) rem     sp, zero, s7
core   0: 3 0x80008990 (0x03706133) x 2 0x00000000
core   0: 0x80008994 (0x0293f6b3) remu    a3, t2, s1
core   0: 3 0x80008994 (0x0293f6b3) x13 0xd93eb000
core   0: 0x80008998 (0x030e81b3) mul     gp, t4, a6
core   0: 3 0x80008998 (0x030e81b3) x 3 0xff782760
core   0: 0x8000899c (0x7dd40e97) auipc   t4, 0x7dd40
core   0: 3 0x8000899c (0x7dd40e97) x29 0xfdd4899c
core   0: 0x800089a0 (0x00201f33) sll     t5, zero, sp
core   0: 3 0x800089a0 (0x00201f33) x30 0x00000000
core   0: 0x800089a4 (0xa128b597) auipc   a1, 0xa128b
core   0: 3 0x800089a4 (0xa128b597) x11 0x212939a4
core   0: 0x800089a8 (0x02d76ab3) rem     s5, a4, a3
core   0: 3 0x800089a8 (0x02d76ab3) x21 0x00000000
core   0: 0x800089ac (0x03a62a33) mulhsu  s4, a2, s10
core   0: 3 0x800089ac (0x03a62a33) x20 0x00000000
core   0: 0x800089b0 (0x00000013) nop
core   0: 3 0x800089b0 (0x00000013)
core   0: 0x800089b4 (0x3e906e13) ori     t3, zero, 1001
core   0: 3 0x800089b4 (0x3e906e13) x28 0x000003e9
core   0: 0x800089b8 (0x035defb3) rem     t6, s11, s5
core   0: 3 0x800089b8 (0x035defb3) x31 0x80018ce4
core   0: 0x800089bc (0x006cacb3) slt     s9, s9, t1
core   0: 3 0x800089bc (0x006cacb3) x25 0x00000001
core   0: 0x800089c0 (0xc30b8e93) addi    t4, s7, -976
core   0: 3 0x800089c0 (0xc30b8e93) x29 0xfffffc30
core   0: 0x800089c4 (0x00191a33) sll     s4, s2, ra
core   0: 3 0x800089c4 (0x00191a33) x20 0xffffed30
core   0: 0x800089c8 (0x91476d13) ori     s10, a4, -1772
core   0: 3 0x800089c8 (0x91476d13) x26 0xfffff914
core   0: 0x800089cc (0x4145d193) srai    gp, a1, 20
core   0: 3 0x800089cc (0x4145d193) x 3 0x00000212
core   0: 0x800089d0 (0x0097b3b3) sltu    t2, a5, s1
core   0: 3 0x800089d0 (0x0097b3b3) x 7 0x00000000
core   0: 0x800089d4 (0x027c1a33) mulh    s4, s8, t2
core   0: 3 0x800089d4 (0x027c1a33) x20 0x00000000
core   0: 0x800089d8 (0x0304c733) div     a4, s1, a6
core   0: 3 0x800089d8 (0x0304c733) x14 0x00000000
core   0: 0x800089dc (0x01f81c93) slli    s9, a6, 31
core   0: 3 0x800089dc (0x01f81c93) x25 0x00000000
core   0: 0x800089e0 (0x03f05c33) divu    s8, zero, t6
core   0: 3 0x800089e0 (0x03f05c33) x24 0x00000000
core   0: 0x800089e4 (0x02fee933) rem     s2, t4, a5
core   0: 3 0x800089e4 (0x02fee933) x18 0xfffffc30
core   0: 0x800089e8 (0x00c01093) slli    ra, zero, 12
core   0: 3 0x800089e8 (0x00c01093) x 1 0x00000000
core   0: 0x800089ec (0x02651d33) mulh    s10, a0, t1
core   0: 3 0x800089ec (0x02651d33) x26 0xffffffff
core   0: 0x800089f0 (0x01f19f13) slli    t5, gp, 31
core   0: 3 0x800089f0 (0x01f19f13) x30 0x00000000
core   0: 0x800089f4 (0x00d56d33) or      s10, a0, a3
core   0: 3 0x800089f4 (0x00d56d33) x26 0xfffffed4
core   0: 0x800089f8 (0x6ce95c17) auipc   s8, 0x6ce95
core   0: 3 0x800089f8 (0x6ce95c17) x24 0xece9d9f8
core   0: 0x800089fc (0x00b52a33) slt     s4, a0, a1
core   0: 3 0x800089fc (0x00b52a33) x20 0x00000001
core   0: 0x80008a00 (0x0110c2b3) xor     t0, ra, a7
core   0: 3 0x80008a00 (0x0110c2b3) x 5 0x00000000
core   0: 0x80008a04 (0x005f78b3) and     a7, t5, t0
core   0: 3 0x80008a04 (0x005f78b3) x17 0x00000000
core   0: 0x80008a08 (0x01141b93) slli    s7, s0, 17
core   0: 3 0x80008a08 (0x01141b93) x23 0x00000000
core   0: 0x80008a0c (0x8e7aaa37) lui     s4, 0x8e7aa
core   0: 3 0x80008a0c (0x8e7aaa37) x20 0x8e7aa000
core   0: 0x80008a10 (0x0240cd33) div     s10, ra, tp
core   0: 3 0x80008a10 (0x0240cd33) x26 0x00000000
core   0: 0x80008a14 (0x03c163b3) rem     t2, sp, t3
core   0: 3 0x80008a14 (0x03c163b3) x 7 0x00000000
core   0: 0x80008a18 (0x9592b513) sltiu   a0, t0, -1703
core   0: 3 0x80008a18 (0x9592b513) x10 0x00000001
core   0: 0x80008a1c (0x02a19733) mulh    a4, gp, a0
core   0: 3 0x80008a1c (0x02a19733) x14 0x00000000
core   0: 0x80008a20 (0x03e307b3) mul     a5, t1, t5
core   0: 3 0x80008a20 (0x03e307b3) x15 0x00000000
core   0: 0x80008a24 (0xff226013) ori     zero, tp, -14
core   0: 3 0x80008a24 (0xff226013)
core   0: 0x80008a28 (0x03356e33) rem     t3, a0, s3
core   0: 3 0x80008a28 (0x03356e33) x28 0x00000001
core   0: 0x80008a2c (0x9ea1af93) slti    t6, gp, -1558
core   0: 3 0x80008a2c (0x9ea1af93) x31 0x00000000
core   0: 0x80008a30 (0x018fff33) and     t5, t6, s8
core   0: 3 0x80008a30 (0x018fff33) x30 0x00000000
core   0: 0x80008a34 (0x6e460093) addi    ra, a2, 1764
core   0: 3 0x80008a34 (0x6e460093) x 1 0x26c156e4
core   0: 0x80008a38 (0x02ab8c33) mul     s8, s7, a0
core   0: 3 0x80008a38 (0x02ab8c33) x24 0x00000000
core   0: 0x80008a3c (0x03a43233) mulhu   tp, s0, s10
core   0: 3 0x80008a3c (0x03a43233) x 4 0x00000000
core   0: 0x80008a40 (0x08392d13) slti    s10, s2, 131
core   0: 3 0x80008a40 (0x08392d13) x26 0x00000001
core   0: 0x80008a44 (0x00015713) srli    a4, sp, 0
core   0: 3 0x80008a44 (0x00015713) x14 0x00000000
core   0: 0x80008a48 (0xb6cc2393) slti    t2, s8, -1172
core   0: 3 0x80008a48 (0xb6cc2393) x 7 0x00000000
core   0: 0x80008a4c (0x02392f33) mulhsu  t5, s2, gp
core   0: 3 0x80008a4c (0x02392f33) x30 0xffffffff
core   0: 0x80008a50 (0x005cce33) xor     t3, s9, t0
core   0: 3 0x80008a50 (0x005cce33) x28 0x00000000
core   0: 0x80008a54 (0x669d38b7) lui     a7, 0x669d3
core   0: 3 0x80008a54 (0x669d38b7) x17 0x669d3000
core   0: 0x80008a58 (0xdd583c13) sltiu   s8, a6, -555
core   0: 3 0x80008a58 (0xdd583c13) x24 0x00000001
core   0: 0x80008a5c (0x019d9113) slli    sp, s11, 25
core   0: 3 0x80008a5c (0x019d9113) x 2 0xc8000000
core   0: 0x80008a60 (0x03927033) remu    zero, tp, s9
core   0: 3 0x80008a60 (0x03927033)
core   0: 0x80008a64 (0x838a4637) lui     a2, 0x838a4
core   0: 3 0x80008a64 (0x838a4637) x12 0x838a4000
core   0: 0x80008a68 (0x00e723b3) slt     t2, a4, a4
core   0: 3 0x80008a68 (0x00e723b3) x 7 0x00000000
core   0: 0x80008a6c (0x4767a693) slti    a3, a5, 1142
core   0: 3 0x80008a6c (0x4767a693) x13 0x00000001
core   0: 0x80008a70 (0xed686c93) ori     s9, a6, -298
core   0: 3 0x80008a70 (0xed686c93) x25 0xfffffef6
core   0: 0x80008a74 (0x84782093) slti    ra, a6, -1977
core   0: 3 0x80008a74 (0x84782093) x 1 0x00000001
core   0: 0x80008a78 (0x86d873b7) lui     t2, 0x86d87
core   0: 3 0x80008a78 (0x86d873b7) x 7 0x86d87000
core   0: 0x80008a7c (0x5de19917) auipc   s2, 0x5de19
core   0: 3 0x80008a7c (0x5de19917) x18 0xdde21a7c
core   0: 0x80008a80 (0x0154d733) srl     a4, s1, s5
core   0: 3 0x80008a80 (0x0154d733) x14 0x00000000
core   0: 0x80008a84 (0x7257ea93) ori     s5, a5, 1829
core   0: 3 0x80008a84 (0x7257ea93) x21 0x00000725
core   0: 0x80008a88 (0x02467633) remu    a2, a2, tp
core   0: 3 0x80008a88 (0x02467633) x12 0x838a4000
core   0: 0x80008a8c (0x0076eb33) or      s6, a3, t2
core   0: 3 0x80008a8c (0x0076eb33) x22 0x86d87001
core   0: 0x80008a90 (0x56424193) xori    gp, tp, 1380
core   0: 3 0x80008a90 (0x56424193) x 3 0x00000564
core   0: 0x80008a94 (0x02f09ab3) mulh    s5, ra, a5
core   0: 3 0x80008a94 (0x02f09ab3) x21 0x00000000
core   0: 0x80008a98 (0x035905b3) mul     a1, s2, s5
core   0: 3 0x80008a98 (0x035905b3) x11 0x00000000
core   0: 0x80008a9c (0x001e3ab3) sltu    s5, t3, ra
core   0: 3 0x80008a9c (0x001e3ab3) x21 0x00000001
core   0: 0x80008aa0 (0x01f34a33) xor     s4, t1, t6
core   0: 3 0x80008aa0 (0x01f34a33) x20 0x000000a7
core   0: 0x80008aa4 (0x00f35c93) srli    s9, t1, 15
core   0: 3 0x80008aa4 (0x00f35c93) x25 0x00000000
core   0: 0x80008aa8 (0x01c89c33) sll     s8, a7, t3
core   0: 3 0x80008aa8 (0x01c89c33) x24 0x669d3000
core   0: 0x80008aac (0x0343beb3) mulhu   t4, t2, s4
core   0: 3 0x80008aac (0x0343beb3) x29 0x00000057
core   0: 0x80008ab0 (0x41bf5c93) srai    s9, t5, 27
core   0: 3 0x80008ab0 (0x41bf5c93) x25 0xffffffff
core   0: 0x80008ab4 (0x03acbfb3) mulhu   t6, s9, s10
core   0: 3 0x80008ab4 (0x03acbfb3) x31 0x00000000
core   0: 0x80008ab8 (0x86433d13) sltiu   s10, t1, -1948
core   0: 3 0x80008ab8 (0x86433d13) x26 0x00000001
core   0: 0x80008abc (0x40e80733) sub     a4, a6, a4
core   0: 3 0x80008abc (0x40e80733) x14 0x80014e64
core   0: 0x80008ac0 (0x013e4d33) xor     s10, t3, s3
core   0: 3 0x80008ac0 (0x013e4d33) x26 0x0000000b
core   0: 0x80008ac4 (0xd30e6113) ori     sp, t3, -720
core   0: 3 0x80008ac4 (0xd30e6113) x 2 0xfffffd30
core   0: 0x80008ac8 (0x41438e33) sub     t3, t2, s4
core   0: 3 0x80008ac8 (0x41438e33) x28 0x86d86f59
core   0: 0x80008acc (0xc88f8b37) lui     s6, 0xc88f8
core   0: 3 0x80008acc (0xc88f8b37) x22 0xc88f8000
core   0: 0x80008ad0 (0x0142e6b3) or      a3, t0, s4
core   0: 3 0x80008ad0 (0x0142e6b3) x13 0x000000a7
core   0: 0x80008ad4 (0x01b8ccb3) xor     s9, a7, s11
core   0: 3 0x80008ad4 (0x01b8ccb3) x25 0xe69cbce4
core   0: 0x80008ad8 (0x41e35a93) srai    s5, t1, 30
core   0: 3 0x80008ad8 (0x41e35a93) x21 0x00000000
core   0: 0x80008adc (0x00d65c33) srl     s8, a2, a3
core   0: 3 0x80008adc (0x00d65c33) x24 0x01071480
core   0: 0x80008ae0 (0xc004b537) lui     a0, 0xc004b
core   0: 3 0x80008ae0 (0xc004b537) x10 0xc004b000
core   0: 0x80008ae4 (0x02933ab3) mulhu   s5, t1, s1
core   0: 3 0x80008ae4 (0x02933ab3) x21 0x00000000
core   0: 0x80008ae8 (0x00ce6a33) or      s4, t3, a2
core   0: 3 0x80008ae8 (0x00ce6a33) x20 0x87da6f59
core   0: 0x80008aec (0xecad32b7) lui     t0, 0xecad3
core   0: 3 0x80008aec (0xecad32b7) x 5 0xecad3000
core   0: 0x80008af0 (0x0163e133) or      sp, t2, s6
core   0: 3 0x80008af0 (0x0163e133) x 2 0xcedff000
core   0: 0x80008af4 (0x00000013) nop
core   0: 3 0x80008af4 (0x00000013)
core   0: 0x80008af8 (0xf2775f37) lui     t5, 0xf2775
core   0: 3 0x80008af8 (0xf2775f37) x30 0xf2775000
core   0: 0x80008afc (0x802cfc37) lui     s8, 0x802cf
core   0: 3 0x80008afc (0x802cfc37) x24 0x802cf000
core   0: 0x80008b00 (0x03321233) mulh    tp, tp, s3
core   0: 3 0x80008b00 (0x03321233) x 4 0x00000000
core   0: 0x80008b04 (0x00e27a33) and     s4, tp, a4
core   0: 3 0x80008b04 (0x00e27a33) x20 0x00000000
core   0: 0x80008b08 (0x00b4e4b3) or      s1, s1, a1
core   0: 3 0x80008b08 (0x00b4e4b3) x 9 0x00000000
core   0: 0x80008b0c (0x0390b7b3) mulhu   a5, ra, s9
core   0: 3 0x80008b0c (0x0390b7b3) x15 0x00000000
core   0: 0x80008b10 (0x01de1b93) slli    s7, t3, 29
core   0: 3 0x80008b10 (0x01de1b93) x23 0x20000000
core   0: 0x80008b14 (0x2ef83713) sltiu   a4, a6, 751
core   0: 3 0x80008b14 (0x2ef83713) x14 0x00000000
core   0: 0x80008b18 (0xd0e4f013) andi    zero, s1, -754
core   0: 3 0x80008b18 (0xd0e4f013)
core   0: 0x80008b1c (0x85399b37) lui     s6, 0x85399
core   0: 3 0x80008b1c (0x85399b37) x22 0x85399000
core   0: 0x80008b20 (0x63fa9917) auipc   s2, 0x63fa9
core   0: 3 0x80008b20 (0x63fa9917) x18 0xe3fb1b20
core   0: 0x80008b24 (0x00000013) nop
core   0: 3 0x80008b24 (0x00000013)
core   0: 0x80008b28 (0x46ccbe93) sltiu   t4, s9, 1132
core   0: 3 0x80008b28 (0x46ccbe93) x29 0x00000000
core   0: 0x80008b2c (0x03f4a8b3) mulhsu  a7, s1, t6
core   0: 3 0x80008b2c (0x03f4a8b3) x17 0x00000000
core   0: 0x80008b30 (0xb75bb493) sltiu   s1, s7, -1163
core   0: 3 0x80008b30 (0xb75bb493) x 9 0x00000001
core   0: 0x80008b34 (0x01bc1413) slli    s0, s8, 27
core   0: 3 0x80008b34 (0x01bc1413) x 8 0x00000000
core   0: 0x80008b38 (0x0377b233) mulhu   tp, a5, s7
core   0: 3 0x80008b38 (0x0377b233) x 4 0x00000000
core   0: 0x80008b3c (0x013c1cb3) sll     s9, s8, s3
core   0: 3 0x80008b3c (0x013c1cb3) x25 0x67800000
core   0: 0x80008b40 (0x40505f13) srai    t5, zero, 5
core   0: 3 0x80008b40 (0x40505f13) x30 0x00000000
core   0: 0x80008b44 (0x01626533) or      a0, tp, s6
core   0: 3 0x80008b44 (0x01626533) x10 0x85399000
core   0: 0x80008b48 (0x41dc5d33) sra     s10, s8, t4
core   0: 3 0x80008b48 (0x41dc5d33) x26 0x802cf000
core   0: 0x80008b4c (0x0021eeb3) or      t4, gp, sp
core   0: 3 0x80008b4c (0x0021eeb3) x29 0xcedff564
core   0: 0x80008b50 (0x37668d13) addi    s10, a3, 886
core   0: 3 0x80008b50 (0x37668d13) x26 0x0000041d
core   0: 0x80008b54 (0xa58fb513) sltiu   a0, t6, -1448
core   0: 3 0x80008b54 (0xa58fb513) x10 0x00000001
core   0: 0x80008b58 (0x02b56fb3) rem     t6, a0, a1
core   0: 3 0x80008b58 (0x02b56fb3) x31 0x00000001
core   0: 0x80008b5c (0x0387bb33) mulhu   s6, a5, s8
core   0: 3 0x80008b5c (0x0387bb33) x22 0x00000000
core   0: 0x80008b60 (0x007ca7b3) slt     a5, s9, t2
core   0: 3 0x80008b60 (0x007ca7b3) x15 0x00000000
core   0: 0x80008b64 (0x010e6ab3) or      s5, t3, a6
core   0: 3 0x80008b64 (0x010e6ab3) x21 0x86d96f7d
core   0: 0x80008b68 (0x02bd6433) rem     s0, s10, a1
core   0: 3 0x80008b68 (0x02bd6433) x 8 0x0000041d
core   0: 0x80008b6c (0x02bb9033) mulh    zero, s7, a1
core   0: 3 0x80008b6c (0x02bb9033)
core   0: 0x80008b70 (0x027e3633) mulhu   a2, t3, t2
core   0: 3 0x80008b70 (0x027e3633) x12 0x47074be5
core   0: 0x80008b74 (0xdc949017) auipc   zero, 0xdc949
core   0: 3 0x80008b74 (0xdc949017)
core   0: 0x80008b78 (0x026f10b3) mulh    ra, t5, t1
core   0: 3 0x80008b78 (0x026f10b3) x 1 0x00000000
core   0: 0x80008b7c (0x0226cbb3) div     s7, a3, sp
core   0: 3 0x80008b7c (0x0226cbb3) x23 0x00000000
core   0: 0x80008b80 (0xa2afe313) ori     t1, t6, -1494
core   0: 3 0x80008b80 (0xa2afe313) x 6 0xfffffa2b
core   0: 0x80008b84 (0x00a685b3) add     a1, a3, a0
core   0: 3 0x80008b84 (0x00a685b3) x11 0x000000a8
core   0: 0x80008b88 (0x01545b33) srl     s6, s0, s5
core   0: 3 0x80008b88 (0x01545b33) x22 0x00000000
core   0: 0x80008b8c (0x00be5693) srli    a3, t3, 11
core   0: 3 0x80008b8c (0x00be5693) x13 0x0010db0d
core   0: 0x80008b90 (0x032b1133) mulh    sp, s6, s2
core   0: 3 0x80008b90 (0x032b1133) x 2 0x00000000
core   0: 0x80008b94 (0x400ad2b3) sra     t0, s5, zero
core   0: 3 0x80008b94 (0x400ad2b3) x 5 0x86d96f7d
core   0: 0x80008b98 (0x0213f8b3) remu    a7, t2, ra
core   0: 3 0x80008b98 (0x0213f8b3) x17 0x86d87000
core   0: 0x80008b9c (0x0214b4b3) mulhu   s1, s1, ra
core   0: 3 0x80008b9c (0x0214b4b3) x 9 0x00000000
core   0: 0x80008ba0 (0x0020e2b3) or      t0, ra, sp
core   0: 3 0x80008ba0 (0x0020e2b3) x 5 0x00000000
core   0: 0x80008ba4 (0x02916d33) rem     s10, sp, s1
core   0: 3 0x80008ba4 (0x02916d33) x26 0x00000000
core   0: 0x80008ba8 (0x2c272413) slti    s0, a4, 706
core   0: 3 0x80008ba8 (0x2c272413) x 8 0x00000001
core   0: 0x80008bac (0x95610113) addi    sp, sp, -1706
core   0: 3 0x80008bac (0x95610113) x 2 0xfffff956
core   0: 0x80008bb0 (0x028614b3) mulh    s1, a2, s0
core   0: 3 0x80008bb0 (0x028614b3) x 9 0x00000000
core   0: 0x80008bb4 (0x03868a33) mul     s4, a3, s8
core   0: 3 0x80008bb4 (0x03868a33) x20 0xf3983000
core   0: 0x80008bb8 (0xec313c13) sltiu   s8, sp, -317
core   0: 3 0x80008bb8 (0xec313c13) x24 0x00000001
core   0: 0x80008bbc (0x00035593) srli    a1, t1, 0
core   0: 3 0x80008bbc (0x00035593) x11 0xfffffa2b
core   0: 0x80008bc0 (0x002a0433) add     s0, s4, sp
core   0: 3 0x80008bc0 (0x002a0433) x 8 0xf3982956
core   0: 0x80008bc4 (0x016a1933) sll     s2, s4, s6
core   0: 3 0x80008bc4 (0x016a1933) x18 0xf3983000
core   0: 0x80008bc8 (0x01a253b3) srl     t2, tp, s10
core   0: 3 0x80008bc8 (0x01a253b3) x 7 0x00000000
core   0: 0x80008bcc (0x03eeeab3) rem     s5, t4, t5
core   0: 3 0x80008bcc (0x03eeeab3) x21 0xcedff564
core   0: 0x80008bd0 (0x01499c33) sll     s8, s3, s4
core   0: 3 0x80008bd0 (0x01499c33) x24 0x0000000b
core   0: 0x80008bd4 (0x03e2f433) remu    s0, t0, t5
core   0: 3 0x80008bd4 (0x03e2f433) x 8 0x00000000
core   0: 0x80008bd8 (0x01f7f1b3) and     gp, a5, t6
core   0: 3 0x80008bd8 (0x01f7f1b3) x 3 0x00000000
core   0: 0x80008bdc (0x00c90333) add     t1, s2, a2
core   0: 3 0x80008bdc (0x00c90333) x 6 0x3a9f7be5
core   0: 0x80008be0 (0x021178b3) remu    a7, sp, ra
core   0: 3 0x80008be0 (0x021178b3) x17 0xfffff956
core   0: 0x80008be4 (0x00905613) srli    a2, zero, 9
core   0: 3 0x80008be4 (0x00905613) x12 0x00000000
core   0: 0x80008be8 (0x02655933) divu    s2, a0, t1
core   0: 3 0x80008be8 (0x02655933) x18 0x00000000
core   0: 0x80008bec (0x019ea1b3) slt     gp, t4, s9
core   0: 3 0x80008bec (0x019ea1b3) x 3 0x00000001
core   0: 0x80008bf0 (0x8f688693) addi    a3, a7, -1802
core   0: 3 0x80008bf0 (0x8f688693) x13 0xfffff24c
core   0: 0x80008bf4 (0x4c616197) auipc   gp, 0x4c616
core   0: 3 0x80008bf4 (0x4c616197) x 3 0xcc61ebf4
core   0: 0x80008bf8 (0x033fe8b3) rem     a7, t6, s3
core   0: 3 0x80008bf8 (0x033fe8b3) x17 0x00000001
core   0: 0x80008bfc (0x035bb1b3) mulhu   gp, s7, s5
core   0: 3 0x80008bfc (0x035bb1b3) x 3 0x00000000
core   0: 0x80008c00 (0x0243bd33) mulhu   s10, t2, tp
core   0: 3 0x80008c00 (0x0243bd33) x26 0x00000000
core   0: 0x80008c04 (0x95c0afb7) lui     t6, 0x95c0a
core   0: 3 0x80008c04 (0x95c0afb7) x31 0x95c0a000
core   0: 0x80008c08 (0xcb6ab913) sltiu   s2, s5, -842
core   0: 3 0x80008c08 (0xcb6ab913) x18 0x00000001
core   0: 0x80008c0c (0x0132f6b3) and     a3, t0, s3
core   0: 3 0x80008c0c (0x0132f6b3) x13 0x00000000
core   0: 0x80008c10 (0x02919ab3) mulh    s5, gp, s1
core   0: 3 0x80008c10 (0x02919ab3) x21 0x00000000
core   0: 0x80008c14 (0x014f4f33) xor     t5, t5, s4
core   0: 3 0x80008c14 (0x014f4f33) x30 0xf3983000
core   0: 0x80008c18 (0x030e6cb3) rem     s9, t3, a6
core   0: 3 0x80008c18 (0x030e6cb3) x25 0x86d86f59
core   0: 0x80008c1c (0x41fc8fb3) sub     t6, s9, t6
core   0: 3 0x80008c1c (0x41fc8fb3) x31 0xf117cf59
core   0: 0x80008c20 (0x00000013) nop
core   0: 3 0x80008c20 (0x00000013)
core   0: 0x80008c24 (0xb58328b7) lui     a7, 0xb5832
core   0: 3 0x80008c24 (0xb58328b7) x17 0xb5832000
core   0: 0x80008c28 (0x01a7b933) sltu    s2, a5, s10
core   0: 3 0x80008c28 (0x01a7b933) x18 0x00000000
core   0: 0x80008c2c (0x02c851b3) divu    gp, a6, a2
core   0: 3 0x80008c2c (0x02c851b3) x 3 0xffffffff
core   0: 0x80008c30 (0x001a2cb3) slt     s9, s4, ra
core   0: 3 0x80008c30 (0x001a2cb3) x25 0x00000001
core   0: 0x80008c34 (0x0187d0b3) srl     ra, a5, s8
core   0: 3 0x80008c34 (0x0187d0b3) x 1 0x00000000
core   0: 0x80008c38 (0x4183de33) sra     t3, t2, s8
core   0: 3 0x80008c38 (0x4183de33) x28 0x00000000
core   0: 0x80008c3c (0x019625b3) slt     a1, a2, s9
core   0: 3 0x80008c3c (0x019625b3) x11 0x00000001
core   0: 0x80008c40 (0x030cad33) mulhsu  s10, s9, a6
core   0: 3 0x80008c40 (0x030cad33) x26 0x00000000
core   0: 0x80008c44 (0xac1d6a93) ori     s5, s10, -1343
core   0: 3 0x80008c44 (0xac1d6a93) x21 0xfffffac1
core   0: 0x80008c48 (0x02eb4b33) div     s6, s6, a4
core   0: 3 0x80008c48 (0x02eb4b33) x22 0xffffffff
core   0: 0x80008c4c (0xc122e913) ori     s2, t0, -1006
core   0: 3 0x80008c4c (0xc122e913) x18 0xfffffc12
core   0: 0x80008c50 (0x01d5bab3) sltu    s5, a1, t4
core   0: 3 0x80008c50 (0x01d5bab3) x21 0x00000001
core   0: 0x80008c54 (0x028fe2b3) rem     t0, t6, s0
core   0: 3 0x80008c54 (0x028fe2b3) x 5 0xf117cf59
core   0: 0x80008c58 (0x009d9213) slli    tp, s11, 9
core   0: 3 0x80008c58 (0x009d9213) x 4 0x0319c800
core   0: 0x80008c5c (0x008ac7b3) xor     a5, s5, s0
core   0: 3 0x80008c5c (0x008ac7b3) x15 0x00000001
core   0: 0x80008c60 (0x017eb1b3) sltu    gp, t4, s7
core   0: 3 0x80008c60 (0x017eb1b3) x 3 0x00000000
core   0: 0x80008c64 (0x00a0f8b3) and     a7, ra, a0
core   0: 3 0x80008c64 (0x00a0f8b3) x17 0x00000000
core   0: 0x80008c68 (0x00203a33) snez    s4, sp
core   0: 3 0x80008c68 (0x00203a33) x20 0x00000001
core   0: 0x80008c6c (0x00738cb3) add     s9, t2, t2
core   0: 3 0x80008c6c (0x00738cb3) x25 0x00000000
core   0: 0x80008c70 (0xe7506f93) ori     t6, zero, -395
core   0: 3 0x80008c70 (0xe7506f93) x31 0xfffffe75
core   0: 0x80008c74 (0x407c5413) srai    s0, s8, 7
core   0: 3 0x80008c74 (0x407c5413) x 8 0x00000000
core   0: 0x80008c78 (0x778c4413) xori    s0, s8, 1912
core   0: 3 0x80008c78 (0x778c4413) x 8 0x00000773
core   0: 0x80008c7c (0x70e03e93) sltiu   t4, zero, 1806
core   0: 3 0x80008c7c (0x70e03e93) x29 0x00000001
core   0: 0x80008c80 (0x00ef68b3) or      a7, t5, a4
core   0: 3 0x80008c80 (0x00ef68b3) x17 0xf3983000
core   0: 0x80008c84 (0x01d4aeb3) slt     t4, s1, t4
core   0: 3 0x80008c84 (0x01d4aeb3) x29 0x00000001
core   0: 0x80008c88 (0x01201893) slli    a7, zero, 18
core   0: 3 0x80008c88 (0x01201893) x17 0x00000000
core   0: 0x80008c8c (0x41345d33) sra     s10, s0, s3
core   0: 3 0x80008c8c (0x41345d33) x26 0x00000000
core   0: 0x80008c90 (0x00000013) nop
core   0: 3 0x80008c90 (0x00000013)
core   0: 0x80008c94 (0x01d143b3) xor     t2, sp, t4
core   0: 3 0x80008c94 (0x01d143b3) x 7 0xfffff957
core   0: 0x80008c98 (0x41f3d313) srai    t1, t2, 31
core   0: 3 0x80008c98 (0x41f3d313) x 6 0xffffffff
core   0: 0x80008c9c (0x1c14af17) auipc   t5, 0x1c14a
core   0: 3 0x80008c9c (0x1c14af17) x30 0x9c152c9c
core   0: 0x80008ca0 (0x00733433) sltu    s0, t1, t2
core   0: 3 0x80008ca0 (0x00733433) x 8 0x00000000
core   0: 0x80008ca4 (0x02da9b33) mulh    s6, s5, a3
core   0: 3 0x80008ca4 (0x02da9b33) x22 0x00000000
core   0: 0x80008ca8 (0x41df8033) sub     zero, t6, t4
core   0: 3 0x80008ca8 (0x41df8033)
core   0: 0x80008cac (0x03db9133) mulh    sp, s7, t4
core   0: 3 0x80008cac (0x03db9133) x 2 0x00000000
core   0: 0x80008cb0 (0x7ecbb793) sltiu   a5, s7, 2028
core   0: 3 0x80008cb0 (0x7ecbb793) x15 0x00000001
core   0: 0x80008cb4 (0x0b47ef93) ori     t6, a5, 180
core   0: 3 0x80008cb4 (0x0b47ef93) x31 0x000000b5
core   0: 0x80008cb8 (0x01b34b33) xor     s6, t1, s11
core   0: 3 0x80008cb8 (0x01b34b33) x22 0x7ffe731b
core   0: 0x80008cbc (0x01835633) srl     a2, t1, s8
core   0: 3 0x80008cbc (0x01835633) x12 0x001fffff
core   0: 0x80008cc0 (0x0112d033) srl     zero, t0, a7
core   0: 3 0x80008cc0 (0x0112d033)
core   0: 0x80008cc4 (0x72246093) ori     ra, s0, 1826
core   0: 3 0x80008cc4 (0x72246093) x 1 0x00000722
core   0: 0x80008cc8 (0x018a8eb3) add     t4, s5, s8
core   0: 3 0x80008cc8 (0x018a8eb3) x29 0x0000000c
core   0: 0x80008ccc (0x00e634b3) sltu    s1, a2, a4
core   0: 3 0x80008ccc (0x00e634b3) x 9 0x00000000
core   0: 0x80008cd0 (0x390f0613) addi    a2, t5, 912
core   0: 3 0x80008cd0 (0x390f0613) x12 0x9c15302c
core   0: 0x80008cd4 (0x6235e493) ori     s1, a1, 1571
core   0: 3 0x80008cd4 (0x6235e493) x 9 0x00000623
core   0: 0x80008cd8 (0xdeb7feb7) lui     t4, 0xdeb7f
core   0: 3 0x80008cd8 (0xdeb7feb7) x29 0xdeb7f000
core   0: 0x80008cdc (0x6f2e78b7) lui     a7, 0x6f2e7
core   0: 3 0x80008cdc (0x6f2e78b7) x17 0x6f2e7000
core   0: 0x80008ce0 (0x02d372b3) remu    t0, t1, a3
core   0: 3 0x80008ce0 (0x02d372b3) x 5 0xffffffff
core   0: 0x80008ce4 (0x03fc12b3) mulh    t0, s8, t6
core   0: 3 0x80008ce4 (0x03fc12b3) x 5 0x00000000
core   0: 0x80008ce8 (0x68198eb7) lui     t4, 0x68198
core   0: 3 0x80008ce8 (0x68198eb7) x29 0x68198000
core   0: 0x80008cec (0x03361f33) mulh    t5, a2, s3
core   0: 3 0x80008cec (0x03361f33) x30 0xfffffffb
core   0: 0x80008cf0 (0x27727393) andi    t2, tp, 631
core   0: 3 0x80008cf0 (0x27727393) x 7 0x00000000
core   0: 0x80008cf4 (0x022e82b3) mul     t0, t4, sp
core   0: 3 0x80008cf4 (0x022e82b3) x 5 0x00000000
core   0: 0x80008cf8 (0x407a5713) srai    a4, s4, 7
core   0: 3 0x80008cf8 (0x407a5713) x14 0x00000000
core   0: 0x80008cfc (0x003b15b3) sll     a1, s6, gp
core   0: 3 0x80008cfc (0x003b15b3) x11 0x7ffe731b
core   0: 0x80008d00 (0x0045db33) srl     s6, a1, tp
core   0: 3 0x80008d00 (0x0045db33) x22 0x7ffe731b
core   0: 0x80008d04 (0x01ec9c13) slli    s8, s9, 30
core   0: 3 0x80008d04 (0x01ec9c13) x24 0x00000000
core   0: 0x80008d08 (0x2d403313) sltiu   t1, zero, 724
core   0: 3 0x80008d08 (0x2d403313) x 6 0x00000001
core   0: 0x80008d0c (0x41c35193) srai    gp, t1, 28
core   0: 3 0x80008d0c (0x41c35193) x 3 0x00000000
core   0: 0x80008d10 (0x41fadab3) sra     s5, s5, t6
core   0: 3 0x80008d10 (0x41fadab3) x21 0x00000000
core   0: 0x80008d14 (0x02e5ca33) div     s4, a1, a4
core   0: 3 0x80008d14 (0x02e5ca33) x20 0xffffffff
core   0: 0x80008d18 (0x41098fb3) sub     t6, s3, a6
core   0: 3 0x80008d18 (0x41098fb3) x31 0x7ffeb1a7
core   0: 0x80008d1c (0x0e1cec93) ori     s9, s9, 225
core   0: 3 0x80008d1c (0x0e1cec93) x25 0x000000e1
core   0: 0x80008d20 (0x030b3033) mulhu   zero, s6, a6
core   0: 3 0x80008d20 (0x030b3033)
core   0: 0x80008d24 (0x0195d233) srl     tp, a1, s9
core   0: 3 0x80008d24 (0x0195d233) x 4 0x3fff398d
core   0: 0x80008d28 (0x41e2deb3) sra     t4, t0, t5
core   0: 3 0x80008d28 (0x41e2deb3) x29 0x00000000
core   0: 0x80008d2c (0x40cfd1b3) sra     gp, t6, a2
core   0: 3 0x80008d2c (0x40cfd1b3) x 3 0x0007ffeb
core   0: 0x80008d30 (0x0197d2b3) srl     t0, a5, s9
core   0: 3 0x80008d30 (0x0197d2b3) x 5 0x00000000
core   0: 0x80008d34 (0x03478533) mul     a0, a5, s4
core   0: 3 0x80008d34 (0x03478533) x10 0xffffffff
core   0: 0x80008d38 (0x0378a133) mulhsu  sp, a7, s7
core   0: 3 0x80008d38 (0x0378a133) x 2 0x00000000
core   0: 0x80008d3c (0x0272b133) mulhu   sp, t0, t2
core   0: 3 0x80008d3c (0x0272b133) x 2 0x00000000
core   0: 0x80008d40 (0x9b425717) auipc   a4, 0x9b425
core   0: 3 0x80008d40 (0x9b425717) x14 0x1b42dd40
core   0: 0x80008d44 (0x0263aa33) mulhsu  s4, t2, t1
core   0: 3 0x80008d44 (0x0263aa33) x20 0x00000000
core   0: 0x80008d48 (0x01a21893) slli    a7, tp, 26
core   0: 3 0x80008d48 (0x01a21893) x17 0x34000000
core   0: 0x80008d4c (0x40b206b7) lui     a3, 0x40b20
core   0: 3 0x80008d4c (0x40b206b7) x13 0x40b20000
core   0: 0x80008d50 (0x01879ab3) sll     s5, a5, s8
core   0: 3 0x80008d50 (0x01879ab3) x21 0x00000001
core   0: 0x80008d54 (0x40440433) sub     s0, s0, tp
core   0: 3 0x80008d54 (0x40440433) x 8 0xc000c673
core   0: 0x80008d58 (0x00000013) nop
core   0: 3 0x80008d58 (0x00000013)
core   0: 0x80008d5c (0xce052093) slti    ra, a0, -800
core   0: 3 0x80008d5c (0xce052093) x 1 0x00000000
core   0: 0x80008d60 (0x01878233) add     tp, a5, s8
core   0: 3 0x80008d60 (0x01878233) x 4 0x00000001
core   0: 0x80008d64 (0x00d7efb3) or      t6, a5, a3
core   0: 3 0x80008d64 (0x00d7efb3) x31 0x40b20001
core   0: 0x80008d68 (0x00df65b3) or      a1, t5, a3
core   0: 3 0x80008d68 (0x00df65b3) x11 0xfffffffb
core   0: 0x80008d6c (0x020a7c33) remu    s8, s4, zero
core   0: 3 0x80008d6c (0x020a7c33) x24 0x00000000
core   0: 0x80008d70 (0x03644d33) div     s10, s0, s6
core   0: 3 0x80008d70 (0x03644d33) x26 0x00000000
core   0: 0x80008d74 (0x563cf393) andi    t2, s9, 1379
core   0: 3 0x80008d74 (0x563cf393) x 7 0x00000061
core   0: 0x80008d78 (0x0396ae33) mulhsu  t3, a3, s9
core   0: 3 0x80008d78 (0x0396ae33) x28 0x00000038
core   0: 0x80008d7c (0x01d93433) sltu    s0, s2, t4
core   0: 3 0x80008d7c (0x01d93433) x 8 0x00000000
core   0: 0x80008d80 (0x03112633) mulhsu  a2, sp, a7
core   0: 3 0x80008d80 (0x03112633) x12 0x00000000
core   0: 0x80008d84 (0x00661033) sll     zero, a2, t1
core   0: 3 0x80008d84 (0x00661033)
core   0: 0x80008d88 (0x5e5dff13) andi    t5, s11, 1509
core   0: 3 0x80008d88 (0x5e5dff13) x30 0x000004e4
core   0: 0x80008d8c (0x037d1c33) mulh    s8, s10, s7
core   0: 3 0x80008d8c (0x037d1c33) x24 0x00000000
core   0: 0x80008d90 (0x03b17fb3) remu    t6, sp, s11
core   0: 3 0x80008d90 (0x03b17fb3) x31 0x00000000
core   0: 0x80008d94 (0x00b2bf33) sltu    t5, t0, a1
core   0: 3 0x80008d94 (0x00b2bf33) x30 0x00000001
core   0: 0x80008d98 (0x031aaeb3) mulhsu  t4, s5, a7
core   0: 3 0x80008d98 (0x031aaeb3) x29 0x00000000
core   0: 0x80008d9c (0x023a02b3) mul     t0, s4, gp
core   0: 3 0x80008d9c (0x023a02b3) x 5 0x00000000
core   0: 0x80008da0 (0xa360a293) slti    t0, ra, -1482
core   0: 3 0x80008da0 (0xa360a293) x 5 0x00000000
core   0: 0x80008da4 (0x0118ffb3) and     t6, a7, a7
core   0: 3 0x80008da4 (0x0118ffb3) x31 0x34000000
core   0: 0x80008da8 (0x01f4cd33) xor     s10, s1, t6
core   0: 3 0x80008da8 (0x01f4cd33) x26 0x34000623
core   0: 0x80008dac (0x031a87b3) mul     a5, s5, a7
core   0: 3 0x80008dac (0x031a87b3) x15 0x34000000
core   0: 0x80008db0 (0x02e57933) remu    s2, a0, a4
core   0: 3 0x80008db0 (0x02e57933) x18 0x0aa638bf
core   0: 0x80008db4 (0x0363b7b3) mulhu   a5, t2, s6
core   0: 3 0x80008db4 (0x0363b7b3) x15 0x00000030
core   0: 0x80008db8 (0x02b79633) mulh    a2, a5, a1
core   0: 3 0x80008db8 (0x02b79633) x12 0xffffffff
core   0: 0x80008dbc (0x03fea733) mulhsu  a4, t4, t6
core   0: 3 0x80008dbc (0x03fea733) x14 0x00000000
core   0: 0x80008dc0 (0xa5900493) li      s1, -1447
core   0: 3 0x80008dc0 (0xa5900493) x 9 0xfffffa59
core   0: 0x80008dc4 (0x0390c233) div     tp, ra, s9
core   0: 3 0x80008dc4 (0x0390c233) x 4 0x00000000
core   0: 0x80008dc8 (0x4adb7b93) andi    s7, s6, 1197
core   0: 3 0x80008dc8 (0x4adb7b93) x23 0x00000009
core   0: 0x80008dcc (0x017bf933) and     s2, s7, s7
core   0: 3 0x80008dcc (0x017bf933) x18 0x00000009
core   0: 0x80008dd0 (0x025a0e33) mul     t3, s4, t0
core   0: 3 0x80008dd0 (0x025a0e33) x28 0x00000000
core   0: 0x80008dd4 (0x40a00e33) sub     t3, zero, a0
core   0: 3 0x80008dd4 (0x40a00e33) x28 0x00000001
core   0: 0x80008dd8 (0x411500b3) sub     ra, a0, a7
core   0: 3 0x80008dd8 (0x411500b3) x 1 0xcbffffff
core   0: 0x80008ddc (0x41e9da33) sra     s4, s3, t5
core   0: 3 0x80008ddc (0x41e9da33) x20 0x00000005
core   0: 0x80008de0 (0x30a14b93) xori    s7, sp, 778
core   0: 3 0x80008de0 (0x30a14b93) x23 0x0000030a
core   0: 0x80008de4 (0x03126a33) rem     s4, tp, a7
core   0: 3 0x80008de4 (0x03126a33) x20 0x00000000
core   0: 0x80008de8 (0x00000013) nop
core   0: 3 0x80008de8 (0x00000013)
core   0: 0x80008dec (0x40c38f33) sub     t5, t2, a2
core   0: 3 0x80008dec (0x40c38f33) x30 0x00000062
core   0: 0x80008df0 (0x00000013) nop
core   0: 3 0x80008df0 (0x00000013)
core   0: 0x80008df4 (0x02e4e733) rem     a4, s1, a4
core   0: 3 0x80008df4 (0x02e4e733) x14 0xfffffa59
core   0: 0x80008df8 (0x017db033) sltu    zero, s11, s7
core   0: 3 0x80008df8 (0x017db033)
core   0: 0x80008dfc (0x00ff3fb3) sltu    t6, t5, a5
core   0: 3 0x80008dfc (0x00ff3fb3) x31 0x00000000
core   0: 0x80008e00 (0x00fa8fb3) add     t6, s5, a5
core   0: 3 0x80008e00 (0x00fa8fb3) x31 0x00000031
core   0: 0x80008e04 (0x41e7d393) srai    t2, a5, 30
core   0: 3 0x80008e04 (0x41e7d393) x 7 0x00000000
core   0: 0x80008e08 (0x4c922bb7) lui     s7, 0x4c922
core   0: 3 0x80008e08 (0x4c922bb7) x23 0x4c922000
core   0: 0x80008e0c (0xcd5b3d13) sltiu   s10, s6, -811
core   0: 3 0x80008e0c (0xcd5b3d13) x26 0x00000001
core   0: 0x80008e10 (0x2a8a1897) auipc   a7, 0x2a8a1
core   0: 3 0x80008e10 (0x2a8a1897) x17 0xaa8a9e10
core   0: 0x80008e14 (0x00528fb3) add     t6, t0, t0
core   0: 3 0x80008e14 (0x00528fb3) x31 0x00000000
core   0: 0x80008e18 (0x030db1b3) mulhu   gp, s11, a6
core   0: 3 0x80008e18 (0x030db1b3) x 3 0x40016da6
core   0: 0x80008e1c (0x9d293193) sltiu   gp, s2, -1582
core   0: 3 0x80008e1c (0x9d293193) x 3 0x00000001
core   0: 0x80008e20 (0x01f73bb3) sltu    s7, a4, t6
core   0: 3 0x80008e20 (0x01f73bb3) x23 0x00000000
core   0: 0x80008e24 (0x00a0ceb3) xor     t4, ra, a0
core   0: 3 0x80008e24 (0x00a0ceb3) x29 0x34000000
core   0: 0x80008e28 (0x034bdc33) divu    s8, s7, s4
core   0: 3 0x80008e28 (0x034bdc33) x24 0xffffffff
core   0: 0x80008e2c (0x013cd893) srli    a7, s9, 19
core   0: 3 0x80008e2c (0x013cd893) x17 0x00000000
core   0: 0x80008e30 (0x0253e4b3) rem     s1, t2, t0
core   0: 3 0x80008e30 (0x0253e4b3) x 9 0x00000000
core   0: 0x80008e34 (0x07fc7d37) lui     s10, 0x7fc7
core   0: 3 0x80008e34 (0x07fc7d37) x26 0x07fc7000
core   0: 0x80008e38 (0x415e5333) sra     t1, t3, s5
core   0: 3 0x80008e38 (0x415e5333) x 6 0x00000000
core   0: 0x80008e3c (0x014c3933) sltu    s2, s8, s4
core   0: 3 0x80008e3c (0x014c3933) x18 0x00000000
core   0: 0x80008e40 (0x017fe5b7) lui     a1, 0x17fe
core   0: 3 0x80008e40 (0x017fe5b7) x11 0x017fe000
core   0: 0x80008e44 (0x0222f533) remu    a0, t0, sp
core   0: 3 0x80008e44 (0x0222f533) x10 0x00000000
core   0: 0x80008e48 (0x41848b33) sub     s6, s1, s8
core   0: 3 0x80008e48 (0x41848b33) x22 0x00000001
core   0: 0x80008e4c (0xadbd9c17) auipc   s8, 0xadbd9
core   0: 3 0x80008e4c (0xadbd9c17) x24 0x2dbe1e4c
core   0: 0x80008e50 (0x2d55e913) ori     s2, a1, 725
core   0: 3 0x80008e50 (0x2d55e913) x18 0x017fe2d5
core   0: 0x80008e54 (0x4813b113) sltiu   sp, t2, 1153
core   0: 3 0x80008e54 (0x4813b113) x 2 0x00000001
core   0: 0x80008e58 (0xa7cff893) andi    a7, t6, -1412
core   0: 3 0x80008e58 (0xa7cff893) x17 0x00000000
core   0: 0x80008e5c (0x02bfd4b3) divu    s1, t6, a1
core   0: 3 0x80008e5c (0x02bfd4b3) x 9 0x00000000
core   0: 0x80008e60 (0x00000013) nop
core   0: 3 0x80008e60 (0x00000013)
core   0: 0x80008e64 (0x00d71733) sll     a4, a4, a3
core   0: 3 0x80008e64 (0x00d71733) x14 0xfffffa59
core   0: 0x80008e68 (0x039d6fb3) rem     t6, s10, s9
core   0: 3 0x80008e68 (0x039d6fb3) x31 0x00000083
core   0: 0x80008e6c (0x03ab0bb3) mul     s7, s6, s10
core   0: 3 0x80008e6c (0x03ab0bb3) x23 0x07fc7000
core   0: 0x80008e70 (0x0083a933) slt     s2, t2, s0
core   0: 3 0x80008e70 (0x0083a933) x18 0x00000000
core   0: 0x80008e74 (0x02d98b33) mul     s6, s3, a3
core   0: 3 0x80008e74 (0x02d98b33) x22 0xc7a60000
core   0: 0x80008e78 (0x00bd5393) srli    t2, s10, 11
core   0: 3 0x80008e78 (0x00bd5393) x 7 0x0000ff8e
core   0: 0x80008e7c (0x40db5e13) srai    t3, s6, 13
core   0: 3 0x80008e7c (0x40db5e13) x28 0xfffe3d30
core   0: 0x80008e80 (0x02525d33) divu    s10, tp, t0
core   0: 3 0x80008e80 (0x02525d33) x26 0xffffffff
core   0: 0x80008e84 (0x0144aeb3) slt     t4, s1, s4
core   0: 3 0x80008e84 (0x0144aeb3) x29 0x00000000
core   0: 0x80008e88 (0x020be433) rem     s0, s7, zero
core   0: 3 0x80008e88 (0x020be433) x 8 0x07fc7000
core   0: 0x80008e8c (0x00182d33) slt     s10, a6, ra
core   0: 3 0x80008e8c (0x00182d33) x26 0x00000001
core   0: 0x80008e90 (0x41465433) sra     s0, a2, s4
core   0: 3 0x80008e90 (0x41465433) x 8 0xffffffff
core   0: 0x80008e94 (0x496f8c13) addi    s8, t6, 1174
core   0: 3 0x80008e94 (0x496f8c13) x24 0x00000519
core   0: 0x80008e98 (0x7e320093) addi    ra, tp, 2019
core   0: 3 0x80008e98 (0x7e320093) x 1 0x000007e3
core   0: 0x80008e9c (0x016db233) sltu    tp, s11, s6
core   0: 3 0x80008e9c (0x016db233) x 4 0x00000001
core   0: 0x80008ea0 (0xc744f293) andi    t0, s1, -908
core   0: 3 0x80008ea0 (0xc744f293) x 5 0x00000000
core   0: 0x80008ea4 (0x01a46f33) or      t5, s0, s10
core   0: 3 0x80008ea4 (0x01a46f33) x30 0xffffffff
core   0: 0x80008ea8 (0x01fc1133) sll     sp, s8, t6
core   0: 3 0x80008ea8 (0x01fc1133) x 2 0x000028c8
core   0: 0x80008eac (0xf2910613) addi    a2, sp, -215
core   0: 3 0x80008eac (0xf2910613) x12 0x000027f1
core   0: 0x80008eb0 (0x022741b3) div     gp, a4, sp
core   0: 3 0x80008eb0 (0x022741b3) x 3 0x00000000
core   0: 0x80008eb4 (0x0275e933) rem     s2, a1, t2
core   0: 3 0x80008eb4 (0x0275e933) x18 0x00008b00
core   0: 0x80008eb8 (0x0376e0b3) rem     ra, a3, s7
core   0: 3 0x80008eb8 (0x0376e0b3) x 1 0x00ce8000
core   0: 0x80008ebc (0x03f147b3) div     a5, sp, t6
core   0: 3 0x80008ebc (0x03f147b3) x15 0x0000004f
core   0: 0x80008ec0 (0x02a73c33) mulhu   s8, a4, a0
core   0: 3 0x80008ec0 (0x02a73c33) x24 0x00000000
core   0: 0x80008ec4 (0x02a8dbb3) divu    s7, a7, a0
core   0: 3 0x80008ec4 (0x02a8dbb3) x23 0xffffffff
core   0: 0x80008ec8 (0x00ea1a33) sll     s4, s4, a4
core   0: 3 0x80008ec8 (0x00ea1a33) x20 0x00000000
core   0: 0x80008ecc (0x039a1c33) mulh    s8, s4, s9
core   0: 3 0x80008ecc (0x039a1c33) x24 0x00000000
core   0: 0x80008ed0 (0x03c38a33) mul     s4, t2, t3
core   0: 3 0x80008ed0 (0x03c38a33) x20 0x3df8c0a0
core   0: 0x80008ed4 (0x796e7d13) andi    s10, t3, 1942
core   0: 3 0x80008ed4 (0x796e7d13) x26 0x00000510
core   0: 0x80008ed8 (0x00525bb3) srl     s7, tp, t0
core   0: 3 0x80008ed8 (0x00525bb3) x23 0x00000001
core   0: 0x80008edc (0x02be1ab3) mulh    s5, t3, a1
core   0: 3 0x80008edc (0x02be1ab3) x21 0xfffffd5c
core   0: 0x80008ee0 (0x01665713) srli    a4, a2, 22
core   0: 3 0x80008ee0 (0x01665713) x14 0x00000000
core   0: 0x80008ee4 (0x01d602b3) add     t0, a2, t4
core   0: 3 0x80008ee4 (0x01d602b3) x 5 0x000027f1
core   0: 0x80008ee8 (0x02c20b33) mul     s6, tp, a2
core   0: 3 0x80008ee8 (0x02c20b33) x22 0x000027f1
core   0: 0x80008eec (0x00f72e33) slt     t3, a4, a5
core   0: 3 0x80008eec (0x00f72e33) x28 0x00000001
core   0: 0x80008ef0 (0x00af1893) slli    a7, t5, 10
core   0: 3 0x80008ef0 (0x00af1893) x17 0xfffffc00
core   0: 0x80008ef4 (0x021e8a33) mul     s4, t4, ra
core   0: 3 0x80008ef4 (0x021e8a33) x20 0x00000000
core   0: 0x80008ef8 (0x02b111b3) mulh    gp, sp, a1
core   0: 3 0x80008ef8 (0x02b111b3) x 3 0x0000003d
core   0: 0x80008efc (0x017cfb33) and     s6, s9, s7
core   0: 3 0x80008efc (0x017cfb33) x22 0x00000001
core   0: 0x80008f00 (0xf416ee93) ori     t4, a3, -191
core   0: 3 0x80008f00 (0xf416ee93) x29 0xffffff41
core   0: 0x80008f04 (0xdf6bb013) sltiu   zero, s7, -522
core   0: 3 0x80008f04 (0xdf6bb013)
core   0: 0x80008f08 (0x24242b13) slti    s6, s0, 578
core   0: 3 0x80008f08 (0x24242b13) x22 0x00000001
core   0: 0x80008f0c (0x017247b3) xor     a5, tp, s7
core   0: 3 0x80008f0c (0x017247b3) x15 0x00000000
core   0: 0x80008f10 (0x02351033) mulh    zero, a0, gp
core   0: 3 0x80008f10 (0x02351033)
core   0: 0x80008f14 (0x0124a633) slt     a2, s1, s2
core   0: 3 0x80008f14 (0x0124a633) x12 0x00000001
core   0: 0x80008f18 (0x02f33c33) mulhu   s8, t1, a5
core   0: 3 0x80008f18 (0x02f33c33) x24 0x00000000
core   0: 0x80008f1c (0x00b805b3) add     a1, a6, a1
core   0: 3 0x80008f1c (0x00b805b3) x11 0x81812e64
core   0: 0x80008f20 (0x01005293) srli    t0, zero, 16
core   0: 3 0x80008f20 (0x01005293) x 5 0x00000000
core   0: 0x80008f24 (0x0322ccb3) div     s9, t0, s2
core   0: 3 0x80008f24 (0x0322ccb3) x25 0x00000000
core   0: 0x80008f28 (0x010abd33) sltu    s10, s5, a6
core   0: 3 0x80008f28 (0x010abd33) x26 0x00000000
core   0: 0x80008f2c (0xbd18ca13) xori    s4, a7, -1071
core   0: 3 0x80008f2c (0xbd18ca13) x20 0x000007d1
core   0: 0x80008f30 (0x017098b3) sll     a7, ra, s7
core   0: 3 0x80008f30 (0x017098b3) x17 0x019d0000
core   0: 0x80008f34 (0x6362f613) andi    a2, t0, 1590
core   0: 3 0x80008f34 (0x6362f613) x12 0x00000000
core   0: 0x80008f38 (0x5131b193) sltiu   gp, gp, 1299
core   0: 3 0x80008f38 (0x5131b193) x 3 0x00000001
core   0: 0x80008f3c (0xbdca8117) auipc   sp, 0xbdca8
core   0: 3 0x80008f3c (0xbdca8117) x 2 0x3dcb0f3c
core   0: 0x80008f40 (0x01b61cb3) sll     s9, a2, s11
core   0: 3 0x80008f40 (0x01b61cb3) x25 0x00000000
core   0: 0x80008f44 (0x02c78e33) mul     t3, a5, a2
core   0: 3 0x80008f44 (0x02c78e33) x28 0x00000000
core   0: 0x80008f48 (0x41ec5f93) srai    t6, s8, 30
core   0: 3 0x80008f48 (0x41ec5f93) x31 0x00000000
core   0: 0x80008f4c (0x40eb0133) sub     sp, s6, a4
core   0: 3 0x80008f4c (0x40eb0133) x 2 0x00000001
core   0: 0x80008f50 (0x02fe37b3) mulhu   a5, t3, a5
core   0: 3 0x80008f50 (0x02fe37b3) x15 0x00000000
core   0: 0x80008f54 (0xa247a113) slti    sp, a5, -1500
core   0: 3 0x80008f54 (0xa247a113) x 2 0x00000000
core   0: 0x80008f58 (0xa85dba93) sltiu   s5, s11, -1403
core   0: 3 0x80008f58 (0xa85dba93) x21 0x00000001
core   0: 0x80008f5c (0x00000013) nop
core   0: 3 0x80008f5c (0x00000013)
core   0: 0x80008f60 (0xeec00713) li      a4, -276
core   0: 3 0x80008f60 (0xeec00713) x14 0xfffffeec
core   0: 0x80008f64 (0x0049fab3) and     s5, s3, tp
core   0: 3 0x80008f64 (0x0049fab3) x21 0x00000001
core   0: 0x80008f68 (0xcf69cc93) xori    s9, s3, -778
core   0: 3 0x80008f68 (0xcf69cc93) x25 0xfffffcfd
core   0: 0x80008f6c (0x408a8ab3) sub     s5, s5, s0
core   0: 3 0x80008f6c (0x408a8ab3) x21 0x00000002
core   0: 0x80008f70 (0x0213fd33) remu    s10, t2, ra
core   0: 3 0x80008f70 (0x0213fd33) x26 0x0000ff8e
core   0: 0x80008f74 (0x4d6ea313) slti    t1, t4, 1238
core   0: 3 0x80008f74 (0x4d6ea313) x 6 0x00000001
core   0: 0x80008f78 (0x00000013) nop
core   0: 3 0x80008f78 (0x00000013)
core   0: 0x80008f7c (0x00000013) nop
core   0: 3 0x80008f7c (0x00000013)
core   0: 0x80008f80 (0x06da4393) xori    t2, s4, 109
core   0: 3 0x80008f80 (0x06da4393) x 7 0x000007bc
core   0: 0x80008f84 (0x00000013) nop
core   0: 3 0x80008f84 (0x00000013)
core   0: 0x80008f88 (0x03584ab3) div     s5, a6, s5
core   0: 3 0x80008f88 (0x03584ab3) x21 0xc000a732
core   0: 0x80008f8c (0x03399a33) mulh    s4, s3, s3
core   0: 3 0x80008f8c (0x03399a33) x20 0x00000000
core   0: 0x80008f90 (0x175de493) ori     s1, s11, 373
core   0: 3 0x80008f90 (0x175de493) x 9 0x80018df5
core   0: 0x80008f94 (0x8a652913) slti    s2, a0, -1882
core   0: 3 0x80008f94 (0x8a652913) x18 0x00000000
core   0: 0x80008f98 (0x4cdbeb13) ori     s6, s7, 1229
core   0: 3 0x80008f98 (0x4cdbeb13) x22 0x000004cd
core   0: 0x80008f9c (0x31a64a93) xori    s5, a2, 794
core   0: 3 0x80008f9c (0x31a64a93) x21 0x0000031a
core   0: 0x80008fa0 (0x46b06193) ori     gp, zero, 1131
core   0: 3 0x80008fa0 (0x46b06193) x 3 0x0000046b
core   0: 0x80008fa4 (0x00bed1b3) srl     gp, t4, a1
core   0: 3 0x80008fa4 (0x00bed1b3) x 3 0x0ffffff4
core   0: 0x80008fa8 (0x003e3b33) sltu    s6, t3, gp
core   0: 3 0x80008fa8 (0x003e3b33) x22 0x00000001
core   0: 0x80008fac (0x00d03fb3) snez    t6, a3
core   0: 3 0x80008fac (0x00d03fb3) x31 0x00000001
core   0: 0x80008fb0 (0xd0028613) addi    a2, t0, -768
core   0: 3 0x80008fb0 (0xd0028613) x12 0xfffffd00
core   0: 0x80008fb4 (0x02f75933) divu    s2, a4, a5
core   0: 3 0x80008fb4 (0x02f75933) x18 0xffffffff
core   0: 0x80008fb8 (0x5cd14413) xori    s0, sp, 1485
core   0: 3 0x80008fb8 (0x5cd14413) x 8 0x000005cd
core   0: 0x80008fbc (0x1855e893) ori     a7, a1, 389
core   0: 3 0x80008fbc (0x1855e893) x17 0x81812fe5
core   0: 0x80008fc0 (0x00000013) nop
core   0: 3 0x80008fc0 (0x00000013)
core   0: 0x80008fc4 (0x41130933) sub     s2, t1, a7
core   0: 3 0x80008fc4 (0x41130933) x18 0x7e7ed01c
core   0: 0x80008fc8 (0x01fdf5b3) and     a1, s11, t6
core   0: 3 0x80008fc8 (0x01fdf5b3) x11 0x00000000
core   0: 0x80008fcc (0x924aea13) ori     s4, s5, -1756
core   0: 3 0x80008fcc (0x924aea13) x20 0xfffffb3e
core   0: 0x80008fd0 (0xcf12a493) slti    s1, t0, -783
core   0: 3 0x80008fd0 (0xcf12a493) x 9 0x00000000
core   0: 0x80008fd4 (0x002f6fb3) or      t6, t5, sp
core   0: 3 0x80008fd4 (0x002f6fb3) x31 0xffffffff
core   0: 0x80008fd8 (0xadf40613) addi    a2, s0, -1313
core   0: 3 0x80008fd8 (0xadf40613) x12 0x000000ac
core   0: 0x80008fdc (0x48992113) slti    sp, s2, 1161
core   0: 3 0x80008fdc (0x48992113) x 2 0x00000000
core   0: 0x80008fe0 (0xa5354213) xori    tp, a0, -1453
core   0: 3 0x80008fe0 (0xa5354213) x 4 0xfffffa53
core   0: 0x80008fe4 (0x01829493) slli    s1, t0, 24
core   0: 3 0x80008fe4 (0x01829493) x 9 0x00000000
core   0: 0x80008fe8 (0x02b3a733) mulhsu  a4, t2, a1
core   0: 3 0x80008fe8 (0x02b3a733) x14 0x00000000
core   0: 0x80008fec (0x019308b3) add     a7, t1, s9
core   0: 3 0x80008fec (0x019308b3) x17 0xfffffcfe
core   0: 0x80008ff0 (0xce508c37) lui     s8, 0xce508
core   0: 3 0x80008ff0 (0xce508c37) x24 0xce508000
core   0: 0x80008ff4 (0x00491893) slli    a7, s2, 4
core   0: 3 0x80008ff4 (0x00491893) x17 0xe7ed01c0
core   0: 0x80008ff8 (0x40750733) sub     a4, a0, t2
core   0: 3 0x80008ff8 (0x40750733) x14 0xfffff844
core   0: 0x80008ffc (0x8b548f13) addi    t5, s1, -1867
core   0: 3 0x80008ffc (0x8b548f13) x30 0xfffff8b5
core   0: 0x80009000 (0x01a070b3) and     ra, zero, s10
core   0: 3 0x80009000 (0x01a070b3) x 1 0x00000000
core   0: 0x80009004 (0x7d4ba193) slti    gp, s7, 2004
core   0: 3 0x80009004 (0x7d4ba193) x 3 0x00000001
core   0: 0x80009008 (0x01534bb3) xor     s7, t1, s5
core   0: 3 0x80009008 (0x01534bb3) x23 0x0000031b
core   0: 0x8000900c (0x00b5ea33) or      s4, a1, a1
core   0: 3 0x8000900c (0x00b5ea33) x20 0x00000000
core   0: 0x80009010 (0x030f8033) mul     zero, t6, a6
core   0: 3 0x80009010 (0x030f8033)
core   0: 0x80009014 (0x018a1f93) slli    t6, s4, 24
core   0: 3 0x80009014 (0x018a1f93) x31 0x00000000
core   0: 0x80009018 (0x414c0d33) sub     s10, s8, s4
core   0: 3 0x80009018 (0x414c0d33) x26 0xce508000
core   0: 0x8000901c (0x0028a2b3) slt     t0, a7, sp
core   0: 3 0x8000901c (0x0028a2b3) x 5 0x00000001
core   0: 0x80009020 (0x03d8e1b3) rem     gp, a7, t4
core   0: 3 0x80009020 (0x03d8e1b3) x 3 0xffffff68
core   0: 0x80009024 (0x03c05233) divu    tp, zero, t3
core   0: 3 0x80009024 (0x03c05233) x 4 0xffffffff
core   0: 0x80009028 (0x00b23eb3) sltu    t4, tp, a1
core   0: 3 0x80009028 (0x00b23eb3) x29 0x00000000
core   0: 0x8000902c (0x40d58ab3) sub     s5, a1, a3
core   0: 3 0x8000902c (0x40d58ab3) x21 0xbf4e0000
core   0: 0x80009030 (0x40dedd33) sra     s10, t4, a3
core   0: 3 0x80009030 (0x40dedd33) x26 0x00000000
core   0: 0x80009034 (0x01bbb6b3) sltu    a3, s7, s11
core   0: 3 0x80009034 (0x01bbb6b3) x13 0x00000001
core   0: 0x80009038 (0xff64b893) sltiu   a7, s1, -10
core   0: 3 0x80009038 (0xff64b893) x17 0x00000001
core   0: 0x8000903c (0x40db5f13) srai    t5, s6, 13
core   0: 3 0x8000903c (0x40db5f13) x30 0x00000000
core   0: 0x80009040 (0xb5de4e17) auipc   t3, 0xb5de4
core   0: 3 0x80009040 (0xb5de4e17) x28 0x35ded040
core   0: 0x80009044 (0x01d044b3) xor     s1, zero, t4
core   0: 3 0x80009044 (0x01d044b3) x 9 0x00000000
core   0: 0x80009048 (0x03e6d133) divu    sp, a3, t5
core   0: 3 0x80009048 (0x03e6d133) x 2 0xffffffff
core   0: 0x8000904c (0x00a32a33) slt     s4, t1, a0
core   0: 3 0x8000904c (0x00a32a33) x20 0x00000000
core   0: 0x80009050 (0x00e0df13) srli    t5, ra, 14
core   0: 3 0x80009050 (0x00e0df13) x30 0x00000000
core   0: 0x80009054 (0x03532fb3) mulhsu  t6, t1, s5
core   0: 3 0x80009054 (0x03532fb3) x31 0x00000000
core   0: 0x80009058 (0x00000013) nop
core   0: 3 0x80009058 (0x00000013)
core   0: 0x8000905c (0x0201eb33) rem     s6, gp, zero
core   0: 3 0x8000905c (0x0201eb33) x22 0xffffff68
core   0: 0x80009060 (0x01b777b3) and     a5, a4, s11
core   0: 3 0x80009060 (0x01b777b3) x15 0x80018844
core   0: 0x80009064 (0x000240b3) xor     ra, tp, zero
core   0: 3 0x80009064 (0x000240b3) x 1 0xffffffff
core   0: 0x80009068 (0x006632b3) sltu    t0, a2, t1
core   0: 3 0x80009068 (0x006632b3) x 5 0x00000000
core   0: 0x8000906c (0xacb6ae93) slti    t4, a3, -1333
core   0: 3 0x8000906c (0xacb6ae93) x29 0x00000000
core   0: 0x80009070 (0x41a455b3) sra     a1, s0, s10
core   0: 3 0x80009070 (0x41a455b3) x11 0x000005cd
core   0: 0x80009074 (0xab98a293) slti    t0, a7, -1351
core   0: 3 0x80009074 (0xab98a293) x 5 0x00000000
core   0: 0x80009078 (0x8d330197) auipc   gp, 0x8d330
core   0: 3 0x80009078 (0x8d330197) x 3 0x0d339078
core   0: 0x8000907c (0xd531eb13) ori     s6, gp, -685
core   0: 3 0x8000907c (0xd531eb13) x22 0xfffffd7b
core   0: 0x80009080 (0x01a29533) sll     a0, t0, s10
core   0: 3 0x80009080 (0x01a29533) x10 0x00000000
core   0: 0x80009084 (0x01ff9d33) sll     s10, t6, t6
core   0: 3 0x80009084 (0x01ff9d33) x26 0x00000000
core   0: 0x80009088 (0x00cc8733) add     a4, s9, a2
core   0: 3 0x80009088 (0x00cc8733) x14 0xfffffda9
core   0: 0x8000908c (0x02c6a733) mulhsu  a4, a3, a2
core   0: 3 0x8000908c (0x02c6a733) x14 0x00000000
core   0: 0x80009090 (0x5e244c93) xori    s9, s0, 1506
core   0: 3 0x80009090 (0x5e244c93) x25 0x0000002f
core   0: 0x80009094 (0x00f6cd33) xor     s10, a3, a5
core   0: 3 0x80009094 (0x00f6cd33) x26 0x80018845
core   0: 0x80009098 (0x2070ee93) ori     t4, ra, 519
core   0: 3 0x80009098 (0x2070ee93) x29 0xffffffff
core   0: 0x8000909c (0x01efb2b3) sltu    t0, t6, t5
core   0: 3 0x8000909c (0x01efb2b3) x 5 0x00000000
core   0: 0x800090a0 (0x02e6c6b3) div     a3, a3, a4
core   0: 3 0x800090a0 (0x02e6c6b3) x13 0xffffffff
core   0: 0x800090a4 (0x00000013) nop
core   0: 3 0x800090a4 (0x00000013)
core   0: 0x800090a8 (0x87febf93) sltiu   t6, t4, -1921
core   0: 3 0x800090a8 (0x87febf93) x31 0x00000000
core   0: 0x800090ac (0x00955033) srl     zero, a0, s1
core   0: 3 0x800090ac (0x00955033)
core   0: 0x800090b0 (0x80f2a097) auipc   ra, 0x80f2a
core   0: 3 0x800090b0 (0x80f2a097) x 1 0x00f330b0
core   0: 0x800090b4 (0xe0b07913) andi    s2, zero, -501
core   0: 3 0x800090b4 (0xe0b07913) x18 0x00000000
core   0: 0x800090b8 (0x0be1a513) slti    a0, gp, 190
core   0: 3 0x800090b8 (0x0be1a513) x10 0x00000000
core   0: 0x800090bc (0x00c61593) slli    a1, a2, 12
core   0: 3 0x800090bc (0x00c61593) x11 0x000ac000
core   0: 0x800090c0 (0x00159333) sll     t1, a1, ra
core   0: 3 0x800090c0 (0x00159333) x 6 0xc0000000
core   0: 0x800090c4 (0x8c78ae17) auipc   t3, 0x8c78a
core   0: 3 0x800090c4 (0x8c78ae17) x28 0x0c7930c4
core   0: 0x800090c8 (0x014216b3) sll     a3, tp, s4
core   0: 3 0x800090c8 (0x014216b3) x13 0xffffffff
core   0: 0x800090cc (0x02a38b33) mul     s6, t2, a0
core   0: 3 0x800090cc (0x02a38b33) x22 0x00000000
core   0: 0x800090d0 (0x26798797) auipc   a5, 0x26798
core   0: 3 0x800090d0 (0x26798797) x15 0xa67a10d0
core   0: 0x800090d4 (0x93857437) lui     s0, 0x93857
core   0: 3 0x800090d4 (0x93857437) x 8 0x93857000
core   0: 0x800090d8 (0x01c857b3) srl     a5, a6, t3
core   0: 3 0x800090d8 (0x01c857b3) x15 0x080014e6
core   0: 0x800090dc (0x01fbdf33) srl     t5, s7, t6
core   0: 3 0x800090dc (0x01fbdf33) x30 0x0000031b
core   0: 0x800090e0 (0x413883b3) sub     t2, a7, s3
core   0: 3 0x800090e0 (0x413883b3) x 7 0xfffffff6
core   0: 0x800090e4 (0x162aa513) slti    a0, s5, 354
core   0: 3 0x800090e4 (0x162aa513) x10 0x00000001
core   0: 0x800090e8 (0x031a2933) mulhsu  s2, s4, a7
core   0: 3 0x800090e8 (0x031a2933) x18 0x00000000
core   0: 0x800090ec (0x017b06b3) add     a3, s6, s7
core   0: 3 0x800090ec (0x017b06b3) x13 0x0000031b
core   0: 0x800090f0 (0x01528533) add     a0, t0, s5
core   0: 3 0x800090f0 (0x01528533) x10 0xbf4e0000
core   0: 0x800090f4 (0x02d21933) mulh    s2, tp, a3
core   0: 3 0x800090f4 (0x02d21933) x18 0xffffffff
core   0: 0x800090f8 (0x002e0eb3) add     t4, t3, sp
core   0: 3 0x800090f8 (0x002e0eb3) x29 0x0c7930c3
core   0: 0x800090fc (0x0280acb3) mulhsu  s9, ra, s0
core   0: 3 0x800090fc (0x0280acb3) x25 0x008c23b7
core   0: 0x80009100 (0x469e2e93) slti    t4, t3, 1129
core   0: 3 0x80009100 (0x469e2e93) x29 0x00000000
core   0: 0x80009104 (0x012db133) sltu    sp, s11, s2
core   0: 3 0x80009104 (0x012db133) x 2 0x00000001
core   0: 0x80009108 (0x0258bd33) mulhu   s10, a7, t0
core   0: 3 0x80009108 (0x0258bd33) x26 0x00000000
core   0: 0x8000910c (0x01eba5b3) slt     a1, s7, t5
core   0: 3 0x8000910c (0x01eba5b3) x11 0x00000000
core   0: 0x80009110 (0x02938a33) mul     s4, t2, s1
core   0: 3 0x80009110 (0x02938a33) x20 0x00000000
core   0: 0x80009114 (0x0ea4b693) sltiu   a3, s1, 234
core   0: 3 0x80009114 (0x0ea4b693) x13 0x00000001
core   0: 0x80009118 (0x00e6a433) slt     s0, a3, a4
core   0: 3 0x80009118 (0x00e6a433) x 8 0x00000000
core   0: 0x8000911c (0x17176c93) ori     s9, a4, 369
core   0: 3 0x8000911c (0x17176c93) x25 0x00000171
core   0: 0x80009120 (0x00568533) add     a0, a3, t0
core   0: 3 0x80009120 (0x00568533) x10 0x00000001
core   0: 0x80009124 (0x00984933) xor     s2, a6, s1
core   0: 3 0x80009124 (0x00984933) x18 0x80014e64
core   0: 0x80009128 (0xb8eb2293) slti    t0, s6, -1138
core   0: 3 0x80009128 (0xb8eb2293) x 5 0x00000000
core   0: 0x8000912c (0x411b5013) srai    zero, s6, 17
core   0: 3 0x8000912c (0x411b5013)
core   0: 0x80009130 (0x4139df93) srai    t6, s3, 19
core   0: 3 0x80009130 (0x4139df93) x31 0x00000000
core   0: 0x80009134 (0x0342efb3) rem     t6, t0, s4
core   0: 3 0x80009134 (0x0342efb3) x31 0x00000000
core   0: 0x80009138 (0xadfc8213) addi    tp, s9, -1313
core   0: 3 0x80009138 (0xadfc8213) x 4 0xfffffc50
core   0: 0x8000913c (0x01127733) and     a4, tp, a7
core   0: 3 0x8000913c (0x01127733) x14 0x00000000
core   0: 0x80009140 (0x008665b3) or      a1, a2, s0
core   0: 3 0x80009140 (0x008665b3) x11 0x000000ac
core   0: 0x80009144 (0x02a137b3) mulhu   a5, sp, a0
core   0: 3 0x80009144 (0x02a137b3) x15 0x00000000
core   0: 0x80009148 (0x00c56733) or      a4, a0, a2
core   0: 3 0x80009148 (0x00c56733) x14 0x000000ad
core   0: 0x8000914c (0x013b5433) srl     s0, s6, s3
core   0: 3 0x8000914c (0x013b5433) x 8 0x00000000
core   0: 0x80009150 (0x02ebbfb3) mulhu   t6, s7, a4
core   0: 3 0x80009150 (0x02ebbfb3) x31 0x00000000
core   0: 0x80009154 (0x00ad45b3) xor     a1, s10, a0
core   0: 3 0x80009154 (0x00ad45b3) x11 0x00000001
core   0: 0x80009158 (0x02d58133) mul     sp, a1, a3
core   0: 3 0x80009158 (0x02d58133) x 2 0x00000001
core   0: 0x8000915c (0x2f8f0913) addi    s2, t5, 760
core   0: 3 0x8000915c (0x2f8f0913) x18 0x00000613
core   0: 0x80009160 (0x1f6ce793) ori     a5, s9, 502
core   0: 3 0x80009160 (0x1f6ce793) x15 0x000001f7
core   0: 0x80009164 (0x035c52b3) divu    t0, s8, s5
core   0: 3 0x80009164 (0x035c52b3) x 5 0x00000001
core   0: 0x80009168 (0x001f0733) add     a4, t5, ra
core   0: 3 0x80009168 (0x001f0733) x14 0x00f333cb
core   0: 0x8000916c (0x612de0b7) lui     ra, 0x612de
core   0: 3 0x8000916c (0x612de0b7) x 1 0x612de000
core   0: 0x80009170 (0xac214693) xori    a3, sp, -1342
core   0: 3 0x80009170 (0xac214693) x13 0xfffffac3
core   0: 0x80009174 (0x63cb6093) ori     ra, s6, 1596
core   0: 3 0x80009174 (0x63cb6093) x 1 0x0000063c
core   0: 0x80009178 (0x00ca5133) srl     sp, s4, a2
core   0: 3 0x80009178 (0x00ca5133) x 2 0x00000000
core   0: 0x8000917c (0x01f6c633) xor     a2, a3, t6
core   0: 3 0x8000917c (0x01f6c633) x12 0xfffffac3
core   0: 0x80009180 (0x013dbab3) sltu    s5, s11, s3
core   0: 3 0x80009180 (0x013dbab3) x21 0x00000000
core   0: 0x80009184 (0x027bc133) div     sp, s7, t2
core   0: 3 0x80009184 (0x027bc133) x 2 0xffffffb1
core   0: 0x80009188 (0x417b8933) sub     s2, s7, s7
core   0: 3 0x80009188 (0x417b8933) x18 0x00000000
core   0: 0x8000918c (0x02d503b3) mul     t2, a0, a3
core   0: 3 0x8000918c (0x02d503b3) x 7 0xfffffac3
core   0: 0x80009190 (0xa8294517) auipc   a0, 0xa8294
core   0: 3 0x80009190 (0xa8294517) x10 0x2829d190
core   0: 0x80009194 (0x3d1f4513) xori    a0, t5, 977
core   0: 3 0x80009194 (0x3d1f4513) x10 0x000000ca
core   0: 0x80009198 (0x012e5d13) srli    s10, t3, 18
core   0: 3 0x80009198 (0x012e5d13) x26 0x0000031e
core   0: 0x8000919c (0x00d91033) sll     zero, s2, a3
core   0: 3 0x8000919c (0x00d91033)
core   0: 0x800091a0 (0x00c74e33) xor     t3, a4, a2
core   0: 3 0x800091a0 (0x00c74e33) x28 0xff0cc908
core   0: 0x800091a4 (0x8b0c7c93) andi    s9, s8, -1872
core   0: 3 0x800091a4 (0x8b0c7c93) x25 0xce508000
core   0: 0x800091a8 (0x4112d193) srai    gp, t0, 17
core   0: 3 0x800091a8 (0x4112d193) x 3 0x00000000
core   0: 0x800091ac (0x0184dcb3) srl     s9, s1, s8
core   0: 3 0x800091ac (0x0184dcb3) x25 0x00000000
core   0: 0x800091b0 (0x03cde633) rem     a2, s11, t3
core   0: 3 0x800091b0 (0x03cde633) x12 0xff5052b4
core   0: 0x800091b4 (0xbb6a61b7) lui     gp, 0xbb6a6
core   0: 3 0x800091b4 (0xbb6a61b7) x 3 0xbb6a6000
core   0: 0x800091b8 (0x0145dcb3) srl     s9, a1, s4
core   0: 3 0x800091b8 (0x0145dcb3) x25 0x00000001
core   0: 0x800091bc (0x01a30133) add     sp, t1, s10
core   0: 3 0x800091bc (0x01a30133) x 2 0xc000031e
core   0: 0x800091c0 (0xaddbf593) andi    a1, s7, -1315
core   0: 3 0x800091c0 (0xaddbf593) x11 0x00000219
core   0: 0x800091c4 (0x02bf9133) mulh    sp, t6, a1
core   0: 3 0x800091c4 (0x02bf9133) x 2 0x00000000
core   0: 0x800091c8 (0x01184033) xor     zero, a6, a7
core   0: 3 0x800091c8 (0x01184033)
core   0: 0x800091cc (0x00995c13) srli    s8, s2, 9
core   0: 3 0x800091cc (0x00995c13) x24 0x00000000
core   0: 0x800091d0 (0x029e5eb3) divu    t4, t3, s1
core   0: 3 0x800091d0 (0x029e5eb3) x29 0xffffffff
core   0: 0x800091d4 (0x00000013) nop
core   0: 3 0x800091d4 (0x00000013)
core   0: 0x800091d8 (0x5616a093) slti    ra, a3, 1377
core   0: 3 0x800091d8 (0x5616a093) x 1 0x00000001
core   0: 0x800091dc (0x6e5cc913) xori    s2, s9, 1765
core   0: 3 0x800091dc (0x6e5cc913) x18 0x000006e4
core   0: 0x800091e0 (0x02263cb3) mulhu   s9, a2, sp
core   0: 3 0x800091e0 (0x02263cb3) x25 0x00000000
core   0: 0x800091e4 (0xe84c2113) slti    sp, s8, -380
core   0: 3 0x800091e4 (0xe84c2113) x 2 0x00000000
core   0: 0x800091e8 (0x01ac1293) slli    t0, s8, 26
core   0: 3 0x800091e8 (0x01ac1293) x 5 0x00000000
core   0: 0x800091ec (0x039ba8b3) mulhsu  a7, s7, s9
core   0: 3 0x800091ec (0x039ba8b3) x17 0x00000000
core   0: 0x800091f0 (0x03faaa33) mulhsu  s4, s5, t6
core   0: 3 0x800091f0 (0x03faaa33) x20 0x00000000
core   0: 0x800091f4 (0x025da6b3) mulhsu  a3, s11, t0
core   0: 3 0x800091f4 (0x025da6b3) x13 0x00000000
core   0: 0x800091f8 (0x6fc9e893) ori     a7, s3, 1788
core   0: 3 0x800091f8 (0x6fc9e893) x17 0x000006ff
core   0: 0x800091fc (0x031a9033) mulh    zero, s5, a7
core   0: 3 0x800091fc (0x031a9033)
core   0: 0x80009200 (0x01754233) xor     tp, a0, s7
core   0: 3 0x80009200 (0x01754233) x 4 0x000003d1
core   0: 0x80009204 (0x414e5f93) srai    t6, t3, 20
core   0: 3 0x80009204 (0x414e5f93) x31 0xfffffff0
core   0: 0x80009208 (0x029c1533) mulh    a0, s8, s1
core   0: 3 0x80009208 (0x029c1533) x10 0x00000000
core   0: 0x8000920c (0x3e882a93) slti    s5, a6, 1000
core   0: 3 0x8000920c (0x3e882a93) x21 0x00000001
core   0: 0x80009210 (0x03d34ab3) div     s5, t1, t4
core   0: 3 0x80009210 (0x03d34ab3) x21 0x40000000
core   0: 0x80009214 (0xb4cc6593) ori     a1, s8, -1204
core   0: 3 0x80009214 (0xb4cc6593) x11 0xfffffb4c
core   0: 0x80009218 (0x014277b3) and     a5, tp, s4
core   0: 3 0x80009218 (0x014277b3) x15 0x00000000
core   0: 0x8000921c (0x41ab53b3) sra     t2, s6, s10
core   0: 3 0x8000921c (0x41ab53b3) x 7 0x00000000
core   0: 0x80009220 (0x02597a33) remu    s4, s2, t0
core   0: 3 0x80009220 (0x02597a33) x20 0x000006e4
core   0: 0x80009224 (0x017864b3) or      s1, a6, s7
core   0: 3 0x80009224 (0x017864b3) x 9 0x80014f7f
core   0: 0x80009228 (0x009dc033) xor     zero, s11, s1
core   0: 3 0x80009228 (0x009dc033)
core   0: 0x8000922c (0x02df62b3) rem     t0, t5, a3
core   0: 3 0x8000922c (0x02df62b3) x 5 0x0000031b
core   0: 0x80009230 (0x80a4ac93) slti    s9, s1, -2038
core   0: 3 0x80009230 (0x80a4ac93) x25 0x00000001
core   0: 0x80009234 (0x4144d693) srai    a3, s1, 20
core   0: 3 0x80009234 (0x4144d693) x13 0xfffff800
core   0: 0x80009238 (0x00e863b3) or      t2, a6, a4
core   0: 3 0x80009238 (0x00e863b3) x 7 0x80f37fef
core   0: 0x8000923c (0x25c47e93) andi    t4, s0, 604
core   0: 3 0x8000923c (0x25c47e93) x29 0x00000000
core   0: 0x80009240 (0xc041ee13) ori     t3, gp, -1020
core   0: 3 0x80009240 (0xc041ee13) x28 0xfffffc04
core   0: 0x80009244 (0x410e5a13) srai    s4, t3, 16
core   0: 3 0x80009244 (0x410e5a13) x20 0xffffffff
core   0: 0x80009248 (0x036272b3) remu    t0, tp, s6
core   0: 3 0x80009248 (0x036272b3) x 5 0x000003d1
core   0: 0x8000924c (0x014d42b3) xor     t0, s10, s4
core   0: 3 0x8000924c (0x014d42b3) x 5 0xfffffce1
core   0: 0x80009250 (0x00bcab33) slt     s6, s9, a1
core   0: 3 0x80009250 (0x00bcab33) x22 0x00000000
core   0: 0x80009254 (0x03bed8b3) divu    a7, t4, s11
core   0: 3 0x80009254 (0x03bed8b3) x17 0x00000000
core   0: 0x80009258 (0x41335793) srai    a5, t1, 19
core   0: 3 0x80009258 (0x41335793) x15 0xfffff800
core   0: 0x8000925c (0x010adcb3) srl     s9, s5, a6
core   0: 3 0x8000925c (0x010adcb3) x25 0x04000000
core   0: 0x80009260 (0xa7ac6017) auipc   zero, 0xa7ac6
core   0: 3 0x80009260 (0xa7ac6017)
core   0: 0x80009264 (0x0283ba33) mulhu   s4, t2, s0
core   0: 3 0x80009264 (0x0283ba33) x20 0x00000000
core   0: 0x80009268 (0x41e0dc33) sra     s8, ra, t5
core   0: 3 0x80009268 (0x41e0dc33) x24 0x00000000
core   0: 0x8000926c (0x008781b3) add     gp, a5, s0
core   0: 3 0x8000926c (0x008781b3) x 3 0xfffff800
core   0: 0x80009270 (0x410fd5b3) sra     a1, t6, a6
core   0: 3 0x80009270 (0x410fd5b3) x11 0xffffffff
core   0: 0x80009274 (0x029b4fb3) div     t6, s6, s1
core   0: 3 0x80009274 (0x029b4fb3) x31 0x00000000
core   0: 0x80009278 (0x00f20d33) add     s10, tp, a5
core   0: 3 0x80009278 (0x00f20d33) x26 0xfffffbd1
core   0: 0x8000927c (0xfd272a13) slti    s4, a4, -46
core   0: 3 0x8000927c (0xfd272a13) x20 0x00000000
core   0: 0x80009280 (0x4131de13) srai    t3, gp, 19
core   0: 3 0x80009280 (0x4131de13) x28 0xffffffff
core   0: 0x80009284 (0x5017ba93) sltiu   s5, a5, 1281
core   0: 3 0x80009284 (0x5017ba93) x21 0x00000000
core   0: 0x80009288 (0x010ca133) slt     sp, s9, a6
core   0: 3 0x80009288 (0x010ca133) x 2 0x00000000
core   0: 0x8000928c (0x857fdbb7) lui     s7, 0x857fd
core   0: 3 0x8000928c (0x857fdbb7) x23 0x857fd000
core   0: 0x80009290 (0x00000013) nop
core   0: 3 0x80009290 (0x00000013)
core   0: 0x80009294 (0x40805d13) srai    s10, zero, 8
core   0: 3 0x80009294 (0x40805d13) x26 0x00000000
core   0: 0x80009298 (0x01f816b3) sll     a3, a6, t6
core   0: 3 0x80009298 (0x01f816b3) x13 0x80014e64
core   0: 0x8000929c (0x011b9e13) slli    t3, s7, 17
core   0: 3 0x8000929c (0x011b9e13) x28 0xa0000000
core   0: 0x800092a0 (0x2d23ee13) ori     t3, t2, 722
core   0: 3 0x800092a0 (0x2d23ee13) x28 0x80f37fff
core   0: 0x800092a4 (0x59a38393) addi    t2, t2, 1434
core   0: 3 0x800092a4 (0x59a38393) x 7 0x80f38589
core   0: 0x800092a8 (0x022a0eb3) mul     t4, s4, sp
core   0: 3 0x800092a8 (0x022a0eb3) x29 0x00000000
core   0: 0x800092ac (0x012312b3) sll     t0, t1, s2
core   0: 3 0x800092ac (0x012312b3) x 5 0x00000000
core   0: 0x800092b0 (0x0dfc8113) addi    sp, s9, 223
core   0: 3 0x800092b0 (0x0dfc8113) x 2 0x040000df
core   0: 0x800092b4 (0x0e337e13) andi    t3, t1, 227
core   0: 3 0x800092b4 (0x0e337e13) x28 0x00000000
core   0: 0x800092b8 (0x002397b3) sll     a5, t2, sp
core   0: 3 0x800092b8 (0x002397b3) x15 0x80000000
core   0: 0x800092bc (0x4088d113) srai    sp, a7, 8
core   0: 3 0x800092bc (0x4088d113) x 2 0x00000000
core   0: 0x800092c0 (0x0128da93) srli    s5, a7, 18
core   0: 3 0x800092c0 (0x0128da93) x21 0x00000000
core   0: 0x800092c4 (0xb45df093) andi    ra, s11, -1211
core   0: 3 0x800092c4 (0xb45df093) x 1 0x80018844
core   0: 0x800092c8 (0x0235e3b3) rem     t2, a1, gp
core   0: 3 0x800092c8 (0x0235e3b3) x 7 0xffffffff
core   0: 0x800092cc (0x01b86933) or      s2, a6, s11
core   0: 3 0x800092cc (0x01b86933) x18 0x8001cee4
core   0: 0x800092d0 (0x0171e633) or      a2, gp, s7
core   0: 3 0x800092d0 (0x0171e633) x12 0xfffff800
core   0: 0x800092d4 (0x02641733) mulh    a4, s0, t1
core   0: 3 0x800092d4 (0x02641733) x14 0x00000000
core   0: 0x800092d8 (0x00000013) nop
core   0: 3 0x800092d8 (0x00000013)
core   0: 0x800092dc (0x02495033) divu    zero, s2, tp
core   0: 3 0x800092dc (0x02495033)
core   0: 0x800092e0 (0x03c71eb3) mulh    t4, a4, t3
core   0: 3 0x800092e0 (0x03c71eb3) x29 0x00000000
core   0: 0x800092e4 (0x01f046b3) xor     a3, zero, t6
core   0: 3 0x800092e4 (0x01f046b3) x13 0x00000000
core   0: 0x800092e8 (0x03febe33) mulhu   t3, t4, t6
core   0: 3 0x800092e8 (0x03febe33) x28 0x00000000
core   0: 0x800092ec (0x41de5a33) sra     s4, t3, t4
core   0: 3 0x800092ec (0x41de5a33) x20 0x00000000
core   0: 0x800092f0 (0x02fd3333) mulhu   t1, s10, a5
core   0: 3 0x800092f0 (0x02fd3333) x 6 0x00000000
core   0: 0x800092f4 (0x03796333) rem     t1, s2, s7
core   0: 3 0x800092f4 (0x03796333) x 6 0xfa81fee4
core   0: 0x800092f8 (0x024c7fb3) remu    t6, s8, tp
core   0: 3 0x800092f8 (0x024c7fb3) x31 0x00000000
core   0: 0x800092fc (0x01c2a2b3) slt     t0, t0, t3
core   0: 3 0x800092fc (0x01c2a2b3) x 5 0x00000000
core   0: 0x80009300 (0x8397b197) auipc   gp, 0x8397b
core   0: 3 0x80009300 (0x8397b197) x 3 0x03984300
core   0: 0x80009304 (0xa4b7c113) xori    sp, a5, -1461
core   0: 3 0x80009304 (0xa4b7c113) x 2 0x7ffffa4b
core   0: 0x80009308 (0xe55f4c13) xori    s8, t5, -427
core   0: 3 0x80009308 (0xe55f4c13) x24 0xfffffd4e
core   0: 0x8000930c (0x01469413) slli    s0, a3, 20
core   0: 3 0x8000930c (0x01469413) x 8 0x00000000
core   0: 0x80009310 (0x0314d1b3) divu    gp, s1, a7
core   0: 3 0x80009310 (0x0314d1b3) x 3 0xffffffff
core   0: 0x80009314 (0x972e0913) addi    s2, t3, -1678
core   0: 3 0x80009314 (0x972e0913) x18 0xfffff972
core   0: 0x80009318 (0x03178933) mul     s2, a5, a7
core   0: 3 0x80009318 (0x03178933) x18 0x00000000
core   0: 0x8000931c (0x93ff6393) ori     t2, t5, -1729
core   0: 3 0x8000931c (0x93ff6393) x 7 0xfffffb3f
core   0: 0x80009320 (0x6f9fff13) andi    t5, t6, 1785
core   0: 3 0x80009320 (0x6f9fff13) x30 0x00000000
core   0: 0x80009324 (0x01bcd013) srli    zero, s9, 27
core   0: 3 0x80009324 (0x01bcd013)
core   0: 0x80009328 (0x020cbbb3) mulhu   s7, s9, zero
core   0: 3 0x80009328 (0x020cbbb3) x23 0x00000000
core   0: 0x8000932c (0x02aa3a33) mulhu   s4, s4, a0
core   0: 3 0x8000932c (0x02aa3a33) x20 0x00000000
core   0: 0x80009330 (0x00000013) nop
core   0: 3 0x80009330 (0x00000013)
core   0: 0x80009334 (0x02e75633) divu    a2, a4, a4
core   0: 3 0x80009334 (0x02e75633) x12 0xffffffff
core   0: 0x80009338 (0x00401933) sll     s2, zero, tp
core   0: 3 0x80009338 (0x00401933) x18 0x00000000
core   0: 0x8000933c (0x780f7093) andi    ra, t5, 1920
core   0: 3 0x8000933c (0x780f7093) x 1 0x00000000
core   0: 0x80009340 (0x021f5233) divu    tp, t5, ra
core   0: 3 0x80009340 (0x021f5233) x 4 0xffffffff
core   0: 0x80009344 (0x1f54f793) andi    a5, s1, 501
core   0: 3 0x80009344 (0x1f54f793) x15 0x00000175
core   0: 0x80009348 (0x03614eb3) div     t4, sp, s6
core   0: 3 0x80009348 (0x03614eb3) x29 0xffffffff
core   0: 0x8000934c (0x035217b3) mulh    a5, tp, s5
core   0: 3 0x8000934c (0x035217b3) x15 0x00000000
core   0: 0x80009350 (0x00cd18b3) sll     a7, s10, a2
core   0: 3 0x80009350 (0x00cd18b3) x17 0x00000000
core   0: 0x80009354 (0x02590c33) mul     s8, s2, t0
core   0: 3 0x80009354 (0x02590c33) x24 0x00000000
core   0: 0x80009358 (0x010e18b3) sll     a7, t3, a6
core   0: 3 0x80009358 (0x010e18b3) x17 0x00000000
core   0: 0x8000935c (0x00dbebb3) or      s7, s7, a3
core   0: 3 0x8000935c (0x00dbebb3) x23 0x00000000
core   0: 0x80009360 (0x0248dd33) divu    s10, a7, tp
core   0: 3 0x80009360 (0x0248dd33) x26 0x00000000
core   0: 0x80009364 (0xd2e76013) ori     zero, a4, -722
core   0: 3 0x80009364 (0xd2e76013)
core   0: 0x80009368 (0x00d0f133) and     sp, ra, a3
core   0: 3 0x80009368 (0x00d0f133) x 2 0x00000000
core   0: 0x8000936c (0x00c57633) and     a2, a0, a2
core   0: 3 0x8000936c (0x00c57633) x12 0x00000000
core   0: 0x80009370 (0x00000013) nop
core   0: 3 0x80009370 (0x00000013)
core   0: 0x80009374 (0x3d728793) addi    a5, t0, 983
core   0: 3 0x80009374 (0x3d728793) x15 0x000003d7
core   0: 0x80009378 (0xe7dd7013) andi    zero, s10, -387
core   0: 3 0x80009378 (0xe7dd7013)
core   0: 0x8000937c (0x01105f33) srl     t5, zero, a7
core   0: 3 0x8000937c (0x01105f33) x30 0x00000000
core   0: 0x80009380 (0x015ade93) srli    t4, s5, 21
core   0: 3 0x80009380 (0x015ade93) x29 0x00000000
core   0: 0x80009384 (0x4059df13) srai    t5, s3, 5
core   0: 3 0x80009384 (0x4059df13) x30 0x00000000
core   0: 0x80009388 (0x01b1df13) srli    t5, gp, 27
core   0: 3 0x80009388 (0x01b1df13) x30 0x0000001f
core   0: 0x8000938c (0x25b56313) ori     t1, a0, 603
core   0: 3 0x8000938c (0x25b56313) x 6 0x0000025b
core   0: 0x80009390 (0x44947f13) andi    t5, s0, 1097
core   0: 3 0x80009390 (0x44947f13) x30 0x00000000
core   0: 0x80009394 (0x7ce18fb7) lui     t6, 0x7ce18
core   0: 3 0x80009394 (0x7ce18fb7) x31 0x7ce18000
core   0: 0x80009398 (0x409ed033) sra     zero, t4, s1
core   0: 3 0x80009398 (0x409ed033)
core   0: 0x8000939c (0x031a8133) mul     sp, s5, a7
core   0: 3 0x8000939c (0x031a8133) x 2 0x00000000
core   0: 0x800093a0 (0x03331ab3) mulh    s5, t1, s3
core   0: 3 0x800093a0 (0x03331ab3) x21 0x00000000
core   0: 0x800093a4 (0x00c04533) xor     a0, zero, a2
core   0: 3 0x800093a4 (0x00c04533) x10 0x00000000
core   0: 0x800093a8 (0x0299f4b3) remu    s1, s3, s1
core   0: 3 0x800093a8 (0x0299f4b3) x 9 0x0000000b
core   0: 0x800093ac (0x007037b3) snez    a5, t2
core   0: 3 0x800093ac (0x007037b3) x15 0x00000001
core   0: 0x800093b0 (0x01872a33) slt     s4, a4, s8
core   0: 3 0x800093b0 (0x01872a33) x20 0x00000000
core   0: 0x800093b4 (0x01322d33) slt     s10, tp, s3
core   0: 3 0x800093b4 (0x01322d33) x26 0x00000001
core   0: 0x800093b8 (0xa1b83697) auipc   a3, 0xa1b83
core   0: 3 0x800093b8 (0xa1b83697) x13 0x21b8c3b8
core   0: 0x800093bc (0xf4b66e93) ori     t4, a2, -181
core   0: 3 0x800093bc (0xf4b66e93) x29 0xffffff4b
core   0: 0x800093c0 (0x03085f33) divu    t5, a6, a6
core   0: 3 0x800093c0 (0x03085f33) x30 0x00000001
core   0: 0x800093c4 (0x01bdcf33) xor     t5, s11, s11
core   0: 3 0x800093c4 (0x01bdcf33) x30 0x00000000
core   0: 0x800093c8 (0x009c2733) slt     a4, s8, s1
core   0: 3 0x800093c8 (0x009c2733) x14 0x00000001
core   0: 0x800093cc (0x9c91fe93) andi    t4, gp, -1591
core   0: 3 0x800093cc (0x9c91fe93) x29 0xfffff9c9
core   0: 0x800093d0 (0x030e4bb3) div     s7, t3, a6
core   0: 3 0x800093d0 (0x030e4bb3) x23 0x00000000
core   0: 0x800093d4 (0x00000013) nop
core   0: 3 0x800093d4 (0x00000013)
core   0: 0x800093d8 (0x41370cb3) sub     s9, a4, s3
core   0: 3 0x800093d8 (0x41370cb3) x25 0xfffffff6
core   0: 0x800093dc (0x00a642b3) xor     t0, a2, a0
core   0: 3 0x800093dc (0x00a642b3) x 5 0x00000000
core   0: 0x800093e0 (0x017c95b3) sll     a1, s9, s7
core   0: 3 0x800093e0 (0x017c95b3) x11 0xfffffff6
core   0: 0x800093e4 (0x00dab2b3) sltu    t0, s5, a3
core   0: 3 0x800093e4 (0x00dab2b3) x 5 0x00000001
core   0: 0x800093e8 (0x4154dc13) srai    s8, s1, 21
core   0: 3 0x800093e8 (0x4154dc13) x24 0x00000000
core   0: 0x800093ec (0x022590b3) mulh    ra, a1, sp
core   0: 3 0x800093ec (0x022590b3) x 1 0x00000000
core   0: 0x800093f0 (0x000c1c93) slli    s9, s8, 0
core   0: 3 0x800093f0 (0x000c1c93) x25 0x00000000
core   0: 0x800093f4 (0x00b01ab3) sll     s5, zero, a1
core   0: 3 0x800093f4 (0x00b01ab3) x21 0x00000000
core   0: 0x800093f8 (0x01ad9f93) slli    t6, s11, 26
core   0: 3 0x800093f8 (0x01ad9f93) x31 0x90000000
core   0: 0x800093fc (0x02e9aeb3) mulhsu  t4, s3, a4
core   0: 3 0x800093fc (0x02e9aeb3) x29 0x00000000
core   0: 0x80009400 (0x0fa17c93) andi    s9, sp, 250
core   0: 3 0x80009400 (0x0fa17c93) x25 0x00000000
core   0: 0x80009404 (0x41645113) srai    sp, s0, 22
core   0: 3 0x80009404 (0x41645113) x 2 0x00000000
core   0: 0x80009408 (0x40fc5893) srai    a7, s8, 15
core   0: 3 0x80009408 (0x40fc5893) x17 0x00000000
core   0: 0x8000940c (0x034c3cb3) mulhu   s9, s8, s4
core   0: 3 0x8000940c (0x034c3cb3) x25 0x00000000
core   0: 0x80009410 (0x0144d733) srl     a4, s1, s4
core   0: 3 0x80009410 (0x0144d733) x14 0x0000000b
core   0: 0x80009414 (0xc848ad37) lui     s10, 0xc848a
core   0: 3 0x80009414 (0xc848ad37) x26 0xc848a000
core   0: 0x80009418 (0x0ebe6293) ori     t0, t3, 235
core   0: 3 0x80009418 (0x0ebe6293) x 5 0x000000eb
core   0: 0x8000941c (0x00000013) nop
core   0: 3 0x8000941c (0x00000013)
core   0: 0x80009420 (0x02e0c8b3) div     a7, ra, a4
core   0: 3 0x80009420 (0x02e0c8b3) x17 0x00000000
core   0: 0x80009424 (0x3c32c693) xori    a3, t0, 963
core   0: 3 0x80009424 (0x3c32c693) x13 0x00000328
core   0: 0x80009428 (0x02546633) rem     a2, s0, t0
core   0: 3 0x80009428 (0x02546633) x12 0x00000000
core   0: 0x8000942c (0x01db1393) slli    t2, s6, 29
core   0: 3 0x8000942c (0x01db1393) x 7 0x00000000
core   0: 0x80009430 (0x0105dd13) srli    s10, a1, 16
core   0: 3 0x80009430 (0x0105dd13) x26 0x0000ffff
core   0: 0x80009434 (0x00a85913) srli    s2, a6, 10
core   0: 3 0x80009434 (0x00a85913) x18 0x00200053
core   0: 0x80009438 (0x033e8e33) mul     t3, t4, s3
core   0: 3 0x80009438 (0x033e8e33) x28 0x00000000
core   0: 0x8000943c (0x030fc333) div     t1, t6, a6
core   0: 3 0x8000943c (0x030fc333) x 6 0x00000000
core   0: 0x80009440 (0x01b8e033) or      zero, a7, s11
core   0: 3 0x80009440 (0x01b8e033)
core   0: 0x80009444 (0x030fb433) mulhu   s0, t6, a6
core   0: 3 0x80009444 (0x030fb433) x 8 0x4800bc18
core   0: 0x80009448 (0x015a71b3) and     gp, s4, s5
core   0: 3 0x80009448 (0x015a71b3) x 3 0x00000000
core   0: 0x8000944c (0x03c14c33) div     s8, sp, t3
core   0: 3 0x8000944c (0x03c14c33) x24 0xffffffff
core   0: 0x80009450 (0x02cfbb33) mulhu   s6, t6, a2
core   0: 3 0x80009450 (0x02cfbb33) x22 0x00000000
core   0: 0x80009454 (0x030c5a33) divu    s4, s8, a6
core   0: 3 0x80009454 (0x030c5a33) x20 0x00000001
core   0: 0x80009458 (0x41d0d493) srai    s1, ra, 29
core   0: 3 0x80009458 (0x41d0d493) x 9 0x00000000
core   0: 0x8000945c (0x03ae25b3) mulhsu  a1, t3, s10
core   0: 3 0x8000945c (0x03ae25b3) x11 0x00000000
core   0: 0x80009460 (0x035ecb33) div     s6, t4, s5
core   0: 3 0x80009460 (0x035ecb33) x22 0xffffffff
core   0: 0x80009464 (0x010d3933) sltu    s2, s10, a6
core   0: 3 0x80009464 (0x010d3933) x18 0x00000001
core   0: 0x80009468 (0x001c0733) add     a4, s8, ra
core   0: 3 0x80009468 (0x001c0733) x14 0xffffffff
core   0: 0x8000946c (0x40b505b3) sub     a1, a0, a1
core   0: 3 0x8000946c (0x40b505b3) x11 0x00000000
core   0: 0x80009470 (0x002dca33) xor     s4, s11, sp
core   0: 3 0x80009470 (0x002dca33) x20 0x80018ce4
core   0: 0x80009474 (0x035ac2b3) div     t0, s5, s5
core   0: 3 0x80009474 (0x035ac2b3) x 5 0xffffffff
core   0: 0x80009478 (0x416c58b3) sra     a7, s8, s6
core   0: 3 0x80009478 (0x416c58b3) x17 0xffffffff
core   0: 0x8000947c (0x02dab133) mulhu   sp, s5, a3
core   0: 3 0x8000947c (0x02dab133) x 2 0x00000000
core   0: 0x80009480 (0x40c0d7b3) sra     a5, ra, a2
core   0: 3 0x80009480 (0x40c0d7b3) x15 0x00000000
core   0: 0x80009484 (0x003d4fb3) xor     t6, s10, gp
core   0: 3 0x80009484 (0x003d4fb3) x31 0x0000ffff
core   0: 0x80009488 (0x024a0d33) mul     s10, s4, tp
core   0: 3 0x80009488 (0x024a0d33) x26 0x7ffe731c
core   0: 0x8000948c (0x03bb9033) mulh    zero, s7, s11
core   0: 3 0x8000948c (0x03bb9033)
core   0: 0x80009490 (0x00f561b3) or      gp, a0, a5
core   0: 3 0x80009490 (0x00f561b3) x 3 0x00000000
core   0: 0x80009494 (0x01f6d613) srli    a2, a3, 31
core   0: 3 0x80009494 (0x01f6d613) x12 0x00000000
core   0: 0x80009498 (0x40085133) sra     sp, a6, zero
core   0: 3 0x80009498 (0x40085133) x 2 0x80014e64
core   0: 0x8000949c (0x00d46933) or      s2, s0, a3
core   0: 3 0x8000949c (0x00d46933) x18 0x4800bf38
core   0: 0x800094a0 (0x9f9efa93) andi    s5, t4, -1543
core   0: 3 0x800094a0 (0x9f9efa93) x21 0x00000000
core   0: 0x800094a4 (0x93b5f793) andi    a5, a1, -1733
core   0: 3 0x800094a4 (0x93b5f793) x15 0x00000000
core   0: 0x800094a8 (0x7fef5637) lui     a2, 0x7fef5
core   0: 3 0x800094a8 (0x7fef5637) x12 0x7fef5000
core   0: 0x800094ac (0x00000013) nop
core   0: 3 0x800094ac (0x00000013)
core   0: 0x800094b0 (0x00b8bab3) sltu    s5, a7, a1
core   0: 3 0x800094b0 (0x00b8bab3) x21 0x00000000
core   0: 0x800094b4 (0x007693b3) sll     t2, a3, t2
core   0: 3 0x800094b4 (0x007693b3) x 7 0x00000328
core   0: 0x800094b8 (0xdb8a7a13) andi    s4, s4, -584
core   0: 3 0x800094b8 (0xdb8a7a13) x20 0x80018ca0
core   0: 0x800094bc (0xc4087897) auipc   a7, 0xc4087
core   0: 3 0x800094bc (0xc4087897) x17 0x440904bc
core   0: 0x800094c0 (0x0220c333) div     t1, ra, sp
core   0: 3 0x800094c0 (0x0220c333) x 6 0x00000000
core   0: 0x800094c4 (0xcab13313) sltiu   t1, sp, -853
core   0: 3 0x800094c4 (0xcab13313) x 6 0x00000001
core   0: 0x800094c8 (0x01163d33) sltu    s10, a2, a7
core   0: 3 0x800094c8 (0x01163d33) x26 0x00000000
core   0: 0x800094cc (0x02f03233) mulhu   tp, zero, a5
core   0: 3 0x800094cc (0x02f03233) x 4 0x00000000
core   0: 0x800094d0 (0x41125233) sra     tp, tp, a7
core   0: 3 0x800094d0 (0x41125233) x 4 0x00000000
core   0: 0x800094d4 (0x015348b3) xor     a7, t1, s5
core   0: 3 0x800094d4 (0x015348b3) x17 0x00000001
core   0: 0x800094d8 (0x01a153b3) srl     t2, sp, s10
core   0: 3 0x800094d8 (0x01a153b3) x 7 0x80014e64
core   0: 0x800094dc (0x01fe2a33) slt     s4, t3, t6
core   0: 3 0x800094dc (0x01fe2a33) x20 0x00000001
core   0: 0x800094e0 (0x05a38013) addi    zero, t2, 90
core   0: 3 0x800094e0 (0x05a38013)
core   0: 0x800094e4 (0x1ad06f93) ori     t6, zero, 429
core   0: 3 0x800094e4 (0x1ad06f93) x31 0x000001ad
core   0: 0x800094e8 (0x03077b33) remu    s6, a4, a6
core   0: 3 0x800094e8 (0x03077b33) x22 0x7ffeb19b
core   0: 0x800094ec (0x41ec53b3) sra     t2, s8, t5
core   0: 3 0x800094ec (0x41ec53b3) x 7 0xffffffff
core   0: 0x800094f0 (0x41dc8cb3) sub     s9, s9, t4
core   0: 3 0x800094f0 (0x41dc8cb3) x25 0x00000000
core   0: 0x800094f4 (0x002eb3b3) sltu    t2, t4, sp
core   0: 3 0x800094f4 (0x002eb3b3) x 7 0x00000001
core   0: 0x800094f8 (0x032786b3) mul     a3, a5, s2
core   0: 3 0x800094f8 (0x032786b3) x13 0x00000000
core   0: 0x800094fc (0x00688c33) add     s8, a7, t1
core   0: 3 0x800094fc (0x00688c33) x24 0x00000002
core   0: 0x80009500 (0x02c63433) mulhu   s0, a2, a2
core   0: 3 0x80009500 (0x02c63433) x 8 0x3fef5116
core   0: 0x80009504 (0x02ac8ab3) mul     s5, s9, a0
core   0: 3 0x80009504 (0x02ac8ab3) x21 0x00000000
core   0: 0x80009508 (0x6e559497) auipc   s1, 0x6e559
core   0: 3 0x80009508 (0x6e559497) x 9 0xee562508
core   0: 0x8000950c (0x01a10c33) add     s8, sp, s10
core   0: 3 0x8000950c (0x01a10c33) x24 0x80014e64
core   0: 0x80009510 (0x02a537b3) mulhu   a5, a0, a0
core   0: 3 0x80009510 (0x02a537b3) x15 0x00000000
core   0: 0x80009514 (0x005874b3) and     s1, a6, t0
core   0: 3 0x80009514 (0x005874b3) x 9 0x80014e64
core   0: 0x80009518 (0x031fefb3) rem     t6, t6, a7
core   0: 3 0x80009518 (0x031fefb3) x31 0x00000000
core   0: 0x8000951c (0x01b39193) slli    gp, t2, 27
core   0: 3 0x8000951c (0x01b39193) x 3 0x08000000
core   0: 0x80009520 (0xcfd1e713) ori     a4, gp, -771
core   0: 3 0x80009520 (0xcfd1e713) x14 0xfffffcfd
core   0: 0x80009524 (0x02e15cb3) divu    s9, sp, a4
core   0: 3 0x80009524 (0x02e15cb3) x25 0x00000000
core   0: 0x80009528 (0x02d61233) mulh    tp, a2, a3
core   0: 3 0x80009528 (0x02d61233) x 4 0x00000000
core   0: 0x8000952c (0x01bed433) srl     s0, t4, s11
core   0: 3 0x8000952c (0x01bed433) x 8 0x00000000
core   0: 0x80009530 (0xf9837d17) auipc   s10, 0xf9837
core   0: 3 0x80009530 (0xf9837d17) x26 0x79840530
core   0: 0x80009534 (0x798d44b7) lui     s1, 0x798d4
core   0: 3 0x80009534 (0x798d44b7) x 9 0x798d4000
core   0: 0x80009538 (0x01ff6233) or      tp, t5, t6
core   0: 3 0x80009538 (0x01ff6233) x 4 0x00000000
core   0: 0x8000953c (0x036f3133) mulhu   sp, t5, s6
core   0: 3 0x8000953c (0x036f3133) x 2 0x00000000
core   0: 0x80009540 (0x02c13f33) mulhu   t5, sp, a2
core   0: 3 0x80009540 (0x02c13f33) x30 0x00000000
core   0: 0x80009544 (0x41bad913) srai    s2, s5, 27
core   0: 3 0x80009544 (0x41bad913) x18 0x00000000
core   0: 0x80009548 (0x03416e33) rem     t3, sp, s4
core   0: 3 0x80009548 (0x03416e33) x28 0x00000000
core   0: 0x8000954c (0x000fd933) srl     s2, t6, zero
core   0: 3 0x8000954c (0x000fd933) x18 0x00000000
core   0: 0x80009550 (0x00000013) nop
core   0: 3 0x80009550 (0x00000013)
core   0: 0x80009554 (0x00289333) sll     t1, a7, sp
core   0: 3 0x80009554 (0x00289333) x 6 0x00000001
core   0: 0x80009558 (0x57591597) auipc   a1, 0x57591
core   0: 3 0x80009558 (0x57591597) x11 0xd759a558
core   0: 0x8000955c (0x47f50a97) auipc   s5, 0x47f50
core   0: 3 0x8000955c (0x47f50a97) x21 0xc7f5955c
core   0: 0x80009560 (0x1a86f693) andi    a3, a3, 424
core   0: 3 0x80009560 (0x1a86f693) x13 0x00000000
core   0: 0x80009564 (0x0038ad33) slt     s10, a7, gp
core   0: 3 0x80009564 (0x0038ad33) x26 0x00000001
core   0: 0x80009568 (0x40618d33) sub     s10, gp, t1
core   0: 3 0x80009568 (0x40618d33) x26 0x07ffffff
core   0: 0x8000956c (0x1b653193) sltiu   gp, a0, 438
core   0: 3 0x8000956c (0x1b653193) x 3 0x00000001
core   0: 0x80009570 (0x02d9df33) divu    t5, s3, a3
core   0: 3 0x80009570 (0x02d9df33) x30 0xffffffff
core   0: 0x80009574 (0x7abce913) ori     s2, s9, 1963
core   0: 3 0x80009574 (0x7abce913) x18 0x000007ab
core   0: 0x80009578 (0x00265033) srl     zero, a2, sp
core   0: 3 0x80009578 (0x00265033)
core   0: 0x8000957c (0x03e3c333) div     t1, t2, t5
core   0: 3 0x8000957c (0x03e3c333) x 6 0xffffffff
core   0: 0x80009580 (0x033bc033) div     zero, s7, s3
core   0: 3 0x80009580 (0x033bc033)
core   0: 0x80009584 (0x02120333) mul     t1, tp, ra
core   0: 3 0x80009584 (0x02120333) x 6 0x00000000
core   0: 0x80009588 (0x03872433) mulhsu  s0, a4, s8
core   0: 3 0x80009588 (0x03872433) x 8 0xfffffe7e
core   0: 0x8000958c (0xe0317393) andi    t2, sp, -509
core   0: 3 0x8000958c (0xe0317393) x 7 0x00000000
core   0: 0x80009590 (0x6cf1fa93) andi    s5, gp, 1743
core   0: 3 0x80009590 (0x6cf1fa93) x21 0x00000001
core   0: 0x80009594 (0x1f9e8313) addi    t1, t4, 505
core   0: 3 0x80009594 (0x1f9e8313) x 6 0x000001f9
core   0: 0x80009598 (0x3b14a413) slti    s0, s1, 945
core   0: 3 0x80009598 (0x3b14a413) x 8 0x00000000
core   0: 0x8000959c (0x00000013) nop
core   0: 3 0x8000959c (0x00000013)
core   0: 0x800095a0 (0x00395733) srl     a4, s2, gp
core   0: 3 0x800095a0 (0x00395733) x14 0x000003d5
core   0: 0x800095a4 (0x025fab33) mulhsu  s6, t6, t0
core   0: 3 0x800095a4 (0x025fab33) x22 0x00000000
core   0: 0x800095a8 (0x00708e33) add     t3, ra, t2
core   0: 3 0x800095a8 (0x00708e33) x28 0x00000000
core   0: 0x800095ac (0x89baca93) xori    s5, s5, -1893
core   0: 3 0x800095ac (0x89baca93) x21 0xfffff89a
core   0: 0x800095b0 (0x02875b33) divu    s6, a4, s0
core   0: 3 0x800095b0 (0x02875b33) x22 0xffffffff
core   0: 0x800095b4 (0x41920eb3) sub     t4, tp, s9
core   0: 3 0x800095b4 (0x41920eb3) x29 0x00000000
core   0: 0x800095b8 (0x036c3eb3) mulhu   t4, s8, s6
core   0: 3 0x800095b8 (0x036c3eb3) x29 0x80014e63
core   0: 0x800095bc (0x02c0b333) mulhu   t1, ra, a2
core   0: 3 0x800095bc (0x02c0b333) x 6 0x00000000
core   0: 0x800095c0 (0x01da37b3) sltu    a5, s4, t4
core   0: 3 0x800095c0 (0x01da37b3) x15 0x00000001
core   0: 0x800095c4 (0x008502b3) add     t0, a0, s0
core   0: 3 0x800095c4 (0x008502b3) x 5 0x00000000
core   0: 0x800095c8 (0x0293f733) remu    a4, t2, s1
core   0: 3 0x800095c8 (0x0293f733) x14 0x00000000
core   0: 0x800095cc (0x4c2a4713) xori    a4, s4, 1218
core   0: 3 0x800095cc (0x4c2a4713) x14 0x000004c3
core   0: 0x800095d0 (0x006ee8b3) or      a7, t4, t1
core   0: 3 0x800095d0 (0x006ee8b3) x17 0x80014e63
core   0: 0x800095d4 (0x00c41133) sll     sp, s0, a2
core   0: 3 0x800095d4 (0x00c41133) x 2 0x00000000
core   0: 0x800095d8 (0x54f23513) sltiu   a0, tp, 1359
core   0: 3 0x800095d8 (0x54f23513) x10 0x00000001
core   0: 0x800095dc (0x02772d33) mulhsu  s10, a4, t2
core   0: 3 0x800095dc (0x02772d33) x26 0x00000000
core   0: 0x800095e0 (0x00000013) nop
core   0: 3 0x800095e0 (0x00000013)
core   0: 0x800095e4 (0x007bb633) sltu    a2, s7, t2
core   0: 3 0x800095e4 (0x007bb633) x12 0x00000000
core   0: 0x800095e8 (0x014d4333) xor     t1, s10, s4
core   0: 3 0x800095e8 (0x014d4333) x 6 0x00000001
core   0: 0x800095ec (0x72fbac93) slti    s9, s7, 1839
core   0: 3 0x800095ec (0x72fbac93) x25 0x00000001
core   0: 0x800095f0 (0x02125bb3) divu    s7, tp, ra
core   0: 3 0x800095f0 (0x02125bb3) x23 0xffffffff
core   0: 0x800095f4 (0x0178bcb3) sltu    s9, a7, s7
core   0: 3 0x800095f4 (0x0178bcb3) x25 0x00000001
core   0: 0x800095f8 (0x418dda97) auipc   s5, 0x418dd
core   0: 3 0x800095f8 (0x418dda97) x21 0xc18e65f8
core   0: 0x800095fc (0x03db0ab3) mul     s5, s6, t4
core   0: 3 0x800095fc (0x03db0ab3) x21 0x7ffeb19d
core   0: 0x80009600 (0x03842fb3) mulhsu  t6, s0, s8
core   0: 3 0x80009600 (0x03842fb3) x31 0x00000000
core   0: 0x80009604 (0x00000013) nop
core   0: 3 0x80009604 (0x00000013)
core   0: 0x80009608 (0x02394e33) div     t3, s2, gp
core   0: 3 0x80009608 (0x02394e33) x28 0x000007ab
core   0: 0x8000960c (0x01531fb3) sll     t6, t1, s5
core   0: 3 0x8000960c (0x01531fb3) x31 0x20000000
core   0: 0x80009610 (0x01a5ccb3) xor     s9, a1, s10
core   0: 3 0x80009610 (0x01a5ccb3) x25 0xd759a558
core   0: 0x80009614 (0x00830033) add     zero, t1, s0
core   0: 3 0x80009614 (0x00830033)
core   0: 0x80009618 (0xfc084893) xori    a7, a6, -64
core   0: 3 0x80009618 (0xfc084893) x17 0x7ffeb1a4
core   0: 0x8000961c (0xf3fd0193) addi    gp, s10, -193
core   0: 3 0x8000961c (0xf3fd0193) x 3 0xffffff3f
core   0: 0x80009620 (0xdea3cf13) xori    t5, t2, -534
core   0: 3 0x80009620 (0xdea3cf13) x30 0xfffffdea
core   0: 0x80009624 (0x00000013) nop
core   0: 3 0x80009624 (0x00000013)
core   0: 0x80009628 (0x01c35493) srli    s1, t1, 28
core   0: 3 0x80009628 (0x01c35493) x 9 0x00000000
core   0: 0x8000962c (0xaa6e4893) xori    a7, t3, -1370
core   0: 3 0x8000962c (0xaa6e4893) x17 0xfffffd0d
core   0: 0x80009630 (0x00caabb3) slt     s7, s5, a2
core   0: 3 0x80009630 (0x00caabb3) x23 0x00000000
core   0: 0x80009634 (0x03d9a033) mulhsu  zero, s3, t4
core   0: 3 0x80009634 (0x03d9a033)
core   0: 0x80009638 (0x00bb5033) srl     zero, s6, a1
core   0: 3 0x80009638 (0x00bb5033)
core   0: 0x8000963c (0x48b83e93) sltiu   t4, a6, 1163
core   0: 3 0x8000963c (0x48b83e93) x29 0x00000000
core   0: 0x80009640 (0x02ebf133) remu    sp, s7, a4
core   0: 3 0x80009640 (0x02ebf133) x 2 0x00000000
core   0: 0x80009644 (0x008ab4b3) sltu    s1, s5, s0
core   0: 3 0x80009644 (0x008ab4b3) x 9 0x00000000
core   0: 0x80009648 (0x02daee33) rem     t3, s5, a3
core   0: 3 0x80009648 (0x02daee33) x28 0x7ffeb19d
core   0: 0x8000964c (0x00b0d3b3) srl     t2, ra, a1
core   0: 3 0x8000964c (0x00b0d3b3) x 7 0x00000000
core   0: 0x80009650 (0x001b4633) xor     a2, s6, ra
core   0: 3 0x80009650 (0x001b4633) x12 0xffffffff
core   0: 0x80009654 (0x001e4533) xor     a0, t3, ra
core   0: 3 0x80009654 (0x001e4533) x10 0x7ffeb19d
core   0: 0x80009658 (0x0359e933) rem     s2, s3, s5
core   0: 3 0x80009658 (0x0359e933) x18 0x0000000b
core   0: 0x8000965c (0x00b9f3b3) and     t2, s3, a1
core   0: 3 0x8000965c (0x00b9f3b3) x 7 0x00000008
core   0: 0x80009660 (0x0228d0b3) divu    ra, a7, sp
core   0: 3 0x80009660 (0x0228d0b3) x 1 0xffffffff
core   0: 0x80009664 (0x8c0db893) sltiu   a7, s11, -1856
core   0: 3 0x80009664 (0x8c0db893) x17 0x00000001
core   0: 0x80009668 (0x030111b3) mulh    gp, sp, a6
core   0: 3 0x80009668 (0x030111b3) x 3 0x00000000
core   0: 0x8000966c (0x03e6d633) divu    a2, a3, t5
core   0: 3 0x8000966c (0x03e6d633) x12 0x00000000
core   0: 0x80009670 (0xbab7f013) andi    zero, a5, -1109
core   0: 3 0x80009670 (0xbab7f013)
core   0: 0x80009674 (0x5362b593) sltiu   a1, t0, 1334
core   0: 3 0x80009674 (0x5362b593) x11 0x00000001
core   0: 0x80009678 (0xa6c72e13) slti    t3, a4, -1428
core   0: 3 0x80009678 (0xa6c72e13) x28 0x00000000
core   0: 0x8000967c (0x83efce13) xori    t3, t6, -1986
core   0: 3 0x8000967c (0x83efce13) x28 0xdffff83e
core   0: 0x80009680 (0x00d49613) slli    a2, s1, 13
core   0: 3 0x80009680 (0x00d49613) x12 0x00000000
core   0: 0x80009684 (0x010e5633) srl     a2, t3, a6
core   0: 3 0x80009684 (0x010e5633) x12 0x0dffff83
core   0: 0x80009688 (0x0216b7b3) mulhu   a5, a3, ra
core   0: 3 0x80009688 (0x0216b7b3) x15 0x00000000
core   0: 0x8000968c (0x03ee6933) rem     s2, t3, t5
core   0: 3 0x8000968c (0x03ee6933) x18 0xfffffe00
core   0: 0x80009690 (0x02b6cc33) div     s8, a3, a1
core   0: 3 0x80009690 (0x02b6cc33) x24 0x00000000
core   0: 0x80009694 (0x031090b3) mulh    ra, ra, a7
core   0: 3 0x80009694 (0x031090b3) x 1 0xffffffff
core   0: 0x80009698 (0x663fc893) xori    a7, t6, 1635
core   0: 3 0x80009698 (0x663fc893) x17 0x20000663
core   0: 0x8000969c (0x0037d733) srl     a4, a5, gp
core   0: 3 0x8000969c (0x0037d733) x14 0x00000000
core   0: 0x800096a0 (0x00f53033) sltu    zero, a0, a5
core   0: 3 0x800096a0 (0x00f53033)
core   0: 0x800096a4 (0x01fbb1b3) sltu    gp, s7, t6
core   0: 3 0x800096a4 (0x01fbb1b3) x 3 0x00000001
core   0: 0x800096a8 (0x5d782613) slti    a2, a6, 1495
core   0: 3 0x800096a8 (0x5d782613) x12 0x00000001
core   0: 0x800096ac (0x00275f13) srli    t5, a4, 2
core   0: 3 0x800096ac (0x00275f13) x30 0x00000000
core   0: 0x800096b0 (0x02dceab3) rem     s5, s9, a3
core   0: 3 0x800096b0 (0x02dceab3) x21 0xd759a558
core   0: 0x800096b4 (0x039723b3) mulhsu  t2, a4, s9
core   0: 3 0x800096b4 (0x039723b3) x 7 0x00000000
core   0: 0x800096b8 (0xf0d70d13) addi    s10, a4, -243
core   0: 3 0x800096b8 (0xf0d70d13) x26 0xffffff0d
core   0: 0x800096bc (0x00589293) slli    t0, a7, 5
core   0: 3 0x800096bc (0x00589293) x 5 0x0000cc60
core   0: 0x800096c0 (0x4b07e413) ori     s0, a5, 1200
core   0: 3 0x800096c0 (0x4b07e413) x 8 0x000004b0
core   0: 0x800096c4 (0x00e4c6b3) xor     a3, s1, a4
core   0: 3 0x800096c4 (0x00e4c6b3) x13 0x00000000
core   0: 0x800096c8 (0x02db5633) divu    a2, s6, a3
core   0: 3 0x800096c8 (0x02db5633) x12 0xffffffff
core   0: 0x800096cc (0x02038533) mul     a0, t2, zero
core   0: 3 0x800096cc (0x02038533) x10 0x00000000
core   0: 0x800096d0 (0x416387b3) sub     a5, t2, s6
core   0: 3 0x800096d0 (0x416387b3) x15 0x00000001
core   0: 0x800096d4 (0x02633933) mulhu   s2, t1, t1
core   0: 3 0x800096d4 (0x02633933) x18 0x00000000
core   0: 0x800096d8 (0x02a96d33) rem     s10, s2, a0
core   0: 3 0x800096d8 (0x02a96d33) x26 0x00000000
core   0: 0x800096dc (0x030eceb3) div     t4, t4, a6
core   0: 3 0x800096dc (0x030eceb3) x29 0x00000000
core   0: 0x800096e0 (0xc2456193) ori     gp, a0, -988
core   0: 3 0x800096e0 (0xc2456193) x 3 0xfffffc24
core   0: 0x800096e4 (0x02b212b3) mulh    t0, tp, a1
core   0: 3 0x800096e4 (0x02b212b3) x 5 0x00000000
core   0: 0x800096e8 (0x008523b3) slt     t2, a0, s0
core   0: 3 0x800096e8 (0x008523b3) x 7 0x00000001
core   0: 0x800096ec (0x004221b3) slt     gp, tp, tp
core   0: 3 0x800096ec (0x004221b3) x 3 0x00000000
core   0: 0x800096f0 (0x02e4e3b3) rem     t2, s1, a4
core   0: 3 0x800096f0 (0x02e4e3b3) x 7 0x00000000
core   0: 0x800096f4 (0x03a0eeb3) rem     t4, ra, s10
core   0: 3 0x800096f4 (0x03a0eeb3) x29 0xffffffff
core   0: 0x800096f8 (0x02f86c33) rem     s8, a6, a5
core   0: 3 0x800096f8 (0x02f86c33) x24 0x00000000
core   0: 0x800096fc (0x02b45933) divu    s2, s0, a1
core   0: 3 0x800096fc (0x02b45933) x18 0x000004b0
core   0: 0x80009700 (0x41120633) sub     a2, tp, a7
core   0: 3 0x80009700 (0x41120633) x12 0xdffff99d
core   0: 0x80009704 (0x03c97b33) remu    s6, s2, t3
core   0: 3 0x80009704 (0x03c97b33) x22 0x000004b0
core   0: 0x80009708 (0x00a05b13) srli    s6, zero, 10
core   0: 3 0x80009708 (0x00a05b13) x22 0x00000000
core   0: 0x8000970c (0x3fcf0f13) addi    t5, t5, 1020
core   0: 3 0x8000970c (0x3fcf0f13) x30 0x000003fc
core   0: 0x80009710 (0x3937fc93) andi    s9, a5, 915
core   0: 3 0x80009710 (0x3937fc93) x25 0x00000001
core   0: 0x80009714 (0x031928b3) mulhsu  a7, s2, a7
core   0: 3 0x80009714 (0x031928b3) x17 0x00000096
core   0: 0x80009718 (0x3c6d0f93) addi    t6, s10, 966
core   0: 3 0x80009718 (0x3c6d0f93) x31 0x000003c6
core   0: 0x8000971c (0x03541b33) mulh    s6, s0, s5
core   0: 3 0x8000971c (0x03541b33) x22 0xffffff41
core   0: 0x80009720 (0x03b7f633) remu    a2, a5, s11
core   0: 3 0x80009720 (0x03b7f633) x12 0x00000001
core   0: 0x80009724 (0x02f2b233) mulhu   tp, t0, a5
core   0: 3 0x80009724 (0x02f2b233) x 4 0x00000000
core   0: 0x80009728 (0x20a68693) addi    a3, a3, 522
core   0: 3 0x80009728 (0x20a68693) x13 0x0000020a
core   0: 0x8000972c (0x00f59333) sll     t1, a1, a5
core   0: 3 0x8000972c (0x00f59333) x 6 0x00000002
core   0: 0x80009730 (0x01233e33) sltu    t3, t1, s2
core   0: 3 0x80009730 (0x01233e33) x28 0x00000001
core   0: 0x80009734 (0x418cd293) srai    t0, s9, 24
core   0: 3 0x80009734 (0x418cd293) x 5 0x00000000
core   0: 0x80009738 (0xd0f6bf13) sltiu   t5, a3, -753
core   0: 3 0x80009738 (0xd0f6bf13) x30 0x00000001
core   0: 0x8000973c (0x02baf933) remu    s2, s5, a1
core   0: 3 0x8000973c (0x02baf933) x18 0x00000000
core   0: 0x80009740 (0x007af233) and     tp, s5, t2
core   0: 3 0x80009740 (0x007af233) x 4 0x00000000
core   0: 0x80009744 (0x032a9f33) mulh    t5, s5, s2
core   0: 3 0x80009744 (0x032a9f33) x30 0x00000000
core   0: 0x80009748 (0x00000013) nop
core   0: 3 0x80009748 (0x00000013)
core   0: 0x8000974c (0x01b0dcb3) srl     s9, ra, s11
core   0: 3 0x8000974c (0x01b0dcb3) x25 0x0fffffff
core   0: 0x80009750 (0x00000013) nop
core   0: 3 0x80009750 (0x00000013)
core   0: 0x80009754 (0x003c5bb3) srl     s7, s8, gp
core   0: 3 0x80009754 (0x003c5bb3) x23 0x00000000
core   0: 0x80009758 (0x00dc9a93) slli    s5, s9, 13
core   0: 3 0x80009758 (0x00dc9a93) x21 0xffffe000
core   0: 0x8000975c (0x01167d33) and     s10, a2, a7
core   0: 3 0x8000975c (0x01167d33) x26 0x00000000
core   0: 0x80009760 (0x40fbdeb3) sra     t4, s7, a5
core   0: 3 0x80009760 (0x40fbdeb3) x29 0x00000000
core   0: 0x80009764 (0x00693a33) sltu    s4, s2, t1
core   0: 3 0x80009764 (0x00693a33) x20 0x00000001
core   0: 0x80009768 (0x89ad3b93) sltiu   s7, s10, -1894
core   0: 3 0x80009768 (0x89ad3b93) x23 0x00000001
core   0: 0x8000976c (0x01e6d413) srli    s0, a3, 30
core   0: 3 0x8000976c (0x01e6d413) x 8 0x00000000
core   0: 0x80009770 (0x014a9e13) slli    t3, s5, 20
core   0: 3 0x80009770 (0x014a9e13) x28 0x00000000
core   0: 0x80009774 (0x00bf5c93) srli    s9, t5, 11
core   0: 3 0x80009774 (0x00bf5c93) x25 0x00000000
core   0: 0x80009778 (0x401e0f33) sub     t5, t3, ra
core   0: 3 0x80009778 (0x401e0f33) x30 0x00000001
core   0: 0x8000977c (0x0189b8b3) sltu    a7, s3, s8
core   0: 3 0x8000977c (0x0189b8b3) x17 0x00000000
core   0: 0x80009780 (0x00255233) srl     tp, a0, sp
core   0: 3 0x80009780 (0x00255233) x 4 0x00000000
core   0: 0x80009784 (0x00b2ac33) slt     s8, t0, a1
core   0: 3 0x80009784 (0x00b2ac33) x24 0x00000001
core   0: 0x80009788 (0x023da1b3) mulhsu  gp, s11, gp
core   0: 3 0x80009788 (0x023da1b3) x 3 0x00000000
core   0: 0x8000978c (0x865aa893) slti    a7, s5, -1947
core   0: 3 0x8000978c (0x865aa893) x17 0x00000001
core   0: 0x80009790 (0x0033e633) or      a2, t2, gp
core   0: 3 0x80009790 (0x0033e633) x12 0x00000000
core   0: 0x80009794 (0xab6f6d13) ori     s10, t5, -1354
core   0: 3 0x80009794 (0xab6f6d13) x26 0xfffffab7
core   0: 0x80009798 (0x01e47b33) and     s6, s0, t5
core   0: 3 0x80009798 (0x01e47b33) x22 0x00000000
core   0: 0x8000979c (0x00b8cfb3) xor     t6, a7, a1
core   0: 3 0x8000979c (0x00b8cfb3) x31 0x00000000
core   0: 0x800097a0 (0x87640a93) addi    s5, s0, -1930
core   0: 3 0x800097a0 (0x87640a93) x21 0xfffff876
core   0: 0x800097a4 (0x008b9893) slli    a7, s7, 8
core   0: 3 0x800097a4 (0x008b9893) x17 0x00000100
core   0: 0x800097a8 (0x02587033) remu    zero, a6, t0
core   0: 3 0x800097a8 (0x02587033)
core   0: 0x800097ac (0x00000013) nop
core   0: 3 0x800097ac (0x00000013)
core   0: 0x800097b0 (0x00e34e33) xor     t3, t1, a4
core   0: 3 0x800097b0 (0x00e34e33) x28 0x00000002
core   0: 0x800097b4 (0x00de1d13) slli    s10, t3, 13
core   0: 3 0x800097b4 (0x00de1d13) x26 0x00004000
core   0: 0x800097b8 (0x032700b3) mul     ra, a4, s2
core   0: 3 0x800097b8 (0x032700b3) x 1 0x00000000
core   0: 0x800097bc (0x00b2d1b3) srl     gp, t0, a1
core   0: 3 0x800097bc (0x00b2d1b3) x 3 0x00000000
core   0: 0x800097c0 (0x0bf81bb7) lui     s7, 0xbf81
core   0: 3 0x800097c0 (0x0bf81bb7) x23 0x0bf81000
core   0: 0x800097c4 (0x015eb1b3) sltu    gp, t4, s5
core   0: 3 0x800097c4 (0x015eb1b3) x 3 0x00000001
core   0: 0x800097c8 (0x18c19c97) auipc   s9, 0x18c19
core   0: 3 0x800097c8 (0x18c19c97) x25 0x98c227c8
core   0: 0x800097cc (0x523e7013) andi    zero, t3, 1315
core   0: 3 0x800097cc (0x523e7013)
core   0: 0x800097d0 (0x03e60033) mul     zero, a2, t5
core   0: 3 0x800097d0 (0x03e60033)
core   0: 0x800097d4 (0x703fb593) sltiu   a1, t6, 1795
core   0: 3 0x800097d4 (0x703fb593) x11 0x00000001
core   0: 0x800097d8 (0x01937033) and     zero, t1, s9
core   0: 3 0x800097d8 (0x01937033)
core   0: 0x800097dc (0x00455913) srli    s2, a0, 4
core   0: 3 0x800097dc (0x00455913) x18 0x00000000
core   0: 0x800097e0 (0x4c6df597) auipc   a1, 0x4c6df
core   0: 3 0x800097e0 (0x4c6df597) x11 0xcc6e87e0
core   0: 0x800097e4 (0x02915ab3) divu    s5, sp, s1
core   0: 3 0x800097e4 (0x02915ab3) x21 0xffffffff
core   0: 0x800097e8 (0x6a04dab7) lui     s5, 0x6a04d
core   0: 3 0x800097e8 (0x6a04dab7) x21 0x6a04d000
core   0: 0x800097ec (0x00000013) nop
core   0: 3 0x800097ec (0x00000013)
core   0: 0x800097f0 (0x015f9b93) slli    s7, t6, 21
core   0: 3 0x800097f0 (0x015f9b93) x23 0x00000000
core   0: 0x800097f4 (0x00cc9033) sll     zero, s9, a2
core   0: 3 0x800097f4 (0x00cc9033)
core   0: 0x800097f8 (0x00000013) nop
core   0: 3 0x800097f8 (0x00000013)
core   0: 0x800097fc (0xcfa3c917) auipc   s2, 0xcfa3c
core   0: 3 0x800097fc (0xcfa3c917) x18 0x4fa457fc
core   0: 0x80009800 (0x03195e33) divu    t3, s2, a7
core   0: 3 0x80009800 (0x03195e33) x28 0x004fa457
core   0: 0x80009804 (0x034e0cb3) mul     s9, t3, s4
core   0: 3 0x80009804 (0x034e0cb3) x25 0x004fa457
core   0: 0x80009808 (0x7235c693) xori    a3, a1, 1827
core   0: 3 0x80009808 (0x7235c693) x13 0xcc6e80c3
core   0: 0x8000980c (0x01509713) slli    a4, ra, 21
core   0: 3 0x8000980c (0x01509713) x14 0x00000000
core   0: 0x80009810 (0x00703533) snez    a0, t2
core   0: 3 0x80009810 (0x00703533) x10 0x00000000
core   0: 0x80009814 (0xdc7fb313) sltiu   t1, t6, -569
core   0: 3 0x80009814 (0xdc7fb313) x 6 0x00000001
core   0: 0x80009818 (0x0371bbb3) mulhu   s7, gp, s7
core   0: 3 0x80009818 (0x0371bbb3) x23 0x00000000
core   0: 0x8000981c (0x31e04893) xori    a7, zero, 798
core   0: 3 0x8000981c (0x31e04893) x17 0x0000031e
core   0: 0x80009820 (0x022bbb33) mulhu   s6, s7, sp
core   0: 3 0x80009820 (0x022bbb33) x22 0x00000000
core   0: 0x80009824 (0x01139d33) sll     s10, t2, a7
core   0: 3 0x80009824 (0x01139d33) x26 0x00000000
core   0: 0x80009828 (0x74084e13) xori    t3, a6, 1856
core   0: 3 0x80009828 (0x74084e13) x28 0x80014924
core   0: 0x8000982c (0xa47ee413) ori     s0, t4, -1465
core   0: 3 0x8000982c (0xa47ee413) x 8 0xfffffa47
core   0: 0x80009830 (0xb6bf2293) slti    t0, t5, -1173
core   0: 3 0x80009830 (0xb6bf2293) x 5 0x00000000
core   0: 0x80009834 (0x0150a2b3) slt     t0, ra, s5
core   0: 3 0x80009834 (0x0150a2b3) x 5 0x00000001
core   0: 0x80009838 (0x0219ab33) mulhsu  s6, s3, ra
core   0: 3 0x80009838 (0x0219ab33) x22 0x00000000
core   0: 0x8000983c (0x03a88333) mul     t1, a7, s10
core   0: 3 0x8000983c (0x03a88333) x 6 0x00000000
core   0: 0x80009840 (0x02781d33) mulh    s10, a6, t2
core   0: 3 0x80009840 (0x02781d33) x26 0x00000000
core   0: 0x80009844 (0x032c2233) mulhsu  tp, s8, s2
core   0: 3 0x80009844 (0x032c2233) x 4 0x00000000
core   0: 0x80009848 (0x4c0e2cb7) lui     s9, 0x4c0e2
core   0: 3 0x80009848 (0x4c0e2cb7) x25 0x4c0e2000
core   0: 0x8000984c (0x02982433) mulhsu  s0, a6, s1
core   0: 3 0x8000984c (0x02982433) x 8 0x00000000
core   0: 0x80009850 (0x55fffb93) andi    s7, t6, 1375
core   0: 3 0x80009850 (0x55fffb93) x23 0x00000000
core   0: 0x80009854 (0x033daa33) mulhsu  s4, s11, s3
core   0: 3 0x80009854 (0x033daa33) x20 0xfffffffa
core   0: 0x80009858 (0x01fb2733) slt     a4, s6, t6
core   0: 3 0x80009858 (0x01fb2733) x14 0x00000000
core   0: 0x8000985c (0x02e9b133) mulhu   sp, s3, a4
core   0: 3 0x8000985c (0x02e9b133) x 2 0x00000000
core   0: 0x80009860 (0x403a0cb3) sub     s9, s4, gp
core   0: 3 0x80009860 (0x403a0cb3) x25 0xfffffff9
core   0: 0x80009864 (0x01abbb33) sltu    s6, s7, s10
core   0: 3 0x80009864 (0x01abbb33) x22 0x00000000
core   0: 0x80009868 (0x7c5efd13) andi    s10, t4, 1989
core   0: 3 0x80009868 (0x7c5efd13) x26 0x00000000
core   0: 0x8000986c (0xd7d7e693) ori     a3, a5, -643
core   0: 3 0x8000986c (0xd7d7e693) x13 0xfffffd7d
core   0: 0x80009870 (0x0187f0b3) and     ra, a5, s8
core   0: 3 0x80009870 (0x0187f0b3) x 1 0x00000001
core   0: 0x80009874 (0x466a6f93) ori     t6, s4, 1126
core   0: 3 0x80009874 (0x466a6f93) x31 0xfffffffe
core   0: 0x80009878 (0x00ce0b33) add     s6, t3, a2
core   0: 3 0x80009878 (0x00ce0b33) x22 0x80014924
core   0: 0x8000987c (0x41908fb3) sub     t6, ra, s9
core   0: 3 0x8000987c (0x41908fb3) x31 0x00000008
core   0: 0x80009880 (0x60500a93) li      s5, 1541
core   0: 3 0x80009880 (0x60500a93) x21 0x00000605
core   0: 0x80009884 (0x02c2be33) mulhu   t3, t0, a2
core   0: 3 0x80009884 (0x02c2be33) x28 0x00000000
core   0: 0x80009888 (0x01e01eb3) sll     t4, zero, t5
core   0: 3 0x80009888 (0x01e01eb3) x29 0x00000000
core   0: 0x8000988c (0x419ed913) srai    s2, t4, 25
core   0: 3 0x8000988c (0x419ed913) x18 0x00000000
core   0: 0x80009890 (0x40685b93) srai    s7, a6, 6
core   0: 3 0x80009890 (0x40685b93) x23 0xfe000539
core   0: 0x80009894 (0x00011fb3) sll     t6, sp, zero
core   0: 3 0x80009894 (0x00011fb3) x31 0x00000000
core   0: 0x80009898 (0x01cc0fb3) add     t6, s8, t3
core   0: 3 0x80009898 (0x01cc0fb3) x31 0x00000001
core   0: 0x8000989c (0x0164c0b3) xor     ra, s1, s6
core   0: 3 0x8000989c (0x0164c0b3) x 1 0x80014924
core   0: 0x800098a0 (0xef7ba713) slti    a4, s7, -265
core   0: 3 0x800098a0 (0xef7ba713) x14 0x00000001
core   0: 0x800098a4 (0x0057dd33) srl     s10, a5, t0
core   0: 3 0x800098a4 (0x0057dd33) x26 0x00000000
core   0: 0x800098a8 (0x019ade13) srli    t3, s5, 25
core   0: 3 0x800098a8 (0x019ade13) x28 0x00000000
core   0: 0x800098ac (0xc7e50e13) addi    t3, a0, -898
core   0: 3 0x800098ac (0xc7e50e13) x28 0xfffffc7e
core   0: 0x800098b0 (0x03ea2033) mulhsu  zero, s4, t5
core   0: 3 0x800098b0 (0x03ea2033)
core   0: 0x800098b4 (0x41b18333) sub     t1, gp, s11
core   0: 3 0x800098b4 (0x41b18333) x 6 0x7ffe731d
core   0: 0x800098b8 (0x0123d7b3) srl     a5, t2, s2
core   0: 3 0x800098b8 (0x0123d7b3) x15 0x00000000
core   0: 0x800098bc (0x0c02b393) sltiu   t2, t0, 192
core   0: 3 0x800098bc (0x0c02b393) x 7 0x00000001
core   0: 0x800098c0 (0x42ff7013) andi    zero, t5, 1071
core   0: 3 0x800098c0 (0x42ff7013)
core   0: 0x800098c4 (0x19092797) auipc   a5, 0x19092
core   0: 3 0x800098c4 (0x19092797) x15 0x9909b8c4
core   0: 0x800098c8 (0x019ac7b3) xor     a5, s5, s9
core   0: 3 0x800098c8 (0x019ac7b3) x15 0xfffff9fc
core   0: 0x800098cc (0x02880533) mul     a0, a6, s0
core   0: 3 0x800098cc (0x02880533) x10 0x00000000
core   0: 0x800098d0 (0x00000013) nop
core   0: 3 0x800098d0 (0x00000013)
core   0: 0x800098d4 (0x00efb6b3) sltu    a3, t6, a4
core   0: 3 0x800098d4 (0x00efb6b3) x13 0x00000000
core   0: 0x800098d8 (0x01a65a13) srli    s4, a2, 26
core   0: 3 0x800098d8 (0x01a65a13) x20 0x00000000
core   0: 0x800098dc (0x03d46633) rem     a2, s0, t4
core   0: 3 0x800098dc (0x03d46633) x12 0x00000000
core   0: 0x800098e0 (0xf55a6c13) ori     s8, s4, -171
core   0: 3 0x800098e0 (0xf55a6c13) x24 0xffffff55
core   0: 0x800098e4 (0x020bd133) divu    sp, s7, zero
core   0: 3 0x800098e4 (0x020bd133) x 2 0xffffffff
core   0: 0x800098e8 (0x0307b6b3) mulhu   a3, a5, a6
core   0: 3 0x800098e8 (0x0307b6b3) x13 0x80014b61
core   0: 0x800098ec (0x01d29a33) sll     s4, t0, t4
core   0: 3 0x800098ec (0x01d29a33) x20 0x00000001
core   0: 0x800098f0 (0x004c9133) sll     sp, s9, tp
core   0: 3 0x800098f0 (0x004c9133) x 2 0xfffffff9
core   0: 0x800098f4 (0x03b14233) div     tp, sp, s11
core   0: 3 0x800098f4 (0x03b14233) x 4 0x00000000
core   0: 0x800098f8 (0x40bd5ab3) sra     s5, s10, a1
core   0: 3 0x800098f8 (0x40bd5ab3) x21 0x00000000
core   0: 0x800098fc (0x8710e493) ori     s1, ra, -1935
core   0: 3 0x800098fc (0x8710e493) x 9 0xfffff975
core   0: 0x80009900 (0x00000013) nop
core   0: 3 0x80009900 (0x00000013)
core   0: 0x80009904 (0x014ce0b3) or      ra, s9, s4
core   0: 3 0x80009904 (0x014ce0b3) x 1 0xfffffff9
core   0: 0x80009908 (0x01edb733) sltu    a4, s11, t5
core   0: 3 0x80009908 (0x01edb733) x14 0x00000000
core   0: 0x8000990c (0x9ef45597) auipc   a1, 0x9ef45
core   0: 3 0x8000990c (0x9ef45597) x11 0x1ef4e90c
core   0: 0x80009910 (0x00186a33) or      s4, a6, ra
core   0: 3 0x80009910 (0x00186a33) x20 0xfffffffd
core   0: 0x80009914 (0x00e2a5b3) slt     a1, t0, a4
core   0: 3 0x80009914 (0x00e2a5b3) x11 0x00000000
core   0: 0x80009918 (0x0132df33) srl     t5, t0, s3
core   0: 3 0x80009918 (0x0132df33) x30 0x00000000
core   0: 0x8000991c (0xf0ba7f93) andi    t6, s4, -245
core   0: 3 0x8000991c (0xf0ba7f93) x31 0xffffff09
core   0: 0x80009920 (0x012028b3) slt     a7, zero, s2
core   0: 3 0x80009920 (0x012028b3) x17 0x00000000
core   0: 0x80009924 (0x405adf93) srai    t6, s5, 5
core   0: 3 0x80009924 (0x405adf93) x31 0x00000000
core   0: 0x80009928 (0x0251e0b3) rem     ra, gp, t0
core   0: 3 0x80009928 (0x0251e0b3) x 1 0x00000000
core   0: 0x8000992c (0x03fa3d33) mulhu   s10, s4, t6
core   0: 3 0x8000992c (0x03fa3d33) x26 0x00000000
core   0: 0x80009930 (0x63c03f93) sltiu   t6, zero, 1596
core   0: 3 0x80009930 (0x63c03f93) x31 0x00000001
core   0: 0x80009934 (0xb8e87713) andi    a4, a6, -1138
core   0: 3 0x80009934 (0xb8e87713) x14 0x80014a04
core   0: 0x80009938 (0x1cfb2113) slti    sp, s6, 463
core   0: 3 0x80009938 (0x1cfb2113) x 2 0x00000001
core   0: 0x8000993c (0x0268f233) remu    tp, a7, t1
core   0: 3 0x8000993c (0x0268f233) x 4 0x00000000
core   0: 0x80009940 (0x02d47033) remu    zero, s0, a3
core   0: 3 0x80009940 (0x02d47033)
core   0: 0x80009944 (0x000243b3) xor     t2, tp, zero
core   0: 3 0x80009944 (0x000243b3) x 7 0x00000000
core   0: 0x80009948 (0x01cf5cb3) srl     s9, t5, t3
core   0: 3 0x80009948 (0x01cf5cb3) x25 0x00000000
core   0: 0x8000994c (0x008e8633) add     a2, t4, s0
core   0: 3 0x8000994c (0x008e8633) x12 0x00000000
core   0: 0x80009950 (0x011a95b3) sll     a1, s5, a7
core   0: 3 0x80009950 (0x011a95b3) x11 0x00000000
core   0: 0x80009954 (0x01fefa33) and     s4, t4, t6
core   0: 3 0x80009954 (0x01fefa33) x20 0x00000000
core   0: 0x80009958 (0x186ccf93) xori    t6, s9, 390
core   0: 3 0x80009958 (0x186ccf93) x31 0x00000186
core   0: 0x8000995c (0x90ba2213) slti    tp, s4, -1781
core   0: 3 0x8000995c (0x90ba2213) x 4 0x00000000
core   0: 0x80009960 (0xaa146e13) ori     t3, s0, -1375
core   0: 3 0x80009960 (0xaa146e13) x28 0xfffffaa1
core   0: 0x80009964 (0x0372a1b3) mulhsu  gp, t0, s7
core   0: 3 0x80009964 (0x0372a1b3) x 3 0x00000000
core   0: 0x80009968 (0xdbdc4193) xori    gp, s8, -579
core   0: 3 0x80009968 (0xdbdc4193) x 3 0x000002e8
core   0: 0x8000996c (0x01617a33) and     s4, sp, s6
core   0: 3 0x8000996c (0x01617a33) x20 0x00000000
core   0: 0x80009970 (0x024838b3) mulhu   a7, a6, tp
core   0: 3 0x80009970 (0x024838b3) x17 0x00000000
core   0: 0x80009974 (0x01ca8233) add     tp, s5, t3
core   0: 3 0x80009974 (0x01ca8233) x 4 0xfffffaa1
core   0: 0x80009978 (0x01968f33) add     t5, a3, s9
core   0: 3 0x80009978 (0x01968f33) x30 0x80014b61
core   0: 0x8000997c (0x03780d33) mul     s10, a6, s7
core   0: 3 0x8000997c (0x03780d33) x26 0xbed26844
core   0: 0x80009980 (0x022b3633) mulhu   a2, s6, sp
core   0: 3 0x80009980 (0x022b3633) x12 0x00000000
core   0: 0x80009984 (0x37bb2937) lui     s2, 0x37bb2
core   0: 3 0x80009984 (0x37bb2937) x18 0x37bb2000
core   0: 0x80009988 (0x60a63013) sltiu   zero, a2, 1546
core   0: 3 0x80009988 (0x60a63013)
core   0: 0x8000998c (0x02b9b2b3) mulhu   t0, s3, a1
core   0: 3 0x8000998c (0x02b9b2b3) x 5 0x00000000
core   0: 0x80009990 (0x0280a8b3) mulhsu  a7, ra, s0
core   0: 3 0x80009990 (0x0280a8b3) x17 0x00000000
core   0: 0x80009994 (0x416b87b3) sub     a5, s7, s6
core   0: 3 0x80009994 (0x416b87b3) x15 0x7dfebc15
core   0: 0x80009998 (0x00ef6fb3) or      t6, t5, a4
core   0: 3 0x80009998 (0x00ef6fb3) x31 0x80014b65
core   0: 0x8000999c (0x41cd0533) sub     a0, s10, t3
core   0: 3 0x8000999c (0x41cd0533) x10 0xbed26da3
core   0: 0x800099a0 (0x37e08f13) addi    t5, ra, 894
core   0: 3 0x800099a0 (0x37e08f13) x30 0x0000037e
core   0: 0x800099a4 (0x033e6a33) rem     s4, t3, s3
core   0: 3 0x800099a4 (0x033e6a33) x20 0x00000000
core   0: 0x800099a8 (0x00ba8133) add     sp, s5, a1
core   0: 3 0x800099a8 (0x00ba8133) x 2 0x00000000
core   0: 0x800099ac (0x00b3d8b3) srl     a7, t2, a1
core   0: 3 0x800099ac (0x00b3d8b3) x17 0x00000000
core   0: 0x800099b0 (0x01f1f2b3) and     t0, gp, t6
core   0: 3 0x800099b0 (0x01f1f2b3) x 5 0x00000260
core   0: 0x800099b4 (0x0358bfb3) mulhu   t6, a7, s5
core   0: 3 0x800099b4 (0x0358bfb3) x31 0x00000000
core   0: 0x800099b8 (0x03c38a33) mul     s4, t2, t3
core   0: 3 0x800099b8 (0x03c38a33) x20 0x00000000
core   0: 0x800099bc (0x00555533) srl     a0, a0, t0
core   0: 3 0x800099bc (0x00555533) x10 0xbed26da3
core   0: 0x800099c0 (0x40ea8933) sub     s2, s5, a4
core   0: 3 0x800099c0 (0x40ea8933) x18 0x7ffeb5fc
core   0: 0x800099c4 (0x05736c13) ori     s8, t1, 87
core   0: 3 0x800099c4 (0x05736c13) x24 0x7ffe735f
core   0: 0x800099c8 (0x01c41733) sll     a4, s0, t3
core   0: 3 0x800099c8 (0x01c41733) x14 0x00000000
core   0: 0x800099cc (0x01b6feb3) and     t4, a3, s11
core   0: 3 0x800099cc (0x01b6feb3) x29 0x80010860
core   0: 0x800099d0 (0x00000013) nop
core   0: 3 0x800099d0 (0x00000013)
core   0: 0x800099d4 (0x00a51b33) sll     s6, a0, a0
core   0: 3 0x800099d4 (0x00a51b33) x22 0xf6936d18
core   0: 0x800099d8 (0x013d07b3) add     a5, s10, s3
core   0: 3 0x800099d8 (0x013d07b3) x15 0xbed2684f
core   0: 0x800099dc (0x41356313) ori     t1, a0, 1043
core   0: 3 0x800099dc (0x41356313) x 6 0xbed26db3
core   0: 0x800099e0 (0x02a26f33) rem     t5, tp, a0
core   0: 3 0x800099e0 (0x02a26f33) x30 0xfffffaa1
core   0: 0x800099e4 (0x03449733) mulh    a4, s1, s4
core   0: 3 0x800099e4 (0x03449733) x14 0x00000000
core   0: 0x800099e8 (0x0392a933) mulhsu  s2, t0, s9
core   0: 3 0x800099e8 (0x0392a933) x18 0x00000000
core   0: 0x800099ec (0x03f567b3) rem     a5, a0, t6
core   0: 3 0x800099ec (0x03f567b3) x15 0xbed26da3
core   0: 0x800099f0 (0x013ada13) srli    s4, s5, 19
core   0: 3 0x800099f0 (0x013ada13) x20 0x00000000
core   0: 0x800099f4 (0x020efb33) remu    s6, t4, zero
core   0: 3 0x800099f4 (0x020efb33) x22 0x80010860
core   0: 0x800099f8 (0x02f98133) mul     sp, s3, a5
core   0: 3 0x800099f8 (0x02f98133) x 2 0x330ab601
core   0: 0x800099fc (0x00d4b8b3) sltu    a7, s1, a3
core   0: 3 0x800099fc (0x00d4b8b3) x17 0x00000000
core   0: 0x80009a00 (0x80baf893) andi    a7, s5, -2037
core   0: 3 0x80009a00 (0x80baf893) x17 0x00000000
core   0: 0x80009a04 (0x035164b3) rem     s1, sp, s5
core   0: 3 0x80009a04 (0x035164b3) x 9 0x330ab601
core   0: 0x80009a08 (0x00610ab3) add     s5, sp, t1
core   0: 3 0x80009a08 (0x00610ab3) x21 0xf1dd23b4
core   0: 0x80009a0c (0xb8b44913) xori    s2, s0, -1141
core   0: 3 0x80009a0c (0xb8b44913) x18 0xfffffb8b
core   0: 0x80009a10 (0x59620e13) addi    t3, tp, 1430
core   0: 3 0x80009a10 (0x59620e13) x28 0x00000037
core   0: 0x80009a14 (0x14c2f493) andi    s1, t0, 332
core   0: 3 0x80009a14 (0x14c2f493) x 9 0x00000040
core   0: 0x80009a18 (0x8733a493) slti    s1, t2, -1933
core   0: 3 0x80009a18 (0x8733a493) x 9 0x00000000
core   0: 0x80009a1c (0x0aa58393) addi    t2, a1, 170
core   0: 3 0x80009a1c (0x0aa58393) x 7 0x000000aa
core   0: 0x80009a20 (0x032086b3) mul     a3, ra, s2
core   0: 3 0x80009a20 (0x032086b3) x13 0x00000000
core   0: 0x80009a24 (0x40b7de13) srai    t3, a5, 11
core   0: 3 0x80009a24 (0x40b7de13) x28 0xfff7da4d
core   0: 0x80009a28 (0x00e35f33) srl     t5, t1, a4
core   0: 3 0x80009a28 (0x00e35f33) x30 0xbed26db3
core   0: 0x80009a2c (0x0b15bb17) auipc   s6, 0xb15b
core   0: 3 0x80009a2c (0x0b15bb17) x22 0x8b164a2c
core   0: 0x80009a30 (0x01051633) sll     a2, a0, a6
core   0: 3 0x80009a30 (0x01051633) x12 0xed26da30
core   0: 0x80009a34 (0x015a3433) sltu    s0, s4, s5
core   0: 3 0x80009a34 (0x015a3433) x 8 0x00000001
core   0: 0x80009a38 (0x4714b593) sltiu   a1, s1, 1137
core   0: 3 0x80009a38 (0x4714b593) x11 0x00000001
core   0: 0x80009a3c (0x039f38b3) mulhu   a7, t5, s9
core   0: 3 0x80009a3c (0x039f38b3) x17 0x00000000
core   0: 0x80009a40 (0x40b60fb3) sub     t6, a2, a1
core   0: 3 0x80009a40 (0x40b60fb3) x31 0xed26da2f
core   0: 0x80009a44 (0xd54d2593) slti    a1, s10, -684
core   0: 3 0x80009a44 (0xd54d2593) x11 0x00000001
core   0: 0x80009a48 (0x00f0d313) srli    t1, ra, 15
core   0: 3 0x80009a48 (0x00f0d313) x 6 0x00000000
core   0: 0x80009a4c (0x03721733) mulh    a4, tp, s7
core   0: 3 0x80009a4c (0x03721733) x14 0x0000000a
core   0: 0x80009a50 (0x03792bb3) mulhsu  s7, s2, s7
core   0: 3 0x80009a50 (0x03792bb3) x23 0xfffffb93
core   0: 0x80009a54 (0x0172db13) srli    s6, t0, 23
core   0: 3 0x80009a54 (0x0172db13) x22 0x00000000
core   0: 0x80009a58 (0x073caf17) auipc   t5, 0x73ca
core   0: 3 0x80009a58 (0x073caf17) x30 0x873d3a58
core   0: 0x80009a5c (0xa25f6013) ori     zero, t5, -1499
core   0: 3 0x80009a5c (0xa25f6013)
core   0: 0x80009a60 (0x2d644c93) xori    s9, s0, 726
core   0: 3 0x80009a60 (0x2d644c93) x25 0x000002d7
core   0: 0x80009a64 (0xfc202e93) slti    t4, zero, -62
core   0: 3 0x80009a64 (0xfc202e93) x29 0x00000000
core   0: 0x80009a68 (0x716a8b93) addi    s7, s5, 1814
core   0: 3 0x80009a68 (0x716a8b93) x23 0xf1dd2aca
core   0: 0x80009a6c (0x41008133) sub     sp, ra, a6
core   0: 3 0x80009a6c (0x41008133) x 2 0x7ffeb19c
core   0: 0x80009a70 (0x39e6bc13) sltiu   s8, a3, 926
core   0: 3 0x80009a70 (0x39e6bc13) x24 0x00000001
core   0: 0x80009a74 (0x006e9793) slli    a5, t4, 6
core   0: 3 0x80009a74 (0x006e9793) x15 0x00000000
core   0: 0x80009a78 (0x03254ab3) div     s5, a0, s2
core   0: 3 0x80009a78 (0x03254ab3) x21 0x000e9fa6
core   0: 0x80009a7c (0x02ccc3b3) div     t2, s9, a2
core   0: 3 0x80009a7c (0x02ccc3b3) x 7 0x00000000
core   0: 0x80009a80 (0x021dfd33) remu    s10, s11, ra
core   0: 3 0x80009a80 (0x021dfd33) x26 0x80018ce4
core   0: 0x80009a84 (0x328bf497) auipc   s1, 0x328bf
core   0: 3 0x80009a84 (0x328bf497) x 9 0xb28c8a84
core   0: 0x80009a88 (0x408e5b93) srai    s7, t3, 8
core   0: 3 0x80009a88 (0x408e5b93) x23 0xfffff7da
core   0: 0x80009a8c (0x6331cb97) auipc   s7, 0x6331c
core   0: 3 0x80009a8c (0x6331cb97) x23 0xe3325a8c
core   0: 0x80009a90 (0x005ab8b3) sltu    a7, s5, t0
core   0: 3 0x80009a90 (0x005ab8b3) x17 0x00000000
core   0: 0x80009a94 (0x19f43493) sltiu   s1, s0, 415
core   0: 3 0x80009a94 (0x19f43493) x 9 0x00000001
core   0: 0x80009a98 (0x01e9e2b3) or      t0, s3, t5
core   0: 3 0x80009a98 (0x01e9e2b3) x 5 0x873d3a5b
core   0: 0x80009a9c (0x02d11333) mulh    t1, sp, a3
core   0: 3 0x80009a9c (0x02d11333) x 6 0x00000000
core   0: 0x80009aa0 (0x01d7ea33) or      s4, a5, t4
core   0: 3 0x80009aa0 (0x01d7ea33) x20 0x00000000
core   0: 0x80009aa4 (0x03c62bb3) mulhsu  s7, a2, t3
core   0: 3 0x80009aa4 (0x03c62bb3) x23 0xed2773bf
core   0: 0x80009aa8 (0x01d00fb3) add     t6, zero, t4
core   0: 3 0x80009aa8 (0x01d00fb3) x31 0x00000000
core   0: 0x80009aac (0x0122d933) srl     s2, t0, s2
core   0: 3 0x80009aac (0x0122d933) x18 0x0010e7a7
core   0: 0x80009ab0 (0x01477d33) and     s10, a4, s4
core   0: 3 0x80009ab0 (0x01477d33) x26 0x00000000
core   0: 0x80009ab4 (0x41920933) sub     s2, tp, s9
core   0: 3 0x80009ab4 (0x41920933) x18 0xfffff7ca
core   0: 0x80009ab8 (0xece82893) slti    a7, a6, -306
core   0: 3 0x80009ab8 (0xece82893) x17 0x00000001
core   0: 0x80009abc (0x02968633) mul     a2, a3, s1
core   0: 3 0x80009abc (0x02968633) x12 0x00000000
core   0: 0x80009ac0 (0x002d47b3) xor     a5, s10, sp
core   0: 3 0x80009ac0 (0x002d47b3) x15 0x7ffeb19c
core   0: 0x80009ac4 (0xaa428893) addi    a7, t0, -1372
core   0: 3 0x80009ac4 (0xaa428893) x17 0x873d34ff
core   0: 0x80009ac8 (0x8e763b13) sltiu   s6, a2, -1817
core   0: 3 0x80009ac8 (0x8e763b13) x22 0x00000001
core   0: 0x80009acc (0x008b8133) add     sp, s7, s0
core   0: 3 0x80009acc (0x008b8133) x 2 0xed2773c0
core   0: 0x80009ad0 (0x01a003b3) add     t2, zero, s10
core   0: 3 0x80009ad0 (0x01a003b3) x 7 0x00000000
core   0: 0x80009ad4 (0x020024b3) mulhsu  s1, zero, zero
core   0: 3 0x80009ad4 (0x020024b3) x 9 0x00000000
core   0: 0x80009ad8 (0x03a361b3) rem     gp, t1, s10
core   0: 3 0x80009ad8 (0x03a361b3) x 3 0x00000000
core   0: 0x80009adc (0x034a1ab3) mulh    s5, s4, s4
core   0: 3 0x80009adc (0x034a1ab3) x21 0x00000000
core   0: 0x80009ae0 (0x41085e33) sra     t3, a6, a6
core   0: 3 0x80009ae0 (0x41085e33) x28 0xf80014e6
core   0: 0x80009ae4 (0xb5b0a693) slti    a3, ra, -1189
core   0: 3 0x80009ae4 (0xb5b0a693) x13 0x00000000
core   0: 0x80009ae8 (0x02cbb933) mulhu   s2, s7, a2
core   0: 3 0x80009ae8 (0x02cbb933) x18 0x00000000
core   0: 0x80009aec (0x005d01b3) add     gp, s10, t0
core   0: 3 0x80009aec (0x005d01b3) x 3 0x873d3a5b
core   0: 0x80009af0 (0x03d26b33) rem     s6, tp, t4
core   0: 3 0x80009af0 (0x03d26b33) x22 0xfffffaa1
core   0: 0x80009af4 (0x22af2213) slti    tp, t5, 554
core   0: 3 0x80009af4 (0x22af2213) x 4 0x00000001
core   0: 0x80009af8 (0x0136df33) srl     t5, a3, s3
core   0: 3 0x80009af8 (0x0136df33) x30 0x00000000
core   0: 0x80009afc (0x01ec48b3) xor     a7, s8, t5
core   0: 3 0x80009afc (0x01ec48b3) x17 0x00000001
core   0: 0x80009b00 (0x01538bb3) add     s7, t2, s5
core   0: 3 0x80009b00 (0x01538bb3) x23 0x00000000
core   0: 0x80009b04 (0x03df0533) mul     a0, t5, t4
core   0: 3 0x80009b04 (0x03df0533) x10 0x00000000
core   0: 0x80009b08 (0x01dde5b3) or      a1, s11, t4
core   0: 3 0x80009b08 (0x01dde5b3) x11 0x80018ce4
core   0: 0x80009b0c (0x03e9fbb3) remu    s7, s3, t5
core   0: 3 0x80009b0c (0x03e9fbb3) x23 0x0000000b
core   0: 0x80009b10 (0x9dddb0b7) lui     ra, 0x9dddb
core   0: 3 0x80009b10 (0x9dddb0b7) x 1 0x9dddb000
core   0: 0x80009b14 (0x00e09c33) sll     s8, ra, a4
core   0: 3 0x80009b14 (0x00e09c33) x24 0x76c00000
core   0: 0x80009b18 (0x0087a733) slt     a4, a5, s0
core   0: 3 0x80009b18 (0x0087a733) x14 0x00000000
core   0: 0x80009b1c (0x02ecf4b3) remu    s1, s9, a4
core   0: 3 0x80009b1c (0x02ecf4b3) x 9 0x000002d7
core   0: 0x80009b20 (0x00885413) srli    s0, a6, 8
core   0: 3 0x80009b20 (0x00885413) x 8 0x0080014e
core   0: 0x80009b24 (0x02ce2b33) mulhsu  s6, t3, a2
core   0: 3 0x80009b24 (0x02ce2b33) x22 0x00000000
core   0: 0x80009b28 (0x40df5213) srai    tp, t5, 13
core   0: 3 0x80009b28 (0x40df5213) x 4 0x00000000
core   0: 0x80009b2c (0x02f52ab3) mulhsu  s5, a0, a5
core   0: 3 0x80009b2c (0x02f52ab3) x21 0x00000000
core   0: 0x80009b30 (0x960a0613) addi    a2, s4, -1696
core   0: 3 0x80009b30 (0x960a0613) x12 0xfffff960
core   0: 0x80009b34 (0x01f3ee33) or      t3, t2, t6
core   0: 3 0x80009b34 (0x01f3ee33) x28 0x00000000
core   0: 0x80009b38 (0x41ffd933) sra     s2, t6, t6
core   0: 3 0x80009b38 (0x41ffd933) x18 0x00000000
core   0: 0x80009b3c (0x00289f13) slli    t5, a7, 2
core   0: 3 0x80009b3c (0x00289f13) x30 0x00000004
core   0: 0x80009b40 (0x41cc52b3) sra     t0, s8, t3
core   0: 3 0x80009b40 (0x41cc52b3) x 5 0x76c00000
core   0: 0x80009b44 (0x00abd393) srli    t2, s7, 10
core   0: 3 0x80009b44 (0x00abd393) x 7 0x00000000
core   0: 0x80009b48 (0x417f0fb3) sub     t6, t5, s7
core   0: 3 0x80009b48 (0x417f0fb3) x31 0xfffffff9
core   0: 0x80009b4c (0x02533fb3) mulhu   t6, t1, t0
core   0: 3 0x80009b4c (0x02533fb3) x31 0x00000000
core   0: 0x80009b50 (0x02abea33) rem     s4, s7, a0
core   0: 3 0x80009b50 (0x02abea33) x20 0x0000000b
core   0: 0x80009b54 (0x02135c33) divu    s8, t1, ra
core   0: 3 0x80009b54 (0x02135c33) x24 0x00000000
core   0: 0x80009b58 (0x02039d33) mulh    s10, t2, zero
core   0: 3 0x80009b58 (0x02039d33) x26 0x00000000
core   0: 0x80009b5c (0x02cc5a33) divu    s4, s8, a2
core   0: 3 0x80009b5c (0x02cc5a33) x20 0x00000000
core   0: 0x80009b60 (0x40558cb3) sub     s9, a1, t0
core   0: 3 0x80009b60 (0x40558cb3) x25 0x09418ce4
core   0: 0x80009b64 (0x114a3e37) lui     t3, 0x114a3
core   0: 3 0x80009b64 (0x114a3e37) x28 0x114a3000
core   0: 0x80009b68 (0x4d7cf093) andi    ra, s9, 1239
core   0: 3 0x80009b68 (0x4d7cf093) x 1 0x000004c4
core   0: 0x80009b6c (0x0000bfb3) sltu    t6, ra, zero
core   0: 3 0x80009b6c (0x0000bfb3) x31 0x00000000
core   0: 0x80009b70 (0x01d4f033) and     zero, s1, t4
core   0: 3 0x80009b70 (0x01d4f033)
core   0: 0x80009b74 (0x023df333) remu    t1, s11, gp
core   0: 3 0x80009b74 (0x023df333) x 6 0x80018ce4
core   0: 0x80009b78 (0x014b1613) slli    a2, s6, 20
core   0: 3 0x80009b78 (0x014b1613) x12 0x00000000
core   0: 0x80009b7c (0x6ba9a593) slti    a1, s3, 1722
core   0: 3 0x80009b7c (0x6ba9a593) x11 0x00000001
core   0: 0x80009b80 (0x005b84b3) add     s1, s7, t0
core   0: 3 0x80009b80 (0x005b84b3) x 9 0x76c0000b
core   0: 0x80009b84 (0x027bdc33) divu    s8, s7, t2
core   0: 3 0x80009b84 (0x027bdc33) x24 0xffffffff
core   0: 0x80009b88 (0x03db7cb3) remu    s9, s6, t4
core   0: 3 0x80009b88 (0x03db7cb3) x25 0x00000000
core   0: 0x80009b8c (0x003e5513) srli    a0, t3, 3
core   0: 3 0x80009b8c (0x003e5513) x10 0x02294600
core   0: 0x80009b90 (0x7c5a0593) addi    a1, s4, 1989
core   0: 3 0x80009b90 (0x7c5a0593) x11 0x000007c5
core   0: 0x80009b94 (0x00f81393) slli    t2, a6, 15
core   0: 3 0x80009b94 (0x00f81393) x 7 0xa7320000
core   0: 0x80009b98 (0x0311b933) mulhu   s2, gp, a7
core   0: 3 0x80009b98 (0x0311b933) x18 0x00000000
core   0: 0x80009b9c (0x01b060b3) or      ra, zero, s11
core   0: 3 0x80009b9c (0x01b060b3) x 1 0x80018ce4
core   0: 0x80009ba0 (0x03ed4033) div     zero, s10, t5
core   0: 3 0x80009ba0 (0x03ed4033)
core   0: 0x80009ba4 (0x02a82333) mulhsu  t1, a6, a0
core   0: 3 0x80009ba4 (0x02a82333) x 6 0xfeeb5fd2
core   0: 0x80009ba8 (0x0166ebb3) or      s7, a3, s6
core   0: 3 0x80009ba8 (0x0166ebb3) x23 0x00000000
core   0: 0x80009bac (0x406a5533) sra     a0, s4, t1
core   0: 3 0x80009bac (0x406a5533) x10 0x00000000
core   0: 0x80009bb0 (0x41a75093) srai    ra, a4, 26
core   0: 3 0x80009bb0 (0x41a75093) x 1 0x00000000
core   0: 0x80009bb4 (0x036e8d33) mul     s10, t4, s6
core   0: 3 0x80009bb4 (0x036e8d33) x26 0x00000000
core   0: 0x80009bb8 (0x00359c13) slli    s8, a1, 3
core   0: 3 0x80009bb8 (0x00359c13) x24 0x00003e28
core   0: 0x80009bbc (0x00ca9b13) slli    s6, s5, 12
core   0: 3 0x80009bbc (0x00ca9b13) x22 0x00000000
core   0: 0x80009bc0 (0x02e4d1b3) divu    gp, s1, a4
core   0: 3 0x80009bc0 (0x02e4d1b3) x 3 0xffffffff
core   0: 0x80009bc4 (0x038eb7b3) mulhu   a5, t4, s8
core   0: 3 0x80009bc4 (0x038eb7b3) x15 0x00000000
core   0: 0x80009bc8 (0x023fdc33) divu    s8, t6, gp
core   0: 3 0x80009bc8 (0x023fdc33) x24 0x00000000
core   0: 0x80009bcc (0x01917133) and     sp, sp, s9
core   0: 3 0x80009bcc (0x01917133) x 2 0x00000000
core   0: 0x80009bd0 (0x01df4f33) xor     t5, t5, t4
core   0: 3 0x80009bd0 (0x01df4f33) x30 0x00000004
core   0: 0x80009bd4 (0x01feb1b3) sltu    gp, t4, t6
core   0: 3 0x80009bd4 (0x01feb1b3) x 3 0x00000000
core   0: 0x80009bd8 (0x0384dcb3) divu    s9, s1, s8
core   0: 3 0x80009bd8 (0x0384dcb3) x25 0xffffffff
core   0: 0x80009bdc (0xd0987793) andi    a5, a6, -759
core   0: 3 0x80009bdc (0xd0987793) x15 0x80014c00
core   0: 0x80009be0 (0x027a8333) mul     t1, s5, t2
core   0: 3 0x80009be0 (0x027a8333) x 6 0x00000000
core   0: 0x80009be4 (0x001a80b3) add     ra, s5, ra
core   0: 3 0x80009be4 (0x001a80b3) x 1 0x00000000
core   0: 0x80009be8 (0xf422c013) xori    zero, t0, -190
core   0: 3 0x80009be8 (0xf422c013)
core   0: 0x80009bec (0x80b63f37) lui     t5, 0x80b63
core   0: 3 0x80009bec (0x80b63f37) x30 0x80b63000
core   0: 0x80009bf0 (0x036bacb3) mulhsu  s9, s7, s6
core   0: 3 0x80009bf0 (0x036bacb3) x25 0x00000000
core   0: 0x80009bf4 (0x02c35f33) divu    t5, t1, a2
core   0: 3 0x80009bf4 (0x02c35f33) x30 0xffffffff
core   0: 0x80009bf8 (0xc2b48193) addi    gp, s1, -981
core   0: 3 0x80009bf8 (0xc2b48193) x 3 0x76bffc36
core   0: 0x80009bfc (0x031a68b3) rem     a7, s4, a7
core   0: 3 0x80009bfc (0x031a68b3) x17 0x00000000
core   0: 0x80009c00 (0x0262e5b3) rem     a1, t0, t1
core   0: 3 0x80009c00 (0x0262e5b3) x11 0x76c00000
core   0: 0x80009c04 (0x02b79333) mulh    t1, a5, a1
core   0: 3 0x80009c04 (0x02b79333) x 6 0xc4a09a01
core   0: 0x80009c08 (0x00ba03b3) add     t2, s4, a1
core   0: 3 0x80009c08 (0x00ba03b3) x 7 0x76c00000
core   0: 0x80009c0c (0x03730fb3) mul     t6, t1, s7
core   0: 3 0x80009c0c (0x03730fb3) x31 0x00000000
core   0: 0x80009c10 (0x045d35b7) lui     a1, 0x45d3
core   0: 3 0x80009c10 (0x045d35b7) x11 0x045d3000
core   0: 0x80009c14 (0x812f4713) xori    a4, t5, -2030
core   0: 3 0x80009c14 (0x812f4713) x14 0x000007ed
core   0: 0x80009c18 (0x0284bfb3) mulhu   t6, s1, s0
core   0: 3 0x80009c18 (0x0284bfb3) x31 0x003b609a
core   0: 0x80009c1c (0xdb953093) sltiu   ra, a0, -583
core   0: 3 0x80009c1c (0xdb953093) x 1 0x00000001
core   0: 0x80009c20 (0x013ee133) or      sp, t4, s3
core   0: 3 0x80009c20 (0x013ee133) x 2 0x0000000b
core   0: 0x80009c24 (0x02159233) mulh    tp, a1, ra
core   0: 3 0x80009c24 (0x02159233) x 4 0x00000000
core   0: 0x80009c28 (0x01e69d13) slli    s10, a3, 30
core   0: 3 0x80009c28 (0x01e69d13) x26 0x00000000
core   0: 0x80009c2c (0x034210b3) mulh    ra, tp, s4
core   0: 3 0x80009c2c (0x034210b3) x 1 0x00000000
core   0: 0x80009c30 (0x011632b3) sltu    t0, a2, a7
core   0: 3 0x80009c30 (0x011632b3) x 5 0x00000000
core   0: 0x80009c34 (0x41ff58b3) sra     a7, t5, t6
core   0: 3 0x80009c34 (0x41ff58b3) x17 0xffffffff
core   0: 0x80009c38 (0x008bac33) slt     s8, s7, s0
core   0: 3 0x80009c38 (0x008bac33) x24 0x00000001
core   0: 0x80009c3c (0x6d7efb13) andi    s6, t4, 1751
core   0: 3 0x80009c3c (0x6d7efb13) x22 0x00000000
core   0: 0x80009c40 (0x032938b3) mulhu   a7, s2, s2
core   0: 3 0x80009c40 (0x032938b3) x17 0x00000000
core   0: 0x80009c44 (0x83a76eb7) lui     t4, 0x83a76
core   0: 3 0x80009c44 (0x83a76eb7) x29 0x83a76000
core   0: 0x80009c48 (0x038b8c33) mul     s8, s7, s8
core   0: 3 0x80009c48 (0x038b8c33) x24 0x00000000
core   0: 0x80009c4c (0x08672d13) slti    s10, a4, 134
core   0: 3 0x80009c4c (0x08672d13) x26 0x00000000
core   0: 0x80009c50 (0x00279e93) slli    t4, a5, 2
core   0: 3 0x80009c50 (0x00279e93) x29 0x00053000
core   0: 0x80009c54 (0xde2d7193) andi    gp, s10, -542
core   0: 3 0x80009c54 (0xde2d7193) x 3 0x00000000
core   0: 0x80009c58 (0x0081cab3) xor     s5, gp, s0
core   0: 3 0x80009c58 (0x0081cab3) x21 0x0080014e
core   0: 0x80009c5c (0xf662e693) ori     a3, t0, -154
core   0: 3 0x80009c5c (0xf662e693) x13 0xffffff66
core   0: 0x80009c60 (0x03405ab3) divu    s5, zero, s4
core   0: 3 0x80009c60 (0x03405ab3) x21 0xffffffff
core   0: 0x80009c64 (0x019605b3) add     a1, a2, s9
core   0: 3 0x80009c64 (0x019605b3) x11 0x00000000
core   0: 0x80009c68 (0x01261633) sll     a2, a2, s2
core   0: 3 0x80009c68 (0x01261633) x12 0x00000000
core   0: 0x80009c6c (0x017b91b3) sll     gp, s7, s7
core   0: 3 0x80009c6c (0x017b91b3) x 3 0x00000000
core   0: 0x80009c70 (0x90c9ec13) ori     s8, s3, -1780
core   0: 3 0x80009c70 (0x90c9ec13) x24 0xfffff90f
core   0: 0x80009c74 (0x8e952913) slti    s2, a0, -1815
core   0: 3 0x80009c74 (0x8e952913) x18 0x00000000
core   0: 0x80009c78 (0x03599bb3) mulh    s7, s3, s5
core   0: 3 0x80009c78 (0x03599bb3) x23 0xffffffff
core   0: 0x80009c7c (0x57658913) addi    s2, a1, 1398
core   0: 3 0x80009c7c (0x57658913) x18 0x00000576
core   0: 0x80009c80 (0x01834633) xor     a2, t1, s8
core   0: 3 0x80009c80 (0x01834633) x12 0x3b5f630e
core   0: 0x80009c84 (0x01b17933) and     s2, sp, s11
core   0: 3 0x80009c84 (0x01b17933) x18 0x00000000
core   0: 0x80009c88 (0x69be8593) addi    a1, t4, 1691
core   0: 3 0x80009c88 (0x69be8593) x11 0x0005369b
core   0: 0x80009c8c (0x02232b33) mulhsu  s6, t1, sp
core   0: 3 0x80009c8c (0x02232b33) x22 0xfffffffd
core   0: 0x80009c90 (0x0127e1b3) or      gp, a5, s2
core   0: 3 0x80009c90 (0x0127e1b3) x 3 0x80014c00
core   0: 0x80009c94 (0x023e6933) rem     s2, t3, gp
core   0: 3 0x80009c94 (0x023e6933) x18 0x114a3000
core   0: 0x80009c98 (0xc82fa313) slti    t1, t6, -894
core   0: 3 0x80009c98 (0xc82fa313) x 6 0x00000000
core   0: 0x80009c9c (0x0117ac33) slt     s8, a5, a7
core   0: 3 0x80009c9c (0x0117ac33) x24 0x00000001
core   0: 0x80009ca0 (0xf0764a97) auipc   s5, 0xf0764
core   0: 3 0x80009ca0 (0xf0764a97) x21 0x7076dca0
core   0: 0x80009ca4 (0x01c4d5b3) srl     a1, s1, t3
core   0: 3 0x80009ca4 (0x01c4d5b3) x11 0x76c0000b
core   0: 0x80009ca8 (0x9d128193) addi    gp, t0, -1583
core   0: 3 0x80009ca8 (0x9d128193) x 3 0xfffff9d1
core   0: 0x80009cac (0x01627bb3) and     s7, tp, s6
core   0: 3 0x80009cac (0x01627bb3) x23 0x00000000
core   0: 0x80009cb0 (0x00609e93) slli    t4, ra, 6
core   0: 3 0x80009cb0 (0x00609e93) x29 0x00000000
core   0: 0x80009cb4 (0x01aa5f13) srli    t5, s4, 26
core   0: 3 0x80009cb4 (0x01aa5f13) x30 0x00000000
core   0: 0x80009cb8 (0x01712fb3) slt     t6, sp, s7
core   0: 3 0x80009cb8 (0x01712fb3) x31 0x00000000
core   0: 0x80009cbc (0x00dd5413) srli    s0, s10, 13
core   0: 3 0x80009cbc (0x00dd5413) x 8 0x00000000
core   0: 0x80009cc0 (0x01c29e13) slli    t3, t0, 28
core   0: 3 0x80009cc0 (0x01c29e13) x28 0x00000000
core   0: 0x80009cc4 (0x00e3ecb3) or      s9, t2, a4
core   0: 3 0x80009cc4 (0x00e3ecb3) x25 0x76c007ed
core   0: 0x80009cc8 (0x00b50c33) add     s8, a0, a1
core   0: 3 0x80009cc8 (0x00b50c33) x24 0x76c0000b
core   0: 0x80009ccc (0x41d05213) srai    tp, zero, 29
core   0: 3 0x80009ccc (0x41d05213) x 4 0x00000000
core   0: 0x80009cd0 (0x4021d433) sra     s0, gp, sp
core   0: 3 0x80009cd0 (0x4021d433) x 8 0xffffffff
core   0: 0x80009cd4 (0x408c8233) sub     tp, s9, s0
core   0: 3 0x80009cd4 (0x408c8233) x 4 0x76c007ee
core   0: 0x80009cd8 (0x025eeeb3) rem     t4, t4, t0
core   0: 3 0x80009cd8 (0x025eeeb3) x29 0x00000000
core   0: 0x80009cdc (0x6adb0c93) addi    s9, s6, 1709
core   0: 3 0x80009cdc (0x6adb0c93) x25 0x000006aa
core   0: 0x80009ce0 (0x01f51d13) slli    s10, a0, 31
core   0: 3 0x80009ce0 (0x01f51d13) x26 0x00000000
core   0: 0x80009ce4 (0x00e6b2b3) sltu    t0, a3, a4
core   0: 3 0x80009ce4 (0x00e6b2b3) x 5 0x00000000
core   0: 0x80009ce8 (0x00322fb3) slt     t6, tp, gp
core   0: 3 0x80009ce8 (0x00322fb3) x31 0x00000000
core   0: 0x80009cec (0x41f7dcb3) sra     s9, a5, t6
core   0: 3 0x80009cec (0x41f7dcb3) x25 0x80014c00
core   0: 0x80009cf0 (0x01caa1b3) slt     gp, s5, t3
core   0: 3 0x80009cf0 (0x01caa1b3) x 3 0x00000000
core   0: 0x80009cf4 (0x8e14ed13) ori     s10, s1, -1823
core   0: 3 0x80009cf4 (0x8e14ed13) x26 0xfffff8eb
core   0: 0x80009cf8 (0x02389133) mulh    sp, a7, gp
core   0: 3 0x80009cf8 (0x02389133) x 2 0x00000000
core   0: 0x80009cfc (0x3fbd6e13) ori     t3, s10, 1019
core   0: 3 0x80009cfc (0x3fbd6e13) x28 0xfffffbfb
core   0: 0x80009d00 (0x01996433) or      s0, s2, s9
core   0: 3 0x80009d00 (0x01996433) x 8 0x914b7c00
core   0: 0x80009d04 (0x00cd66b3) or      a3, s10, a2
core   0: 3 0x80009d04 (0x00cd66b3) x13 0xfffffbef
core   0: 0x80009d08 (0x03a31033) mulh    zero, t1, s10
core   0: 3 0x80009d08 (0x03a31033)
core   0: 0x80009d0c (0x00a370b3) and     ra, t1, a0
core   0: 3 0x80009d0c (0x00a370b3) x 1 0x00000000
core   0: 0x80009d10 (0x03ac5e33) divu    t3, s8, s10
core   0: 3 0x80009d10 (0x03ac5e33) x28 0x00000000
core   0: 0x80009d14 (0x01624333) xor     t1, tp, s6
core   0: 3 0x80009d14 (0x01624333) x 6 0x893ff813
core   0: 0x80009d18 (0x026a88b3) mul     a7, s5, t1
core   0: 3 0x80009d18 (0x026a88b3) x17 0x69ed5fe0
core   0: 0x80009d1c (0x3b2db413) sltiu   s0, s11, 946
core   0: 3 0x80009d1c (0x3b2db413) x 8 0x00000000
core   0: 0x80009d20 (0x41ba0ab3) sub     s5, s4, s11
core   0: 3 0x80009d20 (0x41ba0ab3) x21 0x7ffe731c
core   0: 0x80009d24 (0x0947a513) slti    a0, a5, 148
core   0: 3 0x80009d24 (0x0947a513) x10 0x00000001
core   0: 0x80009d28 (0x9ce28213) addi    tp, t0, -1586
core   0: 3 0x80009d28 (0x9ce28213) x 4 0xfffff9ce
core   0: 0x80009d2c (0x4024d233) sra     tp, s1, sp
core   0: 3 0x80009d2c (0x4024d233) x 4 0x76c0000b
core   0: 0x80009d30 (0x027e8033) mul     zero, t4, t2
core   0: 3 0x80009d30 (0x027e8033)
core   0: 0x80009d34 (0x01366c33) or      s8, a2, s3
core   0: 3 0x80009d34 (0x01366c33) x24 0x3b5f630f
core   0: 0x80009d38 (0x62ec8b13) addi    s6, s9, 1582
core   0: 3 0x80009d38 (0x62ec8b13) x22 0x8001522e
core   0: 0x80009d3c (0x8d778097) auipc   ra, 0x8d778
core   0: 3 0x80009d3c (0x8d778097) x 1 0x0d781d3c
core   0: 0x80009d40 (0x03744fb3) div     t6, s0, s7
core   0: 3 0x80009d40 (0x03744fb3) x31 0xffffffff
core   0: 0x80009d44 (0x00a25f33) srl     t5, tp, a0
core   0: 3 0x80009d44 (0x00a25f33) x30 0x3b600005
core   0: 0x80009d48 (0x41d88e13) addi    t3, a7, 1053
core   0: 3 0x80009d48 (0x41d88e13) x28 0x69ed63fd
core   0: 0x80009d4c (0x020dffb3) remu    t6, s11, zero
core   0: 3 0x80009d4c (0x020dffb3) x31 0x80018ce4
core   0: 0x80009d50 (0x007da633) slt     a2, s11, t2
core   0: 3 0x80009d50 (0x007da633) x12 0x00000001
core   0: 0x80009d54 (0x026ae1b3) rem     gp, s5, t1
core   0: 3 0x80009d54 (0x026ae1b3) x 3 0x093e6b2f
core   0: 0x80009d58 (0x00000997) auipc   s3, 0x0
core   0: 3 0x80009d58 (0x00000997) x19 0x80009d58
core   0: 0x80009d5c (0x00c98993) addi    s3, s3, 12
core   0: 3 0x80009d5c (0x00c98993) x19 0x80009d64
core   0: 0x80009d60 (0x00098067) jr      s3
core   0: 3 0x80009d60 (0x00098067)
core   0: 0x80009d64 (0x00100193) li      gp, 1
core   0: 3 0x80009d64 (0x00100193) x 3 0x00000001
core   0: 0x80009d68 (0x00000073) ecall
core   0: exception trap_machine_ecall, epc 0x80009d68
core   0: >>>>  mtvec_handler
core   0: 0x80009d7c (0xffcd8d93) addi    s11, s11, -4
core   0: 3 0x80009d7c (0xffcd8d93) x27 0x80018ce0
core   0: 0x80009d80 (0x010da023) sw      a6, 0(s11)
core   0: 3 0x80009d80 (0x010da023) mem 0x80018ce0 0x80014e64
core   0: 0x80009d84 (0x000d8833) add     a6, s11, zero
core   0: 3 0x80009d84 (0x000d8833) x16 0x80018ce0
core   0: 0x80009d88 (0xf8080813) addi    a6, a6, -128
core   0: 3 0x80009d88 (0xf8080813) x16 0x80018c60
core   0: 0x80009d8c (0x00182223) sw      ra, 4(a6)
core   0: 3 0x80009d8c (0x00182223) mem 0x80018c64 0x0d781d3c
core   0: 0x80009d90 (0x00282423) sw      sp, 8(a6)
core   0: 3 0x80009d90 (0x00282423) mem 0x80018c68 0x00000000
core   0: 0x80009d94 (0x00382623) sw      gp, 12(a6)
core   0: 3 0x80009d94 (0x00382623) mem 0x80018c6c 0x00000001
core   0: 0x80009d98 (0x00482823) sw      tp, 16(a6)
core   0: 3 0x80009d98 (0x00482823) mem 0x80018c70 0x76c0000b
core   0: 0x80009d9c (0x00582a23) sw      t0, 20(a6)
core   0: 3 0x80009d9c (0x00582a23) mem 0x80018c74 0x00000000
core   0: 0x80009da0 (0x00682c23) sw      t1, 24(a6)
core   0: 3 0x80009da0 (0x00682c23) mem 0x80018c78 0x893ff813
core   0: 0x80009da4 (0x00782e23) sw      t2, 28(a6)
core   0: 3 0x80009da4 (0x00782e23) mem 0x80018c7c 0x76c00000
core   0: 0x80009da8 (0x02882023) sw      s0, 32(a6)
core   0: 3 0x80009da8 (0x02882023) mem 0x80018c80 0x00000000
core   0: 0x80009dac (0x02982223) sw      s1, 36(a6)
core   0: 3 0x80009dac (0x02982223) mem 0x80018c84 0x76c0000b
core   0: 0x80009db0 (0x02a82423) sw      a0, 40(a6)
core   0: 3 0x80009db0 (0x02a82423) mem 0x80018c88 0x00000001
core   0: 0x80009db4 (0x02b82623) sw      a1, 44(a6)
core   0: 3 0x80009db4 (0x02b82623) mem 0x80018c8c 0x76c0000b
core   0: 0x80009db8 (0x02c82823) sw      a2, 48(a6)
core   0: 3 0x80009db8 (0x02c82823) mem 0x80018c90 0x00000001
core   0: 0x80009dbc (0x02d82a23) sw      a3, 52(a6)
core   0: 3 0x80009dbc (0x02d82a23) mem 0x80018c94 0xfffffbef
core   0: 0x80009dc0 (0x02e82c23) sw      a4, 56(a6)
core   0: 3 0x80009dc0 (0x02e82c23) mem 0x80018c98 0x000007ed
core   0: 0x80009dc4 (0x02f82e23) sw      a5, 60(a6)
core   0: 3 0x80009dc4 (0x02f82e23) mem 0x80018c9c 0x80014c00
core   0: 0x80009dc8 (0x05082023) sw      a6, 64(a6)
core   0: 3 0x80009dc8 (0x05082023) mem 0x80018ca0 0x80018c60
core   0: 0x80009dcc (0x05182223) sw      a7, 68(a6)
core   0: 3 0x80009dcc (0x05182223) mem 0x80018ca4 0x69ed5fe0
core   0: 0x80009dd0 (0x05282423) sw      s2, 72(a6)
core   0: 3 0x80009dd0 (0x05282423) mem 0x80018ca8 0x114a3000
core   0: 0x80009dd4 (0x05382623) sw      s3, 76(a6)
core   0: 3 0x80009dd4 (0x05382623) mem 0x80018cac 0x80009d64
core   0: 0x80009dd8 (0x05482823) sw      s4, 80(a6)
core   0: 3 0x80009dd8 (0x05482823) mem 0x80018cb0 0x00000000
core   0: 0x80009ddc (0x05582a23) sw      s5, 84(a6)
core   0: 3 0x80009ddc (0x05582a23) mem 0x80018cb4 0x7ffe731c
core   0: 0x80009de0 (0x05682c23) sw      s6, 88(a6)
core   0: 3 0x80009de0 (0x05682c23) mem 0x80018cb8 0x8001522e
core   0: 0x80009de4 (0x05782e23) sw      s7, 92(a6)
core   0: 3 0x80009de4 (0x05782e23) mem 0x80018cbc 0x00000000
core   0: 0x80009de8 (0x07882023) sw      s8, 96(a6)
core   0: 3 0x80009de8 (0x07882023) mem 0x80018cc0 0x3b5f630f
core   0: 0x80009dec (0x07982223) sw      s9, 100(a6)
core   0: 3 0x80009dec (0x07982223) mem 0x80018cc4 0x80014c00
core   0: 0x80009df0 (0x07a82423) sw      s10, 104(a6)
core   0: 3 0x80009df0 (0x07a82423) mem 0x80018cc8 0xfffff8eb
core   0: 0x80009df4 (0x07b82623) sw      s11, 108(a6)
core   0: 3 0x80009df4 (0x07b82623) mem 0x80018ccc 0x80018ce0
core   0: 0x80009df8 (0x07c82823) sw      t3, 112(a6)
core   0: 3 0x80009df8 (0x07c82823) mem 0x80018cd0 0x69ed63fd
core   0: 0x80009dfc (0x07d82a23) sw      t4, 116(a6)
core   0: 3 0x80009dfc (0x07d82a23) mem 0x80018cd4 0x00000000
core   0: 0x80009e00 (0x07e82c23) sw      t5, 120(a6)
core   0: 3 0x80009e00 (0x07e82c23) mem 0x80018cd8 0x3b600005
core   0: 0x80009e04 (0x07f82e23) sw      t6, 124(a6)
core   0: 3 0x80009e04 (0x07f82e23) mem 0x80018cdc 0x80018ce4
core   0: 0x80009e08 (0x00080db3) add     s11, a6, zero
core   0: 3 0x80009e08 (0x00080db3) x27 0x80018c60
core   0: 0x80009e0c (0x300024f3) csrr    s1, mstatus
core   0: 3 0x80009e0c (0x300024f3) x 9 0x00001800
core   0: 0x80009e10 (0x342024f3) csrr    s1, mcause
core   0: 3 0x80009e10 (0x342024f3) x 9 0x0000000b
core   0: 0x80009e14 (0x01f4d493) srli    s1, s1, 31
core   0: 3 0x80009e14 (0x01f4d493) x 9 0x00000000
core   0: 0x80009e18 (0x40049463) bnez    s1, pc + 1032
core   0: 3 0x80009e18 (0x40049463)
core   0: 0x80009e1c (0x341024f3) csrr    s1, mepc
core   0: 3 0x80009e1c (0x341024f3) x 9 0x80009d68
core   0: 0x80009e20 (0x342024f3) csrr    s1, mcause
core   0: 3 0x80009e20 (0x342024f3) x 9 0x0000000b
core   0: 0x80009e24 (0x00300a93) li      s5, 3
core   0: 3 0x80009e24 (0x00300a93) x21 0x00000003
core   0: 0x80009e28 (0x2b548a63) beq     s1, s5, pc + 692
core   0: 3 0x80009e28 (0x2b548a63)
core   0: 0x80009e2c (0x00800a93) li      s5, 8
core   0: 3 0x80009e2c (0x00800a93) x21 0x00000008
core   0: 0x80009e30 (0x05548e63) beq     s1, s5, pc + 92
core   0: 3 0x80009e30 (0x05548e63)
core   0: 0x80009e34 (0x00900a93) li      s5, 9
core   0: 3 0x80009e34 (0x00900a93) x21 0x00000009
core   0: 0x80009e38 (0x05548a63) beq     s1, s5, pc + 84
core   0: 3 0x80009e38 (0x05548a63)
core   0: 0x80009e3c (0x00b00a93) li      s5, 11
core   0: 3 0x80009e3c (0x00b00a93) x21 0x0000000b
core   0: 0x80009e40 (0x05548663) beq     s1, s5, pc + 76
core   0: 3 0x80009e40 (0x05548663)
core   0: 0x80009e8c (0xffff6497) auipc   s1, 0xffff6
core   0: 3 0x80009e8c (0xffff6497) x 9 0x7ffffe8c
core   0: 0x80009e90 (0x17448493) addi    s1, s1, 372
core   0: 3 0x80009e90 (0x17448493) x 9 0x80000000
core   0: 0x80009e94 (0x0004a023) sw      zero, 0(s1)
core   0: 3 0x80009e94 (0x0004a023) mem 0x80000000 0x00000000
core   0: 0x80009e98 (0x0014a223) sw      ra, 4(s1)
core   0: 3 0x80009e98 (0x0014a223) mem 0x80000004 0x0d781d3c
core   0: 0x80009e9c (0x0024a423) sw      sp, 8(s1)
core   0: 3 0x80009e9c (0x0024a423) mem 0x80000008 0x00000000
core   0: 0x80009ea0 (0x0034a623) sw      gp, 12(s1)
core   0: 3 0x80009ea0 (0x0034a623) mem 0x8000000c 0x00000001
core   0: 0x80009ea4 (0x0044a823) sw      tp, 16(s1)
core   0: 3 0x80009ea4 (0x0044a823) mem 0x80000010 0x76c0000b
core   0: 0x80009ea8 (0x0054aa23) sw      t0, 20(s1)
core   0: 3 0x80009ea8 (0x0054aa23) mem 0x80000014 0x00000000
core   0: 0x80009eac (0x0064ac23) sw      t1, 24(s1)
core   0: 3 0x80009eac (0x0064ac23) mem 0x80000018 0x893ff813
core   0: 0x80009eb0 (0x0074ae23) sw      t2, 28(s1)
core   0: 3 0x80009eb0 (0x0074ae23) mem 0x8000001c 0x76c00000
core   0: 0x80009eb4 (0x0284a023) sw      s0, 32(s1)
core   0: 3 0x80009eb4 (0x0284a023) mem 0x80000020 0x00000000
core   0: 0x80009eb8 (0x0294a223) sw      s1, 36(s1)
core   0: 3 0x80009eb8 (0x0294a223) mem 0x80000024 0x80000000
core   0: 0x80009ebc (0x02a4a423) sw      a0, 40(s1)
core   0: 3 0x80009ebc (0x02a4a423) mem 0x80000028 0x00000001
core   0: 0x80009ec0 (0x02b4a623) sw      a1, 44(s1)
core   0: 3 0x80009ec0 (0x02b4a623) mem 0x8000002c 0x76c0000b
core   0: 0x80009ec4 (0x02c4a823) sw      a2, 48(s1)
core   0: 3 0x80009ec4 (0x02c4a823) mem 0x80000030 0x00000001
core   0: 0x80009ec8 (0x02d4aa23) sw      a3, 52(s1)
core   0: 3 0x80009ec8 (0x02d4aa23) mem 0x80000034 0xfffffbef
core   0: 0x80009ecc (0x02e4ac23) sw      a4, 56(s1)
core   0: 3 0x80009ecc (0x02e4ac23) mem 0x80000038 0x000007ed
core   0: 0x80009ed0 (0x02f4ae23) sw      a5, 60(s1)
core   0: 3 0x80009ed0 (0x02f4ae23) mem 0x8000003c 0x80014c00
core   0: 0x80009ed4 (0x0504a023) sw      a6, 64(s1)
core   0: 3 0x80009ed4 (0x0504a023) mem 0x80000040 0x80018c60
core   0: 0x80009ed8 (0x0514a223) sw      a7, 68(s1)
core   0: 3 0x80009ed8 (0x0514a223) mem 0x80000044 0x69ed5fe0
core   0: 0x80009edc (0x0524a423) sw      s2, 72(s1)
core   0: 3 0x80009edc (0x0524a423) mem 0x80000048 0x114a3000
core   0: 0x80009ee0 (0x0534a623) sw      s3, 76(s1)
core   0: 3 0x80009ee0 (0x0534a623) mem 0x8000004c 0x80009d64
core   0: 0x80009ee4 (0x0544a823) sw      s4, 80(s1)
core   0: 3 0x80009ee4 (0x0544a823) mem 0x80000050 0x00000000
core   0: 0x80009ee8 (0x0554aa23) sw      s5, 84(s1)
core   0: 3 0x80009ee8 (0x0554aa23) mem 0x80000054 0x0000000b
core   0: 0x80009eec (0x0564ac23) sw      s6, 88(s1)
core   0: 3 0x80009eec (0x0564ac23) mem 0x80000058 0x8001522e
core   0: 0x80009ef0 (0x0574ae23) sw      s7, 92(s1)
core   0: 3 0x80009ef0 (0x0574ae23) mem 0x8000005c 0x00000000
core   0: 0x80009ef4 (0x0784a023) sw      s8, 96(s1)
core   0: 3 0x80009ef4 (0x0784a023) mem 0x80000060 0x3b5f630f
core   0: 0x80009ef8 (0x0794a223) sw      s9, 100(s1)
core   0: 3 0x80009ef8 (0x0794a223) mem 0x80000064 0x80014c00
core   0: 0x80009efc (0x07a4a423) sw      s10, 104(s1)
core   0: 3 0x80009efc (0x07a4a423) mem 0x80000068 0xfffff8eb
core   0: 0x80009f00 (0x07b4a623) sw      s11, 108(s1)
core   0: 3 0x80009f00 (0x07b4a623) mem 0x8000006c 0x80018c60
core   0: 0x80009f04 (0x07c4a823) sw      t3, 112(s1)
core   0: 3 0x80009f04 (0x07c4a823) mem 0x80000070 0x69ed63fd
core   0: 0x80009f08 (0x07d4aa23) sw      t4, 116(s1)
core   0: 3 0x80009f08 (0x07d4aa23) mem 0x80000074 0x00000000
core   0: 0x80009f0c (0x07e4ac23) sw      t5, 120(s1)
core   0: 3 0x80009f0c (0x07e4ac23) mem 0x80000078 0x3b600005
core   0: 0x80009f10 (0x07f4ae23) sw      t6, 124(s1)
core   0: 3 0x80009f10 (0x07f4ae23) mem 0x8000007c 0x80018ce4
core   0: 0x80009f14 (0x00000997) auipc   s3, 0x0
core   0: 3 0x80009f14 (0x00000997) x19 0x80009f14
core   0: 0x80009f18 (0xe5898993) addi    s3, s3, -424
core   0: 3 0x80009f18 (0xe5898993) x19 0x80009d6c
core   0: 0x80009f1c (0x00098067) jr      s3
core   0: 3 0x80009f1c (0x00098067)
core   0: 0x80009d6c (0x00006f17) auipc   t5, 0x6
core   0: 3 0x80009d6c (0x00006f17) x30 0x8000fd6c
core   0: 0x80009d70 (0x283f2a23) sw      gp, 660(t5)
core   0: 3 0x80009d70 (0x283f2a23) mem 0x80010000 0x00000001
core   0: 0x80009d74 (0xff9ff06f) j       pc - 0x8
core   0: 3 0x80009d74 (0xff9ff06f)
core   0: 0x80009d6c (0x00006f17) auipc   t5, 0x6
core   0: 3 0x80009d6c (0x00006f17) x30 0x8000fd6c
core   0: 0x80009d70 (0x283f2a23) sw      gp, 660(t5)
core   0: 3 0x80009d70 (0x283f2a23) mem 0x80010000 0x00000001
core   0: 0x80009d74 (0xff9ff06f) j       pc - 0x8
core   0: 3 0x80009d74 (0xff9ff06f)
core   0: 0x80009d6c (0x00006f17) auipc   t5, 0x6
core   0: 3 0x80009d6c (0x00006f17) x30 0x8000fd6c
core   0: 0x80009d70 (0x283f2a23) sw      gp, 660(t5)
core   0: 3 0x80009d70 (0x283f2a23) mem 0x80010000 0x00000001
core   0: 0x80009d74 (0xff9ff06f) j       pc - 0x8
core   0: 3 0x80009d74 (0xff9ff06f)
core   0: 0x80009d6c (0x00006f17) auipc   t5, 0x6
core   0: 3 0x80009d6c (0x00006f17) x30 0x8000fd6c
core   0: 0x80009d70 (0x283f2a23) sw      gp, 660(t5)
core   0: 3 0x80009d70 (0x283f2a23) mem 0x80010000 0x00000001
core   0: 0x80009d74 (0xff9ff06f) j       pc - 0x8
core   0: 3 0x80009d74 (0xff9ff06f)
core   0: 0x80009d6c (0x00006f17) auipc   t5, 0x6
core   0: 3 0x80009d6c (0x00006f17) x30 0x8000fd6c
core   0: 0x80009d70 (0x283f2a23) sw      gp, 660(t5)
core   0: 3 0x80009d70 (0x283f2a23) mem 0x80010000 0x00000001
core   0: 0x80009d74 (0xff9ff06f) j       pc - 0x8
core   0: 3 0x80009d74 (0xff9ff06f)
core   0: 0x80009d6c (0x00006f17) auipc   t5, 0x6
core   0: 3 0x80009d6c (0x00006f17) x30 0x8000fd6c
core   0: 0x80009d70 (0x283f2a23) sw      gp, 660(t5)
core   0: 3 0x80009d70 (0x283f2a23) mem 0x80010000 0x00000001
core   0: 0x80009d74 (0xff9ff06f) j       pc - 0x8
core   0: 3 0x80009d74 (0xff9ff06f)
core   0: 0x80009d6c (0x00006f17) auipc   t5, 0x6
core   0: 3 0x80009d6c (0x00006f17) x30 0x8000fd6c
core   0: 0x80009d70 (0x283f2a23) sw      gp, 660(t5)
core   0: 3 0x80009d70 (0x283f2a23) mem 0x80010000 0x00000001
core   0: 0x80009d74 (0xff9ff06f) j       pc - 0x8
core   0: 3 0x80009d74 (0xff9ff06f)
core   0: 0x80009d6c (0x00006f17) auipc   t5, 0x6
core   0: 3 0x80009d6c (0x00006f17) x30 0x8000fd6c
core   0: 0x80009d70 (0x283f2a23) sw      gp, 660(t5)
core   0: 3 0x80009d70 (0x283f2a23) mem 0x80010000 0x00000001
core   0: 0x80009d74 (0xff9ff06f) j       pc - 0x8
core   0: 3 0x80009d74 (0xff9ff06f)
core   0: 0x80009d6c (0x00006f17) auipc   t5, 0x6
core   0: 3 0x80009d6c (0x00006f17) x30 0x8000fd6c
core   0: 0x80009d70 (0x283f2a23) sw      gp, 660(t5)
core   0: 3 0x80009d70 (0x283f2a23) mem 0x80010000 0x00000001
core   0: 0x80009d74 (0xff9ff06f) j       pc - 0x8
core   0: 3 0x80009d74 (0xff9ff06f)
core   0: 0x80009d6c (0x00006f17) auipc   t5, 0x6
core   0: 3 0x80009d6c (0x00006f17) x30 0x8000fd6c
core   0: 0x80009d70 (0x283f2a23) sw      gp, 660(t5)
core   0: 3 0x80009d70 (0x283f2a23) mem 0x80010000 0x00000001
core   0: 0x80009d74 (0xff9ff06f) j       pc - 0x8
core   0: 3 0x80009d74 (0xff9ff06f)
core   0: 0x80009d6c (0x00006f17) auipc   t5, 0x6
core   0: 3 0x80009d6c (0x00006f17) x30 0x8000fd6c
core   0: 0x80009d70 (0x283f2a23) sw      gp, 660(t5)
core   0: 3 0x80009d70 (0x283f2a23) mem 0x80010000 0x00000001
core   0: 0x80009d74 (0xff9ff06f) j       pc - 0x8
core   0: 3 0x80009d74 (0xff9ff06f)
core   0: 0x80009d6c (0x00006f17) auipc   t5, 0x6
core   0: 3 0x80009d6c (0x00006f17) x30 0x8000fd6c
core   0: 0x80009d70 (0x283f2a23) sw      gp, 660(t5)
core   0: 3 0x80009d70 (0x283f2a23) mem 0x80010000 0x00000001
core   0: 0x80009d74 (0xff9ff06f) j       pc - 0x8
core   0: 3 0x80009d74 (0xff9ff06f)
core   0: 0x80009d6c (0x00006f17) auipc   t5, 0x6
core   0: 3 0x80009d6c (0x00006f17) x30 0x8000fd6c
core   0: 0x80009d70 (0x283f2a23) sw      gp, 660(t5)
core   0: 3 0x80009d70 (0x283f2a23) mem 0x80010000 0x00000001
core   0: 0x80009d74 (0xff9ff06f) j       pc - 0x8
core   0: 3 0x80009d74 (0xff9ff06f)
core   0: 0x80009d6c (0x00006f17) auipc   t5, 0x6
core   0: 3 0x80009d6c (0x00006f17) x30 0x8000fd6c
core   0: 0x80009d70 (0x283f2a23) sw      gp, 660(t5)
core   0: 3 0x80009d70 (0x283f2a23) mem 0x80010000 0x00000001
core   0: 0x80009d74 (0xff9ff06f) j       pc - 0x8
core   0: 3 0x80009d74 (0xff9ff06f)
core   0: 0x80009d6c (0x00006f17) auipc   t5, 0x6
core   0: 3 0x80009d6c (0x00006f17) x30 0x8000fd6c
core   0: 0x80009d70 (0x283f2a23) sw      gp, 660(t5)
core   0: 3 0x80009d70 (0x283f2a23) mem 0x80010000 0x00000001
core   0: 0x80009d74 (0xff9ff06f) j       pc - 0x8
core   0: 3 0x80009d74 (0xff9ff06f)
core   0: 0x80009d6c (0x00006f17) auipc   t5, 0x6
core   0: 3 0x80009d6c (0x00006f17) x30 0x8000fd6c
core   0: 0x80009d70 (0x283f2a23) sw      gp, 660(t5)
core   0: 3 0x80009d70 (0x283f2a23) mem 0x80010000 0x00000001
core   0: 0x80009d74 (0xff9ff06f) j       pc - 0x8
core   0: 3 0x80009d74 (0xff9ff06f)
core   0: 0x80009d6c (0x00006f17) auipc   t5, 0x6
core   0: 3 0x80009d6c (0x00006f17) x30 0x8000fd6c
core   0: 0x80009d70 (0x283f2a23) sw      gp, 660(t5)
core   0: 3 0x80009d70 (0x283f2a23) mem 0x80010000 0x00000001
core   0: 0x80009d74 (0xff9ff06f) j       pc - 0x8
core   0: 3 0x80009d74 (0xff9ff06f)
core   0: 0x80009d6c (0x00006f17) auipc   t5, 0x6
core   0: 3 0x80009d6c (0x00006f17) x30 0x8000fd6c
core   0: 0x80009d70 (0x283f2a23) sw      gp, 660(t5)
core   0: 3 0x80009d70 (0x283f2a23) mem 0x80010000 0x00000001
core   0: 0x80009d74 (0xff9ff06f) j       pc - 0x8
core   0: 3 0x80009d74 (0xff9ff06f)
core   0: 0x80009d6c (0x00006f17) auipc   t5, 0x6
core   0: 3 0x80009d6c (0x00006f17) x30 0x8000fd6c
core   0: 0x80009d70 (0x283f2a23) sw      gp, 660(t5)
core   0: 3 0x80009d70 (0x283f2a23) mem 0x80010000 0x00000001
core   0: 0x80009d74 (0xff9ff06f) j       pc - 0x8
core   0: 3 0x80009d74 (0xff9ff06f)
core   0: 0x80009d6c (0x00006f17) auipc   t5, 0x6
core   0: 3 0x80009d6c (0x00006f17) x30 0x8000fd6c
core   0: 0x80009d70 (0x283f2a23) sw      gp, 660(t5)
core   0: 3 0x80009d70 (0x283f2a23) mem 0x80010000 0x00000001
core   0: 0x80009d74 (0xff9ff06f) j       pc - 0x8
core   0: 3 0x80009d74 (0xff9ff06f)
core   0: 0x80009d6c (0x00006f17) auipc   t5, 0x6
core   0: 3 0x80009d6c (0x00006f17) x30 0x8000fd6c
core   0: 0x80009d70 (0x283f2a23) sw      gp, 660(t5)
core   0: 3 0x80009d70 (0x283f2a23) mem 0x80010000 0x00000001
core   0: 0x80009d74 (0xff9ff06f) j       pc - 0x8
core   0: 3 0x80009d74 (0xff9ff06f)
core   0: 0x80009d6c (0x00006f17) auipc   t5, 0x6
core   0: 3 0x80009d6c (0x00006f17) x30 0x8000fd6c
core   0: 0x80009d70 (0x283f2a23) sw      gp, 660(t5)
core   0: 3 0x80009d70 (0x283f2a23) mem 0x80010000 0x00000001
core   0: 0x80009d74 (0xff9ff06f) j       pc - 0x8
core   0: 3 0x80009d74 (0xff9ff06f)
core   0: 0x80009d6c (0x00006f17) auipc   t5, 0x6
core   0: 3 0x80009d6c (0x00006f17) x30 0x8000fd6c
core   0: 0x80009d70 (0x283f2a23) sw      gp, 660(t5)
core   0: 3 0x80009d70 (0x283f2a23) mem 0x80010000 0x00000001
core   0: 0x80009d74 (0xff9ff06f) j       pc - 0x8
core   0: 3 0x80009d74 (0xff9ff06f)
core   0: 0x80009d6c (0x00006f17) auipc   t5, 0x6
core   0: 3 0x80009d6c (0x00006f17) x30 0x8000fd6c
core   0: 0x80009d70 (0x283f2a23) sw      gp, 660(t5)
core   0: 3 0x80009d70 (0x283f2a23) mem 0x80010000 0x00000001
core   0: 0x80009d74 (0xff9ff06f) j       pc - 0x8
core   0: 3 0x80009d74 (0xff9ff06f)
core   0: 0x80009d6c (0x00006f17) auipc   t5, 0x6
core   0: 3 0x80009d6c (0x00006f17) x30 0x8000fd6c
core   0: 0x80009d70 (0x283f2a23) sw      gp, 660(t5)
core   0: 3 0x80009d70 (0x283f2a23) mem 0x80010000 0x00000001
core   0: 0x80009d74 (0xff9ff06f) j       pc - 0x8
core   0: 3 0x80009d74 (0xff9ff06f)
core   0: 0x80009d6c (0x00006f17) auipc   t5, 0x6
core   0: 3 0x80009d6c (0x00006f17) x30 0x8000fd6c
core   0: 0x80009d70 (0x283f2a23) sw      gp, 660(t5)
core   0: 3 0x80009d70 (0x283f2a23) mem 0x80010000 0x00000001
core   0: 0x80009d74 (0xff9ff06f) j       pc - 0x8
core   0: 3 0x80009d74 (0xff9ff06f)
core   0: 0x80009d6c (0x00006f17) auipc   t5, 0x6
core   0: 3 0x80009d6c (0x00006f17) x30 0x8000fd6c
core   0: 0x80009d70 (0x283f2a23) sw      gp, 660(t5)
core   0: 3 0x80009d70 (0x283f2a23) mem 0x80010000 0x00000001
core   0: 0x80009d74 (0xff9ff06f) j       pc - 0x8
core   0: 3 0x80009d74 (0xff9ff06f)
core   0: 0x80009d6c (0x00006f17) auipc   t5, 0x6
core   0: 3 0x80009d6c (0x00006f17) x30 0x8000fd6c
core   0: 0x80009d70 (0x283f2a23) sw      gp, 660(t5)
core   0: 3 0x80009d70 (0x283f2a23) mem 0x80010000 0x00000001
core   0: 0x80009d74 (0xff9ff06f) j       pc - 0x8
core   0: 3 0x80009d74 (0xff9ff06f)
core   0: 0x80009d6c (0x00006f17) auipc   t5, 0x6
core   0: 3 0x80009d6c (0x00006f17) x30 0x8000fd6c
core   0: 0x80009d70 (0x283f2a23) sw      gp, 660(t5)
core   0: 3 0x80009d70 (0x283f2a23) mem 0x80010000 0x00000001
core   0: 0x80009d74 (0xff9ff06f) j       pc - 0x8
core   0: 3 0x80009d74 (0xff9ff06f)
core   0: 0x80009d6c (0x00006f17) auipc   t5, 0x6
core   0: 3 0x80009d6c (0x00006f17) x30 0x8000fd6c
core   0: 0x80009d70 (0x283f2a23) sw      gp, 660(t5)
core   0: 3 0x80009d70 (0x283f2a23) mem 0x80010000 0x00000001
core   0: 0x80009d74 (0xff9ff06f) j       pc - 0x8
core   0: 3 0x80009d74 (0xff9ff06f)
core   0: 0x80009d6c (0x00006f17) auipc   t5, 0x6
core   0: 3 0x80009d6c (0x00006f17) x30 0x8000fd6c
core   0: 0x80009d70 (0x283f2a23) sw      gp, 660(t5)
core   0: 3 0x80009d70 (0x283f2a23) mem 0x80010000 0x00000001
core   0: 0x80009d74 (0xff9ff06f) j       pc - 0x8
core   0: 3 0x80009d74 (0xff9ff06f)
core   0: 0x80009d6c (0x00006f17) auipc   t5, 0x6
core   0: 3 0x80009d6c (0x00006f17) x30 0x8000fd6c
core   0: 0x80009d70 (0x283f2a23) sw      gp, 660(t5)
core   0: 3 0x80009d70 (0x283f2a23) mem 0x80010000 0x00000001
core   0: 0x80009d74 (0xff9ff06f) j       pc - 0x8
core   0: 3 0x80009d74 (0xff9ff06f)
core   0: 0x80009d6c (0x00006f17) auipc   t5, 0x6
core   0: 3 0x80009d6c (0x00006f17) x30 0x8000fd6c
core   0: 0x80009d70 (0x283f2a23) sw      gp, 660(t5)
core   0: 3 0x80009d70 (0x283f2a23) mem 0x80010000 0x00000001
core   0: 0x80009d74 (0xff9ff06f) j       pc - 0x8
core   0: 3 0x80009d74 (0xff9ff06f)
core   0: 0x80009d6c (0x00006f17) auipc   t5, 0x6
core   0: 3 0x80009d6c (0x00006f17) x30 0x8000fd6c
core   0: 0x80009d70 (0x283f2a23) sw      gp, 660(t5)
core   0: 3 0x80009d70 (0x283f2a23) mem 0x80010000 0x00000001
core   0: 0x80009d74 (0xff9ff06f) j       pc - 0x8
core   0: 3 0x80009d74 (0xff9ff06f)
core   0: 0x80009d6c (0x00006f17) auipc   t5, 0x6
core   0: 3 0x80009d6c (0x00006f17) x30 0x8000fd6c
core   0: 0x80009d70 (0x283f2a23) sw      gp, 660(t5)
core   0: 3 0x80009d70 (0x283f2a23) mem 0x80010000 0x00000001
core   0: 0x80009d74 (0xff9ff06f) j       pc - 0x8
core   0: 3 0x80009d74 (0xff9ff06f)
core   0: 0x80009d6c (0x00006f17) auipc   t5, 0x6
core   0: 3 0x80009d6c (0x00006f17) x30 0x8000fd6c
core   0: 0x80009d70 (0x283f2a23) sw      gp, 660(t5)
core   0: 3 0x80009d70 (0x283f2a23) mem 0x80010000 0x00000001
core   0: 0x80009d74 (0xff9ff06f) j       pc - 0x8
core   0: 3 0x80009d74 (0xff9ff06f)
core   0: 0x80009d6c (0x00006f17) auipc   t5, 0x6
core   0: 3 0x80009d6c (0x00006f17) x30 0x8000fd6c
core   0: 0x80009d70 (0x283f2a23) sw      gp, 660(t5)
core   0: 3 0x80009d70 (0x283f2a23) mem 0x80010000 0x00000001
core   0: 0x80009d74 (0xff9ff06f) j       pc - 0x8
core   0: 3 0x80009d74 (0xff9ff06f)
core   0: 0x80009d6c (0x00006f17) auipc   t5, 0x6
core   0: 3 0x80009d6c (0x00006f17) x30 0x8000fd6c
core   0: 0x80009d70 (0x283f2a23) sw      gp, 660(t5)
core   0: 3 0x80009d70 (0x283f2a23) mem 0x80010000 0x00000001
core   0: 0x80009d74 (0xff9ff06f) j       pc - 0x8
core   0: 3 0x80009d74 (0xff9ff06f)
core   0: 0x80009d6c (0x00006f17) auipc   t5, 0x6
core   0: 3 0x80009d6c (0x00006f17) x30 0x8000fd6c
core   0: 0x80009d70 (0x283f2a23) sw      gp, 660(t5)
core   0: 3 0x80009d70 (0x283f2a23) mem 0x80010000 0x00000001
core   0: 0x80009d74 (0xff9ff06f) j       pc - 0x8
core   0: 3 0x80009d74 (0xff9ff06f)
core   0: 0x80009d6c (0x00006f17) auipc   t5, 0x6
core   0: 3 0x80009d6c (0x00006f17) x30 0x8000fd6c
core   0: 0x80009d70 (0x283f2a23) sw      gp, 660(t5)
core   0: 3 0x80009d70 (0x283f2a23) mem 0x80010000 0x00000001
core   0: 0x80009d74 (0xff9ff06f) j       pc - 0x8
core   0: 3 0x80009d74 (0xff9ff06f)
core   0: 0x80009d6c (0x00006f17) auipc   t5, 0x6
core   0: 3 0x80009d6c (0x00006f17) x30 0x8000fd6c
core   0: 0x80009d70 (0x283f2a23) sw      gp, 660(t5)
core   0: 3 0x80009d70 (0x283f2a23) mem 0x80010000 0x00000001
core   0: 0x80009d74 (0xff9ff06f) j       pc - 0x8
core   0: 3 0x80009d74 (0xff9ff06f)
core   0: 0x80009d6c (0x00006f17) auipc   t5, 0x6
core   0: 3 0x80009d6c (0x00006f17) x30 0x8000fd6c
core   0: 0x80009d70 (0x283f2a23) sw      gp, 660(t5)
core   0: 3 0x80009d70 (0x283f2a23) mem 0x80010000 0x00000001
core   0: 0x80009d74 (0xff9ff06f) j       pc - 0x8
core   0: 3 0x80009d74 (0xff9ff06f)
core   0: 0x80009d6c (0x00006f17) auipc   t5, 0x6
core   0: 3 0x80009d6c (0x00006f17) x30 0x8000fd6c
core   0: 0x80009d70 (0x283f2a23) sw      gp, 660(t5)
core   0: 3 0x80009d70 (0x283f2a23) mem 0x80010000 0x00000001
core   0: 0x80009d74 (0xff9ff06f) j       pc - 0x8
core   0: 3 0x80009d74 (0xff9ff06f)
core   0: 0x80009d6c (0x00006f17) auipc   t5, 0x6
core   0: 3 0x80009d6c (0x00006f17) x30 0x8000fd6c
core   0: 0x80009d70 (0x283f2a23) sw      gp, 660(t5)
core   0: 3 0x80009d70 (0x283f2a23) mem 0x80010000 0x00000001
core   0: 0x80009d74 (0xff9ff06f) j       pc - 0x8
core   0: 3 0x80009d74 (0xff9ff06f)
core   0: 0x80009d6c (0x00006f17) auipc   t5, 0x6
core   0: 3 0x80009d6c (0x00006f17) x30 0x8000fd6c
core   0: 0x80009d70 (0x283f2a23) sw      gp, 660(t5)
core   0: 3 0x80009d70 (0x283f2a23) mem 0x80010000 0x00000001
core   0: 0x80009d74 (0xff9ff06f) j       pc - 0x8
core   0: 3 0x80009d74 (0xff9ff06f)
core   0: 0x80009d6c (0x00006f17) auipc   t5, 0x6
core   0: 3 0x80009d6c (0x00006f17) x30 0x8000fd6c
core   0: 0x80009d70 (0x283f2a23) sw      gp, 660(t5)
core   0: 3 0x80009d70 (0x283f2a23) mem 0x80010000 0x00000001
core   0: 0x80009d74 (0xff9ff06f) j       pc - 0x8
core   0: 3 0x80009d74 (0xff9ff06f)
core   0: 0x80009d6c (0x00006f17) auipc   t5, 0x6
core   0: 3 0x80009d6c (0x00006f17) x30 0x8000fd6c
core   0: 0x80009d70 (0x283f2a23) sw      gp, 660(t5)
core   0: 3 0x80009d70 (0x283f2a23) mem 0x80010000 0x00000001
core   0: 0x80009d74 (0xff9ff06f) j       pc - 0x8
core   0: 3 0x80009d74 (0xff9ff06f)
core   0: 0x80009d6c (0x00006f17) auipc   t5, 0x6
core   0: 3 0x80009d6c (0x00006f17) x30 0x8000fd6c
core   0: 0x80009d70 (0x283f2a23) sw      gp, 660(t5)
core   0: 3 0x80009d70 (0x283f2a23) mem 0x80010000 0x00000001
core   0: 0x80009d74 (0xff9ff06f) j       pc - 0x8
core   0: 3 0x80009d74 (0xff9ff06f)
core   0: 0x80009d6c (0x00006f17) auipc   t5, 0x6
core   0: 3 0x80009d6c (0x00006f17) x30 0x8000fd6c
core   0: 0x80009d70 (0x283f2a23) sw      gp, 660(t5)
core   0: 3 0x80009d70 (0x283f2a23) mem 0x80010000 0x00000001
core   0: 0x80009d74 (0xff9ff06f) j       pc - 0x8
core   0: 3 0x80009d74 (0xff9ff06f)
core   0: 0x80009d6c (0x00006f17) auipc   t5, 0x6
core   0: 3 0x80009d6c (0x00006f17) x30 0x8000fd6c
core   0: 0x80009d70 (0x283f2a23) sw      gp, 660(t5)
core   0: 3 0x80009d70 (0x283f2a23) mem 0x80010000 0x00000001
core   0: 0x80009d74 (0xff9ff06f) j       pc - 0x8
core   0: 3 0x80009d74 (0xff9ff06f)
core   0: 0x80009d6c (0x00006f17) auipc   t5, 0x6
core   0: 3 0x80009d6c (0x00006f17) x30 0x8000fd6c
core   0: 0x80009d70 (0x283f2a23) sw      gp, 660(t5)
core   0: 3 0x80009d70 (0x283f2a23) mem 0x80010000 0x00000001
core   0: 0x80009d74 (0xff9ff06f) j       pc - 0x8
core   0: 3 0x80009d74 (0xff9ff06f)
core   0: 0x80009d6c (0x00006f17) auipc   t5, 0x6
core   0: 3 0x80009d6c (0x00006f17) x30 0x8000fd6c
core   0: 0x80009d70 (0x283f2a23) sw      gp, 660(t5)
core   0: 3 0x80009d70 (0x283f2a23) mem 0x80010000 0x00000001
core   0: 0x80009d74 (0xff9ff06f) j       pc - 0x8
core   0: 3 0x80009d74 (0xff9ff06f)
core   0: 0x80009d6c (0x00006f17) auipc   t5, 0x6
core   0: 3 0x80009d6c (0x00006f17) x30 0x8000fd6c
core   0: 0x80009d70 (0x283f2a23) sw      gp, 660(t5)
core   0: 3 0x80009d70 (0x283f2a23) mem 0x80010000 0x00000001
core   0: 0x80009d74 (0xff9ff06f) j       pc - 0x8
core   0: 3 0x80009d74 (0xff9ff06f)
core   0: 0x80009d6c (0x00006f17) auipc   t5, 0x6
core   0: 3 0x80009d6c (0x00006f17) x30 0x8000fd6c
core   0: 0x80009d70 (0x283f2a23) sw      gp, 660(t5)
core   0: 3 0x80009d70 (0x283f2a23) mem 0x80010000 0x00000001
core   0: 0x80009d74 (0xff9ff06f) j       pc - 0x8
core   0: 3 0x80009d74 (0xff9ff06f)
core   0: 0x80009d6c (0x00006f17) auipc   t5, 0x6
core   0: 3 0x80009d6c (0x00006f17) x30 0x8000fd6c
core   0: 0x80009d70 (0x283f2a23) sw      gp, 660(t5)
core   0: 3 0x80009d70 (0x283f2a23) mem 0x80010000 0x00000001
core   0: 0x80009d74 (0xff9ff06f) j       pc - 0x8
core   0: 3 0x80009d74 (0xff9ff06f)
core   0: 0x80009d6c (0x00006f17) auipc   t5, 0x6
core   0: 3 0x80009d6c (0x00006f17) x30 0x8000fd6c
core   0: 0x80009d70 (0x283f2a23) sw      gp, 660(t5)
core   0: 3 0x80009d70 (0x283f2a23) mem 0x80010000 0x00000001
core   0: 0x80009d74 (0xff9ff06f) j       pc - 0x8
core   0: 3 0x80009d74 (0xff9ff06f)
core   0: 0x80009d6c (0x00006f17) auipc   t5, 0x6
core   0: 3 0x80009d6c (0x00006f17) x30 0x8000fd6c
core   0: 0x80009d70 (0x283f2a23) sw      gp, 660(t5)
core   0: 3 0x80009d70 (0x283f2a23) mem 0x80010000 0x00000001
core   0: 0x80009d74 (0xff9ff06f) j       pc - 0x8
core   0: 3 0x80009d74 (0xff9ff06f)
core   0: 0x80009d6c (0x00006f17) auipc   t5, 0x6
core   0: 3 0x80009d6c (0x00006f17) x30 0x8000fd6c
core   0: 0x80009d70 (0x283f2a23) sw      gp, 660(t5)
core   0: 3 0x80009d70 (0x283f2a23) mem 0x80010000 0x00000001
core   0: 0x80009d74 (0xff9ff06f) j       pc - 0x8
core   0: 3 0x80009d74 (0xff9ff06f)
core   0: 0x80009d6c (0x00006f17) auipc   t5, 0x6
core   0: 3 0x80009d6c (0x00006f17) x30 0x8000fd6c
core   0: 0x80009d70 (0x283f2a23) sw      gp, 660(t5)
core   0: 3 0x80009d70 (0x283f2a23) mem 0x80010000 0x00000001
core   0: 0x80009d74 (0xff9ff06f) j       pc - 0x8
core   0: 3 0x80009d74 (0xff9ff06f)
core   0: 0x80009d6c (0x00006f17) auipc   t5, 0x6
core   0: 3 0x80009d6c (0x00006f17) x30 0x8000fd6c
core   0: 0x80009d70 (0x283f2a23) sw      gp, 660(t5)
core   0: 3 0x80009d70 (0x283f2a23) mem 0x80010000 0x00000001
core   0: 0x80009d74 (0xff9ff06f) j       pc - 0x8
core   0: 3 0x80009d74 (0xff9ff06f)
core   0: 0x80009d6c (0x00006f17) auipc   t5, 0x6
core   0: 3 0x80009d6c (0x00006f17) x30 0x8000fd6c
core   0: 0x80009d70 (0x283f2a23) sw      gp, 660(t5)
core   0: 3 0x80009d70 (0x283f2a23) mem 0x80010000 0x00000001
core   0: 0x80009d74 (0xff9ff06f) j       pc - 0x8
core   0: 3 0x80009d74 (0xff9ff06f)
core   0: 0x80009d6c (0x00006f17) auipc   t5, 0x6
core   0: 3 0x80009d6c (0x00006f17) x30 0x8000fd6c
core   0: 0x80009d70 (0x283f2a23) sw      gp, 660(t5)
core   0: 3 0x80009d70 (0x283f2a23) mem 0x80010000 0x00000001
core   0: 0x80009d74 (0xff9ff06f) j       pc - 0x8
core   0: 3 0x80009d74 (0xff9ff06f)
core   0: 0x80009d6c (0x00006f17) auipc   t5, 0x6
core   0: 3 0x80009d6c (0x00006f17) x30 0x8000fd6c
core   0: 0x80009d70 (0x283f2a23) sw      gp, 660(t5)
core   0: 3 0x80009d70 (0x283f2a23) mem 0x80010000 0x00000001
core   0: 0x80009d74 (0xff9ff06f) j       pc - 0x8
core   0: 3 0x80009d74 (0xff9ff06f)
core   0: 0x80009d6c (0x00006f17) auipc   t5, 0x6
core   0: 3 0x80009d6c (0x00006f17) x30 0x8000fd6c
core   0: 0x80009d70 (0x283f2a23) sw      gp, 660(t5)
core   0: 3 0x80009d70 (0x283f2a23) mem 0x80010000 0x00000001
core   0: 0x80009d74 (0xff9ff06f) j       pc - 0x8
core   0: 3 0x80009d74 (0xff9ff06f)
core   0: 0x80009d6c (0x00006f17) auipc   t5, 0x6
core   0: 3 0x80009d6c (0x00006f17) x30 0x8000fd6c
core   0: 0x80009d70 (0x283f2a23) sw      gp, 660(t5)
core   0: 3 0x80009d70 (0x283f2a23) mem 0x80010000 0x00000001
core   0: 0x80009d74 (0xff9ff06f) j       pc - 0x8
core   0: 3 0x80009d74 (0xff9ff06f)
core   0: 0x80009d6c (0x00006f17) auipc   t5, 0x6
core   0: 3 0x80009d6c (0x00006f17) x30 0x8000fd6c
core   0: 0x80009d70 (0x283f2a23) sw      gp, 660(t5)
core   0: 3 0x80009d70 (0x283f2a23) mem 0x80010000 0x00000001
core   0: 0x80009d74 (0xff9ff06f) j       pc - 0x8
core   0: 3 0x80009d74 (0xff9ff06f)
core   0: 0x80009d6c (0x00006f17) auipc   t5, 0x6
core   0: 3 0x80009d6c (0x00006f17) x30 0x8000fd6c
core   0: 0x80009d70 (0x283f2a23) sw      gp, 660(t5)
core   0: 3 0x80009d70 (0x283f2a23) mem 0x80010000 0x00000001
core   0: 0x80009d74 (0xff9ff06f) j       pc - 0x8
core   0: 3 0x80009d74 (0xff9ff06f)
core   0: 0x80009d6c (0x00006f17) auipc   t5, 0x6
core   0: 3 0x80009d6c (0x00006f17) x30 0x8000fd6c
core   0: 0x80009d70 (0x283f2a23) sw      gp, 660(t5)
core   0: 3 0x80009d70 (0x283f2a23) mem 0x80010000 0x00000001
core   0: 0x80009d74 (0xff9ff06f) j       pc - 0x8
core   0: 3 0x80009d74 (0xff9ff06f)
core   0: 0x80009d6c (0x00006f17) auipc   t5, 0x6
core   0: 3 0x80009d6c (0x00006f17) x30 0x8000fd6c
core   0: 0x80009d70 (0x283f2a23) sw      gp, 660(t5)
core   0: 3 0x80009d70 (0x283f2a23) mem 0x80010000 0x00000001
core   0: 0x80009d74 (0xff9ff06f) j       pc - 0x8
core   0: 3 0x80009d74 (0xff9ff06f)
core   0: 0x80009d6c (0x00006f17) auipc   t5, 0x6
core   0: 3 0x80009d6c (0x00006f17) x30 0x8000fd6c
core   0: 0x80009d70 (0x283f2a23) sw      gp, 660(t5)
core   0: 3 0x80009d70 (0x283f2a23) mem 0x80010000 0x00000001
core   0: 0x80009d74 (0xff9ff06f) j       pc - 0x8
core   0: 3 0x80009d74 (0xff9ff06f)
core   0: 0x80009d6c (0x00006f17) auipc   t5, 0x6
core   0: 3 0x80009d6c (0x00006f17) x30 0x8000fd6c
core   0: 0x80009d70 (0x283f2a23) sw      gp, 660(t5)
core   0: 3 0x80009d70 (0x283f2a23) mem 0x80010000 0x00000001
core   0: 0x80009d74 (0xff9ff06f) j       pc - 0x8
core   0: 3 0x80009d74 (0xff9ff06f)
core   0: 0x80009d6c (0x00006f17) auipc   t5, 0x6
core   0: 3 0x80009d6c (0x00006f17) x30 0x8000fd6c
core   0: 0x80009d70 (0x283f2a23) sw      gp, 660(t5)
core   0: 3 0x80009d70 (0x283f2a23) mem 0x80010000 0x00000001
core   0: 0x80009d74 (0xff9ff06f) j       pc - 0x8
core   0: 3 0x80009d74 (0xff9ff06f)
core   0: 0x80009d6c (0x00006f17) auipc   t5, 0x6
core   0: 3 0x80009d6c (0x00006f17) x30 0x8000fd6c
core   0: 0x80009d70 (0x283f2a23) sw      gp, 660(t5)
core   0: 3 0x80009d70 (0x283f2a23) mem 0x80010000 0x00000001
core   0: 0x80009d74 (0xff9ff06f) j       pc - 0x8
core   0: 3 0x80009d74 (0xff9ff06f)
core   0: 0x80009d6c (0x00006f17) auipc   t5, 0x6
core   0: 3 0x80009d6c (0x00006f17) x30 0x8000fd6c
core   0: 0x80009d70 (0x283f2a23) sw      gp, 660(t5)
core   0: 3 0x80009d70 (0x283f2a23) mem 0x80010000 0x00000001
core   0: 0x80009d74 (0xff9ff06f) j       pc - 0x8
core   0: 3 0x80009d74 (0xff9ff06f)
core   0: 0x80009d6c (0x00006f17) auipc   t5, 0x6
core   0: 3 0x80009d6c (0x00006f17) x30 0x8000fd6c
core   0: 0x80009d70 (0x283f2a23) sw      gp, 660(t5)
core   0: 3 0x80009d70 (0x283f2a23) mem 0x80010000 0x00000001
core   0: 0x80009d74 (0xff9ff06f) j       pc - 0x8
core   0: 3 0x80009d74 (0xff9ff06f)
core   0: 0x80009d6c (0x00006f17) auipc   t5, 0x6
core   0: 3 0x80009d6c (0x00006f17) x30 0x8000fd6c
core   0: 0x80009d70 (0x283f2a23) sw      gp, 660(t5)
core   0: 3 0x80009d70 (0x283f2a23) mem 0x80010000 0x00000001
core   0: 0x80009d74 (0xff9ff06f) j       pc - 0x8
core   0: 3 0x80009d74 (0xff9ff06f)
core   0: 0x80009d6c (0x00006f17) auipc   t5, 0x6
core   0: 3 0x80009d6c (0x00006f17) x30 0x8000fd6c
core   0: 0x80009d70 (0x283f2a23) sw      gp, 660(t5)
core   0: 3 0x80009d70 (0x283f2a23) mem 0x80010000 0x00000001
core   0: 0x80009d74 (0xff9ff06f) j       pc - 0x8
core   0: 3 0x80009d74 (0xff9ff06f)
core   0: 0x80009d6c (0x00006f17) auipc   t5, 0x6
core   0: 3 0x80009d6c (0x00006f17) x30 0x8000fd6c
core   0: 0x80009d70 (0x283f2a23) sw      gp, 660(t5)
core   0: 3 0x80009d70 (0x283f2a23) mem 0x80010000 0x00000001
core   0: 0x80009d74 (0xff9ff06f) j       pc - 0x8
core   0: 3 0x80009d74 (0xff9ff06f)
core   0: 0x80009d6c (0x00006f17) auipc   t5, 0x6
core   0: 3 0x80009d6c (0x00006f17) x30 0x8000fd6c
core   0: 0x80009d70 (0x283f2a23) sw      gp, 660(t5)
core   0: 3 0x80009d70 (0x283f2a23) mem 0x80010000 0x00000001
core   0: 0x80009d74 (0xff9ff06f) j       pc - 0x8
core   0: 3 0x80009d74 (0xff9ff06f)
core   0: 0x80009d6c (0x00006f17) auipc   t5, 0x6
core   0: 3 0x80009d6c (0x00006f17) x30 0x8000fd6c
core   0: 0x80009d70 (0x283f2a23) sw      gp, 660(t5)
core   0: 3 0x80009d70 (0x283f2a23) mem 0x80010000 0x00000001
core   0: 0x80009d74 (0xff9ff06f) j       pc - 0x8
core   0: 3 0x80009d74 (0xff9ff06f)
core   0: 0x80009d6c (0x00006f17) auipc   t5, 0x6
core   0: 3 0x80009d6c (0x00006f17) x30 0x8000fd6c
core   0: 0x80009d70 (0x283f2a23) sw      gp, 660(t5)
core   0: 3 0x80009d70 (0x283f2a23) mem 0x80010000 0x00000001
core   0: 0x80009d74 (0xff9ff06f) j       pc - 0x8
core   0: 3 0x80009d74 (0xff9ff06f)
core   0: 0x80009d6c (0x00006f17) auipc   t5, 0x6
core   0: 3 0x80009d6c (0x00006f17) x30 0x8000fd6c
core   0: 0x80009d70 (0x283f2a23) sw      gp, 660(t5)
core   0: 3 0x80009d70 (0x283f2a23) mem 0x80010000 0x00000001
core   0: 0x80009d74 (0xff9ff06f) j       pc - 0x8
core   0: 3 0x80009d74 (0xff9ff06f)
core   0: 0x80009d6c (0x00006f17) auipc   t5, 0x6
core   0: 3 0x80009d6c (0x00006f17) x30 0x8000fd6c
core   0: 0x80009d70 (0x283f2a23) sw      gp, 660(t5)
core   0: 3 0x80009d70 (0x283f2a23) mem 0x80010000 0x00000001
core   0: 0x80009d74 (0xff9ff06f) j       pc - 0x8
core   0: 3 0x80009d74 (0xff9ff06f)
core   0: 0x80009d6c (0x00006f17) auipc   t5, 0x6
core   0: 3 0x80009d6c (0x00006f17) x30 0x8000fd6c
core   0: 0x80009d70 (0x283f2a23) sw      gp, 660(t5)
core   0: 3 0x80009d70 (0x283f2a23) mem 0x80010000 0x00000001
core   0: 0x80009d74 (0xff9ff06f) j       pc - 0x8
core   0: 3 0x80009d74 (0xff9ff06f)
core   0: 0x80009d6c (0x00006f17) auipc   t5, 0x6
core   0: 3 0x80009d6c (0x00006f17) x30 0x8000fd6c
core   0: 0x80009d70 (0x283f2a23) sw      gp, 660(t5)
core   0: 3 0x80009d70 (0x283f2a23) mem 0x80010000 0x00000001
core   0: 0x80009d74 (0xff9ff06f) j       pc - 0x8
core   0: 3 0x80009d74 (0xff9ff06f)
core   0: 0x80009d6c (0x00006f17) auipc   t5, 0x6
core   0: 3 0x80009d6c (0x00006f17) x30 0x8000fd6c
core   0: 0x80009d70 (0x283f2a23) sw      gp, 660(t5)
core   0: 3 0x80009d70 (0x283f2a23) mem 0x80010000 0x00000001
core   0: 0x80009d74 (0xff9ff06f) j       pc - 0x8
core   0: 3 0x80009d74 (0xff9ff06f)
core   0: 0x80009d6c (0x00006f17) auipc   t5, 0x6
core   0: 3 0x80009d6c (0x00006f17) x30 0x8000fd6c
core   0: 0x80009d70 (0x283f2a23) sw      gp, 660(t5)
core   0: 3 0x80009d70 (0x283f2a23) mem 0x80010000 0x00000001
core   0: 0x80009d74 (0xff9ff06f) j       pc - 0x8
core   0: 3 0x80009d74 (0xff9ff06f)
core   0: 0x80009d6c (0x00006f17) auipc   t5, 0x6
core   0: 3 0x80009d6c (0x00006f17) x30 0x8000fd6c
core   0: 0x80009d70 (0x283f2a23) sw      gp, 660(t5)
core   0: 3 0x80009d70 (0x283f2a23) mem 0x80010000 0x00000001
core   0: 0x80009d74 (0xff9ff06f) j       pc - 0x8
core   0: 3 0x80009d74 (0xff9ff06f)
core   0: 0x80009d6c (0x00006f17) auipc   t5, 0x6
core   0: 3 0x80009d6c (0x00006f17) x30 0x8000fd6c
core   0: 0x80009d70 (0x283f2a23) sw      gp, 660(t5)
core   0: 3 0x80009d70 (0x283f2a23) mem 0x80010000 0x00000001
core   0: 0x80009d74 (0xff9ff06f) j       pc - 0x8
core   0: 3 0x80009d74 (0xff9ff06f)
core   0: 0x80009d6c (0x00006f17) auipc   t5, 0x6
core   0: 3 0x80009d6c (0x00006f17) x30 0x8000fd6c
core   0: 0x80009d70 (0x283f2a23) sw      gp, 660(t5)
core   0: 3 0x80009d70 (0x283f2a23) mem 0x80010000 0x00000001
core   0: 0x80009d74 (0xff9ff06f) j       pc - 0x8
core   0: 3 0x80009d74 (0xff9ff06f)
core   0: 0x80009d6c (0x00006f17) auipc   t5, 0x6
core   0: 3 0x80009d6c (0x00006f17) x30 0x8000fd6c
core   0: 0x80009d70 (0x283f2a23) sw      gp, 660(t5)
core   0: 3 0x80009d70 (0x283f2a23) mem 0x80010000 0x00000001
core   0: 0x80009d74 (0xff9ff06f) j       pc - 0x8
core   0: 3 0x80009d74 (0xff9ff06f)
core   0: 0x80009d6c (0x00006f17) auipc   t5, 0x6
core   0: 3 0x80009d6c (0x00006f17) x30 0x8000fd6c
core   0: 0x80009d70 (0x283f2a23) sw      gp, 660(t5)
core   0: 3 0x80009d70 (0x283f2a23) mem 0x80010000 0x00000001
core   0: 0x80009d74 (0xff9ff06f) j       pc - 0x8
core   0: 3 0x80009d74 (0xff9ff06f)
core   0: 0x80009d6c (0x00006f17) auipc   t5, 0x6
core   0: 3 0x80009d6c (0x00006f17) x30 0x8000fd6c
core   0: 0x80009d70 (0x283f2a23) sw      gp, 660(t5)
core   0: 3 0x80009d70 (0x283f2a23) mem 0x80010000 0x00000001
core   0: 0x80009d74 (0xff9ff06f) j       pc - 0x8
core   0: 3 0x80009d74 (0xff9ff06f)
core   0: 0x80009d6c (0x00006f17) auipc   t5, 0x6
core   0: 3 0x80009d6c (0x00006f17) x30 0x8000fd6c
core   0: 0x80009d70 (0x283f2a23) sw      gp, 660(t5)
core   0: 3 0x80009d70 (0x283f2a23) mem 0x80010000 0x00000001
core   0: 0x80009d74 (0xff9ff06f) j       pc - 0x8
core   0: 3 0x80009d74 (0xff9ff06f)
core   0: 0x80009d6c (0x00006f17) auipc   t5, 0x6
core   0: 3 0x80009d6c (0x00006f17) x30 0x8000fd6c
core   0: 0x80009d70 (0x283f2a23) sw      gp, 660(t5)
core   0: 3 0x80009d70 (0x283f2a23) mem 0x80010000 0x00000001
core   0: 0x80009d74 (0xff9ff06f) j       pc - 0x8
core   0: 3 0x80009d74 (0xff9ff06f)
core   0: 0x80009d6c (0x00006f17) auipc   t5, 0x6
core   0: 3 0x80009d6c (0x00006f17) x30 0x8000fd6c
core   0: 0x80009d70 (0x283f2a23) sw      gp, 660(t5)
core   0: 3 0x80009d70 (0x283f2a23) mem 0x80010000 0x00000001
core   0: 0x80009d74 (0xff9ff06f) j       pc - 0x8
core   0: 3 0x80009d74 (0xff9ff06f)
core   0: 0x80009d6c (0x00006f17) auipc   t5, 0x6
core   0: 3 0x80009d6c (0x00006f17) x30 0x8000fd6c
core   0: 0x80009d70 (0x283f2a23) sw      gp, 660(t5)
core   0: 3 0x80009d70 (0x283f2a23) mem 0x80010000 0x00000001
core   0: 0x80009d74 (0xff9ff06f) j       pc - 0x8
core   0: 3 0x80009d74 (0xff9ff06f)
core   0: 0x80009d6c (0x00006f17) auipc   t5, 0x6
core   0: 3 0x80009d6c (0x00006f17) x30 0x8000fd6c
core   0: 0x80009d70 (0x283f2a23) sw      gp, 660(t5)
core   0: 3 0x80009d70 (0x283f2a23) mem 0x80010000 0x00000001
core   0: 0x80009d74 (0xff9ff06f) j       pc - 0x8
core   0: 3 0x80009d74 (0xff9ff06f)
core   0: 0x80009d6c (0x00006f17) auipc   t5, 0x6
core   0: 3 0x80009d6c (0x00006f17) x30 0x8000fd6c
core   0: 0x80009d70 (0x283f2a23) sw      gp, 660(t5)
core   0: 3 0x80009d70 (0x283f2a23) mem 0x80010000 0x00000001
core   0: 0x80009d74 (0xff9ff06f) j       pc - 0x8
core   0: 3 0x80009d74 (0xff9ff06f)
core   0: 0x80009d6c (0x00006f17) auipc   t5, 0x6
core   0: 3 0x80009d6c (0x00006f17) x30 0x8000fd6c
core   0: 0x80009d70 (0x283f2a23) sw      gp, 660(t5)
core   0: 3 0x80009d70 (0x283f2a23) mem 0x80010000 0x00000001
core   0: 0x80009d74 (0xff9ff06f) j       pc - 0x8
core   0: 3 0x80009d74 (0xff9ff06f)
core   0: 0x80009d6c (0x00006f17) auipc   t5, 0x6
core   0: 3 0x80009d6c (0x00006f17) x30 0x8000fd6c
core   0: 0x80009d70 (0x283f2a23) sw      gp, 660(t5)
core   0: 3 0x80009d70 (0x283f2a23) mem 0x80010000 0x00000001
core   0: 0x80009d74 (0xff9ff06f) j       pc - 0x8
core   0: 3 0x80009d74 (0xff9ff06f)
core   0: 0x80009d6c (0x00006f17) auipc   t5, 0x6
core   0: 3 0x80009d6c (0x00006f17) x30 0x8000fd6c
core   0: 0x80009d70 (0x283f2a23) sw      gp, 660(t5)
core   0: 3 0x80009d70 (0x283f2a23) mem 0x80010000 0x00000001
core   0: 0x80009d74 (0xff9ff06f) j       pc - 0x8
core   0: 3 0x80009d74 (0xff9ff06f)
core   0: 0x80009d6c (0x00006f17) auipc   t5, 0x6
core   0: 3 0x80009d6c (0x00006f17) x30 0x8000fd6c
core   0: 0x80009d70 (0x283f2a23) sw      gp, 660(t5)
core   0: 3 0x80009d70 (0x283f2a23) mem 0x80010000 0x00000001
core   0: 0x80009d74 (0xff9ff06f) j       pc - 0x8
core   0: 3 0x80009d74 (0xff9ff06f)
core   0: 0x80009d6c (0x00006f17) auipc   t5, 0x6
core   0: 3 0x80009d6c (0x00006f17) x30 0x8000fd6c
core   0: 0x80009d70 (0x283f2a23) sw      gp, 660(t5)
core   0: 3 0x80009d70 (0x283f2a23) mem 0x80010000 0x00000001
core   0: 0x80009d74 (0xff9ff06f) j       pc - 0x8
core   0: 3 0x80009d74 (0xff9ff06f)
core   0: 0x80009d6c (0x00006f17) auipc   t5, 0x6
core   0: 3 0x80009d6c (0x00006f17) x30 0x8000fd6c
core   0: 0x80009d70 (0x283f2a23) sw      gp, 660(t5)
core   0: 3 0x80009d70 (0x283f2a23) mem 0x80010000 0x00000001
core   0: 0x80009d74 (0xff9ff06f) j       pc - 0x8
core   0: 3 0x80009d74 (0xff9ff06f)
core   0: 0x80009d6c (0x00006f17) auipc   t5, 0x6
core   0: 3 0x80009d6c (0x00006f17) x30 0x8000fd6c
core   0: 0x80009d70 (0x283f2a23) sw      gp, 660(t5)
core   0: 3 0x80009d70 (0x283f2a23) mem 0x80010000 0x00000001
core   0: 0x80009d74 (0xff9ff06f) j       pc - 0x8
core   0: 3 0x80009d74 (0xff9ff06f)
core   0: 0x80009d6c (0x00006f17) auipc   t5, 0x6
core   0: 3 0x80009d6c (0x00006f17) x30 0x8000fd6c
core   0: 0x80009d70 (0x283f2a23) sw      gp, 660(t5)
core   0: 3 0x80009d70 (0x283f2a23) mem 0x80010000 0x00000001
core   0: 0x80009d74 (0xff9ff06f) j       pc - 0x8
core   0: 3 0x80009d74 (0xff9ff06f)
core   0: 0x80009d6c (0x00006f17) auipc   t5, 0x6
core   0: 3 0x80009d6c (0x00006f17) x30 0x8000fd6c
core   0: 0x80009d70 (0x283f2a23) sw      gp, 660(t5)
core   0: 3 0x80009d70 (0x283f2a23) mem 0x80010000 0x00000001
core   0: 0x80009d74 (0xff9ff06f) j       pc - 0x8
core   0: 3 0x80009d74 (0xff9ff06f)
core   0: 0x80009d6c (0x00006f17) auipc   t5, 0x6
core   0: 3 0x80009d6c (0x00006f17) x30 0x8000fd6c
core   0: 0x80009d70 (0x283f2a23) sw      gp, 660(t5)
core   0: 3 0x80009d70 (0x283f2a23) mem 0x80010000 0x00000001
core   0: 0x80009d74 (0xff9ff06f) j       pc - 0x8
core   0: 3 0x80009d74 (0xff9ff06f)
core   0: 0x80009d6c (0x00006f17) auipc   t5, 0x6
core   0: 3 0x80009d6c (0x00006f17) x30 0x8000fd6c
core   0: 0x80009d70 (0x283f2a23) sw      gp, 660(t5)
core   0: 3 0x80009d70 (0x283f2a23) mem 0x80010000 0x00000001
core   0: 0x80009d74 (0xff9ff06f) j       pc - 0x8
core   0: 3 0x80009d74 (0xff9ff06f)
core   0: 0x80009d6c (0x00006f17) auipc   t5, 0x6
core   0: 3 0x80009d6c (0x00006f17) x30 0x8000fd6c
core   0: 0x80009d70 (0x283f2a23) sw      gp, 660(t5)
core   0: 3 0x80009d70 (0x283f2a23) mem 0x80010000 0x00000001
core   0: 0x80009d74 (0xff9ff06f) j       pc - 0x8
core   0: 3 0x80009d74 (0xff9ff06f)
core   0: 0x80009d6c (0x00006f17) auipc   t5, 0x6
core   0: 3 0x80009d6c (0x00006f17) x30 0x8000fd6c
core   0: 0x80009d70 (0x283f2a23) sw      gp, 660(t5)
core   0: 3 0x80009d70 (0x283f2a23) mem 0x80010000 0x00000001
core   0: 0x80009d74 (0xff9ff06f) j       pc - 0x8
core   0: 3 0x80009d74 (0xff9ff06f)
core   0: 0x80009d6c (0x00006f17) auipc   t5, 0x6
core   0: 3 0x80009d6c (0x00006f17) x30 0x8000fd6c
core   0: 0x80009d70 (0x283f2a23) sw      gp, 660(t5)
core   0: 3 0x80009d70 (0x283f2a23) mem 0x80010000 0x00000001
core   0: 0x80009d74 (0xff9ff06f) j       pc - 0x8
core   0: 3 0x80009d74 (0xff9ff06f)
core   0: 0x80009d6c (0x00006f17) auipc   t5, 0x6
core   0: 3 0x80009d6c (0x00006f17) x30 0x8000fd6c
core   0: 0x80009d70 (0x283f2a23) sw      gp, 660(t5)
core   0: 3 0x80009d70 (0x283f2a23) mem 0x80010000 0x00000001
core   0: 0x80009d74 (0xff9ff06f) j       pc - 0x8
core   0: 3 0x80009d74 (0xff9ff06f)
core   0: 0x80009d6c (0x00006f17) auipc   t5, 0x6
core   0: 3 0x80009d6c (0x00006f17) x30 0x8000fd6c
core   0: 0x80009d70 (0x283f2a23) sw      gp, 660(t5)
core   0: 3 0x80009d70 (0x283f2a23) mem 0x80010000 0x00000001
core   0: 0x80009d74 (0xff9ff06f) j       pc - 0x8
core   0: 3 0x80009d74 (0xff9ff06f)
core   0: 0x80009d6c (0x00006f17) auipc   t5, 0x6
core   0: 3 0x80009d6c (0x00006f17) x30 0x8000fd6c
core   0: 0x80009d70 (0x283f2a23) sw      gp, 660(t5)
core   0: 3 0x80009d70 (0x283f2a23) mem 0x80010000 0x00000001
core   0: 0x80009d74 (0xff9ff06f) j       pc - 0x8
core   0: 3 0x80009d74 (0xff9ff06f)
core   0: 0x80009d6c (0x00006f17) auipc   t5, 0x6
core   0: 3 0x80009d6c (0x00006f17) x30 0x8000fd6c
core   0: 0x80009d70 (0x283f2a23) sw      gp, 660(t5)
core   0: 3 0x80009d70 (0x283f2a23) mem 0x80010000 0x00000001
core   0: 0x80009d74 (0xff9ff06f) j       pc - 0x8
core   0: 3 0x80009d74 (0xff9ff06f)
core   0: 0x80009d6c (0x00006f17) auipc   t5, 0x6
core   0: 3 0x80009d6c (0x00006f17) x30 0x8000fd6c
core   0: 0x80009d70 (0x283f2a23) sw      gp, 660(t5)
core   0: 3 0x80009d70 (0x283f2a23) mem 0x80010000 0x00000001
core   0: 0x80009d74 (0xff9ff06f) j       pc - 0x8
core   0: 3 0x80009d74 (0xff9ff06f)
core   0: 0x80009d6c (0x00006f17) auipc   t5, 0x6
core   0: 3 0x80009d6c (0x00006f17) x30 0x8000fd6c
core   0: 0x80009d70 (0x283f2a23) sw      gp, 660(t5)
core   0: 3 0x80009d70 (0x283f2a23) mem 0x80010000 0x00000001
core   0: 0x80009d74 (0xff9ff06f) j       pc - 0x8
core   0: 3 0x80009d74 (0xff9ff06f)
core   0: 0x80009d6c (0x00006f17) auipc   t5, 0x6
core   0: 3 0x80009d6c (0x00006f17) x30 0x8000fd6c
core   0: 0x80009d70 (0x283f2a23) sw      gp, 660(t5)
core   0: 3 0x80009d70 (0x283f2a23) mem 0x80010000 0x00000001
core   0: 0x80009d74 (0xff9ff06f) j       pc - 0x8
core   0: 3 0x80009d74 (0xff9ff06f)
core   0: 0x80009d6c (0x00006f17) auipc   t5, 0x6
core   0: 3 0x80009d6c (0x00006f17) x30 0x8000fd6c
core   0: 0x80009d70 (0x283f2a23) sw      gp, 660(t5)
core   0: 3 0x80009d70 (0x283f2a23) mem 0x80010000 0x00000001
core   0: 0x80009d74 (0xff9ff06f) j       pc - 0x8
core   0: 3 0x80009d74 (0xff9ff06f)
core   0: 0x80009d6c (0x00006f17) auipc   t5, 0x6
core   0: 3 0x80009d6c (0x00006f17) x30 0x8000fd6c
core   0: 0x80009d70 (0x283f2a23) sw      gp, 660(t5)
core   0: 3 0x80009d70 (0x283f2a23) mem 0x80010000 0x00000001
core   0: 0x80009d74 (0xff9ff06f) j       pc - 0x8
core   0: 3 0x80009d74 (0xff9ff06f)
core   0: 0x80009d6c (0x00006f17) auipc   t5, 0x6
core   0: 3 0x80009d6c (0x00006f17) x30 0x8000fd6c
core   0: 0x80009d70 (0x283f2a23) sw      gp, 660(t5)
core   0: 3 0x80009d70 (0x283f2a23) mem 0x80010000 0x00000001
core   0: 0x80009d74 (0xff9ff06f) j       pc - 0x8
core   0: 3 0x80009d74 (0xff9ff06f)
core   0: 0x80009d6c (0x00006f17) auipc   t5, 0x6
core   0: 3 0x80009d6c (0x00006f17) x30 0x8000fd6c
core   0: 0x80009d70 (0x283f2a23) sw      gp, 660(t5)
core   0: 3 0x80009d70 (0x283f2a23) mem 0x80010000 0x00000001
core   0: 0x80009d74 (0xff9ff06f) j       pc - 0x8
core   0: 3 0x80009d74 (0xff9ff06f)
core   0: 0x80009d6c (0x00006f17) auipc   t5, 0x6
core   0: 3 0x80009d6c (0x00006f17) x30 0x8000fd6c
core   0: 0x80009d70 (0x283f2a23) sw      gp, 660(t5)
core   0: 3 0x80009d70 (0x283f2a23) mem 0x80010000 0x00000001
core   0: 0x80009d74 (0xff9ff06f) j       pc - 0x8
core   0: 3 0x80009d74 (0xff9ff06f)
core   0: 0x80009d6c (0x00006f17) auipc   t5, 0x6
core   0: 3 0x80009d6c (0x00006f17) x30 0x8000fd6c
core   0: 0x80009d70 (0x283f2a23) sw      gp, 660(t5)
core   0: 3 0x80009d70 (0x283f2a23) mem 0x80010000 0x00000001
core   0: 0x80009d74 (0xff9ff06f) j       pc - 0x8
core   0: 3 0x80009d74 (0xff9ff06f)
core   0: 0x80009d6c (0x00006f17) auipc   t5, 0x6
core   0: 3 0x80009d6c (0x00006f17) x30 0x8000fd6c
core   0: 0x80009d70 (0x283f2a23) sw      gp, 660(t5)
core   0: 3 0x80009d70 (0x283f2a23) mem 0x80010000 0x00000001
core   0: 0x80009d74 (0xff9ff06f) j       pc - 0x8
core   0: 3 0x80009d74 (0xff9ff06f)
core   0: 0x80009d6c (0x00006f17) auipc   t5, 0x6
core   0: 3 0x80009d6c (0x00006f17) x30 0x8000fd6c
core   0: 0x80009d70 (0x283f2a23) sw      gp, 660(t5)
core   0: 3 0x80009d70 (0x283f2a23) mem 0x80010000 0x00000001
core   0: 0x80009d74 (0xff9ff06f) j       pc - 0x8
core   0: 3 0x80009d74 (0xff9ff06f)
core   0: 0x80009d6c (0x00006f17) auipc   t5, 0x6
core   0: 3 0x80009d6c (0x00006f17) x30 0x8000fd6c
core   0: 0x80009d70 (0x283f2a23) sw      gp, 660(t5)
core   0: 3 0x80009d70 (0x283f2a23) mem 0x80010000 0x00000001
core   0: 0x80009d74 (0xff9ff06f) j       pc - 0x8
core   0: 3 0x80009d74 (0xff9ff06f)
core   0: 0x80009d6c (0x00006f17) auipc   t5, 0x6
core   0: 3 0x80009d6c (0x00006f17) x30 0x8000fd6c
core   0: 0x80009d70 (0x283f2a23) sw      gp, 660(t5)
core   0: 3 0x80009d70 (0x283f2a23) mem 0x80010000 0x00000001
core   0: 0x80009d74 (0xff9ff06f) j       pc - 0x8
core   0: 3 0x80009d74 (0xff9ff06f)
core   0: 0x80009d6c (0x00006f17) auipc   t5, 0x6
core   0: 3 0x80009d6c (0x00006f17) x30 0x8000fd6c
core   0: 0x80009d70 (0x283f2a23) sw      gp, 660(t5)
core   0: 3 0x80009d70 (0x283f2a23) mem 0x80010000 0x00000001
core   0: 0x80009d74 (0xff9ff06f) j       pc - 0x8
core   0: 3 0x80009d74 (0xff9ff06f)
core   0: 0x80009d6c (0x00006f17) auipc   t5, 0x6
core   0: 3 0x80009d6c (0x00006f17) x30 0x8000fd6c
core   0: 0x80009d70 (0x283f2a23) sw      gp, 660(t5)
core   0: 3 0x80009d70 (0x283f2a23) mem 0x80010000 0x00000001
core   0: 0x80009d74 (0xff9ff06f) j       pc - 0x8
core   0: 3 0x80009d74 (0xff9ff06f)
core   0: 0x80009d6c (0x00006f17) auipc   t5, 0x6
core   0: 3 0x80009d6c (0x00006f17) x30 0x8000fd6c
core   0: 0x80009d70 (0x283f2a23) sw      gp, 660(t5)
core   0: 3 0x80009d70 (0x283f2a23) mem 0x80010000 0x00000001
core   0: 0x80009d74 (0xff9ff06f) j       pc - 0x8
core   0: 3 0x80009d74 (0xff9ff06f)
core   0: 0x80009d6c (0x00006f17) auipc   t5, 0x6
core   0: 3 0x80009d6c (0x00006f17) x30 0x8000fd6c
core   0: 0x80009d70 (0x283f2a23) sw      gp, 660(t5)
core   0: 3 0x80009d70 (0x283f2a23) mem 0x80010000 0x00000001
core   0: 0x80009d74 (0xff9ff06f) j       pc - 0x8
core   0: 3 0x80009d74 (0xff9ff06f)
core   0: 0x80009d6c (0x00006f17) auipc   t5, 0x6
core   0: 3 0x80009d6c (0x00006f17) x30 0x8000fd6c
core   0: 0x80009d70 (0x283f2a23) sw      gp, 660(t5)
core   0: 3 0x80009d70 (0x283f2a23) mem 0x80010000 0x00000001
core   0: 0x80009d74 (0xff9ff06f) j       pc - 0x8
core   0: 3 0x80009d74 (0xff9ff06f)
core   0: 0x80009d6c (0x00006f17) auipc   t5, 0x6
core   0: 3 0x80009d6c (0x00006f17) x30 0x8000fd6c
core   0: 0x80009d70 (0x283f2a23) sw      gp, 660(t5)
core   0: 3 0x80009d70 (0x283f2a23) mem 0x80010000 0x00000001
core   0: 0x80009d74 (0xff9ff06f) j       pc - 0x8
core   0: 3 0x80009d74 (0xff9ff06f)
core   0: 0x80009d6c (0x00006f17) auipc   t5, 0x6
core   0: 3 0x80009d6c (0x00006f17) x30 0x8000fd6c
core   0: 0x80009d70 (0x283f2a23) sw      gp, 660(t5)
core   0: 3 0x80009d70 (0x283f2a23) mem 0x80010000 0x00000001
core   0: 0x80009d74 (0xff9ff06f) j       pc - 0x8
core   0: 3 0x80009d74 (0xff9ff06f)
core   0: 0x80009d6c (0x00006f17) auipc   t5, 0x6
core   0: 3 0x80009d6c (0x00006f17) x30 0x8000fd6c
core   0: 0x80009d70 (0x283f2a23) sw      gp, 660(t5)
core   0: 3 0x80009d70 (0x283f2a23) mem 0x80010000 0x00000001
core   0: 0x80009d74 (0xff9ff06f) j       pc - 0x8
core   0: 3 0x80009d74 (0xff9ff06f)
core   0: 0x80009d6c (0x00006f17) auipc   t5, 0x6
core   0: 3 0x80009d6c (0x00006f17) x30 0x8000fd6c
core   0: 0x80009d70 (0x283f2a23) sw      gp, 660(t5)
core   0: 3 0x80009d70 (0x283f2a23) mem 0x80010000 0x00000001
core   0: 0x80009d74 (0xff9ff06f) j       pc - 0x8
core   0: 3 0x80009d74 (0xff9ff06f)
core   0: 0x80009d6c (0x00006f17) auipc   t5, 0x6
core   0: 3 0x80009d6c (0x00006f17) x30 0x8000fd6c
core   0: 0x80009d70 (0x283f2a23) sw      gp, 660(t5)
core   0: 3 0x80009d70 (0x283f2a23) mem 0x80010000 0x00000001
core   0: 0x80009d74 (0xff9ff06f) j       pc - 0x8
core   0: 3 0x80009d74 (0xff9ff06f)
core   0: 0x80009d6c (0x00006f17) auipc   t5, 0x6
core   0: 3 0x80009d6c (0x00006f17) x30 0x8000fd6c
core   0: 0x80009d70 (0x283f2a23) sw      gp, 660(t5)
core   0: 3 0x80009d70 (0x283f2a23) mem 0x80010000 0x00000001
core   0: 0x80009d74 (0xff9ff06f) j       pc - 0x8
core   0: 3 0x80009d74 (0xff9ff06f)
core   0: 0x80009d6c (0x00006f17) auipc   t5, 0x6
core   0: 3 0x80009d6c (0x00006f17) x30 0x8000fd6c
core   0: 0x80009d70 (0x283f2a23) sw      gp, 660(t5)
core   0: 3 0x80009d70 (0x283f2a23) mem 0x80010000 0x00000001
core   0: 0x80009d74 (0xff9ff06f) j       pc - 0x8
core   0: 3 0x80009d74 (0xff9ff06f)
core   0: 0x80009d6c (0x00006f17) auipc   t5, 0x6
core   0: 3 0x80009d6c (0x00006f17) x30 0x8000fd6c
core   0: 0x80009d70 (0x283f2a23) sw      gp, 660(t5)
core   0: 3 0x80009d70 (0x283f2a23) mem 0x80010000 0x00000001
core   0: 0x80009d74 (0xff9ff06f) j       pc - 0x8
core   0: 3 0x80009d74 (0xff9ff06f)
core   0: 0x80009d6c (0x00006f17) auipc   t5, 0x6
core   0: 3 0x80009d6c (0x00006f17) x30 0x8000fd6c
core   0: 0x80009d70 (0x283f2a23) sw      gp, 660(t5)
core   0: 3 0x80009d70 (0x283f2a23) mem 0x80010000 0x00000001
core   0: 0x80009d74 (0xff9ff06f) j       pc - 0x8
core   0: 3 0x80009d74 (0xff9ff06f)
core   0: 0x80009d6c (0x00006f17) auipc   t5, 0x6
core   0: 3 0x80009d6c (0x00006f17) x30 0x8000fd6c
core   0: 0x80009d70 (0x283f2a23) sw      gp, 660(t5)
core   0: 3 0x80009d70 (0x283f2a23) mem 0x80010000 0x00000001
core   0: 0x80009d74 (0xff9ff06f) j       pc - 0x8
core   0: 3 0x80009d74 (0xff9ff06f)
core   0: 0x80009d6c (0x00006f17) auipc   t5, 0x6
core   0: 3 0x80009d6c (0x00006f17) x30 0x8000fd6c
core   0: 0x80009d70 (0x283f2a23) sw      gp, 660(t5)
core   0: 3 0x80009d70 (0x283f2a23) mem 0x80010000 0x00000001
core   0: 0x80009d74 (0xff9ff06f) j       pc - 0x8
core   0: 3 0x80009d74 (0xff9ff06f)
core   0: 0x80009d6c (0x00006f17) auipc   t5, 0x6
core   0: 3 0x80009d6c (0x00006f17) x30 0x8000fd6c
core   0: 0x80009d70 (0x283f2a23) sw      gp, 660(t5)
core   0: 3 0x80009d70 (0x283f2a23) mem 0x80010000 0x00000001
core   0: 0x80009d74 (0xff9ff06f) j       pc - 0x8
core   0: 3 0x80009d74 (0xff9ff06f)
core   0: 0x80009d6c (0x00006f17) auipc   t5, 0x6
core   0: 3 0x80009d6c (0x00006f17) x30 0x8000fd6c
core   0: 0x80009d70 (0x283f2a23) sw      gp, 660(t5)
core   0: 3 0x80009d70 (0x283f2a23) mem 0x80010000 0x00000001
core   0: 0x80009d74 (0xff9ff06f) j       pc - 0x8
core   0: 3 0x80009d74 (0xff9ff06f)
core   0: 0x80009d6c (0x00006f17) auipc   t5, 0x6
core   0: 3 0x80009d6c (0x00006f17) x30 0x8000fd6c
core   0: 0x80009d70 (0x283f2a23) sw      gp, 660(t5)
core   0: 3 0x80009d70 (0x283f2a23) mem 0x80010000 0x00000001
core   0: 0x80009d74 (0xff9ff06f) j       pc - 0x8
core   0: 3 0x80009d74 (0xff9ff06f)
core   0: 0x80009d6c (0x00006f17) auipc   t5, 0x6
core   0: 3 0x80009d6c (0x00006f17) x30 0x8000fd6c
core   0: 0x80009d70 (0x283f2a23) sw      gp, 660(t5)
core   0: 3 0x80009d70 (0x283f2a23) mem 0x80010000 0x00000001
core   0: 0x80009d74 (0xff9ff06f) j       pc - 0x8
core   0: 3 0x80009d74 (0xff9ff06f)
core   0: 0x80009d6c (0x00006f17) auipc   t5, 0x6
core   0: 3 0x80009d6c (0x00006f17) x30 0x8000fd6c
core   0: 0x80009d70 (0x283f2a23) sw      gp, 660(t5)
core   0: 3 0x80009d70 (0x283f2a23) mem 0x80010000 0x00000001
core   0: 0x80009d74 (0xff9ff06f) j       pc - 0x8
core   0: 3 0x80009d74 (0xff9ff06f)
core   0: 0x80009d6c (0x00006f17) auipc   t5, 0x6
core   0: 3 0x80009d6c (0x00006f17) x30 0x8000fd6c
core   0: 0x80009d70 (0x283f2a23) sw      gp, 660(t5)
core   0: 3 0x80009d70 (0x283f2a23) mem 0x80010000 0x00000001
core   0: 0x80009d74 (0xff9ff06f) j       pc - 0x8
core   0: 3 0x80009d74 (0xff9ff06f)
core   0: 0x80009d6c (0x00006f17) auipc   t5, 0x6
core   0: 3 0x80009d6c (0x00006f17) x30 0x8000fd6c
core   0: 0x80009d70 (0x283f2a23) sw      gp, 660(t5)
core   0: 3 0x80009d70 (0x283f2a23) mem 0x80010000 0x00000001
core   0: 0x80009d74 (0xff9ff06f) j       pc - 0x8
core   0: 3 0x80009d74 (0xff9ff06f)
core   0: 0x80009d6c (0x00006f17) auipc   t5, 0x6
core   0: 3 0x80009d6c (0x00006f17) x30 0x8000fd6c
core   0: 0x80009d70 (0x283f2a23) sw      gp, 660(t5)
core   0: 3 0x80009d70 (0x283f2a23) mem 0x80010000 0x00000001
core   0: 0x80009d74 (0xff9ff06f) j       pc - 0x8
core   0: 3 0x80009d74 (0xff9ff06f)
core   0: 0x80009d6c (0x00006f17) auipc   t5, 0x6
core   0: 3 0x80009d6c (0x00006f17) x30 0x8000fd6c
core   0: 0x80009d70 (0x283f2a23) sw      gp, 660(t5)
core   0: 3 0x80009d70 (0x283f2a23) mem 0x80010000 0x00000001
core   0: 0x80009d74 (0xff9ff06f) j       pc - 0x8
core   0: 3 0x80009d74 (0xff9ff06f)
core   0: 0x80009d6c (0x00006f17) auipc   t5, 0x6
core   0: 3 0x80009d6c (0x00006f17) x30 0x8000fd6c
core   0: 0x80009d70 (0x283f2a23) sw      gp, 660(t5)
core   0: 3 0x80009d70 (0x283f2a23) mem 0x80010000 0x00000001
core   0: 0x80009d74 (0xff9ff06f) j       pc - 0x8
core   0: 3 0x80009d74 (0xff9ff06f)
core   0: 0x80009d6c (0x00006f17) auipc   t5, 0x6
core   0: 3 0x80009d6c (0x00006f17) x30 0x8000fd6c
core   0: 0x80009d70 (0x283f2a23) sw      gp, 660(t5)
core   0: 3 0x80009d70 (0x283f2a23) mem 0x80010000 0x00000001
core   0: 0x80009d74 (0xff9ff06f) j       pc - 0x8
core   0: 3 0x80009d74 (0xff9ff06f)
core   0: 0x80009d6c (0x00006f17) auipc   t5, 0x6
core   0: 3 0x80009d6c (0x00006f17) x30 0x8000fd6c
core   0: 0x80009d70 (0x283f2a23) sw      gp, 660(t5)
core   0: 3 0x80009d70 (0x283f2a23) mem 0x80010000 0x00000001
core   0: 0x80009d74 (0xff9ff06f) j       pc - 0x8
core   0: 3 0x80009d74 (0xff9ff06f)
core   0: 0x80009d6c (0x00006f17) auipc   t5, 0x6
core   0: 3 0x80009d6c (0x00006f17) x30 0x8000fd6c
core   0: 0x80009d70 (0x283f2a23) sw      gp, 660(t5)
core   0: 3 0x80009d70 (0x283f2a23) mem 0x80010000 0x00000001
core   0: 0x80009d74 (0xff9ff06f) j       pc - 0x8
core   0: 3 0x80009d74 (0xff9ff06f)
core   0: 0x80009d6c (0x00006f17) auipc   t5, 0x6
core   0: 3 0x80009d6c (0x00006f17) x30 0x8000fd6c
core   0: 0x80009d70 (0x283f2a23) sw      gp, 660(t5)
core   0: 3 0x80009d70 (0x283f2a23) mem 0x80010000 0x00000001
core   0: 0x80009d74 (0xff9ff06f) j       pc - 0x8
core   0: 3 0x80009d74 (0xff9ff06f)
core   0: 0x80009d6c (0x00006f17) auipc   t5, 0x6
core   0: 3 0x80009d6c (0x00006f17) x30 0x8000fd6c
core   0: 0x80009d70 (0x283f2a23) sw      gp, 660(t5)
core   0: 3 0x80009d70 (0x283f2a23) mem 0x80010000 0x00000001
core   0: 0x80009d74 (0xff9ff06f) j       pc - 0x8
core   0: 3 0x80009d74 (0xff9ff06f)
core   0: 0x80009d6c (0x00006f17) auipc   t5, 0x6
core   0: 3 0x80009d6c (0x00006f17) x30 0x8000fd6c
core   0: 0x80009d70 (0x283f2a23) sw      gp, 660(t5)
core   0: 3 0x80009d70 (0x283f2a23) mem 0x80010000 0x00000001
core   0: 0x80009d74 (0xff9ff06f) j       pc - 0x8
core   0: 3 0x80009d74 (0xff9ff06f)
core   0: 0x80009d6c (0x00006f17) auipc   t5, 0x6
core   0: 3 0x80009d6c (0x00006f17) x30 0x8000fd6c
core   0: 0x80009d70 (0x283f2a23) sw      gp, 660(t5)
core   0: 3 0x80009d70 (0x283f2a23) mem 0x80010000 0x00000001
core   0: 0x80009d74 (0xff9ff06f) j       pc - 0x8
core   0: 3 0x80009d74 (0xff9ff06f)
core   0: 0x80009d6c (0x00006f17) auipc   t5, 0x6
core   0: 3 0x80009d6c (0x00006f17) x30 0x8000fd6c
core   0: 0x80009d70 (0x283f2a23) sw      gp, 660(t5)
core   0: 3 0x80009d70 (0x283f2a23) mem 0x80010000 0x00000001
core   0: 0x80009d74 (0xff9ff06f) j       pc - 0x8
core   0: 3 0x80009d74 (0xff9ff06f)
core   0: 0x80009d6c (0x00006f17) auipc   t5, 0x6
core   0: 3 0x80009d6c (0x00006f17) x30 0x8000fd6c
core   0: 0x80009d70 (0x283f2a23) sw      gp, 660(t5)
core   0: 3 0x80009d70 (0x283f2a23) mem 0x80010000 0x00000001
core   0: 0x80009d74 (0xff9ff06f) j       pc - 0x8
core   0: 3 0x80009d74 (0xff9ff06f)
core   0: 0x80009d6c (0x00006f17) auipc   t5, 0x6
core   0: 3 0x80009d6c (0x00006f17) x30 0x8000fd6c
core   0: 0x80009d70 (0x283f2a23) sw      gp, 660(t5)
core   0: 3 0x80009d70 (0x283f2a23) mem 0x80010000 0x00000001
core   0: 0x80009d74 (0xff9ff06f) j       pc - 0x8
core   0: 3 0x80009d74 (0xff9ff06f)
core   0: 0x80009d6c (0x00006f17) auipc   t5, 0x6
core   0: 3 0x80009d6c (0x00006f17) x30 0x8000fd6c
core   0: 0x80009d70 (0x283f2a23) sw      gp, 660(t5)
core   0: 3 0x80009d70 (0x283f2a23) mem 0x80010000 0x00000001
core   0: 0x80009d74 (0xff9ff06f) j       pc - 0x8
core   0: 3 0x80009d74 (0xff9ff06f)
core   0: 0x80009d6c (0x00006f17) auipc   t5, 0x6
core   0: 3 0x80009d6c (0x00006f17) x30 0x8000fd6c
core   0: 0x80009d70 (0x283f2a23) sw      gp, 660(t5)
core   0: 3 0x80009d70 (0x283f2a23) mem 0x80010000 0x00000001
core   0: 0x80009d74 (0xff9ff06f) j       pc - 0x8
core   0: 3 0x80009d74 (0xff9ff06f)
core   0: 0x80009d6c (0x00006f17) auipc   t5, 0x6
core   0: 3 0x80009d6c (0x00006f17) x30 0x8000fd6c
core   0: 0x80009d70 (0x283f2a23) sw      gp, 660(t5)
core   0: 3 0x80009d70 (0x283f2a23) mem 0x80010000 0x00000001
core   0: 0x80009d74 (0xff9ff06f) j       pc - 0x8
core   0: 3 0x80009d74 (0xff9ff06f)
core   0: 0x80009d6c (0x00006f17) auipc   t5, 0x6
core   0: 3 0x80009d6c (0x00006f17) x30 0x8000fd6c
core   0: 0x80009d70 (0x283f2a23) sw      gp, 660(t5)
core   0: 3 0x80009d70 (0x283f2a23) mem 0x80010000 0x00000001
core   0: 0x80009d74 (0xff9ff06f) j       pc - 0x8
core   0: 3 0x80009d74 (0xff9ff06f)
core   0: 0x80009d6c (0x00006f17) auipc   t5, 0x6
core   0: 3 0x80009d6c (0x00006f17) x30 0x8000fd6c
core   0: 0x80009d70 (0x283f2a23) sw      gp, 660(t5)
core   0: 3 0x80009d70 (0x283f2a23) mem 0x80010000 0x00000001
core   0: 0x80009d74 (0xff9ff06f) j       pc - 0x8
core   0: 3 0x80009d74 (0xff9ff06f)
core   0: 0x80009d6c (0x00006f17) auipc   t5, 0x6
core   0: 3 0x80009d6c (0x00006f17) x30 0x8000fd6c
core   0: 0x80009d70 (0x283f2a23) sw      gp, 660(t5)
core   0: 3 0x80009d70 (0x283f2a23) mem 0x80010000 0x00000001
core   0: 0x80009d74 (0xff9ff06f) j       pc - 0x8
core   0: 3 0x80009d74 (0xff9ff06f)
core   0: 0x80009d6c (0x00006f17) auipc   t5, 0x6
core   0: 3 0x80009d6c (0x00006f17) x30 0x8000fd6c
core   0: 0x80009d70 (0x283f2a23) sw      gp, 660(t5)
core   0: 3 0x80009d70 (0x283f2a23) mem 0x80010000 0x00000001
core   0: 0x80009d74 (0xff9ff06f) j       pc - 0x8
core   0: 3 0x80009d74 (0xff9ff06f)
core   0: 0x80009d6c (0x00006f17) auipc   t5, 0x6
core   0: 3 0x80009d6c (0x00006f17) x30 0x8000fd6c
core   0: 0x80009d70 (0x283f2a23) sw      gp, 660(t5)
core   0: 3 0x80009d70 (0x283f2a23) mem 0x80010000 0x00000001
core   0: 0x80009d74 (0xff9ff06f) j       pc - 0x8
core   0: 3 0x80009d74 (0xff9ff06f)
core   0: 0x80009d6c (0x00006f17) auipc   t5, 0x6
core   0: 3 0x80009d6c (0x00006f17) x30 0x8000fd6c
core   0: 0x80009d70 (0x283f2a23) sw      gp, 660(t5)
core   0: 3 0x80009d70 (0x283f2a23) mem 0x80010000 0x00000001
core   0: 0x80009d74 (0xff9ff06f) j       pc - 0x8
core   0: 3 0x80009d74 (0xff9ff06f)
core   0: 0x80009d6c (0x00006f17) auipc   t5, 0x6
core   0: 3 0x80009d6c (0x00006f17) x30 0x8000fd6c
core   0: 0x80009d70 (0x283f2a23) sw      gp, 660(t5)
core   0: 3 0x80009d70 (0x283f2a23) mem 0x80010000 0x00000001
core   0: 0x80009d74 (0xff9ff06f) j       pc - 0x8
core   0: 3 0x80009d74 (0xff9ff06f)
core   0: 0x80009d6c (0x00006f17) auipc   t5, 0x6
core   0: 3 0x80009d6c (0x00006f17) x30 0x8000fd6c
core   0: 0x80009d70 (0x283f2a23) sw      gp, 660(t5)
core   0: 3 0x80009d70 (0x283f2a23) mem 0x80010000 0x00000001
core   0: 0x80009d74 (0xff9ff06f) j       pc - 0x8
core   0: 3 0x80009d74 (0xff9ff06f)
core   0: 0x80009d6c (0x00006f17) auipc   t5, 0x6
core   0: 3 0x80009d6c (0x00006f17) x30 0x8000fd6c
core   0: 0x80009d70 (0x283f2a23) sw      gp, 660(t5)
core   0: 3 0x80009d70 (0x283f2a23) mem 0x80010000 0x00000001
core   0: 0x80009d74 (0xff9ff06f) j       pc - 0x8
core   0: 3 0x80009d74 (0xff9ff06f)
core   0: 0x80009d6c (0x00006f17) auipc   t5, 0x6
core   0: 3 0x80009d6c (0x00006f17) x30 0x8000fd6c
core   0: 0x80009d70 (0x283f2a23) sw      gp, 660(t5)
core   0: 3 0x80009d70 (0x283f2a23) mem 0x80010000 0x00000001
core   0: 0x80009d74 (0xff9ff06f) j       pc - 0x8
core   0: 3 0x80009d74 (0xff9ff06f)
core   0: 0x80009d6c (0x00006f17) auipc   t5, 0x6
core   0: 3 0x80009d6c (0x00006f17) x30 0x8000fd6c
core   0: 0x80009d70 (0x283f2a23) sw      gp, 660(t5)
core   0: 3 0x80009d70 (0x283f2a23) mem 0x80010000 0x00000001
core   0: 0x80009d74 (0xff9ff06f) j       pc - 0x8
core   0: 3 0x80009d74 (0xff9ff06f)
core   0: 0x80009d6c (0x00006f17) auipc   t5, 0x6
core   0: 3 0x80009d6c (0x00006f17) x30 0x8000fd6c
core   0: 0x80009d70 (0x283f2a23) sw      gp, 660(t5)
core   0: 3 0x80009d70 (0x283f2a23) mem 0x80010000 0x00000001
core   0: 0x80009d74 (0xff9ff06f) j       pc - 0x8
core   0: 3 0x80009d74 (0xff9ff06f)
core   0: 0x80009d6c (0x00006f17) auipc   t5, 0x6
core   0: 3 0x80009d6c (0x00006f17) x30 0x8000fd6c
core   0: 0x80009d70 (0x283f2a23) sw      gp, 660(t5)
core   0: 3 0x80009d70 (0x283f2a23) mem 0x80010000 0x00000001
core   0: 0x80009d74 (0xff9ff06f) j       pc - 0x8
core   0: 3 0x80009d74 (0xff9ff06f)
core   0: 0x80009d6c (0x00006f17) auipc   t5, 0x6
core   0: 3 0x80009d6c (0x00006f17) x30 0x8000fd6c
core   0: 0x80009d70 (0x283f2a23) sw      gp, 660(t5)
core   0: 3 0x80009d70 (0x283f2a23) mem 0x80010000 0x00000001
core   0: 0x80009d74 (0xff9ff06f) j       pc - 0x8
core   0: 3 0x80009d74 (0xff9ff06f)
core   0: 0x80009d6c (0x00006f17) auipc   t5, 0x6
core   0: 3 0x80009d6c (0x00006f17) x30 0x8000fd6c
core   0: 0x80009d70 (0x283f2a23) sw      gp, 660(t5)
core   0: 3 0x80009d70 (0x283f2a23) mem 0x80010000 0x00000001
core   0: 0x80009d74 (0xff9ff06f) j       pc - 0x8
core   0: 3 0x80009d74 (0xff9ff06f)
core   0: 0x80009d6c (0x00006f17) auipc   t5, 0x6
core   0: 3 0x80009d6c (0x00006f17) x30 0x8000fd6c
core   0: 0x80009d70 (0x283f2a23) sw      gp, 660(t5)
core   0: 3 0x80009d70 (0x283f2a23) mem 0x80010000 0x00000001
core   0: 0x80009d74 (0xff9ff06f) j       pc - 0x8
core   0: 3 0x80009d74 (0xff9ff06f)
core   0: 0x80009d6c (0x00006f17) auipc   t5, 0x6
core   0: 3 0x80009d6c (0x00006f17) x30 0x8000fd6c
core   0: 0x80009d70 (0x283f2a23) sw      gp, 660(t5)
core   0: 3 0x80009d70 (0x283f2a23) mem 0x80010000 0x00000001
core   0: 0x80009d74 (0xff9ff06f) j       pc - 0x8
core   0: 3 0x80009d74 (0xff9ff06f)
core   0: 0x80009d6c (0x00006f17) auipc   t5, 0x6
core   0: 3 0x80009d6c (0x00006f17) x30 0x8000fd6c
core   0: 0x80009d70 (0x283f2a23) sw      gp, 660(t5)
core   0: 3 0x80009d70 (0x283f2a23) mem 0x80010000 0x00000001
core   0: 0x80009d74 (0xff9ff06f) j       pc - 0x8
core   0: 3 0x80009d74 (0xff9ff06f)
core   0: 0x80009d6c (0x00006f17) auipc   t5, 0x6
core   0: 3 0x80009d6c (0x00006f17) x30 0x8000fd6c
core   0: 0x80009d70 (0x283f2a23) sw      gp, 660(t5)
core   0: 3 0x80009d70 (0x283f2a23) mem 0x80010000 0x00000001
core   0: 0x80009d74 (0xff9ff06f) j       pc - 0x8
core   0: 3 0x80009d74 (0xff9ff06f)
core   0: 0x80009d6c (0x00006f17) auipc   t5, 0x6
core   0: 3 0x80009d6c (0x00006f17) x30 0x8000fd6c
core   0: 0x80009d70 (0x283f2a23) sw      gp, 660(t5)
core   0: 3 0x80009d70 (0x283f2a23) mem 0x80010000 0x00000001
core   0: 0x80009d74 (0xff9ff06f) j       pc - 0x8
core   0: 3 0x80009d74 (0xff9ff06f)
core   0: 0x80009d6c (0x00006f17) auipc   t5, 0x6
core   0: 3 0x80009d6c (0x00006f17) x30 0x8000fd6c
core   0: 0x80009d70 (0x283f2a23) sw      gp, 660(t5)
core   0: 3 0x80009d70 (0x283f2a23) mem 0x80010000 0x00000001
core   0: 0x80009d74 (0xff9ff06f) j       pc - 0x8
core   0: 3 0x80009d74 (0xff9ff06f)
core   0: 0x80009d6c (0x00006f17) auipc   t5, 0x6
core   0: 3 0x80009d6c (0x00006f17) x30 0x8000fd6c
core   0: 0x80009d70 (0x283f2a23) sw      gp, 660(t5)
core   0: 3 0x80009d70 (0x283f2a23) mem 0x80010000 0x00000001
core   0: 0x80009d74 (0xff9ff06f) j       pc - 0x8
core   0: 3 0x80009d74 (0xff9ff06f)
core   0: 0x80009d6c (0x00006f17) auipc   t5, 0x6
core   0: 3 0x80009d6c (0x00006f17) x30 0x8000fd6c
core   0: 0x80009d70 (0x283f2a23) sw      gp, 660(t5)
core   0: 3 0x80009d70 (0x283f2a23) mem 0x80010000 0x00000001
core   0: 0x80009d74 (0xff9ff06f) j       pc - 0x8
core   0: 3 0x80009d74 (0xff9ff06f)
core   0: 0x80009d6c (0x00006f17) auipc   t5, 0x6
core   0: 3 0x80009d6c (0x00006f17) x30 0x8000fd6c
core   0: 0x80009d70 (0x283f2a23) sw      gp, 660(t5)
core   0: 3 0x80009d70 (0x283f2a23) mem 0x80010000 0x00000001
core   0: 0x80009d74 (0xff9ff06f) j       pc - 0x8
core   0: 3 0x80009d74 (0xff9ff06f)
core   0: 0x80009d6c (0x00006f17) auipc   t5, 0x6
core   0: 3 0x80009d6c (0x00006f17) x30 0x8000fd6c
core   0: 0x80009d70 (0x283f2a23) sw      gp, 660(t5)
core   0: 3 0x80009d70 (0x283f2a23) mem 0x80010000 0x00000001
core   0: 0x80009d74 (0xff9ff06f) j       pc - 0x8
core   0: 3 0x80009d74 (0xff9ff06f)
core   0: 0x80009d6c (0x00006f17) auipc   t5, 0x6
core   0: 3 0x80009d6c (0x00006f17) x30 0x8000fd6c
core   0: 0x80009d70 (0x283f2a23) sw      gp, 660(t5)
core   0: 3 0x80009d70 (0x283f2a23) mem 0x80010000 0x00000001
core   0: 0x80009d74 (0xff9ff06f) j       pc - 0x8
core   0: 3 0x80009d74 (0xff9ff06f)
core   0: 0x80009d6c (0x00006f17) auipc   t5, 0x6
core   0: 3 0x80009d6c (0x00006f17) x30 0x8000fd6c
core   0: 0x80009d70 (0x283f2a23) sw      gp, 660(t5)
core   0: 3 0x80009d70 (0x283f2a23) mem 0x80010000 0x00000001
core   0: 0x80009d74 (0xff9ff06f) j       pc - 0x8
core   0: 3 0x80009d74 (0xff9ff06f)
core   0: 0x80009d6c (0x00006f17) auipc   t5, 0x6
core   0: 3 0x80009d6c (0x00006f17) x30 0x8000fd6c
core   0: 0x80009d70 (0x283f2a23) sw      gp, 660(t5)
core   0: 3 0x80009d70 (0x283f2a23) mem 0x80010000 0x00000001
core   0: 0x80009d74 (0xff9ff06f) j       pc - 0x8
core   0: 3 0x80009d74 (0xff9ff06f)
core   0: 0x80009d6c (0x00006f17) auipc   t5, 0x6
core   0: 3 0x80009d6c (0x00006f17) x30 0x8000fd6c
core   0: 0x80009d70 (0x283f2a23) sw      gp, 660(t5)
core   0: 3 0x80009d70 (0x283f2a23) mem 0x80010000 0x00000001
core   0: 0x80009d74 (0xff9ff06f) j       pc - 0x8
core   0: 3 0x80009d74 (0xff9ff06f)
core   0: 0x80009d6c (0x00006f17) auipc   t5, 0x6
core   0: 3 0x80009d6c (0x00006f17) x30 0x8000fd6c
core   0: 0x80009d70 (0x283f2a23) sw      gp, 660(t5)
core   0: 3 0x80009d70 (0x283f2a23) mem 0x80010000 0x00000001
core   0: 0x80009d74 (0xff9ff06f) j       pc - 0x8
core   0: 3 0x80009d74 (0xff9ff06f)
core   0: 0x80009d6c (0x00006f17) auipc   t5, 0x6
core   0: 3 0x80009d6c (0x00006f17) x30 0x8000fd6c
core   0: 0x80009d70 (0x283f2a23) sw      gp, 660(t5)
core   0: 3 0x80009d70 (0x283f2a23) mem 0x80010000 0x00000001
core   0: 0x80009d74 (0xff9ff06f) j       pc - 0x8
core   0: 3 0x80009d74 (0xff9ff06f)
core   0: 0x80009d6c (0x00006f17) auipc   t5, 0x6
core   0: 3 0x80009d6c (0x00006f17) x30 0x8000fd6c
core   0: 0x80009d70 (0x283f2a23) sw      gp, 660(t5)
core   0: 3 0x80009d70 (0x283f2a23) mem 0x80010000 0x00000001
core   0: 0x80009d74 (0xff9ff06f) j       pc - 0x8
core   0: 3 0x80009d74 (0xff9ff06f)
core   0: 0x80009d6c (0x00006f17) auipc   t5, 0x6
core   0: 3 0x80009d6c (0x00006f17) x30 0x8000fd6c
core   0: 0x80009d70 (0x283f2a23) sw      gp, 660(t5)
core   0: 3 0x80009d70 (0x283f2a23) mem 0x80010000 0x00000001
core   0: 0x80009d74 (0xff9ff06f) j       pc - 0x8
core   0: 3 0x80009d74 (0xff9ff06f)
core   0: 0x80009d6c (0x00006f17) auipc   t5, 0x6
core   0: 3 0x80009d6c (0x00006f17) x30 0x8000fd6c
core   0: 0x80009d70 (0x283f2a23) sw      gp, 660(t5)
core   0: 3 0x80009d70 (0x283f2a23) mem 0x80010000 0x00000001
core   0: 0x80009d74 (0xff9ff06f) j       pc - 0x8
core   0: 3 0x80009d74 (0xff9ff06f)
core   0: 0x80009d6c (0x00006f17) auipc   t5, 0x6
core   0: 3 0x80009d6c (0x00006f17) x30 0x8000fd6c
core   0: 0x80009d70 (0x283f2a23) sw      gp, 660(t5)
core   0: 3 0x80009d70 (0x283f2a23) mem 0x80010000 0x00000001
core   0: 0x80009d74 (0xff9ff06f) j       pc - 0x8
core   0: 3 0x80009d74 (0xff9ff06f)
core   0: 0x80009d6c (0x00006f17) auipc   t5, 0x6
core   0: 3 0x80009d6c (0x00006f17) x30 0x8000fd6c
core   0: 0x80009d70 (0x283f2a23) sw      gp, 660(t5)
core   0: 3 0x80009d70 (0x283f2a23) mem 0x80010000 0x00000001
core   0: 0x80009d74 (0xff9ff06f) j       pc - 0x8
core   0: 3 0x80009d74 (0xff9ff06f)
core   0: 0x80009d6c (0x00006f17) auipc   t5, 0x6
core   0: 3 0x80009d6c (0x00006f17) x30 0x8000fd6c
core   0: 0x80009d70 (0x283f2a23) sw      gp, 660(t5)
core   0: 3 0x80009d70 (0x283f2a23) mem 0x80010000 0x00000001
core   0: 0x80009d74 (0xff9ff06f) j       pc - 0x8
core   0: 3 0x80009d74 (0xff9ff06f)
core   0: 0x80009d6c (0x00006f17) auipc   t5, 0x6
core   0: 3 0x80009d6c (0x00006f17) x30 0x8000fd6c
core   0: 0x80009d70 (0x283f2a23) sw      gp, 660(t5)
core   0: 3 0x80009d70 (0x283f2a23) mem 0x80010000 0x00000001
core   0: 0x80009d74 (0xff9ff06f) j       pc - 0x8
core   0: 3 0x80009d74 (0xff9ff06f)
core   0: 0x80009d6c (0x00006f17) auipc   t5, 0x6
core   0: 3 0x80009d6c (0x00006f17) x30 0x8000fd6c
core   0: 0x80009d70 (0x283f2a23) sw      gp, 660(t5)
core   0: 3 0x80009d70 (0x283f2a23) mem 0x80010000 0x00000001
core   0: 0x80009d74 (0xff9ff06f) j       pc - 0x8
core   0: 3 0x80009d74 (0xff9ff06f)
core   0: 0x80009d6c (0x00006f17) auipc   t5, 0x6
core   0: 3 0x80009d6c (0x00006f17) x30 0x8000fd6c
core   0: 0x80009d70 (0x283f2a23) sw      gp, 660(t5)
core   0: 3 0x80009d70 (0x283f2a23) mem 0x80010000 0x00000001
core   0: 0x80009d74 (0xff9ff06f) j       pc - 0x8
core   0: 3 0x80009d74 (0xff9ff06f)
core   0: 0x80009d6c (0x00006f17) auipc   t5, 0x6
core   0: 3 0x80009d6c (0x00006f17) x30 0x8000fd6c
core   0: 0x80009d70 (0x283f2a23) sw      gp, 660(t5)
core   0: 3 0x80009d70 (0x283f2a23) mem 0x80010000 0x00000001
core   0: 0x80009d74 (0xff9ff06f) j       pc - 0x8
core   0: 3 0x80009d74 (0xff9ff06f)
core   0: 0x80009d6c (0x00006f17) auipc   t5, 0x6
core   0: 3 0x80009d6c (0x00006f17) x30 0x8000fd6c
core   0: 0x80009d70 (0x283f2a23) sw      gp, 660(t5)
core   0: 3 0x80009d70 (0x283f2a23) mem 0x80010000 0x00000001
core   0: 0x80009d74 (0xff9ff06f) j       pc - 0x8
core   0: 3 0x80009d74 (0xff9ff06f)
core   0: 0x80009d6c (0x00006f17) auipc   t5, 0x6
core   0: 3 0x80009d6c (0x00006f17) x30 0x8000fd6c
core   0: 0x80009d70 (0x283f2a23) sw      gp, 660(t5)
core   0: 3 0x80009d70 (0x283f2a23) mem 0x80010000 0x00000001
core   0: 0x80009d74 (0xff9ff06f) j       pc - 0x8
core   0: 3 0x80009d74 (0xff9ff06f)
core   0: 0x80009d6c (0x00006f17) auipc   t5, 0x6
core   0: 3 0x80009d6c (0x00006f17) x30 0x8000fd6c
core   0: 0x80009d70 (0x283f2a23) sw      gp, 660(t5)
core   0: 3 0x80009d70 (0x283f2a23) mem 0x80010000 0x00000001
core   0: 0x80009d74 (0xff9ff06f) j       pc - 0x8
core   0: 3 0x80009d74 (0xff9ff06f)
core   0: 0x80009d6c (0x00006f17) auipc   t5, 0x6
core   0: 3 0x80009d6c (0x00006f17) x30 0x8000fd6c
core   0: 0x80009d70 (0x283f2a23) sw      gp, 660(t5)
core   0: 3 0x80009d70 (0x283f2a23) mem 0x80010000 0x00000001
core   0: 0x80009d74 (0xff9ff06f) j       pc - 0x8
core   0: 3 0x80009d74 (0xff9ff06f)
core   0: 0x80009d6c (0x00006f17) auipc   t5, 0x6
core   0: 3 0x80009d6c (0x00006f17) x30 0x8000fd6c
core   0: 0x80009d70 (0x283f2a23) sw      gp, 660(t5)
core   0: 3 0x80009d70 (0x283f2a23) mem 0x80010000 0x00000001
core   0: 0x80009d74 (0xff9ff06f) j       pc - 0x8
core   0: 3 0x80009d74 (0xff9ff06f)
core   0: 0x80009d6c (0x00006f17) auipc   t5, 0x6
core   0: 3 0x80009d6c (0x00006f17) x30 0x8000fd6c
core   0: 0x80009d70 (0x283f2a23) sw      gp, 660(t5)
core   0: 3 0x80009d70 (0x283f2a23) mem 0x80010000 0x00000001
core   0: 0x80009d74 (0xff9ff06f) j       pc - 0x8
core   0: 3 0x80009d74 (0xff9ff06f)
core   0: 0x80009d6c (0x00006f17) auipc   t5, 0x6
core   0: 3 0x80009d6c (0x00006f17) x30 0x8000fd6c
core   0: 0x80009d70 (0x283f2a23) sw      gp, 660(t5)
core   0: 3 0x80009d70 (0x283f2a23) mem 0x80010000 0x00000001
core   0: 0x80009d74 (0xff9ff06f) j       pc - 0x8
core   0: 3 0x80009d74 (0xff9ff06f)
core   0: 0x80009d6c (0x00006f17) auipc   t5, 0x6
core   0: 3 0x80009d6c (0x00006f17) x30 0x8000fd6c
core   0: 0x80009d70 (0x283f2a23) sw      gp, 660(t5)
core   0: 3 0x80009d70 (0x283f2a23) mem 0x80010000 0x00000001
core   0: 0x80009d74 (0xff9ff06f) j       pc - 0x8
core   0: 3 0x80009d74 (0xff9ff06f)
core   0: 0x80009d6c (0x00006f17) auipc   t5, 0x6
core   0: 3 0x80009d6c (0x00006f17) x30 0x8000fd6c
core   0: 0x80009d70 (0x283f2a23) sw      gp, 660(t5)
core   0: 3 0x80009d70 (0x283f2a23) mem 0x80010000 0x00000001
core   0: 0x80009d74 (0xff9ff06f) j       pc - 0x8
core   0: 3 0x80009d74 (0xff9ff06f)
core   0: 0x80009d6c (0x00006f17) auipc   t5, 0x6
core   0: 3 0x80009d6c (0x00006f17) x30 0x8000fd6c
core   0: 0x80009d70 (0x283f2a23) sw      gp, 660(t5)
core   0: 3 0x80009d70 (0x283f2a23) mem 0x80010000 0x00000001
core   0: 0x80009d74 (0xff9ff06f) j       pc - 0x8
core   0: 3 0x80009d74 (0xff9ff06f)
core   0: 0x80009d6c (0x00006f17) auipc   t5, 0x6
core   0: 3 0x80009d6c (0x00006f17) x30 0x8000fd6c
core   0: 0x80009d70 (0x283f2a23) sw      gp, 660(t5)
core   0: 3 0x80009d70 (0x283f2a23) mem 0x80010000 0x00000001
core   0: 0x80009d74 (0xff9ff06f) j       pc - 0x8
core   0: 3 0x80009d74 (0xff9ff06f)
core   0: 0x80009d6c (0x00006f17) auipc   t5, 0x6
core   0: 3 0x80009d6c (0x00006f17) x30 0x8000fd6c
core   0: 0x80009d70 (0x283f2a23) sw      gp, 660(t5)
core   0: 3 0x80009d70 (0x283f2a23) mem 0x80010000 0x00000001
core   0: 0x80009d74 (0xff9ff06f) j       pc - 0x8
core   0: 3 0x80009d74 (0xff9ff06f)
core   0: 0x80009d6c (0x00006f17) auipc   t5, 0x6
core   0: 3 0x80009d6c (0x00006f17) x30 0x8000fd6c
core   0: 0x80009d70 (0x283f2a23) sw      gp, 660(t5)
core   0: 3 0x80009d70 (0x283f2a23) mem 0x80010000 0x00000001
core   0: 0x80009d74 (0xff9ff06f) j       pc - 0x8
core   0: 3 0x80009d74 (0xff9ff06f)
core   0: 0x80009d6c (0x00006f17) auipc   t5, 0x6
core   0: 3 0x80009d6c (0x00006f17) x30 0x8000fd6c
core   0: 0x80009d70 (0x283f2a23) sw      gp, 660(t5)
core   0: 3 0x80009d70 (0x283f2a23) mem 0x80010000 0x00000001
core   0: 0x80009d74 (0xff9ff06f) j       pc - 0x8
core   0: 3 0x80009d74 (0xff9ff06f)
core   0: 0x80009d6c (0x00006f17) auipc   t5, 0x6
core   0: 3 0x80009d6c (0x00006f17) x30 0x8000fd6c
core   0: 0x80009d70 (0x283f2a23) sw      gp, 660(t5)
core   0: 3 0x80009d70 (0x283f2a23) mem 0x80010000 0x00000001
core   0: 0x80009d74 (0xff9ff06f) j       pc - 0x8
core   0: 3 0x80009d74 (0xff9ff06f)
core   0: 0x80009d6c (0x00006f17) auipc   t5, 0x6
core   0: 3 0x80009d6c (0x00006f17) x30 0x8000fd6c
core   0: 0x80009d70 (0x283f2a23) sw      gp, 660(t5)
core   0: 3 0x80009d70 (0x283f2a23) mem 0x80010000 0x00000001
core   0: 0x80009d74 (0xff9ff06f) j       pc - 0x8
core   0: 3 0x80009d74 (0xff9ff06f)
core   0: 0x80009d6c (0x00006f17) auipc   t5, 0x6
core   0: 3 0x80009d6c (0x00006f17) x30 0x8000fd6c
core   0: 0x80009d70 (0x283f2a23) sw      gp, 660(t5)
core   0: 3 0x80009d70 (0x283f2a23) mem 0x80010000 0x00000001
core   0: 0x80009d74 (0xff9ff06f) j       pc - 0x8
core   0: 3 0x80009d74 (0xff9ff06f)
core   0: 0x80009d6c (0x00006f17) auipc   t5, 0x6
core   0: 3 0x80009d6c (0x00006f17) x30 0x8000fd6c
core   0: 0x80009d70 (0x283f2a23) sw      gp, 660(t5)
core   0: 3 0x80009d70 (0x283f2a23) mem 0x80010000 0x00000001
core   0: 0x80009d74 (0xff9ff06f) j       pc - 0x8
core   0: 3 0x80009d74 (0xff9ff06f)
core   0: 0x80009d6c (0x00006f17) auipc   t5, 0x6
core   0: 3 0x80009d6c (0x00006f17) x30 0x8000fd6c
core   0: 0x80009d70 (0x283f2a23) sw      gp, 660(t5)
core   0: 3 0x80009d70 (0x283f2a23) mem 0x80010000 0x00000001
core   0: 0x80009d74 (0xff9ff06f) j       pc - 0x8
core   0: 3 0x80009d74 (0xff9ff06f)
core   0: 0x80009d6c (0x00006f17) auipc   t5, 0x6
core   0: 3 0x80009d6c (0x00006f17) x30 0x8000fd6c
core   0: 0x80009d70 (0x283f2a23) sw      gp, 660(t5)
core   0: 3 0x80009d70 (0x283f2a23) mem 0x80010000 0x00000001
core   0: 0x80009d74 (0xff9ff06f) j       pc - 0x8
core   0: 3 0x80009d74 (0xff9ff06f)
core   0: 0x80009d6c (0x00006f17) auipc   t5, 0x6
core   0: 3 0x80009d6c (0x00006f17) x30 0x8000fd6c
core   0: 0x80009d70 (0x283f2a23) sw      gp, 660(t5)
core   0: 3 0x80009d70 (0x283f2a23) mem 0x80010000 0x00000001
core   0: 0x80009d74 (0xff9ff06f) j       pc - 0x8
core   0: 3 0x80009d74 (0xff9ff06f)
core   0: 0x80009d6c (0x00006f17) auipc   t5, 0x6
core   0: 3 0x80009d6c (0x00006f17) x30 0x8000fd6c
core   0: 0x80009d70 (0x283f2a23) sw      gp, 660(t5)
core   0: 3 0x80009d70 (0x283f2a23) mem 0x80010000 0x00000001
core   0: 0x80009d74 (0xff9ff06f) j       pc - 0x8
core   0: 3 0x80009d74 (0xff9ff06f)
core   0: 0x80009d6c (0x00006f17) auipc   t5, 0x6
core   0: 3 0x80009d6c (0x00006f17) x30 0x8000fd6c
core   0: 0x80009d70 (0x283f2a23) sw      gp, 660(t5)
core   0: 3 0x80009d70 (0x283f2a23) mem 0x80010000 0x00000001
core   0: 0x80009d74 (0xff9ff06f) j       pc - 0x8
core   0: 3 0x80009d74 (0xff9ff06f)
core   0: 0x80009d6c (0x00006f17) auipc   t5, 0x6
core   0: 3 0x80009d6c (0x00006f17) x30 0x8000fd6c
core   0: 0x80009d70 (0x283f2a23) sw      gp, 660(t5)
core   0: 3 0x80009d70 (0x283f2a23) mem 0x80010000 0x00000001
core   0: 0x80009d74 (0xff9ff06f) j       pc - 0x8
core   0: 3 0x80009d74 (0xff9ff06f)
core   0: 0x80009d6c (0x00006f17) auipc   t5, 0x6
core   0: 3 0x80009d6c (0x00006f17) x30 0x8000fd6c
core   0: 0x80009d70 (0x283f2a23) sw      gp, 660(t5)
core   0: 3 0x80009d70 (0x283f2a23) mem 0x80010000 0x00000001
core   0: 0x80009d74 (0xff9ff06f) j       pc - 0x8
core   0: 3 0x80009d74 (0xff9ff06f)
core   0: 0x80009d6c (0x00006f17) auipc   t5, 0x6
core   0: 3 0x80009d6c (0x00006f17) x30 0x8000fd6c
core   0: 0x80009d70 (0x283f2a23) sw      gp, 660(t5)
core   0: 3 0x80009d70 (0x283f2a23) mem 0x80010000 0x00000001
core   0: 0x80009d74 (0xff9ff06f) j       pc - 0x8
core   0: 3 0x80009d74 (0xff9ff06f)
core   0: 0x80009d6c (0x00006f17) auipc   t5, 0x6
core   0: 3 0x80009d6c (0x00006f17) x30 0x8000fd6c
core   0: 0x80009d70 (0x283f2a23) sw      gp, 660(t5)
core   0: 3 0x80009d70 (0x283f2a23) mem 0x80010000 0x00000001
core   0: 0x80009d74 (0xff9ff06f) j       pc - 0x8
core   0: 3 0x80009d74 (0xff9ff06f)
core   0: 0x80009d6c (0x00006f17) auipc   t5, 0x6
core   0: 3 0x80009d6c (0x00006f17) x30 0x8000fd6c
core   0: 0x80009d70 (0x283f2a23) sw      gp, 660(t5)
core   0: 3 0x80009d70 (0x283f2a23) mem 0x80010000 0x00000001
core   0: 0x80009d74 (0xff9ff06f) j       pc - 0x8
core   0: 3 0x80009d74 (0xff9ff06f)
core   0: 0x80009d6c (0x00006f17) auipc   t5, 0x6
core   0: 3 0x80009d6c (0x00006f17) x30 0x8000fd6c
core   0: 0x80009d70 (0x283f2a23) sw      gp, 660(t5)
core   0: 3 0x80009d70 (0x283f2a23) mem 0x80010000 0x00000001
core   0: 0x80009d74 (0xff9ff06f) j       pc - 0x8
core   0: 3 0x80009d74 (0xff9ff06f)
core   0: 0x80009d6c (0x00006f17) auipc   t5, 0x6
core   0: 3 0x80009d6c (0x00006f17) x30 0x8000fd6c
core   0: 0x80009d70 (0x283f2a23) sw      gp, 660(t5)
core   0: 3 0x80009d70 (0x283f2a23) mem 0x80010000 0x00000001
core   0: 0x80009d74 (0xff9ff06f) j       pc - 0x8
core   0: 3 0x80009d74 (0xff9ff06f)
core   0: 0x80009d6c (0x00006f17) auipc   t5, 0x6
core   0: 3 0x80009d6c (0x00006f17) x30 0x8000fd6c
core   0: 0x80009d70 (0x283f2a23) sw      gp, 660(t5)
core   0: 3 0x80009d70 (0x283f2a23) mem 0x80010000 0x00000001
core   0: 0x80009d74 (0xff9ff06f) j       pc - 0x8
core   0: 3 0x80009d74 (0xff9ff06f)
core   0: 0x80009d6c (0x00006f17) auipc   t5, 0x6
core   0: 3 0x80009d6c (0x00006f17) x30 0x8000fd6c
core   0: 0x80009d70 (0x283f2a23) sw      gp, 660(t5)
core   0: 3 0x80009d70 (0x283f2a23) mem 0x80010000 0x00000001
core   0: 0x80009d74 (0xff9ff06f) j       pc - 0x8
core   0: 3 0x80009d74 (0xff9ff06f)
core   0: 0x80009d6c (0x00006f17) auipc   t5, 0x6
core   0: 3 0x80009d6c (0x00006f17) x30 0x8000fd6c
core   0: 0x80009d70 (0x283f2a23) sw      gp, 660(t5)
core   0: 3 0x80009d70 (0x283f2a23) mem 0x80010000 0x00000001
core   0: 0x80009d74 (0xff9ff06f) j       pc - 0x8
core   0: 3 0x80009d74 (0xff9ff06f)
core   0: 0x80009d6c (0x00006f17) auipc   t5, 0x6
core   0: 3 0x80009d6c (0x00006f17) x30 0x8000fd6c
core   0: 0x80009d70 (0x283f2a23) sw      gp, 660(t5)
core   0: 3 0x80009d70 (0x283f2a23) mem 0x80010000 0x00000001
core   0: 0x80009d74 (0xff9ff06f) j       pc - 0x8
core   0: 3 0x80009d74 (0xff9ff06f)
core   0: 0x80009d6c (0x00006f17) auipc   t5, 0x6
core   0: 3 0x80009d6c (0x00006f17) x30 0x8000fd6c
core   0: 0x80009d70 (0x283f2a23) sw      gp, 660(t5)
core   0: 3 0x80009d70 (0x283f2a23) mem 0x80010000 0x00000001
core   0: 0x80009d74 (0xff9ff06f) j       pc - 0x8
core   0: 3 0x80009d74 (0xff9ff06f)
core   0: 0x80009d6c (0x00006f17) auipc   t5, 0x6
core   0: 3 0x80009d6c (0x00006f17) x30 0x8000fd6c
core   0: 0x80009d70 (0x283f2a23) sw      gp, 660(t5)
core   0: 3 0x80009d70 (0x283f2a23) mem 0x80010000 0x00000001
core   0: 0x80009d74 (0xff9ff06f) j       pc - 0x8
core   0: 3 0x80009d74 (0xff9ff06f)
core   0: 0x80009d6c (0x00006f17) auipc   t5, 0x6
core   0: 3 0x80009d6c (0x00006f17) x30 0x8000fd6c
core   0: 0x80009d70 (0x283f2a23) sw      gp, 660(t5)
core   0: 3 0x80009d70 (0x283f2a23) mem 0x80010000 0x00000001
core   0: 0x80009d74 (0xff9ff06f) j       pc - 0x8
core   0: 3 0x80009d74 (0xff9ff06f)
core   0: 0x80009d6c (0x00006f17) auipc   t5, 0x6
core   0: 3 0x80009d6c (0x00006f17) x30 0x8000fd6c
core   0: 0x80009d70 (0x283f2a23) sw      gp, 660(t5)
core   0: 3 0x80009d70 (0x283f2a23) mem 0x80010000 0x00000001
core   0: 0x80009d74 (0xff9ff06f) j       pc - 0x8
core   0: 3 0x80009d74 (0xff9ff06f)
core   0: 0x80009d6c (0x00006f17) auipc   t5, 0x6
core   0: 3 0x80009d6c (0x00006f17) x30 0x8000fd6c
core   0: 0x80009d70 (0x283f2a23) sw      gp, 660(t5)
core   0: 3 0x80009d70 (0x283f2a23) mem 0x80010000 0x00000001
core   0: 0x80009d74 (0xff9ff06f) j       pc - 0x8
core   0: 3 0x80009d74 (0xff9ff06f)
core   0: 0x80009d6c (0x00006f17) auipc   t5, 0x6
core   0: 3 0x80009d6c (0x00006f17) x30 0x8000fd6c
core   0: 0x80009d70 (0x283f2a23) sw      gp, 660(t5)
core   0: 3 0x80009d70 (0x283f2a23) mem 0x80010000 0x00000001
core   0: 0x80009d74 (0xff9ff06f) j       pc - 0x8
core   0: 3 0x80009d74 (0xff9ff06f)
core   0: 0x80009d6c (0x00006f17) auipc   t5, 0x6
core   0: 3 0x80009d6c (0x00006f17) x30 0x8000fd6c
core   0: 0x80009d70 (0x283f2a23) sw      gp, 660(t5)
core   0: 3 0x80009d70 (0x283f2a23) mem 0x80010000 0x00000001
core   0: 0x80009d74 (0xff9ff06f) j       pc - 0x8
core   0: 3 0x80009d74 (0xff9ff06f)
core   0: 0x80009d6c (0x00006f17) auipc   t5, 0x6
core   0: 3 0x80009d6c (0x00006f17) x30 0x8000fd6c
core   0: 0x80009d70 (0x283f2a23) sw      gp, 660(t5)
core   0: 3 0x80009d70 (0x283f2a23) mem 0x80010000 0x00000001
core   0: 0x80009d74 (0xff9ff06f) j       pc - 0x8
core   0: 3 0x80009d74 (0xff9ff06f)
core   0: 0x80009d6c (0x00006f17) auipc   t5, 0x6
core   0: 3 0x80009d6c (0x00006f17) x30 0x8000fd6c
core   0: 0x80009d70 (0x283f2a23) sw      gp, 660(t5)
core   0: 3 0x80009d70 (0x283f2a23) mem 0x80010000 0x00000001
core   0: 0x80009d74 (0xff9ff06f) j       pc - 0x8
core   0: 3 0x80009d74 (0xff9ff06f)
core   0: 0x80009d6c (0x00006f17) auipc   t5, 0x6
core   0: 3 0x80009d6c (0x00006f17) x30 0x8000fd6c
core   0: 0x80009d70 (0x283f2a23) sw      gp, 660(t5)
core   0: 3 0x80009d70 (0x283f2a23) mem 0x80010000 0x00000001
core   0: 0x80009d74 (0xff9ff06f) j       pc - 0x8
core   0: 3 0x80009d74 (0xff9ff06f)
core   0: 0x80009d6c (0x00006f17) auipc   t5, 0x6
core   0: 3 0x80009d6c (0x00006f17) x30 0x8000fd6c
core   0: 0x80009d70 (0x283f2a23) sw      gp, 660(t5)
core   0: 3 0x80009d70 (0x283f2a23) mem 0x80010000 0x00000001
core   0: 0x80009d74 (0xff9ff06f) j       pc - 0x8
core   0: 3 0x80009d74 (0xff9ff06f)
core   0: 0x80009d6c (0x00006f17) auipc   t5, 0x6
core   0: 3 0x80009d6c (0x00006f17) x30 0x8000fd6c
core   0: 0x80009d70 (0x283f2a23) sw      gp, 660(t5)
core   0: 3 0x80009d70 (0x283f2a23) mem 0x80010000 0x00000001
core   0: 0x80009d74 (0xff9ff06f) j       pc - 0x8
core   0: 3 0x80009d74 (0xff9ff06f)
core   0: 0x80009d6c (0x00006f17) auipc   t5, 0x6
core   0: 3 0x80009d6c (0x00006f17) x30 0x8000fd6c
core   0: 0x80009d70 (0x283f2a23) sw      gp, 660(t5)
core   0: 3 0x80009d70 (0x283f2a23) mem 0x80010000 0x00000001
core   0: 0x80009d74 (0xff9ff06f) j       pc - 0x8
core   0: 3 0x80009d74 (0xff9ff06f)
core   0: 0x80009d6c (0x00006f17) auipc   t5, 0x6
core   0: 3 0x80009d6c (0x00006f17) x30 0x8000fd6c
core   0: 0x80009d70 (0x283f2a23) sw      gp, 660(t5)
core   0: 3 0x80009d70 (0x283f2a23) mem 0x80010000 0x00000001
core   0: 0x80009d74 (0xff9ff06f) j       pc - 0x8
core   0: 3 0x80009d74 (0xff9ff06f)
core   0: 0x80009d6c (0x00006f17) auipc   t5, 0x6
core   0: 3 0x80009d6c (0x00006f17) x30 0x8000fd6c
core   0: 0x80009d70 (0x283f2a23) sw      gp, 660(t5)
core   0: 3 0x80009d70 (0x283f2a23) mem 0x80010000 0x00000001
core   0: 0x80009d74 (0xff9ff06f) j       pc - 0x8
core   0: 3 0x80009d74 (0xff9ff06f)
core   0: 0x80009d6c (0x00006f17) auipc   t5, 0x6
core   0: 3 0x80009d6c (0x00006f17) x30 0x8000fd6c
core   0: 0x80009d70 (0x283f2a23) sw      gp, 660(t5)
core   0: 3 0x80009d70 (0x283f2a23) mem 0x80010000 0x00000001
core   0: 0x80009d74 (0xff9ff06f) j       pc - 0x8
core   0: 3 0x80009d74 (0xff9ff06f)
core   0: 0x80009d6c (0x00006f17) auipc   t5, 0x6
core   0: 3 0x80009d6c (0x00006f17) x30 0x8000fd6c
core   0: 0x80009d70 (0x283f2a23) sw      gp, 660(t5)
core   0: 3 0x80009d70 (0x283f2a23) mem 0x80010000 0x00000001
core   0: 0x80009d74 (0xff9ff06f) j       pc - 0x8
core   0: 3 0x80009d74 (0xff9ff06f)
core   0: 0x80009d6c (0x00006f17) auipc   t5, 0x6
core   0: 3 0x80009d6c (0x00006f17) x30 0x8000fd6c
core   0: 0x80009d70 (0x283f2a23) sw      gp, 660(t5)
core   0: 3 0x80009d70 (0x283f2a23) mem 0x80010000 0x00000001
core   0: 0x80009d74 (0xff9ff06f) j       pc - 0x8
core   0: 3 0x80009d74 (0xff9ff06f)
core   0: 0x80009d6c (0x00006f17) auipc   t5, 0x6
core   0: 3 0x80009d6c (0x00006f17) x30 0x8000fd6c
core   0: 0x80009d70 (0x283f2a23) sw      gp, 660(t5)
core   0: 3 0x80009d70 (0x283f2a23) mem 0x80010000 0x00000001
core   0: 0x80009d74 (0xff9ff06f) j       pc - 0x8
core   0: 3 0x80009d74 (0xff9ff06f)
core   0: 0x80009d6c (0x00006f17) auipc   t5, 0x6
core   0: 3 0x80009d6c (0x00006f17) x30 0x8000fd6c
core   0: 0x80009d70 (0x283f2a23) sw      gp, 660(t5)
core   0: 3 0x80009d70 (0x283f2a23) mem 0x80010000 0x00000001
core   0: 0x80009d74 (0xff9ff06f) j       pc - 0x8
core   0: 3 0x80009d74 (0xff9ff06f)
core   0: 0x80009d6c (0x00006f17) auipc   t5, 0x6
core   0: 3 0x80009d6c (0x00006f17) x30 0x8000fd6c
core   0: 0x80009d70 (0x283f2a23) sw      gp, 660(t5)
core   0: 3 0x80009d70 (0x283f2a23) mem 0x80010000 0x00000001
core   0: 0x80009d74 (0xff9ff06f) j       pc - 0x8
core   0: 3 0x80009d74 (0xff9ff06f)
core   0: 0x80009d6c (0x00006f17) auipc   t5, 0x6
core   0: 3 0x80009d6c (0x00006f17) x30 0x8000fd6c
core   0: 0x80009d70 (0x283f2a23) sw      gp, 660(t5)
core   0: 3 0x80009d70 (0x283f2a23) mem 0x80010000 0x00000001
core   0: 0x80009d74 (0xff9ff06f) j       pc - 0x8
core   0: 3 0x80009d74 (0xff9ff06f)
core   0: 0x80009d6c (0x00006f17) auipc   t5, 0x6
core   0: 3 0x80009d6c (0x00006f17) x30 0x8000fd6c
core   0: 0x80009d70 (0x283f2a23) sw      gp, 660(t5)
core   0: 3 0x80009d70 (0x283f2a23) mem 0x80010000 0x00000001
core   0: 0x80009d74 (0xff9ff06f) j       pc - 0x8
core   0: 3 0x80009d74 (0xff9ff06f)
core   0: 0x80009d6c (0x00006f17) auipc   t5, 0x6
core   0: 3 0x80009d6c (0x00006f17) x30 0x8000fd6c
core   0: 0x80009d70 (0x283f2a23) sw      gp, 660(t5)
core   0: 3 0x80009d70 (0x283f2a23) mem 0x80010000 0x00000001
core   0: 0x80009d74 (0xff9ff06f) j       pc - 0x8
core   0: 3 0x80009d74 (0xff9ff06f)
core   0: 0x80009d6c (0x00006f17) auipc   t5, 0x6
core   0: 3 0x80009d6c (0x00006f17) x30 0x8000fd6c
core   0: 0x80009d70 (0x283f2a23) sw      gp, 660(t5)
core   0: 3 0x80009d70 (0x283f2a23) mem 0x80010000 0x00000001
core   0: 0x80009d74 (0xff9ff06f) j       pc - 0x8
core   0: 3 0x80009d74 (0xff9ff06f)
core   0: 0x80009d6c (0x00006f17) auipc   t5, 0x6
core   0: 3 0x80009d6c (0x00006f17) x30 0x8000fd6c
core   0: 0x80009d70 (0x283f2a23) sw      gp, 660(t5)
core   0: 3 0x80009d70 (0x283f2a23) mem 0x80010000 0x00000001
core   0: 0x80009d74 (0xff9ff06f) j       pc - 0x8
core   0: 3 0x80009d74 (0xff9ff06f)
core   0: 0x80009d6c (0x00006f17) auipc   t5, 0x6
core   0: 3 0x80009d6c (0x00006f17) x30 0x8000fd6c
core   0: 0x80009d70 (0x283f2a23) sw      gp, 660(t5)
core   0: 3 0x80009d70 (0x283f2a23) mem 0x80010000 0x00000001
core   0: 0x80009d74 (0xff9ff06f) j       pc - 0x8
core   0: 3 0x80009d74 (0xff9ff06f)
core   0: 0x80009d6c (0x00006f17) auipc   t5, 0x6
core   0: 3 0x80009d6c (0x00006f17) x30 0x8000fd6c
core   0: 0x80009d70 (0x283f2a23) sw      gp, 660(t5)
core   0: 3 0x80009d70 (0x283f2a23) mem 0x80010000 0x00000001
core   0: 0x80009d74 (0xff9ff06f) j       pc - 0x8
core   0: 3 0x80009d74 (0xff9ff06f)
core   0: 0x80009d6c (0x00006f17) auipc   t5, 0x6
core   0: 3 0x80009d6c (0x00006f17) x30 0x8000fd6c
core   0: 0x80009d70 (0x283f2a23) sw      gp, 660(t5)
core   0: 3 0x80009d70 (0x283f2a23) mem 0x80010000 0x00000001
core   0: 0x80009d74 (0xff9ff06f) j       pc - 0x8
core   0: 3 0x80009d74 (0xff9ff06f)
core   0: 0x80009d6c (0x00006f17) auipc   t5, 0x6
core   0: 3 0x80009d6c (0x00006f17) x30 0x8000fd6c
core   0: 0x80009d70 (0x283f2a23) sw      gp, 660(t5)
core   0: 3 0x80009d70 (0x283f2a23) mem 0x80010000 0x00000001
core   0: 0x80009d74 (0xff9ff06f) j       pc - 0x8
core   0: 3 0x80009d74 (0xff9ff06f)
core   0: 0x80009d6c (0x00006f17) auipc   t5, 0x6
core   0: 3 0x80009d6c (0x00006f17) x30 0x8000fd6c
core   0: 0x80009d70 (0x283f2a23) sw      gp, 660(t5)
core   0: 3 0x80009d70 (0x283f2a23) mem 0x80010000 0x00000001
core   0: 0x80009d74 (0xff9ff06f) j       pc - 0x8
core   0: 3 0x80009d74 (0xff9ff06f)
core   0: 0x80009d6c (0x00006f17) auipc   t5, 0x6
core   0: 3 0x80009d6c (0x00006f17) x30 0x8000fd6c
core   0: 0x80009d70 (0x283f2a23) sw      gp, 660(t5)
core   0: 3 0x80009d70 (0x283f2a23) mem 0x80010000 0x00000001
core   0: 0x80009d74 (0xff9ff06f) j       pc - 0x8
core   0: 3 0x80009d74 (0xff9ff06f)
core   0: 0x80009d6c (0x00006f17) auipc   t5, 0x6
core   0: 3 0x80009d6c (0x00006f17) x30 0x8000fd6c
core   0: 0x80009d70 (0x283f2a23) sw      gp, 660(t5)
core   0: 3 0x80009d70 (0x283f2a23) mem 0x80010000 0x00000001
core   0: 0x80009d74 (0xff9ff06f) j       pc - 0x8
core   0: 3 0x80009d74 (0xff9ff06f)
core   0: 0x80009d6c (0x00006f17) auipc   t5, 0x6
core   0: 3 0x80009d6c (0x00006f17) x30 0x8000fd6c
core   0: 0x80009d70 (0x283f2a23) sw      gp, 660(t5)
core   0: 3 0x80009d70 (0x283f2a23) mem 0x80010000 0x00000001
core   0: 0x80009d74 (0xff9ff06f) j       pc - 0x8
core   0: 3 0x80009d74 (0xff9ff06f)
core   0: 0x80009d6c (0x00006f17) auipc   t5, 0x6
core   0: 3 0x80009d6c (0x00006f17) x30 0x8000fd6c
core   0: 0x80009d70 (0x283f2a23) sw      gp, 660(t5)
core   0: 3 0x80009d70 (0x283f2a23) mem 0x80010000 0x00000001
core   0: 0x80009d74 (0xff9ff06f) j       pc - 0x8
core   0: 3 0x80009d74 (0xff9ff06f)
core   0: 0x80009d6c (0x00006f17) auipc   t5, 0x6
core   0: 3 0x80009d6c (0x00006f17) x30 0x8000fd6c
core   0: 0x80009d70 (0x283f2a23) sw      gp, 660(t5)
core   0: 3 0x80009d70 (0x283f2a23) mem 0x80010000 0x00000001
core   0: 0x80009d74 (0xff9ff06f) j       pc - 0x8
core   0: 3 0x80009d74 (0xff9ff06f)
core   0: 0x80009d6c (0x00006f17) auipc   t5, 0x6
core   0: 3 0x80009d6c (0x00006f17) x30 0x8000fd6c
core   0: 0x80009d70 (0x283f2a23) sw      gp, 660(t5)
core   0: 3 0x80009d70 (0x283f2a23) mem 0x80010000 0x00000001
core   0: 0x80009d74 (0xff9ff06f) j       pc - 0x8
core   0: 3 0x80009d74 (0xff9ff06f)
core   0: 0x80009d6c (0x00006f17) auipc   t5, 0x6
core   0: 3 0x80009d6c (0x00006f17) x30 0x8000fd6c
core   0: 0x80009d70 (0x283f2a23) sw      gp, 660(t5)
core   0: 3 0x80009d70 (0x283f2a23) mem 0x80010000 0x00000001
core   0: 0x80009d74 (0xff9ff06f) j       pc - 0x8
core   0: 3 0x80009d74 (0xff9ff06f)
core   0: 0x80009d6c (0x00006f17) auipc   t5, 0x6
core   0: 3 0x80009d6c (0x00006f17) x30 0x8000fd6c
core   0: 0x80009d70 (0x283f2a23) sw      gp, 660(t5)
core   0: 3 0x80009d70 (0x283f2a23) mem 0x80010000 0x00000001
core   0: 0x80009d74 (0xff9ff06f) j       pc - 0x8
core   0: 3 0x80009d74 (0xff9ff06f)
core   0: 0x80009d6c (0x00006f17) auipc   t5, 0x6
core   0: 3 0x80009d6c (0x00006f17) x30 0x8000fd6c
core   0: 0x80009d70 (0x283f2a23) sw      gp, 660(t5)
core   0: 3 0x80009d70 (0x283f2a23) mem 0x80010000 0x00000001
core   0: 0x80009d74 (0xff9ff06f) j       pc - 0x8
core   0: 3 0x80009d74 (0xff9ff06f)
core   0: 0x80009d6c (0x00006f17) auipc   t5, 0x6
core   0: 3 0x80009d6c (0x00006f17) x30 0x8000fd6c
core   0: 0x80009d70 (0x283f2a23) sw      gp, 660(t5)
core   0: 3 0x80009d70 (0x283f2a23) mem 0x80010000 0x00000001
core   0: 0x80009d74 (0xff9ff06f) j       pc - 0x8
core   0: 3 0x80009d74 (0xff9ff06f)
core   0: 0x80009d6c (0x00006f17) auipc   t5, 0x6
core   0: 3 0x80009d6c (0x00006f17) x30 0x8000fd6c
core   0: 0x80009d70 (0x283f2a23) sw      gp, 660(t5)
core   0: 3 0x80009d70 (0x283f2a23) mem 0x80010000 0x00000001
core   0: 0x80009d74 (0xff9ff06f) j       pc - 0x8
core   0: 3 0x80009d74 (0xff9ff06f)
core   0: 0x80009d6c (0x00006f17) auipc   t5, 0x6
core   0: 3 0x80009d6c (0x00006f17) x30 0x8000fd6c
core   0: 0x80009d70 (0x283f2a23) sw      gp, 660(t5)
core   0: 3 0x80009d70 (0x283f2a23) mem 0x80010000 0x00000001
core   0: 0x80009d74 (0xff9ff06f) j       pc - 0x8
core   0: 3 0x80009d74 (0xff9ff06f)
core   0: 0x80009d6c (0x00006f17) auipc   t5, 0x6
core   0: 3 0x80009d6c (0x00006f17) x30 0x8000fd6c
core   0: 0x80009d70 (0x283f2a23) sw      gp, 660(t5)
core   0: 3 0x80009d70 (0x283f2a23) mem 0x80010000 0x00000001
core   0: 0x80009d74 (0xff9ff06f) j       pc - 0x8
core   0: 3 0x80009d74 (0xff9ff06f)
core   0: 0x80009d6c (0x00006f17) auipc   t5, 0x6
core   0: 3 0x80009d6c (0x00006f17) x30 0x8000fd6c
core   0: 0x80009d70 (0x283f2a23) sw      gp, 660(t5)
core   0: 3 0x80009d70 (0x283f2a23) mem 0x80010000 0x00000001
core   0: 0x80009d74 (0xff9ff06f) j       pc - 0x8
core   0: 3 0x80009d74 (0xff9ff06f)
core   0: 0x80009d6c (0x00006f17) auipc   t5, 0x6
core   0: 3 0x80009d6c (0x00006f17) x30 0x8000fd6c
core   0: 0x80009d70 (0x283f2a23) sw      gp, 660(t5)
core   0: 3 0x80009d70 (0x283f2a23) mem 0x80010000 0x00000001
core   0: 0x80009d74 (0xff9ff06f) j       pc - 0x8
core   0: 3 0x80009d74 (0xff9ff06f)
core   0: 0x80009d6c (0x00006f17) auipc   t5, 0x6
core   0: 3 0x80009d6c (0x00006f17) x30 0x8000fd6c
core   0: 0x80009d70 (0x283f2a23) sw      gp, 660(t5)
core   0: 3 0x80009d70 (0x283f2a23) mem 0x80010000 0x00000001
core   0: 0x80009d74 (0xff9ff06f) j       pc - 0x8
core   0: 3 0x80009d74 (0xff9ff06f)
core   0: 0x80009d6c (0x00006f17) auipc   t5, 0x6
core   0: 3 0x80009d6c (0x00006f17) x30 0x8000fd6c
core   0: 0x80009d70 (0x283f2a23) sw      gp, 660(t5)
core   0: 3 0x80009d70 (0x283f2a23) mem 0x80010000 0x00000001
core   0: 0x80009d74 (0xff9ff06f) j       pc - 0x8
core   0: 3 0x80009d74 (0xff9ff06f)
core   0: 0x80009d6c (0x00006f17) auipc   t5, 0x6
core   0: 3 0x80009d6c (0x00006f17) x30 0x8000fd6c
core   0: 0x80009d70 (0x283f2a23) sw      gp, 660(t5)
core   0: 3 0x80009d70 (0x283f2a23) mem 0x80010000 0x00000001
core   0: 0x80009d74 (0xff9ff06f) j       pc - 0x8
core   0: 3 0x80009d74 (0xff9ff06f)
core   0: 0x80009d6c (0x00006f17) auipc   t5, 0x6
core   0: 3 0x80009d6c (0x00006f17) x30 0x8000fd6c
core   0: 0x80009d70 (0x283f2a23) sw      gp, 660(t5)
core   0: 3 0x80009d70 (0x283f2a23) mem 0x80010000 0x00000001
core   0: 0x80009d74 (0xff9ff06f) j       pc - 0x8
core   0: 3 0x80009d74 (0xff9ff06f)
core   0: 0x80009d6c (0x00006f17) auipc   t5, 0x6
core   0: 3 0x80009d6c (0x00006f17) x30 0x8000fd6c
core   0: 0x80009d70 (0x283f2a23) sw      gp, 660(t5)
core   0: 3 0x80009d70 (0x283f2a23) mem 0x80010000 0x00000001
core   0: 0x80009d74 (0xff9ff06f) j       pc - 0x8
core   0: 3 0x80009d74 (0xff9ff06f)
core   0: 0x80009d6c (0x00006f17) auipc   t5, 0x6
core   0: 3 0x80009d6c (0x00006f17) x30 0x8000fd6c
core   0: 0x80009d70 (0x283f2a23) sw      gp, 660(t5)
core   0: 3 0x80009d70 (0x283f2a23) mem 0x80010000 0x00000001
core   0: 0x80009d74 (0xff9ff06f) j       pc - 0x8
core   0: 3 0x80009d74 (0xff9ff06f)
core   0: 0x80009d6c (0x00006f17) auipc   t5, 0x6
core   0: 3 0x80009d6c (0x00006f17) x30 0x8000fd6c
core   0: 0x80009d70 (0x283f2a23) sw      gp, 660(t5)
core   0: 3 0x80009d70 (0x283f2a23) mem 0x80010000 0x00000001
core   0: 0x80009d74 (0xff9ff06f) j       pc - 0x8
core   0: 3 0x80009d74 (0xff9ff06f)
core   0: 0x80009d6c (0x00006f17) auipc   t5, 0x6
core   0: 3 0x80009d6c (0x00006f17) x30 0x8000fd6c
core   0: 0x80009d70 (0x283f2a23) sw      gp, 660(t5)
core   0: 3 0x80009d70 (0x283f2a23) mem 0x80010000 0x00000001
core   0: 0x80009d74 (0xff9ff06f) j       pc - 0x8
core   0: 3 0x80009d74 (0xff9ff06f)
core   0: 0x80009d6c (0x00006f17) auipc   t5, 0x6
core   0: 3 0x80009d6c (0x00006f17) x30 0x8000fd6c
core   0: 0x80009d70 (0x283f2a23) sw      gp, 660(t5)
core   0: 3 0x80009d70 (0x283f2a23) mem 0x80010000 0x00000001
core   0: 0x80009d74 (0xff9ff06f) j       pc - 0x8
core   0: 3 0x80009d74 (0xff9ff06f)
core   0: 0x80009d6c (0x00006f17) auipc   t5, 0x6
core   0: 3 0x80009d6c (0x00006f17) x30 0x8000fd6c
core   0: 0x80009d70 (0x283f2a23) sw      gp, 660(t5)
core   0: 3 0x80009d70 (0x283f2a23) mem 0x80010000 0x00000001
core   0: 0x80009d74 (0xff9ff06f) j       pc - 0x8
core   0: 3 0x80009d74 (0xff9ff06f)
core   0: 0x80009d6c (0x00006f17) auipc   t5, 0x6
core   0: 3 0x80009d6c (0x00006f17) x30 0x8000fd6c
core   0: 0x80009d70 (0x283f2a23) sw      gp, 660(t5)
core   0: 3 0x80009d70 (0x283f2a23) mem 0x80010000 0x00000001
core   0: 0x80009d74 (0xff9ff06f) j       pc - 0x8
core   0: 3 0x80009d74 (0xff9ff06f)
core   0: 0x80009d6c (0x00006f17) auipc   t5, 0x6
core   0: 3 0x80009d6c (0x00006f17) x30 0x8000fd6c
core   0: 0x80009d70 (0x283f2a23) sw      gp, 660(t5)
core   0: 3 0x80009d70 (0x283f2a23) mem 0x80010000 0x00000001
core   0: 0x80009d74 (0xff9ff06f) j       pc - 0x8
core   0: 3 0x80009d74 (0xff9ff06f)
core   0: 0x80009d6c (0x00006f17) auipc   t5, 0x6
core   0: 3 0x80009d6c (0x00006f17) x30 0x8000fd6c
core   0: 0x80009d70 (0x283f2a23) sw      gp, 660(t5)
core   0: 3 0x80009d70 (0x283f2a23) mem 0x80010000 0x00000001
core   0: 0x80009d74 (0xff9ff06f) j       pc - 0x8
core   0: 3 0x80009d74 (0xff9ff06f)
core   0: 0x80009d6c (0x00006f17) auipc   t5, 0x6
core   0: 3 0x80009d6c (0x00006f17) x30 0x8000fd6c
core   0: 0x80009d70 (0x283f2a23) sw      gp, 660(t5)
core   0: 3 0x80009d70 (0x283f2a23) mem 0x80010000 0x00000001
core   0: 0x80009d74 (0xff9ff06f) j       pc - 0x8
core   0: 3 0x80009d74 (0xff9ff06f)
core   0: 0x80009d6c (0x00006f17) auipc   t5, 0x6
core   0: 3 0x80009d6c (0x00006f17) x30 0x8000fd6c
core   0: 0x80009d70 (0x283f2a23) sw      gp, 660(t5)
core   0: 3 0x80009d70 (0x283f2a23) mem 0x80010000 0x00000001
core   0: 0x80009d74 (0xff9ff06f) j       pc - 0x8
core   0: 3 0x80009d74 (0xff9ff06f)
core   0: 0x80009d6c (0x00006f17) auipc   t5, 0x6
core   0: 3 0x80009d6c (0x00006f17) x30 0x8000fd6c
core   0: 0x80009d70 (0x283f2a23) sw      gp, 660(t5)
core   0: 3 0x80009d70 (0x283f2a23) mem 0x80010000 0x00000001
core   0: 0x80009d74 (0xff9ff06f) j       pc - 0x8
core   0: 3 0x80009d74 (0xff9ff06f)
core   0: 0x80009d6c (0x00006f17) auipc   t5, 0x6
core   0: 3 0x80009d6c (0x00006f17) x30 0x8000fd6c
core   0: 0x80009d70 (0x283f2a23) sw      gp, 660(t5)
core   0: 3 0x80009d70 (0x283f2a23) mem 0x80010000 0x00000001
core   0: 0x80009d74 (0xff9ff06f) j       pc - 0x8
core   0: 3 0x80009d74 (0xff9ff06f)
core   0: 0x80009d6c (0x00006f17) auipc   t5, 0x6
core   0: 3 0x80009d6c (0x00006f17) x30 0x8000fd6c
core   0: 0x80009d70 (0x283f2a23) sw      gp, 660(t5)
core   0: 3 0x80009d70 (0x283f2a23) mem 0x80010000 0x00000001
core   0: 0x80009d74 (0xff9ff06f) j       pc - 0x8
core   0: 3 0x80009d74 (0xff9ff06f)
core   0: 0x80009d6c (0x00006f17) auipc   t5, 0x6
core   0: 3 0x80009d6c (0x00006f17) x30 0x8000fd6c
core   0: 0x80009d70 (0x283f2a23) sw      gp, 660(t5)
core   0: 3 0x80009d70 (0x283f2a23) mem 0x80010000 0x00000001
core   0: 0x80009d74 (0xff9ff06f) j       pc - 0x8
core   0: 3 0x80009d74 (0xff9ff06f)
core   0: 0x80009d6c (0x00006f17) auipc   t5, 0x6
core   0: 3 0x80009d6c (0x00006f17) x30 0x8000fd6c
core   0: 0x80009d70 (0x283f2a23) sw      gp, 660(t5)
core   0: 3 0x80009d70 (0x283f2a23) mem 0x80010000 0x00000001
core   0: 0x80009d74 (0xff9ff06f) j       pc - 0x8
core   0: 3 0x80009d74 (0xff9ff06f)
core   0: 0x80009d6c (0x00006f17) auipc   t5, 0x6
core   0: 3 0x80009d6c (0x00006f17) x30 0x8000fd6c
core   0: 0x80009d70 (0x283f2a23) sw      gp, 660(t5)
core   0: 3 0x80009d70 (0x283f2a23) mem 0x80010000 0x00000001
core   0: 0x80009d74 (0xff9ff06f) j       pc - 0x8
core   0: 3 0x80009d74 (0xff9ff06f)
core   0: 0x80009d6c (0x00006f17) auipc   t5, 0x6
core   0: 3 0x80009d6c (0x00006f17) x30 0x8000fd6c
core   0: 0x80009d70 (0x283f2a23) sw      gp, 660(t5)
core   0: 3 0x80009d70 (0x283f2a23) mem 0x80010000 0x00000001
core   0: 0x80009d74 (0xff9ff06f) j       pc - 0x8
core   0: 3 0x80009d74 (0xff9ff06f)
core   0: 0x80009d6c (0x00006f17) auipc   t5, 0x6
core   0: 3 0x80009d6c (0x00006f17) x30 0x8000fd6c
core   0: 0x80009d70 (0x283f2a23) sw      gp, 660(t5)
core   0: 3 0x80009d70 (0x283f2a23) mem 0x80010000 0x00000001
core   0: 0x80009d74 (0xff9ff06f) j       pc - 0x8
core   0: 3 0x80009d74 (0xff9ff06f)
core   0: 0x80009d6c (0x00006f17) auipc   t5, 0x6
core   0: 3 0x80009d6c (0x00006f17) x30 0x8000fd6c
core   0: 0x80009d70 (0x283f2a23) sw      gp, 660(t5)
core   0: 3 0x80009d70 (0x283f2a23) mem 0x80010000 0x00000001
core   0: 0x80009d74 (0xff9ff06f) j       pc - 0x8
core   0: 3 0x80009d74 (0xff9ff06f)
core   0: 0x80009d6c (0x00006f17) auipc   t5, 0x6
core   0: 3 0x80009d6c (0x00006f17) x30 0x8000fd6c
core   0: 0x80009d70 (0x283f2a23) sw      gp, 660(t5)
core   0: 3 0x80009d70 (0x283f2a23) mem 0x80010000 0x00000001
core   0: 0x80009d74 (0xff9ff06f) j       pc - 0x8
core   0: 3 0x80009d74 (0xff9ff06f)
core   0: 0x80009d6c (0x00006f17) auipc   t5, 0x6
core   0: 3 0x80009d6c (0x00006f17) x30 0x8000fd6c
core   0: 0x80009d70 (0x283f2a23) sw      gp, 660(t5)
core   0: 3 0x80009d70 (0x283f2a23) mem 0x80010000 0x00000001
core   0: 0x80009d74 (0xff9ff06f) j       pc - 0x8
core   0: 3 0x80009d74 (0xff9ff06f)
core   0: 0x80009d6c (0x00006f17) auipc   t5, 0x6
core   0: 3 0x80009d6c (0x00006f17) x30 0x8000fd6c
core   0: 0x80009d70 (0x283f2a23) sw      gp, 660(t5)
core   0: 3 0x80009d70 (0x283f2a23) mem 0x80010000 0x00000001
core   0: 0x80009d74 (0xff9ff06f) j       pc - 0x8
core   0: 3 0x80009d74 (0xff9ff06f)
core   0: 0x80009d6c (0x00006f17) auipc   t5, 0x6
core   0: 3 0x80009d6c (0x00006f17) x30 0x8000fd6c
core   0: 0x80009d70 (0x283f2a23) sw      gp, 660(t5)
core   0: 3 0x80009d70 (0x283f2a23) mem 0x80010000 0x00000001
core   0: 0x80009d74 (0xff9ff06f) j       pc - 0x8
core   0: 3 0x80009d74 (0xff9ff06f)
core   0: 0x80009d6c (0x00006f17) auipc   t5, 0x6
core   0: 3 0x80009d6c (0x00006f17) x30 0x8000fd6c
core   0: 0x80009d70 (0x283f2a23) sw      gp, 660(t5)
core   0: 3 0x80009d70 (0x283f2a23) mem 0x80010000 0x00000001
core   0: 0x80009d74 (0xff9ff06f) j       pc - 0x8
core   0: 3 0x80009d74 (0xff9ff06f)
core   0: 0x80009d6c (0x00006f17) auipc   t5, 0x6
core   0: 3 0x80009d6c (0x00006f17) x30 0x8000fd6c
core   0: 0x80009d70 (0x283f2a23) sw      gp, 660(t5)
core   0: 3 0x80009d70 (0x283f2a23) mem 0x80010000 0x00000001
core   0: 0x80009d74 (0xff9ff06f) j       pc - 0x8
core   0: 3 0x80009d74 (0xff9ff06f)
core   0: 0x80009d6c (0x00006f17) auipc   t5, 0x6
core   0: 3 0x80009d6c (0x00006f17) x30 0x8000fd6c
core   0: 0x80009d70 (0x283f2a23) sw      gp, 660(t5)
core   0: 3 0x80009d70 (0x283f2a23) mem 0x80010000 0x00000001
core   0: 0x80009d74 (0xff9ff06f) j       pc - 0x8
core   0: 3 0x80009d74 (0xff9ff06f)
core   0: 0x80009d6c (0x00006f17) auipc   t5, 0x6
core   0: 3 0x80009d6c (0x00006f17) x30 0x8000fd6c
core   0: 0x80009d70 (0x283f2a23) sw      gp, 660(t5)
core   0: 3 0x80009d70 (0x283f2a23) mem 0x80010000 0x00000001
core   0: 0x80009d74 (0xff9ff06f) j       pc - 0x8
core   0: 3 0x80009d74 (0xff9ff06f)
core   0: 0x80009d6c (0x00006f17) auipc   t5, 0x6
core   0: 3 0x80009d6c (0x00006f17) x30 0x8000fd6c
core   0: 0x80009d70 (0x283f2a23) sw      gp, 660(t5)
core   0: 3 0x80009d70 (0x283f2a23) mem 0x80010000 0x00000001
core   0: 0x80009d74 (0xff9ff06f) j       pc - 0x8
core   0: 3 0x80009d74 (0xff9ff06f)
core   0: 0x80009d6c (0x00006f17) auipc   t5, 0x6
core   0: 3 0x80009d6c (0x00006f17) x30 0x8000fd6c
core   0: 0x80009d70 (0x283f2a23) sw      gp, 660(t5)
core   0: 3 0x80009d70 (0x283f2a23) mem 0x80010000 0x00000001
core   0: 0x80009d74 (0xff9ff06f) j       pc - 0x8
core   0: 3 0x80009d74 (0xff9ff06f)
core   0: 0x80009d6c (0x00006f17) auipc   t5, 0x6
core   0: 3 0x80009d6c (0x00006f17) x30 0x8000fd6c
core   0: 0x80009d70 (0x283f2a23) sw      gp, 660(t5)
core   0: 3 0x80009d70 (0x283f2a23) mem 0x80010000 0x00000001
core   0: 0x80009d74 (0xff9ff06f) j       pc - 0x8
core   0: 3 0x80009d74 (0xff9ff06f)
core   0: 0x80009d6c (0x00006f17) auipc   t5, 0x6
core   0: 3 0x80009d6c (0x00006f17) x30 0x8000fd6c
core   0: 0x80009d70 (0x283f2a23) sw      gp, 660(t5)
core   0: 3 0x80009d70 (0x283f2a23) mem 0x80010000 0x00000001
core   0: 0x80009d74 (0xff9ff06f) j       pc - 0x8
core   0: 3 0x80009d74 (0xff9ff06f)
core   0: 0x80009d6c (0x00006f17) auipc   t5, 0x6
core   0: 3 0x80009d6c (0x00006f17) x30 0x8000fd6c
core   0: 0x80009d70 (0x283f2a23) sw      gp, 660(t5)
core   0: 3 0x80009d70 (0x283f2a23) mem 0x80010000 0x00000001
core   0: 0x80009d74 (0xff9ff06f) j       pc - 0x8
core   0: 3 0x80009d74 (0xff9ff06f)
core   0: 0x80009d6c (0x00006f17) auipc   t5, 0x6
core   0: 3 0x80009d6c (0x00006f17) x30 0x8000fd6c
core   0: 0x80009d70 (0x283f2a23) sw      gp, 660(t5)
core   0: 3 0x80009d70 (0x283f2a23) mem 0x80010000 0x00000001
core   0: 0x80009d74 (0xff9ff06f) j       pc - 0x8
core   0: 3 0x80009d74 (0xff9ff06f)
core   0: 0x80009d6c (0x00006f17) auipc   t5, 0x6
core   0: 3 0x80009d6c (0x00006f17) x30 0x8000fd6c
core   0: 0x80009d70 (0x283f2a23) sw      gp, 660(t5)
core   0: 3 0x80009d70 (0x283f2a23) mem 0x80010000 0x00000001
core   0: 0x80009d74 (0xff9ff06f) j       pc - 0x8
core   0: 3 0x80009d74 (0xff9ff06f)
core   0: 0x80009d6c (0x00006f17) auipc   t5, 0x6
core   0: 3 0x80009d6c (0x00006f17) x30 0x8000fd6c
core   0: 0x80009d70 (0x283f2a23) sw      gp, 660(t5)
core   0: 3 0x80009d70 (0x283f2a23) mem 0x80010000 0x00000001
core   0: 0x80009d74 (0xff9ff06f) j       pc - 0x8
core   0: 3 0x80009d74 (0xff9ff06f)
core   0: 0x80009d6c (0x00006f17) auipc   t5, 0x6
core   0: 3 0x80009d6c (0x00006f17) x30 0x8000fd6c
core   0: 0x80009d70 (0x283f2a23) sw      gp, 660(t5)
core   0: 3 0x80009d70 (0x283f2a23) mem 0x80010000 0x00000001
core   0: 0x80009d74 (0xff9ff06f) j       pc - 0x8
core   0: 3 0x80009d74 (0xff9ff06f)
core   0: 0x80009d6c (0x00006f17) auipc   t5, 0x6
core   0: 3 0x80009d6c (0x00006f17) x30 0x8000fd6c
core   0: 0x80009d70 (0x283f2a23) sw      gp, 660(t5)
core   0: 3 0x80009d70 (0x283f2a23) mem 0x80010000 0x00000001
core   0: 0x80009d74 (0xff9ff06f) j       pc - 0x8
core   0: 3 0x80009d74 (0xff9ff06f)
core   0: 0x80009d6c (0x00006f17) auipc   t5, 0x6
core   0: 3 0x80009d6c (0x00006f17) x30 0x8000fd6c
core   0: 0x80009d70 (0x283f2a23) sw      gp, 660(t5)
core   0: 3 0x80009d70 (0x283f2a23) mem 0x80010000 0x00000001
core   0: 0x80009d74 (0xff9ff06f) j       pc - 0x8
core   0: 3 0x80009d74 (0xff9ff06f)
core   0: 0x80009d6c (0x00006f17) auipc   t5, 0x6
core   0: 3 0x80009d6c (0x00006f17) x30 0x8000fd6c
core   0: 0x80009d70 (0x283f2a23) sw      gp, 660(t5)
core   0: 3 0x80009d70 (0x283f2a23) mem 0x80010000 0x00000001
core   0: 0x80009d74 (0xff9ff06f) j       pc - 0x8
core   0: 3 0x80009d74 (0xff9ff06f)
core   0: 0x80009d6c (0x00006f17) auipc   t5, 0x6
core   0: 3 0x80009d6c (0x00006f17) x30 0x8000fd6c
core   0: 0x80009d70 (0x283f2a23) sw      gp, 660(t5)
core   0: 3 0x80009d70 (0x283f2a23) mem 0x80010000 0x00000001
core   0: 0x80009d74 (0xff9ff06f) j       pc - 0x8
core   0: 3 0x80009d74 (0xff9ff06f)
core   0: 0x80009d6c (0x00006f17) auipc   t5, 0x6
core   0: 3 0x80009d6c (0x00006f17) x30 0x8000fd6c
core   0: 0x80009d70 (0x283f2a23) sw      gp, 660(t5)
core   0: 3 0x80009d70 (0x283f2a23) mem 0x80010000 0x00000001
core   0: 0x80009d74 (0xff9ff06f) j       pc - 0x8
core   0: 3 0x80009d74 (0xff9ff06f)
core   0: 0x80009d6c (0x00006f17) auipc   t5, 0x6
core   0: 3 0x80009d6c (0x00006f17) x30 0x8000fd6c
core   0: 0x80009d70 (0x283f2a23) sw      gp, 660(t5)
core   0: 3 0x80009d70 (0x283f2a23) mem 0x80010000 0x00000001
core   0: 0x80009d74 (0xff9ff06f) j       pc - 0x8
core   0: 3 0x80009d74 (0xff9ff06f)
core   0: 0x80009d6c (0x00006f17) auipc   t5, 0x6
core   0: 3 0x80009d6c (0x00006f17) x30 0x8000fd6c
core   0: 0x80009d70 (0x283f2a23) sw      gp, 660(t5)
core   0: 3 0x80009d70 (0x283f2a23) mem 0x80010000 0x00000001
core   0: 0x80009d74 (0xff9ff06f) j       pc - 0x8
core   0: 3 0x80009d74 (0xff9ff06f)
core   0: 0x80009d6c (0x00006f17) auipc   t5, 0x6
core   0: 3 0x80009d6c (0x00006f17) x30 0x8000fd6c
core   0: 0x80009d70 (0x283f2a23) sw      gp, 660(t5)
core   0: 3 0x80009d70 (0x283f2a23) mem 0x80010000 0x00000001
core   0: 0x80009d74 (0xff9ff06f) j       pc - 0x8
core   0: 3 0x80009d74 (0xff9ff06f)
core   0: 0x80009d6c (0x00006f17) auipc   t5, 0x6
core   0: 3 0x80009d6c (0x00006f17) x30 0x8000fd6c
core   0: 0x80009d70 (0x283f2a23) sw      gp, 660(t5)
core   0: 3 0x80009d70 (0x283f2a23) mem 0x80010000 0x00000001
core   0: 0x80009d74 (0xff9ff06f) j       pc - 0x8
core   0: 3 0x80009d74 (0xff9ff06f)
core   0: 0x80009d6c (0x00006f17) auipc   t5, 0x6
core   0: 3 0x80009d6c (0x00006f17) x30 0x8000fd6c
core   0: 0x80009d70 (0x283f2a23) sw      gp, 660(t5)
core   0: 3 0x80009d70 (0x283f2a23) mem 0x80010000 0x00000001
core   0: 0x80009d74 (0xff9ff06f) j       pc - 0x8
core   0: 3 0x80009d74 (0xff9ff06f)
core   0: 0x80009d6c (0x00006f17) auipc   t5, 0x6
core   0: 3 0x80009d6c (0x00006f17) x30 0x8000fd6c
core   0: 0x80009d70 (0x283f2a23) sw      gp, 660(t5)
core   0: 3 0x80009d70 (0x283f2a23) mem 0x80010000 0x00000001
core   0: 0x80009d74 (0xff9ff06f) j       pc - 0x8
core   0: 3 0x80009d74 (0xff9ff06f)
core   0: 0x80009d6c (0x00006f17) auipc   t5, 0x6
core   0: 3 0x80009d6c (0x00006f17) x30 0x8000fd6c
core   0: 0x80009d70 (0x283f2a23) sw      gp, 660(t5)
core   0: 3 0x80009d70 (0x283f2a23) mem 0x80010000 0x00000001
core   0: 0x80009d74 (0xff9ff06f) j       pc - 0x8
core   0: 3 0x80009d74 (0xff9ff06f)
core   0: 0x80009d6c (0x00006f17) auipc   t5, 0x6
core   0: 3 0x80009d6c (0x00006f17) x30 0x8000fd6c
core   0: 0x80009d70 (0x283f2a23) sw      gp, 660(t5)
core   0: 3 0x80009d70 (0x283f2a23) mem 0x80010000 0x00000001
core   0: 0x80009d74 (0xff9ff06f) j       pc - 0x8
core   0: 3 0x80009d74 (0xff9ff06f)
core   0: 0x80009d6c (0x00006f17) auipc   t5, 0x6
core   0: 3 0x80009d6c (0x00006f17) x30 0x8000fd6c
core   0: 0x80009d70 (0x283f2a23) sw      gp, 660(t5)
core   0: 3 0x80009d70 (0x283f2a23) mem 0x80010000 0x00000001
core   0: 0x80009d74 (0xff9ff06f) j       pc - 0x8
core   0: 3 0x80009d74 (0xff9ff06f)
core   0: 0x80009d6c (0x00006f17) auipc   t5, 0x6
core   0: 3 0x80009d6c (0x00006f17) x30 0x8000fd6c
core   0: 0x80009d70 (0x283f2a23) sw      gp, 660(t5)
core   0: 3 0x80009d70 (0x283f2a23) mem 0x80010000 0x00000001
core   0: 0x80009d74 (0xff9ff06f) j       pc - 0x8
core   0: 3 0x80009d74 (0xff9ff06f)
core   0: 0x80009d6c (0x00006f17) auipc   t5, 0x6
core   0: 3 0x80009d6c (0x00006f17) x30 0x8000fd6c
core   0: 0x80009d70 (0x283f2a23) sw      gp, 660(t5)
core   0: 3 0x80009d70 (0x283f2a23) mem 0x80010000 0x00000001
core   0: 0x80009d74 (0xff9ff06f) j       pc - 0x8
core   0: 3 0x80009d74 (0xff9ff06f)
core   0: 0x80009d6c (0x00006f17) auipc   t5, 0x6
core   0: 3 0x80009d6c (0x00006f17) x30 0x8000fd6c
core   0: 0x80009d70 (0x283f2a23) sw      gp, 660(t5)
core   0: 3 0x80009d70 (0x283f2a23) mem 0x80010000 0x00000001
core   0: 0x80009d74 (0xff9ff06f) j       pc - 0x8
core   0: 3 0x80009d74 (0xff9ff06f)
core   0: 0x80009d6c (0x00006f17) auipc   t5, 0x6
core   0: 3 0x80009d6c (0x00006f17) x30 0x8000fd6c
core   0: 0x80009d70 (0x283f2a23) sw      gp, 660(t5)
core   0: 3 0x80009d70 (0x283f2a23) mem 0x80010000 0x00000001
core   0: 0x80009d74 (0xff9ff06f) j       pc - 0x8
core   0: 3 0x80009d74 (0xff9ff06f)
core   0: 0x80009d6c (0x00006f17) auipc   t5, 0x6
core   0: 3 0x80009d6c (0x00006f17) x30 0x8000fd6c
core   0: 0x80009d70 (0x283f2a23) sw      gp, 660(t5)
core   0: 3 0x80009d70 (0x283f2a23) mem 0x80010000 0x00000001
core   0: 0x80009d74 (0xff9ff06f) j       pc - 0x8
core   0: 3 0x80009d74 (0xff9ff06f)
core   0: 0x80009d6c (0x00006f17) auipc   t5, 0x6
core   0: 3 0x80009d6c (0x00006f17) x30 0x8000fd6c
core   0: 0x80009d70 (0x283f2a23) sw      gp, 660(t5)
core   0: 3 0x80009d70 (0x283f2a23) mem 0x80010000 0x00000001
core   0: 0x80009d74 (0xff9ff06f) j       pc - 0x8
core   0: 3 0x80009d74 (0xff9ff06f)
core   0: 0x80009d6c (0x00006f17) auipc   t5, 0x6
core   0: 3 0x80009d6c (0x00006f17) x30 0x8000fd6c
core   0: 0x80009d70 (0x283f2a23) sw      gp, 660(t5)
core   0: 3 0x80009d70 (0x283f2a23) mem 0x80010000 0x00000001
core   0: 0x80009d74 (0xff9ff06f) j       pc - 0x8
core   0: 3 0x80009d74 (0xff9ff06f)
core   0: 0x80009d6c (0x00006f17) auipc   t5, 0x6
core   0: 3 0x80009d6c (0x00006f17) x30 0x8000fd6c
core   0: 0x80009d70 (0x283f2a23) sw      gp, 660(t5)
core   0: 3 0x80009d70 (0x283f2a23) mem 0x80010000 0x00000001
core   0: 0x80009d74 (0xff9ff06f) j       pc - 0x8
core   0: 3 0x80009d74 (0xff9ff06f)
core   0: 0x80009d6c (0x00006f17) auipc   t5, 0x6
core   0: 3 0x80009d6c (0x00006f17) x30 0x8000fd6c
core   0: 0x80009d70 (0x283f2a23) sw      gp, 660(t5)
core   0: 3 0x80009d70 (0x283f2a23) mem 0x80010000 0x00000001
core   0: 0x80009d74 (0xff9ff06f) j       pc - 0x8
core   0: 3 0x80009d74 (0xff9ff06f)
core   0: 0x80009d6c (0x00006f17) auipc   t5, 0x6
core   0: 3 0x80009d6c (0x00006f17) x30 0x8000fd6c
core   0: 0x80009d70 (0x283f2a23) sw      gp, 660(t5)
core   0: 3 0x80009d70 (0x283f2a23) mem 0x80010000 0x00000001
core   0: 0x80009d74 (0xff9ff06f) j       pc - 0x8
core   0: 3 0x80009d74 (0xff9ff06f)
core   0: 0x80009d6c (0x00006f17) auipc   t5, 0x6
core   0: 3 0x80009d6c (0x00006f17) x30 0x8000fd6c
core   0: 0x80009d70 (0x283f2a23) sw      gp, 660(t5)
core   0: 3 0x80009d70 (0x283f2a23) mem 0x80010000 0x00000001
core   0: 0x80009d74 (0xff9ff06f) j       pc - 0x8
core   0: 3 0x80009d74 (0xff9ff06f)
core   0: 0x80009d6c (0x00006f17) auipc   t5, 0x6
core   0: 3 0x80009d6c (0x00006f17) x30 0x8000fd6c
core   0: 0x80009d70 (0x283f2a23) sw      gp, 660(t5)
core   0: 3 0x80009d70 (0x283f2a23) mem 0x80010000 0x00000001
core   0: 0x80009d74 (0xff9ff06f) j       pc - 0x8
core   0: 3 0x80009d74 (0xff9ff06f)
core   0: 0x80009d6c (0x00006f17) auipc   t5, 0x6
core   0: 3 0x80009d6c (0x00006f17) x30 0x8000fd6c
core   0: 0x80009d70 (0x283f2a23) sw      gp, 660(t5)
core   0: 3 0x80009d70 (0x283f2a23) mem 0x80010000 0x00000001
core   0: 0x80009d74 (0xff9ff06f) j       pc - 0x8
core   0: 3 0x80009d74 (0xff9ff06f)
core   0: 0x80009d6c (0x00006f17) auipc   t5, 0x6
core   0: 3 0x80009d6c (0x00006f17) x30 0x8000fd6c
core   0: 0x80009d70 (0x283f2a23) sw      gp, 660(t5)
core   0: 3 0x80009d70 (0x283f2a23) mem 0x80010000 0x00000001
core   0: 0x80009d74 (0xff9ff06f) j       pc - 0x8
core   0: 3 0x80009d74 (0xff9ff06f)
core   0: 0x80009d6c (0x00006f17) auipc   t5, 0x6
core   0: 3 0x80009d6c (0x00006f17) x30 0x8000fd6c
core   0: 0x80009d70 (0x283f2a23) sw      gp, 660(t5)
core   0: 3 0x80009d70 (0x283f2a23) mem 0x80010000 0x00000001
core   0: 0x80009d74 (0xff9ff06f) j       pc - 0x8
core   0: 3 0x80009d74 (0xff9ff06f)
core   0: 0x80009d6c (0x00006f17) auipc   t5, 0x6
core   0: 3 0x80009d6c (0x00006f17) x30 0x8000fd6c
core   0: 0x80009d70 (0x283f2a23) sw      gp, 660(t5)
core   0: 3 0x80009d70 (0x283f2a23) mem 0x80010000 0x00000001
core   0: 0x80009d74 (0xff9ff06f) j       pc - 0x8
core   0: 3 0x80009d74 (0xff9ff06f)
core   0: 0x80009d6c (0x00006f17) auipc   t5, 0x6
core   0: 3 0x80009d6c (0x00006f17) x30 0x8000fd6c
core   0: 0x80009d70 (0x283f2a23) sw      gp, 660(t5)
core   0: 3 0x80009d70 (0x283f2a23) mem 0x80010000 0x00000001
core   0: 0x80009d74 (0xff9ff06f) j       pc - 0x8
core   0: 3 0x80009d74 (0xff9ff06f)
core   0: 0x80009d6c (0x00006f17) auipc   t5, 0x6
core   0: 3 0x80009d6c (0x00006f17) x30 0x8000fd6c
core   0: 0x80009d70 (0x283f2a23) sw      gp, 660(t5)
core   0: 3 0x80009d70 (0x283f2a23) mem 0x80010000 0x00000001
core   0: 0x80009d74 (0xff9ff06f) j       pc - 0x8
core   0: 3 0x80009d74 (0xff9ff06f)
core   0: 0x80009d6c (0x00006f17) auipc   t5, 0x6
core   0: 3 0x80009d6c (0x00006f17) x30 0x8000fd6c
core   0: 0x80009d70 (0x283f2a23) sw      gp, 660(t5)
core   0: 3 0x80009d70 (0x283f2a23) mem 0x80010000 0x00000001
core   0: 0x80009d74 (0xff9ff06f) j       pc - 0x8
core   0: 3 0x80009d74 (0xff9ff06f)
core   0: 0x80009d6c (0x00006f17) auipc   t5, 0x6
core   0: 3 0x80009d6c (0x00006f17) x30 0x8000fd6c
core   0: 0x80009d70 (0x283f2a23) sw      gp, 660(t5)
core   0: 3 0x80009d70 (0x283f2a23) mem 0x80010000 0x00000001
core   0: 0x80009d74 (0xff9ff06f) j       pc - 0x8
core   0: 3 0x80009d74 (0xff9ff06f)
core   0: 0x80009d6c (0x00006f17) auipc   t5, 0x6
core   0: 3 0x80009d6c (0x00006f17) x30 0x8000fd6c
core   0: 0x80009d70 (0x283f2a23) sw      gp, 660(t5)
core   0: 3 0x80009d70 (0x283f2a23) mem 0x80010000 0x00000001
core   0: 0x80009d74 (0xff9ff06f) j       pc - 0x8
core   0: 3 0x80009d74 (0xff9ff06f)
core   0: 0x80009d6c (0x00006f17) auipc   t5, 0x6
core   0: 3 0x80009d6c (0x00006f17) x30 0x8000fd6c
core   0: 0x80009d70 (0x283f2a23) sw      gp, 660(t5)
core   0: 3 0x80009d70 (0x283f2a23) mem 0x80010000 0x00000001
core   0: 0x80009d74 (0xff9ff06f) j       pc - 0x8
core   0: 3 0x80009d74 (0xff9ff06f)
core   0: 0x80009d6c (0x00006f17) auipc   t5, 0x6
core   0: 3 0x80009d6c (0x00006f17) x30 0x8000fd6c
core   0: 0x80009d70 (0x283f2a23) sw      gp, 660(t5)
core   0: 3 0x80009d70 (0x283f2a23) mem 0x80010000 0x00000001
core   0: 0x80009d74 (0xff9ff06f) j       pc - 0x8
core   0: 3 0x80009d74 (0xff9ff06f)
core   0: 0x80009d6c (0x00006f17) auipc   t5, 0x6
core   0: 3 0x80009d6c (0x00006f17) x30 0x8000fd6c
core   0: 0x80009d70 (0x283f2a23) sw      gp, 660(t5)
core   0: 3 0x80009d70 (0x283f2a23) mem 0x80010000 0x00000001
core   0: 0x80009d74 (0xff9ff06f) j       pc - 0x8
core   0: 3 0x80009d74 (0xff9ff06f)
core   0: 0x80009d6c (0x00006f17) auipc   t5, 0x6
core   0: 3 0x80009d6c (0x00006f17) x30 0x8000fd6c
core   0: 0x80009d70 (0x283f2a23) sw      gp, 660(t5)
core   0: 3 0x80009d70 (0x283f2a23) mem 0x80010000 0x00000001
core   0: 0x80009d74 (0xff9ff06f) j       pc - 0x8
core   0: 3 0x80009d74 (0xff9ff06f)
core   0: 0x80009d6c (0x00006f17) auipc   t5, 0x6
core   0: 3 0x80009d6c (0x00006f17) x30 0x8000fd6c
core   0: 0x80009d70 (0x283f2a23) sw      gp, 660(t5)
core   0: 3 0x80009d70 (0x283f2a23) mem 0x80010000 0x00000001
core   0: 0x80009d74 (0xff9ff06f) j       pc - 0x8
core   0: 3 0x80009d74 (0xff9ff06f)
core   0: 0x80009d6c (0x00006f17) auipc   t5, 0x6
core   0: 3 0x80009d6c (0x00006f17) x30 0x8000fd6c
core   0: 0x80009d70 (0x283f2a23) sw      gp, 660(t5)
core   0: 3 0x80009d70 (0x283f2a23) mem 0x80010000 0x00000001
core   0: 0x80009d74 (0xff9ff06f) j       pc - 0x8
core   0: 3 0x80009d74 (0xff9ff06f)
core   0: 0x80009d6c (0x00006f17) auipc   t5, 0x6
core   0: 3 0x80009d6c (0x00006f17) x30 0x8000fd6c
core   0: 0x80009d70 (0x283f2a23) sw      gp, 660(t5)
core   0: 3 0x80009d70 (0x283f2a23) mem 0x80010000 0x00000001
core   0: 0x80009d74 (0xff9ff06f) j       pc - 0x8
core   0: 3 0x80009d74 (0xff9ff06f)
core   0: 0x80009d6c (0x00006f17) auipc   t5, 0x6
core   0: 3 0x80009d6c (0x00006f17) x30 0x8000fd6c
core   0: 0x80009d70 (0x283f2a23) sw      gp, 660(t5)
core   0: 3 0x80009d70 (0x283f2a23) mem 0x80010000 0x00000001
core   0: 0x80009d74 (0xff9ff06f) j       pc - 0x8
core   0: 3 0x80009d74 (0xff9ff06f)
core   0: 0x80009d6c (0x00006f17) auipc   t5, 0x6
core   0: 3 0x80009d6c (0x00006f17) x30 0x8000fd6c
core   0: 0x80009d70 (0x283f2a23) sw      gp, 660(t5)
core   0: 3 0x80009d70 (0x283f2a23) mem 0x80010000 0x00000001
core   0: 0x80009d74 (0xff9ff06f) j       pc - 0x8
core   0: 3 0x80009d74 (0xff9ff06f)
core   0: 0x80009d6c (0x00006f17) auipc   t5, 0x6
core   0: 3 0x80009d6c (0x00006f17) x30 0x8000fd6c
core   0: 0x80009d70 (0x283f2a23) sw      gp, 660(t5)
core   0: 3 0x80009d70 (0x283f2a23) mem 0x80010000 0x00000001
core   0: 0x80009d74 (0xff9ff06f) j       pc - 0x8
core   0: 3 0x80009d74 (0xff9ff06f)
core   0: 0x80009d6c (0x00006f17) auipc   t5, 0x6
core   0: 3 0x80009d6c (0x00006f17) x30 0x8000fd6c
core   0: 0x80009d70 (0x283f2a23) sw      gp, 660(t5)
core   0: 3 0x80009d70 (0x283f2a23) mem 0x80010000 0x00000001
core   0: 0x80009d74 (0xff9ff06f) j       pc - 0x8
core   0: 3 0x80009d74 (0xff9ff06f)
core   0: 0x80009d6c (0x00006f17) auipc   t5, 0x6
core   0: 3 0x80009d6c (0x00006f17) x30 0x8000fd6c
core   0: 0x80009d70 (0x283f2a23) sw      gp, 660(t5)
core   0: 3 0x80009d70 (0x283f2a23) mem 0x80010000 0x00000001
core   0: 0x80009d74 (0xff9ff06f) j       pc - 0x8
core   0: 3 0x80009d74 (0xff9ff06f)
core   0: 0x80009d6c (0x00006f17) auipc   t5, 0x6
core   0: 3 0x80009d6c (0x00006f17) x30 0x8000fd6c
core   0: 0x80009d70 (0x283f2a23) sw      gp, 660(t5)
core   0: 3 0x80009d70 (0x283f2a23) mem 0x80010000 0x00000001
core   0: 0x80009d74 (0xff9ff06f) j       pc - 0x8
core   0: 3 0x80009d74 (0xff9ff06f)
core   0: 0x80009d6c (0x00006f17) auipc   t5, 0x6
core   0: 3 0x80009d6c (0x00006f17) x30 0x8000fd6c
core   0: 0x80009d70 (0x283f2a23) sw      gp, 660(t5)
core   0: 3 0x80009d70 (0x283f2a23) mem 0x80010000 0x00000001
core   0: 0x80009d74 (0xff9ff06f) j       pc - 0x8
core   0: 3 0x80009d74 (0xff9ff06f)
core   0: 0x80009d6c (0x00006f17) auipc   t5, 0x6
core   0: 3 0x80009d6c (0x00006f17) x30 0x8000fd6c
core   0: 0x80009d70 (0x283f2a23) sw      gp, 660(t5)
core   0: 3 0x80009d70 (0x283f2a23) mem 0x80010000 0x00000001
core   0: 0x80009d74 (0xff9ff06f) j       pc - 0x8
core   0: 3 0x80009d74 (0xff9ff06f)
core   0: 0x80009d6c (0x00006f17) auipc   t5, 0x6
core   0: 3 0x80009d6c (0x00006f17) x30 0x8000fd6c
core   0: 0x80009d70 (0x283f2a23) sw      gp, 660(t5)
core   0: 3 0x80009d70 (0x283f2a23) mem 0x80010000 0x00000001
core   0: 0x80009d74 (0xff9ff06f) j       pc - 0x8
core   0: 3 0x80009d74 (0xff9ff06f)
core   0: 0x80009d6c (0x00006f17) auipc   t5, 0x6
core   0: 3 0x80009d6c (0x00006f17) x30 0x8000fd6c
core   0: 0x80009d70 (0x283f2a23) sw      gp, 660(t5)
core   0: 3 0x80009d70 (0x283f2a23) mem 0x80010000 0x00000001
core   0: 0x80009d74 (0xff9ff06f) j       pc - 0x8
core   0: 3 0x80009d74 (0xff9ff06f)
core   0: 0x80009d6c (0x00006f17) auipc   t5, 0x6
core   0: 3 0x80009d6c (0x00006f17) x30 0x8000fd6c
core   0: 0x80009d70 (0x283f2a23) sw      gp, 660(t5)
core   0: 3 0x80009d70 (0x283f2a23) mem 0x80010000 0x00000001
core   0: 0x80009d74 (0xff9ff06f) j       pc - 0x8
core   0: 3 0x80009d74 (0xff9ff06f)
core   0: 0x80009d6c (0x00006f17) auipc   t5, 0x6
core   0: 3 0x80009d6c (0x00006f17) x30 0x8000fd6c
core   0: 0x80009d70 (0x283f2a23) sw      gp, 660(t5)
core   0: 3 0x80009d70 (0x283f2a23) mem 0x80010000 0x00000001
core   0: 0x80009d74 (0xff9ff06f) j       pc - 0x8
core   0: 3 0x80009d74 (0xff9ff06f)
core   0: 0x80009d6c (0x00006f17) auipc   t5, 0x6
core   0: 3 0x80009d6c (0x00006f17) x30 0x8000fd6c
core   0: 0x80009d70 (0x283f2a23) sw      gp, 660(t5)
core   0: 3 0x80009d70 (0x283f2a23) mem 0x80010000 0x00000001
core   0: 0x80009d74 (0xff9ff06f) j       pc - 0x8
core   0: 3 0x80009d74 (0xff9ff06f)
core   0: 0x80009d6c (0x00006f17) auipc   t5, 0x6
core   0: 3 0x80009d6c (0x00006f17) x30 0x8000fd6c
core   0: 0x80009d70 (0x283f2a23) sw      gp, 660(t5)
core   0: 3 0x80009d70 (0x283f2a23) mem 0x80010000 0x00000001
core   0: 0x80009d74 (0xff9ff06f) j       pc - 0x8
core   0: 3 0x80009d74 (0xff9ff06f)
core   0: 0x80009d6c (0x00006f17) auipc   t5, 0x6
core   0: 3 0x80009d6c (0x00006f17) x30 0x8000fd6c
core   0: 0x80009d70 (0x283f2a23) sw      gp, 660(t5)
core   0: 3 0x80009d70 (0x283f2a23) mem 0x80010000 0x00000001
core   0: 0x80009d74 (0xff9ff06f) j       pc - 0x8
core   0: 3 0x80009d74 (0xff9ff06f)
core   0: 0x80009d6c (0x00006f17) auipc   t5, 0x6
core   0: 3 0x80009d6c (0x00006f17) x30 0x8000fd6c
core   0: 0x80009d70 (0x283f2a23) sw      gp, 660(t5)
core   0: 3 0x80009d70 (0x283f2a23) mem 0x80010000 0x00000001
core   0: 0x80009d74 (0xff9ff06f) j       pc - 0x8
core   0: 3 0x80009d74 (0xff9ff06f)
core   0: 0x80009d6c (0x00006f17) auipc   t5, 0x6
core   0: 3 0x80009d6c (0x00006f17) x30 0x8000fd6c
core   0: 0x80009d70 (0x283f2a23) sw      gp, 660(t5)
core   0: 3 0x80009d70 (0x283f2a23) mem 0x80010000 0x00000001
core   0: 0x80009d74 (0xff9ff06f) j       pc - 0x8
core   0: 3 0x80009d74 (0xff9ff06f)
core   0: 0x80009d6c (0x00006f17) auipc   t5, 0x6
core   0: 3 0x80009d6c (0x00006f17) x30 0x8000fd6c
core   0: 0x80009d70 (0x283f2a23) sw      gp, 660(t5)
core   0: 3 0x80009d70 (0x283f2a23) mem 0x80010000 0x00000001
core   0: 0x80009d74 (0xff9ff06f) j       pc - 0x8
core   0: 3 0x80009d74 (0xff9ff06f)
core   0: 0x80009d6c (0x00006f17) auipc   t5, 0x6
core   0: 3 0x80009d6c (0x00006f17) x30 0x8000fd6c
core   0: 0x80009d70 (0x283f2a23) sw      gp, 660(t5)
core   0: 3 0x80009d70 (0x283f2a23) mem 0x80010000 0x00000001
core   0: 0x80009d74 (0xff9ff06f) j       pc - 0x8
core   0: 3 0x80009d74 (0xff9ff06f)
core   0: 0x80009d6c (0x00006f17) auipc   t5, 0x6
core   0: 3 0x80009d6c (0x00006f17) x30 0x8000fd6c
core   0: 0x80009d70 (0x283f2a23) sw      gp, 660(t5)
core   0: 3 0x80009d70 (0x283f2a23) mem 0x80010000 0x00000001
core   0: 0x80009d74 (0xff9ff06f) j       pc - 0x8
core   0: 3 0x80009d74 (0xff9ff06f)
core   0: 0x80009d6c (0x00006f17) auipc   t5, 0x6
core   0: 3 0x80009d6c (0x00006f17) x30 0x8000fd6c
core   0: 0x80009d70 (0x283f2a23) sw      gp, 660(t5)
core   0: 3 0x80009d70 (0x283f2a23) mem 0x80010000 0x00000001
core   0: 0x80009d74 (0xff9ff06f) j       pc - 0x8
core   0: 3 0x80009d74 (0xff9ff06f)
core   0: 0x80009d6c (0x00006f17) auipc   t5, 0x6
core   0: 3 0x80009d6c (0x00006f17) x30 0x8000fd6c
core   0: 0x80009d70 (0x283f2a23) sw      gp, 660(t5)
core   0: 3 0x80009d70 (0x283f2a23) mem 0x80010000 0x00000001
core   0: 0x80009d74 (0xff9ff06f) j       pc - 0x8
core   0: 3 0x80009d74 (0xff9ff06f)
core   0: 0x80009d6c (0x00006f17) auipc   t5, 0x6
core   0: 3 0x80009d6c (0x00006f17) x30 0x8000fd6c
core   0: 0x80009d70 (0x283f2a23) sw      gp, 660(t5)
core   0: 3 0x80009d70 (0x283f2a23) mem 0x80010000 0x00000001
core   0: 0x80009d74 (0xff9ff06f) j       pc - 0x8
core   0: 3 0x80009d74 (0xff9ff06f)
core   0: 0x80009d6c (0x00006f17) auipc   t5, 0x6
core   0: 3 0x80009d6c (0x00006f17) x30 0x8000fd6c
core   0: 0x80009d70 (0x283f2a23) sw      gp, 660(t5)
core   0: 3 0x80009d70 (0x283f2a23) mem 0x80010000 0x00000001
core   0: 0x80009d74 (0xff9ff06f) j       pc - 0x8
core   0: 3 0x80009d74 (0xff9ff06f)
core   0: 0x80009d6c (0x00006f17) auipc   t5, 0x6
core   0: 3 0x80009d6c (0x00006f17) x30 0x8000fd6c
core   0: 0x80009d70 (0x283f2a23) sw      gp, 660(t5)
core   0: 3 0x80009d70 (0x283f2a23) mem 0x80010000 0x00000001
core   0: 0x80009d74 (0xff9ff06f) j       pc - 0x8
core   0: 3 0x80009d74 (0xff9ff06f)
core   0: 0x80009d6c (0x00006f17) auipc   t5, 0x6
core   0: 3 0x80009d6c (0x00006f17) x30 0x8000fd6c
core   0: 0x80009d70 (0x283f2a23) sw      gp, 660(t5)
core   0: 3 0x80009d70 (0x283f2a23) mem 0x80010000 0x00000001
core   0: 0x80009d74 (0xff9ff06f) j       pc - 0x8
core   0: 3 0x80009d74 (0xff9ff06f)
core   0: 0x80009d6c (0x00006f17) auipc   t5, 0x6
core   0: 3 0x80009d6c (0x00006f17) x30 0x8000fd6c
core   0: 0x80009d70 (0x283f2a23) sw      gp, 660(t5)
core   0: 3 0x80009d70 (0x283f2a23) mem 0x80010000 0x00000001
core   0: 0x80009d74 (0xff9ff06f) j       pc - 0x8
core   0: 3 0x80009d74 (0xff9ff06f)
core   0: 0x80009d6c (0x00006f17) auipc   t5, 0x6
core   0: 3 0x80009d6c (0x00006f17) x30 0x8000fd6c
core   0: 0x80009d70 (0x283f2a23) sw      gp, 660(t5)
core   0: 3 0x80009d70 (0x283f2a23) mem 0x80010000 0x00000001
core   0: 0x80009d74 (0xff9ff06f) j       pc - 0x8
core   0: 3 0x80009d74 (0xff9ff06f)
core   0: 0x80009d6c (0x00006f17) auipc   t5, 0x6
core   0: 3 0x80009d6c (0x00006f17) x30 0x8000fd6c
core   0: 0x80009d70 (0x283f2a23) sw      gp, 660(t5)
core   0: 3 0x80009d70 (0x283f2a23) mem 0x80010000 0x00000001
core   0: 0x80009d74 (0xff9ff06f) j       pc - 0x8
core   0: 3 0x80009d74 (0xff9ff06f)
core   0: 0x80009d6c (0x00006f17) auipc   t5, 0x6
core   0: 3 0x80009d6c (0x00006f17) x30 0x8000fd6c
core   0: 0x80009d70 (0x283f2a23) sw      gp, 660(t5)
core   0: 3 0x80009d70 (0x283f2a23) mem 0x80010000 0x00000001
core   0: 0x80009d74 (0xff9ff06f) j       pc - 0x8
core   0: 3 0x80009d74 (0xff9ff06f)
core   0: 0x80009d6c (0x00006f17) auipc   t5, 0x6
core   0: 3 0x80009d6c (0x00006f17) x30 0x8000fd6c
core   0: 0x80009d70 (0x283f2a23) sw      gp, 660(t5)
core   0: 3 0x80009d70 (0x283f2a23) mem 0x80010000 0x00000001
core   0: 0x80009d74 (0xff9ff06f) j       pc - 0x8
core   0: 3 0x80009d74 (0xff9ff06f)
core   0: 0x80009d6c (0x00006f17) auipc   t5, 0x6
core   0: 3 0x80009d6c (0x00006f17) x30 0x8000fd6c
core   0: 0x80009d70 (0x283f2a23) sw      gp, 660(t5)
core   0: 3 0x80009d70 (0x283f2a23) mem 0x80010000 0x00000001
core   0: 0x80009d74 (0xff9ff06f) j       pc - 0x8
core   0: 3 0x80009d74 (0xff9ff06f)
core   0: 0x80009d6c (0x00006f17) auipc   t5, 0x6
core   0: 3 0x80009d6c (0x00006f17) x30 0x8000fd6c
core   0: 0x80009d70 (0x283f2a23) sw      gp, 660(t5)
core   0: 3 0x80009d70 (0x283f2a23) mem 0x80010000 0x00000001
core   0: 0x80009d74 (0xff9ff06f) j       pc - 0x8
core   0: 3 0x80009d74 (0xff9ff06f)
core   0: 0x80009d6c (0x00006f17) auipc   t5, 0x6
core   0: 3 0x80009d6c (0x00006f17) x30 0x8000fd6c
core   0: 0x80009d70 (0x283f2a23) sw      gp, 660(t5)
core   0: 3 0x80009d70 (0x283f2a23) mem 0x80010000 0x00000001
core   0: 0x80009d74 (0xff9ff06f) j       pc - 0x8
core   0: 3 0x80009d74 (0xff9ff06f)
core   0: 0x80009d6c (0x00006f17) auipc   t5, 0x6
core   0: 3 0x80009d6c (0x00006f17) x30 0x8000fd6c
core   0: 0x80009d70 (0x283f2a23) sw      gp, 660(t5)
core   0: 3 0x80009d70 (0x283f2a23) mem 0x80010000 0x00000001
core   0: 0x80009d74 (0xff9ff06f) j       pc - 0x8
core   0: 3 0x80009d74 (0xff9ff06f)
core   0: 0x80009d6c (0x00006f17) auipc   t5, 0x6
core   0: 3 0x80009d6c (0x00006f17) x30 0x8000fd6c
core   0: 0x80009d70 (0x283f2a23) sw      gp, 660(t5)
core   0: 3 0x80009d70 (0x283f2a23) mem 0x80010000 0x00000001
core   0: 0x80009d74 (0xff9ff06f) j       pc - 0x8
core   0: 3 0x80009d74 (0xff9ff06f)
core   0: 0x80009d6c (0x00006f17) auipc   t5, 0x6
core   0: 3 0x80009d6c (0x00006f17) x30 0x8000fd6c
core   0: 0x80009d70 (0x283f2a23) sw      gp, 660(t5)
core   0: 3 0x80009d70 (0x283f2a23) mem 0x80010000 0x00000001
core   0: 0x80009d74 (0xff9ff06f) j       pc - 0x8
core   0: 3 0x80009d74 (0xff9ff06f)
core   0: 0x80009d6c (0x00006f17) auipc   t5, 0x6
core   0: 3 0x80009d6c (0x00006f17) x30 0x8000fd6c
core   0: 0x80009d70 (0x283f2a23) sw      gp, 660(t5)
core   0: 3 0x80009d70 (0x283f2a23) mem 0x80010000 0x00000001
core   0: 0x80009d74 (0xff9ff06f) j       pc - 0x8
core   0: 3 0x80009d74 (0xff9ff06f)
core   0: 0x80009d6c (0x00006f17) auipc   t5, 0x6
core   0: 3 0x80009d6c (0x00006f17) x30 0x8000fd6c
core   0: 0x80009d70 (0x283f2a23) sw      gp, 660(t5)
core   0: 3 0x80009d70 (0x283f2a23) mem 0x80010000 0x00000001
core   0: 0x80009d74 (0xff9ff06f) j       pc - 0x8
core   0: 3 0x80009d74 (0xff9ff06f)
core   0: 0x80009d6c (0x00006f17) auipc   t5, 0x6
core   0: 3 0x80009d6c (0x00006f17) x30 0x8000fd6c
core   0: 0x80009d70 (0x283f2a23) sw      gp, 660(t5)
core   0: 3 0x80009d70 (0x283f2a23) mem 0x80010000 0x00000001
core   0: 0x80009d74 (0xff9ff06f) j       pc - 0x8
core   0: 3 0x80009d74 (0xff9ff06f)
core   0: 0x80009d6c (0x00006f17) auipc   t5, 0x6
core   0: 3 0x80009d6c (0x00006f17) x30 0x8000fd6c
core   0: 0x80009d70 (0x283f2a23) sw      gp, 660(t5)
core   0: 3 0x80009d70 (0x283f2a23) mem 0x80010000 0x00000001
core   0: 0x80009d74 (0xff9ff06f) j       pc - 0x8
core   0: 3 0x80009d74 (0xff9ff06f)
core   0: 0x80009d6c (0x00006f17) auipc   t5, 0x6
core   0: 3 0x80009d6c (0x00006f17) x30 0x8000fd6c
core   0: 0x80009d70 (0x283f2a23) sw      gp, 660(t5)
core   0: 3 0x80009d70 (0x283f2a23) mem 0x80010000 0x00000001
core   0: 0x80009d74 (0xff9ff06f) j       pc - 0x8
core   0: 3 0x80009d74 (0xff9ff06f)
core   0: 0x80009d6c (0x00006f17) auipc   t5, 0x6
core   0: 3 0x80009d6c (0x00006f17) x30 0x8000fd6c
core   0: 0x80009d70 (0x283f2a23) sw      gp, 660(t5)
core   0: 3 0x80009d70 (0x283f2a23) mem 0x80010000 0x00000001
core   0: 0x80009d74 (0xff9ff06f) j       pc - 0x8
core   0: 3 0x80009d74 (0xff9ff06f)
core   0: 0x80009d6c (0x00006f17) auipc   t5, 0x6
core   0: 3 0x80009d6c (0x00006f17) x30 0x8000fd6c
core   0: 0x80009d70 (0x283f2a23) sw      gp, 660(t5)
core   0: 3 0x80009d70 (0x283f2a23) mem 0x80010000 0x00000001
core   0: 0x80009d74 (0xff9ff06f) j       pc - 0x8
core   0: 3 0x80009d74 (0xff9ff06f)
core   0: 0x80009d6c (0x00006f17) auipc   t5, 0x6
core   0: 3 0x80009d6c (0x00006f17) x30 0x8000fd6c
core   0: 0x80009d70 (0x283f2a23) sw      gp, 660(t5)
core   0: 3 0x80009d70 (0x283f2a23) mem 0x80010000 0x00000001
core   0: 0x80009d74 (0xff9ff06f) j       pc - 0x8
core   0: 3 0x80009d74 (0xff9ff06f)
core   0: 0x80009d6c (0x00006f17) auipc   t5, 0x6
core   0: 3 0x80009d6c (0x00006f17) x30 0x8000fd6c
core   0: 0x80009d70 (0x283f2a23) sw      gp, 660(t5)
core   0: 3 0x80009d70 (0x283f2a23) mem 0x80010000 0x00000001
core   0: 0x80009d74 (0xff9ff06f) j       pc - 0x8
core   0: 3 0x80009d74 (0xff9ff06f)
core   0: 0x80009d6c (0x00006f17) auipc   t5, 0x6
core   0: 3 0x80009d6c (0x00006f17) x30 0x8000fd6c
core   0: 0x80009d70 (0x283f2a23) sw      gp, 660(t5)
core   0: 3 0x80009d70 (0x283f2a23) mem 0x80010000 0x00000001
core   0: 0x80009d74 (0xff9ff06f) j       pc - 0x8
core   0: 3 0x80009d74 (0xff9ff06f)
core   0: 0x80009d6c (0x00006f17) auipc   t5, 0x6
core   0: 3 0x80009d6c (0x00006f17) x30 0x8000fd6c
core   0: 0x80009d70 (0x283f2a23) sw      gp, 660(t5)
core   0: 3 0x80009d70 (0x283f2a23) mem 0x80010000 0x00000001
core   0: 0x80009d74 (0xff9ff06f) j       pc - 0x8
core   0: 3 0x80009d74 (0xff9ff06f)
core   0: 0x80009d6c (0x00006f17) auipc   t5, 0x6
core   0: 3 0x80009d6c (0x00006f17) x30 0x8000fd6c
core   0: 0x80009d70 (0x283f2a23) sw      gp, 660(t5)
core   0: 3 0x80009d70 (0x283f2a23) mem 0x80010000 0x00000001
core   0: 0x80009d74 (0xff9ff06f) j       pc - 0x8
core   0: 3 0x80009d74 (0xff9ff06f)
core   0: 0x80009d6c (0x00006f17) auipc   t5, 0x6
core   0: 3 0x80009d6c (0x00006f17) x30 0x8000fd6c
core   0: 0x80009d70 (0x283f2a23) sw      gp, 660(t5)
core   0: 3 0x80009d70 (0x283f2a23) mem 0x80010000 0x00000001
core   0: 0x80009d74 (0xff9ff06f) j       pc - 0x8
core   0: 3 0x80009d74 (0xff9ff06f)
core   0: 0x80009d6c (0x00006f17) auipc   t5, 0x6
core   0: 3 0x80009d6c (0x00006f17) x30 0x8000fd6c
core   0: 0x80009d70 (0x283f2a23) sw      gp, 660(t5)
core   0: 3 0x80009d70 (0x283f2a23) mem 0x80010000 0x00000001
core   0: 0x80009d74 (0xff9ff06f) j       pc - 0x8
core   0: 3 0x80009d74 (0xff9ff06f)
core   0: 0x80009d6c (0x00006f17) auipc   t5, 0x6
core   0: 3 0x80009d6c (0x00006f17) x30 0x8000fd6c
core   0: 0x80009d70 (0x283f2a23) sw      gp, 660(t5)
core   0: 3 0x80009d70 (0x283f2a23) mem 0x80010000 0x00000001
core   0: 0x80009d74 (0xff9ff06f) j       pc - 0x8
core   0: 3 0x80009d74 (0xff9ff06f)
core   0: 0x80009d6c (0x00006f17) auipc   t5, 0x6
core   0: 3 0x80009d6c (0x00006f17) x30 0x8000fd6c
core   0: 0x80009d70 (0x283f2a23) sw      gp, 660(t5)
core   0: 3 0x80009d70 (0x283f2a23) mem 0x80010000 0x00000001
core   0: 0x80009d74 (0xff9ff06f) j       pc - 0x8
core   0: 3 0x80009d74 (0xff9ff06f)
core   0: 0x80009d6c (0x00006f17) auipc   t5, 0x6
core   0: 3 0x80009d6c (0x00006f17) x30 0x8000fd6c
core   0: 0x80009d70 (0x283f2a23) sw      gp, 660(t5)
core   0: 3 0x80009d70 (0x283f2a23) mem 0x80010000 0x00000001
core   0: 0x80009d74 (0xff9ff06f) j       pc - 0x8
core   0: 3 0x80009d74 (0xff9ff06f)
core   0: 0x80009d6c (0x00006f17) auipc   t5, 0x6
core   0: 3 0x80009d6c (0x00006f17) x30 0x8000fd6c
core   0: 0x80009d70 (0x283f2a23) sw      gp, 660(t5)
core   0: 3 0x80009d70 (0x283f2a23) mem 0x80010000 0x00000001
core   0: 0x80009d74 (0xff9ff06f) j       pc - 0x8
core   0: 3 0x80009d74 (0xff9ff06f)
core   0: 0x80009d6c (0x00006f17) auipc   t5, 0x6
core   0: 3 0x80009d6c (0x00006f17) x30 0x8000fd6c
core   0: 0x80009d70 (0x283f2a23) sw      gp, 660(t5)
core   0: 3 0x80009d70 (0x283f2a23) mem 0x80010000 0x00000001
core   0: 0x80009d74 (0xff9ff06f) j       pc - 0x8
core   0: 3 0x80009d74 (0xff9ff06f)
core   0: 0x80009d6c (0x00006f17) auipc   t5, 0x6
core   0: 3 0x80009d6c (0x00006f17) x30 0x8000fd6c
core   0: 0x80009d70 (0x283f2a23) sw      gp, 660(t5)
core   0: 3 0x80009d70 (0x283f2a23) mem 0x80010000 0x00000001
core   0: 0x80009d74 (0xff9ff06f) j       pc - 0x8
core   0: 3 0x80009d74 (0xff9ff06f)
core   0: 0x80009d6c (0x00006f17) auipc   t5, 0x6
core   0: 3 0x80009d6c (0x00006f17) x30 0x8000fd6c
core   0: 0x80009d70 (0x283f2a23) sw      gp, 660(t5)
core   0: 3 0x80009d70 (0x283f2a23) mem 0x80010000 0x00000001
core   0: 0x80009d74 (0xff9ff06f) j       pc - 0x8
core   0: 3 0x80009d74 (0xff9ff06f)
core   0: 0x80009d6c (0x00006f17) auipc   t5, 0x6
core   0: 3 0x80009d6c (0x00006f17) x30 0x8000fd6c
core   0: 0x80009d70 (0x283f2a23) sw      gp, 660(t5)
core   0: 3 0x80009d70 (0x283f2a23) mem 0x80010000 0x00000001
core   0: 0x80009d74 (0xff9ff06f) j       pc - 0x8
core   0: 3 0x80009d74 (0xff9ff06f)
core   0: 0x80009d6c (0x00006f17) auipc   t5, 0x6
core   0: 3 0x80009d6c (0x00006f17) x30 0x8000fd6c
core   0: 0x80009d70 (0x283f2a23) sw      gp, 660(t5)
core   0: 3 0x80009d70 (0x283f2a23) mem 0x80010000 0x00000001
core   0: 0x80009d74 (0xff9ff06f) j       pc - 0x8
core   0: 3 0x80009d74 (0xff9ff06f)
core   0: 0x80009d6c (0x00006f17) auipc   t5, 0x6
core   0: 3 0x80009d6c (0x00006f17) x30 0x8000fd6c
core   0: 0x80009d70 (0x283f2a23) sw      gp, 660(t5)
core   0: 3 0x80009d70 (0x283f2a23) mem 0x80010000 0x00000001
core   0: 0x80009d74 (0xff9ff06f) j       pc - 0x8
core   0: 3 0x80009d74 (0xff9ff06f)
core   0: 0x80009d6c (0x00006f17) auipc   t5, 0x6
core   0: 3 0x80009d6c (0x00006f17) x30 0x8000fd6c
core   0: 0x80009d70 (0x283f2a23) sw      gp, 660(t5)
core   0: 3 0x80009d70 (0x283f2a23) mem 0x80010000 0x00000001
core   0: 0x80009d74 (0xff9ff06f) j       pc - 0x8
core   0: 3 0x80009d74 (0xff9ff06f)
core   0: 0x80009d6c (0x00006f17) auipc   t5, 0x6
core   0: 3 0x80009d6c (0x00006f17) x30 0x8000fd6c
core   0: 0x80009d70 (0x283f2a23) sw      gp, 660(t5)
core   0: 3 0x80009d70 (0x283f2a23) mem 0x80010000 0x00000001
core   0: 0x80009d74 (0xff9ff06f) j       pc - 0x8
core   0: 3 0x80009d74 (0xff9ff06f)
core   0: 0x80009d6c (0x00006f17) auipc   t5, 0x6
core   0: 3 0x80009d6c (0x00006f17) x30 0x8000fd6c
core   0: 0x80009d70 (0x283f2a23) sw      gp, 660(t5)
core   0: 3 0x80009d70 (0x283f2a23) mem 0x80010000 0x00000001
core   0: 0x80009d74 (0xff9ff06f) j       pc - 0x8
core   0: 3 0x80009d74 (0xff9ff06f)
core   0: 0x80009d6c (0x00006f17) auipc   t5, 0x6
core   0: 3 0x80009d6c (0x00006f17) x30 0x8000fd6c
core   0: 0x80009d70 (0x283f2a23) sw      gp, 660(t5)
core   0: 3 0x80009d70 (0x283f2a23) mem 0x80010000 0x00000001
core   0: 0x80009d74 (0xff9ff06f) j       pc - 0x8
core   0: 3 0x80009d74 (0xff9ff06f)
core   0: 0x80009d6c (0x00006f17) auipc   t5, 0x6
core   0: 3 0x80009d6c (0x00006f17) x30 0x8000fd6c
core   0: 0x80009d70 (0x283f2a23) sw      gp, 660(t5)
core   0: 3 0x80009d70 (0x283f2a23) mem 0x80010000 0x00000001
core   0: 0x80009d74 (0xff9ff06f) j       pc - 0x8
core   0: 3 0x80009d74 (0xff9ff06f)
core   0: 0x80009d6c (0x00006f17) auipc   t5, 0x6
core   0: 3 0x80009d6c (0x00006f17) x30 0x8000fd6c
core   0: 0x80009d70 (0x283f2a23) sw      gp, 660(t5)
core   0: 3 0x80009d70 (0x283f2a23) mem 0x80010000 0x00000001
core   0: 0x80009d74 (0xff9ff06f) j       pc - 0x8
core   0: 3 0x80009d74 (0xff9ff06f)
core   0: 0x80009d6c (0x00006f17) auipc   t5, 0x6
core   0: 3 0x80009d6c (0x00006f17) x30 0x8000fd6c
core   0: 0x80009d70 (0x283f2a23) sw      gp, 660(t5)
core   0: 3 0x80009d70 (0x283f2a23) mem 0x80010000 0x00000001
core   0: 0x80009d74 (0xff9ff06f) j       pc - 0x8
core   0: 3 0x80009d74 (0xff9ff06f)
core   0: 0x80009d6c (0x00006f17) auipc   t5, 0x6
core   0: 3 0x80009d6c (0x00006f17) x30 0x8000fd6c
core   0: 0x80009d70 (0x283f2a23) sw      gp, 660(t5)
core   0: 3 0x80009d70 (0x283f2a23) mem 0x80010000 0x00000001
core   0: 0x80009d74 (0xff9ff06f) j       pc - 0x8
core   0: 3 0x80009d74 (0xff9ff06f)
core   0: 0x80009d6c (0x00006f17) auipc   t5, 0x6
core   0: 3 0x80009d6c (0x00006f17) x30 0x8000fd6c
core   0: 0x80009d70 (0x283f2a23) sw      gp, 660(t5)
core   0: 3 0x80009d70 (0x283f2a23) mem 0x80010000 0x00000001
core   0: 0x80009d74 (0xff9ff06f) j       pc - 0x8
core   0: 3 0x80009d74 (0xff9ff06f)
core   0: 0x80009d6c (0x00006f17) auipc   t5, 0x6
core   0: 3 0x80009d6c (0x00006f17) x30 0x8000fd6c
core   0: 0x80009d70 (0x283f2a23) sw      gp, 660(t5)
core   0: 3 0x80009d70 (0x283f2a23) mem 0x80010000 0x00000001
core   0: 0x80009d74 (0xff9ff06f) j       pc - 0x8
core   0: 3 0x80009d74 (0xff9ff06f)
core   0: 0x80009d6c (0x00006f17) auipc   t5, 0x6
core   0: 3 0x80009d6c (0x00006f17) x30 0x8000fd6c
core   0: 0x80009d70 (0x283f2a23) sw      gp, 660(t5)
core   0: 3 0x80009d70 (0x283f2a23) mem 0x80010000 0x00000001
core   0: 0x80009d74 (0xff9ff06f) j       pc - 0x8
core   0: 3 0x80009d74 (0xff9ff06f)
core   0: 0x80009d6c (0x00006f17) auipc   t5, 0x6
core   0: 3 0x80009d6c (0x00006f17) x30 0x8000fd6c
core   0: 0x80009d70 (0x283f2a23) sw      gp, 660(t5)
core   0: 3 0x80009d70 (0x283f2a23) mem 0x80010000 0x00000001
core   0: 0x80009d74 (0xff9ff06f) j       pc - 0x8
core   0: 3 0x80009d74 (0xff9ff06f)
core   0: 0x80009d6c (0x00006f17) auipc   t5, 0x6
core   0: 3 0x80009d6c (0x00006f17) x30 0x8000fd6c
core   0: 0x80009d70 (0x283f2a23) sw      gp, 660(t5)
core   0: 3 0x80009d70 (0x283f2a23) mem 0x80010000 0x00000001
core   0: 0x80009d74 (0xff9ff06f) j       pc - 0x8
core   0: 3 0x80009d74 (0xff9ff06f)
core   0: 0x80009d6c (0x00006f17) auipc   t5, 0x6
core   0: 3 0x80009d6c (0x00006f17) x30 0x8000fd6c
core   0: 0x80009d70 (0x283f2a23) sw      gp, 660(t5)
core   0: 3 0x80009d70 (0x283f2a23) mem 0x80010000 0x00000001
core   0: 0x80009d74 (0xff9ff06f) j       pc - 0x8
core   0: 3 0x80009d74 (0xff9ff06f)
core   0: 0x80009d6c (0x00006f17) auipc   t5, 0x6
core   0: 3 0x80009d6c (0x00006f17) x30 0x8000fd6c
core   0: 0x80009d70 (0x283f2a23) sw      gp, 660(t5)
core   0: 3 0x80009d70 (0x283f2a23) mem 0x80010000 0x00000001
core   0: 0x80009d74 (0xff9ff06f) j       pc - 0x8
core   0: 3 0x80009d74 (0xff9ff06f)
core   0: 0x80009d6c (0x00006f17) auipc   t5, 0x6
core   0: 3 0x80009d6c (0x00006f17) x30 0x8000fd6c
core   0: 0x80009d70 (0x283f2a23) sw      gp, 660(t5)
core   0: 3 0x80009d70 (0x283f2a23) mem 0x80010000 0x00000001
core   0: 0x80009d74 (0xff9ff06f) j       pc - 0x8
core   0: 3 0x80009d74 (0xff9ff06f)
core   0: 0x80009d6c (0x00006f17) auipc   t5, 0x6
core   0: 3 0x80009d6c (0x00006f17) x30 0x8000fd6c
core   0: 0x80009d70 (0x283f2a23) sw      gp, 660(t5)
core   0: 3 0x80009d70 (0x283f2a23) mem 0x80010000 0x00000001
core   0: 0x80009d74 (0xff9ff06f) j       pc - 0x8
core   0: 3 0x80009d74 (0xff9ff06f)
core   0: 0x80009d6c (0x00006f17) auipc   t5, 0x6
core   0: 3 0x80009d6c (0x00006f17) x30 0x8000fd6c
core   0: 0x80009d70 (0x283f2a23) sw      gp, 660(t5)
core   0: 3 0x80009d70 (0x283f2a23) mem 0x80010000 0x00000001
core   0: 0x80009d74 (0xff9ff06f) j       pc - 0x8
core   0: 3 0x80009d74 (0xff9ff06f)
core   0: 0x80009d6c (0x00006f17) auipc   t5, 0x6
core   0: 3 0x80009d6c (0x00006f17) x30 0x8000fd6c
core   0: 0x80009d70 (0x283f2a23) sw      gp, 660(t5)
core   0: 3 0x80009d70 (0x283f2a23) mem 0x80010000 0x00000001
core   0: 0x80009d74 (0xff9ff06f) j       pc - 0x8
core   0: 3 0x80009d74 (0xff9ff06f)
core   0: 0x80009d6c (0x00006f17) auipc   t5, 0x6
core   0: 3 0x80009d6c (0x00006f17) x30 0x8000fd6c
core   0: 0x80009d70 (0x283f2a23) sw      gp, 660(t5)
core   0: 3 0x80009d70 (0x283f2a23) mem 0x80010000 0x00000001
core   0: 0x80009d74 (0xff9ff06f) j       pc - 0x8
core   0: 3 0x80009d74 (0xff9ff06f)
core   0: 0x80009d6c (0x00006f17) auipc   t5, 0x6
core   0: 3 0x80009d6c (0x00006f17) x30 0x8000fd6c
core   0: 0x80009d70 (0x283f2a23) sw      gp, 660(t5)
core   0: 3 0x80009d70 (0x283f2a23) mem 0x80010000 0x00000001
core   0: 0x80009d74 (0xff9ff06f) j       pc - 0x8
core   0: 3 0x80009d74 (0xff9ff06f)
core   0: 0x80009d6c (0x00006f17) auipc   t5, 0x6
core   0: 3 0x80009d6c (0x00006f17) x30 0x8000fd6c
core   0: 0x80009d70 (0x283f2a23) sw      gp, 660(t5)
core   0: 3 0x80009d70 (0x283f2a23) mem 0x80010000 0x00000001
core   0: 0x80009d74 (0xff9ff06f) j       pc - 0x8
core   0: 3 0x80009d74 (0xff9ff06f)
core   0: 0x80009d6c (0x00006f17) auipc   t5, 0x6
core   0: 3 0x80009d6c (0x00006f17) x30 0x8000fd6c
core   0: 0x80009d70 (0x283f2a23) sw      gp, 660(t5)
core   0: 3 0x80009d70 (0x283f2a23) mem 0x80010000 0x00000001
core   0: 0x80009d74 (0xff9ff06f) j       pc - 0x8
core   0: 3 0x80009d74 (0xff9ff06f)
core   0: 0x80009d6c (0x00006f17) auipc   t5, 0x6
core   0: 3 0x80009d6c (0x00006f17) x30 0x8000fd6c
core   0: 0x80009d70 (0x283f2a23) sw      gp, 660(t5)
core   0: 3 0x80009d70 (0x283f2a23) mem 0x80010000 0x00000001
core   0: 0x80009d74 (0xff9ff06f) j       pc - 0x8
core   0: 3 0x80009d74 (0xff9ff06f)
core   0: 0x80009d6c (0x00006f17) auipc   t5, 0x6
core   0: 3 0x80009d6c (0x00006f17) x30 0x8000fd6c
core   0: 0x80009d70 (0x283f2a23) sw      gp, 660(t5)
core   0: 3 0x80009d70 (0x283f2a23) mem 0x80010000 0x00000001
core   0: 0x80009d74 (0xff9ff06f) j       pc - 0x8
core   0: 3 0x80009d74 (0xff9ff06f)
core   0: 0x80009d6c (0x00006f17) auipc   t5, 0x6
core   0: 3 0x80009d6c (0x00006f17) x30 0x8000fd6c
core   0: 0x80009d70 (0x283f2a23) sw      gp, 660(t5)
core   0: 3 0x80009d70 (0x283f2a23) mem 0x80010000 0x00000001
core   0: 0x80009d74 (0xff9ff06f) j       pc - 0x8
core   0: 3 0x80009d74 (0xff9ff06f)
core   0: 0x80009d6c (0x00006f17) auipc   t5, 0x6
core   0: 3 0x80009d6c (0x00006f17) x30 0x8000fd6c
core   0: 0x80009d70 (0x283f2a23) sw      gp, 660(t5)
core   0: 3 0x80009d70 (0x283f2a23) mem 0x80010000 0x00000001
core   0: 0x80009d74 (0xff9ff06f) j       pc - 0x8
core   0: 3 0x80009d74 (0xff9ff06f)
core   0: 0x80009d6c (0x00006f17) auipc   t5, 0x6
core   0: 3 0x80009d6c (0x00006f17) x30 0x8000fd6c
core   0: 0x80009d70 (0x283f2a23) sw      gp, 660(t5)
core   0: 3 0x80009d70 (0x283f2a23) mem 0x80010000 0x00000001
core   0: 0x80009d74 (0xff9ff06f) j       pc - 0x8
core   0: 3 0x80009d74 (0xff9ff06f)
core   0: 0x80009d6c (0x00006f17) auipc   t5, 0x6
core   0: 3 0x80009d6c (0x00006f17) x30 0x8000fd6c
core   0: 0x80009d70 (0x283f2a23) sw      gp, 660(t5)
core   0: 3 0x80009d70 (0x283f2a23) mem 0x80010000 0x00000001
core   0: 0x80009d74 (0xff9ff06f) j       pc - 0x8
core   0: 3 0x80009d74 (0xff9ff06f)
core   0: 0x80009d6c (0x00006f17) auipc   t5, 0x6
core   0: 3 0x80009d6c (0x00006f17) x30 0x8000fd6c
core   0: 0x80009d70 (0x283f2a23) sw      gp, 660(t5)
core   0: 3 0x80009d70 (0x283f2a23) mem 0x80010000 0x00000001
core   0: 0x80009d74 (0xff9ff06f) j       pc - 0x8
core   0: 3 0x80009d74 (0xff9ff06f)
core   0: 0x80009d6c (0x00006f17) auipc   t5, 0x6
core   0: 3 0x80009d6c (0x00006f17) x30 0x8000fd6c
core   0: 0x80009d70 (0x283f2a23) sw      gp, 660(t5)
core   0: 3 0x80009d70 (0x283f2a23) mem 0x80010000 0x00000001
core   0: 0x80009d74 (0xff9ff06f) j       pc - 0x8
core   0: 3 0x80009d74 (0xff9ff06f)
core   0: 0x80009d6c (0x00006f17) auipc   t5, 0x6
core   0: 3 0x80009d6c (0x00006f17) x30 0x8000fd6c
core   0: 0x80009d70 (0x283f2a23) sw      gp, 660(t5)
core   0: 3 0x80009d70 (0x283f2a23) mem 0x80010000 0x00000001
core   0: 0x80009d74 (0xff9ff06f) j       pc - 0x8
core   0: 3 0x80009d74 (0xff9ff06f)
core   0: 0x80009d6c (0x00006f17) auipc   t5, 0x6
core   0: 3 0x80009d6c (0x00006f17) x30 0x8000fd6c
core   0: 0x80009d70 (0x283f2a23) sw      gp, 660(t5)
core   0: 3 0x80009d70 (0x283f2a23) mem 0x80010000 0x00000001
core   0: 0x80009d74 (0xff9ff06f) j       pc - 0x8
core   0: 3 0x80009d74 (0xff9ff06f)
core   0: 0x80009d6c (0x00006f17) auipc   t5, 0x6
core   0: 3 0x80009d6c (0x00006f17) x30 0x8000fd6c
core   0: 0x80009d70 (0x283f2a23) sw      gp, 660(t5)
core   0: 3 0x80009d70 (0x283f2a23) mem 0x80010000 0x00000001
core   0: 0x80009d74 (0xff9ff06f) j       pc - 0x8
core   0: 3 0x80009d74 (0xff9ff06f)
core   0: 0x80009d6c (0x00006f17) auipc   t5, 0x6
core   0: 3 0x80009d6c (0x00006f17) x30 0x8000fd6c
core   0: 0x80009d70 (0x283f2a23) sw      gp, 660(t5)
core   0: 3 0x80009d70 (0x283f2a23) mem 0x80010000 0x00000001
core   0: 0x80009d74 (0xff9ff06f) j       pc - 0x8
core   0: 3 0x80009d74 (0xff9ff06f)
core   0: 0x80009d6c (0x00006f17) auipc   t5, 0x6
core   0: 3 0x80009d6c (0x00006f17) x30 0x8000fd6c
core   0: 0x80009d70 (0x283f2a23) sw      gp, 660(t5)
core   0: 3 0x80009d70 (0x283f2a23) mem 0x80010000 0x00000001
core   0: 0x80009d74 (0xff9ff06f) j       pc - 0x8
core   0: 3 0x80009d74 (0xff9ff06f)
core   0: 0x80009d6c (0x00006f17) auipc   t5, 0x6
core   0: 3 0x80009d6c (0x00006f17) x30 0x8000fd6c
core   0: 0x80009d70 (0x283f2a23) sw      gp, 660(t5)
core   0: 3 0x80009d70 (0x283f2a23) mem 0x80010000 0x00000001
core   0: 0x80009d74 (0xff9ff06f) j       pc - 0x8
core   0: 3 0x80009d74 (0xff9ff06f)
core   0: 0x80009d6c (0x00006f17) auipc   t5, 0x6
core   0: 3 0x80009d6c (0x00006f17) x30 0x8000fd6c
core   0: 0x80009d70 (0x283f2a23) sw      gp, 660(t5)
core   0: 3 0x80009d70 (0x283f2a23) mem 0x80010000 0x00000001
core   0: 0x80009d74 (0xff9ff06f) j       pc - 0x8
core   0: 3 0x80009d74 (0xff9ff06f)
core   0: 0x80009d6c (0x00006f17) auipc   t5, 0x6
core   0: 3 0x80009d6c (0x00006f17) x30 0x8000fd6c
core   0: 0x80009d70 (0x283f2a23) sw      gp, 660(t5)
core   0: 3 0x80009d70 (0x283f2a23) mem 0x80010000 0x00000001
core   0: 0x80009d74 (0xff9ff06f) j       pc - 0x8
core   0: 3 0x80009d74 (0xff9ff06f)
core   0: 0x80009d6c (0x00006f17) auipc   t5, 0x6
core   0: 3 0x80009d6c (0x00006f17) x30 0x8000fd6c
core   0: 0x80009d70 (0x283f2a23) sw      gp, 660(t5)
core   0: 3 0x80009d70 (0x283f2a23) mem 0x80010000 0x00000001
core   0: 0x80009d74 (0xff9ff06f) j       pc - 0x8
core   0: 3 0x80009d74 (0xff9ff06f)
core   0: 0x80009d6c (0x00006f17) auipc   t5, 0x6
core   0: 3 0x80009d6c (0x00006f17) x30 0x8000fd6c
core   0: 0x80009d70 (0x283f2a23) sw      gp, 660(t5)
core   0: 3 0x80009d70 (0x283f2a23) mem 0x80010000 0x00000001
core   0: 0x80009d74 (0xff9ff06f) j       pc - 0x8
core   0: 3 0x80009d74 (0xff9ff06f)
core   0: 0x80009d6c (0x00006f17) auipc   t5, 0x6
core   0: 3 0x80009d6c (0x00006f17) x30 0x8000fd6c
core   0: 0x80009d70 (0x283f2a23) sw      gp, 660(t5)
core   0: 3 0x80009d70 (0x283f2a23) mem 0x80010000 0x00000001
core   0: 0x80009d74 (0xff9ff06f) j       pc - 0x8
core   0: 3 0x80009d74 (0xff9ff06f)
core   0: 0x80009d6c (0x00006f17) auipc   t5, 0x6
core   0: 3 0x80009d6c (0x00006f17) x30 0x8000fd6c
core   0: 0x80009d70 (0x283f2a23) sw      gp, 660(t5)
core   0: 3 0x80009d70 (0x283f2a23) mem 0x80010000 0x00000001
core   0: 0x80009d74 (0xff9ff06f) j       pc - 0x8
core   0: 3 0x80009d74 (0xff9ff06f)
core   0: 0x80009d6c (0x00006f17) auipc   t5, 0x6
core   0: 3 0x80009d6c (0x00006f17) x30 0x8000fd6c
core   0: 0x80009d70 (0x283f2a23) sw      gp, 660(t5)
core   0: 3 0x80009d70 (0x283f2a23) mem 0x80010000 0x00000001
core   0: 0x80009d74 (0xff9ff06f) j       pc - 0x8
core   0: 3 0x80009d74 (0xff9ff06f)
core   0: 0x80009d6c (0x00006f17) auipc   t5, 0x6
core   0: 3 0x80009d6c (0x00006f17) x30 0x8000fd6c
core   0: 0x80009d70 (0x283f2a23) sw      gp, 660(t5)
core   0: 3 0x80009d70 (0x283f2a23) mem 0x80010000 0x00000001
core   0: 0x80009d74 (0xff9ff06f) j       pc - 0x8
core   0: 3 0x80009d74 (0xff9ff06f)
core   0: 0x80009d6c (0x00006f17) auipc   t5, 0x6
core   0: 3 0x80009d6c (0x00006f17) x30 0x8000fd6c
core   0: 0x80009d70 (0x283f2a23) sw      gp, 660(t5)
core   0: 3 0x80009d70 (0x283f2a23) mem 0x80010000 0x00000001
core   0: 0x80009d74 (0xff9ff06f) j       pc - 0x8
core   0: 3 0x80009d74 (0xff9ff06f)
core   0: 0x80009d6c (0x00006f17) auipc   t5, 0x6
core   0: 3 0x80009d6c (0x00006f17) x30 0x8000fd6c
core   0: 0x80009d70 (0x283f2a23) sw      gp, 660(t5)
core   0: 3 0x80009d70 (0x283f2a23) mem 0x80010000 0x00000001
core   0: 0x80009d74 (0xff9ff06f) j       pc - 0x8
core   0: 3 0x80009d74 (0xff9ff06f)
core   0: 0x80009d6c (0x00006f17) auipc   t5, 0x6
core   0: 3 0x80009d6c (0x00006f17) x30 0x8000fd6c
core   0: 0x80009d70 (0x283f2a23) sw      gp, 660(t5)
core   0: 3 0x80009d70 (0x283f2a23) mem 0x80010000 0x00000001
core   0: 0x80009d74 (0xff9ff06f) j       pc - 0x8
core   0: 3 0x80009d74 (0xff9ff06f)
core   0: 0x80009d6c (0x00006f17) auipc   t5, 0x6
core   0: 3 0x80009d6c (0x00006f17) x30 0x8000fd6c
core   0: 0x80009d70 (0x283f2a23) sw      gp, 660(t5)
core   0: 3 0x80009d70 (0x283f2a23) mem 0x80010000 0x00000001
core   0: 0x80009d74 (0xff9ff06f) j       pc - 0x8
core   0: 3 0x80009d74 (0xff9ff06f)
core   0: 0x80009d6c (0x00006f17) auipc   t5, 0x6
core   0: 3 0x80009d6c (0x00006f17) x30 0x8000fd6c
core   0: 0x80009d70 (0x283f2a23) sw      gp, 660(t5)
core   0: 3 0x80009d70 (0x283f2a23) mem 0x80010000 0x00000001
core   0: 0x80009d74 (0xff9ff06f) j       pc - 0x8
core   0: 3 0x80009d74 (0xff9ff06f)
core   0: 0x80009d6c (0x00006f17) auipc   t5, 0x6
core   0: 3 0x80009d6c (0x00006f17) x30 0x8000fd6c
core   0: 0x80009d70 (0x283f2a23) sw      gp, 660(t5)
core   0: 3 0x80009d70 (0x283f2a23) mem 0x80010000 0x00000001
core   0: 0x80009d74 (0xff9ff06f) j       pc - 0x8
core   0: 3 0x80009d74 (0xff9ff06f)
core   0: 0x80009d6c (0x00006f17) auipc   t5, 0x6
core   0: 3 0x80009d6c (0x00006f17) x30 0x8000fd6c
core   0: 0x80009d70 (0x283f2a23) sw      gp, 660(t5)
core   0: 3 0x80009d70 (0x283f2a23) mem 0x80010000 0x00000001
core   0: 0x80009d74 (0xff9ff06f) j       pc - 0x8
core   0: 3 0x80009d74 (0xff9ff06f)
core   0: 0x80009d6c (0x00006f17) auipc   t5, 0x6
core   0: 3 0x80009d6c (0x00006f17) x30 0x8000fd6c
core   0: 0x80009d70 (0x283f2a23) sw      gp, 660(t5)
core   0: 3 0x80009d70 (0x283f2a23) mem 0x80010000 0x00000001
core   0: 0x80009d74 (0xff9ff06f) j       pc - 0x8
core   0: 3 0x80009d74 (0xff9ff06f)
core   0: 0x80009d6c (0x00006f17) auipc   t5, 0x6
core   0: 3 0x80009d6c (0x00006f17) x30 0x8000fd6c
core   0: 0x80009d70 (0x283f2a23) sw      gp, 660(t5)
core   0: 3 0x80009d70 (0x283f2a23) mem 0x80010000 0x00000001
core   0: 0x80009d74 (0xff9ff06f) j       pc - 0x8
core   0: 3 0x80009d74 (0xff9ff06f)
core   0: 0x80009d6c (0x00006f17) auipc   t5, 0x6
core   0: 3 0x80009d6c (0x00006f17) x30 0x8000fd6c
core   0: 0x80009d70 (0x283f2a23) sw      gp, 660(t5)
core   0: 3 0x80009d70 (0x283f2a23) mem 0x80010000 0x00000001
core   0: 0x80009d74 (0xff9ff06f) j       pc - 0x8
core   0: 3 0x80009d74 (0xff9ff06f)
core   0: 0x80009d6c (0x00006f17) auipc   t5, 0x6
core   0: 3 0x80009d6c (0x00006f17) x30 0x8000fd6c
core   0: 0x80009d70 (0x283f2a23) sw      gp, 660(t5)
core   0: 3 0x80009d70 (0x283f2a23) mem 0x80010000 0x00000001
core   0: 0x80009d74 (0xff9ff06f) j       pc - 0x8
core   0: 3 0x80009d74 (0xff9ff06f)
core   0: 0x80009d6c (0x00006f17) auipc   t5, 0x6
core   0: 3 0x80009d6c (0x00006f17) x30 0x8000fd6c
core   0: 0x80009d70 (0x283f2a23) sw      gp, 660(t5)
core   0: 3 0x80009d70 (0x283f2a23) mem 0x80010000 0x00000001
core   0: 0x80009d74 (0xff9ff06f) j       pc - 0x8
core   0: 3 0x80009d74 (0xff9ff06f)
core   0: 0x80009d6c (0x00006f17) auipc   t5, 0x6
core   0: 3 0x80009d6c (0x00006f17) x30 0x8000fd6c
core   0: 0x80009d70 (0x283f2a23) sw      gp, 660(t5)
core   0: 3 0x80009d70 (0x283f2a23) mem 0x80010000 0x00000001
core   0: 0x80009d74 (0xff9ff06f) j       pc - 0x8
core   0: 3 0x80009d74 (0xff9ff06f)
core   0: 0x80009d6c (0x00006f17) auipc   t5, 0x6
core   0: 3 0x80009d6c (0x00006f17) x30 0x8000fd6c
core   0: 0x80009d70 (0x283f2a23) sw      gp, 660(t5)
core   0: 3 0x80009d70 (0x283f2a23) mem 0x80010000 0x00000001
core   0: 0x80009d74 (0xff9ff06f) j       pc - 0x8
core   0: 3 0x80009d74 (0xff9ff06f)
core   0: 0x80009d6c (0x00006f17) auipc   t5, 0x6
core   0: 3 0x80009d6c (0x00006f17) x30 0x8000fd6c
core   0: 0x80009d70 (0x283f2a23) sw      gp, 660(t5)
core   0: 3 0x80009d70 (0x283f2a23) mem 0x80010000 0x00000001
core   0: 0x80009d74 (0xff9ff06f) j       pc - 0x8
core   0: 3 0x80009d74 (0xff9ff06f)
core   0: 0x80009d6c (0x00006f17) auipc   t5, 0x6
core   0: 3 0x80009d6c (0x00006f17) x30 0x8000fd6c
core   0: 0x80009d70 (0x283f2a23) sw      gp, 660(t5)
core   0: 3 0x80009d70 (0x283f2a23) mem 0x80010000 0x00000001
core   0: 0x80009d74 (0xff9ff06f) j       pc - 0x8
core   0: 3 0x80009d74 (0xff9ff06f)
core   0: 0x80009d6c (0x00006f17) auipc   t5, 0x6
core   0: 3 0x80009d6c (0x00006f17) x30 0x8000fd6c
core   0: 0x80009d70 (0x283f2a23) sw      gp, 660(t5)
core   0: 3 0x80009d70 (0x283f2a23) mem 0x80010000 0x00000001
core   0: 0x80009d74 (0xff9ff06f) j       pc - 0x8
core   0: 3 0x80009d74 (0xff9ff06f)
core   0: 0x80009d6c (0x00006f17) auipc   t5, 0x6
core   0: 3 0x80009d6c (0x00006f17) x30 0x8000fd6c
core   0: 0x80009d70 (0x283f2a23) sw      gp, 660(t5)
core   0: 3 0x80009d70 (0x283f2a23) mem 0x80010000 0x00000001
core   0: 0x80009d74 (0xff9ff06f) j       pc - 0x8
core   0: 3 0x80009d74 (0xff9ff06f)
core   0: 0x80009d6c (0x00006f17) auipc   t5, 0x6
core   0: 3 0x80009d6c (0x00006f17) x30 0x8000fd6c
core   0: 0x80009d70 (0x283f2a23) sw      gp, 660(t5)
core   0: 3 0x80009d70 (0x283f2a23) mem 0x80010000 0x00000001
core   0: 0x80009d74 (0xff9ff06f) j       pc - 0x8
core   0: 3 0x80009d74 (0xff9ff06f)
core   0: 0x80009d6c (0x00006f17) auipc   t5, 0x6
core   0: 3 0x80009d6c (0x00006f17) x30 0x8000fd6c
core   0: 0x80009d70 (0x283f2a23) sw      gp, 660(t5)
core   0: 3 0x80009d70 (0x283f2a23) mem 0x80010000 0x00000001
core   0: 0x80009d74 (0xff9ff06f) j       pc - 0x8
core   0: 3 0x80009d74 (0xff9ff06f)
core   0: 0x80009d6c (0x00006f17) auipc   t5, 0x6
core   0: 3 0x80009d6c (0x00006f17) x30 0x8000fd6c
core   0: 0x80009d70 (0x283f2a23) sw      gp, 660(t5)
core   0: 3 0x80009d70 (0x283f2a23) mem 0x80010000 0x00000001
core   0: 0x80009d74 (0xff9ff06f) j       pc - 0x8
core   0: 3 0x80009d74 (0xff9ff06f)
core   0: 0x80009d6c (0x00006f17) auipc   t5, 0x6
core   0: 3 0x80009d6c (0x00006f17) x30 0x8000fd6c
core   0: 0x80009d70 (0x283f2a23) sw      gp, 660(t5)
core   0: 3 0x80009d70 (0x283f2a23) mem 0x80010000 0x00000001
core   0: 0x80009d74 (0xff9ff06f) j       pc - 0x8
core   0: 3 0x80009d74 (0xff9ff06f)
core   0: 0x80009d6c (0x00006f17) auipc   t5, 0x6
core   0: 3 0x80009d6c (0x00006f17) x30 0x8000fd6c
core   0: 0x80009d70 (0x283f2a23) sw      gp, 660(t5)
core   0: 3 0x80009d70 (0x283f2a23) mem 0x80010000 0x00000001
core   0: 0x80009d74 (0xff9ff06f) j       pc - 0x8
core   0: 3 0x80009d74 (0xff9ff06f)
core   0: 0x80009d6c (0x00006f17) auipc   t5, 0x6
core   0: 3 0x80009d6c (0x00006f17) x30 0x8000fd6c
core   0: 0x80009d70 (0x283f2a23) sw      gp, 660(t5)
core   0: 3 0x80009d70 (0x283f2a23) mem 0x80010000 0x00000001
core   0: 0x80009d74 (0xff9ff06f) j       pc - 0x8
core   0: 3 0x80009d74 (0xff9ff06f)
core   0: 0x80009d6c (0x00006f17) auipc   t5, 0x6
core   0: 3 0x80009d6c (0x00006f17) x30 0x8000fd6c
core   0: 0x80009d70 (0x283f2a23) sw      gp, 660(t5)
core   0: 3 0x80009d70 (0x283f2a23) mem 0x80010000 0x00000001
core   0: 0x80009d74 (0xff9ff06f) j       pc - 0x8
core   0: 3 0x80009d74 (0xff9ff06f)
core   0: 0x80009d6c (0x00006f17) auipc   t5, 0x6
core   0: 3 0x80009d6c (0x00006f17) x30 0x8000fd6c
core   0: 0x80009d70 (0x283f2a23) sw      gp, 660(t5)
core   0: 3 0x80009d70 (0x283f2a23) mem 0x80010000 0x00000001
core   0: 0x80009d74 (0xff9ff06f) j       pc - 0x8
core   0: 3 0x80009d74 (0xff9ff06f)
core   0: 0x80009d6c (0x00006f17) auipc   t5, 0x6
core   0: 3 0x80009d6c (0x00006f17) x30 0x8000fd6c
core   0: 0x80009d70 (0x283f2a23) sw      gp, 660(t5)
core   0: 3 0x80009d70 (0x283f2a23) mem 0x80010000 0x00000001
core   0: 0x80009d74 (0xff9ff06f) j       pc - 0x8
core   0: 3 0x80009d74 (0xff9ff06f)
core   0: 0x80009d6c (0x00006f17) auipc   t5, 0x6
core   0: 3 0x80009d6c (0x00006f17) x30 0x8000fd6c
core   0: 0x80009d70 (0x283f2a23) sw      gp, 660(t5)
core   0: 3 0x80009d70 (0x283f2a23) mem 0x80010000 0x00000001
core   0: 0x80009d74 (0xff9ff06f) j       pc - 0x8
core   0: 3 0x80009d74 (0xff9ff06f)
core   0: 0x80009d6c (0x00006f17) auipc   t5, 0x6
core   0: 3 0x80009d6c (0x00006f17) x30 0x8000fd6c
core   0: 0x80009d70 (0x283f2a23) sw      gp, 660(t5)
core   0: 3 0x80009d70 (0x283f2a23) mem 0x80010000 0x00000001
core   0: 0x80009d74 (0xff9ff06f) j       pc - 0x8
core   0: 3 0x80009d74 (0xff9ff06f)
core   0: 0x80009d6c (0x00006f17) auipc   t5, 0x6
core   0: 3 0x80009d6c (0x00006f17) x30 0x8000fd6c
core   0: 0x80009d70 (0x283f2a23) sw      gp, 660(t5)
core   0: 3 0x80009d70 (0x283f2a23) mem 0x80010000 0x00000001
core   0: 0x80009d74 (0xff9ff06f) j       pc - 0x8
core   0: 3 0x80009d74 (0xff9ff06f)
core   0: 0x80009d6c (0x00006f17) auipc   t5, 0x6
core   0: 3 0x80009d6c (0x00006f17) x30 0x8000fd6c
core   0: 0x80009d70 (0x283f2a23) sw      gp, 660(t5)
core   0: 3 0x80009d70 (0x283f2a23) mem 0x80010000 0x00000001
core   0: 0x80009d74 (0xff9ff06f) j       pc - 0x8
core   0: 3 0x80009d74 (0xff9ff06f)
core   0: 0x80009d6c (0x00006f17) auipc   t5, 0x6
core   0: 3 0x80009d6c (0x00006f17) x30 0x8000fd6c
core   0: 0x80009d70 (0x283f2a23) sw      gp, 660(t5)
core   0: 3 0x80009d70 (0x283f2a23) mem 0x80010000 0x00000001
core   0: 0x80009d74 (0xff9ff06f) j       pc - 0x8
core   0: 3 0x80009d74 (0xff9ff06f)
core   0: 0x80009d6c (0x00006f17) auipc   t5, 0x6
core   0: 3 0x80009d6c (0x00006f17) x30 0x8000fd6c
core   0: 0x80009d70 (0x283f2a23) sw      gp, 660(t5)
core   0: 3 0x80009d70 (0x283f2a23) mem 0x80010000 0x00000001
core   0: 0x80009d74 (0xff9ff06f) j       pc - 0x8
core   0: 3 0x80009d74 (0xff9ff06f)
core   0: 0x80009d6c (0x00006f17) auipc   t5, 0x6
core   0: 3 0x80009d6c (0x00006f17) x30 0x8000fd6c
core   0: 0x80009d70 (0x283f2a23) sw      gp, 660(t5)
core   0: 3 0x80009d70 (0x283f2a23) mem 0x80010000 0x00000001
core   0: 0x80009d74 (0xff9ff06f) j       pc - 0x8
core   0: 3 0x80009d74 (0xff9ff06f)
core   0: 0x80009d6c (0x00006f17) auipc   t5, 0x6
core   0: 3 0x80009d6c (0x00006f17) x30 0x8000fd6c
core   0: 0x80009d70 (0x283f2a23) sw      gp, 660(t5)
core   0: 3 0x80009d70 (0x283f2a23) mem 0x80010000 0x00000001
core   0: 0x80009d74 (0xff9ff06f) j       pc - 0x8
core   0: 3 0x80009d74 (0xff9ff06f)
core   0: 0x80009d6c (0x00006f17) auipc   t5, 0x6
core   0: 3 0x80009d6c (0x00006f17) x30 0x8000fd6c
core   0: 0x80009d70 (0x283f2a23) sw      gp, 660(t5)
core   0: 3 0x80009d70 (0x283f2a23) mem 0x80010000 0x00000001
core   0: 0x80009d74 (0xff9ff06f) j       pc - 0x8
core   0: 3 0x80009d74 (0xff9ff06f)
core   0: 0x80009d6c (0x00006f17) auipc   t5, 0x6
core   0: 3 0x80009d6c (0x00006f17) x30 0x8000fd6c
core   0: 0x80009d70 (0x283f2a23) sw      gp, 660(t5)
core   0: 3 0x80009d70 (0x283f2a23) mem 0x80010000 0x00000001
core   0: 0x80009d74 (0xff9ff06f) j       pc - 0x8
core   0: 3 0x80009d74 (0xff9ff06f)
core   0: 0x80009d6c (0x00006f17) auipc   t5, 0x6
core   0: 3 0x80009d6c (0x00006f17) x30 0x8000fd6c
core   0: 0x80009d70 (0x283f2a23) sw      gp, 660(t5)
core   0: 3 0x80009d70 (0x283f2a23) mem 0x80010000 0x00000001
core   0: 0x80009d74 (0xff9ff06f) j       pc - 0x8
core   0: 3 0x80009d74 (0xff9ff06f)
core   0: 0x80009d6c (0x00006f17) auipc   t5, 0x6
core   0: 3 0x80009d6c (0x00006f17) x30 0x8000fd6c
core   0: 0x80009d70 (0x283f2a23) sw      gp, 660(t5)
core   0: 3 0x80009d70 (0x283f2a23) mem 0x80010000 0x00000001
core   0: 0x80009d74 (0xff9ff06f) j       pc - 0x8
core   0: 3 0x80009d74 (0xff9ff06f)
core   0: 0x80009d6c (0x00006f17) auipc   t5, 0x6
core   0: 3 0x80009d6c (0x00006f17) x30 0x8000fd6c
core   0: 0x80009d70 (0x283f2a23) sw      gp, 660(t5)
core   0: 3 0x80009d70 (0x283f2a23) mem 0x80010000 0x00000001
core   0: 0x80009d74 (0xff9ff06f) j       pc - 0x8
core   0: 3 0x80009d74 (0xff9ff06f)
core   0: 0x80009d6c (0x00006f17) auipc   t5, 0x6
core   0: 3 0x80009d6c (0x00006f17) x30 0x8000fd6c
core   0: 0x80009d70 (0x283f2a23) sw      gp, 660(t5)
core   0: 3 0x80009d70 (0x283f2a23) mem 0x80010000 0x00000001
core   0: 0x80009d74 (0xff9ff06f) j       pc - 0x8
core   0: 3 0x80009d74 (0xff9ff06f)
core   0: 0x80009d6c (0x00006f17) auipc   t5, 0x6
core   0: 3 0x80009d6c (0x00006f17) x30 0x8000fd6c
core   0: 0x80009d70 (0x283f2a23) sw      gp, 660(t5)
core   0: 3 0x80009d70 (0x283f2a23) mem 0x80010000 0x00000001
core   0: 0x80009d74 (0xff9ff06f) j       pc - 0x8
core   0: 3 0x80009d74 (0xff9ff06f)
core   0: 0x80009d6c (0x00006f17) auipc   t5, 0x6
core   0: 3 0x80009d6c (0x00006f17) x30 0x8000fd6c
core   0: 0x80009d70 (0x283f2a23) sw      gp, 660(t5)
core   0: 3 0x80009d70 (0x283f2a23) mem 0x80010000 0x00000001
core   0: 0x80009d74 (0xff9ff06f) j       pc - 0x8
core   0: 3 0x80009d74 (0xff9ff06f)
core   0: 0x80009d6c (0x00006f17) auipc   t5, 0x6
core   0: 3 0x80009d6c (0x00006f17) x30 0x8000fd6c
core   0: 0x80009d70 (0x283f2a23) sw      gp, 660(t5)
core   0: 3 0x80009d70 (0x283f2a23) mem 0x80010000 0x00000001
core   0: 0x80009d74 (0xff9ff06f) j       pc - 0x8
core   0: 3 0x80009d74 (0xff9ff06f)
core   0: 0x80009d6c (0x00006f17) auipc   t5, 0x6
core   0: 3 0x80009d6c (0x00006f17) x30 0x8000fd6c
core   0: 0x80009d70 (0x283f2a23) sw      gp, 660(t5)
core   0: 3 0x80009d70 (0x283f2a23) mem 0x80010000 0x00000001
core   0: 0x80009d74 (0xff9ff06f) j       pc - 0x8
core   0: 3 0x80009d74 (0xff9ff06f)
core   0: 0x80009d6c (0x00006f17) auipc   t5, 0x6
core   0: 3 0x80009d6c (0x00006f17) x30 0x8000fd6c
core   0: 0x80009d70 (0x283f2a23) sw      gp, 660(t5)
core   0: 3 0x80009d70 (0x283f2a23) mem 0x80010000 0x00000001
core   0: 0x80009d74 (0xff9ff06f) j       pc - 0x8
core   0: 3 0x80009d74 (0xff9ff06f)
core   0: 0x80009d6c (0x00006f17) auipc   t5, 0x6
core   0: 3 0x80009d6c (0x00006f17) x30 0x8000fd6c
core   0: 0x80009d70 (0x283f2a23) sw      gp, 660(t5)
core   0: 3 0x80009d70 (0x283f2a23) mem 0x80010000 0x00000001
core   0: 0x80009d74 (0xff9ff06f) j       pc - 0x8
core   0: 3 0x80009d74 (0xff9ff06f)
core   0: 0x80009d6c (0x00006f17) auipc   t5, 0x6
core   0: 3 0x80009d6c (0x00006f17) x30 0x8000fd6c
core   0: 0x80009d70 (0x283f2a23) sw      gp, 660(t5)
core   0: 3 0x80009d70 (0x283f2a23) mem 0x80010000 0x00000001
core   0: 0x80009d74 (0xff9ff06f) j       pc - 0x8
core   0: 3 0x80009d74 (0xff9ff06f)
core   0: 0x80009d6c (0x00006f17) auipc   t5, 0x6
core   0: 3 0x80009d6c (0x00006f17) x30 0x8000fd6c
core   0: 0x80009d70 (0x283f2a23) sw      gp, 660(t5)
core   0: 3 0x80009d70 (0x283f2a23) mem 0x80010000 0x00000001
core   0: 0x80009d74 (0xff9ff06f) j       pc - 0x8
core   0: 3 0x80009d74 (0xff9ff06f)
core   0: 0x80009d6c (0x00006f17) auipc   t5, 0x6
core   0: 3 0x80009d6c (0x00006f17) x30 0x8000fd6c
core   0: 0x80009d70 (0x283f2a23) sw      gp, 660(t5)
core   0: 3 0x80009d70 (0x283f2a23) mem 0x80010000 0x00000001
core   0: 0x80009d74 (0xff9ff06f) j       pc - 0x8
core   0: 3 0x80009d74 (0xff9ff06f)
core   0: 0x80009d6c (0x00006f17) auipc   t5, 0x6
core   0: 3 0x80009d6c (0x00006f17) x30 0x8000fd6c
core   0: 0x80009d70 (0x283f2a23) sw      gp, 660(t5)
core   0: 3 0x80009d70 (0x283f2a23) mem 0x80010000 0x00000001
core   0: 0x80009d74 (0xff9ff06f) j       pc - 0x8
core   0: 3 0x80009d74 (0xff9ff06f)
core   0: 0x80009d6c (0x00006f17) auipc   t5, 0x6
core   0: 3 0x80009d6c (0x00006f17) x30 0x8000fd6c
core   0: 0x80009d70 (0x283f2a23) sw      gp, 660(t5)
core   0: 3 0x80009d70 (0x283f2a23) mem 0x80010000 0x00000001
core   0: 0x80009d74 (0xff9ff06f) j       pc - 0x8
core   0: 3 0x80009d74 (0xff9ff06f)
core   0: 0x80009d6c (0x00006f17) auipc   t5, 0x6
core   0: 3 0x80009d6c (0x00006f17) x30 0x8000fd6c
core   0: 0x80009d70 (0x283f2a23) sw      gp, 660(t5)
core   0: 3 0x80009d70 (0x283f2a23) mem 0x80010000 0x00000001
core   0: 0x80009d74 (0xff9ff06f) j       pc - 0x8
core   0: 3 0x80009d74 (0xff9ff06f)
core   0: 0x80009d6c (0x00006f17) auipc   t5, 0x6
core   0: 3 0x80009d6c (0x00006f17) x30 0x8000fd6c
core   0: 0x80009d70 (0x283f2a23) sw      gp, 660(t5)
core   0: 3 0x80009d70 (0x283f2a23) mem 0x80010000 0x00000001
core   0: 0x80009d74 (0xff9ff06f) j       pc - 0x8
core   0: 3 0x80009d74 (0xff9ff06f)
core   0: 0x80009d6c (0x00006f17) auipc   t5, 0x6
core   0: 3 0x80009d6c (0x00006f17) x30 0x8000fd6c
core   0: 0x80009d70 (0x283f2a23) sw      gp, 660(t5)
core   0: 3 0x80009d70 (0x283f2a23) mem 0x80010000 0x00000001
core   0: 0x80009d74 (0xff9ff06f) j       pc - 0x8
core   0: 3 0x80009d74 (0xff9ff06f)
core   0: 0x80009d6c (0x00006f17) auipc   t5, 0x6
core   0: 3 0x80009d6c (0x00006f17) x30 0x8000fd6c
core   0: 0x80009d70 (0x283f2a23) sw      gp, 660(t5)
core   0: 3 0x80009d70 (0x283f2a23) mem 0x80010000 0x00000001
core   0: 0x80009d74 (0xff9ff06f) j       pc - 0x8
core   0: 3 0x80009d74 (0xff9ff06f)
core   0: 0x80009d6c (0x00006f17) auipc   t5, 0x6
core   0: 3 0x80009d6c (0x00006f17) x30 0x8000fd6c
core   0: 0x80009d70 (0x283f2a23) sw      gp, 660(t5)
core   0: 3 0x80009d70 (0x283f2a23) mem 0x80010000 0x00000001
core   0: 0x80009d74 (0xff9ff06f) j       pc - 0x8
core   0: 3 0x80009d74 (0xff9ff06f)
core   0: 0x80009d6c (0x00006f17) auipc   t5, 0x6
core   0: 3 0x80009d6c (0x00006f17) x30 0x8000fd6c
core   0: 0x80009d70 (0x283f2a23) sw      gp, 660(t5)
core   0: 3 0x80009d70 (0x283f2a23) mem 0x80010000 0x00000001
core   0: 0x80009d74 (0xff9ff06f) j       pc - 0x8
core   0: 3 0x80009d74 (0xff9ff06f)
core   0: 0x80009d6c (0x00006f17) auipc   t5, 0x6
core   0: 3 0x80009d6c (0x00006f17) x30 0x8000fd6c
core   0: 0x80009d70 (0x283f2a23) sw      gp, 660(t5)
core   0: 3 0x80009d70 (0x283f2a23) mem 0x80010000 0x00000001
core   0: 0x80009d74 (0xff9ff06f) j       pc - 0x8
core   0: 3 0x80009d74 (0xff9ff06f)
core   0: 0x80009d6c (0x00006f17) auipc   t5, 0x6
core   0: 3 0x80009d6c (0x00006f17) x30 0x8000fd6c
core   0: 0x80009d70 (0x283f2a23) sw      gp, 660(t5)
core   0: 3 0x80009d70 (0x283f2a23) mem 0x80010000 0x00000001
core   0: 0x80009d74 (0xff9ff06f) j       pc - 0x8
core   0: 3 0x80009d74 (0xff9ff06f)
core   0: 0x80009d6c (0x00006f17) auipc   t5, 0x6
core   0: 3 0x80009d6c (0x00006f17) x30 0x8000fd6c
core   0: 0x80009d70 (0x283f2a23) sw      gp, 660(t5)
core   0: 3 0x80009d70 (0x283f2a23) mem 0x80010000 0x00000001
core   0: 0x80009d74 (0xff9ff06f) j       pc - 0x8
core   0: 3 0x80009d74 (0xff9ff06f)
core   0: 0x80009d6c (0x00006f17) auipc   t5, 0x6
core   0: 3 0x80009d6c (0x00006f17) x30 0x8000fd6c
core   0: 0x80009d70 (0x283f2a23) sw      gp, 660(t5)
core   0: 3 0x80009d70 (0x283f2a23) mem 0x80010000 0x00000001
core   0: 0x80009d74 (0xff9ff06f) j       pc - 0x8
core   0: 3 0x80009d74 (0xff9ff06f)
core   0: 0x80009d6c (0x00006f17) auipc   t5, 0x6
core   0: 3 0x80009d6c (0x00006f17) x30 0x8000fd6c
core   0: 0x80009d70 (0x283f2a23) sw      gp, 660(t5)
core   0: 3 0x80009d70 (0x283f2a23) mem 0x80010000 0x00000001
core   0: 0x80009d74 (0xff9ff06f) j       pc - 0x8
core   0: 3 0x80009d74 (0xff9ff06f)
core   0: 0x80009d6c (0x00006f17) auipc   t5, 0x6
core   0: 3 0x80009d6c (0x00006f17) x30 0x8000fd6c
core   0: 0x80009d70 (0x283f2a23) sw      gp, 660(t5)
core   0: 3 0x80009d70 (0x283f2a23) mem 0x80010000 0x00000001
core   0: 0x80009d74 (0xff9ff06f) j       pc - 0x8
core   0: 3 0x80009d74 (0xff9ff06f)
core   0: 0x80009d6c (0x00006f17) auipc   t5, 0x6
core   0: 3 0x80009d6c (0x00006f17) x30 0x8000fd6c
core   0: 0x80009d70 (0x283f2a23) sw      gp, 660(t5)
core   0: 3 0x80009d70 (0x283f2a23) mem 0x80010000 0x00000001
core   0: 0x80009d74 (0xff9ff06f) j       pc - 0x8
core   0: 3 0x80009d74 (0xff9ff06f)
core   0: 0x80009d6c (0x00006f17) auipc   t5, 0x6
core   0: 3 0x80009d6c (0x00006f17) x30 0x8000fd6c
core   0: 0x80009d70 (0x283f2a23) sw      gp, 660(t5)
core   0: 3 0x80009d70 (0x283f2a23) mem 0x80010000 0x00000001
core   0: 0x80009d74 (0xff9ff06f) j       pc - 0x8
core   0: 3 0x80009d74 (0xff9ff06f)
core   0: 0x80009d6c (0x00006f17) auipc   t5, 0x6
core   0: 3 0x80009d6c (0x00006f17) x30 0x8000fd6c
core   0: 0x80009d70 (0x283f2a23) sw      gp, 660(t5)
core   0: 3 0x80009d70 (0x283f2a23) mem 0x80010000 0x00000001
core   0: 0x80009d74 (0xff9ff06f) j       pc - 0x8
core   0: 3 0x80009d74 (0xff9ff06f)
core   0: 0x80009d6c (0x00006f17) auipc   t5, 0x6
core   0: 3 0x80009d6c (0x00006f17) x30 0x8000fd6c
core   0: 0x80009d70 (0x283f2a23) sw      gp, 660(t5)
core   0: 3 0x80009d70 (0x283f2a23) mem 0x80010000 0x00000001
core   0: 0x80009d74 (0xff9ff06f) j       pc - 0x8
core   0: 3 0x80009d74 (0xff9ff06f)
core   0: 0x80009d6c (0x00006f17) auipc   t5, 0x6
core   0: 3 0x80009d6c (0x00006f17) x30 0x8000fd6c
core   0: 0x80009d70 (0x283f2a23) sw      gp, 660(t5)
core   0: 3 0x80009d70 (0x283f2a23) mem 0x80010000 0x00000001
core   0: 0x80009d74 (0xff9ff06f) j       pc - 0x8
core   0: 3 0x80009d74 (0xff9ff06f)
core   0: 0x80009d6c (0x00006f17) auipc   t5, 0x6
core   0: 3 0x80009d6c (0x00006f17) x30 0x8000fd6c
core   0: 0x80009d70 (0x283f2a23) sw      gp, 660(t5)
core   0: 3 0x80009d70 (0x283f2a23) mem 0x80010000 0x00000001
core   0: 0x80009d74 (0xff9ff06f) j       pc - 0x8
core   0: 3 0x80009d74 (0xff9ff06f)
core   0: 0x80009d6c (0x00006f17) auipc   t5, 0x6
core   0: 3 0x80009d6c (0x00006f17) x30 0x8000fd6c
core   0: 0x80009d70 (0x283f2a23) sw      gp, 660(t5)
core   0: 3 0x80009d70 (0x283f2a23) mem 0x80010000 0x00000001
core   0: 0x80009d74 (0xff9ff06f) j       pc - 0x8
core   0: 3 0x80009d74 (0xff9ff06f)
core   0: 0x80009d6c (0x00006f17) auipc   t5, 0x6
core   0: 3 0x80009d6c (0x00006f17) x30 0x8000fd6c
core   0: 0x80009d70 (0x283f2a23) sw      gp, 660(t5)
core   0: 3 0x80009d70 (0x283f2a23) mem 0x80010000 0x00000001
core   0: 0x80009d74 (0xff9ff06f) j       pc - 0x8
core   0: 3 0x80009d74 (0xff9ff06f)
core   0: 0x80009d6c (0x00006f17) auipc   t5, 0x6
core   0: 3 0x80009d6c (0x00006f17) x30 0x8000fd6c
core   0: 0x80009d70 (0x283f2a23) sw      gp, 660(t5)
core   0: 3 0x80009d70 (0x283f2a23) mem 0x80010000 0x00000001
core   0: 0x80009d74 (0xff9ff06f) j       pc - 0x8
core   0: 3 0x80009d74 (0xff9ff06f)
core   0: 0x80009d6c (0x00006f17) auipc   t5, 0x6
core   0: 3 0x80009d6c (0x00006f17) x30 0x8000fd6c
core   0: 0x80009d70 (0x283f2a23) sw      gp, 660(t5)
core   0: 3 0x80009d70 (0x283f2a23) mem 0x80010000 0x00000001
core   0: 0x80009d74 (0xff9ff06f) j       pc - 0x8
core   0: 3 0x80009d74 (0xff9ff06f)
core   0: 0x80009d6c (0x00006f17) auipc   t5, 0x6
core   0: 3 0x80009d6c (0x00006f17) x30 0x8000fd6c
core   0: 0x80009d70 (0x283f2a23) sw      gp, 660(t5)
core   0: 3 0x80009d70 (0x283f2a23) mem 0x80010000 0x00000001
core   0: 0x80009d74 (0xff9ff06f) j       pc - 0x8
core   0: 3 0x80009d74 (0xff9ff06f)
core   0: 0x80009d6c (0x00006f17) auipc   t5, 0x6
core   0: 3 0x80009d6c (0x00006f17) x30 0x8000fd6c
core   0: 0x80009d70 (0x283f2a23) sw      gp, 660(t5)
core   0: 3 0x80009d70 (0x283f2a23) mem 0x80010000 0x00000001
core   0: 0x80009d74 (0xff9ff06f) j       pc - 0x8
core   0: 3 0x80009d74 (0xff9ff06f)
core   0: 0x80009d6c (0x00006f17) auipc   t5, 0x6
core   0: 3 0x80009d6c (0x00006f17) x30 0x8000fd6c
core   0: 0x80009d70 (0x283f2a23) sw      gp, 660(t5)
core   0: 3 0x80009d70 (0x283f2a23) mem 0x80010000 0x00000001
core   0: 0x80009d74 (0xff9ff06f) j       pc - 0x8
core   0: 3 0x80009d74 (0xff9ff06f)
core   0: 0x80009d6c (0x00006f17) auipc   t5, 0x6
core   0: 3 0x80009d6c (0x00006f17) x30 0x8000fd6c
core   0: 0x80009d70 (0x283f2a23) sw      gp, 660(t5)
core   0: 3 0x80009d70 (0x283f2a23) mem 0x80010000 0x00000001
core   0: 0x80009d74 (0xff9ff06f) j       pc - 0x8
core   0: 3 0x80009d74 (0xff9ff06f)
core   0: 0x80009d6c (0x00006f17) auipc   t5, 0x6
core   0: 3 0x80009d6c (0x00006f17) x30 0x8000fd6c
core   0: 0x80009d70 (0x283f2a23) sw      gp, 660(t5)
core   0: 3 0x80009d70 (0x283f2a23) mem 0x80010000 0x00000001
core   0: 0x80009d74 (0xff9ff06f) j       pc - 0x8
core   0: 3 0x80009d74 (0xff9ff06f)
core   0: 0x80009d6c (0x00006f17) auipc   t5, 0x6
core   0: 3 0x80009d6c (0x00006f17) x30 0x8000fd6c
core   0: 0x80009d70 (0x283f2a23) sw      gp, 660(t5)
core   0: 3 0x80009d70 (0x283f2a23) mem 0x80010000 0x00000001
core   0: 0x80009d74 (0xff9ff06f) j       pc - 0x8
core   0: 3 0x80009d74 (0xff9ff06f)
core   0: 0x80009d6c (0x00006f17) auipc   t5, 0x6
core   0: 3 0x80009d6c (0x00006f17) x30 0x8000fd6c
core   0: 0x80009d70 (0x283f2a23) sw      gp, 660(t5)
core   0: 3 0x80009d70 (0x283f2a23) mem 0x80010000 0x00000001
core   0: 0x80009d74 (0xff9ff06f) j       pc - 0x8
core   0: 3 0x80009d74 (0xff9ff06f)
core   0: 0x80009d6c (0x00006f17) auipc   t5, 0x6
core   0: 3 0x80009d6c (0x00006f17) x30 0x8000fd6c
core   0: 0x80009d70 (0x283f2a23) sw      gp, 660(t5)
core   0: 3 0x80009d70 (0x283f2a23) mem 0x80010000 0x00000001
core   0: 0x80009d74 (0xff9ff06f) j       pc - 0x8
core   0: 3 0x80009d74 (0xff9ff06f)
core   0: 0x80009d6c (0x00006f17) auipc   t5, 0x6
core   0: 3 0x80009d6c (0x00006f17) x30 0x8000fd6c
core   0: 0x80009d70 (0x283f2a23) sw      gp, 660(t5)
core   0: 3 0x80009d70 (0x283f2a23) mem 0x80010000 0x00000001
core   0: 0x80009d74 (0xff9ff06f) j       pc - 0x8
core   0: 3 0x80009d74 (0xff9ff06f)
core   0: 0x80009d6c (0x00006f17) auipc   t5, 0x6
core   0: 3 0x80009d6c (0x00006f17) x30 0x8000fd6c
core   0: 0x80009d70 (0x283f2a23) sw      gp, 660(t5)
core   0: 3 0x80009d70 (0x283f2a23) mem 0x80010000 0x00000001
core   0: 0x80009d74 (0xff9ff06f) j       pc - 0x8
core   0: 3 0x80009d74 (0xff9ff06f)
core   0: 0x80009d6c (0x00006f17) auipc   t5, 0x6
core   0: 3 0x80009d6c (0x00006f17) x30 0x8000fd6c
core   0: 0x80009d70 (0x283f2a23) sw      gp, 660(t5)
core   0: 3 0x80009d70 (0x283f2a23) mem 0x80010000 0x00000001
core   0: 0x80009d74 (0xff9ff06f) j       pc - 0x8
core   0: 3 0x80009d74 (0xff9ff06f)
core   0: 0x80009d6c (0x00006f17) auipc   t5, 0x6
core   0: 3 0x80009d6c (0x00006f17) x30 0x8000fd6c
core   0: 0x80009d70 (0x283f2a23) sw      gp, 660(t5)
core   0: 3 0x80009d70 (0x283f2a23) mem 0x80010000 0x00000001
core   0: 0x80009d74 (0xff9ff06f) j       pc - 0x8
core   0: 3 0x80009d74 (0xff9ff06f)
core   0: 0x80009d6c (0x00006f17) auipc   t5, 0x6
core   0: 3 0x80009d6c (0x00006f17) x30 0x8000fd6c
core   0: 0x80009d70 (0x283f2a23) sw      gp, 660(t5)
core   0: 3 0x80009d70 (0x283f2a23) mem 0x80010000 0x00000001
core   0: 0x80009d74 (0xff9ff06f) j       pc - 0x8
core   0: 3 0x80009d74 (0xff9ff06f)
core   0: 0x80009d6c (0x00006f17) auipc   t5, 0x6
core   0: 3 0x80009d6c (0x00006f17) x30 0x8000fd6c
core   0: 0x80009d70 (0x283f2a23) sw      gp, 660(t5)
core   0: 3 0x80009d70 (0x283f2a23) mem 0x80010000 0x00000001
core   0: 0x80009d74 (0xff9ff06f) j       pc - 0x8
core   0: 3 0x80009d74 (0xff9ff06f)
core   0: 0x80009d6c (0x00006f17) auipc   t5, 0x6
core   0: 3 0x80009d6c (0x00006f17) x30 0x8000fd6c
core   0: 0x80009d70 (0x283f2a23) sw      gp, 660(t5)
core   0: 3 0x80009d70 (0x283f2a23) mem 0x80010000 0x00000001
core   0: 0x80009d74 (0xff9ff06f) j       pc - 0x8
core   0: 3 0x80009d74 (0xff9ff06f)
core   0: 0x80009d6c (0x00006f17) auipc   t5, 0x6
core   0: 3 0x80009d6c (0x00006f17) x30 0x8000fd6c
core   0: 0x80009d70 (0x283f2a23) sw      gp, 660(t5)
core   0: 3 0x80009d70 (0x283f2a23) mem 0x80010000 0x00000001
core   0: 0x80009d74 (0xff9ff06f) j       pc - 0x8
core   0: 3 0x80009d74 (0xff9ff06f)
core   0: 0x80009d6c (0x00006f17) auipc   t5, 0x6
core   0: 3 0x80009d6c (0x00006f17) x30 0x8000fd6c
core   0: 0x80009d70 (0x283f2a23) sw      gp, 660(t5)
core   0: 3 0x80009d70 (0x283f2a23) mem 0x80010000 0x00000001
core   0: 0x80009d74 (0xff9ff06f) j       pc - 0x8
core   0: 3 0x80009d74 (0xff9ff06f)
core   0: 0x80009d6c (0x00006f17) auipc   t5, 0x6
core   0: 3 0x80009d6c (0x00006f17) x30 0x8000fd6c
core   0: 0x80009d70 (0x283f2a23) sw      gp, 660(t5)
core   0: 3 0x80009d70 (0x283f2a23) mem 0x80010000 0x00000001
core   0: 0x80009d74 (0xff9ff06f) j       pc - 0x8
core   0: 3 0x80009d74 (0xff9ff06f)
core   0: 0x80009d6c (0x00006f17) auipc   t5, 0x6
core   0: 3 0x80009d6c (0x00006f17) x30 0x8000fd6c
core   0: 0x80009d70 (0x283f2a23) sw      gp, 660(t5)
core   0: 3 0x80009d70 (0x283f2a23) mem 0x80010000 0x00000001
core   0: 0x80009d74 (0xff9ff06f) j       pc - 0x8
core   0: 3 0x80009d74 (0xff9ff06f)
core   0: 0x80009d6c (0x00006f17) auipc   t5, 0x6
core   0: 3 0x80009d6c (0x00006f17) x30 0x8000fd6c
core   0: 0x80009d70 (0x283f2a23) sw      gp, 660(t5)
core   0: 3 0x80009d70 (0x283f2a23) mem 0x80010000 0x00000001
core   0: 0x80009d74 (0xff9ff06f) j       pc - 0x8
core   0: 3 0x80009d74 (0xff9ff06f)
core   0: 0x80009d6c (0x00006f17) auipc   t5, 0x6
core   0: 3 0x80009d6c (0x00006f17) x30 0x8000fd6c
core   0: 0x80009d70 (0x283f2a23) sw      gp, 660(t5)
core   0: 3 0x80009d70 (0x283f2a23) mem 0x80010000 0x00000001
core   0: 0x80009d74 (0xff9ff06f) j       pc - 0x8
core   0: 3 0x80009d74 (0xff9ff06f)
core   0: 0x80009d6c (0x00006f17) auipc   t5, 0x6
core   0: 3 0x80009d6c (0x00006f17) x30 0x8000fd6c
core   0: 0x80009d70 (0x283f2a23) sw      gp, 660(t5)
core   0: 3 0x80009d70 (0x283f2a23) mem 0x80010000 0x00000001
core   0: 0x80009d74 (0xff9ff06f) j       pc - 0x8
core   0: 3 0x80009d74 (0xff9ff06f)
core   0: 0x80009d6c (0x00006f17) auipc   t5, 0x6
core   0: 3 0x80009d6c (0x00006f17) x30 0x8000fd6c
core   0: 0x80009d70 (0x283f2a23) sw      gp, 660(t5)
core   0: 3 0x80009d70 (0x283f2a23) mem 0x80010000 0x00000001
core   0: 0x80009d74 (0xff9ff06f) j       pc - 0x8
core   0: 3 0x80009d74 (0xff9ff06f)
core   0: 0x80009d6c (0x00006f17) auipc   t5, 0x6
core   0: 3 0x80009d6c (0x00006f17) x30 0x8000fd6c
core   0: 0x80009d70 (0x283f2a23) sw      gp, 660(t5)
core   0: 3 0x80009d70 (0x283f2a23) mem 0x80010000 0x00000001
core   0: 0x80009d74 (0xff9ff06f) j       pc - 0x8
core   0: 3 0x80009d74 (0xff9ff06f)
core   0: 0x80009d6c (0x00006f17) auipc   t5, 0x6
core   0: 3 0x80009d6c (0x00006f17) x30 0x8000fd6c
core   0: 0x80009d70 (0x283f2a23) sw      gp, 660(t5)
core   0: 3 0x80009d70 (0x283f2a23) mem 0x80010000 0x00000001
core   0: 0x80009d74 (0xff9ff06f) j       pc - 0x8
core   0: 3 0x80009d74 (0xff9ff06f)
core   0: 0x80009d6c (0x00006f17) auipc   t5, 0x6
core   0: 3 0x80009d6c (0x00006f17) x30 0x8000fd6c
core   0: 0x80009d70 (0x283f2a23) sw      gp, 660(t5)
core   0: 3 0x80009d70 (0x283f2a23) mem 0x80010000 0x00000001
core   0: 0x80009d74 (0xff9ff06f) j       pc - 0x8
core   0: 3 0x80009d74 (0xff9ff06f)
core   0: 0x80009d6c (0x00006f17) auipc   t5, 0x6
core   0: 3 0x80009d6c (0x00006f17) x30 0x8000fd6c
core   0: 0x80009d70 (0x283f2a23) sw      gp, 660(t5)
core   0: 3 0x80009d70 (0x283f2a23) mem 0x80010000 0x00000001
core   0: 0x80009d74 (0xff9ff06f) j       pc - 0x8
core   0: 3 0x80009d74 (0xff9ff06f)
core   0: 0x80009d6c (0x00006f17) auipc   t5, 0x6
core   0: 3 0x80009d6c (0x00006f17) x30 0x8000fd6c
core   0: 0x80009d70 (0x283f2a23) sw      gp, 660(t5)
core   0: 3 0x80009d70 (0x283f2a23) mem 0x80010000 0x00000001
core   0: 0x80009d74 (0xff9ff06f) j       pc - 0x8
core   0: 3 0x80009d74 (0xff9ff06f)
core   0: 0x80009d6c (0x00006f17) auipc   t5, 0x6
core   0: 3 0x80009d6c (0x00006f17) x30 0x8000fd6c
core   0: 0x80009d70 (0x283f2a23) sw      gp, 660(t5)
core   0: 3 0x80009d70 (0x283f2a23) mem 0x80010000 0x00000001
core   0: 0x80009d74 (0xff9ff06f) j       pc - 0x8
core   0: 3 0x80009d74 (0xff9ff06f)
core   0: 0x80009d6c (0x00006f17) auipc   t5, 0x6
core   0: 3 0x80009d6c (0x00006f17) x30 0x8000fd6c
core   0: 0x80009d70 (0x283f2a23) sw      gp, 660(t5)
core   0: 3 0x80009d70 (0x283f2a23) mem 0x80010000 0x00000001
core   0: 0x80009d74 (0xff9ff06f) j       pc - 0x8
core   0: 3 0x80009d74 (0xff9ff06f)
core   0: 0x80009d6c (0x00006f17) auipc   t5, 0x6
core   0: 3 0x80009d6c (0x00006f17) x30 0x8000fd6c
core   0: 0x80009d70 (0x283f2a23) sw      gp, 660(t5)
core   0: 3 0x80009d70 (0x283f2a23) mem 0x80010000 0x00000001
core   0: 0x80009d74 (0xff9ff06f) j       pc - 0x8
core   0: 3 0x80009d74 (0xff9ff06f)
core   0: 0x80009d6c (0x00006f17) auipc   t5, 0x6
core   0: 3 0x80009d6c (0x00006f17) x30 0x8000fd6c
core   0: 0x80009d70 (0x283f2a23) sw      gp, 660(t5)
core   0: 3 0x80009d70 (0x283f2a23) mem 0x80010000 0x00000001
core   0: 0x80009d74 (0xff9ff06f) j       pc - 0x8
core   0: 3 0x80009d74 (0xff9ff06f)
core   0: 0x80009d6c (0x00006f17) auipc   t5, 0x6
core   0: 3 0x80009d6c (0x00006f17) x30 0x8000fd6c
core   0: 0x80009d70 (0x283f2a23) sw      gp, 660(t5)
core   0: 3 0x80009d70 (0x283f2a23) mem 0x80010000 0x00000001
core   0: 0x80009d74 (0xff9ff06f) j       pc - 0x8
core   0: 3 0x80009d74 (0xff9ff06f)
core   0: 0x80009d6c (0x00006f17) auipc   t5, 0x6
core   0: 3 0x80009d6c (0x00006f17) x30 0x8000fd6c
core   0: 0x80009d70 (0x283f2a23) sw      gp, 660(t5)
core   0: 3 0x80009d70 (0x283f2a23) mem 0x80010000 0x00000001
core   0: 0x80009d74 (0xff9ff06f) j       pc - 0x8
core   0: 3 0x80009d74 (0xff9ff06f)
core   0: 0x80009d6c (0x00006f17) auipc   t5, 0x6
core   0: 3 0x80009d6c (0x00006f17) x30 0x8000fd6c
core   0: 0x80009d70 (0x283f2a23) sw      gp, 660(t5)
core   0: 3 0x80009d70 (0x283f2a23) mem 0x80010000 0x00000001
core   0: 0x80009d74 (0xff9ff06f) j       pc - 0x8
core   0: 3 0x80009d74 (0xff9ff06f)
core   0: 0x80009d6c (0x00006f17) auipc   t5, 0x6
core   0: 3 0x80009d6c (0x00006f17) x30 0x8000fd6c
core   0: 0x80009d70 (0x283f2a23) sw      gp, 660(t5)
core   0: 3 0x80009d70 (0x283f2a23) mem 0x80010000 0x00000001
core   0: 0x80009d74 (0xff9ff06f) j       pc - 0x8
core   0: 3 0x80009d74 (0xff9ff06f)
core   0: 0x80009d6c (0x00006f17) auipc   t5, 0x6
core   0: 3 0x80009d6c (0x00006f17) x30 0x8000fd6c
core   0: 0x80009d70 (0x283f2a23) sw      gp, 660(t5)
core   0: 3 0x80009d70 (0x283f2a23) mem 0x80010000 0x00000001
core   0: 0x80009d74 (0xff9ff06f) j       pc - 0x8
core   0: 3 0x80009d74 (0xff9ff06f)
core   0: 0x80009d6c (0x00006f17) auipc   t5, 0x6
core   0: 3 0x80009d6c (0x00006f17) x30 0x8000fd6c
core   0: 0x80009d70 (0x283f2a23) sw      gp, 660(t5)
core   0: 3 0x80009d70 (0x283f2a23) mem 0x80010000 0x00000001
core   0: 0x80009d74 (0xff9ff06f) j       pc - 0x8
core   0: 3 0x80009d74 (0xff9ff06f)
core   0: 0x80009d6c (0x00006f17) auipc   t5, 0x6
core   0: 3 0x80009d6c (0x00006f17) x30 0x8000fd6c
core   0: 0x80009d70 (0x283f2a23) sw      gp, 660(t5)
core   0: 3 0x80009d70 (0x283f2a23) mem 0x80010000 0x00000001
core   0: 0x80009d74 (0xff9ff06f) j       pc - 0x8
core   0: 3 0x80009d74 (0xff9ff06f)
core   0: 0x80009d6c (0x00006f17) auipc   t5, 0x6
core   0: 3 0x80009d6c (0x00006f17) x30 0x8000fd6c
core   0: 0x80009d70 (0x283f2a23) sw      gp, 660(t5)
core   0: 3 0x80009d70 (0x283f2a23) mem 0x80010000 0x00000001
core   0: 0x80009d74 (0xff9ff06f) j       pc - 0x8
core   0: 3 0x80009d74 (0xff9ff06f)
core   0: 0x80009d6c (0x00006f17) auipc   t5, 0x6
core   0: 3 0x80009d6c (0x00006f17) x30 0x8000fd6c
core   0: 0x80009d70 (0x283f2a23) sw      gp, 660(t5)
core   0: 3 0x80009d70 (0x283f2a23) mem 0x80010000 0x00000001
core   0: 0x80009d74 (0xff9ff06f) j       pc - 0x8
core   0: 3 0x80009d74 (0xff9ff06f)
core   0: 0x80009d6c (0x00006f17) auipc   t5, 0x6
core   0: 3 0x80009d6c (0x00006f17) x30 0x8000fd6c
core   0: 0x80009d70 (0x283f2a23) sw      gp, 660(t5)
core   0: 3 0x80009d70 (0x283f2a23) mem 0x80010000 0x00000001
core   0: 0x80009d74 (0xff9ff06f) j       pc - 0x8
core   0: 3 0x80009d74 (0xff9ff06f)
core   0: 0x80009d6c (0x00006f17) auipc   t5, 0x6
core   0: 3 0x80009d6c (0x00006f17) x30 0x8000fd6c
core   0: 0x80009d70 (0x283f2a23) sw      gp, 660(t5)
core   0: 3 0x80009d70 (0x283f2a23) mem 0x80010000 0x00000001
core   0: 0x80009d74 (0xff9ff06f) j       pc - 0x8
core   0: 3 0x80009d74 (0xff9ff06f)
core   0: 0x80009d6c (0x00006f17) auipc   t5, 0x6
core   0: 3 0x80009d6c (0x00006f17) x30 0x8000fd6c
core   0: 0x80009d70 (0x283f2a23) sw      gp, 660(t5)
core   0: 3 0x80009d70 (0x283f2a23) mem 0x80010000 0x00000001
core   0: 0x80009d74 (0xff9ff06f) j       pc - 0x8
core   0: 3 0x80009d74 (0xff9ff06f)
core   0: 0x80009d6c (0x00006f17) auipc   t5, 0x6
core   0: 3 0x80009d6c (0x00006f17) x30 0x8000fd6c
core   0: 0x80009d70 (0x283f2a23) sw      gp, 660(t5)
core   0: 3 0x80009d70 (0x283f2a23) mem 0x80010000 0x00000001
core   0: 0x80009d74 (0xff9ff06f) j       pc - 0x8
core   0: 3 0x80009d74 (0xff9ff06f)
core   0: 0x80009d6c (0x00006f17) auipc   t5, 0x6
core   0: 3 0x80009d6c (0x00006f17) x30 0x8000fd6c
core   0: 0x80009d70 (0x283f2a23) sw      gp, 660(t5)
core   0: 3 0x80009d70 (0x283f2a23) mem 0x80010000 0x00000001
core   0: 0x80009d74 (0xff9ff06f) j       pc - 0x8
core   0: 3 0x80009d74 (0xff9ff06f)
core   0: 0x80009d6c (0x00006f17) auipc   t5, 0x6
core   0: 3 0x80009d6c (0x00006f17) x30 0x8000fd6c
core   0: 0x80009d70 (0x283f2a23) sw      gp, 660(t5)
core   0: 3 0x80009d70 (0x283f2a23) mem 0x80010000 0x00000001
core   0: 0x80009d74 (0xff9ff06f) j       pc - 0x8
core   0: 3 0x80009d74 (0xff9ff06f)
core   0: 0x80009d6c (0x00006f17) auipc   t5, 0x6
core   0: 3 0x80009d6c (0x00006f17) x30 0x8000fd6c
core   0: 0x80009d70 (0x283f2a23) sw      gp, 660(t5)
core   0: 3 0x80009d70 (0x283f2a23) mem 0x80010000 0x00000001
core   0: 0x80009d74 (0xff9ff06f) j       pc - 0x8
core   0: 3 0x80009d74 (0xff9ff06f)
core   0: 0x80009d6c (0x00006f17) auipc   t5, 0x6
core   0: 3 0x80009d6c (0x00006f17) x30 0x8000fd6c
core   0: 0x80009d70 (0x283f2a23) sw      gp, 660(t5)
core   0: 3 0x80009d70 (0x283f2a23) mem 0x80010000 0x00000001
core   0: 0x80009d74 (0xff9ff06f) j       pc - 0x8
core   0: 3 0x80009d74 (0xff9ff06f)
core   0: 0x80009d6c (0x00006f17) auipc   t5, 0x6
core   0: 3 0x80009d6c (0x00006f17) x30 0x8000fd6c
core   0: 0x80009d70 (0x283f2a23) sw      gp, 660(t5)
core   0: 3 0x80009d70 (0x283f2a23) mem 0x80010000 0x00000001
core   0: 0x80009d74 (0xff9ff06f) j       pc - 0x8
core   0: 3 0x80009d74 (0xff9ff06f)
core   0: 0x80009d6c (0x00006f17) auipc   t5, 0x6
core   0: 3 0x80009d6c (0x00006f17) x30 0x8000fd6c
core   0: 0x80009d70 (0x283f2a23) sw      gp, 660(t5)
core   0: 3 0x80009d70 (0x283f2a23) mem 0x80010000 0x00000001
core   0: 0x80009d74 (0xff9ff06f) j       pc - 0x8
core   0: 3 0x80009d74 (0xff9ff06f)
core   0: 0x80009d6c (0x00006f17) auipc   t5, 0x6
core   0: 3 0x80009d6c (0x00006f17) x30 0x8000fd6c
core   0: 0x80009d70 (0x283f2a23) sw      gp, 660(t5)
core   0: 3 0x80009d70 (0x283f2a23) mem 0x80010000 0x00000001
core   0: 0x80009d74 (0xff9ff06f) j       pc - 0x8
core   0: 3 0x80009d74 (0xff9ff06f)
core   0: 0x80009d6c (0x00006f17) auipc   t5, 0x6
core   0: 3 0x80009d6c (0x00006f17) x30 0x8000fd6c
core   0: 0x80009d70 (0x283f2a23) sw      gp, 660(t5)
core   0: 3 0x80009d70 (0x283f2a23) mem 0x80010000 0x00000001
core   0: 0x80009d74 (0xff9ff06f) j       pc - 0x8
core   0: 3 0x80009d74 (0xff9ff06f)
core   0: 0x80009d6c (0x00006f17) auipc   t5, 0x6
core   0: 3 0x80009d6c (0x00006f17) x30 0x8000fd6c
core   0: 0x80009d70 (0x283f2a23) sw      gp, 660(t5)
core   0: 3 0x80009d70 (0x283f2a23) mem 0x80010000 0x00000001
core   0: 0x80009d74 (0xff9ff06f) j       pc - 0x8
core   0: 3 0x80009d74 (0xff9ff06f)
core   0: 0x80009d6c (0x00006f17) auipc   t5, 0x6
core   0: 3 0x80009d6c (0x00006f17) x30 0x8000fd6c
core   0: 0x80009d70 (0x283f2a23) sw      gp, 660(t5)
core   0: 3 0x80009d70 (0x283f2a23) mem 0x80010000 0x00000001
core   0: 0x80009d74 (0xff9ff06f) j       pc - 0x8
core   0: 3 0x80009d74 (0xff9ff06f)
core   0: 0x80009d6c (0x00006f17) auipc   t5, 0x6
core   0: 3 0x80009d6c (0x00006f17) x30 0x8000fd6c
core   0: 0x80009d70 (0x283f2a23) sw      gp, 660(t5)
core   0: 3 0x80009d70 (0x283f2a23) mem 0x80010000 0x00000001
core   0: 0x80009d74 (0xff9ff06f) j       pc - 0x8
core   0: 3 0x80009d74 (0xff9ff06f)
core   0: 0x80009d6c (0x00006f17) auipc   t5, 0x6
core   0: 3 0x80009d6c (0x00006f17) x30 0x8000fd6c
core   0: 0x80009d70 (0x283f2a23) sw      gp, 660(t5)
core   0: 3 0x80009d70 (0x283f2a23) mem 0x80010000 0x00000001
core   0: 0x80009d74 (0xff9ff06f) j       pc - 0x8
core   0: 3 0x80009d74 (0xff9ff06f)
core   0: 0x80009d6c (0x00006f17) auipc   t5, 0x6
core   0: 3 0x80009d6c (0x00006f17) x30 0x8000fd6c
core   0: 0x80009d70 (0x283f2a23) sw      gp, 660(t5)
core   0: 3 0x80009d70 (0x283f2a23) mem 0x80010000 0x00000001
core   0: 0x80009d74 (0xff9ff06f) j       pc - 0x8
core   0: 3 0x80009d74 (0xff9ff06f)
core   0: 0x80009d6c (0x00006f17) auipc   t5, 0x6
core   0: 3 0x80009d6c (0x00006f17) x30 0x8000fd6c
core   0: 0x80009d70 (0x283f2a23) sw      gp, 660(t5)
core   0: 3 0x80009d70 (0x283f2a23) mem 0x80010000 0x00000001
core   0: 0x80009d74 (0xff9ff06f) j       pc - 0x8
core   0: 3 0x80009d74 (0xff9ff06f)
core   0: 0x80009d6c (0x00006f17) auipc   t5, 0x6
core   0: 3 0x80009d6c (0x00006f17) x30 0x8000fd6c
core   0: 0x80009d70 (0x283f2a23) sw      gp, 660(t5)
core   0: 3 0x80009d70 (0x283f2a23) mem 0x80010000 0x00000001
core   0: 0x80009d74 (0xff9ff06f) j       pc - 0x8
core   0: 3 0x80009d74 (0xff9ff06f)
core   0: 0x80009d6c (0x00006f17) auipc   t5, 0x6
core   0: 3 0x80009d6c (0x00006f17) x30 0x8000fd6c
core   0: 0x80009d70 (0x283f2a23) sw      gp, 660(t5)
core   0: 3 0x80009d70 (0x283f2a23) mem 0x80010000 0x00000001
core   0: 0x80009d74 (0xff9ff06f) j       pc - 0x8
core   0: 3 0x80009d74 (0xff9ff06f)
core   0: 0x80009d6c (0x00006f17) auipc   t5, 0x6
core   0: 3 0x80009d6c (0x00006f17) x30 0x8000fd6c
core   0: 0x80009d70 (0x283f2a23) sw      gp, 660(t5)
core   0: 3 0x80009d70 (0x283f2a23) mem 0x80010000 0x00000001
core   0: 0x80009d74 (0xff9ff06f) j       pc - 0x8
core   0: 3 0x80009d74 (0xff9ff06f)
core   0: 0x80009d6c (0x00006f17) auipc   t5, 0x6
core   0: 3 0x80009d6c (0x00006f17) x30 0x8000fd6c
core   0: 0x80009d70 (0x283f2a23) sw      gp, 660(t5)
core   0: 3 0x80009d70 (0x283f2a23) mem 0x80010000 0x00000001
core   0: 0x80009d74 (0xff9ff06f) j       pc - 0x8
core   0: 3 0x80009d74 (0xff9ff06f)
core   0: 0x80009d6c (0x00006f17) auipc   t5, 0x6
core   0: 3 0x80009d6c (0x00006f17) x30 0x8000fd6c
core   0: 0x80009d70 (0x283f2a23) sw      gp, 660(t5)
core   0: 3 0x80009d70 (0x283f2a23) mem 0x80010000 0x00000001
core   0: 0x80009d74 (0xff9ff06f) j       pc - 0x8
core   0: 3 0x80009d74 (0xff9ff06f)
core   0: 0x80009d6c (0x00006f17) auipc   t5, 0x6
core   0: 3 0x80009d6c (0x00006f17) x30 0x8000fd6c
core   0: 0x80009d70 (0x283f2a23) sw      gp, 660(t5)
core   0: 3 0x80009d70 (0x283f2a23) mem 0x80010000 0x00000001
core   0: 0x80009d74 (0xff9ff06f) j       pc - 0x8
core   0: 3 0x80009d74 (0xff9ff06f)
core   0: 0x80009d6c (0x00006f17) auipc   t5, 0x6
core   0: 3 0x80009d6c (0x00006f17) x30 0x8000fd6c
core   0: 0x80009d70 (0x283f2a23) sw      gp, 660(t5)
core   0: 3 0x80009d70 (0x283f2a23) mem 0x80010000 0x00000001
core   0: 0x80009d74 (0xff9ff06f) j       pc - 0x8
core   0: 3 0x80009d74 (0xff9ff06f)
core   0: 0x80009d6c (0x00006f17) auipc   t5, 0x6
core   0: 3 0x80009d6c (0x00006f17) x30 0x8000fd6c
core   0: 0x80009d70 (0x283f2a23) sw      gp, 660(t5)
core   0: 3 0x80009d70 (0x283f2a23) mem 0x80010000 0x00000001
core   0: 0x80009d74 (0xff9ff06f) j       pc - 0x8
core   0: 3 0x80009d74 (0xff9ff06f)
core   0: 0x80009d6c (0x00006f17) auipc   t5, 0x6
core   0: 3 0x80009d6c (0x00006f17) x30 0x8000fd6c
core   0: 0x80009d70 (0x283f2a23) sw      gp, 660(t5)
core   0: 3 0x80009d70 (0x283f2a23) mem 0x80010000 0x00000001
core   0: 0x80009d74 (0xff9ff06f) j       pc - 0x8
core   0: 3 0x80009d74 (0xff9ff06f)
core   0: 0x80009d6c (0x00006f17) auipc   t5, 0x6
core   0: 3 0x80009d6c (0x00006f17) x30 0x8000fd6c
core   0: 0x80009d70 (0x283f2a23) sw      gp, 660(t5)
core   0: 3 0x80009d70 (0x283f2a23) mem 0x80010000 0x00000001
core   0: 0x80009d74 (0xff9ff06f) j       pc - 0x8
core   0: 3 0x80009d74 (0xff9ff06f)
core   0: 0x80009d6c (0x00006f17) auipc   t5, 0x6
core   0: 3 0x80009d6c (0x00006f17) x30 0x8000fd6c
core   0: 0x80009d70 (0x283f2a23) sw      gp, 660(t5)
core   0: 3 0x80009d70 (0x283f2a23) mem 0x80010000 0x00000001
core   0: 0x80009d74 (0xff9ff06f) j       pc - 0x8
core   0: 3 0x80009d74 (0xff9ff06f)
core   0: 0x80009d6c (0x00006f17) auipc   t5, 0x6
core   0: 3 0x80009d6c (0x00006f17) x30 0x8000fd6c
core   0: 0x80009d70 (0x283f2a23) sw      gp, 660(t5)
core   0: 3 0x80009d70 (0x283f2a23) mem 0x80010000 0x00000001
core   0: 0x80009d74 (0xff9ff06f) j       pc - 0x8
core   0: 3 0x80009d74 (0xff9ff06f)
core   0: 0x80009d6c (0x00006f17) auipc   t5, 0x6
core   0: 3 0x80009d6c (0x00006f17) x30 0x8000fd6c
core   0: 0x80009d70 (0x283f2a23) sw      gp, 660(t5)
core   0: 3 0x80009d70 (0x283f2a23) mem 0x80010000 0x00000001
core   0: 0x80009d74 (0xff9ff06f) j       pc - 0x8
core   0: 3 0x80009d74 (0xff9ff06f)
core   0: 0x80009d6c (0x00006f17) auipc   t5, 0x6
core   0: 3 0x80009d6c (0x00006f17) x30 0x8000fd6c
core   0: 0x80009d70 (0x283f2a23) sw      gp, 660(t5)
core   0: 3 0x80009d70 (0x283f2a23) mem 0x80010000 0x00000001
core   0: 0x80009d74 (0xff9ff06f) j       pc - 0x8
core   0: 3 0x80009d74 (0xff9ff06f)
core   0: 0x80009d6c (0x00006f17) auipc   t5, 0x6
core   0: 3 0x80009d6c (0x00006f17) x30 0x8000fd6c
core   0: 0x80009d70 (0x283f2a23) sw      gp, 660(t5)
core   0: 3 0x80009d70 (0x283f2a23) mem 0x80010000 0x00000001
core   0: 0x80009d74 (0xff9ff06f) j       pc - 0x8
core   0: 3 0x80009d74 (0xff9ff06f)
core   0: 0x80009d6c (0x00006f17) auipc   t5, 0x6
core   0: 3 0x80009d6c (0x00006f17) x30 0x8000fd6c
core   0: 0x80009d70 (0x283f2a23) sw      gp, 660(t5)
core   0: 3 0x80009d70 (0x283f2a23) mem 0x80010000 0x00000001
core   0: 0x80009d74 (0xff9ff06f) j       pc - 0x8
core   0: 3 0x80009d74 (0xff9ff06f)
core   0: 0x80009d6c (0x00006f17) auipc   t5, 0x6
core   0: 3 0x80009d6c (0x00006f17) x30 0x8000fd6c
core   0: 0x80009d70 (0x283f2a23) sw      gp, 660(t5)
core   0: 3 0x80009d70 (0x283f2a23) mem 0x80010000 0x00000001
core   0: 0x80009d74 (0xff9ff06f) j       pc - 0x8
core   0: 3 0x80009d74 (0xff9ff06f)
core   0: 0x80009d6c (0x00006f17) auipc   t5, 0x6
core   0: 3 0x80009d6c (0x00006f17) x30 0x8000fd6c
core   0: 0x80009d70 (0x283f2a23) sw      gp, 660(t5)
core   0: 3 0x80009d70 (0x283f2a23) mem 0x80010000 0x00000001
core   0: 0x80009d74 (0xff9ff06f) j       pc - 0x8
core   0: 3 0x80009d74 (0xff9ff06f)
core   0: 0x80009d6c (0x00006f17) auipc   t5, 0x6
core   0: 3 0x80009d6c (0x00006f17) x30 0x8000fd6c
core   0: 0x80009d70 (0x283f2a23) sw      gp, 660(t5)
core   0: 3 0x80009d70 (0x283f2a23) mem 0x80010000 0x00000001
core   0: 0x80009d74 (0xff9ff06f) j       pc - 0x8
core   0: 3 0x80009d74 (0xff9ff06f)
core   0: 0x80009d6c (0x00006f17) auipc   t5, 0x6
core   0: 3 0x80009d6c (0x00006f17) x30 0x8000fd6c
core   0: 0x80009d70 (0x283f2a23) sw      gp, 660(t5)
core   0: 3 0x80009d70 (0x283f2a23) mem 0x80010000 0x00000001
core   0: 0x80009d74 (0xff9ff06f) j       pc - 0x8
core   0: 3 0x80009d74 (0xff9ff06f)
core   0: 0x80009d6c (0x00006f17) auipc   t5, 0x6
core   0: 3 0x80009d6c (0x00006f17) x30 0x8000fd6c
core   0: 0x80009d70 (0x283f2a23) sw      gp, 660(t5)
core   0: 3 0x80009d70 (0x283f2a23) mem 0x80010000 0x00000001
core   0: 0x80009d74 (0xff9ff06f) j       pc - 0x8
core   0: 3 0x80009d74 (0xff9ff06f)
core   0: 0x80009d6c (0x00006f17) auipc   t5, 0x6
core   0: 3 0x80009d6c (0x00006f17) x30 0x8000fd6c
core   0: 0x80009d70 (0x283f2a23) sw      gp, 660(t5)
core   0: 3 0x80009d70 (0x283f2a23) mem 0x80010000 0x00000001
core   0: 0x80009d74 (0xff9ff06f) j       pc - 0x8
core   0: 3 0x80009d74 (0xff9ff06f)
core   0: 0x80009d6c (0x00006f17) auipc   t5, 0x6
core   0: 3 0x80009d6c (0x00006f17) x30 0x8000fd6c
core   0: 0x80009d70 (0x283f2a23) sw      gp, 660(t5)
core   0: 3 0x80009d70 (0x283f2a23) mem 0x80010000 0x00000001
core   0: 0x80009d74 (0xff9ff06f) j       pc - 0x8
core   0: 3 0x80009d74 (0xff9ff06f)
core   0: 0x80009d6c (0x00006f17) auipc   t5, 0x6
core   0: 3 0x80009d6c (0x00006f17) x30 0x8000fd6c
core   0: 0x80009d70 (0x283f2a23) sw      gp, 660(t5)
core   0: 3 0x80009d70 (0x283f2a23) mem 0x80010000 0x00000001
core   0: 0x80009d74 (0xff9ff06f) j       pc - 0x8
core   0: 3 0x80009d74 (0xff9ff06f)
core   0: 0x80009d6c (0x00006f17) auipc   t5, 0x6
core   0: 3 0x80009d6c (0x00006f17) x30 0x8000fd6c
core   0: 0x80009d70 (0x283f2a23) sw      gp, 660(t5)
core   0: 3 0x80009d70 (0x283f2a23) mem 0x80010000 0x00000001
core   0: 0x80009d74 (0xff9ff06f) j       pc - 0x8
core   0: 3 0x80009d74 (0xff9ff06f)
core   0: 0x80009d6c (0x00006f17) auipc   t5, 0x6
core   0: 3 0x80009d6c (0x00006f17) x30 0x8000fd6c
core   0: 0x80009d70 (0x283f2a23) sw      gp, 660(t5)
core   0: 3 0x80009d70 (0x283f2a23) mem 0x80010000 0x00000001
core   0: 0x80009d74 (0xff9ff06f) j       pc - 0x8
core   0: 3 0x80009d74 (0xff9ff06f)
core   0: 0x80009d6c (0x00006f17) auipc   t5, 0x6
core   0: 3 0x80009d6c (0x00006f17) x30 0x8000fd6c
core   0: 0x80009d70 (0x283f2a23) sw      gp, 660(t5)
core   0: 3 0x80009d70 (0x283f2a23) mem 0x80010000 0x00000001
core   0: 0x80009d74 (0xff9ff06f) j       pc - 0x8
core   0: 3 0x80009d74 (0xff9ff06f)
core   0: 0x80009d6c (0x00006f17) auipc   t5, 0x6
core   0: 3 0x80009d6c (0x00006f17) x30 0x8000fd6c
core   0: 0x80009d70 (0x283f2a23) sw      gp, 660(t5)
core   0: 3 0x80009d70 (0x283f2a23) mem 0x80010000 0x00000001
core   0: 0x80009d74 (0xff9ff06f) j       pc - 0x8
core   0: 3 0x80009d74 (0xff9ff06f)
core   0: 0x80009d6c (0x00006f17) auipc   t5, 0x6
core   0: 3 0x80009d6c (0x00006f17) x30 0x8000fd6c
core   0: 0x80009d70 (0x283f2a23) sw      gp, 660(t5)
core   0: 3 0x80009d70 (0x283f2a23) mem 0x80010000 0x00000001
core   0: 0x80009d74 (0xff9ff06f) j       pc - 0x8
core   0: 3 0x80009d74 (0xff9ff06f)
core   0: 0x80009d6c (0x00006f17) auipc   t5, 0x6
core   0: 3 0x80009d6c (0x00006f17) x30 0x8000fd6c
core   0: 0x80009d70 (0x283f2a23) sw      gp, 660(t5)
core   0: 3 0x80009d70 (0x283f2a23) mem 0x80010000 0x00000001
core   0: 0x80009d74 (0xff9ff06f) j       pc - 0x8
core   0: 3 0x80009d74 (0xff9ff06f)
core   0: 0x80009d6c (0x00006f17) auipc   t5, 0x6
core   0: 3 0x80009d6c (0x00006f17) x30 0x8000fd6c
core   0: 0x80009d70 (0x283f2a23) sw      gp, 660(t5)
core   0: 3 0x80009d70 (0x283f2a23) mem 0x80010000 0x00000001
core   0: 0x80009d74 (0xff9ff06f) j       pc - 0x8
core   0: 3 0x80009d74 (0xff9ff06f)
core   0: 0x80009d6c (0x00006f17) auipc   t5, 0x6
core   0: 3 0x80009d6c (0x00006f17) x30 0x8000fd6c
core   0: 0x80009d70 (0x283f2a23) sw      gp, 660(t5)
core   0: 3 0x80009d70 (0x283f2a23) mem 0x80010000 0x00000001
core   0: 0x80009d74 (0xff9ff06f) j       pc - 0x8
core   0: 3 0x80009d74 (0xff9ff06f)
core   0: 0x80009d6c (0x00006f17) auipc   t5, 0x6
core   0: 3 0x80009d6c (0x00006f17) x30 0x8000fd6c
core   0: 0x80009d70 (0x283f2a23) sw      gp, 660(t5)
core   0: 3 0x80009d70 (0x283f2a23) mem 0x80010000 0x00000001
core   0: 0x80009d74 (0xff9ff06f) j       pc - 0x8
core   0: 3 0x80009d74 (0xff9ff06f)
core   0: 0x80009d6c (0x00006f17) auipc   t5, 0x6
core   0: 3 0x80009d6c (0x00006f17) x30 0x8000fd6c
core   0: 0x80009d70 (0x283f2a23) sw      gp, 660(t5)
core   0: 3 0x80009d70 (0x283f2a23) mem 0x80010000 0x00000001
core   0: 0x80009d74 (0xff9ff06f) j       pc - 0x8
core   0: 3 0x80009d74 (0xff9ff06f)
core   0: 0x80009d6c (0x00006f17) auipc   t5, 0x6
core   0: 3 0x80009d6c (0x00006f17) x30 0x8000fd6c
core   0: 0x80009d70 (0x283f2a23) sw      gp, 660(t5)
core   0: 3 0x80009d70 (0x283f2a23) mem 0x80010000 0x00000001
core   0: 0x80009d74 (0xff9ff06f) j       pc - 0x8
core   0: 3 0x80009d74 (0xff9ff06f)
core   0: 0x80009d6c (0x00006f17) auipc   t5, 0x6
core   0: 3 0x80009d6c (0x00006f17) x30 0x8000fd6c
core   0: 0x80009d70 (0x283f2a23) sw      gp, 660(t5)
core   0: 3 0x80009d70 (0x283f2a23) mem 0x80010000 0x00000001
core   0: 0x80009d74 (0xff9ff06f) j       pc - 0x8
core   0: 3 0x80009d74 (0xff9ff06f)
core   0: 0x80009d6c (0x00006f17) auipc   t5, 0x6
core   0: 3 0x80009d6c (0x00006f17) x30 0x8000fd6c
core   0: 0x80009d70 (0x283f2a23) sw      gp, 660(t5)
core   0: 3 0x80009d70 (0x283f2a23) mem 0x80010000 0x00000001
core   0: 0x80009d74 (0xff9ff06f) j       pc - 0x8
core   0: 3 0x80009d74 (0xff9ff06f)
core   0: 0x80009d6c (0x00006f17) auipc   t5, 0x6
core   0: 3 0x80009d6c (0x00006f17) x30 0x8000fd6c
core   0: 0x80009d70 (0x283f2a23) sw      gp, 660(t5)
core   0: 3 0x80009d70 (0x283f2a23) mem 0x80010000 0x00000001
core   0: 0x80009d74 (0xff9ff06f) j       pc - 0x8
core   0: 3 0x80009d74 (0xff9ff06f)
core   0: 0x80009d6c (0x00006f17) auipc   t5, 0x6
core   0: 3 0x80009d6c (0x00006f17) x30 0x8000fd6c
core   0: 0x80009d70 (0x283f2a23) sw      gp, 660(t5)
core   0: 3 0x80009d70 (0x283f2a23) mem 0x80010000 0x00000001
core   0: 0x80009d74 (0xff9ff06f) j       pc - 0x8
core   0: 3 0x80009d74 (0xff9ff06f)
core   0: 0x80009d6c (0x00006f17) auipc   t5, 0x6
core   0: 3 0x80009d6c (0x00006f17) x30 0x8000fd6c
core   0: 0x80009d70 (0x283f2a23) sw      gp, 660(t5)
core   0: 3 0x80009d70 (0x283f2a23) mem 0x80010000 0x00000001
core   0: 0x80009d74 (0xff9ff06f) j       pc - 0x8
core   0: 3 0x80009d74 (0xff9ff06f)
core   0: 0x80009d6c (0x00006f17) auipc   t5, 0x6
core   0: 3 0x80009d6c (0x00006f17) x30 0x8000fd6c
core   0: 0x80009d70 (0x283f2a23) sw      gp, 660(t5)
core   0: 3 0x80009d70 (0x283f2a23) mem 0x80010000 0x00000001
core   0: 0x80009d74 (0xff9ff06f) j       pc - 0x8
core   0: 3 0x80009d74 (0xff9ff06f)
core   0: 0x80009d6c (0x00006f17) auipc   t5, 0x6
core   0: 3 0x80009d6c (0x00006f17) x30 0x8000fd6c
core   0: 0x80009d70 (0x283f2a23) sw      gp, 660(t5)
core   0: 3 0x80009d70 (0x283f2a23) mem 0x80010000 0x00000001
core   0: 0x80009d74 (0xff9ff06f) j       pc - 0x8
core   0: 3 0x80009d74 (0xff9ff06f)
core   0: 0x80009d6c (0x00006f17) auipc   t5, 0x6
core   0: 3 0x80009d6c (0x00006f17) x30 0x8000fd6c
core   0: 0x80009d70 (0x283f2a23) sw      gp, 660(t5)
core   0: 3 0x80009d70 (0x283f2a23) mem 0x80010000 0x00000001
core   0: 0x80009d74 (0xff9ff06f) j       pc - 0x8
core   0: 3 0x80009d74 (0xff9ff06f)
core   0: 0x80009d6c (0x00006f17) auipc   t5, 0x6
core   0: 3 0x80009d6c (0x00006f17) x30 0x8000fd6c
core   0: 0x80009d70 (0x283f2a23) sw      gp, 660(t5)
core   0: 3 0x80009d70 (0x283f2a23) mem 0x80010000 0x00000001
core   0: 0x80009d74 (0xff9ff06f) j       pc - 0x8
core   0: 3 0x80009d74 (0xff9ff06f)
core   0: 0x80009d6c (0x00006f17) auipc   t5, 0x6
core   0: 3 0x80009d6c (0x00006f17) x30 0x8000fd6c
core   0: 0x80009d70 (0x283f2a23) sw      gp, 660(t5)
core   0: 3 0x80009d70 (0x283f2a23) mem 0x80010000 0x00000001
core   0: 0x80009d74 (0xff9ff06f) j       pc - 0x8
core   0: 3 0x80009d74 (0xff9ff06f)
core   0: 0x80009d6c (0x00006f17) auipc   t5, 0x6
core   0: 3 0x80009d6c (0x00006f17) x30 0x8000fd6c
core   0: 0x80009d70 (0x283f2a23) sw      gp, 660(t5)
core   0: 3 0x80009d70 (0x283f2a23) mem 0x80010000 0x00000001
core   0: 0x80009d74 (0xff9ff06f) j       pc - 0x8
core   0: 3 0x80009d74 (0xff9ff06f)
core   0: 0x80009d6c (0x00006f17) auipc   t5, 0x6
core   0: 3 0x80009d6c (0x00006f17) x30 0x8000fd6c
core   0: 0x80009d70 (0x283f2a23) sw      gp, 660(t5)
core   0: 3 0x80009d70 (0x283f2a23) mem 0x80010000 0x00000001
core   0: 0x80009d74 (0xff9ff06f) j       pc - 0x8
core   0: 3 0x80009d74 (0xff9ff06f)
core   0: 0x80009d6c (0x00006f17) auipc   t5, 0x6
core   0: 3 0x80009d6c (0x00006f17) x30 0x8000fd6c
core   0: 0x80009d70 (0x283f2a23) sw      gp, 660(t5)
core   0: 3 0x80009d70 (0x283f2a23) mem 0x80010000 0x00000001
core   0: 0x80009d74 (0xff9ff06f) j       pc - 0x8
core   0: 3 0x80009d74 (0xff9ff06f)
core   0: 0x80009d6c (0x00006f17) auipc   t5, 0x6
core   0: 3 0x80009d6c (0x00006f17) x30 0x8000fd6c
core   0: 0x80009d70 (0x283f2a23) sw      gp, 660(t5)
core   0: 3 0x80009d70 (0x283f2a23) mem 0x80010000 0x00000001
core   0: 0x80009d74 (0xff9ff06f) j       pc - 0x8
core   0: 3 0x80009d74 (0xff9ff06f)
core   0: 0x80009d6c (0x00006f17) auipc   t5, 0x6
core   0: 3 0x80009d6c (0x00006f17) x30 0x8000fd6c
core   0: 0x80009d70 (0x283f2a23) sw      gp, 660(t5)
core   0: 3 0x80009d70 (0x283f2a23) mem 0x80010000 0x00000001
core   0: 0x80009d74 (0xff9ff06f) j       pc - 0x8
core   0: 3 0x80009d74 (0xff9ff06f)
core   0: 0x80009d6c (0x00006f17) auipc   t5, 0x6
core   0: 3 0x80009d6c (0x00006f17) x30 0x8000fd6c
core   0: 0x80009d70 (0x283f2a23) sw      gp, 660(t5)
core   0: 3 0x80009d70 (0x283f2a23) mem 0x80010000 0x00000001
core   0: 0x80009d74 (0xff9ff06f) j       pc - 0x8
core   0: 3 0x80009d74 (0xff9ff06f)
core   0: 0x80009d6c (0x00006f17) auipc   t5, 0x6
core   0: 3 0x80009d6c (0x00006f17) x30 0x8000fd6c
core   0: 0x80009d70 (0x283f2a23) sw      gp, 660(t5)
core   0: 3 0x80009d70 (0x283f2a23) mem 0x80010000 0x00000001
core   0: 0x80009d74 (0xff9ff06f) j       pc - 0x8
core   0: 3 0x80009d74 (0xff9ff06f)
core   0: 0x80009d6c (0x00006f17) auipc   t5, 0x6
core   0: 3 0x80009d6c (0x00006f17) x30 0x8000fd6c
core   0: 0x80009d70 (0x283f2a23) sw      gp, 660(t5)
core   0: 3 0x80009d70 (0x283f2a23) mem 0x80010000 0x00000001
core   0: 0x80009d74 (0xff9ff06f) j       pc - 0x8
core   0: 3 0x80009d74 (0xff9ff06f)
core   0: 0x80009d6c (0x00006f17) auipc   t5, 0x6
core   0: 3 0x80009d6c (0x00006f17) x30 0x8000fd6c
core   0: 0x80009d70 (0x283f2a23) sw      gp, 660(t5)
core   0: 3 0x80009d70 (0x283f2a23) mem 0x80010000 0x00000001
core   0: 0x80009d74 (0xff9ff06f) j       pc - 0x8
core   0: 3 0x80009d74 (0xff9ff06f)
core   0: 0x80009d6c (0x00006f17) auipc   t5, 0x6
core   0: 3 0x80009d6c (0x00006f17) x30 0x8000fd6c
core   0: 0x80009d70 (0x283f2a23) sw      gp, 660(t5)
core   0: 3 0x80009d70 (0x283f2a23) mem 0x80010000 0x00000001
core   0: 0x80009d74 (0xff9ff06f) j       pc - 0x8
core   0: 3 0x80009d74 (0xff9ff06f)
core   0: 0x80009d6c (0x00006f17) auipc   t5, 0x6
core   0: 3 0x80009d6c (0x00006f17) x30 0x8000fd6c
core   0: 0x80009d70 (0x283f2a23) sw      gp, 660(t5)
core   0: 3 0x80009d70 (0x283f2a23) mem 0x80010000 0x00000001
core   0: 0x80009d74 (0xff9ff06f) j       pc - 0x8
core   0: 3 0x80009d74 (0xff9ff06f)
core   0: 0x80009d6c (0x00006f17) auipc   t5, 0x6
core   0: 3 0x80009d6c (0x00006f17) x30 0x8000fd6c
core   0: 0x80009d70 (0x283f2a23) sw      gp, 660(t5)
core   0: 3 0x80009d70 (0x283f2a23) mem 0x80010000 0x00000001
core   0: 0x80009d74 (0xff9ff06f) j       pc - 0x8
core   0: 3 0x80009d74 (0xff9ff06f)
core   0: 0x80009d6c (0x00006f17) auipc   t5, 0x6
core   0: 3 0x80009d6c (0x00006f17) x30 0x8000fd6c
core   0: 0x80009d70 (0x283f2a23) sw      gp, 660(t5)
core   0: 3 0x80009d70 (0x283f2a23) mem 0x80010000 0x00000001
core   0: 0x80009d74 (0xff9ff06f) j       pc - 0x8
core   0: 3 0x80009d74 (0xff9ff06f)
core   0: 0x80009d6c (0x00006f17) auipc   t5, 0x6
core   0: 3 0x80009d6c (0x00006f17) x30 0x8000fd6c
core   0: 0x80009d70 (0x283f2a23) sw      gp, 660(t5)
core   0: 3 0x80009d70 (0x283f2a23) mem 0x80010000 0x00000001
core   0: 0x80009d74 (0xff9ff06f) j       pc - 0x8
core   0: 3 0x80009d74 (0xff9ff06f)
core   0: 0x80009d6c (0x00006f17) auipc   t5, 0x6
core   0: 3 0x80009d6c (0x00006f17) x30 0x8000fd6c
core   0: 0x80009d70 (0x283f2a23) sw      gp, 660(t5)
core   0: 3 0x80009d70 (0x283f2a23) mem 0x80010000 0x00000001
core   0: 0x80009d74 (0xff9ff06f) j       pc - 0x8
core   0: 3 0x80009d74 (0xff9ff06f)
core   0: 0x80009d6c (0x00006f17) auipc   t5, 0x6
core   0: 3 0x80009d6c (0x00006f17) x30 0x8000fd6c
core   0: 0x80009d70 (0x283f2a23) sw      gp, 660(t5)
core   0: 3 0x80009d70 (0x283f2a23) mem 0x80010000 0x00000001
core   0: 0x80009d74 (0xff9ff06f) j       pc - 0x8
core   0: 3 0x80009d74 (0xff9ff06f)
core   0: 0x80009d6c (0x00006f17) auipc   t5, 0x6
core   0: 3 0x80009d6c (0x00006f17) x30 0x8000fd6c
core   0: 0x80009d70 (0x283f2a23) sw      gp, 660(t5)
core   0: 3 0x80009d70 (0x283f2a23) mem 0x80010000 0x00000001
core   0: 0x80009d74 (0xff9ff06f) j       pc - 0x8
core   0: 3 0x80009d74 (0xff9ff06f)
core   0: 0x80009d6c (0x00006f17) auipc   t5, 0x6
core   0: 3 0x80009d6c (0x00006f17) x30 0x8000fd6c
core   0: 0x80009d70 (0x283f2a23) sw      gp, 660(t5)
core   0: 3 0x80009d70 (0x283f2a23) mem 0x80010000 0x00000001
core   0: 0x80009d74 (0xff9ff06f) j       pc - 0x8
core   0: 3 0x80009d74 (0xff9ff06f)
core   0: 0x80009d6c (0x00006f17) auipc   t5, 0x6
core   0: 3 0x80009d6c (0x00006f17) x30 0x8000fd6c
core   0: 0x80009d70 (0x283f2a23) sw      gp, 660(t5)
core   0: 3 0x80009d70 (0x283f2a23) mem 0x80010000 0x00000001
core   0: 0x80009d74 (0xff9ff06f) j       pc - 0x8
core   0: 3 0x80009d74 (0xff9ff06f)
core   0: 0x80009d6c (0x00006f17) auipc   t5, 0x6
core   0: 3 0x80009d6c (0x00006f17) x30 0x8000fd6c
core   0: 0x80009d70 (0x283f2a23) sw      gp, 660(t5)
core   0: 3 0x80009d70 (0x283f2a23) mem 0x80010000 0x00000001
core   0: 0x80009d74 (0xff9ff06f) j       pc - 0x8
core   0: 3 0x80009d74 (0xff9ff06f)
core   0: 0x80009d6c (0x00006f17) auipc   t5, 0x6
core   0: 3 0x80009d6c (0x00006f17) x30 0x8000fd6c
core   0: 0x80009d70 (0x283f2a23) sw      gp, 660(t5)
core   0: 3 0x80009d70 (0x283f2a23) mem 0x80010000 0x00000001
core   0: 0x80009d74 (0xff9ff06f) j       pc - 0x8
core   0: 3 0x80009d74 (0xff9ff06f)
core   0: 0x80009d6c (0x00006f17) auipc   t5, 0x6
core   0: 3 0x80009d6c (0x00006f17) x30 0x8000fd6c
core   0: 0x80009d70 (0x283f2a23) sw      gp, 660(t5)
core   0: 3 0x80009d70 (0x283f2a23) mem 0x80010000 0x00000001
core   0: 0x80009d74 (0xff9ff06f) j       pc - 0x8
core   0: 3 0x80009d74 (0xff9ff06f)
core   0: 0x80009d6c (0x00006f17) auipc   t5, 0x6
core   0: 3 0x80009d6c (0x00006f17) x30 0x8000fd6c
core   0: 0x80009d70 (0x283f2a23) sw      gp, 660(t5)
core   0: 3 0x80009d70 (0x283f2a23) mem 0x80010000 0x00000001
core   0: 0x80009d74 (0xff9ff06f) j       pc - 0x8
core   0: 3 0x80009d74 (0xff9ff06f)
core   0: 0x80009d6c (0x00006f17) auipc   t5, 0x6
core   0: 3 0x80009d6c (0x00006f17) x30 0x8000fd6c
core   0: 0x80009d70 (0x283f2a23) sw      gp, 660(t5)
core   0: 3 0x80009d70 (0x283f2a23) mem 0x80010000 0x00000001
core   0: 0x80009d74 (0xff9ff06f) j       pc - 0x8
core   0: 3 0x80009d74 (0xff9ff06f)
core   0: 0x80009d6c (0x00006f17) auipc   t5, 0x6
core   0: 3 0x80009d6c (0x00006f17) x30 0x8000fd6c
core   0: 0x80009d70 (0x283f2a23) sw      gp, 660(t5)
core   0: 3 0x80009d70 (0x283f2a23) mem 0x80010000 0x00000001
core   0: 0x80009d74 (0xff9ff06f) j       pc - 0x8
core   0: 3 0x80009d74 (0xff9ff06f)
core   0: 0x80009d6c (0x00006f17) auipc   t5, 0x6
core   0: 3 0x80009d6c (0x00006f17) x30 0x8000fd6c
core   0: 0x80009d70 (0x283f2a23) sw      gp, 660(t5)
core   0: 3 0x80009d70 (0x283f2a23) mem 0x80010000 0x00000001
core   0: 0x80009d74 (0xff9ff06f) j       pc - 0x8
core   0: 3 0x80009d74 (0xff9ff06f)
core   0: 0x80009d6c (0x00006f17) auipc   t5, 0x6
core   0: 3 0x80009d6c (0x00006f17) x30 0x8000fd6c
core   0: 0x80009d70 (0x283f2a23) sw      gp, 660(t5)
core   0: 3 0x80009d70 (0x283f2a23) mem 0x80010000 0x00000001
core   0: 0x80009d74 (0xff9ff06f) j       pc - 0x8
core   0: 3 0x80009d74 (0xff9ff06f)
core   0: 0x80009d6c (0x00006f17) auipc   t5, 0x6
core   0: 3 0x80009d6c (0x00006f17) x30 0x8000fd6c
core   0: 0x80009d70 (0x283f2a23) sw      gp, 660(t5)
core   0: 3 0x80009d70 (0x283f2a23) mem 0x80010000 0x00000001
core   0: 0x80009d74 (0xff9ff06f) j       pc - 0x8
core   0: 3 0x80009d74 (0xff9ff06f)
core   0: 0x80009d6c (0x00006f17) auipc   t5, 0x6
core   0: 3 0x80009d6c (0x00006f17) x30 0x8000fd6c
core   0: 0x80009d70 (0x283f2a23) sw      gp, 660(t5)
core   0: 3 0x80009d70 (0x283f2a23) mem 0x80010000 0x00000001
core   0: 0x80009d74 (0xff9ff06f) j       pc - 0x8
core   0: 3 0x80009d74 (0xff9ff06f)
core   0: 0x80009d6c (0x00006f17) auipc   t5, 0x6
core   0: 3 0x80009d6c (0x00006f17) x30 0x8000fd6c
core   0: 0x80009d70 (0x283f2a23) sw      gp, 660(t5)
core   0: 3 0x80009d70 (0x283f2a23) mem 0x80010000 0x00000001
core   0: 0x80009d74 (0xff9ff06f) j       pc - 0x8
core   0: 3 0x80009d74 (0xff9ff06f)
core   0: 0x80009d6c (0x00006f17) auipc   t5, 0x6
core   0: 3 0x80009d6c (0x00006f17) x30 0x8000fd6c
core   0: 0x80009d70 (0x283f2a23) sw      gp, 660(t5)
core   0: 3 0x80009d70 (0x283f2a23) mem 0x80010000 0x00000001
core   0: 0x80009d74 (0xff9ff06f) j       pc - 0x8
core   0: 3 0x80009d74 (0xff9ff06f)
core   0: 0x80009d6c (0x00006f17) auipc   t5, 0x6
core   0: 3 0x80009d6c (0x00006f17) x30 0x8000fd6c
core   0: 0x80009d70 (0x283f2a23) sw      gp, 660(t5)
core   0: 3 0x80009d70 (0x283f2a23) mem 0x80010000 0x00000001
core   0: 0x80009d74 (0xff9ff06f) j       pc - 0x8
core   0: 3 0x80009d74 (0xff9ff06f)
core   0: 0x80009d6c (0x00006f17) auipc   t5, 0x6
core   0: 3 0x80009d6c (0x00006f17) x30 0x8000fd6c
core   0: 0x80009d70 (0x283f2a23) sw      gp, 660(t5)
core   0: 3 0x80009d70 (0x283f2a23) mem 0x80010000 0x00000001
core   0: 0x80009d74 (0xff9ff06f) j       pc - 0x8
core   0: 3 0x80009d74 (0xff9ff06f)
core   0: 0x80009d6c (0x00006f17) auipc   t5, 0x6
core   0: 3 0x80009d6c (0x00006f17) x30 0x8000fd6c
core   0: 0x80009d70 (0x283f2a23) sw      gp, 660(t5)
core   0: 3 0x80009d70 (0x283f2a23) mem 0x80010000 0x00000001
core   0: 0x80009d74 (0xff9ff06f) j       pc - 0x8
core   0: 3 0x80009d74 (0xff9ff06f)
core   0: 0x80009d6c (0x00006f17) auipc   t5, 0x6
core   0: 3 0x80009d6c (0x00006f17) x30 0x8000fd6c
core   0: 0x80009d70 (0x283f2a23) sw      gp, 660(t5)
core   0: 3 0x80009d70 (0x283f2a23) mem 0x80010000 0x00000001
core   0: 0x80009d74 (0xff9ff06f) j       pc - 0x8
core   0: 3 0x80009d74 (0xff9ff06f)
core   0: 0x80009d6c (0x00006f17) auipc   t5, 0x6
core   0: 3 0x80009d6c (0x00006f17) x30 0x8000fd6c
core   0: 0x80009d70 (0x283f2a23) sw      gp, 660(t5)
core   0: 3 0x80009d70 (0x283f2a23) mem 0x80010000 0x00000001
core   0: 0x80009d74 (0xff9ff06f) j       pc - 0x8
core   0: 3 0x80009d74 (0xff9ff06f)
core   0: 0x80009d6c (0x00006f17) auipc   t5, 0x6
core   0: 3 0x80009d6c (0x00006f17) x30 0x8000fd6c
core   0: 0x80009d70 (0x283f2a23) sw      gp, 660(t5)
core   0: 3 0x80009d70 (0x283f2a23) mem 0x80010000 0x00000001
core   0: 0x80009d74 (0xff9ff06f) j       pc - 0x8
core   0: 3 0x80009d74 (0xff9ff06f)
core   0: 0x80009d6c (0x00006f17) auipc   t5, 0x6
core   0: 3 0x80009d6c (0x00006f17) x30 0x8000fd6c
core   0: 0x80009d70 (0x283f2a23) sw      gp, 660(t5)
core   0: 3 0x80009d70 (0x283f2a23) mem 0x80010000 0x00000001
core   0: 0x80009d74 (0xff9ff06f) j       pc - 0x8
core   0: 3 0x80009d74 (0xff9ff06f)
core   0: 0x80009d6c (0x00006f17) auipc   t5, 0x6
core   0: 3 0x80009d6c (0x00006f17) x30 0x8000fd6c
core   0: 0x80009d70 (0x283f2a23) sw      gp, 660(t5)
core   0: 3 0x80009d70 (0x283f2a23) mem 0x80010000 0x00000001
core   0: 0x80009d74 (0xff9ff06f) j       pc - 0x8
core   0: 3 0x80009d74 (0xff9ff06f)
core   0: 0x80009d6c (0x00006f17) auipc   t5, 0x6
core   0: 3 0x80009d6c (0x00006f17) x30 0x8000fd6c
core   0: 0x80009d70 (0x283f2a23) sw      gp, 660(t5)
core   0: 3 0x80009d70 (0x283f2a23) mem 0x80010000 0x00000001
core   0: 0x80009d74 (0xff9ff06f) j       pc - 0x8
core   0: 3 0x80009d74 (0xff9ff06f)
core   0: 0x80009d6c (0x00006f17) auipc   t5, 0x6
core   0: 3 0x80009d6c (0x00006f17) x30 0x8000fd6c
core   0: 0x80009d70 (0x283f2a23) sw      gp, 660(t5)
core   0: 3 0x80009d70 (0x283f2a23) mem 0x80010000 0x00000001
core   0: 0x80009d74 (0xff9ff06f) j       pc - 0x8
core   0: 3 0x80009d74 (0xff9ff06f)
core   0: 0x80009d6c (0x00006f17) auipc   t5, 0x6
core   0: 3 0x80009d6c (0x00006f17) x30 0x8000fd6c
core   0: 0x80009d70 (0x283f2a23) sw      gp, 660(t5)
core   0: 3 0x80009d70 (0x283f2a23) mem 0x80010000 0x00000001
core   0: 0x80009d74 (0xff9ff06f) j       pc - 0x8
core   0: 3 0x80009d74 (0xff9ff06f)
core   0: 0x80009d6c (0x00006f17) auipc   t5, 0x6
core   0: 3 0x80009d6c (0x00006f17) x30 0x8000fd6c
core   0: 0x80009d70 (0x283f2a23) sw      gp, 660(t5)
core   0: 3 0x80009d70 (0x283f2a23) mem 0x80010000 0x00000001
core   0: 0x80009d74 (0xff9ff06f) j       pc - 0x8
core   0: 3 0x80009d74 (0xff9ff06f)
core   0: 0x80009d6c (0x00006f17) auipc   t5, 0x6
core   0: 3 0x80009d6c (0x00006f17) x30 0x8000fd6c
core   0: 0x80009d70 (0x283f2a23) sw      gp, 660(t5)
core   0: 3 0x80009d70 (0x283f2a23) mem 0x80010000 0x00000001
core   0: 0x80009d74 (0xff9ff06f) j       pc - 0x8
core   0: 3 0x80009d74 (0xff9ff06f)
core   0: 0x80009d6c (0x00006f17) auipc   t5, 0x6
core   0: 3 0x80009d6c (0x00006f17) x30 0x8000fd6c
core   0: 0x80009d70 (0x283f2a23) sw      gp, 660(t5)
core   0: 3 0x80009d70 (0x283f2a23) mem 0x80010000 0x00000001
core   0: 0x80009d74 (0xff9ff06f) j       pc - 0x8
core   0: 3 0x80009d74 (0xff9ff06f)
core   0: 0x80009d6c (0x00006f17) auipc   t5, 0x6
core   0: 3 0x80009d6c (0x00006f17) x30 0x8000fd6c
core   0: 0x80009d70 (0x283f2a23) sw      gp, 660(t5)
core   0: 3 0x80009d70 (0x283f2a23) mem 0x80010000 0x00000001
core   0: 0x80009d74 (0xff9ff06f) j       pc - 0x8
core   0: 3 0x80009d74 (0xff9ff06f)
core   0: 0x80009d6c (0x00006f17) auipc   t5, 0x6
core   0: 3 0x80009d6c (0x00006f17) x30 0x8000fd6c
core   0: 0x80009d70 (0x283f2a23) sw      gp, 660(t5)
core   0: 3 0x80009d70 (0x283f2a23) mem 0x80010000 0x00000001
core   0: 0x80009d74 (0xff9ff06f) j       pc - 0x8
core   0: 3 0x80009d74 (0xff9ff06f)
core   0: 0x80009d6c (0x00006f17) auipc   t5, 0x6
core   0: 3 0x80009d6c (0x00006f17) x30 0x8000fd6c
core   0: 0x80009d70 (0x283f2a23) sw      gp, 660(t5)
core   0: 3 0x80009d70 (0x283f2a23) mem 0x80010000 0x00000001
core   0: 0x80009d74 (0xff9ff06f) j       pc - 0x8
core   0: 3 0x80009d74 (0xff9ff06f)
core   0: 0x80009d6c (0x00006f17) auipc   t5, 0x6
core   0: 3 0x80009d6c (0x00006f17) x30 0x8000fd6c
core   0: 0x80009d70 (0x283f2a23) sw      gp, 660(t5)
core   0: 3 0x80009d70 (0x283f2a23) mem 0x80010000 0x00000001
core   0: 0x80009d74 (0xff9ff06f) j       pc - 0x8
core   0: 3 0x80009d74 (0xff9ff06f)
core   0: 0x80009d6c (0x00006f17) auipc   t5, 0x6
core   0: 3 0x80009d6c (0x00006f17) x30 0x8000fd6c
core   0: 0x80009d70 (0x283f2a23) sw      gp, 660(t5)
core   0: 3 0x80009d70 (0x283f2a23) mem 0x80010000 0x00000001
core   0: 0x80009d74 (0xff9ff06f) j       pc - 0x8
core   0: 3 0x80009d74 (0xff9ff06f)
core   0: 0x80009d6c (0x00006f17) auipc   t5, 0x6
core   0: 3 0x80009d6c (0x00006f17) x30 0x8000fd6c
core   0: 0x80009d70 (0x283f2a23) sw      gp, 660(t5)
core   0: 3 0x80009d70 (0x283f2a23) mem 0x80010000 0x00000001
core   0: 0x80009d74 (0xff9ff06f) j       pc - 0x8
core   0: 3 0x80009d74 (0xff9ff06f)
core   0: 0x80009d6c (0x00006f17) auipc   t5, 0x6
core   0: 3 0x80009d6c (0x00006f17) x30 0x8000fd6c
core   0: 0x80009d70 (0x283f2a23) sw      gp, 660(t5)
core   0: 3 0x80009d70 (0x283f2a23) mem 0x80010000 0x00000001
core   0: 0x80009d74 (0xff9ff06f) j       pc - 0x8
core   0: 3 0x80009d74 (0xff9ff06f)
core   0: 0x80009d6c (0x00006f17) auipc   t5, 0x6
core   0: 3 0x80009d6c (0x00006f17) x30 0x8000fd6c
core   0: 0x80009d70 (0x283f2a23) sw      gp, 660(t5)
core   0: 3 0x80009d70 (0x283f2a23) mem 0x80010000 0x00000001
core   0: 0x80009d74 (0xff9ff06f) j       pc - 0x8
core   0: 3 0x80009d74 (0xff9ff06f)
core   0: 0x80009d6c (0x00006f17) auipc   t5, 0x6
core   0: 3 0x80009d6c (0x00006f17) x30 0x8000fd6c
core   0: 0x80009d70 (0x283f2a23) sw      gp, 660(t5)
core   0: 3 0x80009d70 (0x283f2a23) mem 0x80010000 0x00000001
core   0: 0x80009d74 (0xff9ff06f) j       pc - 0x8
core   0: 3 0x80009d74 (0xff9ff06f)
core   0: 0x80009d6c (0x00006f17) auipc   t5, 0x6
core   0: 3 0x80009d6c (0x00006f17) x30 0x8000fd6c
core   0: 0x80009d70 (0x283f2a23) sw      gp, 660(t5)
core   0: 3 0x80009d70 (0x283f2a23) mem 0x80010000 0x00000001
core   0: 0x80009d74 (0xff9ff06f) j       pc - 0x8
core   0: 3 0x80009d74 (0xff9ff06f)
core   0: 0x80009d6c (0x00006f17) auipc   t5, 0x6
core   0: 3 0x80009d6c (0x00006f17) x30 0x8000fd6c
core   0: 0x80009d70 (0x283f2a23) sw      gp, 660(t5)
core   0: 3 0x80009d70 (0x283f2a23) mem 0x80010000 0x00000001
core   0: 0x80009d74 (0xff9ff06f) j       pc - 0x8
core   0: 3 0x80009d74 (0xff9ff06f)
core   0: 0x80009d6c (0x00006f17) auipc   t5, 0x6
core   0: 3 0x80009d6c (0x00006f17) x30 0x8000fd6c
core   0: 0x80009d70 (0x283f2a23) sw      gp, 660(t5)
core   0: 3 0x80009d70 (0x283f2a23) mem 0x80010000 0x00000001
core   0: 0x80009d74 (0xff9ff06f) j       pc - 0x8
core   0: 3 0x80009d74 (0xff9ff06f)
core   0: 0x80009d6c (0x00006f17) auipc   t5, 0x6
core   0: 3 0x80009d6c (0x00006f17) x30 0x8000fd6c
core   0: 0x80009d70 (0x283f2a23) sw      gp, 660(t5)
core   0: 3 0x80009d70 (0x283f2a23) mem 0x80010000 0x00000001
core   0: 0x80009d74 (0xff9ff06f) j       pc - 0x8
core   0: 3 0x80009d74 (0xff9ff06f)
core   0: 0x80009d6c (0x00006f17) auipc   t5, 0x6
core   0: 3 0x80009d6c (0x00006f17) x30 0x8000fd6c
core   0: 0x80009d70 (0x283f2a23) sw      gp, 660(t5)
core   0: 3 0x80009d70 (0x283f2a23) mem 0x80010000 0x00000001
core   0: 0x80009d74 (0xff9ff06f) j       pc - 0x8
core   0: 3 0x80009d74 (0xff9ff06f)
core   0: 0x80009d6c (0x00006f17) auipc   t5, 0x6
core   0: 3 0x80009d6c (0x00006f17) x30 0x8000fd6c
core   0: 0x80009d70 (0x283f2a23) sw      gp, 660(t5)
core   0: 3 0x80009d70 (0x283f2a23) mem 0x80010000 0x00000001
core   0: 0x80009d74 (0xff9ff06f) j       pc - 0x8
core   0: 3 0x80009d74 (0xff9ff06f)
core   0: 0x80009d6c (0x00006f17) auipc   t5, 0x6
core   0: 3 0x80009d6c (0x00006f17) x30 0x8000fd6c
core   0: 0x80009d70 (0x283f2a23) sw      gp, 660(t5)
core   0: 3 0x80009d70 (0x283f2a23) mem 0x80010000 0x00000001
core   0: 0x80009d74 (0xff9ff06f) j       pc - 0x8
core   0: 3 0x80009d74 (0xff9ff06f)
core   0: 0x80009d6c (0x00006f17) auipc   t5, 0x6
core   0: 3 0x80009d6c (0x00006f17) x30 0x8000fd6c
core   0: 0x80009d70 (0x283f2a23) sw      gp, 660(t5)
core   0: 3 0x80009d70 (0x283f2a23) mem 0x80010000 0x00000001
core   0: 0x80009d74 (0xff9ff06f) j       pc - 0x8
core   0: 3 0x80009d74 (0xff9ff06f)
core   0: 0x80009d6c (0x00006f17) auipc   t5, 0x6
core   0: 3 0x80009d6c (0x00006f17) x30 0x8000fd6c
core   0: 0x80009d70 (0x283f2a23) sw      gp, 660(t5)
core   0: 3 0x80009d70 (0x283f2a23) mem 0x80010000 0x00000001
core   0: 0x80009d74 (0xff9ff06f) j       pc - 0x8
core   0: 3 0x80009d74 (0xff9ff06f)
core   0: 0x80009d6c (0x00006f17) auipc   t5, 0x6
core   0: 3 0x80009d6c (0x00006f17) x30 0x8000fd6c
core   0: 0x80009d70 (0x283f2a23) sw      gp, 660(t5)
core   0: 3 0x80009d70 (0x283f2a23) mem 0x80010000 0x00000001
core   0: 0x80009d74 (0xff9ff06f) j       pc - 0x8
core   0: 3 0x80009d74 (0xff9ff06f)
core   0: 0x80009d6c (0x00006f17) auipc   t5, 0x6
core   0: 3 0x80009d6c (0x00006f17) x30 0x8000fd6c
core   0: 0x80009d70 (0x283f2a23) sw      gp, 660(t5)
core   0: 3 0x80009d70 (0x283f2a23) mem 0x80010000 0x00000001
core   0: 0x80009d74 (0xff9ff06f) j       pc - 0x8
core   0: 3 0x80009d74 (0xff9ff06f)
core   0: 0x80009d6c (0x00006f17) auipc   t5, 0x6
core   0: 3 0x80009d6c (0x00006f17) x30 0x8000fd6c
core   0: 0x80009d70 (0x283f2a23) sw      gp, 660(t5)
core   0: 3 0x80009d70 (0x283f2a23) mem 0x80010000 0x00000001
core   0: 0x80009d74 (0xff9ff06f) j       pc - 0x8
core   0: 3 0x80009d74 (0xff9ff06f)
core   0: 0x80009d6c (0x00006f17) auipc   t5, 0x6
core   0: 3 0x80009d6c (0x00006f17) x30 0x8000fd6c
core   0: 0x80009d70 (0x283f2a23) sw      gp, 660(t5)
core   0: 3 0x80009d70 (0x283f2a23) mem 0x80010000 0x00000001
core   0: 0x80009d74 (0xff9ff06f) j       pc - 0x8
core   0: 3 0x80009d74 (0xff9ff06f)
core   0: 0x80009d6c (0x00006f17) auipc   t5, 0x6
core   0: 3 0x80009d6c (0x00006f17) x30 0x8000fd6c
core   0: 0x80009d70 (0x283f2a23) sw      gp, 660(t5)
core   0: 3 0x80009d70 (0x283f2a23) mem 0x80010000 0x00000001
core   0: 0x80009d74 (0xff9ff06f) j       pc - 0x8
core   0: 3 0x80009d74 (0xff9ff06f)
core   0: 0x80009d6c (0x00006f17) auipc   t5, 0x6
core   0: 3 0x80009d6c (0x00006f17) x30 0x8000fd6c
core   0: 0x80009d70 (0x283f2a23) sw      gp, 660(t5)
core   0: 3 0x80009d70 (0x283f2a23) mem 0x80010000 0x00000001
core   0: 0x80009d74 (0xff9ff06f) j       pc - 0x8
core   0: 3 0x80009d74 (0xff9ff06f)
core   0: 0x80009d6c (0x00006f17) auipc   t5, 0x6
core   0: 3 0x80009d6c (0x00006f17) x30 0x8000fd6c
core   0: 0x80009d70 (0x283f2a23) sw      gp, 660(t5)
core   0: 3 0x80009d70 (0x283f2a23) mem 0x80010000 0x00000001
core   0: 0x80009d74 (0xff9ff06f) j       pc - 0x8
core   0: 3 0x80009d74 (0xff9ff06f)
core   0: 0x80009d6c (0x00006f17) auipc   t5, 0x6
core   0: 3 0x80009d6c (0x00006f17) x30 0x8000fd6c
core   0: 0x80009d70 (0x283f2a23) sw      gp, 660(t5)
core   0: 3 0x80009d70 (0x283f2a23) mem 0x80010000 0x00000001
core   0: 0x80009d74 (0xff9ff06f) j       pc - 0x8
core   0: 3 0x80009d74 (0xff9ff06f)
core   0: 0x80009d6c (0x00006f17) auipc   t5, 0x6
core   0: 3 0x80009d6c (0x00006f17) x30 0x8000fd6c
core   0: 0x80009d70 (0x283f2a23) sw      gp, 660(t5)
core   0: 3 0x80009d70 (0x283f2a23) mem 0x80010000 0x00000001
core   0: 0x80009d74 (0xff9ff06f) j       pc - 0x8
core   0: 3 0x80009d74 (0xff9ff06f)
core   0: 0x80009d6c (0x00006f17) auipc   t5, 0x6
core   0: 3 0x80009d6c (0x00006f17) x30 0x8000fd6c
core   0: 0x80009d70 (0x283f2a23) sw      gp, 660(t5)
core   0: 3 0x80009d70 (0x283f2a23) mem 0x80010000 0x00000001
core   0: 0x80009d74 (0xff9ff06f) j       pc - 0x8
core   0: 3 0x80009d74 (0xff9ff06f)
core   0: 0x80009d6c (0x00006f17) auipc   t5, 0x6
core   0: 3 0x80009d6c (0x00006f17) x30 0x8000fd6c
core   0: 0x80009d70 (0x283f2a23) sw      gp, 660(t5)
core   0: 3 0x80009d70 (0x283f2a23) mem 0x80010000 0x00000001
core   0: 0x80009d74 (0xff9ff06f) j       pc - 0x8
core   0: 3 0x80009d74 (0xff9ff06f)
core   0: 0x80009d6c (0x00006f17) auipc   t5, 0x6
core   0: 3 0x80009d6c (0x00006f17) x30 0x8000fd6c
core   0: 0x80009d70 (0x283f2a23) sw      gp, 660(t5)
core   0: 3 0x80009d70 (0x283f2a23) mem 0x80010000 0x00000001
core   0: 0x80009d74 (0xff9ff06f) j       pc - 0x8
core   0: 3 0x80009d74 (0xff9ff06f)
core   0: 0x80009d6c (0x00006f17) auipc   t5, 0x6
core   0: 3 0x80009d6c (0x00006f17) x30 0x8000fd6c
core   0: 0x80009d70 (0x283f2a23) sw      gp, 660(t5)
core   0: 3 0x80009d70 (0x283f2a23) mem 0x80010000 0x00000001
core   0: 0x80009d74 (0xff9ff06f) j       pc - 0x8
core   0: 3 0x80009d74 (0xff9ff06f)
core   0: 0x80009d6c (0x00006f17) auipc   t5, 0x6
core   0: 3 0x80009d6c (0x00006f17) x30 0x8000fd6c
core   0: 0x80009d70 (0x283f2a23) sw      gp, 660(t5)
core   0: 3 0x80009d70 (0x283f2a23) mem 0x80010000 0x00000001
core   0: 0x80009d74 (0xff9ff06f) j       pc - 0x8
core   0: 3 0x80009d74 (0xff9ff06f)
core   0: 0x80009d6c (0x00006f17) auipc   t5, 0x6
core   0: 3 0x80009d6c (0x00006f17) x30 0x8000fd6c
core   0: 0x80009d70 (0x283f2a23) sw      gp, 660(t5)
core   0: 3 0x80009d70 (0x283f2a23) mem 0x80010000 0x00000001
core   0: 0x80009d74 (0xff9ff06f) j       pc - 0x8
core   0: 3 0x80009d74 (0xff9ff06f)
core   0: 0x80009d6c (0x00006f17) auipc   t5, 0x6
core   0: 3 0x80009d6c (0x00006f17) x30 0x8000fd6c
core   0: 0x80009d70 (0x283f2a23) sw      gp, 660(t5)
core   0: 3 0x80009d70 (0x283f2a23) mem 0x80010000 0x00000001
core   0: 0x80009d74 (0xff9ff06f) j       pc - 0x8
core   0: 3 0x80009d74 (0xff9ff06f)
core   0: 0x80009d6c (0x00006f17) auipc   t5, 0x6
core   0: 3 0x80009d6c (0x00006f17) x30 0x8000fd6c
core   0: 0x80009d70 (0x283f2a23) sw      gp, 660(t5)
core   0: 3 0x80009d70 (0x283f2a23) mem 0x80010000 0x00000001
core   0: 0x80009d74 (0xff9ff06f) j       pc - 0x8
core   0: 3 0x80009d74 (0xff9ff06f)
core   0: 0x80009d6c (0x00006f17) auipc   t5, 0x6
core   0: 3 0x80009d6c (0x00006f17) x30 0x8000fd6c
core   0: 0x80009d70 (0x283f2a23) sw      gp, 660(t5)
core   0: 3 0x80009d70 (0x283f2a23) mem 0x80010000 0x00000001
core   0: 0x80009d74 (0xff9ff06f) j       pc - 0x8
core   0: 3 0x80009d74 (0xff9ff06f)
core   0: 0x80009d6c (0x00006f17) auipc   t5, 0x6
core   0: 3 0x80009d6c (0x00006f17) x30 0x8000fd6c
core   0: 0x80009d70 (0x283f2a23) sw      gp, 660(t5)
core   0: 3 0x80009d70 (0x283f2a23) mem 0x80010000 0x00000001
core   0: 0x80009d74 (0xff9ff06f) j       pc - 0x8
core   0: 3 0x80009d74 (0xff9ff06f)
core   0: 0x80009d6c (0x00006f17) auipc   t5, 0x6
core   0: 3 0x80009d6c (0x00006f17) x30 0x8000fd6c
core   0: 0x80009d70 (0x283f2a23) sw      gp, 660(t5)
core   0: 3 0x80009d70 (0x283f2a23) mem 0x80010000 0x00000001
core   0: 0x80009d74 (0xff9ff06f) j       pc - 0x8
core   0: 3 0x80009d74 (0xff9ff06f)
core   0: 0x80009d6c (0x00006f17) auipc   t5, 0x6
core   0: 3 0x80009d6c (0x00006f17) x30 0x8000fd6c
core   0: 0x80009d70 (0x283f2a23) sw      gp, 660(t5)
core   0: 3 0x80009d70 (0x283f2a23) mem 0x80010000 0x00000001
core   0: 0x80009d74 (0xff9ff06f) j       pc - 0x8
core   0: 3 0x80009d74 (0xff9ff06f)
core   0: 0x80009d6c (0x00006f17) auipc   t5, 0x6
core   0: 3 0x80009d6c (0x00006f17) x30 0x8000fd6c
core   0: 0x80009d70 (0x283f2a23) sw      gp, 660(t5)
core   0: 3 0x80009d70 (0x283f2a23) mem 0x80010000 0x00000001
core   0: 0x80009d74 (0xff9ff06f) j       pc - 0x8
core   0: 3 0x80009d74 (0xff9ff06f)
core   0: 0x80009d6c (0x00006f17) auipc   t5, 0x6
core   0: 3 0x80009d6c (0x00006f17) x30 0x8000fd6c
core   0: 0x80009d70 (0x283f2a23) sw      gp, 660(t5)
core   0: 3 0x80009d70 (0x283f2a23) mem 0x80010000 0x00000001
core   0: 0x80009d74 (0xff9ff06f) j       pc - 0x8
core   0: 3 0x80009d74 (0xff9ff06f)
core   0: 0x80009d6c (0x00006f17) auipc   t5, 0x6
core   0: 3 0x80009d6c (0x00006f17) x30 0x8000fd6c
core   0: 0x80009d70 (0x283f2a23) sw      gp, 660(t5)
core   0: 3 0x80009d70 (0x283f2a23) mem 0x80010000 0x00000001
core   0: 0x80009d74 (0xff9ff06f) j       pc - 0x8
core   0: 3 0x80009d74 (0xff9ff06f)
core   0: 0x80009d6c (0x00006f17) auipc   t5, 0x6
core   0: 3 0x80009d6c (0x00006f17) x30 0x8000fd6c
core   0: 0x80009d70 (0x283f2a23) sw      gp, 660(t5)
core   0: 3 0x80009d70 (0x283f2a23) mem 0x80010000 0x00000001
core   0: 0x80009d74 (0xff9ff06f) j       pc - 0x8
core   0: 3 0x80009d74 (0xff9ff06f)
core   0: 0x80009d6c (0x00006f17) auipc   t5, 0x6
core   0: 3 0x80009d6c (0x00006f17) x30 0x8000fd6c
core   0: 0x80009d70 (0x283f2a23) sw      gp, 660(t5)
core   0: 3 0x80009d70 (0x283f2a23) mem 0x80010000 0x00000001
core   0: 0x80009d74 (0xff9ff06f) j       pc - 0x8
core   0: 3 0x80009d74 (0xff9ff06f)
core   0: 0x80009d6c (0x00006f17) auipc   t5, 0x6
core   0: 3 0x80009d6c (0x00006f17) x30 0x8000fd6c
core   0: 0x80009d70 (0x283f2a23) sw      gp, 660(t5)
core   0: 3 0x80009d70 (0x283f2a23) mem 0x80010000 0x00000001
core   0: 0x80009d74 (0xff9ff06f) j       pc - 0x8
core   0: 3 0x80009d74 (0xff9ff06f)
core   0: 0x80009d6c (0x00006f17) auipc   t5, 0x6
core   0: 3 0x80009d6c (0x00006f17) x30 0x8000fd6c
core   0: 0x80009d70 (0x283f2a23) sw      gp, 660(t5)
core   0: 3 0x80009d70 (0x283f2a23) mem 0x80010000 0x00000001
core   0: 0x80009d74 (0xff9ff06f) j       pc - 0x8
core   0: 3 0x80009d74 (0xff9ff06f)
core   0: 0x80009d6c (0x00006f17) auipc   t5, 0x6
core   0: 3 0x80009d6c (0x00006f17) x30 0x8000fd6c
core   0: 0x80009d70 (0x283f2a23) sw      gp, 660(t5)
core   0: 3 0x80009d70 (0x283f2a23) mem 0x80010000 0x00000001
core   0: 0x80009d74 (0xff9ff06f) j       pc - 0x8
core   0: 3 0x80009d74 (0xff9ff06f)
core   0: 0x80009d6c (0x00006f17) auipc   t5, 0x6
core   0: 3 0x80009d6c (0x00006f17) x30 0x8000fd6c
core   0: 0x80009d70 (0x283f2a23) sw      gp, 660(t5)
core   0: 3 0x80009d70 (0x283f2a23) mem 0x80010000 0x00000001
core   0: 0x80009d74 (0xff9ff06f) j       pc - 0x8
core   0: 3 0x80009d74 (0xff9ff06f)
core   0: 0x80009d6c (0x00006f17) auipc   t5, 0x6
core   0: 3 0x80009d6c (0x00006f17) x30 0x8000fd6c
core   0: 0x80009d70 (0x283f2a23) sw      gp, 660(t5)
core   0: 3 0x80009d70 (0x283f2a23) mem 0x80010000 0x00000001
core   0: 0x80009d74 (0xff9ff06f) j       pc - 0x8
core   0: 3 0x80009d74 (0xff9ff06f)
core   0: 0x80009d6c (0x00006f17) auipc   t5, 0x6
core   0: 3 0x80009d6c (0x00006f17) x30 0x8000fd6c
core   0: 0x80009d70 (0x283f2a23) sw      gp, 660(t5)
core   0: 3 0x80009d70 (0x283f2a23) mem 0x80010000 0x00000001
core   0: 0x80009d74 (0xff9ff06f) j       pc - 0x8
core   0: 3 0x80009d74 (0xff9ff06f)
core   0: 0x80009d6c (0x00006f17) auipc   t5, 0x6
core   0: 3 0x80009d6c (0x00006f17) x30 0x8000fd6c
core   0: 0x80009d70 (0x283f2a23) sw      gp, 660(t5)
core   0: 3 0x80009d70 (0x283f2a23) mem 0x80010000 0x00000001
core   0: 0x80009d74 (0xff9ff06f) j       pc - 0x8
core   0: 3 0x80009d74 (0xff9ff06f)
core   0: 0x80009d6c (0x00006f17) auipc   t5, 0x6
core   0: 3 0x80009d6c (0x00006f17) x30 0x8000fd6c
core   0: 0x80009d70 (0x283f2a23) sw      gp, 660(t5)
core   0: 3 0x80009d70 (0x283f2a23) mem 0x80010000 0x00000001
core   0: 0x80009d74 (0xff9ff06f) j       pc - 0x8
core   0: 3 0x80009d74 (0xff9ff06f)
core   0: 0x80009d6c (0x00006f17) auipc   t5, 0x6
core   0: 3 0x80009d6c (0x00006f17) x30 0x8000fd6c
core   0: 0x80009d70 (0x283f2a23) sw      gp, 660(t5)
core   0: 3 0x80009d70 (0x283f2a23) mem 0x80010000 0x00000001
core   0: 0x80009d74 (0xff9ff06f) j       pc - 0x8
core   0: 3 0x80009d74 (0xff9ff06f)
core   0: 0x80009d6c (0x00006f17) auipc   t5, 0x6
core   0: 3 0x80009d6c (0x00006f17) x30 0x8000fd6c
core   0: 0x80009d70 (0x283f2a23) sw      gp, 660(t5)
core   0: 3 0x80009d70 (0x283f2a23) mem 0x80010000 0x00000001
core   0: 0x80009d74 (0xff9ff06f) j       pc - 0x8
core   0: 3 0x80009d74 (0xff9ff06f)
core   0: 0x80009d6c (0x00006f17) auipc   t5, 0x6
core   0: 3 0x80009d6c (0x00006f17) x30 0x8000fd6c
core   0: 0x80009d70 (0x283f2a23) sw      gp, 660(t5)
core   0: 3 0x80009d70 (0x283f2a23) mem 0x80010000 0x00000001
core   0: 0x80009d74 (0xff9ff06f) j       pc - 0x8
core   0: 3 0x80009d74 (0xff9ff06f)
core   0: 0x80009d6c (0x00006f17) auipc   t5, 0x6
core   0: 3 0x80009d6c (0x00006f17) x30 0x8000fd6c
core   0: 0x80009d70 (0x283f2a23) sw      gp, 660(t5)
core   0: 3 0x80009d70 (0x283f2a23) mem 0x80010000 0x00000001
core   0: 0x80009d74 (0xff9ff06f) j       pc - 0x8
core   0: 3 0x80009d74 (0xff9ff06f)
core   0: 0x80009d6c (0x00006f17) auipc   t5, 0x6
core   0: 3 0x80009d6c (0x00006f17) x30 0x8000fd6c
core   0: 0x80009d70 (0x283f2a23) sw      gp, 660(t5)
core   0: 3 0x80009d70 (0x283f2a23) mem 0x80010000 0x00000001
core   0: 0x80009d74 (0xff9ff06f) j       pc - 0x8
core   0: 3 0x80009d74 (0xff9ff06f)
core   0: 0x80009d6c (0x00006f17) auipc   t5, 0x6
core   0: 3 0x80009d6c (0x00006f17) x30 0x8000fd6c
core   0: 0x80009d70 (0x283f2a23) sw      gp, 660(t5)
core   0: 3 0x80009d70 (0x283f2a23) mem 0x80010000 0x00000001
core   0: 0x80009d74 (0xff9ff06f) j       pc - 0x8
core   0: 3 0x80009d74 (0xff9ff06f)
core   0: 0x80009d6c (0x00006f17) auipc   t5, 0x6
core   0: 3 0x80009d6c (0x00006f17) x30 0x8000fd6c
core   0: 0x80009d70 (0x283f2a23) sw      gp, 660(t5)
core   0: 3 0x80009d70 (0x283f2a23) mem 0x80010000 0x00000001
core   0: 0x80009d74 (0xff9ff06f) j       pc - 0x8
core   0: 3 0x80009d74 (0xff9ff06f)
core   0: 0x80009d6c (0x00006f17) auipc   t5, 0x6
core   0: 3 0x80009d6c (0x00006f17) x30 0x8000fd6c
core   0: 0x80009d70 (0x283f2a23) sw      gp, 660(t5)
core   0: 3 0x80009d70 (0x283f2a23) mem 0x80010000 0x00000001
core   0: 0x80009d74 (0xff9ff06f) j       pc - 0x8
core   0: 3 0x80009d74 (0xff9ff06f)
core   0: 0x80009d6c (0x00006f17) auipc   t5, 0x6
core   0: 3 0x80009d6c (0x00006f17) x30 0x8000fd6c
core   0: 0x80009d70 (0x283f2a23) sw      gp, 660(t5)
core   0: 3 0x80009d70 (0x283f2a23) mem 0x80010000 0x00000001
core   0: 0x80009d74 (0xff9ff06f) j       pc - 0x8
core   0: 3 0x80009d74 (0xff9ff06f)
core   0: 0x80009d6c (0x00006f17) auipc   t5, 0x6
core   0: 3 0x80009d6c (0x00006f17) x30 0x8000fd6c
core   0: 0x80009d70 (0x283f2a23) sw      gp, 660(t5)
core   0: 3 0x80009d70 (0x283f2a23) mem 0x80010000 0x00000001
core   0: 0x80009d74 (0xff9ff06f) j       pc - 0x8
core   0: 3 0x80009d74 (0xff9ff06f)
core   0: 0x80009d6c (0x00006f17) auipc   t5, 0x6
core   0: 3 0x80009d6c (0x00006f17) x30 0x8000fd6c
core   0: 0x80009d70 (0x283f2a23) sw      gp, 660(t5)
core   0: 3 0x80009d70 (0x283f2a23) mem 0x80010000 0x00000001
core   0: 0x80009d74 (0xff9ff06f) j       pc - 0x8
core   0: 3 0x80009d74 (0xff9ff06f)
core   0: 0x80009d6c (0x00006f17) auipc   t5, 0x6
core   0: 3 0x80009d6c (0x00006f17) x30 0x8000fd6c
core   0: 0x80009d70 (0x283f2a23) sw      gp, 660(t5)
core   0: 3 0x80009d70 (0x283f2a23) mem 0x80010000 0x00000001
core   0: 0x80009d74 (0xff9ff06f) j       pc - 0x8
core   0: 3 0x80009d74 (0xff9ff06f)
core   0: 0x80009d6c (0x00006f17) auipc   t5, 0x6
core   0: 3 0x80009d6c (0x00006f17) x30 0x8000fd6c
core   0: 0x80009d70 (0x283f2a23) sw      gp, 660(t5)
core   0: 3 0x80009d70 (0x283f2a23) mem 0x80010000 0x00000001
core   0: 0x80009d74 (0xff9ff06f) j       pc - 0x8
core   0: 3 0x80009d74 (0xff9ff06f)
core   0: 0x80009d6c (0x00006f17) auipc   t5, 0x6
core   0: 3 0x80009d6c (0x00006f17) x30 0x8000fd6c
core   0: 0x80009d70 (0x283f2a23) sw      gp, 660(t5)
core   0: 3 0x80009d70 (0x283f2a23) mem 0x80010000 0x00000001
core   0: 0x80009d74 (0xff9ff06f) j       pc - 0x8
core   0: 3 0x80009d74 (0xff9ff06f)
core   0: 0x80009d6c (0x00006f17) auipc   t5, 0x6
core   0: 3 0x80009d6c (0x00006f17) x30 0x8000fd6c
core   0: 0x80009d70 (0x283f2a23) sw      gp, 660(t5)
core   0: 3 0x80009d70 (0x283f2a23) mem 0x80010000 0x00000001
core   0: 0x80009d74 (0xff9ff06f) j       pc - 0x8
core   0: 3 0x80009d74 (0xff9ff06f)
core   0: 0x80009d6c (0x00006f17) auipc   t5, 0x6
core   0: 3 0x80009d6c (0x00006f17) x30 0x8000fd6c
core   0: 0x80009d70 (0x283f2a23) sw      gp, 660(t5)
core   0: 3 0x80009d70 (0x283f2a23) mem 0x80010000 0x00000001
core   0: 0x80009d74 (0xff9ff06f) j       pc - 0x8
core   0: 3 0x80009d74 (0xff9ff06f)
core   0: 0x80009d6c (0x00006f17) auipc   t5, 0x6
core   0: 3 0x80009d6c (0x00006f17) x30 0x8000fd6c
core   0: 0x80009d70 (0x283f2a23) sw      gp, 660(t5)
core   0: 3 0x80009d70 (0x283f2a23) mem 0x80010000 0x00000001
core   0: 0x80009d74 (0xff9ff06f) j       pc - 0x8
core   0: 3 0x80009d74 (0xff9ff06f)
core   0: 0x80009d6c (0x00006f17) auipc   t5, 0x6
core   0: 3 0x80009d6c (0x00006f17) x30 0x8000fd6c
core   0: 0x80009d70 (0x283f2a23) sw      gp, 660(t5)
core   0: 3 0x80009d70 (0x283f2a23) mem 0x80010000 0x00000001
core   0: 0x80009d74 (0xff9ff06f) j       pc - 0x8
core   0: 3 0x80009d74 (0xff9ff06f)
core   0: 0x80009d6c (0x00006f17) auipc   t5, 0x6
core   0: 3 0x80009d6c (0x00006f17) x30 0x8000fd6c
core   0: 0x80009d70 (0x283f2a23) sw      gp, 660(t5)
core   0: 3 0x80009d70 (0x283f2a23) mem 0x80010000 0x00000001
core   0: 0x80009d74 (0xff9ff06f) j       pc - 0x8
core   0: 3 0x80009d74 (0xff9ff06f)
core   0: 0x80009d6c (0x00006f17) auipc   t5, 0x6
core   0: 3 0x80009d6c (0x00006f17) x30 0x8000fd6c
core   0: 0x80009d70 (0x283f2a23) sw      gp, 660(t5)
core   0: 3 0x80009d70 (0x283f2a23) mem 0x80010000 0x00000001
core   0: 0x80009d74 (0xff9ff06f) j       pc - 0x8
core   0: 3 0x80009d74 (0xff9ff06f)
core   0: 0x80009d6c (0x00006f17) auipc   t5, 0x6
core   0: 3 0x80009d6c (0x00006f17) x30 0x8000fd6c
core   0: 0x80009d70 (0x283f2a23) sw      gp, 660(t5)
core   0: 3 0x80009d70 (0x283f2a23) mem 0x80010000 0x00000001
core   0: 0x80009d74 (0xff9ff06f) j       pc - 0x8
core   0: 3 0x80009d74 (0xff9ff06f)
core   0: 0x80009d6c (0x00006f17) auipc   t5, 0x6
core   0: 3 0x80009d6c (0x00006f17) x30 0x8000fd6c
core   0: 0x80009d70 (0x283f2a23) sw      gp, 660(t5)
core   0: 3 0x80009d70 (0x283f2a23) mem 0x80010000 0x00000001
core   0: 0x80009d74 (0xff9ff06f) j       pc - 0x8
core   0: 3 0x80009d74 (0xff9ff06f)
core   0: 0x80009d6c (0x00006f17) auipc   t5, 0x6
core   0: 3 0x80009d6c (0x00006f17) x30 0x8000fd6c
core   0: 0x80009d70 (0x283f2a23) sw      gp, 660(t5)
core   0: 3 0x80009d70 (0x283f2a23) mem 0x80010000 0x00000001
core   0: 0x80009d74 (0xff9ff06f) j       pc - 0x8
core   0: 3 0x80009d74 (0xff9ff06f)
core   0: 0x80009d6c (0x00006f17) auipc   t5, 0x6
core   0: 3 0x80009d6c (0x00006f17) x30 0x8000fd6c
core   0: 0x80009d70 (0x283f2a23) sw      gp, 660(t5)
core   0: 3 0x80009d70 (0x283f2a23) mem 0x80010000 0x00000001
core   0: 0x80009d74 (0xff9ff06f) j       pc - 0x8
core   0: 3 0x80009d74 (0xff9ff06f)
core   0: 0x80009d6c (0x00006f17) auipc   t5, 0x6
core   0: 3 0x80009d6c (0x00006f17) x30 0x8000fd6c
core   0: 0x80009d70 (0x283f2a23) sw      gp, 660(t5)
core   0: 3 0x80009d70 (0x283f2a23) mem 0x80010000 0x00000001
core   0: 0x80009d74 (0xff9ff06f) j       pc - 0x8
core   0: 3 0x80009d74 (0xff9ff06f)
core   0: 0x80009d6c (0x00006f17) auipc   t5, 0x6
core   0: 3 0x80009d6c (0x00006f17) x30 0x8000fd6c
core   0: 0x80009d70 (0x283f2a23) sw      gp, 660(t5)
core   0: 3 0x80009d70 (0x283f2a23) mem 0x80010000 0x00000001
core   0: 0x80009d74 (0xff9ff06f) j       pc - 0x8
core   0: 3 0x80009d74 (0xff9ff06f)
core   0: 0x80009d6c (0x00006f17) auipc   t5, 0x6
core   0: 3 0x80009d6c (0x00006f17) x30 0x8000fd6c
core   0: 0x80009d70 (0x283f2a23) sw      gp, 660(t5)
core   0: 3 0x80009d70 (0x283f2a23) mem 0x80010000 0x00000001
core   0: 0x80009d74 (0xff9ff06f) j       pc - 0x8
core   0: 3 0x80009d74 (0xff9ff06f)
core   0: 0x80009d6c (0x00006f17) auipc   t5, 0x6
core   0: 3 0x80009d6c (0x00006f17) x30 0x8000fd6c
core   0: 0x80009d70 (0x283f2a23) sw      gp, 660(t5)
core   0: 3 0x80009d70 (0x283f2a23) mem 0x80010000 0x00000001
core   0: 0x80009d74 (0xff9ff06f) j       pc - 0x8
core   0: 3 0x80009d74 (0xff9ff06f)
core   0: 0x80009d6c (0x00006f17) auipc   t5, 0x6
core   0: 3 0x80009d6c (0x00006f17) x30 0x8000fd6c
core   0: 0x80009d70 (0x283f2a23) sw      gp, 660(t5)
core   0: 3 0x80009d70 (0x283f2a23) mem 0x80010000 0x00000001
core   0: 0x80009d74 (0xff9ff06f) j       pc - 0x8
core   0: 3 0x80009d74 (0xff9ff06f)
core   0: 0x80009d6c (0x00006f17) auipc   t5, 0x6
core   0: 3 0x80009d6c (0x00006f17) x30 0x8000fd6c
core   0: 0x80009d70 (0x283f2a23) sw      gp, 660(t5)
core   0: 3 0x80009d70 (0x283f2a23) mem 0x80010000 0x00000001
core   0: 0x80009d74 (0xff9ff06f) j       pc - 0x8
core   0: 3 0x80009d74 (0xff9ff06f)
core   0: 0x80009d6c (0x00006f17) auipc   t5, 0x6
core   0: 3 0x80009d6c (0x00006f17) x30 0x8000fd6c
core   0: 0x80009d70 (0x283f2a23) sw      gp, 660(t5)
core   0: 3 0x80009d70 (0x283f2a23) mem 0x80010000 0x00000001
core   0: 0x80009d74 (0xff9ff06f) j       pc - 0x8
core   0: 3 0x80009d74 (0xff9ff06f)
core   0: 0x80009d6c (0x00006f17) auipc   t5, 0x6
core   0: 3 0x80009d6c (0x00006f17) x30 0x8000fd6c
core   0: 0x80009d70 (0x283f2a23) sw      gp, 660(t5)
core   0: 3 0x80009d70 (0x283f2a23) mem 0x80010000 0x00000001
core   0: 0x80009d74 (0xff9ff06f) j       pc - 0x8
core   0: 3 0x80009d74 (0xff9ff06f)
core   0: 0x80009d6c (0x00006f17) auipc   t5, 0x6
core   0: 3 0x80009d6c (0x00006f17) x30 0x8000fd6c
core   0: 0x80009d70 (0x283f2a23) sw      gp, 660(t5)
core   0: 3 0x80009d70 (0x283f2a23) mem 0x80010000 0x00000001
core   0: 0x80009d74 (0xff9ff06f) j       pc - 0x8
core   0: 3 0x80009d74 (0xff9ff06f)
core   0: 0x80009d6c (0x00006f17) auipc   t5, 0x6
core   0: 3 0x80009d6c (0x00006f17) x30 0x8000fd6c
core   0: 0x80009d70 (0x283f2a23) sw      gp, 660(t5)
core   0: 3 0x80009d70 (0x283f2a23) mem 0x80010000 0x00000001
core   0: 0x80009d74 (0xff9ff06f) j       pc - 0x8
core   0: 3 0x80009d74 (0xff9ff06f)
core   0: 0x80009d6c (0x00006f17) auipc   t5, 0x6
core   0: 3 0x80009d6c (0x00006f17) x30 0x8000fd6c
core   0: 0x80009d70 (0x283f2a23) sw      gp, 660(t5)
core   0: 3 0x80009d70 (0x283f2a23) mem 0x80010000 0x00000001
core   0: 0x80009d74 (0xff9ff06f) j       pc - 0x8
core   0: 3 0x80009d74 (0xff9ff06f)
core   0: 0x80009d6c (0x00006f17) auipc   t5, 0x6
core   0: 3 0x80009d6c (0x00006f17) x30 0x8000fd6c
core   0: 0x80009d70 (0x283f2a23) sw      gp, 660(t5)
core   0: 3 0x80009d70 (0x283f2a23) mem 0x80010000 0x00000001
core   0: 0x80009d74 (0xff9ff06f) j       pc - 0x8
core   0: 3 0x80009d74 (0xff9ff06f)
core   0: 0x80009d6c (0x00006f17) auipc   t5, 0x6
core   0: 3 0x80009d6c (0x00006f17) x30 0x8000fd6c
core   0: 0x80009d70 (0x283f2a23) sw      gp, 660(t5)
core   0: 3 0x80009d70 (0x283f2a23) mem 0x80010000 0x00000001
core   0: 0x80009d74 (0xff9ff06f) j       pc - 0x8
core   0: 3 0x80009d74 (0xff9ff06f)
core   0: 0x80009d6c (0x00006f17) auipc   t5, 0x6
core   0: 3 0x80009d6c (0x00006f17) x30 0x8000fd6c
core   0: 0x80009d70 (0x283f2a23) sw      gp, 660(t5)
core   0: 3 0x80009d70 (0x283f2a23) mem 0x80010000 0x00000001
core   0: 0x80009d74 (0xff9ff06f) j       pc - 0x8
core   0: 3 0x80009d74 (0xff9ff06f)
core   0: 0x80009d6c (0x00006f17) auipc   t5, 0x6
core   0: 3 0x80009d6c (0x00006f17) x30 0x8000fd6c
core   0: 0x80009d70 (0x283f2a23) sw      gp, 660(t5)
core   0: 3 0x80009d70 (0x283f2a23) mem 0x80010000 0x00000001
core   0: 0x80009d74 (0xff9ff06f) j       pc - 0x8
core   0: 3 0x80009d74 (0xff9ff06f)
core   0: 0x80009d6c (0x00006f17) auipc   t5, 0x6
core   0: 3 0x80009d6c (0x00006f17) x30 0x8000fd6c
core   0: 0x80009d70 (0x283f2a23) sw      gp, 660(t5)
core   0: 3 0x80009d70 (0x283f2a23) mem 0x80010000 0x00000001
core   0: 0x80009d74 (0xff9ff06f) j       pc - 0x8
core   0: 3 0x80009d74 (0xff9ff06f)
core   0: 0x80009d6c (0x00006f17) auipc   t5, 0x6
core   0: 3 0x80009d6c (0x00006f17) x30 0x8000fd6c
core   0: 0x80009d70 (0x283f2a23) sw      gp, 660(t5)
core   0: 3 0x80009d70 (0x283f2a23) mem 0x80010000 0x00000001
core   0: 0x80009d74 (0xff9ff06f) j       pc - 0x8
core   0: 3 0x80009d74 (0xff9ff06f)
core   0: 0x80009d6c (0x00006f17) auipc   t5, 0x6
core   0: 3 0x80009d6c (0x00006f17) x30 0x8000fd6c
core   0: 0x80009d70 (0x283f2a23) sw      gp, 660(t5)
core   0: 3 0x80009d70 (0x283f2a23) mem 0x80010000 0x00000001
core   0: 0x80009d74 (0xff9ff06f) j       pc - 0x8
core   0: 3 0x80009d74 (0xff9ff06f)
core   0: 0x80009d6c (0x00006f17) auipc   t5, 0x6
core   0: 3 0x80009d6c (0x00006f17) x30 0x8000fd6c
core   0: 0x80009d70 (0x283f2a23) sw      gp, 660(t5)
core   0: 3 0x80009d70 (0x283f2a23) mem 0x80010000 0x00000001
core   0: 0x80009d74 (0xff9ff06f) j       pc - 0x8
core   0: 3 0x80009d74 (0xff9ff06f)
core   0: 0x80009d6c (0x00006f17) auipc   t5, 0x6
core   0: 3 0x80009d6c (0x00006f17) x30 0x8000fd6c
core   0: 0x80009d70 (0x283f2a23) sw      gp, 660(t5)
core   0: 3 0x80009d70 (0x283f2a23) mem 0x80010000 0x00000001
core   0: 0x80009d74 (0xff9ff06f) j       pc - 0x8
core   0: 3 0x80009d74 (0xff9ff06f)
core   0: 0x80009d6c (0x00006f17) auipc   t5, 0x6
core   0: 3 0x80009d6c (0x00006f17) x30 0x8000fd6c
core   0: 0x80009d70 (0x283f2a23) sw      gp, 660(t5)
core   0: 3 0x80009d70 (0x283f2a23) mem 0x80010000 0x00000001
core   0: 0x80009d74 (0xff9ff06f) j       pc - 0x8
core   0: 3 0x80009d74 (0xff9ff06f)
core   0: 0x80009d6c (0x00006f17) auipc   t5, 0x6
core   0: 3 0x80009d6c (0x00006f17) x30 0x8000fd6c
core   0: 0x80009d70 (0x283f2a23) sw      gp, 660(t5)
core   0: 3 0x80009d70 (0x283f2a23) mem 0x80010000 0x00000001
core   0: 0x80009d74 (0xff9ff06f) j       pc - 0x8
core   0: 3 0x80009d74 (0xff9ff06f)
core   0: 0x80009d6c (0x00006f17) auipc   t5, 0x6
core   0: 3 0x80009d6c (0x00006f17) x30 0x8000fd6c
core   0: 0x80009d70 (0x283f2a23) sw      gp, 660(t5)
core   0: 3 0x80009d70 (0x283f2a23) mem 0x80010000 0x00000001
core   0: 0x80009d74 (0xff9ff06f) j       pc - 0x8
core   0: 3 0x80009d74 (0xff9ff06f)
core   0: 0x80009d6c (0x00006f17) auipc   t5, 0x6
core   0: 3 0x80009d6c (0x00006f17) x30 0x8000fd6c
core   0: 0x80009d70 (0x283f2a23) sw      gp, 660(t5)
core   0: 3 0x80009d70 (0x283f2a23) mem 0x80010000 0x00000001
core   0: 0x80009d74 (0xff9ff06f) j       pc - 0x8
core   0: 3 0x80009d74 (0xff9ff06f)
core   0: 0x80009d6c (0x00006f17) auipc   t5, 0x6
core   0: 3 0x80009d6c (0x00006f17) x30 0x8000fd6c
core   0: 0x80009d70 (0x283f2a23) sw      gp, 660(t5)
core   0: 3 0x80009d70 (0x283f2a23) mem 0x80010000 0x00000001
core   0: 0x80009d74 (0xff9ff06f) j       pc - 0x8
core   0: 3 0x80009d74 (0xff9ff06f)
core   0: 0x80009d6c (0x00006f17) auipc   t5, 0x6
core   0: 3 0x80009d6c (0x00006f17) x30 0x8000fd6c
core   0: 0x80009d70 (0x283f2a23) sw      gp, 660(t5)
core   0: 3 0x80009d70 (0x283f2a23) mem 0x80010000 0x00000001
core   0: 0x80009d74 (0xff9ff06f) j       pc - 0x8
core   0: 3 0x80009d74 (0xff9ff06f)
core   0: 0x80009d6c (0x00006f17) auipc   t5, 0x6
core   0: 3 0x80009d6c (0x00006f17) x30 0x8000fd6c
core   0: 0x80009d70 (0x283f2a23) sw      gp, 660(t5)
core   0: 3 0x80009d70 (0x283f2a23) mem 0x80010000 0x00000001
core   0: 0x80009d74 (0xff9ff06f) j       pc - 0x8
core   0: 3 0x80009d74 (0xff9ff06f)
core   0: 0x80009d6c (0x00006f17) auipc   t5, 0x6
core   0: 3 0x80009d6c (0x00006f17) x30 0x8000fd6c
core   0: 0x80009d70 (0x283f2a23) sw      gp, 660(t5)
core   0: 3 0x80009d70 (0x283f2a23) mem 0x80010000 0x00000001
core   0: 0x80009d74 (0xff9ff06f) j       pc - 0x8
core   0: 3 0x80009d74 (0xff9ff06f)
core   0: 0x80009d6c (0x00006f17) auipc   t5, 0x6
core   0: 3 0x80009d6c (0x00006f17) x30 0x8000fd6c
core   0: 0x80009d70 (0x283f2a23) sw      gp, 660(t5)
core   0: 3 0x80009d70 (0x283f2a23) mem 0x80010000 0x00000001
core   0: 0x80009d74 (0xff9ff06f) j       pc - 0x8
core   0: 3 0x80009d74 (0xff9ff06f)
core   0: 0x80009d6c (0x00006f17) auipc   t5, 0x6
core   0: 3 0x80009d6c (0x00006f17) x30 0x8000fd6c
core   0: 0x80009d70 (0x283f2a23) sw      gp, 660(t5)
core   0: 3 0x80009d70 (0x283f2a23) mem 0x80010000 0x00000001
core   0: 0x80009d74 (0xff9ff06f) j       pc - 0x8
core   0: 3 0x80009d74 (0xff9ff06f)
core   0: 0x80009d6c (0x00006f17) auipc   t5, 0x6
core   0: 3 0x80009d6c (0x00006f17) x30 0x8000fd6c
core   0: 0x80009d70 (0x283f2a23) sw      gp, 660(t5)
core   0: 3 0x80009d70 (0x283f2a23) mem 0x80010000 0x00000001
core   0: 0x80009d74 (0xff9ff06f) j       pc - 0x8
core   0: 3 0x80009d74 (0xff9ff06f)
core   0: 0x80009d6c (0x00006f17) auipc   t5, 0x6
core   0: 3 0x80009d6c (0x00006f17) x30 0x8000fd6c
core   0: 0x80009d70 (0x283f2a23) sw      gp, 660(t5)
core   0: 3 0x80009d70 (0x283f2a23) mem 0x80010000 0x00000001
core   0: 0x80009d74 (0xff9ff06f) j       pc - 0x8
core   0: 3 0x80009d74 (0xff9ff06f)
core   0: 0x80009d6c (0x00006f17) auipc   t5, 0x6
core   0: 3 0x80009d6c (0x00006f17) x30 0x8000fd6c
core   0: 0x80009d70 (0x283f2a23) sw      gp, 660(t5)
core   0: 3 0x80009d70 (0x283f2a23) mem 0x80010000 0x00000001
core   0: 0x80009d74 (0xff9ff06f) j       pc - 0x8
core   0: 3 0x80009d74 (0xff9ff06f)
core   0: 0x80009d6c (0x00006f17) auipc   t5, 0x6
core   0: 3 0x80009d6c (0x00006f17) x30 0x8000fd6c
core   0: 0x80009d70 (0x283f2a23) sw      gp, 660(t5)
core   0: 3 0x80009d70 (0x283f2a23) mem 0x80010000 0x00000001
core   0: 0x80009d74 (0xff9ff06f) j       pc - 0x8
core   0: 3 0x80009d74 (0xff9ff06f)
core   0: 0x80009d6c (0x00006f17) auipc   t5, 0x6
core   0: 3 0x80009d6c (0x00006f17) x30 0x8000fd6c
core   0: 0x80009d70 (0x283f2a23) sw      gp, 660(t5)
core   0: 3 0x80009d70 (0x283f2a23) mem 0x80010000 0x00000001
core   0: 0x80009d74 (0xff9ff06f) j       pc - 0x8
core   0: 3 0x80009d74 (0xff9ff06f)
core   0: 0x80009d6c (0x00006f17) auipc   t5, 0x6
core   0: 3 0x80009d6c (0x00006f17) x30 0x8000fd6c
core   0: 0x80009d70 (0x283f2a23) sw      gp, 660(t5)
core   0: 3 0x80009d70 (0x283f2a23) mem 0x80010000 0x00000001
core   0: 0x80009d74 (0xff9ff06f) j       pc - 0x8
core   0: 3 0x80009d74 (0xff9ff06f)
core   0: 0x80009d6c (0x00006f17) auipc   t5, 0x6
core   0: 3 0x80009d6c (0x00006f17) x30 0x8000fd6c
core   0: 0x80009d70 (0x283f2a23) sw      gp, 660(t5)
core   0: 3 0x80009d70 (0x283f2a23) mem 0x80010000 0x00000001
core   0: 0x80009d74 (0xff9ff06f) j       pc - 0x8
core   0: 3 0x80009d74 (0xff9ff06f)
core   0: 0x80009d6c (0x00006f17) auipc   t5, 0x6
core   0: 3 0x80009d6c (0x00006f17) x30 0x8000fd6c
core   0: 0x80009d70 (0x283f2a23) sw      gp, 660(t5)
core   0: 3 0x80009d70 (0x283f2a23) mem 0x80010000 0x00000001
core   0: 0x80009d74 (0xff9ff06f) j       pc - 0x8
core   0: 3 0x80009d74 (0xff9ff06f)
core   0: 0x80009d6c (0x00006f17) auipc   t5, 0x6
core   0: 3 0x80009d6c (0x00006f17) x30 0x8000fd6c
core   0: 0x80009d70 (0x283f2a23) sw      gp, 660(t5)
core   0: 3 0x80009d70 (0x283f2a23) mem 0x80010000 0x00000001
core   0: 0x80009d74 (0xff9ff06f) j       pc - 0x8
core   0: 3 0x80009d74 (0xff9ff06f)
core   0: 0x80009d6c (0x00006f17) auipc   t5, 0x6
core   0: 3 0x80009d6c (0x00006f17) x30 0x8000fd6c
core   0: 0x80009d70 (0x283f2a23) sw      gp, 660(t5)
core   0: 3 0x80009d70 (0x283f2a23) mem 0x80010000 0x00000001
core   0: 0x80009d74 (0xff9ff06f) j       pc - 0x8
core   0: 3 0x80009d74 (0xff9ff06f)
core   0: 0x80009d6c (0x00006f17) auipc   t5, 0x6
core   0: 3 0x80009d6c (0x00006f17) x30 0x8000fd6c
core   0: 0x80009d70 (0x283f2a23) sw      gp, 660(t5)
core   0: 3 0x80009d70 (0x283f2a23) mem 0x80010000 0x00000001
core   0: 0x80009d74 (0xff9ff06f) j       pc - 0x8
core   0: 3 0x80009d74 (0xff9ff06f)
core   0: 0x80009d6c (0x00006f17) auipc   t5, 0x6
core   0: 3 0x80009d6c (0x00006f17) x30 0x8000fd6c
core   0: 0x80009d70 (0x283f2a23) sw      gp, 660(t5)
core   0: 3 0x80009d70 (0x283f2a23) mem 0x80010000 0x00000001
core   0: 0x80009d74 (0xff9ff06f) j       pc - 0x8
core   0: 3 0x80009d74 (0xff9ff06f)
core   0: 0x80009d6c (0x00006f17) auipc   t5, 0x6
core   0: 3 0x80009d6c (0x00006f17) x30 0x8000fd6c
core   0: 0x80009d70 (0x283f2a23) sw      gp, 660(t5)
core   0: 3 0x80009d70 (0x283f2a23) mem 0x80010000 0x00000001
core   0: 0x80009d74 (0xff9ff06f) j       pc - 0x8
core   0: 3 0x80009d74 (0xff9ff06f)
core   0: 0x80009d6c (0x00006f17) auipc   t5, 0x6
core   0: 3 0x80009d6c (0x00006f17) x30 0x8000fd6c
core   0: 0x80009d70 (0x283f2a23) sw      gp, 660(t5)
core   0: 3 0x80009d70 (0x283f2a23) mem 0x80010000 0x00000001
core   0: 0x80009d74 (0xff9ff06f) j       pc - 0x8
core   0: 3 0x80009d74 (0xff9ff06f)
core   0: 0x80009d6c (0x00006f17) auipc   t5, 0x6
core   0: 3 0x80009d6c (0x00006f17) x30 0x8000fd6c
core   0: 0x80009d70 (0x283f2a23) sw      gp, 660(t5)
core   0: 3 0x80009d70 (0x283f2a23) mem 0x80010000 0x00000001
core   0: 0x80009d74 (0xff9ff06f) j       pc - 0x8
core   0: 3 0x80009d74 (0xff9ff06f)
core   0: 0x80009d6c (0x00006f17) auipc   t5, 0x6
core   0: 3 0x80009d6c (0x00006f17) x30 0x8000fd6c
core   0: 0x80009d70 (0x283f2a23) sw      gp, 660(t5)
core   0: 3 0x80009d70 (0x283f2a23) mem 0x80010000 0x00000001
core   0: 0x80009d74 (0xff9ff06f) j       pc - 0x8
core   0: 3 0x80009d74 (0xff9ff06f)
core   0: 0x80009d6c (0x00006f17) auipc   t5, 0x6
core   0: 3 0x80009d6c (0x00006f17) x30 0x8000fd6c
core   0: 0x80009d70 (0x283f2a23) sw      gp, 660(t5)
core   0: 3 0x80009d70 (0x283f2a23) mem 0x80010000 0x00000001
core   0: 0x80009d74 (0xff9ff06f) j       pc - 0x8
core   0: 3 0x80009d74 (0xff9ff06f)
core   0: 0x80009d6c (0x00006f17) auipc   t5, 0x6
core   0: 3 0x80009d6c (0x00006f17) x30 0x8000fd6c
core   0: 0x80009d70 (0x283f2a23) sw      gp, 660(t5)
core   0: 3 0x80009d70 (0x283f2a23) mem 0x80010000 0x00000001
core   0: 0x80009d74 (0xff9ff06f) j       pc - 0x8
core   0: 3 0x80009d74 (0xff9ff06f)
core   0: 0x80009d6c (0x00006f17) auipc   t5, 0x6
core   0: 3 0x80009d6c (0x00006f17) x30 0x8000fd6c
core   0: 0x80009d70 (0x283f2a23) sw      gp, 660(t5)
core   0: 3 0x80009d70 (0x283f2a23) mem 0x80010000 0x00000001
core   0: 0x80009d74 (0xff9ff06f) j       pc - 0x8
core   0: 3 0x80009d74 (0xff9ff06f)
core   0: 0x80009d6c (0x00006f17) auipc   t5, 0x6
core   0: 3 0x80009d6c (0x00006f17) x30 0x8000fd6c
core   0: 0x80009d70 (0x283f2a23) sw      gp, 660(t5)
core   0: 3 0x80009d70 (0x283f2a23) mem 0x80010000 0x00000001
core   0: 0x80009d74 (0xff9ff06f) j       pc - 0x8
core   0: 3 0x80009d74 (0xff9ff06f)
core   0: 0x80009d6c (0x00006f17) auipc   t5, 0x6
core   0: 3 0x80009d6c (0x00006f17) x30 0x8000fd6c
core   0: 0x80009d70 (0x283f2a23) sw      gp, 660(t5)
core   0: 3 0x80009d70 (0x283f2a23) mem 0x80010000 0x00000001
core   0: 0x80009d74 (0xff9ff06f) j       pc - 0x8
core   0: 3 0x80009d74 (0xff9ff06f)
core   0: 0x80009d6c (0x00006f17) auipc   t5, 0x6
core   0: 3 0x80009d6c (0x00006f17) x30 0x8000fd6c
core   0: 0x80009d70 (0x283f2a23) sw      gp, 660(t5)
core   0: 3 0x80009d70 (0x283f2a23) mem 0x80010000 0x00000001
core   0: 0x80009d74 (0xff9ff06f) j       pc - 0x8
core   0: 3 0x80009d74 (0xff9ff06f)
core   0: 0x80009d6c (0x00006f17) auipc   t5, 0x6
core   0: 3 0x80009d6c (0x00006f17) x30 0x8000fd6c
core   0: 0x80009d70 (0x283f2a23) sw      gp, 660(t5)
core   0: 3 0x80009d70 (0x283f2a23) mem 0x80010000 0x00000001
core   0: 0x80009d74 (0xff9ff06f) j       pc - 0x8
core   0: 3 0x80009d74 (0xff9ff06f)
core   0: 0x80009d6c (0x00006f17) auipc   t5, 0x6
core   0: 3 0x80009d6c (0x00006f17) x30 0x8000fd6c
core   0: 0x80009d70 (0x283f2a23) sw      gp, 660(t5)
core   0: 3 0x80009d70 (0x283f2a23) mem 0x80010000 0x00000001
core   0: 0x80009d74 (0xff9ff06f) j       pc - 0x8
core   0: 3 0x80009d74 (0xff9ff06f)
core   0: 0x80009d6c (0x00006f17) auipc   t5, 0x6
core   0: 3 0x80009d6c (0x00006f17) x30 0x8000fd6c
core   0: 0x80009d70 (0x283f2a23) sw      gp, 660(t5)
core   0: 3 0x80009d70 (0x283f2a23) mem 0x80010000 0x00000001
core   0: 0x80009d74 (0xff9ff06f) j       pc - 0x8
core   0: 3 0x80009d74 (0xff9ff06f)
core   0: 0x80009d6c (0x00006f17) auipc   t5, 0x6
core   0: 3 0x80009d6c (0x00006f17) x30 0x8000fd6c
core   0: 0x80009d70 (0x283f2a23) sw      gp, 660(t5)
core   0: 3 0x80009d70 (0x283f2a23) mem 0x80010000 0x00000001
core   0: 0x80009d74 (0xff9ff06f) j       pc - 0x8
core   0: 3 0x80009d74 (0xff9ff06f)
core   0: 0x80009d6c (0x00006f17) auipc   t5, 0x6
core   0: 3 0x80009d6c (0x00006f17) x30 0x8000fd6c
core   0: 0x80009d70 (0x283f2a23) sw      gp, 660(t5)
core   0: 3 0x80009d70 (0x283f2a23) mem 0x80010000 0x00000001
core   0: 0x80009d74 (0xff9ff06f) j       pc - 0x8
core   0: 3 0x80009d74 (0xff9ff06f)
core   0: 0x80009d6c (0x00006f17) auipc   t5, 0x6
core   0: 3 0x80009d6c (0x00006f17) x30 0x8000fd6c
core   0: 0x80009d70 (0x283f2a23) sw      gp, 660(t5)
core   0: 3 0x80009d70 (0x283f2a23) mem 0x80010000 0x00000001
core   0: 0x80009d74 (0xff9ff06f) j       pc - 0x8
core   0: 3 0x80009d74 (0xff9ff06f)
core   0: 0x80009d6c (0x00006f17) auipc   t5, 0x6
core   0: 3 0x80009d6c (0x00006f17) x30 0x8000fd6c
core   0: 0x80009d70 (0x283f2a23) sw      gp, 660(t5)
core   0: 3 0x80009d70 (0x283f2a23) mem 0x80010000 0x00000001
core   0: 0x80009d74 (0xff9ff06f) j       pc - 0x8
core   0: 3 0x80009d74 (0xff9ff06f)
core   0: 0x80009d6c (0x00006f17) auipc   t5, 0x6
core   0: 3 0x80009d6c (0x00006f17) x30 0x8000fd6c
core   0: 0x80009d70 (0x283f2a23) sw      gp, 660(t5)
core   0: 3 0x80009d70 (0x283f2a23) mem 0x80010000 0x00000001
core   0: 0x80009d74 (0xff9ff06f) j       pc - 0x8
core   0: 3 0x80009d74 (0xff9ff06f)
core   0: 0x80009d6c (0x00006f17) auipc   t5, 0x6
core   0: 3 0x80009d6c (0x00006f17) x30 0x8000fd6c
core   0: 0x80009d70 (0x283f2a23) sw      gp, 660(t5)
core   0: 3 0x80009d70 (0x283f2a23) mem 0x80010000 0x00000001
core   0: 0x80009d74 (0xff9ff06f) j       pc - 0x8
core   0: 3 0x80009d74 (0xff9ff06f)
core   0: 0x80009d6c (0x00006f17) auipc   t5, 0x6
core   0: 3 0x80009d6c (0x00006f17) x30 0x8000fd6c
core   0: 0x80009d70 (0x283f2a23) sw      gp, 660(t5)
core   0: 3 0x80009d70 (0x283f2a23) mem 0x80010000 0x00000001
core   0: 0x80009d74 (0xff9ff06f) j       pc - 0x8
core   0: 3 0x80009d74 (0xff9ff06f)
core   0: 0x80009d6c (0x00006f17) auipc   t5, 0x6
core   0: 3 0x80009d6c (0x00006f17) x30 0x8000fd6c
core   0: 0x80009d70 (0x283f2a23) sw      gp, 660(t5)
core   0: 3 0x80009d70 (0x283f2a23) mem 0x80010000 0x00000001
core   0: 0x80009d74 (0xff9ff06f) j       pc - 0x8
core   0: 3 0x80009d74 (0xff9ff06f)
core   0: 0x80009d6c (0x00006f17) auipc   t5, 0x6
core   0: 3 0x80009d6c (0x00006f17) x30 0x8000fd6c
core   0: 0x80009d70 (0x283f2a23) sw      gp, 660(t5)
core   0: 3 0x80009d70 (0x283f2a23) mem 0x80010000 0x00000001
core   0: 0x80009d74 (0xff9ff06f) j       pc - 0x8
core   0: 3 0x80009d74 (0xff9ff06f)
core   0: 0x80009d6c (0x00006f17) auipc   t5, 0x6
core   0: 3 0x80009d6c (0x00006f17) x30 0x8000fd6c
core   0: 0x80009d70 (0x283f2a23) sw      gp, 660(t5)
core   0: 3 0x80009d70 (0x283f2a23) mem 0x80010000 0x00000001
core   0: 0x80009d74 (0xff9ff06f) j       pc - 0x8
core   0: 3 0x80009d74 (0xff9ff06f)
core   0: 0x80009d6c (0x00006f17) auipc   t5, 0x6
core   0: 3 0x80009d6c (0x00006f17) x30 0x8000fd6c
core   0: 0x80009d70 (0x283f2a23) sw      gp, 660(t5)
core   0: 3 0x80009d70 (0x283f2a23) mem 0x80010000 0x00000001
core   0: 0x80009d74 (0xff9ff06f) j       pc - 0x8
core   0: 3 0x80009d74 (0xff9ff06f)
core   0: 0x80009d6c (0x00006f17) auipc   t5, 0x6
core   0: 3 0x80009d6c (0x00006f17) x30 0x8000fd6c
core   0: 0x80009d70 (0x283f2a23) sw      gp, 660(t5)
core   0: 3 0x80009d70 (0x283f2a23) mem 0x80010000 0x00000001
core   0: 0x80009d74 (0xff9ff06f) j       pc - 0x8
core   0: 3 0x80009d74 (0xff9ff06f)
core   0: 0x80009d6c (0x00006f17) auipc   t5, 0x6
core   0: 3 0x80009d6c (0x00006f17) x30 0x8000fd6c
core   0: 0x80009d70 (0x283f2a23) sw      gp, 660(t5)
core   0: 3 0x80009d70 (0x283f2a23) mem 0x80010000 0x00000001
core   0: 0x80009d74 (0xff9ff06f) j       pc - 0x8
core   0: 3 0x80009d74 (0xff9ff06f)
core   0: 0x80009d6c (0x00006f17) auipc   t5, 0x6
core   0: 3 0x80009d6c (0x00006f17) x30 0x8000fd6c
core   0: 0x80009d70 (0x283f2a23) sw      gp, 660(t5)
core   0: 3 0x80009d70 (0x283f2a23) mem 0x80010000 0x00000001
core   0: 0x80009d74 (0xff9ff06f) j       pc - 0x8
core   0: 3 0x80009d74 (0xff9ff06f)
core   0: 0x80009d6c (0x00006f17) auipc   t5, 0x6
core   0: 3 0x80009d6c (0x00006f17) x30 0x8000fd6c
core   0: 0x80009d70 (0x283f2a23) sw      gp, 660(t5)
core   0: 3 0x80009d70 (0x283f2a23) mem 0x80010000 0x00000001
core   0: 0x80009d74 (0xff9ff06f) j       pc - 0x8
core   0: 3 0x80009d74 (0xff9ff06f)
core   0: 0x80009d6c (0x00006f17) auipc   t5, 0x6
core   0: 3 0x80009d6c (0x00006f17) x30 0x8000fd6c
core   0: 0x80009d70 (0x283f2a23) sw      gp, 660(t5)
core   0: 3 0x80009d70 (0x283f2a23) mem 0x80010000 0x00000001
core   0: 0x80009d74 (0xff9ff06f) j       pc - 0x8
core   0: 3 0x80009d74 (0xff9ff06f)
core   0: 0x80009d6c (0x00006f17) auipc   t5, 0x6
core   0: 3 0x80009d6c (0x00006f17) x30 0x8000fd6c
core   0: 0x80009d70 (0x283f2a23) sw      gp, 660(t5)
core   0: 3 0x80009d70 (0x283f2a23) mem 0x80010000 0x00000001
core   0: 0x80009d74 (0xff9ff06f) j       pc - 0x8
core   0: 3 0x80009d74 (0xff9ff06f)
core   0: 0x80009d6c (0x00006f17) auipc   t5, 0x6
core   0: 3 0x80009d6c (0x00006f17) x30 0x8000fd6c
core   0: 0x80009d70 (0x283f2a23) sw      gp, 660(t5)
core   0: 3 0x80009d70 (0x283f2a23) mem 0x80010000 0x00000001
core   0: 0x80009d74 (0xff9ff06f) j       pc - 0x8
core   0: 3 0x80009d74 (0xff9ff06f)
core   0: 0x80009d6c (0x00006f17) auipc   t5, 0x6
core   0: 3 0x80009d6c (0x00006f17) x30 0x8000fd6c
core   0: 0x80009d70 (0x283f2a23) sw      gp, 660(t5)
core   0: 3 0x80009d70 (0x283f2a23) mem 0x80010000 0x00000001
core   0: 0x80009d74 (0xff9ff06f) j       pc - 0x8
core   0: 3 0x80009d74 (0xff9ff06f)
core   0: 0x80009d6c (0x00006f17) auipc   t5, 0x6
core   0: 3 0x80009d6c (0x00006f17) x30 0x8000fd6c
core   0: 0x80009d70 (0x283f2a23) sw      gp, 660(t5)
core   0: 3 0x80009d70 (0x283f2a23) mem 0x80010000 0x00000001
core   0: 0x80009d74 (0xff9ff06f) j       pc - 0x8
core   0: 3 0x80009d74 (0xff9ff06f)
core   0: 0x80009d6c (0x00006f17) auipc   t5, 0x6
core   0: 3 0x80009d6c (0x00006f17) x30 0x8000fd6c
core   0: 0x80009d70 (0x283f2a23) sw      gp, 660(t5)
core   0: 3 0x80009d70 (0x283f2a23) mem 0x80010000 0x00000001
core   0: 0x80009d74 (0xff9ff06f) j       pc - 0x8
core   0: 3 0x80009d74 (0xff9ff06f)
core   0: 0x80009d6c (0x00006f17) auipc   t5, 0x6
core   0: 3 0x80009d6c (0x00006f17) x30 0x8000fd6c
core   0: 0x80009d70 (0x283f2a23) sw      gp, 660(t5)
core   0: 3 0x80009d70 (0x283f2a23) mem 0x80010000 0x00000001
core   0: 0x80009d74 (0xff9ff06f) j       pc - 0x8
core   0: 3 0x80009d74 (0xff9ff06f)
core   0: 0x80009d6c (0x00006f17) auipc   t5, 0x6
core   0: 3 0x80009d6c (0x00006f17) x30 0x8000fd6c
core   0: 0x80009d70 (0x283f2a23) sw      gp, 660(t5)
core   0: 3 0x80009d70 (0x283f2a23) mem 0x80010000 0x00000001
core   0: 0x80009d74 (0xff9ff06f) j       pc - 0x8
core   0: 3 0x80009d74 (0xff9ff06f)
core   0: 0x80009d6c (0x00006f17) auipc   t5, 0x6
core   0: 3 0x80009d6c (0x00006f17) x30 0x8000fd6c
core   0: 0x80009d70 (0x283f2a23) sw      gp, 660(t5)
core   0: 3 0x80009d70 (0x283f2a23) mem 0x80010000 0x00000001
core   0: 0x80009d74 (0xff9ff06f) j       pc - 0x8
core   0: 3 0x80009d74 (0xff9ff06f)
core   0: 0x80009d6c (0x00006f17) auipc   t5, 0x6
core   0: 3 0x80009d6c (0x00006f17) x30 0x8000fd6c
core   0: 0x80009d70 (0x283f2a23) sw      gp, 660(t5)
core   0: 3 0x80009d70 (0x283f2a23) mem 0x80010000 0x00000001
core   0: 0x80009d74 (0xff9ff06f) j       pc - 0x8
core   0: 3 0x80009d74 (0xff9ff06f)
core   0: 0x80009d6c (0x00006f17) auipc   t5, 0x6
core   0: 3 0x80009d6c (0x00006f17) x30 0x8000fd6c
core   0: 0x80009d70 (0x283f2a23) sw      gp, 660(t5)
core   0: 3 0x80009d70 (0x283f2a23) mem 0x80010000 0x00000001
core   0: 0x80009d74 (0xff9ff06f) j       pc - 0x8
core   0: 3 0x80009d74 (0xff9ff06f)
core   0: 0x80009d6c (0x00006f17) auipc   t5, 0x6
core   0: 3 0x80009d6c (0x00006f17) x30 0x8000fd6c
core   0: 0x80009d70 (0x283f2a23) sw      gp, 660(t5)
core   0: 3 0x80009d70 (0x283f2a23) mem 0x80010000 0x00000001
core   0: 0x80009d74 (0xff9ff06f) j       pc - 0x8
core   0: 3 0x80009d74 (0xff9ff06f)
core   0: 0x80009d6c (0x00006f17) auipc   t5, 0x6
core   0: 3 0x80009d6c (0x00006f17) x30 0x8000fd6c
core   0: 0x80009d70 (0x283f2a23) sw      gp, 660(t5)
core   0: 3 0x80009d70 (0x283f2a23) mem 0x80010000 0x00000001
core   0: 0x80009d74 (0xff9ff06f) j       pc - 0x8
core   0: 3 0x80009d74 (0xff9ff06f)
core   0: 0x80009d6c (0x00006f17) auipc   t5, 0x6
core   0: 3 0x80009d6c (0x00006f17) x30 0x8000fd6c
core   0: 0x80009d70 (0x283f2a23) sw      gp, 660(t5)
core   0: 3 0x80009d70 (0x283f2a23) mem 0x80010000 0x00000001
core   0: 0x80009d74 (0xff9ff06f) j       pc - 0x8
core   0: 3 0x80009d74 (0xff9ff06f)
core   0: 0x80009d6c (0x00006f17) auipc   t5, 0x6
core   0: 3 0x80009d6c (0x00006f17) x30 0x8000fd6c
core   0: 0x80009d70 (0x283f2a23) sw      gp, 660(t5)
core   0: 3 0x80009d70 (0x283f2a23) mem 0x80010000 0x00000001
core   0: 0x80009d74 (0xff9ff06f) j       pc - 0x8
core   0: 3 0x80009d74 (0xff9ff06f)
core   0: 0x80009d6c (0x00006f17) auipc   t5, 0x6
core   0: 3 0x80009d6c (0x00006f17) x30 0x8000fd6c
core   0: 0x80009d70 (0x283f2a23) sw      gp, 660(t5)
core   0: 3 0x80009d70 (0x283f2a23) mem 0x80010000 0x00000001
core   0: 0x80009d74 (0xff9ff06f) j       pc - 0x8
core   0: 3 0x80009d74 (0xff9ff06f)
core   0: 0x80009d6c (0x00006f17) auipc   t5, 0x6
core   0: 3 0x80009d6c (0x00006f17) x30 0x8000fd6c
core   0: 0x80009d70 (0x283f2a23) sw      gp, 660(t5)
core   0: 3 0x80009d70 (0x283f2a23) mem 0x80010000 0x00000001
core   0: 0x80009d74 (0xff9ff06f) j       pc - 0x8
core   0: 3 0x80009d74 (0xff9ff06f)
core   0: 0x80009d6c (0x00006f17) auipc   t5, 0x6
core   0: 3 0x80009d6c (0x00006f17) x30 0x8000fd6c
core   0: 0x80009d70 (0x283f2a23) sw      gp, 660(t5)
core   0: 3 0x80009d70 (0x283f2a23) mem 0x80010000 0x00000001
core   0: 0x80009d74 (0xff9ff06f) j       pc - 0x8
core   0: 3 0x80009d74 (0xff9ff06f)
core   0: 0x80009d6c (0x00006f17) auipc   t5, 0x6
core   0: 3 0x80009d6c (0x00006f17) x30 0x8000fd6c
core   0: 0x80009d70 (0x283f2a23) sw      gp, 660(t5)
core   0: 3 0x80009d70 (0x283f2a23) mem 0x80010000 0x00000001
core   0: 0x80009d74 (0xff9ff06f) j       pc - 0x8
core   0: 3 0x80009d74 (0xff9ff06f)
core   0: 0x80009d6c (0x00006f17) auipc   t5, 0x6
core   0: 3 0x80009d6c (0x00006f17) x30 0x8000fd6c
core   0: 0x80009d70 (0x283f2a23) sw      gp, 660(t5)
core   0: 3 0x80009d70 (0x283f2a23) mem 0x80010000 0x00000001
core   0: 0x80009d74 (0xff9ff06f) j       pc - 0x8
core   0: 3 0x80009d74 (0xff9ff06f)
core   0: 0x80009d6c (0x00006f17) auipc   t5, 0x6
core   0: 3 0x80009d6c (0x00006f17) x30 0x8000fd6c
core   0: 0x80009d70 (0x283f2a23) sw      gp, 660(t5)
core   0: 3 0x80009d70 (0x283f2a23) mem 0x80010000 0x00000001
core   0: 0x80009d74 (0xff9ff06f) j       pc - 0x8
core   0: 3 0x80009d74 (0xff9ff06f)
core   0: 0x80009d6c (0x00006f17) auipc   t5, 0x6
core   0: 3 0x80009d6c (0x00006f17) x30 0x8000fd6c
core   0: 0x80009d70 (0x283f2a23) sw      gp, 660(t5)
core   0: 3 0x80009d70 (0x283f2a23) mem 0x80010000 0x00000001
core   0: 0x80009d74 (0xff9ff06f) j       pc - 0x8
core   0: 3 0x80009d74 (0xff9ff06f)
core   0: 0x80009d6c (0x00006f17) auipc   t5, 0x6
core   0: 3 0x80009d6c (0x00006f17) x30 0x8000fd6c
core   0: 0x80009d70 (0x283f2a23) sw      gp, 660(t5)
core   0: 3 0x80009d70 (0x283f2a23) mem 0x80010000 0x00000001
core   0: 0x80009d74 (0xff9ff06f) j       pc - 0x8
core   0: 3 0x80009d74 (0xff9ff06f)
core   0: 0x80009d6c (0x00006f17) auipc   t5, 0x6
core   0: 3 0x80009d6c (0x00006f17) x30 0x8000fd6c
core   0: 0x80009d70 (0x283f2a23) sw      gp, 660(t5)
core   0: 3 0x80009d70 (0x283f2a23) mem 0x80010000 0x00000001
core   0: 0x80009d74 (0xff9ff06f) j       pc - 0x8
core   0: 3 0x80009d74 (0xff9ff06f)
core   0: 0x80009d6c (0x00006f17) auipc   t5, 0x6
core   0: 3 0x80009d6c (0x00006f17) x30 0x8000fd6c
core   0: 0x80009d70 (0x283f2a23) sw      gp, 660(t5)
core   0: 3 0x80009d70 (0x283f2a23) mem 0x80010000 0x00000001
core   0: 0x80009d74 (0xff9ff06f) j       pc - 0x8
core   0: 3 0x80009d74 (0xff9ff06f)
core   0: 0x80009d6c (0x00006f17) auipc   t5, 0x6
core   0: 3 0x80009d6c (0x00006f17) x30 0x8000fd6c
core   0: 0x80009d70 (0x283f2a23) sw      gp, 660(t5)
core   0: 3 0x80009d70 (0x283f2a23) mem 0x80010000 0x00000001
core   0: 0x80009d74 (0xff9ff06f) j       pc - 0x8
core   0: 3 0x80009d74 (0xff9ff06f)
core   0: 0x80009d6c (0x00006f17) auipc   t5, 0x6
core   0: 3 0x80009d6c (0x00006f17) x30 0x8000fd6c
core   0: 0x80009d70 (0x283f2a23) sw      gp, 660(t5)
core   0: 3 0x80009d70 (0x283f2a23) mem 0x80010000 0x00000001
core   0: 0x80009d74 (0xff9ff06f) j       pc - 0x8
core   0: 3 0x80009d74 (0xff9ff06f)
core   0: 0x80009d6c (0x00006f17) auipc   t5, 0x6
core   0: 3 0x80009d6c (0x00006f17) x30 0x8000fd6c
core   0: 0x80009d70 (0x283f2a23) sw      gp, 660(t5)
core   0: 3 0x80009d70 (0x283f2a23) mem 0x80010000 0x00000001
core   0: 0x80009d74 (0xff9ff06f) j       pc - 0x8
core   0: 3 0x80009d74 (0xff9ff06f)
core   0: 0x80009d6c (0x00006f17) auipc   t5, 0x6
core   0: 3 0x80009d6c (0x00006f17) x30 0x8000fd6c
core   0: 0x80009d70 (0x283f2a23) sw      gp, 660(t5)
core   0: 3 0x80009d70 (0x283f2a23) mem 0x80010000 0x00000001
core   0: 0x80009d74 (0xff9ff06f) j       pc - 0x8
core   0: 3 0x80009d74 (0xff9ff06f)
core   0: 0x80009d6c (0x00006f17) auipc   t5, 0x6
core   0: 3 0x80009d6c (0x00006f17) x30 0x8000fd6c
core   0: 0x80009d70 (0x283f2a23) sw      gp, 660(t5)
core   0: 3 0x80009d70 (0x283f2a23) mem 0x80010000 0x00000001
core   0: 0x80009d74 (0xff9ff06f) j       pc - 0x8
core   0: 3 0x80009d74 (0xff9ff06f)
core   0: 0x80009d6c (0x00006f17) auipc   t5, 0x6
core   0: 3 0x80009d6c (0x00006f17) x30 0x8000fd6c
core   0: 0x80009d70 (0x283f2a23) sw      gp, 660(t5)
core   0: 3 0x80009d70 (0x283f2a23) mem 0x80010000 0x00000001
core   0: 0x80009d74 (0xff9ff06f) j       pc - 0x8
core   0: 3 0x80009d74 (0xff9ff06f)
core   0: 0x80009d6c (0x00006f17) auipc   t5, 0x6
core   0: 3 0x80009d6c (0x00006f17) x30 0x8000fd6c
core   0: 0x80009d70 (0x283f2a23) sw      gp, 660(t5)
core   0: 3 0x80009d70 (0x283f2a23) mem 0x80010000 0x00000001
core   0: 0x80009d74 (0xff9ff06f) j       pc - 0x8
core   0: 3 0x80009d74 (0xff9ff06f)
core   0: 0x80009d6c (0x00006f17) auipc   t5, 0x6
core   0: 3 0x80009d6c (0x00006f17) x30 0x8000fd6c
core   0: 0x80009d70 (0x283f2a23) sw      gp, 660(t5)
core   0: 3 0x80009d70 (0x283f2a23) mem 0x80010000 0x00000001
core   0: 0x80009d74 (0xff9ff06f) j       pc - 0x8
core   0: 3 0x80009d74 (0xff9ff06f)
core   0: 0x80009d6c (0x00006f17) auipc   t5, 0x6
core   0: 3 0x80009d6c (0x00006f17) x30 0x8000fd6c
core   0: 0x80009d70 (0x283f2a23) sw      gp, 660(t5)
core   0: 3 0x80009d70 (0x283f2a23) mem 0x80010000 0x00000001
core   0: 0x80009d74 (0xff9ff06f) j       pc - 0x8
core   0: 3 0x80009d74 (0xff9ff06f)
core   0: 0x80009d6c (0x00006f17) auipc   t5, 0x6
core   0: 3 0x80009d6c (0x00006f17) x30 0x8000fd6c
core   0: 0x80009d70 (0x283f2a23) sw      gp, 660(t5)
core   0: 3 0x80009d70 (0x283f2a23) mem 0x80010000 0x00000001
core   0: 0x80009d74 (0xff9ff06f) j       pc - 0x8
core   0: 3 0x80009d74 (0xff9ff06f)
core   0: 0x80009d6c (0x00006f17) auipc   t5, 0x6
core   0: 3 0x80009d6c (0x00006f17) x30 0x8000fd6c
core   0: 0x80009d70 (0x283f2a23) sw      gp, 660(t5)
core   0: 3 0x80009d70 (0x283f2a23) mem 0x80010000 0x00000001
core   0: 0x80009d74 (0xff9ff06f) j       pc - 0x8
core   0: 3 0x80009d74 (0xff9ff06f)
core   0: 0x80009d6c (0x00006f17) auipc   t5, 0x6
core   0: 3 0x80009d6c (0x00006f17) x30 0x8000fd6c
core   0: 0x80009d70 (0x283f2a23) sw      gp, 660(t5)
core   0: 3 0x80009d70 (0x283f2a23) mem 0x80010000 0x00000001
core   0: 0x80009d74 (0xff9ff06f) j       pc - 0x8
core   0: 3 0x80009d74 (0xff9ff06f)
core   0: 0x80009d6c (0x00006f17) auipc   t5, 0x6
core   0: 3 0x80009d6c (0x00006f17) x30 0x8000fd6c
core   0: 0x80009d70 (0x283f2a23) sw      gp, 660(t5)
core   0: 3 0x80009d70 (0x283f2a23) mem 0x80010000 0x00000001
core   0: 0x80009d74 (0xff9ff06f) j       pc - 0x8
core   0: 3 0x80009d74 (0xff9ff06f)
core   0: 0x80009d6c (0x00006f17) auipc   t5, 0x6
core   0: 3 0x80009d6c (0x00006f17) x30 0x8000fd6c
core   0: 0x80009d70 (0x283f2a23) sw      gp, 660(t5)
core   0: 3 0x80009d70 (0x283f2a23) mem 0x80010000 0x00000001
core   0: 0x80009d74 (0xff9ff06f) j       pc - 0x8
core   0: 3 0x80009d74 (0xff9ff06f)
core   0: 0x80009d6c (0x00006f17) auipc   t5, 0x6
core   0: 3 0x80009d6c (0x00006f17) x30 0x8000fd6c
core   0: 0x80009d70 (0x283f2a23) sw      gp, 660(t5)
core   0: 3 0x80009d70 (0x283f2a23) mem 0x80010000 0x00000001
core   0: 0x80009d74 (0xff9ff06f) j       pc - 0x8
core   0: 3 0x80009d74 (0xff9ff06f)
core   0: 0x80009d6c (0x00006f17) auipc   t5, 0x6
core   0: 3 0x80009d6c (0x00006f17) x30 0x8000fd6c
core   0: 0x80009d70 (0x283f2a23) sw      gp, 660(t5)
core   0: 3 0x80009d70 (0x283f2a23) mem 0x80010000 0x00000001
core   0: 0x80009d74 (0xff9ff06f) j       pc - 0x8
core   0: 3 0x80009d74 (0xff9ff06f)
core   0: 0x80009d6c (0x00006f17) auipc   t5, 0x6
core   0: 3 0x80009d6c (0x00006f17) x30 0x8000fd6c
core   0: 0x80009d70 (0x283f2a23) sw      gp, 660(t5)
core   0: 3 0x80009d70 (0x283f2a23) mem 0x80010000 0x00000001
core   0: 0x80009d74 (0xff9ff06f) j       pc - 0x8
core   0: 3 0x80009d74 (0xff9ff06f)
core   0: 0x80009d6c (0x00006f17) auipc   t5, 0x6
core   0: 3 0x80009d6c (0x00006f17) x30 0x8000fd6c
core   0: 0x80009d70 (0x283f2a23) sw      gp, 660(t5)
core   0: 3 0x80009d70 (0x283f2a23) mem 0x80010000 0x00000001
core   0: 0x80009d74 (0xff9ff06f) j       pc - 0x8
core   0: 3 0x80009d74 (0xff9ff06f)
core   0: 0x80009d6c (0x00006f17) auipc   t5, 0x6
core   0: 3 0x80009d6c (0x00006f17) x30 0x8000fd6c
core   0: 0x80009d70 (0x283f2a23) sw      gp, 660(t5)
core   0: 3 0x80009d70 (0x283f2a23) mem 0x80010000 0x00000001
core   0: 0x80009d74 (0xff9ff06f) j       pc - 0x8
core   0: 3 0x80009d74 (0xff9ff06f)
core   0: 0x80009d6c (0x00006f17) auipc   t5, 0x6
core   0: 3 0x80009d6c (0x00006f17) x30 0x8000fd6c
core   0: 0x80009d70 (0x283f2a23) sw      gp, 660(t5)
core   0: 3 0x80009d70 (0x283f2a23) mem 0x80010000 0x00000001
core   0: 0x80009d74 (0xff9ff06f) j       pc - 0x8
core   0: 3 0x80009d74 (0xff9ff06f)
core   0: 0x80009d6c (0x00006f17) auipc   t5, 0x6
core   0: 3 0x80009d6c (0x00006f17) x30 0x8000fd6c
core   0: 0x80009d70 (0x283f2a23) sw      gp, 660(t5)
core   0: 3 0x80009d70 (0x283f2a23) mem 0x80010000 0x00000001
core   0: 0x80009d74 (0xff9ff06f) j       pc - 0x8
core   0: 3 0x80009d74 (0xff9ff06f)
core   0: 0x80009d6c (0x00006f17) auipc   t5, 0x6
core   0: 3 0x80009d6c (0x00006f17) x30 0x8000fd6c
core   0: 0x80009d70 (0x283f2a23) sw      gp, 660(t5)
core   0: 3 0x80009d70 (0x283f2a23) mem 0x80010000 0x00000001
core   0: 0x80009d74 (0xff9ff06f) j       pc - 0x8
core   0: 3 0x80009d74 (0xff9ff06f)
core   0: 0x80009d6c (0x00006f17) auipc   t5, 0x6
core   0: 3 0x80009d6c (0x00006f17) x30 0x8000fd6c
core   0: 0x80009d70 (0x283f2a23) sw      gp, 660(t5)
core   0: 3 0x80009d70 (0x283f2a23) mem 0x80010000 0x00000001
core   0: 0x80009d74 (0xff9ff06f) j       pc - 0x8
core   0: 3 0x80009d74 (0xff9ff06f)
core   0: 0x80009d6c (0x00006f17) auipc   t5, 0x6
core   0: 3 0x80009d6c (0x00006f17) x30 0x8000fd6c
core   0: 0x80009d70 (0x283f2a23) sw      gp, 660(t5)
core   0: 3 0x80009d70 (0x283f2a23) mem 0x80010000 0x00000001
core   0: 0x80009d74 (0xff9ff06f) j       pc - 0x8
core   0: 3 0x80009d74 (0xff9ff06f)
core   0: 0x80009d6c (0x00006f17) auipc   t5, 0x6
core   0: 3 0x80009d6c (0x00006f17) x30 0x8000fd6c
core   0: 0x80009d70 (0x283f2a23) sw      gp, 660(t5)
core   0: 3 0x80009d70 (0x283f2a23) mem 0x80010000 0x00000001
core   0: 0x80009d74 (0xff9ff06f) j       pc - 0x8
core   0: 3 0x80009d74 (0xff9ff06f)
core   0: 0x80009d6c (0x00006f17) auipc   t5, 0x6
core   0: 3 0x80009d6c (0x00006f17) x30 0x8000fd6c
core   0: 0x80009d70 (0x283f2a23) sw      gp, 660(t5)
core   0: 3 0x80009d70 (0x283f2a23) mem 0x80010000 0x00000001
core   0: 0x80009d74 (0xff9ff06f) j       pc - 0x8
core   0: 3 0x80009d74 (0xff9ff06f)
core   0: 0x80009d6c (0x00006f17) auipc   t5, 0x6
core   0: 3 0x80009d6c (0x00006f17) x30 0x8000fd6c
core   0: 0x80009d70 (0x283f2a23) sw      gp, 660(t5)
core   0: 3 0x80009d70 (0x283f2a23) mem 0x80010000 0x00000001
core   0: 0x80009d74 (0xff9ff06f) j       pc - 0x8
core   0: 3 0x80009d74 (0xff9ff06f)
core   0: 0x80009d6c (0x00006f17) auipc   t5, 0x6
core   0: 3 0x80009d6c (0x00006f17) x30 0x8000fd6c
core   0: 0x80009d70 (0x283f2a23) sw      gp, 660(t5)
core   0: 3 0x80009d70 (0x283f2a23) mem 0x80010000 0x00000001
core   0: 0x80009d74 (0xff9ff06f) j       pc - 0x8
core   0: 3 0x80009d74 (0xff9ff06f)
core   0: 0x80009d6c (0x00006f17) auipc   t5, 0x6
core   0: 3 0x80009d6c (0x00006f17) x30 0x8000fd6c
core   0: 0x80009d70 (0x283f2a23) sw      gp, 660(t5)
core   0: 3 0x80009d70 (0x283f2a23) mem 0x80010000 0x00000001
core   0: 0x80009d74 (0xff9ff06f) j       pc - 0x8
core   0: 3 0x80009d74 (0xff9ff06f)
core   0: 0x80009d6c (0x00006f17) auipc   t5, 0x6
core   0: 3 0x80009d6c (0x00006f17) x30 0x8000fd6c
core   0: 0x80009d70 (0x283f2a23) sw      gp, 660(t5)
core   0: 3 0x80009d70 (0x283f2a23) mem 0x80010000 0x00000001
core   0: 0x80009d74 (0xff9ff06f) j       pc - 0x8
core   0: 3 0x80009d74 (0xff9ff06f)
core   0: 0x80009d6c (0x00006f17) auipc   t5, 0x6
core   0: 3 0x80009d6c (0x00006f17) x30 0x8000fd6c
core   0: 0x80009d70 (0x283f2a23) sw      gp, 660(t5)
core   0: 3 0x80009d70 (0x283f2a23) mem 0x80010000 0x00000001
core   0: 0x80009d74 (0xff9ff06f) j       pc - 0x8
core   0: 3 0x80009d74 (0xff9ff06f)
core   0: 0x80009d6c (0x00006f17) auipc   t5, 0x6
core   0: 3 0x80009d6c (0x00006f17) x30 0x8000fd6c
core   0: 0x80009d70 (0x283f2a23) sw      gp, 660(t5)
core   0: 3 0x80009d70 (0x283f2a23) mem 0x80010000 0x00000001
core   0: 0x80009d74 (0xff9ff06f) j       pc - 0x8
core   0: 3 0x80009d74 (0xff9ff06f)
core   0: 0x80009d6c (0x00006f17) auipc   t5, 0x6
core   0: 3 0x80009d6c (0x00006f17) x30 0x8000fd6c
core   0: 0x80009d70 (0x283f2a23) sw      gp, 660(t5)
core   0: 3 0x80009d70 (0x283f2a23) mem 0x80010000 0x00000001
core   0: 0x80009d74 (0xff9ff06f) j       pc - 0x8
core   0: 3 0x80009d74 (0xff9ff06f)
core   0: 0x80009d6c (0x00006f17) auipc   t5, 0x6
core   0: 3 0x80009d6c (0x00006f17) x30 0x8000fd6c
core   0: 0x80009d70 (0x283f2a23) sw      gp, 660(t5)
core   0: 3 0x80009d70 (0x283f2a23) mem 0x80010000 0x00000001
core   0: 0x80009d74 (0xff9ff06f) j       pc - 0x8
core   0: 3 0x80009d74 (0xff9ff06f)
core   0: 0x80009d6c (0x00006f17) auipc   t5, 0x6
core   0: 3 0x80009d6c (0x00006f17) x30 0x8000fd6c
core   0: 0x80009d70 (0x283f2a23) sw      gp, 660(t5)
core   0: 3 0x80009d70 (0x283f2a23) mem 0x80010000 0x00000001
core   0: 0x80009d74 (0xff9ff06f) j       pc - 0x8
core   0: 3 0x80009d74 (0xff9ff06f)
core   0: 0x80009d6c (0x00006f17) auipc   t5, 0x6
core   0: 3 0x80009d6c (0x00006f17) x30 0x8000fd6c
core   0: 0x80009d70 (0x283f2a23) sw      gp, 660(t5)
core   0: 3 0x80009d70 (0x283f2a23) mem 0x80010000 0x00000001
core   0: 0x80009d74 (0xff9ff06f) j       pc - 0x8
core   0: 3 0x80009d74 (0xff9ff06f)
core   0: 0x80009d6c (0x00006f17) auipc   t5, 0x6
core   0: 3 0x80009d6c (0x00006f17) x30 0x8000fd6c
core   0: 0x80009d70 (0x283f2a23) sw      gp, 660(t5)
core   0: 3 0x80009d70 (0x283f2a23) mem 0x80010000 0x00000001
core   0: 0x80009d74 (0xff9ff06f) j       pc - 0x8
core   0: 3 0x80009d74 (0xff9ff06f)
core   0: 0x80009d6c (0x00006f17) auipc   t5, 0x6
core   0: 3 0x80009d6c (0x00006f17) x30 0x8000fd6c
core   0: 0x80009d70 (0x283f2a23) sw      gp, 660(t5)
core   0: 3 0x80009d70 (0x283f2a23) mem 0x80010000 0x00000001
core   0: 0x80009d74 (0xff9ff06f) j       pc - 0x8
core   0: 3 0x80009d74 (0xff9ff06f)
core   0: 0x80009d6c (0x00006f17) auipc   t5, 0x6
core   0: 3 0x80009d6c (0x00006f17) x30 0x8000fd6c
core   0: 0x80009d70 (0x283f2a23) sw      gp, 660(t5)
core   0: 3 0x80009d70 (0x283f2a23) mem 0x80010000 0x00000001
core   0: 0x80009d74 (0xff9ff06f) j       pc - 0x8
core   0: 3 0x80009d74 (0xff9ff06f)
core   0: 0x80009d6c (0x00006f17) auipc   t5, 0x6
core   0: 3 0x80009d6c (0x00006f17) x30 0x8000fd6c
core   0: 0x80009d70 (0x283f2a23) sw      gp, 660(t5)
core   0: 3 0x80009d70 (0x283f2a23) mem 0x80010000 0x00000001
core   0: 0x80009d74 (0xff9ff06f) j       pc - 0x8
core   0: 3 0x80009d74 (0xff9ff06f)
core   0: 0x80009d6c (0x00006f17) auipc   t5, 0x6
core   0: 3 0x80009d6c (0x00006f17) x30 0x8000fd6c
core   0: 0x80009d70 (0x283f2a23) sw      gp, 660(t5)
core   0: 3 0x80009d70 (0x283f2a23) mem 0x80010000 0x00000001
core   0: 0x80009d74 (0xff9ff06f) j       pc - 0x8
core   0: 3 0x80009d74 (0xff9ff06f)
core   0: 0x80009d6c (0x00006f17) auipc   t5, 0x6
core   0: 3 0x80009d6c (0x00006f17) x30 0x8000fd6c
core   0: 0x80009d70 (0x283f2a23) sw      gp, 660(t5)
core   0: 3 0x80009d70 (0x283f2a23) mem 0x80010000 0x00000001
core   0: 0x80009d74 (0xff9ff06f) j       pc - 0x8
core   0: 3 0x80009d74 (0xff9ff06f)
core   0: 0x80009d6c (0x00006f17) auipc   t5, 0x6
core   0: 3 0x80009d6c (0x00006f17) x30 0x8000fd6c
core   0: 0x80009d70 (0x283f2a23) sw      gp, 660(t5)
core   0: 3 0x80009d70 (0x283f2a23) mem 0x80010000 0x00000001
core   0: 0x80009d74 (0xff9ff06f) j       pc - 0x8
core   0: 3 0x80009d74 (0xff9ff06f)
core   0: 0x80009d6c (0x00006f17) auipc   t5, 0x6
core   0: 3 0x80009d6c (0x00006f17) x30 0x8000fd6c
core   0: 0x80009d70 (0x283f2a23) sw      gp, 660(t5)
core   0: 3 0x80009d70 (0x283f2a23) mem 0x80010000 0x00000001
core   0: 0x80009d74 (0xff9ff06f) j       pc - 0x8
core   0: 3 0x80009d74 (0xff9ff06f)
core   0: 0x80009d6c (0x00006f17) auipc   t5, 0x6
core   0: 3 0x80009d6c (0x00006f17) x30 0x8000fd6c
core   0: 0x80009d70 (0x283f2a23) sw      gp, 660(t5)
core   0: 3 0x80009d70 (0x283f2a23) mem 0x80010000 0x00000001
core   0: 0x80009d74 (0xff9ff06f) j       pc - 0x8
core   0: 3 0x80009d74 (0xff9ff06f)
core   0: 0x80009d6c (0x00006f17) auipc   t5, 0x6
core   0: 3 0x80009d6c (0x00006f17) x30 0x8000fd6c
core   0: 0x80009d70 (0x283f2a23) sw      gp, 660(t5)
core   0: 3 0x80009d70 (0x283f2a23) mem 0x80010000 0x00000001
core   0: 0x80009d74 (0xff9ff06f) j       pc - 0x8
core   0: 3 0x80009d74 (0xff9ff06f)
core   0: 0x80009d6c (0x00006f17) auipc   t5, 0x6
core   0: 3 0x80009d6c (0x00006f17) x30 0x8000fd6c
core   0: 0x80009d70 (0x283f2a23) sw      gp, 660(t5)
core   0: 3 0x80009d70 (0x283f2a23) mem 0x80010000 0x00000001
core   0: 0x80009d74 (0xff9ff06f) j       pc - 0x8
core   0: 3 0x80009d74 (0xff9ff06f)
core   0: 0x80009d6c (0x00006f17) auipc   t5, 0x6
core   0: 3 0x80009d6c (0x00006f17) x30 0x8000fd6c
core   0: 0x80009d70 (0x283f2a23) sw      gp, 660(t5)
core   0: 3 0x80009d70 (0x283f2a23) mem 0x80010000 0x00000001
core   0: 0x80009d74 (0xff9ff06f) j       pc - 0x8
core   0: 3 0x80009d74 (0xff9ff06f)
core   0: 0x80009d6c (0x00006f17) auipc   t5, 0x6
core   0: 3 0x80009d6c (0x00006f17) x30 0x8000fd6c
core   0: 0x80009d70 (0x283f2a23) sw      gp, 660(t5)
core   0: 3 0x80009d70 (0x283f2a23) mem 0x80010000 0x00000001
core   0: 0x80009d74 (0xff9ff06f) j       pc - 0x8
core   0: 3 0x80009d74 (0xff9ff06f)
core   0: 0x80009d6c (0x00006f17) auipc   t5, 0x6
core   0: 3 0x80009d6c (0x00006f17) x30 0x8000fd6c
core   0: 0x80009d70 (0x283f2a23) sw      gp, 660(t5)
core   0: 3 0x80009d70 (0x283f2a23) mem 0x80010000 0x00000001
core   0: 0x80009d74 (0xff9ff06f) j       pc - 0x8
core   0: 3 0x80009d74 (0xff9ff06f)
core   0: 0x80009d6c (0x00006f17) auipc   t5, 0x6
core   0: 3 0x80009d6c (0x00006f17) x30 0x8000fd6c
core   0: 0x80009d70 (0x283f2a23) sw      gp, 660(t5)
core   0: 3 0x80009d70 (0x283f2a23) mem 0x80010000 0x00000001
core   0: 0x80009d74 (0xff9ff06f) j       pc - 0x8
core   0: 3 0x80009d74 (0xff9ff06f)
core   0: 0x80009d6c (0x00006f17) auipc   t5, 0x6
core   0: 3 0x80009d6c (0x00006f17) x30 0x8000fd6c
core   0: 0x80009d70 (0x283f2a23) sw      gp, 660(t5)
core   0: 3 0x80009d70 (0x283f2a23) mem 0x80010000 0x00000001
core   0: 0x80009d74 (0xff9ff06f) j       pc - 0x8
core   0: 3 0x80009d74 (0xff9ff06f)
core   0: 0x80009d6c (0x00006f17) auipc   t5, 0x6
core   0: 3 0x80009d6c (0x00006f17) x30 0x8000fd6c
core   0: 0x80009d70 (0x283f2a23) sw      gp, 660(t5)
core   0: 3 0x80009d70 (0x283f2a23) mem 0x80010000 0x00000001
core   0: 0x80009d74 (0xff9ff06f) j       pc - 0x8
core   0: 3 0x80009d74 (0xff9ff06f)
core   0: 0x80009d6c (0x00006f17) auipc   t5, 0x6
core   0: 3 0x80009d6c (0x00006f17) x30 0x8000fd6c
core   0: 0x80009d70 (0x283f2a23) sw      gp, 660(t5)
core   0: 3 0x80009d70 (0x283f2a23) mem 0x80010000 0x00000001
core   0: 0x80009d74 (0xff9ff06f) j       pc - 0x8
core   0: 3 0x80009d74 (0xff9ff06f)
core   0: 0x80009d6c (0x00006f17) auipc   t5, 0x6
core   0: 3 0x80009d6c (0x00006f17) x30 0x8000fd6c
core   0: 0x80009d70 (0x283f2a23) sw      gp, 660(t5)
core   0: 3 0x80009d70 (0x283f2a23) mem 0x80010000 0x00000001
core   0: 0x80009d74 (0xff9ff06f) j       pc - 0x8
core   0: 3 0x80009d74 (0xff9ff06f)
core   0: 0x80009d6c (0x00006f17) auipc   t5, 0x6
core   0: 3 0x80009d6c (0x00006f17) x30 0x8000fd6c
core   0: 0x80009d70 (0x283f2a23) sw      gp, 660(t5)
core   0: 3 0x80009d70 (0x283f2a23) mem 0x80010000 0x00000001
core   0: 0x80009d74 (0xff9ff06f) j       pc - 0x8
core   0: 3 0x80009d74 (0xff9ff06f)
core   0: 0x80009d6c (0x00006f17) auipc   t5, 0x6
core   0: 3 0x80009d6c (0x00006f17) x30 0x8000fd6c
core   0: 0x80009d70 (0x283f2a23) sw      gp, 660(t5)
core   0: 3 0x80009d70 (0x283f2a23) mem 0x80010000 0x00000001
core   0: 0x80009d74 (0xff9ff06f) j       pc - 0x8
core   0: 3 0x80009d74 (0xff9ff06f)
core   0: 0x80009d6c (0x00006f17) auipc   t5, 0x6
core   0: 3 0x80009d6c (0x00006f17) x30 0x8000fd6c
core   0: 0x80009d70 (0x283f2a23) sw      gp, 660(t5)
core   0: 3 0x80009d70 (0x283f2a23) mem 0x80010000 0x00000001
core   0: 0x80009d74 (0xff9ff06f) j       pc - 0x8
core   0: 3 0x80009d74 (0xff9ff06f)
core   0: 0x80009d6c (0x00006f17) auipc   t5, 0x6
core   0: 3 0x80009d6c (0x00006f17) x30 0x8000fd6c
core   0: 0x80009d70 (0x283f2a23) sw      gp, 660(t5)
core   0: 3 0x80009d70 (0x283f2a23) mem 0x80010000 0x00000001
core   0: 0x80009d74 (0xff9ff06f) j       pc - 0x8
core   0: 3 0x80009d74 (0xff9ff06f)
core   0: 0x80009d6c (0x00006f17) auipc   t5, 0x6
core   0: 3 0x80009d6c (0x00006f17) x30 0x8000fd6c
core   0: 0x80009d70 (0x283f2a23) sw      gp, 660(t5)
core   0: 3 0x80009d70 (0x283f2a23) mem 0x80010000 0x00000001
core   0: 0x80009d74 (0xff9ff06f) j       pc - 0x8
core   0: 3 0x80009d74 (0xff9ff06f)
core   0: 0x80009d6c (0x00006f17) auipc   t5, 0x6
core   0: 3 0x80009d6c (0x00006f17) x30 0x8000fd6c
core   0: 0x80009d70 (0x283f2a23) sw      gp, 660(t5)
core   0: 3 0x80009d70 (0x283f2a23) mem 0x80010000 0x00000001
core   0: 0x80009d74 (0xff9ff06f) j       pc - 0x8
core   0: 3 0x80009d74 (0xff9ff06f)
core   0: 0x80009d6c (0x00006f17) auipc   t5, 0x6
core   0: 3 0x80009d6c (0x00006f17) x30 0x8000fd6c
core   0: 0x80009d70 (0x283f2a23) sw      gp, 660(t5)
core   0: 3 0x80009d70 (0x283f2a23) mem 0x80010000 0x00000001
core   0: 0x80009d74 (0xff9ff06f) j       pc - 0x8
core   0: 3 0x80009d74 (0xff9ff06f)
core   0: 0x80009d6c (0x00006f17) auipc   t5, 0x6
core   0: 3 0x80009d6c (0x00006f17) x30 0x8000fd6c
core   0: 0x80009d70 (0x283f2a23) sw      gp, 660(t5)
core   0: 3 0x80009d70 (0x283f2a23) mem 0x80010000 0x00000001
core   0: 0x80009d74 (0xff9ff06f) j       pc - 0x8
core   0: 3 0x80009d74 (0xff9ff06f)
core   0: 0x80009d6c (0x00006f17) auipc   t5, 0x6
core   0: 3 0x80009d6c (0x00006f17) x30 0x8000fd6c
core   0: 0x80009d70 (0x283f2a23) sw      gp, 660(t5)
core   0: 3 0x80009d70 (0x283f2a23) mem 0x80010000 0x00000001
core   0: 0x80009d74 (0xff9ff06f) j       pc - 0x8
core   0: 3 0x80009d74 (0xff9ff06f)
core   0: 0x80009d6c (0x00006f17) auipc   t5, 0x6
core   0: 3 0x80009d6c (0x00006f17) x30 0x8000fd6c
core   0: 0x80009d70 (0x283f2a23) sw      gp, 660(t5)
core   0: 3 0x80009d70 (0x283f2a23) mem 0x80010000 0x00000001
core   0: 0x80009d74 (0xff9ff06f) j       pc - 0x8
core   0: 3 0x80009d74 (0xff9ff06f)
core   0: 0x80009d6c (0x00006f17) auipc   t5, 0x6
core   0: 3 0x80009d6c (0x00006f17) x30 0x8000fd6c
core   0: 0x80009d70 (0x283f2a23) sw      gp, 660(t5)
core   0: 3 0x80009d70 (0x283f2a23) mem 0x80010000 0x00000001
core   0: 0x80009d74 (0xff9ff06f) j       pc - 0x8
core   0: 3 0x80009d74 (0xff9ff06f)
core   0: 0x80009d6c (0x00006f17) auipc   t5, 0x6
core   0: 3 0x80009d6c (0x00006f17) x30 0x8000fd6c
core   0: 0x80009d70 (0x283f2a23) sw      gp, 660(t5)
core   0: 3 0x80009d70 (0x283f2a23) mem 0x80010000 0x00000001
core   0: 0x80009d74 (0xff9ff06f) j       pc - 0x8
core   0: 3 0x80009d74 (0xff9ff06f)
core   0: 0x80009d6c (0x00006f17) auipc   t5, 0x6
core   0: 3 0x80009d6c (0x00006f17) x30 0x8000fd6c
core   0: 0x80009d70 (0x283f2a23) sw      gp, 660(t5)
core   0: 3 0x80009d70 (0x283f2a23) mem 0x80010000 0x00000001
core   0: 0x80009d74 (0xff9ff06f) j       pc - 0x8
core   0: 3 0x80009d74 (0xff9ff06f)
core   0: 0x80009d6c (0x00006f17) auipc   t5, 0x6
core   0: 3 0x80009d6c (0x00006f17) x30 0x8000fd6c
core   0: 0x80009d70 (0x283f2a23) sw      gp, 660(t5)
core   0: 3 0x80009d70 (0x283f2a23) mem 0x80010000 0x00000001
core   0: 0x80009d74 (0xff9ff06f) j       pc - 0x8
core   0: 3 0x80009d74 (0xff9ff06f)
core   0: 0x80009d6c (0x00006f17) auipc   t5, 0x6
core   0: 3 0x80009d6c (0x00006f17) x30 0x8000fd6c
core   0: 0x80009d70 (0x283f2a23) sw      gp, 660(t5)
core   0: 3 0x80009d70 (0x283f2a23) mem 0x80010000 0x00000001
core   0: 0x80009d74 (0xff9ff06f) j       pc - 0x8
core   0: 3 0x80009d74 (0xff9ff06f)
core   0: 0x80009d6c (0x00006f17) auipc   t5, 0x6
core   0: 3 0x80009d6c (0x00006f17) x30 0x8000fd6c
core   0: 0x80009d70 (0x283f2a23) sw      gp, 660(t5)
core   0: 3 0x80009d70 (0x283f2a23) mem 0x80010000 0x00000001
core   0: 0x80009d74 (0xff9ff06f) j       pc - 0x8
core   0: 3 0x80009d74 (0xff9ff06f)
core   0: 0x80009d6c (0x00006f17) auipc   t5, 0x6
core   0: 3 0x80009d6c (0x00006f17) x30 0x8000fd6c
core   0: 0x80009d70 (0x283f2a23) sw      gp, 660(t5)
core   0: 3 0x80009d70 (0x283f2a23) mem 0x80010000 0x00000001
core   0: 0x80009d74 (0xff9ff06f) j       pc - 0x8
core   0: 3 0x80009d74 (0xff9ff06f)
core   0: 0x80009d6c (0x00006f17) auipc   t5, 0x6
core   0: 3 0x80009d6c (0x00006f17) x30 0x8000fd6c
core   0: 0x80009d70 (0x283f2a23) sw      gp, 660(t5)
core   0: 3 0x80009d70 (0x283f2a23) mem 0x80010000 0x00000001
core   0: 0x80009d74 (0xff9ff06f) j       pc - 0x8
core   0: 3 0x80009d74 (0xff9ff06f)
core   0: 0x80009d6c (0x00006f17) auipc   t5, 0x6
core   0: 3 0x80009d6c (0x00006f17) x30 0x8000fd6c
core   0: 0x80009d70 (0x283f2a23) sw      gp, 660(t5)
core   0: 3 0x80009d70 (0x283f2a23) mem 0x80010000 0x00000001
core   0: 0x80009d74 (0xff9ff06f) j       pc - 0x8
core   0: 3 0x80009d74 (0xff9ff06f)
core   0: 0x80009d6c (0x00006f17) auipc   t5, 0x6
core   0: 3 0x80009d6c (0x00006f17) x30 0x8000fd6c
core   0: 0x80009d70 (0x283f2a23) sw      gp, 660(t5)
core   0: 3 0x80009d70 (0x283f2a23) mem 0x80010000 0x00000001
core   0: 0x80009d74 (0xff9ff06f) j       pc - 0x8
core   0: 3 0x80009d74 (0xff9ff06f)
core   0: 0x80009d6c (0x00006f17) auipc   t5, 0x6
core   0: 3 0x80009d6c (0x00006f17) x30 0x8000fd6c
core   0: 0x80009d70 (0x283f2a23) sw      gp, 660(t5)
core   0: 3 0x80009d70 (0x283f2a23) mem 0x80010000 0x00000001
core   0: 0x80009d74 (0xff9ff06f) j       pc - 0x8
core   0: 3 0x80009d74 (0xff9ff06f)
core   0: 0x80009d6c (0x00006f17) auipc   t5, 0x6
core   0: 3 0x80009d6c (0x00006f17) x30 0x8000fd6c
core   0: 0x80009d70 (0x283f2a23) sw      gp, 660(t5)
core   0: 3 0x80009d70 (0x283f2a23) mem 0x80010000 0x00000001
core   0: 0x80009d74 (0xff9ff06f) j       pc - 0x8
core   0: 3 0x80009d74 (0xff9ff06f)
core   0: 0x80009d6c (0x00006f17) auipc   t5, 0x6
core   0: 3 0x80009d6c (0x00006f17) x30 0x8000fd6c
core   0: 0x80009d70 (0x283f2a23) sw      gp, 660(t5)
core   0: 3 0x80009d70 (0x283f2a23) mem 0x80010000 0x00000001
core   0: 0x80009d74 (0xff9ff06f) j       pc - 0x8
core   0: 3 0x80009d74 (0xff9ff06f)
core   0: 0x80009d6c (0x00006f17) auipc   t5, 0x6
core   0: 3 0x80009d6c (0x00006f17) x30 0x8000fd6c
core   0: 0x80009d70 (0x283f2a23) sw      gp, 660(t5)
core   0: 3 0x80009d70 (0x283f2a23) mem 0x80010000 0x00000001
core   0: 0x80009d74 (0xff9ff06f) j       pc - 0x8
core   0: 3 0x80009d74 (0xff9ff06f)
core   0: 0x80009d6c (0x00006f17) auipc   t5, 0x6
core   0: 3 0x80009d6c (0x00006f17) x30 0x8000fd6c
core   0: 0x80009d70 (0x283f2a23) sw      gp, 660(t5)
core   0: 3 0x80009d70 (0x283f2a23) mem 0x80010000 0x00000001
core   0: 0x80009d74 (0xff9ff06f) j       pc - 0x8
core   0: 3 0x80009d74 (0xff9ff06f)
core   0: 0x80009d6c (0x00006f17) auipc   t5, 0x6
core   0: 3 0x80009d6c (0x00006f17) x30 0x8000fd6c
core   0: 0x80009d70 (0x283f2a23) sw      gp, 660(t5)
core   0: 3 0x80009d70 (0x283f2a23) mem 0x80010000 0x00000001
core   0: 0x80009d74 (0xff9ff06f) j       pc - 0x8
core   0: 3 0x80009d74 (0xff9ff06f)
core   0: 0x80009d6c (0x00006f17) auipc   t5, 0x6
core   0: 3 0x80009d6c (0x00006f17) x30 0x8000fd6c
core   0: 0x80009d70 (0x283f2a23) sw      gp, 660(t5)
core   0: 3 0x80009d70 (0x283f2a23) mem 0x80010000 0x00000001
core   0: 0x80009d74 (0xff9ff06f) j       pc - 0x8
core   0: 3 0x80009d74 (0xff9ff06f)
core   0: 0x80009d6c (0x00006f17) auipc   t5, 0x6
core   0: 3 0x80009d6c (0x00006f17) x30 0x8000fd6c
core   0: 0x80009d70 (0x283f2a23) sw      gp, 660(t5)
core   0: 3 0x80009d70 (0x283f2a23) mem 0x80010000 0x00000001
core   0: 0x80009d74 (0xff9ff06f) j       pc - 0x8
core   0: 3 0x80009d74 (0xff9ff06f)
core   0: 0x80009d6c (0x00006f17) auipc   t5, 0x6
core   0: 3 0x80009d6c (0x00006f17) x30 0x8000fd6c
core   0: 0x80009d70 (0x283f2a23) sw      gp, 660(t5)
core   0: 3 0x80009d70 (0x283f2a23) mem 0x80010000 0x00000001
core   0: 0x80009d74 (0xff9ff06f) j       pc - 0x8
core   0: 3 0x80009d74 (0xff9ff06f)
core   0: 0x80009d6c (0x00006f17) auipc   t5, 0x6
core   0: 3 0x80009d6c (0x00006f17) x30 0x8000fd6c
core   0: 0x80009d70 (0x283f2a23) sw      gp, 660(t5)
core   0: 3 0x80009d70 (0x283f2a23) mem 0x80010000 0x00000001
core   0: 0x80009d74 (0xff9ff06f) j       pc - 0x8
core   0: 3 0x80009d74 (0xff9ff06f)
core   0: 0x80009d6c (0x00006f17) auipc   t5, 0x6
core   0: 3 0x80009d6c (0x00006f17) x30 0x8000fd6c
core   0: 0x80009d70 (0x283f2a23) sw      gp, 660(t5)
core   0: 3 0x80009d70 (0x283f2a23) mem 0x80010000 0x00000001
core   0: 0x80009d74 (0xff9ff06f) j       pc - 0x8
core   0: 3 0x80009d74 (0xff9ff06f)
core   0: 0x80009d6c (0x00006f17) auipc   t5, 0x6
core   0: 3 0x80009d6c (0x00006f17) x30 0x8000fd6c
core   0: 0x80009d70 (0x283f2a23) sw      gp, 660(t5)
core   0: 3 0x80009d70 (0x283f2a23) mem 0x80010000 0x00000001
core   0: 0x80009d74 (0xff9ff06f) j       pc - 0x8
core   0: 3 0x80009d74 (0xff9ff06f)
core   0: 0x80009d6c (0x00006f17) auipc   t5, 0x6
core   0: 3 0x80009d6c (0x00006f17) x30 0x8000fd6c
core   0: 0x80009d70 (0x283f2a23) sw      gp, 660(t5)
core   0: 3 0x80009d70 (0x283f2a23) mem 0x80010000 0x00000001
core   0: 0x80009d74 (0xff9ff06f) j       pc - 0x8
core   0: 3 0x80009d74 (0xff9ff06f)
core   0: 0x80009d6c (0x00006f17) auipc   t5, 0x6
core   0: 3 0x80009d6c (0x00006f17) x30 0x8000fd6c
core   0: 0x80009d70 (0x283f2a23) sw      gp, 660(t5)
core   0: 3 0x80009d70 (0x283f2a23) mem 0x80010000 0x00000001
core   0: 0x80009d74 (0xff9ff06f) j       pc - 0x8
core   0: 3 0x80009d74 (0xff9ff06f)
core   0: 0x80009d6c (0x00006f17) auipc   t5, 0x6
core   0: 3 0x80009d6c (0x00006f17) x30 0x8000fd6c
core   0: 0x80009d70 (0x283f2a23) sw      gp, 660(t5)
core   0: 3 0x80009d70 (0x283f2a23) mem 0x80010000 0x00000001
core   0: 0x80009d74 (0xff9ff06f) j       pc - 0x8
core   0: 3 0x80009d74 (0xff9ff06f)
core   0: 0x80009d6c (0x00006f17) auipc   t5, 0x6
core   0: 3 0x80009d6c (0x00006f17) x30 0x8000fd6c
core   0: 0x80009d70 (0x283f2a23) sw      gp, 660(t5)
core   0: 3 0x80009d70 (0x283f2a23) mem 0x80010000 0x00000001
core   0: 0x80009d74 (0xff9ff06f) j       pc - 0x8
core   0: 3 0x80009d74 (0xff9ff06f)
core   0: 0x80009d6c (0x00006f17) auipc   t5, 0x6
core   0: 3 0x80009d6c (0x00006f17) x30 0x8000fd6c
core   0: 0x80009d70 (0x283f2a23) sw      gp, 660(t5)
core   0: 3 0x80009d70 (0x283f2a23) mem 0x80010000 0x00000001
core   0: 0x80009d74 (0xff9ff06f) j       pc - 0x8
core   0: 3 0x80009d74 (0xff9ff06f)
core   0: 0x80009d6c (0x00006f17) auipc   t5, 0x6
core   0: 3 0x80009d6c (0x00006f17) x30 0x8000fd6c
core   0: 0x80009d70 (0x283f2a23) sw      gp, 660(t5)
core   0: 3 0x80009d70 (0x283f2a23) mem 0x80010000 0x00000001
core   0: 0x80009d74 (0xff9ff06f) j       pc - 0x8
core   0: 3 0x80009d74 (0xff9ff06f)
core   0: 0x80009d6c (0x00006f17) auipc   t5, 0x6
core   0: 3 0x80009d6c (0x00006f17) x30 0x8000fd6c
core   0: 0x80009d70 (0x283f2a23) sw      gp, 660(t5)
core   0: 3 0x80009d70 (0x283f2a23) mem 0x80010000 0x00000001
core   0: 0x80009d74 (0xff9ff06f) j       pc - 0x8
core   0: 3 0x80009d74 (0xff9ff06f)
core   0: 0x80009d6c (0x00006f17) auipc   t5, 0x6
core   0: 3 0x80009d6c (0x00006f17) x30 0x8000fd6c
core   0: 0x80009d70 (0x283f2a23) sw      gp, 660(t5)
core   0: 3 0x80009d70 (0x283f2a23) mem 0x80010000 0x00000001
core   0: 0x80009d74 (0xff9ff06f) j       pc - 0x8
core   0: 3 0x80009d74 (0xff9ff06f)
core   0: 0x80009d6c (0x00006f17) auipc   t5, 0x6
core   0: 3 0x80009d6c (0x00006f17) x30 0x8000fd6c
core   0: 0x80009d70 (0x283f2a23) sw      gp, 660(t5)
core   0: 3 0x80009d70 (0x283f2a23) mem 0x80010000 0x00000001
core   0: 0x80009d74 (0xff9ff06f) j       pc - 0x8
core   0: 3 0x80009d74 (0xff9ff06f)
core   0: 0x80009d6c (0x00006f17) auipc   t5, 0x6
core   0: 3 0x80009d6c (0x00006f17) x30 0x8000fd6c
core   0: 0x80009d70 (0x283f2a23) sw      gp, 660(t5)
core   0: 3 0x80009d70 (0x283f2a23) mem 0x80010000 0x00000001
core   0: 0x80009d74 (0xff9ff06f) j       pc - 0x8
core   0: 3 0x80009d74 (0xff9ff06f)
core   0: 0x80009d6c (0x00006f17) auipc   t5, 0x6
core   0: 3 0x80009d6c (0x00006f17) x30 0x8000fd6c
core   0: 0x80009d70 (0x283f2a23) sw      gp, 660(t5)
core   0: 3 0x80009d70 (0x283f2a23) mem 0x80010000 0x00000001
core   0: 0x80009d74 (0xff9ff06f) j       pc - 0x8
core   0: 3 0x80009d74 (0xff9ff06f)
core   0: 0x80009d6c (0x00006f17) auipc   t5, 0x6
core   0: 3 0x80009d6c (0x00006f17) x30 0x8000fd6c
core   0: 0x80009d70 (0x283f2a23) sw      gp, 660(t5)
core   0: 3 0x80009d70 (0x283f2a23) mem 0x80010000 0x00000001
core   0: 0x80009d74 (0xff9ff06f) j       pc - 0x8
core   0: 3 0x80009d74 (0xff9ff06f)
core   0: 0x80009d6c (0x00006f17) auipc   t5, 0x6
core   0: 3 0x80009d6c (0x00006f17) x30 0x8000fd6c
core   0: 0x80009d70 (0x283f2a23) sw      gp, 660(t5)
core   0: 3 0x80009d70 (0x283f2a23) mem 0x80010000 0x00000001
core   0: 0x80009d74 (0xff9ff06f) j       pc - 0x8
core   0: 3 0x80009d74 (0xff9ff06f)
core   0: 0x80009d6c (0x00006f17) auipc   t5, 0x6
core   0: 3 0x80009d6c (0x00006f17) x30 0x8000fd6c
core   0: 0x80009d70 (0x283f2a23) sw      gp, 660(t5)
core   0: 3 0x80009d70 (0x283f2a23) mem 0x80010000 0x00000001
core   0: 0x80009d74 (0xff9ff06f) j       pc - 0x8
core   0: 3 0x80009d74 (0xff9ff06f)
core   0: 0x80009d6c (0x00006f17) auipc   t5, 0x6
core   0: 3 0x80009d6c (0x00006f17) x30 0x8000fd6c
core   0: 0x80009d70 (0x283f2a23) sw      gp, 660(t5)
core   0: 3 0x80009d70 (0x283f2a23) mem 0x80010000 0x00000001
core   0: 0x80009d74 (0xff9ff06f) j       pc - 0x8
core   0: 3 0x80009d74 (0xff9ff06f)
core   0: 0x80009d6c (0x00006f17) auipc   t5, 0x6
core   0: 3 0x80009d6c (0x00006f17) x30 0x8000fd6c
core   0: 0x80009d70 (0x283f2a23) sw      gp, 660(t5)
core   0: 3 0x80009d70 (0x283f2a23) mem 0x80010000 0x00000001
core   0: 0x80009d74 (0xff9ff06f) j       pc - 0x8
core   0: 3 0x80009d74 (0xff9ff06f)
core   0: 0x80009d6c (0x00006f17) auipc   t5, 0x6
core   0: 3 0x80009d6c (0x00006f17) x30 0x8000fd6c
core   0: 0x80009d70 (0x283f2a23) sw      gp, 660(t5)
core   0: 3 0x80009d70 (0x283f2a23) mem 0x80010000 0x00000001
core   0: 0x80009d74 (0xff9ff06f) j       pc - 0x8
core   0: 3 0x80009d74 (0xff9ff06f)
core   0: 0x80009d6c (0x00006f17) auipc   t5, 0x6
core   0: 3 0x80009d6c (0x00006f17) x30 0x8000fd6c
core   0: 0x80009d70 (0x283f2a23) sw      gp, 660(t5)
core   0: 3 0x80009d70 (0x283f2a23) mem 0x80010000 0x00000001
core   0: 0x80009d74 (0xff9ff06f) j       pc - 0x8
core   0: 3 0x80009d74 (0xff9ff06f)
core   0: 0x80009d6c (0x00006f17) auipc   t5, 0x6
core   0: 3 0x80009d6c (0x00006f17) x30 0x8000fd6c
core   0: 0x80009d70 (0x283f2a23) sw      gp, 660(t5)
core   0: 3 0x80009d70 (0x283f2a23) mem 0x80010000 0x00000001
core   0: 0x80009d74 (0xff9ff06f) j       pc - 0x8
core   0: 3 0x80009d74 (0xff9ff06f)
core   0: 0x80009d6c (0x00006f17) auipc   t5, 0x6
core   0: 3 0x80009d6c (0x00006f17) x30 0x8000fd6c
core   0: 0x80009d70 (0x283f2a23) sw      gp, 660(t5)
core   0: 3 0x80009d70 (0x283f2a23) mem 0x80010000 0x00000001
core   0: 0x80009d74 (0xff9ff06f) j       pc - 0x8
core   0: 3 0x80009d74 (0xff9ff06f)
core   0: 0x80009d6c (0x00006f17) auipc   t5, 0x6
core   0: 3 0x80009d6c (0x00006f17) x30 0x8000fd6c
core   0: 0x80009d70 (0x283f2a23) sw      gp, 660(t5)
core   0: 3 0x80009d70 (0x283f2a23) mem 0x80010000 0x00000001
core   0: 0x80009d74 (0xff9ff06f) j       pc - 0x8
core   0: 3 0x80009d74 (0xff9ff06f)
core   0: 0x80009d6c (0x00006f17) auipc   t5, 0x6
core   0: 3 0x80009d6c (0x00006f17) x30 0x8000fd6c
core   0: 0x80009d70 (0x283f2a23) sw      gp, 660(t5)
core   0: 3 0x80009d70 (0x283f2a23) mem 0x80010000 0x00000001
core   0: 0x80009d74 (0xff9ff06f) j       pc - 0x8
core   0: 3 0x80009d74 (0xff9ff06f)
core   0: 0x80009d6c (0x00006f17) auipc   t5, 0x6
core   0: 3 0x80009d6c (0x00006f17) x30 0x8000fd6c
core   0: 0x80009d70 (0x283f2a23) sw      gp, 660(t5)
core   0: 3 0x80009d70 (0x283f2a23) mem 0x80010000 0x00000001
core   0: 0x80009d74 (0xff9ff06f) j       pc - 0x8
core   0: 3 0x80009d74 (0xff9ff06f)
core   0: 0x80009d6c (0x00006f17) auipc   t5, 0x6
core   0: 3 0x80009d6c (0x00006f17) x30 0x8000fd6c
core   0: 0x80009d70 (0x283f2a23) sw      gp, 660(t5)
core   0: 3 0x80009d70 (0x283f2a23) mem 0x80010000 0x00000001
core   0: 0x80009d74 (0xff9ff06f) j       pc - 0x8
core   0: 3 0x80009d74 (0xff9ff06f)
core   0: 0x80009d6c (0x00006f17) auipc   t5, 0x6
core   0: 3 0x80009d6c (0x00006f17) x30 0x8000fd6c
core   0: 0x80009d70 (0x283f2a23) sw      gp, 660(t5)
core   0: 3 0x80009d70 (0x283f2a23) mem 0x80010000 0x00000001
core   0: 0x80009d74 (0xff9ff06f) j       pc - 0x8
core   0: 3 0x80009d74 (0xff9ff06f)
core   0: 0x80009d6c (0x00006f17) auipc   t5, 0x6
core   0: 3 0x80009d6c (0x00006f17) x30 0x8000fd6c
core   0: 0x80009d70 (0x283f2a23) sw      gp, 660(t5)
core   0: 3 0x80009d70 (0x283f2a23) mem 0x80010000 0x00000001
core   0: 0x80009d74 (0xff9ff06f) j       pc - 0x8
core   0: 3 0x80009d74 (0xff9ff06f)
core   0: 0x80009d6c (0x00006f17) auipc   t5, 0x6
core   0: 3 0x80009d6c (0x00006f17) x30 0x8000fd6c
core   0: 0x80009d70 (0x283f2a23) sw      gp, 660(t5)
core   0: 3 0x80009d70 (0x283f2a23) mem 0x80010000 0x00000001
core   0: 0x80009d74 (0xff9ff06f) j       pc - 0x8
core   0: 3 0x80009d74 (0xff9ff06f)
core   0: 0x80009d6c (0x00006f17) auipc   t5, 0x6
core   0: 3 0x80009d6c (0x00006f17) x30 0x8000fd6c
core   0: 0x80009d70 (0x283f2a23) sw      gp, 660(t5)
core   0: 3 0x80009d70 (0x283f2a23) mem 0x80010000 0x00000001
core   0: 0x80009d74 (0xff9ff06f) j       pc - 0x8
core   0: 3 0x80009d74 (0xff9ff06f)
core   0: 0x80009d6c (0x00006f17) auipc   t5, 0x6
core   0: 3 0x80009d6c (0x00006f17) x30 0x8000fd6c
core   0: 0x80009d70 (0x283f2a23) sw      gp, 660(t5)
core   0: 3 0x80009d70 (0x283f2a23) mem 0x80010000 0x00000001
core   0: 0x80009d74 (0xff9ff06f) j       pc - 0x8
core   0: 3 0x80009d74 (0xff9ff06f)
core   0: 0x80009d6c (0x00006f17) auipc   t5, 0x6
core   0: 3 0x80009d6c (0x00006f17) x30 0x8000fd6c
core   0: 0x80009d70 (0x283f2a23) sw      gp, 660(t5)
core   0: 3 0x80009d70 (0x283f2a23) mem 0x80010000 0x00000001
core   0: 0x80009d74 (0xff9ff06f) j       pc - 0x8
core   0: 3 0x80009d74 (0xff9ff06f)
core   0: 0x80009d6c (0x00006f17) auipc   t5, 0x6
core   0: 3 0x80009d6c (0x00006f17) x30 0x8000fd6c
core   0: 0x80009d70 (0x283f2a23) sw      gp, 660(t5)
core   0: 3 0x80009d70 (0x283f2a23) mem 0x80010000 0x00000001
core   0: 0x80009d74 (0xff9ff06f) j       pc - 0x8
core   0: 3 0x80009d74 (0xff9ff06f)
core   0: 0x80009d6c (0x00006f17) auipc   t5, 0x6
core   0: 3 0x80009d6c (0x00006f17) x30 0x8000fd6c
core   0: 0x80009d70 (0x283f2a23) sw      gp, 660(t5)
core   0: 3 0x80009d70 (0x283f2a23) mem 0x80010000 0x00000001
core   0: 0x80009d74 (0xff9ff06f) j       pc - 0x8
core   0: 3 0x80009d74 (0xff9ff06f)
core   0: 0x80009d6c (0x00006f17) auipc   t5, 0x6
core   0: 3 0x80009d6c (0x00006f17) x30 0x8000fd6c
core   0: 0x80009d70 (0x283f2a23) sw      gp, 660(t5)
core   0: 3 0x80009d70 (0x283f2a23) mem 0x80010000 0x00000001
core   0: 0x80009d74 (0xff9ff06f) j       pc - 0x8
core   0: 3 0x80009d74 (0xff9ff06f)
core   0: 0x80009d6c (0x00006f17) auipc   t5, 0x6
core   0: 3 0x80009d6c (0x00006f17) x30 0x8000fd6c
core   0: 0x80009d70 (0x283f2a23) sw      gp, 660(t5)
core   0: 3 0x80009d70 (0x283f2a23) mem 0x80010000 0x00000001
core   0: 0x80009d74 (0xff9ff06f) j       pc - 0x8
core   0: 3 0x80009d74 (0xff9ff06f)
core   0: 0x80009d6c (0x00006f17) auipc   t5, 0x6
core   0: 3 0x80009d6c (0x00006f17) x30 0x8000fd6c
core   0: 0x80009d70 (0x283f2a23) sw      gp, 660(t5)
core   0: 3 0x80009d70 (0x283f2a23) mem 0x80010000 0x00000001
core   0: 0x80009d74 (0xff9ff06f) j       pc - 0x8
core   0: 3 0x80009d74 (0xff9ff06f)
core   0: 0x80009d6c (0x00006f17) auipc   t5, 0x6
core   0: 3 0x80009d6c (0x00006f17) x30 0x8000fd6c
core   0: 0x80009d70 (0x283f2a23) sw      gp, 660(t5)
core   0: 3 0x80009d70 (0x283f2a23) mem 0x80010000 0x00000001
core   0: 0x80009d74 (0xff9ff06f) j       pc - 0x8
core   0: 3 0x80009d74 (0xff9ff06f)
core   0: 0x80009d6c (0x00006f17) auipc   t5, 0x6
core   0: 3 0x80009d6c (0x00006f17) x30 0x8000fd6c
core   0: 0x80009d70 (0x283f2a23) sw      gp, 660(t5)
core   0: 3 0x80009d70 (0x283f2a23) mem 0x80010000 0x00000001
core   0: 0x80009d74 (0xff9ff06f) j       pc - 0x8
core   0: 3 0x80009d74 (0xff9ff06f)
core   0: 0x80009d6c (0x00006f17) auipc   t5, 0x6
core   0: 3 0x80009d6c (0x00006f17) x30 0x8000fd6c
core   0: 0x80009d70 (0x283f2a23) sw      gp, 660(t5)
core   0: 3 0x80009d70 (0x283f2a23) mem 0x80010000 0x00000001
core   0: 0x80009d74 (0xff9ff06f) j       pc - 0x8
core   0: 3 0x80009d74 (0xff9ff06f)
core   0: 0x80009d6c (0x00006f17) auipc   t5, 0x6
core   0: 3 0x80009d6c (0x00006f17) x30 0x8000fd6c
core   0: 0x80009d70 (0x283f2a23) sw      gp, 660(t5)
core   0: 3 0x80009d70 (0x283f2a23) mem 0x80010000 0x00000001
core   0: 0x80009d74 (0xff9ff06f) j       pc - 0x8
core   0: 3 0x80009d74 (0xff9ff06f)
core   0: 0x80009d6c (0x00006f17) auipc   t5, 0x6
core   0: 3 0x80009d6c (0x00006f17) x30 0x8000fd6c
core   0: 0x80009d70 (0x283f2a23) sw      gp, 660(t5)
core   0: 3 0x80009d70 (0x283f2a23) mem 0x80010000 0x00000001
core   0: 0x80009d74 (0xff9ff06f) j       pc - 0x8
core   0: 3 0x80009d74 (0xff9ff06f)
core   0: 0x80009d6c (0x00006f17) auipc   t5, 0x6
core   0: 3 0x80009d6c (0x00006f17) x30 0x8000fd6c
core   0: 0x80009d70 (0x283f2a23) sw      gp, 660(t5)
core   0: 3 0x80009d70 (0x283f2a23) mem 0x80010000 0x00000001
core   0: 0x80009d74 (0xff9ff06f) j       pc - 0x8
core   0: 3 0x80009d74 (0xff9ff06f)
core   0: 0x80009d6c (0x00006f17) auipc   t5, 0x6
core   0: 3 0x80009d6c (0x00006f17) x30 0x8000fd6c
core   0: 0x80009d70 (0x283f2a23) sw      gp, 660(t5)
core   0: 3 0x80009d70 (0x283f2a23) mem 0x80010000 0x00000001
core   0: 0x80009d74 (0xff9ff06f) j       pc - 0x8
core   0: 3 0x80009d74 (0xff9ff06f)
core   0: 0x80009d6c (0x00006f17) auipc   t5, 0x6
core   0: 3 0x80009d6c (0x00006f17) x30 0x8000fd6c
core   0: 0x80009d70 (0x283f2a23) sw      gp, 660(t5)
core   0: 3 0x80009d70 (0x283f2a23) mem 0x80010000 0x00000001
core   0: 0x80009d74 (0xff9ff06f) j       pc - 0x8
core   0: 3 0x80009d74 (0xff9ff06f)
core   0: 0x80009d6c (0x00006f17) auipc   t5, 0x6
core   0: 3 0x80009d6c (0x00006f17) x30 0x8000fd6c
core   0: 0x80009d70 (0x283f2a23) sw      gp, 660(t5)
core   0: 3 0x80009d70 (0x283f2a23) mem 0x80010000 0x00000001
core   0: 0x80009d74 (0xff9ff06f) j       pc - 0x8
core   0: 3 0x80009d74 (0xff9ff06f)
core   0: 0x80009d6c (0x00006f17) auipc   t5, 0x6
core   0: 3 0x80009d6c (0x00006f17) x30 0x8000fd6c
core   0: 0x80009d70 (0x283f2a23) sw      gp, 660(t5)
core   0: 3 0x80009d70 (0x283f2a23) mem 0x80010000 0x00000001
core   0: 0x80009d74 (0xff9ff06f) j       pc - 0x8
core   0: 3 0x80009d74 (0xff9ff06f)
core   0: 0x80009d6c (0x00006f17) auipc   t5, 0x6
core   0: 3 0x80009d6c (0x00006f17) x30 0x8000fd6c
core   0: 0x80009d70 (0x283f2a23) sw      gp, 660(t5)
core   0: 3 0x80009d70 (0x283f2a23) mem 0x80010000 0x00000001
core   0: 0x80009d74 (0xff9ff06f) j       pc - 0x8
core   0: 3 0x80009d74 (0xff9ff06f)
core   0: 0x80009d6c (0x00006f17) auipc   t5, 0x6
core   0: 3 0x80009d6c (0x00006f17) x30 0x8000fd6c
core   0: 0x80009d70 (0x283f2a23) sw      gp, 660(t5)
core   0: 3 0x80009d70 (0x283f2a23) mem 0x80010000 0x00000001
core   0: 0x80009d74 (0xff9ff06f) j       pc - 0x8
core   0: 3 0x80009d74 (0xff9ff06f)
core   0: 0x80009d6c (0x00006f17) auipc   t5, 0x6
core   0: 3 0x80009d6c (0x00006f17) x30 0x8000fd6c
core   0: 0x80009d70 (0x283f2a23) sw      gp, 660(t5)
core   0: 3 0x80009d70 (0x283f2a23) mem 0x80010000 0x00000001
core   0: 0x80009d74 (0xff9ff06f) j       pc - 0x8
core   0: 3 0x80009d74 (0xff9ff06f)
core   0: 0x80009d6c (0x00006f17) auipc   t5, 0x6
core   0: 3 0x80009d6c (0x00006f17) x30 0x8000fd6c
core   0: 0x80009d70 (0x283f2a23) sw      gp, 660(t5)
core   0: 3 0x80009d70 (0x283f2a23) mem 0x80010000 0x00000001
core   0: 0x80009d74 (0xff9ff06f) j       pc - 0x8
core   0: 3 0x80009d74 (0xff9ff06f)
core   0: 0x80009d6c (0x00006f17) auipc   t5, 0x6
core   0: 3 0x80009d6c (0x00006f17) x30 0x8000fd6c
core   0: 0x80009d70 (0x283f2a23) sw      gp, 660(t5)
core   0: 3 0x80009d70 (0x283f2a23) mem 0x80010000 0x00000001
core   0: 0x80009d74 (0xff9ff06f) j       pc - 0x8
core   0: 3 0x80009d74 (0xff9ff06f)
core   0: 0x80009d6c (0x00006f17) auipc   t5, 0x6
core   0: 3 0x80009d6c (0x00006f17) x30 0x8000fd6c
core   0: 0x80009d70 (0x283f2a23) sw      gp, 660(t5)
core   0: 3 0x80009d70 (0x283f2a23) mem 0x80010000 0x00000001
core   0: 0x80009d74 (0xff9ff06f) j       pc - 0x8
core   0: 3 0x80009d74 (0xff9ff06f)
core   0: 0x80009d6c (0x00006f17) auipc   t5, 0x6
core   0: 3 0x80009d6c (0x00006f17) x30 0x8000fd6c
core   0: 0x80009d70 (0x283f2a23) sw      gp, 660(t5)
core   0: 3 0x80009d70 (0x283f2a23) mem 0x80010000 0x00000001
core   0: 0x80009d74 (0xff9ff06f) j       pc - 0x8
core   0: 3 0x80009d74 (0xff9ff06f)
core   0: 0x80009d6c (0x00006f17) auipc   t5, 0x6
core   0: 3 0x80009d6c (0x00006f17) x30 0x8000fd6c
core   0: 0x80009d70 (0x283f2a23) sw      gp, 660(t5)
core   0: 3 0x80009d70 (0x283f2a23) mem 0x80010000 0x00000001
core   0: 0x80009d74 (0xff9ff06f) j       pc - 0x8
core   0: 3 0x80009d74 (0xff9ff06f)
core   0: 0x80009d6c (0x00006f17) auipc   t5, 0x6
core   0: 3 0x80009d6c (0x00006f17) x30 0x8000fd6c
core   0: 0x80009d70 (0x283f2a23) sw      gp, 660(t5)
core   0: 3 0x80009d70 (0x283f2a23) mem 0x80010000 0x00000001
core   0: 0x80009d74 (0xff9ff06f) j       pc - 0x8
core   0: 3 0x80009d74 (0xff9ff06f)
core   0: 0x80009d6c (0x00006f17) auipc   t5, 0x6
core   0: 3 0x80009d6c (0x00006f17) x30 0x8000fd6c
core   0: 0x80009d70 (0x283f2a23) sw      gp, 660(t5)
core   0: 3 0x80009d70 (0x283f2a23) mem 0x80010000 0x00000001
core   0: 0x80009d74 (0xff9ff06f) j       pc - 0x8
core   0: 3 0x80009d74 (0xff9ff06f)
core   0: 0x80009d6c (0x00006f17) auipc   t5, 0x6
core   0: 3 0x80009d6c (0x00006f17) x30 0x8000fd6c
core   0: 0x80009d70 (0x283f2a23) sw      gp, 660(t5)
core   0: 3 0x80009d70 (0x283f2a23) mem 0x80010000 0x00000001
core   0: 0x80009d74 (0xff9ff06f) j       pc - 0x8
core   0: 3 0x80009d74 (0xff9ff06f)
core   0: 0x80009d6c (0x00006f17) auipc   t5, 0x6
core   0: 3 0x80009d6c (0x00006f17) x30 0x8000fd6c
core   0: 0x80009d70 (0x283f2a23) sw      gp, 660(t5)
core   0: 3 0x80009d70 (0x283f2a23) mem 0x80010000 0x00000001
core   0: 0x80009d74 (0xff9ff06f) j       pc - 0x8
core   0: 3 0x80009d74 (0xff9ff06f)
core   0: 0x80009d6c (0x00006f17) auipc   t5, 0x6
core   0: 3 0x80009d6c (0x00006f17) x30 0x8000fd6c
core   0: 0x80009d70 (0x283f2a23) sw      gp, 660(t5)
core   0: 3 0x80009d70 (0x283f2a23) mem 0x80010000 0x00000001
core   0: 0x80009d74 (0xff9ff06f) j       pc - 0x8
core   0: 3 0x80009d74 (0xff9ff06f)
core   0: 0x80009d6c (0x00006f17) auipc   t5, 0x6
core   0: 3 0x80009d6c (0x00006f17) x30 0x8000fd6c
core   0: 0x80009d70 (0x283f2a23) sw      gp, 660(t5)
core   0: 3 0x80009d70 (0x283f2a23) mem 0x80010000 0x00000001
core   0: 0x80009d74 (0xff9ff06f) j       pc - 0x8
core   0: 3 0x80009d74 (0xff9ff06f)
core   0: 0x80009d6c (0x00006f17) auipc   t5, 0x6
core   0: 3 0x80009d6c (0x00006f17) x30 0x8000fd6c
core   0: 0x80009d70 (0x283f2a23) sw      gp, 660(t5)
core   0: 3 0x80009d70 (0x283f2a23) mem 0x80010000 0x00000001
core   0: 0x80009d74 (0xff9ff06f) j       pc - 0x8
core   0: 3 0x80009d74 (0xff9ff06f)
core   0: 0x80009d6c (0x00006f17) auipc   t5, 0x6
core   0: 3 0x80009d6c (0x00006f17) x30 0x8000fd6c
core   0: 0x80009d70 (0x283f2a23) sw      gp, 660(t5)
core   0: 3 0x80009d70 (0x283f2a23) mem 0x80010000 0x00000001
core   0: 0x80009d74 (0xff9ff06f) j       pc - 0x8
core   0: 3 0x80009d74 (0xff9ff06f)
core   0: 0x80009d6c (0x00006f17) auipc   t5, 0x6
core   0: 3 0x80009d6c (0x00006f17) x30 0x8000fd6c
core   0: 0x80009d70 (0x283f2a23) sw      gp, 660(t5)
core   0: 3 0x80009d70 (0x283f2a23) mem 0x80010000 0x00000001
core   0: 0x80009d74 (0xff9ff06f) j       pc - 0x8
core   0: 3 0x80009d74 (0xff9ff06f)
core   0: 0x80009d6c (0x00006f17) auipc   t5, 0x6
core   0: 3 0x80009d6c (0x00006f17) x30 0x8000fd6c
core   0: 0x80009d70 (0x283f2a23) sw      gp, 660(t5)
core   0: 3 0x80009d70 (0x283f2a23) mem 0x80010000 0x00000001
core   0: 0x80009d74 (0xff9ff06f) j       pc - 0x8
core   0: 3 0x80009d74 (0xff9ff06f)
core   0: 0x80009d6c (0x00006f17) auipc   t5, 0x6
core   0: 3 0x80009d6c (0x00006f17) x30 0x8000fd6c
core   0: 0x80009d70 (0x283f2a23) sw      gp, 660(t5)
core   0: 3 0x80009d70 (0x283f2a23) mem 0x80010000 0x00000001
core   0: 0x80009d74 (0xff9ff06f) j       pc - 0x8
core   0: 3 0x80009d74 (0xff9ff06f)
core   0: 0x80009d6c (0x00006f17) auipc   t5, 0x6
core   0: 3 0x80009d6c (0x00006f17) x30 0x8000fd6c
core   0: 0x80009d70 (0x283f2a23) sw      gp, 660(t5)
core   0: 3 0x80009d70 (0x283f2a23) mem 0x80010000 0x00000001
core   0: 0x80009d74 (0xff9ff06f) j       pc - 0x8
core   0: 3 0x80009d74 (0xff9ff06f)
core   0: 0x80009d6c (0x00006f17) auipc   t5, 0x6
core   0: 3 0x80009d6c (0x00006f17) x30 0x8000fd6c
core   0: 0x80009d70 (0x283f2a23) sw      gp, 660(t5)
core   0: 3 0x80009d70 (0x283f2a23) mem 0x80010000 0x00000001
core   0: 0x80009d74 (0xff9ff06f) j       pc - 0x8
core   0: 3 0x80009d74 (0xff9ff06f)
core   0: 0x80009d6c (0x00006f17) auipc   t5, 0x6
core   0: 3 0x80009d6c (0x00006f17) x30 0x8000fd6c
core   0: 0x80009d70 (0x283f2a23) sw      gp, 660(t5)
core   0: 3 0x80009d70 (0x283f2a23) mem 0x80010000 0x00000001
core   0: 0x80009d74 (0xff9ff06f) j       pc - 0x8
core   0: 3 0x80009d74 (0xff9ff06f)
core   0: 0x80009d6c (0x00006f17) auipc   t5, 0x6
core   0: 3 0x80009d6c (0x00006f17) x30 0x8000fd6c
core   0: 0x80009d70 (0x283f2a23) sw      gp, 660(t5)
core   0: 3 0x80009d70 (0x283f2a23) mem 0x80010000 0x00000001
core   0: 0x80009d74 (0xff9ff06f) j       pc - 0x8
core   0: 3 0x80009d74 (0xff9ff06f)
core   0: 0x80009d6c (0x00006f17) auipc   t5, 0x6
core   0: 3 0x80009d6c (0x00006f17) x30 0x8000fd6c
core   0: 0x80009d70 (0x283f2a23) sw      gp, 660(t5)
core   0: 3 0x80009d70 (0x283f2a23) mem 0x80010000 0x00000001
core   0: 0x80009d74 (0xff9ff06f) j       pc - 0x8
core   0: 3 0x80009d74 (0xff9ff06f)
core   0: 0x80009d6c (0x00006f17) auipc   t5, 0x6
core   0: 3 0x80009d6c (0x00006f17) x30 0x8000fd6c
core   0: 0x80009d70 (0x283f2a23) sw      gp, 660(t5)
core   0: 3 0x80009d70 (0x283f2a23) mem 0x80010000 0x00000001
core   0: 0x80009d74 (0xff9ff06f) j       pc - 0x8
core   0: 3 0x80009d74 (0xff9ff06f)
core   0: 0x80009d6c (0x00006f17) auipc   t5, 0x6
core   0: 3 0x80009d6c (0x00006f17) x30 0x8000fd6c
core   0: 0x80009d70 (0x283f2a23) sw      gp, 660(t5)
core   0: 3 0x80009d70 (0x283f2a23) mem 0x80010000 0x00000001
core   0: 0x80009d74 (0xff9ff06f) j       pc - 0x8
core   0: 3 0x80009d74 (0xff9ff06f)
core   0: 0x80009d6c (0x00006f17) auipc   t5, 0x6
core   0: 3 0x80009d6c (0x00006f17) x30 0x8000fd6c
core   0: 0x80009d70 (0x283f2a23) sw      gp, 660(t5)
core   0: 3 0x80009d70 (0x283f2a23) mem 0x80010000 0x00000001
core   0: 0x80009d74 (0xff9ff06f) j       pc - 0x8
core   0: 3 0x80009d74 (0xff9ff06f)
core   0: 0x80009d6c (0x00006f17) auipc   t5, 0x6
core   0: 3 0x80009d6c (0x00006f17) x30 0x8000fd6c
core   0: 0x80009d70 (0x283f2a23) sw      gp, 660(t5)
core   0: 3 0x80009d70 (0x283f2a23) mem 0x80010000 0x00000001
core   0: 0x80009d74 (0xff9ff06f) j       pc - 0x8
core   0: 3 0x80009d74 (0xff9ff06f)
core   0: 0x80009d6c (0x00006f17) auipc   t5, 0x6
core   0: 3 0x80009d6c (0x00006f17) x30 0x8000fd6c
core   0: 0x80009d70 (0x283f2a23) sw      gp, 660(t5)
core   0: 3 0x80009d70 (0x283f2a23) mem 0x80010000 0x00000001
core   0: 0x80009d74 (0xff9ff06f) j       pc - 0x8
core   0: 3 0x80009d74 (0xff9ff06f)
core   0: 0x80009d6c (0x00006f17) auipc   t5, 0x6
core   0: 3 0x80009d6c (0x00006f17) x30 0x8000fd6c
core   0: 0x80009d70 (0x283f2a23) sw      gp, 660(t5)
core   0: 3 0x80009d70 (0x283f2a23) mem 0x80010000 0x00000001
core   0: 0x80009d74 (0xff9ff06f) j       pc - 0x8
core   0: 3 0x80009d74 (0xff9ff06f)
core   0: 0x80009d6c (0x00006f17) auipc   t5, 0x6
core   0: 3 0x80009d6c (0x00006f17) x30 0x8000fd6c
core   0: 0x80009d70 (0x283f2a23) sw      gp, 660(t5)
core   0: 3 0x80009d70 (0x283f2a23) mem 0x80010000 0x00000001
core   0: 0x80009d74 (0xff9ff06f) j       pc - 0x8
core   0: 3 0x80009d74 (0xff9ff06f)
core   0: 0x80009d6c (0x00006f17) auipc   t5, 0x6
core   0: 3 0x80009d6c (0x00006f17) x30 0x8000fd6c
core   0: 0x80009d70 (0x283f2a23) sw      gp, 660(t5)
core   0: 3 0x80009d70 (0x283f2a23) mem 0x80010000 0x00000001
core   0: 0x80009d74 (0xff9ff06f) j       pc - 0x8
core   0: 3 0x80009d74 (0xff9ff06f)
core   0: 0x80009d6c (0x00006f17) auipc   t5, 0x6
core   0: 3 0x80009d6c (0x00006f17) x30 0x8000fd6c
core   0: 0x80009d70 (0x283f2a23) sw      gp, 660(t5)
core   0: 3 0x80009d70 (0x283f2a23) mem 0x80010000 0x00000001
core   0: 0x80009d74 (0xff9ff06f) j       pc - 0x8
core   0: 3 0x80009d74 (0xff9ff06f)
core   0: 0x80009d6c (0x00006f17) auipc   t5, 0x6
core   0: 3 0x80009d6c (0x00006f17) x30 0x8000fd6c
core   0: 0x80009d70 (0x283f2a23) sw      gp, 660(t5)
core   0: 3 0x80009d70 (0x283f2a23) mem 0x80010000 0x00000001
core   0: 0x80009d74 (0xff9ff06f) j       pc - 0x8
core   0: 3 0x80009d74 (0xff9ff06f)
core   0: 0x80009d6c (0x00006f17) auipc   t5, 0x6
core   0: 3 0x80009d6c (0x00006f17) x30 0x8000fd6c
core   0: 0x80009d70 (0x283f2a23) sw      gp, 660(t5)
core   0: 3 0x80009d70 (0x283f2a23) mem 0x80010000 0x00000001
core   0: 0x80009d74 (0xff9ff06f) j       pc - 0x8
core   0: 3 0x80009d74 (0xff9ff06f)
core   0: 0x80009d6c (0x00006f17) auipc   t5, 0x6
core   0: 3 0x80009d6c (0x00006f17) x30 0x8000fd6c
core   0: 0x80009d70 (0x283f2a23) sw      gp, 660(t5)
core   0: 3 0x80009d70 (0x283f2a23) mem 0x80010000 0x00000001
core   0: 0x80009d74 (0xff9ff06f) j       pc - 0x8
core   0: 3 0x80009d74 (0xff9ff06f)
core   0: 0x80009d6c (0x00006f17) auipc   t5, 0x6
core   0: 3 0x80009d6c (0x00006f17) x30 0x8000fd6c
core   0: 0x80009d70 (0x283f2a23) sw      gp, 660(t5)
core   0: 3 0x80009d70 (0x283f2a23) mem 0x80010000 0x00000001
core   0: 0x80009d74 (0xff9ff06f) j       pc - 0x8
core   0: 3 0x80009d74 (0xff9ff06f)
core   0: 0x80009d6c (0x00006f17) auipc   t5, 0x6
core   0: 3 0x80009d6c (0x00006f17) x30 0x8000fd6c
core   0: 0x80009d70 (0x283f2a23) sw      gp, 660(t5)
core   0: 3 0x80009d70 (0x283f2a23) mem 0x80010000 0x00000001
core   0: 0x80009d74 (0xff9ff06f) j       pc - 0x8
core   0: 3 0x80009d74 (0xff9ff06f)
core   0: 0x80009d6c (0x00006f17) auipc   t5, 0x6
core   0: 3 0x80009d6c (0x00006f17) x30 0x8000fd6c
core   0: 0x80009d70 (0x283f2a23) sw      gp, 660(t5)
core   0: 3 0x80009d70 (0x283f2a23) mem 0x80010000 0x00000001
core   0: 0x80009d74 (0xff9ff06f) j       pc - 0x8
core   0: 3 0x80009d74 (0xff9ff06f)
core   0: 0x80009d6c (0x00006f17) auipc   t5, 0x6
core   0: 3 0x80009d6c (0x00006f17) x30 0x8000fd6c
core   0: 0x80009d70 (0x283f2a23) sw      gp, 660(t5)
core   0: 3 0x80009d70 (0x283f2a23) mem 0x80010000 0x00000001
core   0: 0x80009d74 (0xff9ff06f) j       pc - 0x8
core   0: 3 0x80009d74 (0xff9ff06f)
core   0: 0x80009d6c (0x00006f17) auipc   t5, 0x6
core   0: 3 0x80009d6c (0x00006f17) x30 0x8000fd6c
core   0: 0x80009d70 (0x283f2a23) sw      gp, 660(t5)
core   0: 3 0x80009d70 (0x283f2a23) mem 0x80010000 0x00000001
core   0: 0x80009d74 (0xff9ff06f) j       pc - 0x8
core   0: 3 0x80009d74 (0xff9ff06f)
core   0: 0x80009d6c (0x00006f17) auipc   t5, 0x6
core   0: 3 0x80009d6c (0x00006f17) x30 0x8000fd6c
core   0: 0x80009d70 (0x283f2a23) sw      gp, 660(t5)
core   0: 3 0x80009d70 (0x283f2a23) mem 0x80010000 0x00000001
core   0: 0x80009d74 (0xff9ff06f) j       pc - 0x8
core   0: 3 0x80009d74 (0xff9ff06f)
core   0: 0x80009d6c (0x00006f17) auipc   t5, 0x6
core   0: 3 0x80009d6c (0x00006f17) x30 0x8000fd6c
core   0: 0x80009d70 (0x283f2a23) sw      gp, 660(t5)
core   0: 3 0x80009d70 (0x283f2a23) mem 0x80010000 0x00000001
core   0: 0x80009d74 (0xff9ff06f) j       pc - 0x8
core   0: 3 0x80009d74 (0xff9ff06f)
core   0: 0x80009d6c (0x00006f17) auipc   t5, 0x6
core   0: 3 0x80009d6c (0x00006f17) x30 0x8000fd6c
core   0: 0x80009d70 (0x283f2a23) sw      gp, 660(t5)
core   0: 3 0x80009d70 (0x283f2a23) mem 0x80010000 0x00000001
core   0: 0x80009d74 (0xff9ff06f) j       pc - 0x8
core   0: 3 0x80009d74 (0xff9ff06f)
core   0: 0x80009d6c (0x00006f17) auipc   t5, 0x6
core   0: 3 0x80009d6c (0x00006f17) x30 0x8000fd6c
core   0: 0x80009d70 (0x283f2a23) sw      gp, 660(t5)
core   0: 3 0x80009d70 (0x283f2a23) mem 0x80010000 0x00000001
core   0: 0x80009d74 (0xff9ff06f) j       pc - 0x8
core   0: 3 0x80009d74 (0xff9ff06f)
core   0: 0x80009d6c (0x00006f17) auipc   t5, 0x6
core   0: 3 0x80009d6c (0x00006f17) x30 0x8000fd6c
core   0: 0x80009d70 (0x283f2a23) sw      gp, 660(t5)
core   0: 3 0x80009d70 (0x283f2a23) mem 0x80010000 0x00000001
core   0: 0x80009d74 (0xff9ff06f) j       pc - 0x8
core   0: 3 0x80009d74 (0xff9ff06f)
core   0: 0x80009d6c (0x00006f17) auipc   t5, 0x6
core   0: 3 0x80009d6c (0x00006f17) x30 0x8000fd6c
core   0: 0x80009d70 (0x283f2a23) sw      gp, 660(t5)
core   0: 3 0x80009d70 (0x283f2a23) mem 0x80010000 0x00000001
core   0: 0x80009d74 (0xff9ff06f) j       pc - 0x8
core   0: 3 0x80009d74 (0xff9ff06f)
core   0: 0x80009d6c (0x00006f17) auipc   t5, 0x6
core   0: 3 0x80009d6c (0x00006f17) x30 0x8000fd6c
core   0: 0x80009d70 (0x283f2a23) sw      gp, 660(t5)
core   0: 3 0x80009d70 (0x283f2a23) mem 0x80010000 0x00000001
core   0: 0x80009d74 (0xff9ff06f) j       pc - 0x8
core   0: 3 0x80009d74 (0xff9ff06f)
core   0: 0x80009d6c (0x00006f17) auipc   t5, 0x6
core   0: 3 0x80009d6c (0x00006f17) x30 0x8000fd6c
core   0: 0x80009d70 (0x283f2a23) sw      gp, 660(t5)
core   0: 3 0x80009d70 (0x283f2a23) mem 0x80010000 0x00000001
core   0: 0x80009d74 (0xff9ff06f) j       pc - 0x8
core   0: 3 0x80009d74 (0xff9ff06f)
core   0: 0x80009d6c (0x00006f17) auipc   t5, 0x6
core   0: 3 0x80009d6c (0x00006f17) x30 0x8000fd6c
core   0: 0x80009d70 (0x283f2a23) sw      gp, 660(t5)
core   0: 3 0x80009d70 (0x283f2a23) mem 0x80010000 0x00000001
core   0: 0x80009d74 (0xff9ff06f) j       pc - 0x8
core   0: 3 0x80009d74 (0xff9ff06f)
core   0: 0x80009d6c (0x00006f17) auipc   t5, 0x6
core   0: 3 0x80009d6c (0x00006f17) x30 0x8000fd6c
core   0: 0x80009d70 (0x283f2a23) sw      gp, 660(t5)
core   0: 3 0x80009d70 (0x283f2a23) mem 0x80010000 0x00000001
core   0: 0x80009d74 (0xff9ff06f) j       pc - 0x8
core   0: 3 0x80009d74 (0xff9ff06f)
core   0: 0x80009d6c (0x00006f17) auipc   t5, 0x6
core   0: 3 0x80009d6c (0x00006f17) x30 0x8000fd6c
core   0: 0x80009d70 (0x283f2a23) sw      gp, 660(t5)
core   0: 3 0x80009d70 (0x283f2a23) mem 0x80010000 0x00000001
core   0: 0x80009d74 (0xff9ff06f) j       pc - 0x8
core   0: 3 0x80009d74 (0xff9ff06f)
core   0: 0x80009d6c (0x00006f17) auipc   t5, 0x6
core   0: 3 0x80009d6c (0x00006f17) x30 0x8000fd6c
core   0: 0x80009d70 (0x283f2a23) sw      gp, 660(t5)
core   0: 3 0x80009d70 (0x283f2a23) mem 0x80010000 0x00000001
core   0: 0x80009d74 (0xff9ff06f) j       pc - 0x8
core   0: 3 0x80009d74 (0xff9ff06f)
core   0: 0x80009d6c (0x00006f17) auipc   t5, 0x6
core   0: 3 0x80009d6c (0x00006f17) x30 0x8000fd6c
core   0: 0x80009d70 (0x283f2a23) sw      gp, 660(t5)
core   0: 3 0x80009d70 (0x283f2a23) mem 0x80010000 0x00000001
core   0: 0x80009d74 (0xff9ff06f) j       pc - 0x8
core   0: 3 0x80009d74 (0xff9ff06f)
core   0: 0x80009d6c (0x00006f17) auipc   t5, 0x6
core   0: 3 0x80009d6c (0x00006f17) x30 0x8000fd6c
core   0: 0x80009d70 (0x283f2a23) sw      gp, 660(t5)
core   0: 3 0x80009d70 (0x283f2a23) mem 0x80010000 0x00000001
core   0: 0x80009d74 (0xff9ff06f) j       pc - 0x8
core   0: 3 0x80009d74 (0xff9ff06f)
core   0: 0x80009d6c (0x00006f17) auipc   t5, 0x6
core   0: 3 0x80009d6c (0x00006f17) x30 0x8000fd6c
core   0: 0x80009d70 (0x283f2a23) sw      gp, 660(t5)
core   0: 3 0x80009d70 (0x283f2a23) mem 0x80010000 0x00000001
core   0: 0x80009d74 (0xff9ff06f) j       pc - 0x8
core   0: 3 0x80009d74 (0xff9ff06f)
core   0: 0x80009d6c (0x00006f17) auipc   t5, 0x6
core   0: 3 0x80009d6c (0x00006f17) x30 0x8000fd6c
core   0: 0x80009d70 (0x283f2a23) sw      gp, 660(t5)
core   0: 3 0x80009d70 (0x283f2a23) mem 0x80010000 0x00000001
core   0: 0x80009d74 (0xff9ff06f) j       pc - 0x8
core   0: 3 0x80009d74 (0xff9ff06f)
core   0: 0x80009d6c (0x00006f17) auipc   t5, 0x6
core   0: 3 0x80009d6c (0x00006f17) x30 0x8000fd6c
core   0: 0x80009d70 (0x283f2a23) sw      gp, 660(t5)
core   0: 3 0x80009d70 (0x283f2a23) mem 0x80010000 0x00000001
core   0: 0x80009d74 (0xff9ff06f) j       pc - 0x8
core   0: 3 0x80009d74 (0xff9ff06f)
core   0: 0x80009d6c (0x00006f17) auipc   t5, 0x6
core   0: 3 0x80009d6c (0x00006f17) x30 0x8000fd6c
core   0: 0x80009d70 (0x283f2a23) sw      gp, 660(t5)
core   0: 3 0x80009d70 (0x283f2a23) mem 0x80010000 0x00000001
core   0: 0x80009d74 (0xff9ff06f) j       pc - 0x8
core   0: 3 0x80009d74 (0xff9ff06f)
core   0: 0x80009d6c (0x00006f17) auipc   t5, 0x6
core   0: 3 0x80009d6c (0x00006f17) x30 0x8000fd6c
core   0: 0x80009d70 (0x283f2a23) sw      gp, 660(t5)
core   0: 3 0x80009d70 (0x283f2a23) mem 0x80010000 0x00000001
core   0: 0x80009d74 (0xff9ff06f) j       pc - 0x8
core   0: 3 0x80009d74 (0xff9ff06f)
core   0: 0x80009d6c (0x00006f17) auipc   t5, 0x6
core   0: 3 0x80009d6c (0x00006f17) x30 0x8000fd6c
core   0: 0x80009d70 (0x283f2a23) sw      gp, 660(t5)
core   0: 3 0x80009d70 (0x283f2a23) mem 0x80010000 0x00000001
core   0: 0x80009d74 (0xff9ff06f) j       pc - 0x8
core   0: 3 0x80009d74 (0xff9ff06f)
core   0: 0x80009d6c (0x00006f17) auipc   t5, 0x6
core   0: 3 0x80009d6c (0x00006f17) x30 0x8000fd6c
core   0: 0x80009d70 (0x283f2a23) sw      gp, 660(t5)
core   0: 3 0x80009d70 (0x283f2a23) mem 0x80010000 0x00000001
core   0: 0x80009d74 (0xff9ff06f) j       pc - 0x8
core   0: 3 0x80009d74 (0xff9ff06f)
core   0: 0x80009d6c (0x00006f17) auipc   t5, 0x6
core   0: 3 0x80009d6c (0x00006f17) x30 0x8000fd6c
core   0: 0x80009d70 (0x283f2a23) sw      gp, 660(t5)
core   0: 3 0x80009d70 (0x283f2a23) mem 0x80010000 0x00000001
core   0: 0x80009d74 (0xff9ff06f) j       pc - 0x8
core   0: 3 0x80009d74 (0xff9ff06f)
core   0: 0x80009d6c (0x00006f17) auipc   t5, 0x6
core   0: 3 0x80009d6c (0x00006f17) x30 0x8000fd6c
core   0: 0x80009d70 (0x283f2a23) sw      gp, 660(t5)
core   0: 3 0x80009d70 (0x283f2a23) mem 0x80010000 0x00000001
core   0: 0x80009d74 (0xff9ff06f) j       pc - 0x8
core   0: 3 0x80009d74 (0xff9ff06f)
core   0: 0x80009d6c (0x00006f17) auipc   t5, 0x6
core   0: 3 0x80009d6c (0x00006f17) x30 0x8000fd6c
core   0: 0x80009d70 (0x283f2a23) sw      gp, 660(t5)
core   0: 3 0x80009d70 (0x283f2a23) mem 0x80010000 0x00000001
core   0: 0x80009d74 (0xff9ff06f) j       pc - 0x8
core   0: 3 0x80009d74 (0xff9ff06f)
core   0: 0x80009d6c (0x00006f17) auipc   t5, 0x6
core   0: 3 0x80009d6c (0x00006f17) x30 0x8000fd6c
core   0: 0x80009d70 (0x283f2a23) sw      gp, 660(t5)
core   0: 3 0x80009d70 (0x283f2a23) mem 0x80010000 0x00000001
core   0: 0x80009d74 (0xff9ff06f) j       pc - 0x8
core   0: 3 0x80009d74 (0xff9ff06f)
core   0: 0x80009d6c (0x00006f17) auipc   t5, 0x6
core   0: 3 0x80009d6c (0x00006f17) x30 0x8000fd6c
core   0: 0x80009d70 (0x283f2a23) sw      gp, 660(t5)
core   0: 3 0x80009d70 (0x283f2a23) mem 0x80010000 0x00000001
core   0: 0x80009d74 (0xff9ff06f) j       pc - 0x8
core   0: 3 0x80009d74 (0xff9ff06f)
core   0: 0x80009d6c (0x00006f17) auipc   t5, 0x6
core   0: 3 0x80009d6c (0x00006f17) x30 0x8000fd6c
core   0: 0x80009d70 (0x283f2a23) sw      gp, 660(t5)
core   0: 3 0x80009d70 (0x283f2a23) mem 0x80010000 0x00000001
core   0: 0x80009d74 (0xff9ff06f) j       pc - 0x8
core   0: 3 0x80009d74 (0xff9ff06f)
core   0: 0x80009d6c (0x00006f17) auipc   t5, 0x6
core   0: 3 0x80009d6c (0x00006f17) x30 0x8000fd6c
core   0: 0x80009d70 (0x283f2a23) sw      gp, 660(t5)
core   0: 3 0x80009d70 (0x283f2a23) mem 0x80010000 0x00000001
core   0: 0x80009d74 (0xff9ff06f) j       pc - 0x8
core   0: 3 0x80009d74 (0xff9ff06f)
core   0: 0x80009d6c (0x00006f17) auipc   t5, 0x6
core   0: 3 0x80009d6c (0x00006f17) x30 0x8000fd6c
core   0: 0x80009d70 (0x283f2a23) sw      gp, 660(t5)
core   0: 3 0x80009d70 (0x283f2a23) mem 0x80010000 0x00000001
core   0: 0x80009d74 (0xff9ff06f) j       pc - 0x8
core   0: 3 0x80009d74 (0xff9ff06f)
core   0: 0x80009d6c (0x00006f17) auipc   t5, 0x6
core   0: 3 0x80009d6c (0x00006f17) x30 0x8000fd6c
core   0: 0x80009d70 (0x283f2a23) sw      gp, 660(t5)
core   0: 3 0x80009d70 (0x283f2a23) mem 0x80010000 0x00000001
core   0: 0x80009d74 (0xff9ff06f) j       pc - 0x8
core   0: 3 0x80009d74 (0xff9ff06f)
core   0: 0x80009d6c (0x00006f17) auipc   t5, 0x6
core   0: 3 0x80009d6c (0x00006f17) x30 0x8000fd6c
core   0: 0x80009d70 (0x283f2a23) sw      gp, 660(t5)
core   0: 3 0x80009d70 (0x283f2a23) mem 0x80010000 0x00000001
core   0: 0x80009d74 (0xff9ff06f) j       pc - 0x8
core   0: 3 0x80009d74 (0xff9ff06f)
core   0: 0x80009d6c (0x00006f17) auipc   t5, 0x6
core   0: 3 0x80009d6c (0x00006f17) x30 0x8000fd6c
core   0: 0x80009d70 (0x283f2a23) sw      gp, 660(t5)
core   0: 3 0x80009d70 (0x283f2a23) mem 0x80010000 0x00000001
core   0: 0x80009d74 (0xff9ff06f) j       pc - 0x8
core   0: 3 0x80009d74 (0xff9ff06f)
core   0: 0x80009d6c (0x00006f17) auipc   t5, 0x6
core   0: 3 0x80009d6c (0x00006f17) x30 0x8000fd6c
core   0: 0x80009d70 (0x283f2a23) sw      gp, 660(t5)
core   0: 3 0x80009d70 (0x283f2a23) mem 0x80010000 0x00000001
core   0: 0x80009d74 (0xff9ff06f) j       pc - 0x8
core   0: 3 0x80009d74 (0xff9ff06f)
core   0: 0x80009d6c (0x00006f17) auipc   t5, 0x6
core   0: 3 0x80009d6c (0x00006f17) x30 0x8000fd6c
core   0: 0x80009d70 (0x283f2a23) sw      gp, 660(t5)
core   0: 3 0x80009d70 (0x283f2a23) mem 0x80010000 0x00000001
core   0: 0x80009d74 (0xff9ff06f) j       pc - 0x8
core   0: 3 0x80009d74 (0xff9ff06f)
core   0: 0x80009d6c (0x00006f17) auipc   t5, 0x6
core   0: 3 0x80009d6c (0x00006f17) x30 0x8000fd6c
core   0: 0x80009d70 (0x283f2a23) sw      gp, 660(t5)
core   0: 3 0x80009d70 (0x283f2a23) mem 0x80010000 0x00000001
core   0: 0x80009d74 (0xff9ff06f) j       pc - 0x8
core   0: 3 0x80009d74 (0xff9ff06f)
core   0: 0x80009d6c (0x00006f17) auipc   t5, 0x6
core   0: 3 0x80009d6c (0x00006f17) x30 0x8000fd6c
core   0: 0x80009d70 (0x283f2a23) sw      gp, 660(t5)
core   0: 3 0x80009d70 (0x283f2a23) mem 0x80010000 0x00000001
core   0: 0x80009d74 (0xff9ff06f) j       pc - 0x8
core   0: 3 0x80009d74 (0xff9ff06f)
core   0: 0x80009d6c (0x00006f17) auipc   t5, 0x6
core   0: 3 0x80009d6c (0x00006f17) x30 0x8000fd6c
core   0: 0x80009d70 (0x283f2a23) sw      gp, 660(t5)
core   0: 3 0x80009d70 (0x283f2a23) mem 0x80010000 0x00000001
core   0: 0x80009d74 (0xff9ff06f) j       pc - 0x8
core   0: 3 0x80009d74 (0xff9ff06f)
core   0: 0x80009d6c (0x00006f17) auipc   t5, 0x6
core   0: 3 0x80009d6c (0x00006f17) x30 0x8000fd6c
core   0: 0x80009d70 (0x283f2a23) sw      gp, 660(t5)
core   0: 3 0x80009d70 (0x283f2a23) mem 0x80010000 0x00000001
core   0: 0x80009d74 (0xff9ff06f) j       pc - 0x8
core   0: 3 0x80009d74 (0xff9ff06f)
core   0: 0x80009d6c (0x00006f17) auipc   t5, 0x6
core   0: 3 0x80009d6c (0x00006f17) x30 0x8000fd6c
core   0: 0x80009d70 (0x283f2a23) sw      gp, 660(t5)
core   0: 3 0x80009d70 (0x283f2a23) mem 0x80010000 0x00000001
core   0: 0x80009d74 (0xff9ff06f) j       pc - 0x8
core   0: 3 0x80009d74 (0xff9ff06f)
core   0: 0x80009d6c (0x00006f17) auipc   t5, 0x6
core   0: 3 0x80009d6c (0x00006f17) x30 0x8000fd6c
core   0: 0x80009d70 (0x283f2a23) sw      gp, 660(t5)
core   0: 3 0x80009d70 (0x283f2a23) mem 0x80010000 0x00000001
core   0: 0x80009d74 (0xff9ff06f) j       pc - 0x8
core   0: 3 0x80009d74 (0xff9ff06f)
core   0: 0x80009d6c (0x00006f17) auipc   t5, 0x6
core   0: 3 0x80009d6c (0x00006f17) x30 0x8000fd6c
core   0: 0x80009d70 (0x283f2a23) sw      gp, 660(t5)
core   0: 3 0x80009d70 (0x283f2a23) mem 0x80010000 0x00000001
core   0: 0x80009d74 (0xff9ff06f) j       pc - 0x8
core   0: 3 0x80009d74 (0xff9ff06f)
core   0: 0x80009d6c (0x00006f17) auipc   t5, 0x6
core   0: 3 0x80009d6c (0x00006f17) x30 0x8000fd6c
core   0: 0x80009d70 (0x283f2a23) sw      gp, 660(t5)
core   0: 3 0x80009d70 (0x283f2a23) mem 0x80010000 0x00000001
core   0: 0x80009d74 (0xff9ff06f) j       pc - 0x8
core   0: 3 0x80009d74 (0xff9ff06f)
core   0: 0x80009d6c (0x00006f17) auipc   t5, 0x6
core   0: 3 0x80009d6c (0x00006f17) x30 0x8000fd6c
core   0: 0x80009d70 (0x283f2a23) sw      gp, 660(t5)
core   0: 3 0x80009d70 (0x283f2a23) mem 0x80010000 0x00000001
core   0: 0x80009d74 (0xff9ff06f) j       pc - 0x8
core   0: 3 0x80009d74 (0xff9ff06f)
core   0: 0x80009d6c (0x00006f17) auipc   t5, 0x6
core   0: 3 0x80009d6c (0x00006f17) x30 0x8000fd6c
core   0: 0x80009d70 (0x283f2a23) sw      gp, 660(t5)
core   0: 3 0x80009d70 (0x283f2a23) mem 0x80010000 0x00000001
core   0: 0x80009d74 (0xff9ff06f) j       pc - 0x8
core   0: 3 0x80009d74 (0xff9ff06f)
core   0: 0x80009d6c (0x00006f17) auipc   t5, 0x6
core   0: 3 0x80009d6c (0x00006f17) x30 0x8000fd6c
core   0: 0x80009d70 (0x283f2a23) sw      gp, 660(t5)
core   0: 3 0x80009d70 (0x283f2a23) mem 0x80010000 0x00000001
core   0: 0x80009d74 (0xff9ff06f) j       pc - 0x8
core   0: 3 0x80009d74 (0xff9ff06f)
core   0: 0x80009d6c (0x00006f17) auipc   t5, 0x6
core   0: 3 0x80009d6c (0x00006f17) x30 0x8000fd6c
core   0: 0x80009d70 (0x283f2a23) sw      gp, 660(t5)
core   0: 3 0x80009d70 (0x283f2a23) mem 0x80010000 0x00000001
core   0: 0x80009d74 (0xff9ff06f) j       pc - 0x8
core   0: 3 0x80009d74 (0xff9ff06f)
core   0: 0x80009d6c (0x00006f17) auipc   t5, 0x6
core   0: 3 0x80009d6c (0x00006f17) x30 0x8000fd6c
core   0: 0x80009d70 (0x283f2a23) sw      gp, 660(t5)
core   0: 3 0x80009d70 (0x283f2a23) mem 0x80010000 0x00000001
core   0: 0x80009d74 (0xff9ff06f) j       pc - 0x8
core   0: 3 0x80009d74 (0xff9ff06f)
core   0: 0x80009d6c (0x00006f17) auipc   t5, 0x6
core   0: 3 0x80009d6c (0x00006f17) x30 0x8000fd6c
core   0: 0x80009d70 (0x283f2a23) sw      gp, 660(t5)
core   0: 3 0x80009d70 (0x283f2a23) mem 0x80010000 0x00000001
core   0: 0x80009d74 (0xff9ff06f) j       pc - 0x8
core   0: 3 0x80009d74 (0xff9ff06f)
core   0: 0x80009d6c (0x00006f17) auipc   t5, 0x6
core   0: 3 0x80009d6c (0x00006f17) x30 0x8000fd6c
core   0: 0x80009d70 (0x283f2a23) sw      gp, 660(t5)
core   0: 3 0x80009d70 (0x283f2a23) mem 0x80010000 0x00000001
core   0: 0x80009d74 (0xff9ff06f) j       pc - 0x8
core   0: 3 0x80009d74 (0xff9ff06f)
core   0: 0x80009d6c (0x00006f17) auipc   t5, 0x6
core   0: 3 0x80009d6c (0x00006f17) x30 0x8000fd6c
core   0: 0x80009d70 (0x283f2a23) sw      gp, 660(t5)
core   0: 3 0x80009d70 (0x283f2a23) mem 0x80010000 0x00000001
core   0: 0x80009d74 (0xff9ff06f) j       pc - 0x8
core   0: 3 0x80009d74 (0xff9ff06f)
core   0: 0x80009d6c (0x00006f17) auipc   t5, 0x6
core   0: 3 0x80009d6c (0x00006f17) x30 0x8000fd6c
core   0: 0x80009d70 (0x283f2a23) sw      gp, 660(t5)
core   0: 3 0x80009d70 (0x283f2a23) mem 0x80010000 0x00000001
core   0: 0x80009d74 (0xff9ff06f) j       pc - 0x8
core   0: 3 0x80009d74 (0xff9ff06f)
core   0: 0x80009d6c (0x00006f17) auipc   t5, 0x6
core   0: 3 0x80009d6c (0x00006f17) x30 0x8000fd6c
core   0: 0x80009d70 (0x283f2a23) sw      gp, 660(t5)
core   0: 3 0x80009d70 (0x283f2a23) mem 0x80010000 0x00000001
core   0: 0x80009d74 (0xff9ff06f) j       pc - 0x8
core   0: 3 0x80009d74 (0xff9ff06f)
core   0: 0x80009d6c (0x00006f17) auipc   t5, 0x6
core   0: 3 0x80009d6c (0x00006f17) x30 0x8000fd6c
core   0: 0x80009d70 (0x283f2a23) sw      gp, 660(t5)
core   0: 3 0x80009d70 (0x283f2a23) mem 0x80010000 0x00000001
core   0: 0x80009d74 (0xff9ff06f) j       pc - 0x8
core   0: 3 0x80009d74 (0xff9ff06f)
core   0: 0x80009d6c (0x00006f17) auipc   t5, 0x6
core   0: 3 0x80009d6c (0x00006f17) x30 0x8000fd6c
core   0: 0x80009d70 (0x283f2a23) sw      gp, 660(t5)
core   0: 3 0x80009d70 (0x283f2a23) mem 0x80010000 0x00000001
core   0: 0x80009d74 (0xff9ff06f) j       pc - 0x8
core   0: 3 0x80009d74 (0xff9ff06f)
core   0: 0x80009d6c (0x00006f17) auipc   t5, 0x6
core   0: 3 0x80009d6c (0x00006f17) x30 0x8000fd6c
core   0: 0x80009d70 (0x283f2a23) sw      gp, 660(t5)
core   0: 3 0x80009d70 (0x283f2a23) mem 0x80010000 0x00000001
core   0: 0x80009d74 (0xff9ff06f) j       pc - 0x8
core   0: 3 0x80009d74 (0xff9ff06f)
core   0: 0x80009d6c (0x00006f17) auipc   t5, 0x6
core   0: 3 0x80009d6c (0x00006f17) x30 0x8000fd6c
core   0: 0x80009d70 (0x283f2a23) sw      gp, 660(t5)
core   0: 3 0x80009d70 (0x283f2a23) mem 0x80010000 0x00000001
core   0: 0x80009d74 (0xff9ff06f) j       pc - 0x8
core   0: 3 0x80009d74 (0xff9ff06f)
core   0: 0x80009d6c (0x00006f17) auipc   t5, 0x6
core   0: 3 0x80009d6c (0x00006f17) x30 0x8000fd6c
core   0: 0x80009d70 (0x283f2a23) sw      gp, 660(t5)
core   0: 3 0x80009d70 (0x283f2a23) mem 0x80010000 0x00000001
core   0: 0x80009d74 (0xff9ff06f) j       pc - 0x8
core   0: 3 0x80009d74 (0xff9ff06f)
core   0: 0x80009d6c (0x00006f17) auipc   t5, 0x6
core   0: 3 0x80009d6c (0x00006f17) x30 0x8000fd6c
core   0: 0x80009d70 (0x283f2a23) sw      gp, 660(t5)
core   0: 3 0x80009d70 (0x283f2a23) mem 0x80010000 0x00000001
core   0: 0x80009d74 (0xff9ff06f) j       pc - 0x8
core   0: 3 0x80009d74 (0xff9ff06f)
core   0: 0x80009d6c (0x00006f17) auipc   t5, 0x6
core   0: 3 0x80009d6c (0x00006f17) x30 0x8000fd6c
core   0: 0x80009d70 (0x283f2a23) sw      gp, 660(t5)
core   0: 3 0x80009d70 (0x283f2a23) mem 0x80010000 0x00000001
core   0: 0x80009d74 (0xff9ff06f) j       pc - 0x8
core   0: 3 0x80009d74 (0xff9ff06f)
core   0: 0x80009d6c (0x00006f17) auipc   t5, 0x6
core   0: 3 0x80009d6c (0x00006f17) x30 0x8000fd6c
core   0: 0x80009d70 (0x283f2a23) sw      gp, 660(t5)
core   0: 3 0x80009d70 (0x283f2a23) mem 0x80010000 0x00000001
core   0: 0x80009d74 (0xff9ff06f) j       pc - 0x8
core   0: 3 0x80009d74 (0xff9ff06f)
core   0: 0x80009d6c (0x00006f17) auipc   t5, 0x6
core   0: 3 0x80009d6c (0x00006f17) x30 0x8000fd6c
core   0: 0x80009d70 (0x283f2a23) sw      gp, 660(t5)
core   0: 3 0x80009d70 (0x283f2a23) mem 0x80010000 0x00000001
core   0: 0x80009d74 (0xff9ff06f) j       pc - 0x8
core   0: 3 0x80009d74 (0xff9ff06f)
core   0: 0x80009d6c (0x00006f17) auipc   t5, 0x6
core   0: 3 0x80009d6c (0x00006f17) x30 0x8000fd6c
core   0: 0x80009d70 (0x283f2a23) sw      gp, 660(t5)
core   0: 3 0x80009d70 (0x283f2a23) mem 0x80010000 0x00000001
core   0: 0x80009d74 (0xff9ff06f) j       pc - 0x8
core   0: 3 0x80009d74 (0xff9ff06f)
core   0: 0x80009d6c (0x00006f17) auipc   t5, 0x6
core   0: 3 0x80009d6c (0x00006f17) x30 0x8000fd6c
core   0: 0x80009d70 (0x283f2a23) sw      gp, 660(t5)
core   0: 3 0x80009d70 (0x283f2a23) mem 0x80010000 0x00000001
core   0: 0x80009d74 (0xff9ff06f) j       pc - 0x8
core   0: 3 0x80009d74 (0xff9ff06f)
core   0: 0x80009d6c (0x00006f17) auipc   t5, 0x6
core   0: 3 0x80009d6c (0x00006f17) x30 0x8000fd6c
core   0: 0x80009d70 (0x283f2a23) sw      gp, 660(t5)
core   0: 3 0x80009d70 (0x283f2a23) mem 0x80010000 0x00000001
core   0: 0x80009d74 (0xff9ff06f) j       pc - 0x8
core   0: 3 0x80009d74 (0xff9ff06f)
core   0: 0x80009d6c (0x00006f17) auipc   t5, 0x6
core   0: 3 0x80009d6c (0x00006f17) x30 0x8000fd6c
core   0: 0x80009d70 (0x283f2a23) sw      gp, 660(t5)
core   0: 3 0x80009d70 (0x283f2a23) mem 0x80010000 0x00000001
core   0: 0x80009d74 (0xff9ff06f) j       pc - 0x8
core   0: 3 0x80009d74 (0xff9ff06f)
core   0: 0x80009d6c (0x00006f17) auipc   t5, 0x6
core   0: 3 0x80009d6c (0x00006f17) x30 0x8000fd6c
core   0: 0x80009d70 (0x283f2a23) sw      gp, 660(t5)
core   0: 3 0x80009d70 (0x283f2a23) mem 0x80010000 0x00000001
core   0: 0x80009d74 (0xff9ff06f) j       pc - 0x8
core   0: 3 0x80009d74 (0xff9ff06f)
core   0: 0x80009d6c (0x00006f17) auipc   t5, 0x6
core   0: 3 0x80009d6c (0x00006f17) x30 0x8000fd6c
core   0: 0x80009d70 (0x283f2a23) sw      gp, 660(t5)
core   0: 3 0x80009d70 (0x283f2a23) mem 0x80010000 0x00000001
core   0: 0x80009d74 (0xff9ff06f) j       pc - 0x8
core   0: 3 0x80009d74 (0xff9ff06f)
core   0: 0x80009d6c (0x00006f17) auipc   t5, 0x6
core   0: 3 0x80009d6c (0x00006f17) x30 0x8000fd6c
core   0: 0x80009d70 (0x283f2a23) sw      gp, 660(t5)
core   0: 3 0x80009d70 (0x283f2a23) mem 0x80010000 0x00000001
core   0: 0x80009d74 (0xff9ff06f) j       pc - 0x8
core   0: 3 0x80009d74 (0xff9ff06f)
core   0: 0x80009d6c (0x00006f17) auipc   t5, 0x6
core   0: 3 0x80009d6c (0x00006f17) x30 0x8000fd6c
core   0: 0x80009d70 (0x283f2a23) sw      gp, 660(t5)
core   0: 3 0x80009d70 (0x283f2a23) mem 0x80010000 0x00000001
core   0: 0x80009d74 (0xff9ff06f) j       pc - 0x8
core   0: 3 0x80009d74 (0xff9ff06f)
core   0: 0x80009d6c (0x00006f17) auipc   t5, 0x6
core   0: 3 0x80009d6c (0x00006f17) x30 0x8000fd6c
core   0: 0x80009d70 (0x283f2a23) sw      gp, 660(t5)
core   0: 3 0x80009d70 (0x283f2a23) mem 0x80010000 0x00000001
core   0: 0x80009d74 (0xff9ff06f) j       pc - 0x8
core   0: 3 0x80009d74 (0xff9ff06f)
core   0: 0x80009d6c (0x00006f17) auipc   t5, 0x6
core   0: 3 0x80009d6c (0x00006f17) x30 0x8000fd6c
core   0: 0x80009d70 (0x283f2a23) sw      gp, 660(t5)
core   0: 3 0x80009d70 (0x283f2a23) mem 0x80010000 0x00000001
core   0: 0x80009d74 (0xff9ff06f) j       pc - 0x8
core   0: 3 0x80009d74 (0xff9ff06f)
core   0: 0x80009d6c (0x00006f17) auipc   t5, 0x6
core   0: 3 0x80009d6c (0x00006f17) x30 0x8000fd6c
core   0: 0x80009d70 (0x283f2a23) sw      gp, 660(t5)
core   0: 3 0x80009d70 (0x283f2a23) mem 0x80010000 0x00000001
core   0: 0x80009d74 (0xff9ff06f) j       pc - 0x8
core   0: 3 0x80009d74 (0xff9ff06f)
core   0: 0x80009d6c (0x00006f17) auipc   t5, 0x6
core   0: 3 0x80009d6c (0x00006f17) x30 0x8000fd6c
core   0: 0x80009d70 (0x283f2a23) sw      gp, 660(t5)
core   0: 3 0x80009d70 (0x283f2a23) mem 0x80010000 0x00000001
core   0: 0x80009d74 (0xff9ff06f) j       pc - 0x8
core   0: 3 0x80009d74 (0xff9ff06f)
core   0: 0x80009d6c (0x00006f17) auipc   t5, 0x6
core   0: 3 0x80009d6c (0x00006f17) x30 0x8000fd6c
core   0: 0x80009d70 (0x283f2a23) sw      gp, 660(t5)
core   0: 3 0x80009d70 (0x283f2a23) mem 0x80010000 0x00000001
core   0: 0x80009d74 (0xff9ff06f) j       pc - 0x8
core   0: 3 0x80009d74 (0xff9ff06f)
core   0: 0x80009d6c (0x00006f17) auipc   t5, 0x6
core   0: 3 0x80009d6c (0x00006f17) x30 0x8000fd6c
core   0: 0x80009d70 (0x283f2a23) sw      gp, 660(t5)
core   0: 3 0x80009d70 (0x283f2a23) mem 0x80010000 0x00000001
core   0: 0x80009d74 (0xff9ff06f) j       pc - 0x8
core   0: 3 0x80009d74 (0xff9ff06f)
core   0: 0x80009d6c (0x00006f17) auipc   t5, 0x6
core   0: 3 0x80009d6c (0x00006f17) x30 0x8000fd6c
core   0: 0x80009d70 (0x283f2a23) sw      gp, 660(t5)
core   0: 3 0x80009d70 (0x283f2a23) mem 0x80010000 0x00000001
core   0: 0x80009d74 (0xff9ff06f) j       pc - 0x8
core   0: 3 0x80009d74 (0xff9ff06f)
core   0: 0x80009d6c (0x00006f17) auipc   t5, 0x6
core   0: 3 0x80009d6c (0x00006f17) x30 0x8000fd6c
core   0: 0x80009d70 (0x283f2a23) sw      gp, 660(t5)
core   0: 3 0x80009d70 (0x283f2a23) mem 0x80010000 0x00000001
core   0: 0x80009d74 (0xff9ff06f) j       pc - 0x8
core   0: 3 0x80009d74 (0xff9ff06f)
core   0: 0x80009d6c (0x00006f17) auipc   t5, 0x6
core   0: 3 0x80009d6c (0x00006f17) x30 0x8000fd6c
core   0: 0x80009d70 (0x283f2a23) sw      gp, 660(t5)
core   0: 3 0x80009d70 (0x283f2a23) mem 0x80010000 0x00000001
core   0: 0x80009d74 (0xff9ff06f) j       pc - 0x8
core   0: 3 0x80009d74 (0xff9ff06f)
core   0: 0x80009d6c (0x00006f17) auipc   t5, 0x6
core   0: 3 0x80009d6c (0x00006f17) x30 0x8000fd6c
core   0: 0x80009d70 (0x283f2a23) sw      gp, 660(t5)
core   0: 3 0x80009d70 (0x283f2a23) mem 0x80010000 0x00000001
core   0: 0x80009d74 (0xff9ff06f) j       pc - 0x8
core   0: 3 0x80009d74 (0xff9ff06f)
core   0: 0x80009d6c (0x00006f17) auipc   t5, 0x6
core   0: 3 0x80009d6c (0x00006f17) x30 0x8000fd6c
core   0: 0x80009d70 (0x283f2a23) sw      gp, 660(t5)
core   0: 3 0x80009d70 (0x283f2a23) mem 0x80010000 0x00000001
core   0: 0x80009d74 (0xff9ff06f) j       pc - 0x8
core   0: 3 0x80009d74 (0xff9ff06f)
core   0: 0x80009d6c (0x00006f17) auipc   t5, 0x6
core   0: 3 0x80009d6c (0x00006f17) x30 0x8000fd6c
core   0: 0x80009d70 (0x283f2a23) sw      gp, 660(t5)
core   0: 3 0x80009d70 (0x283f2a23) mem 0x80010000 0x00000001
core   0: 0x80009d74 (0xff9ff06f) j       pc - 0x8
core   0: 3 0x80009d74 (0xff9ff06f)
core   0: 0x80009d6c (0x00006f17) auipc   t5, 0x6
core   0: 3 0x80009d6c (0x00006f17) x30 0x8000fd6c
core   0: 0x80009d70 (0x283f2a23) sw      gp, 660(t5)
core   0: 3 0x80009d70 (0x283f2a23) mem 0x80010000 0x00000001
core   0: 0x80009d74 (0xff9ff06f) j       pc - 0x8
core   0: 3 0x80009d74 (0xff9ff06f)
core   0: 0x80009d6c (0x00006f17) auipc   t5, 0x6
core   0: 3 0x80009d6c (0x00006f17) x30 0x8000fd6c
core   0: 0x80009d70 (0x283f2a23) sw      gp, 660(t5)
core   0: 3 0x80009d70 (0x283f2a23) mem 0x80010000 0x00000001
core   0: 0x80009d74 (0xff9ff06f) j       pc - 0x8
core   0: 3 0x80009d74 (0xff9ff06f)
core   0: 0x80009d6c (0x00006f17) auipc   t5, 0x6
core   0: 3 0x80009d6c (0x00006f17) x30 0x8000fd6c
core   0: 0x80009d70 (0x283f2a23) sw      gp, 660(t5)
core   0: 3 0x80009d70 (0x283f2a23) mem 0x80010000 0x00000001
core   0: 0x80009d74 (0xff9ff06f) j       pc - 0x8
core   0: 3 0x80009d74 (0xff9ff06f)
core   0: 0x80009d6c (0x00006f17) auipc   t5, 0x6
core   0: 3 0x80009d6c (0x00006f17) x30 0x8000fd6c
core   0: 0x80009d70 (0x283f2a23) sw      gp, 660(t5)
core   0: 3 0x80009d70 (0x283f2a23) mem 0x80010000 0x00000001
core   0: 0x80009d74 (0xff9ff06f) j       pc - 0x8
core   0: 3 0x80009d74 (0xff9ff06f)
core   0: 0x80009d6c (0x00006f17) auipc   t5, 0x6
core   0: 3 0x80009d6c (0x00006f17) x30 0x8000fd6c
core   0: 0x80009d70 (0x283f2a23) sw      gp, 660(t5)
core   0: 3 0x80009d70 (0x283f2a23) mem 0x80010000 0x00000001
core   0: 0x80009d74 (0xff9ff06f) j       pc - 0x8
core   0: 3 0x80009d74 (0xff9ff06f)
core   0: 0x80009d6c (0x00006f17) auipc   t5, 0x6
core   0: 3 0x80009d6c (0x00006f17) x30 0x8000fd6c
core   0: 0x80009d70 (0x283f2a23) sw      gp, 660(t5)
core   0: 3 0x80009d70 (0x283f2a23) mem 0x80010000 0x00000001
core   0: 0x80009d74 (0xff9ff06f) j       pc - 0x8
core   0: 3 0x80009d74 (0xff9ff06f)
core   0: 0x80009d6c (0x00006f17) auipc   t5, 0x6
core   0: 3 0x80009d6c (0x00006f17) x30 0x8000fd6c
core   0: 0x80009d70 (0x283f2a23) sw      gp, 660(t5)
core   0: 3 0x80009d70 (0x283f2a23) mem 0x80010000 0x00000001
core   0: 0x80009d74 (0xff9ff06f) j       pc - 0x8
core   0: 3 0x80009d74 (0xff9ff06f)
core   0: 0x80009d6c (0x00006f17) auipc   t5, 0x6
core   0: 3 0x80009d6c (0x00006f17) x30 0x8000fd6c
core   0: 0x80009d70 (0x283f2a23) sw      gp, 660(t5)
core   0: 3 0x80009d70 (0x283f2a23) mem 0x80010000 0x00000001
core   0: 0x80009d74 (0xff9ff06f) j       pc - 0x8
core   0: 3 0x80009d74 (0xff9ff06f)
core   0: 0x80009d6c (0x00006f17) auipc   t5, 0x6
core   0: 3 0x80009d6c (0x00006f17) x30 0x8000fd6c
core   0: 0x80009d70 (0x283f2a23) sw      gp, 660(t5)
core   0: 3 0x80009d70 (0x283f2a23) mem 0x80010000 0x00000001
core   0: 0x80009d74 (0xff9ff06f) j       pc - 0x8
core   0: 3 0x80009d74 (0xff9ff06f)
core   0: 0x80009d6c (0x00006f17) auipc   t5, 0x6
core   0: 3 0x80009d6c (0x00006f17) x30 0x8000fd6c
core   0: 0x80009d70 (0x283f2a23) sw      gp, 660(t5)
core   0: 3 0x80009d70 (0x283f2a23) mem 0x80010000 0x00000001
core   0: 0x80009d74 (0xff9ff06f) j       pc - 0x8
core   0: 3 0x80009d74 (0xff9ff06f)
core   0: 0x80009d6c (0x00006f17) auipc   t5, 0x6
core   0: 3 0x80009d6c (0x00006f17) x30 0x8000fd6c
core   0: 0x80009d70 (0x283f2a23) sw      gp, 660(t5)
core   0: 3 0x80009d70 (0x283f2a23) mem 0x80010000 0x00000001
core   0: 0x80009d74 (0xff9ff06f) j       pc - 0x8
core   0: 3 0x80009d74 (0xff9ff06f)
core   0: 0x80009d6c (0x00006f17) auipc   t5, 0x6
core   0: 3 0x80009d6c (0x00006f17) x30 0x8000fd6c
core   0: 0x80009d70 (0x283f2a23) sw      gp, 660(t5)
core   0: 3 0x80009d70 (0x283f2a23) mem 0x80010000 0x00000001
core   0: 0x80009d74 (0xff9ff06f) j       pc - 0x8
core   0: 3 0x80009d74 (0xff9ff06f)
core   0: 0x80009d6c (0x00006f17) auipc   t5, 0x6
core   0: 3 0x80009d6c (0x00006f17) x30 0x8000fd6c
core   0: 0x80009d70 (0x283f2a23) sw      gp, 660(t5)
core   0: 3 0x80009d70 (0x283f2a23) mem 0x80010000 0x00000001
core   0: 0x80009d74 (0xff9ff06f) j       pc - 0x8
core   0: 3 0x80009d74 (0xff9ff06f)
core   0: 0x80009d6c (0x00006f17) auipc   t5, 0x6
core   0: 3 0x80009d6c (0x00006f17) x30 0x8000fd6c
core   0: 0x80009d70 (0x283f2a23) sw      gp, 660(t5)
core   0: 3 0x80009d70 (0x283f2a23) mem 0x80010000 0x00000001
core   0: 0x80009d74 (0xff9ff06f) j       pc - 0x8
core   0: 3 0x80009d74 (0xff9ff06f)
core   0: 0x80009d6c (0x00006f17) auipc   t5, 0x6
core   0: 3 0x80009d6c (0x00006f17) x30 0x8000fd6c
core   0: 0x80009d70 (0x283f2a23) sw      gp, 660(t5)
core   0: 3 0x80009d70 (0x283f2a23) mem 0x80010000 0x00000001
core   0: 0x80009d74 (0xff9ff06f) j       pc - 0x8
core   0: 3 0x80009d74 (0xff9ff06f)
core   0: 0x80009d6c (0x00006f17) auipc   t5, 0x6
core   0: 3 0x80009d6c (0x00006f17) x30 0x8000fd6c
core   0: 0x80009d70 (0x283f2a23) sw      gp, 660(t5)
core   0: 3 0x80009d70 (0x283f2a23) mem 0x80010000 0x00000001
core   0: 0x80009d74 (0xff9ff06f) j       pc - 0x8
core   0: 3 0x80009d74 (0xff9ff06f)
core   0: 0x80009d6c (0x00006f17) auipc   t5, 0x6
core   0: 3 0x80009d6c (0x00006f17) x30 0x8000fd6c
core   0: 0x80009d70 (0x283f2a23) sw      gp, 660(t5)
core   0: 3 0x80009d70 (0x283f2a23) mem 0x80010000 0x00000001
core   0: 0x80009d74 (0xff9ff06f) j       pc - 0x8
core   0: 3 0x80009d74 (0xff9ff06f)
core   0: 0x80009d6c (0x00006f17) auipc   t5, 0x6
core   0: 3 0x80009d6c (0x00006f17) x30 0x8000fd6c
core   0: 0x80009d70 (0x283f2a23) sw      gp, 660(t5)
core   0: 3 0x80009d70 (0x283f2a23) mem 0x80010000 0x00000001
core   0: 0x80009d74 (0xff9ff06f) j       pc - 0x8
core   0: 3 0x80009d74 (0xff9ff06f)
core   0: 0x80009d6c (0x00006f17) auipc   t5, 0x6
core   0: 3 0x80009d6c (0x00006f17) x30 0x8000fd6c
core   0: 0x80009d70 (0x283f2a23) sw      gp, 660(t5)
core   0: 3 0x80009d70 (0x283f2a23) mem 0x80010000 0x00000001
core   0: 0x80009d74 (0xff9ff06f) j       pc - 0x8
core   0: 3 0x80009d74 (0xff9ff06f)
core   0: 0x80009d6c (0x00006f17) auipc   t5, 0x6
core   0: 3 0x80009d6c (0x00006f17) x30 0x8000fd6c
core   0: 0x80009d70 (0x283f2a23) sw      gp, 660(t5)
core   0: 3 0x80009d70 (0x283f2a23) mem 0x80010000 0x00000001
core   0: 0x80009d74 (0xff9ff06f) j       pc - 0x8
core   0: 3 0x80009d74 (0xff9ff06f)
core   0: 0x80009d6c (0x00006f17) auipc   t5, 0x6
core   0: 3 0x80009d6c (0x00006f17) x30 0x8000fd6c
core   0: 0x80009d70 (0x283f2a23) sw      gp, 660(t5)
core   0: 3 0x80009d70 (0x283f2a23) mem 0x80010000 0x00000001
core   0: 0x80009d74 (0xff9ff06f) j       pc - 0x8
core   0: 3 0x80009d74 (0xff9ff06f)
core   0: 0x80009d6c (0x00006f17) auipc   t5, 0x6
core   0: 3 0x80009d6c (0x00006f17) x30 0x8000fd6c
core   0: 0x80009d70 (0x283f2a23) sw      gp, 660(t5)
core   0: 3 0x80009d70 (0x283f2a23) mem 0x80010000 0x00000001
core   0: 0x80009d74 (0xff9ff06f) j       pc - 0x8
core   0: 3 0x80009d74 (0xff9ff06f)
core   0: 0x80009d6c (0x00006f17) auipc   t5, 0x6
core   0: 3 0x80009d6c (0x00006f17) x30 0x8000fd6c
core   0: 0x80009d70 (0x283f2a23) sw      gp, 660(t5)
core   0: 3 0x80009d70 (0x283f2a23) mem 0x80010000 0x00000001
core   0: 0x80009d74 (0xff9ff06f) j       pc - 0x8
core   0: 3 0x80009d74 (0xff9ff06f)
core   0: 0x80009d6c (0x00006f17) auipc   t5, 0x6
core   0: 3 0x80009d6c (0x00006f17) x30 0x8000fd6c
core   0: 0x80009d70 (0x283f2a23) sw      gp, 660(t5)
core   0: 3 0x80009d70 (0x283f2a23) mem 0x80010000 0x00000001
core   0: 0x80009d74 (0xff9ff06f) j       pc - 0x8
core   0: 3 0x80009d74 (0xff9ff06f)
core   0: 0x80009d6c (0x00006f17) auipc   t5, 0x6
core   0: 3 0x80009d6c (0x00006f17) x30 0x8000fd6c
core   0: 0x80009d70 (0x283f2a23) sw      gp, 660(t5)
core   0: 3 0x80009d70 (0x283f2a23) mem 0x80010000 0x00000001
core   0: 0x80009d74 (0xff9ff06f) j       pc - 0x8
core   0: 3 0x80009d74 (0xff9ff06f)
core   0: 0x80009d6c (0x00006f17) auipc   t5, 0x6
core   0: 3 0x80009d6c (0x00006f17) x30 0x8000fd6c
core   0: 0x80009d70 (0x283f2a23) sw      gp, 660(t5)
core   0: 3 0x80009d70 (0x283f2a23) mem 0x80010000 0x00000001
core   0: 0x80009d74 (0xff9ff06f) j       pc - 0x8
core   0: 3 0x80009d74 (0xff9ff06f)
core   0: 0x80009d6c (0x00006f17) auipc   t5, 0x6
core   0: 3 0x80009d6c (0x00006f17) x30 0x8000fd6c
core   0: 0x80009d70 (0x283f2a23) sw      gp, 660(t5)
core   0: 3 0x80009d70 (0x283f2a23) mem 0x80010000 0x00000001
core   0: 0x80009d74 (0xff9ff06f) j       pc - 0x8
core   0: 3 0x80009d74 (0xff9ff06f)
core   0: 0x80009d6c (0x00006f17) auipc   t5, 0x6
core   0: 3 0x80009d6c (0x00006f17) x30 0x8000fd6c
core   0: 0x80009d70 (0x283f2a23) sw      gp, 660(t5)
core   0: 3 0x80009d70 (0x283f2a23) mem 0x80010000 0x00000001
core   0: 0x80009d74 (0xff9ff06f) j       pc - 0x8
core   0: 3 0x80009d74 (0xff9ff06f)
core   0: 0x80009d6c (0x00006f17) auipc   t5, 0x6
core   0: 3 0x80009d6c (0x00006f17) x30 0x8000fd6c
core   0: 0x80009d70 (0x283f2a23) sw      gp, 660(t5)
core   0: 3 0x80009d70 (0x283f2a23) mem 0x80010000 0x00000001
core   0: 0x80009d74 (0xff9ff06f) j       pc - 0x8
core   0: 3 0x80009d74 (0xff9ff06f)
core   0: 0x80009d6c (0x00006f17) auipc   t5, 0x6
core   0: 3 0x80009d6c (0x00006f17) x30 0x8000fd6c
core   0: 0x80009d70 (0x283f2a23) sw      gp, 660(t5)
core   0: 3 0x80009d70 (0x283f2a23) mem 0x80010000 0x00000001
core   0: 0x80009d74 (0xff9ff06f) j       pc - 0x8
core   0: 3 0x80009d74 (0xff9ff06f)
core   0: 0x80009d6c (0x00006f17) auipc   t5, 0x6
core   0: 3 0x80009d6c (0x00006f17) x30 0x8000fd6c
core   0: 0x80009d70 (0x283f2a23) sw      gp, 660(t5)
core   0: 3 0x80009d70 (0x283f2a23) mem 0x80010000 0x00000001
core   0: 0x80009d74 (0xff9ff06f) j       pc - 0x8
core   0: 3 0x80009d74 (0xff9ff06f)
core   0: 0x80009d6c (0x00006f17) auipc   t5, 0x6
core   0: 3 0x80009d6c (0x00006f17) x30 0x8000fd6c
core   0: 0x80009d70 (0x283f2a23) sw      gp, 660(t5)
core   0: 3 0x80009d70 (0x283f2a23) mem 0x80010000 0x00000001
core   0: 0x80009d74 (0xff9ff06f) j       pc - 0x8
core   0: 3 0x80009d74 (0xff9ff06f)
core   0: 0x80009d6c (0x00006f17) auipc   t5, 0x6
core   0: 3 0x80009d6c (0x00006f17) x30 0x8000fd6c
core   0: 0x80009d70 (0x283f2a23) sw      gp, 660(t5)
core   0: 3 0x80009d70 (0x283f2a23) mem 0x80010000 0x00000001
core   0: 0x80009d74 (0xff9ff06f) j       pc - 0x8
core   0: 3 0x80009d74 (0xff9ff06f)
core   0: 0x80009d6c (0x00006f17) auipc   t5, 0x6
core   0: 3 0x80009d6c (0x00006f17) x30 0x8000fd6c
core   0: 0x80009d70 (0x283f2a23) sw      gp, 660(t5)
core   0: 3 0x80009d70 (0x283f2a23) mem 0x80010000 0x00000001
core   0: 0x80009d74 (0xff9ff06f) j       pc - 0x8
core   0: 3 0x80009d74 (0xff9ff06f)
core   0: 0x80009d6c (0x00006f17) auipc   t5, 0x6
core   0: 3 0x80009d6c (0x00006f17) x30 0x8000fd6c
core   0: 0x80009d70 (0x283f2a23) sw      gp, 660(t5)
core   0: 3 0x80009d70 (0x283f2a23) mem 0x80010000 0x00000001
core   0: 0x80009d74 (0xff9ff06f) j       pc - 0x8
core   0: 3 0x80009d74 (0xff9ff06f)
core   0: 0x80009d6c (0x00006f17) auipc   t5, 0x6
core   0: 3 0x80009d6c (0x00006f17) x30 0x8000fd6c
core   0: 0x80009d70 (0x283f2a23) sw      gp, 660(t5)
core   0: 3 0x80009d70 (0x283f2a23) mem 0x80010000 0x00000001
core   0: 0x80009d74 (0xff9ff06f) j       pc - 0x8
core   0: 3 0x80009d74 (0xff9ff06f)
core   0: 0x80009d6c (0x00006f17) auipc   t5, 0x6
core   0: 3 0x80009d6c (0x00006f17) x30 0x8000fd6c
core   0: 0x80009d70 (0x283f2a23) sw      gp, 660(t5)
core   0: 3 0x80009d70 (0x283f2a23) mem 0x80010000 0x00000001
core   0: 0x80009d74 (0xff9ff06f) j       pc - 0x8
core   0: 3 0x80009d74 (0xff9ff06f)
core   0: 0x80009d6c (0x00006f17) auipc   t5, 0x6
core   0: 3 0x80009d6c (0x00006f17) x30 0x8000fd6c
core   0: 0x80009d70 (0x283f2a23) sw      gp, 660(t5)
core   0: 3 0x80009d70 (0x283f2a23) mem 0x80010000 0x00000001
core   0: 0x80009d74 (0xff9ff06f) j       pc - 0x8
core   0: 3 0x80009d74 (0xff9ff06f)
core   0: 0x80009d6c (0x00006f17) auipc   t5, 0x6
core   0: 3 0x80009d6c (0x00006f17) x30 0x8000fd6c
core   0: 0x80009d70 (0x283f2a23) sw      gp, 660(t5)
core   0: 3 0x80009d70 (0x283f2a23) mem 0x80010000 0x00000001
core   0: 0x80009d74 (0xff9ff06f) j       pc - 0x8
core   0: 3 0x80009d74 (0xff9ff06f)
core   0: 0x80009d6c (0x00006f17) auipc   t5, 0x6
core   0: 3 0x80009d6c (0x00006f17) x30 0x8000fd6c
core   0: 0x80009d70 (0x283f2a23) sw      gp, 660(t5)
core   0: 3 0x80009d70 (0x283f2a23) mem 0x80010000 0x00000001
core   0: 0x80009d74 (0xff9ff06f) j       pc - 0x8
core   0: 3 0x80009d74 (0xff9ff06f)
core   0: 0x80009d6c (0x00006f17) auipc   t5, 0x6
core   0: 3 0x80009d6c (0x00006f17) x30 0x8000fd6c
core   0: 0x80009d70 (0x283f2a23) sw      gp, 660(t5)
core   0: 3 0x80009d70 (0x283f2a23) mem 0x80010000 0x00000001
core   0: 0x80009d74 (0xff9ff06f) j       pc - 0x8
core   0: 3 0x80009d74 (0xff9ff06f)
core   0: 0x80009d6c (0x00006f17) auipc   t5, 0x6
core   0: 3 0x80009d6c (0x00006f17) x30 0x8000fd6c
core   0: 0x80009d70 (0x283f2a23) sw      gp, 660(t5)
core   0: 3 0x80009d70 (0x283f2a23) mem 0x80010000 0x00000001
core   0: 0x80009d74 (0xff9ff06f) j       pc - 0x8
core   0: 3 0x80009d74 (0xff9ff06f)
core   0: 0x80009d6c (0x00006f17) auipc   t5, 0x6
core   0: 3 0x80009d6c (0x00006f17) x30 0x8000fd6c
core   0: 0x80009d70 (0x283f2a23) sw      gp, 660(t5)
core   0: 3 0x80009d70 (0x283f2a23) mem 0x80010000 0x00000001
core   0: 0x80009d74 (0xff9ff06f) j       pc - 0x8
core   0: 3 0x80009d74 (0xff9ff06f)
core   0: 0x80009d6c (0x00006f17) auipc   t5, 0x6
core   0: 3 0x80009d6c (0x00006f17) x30 0x8000fd6c
core   0: 0x80009d70 (0x283f2a23) sw      gp, 660(t5)
core   0: 3 0x80009d70 (0x283f2a23) mem 0x80010000 0x00000001
core   0: 0x80009d74 (0xff9ff06f) j       pc - 0x8
core   0: 3 0x80009d74 (0xff9ff06f)
core   0: 0x80009d6c (0x00006f17) auipc   t5, 0x6
core   0: 3 0x80009d6c (0x00006f17) x30 0x8000fd6c
core   0: 0x80009d70 (0x283f2a23) sw      gp, 660(t5)
core   0: 3 0x80009d70 (0x283f2a23) mem 0x80010000 0x00000001
core   0: 0x80009d74 (0xff9ff06f) j       pc - 0x8
core   0: 3 0x80009d74 (0xff9ff06f)
core   0: 0x80009d6c (0x00006f17) auipc   t5, 0x6
core   0: 3 0x80009d6c (0x00006f17) x30 0x8000fd6c
core   0: 0x80009d70 (0x283f2a23) sw      gp, 660(t5)
core   0: 3 0x80009d70 (0x283f2a23) mem 0x80010000 0x00000001
core   0: 0x80009d74 (0xff9ff06f) j       pc - 0x8
core   0: 3 0x80009d74 (0xff9ff06f)
core   0: 0x80009d6c (0x00006f17) auipc   t5, 0x6
core   0: 3 0x80009d6c (0x00006f17) x30 0x8000fd6c
core   0: 0x80009d70 (0x283f2a23) sw      gp, 660(t5)
core   0: 3 0x80009d70 (0x283f2a23) mem 0x80010000 0x00000001
core   0: 0x80009d74 (0xff9ff06f) j       pc - 0x8
core   0: 3 0x80009d74 (0xff9ff06f)
core   0: 0x80009d6c (0x00006f17) auipc   t5, 0x6
core   0: 3 0x80009d6c (0x00006f17) x30 0x8000fd6c
core   0: 0x80009d70 (0x283f2a23) sw      gp, 660(t5)
core   0: 3 0x80009d70 (0x283f2a23) mem 0x80010000 0x00000001
core   0: 0x80009d74 (0xff9ff06f) j       pc - 0x8
core   0: 3 0x80009d74 (0xff9ff06f)
core   0: 0x80009d6c (0x00006f17) auipc   t5, 0x6
core   0: 3 0x80009d6c (0x00006f17) x30 0x8000fd6c
core   0: 0x80009d70 (0x283f2a23) sw      gp, 660(t5)
core   0: 3 0x80009d70 (0x283f2a23) mem 0x80010000 0x00000001
core   0: 0x80009d74 (0xff9ff06f) j       pc - 0x8
core   0: 3 0x80009d74 (0xff9ff06f)
core   0: 0x80009d6c (0x00006f17) auipc   t5, 0x6
core   0: 3 0x80009d6c (0x00006f17) x30 0x8000fd6c
core   0: 0x80009d70 (0x283f2a23) sw      gp, 660(t5)
core   0: 3 0x80009d70 (0x283f2a23) mem 0x80010000 0x00000001
core   0: 0x80009d74 (0xff9ff06f) j       pc - 0x8
core   0: 3 0x80009d74 (0xff9ff06f)
core   0: 0x80009d6c (0x00006f17) auipc   t5, 0x6
core   0: 3 0x80009d6c (0x00006f17) x30 0x8000fd6c
core   0: 0x80009d70 (0x283f2a23) sw      gp, 660(t5)
core   0: 3 0x80009d70 (0x283f2a23) mem 0x80010000 0x00000001
core   0: 0x80009d74 (0xff9ff06f) j       pc - 0x8
core   0: 3 0x80009d74 (0xff9ff06f)
core   0: 0x80009d6c (0x00006f17) auipc   t5, 0x6
core   0: 3 0x80009d6c (0x00006f17) x30 0x8000fd6c
core   0: 0x80009d70 (0x283f2a23) sw      gp, 660(t5)
core   0: 3 0x80009d70 (0x283f2a23) mem 0x80010000 0x00000001
core   0: 0x80009d74 (0xff9ff06f) j       pc - 0x8
core   0: 3 0x80009d74 (0xff9ff06f)
core   0: 0x80009d6c (0x00006f17) auipc   t5, 0x6
core   0: 3 0x80009d6c (0x00006f17) x30 0x8000fd6c
core   0: 0x80009d70 (0x283f2a23) sw      gp, 660(t5)
core   0: 3 0x80009d70 (0x283f2a23) mem 0x80010000 0x00000001
core   0: 0x80009d74 (0xff9ff06f) j       pc - 0x8
core   0: 3 0x80009d74 (0xff9ff06f)
core   0: 0x80009d6c (0x00006f17) auipc   t5, 0x6
core   0: 3 0x80009d6c (0x00006f17) x30 0x8000fd6c
core   0: 0x80009d70 (0x283f2a23) sw      gp, 660(t5)
core   0: 3 0x80009d70 (0x283f2a23) mem 0x80010000 0x00000001
core   0: 0x80009d74 (0xff9ff06f) j       pc - 0x8
core   0: 3 0x80009d74 (0xff9ff06f)
core   0: 0x80009d6c (0x00006f17) auipc   t5, 0x6
core   0: 3 0x80009d6c (0x00006f17) x30 0x8000fd6c
core   0: 0x80009d70 (0x283f2a23) sw      gp, 660(t5)
core   0: 3 0x80009d70 (0x283f2a23) mem 0x80010000 0x00000001
core   0: 0x80009d74 (0xff9ff06f) j       pc - 0x8
core   0: 3 0x80009d74 (0xff9ff06f)
core   0: 0x80009d6c (0x00006f17) auipc   t5, 0x6
core   0: 3 0x80009d6c (0x00006f17) x30 0x8000fd6c
core   0: 0x80009d70 (0x283f2a23) sw      gp, 660(t5)
core   0: 3 0x80009d70 (0x283f2a23) mem 0x80010000 0x00000001
core   0: 0x80009d74 (0xff9ff06f) j       pc - 0x8
core   0: 3 0x80009d74 (0xff9ff06f)
core   0: 0x80009d6c (0x00006f17) auipc   t5, 0x6
core   0: 3 0x80009d6c (0x00006f17) x30 0x8000fd6c
core   0: 0x80009d70 (0x283f2a23) sw      gp, 660(t5)
core   0: 3 0x80009d70 (0x283f2a23) mem 0x80010000 0x00000001
core   0: 0x80009d74 (0xff9ff06f) j       pc - 0x8
core   0: 3 0x80009d74 (0xff9ff06f)
core   0: 0x80009d6c (0x00006f17) auipc   t5, 0x6
core   0: 3 0x80009d6c (0x00006f17) x30 0x8000fd6c
core   0: 0x80009d70 (0x283f2a23) sw      gp, 660(t5)
core   0: 3 0x80009d70 (0x283f2a23) mem 0x80010000 0x00000001
core   0: 0x80009d74 (0xff9ff06f) j       pc - 0x8
core   0: 3 0x80009d74 (0xff9ff06f)
core   0: 0x80009d6c (0x00006f17) auipc   t5, 0x6
core   0: 3 0x80009d6c (0x00006f17) x30 0x8000fd6c
core   0: 0x80009d70 (0x283f2a23) sw      gp, 660(t5)
core   0: 3 0x80009d70 (0x283f2a23) mem 0x80010000 0x00000001
core   0: 0x80009d74 (0xff9ff06f) j       pc - 0x8
core   0: 3 0x80009d74 (0xff9ff06f)
core   0: 0x80009d6c (0x00006f17) auipc   t5, 0x6
core   0: 3 0x80009d6c (0x00006f17) x30 0x8000fd6c
core   0: 0x80009d70 (0x283f2a23) sw      gp, 660(t5)
core   0: 3 0x80009d70 (0x283f2a23) mem 0x80010000 0x00000001
core   0: 0x80009d74 (0xff9ff06f) j       pc - 0x8
core   0: 3 0x80009d74 (0xff9ff06f)
core   0: 0x80009d6c (0x00006f17) auipc   t5, 0x6
core   0: 3 0x80009d6c (0x00006f17) x30 0x8000fd6c
core   0: 0x80009d70 (0x283f2a23) sw      gp, 660(t5)
core   0: 3 0x80009d70 (0x283f2a23) mem 0x80010000 0x00000001
core   0: 0x80009d74 (0xff9ff06f) j       pc - 0x8
core   0: 3 0x80009d74 (0xff9ff06f)
core   0: 0x80009d6c (0x00006f17) auipc   t5, 0x6
core   0: 3 0x80009d6c (0x00006f17) x30 0x8000fd6c
core   0: 0x80009d70 (0x283f2a23) sw      gp, 660(t5)
core   0: 3 0x80009d70 (0x283f2a23) mem 0x80010000 0x00000001
core   0: 0x80009d74 (0xff9ff06f) j       pc - 0x8
core   0: 3 0x80009d74 (0xff9ff06f)
core   0: 0x80009d6c (0x00006f17) auipc   t5, 0x6
core   0: 3 0x80009d6c (0x00006f17) x30 0x8000fd6c
core   0: 0x80009d70 (0x283f2a23) sw      gp, 660(t5)
core   0: 3 0x80009d70 (0x283f2a23) mem 0x80010000 0x00000001
core   0: 0x80009d74 (0xff9ff06f) j       pc - 0x8
core   0: 3 0x80009d74 (0xff9ff06f)
core   0: 0x80009d6c (0x00006f17) auipc   t5, 0x6
core   0: 3 0x80009d6c (0x00006f17) x30 0x8000fd6c
core   0: 0x80009d70 (0x283f2a23) sw      gp, 660(t5)
core   0: 3 0x80009d70 (0x283f2a23) mem 0x80010000 0x00000001
core   0: 0x80009d74 (0xff9ff06f) j       pc - 0x8
core   0: 3 0x80009d74 (0xff9ff06f)
core   0: 0x80009d6c (0x00006f17) auipc   t5, 0x6
core   0: 3 0x80009d6c (0x00006f17) x30 0x8000fd6c
core   0: 0x80009d70 (0x283f2a23) sw      gp, 660(t5)
core   0: 3 0x80009d70 (0x283f2a23) mem 0x80010000 0x00000001
core   0: 0x80009d74 (0xff9ff06f) j       pc - 0x8
core   0: 3 0x80009d74 (0xff9ff06f)
core   0: 0x80009d6c (0x00006f17) auipc   t5, 0x6
core   0: 3 0x80009d6c (0x00006f17) x30 0x8000fd6c
core   0: 0x80009d70 (0x283f2a23) sw      gp, 660(t5)
core   0: 3 0x80009d70 (0x283f2a23) mem 0x80010000 0x00000001
core   0: 0x80009d74 (0xff9ff06f) j       pc - 0x8
core   0: 3 0x80009d74 (0xff9ff06f)
core   0: 0x80009d6c (0x00006f17) auipc   t5, 0x6
core   0: 3 0x80009d6c (0x00006f17) x30 0x8000fd6c
core   0: 0x80009d70 (0x283f2a23) sw      gp, 660(t5)
core   0: 3 0x80009d70 (0x283f2a23) mem 0x80010000 0x00000001
core   0: 0x80009d74 (0xff9ff06f) j       pc - 0x8
core   0: 3 0x80009d74 (0xff9ff06f)
core   0: 0x80009d6c (0x00006f17) auipc   t5, 0x6
core   0: 3 0x80009d6c (0x00006f17) x30 0x8000fd6c
core   0: 0x80009d70 (0x283f2a23) sw      gp, 660(t5)
core   0: 3 0x80009d70 (0x283f2a23) mem 0x80010000 0x00000001
core   0: 0x80009d74 (0xff9ff06f) j       pc - 0x8
core   0: 3 0x80009d74 (0xff9ff06f)
core   0: 0x80009d6c (0x00006f17) auipc   t5, 0x6
core   0: 3 0x80009d6c (0x00006f17) x30 0x8000fd6c
core   0: 0x80009d70 (0x283f2a23) sw      gp, 660(t5)
core   0: 3 0x80009d70 (0x283f2a23) mem 0x80010000 0x00000001
core   0: 0x80009d74 (0xff9ff06f) j       pc - 0x8
core   0: 3 0x80009d74 (0xff9ff06f)
core   0: 0x80009d6c (0x00006f17) auipc   t5, 0x6
core   0: 3 0x80009d6c (0x00006f17) x30 0x8000fd6c
core   0: 0x80009d70 (0x283f2a23) sw      gp, 660(t5)
core   0: 3 0x80009d70 (0x283f2a23) mem 0x80010000 0x00000001
core   0: 0x80009d74 (0xff9ff06f) j       pc - 0x8
core   0: 3 0x80009d74 (0xff9ff06f)
core   0: 0x80009d6c (0x00006f17) auipc   t5, 0x6
core   0: 3 0x80009d6c (0x00006f17) x30 0x8000fd6c
core   0: 0x80009d70 (0x283f2a23) sw      gp, 660(t5)
core   0: 3 0x80009d70 (0x283f2a23) mem 0x80010000 0x00000001
core   0: 0x80009d74 (0xff9ff06f) j       pc - 0x8
core   0: 3 0x80009d74 (0xff9ff06f)
core   0: 0x80009d6c (0x00006f17) auipc   t5, 0x6
core   0: 3 0x80009d6c (0x00006f17) x30 0x8000fd6c
core   0: 0x80009d70 (0x283f2a23) sw      gp, 660(t5)
core   0: 3 0x80009d70 (0x283f2a23) mem 0x80010000 0x00000001
core   0: 0x80009d74 (0xff9ff06f) j       pc - 0x8
core   0: 3 0x80009d74 (0xff9ff06f)
core   0: 0x80009d6c (0x00006f17) auipc   t5, 0x6
core   0: 3 0x80009d6c (0x00006f17) x30 0x8000fd6c
core   0: 0x80009d70 (0x283f2a23) sw      gp, 660(t5)
core   0: 3 0x80009d70 (0x283f2a23) mem 0x80010000 0x00000001
core   0: 0x80009d74 (0xff9ff06f) j       pc - 0x8
core   0: 3 0x80009d74 (0xff9ff06f)
core   0: 0x80009d6c (0x00006f17) auipc   t5, 0x6
core   0: 3 0x80009d6c (0x00006f17) x30 0x8000fd6c
core   0: 0x80009d70 (0x283f2a23) sw      gp, 660(t5)
core   0: 3 0x80009d70 (0x283f2a23) mem 0x80010000 0x00000001
core   0: 0x80009d74 (0xff9ff06f) j       pc - 0x8
core   0: 3 0x80009d74 (0xff9ff06f)
core   0: 0x80009d6c (0x00006f17) auipc   t5, 0x6
core   0: 3 0x80009d6c (0x00006f17) x30 0x8000fd6c
core   0: 0x80009d70 (0x283f2a23) sw      gp, 660(t5)
core   0: 3 0x80009d70 (0x283f2a23) mem 0x80010000 0x00000001
core   0: 0x80009d74 (0xff9ff06f) j       pc - 0x8
core   0: 3 0x80009d74 (0xff9ff06f)
core   0: 0x80009d6c (0x00006f17) auipc   t5, 0x6
core   0: 3 0x80009d6c (0x00006f17) x30 0x8000fd6c
core   0: 0x80009d70 (0x283f2a23) sw      gp, 660(t5)
core   0: 3 0x80009d70 (0x283f2a23) mem 0x80010000 0x00000001
core   0: 0x80009d74 (0xff9ff06f) j       pc - 0x8
core   0: 3 0x80009d74 (0xff9ff06f)
core   0: 0x80009d6c (0x00006f17) auipc   t5, 0x6
core   0: 3 0x80009d6c (0x00006f17) x30 0x8000fd6c
core   0: 0x80009d70 (0x283f2a23) sw      gp, 660(t5)
core   0: 3 0x80009d70 (0x283f2a23) mem 0x80010000 0x00000001
core   0: 0x80009d74 (0xff9ff06f) j       pc - 0x8
core   0: 3 0x80009d74 (0xff9ff06f)
core   0: 0x80009d6c (0x00006f17) auipc   t5, 0x6
core   0: 3 0x80009d6c (0x00006f17) x30 0x8000fd6c
core   0: 0x80009d70 (0x283f2a23) sw      gp, 660(t5)
core   0: 3 0x80009d70 (0x283f2a23) mem 0x80010000 0x00000001
core   0: 0x80009d74 (0xff9ff06f) j       pc - 0x8
core   0: 3 0x80009d74 (0xff9ff06f)
core   0: 0x80009d6c (0x00006f17) auipc   t5, 0x6
core   0: 3 0x80009d6c (0x00006f17) x30 0x8000fd6c
core   0: 0x80009d70 (0x283f2a23) sw      gp, 660(t5)
core   0: 3 0x80009d70 (0x283f2a23) mem 0x80010000 0x00000001
core   0: 0x80009d74 (0xff9ff06f) j       pc - 0x8
core   0: 3 0x80009d74 (0xff9ff06f)
core   0: 0x80009d6c (0x00006f17) auipc   t5, 0x6
core   0: 3 0x80009d6c (0x00006f17) x30 0x8000fd6c
core   0: 0x80009d70 (0x283f2a23) sw      gp, 660(t5)
core   0: 3 0x80009d70 (0x283f2a23) mem 0x80010000 0x00000001
core   0: 0x80009d74 (0xff9ff06f) j       pc - 0x8
core   0: 3 0x80009d74 (0xff9ff06f)
core   0: 0x80009d6c (0x00006f17) auipc   t5, 0x6
core   0: 3 0x80009d6c (0x00006f17) x30 0x8000fd6c
core   0: 0x80009d70 (0x283f2a23) sw      gp, 660(t5)
core   0: 3 0x80009d70 (0x283f2a23) mem 0x80010000 0x00000001
core   0: 0x80009d74 (0xff9ff06f) j       pc - 0x8
core   0: 3 0x80009d74 (0xff9ff06f)
core   0: 0x80009d6c (0x00006f17) auipc   t5, 0x6
core   0: 3 0x80009d6c (0x00006f17) x30 0x8000fd6c
core   0: 0x80009d70 (0x283f2a23) sw      gp, 660(t5)
core   0: 3 0x80009d70 (0x283f2a23) mem 0x80010000 0x00000001
core   0: 0x80009d74 (0xff9ff06f) j       pc - 0x8
core   0: 3 0x80009d74 (0xff9ff06f)
core   0: 0x80009d6c (0x00006f17) auipc   t5, 0x6
core   0: 3 0x80009d6c (0x00006f17) x30 0x8000fd6c
core   0: 0x80009d70 (0x283f2a23) sw      gp, 660(t5)
core   0: 3 0x80009d70 (0x283f2a23) mem 0x80010000 0x00000001
core   0: 0x80009d74 (0xff9ff06f) j       pc - 0x8
core   0: 3 0x80009d74 (0xff9ff06f)
core   0: 0x80009d6c (0x00006f17) auipc   t5, 0x6
core   0: 3 0x80009d6c (0x00006f17) x30 0x8000fd6c
core   0: 0x80009d70 (0x283f2a23) sw      gp, 660(t5)
core   0: 3 0x80009d70 (0x283f2a23) mem 0x80010000 0x00000001
core   0: 0x80009d74 (0xff9ff06f) j       pc - 0x8
core   0: 3 0x80009d74 (0xff9ff06f)
core   0: 0x80009d6c (0x00006f17) auipc   t5, 0x6
core   0: 3 0x80009d6c (0x00006f17) x30 0x8000fd6c
core   0: 0x80009d70 (0x283f2a23) sw      gp, 660(t5)
core   0: 3 0x80009d70 (0x283f2a23) mem 0x80010000 0x00000001
core   0: 0x80009d74 (0xff9ff06f) j       pc - 0x8
core   0: 3 0x80009d74 (0xff9ff06f)
core   0: 0x80009d6c (0x00006f17) auipc   t5, 0x6
core   0: 3 0x80009d6c (0x00006f17) x30 0x8000fd6c
core   0: 0x80009d70 (0x283f2a23) sw      gp, 660(t5)
core   0: 3 0x80009d70 (0x283f2a23) mem 0x80010000 0x00000001
core   0: 0x80009d74 (0xff9ff06f) j       pc - 0x8
core   0: 3 0x80009d74 (0xff9ff06f)
core   0: 0x80009d6c (0x00006f17) auipc   t5, 0x6
core   0: 3 0x80009d6c (0x00006f17) x30 0x8000fd6c
core   0: 0x80009d70 (0x283f2a23) sw      gp, 660(t5)
core   0: 3 0x80009d70 (0x283f2a23) mem 0x80010000 0x00000001
core   0: 0x80009d74 (0xff9ff06f) j       pc - 0x8
core   0: 3 0x80009d74 (0xff9ff06f)
core   0: 0x80009d6c (0x00006f17) auipc   t5, 0x6
core   0: 3 0x80009d6c (0x00006f17) x30 0x8000fd6c
core   0: 0x80009d70 (0x283f2a23) sw      gp, 660(t5)
core   0: 3 0x80009d70 (0x283f2a23) mem 0x80010000 0x00000001
core   0: 0x80009d74 (0xff9ff06f) j       pc - 0x8
core   0: 3 0x80009d74 (0xff9ff06f)
core   0: 0x80009d6c (0x00006f17) auipc   t5, 0x6
core   0: 3 0x80009d6c (0x00006f17) x30 0x8000fd6c
core   0: 0x80009d70 (0x283f2a23) sw      gp, 660(t5)
core   0: 3 0x80009d70 (0x283f2a23) mem 0x80010000 0x00000001
core   0: 0x80009d74 (0xff9ff06f) j       pc - 0x8
core   0: 3 0x80009d74 (0xff9ff06f)
core   0: 0x80009d6c (0x00006f17) auipc   t5, 0x6
core   0: 3 0x80009d6c (0x00006f17) x30 0x8000fd6c
core   0: 0x80009d70 (0x283f2a23) sw      gp, 660(t5)
core   0: 3 0x80009d70 (0x283f2a23) mem 0x80010000 0x00000001
core   0: 0x80009d74 (0xff9ff06f) j       pc - 0x8
core   0: 3 0x80009d74 (0xff9ff06f)
core   0: 0x80009d6c (0x00006f17) auipc   t5, 0x6
core   0: 3 0x80009d6c (0x00006f17) x30 0x8000fd6c
core   0: 0x80009d70 (0x283f2a23) sw      gp, 660(t5)
core   0: 3 0x80009d70 (0x283f2a23) mem 0x80010000 0x00000001
core   0: 0x80009d74 (0xff9ff06f) j       pc - 0x8
core   0: 3 0x80009d74 (0xff9ff06f)
core   0: 0x80009d6c (0x00006f17) auipc   t5, 0x6
core   0: 3 0x80009d6c (0x00006f17) x30 0x8000fd6c
core   0: 0x80009d70 (0x283f2a23) sw      gp, 660(t5)
core   0: 3 0x80009d70 (0x283f2a23) mem 0x80010000 0x00000001
core   0: 0x80009d74 (0xff9ff06f) j       pc - 0x8
core   0: 3 0x80009d74 (0xff9ff06f)
core   0: 0x80009d6c (0x00006f17) auipc   t5, 0x6
core   0: 3 0x80009d6c (0x00006f17) x30 0x8000fd6c
core   0: 0x80009d70 (0x283f2a23) sw      gp, 660(t5)
core   0: 3 0x80009d70 (0x283f2a23) mem 0x80010000 0x00000001
core   0: 0x80009d74 (0xff9ff06f) j       pc - 0x8
core   0: 3 0x80009d74 (0xff9ff06f)
core   0: 0x80009d6c (0x00006f17) auipc   t5, 0x6
core   0: 3 0x80009d6c (0x00006f17) x30 0x8000fd6c
core   0: 0x80009d70 (0x283f2a23) sw      gp, 660(t5)
core   0: 3 0x80009d70 (0x283f2a23) mem 0x80010000 0x00000001
core   0: 0x80009d74 (0xff9ff06f) j       pc - 0x8
core   0: 3 0x80009d74 (0xff9ff06f)
core   0: 0x80009d6c (0x00006f17) auipc   t5, 0x6
core   0: 3 0x80009d6c (0x00006f17) x30 0x8000fd6c
core   0: 0x80009d70 (0x283f2a23) sw      gp, 660(t5)
core   0: 3 0x80009d70 (0x283f2a23) mem 0x80010000 0x00000001
core   0: 0x80009d74 (0xff9ff06f) j       pc - 0x8
core   0: 3 0x80009d74 (0xff9ff06f)
core   0: 0x80009d6c (0x00006f17) auipc   t5, 0x6
core   0: 3 0x80009d6c (0x00006f17) x30 0x8000fd6c
core   0: 0x80009d70 (0x283f2a23) sw      gp, 660(t5)
core   0: 3 0x80009d70 (0x283f2a23) mem 0x80010000 0x00000001
core   0: 0x80009d74 (0xff9ff06f) j       pc - 0x8
core   0: 3 0x80009d74 (0xff9ff06f)
core   0: 0x80009d6c (0x00006f17) auipc   t5, 0x6
core   0: 3 0x80009d6c (0x00006f17) x30 0x8000fd6c
core   0: 0x80009d70 (0x283f2a23) sw      gp, 660(t5)
core   0: 3 0x80009d70 (0x283f2a23) mem 0x80010000 0x00000001
core   0: 0x80009d74 (0xff9ff06f) j       pc - 0x8
core   0: 3 0x80009d74 (0xff9ff06f)
core   0: 0x80009d6c (0x00006f17) auipc   t5, 0x6
core   0: 3 0x80009d6c (0x00006f17) x30 0x8000fd6c
core   0: 0x80009d70 (0x283f2a23) sw      gp, 660(t5)
core   0: 3 0x80009d70 (0x283f2a23) mem 0x80010000 0x00000001
core   0: 0x80009d74 (0xff9ff06f) j       pc - 0x8
core   0: 3 0x80009d74 (0xff9ff06f)
core   0: 0x80009d6c (0x00006f17) auipc   t5, 0x6
core   0: 3 0x80009d6c (0x00006f17) x30 0x8000fd6c
core   0: 0x80009d70 (0x283f2a23) sw      gp, 660(t5)
core   0: 3 0x80009d70 (0x283f2a23) mem 0x80010000 0x00000001
core   0: 0x80009d74 (0xff9ff06f) j       pc - 0x8
core   0: 3 0x80009d74 (0xff9ff06f)
core   0: 0x80009d6c (0x00006f17) auipc   t5, 0x6
core   0: 3 0x80009d6c (0x00006f17) x30 0x8000fd6c
core   0: 0x80009d70 (0x283f2a23) sw      gp, 660(t5)
core   0: 3 0x80009d70 (0x283f2a23) mem 0x80010000 0x00000001
core   0: 0x80009d74 (0xff9ff06f) j       pc - 0x8
core   0: 3 0x80009d74 (0xff9ff06f)
core   0: 0x80009d6c (0x00006f17) auipc   t5, 0x6
core   0: 3 0x80009d6c (0x00006f17) x30 0x8000fd6c
core   0: 0x80009d70 (0x283f2a23) sw      gp, 660(t5)
core   0: 3 0x80009d70 (0x283f2a23) mem 0x80010000 0x00000001
core   0: 0x80009d74 (0xff9ff06f) j       pc - 0x8
core   0: 3 0x80009d74 (0xff9ff06f)
core   0: 0x80009d6c (0x00006f17) auipc   t5, 0x6
core   0: 3 0x80009d6c (0x00006f17) x30 0x8000fd6c
core   0: 0x80009d70 (0x283f2a23) sw      gp, 660(t5)
core   0: 3 0x80009d70 (0x283f2a23) mem 0x80010000 0x00000001
core   0: 0x80009d74 (0xff9ff06f) j       pc - 0x8
core   0: 3 0x80009d74 (0xff9ff06f)
core   0: 0x80009d6c (0x00006f17) auipc   t5, 0x6
core   0: 3 0x80009d6c (0x00006f17) x30 0x8000fd6c
core   0: 0x80009d70 (0x283f2a23) sw      gp, 660(t5)
core   0: 3 0x80009d70 (0x283f2a23) mem 0x80010000 0x00000001
core   0: 0x80009d74 (0xff9ff06f) j       pc - 0x8
core   0: 3 0x80009d74 (0xff9ff06f)
core   0: 0x80009d6c (0x00006f17) auipc   t5, 0x6
core   0: 3 0x80009d6c (0x00006f17) x30 0x8000fd6c
core   0: 0x80009d70 (0x283f2a23) sw      gp, 660(t5)
core   0: 3 0x80009d70 (0x283f2a23) mem 0x80010000 0x00000001
core   0: 0x80009d74 (0xff9ff06f) j       pc - 0x8
core   0: 3 0x80009d74 (0xff9ff06f)
core   0: 0x80009d6c (0x00006f17) auipc   t5, 0x6
core   0: 3 0x80009d6c (0x00006f17) x30 0x8000fd6c
core   0: 0x80009d70 (0x283f2a23) sw      gp, 660(t5)
core   0: 3 0x80009d70 (0x283f2a23) mem 0x80010000 0x00000001
core   0: 0x80009d74 (0xff9ff06f) j       pc - 0x8
core   0: 3 0x80009d74 (0xff9ff06f)
core   0: 0x80009d6c (0x00006f17) auipc   t5, 0x6
core   0: 3 0x80009d6c (0x00006f17) x30 0x8000fd6c
core   0: 0x80009d70 (0x283f2a23) sw      gp, 660(t5)
core   0: 3 0x80009d70 (0x283f2a23) mem 0x80010000 0x00000001
core   0: 0x80009d74 (0xff9ff06f) j       pc - 0x8
core   0: 3 0x80009d74 (0xff9ff06f)
core   0: 0x80009d6c (0x00006f17) auipc   t5, 0x6
core   0: 3 0x80009d6c (0x00006f17) x30 0x8000fd6c
core   0: 0x80009d70 (0x283f2a23) sw      gp, 660(t5)
core   0: 3 0x80009d70 (0x283f2a23) mem 0x80010000 0x00000001
core   0: 0x80009d74 (0xff9ff06f) j       pc - 0x8
core   0: 3 0x80009d74 (0xff9ff06f)
core   0: 0x80009d6c (0x00006f17) auipc   t5, 0x6
core   0: 3 0x80009d6c (0x00006f17) x30 0x8000fd6c
core   0: 0x80009d70 (0x283f2a23) sw      gp, 660(t5)
core   0: 3 0x80009d70 (0x283f2a23) mem 0x80010000 0x00000001
core   0: 0x80009d74 (0xff9ff06f) j       pc - 0x8
core   0: 3 0x80009d74 (0xff9ff06f)
core   0: 0x80009d6c (0x00006f17) auipc   t5, 0x6
core   0: 3 0x80009d6c (0x00006f17) x30 0x8000fd6c
core   0: 0x80009d70 (0x283f2a23) sw      gp, 660(t5)
core   0: 3 0x80009d70 (0x283f2a23) mem 0x80010000 0x00000001
core   0: 0x80009d74 (0xff9ff06f) j       pc - 0x8
core   0: 3 0x80009d74 (0xff9ff06f)
core   0: 0x80009d6c (0x00006f17) auipc   t5, 0x6
core   0: 3 0x80009d6c (0x00006f17) x30 0x8000fd6c
core   0: 0x80009d70 (0x283f2a23) sw      gp, 660(t5)
core   0: 3 0x80009d70 (0x283f2a23) mem 0x80010000 0x00000001
core   0: 0x80009d74 (0xff9ff06f) j       pc - 0x8
core   0: 3 0x80009d74 (0xff9ff06f)
core   0: 0x80009d6c (0x00006f17) auipc   t5, 0x6
core   0: 3 0x80009d6c (0x00006f17) x30 0x8000fd6c
core   0: 0x80009d70 (0x283f2a23) sw      gp, 660(t5)
core   0: 3 0x80009d70 (0x283f2a23) mem 0x80010000 0x00000001
core   0: 0x80009d74 (0xff9ff06f) j       pc - 0x8
core   0: 3 0x80009d74 (0xff9ff06f)
core   0: 0x80009d6c (0x00006f17) auipc   t5, 0x6
core   0: 3 0x80009d6c (0x00006f17) x30 0x8000fd6c
core   0: 0x80009d70 (0x283f2a23) sw      gp, 660(t5)
core   0: 3 0x80009d70 (0x283f2a23) mem 0x80010000 0x00000001
core   0: 0x80009d74 (0xff9ff06f) j       pc - 0x8
core   0: 3 0x80009d74 (0xff9ff06f)
core   0: 0x80009d6c (0x00006f17) auipc   t5, 0x6
core   0: 3 0x80009d6c (0x00006f17) x30 0x8000fd6c
core   0: 0x80009d70 (0x283f2a23) sw      gp, 660(t5)
core   0: 3 0x80009d70 (0x283f2a23) mem 0x80010000 0x00000001
core   0: 0x80009d74 (0xff9ff06f) j       pc - 0x8
core   0: 3 0x80009d74 (0xff9ff06f)
core   0: 0x80009d6c (0x00006f17) auipc   t5, 0x6
core   0: 3 0x80009d6c (0x00006f17) x30 0x8000fd6c
core   0: 0x80009d70 (0x283f2a23) sw      gp, 660(t5)
core   0: 3 0x80009d70 (0x283f2a23) mem 0x80010000 0x00000001
core   0: 0x80009d74 (0xff9ff06f) j       pc - 0x8
core   0: 3 0x80009d74 (0xff9ff06f)
core   0: 0x80009d6c (0x00006f17) auipc   t5, 0x6
core   0: 3 0x80009d6c (0x00006f17) x30 0x8000fd6c
core   0: 0x80009d70 (0x283f2a23) sw      gp, 660(t5)
core   0: 3 0x80009d70 (0x283f2a23) mem 0x80010000 0x00000001
core   0: 0x80009d74 (0xff9ff06f) j       pc - 0x8
core   0: 3 0x80009d74 (0xff9ff06f)
core   0: 0x80009d6c (0x00006f17) auipc   t5, 0x6
core   0: 3 0x80009d6c (0x00006f17) x30 0x8000fd6c
core   0: 0x80009d70 (0x283f2a23) sw      gp, 660(t5)
core   0: 3 0x80009d70 (0x283f2a23) mem 0x80010000 0x00000001
core   0: 0x80009d74 (0xff9ff06f) j       pc - 0x8
core   0: 3 0x80009d74 (0xff9ff06f)
core   0: 0x80009d6c (0x00006f17) auipc   t5, 0x6
core   0: 3 0x80009d6c (0x00006f17) x30 0x8000fd6c
core   0: 0x80009d70 (0x283f2a23) sw      gp, 660(t5)
core   0: 3 0x80009d70 (0x283f2a23) mem 0x80010000 0x00000001
core   0: 0x80009d74 (0xff9ff06f) j       pc - 0x8
core   0: 3 0x80009d74 (0xff9ff06f)
core   0: 0x80009d6c (0x00006f17) auipc   t5, 0x6
core   0: 3 0x80009d6c (0x00006f17) x30 0x8000fd6c
core   0: 0x80009d70 (0x283f2a23) sw      gp, 660(t5)
core   0: 3 0x80009d70 (0x283f2a23) mem 0x80010000 0x00000001
core   0: 0x80009d74 (0xff9ff06f) j       pc - 0x8
core   0: 3 0x80009d74 (0xff9ff06f)
core   0: 0x80009d6c (0x00006f17) auipc   t5, 0x6
core   0: 3 0x80009d6c (0x00006f17) x30 0x8000fd6c
core   0: 0x80009d70 (0x283f2a23) sw      gp, 660(t5)
core   0: 3 0x80009d70 (0x283f2a23) mem 0x80010000 0x00000001
core   0: 0x80009d74 (0xff9ff06f) j       pc - 0x8
core   0: 3 0x80009d74 (0xff9ff06f)
core   0: 0x80009d6c (0x00006f17) auipc   t5, 0x6
core   0: 3 0x80009d6c (0x00006f17) x30 0x8000fd6c
core   0: 0x80009d70 (0x283f2a23) sw      gp, 660(t5)
core   0: 3 0x80009d70 (0x283f2a23) mem 0x80010000 0x00000001
core   0: 0x80009d74 (0xff9ff06f) j       pc - 0x8
core   0: 3 0x80009d74 (0xff9ff06f)
core   0: 0x80009d6c (0x00006f17) auipc   t5, 0x6
core   0: 3 0x80009d6c (0x00006f17) x30 0x8000fd6c
core   0: 0x80009d70 (0x283f2a23) sw      gp, 660(t5)
core   0: 3 0x80009d70 (0x283f2a23) mem 0x80010000 0x00000001
core   0: 0x80009d74 (0xff9ff06f) j       pc - 0x8
core   0: 3 0x80009d74 (0xff9ff06f)
core   0: 0x80009d6c (0x00006f17) auipc   t5, 0x6
core   0: 3 0x80009d6c (0x00006f17) x30 0x8000fd6c
core   0: 0x80009d70 (0x283f2a23) sw      gp, 660(t5)
core   0: 3 0x80009d70 (0x283f2a23) mem 0x80010000 0x00000001
core   0: 0x80009d74 (0xff9ff06f) j       pc - 0x8
core   0: 3 0x80009d74 (0xff9ff06f)
core   0: 0x80009d6c (0x00006f17) auipc   t5, 0x6
core   0: 3 0x80009d6c (0x00006f17) x30 0x8000fd6c
core   0: 0x80009d70 (0x283f2a23) sw      gp, 660(t5)
core   0: 3 0x80009d70 (0x283f2a23) mem 0x80010000 0x00000001
core   0: 0x80009d74 (0xff9ff06f) j       pc - 0x8
core   0: 3 0x80009d74 (0xff9ff06f)
core   0: 0x80009d6c (0x00006f17) auipc   t5, 0x6
core   0: 3 0x80009d6c (0x00006f17) x30 0x8000fd6c
core   0: 0x80009d70 (0x283f2a23) sw      gp, 660(t5)
core   0: 3 0x80009d70 (0x283f2a23) mem 0x80010000 0x00000001
core   0: 0x80009d74 (0xff9ff06f) j       pc - 0x8
core   0: 3 0x80009d74 (0xff9ff06f)
core   0: 0x80009d6c (0x00006f17) auipc   t5, 0x6
core   0: 3 0x80009d6c (0x00006f17) x30 0x8000fd6c
core   0: 0x80009d70 (0x283f2a23) sw      gp, 660(t5)
core   0: 3 0x80009d70 (0x283f2a23) mem 0x80010000 0x00000001
core   0: 0x80009d74 (0xff9ff06f) j       pc - 0x8
core   0: 3 0x80009d74 (0xff9ff06f)
core   0: 0x80009d6c (0x00006f17) auipc   t5, 0x6
core   0: 3 0x80009d6c (0x00006f17) x30 0x8000fd6c
core   0: 0x80009d70 (0x283f2a23) sw      gp, 660(t5)
core   0: 3 0x80009d70 (0x283f2a23) mem 0x80010000 0x00000001
core   0: 0x80009d74 (0xff9ff06f) j       pc - 0x8
core   0: 3 0x80009d74 (0xff9ff06f)
core   0: 0x80009d6c (0x00006f17) auipc   t5, 0x6
core   0: 3 0x80009d6c (0x00006f17) x30 0x8000fd6c
core   0: 0x80009d70 (0x283f2a23) sw      gp, 660(t5)
core   0: 3 0x80009d70 (0x283f2a23) mem 0x80010000 0x00000001
core   0: 0x80009d74 (0xff9ff06f) j       pc - 0x8
core   0: 3 0x80009d74 (0xff9ff06f)
core   0: 0x80009d6c (0x00006f17) auipc   t5, 0x6
core   0: 3 0x80009d6c (0x00006f17) x30 0x8000fd6c
core   0: 0x80009d70 (0x283f2a23) sw      gp, 660(t5)
core   0: 3 0x80009d70 (0x283f2a23) mem 0x80010000 0x00000001
core   0: 0x80009d74 (0xff9ff06f) j       pc - 0x8
core   0: 3 0x80009d74 (0xff9ff06f)
core   0: 0x80009d6c (0x00006f17) auipc   t5, 0x6
core   0: 3 0x80009d6c (0x00006f17) x30 0x8000fd6c
core   0: 0x80009d70 (0x283f2a23) sw      gp, 660(t5)
core   0: 3 0x80009d70 (0x283f2a23) mem 0x80010000 0x00000001
core   0: 0x80009d74 (0xff9ff06f) j       pc - 0x8
core   0: 3 0x80009d74 (0xff9ff06f)
core   0: 0x80009d6c (0x00006f17) auipc   t5, 0x6
core   0: 3 0x80009d6c (0x00006f17) x30 0x8000fd6c
core   0: 0x80009d70 (0x283f2a23) sw      gp, 660(t5)
core   0: 3 0x80009d70 (0x283f2a23) mem 0x80010000 0x00000001
core   0: 0x80009d74 (0xff9ff06f) j       pc - 0x8
core   0: 3 0x80009d74 (0xff9ff06f)
core   0: 0x80009d6c (0x00006f17) auipc   t5, 0x6
core   0: 3 0x80009d6c (0x00006f17) x30 0x8000fd6c
core   0: 0x80009d70 (0x283f2a23) sw      gp, 660(t5)
core   0: 3 0x80009d70 (0x283f2a23) mem 0x80010000 0x00000001
core   0: 0x80009d74 (0xff9ff06f) j       pc - 0x8
core   0: 3 0x80009d74 (0xff9ff06f)
core   0: 0x80009d6c (0x00006f17) auipc   t5, 0x6
core   0: 3 0x80009d6c (0x00006f17) x30 0x8000fd6c
core   0: 0x80009d70 (0x283f2a23) sw      gp, 660(t5)
core   0: 3 0x80009d70 (0x283f2a23) mem 0x80010000 0x00000001
core   0: 0x80009d74 (0xff9ff06f) j       pc - 0x8
core   0: 3 0x80009d74 (0xff9ff06f)
core   0: 0x80009d6c (0x00006f17) auipc   t5, 0x6
core   0: 3 0x80009d6c (0x00006f17) x30 0x8000fd6c
core   0: 0x80009d70 (0x283f2a23) sw      gp, 660(t5)
core   0: 3 0x80009d70 (0x283f2a23) mem 0x80010000 0x00000001
core   0: 0x80009d74 (0xff9ff06f) j       pc - 0x8
core   0: 3 0x80009d74 (0xff9ff06f)
core   0: 0x80009d6c (0x00006f17) auipc   t5, 0x6
core   0: 3 0x80009d6c (0x00006f17) x30 0x8000fd6c
core   0: 0x80009d70 (0x283f2a23) sw      gp, 660(t5)
core   0: 3 0x80009d70 (0x283f2a23) mem 0x80010000 0x00000001
core   0: 0x80009d74 (0xff9ff06f) j       pc - 0x8
core   0: 3 0x80009d74 (0xff9ff06f)
core   0: 0x80009d6c (0x00006f17) auipc   t5, 0x6
core   0: 3 0x80009d6c (0x00006f17) x30 0x8000fd6c
core   0: 0x80009d70 (0x283f2a23) sw      gp, 660(t5)
core   0: 3 0x80009d70 (0x283f2a23) mem 0x80010000 0x00000001
core   0: 0x80009d74 (0xff9ff06f) j       pc - 0x8
core   0: 3 0x80009d74 (0xff9ff06f)
core   0: 0x80009d6c (0x00006f17) auipc   t5, 0x6
core   0: 3 0x80009d6c (0x00006f17) x30 0x8000fd6c
core   0: 0x80009d70 (0x283f2a23) sw      gp, 660(t5)
core   0: 3 0x80009d70 (0x283f2a23) mem 0x80010000 0x00000001
core   0: 0x80009d74 (0xff9ff06f) j       pc - 0x8
core   0: 3 0x80009d74 (0xff9ff06f)
core   0: 0x80009d6c (0x00006f17) auipc   t5, 0x6
core   0: 3 0x80009d6c (0x00006f17) x30 0x8000fd6c
core   0: 0x80009d70 (0x283f2a23) sw      gp, 660(t5)
core   0: 3 0x80009d70 (0x283f2a23) mem 0x80010000 0x00000001
core   0: 0x80009d74 (0xff9ff06f) j       pc - 0x8
core   0: 3 0x80009d74 (0xff9ff06f)
core   0: 0x80009d6c (0x00006f17) auipc   t5, 0x6
core   0: 3 0x80009d6c (0x00006f17) x30 0x8000fd6c
core   0: 0x80009d70 (0x283f2a23) sw      gp, 660(t5)
core   0: 3 0x80009d70 (0x283f2a23) mem 0x80010000 0x00000001
core   0: 0x80009d74 (0xff9ff06f) j       pc - 0x8
core   0: 3 0x80009d74 (0xff9ff06f)
core   0: 0x80009d6c (0x00006f17) auipc   t5, 0x6
core   0: 3 0x80009d6c (0x00006f17) x30 0x8000fd6c
core   0: 0x80009d70 (0x283f2a23) sw      gp, 660(t5)
core   0: 3 0x80009d70 (0x283f2a23) mem 0x80010000 0x00000001
core   0: 0x80009d74 (0xff9ff06f) j       pc - 0x8
core   0: 3 0x80009d74 (0xff9ff06f)
core   0: 0x80009d6c (0x00006f17) auipc   t5, 0x6
core   0: 3 0x80009d6c (0x00006f17) x30 0x8000fd6c
core   0: 0x80009d70 (0x283f2a23) sw      gp, 660(t5)
core   0: 3 0x80009d70 (0x283f2a23) mem 0x80010000 0x00000001
core   0: 0x80009d74 (0xff9ff06f) j       pc - 0x8
core   0: 3 0x80009d74 (0xff9ff06f)
core   0: 0x80009d6c (0x00006f17) auipc   t5, 0x6
core   0: 3 0x80009d6c (0x00006f17) x30 0x8000fd6c
core   0: 0x80009d70 (0x283f2a23) sw      gp, 660(t5)
core   0: 3 0x80009d70 (0x283f2a23) mem 0x80010000 0x00000001
core   0: 0x80009d74 (0xff9ff06f) j       pc - 0x8
core   0: 3 0x80009d74 (0xff9ff06f)
core   0: 0x80009d6c (0x00006f17) auipc   t5, 0x6
core   0: 3 0x80009d6c (0x00006f17) x30 0x8000fd6c
core   0: 0x80009d70 (0x283f2a23) sw      gp, 660(t5)
core   0: 3 0x80009d70 (0x283f2a23) mem 0x80010000 0x00000001
core   0: 0x80009d74 (0xff9ff06f) j       pc - 0x8
core   0: 3 0x80009d74 (0xff9ff06f)
core   0: 0x80009d6c (0x00006f17) auipc   t5, 0x6
core   0: 3 0x80009d6c (0x00006f17) x30 0x8000fd6c
core   0: 0x80009d70 (0x283f2a23) sw      gp, 660(t5)
core   0: 3 0x80009d70 (0x283f2a23) mem 0x80010000 0x00000001
core   0: 0x80009d74 (0xff9ff06f) j       pc - 0x8
core   0: 3 0x80009d74 (0xff9ff06f)
core   0: 0x80009d6c (0x00006f17) auipc   t5, 0x6
core   0: 3 0x80009d6c (0x00006f17) x30 0x8000fd6c
core   0: 0x80009d70 (0x283f2a23) sw      gp, 660(t5)
core   0: 3 0x80009d70 (0x283f2a23) mem 0x80010000 0x00000001
core   0: 0x80009d74 (0xff9ff06f) j       pc - 0x8
core   0: 3 0x80009d74 (0xff9ff06f)
core   0: 0x80009d6c (0x00006f17) auipc   t5, 0x6
core   0: 3 0x80009d6c (0x00006f17) x30 0x8000fd6c
core   0: 0x80009d70 (0x283f2a23) sw      gp, 660(t5)
core   0: 3 0x80009d70 (0x283f2a23) mem 0x80010000 0x00000001
core   0: 0x80009d74 (0xff9ff06f) j       pc - 0x8
core   0: 3 0x80009d74 (0xff9ff06f)
core   0: 0x80009d6c (0x00006f17) auipc   t5, 0x6
core   0: 3 0x80009d6c (0x00006f17) x30 0x8000fd6c
core   0: 0x80009d70 (0x283f2a23) sw      gp, 660(t5)
core   0: 3 0x80009d70 (0x283f2a23) mem 0x80010000 0x00000001
core   0: 0x80009d74 (0xff9ff06f) j       pc - 0x8
core   0: 3 0x80009d74 (0xff9ff06f)
core   0: 0x80009d6c (0x00006f17) auipc   t5, 0x6
core   0: 3 0x80009d6c (0x00006f17) x30 0x8000fd6c
core   0: 0x80009d70 (0x283f2a23) sw      gp, 660(t5)
core   0: 3 0x80009d70 (0x283f2a23) mem 0x80010000 0x00000001
core   0: 0x80009d74 (0xff9ff06f) j       pc - 0x8
core   0: 3 0x80009d74 (0xff9ff06f)
core   0: 0x80009d6c (0x00006f17) auipc   t5, 0x6
core   0: 3 0x80009d6c (0x00006f17) x30 0x8000fd6c
core   0: 0x80009d70 (0x283f2a23) sw      gp, 660(t5)
core   0: 3 0x80009d70 (0x283f2a23) mem 0x80010000 0x00000001
core   0: 0x80009d74 (0xff9ff06f) j       pc - 0x8
core   0: 3 0x80009d74 (0xff9ff06f)
core   0: 0x80009d6c (0x00006f17) auipc   t5, 0x6
core   0: 3 0x80009d6c (0x00006f17) x30 0x8000fd6c
core   0: 0x80009d70 (0x283f2a23) sw      gp, 660(t5)
core   0: 3 0x80009d70 (0x283f2a23) mem 0x80010000 0x00000001
core   0: 0x80009d74 (0xff9ff06f) j       pc - 0x8
core   0: 3 0x80009d74 (0xff9ff06f)
core   0: 0x80009d6c (0x00006f17) auipc   t5, 0x6
core   0: 3 0x80009d6c (0x00006f17) x30 0x8000fd6c
core   0: 0x80009d70 (0x283f2a23) sw      gp, 660(t5)
core   0: 3 0x80009d70 (0x283f2a23) mem 0x80010000 0x00000001
core   0: 0x80009d74 (0xff9ff06f) j       pc - 0x8
core   0: 3 0x80009d74 (0xff9ff06f)
core   0: 0x80009d6c (0x00006f17) auipc   t5, 0x6
core   0: 3 0x80009d6c (0x00006f17) x30 0x8000fd6c
core   0: 0x80009d70 (0x283f2a23) sw      gp, 660(t5)
core   0: 3 0x80009d70 (0x283f2a23) mem 0x80010000 0x00000001
core   0: 0x80009d74 (0xff9ff06f) j       pc - 0x8
core   0: 3 0x80009d74 (0xff9ff06f)
core   0: 0x80009d6c (0x00006f17) auipc   t5, 0x6
core   0: 3 0x80009d6c (0x00006f17) x30 0x8000fd6c
core   0: 0x80009d70 (0x283f2a23) sw      gp, 660(t5)
core   0: 3 0x80009d70 (0x283f2a23) mem 0x80010000 0x00000001
core   0: 0x80009d74 (0xff9ff06f) j       pc - 0x8
core   0: 3 0x80009d74 (0xff9ff06f)
core   0: 0x80009d6c (0x00006f17) auipc   t5, 0x6
core   0: 3 0x80009d6c (0x00006f17) x30 0x8000fd6c
core   0: 0x80009d70 (0x283f2a23) sw      gp, 660(t5)
core   0: 3 0x80009d70 (0x283f2a23) mem 0x80010000 0x00000001
core   0: 0x80009d74 (0xff9ff06f) j       pc - 0x8
core   0: 3 0x80009d74 (0xff9ff06f)
core   0: 0x80009d6c (0x00006f17) auipc   t5, 0x6
core   0: 3 0x80009d6c (0x00006f17) x30 0x8000fd6c
core   0: 0x80009d70 (0x283f2a23) sw      gp, 660(t5)
core   0: 3 0x80009d70 (0x283f2a23) mem 0x80010000 0x00000001
core   0: 0x80009d74 (0xff9ff06f) j       pc - 0x8
core   0: 3 0x80009d74 (0xff9ff06f)
core   0: 0x80009d6c (0x00006f17) auipc   t5, 0x6
core   0: 3 0x80009d6c (0x00006f17) x30 0x8000fd6c
core   0: 0x80009d70 (0x283f2a23) sw      gp, 660(t5)
core   0: 3 0x80009d70 (0x283f2a23) mem 0x80010000 0x00000001
core   0: 0x80009d74 (0xff9ff06f) j       pc - 0x8
core   0: 3 0x80009d74 (0xff9ff06f)
core   0: 0x80009d6c (0x00006f17) auipc   t5, 0x6
core   0: 3 0x80009d6c (0x00006f17) x30 0x8000fd6c
core   0: 0x80009d70 (0x283f2a23) sw      gp, 660(t5)
core   0: 3 0x80009d70 (0x283f2a23) mem 0x80010000 0x00000001
core   0: 0x80009d74 (0xff9ff06f) j       pc - 0x8
core   0: 3 0x80009d74 (0xff9ff06f)
core   0: 0x80009d6c (0x00006f17) auipc   t5, 0x6
core   0: 3 0x80009d6c (0x00006f17) x30 0x8000fd6c
core   0: 0x80009d70 (0x283f2a23) sw      gp, 660(t5)
core   0: 3 0x80009d70 (0x283f2a23) mem 0x80010000 0x00000001
core   0: 0x80009d74 (0xff9ff06f) j       pc - 0x8
core   0: 3 0x80009d74 (0xff9ff06f)
core   0: 0x80009d6c (0x00006f17) auipc   t5, 0x6
core   0: 3 0x80009d6c (0x00006f17) x30 0x8000fd6c
core   0: 0x80009d70 (0x283f2a23) sw      gp, 660(t5)
core   0: 3 0x80009d70 (0x283f2a23) mem 0x80010000 0x00000001
core   0: 0x80009d74 (0xff9ff06f) j       pc - 0x8
core   0: 3 0x80009d74 (0xff9ff06f)
core   0: 0x80009d6c (0x00006f17) auipc   t5, 0x6
core   0: 3 0x80009d6c (0x00006f17) x30 0x8000fd6c
core   0: 0x80009d70 (0x283f2a23) sw      gp, 660(t5)
core   0: 3 0x80009d70 (0x283f2a23) mem 0x80010000 0x00000001
core   0: 0x80009d74 (0xff9ff06f) j       pc - 0x8
core   0: 3 0x80009d74 (0xff9ff06f)
core   0: 0x80009d6c (0x00006f17) auipc   t5, 0x6
core   0: 3 0x80009d6c (0x00006f17) x30 0x8000fd6c
core   0: 0x80009d70 (0x283f2a23) sw      gp, 660(t5)
core   0: 3 0x80009d70 (0x283f2a23) mem 0x80010000 0x00000001
core   0: 0x80009d74 (0xff9ff06f) j       pc - 0x8
core   0: 3 0x80009d74 (0xff9ff06f)
core   0: 0x80009d6c (0x00006f17) auipc   t5, 0x6
core   0: 3 0x80009d6c (0x00006f17) x30 0x8000fd6c
core   0: 0x80009d70 (0x283f2a23) sw      gp, 660(t5)
core   0: 3 0x80009d70 (0x283f2a23) mem 0x80010000 0x00000001
core   0: 0x80009d74 (0xff9ff06f) j       pc - 0x8
core   0: 3 0x80009d74 (0xff9ff06f)
core   0: 0x80009d6c (0x00006f17) auipc   t5, 0x6
core   0: 3 0x80009d6c (0x00006f17) x30 0x8000fd6c
core   0: 0x80009d70 (0x283f2a23) sw      gp, 660(t5)
core   0: 3 0x80009d70 (0x283f2a23) mem 0x80010000 0x00000001
core   0: 0x80009d74 (0xff9ff06f) j       pc - 0x8
core   0: 3 0x80009d74 (0xff9ff06f)
core   0: 0x80009d6c (0x00006f17) auipc   t5, 0x6
core   0: 3 0x80009d6c (0x00006f17) x30 0x8000fd6c
core   0: 0x80009d70 (0x283f2a23) sw      gp, 660(t5)
core   0: 3 0x80009d70 (0x283f2a23) mem 0x80010000 0x00000001
core   0: 0x80009d74 (0xff9ff06f) j       pc - 0x8
core   0: 3 0x80009d74 (0xff9ff06f)
core   0: 0x80009d6c (0x00006f17) auipc   t5, 0x6
core   0: 3 0x80009d6c (0x00006f17) x30 0x8000fd6c
core   0: 0x80009d70 (0x283f2a23) sw      gp, 660(t5)
core   0: 3 0x80009d70 (0x283f2a23) mem 0x80010000 0x00000001
core   0: 0x80009d74 (0xff9ff06f) j       pc - 0x8
core   0: 3 0x80009d74 (0xff9ff06f)
core   0: 0x80009d6c (0x00006f17) auipc   t5, 0x6
core   0: 3 0x80009d6c (0x00006f17) x30 0x8000fd6c
core   0: 0x80009d70 (0x283f2a23) sw      gp, 660(t5)
core   0: 3 0x80009d70 (0x283f2a23) mem 0x80010000 0x00000001
core   0: 0x80009d74 (0xff9ff06f) j       pc - 0x8
core   0: 3 0x80009d74 (0xff9ff06f)
core   0: 0x80009d6c (0x00006f17) auipc   t5, 0x6
core   0: 3 0x80009d6c (0x00006f17) x30 0x8000fd6c
core   0: 0x80009d70 (0x283f2a23) sw      gp, 660(t5)
core   0: 3 0x80009d70 (0x283f2a23) mem 0x80010000 0x00000001
core   0: 0x80009d74 (0xff9ff06f) j       pc - 0x8
core   0: 3 0x80009d74 (0xff9ff06f)
core   0: 0x80009d6c (0x00006f17) auipc   t5, 0x6
core   0: 3 0x80009d6c (0x00006f17) x30 0x8000fd6c
core   0: 0x80009d70 (0x283f2a23) sw      gp, 660(t5)
core   0: 3 0x80009d70 (0x283f2a23) mem 0x80010000 0x00000001
core   0: 0x80009d74 (0xff9ff06f) j       pc - 0x8
core   0: 3 0x80009d74 (0xff9ff06f)
core   0: 0x80009d6c (0x00006f17) auipc   t5, 0x6
core   0: 3 0x80009d6c (0x00006f17) x30 0x8000fd6c
core   0: 0x80009d70 (0x283f2a23) sw      gp, 660(t5)
core   0: 3 0x80009d70 (0x283f2a23) mem 0x80010000 0x00000001
core   0: 0x80009d74 (0xff9ff06f) j       pc - 0x8
core   0: 3 0x80009d74 (0xff9ff06f)
core   0: 0x80009d6c (0x00006f17) auipc   t5, 0x6
core   0: 3 0x80009d6c (0x00006f17) x30 0x8000fd6c
core   0: 0x80009d70 (0x283f2a23) sw      gp, 660(t5)
core   0: 3 0x80009d70 (0x283f2a23) mem 0x80010000 0x00000001
core   0: 0x80009d74 (0xff9ff06f) j       pc - 0x8
core   0: 3 0x80009d74 (0xff9ff06f)
core   0: 0x80009d6c (0x00006f17) auipc   t5, 0x6
core   0: 3 0x80009d6c (0x00006f17) x30 0x8000fd6c
core   0: 0x80009d70 (0x283f2a23) sw      gp, 660(t5)
core   0: 3 0x80009d70 (0x283f2a23) mem 0x80010000 0x00000001
core   0: 0x80009d74 (0xff9ff06f) j       pc - 0x8
core   0: 3 0x80009d74 (0xff9ff06f)
core   0: 0x80009d6c (0x00006f17) auipc   t5, 0x6
core   0: 3 0x80009d6c (0x00006f17) x30 0x8000fd6c
core   0: 0x80009d70 (0x283f2a23) sw      gp, 660(t5)
core   0: 3 0x80009d70 (0x283f2a23) mem 0x80010000 0x00000001
core   0: 0x80009d74 (0xff9ff06f) j       pc - 0x8
core   0: 3 0x80009d74 (0xff9ff06f)
core   0: 0x80009d6c (0x00006f17) auipc   t5, 0x6
core   0: 3 0x80009d6c (0x00006f17) x30 0x8000fd6c
core   0: 0x80009d70 (0x283f2a23) sw      gp, 660(t5)
core   0: 3 0x80009d70 (0x283f2a23) mem 0x80010000 0x00000001
core   0: 0x80009d74 (0xff9ff06f) j       pc - 0x8
core   0: 3 0x80009d74 (0xff9ff06f)
core   0: 0x80009d6c (0x00006f17) auipc   t5, 0x6
core   0: 3 0x80009d6c (0x00006f17) x30 0x8000fd6c
core   0: 0x80009d70 (0x283f2a23) sw      gp, 660(t5)
core   0: 3 0x80009d70 (0x283f2a23) mem 0x80010000 0x00000001
core   0: 0x80009d74 (0xff9ff06f) j       pc - 0x8
core   0: 3 0x80009d74 (0xff9ff06f)
core   0: 0x80009d6c (0x00006f17) auipc   t5, 0x6
core   0: 3 0x80009d6c (0x00006f17) x30 0x8000fd6c
core   0: 0x80009d70 (0x283f2a23) sw      gp, 660(t5)
core   0: 3 0x80009d70 (0x283f2a23) mem 0x80010000 0x00000001
core   0: 0x80009d74 (0xff9ff06f) j       pc - 0x8
core   0: 3 0x80009d74 (0xff9ff06f)
core   0: 0x80009d6c (0x00006f17) auipc   t5, 0x6
core   0: 3 0x80009d6c (0x00006f17) x30 0x8000fd6c
core   0: 0x80009d70 (0x283f2a23) sw      gp, 660(t5)
core   0: 3 0x80009d70 (0x283f2a23) mem 0x80010000 0x00000001
core   0: 0x80009d74 (0xff9ff06f) j       pc - 0x8
core   0: 3 0x80009d74 (0xff9ff06f)
core   0: 0x80009d6c (0x00006f17) auipc   t5, 0x6
core   0: 3 0x80009d6c (0x00006f17) x30 0x8000fd6c
core   0: 0x80009d70 (0x283f2a23) sw      gp, 660(t5)
core   0: 3 0x80009d70 (0x283f2a23) mem 0x80010000 0x00000001
core   0: 0x80009d74 (0xff9ff06f) j       pc - 0x8
core   0: 3 0x80009d74 (0xff9ff06f)
core   0: 0x80009d6c (0x00006f17) auipc   t5, 0x6
core   0: 3 0x80009d6c (0x00006f17) x30 0x8000fd6c
core   0: 0x80009d70 (0x283f2a23) sw      gp, 660(t5)
core   0: 3 0x80009d70 (0x283f2a23) mem 0x80010000 0x00000001
core   0: 0x80009d74 (0xff9ff06f) j       pc - 0x8
core   0: 3 0x80009d74 (0xff9ff06f)
core   0: 0x80009d6c (0x00006f17) auipc   t5, 0x6
core   0: 3 0x80009d6c (0x00006f17) x30 0x8000fd6c
core   0: 0x80009d70 (0x283f2a23) sw      gp, 660(t5)
core   0: 3 0x80009d70 (0x283f2a23) mem 0x80010000 0x00000001
core   0: 0x80009d74 (0xff9ff06f) j       pc - 0x8
core   0: 3 0x80009d74 (0xff9ff06f)
core   0: 0x80009d6c (0x00006f17) auipc   t5, 0x6
core   0: 3 0x80009d6c (0x00006f17) x30 0x8000fd6c
core   0: 0x80009d70 (0x283f2a23) sw      gp, 660(t5)
core   0: 3 0x80009d70 (0x283f2a23) mem 0x80010000 0x00000001
core   0: 0x80009d74 (0xff9ff06f) j       pc - 0x8
core   0: 3 0x80009d74 (0xff9ff06f)
core   0: 0x80009d6c (0x00006f17) auipc   t5, 0x6
core   0: 3 0x80009d6c (0x00006f17) x30 0x8000fd6c
core   0: 0x80009d70 (0x283f2a23) sw      gp, 660(t5)
core   0: 3 0x80009d70 (0x283f2a23) mem 0x80010000 0x00000001
core   0: 0x80009d74 (0xff9ff06f) j       pc - 0x8
core   0: 3 0x80009d74 (0xff9ff06f)
core   0: 0x80009d6c (0x00006f17) auipc   t5, 0x6
core   0: 3 0x80009d6c (0x00006f17) x30 0x8000fd6c
core   0: 0x80009d70 (0x283f2a23) sw      gp, 660(t5)
core   0: 3 0x80009d70 (0x283f2a23) mem 0x80010000 0x00000001
core   0: 0x80009d74 (0xff9ff06f) j       pc - 0x8
core   0: 3 0x80009d74 (0xff9ff06f)
core   0: 0x80009d6c (0x00006f17) auipc   t5, 0x6
core   0: 3 0x80009d6c (0x00006f17) x30 0x8000fd6c
core   0: 0x80009d70 (0x283f2a23) sw      gp, 660(t5)
core   0: 3 0x80009d70 (0x283f2a23) mem 0x80010000 0x00000001
core   0: 0x80009d74 (0xff9ff06f) j       pc - 0x8
core   0: 3 0x80009d74 (0xff9ff06f)
core   0: 0x80009d6c (0x00006f17) auipc   t5, 0x6
core   0: 3 0x80009d6c (0x00006f17) x30 0x8000fd6c
core   0: 0x80009d70 (0x283f2a23) sw      gp, 660(t5)
core   0: 3 0x80009d70 (0x283f2a23) mem 0x80010000 0x00000001
core   0: 0x80009d74 (0xff9ff06f) j       pc - 0x8
core   0: 3 0x80009d74 (0xff9ff06f)
core   0: 0x80009d6c (0x00006f17) auipc   t5, 0x6
core   0: 3 0x80009d6c (0x00006f17) x30 0x8000fd6c
core   0: 0x80009d70 (0x283f2a23) sw      gp, 660(t5)
core   0: 3 0x80009d70 (0x283f2a23) mem 0x80010000 0x00000001
core   0: 0x80009d74 (0xff9ff06f) j       pc - 0x8
core   0: 3 0x80009d74 (0xff9ff06f)
core   0: 0x80009d6c (0x00006f17) auipc   t5, 0x6
core   0: 3 0x80009d6c (0x00006f17) x30 0x8000fd6c
core   0: 0x80009d70 (0x283f2a23) sw      gp, 660(t5)
core   0: 3 0x80009d70 (0x283f2a23) mem 0x80010000 0x00000001
core   0: 0x80009d74 (0xff9ff06f) j       pc - 0x8
core   0: 3 0x80009d74 (0xff9ff06f)
core   0: 0x80009d6c (0x00006f17) auipc   t5, 0x6
core   0: 3 0x80009d6c (0x00006f17) x30 0x8000fd6c
core   0: 0x80009d70 (0x283f2a23) sw      gp, 660(t5)
core   0: 3 0x80009d70 (0x283f2a23) mem 0x80010000 0x00000001
core   0: 0x80009d74 (0xff9ff06f) j       pc - 0x8
core   0: 3 0x80009d74 (0xff9ff06f)
core   0: 0x80009d6c (0x00006f17) auipc   t5, 0x6
core   0: 3 0x80009d6c (0x00006f17) x30 0x8000fd6c
core   0: 0x80009d70 (0x283f2a23) sw      gp, 660(t5)
core   0: 3 0x80009d70 (0x283f2a23) mem 0x80010000 0x00000001
core   0: 0x80009d74 (0xff9ff06f) j       pc - 0x8
core   0: 3 0x80009d74 (0xff9ff06f)
core   0: 0x80009d6c (0x00006f17) auipc   t5, 0x6
core   0: 3 0x80009d6c (0x00006f17) x30 0x8000fd6c
core   0: 0x80009d70 (0x283f2a23) sw      gp, 660(t5)
core   0: 3 0x80009d70 (0x283f2a23) mem 0x80010000 0x00000001
core   0: 0x80009d74 (0xff9ff06f) j       pc - 0x8
core   0: 3 0x80009d74 (0xff9ff06f)
core   0: 0x80009d6c (0x00006f17) auipc   t5, 0x6
core   0: 3 0x80009d6c (0x00006f17) x30 0x8000fd6c
core   0: 0x80009d70 (0x283f2a23) sw      gp, 660(t5)
core   0: 3 0x80009d70 (0x283f2a23) mem 0x80010000 0x00000001
core   0: 0x80009d74 (0xff9ff06f) j       pc - 0x8
core   0: 3 0x80009d74 (0xff9ff06f)
core   0: 0x80009d6c (0x00006f17) auipc   t5, 0x6
core   0: 3 0x80009d6c (0x00006f17) x30 0x8000fd6c
core   0: 0x80009d70 (0x283f2a23) sw      gp, 660(t5)
core   0: 3 0x80009d70 (0x283f2a23) mem 0x80010000 0x00000001
core   0: 0x80009d74 (0xff9ff06f) j       pc - 0x8
core   0: 3 0x80009d74 (0xff9ff06f)
core   0: 0x80009d6c (0x00006f17) auipc   t5, 0x6
core   0: 3 0x80009d6c (0x00006f17) x30 0x8000fd6c
core   0: 0x80009d70 (0x283f2a23) sw      gp, 660(t5)
core   0: 3 0x80009d70 (0x283f2a23) mem 0x80010000 0x00000001
core   0: 0x80009d74 (0xff9ff06f) j       pc - 0x8
core   0: 3 0x80009d74 (0xff9ff06f)
core   0: 0x80009d6c (0x00006f17) auipc   t5, 0x6
core   0: 3 0x80009d6c (0x00006f17) x30 0x8000fd6c
core   0: 0x80009d70 (0x283f2a23) sw      gp, 660(t5)
core   0: 3 0x80009d70 (0x283f2a23) mem 0x80010000 0x00000001
core   0: 0x80009d74 (0xff9ff06f) j       pc - 0x8
core   0: 3 0x80009d74 (0xff9ff06f)
core   0: 0x80009d6c (0x00006f17) auipc   t5, 0x6
core   0: 3 0x80009d6c (0x00006f17) x30 0x8000fd6c
core   0: 0x80009d70 (0x283f2a23) sw      gp, 660(t5)
core   0: 3 0x80009d70 (0x283f2a23) mem 0x80010000 0x00000001
core   0: 0x80009d74 (0xff9ff06f) j       pc - 0x8
core   0: 3 0x80009d74 (0xff9ff06f)
core   0: 0x80009d6c (0x00006f17) auipc   t5, 0x6
core   0: 3 0x80009d6c (0x00006f17) x30 0x8000fd6c
core   0: 0x80009d70 (0x283f2a23) sw      gp, 660(t5)
core   0: 3 0x80009d70 (0x283f2a23) mem 0x80010000 0x00000001
core   0: 0x80009d74 (0xff9ff06f) j       pc - 0x8
core   0: 3 0x80009d74 (0xff9ff06f)
core   0: 0x80009d6c (0x00006f17) auipc   t5, 0x6
core   0: 3 0x80009d6c (0x00006f17) x30 0x8000fd6c
core   0: 0x80009d70 (0x283f2a23) sw      gp, 660(t5)
core   0: 3 0x80009d70 (0x283f2a23) mem 0x80010000 0x00000001
core   0: 0x80009d74 (0xff9ff06f) j       pc - 0x8
core   0: 3 0x80009d74 (0xff9ff06f)
core   0: 0x80009d6c (0x00006f17) auipc   t5, 0x6
core   0: 3 0x80009d6c (0x00006f17) x30 0x8000fd6c
core   0: 0x80009d70 (0x283f2a23) sw      gp, 660(t5)
core   0: 3 0x80009d70 (0x283f2a23) mem 0x80010000 0x00000001
core   0: 0x80009d74 (0xff9ff06f) j       pc - 0x8
core   0: 3 0x80009d74 (0xff9ff06f)
core   0: 0x80009d6c (0x00006f17) auipc   t5, 0x6
core   0: 3 0x80009d6c (0x00006f17) x30 0x8000fd6c
core   0: 0x80009d70 (0x283f2a23) sw      gp, 660(t5)
core   0: 3 0x80009d70 (0x283f2a23) mem 0x80010000 0x00000001
core   0: 0x80009d74 (0xff9ff06f) j       pc - 0x8
core   0: 3 0x80009d74 (0xff9ff06f)
core   0: 0x80009d6c (0x00006f17) auipc   t5, 0x6
core   0: 3 0x80009d6c (0x00006f17) x30 0x8000fd6c
core   0: 0x80009d70 (0x283f2a23) sw      gp, 660(t5)
core   0: 3 0x80009d70 (0x283f2a23) mem 0x80010000 0x00000001
core   0: 0x80009d74 (0xff9ff06f) j       pc - 0x8
core   0: 3 0x80009d74 (0xff9ff06f)
core   0: 0x80009d6c (0x00006f17) auipc   t5, 0x6
core   0: 3 0x80009d6c (0x00006f17) x30 0x8000fd6c
core   0: 0x80009d70 (0x283f2a23) sw      gp, 660(t5)
core   0: 3 0x80009d70 (0x283f2a23) mem 0x80010000 0x00000001
core   0: 0x80009d74 (0xff9ff06f) j       pc - 0x8
core   0: 3 0x80009d74 (0xff9ff06f)
core   0: 0x80009d6c (0x00006f17) auipc   t5, 0x6
core   0: 3 0x80009d6c (0x00006f17) x30 0x8000fd6c
core   0: 0x80009d70 (0x283f2a23) sw      gp, 660(t5)
core   0: 3 0x80009d70 (0x283f2a23) mem 0x80010000 0x00000001
core   0: 0x80009d74 (0xff9ff06f) j       pc - 0x8
core   0: 3 0x80009d74 (0xff9ff06f)
core   0: 0x80009d6c (0x00006f17) auipc   t5, 0x6
core   0: 3 0x80009d6c (0x00006f17) x30 0x8000fd6c
core   0: 0x80009d70 (0x283f2a23) sw      gp, 660(t5)
core   0: 3 0x80009d70 (0x283f2a23) mem 0x80010000 0x00000001
core   0: 0x80009d74 (0xff9ff06f) j       pc - 0x8
core   0: 3 0x80009d74 (0xff9ff06f)
core   0: 0x80009d6c (0x00006f17) auipc   t5, 0x6
core   0: 3 0x80009d6c (0x00006f17) x30 0x8000fd6c
core   0: 0x80009d70 (0x283f2a23) sw      gp, 660(t5)
core   0: 3 0x80009d70 (0x283f2a23) mem 0x80010000 0x00000001
core   0: 0x80009d74 (0xff9ff06f) j       pc - 0x8
core   0: 3 0x80009d74 (0xff9ff06f)
core   0: 0x80009d6c (0x00006f17) auipc   t5, 0x6
core   0: 3 0x80009d6c (0x00006f17) x30 0x8000fd6c
core   0: 0x80009d70 (0x283f2a23) sw      gp, 660(t5)
core   0: 3 0x80009d70 (0x283f2a23) mem 0x80010000 0x00000001
core   0: 0x80009d74 (0xff9ff06f) j       pc - 0x8
core   0: 3 0x80009d74 (0xff9ff06f)
core   0: 0x80009d6c (0x00006f17) auipc   t5, 0x6
core   0: 3 0x80009d6c (0x00006f17) x30 0x8000fd6c
core   0: 0x80009d70 (0x283f2a23) sw      gp, 660(t5)
core   0: 3 0x80009d70 (0x283f2a23) mem 0x80010000 0x00000001
core   0: 0x80009d74 (0xff9ff06f) j       pc - 0x8
core   0: 3 0x80009d74 (0xff9ff06f)
core   0: 0x80009d6c (0x00006f17) auipc   t5, 0x6
core   0: 3 0x80009d6c (0x00006f17) x30 0x8000fd6c
core   0: 0x80009d70 (0x283f2a23) sw      gp, 660(t5)
core   0: 3 0x80009d70 (0x283f2a23) mem 0x80010000 0x00000001
core   0: 0x80009d74 (0xff9ff06f) j       pc - 0x8
core   0: 3 0x80009d74 (0xff9ff06f)
core   0: 0x80009d6c (0x00006f17) auipc   t5, 0x6
core   0: 3 0x80009d6c (0x00006f17) x30 0x8000fd6c
core   0: 0x80009d70 (0x283f2a23) sw      gp, 660(t5)
core   0: 3 0x80009d70 (0x283f2a23) mem 0x80010000 0x00000001
core   0: 0x80009d74 (0xff9ff06f) j       pc - 0x8
core   0: 3 0x80009d74 (0xff9ff06f)
core   0: 0x80009d6c (0x00006f17) auipc   t5, 0x6
core   0: 3 0x80009d6c (0x00006f17) x30 0x8000fd6c
core   0: 0x80009d70 (0x283f2a23) sw      gp, 660(t5)
core   0: 3 0x80009d70 (0x283f2a23) mem 0x80010000 0x00000001
core   0: 0x80009d74 (0xff9ff06f) j       pc - 0x8
core   0: 3 0x80009d74 (0xff9ff06f)
core   0: 0x80009d6c (0x00006f17) auipc   t5, 0x6
core   0: 3 0x80009d6c (0x00006f17) x30 0x8000fd6c
core   0: 0x80009d70 (0x283f2a23) sw      gp, 660(t5)
core   0: 3 0x80009d70 (0x283f2a23) mem 0x80010000 0x00000001
core   0: 0x80009d74 (0xff9ff06f) j       pc - 0x8
core   0: 3 0x80009d74 (0xff9ff06f)
core   0: 0x80009d6c (0x00006f17) auipc   t5, 0x6
core   0: 3 0x80009d6c (0x00006f17) x30 0x8000fd6c
core   0: 0x80009d70 (0x283f2a23) sw      gp, 660(t5)
core   0: 3 0x80009d70 (0x283f2a23) mem 0x80010000 0x00000001
core   0: 0x80009d74 (0xff9ff06f) j       pc - 0x8
core   0: 3 0x80009d74 (0xff9ff06f)
core   0: 0x80009d6c (0x00006f17) auipc   t5, 0x6
core   0: 3 0x80009d6c (0x00006f17) x30 0x8000fd6c
core   0: 0x80009d70 (0x283f2a23) sw      gp, 660(t5)
core   0: 3 0x80009d70 (0x283f2a23) mem 0x80010000 0x00000001
core   0: 0x80009d74 (0xff9ff06f) j       pc - 0x8
core   0: 3 0x80009d74 (0xff9ff06f)
core   0: 0x80009d6c (0x00006f17) auipc   t5, 0x6
core   0: 3 0x80009d6c (0x00006f17) x30 0x8000fd6c
core   0: 0x80009d70 (0x283f2a23) sw      gp, 660(t5)
core   0: 3 0x80009d70 (0x283f2a23) mem 0x80010000 0x00000001
core   0: 0x80009d74 (0xff9ff06f) j       pc - 0x8
core   0: 3 0x80009d74 (0xff9ff06f)
core   0: 0x80009d6c (0x00006f17) auipc   t5, 0x6
core   0: 3 0x80009d6c (0x00006f17) x30 0x8000fd6c
core   0: 0x80009d70 (0x283f2a23) sw      gp, 660(t5)
core   0: 3 0x80009d70 (0x283f2a23) mem 0x80010000 0x00000001
core   0: 0x80009d74 (0xff9ff06f) j       pc - 0x8
core   0: 3 0x80009d74 (0xff9ff06f)
core   0: 0x80009d6c (0x00006f17) auipc   t5, 0x6
core   0: 3 0x80009d6c (0x00006f17) x30 0x8000fd6c
core   0: 0x80009d70 (0x283f2a23) sw      gp, 660(t5)
core   0: 3 0x80009d70 (0x283f2a23) mem 0x80010000 0x00000001
core   0: 0x80009d74 (0xff9ff06f) j       pc - 0x8
core   0: 3 0x80009d74 (0xff9ff06f)
core   0: 0x80009d6c (0x00006f17) auipc   t5, 0x6
core   0: 3 0x80009d6c (0x00006f17) x30 0x8000fd6c
core   0: 0x80009d70 (0x283f2a23) sw      gp, 660(t5)
core   0: 3 0x80009d70 (0x283f2a23) mem 0x80010000 0x00000001
core   0: 0x80009d74 (0xff9ff06f) j       pc - 0x8
core   0: 3 0x80009d74 (0xff9ff06f)
core   0: 0x80009d6c (0x00006f17) auipc   t5, 0x6
core   0: 3 0x80009d6c (0x00006f17) x30 0x8000fd6c
core   0: 0x80009d70 (0x283f2a23) sw      gp, 660(t5)
core   0: 3 0x80009d70 (0x283f2a23) mem 0x80010000 0x00000001
core   0: 0x80009d74 (0xff9ff06f) j       pc - 0x8
core   0: 3 0x80009d74 (0xff9ff06f)
core   0: 0x80009d6c (0x00006f17) auipc   t5, 0x6
core   0: 3 0x80009d6c (0x00006f17) x30 0x8000fd6c
core   0: 0x80009d70 (0x283f2a23) sw      gp, 660(t5)
core   0: 3 0x80009d70 (0x283f2a23) mem 0x80010000 0x00000001
core   0: 0x80009d74 (0xff9ff06f) j       pc - 0x8
core   0: 3 0x80009d74 (0xff9ff06f)
core   0: 0x80009d6c (0x00006f17) auipc   t5, 0x6
core   0: 3 0x80009d6c (0x00006f17) x30 0x8000fd6c
core   0: 0x80009d70 (0x283f2a23) sw      gp, 660(t5)
core   0: 3 0x80009d70 (0x283f2a23) mem 0x80010000 0x00000001
core   0: 0x80009d74 (0xff9ff06f) j       pc - 0x8
core   0: 3 0x80009d74 (0xff9ff06f)
core   0: 0x80009d6c (0x00006f17) auipc   t5, 0x6
core   0: 3 0x80009d6c (0x00006f17) x30 0x8000fd6c
core   0: 0x80009d70 (0x283f2a23) sw      gp, 660(t5)
core   0: 3 0x80009d70 (0x283f2a23) mem 0x80010000 0x00000001
core   0: 0x80009d74 (0xff9ff06f) j       pc - 0x8
core   0: 3 0x80009d74 (0xff9ff06f)
core   0: 0x80009d6c (0x00006f17) auipc   t5, 0x6
core   0: 3 0x80009d6c (0x00006f17) x30 0x8000fd6c
core   0: 0x80009d70 (0x283f2a23) sw      gp, 660(t5)
core   0: 3 0x80009d70 (0x283f2a23) mem 0x80010000 0x00000001
core   0: 0x80009d74 (0xff9ff06f) j       pc - 0x8
core   0: 3 0x80009d74 (0xff9ff06f)
core   0: 0x80009d6c (0x00006f17) auipc   t5, 0x6
core   0: 3 0x80009d6c (0x00006f17) x30 0x8000fd6c
core   0: 0x80009d70 (0x283f2a23) sw      gp, 660(t5)
core   0: 3 0x80009d70 (0x283f2a23) mem 0x80010000 0x00000001
core   0: 0x80009d74 (0xff9ff06f) j       pc - 0x8
core   0: 3 0x80009d74 (0xff9ff06f)
core   0: 0x80009d6c (0x00006f17) auipc   t5, 0x6
core   0: 3 0x80009d6c (0x00006f17) x30 0x8000fd6c
core   0: 0x80009d70 (0x283f2a23) sw      gp, 660(t5)
core   0: 3 0x80009d70 (0x283f2a23) mem 0x80010000 0x00000001
core   0: 0x80009d74 (0xff9ff06f) j       pc - 0x8
core   0: 3 0x80009d74 (0xff9ff06f)
core   0: 0x80009d6c (0x00006f17) auipc   t5, 0x6
core   0: 3 0x80009d6c (0x00006f17) x30 0x8000fd6c
core   0: 0x80009d70 (0x283f2a23) sw      gp, 660(t5)
core   0: 3 0x80009d70 (0x283f2a23) mem 0x80010000 0x00000001
core   0: 0x80009d74 (0xff9ff06f) j       pc - 0x8
core   0: 3 0x80009d74 (0xff9ff06f)
core   0: 0x80009d6c (0x00006f17) auipc   t5, 0x6
core   0: 3 0x80009d6c (0x00006f17) x30 0x8000fd6c
core   0: 0x80009d70 (0x283f2a23) sw      gp, 660(t5)
core   0: 3 0x80009d70 (0x283f2a23) mem 0x80010000 0x00000001
core   0: 0x80009d74 (0xff9ff06f) j       pc - 0x8
core   0: 3 0x80009d74 (0xff9ff06f)
core   0: 0x80009d6c (0x00006f17) auipc   t5, 0x6
core   0: 3 0x80009d6c (0x00006f17) x30 0x8000fd6c
core   0: 0x80009d70 (0x283f2a23) sw      gp, 660(t5)
core   0: 3 0x80009d70 (0x283f2a23) mem 0x80010000 0x00000001
core   0: 0x80009d74 (0xff9ff06f) j       pc - 0x8
core   0: 3 0x80009d74 (0xff9ff06f)
core   0: 0x80009d6c (0x00006f17) auipc   t5, 0x6
core   0: 3 0x80009d6c (0x00006f17) x30 0x8000fd6c
core   0: 0x80009d70 (0x283f2a23) sw      gp, 660(t5)
core   0: 3 0x80009d70 (0x283f2a23) mem 0x80010000 0x00000001
core   0: 0x80009d74 (0xff9ff06f) j       pc - 0x8
core   0: 3 0x80009d74 (0xff9ff06f)
core   0: 0x80009d6c (0x00006f17) auipc   t5, 0x6
core   0: 3 0x80009d6c (0x00006f17) x30 0x8000fd6c
core   0: 0x80009d70 (0x283f2a23) sw      gp, 660(t5)
core   0: 3 0x80009d70 (0x283f2a23) mem 0x80010000 0x00000001
core   0: 0x80009d74 (0xff9ff06f) j       pc - 0x8
core   0: 3 0x80009d74 (0xff9ff06f)
core   0: 0x80009d6c (0x00006f17) auipc   t5, 0x6
core   0: 3 0x80009d6c (0x00006f17) x30 0x8000fd6c
core   0: 0x80009d70 (0x283f2a23) sw      gp, 660(t5)
core   0: 3 0x80009d70 (0x283f2a23) mem 0x80010000 0x00000001
core   0: 0x80009d74 (0xff9ff06f) j       pc - 0x8
core   0: 3 0x80009d74 (0xff9ff06f)
core   0: 0x80009d6c (0x00006f17) auipc   t5, 0x6
core   0: 3 0x80009d6c (0x00006f17) x30 0x8000fd6c
core   0: 0x80009d70 (0x283f2a23) sw      gp, 660(t5)
core   0: 3 0x80009d70 (0x283f2a23) mem 0x80010000 0x00000001
core   0: 0x80009d74 (0xff9ff06f) j       pc - 0x8
core   0: 3 0x80009d74 (0xff9ff06f)
core   0: 0x80009d6c (0x00006f17) auipc   t5, 0x6
core   0: 3 0x80009d6c (0x00006f17) x30 0x8000fd6c
core   0: 0x80009d70 (0x283f2a23) sw      gp, 660(t5)
core   0: 3 0x80009d70 (0x283f2a23) mem 0x80010000 0x00000001
core   0: 0x80009d74 (0xff9ff06f) j       pc - 0x8
core   0: 3 0x80009d74 (0xff9ff06f)
core   0: 0x80009d6c (0x00006f17) auipc   t5, 0x6
core   0: 3 0x80009d6c (0x00006f17) x30 0x8000fd6c
core   0: 0x80009d70 (0x283f2a23) sw      gp, 660(t5)
core   0: 3 0x80009d70 (0x283f2a23) mem 0x80010000 0x00000001
core   0: 0x80009d74 (0xff9ff06f) j       pc - 0x8
core   0: 3 0x80009d74 (0xff9ff06f)
core   0: 0x80009d6c (0x00006f17) auipc   t5, 0x6
core   0: 3 0x80009d6c (0x00006f17) x30 0x8000fd6c
core   0: 0x80009d70 (0x283f2a23) sw      gp, 660(t5)
core   0: 3 0x80009d70 (0x283f2a23) mem 0x80010000 0x00000001
core   0: 0x80009d74 (0xff9ff06f) j       pc - 0x8
core   0: 3 0x80009d74 (0xff9ff06f)
core   0: 0x80009d6c (0x00006f17) auipc   t5, 0x6
core   0: 3 0x80009d6c (0x00006f17) x30 0x8000fd6c
core   0: 0x80009d70 (0x283f2a23) sw      gp, 660(t5)
core   0: 3 0x80009d70 (0x283f2a23) mem 0x80010000 0x00000001
core   0: 0x80009d74 (0xff9ff06f) j       pc - 0x8
core   0: 3 0x80009d74 (0xff9ff06f)
core   0: 0x80009d6c (0x00006f17) auipc   t5, 0x6
core   0: 3 0x80009d6c (0x00006f17) x30 0x8000fd6c
core   0: 0x80009d70 (0x283f2a23) sw      gp, 660(t5)
core   0: 3 0x80009d70 (0x283f2a23) mem 0x80010000 0x00000001
core   0: 0x80009d74 (0xff9ff06f) j       pc - 0x8
core   0: 3 0x80009d74 (0xff9ff06f)
core   0: 0x80009d6c (0x00006f17) auipc   t5, 0x6
core   0: 3 0x80009d6c (0x00006f17) x30 0x8000fd6c
core   0: 0x80009d70 (0x283f2a23) sw      gp, 660(t5)
core   0: 3 0x80009d70 (0x283f2a23) mem 0x80010000 0x00000001
core   0: 0x80009d74 (0xff9ff06f) j       pc - 0x8
core   0: 3 0x80009d74 (0xff9ff06f)
core   0: 0x80009d6c (0x00006f17) auipc   t5, 0x6
core   0: 3 0x80009d6c (0x00006f17) x30 0x8000fd6c
core   0: 0x80009d70 (0x283f2a23) sw      gp, 660(t5)
core   0: 3 0x80009d70 (0x283f2a23) mem 0x80010000 0x00000001
core   0: 0x80009d74 (0xff9ff06f) j       pc - 0x8
core   0: 3 0x80009d74 (0xff9ff06f)
core   0: 0x80009d6c (0x00006f17) auipc   t5, 0x6
core   0: 3 0x80009d6c (0x00006f17) x30 0x8000fd6c
core   0: 0x80009d70 (0x283f2a23) sw      gp, 660(t5)
core   0: 3 0x80009d70 (0x283f2a23) mem 0x80010000 0x00000001
core   0: 0x80009d74 (0xff9ff06f) j       pc - 0x8
core   0: 3 0x80009d74 (0xff9ff06f)
core   0: 0x80009d6c (0x00006f17) auipc   t5, 0x6
core   0: 3 0x80009d6c (0x00006f17) x30 0x8000fd6c
core   0: 0x80009d70 (0x283f2a23) sw      gp, 660(t5)
core   0: 3 0x80009d70 (0x283f2a23) mem 0x80010000 0x00000001
core   0: 0x80009d74 (0xff9ff06f) j       pc - 0x8
core   0: 3 0x80009d74 (0xff9ff06f)
core   0: 0x80009d6c (0x00006f17) auipc   t5, 0x6
core   0: 3 0x80009d6c (0x00006f17) x30 0x8000fd6c
core   0: 0x80009d70 (0x283f2a23) sw      gp, 660(t5)
core   0: 3 0x80009d70 (0x283f2a23) mem 0x80010000 0x00000001
core   0: 0x80009d74 (0xff9ff06f) j       pc - 0x8
core   0: 3 0x80009d74 (0xff9ff06f)
core   0: 0x80009d6c (0x00006f17) auipc   t5, 0x6
core   0: 3 0x80009d6c (0x00006f17) x30 0x8000fd6c
core   0: 0x80009d70 (0x283f2a23) sw      gp, 660(t5)
core   0: 3 0x80009d70 (0x283f2a23) mem 0x80010000 0x00000001
core   0: 0x80009d74 (0xff9ff06f) j       pc - 0x8
core   0: 3 0x80009d74 (0xff9ff06f)
core   0: 0x80009d6c (0x00006f17) auipc   t5, 0x6
core   0: 3 0x80009d6c (0x00006f17) x30 0x8000fd6c
core   0: 0x80009d70 (0x283f2a23) sw      gp, 660(t5)
core   0: 3 0x80009d70 (0x283f2a23) mem 0x80010000 0x00000001
core   0: 0x80009d74 (0xff9ff06f) j       pc - 0x8
core   0: 3 0x80009d74 (0xff9ff06f)
core   0: 0x80009d6c (0x00006f17) auipc   t5, 0x6
core   0: 3 0x80009d6c (0x00006f17) x30 0x8000fd6c
core   0: 0x80009d70 (0x283f2a23) sw      gp, 660(t5)
core   0: 3 0x80009d70 (0x283f2a23) mem 0x80010000 0x00000001
core   0: 0x80009d74 (0xff9ff06f) j       pc - 0x8
core   0: 3 0x80009d74 (0xff9ff06f)
core   0: 0x80009d6c (0x00006f17) auipc   t5, 0x6
core   0: 3 0x80009d6c (0x00006f17) x30 0x8000fd6c
core   0: 0x80009d70 (0x283f2a23) sw      gp, 660(t5)
core   0: 3 0x80009d70 (0x283f2a23) mem 0x80010000 0x00000001
core   0: 0x80009d74 (0xff9ff06f) j       pc - 0x8
core   0: 3 0x80009d74 (0xff9ff06f)
core   0: 0x80009d6c (0x00006f17) auipc   t5, 0x6
core   0: 3 0x80009d6c (0x00006f17) x30 0x8000fd6c
core   0: 0x80009d70 (0x283f2a23) sw      gp, 660(t5)
core   0: 3 0x80009d70 (0x283f2a23) mem 0x80010000 0x00000001
core   0: 0x80009d74 (0xff9ff06f) j       pc - 0x8
core   0: 3 0x80009d74 (0xff9ff06f)
core   0: 0x80009d6c (0x00006f17) auipc   t5, 0x6
core   0: 3 0x80009d6c (0x00006f17) x30 0x8000fd6c
core   0: 0x80009d70 (0x283f2a23) sw      gp, 660(t5)
core   0: 3 0x80009d70 (0x283f2a23) mem 0x80010000 0x00000001
core   0: 0x80009d74 (0xff9ff06f) j       pc - 0x8
core   0: 3 0x80009d74 (0xff9ff06f)
core   0: 0x80009d6c (0x00006f17) auipc   t5, 0x6
core   0: 3 0x80009d6c (0x00006f17) x30 0x8000fd6c
core   0: 0x80009d70 (0x283f2a23) sw      gp, 660(t5)
core   0: 3 0x80009d70 (0x283f2a23) mem 0x80010000 0x00000001
core   0: 0x80009d74 (0xff9ff06f) j       pc - 0x8
core   0: 3 0x80009d74 (0xff9ff06f)
core   0: 0x80009d6c (0x00006f17) auipc   t5, 0x6
core   0: 3 0x80009d6c (0x00006f17) x30 0x8000fd6c
core   0: 0x80009d70 (0x283f2a23) sw      gp, 660(t5)
core   0: 3 0x80009d70 (0x283f2a23) mem 0x80010000 0x00000001
core   0: 0x80009d74 (0xff9ff06f) j       pc - 0x8
core   0: 3 0x80009d74 (0xff9ff06f)
core   0: 0x80009d6c (0x00006f17) auipc   t5, 0x6
core   0: 3 0x80009d6c (0x00006f17) x30 0x8000fd6c
core   0: 0x80009d70 (0x283f2a23) sw      gp, 660(t5)
core   0: 3 0x80009d70 (0x283f2a23) mem 0x80010000 0x00000001
core   0: 0x80009d74 (0xff9ff06f) j       pc - 0x8
core   0: 3 0x80009d74 (0xff9ff06f)
core   0: 0x80009d6c (0x00006f17) auipc   t5, 0x6
core   0: 3 0x80009d6c (0x00006f17) x30 0x8000fd6c
core   0: 0x80009d70 (0x283f2a23) sw      gp, 660(t5)
core   0: 3 0x80009d70 (0x283f2a23) mem 0x80010000 0x00000001
core   0: 0x80009d74 (0xff9ff06f) j       pc - 0x8
core   0: 3 0x80009d74 (0xff9ff06f)
core   0: 0x80009d6c (0x00006f17) auipc   t5, 0x6
core   0: 3 0x80009d6c (0x00006f17) x30 0x8000fd6c
core   0: 0x80009d70 (0x283f2a23) sw      gp, 660(t5)
core   0: 3 0x80009d70 (0x283f2a23) mem 0x80010000 0x00000001
core   0: 0x80009d74 (0xff9ff06f) j       pc - 0x8
core   0: 3 0x80009d74 (0xff9ff06f)
core   0: 0x80009d6c (0x00006f17) auipc   t5, 0x6
core   0: 3 0x80009d6c (0x00006f17) x30 0x8000fd6c
core   0: 0x80009d70 (0x283f2a23) sw      gp, 660(t5)
core   0: 3 0x80009d70 (0x283f2a23) mem 0x80010000 0x00000001
core   0: 0x80009d74 (0xff9ff06f) j       pc - 0x8
core   0: 3 0x80009d74 (0xff9ff06f)
core   0: 0x80009d6c (0x00006f17) auipc   t5, 0x6
core   0: 3 0x80009d6c (0x00006f17) x30 0x8000fd6c
core   0: 0x80009d70 (0x283f2a23) sw      gp, 660(t5)
core   0: 3 0x80009d70 (0x283f2a23) mem 0x80010000 0x00000001
core   0: 0x80009d74 (0xff9ff06f) j       pc - 0x8
core   0: 3 0x80009d74 (0xff9ff06f)
core   0: 0x80009d6c (0x00006f17) auipc   t5, 0x6
core   0: 3 0x80009d6c (0x00006f17) x30 0x8000fd6c
core   0: 0x80009d70 (0x283f2a23) sw      gp, 660(t5)
core   0: 3 0x80009d70 (0x283f2a23) mem 0x80010000 0x00000001
core   0: 0x80009d74 (0xff9ff06f) j       pc - 0x8
core   0: 3 0x80009d74 (0xff9ff06f)
core   0: 0x80009d6c (0x00006f17) auipc   t5, 0x6
core   0: 3 0x80009d6c (0x00006f17) x30 0x8000fd6c
core   0: 0x80009d70 (0x283f2a23) sw      gp, 660(t5)
core   0: 3 0x80009d70 (0x283f2a23) mem 0x80010000 0x00000001
core   0: 0x80009d74 (0xff9ff06f) j       pc - 0x8
core   0: 3 0x80009d74 (0xff9ff06f)
core   0: 0x80009d6c (0x00006f17) auipc   t5, 0x6
core   0: 3 0x80009d6c (0x00006f17) x30 0x8000fd6c
core   0: 0x80009d70 (0x283f2a23) sw      gp, 660(t5)
core   0: 3 0x80009d70 (0x283f2a23) mem 0x80010000 0x00000001
core   0: 0x80009d74 (0xff9ff06f) j       pc - 0x8
core   0: 3 0x80009d74 (0xff9ff06f)
core   0: 0x80009d6c (0x00006f17) auipc   t5, 0x6
core   0: 3 0x80009d6c (0x00006f17) x30 0x8000fd6c
core   0: 0x80009d70 (0x283f2a23) sw      gp, 660(t5)
core   0: 3 0x80009d70 (0x283f2a23) mem 0x80010000 0x00000001
core   0: 0x80009d74 (0xff9ff06f) j       pc - 0x8
core   0: 3 0x80009d74 (0xff9ff06f)
core   0: 0x80009d6c (0x00006f17) auipc   t5, 0x6
core   0: 3 0x80009d6c (0x00006f17) x30 0x8000fd6c
core   0: 0x80009d70 (0x283f2a23) sw      gp, 660(t5)
core   0: 3 0x80009d70 (0x283f2a23) mem 0x80010000 0x00000001
core   0: 0x80009d74 (0xff9ff06f) j       pc - 0x8
core   0: 3 0x80009d74 (0xff9ff06f)
core   0: 0x80009d6c (0x00006f17) auipc   t5, 0x6
core   0: 3 0x80009d6c (0x00006f17) x30 0x8000fd6c
core   0: 0x80009d70 (0x283f2a23) sw      gp, 660(t5)
core   0: 3 0x80009d70 (0x283f2a23) mem 0x80010000 0x00000001
core   0: 0x80009d74 (0xff9ff06f) j       pc - 0x8
core   0: 3 0x80009d74 (0xff9ff06f)
core   0: 0x80009d6c (0x00006f17) auipc   t5, 0x6
core   0: 3 0x80009d6c (0x00006f17) x30 0x8000fd6c
core   0: 0x80009d70 (0x283f2a23) sw      gp, 660(t5)
core   0: 3 0x80009d70 (0x283f2a23) mem 0x80010000 0x00000001
core   0: 0x80009d74 (0xff9ff06f) j       pc - 0x8
core   0: 3 0x80009d74 (0xff9ff06f)
core   0: 0x80009d6c (0x00006f17) auipc   t5, 0x6
core   0: 3 0x80009d6c (0x00006f17) x30 0x8000fd6c
core   0: 0x80009d70 (0x283f2a23) sw      gp, 660(t5)
core   0: 3 0x80009d70 (0x283f2a23) mem 0x80010000 0x00000001
core   0: 0x80009d74 (0xff9ff06f) j       pc - 0x8
core   0: 3 0x80009d74 (0xff9ff06f)
core   0: 0x80009d6c (0x00006f17) auipc   t5, 0x6
core   0: 3 0x80009d6c (0x00006f17) x30 0x8000fd6c
core   0: 0x80009d70 (0x283f2a23) sw      gp, 660(t5)
core   0: 3 0x80009d70 (0x283f2a23) mem 0x80010000 0x00000001
core   0: 0x80009d74 (0xff9ff06f) j       pc - 0x8
core   0: 3 0x80009d74 (0xff9ff06f)
core   0: 0x80009d6c (0x00006f17) auipc   t5, 0x6
core   0: 3 0x80009d6c (0x00006f17) x30 0x8000fd6c
core   0: 0x80009d70 (0x283f2a23) sw      gp, 660(t5)
core   0: 3 0x80009d70 (0x283f2a23) mem 0x80010000 0x00000001
core   0: 0x80009d74 (0xff9ff06f) j       pc - 0x8
core   0: 3 0x80009d74 (0xff9ff06f)
core   0: 0x80009d6c (0x00006f17) auipc   t5, 0x6
core   0: 3 0x80009d6c (0x00006f17) x30 0x8000fd6c
core   0: 0x80009d70 (0x283f2a23) sw      gp, 660(t5)
core   0: 3 0x80009d70 (0x283f2a23) mem 0x80010000 0x00000001
core   0: 0x80009d74 (0xff9ff06f) j       pc - 0x8
core   0: 3 0x80009d74 (0xff9ff06f)
core   0: 0x80009d6c (0x00006f17) auipc   t5, 0x6
core   0: 3 0x80009d6c (0x00006f17) x30 0x8000fd6c
core   0: 0x80009d70 (0x283f2a23) sw      gp, 660(t5)
core   0: 3 0x80009d70 (0x283f2a23) mem 0x80010000 0x00000001
core   0: 0x80009d74 (0xff9ff06f) j       pc - 0x8
core   0: 3 0x80009d74 (0xff9ff06f)
core   0: 0x80009d6c (0x00006f17) auipc   t5, 0x6
core   0: 3 0x80009d6c (0x00006f17) x30 0x8000fd6c
core   0: 0x80009d70 (0x283f2a23) sw      gp, 660(t5)
core   0: 3 0x80009d70 (0x283f2a23) mem 0x80010000 0x00000001
core   0: 0x80009d74 (0xff9ff06f) j       pc - 0x8
core   0: 3 0x80009d74 (0xff9ff06f)
core   0: 0x80009d6c (0x00006f17) auipc   t5, 0x6
core   0: 3 0x80009d6c (0x00006f17) x30 0x8000fd6c
core   0: 0x80009d70 (0x283f2a23) sw      gp, 660(t5)
core   0: 3 0x80009d70 (0x283f2a23) mem 0x80010000 0x00000001
core   0: 0x80009d74 (0xff9ff06f) j       pc - 0x8
core   0: 3 0x80009d74 (0xff9ff06f)
core   0: 0x80009d6c (0x00006f17) auipc   t5, 0x6
core   0: 3 0x80009d6c (0x00006f17) x30 0x8000fd6c
core   0: 0x80009d70 (0x283f2a23) sw      gp, 660(t5)
core   0: 3 0x80009d70 (0x283f2a23) mem 0x80010000 0x00000001
core   0: 0x80009d74 (0xff9ff06f) j       pc - 0x8
core   0: 3 0x80009d74 (0xff9ff06f)
core   0: 0x80009d6c (0x00006f17) auipc   t5, 0x6
core   0: 3 0x80009d6c (0x00006f17) x30 0x8000fd6c
core   0: 0x80009d70 (0x283f2a23) sw      gp, 660(t5)
core   0: 3 0x80009d70 (0x283f2a23) mem 0x80010000 0x00000001
core   0: 0x80009d74 (0xff9ff06f) j       pc - 0x8
core   0: 3 0x80009d74 (0xff9ff06f)
core   0: 0x80009d6c (0x00006f17) auipc   t5, 0x6
core   0: 3 0x80009d6c (0x00006f17) x30 0x8000fd6c
core   0: 0x80009d70 (0x283f2a23) sw      gp, 660(t5)
core   0: 3 0x80009d70 (0x283f2a23) mem 0x80010000 0x00000001
core   0: 0x80009d74 (0xff9ff06f) j       pc - 0x8
core   0: 3 0x80009d74 (0xff9ff06f)
core   0: 0x80009d6c (0x00006f17) auipc   t5, 0x6
core   0: 3 0x80009d6c (0x00006f17) x30 0x8000fd6c
core   0: 0x80009d70 (0x283f2a23) sw      gp, 660(t5)
core   0: 3 0x80009d70 (0x283f2a23) mem 0x80010000 0x00000001
core   0: 0x80009d74 (0xff9ff06f) j       pc - 0x8
core   0: 3 0x80009d74 (0xff9ff06f)
core   0: 0x80009d6c (0x00006f17) auipc   t5, 0x6
core   0: 3 0x80009d6c (0x00006f17) x30 0x8000fd6c
core   0: 0x80009d70 (0x283f2a23) sw      gp, 660(t5)
core   0: 3 0x80009d70 (0x283f2a23) mem 0x80010000 0x00000001
core   0: 0x80009d74 (0xff9ff06f) j       pc - 0x8
core   0: 3 0x80009d74 (0xff9ff06f)
core   0: 0x80009d6c (0x00006f17) auipc   t5, 0x6
core   0: 3 0x80009d6c (0x00006f17) x30 0x8000fd6c
core   0: 0x80009d70 (0x283f2a23) sw      gp, 660(t5)
core   0: 3 0x80009d70 (0x283f2a23) mem 0x80010000 0x00000001
core   0: 0x80009d74 (0xff9ff06f) j       pc - 0x8
core   0: 3 0x80009d74 (0xff9ff06f)
core   0: 0x80009d6c (0x00006f17) auipc   t5, 0x6
core   0: 3 0x80009d6c (0x00006f17) x30 0x8000fd6c
core   0: 0x80009d70 (0x283f2a23) sw      gp, 660(t5)
core   0: 3 0x80009d70 (0x283f2a23) mem 0x80010000 0x00000001
core   0: 0x80009d74 (0xff9ff06f) j       pc - 0x8
core   0: 3 0x80009d74 (0xff9ff06f)
core   0: 0x80009d6c (0x00006f17) auipc   t5, 0x6
core   0: 3 0x80009d6c (0x00006f17) x30 0x8000fd6c
core   0: 0x80009d70 (0x283f2a23) sw      gp, 660(t5)
core   0: 3 0x80009d70 (0x283f2a23) mem 0x80010000 0x00000001
core   0: 0x80009d74 (0xff9ff06f) j       pc - 0x8
core   0: 3 0x80009d74 (0xff9ff06f)
core   0: 0x80009d6c (0x00006f17) auipc   t5, 0x6
core   0: 3 0x80009d6c (0x00006f17) x30 0x8000fd6c
core   0: 0x80009d70 (0x283f2a23) sw      gp, 660(t5)
core   0: 3 0x80009d70 (0x283f2a23) mem 0x80010000 0x00000001
core   0: 0x80009d74 (0xff9ff06f) j       pc - 0x8
core   0: 3 0x80009d74 (0xff9ff06f)
core   0: 0x80009d6c (0x00006f17) auipc   t5, 0x6
core   0: 3 0x80009d6c (0x00006f17) x30 0x8000fd6c
core   0: 0x80009d70 (0x283f2a23) sw      gp, 660(t5)
core   0: 3 0x80009d70 (0x283f2a23) mem 0x80010000 0x00000001
core   0: 0x80009d74 (0xff9ff06f) j       pc - 0x8
core   0: 3 0x80009d74 (0xff9ff06f)
core   0: 0x80009d6c (0x00006f17) auipc   t5, 0x6
core   0: 3 0x80009d6c (0x00006f17) x30 0x8000fd6c
core   0: 0x80009d70 (0x283f2a23) sw      gp, 660(t5)
core   0: 3 0x80009d70 (0x283f2a23) mem 0x80010000 0x00000001
core   0: 0x80009d74 (0xff9ff06f) j       pc - 0x8
core   0: 3 0x80009d74 (0xff9ff06f)
core   0: 0x80009d6c (0x00006f17) auipc   t5, 0x6
core   0: 3 0x80009d6c (0x00006f17) x30 0x8000fd6c
core   0: 0x80009d70 (0x283f2a23) sw      gp, 660(t5)
core   0: 3 0x80009d70 (0x283f2a23) mem 0x80010000 0x00000001
core   0: 0x80009d74 (0xff9ff06f) j       pc - 0x8
core   0: 3 0x80009d74 (0xff9ff06f)
core   0: 0x80009d6c (0x00006f17) auipc   t5, 0x6
core   0: 3 0x80009d6c (0x00006f17) x30 0x8000fd6c
core   0: 0x80009d70 (0x283f2a23) sw      gp, 660(t5)
core   0: 3 0x80009d70 (0x283f2a23) mem 0x80010000 0x00000001
core   0: 0x80009d74 (0xff9ff06f) j       pc - 0x8
core   0: 3 0x80009d74 (0xff9ff06f)
core   0: 0x80009d6c (0x00006f17) auipc   t5, 0x6
core   0: 3 0x80009d6c (0x00006f17) x30 0x8000fd6c
core   0: 0x80009d70 (0x283f2a23) sw      gp, 660(t5)
core   0: 3 0x80009d70 (0x283f2a23) mem 0x80010000 0x00000001
core   0: 0x80009d74 (0xff9ff06f) j       pc - 0x8
core   0: 3 0x80009d74 (0xff9ff06f)
core   0: 0x80009d6c (0x00006f17) auipc   t5, 0x6
core   0: 3 0x80009d6c (0x00006f17) x30 0x8000fd6c
core   0: 0x80009d70 (0x283f2a23) sw      gp, 660(t5)
core   0: 3 0x80009d70 (0x283f2a23) mem 0x80010000 0x00000001
core   0: 0x80009d74 (0xff9ff06f) j       pc - 0x8
core   0: 3 0x80009d74 (0xff9ff06f)
core   0: 0x80009d6c (0x00006f17) auipc   t5, 0x6
core   0: 3 0x80009d6c (0x00006f17) x30 0x8000fd6c
core   0: 0x80009d70 (0x283f2a23) sw      gp, 660(t5)
core   0: 3 0x80009d70 (0x283f2a23) mem 0x80010000 0x00000001
core   0: 0x80009d74 (0xff9ff06f) j       pc - 0x8
core   0: 3 0x80009d74 (0xff9ff06f)
core   0: 0x80009d6c (0x00006f17) auipc   t5, 0x6
core   0: 3 0x80009d6c (0x00006f17) x30 0x8000fd6c
core   0: 0x80009d70 (0x283f2a23) sw      gp, 660(t5)
core   0: 3 0x80009d70 (0x283f2a23) mem 0x80010000 0x00000001
core   0: 0x80009d74 (0xff9ff06f) j       pc - 0x8
core   0: 3 0x80009d74 (0xff9ff06f)
core   0: 0x80009d6c (0x00006f17) auipc   t5, 0x6
core   0: 3 0x80009d6c (0x00006f17) x30 0x8000fd6c
core   0: 0x80009d70 (0x283f2a23) sw      gp, 660(t5)
core   0: 3 0x80009d70 (0x283f2a23) mem 0x80010000 0x00000001
core   0: 0x80009d74 (0xff9ff06f) j       pc - 0x8
core   0: 3 0x80009d74 (0xff9ff06f)
core   0: 0x80009d6c (0x00006f17) auipc   t5, 0x6
core   0: 3 0x80009d6c (0x00006f17) x30 0x8000fd6c
core   0: 0x80009d70 (0x283f2a23) sw      gp, 660(t5)
core   0: 3 0x80009d70 (0x283f2a23) mem 0x80010000 0x00000001
core   0: 0x80009d74 (0xff9ff06f) j       pc - 0x8
core   0: 3 0x80009d74 (0xff9ff06f)
core   0: 0x80009d6c (0x00006f17) auipc   t5, 0x6
core   0: 3 0x80009d6c (0x00006f17) x30 0x8000fd6c
core   0: 0x80009d70 (0x283f2a23) sw      gp, 660(t5)
core   0: 3 0x80009d70 (0x283f2a23) mem 0x80010000 0x00000001
core   0: 0x80009d74 (0xff9ff06f) j       pc - 0x8
core   0: 3 0x80009d74 (0xff9ff06f)
core   0: 0x80009d6c (0x00006f17) auipc   t5, 0x6
core   0: 3 0x80009d6c (0x00006f17) x30 0x8000fd6c
core   0: 0x80009d70 (0x283f2a23) sw      gp, 660(t5)
core   0: 3 0x80009d70 (0x283f2a23) mem 0x80010000 0x00000001
core   0: 0x80009d74 (0xff9ff06f) j       pc - 0x8
core   0: 3 0x80009d74 (0xff9ff06f)
core   0: 0x80009d6c (0x00006f17) auipc   t5, 0x6
core   0: 3 0x80009d6c (0x00006f17) x30 0x8000fd6c
core   0: 0x80009d70 (0x283f2a23) sw      gp, 660(t5)
core   0: 3 0x80009d70 (0x283f2a23) mem 0x80010000 0x00000001
core   0: 0x80009d74 (0xff9ff06f) j       pc - 0x8
core   0: 3 0x80009d74 (0xff9ff06f)
core   0: 0x80009d6c (0x00006f17) auipc   t5, 0x6
core   0: 3 0x80009d6c (0x00006f17) x30 0x8000fd6c
core   0: 0x80009d70 (0x283f2a23) sw      gp, 660(t5)
core   0: 3 0x80009d70 (0x283f2a23) mem 0x80010000 0x00000001
core   0: 0x80009d74 (0xff9ff06f) j       pc - 0x8
core   0: 3 0x80009d74 (0xff9ff06f)
core   0: 0x80009d6c (0x00006f17) auipc   t5, 0x6
core   0: 3 0x80009d6c (0x00006f17) x30 0x8000fd6c
core   0: 0x80009d70 (0x283f2a23) sw      gp, 660(t5)
core   0: 3 0x80009d70 (0x283f2a23) mem 0x80010000 0x00000001
core   0: 0x80009d74 (0xff9ff06f) j       pc - 0x8
core   0: 3 0x80009d74 (0xff9ff06f)
core   0: 0x80009d6c (0x00006f17) auipc   t5, 0x6
core   0: 3 0x80009d6c (0x00006f17) x30 0x8000fd6c
core   0: 0x80009d70 (0x283f2a23) sw      gp, 660(t5)
core   0: 3 0x80009d70 (0x283f2a23) mem 0x80010000 0x00000001
core   0: 0x80009d74 (0xff9ff06f) j       pc - 0x8
core   0: 3 0x80009d74 (0xff9ff06f)
core   0: 0x80009d6c (0x00006f17) auipc   t5, 0x6
core   0: 3 0x80009d6c (0x00006f17) x30 0x8000fd6c
core   0: 0x80009d70 (0x283f2a23) sw      gp, 660(t5)
core   0: 3 0x80009d70 (0x283f2a23) mem 0x80010000 0x00000001
core   0: 0x80009d74 (0xff9ff06f) j       pc - 0x8
core   0: 3 0x80009d74 (0xff9ff06f)
core   0: 0x80009d6c (0x00006f17) auipc   t5, 0x6
core   0: 3 0x80009d6c (0x00006f17) x30 0x8000fd6c
core   0: 0x80009d70 (0x283f2a23) sw      gp, 660(t5)
core   0: 3 0x80009d70 (0x283f2a23) mem 0x80010000 0x00000001
core   0: 0x80009d74 (0xff9ff06f) j       pc - 0x8
core   0: 3 0x80009d74 (0xff9ff06f)
core   0: 0x80009d6c (0x00006f17) auipc   t5, 0x6
core   0: 3 0x80009d6c (0x00006f17) x30 0x8000fd6c
core   0: 0x80009d70 (0x283f2a23) sw      gp, 660(t5)
core   0: 3 0x80009d70 (0x283f2a23) mem 0x80010000 0x00000001
core   0: 0x80009d74 (0xff9ff06f) j       pc - 0x8
core   0: 3 0x80009d74 (0xff9ff06f)
core   0: 0x80009d6c (0x00006f17) auipc   t5, 0x6
core   0: 3 0x80009d6c (0x00006f17) x30 0x8000fd6c
core   0: 0x80009d70 (0x283f2a23) sw      gp, 660(t5)
core   0: 3 0x80009d70 (0x283f2a23) mem 0x80010000 0x00000001
core   0: 0x80009d74 (0xff9ff06f) j       pc - 0x8
core   0: 3 0x80009d74 (0xff9ff06f)
core   0: 0x80009d6c (0x00006f17) auipc   t5, 0x6
core   0: 3 0x80009d6c (0x00006f17) x30 0x8000fd6c
core   0: 0x80009d70 (0x283f2a23) sw      gp, 660(t5)
core   0: 3 0x80009d70 (0x283f2a23) mem 0x80010000 0x00000001
core   0: 0x80009d74 (0xff9ff06f) j       pc - 0x8
core   0: 3 0x80009d74 (0xff9ff06f)
core   0: 0x80009d6c (0x00006f17) auipc   t5, 0x6
core   0: 3 0x80009d6c (0x00006f17) x30 0x8000fd6c
core   0: 0x80009d70 (0x283f2a23) sw      gp, 660(t5)
core   0: 3 0x80009d70 (0x283f2a23) mem 0x80010000 0x00000001
core   0: 0x80009d74 (0xff9ff06f) j       pc - 0x8
core   0: 3 0x80009d74 (0xff9ff06f)
core   0: 0x80009d6c (0x00006f17) auipc   t5, 0x6
core   0: 3 0x80009d6c (0x00006f17) x30 0x8000fd6c
core   0: 0x80009d70 (0x283f2a23) sw      gp, 660(t5)
core   0: 3 0x80009d70 (0x283f2a23) mem 0x80010000 0x00000001
core   0: 0x80009d74 (0xff9ff06f) j       pc - 0x8
core   0: 3 0x80009d74 (0xff9ff06f)
core   0: 0x80009d6c (0x00006f17) auipc   t5, 0x6
core   0: 3 0x80009d6c (0x00006f17) x30 0x8000fd6c
core   0: 0x80009d70 (0x283f2a23) sw      gp, 660(t5)
core   0: 3 0x80009d70 (0x283f2a23) mem 0x80010000 0x00000001
core   0: 0x80009d74 (0xff9ff06f) j       pc - 0x8
core   0: 3 0x80009d74 (0xff9ff06f)
core   0: 0x80009d6c (0x00006f17) auipc   t5, 0x6
core   0: 3 0x80009d6c (0x00006f17) x30 0x8000fd6c
core   0: 0x80009d70 (0x283f2a23) sw      gp, 660(t5)
core   0: 3 0x80009d70 (0x283f2a23) mem 0x80010000 0x00000001
core   0: 0x80009d74 (0xff9ff06f) j       pc - 0x8
core   0: 3 0x80009d74 (0xff9ff06f)
core   0: 0x80009d6c (0x00006f17) auipc   t5, 0x6
core   0: 3 0x80009d6c (0x00006f17) x30 0x8000fd6c
core   0: 0x80009d70 (0x283f2a23) sw      gp, 660(t5)
core   0: 3 0x80009d70 (0x283f2a23) mem 0x80010000 0x00000001
core   0: 0x80009d74 (0xff9ff06f) j       pc - 0x8
core   0: 3 0x80009d74 (0xff9ff06f)
core   0: 0x80009d6c (0x00006f17) auipc   t5, 0x6
core   0: 3 0x80009d6c (0x00006f17) x30 0x8000fd6c
core   0: 0x80009d70 (0x283f2a23) sw      gp, 660(t5)
core   0: 3 0x80009d70 (0x283f2a23) mem 0x80010000 0x00000001
core   0: 0x80009d74 (0xff9ff06f) j       pc - 0x8
core   0: 3 0x80009d74 (0xff9ff06f)
core   0: 0x80009d6c (0x00006f17) auipc   t5, 0x6
core   0: 3 0x80009d6c (0x00006f17) x30 0x8000fd6c
core   0: 0x80009d70 (0x283f2a23) sw      gp, 660(t5)
core   0: 3 0x80009d70 (0x283f2a23) mem 0x80010000 0x00000001
core   0: 0x80009d74 (0xff9ff06f) j       pc - 0x8
core   0: 3 0x80009d74 (0xff9ff06f)
core   0: 0x80009d6c (0x00006f17) auipc   t5, 0x6
core   0: 3 0x80009d6c (0x00006f17) x30 0x8000fd6c
core   0: 0x80009d70 (0x283f2a23) sw      gp, 660(t5)
core   0: 3 0x80009d70 (0x283f2a23) mem 0x80010000 0x00000001
core   0: 0x80009d74 (0xff9ff06f) j       pc - 0x8
core   0: 3 0x80009d74 (0xff9ff06f)
core   0: 0x80009d6c (0x00006f17) auipc   t5, 0x6
core   0: 3 0x80009d6c (0x00006f17) x30 0x8000fd6c
core   0: 0x80009d70 (0x283f2a23) sw      gp, 660(t5)
core   0: 3 0x80009d70 (0x283f2a23) mem 0x80010000 0x00000001
core   0: 0x80009d74 (0xff9ff06f) j       pc - 0x8
core   0: 3 0x80009d74 (0xff9ff06f)
core   0: 0x80009d6c (0x00006f17) auipc   t5, 0x6
core   0: 3 0x80009d6c (0x00006f17) x30 0x8000fd6c
core   0: 0x80009d70 (0x283f2a23) sw      gp, 660(t5)
core   0: 3 0x80009d70 (0x283f2a23) mem 0x80010000 0x00000001
core   0: 0x80009d74 (0xff9ff06f) j       pc - 0x8
core   0: 3 0x80009d74 (0xff9ff06f)
core   0: 0x80009d6c (0x00006f17) auipc   t5, 0x6
core   0: 3 0x80009d6c (0x00006f17) x30 0x8000fd6c
core   0: 0x80009d70 (0x283f2a23) sw      gp, 660(t5)
core   0: 3 0x80009d70 (0x283f2a23) mem 0x80010000 0x00000001
core   0: 0x80009d74 (0xff9ff06f) j       pc - 0x8
core   0: 3 0x80009d74 (0xff9ff06f)
core   0: 0x80009d6c (0x00006f17) auipc   t5, 0x6
core   0: 3 0x80009d6c (0x00006f17) x30 0x8000fd6c
core   0: 0x80009d70 (0x283f2a23) sw      gp, 660(t5)
core   0: 3 0x80009d70 (0x283f2a23) mem 0x80010000 0x00000001
core   0: 0x80009d74 (0xff9ff06f) j       pc - 0x8
core   0: 3 0x80009d74 (0xff9ff06f)
core   0: 0x80009d6c (0x00006f17) auipc   t5, 0x6
core   0: 3 0x80009d6c (0x00006f17) x30 0x8000fd6c
core   0: 0x80009d70 (0x283f2a23) sw      gp, 660(t5)
core   0: 3 0x80009d70 (0x283f2a23) mem 0x80010000 0x00000001
core   0: 0x80009d74 (0xff9ff06f) j       pc - 0x8
core   0: 3 0x80009d74 (0xff9ff06f)
core   0: 0x80009d6c (0x00006f17) auipc   t5, 0x6
core   0: 3 0x80009d6c (0x00006f17) x30 0x8000fd6c
core   0: 0x80009d70 (0x283f2a23) sw      gp, 660(t5)
core   0: 3 0x80009d70 (0x283f2a23) mem 0x80010000 0x00000001
core   0: 0x80009d74 (0xff9ff06f) j       pc - 0x8
core   0: 3 0x80009d74 (0xff9ff06f)
core   0: 0x80009d6c (0x00006f17) auipc   t5, 0x6
core   0: 3 0x80009d6c (0x00006f17) x30 0x8000fd6c
core   0: 0x80009d70 (0x283f2a23) sw      gp, 660(t5)
core   0: 3 0x80009d70 (0x283f2a23) mem 0x80010000 0x00000001
core   0: 0x80009d74 (0xff9ff06f) j       pc - 0x8
core   0: 3 0x80009d74 (0xff9ff06f)
core   0: 0x80009d6c (0x00006f17) auipc   t5, 0x6
core   0: 3 0x80009d6c (0x00006f17) x30 0x8000fd6c
core   0: 0x80009d70 (0x283f2a23) sw      gp, 660(t5)
core   0: 3 0x80009d70 (0x283f2a23) mem 0x80010000 0x00000001
core   0: 0x80009d74 (0xff9ff06f) j       pc - 0x8
core   0: 3 0x80009d74 (0xff9ff06f)
core   0: 0x80009d6c (0x00006f17) auipc   t5, 0x6
core   0: 3 0x80009d6c (0x00006f17) x30 0x8000fd6c
core   0: 0x80009d70 (0x283f2a23) sw      gp, 660(t5)
core   0: 3 0x80009d70 (0x283f2a23) mem 0x80010000 0x00000001
core   0: 0x80009d74 (0xff9ff06f) j       pc - 0x8
core   0: 3 0x80009d74 (0xff9ff06f)
core   0: 0x80009d6c (0x00006f17) auipc   t5, 0x6
core   0: 3 0x80009d6c (0x00006f17) x30 0x8000fd6c
core   0: 0x80009d70 (0x283f2a23) sw      gp, 660(t5)
core   0: 3 0x80009d70 (0x283f2a23) mem 0x80010000 0x00000001
core   0: 0x80009d74 (0xff9ff06f) j       pc - 0x8
core   0: 3 0x80009d74 (0xff9ff06f)
core   0: 0x80009d6c (0x00006f17) auipc   t5, 0x6
core   0: 3 0x80009d6c (0x00006f17) x30 0x8000fd6c
core   0: 0x80009d70 (0x283f2a23) sw      gp, 660(t5)
core   0: 3 0x80009d70 (0x283f2a23) mem 0x80010000 0x00000001
core   0: 0x80009d74 (0xff9ff06f) j       pc - 0x8
core   0: 3 0x80009d74 (0xff9ff06f)
core   0: 0x80009d6c (0x00006f17) auipc   t5, 0x6
core   0: 3 0x80009d6c (0x00006f17) x30 0x8000fd6c
core   0: 0x80009d70 (0x283f2a23) sw      gp, 660(t5)
core   0: 3 0x80009d70 (0x283f2a23) mem 0x80010000 0x00000001
core   0: 0x80009d74 (0xff9ff06f) j       pc - 0x8
core   0: 3 0x80009d74 (0xff9ff06f)
core   0: 0x80009d6c (0x00006f17) auipc   t5, 0x6
core   0: 3 0x80009d6c (0x00006f17) x30 0x8000fd6c
core   0: 0x80009d70 (0x283f2a23) sw      gp, 660(t5)
core   0: 3 0x80009d70 (0x283f2a23) mem 0x80010000 0x00000001
core   0: 0x80009d74 (0xff9ff06f) j       pc - 0x8
core   0: 3 0x80009d74 (0xff9ff06f)
core   0: 0x80009d6c (0x00006f17) auipc   t5, 0x6
core   0: 3 0x80009d6c (0x00006f17) x30 0x8000fd6c
core   0: 0x80009d70 (0x283f2a23) sw      gp, 660(t5)
core   0: 3 0x80009d70 (0x283f2a23) mem 0x80010000 0x00000001
core   0: 0x80009d74 (0xff9ff06f) j       pc - 0x8
core   0: 3 0x80009d74 (0xff9ff06f)
core   0: 0x80009d6c (0x00006f17) auipc   t5, 0x6
core   0: 3 0x80009d6c (0x00006f17) x30 0x8000fd6c
core   0: 0x80009d70 (0x283f2a23) sw      gp, 660(t5)
core   0: 3 0x80009d70 (0x283f2a23) mem 0x80010000 0x00000001
core   0: 0x80009d74 (0xff9ff06f) j       pc - 0x8
core   0: 3 0x80009d74 (0xff9ff06f)
core   0: 0x80009d6c (0x00006f17) auipc   t5, 0x6
core   0: 3 0x80009d6c (0x00006f17) x30 0x8000fd6c
core   0: 0x80009d70 (0x283f2a23) sw      gp, 660(t5)
core   0: 3 0x80009d70 (0x283f2a23) mem 0x80010000 0x00000001
core   0: 0x80009d74 (0xff9ff06f) j       pc - 0x8
core   0: 3 0x80009d74 (0xff9ff06f)
core   0: 0x80009d6c (0x00006f17) auipc   t5, 0x6
core   0: 3 0x80009d6c (0x00006f17) x30 0x8000fd6c
core   0: 0x80009d70 (0x283f2a23) sw      gp, 660(t5)
core   0: 3 0x80009d70 (0x283f2a23) mem 0x80010000 0x00000001
core   0: 0x80009d74 (0xff9ff06f) j       pc - 0x8
core   0: 3 0x80009d74 (0xff9ff06f)
core   0: 0x80009d6c (0x00006f17) auipc   t5, 0x6
core   0: 3 0x80009d6c (0x00006f17) x30 0x8000fd6c
core   0: 0x80009d70 (0x283f2a23) sw      gp, 660(t5)
core   0: 3 0x80009d70 (0x283f2a23) mem 0x80010000 0x00000001
core   0: 0x80009d74 (0xff9ff06f) j       pc - 0x8
core   0: 3 0x80009d74 (0xff9ff06f)
core   0: 0x80009d6c (0x00006f17) auipc   t5, 0x6
core   0: 3 0x80009d6c (0x00006f17) x30 0x8000fd6c
core   0: 0x80009d70 (0x283f2a23) sw      gp, 660(t5)
core   0: 3 0x80009d70 (0x283f2a23) mem 0x80010000 0x00000001
core   0: 0x80009d74 (0xff9ff06f) j       pc - 0x8
core   0: 3 0x80009d74 (0xff9ff06f)
core   0: 0x80009d6c (0x00006f17) auipc   t5, 0x6
core   0: 3 0x80009d6c (0x00006f17) x30 0x8000fd6c
core   0: 0x80009d70 (0x283f2a23) sw      gp, 660(t5)
core   0: 3 0x80009d70 (0x283f2a23) mem 0x80010000 0x00000001
core   0: 0x80009d74 (0xff9ff06f) j       pc - 0x8
core   0: 3 0x80009d74 (0xff9ff06f)
core   0: 0x80009d6c (0x00006f17) auipc   t5, 0x6
core   0: 3 0x80009d6c (0x00006f17) x30 0x8000fd6c
core   0: 0x80009d70 (0x283f2a23) sw      gp, 660(t5)
core   0: 3 0x80009d70 (0x283f2a23) mem 0x80010000 0x00000001
core   0: 0x80009d74 (0xff9ff06f) j       pc - 0x8
core   0: 3 0x80009d74 (0xff9ff06f)
core   0: 0x80009d6c (0x00006f17) auipc   t5, 0x6
core   0: 3 0x80009d6c (0x00006f17) x30 0x8000fd6c
core   0: 0x80009d70 (0x283f2a23) sw      gp, 660(t5)
core   0: 3 0x80009d70 (0x283f2a23) mem 0x80010000 0x00000001
core   0: 0x80009d74 (0xff9ff06f) j       pc - 0x8
core   0: 3 0x80009d74 (0xff9ff06f)
core   0: 0x80009d6c (0x00006f17) auipc   t5, 0x6
core   0: 3 0x80009d6c (0x00006f17) x30 0x8000fd6c
core   0: 0x80009d70 (0x283f2a23) sw      gp, 660(t5)
core   0: 3 0x80009d70 (0x283f2a23) mem 0x80010000 0x00000001
core   0: 0x80009d74 (0xff9ff06f) j       pc - 0x8
core   0: 3 0x80009d74 (0xff9ff06f)
core   0: 0x80009d6c (0x00006f17) auipc   t5, 0x6
core   0: 3 0x80009d6c (0x00006f17) x30 0x8000fd6c
core   0: 0x80009d70 (0x283f2a23) sw      gp, 660(t5)
core   0: 3 0x80009d70 (0x283f2a23) mem 0x80010000 0x00000001
core   0: 0x80009d74 (0xff9ff06f) j       pc - 0x8
core   0: 3 0x80009d74 (0xff9ff06f)
core   0: 0x80009d6c (0x00006f17) auipc   t5, 0x6
core   0: 3 0x80009d6c (0x00006f17) x30 0x8000fd6c
core   0: 0x80009d70 (0x283f2a23) sw      gp, 660(t5)
core   0: 3 0x80009d70 (0x283f2a23) mem 0x80010000 0x00000001
core   0: 0x80009d74 (0xff9ff06f) j       pc - 0x8
core   0: 3 0x80009d74 (0xff9ff06f)
core   0: 0x80009d6c (0x00006f17) auipc   t5, 0x6
core   0: 3 0x80009d6c (0x00006f17) x30 0x8000fd6c
core   0: 0x80009d70 (0x283f2a23) sw      gp, 660(t5)
core   0: 3 0x80009d70 (0x283f2a23) mem 0x80010000 0x00000001
core   0: 0x80009d74 (0xff9ff06f) j       pc - 0x8
core   0: 3 0x80009d74 (0xff9ff06f)
core   0: 0x80009d6c (0x00006f17) auipc   t5, 0x6
core   0: 3 0x80009d6c (0x00006f17) x30 0x8000fd6c
core   0: 0x80009d70 (0x283f2a23) sw      gp, 660(t5)
core   0: 3 0x80009d70 (0x283f2a23) mem 0x80010000 0x00000001
core   0: 0x80009d74 (0xff9ff06f) j       pc - 0x8
core   0: 3 0x80009d74 (0xff9ff06f)
core   0: 0x80009d6c (0x00006f17) auipc   t5, 0x6
core   0: 3 0x80009d6c (0x00006f17) x30 0x8000fd6c
core   0: 0x80009d70 (0x283f2a23) sw      gp, 660(t5)
core   0: 3 0x80009d70 (0x283f2a23) mem 0x80010000 0x00000001
core   0: 0x80009d74 (0xff9ff06f) j       pc - 0x8
core   0: 3 0x80009d74 (0xff9ff06f)
core   0: 0x80009d6c (0x00006f17) auipc   t5, 0x6
core   0: 3 0x80009d6c (0x00006f17) x30 0x8000fd6c
core   0: 0x80009d70 (0x283f2a23) sw      gp, 660(t5)
core   0: 3 0x80009d70 (0x283f2a23) mem 0x80010000 0x00000001
core   0: 0x80009d74 (0xff9ff06f) j       pc - 0x8
core   0: 3 0x80009d74 (0xff9ff06f)
core   0: 0x80009d6c (0x00006f17) auipc   t5, 0x6
core   0: 3 0x80009d6c (0x00006f17) x30 0x8000fd6c
core   0: 0x80009d70 (0x283f2a23) sw      gp, 660(t5)
core   0: 3 0x80009d70 (0x283f2a23) mem 0x80010000 0x00000001
core   0: 0x80009d74 (0xff9ff06f) j       pc - 0x8
core   0: 3 0x80009d74 (0xff9ff06f)
core   0: 0x80009d6c (0x00006f17) auipc   t5, 0x6
core   0: 3 0x80009d6c (0x00006f17) x30 0x8000fd6c
core   0: 0x80009d70 (0x283f2a23) sw      gp, 660(t5)
core   0: 3 0x80009d70 (0x283f2a23) mem 0x80010000 0x00000001
core   0: 0x80009d74 (0xff9ff06f) j       pc - 0x8
core   0: 3 0x80009d74 (0xff9ff06f)
core   0: 0x80009d6c (0x00006f17) auipc   t5, 0x6
core   0: 3 0x80009d6c (0x00006f17) x30 0x8000fd6c
core   0: 0x80009d70 (0x283f2a23) sw      gp, 660(t5)
core   0: 3 0x80009d70 (0x283f2a23) mem 0x80010000 0x00000001
core   0: 0x80009d74 (0xff9ff06f) j       pc - 0x8
core   0: 3 0x80009d74 (0xff9ff06f)
core   0: 0x80009d6c (0x00006f17) auipc   t5, 0x6
core   0: 3 0x80009d6c (0x00006f17) x30 0x8000fd6c
core   0: 0x80009d70 (0x283f2a23) sw      gp, 660(t5)
core   0: 3 0x80009d70 (0x283f2a23) mem 0x80010000 0x00000001
core   0: 0x80009d74 (0xff9ff06f) j       pc - 0x8
core   0: 3 0x80009d74 (0xff9ff06f)
core   0: 0x80009d6c (0x00006f17) auipc   t5, 0x6
core   0: 3 0x80009d6c (0x00006f17) x30 0x8000fd6c
core   0: 0x80009d70 (0x283f2a23) sw      gp, 660(t5)
core   0: 3 0x80009d70 (0x283f2a23) mem 0x80010000 0x00000001
core   0: 0x80009d74 (0xff9ff06f) j       pc - 0x8
core   0: 3 0x80009d74 (0xff9ff06f)
core   0: 0x80009d6c (0x00006f17) auipc   t5, 0x6
core   0: 3 0x80009d6c (0x00006f17) x30 0x8000fd6c
core   0: 0x80009d70 (0x283f2a23) sw      gp, 660(t5)
core   0: 3 0x80009d70 (0x283f2a23) mem 0x80010000 0x00000001
core   0: 0x80009d74 (0xff9ff06f) j       pc - 0x8
core   0: 3 0x80009d74 (0xff9ff06f)
core   0: 0x80009d6c (0x00006f17) auipc   t5, 0x6
core   0: 3 0x80009d6c (0x00006f17) x30 0x8000fd6c
core   0: 0x80009d70 (0x283f2a23) sw      gp, 660(t5)
core   0: 3 0x80009d70 (0x283f2a23) mem 0x80010000 0x00000001
core   0: 0x80009d74 (0xff9ff06f) j       pc - 0x8
core   0: 3 0x80009d74 (0xff9ff06f)
core   0: 0x80009d6c (0x00006f17) auipc   t5, 0x6
core   0: 3 0x80009d6c (0x00006f17) x30 0x8000fd6c
core   0: 0x80009d70 (0x283f2a23) sw      gp, 660(t5)
core   0: 3 0x80009d70 (0x283f2a23) mem 0x80010000 0x00000001
core   0: 0x80009d74 (0xff9ff06f) j       pc - 0x8
core   0: 3 0x80009d74 (0xff9ff06f)
core   0: 0x80009d6c (0x00006f17) auipc   t5, 0x6
core   0: 3 0x80009d6c (0x00006f17) x30 0x8000fd6c
core   0: 0x80009d70 (0x283f2a23) sw      gp, 660(t5)
core   0: 3 0x80009d70 (0x283f2a23) mem 0x80010000 0x00000001
core   0: 0x80009d74 (0xff9ff06f) j       pc - 0x8
core   0: 3 0x80009d74 (0xff9ff06f)
core   0: 0x80009d6c (0x00006f17) auipc   t5, 0x6
core   0: 3 0x80009d6c (0x00006f17) x30 0x8000fd6c
core   0: 0x80009d70 (0x283f2a23) sw      gp, 660(t5)
core   0: 3 0x80009d70 (0x283f2a23) mem 0x80010000 0x00000001
core   0: 0x80009d74 (0xff9ff06f) j       pc - 0x8
core   0: 3 0x80009d74 (0xff9ff06f)
core   0: 0x80009d6c (0x00006f17) auipc   t5, 0x6
core   0: 3 0x80009d6c (0x00006f17) x30 0x8000fd6c
core   0: 0x80009d70 (0x283f2a23) sw      gp, 660(t5)
core   0: 3 0x80009d70 (0x283f2a23) mem 0x80010000 0x00000001
core   0: 0x80009d74 (0xff9ff06f) j       pc - 0x8
core   0: 3 0x80009d74 (0xff9ff06f)
core   0: 0x80009d6c (0x00006f17) auipc   t5, 0x6
core   0: 3 0x80009d6c (0x00006f17) x30 0x8000fd6c
core   0: 0x80009d70 (0x283f2a23) sw      gp, 660(t5)
core   0: 3 0x80009d70 (0x283f2a23) mem 0x80010000 0x00000001
core   0: 0x80009d74 (0xff9ff06f) j       pc - 0x8
core   0: 3 0x80009d74 (0xff9ff06f)
core   0: 0x80009d6c (0x00006f17) auipc   t5, 0x6
core   0: 3 0x80009d6c (0x00006f17) x30 0x8000fd6c
core   0: 0x80009d70 (0x283f2a23) sw      gp, 660(t5)
core   0: 3 0x80009d70 (0x283f2a23) mem 0x80010000 0x00000001
core   0: 0x80009d74 (0xff9ff06f) j       pc - 0x8
core   0: 3 0x80009d74 (0xff9ff06f)
core   0: 0x80009d6c (0x00006f17) auipc   t5, 0x6
core   0: 3 0x80009d6c (0x00006f17) x30 0x8000fd6c
core   0: 0x80009d70 (0x283f2a23) sw      gp, 660(t5)
core   0: 3 0x80009d70 (0x283f2a23) mem 0x80010000 0x00000001
core   0: 0x80009d74 (0xff9ff06f) j       pc - 0x8
core   0: 3 0x80009d74 (0xff9ff06f)
core   0: 0x80009d6c (0x00006f17) auipc   t5, 0x6
core   0: 3 0x80009d6c (0x00006f17) x30 0x8000fd6c
core   0: 0x80009d70 (0x283f2a23) sw      gp, 660(t5)
core   0: 3 0x80009d70 (0x283f2a23) mem 0x80010000 0x00000001
core   0: 0x80009d74 (0xff9ff06f) j       pc - 0x8
core   0: 3 0x80009d74 (0xff9ff06f)
core   0: 0x80009d6c (0x00006f17) auipc   t5, 0x6
core   0: 3 0x80009d6c (0x00006f17) x30 0x8000fd6c
core   0: 0x80009d70 (0x283f2a23) sw      gp, 660(t5)
core   0: 3 0x80009d70 (0x283f2a23) mem 0x80010000 0x00000001
core   0: 0x80009d74 (0xff9ff06f) j       pc - 0x8
core   0: 3 0x80009d74 (0xff9ff06f)
core   0: 0x80009d6c (0x00006f17) auipc   t5, 0x6
core   0: 3 0x80009d6c (0x00006f17) x30 0x8000fd6c
core   0: 0x80009d70 (0x283f2a23) sw      gp, 660(t5)
core   0: 3 0x80009d70 (0x283f2a23) mem 0x80010000 0x00000001
core   0: 0x80009d74 (0xff9ff06f) j       pc - 0x8
core   0: 3 0x80009d74 (0xff9ff06f)
core   0: 0x80009d6c (0x00006f17) auipc   t5, 0x6
core   0: 3 0x80009d6c (0x00006f17) x30 0x8000fd6c
core   0: 0x80009d70 (0x283f2a23) sw      gp, 660(t5)
core   0: 3 0x80009d70 (0x283f2a23) mem 0x80010000 0x00000001
core   0: 0x80009d74 (0xff9ff06f) j       pc - 0x8
core   0: 3 0x80009d74 (0xff9ff06f)
core   0: 0x80009d6c (0x00006f17) auipc   t5, 0x6
core   0: 3 0x80009d6c (0x00006f17) x30 0x8000fd6c
core   0: 0x80009d70 (0x283f2a23) sw      gp, 660(t5)
core   0: 3 0x80009d70 (0x283f2a23) mem 0x80010000 0x00000001
core   0: 0x80009d74 (0xff9ff06f) j       pc - 0x8
core   0: 3 0x80009d74 (0xff9ff06f)
core   0: 0x80009d6c (0x00006f17) auipc   t5, 0x6
core   0: 3 0x80009d6c (0x00006f17) x30 0x8000fd6c
core   0: 0x80009d70 (0x283f2a23) sw      gp, 660(t5)
core   0: 3 0x80009d70 (0x283f2a23) mem 0x80010000 0x00000001
core   0: 0x80009d74 (0xff9ff06f) j       pc - 0x8
core   0: 3 0x80009d74 (0xff9ff06f)
core   0: 0x80009d6c (0x00006f17) auipc   t5, 0x6
core   0: 3 0x80009d6c (0x00006f17) x30 0x8000fd6c
core   0: 0x80009d70 (0x283f2a23) sw      gp, 660(t5)
core   0: 3 0x80009d70 (0x283f2a23) mem 0x80010000 0x00000001
core   0: 0x80009d74 (0xff9ff06f) j       pc - 0x8
core   0: 3 0x80009d74 (0xff9ff06f)
core   0: 0x80009d6c (0x00006f17) auipc   t5, 0x6
core   0: 3 0x80009d6c (0x00006f17) x30 0x8000fd6c
core   0: 0x80009d70 (0x283f2a23) sw      gp, 660(t5)
core   0: 3 0x80009d70 (0x283f2a23) mem 0x80010000 0x00000001
core   0: 0x80009d74 (0xff9ff06f) j       pc - 0x8
core   0: 3 0x80009d74 (0xff9ff06f)
core   0: 0x80009d6c (0x00006f17) auipc   t5, 0x6
core   0: 3 0x80009d6c (0x00006f17) x30 0x8000fd6c
core   0: 0x80009d70 (0x283f2a23) sw      gp, 660(t5)
core   0: 3 0x80009d70 (0x283f2a23) mem 0x80010000 0x00000001
core   0: 0x80009d74 (0xff9ff06f) j       pc - 0x8
core   0: 3 0x80009d74 (0xff9ff06f)
core   0: 0x80009d6c (0x00006f17) auipc   t5, 0x6
core   0: 3 0x80009d6c (0x00006f17) x30 0x8000fd6c
core   0: 0x80009d70 (0x283f2a23) sw      gp, 660(t5)
core   0: 3 0x80009d70 (0x283f2a23) mem 0x80010000 0x00000001
core   0: 0x80009d74 (0xff9ff06f) j       pc - 0x8
core   0: 3 0x80009d74 (0xff9ff06f)
core   0: 0x80009d6c (0x00006f17) auipc   t5, 0x6
core   0: 3 0x80009d6c (0x00006f17) x30 0x8000fd6c
core   0: 0x80009d70 (0x283f2a23) sw      gp, 660(t5)
core   0: 3 0x80009d70 (0x283f2a23) mem 0x80010000 0x00000001
core   0: 0x80009d74 (0xff9ff06f) j       pc - 0x8
core   0: 3 0x80009d74 (0xff9ff06f)
core   0: 0x80009d6c (0x00006f17) auipc   t5, 0x6
core   0: 3 0x80009d6c (0x00006f17) x30 0x8000fd6c
core   0: 0x80009d70 (0x283f2a23) sw      gp, 660(t5)
core   0: 3 0x80009d70 (0x283f2a23) mem 0x80010000 0x00000001
core   0: 0x80009d74 (0xff9ff06f) j       pc - 0x8
core   0: 3 0x80009d74 (0xff9ff06f)
core   0: 0x80009d6c (0x00006f17) auipc   t5, 0x6
core   0: 3 0x80009d6c (0x00006f17) x30 0x8000fd6c
core   0: 0x80009d70 (0x283f2a23) sw      gp, 660(t5)
core   0: 3 0x80009d70 (0x283f2a23) mem 0x80010000 0x00000001
core   0: 0x80009d74 (0xff9ff06f) j       pc - 0x8
core   0: 3 0x80009d74 (0xff9ff06f)
core   0: 0x80009d6c (0x00006f17) auipc   t5, 0x6
core   0: 3 0x80009d6c (0x00006f17) x30 0x8000fd6c
core   0: 0x80009d70 (0x283f2a23) sw      gp, 660(t5)
core   0: 3 0x80009d70 (0x283f2a23) mem 0x80010000 0x00000001
core   0: 0x80009d74 (0xff9ff06f) j       pc - 0x8
core   0: 3 0x80009d74 (0xff9ff06f)
core   0: 0x80009d6c (0x00006f17) auipc   t5, 0x6
core   0: 3 0x80009d6c (0x00006f17) x30 0x8000fd6c
core   0: 0x80009d70 (0x283f2a23) sw      gp, 660(t5)
core   0: 3 0x80009d70 (0x283f2a23) mem 0x80010000 0x00000001
core   0: 0x80009d74 (0xff9ff06f) j       pc - 0x8
core   0: 3 0x80009d74 (0xff9ff06f)
core   0: 0x80009d6c (0x00006f17) auipc   t5, 0x6
core   0: 3 0x80009d6c (0x00006f17) x30 0x8000fd6c
core   0: 0x80009d70 (0x283f2a23) sw      gp, 660(t5)
core   0: 3 0x80009d70 (0x283f2a23) mem 0x80010000 0x00000001
core   0: 0x80009d74 (0xff9ff06f) j       pc - 0x8
core   0: 3 0x80009d74 (0xff9ff06f)
core   0: 0x80009d6c (0x00006f17) auipc   t5, 0x6
core   0: 3 0x80009d6c (0x00006f17) x30 0x8000fd6c
core   0: 0x80009d70 (0x283f2a23) sw      gp, 660(t5)
core   0: 3 0x80009d70 (0x283f2a23) mem 0x80010000 0x00000001
core   0: 0x80009d74 (0xff9ff06f) j       pc - 0x8
core   0: 3 0x80009d74 (0xff9ff06f)
core   0: 0x80009d6c (0x00006f17) auipc   t5, 0x6
core   0: 3 0x80009d6c (0x00006f17) x30 0x8000fd6c
core   0: 0x80009d70 (0x283f2a23) sw      gp, 660(t5)
core   0: 3 0x80009d70 (0x283f2a23) mem 0x80010000 0x00000001
core   0: 0x80009d74 (0xff9ff06f) j       pc - 0x8
core   0: 3 0x80009d74 (0xff9ff06f)
core   0: 0x80009d6c (0x00006f17) auipc   t5, 0x6
core   0: 3 0x80009d6c (0x00006f17) x30 0x8000fd6c
core   0: 0x80009d70 (0x283f2a23) sw      gp, 660(t5)
core   0: 3 0x80009d70 (0x283f2a23) mem 0x80010000 0x00000001
core   0: 0x80009d74 (0xff9ff06f) j       pc - 0x8
core   0: 3 0x80009d74 (0xff9ff06f)
core   0: 0x80009d6c (0x00006f17) auipc   t5, 0x6
core   0: 3 0x80009d6c (0x00006f17) x30 0x8000fd6c
core   0: 0x80009d70 (0x283f2a23) sw      gp, 660(t5)
core   0: 3 0x80009d70 (0x283f2a23) mem 0x80010000 0x00000001
core   0: 0x80009d74 (0xff9ff06f) j       pc - 0x8
core   0: 3 0x80009d74 (0xff9ff06f)
core   0: 0x80009d6c (0x00006f17) auipc   t5, 0x6
core   0: 3 0x80009d6c (0x00006f17) x30 0x8000fd6c
core   0: 0x80009d70 (0x283f2a23) sw      gp, 660(t5)
core   0: 3 0x80009d70 (0x283f2a23) mem 0x80010000 0x00000001
core   0: 0x80009d74 (0xff9ff06f) j       pc - 0x8
core   0: 3 0x80009d74 (0xff9ff06f)
core   0: 0x80009d6c (0x00006f17) auipc   t5, 0x6
core   0: 3 0x80009d6c (0x00006f17) x30 0x8000fd6c
core   0: 0x80009d70 (0x283f2a23) sw      gp, 660(t5)
core   0: 3 0x80009d70 (0x283f2a23) mem 0x80010000 0x00000001
core   0: 0x80009d74 (0xff9ff06f) j       pc - 0x8
core   0: 3 0x80009d74 (0xff9ff06f)
core   0: 0x80009d6c (0x00006f17) auipc   t5, 0x6
core   0: 3 0x80009d6c (0x00006f17) x30 0x8000fd6c
core   0: 0x80009d70 (0x283f2a23) sw      gp, 660(t5)
core   0: 3 0x80009d70 (0x283f2a23) mem 0x80010000 0x00000001
core   0: 0x80009d74 (0xff9ff06f) j       pc - 0x8
core   0: 3 0x80009d74 (0xff9ff06f)
core   0: 0x80009d6c (0x00006f17) auipc   t5, 0x6
core   0: 3 0x80009d6c (0x00006f17) x30 0x8000fd6c
core   0: 0x80009d70 (0x283f2a23) sw      gp, 660(t5)
core   0: 3 0x80009d70 (0x283f2a23) mem 0x80010000 0x00000001
core   0: 0x80009d74 (0xff9ff06f) j       pc - 0x8
core   0: 3 0x80009d74 (0xff9ff06f)
core   0: 0x80009d6c (0x00006f17) auipc   t5, 0x6
core   0: 3 0x80009d6c (0x00006f17) x30 0x8000fd6c
core   0: 0x80009d70 (0x283f2a23) sw      gp, 660(t5)
core   0: 3 0x80009d70 (0x283f2a23) mem 0x80010000 0x00000001
core   0: 0x80009d74 (0xff9ff06f) j       pc - 0x8
core   0: 3 0x80009d74 (0xff9ff06f)
core   0: 0x80009d6c (0x00006f17) auipc   t5, 0x6
core   0: 3 0x80009d6c (0x00006f17) x30 0x8000fd6c
core   0: 0x80009d70 (0x283f2a23) sw      gp, 660(t5)
core   0: 3 0x80009d70 (0x283f2a23) mem 0x80010000 0x00000001
core   0: 0x80009d74 (0xff9ff06f) j       pc - 0x8
core   0: 3 0x80009d74 (0xff9ff06f)
core   0: 0x80009d6c (0x00006f17) auipc   t5, 0x6
core   0: 3 0x80009d6c (0x00006f17) x30 0x8000fd6c
core   0: 0x80009d70 (0x283f2a23) sw      gp, 660(t5)
core   0: 3 0x80009d70 (0x283f2a23) mem 0x80010000 0x00000001
core   0: 0x80009d74 (0xff9ff06f) j       pc - 0x8
core   0: 3 0x80009d74 (0xff9ff06f)
core   0: 0x80009d6c (0x00006f17) auipc   t5, 0x6
core   0: 3 0x80009d6c (0x00006f17) x30 0x8000fd6c
core   0: 0x80009d70 (0x283f2a23) sw      gp, 660(t5)
core   0: 3 0x80009d70 (0x283f2a23) mem 0x80010000 0x00000001
core   0: 0x80009d74 (0xff9ff06f) j       pc - 0x8
core   0: 3 0x80009d74 (0xff9ff06f)
core   0: 0x80009d6c (0x00006f17) auipc   t5, 0x6
core   0: 3 0x80009d6c (0x00006f17) x30 0x8000fd6c
core   0: 0x80009d70 (0x283f2a23) sw      gp, 660(t5)
core   0: 3 0x80009d70 (0x283f2a23) mem 0x80010000 0x00000001
core   0: 0x80009d74 (0xff9ff06f) j       pc - 0x8
core   0: 3 0x80009d74 (0xff9ff06f)
core   0: 0x80009d6c (0x00006f17) auipc   t5, 0x6
core   0: 3 0x80009d6c (0x00006f17) x30 0x8000fd6c
core   0: 0x80009d70 (0x283f2a23) sw      gp, 660(t5)
core   0: 3 0x80009d70 (0x283f2a23) mem 0x80010000 0x00000001
core   0: 0x80009d74 (0xff9ff06f) j       pc - 0x8
core   0: 3 0x80009d74 (0xff9ff06f)
core   0: 0x80009d6c (0x00006f17) auipc   t5, 0x6
core   0: 3 0x80009d6c (0x00006f17) x30 0x8000fd6c
core   0: 0x80009d70 (0x283f2a23) sw      gp, 660(t5)
core   0: 3 0x80009d70 (0x283f2a23) mem 0x80010000 0x00000001
core   0: 0x80009d74 (0xff9ff06f) j       pc - 0x8
core   0: 3 0x80009d74 (0xff9ff06f)
core   0: 0x80009d6c (0x00006f17) auipc   t5, 0x6
core   0: 3 0x80009d6c (0x00006f17) x30 0x8000fd6c
core   0: 0x80009d70 (0x283f2a23) sw      gp, 660(t5)
core   0: 3 0x80009d70 (0x283f2a23) mem 0x80010000 0x00000001
core   0: 0x80009d74 (0xff9ff06f) j       pc - 0x8
core   0: 3 0x80009d74 (0xff9ff06f)
core   0: 0x80009d6c (0x00006f17) auipc   t5, 0x6
core   0: 3 0x80009d6c (0x00006f17) x30 0x8000fd6c
core   0: 0x80009d70 (0x283f2a23) sw      gp, 660(t5)
core   0: 3 0x80009d70 (0x283f2a23) mem 0x80010000 0x00000001
core   0: 0x80009d74 (0xff9ff06f) j       pc - 0x8
core   0: 3 0x80009d74 (0xff9ff06f)
core   0: 0x80009d6c (0x00006f17) auipc   t5, 0x6
core   0: 3 0x80009d6c (0x00006f17) x30 0x8000fd6c
core   0: 0x80009d70 (0x283f2a23) sw      gp, 660(t5)
core   0: 3 0x80009d70 (0x283f2a23) mem 0x80010000 0x00000001
core   0: 0x80009d74 (0xff9ff06f) j       pc - 0x8
core   0: 3 0x80009d74 (0xff9ff06f)
core   0: 0x80009d6c (0x00006f17) auipc   t5, 0x6
core   0: 3 0x80009d6c (0x00006f17) x30 0x8000fd6c
core   0: 0x80009d70 (0x283f2a23) sw      gp, 660(t5)
core   0: 3 0x80009d70 (0x283f2a23) mem 0x80010000 0x00000001
core   0: 0x80009d74 (0xff9ff06f) j       pc - 0x8
core   0: 3 0x80009d74 (0xff9ff06f)
core   0: 0x80009d6c (0x00006f17) auipc   t5, 0x6
core   0: 3 0x80009d6c (0x00006f17) x30 0x8000fd6c
core   0: 0x80009d70 (0x283f2a23) sw      gp, 660(t5)
core   0: 3 0x80009d70 (0x283f2a23) mem 0x80010000 0x00000001
core   0: 0x80009d74 (0xff9ff06f) j       pc - 0x8
core   0: 3 0x80009d74 (0xff9ff06f)
core   0: 0x80009d6c (0x00006f17) auipc   t5, 0x6
core   0: 3 0x80009d6c (0x00006f17) x30 0x8000fd6c
core   0: 0x80009d70 (0x283f2a23) sw      gp, 660(t5)
core   0: 3 0x80009d70 (0x283f2a23) mem 0x80010000 0x00000001
core   0: 0x80009d74 (0xff9ff06f) j       pc - 0x8
core   0: 3 0x80009d74 (0xff9ff06f)
core   0: 0x80009d6c (0x00006f17) auipc   t5, 0x6
core   0: 3 0x80009d6c (0x00006f17) x30 0x8000fd6c
core   0: 0x80009d70 (0x283f2a23) sw      gp, 660(t5)
core   0: 3 0x80009d70 (0x283f2a23) mem 0x80010000 0x00000001
core   0: 0x80009d74 (0xff9ff06f) j       pc - 0x8
core   0: 3 0x80009d74 (0xff9ff06f)
core   0: 0x80009d6c (0x00006f17) auipc   t5, 0x6
core   0: 3 0x80009d6c (0x00006f17) x30 0x8000fd6c
core   0: 0x80009d70 (0x283f2a23) sw      gp, 660(t5)
core   0: 3 0x80009d70 (0x283f2a23) mem 0x80010000 0x00000001
core   0: 0x80009d74 (0xff9ff06f) j       pc - 0x8
core   0: 3 0x80009d74 (0xff9ff06f)
core   0: 0x80009d6c (0x00006f17) auipc   t5, 0x6
core   0: 3 0x80009d6c (0x00006f17) x30 0x8000fd6c
core   0: 0x80009d70 (0x283f2a23) sw      gp, 660(t5)
core   0: 3 0x80009d70 (0x283f2a23) mem 0x80010000 0x00000001
core   0: 0x80009d74 (0xff9ff06f) j       pc - 0x8
core   0: 3 0x80009d74 (0xff9ff06f)
core   0: 0x80009d6c (0x00006f17) auipc   t5, 0x6
core   0: 3 0x80009d6c (0x00006f17) x30 0x8000fd6c
core   0: 0x80009d70 (0x283f2a23) sw      gp, 660(t5)
core   0: 3 0x80009d70 (0x283f2a23) mem 0x80010000 0x00000001
core   0: 0x80009d74 (0xff9ff06f) j       pc - 0x8
core   0: 3 0x80009d74 (0xff9ff06f)
core   0: 0x80009d6c (0x00006f17) auipc   t5, 0x6
core   0: 3 0x80009d6c (0x00006f17) x30 0x8000fd6c
core   0: 0x80009d70 (0x283f2a23) sw      gp, 660(t5)
core   0: 3 0x80009d70 (0x283f2a23) mem 0x80010000 0x00000001
core   0: 0x80009d74 (0xff9ff06f) j       pc - 0x8
core   0: 3 0x80009d74 (0xff9ff06f)
core   0: 0x80009d6c (0x00006f17) auipc   t5, 0x6
core   0: 3 0x80009d6c (0x00006f17) x30 0x8000fd6c
core   0: 0x80009d70 (0x283f2a23) sw      gp, 660(t5)
core   0: 3 0x80009d70 (0x283f2a23) mem 0x80010000 0x00000001
core   0: 0x80009d74 (0xff9ff06f) j       pc - 0x8
core   0: 3 0x80009d74 (0xff9ff06f)
core   0: 0x80009d6c (0x00006f17) auipc   t5, 0x6
core   0: 3 0x80009d6c (0x00006f17) x30 0x8000fd6c
core   0: 0x80009d70 (0x283f2a23) sw      gp, 660(t5)
core   0: 3 0x80009d70 (0x283f2a23) mem 0x80010000 0x00000001
core   0: 0x80009d74 (0xff9ff06f) j       pc - 0x8
core   0: 3 0x80009d74 (0xff9ff06f)
core   0: 0x80009d6c (0x00006f17) auipc   t5, 0x6
core   0: 3 0x80009d6c (0x00006f17) x30 0x8000fd6c
core   0: 0x80009d70 (0x283f2a23) sw      gp, 660(t5)
core   0: 3 0x80009d70 (0x283f2a23) mem 0x80010000 0x00000001
core   0: 0x80009d74 (0xff9ff06f) j       pc - 0x8
core   0: 3 0x80009d74 (0xff9ff06f)
core   0: 0x80009d6c (0x00006f17) auipc   t5, 0x6
core   0: 3 0x80009d6c (0x00006f17) x30 0x8000fd6c
core   0: 0x80009d70 (0x283f2a23) sw      gp, 660(t5)
core   0: 3 0x80009d70 (0x283f2a23) mem 0x80010000 0x00000001
core   0: 0x80009d74 (0xff9ff06f) j       pc - 0x8
core   0: 3 0x80009d74 (0xff9ff06f)
core   0: 0x80009d6c (0x00006f17) auipc   t5, 0x6
core   0: 3 0x80009d6c (0x00006f17) x30 0x8000fd6c
core   0: 0x80009d70 (0x283f2a23) sw      gp, 660(t5)
core   0: 3 0x80009d70 (0x283f2a23) mem 0x80010000 0x00000001
core   0: 0x80009d74 (0xff9ff06f) j       pc - 0x8
core   0: 3 0x80009d74 (0xff9ff06f)
core   0: 0x80009d6c (0x00006f17) auipc   t5, 0x6
core   0: 3 0x80009d6c (0x00006f17) x30 0x8000fd6c
core   0: 0x80009d70 (0x283f2a23) sw      gp, 660(t5)
core   0: 3 0x80009d70 (0x283f2a23) mem 0x80010000 0x00000001
core   0: 0x80009d74 (0xff9ff06f) j       pc - 0x8
core   0: 3 0x80009d74 (0xff9ff06f)
core   0: 0x80009d6c (0x00006f17) auipc   t5, 0x6
core   0: 3 0x80009d6c (0x00006f17) x30 0x8000fd6c
core   0: 0x80009d70 (0x283f2a23) sw      gp, 660(t5)
core   0: 3 0x80009d70 (0x283f2a23) mem 0x80010000 0x00000001
core   0: 0x80009d74 (0xff9ff06f) j       pc - 0x8
core   0: 3 0x80009d74 (0xff9ff06f)
core   0: 0x80009d6c (0x00006f17) auipc   t5, 0x6
core   0: 3 0x80009d6c (0x00006f17) x30 0x8000fd6c
core   0: 0x80009d70 (0x283f2a23) sw      gp, 660(t5)
core   0: 3 0x80009d70 (0x283f2a23) mem 0x80010000 0x00000001
core   0: 0x80009d74 (0xff9ff06f) j       pc - 0x8
core   0: 3 0x80009d74 (0xff9ff06f)
core   0: 0x80009d6c (0x00006f17) auipc   t5, 0x6
core   0: 3 0x80009d6c (0x00006f17) x30 0x8000fd6c
core   0: 0x80009d70 (0x283f2a23) sw      gp, 660(t5)
core   0: 3 0x80009d70 (0x283f2a23) mem 0x80010000 0x00000001
core   0: 0x80009d74 (0xff9ff06f) j       pc - 0x8
core   0: 3 0x80009d74 (0xff9ff06f)
core   0: 0x80009d6c (0x00006f17) auipc   t5, 0x6
core   0: 3 0x80009d6c (0x00006f17) x30 0x8000fd6c
core   0: 0x80009d70 (0x283f2a23) sw      gp, 660(t5)
core   0: 3 0x80009d70 (0x283f2a23) mem 0x80010000 0x00000001
core   0: 0x80009d74 (0xff9ff06f) j       pc - 0x8
core   0: 3 0x80009d74 (0xff9ff06f)
core   0: 0x80009d6c (0x00006f17) auipc   t5, 0x6
core   0: 3 0x80009d6c (0x00006f17) x30 0x8000fd6c
core   0: 0x80009d70 (0x283f2a23) sw      gp, 660(t5)
core   0: 3 0x80009d70 (0x283f2a23) mem 0x80010000 0x00000001
core   0: 0x80009d74 (0xff9ff06f) j       pc - 0x8
core   0: 3 0x80009d74 (0xff9ff06f)
core   0: 0x80009d6c (0x00006f17) auipc   t5, 0x6
core   0: 3 0x80009d6c (0x00006f17) x30 0x8000fd6c
core   0: 0x80009d70 (0x283f2a23) sw      gp, 660(t5)
core   0: 3 0x80009d70 (0x283f2a23) mem 0x80010000 0x00000001
core   0: 0x80009d74 (0xff9ff06f) j       pc - 0x8
core   0: 3 0x80009d74 (0xff9ff06f)
core   0: 0x80009d6c (0x00006f17) auipc   t5, 0x6
core   0: 3 0x80009d6c (0x00006f17) x30 0x8000fd6c
core   0: 0x80009d70 (0x283f2a23) sw      gp, 660(t5)
core   0: 3 0x80009d70 (0x283f2a23) mem 0x80010000 0x00000001
core   0: 0x80009d74 (0xff9ff06f) j       pc - 0x8
core   0: 3 0x80009d74 (0xff9ff06f)
core   0: 0x80009d6c (0x00006f17) auipc   t5, 0x6
core   0: 3 0x80009d6c (0x00006f17) x30 0x8000fd6c
core   0: 0x80009d70 (0x283f2a23) sw      gp, 660(t5)
core   0: 3 0x80009d70 (0x283f2a23) mem 0x80010000 0x00000001
core   0: 0x80009d74 (0xff9ff06f) j       pc - 0x8
core   0: 3 0x80009d74 (0xff9ff06f)
core   0: 0x80009d6c (0x00006f17) auipc   t5, 0x6
core   0: 3 0x80009d6c (0x00006f17) x30 0x8000fd6c
core   0: 0x80009d70 (0x283f2a23) sw      gp, 660(t5)
core   0: 3 0x80009d70 (0x283f2a23) mem 0x80010000 0x00000001
core   0: 0x80009d74 (0xff9ff06f) j       pc - 0x8
core   0: 3 0x80009d74 (0xff9ff06f)
core   0: 0x80009d6c (0x00006f17) auipc   t5, 0x6
core   0: 3 0x80009d6c (0x00006f17) x30 0x8000fd6c
core   0: 0x80009d70 (0x283f2a23) sw      gp, 660(t5)
core   0: 3 0x80009d70 (0x283f2a23) mem 0x80010000 0x00000001
core   0: 0x80009d74 (0xff9ff06f) j       pc - 0x8
core   0: 3 0x80009d74 (0xff9ff06f)
core   0: 0x80009d6c (0x00006f17) auipc   t5, 0x6
core   0: 3 0x80009d6c (0x00006f17) x30 0x8000fd6c
core   0: 0x80009d70 (0x283f2a23) sw      gp, 660(t5)
core   0: 3 0x80009d70 (0x283f2a23) mem 0x80010000 0x00000001
core   0: 0x80009d74 (0xff9ff06f) j       pc - 0x8
core   0: 3 0x80009d74 (0xff9ff06f)
core   0: 0x80009d6c (0x00006f17) auipc   t5, 0x6
core   0: 3 0x80009d6c (0x00006f17) x30 0x8000fd6c
core   0: 0x80009d70 (0x283f2a23) sw      gp, 660(t5)
core   0: 3 0x80009d70 (0x283f2a23) mem 0x80010000 0x00000001
core   0: 0x80009d74 (0xff9ff06f) j       pc - 0x8
core   0: 3 0x80009d74 (0xff9ff06f)
core   0: 0x80009d6c (0x00006f17) auipc   t5, 0x6
core   0: 3 0x80009d6c (0x00006f17) x30 0x8000fd6c
core   0: 0x80009d70 (0x283f2a23) sw      gp, 660(t5)
core   0: 3 0x80009d70 (0x283f2a23) mem 0x80010000 0x00000001
core   0: 0x80009d74 (0xff9ff06f) j       pc - 0x8
core   0: 3 0x80009d74 (0xff9ff06f)
core   0: 0x80009d6c (0x00006f17) auipc   t5, 0x6
core   0: 3 0x80009d6c (0x00006f17) x30 0x8000fd6c
core   0: 0x80009d70 (0x283f2a23) sw      gp, 660(t5)
core   0: 3 0x80009d70 (0x283f2a23) mem 0x80010000 0x00000001
core   0: 0x80009d74 (0xff9ff06f) j       pc - 0x8
core   0: 3 0x80009d74 (0xff9ff06f)
core   0: 0x80009d6c (0x00006f17) auipc   t5, 0x6
core   0: 3 0x80009d6c (0x00006f17) x30 0x8000fd6c
core   0: 0x80009d70 (0x283f2a23) sw      gp, 660(t5)
core   0: 3 0x80009d70 (0x283f2a23) mem 0x80010000 0x00000001
core   0: 0x80009d74 (0xff9ff06f) j       pc - 0x8
core   0: 3 0x80009d74 (0xff9ff06f)
core   0: 0x80009d6c (0x00006f17) auipc   t5, 0x6
core   0: 3 0x80009d6c (0x00006f17) x30 0x8000fd6c
core   0: 0x80009d70 (0x283f2a23) sw      gp, 660(t5)
core   0: 3 0x80009d70 (0x283f2a23) mem 0x80010000 0x00000001
core   0: 0x80009d74 (0xff9ff06f) j       pc - 0x8
core   0: 3 0x80009d74 (0xff9ff06f)
core   0: 0x80009d6c (0x00006f17) auipc   t5, 0x6
core   0: 3 0x80009d6c (0x00006f17) x30 0x8000fd6c
core   0: 0x80009d70 (0x283f2a23) sw      gp, 660(t5)
core   0: 3 0x80009d70 (0x283f2a23) mem 0x80010000 0x00000001
core   0: 0x80009d74 (0xff9ff06f) j       pc - 0x8
core   0: 3 0x80009d74 (0xff9ff06f)
core   0: 0x80009d6c (0x00006f17) auipc   t5, 0x6
core   0: 3 0x80009d6c (0x00006f17) x30 0x8000fd6c
core   0: 0x80009d70 (0x283f2a23) sw      gp, 660(t5)
core   0: 3 0x80009d70 (0x283f2a23) mem 0x80010000 0x00000001
core   0: 0x80009d74 (0xff9ff06f) j       pc - 0x8
core   0: 3 0x80009d74 (0xff9ff06f)
core   0: 0x80009d6c (0x00006f17) auipc   t5, 0x6
core   0: 3 0x80009d6c (0x00006f17) x30 0x8000fd6c
core   0: 0x80009d70 (0x283f2a23) sw      gp, 660(t5)
core   0: 3 0x80009d70 (0x283f2a23) mem 0x80010000 0x00000001
core   0: 0x80009d74 (0xff9ff06f) j       pc - 0x8
core   0: 3 0x80009d74 (0xff9ff06f)
core   0: 0x80009d6c (0x00006f17) auipc   t5, 0x6
core   0: 3 0x80009d6c (0x00006f17) x30 0x8000fd6c
core   0: 0x80009d70 (0x283f2a23) sw      gp, 660(t5)
core   0: 3 0x80009d70 (0x283f2a23) mem 0x80010000 0x00000001
core   0: 0x80009d74 (0xff9ff06f) j       pc - 0x8
core   0: 3 0x80009d74 (0xff9ff06f)
core   0: 0x80009d6c (0x00006f17) auipc   t5, 0x6
core   0: 3 0x80009d6c (0x00006f17) x30 0x8000fd6c
core   0: 0x80009d70 (0x283f2a23) sw      gp, 660(t5)
core   0: 3 0x80009d70 (0x283f2a23) mem 0x80010000 0x00000001
core   0: 0x80009d74 (0xff9ff06f) j       pc - 0x8
core   0: 3 0x80009d74 (0xff9ff06f)
core   0: 0x80009d6c (0x00006f17) auipc   t5, 0x6
core   0: 3 0x80009d6c (0x00006f17) x30 0x8000fd6c
core   0: 0x80009d70 (0x283f2a23) sw      gp, 660(t5)
core   0: 3 0x80009d70 (0x283f2a23) mem 0x80010000 0x00000001
core   0: 0x80009d74 (0xff9ff06f) j       pc - 0x8
core   0: 3 0x80009d74 (0xff9ff06f)
core   0: 0x80009d6c (0x00006f17) auipc   t5, 0x6
core   0: 3 0x80009d6c (0x00006f17) x30 0x8000fd6c
core   0: 0x80009d70 (0x283f2a23) sw      gp, 660(t5)
core   0: 3 0x80009d70 (0x283f2a23) mem 0x80010000 0x00000001
core   0: 0x80009d74 (0xff9ff06f) j       pc - 0x8
core   0: 3 0x80009d74 (0xff9ff06f)
core   0: 0x80009d6c (0x00006f17) auipc   t5, 0x6
core   0: 3 0x80009d6c (0x00006f17) x30 0x8000fd6c
core   0: 0x80009d70 (0x283f2a23) sw      gp, 660(t5)
core   0: 3 0x80009d70 (0x283f2a23) mem 0x80010000 0x00000001
core   0: 0x80009d74 (0xff9ff06f) j       pc - 0x8
core   0: 3 0x80009d74 (0xff9ff06f)
core   0: 0x80009d6c (0x00006f17) auipc   t5, 0x6
core   0: 3 0x80009d6c (0x00006f17) x30 0x8000fd6c
core   0: 0x80009d70 (0x283f2a23) sw      gp, 660(t5)
core   0: 3 0x80009d70 (0x283f2a23) mem 0x80010000 0x00000001
core   0: 0x80009d74 (0xff9ff06f) j       pc - 0x8
core   0: 3 0x80009d74 (0xff9ff06f)
core   0: 0x80009d6c (0x00006f17) auipc   t5, 0x6
core   0: 3 0x80009d6c (0x00006f17) x30 0x8000fd6c
core   0: 0x80009d70 (0x283f2a23) sw      gp, 660(t5)
core   0: 3 0x80009d70 (0x283f2a23) mem 0x80010000 0x00000001
core   0: 0x80009d74 (0xff9ff06f) j       pc - 0x8
core   0: 3 0x80009d74 (0xff9ff06f)
core   0: 0x80009d6c (0x00006f17) auipc   t5, 0x6
core   0: 3 0x80009d6c (0x00006f17) x30 0x8000fd6c
core   0: 0x80009d70 (0x283f2a23) sw      gp, 660(t5)
core   0: 3 0x80009d70 (0x283f2a23) mem 0x80010000 0x00000001
core   0: 0x80009d74 (0xff9ff06f) j       pc - 0x8
core   0: 3 0x80009d74 (0xff9ff06f)
core   0: 0x80009d6c (0x00006f17) auipc   t5, 0x6
core   0: 3 0x80009d6c (0x00006f17) x30 0x8000fd6c
core   0: 0x80009d70 (0x283f2a23) sw      gp, 660(t5)
core   0: 3 0x80009d70 (0x283f2a23) mem 0x80010000 0x00000001
core   0: 0x80009d74 (0xff9ff06f) j       pc - 0x8
core   0: 3 0x80009d74 (0xff9ff06f)
core   0: 0x80009d6c (0x00006f17) auipc   t5, 0x6
core   0: 3 0x80009d6c (0x00006f17) x30 0x8000fd6c
core   0: 0x80009d70 (0x283f2a23) sw      gp, 660(t5)
core   0: 3 0x80009d70 (0x283f2a23) mem 0x80010000 0x00000001
core   0: 0x80009d74 (0xff9ff06f) j       pc - 0x8
core   0: 3 0x80009d74 (0xff9ff06f)
core   0: 0x80009d6c (0x00006f17) auipc   t5, 0x6
core   0: 3 0x80009d6c (0x00006f17) x30 0x8000fd6c
core   0: 0x80009d70 (0x283f2a23) sw      gp, 660(t5)
core   0: 3 0x80009d70 (0x283f2a23) mem 0x80010000 0x00000001
core   0: 0x80009d74 (0xff9ff06f) j       pc - 0x8
core   0: 3 0x80009d74 (0xff9ff06f)
core   0: 0x80009d6c (0x00006f17) auipc   t5, 0x6
core   0: 3 0x80009d6c (0x00006f17) x30 0x8000fd6c
core   0: 0x80009d70 (0x283f2a23) sw      gp, 660(t5)
core   0: 3 0x80009d70 (0x283f2a23) mem 0x80010000 0x00000001
core   0: 0x80009d74 (0xff9ff06f) j       pc - 0x8
core   0: 3 0x80009d74 (0xff9ff06f)
core   0: 0x80009d6c (0x00006f17) auipc   t5, 0x6
core   0: 3 0x80009d6c (0x00006f17) x30 0x8000fd6c
core   0: 0x80009d70 (0x283f2a23) sw      gp, 660(t5)
core   0: 3 0x80009d70 (0x283f2a23) mem 0x80010000 0x00000001
core   0: 0x80009d74 (0xff9ff06f) j       pc - 0x8
core   0: 3 0x80009d74 (0xff9ff06f)
core   0: 0x80009d6c (0x00006f17) auipc   t5, 0x6
core   0: 3 0x80009d6c (0x00006f17) x30 0x8000fd6c
core   0: 0x80009d70 (0x283f2a23) sw      gp, 660(t5)
core   0: 3 0x80009d70 (0x283f2a23) mem 0x80010000 0x00000001
core   0: 0x80009d74 (0xff9ff06f) j       pc - 0x8
core   0: 3 0x80009d74 (0xff9ff06f)
core   0: 0x80009d6c (0x00006f17) auipc   t5, 0x6
core   0: 3 0x80009d6c (0x00006f17) x30 0x8000fd6c
core   0: 0x80009d70 (0x283f2a23) sw      gp, 660(t5)
core   0: 3 0x80009d70 (0x283f2a23) mem 0x80010000 0x00000001
core   0: 0x80009d74 (0xff9ff06f) j       pc - 0x8
core   0: 3 0x80009d74 (0xff9ff06f)
core   0: 0x80009d6c (0x00006f17) auipc   t5, 0x6
core   0: 3 0x80009d6c (0x00006f17) x30 0x8000fd6c
core   0: 0x80009d70 (0x283f2a23) sw      gp, 660(t5)
core   0: 3 0x80009d70 (0x283f2a23) mem 0x80010000 0x00000001
core   0: 0x80009d74 (0xff9ff06f) j       pc - 0x8
core   0: 3 0x80009d74 (0xff9ff06f)
core   0: 0x80009d6c (0x00006f17) auipc   t5, 0x6
core   0: 3 0x80009d6c (0x00006f17) x30 0x8000fd6c
core   0: 0x80009d70 (0x283f2a23) sw      gp, 660(t5)
core   0: 3 0x80009d70 (0x283f2a23) mem 0x80010000 0x00000001
core   0: 0x80009d74 (0xff9ff06f) j       pc - 0x8
core   0: 3 0x80009d74 (0xff9ff06f)
core   0: 0x80009d6c (0x00006f17) auipc   t5, 0x6
core   0: 3 0x80009d6c (0x00006f17) x30 0x8000fd6c
core   0: 0x80009d70 (0x283f2a23) sw      gp, 660(t5)
core   0: 3 0x80009d70 (0x283f2a23) mem 0x80010000 0x00000001
core   0: 0x80009d74 (0xff9ff06f) j       pc - 0x8
core   0: 3 0x80009d74 (0xff9ff06f)
core   0: 0x80009d6c (0x00006f17) auipc   t5, 0x6
core   0: 3 0x80009d6c (0x00006f17) x30 0x8000fd6c
core   0: 0x80009d70 (0x283f2a23) sw      gp, 660(t5)
core   0: 3 0x80009d70 (0x283f2a23) mem 0x80010000 0x00000001
core   0: 0x80009d74 (0xff9ff06f) j       pc - 0x8
core   0: 3 0x80009d74 (0xff9ff06f)
core   0: 0x80009d6c (0x00006f17) auipc   t5, 0x6
core   0: 3 0x80009d6c (0x00006f17) x30 0x8000fd6c
core   0: 0x80009d70 (0x283f2a23) sw      gp, 660(t5)
core   0: 3 0x80009d70 (0x283f2a23) mem 0x80010000 0x00000001
core   0: 0x80009d74 (0xff9ff06f) j       pc - 0x8
core   0: 3 0x80009d74 (0xff9ff06f)
core   0: 0x80009d6c (0x00006f17) auipc   t5, 0x6
core   0: 3 0x80009d6c (0x00006f17) x30 0x8000fd6c
core   0: 0x80009d70 (0x283f2a23) sw      gp, 660(t5)
core   0: 3 0x80009d70 (0x283f2a23) mem 0x80010000 0x00000001
core   0: 0x80009d74 (0xff9ff06f) j       pc - 0x8
core   0: 3 0x80009d74 (0xff9ff06f)
core   0: 0x80009d6c (0x00006f17) auipc   t5, 0x6
core   0: 3 0x80009d6c (0x00006f17) x30 0x8000fd6c
core   0: 0x80009d70 (0x283f2a23) sw      gp, 660(t5)
core   0: 3 0x80009d70 (0x283f2a23) mem 0x80010000 0x00000001
core   0: 0x80009d74 (0xff9ff06f) j       pc - 0x8
core   0: 3 0x80009d74 (0xff9ff06f)
core   0: 0x80009d6c (0x00006f17) auipc   t5, 0x6
core   0: 3 0x80009d6c (0x00006f17) x30 0x8000fd6c
core   0: 0x80009d70 (0x283f2a23) sw      gp, 660(t5)
core   0: 3 0x80009d70 (0x283f2a23) mem 0x80010000 0x00000001
core   0: 0x80009d74 (0xff9ff06f) j       pc - 0x8
core   0: 3 0x80009d74 (0xff9ff06f)
core   0: 0x80009d6c (0x00006f17) auipc   t5, 0x6
core   0: 3 0x80009d6c (0x00006f17) x30 0x8000fd6c
core   0: 0x80009d70 (0x283f2a23) sw      gp, 660(t5)
core   0: 3 0x80009d70 (0x283f2a23) mem 0x80010000 0x00000001
core   0: 0x80009d74 (0xff9ff06f) j       pc - 0x8
core   0: 3 0x80009d74 (0xff9ff06f)
core   0: 0x80009d6c (0x00006f17) auipc   t5, 0x6
core   0: 3 0x80009d6c (0x00006f17) x30 0x8000fd6c
core   0: 0x80009d70 (0x283f2a23) sw      gp, 660(t5)
core   0: 3 0x80009d70 (0x283f2a23) mem 0x80010000 0x00000001
core   0: 0x80009d74 (0xff9ff06f) j       pc - 0x8
core   0: 3 0x80009d74 (0xff9ff06f)
core   0: 0x80009d6c (0x00006f17) auipc   t5, 0x6
core   0: 3 0x80009d6c (0x00006f17) x30 0x8000fd6c
core   0: 0x80009d70 (0x283f2a23) sw      gp, 660(t5)
core   0: 3 0x80009d70 (0x283f2a23) mem 0x80010000 0x00000001
core   0: 0x80009d74 (0xff9ff06f) j       pc - 0x8
core   0: 3 0x80009d74 (0xff9ff06f)
core   0: 0x80009d6c (0x00006f17) auipc   t5, 0x6
core   0: 3 0x80009d6c (0x00006f17) x30 0x8000fd6c
core   0: 0x80009d70 (0x283f2a23) sw      gp, 660(t5)
core   0: 3 0x80009d70 (0x283f2a23) mem 0x80010000 0x00000001
core   0: 0x80009d74 (0xff9ff06f) j       pc - 0x8
core   0: 3 0x80009d74 (0xff9ff06f)
core   0: 0x80009d6c (0x00006f17) auipc   t5, 0x6
core   0: 3 0x80009d6c (0x00006f17) x30 0x8000fd6c
core   0: 0x80009d70 (0x283f2a23) sw      gp, 660(t5)
core   0: 3 0x80009d70 (0x283f2a23) mem 0x80010000 0x00000001
core   0: 0x80009d74 (0xff9ff06f) j       pc - 0x8
core   0: 3 0x80009d74 (0xff9ff06f)
core   0: 0x80009d6c (0x00006f17) auipc   t5, 0x6
core   0: 3 0x80009d6c (0x00006f17) x30 0x8000fd6c
core   0: 0x80009d70 (0x283f2a23) sw      gp, 660(t5)
core   0: 3 0x80009d70 (0x283f2a23) mem 0x80010000 0x00000001
core   0: 0x80009d74 (0xff9ff06f) j       pc - 0x8
core   0: 3 0x80009d74 (0xff9ff06f)
core   0: 0x80009d6c (0x00006f17) auipc   t5, 0x6
core   0: 3 0x80009d6c (0x00006f17) x30 0x8000fd6c
core   0: 0x80009d70 (0x283f2a23) sw      gp, 660(t5)
core   0: 3 0x80009d70 (0x283f2a23) mem 0x80010000 0x00000001
core   0: 0x80009d74 (0xff9ff06f) j       pc - 0x8
core   0: 3 0x80009d74 (0xff9ff06f)
core   0: 0x80009d6c (0x00006f17) auipc   t5, 0x6
core   0: 3 0x80009d6c (0x00006f17) x30 0x8000fd6c
core   0: 0x80009d70 (0x283f2a23) sw      gp, 660(t5)
core   0: 3 0x80009d70 (0x283f2a23) mem 0x80010000 0x00000001
core   0: 0x80009d74 (0xff9ff06f) j       pc - 0x8
core   0: 3 0x80009d74 (0xff9ff06f)
core   0: 0x80009d6c (0x00006f17) auipc   t5, 0x6
core   0: 3 0x80009d6c (0x00006f17) x30 0x8000fd6c
core   0: 0x80009d70 (0x283f2a23) sw      gp, 660(t5)
core   0: 3 0x80009d70 (0x283f2a23) mem 0x80010000 0x00000001
core   0: 0x80009d74 (0xff9ff06f) j       pc - 0x8
core   0: 3 0x80009d74 (0xff9ff06f)
core   0: 0x80009d6c (0x00006f17) auipc   t5, 0x6
core   0: 3 0x80009d6c (0x00006f17) x30 0x8000fd6c
core   0: 0x80009d70 (0x283f2a23) sw      gp, 660(t5)
core   0: 3 0x80009d70 (0x283f2a23) mem 0x80010000 0x00000001
core   0: 0x80009d74 (0xff9ff06f) j       pc - 0x8
core   0: 3 0x80009d74 (0xff9ff06f)
core   0: 0x80009d6c (0x00006f17) auipc   t5, 0x6
core   0: 3 0x80009d6c (0x00006f17) x30 0x8000fd6c
core   0: 0x80009d70 (0x283f2a23) sw      gp, 660(t5)
core   0: 3 0x80009d70 (0x283f2a23) mem 0x80010000 0x00000001
core   0: 0x80009d74 (0xff9ff06f) j       pc - 0x8
core   0: 3 0x80009d74 (0xff9ff06f)
core   0: 0x80009d6c (0x00006f17) auipc   t5, 0x6
core   0: 3 0x80009d6c (0x00006f17) x30 0x8000fd6c
core   0: 0x80009d70 (0x283f2a23) sw      gp, 660(t5)
core   0: 3 0x80009d70 (0x283f2a23) mem 0x80010000 0x00000001
core   0: 0x80009d74 (0xff9ff06f) j       pc - 0x8
core   0: 3 0x80009d74 (0xff9ff06f)
core   0: 0x80009d6c (0x00006f17) auipc   t5, 0x6
core   0: 3 0x80009d6c (0x00006f17) x30 0x8000fd6c
core   0: 0x80009d70 (0x283f2a23) sw      gp, 660(t5)
core   0: 3 0x80009d70 (0x283f2a23) mem 0x80010000 0x00000001
core   0: 0x80009d74 (0xff9ff06f) j       pc - 0x8
core   0: 3 0x80009d74 (0xff9ff06f)
core   0: 0x80009d6c (0x00006f17) auipc   t5, 0x6
core   0: 3 0x80009d6c (0x00006f17) x30 0x8000fd6c
core   0: 0x80009d70 (0x283f2a23) sw      gp, 660(t5)
core   0: 3 0x80009d70 (0x283f2a23) mem 0x80010000 0x00000001
core   0: 0x80009d74 (0xff9ff06f) j       pc - 0x8
core   0: 3 0x80009d74 (0xff9ff06f)
core   0: 0x80009d6c (0x00006f17) auipc   t5, 0x6
core   0: 3 0x80009d6c (0x00006f17) x30 0x8000fd6c
core   0: 0x80009d70 (0x283f2a23) sw      gp, 660(t5)
core   0: 3 0x80009d70 (0x283f2a23) mem 0x80010000 0x00000001
core   0: 0x80009d74 (0xff9ff06f) j       pc - 0x8
core   0: 3 0x80009d74 (0xff9ff06f)
core   0: 0x80009d6c (0x00006f17) auipc   t5, 0x6
core   0: 3 0x80009d6c (0x00006f17) x30 0x8000fd6c
core   0: 0x80009d70 (0x283f2a23) sw      gp, 660(t5)
core   0: 3 0x80009d70 (0x283f2a23) mem 0x80010000 0x00000001
core   0: 0x80009d74 (0xff9ff06f) j       pc - 0x8
core   0: 3 0x80009d74 (0xff9ff06f)
core   0: 0x80009d6c (0x00006f17) auipc   t5, 0x6
core   0: 3 0x80009d6c (0x00006f17) x30 0x8000fd6c
core   0: 0x80009d70 (0x283f2a23) sw      gp, 660(t5)
core   0: 3 0x80009d70 (0x283f2a23) mem 0x80010000 0x00000001
core   0: 0x80009d74 (0xff9ff06f) j       pc - 0x8
core   0: 3 0x80009d74 (0xff9ff06f)
core   0: 0x80009d6c (0x00006f17) auipc   t5, 0x6
core   0: 3 0x80009d6c (0x00006f17) x30 0x8000fd6c
core   0: 0x80009d70 (0x283f2a23) sw      gp, 660(t5)
core   0: 3 0x80009d70 (0x283f2a23) mem 0x80010000 0x00000001
core   0: 0x80009d74 (0xff9ff06f) j       pc - 0x8
core   0: 3 0x80009d74 (0xff9ff06f)
core   0: 0x80009d6c (0x00006f17) auipc   t5, 0x6
core   0: 3 0x80009d6c (0x00006f17) x30 0x8000fd6c
core   0: 0x80009d70 (0x283f2a23) sw      gp, 660(t5)
core   0: 3 0x80009d70 (0x283f2a23) mem 0x80010000 0x00000001
core   0: 0x80009d74 (0xff9ff06f) j       pc - 0x8
core   0: 3 0x80009d74 (0xff9ff06f)
core   0: 0x80009d6c (0x00006f17) auipc   t5, 0x6
core   0: 3 0x80009d6c (0x00006f17) x30 0x8000fd6c
core   0: 0x80009d70 (0x283f2a23) sw      gp, 660(t5)
core   0: 3 0x80009d70 (0x283f2a23) mem 0x80010000 0x00000001
core   0: 0x80009d74 (0xff9ff06f) j       pc - 0x8
core   0: 3 0x80009d74 (0xff9ff06f)
core   0: 0x80009d6c (0x00006f17) auipc   t5, 0x6
core   0: 3 0x80009d6c (0x00006f17) x30 0x8000fd6c
core   0: 0x80009d70 (0x283f2a23) sw      gp, 660(t5)
core   0: 3 0x80009d70 (0x283f2a23) mem 0x80010000 0x00000001
core   0: 0x80009d74 (0xff9ff06f) j       pc - 0x8
core   0: 3 0x80009d74 (0xff9ff06f)
core   0: 0x80009d6c (0x00006f17) auipc   t5, 0x6
core   0: 3 0x80009d6c (0x00006f17) x30 0x8000fd6c
core   0: 0x80009d70 (0x283f2a23) sw      gp, 660(t5)
core   0: 3 0x80009d70 (0x283f2a23) mem 0x80010000 0x00000001
core   0: 0x80009d74 (0xff9ff06f) j       pc - 0x8
core   0: 3 0x80009d74 (0xff9ff06f)
core   0: 0x80009d6c (0x00006f17) auipc   t5, 0x6
core   0: 3 0x80009d6c (0x00006f17) x30 0x8000fd6c
core   0: 0x80009d70 (0x283f2a23) sw      gp, 660(t5)
core   0: 3 0x80009d70 (0x283f2a23) mem 0x80010000 0x00000001
core   0: 0x80009d74 (0xff9ff06f) j       pc - 0x8
core   0: 3 0x80009d74 (0xff9ff06f)
core   0: 0x80009d6c (0x00006f17) auipc   t5, 0x6
core   0: 3 0x80009d6c (0x00006f17) x30 0x8000fd6c
core   0: 0x80009d70 (0x283f2a23) sw      gp, 660(t5)
core   0: 3 0x80009d70 (0x283f2a23) mem 0x80010000 0x00000001
core   0: 0x80009d74 (0xff9ff06f) j       pc - 0x8
core   0: 3 0x80009d74 (0xff9ff06f)
core   0: 0x80009d6c (0x00006f17) auipc   t5, 0x6
core   0: 3 0x80009d6c (0x00006f17) x30 0x8000fd6c
core   0: 0x80009d70 (0x283f2a23) sw      gp, 660(t5)
core   0: 3 0x80009d70 (0x283f2a23) mem 0x80010000 0x00000001
core   0: 0x80009d74 (0xff9ff06f) j       pc - 0x8
core   0: 3 0x80009d74 (0xff9ff06f)
core   0: 0x80009d6c (0x00006f17) auipc   t5, 0x6
core   0: 3 0x80009d6c (0x00006f17) x30 0x8000fd6c
core   0: 0x80009d70 (0x283f2a23) sw      gp, 660(t5)
core   0: 3 0x80009d70 (0x283f2a23) mem 0x80010000 0x00000001
core   0: 0x80009d74 (0xff9ff06f) j       pc - 0x8
core   0: 3 0x80009d74 (0xff9ff06f)
core   0: 0x80009d6c (0x00006f17) auipc   t5, 0x6
core   0: 3 0x80009d6c (0x00006f17) x30 0x8000fd6c
core   0: 0x80009d70 (0x283f2a23) sw      gp, 660(t5)
core   0: 3 0x80009d70 (0x283f2a23) mem 0x80010000 0x00000001
core   0: 0x80009d74 (0xff9ff06f) j       pc - 0x8
core   0: 3 0x80009d74 (0xff9ff06f)
core   0: 0x80009d6c (0x00006f17) auipc   t5, 0x6
core   0: 3 0x80009d6c (0x00006f17) x30 0x8000fd6c
core   0: 0x80009d70 (0x283f2a23) sw      gp, 660(t5)
core   0: 3 0x80009d70 (0x283f2a23) mem 0x80010000 0x00000001
core   0: 0x80009d74 (0xff9ff06f) j       pc - 0x8
core   0: 3 0x80009d74 (0xff9ff06f)
core   0: 0x80009d6c (0x00006f17) auipc   t5, 0x6
core   0: 3 0x80009d6c (0x00006f17) x30 0x8000fd6c
core   0: 0x80009d70 (0x283f2a23) sw      gp, 660(t5)
core   0: 3 0x80009d70 (0x283f2a23) mem 0x80010000 0x00000001
core   0: 0x80009d74 (0xff9ff06f) j       pc - 0x8
core   0: 3 0x80009d74 (0xff9ff06f)
core   0: 0x80009d6c (0x00006f17) auipc   t5, 0x6
core   0: 3 0x80009d6c (0x00006f17) x30 0x8000fd6c
core   0: 0x80009d70 (0x283f2a23) sw      gp, 660(t5)
core   0: 3 0x80009d70 (0x283f2a23) mem 0x80010000 0x00000001
core   0: 0x80009d74 (0xff9ff06f) j       pc - 0x8
core   0: 3 0x80009d74 (0xff9ff06f)
core   0: 0x80009d6c (0x00006f17) auipc   t5, 0x6
core   0: 3 0x80009d6c (0x00006f17) x30 0x8000fd6c
core   0: 0x80009d70 (0x283f2a23) sw      gp, 660(t5)
core   0: 3 0x80009d70 (0x283f2a23) mem 0x80010000 0x00000001
core   0: 0x80009d74 (0xff9ff06f) j       pc - 0x8
core   0: 3 0x80009d74 (0xff9ff06f)
core   0: 0x80009d6c (0x00006f17) auipc   t5, 0x6
core   0: 3 0x80009d6c (0x00006f17) x30 0x8000fd6c
core   0: 0x80009d70 (0x283f2a23) sw      gp, 660(t5)
core   0: 3 0x80009d70 (0x283f2a23) mem 0x80010000 0x00000001
core   0: 0x80009d74 (0xff9ff06f) j       pc - 0x8
core   0: 3 0x80009d74 (0xff9ff06f)
core   0: 0x80009d6c (0x00006f17) auipc   t5, 0x6
core   0: 3 0x80009d6c (0x00006f17) x30 0x8000fd6c
core   0: 0x80009d70 (0x283f2a23) sw      gp, 660(t5)
core   0: 3 0x80009d70 (0x283f2a23) mem 0x80010000 0x00000001
core   0: 0x80009d74 (0xff9ff06f) j       pc - 0x8
core   0: 3 0x80009d74 (0xff9ff06f)
core   0: 0x80009d6c (0x00006f17) auipc   t5, 0x6
core   0: 3 0x80009d6c (0x00006f17) x30 0x8000fd6c
core   0: 0x80009d70 (0x283f2a23) sw      gp, 660(t5)
core   0: 3 0x80009d70 (0x283f2a23) mem 0x80010000 0x00000001
core   0: 0x80009d74 (0xff9ff06f) j       pc - 0x8
core   0: 3 0x80009d74 (0xff9ff06f)
core   0: 0x80009d6c (0x00006f17) auipc   t5, 0x6
core   0: 3 0x80009d6c (0x00006f17) x30 0x8000fd6c
core   0: 0x80009d70 (0x283f2a23) sw      gp, 660(t5)
core   0: 3 0x80009d70 (0x283f2a23) mem 0x80010000 0x00000001
core   0: 0x80009d74 (0xff9ff06f) j       pc - 0x8
core   0: 3 0x80009d74 (0xff9ff06f)
core   0: 0x80009d6c (0x00006f17) auipc   t5, 0x6
core   0: 3 0x80009d6c (0x00006f17) x30 0x8000fd6c
core   0: 0x80009d70 (0x283f2a23) sw      gp, 660(t5)
core   0: 3 0x80009d70 (0x283f2a23) mem 0x80010000 0x00000001
core   0: 0x80009d74 (0xff9ff06f) j       pc - 0x8
core   0: 3 0x80009d74 (0xff9ff06f)
core   0: 0x80009d6c (0x00006f17) auipc   t5, 0x6
core   0: 3 0x80009d6c (0x00006f17) x30 0x8000fd6c
core   0: 0x80009d70 (0x283f2a23) sw      gp, 660(t5)
core   0: 3 0x80009d70 (0x283f2a23) mem 0x80010000 0x00000001
core   0: 0x80009d74 (0xff9ff06f) j       pc - 0x8
core   0: 3 0x80009d74 (0xff9ff06f)
core   0: 0x80009d6c (0x00006f17) auipc   t5, 0x6
core   0: 3 0x80009d6c (0x00006f17) x30 0x8000fd6c
core   0: 0x80009d70 (0x283f2a23) sw      gp, 660(t5)
core   0: 3 0x80009d70 (0x283f2a23) mem 0x80010000 0x00000001
core   0: 0x80009d74 (0xff9ff06f) j       pc - 0x8
core   0: 3 0x80009d74 (0xff9ff06f)
core   0: 0x80009d6c (0x00006f17) auipc   t5, 0x6
core   0: 3 0x80009d6c (0x00006f17) x30 0x8000fd6c
core   0: 0x80009d70 (0x283f2a23) sw      gp, 660(t5)
core   0: 3 0x80009d70 (0x283f2a23) mem 0x80010000 0x00000001
core   0: 0x80009d74 (0xff9ff06f) j       pc - 0x8
core   0: 3 0x80009d74 (0xff9ff06f)
core   0: 0x80009d6c (0x00006f17) auipc   t5, 0x6
core   0: 3 0x80009d6c (0x00006f17) x30 0x8000fd6c
core   0: 0x80009d70 (0x283f2a23) sw      gp, 660(t5)
core   0: 3 0x80009d70 (0x283f2a23) mem 0x80010000 0x00000001
core   0: 0x80009d74 (0xff9ff06f) j       pc - 0x8
core   0: 3 0x80009d74 (0xff9ff06f)
core   0: 0x80009d6c (0x00006f17) auipc   t5, 0x6
core   0: 3 0x80009d6c (0x00006f17) x30 0x8000fd6c
core   0: 0x80009d70 (0x283f2a23) sw      gp, 660(t5)
core   0: 3 0x80009d70 (0x283f2a23) mem 0x80010000 0x00000001
core   0: 0x80009d74 (0xff9ff06f) j       pc - 0x8
core   0: 3 0x80009d74 (0xff9ff06f)
core   0: 0x80009d6c (0x00006f17) auipc   t5, 0x6
core   0: 3 0x80009d6c (0x00006f17) x30 0x8000fd6c
core   0: 0x80009d70 (0x283f2a23) sw      gp, 660(t5)
core   0: 3 0x80009d70 (0x283f2a23) mem 0x80010000 0x00000001
core   0: 0x80009d74 (0xff9ff06f) j       pc - 0x8
core   0: 3 0x80009d74 (0xff9ff06f)
core   0: 0x80009d6c (0x00006f17) auipc   t5, 0x6
core   0: 3 0x80009d6c (0x00006f17) x30 0x8000fd6c
core   0: 0x80009d70 (0x283f2a23) sw      gp, 660(t5)
core   0: 3 0x80009d70 (0x283f2a23) mem 0x80010000 0x00000001
core   0: 0x80009d74 (0xff9ff06f) j       pc - 0x8
core   0: 3 0x80009d74 (0xff9ff06f)
core   0: 0x80009d6c (0x00006f17) auipc   t5, 0x6
core   0: 3 0x80009d6c (0x00006f17) x30 0x8000fd6c
core   0: 0x80009d70 (0x283f2a23) sw      gp, 660(t5)
core   0: 3 0x80009d70 (0x283f2a23) mem 0x80010000 0x00000001
core   0: 0x80009d74 (0xff9ff06f) j       pc - 0x8
core   0: 3 0x80009d74 (0xff9ff06f)
core   0: 0x80009d6c (0x00006f17) auipc   t5, 0x6
core   0: 3 0x80009d6c (0x00006f17) x30 0x8000fd6c
core   0: 0x80009d70 (0x283f2a23) sw      gp, 660(t5)
core   0: 3 0x80009d70 (0x283f2a23) mem 0x80010000 0x00000001
core   0: 0x80009d74 (0xff9ff06f) j       pc - 0x8
core   0: 3 0x80009d74 (0xff9ff06f)
core   0: 0x80009d6c (0x00006f17) auipc   t5, 0x6
core   0: 3 0x80009d6c (0x00006f17) x30 0x8000fd6c
core   0: 0x80009d70 (0x283f2a23) sw      gp, 660(t5)
core   0: 3 0x80009d70 (0x283f2a23) mem 0x80010000 0x00000001
core   0: 0x80009d74 (0xff9ff06f) j       pc - 0x8
core   0: 3 0x80009d74 (0xff9ff06f)
core   0: 0x80009d6c (0x00006f17) auipc   t5, 0x6
core   0: 3 0x80009d6c (0x00006f17) x30 0x8000fd6c
core   0: 0x80009d70 (0x283f2a23) sw      gp, 660(t5)
core   0: 3 0x80009d70 (0x283f2a23) mem 0x80010000 0x00000001
core   0: 0x80009d74 (0xff9ff06f) j       pc - 0x8
core   0: 3 0x80009d74 (0xff9ff06f)
core   0: 0x80009d6c (0x00006f17) auipc   t5, 0x6
core   0: 3 0x80009d6c (0x00006f17) x30 0x8000fd6c
core   0: 0x80009d70 (0x283f2a23) sw      gp, 660(t5)
core   0: 3 0x80009d70 (0x283f2a23) mem 0x80010000 0x00000001
core   0: 0x80009d74 (0xff9ff06f) j       pc - 0x8
core   0: 3 0x80009d74 (0xff9ff06f)
core   0: 0x80009d6c (0x00006f17) auipc   t5, 0x6
core   0: 3 0x80009d6c (0x00006f17) x30 0x8000fd6c
core   0: 0x80009d70 (0x283f2a23) sw      gp, 660(t5)
core   0: 3 0x80009d70 (0x283f2a23) mem 0x80010000 0x00000001
core   0: 0x80009d74 (0xff9ff06f) j       pc - 0x8
core   0: 3 0x80009d74 (0xff9ff06f)
core   0: 0x80009d6c (0x00006f17) auipc   t5, 0x6
core   0: 3 0x80009d6c (0x00006f17) x30 0x8000fd6c
core   0: 0x80009d70 (0x283f2a23) sw      gp, 660(t5)
core   0: 3 0x80009d70 (0x283f2a23) mem 0x80010000 0x00000001
core   0: 0x80009d74 (0xff9ff06f) j       pc - 0x8
core   0: 3 0x80009d74 (0xff9ff06f)
core   0: 0x80009d6c (0x00006f17) auipc   t5, 0x6
core   0: 3 0x80009d6c (0x00006f17) x30 0x8000fd6c
core   0: 0x80009d70 (0x283f2a23) sw      gp, 660(t5)
core   0: 3 0x80009d70 (0x283f2a23) mem 0x80010000 0x00000001
core   0: 0x80009d74 (0xff9ff06f) j       pc - 0x8
core   0: 3 0x80009d74 (0xff9ff06f)
core   0: 0x80009d6c (0x00006f17) auipc   t5, 0x6
core   0: 3 0x80009d6c (0x00006f17) x30 0x8000fd6c
core   0: 0x80009d70 (0x283f2a23) sw      gp, 660(t5)
core   0: 3 0x80009d70 (0x283f2a23) mem 0x80010000 0x00000001
core   0: 0x80009d74 (0xff9ff06f) j       pc - 0x8
core   0: 3 0x80009d74 (0xff9ff06f)
core   0: 0x80009d6c (0x00006f17) auipc   t5, 0x6
core   0: 3 0x80009d6c (0x00006f17) x30 0x8000fd6c
core   0: 0x80009d70 (0x283f2a23) sw      gp, 660(t5)
core   0: 3 0x80009d70 (0x283f2a23) mem 0x80010000 0x00000001
core   0: 0x80009d74 (0xff9ff06f) j       pc - 0x8
core   0: 3 0x80009d74 (0xff9ff06f)
core   0: 0x80009d6c (0x00006f17) auipc   t5, 0x6
core   0: 3 0x80009d6c (0x00006f17) x30 0x8000fd6c
core   0: 0x80009d70 (0x283f2a23) sw      gp, 660(t5)
core   0: 3 0x80009d70 (0x283f2a23) mem 0x80010000 0x00000001
core   0: 0x80009d74 (0xff9ff06f) j       pc - 0x8
core   0: 3 0x80009d74 (0xff9ff06f)
core   0: 0x80009d6c (0x00006f17) auipc   t5, 0x6
core   0: 3 0x80009d6c (0x00006f17) x30 0x8000fd6c
core   0: 0x80009d70 (0x283f2a23) sw      gp, 660(t5)
core   0: 3 0x80009d70 (0x283f2a23) mem 0x80010000 0x00000001
core   0: 0x80009d74 (0xff9ff06f) j       pc - 0x8
core   0: 3 0x80009d74 (0xff9ff06f)
core   0: 0x80009d6c (0x00006f17) auipc   t5, 0x6
core   0: 3 0x80009d6c (0x00006f17) x30 0x8000fd6c
core   0: 0x80009d70 (0x283f2a23) sw      gp, 660(t5)
core   0: 3 0x80009d70 (0x283f2a23) mem 0x80010000 0x00000001
core   0: 0x80009d74 (0xff9ff06f) j       pc - 0x8
core   0: 3 0x80009d74 (0xff9ff06f)
core   0: 0x80009d6c (0x00006f17) auipc   t5, 0x6
core   0: 3 0x80009d6c (0x00006f17) x30 0x8000fd6c
core   0: 0x80009d70 (0x283f2a23) sw      gp, 660(t5)
core   0: 3 0x80009d70 (0x283f2a23) mem 0x80010000 0x00000001
core   0: 0x80009d74 (0xff9ff06f) j       pc - 0x8
core   0: 3 0x80009d74 (0xff9ff06f)
core   0: 0x80009d6c (0x00006f17) auipc   t5, 0x6
core   0: 3 0x80009d6c (0x00006f17) x30 0x8000fd6c
core   0: 0x80009d70 (0x283f2a23) sw      gp, 660(t5)
core   0: 3 0x80009d70 (0x283f2a23) mem 0x80010000 0x00000001
core   0: 0x80009d74 (0xff9ff06f) j       pc - 0x8
core   0: 3 0x80009d74 (0xff9ff06f)
core   0: 0x80009d6c (0x00006f17) auipc   t5, 0x6
core   0: 3 0x80009d6c (0x00006f17) x30 0x8000fd6c
core   0: 0x80009d70 (0x283f2a23) sw      gp, 660(t5)
core   0: 3 0x80009d70 (0x283f2a23) mem 0x80010000 0x00000001
core   0: 0x80009d74 (0xff9ff06f) j       pc - 0x8
core   0: 3 0x80009d74 (0xff9ff06f)
core   0: 0x80009d6c (0x00006f17) auipc   t5, 0x6
core   0: 3 0x80009d6c (0x00006f17) x30 0x8000fd6c
core   0: 0x80009d70 (0x283f2a23) sw      gp, 660(t5)
core   0: 3 0x80009d70 (0x283f2a23) mem 0x80010000 0x00000001
core   0: 0x80009d74 (0xff9ff06f) j       pc - 0x8
core   0: 3 0x80009d74 (0xff9ff06f)
core   0: 0x80009d6c (0x00006f17) auipc   t5, 0x6
core   0: 3 0x80009d6c (0x00006f17) x30 0x8000fd6c
core   0: 0x80009d70 (0x283f2a23) sw      gp, 660(t5)
core   0: 3 0x80009d70 (0x283f2a23) mem 0x80010000 0x00000001
core   0: 0x80009d74 (0xff9ff06f) j       pc - 0x8
core   0: 3 0x80009d74 (0xff9ff06f)
core   0: 0x80009d6c (0x00006f17) auipc   t5, 0x6
core   0: 3 0x80009d6c (0x00006f17) x30 0x8000fd6c
core   0: 0x80009d70 (0x283f2a23) sw      gp, 660(t5)
core   0: 3 0x80009d70 (0x283f2a23) mem 0x80010000 0x00000001
core   0: 0x80009d74 (0xff9ff06f) j       pc - 0x8
core   0: 3 0x80009d74 (0xff9ff06f)
core   0: 0x80009d6c (0x00006f17) auipc   t5, 0x6
core   0: 3 0x80009d6c (0x00006f17) x30 0x8000fd6c
core   0: 0x80009d70 (0x283f2a23) sw      gp, 660(t5)
core   0: 3 0x80009d70 (0x283f2a23) mem 0x80010000 0x00000001
core   0: 0x80009d74 (0xff9ff06f) j       pc - 0x8
core   0: 3 0x80009d74 (0xff9ff06f)
core   0: 0x80009d6c (0x00006f17) auipc   t5, 0x6
core   0: 3 0x80009d6c (0x00006f17) x30 0x8000fd6c
core   0: 0x80009d70 (0x283f2a23) sw      gp, 660(t5)
core   0: 3 0x80009d70 (0x283f2a23) mem 0x80010000 0x00000001
core   0: 0x80009d74 (0xff9ff06f) j       pc - 0x8
core   0: 3 0x80009d74 (0xff9ff06f)
core   0: 0x80009d6c (0x00006f17) auipc   t5, 0x6
core   0: 3 0x80009d6c (0x00006f17) x30 0x8000fd6c
core   0: 0x80009d70 (0x283f2a23) sw      gp, 660(t5)
core   0: 3 0x80009d70 (0x283f2a23) mem 0x80010000 0x00000001
core   0: 0x80009d74 (0xff9ff06f) j       pc - 0x8
core   0: 3 0x80009d74 (0xff9ff06f)
core   0: 0x80009d6c (0x00006f17) auipc   t5, 0x6
core   0: 3 0x80009d6c (0x00006f17) x30 0x8000fd6c
core   0: 0x80009d70 (0x283f2a23) sw      gp, 660(t5)
core   0: 3 0x80009d70 (0x283f2a23) mem 0x80010000 0x00000001
core   0: 0x80009d74 (0xff9ff06f) j       pc - 0x8
core   0: 3 0x80009d74 (0xff9ff06f)
core   0: 0x80009d6c (0x00006f17) auipc   t5, 0x6
core   0: 3 0x80009d6c (0x00006f17) x30 0x8000fd6c
core   0: 0x80009d70 (0x283f2a23) sw      gp, 660(t5)
core   0: 3 0x80009d70 (0x283f2a23) mem 0x80010000 0x00000001
core   0: 0x80009d74 (0xff9ff06f) j       pc - 0x8
core   0: 3 0x80009d74 (0xff9ff06f)
core   0: 0x80009d6c (0x00006f17) auipc   t5, 0x6
core   0: 3 0x80009d6c (0x00006f17) x30 0x8000fd6c
core   0: 0x80009d70 (0x283f2a23) sw      gp, 660(t5)
core   0: 3 0x80009d70 (0x283f2a23) mem 0x80010000 0x00000001
core   0: 0x80009d74 (0xff9ff06f) j       pc - 0x8
core   0: 3 0x80009d74 (0xff9ff06f)
core   0: 0x80009d6c (0x00006f17) auipc   t5, 0x6
core   0: 3 0x80009d6c (0x00006f17) x30 0x8000fd6c
core   0: 0x80009d70 (0x283f2a23) sw      gp, 660(t5)
core   0: 3 0x80009d70 (0x283f2a23) mem 0x80010000 0x00000001
core   0: 0x80009d74 (0xff9ff06f) j       pc - 0x8
core   0: 3 0x80009d74 (0xff9ff06f)
core   0: 0x80009d6c (0x00006f17) auipc   t5, 0x6
core   0: 3 0x80009d6c (0x00006f17) x30 0x8000fd6c
core   0: 0x80009d70 (0x283f2a23) sw      gp, 660(t5)
core   0: 3 0x80009d70 (0x283f2a23) mem 0x80010000 0x00000001
core   0: 0x80009d74 (0xff9ff06f) j       pc - 0x8
core   0: 3 0x80009d74 (0xff9ff06f)
core   0: 0x80009d6c (0x00006f17) auipc   t5, 0x6
core   0: 3 0x80009d6c (0x00006f17) x30 0x8000fd6c
core   0: 0x80009d70 (0x283f2a23) sw      gp, 660(t5)
core   0: 3 0x80009d70 (0x283f2a23) mem 0x80010000 0x00000001
core   0: 0x80009d74 (0xff9ff06f) j       pc - 0x8
core   0: 3 0x80009d74 (0xff9ff06f)
core   0: 0x80009d6c (0x00006f17) auipc   t5, 0x6
core   0: 3 0x80009d6c (0x00006f17) x30 0x8000fd6c
core   0: 0x80009d70 (0x283f2a23) sw      gp, 660(t5)
core   0: 3 0x80009d70 (0x283f2a23) mem 0x80010000 0x00000001
core   0: 0x80009d74 (0xff9ff06f) j       pc - 0x8
core   0: 3 0x80009d74 (0xff9ff06f)
core   0: 0x80009d6c (0x00006f17) auipc   t5, 0x6
core   0: 3 0x80009d6c (0x00006f17) x30 0x8000fd6c
core   0: 0x80009d70 (0x283f2a23) sw      gp, 660(t5)
core   0: 3 0x80009d70 (0x283f2a23) mem 0x80010000 0x00000001
core   0: 0x80009d74 (0xff9ff06f) j       pc - 0x8
core   0: 3 0x80009d74 (0xff9ff06f)
core   0: 0x80009d6c (0x00006f17) auipc   t5, 0x6
core   0: 3 0x80009d6c (0x00006f17) x30 0x8000fd6c
core   0: 0x80009d70 (0x283f2a23) sw      gp, 660(t5)
core   0: 3 0x80009d70 (0x283f2a23) mem 0x80010000 0x00000001
core   0: 0x80009d74 (0xff9ff06f) j       pc - 0x8
core   0: 3 0x80009d74 (0xff9ff06f)
core   0: 0x80009d6c (0x00006f17) auipc   t5, 0x6
core   0: 3 0x80009d6c (0x00006f17) x30 0x8000fd6c
core   0: 0x80009d70 (0x283f2a23) sw      gp, 660(t5)
core   0: 3 0x80009d70 (0x283f2a23) mem 0x80010000 0x00000001
