core   0: 0x00001000 (0x00000297) auipc   t0, 0x0
core   0: 3 0x00001000 (0x00000297) x 5 0x00001000
core   0: 0x00001004 (0x02028593) addi    a1, t0, 32
core   0: 3 0x00001004 (0x02028593) x11 0x00001020
core   0: 0x00001008 (0xf1402573) csrr    a0, mhartid
core   0: 3 0x00001008 (0xf1402573) x10 0x00000000
core   0: 0x0000100c (0x0182a283) lw      t0, 24(t0)
core   0: 3 0x0000100c (0x0182a283) x 5 0x80000000 mem 0x00001018
core   0: 0x00001010 (0x00028067) jr      t0
core   0: 3 0x00001010 (0x00028067)
core   0: 0x80000000 (0xf14022f3) csrr    t0, mhartid
core   0: 3 0x80000000 (0xf14022f3) x 5 0x00000000
core   0: 0x80000004 (0x00000313) li      t1, 0
core   0: 3 0x80000004 (0x00000313) x 6 0x00000000
core   0: 0x80000008 (0x00628263) beq     t0, t1, pc + 4
core   0: 3 0x80000008 (0x00628263)
core   0: 0x8000000c (0x00000697) auipc   a3, 0x0
core   0: 3 0x8000000c (0x00000697) x13 0x8000000c
core   0: 0x80000010 (0x00c68693) addi    a3, a3, 12
core   0: 3 0x80000010 (0x00c68693) x13 0x80000018
core   0: 0x80000014 (0x00068067) jr      a3
core   0: 3 0x80000014 (0x00068067)
core   0: 0x80000018 (0x40001b37) lui     s6, 0x40001
core   0: 3 0x80000018 (0x40001b37) x22 0x40001000
core   0: 0x8000001c (0x104b0b13) addi    s6, s6, 260
core   0: 3 0x8000001c (0x104b0b13) x22 0x40001104
core   0: 0x80000020 (0x301b1073) csrw    misa, s6
core   0: 3 0x80000020 (0x301b1073) c769_misa 0x40141100
core   0: 0x80000024 (0x00019a17) auipc   s4, 0x19
core   0: 3 0x80000024 (0x00019a17) x20 0x80019024
core   0: 0x80000028 (0xcc0a0a13) addi    s4, s4, -832
core   0: 3 0x80000028 (0xcc0a0a13) x20 0x80018ce4
core   0: 0x8000002c (0x0000ab17) auipc   s6, 0xa
core   0: 3 0x8000002c (0x0000ab17) x22 0x8000a02c
core   0: 0x80000030 (0x764b0b13) addi    s6, s6, 1892
core   0: 3 0x80000030 (0x764b0b13) x22 0x8000a790
core   0: 0x80000034 (0x001b6b13) ori     s6, s6, 1
core   0: 3 0x80000034 (0x001b6b13) x22 0x8000a791
core   0: 0x80000038 (0x305b1073) csrw    mtvec, s6
core   0: 3 0x80000038 (0x305b1073) c773_mtvec 0x8000a791
core   0: 0x8000003c (0x00000b17) auipc   s6, 0x0
core   0: 3 0x8000003c (0x00000b17) x22 0x8000003c
core   0: 0x80000040 (0x028b0b13) addi    s6, s6, 40
core   0: 3 0x80000040 (0x028b0b13) x22 0x80000064
core   0: 0x80000044 (0x341b1073) csrw    mepc, s6
core   0: 3 0x80000044 (0x341b1073) c833_mepc 0x80000064
core   0: 0x80000048 (0x00000013) nop
core   0: 3 0x80000048 (0x00000013)
core   0: 0x8000004c (0x00002b37) lui     s6, 0x2
core   0: 3 0x8000004c (0x00002b37) x22 0x00002000
core   0: 0x80000050 (0x800b0b13) addi    s6, s6, -2048
core   0: 3 0x80000050 (0x800b0b13) x22 0x00001800
core   0: 0x80000054 (0x300b1073) csrw    mstatus, s6
core   0: 3 0x80000054 (0x300b1073) c768_mstatus 0x00001800
core   0: 0x80000058 (0x00000b13) li      s6, 0
core   0: 3 0x80000058 (0x00000b13) x22 0x00000000
core   0: 0x8000005c (0x304b1073) csrw    mie, s6
core   0: 3 0x8000005c (0x304b1073) c772_mie 0x00000000
core   0: 0x80000060 (0x30200073) mret
core   0: 3 0x80000060 (0x30200073) c768_mstatus 0x00000080
core   0: >>>>  init
core   0: 0x80000064 (0x2d020037) lui     zero, 0x2d020
core   0: 3 0x80000064 (0x2d020037)
core   0: 0x80000068 (0x36a00013) li      zero, 874
core   0: 3 0x80000068 (0x36a00013)
core   0: 0x8000006c (0x00d00093) li      ra, 13
core   0: 3 0x8000006c (0x00d00093) x 1 0x0000000d
core   0: 0x80000070 (0x80000137) lui     sp, 0x80000
core   0: 3 0x80000070 (0x80000137) x 2 0x80000000
core   0: 0x80000074 (0x153cc1b7) lui     gp, 0x153cc
core   0: 3 0x80000074 (0x153cc1b7) x 3 0x153cc000
core   0: 0x80000078 (0x33a18193) addi    gp, gp, 826
core   0: 3 0x80000078 (0x33a18193) x 3 0x153cc33a
core   0: 0x8000007c (0x80000237) lui     tp, 0x80000
core   0: 3 0x8000007c (0x80000237) x 4 0x80000000
core   0: 0x80000080 (0x00000313) li      t1, 0
core   0: 3 0x80000080 (0x00000313) x 6 0x00000000
core   0: 0x80000084 (0xc5b1b3b7) lui     t2, 0xc5b1b
core   0: 3 0x80000084 (0xc5b1b3b7) x 7 0xc5b1b000
core   0: 0x80000088 (0x29b38393) addi    t2, t2, 667
core   0: 3 0x80000088 (0x29b38393) x 7 0xc5b1b29b
core   0: 0x8000008c (0xc511f437) lui     s0, 0xc511f
core   0: 3 0x8000008c (0xc511f437) x 8 0xc511f000
core   0: 0x80000090 (0x49a40413) addi    s0, s0, 1178
core   0: 3 0x80000090 (0x49a40413) x 8 0xc511f49a
core   0: 0x80000094 (0x00000493) li      s1, 0
core   0: 3 0x80000094 (0x00000493) x 9 0x00000000
core   0: 0x80000098 (0x347ae537) lui     a0, 0x347ae
core   0: 3 0x80000098 (0x347ae537) x10 0x347ae000
core   0: 0x8000009c (0x77850513) addi    a0, a0, 1912
core   0: 3 0x8000009c (0x77850513) x10 0x347ae778
core   0: 0x800000a0 (0x800005b7) lui     a1, 0x80000
core   0: 3 0x800000a0 (0x800005b7) x11 0x80000000
core   0: 0x800000a4 (0x6eef8637) lui     a2, 0x6eef8
core   0: 3 0x800000a4 (0x6eef8637) x12 0x6eef8000
core   0: 0x800000a8 (0x1ed60613) addi    a2, a2, 493
core   0: 3 0x800000a8 (0x1ed60613) x12 0x6eef81ed
core   0: 0x800000ac (0xbf1986b7) lui     a3, 0xbf198
core   0: 3 0x800000ac (0xbf1986b7) x13 0xbf198000
core   0: 0x800000b0 (0xa8e68693) addi    a3, a3, -1394
core   0: 3 0x800000b0 (0xa8e68693) x13 0xbf197a8e
core   0: 0x800000b4 (0x80000737) lui     a4, 0x80000
core   0: 3 0x800000b4 (0x80000737) x14 0x80000000
core   0: 0x800000b8 (0x00000793) li      a5, 0
core   0: 3 0x800000b8 (0x00000793) x15 0x00000000
core   0: 0x800000bc (0x00a00813) li      a6, 10
core   0: 3 0x800000bc (0x00a00813) x16 0x0000000a
core   0: 0x800000c0 (0x800008b7) lui     a7, 0x80000
core   0: 3 0x800000c0 (0x800008b7) x17 0x80000000
core   0: 0x800000c4 (0x80000937) lui     s2, 0x80000
core   0: 3 0x800000c4 (0x80000937) x18 0x80000000
core   0: 0x800000c8 (0x800009b7) lui     s3, 0x80000
core   0: 3 0x800000c8 (0x800009b7) x19 0x80000000
core   0: 0x800000cc (0x27105ab7) lui     s5, 0x27105
core   0: 3 0x800000cc (0x27105ab7) x21 0x27105000
core   0: 0x800000d0 (0x75ea8a93) addi    s5, s5, 1886
core   0: 3 0x800000d0 (0x75ea8a93) x21 0x2710575e
core   0: 0x800000d4 (0x80000b37) lui     s6, 0x80000
core   0: 3 0x800000d4 (0x80000b37) x22 0x80000000
core   0: 0x800000d8 (0x00500b93) li      s7, 5
core   0: 3 0x800000d8 (0x00500b93) x23 0x00000005
core   0: 0x800000dc (0x80000c37) lui     s8, 0x80000
core   0: 3 0x800000dc (0x80000c37) x24 0x80000000
core   0: 0x800000e0 (0xfcdd1cb7) lui     s9, 0xfcdd1
core   0: 3 0x800000e0 (0xfcdd1cb7) x25 0xfcdd1000
core   0: 0x800000e4 (0x259c8c93) addi    s9, s9, 601
core   0: 3 0x800000e4 (0x259c8c93) x25 0xfcdd1259
core   0: 0x800000e8 (0x680a5d37) lui     s10, 0x680a5
core   0: 3 0x800000e8 (0x680a5d37) x26 0x680a5000
core   0: 0x800000ec (0x1e0d0d13) addi    s10, s10, 480
core   0: 3 0x800000ec (0x1e0d0d13) x26 0x680a51e0
core   0: 0x800000f0 (0x00000d93) li      s11, 0
core   0: 3 0x800000f0 (0x00000d93) x27 0x00000000
core   0: 0x800000f4 (0xa01d7e37) lui     t3, 0xa01d7
core   0: 3 0x800000f4 (0xa01d7e37) x28 0xa01d7000
core   0: 0x800000f8 (0x450e0e13) addi    t3, t3, 1104
core   0: 3 0x800000f8 (0x450e0e13) x28 0xa01d7450
core   0: 0x800000fc (0x00000e93) li      t4, 0
core   0: 3 0x800000fc (0x00000e93) x29 0x00000000
core   0: 0x80000100 (0xfb0abf37) lui     t5, 0xfb0ab
core   0: 3 0x80000100 (0xfb0abf37) x30 0xfb0ab000
core   0: 0x80000104 (0xdd6f0f13) addi    t5, t5, -554
core   0: 3 0x80000104 (0xdd6f0f13) x30 0xfb0aadd6
core   0: 0x80000108 (0x00000f93) li      t6, 0
core   0: 3 0x80000108 (0x00000f93) x31 0x00000000
core   0: 0x8000010c (0x00015297) auipc   t0, 0x15
core   0: 3 0x8000010c (0x00015297) x 5 0x8001510c
core   0: 0x80000110 (0xd5828293) addi    t0, t0, -680
core   0: 3 0x80000110 (0xd5828293) x 5 0x80014e64
core   0: 0x80000114 (0x005c5b93) srli    s7, s8, 5
core   0: 3 0x80000114 (0x005c5b93) x23 0x04000000
core   0: 0x80000118 (0x43a3ef97) auipc   t6, 0x43a3e
core   0: 3 0x80000118 (0x43a3ef97) x31 0xc3a3e118
core   0: 0x8000011c (0x00f2b833) sltu    a6, t0, a5
core   0: 3 0x8000011c (0x00f2b833) x16 0x00000000
core   0: 0x80000120 (0x9a127793) andi    a5, tp, -1631
core   0: 3 0x80000120 (0x9a127793) x15 0x80000000
core   0: 0x80000124 (0x408d5d93) srai    s11, s10, 8
core   0: 3 0x80000124 (0x408d5d93) x27 0x00680a51
core   0: 0x80000128 (0xb2ad6d97) auipc   s11, 0xb2ad6
core   0: 3 0x80000128 (0xb2ad6d97) x27 0x32ad6128
core   0: 0x8000012c (0x03478bb3) mul     s7, a5, s4
core   0: 3 0x8000012c (0x03478bb3) x23 0x00000000
core   0: 0x80000130 (0x006a65b3) or      a1, s4, t1
core   0: 3 0x80000130 (0x006a65b3) x11 0x80018ce4
core   0: 0x80000134 (0x2aa06893) ori     a7, zero, 682
core   0: 3 0x80000134 (0x2aa06893) x17 0x000002aa
core   0: 0x80000138 (0x0089e8b3) or      a7, s3, s0
core   0: 3 0x80000138 (0x0089e8b3) x17 0xc511f49a
core   0: 0x8000013c (0x47da04b7) lui     s1, 0x47da0
core   0: 3 0x8000013c (0x47da04b7) x 9 0x47da0000
core   0: 0x80000140 (0x014ce133) or      sp, s9, s4
core   0: 3 0x80000140 (0x014ce133) x 2 0xfcdd9efd
core   0: 0x80000144 (0x030eb0b3) mulhu   ra, t4, a6
core   0: 3 0x80000144 (0x030eb0b3) x 1 0x00000000
core   0: 0x80000148 (0x41c481b3) sub     gp, s1, t3
core   0: 3 0x80000148 (0x41c481b3) x 3 0xa7bc8bb0
core   0: 0x8000014c (0xfe074193) xori    gp, a4, -32
core   0: 3 0x8000014c (0xfe074193) x 3 0x7fffffe0
core   0: 0x80000150 (0x4165dbb3) sra     s7, a1, s6
core   0: 3 0x80000150 (0x4165dbb3) x23 0x80018ce4
core   0: 0x80000154 (0x031d17b3) mulh    a5, s10, a7
core   0: 3 0x80000154 (0x031d17b3) x15 0xe80ceb39
core   0: 0x80000158 (0x03512633) mulhsu  a2, sp, s5
core   0: 3 0x80000158 (0x03512633) x12 0xff859000
core   0: 0x8000015c (0x327af713) andi    a4, s5, 807
core   0: 3 0x8000015c (0x327af713) x14 0x00000306
core   0: 0x80000160 (0x01e85cb3) srl     s9, a6, t5
core   0: 3 0x80000160 (0x01e85cb3) x25 0x00000000
core   0: 0x80000164 (0x00b0b333) sltu    t1, ra, a1
core   0: 3 0x80000164 (0x00b0b333) x 6 0x00000001
core   0: 0x80000168 (0x015e1933) sll     s2, t3, s5
core   0: 3 0x80000168 (0x015e1933) x18 0x00000000
core   0: 0x8000016c (0x025838b3) mulhu   a7, a6, t0
core   0: 3 0x8000016c (0x025838b3) x17 0x00000000
core   0: 0x80000170 (0x7a7b7213) andi    tp, s6, 1959
core   0: 3 0x80000170 (0x7a7b7213) x 4 0x00000000
core   0: 0x80000174 (0x0352ee33) rem     t3, t0, s5
core   0: 3 0x80000174 (0x0352ee33) x28 0xf532547e
core   0: 0x80000178 (0x01f6d613) srli    a2, a3, 31
core   0: 3 0x80000178 (0x01f6d613) x12 0x00000001
core   0: 0x8000017c (0x03b1b933) mulhu   s2, gp, s11
core   0: 3 0x8000017c (0x03b1b933) x18 0x1956b08d
core   0: 0x80000180 (0x01741613) slli    a2, s0, 23
core   0: 3 0x80000180 (0x01741613) x12 0x4d000000
core   0: 0x80000184 (0x01a525b3) slt     a1, a0, s10
core   0: 3 0x80000184 (0x01a525b3) x11 0x00000001
core   0: 0x80000188 (0x00000013) nop
core   0: 3 0x80000188 (0x00000013)
core   0: 0x8000018c (0x03cdb733) mulhu   a4, s11, t3
core   0: 3 0x8000018c (0x03cdb733) x14 0x3089e492
core   0: 0x80000190 (0x02281c33) mulh    s8, a6, sp
core   0: 3 0x80000190 (0x02281c33) x24 0x00000000
core   0: 0x80000194 (0x009ba1b3) slt     gp, s7, s1
core   0: 3 0x80000194 (0x009ba1b3) x 3 0x00000001
core   0: 0x80000198 (0x00960e33) add     t3, a2, s1
core   0: 3 0x80000198 (0x00960e33) x28 0x94da0000
core   0: 0x8000019c (0x02810133) mul     sp, sp, s0
core   0: 3 0x8000019c (0x02810133) x 2 0x98a7c832
core   0: 0x800001a0 (0x02331633) mulh    a2, t1, gp
core   0: 3 0x800001a0 (0x02331633) x12 0x00000000
core   0: 0x800001a4 (0x024919b3) mulh    s3, s2, tp
core   0: 3 0x800001a4 (0x024919b3) x19 0x00000000
core   0: 0x800001a8 (0x40d9d913) srai    s2, s3, 13
core   0: 3 0x800001a8 (0x40d9d913) x18 0x00000000
core   0: 0x800001ac (0x020acd33) div     s10, s5, zero
core   0: 3 0x800001ac (0x020acd33) x26 0xffffffff
core   0: 0x800001b0 (0xe4bdadb7) lui     s11, 0xe4bda
core   0: 3 0x800001b0 (0xe4bdadb7) x27 0xe4bda000
core   0: 0x800001b4 (0x3e776313) ori     t1, a4, 999
core   0: 3 0x800001b4 (0x3e776313) x 6 0x3089e7f7
core   0: 0x800001b8 (0x40cdd233) sra     tp, s11, a2
core   0: 3 0x800001b8 (0x40cdd233) x 4 0xe4bda000
core   0: 0x800001bc (0x06e3ca93) xori    s5, t2, 110
core   0: 3 0x800001bc (0x06e3ca93) x21 0xc5b1b2f5
core   0: 0x800001c0 (0x87c34c13) xori    s8, t1, -1924
core   0: 3 0x800001c0 (0x87c34c13) x24 0xcf761f8b
core   0: 0x800001c4 (0xbd88ce13) xori    t3, a7, -1064
core   0: 3 0x800001c4 (0xbd88ce13) x28 0xfffffbd8
core   0: 0x800001c8 (0x0146c5b3) xor     a1, a3, s4
core   0: 3 0x800001c8 (0x0146c5b3) x11 0x3f18f66a
core   0: 0x800001cc (0x9991ec37) lui     s8, 0x9991e
core   0: 3 0x800001cc (0x9991ec37) x24 0x9991e000
core   0: 0x800001d0 (0x52410797) auipc   a5, 0x52410
core   0: 3 0x800001d0 (0x52410797) x15 0xd24101d0
core   0: 0x800001d4 (0x035d68b3) rem     a7, s10, s5
core   0: 3 0x800001d4 (0x035d68b3) x17 0xffffffff
core   0: 0x800001d8 (0x00718433) add     s0, gp, t2
core   0: 3 0x800001d8 (0x00718433) x 8 0xc5b1b29c
core   0: 0x800001dc (0x00000013) nop
core   0: 3 0x800001dc (0x00000013)
core   0: 0x800001e0 (0x01f95cb3) srl     s9, s2, t6
core   0: 3 0x800001e0 (0x01f95cb3) x25 0x00000000
core   0: 0x800001e4 (0x02109ab3) mulh    s5, ra, ra
core   0: 3 0x800001e4 (0x02109ab3) x21 0x00000000
core   0: 0x800001e8 (0x031f6633) rem     a2, t5, a7
core   0: 3 0x800001e8 (0x031f6633) x12 0x00000000
core   0: 0x800001ec (0x260e6393) ori     t2, t3, 608
core   0: 3 0x800001ec (0x260e6393) x 7 0xfffffbf8
core   0: 0x800001f0 (0x03202cb3) mulhsu  s9, zero, s2
core   0: 3 0x800001f0 (0x03202cb3) x25 0x00000000
core   0: 0x800001f4 (0x3d50ec13) ori     s8, ra, 981
core   0: 3 0x800001f4 (0x3d50ec13) x24 0x000003d5
core   0: 0x800001f8 (0x8d76fa93) andi    s5, a3, -1833
core   0: 3 0x800001f8 (0x8d76fa93) x21 0xbf197886
core   0: 0x800001fc (0xd92dfb13) andi    s6, s11, -622
core   0: 3 0x800001fc (0xd92dfb13) x22 0xe4bda000
core   0: 0x80000200 (0x02d30433) mul     s0, t1, a3
core   0: 3 0x80000200 (0x02d30433) x 8 0x95296102
core   0: 0x80000204 (0x78986813) ori     a6, a6, 1929
core   0: 3 0x80000204 (0x78986813) x16 0x00000789
core   0: 0x80000208 (0x40d4de33) sra     t3, s1, a3
core   0: 3 0x80000208 (0x40d4de33) x28 0x00011f68
core   0: 0x8000020c (0x40d05233) sra     tp, zero, a3
core   0: 3 0x8000020c (0x40d05233) x 4 0x00000000
core   0: 0x80000210 (0x01d95433) srl     s0, s2, t4
core   0: 3 0x80000210 (0x01d95433) x 8 0x00000000
core   0: 0x80000214 (0x024889b3) mul     s3, a7, tp
core   0: 3 0x80000214 (0x024889b3) x19 0x00000000
core   0: 0x80000218 (0x01ad69b3) or      s3, s10, s10
core   0: 3 0x80000218 (0x01ad69b3) x19 0xffffffff
core   0: 0x8000021c (0x03841433) mulh    s0, s0, s8
core   0: 3 0x8000021c (0x03841433) x 8 0x00000000
core   0: 0x80000220 (0x0354e933) rem     s2, s1, s5
core   0: 3 0x80000220 (0x0354e933) x18 0x06f37886
core   0: 0x80000224 (0x02ec7c33) remu    s8, s8, a4
core   0: 3 0x80000224 (0x02ec7c33) x24 0x000003d5
core   0: 0x80000228 (0xd644b813) sltiu   a6, s1, -668
core   0: 3 0x80000228 (0xd644b813) x16 0x00000001
core   0: 0x8000022c (0x02309833) mulh    a6, ra, gp
core   0: 3 0x8000022c (0x02309833) x16 0x00000000
core   0: 0x80000230 (0x005de8b3) or      a7, s11, t0
core   0: 3 0x80000230 (0x005de8b3) x17 0xe4bdee64
core   0: 0x80000234 (0x4153dc33) sra     s8, t2, s5
core   0: 3 0x80000234 (0x4153dc33) x24 0xffffffef
core   0: 0x80000238 (0x0070d313) srli    t1, ra, 7
core   0: 3 0x80000238 (0x0070d313) x 6 0x00000000
core   0: 0x8000023c (0x75b6f213) andi    tp, a3, 1883
core   0: 3 0x8000023c (0x75b6f213) x 4 0x0000020a
core   0: 0x80000240 (0x02f4d433) divu    s0, s1, a5
core   0: 3 0x80000240 (0x02f4d433) x 8 0x00000000
core   0: 0x80000244 (0x01ab9db3) sll     s11, s7, s10
core   0: 3 0x80000244 (0x01ab9db3) x27 0x00000000
core   0: 0x80000248 (0x02e9a1b3) mulhsu  gp, s3, a4
core   0: 3 0x80000248 (0x02e9a1b3) x 3 0xffffffff
core   0: 0x8000024c (0x26158393) addi    t2, a1, 609
core   0: 3 0x8000024c (0x26158393) x 7 0x3f18f8cb
core   0: 0x80000250 (0x01999e13) slli    t3, s3, 25
core   0: 3 0x80000250 (0x01999e13) x28 0xfe000000
core   0: 0x80000254 (0x7a830d13) addi    s10, t1, 1960
core   0: 3 0x80000254 (0x7a830d13) x26 0x000007a8
core   0: 0x80000258 (0x00ea4633) xor     a2, s4, a4
core   0: 3 0x80000258 (0x00ea4633) x12 0xb0886876
core   0: 0x8000025c (0x32c22513) slti    a0, tp, 812
core   0: 3 0x8000025c (0x32c22513) x10 0x00000001
core   0: 0x80000260 (0x86e6f113) andi    sp, a3, -1938
core   0: 3 0x80000260 (0x86e6f113) x 2 0xbf19780e
core   0: 0x80000264 (0x06b9a093) slti    ra, s3, 107
core   0: 3 0x80000264 (0x06b9a093) x 1 0x00000001
core   0: 0x80000268 (0x7a6b6d97) auipc   s11, 0x7a6b6
core   0: 3 0x80000268 (0x7a6b6d97) x27 0xfa6b6268
core   0: 0x8000026c (0x005e6433) or      s0, t3, t0
core   0: 3 0x8000026c (0x005e6433) x 8 0xfe014e64
core   0: 0x80000270 (0x00e1abb3) slt     s7, gp, a4
core   0: 3 0x80000270 (0x00e1abb3) x23 0x00000001
core   0: 0x80000274 (0x02cb8e33) mul     t3, s7, a2
core   0: 3 0x80000274 (0x02cb8e33) x28 0xb0886876
core   0: 0x80000278 (0x00a750b3) srl     ra, a4, a0
core   0: 3 0x80000278 (0x00a750b3) x 1 0x1844f249
core   0: 0x8000027c (0x01ea2733) slt     a4, s4, t5
core   0: 3 0x8000027c (0x01ea2733) x14 0x00000001
core   0: 0x80000280 (0x4bb5e013) ori     zero, a1, 1211
core   0: 3 0x80000280 (0x4bb5e013)
core   0: 0x80000284 (0x8e48e793) ori     a5, a7, -1820
core   0: 3 0x80000284 (0x8e48e793) x15 0xfffffee4
core   0: 0x80000288 (0x016c58b3) srl     a7, s8, s6
core   0: 3 0x80000288 (0x016c58b3) x17 0xffffffef
core   0: 0x8000028c (0x00e53033) sltu    zero, a0, a4
core   0: 3 0x8000028c (0x00e53033)
core   0: 0x80000290 (0x02b081b3) mul     gp, ra, a1
core   0: 3 0x80000290 (0x02b081b3) x 3 0xfb36783a
core   0: 0x80000294 (0x02105e33) divu    t3, zero, ra
core   0: 3 0x80000294 (0x02105e33) x28 0x00000000
core   0: 0x80000298 (0x019d9bb3) sll     s7, s11, s9
core   0: 3 0x80000298 (0x019d9bb3) x23 0xfa6b6268
core   0: 0x8000029c (0x00979993) slli    s3, a5, 9
core   0: 3 0x8000029c (0x00979993) x19 0xfffdc800
core   0: 0x800002a0 (0x032fbe33) mulhu   t3, t6, s2
core   0: 3 0x800002a0 (0x032fbe33) x28 0x054fe7f0
core   0: 0x800002a4 (0x41fa0533) sub     a0, s4, t6
core   0: 3 0x800002a4 (0x41fa0533) x10 0xbc5dabcc
core   0: 0x800002a8 (0xf7816893) ori     a7, sp, -136
core   0: 3 0x800002a8 (0xf7816893) x17 0xffffff7e
core   0: 0x800002ac (0x96304393) xori    t2, zero, -1693
core   0: 3 0x800002ac (0x96304393) x 7 0xfffff963
core   0: 0x800002b0 (0x1384fc13) andi    s8, s1, 312
core   0: 3 0x800002b0 (0x1384fc13) x24 0x00000000
core   0: 0x800002b4 (0x51bef017) auipc   zero, 0x51bef
core   0: 3 0x800002b4 (0x51bef017)
core   0: 0x800002b8 (0x00bd1a93) slli    s5, s10, 11
core   0: 3 0x800002b8 (0x00bd1a93) x21 0x003d4000
core   0: 0x800002bc (0x413258b3) sra     a7, tp, s3
core   0: 3 0x800002bc (0x413258b3) x17 0x0000020a
core   0: 0x800002c0 (0x41fa0cb3) sub     s9, s4, t6
core   0: 3 0x800002c0 (0x41fa0cb3) x25 0xbc5dabcc
core   0: 0x800002c4 (0x01477ab3) and     s5, a4, s4
core   0: 3 0x800002c4 (0x01477ab3) x21 0x00000000
core   0: 0x800002c8 (0x01811633) sll     a2, sp, s8
core   0: 3 0x800002c8 (0x01811633) x12 0xbf19780e
core   0: 0x800002cc (0xd645b713) sltiu   a4, a1, -668
core   0: 3 0x800002cc (0xd645b713) x14 0x00000001
core   0: 0x800002d0 (0x01410933) add     s2, sp, s4
core   0: 3 0x800002d0 (0x01410933) x18 0x3f1b04f2
core   0: 0x800002d4 (0x0eccde97) auipc   t4, 0xeccd
core   0: 3 0x800002d4 (0x0eccde97) x29 0x8eccd2d4
core   0: 0x800002d8 (0x0275fe33) remu    t3, a1, t2
core   0: 3 0x800002d8 (0x0275fe33) x28 0x3f18f66a
core   0: 0x800002dc (0x402987b3) sub     a5, s3, sp
core   0: 3 0x800002dc (0x402987b3) x15 0x40e44ff2
core   0: 0x800002e0 (0x02f3af33) mulhsu  t5, t2, a5
core   0: 3 0x800002e0 (0x02f3af33) x30 0xfffffe52
core   0: 0x800002e4 (0x41ea5cb3) sra     s9, s4, t5
core   0: 3 0x800002e4 (0x41ea5cb3) x25 0xffffe000
core   0: 0x800002e8 (0x037ec433) div     s0, t4, s7
core   0: 3 0x800002e8 (0x037ec433) x 8 0x00000014
core   0: 0x800002ec (0x00529ab3) sll     s5, t0, t0
core   0: 3 0x800002ec (0x00529ab3) x21 0x0014e640
core   0: 0x800002f0 (0x65c8ed93) ori     s11, a7, 1628
core   0: 3 0x800002f0 (0x65c8ed93) x27 0x0000065e
core   0: 0x800002f4 (0x015d41b3) xor     gp, s10, s5
core   0: 3 0x800002f4 (0x015d41b3) x 3 0x0014e1e8
core   0: 0x800002f8 (0x03513db3) mulhu   s11, sp, s5
core   0: 3 0x800002f8 (0x03513db3) x27 0x000f99de
core   0: 0x800002fc (0xd2c3e4b7) lui     s1, 0xd2c3e
core   0: 3 0x800002fc (0xd2c3e4b7) x 9 0xd2c3e000
core   0: 0x80000300 (0x40b80db3) sub     s11, a6, a1
core   0: 3 0x80000300 (0x40b80db3) x27 0xc0e70996
core   0: 0x80000304 (0x00000013) nop
core   0: 3 0x80000304 (0x00000013)
core   0: 0x80000308 (0x011673b3) and     t2, a2, a7
core   0: 3 0x80000308 (0x011673b3) x 7 0x0000000a
core   0: 0x8000030c (0x015e1e13) slli    t3, t3, 21
core   0: 3 0x8000030c (0x015e1e13) x28 0xcd400000
core   0: 0x80000310 (0x6d1acf93) xori    t6, s5, 1745
core   0: 3 0x80000310 (0x6d1acf93) x31 0x0014e091
core   0: 0x80000314 (0x00338d33) add     s10, t2, gp
core   0: 3 0x80000314 (0x00338d33) x26 0x0014e1f2
core   0: 0x80000318 (0x40365a93) srai    s5, a2, 3
core   0: 3 0x80000318 (0x40365a93) x21 0xf7e32f01
core   0: 0x8000031c (0x00e327b3) slt     a5, t1, a4
core   0: 3 0x8000031c (0x00e327b3) x15 0x00000001
core   0: 0x80000320 (0x034a31b3) mulhu   gp, s4, s4
core   0: 3 0x80000320 (0x034a31b3) x 3 0x40018ce6
core   0: 0x80000324 (0x130f8b13) addi    s6, t6, 304
core   0: 3 0x80000324 (0x130f8b13) x22 0x0014e1c1
core   0: 0x80000328 (0x4008db13) srai    s6, a7, 0
core   0: 3 0x80000328 (0x4008db13) x22 0x0000020a
core   0: 0x8000032c (0x01704d33) xor     s10, zero, s7
core   0: 3 0x8000032c (0x01704d33) x26 0xfa6b6268
core   0: 0x80000330 (0x034f5fb3) divu    t6, t5, s4
core   0: 3 0x80000330 (0x034f5fb3) x31 0x00000001
core   0: 0x80000334 (0x019209b3) add     s3, tp, s9
core   0: 3 0x80000334 (0x019209b3) x19 0xffffe20a
core   0: 0x80000338 (0x0247b8b3) mulhu   a7, a5, tp
core   0: 3 0x80000338 (0x0247b8b3) x17 0x00000000
core   0: 0x8000033c (0x002c1813) slli    a6, s8, 2
core   0: 3 0x8000033c (0x002c1813) x16 0x00000000
core   0: 0x80000340 (0x0349bdb3) mulhu   s11, s3, s4
core   0: 3 0x80000340 (0x0349bdb3) x27 0x80017de8
core   0: 0x80000344 (0x013e8e33) add     t3, t4, s3
core   0: 3 0x80000344 (0x013e8e33) x28 0x8eccb4de
core   0: 0x80000348 (0x030033b3) mulhu   t2, zero, a6
core   0: 3 0x80000348 (0x030033b3) x 7 0x00000000
core   0: 0x8000034c (0x8bf23c93) sltiu   s9, tp, -1857
core   0: 3 0x8000034c (0x8bf23c93) x25 0x00000001
core   0: 0x80000350 (0x0029f7b3) and     a5, s3, sp
core   0: 3 0x80000350 (0x0029f7b3) x15 0xbf19600a
core   0: 0x80000354 (0x00303c33) snez    s8, gp
core   0: 3 0x80000354 (0x00303c33) x24 0x00000001
core   0: 0x80000358 (0x97d8a1b7) lui     gp, 0x97d8a
core   0: 3 0x80000358 (0x97d8a1b7) x 3 0x97d8a000
core   0: 0x8000035c (0x8cf3f013) andi    zero, t2, -1841
core   0: 3 0x8000035c (0x8cf3f013)
core   0: 0x80000360 (0x40b0d713) srai    a4, ra, 11
core   0: 3 0x80000360 (0x40b0d713) x14 0x0003089e
core   0: 0x80000364 (0xcae68b37) lui     s6, 0xcae68
core   0: 3 0x80000364 (0xcae68b37) x22 0xcae68000
core   0: 0x80000368 (0xc9847013) andi    zero, s0, -872
core   0: 3 0x80000368 (0xc9847013)
core   0: 0x8000036c (0x41a2d193) srai    gp, t0, 26
core   0: 3 0x8000036c (0x41a2d193) x 3 0xffffffe0
core   0: 0x80000370 (0x01e544b3) xor     s1, a0, t5
core   0: 3 0x80000370 (0x01e544b3) x 9 0x43a2559e
core   0: 0x80000374 (0x013e1d93) slli    s11, t3, 19
core   0: 3 0x80000374 (0x013e1d93) x27 0xa6f00000
core   0: 0x80000378 (0x00d83eb3) sltu    t4, a6, a3
core   0: 3 0x80000378 (0x00d83eb3) x29 0x00000001
core   0: 0x8000037c (0x41f9de93) srai    t4, s3, 31
core   0: 3 0x8000037c (0x41f9de93) x29 0xffffffff
core   0: 0x80000380 (0x41429497) auipc   s1, 0x41429
core   0: 3 0x80000380 (0x41429497) x 9 0xc1429380
core   0: 0x80000384 (0xcbc1ec13) ori     s8, gp, -836
core   0: 3 0x80000384 (0xcbc1ec13) x24 0xfffffffc
core   0: 0x80000388 (0x01ae2233) slt     tp, t3, s10
core   0: 3 0x80000388 (0x01ae2233) x 4 0x00000001
core   0: 0x8000038c (0x00ae10b3) sll     ra, t3, a0
core   0: 3 0x8000038c (0x00ae10b3) x 1 0xcb4de000
core   0: 0x80000390 (0x93fa9617) auipc   a2, 0x93fa9
core   0: 3 0x80000390 (0x93fa9617) x12 0x13fa9390
core   0: 0x80000394 (0x2221ef37) lui     t5, 0x2221e
core   0: 3 0x80000394 (0x2221ef37) x30 0x2221e000
core   0: 0x80000398 (0x81c33f13) sltiu   t5, t1, -2020
core   0: 3 0x80000398 (0x81c33f13) x30 0x00000001
core   0: 0x8000039c (0x2222a893) slti    a7, t0, 546
core   0: 3 0x8000039c (0x2222a893) x17 0x00000001
core   0: 0x800003a0 (0x01315413) srli    s0, sp, 19
core   0: 3 0x800003a0 (0x01315413) x 8 0x000017e3
core   0: 0x800003a4 (0x01449213) slli    tp, s1, 20
core   0: 3 0x800003a4 (0x01449213) x 4 0x38000000
core   0: 0x800003a8 (0x01bd8eb3) add     t4, s11, s11
core   0: 3 0x800003a8 (0x01bd8eb3) x29 0x4de00000
core   0: 0x800003ac (0x032341b3) div     gp, t1, s2
core   0: 3 0x800003ac (0x032341b3) x 3 0x00000000
core   0: 0x800003b0 (0x019c1ab3) sll     s5, s8, s9
core   0: 3 0x800003b0 (0x019c1ab3) x21 0xfffffff8
core   0: 0x800003b4 (0x01242933) slt     s2, s0, s2
core   0: 3 0x800003b4 (0x01242933) x18 0x00000001
core   0: 0x800003b8 (0x00e32fb3) slt     t6, t1, a4
core   0: 3 0x800003b8 (0x00e32fb3) x31 0x00000001
core   0: 0x800003bc (0xd0606d93) ori     s11, zero, -762
core   0: 3 0x800003bc (0xd0606d93) x27 0xfffffd06
core   0: 0x800003c0 (0x018db533) sltu    a0, s11, s8
core   0: 3 0x800003c0 (0x018db533) x10 0x00000001
core   0: 0x800003c4 (0x03d42f33) mulhsu  t5, s0, t4
core   0: 3 0x800003c4 (0x03d42f33) x30 0x00000744
core   0: 0x800003c8 (0xc6487013) andi    zero, a6, -924
core   0: 3 0x800003c8 (0xc6487013)
core   0: 0x800003cc (0x02f5b0b3) mulhu   ra, a1, a5
core   0: 3 0x800003cc (0x02f5b0b3) x 1 0x2f19e0f4
core   0: 0x800003d0 (0x00dc9593) slli    a1, s9, 13
core   0: 3 0x800003d0 (0x00dc9593) x11 0x00002000
core   0: 0x800003d4 (0x1a4b4513) xori    a0, s6, 420
core   0: 3 0x800003d4 (0x1a4b4513) x10 0xcae681a4
core   0: 0x800003d8 (0x613e1c37) lui     s8, 0x613e1
core   0: 3 0x800003d8 (0x613e1c37) x24 0x613e1000
core   0: 0x800003dc (0x01b63ab3) sltu    s5, a2, s11
core   0: 3 0x800003dc (0x01b63ab3) x21 0x00000001
core   0: 0x800003e0 (0x01015eb3) srl     t4, sp, a6
core   0: 3 0x800003e0 (0x01015eb3) x29 0xbf19780e
core   0: 0x800003e4 (0xd2d53193) sltiu   gp, a0, -723
core   0: 3 0x800003e4 (0xd2d53193) x 3 0x00000001
core   0: 0x800003e8 (0x0e356b13) ori     s6, a0, 227
core   0: 3 0x800003e8 (0x0e356b13) x22 0xcae681e7
core   0: 0x800003ec (0xac3e0bb7) lui     s7, 0xac3e0
core   0: 3 0x800003ec (0xac3e0bb7) x23 0xac3e0000
core   0: 0x800003f0 (0xdb7d0113) addi    sp, s10, -585
core   0: 3 0x800003f0 (0xdb7d0113) x 2 0xfa6b601f
core   0: 0x800003f4 (0x03dcd4b3) divu    s1, s9, t4
core   0: 3 0x800003f4 (0x03dcd4b3) x 9 0x00000000
core   0: 0x800003f8 (0x727c6393) ori     t2, s8, 1831
core   0: 3 0x800003f8 (0x727c6393) x 7 0x613e1727
core   0: 0x800003fc (0x020c8733) mul     a4, s9, zero
core   0: 3 0x800003fc (0x020c8733) x14 0x00000000
core   0: 0x80000400 (0xa5603813) sltiu   a6, zero, -1450
core   0: 3 0x80000400 (0xa5603813) x16 0x00000001
core   0: 0x80000404 (0x409c5eb3) sra     t4, s8, s1
core   0: 3 0x80000404 (0x409c5eb3) x29 0x613e1000
core   0: 0x80000408 (0x01520e33) add     t3, tp, s5
core   0: 3 0x80000408 (0x01520e33) x28 0x38000001
core   0: 0x8000040c (0x02c75ab3) divu    s5, a4, a2
core   0: 3 0x8000040c (0x02c75ab3) x21 0x00000000
core   0: 0x80000410 (0x0fdb0193) addi    gp, s6, 253
core   0: 3 0x80000410 (0x0fdb0193) x 3 0xcae682e4
core   0: 0x80000414 (0x03ab51b3) divu    gp, s6, s10
core   0: 3 0x80000414 (0x03ab51b3) x 3 0x00000000
core   0: 0x80000418 (0x87e78193) addi    gp, a5, -1922
core   0: 3 0x80000418 (0x87e78193) x 3 0xbf195888
core   0: 0x8000041c (0x028d8b33) mul     s6, s11, s0
core   0: 3 0x8000041c (0x028d8b33) x22 0xffb8e652
core   0: 0x80000420 (0x02fa5433) divu    s0, s4, a5
core   0: 3 0x80000420 (0x02fa5433) x 8 0x00000000
core   0: 0x80000424 (0xfe7eac17) auipc   s8, 0xfe7ea
core   0: 3 0x80000424 (0xfe7eac17) x24 0x7e7ea424
core   0: 0x80000428 (0x00000013) nop
core   0: 3 0x80000428 (0x00000013)
core   0: 0x8000042c (0x012cc233) xor     tp, s9, s2
core   0: 3 0x8000042c (0x012cc233) x 4 0x00000000
core   0: 0x80000430 (0x02b81533) mulh    a0, a6, a1
core   0: 3 0x80000430 (0x02b81533) x10 0x00000000
core   0: 0x80000434 (0x012cae33) slt     t3, s9, s2
core   0: 3 0x80000434 (0x012cae33) x28 0x00000000
core   0: 0x80000438 (0x3f224113) xori    sp, tp, 1010
core   0: 3 0x80000438 (0x3f224113) x 2 0x000003f2
core   0: 0x8000043c (0x00589733) sll     a4, a7, t0
core   0: 3 0x8000043c (0x00589733) x14 0x00000010
core   0: 0x80000440 (0x00000013) nop
core   0: 3 0x80000440 (0x00000013)
core   0: 0x80000444 (0x016e4f33) xor     t5, t3, s6
core   0: 3 0x80000444 (0x016e4f33) x30 0xffb8e652
core   0: 0x80000448 (0x01c633b3) sltu    t2, a2, t3
core   0: 3 0x80000448 (0x01c633b3) x 7 0x00000000
core   0: 0x8000044c (0x8d0ecc93) xori    s9, t4, -1840
core   0: 3 0x8000044c (0x8d0ecc93) x25 0x9ec1e8d0
core   0: 0x80000450 (0x409e5593) srai    a1, t3, 9
core   0: 3 0x80000450 (0x409e5593) x11 0x00000000
core   0: 0x80000454 (0x40640333) sub     t1, s0, t1
core   0: 3 0x80000454 (0x40640333) x 6 0x00000000
core   0: 0x80000458 (0x726e4513) xori    a0, t3, 1830
core   0: 3 0x80000458 (0x726e4513) x10 0x00000726
core   0: 0x8000045c (0x4674e213) ori     tp, s1, 1127
core   0: 3 0x8000045c (0x4674e213) x 4 0x00000467
core   0: 0x80000460 (0x02072633) mulhsu  a2, a4, zero
core   0: 3 0x80000460 (0x02072633) x12 0x00000000
core   0: 0x80000464 (0x00035c33) srl     s8, t1, zero
core   0: 3 0x80000464 (0x00035c33) x24 0x00000000
core   0: 0x80000468 (0x00565213) srli    tp, a2, 5
core   0: 3 0x80000468 (0x00565213) x 4 0x00000000
core   0: 0x8000046c (0x00c0d133) srl     sp, ra, a2
core   0: 3 0x8000046c (0x00c0d133) x 2 0x2f19e0f4
core   0: 0x80000470 (0x01434833) xor     a6, t1, s4
core   0: 3 0x80000470 (0x01434833) x16 0x80018ce4
core   0: 0x80000474 (0x40fb5833) sra     a6, s6, a5
core   0: 3 0x80000474 (0x40fb5833) x16 0xffffee39
core   0: 0x80000478 (0x675e6513) ori     a0, t3, 1653
core   0: 3 0x80000478 (0x675e6513) x10 0x00000675
core   0: 0x8000047c (0x02e3a333) mulhsu  t1, t2, a4
core   0: 3 0x8000047c (0x02e3a333) x 6 0x00000000
core   0: 0x80000480 (0x03592133) mulhsu  sp, s2, s5
core   0: 3 0x80000480 (0x03592133) x 2 0x00000000
core   0: 0x80000484 (0x020d7833) remu    a6, s10, zero
core   0: 3 0x80000484 (0x020d7833) x16 0xfa6b6268
core   0: 0x80000488 (0x01921013) slli    zero, tp, 25
core   0: 3 0x80000488 (0x01921013)
core   0: 0x8000048c (0x02859c33) mulh    s8, a1, s0
core   0: 3 0x8000048c (0x02859c33) x24 0x00000000
core   0: 0x80000490 (0x0206ffb3) remu    t6, a3, zero
core   0: 3 0x80000490 (0x0206ffb3) x31 0xbf197a8e
core   0: 0x80000494 (0x0217cbb3) div     s7, a5, ra
core   0: 3 0x80000494 (0x0217cbb3) x23 0xffffffff
core   0: 0x80000498 (0x46c5ba97) auipc   s5, 0x46c5b
core   0: 3 0x80000498 (0x46c5ba97) x21 0xc6c5b498
core   0: 0x8000049c (0x007ff7b3) and     a5, t6, t2
core   0: 3 0x8000049c (0x007ff7b3) x15 0x00000000
core   0: 0x800004a0 (0x02b7efb3) rem     t6, a5, a1
core   0: 3 0x800004a0 (0x02b7efb3) x31 0x00000000
core   0: 0x800004a4 (0x02764fb3) div     t6, a2, t2
core   0: 3 0x800004a4 (0x02764fb3) x31 0xffffffff
core   0: 0x800004a8 (0x006e2db3) slt     s11, t3, t1
core   0: 3 0x800004a8 (0x006e2db3) x27 0x00000000
core   0: 0x800004ac (0x032ea233) mulhsu  tp, t4, s2
core   0: 3 0x800004ac (0x032ea233) x 4 0x00000000
core   0: 0x800004b0 (0x016a9313) slli    t1, s5, 22
core   0: 3 0x800004b0 (0x016a9313) x 6 0x26000000
core   0: 0x800004b4 (0x031d14b3) mulh    s1, s10, a7
core   0: 3 0x800004b4 (0x031d14b3) x 9 0xffffffff
core   0: 0x800004b8 (0x1a80b393) sltiu   t2, ra, 424
core   0: 3 0x800004b8 (0x1a80b393) x 7 0x00000000
core   0: 0x800004bc (0x013400b3) add     ra, s0, s3
core   0: 3 0x800004bc (0x013400b3) x 1 0xffffe20a
core   0: 0x800004c0 (0x5e56e513) ori     a0, a3, 1509
core   0: 3 0x800004c0 (0x5e56e513) x10 0xbf197fef
core   0: 0x800004c4 (0x009e5933) srl     s2, t3, s1
core   0: 3 0x800004c4 (0x009e5933) x18 0x00000000
core   0: 0x800004c8 (0x026c7333) remu    t1, s8, t1
core   0: 3 0x800004c8 (0x026c7333) x 6 0x00000000
core   0: 0x800004cc (0x0196b8b3) sltu    a7, a3, s9
core   0: 3 0x800004cc (0x0196b8b3) x17 0x00000000
core   0: 0x800004d0 (0x00509d33) sll     s10, ra, t0
core   0: 3 0x800004d0 (0x00509d33) x26 0xfffe20a0
core   0: 0x800004d4 (0x037578b3) remu    a7, a0, s7
core   0: 3 0x800004d4 (0x037578b3) x17 0xbf197fef
core   0: 0x800004d8 (0x3c793837) lui     a6, 0x3c793
core   0: 3 0x800004d8 (0x3c793837) x16 0x3c793000
core   0: 0x800004dc (0x02bcb3b3) mulhu   t2, s9, a1
core   0: 3 0x800004dc (0x02bcb3b3) x 7 0x00000000
core   0: 0x800004e0 (0x00747e33) and     t3, s0, t2
core   0: 3 0x800004e0 (0x00747e33) x28 0x00000000
core   0: 0x800004e4 (0x020e7413) andi    s0, t3, 32
core   0: 3 0x800004e4 (0x020e7413) x 8 0x00000000
core   0: 0x800004e8 (0x3ddf3713) sltiu   a4, t5, 989
core   0: 3 0x800004e8 (0x3ddf3713) x14 0x00000000
core   0: 0x800004ec (0x021775b3) remu    a1, a4, ra
core   0: 3 0x800004ec (0x021775b3) x11 0x00000000
core   0: 0x800004f0 (0x4033da93) srai    s5, t2, 3
core   0: 3 0x800004f0 (0x4033da93) x21 0x00000000
core   0: 0x800004f4 (0x08b47513) andi    a0, s0, 139
core   0: 3 0x800004f4 (0x08b47513) x10 0x00000000
core   0: 0x800004f8 (0x01eea0b3) slt     ra, t4, t5
core   0: 3 0x800004f8 (0x01eea0b3) x 1 0x00000000
core   0: 0x800004fc (0x0148fb33) and     s6, a7, s4
core   0: 3 0x800004fc (0x0148fb33) x22 0x80010ce4
core   0: 0x80000500 (0x0305b533) mulhu   a0, a1, a6
core   0: 3 0x80000500 (0x0305b533) x10 0x00000000
core   0: 0x80000504 (0x02635833) divu    a6, t1, t1
core   0: 3 0x80000504 (0x02635833) x16 0xffffffff
core   0: 0x80000508 (0xfc4151b7) lui     gp, 0xfc415
core   0: 3 0x80000508 (0xfc4151b7) x 3 0xfc415000
core   0: 0x8000050c (0x44a40b93) addi    s7, s0, 1098
core   0: 3 0x8000050c (0x44a40b93) x23 0x0000044a
core   0: 0x80000510 (0x00081893) slli    a7, a6, 0
core   0: 3 0x80000510 (0x00081893) x17 0xffffffff
core   0: 0x80000514 (0x9533a913) slti    s2, t2, -1709
core   0: 3 0x80000514 (0x9533a913) x18 0x00000000
core   0: 0x80000518 (0x01c48033) add     zero, s1, t3
core   0: 3 0x80000518 (0x01c48033)
core   0: 0x8000051c (0x03031433) mulh    s0, t1, a6
core   0: 3 0x8000051c (0x03031433) x 8 0x00000000
core   0: 0x80000520 (0x51746113) ori     sp, s0, 1303
core   0: 3 0x80000520 (0x51746113) x 2 0x00000517
core   0: 0x80000524 (0x0297bc33) mulhu   s8, a5, s1
core   0: 3 0x80000524 (0x0297bc33) x24 0x00000000
core   0: 0x80000528 (0x40c58533) sub     a0, a1, a2
core   0: 3 0x80000528 (0x40c58533) x10 0x00000000
core   0: 0x8000052c (0x02b36fb3) rem     t6, t1, a1
core   0: 3 0x8000052c (0x02b36fb3) x31 0x00000000
core   0: 0x80000530 (0x02ab3533) mulhu   a0, s6, a0
core   0: 3 0x80000530 (0x02ab3533) x10 0x00000000
core   0: 0x80000534 (0x63d76393) ori     t2, a4, 1597
core   0: 3 0x80000534 (0x63d76393) x 7 0x0000063d
core   0: 0x80000538 (0x01be7c33) and     s8, t3, s11
core   0: 3 0x80000538 (0x01be7c33) x24 0x00000000
core   0: 0x8000053c (0xb777bb93) sltiu   s7, a5, -1161
core   0: 3 0x8000053c (0xb777bb93) x23 0x00000001
core   0: 0x80000540 (0xdc73ce93) xori    t4, t2, -569
core   0: 3 0x80000540 (0xdc73ce93) x29 0xfffffbfa
core   0: 0x80000544 (0x01733b33) sltu    s6, t1, s7
core   0: 3 0x80000544 (0x01733b33) x22 0x00000001
core   0: 0x80000548 (0x47dded17) auipc   s10, 0x47dde
core   0: 3 0x80000548 (0x47dded17) x26 0xc7dde548
core   0: 0x8000054c (0x022d20b3) mulhsu  ra, s10, sp
core   0: 3 0x8000054c (0x022d20b3) x 1 0xfffffee2
core   0: 0x80000550 (0x295ebc93) sltiu   s9, t4, 661
core   0: 3 0x80000550 (0x295ebc93) x25 0x00000000
core   0: 0x80000554 (0x00ba1713) slli    a4, s4, 11
core   0: 3 0x80000554 (0x00ba1713) x14 0x0c672000
core   0: 0x80000558 (0x014b4633) xor     a2, s6, s4
core   0: 3 0x80000558 (0x014b4633) x12 0x80018ce5
core   0: 0x8000055c (0x0085ecb3) or      s9, a1, s0
core   0: 3 0x8000055c (0x0085ecb3) x25 0x00000000
core   0: 0x80000560 (0x41155c13) srai    s8, a0, 17
core   0: 3 0x80000560 (0x41155c13) x24 0x00000000
core   0: 0x80000564 (0x02586833) rem     a6, a6, t0
core   0: 3 0x80000564 (0x02586833) x16 0xffffffff
core   0: 0x80000568 (0x76685017) auipc   zero, 0x76685
core   0: 3 0x80000568 (0x76685017)
core   0: 0x8000056c (0x03645bb3) divu    s7, s0, s6
core   0: 3 0x8000056c (0x03645bb3) x23 0x00000000
core   0: 0x80000570 (0x39625017) auipc   zero, 0x39625
core   0: 3 0x80000570 (0x39625017)
core   0: 0x80000574 (0x03bf1b33) mulh    s6, t5, s11
core   0: 3 0x80000574 (0x03bf1b33) x22 0x00000000
core   0: 0x80000578 (0x65e50793) addi    a5, a0, 1630
core   0: 3 0x80000578 (0x65e50793) x15 0x0000065e
core   0: 0x8000057c (0x02d9a7b3) mulhsu  a5, s3, a3
core   0: 3 0x8000057c (0x02d9a7b3) x15 0xffffe9a2
core   0: 0x80000580 (0x011bde33) srl     t3, s7, a7
core   0: 3 0x80000580 (0x011bde33) x28 0x00000000
core   0: 0x80000584 (0xbc61a213) slti    tp, gp, -1082
core   0: 3 0x80000584 (0xbc61a213) x 4 0x00000001
core   0: 0x80000588 (0x41f78cb3) sub     s9, a5, t6
core   0: 3 0x80000588 (0x41f78cb3) x25 0xffffe9a2
core   0: 0x8000058c (0x16508193) addi    gp, ra, 357
core   0: 3 0x8000058c (0x16508193) x 3 0x00000047
core   0: 0x80000590 (0xb81a3593) sltiu   a1, s4, -1151
core   0: 3 0x80000590 (0xb81a3593) x11 0x00000001
core   0: 0x80000594 (0x01325c33) srl     s8, tp, s3
core   0: 3 0x80000594 (0x01325c33) x24 0x00000000
core   0: 0x80000598 (0x02400133) mul     sp, zero, tp
core   0: 3 0x80000598 (0x02400133) x 2 0x00000000
core   0: 0x8000059c (0x00000013) nop
core   0: 3 0x8000059c (0x00000013)
core   0: 0x800005a0 (0x02bc3133) mulhu   sp, s8, a1
core   0: 3 0x800005a0 (0x02bc3133) x 2 0x00000000
core   0: 0x800005a4 (0x1b437513) andi    a0, t1, 436
core   0: 3 0x800005a4 (0x1b437513) x10 0x00000000
core   0: 0x800005a8 (0x02eab0b3) mulhu   ra, s5, a4
core   0: 3 0x800005a8 (0x02eab0b3) x 1 0x00000000
core   0: 0x800005ac (0x032700b3) mul     ra, a4, s2
core   0: 3 0x800005ac (0x032700b3) x 1 0x00000000
core   0: 0x800005b0 (0x0071acb3) slt     s9, gp, t2
core   0: 3 0x800005b0 (0x0071acb3) x25 0x00000001
core   0: 0x800005b4 (0x57e68e93) addi    t4, a3, 1406
core   0: 3 0x800005b4 (0x57e68e93) x29 0xbf19800c
core   0: 0x800005b8 (0x0316bc33) mulhu   s8, a3, a7
core   0: 3 0x800005b8 (0x0316bc33) x24 0xbf197a8d
core   0: 0x800005bc (0xa1d67593) andi    a1, a2, -1507
core   0: 3 0x800005bc (0xa1d67593) x11 0x80018805
core   0: 0x800005c0 (0x032c8cb3) mul     s9, s9, s2
core   0: 3 0x800005c0 (0x032c8cb3) x25 0x00000000
core   0: 0x800005c4 (0x416dddb3) sra     s11, s11, s6
core   0: 3 0x800005c4 (0x416dddb3) x27 0x00000000
core   0: 0x800005c8 (0x0354a4b3) mulhsu  s1, s1, s5
core   0: 3 0x800005c8 (0x0354a4b3) x 9 0x00000000
core   0: 0x800005cc (0x00e19c13) slli    s8, gp, 14
core   0: 3 0x800005cc (0x00e19c13) x24 0x0011c000
core   0: 0x800005d0 (0x40b259b3) sra     s3, tp, a1
core   0: 3 0x800005d0 (0x40b259b3) x19 0x00000000
core   0: 0x800005d4 (0x02cad8b3) divu    a7, s5, a2
core   0: 3 0x800005d4 (0x02cad8b3) x17 0x00000000
core   0: 0x800005d8 (0x25e66993) ori     s3, a2, 606
core   0: 3 0x800005d8 (0x25e66993) x19 0x80018eff
core   0: 0x800005dc (0x4af33f93) sltiu   t6, t1, 1199
core   0: 3 0x800005dc (0x4af33f93) x31 0x00000001
core   0: 0x800005e0 (0x01765893) srli    a7, a2, 23
core   0: 3 0x800005e0 (0x01765893) x17 0x00000100
core   0: 0x800005e4 (0x03522f33) mulhsu  t5, tp, s5
core   0: 3 0x800005e4 (0x03522f33) x30 0x00000000
core   0: 0x800005e8 (0x03a67033) remu    zero, a2, s10
core   0: 3 0x800005e8 (0x03a67033)
core   0: 0x800005ec (0x2fcb3713) sltiu   a4, s6, 764
core   0: 3 0x800005ec (0x2fcb3713) x14 0x00000001
core   0: 0x800005f0 (0x3590ec93) ori     s9, ra, 857
core   0: 3 0x800005f0 (0x3590ec93) x25 0x00000359
core   0: 0x800005f4 (0x16a7c413) xori    s0, a5, 362
core   0: 3 0x800005f4 (0x16a7c413) x 8 0xffffe8c8
core   0: 0x800005f8 (0x02623bb3) mulhu   s7, tp, t1
core   0: 3 0x800005f8 (0x02623bb3) x23 0x00000000
core   0: 0x800005fc (0x03eef933) remu    s2, t4, t5
core   0: 3 0x800005fc (0x03eef933) x18 0xbf19800c
core   0: 0x80000600 (0x0060ddb3) srl     s11, ra, t1
core   0: 3 0x80000600 (0x0060ddb3) x27 0x00000000
core   0: 0x80000604 (0x00e12cb3) slt     s9, sp, a4
core   0: 3 0x80000604 (0x00e12cb3) x25 0x00000001
core   0: 0x80000608 (0x2cc8bd93) sltiu   s11, a7, 716
core   0: 3 0x80000608 (0x2cc8bd93) x27 0x00000001
core   0: 0x8000060c (0xc9930913) addi    s2, t1, -871
core   0: 3 0x8000060c (0xc9930913) x18 0xfffffc99
core   0: 0x80000610 (0x0227dab3) divu    s5, a5, sp
core   0: 3 0x80000610 (0x0227dab3) x21 0xffffffff
core   0: 0x80000614 (0x0285d5b3) divu    a1, a1, s0
core   0: 3 0x80000614 (0x0285d5b3) x11 0x00000000
core   0: 0x80000618 (0x0189f533) and     a0, s3, s8
core   0: 3 0x80000618 (0x0189f533) x10 0x00018000
core   0: 0x8000061c (0x034b4733) div     a4, s6, s4
core   0: 3 0x8000061c (0x034b4733) x14 0x00000000
core   0: 0x80000620 (0x035b6233) rem     tp, s6, s5
core   0: 3 0x80000620 (0x035b6233) x 4 0x00000000
core   0: 0x80000624 (0x0049f0b3) and     ra, s3, tp
core   0: 3 0x80000624 (0x0049f0b3) x 1 0x00000000
core   0: 0x80000628 (0x003f9333) sll     t1, t6, gp
core   0: 3 0x80000628 (0x003f9333) x 6 0x00000080
core   0: 0x8000062c (0x0193d633) srl     a2, t2, s9
core   0: 3 0x8000062c (0x0193d633) x12 0x0000031e
core   0: 0x80000630 (0x02c26ab3) rem     s5, tp, a2
core   0: 3 0x80000630 (0x02c26ab3) x21 0x00000000
core   0: 0x80000634 (0x007c2c33) slt     s8, s8, t2
core   0: 3 0x80000634 (0x007c2c33) x24 0x00000000
core   0: 0x80000638 (0x00a739b3) sltu    s3, a4, a0
core   0: 3 0x80000638 (0x00a739b3) x19 0x00000001
core   0: 0x8000063c (0x00a7da93) srli    s5, a5, 10
core   0: 3 0x8000063c (0x00a7da93) x21 0x003ffffa
core   0: 0x80000640 (0x2b35c613) xori    a2, a1, 691
core   0: 3 0x80000640 (0x2b35c613) x12 0x000002b3
core   0: 0x80000644 (0x00fc50b3) srl     ra, s8, a5
core   0: 3 0x80000644 (0x00fc50b3) x 1 0x00000000
core   0: 0x80000648 (0x06180493) addi    s1, a6, 97
core   0: 3 0x80000648 (0x06180493) x 9 0x00000060
core   0: 0x8000064c (0x87ecbb13) sltiu   s6, s9, -1922
core   0: 3 0x8000064c (0x87ecbb13) x22 0x00000001
core   0: 0x80000650 (0xf7a38b93) addi    s7, t2, -134
core   0: 3 0x80000650 (0xf7a38b93) x23 0x000005b7
core   0: 0x80000654 (0x1551c517) auipc   a0, 0x1551c
core   0: 3 0x80000654 (0x1551c517) x10 0x9551c654
core   0: 0x80000658 (0x00dd67b3) or      a5, s10, a3
core   0: 3 0x80000658 (0x00dd67b3) x15 0xffddffce
core   0: 0x8000065c (0x00772d33) slt     s10, a4, t2
core   0: 3 0x8000065c (0x00772d33) x26 0x00000001
core   0: 0x80000660 (0xb5024193) xori    gp, tp, -1200
core   0: 3 0x80000660 (0xb5024193) x 3 0xfffffb50
core   0: 0x80000664 (0x76456d17) auipc   s10, 0x76456
core   0: 3 0x80000664 (0x76456d17) x26 0xf6456664
core   0: 0x80000668 (0x006985b3) add     a1, s3, t1
core   0: 3 0x80000668 (0x006985b3) x11 0x00000081
core   0: 0x8000066c (0xb35b6993) ori     s3, s6, -1227
core   0: 3 0x8000066c (0xb35b6993) x19 0xfffffb35
core   0: 0x80000670 (0x407a50b3) sra     ra, s4, t2
core   0: 3 0x80000670 (0x407a50b3) x 1 0xfffffffc
core   0: 0x80000674 (0x41805e13) srai    t3, zero, 24
core   0: 3 0x80000674 (0x41805e13) x28 0x00000000
core   0: 0x80000678 (0x00000013) nop
core   0: 3 0x80000678 (0x00000013)
core   0: 0x8000067c (0x40055513) srai    a0, a0, 0
core   0: 3 0x8000067c (0x40055513) x10 0x9551c654
core   0: 0x80000680 (0xe928c093) xori    ra, a7, -366
core   0: 3 0x80000680 (0xe928c093) x 1 0xffffff92
core   0: 0x80000684 (0x024edc33) divu    s8, t4, tp
core   0: 3 0x80000684 (0x024edc33) x24 0xffffffff
core   0: 0x80000688 (0x5dc44413) xori    s0, s0, 1500
core   0: 3 0x80000688 (0x5dc44413) x 8 0xffffed14
core   0: 0x8000068c (0x022a74b3) remu    s1, s4, sp
core   0: 3 0x8000068c (0x022a74b3) x 9 0x80018ce4
core   0: 0x80000690 (0x01b25033) srl     zero, tp, s11
core   0: 3 0x80000690 (0x01b25033)
core   0: 0x80000694 (0xb329d337) lui     t1, 0xb329d
core   0: 3 0x80000694 (0xb329d337) x 6 0xb329d000
core   0: 0x80000698 (0x03930eb3) mul     t4, t1, s9
core   0: 3 0x80000698 (0x03930eb3) x29 0xb329d000
core   0: 0x8000069c (0x00c94f33) xor     t5, s2, a2
core   0: 3 0x8000069c (0x00c94f33) x30 0xfffffe2a
core   0: 0x800006a0 (0xcdcf7513) andi    a0, t5, -804
core   0: 3 0x800006a0 (0xcdcf7513) x10 0xfffffc08
core   0: 0x800006a4 (0x01b088b3) add     a7, ra, s11
core   0: 3 0x800006a4 (0x01b088b3) x17 0xffffff93
core   0: 0x800006a8 (0x022b4933) div     s2, s6, sp
core   0: 3 0x800006a8 (0x022b4933) x18 0xffffffff
core   0: 0x800006ac (0x415d5cb3) sra     s9, s10, s5
core   0: 3 0x800006ac (0x415d5cb3) x25 0xfffffffd
core   0: 0x800006b0 (0x4165de93) srai    t4, a1, 22
core   0: 3 0x800006b0 (0x4165de93) x29 0x00000000
core   0: 0x800006b4 (0x97934013) xori    zero, t1, -1671
core   0: 3 0x800006b4 (0x97934013)
core   0: 0x800006b8 (0x0052dab3) srl     s5, t0, t0
core   0: 3 0x800006b8 (0x0052dab3) x21 0x080014e6
core   0: 0x800006bc (0x03c22733) mulhsu  a4, tp, t3
core   0: 3 0x800006bc (0x03c22733) x14 0x00000000
core   0: 0x800006c0 (0x097de993) ori     s3, s11, 151
core   0: 3 0x800006c0 (0x097de993) x19 0x00000097
core   0: 0x800006c4 (0x37904613) xori    a2, zero, 889
core   0: 3 0x800006c4 (0x37904613) x12 0x00000379
core   0: 0x800006c8 (0xb4486d13) ori     s10, a6, -1212
core   0: 3 0x800006c8 (0xb4486d13) x26 0xffffffff
core   0: 0x800006cc (0x40edd7b3) sra     a5, s11, a4
core   0: 3 0x800006cc (0x40edd7b3) x15 0x00000001
core   0: 0x800006d0 (0x037225b3) mulhsu  a1, tp, s7
core   0: 3 0x800006d0 (0x037225b3) x11 0x00000000
core   0: 0x800006d4 (0x0247e1b3) rem     gp, a5, tp
core   0: 3 0x800006d4 (0x0247e1b3) x 3 0x00000001
core   0: 0x800006d8 (0x41c08e33) sub     t3, ra, t3
core   0: 3 0x800006d8 (0x41c08e33) x28 0xffffff92
core   0: 0x800006dc (0xc2f7bf93) sltiu   t6, a5, -977
core   0: 3 0x800006dc (0xc2f7bf93) x31 0x00000001
core   0: 0x800006e0 (0x0100a3b3) slt     t2, ra, a6
core   0: 3 0x800006e0 (0x0100a3b3) x 7 0x00000001
core   0: 0x800006e4 (0xf971c913) xori    s2, gp, -105
core   0: 3 0x800006e4 (0xf971c913) x18 0xffffff96
core   0: 0x800006e8 (0x41d058b3) sra     a7, zero, t4
core   0: 3 0x800006e8 (0x41d058b3) x17 0x00000000
core   0: 0x800006ec (0x40f0d633) sra     a2, ra, a5
core   0: 3 0x800006ec (0x40f0d633) x12 0xffffffc9
core   0: 0x800006f0 (0x038e6833) rem     a6, t3, s8
core   0: 3 0x800006f0 (0x038e6833) x16 0x00000000
core   0: 0x800006f4 (0x02e347b3) div     a5, t1, a4
core   0: 3 0x800006f4 (0x02e347b3) x15 0xffffffff
core   0: 0x800006f8 (0x0359c8b3) div     a7, s3, s5
core   0: 3 0x800006f8 (0x0359c8b3) x17 0x00000000
core   0: 0x800006fc (0x0066e4b3) or      s1, a3, t1
core   0: 3 0x800006fc (0x0066e4b3) x 9 0xbf39fa8e
core   0: 0x80000700 (0x03b1fab3) remu    s5, gp, s11
core   0: 3 0x80000700 (0x03b1fab3) x21 0x00000000
core   0: 0x80000704 (0xf9de90b7) lui     ra, 0xf9de9
core   0: 3 0x80000704 (0xf9de90b7) x 1 0xf9de9000
core   0: 0x80000708 (0x03f24bb3) div     s7, tp, t6
core   0: 3 0x80000708 (0x03f24bb3) x23 0x00000000
core   0: 0x8000070c (0x03232733) mulhsu  a4, t1, s2
core   0: 3 0x8000070c (0x03232733) x14 0xb329d01f
core   0: 0x80000710 (0x021e2433) mulhsu  s0, t3, ra
core   0: 3 0x80000710 (0x021e2433) x 8 0xffffff94
core   0: 0x80000714 (0x00fded33) or      s10, s11, a5
core   0: 3 0x80000714 (0x00fded33) x26 0xffffffff
core   0: 0x80000718 (0xe65f8193) addi    gp, t6, -411
core   0: 3 0x80000718 (0xe65f8193) x 3 0xfffffe66
core   0: 0x8000071c (0x26367c13) andi    s8, a2, 611
core   0: 3 0x8000071c (0x26367c13) x24 0x00000241
core   0: 0x80000720 (0x0206f7b3) remu    a5, a3, zero
core   0: 3 0x80000720 (0x0206f7b3) x15 0xbf197a8e
core   0: 0x80000724 (0x8fa36313) ori     t1, t1, -1798
core   0: 3 0x80000724 (0x8fa36313) x 6 0xfffff8fa
core   0: 0x80000728 (0x06af6c93) ori     s9, t5, 106
core   0: 3 0x80000728 (0x06af6c93) x25 0xfffffe6a
core   0: 0x8000072c (0x00751813) slli    a6, a0, 7
core   0: 3 0x8000072c (0x00751813) x16 0xfffe0400
core   0: 0x80000730 (0x8f1b8313) addi    t1, s7, -1807
core   0: 3 0x80000730 (0x8f1b8313) x 6 0xfffff8f1
core   0: 0x80000734 (0x3997e493) ori     s1, a5, 921
core   0: 3 0x80000734 (0x3997e493) x 9 0xbf197b9f
core   0: 0x80000738 (0x7535a213) slti    tp, a1, 1875
core   0: 3 0x80000738 (0x7535a213) x 4 0x00000001
core   0: 0x8000073c (0x21c53093) sltiu   ra, a0, 540
core   0: 3 0x8000073c (0x21c53093) x 1 0x00000000
core   0: 0x80000740 (0x41720e33) sub     t3, tp, s7
core   0: 3 0x80000740 (0x41720e33) x28 0x00000001
core   0: 0x80000744 (0x40a55b33) sra     s6, a0, a0
core   0: 3 0x80000744 (0x40a55b33) x22 0xfffffffc
core   0: 0x80000748 (0x016237b3) sltu    a5, tp, s6
core   0: 3 0x80000748 (0x016237b3) x15 0x00000001
core   0: 0x8000074c (0x41ad0233) sub     tp, s10, s10
core   0: 3 0x8000074c (0x41ad0233) x 4 0x00000000
core   0: 0x80000750 (0x00ac6433) or      s0, s8, a0
core   0: 3 0x80000750 (0x00ac6433) x 8 0xfffffe49
core   0: 0x80000754 (0x00e91733) sll     a4, s2, a4
core   0: 3 0x80000754 (0x00e91733) x14 0x00000000
core   0: 0x80000758 (0x0082ae33) slt     t3, t0, s0
core   0: 3 0x80000758 (0x0082ae33) x28 0x00000001
core   0: 0x8000075c (0x0387f7b3) remu    a5, a5, s8
core   0: 3 0x8000075c (0x0387f7b3) x15 0x00000001
core   0: 0x80000760 (0x97ebb413) sltiu   s0, s7, -1666
core   0: 3 0x80000760 (0x97ebb413) x 8 0x00000001
core   0: 0x80000764 (0x026a4233) div     tp, s4, t1
core   0: 3 0x80000764 (0x026a4233) x 4 0x00122210
core   0: 0x80000768 (0x014a7d33) and     s10, s4, s4
core   0: 3 0x80000768 (0x014a7d33) x26 0x80018ce4
core   0: 0x8000076c (0x03c26633) rem     a2, tp, t3
core   0: 3 0x8000076c (0x03c26633) x12 0x00000000
core   0: 0x80000770 (0x40528bb3) sub     s7, t0, t0
core   0: 3 0x80000770 (0x40528bb3) x23 0x00000000
core   0: 0x80000774 (0x013cdb33) srl     s6, s9, s3
core   0: 3 0x80000774 (0x013cdb33) x22 0x000001ff
core   0: 0x80000778 (0x03dab733) mulhu   a4, s5, t4
core   0: 3 0x80000778 (0x03dab733) x14 0x00000000
core   0: 0x8000077c (0x405bd533) sra     a0, s7, t0
core   0: 3 0x8000077c (0x405bd533) x10 0x00000000
core   0: 0x80000780 (0xaf540393) addi    t2, s0, -1291
core   0: 3 0x80000780 (0xaf540393) x 7 0xfffffaf6
core   0: 0x80000784 (0x02d9f3b3) remu    t2, s3, a3
core   0: 3 0x80000784 (0x02d9f3b3) x 7 0x00000097
core   0: 0x80000788 (0x03f94ab3) div     s5, s2, t6
core   0: 3 0x80000788 (0x03f94ab3) x21 0xffffff96
core   0: 0x8000078c (0x00000013) nop
core   0: 3 0x8000078c (0x00000013)
core   0: 0x80000790 (0x84e0d597) auipc   a1, 0x84e0d
core   0: 3 0x80000790 (0x84e0d597) x11 0x04e0d790
core   0: 0x80000794 (0x00ba6433) or      s0, s4, a1
core   0: 3 0x80000794 (0x00ba6433) x 8 0x84e1dff4
core   0: 0x80000798 (0x40a85093) srai    ra, a6, 10
core   0: 3 0x80000798 (0x40a85093) x 1 0xffffff81
core   0: 0x8000079c (0x0082df13) srli    t5, t0, 8
core   0: 3 0x8000079c (0x0082df13) x30 0x0080014e
core   0: 0x800007a0 (0x00259b33) sll     s6, a1, sp
core   0: 3 0x800007a0 (0x00259b33) x22 0x04e0d790
core   0: 0x800007a4 (0x02dddc33) divu    s8, s11, a3
core   0: 3 0x800007a4 (0x02dddc33) x24 0x00000000
core   0: 0x800007a8 (0x00000013) nop
core   0: 3 0x800007a8 (0x00000013)
core   0: 0x800007ac (0xa1550e97) auipc   t4, 0xa1550
core   0: 3 0x800007ac (0xa1550e97) x29 0x215507ac
core   0: 0x800007b0 (0x00000013) nop
core   0: 3 0x800007b0 (0x00000013)
core   0: 0x800007b4 (0x02e0de33) divu    t3, ra, a4
core   0: 3 0x800007b4 (0x02e0de33) x28 0xffffffff
core   0: 0x800007b8 (0x6a2ab493) sltiu   s1, s5, 1698
core   0: 3 0x800007b8 (0x6a2ab493) x 9 0x00000000
core   0: 0x800007bc (0x8cd5fc93) andi    s9, a1, -1843
core   0: 3 0x800007bc (0x8cd5fc93) x25 0x04e0d080
core   0: 0x800007c0 (0x00403233) snez    tp, tp
core   0: 3 0x800007c0 (0x00403233) x 4 0x00000001
core   0: 0x800007c4 (0x03d493b3) mulh    t2, s1, t4
core   0: 3 0x800007c4 (0x03d493b3) x 7 0x00000000
core   0: 0x800007c8 (0x03d8a1b3) mulhsu  gp, a7, t4
core   0: 3 0x800007c8 (0x03d8a1b3) x 3 0x00000000
core   0: 0x800007cc (0x02a16533) rem     a0, sp, a0
core   0: 3 0x800007cc (0x02a16533) x10 0x00000000
core   0: 0x800007d0 (0x013714b3) sll     s1, a4, s3
core   0: 3 0x800007d0 (0x013714b3) x 9 0x00000000
core   0: 0x800007d4 (0x00b5c9b3) xor     s3, a1, a1
core   0: 3 0x800007d4 (0x00b5c9b3) x19 0x00000000
core   0: 0x800007d8 (0x02ea70b3) remu    ra, s4, a4
core   0: 3 0x800007d8 (0x02ea70b3) x 1 0x80018ce4
core   0: 0x800007dc (0x0174aab3) slt     s5, s1, s7
core   0: 3 0x800007dc (0x0174aab3) x21 0x00000000
core   0: 0x800007e0 (0x031ed733) divu    a4, t4, a7
core   0: 3 0x800007e0 (0x031ed733) x14 0xffffffff
core   0: 0x800007e4 (0x03b268b3) rem     a7, tp, s11
core   0: 3 0x800007e4 (0x03b268b3) x17 0x00000000
core   0: 0x800007e8 (0x0339c4b3) div     s1, s3, s3
core   0: 3 0x800007e8 (0x0339c4b3) x 9 0xffffffff
core   0: 0x800007ec (0x026b13b3) mulh    t2, s6, t1
core   0: 3 0x800007ec (0x026b13b3) x 7 0xffffffdd
core   0: 0x800007f0 (0x92613c93) sltiu   s9, sp, -1754
core   0: 3 0x800007f0 (0x92613c93) x25 0x00000001
core   0: 0x800007f4 (0x6bed7417) auipc   s0, 0x6bed7
core   0: 3 0x800007f4 (0x6bed7417) x 8 0xebed77f4
core   0: 0x800007f8 (0x018c44b3) xor     s1, s8, s8
core   0: 3 0x800007f8 (0x018c44b3) x 9 0x00000000
core   0: 0x800007fc (0x0123a0b3) slt     ra, t2, s2
core   0: 3 0x800007fc (0x0123a0b3) x 1 0x00000000
core   0: 0x80000800 (0x0398cd33) div     s10, a7, s9
core   0: 3 0x80000800 (0x0398cd33) x26 0x00000000
core   0: 0x80000804 (0x413a54b3) sra     s1, s4, s3
core   0: 3 0x80000804 (0x413a54b3) x 9 0x80018ce4
core   0: 0x80000808 (0xf25bb593) sltiu   a1, s7, -219
core   0: 3 0x80000808 (0xf25bb593) x11 0x00000001
core   0: 0x8000080c (0x03826133) rem     sp, tp, s8
core   0: 3 0x8000080c (0x03826133) x 2 0x00000001
core   0: 0x80000810 (0xcdcc3093) sltiu   ra, s8, -804
core   0: 3 0x80000810 (0xcdcc3093) x 1 0x00000001
core   0: 0x80000814 (0x03c21533) mulh    a0, tp, t3
core   0: 3 0x80000814 (0x03c21533) x10 0xffffffff
core   0: 0x80000818 (0x0016eb33) or      s6, a3, ra
core   0: 3 0x80000818 (0x0016eb33) x22 0xbf197a8f
core   0: 0x8000081c (0x000ddf93) srli    t6, s11, 0
core   0: 3 0x8000081c (0x000ddf93) x31 0x00000001
core   0: 0x80000820 (0x003c35b3) sltu    a1, s8, gp
core   0: 3 0x80000820 (0x003c35b3) x11 0x00000000
core   0: 0x80000824 (0x00000013) nop
core   0: 3 0x80000824 (0x00000013)
core   0: 0x80000828 (0x00a87733) and     a4, a6, a0
core   0: 3 0x80000828 (0x00a87733) x14 0xfffe0400
core   0: 0x8000082c (0x02cd5bb3) divu    s7, s10, a2
core   0: 3 0x8000082c (0x02cd5bb3) x23 0xffffffff
core   0: 0x80000830 (0x12ddab93) slti    s7, s11, 301
core   0: 3 0x80000830 (0x12ddab93) x23 0x00000001
core   0: 0x80000834 (0xa9b2bb13) sltiu   s6, t0, -1381
core   0: 3 0x80000834 (0xa9b2bb13) x22 0x00000001
core   0: 0x80000838 (0x00451193) slli    gp, a0, 4
core   0: 3 0x80000838 (0x00451193) x 3 0xfffffff0
core   0: 0x8000083c (0x02ad6e33) rem     t3, s10, a0
core   0: 3 0x8000083c (0x02ad6e33) x28 0x00000000
core   0: 0x80000840 (0x036da533) mulhsu  a0, s11, s6
core   0: 3 0x80000840 (0x036da533) x10 0x00000000
core   0: 0x80000844 (0x01ebffb3) and     t6, s7, t5
core   0: 3 0x80000844 (0x01ebffb3) x31 0x00000000
core   0: 0x80000848 (0x019f7133) and     sp, t5, s9
core   0: 3 0x80000848 (0x019f7133) x 2 0x00000000
core   0: 0x8000084c (0x0087e033) or      zero, a5, s0
core   0: 3 0x8000084c (0x0087e033)
core   0: 0x80000850 (0x01163333) sltu    t1, a2, a7
core   0: 3 0x80000850 (0x01163333) x 6 0x00000000
core   0: 0x80000854 (0x03f49633) mulh    a2, s1, t6
core   0: 3 0x80000854 (0x03f49633) x12 0x00000000
core   0: 0x80000858 (0x0049bab3) sltu    s5, s3, tp
core   0: 3 0x80000858 (0x0049bab3) x21 0x00000001
core   0: 0x8000085c (0x01180933) add     s2, a6, a7
core   0: 3 0x8000085c (0x01180933) x18 0xfffe0400
core   0: 0x80000860 (0x41d8d213) srai    tp, a7, 29
core   0: 3 0x80000860 (0x41d8d213) x 4 0x00000000
core   0: 0x80000864 (0x02536d33) rem     s10, t1, t0
core   0: 3 0x80000864 (0x02536d33) x26 0x00000000
core   0: 0x80000868 (0xa0087097) auipc   ra, 0xa0087
core   0: 3 0x80000868 (0xa0087097) x 1 0x20087868
core   0: 0x8000086c (0x00a79933) sll     s2, a5, a0
core   0: 3 0x8000086c (0x00a79933) x18 0x00000001
core   0: 0x80000870 (0xbd19da97) auipc   s5, 0xbd19d
core   0: 3 0x80000870 (0xbd19da97) x21 0x3d19d870
core   0: 0x80000874 (0x02670e33) mul     t3, a4, t1
core   0: 3 0x80000874 (0x02670e33) x28 0x00000000
core   0: 0x80000878 (0x008f6ab3) or      s5, t5, s0
core   0: 3 0x80000878 (0x008f6ab3) x21 0xebed77fe
core   0: 0x8000087c (0x08878713) addi    a4, a5, 136
core   0: 3 0x8000087c (0x08878713) x14 0x00000089
core   0: 0x80000880 (0xdbd1a713) slti    a4, gp, -579
core   0: 3 0x80000880 (0xdbd1a713) x14 0x00000000
core   0: 0x80000884 (0xacaf4493) xori    s1, t5, -1334
core   0: 3 0x80000884 (0xacaf4493) x 9 0xff7ffb84
core   0: 0x80000888 (0x01b59633) sll     a2, a1, s11
core   0: 3 0x80000888 (0x01b59633) x12 0x00000000
core   0: 0x8000088c (0x001bb9b3) sltu    s3, s7, ra
core   0: 3 0x8000088c (0x001bb9b3) x19 0x00000001
core   0: 0x80000890 (0x01adec33) or      s8, s11, s10
core   0: 3 0x80000890 (0x01adec33) x24 0x00000001
core   0: 0x80000894 (0x0372f1b3) remu    gp, t0, s7
core   0: 3 0x80000894 (0x0372f1b3) x 3 0x00000000
core   0: 0x80000898 (0x01553c93) sltiu   s9, a0, 21
core   0: 3 0x80000898 (0x01553c93) x25 0x00000001
core   0: 0x8000089c (0x01d61713) slli    a4, a2, 29
core   0: 3 0x8000089c (0x01d61713) x14 0x00000000
core   0: 0x800008a0 (0x00525e33) srl     t3, tp, t0
core   0: 3 0x800008a0 (0x00525e33) x28 0x00000000
core   0: 0x800008a4 (0x03837ab3) remu    s5, t1, s8
core   0: 3 0x800008a4 (0x03837ab3) x21 0x00000000
core   0: 0x800008a8 (0x00b3d8b3) srl     a7, t2, a1
core   0: 3 0x800008a8 (0x00b3d8b3) x17 0xffffffdd
core   0: 0x800008ac (0x14caa493) slti    s1, s5, 332
core   0: 3 0x800008ac (0x14caa493) x 9 0x00000001
core   0: 0x800008b0 (0x023dc433) div     s0, s11, gp
core   0: 3 0x800008b0 (0x023dc433) x 8 0xffffffff
core   0: 0x800008b4 (0xd78aee93) ori     t4, s5, -648
core   0: 3 0x800008b4 (0xd78aee93) x29 0xfffffd78
core   0: 0x800008b8 (0x75c37e93) andi    t4, t1, 1884
core   0: 3 0x800008b8 (0x75c37e93) x29 0x00000000
core   0: 0x800008bc (0x022e5733) divu    a4, t3, sp
core   0: 3 0x800008bc (0x022e5733) x14 0xffffffff
core   0: 0x800008c0 (0x000385b3) add     a1, t2, zero
core   0: 3 0x800008c0 (0x000385b3) x11 0xffffffdd
core   0: 0x800008c4 (0x00239633) sll     a2, t2, sp
core   0: 3 0x800008c4 (0x00239633) x12 0xffffffdd
core   0: 0x800008c8 (0x9c23fb93) andi    s7, t2, -1598
core   0: 3 0x800008c8 (0x9c23fb93) x23 0xfffff9c0
core   0: 0x800008cc (0x00000013) nop
core   0: 3 0x800008cc (0x00000013)
core   0: 0x800008d0 (0x0038fb33) and     s6, a7, gp
core   0: 3 0x800008d0 (0x0038fb33) x22 0x00000000
core   0: 0x800008d4 (0xc477eb93) ori     s7, a5, -953
core   0: 3 0x800008d4 (0xc477eb93) x23 0xfffffc47
core   0: 0x800008d8 (0x00076ab3) or      s5, a4, zero
core   0: 3 0x800008d8 (0x00076ab3) x21 0xffffffff
core   0: 0x800008dc (0x26ed8397) auipc   t2, 0x26ed8
core   0: 3 0x800008dc (0x26ed8397) x 7 0xa6ed88dc
core   0: 0x800008e0 (0x02df57b3) divu    a5, t5, a3
core   0: 3 0x800008e0 (0x02df57b3) x15 0x00000000
core   0: 0x800008e4 (0x41038e33) sub     t3, t2, a6
core   0: 3 0x800008e4 (0x41038e33) x28 0xa6ef84dc
core   0: 0x800008e8 (0x0261bc33) mulhu   s8, gp, t1
core   0: 3 0x800008e8 (0x0261bc33) x24 0x00000000
core   0: 0x800008ec (0x402503b3) sub     t2, a0, sp
core   0: 3 0x800008ec (0x402503b3) x 7 0x00000000
core   0: 0x800008f0 (0x02b2b1b3) mulhu   gp, t0, a1
core   0: 3 0x800008f0 (0x02b2b1b3) x 3 0x80014e52
core   0: 0x800008f4 (0x03b7afb3) mulhsu  t6, a5, s11
core   0: 3 0x800008f4 (0x03b7afb3) x31 0x00000000
core   0: 0x800008f8 (0x2130ab13) slti    s6, ra, 531
core   0: 3 0x800008f8 (0x2130ab13) x22 0x00000000
core   0: 0x800008fc (0x03cdd1b3) divu    gp, s11, t3
core   0: 3 0x800008fc (0x03cdd1b3) x 3 0x00000000
core   0: 0x80000900 (0xe0af0c97) auipc   s9, 0xe0af0
core   0: 3 0x80000900 (0xe0af0c97) x25 0x60af0900
core   0: 0x80000904 (0x02258133) mul     sp, a1, sp
core   0: 3 0x80000904 (0x02258133) x 2 0x00000000
core   0: 0x80000908 (0x7f3a6993) ori     s3, s4, 2035
core   0: 3 0x80000908 (0x7f3a6993) x19 0x80018ff7
core   0: 0x8000090c (0x00b35613) srli    a2, t1, 11
core   0: 3 0x8000090c (0x00b35613) x12 0x00000000
core   0: 0x80000910 (0x87f93d93) sltiu   s11, s2, -1921
core   0: 3 0x80000910 (0x87f93d93) x27 0x00000001
core   0: 0x80000914 (0x00f39133) sll     sp, t2, a5
core   0: 3 0x80000914 (0x00f39133) x 2 0x00000000
core   0: 0x80000918 (0x01ec8233) add     tp, s9, t5
core   0: 3 0x80000918 (0x01ec8233) x 4 0x612f0a4e
core   0: 0x8000091c (0x4028db13) srai    s6, a7, 2
core   0: 3 0x8000091c (0x4028db13) x22 0xfffffff7
core   0: 0x80000920 (0x03774633) div     a2, a4, s7
core   0: 3 0x80000920 (0x03774633) x12 0x00000000
core   0: 0x80000924 (0x00d668b3) or      a7, a2, a3
core   0: 3 0x80000924 (0x00d668b3) x17 0xbf197a8e
core   0: 0x80000928 (0x01e7a133) slt     sp, a5, t5
core   0: 3 0x80000928 (0x01e7a133) x 2 0x00000001
core   0: 0x8000092c (0x01885113) srli    sp, a6, 24
core   0: 3 0x8000092c (0x01885113) x 2 0x000000ff
core   0: 0x80000930 (0x0336a233) mulhsu  tp, a3, s3
core   0: 3 0x80000930 (0x0336a233) x 4 0xdf8c57e1
core   0: 0x80000934 (0x01e59cb3) sll     s9, a1, t5
core   0: 3 0x80000934 (0x01e59cb3) x25 0xfff74000
core   0: 0x80000938 (0x7f32c593) xori    a1, t0, 2035
core   0: 3 0x80000938 (0x7f32c593) x11 0x80014997
core   0: 0x8000093c (0x012f1093) slli    ra, t5, 18
core   0: 3 0x8000093c (0x012f1093) x 1 0x05380000
core   0: 0x80000940 (0x03ecb7b3) mulhu   a5, s9, t5
core   0: 3 0x80000940 (0x03ecb7b3) x15 0x007ffced
core   0: 0x80000944 (0x0393cdb3) div     s11, t2, s9
core   0: 3 0x80000944 (0x0393cdb3) x27 0x00000000
core   0: 0x80000948 (0x41a7d933) sra     s2, a5, s10
core   0: 3 0x80000948 (0x41a7d933) x18 0x007ffced
core   0: 0x8000094c (0xbca64417) auipc   s0, 0xbca64
core   0: 3 0x8000094c (0xbca64417) x 8 0x3ca6494c
core   0: 0x80000950 (0xf2cb3213) sltiu   tp, s6, -212
core   0: 3 0x80000950 (0xf2cb3213) x 4 0x00000000
core   0: 0x80000954 (0x00f96333) or      t1, s2, a5
core   0: 3 0x80000954 (0x00f96333) x 6 0x007ffced
core   0: 0x80000958 (0x034c3733) mulhu   a4, s8, s4
core   0: 3 0x80000958 (0x034c3733) x14 0x00000000
core   0: 0x8000095c (0x00e41a93) slli    s5, s0, 14
core   0: 3 0x8000095c (0x00e41a93) x21 0x92530000
core   0: 0x80000960 (0x003b07b3) add     a5, s6, gp
core   0: 3 0x80000960 (0x003b07b3) x15 0xfffffff7
core   0: 0x80000964 (0x02449f33) mulh    t5, s1, tp
core   0: 3 0x80000964 (0x02449f33) x30 0x00000000
core   0: 0x80000968 (0xddf4c813) xori    a6, s1, -545
core   0: 3 0x80000968 (0xddf4c813) x16 0xfffffdde
core   0: 0x8000096c (0x001ded33) or      s10, s11, ra
core   0: 3 0x8000096c (0x001ded33) x26 0x05380000
core   0: 0x80000970 (0x41f5dcb3) sra     s9, a1, t6
core   0: 3 0x80000970 (0x41f5dcb3) x25 0x80014997
core   0: 0x80000974 (0x03fa1c33) mulh    s8, s4, t6
core   0: 3 0x80000974 (0x03fa1c33) x24 0x00000000
core   0: 0x80000978 (0xdd60ff97) auipc   t6, 0xdd60f
core   0: 3 0x80000978 (0xdd60ff97) x31 0x5d60f978
core   0: 0x8000097c (0xb6f3ce93) xori    t4, t2, -1169
core   0: 3 0x8000097c (0xb6f3ce93) x29 0xfffffb6f
core   0: 0x80000980 (0x01d058b3) srl     a7, zero, t4
core   0: 3 0x80000980 (0x01d058b3) x17 0x00000000
core   0: 0x80000984 (0x00d89d33) sll     s10, a7, a3
core   0: 3 0x80000984 (0x00d89d33) x26 0x00000000
core   0: 0x80000988 (0x03119ab3) mulh    s5, gp, a7
core   0: 3 0x80000988 (0x03119ab3) x21 0x00000000
core   0: 0x8000098c (0x0114cd33) xor     s10, s1, a7
core   0: 3 0x8000098c (0x0114cd33) x26 0x00000001
core   0: 0x80000990 (0x41645233) sra     tp, s0, s6
core   0: 3 0x80000990 (0x41645233) x 4 0x00000079
core   0: 0x80000994 (0xd876e397) auipc   t2, 0xd876e
core   0: 3 0x80000994 (0xd876e397) x 7 0x5876e994
core   0: 0x80000998 (0x671dce17) auipc   t3, 0x671dc
core   0: 3 0x80000998 (0x671dce17) x28 0xe71dc998
core   0: 0x8000099c (0x41cd5ab3) sra     s5, s10, t3
core   0: 3 0x8000099c (0x41cd5ab3) x21 0x00000000
core   0: 0x800009a0 (0x00269433) sll     s0, a3, sp
core   0: 3 0x800009a0 (0x00269433) x 8 0x00000000
core   0: 0x800009a4 (0x00000013) nop
core   0: 3 0x800009a4 (0x00000013)
core   0: 0x800009a8 (0x0267fab3) remu    s5, a5, t1
core   0: 3 0x800009a8 (0x0267fab3) x21 0x000625f7
core   0: 0x800009ac (0x015c9c33) sll     s8, s9, s5
core   0: 3 0x800009ac (0x015c9c33) x24 0xcb800000
core   0: 0x800009b0 (0x01f8dc13) srli    s8, a7, 31
core   0: 3 0x800009b0 (0x01f8dc13) x24 0x00000000
core   0: 0x800009b4 (0x03214ab3) div     s5, sp, s2
core   0: 3 0x800009b4 (0x03214ab3) x21 0x00000000
core   0: 0x800009b8 (0x436d2897) auipc   a7, 0x436d2
core   0: 3 0x800009b8 (0x436d2897) x17 0xc36d29b8
core   0: 0x800009bc (0x3bce4893) xori    a7, t3, 956
core   0: 3 0x800009bc (0x3bce4893) x17 0xe71dca24
core   0: 0x800009c0 (0x03037333) remu    t1, t1, a6
core   0: 3 0x800009c0 (0x03037333) x 6 0x007ffced
core   0: 0x800009c4 (0x0147a033) slt     zero, a5, s4
core   0: 3 0x800009c4 (0x0147a033)
core   0: 0x800009c8 (0x4059dc33) sra     s8, s3, t0
core   0: 3 0x800009c8 (0x4059dc33) x24 0xf80018ff
core   0: 0x800009cc (0x00de51b3) srl     gp, t3, a3
core   0: 3 0x800009cc (0x00de51b3) x 3 0x00039c77
core   0: 0x800009d0 (0xa3be2937) lui     s2, 0xa3be2
core   0: 3 0x800009d0 (0xa3be2937) x18 0xa3be2000
core   0: 0x800009d4 (0x01c6f3b3) and     t2, a3, t3
core   0: 3 0x800009d4 (0x01c6f3b3) x 7 0xa7194888
core   0: 0x800009d8 (0x01627b33) and     s6, tp, s6
core   0: 3 0x800009d8 (0x01627b33) x22 0x00000071
core   0: 0x800009dc (0x002cccb3) xor     s9, s9, sp
core   0: 3 0x800009dc (0x002cccb3) x25 0x80014968
core   0: 0x800009e0 (0x022d3633) mulhu   a2, s10, sp
core   0: 3 0x800009e0 (0x022d3633) x12 0x00000000
core   0: 0x800009e4 (0x030cf9b3) remu    s3, s9, a6
core   0: 3 0x800009e4 (0x030cf9b3) x19 0x80014968
core   0: 0x800009e8 (0x0340f433) remu    s0, ra, s4
core   0: 3 0x800009e8 (0x0340f433) x 8 0x05380000
core   0: 0x800009ec (0x41bf0b33) sub     s6, t5, s11
core   0: 3 0x800009ec (0x41bf0b33) x22 0x00000000
core   0: 0x800009f0 (0x00ee9d93) slli    s11, t4, 14
core   0: 3 0x800009f0 (0x00ee9d93) x27 0xfedbc000
core   0: 0x800009f4 (0x02b869b3) rem     s3, a6, a1
core   0: 3 0x800009f4 (0x02b869b3) x19 0xfffffdde
core   0: 0x800009f8 (0x41ffde13) srai    t3, t6, 31
core   0: 3 0x800009f8 (0x41ffde13) x28 0x00000000
core   0: 0x800009fc (0x003c6e33) or      t3, s8, gp
core   0: 3 0x800009fc (0x003c6e33) x28 0xf8039cff
core   0: 0x80000a00 (0xa431e593) ori     a1, gp, -1469
core   0: 3 0x80000a00 (0xa431e593) x11 0xfffffe77
core   0: 0x80000a04 (0x00c614b3) sll     s1, a2, a2
core   0: 3 0x80000a04 (0x00c614b3) x 9 0x00000000
core   0: 0x80000a08 (0x69088213) addi    tp, a7, 1680
core   0: 3 0x80000a08 (0x69088213) x 4 0xe71dd0b4
core   0: 0x80000a0c (0x0125acb3) slt     s9, a1, s2
core   0: 3 0x80000a0c (0x0125acb3) x25 0x00000000
core   0: 0x80000a10 (0x7ef795b7) lui     a1, 0x7ef79
core   0: 3 0x80000a10 (0x7ef795b7) x11 0x7ef79000
core   0: 0x80000a14 (0x41d75cb3) sra     s9, a4, t4
core   0: 3 0x80000a14 (0x41d75cb3) x25 0x00000000
core   0: 0x80000a18 (0x03d59833) mulh    a6, a1, t4
core   0: 3 0x80000a18 (0x03d59833) x16 0xfffffdbc
core   0: 0x80000a1c (0x1c00fab7) lui     s5, 0x1c00f
core   0: 3 0x80000a1c (0x1c00fab7) x21 0x1c00f000
core   0: 0x80000a20 (0x0084aab3) slt     s5, s1, s0
core   0: 3 0x80000a20 (0x0084aab3) x21 0x00000001
core   0: 0x80000a24 (0x00e3c933) xor     s2, t2, a4
core   0: 3 0x80000a24 (0x00e3c933) x18 0xa7194888
core   0: 0x80000a28 (0x3f620017) auipc   zero, 0x3f620
core   0: 3 0x80000a28 (0x3f620017)
core   0: 0x80000a2c (0xbc95ec97) auipc   s9, 0xbc95e
core   0: 3 0x80000a2c (0xbc95ec97) x25 0x3c95ea2c
core   0: 0x80000a30 (0xb698be93) sltiu   t4, a7, -1175
core   0: 3 0x80000a30 (0xb698be93) x29 0x00000001
core   0: 0x80000a34 (0x027b7933) remu    s2, s6, t2
core   0: 3 0x80000a34 (0x027b7933) x18 0x00000000
core   0: 0x80000a38 (0xcaa22793) slti    a5, tp, -854
core   0: 3 0x80000a38 (0xcaa22793) x15 0x00000001
core   0: 0x80000a3c (0xa5436393) ori     t2, t1, -1452
core   0: 3 0x80000a3c (0xa5436393) x 7 0xfffffefd
core   0: 0x80000a40 (0x005d4e33) xor     t3, s10, t0
core   0: 3 0x80000a40 (0x005d4e33) x28 0x80014e65
core   0: 0x80000a44 (0x0344cbb3) div     s7, s1, s4
core   0: 3 0x80000a44 (0x0344cbb3) x23 0x00000000
core   0: 0x80000a48 (0x0096dc93) srli    s9, a3, 9
core   0: 3 0x80000a48 (0x0096dc93) x25 0x005f8cbd
core   0: 0x80000a4c (0x13036197) auipc   gp, 0x13036
core   0: 3 0x80000a4c (0x13036197) x 3 0x93036a4c
core   0: 0x80000a50 (0x02474633) div     a2, a4, tp
core   0: 3 0x80000a50 (0x02474633) x12 0x00000000
core   0: 0x80000a54 (0x0366c433) div     s0, a3, s6
core   0: 3 0x80000a54 (0x0366c433) x 8 0xffffffff
core   0: 0x80000a58 (0x00b2a733) slt     a4, t0, a1
core   0: 3 0x80000a58 (0x00b2a733) x14 0x00000001
core   0: 0x80000a5c (0x0377ccb3) div     s9, a5, s7
core   0: 3 0x80000a5c (0x0377ccb3) x25 0xffffffff
core   0: 0x80000a60 (0x03d81b33) mulh    s6, a6, t4
core   0: 3 0x80000a60 (0x03d81b33) x22 0xffffffff
core   0: 0x80000a64 (0xf849ca93) xori    s5, s3, -124
core   0: 3 0x80000a64 (0xf849ca93) x21 0x0000025a
core   0: 0x80000a68 (0x009e5413) srli    s0, t3, 9
core   0: 3 0x80000a68 (0x009e5413) x 8 0x004000a7
core   0: 0x80000a6c (0x0033b133) sltu    sp, t2, gp
core   0: 3 0x80000a6c (0x0033b133) x 2 0x00000000
core   0: 0x80000a70 (0x01589133) sll     sp, a7, s5
core   0: 3 0x80000a70 (0x01589133) x 2 0x90000000
core   0: 0x80000a74 (0x02502c33) mulhsu  s8, zero, t0
core   0: 3 0x80000a74 (0x02502c33) x24 0x00000000
core   0: 0x80000a78 (0x02e23833) mulhu   a6, tp, a4
core   0: 3 0x80000a78 (0x02e23833) x16 0x00000000
core   0: 0x80000a7c (0x03faa533) mulhsu  a0, s5, t6
core   0: 3 0x80000a7c (0x03faa533) x10 0x000000db
core   0: 0x80000a80 (0x021445b3) div     a1, s0, ra
core   0: 3 0x80000a80 (0x021445b3) x11 0x00000000
core   0: 0x80000a84 (0x418c5c93) srai    s9, s8, 24
core   0: 3 0x80000a84 (0x418c5c93) x25 0x00000000
core   0: 0x80000a88 (0x2f3c0793) addi    a5, s8, 755
core   0: 3 0x80000a88 (0x2f3c0793) x15 0x000002f3
core   0: 0x80000a8c (0x013fedb3) or      s11, t6, s3
core   0: 3 0x80000a8c (0x013fedb3) x27 0xfffffdfe
core   0: 0x80000a90 (0x032bab33) mulhsu  s6, s7, s2
core   0: 3 0x80000a90 (0x032bab33) x22 0x00000000
core   0: 0x80000a94 (0x014c7c33) and     s8, s8, s4
core   0: 3 0x80000a94 (0x014c7c33) x24 0x00000000
core   0: 0x80000a98 (0x40035193) srai    gp, t1, 0
core   0: 3 0x80000a98 (0x40035193) x 3 0x007ffced
core   0: 0x80000a9c (0x01617533) and     a0, sp, s6
core   0: 3 0x80000a9c (0x01617533) x10 0x00000000
core   0: 0x80000aa0 (0x40355f93) srai    t6, a0, 3
core   0: 3 0x80000aa0 (0x40355f93) x31 0x00000000
core   0: 0x80000aa4 (0x024107b3) mul     a5, sp, tp
core   0: 3 0x80000aa4 (0x024107b3) x15 0x40000000
core   0: 0x80000aa8 (0x022224b3) mulhsu  s1, tp, sp
core   0: 3 0x80000aa8 (0x022224b3) x 9 0xf200c565
core   0: 0x80000aac (0xfdb5c413) xori    s0, a1, -37
core   0: 3 0x80000aac (0xfdb5c413) x 8 0xffffffdb
core   0: 0x80000ab0 (0x415cd793) srai    a5, s9, 21
core   0: 3 0x80000ab0 (0x415cd793) x15 0x00000000
core   0: 0x80000ab4 (0x00778b33) add     s6, a5, t2
core   0: 3 0x80000ab4 (0x00778b33) x22 0xfffffefd
core   0: 0x80000ab8 (0x01cbe133) or      sp, s7, t3
core   0: 3 0x80000ab8 (0x01cbe133) x 2 0x80014e65
core   0: 0x80000abc (0x0355ee33) rem     t3, a1, s5
core   0: 3 0x80000abc (0x0355ee33) x28 0x00000000
core   0: 0x80000ac0 (0x03e7cab3) div     s5, a5, t5
core   0: 3 0x80000ac0 (0x03e7cab3) x21 0xffffffff
core   0: 0x80000ac4 (0x40d05213) srai    tp, zero, 13
core   0: 3 0x80000ac4 (0x40d05213) x 4 0x00000000
core   0: 0x80000ac8 (0x67a29737) lui     a4, 0x67a29
core   0: 3 0x80000ac8 (0x67a29737) x14 0x67a29000
core   0: 0x80000acc (0x032b0ab3) mul     s5, s6, s2
core   0: 3 0x80000acc (0x032b0ab3) x21 0x00000000
core   0: 0x80000ad0 (0x03c74633) div     a2, a4, t3
core   0: 3 0x80000ad0 (0x03c74633) x12 0xffffffff
core   0: 0x80000ad4 (0x032c8bb3) mul     s7, s9, s2
core   0: 3 0x80000ad4 (0x032c8bb3) x23 0x00000000
core   0: 0x80000ad8 (0x0308a3b3) mulhsu  t2, a7, a6
core   0: 3 0x80000ad8 (0x0308a3b3) x 7 0x00000000
core   0: 0x80000adc (0xf3f8a517) auipc   a0, 0xf3f8a
core   0: 3 0x80000adc (0xf3f8a517) x10 0x73f8aadc
core   0: 0x80000ae0 (0x033e3f33) mulhu   t5, t3, s3
core   0: 3 0x80000ae0 (0x033e3f33) x30 0x00000000
core   0: 0x80000ae4 (0x00c5d3b3) srl     t2, a1, a2
core   0: 3 0x80000ae4 (0x00c5d3b3) x 7 0x00000000
core   0: 0x80000ae8 (0x002954b3) srl     s1, s2, sp
core   0: 3 0x80000ae8 (0x002954b3) x 9 0x00000000
core   0: 0x80000aec (0x795feb93) ori     s7, t6, 1941
core   0: 3 0x80000aec (0x795feb93) x23 0x00000795
core   0: 0x80000af0 (0x01c17933) and     s2, sp, t3
core   0: 3 0x80000af0 (0x01c17933) x18 0x00000000
core   0: 0x80000af4 (0x01b4e233) or      tp, s1, s11
core   0: 3 0x80000af4 (0x01b4e233) x 4 0xfffffdfe
core   0: 0x80000af8 (0x0360bab3) mulhu   s5, ra, s6
core   0: 3 0x80000af8 (0x0360bab3) x21 0x0537fffa
core   0: 0x80000afc (0x029e6d33) rem     s10, t3, s1
core   0: 3 0x80000afc (0x029e6d33) x26 0x00000000
core   0: 0x80000b00 (0x00eaeab3) or      s5, s5, a4
core   0: 3 0x80000b00 (0x00eaeab3) x21 0x67b7fffa
core   0: 0x80000b04 (0x004205b3) add     a1, tp, tp
core   0: 3 0x80000b04 (0x004205b3) x11 0xfffffbfc
core   0: 0x80000b08 (0x7f0cee93) ori     t4, s9, 2032
core   0: 3 0x80000b08 (0x7f0cee93) x29 0x000007f0
core   0: 0x80000b0c (0xd6c17797) auipc   a5, 0xd6c17
core   0: 3 0x80000b0c (0xd6c17797) x15 0x56c17b0c
core   0: 0x80000b10 (0xc808b517) auipc   a0, 0xc808b
core   0: 3 0x80000b10 (0xc808b517) x10 0x4808bb10
core   0: 0x80000b14 (0x00e2f3b3) and     t2, t0, a4
core   0: 3 0x80000b14 (0x00e2f3b3) x 7 0x00000000
core   0: 0x80000b18 (0xa4934313) xori    t1, t1, -1463
core   0: 3 0x80000b18 (0xa4934313) x 6 0xff8006a4
core   0: 0x80000b1c (0x0224e8b3) rem     a7, s1, sp
core   0: 3 0x80000b1c (0x0224e8b3) x17 0x00000000
core   0: 0x80000b20 (0x02d6fb33) remu    s6, a3, a3
core   0: 3 0x80000b20 (0x02d6fb33) x22 0x00000000
core   0: 0x80000b24 (0xd9d1f093) andi    ra, gp, -611
core   0: 3 0x80000b24 (0xd9d1f093) x 1 0x007ffc8d
core   0: 0x80000b28 (0x5d5e6d93) ori     s11, t3, 1493
core   0: 3 0x80000b28 (0x5d5e6d93) x27 0x000005d5
core   0: 0x80000b2c (0x01216b33) or      s6, sp, s2
core   0: 3 0x80000b2c (0x01216b33) x22 0x80014e65
core   0: 0x80000b30 (0x01e7c133) xor     sp, a5, t5
core   0: 3 0x80000b30 (0x01e7c133) x 2 0x56c17b0c
core   0: 0x80000b34 (0x035d7233) remu    tp, s10, s5
core   0: 3 0x80000b34 (0x035d7233) x 4 0x00000000
core   0: 0x80000b38 (0x415f8b33) sub     s6, t6, s5
core   0: 3 0x80000b38 (0x415f8b33) x22 0x98480006
core   0: 0x80000b3c (0x01f3d033) srl     zero, t2, t6
core   0: 3 0x80000b3c (0x01f3d033)
core   0: 0x80000b40 (0x12492637) lui     a2, 0x12492
core   0: 3 0x80000b40 (0x12492637) x12 0x12492000
core   0: 0x80000b44 (0x005743b3) xor     t2, a4, t0
core   0: 3 0x80000b44 (0x005743b3) x 7 0xe7a3de64
core   0: 0x80000b48 (0xec700013) li      zero, -313
core   0: 3 0x80000b48 (0xec700013)
core   0: 0x80000b4c (0x00b21333) sll     t1, tp, a1
core   0: 3 0x80000b4c (0x00b21333) x 6 0x00000000
core   0: 0x80000b50 (0x038fdbb3) divu    s7, t6, s8
core   0: 3 0x80000b50 (0x038fdbb3) x23 0xffffffff
core   0: 0x80000b54 (0xec3be093) ori     ra, s7, -317
core   0: 3 0x80000b54 (0xec3be093) x 1 0xffffffff
core   0: 0x80000b58 (0x00000013) nop
core   0: 3 0x80000b58 (0x00000013)
core   0: 0x80000b5c (0x026b57b3) divu    a5, s6, t1
core   0: 3 0x80000b5c (0x026b57b3) x15 0xffffffff
core   0: 0x80000b60 (0x410a5013) srai    zero, s4, 16
core   0: 3 0x80000b60 (0x410a5013)
core   0: 0x80000b64 (0x5be16613) ori     a2, sp, 1470
core   0: 3 0x80000b64 (0x5be16613) x12 0x56c17fbe
core   0: 0x80000b68 (0x01bc3633) sltu    a2, s8, s11
core   0: 3 0x80000b68 (0x01bc3633) x12 0x00000001
core   0: 0x80000b6c (0xa629e593) ori     a1, s3, -1438
core   0: 3 0x80000b6c (0xa629e593) x11 0xfffffffe
core   0: 0x80000b70 (0x5d94a313) slti    t1, s1, 1497
core   0: 3 0x80000b70 (0x5d94a313) x 6 0x00000001
core   0: 0x80000b74 (0x036ddbb3) divu    s7, s11, s6
core   0: 3 0x80000b74 (0x036ddbb3) x23 0x00000000
core   0: 0x80000b78 (0x41645f13) srai    t5, s0, 22
core   0: 3 0x80000b78 (0x41645f13) x30 0xffffffff
core   0: 0x80000b7c (0x02691eb3) mulh    t4, s2, t1
core   0: 3 0x80000b7c (0x02691eb3) x29 0x00000000
core   0: 0x80000b80 (0xd01ce517) auipc   a0, 0xd01ce
core   0: 3 0x80000b80 (0xd01ce517) x10 0x501ceb80
core   0: 0x80000b84 (0x03b13c33) mulhu   s8, sp, s11
core   0: 3 0x80000b84 (0x03b13c33) x24 0x000001f9
core   0: 0x80000b88 (0x0096d313) srli    t1, a3, 9
core   0: 3 0x80000b88 (0x0096d313) x 6 0x005f8cbd
core   0: 0x80000b8c (0x00366633) or      a2, a2, gp
core   0: 3 0x80000b8c (0x00366633) x12 0x007ffced
core   0: 0x80000b90 (0x02c357b3) divu    a5, t1, a2
core   0: 3 0x80000b90 (0x02c357b3) x15 0x00000000
core   0: 0x80000b94 (0x030ca333) mulhsu  t1, s9, a6
core   0: 3 0x80000b94 (0x030ca333) x 6 0x00000000
core   0: 0x80000b98 (0x5cc5d997) auipc   s3, 0x5cc5d
core   0: 3 0x80000b98 (0x5cc5d997) x19 0xdcc5db98
core   0: 0x80000b9c (0x00a739b3) sltu    s3, a4, a0
core   0: 3 0x80000b9c (0x00a739b3) x19 0x00000000
core   0: 0x80000ba0 (0x00e3c3b3) xor     t2, t2, a4
core   0: 3 0x80000ba0 (0x00e3c3b3) x 7 0x80014e64
core   0: 0x80000ba4 (0x01a994b3) sll     s1, s3, s10
core   0: 3 0x80000ba4 (0x01a994b3) x 9 0x00000000
core   0: 0x80000ba8 (0x012235b3) sltu    a1, tp, s2
core   0: 3 0x80000ba8 (0x012235b3) x11 0x00000000
core   0: 0x80000bac (0x00935833) srl     a6, t1, s1
core   0: 3 0x80000bac (0x00935833) x16 0x00000000
core   0: 0x80000bb0 (0x0224d0b3) divu    ra, s1, sp
core   0: 3 0x80000bb0 (0x0224d0b3) x 1 0x00000000
core   0: 0x80000bb4 (0x01ca9813) slli    a6, s5, 28
core   0: 3 0x80000bb4 (0x01ca9813) x16 0xa0000000
core   0: 0x80000bb8 (0x030fdb33) divu    s6, t6, a6
core   0: 3 0x80000bb8 (0x030fdb33) x22 0x00000000
core   0: 0x80000bbc (0x025fc433) div     s0, t6, t0
core   0: 3 0x80000bbc (0x025fc433) x 8 0x00000000
core   0: 0x80000bc0 (0x02179f33) mulh    t5, a5, ra
core   0: 3 0x80000bc0 (0x02179f33) x30 0x00000000
core   0: 0x80000bc4 (0x41338cb3) sub     s9, t2, s3
core   0: 3 0x80000bc4 (0x41338cb3) x25 0x80014e64
core   0: 0x80000bc8 (0x00091313) slli    t1, s2, 0
core   0: 3 0x80000bc8 (0x00091313) x 6 0x00000000
core   0: 0x80000bcc (0x036b1233) mulh    tp, s6, s6
core   0: 3 0x80000bcc (0x036b1233) x 4 0x00000000
core   0: 0x80000bd0 (0x32e42393) slti    t2, s0, 814
core   0: 3 0x80000bd0 (0x32e42393) x 7 0x00000001
core   0: 0x80000bd4 (0x41988933) sub     s2, a7, s9
core   0: 3 0x80000bd4 (0x41988933) x18 0x7ffeb19c
core   0: 0x80000bd8 (0x00715633) srl     a2, sp, t2
core   0: 3 0x80000bd8 (0x00715633) x12 0x2b60bd86
core   0: 0x80000bdc (0x0118dd33) srl     s10, a7, a7
core   0: 3 0x80000bdc (0x0118dd33) x26 0x00000000
core   0: 0x80000be0 (0x0280d133) divu    sp, ra, s0
core   0: 3 0x80000be0 (0x0280d133) x 2 0xffffffff
core   0: 0x80000be4 (0x40cbd913) srai    s2, s7, 12
core   0: 3 0x80000be4 (0x40cbd913) x18 0x00000000
core   0: 0x80000be8 (0x007d1fb3) sll     t6, s10, t2
core   0: 3 0x80000be8 (0x007d1fb3) x31 0x00000000
core   0: 0x80000bec (0x012201b3) add     gp, tp, s2
core   0: 3 0x80000bec (0x012201b3) x 3 0x00000000
core   0: 0x80000bf0 (0x01b55033) srl     zero, a0, s11
core   0: 3 0x80000bf0 (0x01b55033)
core   0: 0x80000bf4 (0x01561113) slli    sp, a2, 21
core   0: 3 0x80000bf4 (0x01561113) x 2 0xb0c00000
core   0: 0x80000bf8 (0x00a43133) sltu    sp, s0, a0
core   0: 3 0x80000bf8 (0x00a43133) x 2 0x00000001
core   0: 0x80000bfc (0x0330f933) remu    s2, ra, s3
core   0: 3 0x80000bfc (0x0330f933) x18 0x00000000
core   0: 0x80000c00 (0x410cd113) srai    sp, s9, 16
core   0: 3 0x80000c00 (0x410cd113) x 2 0xffff8001
core   0: 0x80000c04 (0x00c77333) and     t1, a4, a2
core   0: 3 0x80000c04 (0x00c77333) x 6 0x23209000
core   0: 0x80000c08 (0x5dfa3013) sltiu   zero, s4, 1503
core   0: 3 0x80000c08 (0x5dfa3013)
core   0: 0x80000c0c (0x02ccfcb3) remu    s9, s9, a2
core   0: 3 0x80000c0c (0x02ccfcb3) x25 0x293fd358
core   0: 0x80000c10 (0x003604b3) add     s1, a2, gp
core   0: 3 0x80000c10 (0x003604b3) x 9 0x2b60bd86
core   0: 0x80000c14 (0x6c6a3113) sltiu   sp, s4, 1734
core   0: 3 0x80000c14 (0x6c6a3113) x 2 0x00000000
core   0: 0x80000c18 (0x003ed1b3) srl     gp, t4, gp
core   0: 3 0x80000c18 (0x003ed1b3) x 3 0x00000000
core   0: 0x80000c1c (0x573c7137) lui     sp, 0x573c7
core   0: 3 0x80000c1c (0x573c7137) x 2 0x573c7000
core   0: 0x80000c20 (0xb9b37b13) andi    s6, t1, -1125
core   0: 3 0x80000c20 (0xb9b37b13) x22 0x23209000
core   0: 0x80000c24 (0xf5d1b993) sltiu   s3, gp, -163
core   0: 3 0x80000c24 (0xf5d1b993) x19 0x00000001
core   0: 0x80000c28 (0x01c9dc13) srli    s8, s3, 28
core   0: 3 0x80000c28 (0x01c9dc13) x24 0x00000000
core   0: 0x80000c2c (0x40ae5cb3) sra     s9, t3, a0
core   0: 3 0x80000c2c (0x40ae5cb3) x25 0x00000000
core   0: 0x80000c30 (0x41478eb3) sub     t4, a5, s4
core   0: 3 0x80000c30 (0x41478eb3) x29 0x7ffe731c
core   0: 0x80000c34 (0x003ba533) slt     a0, s7, gp
core   0: 3 0x80000c34 (0x003ba533) x10 0x00000000
core   0: 0x80000c38 (0x021ce5b3) rem     a1, s9, ra
core   0: 3 0x80000c38 (0x021ce5b3) x11 0x00000000
core   0: 0x80000c3c (0x00000013) nop
core   0: 3 0x80000c3c (0x00000013)
core   0: 0x80000c40 (0x032650b3) divu    ra, a2, s2
core   0: 3 0x80000c40 (0x032650b3) x 1 0xffffffff
core   0: 0x80000c44 (0x00d22633) slt     a2, tp, a3
core   0: 3 0x80000c44 (0x00d22633) x12 0x00000000
core   0: 0x80000c48 (0x02d00533) mul     a0, zero, a3
core   0: 3 0x80000c48 (0x02d00533) x10 0x00000000
core   0: 0x80000c4c (0x00481313) slli    t1, a6, 4
core   0: 3 0x80000c4c (0x00481313) x 6 0x00000000
core   0: 0x80000c50 (0x025f8533) mul     a0, t6, t0
core   0: 3 0x80000c50 (0x025f8533) x10 0x00000000
core   0: 0x80000c54 (0x40e9d593) srai    a1, s3, 14
core   0: 3 0x80000c54 (0x40e9d593) x11 0x00000000
core   0: 0x80000c58 (0x02f26f33) rem     t5, tp, a5
core   0: 3 0x80000c58 (0x02f26f33) x30 0x00000000
core   0: 0x80000c5c (0x031c0233) mul     tp, s8, a7
core   0: 3 0x80000c5c (0x031c0233) x 4 0x00000000
core   0: 0x80000c60 (0x023149b3) div     s3, sp, gp
core   0: 3 0x80000c60 (0x023149b3) x19 0xffffffff
core   0: 0x80000c64 (0x007c69b3) or      s3, s8, t2
core   0: 3 0x80000c64 (0x007c69b3) x19 0x00000001
core   0: 0x80000c68 (0x916caf13) slti    t5, s9, -1770
core   0: 3 0x80000c68 (0x916caf13) x30 0x00000000
core   0: 0x80000c6c (0x0026f933) and     s2, a3, sp
core   0: 3 0x80000c6c (0x0026f933) x18 0x17187000
core   0: 0x80000c70 (0x006d2133) slt     sp, s10, t1
core   0: 3 0x80000c70 (0x006d2133) x 2 0x00000000
core   0: 0x80000c74 (0x02263e33) mulhu   t3, a2, sp
core   0: 3 0x80000c74 (0x02263e33) x28 0x00000000
core   0: 0x80000c78 (0x402cd913) srai    s2, s9, 2
core   0: 3 0x80000c78 (0x402cd913) x18 0x00000000
core   0: 0x80000c7c (0x4053d7b3) sra     a5, t2, t0
core   0: 3 0x80000c7c (0x4053d7b3) x15 0x00000000
core   0: 0x80000c80 (0x40b55233) sra     tp, a0, a1
core   0: 3 0x80000c80 (0x40b55233) x 4 0x00000000
core   0: 0x80000c84 (0x0184b533) sltu    a0, s1, s8
core   0: 3 0x80000c84 (0x0184b533) x10 0x00000000
core   0: 0x80000c88 (0x4195d993) srai    s3, a1, 25
core   0: 3 0x80000c88 (0x4195d993) x19 0x00000000
core   0: 0x80000c8c (0x03900533) mul     a0, zero, s9
core   0: 3 0x80000c8c (0x03900533) x10 0x00000000
core   0: 0x80000c90 (0x4024d093) srai    ra, s1, 2
core   0: 3 0x80000c90 (0x4024d093) x 1 0x0ad82f61
core   0: 0x80000c94 (0x178aa213) slti    tp, s5, 376
core   0: 3 0x80000c94 (0x178aa213) x 4 0x00000000
core   0: 0x80000c98 (0x24cfa717) auipc   a4, 0x24cfa
core   0: 3 0x80000c98 (0x24cfa717) x14 0xa4cfac98
core   0: 0x80000c9c (0x031d0433) mul     s0, s10, a7
core   0: 3 0x80000c9c (0x031d0433) x 8 0x00000000
core   0: 0x80000ca0 (0x0042ecb3) or      s9, t0, tp
core   0: 3 0x80000ca0 (0x0042ecb3) x25 0x80014e64
core   0: 0x80000ca4 (0x0258c233) div     tp, a7, t0
core   0: 3 0x80000ca4 (0x0258c233) x 4 0x00000000
core   0: 0x80000ca8 (0x2620d117) auipc   sp, 0x2620d
core   0: 3 0x80000ca8 (0x2620d117) x 2 0xa620dca8
core   0: 0x80000cac (0xea0bef13) ori     t5, s7, -352
core   0: 3 0x80000cac (0xea0bef13) x30 0xfffffea0
core   0: 0x80000cb0 (0x818c8c93) addi    s9, s9, -2024
core   0: 3 0x80000cb0 (0x818c8c93) x25 0x8001467c
core   0: 0x80000cb4 (0x41e683b3) sub     t2, a3, t5
core   0: 3 0x80000cb4 (0x41e683b3) x 7 0xbf197bee
core   0: 0x80000cb8 (0x03398033) mul     zero, s3, s3
core   0: 3 0x80000cb8 (0x03398033)
core   0: 0x80000cbc (0x020a4b33) div     s6, s4, zero
core   0: 3 0x80000cbc (0x020a4b33) x22 0xffffffff
core   0: 0x80000cc0 (0x03769ab3) mulh    s5, a3, s7
core   0: 3 0x80000cc0 (0x03769ab3) x21 0x00000000
core   0: 0x80000cc4 (0x014304b3) add     s1, t1, s4
core   0: 3 0x80000cc4 (0x014304b3) x 9 0x80018ce4
core   0: 0x80000cc8 (0x024341b3) div     gp, t1, tp
core   0: 3 0x80000cc8 (0x024341b3) x 3 0xffffffff
core   0: 0x80000ccc (0x404c50b3) sra     ra, s8, tp
core   0: 3 0x80000ccc (0x404c50b3) x 1 0x00000000
core   0: 0x80000cd0 (0x00ad3ab3) sltu    s5, s10, a0
core   0: 3 0x80000cd0 (0x00ad3ab3) x21 0x00000000
core   0: 0x80000cd4 (0x016908b3) add     a7, s2, s6
core   0: 3 0x80000cd4 (0x016908b3) x17 0xffffffff
core   0: 0x80000cd8 (0x015713b3) sll     t2, a4, s5
core   0: 3 0x80000cd8 (0x015713b3) x 7 0xa4cfac98
core   0: 0x80000cdc (0x689f4e13) xori    t3, t5, 1673
core   0: 3 0x80000cdc (0x689f4e13) x28 0xfffff829
core   0: 0x80000ce0 (0x02eb2633) mulhsu  a2, s6, a4
core   0: 3 0x80000ce0 (0x02eb2633) x12 0xffffffff
core   0: 0x80000ce4 (0x0291b333) mulhu   t1, gp, s1
core   0: 3 0x80000ce4 (0x0291b333) x 6 0x80018ce3
core   0: 0x80000ce8 (0xae878913) addi    s2, a5, -1304
core   0: 3 0x80000ce8 (0xae878913) x18 0xfffffae8
core   0: 0x80000cec (0xacbea593) slti    a1, t4, -1333
core   0: 3 0x80000cec (0xacbea593) x11 0x00000000
core   0: 0x80000cf0 (0x00cce633) or      a2, s9, a2
core   0: 3 0x80000cf0 (0x00cce633) x12 0xffffffff
core   0: 0x80000cf4 (0x002cfab3) and     s5, s9, sp
core   0: 3 0x80000cf4 (0x002cfab3) x21 0x80004428
core   0: 0x80000cf8 (0x01b8de93) srli    t4, a7, 27
core   0: 3 0x80000cf8 (0x01b8de93) x29 0x0000001f
core   0: 0x80000cfc (0x00000013) nop
core   0: 3 0x80000cfc (0x00000013)
core   0: 0x80000d00 (0x240caf93) slti    t6, s9, 576
core   0: 3 0x80000d00 (0x240caf93) x31 0x00000001
core   0: 0x80000d04 (0x01dcd9b3) srl     s3, s9, t4
core   0: 3 0x80000d04 (0x01dcd9b3) x19 0x00000001
core   0: 0x80000d08 (0x039823b3) mulhsu  t2, a6, s9
core   0: 3 0x80000d08 (0x039823b3) x 7 0xcfff8591
core   0: 0x80000d0c (0x0230b3b3) mulhu   t2, ra, gp
core   0: 3 0x80000d0c (0x0230b3b3) x 7 0x00000000
core   0: 0x80000d10 (0x41238cb3) sub     s9, t2, s2
core   0: 3 0x80000d10 (0x41238cb3) x25 0x00000518
core   0: 0x80000d14 (0x016d1093) slli    ra, s10, 22
core   0: 3 0x80000d14 (0x016d1093) x 1 0x00000000
core   0: 0x80000d18 (0xfc18f813) andi    a6, a7, -63
core   0: 3 0x80000d18 (0xfc18f813) x16 0xffffffc1
core   0: 0x80000d1c (0x03f6e7b3) rem     a5, a3, t6
core   0: 3 0x80000d1c (0x03f6e7b3) x15 0x00000000
core   0: 0x80000d20 (0x1765a3b7) lui     t2, 0x1765a
core   0: 3 0x80000d20 (0x1765a3b7) x 7 0x1765a000
core   0: 0x80000d24 (0x40280533) sub     a0, a6, sp
core   0: 3 0x80000d24 (0x40280533) x10 0x59df2319
core   0: 0x80000d28 (0x585a4193) xori    gp, s4, 1413
core   0: 3 0x80000d28 (0x585a4193) x 3 0x80018961
core   0: 0x80000d2c (0x0294ab33) mulhsu  s6, s1, s1
core   0: 3 0x80000d2c (0x0294ab33) x22 0xc0000002
core   0: 0x80000d30 (0x01d9c0b3) xor     ra, s3, t4
core   0: 3 0x80000d30 (0x01d9c0b3) x 1 0x0000001e
core   0: 0x80000d34 (0x4197dc33) sra     s8, a5, s9
core   0: 3 0x80000d34 (0x4197dc33) x24 0x00000000
core   0: 0x80000d38 (0xf5513493) sltiu   s1, sp, -171
core   0: 3 0x80000d38 (0xf5513493) x 9 0x00000001
core   0: 0x80000d3c (0x01cb0d33) add     s10, s6, t3
core   0: 3 0x80000d3c (0x01cb0d33) x26 0xbffff82b
core   0: 0x80000d40 (0x03a58633) mul     a2, a1, s10
core   0: 3 0x80000d40 (0x03a58633) x12 0x00000000
core   0: 0x80000d44 (0x02803533) mulhu   a0, zero, s0
core   0: 3 0x80000d44 (0x02803533) x10 0x00000000
core   0: 0x80000d48 (0x9251ec93) ori     s9, gp, -1755
core   0: 3 0x80000d48 (0x9251ec93) x25 0xfffff965
core   0: 0x80000d4c (0x00e54db3) xor     s11, a0, a4
core   0: 3 0x80000d4c (0x00e54db3) x27 0xa4cfac98
core   0: 0x80000d50 (0xd3aae1b7) lui     gp, 0xd3aae
core   0: 3 0x80000d50 (0xd3aae1b7) x 3 0xd3aae000
core   0: 0x80000d54 (0x4e6e3197) auipc   gp, 0x4e6e3
core   0: 3 0x80000d54 (0x4e6e3197) x 3 0xce6e3d54
core   0: 0x80000d58 (0xce4e8c13) addi    s8, t4, -796
core   0: 3 0x80000d58 (0xce4e8c13) x24 0xfffffd03
core   0: 0x80000d5c (0x01ab90b3) sll     ra, s7, s10
core   0: 3 0x80000d5c (0x01ab90b3) x 1 0x00000000
core   0: 0x80000d60 (0x001ba133) slt     sp, s7, ra
core   0: 3 0x80000d60 (0x001ba133) x 2 0x00000000
core   0: 0x80000d64 (0x017f6db3) or      s11, t5, s7
core   0: 3 0x80000d64 (0x017f6db3) x27 0xfffffea0
core   0: 0x80000d68 (0x58c23513) sltiu   a0, tp, 1420
core   0: 3 0x80000d68 (0x58c23513) x10 0x00000001
core   0: 0x80000d6c (0x0068b033) sltu    zero, a7, t1
core   0: 3 0x80000d6c (0x0068b033)
core   0: 0x80000d70 (0x02cce433) rem     s0, s9, a2
core   0: 3 0x80000d70 (0x02cce433) x 8 0xfffff965
core   0: 0x80000d74 (0x02152393) slti    t2, a0, 33
core   0: 3 0x80000d74 (0x02152393) x 7 0x00000001
core   0: 0x80000d78 (0x034d44b3) div     s1, s10, s4
core   0: 3 0x80000d78 (0x034d44b3) x 9 0x00000000
core   0: 0x80000d7c (0x01493fb3) sltu    t6, s2, s4
core   0: 3 0x80000d7c (0x01493fb3) x31 0x00000000
core   0: 0x80000d80 (0x0063d093) srli    ra, t2, 6
core   0: 3 0x80000d80 (0x0063d093) x 1 0x00000000
core   0: 0x80000d84 (0x00c52333) slt     t1, a0, a2
core   0: 3 0x80000d84 (0x00c52333) x 6 0x00000000
core   0: 0x80000d88 (0xeda00893) li      a7, -294
core   0: 3 0x80000d88 (0xeda00893) x17 0xfffffeda
core   0: 0x80000d8c (0x01cb7fb3) and     t6, s6, t3
core   0: 3 0x80000d8c (0x01cb7fb3) x31 0xc0000000
core   0: 0x80000d90 (0x013e00b3) add     ra, t3, s3
core   0: 3 0x80000d90 (0x013e00b3) x 1 0xfffff82a
core   0: 0x80000d94 (0x026cddb3) divu    s11, s9, t1
core   0: 3 0x80000d94 (0x026cddb3) x27 0xffffffff
core   0: 0x80000d98 (0x00000013) nop
core   0: 3 0x80000d98 (0x00000013)
core   0: 0x80000d9c (0xe14a4713) xori    a4, s4, -492
core   0: 3 0x80000d9c (0xe14a4713) x14 0x7ffe72f0
core   0: 0x80000da0 (0x00000013) nop
core   0: 3 0x80000da0 (0x00000013)
core   0: 0x80000da4 (0x02d07633) remu    a2, zero, a3
core   0: 3 0x80000da4 (0x02d07633) x12 0x00000000
core   0: 0x80000da8 (0x40ac5813) srai    a6, s8, 10
core   0: 3 0x80000da8 (0x40ac5813) x16 0xffffffff
core   0: 0x80000dac (0x02d601b3) mul     gp, a2, a3
core   0: 3 0x80000dac (0x02d601b3) x 3 0x00000000
core   0: 0x80000db0 (0x035e6e33) rem     t3, t3, s5
core   0: 3 0x80000db0 (0x035e6e33) x28 0xfffff829
core   0: 0x80000db4 (0x5ac4f493) andi    s1, s1, 1452
core   0: 3 0x80000db4 (0x5ac4f493) x 9 0x00000000
core   0: 0x80000db8 (0x0099b433) sltu    s0, s3, s1
core   0: 3 0x80000db8 (0x0099b433) x 8 0x00000000
core   0: 0x80000dbc (0x000a0533) add     a0, s4, zero
core   0: 3 0x80000dbc (0x000a0533) x10 0x80018ce4
core   0: 0x80000dc0 (0x036a8633) mul     a2, s5, s6
core   0: 3 0x80000dc0 (0x036a8633) x12 0x00008850
core   0: 0x80000dc4 (0x19da8793) addi    a5, s5, 413
core   0: 3 0x80000dc4 (0x19da8793) x15 0x800045c5
core   0: 0x80000dc8 (0x02829b33) mulh    s6, t0, s0
core   0: 3 0x80000dc8 (0x02829b33) x22 0x00000000
core   0: 0x80000dcc (0x00000013) nop
core   0: 3 0x80000dcc (0x00000013)
core   0: 0x80000dd0 (0x033f9533) mulh    a0, t6, s3
core   0: 3 0x80000dd0 (0x033f9533) x10 0xffffffff
core   0: 0x80000dd4 (0x01f84f33) xor     t5, a6, t6
core   0: 3 0x80000dd4 (0x01f84f33) x30 0x3fffffff
core   0: 0x80000dd8 (0x418200b3) sub     ra, tp, s8
core   0: 3 0x80000dd8 (0x418200b3) x 1 0x000002fd
core   0: 0x80000ddc (0x00094d33) xor     s10, s2, zero
core   0: 3 0x80000ddc (0x00094d33) x26 0xfffffae8
core   0: 0x80000de0 (0x02296433) rem     s0, s2, sp
core   0: 3 0x80000de0 (0x02296433) x 8 0xfffffae8
core   0: 0x80000de4 (0x061a0513) addi    a0, s4, 97
core   0: 3 0x80000de4 (0x061a0513) x10 0x80018d45
core   0: 0x80000de8 (0x00d75633) srl     a2, a4, a3
core   0: 3 0x80000de8 (0x00d75633) x12 0x0001fff9
core   0: 0x80000dec (0x00a8fab3) and     s5, a7, a0
core   0: 3 0x80000dec (0x00a8fab3) x21 0x80018c40
core   0: 0x80000df0 (0x03399c33) mulh    s8, s3, s3
core   0: 3 0x80000df0 (0x03399c33) x24 0x00000000
core   0: 0x80000df4 (0xd2a17e13) andi    t3, sp, -726
core   0: 3 0x80000df4 (0xd2a17e13) x28 0x00000000
core   0: 0x80000df8 (0x00fc5b13) srli    s6, s8, 15
core   0: 3 0x80000df8 (0x00fc5b13) x22 0x00000000
core   0: 0x80000dfc (0x01f73eb3) sltu    t4, a4, t6
core   0: 3 0x80000dfc (0x01f73eb3) x29 0x00000001
core   0: 0x80000e00 (0x96fc6737) lui     a4, 0x96fc6
core   0: 3 0x80000e00 (0x96fc6737) x14 0x96fc6000
core   0: 0x80000e04 (0x03b6cb33) div     s6, a3, s11
core   0: 3 0x80000e04 (0x03b6cb33) x22 0x40e68572
core   0: 0x80000e08 (0x013d49b3) xor     s3, s10, s3
core   0: 3 0x80000e08 (0x013d49b3) x19 0xfffffae9
core   0: 0x80000e0c (0x0069d413) srli    s0, s3, 6
core   0: 3 0x80000e0c (0x0069d413) x 8 0x03ffffeb
core   0: 0x80000e10 (0x409bdf13) srai    t5, s7, 9
core   0: 3 0x80000e10 (0x409bdf13) x30 0x00000000
core   0: 0x80000e14 (0x024dd233) divu    tp, s11, tp
core   0: 3 0x80000e14 (0x024dd233) x 4 0xffffffff
core   0: 0x80000e18 (0x41005233) sra     tp, zero, a6
core   0: 3 0x80000e18 (0x41005233) x 4 0x00000000
core   0: 0x80000e1c (0x8eed0193) addi    gp, s10, -1810
core   0: 3 0x80000e1c (0x8eed0193) x 3 0xfffff3d6
core   0: 0x80000e20 (0xe26ecc13) xori    s8, t4, -474
core   0: 3 0x80000e20 (0xe26ecc13) x24 0xfffffe27
core   0: 0x80000e24 (0x634e7613) andi    a2, t3, 1588
core   0: 3 0x80000e24 (0x634e7613) x12 0x00000000
core   0: 0x80000e28 (0xf66a2a93) slti    s5, s4, -154
core   0: 3 0x80000e28 (0xf66a2a93) x21 0x00000001
core   0: 0x80000e2c (0x0299c7b3) div     a5, s3, s1
core   0: 3 0x80000e2c (0x0299c7b3) x15 0xffffffff
core   0: 0x80000e30 (0x0123ed33) or      s10, t2, s2
core   0: 3 0x80000e30 (0x0123ed33) x26 0xfffffae9
core   0: 0x80000e34 (0x0305e833) rem     a6, a1, a6
core   0: 3 0x80000e34 (0x0305e833) x16 0x00000000
core   0: 0x80000e38 (0x00aa0433) add     s0, s4, a0
core   0: 3 0x80000e38 (0x00aa0433) x 8 0x00031a29
core   0: 0x80000e3c (0x0371c333) div     t1, gp, s7
core   0: 3 0x80000e3c (0x0371c333) x 6 0xffffffff
core   0: 0x80000e40 (0x9ac93e93) sltiu   t4, s2, -1620
core   0: 3 0x80000e40 (0x9ac93e93) x29 0x00000000
core   0: 0x80000e44 (0x44326493) ori     s1, tp, 1091
core   0: 3 0x80000e44 (0x44326493) x 9 0x00000443
core   0: 0x80000e48 (0x00e90ab3) add     s5, s2, a4
core   0: 3 0x80000e48 (0x00e90ab3) x21 0x96fc5ae8
core   0: 0x80000e4c (0x01e79993) slli    s3, a5, 30
core   0: 3 0x80000e4c (0x01e79993) x19 0xc0000000
core   0: 0x80000e50 (0x5094bb93) sltiu   s7, s1, 1289
core   0: 3 0x80000e50 (0x5094bb93) x23 0x00000001
core   0: 0x80000e54 (0x036140b3) div     ra, sp, s6
core   0: 3 0x80000e54 (0x036140b3) x 1 0x00000000
core   0: 0x80000e58 (0xfde3f213) andi    tp, t2, -34
core   0: 3 0x80000e58 (0xfde3f213) x 4 0x00000000
core   0: 0x80000e5c (0x03985233) divu    tp, a6, s9
core   0: 3 0x80000e5c (0x03985233) x 4 0x00000000
core   0: 0x80000e60 (0x01fb9b33) sll     s6, s7, t6
core   0: 3 0x80000e60 (0x01fb9b33) x22 0x00000001
core   0: 0x80000e64 (0x035c9fb3) mulh    t6, s9, s5
core   0: 3 0x80000e64 (0x035c9fb3) x31 0x000002b5
core   0: 0x80000e68 (0x00de3cb3) sltu    s9, t3, a3
core   0: 3 0x80000e68 (0x00de3cb3) x25 0x00000001
core   0: 0x80000e6c (0x00000013) nop
core   0: 3 0x80000e6c (0x00000013)
core   0: 0x80000e70 (0x01427633) and     a2, tp, s4
core   0: 3 0x80000e70 (0x01427633) x12 0x00000000
core   0: 0x80000e74 (0x2ba82613) slti    a2, a6, 698
core   0: 3 0x80000e74 (0x2ba82613) x12 0x00000001
core   0: 0x80000e78 (0x41b15313) srai    t1, sp, 27
core   0: 3 0x80000e78 (0x41b15313) x 6 0x00000000
core   0: 0x80000e7c (0x8079ad93) slti    s11, s3, -2041
core   0: 3 0x80000e7c (0x8079ad93) x27 0x00000001
core   0: 0x80000e80 (0x00f500b3) add     ra, a0, a5
core   0: 3 0x80000e80 (0x00f500b3) x 1 0x80018d44
core   0: 0x80000e84 (0x02d94c33) div     s8, s2, a3
core   0: 3 0x80000e84 (0x02d94c33) x24 0x00000000
core   0: 0x80000e88 (0x021f28b3) mulhsu  a7, t5, ra
core   0: 3 0x80000e88 (0x021f28b3) x17 0x00000000
core   0: 0x80000e8c (0x615f6cb7) lui     s9, 0x615f6
core   0: 3 0x80000e8c (0x615f6cb7) x25 0x615f6000
core   0: 0x80000e90 (0x02e617b3) mulh    a5, a2, a4
core   0: 3 0x80000e90 (0x02e617b3) x15 0xffffffff
core   0: 0x80000e94 (0x012ce233) or      tp, s9, s2
core   0: 3 0x80000e94 (0x012ce233) x 4 0xfffffae8
core   0: 0x80000e98 (0xfe5ac613) xori    a2, s5, -27
core   0: 3 0x80000e98 (0xfe5ac613) x12 0x6903a50d
core   0: 0x80000e9c (0x01811013) slli    zero, sp, 24
core   0: 3 0x80000e9c (0x01811013)
core   0: 0x80000ea0 (0x0371c933) div     s2, gp, s7
core   0: 3 0x80000ea0 (0x0371c933) x18 0xfffff3d6
core   0: 0x80000ea4 (0x0040a633) slt     a2, ra, tp
core   0: 3 0x80000ea4 (0x0040a633) x12 0x00000001
core   0: 0x80000ea8 (0x01f595b3) sll     a1, a1, t6
core   0: 3 0x80000ea8 (0x01f595b3) x11 0x00000000
core   0: 0x80000eac (0x014ede13) srli    t3, t4, 20
core   0: 3 0x80000eac (0x014ede13) x28 0x00000000
core   0: 0x80000eb0 (0x0150c833) xor     a6, ra, s5
core   0: 3 0x80000eb0 (0x0150c833) x16 0x16fdd7ac
core   0: 0x80000eb4 (0x03f83433) mulhu   s0, a6, t6
core   0: 3 0x80000eb4 (0x03f83433) x 8 0x0000003e
core   0: 0x80000eb8 (0x0211eb33) rem     s6, gp, ra
core   0: 3 0x80000eb8 (0x0211eb33) x22 0xfffff3d6
core   0: 0x80000ebc (0x00000013) nop
core   0: 3 0x80000ebc (0x00000013)
core   0: 0x80000ec0 (0x019635b3) sltu    a1, a2, s9
core   0: 3 0x80000ec0 (0x019635b3) x11 0x00000001
core   0: 0x80000ec4 (0x00000013) nop
core   0: 3 0x80000ec4 (0x00000013)
core   0: 0x80000ec8 (0x40b8d4b3) sra     s1, a7, a1
core   0: 3 0x80000ec8 (0x40b8d4b3) x 9 0x00000000
core   0: 0x80000ecc (0x02a42d33) mulhsu  s10, s0, a0
core   0: 3 0x80000ecc (0x02a42d33) x26 0x0000001f
core   0: 0x80000ed0 (0x03245c33) divu    s8, s0, s2
core   0: 3 0x80000ed0 (0x03245c33) x24 0x00000000
core   0: 0x80000ed4 (0x007dafb3) slt     t6, s11, t2
core   0: 3 0x80000ed4 (0x007dafb3) x31 0x00000000
core   0: 0x80000ed8 (0x023c48b3) div     a7, s8, gp
core   0: 3 0x80000ed8 (0x023c48b3) x17 0x00000000
core   0: 0x80000edc (0x59963637) lui     a2, 0x59963
core   0: 3 0x80000edc (0x59963637) x12 0x59963000
core   0: 0x80000ee0 (0x02772f37) lui     t5, 0x2772
core   0: 3 0x80000ee0 (0x02772f37) x30 0x02772000
core   0: 0x80000ee4 (0x7f9f2413) slti    s0, t5, 2041
core   0: 3 0x80000ee4 (0x7f9f2413) x 8 0x00000000
core   0: 0x80000ee8 (0x00ebd213) srli    tp, s7, 14
core   0: 3 0x80000ee8 (0x00ebd213) x 4 0x00000000
core   0: 0x80000eec (0x030619b3) mulh    s3, a2, a6
core   0: 3 0x80000eec (0x030619b3) x19 0x080bbd06
core   0: 0x80000ef0 (0x0332aab3) mulhsu  s5, t0, s3
core   0: 3 0x80000ef0 (0x0332aab3) x21 0xfbfa2bff
core   0: 0x80000ef4 (0xf6642493) slti    s1, s0, -154
core   0: 3 0x80000ef4 (0xf6642493) x 9 0x00000000
core   0: 0x80000ef8 (0x016fda93) srli    s5, t6, 22
core   0: 3 0x80000ef8 (0x016fda93) x21 0x00000000
core   0: 0x80000efc (0x03ec8433) mul     s0, s9, t5
core   0: 3 0x80000efc (0x03ec8433) x 8 0x8c000000
core   0: 0x80000f00 (0x4452b393) sltiu   t2, t0, 1093
core   0: 3 0x80000f00 (0x4452b393) x 7 0x00000000
core   0: 0x80000f04 (0x01b15393) srli    t2, sp, 27
core   0: 3 0x80000f04 (0x01b15393) x 7 0x00000000
core   0: 0x80000f08 (0x011caab3) slt     s5, s9, a7
core   0: 3 0x80000f08 (0x011caab3) x21 0x00000000
core   0: 0x80000f0c (0x004f5833) srl     a6, t5, tp
core   0: 3 0x80000f0c (0x004f5833) x16 0x02772000
core   0: 0x80000f10 (0x01b8d793) srli    a5, a7, 27
core   0: 3 0x80000f10 (0x01b8d793) x15 0x00000000
core   0: 0x80000f14 (0x8c826593) ori     a1, tp, -1848
core   0: 3 0x80000f14 (0x8c826593) x11 0xfffff8c8
core   0: 0x80000f18 (0x01317533) and     a0, sp, s3
core   0: 3 0x80000f18 (0x01317533) x10 0x00000000
core   0: 0x80000f1c (0x01028333) add     t1, t0, a6
core   0: 3 0x80000f1c (0x01028333) x 6 0x82786e64
core   0: 0x80000f20 (0x03a9cd33) div     s10, s3, s10
core   0: 3 0x80000f20 (0x03a9cd33) x26 0x00427173
core   0: 0x80000f24 (0x039f5d33) divu    s10, t5, s9
core   0: 3 0x80000f24 (0x039f5d33) x26 0x00000000
core   0: 0x80000f28 (0x027d5db3) divu    s11, s10, t2
core   0: 3 0x80000f28 (0x027d5db3) x27 0xffffffff
core   0: 0x80000f2c (0x4008d593) srai    a1, a7, 0
core   0: 3 0x80000f2c (0x4008d593) x11 0x00000000
core   0: 0x80000f30 (0x014c9433) sll     s0, s9, s4
core   0: 3 0x80000f30 (0x014c9433) x 8 0x15f60000
core   0: 0x80000f34 (0x03681b33) mulh    s6, a6, s6
core   0: 3 0x80000f34 (0x03681b33) x22 0xffffffe2
core   0: 0x80000f38 (0x03a8b0b3) mulhu   ra, a7, s10
core   0: 3 0x80000f38 (0x03a8b0b3) x 1 0x00000000
core   0: 0x80000f3c (0x02a7a3b3) mulhsu  t2, a5, a0
core   0: 3 0x80000f3c (0x02a7a3b3) x 7 0x00000000
core   0: 0x80000f40 (0x01779eb3) sll     t4, a5, s7
core   0: 3 0x80000f40 (0x01779eb3) x29 0x00000000
core   0: 0x80000f44 (0x026a9133) mulh    sp, s5, t1
core   0: 3 0x80000f44 (0x026a9133) x 2 0x00000000
core   0: 0x80000f48 (0x00c03833) snez    a6, a2
core   0: 3 0x80000f48 (0x00c03833) x16 0x00000001
core   0: 0x80000f4c (0x4030df93) srai    t6, ra, 3
core   0: 3 0x80000f4c (0x4030df93) x31 0x00000000
core   0: 0x80000f50 (0x4150d233) sra     tp, ra, s5
core   0: 3 0x80000f50 (0x4150d233) x 4 0x00000000
core   0: 0x80000f54 (0x01d3de93) srli    t4, t2, 29
core   0: 3 0x80000f54 (0x01d3de93) x29 0x00000000
core   0: 0x80000f58 (0x003197b3) sll     a5, gp, gp
core   0: 3 0x80000f58 (0x003197b3) x15 0xf5800000
core   0: 0x80000f5c (0x418c8933) sub     s2, s9, s8
core   0: 3 0x80000f5c (0x418c8933) x18 0x615f6000
core   0: 0x80000f60 (0x7d004493) xori    s1, zero, 2000
core   0: 3 0x80000f60 (0x7d004493) x 9 0x000007d0
core   0: 0x80000f64 (0x00ff9033) sll     zero, t6, a5
core   0: 3 0x80000f64 (0x00ff9033)
core   0: 0x80000f68 (0x08636613) ori     a2, t1, 134
core   0: 3 0x80000f68 (0x08636613) x12 0x82786ee6
core   0: 0x80000f6c (0x00a05f33) srl     t5, zero, a0
core   0: 3 0x80000f6c (0x00a05f33) x30 0x00000000
core   0: 0x80000f70 (0x02a89133) mulh    sp, a7, a0
core   0: 3 0x80000f70 (0x02a89133) x 2 0x00000000
core   0: 0x80000f74 (0x03156d33) rem     s10, a0, a7
core   0: 3 0x80000f74 (0x03156d33) x26 0x00000000
core   0: 0x80000f78 (0x98e99837) lui     a6, 0x98e99
core   0: 3 0x80000f78 (0x98e99837) x16 0x98e99000
core   0: 0x80000f7c (0xbe866613) ori     a2, a2, -1048
core   0: 3 0x80000f7c (0xbe866613) x12 0xffffffee
core   0: 0x80000f80 (0x00ea9533) sll     a0, s5, a4
core   0: 3 0x80000f80 (0x00ea9533) x10 0x00000000
core   0: 0x80000f84 (0x028cf1b3) remu    gp, s9, s0
core   0: 3 0x80000f84 (0x028cf1b3) x 3 0x09876000
core   0: 0x80000f88 (0x4062d093) srai    ra, t0, 6
core   0: 3 0x80000f88 (0x4062d093) x 1 0xfe000539
core   0: 0x80000f8c (0x36679617) auipc   a2, 0x36679
core   0: 3 0x80000f8c (0x36679617) x12 0xb6679f8c
core   0: 0x80000f90 (0x01a80433) add     s0, a6, s10
core   0: 3 0x80000f90 (0x01a80433) x 8 0x98e99000
core   0: 0x80000f94 (0x0259d8b3) divu    a7, s3, t0
core   0: 3 0x80000f94 (0x0259d8b3) x17 0x00000000
core   0: 0x80000f98 (0x014eb733) sltu    a4, t4, s4
core   0: 3 0x80000f98 (0x014eb733) x14 0x00000001
core   0: 0x80000f9c (0x03e02db3) mulhsu  s11, zero, t5
core   0: 3 0x80000f9c (0x03e02db3) x27 0x00000000
core   0: 0x80000fa0 (0x008f5233) srl     tp, t5, s0
core   0: 3 0x80000fa0 (0x008f5233) x 4 0x00000000
core   0: 0x80000fa4 (0xd6a5b713) sltiu   a4, a1, -662
core   0: 3 0x80000fa4 (0xd6a5b713) x14 0x00000001
core   0: 0x80000fa8 (0xaf924393) xori    t2, tp, -1287
core   0: 3 0x80000fa8 (0xaf924393) x 7 0xfffffaf9
core   0: 0x80000fac (0x008e5113) srli    sp, t3, 8
core   0: 3 0x80000fac (0x008e5113) x 2 0x00000000
core   0: 0x80000fb0 (0xd44c7b93) andi    s7, s8, -700
core   0: 3 0x80000fb0 (0xd44c7b93) x23 0x00000000
core   0: 0x80000fb4 (0x03775633) divu    a2, a4, s7
core   0: 3 0x80000fb4 (0x03775633) x12 0xffffffff
core   0: 0x80000fb8 (0x034fafb3) mulhsu  t6, t6, s4
core   0: 3 0x80000fb8 (0x034fafb3) x31 0x00000000
core   0: 0x80000fbc (0x00ca35b3) sltu    a1, s4, a2
core   0: 3 0x80000fbc (0x00ca35b3) x11 0x00000001
core   0: 0x80000fc0 (0x02babd33) mulhu   s10, s5, a1
core   0: 3 0x80000fc0 (0x02babd33) x26 0x00000000
core   0: 0x80000fc4 (0x038d1633) mulh    a2, s10, s8
core   0: 3 0x80000fc4 (0x038d1633) x12 0x00000000
core   0: 0x80000fc8 (0xbc633013) sltiu   zero, t1, -1082
core   0: 3 0x80000fc8 (0xbc633013)
core   0: 0x80000fcc (0x00e4c8b3) xor     a7, s1, a4
core   0: 3 0x80000fcc (0x00e4c8b3) x17 0x000007d1
core   0: 0x80000fd0 (0x40cc07b3) sub     a5, s8, a2
core   0: 3 0x80000fd0 (0x40cc07b3) x15 0x00000000
core   0: 0x80000fd4 (0xeb8fe913) ori     s2, t6, -328
core   0: 3 0x80000fd4 (0xeb8fe913) x18 0xfffffeb8
core   0: 0x80000fd8 (0xef844c17) auipc   s8, 0xef844
core   0: 3 0x80000fd8 (0xef844c17) x24 0x6f844fd8
core   0: 0x80000fdc (0x03b20cb3) mul     s9, tp, s11
core   0: 3 0x80000fdc (0x03b20cb3) x25 0x00000000
core   0: 0x80000fe0 (0x22678c93) addi    s9, a5, 550
core   0: 3 0x80000fe0 (0x22678c93) x25 0x00000226
core   0: 0x80000fe4 (0x020ef7b3) remu    a5, t4, zero
core   0: 3 0x80000fe4 (0x020ef7b3) x15 0x00000000
core   0: 0x80000fe8 (0x0017bab3) sltu    s5, a5, ra
core   0: 3 0x80000fe8 (0x0017bab3) x21 0x00000001
core   0: 0x80000fec (0x03f6e3b3) rem     t2, a3, t6
core   0: 3 0x80000fec (0x03f6e3b3) x 7 0xbf197a8e
core   0: 0x80000ff0 (0x01e15213) srli    tp, sp, 30
core   0: 3 0x80000ff0 (0x01e15213) x 4 0x00000000
core   0: 0x80000ff4 (0x013351b3) srl     gp, t1, s3
core   0: 3 0x80000ff4 (0x013351b3) x 3 0x0209e1b9
core   0: 0x80000ff8 (0x00ccf533) and     a0, s9, a2
core   0: 3 0x80000ff8 (0x00ccf533) x10 0x00000000
core   0: 0x80000ffc (0x01180533) add     a0, a6, a7
core   0: 3 0x80000ffc (0x01180533) x10 0x98e997d1
core   0: 0x80001000 (0x02545fb3) divu    t6, s0, t0
core   0: 3 0x80001000 (0x02545fb3) x31 0x00000001
core   0: 0x80001004 (0x00000013) nop
core   0: 3 0x80001004 (0x00000013)
core   0: 0x80001008 (0x01877f33) and     t5, a4, s8
core   0: 3 0x80001008 (0x01877f33) x30 0x00000000
core   0: 0x8000100c (0x03b3a3b3) mulhsu  t2, t2, s11
core   0: 3 0x8000100c (0x03b3a3b3) x 7 0x00000000
core   0: 0x80001010 (0x021f9d33) mulh    s10, t6, ra
core   0: 3 0x80001010 (0x021f9d33) x26 0xffffffff
core   0: 0x80001014 (0x00b58fb3) add     t6, a1, a1
core   0: 3 0x80001014 (0x00b58fb3) x31 0x00000002
core   0: 0x80001018 (0xa9722d13) slti    s10, tp, -1385
core   0: 3 0x80001018 (0xa9722d13) x26 0x00000000
core   0: 0x8000101c (0x036d7c33) remu    s8, s10, s6
core   0: 3 0x8000101c (0x036d7c33) x24 0x00000000
core   0: 0x80001020 (0x01b12ab3) slt     s5, sp, s11
core   0: 3 0x80001020 (0x01b12ab3) x21 0x00000000
core   0: 0x80001024 (0x0165db33) srl     s6, a1, s6
core   0: 3 0x80001024 (0x0165db33) x22 0x00000000
core   0: 0x80001028 (0x03ca2db3) mulhsu  s11, s4, t3
core   0: 3 0x80001028 (0x03ca2db3) x27 0x00000000
core   0: 0x8000102c (0x038991b3) mulh    gp, s3, s8
core   0: 3 0x8000102c (0x038991b3) x 3 0x00000000
core   0: 0x80001030 (0x00942733) slt     a4, s0, s1
core   0: 3 0x80001030 (0x00942733) x14 0x00000001
core   0: 0x80001034 (0x025414b3) mulh    s1, s0, t0
core   0: 3 0x80001034 (0x025414b3) x 9 0x338ab158
core   0: 0x80001038 (0x00eb1a93) slli    s5, s6, 14
core   0: 3 0x80001038 (0x00eb1a93) x21 0x00000000
core   0: 0x8000103c (0xd682ae37) lui     t3, 0xd682a
core   0: 3 0x8000103c (0xd682ae37) x28 0xd682a000
core   0: 0x80001040 (0x0123c833) xor     a6, t2, s2
core   0: 3 0x80001040 (0x0123c833) x16 0xfffffeb8
core   0: 0x80001044 (0x03c29eb3) mulh    t4, t0, t3
core   0: 3 0x80001044 (0x03c29eb3) x29 0x14be79ce
core   0: 0x80001048 (0x3996c597) auipc   a1, 0x3996c
core   0: 3 0x80001048 (0x3996c597) x11 0xb996d048
core   0: 0x8000104c (0x40c4d013) srai    zero, s1, 12
core   0: 3 0x8000104c (0x40c4d013)
core   0: 0x80001050 (0x02cd1433) mulh    s0, s10, a2
core   0: 3 0x80001050 (0x02cd1433) x 8 0x00000000
core   0: 0x80001054 (0x027037b3) mulhu   a5, zero, t2
core   0: 3 0x80001054 (0x027037b3) x15 0x00000000
core   0: 0x80001058 (0xc184e837) lui     a6, 0xc184e
core   0: 3 0x80001058 (0xc184e837) x16 0xc184e000
core   0: 0x8000105c (0x0097cd33) xor     s10, a5, s1
core   0: 3 0x8000105c (0x0097cd33) x26 0x338ab158
core   0: 0x80001060 (0x0076a333) slt     t1, a3, t2
core   0: 3 0x80001060 (0x0076a333) x 6 0x00000001
core   0: 0x80001064 (0x01591b13) slli    s6, s2, 21
core   0: 3 0x80001064 (0x01591b13) x22 0xd7000000
core   0: 0x80001068 (0x03d73bb3) mulhu   s7, a4, t4
core   0: 3 0x80001068 (0x03d73bb3) x23 0x00000000
core   0: 0x8000106c (0x012b54b3) srl     s1, s6, s2
core   0: 3 0x8000106c (0x012b54b3) x 9 0x000000d7
core   0: 0x80001070 (0x01eda8b3) slt     a7, s11, t5
core   0: 3 0x80001070 (0x01eda8b3) x17 0x00000000
core   0: 0x80001074 (0x017ceeb3) or      t4, s9, s7
core   0: 3 0x80001074 (0x017ceeb3) x29 0x00000226
core   0: 0x80001078 (0x01b91933) sll     s2, s2, s11
core   0: 3 0x80001078 (0x01b91933) x18 0xfffffeb8
core   0: 0x8000107c (0x0097db13) srli    s6, a5, 9
core   0: 3 0x8000107c (0x0097db13) x22 0x00000000
core   0: 0x80001080 (0x038b1433) mulh    s0, s6, s8
core   0: 3 0x80001080 (0x038b1433) x 8 0x00000000
core   0: 0x80001084 (0x7ca0ae13) slti    t3, ra, 1994
core   0: 3 0x80001084 (0x7ca0ae13) x28 0x00000001
core   0: 0x80001088 (0x03550933) mul     s2, a0, s5
core   0: 3 0x80001088 (0x03550933) x18 0x00000000
core   0: 0x8000108c (0x024034b3) mulhu   s1, zero, tp
core   0: 3 0x8000108c (0x024034b3) x 9 0x00000000
core   0: 0x80001090 (0x0364bab3) mulhu   s5, s1, s6
core   0: 3 0x80001090 (0x0364bab3) x21 0x00000000
core   0: 0x80001094 (0x02c06c33) rem     s8, zero, a2
core   0: 3 0x80001094 (0x02c06c33) x24 0x00000000
core   0: 0x80001098 (0x00ce44b3) xor     s1, t3, a2
core   0: 3 0x80001098 (0x00ce44b3) x 9 0x00000001
core   0: 0x8000109c (0x01db74b3) and     s1, s6, t4
core   0: 3 0x8000109c (0x01db74b3) x 9 0x00000000
core   0: 0x800010a0 (0x035e7cb3) remu    s9, t3, s5
core   0: 3 0x800010a0 (0x035e7cb3) x25 0x00000001
core   0: 0x800010a4 (0x03d249b3) div     s3, tp, t4
core   0: 3 0x800010a4 (0x03d249b3) x19 0x00000000
core   0: 0x800010a8 (0x00606333) or      t1, zero, t1
core   0: 3 0x800010a8 (0x00606333) x 6 0x00000001
core   0: 0x800010ac (0x0048ccb3) xor     s9, a7, tp
core   0: 3 0x800010ac (0x0048ccb3) x25 0x00000000
core   0: 0x800010b0 (0xfb029237) lui     tp, 0xfb029
core   0: 3 0x800010b0 (0xfb029237) x 4 0xfb029000
core   0: 0x800010b4 (0x68124413) xori    s0, tp, 1665
core   0: 3 0x800010b4 (0x68124413) x 8 0xfb029681
core   0: 0x800010b8 (0x03322eb3) mulhsu  t4, tp, s3
core   0: 3 0x800010b8 (0x03322eb3) x29 0x00000000
core   0: 0x800010bc (0x404b5d13) srai    s10, s6, 4
core   0: 3 0x800010bc (0x404b5d13) x26 0x00000000
core   0: 0x800010c0 (0x00fbd233) srl     tp, s7, a5
core   0: 3 0x800010c0 (0x00fbd233) x 4 0x00000000
core   0: 0x800010c4 (0x01895113) srli    sp, s2, 24
core   0: 3 0x800010c4 (0x01895113) x 2 0x00000000
core   0: 0x800010c8 (0x021bc533) div     a0, s7, ra
core   0: 3 0x800010c8 (0x021bc533) x10 0x00000000
core   0: 0x800010cc (0x016989b7) lui     s3, 0x1698
core   0: 3 0x800010cc (0x016989b7) x19 0x01698000
core   0: 0x800010d0 (0x02d4f233) remu    tp, s1, a3
core   0: 3 0x800010d0 (0x02d4f233) x 4 0x00000000
core   0: 0x800010d4 (0x014667b3) or      a5, a2, s4
core   0: 3 0x800010d4 (0x014667b3) x15 0x80018ce4
core   0: 0x800010d8 (0x0228fbb3) remu    s7, a7, sp
core   0: 3 0x800010d8 (0x0228fbb3) x23 0x00000000
core   0: 0x800010dc (0x03006bb3) rem     s7, zero, a6
core   0: 3 0x800010dc (0x03006bb3) x23 0x00000000
core   0: 0x800010e0 (0x03cacab3) div     s5, s5, t3
core   0: 3 0x800010e0 (0x03cacab3) x21 0x00000000
core   0: 0x800010e4 (0x02df78b3) remu    a7, t5, a3
core   0: 3 0x800010e4 (0x02df78b3) x17 0x00000000
core   0: 0x800010e8 (0x6e63e013) ori     zero, t2, 1766
core   0: 3 0x800010e8 (0x6e63e013)
core   0: 0x800010ec (0x00fcd593) srli    a1, s9, 15
core   0: 3 0x800010ec (0x00fcd593) x11 0x00000000
core   0: 0x800010f0 (0x01355493) srli    s1, a0, 19
core   0: 3 0x800010f0 (0x01355493) x 9 0x00000000
core   0: 0x800010f4 (0x40d8dd33) sra     s10, a7, a3
core   0: 3 0x800010f4 (0x40d8dd33) x26 0x00000000
core   0: 0x800010f8 (0x01695393) srli    t2, s2, 22
core   0: 3 0x800010f8 (0x01695393) x 7 0x00000000
core   0: 0x800010fc (0x01f79ab3) sll     s5, a5, t6
core   0: 3 0x800010fc (0x01f79ab3) x21 0x00063390
core   0: 0x80001100 (0x03872733) mulhsu  a4, a4, s8
core   0: 3 0x80001100 (0x03872733) x14 0x00000000
core   0: 0x80001104 (0x00525233) srl     tp, tp, t0
core   0: 3 0x80001104 (0x00525233) x 4 0x00000000
core   0: 0x80001108 (0x414ed213) srai    tp, t4, 20
core   0: 3 0x80001108 (0x414ed213) x 4 0x00000000
core   0: 0x8000110c (0x03eb3433) mulhu   s0, s6, t5
core   0: 3 0x8000110c (0x03eb3433) x 8 0x00000000
core   0: 0x80001110 (0xb9058793) addi    a5, a1, -1136
core   0: 3 0x80001110 (0xb9058793) x15 0xfffffb90
core   0: 0x80001114 (0x0135bd33) sltu    s10, a1, s3
core   0: 3 0x80001114 (0x0135bd33) x26 0x00000001
core   0: 0x80001118 (0x4613dd97) auipc   s11, 0x4613d
core   0: 3 0x80001118 (0x4613dd97) x27 0xc613e118
core   0: 0x8000111c (0xfba23c13) sltiu   s8, tp, -70
core   0: 3 0x8000111c (0xfba23c13) x24 0x00000001
core   0: 0x80001120 (0x004eff33) and     t5, t4, tp
core   0: 3 0x80001120 (0x004eff33) x30 0x00000000
core   0: 0x80001124 (0x00000013) nop
core   0: 3 0x80001124 (0x00000013)
core   0: 0x80001128 (0x41825d13) srai    s10, tp, 24
core   0: 3 0x80001128 (0x41825d13) x26 0x00000000
core   0: 0x8000112c (0x21edf413) andi    s0, s11, 542
core   0: 3 0x8000112c (0x21edf413) x 8 0x00000018
core   0: 0x80001130 (0x02e98933) mul     s2, s3, a4
core   0: 3 0x80001130 (0x02e98933) x18 0x00000000
core   0: 0x80001134 (0x79b9a3b7) lui     t2, 0x79b9a
core   0: 3 0x80001134 (0x79b9a3b7) x 7 0x79b9a000
core   0: 0x80001138 (0x01d65b33) srl     s6, a2, t4
core   0: 3 0x80001138 (0x01d65b33) x22 0x00000000
core   0: 0x8000113c (0x03bb7833) remu    a6, s6, s11
core   0: 3 0x8000113c (0x03bb7833) x16 0x00000000
core   0: 0x80001140 (0x00000013) nop
core   0: 3 0x80001140 (0x00000013)
core   0: 0x80001144 (0xb46d3037) lui     zero, 0xb46d3
core   0: 3 0x80001144 (0xb46d3037)
core   0: 0x80001148 (0x022724b3) mulhsu  s1, a4, sp
core   0: 3 0x80001148 (0x022724b3) x 9 0x00000000
core   0: 0x8000114c (0x62cb2113) slti    sp, s6, 1580
core   0: 3 0x8000114c (0x62cb2113) x 2 0x00000001
core   0: 0x80001150 (0x9222ac13) slti    s8, t0, -1758
core   0: 3 0x80001150 (0x9222ac13) x24 0x00000001
core   0: 0x80001154 (0x025955b3) divu    a1, s2, t0
core   0: 3 0x80001154 (0x025955b3) x11 0x00000000
core   0: 0x80001158 (0x02b0f833) remu    a6, ra, a1
core   0: 3 0x80001158 (0x02b0f833) x16 0xfe000539
core   0: 0x8000115c (0x01e538b3) sltu    a7, a0, t5
core   0: 3 0x8000115c (0x01e538b3) x17 0x00000000
core   0: 0x80001160 (0x00801a93) slli    s5, zero, 8
core   0: 3 0x80001160 (0x00801a93) x21 0x00000000
core   0: 0x80001164 (0x0052da93) srli    s5, t0, 5
core   0: 3 0x80001164 (0x0052da93) x21 0x04000a73
core   0: 0x80001168 (0x034dc433) div     s0, s11, s4
core   0: 3 0x80001168 (0x034dc433) x 8 0x00000000
core   0: 0x8000116c (0x8b992513) slti    a0, s2, -1863
core   0: 3 0x8000116c (0x8b992513) x10 0x00000000
core   0: 0x80001170 (0x0284dc33) divu    s8, s1, s0
core   0: 3 0x80001170 (0x0284dc33) x24 0xffffffff
core   0: 0x80001174 (0x4066d193) srai    gp, a3, 6
core   0: 3 0x80001174 (0x4066d193) x 3 0xfefc65ea
core   0: 0x80001178 (0x2903cf93) xori    t6, t2, 656
core   0: 3 0x80001178 (0x2903cf93) x31 0x79b9a290
core   0: 0x8000117c (0x00a45533) srl     a0, s0, a0
core   0: 3 0x8000117c (0x00a45533) x10 0x00000000
core   0: 0x80001180 (0x01efab33) slt     s6, t6, t5
core   0: 3 0x80001180 (0x01efab33) x22 0x00000000
core   0: 0x80001184 (0xb0cdee93) ori     t4, s11, -1268
core   0: 3 0x80001184 (0xb0cdee93) x29 0xfffffb1c
core   0: 0x80001188 (0x03cf0f33) mul     t5, t5, t3
core   0: 3 0x80001188 (0x03cf0f33) x30 0x00000000
core   0: 0x8000118c (0x00e20833) add     a6, tp, a4
core   0: 3 0x8000118c (0x00e20833) x16 0x00000000
core   0: 0x80001190 (0x03c40633) mul     a2, s0, t3
core   0: 3 0x80001190 (0x03c40633) x12 0x00000000
core   0: 0x80001194 (0x038829b3) mulhsu  s3, a6, s8
core   0: 3 0x80001194 (0x038829b3) x19 0x00000000
core   0: 0x80001198 (0x00000013) nop
core   0: 3 0x80001198 (0x00000013)
core   0: 0x8000119c (0x02bee8b3) rem     a7, t4, a1
core   0: 3 0x8000119c (0x02bee8b3) x17 0xfffffb1c
core   0: 0x800011a0 (0x00e28733) add     a4, t0, a4
core   0: 3 0x800011a0 (0x00e28733) x14 0x80014e64
core   0: 0x800011a4 (0x00d0e533) or      a0, ra, a3
core   0: 3 0x800011a4 (0x00d0e533) x10 0xff197fbf
core   0: 0x800011a8 (0x03648133) mul     sp, s1, s6
core   0: 3 0x800011a8 (0x03648133) x 2 0x00000000
core   0: 0x800011ac (0x017d57b3) srl     a5, s10, s7
core   0: 3 0x800011ac (0x017d57b3) x15 0x00000000
core   0: 0x800011b0 (0x02307e33) remu    t3, zero, gp
core   0: 3 0x800011b0 (0x02307e33) x28 0x00000000
core   0: 0x800011b4 (0x56cd1717) auipc   a4, 0x56cd1
core   0: 3 0x800011b4 (0x56cd1717) x14 0xd6cd21b4
core   0: 0x800011b8 (0x9ab27d37) lui     s10, 0x9ab27
core   0: 3 0x800011b8 (0x9ab27d37) x26 0x9ab27000
core   0: 0x800011bc (0x03099db3) mulh    s11, s3, a6
core   0: 3 0x800011bc (0x03099db3) x27 0x00000000
core   0: 0x800011c0 (0x013bc7b3) xor     a5, s7, s3
core   0: 3 0x800011c0 (0x013bc7b3) x15 0x00000000
core   0: 0x800011c4 (0x03512e33) mulhsu  t3, sp, s5
core   0: 3 0x800011c4 (0x03512e33) x28 0x00000000
core   0: 0x800011c8 (0x003974b3) and     s1, s2, gp
core   0: 3 0x800011c8 (0x003974b3) x 9 0x00000000
core   0: 0x800011cc (0x028ebcb3) mulhu   s9, t4, s0
core   0: 3 0x800011cc (0x028ebcb3) x25 0x00000000
core   0: 0x800011d0 (0x018d20b3) slt     ra, s10, s8
core   0: 3 0x800011d0 (0x018d20b3) x 1 0x00000001
core   0: 0x800011d4 (0x02707433) remu    s0, zero, t2
core   0: 3 0x800011d4 (0x02707433) x 8 0x00000000
core   0: 0x800011d8 (0xed62e613) ori     a2, t0, -298
core   0: 3 0x800011d8 (0xed62e613) x12 0xfffffef6
core   0: 0x800011dc (0xe4eafb93) andi    s7, s5, -434
core   0: 3 0x800011dc (0xe4eafb93) x23 0x04000a42
core   0: 0x800011e0 (0x02a081b3) mul     gp, ra, a0
core   0: 3 0x800011e0 (0x02a081b3) x 3 0xff197fbf
core   0: 0x800011e4 (0x0393f033) remu    zero, t2, s9
core   0: 3 0x800011e4 (0x0393f033)
core   0: 0x800011e8 (0x12d0f613) andi    a2, ra, 301
core   0: 3 0x800011e8 (0x12d0f613) x12 0x00000001
core   0: 0x800011ec (0x700cf537) lui     a0, 0x700cf
core   0: 3 0x800011ec (0x700cf537) x10 0x700cf000
core   0: 0x800011f0 (0x40495e13) srai    t3, s2, 4
core   0: 3 0x800011f0 (0x40495e13) x28 0x00000000
core   0: 0x800011f4 (0x03ea13b3) mulh    t2, s4, t5
core   0: 3 0x800011f4 (0x03ea13b3) x 7 0x00000000
core   0: 0x800011f8 (0x018e2933) slt     s2, t3, s8
core   0: 3 0x800011f8 (0x018e2933) x18 0x00000000
core   0: 0x800011fc (0x01c2d013) srli    zero, t0, 28
core   0: 3 0x800011fc (0x01c2d013)
core   0: 0x80001200 (0x9cc5cc93) xori    s9, a1, -1588
core   0: 3 0x80001200 (0x9cc5cc93) x25 0xfffff9cc
core   0: 0x80001204 (0x033b4cb3) div     s9, s6, s3
core   0: 3 0x80001204 (0x033b4cb3) x25 0xffffffff
core   0: 0x80001208 (0x01f05f13) srli    t5, zero, 31
core   0: 3 0x80001208 (0x01f05f13) x30 0x00000000
core   0: 0x8000120c (0x41ae8bb3) sub     s7, t4, s10
core   0: 3 0x8000120c (0x41ae8bb3) x23 0x654d8b1c
core   0: 0x80001210 (0xbcc98393) addi    t2, s3, -1076
core   0: 3 0x80001210 (0xbcc98393) x 7 0xfffffbcc
core   0: 0x80001214 (0x414d5d93) srai    s11, s10, 20
core   0: 3 0x80001214 (0x414d5d93) x27 0xfffff9ab
core   0: 0x80001218 (0x028d5fb3) divu    t6, s10, s0
core   0: 3 0x80001218 (0x028d5fb3) x31 0xffffffff
core   0: 0x8000121c (0x03474bb3) div     s7, a4, s4
core   0: 3 0x8000121c (0x03474bb3) x23 0x00000000
core   0: 0x80001220 (0x00f6f4b3) and     s1, a3, a5
core   0: 3 0x80001220 (0x00f6f4b3) x 9 0x00000000
core   0: 0x80001224 (0x00a8dc93) srli    s9, a7, 10
core   0: 3 0x80001224 (0x00a8dc93) x25 0x003ffffe
core   0: 0x80001228 (0x0237c033) div     zero, a5, gp
core   0: 3 0x80001228 (0x0237c033)
core   0: 0x8000122c (0xa9c8be93) sltiu   t4, a7, -1380
core   0: 3 0x8000122c (0xa9c8be93) x29 0x00000000
core   0: 0x80001230 (0x40e30f33) sub     t5, t1, a4
core   0: 3 0x80001230 (0x40e30f33) x30 0x2932de4d
core   0: 0x80001234 (0x41d95fb3) sra     t6, s2, t4
core   0: 3 0x80001234 (0x41d95fb3) x31 0x00000000
core   0: 0x80001238 (0x00b87c33) and     s8, a6, a1
core   0: 3 0x80001238 (0x00b87c33) x24 0x00000000
core   0: 0x8000123c (0x00000013) nop
core   0: 3 0x8000123c (0x00000013)
core   0: 0x80001240 (0x418ad833) sra     a6, s5, s8
core   0: 3 0x80001240 (0x418ad833) x16 0x04000a73
core   0: 0x80001244 (0xf485ae93) slti    t4, a1, -184
core   0: 3 0x80001244 (0xf485ae93) x29 0x00000000
core   0: 0x80001248 (0x0365fcb3) remu    s9, a1, s6
core   0: 3 0x80001248 (0x0365fcb3) x25 0x00000000
core   0: 0x8000124c (0x408dd413) srai    s0, s11, 8
core   0: 3 0x8000124c (0x408dd413) x 8 0xfffffff9
core   0: 0x80001250 (0x03ea0133) mul     sp, s4, t5
core   0: 3 0x80001250 (0x03ea0133) x 2 0xe12d1894
core   0: 0x80001254 (0x02774e33) div     t3, a4, t2
core   0: 3 0x80001254 (0x02774e33) x28 0x0009cd4a
core   0: 0x80001258 (0x018f4033) xor     zero, t5, s8
core   0: 3 0x80001258 (0x018f4033)
core   0: 0x8000125c (0x1efff713) andi    a4, t6, 495
core   0: 3 0x8000125c (0x1efff713) x14 0x00000000
core   0: 0x80001260 (0xf4d3fd93) andi    s11, t2, -179
core   0: 3 0x80001260 (0xf4d3fd93) x27 0xfffffb4c
core   0: 0x80001264 (0x78c32e93) slti    t4, t1, 1932
core   0: 3 0x80001264 (0x78c32e93) x29 0x00000001
core   0: 0x80001268 (0x81a04d93) xori    s11, zero, -2022
core   0: 3 0x80001268 (0x81a04d93) x27 0xfffff81a
core   0: 0x8000126c (0x0713f893) andi    a7, t2, 113
core   0: 3 0x8000126c (0x0713f893) x17 0x00000040
core   0: 0x80001270 (0x00000013) nop
core   0: 3 0x80001270 (0x00000013)
core   0: 0x80001274 (0x03796033) rem     zero, s2, s7
core   0: 3 0x80001274 (0x03796033)
core   0: 0x80001278 (0x490ccf93) xori    t6, s9, 1168
core   0: 3 0x80001278 (0x490ccf93) x31 0x00000490
core   0: 0x8000127c (0x010a99b3) sll     s3, s5, a6
core   0: 3 0x8000127c (0x010a99b3) x19 0x53980000
core   0: 0x80001280 (0x4169d213) srai    tp, s3, 22
core   0: 3 0x80001280 (0x4169d213) x 4 0x0000014e
core   0: 0x80001284 (0x7948c0b7) lui     ra, 0x7948c
core   0: 3 0x80001284 (0x7948c0b7) x 1 0x7948c000
core   0: 0x80001288 (0x0132ee33) or      t3, t0, s3
core   0: 3 0x80001288 (0x0132ee33) x28 0xd3994e64
core   0: 0x8000128c (0xff624413) xori    s0, tp, -10
core   0: 3 0x8000128c (0xff624413) x 8 0xfffffeb8
core   0: 0x80001290 (0x014a14b3) sll     s1, s4, s4
core   0: 3 0x80001290 (0x014a14b3) x 9 0x0018ce40
core   0: 0x80001294 (0x00000013) nop
core   0: 3 0x80001294 (0x00000013)
core   0: 0x80001298 (0x0073ee33) or      t3, t2, t2
core   0: 3 0x80001298 (0x0073ee33) x28 0xfffffbcc
core   0: 0x8000129c (0x00261db3) sll     s11, a2, sp
core   0: 3 0x8000129c (0x00261db3) x27 0x00100000
core   0: 0x800012a0 (0xccf84b97) auipc   s7, 0xccf84
core   0: 3 0x800012a0 (0xccf84b97) x23 0x4cf852a0
core   0: 0x800012a4 (0x66a2e317) auipc   t1, 0x66a2e
core   0: 3 0x800012a4 (0x66a2e317) x 6 0xe6a2f2a4
core   0: 0x800012a8 (0x01571f13) slli    t5, a4, 21
core   0: 3 0x800012a8 (0x01571f13) x30 0x00000000
core   0: 0x800012ac (0x01e91513) slli    a0, s2, 30
core   0: 3 0x800012ac (0x01e91513) x10 0x00000000
core   0: 0x800012b0 (0x8606ab97) auipc   s7, 0x8606a
core   0: 3 0x800012b0 (0x8606ab97) x23 0x0606b2b0
core   0: 0x800012b4 (0x039f5833) divu    a6, t5, s9
core   0: 3 0x800012b4 (0x039f5833) x16 0xffffffff
core   0: 0x800012b8 (0x40345213) srai    tp, s0, 3
core   0: 3 0x800012b8 (0x40345213) x 4 0xffffffd7
core   0: 0x800012bc (0x03a1edb3) rem     s11, gp, s10
core   0: 3 0x800012bc (0x03a1edb3) x27 0xff197fbf
core   0: 0x800012c0 (0x01c31893) slli    a7, t1, 28
core   0: 3 0x800012c0 (0x01c31893) x17 0x40000000
core   0: 0x800012c4 (0x19c7ab13) slti    s6, a5, 412
core   0: 3 0x800012c4 (0x19c7ab13) x22 0x00000001
core   0: 0x800012c8 (0x01ca5233) srl     tp, s4, t3
core   0: 3 0x800012c8 (0x01ca5233) x 4 0x00080018
core   0: 0x800012cc (0x4166d533) sra     a0, a3, s6
core   0: 3 0x800012cc (0x4166d533) x10 0xdf8cbd47
core   0: 0x800012d0 (0x02386133) rem     sp, a6, gp
core   0: 3 0x800012d0 (0x02386133) x 2 0xffffffff
core   0: 0x800012d4 (0x02db21b3) mulhsu  gp, s6, a3
core   0: 3 0x800012d4 (0x02db21b3) x 3 0x00000000
core   0: 0x800012d8 (0x410f5633) sra     a2, t5, a6
core   0: 3 0x800012d8 (0x410f5633) x12 0x00000000
core   0: 0x800012dc (0x021a5233) divu    tp, s4, ra
core   0: 3 0x800012dc (0x021a5233) x 4 0x00000001
core   0: 0x800012e0 (0x019f53b3) srl     t2, t5, s9
core   0: 3 0x800012e0 (0x019f53b3) x 7 0x00000000
core   0: 0x800012e4 (0xa9da7537) lui     a0, 0xa9da7
core   0: 3 0x800012e4 (0xa9da7537) x10 0xa9da7000
core   0: 0x800012e8 (0x03228133) mul     sp, t0, s2
core   0: 3 0x800012e8 (0x03228133) x 2 0x00000000
core   0: 0x800012ec (0x148d8b13) addi    s6, s11, 328
core   0: 3 0x800012ec (0x148d8b13) x22 0xff198107
core   0: 0x800012f0 (0x027fdd33) divu    s10, t6, t2
core   0: 3 0x800012f0 (0x027fdd33) x26 0xffffffff
core   0: 0x800012f4 (0x41cc5613) srai    a2, s8, 28
core   0: 3 0x800012f4 (0x41cc5613) x12 0x00000000
core   0: 0x800012f8 (0x0257f9b3) remu    s3, a5, t0
core   0: 3 0x800012f8 (0x0257f9b3) x19 0x00000000
core   0: 0x800012fc (0x009f1b93) slli    s7, t5, 9
core   0: 3 0x800012fc (0x009f1b93) x23 0x00000000
core   0: 0x80001300 (0x01c69713) slli    a4, a3, 28
core   0: 3 0x80001300 (0x01c69713) x14 0xe0000000
core   0: 0x80001304 (0x03187933) remu    s2, a6, a7
core   0: 3 0x80001304 (0x03187933) x18 0x3fffffff
core   0: 0x80001308 (0x01286eb3) or      t4, a6, s2
core   0: 3 0x80001308 (0x01286eb3) x29 0xffffffff
core   0: 0x8000130c (0x01552c33) slt     s8, a0, s5
core   0: 3 0x8000130c (0x01552c33) x24 0x00000001
core   0: 0x80001310 (0x01fda633) slt     a2, s11, t6
core   0: 3 0x80001310 (0x01fda633) x12 0x00000001
core   0: 0x80001314 (0x01124133) xor     sp, tp, a7
core   0: 3 0x80001314 (0x01124133) x 2 0x40000001
core   0: 0x80001318 (0x015b0b33) add     s6, s6, s5
core   0: 3 0x80001318 (0x015b0b33) x22 0x03198b7a
core   0: 0x8000131c (0x89994213) xori    tp, s2, -1895
core   0: 3 0x8000131c (0x89994213) x 4 0xc0000766
core   0: 0x80001320 (0x02530233) mul     tp, t1, t0
core   0: 3 0x80001320 (0x02530233) x 4 0xb038c010
core   0: 0x80001324 (0x03b36033) rem     zero, t1, s11
core   0: 3 0x80001324 (0x03b36033)
core   0: 0x80001328 (0xb27da893) slti    a7, s11, -1241
core   0: 3 0x80001328 (0xb27da893) x17 0x00000001
core   0: 0x8000132c (0x032bdcb3) divu    s9, s7, s2
core   0: 3 0x8000132c (0x032bdcb3) x25 0x00000000
core   0: 0x80001330 (0x40c30033) sub     zero, t1, a2
core   0: 3 0x80001330 (0x40c30033)
core   0: 0x80001334 (0x405709b3) sub     s3, a4, t0
core   0: 3 0x80001334 (0x405709b3) x19 0x5ffeb19c
core   0: 0x80001338 (0xb1d73e93) sltiu   t4, a4, -1251
core   0: 3 0x80001338 (0xb1d73e93) x29 0x00000001
core   0: 0x8000133c (0x009c45b3) xor     a1, s8, s1
core   0: 3 0x8000133c (0x009c45b3) x11 0x0018ce41
core   0: 0x80001340 (0x41165bb3) sra     s7, a2, a7
core   0: 3 0x80001340 (0x41165bb3) x23 0x00000000
core   0: 0x80001344 (0x023a25b3) mulhsu  a1, s4, gp
core   0: 3 0x80001344 (0x023a25b3) x11 0x00000000
core   0: 0x80001348 (0x033b7bb3) remu    s7, s6, s3
core   0: 3 0x80001348 (0x033b7bb3) x23 0x03198b7a
core   0: 0x8000134c (0x01935313) srli    t1, t1, 25
core   0: 3 0x8000134c (0x01935313) x 6 0x00000073
core   0: 0x80001350 (0xd7564f93) xori    t6, a2, -651
core   0: 3 0x80001350 (0xd7564f93) x31 0xfffffd74
core   0: 0x80001354 (0x028b1eb3) mulh    t4, s6, s0
core   0: 3 0x80001354 (0x028b1eb3) x29 0xfffffffc
core   0: 0x80001358 (0x2ad06613) ori     a2, zero, 685
core   0: 3 0x80001358 (0x2ad06613) x12 0x000002ad
core   0: 0x8000135c (0xafc6f793) andi    a5, a3, -1284
core   0: 3 0x8000135c (0xafc6f793) x15 0xbf197a8c
core   0: 0x80001360 (0x03fdfc13) andi    s8, s11, 63
core   0: 3 0x80001360 (0x03fdfc13) x24 0x0000003f
core   0: 0x80001364 (0x0027beb3) sltu    t4, a5, sp
core   0: 3 0x80001364 (0x0027beb3) x29 0x00000000
core   0: 0x80001368 (0x03d4e633) rem     a2, s1, t4
core   0: 3 0x80001368 (0x03d4e633) x12 0x0018ce40
core   0: 0x8000136c (0xf62cf113) andi    sp, s9, -158
core   0: 3 0x8000136c (0xf62cf113) x 2 0x00000000
core   0: 0x80001370 (0x019a1833) sll     a6, s4, s9
core   0: 3 0x80001370 (0x019a1833) x16 0x80018ce4
core   0: 0x80001374 (0x03e14733) div     a4, sp, t5
core   0: 3 0x80001374 (0x03e14733) x14 0xffffffff
core   0: 0x80001378 (0x02b8b433) mulhu   s0, a7, a1
core   0: 3 0x80001378 (0x02b8b433) x 8 0x00000000
core   0: 0x8000137c (0x01a34e33) xor     t3, t1, s10
core   0: 3 0x8000137c (0x01a34e33) x28 0xffffff8c
core   0: 0x80001380 (0x01741813) slli    a6, s0, 23
core   0: 3 0x80001380 (0x01741813) x16 0x00000000
core   0: 0x80001384 (0x006687b3) add     a5, a3, t1
core   0: 3 0x80001384 (0x006687b3) x15 0xbf197b01
core   0: 0x80001388 (0x411fdcb3) sra     s9, t6, a7
core   0: 3 0x80001388 (0x411fdcb3) x25 0xfffffeba
core   0: 0x8000138c (0x02dc1cb3) mulh    s9, s8, a3
core   0: 3 0x8000138c (0x02dc1cb3) x25 0xfffffff0
core   0: 0x80001390 (0x02a8bc33) mulhu   s8, a7, a0
core   0: 3 0x80001390 (0x02a8bc33) x24 0x00000000
core   0: 0x80001394 (0x00000013) nop
core   0: 3 0x80001394 (0x00000013)
core   0: 0x80001398 (0xe60f2893) slti    a7, t5, -416
core   0: 3 0x80001398 (0xe60f2893) x17 0x00000000
core   0: 0x8000139c (0x41628933) sub     s2, t0, s6
core   0: 3 0x8000139c (0x41628933) x18 0x7ce7c2ea
core   0: 0x800013a0 (0xd041bcb7) lui     s9, 0xd041b
core   0: 3 0x800013a0 (0xd041bcb7) x25 0xd041b000
core   0: 0x800013a4 (0x527a0c13) addi    s8, s4, 1319
core   0: 3 0x800013a4 (0x527a0c13) x24 0x8001920b
core   0: 0x800013a8 (0x0150b533) sltu    a0, ra, s5
core   0: 3 0x800013a8 (0x0150b533) x10 0x00000000
core   0: 0x800013ac (0x01aa63b3) or      t2, s4, s10
core   0: 3 0x800013ac (0x01aa63b3) x 7 0xffffffff
core   0: 0x800013b0 (0x0070a0b3) slt     ra, ra, t2
core   0: 3 0x800013b0 (0x0070a0b3) x 1 0x00000000
core   0: 0x800013b4 (0x02c954b3) divu    s1, s2, a2
core   0: 3 0x800013b4 (0x02c954b3) x 9 0x00000509
core   0: 0x800013b8 (0x4dd86bb7) lui     s7, 0x4dd86
core   0: 3 0x800013b8 (0x4dd86bb7) x23 0x4dd86000
core   0: 0x800013bc (0x00e2c733) xor     a4, t0, a4
core   0: 3 0x800013bc (0x00e2c733) x14 0x7ffeb19b
core   0: 0x800013c0 (0x45d39ab7) lui     s5, 0x45d39
core   0: 3 0x800013c0 (0x45d39ab7) x21 0x45d39000
core   0: 0x800013c4 (0x41d9d793) srai    a5, s3, 29
core   0: 3 0x800013c4 (0x41d9d793) x15 0x00000002
core   0: 0x800013c8 (0x448f4d13) xori    s10, t5, 1096
core   0: 3 0x800013c8 (0x448f4d13) x26 0x00000448
core   0: 0x800013cc (0x027991b3) mulh    gp, s3, t2
core   0: 3 0x800013cc (0x027991b3) x 3 0xffffffff
core   0: 0x800013d0 (0x02b57233) remu    tp, a0, a1
core   0: 3 0x800013d0 (0x02b57233) x 4 0x00000000
core   0: 0x800013d4 (0x41235b33) sra     s6, t1, s2
core   0: 3 0x800013d4 (0x41235b33) x22 0x00000000
core   0: 0x800013d8 (0x02ba3f33) mulhu   t5, s4, a1
core   0: 3 0x800013d8 (0x02ba3f33) x30 0x00000000
core   0: 0x800013dc (0x029b45b3) div     a1, s6, s1
core   0: 3 0x800013dc (0x029b45b3) x11 0x00000000
core   0: 0x800013e0 (0x8465ed93) ori     s11, a1, -1978
core   0: 3 0x800013e0 (0x8465ed93) x27 0xfffff846
core   0: 0x800013e4 (0x03727cb3) remu    s9, tp, s7
core   0: 3 0x800013e4 (0x03727cb3) x25 0x00000000
core   0: 0x800013e8 (0x2b126093) ori     ra, tp, 689
core   0: 3 0x800013e8 (0x2b126093) x 1 0x000002b1
core   0: 0x800013ec (0x3bfda0b7) lui     ra, 0x3bfda
core   0: 3 0x800013ec (0x3bfda0b7) x 1 0x3bfda000
core   0: 0x800013f0 (0x54864c93) xori    s9, a2, 1352
core   0: 3 0x800013f0 (0x54864c93) x25 0x0018cb08
core   0: 0x800013f4 (0x0119b033) sltu    zero, s3, a7
core   0: 3 0x800013f4 (0x0119b033)
core   0: 0x800013f8 (0x01042db3) slt     s11, s0, a6
core   0: 3 0x800013f8 (0x01042db3) x27 0x00000000
core   0: 0x800013fc (0xa54c6593) ori     a1, s8, -1452
core   0: 3 0x800013fc (0xa54c6593) x11 0xfffffa5f
core   0: 0x80001400 (0x4105d513) srai    a0, a1, 16
core   0: 3 0x80001400 (0x4105d513) x10 0xffffffff
core   0: 0x80001404 (0x411d5fb3) sra     t6, s10, a7
core   0: 3 0x80001404 (0x411d5fb3) x31 0x00000448
core   0: 0x80001408 (0x048a8013) addi    zero, s5, 72
core   0: 3 0x80001408 (0x048a8013)
core   0: 0x8000140c (0x01b337b3) sltu    a5, t1, s11
core   0: 3 0x8000140c (0x01b337b3) x15 0x00000000
core   0: 0x80001410 (0x02f3a833) mulhsu  a6, t2, a5
core   0: 3 0x80001410 (0x02f3a833) x16 0x00000000
core   0: 0x80001414 (0x0029a933) slt     s2, s3, sp
core   0: 3 0x80001414 (0x0029a933) x18 0x00000000
core   0: 0x80001418 (0x03cc6333) rem     t1, s8, t3
core   0: 3 0x80001418 (0x03cc6333) x 6 0xffffffa3
core   0: 0x8000141c (0x4146d533) sra     a0, a3, s4
core   0: 3 0x8000141c (0x4146d533) x10 0xfbf197a8
core   0: 0x80001420 (0x03d6f8b3) remu    a7, a3, t4
core   0: 3 0x80001420 (0x03d6f8b3) x17 0xbf197a8e
core   0: 0x80001424 (0x40f68ab3) sub     s5, a3, a5
core   0: 3 0x80001424 (0x40f68ab3) x21 0xbf197a8e
core   0: 0x80001428 (0x01044ab3) xor     s5, s0, a6
core   0: 3 0x80001428 (0x01044ab3) x21 0x00000000
core   0: 0x8000142c (0x01729eb3) sll     t4, t0, s7
core   0: 3 0x8000142c (0x01729eb3) x29 0x80014e64
core   0: 0x80001430 (0xb74bcf13) xori    t5, s7, -1164
core   0: 3 0x80001430 (0xb74bcf13) x30 0xb2279b74
core   0: 0x80001434 (0x02ade1b3) rem     gp, s11, a0
core   0: 3 0x80001434 (0x02ade1b3) x 3 0x00000000
core   0: 0x80001438 (0x01d5f4b3) and     s1, a1, t4
core   0: 3 0x80001438 (0x01d5f4b3) x 9 0x80014a44
core   0: 0x8000143c (0x00a720b3) slt     ra, a4, a0
core   0: 3 0x8000143c (0x00a720b3) x 1 0x00000000
core   0: 0x80001440 (0x003519b3) sll     s3, a0, gp
core   0: 3 0x80001440 (0x003519b3) x19 0xfbf197a8
core   0: 0x80001444 (0x03667633) remu    a2, a2, s6
core   0: 3 0x80001444 (0x03667633) x12 0x0018ce40
core   0: 0x80001448 (0x014f37b3) sltu    a5, t5, s4
core   0: 3 0x80001448 (0x014f37b3) x15 0x00000000
core   0: 0x8000144c (0x008bf233) and     tp, s7, s0
core   0: 3 0x8000144c (0x008bf233) x 4 0x00000000
core   0: 0x80001450 (0x4047d333) sra     t1, a5, tp
core   0: 3 0x80001450 (0x4047d333) x 6 0x00000000
core   0: 0x80001454 (0x00329833) sll     a6, t0, gp
core   0: 3 0x80001454 (0x00329833) x16 0x80014e64
core   0: 0x80001458 (0x8a680113) addi    sp, a6, -1882
core   0: 3 0x80001458 (0x8a680113) x 2 0x8001470a
core   0: 0x8000145c (0xa9162497) auipc   s1, 0xa9162
core   0: 3 0x8000145c (0xa9162497) x 9 0x2916345c
core   0: 0x80001460 (0x01448fb3) add     t6, s1, s4
core   0: 3 0x80001460 (0x01448fb3) x31 0xa917c140
core   0: 0x80001464 (0x02db3b33) mulhu   s6, s6, a3
core   0: 3 0x80001464 (0x02db3b33) x22 0x00000000
core   0: 0x80001468 (0xc9d56413) ori     s0, a0, -867
core   0: 3 0x80001468 (0xc9d56413) x 8 0xffffffbd
core   0: 0x8000146c (0x0031c233) xor     tp, gp, gp
core   0: 3 0x8000146c (0x0031c233) x 4 0x00000000
core   0: 0x80001470 (0x000700b3) add     ra, a4, zero
core   0: 3 0x80001470 (0x000700b3) x 1 0x7ffeb19b
core   0: 0x80001474 (0x03cee8b3) rem     a7, t4, t3
core   0: 3 0x80001474 (0x03cee8b3) x17 0xfffffff4
core   0: 0x80001478 (0x02358cb3) mul     s9, a1, gp
core   0: 3 0x80001478 (0x02358cb3) x25 0x00000000
core   0: 0x8000147c (0x03df7833) remu    a6, t5, t4
core   0: 3 0x8000147c (0x03df7833) x16 0x32264d10
core   0: 0x80001480 (0x1524e313) ori     t1, s1, 338
core   0: 3 0x80001480 (0x1524e313) x 6 0x2916355e
core   0: 0x80001484 (0x6643c793) xori    a5, t2, 1636
core   0: 3 0x80001484 (0x6643c793) x15 0xfffff99b
core   0: 0x80001488 (0xe31dc613) xori    a2, s11, -463
core   0: 3 0x80001488 (0xe31dc613) x12 0xfffffe31
core   0: 0x8000148c (0x40705c13) srai    s8, zero, 7
core   0: 3 0x8000148c (0x40705c13) x24 0x00000000
core   0: 0x80001490 (0x41ebdcb3) sra     s9, s7, t5
core   0: 3 0x80001490 (0x41ebdcb3) x25 0x000004dd
core   0: 0x80001494 (0x0034db33) srl     s6, s1, gp
core   0: 3 0x80001494 (0x0034db33) x22 0x2916345c
core   0: 0x80001498 (0x01941fb3) sll     t6, s0, s9
core   0: 3 0x80001498 (0x01941fb3) x31 0xa0000000
core   0: 0x8000149c (0x404ed313) srai    t1, t4, 4
core   0: 3 0x8000149c (0x404ed313) x 6 0xf80014e6
core   0: 0x800014a0 (0xfd37ed93) ori     s11, a5, -45
core   0: 3 0x800014a0 (0xfd37ed93) x27 0xffffffdb
core   0: 0x800014a4 (0x0050b9b3) sltu    s3, ra, t0
core   0: 3 0x800014a4 (0x0050b9b3) x19 0x00000001
core   0: 0x800014a8 (0x033a8ab3) mul     s5, s5, s3
core   0: 3 0x800014a8 (0x033a8ab3) x21 0x00000000
core   0: 0x800014ac (0xa950a793) slti    a5, ra, -1387
core   0: 3 0x800014ac (0xa950a793) x15 0x00000000
core   0: 0x800014b0 (0x0267a533) mulhsu  a0, a5, t1
core   0: 3 0x800014b0 (0x0267a533) x10 0x00000000
core   0: 0x800014b4 (0x017b1213) slli    tp, s6, 23
core   0: 3 0x800014b4 (0x017b1213) x 4 0x2e000000
core   0: 0x800014b8 (0x022f3833) mulhu   a6, t5, sp
core   0: 3 0x800014b8 (0x022f3833) x16 0x5914b151
core   0: 0x800014bc (0x0035bcb3) sltu    s9, a1, gp
core   0: 3 0x800014bc (0x0035bcb3) x25 0x00000000
core   0: 0x800014c0 (0x03923b33) mulhu   s6, tp, s9
core   0: 3 0x800014c0 (0x03923b33) x22 0x00000000
core   0: 0x800014c4 (0x0219e133) rem     sp, s3, ra
core   0: 3 0x800014c4 (0x0219e133) x 2 0x00000001
core   0: 0x800014c8 (0x00000013) nop
core   0: 3 0x800014c8 (0x00000013)
core   0: 0x800014cc (0xcf868c93) addi    s9, a3, -776
core   0: 3 0x800014cc (0xcf868c93) x25 0xbf197786
core   0: 0x800014d0 (0x00e777b3) and     a5, a4, a4
core   0: 3 0x800014d0 (0x00e777b3) x15 0x7ffeb19b
core   0: 0x800014d4 (0x022aa933) mulhsu  s2, s5, sp
core   0: 3 0x800014d4 (0x022aa933) x18 0x00000000
core   0: 0x800014d8 (0x011cbbb3) sltu    s7, s9, a7
core   0: 3 0x800014d8 (0x011cbbb3) x23 0x00000001
core   0: 0x800014dc (0x4bfc2513) slti    a0, s8, 1215
core   0: 3 0x800014dc (0x4bfc2513) x10 0x00000001
core   0: 0x800014e0 (0x0052f833) and     a6, t0, t0
core   0: 3 0x800014e0 (0x0052f833) x16 0x80014e64
core   0: 0x800014e4 (0x00021213) slli    tp, tp, 0
core   0: 3 0x800014e4 (0x00021213) x 4 0x2e000000
core   0: 0x800014e8 (0x00000013) nop
core   0: 3 0x800014e8 (0x00000013)
core   0: 0x800014ec (0xcb0f6193) ori     gp, t5, -848
core   0: 3 0x800014ec (0xcb0f6193) x 3 0xfffffff4
core   0: 0x800014f0 (0xbece0f13) addi    t5, t3, -1044
core   0: 3 0x800014f0 (0xbece0f13) x30 0xfffffb78
core   0: 0x800014f4 (0x01507933) and     s2, zero, s5
core   0: 3 0x800014f4 (0x01507933) x18 0x00000000
core   0: 0x800014f8 (0x00000013) nop
core   0: 3 0x800014f8 (0x00000013)
core   0: 0x800014fc (0x031c5cb3) divu    s9, s8, a7
core   0: 3 0x800014fc (0x031c5cb3) x25 0x00000000
core   0: 0x80001500 (0x00ac11b3) sll     gp, s8, a0
core   0: 3 0x80001500 (0x00ac11b3) x 3 0x00000000
core   0: 0x80001504 (0xa6cae893) ori     a7, s5, -1428
core   0: 3 0x80001504 (0xa6cae893) x17 0xfffffa6c
core   0: 0x80001508 (0x41e15113) srai    sp, sp, 30
core   0: 3 0x80001508 (0x41e15113) x 2 0x00000000
core   0: 0x8000150c (0x018b7b33) and     s6, s6, s8
core   0: 3 0x8000150c (0x018b7b33) x22 0x00000000
core   0: 0x80001510 (0x41cf2193) slti    gp, t5, 1052
core   0: 3 0x80001510 (0x41cf2193) x 3 0x00000001
core   0: 0x80001514 (0x31d74a97) auipc   s5, 0x31d74
core   0: 3 0x80001514 (0x31d74a97) x21 0xb1d75514
core   0: 0x80001518 (0x40b20433) sub     s0, tp, a1
core   0: 3 0x80001518 (0x40b20433) x 8 0x2e0005a1
core   0: 0x8000151c (0x015ec9b3) xor     s3, t4, s5
core   0: 3 0x8000151c (0x015ec9b3) x19 0x31d61b70
core   0: 0x80001520 (0x02fd2ab3) mulhsu  s5, s10, a5
core   0: 3 0x80001520 (0x02fd2ab3) x21 0x00000223
core   0: 0x80001524 (0x1a38a897) auipc   a7, 0x1a38a
core   0: 3 0x80001524 (0x1a38a897) x17 0x9a38b524
core   0: 0x80001528 (0x10f1e213) ori     tp, gp, 271
core   0: 3 0x80001528 (0x10f1e213) x 4 0x0000010f
core   0: 0x8000152c (0x0317fc33) remu    s8, a5, a7
core   0: 3 0x8000152c (0x0317fc33) x24 0x7ffeb19b
core   0: 0x80001530 (0x036e2db3) mulhsu  s11, t3, s6
core   0: 3 0x80001530 (0x036e2db3) x27 0x00000000
core   0: 0x80001534 (0x02815db3) divu    s11, sp, s0
core   0: 3 0x80001534 (0x02815db3) x27 0x00000000
core   0: 0x80001538 (0x22c8a213) slti    tp, a7, 556
core   0: 3 0x80001538 (0x22c8a213) x 4 0x00000001
core   0: 0x8000153c (0x01c66233) or      tp, a2, t3
core   0: 3 0x8000153c (0x01c66233) x 4 0xffffffbd
core   0: 0x80001540 (0x02bab433) mulhu   s0, s5, a1
core   0: 3 0x80001540 (0x02bab433) x 8 0x00000222
core   0: 0x80001544 (0xc9793813) sltiu   a6, s2, -873
core   0: 3 0x80001544 (0xc9793813) x16 0x00000001
core   0: 0x80001548 (0x00e3abb3) slt     s7, t2, a4
core   0: 3 0x80001548 (0x00e3abb3) x23 0x00000001
core   0: 0x8000154c (0x00000013) nop
core   0: 3 0x8000154c (0x00000013)
core   0: 0x80001550 (0x01c79d93) slli    s11, a5, 28
core   0: 3 0x80001550 (0x01c79d93) x27 0xb0000000
core   0: 0x80001554 (0x0091d9b3) srl     s3, gp, s1
core   0: 3 0x80001554 (0x0091d9b3) x19 0x00000000
core   0: 0x80001558 (0x00b013b3) sll     t2, zero, a1
core   0: 3 0x80001558 (0x00b013b3) x 7 0x00000000
core   0: 0x8000155c (0x00000013) nop
core   0: 3 0x8000155c (0x00000013)
core   0: 0x80001560 (0x033c6633) rem     a2, s8, s3
core   0: 3 0x80001560 (0x033c6633) x12 0x7ffeb19b
core   0: 0x80001564 (0x02d507b3) mul     a5, a0, a3
core   0: 3 0x80001564 (0x02d507b3) x15 0xbf197a8e
core   0: 0x80001568 (0x00369733) sll     a4, a3, gp
core   0: 3 0x80001568 (0x00369733) x14 0x7e32f51c
core   0: 0x8000156c (0x00000013) nop
core   0: 3 0x8000156c (0x00000013)
core   0: 0x80001570 (0x400c5fb3) sra     t6, s8, zero
core   0: 3 0x80001570 (0x400c5fb3) x31 0x7ffeb19b
core   0: 0x80001574 (0x41200b33) sub     s6, zero, s2
core   0: 3 0x80001574 (0x41200b33) x22 0x00000000
core   0: 0x80001578 (0xd7e40c93) addi    s9, s0, -642
core   0: 3 0x80001578 (0xd7e40c93) x25 0xffffffa0
core   0: 0x8000157c (0x002f5513) srli    a0, t5, 2
core   0: 3 0x8000157c (0x002f5513) x10 0x3ffffede
core   0: 0x80001580 (0x26812593) slti    a1, sp, 616
core   0: 3 0x80001580 (0x26812593) x11 0x00000001
core   0: 0x80001584 (0xbd61c913) xori    s2, gp, -1066
core   0: 3 0x80001584 (0xbd61c913) x18 0xfffffbd7
core   0: 0x80001588 (0x41790c33) sub     s8, s2, s7
core   0: 3 0x80001588 (0x41790c33) x24 0xfffffbd6
core   0: 0x8000158c (0x0068a533) slt     a0, a7, t1
core   0: 3 0x8000158c (0x0068a533) x10 0x00000001
core   0: 0x80001590 (0x026d37b3) mulhu   a5, s10, t1
core   0: 3 0x80001590 (0x026d37b3) x15 0x00000425
core   0: 0x80001594 (0xa6ed8d17) auipc   s10, 0xa6ed8
core   0: 3 0x80001594 (0xa6ed8d17) x26 0x26ed9594
core   0: 0x80001598 (0x00ae4d33) xor     s10, t3, a0
core   0: 3 0x80001598 (0x00ae4d33) x26 0xffffff8d
core   0: 0x8000159c (0x68edab13) slti    s6, s11, 1678
core   0: 3 0x8000159c (0x68edab13) x22 0x00000001
core   0: 0x800015a0 (0x006b5f93) srli    t6, s6, 6
core   0: 3 0x800015a0 (0x006b5f93) x31 0x00000000
core   0: 0x800015a4 (0x122b2637) lui     a2, 0x122b2
core   0: 3 0x800015a4 (0x122b2637) x12 0x122b2000
core   0: 0x800015a8 (0x00a1d1b3) srl     gp, gp, a0
core   0: 3 0x800015a8 (0x00a1d1b3) x 3 0x00000000
core   0: 0x800015ac (0x006fd1b3) srl     gp, t6, t1
core   0: 3 0x800015ac (0x006fd1b3) x 3 0x00000000
core   0: 0x800015b0 (0x83f50813) addi    a6, a0, -1985
core   0: 3 0x800015b0 (0x83f50813) x16 0xfffff840
core   0: 0x800015b4 (0x407e0d33) sub     s10, t3, t2
core   0: 3 0x800015b4 (0x407e0d33) x26 0xffffff8c
core   0: 0x800015b8 (0x03ddc5b3) div     a1, s11, t4
core   0: 3 0x800015b8 (0x03ddc5b3) x11 0x00000000
core   0: 0x800015bc (0x2e933d13) sltiu   s10, t1, 745
core   0: 3 0x800015bc (0x2e933d13) x26 0x00000000
core   0: 0x800015c0 (0x005965b3) or      a1, s2, t0
core   0: 3 0x800015c0 (0x005965b3) x11 0xfffffff7
core   0: 0x800015c4 (0x23102593) slti    a1, zero, 561
core   0: 3 0x800015c4 (0x23102593) x11 0x00000001
core   0: 0x800015c8 (0x992d3493) sltiu   s1, s10, -1646
core   0: 3 0x800015c8 (0x992d3493) x 9 0x00000001
core   0: 0x800015cc (0x035d0133) mul     sp, s10, s5
core   0: 3 0x800015cc (0x035d0133) x 2 0x00000000
core   0: 0x800015d0 (0x013348b3) xor     a7, t1, s3
core   0: 3 0x800015d0 (0x013348b3) x17 0xf80014e6
core   0: 0x800015d4 (0x00eac533) xor     a0, s5, a4
core   0: 3 0x800015d4 (0x00eac533) x10 0x7e32f73f
core   0: 0x800015d8 (0x03ee44b3) div     s1, t3, t5
core   0: 3 0x800015d8 (0x03ee44b3) x 9 0x00000000
core   0: 0x800015dc (0x02c3beb3) mulhu   t4, t2, a2
core   0: 3 0x800015dc (0x02c3beb3) x29 0x00000000
core   0: 0x800015e0 (0x015cb533) sltu    a0, s9, s5
core   0: 3 0x800015e0 (0x015cb533) x10 0x00000000
core   0: 0x800015e4 (0x41095c13) srai    s8, s2, 16
core   0: 3 0x800015e4 (0x41095c13) x24 0xffffffff
core   0: 0x800015e8 (0x003f1493) slli    s1, t5, 3
core   0: 3 0x800015e8 (0x003f1493) x 9 0xffffdbc0
core   0: 0x800015ec (0xeb227397) auipc   t2, 0xeb227
core   0: 3 0x800015ec (0xeb227397) x 7 0x6b2285ec
core   0: 0x800015f0 (0x00e938b3) sltu    a7, s2, a4
core   0: 3 0x800015f0 (0x00e938b3) x17 0x00000000
core   0: 0x800015f4 (0x000b1c93) slli    s9, s6, 0
core   0: 3 0x800015f4 (0x000b1c93) x25 0x00000001
core   0: 0x800015f8 (0x404a8333) sub     t1, s5, tp
core   0: 3 0x800015f8 (0x404a8333) x 6 0x00000266
core   0: 0x800015fc (0x003cc9b3) xor     s3, s9, gp
core   0: 3 0x800015fc (0x003cc9b3) x19 0x00000001
core   0: 0x80001600 (0xebae09b7) lui     s3, 0xebae0
core   0: 3 0x80001600 (0xebae09b7) x19 0xebae0000
core   0: 0x80001604 (0x033e2e33) mulhsu  t3, t3, s3
core   0: 3 0x80001604 (0x033e2e33) x28 0xffffff95
core   0: 0x80001608 (0x027a4533) div     a0, s4, t2
core   0: 3 0x80001608 (0x027a4533) x10 0xffffffff
core   0: 0x8000160c (0x0500e193) ori     gp, ra, 80
core   0: 3 0x8000160c (0x0500e193) x 3 0x7ffeb1db
core   0: 0x80001610 (0xd3b3a893) slti    a7, t2, -709
core   0: 3 0x80001610 (0xd3b3a893) x17 0x00000000
core   0: 0x80001614 (0x003234b3) sltu    s1, tp, gp
core   0: 3 0x80001614 (0x003234b3) x 9 0x00000000
core   0: 0x80001618 (0xdfce6317) auipc   t1, 0xdfce6
core   0: 3 0x80001618 (0xdfce6317) x 6 0x5fce7618
core   0: 0x8000161c (0x00a7e3b3) or      t2, a5, a0
core   0: 3 0x8000161c (0x00a7e3b3) x 7 0xffffffff
core   0: 0x80001620 (0x0201ce33) div     t3, gp, zero
core   0: 3 0x80001620 (0x0201ce33) x28 0xffffffff
core   0: 0x80001624 (0x00af3f33) sltu    t5, t5, a0
core   0: 3 0x80001624 (0x00af3f33) x30 0x00000001
core   0: 0x80001628 (0x00cb7c33) and     s8, s6, a2
core   0: 3 0x80001628 (0x00cb7c33) x24 0x00000000
core   0: 0x8000162c (0x01e09533) sll     a0, ra, t5
core   0: 3 0x8000162c (0x01e09533) x10 0xfffd6336
core   0: 0x80001630 (0x024b5733) divu    a4, s6, tp
core   0: 3 0x80001630 (0x024b5733) x14 0x00000000
core   0: 0x80001634 (0x02f853b3) divu    t2, a6, a5
core   0: 3 0x80001634 (0x02f853b3) x 7 0x003dc4a3
core   0: 0x80001638 (0x00a4d893) srli    a7, s1, 10
core   0: 3 0x80001638 (0x00a4d893) x17 0x00000000
core   0: 0x8000163c (0x00f83533) sltu    a0, a6, a5
core   0: 3 0x8000163c (0x00f83533) x10 0x00000000
core   0: 0x80001640 (0x029debb3) rem     s7, s11, s1
core   0: 3 0x80001640 (0x029debb3) x23 0xb0000000
core   0: 0x80001644 (0x02cd8fb3) mul     t6, s11, a2
core   0: 3 0x80001644 (0x02cd8fb3) x31 0x00000000
core   0: 0x80001648 (0x0235fdb3) remu    s11, a1, gp
core   0: 3 0x80001648 (0x0235fdb3) x27 0x00000001
core   0: 0x8000164c (0x3eacba97) auipc   s5, 0x3eacb
core   0: 3 0x8000164c (0x3eacba97) x21 0xbeacc64c
core   0: 0x80001650 (0x011693b3) sll     t2, a3, a7
core   0: 3 0x80001650 (0x011693b3) x 7 0xbf197a8e
core   0: 0x80001654 (0x00cc6d33) or      s10, s8, a2
core   0: 3 0x80001654 (0x00cc6d33) x26 0x122b2000
core   0: 0x80001658 (0x031cc7b3) div     a5, s9, a7
core   0: 3 0x80001658 (0x031cc7b3) x15 0xffffffff
core   0: 0x8000165c (0x013fa033) slt     zero, t6, s3
core   0: 3 0x8000165c (0x013fa033)
core   0: 0x80001660 (0x03a381b3) mul     gp, t2, s10
core   0: 3 0x80001660 (0x03a381b3) x 3 0xc12bc000
core   0: 0x80001664 (0x01418ab3) add     s5, gp, s4
core   0: 3 0x80001664 (0x01418ab3) x21 0x412d4ce4
core   0: 0x80001668 (0x3906fd13) andi    s10, a3, 912
core   0: 3 0x80001668 (0x3906fd13) x26 0x00000280
core   0: 0x8000166c (0xcbb52513) slti    a0, a0, -837
core   0: 3 0x8000166c (0xcbb52513) x10 0x00000000
core   0: 0x80001670 (0x0145ecb3) or      s9, a1, s4
core   0: 3 0x80001670 (0x0145ecb3) x25 0x80018ce5
core   0: 0x80001674 (0x01d7df93) srli    t6, a5, 29
core   0: 3 0x80001674 (0x01d7df93) x31 0x00000007
core   0: 0x80001678 (0x00357fb3) and     t6, a0, gp
core   0: 3 0x80001678 (0x00357fb3) x31 0x00000000
core   0: 0x8000167c (0x01379c93) slli    s9, a5, 19
core   0: 3 0x8000167c (0x01379c93) x25 0xfff80000
core   0: 0x80001680 (0xe1c52f13) slti    t5, a0, -484
core   0: 3 0x80001680 (0xe1c52f13) x30 0x00000000
core   0: 0x80001684 (0x03e199b3) mulh    s3, gp, t5
core   0: 3 0x80001684 (0x03e199b3) x19 0x00000000
core   0: 0x80001688 (0x311db513) sltiu   a0, s11, 785
core   0: 3 0x80001688 (0x311db513) x10 0x00000001
core   0: 0x8000168c (0x4178d813) srai    a6, a7, 23
core   0: 3 0x8000168c (0x4178d813) x16 0x00000000
core   0: 0x80001690 (0x03a254b3) divu    s1, tp, s10
core   0: 3 0x80001690 (0x03a254b3) x 9 0x00666666
core   0: 0x80001694 (0x8650b513) sltiu   a0, ra, -1947
core   0: 3 0x80001694 (0x8650b513) x10 0x00000001
core   0: 0x80001698 (0x017e3fb3) sltu    t6, t3, s7
core   0: 3 0x80001698 (0x017e3fb3) x31 0x00000000
core   0: 0x8000169c (0x00eb3fb3) sltu    t6, s6, a4
core   0: 3 0x8000169c (0x00eb3fb3) x31 0x00000000
core   0: 0x800016a0 (0xfc905397) auipc   t2, 0xfc905
core   0: 3 0x800016a0 (0xfc905397) x 7 0x7c9066a0
core   0: 0x800016a4 (0x037ee4b3) rem     s1, t4, s7
core   0: 3 0x800016a4 (0x037ee4b3) x 9 0x00000000
core   0: 0x800016a8 (0x02bbee93) ori     t4, s7, 43
core   0: 3 0x800016a8 (0x02bbee93) x29 0xb000002b
core   0: 0x800016ac (0x02781e33) mulh    t3, a6, t2
core   0: 3 0x800016ac (0x02781e33) x28 0x00000000
core   0: 0x800016b0 (0x0296c633) div     a2, a3, s1
core   0: 3 0x800016b0 (0x0296c633) x12 0xffffffff
core   0: 0x800016b4 (0x01a7e033) or      zero, a5, s10
core   0: 3 0x800016b4 (0x01a7e033)
core   0: 0x800016b8 (0x0105c833) xor     a6, a1, a6
core   0: 3 0x800016b8 (0x0105c833) x16 0x00000001
core   0: 0x800016bc (0x01fb9ab3) sll     s5, s7, t6
core   0: 3 0x800016bc (0x01fb9ab3) x21 0xb0000000
core   0: 0x800016c0 (0x385e6c13) ori     s8, t3, 901
core   0: 3 0x800016c0 (0x385e6c13) x24 0x00000385
core   0: 0x800016c4 (0xb9fe3a93) sltiu   s5, t3, -1121
core   0: 3 0x800016c4 (0xb9fe3a93) x21 0x00000001
core   0: 0x800016c8 (0x3815e493) ori     s1, a1, 897
core   0: 3 0x800016c8 (0x3815e493) x 9 0x00000381
core   0: 0x800016cc (0x41248fb3) sub     t6, s1, s2
core   0: 3 0x800016cc (0x41248fb3) x31 0x000007aa
core   0: 0x800016d0 (0x2d5bfb93) andi    s7, s7, 725
core   0: 3 0x800016d0 (0x2d5bfb93) x23 0x00000000
core   0: 0x800016d4 (0x409d01b3) sub     gp, s10, s1
core   0: 3 0x800016d4 (0x409d01b3) x 3 0xfffffeff
core   0: 0x800016d8 (0x2cb8b613) sltiu   a2, a7, 715
core   0: 3 0x800016d8 (0x2cb8b613) x12 0x00000001
core   0: 0x800016dc (0x406b5fb3) sra     t6, s6, t1
core   0: 3 0x800016dc (0x406b5fb3) x31 0x00000000
core   0: 0x800016e0 (0x410003b3) sub     t2, zero, a6
core   0: 3 0x800016e0 (0x410003b3) x 7 0xffffffff
core   0: 0x800016e4 (0x03321c33) mulh    s8, tp, s3
core   0: 3 0x800016e4 (0x03321c33) x24 0x00000000
core   0: 0x800016e8 (0x01566033) or      zero, a2, s5
core   0: 3 0x800016e8 (0x01566033)
core   0: 0x800016ec (0x01c5b233) sltu    tp, a1, t3
core   0: 3 0x800016ec (0x01c5b233) x 4 0x00000000
core   0: 0x800016f0 (0xb02b4db7) lui     s11, 0xb02b4
core   0: 3 0x800016f0 (0xb02b4db7) x27 0xb02b4000
core   0: 0x800016f4 (0x24b5e393) ori     t2, a1, 587
core   0: 3 0x800016f4 (0x24b5e393) x 7 0x0000024b
core   0: 0x800016f8 (0x48c62313) slti    t1, a2, 1164
core   0: 3 0x800016f8 (0x48c62313) x 6 0x00000001
core   0: 0x800016fc (0xcd660513) addi    a0, a2, -810
core   0: 3 0x800016fc (0xcd660513) x10 0xfffffcd7
core   0: 0x80001700 (0x685e5f37) lui     t5, 0x685e5
core   0: 3 0x80001700 (0x685e5f37) x30 0x685e5000
core   0: 0x80001704 (0x02df2233) mulhsu  tp, t5, a3
core   0: 3 0x80001704 (0x02df2233) x 4 0x4de8c0dc
core   0: 0x80001708 (0x01177233) and     tp, a4, a7
core   0: 3 0x80001708 (0x01177233) x 4 0x00000000
core   0: 0x8000170c (0x026235b3) mulhu   a1, tp, t1
core   0: 3 0x8000170c (0x026235b3) x11 0x00000000
core   0: 0x80001710 (0x00ea31b3) sltu    gp, s4, a4
core   0: 3 0x80001710 (0x00ea31b3) x 3 0x00000000
core   0: 0x80001714 (0x40190533) sub     a0, s2, ra
core   0: 3 0x80001714 (0x40190533) x10 0x80014a3c
core   0: 0x80001718 (0xd6274593) xori    a1, a4, -670
core   0: 3 0x80001718 (0xd6274593) x11 0xfffffd62
core   0: 0x8000171c (0x03e0a4b3) mulhsu  s1, ra, t5
core   0: 3 0x8000171c (0x03e0a4b3) x 9 0x342e9fab
core   0: 0x80001720 (0x019685b3) add     a1, a3, s9
core   0: 3 0x80001720 (0x019685b3) x11 0xbf117a8e
core   0: 0x80001724 (0x00d61db3) sll     s11, a2, a3
core   0: 3 0x80001724 (0x00d61db3) x27 0x00004000
core   0: 0x80001728 (0x72b6fe37) lui     t3, 0x72b6f
core   0: 3 0x80001728 (0x72b6fe37) x28 0x72b6f000
core   0: 0x8000172c (0x00f19b33) sll     s6, gp, a5
core   0: 3 0x8000172c (0x00f19b33) x22 0x00000000
core   0: 0x80001730 (0x02de3d33) mulhu   s10, t3, a3
core   0: 3 0x80001730 (0x02de3d33) x26 0x55a1e7d8
core   0: 0x80001734 (0x7a397393) andi    t2, s2, 1955
core   0: 3 0x80001734 (0x7a397393) x 7 0x00000383
core   0: 0x80001738 (0x013314b3) sll     s1, t1, s3
core   0: 3 0x80001738 (0x013314b3) x 9 0x00000001
core   0: 0x8000173c (0x012141b3) xor     gp, sp, s2
core   0: 3 0x8000173c (0x012141b3) x 3 0xfffffbd7
core   0: 0x80001740 (0x03960333) mul     t1, a2, s9
core   0: 3 0x80001740 (0x03960333) x 6 0xfff80000
core   0: 0x80001744 (0x40a05fb3) sra     t6, zero, a0
core   0: 3 0x80001744 (0x40a05fb3) x31 0x00000000
core   0: 0x80001748 (0x017977b3) and     a5, s2, s7
core   0: 3 0x80001748 (0x017977b3) x15 0x00000000
core   0: 0x8000174c (0x00554b33) xor     s6, a0, t0
core   0: 3 0x8000174c (0x00554b33) x22 0x00000458
core   0: 0x80001750 (0x417ad9b3) sra     s3, s5, s7
core   0: 3 0x80001750 (0x417ad9b3) x19 0x00000001
core   0: 0x80001754 (0xd0e42637) lui     a2, 0xd0e42
core   0: 3 0x80001754 (0xd0e42637) x12 0xd0e42000
core   0: 0x80001758 (0xed5ee213) ori     tp, t4, -299
core   0: 3 0x80001758 (0xed5ee213) x 4 0xfffffeff
core   0: 0x8000175c (0x03fbd8b3) divu    a7, s7, t6
core   0: 3 0x8000175c (0x03fbd8b3) x17 0xffffffff
core   0: 0x80001760 (0x41a00bb3) sub     s7, zero, s10
core   0: 3 0x80001760 (0x41a00bb3) x23 0xaa5e1828
core   0: 0x80001764 (0x342fcb93) xori    s7, t6, 834
core   0: 3 0x80001764 (0x342fcb93) x23 0x00000342
core   0: 0x80001768 (0x2c958817) auipc   a6, 0x2c958
core   0: 3 0x80001768 (0x2c958817) x16 0xac959768
core   0: 0x8000176c (0x41758533) sub     a0, a1, s7
core   0: 3 0x8000176c (0x41758533) x10 0xbf11774c
core   0: 0x80001770 (0x0064a133) slt     sp, s1, t1
core   0: 3 0x80001770 (0x0064a133) x 2 0x00000000
core   0: 0x80001774 (0x04926493) ori     s1, tp, 73
core   0: 3 0x80001774 (0x04926493) x 9 0xfffffeff
core   0: 0x80001778 (0x03bc4633) div     a2, s8, s11
core   0: 3 0x80001778 (0x03bc4633) x12 0x00000000
core   0: 0x8000177c (0x03b78333) mul     t1, a5, s11
core   0: 3 0x8000177c (0x03b78333) x 6 0x00000000
core   0: 0x80001780 (0x01103b33) snez    s6, a7
core   0: 3 0x80001780 (0x01103b33) x22 0x00000001
core   0: 0x80001784 (0xf8b63793) sltiu   a5, a2, -117
core   0: 3 0x80001784 (0xf8b63793) x15 0x00000001
core   0: 0x80001788 (0x495ca213) slti    tp, s9, 1173
core   0: 3 0x80001788 (0x495ca213) x 4 0x00000001
core   0: 0x8000178c (0xf50a6eb7) lui     t4, 0xf50a6
core   0: 3 0x8000178c (0xf50a6eb7) x29 0xf50a6000
core   0: 0x80001790 (0xd3412d97) auipc   s11, 0xd3412
core   0: 3 0x80001790 (0xd3412d97) x27 0x53413790
core   0: 0x80001794 (0x40d55e33) sra     t3, a0, a3
core   0: 3 0x80001794 (0x40d55e33) x28 0xfffefc45
core   0: 0x80001798 (0x03fd9ab3) mulh    s5, s11, t6
core   0: 3 0x80001798 (0x03fd9ab3) x21 0x00000000
core   0: 0x8000179c (0x02e10bb3) mul     s7, sp, a4
core   0: 3 0x8000179c (0x02e10bb3) x23 0x00000000
core   0: 0x800017a0 (0x40865793) srai    a5, a2, 8
core   0: 3 0x800017a0 (0x40865793) x15 0x00000000
core   0: 0x800017a4 (0x02a04ab3) div     s5, zero, a0
core   0: 3 0x800017a4 (0x02a04ab3) x21 0x00000000
core   0: 0x800017a8 (0x02a5b1b3) mulhu   gp, a1, a0
core   0: 3 0x800017a8 (0x02a5b1b3) x 3 0x8e9b13a2
core   0: 0x800017ac (0xd19f1b17) auipc   s6, 0xd19f1
core   0: 3 0x800017ac (0xd19f1b17) x22 0x519f27ac
core   0: 0x800017b0 (0x8cf3d217) auipc   tp, 0x8cf3d
core   0: 3 0x800017b0 (0x8cf3d217) x 4 0x0cf3e7b0
core   0: 0x800017b4 (0x413d00b3) sub     ra, s10, s3
core   0: 3 0x800017b4 (0x413d00b3) x 1 0x55a1e7d7
core   0: 0x800017b8 (0x00e20733) add     a4, tp, a4
core   0: 3 0x800017b8 (0x00e20733) x14 0x0cf3e7b0
core   0: 0x800017bc (0x01a16633) or      a2, sp, s10
core   0: 3 0x800017bc (0x01a16633) x12 0x55a1e7d8
core   0: 0x800017c0 (0x033469b3) rem     s3, s0, s3
core   0: 3 0x800017c0 (0x033469b3) x19 0x00000000
core   0: 0x800017c4 (0x02634e33) div     t3, t1, t1
core   0: 3 0x800017c4 (0x02634e33) x28 0xffffffff
core   0: 0x800017c8 (0x013a2e33) slt     t3, s4, s3
core   0: 3 0x800017c8 (0x013a2e33) x28 0x00000001
core   0: 0x800017cc (0x95280c93) addi    s9, a6, -1710
core   0: 3 0x800017cc (0x95280c93) x25 0xac9590ba
core   0: 0x800017d0 (0xd7b6f513) andi    a0, a3, -645
core   0: 3 0x800017d0 (0xd7b6f513) x10 0xbf19780a
core   0: 0x800017d4 (0x01725593) srli    a1, tp, 23
core   0: 3 0x800017d4 (0x01725593) x11 0x00000019
core   0: 0x800017d8 (0x0392ccb3) div     s9, t0, s9
core   0: 3 0x800017d8 (0x0392ccb3) x25 0x00000001
core   0: 0x800017dc (0x00000013) nop
core   0: 3 0x800017dc (0x00000013)
core   0: 0x800017e0 (0x000ea5b3) slt     a1, t4, zero
core   0: 3 0x800017e0 (0x000ea5b3) x11 0x00000001
core   0: 0x800017e4 (0x41e10433) sub     s0, sp, t5
core   0: 3 0x800017e4 (0x41e10433) x 8 0x97a1b000
core   0: 0x800017e8 (0x00d2f733) and     a4, t0, a3
core   0: 3 0x800017e8 (0x00d2f733) x14 0x80014a04
core   0: 0x800017ec (0xdc4aad93) slti    s11, s5, -572
core   0: 3 0x800017ec (0xdc4aad93) x27 0x00000000
core   0: 0x800017f0 (0x002b1ab3) sll     s5, s6, sp
core   0: 3 0x800017f0 (0x002b1ab3) x21 0x519f27ac
core   0: 0x800017f4 (0x00047cb3) and     s9, s0, zero
core   0: 3 0x800017f4 (0x00047cb3) x25 0x00000000
core   0: 0x800017f8 (0x019a6ab3) or      s5, s4, s9
core   0: 3 0x800017f8 (0x019a6ab3) x21 0x80018ce4
core   0: 0x800017fc (0xd93d6313) ori     t1, s10, -621
core   0: 3 0x800017fc (0xd93d6313) x 6 0xffffffdb
core   0: 0x80001800 (0x038af233) remu    tp, s5, s8
core   0: 3 0x80001800 (0x038af233) x 4 0x80018ce4
core   0: 0x80001804 (0x02f249b3) div     s3, tp, a5
core   0: 3 0x80001804 (0x02f249b3) x19 0xffffffff
core   0: 0x80001808 (0x00c7e633) or      a2, a5, a2
core   0: 3 0x80001808 (0x00c7e633) x12 0x55a1e7d8
core   0: 0x8000180c (0x0b83b813) sltiu   a6, t2, 184
core   0: 3 0x8000180c (0x0b83b813) x16 0x00000000
core   0: 0x80001810 (0x00000013) nop
core   0: 3 0x80001810 (0x00000013)
core   0: 0x80001814 (0x40b2d1b3) sra     gp, t0, a1
core   0: 3 0x80001814 (0x40b2d1b3) x 3 0xc000a732
core   0: 0x80001818 (0x01247eb3) and     t4, s0, s2
core   0: 3 0x80001818 (0x01247eb3) x29 0x97a1b000
core   0: 0x8000181c (0xf39a4813) xori    a6, s4, -199
core   0: 3 0x8000181c (0xf39a4813) x16 0x7ffe73dd
core   0: 0x80001820 (0x4d4d2e93) slti    t4, s10, 1236
core   0: 3 0x80001820 (0x4d4d2e93) x29 0x00000000
core   0: 0x80001824 (0x6e93ac13) slti    s8, t2, 1769
core   0: 3 0x80001824 (0x6e93ac13) x24 0x00000001
core   0: 0x80001828 (0x03caa233) mulhsu  tp, s5, t3
core   0: 3 0x80001828 (0x03caa233) x 4 0xffffffff
core   0: 0x8000182c (0x0061db13) srli    s6, gp, 6
core   0: 3 0x8000182c (0x0061db13) x22 0x0300029c
core   0: 0x80001830 (0x8e17c493) xori    s1, a5, -1823
core   0: 3 0x80001830 (0x8e17c493) x 9 0xfffff8e1
core   0: 0x80001834 (0x2b7c2f93) slti    t6, s8, 695
core   0: 3 0x80001834 (0x2b7c2f93) x31 0x00000001
core   0: 0x80001838 (0x037554b3) divu    s1, a0, s7
core   0: 3 0x80001838 (0x037554b3) x 9 0xffffffff
core   0: 0x8000183c (0x00000013) nop
core   0: 3 0x8000183c (0x00000013)
core   0: 0x80001840 (0x6a684313) xori    t1, a6, 1702
core   0: 3 0x80001840 (0x6a684313) x 6 0x7ffe757b
core   0: 0x80001844 (0x01db7c33) and     s8, s6, t4
core   0: 3 0x80001844 (0x01db7c33) x24 0x00000000
core   0: 0x80001848 (0x00ce1433) sll     s0, t3, a2
core   0: 3 0x80001848 (0x00ce1433) x 8 0x01000000
core   0: 0x8000184c (0x00219633) sll     a2, gp, sp
core   0: 3 0x8000184c (0x00219633) x12 0xc000a732
core   0: 0x80001850 (0x0253e9b3) rem     s3, t2, t0
core   0: 3 0x80001850 (0x0253e9b3) x19 0x00000383
core   0: 0x80001854 (0x41405833) sra     a6, zero, s4
core   0: 3 0x80001854 (0x41405833) x16 0x00000000
core   0: 0x80001858 (0x03b781b3) mul     gp, a5, s11
core   0: 3 0x80001858 (0x03b781b3) x 3 0x00000000
core   0: 0x8000185c (0x03066e33) rem     t3, a2, a6
core   0: 3 0x8000185c (0x03066e33) x28 0xc000a732
core   0: 0x80001860 (0x016ccd33) xor     s10, s9, s6
core   0: 3 0x80001860 (0x016ccd33) x26 0x0300029c
core   0: 0x80001864 (0xf93a4093) xori    ra, s4, -109
core   0: 3 0x80001864 (0xf93a4093) x 1 0x7ffe7377
core   0: 0x80001868 (0x00011b93) slli    s7, sp, 0
core   0: 3 0x80001868 (0x00011b93) x23 0x00000000
core   0: 0x8000186c (0x03666f33) rem     t5, a2, s6
core   0: 3 0x8000186c (0x03666f33) x30 0xff00ddfe
core   0: 0x80001870 (0x40cad393) srai    t2, s5, 12
core   0: 3 0x80001870 (0x40cad393) x 7 0xfff80018
core   0: 0x80001874 (0xaf4b3437) lui     s0, 0xaf4b3
core   0: 3 0x80001874 (0xaf4b3437) x 8 0xaf4b3000
core   0: 0x80001878 (0x023150b3) divu    ra, sp, gp
core   0: 3 0x80001878 (0x023150b3) x 1 0xffffffff
core   0: 0x8000187c (0x01924eb3) xor     t4, tp, s9
core   0: 3 0x8000187c (0x01924eb3) x29 0xffffffff
core   0: 0x80001880 (0x40585d93) srai    s11, a6, 5
core   0: 3 0x80001880 (0x40585d93) x27 0x00000000
core   0: 0x80001884 (0x54b6cc13) xori    s8, a3, 1355
core   0: 3 0x80001884 (0x54b6cc13) x24 0xbf197fc5
core   0: 0x80001888 (0x0252a133) mulhsu  sp, t0, t0
core   0: 3 0x80001888 (0x0252a133) x 2 0xc0000001
core   0: 0x8000188c (0x01d330b3) sltu    ra, t1, t4
core   0: 3 0x8000188c (0x01d330b3) x 1 0x00000001
core   0: 0x80001890 (0x4056df33) sra     t5, a3, t0
core   0: 3 0x80001890 (0x4056df33) x30 0xfbf197a8
core   0: 0x80001894 (0x003840b3) xor     ra, a6, gp
core   0: 3 0x80001894 (0x003840b3) x 1 0x00000000
core   0: 0x80001898 (0x7652fb13) andi    s6, t0, 1893
core   0: 3 0x80001898 (0x7652fb13) x22 0x00000664
core   0: 0x8000189c (0x004ab933) sltu    s2, s5, tp
core   0: 3 0x8000189c (0x004ab933) x18 0x00000001
core   0: 0x800018a0 (0x41c9dc93) srai    s9, s3, 28
core   0: 3 0x800018a0 (0x41c9dc93) x25 0x00000000
core   0: 0x800018a4 (0x01881033) sll     zero, a6, s8
core   0: 3 0x800018a4 (0x01881033)
core   0: 0x800018a8 (0x03dfe7b3) rem     a5, t6, t4
core   0: 3 0x800018a8 (0x03dfe7b3) x15 0x00000000
core   0: 0x800018ac (0x018df533) and     a0, s11, s8
core   0: 3 0x800018ac (0x018df533) x10 0x00000000
core   0: 0x800018b0 (0x40605913) srai    s2, zero, 6
core   0: 3 0x800018b0 (0x40605913) x18 0x00000000
core   0: 0x800018b4 (0x1e156013) ori     zero, a0, 481
core   0: 3 0x800018b4 (0x1e156013)
core   0: 0x800018b8 (0x0101d813) srli    a6, gp, 16
core   0: 3 0x800018b8 (0x0101d813) x16 0x00000000
core   0: 0x800018bc (0x009b1493) slli    s1, s6, 9
core   0: 3 0x800018bc (0x009b1493) x 9 0x000cc800
core   0: 0x800018c0 (0x03266f33) rem     t5, a2, s2
core   0: 3 0x800018c0 (0x03266f33) x30 0xc000a732
core   0: 0x800018c4 (0x00000013) nop
core   0: 3 0x800018c4 (0x00000013)
core   0: 0x800018c8 (0x0398d033) divu    zero, a7, s9
core   0: 3 0x800018c8 (0x0398d033)
core   0: 0x800018cc (0x614c83b7) lui     t2, 0x614c8
core   0: 3 0x800018cc (0x614c83b7) x 7 0x614c8000
core   0: 0x800018d0 (0x0313f5b3) remu    a1, t2, a7
core   0: 3 0x800018d0 (0x0313f5b3) x11 0x614c8000
core   0: 0x800018d4 (0x02cbe4b3) rem     s1, s7, a2
core   0: 3 0x800018d4 (0x02cbe4b3) x 9 0x00000000
core   0: 0x800018d8 (0xe205e993) ori     s3, a1, -480
core   0: 3 0x800018d8 (0xe205e993) x19 0xfffffe20
core   0: 0x800018dc (0xaccd0313) addi    t1, s10, -1332
core   0: 3 0x800018dc (0xaccd0313) x 6 0x02fffd68
core   0: 0x800018e0 (0x038024b3) mulhsu  s1, zero, s8
core   0: 3 0x800018e0 (0x038024b3) x 9 0x00000000
core   0: 0x800018e4 (0xf53c3c13) sltiu   s8, s8, -173
core   0: 3 0x800018e4 (0xf53c3c13) x24 0x00000001
core   0: 0x800018e8 (0xa39bad93) slti    s11, s7, -1479
core   0: 3 0x800018e8 (0xa39bad93) x27 0x00000000
core   0: 0x800018ec (0x0207f3b3) remu    t2, a5, zero
core   0: 3 0x800018ec (0x0207f3b3) x 7 0x00000000
core   0: 0x800018f0 (0x031b49b3) div     s3, s6, a7
core   0: 3 0x800018f0 (0x031b49b3) x19 0xfffff99c
core   0: 0x800018f4 (0x400add93) srai    s11, s5, 0
core   0: 3 0x800018f4 (0x400add93) x27 0x80018ce4
core   0: 0x800018f8 (0x98c5c793) xori    a5, a1, -1652
core   0: 3 0x800018f8 (0x98c5c793) x15 0x9eb3798c
core   0: 0x800018fc (0x03a15d33) divu    s10, sp, s10
core   0: 3 0x800018fc (0x03a15d33) x26 0x0000003f
core   0: 0x80001900 (0x015a7133) and     sp, s4, s5
core   0: 3 0x80001900 (0x015a7133) x 2 0x80018ce4
core   0: 0x80001904 (0x014c5bb3) srl     s7, s8, s4
core   0: 3 0x80001904 (0x014c5bb3) x23 0x00000000
core   0: 0x80001908 (0x0067de93) srli    t4, a5, 6
core   0: 3 0x80001908 (0x0067de93) x29 0x027acde6
core   0: 0x8000190c (0x40830233) sub     tp, t1, s0
core   0: 3 0x8000190c (0x40830233) x 4 0x53b4cd68
core   0: 0x80001910 (0x00a991b3) sll     gp, s3, a0
core   0: 3 0x80001910 (0x00a991b3) x 3 0xfffff99c
core   0: 0x80001914 (0x000ddd33) srl     s10, s11, zero
core   0: 3 0x80001914 (0x000ddd33) x26 0x80018ce4
core   0: 0x80001918 (0x02d76633) rem     a2, a4, a3
core   0: 3 0x80001918 (0x02d76633) x12 0xc0e7cf76
core   0: 0x8000191c (0x00c31913) slli    s2, t1, 12
core   0: 3 0x8000191c (0x00c31913) x18 0xffd68000
core   0: 0x80001920 (0x40ae5033) sra     zero, t3, a0
core   0: 3 0x80001920 (0x40ae5033)
core   0: 0x80001924 (0x5aeb4037) lui     zero, 0x5aeb4
core   0: 3 0x80001924 (0x5aeb4037)
core   0: 0x80001928 (0x01b69933) sll     s2, a3, s11
core   0: 3 0x80001928 (0x01b69933) x18 0xf197a8e0
core   0: 0x8000192c (0x000a5813) srli    a6, s4, 0
core   0: 3 0x8000192c (0x000a5813) x16 0x80018ce4
core   0: 0x80001930 (0x41d1d593) srai    a1, gp, 29
core   0: 3 0x80001930 (0x41d1d593) x11 0xffffffff
core   0: 0x80001934 (0x02c6d833) divu    a6, a3, a2
core   0: 3 0x80001934 (0x02c6d833) x16 0x00000000
core   0: 0x80001938 (0xbb00eb13) ori     s6, ra, -1104
core   0: 3 0x80001938 (0xbb00eb13) x22 0xfffffbb0
core   0: 0x8000193c (0x02d5f033) remu    zero, a1, a3
core   0: 3 0x8000193c (0x02d5f033)
core   0: 0x80001940 (0x63a0a893) slti    a7, ra, 1594
core   0: 3 0x80001940 (0x63a0a893) x17 0x00000001
core   0: 0x80001944 (0x009eaeb3) slt     t4, t4, s1
core   0: 3 0x80001944 (0x009eaeb3) x29 0x00000000
core   0: 0x80001948 (0xcf667093) andi    ra, a2, -778
core   0: 3 0x80001948 (0xcf667093) x 1 0xc0e7cc76
core   0: 0x8000194c (0x4118d793) srai    a5, a7, 17
core   0: 3 0x8000194c (0x4118d793) x15 0x00000000
core   0: 0x80001950 (0x03fae633) rem     a2, s5, t6
core   0: 3 0x80001950 (0x03fae633) x12 0x00000000
core   0: 0x80001954 (0x12c913b7) lui     t2, 0x12c91
core   0: 3 0x80001954 (0x12c913b7) x 7 0x12c91000
core   0: 0x80001958 (0xcbf90013) addi    zero, s2, -833
core   0: 3 0x80001958 (0xcbf90013)
core   0: 0x8000195c (0x0073d833) srl     a6, t2, t2
core   0: 3 0x8000195c (0x0073d833) x16 0x12c91000
core   0: 0x80001960 (0x0d497113) andi    sp, s2, 212
core   0: 3 0x80001960 (0x0d497113) x 2 0x000000c0
core   0: 0x80001964 (0x6bf9f417) auipc   s0, 0x6bf9f
core   0: 3 0x80001964 (0x6bf9f417) x 8 0xebfa0964
core   0: 0x80001968 (0xe8ca6137) lui     sp, 0xe8ca6
core   0: 3 0x80001968 (0xe8ca6137) x 2 0xe8ca6000
core   0: 0x8000196c (0xb82e2097) auipc   ra, 0xb82e2
core   0: 3 0x8000196c (0xb82e2097) x 1 0x382e396c
core   0: 0x80001970 (0x03c7a433) mulhsu  s0, a5, t3
core   0: 3 0x80001970 (0x03c7a433) x 8 0x00000000
core   0: 0x80001974 (0x008a1393) slli    t2, s4, 8
core   0: 3 0x80001974 (0x008a1393) x 7 0x018ce400
core   0: 0x80001978 (0x94ae2e13) slti    t3, t3, -1718
core   0: 3 0x80001978 (0x94ae2e13) x28 0x00000001
core   0: 0x8000197c (0x035589b3) mul     s3, a1, s5
core   0: 3 0x8000197c (0x035589b3) x19 0x7ffe731c
core   0: 0x80001980 (0x0e22af93) slti    t6, t0, 226
core   0: 3 0x80001980 (0x0e22af93) x31 0x00000001
core   0: 0x80001984 (0x71362237) lui     tp, 0x71362
core   0: 3 0x80001984 (0x71362237) x 4 0x71362000
core   0: 0x80001988 (0x33ae6f93) ori     t6, t3, 826
core   0: 3 0x80001988 (0x33ae6f93) x31 0x0000033b
core   0: 0x8000198c (0x03bc6033) rem     zero, s8, s11
core   0: 3 0x8000198c (0x03bc6033)
core   0: 0x80001990 (0x038f7733) remu    a4, t5, s8
core   0: 3 0x80001990 (0x038f7733) x14 0x00000000
core   0: 0x80001994 (0x41ad5eb3) sra     t4, s10, s10
core   0: 3 0x80001994 (0x41ad5eb3) x29 0xf80018ce
core   0: 0x80001998 (0x401d5cb3) sra     s9, s10, ra
core   0: 3 0x80001998 (0x401d5cb3) x25 0xfff80018
core   0: 0x8000199c (0x19537ab7) lui     s5, 0x19537
core   0: 3 0x8000199c (0x19537ab7) x21 0x19537000
core   0: 0x800019a0 (0x0234d3b3) divu    t2, s1, gp
core   0: 3 0x800019a0 (0x0234d3b3) x 7 0x00000000
core   0: 0x800019a4 (0x4088d333) sra     t1, a7, s0
core   0: 3 0x800019a4 (0x4088d333) x 6 0x00000001
core   0: 0x800019a8 (0x01f97ab3) and     s5, s2, t6
core   0: 3 0x800019a8 (0x01f97ab3) x21 0x00000020
core   0: 0x800019ac (0xf2af9c37) lui     s8, 0xf2af9
core   0: 3 0x800019ac (0xf2af9c37) x24 0xf2af9000
core   0: 0x800019b0 (0x03443433) mulhu   s0, s0, s4
core   0: 3 0x800019b0 (0x03443433) x 8 0x00000000
core   0: 0x800019b4 (0x409a05b3) sub     a1, s4, s1
core   0: 3 0x800019b4 (0x409a05b3) x11 0x80018ce4
core   0: 0x800019b8 (0x0397c233) div     tp, a5, s9
core   0: 3 0x800019b8 (0x0397c233) x 4 0x00000000
core   0: 0x800019bc (0x033e2f33) mulhsu  t5, t3, s3
core   0: 3 0x800019bc (0x033e2f33) x30 0x00000000
core   0: 0x800019c0 (0x026ddd33) divu    s10, s11, t1
core   0: 3 0x800019c0 (0x026ddd33) x26 0x80018ce4
core   0: 0x800019c4 (0x06cbfe93) andi    t4, s7, 108
core   0: 3 0x800019c4 (0x06cbfe93) x29 0x00000000
core   0: 0x800019c8 (0xef56c997) auipc   s3, 0xef56c
core   0: 3 0x800019c8 (0xef56c997) x19 0x6f56d9c8
core   0: 0x800019cc (0x110b2913) slti    s2, s6, 272
core   0: 3 0x800019cc (0x110b2913) x18 0x00000001
core   0: 0x800019d0 (0x0040b1b3) sltu    gp, ra, tp
core   0: 3 0x800019d0 (0x0040b1b3) x 3 0x00000000
core   0: 0x800019d4 (0x0253b4b3) mulhu   s1, t2, t0
core   0: 3 0x800019d4 (0x0253b4b3) x 9 0x00000000
core   0: 0x800019d8 (0x00000013) nop
core   0: 3 0x800019d8 (0x00000013)
core   0: 0x800019dc (0x00fdfb33) and     s6, s11, a5
core   0: 3 0x800019dc (0x00fdfb33) x22 0x00000000
core   0: 0x800019e0 (0x00000013) nop
core   0: 3 0x800019e0 (0x00000013)
core   0: 0x800019e4 (0x57833993) sltiu   s3, t1, 1400
core   0: 3 0x800019e4 (0x57833993) x19 0x00000001
core   0: 0x800019e8 (0x02d79d33) mulh    s10, a5, a3
core   0: 3 0x800019e8 (0x02d79d33) x26 0x00000000
core   0: 0x800019ec (0x54eb7793) andi    a5, s6, 1358
core   0: 3 0x800019ec (0x54eb7793) x15 0x00000000
core   0: 0x800019f0 (0x40935c33) sra     s8, t1, s1
core   0: 3 0x800019f0 (0x40935c33) x24 0x00000001
core   0: 0x800019f4 (0x00dacf33) xor     t5, s5, a3
core   0: 3 0x800019f4 (0x00dacf33) x30 0xbf197aae
core   0: 0x800019f8 (0x00997fb3) and     t6, s2, s1
core   0: 3 0x800019f8 (0x00997fb3) x31 0x00000000
core   0: 0x800019fc (0x00549c93) slli    s9, s1, 5
core   0: 3 0x800019fc (0x00549c93) x25 0x00000000
core   0: 0x80001a00 (0x000877b3) and     a5, a6, zero
core   0: 3 0x80001a00 (0x000877b3) x15 0x00000000
core   0: 0x80001a04 (0x02925433) divu    s0, tp, s1
core   0: 3 0x80001a04 (0x02925433) x 8 0xffffffff
core   0: 0x80001a08 (0x0186a633) slt     a2, a3, s8
core   0: 3 0x80001a08 (0x0186a633) x12 0x00000001
core   0: 0x80001a0c (0x00e62133) slt     sp, a2, a4
core   0: 3 0x80001a0c (0x00e62133) x 2 0x00000000
core   0: 0x80001a10 (0x0ade3d13) sltiu   s10, t3, 173
core   0: 3 0x80001a10 (0x0ade3d13) x26 0x00000001
core   0: 0x80001a14 (0x026ddfb3) divu    t6, s11, t1
core   0: 3 0x80001a14 (0x026ddfb3) x31 0x80018ce4
core   0: 0x80001a18 (0x44f64d13) xori    s10, a2, 1103
core   0: 3 0x80001a18 (0x44f64d13) x26 0x0000044e
core   0: 0x80001a1c (0x0078acb3) slt     s9, a7, t2
core   0: 3 0x80001a1c (0x0078acb3) x25 0x00000000
core   0: 0x80001a20 (0x00047833) and     a6, s0, zero
core   0: 3 0x80001a20 (0x00047833) x16 0x00000000
core   0: 0x80001a24 (0x39f83c93) sltiu   s9, a6, 927
core   0: 3 0x80001a24 (0x39f83c93) x25 0x00000001
core   0: 0x80001a28 (0x400f8333) sub     t1, t6, zero
core   0: 3 0x80001a28 (0x400f8333) x 6 0x80018ce4
core   0: 0x80001a2c (0x00df37b3) sltu    a5, t5, a3
core   0: 3 0x80001a2c (0x00df37b3) x15 0x00000000
core   0: 0x80001a30 (0x03435533) divu    a0, t1, s4
core   0: 3 0x80001a30 (0x03435533) x10 0x00000001
core   0: 0x80001a34 (0xd3c53b37) lui     s6, 0xd3c53
core   0: 3 0x80001a34 (0xd3c53b37) x22 0xd3c53000
core   0: 0x80001a38 (0x03112fb3) mulhsu  t6, sp, a7
core   0: 3 0x80001a38 (0x03112fb3) x31 0x00000000
core   0: 0x80001a3c (0x408358b3) sra     a7, t1, s0
core   0: 3 0x80001a3c (0x408358b3) x17 0xffffffff
core   0: 0x80001a40 (0x01688c33) add     s8, a7, s6
core   0: 3 0x80001a40 (0x01688c33) x24 0xd3c52fff
core   0: 0x80001a44 (0x03376bb3) rem     s7, a4, s3
core   0: 3 0x80001a44 (0x03376bb3) x23 0x00000000
core   0: 0x80001a48 (0x00296db3) or      s11, s2, sp
core   0: 3 0x80001a48 (0x00296db3) x27 0x00000001
core   0: 0x80001a4c (0x01938fb3) add     t6, t2, s9
core   0: 3 0x80001a4c (0x01938fb3) x31 0x00000001
core   0: 0x80001a50 (0x41b8db13) srai    s6, a7, 27
core   0: 3 0x80001a50 (0x41b8db13) x22 0xffffffff
core   0: 0x80001a54 (0x66fb6993) ori     s3, s6, 1647
core   0: 3 0x80001a54 (0x66fb6993) x19 0xffffffff
core   0: 0x80001a58 (0xb47b4793) xori    a5, s6, -1209
core   0: 3 0x80001a58 (0xb47b4793) x15 0x000004b8
core   0: 0x80001a5c (0x01c3bab3) sltu    s5, t2, t3
core   0: 3 0x80001a5c (0x01c3bab3) x21 0x00000001
core   0: 0x80001a60 (0x013a5cb3) srl     s9, s4, s3
core   0: 3 0x80001a60 (0x013a5cb3) x25 0x00000001
core   0: 0x80001a64 (0x00535913) srli    s2, t1, 5
core   0: 3 0x80001a64 (0x00535913) x18 0x04000c67
core   0: 0x80001a68 (0x04beeb93) ori     s7, t4, 75
core   0: 3 0x80001a68 (0x04beeb93) x23 0x0000004b
core   0: 0x80001a6c (0x030055b3) divu    a1, zero, a6
core   0: 3 0x80001a6c (0x030055b3) x11 0xffffffff
core   0: 0x80001a70 (0x34433eb7) lui     t4, 0x34433
core   0: 3 0x80001a70 (0x34433eb7) x29 0x34433000
core   0: 0x80001a74 (0x030d0333) mul     t1, s10, a6
core   0: 3 0x80001a74 (0x030d0333) x 6 0x00000000
core   0: 0x80001a78 (0x00615eb3) srl     t4, sp, t1
core   0: 3 0x80001a78 (0x00615eb3) x29 0x00000000
core   0: 0x80001a7c (0x00000013) nop
core   0: 3 0x80001a7c (0x00000013)
core   0: 0x80001a80 (0x004c6733) or      a4, s8, tp
core   0: 3 0x80001a80 (0x004c6733) x14 0xd3c52fff
core   0: 0x80001a84 (0x03dbd3b3) divu    t2, s7, t4
core   0: 3 0x80001a84 (0x03dbd3b3) x 7 0xffffffff
core   0: 0x80001a88 (0x01cf0833) add     a6, t5, t3
core   0: 3 0x80001a88 (0x01cf0833) x16 0xbf197aaf
core   0: 0x80001a8c (0x0135d233) srl     tp, a1, s3
core   0: 3 0x80001a8c (0x0135d233) x 4 0x00000001
core   0: 0x80001a90 (0x0016f9b3) and     s3, a3, ra
core   0: 3 0x80001a90 (0x0016f9b3) x19 0x3808380c
core   0: 0x80001a94 (0x0c04e493) ori     s1, s1, 192
core   0: 3 0x80001a94 (0x0c04e493) x 9 0x000000c0
core   0: 0x80001a98 (0x00f34bb3) xor     s7, t1, a5
core   0: 3 0x80001a98 (0x00f34bb3) x23 0x000004b8
core   0: 0x80001a9c (0x00000013) nop
core   0: 3 0x80001a9c (0x00000013)
core   0: 0x80001aa0 (0x0254cab3) div     s5, s1, t0
core   0: 3 0x80001aa0 (0x0254cab3) x21 0x00000000
core   0: 0x80001aa4 (0x41450db3) sub     s11, a0, s4
core   0: 3 0x80001aa4 (0x41450db3) x27 0x7ffe731d
core   0: 0x80001aa8 (0x01dae0b3) or      ra, s5, t4
core   0: 3 0x80001aa8 (0x01dae0b3) x 1 0x00000000
core   0: 0x80001aac (0x01035f33) srl     t5, t1, a6
core   0: 3 0x80001aac (0x01035f33) x30 0x00000000
core   0: 0x80001ab0 (0x1c25e413) ori     s0, a1, 450
core   0: 3 0x80001ab0 (0x1c25e413) x 8 0xffffffff
core   0: 0x80001ab4 (0x0322b4b3) mulhu   s1, t0, s2
core   0: 3 0x80001ab4 (0x0322b4b3) x 9 0x02000b6d
core   0: 0x80001ab8 (0x16ac0b13) addi    s6, s8, 362
core   0: 3 0x80001ab8 (0x16ac0b13) x22 0xd3c53169
core   0: 0x80001abc (0xd78ec413) xori    s0, t4, -648
core   0: 3 0x80001abc (0xd78ec413) x 8 0xfffffd78
core   0: 0x80001ac0 (0x41fb5633) sra     a2, s6, t6
core   0: 3 0x80001ac0 (0x41fb5633) x12 0xe9e298b4
core   0: 0x80001ac4 (0x4a4e7413) andi    s0, t3, 1188
core   0: 3 0x80001ac4 (0x4a4e7413) x 8 0x00000000
core   0: 0x80001ac8 (0x02370b33) mul     s6, a4, gp
core   0: 3 0x80001ac8 (0x02370b33) x22 0x00000000
core   0: 0x80001acc (0xe9bff313) andi    t1, t6, -357
core   0: 3 0x80001acc (0xe9bff313) x 6 0x00000001
core   0: 0x80001ad0 (0x01851813) slli    a6, a0, 24
core   0: 3 0x80001ad0 (0x01851813) x16 0x01000000
core   0: 0x80001ad4 (0xd3442e93) slti    t4, s0, -716
core   0: 3 0x80001ad4 (0xd3442e93) x29 0x00000000
core   0: 0x80001ad8 (0xc90a8993) addi    s3, s5, -880
core   0: 3 0x80001ad8 (0xc90a8993) x19 0xfffffc90
core   0: 0x80001adc (0x00157233) and     tp, a0, ra
core   0: 3 0x80001adc (0x00157233) x 4 0x00000000
core   0: 0x80001ae0 (0x4d63bb13) sltiu   s6, t2, 1238
core   0: 3 0x80001ae0 (0x4d63bb13) x22 0x00000000
core   0: 0x80001ae4 (0x3496a213) slti    tp, a3, 841
core   0: 3 0x80001ae4 (0x3496a213) x 4 0x00000001
core   0: 0x80001ae8 (0x0111e4b3) or      s1, gp, a7
core   0: 3 0x80001ae8 (0x0111e4b3) x 9 0xffffffff
core   0: 0x80001aec (0x415c0b33) sub     s6, s8, s5
core   0: 3 0x80001aec (0x415c0b33) x22 0xd3c52fff
core   0: 0x80001af0 (0x02360833) mul     a6, a2, gp
core   0: 3 0x80001af0 (0x02360833) x16 0x00000000
core   0: 0x80001af4 (0x0084d233) srl     tp, s1, s0
core   0: 3 0x80001af4 (0x0084d233) x 4 0xffffffff
core   0: 0x80001af8 (0x41b489b3) sub     s3, s1, s11
core   0: 3 0x80001af8 (0x41b489b3) x19 0x80018ce2
core   0: 0x80001afc (0x0042bb33) sltu    s6, t0, tp
core   0: 3 0x80001afc (0x0042bb33) x22 0x00000001
core   0: 0x80001b00 (0x03d8b0b3) mulhu   ra, a7, t4
core   0: 3 0x80001b00 (0x03d8b0b3) x 1 0x00000000
core   0: 0x80001b04 (0x00cf7cb3) and     s9, t5, a2
core   0: 3 0x80001b04 (0x00cf7cb3) x25 0x00000000
core   0: 0x80001b08 (0x02076933) rem     s2, a4, zero
core   0: 3 0x80001b08 (0x02076933) x18 0xd3c52fff
core   0: 0x80001b0c (0x02547133) remu    sp, s0, t0
core   0: 3 0x80001b0c (0x02547133) x 2 0x00000000
core   0: 0x80001b10 (0x21881737) lui     a4, 0x21881
core   0: 3 0x80001b10 (0x21881737) x14 0x21881000
core   0: 0x80001b14 (0x416fcb13) xori    s6, t6, 1046
core   0: 3 0x80001b14 (0x416fcb13) x22 0x00000417
core   0: 0x80001b18 (0x030faab3) mulhsu  s5, t6, a6
core   0: 3 0x80001b18 (0x030faab3) x21 0x00000000
core   0: 0x80001b1c (0x02895bb3) divu    s7, s2, s0
core   0: 3 0x80001b1c (0x02895bb3) x23 0xffffffff
core   0: 0x80001b20 (0x01cf0e33) add     t3, t5, t3
core   0: 3 0x80001b20 (0x01cf0e33) x28 0x00000001
core   0: 0x80001b24 (0x03f10ab3) mul     s5, sp, t6
core   0: 3 0x80001b24 (0x03f10ab3) x21 0x00000000
core   0: 0x80001b28 (0x016c15b3) sll     a1, s8, s6
core   0: 3 0x80001b28 (0x016c15b3) x11 0xff800000
core   0: 0x80001b2c (0x0204bd33) mulhu   s10, s1, zero
core   0: 3 0x80001b2c (0x0204bd33) x26 0x00000000
core   0: 0x80001b30 (0xf59df113) andi    sp, s11, -167
core   0: 3 0x80001b30 (0xf59df113) x 2 0x7ffe7319
core   0: 0x80001b34 (0x39b3a013) slti    zero, t2, 923
core   0: 3 0x80001b34 (0x39b3a013)
core   0: 0x80001b38 (0x72d2e193) ori     gp, t0, 1837
core   0: 3 0x80001b38 (0x72d2e193) x 3 0x80014f6d
core   0: 0x80001b3c (0x417e03b3) sub     t2, t3, s7
core   0: 3 0x80001b3c (0x417e03b3) x 7 0x00000002
core   0: 0x80001b40 (0x1751be93) sltiu   t4, gp, 373
core   0: 3 0x80001b40 (0x1751be93) x29 0x00000000
core   0: 0x80001b44 (0x012afb33) and     s6, s5, s2
core   0: 3 0x80001b44 (0x012afb33) x22 0x00000000
core   0: 0x80001b48 (0x00b41eb3) sll     t4, s0, a1
core   0: 3 0x80001b48 (0x00b41eb3) x29 0x00000000
core   0: 0x80001b4c (0x006dd8b3) srl     a7, s11, t1
core   0: 3 0x80001b4c (0x006dd8b3) x17 0x3fff398e
core   0: 0x80001b50 (0xc45cc813) xori    a6, s9, -955
core   0: 3 0x80001b50 (0xc45cc813) x16 0xfffffc45
core   0: 0x80001b54 (0x741a6513) ori     a0, s4, 1857
core   0: 3 0x80001b54 (0x741a6513) x10 0x80018fe5
core   0: 0x80001b58 (0x7a59c313) xori    t1, s3, 1957
core   0: 3 0x80001b58 (0x7a59c313) x 6 0x80018b47
core   0: 0x80001b5c (0xd50aed13) ori     s10, s5, -688
core   0: 3 0x80001b5c (0xd50aed13) x26 0xfffffd50
core   0: 0x80001b60 (0x028bc533) div     a0, s7, s0
core   0: 3 0x80001b60 (0x028bc533) x10 0xffffffff
core   0: 0x80001b64 (0x03993233) mulhu   tp, s2, s9
core   0: 3 0x80001b64 (0x03993233) x 4 0x00000000
core   0: 0x80001b68 (0x41e755b3) sra     a1, a4, t5
core   0: 3 0x80001b68 (0x41e755b3) x11 0x21881000
core   0: 0x80001b6c (0x4d5ce893) ori     a7, s9, 1237
core   0: 3 0x80001b6c (0x4d5ce893) x17 0x000004d5
core   0: 0x80001b70 (0x00ad34b3) sltu    s1, s10, a0
core   0: 3 0x80001b70 (0x00ad34b3) x 9 0x00000001
core   0: 0x80001b74 (0x035814b3) mulh    s1, a6, s5
core   0: 3 0x80001b74 (0x035814b3) x 9 0x00000000
core   0: 0x80001b78 (0x00e17133) and     sp, sp, a4
core   0: 3 0x80001b78 (0x00e17133) x 2 0x21881000
core   0: 0x80001b7c (0x02f5b633) mulhu   a2, a1, a5
core   0: 3 0x80001b7c (0x02f5b633) x12 0x0000009e
core   0: 0x80001b80 (0x40b75313) srai    t1, a4, 11
core   0: 3 0x80001b80 (0x40b75313) x 6 0x00043102
core   0: 0x80001b84 (0xff02c713) xori    a4, t0, -16
core   0: 3 0x80001b84 (0xff02c713) x14 0x7ffeb194
core   0: 0x80001b88 (0x0097c133) xor     sp, a5, s1
core   0: 3 0x80001b88 (0x0097c133) x 2 0x000004b8
core   0: 0x80001b8c (0x02e81b33) mulh    s6, a6, a4
core   0: 3 0x80001b8c (0x02e81b33) x22 0xfffffe22
core   0: 0x80001b90 (0x03ead433) divu    s0, s5, t5
core   0: 3 0x80001b90 (0x03ead433) x 8 0xffffffff
core   0: 0x80001b94 (0x41118eb3) sub     t4, gp, a7
core   0: 3 0x80001b94 (0x41118eb3) x29 0x80014a98
core   0: 0x80001b98 (0x015c8033) add     zero, s9, s5
core   0: 3 0x80001b98 (0x015c8033)
core   0: 0x80001b9c (0x027a3033) mulhu   zero, s4, t2
core   0: 3 0x80001b9c (0x027a3033)
core   0: 0x80001ba0 (0x01744b33) xor     s6, s0, s7
core   0: 3 0x80001ba0 (0x01744b33) x22 0x00000000
core   0: 0x80001ba4 (0x01989213) slli    tp, a7, 25
core   0: 3 0x80001ba4 (0x01989213) x 4 0xaa000000
core   0: 0x80001ba8 (0x00e867b3) or      a5, a6, a4
core   0: 3 0x80001ba8 (0x00e867b3) x15 0xfffffdd5
core   0: 0x80001bac (0x018c5cb3) srl     s9, s8, s8
core   0: 3 0x80001bac (0x018c5cb3) x25 0x00000001
core   0: 0x80001bb0 (0xa4476993) ori     s3, a4, -1468
core   0: 3 0x80001bb0 (0xa4476993) x19 0xfffffbd4
core   0: 0x80001bb4 (0x40905cb3) sra     s9, zero, s1
core   0: 3 0x80001bb4 (0x40905cb3) x25 0x00000000
core   0: 0x80001bb8 (0x402803b3) sub     t2, a6, sp
core   0: 3 0x80001bb8 (0x402803b3) x 7 0xfffff78d
core   0: 0x80001bbc (0xdcd2a393) slti    t2, t0, -563
core   0: 3 0x80001bbc (0xdcd2a393) x 7 0x00000001
core   0: 0x80001bc0 (0x0151c7b3) xor     a5, gp, s5
core   0: 3 0x80001bc0 (0x0151c7b3) x15 0x80014f6d
core   0: 0x80001bc4 (0x41ec50b3) sra     ra, s8, t5
core   0: 3 0x80001bc4 (0x41ec50b3) x 1 0xd3c52fff
core   0: 0x80001bc8 (0x89a66d17) auipc   s10, 0x89a66
core   0: 3 0x80001bc8 (0x89a66d17) x26 0x09a67bc8
core   0: 0x80001bcc (0x00985413) srli    s0, a6, 9
core   0: 3 0x80001bcc (0x00985413) x 8 0x007ffffe
core   0: 0x80001bd0 (0x01124f33) xor     t5, tp, a7
core   0: 3 0x80001bd0 (0x01124f33) x30 0xaa0004d5
core   0: 0x80001bd4 (0x81894613) xori    a2, s2, -2024
core   0: 3 0x80001bd4 (0x81894613) x12 0x2c3ad7e7
core   0: 0x80001bd8 (0xa3472e93) slti    t4, a4, -1484
core   0: 3 0x80001bd8 (0xa3472e93) x29 0x00000000
core   0: 0x80001bdc (0xf554c713) xori    a4, s1, -171
core   0: 3 0x80001bdc (0xf554c713) x14 0xffffff55
core   0: 0x80001be0 (0x019ed793) srli    a5, t4, 25
core   0: 3 0x80001be0 (0x019ed793) x15 0x00000000
core   0: 0x80001be4 (0x003e9233) sll     tp, t4, gp
core   0: 3 0x80001be4 (0x003e9233) x 4 0x00000000
core   0: 0x80001be8 (0x01223b33) sltu    s6, tp, s2
core   0: 3 0x80001be8 (0x01223b33) x22 0x00000001
core   0: 0x80001bec (0x025b97b3) mulh    a5, s7, t0
core   0: 3 0x80001bec (0x025b97b3) x15 0x00000000
core   0: 0x80001bf0 (0x00000013) nop
core   0: 3 0x80001bf0 (0x00000013)
core   0: 0x80001bf4 (0x0158d193) srli    gp, a7, 21
core   0: 3 0x80001bf4 (0x0158d193) x 3 0x00000000
core   0: 0x80001bf8 (0x00fe9c13) slli    s8, t4, 15
core   0: 3 0x80001bf8 (0x00fe9c13) x24 0x00000000
core   0: 0x80001bfc (0x018594b3) sll     s1, a1, s8
core   0: 3 0x80001bfc (0x018594b3) x 9 0x21881000
core   0: 0x80001c00 (0x402e0bb3) sub     s7, t3, sp
core   0: 3 0x80001c00 (0x402e0bb3) x23 0xfffffb49
core   0: 0x80001c04 (0xadc1fe13) andi    t3, gp, -1316
core   0: 3 0x80001c04 (0xadc1fe13) x28 0x00000000
core   0: 0x80001c08 (0x00cf2633) slt     a2, t5, a2
core   0: 3 0x80001c08 (0x00cf2633) x12 0x00000001
core   0: 0x80001c0c (0x01db1b33) sll     s6, s6, t4
core   0: 3 0x80001c0c (0x01db1b33) x22 0x00000001
core   0: 0x80001c10 (0x00cd0533) add     a0, s10, a2
core   0: 3 0x80001c10 (0x00cd0533) x10 0x09a67bc9
core   0: 0x80001c14 (0xc7048013) addi    zero, s1, -912
core   0: 3 0x80001c14 (0xc7048013)
core   0: 0x80001c18 (0x00e4dd33) srl     s10, s1, a4
core   0: 3 0x80001c18 (0x00e4dd33) x26 0x0000010c
core   0: 0x80001c1c (0x59152c13) slti    s8, a0, 1425
core   0: 3 0x80001c1c (0x59152c13) x24 0x00000000
core   0: 0x80001c20 (0x72aa6713) ori     a4, s4, 1834
core   0: 3 0x80001c20 (0x72aa6713) x14 0x80018fee
core   0: 0x80001c24 (0x000d1b13) slli    s6, s10, 0
core   0: 3 0x80001c24 (0x000d1b13) x22 0x0000010c
core   0: 0x80001c28 (0x000d59b3) srl     s3, s10, zero
core   0: 3 0x80001c28 (0x000d59b3) x19 0x0000010c
core   0: 0x80001c2c (0x0131de93) srli    t4, gp, 19
core   0: 3 0x80001c2c (0x0131de93) x29 0x00000000
core   0: 0x80001c30 (0x01412133) slt     sp, sp, s4
core   0: 3 0x80001c30 (0x01412133) x 2 0x00000000
core   0: 0x80001c34 (0x02b09c33) mulh    s8, ra, a1
core   0: 3 0x80001c34 (0x02b09c33) x24 0xfa34e92d
core   0: 0x80001c38 (0x01b77c33) and     s8, a4, s11
core   0: 3 0x80001c38 (0x01b77c33) x24 0x0000030c
core   0: 0x80001c3c (0x009507b3) add     a5, a0, s1
core   0: 3 0x80001c3c (0x009507b3) x15 0x2b2e8bc9
core   0: 0x80001c40 (0x03e6b5b3) mulhu   a1, a3, t5
core   0: 3 0x80001c40 (0x03e6b5b3) x11 0x7ee6eefd
core   0: 0x80001c44 (0x00000013) nop
core   0: 3 0x80001c44 (0x00000013)
core   0: 0x80001c48 (0x202b14b7) lui     s1, 0x202b1
core   0: 3 0x80001c48 (0x202b14b7) x 9 0x202b1000
core   0: 0x80001c4c (0x86f9ce13) xori    t3, s3, -1937
core   0: 3 0x80001c4c (0x86f9ce13) x28 0xfffff963
core   0: 0x80001c50 (0x01b47833) and     a6, s0, s11
core   0: 3 0x80001c50 (0x01b47833) x16 0x007e731c
core   0: 0x80001c54 (0x00a331b3) sltu    gp, t1, a0
core   0: 3 0x80001c54 (0x00a331b3) x 3 0x00000001
core   0: 0x80001c58 (0x4132dc33) sra     s8, t0, s3
core   0: 3 0x80001c58 (0x4132dc33) x24 0xfff80014
core   0: 0x80001c5c (0x6798ed93) ori     s11, a7, 1657
core   0: 3 0x80001c5c (0x6798ed93) x27 0x000006fd
core   0: 0x80001c60 (0x003e0e33) add     t3, t3, gp
core   0: 3 0x80001c60 (0x003e0e33) x28 0xfffff964
core   0: 0x80001c64 (0x006fe233) or      tp, t6, t1
core   0: 3 0x80001c64 (0x006fe233) x 4 0x00043103
core   0: 0x80001c68 (0x013bd393) srli    t2, s7, 19
core   0: 3 0x80001c68 (0x013bd393) x 7 0x00001fff
core   0: 0x80001c6c (0x03039c33) mulh    s8, t2, a6
core   0: 3 0x80001c6c (0x03039c33) x24 0x0000000f
core   0: 0x80001c70 (0x401509b3) sub     s3, a0, ra
core   0: 3 0x80001c70 (0x401509b3) x19 0x35e14bca
core   0: 0x80001c74 (0x6bfc3593) sltiu   a1, s8, 1727
core   0: 3 0x80001c74 (0x6bfc3593) x11 0x00000001
core   0: 0x80001c78 (0x0017d5b3) srl     a1, a5, ra
core   0: 3 0x80001c78 (0x0017d5b3) x11 0x00000000
core   0: 0x80001c7c (0x007d00b3) add     ra, s10, t2
core   0: 3 0x80001c7c (0x007d00b3) x 1 0x0000210b
core   0: 0x80001c80 (0x03c068b3) rem     a7, zero, t3
core   0: 3 0x80001c80 (0x03c068b3) x17 0x00000000
core   0: 0x80001c84 (0xfe8aee97) auipc   t4, 0xfe8ae
core   0: 3 0x80001c84 (0xfe8aee97) x29 0x7e8afc84
core   0: 0x80001c88 (0x00000013) nop
core   0: 3 0x80001c88 (0x00000013)
core   0: 0x80001c8c (0x0002beb3) sltu    t4, t0, zero
core   0: 3 0x80001c8c (0x0002beb3) x29 0x00000000
core   0: 0x80001c90 (0x03bd3ab3) mulhu   s5, s10, s11
core   0: 3 0x80001c90 (0x03bd3ab3) x21 0x00000000
core   0: 0x80001c94 (0x007e6fb3) or      t6, t3, t2
core   0: 3 0x80001c94 (0x007e6fb3) x31 0xffffffff
core   0: 0x80001c98 (0x41710ab3) sub     s5, sp, s7
core   0: 3 0x80001c98 (0x41710ab3) x21 0x000004b7
core   0: 0x80001c9c (0x413e8eb3) sub     t4, t4, s3
core   0: 3 0x80001c9c (0x413e8eb3) x29 0xca1eb436
core   0: 0x80001ca0 (0x00bff5b3) and     a1, t6, a1
core   0: 3 0x80001ca0 (0x00bff5b3) x11 0x00000000
core   0: 0x80001ca4 (0x43c18213) addi    tp, gp, 1084
core   0: 3 0x80001ca4 (0x43c18213) x 4 0x0000043d
core   0: 0x80001ca8 (0x0198bd33) sltu    s10, a7, s9
core   0: 3 0x80001ca8 (0x0198bd33) x26 0x00000000
core   0: 0x80001cac (0x03341933) mulh    s2, s0, s3
core   0: 3 0x80001cac (0x03341933) x18 0x001af0a5
core   0: 0x80001cb0 (0x002b9433) sll     s0, s7, sp
core   0: 3 0x80001cb0 (0x002b9433) x 8 0xfffffb49
core   0: 0x80001cb4 (0x00f15893) srli    a7, sp, 15
core   0: 3 0x80001cb4 (0x00f15893) x17 0x00000000
core   0: 0x80001cb8 (0x0245f8b3) remu    a7, a1, tp
core   0: 3 0x80001cb8 (0x0245f8b3) x17 0x00000000
core   0: 0x80001cbc (0x40a6d613) srai    a2, a3, 10
core   0: 3 0x80001cbc (0x40a6d613) x12 0xffefc65e
core   0: 0x80001cc0 (0x03bd9f33) mulh    t5, s11, s11
core   0: 3 0x80001cc0 (0x03bd9f33) x30 0x00000000
core   0: 0x80001cc4 (0x024cf4b3) remu    s1, s9, tp
core   0: 3 0x80001cc4 (0x024cf4b3) x 9 0x00000000
core   0: 0x80001cc8 (0x4f2e4913) xori    s2, t3, 1266
core   0: 3 0x80001cc8 (0x4f2e4913) x18 0xfffffd96
core   0: 0x80001ccc (0x0077c1b3) xor     gp, a5, t2
core   0: 3 0x80001ccc (0x0077c1b3) x 3 0x2b2e9436
core   0: 0x80001cd0 (0x0089dfb3) srl     t6, s3, s0
core   0: 3 0x80001cd0 (0x0089dfb3) x31 0x001af0a5
core   0: 0x80001cd4 (0x03026933) rem     s2, tp, a6
core   0: 3 0x80001cd4 (0x03026933) x18 0x0000043d
core   0: 0x80001cd8 (0x00000013) nop
core   0: 3 0x80001cd8 (0x00000013)
core   0: 0x80001cdc (0x03b9e533) rem     a0, s3, s11
core   0: 3 0x80001cdc (0x03b9e533) x10 0x0000031c
core   0: 0x80001ce0 (0x02041b33) mulh    s6, s0, zero
core   0: 3 0x80001ce0 (0x02041b33) x22 0x00000000
core   0: 0x80001ce4 (0x96fae113) ori     sp, s5, -1681
core   0: 3 0x80001ce4 (0x96fae113) x 2 0xfffffdff
core   0: 0x80001ce8 (0x019c48b3) xor     a7, s8, s9
core   0: 3 0x80001ce8 (0x019c48b3) x17 0x0000000f
core   0: 0x80001cec (0x79f54713) xori    a4, a0, 1951
core   0: 3 0x80001cec (0x79f54713) x14 0x00000483
core   0: 0x80001cf0 (0x00c12db3) slt     s11, sp, a2
core   0: 3 0x80001cf0 (0x00c12db3) x27 0x00000000
core   0: 0x80001cf4 (0x2041ed37) lui     s10, 0x2041e
core   0: 3 0x80001cf4 (0x2041ed37) x26 0x2041e000
core   0: 0x80001cf8 (0x026613b3) mulh    t2, a2, t1
core   0: 3 0x80001cf8 (0x026613b3) x 7 0xffffffbb
core   0: 0x80001cfc (0xff92bc13) sltiu   s8, t0, -7
core   0: 3 0x80001cfc (0xff92bc13) x24 0x00000001
core   0: 0x80001d00 (0x4a526613) ori     a2, tp, 1189
core   0: 3 0x80001d00 (0x4a526613) x12 0x000004bd
core   0: 0x80001d04 (0x01e3cd33) xor     s10, t2, t5
core   0: 3 0x80001d04 (0x01e3cd33) x26 0xffffffbb
core   0: 0x80001d08 (0x03b4bdb3) mulhu   s11, s1, s11
core   0: 3 0x80001d08 (0x03b4bdb3) x27 0x00000000
core   0: 0x80001d0c (0x000a6333) or      t1, s4, zero
core   0: 3 0x80001d0c (0x000a6333) x 6 0x80018ce4
core   0: 0x80001d10 (0x011cde33) srl     t3, s9, a7
core   0: 3 0x80001d10 (0x011cde33) x28 0x00000000
core   0: 0x80001d14 (0x01bd1f93) slli    t6, s10, 27
core   0: 3 0x80001d14 (0x01bd1f93) x31 0xd8000000
core   0: 0x80001d18 (0x034ee7b3) rem     a5, t4, s4
core   0: 3 0x80001d18 (0x034ee7b3) x15 0xca1eb436
core   0: 0x80001d1c (0x03ad95b3) mulh    a1, s11, s10
core   0: 3 0x80001d1c (0x03ad95b3) x11 0x00000000
core   0: 0x80001d20 (0x000e3233) sltu    tp, t3, zero
core   0: 3 0x80001d20 (0x000e3233) x 4 0x00000000
core   0: 0x80001d24 (0x03487533) remu    a0, a6, s4
core   0: 3 0x80001d24 (0x03487533) x10 0x007e731c
core   0: 0x80001d28 (0xb85bab93) slti    s7, s7, -1147
core   0: 3 0x80001d28 (0xb85bab93) x23 0x00000001
core   0: 0x80001d2c (0xdae1cd13) xori    s10, gp, -594
core   0: 3 0x80001d2c (0xdae1cd13) x26 0xd4d16998
core   0: 0x80001d30 (0x60ad33b7) lui     t2, 0x60ad3
core   0: 3 0x80001d30 (0x60ad33b7) x 7 0x60ad3000
core   0: 0x80001d34 (0x03012f33) mulhsu  t5, sp, a6
core   0: 3 0x80001d34 (0x03012f33) x30 0xffffffff
core   0: 0x80001d38 (0x419cd0b3) sra     ra, s9, s9
core   0: 3 0x80001d38 (0x419cd0b3) x 1 0x00000000
core   0: 0x80001d3c (0xe1e53113) sltiu   sp, a0, -482
core   0: 3 0x80001d3c (0xe1e53113) x 2 0x00000001
core   0: 0x80001d40 (0x0320c1b3) div     gp, ra, s2
core   0: 3 0x80001d40 (0x0320c1b3) x 3 0x00000000
core   0: 0x80001d44 (0x0381e633) rem     a2, gp, s8
core   0: 3 0x80001d44 (0x0381e633) x12 0x00000000
core   0: 0x80001d48 (0x02b40933) mul     s2, s0, a1
core   0: 3 0x80001d48 (0x02b40933) x18 0x00000000
core   0: 0x80001d4c (0x0060c433) xor     s0, ra, t1
core   0: 3 0x80001d4c (0x0060c433) x 8 0x80018ce4
core   0: 0x80001d50 (0x0163c833) xor     a6, t2, s6
core   0: 3 0x80001d50 (0x0163c833) x16 0x60ad3000
core   0: 0x80001d54 (0x40235b33) sra     s6, t1, sp
core   0: 3 0x80001d54 (0x40235b33) x22 0xc000c672
core   0: 0x80001d58 (0x05867213) andi    tp, a2, 88
core   0: 3 0x80001d58 (0x05867213) x 4 0x00000000
core   0: 0x80001d5c (0x40d45013) srai    zero, s0, 13
core   0: 3 0x80001d5c (0x40d45013)
core   0: 0x80001d60 (0x02f049b3) div     s3, zero, a5
core   0: 3 0x80001d60 (0x02f049b3) x19 0x00000000
core   0: 0x80001d64 (0xd0f0a393) slti    t2, ra, -753
core   0: 3 0x80001d64 (0xd0f0a393) x 7 0x00000000
core   0: 0x80001d68 (0x00000013) nop
core   0: 3 0x80001d68 (0x00000013)
core   0: 0x80001d6c (0x00ff04b3) add     s1, t5, a5
core   0: 3 0x80001d6c (0x00ff04b3) x 9 0xca1eb435
core   0: 0x80001d70 (0x03ba4e33) div     t3, s4, s11
core   0: 3 0x80001d70 (0x03ba4e33) x28 0xffffffff
core   0: 0x80001d74 (0x408b07b3) sub     a5, s6, s0
core   0: 3 0x80001d74 (0x408b07b3) x15 0x3fff398e
core   0: 0x80001d78 (0x01891993) slli    s3, s2, 24
core   0: 3 0x80001d78 (0x01891993) x19 0x00000000
core   0: 0x80001d7c (0x0123d9b3) srl     s3, t2, s2
core   0: 3 0x80001d7c (0x0123d9b3) x19 0x00000000
core   0: 0x80001d80 (0x416edd93) srai    s11, t4, 22
core   0: 3 0x80001d80 (0x416edd93) x27 0xffffff28
core   0: 0x80001d84 (0x03995fb3) divu    t6, s2, s9
core   0: 3 0x80001d84 (0x03995fb3) x31 0xffffffff
core   0: 0x80001d88 (0x019dd393) srli    t2, s11, 25
core   0: 3 0x80001d88 (0x019dd393) x 7 0x0000007f
core   0: 0x80001d8c (0x40b9d493) srai    s1, s3, 11
core   0: 3 0x80001d8c (0x40b9d493) x 9 0x00000000
core   0: 0x80001d90 (0x010b20b3) slt     ra, s6, a6
core   0: 3 0x80001d90 (0x010b20b3) x 1 0x00000001
core   0: 0x80001d94 (0x027a79b3) remu    s3, s4, t2
core   0: 3 0x80001d94 (0x027a79b3) x19 0x0000000c
core   0: 0x80001d98 (0x00f653b3) srl     t2, a2, a5
core   0: 3 0x80001d98 (0x00f653b3) x 7 0x00000000
core   0: 0x80001d9c (0x03662033) mulhsu  zero, a2, s6
core   0: 3 0x80001d9c (0x03662033)
core   0: 0x80001da0 (0x0017b133) sltu    sp, a5, ra
core   0: 3 0x80001da0 (0x0017b133) x 2 0x00000000
core   0: 0x80001da4 (0x00059613) slli    a2, a1, 0
core   0: 3 0x80001da4 (0x00059613) x12 0x00000000
core   0: 0x80001da8 (0x00021b33) sll     s6, tp, zero
core   0: 3 0x80001da8 (0x00021b33) x22 0x00000000
core   0: 0x80001dac (0x0171d233) srl     tp, gp, s7
core   0: 3 0x80001dac (0x0171d233) x 4 0x00000000
core   0: 0x80001db0 (0x02939233) mulh    tp, t2, s1
core   0: 3 0x80001db0 (0x02939233) x 4 0x00000000
core   0: 0x80001db4 (0x02345033) divu    zero, s0, gp
core   0: 3 0x80001db4 (0x02345033)
core   0: 0x80001db8 (0x012340b3) xor     ra, t1, s2
core   0: 3 0x80001db8 (0x012340b3) x 1 0x80018ce4
core   0: 0x80001dbc (0x006b9a93) slli    s5, s7, 6
core   0: 3 0x80001dbc (0x006b9a93) x21 0x00000040
core   0: 0x80001dc0 (0x017255b3) srl     a1, tp, s7
core   0: 3 0x80001dc0 (0x017255b3) x11 0x00000000
core   0: 0x80001dc4 (0x02e715b3) mulh    a1, a4, a4
core   0: 3 0x80001dc4 (0x02e715b3) x11 0x00000000
core   0: 0x80001dc8 (0x00000013) nop
core   0: 3 0x80001dc8 (0x00000013)
core   0: 0x80001dcc (0x718a4993) xori    s3, s4, 1816
core   0: 3 0x80001dcc (0x718a4993) x19 0x80018bfc
core   0: 0x80001dd0 (0x02a96833) rem     a6, s2, a0
core   0: 3 0x80001dd0 (0x02a96833) x16 0x00000000
core   0: 0x80001dd4 (0x00391e33) sll     t3, s2, gp
core   0: 3 0x80001dd4 (0x00391e33) x28 0x00000000
core   0: 0x80001dd8 (0x006d60b3) or      ra, s10, t1
core   0: 3 0x80001dd8 (0x006d60b3) x 1 0xd4d1edfc
core   0: 0x80001ddc (0x031b6ab3) rem     s5, s6, a7
core   0: 3 0x80001ddc (0x031b6ab3) x21 0x00000000
core   0: 0x80001de0 (0xe8e24613) xori    a2, tp, -370
core   0: 3 0x80001de0 (0xe8e24613) x12 0xfffffe8e
core   0: 0x80001de4 (0x024603b3) mul     t2, a2, tp
core   0: 3 0x80001de4 (0x024603b3) x 7 0x00000000
core   0: 0x80001de8 (0x616c4b13) xori    s6, s8, 1558
core   0: 3 0x80001de8 (0x616c4b13) x22 0x00000617
core   0: 0x80001dec (0x03594733) div     a4, s2, s5
core   0: 3 0x80001dec (0x03594733) x14 0xffffffff
core   0: 0x80001df0 (0x0097c333) xor     t1, a5, s1
core   0: 3 0x80001df0 (0x0097c333) x 6 0x3fff398e
core   0: 0x80001df4 (0x01a29e93) slli    t4, t0, 26
core   0: 3 0x80001df4 (0x01a29e93) x29 0x90000000
core   0: 0x80001df8 (0x018f2eb3) slt     t4, t5, s8
core   0: 3 0x80001df8 (0x018f2eb3) x29 0x00000001
core   0: 0x80001dfc (0x03fe4db3) div     s11, t3, t6
core   0: 3 0x80001dfc (0x03fe4db3) x27 0x00000000
core   0: 0x80001e00 (0x037271b3) remu    gp, tp, s7
core   0: 3 0x80001e00 (0x037271b3) x 3 0x00000000
core   0: 0x80001e04 (0x0da79137) lui     sp, 0xda79
core   0: 3 0x80001e04 (0x0da79137) x 2 0x0da79000
core   0: 0x80001e08 (0x34797393) andi    t2, s2, 839
core   0: 3 0x80001e08 (0x34797393) x 7 0x00000000
core   0: 0x80001e0c (0x00ec6233) or      tp, s8, a4
core   0: 3 0x80001e0c (0x00ec6233) x 4 0xffffffff
core   0: 0x80001e10 (0x03891ab3) mulh    s5, s2, s8
core   0: 3 0x80001e10 (0x03891ab3) x21 0x00000000
core   0: 0x80001e14 (0xb72d0d97) auipc   s11, 0xb72d0
core   0: 3 0x80001e14 (0xb72d0d97) x27 0x372d1e14
core   0: 0x80001e18 (0x0245b033) mulhu   zero, a1, tp
core   0: 3 0x80001e18 (0x0245b033)
core   0: 0x80001e1c (0x60ffc913) xori    s2, t6, 1551
core   0: 3 0x80001e1c (0x60ffc913) x18 0xfffff9f0
core   0: 0x80001e20 (0x001645b3) xor     a1, a2, ra
core   0: 3 0x80001e20 (0x001645b3) x11 0x2b2e1372
core   0: 0x80001e24 (0x01dc9933) sll     s2, s9, t4
core   0: 3 0x80001e24 (0x01dc9933) x18 0x00000000
core   0: 0x80001e28 (0x03754bb3) div     s7, a0, s7
core   0: 3 0x80001e28 (0x03754bb3) x23 0x007e731c
core   0: 0x80001e2c (0x006c00b3) add     ra, s8, t1
core   0: 3 0x80001e2c (0x006c00b3) x 1 0x3fff398f
core   0: 0x80001e30 (0x00000013) nop
core   0: 3 0x80001e30 (0x00000013)
core   0: 0x80001e34 (0x40600eb3) sub     t4, zero, t1
core   0: 3 0x80001e34 (0x40600eb3) x29 0xc000c672
core   0: 0x80001e38 (0xeca76a93) ori     s5, a4, -310
core   0: 3 0x80001e38 (0xeca76a93) x21 0xffffffff
core   0: 0x80001e3c (0x01246633) or      a2, s0, s2
core   0: 3 0x80001e3c (0x01246633) x12 0x80018ce4
core   0: 0x80001e40 (0x90638f93) addi    t6, t2, -1786
core   0: 3 0x80001e40 (0x90638f93) x31 0xfffff906
core   0: 0x80001e44 (0x006d4933) xor     s2, s10, t1
core   0: 3 0x80001e44 (0x006d4933) x18 0xeb2e5016
core   0: 0x80001e48 (0xbb92f213) andi    tp, t0, -1095
core   0: 3 0x80001e48 (0xbb92f213) x 4 0x80014a20
core   0: 0x80001e4c (0x41c95793) srai    a5, s2, 28
core   0: 3 0x80001e4c (0x41c95793) x15 0xfffffffe
core   0: 0x80001e50 (0x40090eb3) sub     t4, s2, zero
core   0: 3 0x80001e50 (0x40090eb3) x29 0xeb2e5016
core   0: 0x80001e54 (0x03234433) div     s0, t1, s2
core   0: 3 0x80001e54 (0x03234433) x 8 0xfffffffd
core   0: 0x80001e58 (0xf52c6413) ori     s0, s8, -174
core   0: 3 0x80001e58 (0xf52c6413) x 8 0xffffff53
core   0: 0x80001e5c (0x03716d33) rem     s10, sp, s7
core   0: 3 0x80001e5c (0x03716d33) x26 0x00516c0c
core   0: 0x80001e60 (0x01e4d313) srli    t1, s1, 30
core   0: 3 0x80001e60 (0x01e4d313) x 6 0x00000000
core   0: 0x80001e64 (0x00000013) nop
core   0: 3 0x80001e64 (0x00000013)
core   0: 0x80001e68 (0x0023ddb3) srl     s11, t2, sp
core   0: 3 0x80001e68 (0x0023ddb3) x27 0x00000000
core   0: 0x80001e6c (0xdf1f6613) ori     a2, t5, -527
core   0: 3 0x80001e6c (0xdf1f6613) x12 0xffffffff
core   0: 0x80001e70 (0x02416ab3) rem     s5, sp, tp
core   0: 3 0x80001e70 (0x02416ab3) x21 0x0da79000
core   0: 0x80001e74 (0x0104df13) srli    t5, s1, 16
core   0: 3 0x80001e74 (0x0104df13) x30 0x00000000
core   0: 0x80001e78 (0x0083d8b3) srl     a7, t2, s0
core   0: 3 0x80001e78 (0x0083d8b3) x17 0x00000000
core   0: 0x80001e7c (0x0116d213) srli    tp, a3, 17
core   0: 3 0x80001e7c (0x0116d213) x 4 0x00005f8c
core   0: 0x80001e80 (0x003ba133) slt     sp, s7, gp
core   0: 3 0x80001e80 (0x003ba133) x 2 0x00000000
core   0: 0x80001e84 (0x01847533) and     a0, s0, s8
core   0: 3 0x80001e84 (0x01847533) x10 0x00000001
core   0: 0x80001e88 (0x031a51b3) divu    gp, s4, a7
core   0: 3 0x80001e88 (0x031a51b3) x 3 0xffffffff
core   0: 0x80001e8c (0xe79dff13) andi    t5, s11, -391
core   0: 3 0x80001e8c (0xe79dff13) x30 0x00000000
core   0: 0x80001e90 (0x01959913) slli    s2, a1, 25
core   0: 3 0x80001e90 (0x01959913) x18 0xe4000000
core   0: 0x80001e94 (0x40985d13) srai    s10, a6, 9
core   0: 3 0x80001e94 (0x40985d13) x26 0x00000000
core   0: 0x80001e98 (0x50507613) andi    a2, zero, 1285
core   0: 3 0x80001e98 (0x50507613) x12 0x00000000
core   0: 0x80001e9c (0x0197dab3) srl     s5, a5, s9
core   0: 3 0x80001e9c (0x0197dab3) x21 0xfffffffe
core   0: 0x80001ea0 (0xe0edf717) auipc   a4, 0xe0edf
core   0: 3 0x80001ea0 (0xe0edf717) x14 0x60ee0ea0
core   0: 0x80001ea4 (0x017bc033) xor     zero, s7, s7
core   0: 3 0x80001ea4 (0x017bc033)
core   0: 0x80001ea8 (0x00e1e133) or      sp, gp, a4
core   0: 3 0x80001ea8 (0x00e1e133) x 2 0xffffffff
core   0: 0x80001eac (0x2c03be93) sltiu   t4, t2, 704
core   0: 3 0x80001eac (0x2c03be93) x29 0x00000001
core   0: 0x80001eb0 (0xafc3a513) slti    a0, t2, -1284
core   0: 3 0x80001eb0 (0xafc3a513) x10 0x00000000
core   0: 0x80001eb4 (0x00c2db13) srli    s6, t0, 12
core   0: 3 0x80001eb4 (0x00c2db13) x22 0x00080014
core   0: 0x80001eb8 (0x00885f33) srl     t5, a6, s0
core   0: 3 0x80001eb8 (0x00885f33) x30 0x00000000
core   0: 0x80001ebc (0x0131dbb3) srl     s7, gp, s3
core   0: 3 0x80001ebc (0x0131dbb3) x23 0x0000000f
core   0: 0x80001ec0 (0x02e51633) mulh    a2, a0, a4
core   0: 3 0x80001ec0 (0x02e51633) x12 0x00000000
core   0: 0x80001ec4 (0x19856f93) ori     t6, a0, 408
core   0: 3 0x80001ec4 (0x19856f93) x31 0x00000198
core   0: 0x80001ec8 (0x01a464b3) or      s1, s0, s10
core   0: 3 0x80001ec8 (0x01a464b3) x 9 0xffffff53
core   0: 0x80001ecc (0xa675ee37) lui     t3, 0xa675e
core   0: 3 0x80001ecc (0xa675ee37) x28 0xa675e000
core   0: 0x80001ed0 (0x03792633) mulhsu  a2, s2, s7
core   0: 3 0x80001ed0 (0x03792633) x12 0xfffffffe
core   0: 0x80001ed4 (0x417c07b3) sub     a5, s8, s7
core   0: 3 0x80001ed4 (0x417c07b3) x15 0xfffffff2
core   0: 0x80001ed8 (0xbf6ba393) slti    t2, s7, -1034
core   0: 3 0x80001ed8 (0xbf6ba393) x 7 0x00000000
core   0: 0x80001edc (0x414f80b3) sub     ra, t6, s4
core   0: 3 0x80001edc (0x414f80b3) x 1 0x7ffe74b4
core   0: 0x80001ee0 (0x5441a113) slti    sp, gp, 1348
core   0: 3 0x80001ee0 (0x5441a113) x 2 0x00000001
core   0: 0x80001ee4 (0x000965b3) or      a1, s2, zero
core   0: 3 0x80001ee4 (0x000965b3) x11 0xe4000000
core   0: 0x80001ee8 (0x00a33833) sltu    a6, t1, a0
core   0: 3 0x80001ee8 (0x00a33833) x16 0x00000000
core   0: 0x80001eec (0x1989d417) auipc   s0, 0x1989d
core   0: 3 0x80001eec (0x1989d417) x 8 0x9989eeec
core   0: 0x80001ef0 (0x560f0813) addi    a6, t5, 1376
core   0: 3 0x80001ef0 (0x560f0813) x16 0x00000560
core   0: 0x80001ef4 (0x02316233) rem     tp, sp, gp
core   0: 3 0x80001ef4 (0x02316233) x 4 0x00000000
core   0: 0x80001ef8 (0x02e3d533) divu    a0, t2, a4
core   0: 3 0x80001ef8 (0x02e3d533) x10 0x00000000
core   0: 0x80001efc (0xffa83f13) sltiu   t5, a6, -6
core   0: 3 0x80001efc (0xffa83f13) x30 0x00000001
core   0: 0x80001f00 (0x01b8bd33) sltu    s10, a7, s11
core   0: 3 0x80001f00 (0x01b8bd33) x26 0x00000000
core   0: 0x80001f04 (0x40a2d393) srai    t2, t0, 10
core   0: 3 0x80001f04 (0x40a2d393) x 7 0xffe00053
core   0: 0x80001f08 (0x0403ee13) ori     t3, t2, 64
core   0: 3 0x80001f08 (0x0403ee13) x28 0xffe00053
core   0: 0x80001f0c (0x004255b3) srl     a1, tp, tp
core   0: 3 0x80001f0c (0x004255b3) x11 0x00000000
core   0: 0x80001f10 (0xfba3f613) andi    a2, t2, -70
core   0: 3 0x80001f10 (0xfba3f613) x12 0xffe00012
core   0: 0x80001f14 (0x00735733) srl     a4, t1, t2
core   0: 3 0x80001f14 (0x00735733) x14 0x00000000
core   0: 0x80001f18 (0x009b8eb3) add     t4, s7, s1
core   0: 3 0x80001f18 (0x009b8eb3) x29 0xffffff62
core   0: 0x80001f1c (0x01d9c4b3) xor     s1, s3, t4
core   0: 3 0x80001f1c (0x01d9c4b3) x 9 0x7ffe749e
core   0: 0x80001f20 (0x023428b3) mulhsu  a7, s0, gp
core   0: 3 0x80001f20 (0x023428b3) x17 0x9989eeec
core   0: 0x80001f24 (0x00c8f5b3) and     a1, a7, a2
core   0: 3 0x80001f24 (0x00c8f5b3) x11 0x99800000
core   0: 0x80001f28 (0x000dd3b3) srl     t2, s11, zero
core   0: 3 0x80001f28 (0x000dd3b3) x 7 0x00000000
core   0: 0x80001f2c (0x022f6033) rem     zero, t5, sp
core   0: 3 0x80001f2c (0x022f6033)
core   0: 0x80001f30 (0x013d5013) srli    zero, s10, 19
core   0: 3 0x80001f30 (0x013d5013)
core   0: 0x80001f34 (0x01bed5b3) srl     a1, t4, s11
core   0: 3 0x80001f34 (0x01bed5b3) x11 0xffffff62
core   0: 0x80001f38 (0xfbe79837) lui     a6, 0xfbe79
core   0: 3 0x80001f38 (0xfbe79837) x16 0xfbe79000
core   0: 0x80001f3c (0x00f50733) add     a4, a0, a5
core   0: 3 0x80001f3c (0x00f50733) x14 0xfffffff2
core   0: 0x80001f40 (0x349f7093) andi    ra, t5, 841
core   0: 3 0x80001f40 (0x349f7093) x 1 0x00000001
core   0: 0x80001f44 (0x01fcf7b3) and     a5, s9, t6
core   0: 3 0x80001f44 (0x01fcf7b3) x15 0x00000000
core   0: 0x80001f48 (0x01c35f93) srli    t6, t1, 28
core   0: 3 0x80001f48 (0x01c35f93) x31 0x00000000
core   0: 0x80001f4c (0x157b3b13) sltiu   s6, s6, 343
core   0: 3 0x80001f4c (0x157b3b13) x22 0x00000000
core   0: 0x80001f50 (0xa5368f13) addi    t5, a3, -1453
core   0: 3 0x80001f50 (0xa5368f13) x30 0xbf1974e1
core   0: 0x80001f54 (0x402ad433) sra     s0, s5, sp
core   0: 3 0x80001f54 (0x402ad433) x 8 0xffffffff
core   0: 0x80001f58 (0x91ee9f37) lui     t5, 0x91ee9
core   0: 3 0x80001f58 (0x91ee9f37) x30 0x91ee9000
core   0: 0x80001f5c (0xf6fa3e93) sltiu   t4, s4, -145
core   0: 3 0x80001f5c (0xf6fa3e93) x29 0x00000001
core   0: 0x80001f60 (0x025785b3) mul     a1, a5, t0
core   0: 3 0x80001f60 (0x025785b3) x11 0x00000000
core   0: 0x80001f64 (0x00174333) xor     t1, a4, ra
core   0: 3 0x80001f64 (0x00174333) x 6 0xfffffff3
core   0: 0x80001f68 (0x011a37b3) sltu    a5, s4, a7
core   0: 3 0x80001f68 (0x011a37b3) x15 0x00000001
core   0: 0x80001f6c (0xbaf1c413) xori    s0, gp, -1105
core   0: 3 0x80001f6c (0xbaf1c413) x 8 0x00000450
core   0: 0x80001f70 (0x00a187b3) add     a5, gp, a0
core   0: 3 0x80001f70 (0x00a187b3) x15 0xffffffff
core   0: 0x80001f74 (0x00511793) slli    a5, sp, 5
core   0: 3 0x80001f74 (0x00511793) x15 0x00000020
core   0: 0x80001f78 (0x006d3cb3) sltu    s9, s10, t1
core   0: 3 0x80001f78 (0x006d3cb3) x25 0x00000001
core   0: 0x80001f7c (0x01fce633) or      a2, s9, t6
core   0: 3 0x80001f7c (0x01fce633) x12 0x00000001
core   0: 0x80001f80 (0x00000013) nop
core   0: 3 0x80001f80 (0x00000013)
core   0: 0x80001f84 (0x010b3733) sltu    a4, s6, a6
core   0: 3 0x80001f84 (0x010b3733) x14 0x00000001
core   0: 0x80001f88 (0x03a49633) mulh    a2, s1, s10
core   0: 3 0x80001f88 (0x03a49633) x12 0x00000000
core   0: 0x80001f8c (0x0007f033) and     zero, a5, zero
core   0: 3 0x80001f8c (0x0007f033)
core   0: 0x80001f90 (0x0273d4b3) divu    s1, t2, t2
core   0: 3 0x80001f90 (0x0273d4b3) x 9 0xffffffff
core   0: 0x80001f94 (0x01dd5733) srl     a4, s10, t4
core   0: 3 0x80001f94 (0x01dd5733) x14 0x00000000
core   0: 0x80001f98 (0x017dbfb3) sltu    t6, s11, s7
core   0: 3 0x80001f98 (0x017dbfb3) x31 0x00000001
core   0: 0x80001f9c (0x03c40933) mul     s2, s0, t3
core   0: 3 0x80001f9c (0x03c40933) x18 0x760165f0
core   0: 0x80001fa0 (0x02d680b3) mul     ra, a3, a3
core   0: 3 0x80001fa0 (0x02d680b3) x 1 0x0e67a6c4
core   0: 0x80001fa4 (0x01489113) slli    sp, a7, 20
core   0: 3 0x80001fa4 (0x01489113) x 2 0xeec00000
core   0: 0x80001fa8 (0x025d9733) mulh    a4, s11, t0
core   0: 3 0x80001fa8 (0x025d9733) x14 0x00000000
core   0: 0x80001fac (0x01068e33) add     t3, a3, a6
core   0: 3 0x80001fac (0x01068e33) x28 0xbb010a8e
core   0: 0x80001fb0 (0x00000013) nop
core   0: 3 0x80001fb0 (0x00000013)
core   0: 0x80001fb4 (0x00000013) nop
core   0: 3 0x80001fb4 (0x00000013)
core   0: 0x80001fb8 (0x37213b13) sltiu   s6, sp, 882
core   0: 3 0x80001fb8 (0x37213b13) x22 0x00000000
core   0: 0x80001fbc (0x011fe3b3) or      t2, t6, a7
core   0: 3 0x80001fbc (0x011fe3b3) x 7 0x9989eeed
core   0: 0x80001fc0 (0xfa68fa93) andi    s5, a7, -90
core   0: 3 0x80001fc0 (0xfa68fa93) x21 0x9989eea4
core   0: 0x80001fc4 (0xd8bf0413) addi    s0, t5, -629
core   0: 3 0x80001fc4 (0xd8bf0413) x 8 0x91ee8d8b
core   0: 0x80001fc8 (0x016ddcb3) srl     s9, s11, s6
core   0: 3 0x80001fc8 (0x016ddcb3) x25 0x00000000
core   0: 0x80001fcc (0x03246f33) rem     t5, s0, s2
core   0: 3 0x80001fcc (0x03246f33) x30 0x91ee8d8b
core   0: 0x80001fd0 (0x01896633) or      a2, s2, s8
core   0: 3 0x80001fd0 (0x01896633) x12 0x760165f1
core   0: 0x80001fd4 (0x004d04b3) add     s1, s10, tp
core   0: 3 0x80001fd4 (0x004d04b3) x 9 0x00000000
core   0: 0x80001fd8 (0x00a6d393) srli    t2, a3, 10
core   0: 3 0x80001fd8 (0x00a6d393) x 7 0x002fc65e
core   0: 0x80001fdc (0x001f8333) add     t1, t6, ra
core   0: 3 0x80001fdc (0x001f8333) x 6 0x0e67a6c5
core   0: 0x80001fe0 (0x002a5013) srli    zero, s4, 2
core   0: 3 0x80001fe0 (0x002a5013)
core   0: 0x80001fe4 (0x590653b7) lui     t2, 0x59065
core   0: 3 0x80001fe4 (0x590653b7) x 7 0x59065000
core   0: 0x80001fe8 (0x48994093) xori    ra, s2, 1161
core   0: 3 0x80001fe8 (0x48994093) x 1 0x76016179
core   0: 0x80001fec (0x5c5ae813) ori     a6, s5, 1477
core   0: 3 0x80001fec (0x5c5ae813) x16 0x9989efe5
core   0: 0x80001ff0 (0x029bc833) div     a6, s7, s1
core   0: 3 0x80001ff0 (0x029bc833) x16 0xffffffff
core   0: 0x80001ff4 (0x94033a93) sltiu   s5, t1, -1728
core   0: 3 0x80001ff4 (0x94033a93) x21 0x00000001
core   0: 0x80001ff8 (0x00d0dbb3) srl     s7, ra, a3
core   0: 3 0x80001ff8 (0x00d0dbb3) x23 0x0001d805
core   0: 0x80001ffc (0xd3d07b93) andi    s7, zero, -707
core   0: 3 0x80001ffc (0xd3d07b93) x23 0x00000000
core   0: 0x80002000 (0x30448093) addi    ra, s1, 772
core   0: 3 0x80002000 (0x30448093) x 1 0x00000304
core   0: 0x80002004 (0x01ec5f33) srl     t5, s8, t5
core   0: 3 0x80002004 (0x01ec5f33) x30 0x00000000
core   0: 0x80002008 (0xc1290513) addi    a0, s2, -1006
core   0: 3 0x80002008 (0xc1290513) x10 0x76016202
core   0: 0x8000200c (0x03118e33) mul     t3, gp, a7
core   0: 3 0x8000200c (0x03118e33) x28 0x66761114
core   0: 0x80002010 (0xbf1d7e17) auipc   t3, 0xbf1d7
core   0: 3 0x80002010 (0xbf1d7e17) x28 0x3f1d9010
core   0: 0x80002014 (0x03a7c833) div     a6, a5, s10
core   0: 3 0x80002014 (0x03a7c833) x16 0xffffffff
core   0: 0x80002018 (0x009e10b3) sll     ra, t3, s1
core   0: 3 0x80002018 (0x009e10b3) x 1 0x3f1d9010
core   0: 0x8000201c (0x0245efb3) rem     t6, a1, tp
core   0: 3 0x8000201c (0x0245efb3) x31 0x00000000
core   0: 0x80002020 (0x1c7d4f17) auipc   t5, 0x1c7d4
core   0: 3 0x80002020 (0x1c7d4f17) x30 0x9c7d6020
core   0: 0x80002024 (0x41a65793) srai    a5, a2, 26
core   0: 3 0x80002024 (0x41a65793) x15 0x0000001d
core   0: 0x80002028 (0x018e8cb3) add     s9, t4, s8
core   0: 3 0x80002028 (0x018e8cb3) x25 0x00000002
core   0: 0x8000202c (0x48433093) sltiu   ra, t1, 1156
core   0: 3 0x8000202c (0x48433093) x 1 0x00000000
core   0: 0x80002030 (0x0301c933) div     s2, gp, a6
core   0: 3 0x80002030 (0x0301c933) x18 0x00000001
core   0: 0x80002034 (0x9db96f93) ori     t6, s2, -1573
core   0: 3 0x80002034 (0x9db96f93) x31 0xfffff9db
core   0: 0x80002038 (0x41ced533) sra     a0, t4, t3
core   0: 3 0x80002038 (0x41ced533) x10 0x00000000
core   0: 0x8000203c (0x023cd8b3) divu    a7, s9, gp
core   0: 3 0x8000203c (0x023cd8b3) x17 0x00000000
core   0: 0x80002040 (0x03f47bb3) remu    s7, s0, t6
core   0: 3 0x80002040 (0x03f47bb3) x23 0x91ee8d8b
core   0: 0x80002044 (0x03a23d33) mulhu   s10, tp, s10
core   0: 3 0x80002044 (0x03a23d33) x26 0x00000000
core   0: 0x80002048 (0x35d32b13) slti    s6, t1, 861
core   0: 3 0x80002048 (0x35d32b13) x22 0x00000000
core   0: 0x8000204c (0x00000013) nop
core   0: 3 0x8000204c (0x00000013)
core   0: 0x80002050 (0x0177a733) slt     a4, a5, s7
core   0: 3 0x80002050 (0x0177a733) x14 0x00000000
core   0: 0x80002054 (0xd4ff2393) slti    t2, t5, -689
core   0: 3 0x80002054 (0xd4ff2393) x 7 0x00000001
core   0: 0x80002058 (0x000393b3) sll     t2, t2, zero
core   0: 3 0x80002058 (0x000393b3) x 7 0x00000001
core   0: 0x8000205c (0x40f58fb3) sub     t6, a1, a5
core   0: 3 0x8000205c (0x40f58fb3) x31 0xffffffe3
core   0: 0x80002060 (0x01a0d093) srli    ra, ra, 26
core   0: 3 0x80002060 (0x01a0d093) x 1 0x00000000
core   0: 0x80002064 (0x4121d833) sra     a6, gp, s2
core   0: 3 0x80002064 (0x4121d833) x16 0xffffffff
core   0: 0x80002068 (0xf1cb0413) addi    s0, s6, -228
core   0: 3 0x80002068 (0xf1cb0413) x 8 0xffffff1c
core   0: 0x8000206c (0x01f2d813) srli    a6, t0, 31
core   0: 3 0x8000206c (0x01f2d813) x16 0x00000001
core   0: 0x80002070 (0x00f35333) srl     t1, t1, a5
core   0: 3 0x80002070 (0x00f35333) x 6 0x00000000
core   0: 0x80002074 (0x41b85d13) srai    s10, a6, 27
core   0: 3 0x80002074 (0x41b85d13) x26 0x00000000
core   0: 0x80002078 (0xe8d8e613) ori     a2, a7, -371
core   0: 3 0x80002078 (0xe8d8e613) x12 0xfffffe8d
core   0: 0x8000207c (0x00e5dd13) srli    s10, a1, 14
core   0: 3 0x8000207c (0x00e5dd13) x26 0x00000000
core   0: 0x80002080 (0x41ec0e33) sub     t3, s8, t5
core   0: 3 0x80002080 (0x41ec0e33) x28 0x63829fe1
core   0: 0x80002084 (0x03b6e833) rem     a6, a3, s11
core   0: 3 0x80002084 (0x03b6e833) x16 0xbf197a8e
core   0: 0x80002088 (0x36172b93) slti    s7, a4, 865
core   0: 3 0x80002088 (0x36172b93) x23 0x00000001
core   0: 0x8000208c (0x3d57ab13) slti    s6, a5, 981
core   0: 3 0x8000208c (0x3d57ab13) x22 0x00000001
core   0: 0x80002090 (0xe2277017) auipc   zero, 0xe2277
core   0: 3 0x80002090 (0xe2277017)
core   0: 0x80002094 (0x0230deb3) divu    t4, ra, gp
core   0: 3 0x80002094 (0x0230deb3) x29 0x00000000
core   0: 0x80002098 (0x00000013) nop
core   0: 3 0x80002098 (0x00000013)
core   0: 0x8000209c (0x003039b3) snez    s3, gp
core   0: 3 0x8000209c (0x003039b3) x19 0x00000001
core   0: 0x800020a0 (0x00725593) srli    a1, tp, 7
core   0: 3 0x800020a0 (0x00725593) x11 0x00000000
core   0: 0x800020a4 (0x014f63b3) or      t2, t5, s4
core   0: 3 0x800020a4 (0x014f63b3) x 7 0x9c7dece4
core   0: 0x800020a8 (0x0138d213) srli    tp, a7, 19
core   0: 3 0x800020a8 (0x0138d213) x 4 0x00000000
core   0: 0x800020ac (0x0305dc33) divu    s8, a1, a6
core   0: 3 0x800020ac (0x0305dc33) x24 0x00000000
core   0: 0x800020b0 (0x0280f0b3) remu    ra, ra, s0
core   0: 3 0x800020b0 (0x0280f0b3) x 1 0x00000000
core   0: 0x800020b4 (0x00038033) add     zero, t2, zero
core   0: 3 0x800020b4 (0x00038033)
core   0: 0x800020b8 (0xb4bb3493) sltiu   s1, s6, -1205
core   0: 3 0x800020b8 (0xb4bb3493) x 9 0x00000001
core   0: 0x800020bc (0x17d73913) sltiu   s2, a4, 381
core   0: 3 0x800020bc (0x17d73913) x18 0x00000001
core   0: 0x800020c0 (0x01ccd133) srl     sp, s9, t3
core   0: 3 0x800020c0 (0x01ccd133) x 2 0x00000001
core   0: 0x800020c4 (0x07be4413) xori    s0, t3, 123
core   0: 3 0x800020c4 (0x07be4413) x 8 0x63829f9a
core   0: 0x800020c8 (0xf0b10213) addi    tp, sp, -245
core   0: 3 0x800020c8 (0xf0b10213) x 4 0xffffff0c
core   0: 0x800020cc (0x0086feb3) and     t4, a3, s0
core   0: 3 0x800020cc (0x0086feb3) x29 0x23001a8a
core   0: 0x800020d0 (0x00000013) nop
core   0: 3 0x800020d0 (0x00000013)
core   0: 0x800020d4 (0x377a4c13) xori    s8, s4, 887
core   0: 3 0x800020d4 (0x377a4c13) x24 0x80018f93
core   0: 0x800020d8 (0x02a35433) divu    s0, t1, a0
core   0: 3 0x800020d8 (0x02a35433) x 8 0xffffffff
core   0: 0x800020dc (0x1ac37413) andi    s0, t1, 428
core   0: 3 0x800020dc (0x1ac37413) x 8 0x00000000
core   0: 0x800020e0 (0x0354a093) slti    ra, s1, 53
core   0: 3 0x800020e0 (0x0354a093) x 1 0x00000001
core   0: 0x800020e4 (0x0a96c493) xori    s1, a3, 169
core   0: 3 0x800020e4 (0x0a96c493) x 9 0xbf197a27
core   0: 0x800020e8 (0x0301e033) rem     zero, gp, a6
core   0: 3 0x800020e8 (0x0301e033)
core   0: 0x800020ec (0x03d0ffb3) remu    t6, ra, t4
core   0: 3 0x800020ec (0x03d0ffb3) x31 0x00000001
core   0: 0x800020f0 (0x02ddbeb3) mulhu   t4, s11, a3
core   0: 3 0x800020f0 (0x02ddbeb3) x29 0x00000000
core   0: 0x800020f4 (0x02bcd233) divu    tp, s9, a1
core   0: 3 0x800020f4 (0x02bcd233) x 4 0xffffffff
core   0: 0x800020f8 (0x47ba0f93) addi    t6, s4, 1147
core   0: 3 0x800020f8 (0x47ba0f93) x31 0x8001915f
core   0: 0x800020fc (0x034d9733) mulh    a4, s11, s4
core   0: 3 0x800020fc (0x034d9733) x14 0x00000000
core   0: 0x80002100 (0x01b764b3) or      s1, a4, s11
core   0: 3 0x80002100 (0x01b764b3) x 9 0x00000000
core   0: 0x80002104 (0x7b85b993) sltiu   s3, a1, 1976
core   0: 3 0x80002104 (0x7b85b993) x19 0x00000001
core   0: 0x80002108 (0x40f3d613) srai    a2, t2, 15
core   0: 3 0x80002108 (0x40f3d613) x12 0xffff38fb
core   0: 0x8000210c (0x01ce9313) slli    t1, t4, 28
core   0: 3 0x8000210c (0x01ce9313) x 6 0x00000000
core   0: 0x80002110 (0x004a2433) slt     s0, s4, tp
core   0: 3 0x80002110 (0x004a2433) x 8 0x00000001
core   0: 0x80002114 (0x00ca1833) sll     a6, s4, a2
core   0: 3 0x80002114 (0x00ca1833) x16 0x20000000
core   0: 0x80002118 (0xfcc2aa93) slti    s5, t0, -52
core   0: 3 0x80002118 (0xfcc2aa93) x21 0x00000001
core   0: 0x8000211c (0xd3d6a993) slti    s3, a3, -707
core   0: 3 0x8000211c (0xd3d6a993) x19 0x00000001
core   0: 0x80002120 (0x01639b93) slli    s7, t2, 22
core   0: 3 0x80002120 (0x01639b93) x23 0x39000000
core   0: 0x80002124 (0xfad62e93) slti    t4, a2, -83
core   0: 3 0x80002124 (0xfad62e93) x29 0x00000001
core   0: 0x80002128 (0x03004933) div     s2, zero, a6
core   0: 3 0x80002128 (0x03004933) x18 0x00000000
core   0: 0x8000212c (0x02fa09b3) mul     s3, s4, a5
core   0: 3 0x8000212c (0x02fa09b3) x19 0x802cf5d4
core   0: 0x80002130 (0x01d728b3) slt     a7, a4, t4
core   0: 3 0x80002130 (0x01d728b3) x17 0x00000001
core   0: 0x80002134 (0x03287b33) remu    s6, a6, s2
core   0: 3 0x80002134 (0x03287b33) x22 0x20000000
core   0: 0x80002138 (0x4edba893) slti    a7, s7, 1261
core   0: 3 0x80002138 (0x4edba893) x17 0x00000000
core   0: 0x8000213c (0x031ba1b3) mulhsu  gp, s7, a7
core   0: 3 0x8000213c (0x031ba1b3) x 3 0x00000000
core   0: 0x80002140 (0x02a14533) div     a0, sp, a0
core   0: 3 0x80002140 (0x02a14533) x10 0xffffffff
core   0: 0x80002144 (0x89ddbc17) auipc   s8, 0x89ddb
core   0: 3 0x80002144 (0x89ddbc17) x24 0x09ddd144
core   0: 0x80002148 (0x033c3ab3) mulhu   s5, s8, s3
core   0: 3 0x80002148 (0x033c3ab3) x21 0x04f0a43b
core   0: 0x8000214c (0x40698233) sub     tp, s3, t1
core   0: 3 0x8000214c (0x40698233) x 4 0x802cf5d4
core   0: 0x80002150 (0x02d244b3) div     s1, tp, a3
core   0: 3 0x80002150 (0x02d244b3) x 9 0x00000001
core   0: 0x80002154 (0x586e2617) auipc   a2, 0x586e2
core   0: 3 0x80002154 (0x586e2617) x12 0xd86e4154
core   0: 0x80002158 (0x003e38b3) sltu    a7, t3, gp
core   0: 3 0x80002158 (0x003e38b3) x17 0x00000000
core   0: 0x8000215c (0x011a1213) slli    tp, s4, 17
core   0: 3 0x8000215c (0x011a1213) x 4 0x19c80000
core   0: 0x80002160 (0x00df9e13) slli    t3, t6, 13
core   0: 3 0x80002160 (0x00df9e13) x28 0x322be000
core   0: 0x80002164 (0x03fde733) rem     a4, s11, t6
core   0: 3 0x80002164 (0x03fde733) x14 0x00000000
core   0: 0x80002168 (0x4184d3b3) sra     t2, s1, s8
core   0: 3 0x80002168 (0x4184d3b3) x 7 0x00000000
core   0: 0x8000216c (0x03470433) mul     s0, a4, s4
core   0: 3 0x8000216c (0x03470433) x 8 0x00000000
core   0: 0x80002170 (0x03e28733) mul     a4, t0, t5
core   0: 3 0x80002170 (0x03e28733) x14 0xb4634c80
core   0: 0x80002174 (0xb21ef093) andi    ra, t4, -1247
core   0: 3 0x80002174 (0xb21ef093) x 1 0x00000001
core   0: 0x80002178 (0x00170133) add     sp, a4, ra
core   0: 3 0x80002178 (0x00170133) x 2 0xb4634c81
core   0: 0x8000217c (0x01109e93) slli    t4, ra, 17
core   0: 3 0x8000217c (0x01109e93) x29 0x00020000
core   0: 0x80002180 (0x032fbd33) mulhu   s10, t6, s2
core   0: 3 0x80002180 (0x032fbd33) x26 0x00000000
core   0: 0x80002184 (0x00f81933) sll     s2, a6, a5
core   0: 3 0x80002184 (0x00f81933) x18 0x00000000
core   0: 0x80002188 (0x5e14b513) sltiu   a0, s1, 1505
core   0: 3 0x80002188 (0x5e14b513) x10 0x00000001
core   0: 0x8000218c (0x0078d7b3) srl     a5, a7, t2
core   0: 3 0x8000218c (0x0078d7b3) x15 0x00000000
core   0: 0x80002190 (0x025e80b3) mul     ra, t4, t0
core   0: 3 0x80002190 (0x025e80b3) x 1 0x9cc80000
core   0: 0x80002194 (0x4a60a593) slti    a1, ra, 1190
core   0: 3 0x80002194 (0x4a60a593) x11 0x00000001
core   0: 0x80002198 (0x40b05433) sra     s0, zero, a1
core   0: 3 0x80002198 (0x40b05433) x 8 0x00000000
core   0: 0x8000219c (0x029eaeb3) mulhsu  t4, t4, s1
core   0: 3 0x8000219c (0x029eaeb3) x29 0x00000000
core   0: 0x800021a0 (0x403e0233) sub     tp, t3, gp
core   0: 3 0x800021a0 (0x403e0233) x 4 0x322be000
core   0: 0x800021a4 (0x00799993) slli    s3, s3, 7
core   0: 3 0x800021a4 (0x00799993) x19 0x167aea00
core   0: 0x800021a8 (0x03932233) mulhsu  tp, t1, s9
core   0: 3 0x800021a8 (0x03932233) x 4 0x00000000
core   0: 0x800021ac (0xf9e6f613) andi    a2, a3, -98
core   0: 3 0x800021ac (0xf9e6f613) x12 0xbf197a8e
core   0: 0x800021b0 (0x01e8db33) srl     s6, a7, t5
core   0: 3 0x800021b0 (0x01e8db33) x22 0x00000000
core   0: 0x800021b4 (0x41c10db3) sub     s11, sp, t3
core   0: 3 0x800021b4 (0x41c10db3) x27 0x82376c81
core   0: 0x800021b8 (0x01d3c733) xor     a4, t2, t4
core   0: 3 0x800021b8 (0x01d3c733) x14 0x00000000
core   0: 0x800021bc (0x481e8d93) addi    s11, t4, 1153
core   0: 3 0x800021bc (0x481e8d93) x27 0x00000481
core   0: 0x800021c0 (0x0320dc33) divu    s8, ra, s2
core   0: 3 0x800021c0 (0x0320dc33) x24 0xffffffff
core   0: 0x800021c4 (0x5aad0213) addi    tp, s10, 1450
core   0: 3 0x800021c4 (0x5aad0213) x 4 0x000005aa
core   0: 0x800021c8 (0xc258b313) sltiu   t1, a7, -987
core   0: 3 0x800021c8 (0xc258b313) x 6 0x00000001
core   0: 0x800021cc (0x92b3c393) xori    t2, t2, -1749
core   0: 3 0x800021cc (0x92b3c393) x 7 0xfffff92b
core   0: 0x800021d0 (0x82197b93) andi    s7, s2, -2015
core   0: 3 0x800021d0 (0x82197b93) x23 0x00000000
core   0: 0x800021d4 (0xa3ef2d93) slti    s11, t5, -1474
core   0: 3 0x800021d4 (0xa3ef2d93) x27 0x00000001
core   0: 0x800021d8 (0x02588233) mul     tp, a7, t0
core   0: 3 0x800021d8 (0x02588233) x 4 0x00000000
core   0: 0x800021dc (0x03b155b3) divu    a1, sp, s11
core   0: 3 0x800021dc (0x03b155b3) x11 0xb4634c81
core   0: 0x800021e0 (0x4a3cb093) sltiu   ra, s9, 1187
core   0: 3 0x800021e0 (0x4a3cb093) x 1 0x00000001
core   0: 0x800021e4 (0x01c02b33) slt     s6, zero, t3
core   0: 3 0x800021e4 (0x01c02b33) x22 0x00000001
core   0: 0x800021e8 (0xb60a5617) auipc   a2, 0xb60a5
core   0: 3 0x800021e8 (0xb60a5617) x12 0x360a71e8
core   0: 0x800021ec (0x02912c33) mulhsu  s8, sp, s1
core   0: 3 0x800021ec (0x02912c33) x24 0xffffffff
core   0: 0x800021f0 (0x0155e7b3) or      a5, a1, s5
core   0: 3 0x800021f0 (0x0155e7b3) x15 0xb4f3ecbb
core   0: 0x800021f4 (0x01ac5c93) srli    s9, s8, 26
core   0: 3 0x800021f4 (0x01ac5c93) x25 0x0000003f
core   0: 0x800021f8 (0x90a2e117) auipc   sp, 0x90a2e
core   0: 3 0x800021f8 (0x90a2e117) x 2 0x10a301f8
core   0: 0x800021fc (0x405b5933) sra     s2, s6, t0
core   0: 3 0x800021fc (0x405b5933) x18 0x00000000
core   0: 0x80002200 (0x9b366c13) ori     s8, a2, -1613
core   0: 3 0x80002200 (0x9b366c13) x24 0xfffff9fb
core   0: 0x80002204 (0xea4d4b13) xori    s6, s10, -348
core   0: 3 0x80002204 (0xea4d4b13) x22 0xfffffea4
core   0: 0x80002208 (0x029e3733) mulhu   a4, t3, s1
core   0: 3 0x80002208 (0x029e3733) x14 0x00000000
core   0: 0x8000220c (0x40515cb3) sra     s9, sp, t0
core   0: 3 0x8000220c (0x40515cb3) x25 0x010a301f
core   0: 0x80002210 (0x02cad5b3) divu    a1, s5, a2
core   0: 3 0x80002210 (0x02cad5b3) x11 0x00000000
core   0: 0x80002214 (0x7ae84fb7) lui     t6, 0x7ae84
core   0: 3 0x80002214 (0x7ae84fb7) x31 0x7ae84000
core   0: 0x80002218 (0xdd5a0213) addi    tp, s4, -555
core   0: 3 0x80002218 (0xdd5a0213) x 4 0x80018ab9
core   0: 0x8000221c (0x43aeb393) sltiu   t2, t4, 1082
core   0: 3 0x8000221c (0x43aeb393) x 7 0x00000001
core   0: 0x80002220 (0x03378eb3) mul     t4, a5, s3
core   0: 3 0x80002220 (0x03378eb3) x29 0xd980ee00
core   0: 0x80002224 (0x5767a813) slti    a6, a5, 1398
core   0: 3 0x80002224 (0x5767a813) x16 0x00000001
core   0: 0x80002228 (0x408bd813) srai    a6, s7, 8
core   0: 3 0x80002228 (0x408bd813) x16 0x00000000
core   0: 0x8000222c (0x00caa933) slt     s2, s5, a2
core   0: 3 0x8000222c (0x00caa933) x18 0x00000001
core   0: 0x80002230 (0x405f5d13) srai    s10, t5, 5
core   0: 3 0x80002230 (0x405f5d13) x26 0xfce3eb01
core   0: 0x80002234 (0x002a01b3) add     gp, s4, sp
core   0: 3 0x80002234 (0x002a01b3) x 3 0x90a48edc
core   0: 0x80002238 (0x6ec70913) addi    s2, a4, 1772
core   0: 3 0x80002238 (0x6ec70913) x18 0x000006ec
core   0: 0x8000223c (0x027b7f33) remu    t5, s6, t2
core   0: 3 0x8000223c (0x027b7f33) x30 0x00000000
core   0: 0x80002240 (0x03cfed33) rem     s10, t6, t3
core   0: 3 0x80002240 (0x03cfed33) x26 0x16908000
core   0: 0x80002244 (0x716aff97) auipc   t6, 0x716af
core   0: 3 0x80002244 (0x716aff97) x31 0xf16b1244
core   0: 0x80002248 (0x01a21913) slli    s2, tp, 26
core   0: 3 0x80002248 (0x01a21913) x18 0xe4000000
core   0: 0x8000224c (0x00000013) nop
core   0: 3 0x8000224c (0x00000013)
core   0: 0x80002250 (0x00eb9993) slli    s3, s7, 14
core   0: 3 0x80002250 (0x00eb9993) x19 0x00000000
core   0: 0x80002254 (0x03c8efb3) rem     t6, a7, t3
core   0: 3 0x80002254 (0x03c8efb3) x31 0x00000000
core   0: 0x80002258 (0x941f5cb7) lui     s9, 0x941f5
core   0: 3 0x80002258 (0x941f5cb7) x25 0x941f5000
core   0: 0x8000225c (0xe560ee13) ori     t3, ra, -426
core   0: 3 0x8000225c (0xe560ee13) x28 0xfffffe57
core   0: 0x80002260 (0x00361b33) sll     s6, a2, gp
core   0: 3 0x80002260 (0x00361b33) x22 0x80000000
core   0: 0x80002264 (0x02dbfdb3) remu    s11, s7, a3
core   0: 3 0x80002264 (0x02dbfdb3) x27 0x00000000
core   0: 0x80002268 (0x03396cb3) rem     s9, s2, s3
core   0: 3 0x80002268 (0x03396cb3) x25 0xe4000000
core   0: 0x8000226c (0x00f3d193) srli    gp, t2, 15
core   0: 3 0x8000226c (0x00f3d193) x 3 0x00000000
core   0: 0x80002270 (0x40a45993) srai    s3, s0, 10
core   0: 3 0x80002270 (0x40a45993) x19 0x00000000
core   0: 0x80002274 (0x98bd8493) addi    s1, s11, -1653
core   0: 3 0x80002274 (0x98bd8493) x 9 0xfffff98b
core   0: 0x80002278 (0x03810633) mul     a2, sp, s8
core   0: 3 0x80002278 (0x03810633) x12 0xdac52628
core   0: 0x8000227c (0x0025c833) xor     a6, a1, sp
core   0: 3 0x8000227c (0x0025c833) x16 0x10a301f8
core   0: 0x80002280 (0x01820733) add     a4, tp, s8
core   0: 3 0x80002280 (0x01820733) x14 0x800184b4
core   0: 0x80002284 (0x02997ab3) remu    s5, s2, s1
core   0: 3 0x80002284 (0x02997ab3) x21 0xe4000000
core   0: 0x80002288 (0x98be5d17) auipc   s10, 0x98be5
core   0: 3 0x80002288 (0x98be5d17) x26 0x18be7288
core   0: 0x8000228c (0x07ade813) ori     a6, s11, 122
core   0: 3 0x8000228c (0x07ade813) x16 0x0000007a
core   0: 0x80002290 (0x00965033) srl     zero, a2, s1
core   0: 3 0x80002290 (0x00965033)
core   0: 0x80002294 (0x002e07b3) add     a5, t3, sp
core   0: 3 0x80002294 (0x002e07b3) x15 0x10a3004f
core   0: 0x80002298 (0x02932db3) mulhsu  s11, t1, s1
core   0: 3 0x80002298 (0x02932db3) x27 0x00000000
core   0: 0x8000229c (0x00ca98b3) sll     a7, s5, a2
core   0: 3 0x8000229c (0x00ca98b3) x17 0x00000000
core   0: 0x800022a0 (0x03511733) mulh    a4, sp, s5
core   0: 3 0x800022a0 (0x03511733) x14 0xfe2e2bc8
core   0: 0x800022a4 (0x1b27ff37) lui     t5, 0x1b27f
core   0: 3 0x800022a4 (0x1b27ff37) x30 0x1b27f000
core   0: 0x800022a8 (0x41f985b3) sub     a1, s3, t6
core   0: 3 0x800022a8 (0x41f985b3) x11 0x00000000
core   0: 0x800022ac (0x0289c233) div     tp, s3, s0
core   0: 3 0x800022ac (0x0289c233) x 4 0xffffffff
core   0: 0x800022b0 (0x00405093) srli    ra, zero, 4
core   0: 3 0x800022b0 (0x00405093) x 1 0x00000000
core   0: 0x800022b4 (0x06894393) xori    t2, s2, 104
core   0: 3 0x800022b4 (0x06894393) x 7 0xe4000068
core   0: 0x800022b8 (0x01aa2db3) slt     s11, s4, s10
core   0: 3 0x800022b8 (0x01aa2db3) x27 0x00000001
core   0: 0x800022bc (0x40e60033) sub     zero, a2, a4
core   0: 3 0x800022bc (0x40e60033)
core   0: 0x800022c0 (0x02305bb3) divu    s7, zero, gp
core   0: 3 0x800022c0 (0x02305bb3) x23 0xffffffff
core   0: 0x800022c4 (0x00435733) srl     a4, t1, tp
core   0: 3 0x800022c4 (0x00435733) x14 0x00000000
core   0: 0x800022c8 (0x03b8a633) mulhsu  a2, a7, s11
core   0: 3 0x800022c8 (0x03b8a633) x12 0x00000000
core   0: 0x800022cc (0x0332d8b3) divu    a7, t0, s3
core   0: 3 0x800022cc (0x0332d8b3) x17 0xffffffff
core   0: 0x800022d0 (0x14e76d17) auipc   s10, 0x14e76
core   0: 3 0x800022d0 (0x14e76d17) x26 0x94e782d0
core   0: 0x800022d4 (0x014610b3) sll     ra, a2, s4
core   0: 3 0x800022d4 (0x014610b3) x 1 0x00000000
core   0: 0x800022d8 (0x98e48213) addi    tp, s1, -1650
core   0: 3 0x800022d8 (0x98e48213) x 4 0xfffff319
core   0: 0x800022dc (0x02c13e33) mulhu   t3, sp, a2
core   0: 3 0x800022dc (0x02c13e33) x28 0x00000000
core   0: 0x800022e0 (0x26018313) addi    t1, gp, 608
core   0: 3 0x800022e0 (0x26018313) x 6 0x00000260
core   0: 0x800022e4 (0x03f86533) rem     a0, a6, t6
core   0: 3 0x800022e4 (0x03f86533) x10 0x0000007a
core   0: 0x800022e8 (0x00bbf7b3) and     a5, s7, a1
core   0: 3 0x800022e8 (0x00bbf7b3) x15 0x00000000
core   0: 0x800022ec (0x02b91fb3) mulh    t6, s2, a1
core   0: 3 0x800022ec (0x02b91fb3) x31 0x00000000
core   0: 0x800022f0 (0x016771b3) and     gp, a4, s6
core   0: 3 0x800022f0 (0x016771b3) x 3 0x00000000
core   0: 0x800022f4 (0x02bd1333) mulh    t1, s10, a1
core   0: 3 0x800022f4 (0x02bd1333) x 6 0x00000000
core   0: 0x800022f8 (0x00c09133) sll     sp, ra, a2
core   0: 3 0x800022f8 (0x00c09133) x 2 0x00000000
core   0: 0x800022fc (0x01c6abb3) slt     s7, a3, t3
core   0: 3 0x800022fc (0x01c6abb3) x23 0x00000001
core   0: 0x80002300 (0x2671fe13) andi    t3, gp, 615
core   0: 3 0x80002300 (0x2671fe13) x28 0x00000000
core   0: 0x80002304 (0x02af9233) mulh    tp, t6, a0
core   0: 3 0x80002304 (0x02af9233) x 4 0x00000000
core   0: 0x80002308 (0x02ca7bb3) remu    s7, s4, a2
core   0: 3 0x80002308 (0x02ca7bb3) x23 0x80018ce4
core   0: 0x8000230c (0x01ade9b3) or      s3, s11, s10
core   0: 3 0x8000230c (0x01ade9b3) x19 0x94e782d1
core   0: 0x80002310 (0x02896e33) rem     t3, s2, s0
core   0: 3 0x80002310 (0x02896e33) x28 0xe4000000
core   0: 0x80002314 (0x00ad1013) slli    zero, s10, 10
core   0: 3 0x80002314 (0x00ad1013)
core   0: 0x80002318 (0x3d2c4093) xori    ra, s8, 978
core   0: 3 0x80002318 (0x3d2c4093) x 1 0xfffffa29
core   0: 0x8000231c (0xc2f5a213) slti    tp, a1, -977
core   0: 3 0x8000231c (0xc2f5a213) x 4 0x00000000
core   0: 0x80002320 (0x01907633) and     a2, zero, s9
core   0: 3 0x80002320 (0x01907633) x12 0x00000000
core   0: 0x80002324 (0x03fb78b3) remu    a7, s6, t6
core   0: 3 0x80002324 (0x03fb78b3) x17 0x80000000
core   0: 0x80002328 (0x00da78b3) and     a7, s4, a3
core   0: 3 0x80002328 (0x00da78b3) x17 0x80010884
core   0: 0x8000232c (0x40935933) sra     s2, t1, s1
core   0: 3 0x8000232c (0x40935933) x18 0x00000000
core   0: 0x80002330 (0x037b3333) mulhu   t1, s6, s7
core   0: 3 0x80002330 (0x037b3333) x 6 0x4000c672
core   0: 0x80002334 (0x01c849b3) xor     s3, a6, t3
core   0: 3 0x80002334 (0x01c849b3) x19 0xe400007a
core   0: 0x80002338 (0xf1d5d9b7) lui     s3, 0xf1d5d
core   0: 3 0x80002338 (0xf1d5d9b7) x19 0xf1d5d000
core   0: 0x8000233c (0x03d514b3) mulh    s1, a0, t4
core   0: 3 0x8000233c (0x03d514b3) x 9 0xffffffed
core   0: 0x80002340 (0x00222bb3) slt     s7, tp, sp
core   0: 3 0x80002340 (0x00222bb3) x23 0x00000000
core   0: 0x80002344 (0x035b2033) mulhsu  zero, s6, s5
core   0: 3 0x80002344 (0x035b2033)
core   0: 0x80002348 (0x1cad73b7) lui     t2, 0x1cad7
core   0: 3 0x80002348 (0x1cad73b7) x 7 0x1cad7000
core   0: 0x8000234c (0x3c323213) sltiu   tp, tp, 963
core   0: 3 0x8000234c (0x3c323213) x 4 0x00000001
core   0: 0x80002350 (0x003e1f13) slli    t5, t3, 3
core   0: 3 0x80002350 (0x003e1f13) x30 0x20000000
core   0: 0x80002354 (0x008fbf33) sltu    t5, t6, s0
core   0: 3 0x80002354 (0x008fbf33) x30 0x00000000
core   0: 0x80002358 (0xbcbf2993) slti    s3, t5, -1077
core   0: 3 0x80002358 (0xbcbf2993) x19 0x00000000
core   0: 0x8000235c (0x01455a93) srli    s5, a0, 20
core   0: 3 0x8000235c (0x01455a93) x21 0x00000000
core   0: 0x80002360 (0x00b41613) slli    a2, s0, 11
core   0: 3 0x80002360 (0x00b41613) x12 0x00000000
core   0: 0x80002364 (0x007d4733) xor     a4, s10, t2
core   0: 3 0x80002364 (0x007d4733) x14 0x884af2d0
core   0: 0x80002368 (0x40ba5833) sra     a6, s4, a1
core   0: 3 0x80002368 (0x40ba5833) x16 0x80018ce4
core   0: 0x8000236c (0x4130d513) srai    a0, ra, 19
core   0: 3 0x8000236c (0x4130d513) x10 0xffffffff
core   0: 0x80002370 (0x01a6bb33) sltu    s6, a3, s10
core   0: 3 0x80002370 (0x01a6bb33) x22 0x00000000
core   0: 0x80002374 (0x00544333) xor     t1, s0, t0
core   0: 3 0x80002374 (0x00544333) x 6 0x80014e64
core   0: 0x80002378 (0x02734433) div     s0, t1, t2
core   0: 3 0x80002378 (0x02734433) x 8 0xfffffffc
core   0: 0x8000237c (0x4060d4b3) sra     s1, ra, t1
core   0: 3 0x8000237c (0x4060d4b3) x 9 0xffffffa2
core   0: 0x80002380 (0x0123af33) slt     t5, t2, s2
core   0: 3 0x80002380 (0x0123af33) x30 0x00000000
core   0: 0x80002384 (0x013414b3) sll     s1, s0, s3
core   0: 3 0x80002384 (0x013414b3) x 9 0xfffffffc
core   0: 0x80002388 (0x02438b33) mul     s6, t2, tp
core   0: 3 0x80002388 (0x02438b33) x22 0x1cad7000
core   0: 0x8000238c (0x00138733) add     a4, t2, ra
core   0: 3 0x8000238c (0x00138733) x14 0x1cad6a29
core   0: 0x80002390 (0xd0738093) addi    ra, t2, -761
core   0: 3 0x80002390 (0xd0738093) x 1 0x1cad6d07
core   0: 0x80002394 (0x8db4a993) slti    s3, s1, -1829
core   0: 3 0x80002394 (0x8db4a993) x19 0x00000000
core   0: 0x80002398 (0x01c5d113) srli    sp, a1, 28
core   0: 3 0x80002398 (0x01c5d113) x 2 0x00000000
core   0: 0x8000239c (0x00152fb3) slt     t6, a0, ra
core   0: 3 0x8000239c (0x00152fb3) x31 0x00000001
core   0: 0x800023a0 (0x0031dc93) srli    s9, gp, 3
core   0: 3 0x800023a0 (0x0031dc93) x25 0x00000000
core   0: 0x800023a4 (0x01437c33) and     s8, t1, s4
core   0: 3 0x800023a4 (0x01437c33) x24 0x80010c64
core   0: 0x800023a8 (0x00d421b3) slt     gp, s0, a3
core   0: 3 0x800023a8 (0x00d421b3) x 3 0x00000000
core   0: 0x800023ac (0x02d544b3) div     s1, a0, a3
core   0: 3 0x800023ac (0x02d544b3) x 9 0x00000000
core   0: 0x800023b0 (0x408a0133) sub     sp, s4, s0
core   0: 3 0x800023b0 (0x408a0133) x 2 0x80018ce8
core   0: 0x800023b4 (0x1a658793) addi    a5, a1, 422
core   0: 3 0x800023b4 (0x1a658793) x15 0x000001a6
core   0: 0x800023b8 (0x03133eb3) mulhu   t4, t1, a7
core   0: 3 0x800023b8 (0x03133eb3) x29 0x40012b75
core   0: 0x800023bc (0x00000013) nop
core   0: 3 0x800023bc (0x00000013)
core   0: 0x800023c0 (0x02b56933) rem     s2, a0, a1
core   0: 3 0x800023c0 (0x02b56933) x18 0xffffffff
core   0: 0x800023c4 (0x01aadb33) srl     s6, s5, s10
core   0: 3 0x800023c4 (0x01aadb33) x22 0x00000000
core   0: 0x800023c8 (0x410bdab3) sra     s5, s7, a6
core   0: 3 0x800023c8 (0x410bdab3) x21 0x00000000
core   0: 0x800023cc (0x545ff393) andi    t2, t6, 1349
core   0: 3 0x800023cc (0x545ff393) x 7 0x00000001
core   0: 0x800023d0 (0x00fe77b3) and     a5, t3, a5
core   0: 3 0x800023d0 (0x00fe77b3) x15 0x00000000
core   0: 0x800023d4 (0x41060833) sub     a6, a2, a6
core   0: 3 0x800023d4 (0x41060833) x16 0x7ffe731c
core   0: 0x800023d8 (0x1ce54b93) xori    s7, a0, 462
core   0: 3 0x800023d8 (0x1ce54b93) x23 0xfffffe31
core   0: 0x800023dc (0x405ed413) srai    s0, t4, 5
core   0: 3 0x800023dc (0x405ed413) x 8 0x0200095b
core   0: 0x800023e0 (0x003d9b13) slli    s6, s11, 3
core   0: 3 0x800023e0 (0x003d9b13) x22 0x00000008
core   0: 0x800023e4 (0x01501e13) slli    t3, zero, 21
core   0: 3 0x800023e4 (0x01501e13) x28 0x00000000
core   0: 0x800023e8 (0x03d2b1b3) mulhu   gp, t0, t4
core   0: 3 0x800023e8 (0x03d2b1b3) x 3 0x2000e955
core   0: 0x800023ec (0x0304ab33) mulhsu  s6, s1, a6
core   0: 3 0x800023ec (0x0304ab33) x22 0x00000000
core   0: 0x800023f0 (0x2104e813) ori     a6, s1, 528
core   0: 3 0x800023f0 (0x2104e813) x16 0x00000210
core   0: 0x800023f4 (0x2394e713) ori     a4, s1, 569
core   0: 3 0x800023f4 (0x2394e713) x14 0x00000239
core   0: 0x800023f8 (0xf920f413) andi    s0, ra, -110
core   0: 3 0x800023f8 (0xf920f413) x 8 0x1cad6d02
core   0: 0x800023fc (0x00000013) nop
core   0: 3 0x800023fc (0x00000013)
core   0: 0x80002400 (0x028313b3) mulh    t2, t1, s0
core   0: 3 0x80002400 (0x028313b3) x 7 0xf1a96ef4
core   0: 0x80002404 (0x006d9e13) slli    t3, s11, 6
core   0: 3 0x80002404 (0x006d9e13) x28 0x00000040
core   0: 0x80002408 (0x00000013) nop
core   0: 3 0x80002408 (0x00000013)
core   0: 0x8000240c (0x02604133) div     sp, zero, t1
core   0: 3 0x8000240c (0x02604133) x 2 0x00000000
core   0: 0x80002410 (0x00d20233) add     tp, tp, a3
core   0: 3 0x80002410 (0x00d20233) x 4 0xbf197a8f
core   0: 0x80002414 (0x01928933) add     s2, t0, s9
core   0: 3 0x80002414 (0x01928933) x18 0x80014e64
core   0: 0x80002418 (0xb7898b13) addi    s6, s3, -1160
core   0: 3 0x80002418 (0xb7898b13) x22 0xfffffb78
core   0: 0x8000241c (0xd0157d93) andi    s11, a0, -767
core   0: 3 0x8000241c (0xd0157d93) x27 0xfffffd01
core   0: 0x80002420 (0x02273e33) mulhu   t3, a4, sp
core   0: 3 0x80002420 (0x02273e33) x28 0x00000000
core   0: 0x80002424 (0x03ed0433) mul     s0, s10, t5
core   0: 3 0x80002424 (0x03ed0433) x 8 0x00000000
core   0: 0x80002428 (0x026edfb3) divu    t6, t4, t1
core   0: 3 0x80002428 (0x026edfb3) x31 0x00000000
core   0: 0x8000242c (0x0295b8b3) mulhu   a7, a1, s1
core   0: 3 0x8000242c (0x0295b8b3) x17 0x00000000
core   0: 0x80002430 (0x02bc65b3) rem     a1, s8, a1
core   0: 3 0x80002430 (0x02bc65b3) x11 0x80010c64
core   0: 0x80002434 (0x009aab33) slt     s6, s5, s1
core   0: 3 0x80002434 (0x009aab33) x22 0x00000000
core   0: 0x80002438 (0x01b6dab3) srl     s5, a3, s11
core   0: 3 0x80002438 (0x01b6dab3) x21 0x5f8cbd47
core   0: 0x8000243c (0x009cb0b3) sltu    ra, s9, s1
core   0: 3 0x8000243c (0x009cb0b3) x 1 0x00000000
core   0: 0x80002440 (0x8cd59637) lui     a2, 0x8cd59
core   0: 3 0x80002440 (0x8cd59637) x12 0x8cd59000
core   0: 0x80002444 (0x03786eb3) rem     t4, a6, s7
core   0: 3 0x80002444 (0x03786eb3) x29 0x00000041
core   0: 0x80002448 (0x027a7c33) remu    s8, s4, t2
core   0: 3 0x80002448 (0x027a7c33) x24 0x80018ce4
core   0: 0x8000244c (0x00731f93) slli    t6, t1, 7
core   0: 3 0x8000244c (0x00731f93) x31 0x00a73200
core   0: 0x80002450 (0x0032bb33) sltu    s6, t0, gp
core   0: 3 0x80002450 (0x0032bb33) x22 0x00000000
core   0: 0x80002454 (0x41c3d233) sra     tp, t2, t3
core   0: 3 0x80002454 (0x41c3d233) x 4 0xf1a96ef4
core   0: 0x80002458 (0x005d6633) or      a2, s10, t0
core   0: 3 0x80002458 (0x005d6633) x12 0x94e7cef4
core   0: 0x8000245c (0x408c0833) sub     a6, s8, s0
core   0: 3 0x8000245c (0x408c0833) x16 0x80018ce4
core   0: 0x80002460 (0x00d99c93) slli    s9, s3, 13
core   0: 3 0x80002460 (0x00d99c93) x25 0x00000000
core   0: 0x80002464 (0x01f9d0b3) srl     ra, s3, t6
core   0: 3 0x80002464 (0x01f9d0b3) x 1 0x00000000
core   0: 0x80002468 (0x41fd04b3) sub     s1, s10, t6
core   0: 3 0x80002468 (0x41fd04b3) x 9 0x944050d0
core   0: 0x8000246c (0x01e888b3) add     a7, a7, t5
core   0: 3 0x8000246c (0x01e888b3) x17 0x00000000
core   0: 0x80002470 (0x0283c4b3) div     s1, t2, s0
core   0: 3 0x80002470 (0x0283c4b3) x 9 0xffffffff
core   0: 0x80002474 (0x01133433) sltu    s0, t1, a7
core   0: 3 0x80002474 (0x01133433) x 8 0x00000000
core   0: 0x80002478 (0x017bfeb3) and     t4, s7, s7
core   0: 3 0x80002478 (0x017bfeb3) x29 0xfffffe31
core   0: 0x8000247c (0x1df17793) andi    a5, sp, 479
core   0: 3 0x8000247c (0x1df17793) x15 0x00000000
core   0: 0x80002480 (0x41e48eb3) sub     t4, s1, t5
core   0: 3 0x80002480 (0x41e48eb3) x29 0xffffffff
core   0: 0x80002484 (0x00f91833) sll     a6, s2, a5
core   0: 3 0x80002484 (0x00f91833) x16 0x80014e64
core   0: 0x80002488 (0x02bce1b3) rem     gp, s9, a1
core   0: 3 0x80002488 (0x02bce1b3) x 3 0x00000000
core   0: 0x8000248c (0x02b6c933) div     s2, a3, a1
core   0: 3 0x8000248c (0x02b6c933) x18 0x00000000
core   0: 0x80002490 (0x03cdb533) mulhu   a0, s11, t3
core   0: 3 0x80002490 (0x03cdb533) x10 0x00000000
core   0: 0x80002494 (0x00000013) nop
core   0: 3 0x80002494 (0x00000013)
core   0: 0x80002498 (0x03de9633) mulh    a2, t4, t4
core   0: 3 0x80002498 (0x03de9633) x12 0x00000000
core   0: 0x8000249c (0xb8d76913) ori     s2, a4, -1139
core   0: 3 0x8000249c (0xb8d76913) x18 0xfffffbbd
core   0: 0x800024a0 (0x7754e613) ori     a2, s1, 1909
core   0: 3 0x800024a0 (0x7754e613) x12 0xffffffff
core   0: 0x800024a4 (0x002238b3) sltu    a7, tp, sp
core   0: 3 0x800024a4 (0x002238b3) x17 0x00000000
core   0: 0x800024a8 (0x02a38ab3) mul     s5, t2, a0
core   0: 3 0x800024a8 (0x02a38ab3) x21 0x00000000
core   0: 0x800024ac (0x00febc33) sltu    s8, t4, a5
core   0: 3 0x800024ac (0x00febc33) x24 0x00000000
core   0: 0x800024b0 (0x48d8e213) ori     tp, a7, 1165
core   0: 3 0x800024b0 (0x48d8e213) x 4 0x0000048d
core   0: 0x800024b4 (0xa1c02413) slti    s0, zero, -1508
core   0: 3 0x800024b4 (0xa1c02413) x 8 0x00000000
core   0: 0x800024b8 (0x400e0133) sub     sp, t3, zero
core   0: 3 0x800024b8 (0x400e0133) x 2 0x00000000
core   0: 0x800024bc (0x00000013) nop
core   0: 3 0x800024bc (0x00000013)
core   0: 0x800024c0 (0x01564e33) xor     t3, a2, s5
core   0: 3 0x800024c0 (0x01564e33) x28 0xffffffff
core   0: 0x800024c4 (0x005ce1b3) or      gp, s9, t0
core   0: 3 0x800024c4 (0x005ce1b3) x 3 0x80014e64
core   0: 0x800024c8 (0x33c4bd13) sltiu   s10, s1, 828
core   0: 3 0x800024c8 (0x33c4bd13) x26 0x00000000
core   0: 0x800024cc (0x9330e9b7) lui     s3, 0x9330e
core   0: 3 0x800024cc (0x9330e9b7) x19 0x9330e000
core   0: 0x800024d0 (0x02ae0833) mul     a6, t3, a0
core   0: 3 0x800024d0 (0x02ae0833) x16 0x00000000
core   0: 0x800024d4 (0x77d82037) lui     zero, 0x77d82
core   0: 3 0x800024d4 (0x77d82037)
core   0: 0x800024d8 (0x00d9e0b3) or      ra, s3, a3
core   0: 3 0x800024d8 (0x00d9e0b3) x 1 0xbf39fa8e
core   0: 0x800024dc (0x03e50833) mul     a6, a0, t5
core   0: 3 0x800024dc (0x03e50833) x16 0x00000000
core   0: 0x800024e0 (0x0055ebb3) or      s7, a1, t0
core   0: 3 0x800024e0 (0x0055ebb3) x23 0x80014e64
core   0: 0x800024e4 (0x01a81633) sll     a2, a6, s10
core   0: 3 0x800024e4 (0x01a81633) x12 0x00000000
core   0: 0x800024e8 (0x011aaab3) slt     s5, s5, a7
core   0: 3 0x800024e8 (0x011aaab3) x21 0x00000000
core   0: 0x800024ec (0x73090313) addi    t1, s2, 1840
core   0: 3 0x800024ec (0x73090313) x 6 0x000002ed
core   0: 0x800024f0 (0x400b8e33) sub     t3, s7, zero
core   0: 3 0x800024f0 (0x400b8e33) x28 0x80014e64
core   0: 0x800024f4 (0x02a1a833) mulhsu  a6, gp, a0
core   0: 3 0x800024f4 (0x02a1a833) x16 0x00000000
core   0: 0x800024f8 (0x875de613) ori     a2, s11, -1931
core   0: 3 0x800024f8 (0x875de613) x12 0xfffffd75
core   0: 0x800024fc (0x770cb213) sltiu   tp, s9, 1904
core   0: 3 0x800024fc (0x770cb213) x 4 0x00000001
core   0: 0x80002500 (0x7a6e2537) lui     a0, 0x7a6e2
core   0: 3 0x80002500 (0x7a6e2537) x10 0x7a6e2000
core   0: 0x80002504 (0x44222493) slti    s1, tp, 1090
core   0: 3 0x80002504 (0x44222493) x 9 0x00000001
core   0: 0x80002508 (0x005a03b3) add     t2, s4, t0
core   0: 3 0x80002508 (0x005a03b3) x 7 0x0002db48
core   0: 0x8000250c (0x00247233) and     tp, s0, sp
core   0: 3 0x8000250c (0x00247233) x 4 0x00000000
core   0: 0x80002510 (0x02bfe7b3) rem     a5, t6, a1
core   0: 3 0x80002510 (0x02bfe7b3) x15 0x00a73200
core   0: 0x80002514 (0x003eebb3) or      s7, t4, gp
core   0: 3 0x80002514 (0x003eebb3) x23 0xffffffff
core   0: 0x80002518 (0x000d1b13) slli    s6, s10, 0
core   0: 3 0x80002518 (0x000d1b13) x22 0x00000000
core   0: 0x8000251c (0x00f51433) sll     s0, a0, a5
core   0: 3 0x8000251c (0x00f51433) x 8 0x7a6e2000
core   0: 0x80002520 (0x3bd79f17) auipc   t5, 0x3bd79
core   0: 3 0x80002520 (0x3bd79f17) x30 0xbbd7b520
core   0: 0x80002524 (0x004357b3) srl     a5, t1, tp
core   0: 3 0x80002524 (0x004357b3) x15 0x000002ed
core   0: 0x80002528 (0x19e76493) ori     s1, a4, 414
core   0: 3 0x80002528 (0x19e76493) x 9 0x000003bf
core   0: 0x8000252c (0x01265093) srli    ra, a2, 18
core   0: 3 0x8000252c (0x01265093) x 1 0x00003fff
core   0: 0x80002530 (0x00000013) nop
core   0: 3 0x80002530 (0x00000013)
core   0: 0x80002534 (0x406000b3) sub     ra, zero, t1
core   0: 3 0x80002534 (0x406000b3) x 1 0xfffffd13
core   0: 0x80002538 (0x407485b3) sub     a1, s1, t2
core   0: 3 0x80002538 (0x407485b3) x11 0xfffd2877
core   0: 0x8000253c (0x00bbd4b3) srl     s1, s7, a1
core   0: 3 0x8000253c (0x00bbd4b3) x 9 0x000001ff
core   0: 0x80002540 (0x0052ab33) slt     s6, t0, t0
core   0: 3 0x80002540 (0x0052ab33) x22 0x00000000
core   0: 0x80002544 (0x01a4dcb3) srl     s9, s1, s10
core   0: 3 0x80002544 (0x01a4dcb3) x25 0x000001ff
core   0: 0x80002548 (0x0201eb33) rem     s6, gp, zero
core   0: 3 0x80002548 (0x0201eb33) x22 0x80014e64
core   0: 0x8000254c (0x0388bc33) mulhu   s8, a7, s8
core   0: 3 0x8000254c (0x0388bc33) x24 0x00000000
core   0: 0x80002550 (0x010d5213) srli    tp, s10, 16
core   0: 3 0x80002550 (0x010d5213) x 4 0x00000000
core   0: 0x80002554 (0x0162f833) and     a6, t0, s6
core   0: 3 0x80002554 (0x0162f833) x16 0x80014e64
core   0: 0x80002558 (0x035afc33) remu    s8, s5, s5
core   0: 3 0x80002558 (0x035afc33) x24 0x00000000
core   0: 0x8000255c (0xb8627913) andi    s2, tp, -1146
core   0: 3 0x8000255c (0xb8627913) x18 0x00000000
core   0: 0x80002560 (0xea905e97) auipc   t4, 0xea905
core   0: 3 0x80002560 (0xea905e97) x29 0x6a907560
core   0: 0x80002564 (0x7940e813) ori     a6, ra, 1940
core   0: 3 0x80002564 (0x7940e813) x16 0xffffff97
core   0: 0x80002568 (0x41a250b3) sra     ra, tp, s10
core   0: 3 0x80002568 (0x41a250b3) x 1 0x00000000
core   0: 0x8000256c (0x01cd8c33) add     s8, s11, t3
core   0: 3 0x8000256c (0x01cd8c33) x24 0x80014b65
core   0: 0x80002570 (0x01605fb3) srl     t6, zero, s6
core   0: 3 0x80002570 (0x01605fb3) x31 0x00000000
core   0: 0x80002574 (0x030b1733) mulh    a4, s6, a6
core   0: 3 0x80002574 (0x030b1733) x14 0x00000034
core   0: 0x80002578 (0x4df21b97) auipc   s7, 0x4df21
core   0: 3 0x80002578 (0x4df21b97) x23 0xcdf23578
core   0: 0x8000257c (0x010467b3) or      a5, s0, a6
core   0: 3 0x8000257c (0x010467b3) x15 0xffffff97
core   0: 0x80002580 (0xed33c8b7) lui     a7, 0xed33c
core   0: 3 0x80002580 (0xed33c8b7) x17 0xed33c000
core   0: 0x80002584 (0x018811b3) sll     gp, a6, s8
core   0: 3 0x80002584 (0x018811b3) x 3 0xfffff2e0
core   0: 0x80002588 (0x0005ff33) and     t5, a1, zero
core   0: 3 0x80002588 (0x0005ff33) x30 0x00000000
core   0: 0x8000258c (0x4a12c413) xori    s0, t0, 1185
core   0: 3 0x8000258c (0x4a12c413) x 8 0x80014ac5
core   0: 0x80002590 (0x01be1fb3) sll     t6, t3, s11
core   0: 3 0x80002590 (0x01be1fb3) x31 0x00029cc8
core   0: 0x80002594 (0xaffa3a97) auipc   s5, 0xaffa3
core   0: 3 0x80002594 (0xaffa3a97) x21 0x2ffa5594
core   0: 0x80002598 (0x59f43b13) sltiu   s6, s0, 1439
core   0: 3 0x80002598 (0x59f43b13) x22 0x00000000
core   0: 0x8000259c (0x00fb1893) slli    a7, s6, 15
core   0: 3 0x8000259c (0x00fb1893) x17 0x00000000
core   0: 0x800025a0 (0xc4bc7a93) andi    s5, s8, -949
core   0: 3 0x800025a0 (0xc4bc7a93) x21 0x80014841
core   0: 0x800025a4 (0x0329a033) mulhsu  zero, s3, s2
core   0: 3 0x800025a4 (0x0329a033)
core   0: 0x800025a8 (0x0314bfb3) mulhu   t6, s1, a7
core   0: 3 0x800025a8 (0x0314bfb3) x31 0x00000000
core   0: 0x800025ac (0x0156fd33) and     s10, a3, s5
core   0: 3 0x800025ac (0x0156fd33) x26 0x80014800
core   0: 0x800025b0 (0x0350f933) remu    s2, ra, s5
core   0: 3 0x800025b0 (0x0350f933) x18 0x00000000
core   0: 0x800025b4 (0x00e1a4b3) slt     s1, gp, a4
core   0: 3 0x800025b4 (0x00e1a4b3) x 9 0x00000001
core   0: 0x800025b8 (0x01f3d433) srl     s0, t2, t6
core   0: 3 0x800025b8 (0x01f3d433) x 8 0x0002db48
core   0: 0x800025bc (0x002f9eb3) sll     t4, t6, sp
core   0: 3 0x800025bc (0x002f9eb3) x29 0x00000000
core   0: 0x800025c0 (0x0169bf93) sltiu   t6, s3, 22
core   0: 3 0x800025c0 (0x0169bf93) x31 0x00000000
core   0: 0x800025c4 (0x024c3eb3) mulhu   t4, s8, tp
core   0: 3 0x800025c4 (0x024c3eb3) x29 0x00000000
core   0: 0x800025c8 (0x00000013) nop
core   0: 3 0x800025c8 (0x00000013)
core   0: 0x800025cc (0x2e64ce13) xori    t3, s1, 742
core   0: 3 0x800025cc (0x2e64ce13) x28 0x000002e7
core   0: 0x800025d0 (0x03c52833) mulhsu  a6, a0, t3
core   0: 3 0x800025d0 (0x03c52833) x16 0x00000163
core   0: 0x800025d4 (0xde4aa7b7) lui     a5, 0xde4aa
core   0: 3 0x800025d4 (0xde4aa7b7) x15 0xde4aa000
core   0: 0x800025d8 (0xeb27c813) xori    a6, a5, -334
core   0: 3 0x800025d8 (0xeb27c813) x16 0x21b55eb2
core   0: 0x800025dc (0x03a64b33) div     s6, a2, s10
core   0: 3 0x800025dc (0x03a64b33) x22 0x00000000
core   0: 0x800025e0 (0x01c0d133) srl     sp, ra, t3
core   0: 3 0x800025e0 (0x01c0d133) x 2 0x00000000
core   0: 0x800025e4 (0x007ec033) xor     zero, t4, t2
core   0: 3 0x800025e4 (0x007ec033)
core   0: 0x800025e8 (0x9f914913) xori    s2, sp, -1543
core   0: 3 0x800025e8 (0x9f914913) x18 0xfffff9f9
core   0: 0x800025ec (0x00fc0b33) add     s6, s8, a5
core   0: 3 0x800025ec (0x00fc0b33) x22 0x5e4beb65
core   0: 0x800025f0 (0x40118633) sub     a2, gp, ra
core   0: 3 0x800025f0 (0x40118633) x12 0xfffff2e0
core   0: 0x800025f4 (0xd8e30e37) lui     t3, 0xd8e30
core   0: 3 0x800025f4 (0xd8e30e37) x28 0xd8e30000
core   0: 0x800025f8 (0xc15f8a93) addi    s5, t6, -1003
core   0: 3 0x800025f8 (0xc15f8a93) x21 0xfffffc15
core   0: 0x800025fc (0xf642fc93) andi    s9, t0, -156
core   0: 3 0x800025fc (0xf642fc93) x25 0x80014e64
core   0: 0x80002600 (0x01365513) srli    a0, a2, 19
core   0: 3 0x80002600 (0x01365513) x10 0x00001fff
core   0: 0x80002604 (0x9d418c93) addi    s9, gp, -1580
core   0: 3 0x80002604 (0x9d418c93) x25 0xffffecb4
core   0: 0x80002608 (0x01e76e33) or      t3, a4, t5
core   0: 3 0x80002608 (0x01e76e33) x28 0x00000034
core   0: 0x8000260c (0x015ff9b3) and     s3, t6, s5
core   0: 3 0x8000260c (0x015ff9b3) x19 0x00000000
core   0: 0x80002610 (0x01368633) add     a2, a3, s3
core   0: 3 0x80002610 (0x01368633) x12 0xbf197a8e
core   0: 0x80002614 (0x95d52093) slti    ra, a0, -1699
core   0: 3 0x80002614 (0x95d52093) x 1 0x00000000
core   0: 0x80002618 (0x03e4b533) mulhu   a0, s1, t5
core   0: 3 0x80002618 (0x03e4b533) x10 0x00000000
core   0: 0x8000261c (0x00000013) nop
core   0: 3 0x8000261c (0x00000013)
core   0: 0x80002620 (0x018665b3) or      a1, a2, s8
core   0: 3 0x80002620 (0x018665b3) x11 0xbf197bef
core   0: 0x80002624 (0x03e2dd33) divu    s10, t0, t5
core   0: 3 0x80002624 (0x03e2dd33) x26 0xffffffff
core   0: 0x80002628 (0x0359abb3) mulhsu  s7, s3, s5
core   0: 3 0x80002628 (0x0359abb3) x23 0x00000000
core   0: 0x8000262c (0x4f674f93) xori    t6, a4, 1270
core   0: 3 0x8000262c (0x4f674f93) x31 0x000004c2
core   0: 0x80002630 (0x1cbc7093) andi    ra, s8, 459
core   0: 3 0x80002630 (0x1cbc7093) x 1 0x00000141
core   0: 0x80002634 (0x03708333) mul     t1, ra, s7
core   0: 3 0x80002634 (0x03708333) x 6 0x00000000
core   0: 0x80002638 (0x003547b3) xor     a5, a0, gp
core   0: 3 0x80002638 (0x003547b3) x15 0xfffff2e0
core   0: 0x8000263c (0x02dcceb3) div     t4, s9, a3
core   0: 3 0x8000263c (0x02dcceb3) x29 0x00000000
core   0: 0x80002640 (0x00000013) nop
core   0: 3 0x80002640 (0x00000013)
core   0: 0x80002644 (0x01940c33) add     s8, s0, s9
core   0: 3 0x80002644 (0x01940c33) x24 0x0002c7fc
core   0: 0x80002648 (0x409850b3) sra     ra, a6, s1
core   0: 3 0x80002648 (0x409850b3) x 1 0x10daaf59
core   0: 0x8000264c (0x01845d13) srli    s10, s0, 24
core   0: 3 0x8000264c (0x01845d13) x26 0x00000000
core   0: 0x80002650 (0x014c5733) srl     a4, s8, s4
core   0: 3 0x80002650 (0x014c5733) x14 0x00002c7f
core   0: 0x80002654 (0x515bd537) lui     a0, 0x515bd
core   0: 3 0x80002654 (0x515bd537) x10 0x515bd000
core   0: 0x80002658 (0x9ae6f013) andi    zero, a3, -1618
core   0: 3 0x80002658 (0x9ae6f013)
core   0: 0x8000265c (0x01f2d213) srli    tp, t0, 31
core   0: 3 0x8000265c (0x01f2d213) x 4 0x00000001
core   0: 0x80002660 (0x03f3b133) mulhu   sp, t2, t6
core   0: 3 0x80002660 (0x03f3b133) x 2 0x00000000
core   0: 0x80002664 (0x01aaddb3) srl     s11, s5, s10
core   0: 3 0x80002664 (0x01aaddb3) x27 0xfffffc15
core   0: 0x80002668 (0x03147ab3) remu    s5, s0, a7
core   0: 3 0x80002668 (0x03147ab3) x21 0x0002db48
core   0: 0x8000266c (0x03ca0bb3) mul     s7, s4, t3
core   0: 3 0x8000266c (0x03ca0bb3) x23 0x00509e50
core   0: 0x80002670 (0xe5576213) ori     tp, a4, -427
core   0: 3 0x80002670 (0xe5576213) x 4 0xfffffe7f
core   0: 0x80002674 (0x03e490b3) mulh    ra, s1, t5
core   0: 3 0x80002674 (0x03e490b3) x 1 0x00000000
core   0: 0x80002678 (0x02173133) mulhu   sp, a4, ra
core   0: 3 0x80002678 (0x02173133) x 2 0x00000000
core   0: 0x8000267c (0x03be80b3) mul     ra, t4, s11
core   0: 3 0x8000267c (0x03be80b3) x 1 0x00000000
core   0: 0x80002680 (0x0007b333) sltu    t1, a5, zero
core   0: 3 0x80002680 (0x0007b333) x 6 0x00000000
core   0: 0x80002684 (0xb2357417) auipc   s0, 0xb2357
core   0: 3 0x80002684 (0xb2357417) x 8 0x32359684
core   0: 0x80002688 (0xb3943493) sltiu   s1, s0, -1223
core   0: 3 0x80002688 (0xb3943493) x 9 0x00000001
core   0: 0x8000268c (0x00eccb33) xor     s6, s9, a4
core   0: 3 0x8000268c (0x00eccb33) x22 0xffffc0cb
core   0: 0x80002690 (0x63df8d93) addi    s11, t6, 1597
core   0: 3 0x80002690 (0x63df8d93) x27 0x00000aff
core   0: 0x80002694 (0xbf4f7e93) andi    t4, t5, -1036
core   0: 3 0x80002694 (0xbf4f7e93) x29 0x00000000
core   0: 0x80002698 (0x0378c7b3) div     a5, a7, s7
core   0: 3 0x80002698 (0x0378c7b3) x15 0x00000000
core   0: 0x8000269c (0x019fdb13) srli    s6, t6, 25
core   0: 3 0x8000269c (0x019fdb13) x22 0x00000000
core   0: 0x800026a0 (0x013fd833) srl     a6, t6, s3
core   0: 3 0x800026a0 (0x013fd833) x16 0x000004c2
core   0: 0x800026a4 (0x006cb4b3) sltu    s1, s9, t1
core   0: 3 0x800026a4 (0x006cb4b3) x 9 0x00000000
core   0: 0x800026a8 (0x36643d93) sltiu   s11, s0, 870
core   0: 3 0x800026a8 (0x36643d93) x27 0x00000000
core   0: 0x800026ac (0x5ad7b913) sltiu   s2, a5, 1453
core   0: 3 0x800026ac (0x5ad7b913) x18 0x00000001
core   0: 0x800026b0 (0xab0a0393) addi    t2, s4, -1360
core   0: 3 0x800026b0 (0xab0a0393) x 7 0x80018794
core   0: 0x800026b4 (0x39676b13) ori     s6, a4, 918
core   0: 3 0x800026b4 (0x39676b13) x22 0x00002fff
core   0: 0x800026b8 (0x21771db7) lui     s11, 0x21771
core   0: 3 0x800026b8 (0x21771db7) x27 0x21771000
core   0: 0x800026bc (0x00125393) srli    t2, tp, 1
core   0: 3 0x800026bc (0x00125393) x 7 0x7fffff3f
core   0: 0x800026c0 (0x2f54c893) xori    a7, s1, 757
core   0: 3 0x800026c0 (0x2f54c893) x17 0x000002f5
core   0: 0x800026c4 (0x409c8333) sub     t1, s9, s1
core   0: 3 0x800026c4 (0x409c8333) x 6 0xffffecb4
core   0: 0x800026c8 (0x00101f13) slli    t5, zero, 1
core   0: 3 0x800026c8 (0x00101f13) x30 0x00000000
core   0: 0x800026cc (0x02d2e333) rem     t1, t0, a3
core   0: 3 0x800026cc (0x02d2e333) x 6 0xc0e7d3d6
core   0: 0x800026d0 (0x003a8f33) add     t5, s5, gp
core   0: 3 0x800026d0 (0x003a8f33) x30 0x0002ce28
core   0: 0x800026d4 (0x03e4a3b3) mulhsu  t2, s1, t5
core   0: 3 0x800026d4 (0x03e4a3b3) x 7 0x00000000
core   0: 0x800026d8 (0x01959313) slli    t1, a1, 25
core   0: 3 0x800026d8 (0x01959313) x 6 0xde000000
core   0: 0x800026dc (0x41d75eb3) sra     t4, a4, t4
core   0: 3 0x800026dc (0x41d75eb3) x29 0x00002c7f
core   0: 0x800026e0 (0x8e4c0497) auipc   s1, 0x8e4c0
core   0: 3 0x800026e0 (0x8e4c0497) x 9 0x0e4c26e0
core   0: 0x800026e4 (0x0240d1b3) divu    gp, ra, tp
core   0: 3 0x800026e4 (0x0240d1b3) x 3 0x00000000
core   0: 0x800026e8 (0x00d99f93) slli    t6, s3, 13
core   0: 3 0x800026e8 (0x00d99f93) x31 0x00000000
core   0: 0x800026ec (0x016d4fb3) xor     t6, s10, s6
core   0: 3 0x800026ec (0x016d4fb3) x31 0x00002fff
core   0: 0x800026f0 (0x41d9d0b3) sra     ra, s3, t4
core   0: 3 0x800026f0 (0x41d9d0b3) x 1 0x00000000
core   0: 0x800026f4 (0x01471b93) slli    s7, a4, 20
core   0: 3 0x800026f4 (0x01471b93) x23 0xc7f00000
core   0: 0x800026f8 (0x03edd1b3) divu    gp, s11, t5
core   0: 3 0x800026f8 (0x03edd1b3) x 3 0x00000bed
core   0: 0x800026fc (0x0197f633) and     a2, a5, s9
core   0: 3 0x800026fc (0x0197f633) x12 0x00000000
core   0: 0x80002700 (0x00e04033) xor     zero, zero, a4
core   0: 3 0x80002700 (0x00e04033)
core   0: 0x80002704 (0x011a0833) add     a6, s4, a7
core   0: 3 0x80002704 (0x011a0833) x16 0x80018fd9
core   0: 0x80002708 (0x00fa1093) slli    ra, s4, 15
core   0: 3 0x80002708 (0x00fa1093) x 1 0xc6720000
core   0: 0x8000270c (0x02a4aeb3) mulhsu  t4, s1, a0
core   0: 3 0x8000270c (0x02a4aeb3) x29 0x048b38fc
core   0: 0x80002710 (0x00df2593) slti    a1, t5, 13
core   0: 3 0x80002710 (0x00df2593) x11 0x00000000
core   0: 0x80002714 (0x03a3e233) rem     tp, t2, s10
core   0: 3 0x80002714 (0x03a3e233) x 4 0x00000000
core   0: 0x80002718 (0xfbc0c1b7) lui     gp, 0xfbc0c
core   0: 3 0x80002718 (0xfbc0c1b7) x 3 0xfbc0c000
core   0: 0x8000271c (0x2009e513) ori     a0, s3, 512
core   0: 3 0x8000271c (0x2009e513) x10 0x00000200
core   0: 0x80002720 (0x02d63233) mulhu   tp, a2, a3
core   0: 3 0x80002720 (0x02d63233) x 4 0x00000000
core   0: 0x80002724 (0x486f4937) lui     s2, 0x486f4
core   0: 3 0x80002724 (0x486f4937) x18 0x486f4000
core   0: 0x80002728 (0x00737133) and     sp, t1, t2
core   0: 3 0x80002728 (0x00737133) x 2 0x00000000
core   0: 0x8000272c (0x017cd893) srli    a7, s9, 23
core   0: 3 0x8000272c (0x017cd893) x17 0x000001ff
core   0: 0x80002730 (0x53212937) lui     s2, 0x53212
core   0: 3 0x80002730 (0x53212937) x18 0x53212000
core   0: 0x80002734 (0x009b5ab3) srl     s5, s6, s1
core   0: 3 0x80002734 (0x009b5ab3) x21 0x00002fff
core   0: 0x80002738 (0x958e8713) addi    a4, t4, -1704
core   0: 3 0x80002738 (0x958e8713) x14 0x048b3254
core   0: 0x8000273c (0x0257c1b3) div     gp, a5, t0
core   0: 3 0x8000273c (0x0257c1b3) x 3 0x00000000
core   0: 0x80002740 (0x030ddb33) divu    s6, s11, a6
core   0: 3 0x80002740 (0x030ddb33) x22 0x00000000
core   0: 0x80002744 (0x01fc9513) slli    a0, s9, 31
core   0: 3 0x80002744 (0x01fc9513) x10 0x00000000
core   0: 0x80002748 (0x01ad5e33) srl     t3, s10, s10
core   0: 3 0x80002748 (0x01ad5e33) x28 0x00000000
core   0: 0x8000274c (0x01503233) snez    tp, s5
core   0: 3 0x8000274c (0x01503233) x 4 0x00000001
core   0: 0x80002750 (0x01f1bc33) sltu    s8, gp, t6
core   0: 3 0x80002750 (0x01f1bc33) x24 0x00000001
core   0: 0x80002754 (0x00000013) nop
core   0: 3 0x80002754 (0x00000013)
core   0: 0x80002758 (0x408053b3) sra     t2, zero, s0
core   0: 3 0x80002758 (0x408053b3) x 7 0x00000000
core   0: 0x8000275c (0x008470b3) and     ra, s0, s0
core   0: 3 0x8000275c (0x008470b3) x 1 0x32359684
core   0: 0x80002760 (0x03fd0bb3) mul     s7, s10, t6
core   0: 3 0x80002760 (0x03fd0bb3) x23 0x00000000
core   0: 0x80002764 (0x010d7833) and     a6, s10, a6
core   0: 3 0x80002764 (0x010d7833) x16 0x00000000
core   0: 0x80002768 (0x00000013) nop
core   0: 3 0x80002768 (0x00000013)
core   0: 0x8000276c (0x3e244813) xori    a6, s0, 994
core   0: 3 0x8000276c (0x3e244813) x16 0x32359566
core   0: 0x80002770 (0x00e2de93) srli    t4, t0, 14
core   0: 3 0x80002770 (0x00e2de93) x29 0x00020005
core   0: 0x80002774 (0x00ed9493) slli    s1, s11, 14
core   0: 3 0x80002774 (0x00ed9493) x 9 0xc4000000
core   0: 0x80002778 (0x01a8de13) srli    t3, a7, 26
core   0: 3 0x80002778 (0x01a8de13) x28 0x00000000
core   0: 0x8000277c (0x00000013) nop
core   0: 3 0x8000277c (0x00000013)
core   0: 0x80002780 (0x017ce4b3) or      s1, s9, s7
core   0: 3 0x80002780 (0x017ce4b3) x 9 0xffffecb4
core   0: 0x80002784 (0x40048db3) sub     s11, s1, zero
core   0: 3 0x80002784 (0x40048db3) x27 0xffffecb4
core   0: 0x80002788 (0x0df1e117) auipc   sp, 0xdf1e
core   0: 3 0x80002788 (0x0df1e117) x 2 0x8df20788
core   0: 0x8000278c (0x02fb6e33) rem     t3, s6, a5
core   0: 3 0x8000278c (0x02fb6e33) x28 0x00000000
core   0: 0x80002790 (0x01a4cfb3) xor     t6, s1, s10
core   0: 3 0x80002790 (0x01a4cfb3) x31 0xffffecb4
core   0: 0x80002794 (0x06823c13) sltiu   s8, tp, 104
core   0: 3 0x80002794 (0x06823c13) x24 0x00000001
core   0: 0x80002798 (0x40e3d813) srai    a6, t2, 14
core   0: 3 0x80002798 (0x40e3d813) x16 0x00000000
core   0: 0x8000279c (0x0d003e13) sltiu   t3, zero, 208
core   0: 3 0x8000279c (0x0d003e13) x28 0x00000001
core   0: 0x800027a0 (0xd00ae993) ori     s3, s5, -768
core   0: 3 0x800027a0 (0xd00ae993) x19 0xffffffff
core   0: 0x800027a4 (0x00c4eb33) or      s6, s1, a2
core   0: 3 0x800027a4 (0x00c4eb33) x22 0xffffecb4
core   0: 0x800027a8 (0xea2db793) sltiu   a5, s11, -350
core   0: 3 0x800027a8 (0xea2db793) x15 0x00000001
core   0: 0x800027ac (0x4358e993) ori     s3, a7, 1077
core   0: 3 0x800027ac (0x4358e993) x19 0x000005ff
core   0: 0x800027b0 (0x02de7db3) remu    s11, t3, a3
core   0: 3 0x800027b0 (0x02de7db3) x27 0x00000001
core   0: 0x800027b4 (0x01a35e33) srl     t3, t1, s10
core   0: 3 0x800027b4 (0x01a35e33) x28 0xde000000
core   0: 0x800027b8 (0x9c83fd13) andi    s10, t2, -1592
core   0: 3 0x800027b8 (0x9c83fd13) x26 0x00000000
core   0: 0x800027bc (0x026e8f33) mul     t5, t4, t1
core   0: 3 0x800027bc (0x026e8f33) x30 0x56000000
core   0: 0x800027c0 (0x039d15b3) mulh    a1, s10, s9
core   0: 3 0x800027c0 (0x039d15b3) x11 0x00000000
core   0: 0x800027c4 (0x00c71db3) sll     s11, a4, a2
core   0: 3 0x800027c4 (0x00c71db3) x27 0x048b3254
core   0: 0x800027c8 (0x0015a3b3) slt     t2, a1, ra
core   0: 3 0x800027c8 (0x0015a3b3) x 7 0x00000001
core   0: 0x800027cc (0x02fe8d93) addi    s11, t4, 47
core   0: 3 0x800027cc (0x02fe8d93) x27 0x00020034
core   0: 0x800027d0 (0x00fa9813) slli    a6, s5, 15
core   0: 3 0x800027d0 (0x00fa9813) x16 0x17ff8000
core   0: 0x800027d4 (0x003f9613) slli    a2, t6, 3
core   0: 3 0x800027d4 (0x003f9613) x12 0xffff65a0
core   0: 0x800027d8 (0xe4050613) addi    a2, a0, -448
core   0: 3 0x800027d8 (0xe4050613) x12 0xfffffe40
core   0: 0x800027dc (0xd18d7993) andi    s3, s10, -744
core   0: 3 0x800027dc (0xd18d7993) x19 0x00000000
core   0: 0x800027e0 (0x0130dc93) srli    s9, ra, 19
core   0: 3 0x800027e0 (0x0130dc93) x25 0x00000646
core   0: 0x800027e4 (0xf7507913) andi    s2, zero, -139
core   0: 3 0x800027e4 (0xf7507913) x18 0x00000000
core   0: 0x800027e8 (0x0025bab3) sltu    s5, a1, sp
core   0: 3 0x800027e8 (0x0025bab3) x21 0x00000001
core   0: 0x800027ec (0x037154b3) divu    s1, sp, s7
core   0: 3 0x800027ec (0x037154b3) x 9 0xffffffff
core   0: 0x800027f0 (0x1bf4b813) sltiu   a6, s1, 447
core   0: 3 0x800027f0 (0x1bf4b813) x16 0x00000000
core   0: 0x800027f4 (0x007cc8b3) xor     a7, s9, t2
core   0: 3 0x800027f4 (0x007cc8b3) x17 0x00000647
core   0: 0x800027f8 (0x03448ab3) mul     s5, s1, s4
core   0: 3 0x800027f8 (0x03448ab3) x21 0x7ffe731c
core   0: 0x800027fc (0x01c97c33) and     s8, s2, t3
core   0: 3 0x800027fc (0x01c97c33) x24 0x00000000
core   0: 0x80002800 (0x015d3eb3) sltu    t4, s10, s5
core   0: 3 0x80002800 (0x015d3eb3) x29 0x00000001
core   0: 0x80002804 (0xd793ce93) xori    t4, t2, -647
core   0: 3 0x80002804 (0xd793ce93) x29 0xfffffd78
core   0: 0x80002808 (0x00e6ceb3) xor     t4, a3, a4
core   0: 3 0x80002808 (0x00e6ceb3) x29 0xbb9248da
core   0: 0x8000280c (0x021d0ab3) mul     s5, s10, ra
core   0: 3 0x8000280c (0x021d0ab3) x21 0x00000000
core   0: 0x80002810 (0x02443ab3) mulhu   s5, s0, tp
core   0: 3 0x80002810 (0x02443ab3) x21 0x00000000
core   0: 0x80002814 (0x06b93713) sltiu   a4, s2, 107
core   0: 3 0x80002814 (0x06b93713) x14 0x00000001
core   0: 0x80002818 (0x2c8a2d97) auipc   s11, 0x2c8a2
core   0: 3 0x80002818 (0x2c8a2d97) x27 0xac8a4818
core   0: 0x8000281c (0x018a9a93) slli    s5, s5, 24
core   0: 3 0x8000281c (0x018a9a93) x21 0x00000000
core   0: 0x80002820 (0x03facb33) div     s6, s5, t6
core   0: 3 0x80002820 (0x03facb33) x22 0x00000000
core   0: 0x80002824 (0x012f07b3) add     a5, t5, s2
core   0: 3 0x80002824 (0x012f07b3) x15 0x56000000
core   0: 0x80002828 (0x02213e33) mulhu   t3, sp, sp
core   0: 3 0x80002828 (0x02213e33) x28 0x4eb4811e
core   0: 0x8000282c (0x02615633) divu    a2, sp, t1
core   0: 3 0x8000282c (0x02615633) x12 0x00000000
core   0: 0x80002830 (0x01681533) sll     a0, a6, s6
core   0: 3 0x80002830 (0x01681533) x10 0x00000000
core   0: 0x80002834 (0x024cabb3) mulhsu  s7, s9, tp
core   0: 3 0x80002834 (0x024cabb3) x23 0x00000000
core   0: 0x80002838 (0x00e18e33) add     t3, gp, a4
core   0: 3 0x80002838 (0x00e18e33) x28 0x00000001
core   0: 0x8000283c (0x01f70233) add     tp, a4, t6
core   0: 3 0x8000283c (0x01f70233) x 4 0xffffecb5
core   0: 0x80002840 (0x4c6f70b7) lui     ra, 0x4c6f7
core   0: 3 0x80002840 (0x4c6f70b7) x 1 0x4c6f7000
core   0: 0x80002844 (0x01ea3633) sltu    a2, s4, t5
core   0: 3 0x80002844 (0x01ea3633) x12 0x00000000
core   0: 0x80002848 (0x00fa5093) srli    ra, s4, 15
core   0: 3 0x80002848 (0x00fa5093) x 1 0x00010003
core   0: 0x8000284c (0x00000013) nop
core   0: 3 0x8000284c (0x00000013)
core   0: 0x80002850 (0x00df3933) sltu    s2, t5, a3
core   0: 3 0x80002850 (0x00df3933) x18 0x00000001
core   0: 0x80002854 (0x40d3d3b3) sra     t2, t2, a3
core   0: 3 0x80002854 (0x40d3d3b3) x 7 0x00000000
core   0: 0x80002858 (0x018f61b3) or      gp, t5, s8
core   0: 3 0x80002858 (0x018f61b3) x 3 0x56000000
core   0: 0x8000285c (0x02182633) mulhsu  a2, a6, ra
core   0: 3 0x8000285c (0x02182633) x12 0x00000000
core   0: 0x80002860 (0x015a8733) add     a4, s5, s5
core   0: 3 0x80002860 (0x015a8733) x14 0x00000000
core   0: 0x80002864 (0x00149b13) slli    s6, s1, 1
core   0: 3 0x80002864 (0x00149b13) x22 0xfffffffe
core   0: 0x80002868 (0x00884b33) xor     s6, a6, s0
core   0: 3 0x80002868 (0x00884b33) x22 0x32359684
core   0: 0x8000286c (0x000b3b33) sltu    s6, s6, zero
core   0: 3 0x8000286c (0x000b3b33) x22 0x00000000
core   0: 0x80002870 (0x03e4f233) remu    tp, s1, t5
core   0: 3 0x80002870 (0x03e4f233) x 4 0x53ffffff
core   0: 0x80002874 (0x008fa233) slt     tp, t6, s0
core   0: 3 0x80002874 (0x008fa233) x 4 0x00000001
core   0: 0x80002878 (0x00a4d813) srli    a6, s1, 10
core   0: 3 0x80002878 (0x00a4d813) x16 0x003fffff
core   0: 0x8000287c (0x8d930093) addi    ra, t1, -1831
core   0: 3 0x8000287c (0x8d930093) x 1 0xddfff8d9
core   0: 0x80002880 (0x51fb4f13) xori    t5, s6, 1311
core   0: 3 0x80002880 (0x51fb4f13) x30 0x0000051f
core   0: 0x80002884 (0x00689433) sll     s0, a7, t1
core   0: 3 0x80002884 (0x00689433) x 8 0x00000647
core   0: 0x80002888 (0x4109d593) srai    a1, s3, 16
core   0: 3 0x80002888 (0x4109d593) x11 0x00000000
core   0: 0x8000288c (0xf472f613) andi    a2, t0, -185
core   0: 3 0x8000288c (0xf472f613) x12 0x80014e44
core   0: 0x80002890 (0x01b60033) add     zero, a2, s11
core   0: 3 0x80002890 (0x01b60033)
core   0: 0x80002894 (0x0379b7b3) mulhu   a5, s3, s7
core   0: 3 0x80002894 (0x0379b7b3) x15 0x00000000
core   0: 0x80002898 (0x00061cb3) sll     s9, a2, zero
core   0: 3 0x80002898 (0x00061cb3) x25 0x80014e44
core   0: 0x8000289c (0x403c0233) sub     tp, s8, gp
core   0: 3 0x8000289c (0x403c0233) x 4 0xaa000000
core   0: 0x800028a0 (0x01a82633) slt     a2, a6, s10
core   0: 3 0x800028a0 (0x01a82633) x12 0x00000000
core   0: 0x800028a4 (0x01c85db3) srl     s11, a6, t3
core   0: 3 0x800028a4 (0x01c85db3) x27 0x001fffff
core   0: 0x800028a8 (0x0348eb33) rem     s6, a7, s4
core   0: 3 0x800028a8 (0x0348eb33) x22 0x00000647
core   0: 0x800028ac (0x025f2b33) mulhsu  s6, t5, t0
core   0: 3 0x800028ac (0x025f2b33) x22 0x0000028f
core   0: 0x800028b0 (0x03128fb3) mul     t6, t0, a7
core   0: 3 0x800028b0 (0x03128fb3) x31 0x883315bc
core   0: 0x800028b4 (0x00e11513) slli    a0, sp, 14
core   0: 3 0x800028b4 (0x00e11513) x10 0x81e20000
core   0: 0x800028b8 (0x03035ab3) divu    s5, t1, a6
core   0: 3 0x800028b8 (0x03035ab3) x21 0x00000378
core   0: 0x800028bc (0xe0818413) addi    s0, gp, -504
core   0: 3 0x800028bc (0xe0818413) x 8 0x55fffe08
core   0: 0x800028c0 (0x406a04b3) sub     s1, s4, t1
core   0: 3 0x800028c0 (0x406a04b3) x 9 0xa2018ce4
core   0: 0x800028c4 (0x00000013) nop
core   0: 3 0x800028c4 (0x00000013)
core   0: 0x800028c8 (0x41a95ab3) sra     s5, s2, s10
core   0: 3 0x800028c8 (0x41a95ab3) x21 0x00000001
core   0: 0x800028cc (0x02a67f33) remu    t5, a2, a0
core   0: 3 0x800028cc (0x02a67f33) x30 0x00000000
core   0: 0x800028d0 (0x011f8bb3) add     s7, t6, a7
core   0: 3 0x800028d0 (0x011f8bb3) x23 0x88331c03
core   0: 0x800028d4 (0x03b62133) mulhsu  sp, a2, s11
core   0: 3 0x800028d4 (0x03b62133) x 2 0x00000000
core   0: 0x800028d8 (0x75e8c093) xori    ra, a7, 1886
core   0: 3 0x800028d8 (0x75e8c093) x 1 0x00000119
core   0: 0x800028dc (0x02003e33) mulhu   t3, zero, zero
core   0: 3 0x800028dc (0x02003e33) x28 0x00000000
core   0: 0x800028e0 (0x00168d33) add     s10, a3, ra
core   0: 3 0x800028e0 (0x00168d33) x26 0xbf197ba7
core   0: 0x800028e4 (0x00000013) nop
core   0: 3 0x800028e4 (0x00000013)
core   0: 0x800028e8 (0x41d18ab3) sub     s5, gp, t4
core   0: 3 0x800028e8 (0x41d18ab3) x21 0x9a6db726
core   0: 0x800028ec (0x0351a0b3) mulhsu  ra, gp, s5
core   0: 3 0x800028ec (0x0351a0b3) x 1 0x33e0db86
core   0: 0x800028f0 (0x026a11b3) mulh    gp, s4, t1
core   0: 3 0x800028f0 (0x026a11b3) x 3 0x10ffcb49
core   0: 0x800028f4 (0x68b13d17) auipc   s10, 0x68b13
core   0: 3 0x800028f4 (0x68b13d17) x26 0xe8b158f4
core   0: 0x800028f8 (0x01038e33) add     t3, t2, a6
core   0: 3 0x800028f8 (0x01038e33) x28 0x003fffff
core   0: 0x800028fc (0x40ddd733) sra     a4, s11, a3
core   0: 3 0x800028fc (0x40ddd733) x14 0x0000007f
core   0: 0x80002900 (0x00472033) slt     zero, a4, tp
core   0: 3 0x80002900 (0x00472033)
core   0: 0x80002904 (0x0109aeb3) slt     t4, s3, a6
core   0: 3 0x80002904 (0x0109aeb3) x29 0x00000001
core   0: 0x80002908 (0x33ac6413) ori     s0, s8, 826
core   0: 3 0x80002908 (0x33ac6413) x 8 0x0000033a
core   0: 0x8000290c (0x402e5313) srai    t1, t3, 2
core   0: 3 0x8000290c (0x402e5313) x 6 0x000fffff
core   0: 0x80002910 (0xb0459517) auipc   a0, 0xb0459
core   0: 3 0x80002910 (0xb0459517) x10 0x3045b910
core   0: 0x80002914 (0x03880db3) mul     s11, a6, s8
core   0: 3 0x80002914 (0x03880db3) x27 0x00000000
core   0: 0x80002918 (0x0206c0b3) div     ra, a3, zero
core   0: 3 0x80002918 (0x0206c0b3) x 1 0xffffffff
core   0: 0x8000291c (0x01113f33) sltu    t5, sp, a7
core   0: 3 0x8000291c (0x01113f33) x30 0x00000001
core   0: 0x80002920 (0x004af233) and     tp, s5, tp
core   0: 3 0x80002920 (0x004af233) x 4 0x8a000000
core   0: 0x80002924 (0x01c2e1b3) or      gp, t0, t3
core   0: 3 0x80002924 (0x01c2e1b3) x 3 0x803fffff
core   0: 0x80002928 (0x774e3213) sltiu   tp, t3, 1908
core   0: 3 0x80002928 (0x774e3213) x 4 0x00000000
core   0: 0x8000292c (0x00000013) nop
core   0: 3 0x8000292c (0x00000013)
core   0: 0x80002930 (0x03615533) divu    a0, sp, s6
core   0: 3 0x80002930 (0x03615533) x10 0x00000000
core   0: 0x80002934 (0x019a2eb3) slt     t4, s4, s9
core   0: 3 0x80002934 (0x019a2eb3) x29 0x00000000
core   0: 0x80002938 (0x018ed3b3) srl     t2, t4, s8
core   0: 3 0x80002938 (0x018ed3b3) x 7 0x00000000
core   0: 0x8000293c (0xc1b24013) xori    zero, tp, -997
core   0: 3 0x8000293c (0xc1b24013)
core   0: 0x80002940 (0x002f64b3) or      s1, t5, sp
core   0: 3 0x80002940 (0x002f64b3) x 9 0x00000001
core   0: 0x80002944 (0x037e7c33) remu    s8, t3, s7
core   0: 3 0x80002944 (0x037e7c33) x24 0x003fffff
core   0: 0x80002948 (0x2197ec17) auipc   s8, 0x2197e
core   0: 3 0x80002948 (0x2197ec17) x24 0xa1980948
core   0: 0x8000294c (0x006558b3) srl     a7, a0, t1
core   0: 3 0x8000294c (0x006558b3) x17 0x00000000
core   0: 0x80002950 (0xa82fa917) auipc   s2, 0xa82fa
core   0: 3 0x80002950 (0xa82fa917) x18 0x282fc950
core   0: 0x80002954 (0x418e5433) sra     s0, t3, s8
core   0: 3 0x80002954 (0x418e5433) x 8 0x00003fff
core   0: 0x80002958 (0x8076cc97) auipc   s9, 0x8076c
core   0: 3 0x80002958 (0x8076cc97) x25 0x0076e958
core   0: 0x8000295c (0x419b5413) srai    s0, s6, 25
core   0: 3 0x8000295c (0x419b5413) x 8 0x00000000
core   0: 0x80002960 (0xe1a38513) addi    a0, t2, -486
core   0: 3 0x80002960 (0xe1a38513) x10 0xfffffe1a
core   0: 0x80002964 (0x037dd433) divu    s0, s11, s7
core   0: 3 0x80002964 (0x037dd433) x 8 0x00000000
core   0: 0x80002968 (0x00ca24b3) slt     s1, s4, a2
core   0: 3 0x80002968 (0x00ca24b3) x 9 0x00000001
core   0: 0x8000296c (0x00fcfab3) and     s5, s9, a5
core   0: 3 0x8000296c (0x00fcfab3) x21 0x00000000
core   0: 0x80002970 (0x010761b3) or      gp, a4, a6
core   0: 3 0x80002970 (0x010761b3) x 3 0x003fffff
core   0: 0x80002974 (0x016b4533) xor     a0, s6, s6
core   0: 3 0x80002974 (0x016b4533) x10 0x00000000
core   0: 0x80002978 (0x036fa433) mulhsu  s0, t6, s6
core   0: 3 0x80002978 (0x036fa433) x 8 0xfffffecd
core   0: 0x8000297c (0x00000013) nop
core   0: 3 0x8000297c (0x00000013)
core   0: 0x80002980 (0xc2be8593) addi    a1, t4, -981
core   0: 3 0x80002980 (0xc2be8593) x11 0xfffffc2b
core   0: 0x80002984 (0x01e02733) slt     a4, zero, t5
core   0: 3 0x80002984 (0x01e02733) x14 0x00000001
core   0: 0x80002988 (0x02edaab3) mulhsu  s5, s11, a4
core   0: 3 0x80002988 (0x02edaab3) x21 0x00000000
core   0: 0x8000298c (0x02e62b33) mulhsu  s6, a2, a4
core   0: 3 0x8000298c (0x02e62b33) x22 0x00000000
core   0: 0x80002990 (0x413cd7b3) sra     a5, s9, s3
core   0: 3 0x80002990 (0x413cd7b3) x15 0x0076e958
core   0: 0x80002994 (0x01721393) slli    t2, tp, 23
core   0: 3 0x80002994 (0x01721393) x 7 0x00000000
core   0: 0x80002998 (0x05f8a013) slti    zero, a7, 95
core   0: 3 0x80002998 (0x05f8a013)
core   0: 0x8000299c (0x241b2493) slti    s1, s6, 577
core   0: 3 0x8000299c (0x241b2493) x 9 0x00000001
core   0: 0x800029a0 (0x40ded4b3) sra     s1, t4, a3
core   0: 3 0x800029a0 (0x40ded4b3) x 9 0x00000000
core   0: 0x800029a4 (0x0130c933) xor     s2, ra, s3
core   0: 3 0x800029a4 (0x0130c933) x18 0xffffffff
core   0: 0x800029a8 (0x00c46033) or      zero, s0, a2
core   0: 3 0x800029a8 (0x00c46033)
core   0: 0x800029ac (0x8ba99f97) auipc   t6, 0x8ba99
core   0: 3 0x800029ac (0x8ba99f97) x31 0x0ba9b9ac
core   0: 0x800029b0 (0x00b29613) slli    a2, t0, 11
core   0: 3 0x800029b0 (0x00b29613) x12 0x0a732000
core   0: 0x800029b4 (0x447d6e13) ori     t3, s10, 1095
core   0: 3 0x800029b4 (0x447d6e13) x28 0xe8b15cf7
core   0: 0x800029b8 (0x03708633) mul     a2, ra, s7
core   0: 3 0x800029b8 (0x03708633) x12 0x77cce3fd
core   0: 0x800029bc (0x004e8533) add     a0, t4, tp
core   0: 3 0x800029bc (0x004e8533) x10 0x00000000
core   0: 0x800029c0 (0xc81ec837) lui     a6, 0xc81ec
core   0: 3 0x800029c0 (0xc81ec837) x16 0xc81ec000
core   0: 0x800029c4 (0x02c6c7b3) div     a5, a3, a2
core   0: 3 0x800029c4 (0x02c6c7b3) x15 0x00000000
core   0: 0x800029c8 (0x41c88533) sub     a0, a7, t3
core   0: 3 0x800029c8 (0x41c88533) x10 0x174ea309
core   0: 0x800029cc (0x03ca9733) mulh    a4, s5, t3
core   0: 3 0x800029cc (0x03ca9733) x14 0x00000000
core   0: 0x800029d0 (0x01d76933) or      s2, a4, t4
core   0: 3 0x800029d0 (0x01d76933) x18 0x00000000
core   0: 0x800029d4 (0x01068133) add     sp, a3, a6
core   0: 3 0x800029d4 (0x01068133) x 2 0x87383a8e
core   0: 0x800029d8 (0xf5835917) auipc   s2, 0xf5835
core   0: 3 0x800029d8 (0xf5835917) x18 0x758379d8
core   0: 0x800029dc (0x00000013) nop
core   0: 3 0x800029dc (0x00000013)
core   0: 0x800029e0 (0x0271ac33) mulhsu  s8, gp, t2
core   0: 3 0x800029e0 (0x0271ac33) x24 0x00000000
core   0: 0x800029e4 (0x7fb48813) addi    a6, s1, 2043
core   0: 3 0x800029e4 (0x7fb48813) x16 0x000007fb
core   0: 0x800029e8 (0x0259eb33) rem     s6, s3, t0
core   0: 3 0x800029e8 (0x0259eb33) x22 0x00000000
core   0: 0x800029ec (0x7b17b893) sltiu   a7, a5, 1969
core   0: 3 0x800029ec (0x7b17b893) x17 0x00000001
core   0: 0x800029f0 (0x02c5a9b3) mulhsu  s3, a1, a2
core   0: 3 0x800029f0 (0x02c5a9b3) x19 0xfffffe34
core   0: 0x800029f4 (0x006fc4b3) xor     s1, t6, t1
core   0: 3 0x800029f4 (0x006fc4b3) x 9 0x0ba64653
core   0: 0x800029f8 (0xf3424e93) xori    t4, tp, -204
core   0: 3 0x800029f8 (0xf3424e93) x29 0xffffff34
core   0: 0x800029fc (0x414b5d13) srai    s10, s6, 20
core   0: 3 0x800029fc (0x414b5d13) x26 0x00000000
core   0: 0x80002a00 (0x9b69f913) andi    s2, s3, -1610
core   0: 3 0x80002a00 (0x9b69f913) x18 0xfffff834
core   0: 0x80002a04 (0x412f00b3) sub     ra, t5, s2
core   0: 3 0x80002a04 (0x412f00b3) x 1 0x000007cd
core   0: 0x80002a08 (0x264a8b37) lui     s6, 0x264a8
core   0: 3 0x80002a08 (0x264a8b37) x22 0x264a8000
core   0: 0x80002a0c (0x0225ee33) rem     t3, a1, sp
core   0: 3 0x80002a0c (0x0225ee33) x28 0xfffffc2b
core   0: 0x80002a10 (0x01e0c9b3) xor     s3, ra, t5
core   0: 3 0x80002a10 (0x01e0c9b3) x19 0x000007cc
core   0: 0x80002a14 (0x03fe28b3) mulhsu  a7, t3, t6
core   0: 3 0x80002a14 (0x03fe28b3) x17 0xffffffd3
core   0: 0x80002a18 (0x00926333) or      t1, tp, s1
core   0: 3 0x80002a18 (0x00926333) x 6 0x0ba64653
core   0: 0x80002a1c (0xd120bf13) sltiu   t5, ra, -750
core   0: 3 0x80002a1c (0xd120bf13) x30 0x00000001
core   0: 0x80002a20 (0x01a99393) slli    t2, s3, 26
core   0: 3 0x80002a20 (0x01a99393) x 7 0x30000000
core   0: 0x80002a24 (0x02462533) mulhsu  a0, a2, tp
core   0: 3 0x80002a24 (0x02462533) x10 0x00000000
core   0: 0x80002a28 (0x015d0f33) add     t5, s10, s5
core   0: 3 0x80002a28 (0x015d0f33) x30 0x00000000
core   0: 0x80002a2c (0x006a8ab3) add     s5, s5, t1
core   0: 3 0x80002a2c (0x006a8ab3) x21 0x0ba64653
core   0: 0x80002a30 (0x03870b33) mul     s6, a4, s8
core   0: 3 0x80002a30 (0x03870b33) x22 0x00000000
core   0: 0x80002a34 (0x00142b33) slt     s6, s0, ra
core   0: 3 0x80002a34 (0x00142b33) x22 0x00000001
core   0: 0x80002a38 (0x006ac433) xor     s0, s5, t1
core   0: 3 0x80002a38 (0x006ac433) x 8 0x00000000
core   0: 0x80002a3c (0xeba20f13) addi    t5, tp, -326
core   0: 3 0x80002a3c (0xeba20f13) x30 0xfffffeba
core   0: 0x80002a40 (0x02f5f8b3) remu    a7, a1, a5
core   0: 3 0x80002a40 (0x02f5f8b3) x17 0xfffffc2b
core   0: 0x80002a44 (0x88c80f13) addi    t5, a6, -1908
core   0: 3 0x80002a44 (0x88c80f13) x30 0x00000087
core   0: 0x80002a48 (0x5057fa93) andi    s5, a5, 1285
core   0: 3 0x80002a48 (0x5057fa93) x21 0x00000000
core   0: 0x80002a4c (0x006b7233) and     tp, s6, t1
core   0: 3 0x80002a4c (0x006b7233) x 4 0x00000001
core   0: 0x80002a50 (0x004ccf33) xor     t5, s9, tp
core   0: 3 0x80002a50 (0x004ccf33) x30 0x0076e959
core   0: 0x80002a54 (0x29b5c013) xori    zero, a1, 667
core   0: 3 0x80002a54 (0x29b5c013)
core   0: 0x80002a58 (0x01b6fd33) and     s10, a3, s11
core   0: 3 0x80002a58 (0x01b6fd33) x26 0x00000000
core   0: 0x80002a5c (0x02ad9bb3) mulh    s7, s11, a0
core   0: 3 0x80002a5c (0x02ad9bb3) x23 0x00000000
core   0: 0x80002a60 (0xc8ac19b7) lui     s3, 0xc8ac1
core   0: 3 0x80002a60 (0xc8ac19b7) x19 0xc8ac1000
core   0: 0x80002a64 (0x40ea5433) sra     s0, s4, a4
core   0: 3 0x80002a64 (0x40ea5433) x 8 0x80018ce4
core   0: 0x80002a68 (0x0055f7b3) and     a5, a1, t0
core   0: 3 0x80002a68 (0x0055f7b3) x15 0x80014c20
core   0: 0x80002a6c (0x0362e933) rem     s2, t0, s6
core   0: 3 0x80002a6c (0x0362e933) x18 0x00000000
core   0: 0x80002a70 (0x022bb133) mulhu   sp, s7, sp
core   0: 3 0x80002a70 (0x022bb133) x 2 0x00000000
core   0: 0x80002a74 (0x01d9c9b3) xor     s3, s3, t4
core   0: 3 0x80002a74 (0x01d9c9b3) x19 0x3753ef34
core   0: 0x80002a78 (0x01169c13) slli    s8, a3, 17
core   0: 3 0x80002a78 (0x01169c13) x24 0xf51c0000
core   0: 0x80002a7c (0x018d44b3) xor     s1, s10, s8
core   0: 3 0x80002a7c (0x018d44b3) x 9 0xf51c0000
core   0: 0x80002a80 (0x01181f13) slli    t5, a6, 17
core   0: 3 0x80002a80 (0x01181f13) x30 0x0ff60000
core   0: 0x80002a84 (0x0114a1b3) slt     gp, s1, a7
core   0: 3 0x80002a84 (0x0114a1b3) x 3 0x00000001
core   0: 0x80002a88 (0x01a299b3) sll     s3, t0, s10
core   0: 3 0x80002a88 (0x01a299b3) x19 0x80014e64
core   0: 0x80002a8c (0x01a3ed33) or      s10, t2, s10
core   0: 3 0x80002a8c (0x01a3ed33) x26 0x30000000
core   0: 0x80002a90 (0x02282933) mulhsu  s2, a6, sp
core   0: 3 0x80002a90 (0x02282933) x18 0x00000000
core   0: 0x80002a94 (0x1f414c13) xori    s8, sp, 500
core   0: 3 0x80002a94 (0x1f414c13) x24 0x000001f4
core   0: 0x80002a98 (0x03969433) mulh    s0, a3, s9
core   0: 3 0x80002a98 (0x03969433) x 8 0xffe1da96
core   0: 0x80002a9c (0x00ea6133) or      sp, s4, a4
core   0: 3 0x80002a9c (0x00ea6133) x 2 0x80018ce4
core   0: 0x80002aa0 (0x02069533) mulh    a0, a3, zero
core   0: 3 0x80002aa0 (0x02069533) x10 0x00000000
core   0: 0x80002aa4 (0x413a8db3) sub     s11, s5, s3
core   0: 3 0x80002aa4 (0x413a8db3) x27 0x7ffeb19c
core   0: 0x80002aa8 (0x01595eb3) srl     t4, s2, s5
core   0: 3 0x80002aa8 (0x01595eb3) x29 0x00000000
core   0: 0x80002aac (0x0151c433) xor     s0, gp, s5
core   0: 3 0x80002aac (0x0151c433) x 8 0x00000001
core   0: 0x80002ab0 (0x8a7e4393) xori    t2, t3, -1881
core   0: 3 0x80002ab0 (0x8a7e4393) x 7 0x0000048c
core   0: 0x80002ab4 (0x03f237b3) mulhu   a5, tp, t6
core   0: 3 0x80002ab4 (0x03f237b3) x15 0x00000000
core   0: 0x80002ab8 (0x02f8cc33) div     s8, a7, a5
core   0: 3 0x80002ab8 (0x02f8cc33) x24 0xffffffff
core   0: 0x80002abc (0x01695e13) srli    t3, s2, 22
core   0: 3 0x80002abc (0x01695e13) x28 0x00000000
core   0: 0x80002ac0 (0x28ac7993) andi    s3, s8, 650
core   0: 3 0x80002ac0 (0x28ac7993) x19 0x0000028a
core   0: 0x80002ac4 (0x02e76ab3) rem     s5, a4, a4
core   0: 3 0x80002ac4 (0x02e76ab3) x21 0x00000000
core   0: 0x80002ac8 (0x6af13f13) sltiu   t5, sp, 1711
core   0: 3 0x80002ac8 (0x6af13f13) x30 0x00000000
core   0: 0x80002acc (0x401ed7b3) sra     a5, t4, ra
core   0: 3 0x80002acc (0x401ed7b3) x15 0x00000000
core   0: 0x80002ad0 (0x001ae933) or      s2, s5, ra
core   0: 3 0x80002ad0 (0x001ae933) x18 0x000007cd
core   0: 0x80002ad4 (0x06e7f713) andi    a4, a5, 110
core   0: 3 0x80002ad4 (0x06e7f713) x14 0x00000000
core   0: 0x80002ad8 (0x02d3f733) remu    a4, t2, a3
core   0: 3 0x80002ad8 (0x02d3f733) x14 0x0000048c
core   0: 0x80002adc (0x006f9cb3) sll     s9, t6, t1
core   0: 3 0x80002adc (0x006f9cb3) x25 0xcd600000
core   0: 0x80002ae0 (0x00f447b3) xor     a5, s0, a5
core   0: 3 0x80002ae0 (0x00f447b3) x15 0x00000001
core   0: 0x80002ae4 (0x00cd3133) sltu    sp, s10, a2
core   0: 3 0x80002ae4 (0x00cd3133) x 2 0x00000001
core   0: 0x80002ae8 (0x00f55e13) srli    t3, a0, 15
core   0: 3 0x80002ae8 (0x00f55e13) x28 0x00000000
core   0: 0x80002aec (0x00cbd493) srli    s1, s7, 12
core   0: 3 0x80002aec (0x00cbd493) x 9 0x00000000
core   0: 0x80002af0 (0x41cf8033) sub     zero, t6, t3
core   0: 3 0x80002af0 (0x41cf8033)
core   0: 0x80002af4 (0x0251c033) div     zero, gp, t0
core   0: 3 0x80002af4 (0x0251c033)
core   0: 0x80002af8 (0x02e63233) mulhu   tp, a2, a4
core   0: 3 0x80002af8 (0x02e63233) x 4 0x00000220
core   0: 0x80002afc (0x026b9333) mulh    t1, s7, t1
core   0: 3 0x80002afc (0x026b9333) x 6 0x00000000
core   0: 0x80002b00 (0x6d5d79b7) lui     s3, 0x6d5d7
core   0: 3 0x80002b00 (0x6d5d79b7) x19 0x6d5d7000
core   0: 0x80002b04 (0x01a124b3) slt     s1, sp, s10
core   0: 3 0x80002b04 (0x01a124b3) x 9 0x00000001
core   0: 0x80002b08 (0x00000013) nop
core   0: 3 0x80002b08 (0x00000013)
core   0: 0x80002b0c (0x01932ab3) slt     s5, t1, s9
core   0: 3 0x80002b0c (0x01932ab3) x21 0x00000000
core   0: 0x80002b10 (0x02d2d333) divu    t1, t0, a3
core   0: 3 0x80002b10 (0x02d2d333) x 6 0x00000000
core   0: 0x80002b14 (0x4e7e8b13) addi    s6, t4, 1255
core   0: 3 0x80002b14 (0x4e7e8b13) x22 0x000004e7
core   0: 0x80002b18 (0x03e10b33) mul     s6, sp, t5
core   0: 3 0x80002b18 (0x03e10b33) x22 0x00000000
core   0: 0x80002b1c (0x40fc5813) srai    a6, s8, 15
core   0: 3 0x80002b1c (0x40fc5813) x16 0xffffffff
core   0: 0x80002b20 (0x02ebb9b3) mulhu   s3, s7, a4
core   0: 3 0x80002b20 (0x02ebb9b3) x19 0x00000000
core   0: 0x80002b24 (0x016ae7b3) or      a5, s5, s6
core   0: 3 0x80002b24 (0x016ae7b3) x15 0x00000000
core   0: 0x80002b28 (0x025e7eb3) remu    t4, t3, t0
core   0: 3 0x80002b28 (0x025e7eb3) x29 0x00000000
core   0: 0x80002b2c (0x00965493) srli    s1, a2, 9
core   0: 3 0x80002b2c (0x00965493) x 9 0x003be671
core   0: 0x80002b30 (0x0122ddb3) srl     s11, t0, s2
core   0: 3 0x80002b30 (0x0122ddb3) x27 0x0004000a
core   0: 0x80002b34 (0x03fbceb3) div     t4, s7, t6
core   0: 3 0x80002b34 (0x03fbceb3) x29 0x00000000
core   0: 0x80002b38 (0x00e4a533) slt     a0, s1, a4
core   0: 3 0x80002b38 (0x00e4a533) x10 0x00000000
core   0: 0x80002b3c (0x02eb2db3) mulhsu  s11, s6, a4
core   0: 3 0x80002b3c (0x02eb2db3) x27 0x00000000
core   0: 0x80002b40 (0x76d16793) ori     a5, sp, 1901
core   0: 3 0x80002b40 (0x76d16793) x15 0x0000076d
core   0: 0x80002b44 (0x00a8cfb3) xor     t6, a7, a0
core   0: 3 0x80002b44 (0x00a8cfb3) x31 0xfffffc2b
core   0: 0x80002b48 (0x03f50233) mul     tp, a0, t6
core   0: 3 0x80002b48 (0x03f50233) x 4 0x00000000
core   0: 0x80002b4c (0x72b5af13) slti    t5, a1, 1835
core   0: 3 0x80002b4c (0x72b5af13) x30 0x00000001
core   0: 0x80002b50 (0xcf476897) auipc   a7, 0xcf476
core   0: 3 0x80002b50 (0xcf476897) x17 0x4f478b50
core   0: 0x80002b54 (0xb288f213) andi    tp, a7, -1240
core   0: 3 0x80002b54 (0xb288f213) x 4 0x4f478b00
core   0: 0x80002b58 (0xb128e913) ori     s2, a7, -1262
core   0: 3 0x80002b58 (0xb128e913) x18 0xfffffb52
core   0: 0x80002b5c (0x418a5933) sra     s2, s4, s8
core   0: 3 0x80002b5c (0x418a5933) x18 0xffffffff
core   0: 0x80002b60 (0x03e7f533) remu    a0, a5, t5
core   0: 3 0x80002b60 (0x03e7f533) x10 0x00000000
core   0: 0x80002b64 (0x000e01b3) add     gp, t3, zero
core   0: 3 0x80002b64 (0x000e01b3) x 3 0x00000000
core   0: 0x80002b68 (0x01759e33) sll     t3, a1, s7
core   0: 3 0x80002b68 (0x01759e33) x28 0xfffffc2b
core   0: 0x80002b6c (0x41120033) sub     zero, tp, a7
core   0: 3 0x80002b6c (0x41120033)
core   0: 0x80002b70 (0x03db5533) divu    a0, s6, t4
core   0: 3 0x80002b70 (0x03db5533) x10 0xffffffff
core   0: 0x80002b74 (0x01161d93) slli    s11, a2, 17
core   0: 3 0x80002b74 (0x01161d93) x27 0xc7fa0000
core   0: 0x80002b78 (0x40b65313) srai    t1, a2, 11
core   0: 3 0x80002b78 (0x40b65313) x 6 0x000ef99c
core   0: 0x80002b7c (0x65310f93) addi    t6, sp, 1619
core   0: 3 0x80002b7c (0x65310f93) x31 0x00000654
core   0: 0x80002b80 (0x405e5813) srai    a6, t3, 5
core   0: 3 0x80002b80 (0x405e5813) x16 0xffffffe1
core   0: 0x80002b84 (0x00a2d913) srli    s2, t0, 10
core   0: 3 0x80002b84 (0x00a2d913) x18 0x00200053
core   0: 0x80002b88 (0x03adb033) mulhu   zero, s11, s10
core   0: 3 0x80002b88 (0x03adb033)
core   0: 0x80002b8c (0x03585133) divu    sp, a6, s5
core   0: 3 0x80002b8c (0x03585133) x 2 0xffffffff
core   0: 0x80002b90 (0x01ef5bb3) srl     s7, t5, t5
core   0: 3 0x80002b90 (0x01ef5bb3) x23 0x00000000
core   0: 0x80002b94 (0x021cc933) div     s2, s9, ra
core   0: 3 0x80002b94 (0x021cc933) x18 0xfff982a1
core   0: 0x80002b98 (0x02b67cb3) remu    s9, a2, a1
core   0: 3 0x80002b98 (0x02b67cb3) x25 0x77cce3fd
core   0: 0x80002b9c (0x0041deb3) srl     t4, gp, tp
core   0: 3 0x80002b9c (0x0041deb3) x29 0x00000000
core   0: 0x80002ba0 (0x021b1d33) mulh    s10, s6, ra
core   0: 3 0x80002ba0 (0x021b1d33) x26 0x00000000
core   0: 0x80002ba4 (0xcf9c8d17) auipc   s10, 0xcf9c8
core   0: 3 0x80002ba4 (0xcf9c8d17) x26 0x4f9caba4
core   0: 0x80002ba8 (0xa68f3913) sltiu   s2, t5, -1432
core   0: 3 0x80002ba8 (0xa68f3913) x18 0x00000001
core   0: 0x80002bac (0x02b8d833) divu    a6, a7, a1
core   0: 3 0x80002bac (0x02b8d833) x16 0x00000000
core   0: 0x80002bb0 (0x00000013) nop
core   0: 3 0x80002bb0 (0x00000013)
core   0: 0x80002bb4 (0x00000013) nop
core   0: 3 0x80002bb4 (0x00000013)
core   0: 0x80002bb8 (0x406e50b3) sra     ra, t3, t1
core   0: 3 0x80002bb8 (0x406e50b3) x 1 0xffffffff
core   0: 0x80002bbc (0x36a07113) andi    sp, zero, 874
core   0: 3 0x80002bbc (0x36a07113) x 2 0x00000000
core   0: 0x80002bc0 (0x332f8e13) addi    t3, t6, 818
core   0: 3 0x80002bc0 (0x332f8e13) x28 0x00000986
core   0: 0x80002bc4 (0x024c2bb3) mulhsu  s7, s8, tp
core   0: 3 0x80002bc4 (0x024c2bb3) x23 0xffffffff
core   0: 0x80002bc8 (0x001c9d93) slli    s11, s9, 1
core   0: 3 0x80002bc8 (0x001c9d93) x27 0xef99c7fa
core   0: 0x80002bcc (0x0018d993) srli    s3, a7, 1
core   0: 3 0x80002bcc (0x0018d993) x19 0x27a3c5a8
core   0: 0x80002bd0 (0x01530433) add     s0, t1, s5
core   0: 3 0x80002bd0 (0x01530433) x 8 0x000ef99c
core   0: 0x80002bd4 (0xf9794f93) xori    t6, s2, -105
core   0: 3 0x80002bd4 (0xf9794f93) x31 0xffffff96
core   0: 0x80002bd8 (0x035689b3) mul     s3, a3, s5
core   0: 3 0x80002bd8 (0x035689b3) x19 0x00000000
core   0: 0x80002bdc (0x4009deb3) sra     t4, s3, zero
core   0: 3 0x80002bdc (0x4009deb3) x29 0x00000000
core   0: 0x80002be0 (0x40325f33) sra     t5, tp, gp
core   0: 3 0x80002be0 (0x40325f33) x30 0x4f478b00
core   0: 0x80002be4 (0x00fdc533) xor     a0, s11, a5
core   0: 3 0x80002be4 (0x00fdc533) x10 0xef99c097
core   0: 0x80002be8 (0x84b3e813) ori     a6, t2, -1973
core   0: 3 0x80002be8 (0x84b3e813) x16 0xfffffccf
core   0: 0x80002bec (0x0137f0b3) and     ra, a5, s3
core   0: 3 0x80002bec (0x0137f0b3) x 1 0x00000000
core   0: 0x80002bf0 (0x700e8ab7) lui     s5, 0x700e8
core   0: 3 0x80002bf0 (0x700e8ab7) x21 0x700e8000
core   0: 0x80002bf4 (0x03c19ab3) mulh    s5, gp, t3
core   0: 3 0x80002bf4 (0x03c19ab3) x21 0x00000000
core   0: 0x80002bf8 (0x027cf333) remu    t1, s9, t2
core   0: 3 0x80002bf8 (0x027cf333) x 6 0x0000016d
core   0: 0x80002bfc (0x010a2133) slt     sp, s4, a6
core   0: 3 0x80002bfc (0x010a2133) x 2 0x00000001
core   0: 0x80002c00 (0x9f39ab13) slti    s6, s3, -1549
core   0: 3 0x80002c00 (0x9f39ab13) x22 0x00000000
core   0: 0x80002c04 (0x02f6a4b3) mulhsu  s1, a3, a5
core   0: 3 0x80002c04 (0x02f6a4b3) x 9 0xfffffe1e
core   0: 0x80002c08 (0x40d55713) srai    a4, a0, 13
core   0: 3 0x80002c08 (0x40d55713) x14 0xffff7cce
core   0: 0x80002c0c (0x012f4ab3) xor     s5, t5, s2
core   0: 3 0x80002c0c (0x012f4ab3) x21 0x4f478b01
core   0: 0x80002c10 (0x01a425b3) slt     a1, s0, s10
core   0: 3 0x80002c10 (0x01a425b3) x11 0x00000001
core   0: 0x80002c14 (0x038768b3) rem     a7, a4, s8
core   0: 3 0x80002c14 (0x038768b3) x17 0x00000000
core   0: 0x80002c18 (0x0331b9b3) mulhu   s3, gp, s3
core   0: 3 0x80002c18 (0x0331b9b3) x19 0x00000000
core   0: 0x80002c1c (0x01d700b3) add     ra, a4, t4
core   0: 3 0x80002c1c (0x01d700b3) x 1 0xffff7cce
core   0: 0x80002c20 (0x025027b3) mulhsu  a5, zero, t0
core   0: 3 0x80002c20 (0x025027b3) x15 0x00000000
core   0: 0x80002c24 (0x01d9d793) srli    a5, s3, 29
core   0: 3 0x80002c24 (0x01d9d793) x15 0x00000000
core   0: 0x80002c28 (0x02df6eb3) rem     t4, t5, a3
core   0: 3 0x80002c28 (0x02df6eb3) x29 0x0e61058e
core   0: 0x80002c2c (0x0103b633) sltu    a2, t2, a6
core   0: 3 0x80002c2c (0x0103b633) x12 0x00000001
core   0: 0x80002c30 (0x4044dd33) sra     s10, s1, tp
core   0: 3 0x80002c30 (0x4044dd33) x26 0xfffffe1e
core   0: 0x80002c34 (0x024bd233) divu    tp, s7, tp
core   0: 3 0x80002c34 (0x024bd233) x 4 0x00000003
core   0: 0x80002c38 (0x0f8e6597) auipc   a1, 0xf8e6
core   0: 3 0x80002c38 (0x0f8e6597) x11 0x8f8e8c38
core   0: 0x80002c3c (0x02b187b3) mul     a5, gp, a1
core   0: 3 0x80002c3c (0x02b187b3) x15 0x00000000
core   0: 0x80002c40 (0x1aeff613) andi    a2, t6, 430
core   0: 3 0x80002c40 (0x1aeff613) x12 0x00000186
core   0: 0x80002c44 (0x2cd02393) slti    t2, zero, 717
core   0: 3 0x80002c44 (0x2cd02393) x 7 0x00000001
core   0: 0x80002c48 (0x497ee393) ori     t2, t4, 1175
core   0: 3 0x80002c48 (0x497ee393) x 7 0x0e61059f
core   0: 0x80002c4c (0x00f58ab3) add     s5, a1, a5
core   0: 3 0x80002c4c (0x00f58ab3) x21 0x8f8e8c38
core   0: 0x80002c50 (0x01931813) slli    a6, t1, 25
core   0: 3 0x80002c50 (0x01931813) x16 0xda000000
core   0: 0x80002c54 (0x7aaa3e37) lui     t3, 0x7aaa3
core   0: 3 0x80002c54 (0x7aaa3e37) x28 0x7aaa3000
core   0: 0x80002c58 (0x1f614213) xori    tp, sp, 502
core   0: 3 0x80002c58 (0x1f614213) x 4 0x000001f7
core   0: 0x80002c5c (0x02e6e933) rem     s2, a3, a4
core   0: 3 0x80002c5c (0x02e6e933) x18 0xffff9f64
core   0: 0x80002c60 (0x01da2b33) slt     s6, s4, t4
core   0: 3 0x80002c60 (0x01da2b33) x22 0x00000001
core   0: 0x80002c64 (0x41d0d513) srai    a0, ra, 29
core   0: 3 0x80002c64 (0x41d0d513) x10 0xffffffff
core   0: 0x80002c68 (0x01bedfb3) srl     t6, t4, s11
core   0: 3 0x80002c68 (0x01bedfb3) x31 0x00000003
core   0: 0x80002c6c (0xe03c3393) sltiu   t2, s8, -509
core   0: 3 0x80002c6c (0xe03c3393) x 7 0x00000000
core   0: 0x80002c70 (0x02f12033) mulhsu  zero, sp, a5
core   0: 3 0x80002c70 (0x02f12033)
core   0: 0x80002c74 (0x10f50893) addi    a7, a0, 271
core   0: 3 0x80002c74 (0x10f50893) x17 0x0000010e
core   0: 0x80002c78 (0x018da633) slt     a2, s11, s8
core   0: 3 0x80002c78 (0x018da633) x12 0x00000001
core   0: 0x80002c7c (0x03278533) mul     a0, a5, s2
core   0: 3 0x80002c7c (0x03278533) x10 0x00000000
core   0: 0x80002c80 (0x03171f33) mulh    t5, a4, a7
core   0: 3 0x80002c80 (0x03171f33) x30 0xffffffff
core   0: 0x80002c84 (0x3f04a713) slti    a4, s1, 1008
core   0: 3 0x80002c84 (0x3f04a713) x14 0x00000001
core   0: 0x80002c88 (0xf356b493) sltiu   s1, a3, -203
core   0: 3 0x80002c88 (0xf356b493) x 9 0x00000001
core   0: 0x80002c8c (0x01230ab3) add     s5, t1, s2
core   0: 3 0x80002c8c (0x01230ab3) x21 0xffffa0d1
core   0: 0x80002c90 (0x68efe893) ori     a7, t6, 1678
core   0: 3 0x80002c90 (0x68efe893) x17 0x0000068f
core   0: 0x80002c94 (0x41be0833) sub     a6, t3, s11
core   0: 3 0x80002c94 (0x41be0833) x16 0x8b106806
core   0: 0x80002c98 (0x423f3e13) sltiu   t3, t5, 1059
core   0: 3 0x80002c98 (0x423f3e13) x28 0x00000000
core   0: 0x80002c9c (0xb8754d13) xori    s10, a0, -1145
core   0: 3 0x80002c9c (0xb8754d13) x26 0xfffffb87
core   0: 0x80002ca0 (0x0023e833) or      a6, t2, sp
core   0: 3 0x80002ca0 (0x0023e833) x16 0x00000001
core   0: 0x80002ca4 (0x03145833) divu    a6, s0, a7
core   0: 3 0x80002ca4 (0x03145833) x16 0x00000248
core   0: 0x80002ca8 (0xe9139837) lui     a6, 0xe9139
core   0: 3 0x80002ca8 (0xe9139837) x16 0xe9139000
core   0: 0x80002cac (0x8fb8bb13) sltiu   s6, a7, -1797
core   0: 3 0x80002cac (0x8fb8bb13) x22 0x00000001
core   0: 0x80002cb0 (0x00bdc333) xor     t1, s11, a1
core   0: 3 0x80002cb0 (0x00bdc333) x 6 0x60174bc2
core   0: 0x80002cb4 (0x01281093) slli    ra, a6, 18
core   0: 3 0x80002cb4 (0x01281093) x 1 0x40000000
core   0: 0x80002cb8 (0x0073d133) srl     sp, t2, t2
core   0: 3 0x80002cb8 (0x0073d133) x 2 0x00000000
core   0: 0x80002cbc (0x00000013) nop
core   0: 3 0x80002cbc (0x00000013)
core   0: 0x80002cc0 (0x6d383013) sltiu   zero, a6, 1747
core   0: 3 0x80002cc0 (0x6d383013)
core   0: 0x80002cc4 (0xe4104113) xori    sp, zero, -447
core   0: 3 0x80002cc4 (0xe4104113) x 2 0xfffffe41
core   0: 0x80002cc8 (0x03c36533) rem     a0, t1, t3
core   0: 3 0x80002cc8 (0x03c36533) x10 0x60174bc2
core   0: 0x80002ccc (0x00b71d13) slli    s10, a4, 11
core   0: 3 0x80002ccc (0x00b71d13) x26 0x00000800
core   0: 0x80002cd0 (0x000b5f33) srl     t5, s6, zero
core   0: 3 0x80002cd0 (0x000b5f33) x30 0x00000001
core   0: 0x80002cd4 (0x019b6d33) or      s10, s6, s9
core   0: 3 0x80002cd4 (0x019b6d33) x26 0x77cce3fd
core   0: 0x80002cd8 (0x460d7213) andi    tp, s10, 1120
core   0: 3 0x80002cd8 (0x460d7213) x 4 0x00000060
core   0: 0x80002cdc (0x01dfc933) xor     s2, t6, t4
core   0: 3 0x80002cdc (0x01dfc933) x18 0x0e61058d
core   0: 0x80002ce0 (0x02d28bb3) mul     s7, t0, a3
core   0: 3 0x80002ce0 (0x02d28bb3) x23 0xe3d92378
core   0: 0x80002ce4 (0x012d49b3) xor     s3, s10, s2
core   0: 3 0x80002ce4 (0x012d49b3) x19 0x79ade670
core   0: 0x80002ce8 (0x00000013) nop
core   0: 3 0x80002ce8 (0x00000013)
core   0: 0x80002cec (0x009f9c93) slli    s9, t6, 9
core   0: 3 0x80002cec (0x009f9c93) x25 0x00000600
core   0: 0x80002cf0 (0x0030afb3) slt     t6, ra, gp
core   0: 3 0x80002cf0 (0x0030afb3) x31 0x00000000
core   0: 0x80002cf4 (0x412e5b33) sra     s6, t3, s2
core   0: 3 0x80002cf4 (0x412e5b33) x22 0x00000000
core   0: 0x80002cf8 (0xe6b6c013) xori    zero, a3, -405
core   0: 3 0x80002cf8 (0xe6b6c013)
core   0: 0x80002cfc (0x00ced093) srli    ra, t4, 12
core   0: 3 0x80002cfc (0x00ced093) x 1 0x0000e610
core   0: 0x80002d00 (0x40265e93) srai    t4, a2, 2
core   0: 3 0x80002d00 (0x40265e93) x29 0x00000000
core   0: 0x80002d04 (0x03069033) mulh    zero, a3, a6
core   0: 3 0x80002d04 (0x03069033)
core   0: 0x80002d08 (0xa428b213) sltiu   tp, a7, -1470
core   0: 3 0x80002d08 (0xa428b213) x 4 0x00000001
core   0: 0x80002d0c (0x036db633) mulhu   a2, s11, s6
core   0: 3 0x80002d0c (0x036db633) x12 0x00000000
core   0: 0x80002d10 (0x00a67933) and     s2, a2, a0
core   0: 3 0x80002d10 (0x00a67933) x18 0x00000000
core   0: 0x80002d14 (0xf4117837) lui     a6, 0xf4117
core   0: 3 0x80002d14 (0xf4117837) x16 0xf4117000
core   0: 0x80002d18 (0x418fd913) srai    s2, t6, 24
core   0: 3 0x80002d18 (0x418fd913) x18 0x00000000
core   0: 0x80002d1c (0x907bb217) auipc   tp, 0x907bb
core   0: 3 0x80002d1c (0x907bb217) x 4 0x107bdd1c
core   0: 0x80002d20 (0x010565b3) or      a1, a0, a6
core   0: 3 0x80002d20 (0x010565b3) x11 0xf4177bc2
core   0: 0x80002d24 (0x412c5533) sra     a0, s8, s2
core   0: 3 0x80002d24 (0x412c5533) x10 0xffffffff
core   0: 0x80002d28 (0x58786213) ori     tp, a6, 1415
core   0: 3 0x80002d28 (0x58786213) x 4 0xf4117587
core   0: 0x80002d2c (0x18f3c7b7) lui     a5, 0x18f3c
core   0: 3 0x80002d2c (0x18f3c7b7) x15 0x18f3c000
core   0: 0x80002d30 (0x022750b3) divu    ra, a4, sp
core   0: 3 0x80002d30 (0x022750b3) x 1 0x00000000
core   0: 0x80002d34 (0x85536793) ori     a5, t1, -1963
core   0: 3 0x80002d34 (0x85536793) x15 0xfffffbd7
core   0: 0x80002d38 (0x01957ab3) and     s5, a0, s9
core   0: 3 0x80002d38 (0x01957ab3) x21 0x00000600
core   0: 0x80002d3c (0x01612833) slt     a6, sp, s6
core   0: 3 0x80002d3c (0x01612833) x16 0x00000001
core   0: 0x80002d40 (0xa029b897) auipc   a7, 0xa029b
core   0: 3 0x80002d40 (0xa029b897) x17 0x2029dd40
core   0: 0x80002d44 (0x00c0d513) srli    a0, ra, 12
core   0: 3 0x80002d44 (0x00c0d513) x10 0x00000000
core   0: 0x80002d48 (0x01711093) slli    ra, sp, 23
core   0: 3 0x80002d48 (0x01711093) x 1 0x20800000
core   0: 0x80002d4c (0x01745113) srli    sp, s0, 23
core   0: 3 0x80002d4c (0x01745113) x 2 0x00000000
core   0: 0x80002d50 (0x7ad80a93) addi    s5, a6, 1965
core   0: 3 0x80002d50 (0x7ad80a93) x21 0x000007ae
core   0: 0x80002d54 (0x02f57eb3) remu    t4, a0, a5
core   0: 3 0x80002d54 (0x02f57eb3) x29 0x00000000
core   0: 0x80002d58 (0x40988433) sub     s0, a7, s1
core   0: 3 0x80002d58 (0x40988433) x 8 0x2029dd3f
core   0: 0x80002d5c (0x0108f8b3) and     a7, a7, a6
core   0: 3 0x80002d5c (0x0108f8b3) x17 0x00000000
core   0: 0x80002d60 (0x66b6a237) lui     tp, 0x66b6a
core   0: 3 0x80002d60 (0x66b6a237) x 4 0x66b6a000
core   0: 0x80002d64 (0x03c19633) mulh    a2, gp, t3
core   0: 3 0x80002d64 (0x03c19633) x12 0x00000000
core   0: 0x80002d68 (0x00fbdb13) srli    s6, s7, 15
core   0: 3 0x80002d68 (0x00fbdb13) x22 0x0001c7b2
core   0: 0x80002d6c (0x01666bb3) or      s7, a2, s6
core   0: 3 0x80002d6c (0x01666bb3) x23 0x0001c7b2
core   0: 0x80002d70 (0x03c525b3) mulhsu  a1, a0, t3
core   0: 3 0x80002d70 (0x03c525b3) x11 0x00000000
core   0: 0x80002d74 (0x00a1d393) srli    t2, gp, 10
core   0: 3 0x80002d74 (0x00a1d393) x 7 0x00000000
core   0: 0x80002d78 (0x0243ab33) mulhsu  s6, t2, tp
core   0: 3 0x80002d78 (0x0243ab33) x22 0x00000000
core   0: 0x80002d7c (0x03654233) div     tp, a0, s6
core   0: 3 0x80002d7c (0x03654233) x 4 0xffffffff
core   0: 0x80002d80 (0x00d37013) andi    zero, t1, 13
core   0: 3 0x80002d80 (0x00d37013)
core   0: 0x80002d84 (0x0021fcb3) and     s9, gp, sp
core   0: 3 0x80002d84 (0x0021fcb3) x25 0x00000000
core   0: 0x80002d88 (0x8e468193) addi    gp, a3, -1820
core   0: 3 0x80002d88 (0x8e468193) x 3 0xbf197372
core   0: 0x80002d8c (0x01af88b3) add     a7, t6, s10
core   0: 3 0x80002d8c (0x01af88b3) x17 0x77cce3fd
core   0: 0x80002d90 (0x0299d3b3) divu    t2, s3, s1
core   0: 3 0x80002d90 (0x0299d3b3) x 7 0x79ade670
core   0: 0x80002d94 (0x02e8cbb3) div     s7, a7, a4
core   0: 3 0x80002d94 (0x02e8cbb3) x23 0x77cce3fd
core   0: 0x80002d98 (0x03ea7233) remu    tp, s4, t5
core   0: 3 0x80002d98 (0x03ea7233) x 4 0x00000000
core   0: 0x80002d9c (0x4cc73a93) sltiu   s5, a4, 1228
core   0: 3 0x80002d9c (0x4cc73a93) x21 0x00000001
core   0: 0x80002da0 (0x00c647b3) xor     a5, a2, a2
core   0: 3 0x80002da0 (0x00c647b3) x15 0x00000000
core   0: 0x80002da4 (0x40ef5b33) sra     s6, t5, a4
core   0: 3 0x80002da4 (0x40ef5b33) x22 0x00000000
core   0: 0x80002da8 (0x8b3eaf13) slti    t5, t4, -1869
core   0: 3 0x80002da8 (0x8b3eaf13) x30 0x00000000
core   0: 0x80002dac (0x003047b3) xor     a5, zero, gp
core   0: 3 0x80002dac (0x003047b3) x15 0xbf197372
core   0: 0x80002db0 (0x404984b3) sub     s1, s3, tp
core   0: 3 0x80002db0 (0x404984b3) x 9 0x79ade670
core   0: 0x80002db4 (0x0190a733) slt     a4, ra, s9
core   0: 3 0x80002db4 (0x0190a733) x14 0x00000000
core   0: 0x80002db8 (0x01cf90b3) sll     ra, t6, t3
core   0: 3 0x80002db8 (0x01cf90b3) x 1 0x00000000
core   0: 0x80002dbc (0x36d6ef13) ori     t5, a3, 877
core   0: 3 0x80002dbc (0x36d6ef13) x30 0xbf197bef
core   0: 0x80002dc0 (0x03855133) divu    sp, a0, s8
core   0: 3 0x80002dc0 (0x03855133) x 2 0x00000000
core   0: 0x80002dc4 (0x0390e133) rem     sp, ra, s9
core   0: 3 0x80002dc4 (0x0390e133) x 2 0x00000000
core   0: 0x80002dc8 (0x00000013) nop
core   0: 3 0x80002dc8 (0x00000013)
core   0: 0x80002dcc (0x0065f533) and     a0, a1, t1
core   0: 3 0x80002dcc (0x0065f533) x10 0x00000000
core   0: 0x80002dd0 (0x00b8f0b3) and     ra, a7, a1
core   0: 3 0x80002dd0 (0x00b8f0b3) x 1 0x00000000
core   0: 0x80002dd4 (0x02cedfb3) divu    t6, t4, a2
core   0: 3 0x80002dd4 (0x02cedfb3) x31 0xffffffff
core   0: 0x80002dd8 (0x03cbee33) rem     t3, s7, t3
core   0: 3 0x80002dd8 (0x03cbee33) x28 0x77cce3fd
core   0: 0x80002ddc (0x6bf92093) slti    ra, s2, 1727
core   0: 3 0x80002ddc (0x6bf92093) x 1 0x00000001
core   0: 0x80002de0 (0x008b2833) slt     a6, s6, s0
core   0: 3 0x80002de0 (0x008b2833) x16 0x00000001
core   0: 0x80002de4 (0xcdcdee93) ori     t4, s11, -804
core   0: 3 0x80002de4 (0xcdcdee93) x29 0xfffffffe
core   0: 0x80002de8 (0x0368b033) mulhu   zero, a7, s6
core   0: 3 0x80002de8 (0x0368b033)
core   0: 0x80002dec (0x00441193) slli    gp, s0, 4
core   0: 3 0x80002dec (0x00441193) x 3 0x029dd3f0
core   0: 0x80002df0 (0x637e7137) lui     sp, 0x637e7
core   0: 3 0x80002df0 (0x637e7137) x 2 0x637e7000
core   0: 0x80002df4 (0x004313b3) sll     t2, t1, tp
core   0: 3 0x80002df4 (0x004313b3) x 7 0x60174bc2
core   0: 0x80002df8 (0x1623bc93) sltiu   s9, t2, 354
core   0: 3 0x80002df8 (0x1623bc93) x25 0x00000000
core   0: 0x80002dfc (0x01042cb3) slt     s9, s0, a6
core   0: 3 0x80002dfc (0x01042cb3) x25 0x00000000
core   0: 0x80002e00 (0x45c72a93) slti    s5, a4, 1116
core   0: 3 0x80002e00 (0x45c72a93) x21 0x00000001
core   0: 0x80002e04 (0x40a8d1b3) sra     gp, a7, a0
core   0: 3 0x80002e04 (0x40a8d1b3) x 3 0x77cce3fd
core   0: 0x80002e08 (0x9b848893) addi    a7, s1, -1608
core   0: 3 0x80002e08 (0x9b848893) x17 0x79ade028
core   0: 0x80002e0c (0x49eb0b93) addi    s7, s6, 1182
core   0: 3 0x80002e0c (0x49eb0b93) x23 0x0000049e
core   0: 0x80002e10 (0x01a733b3) sltu    t2, a4, s10
core   0: 3 0x80002e10 (0x01a733b3) x 7 0x00000001
core   0: 0x80002e14 (0x00000013) nop
core   0: 3 0x80002e14 (0x00000013)
core   0: 0x80002e18 (0x8753e913) ori     s2, t2, -1931
core   0: 3 0x80002e18 (0x8753e913) x18 0xfffff875
core   0: 0x80002e1c (0x00000013) nop
core   0: 3 0x80002e1c (0x00000013)
core   0: 0x80002e20 (0x00e2d533) srl     a0, t0, a4
core   0: 3 0x80002e20 (0x00e2d533) x10 0x80014e64
core   0: 0x80002e24 (0xa60c3f93) sltiu   t6, s8, -1440
core   0: 3 0x80002e24 (0xa60c3f93) x31 0x00000000
core   0: 0x80002e28 (0x01855db3) srl     s11, a0, s8
core   0: 3 0x80002e28 (0x01855db3) x27 0x00000001
core   0: 0x80002e2c (0xd21e4013) xori    zero, t3, -735
core   0: 3 0x80002e2c (0xd21e4013)
core   0: 0x80002e30 (0x0057d9b3) srl     s3, a5, t0
core   0: 3 0x80002e30 (0x0057d9b3) x19 0x0bf19737
core   0: 0x80002e34 (0x04c67137) lui     sp, 0x4c67
core   0: 3 0x80002e34 (0x04c67137) x 2 0x04c67000
core   0: 0x80002e38 (0x0062c233) xor     tp, t0, t1
core   0: 3 0x80002e38 (0x0062c233) x 4 0xe01605a6
core   0: 0x80002e3c (0xd275c513) xori    a0, a1, -729
core   0: 3 0x80002e3c (0xd275c513) x10 0xfffffd27
core   0: 0x80002e40 (0x0203aeb3) mulhsu  t4, t2, zero
core   0: 3 0x80002e40 (0x0203aeb3) x29 0x00000000
core   0: 0x80002e44 (0x03cda333) mulhsu  t1, s11, t3
core   0: 3 0x80002e44 (0x03cda333) x 6 0x00000000
core   0: 0x80002e48 (0x00000013) nop
core   0: 3 0x80002e48 (0x00000013)
core   0: 0x80002e4c (0x027f64b3) rem     s1, t5, t2
core   0: 3 0x80002e4c (0x027f64b3) x 9 0x00000000
core   0: 0x80002e50 (0x01159193) slli    gp, a1, 17
core   0: 3 0x80002e50 (0x01159193) x 3 0x00000000
core   0: 0x80002e54 (0x019e0333) add     t1, t3, s9
core   0: 3 0x80002e54 (0x019e0333) x 6 0x77cce3fd
core   0: 0x80002e58 (0x009719b3) sll     s3, a4, s1
core   0: 3 0x80002e58 (0x009719b3) x19 0x00000000
core   0: 0x80002e5c (0x7a426513) ori     a0, tp, 1956
core   0: 3 0x80002e5c (0x7a426513) x10 0xe01607a6
core   0: 0x80002e60 (0x00ff0133) add     sp, t5, a5
core   0: 3 0x80002e60 (0x00ff0133) x 2 0x7e32ef61
core   0: 0x80002e64 (0x41ac5f13) srai    t5, s8, 26
core   0: 3 0x80002e64 (0x41ac5f13) x30 0xffffffff
core   0: 0x80002e68 (0x01cac933) xor     s2, s5, t3
core   0: 3 0x80002e68 (0x01cac933) x18 0x77cce3fc
core   0: 0x80002e6c (0x02e51533) mulh    a0, a0, a4
core   0: 3 0x80002e6c (0x02e51533) x10 0x00000000
core   0: 0x80002e70 (0x0232ef33) rem     t5, t0, gp
core   0: 3 0x80002e70 (0x0232ef33) x30 0x80014e64
core   0: 0x80002e74 (0xba2bc493) xori    s1, s7, -1118
core   0: 3 0x80002e74 (0xba2bc493) x 9 0xffffff3c
core   0: 0x80002e78 (0x029f1e33) mulh    t3, t5, s1
core   0: 3 0x80002e78 (0x029f1e33) x28 0x00000061
core   0: 0x80002e7c (0xecac4093) xori    ra, s8, -310
core   0: 3 0x80002e7c (0xecac4093) x 1 0x00000135
core   0: 0x80002e80 (0x022fad33) mulhsu  s10, t6, sp
core   0: 3 0x80002e80 (0x022fad33) x26 0x00000000
core   0: 0x80002e84 (0x4077d113) srai    sp, a5, 7
core   0: 3 0x80002e84 (0x4077d113) x 2 0xff7e32e6
core   0: 0x80002e88 (0x02960833) mul     a6, a2, s1
core   0: 3 0x80002e88 (0x02960833) x16 0x00000000
core   0: 0x80002e8c (0x03106ab3) rem     s5, zero, a7
core   0: 3 0x80002e8c (0x03106ab3) x21 0x00000000
core   0: 0x80002e90 (0x01237833) and     a6, t1, s2
core   0: 3 0x80002e90 (0x01237833) x16 0x77cce3fc
core   0: 0x80002e94 (0x03d99633) mulh    a2, s3, t4
core   0: 3 0x80002e94 (0x03d99633) x12 0x00000000
core   0: 0x80002e98 (0x007de533) or      a0, s11, t2
core   0: 3 0x80002e98 (0x007de533) x10 0x00000001
core   0: 0x80002e9c (0x40a45233) sra     tp, s0, a0
core   0: 3 0x80002e9c (0x40a45233) x 4 0x1014ee9f
core   0: 0x80002ea0 (0x00000013) nop
core   0: 3 0x80002ea0 (0x00000013)
core   0: 0x80002ea4 (0x0807ce93) xori    t4, a5, 128
core   0: 3 0x80002ea4 (0x0807ce93) x29 0xbf1973f2
core   0: 0x80002ea8 (0x0353c3b3) div     t2, t2, s5
core   0: 3 0x80002ea8 (0x0353c3b3) x 7 0xffffffff
core   0: 0x80002eac (0x0143b533) sltu    a0, t2, s4
core   0: 3 0x80002eac (0x0143b533) x10 0x00000000
core   0: 0x80002eb0 (0xe58f8913) addi    s2, t6, -424
core   0: 3 0x80002eb0 (0xe58f8913) x18 0xfffffe58
core   0: 0x80002eb4 (0x41e509b3) sub     s3, a0, t5
core   0: 3 0x80002eb4 (0x41e509b3) x19 0x7ffeb19c
core   0: 0x80002eb8 (0x032c2233) mulhsu  tp, s8, s2
core   0: 3 0x80002eb8 (0x032c2233) x 4 0xffffffff
core   0: 0x80002ebc (0xc650adb7) lui     s11, 0xc650a
core   0: 3 0x80002ebc (0xc650adb7) x27 0xc650a000
core   0: 0x80002ec0 (0x3edea893) slti    a7, t4, 1005
core   0: 3 0x80002ec0 (0x3edea893) x17 0x00000001
core   0: 0x80002ec4 (0x0b320613) addi    a2, tp, 179
core   0: 3 0x80002ec4 (0x0b320613) x12 0x000000b2
core   0: 0x80002ec8 (0x00ea4eb3) xor     t4, s4, a4
core   0: 3 0x80002ec8 (0x00ea4eb3) x29 0x80018ce4
core   0: 0x80002ecc (0x011fd813) srli    a6, t6, 17
core   0: 3 0x80002ecc (0x011fd813) x16 0x00000000
core   0: 0x80002ed0 (0x618afb13) andi    s6, s5, 1560
core   0: 3 0x80002ed0 (0x618afb13) x22 0x00000000
core   0: 0x80002ed4 (0xdddf2eb7) lui     t4, 0xdddf2
core   0: 3 0x80002ed4 (0xdddf2eb7) x29 0xdddf2000
core   0: 0x80002ed8 (0x01254133) xor     sp, a0, s2
core   0: 3 0x80002ed8 (0x01254133) x 2 0xfffffe58
core   0: 0x80002edc (0x40d5d5b3) sra     a1, a1, a3
core   0: 3 0x80002edc (0x40d5d5b3) x11 0x00000000
core   0: 0x80002ee0 (0x0140b033) sltu    zero, ra, s4
core   0: 3 0x80002ee0 (0x0140b033)
core   0: 0x80002ee4 (0x0197dcb3) srl     s9, a5, s9
core   0: 3 0x80002ee4 (0x0197dcb3) x25 0xbf197372
core   0: 0x80002ee8 (0x03c429b3) mulhsu  s3, s0, t3
core   0: 3 0x80002ee8 (0x03c429b3) x19 0x0000000c
core   0: 0x80002eec (0x0199d213) srli    tp, s3, 25
core   0: 3 0x80002eec (0x0199d213) x 4 0x00000000
core   0: 0x80002ef0 (0x03ee8b33) mul     s6, t4, t5
core   0: 3 0x80002ef0 (0x03ee8b33) x22 0xc6e88000
core   0: 0x80002ef4 (0x03090433) mul     s0, s2, a6
core   0: 3 0x80002ef4 (0x03090433) x 8 0x00000000
core   0: 0x80002ef8 (0x030111b3) mulh    gp, sp, a6
core   0: 3 0x80002ef8 (0x030111b3) x 3 0x00000000
core   0: 0x80002efc (0x0390c1b3) div     gp, ra, s9
core   0: 3 0x80002efc (0x0390c1b3) x 3 0x00000000
core   0: 0x80002f00 (0x40045893) srai    a7, s0, 0
core   0: 3 0x80002f00 (0x40045893) x17 0x00000000
core   0: 0x80002f04 (0x6b1dcf13) xori    t5, s11, 1713
core   0: 3 0x80002f04 (0x6b1dcf13) x30 0xc650a6b1
core   0: 0x80002f08 (0x01240ab3) add     s5, s0, s2
core   0: 3 0x80002f08 (0x01240ab3) x21 0xfffffe58
core   0: 0x80002f0c (0x01badd93) srli    s11, s5, 27
core   0: 3 0x80002f0c (0x01badd93) x27 0x0000001f
core   0: 0x80002f10 (0x01947133) and     sp, s0, s9
core   0: 3 0x80002f10 (0x01947133) x 2 0x00000000
core   0: 0x80002f14 (0x782c0193) addi    gp, s8, 1922
core   0: 3 0x80002f14 (0x782c0193) x 3 0x00000781
core   0: 0x80002f18 (0xc70ea213) slti    tp, t4, -912
core   0: 3 0x80002f18 (0xc70ea213) x 4 0x00000001
core   0: 0x80002f1c (0x00e645b3) xor     a1, a2, a4
core   0: 3 0x80002f1c (0x00e645b3) x11 0x000000b2
core   0: 0x80002f20 (0x00bd2e33) slt     t3, s10, a1
core   0: 3 0x80002f20 (0x00bd2e33) x28 0x00000001
core   0: 0x80002f24 (0x004f4fb3) xor     t6, t5, tp
core   0: 3 0x80002f24 (0x004f4fb3) x31 0xc650a6b0
core   0: 0x80002f28 (0x00e7f9b3) and     s3, a5, a4
core   0: 3 0x80002f28 (0x00e7f9b3) x19 0x00000000
core   0: 0x80002f2c (0x0065be33) sltu    t3, a1, t1
core   0: 3 0x80002f2c (0x0065be33) x28 0x00000001
core   0: 0x80002f30 (0x02a49ab3) mulh    s5, s1, a0
core   0: 3 0x80002f30 (0x02a49ab3) x21 0x00000000
core   0: 0x80002f34 (0x8b43b097) auipc   ra, 0x8b43b
core   0: 3 0x80002f34 (0x8b43b097) x 1 0x0b43df34
core   0: 0x80002f38 (0x003c6433) or      s0, s8, gp
core   0: 3 0x80002f38 (0x003c6433) x 8 0xffffffff
core   0: 0x80002f3c (0x01891d13) slli    s10, s2, 24
core   0: 3 0x80002f3c (0x01891d13) x26 0x58000000
core   0: 0x80002f40 (0x02418ab3) mul     s5, gp, tp
core   0: 3 0x80002f40 (0x02418ab3) x21 0x00000781
core   0: 0x80002f44 (0x000895b3) sll     a1, a7, zero
core   0: 3 0x80002f44 (0x000895b3) x11 0x00000000
core   0: 0x80002f48 (0x02d3df33) divu    t5, t2, a3
core   0: 3 0x80002f48 (0x02d3df33) x30 0x00000001
core   0: 0x80002f4c (0x037d1733) mulh    a4, s10, s7
core   0: 3 0x80002f4c (0x037d1733) x14 0x00000196
core   0: 0x80002f50 (0x002fe133) or      sp, t6, sp
core   0: 3 0x80002f50 (0x002fe133) x 2 0xc650a6b0
core   0: 0x80002f54 (0x00000013) nop
core   0: 3 0x80002f54 (0x00000013)
core   0: 0x80002f58 (0x00d55213) srli    tp, a0, 13
core   0: 3 0x80002f58 (0x00d55213) x 4 0x00000000
core   0: 0x80002f5c (0x00197db3) and     s11, s2, ra
core   0: 3 0x80002f5c (0x00197db3) x27 0x0b43de10
core   0: 0x80002f60 (0x0003cab3) xor     s5, t2, zero
core   0: 3 0x80002f60 (0x0003cab3) x21 0xffffffff
core   0: 0x80002f64 (0x022411b3) mulh    gp, s0, sp
core   0: 3 0x80002f64 (0x022411b3) x 3 0x00000000
core   0: 0x80002f68 (0x00642f33) slt     t5, s0, t1
core   0: 3 0x80002f68 (0x00642f33) x30 0x00000001
core   0: 0x80002f6c (0x00187f33) and     t5, a6, ra
core   0: 3 0x80002f6c (0x00187f33) x30 0x00000000
core   0: 0x80002f70 (0x0228f833) remu    a6, a7, sp
core   0: 3 0x80002f70 (0x0228f833) x16 0x00000000
core   0: 0x80002f74 (0x01b2deb3) srl     t4, t0, s11
core   0: 3 0x80002f74 (0x01b2deb3) x29 0x00008001
core   0: 0x80002f78 (0xf11f9097) auipc   ra, 0xf11f9
core   0: 3 0x80002f78 (0xf11f9097) x 1 0x711fbf78
core   0: 0x80002f7c (0x0225f733) remu    a4, a1, sp
core   0: 3 0x80002f7c (0x0225f733) x14 0x00000000
core   0: 0x80002f80 (0x017e43b3) xor     t2, t3, s7
core   0: 3 0x80002f80 (0x017e43b3) x 7 0x0000049f
core   0: 0x80002f84 (0x02123233) mulhu   tp, tp, ra
core   0: 3 0x80002f84 (0x02123233) x 4 0x00000000
core   0: 0x80002f88 (0x01d7c233) xor     tp, a5, t4
core   0: 3 0x80002f88 (0x01d7c233) x 4 0xbf19f373
core   0: 0x80002f8c (0x01cb9393) slli    t2, s7, 28
core   0: 3 0x80002f8c (0x01cb9393) x 7 0xe0000000
core   0: 0x80002f90 (0x00000013) nop
core   0: 3 0x80002f90 (0x00000013)
core   0: 0x80002f94 (0x400a5193) srai    gp, s4, 0
core   0: 3 0x80002f94 (0x400a5193) x 3 0x80018ce4
core   0: 0x80002f98 (0x53ad7197) auipc   gp, 0x53ad7
core   0: 3 0x80002f98 (0x53ad7197) x 3 0xd3ad9f98
core   0: 0x80002f9c (0x034910b3) mulh    ra, s2, s4
core   0: 3 0x80002f9c (0x034910b3) x 1 0x000000d3
core   0: 0x80002fa0 (0x00000013) nop
core   0: 3 0x80002fa0 (0x00000013)
core   0: 0x80002fa4 (0x03871933) mulh    s2, a4, s8
core   0: 3 0x80002fa4 (0x03871933) x18 0x00000000
core   0: 0x80002fa8 (0x029bacb3) mulhsu  s9, s7, s1
core   0: 3 0x80002fa8 (0x029bacb3) x25 0x0000049d
core   0: 0x80002fac (0x01ebbc33) sltu    s8, s7, t5
core   0: 3 0x80002fac (0x01ebbc33) x24 0x00000000
core   0: 0x80002fb0 (0x02c55b33) divu    s6, a0, a2
core   0: 3 0x80002fb0 (0x02c55b33) x22 0x00000000
core   0: 0x80002fb4 (0x13a18cb7) lui     s9, 0x13a18
core   0: 3 0x80002fb4 (0x13a18cb7) x25 0x13a18000
core   0: 0x80002fb8 (0x41f98b33) sub     s6, s3, t6
core   0: 3 0x80002fb8 (0x41f98b33) x22 0x39af5950
core   0: 0x80002fbc (0x40005833) sra     a6, zero, zero
core   0: 3 0x80002fbc (0x40005833) x16 0x00000000
core   0: 0x80002fc0 (0x40f95633) sra     a2, s2, a5
core   0: 3 0x80002fc0 (0x40f95633) x12 0x00000000
core   0: 0x80002fc4 (0x03b1c833) div     a6, gp, s11
core   0: 3 0x80002fc4 (0x03b1c833) x16 0xfffffffd
core   0: 0x80002fc8 (0x1d0bbe13) sltiu   t3, s7, 464
core   0: 3 0x80002fc8 (0x1d0bbe13) x28 0x00000000
core   0: 0x80002fcc (0x00cfe0b3) or      ra, t6, a2
core   0: 3 0x80002fcc (0x00cfe0b3) x 1 0xc650a6b0
core   0: 0x80002fd0 (0x00167ab3) and     s5, a2, ra
core   0: 3 0x80002fd0 (0x00167ab3) x21 0x00000000
core   0: 0x80002fd4 (0x034a6c33) rem     s8, s4, s4
core   0: 3 0x80002fd4 (0x034a6c33) x24 0x00000000
core   0: 0x80002fd8 (0xfdb4c793) xori    a5, s1, -37
core   0: 3 0x80002fd8 (0xfdb4c793) x15 0x000000e7
core   0: 0x80002fdc (0x41095633) sra     a2, s2, a6
core   0: 3 0x80002fdc (0x41095633) x12 0x00000000
core   0: 0x80002fe0 (0x0202b733) mulhu   a4, t0, zero
core   0: 3 0x80002fe0 (0x0202b733) x14 0x00000000
core   0: 0x80002fe4 (0x03749933) mulh    s2, s1, s7
core   0: 3 0x80002fe4 (0x03749933) x18 0xffffffff
core   0: 0x80002fe8 (0x88c60517) auipc   a0, 0x88c60
core   0: 3 0x80002fe8 (0x88c60517) x10 0x08c62fe8
core   0: 0x80002fec (0x00b1d913) srli    s2, gp, 11
core   0: 3 0x80002fec (0x00b1d913) x18 0x001a75b3
core   0: 0x80002ff0 (0xc70a4413) xori    s0, s4, -912
core   0: 3 0x80002ff0 (0xc70a4413) x 8 0x7ffe7094
core   0: 0x80002ff4 (0x00729f93) slli    t6, t0, 7
core   0: 3 0x80002ff4 (0x00729f93) x31 0x00a73200
core   0: 0x80002ff8 (0x012bd393) srli    t2, s7, 18
core   0: 3 0x80002ff8 (0x012bd393) x 7 0x00000000
core   0: 0x80002ffc (0x03d5b7b3) mulhu   a5, a1, t4
core   0: 3 0x80002ffc (0x03d5b7b3) x15 0x00000000
core   0: 0x80003000 (0xb0304617) auipc   a2, 0xb0304
core   0: 3 0x80003000 (0xb0304617) x12 0x30307000
core   0: 0x80003004 (0x2271c313) xori    t1, gp, 551
core   0: 3 0x80003004 (0x2271c313) x 6 0xd3ad9dbf
core   0: 0x80003008 (0x0111e833) or      a6, gp, a7
core   0: 3 0x80003008 (0x0111e833) x16 0xd3ad9f98
core   0: 0x8000300c (0x028424b3) mulhsu  s1, s0, s0
core   0: 3 0x8000300c (0x028424b3) x 9 0x3ffe7096
core   0: 0x80003010 (0x01624e13) xori    t3, tp, 22
core   0: 3 0x80003010 (0x01624e13) x28 0xbf19f365
core   0: 0x80003014 (0x01a3ce33) xor     t3, t2, s10
core   0: 3 0x80003014 (0x01a3ce33) x28 0x58000000
core   0: 0x80003018 (0x34786413) ori     s0, a6, 839
core   0: 3 0x80003018 (0x34786413) x 8 0xd3ad9fdf
core   0: 0x8000301c (0x00000013) nop
core   0: 3 0x8000301c (0x00000013)
core   0: 0x80003020 (0x00f383b3) add     t2, t2, a5
core   0: 3 0x80003020 (0x00f383b3) x 7 0x00000000
core   0: 0x80003024 (0x00d339b3) sltu    s3, t1, a3
core   0: 3 0x80003024 (0x00d339b3) x19 0x00000000
core   0: 0x80003028 (0x023245b3) div     a1, tp, gp
core   0: 3 0x80003028 (0x023245b3) x11 0x00000001
core   0: 0x8000302c (0x021a33b3) mulhu   t2, s4, ra
core   0: 3 0x8000302c (0x021a33b3) x 7 0x632986cd
core   0: 0x80003030 (0x0004f733) and     a4, s1, zero
core   0: 3 0x80003030 (0x0004f733) x14 0x00000000
core   0: 0x80003034 (0x0237f233) remu    tp, a5, gp
core   0: 3 0x80003034 (0x0237f233) x 4 0x00000000
core   0: 0x80003038 (0x029b2f33) mulhsu  t5, s6, s1
core   0: 3 0x80003038 (0x029b2f33) x30 0x0e6b7c53
core   0: 0x8000303c (0x4059db93) srai    s7, s3, 5
core   0: 3 0x8000303c (0x4059db93) x23 0x00000000
core   0: 0x80003040 (0x01edfab3) and     s5, s11, t5
core   0: 3 0x80003040 (0x01edfab3) x21 0x0a435c10
core   0: 0x80003044 (0x30ba4493) xori    s1, s4, 779
core   0: 3 0x80003044 (0x30ba4493) x 9 0x80018fef
core   0: 0x80003048 (0x01a055b3) srl     a1, zero, s10
core   0: 3 0x80003048 (0x01a055b3) x11 0x00000000
core   0: 0x8000304c (0x0205f0b3) remu    ra, a1, zero
core   0: 3 0x8000304c (0x0205f0b3) x 1 0x00000000
core   0: 0x80003050 (0x41b45e33) sra     t3, s0, s11
core   0: 3 0x80003050 (0x41b45e33) x28 0xffffd3ad
core   0: 0x80003054 (0x03025933) divu    s2, tp, a6
core   0: 3 0x80003054 (0x03025933) x18 0x00000000
core   0: 0x80003058 (0x00cb37b3) sltu    a5, s6, a2
core   0: 3 0x80003058 (0x00cb37b3) x15 0x00000000
core   0: 0x8000305c (0x02573333) mulhu   t1, a4, t0
core   0: 3 0x8000305c (0x02573333) x 6 0x00000000
core   0: 0x80003060 (0x00e19193) slli    gp, gp, 14
core   0: 3 0x80003060 (0x00e19193) x 3 0x67e60000
core   0: 0x80003064 (0x02b5fc33) remu    s8, a1, a1
core   0: 3 0x80003064 (0x02b5fc33) x24 0x00000000
core   0: 0x80003068 (0x001a9e93) slli    t4, s5, 1
core   0: 3 0x80003068 (0x001a9e93) x29 0x1486b820
core   0: 0x8000306c (0x565ea613) slti    a2, t4, 1381
core   0: 3 0x8000306c (0x565ea613) x12 0x00000000
core   0: 0x80003070 (0x416a5713) srai    a4, s4, 22
core   0: 3 0x80003070 (0x416a5713) x14 0xfffffe00
core   0: 0x80003074 (0x2d4c0a93) addi    s5, s8, 724
core   0: 3 0x80003074 (0x2d4c0a93) x21 0x000002d4
core   0: 0x80003078 (0x40c45d93) srai    s11, s0, 12
core   0: 3 0x80003078 (0x40c45d93) x27 0xfffd3ad9
core   0: 0x8000307c (0x01519e93) slli    t4, gp, 21
core   0: 3 0x8000307c (0x01519e93) x29 0x00000000
core   0: 0x80003080 (0x03a0f433) remu    s0, ra, s10
core   0: 3 0x80003080 (0x03a0f433) x 8 0x00000000
core   0: 0x80003084 (0x30c2f413) andi    s0, t0, 780
core   0: 3 0x80003084 (0x30c2f413) x 8 0x00000204
core   0: 0x80003088 (0x0370ec33) rem     s8, ra, s7
core   0: 3 0x80003088 (0x0370ec33) x24 0x00000000
core   0: 0x8000308c (0x0159df93) srli    t6, s3, 21
core   0: 3 0x8000308c (0x0159df93) x31 0x00000000
core   0: 0x80003090 (0x01fe4fb3) xor     t6, t3, t6
core   0: 3 0x80003090 (0x01fe4fb3) x31 0xffffd3ad
core   0: 0x80003094 (0x01539d33) sll     s10, t2, s5
core   0: 3 0x80003094 (0x01539d33) x26 0x6cd00000
core   0: 0x80003098 (0x03732db3) mulhsu  s11, t1, s7
core   0: 3 0x80003098 (0x03732db3) x27 0x00000000
core   0: 0x8000309c (0x02d3b0b3) mulhu   ra, t2, a3
core   0: 3 0x8000309c (0x02d3b0b3) x 1 0x4a05da19
core   0: 0x800030a0 (0x41db8fb3) sub     t6, s7, t4
core   0: 3 0x800030a0 (0x41db8fb3) x31 0x00000000
core   0: 0x800030a4 (0x02a26b33) rem     s6, tp, a0
core   0: 3 0x800030a4 (0x02a26b33) x22 0x00000000
core   0: 0x800030a8 (0x01d64b33) xor     s6, a2, t4
core   0: 3 0x800030a8 (0x01d64b33) x22 0x00000000
core   0: 0x800030ac (0x41105e13) srai    t3, zero, 17
core   0: 3 0x800030ac (0x41105e13) x28 0x00000000
core   0: 0x800030b0 (0x1a50af13) slti    t5, ra, 421
core   0: 3 0x800030b0 (0x1a50af13) x30 0x00000000
core   0: 0x800030b4 (0x49e0a317) auipc   t1, 0x49e0a
core   0: 3 0x800030b4 (0x49e0a317) x 6 0xc9e0d0b4
core   0: 0x800030b8 (0x03aaec33) rem     s8, s5, s10
core   0: 3 0x800030b8 (0x03aaec33) x24 0x000002d4
core   0: 0x800030bc (0x03704133) div     sp, zero, s7
core   0: 3 0x800030bc (0x03704133) x 2 0xffffffff
core   0: 0x800030c0 (0x0334e4b3) rem     s1, s1, s3
core   0: 3 0x800030c0 (0x0334e4b3) x 9 0x80018fef
core   0: 0x800030c4 (0x003adb93) srli    s7, s5, 3
core   0: 3 0x800030c4 (0x003adb93) x23 0x0000005a
core   0: 0x800030c8 (0x004d4ab3) xor     s5, s10, tp
core   0: 3 0x800030c8 (0x004d4ab3) x21 0x6cd00000
core   0: 0x800030cc (0x01961ab3) sll     s5, a2, s9
core   0: 3 0x800030cc (0x01961ab3) x21 0x00000000
core   0: 0x800030d0 (0x00482433) slt     s0, a6, tp
core   0: 3 0x800030d0 (0x00482433) x 8 0x00000001
core   0: 0x800030d4 (0x02c63733) mulhu   a4, a2, a2
core   0: 3 0x800030d4 (0x02c63733) x14 0x00000000
core   0: 0x800030d8 (0x0231dd33) divu    s10, gp, gp
core   0: 3 0x800030d8 (0x0231dd33) x26 0x00000001
core   0: 0x800030dc (0x0092d993) srli    s3, t0, 9
core   0: 3 0x800030dc (0x0092d993) x19 0x004000a7
core   0: 0x800030e0 (0x373ab437) lui     s0, 0x373ab
core   0: 3 0x800030e0 (0x373ab437) x 8 0x373ab000
core   0: 0x800030e4 (0x03a9d233) divu    tp, s3, s10
core   0: 3 0x800030e4 (0x03a9d233) x 4 0x004000a7
core   0: 0x800030e8 (0x03f65b33) divu    s6, a2, t6
core   0: 3 0x800030e8 (0x03f65b33) x22 0xffffffff
core   0: 0x800030ec (0x2efdef93) ori     t6, s11, 751
core   0: 3 0x800030ec (0x2efdef93) x31 0x000002ef
core   0: 0x800030f0 (0xb8312c13) slti    s8, sp, -1149
core   0: 3 0x800030f0 (0xb8312c13) x24 0x00000000
core   0: 0x800030f4 (0x021ec533) div     a0, t4, ra
core   0: 3 0x800030f4 (0x021ec533) x10 0x00000000
core   0: 0x800030f8 (0x40938fb3) sub     t6, t2, s1
core   0: 3 0x800030f8 (0x40938fb3) x31 0xe327f6de
core   0: 0x800030fc (0x40210ab3) sub     s5, sp, sp
core   0: 3 0x800030fc (0x40210ab3) x21 0x00000000
core   0: 0x80003100 (0x1543c013) xori    zero, t2, 340
core   0: 3 0x80003100 (0x1543c013)
core   0: 0x80003104 (0x1c736e13) ori     t3, t1, 455
core   0: 3 0x80003104 (0x1c736e13) x28 0xc9e0d1f7
core   0: 0x80003108 (0x02001cb3) mulh    s9, zero, zero
core   0: 3 0x80003108 (0x02001cb3) x25 0x00000000
core   0: 0x8000310c (0x00a2beb3) sltu    t4, t0, a0
core   0: 3 0x8000310c (0x00a2beb3) x29 0x00000000
core   0: 0x80003110 (0x03a5beb3) mulhu   t4, a1, s10
core   0: 3 0x80003110 (0x03a5beb3) x29 0x00000000
core   0: 0x80003114 (0x031ebf33) mulhu   t5, t4, a7
core   0: 3 0x80003114 (0x031ebf33) x30 0x00000000
core   0: 0x80003118 (0x0142dbb3) srl     s7, t0, s4
core   0: 3 0x80003118 (0x0142dbb3) x23 0x080014e6
core   0: 0x8000311c (0x01c1e233) or      tp, gp, t3
core   0: 3 0x8000311c (0x01c1e233) x 4 0xefe6d1f7
core   0: 0x80003120 (0x41b75333) sra     t1, a4, s11
core   0: 3 0x80003120 (0x41b75333) x 6 0x00000000
core   0: 0x80003124 (0x03c949b3) div     s3, s2, t3
core   0: 3 0x80003124 (0x03c949b3) x19 0x00000000
core   0: 0x80003128 (0x19724493) xori    s1, tp, 407
core   0: 3 0x80003128 (0x19724493) x 9 0xefe6d060
core   0: 0x8000312c (0x02ed00b3) mul     ra, s10, a4
core   0: 3 0x8000312c (0x02ed00b3) x 1 0x00000000
core   0: 0x80003130 (0x033d9fb3) mulh    t6, s11, s3
core   0: 3 0x80003130 (0x033d9fb3) x31 0x00000000
core   0: 0x80003134 (0x01463c33) sltu    s8, a2, s4
core   0: 3 0x80003134 (0x01463c33) x24 0x00000001
core   0: 0x80003138 (0x018c9193) slli    gp, s9, 24
core   0: 3 0x80003138 (0x018c9193) x 3 0x00000000
core   0: 0x8000313c (0xff846213) ori     tp, s0, -8
core   0: 3 0x8000313c (0xff846213) x 4 0xfffffff8
core   0: 0x80003140 (0x39715097) auipc   ra, 0x39715
core   0: 3 0x80003140 (0x39715097) x 1 0xb9718140
core   0: 0x80003144 (0x031171b3) remu    gp, sp, a7
core   0: 3 0x80003144 (0x031171b3) x 3 0xffffffff
core   0: 0x80003148 (0x031e2eb3) mulhsu  t4, t3, a7
core   0: 3 0x80003148 (0x031e2eb3) x29 0x00000000
core   0: 0x8000314c (0x01369093) slli    ra, a3, 19
core   0: 3 0x8000314c (0x01369093) x 1 0xd4700000
core   0: 0x80003150 (0x4d6520b7) lui     ra, 0x4d652
core   0: 3 0x80003150 (0x4d6520b7) x 1 0x4d652000
core   0: 0x80003154 (0x02572733) mulhsu  a4, a4, t0
core   0: 3 0x80003154 (0x02572733) x14 0x00000000
core   0: 0x80003158 (0x02c1c433) div     s0, gp, a2
core   0: 3 0x80003158 (0x02c1c433) x 8 0xffffffff
core   0: 0x8000315c (0x00337833) and     a6, t1, gp
core   0: 3 0x8000315c (0x00337833) x16 0x00000000
core   0: 0x80003160 (0x407f5093) srai    ra, t5, 7
core   0: 3 0x80003160 (0x407f5093) x 1 0x00000000
core   0: 0x80003164 (0x30f6cd13) xori    s10, a3, 783
core   0: 3 0x80003164 (0x30f6cd13) x26 0xbf197981
core   0: 0x80003168 (0x01a35393) srli    t2, t1, 26
core   0: 3 0x80003168 (0x01a35393) x 7 0x00000000
core   0: 0x8000316c (0x400cd513) srai    a0, s9, 0
core   0: 3 0x8000316c (0x400cd513) x10 0x00000000
core   0: 0x80003170 (0x7646e237) lui     tp, 0x7646e
core   0: 3 0x80003170 (0x7646e237) x 4 0x7646e000
core   0: 0x80003174 (0x034a6133) rem     sp, s4, s4
core   0: 3 0x80003174 (0x034a6133) x 2 0x00000000
core   0: 0x80003178 (0x0ffea793) slti    a5, t4, 255
core   0: 3 0x80003178 (0x0ffea793) x15 0x00000001
core   0: 0x8000317c (0x404ddc93) srai    s9, s11, 4
core   0: 3 0x8000317c (0x404ddc93) x25 0x00000000
core   0: 0x80003180 (0xa2b9e913) ori     s2, s3, -1493
core   0: 3 0x80003180 (0xa2b9e913) x18 0xfffffa2b
core   0: 0x80003184 (0x41185ab3) sra     s5, a6, a7
core   0: 3 0x80003184 (0x41185ab3) x21 0x00000000
core   0: 0x80003188 (0x1ca7a993) slti    s3, a5, 458
core   0: 3 0x80003188 (0x1ca7a993) x19 0x00000001
core   0: 0x8000318c (0x012bd593) srli    a1, s7, 18
core   0: 3 0x8000318c (0x012bd593) x11 0x00000200
core   0: 0x80003190 (0x02df0fb3) mul     t6, t5, a3
core   0: 3 0x80003190 (0x02df0fb3) x31 0x00000000
core   0: 0x80003194 (0x00885d33) srl     s10, a6, s0
core   0: 3 0x80003194 (0x00885d33) x26 0x00000000
core   0: 0x80003198 (0x010a4933) xor     s2, s4, a6
core   0: 3 0x80003198 (0x010a4933) x18 0x80018ce4
core   0: 0x8000319c (0x007228b3) slt     a7, tp, t2
core   0: 3 0x8000319c (0x007228b3) x17 0x00000000
core   0: 0x800031a0 (0x0266c5b3) div     a1, a3, t1
core   0: 3 0x800031a0 (0x0266c5b3) x11 0xffffffff
core   0: 0x800031a4 (0x001e9e93) slli    t4, t4, 1
core   0: 3 0x800031a4 (0x001e9e93) x29 0x00000000
core   0: 0x800031a8 (0x40020eb3) sub     t4, tp, zero
core   0: 3 0x800031a8 (0x40020eb3) x29 0x7646e000
core   0: 0x800031ac (0xe5930f13) addi    t5, t1, -423
core   0: 3 0x800031ac (0xe5930f13) x30 0xfffffe59
core   0: 0x800031b0 (0xb1224f93) xori    t6, tp, -1262
core   0: 3 0x800031b0 (0xb1224f93) x31 0x89b91b12
core   0: 0x800031b4 (0x01682eb3) slt     t4, a6, s6
core   0: 3 0x800031b4 (0x01682eb3) x29 0x00000000
core   0: 0x800031b8 (0x62f92b13) slti    s6, s2, 1583
core   0: 3 0x800031b8 (0x62f92b13) x22 0x00000001
core   0: 0x800031bc (0x011a91b3) sll     gp, s5, a7
core   0: 3 0x800031bc (0x011a91b3) x 3 0x00000000
core   0: 0x800031c0 (0x00935393) srli    t2, t1, 9
core   0: 3 0x800031c0 (0x00935393) x 7 0x00000000
core   0: 0x800031c4 (0x01545e93) srli    t4, s0, 21
core   0: 3 0x800031c4 (0x01545e93) x29 0x000007ff
core   0: 0x800031c8 (0x0197d193) srli    gp, a5, 25
core   0: 3 0x800031c8 (0x0197d193) x 3 0x00000000
core   0: 0x800031cc (0xc1056113) ori     sp, a0, -1008
core   0: 3 0x800031cc (0xc1056113) x 2 0xfffffc10
core   0: 0x800031d0 (0x026a75b3) remu    a1, s4, t1
core   0: 3 0x800031d0 (0x026a75b3) x11 0x80018ce4
core   0: 0x800031d4 (0x00260833) add     a6, a2, sp
core   0: 3 0x800031d4 (0x00260833) x16 0xfffffc10
core   0: 0x800031d8 (0x02768b33) mul     s6, a3, t2
core   0: 3 0x800031d8 (0x02768b33) x22 0x00000000
core   0: 0x800031dc (0x003a6833) or      a6, s4, gp
core   0: 3 0x800031dc (0x003a6833) x16 0x80018ce4
core   0: 0x800031e0 (0x028fedb3) rem     s11, t6, s0
core   0: 3 0x800031e0 (0x028fedb3) x27 0x00000000
core   0: 0x800031e4 (0x00000013) nop
core   0: 3 0x800031e4 (0x00000013)
core   0: 0x800031e8 (0x01825993) srli    s3, tp, 24
core   0: 3 0x800031e8 (0x01825993) x19 0x00000076
core   0: 0x800031ec (0x02d8b3b3) mulhu   t2, a7, a3
core   0: 3 0x800031ec (0x02d8b3b3) x 7 0x00000000
core   0: 0x800031f0 (0x0237fbb3) remu    s7, a5, gp
core   0: 3 0x800031f0 (0x0237fbb3) x23 0x00000001
core   0: 0x800031f4 (0x0284a5b3) mulhsu  a1, s1, s0
core   0: 3 0x800031f4 (0x0284a5b3) x11 0xefe6d060
core   0: 0x800031f8 (0x02096633) rem     a2, s2, zero
core   0: 3 0x800031f8 (0x02096633) x12 0x80018ce4
core   0: 0x800031fc (0x4175d833) sra     a6, a1, s7
core   0: 3 0x800031fc (0x4175d833) x16 0xf7f36830
core   0: 0x80003200 (0x02afa4b3) mulhsu  s1, t6, a0
core   0: 3 0x80003200 (0x02afa4b3) x 9 0x00000000
core   0: 0x80003204 (0x00259233) sll     tp, a1, sp
core   0: 3 0x80003204 (0x00259233) x 4 0xd0600000
core   0: 0x80003208 (0x030b55b3) divu    a1, s6, a6
core   0: 3 0x80003208 (0x030b55b3) x11 0x00000000
core   0: 0x8000320c (0x7bddee13) ori     t3, s11, 1981
core   0: 3 0x8000320c (0x7bddee13) x28 0x000007bd
core   0: 0x80003210 (0x008f9393) slli    t2, t6, 8
core   0: 3 0x80003210 (0x008f9393) x 7 0xb91b1200
core   0: 0x80003214 (0xb665a513) slti    a0, a1, -1178
core   0: 3 0x80003214 (0xb665a513) x10 0x00000000
core   0: 0x80003218 (0x00af65b3) or      a1, t5, a0
core   0: 3 0x80003218 (0x00af65b3) x11 0xfffffe59
core   0: 0x8000321c (0x03ba3b33) mulhu   s6, s4, s11
core   0: 3 0x8000321c (0x03ba3b33) x22 0x00000000
core   0: 0x80003220 (0x3f0fd097) auipc   ra, 0x3f0fd
core   0: 3 0x80003220 (0x3f0fd097) x 1 0xbf100220
core   0: 0x80003224 (0x40fd5b33) sra     s6, s10, a5
core   0: 3 0x80003224 (0x40fd5b33) x22 0x00000000
core   0: 0x80003228 (0x0341bf33) mulhu   t5, gp, s4
core   0: 3 0x80003228 (0x0341bf33) x30 0x00000000
core   0: 0x8000322c (0x024155b3) divu    a1, sp, tp
core   0: 3 0x8000322c (0x024155b3) x11 0x00000001
core   0: 0x80003230 (0x005c1193) slli    gp, s8, 5
core   0: 3 0x80003230 (0x005c1193) x 3 0x00000020
core   0: 0x80003234 (0x03f1db33) divu    s6, gp, t6
core   0: 3 0x80003234 (0x03f1db33) x22 0x00000000
core   0: 0x80003238 (0x033b0c33) mul     s8, s6, s3
core   0: 3 0x80003238 (0x033b0c33) x24 0x00000000
core   0: 0x8000323c (0x03e8dfb3) divu    t6, a7, t5
core   0: 3 0x8000323c (0x03e8dfb3) x31 0xffffffff
core   0: 0x80003240 (0x86a8a513) slti    a0, a7, -1942
core   0: 3 0x80003240 (0x86a8a513) x10 0x00000000
core   0: 0x80003244 (0xd1a6eb37) lui     s6, 0xd1a6e
core   0: 3 0x80003244 (0xd1a6eb37) x22 0xd1a6e000
core   0: 0x80003248 (0x03704c33) div     s8, zero, s7
core   0: 3 0x80003248 (0x03704c33) x24 0x00000000
core   0: 0x8000324c (0x41dd54b3) sra     s1, s10, t4
core   0: 3 0x8000324c (0x41dd54b3) x 9 0x00000000
core   0: 0x80003250 (0x0068f9b3) and     s3, a7, t1
core   0: 3 0x80003250 (0x0068f9b3) x19 0x00000000
core   0: 0x80003254 (0x0207a7b3) mulhsu  a5, a5, zero
core   0: 3 0x80003254 (0x0207a7b3) x15 0x00000000
core   0: 0x80003258 (0x4088d993) srai    s3, a7, 8
core   0: 3 0x80003258 (0x4088d993) x19 0x00000000
core   0: 0x8000325c (0xa188ed13) ori     s10, a7, -1512
core   0: 3 0x8000325c (0xa188ed13) x26 0xfffffa18
core   0: 0x80003260 (0x017d7ab3) and     s5, s10, s7
core   0: 3 0x80003260 (0x017d7ab3) x21 0x00000000
core   0: 0x80003264 (0x4025d4b3) sra     s1, a1, sp
core   0: 3 0x80003264 (0x4025d4b3) x 9 0x00000000
core   0: 0x80003268 (0x005838b3) sltu    a7, a6, t0
core   0: 3 0x80003268 (0x005838b3) x17 0x00000000
core   0: 0x8000326c (0xc9f4f493) andi    s1, s1, -865
core   0: 3 0x8000326c (0xc9f4f493) x 9 0x00000000
core   0: 0x80003270 (0x01055393) srli    t2, a0, 16
core   0: 3 0x80003270 (0x01055393) x 7 0x00000000
core   0: 0x80003274 (0x02cd8c33) mul     s8, s11, a2
core   0: 3 0x80003274 (0x02cd8c33) x24 0x00000000
core   0: 0x80003278 (0x00000013) nop
core   0: 3 0x80003278 (0x00000013)
core   0: 0x8000327c (0x2035bd13) sltiu   s10, a1, 515
core   0: 3 0x8000327c (0x2035bd13) x26 0x00000001
core   0: 0x80003280 (0x023a0cb3) mul     s9, s4, gp
core   0: 3 0x80003280 (0x023a0cb3) x25 0x00319c80
core   0: 0x80003284 (0x00b8b133) sltu    sp, a7, a1
core   0: 3 0x80003284 (0x00b8b133) x 2 0x00000001
core   0: 0x80003288 (0x030a88b3) mul     a7, s5, a6
core   0: 3 0x80003288 (0x030a88b3) x17 0x00000000
core   0: 0x8000328c (0x01929c13) slli    s8, t0, 25
core   0: 3 0x8000328c (0x01929c13) x24 0xc8000000
core   0: 0x80003290 (0x034e0e33) mul     t3, t3, s4
core   0: 3 0x80003290 (0x034e0e33) x28 0x8bff4054
core   0: 0x80003294 (0x400d8933) sub     s2, s11, zero
core   0: 3 0x80003294 (0x400d8933) x18 0x00000000
core   0: 0x80003298 (0x41565bb3) sra     s7, a2, s5
core   0: 3 0x80003298 (0x41565bb3) x23 0x80018ce4
core   0: 0x8000329c (0x0073b733) sltu    a4, t2, t2
core   0: 3 0x8000329c (0x0073b733) x14 0x00000000
core   0: 0x800032a0 (0x01541813) slli    a6, s0, 21
core   0: 3 0x800032a0 (0x01541813) x16 0xffe00000
core   0: 0x800032a4 (0xc45c0813) addi    a6, s8, -955
core   0: 3 0x800032a4 (0xc45c0813) x16 0xc7fffc45
core   0: 0x800032a8 (0xced3c113) xori    sp, t2, -787
core   0: 3 0x800032a8 (0xced3c113) x 2 0xfffffced
core   0: 0x800032ac (0x00d68e33) add     t3, a3, a3
core   0: 3 0x800032ac (0x00d68e33) x28 0x7e32f51c
core   0: 0x800032b0 (0x011c5133) srl     sp, s8, a7
core   0: 3 0x800032b0 (0x011c5133) x 2 0xc8000000
core   0: 0x800032b4 (0x0358c5b3) div     a1, a7, s5
core   0: 3 0x800032b4 (0x0358c5b3) x11 0xffffffff
core   0: 0x800032b8 (0x026b5e33) divu    t3, s6, t1
core   0: 3 0x800032b8 (0x026b5e33) x28 0xffffffff
core   0: 0x800032bc (0x41a50f33) sub     t5, a0, s10
core   0: 3 0x800032bc (0x41a50f33) x30 0xffffffff
core   0: 0x800032c0 (0x01785133) srl     sp, a6, s7
core   0: 3 0x800032c0 (0x01785133) x 2 0x0c7fffc4
core   0: 0x800032c4 (0x029175b3) remu    a1, sp, s1
core   0: 3 0x800032c4 (0x029175b3) x11 0x0c7fffc4
core   0: 0x800032c8 (0x01bddb33) srl     s6, s11, s11
core   0: 3 0x800032c8 (0x01bddb33) x22 0x00000000
core   0: 0x800032cc (0x00d7d313) srli    t1, a5, 13
core   0: 3 0x800032cc (0x00d7d313) x 6 0x00000000
core   0: 0x800032d0 (0x7aab19b7) lui     s3, 0x7aab1
core   0: 3 0x800032d0 (0x7aab19b7) x19 0x7aab1000
core   0: 0x800032d4 (0xbde200b7) lui     ra, 0xbde20
core   0: 3 0x800032d4 (0xbde200b7) x 1 0xbde20000
core   0: 0x800032d8 (0x01ebacb3) slt     s9, s7, t5
core   0: 3 0x800032d8 (0x01ebacb3) x25 0x00000001
core   0: 0x800032dc (0x001adf33) srl     t5, s5, ra
core   0: 3 0x800032dc (0x001adf33) x30 0x00000000
core   0: 0x800032e0 (0x14243893) sltiu   a7, s0, 322
core   0: 3 0x800032e0 (0x14243893) x17 0x00000000
core   0: 0x800032e4 (0x03b28eb3) mul     t4, t0, s11
core   0: 3 0x800032e4 (0x03b28eb3) x29 0x00000000
core   0: 0x800032e8 (0x22a0a113) slti    sp, ra, 554
core   0: 3 0x800032e8 (0x22a0a113) x 2 0x00000001
core   0: 0x800032ec (0x0226ebb3) rem     s7, a3, sp
core   0: 3 0x800032ec (0x0226ebb3) x23 0x00000000
core   0: 0x800032f0 (0x029e93b3) mulh    t2, t4, s1
core   0: 3 0x800032f0 (0x029e93b3) x 7 0x00000000
core   0: 0x800032f4 (0x3997b113) sltiu   sp, a5, 921
core   0: 3 0x800032f4 (0x3997b113) x 2 0x00000001
core   0: 0x800032f8 (0x00dba0b3) slt     ra, s7, a3
core   0: 3 0x800032f8 (0x00dba0b3) x 1 0x00000000
core   0: 0x800032fc (0x00f623b3) slt     t2, a2, a5
core   0: 3 0x800032fc (0x00f623b3) x 7 0x00000001
core   0: 0x80003300 (0x02d99333) mulh    t1, s3, a3
core   0: 3 0x80003300 (0x02d99333) x 6 0xe0e6c65e
core   0: 0x80003304 (0x0028efb3) or      t6, a7, sp
core   0: 3 0x80003304 (0x0028efb3) x31 0x00000001
core   0: 0x80003308 (0x407a8133) sub     sp, s5, t2
core   0: 3 0x80003308 (0x407a8133) x 2 0xffffffff
core   0: 0x8000330c (0x032a5f33) divu    t5, s4, s2
core   0: 3 0x8000330c (0x032a5f33) x30 0xffffffff
core   0: 0x80003310 (0x10e24c13) xori    s8, tp, 270
core   0: 3 0x80003310 (0x10e24c13) x24 0xd060010e
core   0: 0x80003314 (0x00e22433) slt     s0, tp, a4
core   0: 3 0x80003314 (0x00e22433) x 8 0x00000001
core   0: 0x80003318 (0x40fed0b3) sra     ra, t4, a5
core   0: 3 0x80003318 (0x40fed0b3) x 1 0x00000000
core   0: 0x8000331c (0x0270e433) rem     s0, ra, t2
core   0: 3 0x8000331c (0x0270e433) x 8 0x00000000
core   0: 0x80003320 (0x00cc6b33) or      s6, s8, a2
core   0: 3 0x80003320 (0x00cc6b33) x22 0xd0618dee
core   0: 0x80003324 (0x02c50b33) mul     s6, a0, a2
core   0: 3 0x80003324 (0x02c50b33) x22 0x00000000
core   0: 0x80003328 (0x00053133) sltu    sp, a0, zero
core   0: 3 0x80003328 (0x00053133) x 2 0x00000000
core   0: 0x8000332c (0x0391eab3) rem     s5, gp, s9
core   0: 3 0x8000332c (0x0391eab3) x21 0x00000000
core   0: 0x80003330 (0x014258b3) srl     a7, tp, s4
core   0: 3 0x80003330 (0x014258b3) x17 0x0d060000
core   0: 0x80003334 (0x02566933) rem     s2, a2, t0
core   0: 3 0x80003334 (0x02566933) x18 0x80018ce4
core   0: 0x80003338 (0x03179f33) mulh    t5, a5, a7
core   0: 3 0x80003338 (0x03179f33) x30 0x00000000
core   0: 0x8000333c (0x007e9b13) slli    s6, t4, 7
core   0: 3 0x8000333c (0x007e9b13) x22 0x00000000
core   0: 0x80003340 (0x8715fe13) andi    t3, a1, -1935
core   0: 3 0x80003340 (0x8715fe13) x28 0x0c7ff840
core   0: 0x80003344 (0x00b18fb3) add     t6, gp, a1
core   0: 3 0x80003344 (0x00b18fb3) x31 0x0c7fffe4
core   0: 0x80003348 (0x417dd4b3) sra     s1, s11, s7
core   0: 3 0x80003348 (0x417dd4b3) x 9 0x00000000
core   0: 0x8000334c (0x02d5b033) mulhu   zero, a1, a3
core   0: 3 0x8000334c (0x02d5b033)
core   0: 0x80003350 (0x003f6e33) or      t3, t5, gp
core   0: 3 0x80003350 (0x003f6e33) x28 0x00000020
core   0: 0x80003354 (0x03ab4ab3) div     s5, s6, s10
core   0: 3 0x80003354 (0x03ab4ab3) x21 0x00000000
core   0: 0x80003358 (0x654eeb13) ori     s6, t4, 1620
core   0: 3 0x80003358 (0x654eeb13) x22 0x00000654
core   0: 0x8000335c (0x0304f3b3) remu    t2, s1, a6
core   0: 3 0x8000335c (0x0304f3b3) x 7 0x00000000
core   0: 0x80003360 (0x11563993) sltiu   s3, a2, 277
core   0: 3 0x80003360 (0x11563993) x19 0x00000000
core   0: 0x80003364 (0x0364d333) divu    t1, s1, s6
core   0: 3 0x80003364 (0x0364d333) x 6 0x00000000
core   0: 0x80003368 (0x0395a0b3) mulhsu  ra, a1, s9
core   0: 3 0x80003368 (0x0395a0b3) x 1 0x00000000
core   0: 0x8000336c (0x0044d113) srli    sp, s1, 4
core   0: 3 0x8000336c (0x0044d113) x 2 0x00000000
core   0: 0x80003370 (0x00348d33) add     s10, s1, gp
core   0: 3 0x80003370 (0x00348d33) x26 0x00000020
core   0: 0x80003374 (0xb0a5e813) ori     a6, a1, -1270
core   0: 3 0x80003374 (0xb0a5e813) x16 0xffffffce
core   0: 0x80003378 (0x007f1e93) slli    t4, t5, 7
core   0: 3 0x80003378 (0x007f1e93) x29 0x00000000
core   0: 0x8000337c (0x009f0db3) add     s11, t5, s1
core   0: 3 0x8000337c (0x009f0db3) x27 0x00000000
core   0: 0x80003380 (0x002d9b13) slli    s6, s11, 2
core   0: 3 0x80003380 (0x002d9b13) x22 0x00000000
core   0: 0x80003384 (0x01a45613) srli    a2, s0, 26
core   0: 3 0x80003384 (0x01a45613) x12 0x00000000
core   0: 0x80003388 (0x02f86fb3) rem     t6, a6, a5
core   0: 3 0x80003388 (0x02f86fb3) x31 0xffffffce
core   0: 0x8000338c (0xb2427c13) andi    s8, tp, -1244
core   0: 3 0x8000338c (0xb2427c13) x24 0xd0600000
core   0: 0x80003390 (0x0271ecb3) rem     s9, gp, t2
core   0: 3 0x80003390 (0x0271ecb3) x25 0x00000020
core   0: 0x80003394 (0x012e47b3) xor     a5, t3, s2
core   0: 3 0x80003394 (0x012e47b3) x15 0x80018cc4
core   0: 0x80003398 (0x024d35b3) mulhu   a1, s10, tp
core   0: 3 0x80003398 (0x024d35b3) x11 0x0000001a
core   0: 0x8000339c (0x03b4fdb3) remu    s11, s1, s11
core   0: 3 0x8000339c (0x03b4fdb3) x27 0x00000000
core   0: 0x800033a0 (0x03d84ab3) div     s5, a6, t4
core   0: 3 0x800033a0 (0x03d84ab3) x21 0xffffffff
core   0: 0x800033a4 (0xf0a47d13) andi    s10, s0, -246
core   0: 3 0x800033a4 (0xf0a47d13) x26 0x00000000
core   0: 0x800033a8 (0x41a35533) sra     a0, t1, s10
core   0: 3 0x800033a8 (0x41a35533) x10 0x00000000
core   0: 0x800033ac (0x8e337d13) andi    s10, t1, -1821
core   0: 3 0x800033ac (0x8e337d13) x26 0x00000000
core   0: 0x800033b0 (0x5a7d8d13) addi    s10, s11, 1447
core   0: 3 0x800033b0 (0x5a7d8d13) x26 0x000005a7
core   0: 0x800033b4 (0x01d8be33) sltu    t3, a7, t4
core   0: 3 0x800033b4 (0x01d8be33) x28 0x00000000
core   0: 0x800033b8 (0x01c67ab3) and     s5, a2, t3
core   0: 3 0x800033b8 (0x01c67ab3) x21 0x00000000
core   0: 0x800033bc (0x031bb233) mulhu   tp, s7, a7
core   0: 3 0x800033bc (0x031bb233) x 4 0x00000000
core   0: 0x800033c0 (0x0eab45b7) lui     a1, 0xeab4
core   0: 3 0x800033c0 (0x0eab45b7) x11 0x0eab4000
core   0: 0x800033c4 (0x1e4ecb93) xori    s7, t4, 484
core   0: 3 0x800033c4 (0x1e4ecb93) x23 0x000001e4
core   0: 0x800033c8 (0xdd887497) auipc   s1, 0xdd887
core   0: 3 0x800033c8 (0xdd887497) x 9 0x5d88a3c8
core   0: 0x800033cc (0x020b8233) mul     tp, s7, zero
core   0: 3 0x800033cc (0x020b8233) x 4 0x00000000
core   0: 0x800033d0 (0x03077bb3) remu    s7, a4, a6
core   0: 3 0x800033d0 (0x03077bb3) x23 0x00000000
core   0: 0x800033d4 (0x41d35bb3) sra     s7, t1, t4
core   0: 3 0x800033d4 (0x41d35bb3) x23 0x00000000
core   0: 0x800033d8 (0x03d1e5b3) rem     a1, gp, t4
core   0: 3 0x800033d8 (0x03d1e5b3) x11 0x00000020
core   0: 0x800033dc (0x032ebbb3) mulhu   s7, t4, s2
core   0: 3 0x800033dc (0x032ebbb3) x23 0x00000000
core   0: 0x800033e0 (0x00ca5e13) srli    t3, s4, 12
core   0: 3 0x800033e0 (0x00ca5e13) x28 0x00080018
core   0: 0x800033e4 (0x0144b333) sltu    t1, s1, s4
core   0: 3 0x800033e4 (0x0144b333) x 6 0x00000001
core   0: 0x800033e8 (0x00c3d033) srl     zero, t2, a2
core   0: 3 0x800033e8 (0x00c3d033)
core   0: 0x800033ec (0x018d1513) slli    a0, s10, 24
core   0: 3 0x800033ec (0x018d1513) x10 0xa7000000
core   0: 0x800033f0 (0x41d580b3) sub     ra, a1, t4
core   0: 3 0x800033f0 (0x41d580b3) x 1 0x00000020
core   0: 0x800033f4 (0x010040b3) xor     ra, zero, a6
core   0: 3 0x800033f4 (0x010040b3) x 1 0xffffffce
core   0: 0x800033f8 (0x41f4de33) sra     t3, s1, t6
core   0: 3 0x800033f8 (0x41f4de33) x28 0x00017622
core   0: 0x800033fc (0x00000013) nop
core   0: 3 0x800033fc (0x00000013)
core   0: 0x80003400 (0x013c9433) sll     s0, s9, s3
core   0: 3 0x80003400 (0x013c9433) x 8 0x00000020
core   0: 0x80003404 (0x035760b3) rem     ra, a4, s5
core   0: 3 0x80003404 (0x035760b3) x 1 0x00000000
core   0: 0x80003408 (0x023d5833) divu    a6, s10, gp
core   0: 3 0x80003408 (0x023d5833) x16 0x0000002d
core   0: 0x8000340c (0x004a81b3) add     gp, s5, tp
core   0: 3 0x8000340c (0x004a81b3) x 3 0x00000000
core   0: 0x80003410 (0x00ac4833) xor     a6, s8, a0
core   0: 3 0x80003410 (0x00ac4833) x16 0x77600000
core   0: 0x80003414 (0x41aa4213) xori    tp, s4, 1050
core   0: 3 0x80003414 (0x41aa4213) x 4 0x800188fe
core   0: 0x80003418 (0x40fa8db3) sub     s11, s5, a5
core   0: 3 0x80003418 (0x40fa8db3) x27 0x7ffe733c
core   0: 0x8000341c (0x0118d113) srli    sp, a7, 17
core   0: 3 0x8000341c (0x0118d113) x 2 0x00000683
core   0: 0x80003420 (0x00515eb3) srl     t4, sp, t0
core   0: 3 0x80003420 (0x00515eb3) x29 0x00000068
core   0: 0x80003424 (0x02768bb3) mul     s7, a3, t2
core   0: 3 0x80003424 (0x02768bb3) x23 0x00000000
core   0: 0x80003428 (0x00d7cab3) xor     s5, a5, a3
core   0: 3 0x80003428 (0x00d7cab3) x21 0x3f18f64a
core   0: 0x8000342c (0x00e4b9b3) sltu    s3, s1, a4
core   0: 3 0x8000342c (0x00e4b9b3) x19 0x00000000
core   0: 0x80003430 (0x3f0ddeb7) lui     t4, 0x3f0dd
core   0: 3 0x80003430 (0x3f0ddeb7) x29 0x3f0dd000
core   0: 0x80003434 (0x7de9bd93) sltiu   s11, s3, 2014
core   0: 3 0x80003434 (0x7de9bd93) x27 0x00000001
core   0: 0x80003438 (0x031ce5b3) rem     a1, s9, a7
core   0: 3 0x80003438 (0x031ce5b3) x11 0x00000020
core   0: 0x8000343c (0x01b4dd33) srl     s10, s1, s11
core   0: 3 0x8000343c (0x01b4dd33) x26 0x2ec451e4
core   0: 0x80003440 (0x028a6ab3) rem     s5, s4, s0
core   0: 3 0x80003440 (0x028a6ab3) x21 0xffffffe4
core   0: 0x80003444 (0x25b3c093) xori    ra, t2, 603
core   0: 3 0x80003444 (0x25b3c093) x 1 0x0000025b
core   0: 0x80003448 (0x00bdb233) sltu    tp, s11, a1
core   0: 3 0x80003448 (0x00bdb233) x 4 0x00000001
core   0: 0x8000344c (0x01355d33) srl     s10, a0, s3
core   0: 3 0x8000344c (0x01355d33) x26 0xa7000000
core   0: 0x80003450 (0x037aa0b3) mulhsu  ra, s5, s7
core   0: 3 0x80003450 (0x037aa0b3) x 1 0x00000000
core   0: 0x80003454 (0x036e4733) div     a4, t3, s6
core   0: 3 0x80003454 (0x036e4733) x14 0xffffffff
core   0: 0x80003458 (0x322d8813) addi    a6, s11, 802
core   0: 3 0x80003458 (0x322d8813) x16 0x00000323
core   0: 0x8000345c (0x01d19b93) slli    s7, gp, 29
core   0: 3 0x8000345c (0x01d19b93) x23 0x00000000
core   0: 0x80003460 (0x0355d8b3) divu    a7, a1, s5
core   0: 3 0x80003460 (0x0355d8b3) x17 0x00000000
core   0: 0x80003464 (0x0037de93) srli    t4, a5, 3
core   0: 3 0x80003464 (0x0037de93) x29 0x10003198
core   0: 0x80003468 (0x5203b493) sltiu   s1, t2, 1312
core   0: 3 0x80003468 (0x5203b493) x 9 0x00000001
core   0: 0x8000346c (0x38d36313) ori     t1, t1, 909
core   0: 3 0x8000346c (0x38d36313) x 6 0x0000038d
core   0: 0x80003470 (0x02e7dbb3) divu    s7, a5, a4
core   0: 3 0x80003470 (0x02e7dbb3) x23 0x00000000
core   0: 0x80003474 (0x01b28ab3) add     s5, t0, s11
core   0: 3 0x80003474 (0x01b28ab3) x21 0x80014e65
core   0: 0x80003478 (0x01fbb8b3) sltu    a7, s7, t6
core   0: 3 0x80003478 (0x01fbb8b3) x17 0x00000001
core   0: 0x8000347c (0x01007ab3) and     s5, zero, a6
core   0: 3 0x8000347c (0x01007ab3) x21 0x00000000
core   0: 0x80003480 (0x403f0233) sub     tp, t5, gp
core   0: 3 0x80003480 (0x403f0233) x 4 0x00000000
core   0: 0x80003484 (0x01b7b733) sltu    a4, a5, s11
core   0: 3 0x80003484 (0x01b7b733) x14 0x00000000
core   0: 0x80003488 (0xad5d7393) andi    t2, s10, -1323
core   0: 3 0x80003488 (0xad5d7393) x 7 0xa7000000
core   0: 0x8000348c (0x01eccdb3) xor     s11, s9, t5
core   0: 3 0x8000348c (0x01eccdb3) x27 0x00000020
core   0: 0x80003490 (0x037ce7b3) rem     a5, s9, s7
core   0: 3 0x80003490 (0x037ce7b3) x15 0x00000020
core   0: 0x80003494 (0x9d28b3b7) lui     t2, 0x9d28b
core   0: 3 0x80003494 (0x9d28b3b7) x 7 0x9d28b000
core   0: 0x80003498 (0x49678b13) addi    s6, a5, 1174
core   0: 3 0x80003498 (0x49678b13) x22 0x000004b6
core   0: 0x8000349c (0x7dbce793) ori     a5, s9, 2011
core   0: 3 0x8000349c (0x7dbce793) x15 0x000007fb
core   0: 0x800034a0 (0x02c37733) remu    a4, t1, a2
core   0: 3 0x800034a0 (0x02c37733) x14 0x0000038d
core   0: 0x800034a4 (0x02e3ce33) div     t3, t2, a4
core   0: 3 0x800034a4 (0x02e3ce33) x28 0xffe429e0
core   0: 0x800034a8 (0xc8653393) sltiu   t2, a0, -890
core   0: 3 0x800034a8 (0xc8653393) x 7 0x00000001
core   0: 0x800034ac (0x01fd4233) xor     tp, s10, t6
core   0: 3 0x800034ac (0x01fd4233) x 4 0x58ffffce
core   0: 0x800034b0 (0x016cc533) xor     a0, s9, s6
core   0: 3 0x800034b0 (0x016cc533) x10 0x00000496
core   0: 0x800034b4 (0x01d1bb33) sltu    s6, gp, t4
core   0: 3 0x800034b4 (0x01d1bb33) x22 0x00000001
core   0: 0x800034b8 (0x026c3b33) mulhu   s6, s8, t1
core   0: 3 0x800034b8 (0x026c3b33) x22 0x000002e3
core   0: 0x800034bc (0x02d5dcb3) divu    s9, a1, a3
core   0: 3 0x800034bc (0x02d5dcb3) x25 0x00000000
core   0: 0x800034c0 (0x03919fb3) mulh    t6, gp, s9
core   0: 3 0x800034c0 (0x03919fb3) x31 0x00000000
core   0: 0x800034c4 (0x5cd37f13) andi    t5, t1, 1485
core   0: 3 0x800034c4 (0x5cd37f13) x30 0x0000018d
core   0: 0x800034c8 (0xd95f6e97) auipc   t4, 0xd95f6
core   0: 3 0x800034c8 (0xd95f6e97) x29 0x595f94c8
core   0: 0x800034cc (0x2ac4fc13) andi    s8, s1, 684
core   0: 3 0x800034cc (0x2ac4fc13) x24 0x00000000
core   0: 0x800034d0 (0x01baf9b3) and     s3, s5, s11
core   0: 3 0x800034d0 (0x01baf9b3) x19 0x00000000
core   0: 0x800034d4 (0x5e91a213) slti    tp, gp, 1513
core   0: 3 0x800034d4 (0x5e91a213) x 4 0x00000001
core   0: 0x800034d8 (0x38216e13) ori     t3, sp, 898
core   0: 3 0x800034d8 (0x38216e13) x28 0x00000783
core   0: 0x800034dc (0x40d45833) sra     a6, s0, a3
core   0: 3 0x800034dc (0x40d45833) x16 0x00000000
core   0: 0x800034e0 (0x00204033) xor     zero, zero, sp
core   0: 3 0x800034e0 (0x00204033)
core   0: 0x800034e4 (0x01df1bb3) sll     s7, t5, t4
core   0: 3 0x800034e4 (0x01df1bb3) x23 0x00018d00
core   0: 0x800034e8 (0x039ad233) divu    tp, s5, s9
core   0: 3 0x800034e8 (0x039ad233) x 4 0xffffffff
core   0: 0x800034ec (0x00000013) nop
core   0: 3 0x800034ec (0x00000013)
core   0: 0x800034f0 (0x38648e13) addi    t3, s1, 902
core   0: 3 0x800034f0 (0x38648e13) x28 0x00000387
core   0: 0x800034f4 (0x829ff393) andi    t2, t6, -2007
core   0: 3 0x800034f4 (0x829ff393) x 7 0x00000000
core   0: 0x800034f8 (0x4db2af93) slti    t6, t0, 1243
core   0: 3 0x800034f8 (0x4db2af93) x31 0x00000001
core   0: 0x800034fc (0x001cf5b3) and     a1, s9, ra
core   0: 3 0x800034fc (0x001cf5b3) x11 0x00000000
core   0: 0x80003500 (0x0081f9b3) and     s3, gp, s0
core   0: 3 0x80003500 (0x0081f9b3) x19 0x00000000
core   0: 0x80003504 (0x01295e13) srli    t3, s2, 18
core   0: 3 0x80003504 (0x01295e13) x28 0x00002000
core   0: 0x80003508 (0x131daa93) slti    s5, s11, 305
core   0: 3 0x80003508 (0x131daa93) x21 0x00000001
core   0: 0x8000350c (0xdd7d8013) addi    zero, s11, -553
core   0: 3 0x8000350c (0xdd7d8013)
core   0: 0x80003510 (0xcd400893) li      a7, -812
core   0: 3 0x80003510 (0xcd400893) x17 0xfffffcd4
core   0: 0x80003514 (0x023877b3) remu    a5, a6, gp
core   0: 3 0x80003514 (0x023877b3) x15 0x00000000
core   0: 0x80003518 (0x01e00933) add     s2, zero, t5
core   0: 3 0x80003518 (0x01e00933) x18 0x0000018d
core   0: 0x8000351c (0x03c68db3) mul     s11, a3, t3
core   0: 3 0x8000351c (0x03c68db3) x27 0x2f51c000
core   0: 0x80003520 (0x40ae5d13) srai    s10, t3, 10
core   0: 3 0x80003520 (0x40ae5d13) x26 0x00000008
core   0: 0x80003524 (0x18909797) auipc   a5, 0x18909
core   0: 3 0x80003524 (0x18909797) x15 0x9890c524
core   0: 0x80003528 (0x00000013) nop
core   0: 3 0x80003528 (0x00000013)
core   0: 0x8000352c (0xac43f913) andi    s2, t2, -1340
core   0: 3 0x8000352c (0xac43f913) x18 0x00000000
core   0: 0x80003530 (0xe1727e17) auipc   t3, 0xe1727
core   0: 3 0x80003530 (0xe1727e17) x28 0x6172a530
core   0: 0x80003534 (0x00df1713) slli    a4, t5, 13
core   0: 3 0x80003534 (0x00df1713) x14 0x0031a000
core   0: 0x80003538 (0x4086d833) sra     a6, a3, s0
core   0: 3 0x80003538 (0x4086d833) x16 0xbf197a8e
core   0: 0x8000353c (0x0003f1b3) and     gp, t2, zero
core   0: 3 0x8000353c (0x0003f1b3) x 3 0x00000000
core   0: 0x80003540 (0xcc203393) sltiu   t2, zero, -830
core   0: 3 0x80003540 (0xcc203393) x 7 0x00000001
core   0: 0x80003544 (0x0173c833) xor     a6, t2, s7
core   0: 3 0x80003544 (0x0173c833) x16 0x00018d01
core   0: 0x80003548 (0x41af5d33) sra     s10, t5, s10
core   0: 3 0x80003548 (0x41af5d33) x26 0x00000001
core   0: 0x8000354c (0xa5852a93) slti    s5, a0, -1448
core   0: 3 0x8000354c (0xa5852a93) x21 0x00000000
core   0: 0x80003550 (0x011ad893) srli    a7, s5, 17
core   0: 3 0x80003550 (0x011ad893) x17 0x00000000
core   0: 0x80003554 (0x4139de13) srai    t3, s3, 19
core   0: 3 0x80003554 (0x4139de13) x28 0x00000000
core   0: 0x80003558 (0x00000013) nop
core   0: 3 0x80003558 (0x00000013)
core   0: 0x8000355c (0x8f9c3e93) sltiu   t4, s8, -1799
core   0: 3 0x8000355c (0x8f9c3e93) x29 0x00000001
core   0: 0x80003560 (0x0110b133) sltu    sp, ra, a7
core   0: 3 0x80003560 (0x0110b133) x 2 0x00000000
core   0: 0x80003564 (0x031348b3) div     a7, t1, a7
core   0: 3 0x80003564 (0x031348b3) x17 0xffffffff
core   0: 0x80003568 (0x03ca2eb3) mulhsu  t4, s4, t3
core   0: 3 0x80003568 (0x03ca2eb3) x29 0x00000000
core   0: 0x8000356c (0x00000013) nop
core   0: 3 0x8000356c (0x00000013)
core   0: 0x80003570 (0x41245b13) srai    s6, s0, 18
core   0: 3 0x80003570 (0x41245b13) x22 0x00000000
core   0: 0x80003574 (0xb5c27393) andi    t2, tp, -1188
core   0: 3 0x80003574 (0xb5c27393) x 7 0xfffffb5c
core   0: 0x80003578 (0x0ac5bab7) lui     s5, 0xac5b
core   0: 3 0x80003578 (0x0ac5bab7) x21 0x0ac5b000
core   0: 0x8000357c (0x00fbe133) or      sp, s7, a5
core   0: 3 0x8000357c (0x00fbe133) x 2 0x9891cd24
core   0: 0x80003580 (0x405cd7b3) sra     a5, s9, t0
core   0: 3 0x80003580 (0x405cd7b3) x15 0x00000000
core   0: 0x80003584 (0xabc3bb17) auipc   s6, 0xabc3b
core   0: 3 0x80003584 (0xabc3bb17) x22 0x2bc3e584
core   0: 0x80003588 (0x00f8f533) and     a0, a7, a5
core   0: 3 0x80003588 (0x00f8f533) x10 0x00000000
core   0: 0x8000358c (0x02c01933) mulh    s2, zero, a2
core   0: 3 0x8000358c (0x02c01933) x18 0x00000000
core   0: 0x80003590 (0x017acb33) xor     s6, s5, s7
core   0: 3 0x80003590 (0x017acb33) x22 0x0ac43d00
core   0: 0x80003594 (0x40955b13) srai    s6, a0, 9
core   0: 3 0x80003594 (0x40955b13) x22 0x00000000
core   0: 0x80003598 (0x0066ecb3) or      s9, a3, t1
core   0: 3 0x80003598 (0x0066ecb3) x25 0xbf197b8f
core   0: 0x8000359c (0xa024fc13) andi    s8, s1, -1534
core   0: 3 0x8000359c (0xa024fc13) x24 0x00000000
core   0: 0x800035a0 (0x03c76b33) rem     s6, a4, t3
core   0: 3 0x800035a0 (0x03c76b33) x22 0x0031a000
core   0: 0x800035a4 (0x031ed133) divu    sp, t4, a7
core   0: 3 0x800035a4 (0x031ed133) x 2 0x00000000
core   0: 0x800035a8 (0xb0a7c793) xori    a5, a5, -1270
core   0: 3 0x800035a8 (0xb0a7c793) x15 0xfffffb0a
core   0: 0x800035ac (0x0358a8b3) mulhsu  a7, a7, s5
core   0: 3 0x800035ac (0x0358a8b3) x17 0xffffffff
core   0: 0x800035b0 (0x41025413) srai    s0, tp, 16
core   0: 3 0x800035b0 (0x41025413) x 8 0xffffffff
core   0: 0x800035b4 (0x00a6da93) srli    s5, a3, 10
core   0: 3 0x800035b4 (0x00a6da93) x21 0x002fc65e
core   0: 0x800035b8 (0x5c00cd17) auipc   s10, 0x5c00c
core   0: 3 0x800035b8 (0x5c00cd17) x26 0xdc00f5b8
core   0: 0x800035bc (0x009f8ab3) add     s5, t6, s1
core   0: 3 0x800035bc (0x009f8ab3) x21 0x00000002
core   0: 0x800035c0 (0x3b916893) ori     a7, sp, 953
core   0: 3 0x800035c0 (0x3b916893) x17 0x000003b9
core   0: 0x800035c4 (0x013bdab3) srl     s5, s7, s3
core   0: 3 0x800035c4 (0x013bdab3) x21 0x00018d00
core   0: 0x800035c8 (0x1f44bf13) sltiu   t5, s1, 500
core   0: 3 0x800035c8 (0x1f44bf13) x30 0x00000001
core   0: 0x800035cc (0x002b4533) xor     a0, s6, sp
core   0: 3 0x800035cc (0x002b4533) x10 0x0031a000
core   0: 0x800035d0 (0x34e1b597) auipc   a1, 0x34e1b
core   0: 3 0x800035d0 (0x34e1b597) x11 0xb4e1e5d0
core   0: 0x800035d4 (0x01924033) xor     zero, tp, s9
core   0: 3 0x800035d4 (0x01924033)
core   0: 0x800035d8 (0x013fd8b3) srl     a7, t6, s3
core   0: 3 0x800035d8 (0x013fd8b3) x17 0x00000001
core   0: 0x800035dc (0x014bdc93) srli    s9, s7, 20
core   0: 3 0x800035dc (0x014bdc93) x25 0x00000000
core   0: 0x800035e0 (0x032a4633) div     a2, s4, s2
core   0: 3 0x800035e0 (0x032a4633) x12 0xffffffff
core   0: 0x800035e4 (0x02087833) remu    a6, a6, zero
core   0: 3 0x800035e4 (0x02087833) x16 0x00018d01
core   0: 0x800035e8 (0xff15ea93) ori     s5, a1, -15
core   0: 3 0x800035e8 (0xff15ea93) x21 0xfffffff1
core   0: 0x800035ec (0x41a85033) sra     zero, a6, s10
core   0: 3 0x800035ec (0x41a85033)
core   0: 0x800035f0 (0x000574b3) and     s1, a0, zero
core   0: 3 0x800035f0 (0x000574b3) x 9 0x00000000
core   0: 0x800035f4 (0xcfa51db7) lui     s11, 0xcfa51
core   0: 3 0x800035f4 (0xcfa51db7) x27 0xcfa51000
core   0: 0x800035f8 (0x00370133) add     sp, a4, gp
core   0: 3 0x800035f8 (0x00370133) x 2 0x0031a000
core   0: 0x800035fc (0x027cd8b3) divu    a7, s9, t2
core   0: 3 0x800035fc (0x027cd8b3) x17 0x00000000
core   0: 0x80003600 (0x0306fd33) remu    s10, a3, a6
core   0: 3 0x80003600 (0x0306fd33) x26 0x00000d54
core   0: 0x80003604 (0x02c10733) mul     a4, sp, a2
core   0: 3 0x80003604 (0x02c10733) x14 0xffce6000
core   0: 0x80003608 (0xb782cc13) xori    s8, t0, -1160
core   0: 3 0x80003608 (0xb782cc13) x24 0x7ffeb51c
core   0: 0x8000360c (0x03fe7b33) remu    s6, t3, t6
core   0: 3 0x8000360c (0x03fe7b33) x22 0x00000000
core   0: 0x80003610 (0x47adbe13) sltiu   t3, s11, 1146
core   0: 3 0x80003610 (0x47adbe13) x28 0x00000000
core   0: 0x80003614 (0x494c4517) auipc   a0, 0x494c4
core   0: 3 0x80003614 (0x494c4517) x10 0xc94c7614
core   0: 0x80003618 (0x03c1f4b3) remu    s1, gp, t3
core   0: 3 0x80003618 (0x03c1f4b3) x 9 0x00000000
core   0: 0x8000361c (0x4127d933) sra     s2, a5, s2
core   0: 3 0x8000361c (0x4127d933) x18 0xfffffb0a
core   0: 0x80003620 (0x012508b3) add     a7, a0, s2
core   0: 3 0x80003620 (0x012508b3) x17 0xc94c711e
core   0: 0x80003624 (0x0388e633) rem     a2, a7, s8
core   0: 3 0x80003624 (0x0388e633) x12 0xc94c711e
core   0: 0x80003628 (0x00c69913) slli    s2, a3, 12
core   0: 3 0x80003628 (0x00c69913) x18 0x97a8e000
core   0: 0x8000362c (0x017de133) or      sp, s11, s7
core   0: 3 0x8000362c (0x017de133) x 2 0xcfa59d00
core   0: 0x80003630 (0x414e5713) srai    a4, t3, 20
core   0: 3 0x80003630 (0x414e5713) x14 0x00000000
core   0: 0x80003634 (0x414f8e33) sub     t3, t6, s4
core   0: 3 0x80003634 (0x414f8e33) x28 0x7ffe731d
core   0: 0x80003638 (0x41c750b3) sra     ra, a4, t3
core   0: 3 0x80003638 (0x41c750b3) x 1 0x00000000
core   0: 0x8000363c (0x33c17093) andi    ra, sp, 828
core   0: 3 0x8000363c (0x33c17093) x 1 0x00000100
core   0: 0x80003640 (0x00833b33) sltu    s6, t1, s0
core   0: 3 0x80003640 (0x00833b33) x22 0x00000001
core   0: 0x80003644 (0x018fceb3) xor     t4, t6, s8
core   0: 3 0x80003644 (0x018fceb3) x29 0x7ffeb51d
core   0: 0x80003648 (0x9d65ac93) slti    s9, a1, -1578
core   0: 3 0x80003648 (0x9d65ac93) x25 0x00000001
core   0: 0x8000364c (0x014808b3) add     a7, a6, s4
core   0: 3 0x8000364c (0x014808b3) x17 0x800319e5
core   0: 0x80003650 (0x035600b3) mul     ra, a2, s5
core   0: 3 0x80003650 (0x035600b3) x 1 0x34855f3e
core   0: 0x80003654 (0x028b01b3) mul     gp, s6, s0
core   0: 3 0x80003654 (0x028b01b3) x 3 0xffffffff
core   0: 0x80003658 (0x40300db3) sub     s11, zero, gp
core   0: 3 0x80003658 (0x40300db3) x27 0x00000001
core   0: 0x8000365c (0x40d55533) sra     a0, a0, a3
core   0: 3 0x8000365c (0x40d55533) x10 0xffff2531
core   0: 0x80003660 (0x0004a933) slt     s2, s1, zero
core   0: 3 0x80003660 (0x0004a933) x18 0x00000000
core   0: 0x80003664 (0x3cf66e13) ori     t3, a2, 975
core   0: 3 0x80003664 (0x3cf66e13) x28 0xc94c73df
core   0: 0x80003668 (0x01a41413) slli    s0, s0, 26
core   0: 3 0x80003668 (0x01a41413) x 8 0xfc000000
core   0: 0x8000366c (0x41e60233) sub     tp, a2, t5
core   0: 3 0x8000366c (0x41e60233) x 4 0xc94c711d
core   0: 0x80003670 (0x005f7db3) and     s11, t5, t0
core   0: 3 0x80003670 (0x005f7db3) x27 0x00000000
core   0: 0x80003674 (0xbb9d0e13) addi    t3, s10, -1095
core   0: 3 0x80003674 (0xbb9d0e13) x28 0x0000090d
core   0: 0x80003678 (0x029184b3) mul     s1, gp, s1
core   0: 3 0x80003678 (0x029184b3) x 9 0x00000000
core   0: 0x8000367c (0xf5db0893) addi    a7, s6, -163
core   0: 3 0x8000367c (0xf5db0893) x17 0xffffff5e
core   0: 0x80003680 (0x001fa733) slt     a4, t6, ra
core   0: 3 0x80003680 (0x001fa733) x14 0x00000001
core   0: 0x80003684 (0xe839b613) sltiu   a2, s3, -381
core   0: 3 0x80003684 (0xe839b613) x12 0x00000001
core   0: 0x80003688 (0x037aecb3) rem     s9, s5, s7
core   0: 3 0x80003688 (0x037aecb3) x25 0xfffffff1
core   0: 0x8000368c (0x0018cf33) xor     t5, a7, ra
core   0: 3 0x8000368c (0x0018cf33) x30 0xcb7aa060
core   0: 0x80003690 (0xf839b117) auipc   sp, 0xf839b
core   0: 3 0x80003690 (0xf839b117) x 2 0x7839e690
core   0: 0x80003694 (0x4258cc13) xori    s8, a7, 1061
core   0: 3 0x80003694 (0x4258cc13) x24 0xfffffb7b
core   0: 0x80003698 (0x013010b3) sll     ra, zero, s3
core   0: 3 0x80003698 (0x013010b3) x 1 0x00000000
core   0: 0x8000369c (0x01039893) slli    a7, t2, 16
core   0: 3 0x8000369c (0x01039893) x17 0xfb5c0000
core   0: 0x800036a0 (0x03cf90b3) mulh    ra, t6, t3
core   0: 3 0x800036a0 (0x03cf90b3) x 1 0x00000000
core   0: 0x800036a4 (0x02f08d33) mul     s10, ra, a5
core   0: 3 0x800036a4 (0x02f08d33) x26 0x00000000
core   0: 0x800036a8 (0x01255eb3) srl     t4, a0, s2
core   0: 3 0x800036a8 (0x01255eb3) x29 0xffff2531
core   0: 0x800036ac (0x035f5633) divu    a2, t5, s5
core   0: 3 0x800036ac (0x035f5633) x12 0x00000000
core   0: 0x800036b0 (0x403b8433) sub     s0, s7, gp
core   0: 3 0x800036b0 (0x403b8433) x 8 0x00018d01
core   0: 0x800036b4 (0x02088933) mul     s2, a7, zero
core   0: 3 0x800036b4 (0x02088933) x18 0x00000000
core   0: 0x800036b8 (0x03a89833) mulh    a6, a7, s10
core   0: 3 0x800036b8 (0x03a89833) x16 0x00000000
core   0: 0x800036bc (0xdeaf4797) auipc   a5, 0xdeaf4
core   0: 3 0x800036bc (0xdeaf4797) x15 0x5eaf76bc
core   0: 0x800036c0 (0x02a958b3) divu    a7, s2, a0
core   0: 3 0x800036c0 (0x02a958b3) x17 0x00000000
core   0: 0x800036c4 (0x00691313) slli    t1, s2, 6
core   0: 3 0x800036c4 (0x00691313) x 6 0x00000000
core   0: 0x800036c8 (0x0285eeb3) rem     t4, a1, s0
core   0: 3 0x800036c8 (0x0285eeb3) x29 0xffffc640
core   0: 0x800036cc (0x00fd1913) slli    s2, s10, 15
core   0: 3 0x800036cc (0x00fd1913) x18 0x00000000
core   0: 0x800036d0 (0xd7a41d17) auipc   s10, 0xd7a41
core   0: 3 0x800036d0 (0xd7a41d17) x26 0x57a446d0
core   0: 0x800036d4 (0x0139dc13) srli    s8, s3, 19
core   0: 3 0x800036d4 (0x0139dc13) x24 0x00000000
core   0: 0x800036d8 (0x15a2cd13) xori    s10, t0, 346
core   0: 3 0x800036d8 (0x15a2cd13) x26 0x80014f3e
core   0: 0x800036dc (0x01e57333) and     t1, a0, t5
core   0: 3 0x800036dc (0x01e57333) x 6 0xcb7a2020
core   0: 0x800036e0 (0x0377eb33) rem     s6, a5, s7
core   0: 3 0x800036e0 (0x0377eb33) x22 0x0000c0bc
core   0: 0x800036e4 (0x412bd813) srai    a6, s7, 18
core   0: 3 0x800036e4 (0x412bd813) x16 0x00000000
core   0: 0x800036e8 (0x008be233) or      tp, s7, s0
core   0: 3 0x800036e8 (0x008be233) x 4 0x00018d01
core   0: 0x800036ec (0x02cdd9b3) divu    s3, s11, a2
core   0: 3 0x800036ec (0x02cdd9b3) x19 0xffffffff
core   0: 0x800036f0 (0x03e9b733) mulhu   a4, s3, t5
core   0: 3 0x800036f0 (0x03e9b733) x14 0xcb7aa05f
core   0: 0x800036f4 (0x41cd0233) sub     tp, s10, t3
core   0: 3 0x800036f4 (0x41cd0233) x 4 0x80014631
core   0: 0x800036f8 (0x03df6233) rem     tp, t5, t4
core   0: 3 0x800036f8 (0x03df6233) x 4 0xffffffe0
core   0: 0x800036fc (0x03363333) mulhu   t1, a2, s3
core   0: 3 0x800036fc (0x03363333) x 6 0x00000000
core   0: 0x80003700 (0x00000013) nop
core   0: 3 0x80003700 (0x00000013)
core   0: 0x80003704 (0x03567833) remu    a6, a2, s5
core   0: 3 0x80003704 (0x03567833) x16 0x00000000
core   0: 0x80003708 (0x00e8d813) srli    a6, a7, 14
core   0: 3 0x80003708 (0x00e8d813) x16 0x00000000
core   0: 0x8000370c (0x00000013) nop
core   0: 3 0x8000370c (0x00000013)
core   0: 0x80003710 (0x41105c33) sra     s8, zero, a7
core   0: 3 0x80003710 (0x41105c33) x24 0x00000000
core   0: 0x80003714 (0x02836333) rem     t1, t1, s0
core   0: 3 0x80003714 (0x02836333) x 6 0x00000000
core   0: 0x80003718 (0x007d74b3) and     s1, s10, t2
core   0: 3 0x80003718 (0x007d74b3) x 9 0x80014b1c
core   0: 0x8000371c (0x03c515b3) mulh    a1, a0, t3
core   0: 3 0x8000371c (0x03c515b3) x11 0xffffffff
core   0: 0x80003720 (0xe26e4717) auipc   a4, 0xe26e4
core   0: 3 0x80003720 (0xe26e4717) x14 0x626e7720
core   0: 0x80003724 (0x00859413) slli    s0, a1, 8
core   0: 3 0x80003724 (0x00859413) x 8 0xffffff00
core   0: 0x80003728 (0x026be833) rem     a6, s7, t1
core   0: 3 0x80003728 (0x026be833) x16 0x00018d00
core   0: 0x8000372c (0x00cb7ab3) and     s5, s6, a2
core   0: 3 0x8000372c (0x00cb7ab3) x21 0x00000000
core   0: 0x80003730 (0x01aa04b3) add     s1, s4, s10
core   0: 3 0x80003730 (0x01aa04b3) x 9 0x0002dc22
core   0: 0x80003734 (0x0194a733) slt     a4, s1, s9
core   0: 3 0x80003734 (0x0194a733) x14 0x00000000
core   0: 0x80003738 (0x41860633) sub     a2, a2, s8
core   0: 3 0x80003738 (0x41860633) x12 0x00000000
core   0: 0x8000373c (0xac113eb7) lui     t4, 0xac113
core   0: 3 0x8000373c (0xac113eb7) x29 0xac113000
core   0: 0x80003740 (0x01e3c0b3) xor     ra, t2, t5
core   0: 3 0x80003740 (0x01e3c0b3) x 1 0x34855b3c
core   0: 0x80003744 (0x9009c993) xori    s3, s3, -1792
core   0: 3 0x80003744 (0x9009c993) x19 0x000006ff
core   0: 0x80003748 (0x01257ab3) and     s5, a0, s2
core   0: 3 0x80003748 (0x01257ab3) x21 0x00000000
core   0: 0x8000374c (0x2536a213) slti    tp, a3, 595
core   0: 3 0x8000374c (0x2536a213) x 4 0x00000001
core   0: 0x80003750 (0x0c998d13) addi    s10, s3, 201
core   0: 3 0x80003750 (0x0c998d13) x26 0x000007c8
core   0: 0x80003754 (0x02836e33) rem     t3, t1, s0
core   0: 3 0x80003754 (0x02836e33) x28 0x00000000
core   0: 0x80003758 (0x00cd88b3) add     a7, s11, a2
core   0: 3 0x80003758 (0x00cd88b3) x17 0x00000000
core   0: 0x8000375c (0x03a20b33) mul     s6, tp, s10
core   0: 3 0x8000375c (0x03a20b33) x22 0x000007c8
core   0: 0x80003760 (0x0195df93) srli    t6, a1, 25
core   0: 3 0x80003760 (0x0195df93) x31 0x0000007f
core   0: 0x80003764 (0x00899613) slli    a2, s3, 8
core   0: 3 0x80003764 (0x00899613) x12 0x0006ff00
core   0: 0x80003768 (0x0a208ab7) lui     s5, 0xa208
core   0: 3 0x80003768 (0x0a208ab7) x21 0x0a208000
core   0: 0x8000376c (0x51b6c593) xori    a1, a3, 1307
core   0: 3 0x8000376c (0x51b6c593) x11 0xbf197f95
core   0: 0x80003770 (0x021779b3) remu    s3, a4, ra
core   0: 3 0x80003770 (0x021779b3) x19 0x00000000
core   0: 0x80003774 (0x00ee3ab3) sltu    s5, t3, a4
core   0: 3 0x80003774 (0x00ee3ab3) x21 0x00000000
core   0: 0x80003778 (0x008d1393) slli    t2, s10, 8
core   0: 3 0x80003778 (0x008d1393) x 7 0x0007c800
core   0: 0x8000377c (0x41d25f13) srai    t5, tp, 29
core   0: 3 0x8000377c (0x41d25f13) x30 0x00000000
core   0: 0x80003780 (0x01c64333) xor     t1, a2, t3
core   0: 3 0x80003780 (0x01c64333) x 6 0x0006ff00
core   0: 0x80003784 (0x01a5a0b3) slt     ra, a1, s10
core   0: 3 0x80003784 (0x01a5a0b3) x 1 0x00000001
core   0: 0x80003788 (0x03d8c8b3) div     a7, a7, t4
core   0: 3 0x80003788 (0x03d8c8b3) x17 0x00000000
core   0: 0x8000378c (0x02404cb3) div     s9, zero, tp
core   0: 3 0x8000378c (0x02404cb3) x25 0x00000000
core   0: 0x80003790 (0x008b79b3) and     s3, s6, s0
core   0: 3 0x80003790 (0x008b79b3) x19 0x00000700
core   0: 0x80003794 (0x0112d213) srli    tp, t0, 17
core   0: 3 0x80003794 (0x0112d213) x 4 0x00004000
core   0: 0x80003798 (0x00debab3) sltu    s5, t4, a3
core   0: 3 0x80003798 (0x00debab3) x21 0x00000001
core   0: 0x8000379c (0x02e33833) mulhu   a6, t1, a4
core   0: 3 0x8000379c (0x02e33833) x16 0x00000000
core   0: 0x800037a0 (0x00eb3d33) sltu    s10, s6, a4
core   0: 3 0x800037a0 (0x00eb3d33) x26 0x00000000
core   0: 0x800037a4 (0x02a800b3) mul     ra, a6, a0
core   0: 3 0x800037a4 (0x02a800b3) x 1 0x00000000
core   0: 0x800037a8 (0x02e0d933) divu    s2, ra, a4
core   0: 3 0x800037a8 (0x02e0d933) x18 0xffffffff
core   0: 0x800037ac (0x0292e933) rem     s2, t0, s1
core   0: 3 0x800037ac (0x0292e933) x18 0xffff1c06
core   0: 0x800037b0 (0x03a4ebb3) rem     s7, s1, s10
core   0: 3 0x800037b0 (0x03a4ebb3) x23 0x0002dc22
core   0: 0x800037b4 (0x01dd39b3) sltu    s3, s10, t4
core   0: 3 0x800037b4 (0x01dd39b3) x19 0x00000001
core   0: 0x800037b8 (0x7b5475b7) lui     a1, 0x7b547
core   0: 3 0x800037b8 (0x7b5475b7) x11 0x7b547000
core   0: 0x800037bc (0x0381c133) div     sp, gp, s8
core   0: 3 0x800037bc (0x0381c133) x 2 0xffffffff
core   0: 0x800037c0 (0x02e82933) mulhsu  s2, a6, a4
core   0: 3 0x800037c0 (0x02e82933) x18 0x00000000
core   0: 0x800037c4 (0x01cad633) srl     a2, s5, t3
core   0: 3 0x800037c4 (0x01cad633) x12 0x00000001
core   0: 0x800037c8 (0x028c3033) mulhu   zero, s8, s0
core   0: 3 0x800037c8 (0x028c3033)
core   0: 0x800037cc (0x0227f233) remu    tp, a5, sp
core   0: 3 0x800037cc (0x0227f233) x 4 0x5eaf76bc
core   0: 0x800037d0 (0x006fe533) or      a0, t6, t1
core   0: 3 0x800037d0 (0x006fe533) x10 0x0006ff7f
core   0: 0x800037d4 (0x02cd7833) remu    a6, s10, a2
core   0: 3 0x800037d4 (0x02cd7833) x16 0x00000000
core   0: 0x800037d8 (0x0136e133) or      sp, a3, s3
core   0: 3 0x800037d8 (0x0136e133) x 2 0xbf197a8f
core   0: 0x800037dc (0x4008d193) srai    gp, a7, 0
core   0: 3 0x800037dc (0x4008d193) x 3 0x00000000
core   0: 0x800037e0 (0x6464a713) slti    a4, s1, 1606
core   0: 3 0x800037e0 (0x6464a713) x14 0x00000000
core   0: 0x800037e4 (0x018a4333) xor     t1, s4, s8
core   0: 3 0x800037e4 (0x018a4333) x 6 0x80018ce4
core   0: 0x800037e8 (0x007dac33) slt     s8, s11, t2
core   0: 3 0x800037e8 (0x007dac33) x24 0x00000001
core   0: 0x800037ec (0x034955b3) divu    a1, s2, s4
core   0: 3 0x800037ec (0x034955b3) x11 0x00000000
core   0: 0x800037f0 (0x00678533) add     a0, a5, t1
core   0: 3 0x800037f0 (0x00678533) x10 0xdeb103a0
core   0: 0x800037f4 (0x40dd5d93) srai    s11, s10, 13
core   0: 3 0x800037f4 (0x40dd5d93) x27 0x00000000
core   0: 0x800037f8 (0x03f5e233) rem     tp, a1, t6
core   0: 3 0x800037f8 (0x03f5e233) x 4 0x00000000
core   0: 0x800037fc (0x61808493) addi    s1, ra, 1560
core   0: 3 0x800037fc (0x61808493) x 9 0x00000618
core   0: 0x80003800 (0x0388d3b3) divu    t2, a7, s8
core   0: 3 0x80003800 (0x0388d3b3) x 7 0x00000000
core   0: 0x80003804 (0x032ae333) rem     t1, s5, s2
core   0: 3 0x80003804 (0x032ae333) x 6 0x00000001
core   0: 0x80003808 (0x26e5a113) slti    sp, a1, 622
core   0: 3 0x80003808 (0x26e5a113) x 2 0x00000001
core   0: 0x8000380c (0x40d75e93) srai    t4, a4, 13
core   0: 3 0x8000380c (0x40d75e93) x29 0x00000000
core   0: 0x80003810 (0x2f598a93) addi    s5, s3, 757
core   0: 3 0x80003810 (0x2f598a93) x21 0x000002f6
core   0: 0x80003814 (0x03407f33) remu    t5, zero, s4
core   0: 3 0x80003814 (0x03407f33) x30 0x00000000
core   0: 0x80003818 (0x017c9f13) slli    t5, s9, 23
core   0: 3 0x80003818 (0x017c9f13) x30 0x00000000
core   0: 0x8000381c (0x00f7d233) srl     tp, a5, a5
core   0: 3 0x8000381c (0x00f7d233) x 4 0x00000005
core   0: 0x80003820 (0x00c01f93) slli    t6, zero, 12
core   0: 3 0x80003820 (0x00c01f93) x31 0x00000000
core   0: 0x80003824 (0xbed4c713) xori    a4, s1, -1043
core   0: 3 0x80003824 (0xbed4c713) x14 0xfffffdf5
core   0: 0x80003828 (0x94ee3513) sltiu   a0, t3, -1714
core   0: 3 0x80003828 (0x94ee3513) x10 0x00000001
core   0: 0x8000382c (0x40f054b3) sra     s1, zero, a5
core   0: 3 0x8000382c (0x40f054b3) x 9 0x00000000
core   0: 0x80003830 (0x92218a93) addi    s5, gp, -1758
core   0: 3 0x80003830 (0x92218a93) x21 0xfffff922
core   0: 0x80003834 (0xbf336713) ori     a4, t1, -1037
core   0: 3 0x80003834 (0xbf336713) x14 0xfffffbf3
core   0: 0x80003838 (0x414dd133) sra     sp, s11, s4
core   0: 3 0x80003838 (0x414dd133) x 2 0x00000000
core   0: 0x8000383c (0x00000013) nop
core   0: 3 0x8000383c (0x00000013)
core   0: 0x80003840 (0x001f5193) srli    gp, t5, 1
core   0: 3 0x80003840 (0x001f5193) x 3 0x00000000
core   0: 0x80003844 (0x41c35e33) sra     t3, t1, t3
core   0: 3 0x80003844 (0x41c35e33) x28 0x00000001
core   0: 0x80003848 (0xa5284b93) xori    s7, a6, -1454
core   0: 3 0x80003848 (0xa5284b93) x23 0xfffffa52
core   0: 0x8000384c (0x02d5eab3) rem     s5, a1, a3
core   0: 3 0x8000384c (0x02d5eab3) x21 0x00000000
core   0: 0x80003850 (0x005ad393) srli    t2, s5, 5
core   0: 3 0x80003850 (0x005ad393) x 7 0x00000000
core   0: 0x80003854 (0x020ab3b3) mulhu   t2, s5, zero
core   0: 3 0x80003854 (0x020ab3b3) x 7 0x00000000
core   0: 0x80003858 (0x01075233) srl     tp, a4, a6
core   0: 3 0x80003858 (0x01075233) x 4 0xfffffbf3
core   0: 0x8000385c (0xa5fc3d93) sltiu   s11, s8, -1441
core   0: 3 0x8000385c (0xa5fc3d93) x27 0x00000001
core   0: 0x80003860 (0xc136c813) xori    a6, a3, -1005
core   0: 3 0x80003860 (0xc136c813) x16 0x40e6869d
core   0: 0x80003864 (0x0379e9b3) rem     s3, s3, s7
core   0: 3 0x80003864 (0x0379e9b3) x19 0x00000001
core   0: 0x80003868 (0x03d6ad33) mulhsu  s10, a3, t4
core   0: 3 0x80003868 (0x03d6ad33) x26 0x00000000
core   0: 0x8000386c (0x26111d17) auipc   s10, 0x26111
core   0: 3 0x8000386c (0x26111d17) x26 0xa611486c
core   0: 0x80003870 (0x00c0b9b3) sltu    s3, ra, a2
core   0: 3 0x80003870 (0x00c0b9b3) x19 0x00000001
core   0: 0x80003874 (0x03e47733) remu    a4, s0, t5
core   0: 3 0x80003874 (0x03e47733) x14 0xffffff00
core   0: 0x80003878 (0x2011de17) auipc   t3, 0x2011d
core   0: 3 0x80003878 (0x2011de17) x28 0xa0120878
core   0: 0x8000387c (0x034cf013) andi    zero, s9, 52
core   0: 3 0x8000387c (0x034cf013)
core   0: 0x80003880 (0xc606cc13) xori    s8, a3, -928
core   0: 3 0x80003880 (0xc606cc13) x24 0x40e686ee
core   0: 0x80003884 (0x01c4abb3) slt     s7, s1, t3
core   0: 3 0x80003884 (0x01c4abb3) x23 0x00000000
core   0: 0x80003888 (0x552c3993) sltiu   s3, s8, 1362
core   0: 3 0x80003888 (0x552c3993) x19 0x00000000
core   0: 0x8000388c (0x00a40433) add     s0, s0, a0
core   0: 3 0x8000388c (0x00a40433) x 8 0xffffff01
core   0: 0x80003890 (0xcbf463b7) lui     t2, 0xcbf46
core   0: 3 0x80003890 (0xcbf463b7) x 7 0xcbf46000
core   0: 0x80003894 (0xce1aaf93) slti    t6, s5, -799
core   0: 3 0x80003894 (0xce1aaf93) x31 0x00000000
core   0: 0x80003898 (0x0080a1b3) slt     gp, ra, s0
core   0: 3 0x80003898 (0x0080a1b3) x 3 0x00000000
core   0: 0x8000389c (0x01315913) srli    s2, sp, 19
core   0: 3 0x8000389c (0x01315913) x18 0x00000000
core   0: 0x800038a0 (0xb7647393) andi    t2, s0, -1162
core   0: 3 0x800038a0 (0xb7647393) x 7 0xfffffb00
core   0: 0x800038a4 (0x1dc87b13) andi    s6, a6, 476
core   0: 3 0x800038a4 (0x1dc87b13) x22 0x0000009c
core   0: 0x800038a8 (0x01c31633) sll     a2, t1, t3
core   0: 3 0x800038a8 (0x01c31633) x12 0x01000000
core   0: 0x800038ac (0x0129f1b3) and     gp, s3, s2
core   0: 3 0x800038ac (0x0129f1b3) x 3 0x00000000
core   0: 0x800038b0 (0x02424933) div     s2, tp, tp
core   0: 3 0x800038b0 (0x02424933) x18 0x00000001
core   0: 0x800038b4 (0x0372cb33) div     s6, t0, s7
core   0: 3 0x800038b4 (0x0372cb33) x22 0xffffffff
core   0: 0x800038b8 (0x034a1933) mulh    s2, s4, s4
core   0: 3 0x800038b8 (0x034a1933) x18 0x3ffe731e
core   0: 0x800038bc (0x08a88d13) addi    s10, a7, 138
core   0: 3 0x800038bc (0x08a88d13) x26 0x0000008a
core   0: 0x800038c0 (0x0289bc33) mulhu   s8, s3, s0
core   0: 3 0x800038c0 (0x0289bc33) x24 0x00000000
core   0: 0x800038c4 (0x01a018b3) sll     a7, zero, s10
core   0: 3 0x800038c4 (0x01a018b3) x17 0x00000000
core   0: 0x800038c8 (0x0309e4b3) rem     s1, s3, a6
core   0: 3 0x800038c8 (0x0309e4b3) x 9 0x00000000
core   0: 0x800038cc (0xcaade513) ori     a0, s11, -854
core   0: 3 0x800038cc (0xcaade513) x10 0xfffffcab
core   0: 0x800038d0 (0x0197ee33) or      t3, a5, s9
core   0: 3 0x800038d0 (0x0197ee33) x28 0x5eaf76bc
core   0: 0x800038d4 (0xbb3b3b97) auipc   s7, 0xbb3b3
core   0: 3 0x800038d4 (0xbb3b3b97) x23 0x3b3b68d4
core   0: 0x800038d8 (0x958b6f13) ori     t5, s6, -1704
core   0: 3 0x800038d8 (0x958b6f13) x30 0xffffffff
core   0: 0x800038dc (0x31e53113) sltiu   sp, a0, 798
core   0: 3 0x800038dc (0x31e53113) x 2 0x00000000
core   0: 0x800038e0 (0x0093df33) srl     t5, t2, s1
core   0: 3 0x800038e0 (0x0093df33) x30 0xfffffb00
core   0: 0x800038e4 (0x9b847093) andi    ra, s0, -1608
core   0: 3 0x800038e4 (0x9b847093) x 1 0xfffff900
core   0: 0x800038e8 (0x01d0fab3) and     s5, ra, t4
core   0: 3 0x800038e8 (0x01d0fab3) x21 0x00000000
core   0: 0x800038ec (0x01def0b3) and     ra, t4, t4
core   0: 3 0x800038ec (0x01def0b3) x 1 0x00000000
core   0: 0x800038f0 (0xc0f67d17) auipc   s10, 0xc0f67
core   0: 3 0x800038f0 (0xc0f67d17) x26 0x40f6a8f0
core   0: 0x800038f4 (0x01249c93) slli    s9, s1, 18
core   0: 3 0x800038f4 (0x01249c93) x25 0x00000000
core   0: 0x800038f8 (0x015a6233) or      tp, s4, s5
core   0: 3 0x800038f8 (0x015a6233) x 4 0x80018ce4
core   0: 0x800038fc (0x00000013) nop
core   0: 3 0x800038fc (0x00000013)
core   0: 0x80003900 (0x02fe5db3) divu    s11, t3, a5
core   0: 3 0x80003900 (0x02fe5db3) x27 0x00000001
core   0: 0x80003904 (0x0067cdb3) xor     s11, a5, t1
core   0: 3 0x80003904 (0x0067cdb3) x27 0x5eaf76bd
core   0: 0x80003908 (0x00fbc0b3) xor     ra, s7, a5
core   0: 3 0x80003908 (0x00fbc0b3) x 1 0x65941e68
core   0: 0x8000390c (0x5c3bc4b7) lui     s1, 0x5c3bc
core   0: 3 0x8000390c (0x5c3bc4b7) x 9 0x5c3bc000
core   0: 0x80003910 (0x1a3a2497) auipc   s1, 0x1a3a2
core   0: 3 0x80003910 (0x1a3a2497) x 9 0x9a3a5910
core   0: 0x80003914 (0x007724b3) slt     s1, a4, t2
core   0: 3 0x80003914 (0x007724b3) x 9 0x00000000
core   0: 0x80003918 (0x008291b3) sll     gp, t0, s0
core   0: 3 0x80003918 (0x008291b3) x 3 0x00029cc8
core   0: 0x8000391c (0x0fe63913) sltiu   s2, a2, 254
core   0: 3 0x8000391c (0x0fe63913) x18 0x00000000
core   0: 0x80003920 (0x030fc3b3) div     t2, t6, a6
core   0: 3 0x80003920 (0x030fc3b3) x 7 0x00000000
core   0: 0x80003924 (0x028cdab3) divu    s5, s9, s0
core   0: 3 0x80003924 (0x028cdab3) x21 0x00000000
core   0: 0x80003928 (0x00000013) nop
core   0: 3 0x80003928 (0x00000013)
core   0: 0x8000392c (0x01bf1193) slli    gp, t5, 27
core   0: 3 0x8000392c (0x01bf1193) x 3 0x00000000
core   0: 0x80003930 (0x01a91d93) slli    s11, s2, 26
core   0: 3 0x80003930 (0x01a91d93) x27 0x00000000
core   0: 0x80003934 (0x71ff9bb7) lui     s7, 0x71ff9
core   0: 3 0x80003934 (0x71ff9bb7) x23 0x71ff9000
core   0: 0x80003938 (0x00bfb433) sltu    s0, t6, a1
core   0: 3 0x80003938 (0x00bfb433) x 8 0x00000000
core   0: 0x8000393c (0x01119933) sll     s2, gp, a7
core   0: 3 0x8000393c (0x01119933) x18 0x00000000
core   0: 0x80003940 (0x00bd8233) add     tp, s11, a1
core   0: 3 0x80003940 (0x00bd8233) x 4 0x00000000
core   0: 0x80003944 (0x75a0ed13) ori     s10, ra, 1882
core   0: 3 0x80003944 (0x75a0ed13) x26 0x65941f7a
core   0: 0x80003948 (0x34064b93) xori    s7, a2, 832
core   0: 3 0x80003948 (0x34064b93) x23 0x01000340
core   0: 0x8000394c (0x02d609b3) mul     s3, a2, a3
core   0: 3 0x8000394c (0x02d609b3) x19 0x8e000000
core   0: 0x80003950 (0x83bfa893) slti    a7, t6, -1989
core   0: 3 0x80003950 (0x83bfa893) x17 0x00000000
core   0: 0x80003954 (0xb9d14313) xori    t1, sp, -1123
core   0: 3 0x80003954 (0xb9d14313) x 6 0xfffffb9d
core   0: 0x80003958 (0x00000013) nop
core   0: 3 0x80003958 (0x00000013)
core   0: 0x8000395c (0x0106f7b3) and     a5, a3, a6
core   0: 3 0x8000395c (0x0106f7b3) x15 0x0000028c
core   0: 0x80003960 (0x838f3713) sltiu   a4, t5, -1992
core   0: 3 0x80003960 (0x838f3713) x14 0x00000000
core   0: 0x80003964 (0x00000013) nop
core   0: 3 0x80003964 (0x00000013)
core   0: 0x80003968 (0x5e873093) sltiu   ra, a4, 1512
core   0: 3 0x80003968 (0x5e873093) x 1 0x00000001
core   0: 0x8000396c (0x03f5d933) divu    s2, a1, t6
core   0: 3 0x8000396c (0x03f5d933) x18 0xffffffff
core   0: 0x80003970 (0x01931ab3) sll     s5, t1, s9
core   0: 3 0x80003970 (0x01931ab3) x21 0xfffffb9d
core   0: 0x80003974 (0x2da47f93) andi    t6, s0, 730
core   0: 3 0x80003974 (0x2da47f93) x31 0x00000000
core   0: 0x80003978 (0x00a5d093) srli    ra, a1, 10
core   0: 3 0x80003978 (0x00a5d093) x 1 0x00000000
core   0: 0x8000397c (0x03d95833) divu    a6, s2, t4
core   0: 3 0x8000397c (0x03d95833) x16 0xffffffff
core   0: 0x80003980 (0x25cb0793) addi    a5, s6, 604
core   0: 3 0x80003980 (0x25cb0793) x15 0x0000025b
core   0: 0x80003984 (0x41d98233) sub     tp, s3, t4
core   0: 3 0x80003984 (0x41d98233) x 4 0x8e000000
core   0: 0x80003988 (0x2bebe793) ori     a5, s7, 702
core   0: 3 0x80003988 (0x2bebe793) x15 0x010003fe
core   0: 0x8000398c (0x00000013) nop
core   0: 3 0x8000398c (0x00000013)
core   0: 0x80003990 (0x84466e13) ori     t3, a2, -1980
core   0: 3 0x80003990 (0x84466e13) x28 0xfffff844
core   0: 0x80003994 (0x28b36c93) ori     s9, t1, 651
core   0: 3 0x80003994 (0x28b36c93) x25 0xfffffb9f
core   0: 0x80003998 (0x405c88b3) sub     a7, s9, t0
core   0: 3 0x80003998 (0x405c88b3) x17 0x7ffead3b
core   0: 0x8000399c (0x00bc59b3) srl     s3, s8, a1
core   0: 3 0x8000399c (0x00bc59b3) x19 0x00000000
core   0: 0x800039a0 (0x0084bcb3) sltu    s9, s1, s0
core   0: 3 0x800039a0 (0x0084bcb3) x25 0x00000000
core   0: 0x800039a4 (0x406cdfb3) sra     t6, s9, t1
core   0: 3 0x800039a4 (0x406cdfb3) x31 0x00000000
core   0: 0x800039a8 (0x0390c9b3) div     s3, ra, s9
core   0: 3 0x800039a8 (0x0390c9b3) x19 0xffffffff
core   0: 0x800039ac (0x9dd58093) addi    ra, a1, -1571
core   0: 3 0x800039ac (0x9dd58093) x 1 0xfffff9dd
core   0: 0x800039b0 (0x027c5bb3) divu    s7, s8, t2
core   0: 3 0x800039b0 (0x027c5bb3) x23 0xffffffff
core   0: 0x800039b4 (0x03e7d633) divu    a2, a5, t5
core   0: 3 0x800039b4 (0x03e7d633) x12 0x00000000
core   0: 0x800039b8 (0x01b1c433) xor     s0, gp, s11
core   0: 3 0x800039b8 (0x01b1c433) x 8 0x00000000
core   0: 0x800039bc (0x40cf5533) sra     a0, t5, a2
core   0: 3 0x800039bc (0x40cf5533) x10 0xfffffb00
core   0: 0x800039c0 (0x027e5733) divu    a4, t3, t2
core   0: 3 0x800039c0 (0x027e5733) x14 0xffffffff
core   0: 0x800039c4 (0x97190713) addi    a4, s2, -1679
core   0: 3 0x800039c4 (0x97190713) x14 0xfffff970
core   0: 0x800039c8 (0x02f433b3) mulhu   t2, s0, a5
core   0: 3 0x800039c8 (0x02f433b3) x 7 0x00000000
core   0: 0x800039cc (0x1f913c13) sltiu   s8, sp, 505
core   0: 3 0x800039cc (0x1f913c13) x24 0x00000001
core   0: 0x800039d0 (0x0ccbf613) andi    a2, s7, 204
core   0: 3 0x800039d0 (0x0ccbf613) x12 0x000000cc
core   0: 0x800039d4 (0x41db0933) sub     s2, s6, t4
core   0: 3 0x800039d4 (0x41db0933) x18 0xffffffff
core   0: 0x800039d8 (0x02fa8db3) mul     s11, s5, a5
core   0: 3 0x800039d8 (0x02fa8db3) x27 0x9cee7cc6
core   0: 0x800039dc (0x416c0fb3) sub     t6, s8, s6
core   0: 3 0x800039dc (0x416c0fb3) x31 0x00000002
core   0: 0x800039e0 (0x01b26eb3) or      t4, tp, s11
core   0: 3 0x800039e0 (0x01b26eb3) x29 0x9eee7cc6
core   0: 0x800039e4 (0x00a2cab3) xor     s5, t0, a0
core   0: 3 0x800039e4 (0x00a2cab3) x21 0x7ffeb564
core   0: 0x800039e8 (0x41f4db13) srai    s6, s1, 31
core   0: 3 0x800039e8 (0x41f4db13) x22 0x00000000
core   0: 0x800039ec (0x018565b3) or      a1, a0, s8
core   0: 3 0x800039ec (0x018565b3) x11 0xfffffb01
core   0: 0x800039f0 (0x4ed0ab13) slti    s6, ra, 1261
core   0: 3 0x800039f0 (0x4ed0ab13) x22 0x00000001
core   0: 0x800039f4 (0x032ce1b3) rem     gp, s9, s2
core   0: 3 0x800039f4 (0x032ce1b3) x 3 0x00000000
core   0: 0x800039f8 (0x02f1dbb3) divu    s7, gp, a5
core   0: 3 0x800039f8 (0x02f1dbb3) x23 0x00000000
core   0: 0x800039fc (0x01b9b233) sltu    tp, s3, s11
core   0: 3 0x800039fc (0x01b9b233) x 4 0x00000000
core   0: 0x80003a00 (0x027003b3) mul     t2, zero, t2
core   0: 3 0x80003a00 (0x027003b3) x 7 0x00000000
core   0: 0x80003a04 (0x02180eb3) mul     t4, a6, ra
core   0: 3 0x80003a04 (0x02180eb3) x29 0x00000623
core   0: 0x80003a08 (0x00d69133) sll     sp, a3, a3
core   0: 3 0x80003a08 (0x00d69133) x 2 0x5ea38000
core   0: 0x80003a0c (0x00d52db3) slt     s11, a0, a3
core   0: 3 0x80003a0c (0x00d52db3) x27 0x00000000
core   0: 0x80003a10 (0x0002ce33) xor     t3, t0, zero
core   0: 3 0x80003a10 (0x0002ce33) x28 0x80014e64
core   0: 0x80003a14 (0xcd55ad13) slti    s10, a1, -811
core   0: 3 0x80003a14 (0xcd55ad13) x26 0x00000001
core   0: 0x80003a18 (0x00646e33) or      t3, s0, t1
core   0: 3 0x80003a18 (0x00646e33) x28 0xfffffb9d
core   0: 0x80003a1c (0x01dbd933) srl     s2, s7, t4
core   0: 3 0x80003a1c (0x01dbd933) x18 0x00000000
core   0: 0x80003a20 (0x034e3b33) mulhu   s6, t3, s4
core   0: 3 0x80003a20 (0x034e3b33) x22 0x80018ab2
core   0: 0x80003a24 (0x02563433) mulhu   s0, a2, t0
core   0: 3 0x80003a24 (0x02563433) x 8 0x00000066
core   0: 0x80003a28 (0x41c754b3) sra     s1, a4, t3
core   0: 3 0x80003a28 (0x41c754b3) x 9 0xffffffff
core   0: 0x80003a2c (0x1d417fb7) lui     t6, 0x1d417
core   0: 3 0x80003a2c (0x1d417fb7) x31 0x1d417000
core   0: 0x80003a30 (0x03c90ab3) mul     s5, s2, t3
core   0: 3 0x80003a30 (0x03c90ab3) x21 0x00000000
core   0: 0x80003a34 (0x00244233) xor     tp, s0, sp
core   0: 3 0x80003a34 (0x00244233) x 4 0x5ea38066
core   0: 0x80003a38 (0xabd86e93) ori     t4, a6, -1347
core   0: 3 0x80003a38 (0xabd86e93) x29 0xffffffff
core   0: 0x80003a3c (0x01e1de93) srli    t4, gp, 30
core   0: 3 0x80003a3c (0x01e1de93) x29 0x00000000
core   0: 0x80003a40 (0x002d63b3) or      t2, s10, sp
core   0: 3 0x80003a40 (0x002d63b3) x 7 0x5ea38001
core   0: 0x80003a44 (0x0352c0b3) div     ra, t0, s5
core   0: 3 0x80003a44 (0x0352c0b3) x 1 0xffffffff
core   0: 0x80003a48 (0x1da5a413) slti    s0, a1, 474
core   0: 3 0x80003a48 (0x1da5a413) x 8 0x00000001
core   0: 0x80003a4c (0x579f2993) slti    s3, t5, 1401
core   0: 3 0x80003a4c (0x579f2993) x19 0x00000001
core   0: 0x80003a50 (0x26f97793) andi    a5, s2, 623
core   0: 3 0x80003a50 (0x26f97793) x15 0x00000000
core   0: 0x80003a54 (0x03781233) mulh    tp, a6, s7
core   0: 3 0x80003a54 (0x03781233) x 4 0x00000000
core   0: 0x80003a58 (0x02eb14b3) mulh    s1, s6, a4
core   0: 3 0x80003a58 (0x02eb14b3) x 9 0x00000347
core   0: 0x80003a5c (0x01323eb3) sltu    t4, tp, s3
core   0: 3 0x80003a5c (0x01323eb3) x29 0x00000001
core   0: 0x80003a60 (0x03436db3) rem     s11, t1, s4
core   0: 3 0x80003a60 (0x03436db3) x27 0xfffffb9d
core   0: 0x80003a64 (0x41055993) srai    s3, a0, 16
core   0: 3 0x80003a64 (0x41055993) x19 0xffffffff
core   0: 0x80003a68 (0x026c1bb3) mulh    s7, s8, t1
core   0: 3 0x80003a68 (0x026c1bb3) x23 0xffffffff
core   0: 0x80003a6c (0x01fe9e13) slli    t3, t4, 31
core   0: 3 0x80003a6c (0x01fe9e13) x28 0x80000000
core   0: 0x80003a70 (0x01109ab3) sll     s5, ra, a7
core   0: 3 0x80003a70 (0x01109ab3) x21 0xf8000000
core   0: 0x80003a74 (0x0241fe33) remu    t3, gp, tp
core   0: 3 0x80003a74 (0x0241fe33) x28 0x00000000
core   0: 0x80003a78 (0x40845413) srai    s0, s0, 8
core   0: 3 0x80003a78 (0x40845413) x 8 0x00000000
core   0: 0x80003a7c (0x0388f4b3) remu    s1, a7, s8
core   0: 3 0x80003a7c (0x0388f4b3) x 9 0x00000000
core   0: 0x80003a80 (0x41b35613) srai    a2, t1, 27
core   0: 3 0x80003a80 (0x41b35613) x12 0xffffffff
core   0: 0x80003a84 (0x88e15c17) auipc   s8, 0x88e15
core   0: 3 0x80003a84 (0x88e15c17) x24 0x08e18a84
core   0: 0x80003a88 (0x03936133) rem     sp, t1, s9
core   0: 3 0x80003a88 (0x03936133) x 2 0xfffffb9d
core   0: 0x80003a8c (0xf6287493) andi    s1, a6, -158
core   0: 3 0x80003a8c (0xf6287493) x 9 0xffffff62
core   0: 0x80003a90 (0x033180b3) mul     ra, gp, s3
core   0: 3 0x80003a90 (0x033180b3) x 1 0x00000000
core   0: 0x80003a94 (0x014e4733) xor     a4, t3, s4
core   0: 3 0x80003a94 (0x014e4733) x14 0x80018ce4
core   0: 0x80003a98 (0x010ddcb3) srl     s9, s11, a6
core   0: 3 0x80003a98 (0x010ddcb3) x25 0x00000001
core   0: 0x80003a9c (0x012f1f33) sll     t5, t5, s2
core   0: 3 0x80003a9c (0x012f1f33) x30 0xfffffb00
core   0: 0x80003aa0 (0xd42a7993) andi    s3, s4, -702
core   0: 3 0x80003aa0 (0xd42a7993) x19 0x80018c40
core   0: 0x80003aa4 (0x02e59133) mulh    sp, a1, a4
core   0: 3 0x80003aa4 (0x02e59133) x 2 0x0000027f
core   0: 0x80003aa8 (0x0303adb3) mulhsu  s11, t2, a6
core   0: 3 0x80003aa8 (0x0303adb3) x27 0x5ea38000
core   0: 0x80003aac (0x02e47eb3) remu    t4, s0, a4
core   0: 3 0x80003aac (0x02e47eb3) x29 0x00000000
core   0: 0x80003ab0 (0x014fa733) slt     a4, t6, s4
core   0: 3 0x80003ab0 (0x014fa733) x14 0x00000000
core   0: 0x80003ab4 (0xcfc77397) auipc   t2, 0xcfc77
core   0: 3 0x80003ab4 (0xcfc77397) x 7 0x4fc7aab4
core   0: 0x80003ab8 (0x0298d933) divu    s2, a7, s1
core   0: 3 0x80003ab8 (0x0298d933) x18 0x00000000
core   0: 0x80003abc (0xb6376013) ori     zero, a4, -1181
core   0: 3 0x80003abc (0xb6376013)
core   0: 0x80003ac0 (0x7b090b13) addi    s6, s2, 1968
core   0: 3 0x80003ac0 (0x7b090b13) x22 0x000007b0
core   0: 0x80003ac4 (0xe8bb6e13) ori     t3, s6, -373
core   0: 3 0x80003ac4 (0xe8bb6e13) x28 0xffffffbb
core   0: 0x80003ac8 (0x106cee93) ori     t4, s9, 262
core   0: 3 0x80003ac8 (0x106cee93) x29 0x00000107
core   0: 0x80003acc (0xa5796493) ori     s1, s2, -1449
core   0: 3 0x80003acc (0xa5796493) x 9 0xfffffa57
core   0: 0x80003ad0 (0x012828b3) slt     a7, a6, s2
core   0: 3 0x80003ad0 (0x012828b3) x17 0x00000001
core   0: 0x80003ad4 (0x01c65213) srli    tp, a2, 28
core   0: 3 0x80003ad4 (0x01c65213) x 4 0x0000000f
core   0: 0x80003ad8 (0x036b6933) rem     s2, s6, s6
core   0: 3 0x80003ad8 (0x036b6933) x18 0x00000000
core   0: 0x80003adc (0x41735613) srai    a2, t1, 23
core   0: 3 0x80003adc (0x41735613) x12 0xffffffff
core   0: 0x80003ae0 (0x01a9d4b3) srl     s1, s3, s10
core   0: 3 0x80003ae0 (0x01a9d4b3) x 9 0x4000c620
core   0: 0x80003ae4 (0x02322733) mulhsu  a4, tp, gp
core   0: 3 0x80003ae4 (0x02322733) x14 0x00000000
core   0: 0x80003ae8 (0x735a2393) slti    t2, s4, 1845
core   0: 3 0x80003ae8 (0x735a2393) x 7 0x00000001
core   0: 0x80003aec (0x6dc4e193) ori     gp, s1, 1756
core   0: 3 0x80003aec (0x6dc4e193) x 3 0x4000c6fc
core   0: 0x80003af0 (0x03497ab3) remu    s5, s2, s4
core   0: 3 0x80003af0 (0x03497ab3) x21 0x00000000
core   0: 0x80003af4 (0x0066d393) srli    t2, a3, 6
core   0: 3 0x80003af4 (0x0066d393) x 7 0x02fc65ea
core   0: 0x80003af8 (0x01579113) slli    sp, a5, 21
core   0: 3 0x80003af8 (0x01579113) x 2 0x00000000
core   0: 0x80003afc (0x00c2b7b3) sltu    a5, t0, a2
core   0: 3 0x80003afc (0x00c2b7b3) x15 0x00000001
core   0: 0x80003b00 (0x0179a5b3) slt     a1, s3, s7
core   0: 3 0x80003b00 (0x0179a5b3) x11 0x00000001
core   0: 0x80003b04 (0x03d0c8b3) div     a7, ra, t4
core   0: 3 0x80003b04 (0x03d0c8b3) x17 0x00000000
core   0: 0x80003b08 (0x008e9413) slli    s0, t4, 8
core   0: 3 0x80003b08 (0x008e9413) x 8 0x00010700
core   0: 0x80003b0c (0x9e8859b7) lui     s3, 0x9e885
core   0: 3 0x80003b0c (0x9e8859b7) x19 0x9e885000
core   0: 0x80003b10 (0x00000013) nop
core   0: 3 0x80003b10 (0x00000013)
core   0: 0x80003b14 (0x0375dc33) divu    s8, a1, s7
core   0: 3 0x80003b14 (0x0375dc33) x24 0x00000000
core   0: 0x80003b18 (0x03dd9533) mulh    a0, s11, t4
core   0: 3 0x80003b18 (0x03dd9533) x10 0x00000061
core   0: 0x80003b1c (0x00c45c93) srli    s9, s0, 12
core   0: 3 0x80003b1c (0x00c45c93) x25 0x00000010
core   0: 0x80003b20 (0x1b180a93) addi    s5, a6, 433
core   0: 3 0x80003b20 (0x1b180a93) x21 0x000001b0
core   0: 0x80003b24 (0x8528be13) sltiu   t3, a7, -1966
core   0: 3 0x80003b24 (0x8528be13) x28 0x00000001
core   0: 0x80003b28 (0x017d8fb3) add     t6, s11, s7
core   0: 3 0x80003b28 (0x017d8fb3) x31 0x5ea37fff
core   0: 0x80003b2c (0x03c28333) mul     t1, t0, t3
core   0: 3 0x80003b2c (0x03c28333) x 6 0x80014e64
core   0: 0x80003b30 (0x01bc9713) slli    a4, s9, 27
core   0: 3 0x80003b30 (0x01bc9713) x14 0x80000000
core   0: 0x80003b34 (0x03595733) divu    a4, s2, s5
core   0: 3 0x80003b34 (0x03595733) x14 0x00000000
core   0: 0x80003b38 (0x00d851b3) srl     gp, a6, a3
core   0: 3 0x80003b38 (0x00d851b3) x 3 0x0003ffff
core   0: 0x80003b3c (0x0380bd33) mulhu   s10, ra, s8
core   0: 3 0x80003b3c (0x0380bd33) x26 0x00000000
core   0: 0x80003b40 (0x03e3d9b3) divu    s3, t2, t5
core   0: 3 0x80003b40 (0x03e3d9b3) x19 0x00000000
core   0: 0x80003b44 (0x02d0c033) div     zero, ra, a3
core   0: 3 0x80003b44 (0x02d0c033)
core   0: 0x80003b48 (0x40ebdb93) srai    s7, s7, 14
core   0: 3 0x80003b48 (0x40ebdb93) x23 0xffffffff
core   0: 0x80003b4c (0x413e8e33) sub     t3, t4, s3
core   0: 3 0x80003b4c (0x413e8e33) x28 0x00000107
core   0: 0x80003b50 (0x0b9fa497) auipc   s1, 0xb9fa
core   0: 3 0x80003b50 (0x0b9fa497) x 9 0x8b9fdb50
core   0: 0x80003b54 (0x018b7933) and     s2, s6, s8
core   0: 3 0x80003b54 (0x018b7933) x18 0x00000000
core   0: 0x80003b58 (0x02e90033) mul     zero, s2, a4
core   0: 3 0x80003b58 (0x02e90033)
core   0: 0x80003b5c (0x005da9b3) slt     s3, s11, t0
core   0: 3 0x80003b5c (0x005da9b3) x19 0x00000000
core   0: 0x80003b60 (0x01c20933) add     s2, tp, t3
core   0: 3 0x80003b60 (0x01c20933) x18 0x00000116
core   0: 0x80003b64 (0x41b65713) srai    a4, a2, 27
core   0: 3 0x80003b64 (0x41b65713) x14 0xffffffff
core   0: 0x80003b68 (0x7ef4f213) andi    tp, s1, 2031
core   0: 3 0x80003b68 (0x7ef4f213) x 4 0x00000340
core   0: 0x80003b6c (0x03b6f1b3) remu    gp, a3, s11
core   0: 3 0x80003b6c (0x03b6f1b3) x 3 0x01d27a8e
core   0: 0x80003b70 (0xad39c413) xori    s0, s3, -1325
core   0: 3 0x80003b70 (0xad39c413) x 8 0xfffffad3
core   0: 0x80003b74 (0x01928833) add     a6, t0, s9
core   0: 3 0x80003b74 (0x01928833) x16 0x80014e74
core   0: 0x80003b78 (0x00a9ee33) or      t3, s3, a0
core   0: 3 0x80003b78 (0x00a9ee33) x28 0x00000061
core   0: 0x80003b7c (0x010d4ab3) xor     s5, s10, a6
core   0: 3 0x80003b7c (0x010d4ab3) x21 0x80014e74
core   0: 0x80003b80 (0x96d84ab7) lui     s5, 0x96d84
core   0: 3 0x80003b80 (0x96d84ab7) x21 0x96d84000
core   0: 0x80003b84 (0x02a6c3b3) div     t2, a3, a0
core   0: 3 0x80003b84 (0x02a6c3b3) x 7 0xff54b75e
core   0: 0x80003b88 (0xcc01d237) lui     tp, 0xcc01d
core   0: 3 0x80003b88 (0xcc01d237) x 4 0xcc01d000
core   0: 0x80003b8c (0xe7b08193) addi    gp, ra, -389
core   0: 3 0x80003b8c (0xe7b08193) x 3 0xfffffe7b
core   0: 0x80003b90 (0x962149b7) lui     s3, 0x96214
core   0: 3 0x80003b90 (0x962149b7) x19 0x96214000
core   0: 0x80003b94 (0x019a9f33) sll     t5, s5, s9
core   0: 3 0x80003b94 (0x019a9f33) x30 0x40000000
core   0: 0x80003b98 (0xfa1da9b7) lui     s3, 0xfa1da
core   0: 3 0x80003b98 (0xfa1da9b7) x19 0xfa1da000
core   0: 0x80003b9c (0x1733b613) sltiu   a2, t2, 371
core   0: 3 0x80003b9c (0x1733b613) x12 0x00000000
core   0: 0x80003ba0 (0x01ceec33) or      s8, t4, t3
core   0: 3 0x80003ba0 (0x01ceec33) x24 0x00000167
core   0: 0x80003ba4 (0x01a56fb3) or      t6, a0, s10
core   0: 3 0x80003ba4 (0x01a56fb3) x31 0x00000061
core   0: 0x80003ba8 (0xdb358013) addi    zero, a1, -589
core   0: 3 0x80003ba8 (0xdb358013)
core   0: 0x80003bac (0x02eeaab3) mulhsu  s5, t4, a4
core   0: 3 0x80003bac (0x02eeaab3) x21 0x00000106
core   0: 0x80003bb0 (0x03c667b3) rem     a5, a2, t3
core   0: 3 0x80003bb0 (0x03c667b3) x15 0x00000000
core   0: 0x80003bb4 (0x03c950b3) divu    ra, s2, t3
core   0: 3 0x80003bb4 (0x03c950b3) x 1 0x00000002
core   0: 0x80003bb8 (0x00521193) slli    gp, tp, 5
core   0: 3 0x80003bb8 (0x00521193) x 3 0x803a0000
core   0: 0x80003bbc (0x0169d3b3) srl     t2, s3, s6
core   0: 3 0x80003bbc (0x0169d3b3) x 7 0x0000fa1d
core   0: 0x80003bc0 (0x016cb7b3) sltu    a5, s9, s6
core   0: 3 0x80003bc0 (0x016cb7b3) x15 0x00000001
core   0: 0x80003bc4 (0x1c29a217) auipc   tp, 0x1c29a
core   0: 3 0x80003bc4 (0x1c29a217) x 4 0x9c29dbc4
core   0: 0x80003bc8 (0x40d18433) sub     s0, gp, a3
core   0: 3 0x80003bc8 (0x40d18433) x 8 0xc1208572
core   0: 0x80003bcc (0x00000013) nop
core   0: 3 0x80003bcc (0x00000013)
core   0: 0x80003bd0 (0x036489b3) mul     s3, s1, s6
core   0: 3 0x80003bd0 (0x036489b3) x19 0x5ce5f700
core   0: 0x80003bd4 (0x402784b3) sub     s1, a5, sp
core   0: 3 0x80003bd4 (0x402784b3) x 9 0x00000001
core   0: 0x80003bd8 (0x00f24d33) xor     s10, tp, a5
core   0: 3 0x80003bd8 (0x00f24d33) x26 0x9c29dbc5
core   0: 0x80003bdc (0x033868b3) rem     a7, a6, s3
core   0: 3 0x80003bdc (0x033868b3) x17 0xdce74574
core   0: 0x80003be0 (0x41e4dc93) srai    s9, s1, 30
core   0: 3 0x80003be0 (0x41e4dc93) x25 0x00000000
core   0: 0x80003be4 (0x4192d713) srai    a4, t0, 25
core   0: 3 0x80003be4 (0x4192d713) x14 0xffffffc0
core   0: 0x80003be8 (0x56937f17) auipc   t5, 0x56937
core   0: 3 0x80003be8 (0x56937f17) x30 0xd693abe8
core   0: 0x80003bec (0x02163cb3) mulhu   s9, a2, ra
core   0: 3 0x80003bec (0x02163cb3) x25 0x00000000
core   0: 0x80003bf0 (0x026a7f33) remu    t5, s4, t1
core   0: 3 0x80003bf0 (0x026a7f33) x30 0x00003e80
core   0: 0x80003bf4 (0x40a5ddb3) sra     s11, a1, a0
core   0: 3 0x80003bf4 (0x40a5ddb3) x27 0x00000000
core   0: 0x80003bf8 (0x7a09a113) slti    sp, s3, 1952
core   0: 3 0x80003bf8 (0x7a09a113) x 2 0x00000000
core   0: 0x80003bfc (0x012c1d33) sll     s10, s8, s2
core   0: 3 0x80003bfc (0x012c1d33) x26 0x59c00000
core   0: 0x80003c00 (0x0740cc93) xori    s9, ra, 116
core   0: 3 0x80003c00 (0x0740cc93) x25 0x00000076
core   0: 0x80003c04 (0x00bc31b3) sltu    gp, s8, a1
core   0: 3 0x80003c04 (0x00bc31b3) x 3 0x00000000
core   0: 0x80003c08 (0x018e0733) add     a4, t3, s8
core   0: 3 0x80003c08 (0x018e0733) x14 0x000001c8
core   0: 0x80003c0c (0x0298eab3) rem     s5, a7, s1
core   0: 3 0x80003c0c (0x0298eab3) x21 0x00000000
core   0: 0x80003c10 (0xd5a28397) auipc   t2, 0xd5a28
core   0: 3 0x80003c10 (0xd5a28397) x 7 0x55a2bc10
core   0: 0x80003c14 (0x0137b433) sltu    s0, a5, s3
core   0: 3 0x80003c14 (0x0137b433) x 8 0x00000001
core   0: 0x80003c18 (0xfc248793) addi    a5, s1, -62
core   0: 3 0x80003c18 (0xfc248793) x15 0xffffffc3
core   0: 0x80003c1c (0x024927b3) mulhsu  a5, s2, tp
core   0: 3 0x80003c1c (0x024927b3) x15 0x000000a9
core   0: 0x80003c20 (0x00769a93) slli    s5, a3, 7
core   0: 3 0x80003c20 (0x00769a93) x21 0x8cbd4700
core   0: 0x80003c24 (0x014a5c93) srli    s9, s4, 20
core   0: 3 0x80003c24 (0x014a5c93) x25 0x00000800
core   0: 0x80003c28 (0x030f3e33) mulhu   t3, t5, a6
core   0: 3 0x80003c28 (0x030f3e33) x28 0x00001f40
core   0: 0x80003c2c (0x012337b3) sltu    a5, t1, s2
core   0: 3 0x80003c2c (0x012337b3) x15 0x00000000
core   0: 0x80003c30 (0x008f94b3) sll     s1, t6, s0
core   0: 3 0x80003c30 (0x008f94b3) x 9 0x000000c2
core   0: 0x80003c34 (0x00000013) nop
core   0: 3 0x80003c34 (0x00000013)
core   0: 0x80003c38 (0x01ff4ab3) xor     s5, t5, t6
core   0: 3 0x80003c38 (0x01ff4ab3) x21 0x00003ee1
core   0: 0x80003c3c (0x0240fc33) remu    s8, ra, tp
core   0: 3 0x80003c3c (0x0240fc33) x24 0x00000002
core   0: 0x80003c40 (0xbffc0193) addi    gp, s8, -1025
core   0: 3 0x80003c40 (0xbffc0193) x 3 0xfffffc01
core   0: 0x80003c44 (0x02223233) mulhu   tp, tp, sp
core   0: 3 0x80003c44 (0x02223233) x 4 0x00000000
core   0: 0x80003c48 (0x9c9ca113) slti    sp, s9, -1591
core   0: 3 0x80003c48 (0x9c9ca113) x 2 0x00000000
core   0: 0x80003c4c (0x00dea833) slt     a6, t4, a3
core   0: 3 0x80003c4c (0x00dea833) x16 0x00000000
core   0: 0x80003c50 (0x92b8ae93) slti    t4, a7, -1749
core   0: 3 0x80003c50 (0x92b8ae93) x29 0x00000001
core   0: 0x80003c54 (0xf6d77913) andi    s2, a4, -147
core   0: 3 0x80003c54 (0xf6d77913) x18 0x00000148
core   0: 0x80003c58 (0x004195b3) sll     a1, gp, tp
core   0: 3 0x80003c58 (0x004195b3) x11 0xfffffc01
core   0: 0x80003c5c (0x00f1da93) srli    s5, gp, 15
core   0: 3 0x80003c5c (0x00f1da93) x21 0x0001ffff
core   0: 0x80003c60 (0x03ee0633) mul     a2, t3, t5
core   0: 3 0x80003c60 (0x03ee0633) x12 0x07a12000
core   0: 0x80003c64 (0x02565c33) divu    s8, a2, t0
core   0: 3 0x80003c64 (0x02565c33) x24 0x00000000
core   0: 0x80003c68 (0xefceecb7) lui     s9, 0xefcee
core   0: 3 0x80003c68 (0xefceecb7) x25 0xefcee000
core   0: 0x80003c6c (0x3b2c6817) auipc   a6, 0x3b2c6
core   0: 3 0x80003c6c (0x3b2c6817) x16 0xbb2c9c6c
core   0: 0x80003c70 (0x40298033) sub     zero, s3, sp
core   0: 3 0x80003c70 (0x40298033)
core   0: 0x80003c74 (0x03a85e33) divu    t3, a6, s10
core   0: 3 0x80003c74 (0x03a85e33) x28 0x00000002
core   0: 0x80003c78 (0x02821733) mulh    a4, tp, s0
core   0: 3 0x80003c78 (0x02821733) x14 0x00000000
core   0: 0x80003c7c (0x021fb0b3) mulhu   ra, t6, ra
core   0: 3 0x80003c7c (0x021fb0b3) x 1 0x00000000
core   0: 0x80003c80 (0x02017cb3) remu    s9, sp, zero
core   0: 3 0x80003c80 (0x02017cb3) x25 0x00000000
core   0: 0x80003c84 (0x01ca2ab3) slt     s5, s4, t3
core   0: 3 0x80003c84 (0x01ca2ab3) x21 0x00000001
core   0: 0x80003c88 (0xf205c713) xori    a4, a1, -224
core   0: 3 0x80003c88 (0xf205c713) x14 0x00000321
core   0: 0x80003c8c (0x020995b3) mulh    a1, s3, zero
core   0: 3 0x80003c8c (0x020995b3) x11 0x00000000
core   0: 0x80003c90 (0x516fc893) xori    a7, t6, 1302
core   0: 3 0x80003c90 (0x516fc893) x17 0x00000577
core   0: 0x80003c94 (0x034529b3) mulhsu  s3, a0, s4
core   0: 3 0x80003c94 (0x034529b3) x19 0x00000030
core   0: 0x80003c98 (0x016a9d93) slli    s11, s5, 22
core   0: 3 0x80003c98 (0x016a9d93) x27 0x00400000
core   0: 0x80003c9c (0x404b87b3) sub     a5, s7, tp
core   0: 3 0x80003c9c (0x404b87b3) x15 0xffffffff
core   0: 0x80003ca0 (0x2b27ea93) ori     s5, a5, 690
core   0: 3 0x80003ca0 (0x2b27ea93) x21 0xffffffff
core   0: 0x80003ca4 (0x037e14b3) mulh    s1, t3, s7
core   0: 3 0x80003ca4 (0x037e14b3) x 9 0xffffffff
core   0: 0x80003ca8 (0x01363f33) sltu    t5, a2, s3
core   0: 3 0x80003ca8 (0x01363f33) x30 0x00000000
core   0: 0x80003cac (0x414cd513) srai    a0, s9, 20
core   0: 3 0x80003cac (0x414cd513) x10 0x00000000
core   0: 0x80003cb0 (0x2224ba97) auipc   s5, 0x2224b
core   0: 3 0x80003cb0 (0x2224ba97) x21 0xa224ecb0
core   0: 0x80003cb4 (0x98f28d13) addi    s10, t0, -1649
core   0: 3 0x80003cb4 (0x98f28d13) x26 0x800147f3
core   0: 0x80003cb8 (0x01662db3) slt     s11, a2, s6
core   0: 3 0x80003cb8 (0x01662db3) x27 0x00000000
core   0: 0x80003cbc (0x033ca533) mulhsu  a0, s9, s3
core   0: 3 0x80003cbc (0x033ca533) x10 0x00000000
core   0: 0x80003cc0 (0x018ff933) and     s2, t6, s8
core   0: 3 0x80003cc0 (0x018ff933) x18 0x00000000
core   0: 0x80003cc4 (0x03fd2bb3) mulhsu  s7, s10, t6
core   0: 3 0x80003cc4 (0x03fd2bb3) x23 0xffffffcf
core   0: 0x80003cc8 (0x40bf0333) sub     t1, t5, a1
core   0: 3 0x80003cc8 (0x40bf0333) x 6 0x00000000
core   0: 0x80003ccc (0x019efab3) and     s5, t4, s9
core   0: 3 0x80003ccc (0x019efab3) x21 0x00000000
core   0: 0x80003cd0 (0x006d3933) sltu    s2, s10, t1
core   0: 3 0x80003cd0 (0x006d3933) x18 0x00000000
core   0: 0x80003cd4 (0x00802033) slt     zero, zero, s0
core   0: 3 0x80003cd4 (0x00802033)
core   0: 0x80003cd8 (0x40365eb3) sra     t4, a2, gp
core   0: 3 0x80003cd8 (0x40365eb3) x29 0x03d09000
core   0: 0x80003cdc (0x01f79d33) sll     s10, a5, t6
core   0: 3 0x80003cdc (0x01f79d33) x26 0xfffffffe
core   0: 0x80003ce0 (0x00000013) nop
core   0: 3 0x80003ce0 (0x00000013)
core   0: 0x80003ce4 (0x53cfeb93) ori     s7, t6, 1340
core   0: 3 0x80003ce4 (0x53cfeb93) x23 0x0000057d
core   0: 0x80003ce8 (0x01e25e93) srli    t4, tp, 30
core   0: 3 0x80003ce8 (0x01e25e93) x29 0x00000000
core   0: 0x80003cec (0xc6cca613) slti    a2, s9, -916
core   0: 3 0x80003cec (0xc6cca613) x12 0x00000000
core   0: 0x80003cf0 (0x0149e333) or      t1, s3, s4
core   0: 3 0x80003cf0 (0x0149e333) x 6 0x80018cf4
core   0: 0x80003cf4 (0xd9d46e13) ori     t3, s0, -611
core   0: 3 0x80003cf4 (0xd9d46e13) x28 0xfffffd9d
core   0: 0x80003cf8 (0x67ecf413) andi    s0, s9, 1662
core   0: 3 0x80003cf8 (0x67ecf413) x 8 0x00000000
core   0: 0x80003cfc (0x00a4c5b3) xor     a1, s1, a0
core   0: 3 0x80003cfc (0x00a4c5b3) x11 0xffffffff
core   0: 0x80003d00 (0x0152a8b3) slt     a7, t0, s5
core   0: 3 0x80003d00 (0x0152a8b3) x17 0x00000001
core   0: 0x80003d04 (0x41555fb3) sra     t6, a0, s5
core   0: 3 0x80003d04 (0x41555fb3) x31 0x00000000
core   0: 0x80003d08 (0xc92bc213) xori    tp, s7, -878
core   0: 3 0x80003d08 (0xc92bc213) x 4 0xfffff9ef
core   0: 0x80003d0c (0x03407033) remu    zero, zero, s4
core   0: 3 0x80003d0c (0x03407033)
core   0: 0x80003d10 (0x020f11b3) mulh    gp, t5, zero
core   0: 3 0x80003d10 (0x020f11b3) x 3 0x00000000
core   0: 0x80003d14 (0x0213fe33) remu    t3, t2, ra
core   0: 3 0x80003d14 (0x0213fe33) x28 0x55a2bc10
core   0: 0x80003d18 (0x41a9deb3) sra     t4, s3, s10
core   0: 3 0x80003d18 (0x41a9deb3) x29 0x00000000
core   0: 0x80003d1c (0x40dad113) srai    sp, s5, 13
core   0: 3 0x80003d1c (0x40dad113) x 2 0x00000000
core   0: 0x80003d20 (0x02f5fdb3) remu    s11, a1, a5
core   0: 3 0x80003d20 (0x02f5fdb3) x27 0x00000000
core   0: 0x80003d24 (0x1eb0a213) slti    tp, ra, 491
core   0: 3 0x80003d24 (0x1eb0a213) x 4 0x00000001
core   0: 0x80003d28 (0xbac06e37) lui     t3, 0xbac06
core   0: 3 0x80003d28 (0xbac06e37) x28 0xbac06000
core   0: 0x80003d2c (0x40dcdb13) srai    s6, s9, 13
core   0: 3 0x80003d2c (0x40dcdb13) x22 0x00000000
core   0: 0x80003d30 (0x65872393) slti    t2, a4, 1624
core   0: 3 0x80003d30 (0x65872393) x 7 0x00000001
core   0: 0x80003d34 (0x00436833) or      a6, t1, tp
core   0: 3 0x80003d34 (0x00436833) x16 0x80018cf5
core   0: 0x80003d38 (0xbe693f93) sltiu   t6, s2, -1050
core   0: 3 0x80003d38 (0xbe693f93) x31 0x00000001
core   0: 0x80003d3c (0x401c85b3) sub     a1, s9, ra
core   0: 3 0x80003d3c (0x401c85b3) x11 0x00000000
core   0: 0x80003d40 (0x03d739b3) mulhu   s3, a4, t4
core   0: 3 0x80003d40 (0x03d739b3) x19 0x00000000
core   0: 0x80003d44 (0x01b378b3) and     a7, t1, s11
core   0: 3 0x80003d44 (0x01b378b3) x17 0x00000000
core   0: 0x80003d48 (0x0262cdb3) div     s11, t0, t1
core   0: 3 0x80003d48 (0x0262cdb3) x27 0x00000001
core   0: 0x80003d4c (0x03a6bd33) mulhu   s10, a3, s10
core   0: 3 0x80003d4c (0x03a6bd33) x26 0xbf197a8c
core   0: 0x80003d50 (0x01884933) xor     s2, a6, s8
core   0: 3 0x80003d50 (0x01884933) x18 0x80018cf5
core   0: 0x80003d54 (0x02cb7cb3) remu    s9, s6, a2
core   0: 3 0x80003d54 (0x02cb7cb3) x25 0x00000000
core   0: 0x80003d58 (0x40cad333) sra     t1, s5, a2
core   0: 3 0x80003d58 (0x40cad333) x 6 0x00000000
core   0: 0x80003d5c (0x024010b3) mulh    ra, zero, tp
core   0: 3 0x80003d5c (0x024010b3) x 1 0x00000000
core   0: 0x80003d60 (0x01dc9793) slli    a5, s9, 29
core   0: 3 0x80003d60 (0x01dc9793) x15 0x00000000
core   0: 0x80003d64 (0x036a37b3) mulhu   a5, s4, s6
core   0: 3 0x80003d64 (0x036a37b3) x15 0x00000000
core   0: 0x80003d68 (0x01f3a1b3) slt     gp, t2, t6
core   0: 3 0x80003d68 (0x01f3a1b3) x 3 0x00000000
core   0: 0x80003d6c (0x03a92633) mulhsu  a2, s2, s10
core   0: 3 0x80003d6c (0x03a92633) x12 0xa0746b0c
core   0: 0x80003d70 (0x034d0133) mul     sp, s10, s4
core   0: 3 0x80003d70 (0x034d0133) x 2 0x9c41b4b0
core   0: 0x80003d74 (0x00f33633) sltu    a2, t1, a5
core   0: 3 0x80003d74 (0x00f33633) x12 0x00000000
core   0: 0x80003d78 (0x44433213) sltiu   tp, t1, 1092
core   0: 3 0x80003d78 (0x44433213) x 4 0x00000001
core   0: 0x80003d7c (0x01485633) srl     a2, a6, s4
core   0: 3 0x80003d7c (0x01485633) x12 0x080018cf
core   0: 0x80003d80 (0x01bed013) srli    zero, t4, 27
core   0: 3 0x80003d80 (0x01bed013)
core   0: 0x80003d84 (0x00c1c833) xor     a6, gp, a2
core   0: 3 0x80003d84 (0x00c1c833) x16 0x080018cf
core   0: 0x80003d88 (0x01639713) slli    a4, t2, 22
core   0: 3 0x80003d88 (0x01639713) x14 0x00400000
core   0: 0x80003d8c (0x03176633) rem     a2, a4, a7
core   0: 3 0x80003d8c (0x03176633) x12 0x00400000
core   0: 0x80003d90 (0xaac81517) auipc   a0, 0xaac81
core   0: 3 0x80003d90 (0xaac81517) x10 0x2ac84d90
core   0: 0x80003d94 (0x40f40833) sub     a6, s0, a5
core   0: 3 0x80003d94 (0x40f40833) x16 0x00000000
core   0: 0x80003d98 (0xc78d3b13) sltiu   s6, s10, -904
core   0: 3 0x80003d98 (0xc78d3b13) x22 0x00000001
core   0: 0x80003d9c (0x010730b3) sltu    ra, a4, a6
core   0: 3 0x80003d9c (0x010730b3) x 1 0x00000000
core   0: 0x80003da0 (0xae826493) ori     s1, tp, -1304
core   0: 3 0x80003da0 (0xae826493) x 9 0xfffffae9
core   0: 0x80003da4 (0x40b35bb3) sra     s7, t1, a1
core   0: 3 0x80003da4 (0x40b35bb3) x23 0x00000000
core   0: 0x80003da8 (0x022d9233) mulh    tp, s11, sp
core   0: 3 0x80003da8 (0x022d9233) x 4 0xffffffff
core   0: 0x80003dac (0x03a40b33) mul     s6, s0, s10
core   0: 3 0x80003dac (0x03a40b33) x22 0x00000000
core   0: 0x80003db0 (0x01b685b3) add     a1, a3, s11
core   0: 3 0x80003db0 (0x01b685b3) x11 0xbf197a8f
core   0: 0x80003db4 (0x015ce3b3) or      t2, s9, s5
core   0: 3 0x80003db4 (0x015ce3b3) x 7 0x00000000
core   0: 0x80003db8 (0x01889193) slli    gp, a7, 24
core   0: 3 0x80003db8 (0x01889193) x 3 0x00000000
core   0: 0x80003dbc (0x025f9bb3) mulh    s7, t6, t0
core   0: 3 0x80003dbc (0x025f9bb3) x23 0xffffffff
core   0: 0x80003dc0 (0x4d316793) ori     a5, sp, 1235
core   0: 3 0x80003dc0 (0x4d316793) x15 0x9c41b4f3
core   0: 0x80003dc4 (0x073a6f93) ori     t6, s4, 115
core   0: 3 0x80003dc4 (0x073a6f93) x31 0x80018cf7
core   0: 0x80003dc8 (0x034290b3) mulh    ra, t0, s4
core   0: 3 0x80003dc8 (0x034290b3) x 1 0x3ffe925e
core   0: 0x80003dcc (0x7f0cb713) sltiu   a4, s9, 2032
core   0: 3 0x80003dcc (0x7f0cb713) x14 0x00000001
core   0: 0x80003dd0 (0x417ddbb3) sra     s7, s11, s7
core   0: 3 0x80003dd0 (0x417ddbb3) x23 0x00000000
core   0: 0x80003dd4 (0xc57b0f13) addi    t5, s6, -937
core   0: 3 0x80003dd4 (0xc57b0f13) x30 0xfffffc57
core   0: 0x80003dd8 (0xb0c47e13) andi    t3, s0, -1268
core   0: 3 0x80003dd8 (0xb0c47e13) x28 0x00000000
core   0: 0x80003ddc (0x032f44b3) div     s1, t5, s2
core   0: 3 0x80003ddc (0x032f44b3) x 9 0x00000000
core   0: 0x80003de0 (0x030723b3) mulhsu  t2, a4, a6
core   0: 3 0x80003de0 (0x030723b3) x 7 0x00000000
core   0: 0x80003de4 (0x00e410b3) sll     ra, s0, a4
core   0: 3 0x80003de4 (0x00e410b3) x 1 0x00000000
core   0: 0x80003de8 (0x5eb5ed93) ori     s11, a1, 1515
core   0: 3 0x80003de8 (0x5eb5ed93) x27 0xbf197fef
core   0: 0x80003dec (0x80cf2c97) auipc   s9, 0x80cf2
core   0: 3 0x80003dec (0x80cf2c97) x25 0x00cf5dec
core   0: 0x80003df0 (0x00e2cb33) xor     s6, t0, a4
core   0: 3 0x80003df0 (0x00e2cb33) x22 0x80014e65
core   0: 0x80003df4 (0x01ca5613) srli    a2, s4, 28
core   0: 3 0x80003df4 (0x01ca5613) x12 0x00000008
core   0: 0x80003df8 (0x01f01013) slli    zero, zero, 31
core   0: 3 0x80003df8 (0x01f01013)
core   0: 0x80003dfc (0x40b95433) sra     s0, s2, a1
core   0: 3 0x80003dfc (0x40b95433) x 8 0xffff0003
core   0: 0x80003e00 (0x00af70b3) and     ra, t5, a0
core   0: 3 0x80003e00 (0x00af70b3) x 1 0x2ac84c10
core   0: 0x80003e04 (0x035a9c33) mulh    s8, s5, s5
core   0: 3 0x80003e04 (0x035a9c33) x24 0x00000000
core   0: 0x80003e08 (0x0369a4b3) mulhsu  s1, s3, s6
core   0: 3 0x80003e08 (0x0369a4b3) x 9 0x00000000
core   0: 0x80003e0c (0x02580733) mul     a4, a6, t0
core   0: 3 0x80003e0c (0x02580733) x14 0x00000000
core   0: 0x80003e10 (0x031af333) remu    t1, s5, a7
core   0: 3 0x80003e10 (0x031af333) x 6 0x00000000
core   0: 0x80003e14 (0x00e49a93) slli    s5, s1, 14
core   0: 3 0x80003e14 (0x00e49a93) x21 0x00000000
core   0: 0x80003e18 (0x001f67b3) or      a5, t5, ra
core   0: 3 0x80003e18 (0x001f67b3) x15 0xfffffc57
core   0: 0x80003e1c (0x51318493) addi    s1, gp, 1299
core   0: 3 0x80003e1c (0x51318493) x 9 0x00000513
core   0: 0x80003e20 (0x01e7e933) or      s2, a5, t5
core   0: 3 0x80003e20 (0x01e7e933) x18 0xfffffc57
core   0: 0x80003e24 (0x416f5ab3) sra     s5, t5, s6
core   0: 3 0x80003e24 (0x416f5ab3) x21 0xffffffe2
core   0: 0x80003e28 (0x03b8e833) rem     a6, a7, s11
core   0: 3 0x80003e28 (0x03b8e833) x16 0x00000000
core   0: 0x80003e2c (0x02005633) divu    a2, zero, zero
core   0: 3 0x80003e2c (0x02005633) x12 0xffffffff
core   0: 0x80003e30 (0x41945b93) srai    s7, s0, 25
core   0: 3 0x80003e30 (0x41945b93) x23 0xffffffff
core   0: 0x80003e34 (0xf26afe17) auipc   t3, 0xf26af
core   0: 3 0x80003e34 (0xf26afe17) x28 0x726b2e34
core   0: 0x80003e38 (0x0294b0b3) mulhu   ra, s1, s1
core   0: 3 0x80003e38 (0x0294b0b3) x 1 0x00000000
core   0: 0x80003e3c (0x51f45497) auipc   s1, 0x51f45
core   0: 3 0x80003e3c (0x51f45497) x 9 0xd1f48e3c
core   0: 0x80003e40 (0x03fcabb3) mulhsu  s7, s9, t6
core   0: 3 0x80003e40 (0x03fcabb3) x23 0x0067b037
core   0: 0x80003e44 (0x8c9bf393) andi    t2, s7, -1847
core   0: 3 0x80003e44 (0x8c9bf393) x 7 0x0067b001
core   0: 0x80003e48 (0x01d2d833) srl     a6, t0, t4
core   0: 3 0x80003e48 (0x01d2d833) x16 0x80014e64
core   0: 0x80003e4c (0x03b47833) remu    a6, s0, s11
core   0: 3 0x80003e4c (0x03b47833) x16 0x40e58014
core   0: 0x80003e50 (0x701f2313) slti    t1, t5, 1793
core   0: 3 0x80003e50 (0x701f2313) x 6 0x00000001
core   0: 0x80003e54 (0x6dd53013) sltiu   zero, a0, 1757
core   0: 3 0x80003e54 (0x6dd53013)
core   0: 0x80003e58 (0x001c2eb3) slt     t4, s8, ra
core   0: 3 0x80003e58 (0x001c2eb3) x29 0x00000000
core   0: 0x80003e5c (0xaa3c3313) sltiu   t1, s8, -1373
core   0: 3 0x80003e5c (0xaa3c3313) x 6 0x00000001
core   0: 0x80003e60 (0xf767ba93) sltiu   s5, a5, -138
core   0: 3 0x80003e60 (0xf767ba93) x21 0x00000001
core   0: 0x80003e64 (0x03ef48b3) div     a7, t5, t5
core   0: 3 0x80003e64 (0x03ef48b3) x17 0x00000001
core   0: 0x80003e68 (0x3fac2913) slti    s2, s8, 1018
core   0: 3 0x80003e68 (0x3fac2913) x18 0x00000001
core   0: 0x80003e6c (0x034fd7b3) divu    a5, t6, s4
core   0: 3 0x80003e6c (0x034fd7b3) x15 0x00000001
core   0: 0x80003e70 (0x46272b13) slti    s6, a4, 1122
core   0: 3 0x80003e70 (0x46272b13) x22 0x00000001
core   0: 0x80003e74 (0x011e4b33) xor     s6, t3, a7
core   0: 3 0x80003e74 (0x011e4b33) x22 0x726b2e35
core   0: 0x80003e78 (0x008f20b3) slt     ra, t5, s0
core   0: 3 0x80003e78 (0x008f20b3) x 1 0x00000000
core   0: 0x80003e7c (0x000d4bb3) xor     s7, s10, zero
core   0: 3 0x80003e7c (0x000d4bb3) x23 0xbf197a8c
core   0: 0x80003e80 (0xc3bfa993) slti    s3, t6, -965
core   0: 3 0x80003e80 (0xc3bfa993) x19 0x00000001
core   0: 0x80003e84 (0x55adbd17) auipc   s10, 0x55adb
core   0: 3 0x80003e84 (0x55adbd17) x26 0xd5adee84
core   0: 0x80003e88 (0x01009f93) slli    t6, ra, 16
core   0: 3 0x80003e88 (0x01009f93) x31 0x00000000
core   0: 0x80003e8c (0x00ed4533) xor     a0, s10, a4
core   0: 3 0x80003e8c (0x00ed4533) x10 0xd5adee84
core   0: 0x80003e90 (0x00cda7b3) slt     a5, s11, a2
core   0: 3 0x80003e90 (0x00cda7b3) x15 0x00000001
core   0: 0x80003e94 (0x004aadb3) slt     s11, s5, tp
core   0: 3 0x80003e94 (0x004aadb3) x27 0x00000000
core   0: 0x80003e98 (0xe94a2213) slti    tp, s4, -364
core   0: 3 0x80003e98 (0xe94a2213) x 4 0x00000001
core   0: 0x80003e9c (0x00a55993) srli    s3, a0, 10
core   0: 3 0x80003e9c (0x00a55993) x19 0x00356b7b
core   0: 0x80003ea0 (0x88d4ba93) sltiu   s5, s1, -1907
core   0: 3 0x80003ea0 (0x88d4ba93) x21 0x00000001
core   0: 0x80003ea4 (0x02c3f533) remu    a0, t2, a2
core   0: 3 0x80003ea4 (0x02c3f533) x10 0x0067b001
core   0: 0x80003ea8 (0x78793517) auipc   a0, 0x78793
core   0: 3 0x80003ea8 (0x78793517) x10 0xf8796ea8
core   0: 0x80003eac (0x00467817) auipc   a6, 0x467
core   0: 3 0x80003eac (0x00467817) x16 0x8046aeac
core   0: 0x80003eb0 (0x012c1393) slli    t2, s8, 18
core   0: 3 0x80003eb0 (0x012c1393) x 7 0x00000000
core   0: 0x80003eb4 (0x020c8cb3) mul     s9, s9, zero
core   0: 3 0x80003eb4 (0x020c8cb3) x25 0x00000000
core   0: 0x80003eb8 (0x02e4d233) divu    tp, s1, a4
core   0: 3 0x80003eb8 (0x02e4d233) x 4 0xffffffff
core   0: 0x80003ebc (0x02f5d3b3) divu    t2, a1, a5
core   0: 3 0x80003ebc (0x02f5d3b3) x 7 0xbf197a8f
core   0: 0x80003ec0 (0xf5ef0817) auipc   a6, 0xf5ef0
core   0: 3 0x80003ec0 (0xf5ef0817) x16 0x75ef3ec0
core   0: 0x80003ec4 (0x00285393) srli    t2, a6, 2
core   0: 3 0x80003ec4 (0x00285393) x 7 0x1d7bcfb0
core   0: 0x80003ec8 (0x000c1913) slli    s2, s8, 0
core   0: 3 0x80003ec8 (0x000c1913) x18 0x00000000
core   0: 0x80003ecc (0x0006b433) sltu    s0, a3, zero
core   0: 3 0x80003ecc (0x0006b433) x 8 0x00000000
core   0: 0x80003ed0 (0x404e0d33) sub     s10, t3, tp
core   0: 3 0x80003ed0 (0x404e0d33) x26 0x726b2e35
core   0: 0x80003ed4 (0x03dab7b3) mulhu   a5, s5, t4
core   0: 3 0x80003ed4 (0x03dab7b3) x15 0x00000000
core   0: 0x80003ed8 (0xeec4a417) auipc   s0, 0xeec4a
core   0: 3 0x80003ed8 (0xeec4a417) x 8 0x6ec4ded8
core   0: 0x80003edc (0x851fcd93) xori    s11, t6, -1967
core   0: 3 0x80003edc (0x851fcd93) x27 0xfffff851
core   0: 0x80003ee0 (0x039c57b3) divu    a5, s8, s9
core   0: 3 0x80003ee0 (0x039c57b3) x15 0xffffffff
core   0: 0x80003ee4 (0xd3c12993) slti    s3, sp, -708
core   0: 3 0x80003ee4 (0xd3c12993) x19 0x00000001
core   0: 0x80003ee8 (0x03695f33) divu    t5, s2, s6
core   0: 3 0x80003ee8 (0x03695f33) x30 0x00000000
core   0: 0x80003eec (0xf357a813) slti    a6, a5, -203
core   0: 3 0x80003eec (0xf357a813) x16 0x00000000
core   0: 0x80003ef0 (0x08eb3c93) sltiu   s9, s6, 142
core   0: 3 0x80003ef0 (0x08eb3c93) x25 0x00000000
core   0: 0x80003ef4 (0x00fd0fb3) add     t6, s10, a5
core   0: 3 0x80003ef4 (0x00fd0fb3) x31 0x726b2e34
core   0: 0x80003ef8 (0x0315f4b3) remu    s1, a1, a7
core   0: 3 0x80003ef8 (0x0315f4b3) x 9 0x00000000
core   0: 0x80003efc (0x89a2eb17) auipc   s6, 0x89a2e
core   0: 3 0x80003efc (0x89a2eb17) x22 0x09a31efc
core   0: 0x80003f00 (0x4065ddb3) sra     s11, a1, t1
core   0: 3 0x80003f00 (0x4065ddb3) x27 0xdf8cbd47
core   0: 0x80003f04 (0x00c74733) xor     a4, a4, a2
core   0: 3 0x80003f04 (0x00c74733) x14 0xffffffff
core   0: 0x80003f08 (0x00f6c133) xor     sp, a3, a5
core   0: 3 0x80003f08 (0x00f6c133) x 2 0x40e68571
core   0: 0x80003f0c (0x84ee3513) sltiu   a0, t3, -1970
core   0: 3 0x80003f0c (0x84ee3513) x10 0x00000001
core   0: 0x80003f10 (0x408f0133) sub     sp, t5, s0
core   0: 3 0x80003f10 (0x408f0133) x 2 0x913b2128
core   0: 0x80003f14 (0x40535233) sra     tp, t1, t0
core   0: 3 0x80003f14 (0x40535233) x 4 0x00000000
core   0: 0x80003f18 (0x039e5b33) divu    s6, t3, s9
core   0: 3 0x80003f18 (0x039e5b33) x22 0xffffffff
core   0: 0x80003f1c (0x5c76fd17) auipc   s10, 0x5c76f
core   0: 3 0x80003f1c (0x5c76fd17) x26 0xdc772f1c
core   0: 0x80003f20 (0x00c62133) slt     sp, a2, a2
core   0: 3 0x80003f20 (0x00c62133) x 2 0x00000000
core   0: 0x80003f24 (0x03d40fb3) mul     t6, s0, t4
core   0: 3 0x80003f24 (0x03d40fb3) x31 0x00000000
core   0: 0x80003f28 (0xfef5c193) xori    gp, a1, -17
core   0: 3 0x80003f28 (0xfef5c193) x 3 0x40e68560
core   0: 0x80003f2c (0x017fd933) srl     s2, t6, s7
core   0: 3 0x80003f2c (0x017fd933) x18 0x00000000
core   0: 0x80003f30 (0x789f0493) addi    s1, t5, 1929
core   0: 3 0x80003f30 (0x789f0493) x 9 0x00000789
core   0: 0x80003f34 (0x123b7913) andi    s2, s6, 291
core   0: 3 0x80003f34 (0x123b7913) x18 0x00000123
core   0: 0x80003f38 (0x408603b3) sub     t2, a2, s0
core   0: 3 0x80003f38 (0x408603b3) x 7 0x913b2127
core   0: 0x80003f3c (0x03a5f7b3) remu    a5, a1, s10
core   0: 3 0x80003f3c (0x03a5f7b3) x15 0xbf197a8f
core   0: 0x80003f40 (0x40c95b33) sra     s6, s2, a2
core   0: 3 0x80003f40 (0x40c95b33) x22 0x00000000
core   0: 0x80003f44 (0x5d68d737) lui     a4, 0x5d68d
core   0: 3 0x80003f44 (0x5d68d737) x14 0x5d68d000
core   0: 0x80003f48 (0x025f2233) mulhsu  tp, t5, t0
core   0: 3 0x80003f48 (0x025f2233) x 4 0x00000000
core   0: 0x80003f4c (0xde97fc13) andi    s8, a5, -535
core   0: 3 0x80003f4c (0xde97fc13) x24 0xbf197889
core   0: 0x80003f50 (0x000ffc33) and     s8, t6, zero
core   0: 3 0x80003f50 (0x000ffc33) x24 0x00000000
core   0: 0x80003f54 (0x02606bb3) rem     s7, zero, t1
core   0: 3 0x80003f54 (0x02606bb3) x23 0x00000000
core   0: 0x80003f58 (0x026ec733) div     a4, t4, t1
core   0: 3 0x80003f58 (0x026ec733) x14 0x00000000
core   0: 0x80003f5c (0x002e5113) srli    sp, t3, 2
core   0: 3 0x80003f5c (0x002e5113) x 2 0x1c9acb8d
core   0: 0x80003f60 (0xc87df113) andi    sp, s11, -889
core   0: 3 0x80003f60 (0xc87df113) x 2 0xdf8cbc07
core   0: 0x80003f64 (0x00d39fb3) sll     t6, t2, a3
core   0: 3 0x80003f64 (0x00d39fb3) x31 0xc849c000
core   0: 0x80003f68 (0x03b5fd33) remu    s10, a1, s11
core   0: 3 0x80003f68 (0x03b5fd33) x26 0xbf197a8f
core   0: 0x80003f6c (0xda16c013) xori    zero, a3, -607
core   0: 3 0x80003f6c (0xda16c013)
core   0: 0x80003f70 (0x02eba533) mulhsu  a0, s7, a4
core   0: 3 0x80003f70 (0x02eba533) x10 0x00000000
core   0: 0x80003f74 (0x00fa1d93) slli    s11, s4, 15
core   0: 3 0x80003f74 (0x00fa1d93) x27 0xc6720000
core   0: 0x80003f78 (0x01332733) slt     a4, t1, s3
core   0: 3 0x80003f78 (0x01332733) x14 0x00000000
core   0: 0x80003f7c (0x40f5d0b3) sra     ra, a1, a5
core   0: 3 0x80003f7c (0x40f5d0b3) x 1 0xffff7e32
core   0: 0x80003f80 (0x019e84b3) add     s1, t4, s9
core   0: 3 0x80003f80 (0x019e84b3) x 9 0x00000000
core   0: 0x80003f84 (0x407c5d33) sra     s10, s8, t2
core   0: 3 0x80003f84 (0x407c5d33) x26 0x00000000
core   0: 0x80003f88 (0x40f8df93) srai    t6, a7, 15
core   0: 3 0x80003f88 (0x40f8df93) x31 0x00000000
core   0: 0x80003f8c (0x726eed93) ori     s11, t4, 1830
core   0: 3 0x80003f8c (0x726eed93) x27 0x00000726
core   0: 0x80003f90 (0x72ade613) ori     a2, s11, 1834
core   0: 3 0x80003f90 (0x72ade613) x12 0x0000072e
core   0: 0x80003f94 (0x40a00633) sub     a2, zero, a0
core   0: 3 0x80003f94 (0x40a00633) x12 0x00000000
core   0: 0x80003f98 (0x32297b13) andi    s6, s2, 802
core   0: 3 0x80003f98 (0x32297b13) x22 0x00000122
core   0: 0x80003f9c (0x02d36ab3) rem     s5, t1, a3
core   0: 3 0x80003f9c (0x02d36ab3) x21 0x00000001
core   0: 0x80003fa0 (0x01de9513) slli    a0, t4, 29
core   0: 3 0x80003fa0 (0x01de9513) x10 0x00000000
core   0: 0x80003fa4 (0x62edcb37) lui     s6, 0x62edc
core   0: 3 0x80003fa4 (0x62edcb37) x22 0x62edc000
core   0: 0x80003fa8 (0x0089c633) xor     a2, s3, s0
core   0: 3 0x80003fa8 (0x0089c633) x12 0x6ec4ded9
core   0: 0x80003fac (0x00e5dc33) srl     s8, a1, a4
core   0: 3 0x80003fac (0x00e5dc33) x24 0xbf197a8f
core   0: 0x80003fb0 (0x00c20cb3) add     s9, tp, a2
core   0: 3 0x80003fb0 (0x00c20cb3) x25 0x6ec4ded9
core   0: 0x80003fb4 (0x015c5e13) srli    t3, s8, 21
core   0: 3 0x80003fb4 (0x015c5e13) x28 0x000005f8
core   0: 0x80003fb8 (0x0013efb3) or      t6, t2, ra
core   0: 3 0x80003fb8 (0x0013efb3) x31 0xffff7f37
core   0: 0x80003fbc (0x4114d993) srai    s3, s1, 17
core   0: 3 0x80003fbc (0x4114d993) x19 0x00000000
core   0: 0x80003fc0 (0x00b4e733) or      a4, s1, a1
core   0: 3 0x80003fc0 (0x00b4e733) x14 0xbf197a8f
core   0: 0x80003fc4 (0x40bf8e33) sub     t3, t6, a1
core   0: 3 0x80003fc4 (0x40bf8e33) x28 0x40e604a8
core   0: 0x80003fc8 (0xe30fcd97) auipc   s11, 0xe30fc
core   0: 3 0x80003fc8 (0xe30fcd97) x27 0x630fffc8
core   0: 0x80003fcc (0x40d20933) sub     s2, tp, a3
core   0: 3 0x80003fcc (0x40d20933) x18 0x40e68572
core   0: 0x80003fd0 (0x020e2133) mulhsu  sp, t3, zero
core   0: 3 0x80003fd0 (0x020e2133) x 2 0x00000000
core   0: 0x80003fd4 (0x03636333) rem     t1, t1, s6
core   0: 3 0x80003fd4 (0x03636333) x 6 0x00000001
core   0: 0x80003fd8 (0x012393b3) sll     t2, t2, s2
core   0: 3 0x80003fd8 (0x012393b3) x 7 0x849c0000
core   0: 0x80003fdc (0x01c5ab33) slt     s6, a1, t3
core   0: 3 0x80003fdc (0x01c5ab33) x22 0x00000001
core   0: 0x80003fe0 (0xab47e393) ori     t2, a5, -1356
core   0: 3 0x80003fe0 (0xab47e393) x 7 0xfffffabf
core   0: 0x80003fe4 (0xf81b8c13) addi    s8, s7, -127
core   0: 3 0x80003fe4 (0xf81b8c13) x24 0xffffff81
core   0: 0x80003fe8 (0x02e268b3) rem     a7, tp, a4
core   0: 3 0x80003fe8 (0x02e268b3) x17 0x00000000
core   0: 0x80003fec (0x034c7833) remu    a6, s8, s4
core   0: 3 0x80003fec (0x034c7833) x16 0x7ffe729d
core   0: 0x80003ff0 (0x00000013) nop
core   0: 3 0x80003ff0 (0x00000013)
core   0: 0x80003ff4 (0x03201533) mulh    a0, zero, s2
core   0: 3 0x80003ff4 (0x03201533) x10 0x00000000
core   0: 0x80003ff8 (0x024347b3) div     a5, t1, tp
core   0: 3 0x80003ff8 (0x024347b3) x15 0xffffffff
core   0: 0x80003ffc (0x02ab7ab3) remu    s5, s6, a0
core   0: 3 0x80003ffc (0x02ab7ab3) x21 0x00000001
core   0: 0x80004000 (0x030ea233) mulhsu  tp, t4, a6
core   0: 3 0x80004000 (0x030ea233) x 4 0x00000000
core   0: 0x80004004 (0x01cb37b3) sltu    a5, s6, t3
core   0: 3 0x80004004 (0x01cb37b3) x15 0x00000001
core   0: 0x80004008 (0x03022eb3) mulhsu  t4, tp, a6
core   0: 3 0x80004008 (0x03022eb3) x29 0x00000000
core   0: 0x8000400c (0x822f6b93) ori     s7, t5, -2014
core   0: 3 0x8000400c (0x822f6b93) x23 0xfffff822
core   0: 0x80004010 (0x01f944b3) xor     s1, s2, t6
core   0: 3 0x80004010 (0x01f944b3) x 9 0xbf19fa45
core   0: 0x80004014 (0x012f9593) slli    a1, t6, 18
core   0: 3 0x80004014 (0x012f9593) x11 0xfcdc0000
core   0: 0x80004018 (0x8f404d93) xori    s11, zero, -1804
core   0: 3 0x80004018 (0x8f404d93) x27 0xfffff8f4
core   0: 0x8000401c (0x0146fc33) and     s8, a3, s4
core   0: 3 0x8000401c (0x0146fc33) x24 0x80010884
core   0: 0x80004020 (0x409c5c33) sra     s8, s8, s1
core   0: 3 0x80004020 (0x409c5c33) x24 0xfc000844
core   0: 0x80004024 (0x0197f8b3) and     a7, a5, s9
core   0: 3 0x80004024 (0x0197f8b3) x17 0x00000001
core   0: 0x80004028 (0x0097d833) srl     a6, a5, s1
core   0: 3 0x80004028 (0x0097d833) x16 0x00000000
core   0: 0x8000402c (0x00ffd0b3) srl     ra, t6, a5
core   0: 3 0x8000402c (0x00ffd0b3) x 1 0x7fffbf9b
core   0: 0x80004030 (0x01ab7333) and     t1, s6, s10
core   0: 3 0x80004030 (0x01ab7333) x 6 0x00000000
core   0: 0x80004034 (0xf3bbaeb7) lui     t4, 0xf3bba
core   0: 3 0x80004034 (0xf3bbaeb7) x29 0xf3bba000
core   0: 0x80004038 (0x00b728b3) slt     a7, a4, a1
core   0: 3 0x80004038 (0x00b728b3) x17 0x00000001
core   0: 0x8000403c (0x7dd67493) andi    s1, a2, 2013
core   0: 3 0x8000403c (0x7dd67493) x 9 0x000006d9
core   0: 0x80004040 (0x403681b3) sub     gp, a3, gp
core   0: 3 0x80004040 (0x403681b3) x 3 0x7e32f52e
core   0: 0x80004044 (0x018525b3) slt     a1, a0, s8
core   0: 3 0x80004044 (0x018525b3) x11 0x00000000
core   0: 0x80004048 (0x01109d33) sll     s10, ra, a7
core   0: 3 0x80004048 (0x01109d33) x26 0xffff7f36
core   0: 0x8000404c (0x14b02593) slti    a1, zero, 331
core   0: 3 0x8000404c (0x14b02593) x11 0x00000001
core   0: 0x80004050 (0x405ed793) srai    a5, t4, 5
core   0: 3 0x80004050 (0x405ed793) x15 0xff9ddd00
core   0: 0x80004054 (0x02334533) div     a0, t1, gp
core   0: 3 0x80004054 (0x02334533) x10 0x00000000
core   0: 0x80004058 (0x01684933) xor     s2, a6, s6
core   0: 3 0x80004058 (0x01684933) x18 0x00000001
core   0: 0x8000405c (0x6f07afb7) lui     t6, 0x6f07a
core   0: 3 0x8000405c (0x6f07afb7) x31 0x6f07a000
core   0: 0x80004060 (0x01ff7133) and     sp, t5, t6
core   0: 3 0x80004060 (0x01ff7133) x 2 0x00000000
core   0: 0x80004064 (0x40f40533) sub     a0, s0, a5
core   0: 3 0x80004064 (0x40f40533) x10 0x6f2701d8
core   0: 0x80004068 (0x72b9c093) xori    ra, s3, 1835
core   0: 3 0x80004068 (0x72b9c093) x 1 0x0000072b
core   0: 0x8000406c (0x025dd8b3) divu    a7, s11, t0
core   0: 3 0x8000406c (0x025dd8b3) x17 0x00000001
core   0: 0x80004070 (0x00cac9b3) xor     s3, s5, a2
core   0: 3 0x80004070 (0x00cac9b3) x19 0x6ec4ded8
core   0: 0x80004074 (0x027a20b3) mulhsu  ra, s4, t2
core   0: 3 0x80004074 (0x027a20b3) x 1 0x80018f84
core   0: 0x80004078 (0x00a99cb3) sll     s9, s3, a0
core   0: 3 0x80004078 (0x00a99cb3) x25 0xd8000000
core   0: 0x8000407c (0x017a2cb3) slt     s9, s4, s7
core   0: 3 0x8000407c (0x017a2cb3) x25 0x00000001
core   0: 0x80004080 (0x00e70233) add     tp, a4, a4
core   0: 3 0x80004080 (0x00e70233) x 4 0x7e32f51e
core   0: 0x80004084 (0xa8350c93) addi    s9, a0, -1405
core   0: 3 0x80004084 (0xa8350c93) x25 0x6f26fc5b
core   0: 0x80004088 (0x0316cdb3) div     s11, a3, a7
core   0: 3 0x80004088 (0x0316cdb3) x27 0xbf197a8e
core   0: 0x8000408c (0x00c69f13) slli    t5, a3, 12
core   0: 3 0x8000408c (0x00c69f13) x30 0x97a8e000
core   0: 0x80004090 (0x41b65b93) srai    s7, a2, 27
core   0: 3 0x80004090 (0x41b65b93) x23 0x0000000d
core   0: 0x80004094 (0x8dcf0913) addi    s2, t5, -1828
core   0: 3 0x80004094 (0x8dcf0913) x18 0x97a8d8dc
core   0: 0x80004098 (0x404bd493) srai    s1, s7, 4
core   0: 3 0x80004098 (0x404bd493) x 9 0x00000000
core   0: 0x8000409c (0x038519b3) mulh    s3, a0, s8
core   0: 3 0x8000409c (0x038519b3) x19 0xfe43678f
core   0: 0x800040a0 (0x02fcef33) rem     t5, s9, a5
core   0: 3 0x800040a0 (0x02fcef33) x30 0x005d795b
core   0: 0x800040a4 (0x00e53d33) sltu    s10, a0, a4
core   0: 3 0x800040a4 (0x00e53d33) x26 0x00000001
core   0: 0x800040a8 (0x0097d313) srli    t1, a5, 9
core   0: 3 0x800040a8 (0x0097d313) x 6 0x007fceee
core   0: 0x800040ac (0x9a7e0593) addi    a1, t3, -1625
core   0: 3 0x800040ac (0x9a7e0593) x11 0x40e5fe4f
core   0: 0x800040b0 (0x7f6f3e13) sltiu   t3, t5, 2038
core   0: 3 0x800040b0 (0x7f6f3e13) x28 0x00000000
core   0: 0x800040b4 (0x02281233) mulh    tp, a6, sp
core   0: 3 0x800040b4 (0x02281233) x 4 0x00000000
core   0: 0x800040b8 (0x02a75bb3) divu    s7, a4, a0
core   0: 3 0x800040b8 (0x02a75bb3) x23 0x00000001
core   0: 0x800040bc (0x00d5a033) slt     zero, a1, a3
core   0: 3 0x800040bc (0x00d5a033)
core   0: 0x800040c0 (0x03c73533) mulhu   a0, a4, t3
core   0: 3 0x800040c0 (0x03c73533) x10 0x00000000
core   0: 0x800040c4 (0x010b1933) sll     s2, s6, a6
core   0: 3 0x800040c4 (0x010b1933) x18 0x00000001
core   0: 0x800040c8 (0x00b890b3) sll     ra, a7, a1
core   0: 3 0x800040c8 (0x00b890b3) x 1 0x00008000
core   0: 0x800040cc (0x01273eb3) sltu    t4, a4, s2
core   0: 3 0x800040cc (0x01273eb3) x29 0x00000000
core   0: 0x800040d0 (0x00000013) nop
core   0: 3 0x800040d0 (0x00000013)
core   0: 0x800040d4 (0x152c5317) auipc   t1, 0x152c5
core   0: 3 0x800040d4 (0x152c5317) x 6 0x952c90d4
core   0: 0x800040d8 (0x022c73b3) remu    t2, s8, sp
core   0: 3 0x800040d8 (0x022c73b3) x 7 0xfc000844
core   0: 0x800040dc (0x03d7c133) div     sp, a5, t4
core   0: 3 0x800040dc (0x03d7c133) x 2 0xffffffff
core   0: 0x800040e0 (0x03eec4b3) div     s1, t4, t5
core   0: 3 0x800040e0 (0x03eec4b3) x 9 0x00000000
core   0: 0x800040e4 (0x00000013) nop
core   0: 3 0x800040e4 (0x00000013)
core   0: 0x800040e8 (0x0384f233) remu    tp, s1, s8
core   0: 3 0x800040e8 (0x0384f233) x 4 0x00000000
core   0: 0x800040ec (0x00ea84b3) add     s1, s5, a4
core   0: 3 0x800040ec (0x00ea84b3) x 9 0xbf197a90
core   0: 0x800040f0 (0x41efd413) srai    s0, t6, 30
core   0: 3 0x800040f0 (0x41efd413) x 8 0x00000001
core   0: 0x800040f4 (0x012e9e33) sll     t3, t4, s2
core   0: 3 0x800040f4 (0x012e9e33) x28 0x00000000
core   0: 0x800040f8 (0xb04add97) auipc   s11, 0xb04ad
core   0: 3 0x800040f8 (0xb04add97) x27 0x304b10f8
core   0: 0x800040fc (0x007e77b3) and     a5, t3, t2
core   0: 3 0x800040fc (0x007e77b3) x15 0x00000000
core   0: 0x80004100 (0x41a2d813) srai    a6, t0, 26
core   0: 3 0x80004100 (0x41a2d813) x16 0xffffffe0
core   0: 0x80004104 (0x03aad1b3) divu    gp, s5, s10
core   0: 3 0x80004104 (0x03aad1b3) x 3 0x00000001
core   0: 0x80004108 (0x4018dab3) sra     s5, a7, ra
core   0: 3 0x80004108 (0x4018dab3) x21 0x00000001
core   0: 0x8000410c (0x402188b3) sub     a7, gp, sp
core   0: 3 0x8000410c (0x402188b3) x17 0x00000002
core   0: 0x80004110 (0x00b12833) slt     a6, sp, a1
core   0: 3 0x80004110 (0x00b12833) x16 0x00000001
core   0: 0x80004114 (0x00575033) srl     zero, a4, t0
core   0: 3 0x80004114 (0x00575033)
core   0: 0x80004118 (0x01511a93) slli    s5, sp, 21
core   0: 3 0x80004118 (0x01511a93) x21 0xffe00000
core   0: 0x8000411c (0x24907d13) andi    s10, zero, 585
core   0: 3 0x8000411c (0x24907d13) x26 0x00000000
core   0: 0x80004120 (0x02a69e33) mulh    t3, a3, a0
core   0: 3 0x80004120 (0x02a69e33) x28 0x00000000
core   0: 0x80004124 (0x03ca8c33) mul     s8, s5, t3
core   0: 3 0x80004124 (0x03ca8c33) x24 0x00000000
core   0: 0x80004128 (0x02001d33) mulh    s10, zero, zero
core   0: 3 0x80004128 (0x02001d33) x26 0x00000000
core   0: 0x8000412c (0x48d16a93) ori     s5, sp, 1165
core   0: 3 0x8000412c (0x48d16a93) x21 0xffffffff
core   0: 0x80004130 (0x00ddfeb3) and     t4, s11, a3
core   0: 3 0x80004130 (0x00ddfeb3) x29 0x30091088
core   0: 0x80004134 (0x414a5fb3) sra     t6, s4, s4
core   0: 3 0x80004134 (0x414a5fb3) x31 0xf80018ce
core   0: 0x80004138 (0x021ac9b3) div     s3, s5, ra
core   0: 3 0x80004138 (0x021ac9b3) x19 0x00000000
core   0: 0x8000413c (0x00000013) nop
core   0: 3 0x8000413c (0x00000013)
core   0: 0x80004140 (0x03df4133) div     sp, t5, t4
core   0: 3 0x80004140 (0x03df4133) x 2 0x00000000
core   0: 0x80004144 (0x00000013) nop
core   0: 3 0x80004144 (0x00000013)
core   0: 0x80004148 (0x41c38eb3) sub     t4, t2, t3
core   0: 3 0x80004148 (0x41c38eb3) x29 0xfc000844
core   0: 0x8000414c (0xdc5db213) sltiu   tp, s11, -571
core   0: 3 0x8000414c (0xdc5db213) x 4 0x00000001
core   0: 0x80004150 (0x018be3b3) or      t2, s7, s8
core   0: 3 0x80004150 (0x018be3b3) x 7 0x00000001
core   0: 0x80004154 (0xa23b8093) addi    ra, s7, -1501
core   0: 3 0x80004154 (0xa23b8093) x 1 0xfffffa24
core   0: 0x80004158 (0x01ac0b13) addi    s6, s8, 26
core   0: 3 0x80004158 (0x01ac0b13) x22 0x0000001a
core   0: 0x8000415c (0x02c9b733) mulhu   a4, s3, a2
core   0: 3 0x8000415c (0x02c9b733) x14 0x00000000
core   0: 0x80004160 (0x393c0c13) addi    s8, s8, 915
core   0: 3 0x80004160 (0x393c0c13) x24 0x00000393
core   0: 0x80004164 (0x88c35b17) auipc   s6, 0x88c35
core   0: 3 0x80004164 (0x88c35b17) x22 0x08c39164
core   0: 0x80004168 (0x4169d593) srai    a1, s3, 22
core   0: 3 0x80004168 (0x4169d593) x11 0x00000000
core   0: 0x8000416c (0x16af2b93) slti    s7, t5, 362
core   0: 3 0x8000416c (0x16af2b93) x23 0x00000000
core   0: 0x80004170 (0x00239f93) slli    t6, t2, 2
core   0: 3 0x80004170 (0x00239f93) x31 0x00000004
core   0: 0x80004174 (0xf6ef6513) ori     a0, t5, -146
core   0: 3 0x80004174 (0xf6ef6513) x10 0xffffff7f
core   0: 0x80004178 (0x023a1533) mulh    a0, s4, gp
core   0: 3 0x80004178 (0x023a1533) x10 0xffffffff
core   0: 0x8000417c (0x00000013) nop
core   0: 3 0x8000417c (0x00000013)
core   0: 0x80004180 (0x032ccab3) div     s5, s9, s2
core   0: 3 0x80004180 (0x032ccab3) x21 0x6f26fc5b
core   0: 0x80004184 (0xaea43e93) sltiu   t4, s0, -1302
core   0: 3 0x80004184 (0xaea43e93) x29 0x00000001
core   0: 0x80004188 (0x00000013) nop
core   0: 3 0x80004188 (0x00000013)
core   0: 0x8000418c (0x003b3e33) sltu    t3, s6, gp
core   0: 3 0x8000418c (0x003b3e33) x28 0x00000000
core   0: 0x80004190 (0x034725b3) mulhsu  a1, a4, s4
core   0: 3 0x80004190 (0x034725b3) x11 0x00000000
core   0: 0x80004194 (0x3aed3017) auipc   zero, 0x3aed3
core   0: 3 0x80004194 (0x3aed3017)
core   0: 0x80004198 (0x412a5b93) srai    s7, s4, 18
core   0: 3 0x80004198 (0x412a5b93) x23 0xffffe000
core   0: 0x8000419c (0x00455593) srli    a1, a0, 4
core   0: 3 0x8000419c (0x00455593) x11 0x0fffffff
core   0: 0x800041a0 (0xa9143213) sltiu   tp, s0, -1391
core   0: 3 0x800041a0 (0xa9143213) x 4 0x00000001
core   0: 0x800041a4 (0x0075ffb3) and     t6, a1, t2
core   0: 3 0x800041a4 (0x0075ffb3) x31 0x00000001
core   0: 0x800041a8 (0x016ca233) slt     tp, s9, s6
core   0: 3 0x800041a8 (0x016ca233) x 4 0x00000000
core   0: 0x800041ac (0x798cfe93) andi    t4, s9, 1944
core   0: 3 0x800041ac (0x798cfe93) x29 0x00000418
core   0: 0x800041b0 (0xf2eb8513) addi    a0, s7, -210
core   0: 3 0x800041b0 (0xf2eb8513) x10 0xffffdf2e
core   0: 0x800041b4 (0x404ed913) srai    s2, t4, 4
core   0: 3 0x800041b4 (0x404ed913) x18 0x00000041
core   0: 0x800041b8 (0x02413333) mulhu   t1, sp, tp
core   0: 3 0x800041b8 (0x02413333) x 6 0x00000000
core   0: 0x800041bc (0x0172b633) sltu    a2, t0, s7
core   0: 3 0x800041bc (0x0172b633) x12 0x00000001
core   0: 0x800041c0 (0x8eb25c17) auipc   s8, 0x8eb25
core   0: 3 0x800041c0 (0x8eb25c17) x24 0x0eb291c0
core   0: 0x800041c4 (0x0036cab3) xor     s5, a3, gp
core   0: 3 0x800041c4 (0x0036cab3) x21 0xbf197a8f
core   0: 0x800041c8 (0x65b5c917) auipc   s2, 0x65b5c
core   0: 3 0x800041c8 (0x65b5c917) x18 0xe5b601c8
core   0: 0x800041cc (0x03ed55b3) divu    a1, s10, t5
core   0: 3 0x800041cc (0x03ed55b3) x11 0x00000000
core   0: 0x800041d0 (0x036d6833) rem     a6, s10, s6
core   0: 3 0x800041d0 (0x036d6833) x16 0x00000000
core   0: 0x800041d4 (0x00e6bb93) sltiu   s7, a3, 14
core   0: 3 0x800041d4 (0x00e6bb93) x23 0x00000000
core   0: 0x800041d8 (0xb3e6f913) andi    s2, a3, -1218
core   0: 3 0x800041d8 (0xb3e6f913) x18 0xbf197a0e
core   0: 0x800041dc (0x03d020b3) mulhsu  ra, zero, t4
core   0: 3 0x800041dc (0x03d020b3) x 1 0x00000000
core   0: 0x800041e0 (0x03a7d3b3) divu    t2, a5, s10
core   0: 3 0x800041e0 (0x03a7d3b3) x 7 0xffffffff
core   0: 0x800041e4 (0x00e12233) slt     tp, sp, a4
core   0: 3 0x800041e4 (0x00e12233) x 4 0x00000000
core   0: 0x800041e8 (0x405fd4b3) sra     s1, t6, t0
core   0: 3 0x800041e8 (0x405fd4b3) x 9 0x00000000
core   0: 0x800041ec (0x002d09b3) add     s3, s10, sp
core   0: 3 0x800041ec (0x002d09b3) x19 0x00000000
core   0: 0x800041f0 (0x03c56eb3) rem     t4, a0, t3
core   0: 3 0x800041f0 (0x03c56eb3) x29 0xffffdf2e
core   0: 0x800041f4 (0xe36ffe93) andi    t4, t6, -458
core   0: 3 0x800041f4 (0xe36ffe93) x29 0x00000000
core   0: 0x800041f8 (0x4143d713) srai    a4, t2, 20
core   0: 3 0x800041f8 (0x4143d713) x14 0xffffffff
core   0: 0x800041fc (0x00da3033) sltu    zero, s4, a3
core   0: 3 0x800041fc (0x00da3033)
core   0: 0x80004200 (0x0119d093) srli    ra, s3, 17
core   0: 3 0x80004200 (0x0119d093) x 1 0x00000000
core   0: 0x80004204 (0x01b16633) or      a2, sp, s11
core   0: 3 0x80004204 (0x01b16633) x12 0x304b10f8
core   0: 0x80004208 (0xde3c0393) addi    t2, s8, -541
core   0: 3 0x80004208 (0xde3c0393) x 7 0x0eb28fa3
core   0: 0x8000420c (0xffb7a493) slti    s1, a5, -5
core   0: 3 0x8000420c (0xffb7a493) x 9 0x00000000
core   0: 0x80004210 (0x0373d1b3) divu    gp, t2, s7
core   0: 3 0x80004210 (0x0373d1b3) x 3 0xffffffff
core   0: 0x80004214 (0x01a531b3) sltu    gp, a0, s10
core   0: 3 0x80004214 (0x01a531b3) x 3 0x00000000
core   0: 0x80004218 (0xa5835f17) auipc   t5, 0xa5835
core   0: 3 0x80004218 (0xa5835f17) x30 0x25839218
core   0: 0x8000421c (0x00000013) nop
core   0: 3 0x8000421c (0x00000013)
core   0: 0x80004220 (0x408b01b3) sub     gp, s6, s0
core   0: 3 0x80004220 (0x408b01b3) x 3 0x08c39163
core   0: 0x80004224 (0x84dabc13) sltiu   s8, s5, -1971
core   0: 3 0x80004224 (0x84dabc13) x24 0x00000001
core   0: 0x80004228 (0x016e6033) or      zero, t3, s6
core   0: 3 0x80004228 (0x016e6033)
core   0: 0x8000422c (0x7b977a93) andi    s5, a4, 1977
core   0: 3 0x8000422c (0x7b977a93) x21 0x000007b9
core   0: 0x80004230 (0x01ac9733) sll     a4, s9, s10
core   0: 3 0x80004230 (0x01ac9733) x14 0x6f26fc5b
core   0: 0x80004234 (0x015a1013) slli    zero, s4, 21
core   0: 3 0x80004234 (0x015a1013)
core   0: 0x80004238 (0x419f51b3) sra     gp, t5, s9
core   0: 3 0x80004238 (0x419f51b3) x 3 0x00000004
core   0: 0x8000423c (0x013f5733) srl     a4, t5, s3
core   0: 3 0x8000423c (0x013f5733) x14 0x25839218
core   0: 0x80004240 (0x0061b033) sltu    zero, gp, t1
core   0: 3 0x80004240 (0x0061b033)
core   0: 0x80004244 (0xd13cfe13) andi    t3, s9, -749
core   0: 3 0x80004244 (0xd13cfe13) x28 0x6f26fc13
core   0: 0x80004248 (0x788ddd97) auipc   s11, 0x788dd
core   0: 3 0x80004248 (0x788ddd97) x27 0xf88e1248
core   0: 0x8000424c (0x02121fb3) mulh    t6, tp, ra
core   0: 3 0x8000424c (0x02121fb3) x31 0x00000000
core   0: 0x80004250 (0xf14ebd93) sltiu   s11, t4, -236
core   0: 3 0x80004250 (0xf14ebd93) x27 0x00000001
core   0: 0x80004254 (0x0134dc33) srl     s8, s1, s3
core   0: 3 0x80004254 (0x0134dc33) x24 0x00000000
core   0: 0x80004258 (0x037b8733) mul     a4, s7, s7
core   0: 3 0x80004258 (0x037b8733) x14 0x00000000
core   0: 0x8000425c (0x008d4733) xor     a4, s10, s0
core   0: 3 0x8000425c (0x008d4733) x14 0x00000001
core   0: 0x80004260 (0x0020a7b3) slt     a5, ra, sp
core   0: 3 0x80004260 (0x0020a7b3) x15 0x00000000
core   0: 0x80004264 (0x024d10b3) mulh    ra, s10, tp
core   0: 3 0x80004264 (0x024d10b3) x 1 0x00000000
core   0: 0x80004268 (0x016561b3) or      gp, a0, s6
core   0: 3 0x80004268 (0x016561b3) x 3 0xffffdf6e
core   0: 0x8000426c (0x016cf833) and     a6, s9, s6
core   0: 3 0x8000426c (0x016cf833) x16 0x08029040
core   0: 0x80004270 (0x5311ff37) lui     t5, 0x5311f
core   0: 3 0x80004270 (0x5311ff37) x30 0x5311f000
core   0: 0x80004274 (0x01653133) sltu    sp, a0, s6
core   0: 3 0x80004274 (0x01653133) x 2 0x00000000
core   0: 0x80004278 (0x02115b33) divu    s6, sp, ra
core   0: 3 0x80004278 (0x02115b33) x22 0xffffffff
core   0: 0x8000427c (0x0281b7b3) mulhu   a5, gp, s0
core   0: 3 0x8000427c (0x0281b7b3) x15 0x00000000
core   0: 0x80004280 (0x031a9633) mulh    a2, s5, a7
core   0: 3 0x80004280 (0x031a9633) x12 0x00000000
core   0: 0x80004284 (0xe1fe7117) auipc   sp, 0xe1fe7
core   0: 3 0x80004284 (0xe1fe7117) x 2 0x61feb284
core   0: 0x80004288 (0x9b410493) addi    s1, sp, -1612
core   0: 3 0x80004288 (0x9b410493) x 9 0x61feac38
core   0: 0x8000428c (0x0281eb33) rem     s6, gp, s0
core   0: 3 0x8000428c (0x0281eb33) x22 0x00000000
core   0: 0x80004290 (0x013dbdb3) sltu    s11, s11, s3
core   0: 3 0x80004290 (0x013dbdb3) x27 0x00000000
core   0: 0x80004294 (0x02aab9b3) mulhu   s3, s5, a0
core   0: 3 0x80004294 (0x02aab9b3) x19 0x000007b8
core   0: 0x80004298 (0xf61c2d93) slti    s11, s8, -159
core   0: 3 0x80004298 (0xf61c2d93) x27 0x00000000
core   0: 0x8000429c (0xa4e0ef13) ori     t5, ra, -1458
core   0: 3 0x8000429c (0xa4e0ef13) x30 0xfffffa4e
core   0: 0x800042a0 (0x001f5913) srli    s2, t5, 1
core   0: 3 0x800042a0 (0x001f5913) x18 0x7ffffd27
core   0: 0x800042a4 (0x00000013) nop
core   0: 3 0x800042a4 (0x00000013)
core   0: 0x800042a8 (0x00d0dc93) srli    s9, ra, 13
core   0: 3 0x800042a8 (0x00d0dc93) x25 0x00000000
core   0: 0x800042ac (0x792c0e13) addi    t3, s8, 1938
core   0: 3 0x800042ac (0x792c0e13) x28 0x00000792
core   0: 0x800042b0 (0x02975d33) divu    s10, a4, s1
core   0: 3 0x800042b0 (0x02975d33) x26 0x00000000
core   0: 0x800042b4 (0x40d35733) sra     a4, t1, a3
core   0: 3 0x800042b4 (0x40d35733) x14 0x00000000
core   0: 0x800042b8 (0x000f1413) slli    s0, t5, 0
core   0: 3 0x800042b8 (0x000f1413) x 8 0xfffffa4e
core   0: 0x800042bc (0x03047933) remu    s2, s0, a6
core   0: 3 0x800042bc (0x03047933) x18 0x07b0828e
core   0: 0x800042c0 (0x027069b3) rem     s3, zero, t2
core   0: 3 0x800042c0 (0x027069b3) x19 0x00000000
core   0: 0x800042c4 (0x40080eb3) sub     t4, a6, zero
core   0: 3 0x800042c4 (0x40080eb3) x29 0x08029040
core   0: 0x800042c8 (0x4012dc93) srai    s9, t0, 1
core   0: 3 0x800042c8 (0x4012dc93) x25 0xc000a732
core   0: 0x800042cc (0x02d87fb3) remu    t6, a6, a3
core   0: 3 0x800042cc (0x02d87fb3) x31 0x08029040
core   0: 0x800042d0 (0x02393eb3) mulhu   t4, s2, gp
core   0: 3 0x800042d0 (0x02393eb3) x29 0x07b08193
core   0: 0x800042d4 (0x320ef993) andi    s3, t4, 800
core   0: 3 0x800042d4 (0x320ef993) x19 0x00000100
core   0: 0x800042d8 (0x406ddf33) sra     t5, s11, t1
core   0: 3 0x800042d8 (0x406ddf33) x30 0x00000000
core   0: 0x800042dc (0x03c61fb3) mulh    t6, a2, t3
core   0: 3 0x800042dc (0x03c61fb3) x31 0x00000000
core   0: 0x800042e0 (0x01b99913) slli    s2, s3, 27
core   0: 3 0x800042e0 (0x01b99913) x18 0x00000000
core   0: 0x800042e4 (0x03876533) rem     a0, a4, s8
core   0: 3 0x800042e4 (0x03876533) x10 0x00000000
core   0: 0x800042e8 (0x024aa233) mulhsu  tp, s5, tp
core   0: 3 0x800042e8 (0x024aa233) x 4 0x00000000
core   0: 0x800042ec (0x00756233) or      tp, a0, t2
core   0: 3 0x800042ec (0x00756233) x 4 0x0eb28fa3
core   0: 0x800042f0 (0x02da8133) mul     sp, s5, a3
core   0: 3 0x800042f0 (0x02da8133) x 2 0xcbc3729e
core   0: 0x800042f4 (0x03921633) mulh    a2, tp, s9
core   0: 3 0x800042f4 (0x03921633) x12 0xfc5365b0
core   0: 0x800042f8 (0x00ed5733) srl     a4, s10, a4
core   0: 3 0x800042f8 (0x00ed5733) x14 0x00000000
core   0: 0x800042fc (0x01685313) srli    t1, a6, 22
core   0: 3 0x800042fc (0x01685313) x 6 0x00000020
core   0: 0x80004300 (0x4119d933) sra     s2, s3, a7
core   0: 3 0x80004300 (0x4119d933) x18 0x00000040
core   0: 0x80004304 (0xce0d4793) xori    a5, s10, -800
core   0: 3 0x80004304 (0xce0d4793) x15 0xfffffce0
core   0: 0x80004308 (0x77602493) slti    s1, zero, 1910
core   0: 3 0x80004308 (0x77602493) x 9 0x00000001
core   0: 0x8000430c (0xee840e93) addi    t4, s0, -280
core   0: 3 0x8000430c (0xee840e93) x29 0xfffff936
core   0: 0x80004310 (0x00945333) srl     t1, s0, s1
core   0: 3 0x80004310 (0x00945333) x 6 0x7ffffd27
core   0: 0x80004314 (0x038e70b3) remu    ra, t3, s8
core   0: 3 0x80004314 (0x038e70b3) x 1 0x00000792
core   0: 0x80004318 (0x00c4cbb3) xor     s7, s1, a2
core   0: 3 0x80004318 (0x00c4cbb3) x23 0xfc5365b1
core   0: 0x8000431c (0x010175b3) and     a1, sp, a6
core   0: 3 0x8000431c (0x010175b3) x11 0x08021000
core   0: 0x80004320 (0x41b68533) sub     a0, a3, s11
core   0: 3 0x80004320 (0x41b68533) x10 0xbf197a8e
core   0: 0x80004324 (0x01887cb3) and     s9, a6, s8
core   0: 3 0x80004324 (0x01887cb3) x25 0x00000000
core   0: 0x80004328 (0x82cde0b7) lui     ra, 0x82cde
core   0: 3 0x80004328 (0x82cde0b7) x 1 0x82cde000
core   0: 0x8000432c (0xf02fae13) slti    t3, t6, -254
core   0: 3 0x8000432c (0xf02fae13) x28 0x00000000
core   0: 0x80004330 (0xcfc10ab7) lui     s5, 0xcfc10
core   0: 3 0x80004330 (0xcfc10ab7) x21 0xcfc10000
core   0: 0x80004334 (0x002ff533) and     a0, t6, sp
core   0: 3 0x80004334 (0x002ff533) x10 0x00000000
core   0: 0x80004338 (0x03e2c933) div     s2, t0, t5
core   0: 3 0x80004338 (0x03e2c933) x18 0xffffffff
core   0: 0x8000433c (0x03e921b3) mulhsu  gp, s2, t5
core   0: 3 0x8000433c (0x03e921b3) x 3 0x00000000
core   0: 0x80004340 (0x021ff933) remu    s2, t6, ra
core   0: 3 0x80004340 (0x021ff933) x18 0x00000000
core   0: 0x80004344 (0x00519413) slli    s0, gp, 5
core   0: 3 0x80004344 (0x00519413) x 8 0x00000000
core   0: 0x80004348 (0x03956633) rem     a2, a0, s9
core   0: 3 0x80004348 (0x03956633) x12 0x00000000
core   0: 0x8000434c (0x00aef8b3) and     a7, t4, a0
core   0: 3 0x8000434c (0x00aef8b3) x17 0x00000000
core   0: 0x80004350 (0x41dfd493) srai    s1, t6, 29
core   0: 3 0x80004350 (0x41dfd493) x 9 0x00000000
core   0: 0x80004354 (0x4080d8b3) sra     a7, ra, s0
core   0: 3 0x80004354 (0x4080d8b3) x17 0x82cde000
core   0: 0x80004358 (0x7aa30613) addi    a2, t1, 1962
core   0: 3 0x80004358 (0x7aa30613) x12 0x800004d1
core   0: 0x8000435c (0x02264733) div     a4, a2, sp
core   0: 3 0x8000435c (0x02264733) x14 0x00000002
core   0: 0x80004360 (0x00000013) nop
core   0: 3 0x80004360 (0x00000013)
core   0: 0x80004364 (0x00000013) nop
core   0: 3 0x80004364 (0x00000013)
core   0: 0x80004368 (0x02291b33) mulh    s6, s2, sp
core   0: 3 0x80004368 (0x02291b33) x22 0x00000000
core   0: 0x8000436c (0x02297033) remu    zero, s2, sp
core   0: 3 0x8000436c (0x02297033)
core   0: 0x80004370 (0x00b758b3) srl     a7, a4, a1
core   0: 3 0x80004370 (0x00b758b3) x17 0x00000002
core   0: 0x80004374 (0x40638433) sub     s0, t2, t1
core   0: 3 0x80004374 (0x40638433) x 8 0x8eb2927c
core   0: 0x80004378 (0x01903533) snez    a0, s9
core   0: 3 0x80004378 (0x01903533) x10 0x00000000
core   0: 0x8000437c (0x000950b3) srl     ra, s2, zero
core   0: 3 0x8000437c (0x000950b3) x 1 0x00000000
core   0: 0x80004380 (0x3f1d4cb7) lui     s9, 0x3f1d4
core   0: 3 0x80004380 (0x3f1d4cb7) x25 0x3f1d4000
core   0: 0x80004384 (0x01aad0b3) srl     ra, s5, s10
core   0: 3 0x80004384 (0x01aad0b3) x 1 0xcfc10000
core   0: 0x80004388 (0x015e6433) or      s0, t3, s5
core   0: 3 0x80004388 (0x015e6433) x 8 0xcfc10000
core   0: 0x8000438c (0x88246013) ori     zero, s0, -1918
core   0: 3 0x8000438c (0x88246013)
core   0: 0x80004390 (0x03da9d33) mulh    s10, s5, t4
core   0: 3 0x80004390 (0x03da9d33) x26 0x00000147
core   0: 0x80004394 (0x01d05513) srli    a0, zero, 29
core   0: 3 0x80004394 (0x01d05513) x10 0x00000000
core   0: 0x80004398 (0xdbbe9fb7) lui     t6, 0xdbbe9
core   0: 3 0x80004398 (0xdbbe9fb7) x31 0xdbbe9000
core   0: 0x8000439c (0x020e1ab3) mulh    s5, t3, zero
core   0: 3 0x8000439c (0x020e1ab3) x21 0x00000000
core   0: 0x800043a0 (0x7fb3e813) ori     a6, t2, 2043
core   0: 3 0x800043a0 (0x7fb3e813) x16 0x0eb28ffb
core   0: 0x800043a4 (0x018bac33) slt     s8, s7, s8
core   0: 3 0x800043a4 (0x018bac33) x24 0x00000001
core   0: 0x800043a8 (0x7a97ce13) xori    t3, a5, 1961
core   0: 3 0x800043a8 (0x7a97ce13) x28 0xfffffb49
core   0: 0x800043ac (0x402684b3) sub     s1, a3, sp
core   0: 3 0x800043ac (0x402684b3) x 9 0xf35607f0
core   0: 0x800043b0 (0x01b86ab3) or      s5, a6, s11
core   0: 3 0x800043b0 (0x01b86ab3) x21 0x0eb28ffb
core   0: 0x800043b4 (0x4f92c393) xori    t2, t0, 1273
core   0: 3 0x800043b4 (0x4f92c393) x 7 0x80014a9d
core   0: 0x800043b8 (0x2ec66137) lui     sp, 0x2ec66
core   0: 3 0x800043b8 (0x2ec66137) x 2 0x2ec66000
core   0: 0x800043bc (0x01e4df33) srl     t5, s1, t5
core   0: 3 0x800043bc (0x01e4df33) x30 0xf35607f0
core   0: 0x800043c0 (0x00f65913) srli    s2, a2, 15
core   0: 3 0x800043c0 (0x00f65913) x18 0x00010000
core   0: 0x800043c4 (0xa919c093) xori    ra, s3, -1391
core   0: 3 0x800043c4 (0xa919c093) x 1 0xfffffb91
core   0: 0x800043c8 (0x01b0fc33) and     s8, ra, s11
core   0: 3 0x800043c8 (0x01b0fc33) x24 0x00000000
core   0: 0x800043cc (0x02bd0f33) mul     t5, s10, a1
core   0: 3 0x800043cc (0x02bd0f33) x30 0x3aa27000
core   0: 0x800043d0 (0x01dfd493) srli    s1, t6, 29
core   0: 3 0x800043d0 (0x01dfd493) x 9 0x00000006
core   0: 0x800043d4 (0x1ebee513) ori     a0, t4, 491
core   0: 3 0x800043d4 (0x1ebee513) x10 0xfffff9ff
core   0: 0x800043d8 (0x03d38eb3) mul     t4, t2, t4
core   0: 3 0x800043d8 (0x03d38eb3) x29 0xf73b721e
core   0: 0x800043dc (0xf501b013) sltiu   zero, gp, -176
core   0: 3 0x800043dc (0xf501b013)
core   0: 0x800043e0 (0x016fe3b3) or      t2, t6, s6
core   0: 3 0x800043e0 (0x016fe3b3) x 7 0xdbbe9000
core   0: 0x800043e4 (0x0269e833) rem     a6, s3, t1
core   0: 3 0x800043e4 (0x0269e833) x16 0x00000100
core   0: 0x800043e8 (0x037e6c33) rem     s8, t3, s7
core   0: 3 0x800043e8 (0x037e6c33) x24 0xfffffb49
core   0: 0x800043ec (0x007d69b3) or      s3, s10, t2
core   0: 3 0x800043ec (0x007d69b3) x19 0xdbbe9147
core   0: 0x800043f0 (0x02846cb3) rem     s9, s0, s0
core   0: 3 0x800043f0 (0x02846cb3) x25 0x00000000
core   0: 0x800043f4 (0x4144d033) sra     zero, s1, s4
core   0: 3 0x800043f4 (0x4144d033)
core   0: 0x800043f8 (0x23a97e37) lui     t3, 0x23a97
core   0: 3 0x800043f8 (0x23a97e37) x28 0x23a97000
core   0: 0x800043fc (0x77ebe993) ori     s3, s7, 1918
core   0: 3 0x800043fc (0x77ebe993) x19 0xfc5367ff
core   0: 0x80004400 (0x01dbdb93) srli    s7, s7, 29
core   0: 3 0x80004400 (0x01dbdb93) x23 0x00000007
core   0: 0x80004404 (0x00109893) slli    a7, ra, 1
core   0: 3 0x80004404 (0x00109893) x17 0xfffff722
core   0: 0x80004408 (0xa2902b93) slti    s7, zero, -1495
core   0: 3 0x80004408 (0xa2902b93) x23 0x00000000
core   0: 0x8000440c (0x0115fbb7) lui     s7, 0x115f
core   0: 3 0x8000440c (0x0115fbb7) x23 0x0115f000
core   0: 0x80004410 (0x62f2b013) sltiu   zero, t0, 1583
core   0: 3 0x80004410 (0x62f2b013)
core   0: 0x80004414 (0x01a21213) slli    tp, tp, 26
core   0: 3 0x80004414 (0x01a21213) x 4 0x8c000000
core   0: 0x80004418 (0x00096e33) or      t3, s2, zero
core   0: 3 0x80004418 (0x00096e33) x28 0x00010000
core   0: 0x8000441c (0x41765813) srai    a6, a2, 23
core   0: 3 0x8000441c (0x41765813) x16 0xffffff00
core   0: 0x80004420 (0x036a5333) divu    t1, s4, s6
core   0: 3 0x80004420 (0x036a5333) x 6 0xffffffff
core   0: 0x80004424 (0x00000013) nop
core   0: 3 0x80004424 (0x00000013)
core   0: 0x80004428 (0x40f407b3) sub     a5, s0, a5
core   0: 3 0x80004428 (0x40f407b3) x15 0xcfc10320
core   0: 0x8000442c (0x02a4beb3) mulhu   t4, s1, a0
core   0: 3 0x8000442c (0x02a4beb3) x29 0x00000005
core   0: 0x80004430 (0x026f27b3) mulhsu  a5, t5, t1
core   0: 3 0x80004430 (0x026f27b3) x15 0x3aa26fff
core   0: 0x80004434 (0x029f3ab3) mulhu   s5, t5, s1
core   0: 3 0x80004434 (0x029f3ab3) x21 0x00000001
core   0: 0x80004438 (0x11d6a797) auipc   a5, 0x11d6a
core   0: 3 0x80004438 (0x11d6a797) x15 0x91d6e438
core   0: 0x8000443c (0x020f2833) mulhsu  a6, t5, zero
core   0: 3 0x8000443c (0x020f2833) x16 0x00000000
core   0: 0x80004440 (0x00fc8bb3) add     s7, s9, a5
core   0: 3 0x80004440 (0x00fc8bb3) x23 0x91d6e438
core   0: 0x80004444 (0x0195fbb3) and     s7, a1, s9
core   0: 3 0x80004444 (0x0195fbb3) x23 0x00000000
core   0: 0x80004448 (0x002ebf33) sltu    t5, t4, sp
core   0: 3 0x80004448 (0x002ebf33) x30 0x00000001
core   0: 0x8000444c (0xd6a58417) auipc   s0, 0xd6a58
core   0: 3 0x8000444c (0xd6a58417) x 8 0x56a5c44c
core   0: 0x80004450 (0xc61ceb13) ori     s6, s9, -927
core   0: 3 0x80004450 (0xc61ceb13) x22 0xfffffc61
core   0: 0x80004454 (0xab006417) auipc   s0, 0xab006
core   0: 3 0x80004454 (0xab006417) x 8 0x2b00a454
core   0: 0x80004458 (0xf3094613) xori    a2, s2, -208
core   0: 3 0x80004458 (0xf3094613) x12 0xfffeff30
core   0: 0x8000445c (0x9a373117) auipc   sp, 0x9a373
core   0: 3 0x8000445c (0x9a373117) x 2 0x1a37745c
core   0: 0x80004460 (0x01b5b933) sltu    s2, a1, s11
core   0: 3 0x80004460 (0x01b5b933) x18 0x00000000
core   0: 0x80004464 (0x726ea837) lui     a6, 0x726ea
core   0: 3 0x80004464 (0x726ea837) x16 0x726ea000
core   0: 0x80004468 (0x03f313b3) mulh    t2, t1, t6
core   0: 3 0x80004468 (0x03f313b3) x 7 0x00000000
core   0: 0x8000446c (0x016d9813) slli    a6, s11, 22
core   0: 3 0x8000446c (0x016d9813) x16 0x00000000
core   0: 0x80004470 (0x00c40633) add     a2, s0, a2
core   0: 3 0x80004470 (0x00c40633) x12 0x2affa384
core   0: 0x80004474 (0x0366efb3) rem     t6, a3, s6
core   0: 3 0x80004474 (0x0366efb3) x31 0xfffffd8c
core   0: 0x80004478 (0x00c0f9b3) and     s3, ra, a2
core   0: 3 0x80004478 (0x00c0f9b3) x19 0x2affa380
core   0: 0x8000447c (0xab22bf93) sltiu   t6, t0, -1358
core   0: 3 0x8000447c (0xab22bf93) x31 0x00000001
core   0: 0x80004480 (0xf1d2fa93) andi    s5, t0, -227
core   0: 3 0x80004480 (0xf1d2fa93) x21 0x80014e04
core   0: 0x80004484 (0x8c15bd97) auipc   s11, 0x8c15b
core   0: 3 0x80004484 (0x8c15bd97) x27 0x0c15f484
core   0: 0x80004488 (0x004bde33) srl     t3, s7, tp
core   0: 3 0x80004488 (0x004bde33) x28 0x00000000
core   0: 0x8000448c (0x01f07633) and     a2, zero, t6
core   0: 3 0x8000448c (0x01f07633) x12 0x00000000
core   0: 0x80004490 (0x03f1afb3) mulhsu  t6, gp, t6
core   0: 3 0x80004490 (0x03f1afb3) x31 0x00000000
core   0: 0x80004494 (0x03dbfeb3) remu    t4, s7, t4
core   0: 3 0x80004494 (0x03dbfeb3) x29 0x00000000
core   0: 0x80004498 (0x03e97ab3) remu    s5, s2, t5
core   0: 3 0x80004498 (0x03e97ab3) x21 0x00000000
core   0: 0x8000449c (0x40dcd893) srai    a7, s9, 13
core   0: 3 0x8000449c (0x40dcd893) x17 0x00000000
core   0: 0x800044a0 (0x03cf25b3) mulhsu  a1, t5, t3
core   0: 3 0x800044a0 (0x03cf25b3) x11 0x00000000
core   0: 0x800044a4 (0xfcda6393) ori     t2, s4, -51
core   0: 3 0x800044a4 (0xfcda6393) x 7 0xffffffed
core   0: 0x800044a8 (0x886fb393) sltiu   t2, t6, -1914
core   0: 3 0x800044a8 (0x886fb393) x 7 0x00000001
core   0: 0x800044ac (0x40840d13) addi    s10, s0, 1032
core   0: 3 0x800044ac (0x40840d13) x26 0x2b00a85c
core   0: 0x800044b0 (0x02a970b3) remu    ra, s2, a0
core   0: 3 0x800044b0 (0x02a970b3) x 1 0x00000000
core   0: 0x800044b4 (0x00000013) nop
core   0: 3 0x800044b4 (0x00000013)
core   0: 0x800044b8 (0x016d2233) slt     tp, s10, s6
core   0: 3 0x800044b8 (0x016d2233) x 4 0x00000000
core   0: 0x800044bc (0x035d4833) div     a6, s10, s5
core   0: 3 0x800044bc (0x035d4833) x16 0xffffffff
core   0: 0x800044c0 (0x03cf59b3) divu    s3, t5, t3
core   0: 3 0x800044c0 (0x03cf59b3) x19 0xffffffff
core   0: 0x800044c4 (0x00000013) nop
core   0: 3 0x800044c4 (0x00000013)
core   0: 0x800044c8 (0x02c40d33) mul     s10, s0, a2
core   0: 3 0x800044c8 (0x02c40d33) x26 0x00000000
core   0: 0x800044cc (0xa63baf13) slti    t5, s7, -1437
core   0: 3 0x800044cc (0xa63baf13) x30 0x00000000
core   0: 0x800044d0 (0x4109d893) srai    a7, s3, 16
core   0: 3 0x800044d0 (0x4109d893) x17 0xffffffff
core   0: 0x800044d4 (0x0314a433) mulhsu  s0, s1, a7
core   0: 3 0x800044d4 (0x0314a433) x 8 0x00000005
core   0: 0x800044d8 (0x03b67db3) remu    s11, a2, s11
core   0: 3 0x800044d8 (0x03b67db3) x27 0x00000000
core   0: 0x800044dc (0x40bed493) srai    s1, t4, 11
core   0: 3 0x800044dc (0x40bed493) x 9 0x00000000
core   0: 0x800044e0 (0xcfd76d93) ori     s11, a4, -771
core   0: 3 0x800044e0 (0xcfd76d93) x27 0xfffffcff
core   0: 0x800044e4 (0x014f9d13) slli    s10, t6, 20
core   0: 3 0x800044e4 (0x014f9d13) x26 0x00000000
core   0: 0x800044e8 (0xe3228493) addi    s1, t0, -462
core   0: 3 0x800044e8 (0xe3228493) x 9 0x80014c96
core   0: 0x800044ec (0x01433733) sltu    a4, t1, s4
core   0: 3 0x800044ec (0x01433733) x14 0x00000000
core   0: 0x800044f0 (0x4072d593) srai    a1, t0, 7
core   0: 3 0x800044f0 (0x4072d593) x11 0xff00029c
core   0: 0x800044f4 (0x02a1dab3) divu    s5, gp, a0
core   0: 3 0x800044f4 (0x02a1dab3) x21 0x00000000
core   0: 0x800044f8 (0x85b9a513) slti    a0, s3, -1957
core   0: 3 0x800044f8 (0x85b9a513) x10 0x00000000
core   0: 0x800044fc (0x00000013) nop
core   0: 3 0x800044fc (0x00000013)
core   0: 0x80004500 (0x00b1b833) sltu    a6, gp, a1
core   0: 3 0x80004500 (0x00b1b833) x16 0x00000001
core   0: 0x80004504 (0x353a0893) addi    a7, s4, 851
core   0: 3 0x80004504 (0x353a0893) x17 0x80019037
core   0: 0x80004508 (0x01dd7633) and     a2, s10, t4
core   0: 3 0x80004508 (0x01dd7633) x12 0x00000000
core   0: 0x8000450c (0x017410b3) sll     ra, s0, s7
core   0: 3 0x8000450c (0x017410b3) x 1 0x00000005
core   0: 0x80004510 (0x01a6ffb3) and     t6, a3, s10
core   0: 3 0x80004510 (0x01a6ffb3) x31 0x00000000
core   0: 0x80004514 (0xc5b36793) ori     a5, t1, -933
core   0: 3 0x80004514 (0xc5b36793) x15 0xffffffff
core   0: 0x80004518 (0x18b7e937) lui     s2, 0x18b7e
core   0: 3 0x80004518 (0x18b7e937) x18 0x18b7e000
core   0: 0x8000451c (0x27967e13) andi    t3, a2, 633
core   0: 3 0x8000451c (0x27967e13) x28 0x00000000
core   0: 0x80004520 (0x00f3bc33) sltu    s8, t2, a5
core   0: 3 0x80004520 (0x00f3bc33) x24 0x00000001
core   0: 0x80004524 (0x038a4233) div     tp, s4, s8
core   0: 3 0x80004524 (0x038a4233) x 4 0x80018ce4
core   0: 0x80004528 (0x13f0c593) xori    a1, ra, 319
core   0: 3 0x80004528 (0x13f0c593) x11 0x0000013a
core   0: 0x8000452c (0xd6b87a93) andi    s5, a6, -661
core   0: 3 0x8000452c (0xd6b87a93) x21 0x00000001
core   0: 0x80004530 (0x01831593) slli    a1, t1, 24
core   0: 3 0x80004530 (0x01831593) x11 0xff000000
core   0: 0x80004534 (0x03f95833) divu    a6, s2, t6
core   0: 3 0x80004534 (0x03f95833) x16 0xffffffff
core   0: 0x80004538 (0x02e9a033) mulhsu  zero, s3, a4
core   0: 3 0x80004538 (0x02e9a033)
core   0: 0x8000453c (0x0043be33) sltu    t3, t2, tp
core   0: 3 0x8000453c (0x0043be33) x28 0x00000001
core   0: 0x80004540 (0x0361a833) mulhsu  a6, gp, s6
core   0: 3 0x80004540 (0x0361a833) x16 0x00000000
core   0: 0x80004544 (0x1951fd13) andi    s10, gp, 405
core   0: 3 0x80004544 (0x1951fd13) x26 0x00000000
core   0: 0x80004548 (0x8b654213) xori    tp, a0, -1866
core   0: 3 0x80004548 (0x8b654213) x 4 0xfffff8b6
core   0: 0x8000454c (0x03e29833) mulh    a6, t0, t5
core   0: 3 0x8000454c (0x03e29833) x16 0x00000000
core   0: 0x80004550 (0x01b89213) slli    tp, a7, 27
core   0: 3 0x80004550 (0x01b89213) x 4 0xb8000000
core   0: 0x80004554 (0x8d8a2d13) slti    s10, s4, -1832
core   0: 3 0x80004554 (0x8d8a2d13) x26 0x00000001
core   0: 0x80004558 (0x66750093) addi    ra, a0, 1639
core   0: 3 0x80004558 (0x66750093) x 1 0x00000667
core   0: 0x8000455c (0x76edb793) sltiu   a5, s11, 1902
core   0: 3 0x8000455c (0x76edb793) x15 0x00000000
core   0: 0x80004560 (0x01b9e3b3) or      t2, s3, s11
core   0: 3 0x80004560 (0x01b9e3b3) x 7 0xffffffff
core   0: 0x80004564 (0x50abae13) slti    t3, s7, 1290
core   0: 3 0x80004564 (0x50abae13) x28 0x00000001
core   0: 0x80004568 (0x00bfa9b3) slt     s3, t6, a1
core   0: 3 0x80004568 (0x00bfa9b3) x19 0x00000000
core   0: 0x8000456c (0x02875133) divu    sp, a4, s0
core   0: 3 0x8000456c (0x02875133) x 2 0x00000000
core   0: 0x80004570 (0x012c1993) slli    s3, s8, 18
core   0: 3 0x80004570 (0x012c1993) x19 0x00040000
core   0: 0x80004574 (0xf4535a97) auipc   s5, 0xf4535
core   0: 3 0x80004574 (0xf4535a97) x21 0x74539574
core   0: 0x80004578 (0x009bd7b3) srl     a5, s7, s1
core   0: 3 0x80004578 (0x009bd7b3) x15 0x00000000
core   0: 0x8000457c (0x01585393) srli    t2, a6, 21
core   0: 3 0x8000457c (0x01585393) x 7 0x00000000
core   0: 0x80004580 (0x00b36433) or      s0, t1, a1
core   0: 3 0x80004580 (0x00b36433) x 8 0xffffffff
core   0: 0x80004584 (0x01079d13) slli    s10, a5, 16
core   0: 3 0x80004584 (0x01079d13) x26 0x00000000
core   0: 0x80004588 (0x00338933) add     s2, t2, gp
core   0: 3 0x80004588 (0x00338933) x18 0x00000000
core   0: 0x8000458c (0xd2758513) addi    a0, a1, -729
core   0: 3 0x8000458c (0xd2758513) x10 0xfefffd27
core   0: 0x80004590 (0x02041ab3) mulh    s5, s0, zero
core   0: 3 0x80004590 (0x02041ab3) x21 0x00000000
core   0: 0x80004594 (0x01e8ee33) or      t3, a7, t5
core   0: 3 0x80004594 (0x01e8ee33) x28 0x80019037
core   0: 0x80004598 (0x02961ab3) mulh    s5, a2, s1
core   0: 3 0x80004598 (0x02961ab3) x21 0x00000000
core   0: 0x8000459c (0x00669db3) sll     s11, a3, t1
core   0: 3 0x8000459c (0x00669db3) x27 0x00000000
core   0: 0x800045a0 (0x0365f3b3) remu    t2, a1, s6
core   0: 3 0x800045a0 (0x0365f3b3) x 7 0xff000000
core   0: 0x800045a4 (0x03a8acb3) mulhsu  s9, a7, s10
core   0: 3 0x800045a4 (0x03a8acb3) x25 0x00000000
core   0: 0x800045a8 (0x03e67433) remu    s0, a2, t5
core   0: 3 0x800045a8 (0x03e67433) x 8 0x00000000
core   0: 0x800045ac (0x41c05793) srai    a5, zero, 28
core   0: 3 0x800045ac (0x41c05793) x15 0x00000000
core   0: 0x800045b0 (0x03fb45b3) div     a1, s6, t6
core   0: 3 0x800045b0 (0x03fb45b3) x11 0xffffffff
core   0: 0x800045b4 (0xb4764e93) xori    t4, a2, -1209
core   0: 3 0x800045b4 (0xb4764e93) x29 0xfffffb47
core   0: 0x800045b8 (0xf5d9bd13) sltiu   s10, s3, -163
core   0: 3 0x800045b8 (0xf5d9bd13) x26 0x00000001
core   0: 0x800045bc (0x038857b3) divu    a5, a6, s8
core   0: 3 0x800045bc (0x038857b3) x15 0x00000000
core   0: 0x800045c0 (0x40095bb3) sra     s7, s2, zero
core   0: 3 0x800045c0 (0x40095bb3) x23 0x00000000
core   0: 0x800045c4 (0x00434733) xor     a4, t1, tp
core   0: 3 0x800045c4 (0x00434733) x14 0x47ffffff
core   0: 0x800045c8 (0x021f2933) mulhsu  s2, t5, ra
core   0: 3 0x800045c8 (0x021f2933) x18 0x00000000
core   0: 0x800045cc (0x40587d13) andi    s10, a6, 1029
core   0: 3 0x800045cc (0x40587d13) x26 0x00000000
core   0: 0x800045d0 (0x01005cb3) srl     s9, zero, a6
core   0: 3 0x800045d0 (0x01005cb3) x25 0x00000000
core   0: 0x800045d4 (0x0239c3b3) div     t2, s3, gp
core   0: 3 0x800045d4 (0x0239c3b3) x 7 0xffffffff
core   0: 0x800045d8 (0x01922033) slt     zero, tp, s9
core   0: 3 0x800045d8 (0x01922033)
core   0: 0x800045dc (0x0087a933) slt     s2, a5, s0
core   0: 3 0x800045dc (0x0087a933) x18 0x00000000
core   0: 0x800045e0 (0x40935933) sra     s2, t1, s1
core   0: 3 0x800045e0 (0x40935933) x18 0xffffffff
core   0: 0x800045e4 (0x0391e733) rem     a4, gp, s9
core   0: 3 0x800045e4 (0x0391e733) x14 0x00000000
core   0: 0x800045e8 (0x00a4d493) srli    s1, s1, 10
core   0: 3 0x800045e8 (0x00a4d493) x 9 0x00200053
core   0: 0x800045ec (0x012d4db3) xor     s11, s10, s2
core   0: 3 0x800045ec (0x012d4db3) x27 0xffffffff
core   0: 0x800045f0 (0x03372f33) mulhsu  t5, a4, s3
core   0: 3 0x800045f0 (0x03372f33) x30 0x00000000
core   0: 0x800045f4 (0x00fed313) srli    t1, t4, 15
core   0: 3 0x800045f4 (0x00fed313) x 6 0x0001ffff
core   0: 0x800045f8 (0x02bf1eb3) mulh    t4, t5, a1
core   0: 3 0x800045f8 (0x02bf1eb3) x29 0x00000000
core   0: 0x800045fc (0x824da597) auipc   a1, 0x824da
core   0: 3 0x800045fc (0x824da597) x11 0x024de5fc
core   0: 0x80004600 (0x011c9393) slli    t2, s9, 17
core   0: 3 0x80004600 (0x011c9393) x 7 0x00000000
core   0: 0x80004604 (0x00eb6633) or      a2, s6, a4
core   0: 3 0x80004604 (0x00eb6633) x12 0xfffffc61
core   0: 0x80004608 (0x0042dcb3) srl     s9, t0, tp
core   0: 3 0x80004608 (0x0042dcb3) x25 0x80014e64
core   0: 0x8000460c (0x01971cb3) sll     s9, a4, s9
core   0: 3 0x8000460c (0x01971cb3) x25 0x00000000
core   0: 0x80004610 (0x0241f0b3) remu    ra, gp, tp
core   0: 3 0x80004610 (0x0241f0b3) x 1 0x00000000
core   0: 0x80004614 (0x01415233) srl     tp, sp, s4
core   0: 3 0x80004614 (0x01415233) x 4 0x00000000
core   0: 0x80004618 (0x52f94d93) xori    s11, s2, 1327
core   0: 3 0x80004618 (0x52f94d93) x27 0xfffffad0
core   0: 0x8000461c (0x2f9151b7) lui     gp, 0x2f915
core   0: 3 0x8000461c (0x2f9151b7) x 3 0x2f915000
core   0: 0x80004620 (0x01725e33) srl     t3, tp, s7
core   0: 3 0x80004620 (0x01725e33) x28 0x00000000
core   0: 0x80004624 (0x4010df13) srai    t5, ra, 1
core   0: 3 0x80004624 (0x4010df13) x30 0x00000000
core   0: 0x80004628 (0x03d70ab3) mul     s5, a4, t4
core   0: 3 0x80004628 (0x03d70ab3) x21 0x00000000
core   0: 0x8000462c (0x026e3db3) mulhu   s11, t3, t1
core   0: 3 0x8000462c (0x026e3db3) x27 0x00000000
core   0: 0x80004630 (0x02c66c33) rem     s8, a2, a2
core   0: 3 0x80004630 (0x02c66c33) x24 0x00000000
core   0: 0x80004634 (0x02759db3) mulh    s11, a1, t2
core   0: 3 0x80004634 (0x02759db3) x27 0x00000000
core   0: 0x80004638 (0x2452f917) auipc   s2, 0x2452f
core   0: 3 0x80004638 (0x2452f917) x18 0xa4533638
core   0: 0x8000463c (0x0395eb33) rem     s6, a1, s9
core   0: 3 0x8000463c (0x0395eb33) x22 0x024de5fc
core   0: 0x80004640 (0x026b8bb3) mul     s7, s7, t1
core   0: 3 0x80004640 (0x026b8bb3) x23 0x00000000
core   0: 0x80004644 (0x41a7a393) slti    t2, a5, 1050
core   0: 3 0x80004644 (0x41a7a393) x 7 0x00000001
core   0: 0x80004648 (0x91f9f813) andi    a6, s3, -1761
core   0: 3 0x80004648 (0x91f9f813) x16 0x00040000
core   0: 0x8000464c (0x01e198b3) sll     a7, gp, t5
core   0: 3 0x8000464c (0x01e198b3) x17 0x2f915000
core   0: 0x80004650 (0x20c1a093) slti    ra, gp, 524
core   0: 3 0x80004650 (0x20c1a093) x 1 0x00000000
core   0: 0x80004654 (0x00000013) nop
core   0: 3 0x80004654 (0x00000013)
core   0: 0x80004658 (0x03340333) mul     t1, s0, s3
core   0: 3 0x80004658 (0x03340333) x 6 0x00000000
core   0: 0x8000465c (0x00000013) nop
core   0: 3 0x8000465c (0x00000013)
core   0: 0x80004660 (0x3f20f093) andi    ra, ra, 1010
core   0: 3 0x80004660 (0x3f20f093) x 1 0x00000000
core   0: 0x80004664 (0x41c45b93) srai    s7, s0, 28
core   0: 3 0x80004664 (0x41c45b93) x23 0x00000000
core   0: 0x80004668 (0x0082fb33) and     s6, t0, s0
core   0: 3 0x80004668 (0x0082fb33) x22 0x00000000
core   0: 0x8000466c (0x5b254113) xori    sp, a0, 1458
core   0: 3 0x8000466c (0x5b254113) x 2 0xfefff895
core   0: 0x80004670 (0x063db1b7) lui     gp, 0x63db
core   0: 3 0x80004670 (0x063db1b7) x 3 0x063db000
core   0: 0x80004674 (0x03d3e5b3) rem     a1, t2, t4
core   0: 3 0x80004674 (0x03d3e5b3) x11 0x00000001
core   0: 0x80004678 (0x0286c0b3) div     ra, a3, s0
core   0: 3 0x80004678 (0x0286c0b3) x 1 0xffffffff
core   0: 0x8000467c (0x0282fcb3) remu    s9, t0, s0
core   0: 3 0x8000467c (0x0282fcb3) x25 0x80014e64
core   0: 0x80004680 (0x01394033) xor     zero, s2, s3
core   0: 3 0x80004680 (0x01394033)
core   0: 0x80004684 (0x03343333) mulhu   t1, s0, s3
core   0: 3 0x80004684 (0x03343333) x 6 0x00000000
core   0: 0x80004688 (0x4195d113) srai    sp, a1, 25
core   0: 3 0x80004688 (0x4195d113) x 2 0x00000000
core   0: 0x8000468c (0x407bd613) srai    a2, s7, 7
core   0: 3 0x8000468c (0x407bd613) x12 0x00000000
core   0: 0x80004690 (0x021d3f33) mulhu   t5, s10, ra
core   0: 3 0x80004690 (0x021d3f33) x30 0x00000000
core   0: 0x80004694 (0x0bddf893) andi    a7, s11, 189
core   0: 3 0x80004694 (0x0bddf893) x17 0x00000000
core   0: 0x80004698 (0xdbf5cf13) xori    t5, a1, -577
core   0: 3 0x80004698 (0xdbf5cf13) x30 0xfffffdbe
core   0: 0x8000469c (0x0036feb3) and     t4, a3, gp
core   0: 3 0x8000469c (0x0036feb3) x29 0x06193000
core   0: 0x800046a0 (0xa70183b7) lui     t2, 0xa7018
core   0: 3 0x800046a0 (0xa70183b7) x 7 0xa7018000
core   0: 0x800046a4 (0x17e4b613) sltiu   a2, s1, 382
core   0: 3 0x800046a4 (0x17e4b613) x12 0x00000000
core   0: 0x800046a8 (0x00000013) nop
core   0: 3 0x800046a8 (0x00000013)
core   0: 0x800046ac (0x035b2933) mulhsu  s2, s6, s5
core   0: 3 0x800046ac (0x035b2933) x18 0x00000000
core   0: 0x800046b0 (0xb753f493) andi    s1, t2, -1163
core   0: 3 0x800046b0 (0xb753f493) x 9 0xa7018000
core   0: 0x800046b4 (0x01727ab3) and     s5, tp, s7
core   0: 3 0x800046b4 (0x01727ab3) x21 0x00000000
core   0: 0x800046b8 (0x03b99733) mulh    a4, s3, s11
core   0: 3 0x800046b8 (0x03b99733) x14 0x00000000
core   0: 0x800046bc (0x0d29ef13) ori     t5, s3, 210
core   0: 3 0x800046bc (0x0d29ef13) x30 0x000400d2
core   0: 0x800046c0 (0x034e01b3) mul     gp, t3, s4
core   0: 3 0x800046c0 (0x034e01b3) x 3 0x00000000
core   0: 0x800046c4 (0x560c3d13) sltiu   s10, s8, 1376
core   0: 3 0x800046c4 (0x560c3d13) x26 0x00000001
core   0: 0x800046c8 (0x033825b3) mulhsu  a1, a6, s3
core   0: 3 0x800046c8 (0x033825b3) x11 0x00000010
core   0: 0x800046cc (0x02c0bc33) mulhu   s8, ra, a2
core   0: 3 0x800046cc (0x02c0bc33) x24 0x00000000
core   0: 0x800046d0 (0x02e6bcb3) mulhu   s9, a3, a4
core   0: 3 0x800046d0 (0x02e6bcb3) x25 0x00000000
core   0: 0x800046d4 (0x00005213) srli    tp, zero, 0
core   0: 3 0x800046d4 (0x00005213) x 4 0x00000000
core   0: 0x800046d8 (0x00fc2e33) slt     t3, s8, a5
core   0: 3 0x800046d8 (0x00fc2e33) x28 0x00000000
core   0: 0x800046dc (0x4bfb99b7) lui     s3, 0x4bfb9
core   0: 3 0x800046dc (0x4bfb99b7) x19 0x4bfb9000
core   0: 0x800046e0 (0x02631f33) mulh    t5, t1, t1
core   0: 3 0x800046e0 (0x02631f33) x30 0x00000000
core   0: 0x800046e4 (0x0069b5b3) sltu    a1, s3, t1
core   0: 3 0x800046e4 (0x0069b5b3) x11 0x00000000
core   0: 0x800046e8 (0x840f6bb7) lui     s7, 0x840f6
core   0: 3 0x800046e8 (0x840f6bb7) x23 0x840f6000
core   0: 0x800046ec (0x028b8b33) mul     s6, s7, s0
core   0: 3 0x800046ec (0x028b8b33) x22 0x00000000
core   0: 0x800046f0 (0xb5961537) lui     a0, 0xb5961
core   0: 3 0x800046f0 (0xb5961537) x10 0xb5961000
core   0: 0x800046f4 (0x010ac5b3) xor     a1, s5, a6
core   0: 3 0x800046f4 (0x010ac5b3) x11 0x00040000
core   0: 0x800046f8 (0x00891013) slli    zero, s2, 8
core   0: 3 0x800046f8 (0x00891013)
core   0: 0x800046fc (0x62308a97) auipc   s5, 0x62308
core   0: 3 0x800046fc (0x62308a97) x21 0xe230c6fc
core   0: 0x80004700 (0x01fd33b3) sltu    t2, s10, t6
core   0: 3 0x80004700 (0x01fd33b3) x 7 0x00000000
core   0: 0x80004704 (0x03a349b3) div     s3, t1, s10
core   0: 3 0x80004704 (0x03a349b3) x19 0x00000000
core   0: 0x80004708 (0x00232133) slt     sp, t1, sp
core   0: 3 0x80004708 (0x00232133) x 2 0x00000000
core   0: 0x8000470c (0x4068dc33) sra     s8, a7, t1
core   0: 3 0x8000470c (0x4068dc33) x24 0x00000000
core   0: 0x80004710 (0x6ba82893) slti    a7, a6, 1722
core   0: 3 0x80004710 (0x6ba82893) x17 0x00000000
core   0: 0x80004714 (0x00000013) nop
core   0: 3 0x80004714 (0x00000013)
core   0: 0x80004718 (0x0300edb3) rem     s11, ra, a6
core   0: 3 0x80004718 (0x0300edb3) x27 0xffffffff
core   0: 0x8000471c (0x762dc793) xori    a5, s11, 1890
core   0: 3 0x8000471c (0x762dc793) x15 0xfffff89d
core   0: 0x80004720 (0x0307c033) div     zero, a5, a6
core   0: 3 0x80004720 (0x0307c033)
core   0: 0x80004724 (0x034fa533) mulhsu  a0, t6, s4
core   0: 3 0x80004724 (0x034fa533) x10 0x00000000
core   0: 0x80004728 (0x0262bcb3) mulhu   s9, t0, t1
core   0: 3 0x80004728 (0x0262bcb3) x25 0x00000000
core   0: 0x8000472c (0x03f219b3) mulh    s3, tp, t6
core   0: 3 0x8000472c (0x03f219b3) x19 0x00000000
core   0: 0x80004730 (0x011b79b3) and     s3, s6, a7
core   0: 3 0x80004730 (0x011b79b3) x19 0x00000000
core   0: 0x80004734 (0x41fddd33) sra     s10, s11, t6
core   0: 3 0x80004734 (0x41fddd33) x26 0xffffffff
core   0: 0x80004738 (0x41be0ab3) sub     s5, t3, s11
core   0: 3 0x80004738 (0x41be0ab3) x21 0x00000001
core   0: 0x8000473c (0x00b56eb3) or      t4, a0, a1
core   0: 3 0x8000473c (0x00b56eb3) x29 0x00040000
core   0: 0x80004740 (0x403fdf93) srai    t6, t6, 3
core   0: 3 0x80004740 (0x403fdf93) x31 0x00000000
core   0: 0x80004744 (0xc51a2137) lui     sp, 0xc51a2
core   0: 3 0x80004744 (0xc51a2137) x 2 0xc51a2000
core   0: 0x80004748 (0x00c9b333) sltu    t1, s3, a2
core   0: 3 0x80004748 (0x00c9b333) x 6 0x00000000
core   0: 0x8000474c (0x03f1c7b3) div     a5, gp, t6
core   0: 3 0x8000474c (0x03f1c7b3) x15 0xffffffff
core   0: 0x80004750 (0x01699513) slli    a0, s3, 22
core   0: 3 0x80004750 (0x01699513) x10 0x00000000
core   0: 0x80004754 (0xc6c8af13) slti    t5, a7, -916
core   0: 3 0x80004754 (0xc6c8af13) x30 0x00000000
core   0: 0x80004758 (0x40e65933) sra     s2, a2, a4
core   0: 3 0x80004758 (0x40e65933) x18 0x00000000
core   0: 0x8000475c (0xcdd98113) addi    sp, s3, -803
core   0: 3 0x8000475c (0xcdd98113) x 2 0xfffffcdd
core   0: 0x80004760 (0x00b58eb3) add     t4, a1, a1
core   0: 3 0x80004760 (0x00b58eb3) x29 0x00080000
core   0: 0x80004764 (0x406bd033) sra     zero, s7, t1
core   0: 3 0x80004764 (0x406bd033)
core   0: 0x80004768 (0x22c9f793) andi    a5, s3, 556
core   0: 3 0x80004768 (0x22c9f793) x15 0x00000000
core   0: 0x8000476c (0x00bd0ab3) add     s5, s10, a1
core   0: 3 0x8000476c (0x00bd0ab3) x21 0x0003ffff
core   0: 0x80004770 (0xc4e26a93) ori     s5, tp, -946
core   0: 3 0x80004770 (0xc4e26a93) x21 0xfffffc4e
core   0: 0x80004774 (0x5ec9c193) xori    gp, s3, 1516
core   0: 3 0x80004774 (0x5ec9c193) x 3 0x000005ec
core   0: 0x80004778 (0x02cca133) mulhsu  sp, s9, a2
core   0: 3 0x80004778 (0x02cca133) x 2 0x00000000
core   0: 0x8000477c (0x0279a633) mulhsu  a2, s3, t2
core   0: 3 0x8000477c (0x0279a633) x12 0x00000000
core   0: 0x80004780 (0x87c2a413) slti    s0, t0, -1924
core   0: 3 0x80004780 (0x87c2a413) x 8 0x00000001
core   0: 0x80004784 (0xd5a2e993) ori     s3, t0, -678
core   0: 3 0x80004784 (0xd5a2e993) x19 0xffffff7e
core   0: 0x80004788 (0x29e62493) slti    s1, a2, 670
core   0: 3 0x80004788 (0x29e62493) x 9 0x00000001
core   0: 0x8000478c (0x01aad393) srli    t2, s5, 26
core   0: 3 0x8000478c (0x01aad393) x 7 0x0000003f
core   0: 0x80004790 (0x03c99233) mulh    tp, s3, t3
core   0: 3 0x80004790 (0x03c99233) x 4 0x00000000
core   0: 0x80004794 (0x033cb3b3) mulhu   t2, s9, s3
core   0: 3 0x80004794 (0x033cb3b3) x 7 0x00000000
core   0: 0x80004798 (0x01111e33) sll     t3, sp, a7
core   0: 3 0x80004798 (0x01111e33) x28 0x00000000
core   0: 0x8000479c (0x7dd04497) auipc   s1, 0x7dd04
core   0: 3 0x8000479c (0x7dd04497) x 9 0xfdd0879c
core   0: 0x800047a0 (0x01ff29b3) slt     s3, t5, t6
core   0: 3 0x800047a0 (0x01ff29b3) x19 0x00000000
core   0: 0x800047a4 (0x411c8cb3) sub     s9, s9, a7
core   0: 3 0x800047a4 (0x411c8cb3) x25 0x00000000
core   0: 0x800047a8 (0x03b73ab3) mulhu   s5, a4, s11
core   0: 3 0x800047a8 (0x03b73ab3) x21 0x00000000
core   0: 0x800047ac (0x01d71e93) slli    t4, a4, 29
core   0: 3 0x800047ac (0x01d71e93) x29 0x00000000
core   0: 0x800047b0 (0x013cdab3) srl     s5, s9, s3
core   0: 3 0x800047b0 (0x013cdab3) x21 0x00000000
core   0: 0x800047b4 (0x01dff3b3) and     t2, t6, t4
core   0: 3 0x800047b4 (0x01dff3b3) x 7 0x00000000
core   0: 0x800047b8 (0xeecd6113) ori     sp, s10, -276
core   0: 3 0x800047b8 (0xeecd6113) x 2 0xffffffff
core   0: 0x800047bc (0xd61344b7) lui     s1, 0xd6134
core   0: 3 0x800047bc (0xd61344b7) x 9 0xd6134000
core   0: 0x800047c0 (0xd2a86413) ori     s0, a6, -726
core   0: 3 0x800047c0 (0xd2a86413) x 8 0xfffffd2a
core   0: 0x800047c4 (0x02937733) remu    a4, t1, s1
core   0: 3 0x800047c4 (0x02937733) x14 0x00000000
core   0: 0x800047c8 (0x025cf3b3) remu    t2, s9, t0
core   0: 3 0x800047c8 (0x025cf3b3) x 7 0x00000000
core   0: 0x800047cc (0x00000013) nop
core   0: 3 0x800047cc (0x00000013)
core   0: 0x800047d0 (0x7c158b17) auipc   s6, 0x7c158
core   0: 3 0x800047d0 (0x7c158b17) x22 0xfc15c7d0
core   0: 0x800047d4 (0x000730b3) sltu    ra, a4, zero
core   0: 3 0x800047d4 (0x000730b3) x 1 0x00000000
core   0: 0x800047d8 (0x008651b3) srl     gp, a2, s0
core   0: 3 0x800047d8 (0x008651b3) x 3 0x00000000
core   0: 0x800047dc (0x001c8433) add     s0, s9, ra
core   0: 3 0x800047dc (0x001c8433) x 8 0x00000000
core   0: 0x800047e0 (0x029390b3) mulh    ra, t2, s1
core   0: 3 0x800047e0 (0x029390b3) x 1 0x00000000
core   0: 0x800047e4 (0x02200333) mul     t1, zero, sp
core   0: 3 0x800047e4 (0x02200333) x 6 0x00000000
core   0: 0x800047e8 (0xbcd2fe13) andi    t3, t0, -1075
core   0: 3 0x800047e8 (0xbcd2fe13) x28 0x80014a44
core   0: 0x800047ec (0x0158ee33) or      t3, a7, s5
core   0: 3 0x800047ec (0x0158ee33) x28 0x00000000
core   0: 0x800047f0 (0x00000013) nop
core   0: 3 0x800047f0 (0x00000013)
core   0: 0x800047f4 (0x10f3c613) xori    a2, t2, 271
core   0: 3 0x800047f4 (0x10f3c613) x12 0x0000010f
core   0: 0x800047f8 (0x03fe03b3) mul     t2, t3, t6
core   0: 3 0x800047f8 (0x03fe03b3) x 7 0x00000000
core   0: 0x800047fc (0x4159d993) srai    s3, s3, 21
core   0: 3 0x800047fc (0x4159d993) x19 0x00000000
core   0: 0x80004800 (0x034491b3) mulh    gp, s1, s4
core   0: 3 0x80004800 (0x034491b3) x 3 0x14f61f00
core   0: 0x80004804 (0x01ea8133) add     sp, s5, t5
core   0: 3 0x80004804 (0x01ea8133) x 2 0x00000000
core   0: 0x80004808 (0x40d45813) srai    a6, s0, 13
core   0: 3 0x80004808 (0x40d45813) x16 0x00000000
core   0: 0x8000480c (0x9bceb513) sltiu   a0, t4, -1604
core   0: 3 0x8000480c (0x9bceb513) x10 0x00000001
core   0: 0x80004810 (0x367beb13) ori     s6, s7, 871
core   0: 3 0x80004810 (0x367beb13) x22 0x840f6367
core   0: 0x80004814 (0x40bd8fb3) sub     t6, s11, a1
core   0: 3 0x80004814 (0x40bd8fb3) x31 0xfffbffff
core   0: 0x80004818 (0x402f54b3) sra     s1, t5, sp
core   0: 3 0x80004818 (0x402f54b3) x 9 0x00000000
core   0: 0x8000481c (0x00f3b7b3) sltu    a5, t2, a5
core   0: 3 0x8000481c (0x00f3b7b3) x15 0x00000000
core   0: 0x80004820 (0x99e18193) addi    gp, gp, -1634
core   0: 3 0x80004820 (0x99e18193) x 3 0x14f6189e
core   0: 0x80004824 (0x00443333) sltu    t1, s0, tp
core   0: 3 0x80004824 (0x00443333) x 6 0x00000000
core   0: 0x80004828 (0x5f506013) ori     zero, zero, 1525
core   0: 3 0x80004828 (0x5f506013)
core   0: 0x8000482c (0xb0a02613) slti    a2, zero, -1270
core   0: 3 0x8000482c (0xb0a02613) x12 0x00000000
core   0: 0x80004830 (0x417f5813) srai    a6, t5, 23
core   0: 3 0x80004830 (0x417f5813) x16 0x00000000
core   0: 0x80004834 (0x03e467b3) rem     a5, s0, t5
core   0: 3 0x80004834 (0x03e467b3) x15 0x00000000
core   0: 0x80004838 (0xab367197) auipc   gp, 0xab367
core   0: 3 0x80004838 (0xab367197) x 3 0x2b36b838
core   0: 0x8000483c (0x02c07cb3) remu    s9, zero, a2
core   0: 3 0x8000483c (0x02c07cb3) x25 0x00000000
core   0: 0x80004840 (0x4ce9a397) auipc   t2, 0x4ce9a
core   0: 3 0x80004840 (0x4ce9a397) x 7 0xcce9e840
core   0: 0x80004844 (0x03cc3db3) mulhu   s11, s8, t3
core   0: 3 0x80004844 (0x03cc3db3) x27 0x00000000
core   0: 0x80004848 (0x007fbeb3) sltu    t4, t6, t2
core   0: 3 0x80004848 (0x007fbeb3) x29 0x00000000
core   0: 0x8000484c (0x3ab3ab13) slti    s6, t2, 939
core   0: 3 0x8000484c (0x3ab3ab13) x22 0x00000001
core   0: 0x80004850 (0x01f4e8b3) or      a7, s1, t6
core   0: 3 0x80004850 (0x01f4e8b3) x17 0xfffbffff
core   0: 0x80004854 (0x0090ddb3) srl     s11, ra, s1
core   0: 3 0x80004854 (0x0090ddb3) x27 0x00000000
core   0: 0x80004858 (0x03088233) mul     tp, a7, a6
core   0: 3 0x80004858 (0x03088233) x 4 0x00000000
core   0: 0x8000485c (0xe87dbc13) sltiu   s8, s11, -377
core   0: 3 0x8000485c (0xe87dbc13) x24 0x00000001
core   0: 0x80004860 (0x00ada4b3) slt     s1, s11, a0
core   0: 3 0x80004860 (0x00ada4b3) x 9 0x00000001
core   0: 0x80004864 (0x03a99c33) mulh    s8, s3, s10
core   0: 3 0x80004864 (0x03a99c33) x24 0x00000000
core   0: 0x80004868 (0x01751d33) sll     s10, a0, s7
core   0: 3 0x80004868 (0x01751d33) x26 0x00000001
core   0: 0x8000486c (0x00000013) nop
core   0: 3 0x8000486c (0x00000013)
core   0: 0x80004870 (0x010f5793) srli    a5, t5, 16
core   0: 3 0x80004870 (0x010f5793) x15 0x00000000
core   0: 0x80004874 (0x8b1f8f13) addi    t5, t6, -1871
core   0: 3 0x80004874 (0x8b1f8f13) x30 0xfffbf8b0
core   0: 0x80004878 (0x418558b3) sra     a7, a0, s8
core   0: 3 0x80004878 (0x418558b3) x17 0x00000001
core   0: 0x8000487c (0x41d05333) sra     t1, zero, t4
core   0: 3 0x8000487c (0x41d05333) x 6 0x00000000
core   0: 0x80004880 (0x01675b13) srli    s6, a4, 22
core   0: 3 0x80004880 (0x01675b13) x22 0x00000000
core   0: 0x80004884 (0x170495b7) lui     a1, 0x17049
core   0: 3 0x80004884 (0x170495b7) x11 0x17049000
core   0: 0x80004888 (0x001d9813) slli    a6, s11, 1
core   0: 3 0x80004888 (0x001d9813) x16 0x00000000
core   0: 0x8000488c (0x8924c913) xori    s2, s1, -1902
core   0: 3 0x8000488c (0x8924c913) x18 0xfffff893
core   0: 0x80004890 (0xed07bc13) sltiu   s8, a5, -304
core   0: 3 0x80004890 (0xed07bc13) x24 0x00000001
core   0: 0x80004894 (0x01f47eb3) and     t4, s0, t6
core   0: 3 0x80004894 (0x01f47eb3) x29 0x00000000
core   0: 0x80004898 (0x009583b3) add     t2, a1, s1
core   0: 3 0x80004898 (0x009583b3) x 7 0x17049001
core   0: 0x8000489c (0x01ce57b3) srl     a5, t3, t3
core   0: 3 0x8000489c (0x01ce57b3) x15 0x00000000
core   0: 0x800048a0 (0x03ea1db3) mulh    s11, s4, t5
core   0: 3 0x800048a0 (0x03ea1db3) x27 0x000203a1
core   0: 0x800048a4 (0xb4342d93) slti    s11, s0, -1213
core   0: 3 0x800048a4 (0xb4342d93) x27 0x00000000
core   0: 0x800048a8 (0x01b2df33) srl     t5, t0, s11
core   0: 3 0x800048a8 (0x01b2df33) x30 0x80014e64
core   0: 0x800048ac (0x6582bf13) sltiu   t5, t0, 1624
core   0: 3 0x800048ac (0x6582bf13) x30 0x00000000
core   0: 0x800048b0 (0x02282c33) mulhsu  s8, a6, sp
core   0: 3 0x800048b0 (0x02282c33) x24 0x00000000
core   0: 0x800048b4 (0x00000013) nop
core   0: 3 0x800048b4 (0x00000013)
core   0: 0x800048b8 (0x0390d433) divu    s0, ra, s9
core   0: 3 0x800048b8 (0x0390d433) x 8 0xffffffff
core   0: 0x800048bc (0x41d25e93) srai    t4, tp, 29
core   0: 3 0x800048bc (0x41d25e93) x29 0x00000000
core   0: 0x800048c0 (0x00cade33) srl     t3, s5, a2
core   0: 3 0x800048c0 (0x00cade33) x28 0x00000000
core   0: 0x800048c4 (0x025cd8b3) divu    a7, s9, t0
core   0: 3 0x800048c4 (0x025cd8b3) x17 0x00000000
core   0: 0x800048c8 (0x0169e833) or      a6, s3, s6
core   0: 3 0x800048c8 (0x0169e833) x16 0x00000000
core   0: 0x800048cc (0x00000013) nop
core   0: 3 0x800048cc (0x00000013)
core   0: 0x800048d0 (0x01855fb3) srl     t6, a0, s8
core   0: 3 0x800048d0 (0x01855fb3) x31 0x00000001
core   0: 0x800048d4 (0x012234b3) sltu    s1, tp, s2
core   0: 3 0x800048d4 (0x012234b3) x 9 0x00000001
core   0: 0x800048d8 (0x01b86933) or      s2, a6, s11
core   0: 3 0x800048d8 (0x01b86933) x18 0x00000000
core   0: 0x800048dc (0x0338bb33) mulhu   s6, a7, s3
core   0: 3 0x800048dc (0x0338bb33) x22 0x00000000
core   0: 0x800048e0 (0x017a29b3) slt     s3, s4, s7
core   0: 3 0x800048e0 (0x017a29b3) x19 0x00000001
core   0: 0x800048e4 (0x01d2beb3) sltu    t4, t0, t4
core   0: 3 0x800048e4 (0x01d2beb3) x29 0x00000000
core   0: 0x800048e8 (0x02caadb3) mulhsu  s11, s5, a2
core   0: 3 0x800048e8 (0x02caadb3) x27 0x00000000
core   0: 0x800048ec (0xfa82c893) xori    a7, t0, -88
core   0: 3 0x800048ec (0xfa82c893) x17 0x7ffeb1cc
core   0: 0x800048f0 (0x3ef4a793) slti    a5, s1, 1007
core   0: 3 0x800048f0 (0x3ef4a793) x15 0x00000001
core   0: 0x800048f4 (0x00000013) nop
core   0: 3 0x800048f4 (0x00000013)
core   0: 0x800048f8 (0x00ac54b3) srl     s1, s8, a0
core   0: 3 0x800048f8 (0x00ac54b3) x 9 0x00000000
core   0: 0x800048fc (0x41585133) sra     sp, a6, s5
core   0: 3 0x800048fc (0x41585133) x 2 0x00000000
core   0: 0x80004900 (0xfaa1eb13) ori     s6, gp, -86
core   0: 3 0x80004900 (0xfaa1eb13) x22 0xffffffba
core   0: 0x80004904 (0x02e1f5b3) remu    a1, gp, a4
core   0: 3 0x80004904 (0x02e1f5b3) x11 0x2b36b838
core   0: 0x80004908 (0x41995bb3) sra     s7, s2, s9
core   0: 3 0x80004908 (0x41995bb3) x23 0x00000000
core   0: 0x8000490c (0x008a4233) xor     tp, s4, s0
core   0: 3 0x8000490c (0x008a4233) x 4 0x7ffe731b
core   0: 0x80004910 (0x00d153b3) srl     t2, sp, a3
core   0: 3 0x80004910 (0x00d153b3) x 7 0x00000000
core   0: 0x80004914 (0x28b84213) xori    tp, a6, 651
core   0: 3 0x80004914 (0x28b84213) x 4 0x0000028b
core   0: 0x80004918 (0x00bf8c33) add     s8, t6, a1
core   0: 3 0x80004918 (0x00bf8c33) x24 0x2b36b839
core   0: 0x8000491c (0x00dbf9b3) and     s3, s7, a3
core   0: 3 0x8000491c (0x00dbf9b3) x19 0x00000000
core   0: 0x80004920 (0x00ce8cb3) add     s9, t4, a2
core   0: 3 0x80004920 (0x00ce8cb3) x25 0x00000000
core   0: 0x80004924 (0x03d64db3) div     s11, a2, t4
core   0: 3 0x80004924 (0x03d64db3) x27 0xffffffff
core   0: 0x80004928 (0x02709b33) mulh    s6, ra, t2
core   0: 3 0x80004928 (0x02709b33) x22 0x00000000
core   0: 0x8000492c (0x01499f13) slli    t5, s3, 20
core   0: 3 0x8000492c (0x01499f13) x30 0x00000000
core   0: 0x80004930 (0x02628ab3) mul     s5, t0, t1
core   0: 3 0x80004930 (0x02628ab3) x21 0x00000000
core   0: 0x80004934 (0x00000013) nop
core   0: 3 0x80004934 (0x00000013)
core   0: 0x80004938 (0x0a76a7b7) lui     a5, 0xa76a
core   0: 3 0x80004938 (0x0a76a7b7) x15 0x0a76a000
core   0: 0x8000493c (0x003b39b3) sltu    s3, s6, gp
core   0: 3 0x8000493c (0x003b39b3) x19 0x00000001
core   0: 0x80004940 (0x03b50133) mul     sp, a0, s11
core   0: 3 0x80004940 (0x03b50133) x 2 0xffffffff
core   0: 0x80004944 (0x0000d133) srl     sp, ra, zero
core   0: 3 0x80004944 (0x0000d133) x 2 0x00000000
core   0: 0x80004948 (0x01951913) slli    s2, a0, 25
core   0: 3 0x80004948 (0x01951913) x18 0x02000000
core   0: 0x8000494c (0x000badb3) slt     s11, s7, zero
core   0: 3 0x8000494c (0x000badb3) x27 0x00000000
core   0: 0x80004950 (0x0218a933) mulhsu  s2, a7, ra
core   0: 3 0x80004950 (0x0218a933) x18 0x00000000
core   0: 0x80004954 (0xd7c5ff13) andi    t5, a1, -644
core   0: 3 0x80004954 (0xd7c5ff13) x30 0x2b36b838
core   0: 0x80004958 (0xa8be6813) ori     a6, t3, -1397
core   0: 3 0x80004958 (0xa8be6813) x16 0xfffffa8b
core   0: 0x8000495c (0x03198fb3) mul     t6, s3, a7
core   0: 3 0x8000495c (0x03198fb3) x31 0x7ffeb1cc
core   0: 0x80004960 (0x1b8e4793) xori    a5, t3, 440
core   0: 3 0x80004960 (0x1b8e4793) x15 0x000001b8
core   0: 0x80004964 (0xcabc6713) ori     a4, s8, -853
core   0: 3 0x80004964 (0xcabc6713) x14 0xfffffcbb
core   0: 0x80004968 (0x415a5193) srai    gp, s4, 21
core   0: 3 0x80004968 (0x415a5193) x 3 0xfffffc00
core   0: 0x8000496c (0x028a9233) mulh    tp, s5, s0
core   0: 3 0x8000496c (0x028a9233) x 4 0x00000000
core   0: 0x80004970 (0x033807b3) mul     a5, a6, s3
core   0: 3 0x80004970 (0x033807b3) x15 0xfffffa8b
core   0: 0x80004974 (0x01062833) slt     a6, a2, a6
core   0: 3 0x80004974 (0x01062833) x16 0x00000000
core   0: 0x80004978 (0x03ec57b3) divu    a5, s8, t5
core   0: 3 0x80004978 (0x03ec57b3) x15 0x00000001
core   0: 0x8000497c (0x003ab633) sltu    a2, s5, gp
core   0: 3 0x8000497c (0x003ab633) x12 0x00000001
core   0: 0x80004980 (0x01c9a933) slt     s2, s3, t3
core   0: 3 0x80004980 (0x01c9a933) x18 0x00000000
core   0: 0x80004984 (0x024b8eb3) mul     t4, s7, tp
core   0: 3 0x80004984 (0x024b8eb3) x29 0x00000000
core   0: 0x80004988 (0x02ff8133) mul     sp, t6, a5
core   0: 3 0x80004988 (0x02ff8133) x 2 0x7ffeb1cc
core   0: 0x8000498c (0x01500533) add     a0, zero, s5
core   0: 3 0x8000498c (0x01500533) x10 0x00000000
core   0: 0x80004990 (0xb105f197) auipc   gp, 0xb105f
core   0: 3 0x80004990 (0xb105f197) x 3 0x31063990
core   0: 0x80004994 (0x2d0f0e93) addi    t4, t5, 720
core   0: 3 0x80004994 (0x2d0f0e93) x29 0x2b36bb08
core   0: 0x80004998 (0x0297c233) div     tp, a5, s1
core   0: 3 0x80004998 (0x0297c233) x 4 0xffffffff
core   0: 0x8000499c (0x41345613) srai    a2, s0, 19
core   0: 3 0x8000499c (0x41345613) x12 0xffffffff
core   0: 0x800049a0 (0xc788bb13) sltiu   s6, a7, -904
core   0: 3 0x800049a0 (0xc788bb13) x22 0x00000001
core   0: 0x800049a4 (0x03d998b3) mulh    a7, s3, t4
core   0: 3 0x800049a4 (0x03d998b3) x17 0x00000000
core   0: 0x800049a8 (0x013cd593) srli    a1, s9, 19
core   0: 3 0x800049a8 (0x013cd593) x11 0x00000000
core   0: 0x800049ac (0x2ae7d237) lui     tp, 0x2ae7d
core   0: 3 0x800049ac (0x2ae7d237) x 4 0x2ae7d000
core   0: 0x800049b0 (0x7325b837) lui     a6, 0x7325b
core   0: 3 0x800049b0 (0x7325b837) x16 0x7325b000
core   0: 0x800049b4 (0x01bcad33) slt     s10, s9, s11
core   0: 3 0x800049b4 (0x01bcad33) x26 0x00000000
core   0: 0x800049b8 (0xd9624b93) xori    s7, tp, -618
core   0: 3 0x800049b8 (0xd9624b93) x23 0xd5182d96
core   0: 0x800049bc (0x01885413) srli    s0, a6, 24
core   0: 3 0x800049bc (0x01885413) x 8 0x00000073
core   0: 0x800049c0 (0x023c6db3) rem     s11, s8, gp
core   0: 3 0x800049c0 (0x023c6db3) x27 0x2b36b839
core   0: 0x800049c4 (0x015c1c93) slli    s9, s8, 21
core   0: 3 0x800049c4 (0x015c1c93) x25 0x07200000
core   0: 0x800049c8 (0x0c916793) ori     a5, sp, 201
core   0: 3 0x800049c8 (0x0c916793) x15 0x7ffeb1cd
core   0: 0x800049cc (0x2c1c8737) lui     a4, 0x2c1c8
core   0: 3 0x800049cc (0x2c1c8737) x14 0x2c1c8000
core   0: 0x800049d0 (0x0119c733) xor     a4, s3, a7
core   0: 3 0x800049d0 (0x0119c733) x14 0x00000001
core   0: 0x800049d4 (0x02afb133) mulhu   sp, t6, a0
core   0: 3 0x800049d4 (0x02afb133) x 2 0x00000000
core   0: 0x800049d8 (0xf7362393) slti    t2, a2, -141
core   0: 3 0x800049d8 (0xf7362393) x 7 0x00000000
core   0: 0x800049dc (0xf5de7593) andi    a1, t3, -163
core   0: 3 0x800049dc (0xf5de7593) x11 0x00000000
core   0: 0x800049e0 (0x00000013) nop
core   0: 3 0x800049e0 (0x00000013)
core   0: 0x800049e4 (0x02da0db3) mul     s11, s4, a3
core   0: 3 0x800049e4 (0x02da0db3) x27 0x9c44ce78
core   0: 0x800049e8 (0xaf13ab93) slti    s7, t2, -1295
core   0: 3 0x800049e8 (0xaf13ab93) x23 0x00000000
core   0: 0x800049ec (0x0303beb3) mulhu   t4, t2, a6
core   0: 3 0x800049ec (0x0303beb3) x29 0x00000000
core   0: 0x800049f0 (0x03f08333) mul     t1, ra, t6
core   0: 3 0x800049f0 (0x03f08333) x 6 0x00000000
core   0: 0x800049f4 (0x013c0fb3) add     t6, s8, s3
core   0: 3 0x800049f4 (0x013c0fb3) x31 0x2b36b83a
core   0: 0x800049f8 (0x02636eb3) rem     t4, t1, t1
core   0: 3 0x800049f8 (0x02636eb3) x29 0x00000000
core   0: 0x800049fc (0x74d6e413) ori     s0, a3, 1869
core   0: 3 0x800049fc (0x74d6e413) x 8 0xbf197fcf
core   0: 0x80004a00 (0x0023f433) and     s0, t2, sp
core   0: 3 0x80004a00 (0x0023f433) x 8 0x00000000
core   0: 0x80004a04 (0x46a7fe13) andi    t3, a5, 1130
core   0: 3 0x80004a04 (0x46a7fe13) x28 0x00000048
core   0: 0x80004a08 (0x03b4eb33) rem     s6, s1, s11
core   0: 3 0x80004a08 (0x03b4eb33) x22 0x00000000
core   0: 0x80004a0c (0x00e4b3b3) sltu    t2, s1, a4
core   0: 3 0x80004a0c (0x00e4b3b3) x 7 0x00000001
core   0: 0x80004a10 (0xfa54b413) sltiu   s0, s1, -91
core   0: 3 0x80004a10 (0xfa54b413) x 8 0x00000001
core   0: 0x80004a14 (0x36b2fb93) andi    s7, t0, 875
core   0: 3 0x80004a14 (0x36b2fb93) x23 0x00000260
core   0: 0x80004a18 (0xf395c313) xori    t1, a1, -199
core   0: 3 0x80004a18 (0xf395c313) x 6 0xffffff39
core   0: 0x80004a1c (0x03fef0b3) remu    ra, t4, t6
core   0: 3 0x80004a1c (0x03fef0b3) x 1 0x00000000
core   0: 0x80004a20 (0xd0b60993) addi    s3, a2, -757
core   0: 3 0x80004a20 (0xd0b60993) x19 0xfffffd0a
core   0: 0x80004a24 (0x011e3bb3) sltu    s7, t3, a7
core   0: 3 0x80004a24 (0x011e3bb3) x23 0x00000000
core   0: 0x80004a28 (0x00152033) slt     zero, a0, ra
core   0: 3 0x80004a28 (0x00152033)
core   0: 0x80004a2c (0x46b44513) xori    a0, s0, 1131
core   0: 3 0x80004a2c (0x46b44513) x10 0x0000046a
core   0: 0x80004a30 (0x03cae0b3) rem     ra, s5, t3
core   0: 3 0x80004a30 (0x03cae0b3) x 1 0x00000000
core   0: 0x80004a34 (0x0106e7b3) or      a5, a3, a6
core   0: 3 0x80004a34 (0x0106e7b3) x15 0xff3dfa8e
core   0: 0x80004a38 (0x00408033) add     zero, ra, tp
core   0: 3 0x80004a38 (0x00408033)
core   0: 0x80004a3c (0x02101233) mulh    tp, zero, ra
core   0: 3 0x80004a3c (0x02101233) x 4 0x00000000
core   0: 0x80004a40 (0x0131ebb3) or      s7, gp, s3
core   0: 3 0x80004a40 (0x0131ebb3) x23 0xfffffd9a
core   0: 0x80004a44 (0x00000013) nop
core   0: 3 0x80004a44 (0x00000013)
core   0: 0x80004a48 (0x40cd5833) sra     a6, s10, a2
core   0: 3 0x80004a48 (0x40cd5833) x16 0x00000000
core   0: 0x80004a4c (0x00000013) nop
core   0: 3 0x80004a4c (0x00000013)
core   0: 0x80004a50 (0xfe0a2513) slti    a0, s4, -32
core   0: 3 0x80004a50 (0xfe0a2513) x10 0x00000001
core   0: 0x80004a54 (0x015b9f13) slli    t5, s7, 21
core   0: 3 0x80004a54 (0x015b9f13) x30 0xb3400000
core   0: 0x80004a58 (0x030eae33) mulhsu  t3, t4, a6
core   0: 3 0x80004a58 (0x030eae33) x28 0x00000000
core   0: 0x80004a5c (0x031c5533) divu    a0, s8, a7
core   0: 3 0x80004a5c (0x031c5533) x10 0xffffffff
core   0: 0x80004a60 (0x00000013) nop
core   0: 3 0x80004a60 (0x00000013)
core   0: 0x80004a64 (0x32cd7713) andi    a4, s10, 812
core   0: 3 0x80004a64 (0x32cd7713) x14 0x00000000
core   0: 0x80004a68 (0x024fbcb3) mulhu   s9, t6, tp
core   0: 3 0x80004a68 (0x024fbcb3) x25 0x00000000
core   0: 0x80004a6c (0x0047e3b3) or      t2, a5, tp
core   0: 3 0x80004a6c (0x0047e3b3) x 7 0xff3dfa8e
core   0: 0x80004a70 (0xb8973e93) sltiu   t4, a4, -1143
core   0: 3 0x80004a70 (0xb8973e93) x29 0x00000001
core   0: 0x80004a74 (0x0118abb3) slt     s7, a7, a7
core   0: 3 0x80004a74 (0x0118abb3) x23 0x00000000
core   0: 0x80004a78 (0x00000013) nop
core   0: 3 0x80004a78 (0x00000013)
core   0: 0x80004a7c (0x018f3b33) sltu    s6, t5, s8
core   0: 3 0x80004a7c (0x018f3b33) x22 0x00000000
core   0: 0x80004a80 (0x005d9313) slli    t1, s11, 5
core   0: 3 0x80004a80 (0x005d9313) x 6 0x8899cf00
core   0: 0x80004a84 (0x026b91b3) mulh    gp, s7, t1
core   0: 3 0x80004a84 (0x026b91b3) x 3 0x00000000
core   0: 0x80004a88 (0xbf7fa193) slti    gp, t6, -1033
core   0: 3 0x80004a88 (0xbf7fa193) x 3 0x00000000
core   0: 0x80004a8c (0x01b81c93) slli    s9, a6, 27
core   0: 3 0x80004a8c (0x01b81c93) x25 0x00000000
core   0: 0x80004a90 (0x03736933) rem     s2, t1, s7
core   0: 3 0x80004a90 (0x03736933) x18 0x8899cf00
core   0: 0x80004a94 (0x013c9893) slli    a7, s9, 19
core   0: 3 0x80004a94 (0x013c9893) x17 0x00000000
core   0: 0x80004a98 (0x00f97eb3) and     t4, s2, a5
core   0: 3 0x80004a98 (0x00f97eb3) x29 0x8819ca00
core   0: 0x80004a9c (0xb0af0993) addi    s3, t5, -1270
core   0: 3 0x80004a9c (0xb0af0993) x19 0xb33ffb0a
core   0: 0x80004aa0 (0x031013b3) mulh    t2, zero, a7
core   0: 3 0x80004aa0 (0x031013b3) x 7 0x00000000
core   0: 0x80004aa4 (0x0275db33) divu    s6, a1, t2
core   0: 3 0x80004aa4 (0x0275db33) x22 0xffffffff
core   0: 0x80004aa8 (0x00747d33) and     s10, s0, t2
core   0: 3 0x80004aa8 (0x00747d33) x26 0x00000000
core   0: 0x80004aac (0x69cbcc93) xori    s9, s7, 1692
core   0: 3 0x80004aac (0x69cbcc93) x25 0x0000069c
core   0: 0x80004ab0 (0x03dd49b3) div     s3, s10, t4
core   0: 3 0x80004ab0 (0x03dd49b3) x19 0x00000000
core   0: 0x80004ab4 (0x0116c3b3) xor     t2, a3, a7
core   0: 3 0x80004ab4 (0x0116c3b3) x 7 0xbf197a8e
core   0: 0x80004ab8 (0x03c08f33) mul     t5, ra, t3
core   0: 3 0x80004ab8 (0x03c08f33) x30 0x00000000
core   0: 0x80004abc (0x03017233) remu    tp, sp, a6
core   0: 3 0x80004abc (0x03017233) x 4 0x00000000
core   0: 0x80004ac0 (0xea076893) ori     a7, a4, -352
core   0: 3 0x80004ac0 (0xea076893) x17 0xfffffea0
core   0: 0x80004ac4 (0x01625513) srli    a0, tp, 22
core   0: 3 0x80004ac4 (0x01625513) x10 0x00000000
core   0: 0x80004ac8 (0x01b365b3) or      a1, t1, s11
core   0: 3 0x80004ac8 (0x01b365b3) x11 0x9cddcf78
core   0: 0x80004acc (0x415b09b3) sub     s3, s6, s5
core   0: 3 0x80004acc (0x415b09b3) x19 0xffffffff
core   0: 0x80004ad0 (0x028108b3) mul     a7, sp, s0
core   0: 3 0x80004ad0 (0x028108b3) x17 0x00000000
core   0: 0x80004ad4 (0x019ecab3) xor     s5, t4, s9
core   0: 3 0x80004ad4 (0x019ecab3) x21 0x8819cc9c
core   0: 0x80004ad8 (0x000c1b33) sll     s6, s8, zero
core   0: 3 0x80004ad8 (0x000c1b33) x22 0x2b36b839
core   0: 0x80004adc (0x1cdbfe13) andi    t3, s7, 461
core   0: 3 0x80004adc (0x1cdbfe13) x28 0x00000000
core   0: 0x80004ae0 (0x00fabeb3) sltu    t4, s5, a5
core   0: 3 0x80004ae0 (0x00fabeb3) x29 0x00000001
core   0: 0x80004ae4 (0x41d10033) sub     zero, sp, t4
core   0: 3 0x80004ae4 (0x41d10033)
core   0: 0x80004ae8 (0x79748113) addi    sp, s1, 1943
core   0: 3 0x80004ae8 (0x79748113) x 2 0x00000797
core   0: 0x80004aec (0x03bc9233) mulh    tp, s9, s11
core   0: 3 0x80004aec (0x03bc9233) x 4 0xfffffd6c
core   0: 0x80004af0 (0x01538533) add     a0, t2, s5
core   0: 3 0x80004af0 (0x01538533) x10 0x4733472a
core   0: 0x80004af4 (0x0379e0b3) rem     ra, s3, s7
core   0: 3 0x80004af4 (0x0379e0b3) x 1 0xffffffff
core   0: 0x80004af8 (0x00f9f8b3) and     a7, s3, a5
core   0: 3 0x80004af8 (0x00f9f8b3) x17 0xff3dfa8e
core   0: 0x80004afc (0x035e7bb3) remu    s7, t3, s5
core   0: 3 0x80004afc (0x035e7bb3) x23 0x00000000
core   0: 0x80004b00 (0x021bf033) remu    zero, s7, ra
core   0: 3 0x80004b00 (0x021bf033)
core   0: 0x80004b04 (0xac8b6593) ori     a1, s6, -1336
core   0: 3 0x80004b04 (0xac8b6593) x11 0xfffffaf9
core   0: 0x80004b08 (0x03253533) mulhu   a0, a0, s2
core   0: 3 0x80004b08 (0x03253533) x10 0x25fe0506
core   0: 0x80004b0c (0x40968833) sub     a6, a3, s1
core   0: 3 0x80004b0c (0x40968833) x16 0xbf197a8e
core   0: 0x80004b10 (0x03e74133) div     sp, a4, t5
core   0: 3 0x80004b10 (0x03e74133) x 2 0xffffffff
core   0: 0x80004b14 (0x0221f833) remu    a6, gp, sp
core   0: 3 0x80004b14 (0x0221f833) x16 0x00000000
core   0: 0x80004b18 (0x039d71b3) remu    gp, s10, s9
core   0: 3 0x80004b18 (0x039d71b3) x 3 0x00000000
core   0: 0x80004b1c (0x03ff3db3) mulhu   s11, t5, t6
core   0: 3 0x80004b1c (0x03ff3db3) x27 0x00000000
core   0: 0x80004b20 (0x02a1d9b3) divu    s3, gp, a0
core   0: 3 0x80004b20 (0x02a1d9b3) x19 0x00000000
core   0: 0x80004b24 (0x54a84193) xori    gp, a6, 1354
core   0: 3 0x80004b24 (0x54a84193) x 3 0x0000054a
core   0: 0x80004b28 (0x006b5c33) srl     s8, s6, t1
core   0: 3 0x80004b28 (0x006b5c33) x24 0x2b36b839
core   0: 0x80004b2c (0x03b55db3) divu    s11, a0, s11
core   0: 3 0x80004b2c (0x03b55db3) x27 0xffffffff
core   0: 0x80004b30 (0xa1328d13) addi    s10, t0, -1517
core   0: 3 0x80004b30 (0xa1328d13) x26 0x80014877
core   0: 0x80004b34 (0x01179f13) slli    t5, a5, 17
core   0: 3 0x80004b34 (0x01179f13) x30 0xf51c0000
core   0: 0x80004b38 (0x95264737) lui     a4, 0x95264
core   0: 3 0x80004b38 (0x95264737) x14 0x95264000
core   0: 0x80004b3c (0x02279cb3) mulh    s9, a5, sp
core   0: 3 0x80004b3c (0x02279cb3) x25 0x00000000
core   0: 0x80004b40 (0x02393d33) mulhu   s10, s2, gp
core   0: 3 0x80004b40 (0x02393d33) x26 0x000002d2
core   0: 0x80004b44 (0x414e5333) sra     t1, t3, s4
core   0: 3 0x80004b44 (0x414e5333) x 6 0x00000000
core   0: 0x80004b48 (0xb52a8637) lui     a2, 0xb52a8
core   0: 3 0x80004b48 (0xb52a8637) x12 0xb52a8000
core   0: 0x80004b4c (0x022fc933) div     s2, t6, sp
core   0: 3 0x80004b4c (0x022fc933) x18 0xd4c947c6
core   0: 0x80004b50 (0x604efc13) andi    s8, t4, 1540
core   0: 3 0x80004b50 (0x604efc13) x24 0x00000000
core   0: 0x80004b54 (0x00ec1d13) slli    s10, s8, 14
core   0: 3 0x80004b54 (0x00ec1d13) x26 0x00000000
core   0: 0x80004b58 (0x004ac133) xor     sp, s5, tp
core   0: 3 0x80004b58 (0x004ac133) x 2 0x77e631f0
core   0: 0x80004b5c (0x01fd9093) slli    ra, s11, 31
core   0: 3 0x80004b5c (0x01fd9093) x 1 0x80000000
core   0: 0x80004b60 (0x028f6db3) rem     s11, t5, s0
core   0: 3 0x80004b60 (0x028f6db3) x27 0x00000000
core   0: 0x80004b64 (0x42362f13) slti    t5, a2, 1059
core   0: 3 0x80004b64 (0x42362f13) x30 0x00000001
core   0: 0x80004b68 (0x4041de93) srai    t4, gp, 4
core   0: 3 0x80004b68 (0x4041de93) x29 0x00000054
core   0: 0x80004b6c (0x03c54733) div     a4, a0, t3
core   0: 3 0x80004b6c (0x03c54733) x14 0xffffffff
core   0: 0x80004b70 (0x1e330b97) auipc   s7, 0x1e330
core   0: 3 0x80004b70 (0x1e330b97) x23 0x9e334b70
core   0: 0x80004b74 (0x01d30233) add     tp, t1, t4
core   0: 3 0x80004b74 (0x01d30233) x 4 0x00000054
core   0: 0x80004b78 (0x00c59413) slli    s0, a1, 12
core   0: 3 0x80004b78 (0x00c59413) x 8 0xffaf9000
core   0: 0x80004b7c (0x0078b1b3) sltu    gp, a7, t2
core   0: 3 0x80004b7c (0x0078b1b3) x 3 0x00000000
core   0: 0x80004b80 (0x0210a533) mulhsu  a0, ra, ra
core   0: 3 0x80004b80 (0x0210a533) x10 0xc0000000
core   0: 0x80004b84 (0x0b744897) auipc   a7, 0xb744
core   0: 3 0x80004b84 (0x0b744897) x17 0x8b748b84
core   0: 0x80004b88 (0x69d7a113) slti    sp, a5, 1693
core   0: 3 0x80004b88 (0x69d7a113) x 2 0x00000001
core   0: 0x80004b8c (0x03433bb3) mulhu   s7, t1, s4
core   0: 3 0x80004b8c (0x03433bb3) x23 0x00000000
core   0: 0x80004b90 (0x0051ee33) or      t3, gp, t0
core   0: 3 0x80004b90 (0x0051ee33) x28 0x80014e64
core   0: 0x80004b94 (0x419ad493) srai    s1, s5, 25
core   0: 3 0x80004b94 (0x419ad493) x 9 0xffffffc4
core   0: 0x80004b98 (0x01a55413) srli    s0, a0, 26
core   0: 3 0x80004b98 (0x01a55413) x 8 0x00000030
core   0: 0x80004b9c (0x00b36ab3) or      s5, t1, a1
core   0: 3 0x80004b9c (0x00b36ab3) x21 0xfffffaf9
core   0: 0x80004ba0 (0x012461b3) or      gp, s0, s2
core   0: 3 0x80004ba0 (0x012461b3) x 3 0xd4c947f6
core   0: 0x80004ba4 (0x24364c93) xori    s9, a2, 579
core   0: 3 0x80004ba4 (0x24364c93) x25 0xb52a8243
core   0: 0x80004ba8 (0x9081a893) slti    a7, gp, -1784
core   0: 3 0x80004ba8 (0x9081a893) x17 0x00000001
core   0: 0x80004bac (0x00c47c33) and     s8, s0, a2
core   0: 3 0x80004bac (0x00c47c33) x24 0x00000000
core   0: 0x80004bb0 (0x00000013) nop
core   0: 3 0x80004bb0 (0x00000013)
core   0: 0x80004bb4 (0x0038e5b3) or      a1, a7, gp
core   0: 3 0x80004bb4 (0x0038e5b3) x11 0xd4c947f7
core   0: 0x80004bb8 (0x6357af13) slti    t5, a5, 1589
core   0: 3 0x80004bb8 (0x6357af13) x30 0x00000001
core   0: 0x80004bbc (0x40b25f13) srai    t5, tp, 11
core   0: 3 0x80004bbc (0x40b25f13) x30 0x00000000
core   0: 0x80004bc0 (0x4f272d93) slti    s11, a4, 1266
core   0: 3 0x80004bc0 (0x4f272d93) x27 0x00000001
core   0: 0x80004bc4 (0x027e3db3) mulhu   s11, t3, t2
core   0: 3 0x80004bc4 (0x027e3db3) x27 0x5f8db6e4
core   0: 0x80004bc8 (0x737c55b7) lui     a1, 0x737c5
core   0: 3 0x80004bc8 (0x737c55b7) x11 0x737c5000
core   0: 0x80004bcc (0x00df5113) srli    sp, t5, 13
core   0: 3 0x80004bcc (0x00df5113) x 2 0x00000000
core   0: 0x80004bd0 (0x00c19033) sll     zero, gp, a2
core   0: 3 0x80004bd0 (0x00c19033)
core   0: 0x80004bd4 (0xeec56493) ori     s1, a0, -276
core   0: 3 0x80004bd4 (0xeec56493) x 9 0xfffffeec
core   0: 0x80004bd8 (0x014534b3) sltu    s1, a0, s4
core   0: 3 0x80004bd8 (0x014534b3) x 9 0x00000000
core   0: 0x80004bdc (0x0112beb3) sltu    t4, t0, a7
core   0: 3 0x80004bdc (0x0112beb3) x29 0x00000000
core   0: 0x80004be0 (0x82c56213) ori     tp, a0, -2004
core   0: 3 0x80004be0 (0x82c56213) x 4 0xfffff82c
core   0: 0x80004be4 (0x01479d93) slli    s11, a5, 20
core   0: 3 0x80004be4 (0x01479d93) x27 0xa8e00000
core   0: 0x80004be8 (0x02327b33) remu    s6, tp, gp
core   0: 3 0x80004be8 (0x02327b33) x22 0x2b36b036
core   0: 0x80004bec (0x027314b3) mulh    s1, t1, t2
core   0: 3 0x80004bec (0x027314b3) x 9 0x00000000
core   0: 0x80004bf0 (0xe4c3e313) ori     t1, t2, -436
core   0: 3 0x80004bf0 (0xe4c3e313) x 6 0xfffffece
core   0: 0x80004bf4 (0xd7176817) auipc   a6, 0xd7176
core   0: 3 0x80004bf4 (0xd7176817) x16 0x5717abf4
core   0: 0x80004bf8 (0x8ad5c113) xori    sp, a1, -1875
core   0: 3 0x80004bf8 (0x8ad5c113) x 2 0x8c83a8ad
core   0: 0x80004bfc (0x02e361b3) rem     gp, t1, a4
core   0: 3 0x80004bfc (0x02e361b3) x 3 0x00000000
core   0: 0x80004c00 (0x0103e613) ori     a2, t2, 16
core   0: 3 0x80004c00 (0x0103e613) x12 0xbf197a9e
core   0: 0x80004c04 (0x701a0217) auipc   tp, 0x701a0
core   0: 3 0x80004c04 (0x701a0217) x 4 0xf01a4c04
core   0: 0x80004c08 (0x8706c013) xori    zero, a3, -1936
core   0: 3 0x80004c08 (0x8706c013)
core   0: 0x80004c0c (0x03506fb3) rem     t6, zero, s5
core   0: 3 0x80004c0c (0x03506fb3) x31 0x00000000
core   0: 0x80004c10 (0x5e9f24b7) lui     s1, 0x5e9f2
core   0: 3 0x80004c10 (0x5e9f24b7) x 9 0x5e9f2000
core   0: 0x80004c14 (0x00eb0eb3) add     t4, s6, a4
core   0: 3 0x80004c14 (0x00eb0eb3) x29 0x2b36b035
core   0: 0x80004c18 (0x033807b3) mul     a5, a6, s3
core   0: 3 0x80004c18 (0x033807b3) x15 0x00000000
core   0: 0x80004c1c (0x00000013) nop
core   0: 3 0x80004c1c (0x00000013)
core   0: 0x80004c20 (0x410701b3) sub     gp, a4, a6
core   0: 3 0x80004c20 (0x410701b3) x 3 0xa8e8540b
core   0: 0x80004c24 (0x0029a3b3) slt     t2, s3, sp
core   0: 3 0x80004c24 (0x0029a3b3) x 7 0x00000000
core   0: 0x80004c28 (0x00b24233) xor     tp, tp, a1
core   0: 3 0x80004c28 (0x00b24233) x 4 0x83661c04
core   0: 0x80004c2c (0x41b0d613) srai    a2, ra, 27
core   0: 3 0x80004c2c (0x41b0d613) x12 0xfffffff0
core   0: 0x80004c30 (0xac827813) andi    a6, tp, -1336
core   0: 3 0x80004c30 (0xac827813) x16 0x83661800
core   0: 0x80004c34 (0x006ce533) or      a0, s9, t1
core   0: 3 0x80004c34 (0x006ce533) x10 0xfffffecf
core   0: 0x80004c38 (0x029c2733) mulhsu  a4, s8, s1
core   0: 3 0x80004c38 (0x029c2733) x14 0x00000000
core   0: 0x80004c3c (0x0073dc13) srli    s8, t2, 7
core   0: 3 0x80004c3c (0x0073dc13) x24 0x00000000
core   0: 0x80004c40 (0x41cc5db3) sra     s11, s8, t3
core   0: 3 0x80004c40 (0x41cc5db3) x27 0x00000000
core   0: 0x80004c44 (0x58147cb7) lui     s9, 0x58147
core   0: 3 0x80004c44 (0x58147cb7) x25 0x58147000
core   0: 0x80004c48 (0x536d7893) andi    a7, s10, 1334
core   0: 3 0x80004c48 (0x536d7893) x17 0x00000000
core   0: 0x80004c4c (0x02ca41b3) div     gp, s4, a2
core   0: 3 0x80004c4c (0x02ca41b3) x 3 0x07ffe731
core   0: 0x80004c50 (0x03872f33) mulhsu  t5, a4, s8
core   0: 3 0x80004c50 (0x03872f33) x30 0x00000000
core   0: 0x80004c54 (0x038a51b3) divu    gp, s4, s8
core   0: 3 0x80004c54 (0x038a51b3) x 3 0xffffffff
core   0: 0x80004c58 (0x024cacb3) mulhsu  s9, s9, tp
core   0: 3 0x80004c58 (0x024cacb3) x25 0x2d359718
core   0: 0x80004c5c (0x41c2d993) srai    s3, t0, 28
core   0: 3 0x80004c5c (0x41c2d993) x19 0xfffffff8
core   0: 0x80004c60 (0x2bcef713) andi    a4, t4, 700
core   0: 3 0x80004c60 (0x2bcef713) x14 0x00000034
core   0: 0x80004c64 (0x00000013) nop
core   0: 3 0x80004c64 (0x00000013)
core   0: 0x80004c68 (0xc1473437) lui     s0, 0xc1473
core   0: 3 0x80004c68 (0xc1473437) x 8 0xc1473000
core   0: 0x80004c6c (0x023a37b3) mulhu   a5, s4, gp
core   0: 3 0x80004c6c (0x023a37b3) x15 0x80018ce3
core   0: 0x80004c70 (0x0129b4b3) sltu    s1, s3, s2
core   0: 3 0x80004c70 (0x0129b4b3) x 9 0x00000000
core   0: 0x80004c74 (0x008cf3b3) and     t2, s9, s0
core   0: 3 0x80004c74 (0x008cf3b3) x 7 0x01051000
core   0: 0x80004c78 (0x0108cc13) xori    s8, a7, 16
core   0: 3 0x80004c78 (0x0108cc13) x24 0x00000010
core   0: 0x80004c7c (0x03c7c933) div     s2, a5, t3
core   0: 3 0x80004c7c (0x03c7c933) x18 0x00000000
core   0: 0x80004c80 (0x645c5897) auipc   a7, 0x645c5
core   0: 3 0x80004c80 (0x645c5897) x17 0xe45c9c80
core   0: 0x80004c84 (0x03038f33) mul     t5, t2, a6
core   0: 3 0x80004c84 (0x03038f33) x30 0xd9800000
core   0: 0x80004c88 (0x78f84613) xori    a2, a6, 1935
core   0: 3 0x80004c88 (0x78f84613) x12 0x83661f8f
core   0: 0x80004c8c (0x03be0c33) mul     s8, t3, s11
core   0: 3 0x80004c8c (0x03be0c33) x24 0x00000000
core   0: 0x80004c90 (0x03fb9eb3) mulh    t4, s7, t6
core   0: 3 0x80004c90 (0x03fb9eb3) x29 0x00000000
core   0: 0x80004c94 (0x1eb3af97) auipc   t6, 0x1eb3a
core   0: 3 0x80004c94 (0x1eb3af97) x31 0x9eb3ec94
core   0: 0x80004c98 (0x038a6833) rem     a6, s4, s8
core   0: 3 0x80004c98 (0x038a6833) x16 0x80018ce4
core   0: 0x80004c9c (0x03368833) mul     a6, a3, s3
core   0: 3 0x80004c9c (0x03368833) x16 0x07342b90
core   0: 0x80004ca0 (0x023c3fb3) mulhu   t6, s8, gp
core   0: 3 0x80004ca0 (0x023c3fb3) x31 0x00000000
core   0: 0x80004ca4 (0xa13fa493) slti    s1, t6, -1517
core   0: 3 0x80004ca4 (0xa13fa493) x 9 0x00000000
core   0: 0x80004ca8 (0x2e868317) auipc   t1, 0x2e868
core   0: 3 0x80004ca8 (0x2e868317) x 6 0xae86cca8
core   0: 0x80004cac (0x006da533) slt     a0, s11, t1
core   0: 3 0x80004cac (0x006da533) x10 0x00000000
core   0: 0x80004cb0 (0x03bbb5b3) mulhu   a1, s7, s11
core   0: 3 0x80004cb0 (0x03bbb5b3) x11 0x00000000
core   0: 0x80004cb4 (0x01dbe033) or      zero, s7, t4
core   0: 3 0x80004cb4 (0x01dbe033)
core   0: 0x80004cb8 (0x00d41013) slli    zero, s0, 13
core   0: 3 0x80004cb8 (0x00d41013)
core   0: 0x80004cbc (0x41b90b33) sub     s6, s2, s11
core   0: 3 0x80004cbc (0x41b90b33) x22 0x00000000
core   0: 0x80004cc0 (0x46fda837) lui     a6, 0x46fda
core   0: 3 0x80004cc0 (0x46fda837) x16 0x46fda000
core   0: 0x80004cc4 (0x01193033) sltu    zero, s2, a7
core   0: 3 0x80004cc4 (0x01193033)
core   0: 0x80004cc8 (0xac1a3813) sltiu   a6, s4, -1343
core   0: 3 0x80004cc8 (0xac1a3813) x16 0x00000001
core   0: 0x80004ccc (0xadb08093) addi    ra, ra, -1317
core   0: 3 0x80004ccc (0xadb08093) x 1 0x7ffffadb
core   0: 0x80004cd0 (0x03d073b3) remu    t2, zero, t4
core   0: 3 0x80004cd0 (0x03d073b3) x 7 0x00000000
core   0: 0x80004cd4 (0x01df1793) slli    a5, t5, 29
core   0: 3 0x80004cd4 (0x01df1793) x15 0x00000000
core   0: 0x80004cd8 (0x580ac213) xori    tp, s5, 1408
core   0: 3 0x80004cd8 (0x580ac213) x 4 0xffffff79
core   0: 0x80004cdc (0x03866633) rem     a2, a2, s8
core   0: 3 0x80004cdc (0x03866633) x12 0x83661f8f
core   0: 0x80004ce0 (0x00968e33) add     t3, a3, s1
core   0: 3 0x80004ce0 (0x00968e33) x28 0xbf197a8e
core   0: 0x80004ce4 (0x030ac833) div     a6, s5, a6
core   0: 3 0x80004ce4 (0x030ac833) x16 0xfffffaf9
core   0: 0x80004ce8 (0x00d94d33) xor     s10, s2, a3
core   0: 3 0x80004ce8 (0x00d94d33) x26 0xbf197a8e
core   0: 0x80004cec (0x2d73f797) auipc   a5, 0x2d73f
core   0: 3 0x80004cec (0x2d73f797) x15 0xad743cec
core   0: 0x80004cf0 (0x0369dfb3) divu    t6, s3, s6
core   0: 3 0x80004cf0 (0x0369dfb3) x31 0xffffffff
core   0: 0x80004cf4 (0x007c7d33) and     s10, s8, t2
core   0: 3 0x80004cf4 (0x007c7d33) x26 0x00000000
core   0: 0x80004cf8 (0x54d54813) xori    a6, a0, 1357
core   0: 3 0x80004cf8 (0x54d54813) x16 0x0000054d
core   0: 0x80004cfc (0x017597b3) sll     a5, a1, s7
core   0: 3 0x80004cfc (0x017597b3) x15 0x00000000
core   0: 0x80004d00 (0x41340933) sub     s2, s0, s3
core   0: 3 0x80004d00 (0x41340933) x18 0xc1473008
core   0: 0x80004d04 (0x78533e93) sltiu   t4, t1, 1925
core   0: 3 0x80004d04 (0x78533e93) x29 0x00000000
core   0: 0x80004d08 (0x0110e0b3) or      ra, ra, a7
core   0: 3 0x80004d08 (0x0110e0b3) x 1 0xfffffedb
core   0: 0x80004d0c (0x40fd5b33) sra     s6, s10, a5
core   0: 3 0x80004d0c (0x40fd5b33) x22 0x00000000
core   0: 0x80004d10 (0x01e12333) slt     t1, sp, t5
core   0: 3 0x80004d10 (0x01e12333) x 6 0x00000001
core   0: 0x80004d14 (0x40810833) sub     a6, sp, s0
core   0: 3 0x80004d14 (0x40810833) x16 0xcb3c78ad
core   0: 0x80004d18 (0x9fb8bd13) sltiu   s10, a7, -1541
core   0: 3 0x80004d18 (0x9fb8bd13) x26 0x00000001
core   0: 0x80004d1c (0x38c03893) sltiu   a7, zero, 908
core   0: 3 0x80004d1c (0x38c03893) x17 0x00000001
core   0: 0x80004d20 (0x021eccb3) div     s9, t4, ra
core   0: 3 0x80004d20 (0x021eccb3) x25 0x00000000
core   0: 0x80004d24 (0x01cbcbb3) xor     s7, s7, t3
core   0: 3 0x80004d24 (0x01cbcbb3) x23 0xbf197a8e
core   0: 0x80004d28 (0x01078533) add     a0, a5, a6
core   0: 3 0x80004d28 (0x01078533) x10 0xcb3c78ad
core   0: 0x80004d2c (0x3d4a0c13) addi    s8, s4, 980
core   0: 3 0x80004d2c (0x3d4a0c13) x24 0x800190b8
core   0: 0x80004d30 (0x00141eb3) sll     t4, s0, ra
core   0: 3 0x80004d30 (0x00141eb3) x29 0x00000000
core   0: 0x80004d34 (0x0080fcb3) and     s9, ra, s0
core   0: 3 0x80004d34 (0x0080fcb3) x25 0xc1473000
core   0: 0x80004d38 (0x00000013) nop
core   0: 3 0x80004d38 (0x00000013)
core   0: 0x80004d3c (0x4171d0b3) sra     ra, gp, s7
core   0: 3 0x80004d3c (0x4171d0b3) x 1 0xffffffff
core   0: 0x80004d40 (0x404d8e33) sub     t3, s11, tp
core   0: 3 0x80004d40 (0x404d8e33) x28 0x00000087
core   0: 0x80004d44 (0x0177bcb3) sltu    s9, a5, s7
core   0: 3 0x80004d44 (0x0177bcb3) x25 0x00000001
core   0: 0x80004d48 (0x01081193) slli    gp, a6, 16
core   0: 3 0x80004d48 (0x01081193) x 3 0x78ad0000
core   0: 0x80004d4c (0xc0222c37) lui     s8, 0xc0222
core   0: 3 0x80004d4c (0xc0222c37) x24 0xc0222000
core   0: 0x80004d50 (0xb1407f17) auipc   t5, 0xb1407
core   0: 3 0x80004d50 (0xb1407f17) x30 0x3140bd50
core   0: 0x80004d54 (0xc0a8abb7) lui     s7, 0xc0a8a
core   0: 3 0x80004d54 (0xc0a8abb7) x23 0xc0a8a000
core   0: 0x80004d58 (0x41f25d33) sra     s10, tp, t6
core   0: 3 0x80004d58 (0x41f25d33) x26 0xffffffff
core   0: 0x80004d5c (0x01ece633) or      a2, s9, t5
core   0: 3 0x80004d5c (0x01ece633) x12 0x3140bd51
core   0: 0x80004d60 (0x15503e13) sltiu   t3, zero, 341
core   0: 3 0x80004d60 (0x15503e13) x28 0x00000001
core   0: 0x80004d64 (0x00fe9c33) sll     s8, t4, a5
core   0: 3 0x80004d64 (0x00fe9c33) x24 0x00000000
core   0: 0x80004d68 (0x00e79d13) slli    s10, a5, 14
core   0: 3 0x80004d68 (0x00e79d13) x26 0x00000000
core   0: 0x80004d6c (0x0ee4ad97) auipc   s11, 0xee4a
core   0: 3 0x80004d6c (0x0ee4ad97) x27 0x8ee4ed6c
core   0: 0x80004d70 (0x40318ab3) sub     s5, gp, gp
core   0: 3 0x80004d70 (0x40318ab3) x21 0x00000000
core   0: 0x80004d74 (0x005097b3) sll     a5, ra, t0
core   0: 3 0x80004d74 (0x005097b3) x15 0xfffffff0
core   0: 0x80004d78 (0x408d0c33) sub     s8, s10, s0
core   0: 3 0x80004d78 (0x408d0c33) x24 0x3eb8d000
core   0: 0x80004d7c (0x01a13833) sltu    a6, sp, s10
core   0: 3 0x80004d7c (0x01a13833) x16 0x00000000
core   0: 0x80004d80 (0x0194bb33) sltu    s6, s1, s9
core   0: 3 0x80004d80 (0x0194bb33) x22 0x00000001
core   0: 0x80004d84 (0x00000013) nop
core   0: 3 0x80004d84 (0x00000013)
core   0: 0x80004d88 (0x74d2b417) auipc   s0, 0x74d2b
core   0: 3 0x80004d88 (0x74d2b417) x 8 0xf4d2fd88
core   0: 0x80004d8c (0x01942333) slt     t1, s0, s9
core   0: 3 0x80004d8c (0x01942333) x 6 0x00000001
core   0: 0x80004d90 (0x01ee2833) slt     a6, t3, t5
core   0: 3 0x80004d90 (0x01ee2833) x16 0x00000001
core   0: 0x80004d94 (0x008c3933) sltu    s2, s8, s0
core   0: 3 0x80004d94 (0x008c3933) x18 0x00000001
core   0: 0x80004d98 (0xa448b993) sltiu   s3, a7, -1468
core   0: 3 0x80004d98 (0xa448b993) x19 0x00000001
core   0: 0x80004d9c (0xebabcb13) xori    s6, s7, -326
core   0: 3 0x80004d9c (0xebabcb13) x22 0x3f575eba
core   0: 0x80004da0 (0x0021fdb3) and     s11, gp, sp
core   0: 3 0x80004da0 (0x0021fdb3) x27 0x08810000
core   0: 0x80004da4 (0x010b1393) slli    t2, s6, 16
core   0: 3 0x80004da4 (0x010b1393) x 7 0x5eba0000
core   0: 0x80004da8 (0xbfca7b13) andi    s6, s4, -1028
core   0: 3 0x80004da8 (0xbfca7b13) x22 0x800188e4
core   0: 0x80004dac (0x00b63b33) sltu    s6, a2, a1
core   0: 3 0x80004dac (0x00b63b33) x22 0x00000000
core   0: 0x80004db0 (0x017489b3) add     s3, s1, s7
core   0: 3 0x80004db0 (0x017489b3) x19 0xc0a8a000
core   0: 0x80004db4 (0xd64c9b37) lui     s6, 0xd64c9
core   0: 3 0x80004db4 (0xd64c9b37) x22 0xd64c9000
core   0: 0x80004db8 (0x023b8233) mul     tp, s7, gp
core   0: 3 0x80004db8 (0x023b8233) x 4 0x20000000
core   0: 0x80004dbc (0x931c0fb7) lui     t6, 0x931c0
core   0: 3 0x80004dbc (0x931c0fb7) x31 0x931c0000
core   0: 0x80004dc0 (0x02095ab3) divu    s5, s2, zero
core   0: 3 0x80004dc0 (0x02095ab3) x21 0xffffffff
core   0: 0x80004dc4 (0x01606b33) or      s6, zero, s6
core   0: 3 0x80004dc4 (0x01606b33) x22 0xd64c9000
core   0: 0x80004dc8 (0x02e74bb3) div     s7, a4, a4
core   0: 3 0x80004dc8 (0x02e74bb3) x23 0x00000001
core   0: 0x80004dcc (0x019ac733) xor     a4, s5, s9
core   0: 3 0x80004dcc (0x019ac733) x14 0xfffffffe
core   0: 0x80004dd0 (0x02a96ab3) rem     s5, s2, a0
core   0: 3 0x80004dd0 (0x02a96ab3) x21 0x00000001
core   0: 0x80004dd4 (0x018893b3) sll     t2, a7, s8
core   0: 3 0x80004dd4 (0x018893b3) x 7 0x00000001
core   0: 0x80004dd8 (0x4134d5b3) sra     a1, s1, s3
core   0: 3 0x80004dd8 (0x4134d5b3) x11 0x00000000
core   0: 0x80004ddc (0x72c1cc93) xori    s9, gp, 1836
core   0: 3 0x80004ddc (0x72c1cc93) x25 0x78ad072c
core   0: 0x80004de0 (0xafb3f8b7) lui     a7, 0xafb3f
core   0: 3 0x80004de0 (0xafb3f8b7) x17 0xafb3f000
core   0: 0x80004de4 (0x02ea74b3) remu    s1, s4, a4
core   0: 3 0x80004de4 (0x02ea74b3) x 9 0x80018ce4
core   0: 0x80004de8 (0xf1e52d37) lui     s10, 0xf1e52
core   0: 3 0x80004de8 (0xf1e52d37) x26 0xf1e52000
core   0: 0x80004dec (0x5688ce17) auipc   t3, 0x5688c
core   0: 3 0x80004dec (0x5688ce17) x28 0xd6890dec
core   0: 0x80004df0 (0x035a2e33) mulhsu  t3, s4, s5
core   0: 3 0x80004df0 (0x035a2e33) x28 0xffffffff
core   0: 0x80004df4 (0x0156c233) xor     tp, a3, s5
core   0: 3 0x80004df4 (0x0156c233) x 4 0xbf197a8f
core   0: 0x80004df8 (0x41d253b3) sra     t2, tp, t4
core   0: 3 0x80004df8 (0x41d253b3) x 7 0xbf197a8f
core   0: 0x80004dfc (0x0cb64d17) auipc   s10, 0xcb64
core   0: 3 0x80004dfc (0x0cb64d17) x26 0x8cb68dfc
core   0: 0x80004e00 (0x033ce5b3) rem     a1, s9, s3
core   0: 3 0x80004e00 (0x033ce5b3) x11 0x3955a72c
core   0: 0x80004e04 (0x00bd3ab3) sltu    s5, s10, a1
core   0: 3 0x80004e04 (0x00bd3ab3) x21 0x00000000
core   0: 0x80004e08 (0xcb3ca497) auipc   s1, 0xcb3ca
core   0: 3 0x80004e08 (0xcb3ca497) x 9 0x4b3cee08
core   0: 0x80004e0c (0x9723e897) auipc   a7, 0x9723e
core   0: 3 0x80004e0c (0x9723e897) x17 0x17242e0c
core   0: 0x80004e10 (0x022710b3) mulh    ra, a4, sp
core   0: 3 0x80004e10 (0x022710b3) x 1 0x00000000
core   0: 0x80004e14 (0x01935533) srl     a0, t1, s9
core   0: 3 0x80004e14 (0x01935533) x10 0x00000000
core   0: 0x80004e18 (0x00d2c8b3) xor     a7, t0, a3
core   0: 3 0x80004e18 (0x00d2c8b3) x17 0x3f1834ea
core   0: 0x80004e1c (0x02ce9233) mulh    tp, t4, a2
core   0: 3 0x80004e1c (0x02ce9233) x 4 0x00000000
core   0: 0x80004e20 (0x014cc0b3) xor     ra, s9, s4
core   0: 3 0x80004e20 (0x014cc0b3) x 1 0xf8ac8bc8
core   0: 0x80004e24 (0xc619ab93) slti    s7, s3, -927
core   0: 3 0x80004e24 (0xc619ab93) x23 0x00000001
core   0: 0x80004e28 (0x008aa633) slt     a2, s5, s0
core   0: 3 0x80004e28 (0x008aa633) x12 0x00000000
core   0: 0x80004e2c (0x40f3df13) srai    t5, t2, 15
core   0: 3 0x80004e2c (0x40f3df13) x30 0xffff7e32
core   0: 0x80004e30 (0x40d4df33) sra     t5, s1, a3
core   0: 3 0x80004e30 (0x40d4df33) x30 0x00012cf3
core   0: 0x80004e34 (0x02d684b3) mul     s1, a3, a3
core   0: 3 0x80004e34 (0x02d684b3) x 9 0x0e67a6c4
core   0: 0x80004e38 (0x7436ab93) slti    s7, a3, 1859
core   0: 3 0x80004e38 (0x7436ab93) x23 0x00000001
core   0: 0x80004e3c (0x021b1333) mulh    t1, s6, ra
core   0: 3 0x80004e3c (0x021b1333) x 6 0x0131802b
core   0: 0x80004e40 (0x01d38ab3) add     s5, t2, t4
core   0: 3 0x80004e40 (0x01d38ab3) x21 0xbf197a8f
core   0: 0x80004e44 (0x038e7333) remu    t1, t3, s8
core   0: 3 0x80004e44 (0x038e7333) x 6 0x051cbfff
core   0: 0x80004e48 (0x01461233) sll     tp, a2, s4
core   0: 3 0x80004e48 (0x01461233) x 4 0x00000000
core   0: 0x80004e4c (0x0056d0b3) srl     ra, a3, t0
core   0: 3 0x80004e4c (0x0056d0b3) x 1 0x0bf197a8
core   0: 0x80004e50 (0x00eaab33) slt     s6, s5, a4
core   0: 3 0x80004e50 (0x00eaab33) x22 0x00000001
core   0: 0x80004e54 (0x018c89b3) add     s3, s9, s8
core   0: 3 0x80004e54 (0x018c89b3) x19 0xb765d72c
core   0: 0x80004e58 (0x3e558137) lui     sp, 0x3e558
core   0: 3 0x80004e58 (0x3e558137) x 2 0x3e558000
core   0: 0x80004e5c (0x01dcdd33) srl     s10, s9, t4
core   0: 3 0x80004e5c (0x01dcdd33) x26 0x78ad072c
core   0: 0x80004e60 (0xa5b12c93) slti    s9, sp, -1445
core   0: 3 0x80004e60 (0xa5b12c93) x25 0x00000000
core   0: 0x80004e64 (0x0101c0b3) xor     ra, gp, a6
core   0: 3 0x80004e64 (0x0101c0b3) x 1 0x78ad0001
core   0: 0x80004e68 (0x036a8fb3) mul     t6, s5, s6
core   0: 3 0x80004e68 (0x036a8fb3) x31 0xbf197a8f
core   0: 0x80004e6c (0x41715513) srai    a0, sp, 23
core   0: 3 0x80004e6c (0x41715513) x10 0x0000007c
core   0: 0x80004e70 (0x00000013) nop
core   0: 3 0x80004e70 (0x00000013)
core   0: 0x80004e74 (0x00d90f33) add     t5, s2, a3
core   0: 3 0x80004e74 (0x00d90f33) x30 0xbf197a8f
core   0: 0x80004e78 (0xfa6bcc93) xori    s9, s7, -90
core   0: 3 0x80004e78 (0xfa6bcc93) x25 0xffffffa7
core   0: 0x80004e7c (0x410588b3) sub     a7, a1, a6
core   0: 3 0x80004e7c (0x410588b3) x17 0x3955a72b
core   0: 0x80004e80 (0x400f57b3) sra     a5, t5, zero
core   0: 3 0x80004e80 (0x400f57b3) x15 0xbf197a8f
core   0: 0x80004e84 (0x00310533) add     a0, sp, gp
core   0: 3 0x80004e84 (0x00310533) x10 0xb7028000
core   0: 0x80004e88 (0x012e0633) add     a2, t3, s2
core   0: 3 0x80004e88 (0x012e0633) x12 0x00000000
core   0: 0x80004e8c (0x0f453bb7) lui     s7, 0xf453
core   0: 3 0x80004e8c (0x0f453bb7) x23 0x0f453000
core   0: 0x80004e90 (0x41bf0e33) sub     t3, t5, s11
core   0: 3 0x80004e90 (0x41bf0e33) x28 0xb6987a8f
core   0: 0x80004e94 (0x03ddd733) divu    a4, s11, t4
core   0: 3 0x80004e94 (0x03ddd733) x14 0xffffffff
core   0: 0x80004e98 (0x002bac33) slt     s8, s7, sp
core   0: 3 0x80004e98 (0x002bac33) x24 0x00000001
core   0: 0x80004e9c (0x001ce4b3) or      s1, s9, ra
core   0: 3 0x80004e9c (0x001ce4b3) x 9 0xffffffa7
core   0: 0x80004ea0 (0x002571b3) and     gp, a0, sp
core   0: 3 0x80004ea0 (0x002571b3) x 3 0x36008000
core   0: 0x80004ea4 (0xff0fc213) xori    tp, t6, -16
core   0: 3 0x80004ea4 (0xff0fc213) x 4 0x40e6857f
core   0: 0x80004ea8 (0x01211093) slli    ra, sp, 18
core   0: 3 0x80004ea8 (0x01211093) x 1 0x00000000
core   0: 0x80004eac (0xb167f393) andi    t2, a5, -1258
core   0: 3 0x80004eac (0xb167f393) x 7 0xbf197a06
core   0: 0x80004eb0 (0x0097d093) srli    ra, a5, 9
core   0: 3 0x80004eb0 (0x0097d093) x 1 0x005f8cbd
core   0: 0x80004eb4 (0xfd1f0417) auipc   s0, 0xfd1f0
core   0: 3 0x80004eb4 (0xfd1f0417) x 8 0x7d1f4eb4
core   0: 0x80004eb8 (0x02b9a1b3) mulhsu  gp, s3, a1
core   0: 3 0x80004eb8 (0x02b9a1b3) x 3 0xefbd6250
core   0: 0x80004ebc (0x4178db33) sra     s6, a7, s7
core   0: 3 0x80004ebc (0x4178db33) x22 0x3955a72b
core   0: 0x80004ec0 (0x03e3d433) divu    s0, t2, t5
core   0: 3 0x80004ec0 (0x03e3d433) x 8 0x00000000
core   0: 0x80004ec4 (0x41895593) srai    a1, s2, 24
core   0: 3 0x80004ec4 (0x41895593) x11 0x00000000
core   0: 0x80004ec8 (0x02b2cab3) div     s5, t0, a1
core   0: 3 0x80004ec8 (0x02b2cab3) x21 0xffffffff
core   0: 0x80004ecc (0x0071d513) srli    a0, gp, 7
core   0: 3 0x80004ecc (0x0071d513) x10 0x01df7ac4
core   0: 0x80004ed0 (0xbb638713) addi    a4, t2, -1098
core   0: 3 0x80004ed0 (0xbb638713) x14 0xbf1975bc
core   0: 0x80004ed4 (0x42eb2d37) lui     s10, 0x42eb2
core   0: 3 0x80004ed4 (0x42eb2d37) x26 0x42eb2000
core   0: 0x80004ed8 (0x9c2e8e93) addi    t4, t4, -1598
core   0: 3 0x80004ed8 (0x9c2e8e93) x29 0xfffff9c2
core   0: 0x80004edc (0x7faaa913) slti    s2, s5, 2042
core   0: 3 0x80004edc (0x7faaa913) x18 0x00000001
core   0: 0x80004ee0 (0x2109c893) xori    a7, s3, 528
core   0: 3 0x80004ee0 (0x2109c893) x17 0xb765d53c
core   0: 0x80004ee4 (0x01aaa7b3) slt     a5, s5, s10
core   0: 3 0x80004ee4 (0x01aaa7b3) x15 0x00000001
core   0: 0x80004ee8 (0x1b066f97) auipc   t6, 0x1b066
core   0: 3 0x80004ee8 (0x1b066f97) x31 0x9b06aee8
core   0: 0x80004eec (0xac7be513) ori     a0, s7, -1337
core   0: 3 0x80004eec (0xac7be513) x10 0xfffffac7
core   0: 0x80004ef0 (0x007f6ab3) or      s5, t5, t2
core   0: 3 0x80004ef0 (0x007f6ab3) x21 0xbf197a8f
core   0: 0x80004ef4 (0xd19b0f13) addi    t5, s6, -743
core   0: 3 0x80004ef4 (0xd19b0f13) x30 0x3955a444
core   0: 0x80004ef8 (0x80d86337) lui     t1, 0x80d86
core   0: 3 0x80004ef8 (0x80d86337) x 6 0x80d86000
core   0: 0x80004efc (0x0093d313) srli    t1, t2, 9
core   0: 3 0x80004efc (0x0093d313) x 6 0x005f8cbd
core   0: 0x80004f00 (0x71ab0b13) addi    s6, s6, 1818
core   0: 3 0x80004f00 (0x71ab0b13) x22 0x3955ae45
core   0: 0x80004f04 (0x036a1fb3) mulh    t6, s4, s6
core   0: 3 0x80004f04 (0x036a1fb3) x31 0xe35581c1
core   0: 0x80004f08 (0x010b9d33) sll     s10, s7, a6
core   0: 3 0x80004f08 (0x010b9d33) x26 0x1e8a6000
core   0: 0x80004f0c (0x039df733) remu    a4, s11, s9
core   0: 3 0x80004f0c (0x039df733) x14 0x08810000
core   0: 0x80004f10 (0xc8267d17) auipc   s10, 0xc8267
core   0: 3 0x80004f10 (0xc8267d17) x26 0x4826bf10
core   0: 0x80004f14 (0x00a64033) xor     zero, a2, a0
core   0: 3 0x80004f14 (0x00a64033)
core   0: 0x80004f18 (0x034585b3) mul     a1, a1, s4
core   0: 3 0x80004f18 (0x034585b3) x11 0x00000000
core   0: 0x80004f1c (0xbad36db7) lui     s11, 0xbad36
core   0: 3 0x80004f1c (0xbad36db7) x27 0xbad36000
core   0: 0x80004f20 (0x02adb5b3) mulhu   a1, s11, a0
core   0: 3 0x80004f20 (0x02adb5b3) x11 0xbad35c30
core   0: 0x80004f24 (0x195ff793) andi    a5, t6, 405
core   0: 3 0x80004f24 (0x195ff793) x15 0x00000181
core   0: 0x80004f28 (0x95814713) xori    a4, sp, -1704
core   0: 3 0x80004f28 (0x95814713) x14 0xc1aa7958
core   0: 0x80004f2c (0x40d9d7b3) sra     a5, s3, a3
core   0: 3 0x80004f2c (0x40d9d7b3) x15 0xfffedd97
core   0: 0x80004f30 (0x0376cd33) div     s10, a3, s7
core   0: 3 0x80004f30 (0x0376cd33) x26 0xfffffffc
core   0: 0x80004f34 (0x131b4593) xori    a1, s6, 305
core   0: 3 0x80004f34 (0x131b4593) x11 0x3955af74
core   0: 0x80004f38 (0x00e0c833) xor     a6, ra, a4
core   0: 3 0x80004f38 (0x00e0c833) x16 0xc1f5f5e5
core   0: 0x80004f3c (0x419459b3) sra     s3, s0, s9
core   0: 3 0x80004f3c (0x419459b3) x19 0x00000000
core   0: 0x80004f40 (0x0103b1b3) sltu    gp, t2, a6
core   0: 3 0x80004f40 (0x0103b1b3) x 3 0x00000001
core   0: 0x80004f44 (0x40b25eb3) sra     t4, tp, a1
core   0: 3 0x80004f44 (0x40b25eb3) x29 0x0000040e
core   0: 0x80004f48 (0x01b87833) and     a6, a6, s11
core   0: 3 0x80004f48 (0x01b87833) x16 0x80d16000
core   0: 0x80004f4c (0x8461fa93) andi    s5, gp, -1978
core   0: 3 0x80004f4c (0x8461fa93) x21 0x00000000
core   0: 0x80004f50 (0x01fc8633) add     a2, s9, t6
core   0: 3 0x80004f50 (0x01fc8633) x12 0xe3558168
core   0: 0x80004f54 (0x0e0fb513) sltiu   a0, t6, 224
core   0: 3 0x80004f54 (0x0e0fb513) x10 0x00000000
core   0: 0x80004f58 (0xe6d26e13) ori     t3, tp, -403
core   0: 3 0x80004f58 (0xe6d26e13) x28 0xffffff7f
core   0: 0x80004f5c (0x03f75f33) divu    t5, a4, t6
core   0: 3 0x80004f5c (0x03f75f33) x30 0x00000000
core   0: 0x80004f60 (0x017f0d33) add     s10, t5, s7
core   0: 3 0x80004f60 (0x017f0d33) x26 0x0f453000
core   0: 0x80004f64 (0x0025c533) xor     a0, a1, sp
core   0: 3 0x80004f64 (0x0025c533) x10 0x07002f74
core   0: 0x80004f68 (0x00655013) srli    zero, a0, 6
core   0: 3 0x80004f68 (0x00655013)
core   0: 0x80004f6c (0x01badeb3) srl     t4, s5, s11
core   0: 3 0x80004f6c (0x01badeb3) x29 0x00000000
core   0: 0x80004f70 (0x012cee33) or      t3, s9, s2
core   0: 3 0x80004f70 (0x012cee33) x28 0xffffffa7
core   0: 0x80004f74 (0x0215c4b3) div     s1, a1, ra
core   0: 3 0x80004f74 (0x0215c4b3) x 9 0x00000099
core   0: 0x80004f78 (0x00cfdf33) srl     t5, t6, a2
core   0: 3 0x80004f78 (0x00cfdf33) x30 0x00e35581
core   0: 0x80004f7c (0x03659e33) mulh    t3, a1, s6
core   0: 3 0x80004f7c (0x03659e33) x28 0x0cd7448b
core   0: 0x80004f80 (0x009534b3) sltu    s1, a0, s1
core   0: 3 0x80004f80 (0x009534b3) x 9 0x00000000
core   0: 0x80004f84 (0x00bf9993) slli    s3, t6, 11
core   0: 3 0x80004f84 (0x00bf9993) x19 0xac0e0800
core   0: 0x80004f88 (0x02d20533) mul     a0, tp, a3
core   0: 3 0x80004f88 (0x02d20533) x10 0xa5e39272
core   0: 0x80004f8c (0x00883333) sltu    t1, a6, s0
core   0: 3 0x80004f8c (0x00883333) x 6 0x00000000
core   0: 0x80004f90 (0x031dce33) div     t3, s11, a7
core   0: 3 0x80004f90 (0x031dce33) x28 0x00000000
core   0: 0x80004f94 (0x01231393) slli    t2, t1, 18
core   0: 3 0x80004f94 (0x01231393) x 7 0x00000000
core   0: 0x80004f98 (0x0236b733) mulhu   a4, a3, gp
core   0: 3 0x80004f98 (0x0236b733) x14 0x00000000
core   0: 0x80004f9c (0xebe2b093) sltiu   ra, t0, -322
core   0: 3 0x80004f9c (0xebe2b093) x 1 0x00000001
core   0: 0x80004fa0 (0x01080cb3) add     s9, a6, a6
core   0: 3 0x80004fa0 (0x01080cb3) x25 0x01a2c000
core   0: 0x80004fa4 (0xd7aa8e13) addi    t3, s5, -646
core   0: 3 0x80004fa4 (0xd7aa8e13) x28 0xfffffd7a
core   0: 0x80004fa8 (0x41f38e33) sub     t3, t2, t6
core   0: 3 0x80004fa8 (0x41f38e33) x28 0x1caa7e3f
core   0: 0x80004fac (0xcf75ee93) ori     t4, a1, -777
core   0: 3 0x80004fac (0xcf75ee93) x29 0xfffffff7
core   0: 0x80004fb0 (0x03f5e433) rem     s0, a1, t6
core   0: 3 0x80004fb0 (0x03f5e433) x 8 0x0000b2f6
core   0: 0x80004fb4 (0x4fc23193) sltiu   gp, tp, 1276
core   0: 3 0x80004fb4 (0x4fc23193) x 3 0x00000000
core   0: 0x80004fb8 (0x418b84b3) sub     s1, s7, s8
core   0: 3 0x80004fb8 (0x418b84b3) x 9 0x0f452fff
core   0: 0x80004fbc (0x033ab833) mulhu   a6, s5, s3
core   0: 3 0x80004fbc (0x033ab833) x16 0x00000000
core   0: 0x80004fc0 (0x0331feb3) remu    t4, gp, s3
core   0: 3 0x80004fc0 (0x0331feb3) x29 0x00000000
core   0: 0x80004fc4 (0x02dfdeb3) divu    t4, t6, a3
core   0: 3 0x80004fc4 (0x02dfdeb3) x29 0x00000001
core   0: 0x80004fc8 (0x01c8d933) srl     s2, a7, t3
core   0: 3 0x80004fc8 (0x01c8d933) x18 0x00000001
core   0: 0x80004fcc (0xf2694b97) auipc   s7, 0xf2694
core   0: 3 0x80004fcc (0xf2694b97) x23 0x72698fcc
core   0: 0x80004fd0 (0xdd194d93) xori    s11, s2, -559
core   0: 3 0x80004fd0 (0xdd194d93) x27 0xfffffdd0
core   0: 0x80004fd4 (0xe0f85517) auipc   a0, 0xe0f85
core   0: 3 0x80004fd4 (0xe0f85517) x10 0x60f89fd4
core   0: 0x80004fd8 (0x00000013) nop
core   0: 3 0x80004fd8 (0x00000013)
core   0: 0x80004fdc (0xf55fcc93) xori    s9, t6, -171
core   0: 3 0x80004fdc (0xf55fcc93) x25 0x1caa7e94
core   0: 0x80004fe0 (0x0358f9b3) remu    s3, a7, s5
core   0: 3 0x80004fe0 (0x0358f9b3) x19 0xb765d53c
core   0: 0x80004fe4 (0x4516f013) andi    zero, a3, 1105
core   0: 3 0x80004fe4 (0x4516f013)
core   0: 0x80004fe8 (0x006bfb33) and     s6, s7, t1
core   0: 3 0x80004fe8 (0x006bfb33) x22 0x00000000
core   0: 0x80004fec (0x03e04eb3) div     t4, zero, t5
core   0: 3 0x80004fec (0x03e04eb3) x29 0x00000000
core   0: 0x80004ff0 (0xb8bff493) andi    s1, t6, -1141
core   0: 3 0x80004ff0 (0xb8bff493) x 9 0xe3558181
core   0: 0x80004ff4 (0xf77fa8b7) lui     a7, 0xf77fa
core   0: 3 0x80004ff4 (0xf77fa8b7) x17 0xf77fa000
core   0: 0x80004ff8 (0x03cc71b3) remu    gp, s8, t3
core   0: 3 0x80004ff8 (0x03cc71b3) x 3 0x00000001
core   0: 0x80004ffc (0x01a91633) sll     a2, s2, s10
core   0: 3 0x80004ffc (0x01a91633) x12 0x00000001
core   0: 0x80005000 (0x0130b233) sltu    tp, ra, s3
core   0: 3 0x80005000 (0x0130b233) x 4 0x00000001
core   0: 0x80005004 (0x00c41bb3) sll     s7, s0, a2
core   0: 3 0x80005004 (0x00c41bb3) x23 0x000165ec
core   0: 0x80005008 (0x92040497) auipc   s1, 0x92040
core   0: 3 0x80005008 (0x92040497) x 9 0x12045008
core   0: 0x8000500c (0x0152dbb3) srl     s7, t0, s5
core   0: 3 0x8000500c (0x0152dbb3) x23 0x80014e64
core   0: 0x80005010 (0x02bccd33) div     s10, s9, a1
core   0: 3 0x80005010 (0x02bccd33) x26 0x00000000
core   0: 0x80005014 (0xbafa9f37) lui     t5, 0xbafa9
core   0: 3 0x80005014 (0xbafa9f37) x30 0xbafa9000
core   0: 0x80005018 (0x01d2df13) srli    t5, t0, 29
core   0: 3 0x80005018 (0x01d2df13) x30 0x00000004
core   0: 0x8000501c (0x41cdde13) srai    t3, s11, 28
core   0: 3 0x8000501c (0x41cdde13) x28 0xffffffff
core   0: 0x80005020 (0x0123f733) and     a4, t2, s2
core   0: 3 0x80005020 (0x0123f733) x14 0x00000000
core   0: 0x80005024 (0x03db65b3) rem     a1, s6, t4
core   0: 3 0x80005024 (0x03db65b3) x11 0x00000000
core   0: 0x80005028 (0x004bdfb3) srl     t6, s7, tp
core   0: 3 0x80005028 (0x004bdfb3) x31 0x4000a732
core   0: 0x8000502c (0x98602213) slti    tp, zero, -1658
core   0: 3 0x8000502c (0x98602213) x 4 0x00000000
core   0: 0x80005030 (0x026b33b3) mulhu   t2, s6, t1
core   0: 3 0x80005030 (0x026b33b3) x 7 0x00000000
core   0: 0x80005034 (0x02810233) mul     tp, sp, s0
core   0: 3 0x80005034 (0x02810233) x 4 0x59290000
core   0: 0x80005038 (0x0238d233) divu    tp, a7, gp
core   0: 3 0x80005038 (0x0238d233) x 4 0xf77fa000
core   0: 0x8000503c (0x033acd33) div     s10, s5, s3
core   0: 3 0x8000503c (0x033acd33) x26 0x00000000
core   0: 0x80005040 (0xa6548d37) lui     s10, 0xa6548
core   0: 3 0x80005040 (0xa6548d37) x26 0xa6548000
core   0: 0x80005044 (0x013880b3) add     ra, a7, s3
core   0: 3 0x80005044 (0x013880b3) x 1 0xaee5753c
core   0: 0x80005048 (0x01de4d33) xor     s10, t3, t4
core   0: 3 0x80005048 (0x01de4d33) x26 0xffffffff
core   0: 0x8000504c (0x00989833) sll     a6, a7, s1
core   0: 3 0x8000504c (0x00989833) x16 0x7fa00000
core   0: 0x80005050 (0xe199ed93) ori     s11, s3, -487
core   0: 3 0x80005050 (0xe199ed93) x27 0xffffff3d
core   0: 0x80005054 (0x00b2e7b3) or      a5, t0, a1
core   0: 3 0x80005054 (0x00b2e7b3) x15 0x80014e64
core   0: 0x80005058 (0x0239bab3) mulhu   s5, s3, gp
core   0: 3 0x80005058 (0x0239bab3) x21 0x00000000
core   0: 0x8000505c (0x03edb133) mulhu   sp, s11, t5
core   0: 3 0x8000505c (0x03edb133) x 2 0x00000003
core   0: 0x80005060 (0x020e3c33) mulhu   s8, t3, zero
core   0: 3 0x80005060 (0x020e3c33) x24 0x00000000
core   0: 0x80005064 (0x00d48bb3) add     s7, s1, a3
core   0: 3 0x80005064 (0x00d48bb3) x23 0xd11dca96
core   0: 0x80005068 (0x012d05b3) add     a1, s10, s2
core   0: 3 0x80005068 (0x012d05b3) x11 0x00000000
core   0: 0x8000506c (0x4050d433) sra     s0, ra, t0
core   0: 3 0x8000506c (0x4050d433) x 8 0xfaee5753
core   0: 0x80005070 (0xb3c14937) lui     s2, 0xb3c14
core   0: 3 0x80005070 (0xb3c14937) x18 0xb3c14000
core   0: 0x80005074 (0x03d367b3) rem     a5, t1, t4
core   0: 3 0x80005074 (0x03d367b3) x15 0x00000000
core   0: 0x80005078 (0x1c3e3a93) sltiu   s5, t3, 451
core   0: 3 0x80005078 (0x1c3e3a93) x21 0x00000000
core   0: 0x8000507c (0x06282713) slti    a4, a6, 98
core   0: 3 0x8000507c (0x06282713) x14 0x00000000
core   0: 0x80005080 (0x00000013) nop
core   0: 3 0x80005080 (0x00000013)
core   0: 0x80005084 (0xbf54e497) auipc   s1, 0xbf54e
core   0: 3 0x80005084 (0xbf54e497) x 9 0x3f553084
core   0: 0x80005088 (0x488af893) andi    a7, s5, 1160
core   0: 3 0x80005088 (0x488af893) x17 0x00000000
core   0: 0x8000508c (0x0046c933) xor     s2, a3, tp
core   0: 3 0x8000508c (0x0046c933) x18 0x4866da8e
core   0: 0x80005090 (0x40b5d433) sra     s0, a1, a1
core   0: 3 0x80005090 (0x40b5d433) x 8 0x00000000
core   0: 0x80005094 (0x40295b13) srai    s6, s2, 2
core   0: 3 0x80005094 (0x40295b13) x22 0x1219b6a3
core   0: 0x80005098 (0x4010dd33) sra     s10, ra, ra
core   0: 3 0x80005098 (0x4010dd33) x26 0xfffffffa
core   0: 0x8000509c (0x2422e913) ori     s2, t0, 578
core   0: 3 0x8000509c (0x2422e913) x18 0x80014e66
core   0: 0x800050a0 (0xd31af613) andi    a2, s5, -719
core   0: 3 0x800050a0 (0xd31af613) x12 0x00000000
core   0: 0x800050a4 (0x0192a1b3) slt     gp, t0, s9
core   0: 3 0x800050a4 (0x0192a1b3) x 3 0x00000001
core   0: 0x800050a8 (0x01a677b3) and     a5, a2, s10
core   0: 3 0x800050a8 (0x01a677b3) x15 0x00000000
core   0: 0x800050ac (0x40536fb7) lui     t6, 0x40536
core   0: 3 0x800050ac (0x40536fb7) x31 0x40536000
core   0: 0x800050b0 (0x0c6f7e13) andi    t3, t5, 198
core   0: 3 0x800050b0 (0x0c6f7e13) x28 0x00000004
core   0: 0x800050b4 (0x0a33b413) sltiu   s0, t2, 163
core   0: 3 0x800050b4 (0x0a33b413) x 8 0x00000001
core   0: 0x800050b8 (0x00dbf033) and     zero, s7, a3
core   0: 3 0x800050b8 (0x00dbf033)
core   0: 0x800050bc (0x010f57b3) srl     a5, t5, a6
core   0: 3 0x800050bc (0x010f57b3) x15 0x00000004
core   0: 0x800050c0 (0x3ceda313) slti    t1, s11, 974
core   0: 3 0x800050c0 (0x3ceda313) x 6 0x00000001
core   0: 0x800050c4 (0x003b2233) slt     tp, s6, gp
core   0: 3 0x800050c4 (0x003b2233) x 4 0x00000000
core   0: 0x800050c8 (0xd72fdcb7) lui     s9, 0xd72fd
core   0: 3 0x800050c8 (0xd72fdcb7) x25 0xd72fd000
core   0: 0x800050cc (0x03979533) mulh    a0, a5, s9
core   0: 3 0x800050cc (0x03979533) x10 0xffffffff
core   0: 0x800050d0 (0x0242ffb3) remu    t6, t0, tp
core   0: 3 0x800050d0 (0x0242ffb3) x31 0x80014e64
core   0: 0x800050d4 (0xcac53a93) sltiu   s5, a0, -852
core   0: 3 0x800050d4 (0xcac53a93) x21 0x00000000
core   0: 0x800050d8 (0x0188ceb3) xor     t4, a7, s8
core   0: 3 0x800050d8 (0x0188ceb3) x29 0x00000000
core   0: 0x800050dc (0x3a900897) auipc   a7, 0x3a900
core   0: 3 0x800050dc (0x3a900897) x17 0xba9050dc
core   0: 0x800050e0 (0x0066fc33) and     s8, a3, t1
core   0: 3 0x800050e0 (0x0066fc33) x24 0x00000000
core   0: 0x800050e4 (0x01d7d813) srli    a6, a5, 29
core   0: 3 0x800050e4 (0x01d7d813) x16 0x00000000
core   0: 0x800050e8 (0x004de933) or      s2, s11, tp
core   0: 3 0x800050e8 (0x004de933) x18 0xffffff3d
core   0: 0x800050ec (0x02809f33) mulh    t5, ra, s0
core   0: 3 0x800050ec (0x02809f33) x30 0xffffffff
core   0: 0x800050f0 (0x4149dd33) sra     s10, s3, s4
core   0: 3 0x800050f0 (0x4149dd33) x26 0xfb765d53
core   0: 0x800050f4 (0x43970893) addi    a7, a4, 1081
core   0: 3 0x800050f4 (0x43970893) x17 0x00000439
core   0: 0x800050f8 (0x01299713) slli    a4, s3, 18
core   0: 3 0x800050f8 (0x01299713) x14 0x54f00000
core   0: 0x800050fc (0x5490b213) sltiu   tp, ra, 1353
core   0: 3 0x800050fc (0x5490b213) x 4 0x00000000
core   0: 0x80005100 (0x0052a633) slt     a2, t0, t0
core   0: 3 0x80005100 (0x0052a633) x12 0x00000000
core   0: 0x80005104 (0x03ba1c33) mulh    s8, s4, s11
core   0: 3 0x80005104 (0x03ba1c33) x24 0x00000061
core   0: 0x80005108 (0xd8040793) addi    a5, s0, -640
core   0: 3 0x80005108 (0xd8040793) x15 0xfffffd81
core   0: 0x8000510c (0x019c1f33) sll     t5, s8, s9
core   0: 3 0x8000510c (0x019c1f33) x30 0x00000061
core   0: 0x80005110 (0x00460633) add     a2, a2, tp
core   0: 3 0x80005110 (0x00460633) x12 0x00000000
core   0: 0x80005114 (0x01a95393) srli    t2, s2, 26
core   0: 3 0x80005114 (0x01a95393) x 7 0x0000003f
core   0: 0x80005118 (0x03bcc7b3) div     a5, s9, s11
core   0: 3 0x80005118 (0x03bcc7b3) x15 0x00359498
core   0: 0x8000511c (0x1aa46e93) ori     t4, s0, 426
core   0: 3 0x8000511c (0x1aa46e93) x29 0x000001ab
core   0: 0x80005120 (0xd344ea93) ori     s5, s1, -716
core   0: 3 0x80005120 (0xd344ea93) x21 0xfffffdb4
core   0: 0x80005124 (0x0354a133) mulhsu  sp, s1, s5
core   0: 3 0x80005124 (0x0354a133) x 2 0x3f552ff2
core   0: 0x80005128 (0xb4e0a813) slti    a6, ra, -1202
core   0: 3 0x80005128 (0xb4e0a813) x16 0x00000001
core   0: 0x8000512c (0x00000013) nop
core   0: 3 0x8000512c (0x00000013)
core   0: 0x80005130 (0x409850b3) sra     ra, a6, s1
core   0: 3 0x80005130 (0x409850b3) x 1 0x00000000
core   0: 0x80005134 (0x452f0513) addi    a0, t5, 1106
core   0: 3 0x80005134 (0x452f0513) x10 0x000004b3
core   0: 0x80005138 (0x03243c33) mulhu   s8, s0, s2
core   0: 3 0x80005138 (0x03243c33) x24 0x00000000
core   0: 0x8000513c (0x036308b3) mul     a7, t1, s6
core   0: 3 0x8000513c (0x036308b3) x17 0x1219b6a3
core   0: 0x80005140 (0x021d8133) mul     sp, s11, ra
core   0: 3 0x80005140 (0x021d8133) x 2 0x00000000
core   0: 0x80005144 (0x02f420b3) mulhsu  ra, s0, a5
core   0: 3 0x80005144 (0x02f420b3) x 1 0x00000000
core   0: 0x80005148 (0x419adbb3) sra     s7, s5, s9
core   0: 3 0x80005148 (0x419adbb3) x23 0xfffffdb4
core   0: 0x8000514c (0x00ba5893) srli    a7, s4, 11
core   0: 3 0x8000514c (0x00ba5893) x17 0x00100031
core   0: 0x80005150 (0x00000013) nop
core   0: 3 0x80005150 (0x00000013)
core   0: 0x80005154 (0x0362e033) rem     zero, t0, s6
core   0: 3 0x80005154 (0x0362e033)
core   0: 0x80005158 (0x6778c5b7) lui     a1, 0x6778c
core   0: 3 0x80005158 (0x6778c5b7) x11 0x6778c000
core   0: 0x8000515c (0x01a53433) sltu    s0, a0, s10
core   0: 3 0x8000515c (0x01a53433) x 8 0x00000001
core   0: 0x80005160 (0x0303dab3) divu    s5, t2, a6
core   0: 3 0x80005160 (0x0303dab3) x21 0x0000003f
core   0: 0x80005164 (0x41bd0433) sub     s0, s10, s11
core   0: 3 0x80005164 (0x41bd0433) x 8 0xfb765e16
core   0: 0x80005168 (0x41b60eb3) sub     t4, a2, s11
core   0: 3 0x80005168 (0x41b60eb3) x29 0x000000c3
core   0: 0x8000516c (0x004ae233) or      tp, s5, tp
core   0: 3 0x8000516c (0x004ae233) x 4 0x0000003f
core   0: 0x80005170 (0x01fce733) or      a4, s9, t6
core   0: 3 0x80005170 (0x01fce733) x14 0xd72fde64
core   0: 0x80005174 (0x007c9213) slli    tp, s9, 7
core   0: 3 0x80005174 (0x007c9213) x 4 0x97e80000
core   0: 0x80005178 (0x001eb1b3) sltu    gp, t4, ra
core   0: 3 0x80005178 (0x001eb1b3) x 3 0x00000000
core   0: 0x8000517c (0xa12ba313) slti    t1, s7, -1518
core   0: 3 0x8000517c (0xa12ba313) x 6 0x00000000
core   0: 0x80005180 (0x00431613) slli    a2, t1, 4
core   0: 3 0x80005180 (0x00431613) x12 0x00000000
core   0: 0x80005184 (0x013787b3) add     a5, a5, s3
core   0: 3 0x80005184 (0x013787b3) x15 0xb79b69d4
core   0: 0x80005188 (0x41640533) sub     a0, s0, s6
core   0: 3 0x80005188 (0x41640533) x10 0xe95ca773
core   0: 0x8000518c (0x0057a433) slt     s0, a5, t0
core   0: 3 0x8000518c (0x0057a433) x 8 0x00000000
core   0: 0x80005190 (0x032144b3) div     s1, sp, s2
core   0: 3 0x80005190 (0x032144b3) x 9 0x00000000
core   0: 0x80005194 (0xa28f8d17) auipc   s10, 0xa28f8
core   0: 3 0x80005194 (0xa28f8d17) x26 0x228fd194
core   0: 0x80005198 (0x416fdd33) sra     s10, t6, s6
core   0: 3 0x80005198 (0x416fdd33) x26 0xf00029cc
core   0: 0x8000519c (0xfa12f013) andi    zero, t0, -95
core   0: 3 0x8000519c (0xfa12f013)
core   0: 0x800051a0 (0x02c513b3) mulh    t2, a0, a2
core   0: 3 0x800051a0 (0x02c513b3) x 7 0x00000000
core   0: 0x800051a4 (0x036e2733) mulhsu  a4, t3, s6
core   0: 3 0x800051a4 (0x036e2733) x14 0x00000000
core   0: 0x800051a8 (0x413d04b3) sub     s1, s10, s3
core   0: 3 0x800051a8 (0x413d04b3) x 9 0x389a5490
core   0: 0x800051ac (0x41b1d233) sra     tp, gp, s11
core   0: 3 0x800051ac (0x41b1d233) x 4 0x00000000
core   0: 0x800051b0 (0xe0b1b913) sltiu   s2, gp, -501
core   0: 3 0x800051b0 (0xe0b1b913) x18 0x00000001
core   0: 0x800051b4 (0x0951e113) ori     sp, gp, 149
core   0: 3 0x800051b4 (0x0951e113) x 2 0x00000095
core   0: 0x800051b8 (0x48886e13) ori     t3, a6, 1160
core   0: 3 0x800051b8 (0x48886e13) x28 0x00000489
core   0: 0x800051bc (0xc0382593) slti    a1, a6, -1021
core   0: 3 0x800051bc (0xc0382593) x11 0x00000000
core   0: 0x800051c0 (0x015fd8b3) srl     a7, t6, s5
core   0: 3 0x800051c0 (0x015fd8b3) x17 0x00000001
core   0: 0x800051c4 (0x039da533) mulhsu  a0, s11, s9
core   0: 3 0x800051c4 (0x039da533) x10 0xffffff5c
core   0: 0x800051c8 (0x0238a3b3) mulhsu  t2, a7, gp
core   0: 3 0x800051c8 (0x0238a3b3) x 7 0x00000000
core   0: 0x800051cc (0x01ab87b3) add     a5, s7, s10
core   0: 3 0x800051cc (0x01ab87b3) x15 0xf0002780
core   0: 0x800051d0 (0x8827c493) xori    s1, a5, -1918
core   0: 3 0x800051d0 (0x8827c493) x 9 0x0fffdf02
core   0: 0x800051d4 (0x2c8d4613) xori    a2, s10, 712
core   0: 3 0x800051d4 (0x2c8d4613) x12 0xf0002b04
core   0: 0x800051d8 (0x00000013) nop
core   0: 3 0x800051d8 (0x00000013)
core   0: 0x800051dc (0x0298e933) rem     s2, a7, s1
core   0: 3 0x800051dc (0x0298e933) x18 0x00000001
core   0: 0x800051e0 (0xec6f7393) andi    t2, t5, -314
core   0: 3 0x800051e0 (0xec6f7393) x 7 0x00000040
core   0: 0x800051e4 (0x287f4193) xori    gp, t5, 647
core   0: 3 0x800051e4 (0x287f4193) x 3 0x000002e6
core   0: 0x800051e8 (0x02827eb3) remu    t4, tp, s0
core   0: 3 0x800051e8 (0x02827eb3) x29 0x00000000
core   0: 0x800051ec (0x9b4ba713) slti    a4, s7, -1612
core   0: 3 0x800051ec (0x9b4ba713) x14 0x00000000
core   0: 0x800051f0 (0x78e5ea93) ori     s5, a1, 1934
core   0: 3 0x800051f0 (0x78e5ea93) x21 0x0000078e
core   0: 0x800051f4 (0x00b47633) and     a2, s0, a1
core   0: 3 0x800051f4 (0x00b47633) x12 0x00000000
core   0: 0x800051f8 (0x31e6cb93) xori    s7, a3, 798
core   0: 3 0x800051f8 (0x31e6cb93) x23 0xbf197990
core   0: 0x800051fc (0x036d7db3) remu    s11, s10, s6
core   0: 3 0x800051fc (0x036d7db3) x27 0x04b1e385
core   0: 0x80005200 (0x403b8eb3) sub     t4, s7, gp
core   0: 3 0x80005200 (0x403b8eb3) x29 0xbf1976aa
core   0: 0x80005204 (0x0179c333) xor     t1, s3, s7
core   0: 3 0x80005204 (0x0179c333) x 6 0x087cacac
core   0: 0x80005208 (0x038d6c33) rem     s8, s10, s8
core   0: 3 0x80005208 (0x038d6c33) x24 0xf00029cc
core   0: 0x8000520c (0x72bf6a93) ori     s5, t5, 1835
core   0: 3 0x8000520c (0x72bf6a93) x21 0x0000076b
core   0: 0x80005210 (0x00f180b3) add     ra, gp, a5
core   0: 3 0x80005210 (0x00f180b3) x 1 0xf0002a66
core   0: 0x80005214 (0x03366cb3) rem     s9, a2, s3
core   0: 3 0x80005214 (0x03366cb3) x25 0x00000000
core   0: 0x80005218 (0x02efc133) div     sp, t6, a4
core   0: 3 0x80005218 (0x02efc133) x 2 0xffffffff
core   0: 0x8000521c (0x02942033) mulhsu  zero, s0, s1
core   0: 3 0x8000521c (0x02942033)
core   0: 0x80005220 (0x01dec8b3) xor     a7, t4, t4
core   0: 3 0x80005220 (0x01dec8b3) x17 0x00000000
core   0: 0x80005224 (0x004e1b33) sll     s6, t3, tp
core   0: 3 0x80005224 (0x004e1b33) x22 0x00000489
core   0: 0x80005228 (0x00b0d513) srli    a0, ra, 11
core   0: 3 0x80005228 (0x00b0d513) x10 0x001e0005
core   0: 0x8000522c (0x038f3bb3) mulhu   s7, t5, s8
core   0: 3 0x8000522c (0x038f3bb3) x23 0x0000005a
core   0: 0x80005230 (0x00000013) nop
core   0: 3 0x80005230 (0x00000013)
core   0: 0x80005234 (0x027b6333) rem     t1, s6, t2
core   0: 3 0x80005234 (0x027b6333) x 6 0x00000009
core   0: 0x80005238 (0x039b53b3) divu    t2, s6, s9
core   0: 3 0x80005238 (0x039b53b3) x 7 0xffffffff
core   0: 0x8000523c (0x02c20133) mul     sp, tp, a2
core   0: 3 0x8000523c (0x02c20133) x 2 0x00000000
core   0: 0x80005240 (0x316cad13) slti    s10, s9, 790
core   0: 3 0x80005240 (0x316cad13) x26 0x00000001
core   0: 0x80005244 (0xe6143f93) sltiu   t6, s0, -415
core   0: 3 0x80005244 (0xe6143f93) x31 0x00000001
core   0: 0x80005248 (0x010fd1b3) srl     gp, t6, a6
core   0: 3 0x80005248 (0x010fd1b3) x 3 0x00000000
core   0: 0x8000524c (0x9c7ee837) lui     a6, 0x9c7ee
core   0: 3 0x8000524c (0x9c7ee837) x16 0x9c7ee000
core   0: 0x80005250 (0x41f3de33) sra     t3, t2, t6
core   0: 3 0x80005250 (0x41f3de33) x28 0xffffffff
core   0: 0x80005254 (0x030ae3b3) rem     t2, s5, a6
core   0: 3 0x80005254 (0x030ae3b3) x 7 0x0000076b
core   0: 0x80005258 (0x41f4d333) sra     t1, s1, t6
core   0: 3 0x80005258 (0x41f4d333) x 6 0x07ffef81
core   0: 0x8000525c (0xbe072c13) slti    s8, a4, -1056
core   0: 3 0x8000525c (0xbe072c13) x24 0x00000000
core   0: 0x80005260 (0x00000013) nop
core   0: 3 0x80005260 (0x00000013)
core   0: 0x80005264 (0x03f529b3) mulhsu  s3, a0, t6
core   0: 3 0x80005264 (0x03f529b3) x19 0x00000000
core   0: 0x80005268 (0x40c35a93) srai    s5, t1, 12
core   0: 3 0x80005268 (0x40c35a93) x21 0x00007ffe
core   0: 0x8000526c (0x409c8bb3) sub     s7, s9, s1
core   0: 3 0x8000526c (0x409c8bb3) x23 0xf00020fe
core   0: 0x80005270 (0x0307f533) remu    a0, a5, a6
core   0: 3 0x80005270 (0x0307f533) x10 0x53814780
core   0: 0x80005274 (0x01b09993) slli    s3, ra, 27
core   0: 3 0x80005274 (0x01b09993) x19 0x30000000
core   0: 0x80005278 (0x00a7b233) sltu    tp, a5, a0
core   0: 3 0x80005278 (0x00a7b233) x 4 0x00000000
core   0: 0x8000527c (0x02115cb3) divu    s9, sp, ra
core   0: 3 0x8000527c (0x02115cb3) x25 0x00000000
core   0: 0x80005280 (0x00ec8133) add     sp, s9, a4
core   0: 3 0x80005280 (0x00ec8133) x 2 0x00000000
core   0: 0x80005284 (0x00000013) nop
core   0: 3 0x80005284 (0x00000013)
core   0: 0x80005288 (0x8ed8bb93) sltiu   s7, a7, -1811
core   0: 3 0x80005288 (0x8ed8bb93) x23 0x00000001
core   0: 0x8000528c (0x035f2bb3) mulhsu  s7, t5, s5
core   0: 3 0x8000528c (0x035f2bb3) x23 0x00000000
core   0: 0x80005290 (0x0034e233) or      tp, s1, gp
core   0: 3 0x80005290 (0x0034e233) x 4 0x0fffdf02
core   0: 0x80005294 (0x00894233) xor     tp, s2, s0
core   0: 3 0x80005294 (0x00894233) x 4 0x00000001
core   0: 0x80005298 (0x036dd933) divu    s2, s11, s6
core   0: 3 0x80005298 (0x036dd933) x18 0x00010904
core   0: 0x8000529c (0x002d8833) add     a6, s11, sp
core   0: 3 0x8000529c (0x002d8833) x16 0x04b1e385
core   0: 0x800052a0 (0x038e2b33) mulhsu  s6, t3, s8
core   0: 3 0x800052a0 (0x038e2b33) x22 0x00000000
core   0: 0x800052a4 (0x02bcc133) div     sp, s9, a1
core   0: 3 0x800052a4 (0x02bcc133) x 2 0xffffffff
core   0: 0x800052a8 (0x029a0ab3) mul     s5, s4, s1
core   0: 3 0x800052a8 (0x029a0ab3) x21 0x0cd9b5c8
core   0: 0x800052ac (0x03698cb3) mul     s9, s3, s6
core   0: 3 0x800052ac (0x03698cb3) x25 0x00000000
core   0: 0x800052b0 (0x01930233) add     tp, t1, s9
core   0: 3 0x800052b0 (0x01930233) x 4 0x07ffef81
core   0: 0x800052b4 (0x02b15833) divu    a6, sp, a1
core   0: 3 0x800052b4 (0x02b15833) x16 0xffffffff
core   0: 0x800052b8 (0x7c1e2217) auipc   tp, 0x7c1e2
core   0: 3 0x800052b8 (0x7c1e2217) x 4 0xfc1e72b8
core   0: 0x800052bc (0x5e4f6637) lui     a2, 0x5e4f6
core   0: 3 0x800052bc (0x5e4f6637) x12 0x5e4f6000
core   0: 0x800052c0 (0x41aad493) srai    s1, s5, 26
core   0: 3 0x800052c0 (0x41aad493) x 9 0x00000003
core   0: 0x800052c4 (0x82068c13) addi    s8, a3, -2016
core   0: 3 0x800052c4 (0x82068c13) x24 0xbf1972ae
core   0: 0x800052c8 (0x405f8633) sub     a2, t6, t0
core   0: 3 0x800052c8 (0x405f8633) x12 0x7ffeb19d
core   0: 0x800052cc (0x41568633) sub     a2, a3, s5
core   0: 3 0x800052cc (0x41568633) x12 0xb23fc4c6
core   0: 0x800052d0 (0x013354b3) srl     s1, t1, s3
core   0: 3 0x800052d0 (0x013354b3) x 9 0x07ffef81
core   0: 0x800052d4 (0x65314613) xori    a2, sp, 1619
core   0: 3 0x800052d4 (0x65314613) x12 0xfffff9ac
core   0: 0x800052d8 (0x01a12db3) slt     s11, sp, s10
core   0: 3 0x800052d8 (0x01a12db3) x27 0x00000001
core   0: 0x800052dc (0x02991db3) mulh    s11, s2, s1
core   0: 3 0x800052dc (0x02991db3) x27 0x00000848
core   0: 0x800052e0 (0x0317db33) divu    s6, a5, a7
core   0: 3 0x800052e0 (0x0317db33) x22 0xffffffff
core   0: 0x800052e4 (0x40c0d5b3) sra     a1, ra, a2
core   0: 3 0x800052e4 (0x40c0d5b3) x11 0xffff0002
core   0: 0x800052e8 (0x30d54893) xori    a7, a0, 781
core   0: 3 0x800052e8 (0x30d54893) x17 0x5381448d
core   0: 0x800052ec (0x0084d313) srli    t1, s1, 8
core   0: 3 0x800052ec (0x0084d313) x 6 0x0007ffef
core   0: 0x800052f0 (0x00b2cbb3) xor     s7, t0, a1
core   0: 3 0x800052f0 (0x00b2cbb3) x23 0x7ffe4e66
core   0: 0x800052f4 (0x406c5f93) srai    t6, s8, 6
core   0: 3 0x800052f4 (0x406c5f93) x31 0xfefc65ca
core   0: 0x800052f8 (0x04034e93) xori    t4, t1, 64
core   0: 3 0x800052f8 (0x04034e93) x29 0x0007ffaf
core   0: 0x800052fc (0xfae68e17) auipc   t3, 0xfae68
core   0: 3 0x800052fc (0xfae68e17) x28 0x7ae6d2fc
core   0: 0x80005300 (0xe5083813) sltiu   a6, a6, -432
core   0: 3 0x80005300 (0xe5083813) x16 0x00000000
core   0: 0x80005304 (0x01639cb3) sll     s9, t2, s6
core   0: 3 0x80005304 (0x01639cb3) x25 0x80000000
core   0: 0x80005308 (0x019c0c33) add     s8, s8, s9
core   0: 3 0x80005308 (0x019c0c33) x24 0x3f1972ae
core   0: 0x8000530c (0xf9c9b593) sltiu   a1, s3, -100
core   0: 3 0x8000530c (0xf9c9b593) x11 0x00000001
core   0: 0x80005310 (0x0059de13) srli    t3, s3, 5
core   0: 3 0x80005310 (0x0059de13) x28 0x01800000
core   0: 0x80005314 (0x00699933) sll     s2, s3, t1
core   0: 3 0x80005314 (0x00699933) x18 0x00000000
core   0: 0x80005318 (0x0310c933) div     s2, ra, a7
core   0: 3 0x80005318 (0x0310c933) x18 0x00000000
core   0: 0x8000531c (0x03f1df33) divu    t5, gp, t6
core   0: 3 0x8000531c (0x03f1df33) x30 0x00000000
core   0: 0x80005320 (0x02408eb3) mul     t4, ra, tp
core   0: 3 0x80005320 (0x02408eb3) x29 0xf2f3e550
core   0: 0x80005324 (0x010e2b33) slt     s6, t3, a6
core   0: 3 0x80005324 (0x010e2b33) x22 0x00000000
core   0: 0x80005328 (0x0307e5b3) rem     a1, a5, a6
core   0: 3 0x80005328 (0x0307e5b3) x11 0xf0002780
core   0: 0x8000532c (0x00f2b633) sltu    a2, t0, a5
core   0: 3 0x8000532c (0x00f2b633) x12 0x00000001
core   0: 0x80005330 (0x2cd16e13) ori     t3, sp, 717
core   0: 3 0x80005330 (0x2cd16e13) x28 0xffffffff
core   0: 0x80005334 (0x033aa0b3) mulhsu  ra, s5, s3
core   0: 3 0x80005334 (0x033aa0b3) x 1 0x0268d215
core   0: 0x80005338 (0x0258e033) rem     zero, a7, t0
core   0: 3 0x80005338 (0x0258e033)
core   0: 0x8000533c (0x3e162413) slti    s0, a2, 993
core   0: 3 0x8000533c (0x3e162413) x 8 0x00000001
core   0: 0x80005340 (0x02ec6d33) rem     s10, s8, a4
core   0: 3 0x80005340 (0x02ec6d33) x26 0x3f1972ae
core   0: 0x80005344 (0x03f14cb3) div     s9, sp, t6
core   0: 3 0x80005344 (0x03f14cb3) x25 0x00000000
core   0: 0x80005348 (0x03151633) mulh    a2, a0, a7
core   0: 3 0x80005348 (0x03151633) x12 0x1b3d14af
core   0: 0x8000534c (0x00b72433) slt     s0, a4, a1
core   0: 3 0x8000534c (0x00b72433) x 8 0x00000000
core   0: 0x80005350 (0x003048b3) xor     a7, zero, gp
core   0: 3 0x80005350 (0x003048b3) x17 0x00000000
core   0: 0x80005354 (0x204aa393) slti    t2, s5, 516
core   0: 3 0x80005354 (0x204aa393) x 7 0x00000000
core   0: 0x80005358 (0x02f83033) mulhu   zero, a6, a5
core   0: 3 0x80005358 (0x02f83033)
core   0: 0x8000535c (0x00f64533) xor     a0, a2, a5
core   0: 3 0x8000535c (0x00f64533) x10 0xeb3d332f
core   0: 0x80005360 (0x02fe2833) mulhsu  a6, t3, a5
core   0: 3 0x80005360 (0x02fe2833) x16 0xffffffff
core   0: 0x80005364 (0x40f9ddb3) sra     s11, s3, a5
core   0: 3 0x80005364 (0x40f9ddb3) x27 0x30000000
core   0: 0x80005368 (0x005ed733) srl     a4, t4, t0
core   0: 3 0x80005368 (0x005ed733) x14 0x0f2f3e55
core   0: 0x8000536c (0xa24f2393) slti    t2, t5, -1500
core   0: 3 0x8000536c (0xa24f2393) x 7 0x00000000
core   0: 0x80005370 (0x038bafb3) mulhsu  t6, s7, s8
core   0: 3 0x80005370 (0x038bafb3) x31 0x1f8c4e76
core   0: 0x80005374 (0xb1466793) ori     a5, a2, -1260
core   0: 3 0x80005374 (0xb1466793) x15 0xffffffbf
core   0: 0x80005378 (0x03680233) mul     tp, a6, s6
core   0: 3 0x80005378 (0x03680233) x 4 0x00000000
core   0: 0x8000537c (0x6bf97b93) andi    s7, s2, 1727
core   0: 3 0x8000537c (0x6bf97b93) x23 0x00000000
core   0: 0x80005380 (0x02773e33) mulhu   t3, a4, t2
core   0: 3 0x80005380 (0x02773e33) x28 0x00000000
core   0: 0x80005384 (0x00000013) nop
core   0: 3 0x80005384 (0x00000013)
core   0: 0x80005388 (0x01bb3933) sltu    s2, s6, s11
core   0: 3 0x80005388 (0x01bb3933) x18 0x00000001
core   0: 0x8000538c (0xf324c5b7) lui     a1, 0xf324c
core   0: 3 0x8000538c (0xf324c5b7) x11 0xf324c000
core   0: 0x80005390 (0x01b0c233) xor     tp, ra, s11
core   0: 3 0x80005390 (0x01b0c233) x 4 0x3268d215
core   0: 0x80005394 (0x8c8ccb13) xori    s6, s9, -1848
core   0: 3 0x80005394 (0x8c8ccb13) x22 0xfffff8c8
core   0: 0x80005398 (0x4099d1b3) sra     gp, s3, s1
core   0: 3 0x80005398 (0x4099d1b3) x 3 0x18000000
core   0: 0x8000539c (0x03540ab3) mul     s5, s0, s5
core   0: 3 0x8000539c (0x03540ab3) x21 0x00000000
core   0: 0x800053a0 (0x02f84d33) div     s10, a6, a5
core   0: 3 0x800053a0 (0x02f84d33) x26 0x00000000
core   0: 0x800053a4 (0x0344a1b3) mulhsu  gp, s1, s4
core   0: 3 0x800053a4 (0x0344a1b3) x 3 0x04000427
core   0: 0x800053a8 (0x025e1033) mulh    zero, t3, t0
core   0: 3 0x800053a8 (0x025e1033)
core   0: 0x800053ac (0x02d29bb3) mulh    s7, t0, a3
core   0: 3 0x800053ac (0x02d29bb3) x23 0x2072edf2
core   0: 0x800053b0 (0x06cf2893) slti    a7, t5, 108
core   0: 3 0x800053b0 (0x06cf2893) x17 0x00000001
core   0: 0x800053b4 (0x02c81f33) mulh    t5, a6, a2
core   0: 3 0x800053b4 (0x02c81f33) x30 0xffffffff
core   0: 0x800053b8 (0x03fedb33) divu    s6, t4, t6
core   0: 3 0x800053b8 (0x03fedb33) x22 0x00000007
core   0: 0x800053bc (0x40c38733) sub     a4, t2, a2
core   0: 3 0x800053bc (0x40c38733) x14 0xe4c2eb51
core   0: 0x800053c0 (0x01435013) srli    zero, t1, 20
core   0: 3 0x800053c0 (0x01435013)
core   0: 0x800053c4 (0x41bbdf33) sra     t5, s7, s11
core   0: 3 0x800053c4 (0x41bbdf33) x30 0x2072edf2
core   0: 0x800053c8 (0x008b3fb3) sltu    t6, s6, s0
core   0: 3 0x800053c8 (0x008b3fb3) x31 0x00000000
core   0: 0x800053cc (0x01e64b33) xor     s6, a2, t5
core   0: 3 0x800053cc (0x01e64b33) x22 0x3b4ff95d
core   0: 0x800053d0 (0x0129d913) srli    s2, s3, 18
core   0: 3 0x800053d0 (0x0129d913) x18 0x00000c00
core   0: 0x800053d4 (0x1bb5bd13) sltiu   s10, a1, 443
core   0: 3 0x800053d4 (0x1bb5bd13) x26 0x00000000
core   0: 0x800053d8 (0x0047b0b3) sltu    ra, a5, tp
core   0: 3 0x800053d8 (0x0047b0b3) x 1 0x00000000
core   0: 0x800053dc (0xbb683397) auipc   t2, 0xbb683
core   0: 3 0x800053dc (0xbb683397) x 7 0x3b6883dc
core   0: 0x800053e0 (0x5de10613) addi    a2, sp, 1502
core   0: 3 0x800053e0 (0x5de10613) x12 0x000005dd
core   0: 0x800053e4 (0x00edf733) and     a4, s11, a4
core   0: 3 0x800053e4 (0x00edf733) x14 0x20000000
core   0: 0x800053e8 (0x26fdad13) slti    s10, s11, 623
core   0: 3 0x800053e8 (0x26fdad13) x26 0x00000000
core   0: 0x800053ec (0xb477ab13) slti    s6, a5, -1209
core   0: 3 0x800053ec (0xb477ab13) x22 0x00000000
core   0: 0x800053f0 (0x0357a4b3) mulhsu  s1, a5, s5
core   0: 3 0x800053f0 (0x0357a4b3) x 9 0x00000000
core   0: 0x800053f4 (0xc781b613) sltiu   a2, gp, -904
core   0: 3 0x800053f4 (0xc781b613) x12 0x00000001
core   0: 0x800053f8 (0x01b0e3b3) or      t2, ra, s11
core   0: 3 0x800053f8 (0x01b0e3b3) x 7 0x30000000
core   0: 0x800053fc (0x00000013) nop
core   0: 3 0x800053fc (0x00000013)
core   0: 0x80005400 (0xb24d68b7) lui     a7, 0xb24d6
core   0: 3 0x80005400 (0xb24d68b7) x17 0xb24d6000
core   0: 0x80005404 (0x400fd633) sra     a2, t6, zero
core   0: 3 0x80005404 (0x400fd633) x12 0x00000000
core   0: 0x80005408 (0xcf1d8993) addi    s3, s11, -783
core   0: 3 0x80005408 (0xcf1d8993) x19 0x2ffffcf1
core   0: 0x8000540c (0x00a08933) add     s2, ra, a0
core   0: 3 0x8000540c (0x00a08933) x18 0xeb3d332f
core   0: 0x80005410 (0x0202cf93) xori    t6, t0, 32
core   0: 3 0x80005410 (0x0202cf93) x31 0x80014e44
core   0: 0x80005414 (0x00000013) nop
core   0: 3 0x80005414 (0x00000013)
core   0: 0x80005418 (0x02fdeab3) rem     s5, s11, a5
core   0: 3 0x80005418 (0x02fdeab3) x21 0x00000030
core   0: 0x8000541c (0x4f45a013) slti    zero, a1, 1268
core   0: 3 0x8000541c (0x4f45a013)
core   0: 0x80005420 (0x01c86fb3) or      t6, a6, t3
core   0: 3 0x80005420 (0x01c86fb3) x31 0xffffffff
core   0: 0x80005424 (0xa46f8013) addi    zero, t6, -1466
core   0: 3 0x80005424 (0xa46f8013)
core   0: 0x80005428 (0x41a98eb3) sub     t4, s3, s10
core   0: 3 0x80005428 (0x41a98eb3) x29 0x2ffffcf1
core   0: 0x8000542c (0x014158b3) srl     a7, sp, s4
core   0: 3 0x8000542c (0x014158b3) x17 0x0fffffff
core   0: 0x80005430 (0x02e39433) mulh    s0, t2, a4
core   0: 3 0x80005430 (0x02e39433) x 8 0x06000000
core   0: 0x80005434 (0x00c545b3) xor     a1, a0, a2
core   0: 3 0x80005434 (0x00c545b3) x11 0xeb3d332f
core   0: 0x80005438 (0x00b25093) srli    ra, tp, 11
core   0: 3 0x80005438 (0x00b25093) x 1 0x00064d1a
core   0: 0x8000543c (0x017ca333) slt     t1, s9, s7
core   0: 3 0x8000543c (0x017ca333) x 6 0x00000001
core   0: 0x80005440 (0x00000013) nop
core   0: 3 0x80005440 (0x00000013)
core   0: 0x80005444 (0x01f09833) sll     a6, ra, t6
core   0: 3 0x80005444 (0x01f09833) x16 0x00000000
core   0: 0x80005448 (0x02ddfab3) remu    s5, s11, a3
core   0: 3 0x80005448 (0x02ddfab3) x21 0x30000000
core   0: 0x8000544c (0x40fc80b3) sub     ra, s9, a5
core   0: 3 0x8000544c (0x40fc80b3) x 1 0x00000041
core   0: 0x80005450 (0x03db7733) remu    a4, s6, t4
core   0: 3 0x80005450 (0x03db7733) x14 0x00000000
core   0: 0x80005454 (0x2b79f237) lui     tp, 0x2b79f
core   0: 3 0x80005454 (0x2b79f237) x 4 0x2b79f000
core   0: 0x80005458 (0x000fd813) srli    a6, t6, 0
core   0: 3 0x80005458 (0x000fd813) x16 0xffffffff
core   0: 0x8000545c (0x01239413) slli    s0, t2, 18
core   0: 3 0x8000545c (0x01239413) x 8 0x00000000
core   0: 0x80005460 (0x19c4db17) auipc   s6, 0x19c4d
core   0: 3 0x80005460 (0x19c4db17) x22 0x99c52460
core   0: 0x80005464 (0x036be333) rem     t1, s7, s6
core   0: 3 0x80005464 (0x036be333) x 6 0x2072edf2
core   0: 0x80005468 (0x01aa2e33) slt     t3, s4, s10
core   0: 3 0x80005468 (0x01aa2e33) x28 0x00000001
core   0: 0x8000546c (0xbcf6a837) lui     a6, 0xbcf6a
core   0: 3 0x8000546c (0xbcf6a837) x16 0xbcf6a000
core   0: 0x80005470 (0x00b7e933) or      s2, a5, a1
core   0: 3 0x80005470 (0x00b7e933) x18 0xffffffbf
core   0: 0x80005474 (0x01f07fb3) and     t6, zero, t6
core   0: 3 0x80005474 (0x01f07fb3) x31 0x00000000
core   0: 0x80005478 (0x03139ab3) mulh    s5, t2, a7
core   0: 3 0x80005478 (0x03139ab3) x21 0x02ffffff
core   0: 0x8000547c (0x00a62fb3) slt     t6, a2, a0
core   0: 3 0x8000547c (0x00a62fb3) x31 0x00000000
core   0: 0x80005480 (0x02edcbb3) div     s7, s11, a4
core   0: 3 0x80005480 (0x02edcbb3) x23 0xffffffff
core   0: 0x80005484 (0x0069acb3) slt     s9, s3, t1
core   0: 3 0x80005484 (0x0069acb3) x25 0x00000000
core   0: 0x80005488 (0x01a343b3) xor     t2, t1, s10
core   0: 3 0x80005488 (0x01a343b3) x 7 0x2072edf2
core   0: 0x8000548c (0xa8abc893) xori    a7, s7, -1398
core   0: 3 0x8000548c (0xa8abc893) x17 0x00000575
core   0: 0x80005490 (0x004494b3) sll     s1, s1, tp
core   0: 3 0x80005490 (0x004494b3) x 9 0x00000000
core   0: 0x80005494 (0x5adbef13) ori     t5, s7, 1453
core   0: 3 0x80005494 (0x5adbef13) x30 0xffffffff
core   0: 0x80005498 (0x038a28b3) mulhsu  a7, s4, s8
core   0: 3 0x80005498 (0x038a28b3) x17 0xe073a87c
core   0: 0x8000549c (0x00f5f233) and     tp, a1, a5
core   0: 3 0x8000549c (0x00f5f233) x 4 0xeb3d332f
core   0: 0x800054a0 (0x4a5ae497) auipc   s1, 0x4a5ae
core   0: 3 0x800054a0 (0x4a5ae497) x 9 0xca5b34a0
core   0: 0x800054a4 (0x03a68e33) mul     t3, a3, s10
core   0: 3 0x800054a4 (0x03a68e33) x28 0x00000000
core   0: 0x800054a8 (0x02569ab3) mulh    s5, a3, t0
core   0: 3 0x800054a8 (0x02569ab3) x21 0x2072edf2
core   0: 0x800054ac (0x032bbb33) mulhu   s6, s7, s2
core   0: 3 0x800054ac (0x032bbb33) x22 0xffffffbe
core   0: 0x800054b0 (0x013609b3) add     s3, a2, s3
core   0: 3 0x800054b0 (0x013609b3) x19 0x2ffffcf1
core   0: 0x800054b4 (0x018d5093) srli    ra, s10, 24
core   0: 3 0x800054b4 (0x018d5093) x 1 0x00000000
core   0: 0x800054b8 (0x03617b33) remu    s6, sp, s6
core   0: 3 0x800054b8 (0x03617b33) x22 0x00000041
core   0: 0x800054bc (0x01ef0c33) add     s8, t5, t5
core   0: 3 0x800054bc (0x01ef0c33) x24 0xfffffffe
core   0: 0x800054c0 (0x4126dd33) sra     s10, a3, s2
core   0: 3 0x800054c0 (0x4126dd33) x26 0xffffffff
core   0: 0x800054c4 (0x01aec733) xor     a4, t4, s10
core   0: 3 0x800054c4 (0x01aec733) x14 0xd000030e
core   0: 0x800054c8 (0x41b980b3) sub     ra, s3, s11
core   0: 3 0x800054c8 (0x41b980b3) x 1 0xfffffcf1
core   0: 0x800054cc (0x03efeab3) rem     s5, t6, t5
core   0: 3 0x800054cc (0x03efeab3) x21 0x00000000
core   0: 0x800054d0 (0x409fdcb3) sra     s9, t6, s1
core   0: 3 0x800054d0 (0x409fdcb3) x25 0x00000000
core   0: 0x800054d4 (0x00509513) slli    a0, ra, 5
core   0: 3 0x800054d4 (0x00509513) x10 0xffff9e20
core   0: 0x800054d8 (0x6bfcc893) xori    a7, s9, 1727
core   0: 3 0x800054d8 (0x6bfcc893) x17 0x000006bf
core   0: 0x800054dc (0x36258037) lui     zero, 0x36258
core   0: 3 0x800054dc (0x36258037)
core   0: 0x800054e0 (0x024de433) rem     s0, s11, tp
core   0: 3 0x800054e0 (0x024de433) x 8 0x067a665e
core   0: 0x800054e4 (0x013048b3) xor     a7, zero, s3
core   0: 3 0x800054e4 (0x013048b3) x17 0x2ffffcf1
core   0: 0x800054e8 (0x41f7d393) srai    t2, a5, 31
core   0: 3 0x800054e8 (0x41f7d393) x 7 0xffffffff
core   0: 0x800054ec (0x01ef9633) sll     a2, t6, t5
core   0: 3 0x800054ec (0x01ef9633) x12 0x00000000
core   0: 0x800054f0 (0x01f1c9b3) xor     s3, gp, t6
core   0: 3 0x800054f0 (0x01f1c9b3) x19 0x04000427
core   0: 0x800054f4 (0x0100bc33) sltu    s8, ra, a6
core   0: 3 0x800054f4 (0x0100bc33) x24 0x00000000
core   0: 0x800054f8 (0xac5aeb13) ori     s6, s5, -1339
core   0: 3 0x800054f8 (0xac5aeb13) x22 0xfffffac5
core   0: 0x800054fc (0x023224b3) mulhsu  s1, tp, gp
core   0: 3 0x800054fc (0x023224b3) x 9 0xffacf476
core   0: 0x80005500 (0x03f6e7b3) rem     a5, a3, t6
core   0: 3 0x80005500 (0x03f6e7b3) x15 0xbf197a8e
core   0: 0x80005504 (0x03134e33) div     t3, t1, a7
core   0: 3 0x80005504 (0x03134e33) x28 0x00000000
core   0: 0x80005508 (0x000a50b3) srl     ra, s4, zero
core   0: 3 0x80005508 (0x000a50b3) x 1 0x80018ce4
core   0: 0x8000550c (0x00000013) nop
core   0: 3 0x8000550c (0x00000013)
core   0: 0x80005510 (0xb6950013) addi    zero, a0, -1175
core   0: 3 0x80005510 (0xb6950013)
core   0: 0x80005514 (0x01965093) srli    ra, a2, 25
core   0: 3 0x80005514 (0x01965093) x 1 0x00000000
core   0: 0x80005518 (0x36487413) andi    s0, a6, 868
core   0: 3 0x80005518 (0x36487413) x 8 0x00000000
core   0: 0x8000551c (0x0180d013) srli    zero, ra, 24
core   0: 3 0x8000551c (0x0180d013)
core   0: 0x80005520 (0x47fb2e13) slti    t3, s6, 1151
core   0: 3 0x80005520 (0x47fb2e13) x28 0x00000001
core   0: 0x80005524 (0x009dd613) srli    a2, s11, 9
core   0: 3 0x80005524 (0x009dd613) x12 0x00180000
core   0: 0x80005528 (0x03f1f233) remu    tp, gp, t6
core   0: 3 0x80005528 (0x03f1f233) x 4 0x04000427
core   0: 0x8000552c (0x015493b3) sll     t2, s1, s5
core   0: 3 0x8000552c (0x015493b3) x 7 0xffacf476
core   0: 0x80005530 (0x4212e393) ori     t2, t0, 1057
core   0: 3 0x80005530 (0x4212e393) x 7 0x80014e65
core   0: 0x80005534 (0x0096dd13) srli    s10, a3, 9
core   0: 3 0x80005534 (0x0096dd13) x26 0x005f8cbd
core   0: 0x80005538 (0x01c25eb3) srl     t4, tp, t3
core   0: 3 0x80005538 (0x01c25eb3) x29 0x02000213
core   0: 0x8000553c (0x033b33b3) mulhu   t2, s6, s3
core   0: 3 0x8000553c (0x033b33b3) x 7 0x04000412
core   0: 0x80005540 (0x02146d33) rem     s10, s0, ra
core   0: 3 0x80005540 (0x02146d33) x26 0x00000000
core   0: 0x80005544 (0x01805713) srli    a4, zero, 24
core   0: 3 0x80005544 (0x01805713) x14 0x00000000
core   0: 0x80005548 (0x40e85313) srai    t1, a6, 14
core   0: 3 0x80005548 (0x40e85313) x 6 0xfffef3da
core   0: 0x8000554c (0x94148893) addi    a7, s1, -1727
core   0: 3 0x8000554c (0x94148893) x17 0xffacedb7
core   0: 0x80005550 (0x01142f33) slt     t5, s0, a7
core   0: 3 0x80005550 (0x01142f33) x30 0x00000000
core   0: 0x80005554 (0x8847bab7) lui     s5, 0x8847b
core   0: 3 0x80005554 (0x8847bab7) x21 0x8847b000
core   0: 0x80005558 (0x00000013) nop
core   0: 3 0x80005558 (0x00000013)
core   0: 0x8000555c (0xb0b86413) ori     s0, a6, -1269
core   0: 3 0x8000555c (0xb0b86413) x 8 0xfffffb0b
core   0: 0x80005560 (0x002acf33) xor     t5, s5, sp
core   0: 3 0x80005560 (0x002acf33) x30 0x77b84fff
core   0: 0x80005564 (0x73716193) ori     gp, sp, 1847
core   0: 3 0x80005564 (0x73716193) x 3 0xffffffff
core   0: 0x80005568 (0x023171b3) remu    gp, sp, gp
core   0: 3 0x80005568 (0x023171b3) x 3 0x00000000
core   0: 0x8000556c (0x00cf25b3) slt     a1, t5, a2
core   0: 3 0x8000556c (0x00cf25b3) x11 0x00000000
core   0: 0x80005570 (0x01872333) slt     t1, a4, s8
core   0: 3 0x80005570 (0x01872333) x 6 0x00000000
core   0: 0x80005574 (0x01053233) sltu    tp, a0, a6
core   0: 3 0x80005574 (0x01053233) x 4 0x00000000
core   0: 0x80005578 (0x0162d713) srli    a4, t0, 22
core   0: 3 0x80005578 (0x0162d713) x14 0x00000200
core   0: 0x8000557c (0x038da833) mulhsu  a6, s11, s8
core   0: 3 0x8000557c (0x038da833) x16 0x00000000
core   0: 0x80005580 (0x40f05f93) srai    t6, zero, 15
core   0: 3 0x80005580 (0x40f05f93) x31 0x00000000
core   0: 0x80005584 (0x03589ab3) mulh    s5, a7, s5
core   0: 3 0x80005584 (0x03589ab3) x21 0x0026d94f
core   0: 0x80005588 (0xea198013) addi    zero, s3, -351
core   0: 3 0x80005588 (0xea198013)
core   0: 0x8000558c (0x00005f33) srl     t5, zero, zero
core   0: 3 0x8000558c (0x00005f33) x30 0x00000000
core   0: 0x80005590 (0x40b5d333) sra     t1, a1, a1
core   0: 3 0x80005590 (0x40b5d333) x 6 0x00000000
core   0: 0x80005594 (0x00000013) nop
core   0: 3 0x80005594 (0x00000013)
core   0: 0x80005598 (0x01f8f833) and     a6, a7, t6
core   0: 3 0x80005598 (0x01f8f833) x16 0x00000000
core   0: 0x8000559c (0x00c31d33) sll     s10, t1, a2
core   0: 3 0x8000559c (0x00c31d33) x26 0x00000000
core   0: 0x800055a0 (0x017b7633) and     a2, s6, s7
core   0: 3 0x800055a0 (0x017b7633) x12 0xfffffac5
core   0: 0x800055a4 (0x0fcb5937) lui     s2, 0xfcb5
core   0: 3 0x800055a4 (0x0fcb5937) x18 0x0fcb5000
core   0: 0x800055a8 (0x402a8fb3) sub     t6, s5, sp
core   0: 3 0x800055a8 (0x402a8fb3) x31 0x0026d950
core   0: 0x800055ac (0x037cefb3) rem     t6, s9, s7
core   0: 3 0x800055ac (0x037cefb3) x31 0x00000000
core   0: 0x800055b0 (0x4169d393) srai    t2, s3, 22
core   0: 3 0x800055b0 (0x4169d393) x 7 0x00000010
core   0: 0x800055b4 (0x00c0f233) and     tp, ra, a2
core   0: 3 0x800055b4 (0x00c0f233) x 4 0x00000000
core   0: 0x800055b8 (0x417e5f93) srai    t6, t3, 23
core   0: 3 0x800055b8 (0x417e5f93) x31 0x00000000
core   0: 0x800055bc (0xb1f32993) slti    s3, t1, -1249
core   0: 3 0x800055bc (0xb1f32993) x19 0x00000000
core   0: 0x800055c0 (0x00000013) nop
core   0: 3 0x800055c0 (0x00000013)
core   0: 0x800055c4 (0x41680333) sub     t1, a6, s6
core   0: 3 0x800055c4 (0x41680333) x 6 0x0000053b
core   0: 0x800055c8 (0x006010b3) sll     ra, zero, t1
core   0: 3 0x800055c8 (0x006010b3) x 1 0x00000000
core   0: 0x800055cc (0x03a6d233) divu    tp, a3, s10
core   0: 3 0x800055cc (0x03a6d233) x 4 0xffffffff
core   0: 0x800055d0 (0x01539633) sll     a2, t2, s5
core   0: 3 0x800055d0 (0x01539633) x12 0x00080000
core   0: 0x800055d4 (0x02e12333) mulhsu  t1, sp, a4
core   0: 3 0x800055d4 (0x02e12333) x 6 0xffffffff
core   0: 0x800055d8 (0x00f61713) slli    a4, a2, 15
core   0: 3 0x800055d8 (0x00f61713) x14 0x00000000
core   0: 0x800055dc (0x00ea0733) add     a4, s4, a4
core   0: 3 0x800055dc (0x00ea0733) x14 0x80018ce4
core   0: 0x800055e0 (0x00ea5193) srli    gp, s4, 14
core   0: 3 0x800055e0 (0x00ea5193) x 3 0x00020006
core   0: 0x800055e4 (0x8f087893) andi    a7, a6, -1808
core   0: 3 0x800055e4 (0x8f087893) x17 0x00000000
core   0: 0x800055e8 (0xf7b77513) andi    a0, a4, -133
core   0: 3 0x800055e8 (0xf7b77513) x10 0x80018c60
core   0: 0x800055ec (0x41af5ab3) sra     s5, t5, s10
core   0: 3 0x800055ec (0x41af5ab3) x21 0x00000000
core   0: 0x800055f0 (0x4c97d0b7) lui     ra, 0x4c97d
core   0: 3 0x800055f0 (0x4c97d0b7) x 1 0x4c97d000
core   0: 0x800055f4 (0x25027393) andi    t2, tp, 592
core   0: 3 0x800055f4 (0x25027393) x 7 0x00000250
core   0: 0x800055f8 (0x3ec74713) xori    a4, a4, 1004
core   0: 3 0x800055f8 (0x3ec74713) x14 0x80018f08
core   0: 0x800055fc (0x8df0fb93) andi    s7, ra, -1825
core   0: 3 0x800055fc (0x8df0fb93) x23 0x4c97d000
core   0: 0x80005600 (0x01cc9cb3) sll     s9, s9, t3
core   0: 3 0x80005600 (0x01cc9cb3) x25 0x00000000
core   0: 0x80005604 (0x030229b3) mulhsu  s3, tp, a6
core   0: 3 0x80005604 (0x030229b3) x19 0x00000000
core   0: 0x80005608 (0x51832b97) auipc   s7, 0x51832
core   0: 3 0x80005608 (0x51832b97) x23 0xd1837608
core   0: 0x8000560c (0xfd53ef97) auipc   t6, 0xfd53e
core   0: 3 0x8000560c (0xfd53ef97) x31 0x7d54360c
core   0: 0x80005610 (0x03b6cdb3) div     s11, a3, s11
core   0: 3 0x80005610 (0x03b6cdb3) x27 0xffffffff
core   0: 0x80005614 (0x02773933) mulhu   s2, a4, t2
core   0: 3 0x80005614 (0x02773933) x18 0x00000128
core   0: 0x80005618 (0x0308d333) divu    t1, a7, a6
core   0: 3 0x80005618 (0x0308d333) x 6 0xffffffff
core   0: 0x8000561c (0x03ba33b3) mulhu   t2, s4, s11
core   0: 3 0x8000561c (0x03ba33b3) x 7 0x80018ce3
core   0: 0x80005620 (0x74008213) addi    tp, ra, 1856
core   0: 3 0x80005620 (0x74008213) x 4 0x4c97d740
core   0: 0x80005624 (0x00779593) slli    a1, a5, 7
core   0: 3 0x80005624 (0x00779593) x11 0x8cbd4700
core   0: 0x80005628 (0x134c6013) ori     zero, s8, 308
core   0: 3 0x80005628 (0x134c6013)
core   0: 0x8000562c (0x0131e833) or      a6, gp, s3
core   0: 3 0x8000562c (0x0131e833) x16 0x00020006
core   0: 0x80005630 (0x001d8133) add     sp, s11, ra
core   0: 3 0x80005630 (0x001d8133) x 2 0x4c97cfff
core   0: 0x80005634 (0x1f9c4793) xori    a5, s8, 505
core   0: 3 0x80005634 (0x1f9c4793) x15 0x000001f9
core   0: 0x80005638 (0x001c27b3) slt     a5, s8, ra
core   0: 3 0x80005638 (0x001c27b3) x15 0x00000001
core   0: 0x8000563c (0x004c5ab3) srl     s5, s8, tp
core   0: 3 0x8000563c (0x004c5ab3) x21 0x00000000
core   0: 0x80005640 (0x0211f833) remu    a6, gp, ra
core   0: 3 0x80005640 (0x0211f833) x16 0x00020006
core   0: 0x80005644 (0x02554ab3) div     s5, a0, t0
core   0: 3 0x80005644 (0x02554ab3) x21 0x00000000
core   0: 0x80005648 (0x00c94633) xor     a2, s2, a2
core   0: 3 0x80005648 (0x00c94633) x12 0x00080128
core   0: 0x8000564c (0x41890233) sub     tp, s2, s8
core   0: 3 0x8000564c (0x41890233) x 4 0x00000128
core   0: 0x80005650 (0x028e5ab3) divu    s5, t3, s0
core   0: 3 0x80005650 (0x028e5ab3) x21 0x00000000
core   0: 0x80005654 (0x41035633) sra     a2, t1, a6
core   0: 3 0x80005654 (0x41035633) x12 0xffffffff
core   0: 0x80005658 (0x8e373913) sltiu   s2, a4, -1821
core   0: 3 0x80005658 (0x8e373913) x18 0x00000001
core   0: 0x8000565c (0x03cc7bb3) remu    s7, s8, t3
core   0: 3 0x8000565c (0x03cc7bb3) x23 0x00000000
core   0: 0x80005660 (0x73a0a513) slti    a0, ra, 1850
core   0: 3 0x80005660 (0x73a0a513) x10 0x00000000
core   0: 0x80005664 (0x01355333) srl     t1, a0, s3
core   0: 3 0x80005664 (0x01355333) x 6 0x00000000
core   0: 0x80005668 (0x004a1733) sll     a4, s4, tp
core   0: 3 0x80005668 (0x004a1733) x14 0x018ce400
core   0: 0x8000566c (0x00000013) nop
core   0: 3 0x8000566c (0x00000013)
core   0: 0x80005670 (0x00fdf0b3) and     ra, s11, a5
core   0: 3 0x80005670 (0x00fdf0b3) x 1 0x00000001
core   0: 0x80005674 (0x00000013) nop
core   0: 3 0x80005674 (0x00000013)
core   0: 0x80005678 (0x8176aa93) slti    s5, a3, -2025
core   0: 3 0x80005678 (0x8176aa93) x21 0x00000001
core   0: 0x8000567c (0x02a298b3) mulh    a7, t0, a0
core   0: 3 0x8000567c (0x02a298b3) x17 0x00000000
core   0: 0x80005680 (0x030047b3) div     a5, zero, a6
core   0: 3 0x80005680 (0x030047b3) x15 0x00000000
core   0: 0x80005684 (0x000f5a93) srli    s5, t5, 0
core   0: 3 0x80005684 (0x000f5a93) x21 0x00000000
core   0: 0x80005688 (0x0f449117) auipc   sp, 0xf449
core   0: 3 0x80005688 (0x0f449117) x 2 0x8f44e688
core   0: 0x8000568c (0x0ec4c813) xori    a6, s1, 236
core   0: 3 0x8000568c (0x0ec4c813) x16 0xffacf49a
core   0: 0x80005690 (0x00f41a93) slli    s5, s0, 15
core   0: 3 0x80005690 (0x00f41a93) x21 0xfd858000
core   0: 0x80005694 (0x9a8fb993) sltiu   s3, t6, -1624
core   0: 3 0x80005694 (0x9a8fb993) x19 0x00000001
core   0: 0x80005698 (0xf432fe17) auipc   t3, 0xf432f
core   0: 3 0x80005698 (0xf432fe17) x28 0x74334698
core   0: 0x8000569c (0x0330cc33) div     s8, ra, s3
core   0: 3 0x8000569c (0x0330cc33) x24 0x00000001
core   0: 0x800056a0 (0x40418c33) sub     s8, gp, tp
core   0: 3 0x800056a0 (0x40418c33) x24 0x0001fede
core   0: 0x800056a4 (0x02f42ab3) mulhsu  s5, s0, a5
core   0: 3 0x800056a4 (0x02f42ab3) x21 0x00000000
core   0: 0x800056a8 (0x03267033) remu    zero, a2, s2
core   0: 3 0x800056a8 (0x03267033)
core   0: 0x800056ac (0x028b4cb3) div     s9, s6, s0
core   0: 3 0x800056ac (0x028b4cb3) x25 0x00000001
core   0: 0x800056b0 (0x02a503b3) mul     t2, a0, a0
core   0: 3 0x800056b0 (0x02a503b3) x 7 0x00000000
core   0: 0x800056b4 (0x40795d13) srai    s10, s2, 7
core   0: 3 0x800056b4 (0x40795d13) x26 0x00000000
core   0: 0x800056b8 (0xcc481337) lui     t1, 0xcc481
core   0: 3 0x800056b8 (0xcc481337) x 6 0xcc481000
core   0: 0x800056bc (0x03b1ac33) mulhsu  s8, gp, s11
core   0: 3 0x800056bc (0x03b1ac33) x24 0x00020005
core   0: 0x800056c0 (0x136bb837) lui     a6, 0x136bb
core   0: 3 0x800056c0 (0x136bb837) x16 0x136bb000
core   0: 0x800056c4 (0x017a9c93) slli    s9, s5, 23
core   0: 3 0x800056c4 (0x017a9c93) x25 0x00000000
core   0: 0x800056c8 (0x515d4c93) xori    s9, s10, 1301
core   0: 3 0x800056c8 (0x515d4c93) x25 0x00000515
core   0: 0x800056cc (0x01209b33) sll     s6, ra, s2
core   0: 3 0x800056cc (0x01209b33) x22 0x00000002
core   0: 0x800056d0 (0x01071e33) sll     t3, a4, a6
core   0: 3 0x800056d0 (0x01071e33) x28 0x018ce400
core   0: 0x800056d4 (0x02c6adb3) mulhsu  s11, a3, a2
core   0: 3 0x800056d4 (0x02c6adb3) x27 0xbf197a8e
core   0: 0x800056d8 (0x55d7f793) andi    a5, a5, 1373
core   0: 3 0x800056d8 (0x55d7f793) x15 0x00000000
core   0: 0x800056dc (0x44e9d497) auipc   s1, 0x44e9d
core   0: 3 0x800056dc (0x44e9d497) x 9 0xc4ea26dc
core   0: 0x800056e0 (0xfe5ffe13) andi    t3, t6, -27
core   0: 3 0x800056e0 (0xfe5ffe13) x28 0x7d543604
core   0: 0x800056e4 (0xc3f80b93) addi    s7, a6, -961
core   0: 3 0x800056e4 (0xc3f80b93) x23 0x136bac3f
core   0: 0x800056e8 (0x411adbb3) sra     s7, s5, a7
core   0: 3 0x800056e8 (0x411adbb3) x23 0x00000000
core   0: 0x800056ec (0x534c7e97) auipc   t4, 0x534c7
core   0: 3 0x800056ec (0x534c7e97) x29 0xd34cc6ec
core   0: 0x800056f0 (0xace90893) addi    a7, s2, -1330
core   0: 3 0x800056f0 (0xace90893) x17 0xfffffacf
core   0: 0x800056f4 (0x00d00233) add     tp, zero, a3
core   0: 3 0x800056f4 (0x00d00233) x 4 0xbf197a8e
core   0: 0x800056f8 (0x5ead7e93) andi    t4, s10, 1514
core   0: 3 0x800056f8 (0x5ead7e93) x29 0x00000000
core   0: 0x800056fc (0x401ed793) srai    a5, t4, 1
core   0: 3 0x800056fc (0x401ed793) x15 0x00000000
core   0: 0x80005700 (0x030b5033) divu    zero, s6, a6
core   0: 3 0x80005700 (0x030b5033)
core   0: 0x80005704 (0x0036bab3) sltu    s5, a3, gp
core   0: 3 0x80005704 (0x0036bab3) x21 0x00000000
core   0: 0x80005708 (0xd1fe6a93) ori     s5, t3, -737
core   0: 3 0x80005708 (0xd1fe6a93) x21 0xffffff1f
core   0: 0x8000570c (0x17ee2e93) slti    t4, t3, 382
core   0: 3 0x8000570c (0x17ee2e93) x29 0x00000000
core   0: 0x80005710 (0x00feb5b3) sltu    a1, t4, a5
core   0: 3 0x80005710 (0x00feb5b3) x11 0x00000000
core   0: 0x80005714 (0x92f72d13) slti    s10, a4, -1745
core   0: 3 0x80005714 (0x92f72d13) x26 0x00000000
core   0: 0x80005718 (0x03873b33) mulhu   s6, a4, s8
core   0: 3 0x80005718 (0x03873b33) x22 0x00000319
core   0: 0x8000571c (0x00000013) nop
core   0: 3 0x8000571c (0x00000013)
core   0: 0x80005720 (0x00000013) nop
core   0: 3 0x80005720 (0x00000013)
core   0: 0x80005724 (0x03597bb3) remu    s7, s2, s5
core   0: 3 0x80005724 (0x03597bb3) x23 0x00000001
core   0: 0x80005728 (0x02675eb3) divu    t4, a4, t1
core   0: 3 0x80005728 (0x02675eb3) x29 0x00000000
core   0: 0x8000572c (0x014af8b3) and     a7, s5, s4
core   0: 3 0x8000572c (0x014af8b3) x17 0x80018c04
core   0: 0x80005730 (0x001fe233) or      tp, t6, ra
core   0: 3 0x80005730 (0x001fe233) x 4 0x7d54360d
core   0: 0x80005734 (0x0173cab3) xor     s5, t2, s7
core   0: 3 0x80005734 (0x0173cab3) x21 0x00000001
core   0: 0x80005738 (0xf7895137) lui     sp, 0xf7895
core   0: 3 0x80005738 (0xf7895137) x 2 0xf7895000
core   0: 0x8000573c (0xe2d90b93) addi    s7, s2, -467
core   0: 3 0x8000573c (0xe2d90b93) x23 0xfffffe2e
core   0: 0x80005740 (0x02199133) mulh    sp, s3, ra
core   0: 3 0x80005740 (0x02199133) x 2 0x00000000
core   0: 0x80005744 (0x024be333) rem     t1, s7, tp
core   0: 3 0x80005744 (0x024be333) x 6 0xfffffe2e
core   0: 0x80005748 (0x03c14db3) div     s11, sp, t3
core   0: 3 0x80005748 (0x03c14db3) x27 0x00000000
core   0: 0x8000574c (0xf5c23193) sltiu   gp, tp, -164
core   0: 3 0x8000574c (0xf5c23193) x 3 0x00000001
core   0: 0x80005750 (0xf9dbb637) lui     a2, 0xf9dbb
core   0: 3 0x80005750 (0xf9dbb637) x12 0xf9dbb000
core   0: 0x80005754 (0xb4132f37) lui     t5, 0xb4132
core   0: 3 0x80005754 (0xb4132f37) x30 0xb4132000
core   0: 0x80005758 (0xbc7f6413) ori     s0, t5, -1081
core   0: 3 0x80005758 (0xbc7f6413) x 8 0xfffffbc7
core   0: 0x8000575c (0x034f18b3) mulh    a7, t5, s4
core   0: 3 0x8000575c (0x034f18b3) x17 0x25f5fa49
core   0: 0x80005760 (0x4145d9b3) sra     s3, a1, s4
core   0: 3 0x80005760 (0x4145d9b3) x19 0x00000000
core   0: 0x80005764 (0x00000013) nop
core   0: 3 0x80005764 (0x00000013)
core   0: 0x80005768 (0x01a59c13) slli    s8, a1, 26
core   0: 3 0x80005768 (0x01a59c13) x24 0x00000000
core   0: 0x8000576c (0x02d160b3) rem     ra, sp, a3
core   0: 3 0x8000576c (0x02d160b3) x 1 0x00000000
core   0: 0x80005770 (0x014e01b3) add     gp, t3, s4
core   0: 3 0x80005770 (0x014e01b3) x 3 0xfd55c2e8
core   0: 0x80005774 (0x00919333) sll     t1, gp, s1
core   0: 3 0x80005774 (0x00919333) x 6 0x80000000
core   0: 0x80005778 (0x026501b3) mul     gp, a0, t1
core   0: 3 0x80005778 (0x026501b3) x 3 0x00000000
core   0: 0x8000577c (0x02456db3) rem     s11, a0, tp
core   0: 3 0x8000577c (0x02456db3) x27 0x00000000
core   0: 0x80005780 (0x00ffd8b3) srl     a7, t6, a5
core   0: 3 0x80005780 (0x00ffd8b3) x17 0x7d54360c
core   0: 0x80005784 (0x035e7c33) remu    s8, t3, s5
core   0: 3 0x80005784 (0x035e7c33) x24 0x00000000
core   0: 0x80005788 (0x4128deb3) sra     t4, a7, s2
core   0: 3 0x80005788 (0x4128deb3) x29 0x3eaa1b06
core   0: 0x8000578c (0x00155493) srli    s1, a0, 1
core   0: 3 0x8000578c (0x00155493) x 9 0x00000000
core   0: 0x80005790 (0x0229c3b3) div     t2, s3, sp
core   0: 3 0x80005790 (0x0229c3b3) x 7 0xffffffff
core   0: 0x80005794 (0x00000013) nop
core   0: 3 0x80005794 (0x00000013)
core   0: 0x80005798 (0x03dd3133) mulhu   sp, s10, t4
core   0: 3 0x80005798 (0x03dd3133) x 2 0x00000000
core   0: 0x8000579c (0x00a610b3) sll     ra, a2, a0
core   0: 3 0x8000579c (0x00a610b3) x 1 0xf9dbb000
core   0: 0x800057a0 (0x02d55533) divu    a0, a0, a3
core   0: 3 0x800057a0 (0x02d55533) x10 0x00000000
core   0: 0x800057a4 (0x029cd4b3) divu    s1, s9, s1
core   0: 3 0x800057a4 (0x029cd4b3) x 9 0xffffffff
core   0: 0x800057a8 (0x6323e493) ori     s1, t2, 1586
core   0: 3 0x800057a8 (0x6323e493) x 9 0xffffffff
core   0: 0x800057ac (0x014a6eb3) or      t4, s4, s4
core   0: 3 0x800057ac (0x014a6eb3) x29 0x80018ce4
core   0: 0x800057b0 (0x916ac637) lui     a2, 0x916ac
core   0: 3 0x800057b0 (0x916ac637) x12 0x916ac000
core   0: 0x800057b4 (0xdd9cea93) ori     s5, s9, -551
core   0: 3 0x800057b4 (0xdd9cea93) x21 0xfffffddd
core   0: 0x800057b8 (0xffaff337) lui     t1, 0xffaff
core   0: 3 0x800057b8 (0xffaff337) x 6 0xffaff000
core   0: 0x800057bc (0x03768f33) mul     t5, a3, s7
core   0: 3 0x800057bc (0x03768f33) x30 0x239ee984
core   0: 0x800057c0 (0x00125bb3) srl     s7, tp, ra
core   0: 3 0x800057c0 (0x00125bb3) x23 0x7d54360d
core   0: 0x800057c4 (0x020b7eb3) remu    t4, s6, zero
core   0: 3 0x800057c4 (0x020b7eb3) x29 0x00000319
core   0: 0x800057c8 (0xa5030193) addi    gp, t1, -1456
core   0: 3 0x800057c8 (0xa5030193) x 3 0xffafea50
core   0: 0x800057cc (0x0302a5b3) mulhsu  a1, t0, a6
core   0: 3 0x800057cc (0x0302a5b3) x11 0xf64a415e
core   0: 0x800057d0 (0xe54fc497) auipc   s1, 0xe54fc
core   0: 3 0x800057d0 (0xe54fc497) x 9 0x655017d0
core   0: 0x800057d4 (0x00ab23b3) slt     t2, s6, a0
core   0: 3 0x800057d4 (0x00ab23b3) x 7 0x00000000
core   0: 0x800057d8 (0x001883b3) add     t2, a7, ra
core   0: 3 0x800057d8 (0x001883b3) x 7 0x772fe60c
core   0: 0x800057dc (0x0235b933) mulhu   s2, a1, gp
core   0: 3 0x800057dc (0x0235b933) x18 0xf5fd354c
core   0: 0x800057e0 (0x8ee27113) andi    sp, tp, -1810
core   0: 3 0x800057e0 (0x8ee27113) x 2 0x7d54300c
core   0: 0x800057e4 (0xc1d7e813) ori     a6, a5, -995
core   0: 3 0x800057e4 (0xc1d7e813) x16 0xfffffc1d
core   0: 0x800057e8 (0x00000013) nop
core   0: 3 0x800057e8 (0x00000013)
core   0: 0x800057ec (0x01058733) add     a4, a1, a6
core   0: 3 0x800057ec (0x01058733) x14 0xf64a3d7b
core   0: 0x800057f0 (0x01615713) srli    a4, sp, 22
core   0: 3 0x800057f0 (0x01615713) x14 0x000001f5
core   0: 0x800057f4 (0x036febb3) rem     s7, t6, s6
core   0: 3 0x800057f4 (0x036febb3) x23 0x000001b1
core   0: 0x800057f8 (0x011d4eb3) xor     t4, s10, a7
core   0: 3 0x800057f8 (0x011d4eb3) x29 0x7d54360c
core   0: 0x800057fc (0xf2809d37) lui     s10, 0xf2809
core   0: 3 0x800057fc (0xf2809d37) x26 0xf2809000
core   0: 0x80005800 (0x0325c9b3) div     s3, a1, s2
core   0: 3 0x80005800 (0x0325c9b3) x19 0x00000000
core   0: 0x80005804 (0x00016cb3) or      s9, sp, zero
core   0: 3 0x80005804 (0x00016cb3) x25 0x7d54300c
core   0: 0x80005808 (0x030381b3) mul     gp, t2, a6
core   0: 3 0x80005808 (0x030381b3) x 3 0xc0d4df5c
core   0: 0x8000580c (0x137eb593) sltiu   a1, t4, 311
core   0: 3 0x8000580c (0x137eb593) x11 0x00000000
core   0: 0x80005810 (0x01e2c0b3) xor     ra, t0, t5
core   0: 3 0x80005810 (0x01e2c0b3) x 1 0xa39fa7e0
core   0: 0x80005814 (0x41dbde13) srai    t3, s7, 29
core   0: 3 0x80005814 (0x41dbde13) x28 0x00000000
core   0: 0x80005818 (0x2e1c7813) andi    a6, s8, 737
core   0: 3 0x80005818 (0x2e1c7813) x16 0x00000000
core   0: 0x8000581c (0x0265e1b3) rem     gp, a1, t1
core   0: 3 0x8000581c (0x0265e1b3) x 3 0x00000000
core   0: 0x80005820 (0x403a8b33) sub     s6, s5, gp
core   0: 3 0x80005820 (0x403a8b33) x22 0xfffffddd
core   0: 0x80005824 (0x6c050817) auipc   a6, 0x6c050
core   0: 3 0x80005824 (0x6c050817) x16 0xec055824
core   0: 0x80005828 (0x37893113) sltiu   sp, s2, 888
core   0: 3 0x80005828 (0x37893113) x 2 0x00000000
core   0: 0x8000582c (0x0368f9b3) remu    s3, a7, s6
core   0: 3 0x8000582c (0x0368f9b3) x19 0x7d54360c
core   0: 0x80005830 (0x0263ebb3) rem     s7, t2, t1
core   0: 3 0x80005830 (0x0263ebb3) x23 0x0008160c
core   0: 0x80005834 (0x00c9d233) srl     tp, s3, a2
core   0: 3 0x80005834 (0x00c9d233) x 4 0x7d54360c
core   0: 0x80005838 (0x03ec1933) mulh    s2, s8, t5
core   0: 3 0x80005838 (0x03ec1933) x18 0x00000000
core   0: 0x8000583c (0x006f1893) slli    a7, t5, 6
core   0: 3 0x8000583c (0x006f1893) x17 0xe7ba6100
core   0: 0x80005840 (0x18a7f613) andi    a2, a5, 394
core   0: 3 0x80005840 (0x18a7f613) x12 0x00000000
core   0: 0x80005844 (0xbd7b3213) sltiu   tp, s6, -1065
core   0: 3 0x80005844 (0xbd7b3213) x 4 0x00000000
core   0: 0x80005848 (0x0040b1b3) sltu    gp, ra, tp
core   0: 3 0x80005848 (0x0040b1b3) x 3 0x00000000
core   0: 0x8000584c (0x4100df93) srai    t6, ra, 16
core   0: 3 0x8000584c (0x4100df93) x31 0xffffa39f
core   0: 0x80005850 (0x005f0d33) add     s10, t5, t0
core   0: 3 0x80005850 (0x005f0d33) x26 0xa3a037e8
core   0: 0x80005854 (0x419a5c93) srai    s9, s4, 25
core   0: 3 0x80005854 (0x419a5c93) x25 0xffffffc0
core   0: 0x80005858 (0x026ae433) rem     s0, s5, t1
core   0: 3 0x80005858 (0x026ae433) x 8 0xfffffddd
core   0: 0x8000585c (0x025f2833) mulhsu  a6, t5, t0
core   0: 3 0x8000585c (0x025f2833) x16 0x11cfa349
core   0: 0x80005860 (0x0126de13) srli    t3, a3, 18
core   0: 3 0x80005860 (0x0126de13) x28 0x00002fc6
core   0: 0x80005864 (0x03e0c133) div     sp, ra, t5
core   0: 3 0x80005864 (0x03e0c133) x 2 0xfffffffe
core   0: 0x80005868 (0x9f426d13) ori     s10, tp, -1548
core   0: 3 0x80005868 (0x9f426d13) x26 0xfffff9f4
core   0: 0x8000586c (0x032c15b3) mulh    a1, s8, s2
core   0: 3 0x8000586c (0x032c15b3) x11 0x00000000
core   0: 0x80005870 (0x000f79b3) and     s3, t5, zero
core   0: 3 0x80005870 (0x000f79b3) x19 0x00000000
core   0: 0x80005874 (0x07b63b13) sltiu   s6, a2, 123
core   0: 3 0x80005874 (0x07b63b13) x22 0x00000001
core   0: 0x80005878 (0x011d6933) or      s2, s10, a7
core   0: 3 0x80005878 (0x011d6933) x18 0xfffff9f4
core   0: 0x8000587c (0x03dfcf33) div     t5, t6, t4
core   0: 3 0x8000587c (0x03dfcf33) x30 0x00000000
core   0: 0x80005880 (0x0162e933) or      s2, t0, s6
core   0: 3 0x80005880 (0x0162e933) x18 0x80014e65
core   0: 0x80005884 (0xa91fa393) slti    t2, t6, -1391
core   0: 3 0x80005884 (0xa91fa393) x 7 0x00000001
core   0: 0x80005888 (0x017d0ab3) add     s5, s10, s7
core   0: 3 0x80005888 (0x017d0ab3) x21 0x00081000
core   0: 0x8000588c (0x006e70b3) and     ra, t3, t1
core   0: 3 0x8000588c (0x006e70b3) x 1 0x00002000
core   0: 0x80005890 (0x00000013) nop
core   0: 3 0x80005890 (0x00000013)
core   0: 0x80005894 (0x03e09133) mulh    sp, ra, t5
core   0: 3 0x80005894 (0x03e09133) x 2 0x00000000
core   0: 0x80005898 (0x010d5f33) srl     t5, s10, a6
core   0: 3 0x80005898 (0x010d5f33) x30 0x007ffffc
core   0: 0x8000589c (0x02796f33) rem     t5, s2, t2
core   0: 3 0x8000589c (0x02796f33) x30 0x00000000
core   0: 0x800058a0 (0x00975513) srli    a0, a4, 9
core   0: 3 0x800058a0 (0x00975513) x10 0x00000000
core   0: 0x800058a4 (0x0273ffb3) remu    t6, t2, t2
core   0: 3 0x800058a4 (0x0273ffb3) x31 0x00000000
core   0: 0x800058a8 (0xca874993) xori    s3, a4, -856
core   0: 3 0x800058a8 (0xca874993) x19 0xfffffd5d
core   0: 0x800058ac (0xcbc8c013) xori    zero, a7, -836
core   0: 3 0x800058ac (0xcbc8c013)
core   0: 0x800058b0 (0x4b1c0597) auipc   a1, 0x4b1c0
core   0: 3 0x800058b0 (0x4b1c0597) x11 0xcb1c58b0
core   0: 0x800058b4 (0x03f827b3) mulhsu  a5, a6, t6
core   0: 3 0x800058b4 (0x03f827b3) x15 0x00000000
core   0: 0x800058b8 (0x016dbcb3) sltu    s9, s11, s6
core   0: 3 0x800058b8 (0x016dbcb3) x25 0x00000001
core   0: 0x800058bc (0x73734f13) xori    t5, t1, 1847
core   0: 3 0x800058bc (0x73734f13) x30 0xffaff737
core   0: 0x800058c0 (0x34ef20b7) lui     ra, 0x34ef2
core   0: 3 0x800058c0 (0x34ef20b7) x 1 0x34ef2000
core   0: 0x800058c4 (0x30bc7913) andi    s2, s8, 779
core   0: 3 0x800058c4 (0x30bc7913) x18 0x00000000
core   0: 0x800058c8 (0x00756e33) or      t3, a0, t2
core   0: 3 0x800058c8 (0x00756e33) x28 0x00000001
core   0: 0x800058cc (0x02c075b3) remu    a1, zero, a2
core   0: 3 0x800058cc (0x02c075b3) x11 0x00000000
core   0: 0x800058d0 (0x40830f33) sub     t5, t1, s0
core   0: 3 0x800058d0 (0x40830f33) x30 0xffaff223
core   0: 0x800058d4 (0x03d4e533) rem     a0, s1, t4
core   0: 3 0x800058d4 (0x03d4e533) x10 0x655017d0
core   0: 0x800058d8 (0x01cf3533) sltu    a0, t5, t3
core   0: 3 0x800058d8 (0x01cf3533) x10 0x00000000
core   0: 0x800058dc (0xb69d8593) addi    a1, s11, -1175
core   0: 3 0x800058dc (0xb69d8593) x11 0xfffffb69
core   0: 0x800058e0 (0x5cf7e713) ori     a4, a5, 1487
core   0: 3 0x800058e0 (0x5cf7e713) x14 0x000005cf
core   0: 0x800058e4 (0x41335b13) srai    s6, t1, 19
core   0: 3 0x800058e4 (0x41335b13) x22 0xfffffff5
core   0: 0x800058e8 (0x00e35033) srl     zero, t1, a4
core   0: 3 0x800058e8 (0x00e35033)
core   0: 0x800058ec (0x40cadb93) srai    s7, s5, 12
core   0: 3 0x800058ec (0x40cadb93) x23 0x00000081
core   0: 0x800058f0 (0x031d8933) mul     s2, s11, a7
core   0: 3 0x800058f0 (0x031d8933) x18 0x00000000
core   0: 0x800058f4 (0x00d084b3) add     s1, ra, a3
core   0: 3 0x800058f4 (0x00d084b3) x 9 0xf4089a8e
core   0: 0x800058f8 (0x409b0833) sub     a6, s6, s1
core   0: 3 0x800058f8 (0x409b0833) x16 0x0bf76567
core   0: 0x800058fc (0x02d5d7b3) divu    a5, a1, a3
core   0: 3 0x800058fc (0x02d5d7b3) x15 0x00000001
core   0: 0x80005900 (0x41050ab3) sub     s5, a0, a6
core   0: 3 0x80005900 (0x41050ab3) x21 0xf4089a99
core   0: 0x80005904 (0x0256ccb3) div     s9, a3, t0
core   0: 3 0x80005904 (0x0256ccb3) x25 0x00000000
core   0: 0x80005908 (0x0036bd33) sltu    s10, a3, gp
core   0: 3 0x80005908 (0x0036bd33) x26 0x00000000
core   0: 0x8000590c (0x01e9c733) xor     a4, s3, t5
core   0: 3 0x8000590c (0x01e9c733) x14 0x00500f7e
core   0: 0x80005910 (0x003521b3) slt     gp, a0, gp
core   0: 3 0x80005910 (0x003521b3) x 3 0x00000000
core   0: 0x80005914 (0x34ec4993) xori    s3, s8, 846
core   0: 3 0x80005914 (0x34ec4993) x19 0x0000034e
core   0: 0x80005918 (0x0038d733) srl     a4, a7, gp
core   0: 3 0x80005918 (0x0038d733) x14 0xe7ba6100
core   0: 0x8000591c (0x01f34833) xor     a6, t1, t6
core   0: 3 0x8000591c (0x01f34833) x16 0xffaff000
core   0: 0x80005920 (0x00e29b33) sll     s6, t0, a4
core   0: 3 0x80005920 (0x00e29b33) x22 0x80014e64
core   0: 0x80005924 (0xae66f213) andi    tp, a3, -1306
core   0: 3 0x80005924 (0xae66f213) x 4 0xbf197a86
core   0: 0x80005928 (0x41e1d833) sra     a6, gp, t5
core   0: 3 0x80005928 (0x41e1d833) x16 0x00000000
core   0: 0x8000592c (0x003d09b3) add     s3, s10, gp
core   0: 3 0x8000592c (0x003d09b3) x19 0x00000000
core   0: 0x80005930 (0x64e96f93) ori     t6, s2, 1614
core   0: 3 0x80005930 (0x64e96f93) x31 0x0000064e
core   0: 0x80005934 (0x031418b3) mulh    a7, s0, a7
core   0: 3 0x80005934 (0x031418b3) x17 0x00000033
core   0: 0x80005938 (0x1e322213) slti    tp, tp, 483
core   0: 3 0x80005938 (0x1e322213) x 4 0x00000001
core   0: 0x8000593c (0x0d379137) lui     sp, 0xd379
core   0: 3 0x8000593c (0x0d379137) x 2 0x0d379000
core   0: 0x80005940 (0x0135dd13) srli    s10, a1, 19
core   0: 3 0x80005940 (0x0135dd13) x26 0x00001fff
core   0: 0x80005944 (0x3ea8b393) sltiu   t2, a7, 1002
core   0: 3 0x80005944 (0x3ea8b393) x 7 0x00000001
core   0: 0x80005948 (0x00ac8933) add     s2, s9, a0
core   0: 3 0x80005948 (0x00ac8933) x18 0x00000000
core   0: 0x8000594c (0x2766e093) ori     ra, a3, 630
core   0: 3 0x8000594c (0x2766e093) x 1 0xbf197afe
core   0: 0x80005950 (0x00b31113) slli    sp, t1, 11
core   0: 3 0x80005950 (0x00b31113) x 2 0x7f800000
core   0: 0x80005954 (0x00000013) nop
core   0: 3 0x80005954 (0x00000013)
core   0: 0x80005958 (0x3bd3f617) auipc   a2, 0x3bd3f
core   0: 3 0x80005958 (0x3bd3f617) x12 0xbbd44958
core   0: 0x8000595c (0x0170cab3) xor     s5, ra, s7
core   0: 3 0x8000595c (0x0170cab3) x21 0xbf197a7f
core   0: 0x80005960 (0x0294beb3) mulhu   t4, s1, s1
core   0: 3 0x80005960 (0x0294beb3) x29 0xe8a066e8
core   0: 0x80005964 (0x03c759b3) divu    s3, a4, t3
core   0: 3 0x80005964 (0x03c759b3) x19 0xe7ba6100
core   0: 0x80005968 (0x02ac9933) mulh    s2, s9, a0
core   0: 3 0x80005968 (0x02ac9933) x18 0x00000000
core   0: 0x8000596c (0x035f9533) mulh    a0, t6, s5
core   0: 3 0x8000596c (0x035f9533) x10 0xfffffe66
core   0: 0x80005970 (0x66a26393) ori     t2, tp, 1642
core   0: 3 0x80005970 (0x66a26393) x 7 0x0000066b
core   0: 0x80005974 (0x41cb0433) sub     s0, s6, t3
core   0: 3 0x80005974 (0x41cb0433) x 8 0x80014e63
core   0: 0x80005978 (0x4082d493) srai    s1, t0, 8
core   0: 3 0x80005978 (0x4082d493) x 9 0xff80014e
core   0: 0x8000597c (0x02f15633) divu    a2, sp, a5
core   0: 3 0x8000597c (0x02f15633) x12 0x7f800000
core   0: 0x80005980 (0x5c826c97) auipc   s9, 0x5c826
core   0: 3 0x80005980 (0x5c826c97) x25 0xdc82b980
core   0: 0x80005984 (0x00319f33) sll     t5, gp, gp
core   0: 3 0x80005984 (0x00319f33) x30 0x00000000
core   0: 0x80005988 (0x032fff33) remu    t5, t6, s2
core   0: 3 0x80005988 (0x032fff33) x30 0x0000064e
core   0: 0x8000598c (0x00ab8533) add     a0, s7, a0
core   0: 3 0x8000598c (0x00ab8533) x10 0xfffffee7
core   0: 0x80005990 (0x00657233) and     tp, a0, t1
core   0: 3 0x80005990 (0x00657233) x 4 0xffaff000
core   0: 0x80005994 (0x654c4513) xori    a0, s8, 1620
core   0: 3 0x80005994 (0x654c4513) x10 0x00000654
core   0: 0x80005998 (0x03c1a8b3) mulhsu  a7, gp, t3
core   0: 3 0x80005998 (0x03c1a8b3) x17 0x00000000
core   0: 0x8000599c (0x032b6c33) rem     s8, s6, s2
core   0: 3 0x8000599c (0x032b6c33) x24 0x80014e64
core   0: 0x800059a0 (0x01fd5913) srli    s2, s10, 31
core   0: 3 0x800059a0 (0x01fd5913) x18 0x00000000
core   0: 0x800059a4 (0x0282ad33) mulhsu  s10, t0, s0
core   0: 3 0x800059a4 (0x0282ad33) x26 0xc0000002
core   0: 0x800059a8 (0x011d01b3) add     gp, s10, a7
core   0: 3 0x800059a8 (0x011d01b3) x 3 0xc0000002
core   0: 0x800059ac (0x00de1033) sll     zero, t3, a3
core   0: 3 0x800059ac (0x00de1033)
core   0: 0x800059b0 (0x8e053893) sltiu   a7, a0, -1824
core   0: 3 0x800059b0 (0x8e053893) x17 0x00000001
core   0: 0x800059b4 (0xd4c0a713) slti    a4, ra, -692
core   0: 3 0x800059b4 (0xd4c0a713) x14 0x00000001
core   0: 0x800059b8 (0x00e314b3) sll     s1, t1, a4
core   0: 3 0x800059b8 (0x00e314b3) x 9 0xff5fe000
core   0: 0x800059bc (0x00b9bf33) sltu    t5, s3, a1
core   0: 3 0x800059bc (0x00b9bf33) x30 0x00000001
core   0: 0x800059c0 (0x40990733) sub     a4, s2, s1
core   0: 3 0x800059c0 (0x40990733) x14 0x00a02000
core   0: 0x800059c4 (0x5cade413) ori     s0, s11, 1482
core   0: 3 0x800059c4 (0x5cade413) x 8 0x000005ca
core   0: 0x800059c8 (0x0173bf33) sltu    t5, t2, s7
core   0: 3 0x800059c8 (0x0173bf33) x30 0x00000000
core   0: 0x800059cc (0x00000013) nop
core   0: 3 0x800059cc (0x00000013)
core   0: 0x800059d0 (0x31a6ac93) slti    s9, a3, 794
core   0: 3 0x800059d0 (0x31a6ac93) x25 0x00000001
core   0: 0x800059d4 (0xd714ac13) slti    s8, s1, -655
core   0: 3 0x800059d4 (0xd714ac13) x24 0x00000001
core   0: 0x800059d8 (0x33fbc213) xori    tp, s7, 831
core   0: 3 0x800059d8 (0x33fbc213) x 4 0x000003be
core   0: 0x800059dc (0x032c5fb3) divu    t6, s8, s2
core   0: 3 0x800059dc (0x032c5fb3) x31 0xffffffff
core   0: 0x800059e0 (0x40f8d5b3) sra     a1, a7, a5
core   0: 3 0x800059e0 (0x40f8d5b3) x11 0x00000000
core   0: 0x800059e4 (0x40e0d7b3) sra     a5, ra, a4
core   0: 3 0x800059e4 (0x40e0d7b3) x15 0xbf197afe
core   0: 0x800059e8 (0x01a49213) slli    tp, s1, 26
core   0: 3 0x800059e8 (0x01a49213) x 4 0x00000000
core   0: 0x800059ec (0x012b2033) slt     zero, s6, s2
core   0: 3 0x800059ec (0x012b2033)
core   0: 0x800059f0 (0x0122d413) srli    s0, t0, 18
core   0: 3 0x800059f0 (0x0122d413) x 8 0x00002000
core   0: 0x800059f4 (0x006ee033) or      zero, t4, t1
core   0: 3 0x800059f4 (0x006ee033)
core   0: 0x800059f8 (0x575df813) andi    a6, s11, 1397
core   0: 3 0x800059f8 (0x575df813) x16 0x00000000
core   0: 0x800059fc (0x01238433) add     s0, t2, s2
core   0: 3 0x800059fc (0x01238433) x 8 0x0000066b
core   0: 0x80005a00 (0x00369b93) slli    s7, a3, 3
core   0: 3 0x80005a00 (0x00369b93) x23 0xf8cbd470
core   0: 0x80005a04 (0x00000013) nop
core   0: 3 0x80005a04 (0x00000013)
core   0: 0x80005a08 (0xc436f093) andi    ra, a3, -957
core   0: 3 0x80005a08 (0xc436f093) x 1 0xbf197802
core   0: 0x80005a0c (0x02837fb3) remu    t6, t1, s0
core   0: 3 0x80005a0c (0x02837fb3) x31 0x00000077
core   0: 0x80005a10 (0xa7ec9b97) auipc   s7, 0xa7ec9
core   0: 3 0x80005a10 (0xa7ec9b97) x23 0x27ecea10
core   0: 0x80005a14 (0x00411333) sll     t1, sp, tp
core   0: 3 0x80005a14 (0x00411333) x 6 0x7f800000
core   0: 0x80005a18 (0x021b0f33) mul     t5, s6, ra
core   0: 3 0x80005a18 (0x021b0f33) x30 0xe0857cc8
core   0: 0x80005a1c (0x00000013) nop
core   0: 3 0x80005a1c (0x00000013)
core   0: 0x80005a20 (0x41a50533) sub     a0, a0, s10
core   0: 3 0x80005a20 (0x41a50533) x10 0x40000652
core   0: 0x80005a24 (0xbca02213) slti    tp, zero, -1078
core   0: 3 0x80005a24 (0xbca02213) x 4 0x00000000
core   0: 0x80005a28 (0x02cc6e33) rem     t3, s8, a2
core   0: 3 0x80005a28 (0x02cc6e33) x28 0x00000001
core   0: 0x80005a2c (0xf4bf7813) andi    a6, t5, -181
core   0: 3 0x80005a2c (0xf4bf7813) x16 0xe0857c48
core   0: 0x80005a30 (0x01dab333) sltu    t1, s5, t4
core   0: 3 0x80005a30 (0x01dab333) x 6 0x00000001
core   0: 0x80005a34 (0x01d4a333) slt     t1, s1, t4
core   0: 3 0x80005a34 (0x01d4a333) x 6 0x00000000
core   0: 0x80005a38 (0x021544b3) div     s1, a0, ra
core   0: 3 0x80005a38 (0x021544b3) x 9 0x00000000
core   0: 0x80005a3c (0x03193fb3) mulhu   t6, s2, a7
core   0: 3 0x80005a3c (0x03193fb3) x31 0x00000000
core   0: 0x80005a40 (0x020574b3) remu    s1, a0, zero
core   0: 3 0x80005a40 (0x020574b3) x 9 0x40000652
core   0: 0x80005a44 (0x00a97633) and     a2, s2, a0
core   0: 3 0x80005a44 (0x00a97633) x12 0x00000000
core   0: 0x80005a48 (0x020a7733) remu    a4, s4, zero
core   0: 3 0x80005a48 (0x020a7733) x14 0x80018ce4
core   0: 0x80005a4c (0x00000013) nop
core   0: 3 0x80005a4c (0x00000013)
core   0: 0x80005a50 (0xe2cbe797) auipc   a5, 0xe2cbe
core   0: 3 0x80005a50 (0xe2cbe797) x15 0x62cc3a50
core   0: 0x80005a54 (0x03138733) mul     a4, t2, a7
core   0: 3 0x80005a54 (0x03138733) x14 0x0000066b
core   0: 0x80005a58 (0x001d3833) sltu    a6, s10, ra
core   0: 3 0x80005a58 (0x001d3833) x16 0x00000000
core   0: 0x80005a5c (0x6aa05d37) lui     s10, 0x6aa05
core   0: 3 0x80005a5c (0x6aa05d37) x26 0x6aa05000
core   0: 0x80005a60 (0x02d6aab3) mulhsu  s5, a3, a3
core   0: 3 0x80005a60 (0x02d6aab3) x21 0xcf8d8cdb
core   0: 0x80005a64 (0x00cb58b3) srl     a7, s6, a2
core   0: 3 0x80005a64 (0x00cb58b3) x17 0x80014e64
core   0: 0x80005a68 (0x01721e13) slli    t3, tp, 23
core   0: 3 0x80005a68 (0x01721e13) x28 0x00000000
core   0: 0x80005a6c (0x00e0b7b3) sltu    a5, ra, a4
core   0: 3 0x80005a6c (0x00e0b7b3) x15 0x00000000
core   0: 0x80005a70 (0x001e34b3) sltu    s1, t3, ra
core   0: 3 0x80005a70 (0x001e34b3) x 9 0x00000001
core   0: 0x80005a74 (0xaff06413) ori     s0, zero, -1281
core   0: 3 0x80005a74 (0xaff06413) x 8 0xfffffaff
core   0: 0x80005a78 (0x56132b93) slti    s7, t1, 1377
core   0: 3 0x80005a78 (0x56132b93) x23 0x00000001
core   0: 0x80005a7c (0x0180cbb3) xor     s7, ra, s8
core   0: 3 0x80005a7c (0x0180cbb3) x23 0xbf197803
core   0: 0x80005a80 (0x012bf233) and     tp, s7, s2
core   0: 3 0x80005a80 (0x012bf233) x 4 0x00000000
core   0: 0x80005a84 (0x0204d433) divu    s0, s1, zero
core   0: 3 0x80005a84 (0x0204d433) x 8 0xffffffff
core   0: 0x80005a88 (0xf5ffa213) slti    tp, t6, -161
core   0: 3 0x80005a88 (0xf5ffa213) x 4 0x00000000
core   0: 0x80005a8c (0x029e45b3) div     a1, t3, s1
core   0: 3 0x80005a8c (0x029e45b3) x11 0x00000000
core   0: 0x80005a90 (0x410e5093) srai    ra, t3, 16
core   0: 3 0x80005a90 (0x410e5093) x 1 0x00000000
core   0: 0x80005a94 (0x41af8cb3) sub     s9, t6, s10
core   0: 3 0x80005a94 (0x41af8cb3) x25 0x955fb000
core   0: 0x80005a98 (0x03a9cc33) div     s8, s3, s10
core   0: 3 0x80005a98 (0x03a9cc33) x24 0x00000000
core   0: 0x80005a9c (0x00618633) add     a2, gp, t1
core   0: 3 0x80005a9c (0x00618633) x12 0xc0000002
core   0: 0x80005aa0 (0x02ccd9b3) divu    s3, s9, a2
core   0: 3 0x80005aa0 (0x02ccd9b3) x19 0x00000000
core   0: 0x80005aa4 (0x01164433) xor     s0, a2, a7
core   0: 3 0x80005aa4 (0x01164433) x 8 0x40014e66
core   0: 0x80005aa8 (0x98d89217) auipc   tp, 0x98d89
core   0: 3 0x80005aa8 (0x98d89217) x 4 0x18d8eaa8
core   0: 0x80005aac (0x00baabb3) slt     s7, s5, a1
core   0: 3 0x80005aac (0x00baabb3) x23 0x00000001
core   0: 0x80005ab0 (0x020c00b3) mul     ra, s8, zero
core   0: 3 0x80005ab0 (0x020c00b3) x 1 0x00000000
core   0: 0x80005ab4 (0x418cde13) srai    t3, s9, 24
core   0: 3 0x80005ab4 (0x418cde13) x28 0xffffff95
core   0: 0x80005ab8 (0x00b19513) slli    a0, gp, 11
core   0: 3 0x80005ab8 (0x00b19513) x10 0x00001000
core   0: 0x80005abc (0x01767533) and     a0, a2, s7
core   0: 3 0x80005abc (0x01767533) x10 0x00000000
core   0: 0x80005ac0 (0x001bdcb3) srl     s9, s7, ra
core   0: 3 0x80005ac0 (0x001bdcb3) x25 0x00000001
core   0: 0x80005ac4 (0x03db5e33) divu    t3, s6, t4
core   0: 3 0x80005ac4 (0x03db5e33) x28 0x00000000
core   0: 0x80005ac8 (0x40b85933) sra     s2, a6, a1
core   0: 3 0x80005ac8 (0x40b85933) x18 0x00000000
core   0: 0x80005acc (0x01319d33) sll     s10, gp, s3
core   0: 3 0x80005acc (0x01319d33) x26 0xc0000002
core   0: 0x80005ad0 (0x8f9cc8b7) lui     a7, 0x8f9cc
core   0: 3 0x80005ad0 (0x8f9cc8b7) x17 0x8f9cc000
core   0: 0x80005ad4 (0x00cda433) slt     s0, s11, a2
core   0: 3 0x80005ad4 (0x00cda433) x 8 0x00000000
core   0: 0x80005ad8 (0x41bed1b3) sra     gp, t4, s11
core   0: 3 0x80005ad8 (0x41bed1b3) x 3 0xe8a066e8
core   0: 0x80005adc (0x41e15b93) srai    s7, sp, 30
core   0: 3 0x80005adc (0x41e15b93) x23 0x00000001
core   0: 0x80005ae0 (0xb25a8e93) addi    t4, s5, -1243
core   0: 3 0x80005ae0 (0xb25a8e93) x29 0xcf8d8800
core   0: 0x80005ae4 (0x033a51b3) divu    gp, s4, s3
core   0: 3 0x80005ae4 (0x033a51b3) x 3 0xffffffff
core   0: 0x80005ae8 (0x96867c97) auipc   s9, 0x96867
core   0: 3 0x80005ae8 (0x96867c97) x25 0x1686cae8
core   0: 0x80005aec (0x00eb55b3) srl     a1, s6, a4
core   0: 3 0x80005aec (0x00eb55b3) x11 0x00100029
core   0: 0x80005af0 (0x40228b33) sub     s6, t0, sp
core   0: 3 0x80005af0 (0x40228b33) x22 0x00814e64
core   0: 0x80005af4 (0x018e0033) add     zero, t3, s8
core   0: 3 0x80005af4 (0x018e0033)
core   0: 0x80005af8 (0x0040d793) srli    a5, ra, 4
core   0: 3 0x80005af8 (0x0040d793) x15 0x00000000
core   0: 0x80005afc (0x00000013) nop
core   0: 3 0x80005afc (0x00000013)
core   0: 0x80005b00 (0x037d03b3) mul     t2, s10, s7
core   0: 3 0x80005b00 (0x037d03b3) x 7 0xc0000002
core   0: 0x80005b04 (0x00000013) nop
core   0: 3 0x80005b04 (0x00000013)
core   0: 0x80005b08 (0x008cfd33) and     s10, s9, s0
core   0: 3 0x80005b08 (0x008cfd33) x26 0x00000000
core   0: 0x80005b0c (0x03421ab3) mulh    s5, tp, s4
core   0: 3 0x80005b0c (0x03421ab3) x21 0xf393b131
core   0: 0x80005b10 (0x00a615b3) sll     a1, a2, a0
core   0: 3 0x80005b10 (0x00a615b3) x11 0xc0000002
core   0: 0x80005b14 (0x035c2533) mulhsu  a0, s8, s5
core   0: 3 0x80005b14 (0x035c2533) x10 0x00000000
core   0: 0x80005b18 (0x0056aeb3) slt     t4, a3, t0
core   0: 3 0x80005b18 (0x0056aeb3) x29 0x00000000
core   0: 0x80005b1c (0x02fa20b3) mulhsu  ra, s4, a5
core   0: 3 0x80005b1c (0x02fa20b3) x 1 0x00000000
core   0: 0x80005b20 (0x035b0ab3) mul     s5, s6, s5
core   0: 3 0x80005b20 (0x035b0ab3) x21 0x6f5f2524
core   0: 0x80005b24 (0x019754b3) srl     s1, a4, s9
core   0: 3 0x80005b24 (0x019754b3) x 9 0x00000006
core   0: 0x80005b28 (0x00d29733) sll     a4, t0, a3
core   0: 3 0x80005b28 (0x00d29733) x14 0x53990000
core   0: 0x80005b2c (0x029a5e33) divu    t3, s4, s1
core   0: 3 0x80005b2c (0x029a5e33) x28 0x1555977b
core   0: 0x80005b30 (0x005837b3) sltu    a5, a6, t0
core   0: 3 0x80005b30 (0x005837b3) x15 0x00000001
core   0: 0x80005b34 (0x012a65b3) or      a1, s4, s2
core   0: 3 0x80005b34 (0x012a65b3) x11 0x80018ce4
core   0: 0x80005b38 (0x9da40137) lui     sp, 0x9da40
core   0: 3 0x80005b38 (0x9da40137) x 2 0x9da40000
core   0: 0x80005b3c (0xc6338093) addi    ra, t2, -925
core   0: 3 0x80005b3c (0xc6338093) x 1 0xbffffc65
core   0: 0x80005b40 (0x03f1b133) mulhu   sp, gp, t6
core   0: 3 0x80005b40 (0x03f1b133) x 2 0x00000000
core   0: 0x80005b44 (0x0235fc33) remu    s8, a1, gp
core   0: 3 0x80005b44 (0x0235fc33) x24 0x80018ce4
core   0: 0x80005b48 (0x01aa49b3) xor     s3, s4, s10
core   0: 3 0x80005b48 (0x01aa49b3) x19 0x80018ce4
core   0: 0x80005b4c (0x036e3cb3) mulhu   s9, t3, s6
core   0: 3 0x80005b4c (0x036e3cb3) x25 0x000ac6a9
core   0: 0x80005b50 (0xda52c013) xori    zero, t0, -603
core   0: 3 0x80005b50 (0xda52c013)
core   0: 0x80005b54 (0x7df06317) auipc   t1, 0x7df06
core   0: 3 0x80005b54 (0x7df06317) x 6 0xfdf0bb54
core   0: 0x80005b58 (0xb069ad93) slti    s11, s3, -1274
core   0: 3 0x80005b58 (0xb069ad93) x27 0x00000001
core   0: 0x80005b5c (0x00000013) nop
core   0: 3 0x80005b5c (0x00000013)
core   0: 0x80005b60 (0x03cabe33) mulhu   t3, s5, t3
core   0: 3 0x80005b60 (0x03cabe33) x28 0x09480a89
core   0: 0x80005b64 (0xbddae593) ori     a1, s5, -1059
core   0: 3 0x80005b64 (0xbddae593) x11 0xfffffffd
core   0: 0x80005b68 (0x01bb59b3) srl     s3, s6, s11
core   0: 3 0x80005b68 (0x01bb59b3) x19 0x0040a732
core   0: 0x80005b6c (0x00999133) sll     sp, s3, s1
core   0: 3 0x80005b6c (0x00999133) x 2 0x1029cc80
core   0: 0x80005b70 (0x40c40033) sub     zero, s0, a2
core   0: 3 0x80005b70 (0x40c40033)
core   0: 0x80005b74 (0x013b5b93) srli    s7, s6, 19
core   0: 3 0x80005b74 (0x013b5b93) x23 0x00000010
core   0: 0x80005b78 (0x52644e13) xori    t3, s0, 1318
core   0: 3 0x80005b78 (0x52644e13) x28 0x00000526
core   0: 0x80005b7c (0x9021bc93) sltiu   s9, gp, -1790
core   0: 3 0x80005b7c (0x9021bc93) x25 0x00000000
core   0: 0x80005b80 (0x607f2b93) slti    s7, t5, 1543
core   0: 3 0x80005b80 (0x607f2b93) x23 0x00000001
core   0: 0x80005b84 (0x41805513) srai    a0, zero, 24
core   0: 3 0x80005b84 (0x41805513) x10 0x00000000
core   0: 0x80005b88 (0x024551b3) divu    gp, a0, tp
core   0: 3 0x80005b88 (0x024551b3) x 3 0x00000000
core   0: 0x80005b8c (0x011e8e33) add     t3, t4, a7
core   0: 3 0x80005b8c (0x011e8e33) x28 0x8f9cc000
core   0: 0x80005b90 (0xb1b9b213) sltiu   tp, s3, -1253
core   0: 3 0x80005b90 (0xb1b9b213) x 4 0x00000001
core   0: 0x80005b94 (0x00000013) nop
core   0: 3 0x80005b94 (0x00000013)
core   0: 0x80005b98 (0x005a9233) sll     tp, s5, t0
core   0: 3 0x80005b98 (0x005a9233) x 4 0xf5f25240
core   0: 0x80005b9c (0x016e6733) or      a4, t3, s6
core   0: 3 0x80005b9c (0x016e6733) x14 0x8f9dce64
core   0: 0x80005ba0 (0x0290a833) mulhsu  a6, ra, s1
core   0: 3 0x80005ba0 (0x0290a833) x16 0xfffffffe
core   0: 0x80005ba4 (0x11caab13) slti    s6, s5, 284
core   0: 3 0x80005ba4 (0x11caab13) x22 0x00000000
core   0: 0x80005ba8 (0x01024e33) xor     t3, tp, a6
core   0: 3 0x80005ba8 (0x01024e33) x28 0x0a0dadbe
core   0: 0x80005bac (0x035cfdb3) remu    s11, s9, s5
core   0: 3 0x80005bac (0x035cfdb3) x27 0x00000000
core   0: 0x80005bb0 (0x48e3f413) andi    s0, t2, 1166
core   0: 3 0x80005bb0 (0x48e3f413) x 8 0x00000002
core   0: 0x80005bb4 (0x400bd793) srai    a5, s7, 0
core   0: 3 0x80005bb4 (0x400bd793) x15 0x00000001
core   0: 0x80005bb8 (0x01586b33) or      s6, a6, s5
core   0: 3 0x80005bb8 (0x01586b33) x22 0xfffffffe
core   0: 0x80005bbc (0x03acbbb3) mulhu   s7, s9, s10
core   0: 3 0x80005bbc (0x03acbbb3) x23 0x00000000
core   0: 0x80005bc0 (0x01e635b3) sltu    a1, a2, t5
core   0: 3 0x80005bc0 (0x01e635b3) x11 0x00000001
core   0: 0x80005bc4 (0xe0723897) auipc   a7, 0xe0723
core   0: 3 0x80005bc4 (0xe0723897) x17 0x60728bc4
core   0: 0x80005bc8 (0x0246f9b3) remu    s3, a3, tp
core   0: 3 0x80005bc8 (0x0246f9b3) x19 0xbf197a8e
core   0: 0x80005bcc (0x00a390b3) sll     ra, t2, a0
core   0: 3 0x80005bcc (0x00a390b3) x 1 0xc0000002
core   0: 0x80005bd0 (0x00000013) nop
core   0: 3 0x80005bd0 (0x00000013)
core   0: 0x80005bd4 (0xe9497b93) andi    s7, s2, -364
core   0: 3 0x80005bd4 (0xe9497b93) x23 0x00000000
core   0: 0x80005bd8 (0x018b2f33) slt     t5, s6, s8
core   0: 3 0x80005bd8 (0x018b2f33) x30 0x00000000
core   0: 0x80005bdc (0x35289597) auipc   a1, 0x35289
core   0: 3 0x80005bdc (0x35289597) x11 0xb528ebdc
core   0: 0x80005be0 (0x0166d093) srli    ra, a3, 22
core   0: 3 0x80005be0 (0x0166d093) x 1 0x000002fc
core   0: 0x80005be4 (0x02a26133) rem     sp, tp, a0
core   0: 3 0x80005be4 (0x02a26133) x 2 0xf5f25240
core   0: 0x80005be8 (0x00c4f133) and     sp, s1, a2
core   0: 3 0x80005be8 (0x00c4f133) x 2 0x00000002
core   0: 0x80005bec (0x02d27933) remu    s2, tp, a3
core   0: 3 0x80005bec (0x02d27933) x18 0x36d8d7b2
core   0: 0x80005bf0 (0x03e10933) mul     s2, sp, t5
core   0: 3 0x80005bf0 (0x03e10933) x18 0x00000000
core   0: 0x80005bf4 (0x03f979b3) remu    s3, s2, t6
core   0: 3 0x80005bf4 (0x03f979b3) x19 0x00000000
core   0: 0x80005bf8 (0x01421433) sll     s0, tp, s4
core   0: 3 0x80005bf8 (0x01421433) x 8 0x5f252400
core   0: 0x80005bfc (0x027dafb3) mulhsu  t6, s11, t2
core   0: 3 0x80005bfc (0x027dafb3) x31 0x00000000
core   0: 0x80005c00 (0x00b3da93) srli    s5, t2, 11
core   0: 3 0x80005c00 (0x00b3da93) x21 0x00180000
core   0: 0x80005c04 (0x00fb8733) add     a4, s7, a5
core   0: 3 0x80005c04 (0x00fb8733) x14 0x00000001
core   0: 0x80005c08 (0x41995cb3) sra     s9, s2, s9
core   0: 3 0x80005c08 (0x41995cb3) x25 0x00000000
core   0: 0x80005c0c (0x01c8c0b3) xor     ra, a7, t3
core   0: 3 0x80005c0c (0x01c8c0b3) x 1 0x6a7f267a
core   0: 0x80005c10 (0x01297c33) and     s8, s2, s2
core   0: 3 0x80005c10 (0x01297c33) x24 0x00000000
core   0: 0x80005c14 (0x03ba7833) remu    a6, s4, s11
core   0: 3 0x80005c14 (0x03ba7833) x16 0x80018ce4
core   0: 0x80005c18 (0x005d2433) slt     s0, s10, t0
core   0: 3 0x80005c18 (0x005d2433) x 8 0x00000000
core   0: 0x80005c1c (0x0098df93) srli    t6, a7, 9
core   0: 3 0x80005c1c (0x0098df93) x31 0x00303945
core   0: 0x80005c20 (0x03272f33) mulhsu  t5, a4, s2
core   0: 3 0x80005c20 (0x03272f33) x30 0x00000000
core   0: 0x80005c24 (0x001def33) or      t5, s11, ra
core   0: 3 0x80005c24 (0x001def33) x30 0x6a7f267a
core   0: 0x80005c28 (0x0383adb3) mulhsu  s11, t2, s8
core   0: 3 0x80005c28 (0x0383adb3) x27 0x00000000
core   0: 0x80005c2c (0x010a69b7) lui     s3, 0x10a6
core   0: 3 0x80005c2c (0x010a69b7) x19 0x010a6000
core   0: 0x80005c30 (0x012ade13) srli    t3, s5, 18
core   0: 3 0x80005c30 (0x012ade13) x28 0x00000006
core   0: 0x80005c34 (0x6e26a613) slti    a2, a3, 1762
core   0: 3 0x80005c34 (0x6e26a613) x12 0x00000001
core   0: 0x80005c38 (0x40788ab3) sub     s5, a7, t2
core   0: 3 0x80005c38 (0x40788ab3) x21 0xa0728bc2
core   0: 0x80005c3c (0x03afe1b3) rem     gp, t6, s10
core   0: 3 0x80005c3c (0x03afe1b3) x 3 0x00303945
core   0: 0x80005c40 (0x00000013) nop
core   0: 3 0x80005c40 (0x00000013)
core   0: 0x80005c44 (0x014b5d93) srli    s11, s6, 20
core   0: 3 0x80005c44 (0x014b5d93) x27 0x00000fff
core   0: 0x80005c48 (0xd7302217) auipc   tp, 0xd7302
core   0: 3 0x80005c48 (0xd7302217) x 4 0x57307c48
core   0: 0x80005c4c (0x003a5cb3) srl     s9, s4, gp
core   0: 3 0x80005c4c (0x003a5cb3) x25 0x04000c67
core   0: 0x80005c50 (0x0047cbb3) xor     s7, a5, tp
core   0: 3 0x80005c50 (0x0047cbb3) x23 0x57307c49
core   0: 0x80005c54 (0xa992ec93) ori     s9, t0, -1383
core   0: 3 0x80005c54 (0xa992ec93) x25 0xfffffefd
core   0: 0x80005c58 (0x00c06b33) or      s6, zero, a2
core   0: 3 0x80005c58 (0x00c06b33) x22 0x00000001
core   0: 0x80005c5c (0x02bd7533) remu    a0, s10, a1
core   0: 3 0x80005c5c (0x02bd7533) x10 0x00000000
core   0: 0x80005c60 (0x0129a8b3) slt     a7, s3, s2
core   0: 3 0x80005c60 (0x0129a8b3) x17 0x00000000
core   0: 0x80005c64 (0x034e0cb3) mul     s9, t3, s4
core   0: 3 0x80005c64 (0x034e0cb3) x25 0x00094d58
core   0: 0x80005c68 (0x40cf5cb3) sra     s9, t5, a2
core   0: 3 0x80005c68 (0x40cf5cb3) x25 0x353f933d
core   0: 0x80005c6c (0x029f7d33) remu    s10, t5, s1
core   0: 3 0x80005c6c (0x029f7d33) x26 0x00000000
core   0: 0x80005c70 (0x41c10eb3) sub     t4, sp, t3
core   0: 3 0x80005c70 (0x41c10eb3) x29 0xfffffffc
core   0: 0x80005c74 (0x4179d313) srai    t1, s3, 23
core   0: 3 0x80005c74 (0x4179d313) x 6 0x00000002
core   0: 0x80005c78 (0x02b3f3b3) remu    t2, t2, a1
core   0: 3 0x80005c78 (0x02b3f3b3) x 7 0x0ad71426
core   0: 0x80005c7c (0x02b5c933) div     s2, a1, a1
core   0: 3 0x80005c7c (0x02b5c933) x18 0x00000001
core   0: 0x80005c80 (0xb520c237) lui     tp, 0xb520c
core   0: 3 0x80005c80 (0xb520c237) x 4 0xb520c000
core   0: 0x80005c84 (0x008b0eb3) add     t4, s6, s0
core   0: 3 0x80005c84 (0x008b0eb3) x29 0x00000001
core   0: 0x80005c88 (0x2bb83213) sltiu   tp, a6, 699
core   0: 3 0x80005c88 (0x2bb83213) x 4 0x00000000
core   0: 0x80005c8c (0x00855633) srl     a2, a0, s0
core   0: 3 0x80005c8c (0x00855633) x12 0x00000000
core   0: 0x80005c90 (0x00b939b3) sltu    s3, s2, a1
core   0: 3 0x80005c90 (0x00b939b3) x19 0x00000001
core   0: 0x80005c94 (0x0313e4b3) rem     s1, t2, a7
core   0: 3 0x80005c94 (0x0313e4b3) x 9 0x0ad71426
core   0: 0x80005c98 (0x93f27a93) andi    s5, tp, -1729
core   0: 3 0x80005c98 (0x93f27a93) x21 0x00000000
core   0: 0x80005c9c (0x00607ab3) and     s5, zero, t1
core   0: 3 0x80005c9c (0x00607ab3) x21 0x00000000
core   0: 0x80005ca0 (0x18ef0637) lui     a2, 0x18ef0
core   0: 3 0x80005ca0 (0x18ef0637) x12 0x18ef0000
core   0: 0x80005ca4 (0x70722193) slti    gp, tp, 1799
core   0: 3 0x80005ca4 (0x70722193) x 3 0x00000001
core   0: 0x80005ca8 (0x0061d613) srli    a2, gp, 6
core   0: 3 0x80005ca8 (0x0061d613) x12 0x00000000
core   0: 0x80005cac (0x03c43ab3) mulhu   s5, s0, t3
core   0: 3 0x80005cac (0x03c43ab3) x21 0x00000000
core   0: 0x80005cb0 (0x03f7d533) divu    a0, a5, t6
core   0: 3 0x80005cb0 (0x03f7d533) x10 0x00000000
core   0: 0x80005cb4 (0x039e53b3) divu    t2, t3, s9
core   0: 3 0x80005cb4 (0x039e53b3) x 7 0x00000000
core   0: 0x80005cb8 (0x00000013) nop
core   0: 3 0x80005cb8 (0x00000013)
core   0: 0x80005cbc (0x0084bd33) sltu    s10, s1, s0
core   0: 3 0x80005cbc (0x0084bd33) x26 0x00000000
core   0: 0x80005cc0 (0x01e79513) slli    a0, a5, 30
core   0: 3 0x80005cc0 (0x01e79513) x10 0x40000000
core   0: 0x80005cc4 (0x70c90c37) lui     s8, 0x70c90
core   0: 3 0x80005cc4 (0x70c90c37) x24 0x70c90000
core   0: 0x80005cc8 (0xfcac0217) auipc   tp, 0xfcac0
core   0: 3 0x80005cc8 (0xfcac0217) x 4 0x7cac5cc8
core   0: 0x80005ccc (0x40bf0833) sub     a6, t5, a1
core   0: 3 0x80005ccc (0x40bf0833) x16 0xb5563a9e
core   0: 0x80005cd0 (0x0023db33) srl     s6, t2, sp
core   0: 3 0x80005cd0 (0x0023db33) x22 0x00000000
core   0: 0x80005cd4 (0x01951793) slli    a5, a0, 25
core   0: 3 0x80005cd4 (0x01951793) x15 0x00000000
core   0: 0x80005cd8 (0xfd5fed37) lui     s10, 0xfd5fe
core   0: 3 0x80005cd8 (0xfd5fed37) x26 0xfd5fe000
core   0: 0x80005cdc (0x40c207b3) sub     a5, tp, a2
core   0: 3 0x80005cdc (0x40c207b3) x15 0x7cac5cc8
core   0: 0x80005ce0 (0x91a895b7) lui     a1, 0x91a89
core   0: 3 0x80005ce0 (0x91a895b7) x11 0x91a89000
core   0: 0x80005ce4 (0x1c16a117) auipc   sp, 0x1c16a
core   0: 3 0x80005ce4 (0x1c16a117) x 2 0x9c16fce4
core   0: 0x80005ce8 (0x03f764b3) rem     s1, a4, t6
core   0: 3 0x80005ce8 (0x03f764b3) x 9 0x00000001
core   0: 0x80005cec (0x00a618b3) sll     a7, a2, a0
core   0: 3 0x80005cec (0x00a618b3) x17 0x00000000
core   0: 0x80005cf0 (0x41a7d1b3) sra     gp, a5, s10
core   0: 3 0x80005cf0 (0x41a7d1b3) x 3 0x7cac5cc8
core   0: 0x80005cf4 (0x02e44333) div     t1, s0, a4
core   0: 3 0x80005cf4 (0x02e44333) x 6 0x00000000
core   0: 0x80005cf8 (0x039d2db3) mulhsu  s11, s10, s9
core   0: 3 0x80005cf8 (0x039d2db3) x27 0xff743275
core   0: 0x80005cfc (0x01c09b13) slli    s6, ra, 28
core   0: 3 0x80005cfc (0x01c09b13) x22 0xa0000000
core   0: 0x80005d00 (0xf3aeea97) auipc   s5, 0xf3aee
core   0: 3 0x80005d00 (0xf3aeea97) x21 0x73af3d00
core   0: 0x80005d04 (0xd26fe213) ori     tp, t6, -730
core   0: 3 0x80005d04 (0xd26fe213) x 4 0xfffffd67
core   0: 0x80005d08 (0x00fb8433) add     s0, s7, a5
core   0: 3 0x80005d08 (0x00fb8433) x 8 0xd3dcd911
core   0: 0x80005d0c (0x40455db3) sra     s11, a0, tp
core   0: 3 0x80005d0c (0x40455db3) x27 0x00800000
core   0: 0x80005d10 (0x40fe81b3) sub     gp, t4, a5
core   0: 3 0x80005d10 (0x40fe81b3) x 3 0x8353a339
core   0: 0x80005d14 (0xfc160c93) addi    s9, a2, -63
core   0: 3 0x80005d14 (0xfc160c93) x25 0xffffffc1
core   0: 0x80005d18 (0xd9057e17) auipc   t3, 0xd9057
core   0: 3 0x80005d18 (0xd9057e17) x28 0x5905cd18
core   0: 0x80005d1c (0x6e926593) ori     a1, tp, 1769
core   0: 3 0x80005d1c (0x6e926593) x11 0xffffffef
core   0: 0x80005d20 (0x0221aab3) mulhsu  s5, gp, sp
core   0: 3 0x80005d20 (0x0221aab3) x21 0xb3fbc57e
core   0: 0x80005d24 (0x099cad13) slti    s10, s9, 153
core   0: 3 0x80005d24 (0x099cad13) x26 0x00000001
core   0: 0x80005d28 (0x407ad193) srai    gp, s5, 7
core   0: 3 0x80005d28 (0x407ad193) x 3 0xff67f78a
core   0: 0x80005d2c (0x00934e33) xor     t3, t1, s1
core   0: 3 0x80005d2c (0x00934e33) x28 0x00000001
core   0: 0x80005d30 (0xa4e10593) addi    a1, sp, -1458
core   0: 3 0x80005d30 (0xa4e10593) x11 0x9c16f732
core   0: 0x80005d34 (0xfc207e93) andi    t4, zero, -62
core   0: 3 0x80005d34 (0xfc207e93) x29 0x00000000
core   0: 0x80005d38 (0x52b70b93) addi    s7, a4, 1323
core   0: 3 0x80005d38 (0x52b70b93) x23 0x0000052c
core   0: 0x80005d3c (0x03dc87b3) mul     a5, s9, t4
core   0: 3 0x80005d3c (0x03dc87b3) x15 0x00000000
core   0: 0x80005d40 (0x016c4633) xor     a2, s8, s6
core   0: 3 0x80005d40 (0x016c4633) x12 0xd0c90000
core   0: 0x80005d44 (0x02479b33) mulh    s6, a5, tp
core   0: 3 0x80005d44 (0x02479b33) x22 0x00000000
core   0: 0x80005d48 (0x00000013) nop
core   0: 3 0x80005d48 (0x00000013)
core   0: 0x80005d4c (0x000addb3) srl     s11, s5, zero
core   0: 3 0x80005d4c (0x000addb3) x27 0xb3fbc57e
core   0: 0x80005d50 (0x028a7ab3) remu    s5, s4, s0
core   0: 3 0x80005d50 (0x028a7ab3) x21 0x80018ce4
core   0: 0x80005d54 (0x40d00f33) sub     t5, zero, a3
core   0: 3 0x80005d54 (0x40d00f33) x30 0x40e68572
core   0: 0x80005d58 (0x00000013) nop
core   0: 3 0x80005d58 (0x00000013)
core   0: 0x80005d5c (0x0048d493) srli    s1, a7, 4
core   0: 3 0x80005d5c (0x0048d493) x 9 0x00000000
core   0: 0x80005d60 (0x037bb393) sltiu   t2, s7, 55
core   0: 3 0x80005d60 (0x037bb393) x 7 0x00000000
core   0: 0x80005d64 (0x402fd8b3) sra     a7, t6, sp
core   0: 3 0x80005d64 (0x402fd8b3) x17 0x00030394
core   0: 0x80005d68 (0x00f78533) add     a0, a5, a5
core   0: 3 0x80005d68 (0x00f78533) x10 0x00000000
core   0: 0x80005d6c (0x407dd1b3) sra     gp, s11, t2
core   0: 3 0x80005d6c (0x407dd1b3) x 3 0xb3fbc57e
core   0: 0x80005d70 (0xfdc80393) addi    t2, a6, -36
core   0: 3 0x80005d70 (0xfdc80393) x 7 0xb5563a7a
core   0: 0x80005d74 (0x03958433) mul     s0, a1, s9
core   0: 3 0x80005d74 (0x03958433) x 8 0x96592ab2
core   0: 0x80005d78 (0x4e54ee93) ori     t4, s1, 1253
core   0: 3 0x80005d78 (0x4e54ee93) x29 0x000004e5
core   0: 0x80005d7c (0x01b85793) srli    a5, a6, 27
core   0: 3 0x80005d7c (0x01b85793) x15 0x00000016
core   0: 0x80005d80 (0x03c8c933) div     s2, a7, t3
core   0: 3 0x80005d80 (0x03c8c933) x18 0x00030394
core   0: 0x80005d84 (0x38ad4c93) xori    s9, s10, 906
core   0: 3 0x80005d84 (0x38ad4c93) x25 0x0000038b
core   0: 0x80005d88 (0x00b7a933) slt     s2, a5, a1
core   0: 3 0x80005d88 (0x00b7a933) x18 0x00000000
core   0: 0x80005d8c (0x40d98733) sub     a4, s3, a3
core   0: 3 0x80005d8c (0x40d98733) x14 0x40e68573
core   0: 0x80005d90 (0x02dcf0b3) remu    ra, s9, a3
core   0: 3 0x80005d90 (0x02dcf0b3) x 1 0x0000038b
core   0: 0x80005d94 (0x03f12bb3) mulhsu  s7, sp, t6
core   0: 3 0x80005d94 (0x03f12bb3) x23 0xffed2df5
core   0: 0x80005d98 (0xdf194393) xori    t2, s2, -527
core   0: 3 0x80005d98 (0xdf194393) x 7 0xfffffdf1
core   0: 0x80005d9c (0x0005b133) sltu    sp, a1, zero
core   0: 3 0x80005d9c (0x0005b133) x 2 0x00000000
core   0: 0x80005da0 (0x00ef1533) sll     a0, t5, a4
core   0: 3 0x80005da0 (0x00ef1533) x10 0x2b900000
core   0: 0x80005da4 (0x0333f033) remu    zero, t2, s3
core   0: 3 0x80005da4 (0x0333f033)
core   0: 0x80005da8 (0x007277b3) and     a5, tp, t2
core   0: 3 0x80005da8 (0x007277b3) x15 0xfffffd61
core   0: 0x80005dac (0x0347bbb3) mulhu   s7, a5, s4
core   0: 3 0x80005dac (0x0347bbb3) x23 0x80018b94
core   0: 0x80005db0 (0x00000013) nop
core   0: 3 0x80005db0 (0x00000013)
core   0: 0x80005db4 (0x00541433) sll     s0, s0, t0
core   0: 3 0x80005db4 (0x00541433) x 8 0x6592ab20
core   0: 0x80005db8 (0x00000013) nop
core   0: 3 0x80005db8 (0x00000013)
core   0: 0x80005dbc (0x00aa9093) slli    ra, s5, 10
core   0: 3 0x80005dbc (0x00aa9093) x 1 0x06339000
core   0: 0x80005dc0 (0x008e9db3) sll     s11, t4, s0
core   0: 3 0x80005dc0 (0x008e9db3) x27 0x000004e5
core   0: 0x80005dc4 (0xaca1a893) slti    a7, gp, -1334
core   0: 3 0x80005dc4 (0xaca1a893) x17 0x00000001
core   0: 0x80005dc8 (0x01994793) xori    a5, s2, 25
core   0: 3 0x80005dc8 (0x01994793) x15 0x00000019
core   0: 0x80005dcc (0x0217cb33) div     s6, a5, ra
core   0: 3 0x80005dcc (0x0217cb33) x22 0x00000000
core   0: 0x80005dd0 (0x00251233) sll     tp, a0, sp
core   0: 3 0x80005dd0 (0x00251233) x 4 0x2b900000
core   0: 0x80005dd4 (0x00205db3) srl     s11, zero, sp
core   0: 3 0x80005dd4 (0x00205db3) x27 0x00000000
core   0: 0x80005dd8 (0x0084a433) slt     s0, s1, s0
core   0: 3 0x80005dd8 (0x0084a433) x 8 0x00000001
core   0: 0x80005ddc (0x42ab0993) addi    s3, s6, 1066
core   0: 3 0x80005ddc (0x42ab0993) x19 0x0000042a
core   0: 0x80005de0 (0x40bfd3b3) sra     t2, t6, a1
core   0: 3 0x80005de0 (0x40bfd3b3) x 7 0x0000000c
core   0: 0x80005de4 (0x414387b3) sub     a5, t2, s4
core   0: 3 0x80005de4 (0x414387b3) x15 0x7ffe7328
core   0: 0x80005de8 (0x40c2db13) srai    s6, t0, 12
core   0: 3 0x80005de8 (0x40c2db13) x22 0xfff80014
core   0: 0x80005dec (0x00aa1493) slli    s1, s4, 10
core   0: 3 0x80005dec (0x00aa1493) x 9 0x06339000
core   0: 0x80005df0 (0x0b2a8213) addi    tp, s5, 178
core   0: 3 0x80005df0 (0x0b2a8213) x 4 0x80018d96
core   0: 0x80005df4 (0x00000013) nop
core   0: 3 0x80005df4 (0x00000013)
core   0: 0x80005df8 (0x029791b3) mulh    gp, a5, s1
core   0: 3 0x80005df8 (0x029791b3) x 3 0x0319be63
core   0: 0x80005dfc (0x40ed59b3) sra     s3, s10, a4
core   0: 3 0x80005dfc (0x40ed59b3) x19 0x00000000
core   0: 0x80005e00 (0x00201233) sll     tp, zero, sp
core   0: 3 0x80005e00 (0x00201233) x 4 0x00000000
core   0: 0x80005e04 (0x004c6eb3) or      t4, s8, tp
core   0: 3 0x80005e04 (0x004c6eb3) x29 0x70c90000
core   0: 0x80005e08 (0x02b77f33) remu    t5, a4, a1
core   0: 3 0x80005e08 (0x02b77f33) x30 0x40e68573
core   0: 0x80005e0c (0xf8d26313) ori     t1, tp, -115
core   0: 3 0x80005e0c (0xf8d26313) x 6 0xffffff8d
core   0: 0x80005e10 (0x020419b3) mulh    s3, s0, zero
core   0: 3 0x80005e10 (0x020419b3) x19 0x00000000
core   0: 0x80005e14 (0x174b7513) andi    a0, s6, 372
core   0: 3 0x80005e14 (0x174b7513) x10 0x00000014
core   0: 0x80005e18 (0x02ebe733) rem     a4, s7, a4
core   0: 3 0x80005e18 (0x02ebe733) x14 0xc0e81107
core   0: 0x80005e1c (0xd675af13) slti    t5, a1, -665
core   0: 3 0x80005e1c (0xd675af13) x30 0x00000001
core   0: 0x80005e20 (0x01ce5113) srli    sp, t3, 28
core   0: 3 0x80005e20 (0x01ce5113) x 2 0x00000000
core   0: 0x80005e24 (0x006d1593) slli    a1, s10, 6
core   0: 3 0x80005e24 (0x006d1593) x11 0x00000040
core   0: 0x80005e28 (0x4e474bb7) lui     s7, 0x4e474
core   0: 3 0x80005e28 (0x4e474bb7) x23 0x4e474000
core   0: 0x80005e2c (0x401ad8b3) sra     a7, s5, ra
core   0: 3 0x80005e2c (0x401ad8b3) x17 0x80018ce4
core   0: 0x80005e30 (0x0366afb3) mulhsu  t6, a3, s6
core   0: 3 0x80005e30 (0x0366afb3) x31 0xbf1b81bd
core   0: 0x80005e34 (0x5b7f7f13) andi    t5, t5, 1463
core   0: 3 0x80005e34 (0x5b7f7f13) x30 0x00000001
core   0: 0x80005e38 (0x002bacb3) slt     s9, s7, sp
core   0: 3 0x80005e38 (0x002bacb3) x25 0x00000000
core   0: 0x80005e3c (0x36928b93) addi    s7, t0, 873
core   0: 3 0x80005e3c (0x36928b93) x23 0x800151cd
core   0: 0x80005e40 (0x013424b3) slt     s1, s0, s3
core   0: 3 0x80005e40 (0x013424b3) x 9 0x00000000
core   0: 0x80005e44 (0x000e13b3) sll     t2, t3, zero
core   0: 3 0x80005e44 (0x000e13b3) x 7 0x00000001
core   0: 0x80005e48 (0xf2d12117) auipc   sp, 0xf2d12
core   0: 3 0x80005e48 (0xf2d12117) x 2 0x72d17e48
core   0: 0x80005e4c (0x0122d433) srl     s0, t0, s2
core   0: 3 0x80005e4c (0x0122d433) x 8 0x80014e64
core   0: 0x80005e50 (0x616a6717) auipc   a4, 0x616a6
core   0: 3 0x80005e50 (0x616a6717) x14 0xe16abe50
core   0: 0x80005e54 (0x02f133b3) mulhu   t2, sp, a5
core   0: 3 0x80005e54 (0x02f133b3) x 7 0x39680d27
core   0: 0x80005e58 (0x002e2c33) slt     s8, t3, sp
core   0: 3 0x80005e58 (0x002e2c33) x24 0x00000001
core   0: 0x80005e5c (0x037c08b3) mul     a7, s8, s7
core   0: 3 0x80005e5c (0x037c08b3) x17 0x800151cd
core   0: 0x80005e60 (0x5698dbb7) lui     s7, 0x5698d
core   0: 3 0x80005e60 (0x5698dbb7) x23 0x5698d000
core   0: 0x80005e64 (0x04807e93) andi    t4, zero, 72
core   0: 3 0x80005e64 (0x04807e93) x29 0x00000000
core   0: 0x80005e68 (0x034403b3) mul     t2, s0, s4
core   0: 3 0x80005e68 (0x034403b3) x 7 0x066c8110
core   0: 0x80005e6c (0x00c01813) slli    a6, zero, 12
core   0: 3 0x80005e6c (0x00c01813) x16 0x00000000
core   0: 0x80005e70 (0x01ce18b3) sll     a7, t3, t3
core   0: 3 0x80005e70 (0x01ce18b3) x17 0x00000002
core   0: 0x80005e74 (0x00d30b33) add     s6, t1, a3
core   0: 3 0x80005e74 (0x00d30b33) x22 0xbf197a1b
core   0: 0x80005e78 (0x02a16db3) rem     s11, sp, a0
core   0: 3 0x80005e78 (0x02a16db3) x27 0x00000010
core   0: 0x80005e7c (0x00000013) nop
core   0: 3 0x80005e7c (0x00000013)
core   0: 0x80005e80 (0x405e0c33) sub     s8, t3, t0
core   0: 3 0x80005e80 (0x405e0c33) x24 0x7ffeb19d
core   0: 0x80005e84 (0xd49f8f93) addi    t6, t6, -695
core   0: 3 0x80005e84 (0xd49f8f93) x31 0xbf1b7f06
core   0: 0x80005e88 (0x00000013) nop
core   0: 3 0x80005e88 (0x00000013)
core   0: 0x80005e8c (0x01742033) slt     zero, s0, s7
core   0: 3 0x80005e8c (0x01742033)
core   0: 0x80005e90 (0x00589393) slli    t2, a7, 5
core   0: 3 0x80005e90 (0x00589393) x 7 0x00000040
core   0: 0x80005e94 (0x005e0db3) add     s11, t3, t0
core   0: 3 0x80005e94 (0x005e0db3) x27 0x80014e65
core   0: 0x80005e98 (0x017a5813) srli    a6, s4, 23
core   0: 3 0x80005e98 (0x017a5813) x16 0x00000100
core   0: 0x80005e9c (0x02ddaeb3) mulhsu  t4, s11, a3
core   0: 3 0x80005e9c (0x02ddaeb3) x29 0xa0743c57
core   0: 0x80005ea0 (0xd65ef5b7) lui     a1, 0xd65ef
core   0: 3 0x80005ea0 (0xd65ef5b7) x11 0xd65ef000
core   0: 0x80005ea4 (0x004ccb33) xor     s6, s9, tp
core   0: 3 0x80005ea4 (0x004ccb33) x22 0x00000000
core   0: 0x80005ea8 (0x008cceb3) xor     t4, s9, s0
core   0: 3 0x80005ea8 (0x008cceb3) x29 0x80014e64
core   0: 0x80005eac (0x021787b3) mul     a5, a5, ra
core   0: 3 0x80005eac (0x021787b3) x15 0x01be8000
core   0: 0x80005eb0 (0x00000013) nop
core   0: 3 0x80005eb0 (0x00000013)
core   0: 0x80005eb4 (0x00d0f233) and     tp, ra, a3
core   0: 3 0x80005eb4 (0x00d0f233) x 4 0x06111000
core   0: 0x80005eb8 (0x00bc51b3) srl     gp, s8, a1
core   0: 3 0x80005eb8 (0x00bc51b3) x 3 0x7ffeb19d
core   0: 0x80005ebc (0x4130d613) srai    a2, ra, 19
core   0: 3 0x80005ebc (0x4130d613) x12 0x000000c6
core   0: 0x80005ec0 (0x018c7e33) and     t3, s8, s8
core   0: 3 0x80005ec0 (0x018c7e33) x28 0x7ffeb19d
core   0: 0x80005ec4 (0x00f68b33) add     s6, a3, a5
core   0: 3 0x80005ec4 (0x00f68b33) x22 0xc0d7fa8e
core   0: 0x80005ec8 (0x03a983b3) mul     t2, s3, s10
core   0: 3 0x80005ec8 (0x03a983b3) x 7 0x00000000
core   0: 0x80005ecc (0x52feeb37) lui     s6, 0x52fee
core   0: 3 0x80005ecc (0x52feeb37) x22 0x52fee000
core   0: 0x80005ed0 (0x0385c133) div     sp, a1, s8
core   0: 3 0x80005ed0 (0x0385c133) x 2 0x00000000
core   0: 0x80005ed4 (0x40b10bb3) sub     s7, sp, a1
core   0: 3 0x80005ed4 (0x40b10bb3) x23 0x29a11000
core   0: 0x80005ed8 (0x90082c93) slti    s9, a6, -1792
core   0: 3 0x80005ed8 (0x90082c93) x25 0x00000000
core   0: 0x80005edc (0x009f49b3) xor     s3, t5, s1
core   0: 3 0x80005edc (0x009f49b3) x19 0x00000001
core   0: 0x80005ee0 (0x742c9f37) lui     t5, 0x742c9
core   0: 3 0x80005ee0 (0x742c9f37) x30 0x742c9000
core   0: 0x80005ee4 (0x03361833) mulh    a6, a2, s3
core   0: 3 0x80005ee4 (0x03361833) x16 0x00000000
core   0: 0x80005ee8 (0x020c2033) mulhsu  zero, s8, zero
core   0: 3 0x80005ee8 (0x020c2033)
core   0: 0x80005eec (0x03634eb3) div     t4, t1, s6
core   0: 3 0x80005eec (0x03634eb3) x29 0x00000000
core   0: 0x80005ef0 (0x40935893) srai    a7, t1, 9
core   0: 3 0x80005ef0 (0x40935893) x17 0xffffffff
core   0: 0x80005ef4 (0x40d801b3) sub     gp, a6, a3
core   0: 3 0x80005ef4 (0x40d801b3) x 3 0x40e68572
core   0: 0x80005ef8 (0x0150d4b3) srl     s1, ra, s5
core   0: 3 0x80005ef8 (0x0150d4b3) x 9 0x00633900
core   0: 0x80005efc (0x0b813b93) sltiu   s7, sp, 184
core   0: 3 0x80005efc (0x0b813b93) x23 0x00000001
core   0: 0x80005f00 (0x02a18bb3) mul     s7, gp, a0
core   0: 3 0x80005f00 (0x02a18bb3) x23 0x12026ce8
core   0: 0x80005f04 (0x03edf0b3) remu    ra, s11, t5
core   0: 3 0x80005f04 (0x03edf0b3) x 1 0x0bd4be65
core   0: 0x80005f08 (0xafdc8313) addi    t1, s9, -1283
core   0: 3 0x80005f08 (0xafdc8313) x 6 0xfffffafd
core   0: 0x80005f0c (0x417f0233) sub     tp, t5, s7
core   0: 3 0x80005f0c (0x417f0233) x 4 0x622a2318
core   0: 0x80005f10 (0x035743b3) div     t2, a4, s5
core   0: 3 0x80005f10 (0x035743b3) x 7 0x00000000
core   0: 0x80005f14 (0x404f5833) sra     a6, t5, tp
core   0: 3 0x80005f14 (0x404f5833) x16 0x00000074
core   0: 0x80005f18 (0x00000013) nop
core   0: 3 0x80005f18 (0x00000013)
core   0: 0x80005f1c (0x1526c613) xori    a2, a3, 338
core   0: 3 0x80005f1c (0x1526c613) x12 0xbf197bdc
core   0: 0x80005f20 (0x0254e233) rem     tp, s1, t0
core   0: 3 0x80005f20 (0x0254e233) x 4 0x00633900
core   0: 0x80005f24 (0xd9587993) andi    s3, a6, -619
core   0: 3 0x80005f24 (0xd9587993) x19 0x00000014
core   0: 0x80005f28 (0x0193ce33) xor     t3, t2, s9
core   0: 3 0x80005f28 (0x0193ce33) x28 0x00000000
core   0: 0x80005f2c (0x01739213) slli    tp, t2, 23
core   0: 3 0x80005f2c (0x01739213) x 4 0x00000000
core   0: 0x80005f30 (0xf25d7237) lui     tp, 0xf25d7
core   0: 3 0x80005f30 (0xf25d7237) x 4 0xf25d7000
core   0: 0x80005f34 (0x0100bb33) sltu    s6, ra, a6
core   0: 3 0x80005f34 (0x0100bb33) x22 0x00000000
core   0: 0x80005f38 (0x00759fb3) sll     t6, a1, t2
core   0: 3 0x80005f38 (0x00759fb3) x31 0xd65ef000
core   0: 0x80005f3c (0x0300e5b3) rem     a1, ra, a6
core   0: 3 0x80005f3c (0x0300e5b3) x11 0x00000059
core   0: 0x80005f40 (0x3606a493) slti    s1, a3, 864
core   0: 3 0x80005f40 (0x3606a493) x 9 0x00000001
core   0: 0x80005f44 (0x002c1493) slli    s1, s8, 2
core   0: 3 0x80005f44 (0x002c1493) x 9 0xfffac674
core   0: 0x80005f48 (0x0293e3b3) rem     t2, t2, s1
core   0: 3 0x80005f48 (0x0293e3b3) x 7 0x00000000
core   0: 0x80005f4c (0x0249bfb3) mulhu   t6, s3, tp
core   0: 3 0x80005f4c (0x0249bfb3) x31 0x00000012
core   0: 0x80005f50 (0x9a054217) auipc   tp, 0x9a054
core   0: 3 0x80005f50 (0x9a054217) x 4 0x1a059f50
core   0: 0x80005f54 (0x89b90813) addi    a6, s2, -1893
core   0: 3 0x80005f54 (0x89b90813) x16 0xfffff89b
core   0: 0x80005f58 (0x03f4e5b3) rem     a1, s1, t6
core   0: 3 0x80005f58 (0x03f4e5b3) x11 0xfffffff0
core   0: 0x80005f5c (0x020a8633) mul     a2, s5, zero
core   0: 3 0x80005f5c (0x020a8633) x12 0x00000000
core   0: 0x80005f60 (0x034ea9b3) mulhsu  s3, t4, s4
core   0: 3 0x80005f60 (0x034ea9b3) x19 0x00000000
core   0: 0x80005f64 (0x03c8a0b3) mulhsu  ra, a7, t3
core   0: 3 0x80005f64 (0x03c8a0b3) x 1 0x00000000
core   0: 0x80005f68 (0x019a5833) srl     a6, s4, s9
core   0: 3 0x80005f68 (0x019a5833) x16 0x80018ce4
core   0: 0x80005f6c (0x18f11437) lui     s0, 0x18f11
core   0: 3 0x80005f6c (0x18f11437) x 8 0x18f11000
core   0: 0x80005f70 (0x03b0f3b3) remu    t2, ra, s11
core   0: 3 0x80005f70 (0x03b0f3b3) x 7 0x00000000
core   0: 0x80005f74 (0x0171ed33) or      s10, gp, s7
core   0: 3 0x80005f74 (0x0171ed33) x26 0x52e6edfa
core   0: 0x80005f78 (0x01c041b3) xor     gp, zero, t3
core   0: 3 0x80005f78 (0x01c041b3) x 3 0x00000000
core   0: 0x80005f7c (0x02a190b3) mulh    ra, gp, a0
core   0: 3 0x80005f7c (0x02a190b3) x 1 0x00000000
core   0: 0x80005f80 (0x019e6033) or      zero, t3, s9
core   0: 3 0x80005f80 (0x019e6033)
core   0: 0x80005f84 (0x0143de13) srli    t3, t2, 20
core   0: 3 0x80005f84 (0x0143de13) x28 0x00000000
core   0: 0x80005f88 (0xa7ece113) ori     sp, s9, -1410
core   0: 3 0x80005f88 (0xa7ece113) x 2 0xfffffa7e
core   0: 0x80005f8c (0x01154d33) xor     s10, a0, a7
core   0: 3 0x80005f8c (0x01154d33) x26 0xffffffeb
core   0: 0x80005f90 (0x00772433) slt     s0, a4, t2
core   0: 3 0x80005f90 (0x00772433) x 8 0x00000001
core   0: 0x80005f94 (0x013c5e93) srli    t4, s8, 19
core   0: 3 0x80005f94 (0x013c5e93) x29 0x00000fff
core   0: 0x80005f98 (0x020fc7b3) div     a5, t6, zero
core   0: 3 0x80005f98 (0x020fc7b3) x15 0xffffffff
core   0: 0x80005f9c (0x413f0933) sub     s2, t5, s3
core   0: 3 0x80005f9c (0x413f0933) x18 0x742c9000
core   0: 0x80005fa0 (0x2c250c13) addi    s8, a0, 706
core   0: 3 0x80005fa0 (0x2c250c13) x24 0x000002d6
core   0: 0x80005fa4 (0x3f52c093) xori    ra, t0, 1013
core   0: 3 0x80005fa4 (0x3f52c093) x 1 0x80014d91
core   0: 0x80005fa8 (0x410e50b3) sra     ra, t3, a6
core   0: 3 0x80005fa8 (0x410e50b3) x 1 0x00000000
core   0: 0x80005fac (0x0001c4b3) xor     s1, gp, zero
core   0: 3 0x80005fac (0x0001c4b3) x 9 0x00000000
core   0: 0x80005fb0 (0x028f2eb3) mulhsu  t4, t5, s0
core   0: 3 0x80005fb0 (0x028f2eb3) x29 0x00000000
core   0: 0x80005fb4 (0x0029c9b3) xor     s3, s3, sp
core   0: 3 0x80005fb4 (0x0029c9b3) x19 0xfffffa7e
core   0: 0x80005fb8 (0x85d52993) slti    s3, a0, -1955
core   0: 3 0x80005fb8 (0x85d52993) x19 0x00000000
core   0: 0x80005fbc (0x02099433) mulh    s0, s3, zero
core   0: 3 0x80005fbc (0x02099433) x 8 0x00000000
core   0: 0x80005fc0 (0x0f5f4c13) xori    s8, t5, 245
core   0: 3 0x80005fc0 (0x0f5f4c13) x24 0x742c90f5
core   0: 0x80005fc4 (0x00128d33) add     s10, t0, ra
core   0: 3 0x80005fc4 (0x00128d33) x26 0x80014e64
core   0: 0x80005fc8 (0x03125f33) divu    t5, tp, a7
core   0: 3 0x80005fc8 (0x03125f33) x30 0x00000000
core   0: 0x80005fcc (0x02f83033) mulhu   zero, a6, a5
core   0: 3 0x80005fcc (0x02f83033)
core   0: 0x80005fd0 (0x02eb2ab3) mulhsu  s5, s6, a4
core   0: 3 0x80005fd0 (0x02eb2ab3) x21 0x00000000
core   0: 0x80005fd4 (0x03f7de33) divu    t3, a5, t6
core   0: 3 0x80005fd4 (0x03f7de33) x28 0x0e38e38e
core   0: 0x80005fd8 (0x02581eb3) mulh    t4, a6, t0
core   0: 3 0x80005fd8 (0x02581eb3) x29 0x3ffe925e
core   0: 0x80005fdc (0x01e88ab3) add     s5, a7, t5
core   0: 3 0x80005fdc (0x01e88ab3) x21 0xffffffff
core   0: 0x80005fe0 (0x5b408b93) addi    s7, ra, 1460
core   0: 3 0x80005fe0 (0x5b408b93) x23 0x000005b4
core   0: 0x80005fe4 (0x007377b3) and     a5, t1, t2
core   0: 3 0x80005fe4 (0x007377b3) x15 0x00000000
core   0: 0x80005fe8 (0xfd56a193) slti    gp, a3, -43
core   0: 3 0x80005fe8 (0xfd56a193) x 3 0x00000001
core   0: 0x80005fec (0x19b4c513) xori    a0, s1, 411
core   0: 3 0x80005fec (0x19b4c513) x10 0x0000019b
core   0: 0x80005ff0 (0x52f5e493) ori     s1, a1, 1327
core   0: 3 0x80005ff0 (0x52f5e493) x 9 0xffffffff
core   0: 0x80005ff4 (0x41aa0c33) sub     s8, s4, s10
core   0: 3 0x80005ff4 (0x41aa0c33) x24 0x00003e80
core   0: 0x80005ff8 (0x40918233) sub     tp, gp, s1
core   0: 3 0x80005ff8 (0x40918233) x 4 0x00000002
core   0: 0x80005ffc (0xadf1b793) sltiu   a5, gp, -1313
core   0: 3 0x80005ffc (0xadf1b793) x15 0x00000001
core   0: 0x80006000 (0x71f86413) ori     s0, a6, 1823
core   0: 3 0x80006000 (0x71f86413) x 8 0x80018fff
core   0: 0x80006004 (0x00f09893) slli    a7, ra, 15
core   0: 3 0x80006004 (0x00f09893) x17 0x00000000
core   0: 0x80006008 (0x019411b3) sll     gp, s0, s9
core   0: 3 0x80006008 (0x019411b3) x 3 0x80018fff
core   0: 0x8000600c (0xf8677193) andi    gp, a4, -122
core   0: 3 0x8000600c (0xf8677193) x 3 0xe16abe00
core   0: 0x80006010 (0x7deb3013) sltiu   zero, s6, 2014
core   0: 3 0x80006010 (0x7deb3013)
core   0: 0x80006014 (0x02e48cb3) mul     s9, s1, a4
core   0: 3 0x80006014 (0x02e48cb3) x25 0x1e9541b0
core   0: 0x80006018 (0x013d4eb3) xor     t4, s10, s3
core   0: 3 0x80006018 (0x013d4eb3) x29 0x80014e64
core   0: 0x8000601c (0x009c5593) srli    a1, s8, 9
core   0: 3 0x8000601c (0x009c5593) x11 0x0000001f
core   0: 0x80006020 (0x01948d33) add     s10, s1, s9
core   0: 3 0x80006020 (0x01948d33) x26 0x1e9541af
core   0: 0x80006024 (0x41f188b3) sub     a7, gp, t6
core   0: 3 0x80006024 (0x41f188b3) x17 0xe16abdee
core   0: 0x80006028 (0x032ec633) div     a2, t4, s2
core   0: 3 0x80006028 (0x032ec633) x12 0xffffffff
core   0: 0x8000602c (0x631e4e93) xori    t4, t3, 1585
core   0: 3 0x8000602c (0x631e4e93) x29 0x0e38e5bf
core   0: 0x80006030 (0x01ef7c33) and     s8, t5, t5
core   0: 3 0x80006030 (0x01ef7c33) x24 0x00000000
core   0: 0x80006034 (0xe64b8313) addi    t1, s7, -412
core   0: 3 0x80006034 (0xe64b8313) x 6 0x00000418
core   0: 0x80006038 (0x401687b3) sub     a5, a3, ra
core   0: 3 0x80006038 (0x401687b3) x15 0xbf197a8e
core   0: 0x8000603c (0x03c4c0b3) div     ra, s1, t3
core   0: 3 0x8000603c (0x03c4c0b3) x 1 0x00000000
core   0: 0x80006040 (0x41dc0cb3) sub     s9, s8, t4
core   0: 3 0x80006040 (0x41dc0cb3) x25 0xf1c71a41
core   0: 0x80006044 (0x015c4e33) xor     t3, s8, s5
core   0: 3 0x80006044 (0x015c4e33) x28 0xffffffff
core   0: 0x80006048 (0x40e4db13) srai    s6, s1, 14
core   0: 3 0x80006048 (0x40e4db13) x22 0xffffffff
core   0: 0x8000604c (0x00500eb3) add     t4, zero, t0
core   0: 3 0x8000604c (0x00500eb3) x29 0x80014e64
core   0: 0x80006050 (0x41835493) srai    s1, t1, 24
core   0: 3 0x80006050 (0x41835493) x 9 0x00000000
core   0: 0x80006054 (0x03998733) mul     a4, s3, s9
core   0: 3 0x80006054 (0x03998733) x14 0x00000000
core   0: 0x80006058 (0x40d05333) sra     t1, zero, a3
core   0: 3 0x80006058 (0x40d05333) x 6 0x00000000
core   0: 0x8000605c (0x41d28233) sub     tp, t0, t4
core   0: 3 0x8000605c (0x41d28233) x 4 0x00000000
core   0: 0x80006060 (0x004b5613) srli    a2, s6, 4
core   0: 3 0x80006060 (0x004b5613) x12 0x0fffffff
core   0: 0x80006064 (0x02fdc933) div     s2, s11, a5
core   0: 3 0x80006064 (0x02fdc933) x18 0x00000001
core   0: 0x80006068 (0x555f2593) slti    a1, t5, 1365
core   0: 3 0x80006068 (0x555f2593) x11 0x00000001
core   0: 0x8000606c (0x033df1b3) remu    gp, s11, s3
core   0: 3 0x8000606c (0x033df1b3) x 3 0x80014e65
core   0: 0x80006070 (0x03818933) mul     s2, gp, s8
core   0: 3 0x80006070 (0x03818933) x18 0x00000000
core   0: 0x80006074 (0x36c86f93) ori     t6, a6, 876
core   0: 3 0x80006074 (0x36c86f93) x31 0x80018fec
core   0: 0x80006078 (0x03da8433) mul     s0, s5, t4
core   0: 3 0x80006078 (0x03da8433) x 8 0x7ffeb19c
core   0: 0x8000607c (0xe757f613) andi    a2, a5, -395
core   0: 3 0x8000607c (0xe757f613) x12 0xbf197a04
core   0: 0x80006080 (0x013fefb3) or      t6, t6, s3
core   0: 3 0x80006080 (0x013fefb3) x31 0x80018fec
core   0: 0x80006084 (0x03c26b33) rem     s6, tp, t3
core   0: 3 0x80006084 (0x03c26b33) x22 0x00000000
core   0: 0x80006088 (0x41b0d933) sra     s2, ra, s11
core   0: 3 0x80006088 (0x41b0d933) x18 0x00000000
core   0: 0x8000608c (0x414d8e33) sub     t3, s11, s4
core   0: 3 0x8000608c (0x414d8e33) x28 0xffffc181
core   0: 0x80006090 (0x0095df93) srli    t6, a1, 9
core   0: 3 0x80006090 (0x0095df93) x31 0x00000000
core   0: 0x80006094 (0x02282eb3) mulhsu  t4, a6, sp
core   0: 3 0x80006094 (0x02282eb3) x29 0x80018fa4
core   0: 0x80006098 (0x00d344b3) xor     s1, t1, a3
core   0: 3 0x80006098 (0x00d344b3) x 9 0xbf197a8e
core   0: 0x8000609c (0x00000013) nop
core   0: 3 0x8000609c (0x00000013)
core   0: 0x800060a0 (0x004eed33) or      s10, t4, tp
core   0: 3 0x800060a0 (0x004eed33) x26 0x80018fa4
core   0: 0x800060a4 (0x036f9d33) mulh    s10, t6, s6
core   0: 3 0x800060a4 (0x036f9d33) x26 0x00000000
core   0: 0x800060a8 (0x00ec54b3) srl     s1, s8, a4
core   0: 3 0x800060a8 (0x00ec54b3) x 9 0x00000000
core   0: 0x800060ac (0x00f8ed33) or      s10, a7, a5
core   0: 3 0x800060ac (0x00f8ed33) x26 0xff7bffee
core   0: 0x800060b0 (0x02520933) mul     s2, tp, t0
core   0: 3 0x800060b0 (0x02520933) x18 0x00000000
core   0: 0x800060b4 (0x022c77b3) remu    a5, s8, sp
core   0: 3 0x800060b4 (0x022c77b3) x15 0x00000000
core   0: 0x800060b8 (0x03ae0d33) mul     s10, t3, s10
core   0: 3 0x800060b8 (0x03ae0d33) x26 0x398064ee
core   0: 0x800060bc (0x008e9cb3) sll     s9, t4, s0
core   0: 3 0x800060bc (0x008e9cb3) x25 0x40000000
core   0: 0x800060c0 (0xfc13c093) xori    ra, t2, -63
core   0: 3 0x800060c0 (0xfc13c093) x 1 0xffffffc1
core   0: 0x800060c4 (0x03aeabb3) mulhsu  s7, t4, s10
core   0: 3 0x800060c4 (0x03aeabb3) x23 0xe340274c
core   0: 0x800060c8 (0x0144d3b3) srl     t2, s1, s4
core   0: 3 0x800060c8 (0x0144d3b3) x 7 0x00000000
core   0: 0x800060cc (0x02753b33) mulhu   s6, a0, t2
core   0: 3 0x800060cc (0x02753b33) x22 0x00000000
core   0: 0x800060d0 (0xc4f97e13) andi    t3, s2, -945
core   0: 3 0x800060d0 (0xc4f97e13) x28 0x00000000
core   0: 0x800060d4 (0x03f2bbb3) mulhu   s7, t0, t6
core   0: 3 0x800060d4 (0x03f2bbb3) x23 0x00000000
core   0: 0x800060d8 (0x00ae2db3) slt     s11, t3, a0
core   0: 3 0x800060d8 (0x00ae2db3) x27 0x00000001
core   0: 0x800060dc (0x0191d033) srl     zero, gp, s9
core   0: 3 0x800060dc (0x0191d033)
core   0: 0x800060e0 (0x014894b3) sll     s1, a7, s4
core   0: 3 0x800060e0 (0x014894b3) x 9 0x16abdee0
core   0: 0x800060e4 (0x021b5e33) divu    t3, s6, ra
core   0: 3 0x800060e4 (0x021b5e33) x28 0x00000000
core   0: 0x800060e8 (0x006fd093) srli    ra, t6, 6
core   0: 3 0x800060e8 (0x006fd093) x 1 0x00000000
core   0: 0x800060ec (0x40c5db13) srai    s6, a1, 12
core   0: 3 0x800060ec (0x40c5db13) x22 0x00000000
core   0: 0x800060f0 (0x00151833) sll     a6, a0, ra
core   0: 3 0x800060f0 (0x00151833) x16 0x0000019b
core   0: 0x800060f4 (0x01841d13) slli    s10, s0, 24
core   0: 3 0x800060f4 (0x01841d13) x26 0x9c000000
core   0: 0x800060f8 (0x025af133) remu    sp, s5, t0
core   0: 3 0x800060f8 (0x025af133) x 2 0x7ffeb19b
core   0: 0x800060fc (0x02b5ec33) rem     s8, a1, a1
core   0: 3 0x800060fc (0x02b5ec33) x24 0x00000000
core   0: 0x80006100 (0x00000013) nop
core   0: 3 0x80006100 (0x00000013)
core   0: 0x80006104 (0x00000013) nop
core   0: 3 0x80006104 (0x00000013)
core   0: 0x80006108 (0xa080f393) andi    t2, ra, -1528
core   0: 3 0x80006108 (0xa080f393) x 7 0x00000000
core   0: 0x8000610c (0x00c087b3) add     a5, ra, a2
core   0: 3 0x8000610c (0x00c087b3) x15 0xbf197a04
core   0: 0x80006110 (0x0315d933) divu    s2, a1, a7
core   0: 3 0x80006110 (0x0315d933) x18 0x00000000
core   0: 0x80006114 (0x016dd0b3) srl     ra, s11, s6
core   0: 3 0x80006114 (0x016dd0b3) x 1 0x00000001
core   0: 0x80006118 (0xccf74813) xori    a6, a4, -817
core   0: 3 0x80006118 (0xccf74813) x16 0xfffffccf
core   0: 0x8000611c (0x03ff70b3) remu    ra, t5, t6
core   0: 3 0x8000611c (0x03ff70b3) x 1 0x00000000
core   0: 0x80006120 (0x01115c93) srli    s9, sp, 17
core   0: 3 0x80006120 (0x01115c93) x25 0x00003fff
core   0: 0x80006124 (0xc9727613) andi    a2, tp, -873
core   0: 3 0x80006124 (0xc9727613) x12 0x00000000
core   0: 0x80006128 (0x78bf3613) sltiu   a2, t5, 1931
core   0: 3 0x80006128 (0x78bf3613) x12 0x00000001
core   0: 0x8000612c (0x40018c33) sub     s8, gp, zero
core   0: 3 0x8000612c (0x40018c33) x24 0x80014e65
core   0: 0x80006130 (0x031fab33) mulhsu  s6, t6, a7
core   0: 3 0x80006130 (0x031fab33) x22 0x00000000
core   0: 0x80006134 (0x01f28433) add     s0, t0, t6
core   0: 3 0x80006134 (0x01f28433) x 8 0x80014e64
core   0: 0x80006138 (0xcadc2e93) slti    t4, s8, -851
core   0: 3 0x80006138 (0xcadc2e93) x29 0x00000001
core   0: 0x8000613c (0xb9422193) slti    gp, tp, -1132
core   0: 3 0x8000613c (0xb9422193) x 3 0x00000000
core   0: 0x80006140 (0x005073b3) and     t2, zero, t0
core   0: 3 0x80006140 (0x005073b3) x 7 0x00000000
core   0: 0x80006144 (0x00fa2533) slt     a0, s4, a5
core   0: 3 0x80006144 (0x00fa2533) x10 0x00000001
core   0: 0x80006148 (0xc1dbbb93) sltiu   s7, s7, -995
core   0: 3 0x80006148 (0xc1dbbb93) x23 0x00000001
core   0: 0x8000614c (0x02630cb3) mul     s9, t1, t1
core   0: 3 0x8000614c (0x02630cb3) x25 0x00000000
core   0: 0x80006150 (0x864f3013) sltiu   zero, t5, -1948
core   0: 3 0x80006150 (0x864f3013)
core   0: 0x80006154 (0x03253b33) mulhu   s6, a0, s2
core   0: 3 0x80006154 (0x03253b33) x22 0x00000000
core   0: 0x80006158 (0x41610833) sub     a6, sp, s6
core   0: 3 0x80006158 (0x41610833) x16 0x7ffeb19b
core   0: 0x8000615c (0x221b8993) addi    s3, s7, 545
core   0: 3 0x8000615c (0x221b8993) x19 0x00000222
core   0: 0x80006160 (0x0166b333) sltu    t1, a3, s6
core   0: 3 0x80006160 (0x0166b333) x 6 0x00000000
core   0: 0x80006164 (0xac82ba93) sltiu   s5, t0, -1336
core   0: 3 0x80006164 (0xac82ba93) x21 0x00000001
core   0: 0x80006168 (0x01256633) or      a2, a0, s2
core   0: 3 0x80006168 (0x01256633) x12 0x00000001
core   0: 0x8000616c (0xc14faf13) slti    t5, t6, -1004
core   0: 3 0x8000616c (0xc14faf13) x30 0x00000000
core   0: 0x80006170 (0x025ae833) rem     a6, s5, t0
core   0: 3 0x80006170 (0x025ae833) x16 0x00000001
core   0: 0x80006174 (0x031837b3) mulhu   a5, a6, a7
core   0: 3 0x80006174 (0x031837b3) x15 0x00000000
core   0: 0x80006178 (0x020e2fb3) mulhsu  t6, t3, zero
core   0: 3 0x80006178 (0x020e2fb3) x31 0x00000000
core   0: 0x8000617c (0x03efe8b3) rem     a7, t6, t5
core   0: 3 0x8000617c (0x03efe8b3) x17 0x00000000
core   0: 0x80006180 (0x01f31fb3) sll     t6, t1, t6
core   0: 3 0x80006180 (0x01f31fb3) x31 0x00000000
core   0: 0x80006184 (0x00000013) nop
core   0: 3 0x80006184 (0x00000013)
core   0: 0x80006188 (0x01e1ceb3) xor     t4, gp, t5
core   0: 3 0x80006188 (0x01e1ceb3) x29 0x00000000
core   0: 0x8000618c (0x011738b3) sltu    a7, a4, a7
core   0: 3 0x8000618c (0x011738b3) x17 0x00000000
core   0: 0x80006190 (0x029cf533) remu    a0, s9, s1
core   0: 3 0x80006190 (0x029cf533) x10 0x00000000
core   0: 0x80006194 (0x000b94b3) sll     s1, s7, zero
core   0: 3 0x80006194 (0x000b94b3) x 9 0x00000001
core   0: 0x80006198 (0x01c79913) slli    s2, a5, 28
core   0: 3 0x80006198 (0x01c79913) x18 0x00000000
core   0: 0x8000619c (0x403c5813) srai    a6, s8, 3
core   0: 3 0x8000619c (0x403c5813) x16 0xf00029cc
core   0: 0x800061a0 (0x00785eb3) srl     t4, a6, t2
core   0: 3 0x800061a0 (0x00785eb3) x29 0xf00029cc
core   0: 0x800061a4 (0x00cba3b3) slt     t2, s7, a2
core   0: 3 0x800061a4 (0x00cba3b3) x 7 0x00000000
core   0: 0x800061a8 (0x03e32c33) mulhsu  s8, t1, t5
core   0: 3 0x800061a8 (0x03e32c33) x24 0x00000000
core   0: 0x800061ac (0x0293d4b3) divu    s1, t2, s1
core   0: 3 0x800061ac (0x0293d4b3) x 9 0x00000000
core   0: 0x800061b0 (0x03857cb3) remu    s9, a0, s8
core   0: 3 0x800061b0 (0x03857cb3) x25 0x00000000
core   0: 0x800061b4 (0x2b8fa413) slti    s0, t6, 696
core   0: 3 0x800061b4 (0x2b8fa413) x 8 0x00000001
core   0: 0x800061b8 (0x03ca8eb3) mul     t4, s5, t3
core   0: 3 0x800061b8 (0x03ca8eb3) x29 0x00000000
core   0: 0x800061bc (0x00cd6bb3) or      s7, s10, a2
core   0: 3 0x800061bc (0x00cd6bb3) x23 0x9c000001
core   0: 0x800061c0 (0xf84f6c93) ori     s9, t5, -124
core   0: 3 0x800061c0 (0xf84f6c93) x25 0xffffff84
core   0: 0x800061c4 (0x418150b3) sra     ra, sp, s8
core   0: 3 0x800061c4 (0x418150b3) x 1 0x7ffeb19b
core   0: 0x800061c8 (0x2a917513) andi    a0, sp, 681
core   0: 3 0x800061c8 (0x2a917513) x10 0x00000089
core   0: 0x800061cc (0xac09bb93) sltiu   s7, s3, -1344
core   0: 3 0x800061cc (0xac09bb93) x23 0x00000001
core   0: 0x800061d0 (0x01787e33) and     t3, a6, s7
core   0: 3 0x800061d0 (0x01787e33) x28 0x00000000
core   0: 0x800061d4 (0x034b6d33) rem     s10, s6, s4
core   0: 3 0x800061d4 (0x034b6d33) x26 0x00000000
core   0: 0x800061d8 (0x412700b3) sub     ra, a4, s2
core   0: 3 0x800061d8 (0x412700b3) x 1 0x00000000
core   0: 0x800061dc (0x40c1dbb3) sra     s7, gp, a2
core   0: 3 0x800061dc (0x40c1dbb3) x23 0x00000000
core   0: 0x800061e0 (0x0089d9b3) srl     s3, s3, s0
core   0: 3 0x800061e0 (0x0089d9b3) x19 0x00000111
core   0: 0x800061e4 (0x02083e33) mulhu   t3, a6, zero
core   0: 3 0x800061e4 (0x02083e33) x28 0x00000000
core   0: 0x800061e8 (0x029f28b3) mulhsu  a7, t5, s1
core   0: 3 0x800061e8 (0x029f28b3) x17 0x00000000
core   0: 0x800061ec (0x8e304537) lui     a0, 0x8e304
core   0: 3 0x800061ec (0x8e304537) x10 0x8e304000
core   0: 0x800061f0 (0x5753b893) sltiu   a7, t2, 1397
core   0: 3 0x800061f0 (0x5753b893) x17 0x00000001
core   0: 0x800061f4 (0x0172c5b3) xor     a1, t0, s7
core   0: 3 0x800061f4 (0x0172c5b3) x11 0x80014e64
core   0: 0x800061f8 (0x41650c33) sub     s8, a0, s6
core   0: 3 0x800061f8 (0x41650c33) x24 0x8e304000
core   0: 0x800061fc (0x412354b3) sra     s1, t1, s2
core   0: 3 0x800061fc (0x412354b3) x 9 0x00000000
core   0: 0x80006200 (0x03dd08b3) mul     a7, s10, t4
core   0: 3 0x80006200 (0x03dd08b3) x17 0x00000000
core   0: 0x80006204 (0x4140df13) srai    t5, ra, 20
core   0: 3 0x80006204 (0x4140df13) x30 0x00000000
core   0: 0x80006208 (0x02ecb133) mulhu   sp, s9, a4
core   0: 3 0x80006208 (0x02ecb133) x 2 0x00000000
core   0: 0x8000620c (0x5f4efe17) auipc   t3, 0x5f4ef
core   0: 3 0x8000620c (0x5f4efe17) x28 0xdf4f520c
core   0: 0x80006210 (0x00eb4437) lui     s0, 0xeb4
core   0: 3 0x80006210 (0x00eb4437) x 8 0x00eb4000
core   0: 0x80006214 (0x707b6193) ori     gp, s6, 1799
core   0: 3 0x80006214 (0x707b6193) x 3 0x00000707
core   0: 0x80006218 (0x1118fc13) andi    s8, a7, 273
core   0: 3 0x80006218 (0x1118fc13) x24 0x00000000
core   0: 0x8000621c (0x010474b3) and     s1, s0, a6
core   0: 3 0x8000621c (0x010474b3) x 9 0x00000000
core   0: 0x80006220 (0x0360acb3) mulhsu  s9, ra, s6
core   0: 3 0x80006220 (0x0360acb3) x25 0x00000000
core   0: 0x80006224 (0xcfee7613) andi    a2, t3, -770
core   0: 3 0x80006224 (0xcfee7613) x12 0xdf4f500c
core   0: 0x80006228 (0x00cc5833) srl     a6, s8, a2
core   0: 3 0x80006228 (0x00cc5833) x16 0x00000000
core   0: 0x8000622c (0x994ca313) slti    t1, s9, -1644
core   0: 3 0x8000622c (0x994ca313) x 6 0x00000000
core   0: 0x80006230 (0x017c7eb3) and     t4, s8, s7
core   0: 3 0x80006230 (0x017c7eb3) x29 0x00000000
core   0: 0x80006234 (0x40cc8db3) sub     s11, s9, a2
core   0: 3 0x80006234 (0x40cc8db3) x27 0x20b0aff4
core   0: 0x80006238 (0xc193cd93) xori    s11, t2, -999
core   0: 3 0x80006238 (0xc193cd93) x27 0xfffffc19
core   0: 0x8000623c (0x00e20cb3) add     s9, tp, a4
core   0: 3 0x8000623c (0x00e20cb3) x25 0x00000000
core   0: 0x80006240 (0x03e3e633) rem     a2, t2, t5
core   0: 3 0x80006240 (0x03e3e633) x12 0x00000000
core   0: 0x80006244 (0x3e3a4713) xori    a4, s4, 995
core   0: 3 0x80006244 (0x3e3a4713) x14 0x80018f07
core   0: 0x80006248 (0x40f4d0b3) sra     ra, s1, a5
core   0: 3 0x80006248 (0x40f4d0b3) x 1 0x00000000
core   0: 0x8000624c (0x03949433) mulh    s0, s1, s9
core   0: 3 0x8000624c (0x03949433) x 8 0x00000000
core   0: 0x80006250 (0x02537833) remu    a6, t1, t0
core   0: 3 0x80006250 (0x02537833) x16 0x00000000
core   0: 0x80006254 (0x2474a213) slti    tp, s1, 583
core   0: 3 0x80006254 (0x2474a213) x 4 0x00000001
core   0: 0x80006258 (0x00000013) nop
core   0: 3 0x80006258 (0x00000013)
core   0: 0x8000625c (0x402d5093) srai    ra, s10, 2
core   0: 3 0x8000625c (0x402d5093) x 1 0x00000000
core   0: 0x80006260 (0x40f25333) sra     t1, tp, a5
core   0: 3 0x80006260 (0x40f25333) x 6 0x00000001
core   0: 0x80006264 (0x1a268097) auipc   ra, 0x1a268
core   0: 3 0x80006264 (0x1a268097) x 1 0x9a26e264
core   0: 0x80006268 (0x01e5e0b3) or      ra, a1, t5
core   0: 3 0x80006268 (0x01e5e0b3) x 1 0x80014e64
core   0: 0x8000626c (0x2ff31e37) lui     t3, 0x2ff31
core   0: 3 0x8000626c (0x2ff31e37) x28 0x2ff31000
core   0: 0x80006270 (0x40bb0f33) sub     t5, s6, a1
core   0: 3 0x80006270 (0x40bb0f33) x30 0x7ffeb19c
core   0: 0x80006274 (0x02afbb33) mulhu   s6, t6, a0
core   0: 3 0x80006274 (0x02afbb33) x22 0x00000000
core   0: 0x80006278 (0x0288e533) rem     a0, a7, s0
core   0: 3 0x80006278 (0x0288e533) x10 0x00000000
core   0: 0x8000627c (0x017c10b3) sll     ra, s8, s7
core   0: 3 0x8000627c (0x017c10b3) x 1 0x00000000
core   0: 0x80006280 (0x017b9633) sll     a2, s7, s7
core   0: 3 0x80006280 (0x017b9633) x12 0x00000000
core   0: 0x80006284 (0x03b92733) mulhsu  a4, s2, s11
core   0: 3 0x80006284 (0x03b92733) x14 0x00000000
core   0: 0x80006288 (0x375c8b13) addi    s6, s9, 885
core   0: 3 0x80006288 (0x375c8b13) x22 0x00000375
core   0: 0x8000628c (0xe4f64213) xori    tp, a2, -433
core   0: 3 0x8000628c (0xe4f64213) x 4 0xfffffe4f
core   0: 0x80006290 (0x8cb9be13) sltiu   t3, s3, -1845
core   0: 3 0x80006290 (0x8cb9be13) x28 0x00000001
core   0: 0x80006294 (0x41ca5233) sra     tp, s4, t3
core   0: 3 0x80006294 (0x41ca5233) x 4 0xc000c672
core   0: 0x80006298 (0xc67f0b13) addi    s6, t5, -921
core   0: 3 0x80006298 (0xc67f0b13) x22 0x7ffeae03
core   0: 0x8000629c (0x002f4bb3) xor     s7, t5, sp
core   0: 3 0x8000629c (0x002f4bb3) x23 0x7ffeb19c
core   0: 0x800062a0 (0x00368f33) add     t5, a3, gp
core   0: 3 0x800062a0 (0x00368f33) x30 0xbf198195
core   0: 0x800062a4 (0x008a6933) or      s2, s4, s0
core   0: 3 0x800062a4 (0x008a6933) x18 0x80018ce4
core   0: 0x800062a8 (0x00966233) or      tp, a2, s1
core   0: 3 0x800062a8 (0x00966233) x 4 0x00000000
core   0: 0x800062ac (0x0023ccb3) xor     s9, t2, sp
core   0: 3 0x800062ac (0x0023ccb3) x25 0x00000000
core   0: 0x800062b0 (0x40d507b3) sub     a5, a0, a3
core   0: 3 0x800062b0 (0x40d507b3) x15 0x40e68572
core   0: 0x800062b4 (0xfc1ff193) andi    gp, t6, -63
core   0: 3 0x800062b4 (0xfc1ff193) x 3 0x00000000
core   0: 0x800062b8 (0xaa45fbb7) lui     s7, 0xaa45f
core   0: 3 0x800062b8 (0xaa45fbb7) x23 0xaa45f000
core   0: 0x800062bc (0x00ab5e13) srli    t3, s6, 10
core   0: 3 0x800062bc (0x00ab5e13) x28 0x001fffab
core   0: 0x800062c0 (0x034d9ab3) mulh    s5, s11, s4
core   0: 3 0x800062c0 (0x034d9ab3) x21 0x000001f3
core   0: 0x800062c4 (0x035a99b3) mulh    s3, s5, s5
core   0: 3 0x800062c4 (0x035a99b3) x19 0x00000000
core   0: 0x800062c8 (0xa75e2c93) slti    s9, t3, -1419
core   0: 3 0x800062c8 (0xa75e2c93) x25 0x00000000
core   0: 0x800062cc (0x011b5833) srl     a6, s6, a7
core   0: 3 0x800062cc (0x011b5833) x16 0x7ffeae03
core   0: 0x800062d0 (0x005818b3) sll     a7, a6, t0
core   0: 3 0x800062d0 (0x005818b3) x17 0xffeae030
core   0: 0x800062d4 (0x00855f93) srli    t6, a0, 8
core   0: 3 0x800062d4 (0x00855f93) x31 0x00000000
core   0: 0x800062d8 (0x019305b3) add     a1, t1, s9
core   0: 3 0x800062d8 (0x019305b3) x11 0x00000001
core   0: 0x800062dc (0x01fd5733) srl     a4, s10, t6
core   0: 3 0x800062dc (0x01fd5733) x14 0x00000000
core   0: 0x800062e0 (0x02eee8b3) rem     a7, t4, a4
core   0: 3 0x800062e0 (0x02eee8b3) x17 0x00000000
core   0: 0x800062e4 (0x00681233) sll     tp, a6, t1
core   0: 3 0x800062e4 (0x00681233) x 4 0xfffd5c06
core   0: 0x800062e8 (0x03829633) mulh    a2, t0, s8
core   0: 3 0x800062e8 (0x03829633) x12 0x00000000
core   0: 0x800062ec (0x4a2f8c93) addi    s9, t6, 1186
core   0: 3 0x800062ec (0x4a2f8c93) x25 0x000004a2
core   0: 0x800062f0 (0x0203b4b3) mulhu   s1, t2, zero
core   0: 3 0x800062f0 (0x0203b4b3) x 9 0x00000000
core   0: 0x800062f4 (0x0166c8b3) xor     a7, a3, s6
core   0: 3 0x800062f4 (0x0166c8b3) x17 0xc0e7d48d
core   0: 0x800062f8 (0x03fa44b3) div     s1, s4, t6
core   0: 3 0x800062f8 (0x03fa44b3) x 9 0xffffffff
core   0: 0x800062fc (0x0283cc33) div     s8, t2, s0
core   0: 3 0x800062fc (0x0283cc33) x24 0xffffffff
core   0: 0x80006300 (0x0318feb3) remu    t4, a7, a7
core   0: 3 0x80006300 (0x0318feb3) x29 0x00000000
core   0: 0x80006304 (0x40835a93) srai    s5, t1, 8
core   0: 3 0x80006304 (0x40835a93) x21 0x00000000
core   0: 0x80006308 (0x030d6c33) rem     s8, s10, a6
core   0: 3 0x80006308 (0x030d6c33) x24 0x00000000
core   0: 0x8000630c (0x02d49e33) mulh    t3, s1, a3
core   0: 3 0x8000630c (0x02d49e33) x28 0x00000000
core   0: 0x80006310 (0x009601b3) add     gp, a2, s1
core   0: 3 0x80006310 (0x009601b3) x 3 0xffffffff
core   0: 0x80006314 (0x3c760613) addi    a2, a2, 967
core   0: 3 0x80006314 (0x3c760613) x12 0x000003c7
core   0: 0x80006318 (0x03f404b3) mul     s1, s0, t6
core   0: 3 0x80006318 (0x03f404b3) x 9 0x00000000
core   0: 0x8000631c (0x00834b33) xor     s6, t1, s0
core   0: 3 0x8000631c (0x00834b33) x22 0x00000001
core   0: 0x80006320 (0x00609893) slli    a7, ra, 6
core   0: 3 0x80006320 (0x00609893) x17 0x00000000
core   0: 0x80006324 (0x00a0cfb3) xor     t6, ra, a0
core   0: 3 0x80006324 (0x00a0cfb3) x31 0x00000000
core   0: 0x80006328 (0x01b85eb3) srl     t4, a6, s11
core   0: 3 0x80006328 (0x01b85eb3) x29 0x0000003f
core   0: 0x8000632c (0x820bb713) sltiu   a4, s7, -2016
core   0: 3 0x8000632c (0x820bb713) x14 0x00000001
core   0: 0x80006330 (0x0369e0b3) rem     ra, s3, s6
core   0: 3 0x80006330 (0x0369e0b3) x 1 0x00000000
core   0: 0x80006334 (0x02fcb4b3) mulhu   s1, s9, a5
core   0: 3 0x80006334 (0x02fcb4b3) x 9 0x0000012c
core   0: 0x80006338 (0x021acb33) div     s6, s5, ra
core   0: 3 0x80006338 (0x021acb33) x22 0xffffffff
core   0: 0x8000633c (0x00c855b3) srl     a1, a6, a2
core   0: 3 0x8000633c (0x00c855b3) x11 0x00fffd5c
core   0: 0x80006340 (0x03b07433) remu    s0, zero, s11
core   0: 3 0x80006340 (0x03b07433) x 8 0x00000000
core   0: 0x80006344 (0x00c1ae33) slt     t3, gp, a2
core   0: 3 0x80006344 (0x00c1ae33) x28 0x00000001
core   0: 0x80006348 (0xf40de313) ori     t1, s11, -192
core   0: 3 0x80006348 (0xf40de313) x 6 0xffffff59
core   0: 0x8000634c (0x44bd7c13) andi    s8, s10, 1099
core   0: 3 0x8000634c (0x44bd7c13) x24 0x00000000
core   0: 0x80006350 (0x00973db3) sltu    s11, a4, s1
core   0: 3 0x80006350 (0x00973db3) x27 0x00000001
core   0: 0x80006354 (0x03cee733) rem     a4, t4, t3
core   0: 3 0x80006354 (0x03cee733) x14 0x00000000
core   0: 0x80006358 (0x02d181b3) mul     gp, gp, a3
core   0: 3 0x80006358 (0x02d181b3) x 3 0x40e68572
core   0: 0x8000635c (0x01550333) add     t1, a0, s5
core   0: 3 0x8000635c (0x01550333) x 6 0x00000000
core   0: 0x80006360 (0x40c2d233) sra     tp, t0, a2
core   0: 3 0x80006360 (0x40c2d233) x 4 0xff00029c
core   0: 0x80006364 (0x01fb3233) sltu    tp, s6, t6
core   0: 3 0x80006364 (0x01fb3233) x 4 0x00000000
core   0: 0x80006368 (0x0206cc33) div     s8, a3, zero
core   0: 3 0x80006368 (0x0206cc33) x24 0xffffffff
core   0: 0x8000636c (0x88c07e13) andi    t3, zero, -1908
core   0: 3 0x8000636c (0x88c07e13) x28 0x00000000
core   0: 0x80006370 (0x00d70ab3) add     s5, a4, a3
core   0: 3 0x80006370 (0x00d70ab3) x21 0xbf197a8e
core   0: 0x80006374 (0x01854933) xor     s2, a0, s8
core   0: 3 0x80006374 (0x01854933) x18 0xffffffff
core   0: 0x80006378 (0x001f8033) add     zero, t6, ra
core   0: 3 0x80006378 (0x001f8033)
core   0: 0x8000637c (0x00321893) slli    a7, tp, 3
core   0: 3 0x8000637c (0x00321893) x17 0x00000000
core   0: 0x80006380 (0x009eb933) sltu    s2, t4, s1
core   0: 3 0x80006380 (0x009eb933) x18 0x00000001
core   0: 0x80006384 (0x0154e533) or      a0, s1, s5
core   0: 3 0x80006384 (0x0154e533) x10 0xbf197bae
core   0: 0x80006388 (0x0153ddb3) srl     s11, t2, s5
core   0: 3 0x80006388 (0x0153ddb3) x27 0x00000000
core   0: 0x8000638c (0xa1a58213) addi    tp, a1, -1510
core   0: 3 0x8000638c (0xa1a58213) x 4 0x00fff776
core   0: 0x80006390 (0xfb3d4493) xori    s1, s10, -77
core   0: 3 0x80006390 (0xfb3d4493) x 9 0xffffffb3
core   0: 0x80006394 (0xf6f54493) xori    s1, a0, -145
core   0: 3 0x80006394 (0xf6f54493) x 9 0x40e684c1
core   0: 0x80006398 (0x00000013) nop
core   0: 3 0x80006398 (0x00000013)
core   0: 0x8000639c (0x034329b3) mulhsu  s3, t1, s4
core   0: 3 0x8000639c (0x034329b3) x19 0x00000000
core   0: 0x800063a0 (0x00665e93) srli    t4, a2, 6
core   0: 3 0x800063a0 (0x00665e93) x29 0x0000000f
core   0: 0x800063a4 (0x41f48db3) sub     s11, s1, t6
core   0: 3 0x800063a4 (0x41f48db3) x27 0x40e684c1
core   0: 0x800063a8 (0x03c52d33) mulhsu  s10, a0, t3
core   0: 3 0x800063a8 (0x03c52d33) x26 0x00000000
core   0: 0x800063ac (0x018dbbb3) sltu    s7, s11, s8
core   0: 3 0x800063ac (0x018dbbb3) x23 0x00000001
core   0: 0x800063b0 (0x038b3d33) mulhu   s10, s6, s8
core   0: 3 0x800063b0 (0x038b3d33) x26 0xfffffffe
core   0: 0x800063b4 (0x5f2bccb7) lui     s9, 0x5f2bc
core   0: 3 0x800063b4 (0x5f2bccb7) x25 0x5f2bc000
core   0: 0x800063b8 (0x010d1893) slli    a7, s10, 16
core   0: 3 0x800063b8 (0x010d1893) x17 0xfffe0000
core   0: 0x800063bc (0x41a0d393) srai    t2, ra, 26
core   0: 3 0x800063bc (0x41a0d393) x 7 0x00000000
core   0: 0x800063c0 (0x0a422597) auipc   a1, 0xa422
core   0: 3 0x800063c0 (0x0a422597) x11 0x8a4283c0
core   0: 0x800063c4 (0x005455b3) srl     a1, s0, t0
core   0: 3 0x800063c4 (0x005455b3) x11 0x00000000
core   0: 0x800063c8 (0xc50f4a93) xori    s5, t5, -944
core   0: 3 0x800063c8 (0xc50f4a93) x21 0x40e67dc5
core   0: 0x800063cc (0x025a38b3) mulhu   a7, s4, t0
core   0: 3 0x800063cc (0x025a38b3) x17 0x40016da6
core   0: 0x800063d0 (0x0315e633) rem     a2, a1, a7
core   0: 3 0x800063d0 (0x0315e633) x12 0x00000000
core   0: 0x800063d4 (0x00a14fb3) xor     t6, sp, a0
core   0: 3 0x800063d4 (0x00a14fb3) x31 0xbf197bae
core   0: 0x800063d8 (0x00000013) nop
core   0: 3 0x800063d8 (0x00000013)
core   0: 0x800063dc (0x02f03233) mulhu   tp, zero, a5
core   0: 3 0x800063dc (0x02f03233) x 4 0x00000000
core   0: 0x800063e0 (0x0268b033) mulhu   zero, a7, t1
core   0: 3 0x800063e0 (0x0268b033)
core   0: 0x800063e4 (0x6de7f213) andi    tp, a5, 1758
core   0: 3 0x800063e4 (0x6de7f213) x 4 0x00000452
core   0: 0x800063e8 (0x00c71d93) slli    s11, a4, 12
core   0: 3 0x800063e8 (0x00c71d93) x27 0x00000000
core   0: 0x800063ec (0x85080db7) lui     s11, 0x85080
core   0: 3 0x800063ec (0x85080db7) x27 0x85080000
core   0: 0x800063f0 (0x011d1213) slli    tp, s10, 17
core   0: 3 0x800063f0 (0x011d1213) x 4 0xfffc0000
core   0: 0x800063f4 (0x00613f33) sltu    t5, sp, t1
core   0: 3 0x800063f4 (0x00613f33) x30 0x00000000
core   0: 0x800063f8 (0x005bd113) srli    sp, s7, 5
core   0: 3 0x800063f8 (0x005bd113) x 2 0x00000000
core   0: 0x800063fc (0x02f70633) mul     a2, a4, a5
core   0: 3 0x800063fc (0x02f70633) x12 0x00000000
core   0: 0x80006400 (0x3483ca93) xori    s5, t2, 840
core   0: 3 0x80006400 (0x3483ca93) x21 0x00000348
core   0: 0x80006404 (0x00a5db33) srl     s6, a1, a0
core   0: 3 0x80006404 (0x00a5db33) x22 0x00000000
core   0: 0x80006408 (0x0132ed33) or      s10, t0, s3
core   0: 3 0x80006408 (0x0132ed33) x26 0x80014e64
core   0: 0x8000640c (0x03b050b3) divu    ra, zero, s11
core   0: 3 0x8000640c (0x03b050b3) x 1 0x00000000
core   0: 0x80006410 (0x005c9bb3) sll     s7, s9, t0
core   0: 3 0x80006410 (0x005c9bb3) x23 0xf2bc0000
core   0: 0x80006414 (0xe7f24b13) xori    s6, tp, -385
core   0: 3 0x80006414 (0xe7f24b13) x22 0x0003fe7f
core   0: 0x80006418 (0x01de6533) or      a0, t3, t4
core   0: 3 0x80006418 (0x01de6533) x10 0x0000000f
core   0: 0x8000641c (0x026389b3) mul     s3, t2, t1
core   0: 3 0x8000641c (0x026389b3) x19 0x00000000
core   0: 0x80006420 (0x019a77b3) and     a5, s4, s9
core   0: 3 0x80006420 (0x019a77b3) x15 0x00018000
core   0: 0x80006424 (0x00661eb3) sll     t4, a2, t1
core   0: 3 0x80006424 (0x00661eb3) x29 0x00000000
core   0: 0x80006428 (0x1a44e793) ori     a5, s1, 420
core   0: 3 0x80006428 (0x1a44e793) x15 0x40e685e5
core   0: 0x8000642c (0x014f7133) and     sp, t5, s4
core   0: 3 0x8000642c (0x014f7133) x 2 0x00000000
core   0: 0x80006430 (0x40ced413) srai    s0, t4, 12
core   0: 3 0x80006430 (0x40ced413) x 8 0x00000000
core   0: 0x80006434 (0xe3494b13) xori    s6, s2, -460
core   0: 3 0x80006434 (0xe3494b13) x22 0xfffffe35
core   0: 0x80006438 (0x0068bab3) sltu    s5, a7, t1
core   0: 3 0x80006438 (0x0068bab3) x21 0x00000000
core   0: 0x8000643c (0x028159b3) divu    s3, sp, s0
core   0: 3 0x8000643c (0x028159b3) x19 0xffffffff
core   0: 0x80006440 (0x05f07e93) andi    t4, zero, 95
core   0: 3 0x80006440 (0x05f07e93) x29 0x00000000
core   0: 0x80006444 (0x03f6a733) mulhsu  a4, a3, t6
core   0: 3 0x80006444 (0x03f6a733) x14 0xcf8d8c92
core   0: 0x80006448 (0x01e91193) slli    gp, s2, 30
core   0: 3 0x80006448 (0x01e91193) x 3 0x40000000
core   0: 0x8000644c (0x021c0eb3) mul     t4, s8, ra
core   0: 3 0x8000644c (0x021c0eb3) x29 0x00000000
core   0: 0x80006450 (0x01328cb3) add     s9, t0, s3
core   0: 3 0x80006450 (0x01328cb3) x25 0x80014e63
core   0: 0x80006454 (0x0286b633) mulhu   a2, a3, s0
core   0: 3 0x80006454 (0x0286b633) x12 0x00000000
core   0: 0x80006458 (0x01e48033) add     zero, s1, t5
core   0: 3 0x80006458 (0x01e48033)
core   0: 0x8000645c (0x00000013) nop
core   0: 3 0x8000645c (0x00000013)
core   0: 0x80006460 (0x00000013) nop
core   0: 3 0x80006460 (0x00000013)
core   0: 0x80006464 (0xd9350f93) addi    t6, a0, -621
core   0: 3 0x80006464 (0xd9350f93) x31 0xfffffda2
core   0: 0x80006468 (0x02bc87b3) mul     a5, s9, a1
core   0: 3 0x80006468 (0x02bc87b3) x15 0x00000000
core   0: 0x8000646c (0xb5af8093) addi    ra, t6, -1190
core   0: 3 0x8000646c (0xb5af8093) x 1 0xfffff8fc
core   0: 0x80006470 (0x0089d493) srli    s1, s3, 8
core   0: 3 0x80006470 (0x0089d493) x 9 0x00ffffff
core   0: 0x80006474 (0x40e7d593) srai    a1, a5, 14
core   0: 3 0x80006474 (0x40e7d593) x11 0x00000000
core   0: 0x80006478 (0xac607313) andi    t1, zero, -1338
core   0: 3 0x80006478 (0xac607313) x 6 0x00000000
core   0: 0x8000647c (0x775eb093) sltiu   ra, t4, 1909
core   0: 3 0x8000647c (0x775eb093) x 1 0x00000001
core   0: 0x80006480 (0xe444e813) ori     a6, s1, -444
core   0: 3 0x80006480 (0xe444e813) x16 0xffffffff
core   0: 0x80006484 (0x01ffd593) srli    a1, t6, 31
core   0: 3 0x80006484 (0x01ffd593) x11 0x00000001
core   0: 0x80006488 (0x0270ff33) remu    t5, ra, t2
core   0: 3 0x80006488 (0x0270ff33) x30 0x00000001
core   0: 0x8000648c (0x00320eb3) add     t4, tp, gp
core   0: 3 0x8000648c (0x00320eb3) x29 0x3ffc0000
core   0: 0x80006490 (0x02844eb3) div     t4, s0, s0
core   0: 3 0x80006490 (0x02844eb3) x29 0xffffffff
core   0: 0x80006494 (0x036d0233) mul     tp, s10, s6
core   0: 3 0x80006494 (0x036d0233) x 4 0x7da872b4
core   0: 0x80006498 (0x018e77b3) and     a5, t3, s8
core   0: 3 0x80006498 (0x018e77b3) x15 0x00000000
core   0: 0x8000649c (0x00513233) sltu    tp, sp, t0
core   0: 3 0x8000649c (0x00513233) x 4 0x00000001
core   0: 0x800064a0 (0xb147b193) sltiu   gp, a5, -1260
core   0: 3 0x800064a0 (0xb147b193) x 3 0x00000001
core   0: 0x800064a4 (0x6277ea93) ori     s5, a5, 1575
core   0: 3 0x800064a4 (0x6277ea93) x21 0x00000627
core   0: 0x800064a8 (0x03f8bcb3) mulhu   s9, a7, t6
core   0: 3 0x800064a8 (0x03f8bcb3) x25 0x40016d0e
core   0: 0x800064ac (0x03c10cb3) mul     s9, sp, t3
core   0: 3 0x800064ac (0x03c10cb3) x25 0x00000000
core   0: 0x800064b0 (0x01d56433) or      s0, a0, t4
core   0: 3 0x800064b0 (0x01d56433) x 8 0xffffffff
core   0: 0x800064b4 (0x01603eb3) snez    t4, s6
core   0: 3 0x800064b4 (0x01603eb3) x29 0x00000001
core   0: 0x800064b8 (0xe0364c93) xori    s9, a2, -509
core   0: 3 0x800064b8 (0xe0364c93) x25 0xfffffe03
core   0: 0x800064bc (0x0060fc33) and     s8, ra, t1
core   0: 3 0x800064bc (0x0060fc33) x24 0x00000000
core   0: 0x800064c0 (0x1131b837) lui     a6, 0x1131b
core   0: 3 0x800064c0 (0x1131b837) x16 0x1131b000
core   0: 0x800064c4 (0x00bbf233) and     tp, s7, a1
core   0: 3 0x800064c4 (0x00bbf233) x 4 0x00000000
core   0: 0x800064c8 (0x40935d13) srai    s10, t1, 9
core   0: 3 0x800064c8 (0x40935d13) x26 0x00000000
core   0: 0x800064cc (0x0015beb3) sltu    t4, a1, ra
core   0: 3 0x800064cc (0x0015beb3) x29 0x00000000
core   0: 0x800064d0 (0x00be9233) sll     tp, t4, a1
core   0: 3 0x800064d0 (0x00be9233) x 4 0x00000000
core   0: 0x800064d4 (0x02a1af33) mulhsu  t5, gp, a0
core   0: 3 0x800064d4 (0x02a1af33) x30 0x00000000
core   0: 0x800064d8 (0x0181c533) xor     a0, gp, s8
core   0: 3 0x800064d8 (0x0181c533) x10 0x00000001
core   0: 0x800064dc (0x02373933) mulhu   s2, a4, gp
core   0: 3 0x800064dc (0x02373933) x18 0x00000000
core   0: 0x800064e0 (0x023db833) mulhu   a6, s11, gp
core   0: 3 0x800064e0 (0x023db833) x16 0x00000000
core   0: 0x800064e4 (0x03a58fb3) mul     t6, a1, s10
core   0: 3 0x800064e4 (0x03a58fb3) x31 0x00000000
core   0: 0x800064e8 (0x01bea933) slt     s2, t4, s11
core   0: 3 0x800064e8 (0x01bea933) x18 0x00000000
core   0: 0x800064ec (0x01c9f413) andi    s0, s3, 28
core   0: 3 0x800064ec (0x01c9f413) x 8 0x0000001c
core   0: 0x800064f0 (0x01928db3) add     s11, t0, s9
core   0: 3 0x800064f0 (0x01928db3) x27 0x80014c67
core   0: 0x800064f4 (0x017c9e93) slli    t4, s9, 23
core   0: 3 0x800064f4 (0x017c9e93) x29 0x01800000
core   0: 0x800064f8 (0x032187b3) mul     a5, gp, s2
core   0: 3 0x800064f8 (0x032187b3) x15 0x00000000
core   0: 0x800064fc (0x40c955b3) sra     a1, s2, a2
core   0: 3 0x800064fc (0x40c955b3) x11 0x00000000
core   0: 0x80006500 (0xd4e5f493) andi    s1, a1, -690
core   0: 3 0x80006500 (0xd4e5f493) x 9 0x00000000
core   0: 0x80006504 (0xd05da813) slti    a6, s11, -763
core   0: 3 0x80006504 (0xd05da813) x16 0x00000001
core   0: 0x80006508 (0x00abe9b3) or      s3, s7, a0
core   0: 3 0x80006508 (0x00abe9b3) x19 0xf2bc0001
core   0: 0x8000650c (0x00efda93) srli    s5, t6, 14
core   0: 3 0x8000650c (0x00efda93) x21 0x00000000
core   0: 0x80006510 (0x02b9ffb3) remu    t6, s3, a1
core   0: 3 0x80006510 (0x02b9ffb3) x31 0xf2bc0001
core   0: 0x80006514 (0x0340ddb3) divu    s11, ra, s4
core   0: 3 0x80006514 (0x0340ddb3) x27 0x00000000
core   0: 0x80006518 (0xacd5b593) sltiu   a1, a1, -1331
core   0: 3 0x80006518 (0xacd5b593) x11 0x00000001
core   0: 0x8000651c (0x00000013) nop
core   0: 3 0x8000651c (0x00000013)
core   0: 0x80006520 (0x00e9f133) and     sp, s3, a4
core   0: 3 0x80006520 (0x00e9f133) x 2 0xc28c0000
core   0: 0x80006524 (0x20d1f813) andi    a6, gp, 525
core   0: 3 0x80006524 (0x20d1f813) x16 0x00000001
core   0: 0x80006528 (0x23b4e0b7) lui     ra, 0x23b4e
core   0: 3 0x80006528 (0x23b4e0b7) x 1 0x23b4e000
core   0: 0x8000652c (0x00a2e733) or      a4, t0, a0
core   0: 3 0x8000652c (0x00a2e733) x14 0x80014e65
core   0: 0x80006530 (0x413c0333) sub     t1, s8, s3
core   0: 3 0x80006530 (0x413c0333) x 6 0x0d43ffff
core   0: 0x80006534 (0x03928b33) mul     s6, t0, s9
core   0: 3 0x80006534 (0x03928b33) x22 0x7d67232c
core   0: 0x80006538 (0x5bf56b17) auipc   s6, 0x5bf56
core   0: 3 0x80006538 (0x5bf56b17) x22 0xdbf5c538
core   0: 0x8000653c (0x02bb1eb3) mulh    t4, s6, a1
core   0: 3 0x8000653c (0x02bb1eb3) x29 0xffffffff
core   0: 0x80006540 (0x413008b3) sub     a7, zero, s3
core   0: 3 0x80006540 (0x413008b3) x17 0x0d43ffff
core   0: 0x80006544 (0xeca1e593) ori     a1, gp, -310
core   0: 3 0x80006544 (0xeca1e593) x11 0xfffffecb
core   0: 0x80006548 (0x03ff1f33) mulh    t5, t5, t6
core   0: 3 0x80006548 (0x03ff1f33) x30 0x00000000
core   0: 0x8000654c (0x419f8f33) sub     t5, t6, s9
core   0: 3 0x8000654c (0x419f8f33) x30 0xf2bc01fe
core   0: 0x80006550 (0x015e7bb3) and     s7, t3, s5
core   0: 3 0x80006550 (0x015e7bb3) x23 0x00000000
core   0: 0x80006554 (0x004c1333) sll     t1, s8, tp
core   0: 3 0x80006554 (0x004c1333) x 6 0x00000000
core   0: 0x80006558 (0x74fccb13) xori    s6, s9, 1871
core   0: 3 0x80006558 (0x74fccb13) x22 0xfffff94c
core   0: 0x8000655c (0x00538db3) add     s11, t2, t0
core   0: 3 0x8000655c (0x00538db3) x27 0x80014e64
core   0: 0x80006560 (0x0035e7b3) or      a5, a1, gp
core   0: 3 0x80006560 (0x0035e7b3) x15 0xfffffecb
core   0: 0x80006564 (0x0068d393) srli    t2, a7, 6
core   0: 3 0x80006564 (0x0068d393) x 7 0x00350fff
core   0: 0x80006568 (0x02d4c733) div     a4, s1, a3
core   0: 3 0x80006568 (0x02d4c733) x14 0x00000000
core   0: 0x8000656c (0x037b8c33) mul     s8, s7, s7
core   0: 3 0x8000656c (0x037b8c33) x24 0x00000000
core   0: 0x80006570 (0x000b7c33) and     s8, s6, zero
core   0: 3 0x80006570 (0x000b7c33) x24 0x00000000
core   0: 0x80006574 (0x5f62b213) sltiu   tp, t0, 1526
core   0: 3 0x80006574 (0x5f62b213) x 4 0x00000000
core   0: 0x80006578 (0xf560bb93) sltiu   s7, ra, -170
core   0: 3 0x80006578 (0xf560bb93) x23 0x00000001
core   0: 0x8000657c (0x01f457b3) srl     a5, s0, t6
core   0: 3 0x8000657c (0x01f457b3) x15 0x0000000e
core   0: 0x80006580 (0x01f3ae33) slt     t3, t2, t6
core   0: 3 0x80006580 (0x01f3ae33) x28 0x00000000
core   0: 0x80006584 (0x0294c533) div     a0, s1, s1
core   0: 3 0x80006584 (0x0294c533) x10 0xffffffff
core   0: 0x80006588 (0x74d77113) andi    sp, a4, 1869
core   0: 3 0x80006588 (0x74d77113) x 2 0x00000000
core   0: 0x8000658c (0x01f15b13) srli    s6, sp, 31
core   0: 3 0x8000658c (0x01f15b13) x22 0x00000000
core   0: 0x80006590 (0xe5f43f93) sltiu   t6, s0, -417
core   0: 3 0x80006590 (0xe5f43f93) x31 0x00000001
core   0: 0x80006594 (0x00e26b33) or      s6, tp, a4
core   0: 3 0x80006594 (0x00e26b33) x22 0x00000000
core   0: 0x80006598 (0x00aab433) sltu    s0, s5, a0
core   0: 3 0x80006598 (0x00aab433) x 8 0x00000001
core   0: 0x8000659c (0x8aa8f013) andi    zero, a7, -1878
core   0: 3 0x8000659c (0x8aa8f013)
core   0: 0x800065a0 (0x06f604b7) lui     s1, 0x6f60
core   0: 3 0x800065a0 (0x06f604b7) x 9 0x06f60000
core   0: 0x800065a4 (0x005948b3) xor     a7, s2, t0
core   0: 3 0x800065a4 (0x005948b3) x17 0x80014e64
core   0: 0x800065a8 (0x00b0ecb3) or      s9, ra, a1
core   0: 3 0x800065a8 (0x00b0ecb3) x25 0xfffffecb
core   0: 0x800065ac (0x01901233) sll     tp, zero, s9
core   0: 3 0x800065ac (0x01901233) x 4 0x00000000
core   0: 0x800065b0 (0xbfaeea93) ori     s5, t4, -1030
core   0: 3 0x800065b0 (0xbfaeea93) x21 0xffffffff
core   0: 0x800065b4 (0x03233633) mulhu   a2, t1, s2
core   0: 3 0x800065b4 (0x03233633) x12 0x00000000
core   0: 0x800065b8 (0x011948b3) xor     a7, s2, a7
core   0: 3 0x800065b8 (0x011948b3) x17 0x80014e64
core   0: 0x800065bc (0x40f55fb3) sra     t6, a0, a5
core   0: 3 0x800065bc (0x40f55fb3) x31 0xffffffff
core   0: 0x800065c0 (0xf3ce6417) auipc   s0, 0xf3ce6
core   0: 3 0x800065c0 (0xf3ce6417) x 8 0x73cec5c0
core   0: 0x800065c4 (0x10713093) sltiu   ra, sp, 263
core   0: 3 0x800065c4 (0x10713093) x 1 0x00000001
core   0: 0x800065c8 (0x0111c733) xor     a4, gp, a7
core   0: 3 0x800065c8 (0x0111c733) x14 0x80014e65
core   0: 0x800065cc (0xc4638517) auipc   a0, 0xc4638
core   0: 3 0x800065cc (0xc4638517) x10 0x4463e5cc
core   0: 0x800065d0 (0x005ddfb3) srl     t6, s11, t0
core   0: 3 0x800065d0 (0x005ddfb3) x31 0x080014e6
core   0: 0x800065d4 (0x0369ee33) rem     t3, s3, s6
core   0: 3 0x800065d4 (0x0369ee33) x28 0xf2bc0001
core   0: 0x800065d8 (0x031b99b3) mulh    s3, s7, a7
core   0: 3 0x800065d8 (0x031b99b3) x19 0xffffffff
core   0: 0x800065dc (0x40315d13) srai    s10, sp, 3
core   0: 3 0x800065dc (0x40315d13) x26 0x00000000
core   0: 0x800065e0 (0x01a7d033) srl     zero, a5, s10
core   0: 3 0x800065e0 (0x01a7d033)
core   0: 0x800065e4 (0x0035b933) sltu    s2, a1, gp
core   0: 3 0x800065e4 (0x0035b933) x18 0x00000000
core   0: 0x800065e8 (0x8ee57e13) andi    t3, a0, -1810
core   0: 3 0x800065e8 (0x8ee57e13) x28 0x4463e0cc
core   0: 0x800065ec (0x00748533) add     a0, s1, t2
core   0: 3 0x800065ec (0x00748533) x10 0x072b0fff
core   0: 0x800065f0 (0x41f25c13) srai    s8, tp, 31
core   0: 3 0x800065f0 (0x41f25c13) x24 0x00000000
core   0: 0x800065f4 (0x4b376317) auipc   t1, 0x4b376
core   0: 3 0x800065f4 (0x4b376317) x 6 0xcb37c5f4
core   0: 0x800065f8 (0x01763733) sltu    a4, a2, s7
core   0: 3 0x800065f8 (0x01763733) x14 0x00000001
core   0: 0x800065fc (0x4186d213) srai    tp, a3, 24
core   0: 3 0x800065fc (0x4186d213) x 4 0xffffffbf
core   0: 0x80006600 (0x00971013) slli    zero, a4, 9
core   0: 3 0x80006600 (0x00971013)
core   0: 0x80006604 (0x02ad9933) mulh    s2, s11, a0
core   0: 3 0x80006604 (0x02ad9933) x18 0xfc6a815d
core   0: 0x80006608 (0x01b929b3) slt     s3, s2, s11
core   0: 3 0x80006608 (0x01b929b3) x19 0x00000000
core   0: 0x8000660c (0x40f55b93) srai    s7, a0, 15
core   0: 3 0x8000660c (0x40f55b93) x23 0x00000e56
core   0: 0x80006610 (0x029068b3) rem     a7, zero, s1
core   0: 3 0x80006610 (0x029068b3) x17 0x00000000
core   0: 0x80006614 (0x00000013) nop
core   0: 3 0x80006614 (0x00000013)
core   0: 0x80006618 (0x402e0cb3) sub     s9, t3, sp
core   0: 3 0x80006618 (0x402e0cb3) x25 0x4463e0cc
core   0: 0x8000661c (0x01d3d093) srli    ra, t2, 29
core   0: 3 0x8000661c (0x01d3d093) x 1 0x00000000
core   0: 0x80006620 (0xcce44e93) xori    t4, s0, -818
core   0: 3 0x80006620 (0xcce44e93) x29 0x8c31390e
core   0: 0x80006624 (0x00000013) nop
core   0: 3 0x80006624 (0x00000013)
core   0: 0x80006628 (0xd9e4b893) sltiu   a7, s1, -610
core   0: 3 0x80006628 (0xd9e4b893) x17 0x00000001
core   0: 0x8000662c (0xff71c213) xori    tp, gp, -9
core   0: 3 0x8000662c (0xff71c213) x 4 0xfffffff6
core   0: 0x80006630 (0x415451b3) sra     gp, s0, s5
core   0: 3 0x80006630 (0x415451b3) x 3 0x00000000
core   0: 0x80006634 (0x401cd413) srai    s0, s9, 1
core   0: 3 0x80006634 (0x401cd413) x 8 0x2231f066
core   0: 0x80006638 (0x404985b3) sub     a1, s3, tp
core   0: 3 0x80006638 (0x404985b3) x11 0x0000000a
core   0: 0x8000663c (0x411a0fb3) sub     t6, s4, a7
core   0: 3 0x8000663c (0x411a0fb3) x31 0x80018ce3
core   0: 0x80006640 (0x87cae993) ori     s3, s5, -1924
core   0: 3 0x80006640 (0x87cae993) x19 0xffffffff
core   0: 0x80006644 (0x00dafd33) and     s10, s5, a3
core   0: 3 0x80006644 (0x00dafd33) x26 0xbf197a8e
core   0: 0x80006648 (0x004a1893) slli    a7, s4, 4
core   0: 3 0x80006648 (0x004a1893) x17 0x0018ce40
core   0: 0x8000664c (0x41f45e93) srai    t4, s0, 31
core   0: 3 0x8000664c (0x41f45e93) x29 0x00000000
core   0: 0x80006650 (0x036c25b3) mulhsu  a1, s8, s6
core   0: 3 0x80006650 (0x036c25b3) x11 0x00000000
core   0: 0x80006654 (0x00bbe433) or      s0, s7, a1
core   0: 3 0x80006654 (0x00bbe433) x 8 0x00000e56
core   0: 0x80006658 (0x0001fe33) and     t3, gp, zero
core   0: 3 0x80006658 (0x0001fe33) x28 0x00000000
core   0: 0x8000665c (0x0056b833) sltu    a6, a3, t0
core   0: 3 0x8000665c (0x0056b833) x16 0x00000000
core   0: 0x80006660 (0x00000013) nop
core   0: 3 0x80006660 (0x00000013)
core   0: 0x80006664 (0x015c9213) slli    tp, s9, 21
core   0: 3 0x80006664 (0x015c9213) x 4 0x19800000
core   0: 0x80006668 (0x00547eb3) and     t4, s0, t0
core   0: 3 0x80006668 (0x00547eb3) x29 0x00000e44
core   0: 0x8000666c (0x03dfa233) mulhsu  tp, t6, t4
core   0: 3 0x8000666c (0x03dfa233) x 4 0xfffff8de
core   0: 0x80006670 (0x18636513) ori     a0, t1, 390
core   0: 3 0x80006670 (0x18636513) x10 0xcb37c5f6
core   0: 0x80006674 (0x03e86733) rem     a4, a6, t5
core   0: 3 0x80006674 (0x03e86733) x14 0x00000000
core   0: 0x80006678 (0x020881b3) mul     gp, a7, zero
core   0: 3 0x80006678 (0x020881b3) x 3 0x00000000
core   0: 0x8000667c (0x160aee93) ori     t4, s5, 352
core   0: 3 0x8000667c (0x160aee93) x29 0xffffffff
core   0: 0x80006680 (0x0173dd33) srl     s10, t2, s7
core   0: 3 0x80006680 (0x0173dd33) x26 0x00000000
core   0: 0x80006684 (0x03882633) mulhsu  a2, a6, s8
core   0: 3 0x80006684 (0x03882633) x12 0x00000000
core   0: 0x80006688 (0x410a5c33) sra     s8, s4, a6
core   0: 3 0x80006688 (0x410a5c33) x24 0x80018ce4
core   0: 0x8000668c (0x03eb4133) div     sp, s6, t5
core   0: 3 0x8000668c (0x03eb4133) x 2 0x00000000
core   0: 0x80006690 (0x00637d33) and     s10, t1, t1
core   0: 3 0x80006690 (0x00637d33) x26 0xcb37c5f4
core   0: 0x80006694 (0xd29a2f37) lui     t5, 0xd29a2
core   0: 3 0x80006694 (0xd29a2f37) x30 0xd29a2000
core   0: 0x80006698 (0x01f9eb33) or      s6, s3, t6
core   0: 3 0x80006698 (0x01f9eb33) x22 0xffffffff
core   0: 0x8000669c (0x019390b3) sll     ra, t2, s9
core   0: 3 0x8000669c (0x019390b3) x 1 0x50fff000
core   0: 0x800066a0 (0x011cad33) slt     s10, s9, a7
core   0: 3 0x800066a0 (0x011cad33) x26 0x00000000
core   0: 0x800066a4 (0x00339d33) sll     s10, t2, gp
core   0: 3 0x800066a4 (0x00339d33) x26 0x00350fff
core   0: 0x800066a8 (0x7e1fbb93) sltiu   s7, t6, 2017
core   0: 3 0x800066a8 (0x7e1fbb93) x23 0x00000000
core   0: 0x800066ac (0x002577b3) and     a5, a0, sp
core   0: 3 0x800066ac (0x002577b3) x15 0x00000000
core   0: 0x800066b0 (0x021905b3) mul     a1, s2, ra
core   0: 3 0x800066b0 (0x021905b3) x11 0xc4ea3000
core   0: 0x800066b4 (0x41425c93) srai    s9, tp, 20
core   0: 3 0x800066b4 (0x41425c93) x25 0xffffffff
core   0: 0x800066b8 (0x014a48b3) xor     a7, s4, s4
core   0: 3 0x800066b8 (0x014a48b3) x17 0x00000000
core   0: 0x800066bc (0x0240bb33) mulhu   s6, ra, tp
core   0: 3 0x800066bc (0x0240bb33) x22 0x50ffedbe
core   0: 0x800066c0 (0x006f3bb3) sltu    s7, t5, t1
core   0: 3 0x800066c0 (0x006f3bb3) x23 0x00000000
core   0: 0x800066c4 (0x00000013) nop
core   0: 3 0x800066c4 (0x00000013)
core   0: 0x800066c8 (0x41555cb3) sra     s9, a0, s5
core   0: 3 0x800066c8 (0x41555cb3) x25 0xffffffff
core   0: 0x800066cc (0x00f7eeb3) or      t4, a5, a5
core   0: 3 0x800066cc (0x00f7eeb3) x29 0x00000000
core   0: 0x800066d0 (0x001f5093) srli    ra, t5, 1
core   0: 3 0x800066d0 (0x001f5093) x 1 0x694d1000
core   0: 0x800066d4 (0x40fa0933) sub     s2, s4, a5
core   0: 3 0x800066d4 (0x40fa0933) x18 0x80018ce4
core   0: 0x800066d8 (0x017f9233) sll     tp, t6, s7
core   0: 3 0x800066d8 (0x017f9233) x 4 0x80018ce3
core   0: 0x800066dc (0x00bfbcb3) sltu    s9, t6, a1
core   0: 3 0x800066dc (0x00bfbcb3) x25 0x00000001
core   0: 0x800066e0 (0x038bcab3) div     s5, s7, s8
core   0: 3 0x800066e0 (0x038bcab3) x21 0x00000000
core   0: 0x800066e4 (0x0150ae33) slt     t3, ra, s5
core   0: 3 0x800066e4 (0x0150ae33) x28 0x00000000
core   0: 0x800066e8 (0x78ec6b93) ori     s7, s8, 1934
core   0: 3 0x800066e8 (0x78ec6b93) x23 0x80018fee
core   0: 0x800066ec (0x009a9d33) sll     s10, s5, s1
core   0: 3 0x800066ec (0x009a9d33) x26 0x00000000
core   0: 0x800066f0 (0xc3d6e913) ori     s2, a3, -963
core   0: 3 0x800066f0 (0xc3d6e913) x18 0xfffffebf
core   0: 0x800066f4 (0x8a413093) sltiu   ra, sp, -1884
core   0: 3 0x800066f4 (0x8a413093) x 1 0x00000001
core   0: 0x800066f8 (0x01d37333) and     t1, t1, t4
core   0: 3 0x800066f8 (0x01d37333) x 6 0x00000000
core   0: 0x800066fc (0x0117df93) srli    t6, a5, 17
core   0: 3 0x800066fc (0x0117df93) x31 0x00000000
core   0: 0x80006700 (0xc7b60237) lui     tp, 0xc7b60
core   0: 3 0x80006700 (0xc7b60237) x 4 0xc7b60000
core   0: 0x80006704 (0x01002ab3) slt     s5, zero, a6
core   0: 3 0x80006704 (0x01002ab3) x21 0x00000000
core   0: 0x80006708 (0x41480433) sub     s0, a6, s4
core   0: 3 0x80006708 (0x41480433) x 8 0x7ffe731c
core   0: 0x8000670c (0x0396c7b3) div     a5, a3, s9
core   0: 3 0x8000670c (0x0396c7b3) x15 0xbf197a8e
core   0: 0x80006710 (0x028ca033) mulhsu  zero, s9, s0
core   0: 3 0x80006710 (0x028ca033)
core   0: 0x80006714 (0x015353b3) srl     t2, t1, s5
core   0: 3 0x80006714 (0x015353b3) x 7 0x00000000
core   0: 0x80006718 (0x02f94133) div     sp, s2, a5
core   0: 3 0x80006718 (0x02f94133) x 2 0x00000000
core   0: 0x8000671c (0x035563b3) rem     t2, a0, s5
core   0: 3 0x8000671c (0x035563b3) x 7 0xcb37c5f6
core   0: 0x80006720 (0x67aefd93) andi    s11, t4, 1658
core   0: 3 0x80006720 (0x67aefd93) x27 0x00000000
core   0: 0x80006724 (0x03bfc033) div     zero, t6, s11
core   0: 3 0x80006724 (0x03bfc033)
core   0: 0x80006728 (0x01e54eb3) xor     t4, a0, t5
core   0: 3 0x80006728 (0x01e54eb3) x29 0x19ade5f6
core   0: 0x8000672c (0x01759033) sll     zero, a1, s7
core   0: 3 0x8000672c (0x01759033)
core   0: 0x80006730 (0xb160a417) auipc   s0, 0xb160a
core   0: 3 0x80006730 (0xb160a417) x 8 0x31610730
core   0: 0x80006734 (0x01f5cc33) xor     s8, a1, t6
core   0: 3 0x80006734 (0x01f5cc33) x24 0xc4ea3000
core   0: 0x80006738 (0x00b21f93) slli    t6, tp, 11
core   0: 3 0x80006738 (0x00b21f93) x31 0xb0000000
core   0: 0x8000673c (0x3611c493) xori    s1, gp, 865
core   0: 3 0x8000673c (0x3611c493) x 9 0x00000361
core   0: 0x80006740 (0x1158a113) slti    sp, a7, 277
core   0: 3 0x80006740 (0x1158a113) x 2 0x00000001
core   0: 0x80006744 (0x007071b3) and     gp, zero, t2
core   0: 3 0x80006744 (0x007071b3) x 3 0x00000000
core   0: 0x80006748 (0x02d5cfb3) div     t6, a1, a3
core   0: 3 0x80006748 (0x02d5cfb3) x31 0x00000000
core   0: 0x8000674c (0x00f8d993) srli    s3, a7, 15
core   0: 3 0x8000674c (0x00f8d993) x19 0x00000000
core   0: 0x80006750 (0xf28b3d93) sltiu   s11, s6, -216
core   0: 3 0x80006750 (0xf28b3d93) x27 0x00000001
core   0: 0x80006754 (0x02a6dbb3) divu    s7, a3, a0
core   0: 3 0x80006754 (0x02a6dbb3) x23 0x00000000
core   0: 0x80006758 (0x30bcbe93) sltiu   t4, s9, 779
core   0: 3 0x80006758 (0x30bcbe93) x29 0x00000001
core   0: 0x8000675c (0x010a2133) slt     sp, s4, a6
core   0: 3 0x8000675c (0x010a2133) x 2 0x00000001
core   0: 0x80006760 (0x50314413) xori    s0, sp, 1283
core   0: 3 0x80006760 (0x50314413) x 8 0x00000502
core   0: 0x80006764 (0x0227ce33) div     t3, a5, sp
core   0: 3 0x80006764 (0x0227ce33) x28 0xbf197a8e
core   0: 0x80006768 (0x0113a7b3) slt     a5, t2, a7
core   0: 3 0x80006768 (0x0113a7b3) x15 0x00000001
core   0: 0x8000676c (0x03763333) mulhu   t1, a2, s7
core   0: 3 0x8000676c (0x03763333) x 6 0x00000000
core   0: 0x80006770 (0x00000013) nop
core   0: 3 0x80006770 (0x00000013)
core   0: 0x80006774 (0x8af67db7) lui     s11, 0x8af67
core   0: 3 0x80006774 (0x8af67db7) x27 0x8af67000
core   0: 0x80006778 (0x00ddeb33) or      s6, s11, a3
core   0: 3 0x80006778 (0x00ddeb33) x22 0xbfff7a8e
core   0: 0x8000677c (0x035219b3) mulh    s3, tp, s5
core   0: 3 0x8000677c (0x035219b3) x19 0x00000000
core   0: 0x80006780 (0x03ffb3b3) mulhu   t2, t6, t6
core   0: 3 0x80006780 (0x03ffb3b3) x 7 0x00000000
core   0: 0x80006784 (0x65aae193) ori     gp, s5, 1626
core   0: 3 0x80006784 (0x65aae193) x 3 0x0000065a
core   0: 0x80006788 (0x02f8aab3) mulhsu  s5, a7, a5
core   0: 3 0x80006788 (0x02f8aab3) x21 0x00000000
core   0: 0x8000678c (0x032364b3) rem     s1, t1, s2
core   0: 3 0x8000678c (0x032364b3) x 9 0x00000000
core   0: 0x80006790 (0xc92b7d37) lui     s10, 0xc92b7
core   0: 3 0x80006790 (0xc92b7d37) x26 0xc92b7000
core   0: 0x80006794 (0x03d95d33) divu    s10, s2, t4
core   0: 3 0x80006794 (0x03d95d33) x26 0xfffffebf
core   0: 0x80006798 (0x005d5933) srl     s2, s10, t0
core   0: 3 0x80006798 (0x005d5933) x18 0x0fffffeb
core   0: 0x8000679c (0x41d4d893) srai    a7, s1, 29
core   0: 3 0x8000679c (0x41d4d893) x17 0x00000000
core   0: 0x800067a0 (0xc2d2ae13) slti    t3, t0, -979
core   0: 3 0x800067a0 (0xc2d2ae13) x28 0x00000001
core   0: 0x800067a4 (0x00f1d333) srl     t1, gp, a5
core   0: 3 0x800067a4 (0x00f1d333) x 6 0x0000032d
core   0: 0x800067a8 (0x4ad87db7) lui     s11, 0x4ad87
core   0: 3 0x800067a8 (0x4ad87db7) x27 0x4ad87000
core   0: 0x800067ac (0x407e5e93) srai    t4, t3, 7
core   0: 3 0x800067ac (0x407e5e93) x29 0x00000000
core   0: 0x800067b0 (0xad52a613) slti    a2, t0, -1323
core   0: 3 0x800067b0 (0xad52a613) x12 0x00000001
core   0: 0x800067b4 (0x03ece333) rem     t1, s9, t5
core   0: 3 0x800067b4 (0x03ece333) x 6 0x00000001
core   0: 0x800067b8 (0x0006c533) xor     a0, a3, zero
core   0: 3 0x800067b8 (0x0006c533) x10 0xbf197a8e
core   0: 0x800067bc (0x0028d033) srl     zero, a7, sp
core   0: 3 0x800067bc (0x0028d033)
core   0: 0x800067c0 (0xd33af813) andi    a6, s5, -717
core   0: 3 0x800067c0 (0xd33af813) x16 0x00000000
core   0: 0x800067c4 (0x41b2d213) srai    tp, t0, 27
core   0: 3 0x800067c4 (0x41b2d213) x 4 0xfffffff0
core   0: 0x800067c8 (0x025b3b33) mulhu   s6, s6, t0
core   0: 3 0x800067c8 (0x025b3b33) x22 0x6000b811
core   0: 0x800067cc (0x2ee03613) sltiu   a2, zero, 750
core   0: 3 0x800067cc (0x2ee03613) x12 0x00000001
core   0: 0x800067d0 (0x016dfab3) and     s5, s11, s6
core   0: 3 0x800067d0 (0x016dfab3) x21 0x40003000
core   0: 0x800067d4 (0x03f6f633) remu    a2, a3, t6
core   0: 3 0x800067d4 (0x03f6f633) x12 0xbf197a8e
core   0: 0x800067d8 (0x015884b3) add     s1, a7, s5
core   0: 3 0x800067d8 (0x015884b3) x 9 0x40003000
core   0: 0x800067dc (0x02eb6833) rem     a6, s6, a4
core   0: 3 0x800067dc (0x02eb6833) x16 0x6000b811
core   0: 0x800067e0 (0x016540b3) xor     ra, a0, s6
core   0: 3 0x800067e0 (0x016540b3) x 1 0xdf19c29f
core   0: 0x800067e4 (0x036f67b3) rem     a5, t5, s6
core   0: 3 0x800067e4 (0x036f67b3) x15 0xd29a2000
core   0: 0x800067e8 (0x0145f533) and     a0, a1, s4
core   0: 3 0x800067e8 (0x0145f533) x10 0x80000000
core   0: 0x800067ec (0x404fd613) srai    a2, t6, 4
core   0: 3 0x800067ec (0x404fd613) x12 0x00000000
core   0: 0x800067f0 (0x00898db3) add     s11, s3, s0
core   0: 3 0x800067f0 (0x00898db3) x27 0x00000502
core   0: 0x800067f4 (0xef72ab13) slti    s6, t0, -265
core   0: 3 0x800067f4 (0xef72ab13) x22 0x00000001
core   0: 0x800067f8 (0x017348b3) xor     a7, t1, s7
core   0: 3 0x800067f8 (0x017348b3) x17 0x00000001
core   0: 0x800067fc (0x4255e513) ori     a0, a1, 1061
core   0: 3 0x800067fc (0x4255e513) x10 0xc4ea3425
core   0: 0x80006800 (0x0096a7b3) slt     a5, a3, s1
core   0: 3 0x80006800 (0x0096a7b3) x15 0x00000001
core   0: 0x80006804 (0x00231eb3) sll     t4, t1, sp
core   0: 3 0x80006804 (0x00231eb3) x29 0x00000002
core   0: 0x80006808 (0x00e378b3) and     a7, t1, a4
core   0: 3 0x80006808 (0x00e378b3) x17 0x00000000
core   0: 0x8000680c (0x00789333) sll     t1, a7, t2
core   0: 3 0x8000680c (0x00789333) x 6 0x00000000
core   0: 0x80006810 (0x0342b3b3) mulhu   t2, t0, s4
core   0: 3 0x80006810 (0x0342b3b3) x 7 0x40016da6
core   0: 0x80006814 (0x014dcab3) xor     s5, s11, s4
core   0: 3 0x80006814 (0x014dcab3) x21 0x800189e6
core   0: 0x80006818 (0x02f47eb3) remu    t4, s0, a5
core   0: 3 0x80006818 (0x02f47eb3) x29 0x00000000
core   0: 0x8000681c (0x01cc20b3) slt     ra, s8, t3
core   0: 3 0x8000681c (0x01cc20b3) x 1 0x00000001
core   0: 0x80006820 (0x492855b7) lui     a1, 0x49285
core   0: 3 0x80006820 (0x492855b7) x11 0x49285000
core   0: 0x80006824 (0x027098b3) mulh    a7, ra, t2
core   0: 3 0x80006824 (0x027098b3) x17 0x00000000
core   0: 0x80006828 (0x02c1bd33) mulhu   s10, gp, a2
core   0: 3 0x80006828 (0x02c1bd33) x26 0x00000000
core   0: 0x8000682c (0x036128b3) mulhsu  a7, sp, s6
core   0: 3 0x8000682c (0x036128b3) x17 0x00000000
core   0: 0x80006830 (0x0066cc33) xor     s8, a3, t1
core   0: 3 0x80006830 (0x0066cc33) x24 0xbf197a8e
core   0: 0x80006834 (0x40010733) sub     a4, sp, zero
core   0: 3 0x80006834 (0x40010733) x14 0x00000001
core   0: 0x80006838 (0x0189ee33) or      t3, s3, s8
core   0: 3 0x80006838 (0x0189ee33) x28 0xbf197a8e
core   0: 0x8000683c (0x03f3d633) divu    a2, t2, t6
core   0: 3 0x8000683c (0x03f3d633) x12 0xffffffff
core   0: 0x80006840 (0x027ed3b3) divu    t2, t4, t2
core   0: 3 0x80006840 (0x027ed3b3) x 7 0x00000000
core   0: 0x80006844 (0x035d1633) mulh    a2, s10, s5
core   0: 3 0x80006844 (0x035d1633) x12 0x00000000
core   0: 0x80006848 (0x0231eeb3) rem     t4, gp, gp
core   0: 3 0x80006848 (0x0231eeb3) x29 0x00000000
core   0: 0x8000684c (0xb4a80113) addi    sp, a6, -1206
core   0: 3 0x8000684c (0xb4a80113) x 2 0x6000b35b
core   0: 0x80006850 (0x0247b4b3) mulhu   s1, a5, tp
core   0: 3 0x80006850 (0x0247b4b3) x 9 0x00000000
core   0: 0x80006854 (0x004f0b33) add     s6, t5, tp
core   0: 3 0x80006854 (0x004f0b33) x22 0xd29a1ff0
core   0: 0x80006858 (0x01e24233) xor     tp, tp, t5
core   0: 3 0x80006858 (0x01e24233) x 4 0x2d65dff0
core   0: 0x8000685c (0x032850b3) divu    ra, a6, s2
core   0: 3 0x8000685c (0x032850b3) x 1 0x00000006
core   0: 0x80006860 (0x00d2b0b3) sltu    ra, t0, a3
core   0: 3 0x80006860 (0x00d2b0b3) x 1 0x00000001
core   0: 0x80006864 (0xe78d2813) slti    a6, s10, -392
core   0: 3 0x80006864 (0xe78d2813) x16 0x00000000
core   0: 0x80006868 (0xd76d0813) addi    a6, s10, -650
core   0: 3 0x80006868 (0xd76d0813) x16 0xfffffd76
core   0: 0x8000686c (0x405105b3) sub     a1, sp, t0
core   0: 3 0x8000686c (0x405105b3) x11 0xdfff64f7
core   0: 0x80006870 (0x00000013) nop
core   0: 3 0x80006870 (0x00000013)
core   0: 0x80006874 (0x02dba3b3) mulhsu  t2, s7, a3
core   0: 3 0x80006874 (0x02dba3b3) x 7 0x00000000
core   0: 0x80006878 (0x0f53a237) lui     tp, 0xf53a
core   0: 3 0x80006878 (0x0f53a237) x 4 0x0f53a000
core   0: 0x8000687c (0xc174b313) sltiu   t1, s1, -1001
core   0: 3 0x8000687c (0xc174b313) x 6 0x00000001
core   0: 0x80006880 (0x0011a733) slt     a4, gp, ra
core   0: 3 0x80006880 (0x0011a733) x14 0x00000000
core   0: 0x80006884 (0x01ab2b33) slt     s6, s6, s10
core   0: 3 0x80006884 (0x01ab2b33) x22 0x00000001
core   0: 0x80006888 (0x01d6f3b3) and     t2, a3, t4
core   0: 3 0x80006888 (0x01d6f3b3) x 7 0x00000000
core   0: 0x8000688c (0x01fb6eb3) or      t4, s6, t6
core   0: 3 0x8000688c (0x01fb6eb3) x29 0x00000001
core   0: 0x80006890 (0x0393e1b3) rem     gp, t2, s9
core   0: 3 0x80006890 (0x0393e1b3) x 3 0x00000000
core   0: 0x80006894 (0xd5574793) xori    a5, a4, -683
core   0: 3 0x80006894 (0xd5574793) x15 0xfffffd55
core   0: 0x80006898 (0x02ceb9b3) mulhu   s3, t4, a2
core   0: 3 0x80006898 (0x02ceb9b3) x19 0x00000000
core   0: 0x8000689c (0x03021eb3) mulh    t4, tp, a6
core   0: 3 0x8000689c (0x03021eb3) x29 0xffffffd9
core   0: 0x800068a0 (0x0242dc33) divu    s8, t0, tp
core   0: 3 0x800068a0 (0x0242dc33) x24 0x00000008
core   0: 0x800068a4 (0x0143a533) slt     a0, t2, s4
core   0: 3 0x800068a4 (0x0143a533) x10 0x00000000
core   0: 0x800068a8 (0xe326f793) andi    a5, a3, -462
core   0: 3 0x800068a8 (0xe326f793) x15 0xbf197a02
core   0: 0x800068ac (0x0054d933) srl     s2, s1, t0
core   0: 3 0x800068ac (0x0054d933) x18 0x00000000
core   0: 0x800068b0 (0x01e245b3) xor     a1, tp, t5
core   0: 3 0x800068b0 (0x01e245b3) x11 0xddc98000
core   0: 0x800068b4 (0x0e60ae13) slti    t3, ra, 230
core   0: 3 0x800068b4 (0x0e60ae13) x28 0x00000001
core   0: 0x800068b8 (0x69fc4f13) xori    t5, s8, 1695
core   0: 3 0x800068b8 (0x69fc4f13) x30 0x00000697
core   0: 0x800068bc (0x016c1e13) slli    t3, s8, 22
core   0: 3 0x800068bc (0x016c1e13) x28 0x02000000
core   0: 0x800068c0 (0xa43e7513) andi    a0, t3, -1469
core   0: 3 0x800068c0 (0xa43e7513) x10 0x02000000
core   0: 0x800068c4 (0x03c7f5b3) remu    a1, a5, t3
core   0: 3 0x800068c4 (0x03c7f5b3) x11 0x01197a02
core   0: 0x800068c8 (0x02b17733) remu    a4, sp, a1
core   0: 3 0x800068c8 (0x02b17733) x14 0x00583cad
core   0: 0x800068cc (0x02054133) div     sp, a0, zero
core   0: 3 0x800068cc (0x02054133) x 2 0xffffffff
core   0: 0x800068d0 (0x41060933) sub     s2, a2, a6
core   0: 3 0x800068d0 (0x41060933) x18 0x0000028a
core   0: 0x800068d4 (0x41175833) sra     a6, a4, a7
core   0: 3 0x800068d4 (0x41175833) x16 0x00583cad
core   0: 0x800068d8 (0x978a6c37) lui     s8, 0x978a6
core   0: 3 0x800068d8 (0x978a6c37) x24 0x978a6000
core   0: 0x800068dc (0x8f1f8113) addi    sp, t6, -1807
core   0: 3 0x800068dc (0x8f1f8113) x 2 0xfffff8f1
core   0: 0x800068e0 (0x02df2ab3) mulhsu  s5, t5, a3
core   0: 3 0x800068e0 (0x02df2ab3) x21 0x000004eb
core   0: 0x800068e4 (0x41425a93) srai    s5, tp, 20
core   0: 3 0x800068e4 (0x41425a93) x21 0x000000f5
core   0: 0x800068e8 (0x5744b213) sltiu   tp, s1, 1396
core   0: 3 0x800068e8 (0x5744b213) x 4 0x00000001
core   0: 0x800068ec (0x00d1ac33) slt     s8, gp, a3
core   0: 3 0x800068ec (0x00d1ac33) x24 0x00000000
core   0: 0x800068f0 (0x00d5e933) or      s2, a1, a3
core   0: 3 0x800068f0 (0x00d5e933) x18 0xbf197a8e
core   0: 0x800068f4 (0x000ef033) and     zero, t4, zero
core   0: 3 0x800068f4 (0x000ef033)
core   0: 0x800068f8 (0x00000013) nop
core   0: 3 0x800068f8 (0x00000013)
core   0: 0x800068fc (0x034ccf33) div     t5, s9, s4
core   0: 3 0x800068fc (0x034ccf33) x30 0x00000000
core   0: 0x80006900 (0x0234beb3) mulhu   t4, s1, gp
core   0: 3 0x80006900 (0x0234beb3) x29 0x00000000
core   0: 0x80006904 (0x034728b3) mulhsu  a7, a4, s4
core   0: 3 0x80006904 (0x034728b3) x17 0x002c1edf
core   0: 0x80006908 (0x00711d33) sll     s10, sp, t2
core   0: 3 0x80006908 (0x00711d33) x26 0xfffff8f1
core   0: 0x8000690c (0x0db840b7) lui     ra, 0xdb84
core   0: 3 0x8000690c (0x0db840b7) x 1 0x0db84000
core   0: 0x80006910 (0x0349ff33) remu    t5, s3, s4
core   0: 3 0x80006910 (0x0349ff33) x30 0x00000000
core   0: 0x80006914 (0x9364bc13) sltiu   s8, s1, -1738
core   0: 3 0x80006914 (0x9364bc13) x24 0x00000001
core   0: 0x80006918 (0x03c7e033) rem     zero, a5, t3
core   0: 3 0x80006918 (0x03c7e033)
core   0: 0x8000691c (0xf5b9fb13) andi    s6, s3, -165
core   0: 3 0x8000691c (0xf5b9fb13) x22 0x00000000
core   0: 0x80006920 (0x004fbf33) sltu    t5, t6, tp
core   0: 3 0x80006920 (0x004fbf33) x30 0x00000001
core   0: 0x80006924 (0x4102db93) srai    s7, t0, 16
core   0: 3 0x80006924 (0x4102db93) x23 0xffff8001
core   0: 0x80006928 (0x0361c1b3) div     gp, gp, s6
core   0: 3 0x80006928 (0x0361c1b3) x 3 0xffffffff
core   0: 0x8000692c (0x01782933) slt     s2, a6, s7
core   0: 3 0x8000692c (0x01782933) x18 0x00000000
core   0: 0x80006930 (0x011da8b3) slt     a7, s11, a7
core   0: 3 0x80006930 (0x011da8b3) x17 0x00000001
core   0: 0x80006934 (0x00000013) nop
core   0: 3 0x80006934 (0x00000013)
core   0: 0x80006938 (0x01f4a433) slt     s0, s1, t6
core   0: 3 0x80006938 (0x01f4a433) x 8 0x00000000
core   0: 0x8000693c (0xc911ac13) slti    s8, gp, -879
core   0: 3 0x8000693c (0xc911ac13) x24 0x00000000
core   0: 0x80006940 (0x6abb8813) addi    a6, s7, 1707
core   0: 3 0x80006940 (0x6abb8813) x16 0xffff86ac
core   0: 0x80006944 (0x01eb5913) srli    s2, s6, 30
core   0: 3 0x80006944 (0x01eb5913) x18 0x00000000
core   0: 0x80006948 (0x024b3bb3) mulhu   s7, s6, tp
core   0: 3 0x80006948 (0x024b3bb3) x23 0x00000000
core   0: 0x8000694c (0xc033c913) xori    s2, t2, -1021
core   0: 3 0x8000694c (0xc033c913) x18 0xfffffc03
core   0: 0x80006950 (0x02f23fb3) mulhu   t6, tp, a5
core   0: 3 0x80006950 (0x02f23fb3) x31 0x00000000
core   0: 0x80006954 (0x02c5cf33) div     t5, a1, a2
core   0: 3 0x80006954 (0x02c5cf33) x30 0xffffffff
core   0: 0x80006958 (0x01c5be33) sltu    t3, a1, t3
core   0: 3 0x80006958 (0x01c5be33) x28 0x00000001
core   0: 0x8000695c (0x01edbf33) sltu    t5, s11, t5
core   0: 3 0x8000695c (0x01edbf33) x30 0x00000001
core   0: 0x80006960 (0x03cba5b3) mulhsu  a1, s7, t3
core   0: 3 0x80006960 (0x03cba5b3) x11 0x00000000
core   0: 0x80006964 (0x8d713213) sltiu   tp, sp, -1833
core   0: 3 0x80006964 (0x8d713213) x 4 0x00000000
core   0: 0x80006968 (0x019c1993) slli    s3, s8, 25
core   0: 3 0x80006968 (0x019c1993) x19 0x00000000
core   0: 0x8000696c (0x03b06cb3) rem     s9, zero, s11
core   0: 3 0x8000696c (0x03b06cb3) x25 0x00000000
core   0: 0x80006970 (0x01f79793) slli    a5, a5, 31
core   0: 3 0x80006970 (0x01f79793) x15 0x00000000
core   0: 0x80006974 (0x00cb33b3) sltu    t2, s6, a2
core   0: 3 0x80006974 (0x00cb33b3) x 7 0x00000000
core   0: 0x80006978 (0x022fdab3) divu    s5, t6, sp
core   0: 3 0x80006978 (0x022fdab3) x21 0x00000000
core   0: 0x8000697c (0x03aa11b3) mulh    gp, s4, s10
core   0: 3 0x8000697c (0x03aa11b3) x 3 0x00000387
core   0: 0x80006980 (0x001bd0b3) srl     ra, s7, ra
core   0: 3 0x80006980 (0x001bd0b3) x 1 0x00000000
core   0: 0x80006984 (0x03bbbfb3) mulhu   t6, s7, s11
core   0: 3 0x80006984 (0x03bbbfb3) x31 0x00000000
core   0: 0x80006988 (0x000b8c33) add     s8, s7, zero
core   0: 3 0x80006988 (0x000b8c33) x24 0x00000000
core   0: 0x8000698c (0x00000013) nop
core   0: 3 0x8000698c (0x00000013)
core   0: 0x80006990 (0x02d4a033) mulhsu  zero, s1, a3
core   0: 3 0x80006990 (0x02d4a033)
core   0: 0x80006994 (0x01b434b3) sltu    s1, s0, s11
core   0: 3 0x80006994 (0x01b434b3) x 9 0x00000001
core   0: 0x80006998 (0x40ba67b7) lui     a5, 0x40ba6
core   0: 3 0x80006998 (0x40ba67b7) x15 0x40ba6000
core   0: 0x8000699c (0x1f74fd93) andi    s11, s1, 503
core   0: 3 0x8000699c (0x1f74fd93) x27 0x00000001
core   0: 0x800069a0 (0x005b8633) add     a2, s7, t0
core   0: 3 0x800069a0 (0x005b8633) x12 0x80014e64
core   0: 0x800069a4 (0x00000013) nop
core   0: 3 0x800069a4 (0x00000013)
core   0: 0x800069a8 (0x418c09b3) sub     s3, s8, s8
core   0: 3 0x800069a8 (0x418c09b3) x19 0x00000000
core   0: 0x800069ac (0x003c38b3) sltu    a7, s8, gp
core   0: 3 0x800069ac (0x003c38b3) x17 0x00000001
core   0: 0x800069b0 (0x035d78b3) remu    a7, s10, s5
core   0: 3 0x800069b0 (0x035d78b3) x17 0xfffff8f1
core   0: 0x800069b4 (0x00980ab3) add     s5, a6, s1
core   0: 3 0x800069b4 (0x00980ab3) x21 0xffff86ad
core   0: 0x800069b8 (0x402cd813) srai    a6, s9, 2
core   0: 3 0x800069b8 (0x402cd813) x16 0x00000000
core   0: 0x800069bc (0x7a2fba93) sltiu   s5, t6, 1954
core   0: 3 0x800069bc (0x7a2fba93) x21 0x00000001
core   0: 0x800069c0 (0x00ddcd33) xor     s10, s11, a3
core   0: 3 0x800069c0 (0x00ddcd33) x26 0xbf197a8f
core   0: 0x800069c4 (0x00000013) nop
core   0: 3 0x800069c4 (0x00000013)
core   0: 0x800069c8 (0x248a8513) addi    a0, s5, 584
core   0: 3 0x800069c8 (0x248a8513) x10 0x00000249
core   0: 0x800069cc (0x00000013) nop
core   0: 3 0x800069cc (0x00000013)
core   0: 0x800069d0 (0x40c3dc13) srai    s8, t2, 12
core   0: 3 0x800069d0 (0x40c3dc13) x24 0x00000000
core   0: 0x800069d4 (0x023c0933) mul     s2, s8, gp
core   0: 3 0x800069d4 (0x023c0933) x18 0x00000000
core   0: 0x800069d8 (0x0184ef33) or      t5, s1, s8
core   0: 3 0x800069d8 (0x0184ef33) x30 0x00000001
core   0: 0x800069dc (0x019bf233) and     tp, s7, s9
core   0: 3 0x800069dc (0x019bf233) x 4 0x00000000
core   0: 0x800069e0 (0x412e58b3) sra     a7, t3, s2
core   0: 3 0x800069e0 (0x412e58b3) x17 0x00000001
core   0: 0x800069e4 (0x410dd393) srai    t2, s11, 16
core   0: 3 0x800069e4 (0x410dd393) x 7 0x00000000
core   0: 0x800069e8 (0x020fab33) mulhsu  s6, t6, zero
core   0: 3 0x800069e8 (0x020fab33) x22 0x00000000
core   0: 0x800069ec (0x008ed533) srl     a0, t4, s0
core   0: 3 0x800069ec (0x008ed533) x10 0x00000000
core   0: 0x800069f0 (0x01306533) or      a0, zero, s3
core   0: 3 0x800069f0 (0x01306533) x10 0x00000000
core   0: 0x800069f4 (0x40c45233) sra     tp, s0, a2
core   0: 3 0x800069f4 (0x40c45233) x 4 0x00000000
core   0: 0x800069f8 (0x004a3db3) sltu    s11, s4, tp
core   0: 3 0x800069f8 (0x004a3db3) x27 0x00000000
core   0: 0x800069fc (0x9177f113) andi    sp, a5, -1769
core   0: 3 0x800069fc (0x9177f113) x 2 0x40ba6000
core   0: 0x80006a00 (0x00b3b8b3) sltu    a7, t2, a1
core   0: 3 0x80006a00 (0x00b3b8b3) x17 0x00000000
core   0: 0x80006a04 (0x011803b3) add     t2, a6, a7
core   0: 3 0x80006a04 (0x011803b3) x 7 0x00000000
core   0: 0x80006a08 (0x0357ae33) mulhsu  t3, a5, s5
core   0: 3 0x80006a08 (0x0357ae33) x28 0x00000000
core   0: 0x80006a0c (0x00229c93) slli    s9, t0, 2
core   0: 3 0x80006a0c (0x00229c93) x25 0x00053990
core   0: 0x80006a10 (0xa4d36713) ori     a4, t1, -1459
core   0: 3 0x80006a10 (0xa4d36713) x14 0xfffffa4d
core   0: 0x80006a14 (0x016a3b33) sltu    s6, s4, s6
core   0: 3 0x80006a14 (0x016a3b33) x22 0x00000000
core   0: 0x80006a18 (0x01525013) srli    zero, tp, 21
core   0: 3 0x80006a18 (0x01525013)
core   0: 0x80006a1c (0x40ae87b3) sub     a5, t4, a0
core   0: 3 0x80006a1c (0x40ae87b3) x15 0x00000000
core   0: 0x80006a20 (0x4dcac793) xori    a5, s5, 1244
core   0: 3 0x80006a20 (0x4dcac793) x15 0x000004dd
core   0: 0x80006a24 (0x08ea4337) lui     t1, 0x8ea4
core   0: 3 0x80006a24 (0x08ea4337) x 6 0x08ea4000
core   0: 0x80006a28 (0x0147d5b3) srl     a1, a5, s4
core   0: 3 0x80006a28 (0x0147d5b3) x11 0x0000004d
core   0: 0x80006a2c (0x00000013) nop
core   0: 3 0x80006a2c (0x00000013)
core   0: 0x80006a30 (0x03a8c933) div     s2, a7, s10
core   0: 3 0x80006a30 (0x03a8c933) x18 0x00000000
core   0: 0x80006a34 (0x0cc82417) auipc   s0, 0xcc82
core   0: 3 0x80006a34 (0x0cc82417) x 8 0x8cc88a34
core   0: 0x80006a38 (0x032ba1b3) mulhsu  gp, s7, s2
core   0: 3 0x80006a38 (0x032ba1b3) x 3 0x00000000
core   0: 0x80006a3c (0xaca5b117) auipc   sp, 0xaca5b
core   0: 3 0x80006a3c (0xaca5b117) x 2 0x2ca61a3c
core   0: 0x80006a40 (0x46720893) addi    a7, tp, 1127
core   0: 3 0x80006a40 (0x46720893) x17 0x00000467
core   0: 0x80006a44 (0x4fa7b993) sltiu   s3, a5, 1274
core   0: 3 0x80006a44 (0x4fa7b993) x19 0x00000001
core   0: 0x80006a48 (0xa8af0f13) addi    t5, t5, -1398
core   0: 3 0x80006a48 (0xa8af0f13) x30 0xfffffa8b
core   0: 0x80006a4c (0x952b2b13) slti    s6, s6, -1710
core   0: 3 0x80006a4c (0x952b2b13) x22 0x00000000
core   0: 0x80006a50 (0x001ff7b3) and     a5, t6, ra
core   0: 3 0x80006a50 (0x001ff7b3) x15 0x00000000
core   0: 0x80006a54 (0x02d1d3b3) divu    t2, gp, a3
core   0: 3 0x80006a54 (0x02d1d3b3) x 7 0x00000000
core   0: 0x80006a58 (0x5b96b513) sltiu   a0, a3, 1465
core   0: 3 0x80006a58 (0x5b96b513) x10 0x00000000
core   0: 0x80006a5c (0x0190aeb3) slt     t4, ra, s9
core   0: 3 0x80006a5c (0x0190aeb3) x29 0x00000001
core   0: 0x80006a60 (0x00dc20b3) slt     ra, s8, a3
core   0: 3 0x80006a60 (0x00dc20b3) x 1 0x00000000
core   0: 0x80006a64 (0x00d681b3) add     gp, a3, a3
core   0: 3 0x80006a64 (0x00d681b3) x 3 0x7e32f51c
core   0: 0x80006a68 (0x01313bb3) sltu    s7, sp, s3
core   0: 3 0x80006a68 (0x01313bb3) x23 0x00000000
core   0: 0x80006a6c (0x037dcfb3) div     t6, s11, s7
core   0: 3 0x80006a6c (0x037dcfb3) x31 0xffffffff
core   0: 0x80006a70 (0xc03b8613) addi    a2, s7, -1021
core   0: 3 0x80006a70 (0xc03b8613) x12 0xfffffc03
core   0: 0x80006a74 (0x002e2833) slt     a6, t3, sp
core   0: 3 0x80006a74 (0x002e2833) x16 0x00000001
core   0: 0x80006a78 (0x02ca7cb3) remu    s9, s4, a2
core   0: 3 0x80006a78 (0x02ca7cb3) x25 0x80018ce4
core   0: 0x80006a7c (0x011a5d93) srli    s11, s4, 17
core   0: 3 0x80006a7c (0x011a5d93) x27 0x00004000
core   0: 0x80006a80 (0x0309d633) divu    a2, s3, a6
core   0: 3 0x80006a80 (0x0309d633) x12 0x00000001
core   0: 0x80006a84 (0x02e76fb3) rem     t6, a4, a4
core   0: 3 0x80006a84 (0x02e76fb3) x31 0x00000000
core   0: 0x80006a88 (0x02a6ee33) rem     t3, a3, a0
core   0: 3 0x80006a88 (0x02a6ee33) x28 0xbf197a8e
core   0: 0x80006a8c (0x00000013) nop
core   0: 3 0x80006a8c (0x00000013)
core   0: 0x80006a90 (0x00246fb3) or      t6, s0, sp
core   0: 3 0x80006a90 (0x00246fb3) x31 0xacee9a3c
core   0: 0x80006a94 (0x0066c033) xor     zero, a3, t1
core   0: 3 0x80006a94 (0x0066c033)
core   0: 0x80006a98 (0xfbd0bf17) auipc   t5, 0xfbd0b
core   0: 3 0x80006a98 (0xfbd0bf17) x30 0x7bd11a98
core   0: 0x80006a9c (0xc2180b97) auipc   s7, 0xc2180
core   0: 3 0x80006a9c (0xc2180b97) x23 0x42186a9c
core   0: 0x80006aa0 (0x00d55d33) srl     s10, a0, a3
core   0: 3 0x80006aa0 (0x00d55d33) x26 0x00000000
core   0: 0x80006aa4 (0x4066d413) srai    s0, a3, 6
core   0: 3 0x80006aa4 (0x4066d413) x 8 0xfefc65ea
core   0: 0x80006aa8 (0x023cfd33) remu    s10, s9, gp
core   0: 3 0x80006aa8 (0x023cfd33) x26 0x01ce97c8
core   0: 0x80006aac (0x02b98e33) mul     t3, s3, a1
core   0: 3 0x80006aac (0x02b98e33) x28 0x0000004d
core   0: 0x80006ab0 (0x03586833) rem     a6, a6, s5
core   0: 3 0x80006ab0 (0x03586833) x16 0x00000000
core   0: 0x80006ab4 (0x0156dc33) srl     s8, a3, s5
core   0: 3 0x80006ab4 (0x0156dc33) x24 0x5f8cbd47
core   0: 0x80006ab8 (0x034105b3) mul     a1, sp, s4
core   0: 3 0x80006ab8 (0x034105b3) x11 0xb4842d70
core   0: 0x80006abc (0x41648533) sub     a0, s1, s6
core   0: 3 0x80006abc (0x41648533) x10 0x00000001
core   0: 0x80006ac0 (0x0218bcb3) mulhu   s9, a7, ra
core   0: 3 0x80006ac0 (0x0218bcb3) x25 0x00000000
core   0: 0x80006ac4 (0x00000013) nop
core   0: 3 0x80006ac4 (0x00000013)
core   0: 0x80006ac8 (0x9bf72593) slti    a1, a4, -1601
core   0: 3 0x80006ac8 (0x9bf72593) x11 0x00000000
core   0: 0x80006acc (0x0133bfb3) sltu    t6, t2, s3
core   0: 3 0x80006acc (0x0133bfb3) x31 0x00000001
core   0: 0x80006ad0 (0x00000013) nop
core   0: 3 0x80006ad0 (0x00000013)
core   0: 0x80006ad4 (0x03933233) mulhu   tp, t1, s9
core   0: 3 0x80006ad4 (0x03933233) x 4 0x00000000
core   0: 0x80006ad8 (0x01eefb33) and     s6, t4, t5
core   0: 3 0x80006ad8 (0x01eefb33) x22 0x00000000
core   0: 0x80006adc (0x00601fb3) sll     t6, zero, t1
core   0: 3 0x80006adc (0x00601fb3) x31 0x00000000
core   0: 0x80006ae0 (0x41ea5e93) srai    t4, s4, 30
core   0: 3 0x80006ae0 (0x41ea5e93) x29 0xfffffffe
core   0: 0x80006ae4 (0x808eb597) auipc   a1, 0x808eb
core   0: 3 0x80006ae4 (0x808eb597) x11 0x008f1ae4
core   0: 0x80006ae8 (0x007aec33) or      s8, s5, t2
core   0: 3 0x80006ae8 (0x007aec33) x24 0x00000001
core   0: 0x80006aec (0x2eba2a93) slti    s5, s4, 747
core   0: 3 0x80006aec (0x2eba2a93) x21 0x00000001
core   0: 0x80006af0 (0x85ca7393) andi    t2, s4, -1956
core   0: 3 0x80006af0 (0x85ca7393) x 7 0x80018844
core   0: 0x80006af4 (0x01105e13) srli    t3, zero, 17
core   0: 3 0x80006af4 (0x01105e13) x28 0x00000000
core   0: 0x80006af8 (0x0314eab3) rem     s5, s1, a7
core   0: 3 0x80006af8 (0x0314eab3) x21 0x00000001
core   0: 0x80006afc (0x7268a237) lui     tp, 0x7268a
core   0: 3 0x80006afc (0x7268a237) x 4 0x7268a000
core   0: 0x80006b00 (0x0099dfb3) srl     t6, s3, s1
core   0: 3 0x80006b00 (0x0099dfb3) x31 0x00000000
core   0: 0x80006b04 (0x022e6233) rem     tp, t3, sp
core   0: 3 0x80006b04 (0x022e6233) x 4 0x00000000
core   0: 0x80006b08 (0x00035b93) srli    s7, t1, 0
core   0: 3 0x80006b08 (0x00035b93) x23 0x08ea4000
core   0: 0x80006b0c (0x02e30ab3) mul     s5, t1, a4
core   0: 3 0x80006b0c (0x02e30ab3) x21 0x30f54000
core   0: 0x80006b10 (0x00b39233) sll     tp, t2, a1
core   0: 3 0x80006b10 (0x00b39233) x 4 0x00188440
core   0: 0x80006b14 (0x00a89313) slli    t1, a7, 10
core   0: 3 0x80006b14 (0x00a89313) x 6 0x00119c00
core   0: 0x80006b18 (0x00000013) nop
core   0: 3 0x80006b18 (0x00000013)
core   0: 0x80006b1c (0x01c63ab3) sltu    s5, a2, t3
core   0: 3 0x80006b1c (0x01c63ab3) x21 0x00000000
core   0: 0x80006b20 (0x00184033) xor     zero, a6, ra
core   0: 3 0x80006b20 (0x00184033)
core   0: 0x80006b24 (0x00ab88b3) add     a7, s7, a0
core   0: 3 0x80006b24 (0x00ab88b3) x17 0x08ea4001
core   0: 0x80006b28 (0x55bc7717) auipc   a4, 0x55bc7
core   0: 3 0x80006b28 (0x55bc7717) x14 0xd5bcdb28
core   0: 0x80006b2c (0x03a00ab3) mul     s5, zero, s10
core   0: 3 0x80006b2c (0x03a00ab3) x21 0x00000000
core   0: 0x80006b30 (0x01f81833) sll     a6, a6, t6
core   0: 3 0x80006b30 (0x01f81833) x16 0x00000000
core   0: 0x80006b34 (0x00cd5c13) srli    s8, s10, 12
core   0: 3 0x80006b34 (0x00cd5c13) x24 0x00001ce9
core   0: 0x80006b38 (0x01aa1b33) sll     s6, s4, s10
core   0: 3 0x80006b38 (0x01aa1b33) x22 0x018ce400
core   0: 0x80006b3c (0x01ff1d93) slli    s11, t5, 31
core   0: 3 0x80006b3c (0x01ff1d93) x27 0x00000000
core   0: 0x80006b40 (0x02b85933) divu    s2, a6, a1
core   0: 3 0x80006b40 (0x02b85933) x18 0x00000000
core   0: 0x80006b44 (0x01633eb3) sltu    t4, t1, s6
core   0: 3 0x80006b44 (0x01633eb3) x29 0x00000001
core   0: 0x80006b48 (0x6fc5ff13) andi    t5, a1, 1788
core   0: 3 0x80006b48 (0x6fc5ff13) x30 0x000002e4
core   0: 0x80006b4c (0x40e05533) sra     a0, zero, a4
core   0: 3 0x80006b4c (0x40e05533) x10 0x00000000
core   0: 0x80006b50 (0x012d9cb3) sll     s9, s11, s2
core   0: 3 0x80006b50 (0x012d9cb3) x25 0x00000000
core   0: 0x80006b54 (0x023935b3) mulhu   a1, s2, gp
core   0: 3 0x80006b54 (0x023935b3) x11 0x00000000
core   0: 0x80006b58 (0x021df033) remu    zero, s11, ra
core   0: 3 0x80006b58 (0x021df033)
core   0: 0x80006b5c (0x403b5c13) srai    s8, s6, 3
core   0: 3 0x80006b5c (0x403b5c13) x24 0x00319c80
core   0: 0x80006b60 (0x002c1f13) slli    t5, s8, 2
core   0: 3 0x80006b60 (0x002c1f13) x30 0x00c67200
core   0: 0x80006b64 (0x03143733) mulhu   a4, s0, a7
core   0: 3 0x80006b64 (0x03143733) x14 0x08e135a4
core   0: 0x80006b68 (0x4119ac13) slti    s8, s3, 1041
core   0: 3 0x80006b68 (0x4119ac13) x24 0x00000001
core   0: 0x80006b6c (0x00438db3) add     s11, t2, tp
core   0: 3 0x80006b6c (0x00438db3) x27 0x801a0c84
core   0: 0x80006b70 (0x02433413) sltiu   s0, t1, 36
core   0: 3 0x80006b70 (0x02433413) x 8 0x00000000
core   0: 0x80006b74 (0x03091633) mulh    a2, s2, a6
core   0: 3 0x80006b74 (0x03091633) x12 0x00000000
core   0: 0x80006b78 (0x0193eab3) or      s5, t2, s9
core   0: 3 0x80006b78 (0x0193eab3) x21 0x80018844
core   0: 0x80006b7c (0x034cc4b3) div     s1, s9, s4
core   0: 3 0x80006b7c (0x034cc4b3) x 9 0x00000000
core   0: 0x80006b80 (0x02a50db3) mul     s11, a0, a0
core   0: 3 0x80006b80 (0x02a50db3) x27 0x00000000
core   0: 0x80006b84 (0x41f5d093) srai    ra, a1, 31
core   0: 3 0x80006b84 (0x41f5d093) x 1 0x00000000
core   0: 0x80006b88 (0x05bfde97) auipc   t4, 0x5bfd
core   0: 3 0x80006b88 (0x05bfde97) x29 0x85c03b88
core   0: 0x80006b8c (0x02877db3) remu    s11, a4, s0
core   0: 3 0x80006b8c (0x02877db3) x27 0x08e135a4
core   0: 0x80006b90 (0x0342d0b3) divu    ra, t0, s4
core   0: 3 0x80006b90 (0x0342d0b3) x 1 0x00000000
core   0: 0x80006b94 (0x41d7d213) srai    tp, a5, 29
core   0: 3 0x80006b94 (0x41d7d213) x 4 0x00000000
core   0: 0x80006b98 (0x035d9633) mulh    a2, s11, s5
core   0: 3 0x80006b98 (0x035d9633) x12 0xfb8f72c9
core   0: 0x80006b9c (0x00a1a7b3) slt     a5, gp, a0
core   0: 3 0x80006b9c (0x00a1a7b3) x15 0x00000000
core   0: 0x80006ba0 (0x016e6233) or      tp, t3, s6
core   0: 3 0x80006ba0 (0x016e6233) x 4 0x018ce400
core   0: 0x80006ba4 (0x00000013) nop
core   0: 3 0x80006ba4 (0x00000013)
core   0: 0x80006ba8 (0x01f7ad33) slt     s10, a5, t6
core   0: 3 0x80006ba8 (0x01f7ad33) x26 0x00000000
core   0: 0x80006bac (0xea013793) sltiu   a5, sp, -352
core   0: 3 0x80006bac (0xea013793) x15 0x00000001
core   0: 0x80006bb0 (0x03827ab3) remu    s5, tp, s8
core   0: 3 0x80006bb0 (0x03827ab3) x21 0x00000000
core   0: 0x80006bb4 (0x405a0c33) sub     s8, s4, t0
core   0: 3 0x80006bb4 (0x405a0c33) x24 0x00003e80
core   0: 0x80006bb8 (0xe8bafe93) andi    t4, s5, -373
core   0: 3 0x80006bb8 (0xe8bafe93) x29 0x00000000
core   0: 0x80006bbc (0x02d83233) mulhu   tp, a6, a3
core   0: 3 0x80006bbc (0x02d83233) x 4 0x00000000
core   0: 0x80006bc0 (0x8e230013) addi    zero, t1, -1822
core   0: 3 0x80006bc0 (0x8e230013)
core   0: 0x80006bc4 (0x02c61033) mulh    zero, a2, a2
core   0: 3 0x80006bc4 (0x02c61033)
core   0: 0x80006bc8 (0x032f6cb3) rem     s9, t5, s2
core   0: 3 0x80006bc8 (0x032f6cb3) x25 0x00c67200
core   0: 0x80006bcc (0x022237b3) mulhu   a5, tp, sp
core   0: 3 0x80006bcc (0x022237b3) x15 0x00000000
core   0: 0x80006bd0 (0x6953a217) auipc   tp, 0x6953a
core   0: 3 0x80006bd0 (0x6953a217) x 4 0xe9540bd0
core   0: 0x80006bd4 (0x030fabb3) mulhsu  s7, t6, a6
core   0: 3 0x80006bd4 (0x030fabb3) x23 0x00000000
core   0: 0x80006bd8 (0x00334933) xor     s2, t1, gp
core   0: 3 0x80006bd8 (0x00334933) x18 0x7e23691c
core   0: 0x80006bdc (0x031d2ab3) mulhsu  s5, s10, a7
core   0: 3 0x80006bdc (0x031d2ab3) x21 0x00000000
core   0: 0x80006be0 (0x015edc33) srl     s8, t4, s5
core   0: 3 0x80006be0 (0x015edc33) x24 0x00000000
core   0: 0x80006be4 (0x0147e733) or      a4, a5, s4
core   0: 3 0x80006be4 (0x0147e733) x14 0x80018ce4
core   0: 0x80006be8 (0xee522993) slti    s3, tp, -283
core   0: 3 0x80006be8 (0xee522993) x19 0x00000001
core   0: 0x80006bec (0x00e41b33) sll     s6, s0, a4
core   0: 3 0x80006bec (0x00e41b33) x22 0x00000000
core   0: 0x80006bf0 (0xfd47f313) andi    t1, a5, -44
core   0: 3 0x80006bf0 (0xfd47f313) x 6 0x00000000
core   0: 0x80006bf4 (0x00000013) nop
core   0: 3 0x80006bf4 (0x00000013)
core   0: 0x80006bf8 (0x00c91133) sll     sp, s2, a2
core   0: 3 0x80006bf8 (0x00c91133) x 2 0x46d23800
core   0: 0x80006bfc (0x82e44093) xori    ra, s0, -2002
core   0: 3 0x80006bfc (0x82e44093) x 1 0xfffff82e
core   0: 0x80006c00 (0x02fbed33) rem     s10, s7, a5
core   0: 3 0x80006c00 (0x02fbed33) x26 0x00000000
core   0: 0x80006c04 (0x4154dbb3) sra     s7, s1, s5
core   0: 3 0x80006c04 (0x4154dbb3) x23 0x00000000
core   0: 0x80006c08 (0xd1457113) andi    sp, a0, -748
core   0: 3 0x80006c08 (0xd1457113) x 2 0x00000000
core   0: 0x80006c0c (0x00ead8b3) srl     a7, s5, a4
core   0: 3 0x80006c0c (0x00ead8b3) x17 0x00000000
core   0: 0x80006c10 (0x41abde93) srai    t4, s7, 26
core   0: 3 0x80006c10 (0x41abde93) x29 0x00000000
core   0: 0x80006c14 (0x01e7b733) sltu    a4, a5, t5
core   0: 3 0x80006c14 (0x01e7b733) x14 0x00000001
core   0: 0x80006c18 (0x015ee8b3) or      a7, t4, s5
core   0: 3 0x80006c18 (0x015ee8b3) x17 0x00000000
core   0: 0x80006c1c (0x03a22e33) mulhsu  t3, tp, s10
core   0: 3 0x80006c1c (0x03a22e33) x28 0x00000000
core   0: 0x80006c20 (0x028b8fb3) mul     t6, s7, s0
core   0: 3 0x80006c20 (0x028b8fb3) x31 0x00000000
core   0: 0x80006c24 (0x02047133) remu    sp, s0, zero
core   0: 3 0x80006c24 (0x02047133) x 2 0x00000000
core   0: 0x80006c28 (0x03d847b3) div     a5, a6, t4
core   0: 3 0x80006c28 (0x03d847b3) x15 0xffffffff
core   0: 0x80006c2c (0x024aab33) mulhsu  s6, s5, tp
core   0: 3 0x80006c2c (0x024aab33) x22 0x00000000
core   0: 0x80006c30 (0x01bdda93) srli    s5, s11, 27
core   0: 3 0x80006c30 (0x01bdda93) x21 0x00000001
core   0: 0x80006c34 (0x0396ee33) rem     t3, a3, s9
core   0: 3 0x80006c34 (0x0396ee33) x28 0xff70708e
core   0: 0x80006c38 (0x00000013) nop
core   0: 3 0x80006c38 (0x00000013)
core   0: 0x80006c3c (0x012b0833) add     a6, s6, s2
core   0: 3 0x80006c3c (0x012b0833) x16 0x7e23691c
core   0: 0x80006c40 (0xe419b213) sltiu   tp, s3, -447
core   0: 3 0x80006c40 (0xe419b213) x 4 0x00000001
core   0: 0x80006c44 (0x014f2db3) slt     s11, t5, s4
core   0: 3 0x80006c44 (0x014f2db3) x27 0x00000000
core   0: 0x80006c48 (0x03bc1733) mulh    a4, s8, s11
core   0: 3 0x80006c48 (0x03bc1733) x14 0x00000000
core   0: 0x80006c4c (0xb782e593) ori     a1, t0, -1160
core   0: 3 0x80006c4c (0xb782e593) x11 0xffffff7c
core   0: 0x80006c50 (0x0016c633) xor     a2, a3, ra
core   0: 3 0x80006c50 (0x0016c633) x12 0x40e682a0
core   0: 0x80006c54 (0x016dde33) srl     t3, s11, s6
core   0: 3 0x80006c54 (0x016dde33) x28 0x00000000
core   0: 0x80006c58 (0x4158dd13) srai    s10, a7, 21
core   0: 3 0x80006c58 (0x4158dd13) x26 0x00000000
core   0: 0x80006c5c (0x01a147b3) xor     a5, sp, s10
core   0: 3 0x80006c5c (0x01a147b3) x15 0x00000000
core   0: 0x80006c60 (0x00503f33) snez    t5, t0
core   0: 3 0x80006c60 (0x00503f33) x30 0x00000001
core   0: 0x80006c64 (0xd16bee93) ori     t4, s7, -746
core   0: 3 0x80006c64 (0xd16bee93) x29 0xfffffd16
core   0: 0x80006c68 (0x00091533) sll     a0, s2, zero
core   0: 3 0x80006c68 (0x00091533) x10 0x7e23691c
core   0: 0x80006c6c (0x0ca84793) xori    a5, a6, 202
core   0: 3 0x80006c6c (0x0ca84793) x15 0x7e2369d6
core   0: 0x80006c70 (0x0231aeb3) mulhsu  t4, gp, gp
core   0: 3 0x80006c70 (0x0231aeb3) x29 0x3e36336c
core   0: 0x80006c74 (0xbf4d8d93) addi    s11, s11, -1036
core   0: 3 0x80006c74 (0xbf4d8d93) x27 0xfffffbf4
core   0: 0x80006c78 (0x006501b3) add     gp, a0, t1
core   0: 3 0x80006c78 (0x006501b3) x 3 0x7e23691c
core   0: 0x80006c7c (0x032bceb3) div     t4, s7, s2
core   0: 3 0x80006c7c (0x032bceb3) x29 0x00000000
core   0: 0x80006c80 (0x0251db33) divu    s6, gp, t0
core   0: 3 0x80006c80 (0x0251db33) x22 0x00000000
core   0: 0x80006c84 (0x02966033) rem     zero, a2, s1
core   0: 3 0x80006c84 (0x02966033)
core   0: 0x80006c88 (0x02e988b3) mul     a7, s3, a4
core   0: 3 0x80006c88 (0x02e988b3) x17 0x00000000
core   0: 0x80006c8c (0xb7f44f13) xori    t5, s0, -1153
core   0: 3 0x80006c8c (0xb7f44f13) x30 0xfffffb7f
core   0: 0x80006c90 (0x01538db3) add     s11, t2, s5
core   0: 3 0x80006c90 (0x01538db3) x27 0x80018845
core   0: 0x80006c94 (0x032655b3) divu    a1, a2, s2
core   0: 3 0x80006c94 (0x032655b3) x11 0x00000000
core   0: 0x80006c98 (0x410d0033) sub     zero, s10, a6
core   0: 3 0x80006c98 (0x410d0033)
core   0: 0x80006c9c (0xb28fc313) xori    t1, t6, -1240
core   0: 3 0x80006c9c (0xb28fc313) x 6 0xfffffb28
core   0: 0x80006ca0 (0x00bb71b3) and     gp, s6, a1
core   0: 3 0x80006ca0 (0x00bb71b3) x 3 0x00000000
core   0: 0x80006ca4 (0x03919fb3) mulh    t6, gp, s9
core   0: 3 0x80006ca4 (0x03919fb3) x31 0x00000000
core   0: 0x80006ca8 (0x00000013) nop
core   0: 3 0x80006ca8 (0x00000013)
core   0: 0x80006cac (0x01a84933) xor     s2, a6, s10
core   0: 3 0x80006cac (0x01a84933) x18 0x7e23691c
core   0: 0x80006cb0 (0x033f2b33) mulhsu  s6, t5, s3
core   0: 3 0x80006cb0 (0x033f2b33) x22 0xffffffff
core   0: 0x80006cb4 (0xab1e4913) xori    s2, t3, -1359
core   0: 3 0x80006cb4 (0xab1e4913) x18 0xfffffab1
core   0: 0x80006cb8 (0x00141c13) slli    s8, s0, 1
core   0: 3 0x80006cb8 (0x00141c13) x24 0x00000000
core   0: 0x80006cbc (0x030c0233) mul     tp, s8, a6
core   0: 3 0x80006cbc (0x030c0233) x 4 0x00000000
core   0: 0x80006cc0 (0x563e8c93) addi    s9, t4, 1379
core   0: 3 0x80006cc0 (0x563e8c93) x25 0x00000563
core   0: 0x80006cc4 (0x41d6d233) sra     tp, a3, t4
core   0: 3 0x80006cc4 (0x41d6d233) x 4 0xbf197a8e
core   0: 0x80006cc8 (0x00000013) nop
core   0: 3 0x80006cc8 (0x00000013)
core   0: 0x80006ccc (0x00059f93) slli    t6, a1, 0
core   0: 3 0x80006ccc (0x00059f93) x31 0x00000000
core   0: 0x80006cd0 (0x020cb0b3) mulhu   ra, s9, zero
core   0: 3 0x80006cd0 (0x020cb0b3) x 1 0x00000000
core   0: 0x80006cd4 (0x003dab33) slt     s6, s11, gp
core   0: 3 0x80006cd4 (0x003dab33) x22 0x00000001
core   0: 0x80006cd8 (0x010479b3) and     s3, s0, a6
core   0: 3 0x80006cd8 (0x010479b3) x19 0x00000000
core   0: 0x80006cdc (0x6b73e437) lui     s0, 0x6b73e
core   0: 3 0x80006cdc (0x6b73e437) x 8 0x6b73e000
core   0: 0x80006ce0 (0x4155db13) srai    s6, a1, 21
core   0: 3 0x80006ce0 (0x4155db13) x22 0x00000000
core   0: 0x80006ce4 (0x012df333) and     t1, s11, s2
core   0: 3 0x80006ce4 (0x012df333) x 6 0x80018801
core   0: 0x80006ce8 (0x023ec833) div     a6, t4, gp
core   0: 3 0x80006ce8 (0x023ec833) x16 0xffffffff
core   0: 0x80006cec (0x03023633) mulhu   a2, tp, a6
core   0: 3 0x80006cec (0x03023633) x12 0xbf197a8d
core   0: 0x80006cf0 (0xb3574c93) xori    s9, a4, -1227
core   0: 3 0x80006cf0 (0xb3574c93) x25 0xfffffb35
core   0: 0x80006cf4 (0x0109f633) and     a2, s3, a6
core   0: 3 0x80006cf4 (0x0109f633) x12 0x00000000
core   0: 0x80006cf8 (0x4084d493) srai    s1, s1, 8
core   0: 3 0x80006cf8 (0x4084d493) x 9 0x00000000
core   0: 0x80006cfc (0x03bbb8b3) mulhu   a7, s7, s11
core   0: 3 0x80006cfc (0x03bbb8b3) x17 0x00000000
core   0: 0x80006d00 (0x03527633) remu    a2, tp, s5
core   0: 3 0x80006d00 (0x03527633) x12 0x00000000
core   0: 0x80006d04 (0x0315c433) div     s0, a1, a7
core   0: 3 0x80006d04 (0x0315c433) x 8 0xffffffff
core   0: 0x80006d08 (0x017c5b33) srl     s6, s8, s7
core   0: 3 0x80006d08 (0x017c5b33) x22 0x00000000
core   0: 0x80006d0c (0x022ac8b3) div     a7, s5, sp
core   0: 3 0x80006d0c (0x022ac8b3) x17 0xffffffff
core   0: 0x80006d10 (0x505a4493) xori    s1, s4, 1285
core   0: 3 0x80006d10 (0x505a4493) x 9 0x800189e1
core   0: 0x80006d14 (0x03a09733) mulh    a4, ra, s10
core   0: 3 0x80006d14 (0x03a09733) x14 0x00000000
core   0: 0x80006d18 (0xca1bc497) auipc   s1, 0xca1bc
core   0: 3 0x80006d18 (0xca1bc497) x 9 0x4a1c2d18
core   0: 0x80006d1c (0x033f4d33) div     s10, t5, s3
core   0: 3 0x80006d1c (0x033f4d33) x26 0xffffffff
core   0: 0x80006d20 (0x030e93b3) mulh    t2, t4, a6
core   0: 3 0x80006d20 (0x030e93b3) x 7 0x00000000
core   0: 0x80006d24 (0x013cd4b3) srl     s1, s9, s3
core   0: 3 0x80006d24 (0x013cd4b3) x 9 0xfffffb35
core   0: 0x80006d28 (0x035cb9b3) mulhu   s3, s9, s5
core   0: 3 0x80006d28 (0x035cb9b3) x19 0x00000000
core   0: 0x80006d2c (0x02bd7233) remu    tp, s10, a1
core   0: 3 0x80006d2c (0x02bd7233) x 4 0xffffffff
core   0: 0x80006d30 (0x00000013) nop
core   0: 3 0x80006d30 (0x00000013)
core   0: 0x80006d34 (0x0280c1b3) div     gp, ra, s0
core   0: 3 0x80006d34 (0x0280c1b3) x 3 0x00000000
core   0: 0x80006d38 (0x03eb4433) div     s0, s6, t5
core   0: 3 0x80006d38 (0x03eb4433) x 8 0x00000000
core   0: 0x80006d3c (0x0186d893) srli    a7, a3, 24
core   0: 3 0x80006d3c (0x0186d893) x17 0x000000bf
core   0: 0x80006d40 (0x00844c33) xor     s8, s0, s0
core   0: 3 0x80006d40 (0x00844c33) x24 0x00000000
core   0: 0x80006d44 (0x71e10b13) addi    s6, sp, 1822
core   0: 3 0x80006d44 (0x71e10b13) x22 0x0000071e
core   0: 0x80006d48 (0x91666193) ori     gp, a2, -1770
core   0: 3 0x80006d48 (0x91666193) x 3 0xfffff916
core   0: 0x80006d4c (0x003207b3) add     a5, tp, gp
core   0: 3 0x80006d4c (0x003207b3) x15 0xfffff915
core   0: 0x80006d50 (0x010d9c93) slli    s9, s11, 16
core   0: 3 0x80006d50 (0x010d9c93) x25 0x88450000
core   0: 0x80006d54 (0x00edd793) srli    a5, s11, 14
core   0: 3 0x80006d54 (0x00edd793) x15 0x00020006
core   0: 0x80006d58 (0x017fc633) xor     a2, t6, s7
core   0: 3 0x80006d58 (0x017fc633) x12 0x00000000
core   0: 0x80006d5c (0x019e5913) srli    s2, t3, 25
core   0: 3 0x80006d5c (0x019e5913) x18 0x00000000
core   0: 0x80006d60 (0x019b9793) slli    a5, s7, 25
core   0: 3 0x80006d60 (0x019b9793) x15 0x00000000
core   0: 0x80006d64 (0x00c8c4b3) xor     s1, a7, a2
core   0: 3 0x80006d64 (0x00c8c4b3) x 9 0x000000bf
core   0: 0x80006d68 (0x01e96733) or      a4, s2, t5
core   0: 3 0x80006d68 (0x01e96733) x14 0xfffffb7f
core   0: 0x80006d6c (0xe85dfd37) lui     s10, 0xe85df
core   0: 3 0x80006d6c (0xe85dfd37) x26 0xe85df000
core   0: 0x80006d70 (0x4119d033) sra     zero, s3, a7
core   0: 3 0x80006d70 (0x4119d033)
core   0: 0x80006d74 (0x01a4b8b3) sltu    a7, s1, s10
core   0: 3 0x80006d74 (0x01a4b8b3) x17 0x00000001
core   0: 0x80006d78 (0x40e65b13) srai    s6, a2, 14
core   0: 3 0x80006d78 (0x40e65b13) x22 0x00000000
core   0: 0x80006d7c (0x006c83b3) add     t2, s9, t1
core   0: 3 0x80006d7c (0x006c83b3) x 7 0x08468801
core   0: 0x80006d80 (0x000d48b3) xor     a7, s10, zero
core   0: 3 0x80006d80 (0x000d48b3) x17 0xe85df000
core   0: 0x80006d84 (0x030ad033) divu    zero, s5, a6
core   0: 3 0x80006d84 (0x030ad033)
core   0: 0x80006d88 (0x00de5ab3) srl     s5, t3, a3
core   0: 3 0x80006d88 (0x00de5ab3) x21 0x00000000
core   0: 0x80006d8c (0x01154fb3) xor     t6, a0, a7
core   0: 3 0x80006d8c (0x01154fb3) x31 0x967e991c
core   0: 0x80006d90 (0x02b904b3) mul     s1, s2, a1
core   0: 3 0x80006d90 (0x02b904b3) x 9 0x00000000
core   0: 0x80006d94 (0x7ac32c93) slti    s9, t1, 1964
core   0: 3 0x80006d94 (0x7ac32c93) x25 0x00000001
core   0: 0x80006d98 (0x33e62837) lui     a6, 0x33e62
core   0: 3 0x80006d98 (0x33e62837) x16 0x33e62000
core   0: 0x80006d9c (0x7985bb13) sltiu   s6, a1, 1944
core   0: 3 0x80006d9c (0x7985bb13) x22 0x00000001
core   0: 0x80006da0 (0x03e4d4b3) divu    s1, s1, t5
core   0: 3 0x80006da0 (0x03e4d4b3) x 9 0x00000000
core   0: 0x80006da4 (0x00b41733) sll     a4, s0, a1
core   0: 3 0x80006da4 (0x00b41733) x14 0x00000000
core   0: 0x80006da8 (0xc1226093) ori     ra, tp, -1006
core   0: 3 0x80006da8 (0xc1226093) x 1 0xffffffff
core   0: 0x80006dac (0x011234b3) sltu    s1, tp, a7
core   0: 3 0x80006dac (0x011234b3) x 9 0x00000000
core   0: 0x80006db0 (0x02e030b3) mulhu   ra, zero, a4
core   0: 3 0x80006db0 (0x02e030b3) x 1 0x00000000
core   0: 0x80006db4 (0x03504eb3) div     t4, zero, s5
core   0: 3 0x80006db4 (0x03504eb3) x29 0xffffffff
core   0: 0x80006db8 (0x01807233) and     tp, zero, s8
core   0: 3 0x80006db8 (0x01807233) x 4 0x00000000
core   0: 0x80006dbc (0x0107f7b3) and     a5, a5, a6
core   0: 3 0x80006dbc (0x0107f7b3) x15 0x00000000
core   0: 0x80006dc0 (0x40eb8033) sub     zero, s7, a4
core   0: 3 0x80006dc0 (0x40eb8033)
core   0: 0x80006dc4 (0xf9f9b413) sltiu   s0, s3, -97
core   0: 3 0x80006dc4 (0xf9f9b413) x 8 0x00000001
core   0: 0x80006dc8 (0xe874a093) slti    ra, s1, -377
core   0: 3 0x80006dc8 (0xe874a093) x 1 0x00000000
core   0: 0x80006dcc (0x00c9d833) srl     a6, s3, a2
core   0: 3 0x80006dcc (0x00c9d833) x16 0x00000000
core   0: 0x80006dd0 (0x712a6493) ori     s1, s4, 1810
core   0: 3 0x80006dd0 (0x712a6493) x 9 0x80018ff6
core   0: 0x80006dd4 (0x409a03b3) sub     t2, s4, s1
core   0: 3 0x80006dd4 (0x409a03b3) x 7 0xfffffcee
core   0: 0x80006dd8 (0x01ef1613) slli    a2, t5, 30
core   0: 3 0x80006dd8 (0x01ef1613) x12 0xc0000000
core   0: 0x80006ddc (0x84ea0113) addi    sp, s4, -1970
core   0: 3 0x80006ddc (0x84ea0113) x 2 0x80018532
core   0: 0x80006de0 (0x00000013) nop
core   0: 3 0x80006de0 (0x00000013)
core   0: 0x80006de4 (0x01e255b3) srl     a1, tp, t5
core   0: 3 0x80006de4 (0x01e255b3) x11 0x00000000
core   0: 0x80006de8 (0xcccade97) auipc   t4, 0xcccad
core   0: 3 0x80006de8 (0xcccade97) x29 0x4ccb3de8
core   0: 0x80006dec (0x03ffcab3) div     s5, t6, t6
core   0: 3 0x80006dec (0x03ffcab3) x21 0x00000001
core   0: 0x80006df0 (0x41d9dbb3) sra     s7, s3, t4
core   0: 3 0x80006df0 (0x41d9dbb3) x23 0x00000000
core   0: 0x80006df4 (0x0124e433) or      s0, s1, s2
core   0: 3 0x80006df4 (0x0124e433) x 8 0x80018ff6
core   0: 0x80006df8 (0x012a67b3) or      a5, s4, s2
core   0: 3 0x80006df8 (0x012a67b3) x15 0x80018ce4
core   0: 0x80006dfc (0x010dadb3) slt     s11, s11, a6
core   0: 3 0x80006dfc (0x010dadb3) x27 0x00000001
core   0: 0x80006e00 (0x40428133) sub     sp, t0, tp
core   0: 3 0x80006e00 (0x40428133) x 2 0x80014e64
core   0: 0x80006e04 (0x71383093) sltiu   ra, a6, 1811
core   0: 3 0x80006e04 (0x71383093) x 1 0x00000001
core   0: 0x80006e08 (0x02acfb33) remu    s6, s9, a0
core   0: 3 0x80006e08 (0x02acfb33) x22 0x00000001
core   0: 0x80006e0c (0x0192f833) and     a6, t0, s9
core   0: 3 0x80006e0c (0x0192f833) x16 0x00000000
core   0: 0x80006e10 (0x022fc933) div     s2, t6, sp
core   0: 3 0x80006e10 (0x022fc933) x18 0x00000000
core   0: 0x80006e14 (0x00cd7633) and     a2, s10, a2
core   0: 3 0x80006e14 (0x00cd7633) x12 0xc0000000
core   0: 0x80006e18 (0x41428d33) sub     s10, t0, s4
core   0: 3 0x80006e18 (0x41428d33) x26 0xffffc180
core   0: 0x80006e1c (0x03084233) div     tp, a6, a6
core   0: 3 0x80006e1c (0x03084233) x 4 0xffffffff
core   0: 0x80006e20 (0x03586433) rem     s0, a6, s5
core   0: 3 0x80006e20 (0x03586433) x 8 0x00000000
core   0: 0x80006e24 (0x03efe033) rem     zero, t6, t5
core   0: 3 0x80006e24 (0x03efe033)
core   0: 0x80006e28 (0x00000013) nop
core   0: 3 0x80006e28 (0x00000013)
core   0: 0x80006e2c (0x009a6ab3) or      s5, s4, s1
core   0: 3 0x80006e2c (0x009a6ab3) x21 0x80018ff6
core   0: 0x80006e30 (0x0141a833) slt     a6, gp, s4
core   0: 3 0x80006e30 (0x0141a833) x16 0x00000000
core   0: 0x80006e34 (0xc42b5b37) lui     s6, 0xc42b5
core   0: 3 0x80006e34 (0xc42b5b37) x22 0xc42b5000
core   0: 0x80006e38 (0x02347e33) remu    t3, s0, gp
core   0: 3 0x80006e38 (0x02347e33) x28 0x00000000
core   0: 0x80006e3c (0x01fc6d33) or      s10, s8, t6
core   0: 3 0x80006e3c (0x01fc6d33) x26 0x967e991c
core   0: 0x80006e40 (0x02630c33) mul     s8, t1, t1
core   0: 3 0x80006e40 (0x02630c33) x24 0x58431001
core   0: 0x80006e44 (0xd71a1bb7) lui     s7, 0xd71a1
core   0: 3 0x80006e44 (0xd71a1bb7) x23 0xd71a1000
core   0: 0x80006e48 (0x02e54233) div     tp, a0, a4
core   0: 3 0x80006e48 (0x02e54233) x 4 0xffffffff
core   0: 0x80006e4c (0x032cfdb3) remu    s11, s9, s2
core   0: 3 0x80006e4c (0x032cfdb3) x27 0x00000001
core   0: 0x80006e50 (0x9c39fc13) andi    s8, s3, -1597
core   0: 3 0x80006e50 (0x9c39fc13) x24 0x00000000
core   0: 0x80006e54 (0x02a93bb3) mulhu   s7, s2, a0
core   0: 3 0x80006e54 (0x02a93bb3) x23 0x00000000
core   0: 0x80006e58 (0x00bb9b33) sll     s6, s7, a1
core   0: 3 0x80006e58 (0x00bb9b33) x22 0x00000000
core   0: 0x80006e5c (0x01164433) xor     s0, a2, a7
core   0: 3 0x80006e5c (0x01164433) x 8 0x285df000
core   0: 0x80006e60 (0x28433413) sltiu   s0, t1, 644
core   0: 3 0x80006e60 (0x28433413) x 8 0x00000000
core   0: 0x80006e64 (0x0241ad33) mulhsu  s10, gp, tp
core   0: 3 0x80006e64 (0x0241ad33) x26 0xfffff916
core   0: 0x80006e68 (0x38b0ac13) slti    s8, ra, 907
core   0: 3 0x80006e68 (0x38b0ac13) x24 0x00000001
core   0: 0x80006e6c (0xae628393) addi    t2, t0, -1306
core   0: 3 0x80006e6c (0xae628393) x 7 0x8001494a
core   0: 0x80006e70 (0x009a9233) sll     tp, s5, s1
core   0: 3 0x80006e70 (0x009a9233) x 4 0xfd800000
core   0: 0x80006e74 (0x00bde133) or      sp, s11, a1
core   0: 3 0x80006e74 (0x00bde133) x 2 0x00000001
core   0: 0x80006e78 (0x00544333) xor     t1, s0, t0
core   0: 3 0x80006e78 (0x00544333) x 6 0x80014e64
core   0: 0x80006e7c (0x521f2b93) slti    s7, t5, 1313
core   0: 3 0x80006e7c (0x521f2b93) x23 0x00000001
core   0: 0x80006e80 (0x035b0233) mul     tp, s6, s5
core   0: 3 0x80006e80 (0x035b0233) x 4 0x00000000
core   0: 0x80006e84 (0x001e57b3) srl     a5, t3, ra
core   0: 3 0x80006e84 (0x001e57b3) x15 0x00000000
core   0: 0x80006e88 (0x405bddb3) sra     s11, s7, t0
core   0: 3 0x80006e88 (0x405bddb3) x27 0x00000000
core   0: 0x80006e8c (0x01fe3833) sltu    a6, t3, t6
core   0: 3 0x80006e8c (0x01fe3833) x16 0x00000001
core   0: 0x80006e90 (0x010ca933) slt     s2, s9, a6
core   0: 3 0x80006e90 (0x010ca933) x18 0x00000000
core   0: 0x80006e94 (0x00205833) srl     a6, zero, sp
core   0: 3 0x80006e94 (0x00205833) x16 0x00000000
core   0: 0x80006e98 (0x00071933) sll     s2, a4, zero
core   0: 3 0x80006e98 (0x00071933) x18 0x00000000
core   0: 0x80006e9c (0x00c23333) sltu    t1, tp, a2
core   0: 3 0x80006e9c (0x00c23333) x 6 0x00000001
core   0: 0x80006ea0 (0x00d59e13) slli    t3, a1, 13
core   0: 3 0x80006ea0 (0x00d59e13) x28 0x00000000
core   0: 0x80006ea4 (0x017ebcb3) sltu    s9, t4, s7
core   0: 3 0x80006ea4 (0x017ebcb3) x25 0x00000000
core   0: 0x80006ea8 (0x03775cb3) divu    s9, a4, s7
core   0: 3 0x80006ea8 (0x03775cb3) x25 0x00000000
core   0: 0x80006eac (0x00758933) add     s2, a1, t2
core   0: 3 0x80006eac (0x00758933) x18 0x8001494a
core   0: 0x80006eb0 (0x00409193) slli    gp, ra, 4
core   0: 3 0x80006eb0 (0x00409193) x 3 0x00000010
core   0: 0x80006eb4 (0x20bcbb17) auipc   s6, 0x20bcb
core   0: 3 0x80006eb4 (0x20bcbb17) x22 0xa0bd1eb4
core   0: 0x80006eb8 (0x0247e133) rem     sp, a5, tp
core   0: 3 0x80006eb8 (0x0247e133) x 2 0x00000000
core   0: 0x80006ebc (0xee708013) addi    zero, ra, -281
core   0: 3 0x80006ebc (0xee708013)
core   0: 0x80006ec0 (0x41635393) srai    t2, t1, 22
core   0: 3 0x80006ec0 (0x41635393) x 7 0x00000000
core   0: 0x80006ec4 (0x35437b13) andi    s6, t1, 852
core   0: 3 0x80006ec4 (0x35437b13) x22 0x00000000
core   0: 0x80006ec8 (0x02a5c3b3) div     t2, a1, a0
core   0: 3 0x80006ec8 (0x02a5c3b3) x 7 0x00000000
core   0: 0x80006ecc (0x037127b3) mulhsu  a5, sp, s7
core   0: 3 0x80006ecc (0x037127b3) x15 0x00000000
core   0: 0x80006ed0 (0x00085ab3) srl     s5, a6, zero
core   0: 3 0x80006ed0 (0x00085ab3) x21 0x00000000
core   0: 0x80006ed4 (0x019da133) slt     sp, s11, s9
core   0: 3 0x80006ed4 (0x019da133) x 2 0x00000000
core   0: 0x80006ed8 (0x007a1493) slli    s1, s4, 7
core   0: 3 0x80006ed8 (0x007a1493) x 9 0x00c67200
core   0: 0x80006edc (0x41468233) sub     tp, a3, s4
core   0: 3 0x80006edc (0x41468233) x 4 0x3f17edaa
core   0: 0x80006ee0 (0xc1b20e13) addi    t3, tp, -997
core   0: 3 0x80006ee0 (0xc1b20e13) x28 0x3f17e9c5
core   0: 0x80006ee4 (0x6b4e8193) addi    gp, t4, 1716
core   0: 3 0x80006ee4 (0x6b4e8193) x 3 0x4ccb449c
core   0: 0x80006ee8 (0x013a8cb3) add     s9, s5, s3
core   0: 3 0x80006ee8 (0x013a8cb3) x25 0x00000000
core   0: 0x80006eec (0x03b78833) mul     a6, a5, s11
core   0: 3 0x80006eec (0x03b78833) x16 0x00000000
core   0: 0x80006ef0 (0x9733ce93) xori    t4, t2, -1677
core   0: 3 0x80006ef0 (0x9733ce93) x29 0xfffff973
core   0: 0x80006ef4 (0x0324b433) mulhu   s0, s1, s2
core   0: 3 0x80006ef4 (0x0324b433) x 8 0x006339ff
core   0: 0x80006ef8 (0x00000013) nop
core   0: 3 0x80006ef8 (0x00000013)
core   0: 0x80006efc (0x3895b113) sltiu   sp, a1, 905
core   0: 3 0x80006efc (0x3895b113) x 2 0x00000001
core   0: 0x80006f00 (0x0386bab3) mulhu   s5, a3, s8
core   0: 3 0x80006f00 (0x0386bab3) x21 0x00000000
core   0: 0x80006f04 (0x00000013) nop
core   0: 3 0x80006f04 (0x00000013)
core   0: 0x80006f08 (0x400e89b3) sub     s3, t4, zero
core   0: 3 0x80006f08 (0x400e89b3) x19 0xfffff973
core   0: 0x80006f0c (0x000faab3) slt     s5, t6, zero
core   0: 3 0x80006f0c (0x000faab3) x21 0x00000001
core   0: 0x80006f10 (0x28c68a97) auipc   s5, 0x28c68
core   0: 3 0x80006f10 (0x28c68a97) x21 0xa8c6ef10
core   0: 0x80006f14 (0xdc448093) addi    ra, s1, -572
core   0: 3 0x80006f14 (0xdc448093) x 1 0x00c66fc4
core   0: 0x80006f18 (0x03b42933) mulhsu  s2, s0, s11
core   0: 3 0x80006f18 (0x03b42933) x18 0x00000000
core   0: 0x80006f1c (0x025ffdb3) remu    s11, t6, t0
core   0: 3 0x80006f1c (0x025ffdb3) x27 0x167d4ab8
core   0: 0x80006f20 (0x004b9997) auipc   s3, 0x4b9
core   0: 3 0x80006f20 (0x004b9997) x19 0x804bff20
core   0: 0x80006f24 (0x02842eb3) mulhsu  t4, s0, s0
core   0: 3 0x80006f24 (0x02842eb3) x29 0x00002675
core   0: 0x80006f28 (0x410cd713) srai    a4, s9, 16
core   0: 3 0x80006f28 (0x410cd713) x14 0x00000000
core   0: 0x80006f2c (0x8ed9c413) xori    s0, s3, -1811
core   0: 3 0x80006f2c (0x8ed9c413) x 8 0x7fb407cd
core   0: 0x80006f30 (0x419408b3) sub     a7, s0, s9
core   0: 3 0x80006f30 (0x419408b3) x17 0x7fb407cd
core   0: 0x80006f34 (0x63fcc093) xori    ra, s9, 1599
core   0: 3 0x80006f34 (0x63fcc093) x 1 0x0000063f
core   0: 0x80006f38 (0x00000013) nop
core   0: 3 0x80006f38 (0x00000013)
core   0: 0x80006f3c (0x00af3333) sltu    t1, t5, a0
core   0: 3 0x80006f3c (0x00af3333) x 6 0x00000000
core   0: 0x80006f40 (0x26562b93) slti    s7, a2, 613
core   0: 3 0x80006f40 (0x26562b93) x23 0x00000001
core   0: 0x80006f44 (0x021370b3) remu    ra, t1, ra
core   0: 3 0x80006f44 (0x021370b3) x 1 0x00000000
core   0: 0x80006f48 (0x018cfc33) and     s8, s9, s8
core   0: 3 0x80006f48 (0x018cfc33) x24 0x00000000
core   0: 0x80006f4c (0x00a4b9b3) sltu    s3, s1, a0
core   0: 3 0x80006f4c (0x00a4b9b3) x19 0x00000001
core   0: 0x80006f50 (0x0355f8b3) remu    a7, a1, s5
core   0: 3 0x80006f50 (0x0355f8b3) x17 0x00000000
core   0: 0x80006f54 (0x4c214793) xori    a5, sp, 1218
core   0: 3 0x80006f54 (0x4c214793) x15 0x000004c3
core   0: 0x80006f58 (0x40205cb3) sra     s9, zero, sp
core   0: 3 0x80006f58 (0x40205cb3) x25 0x00000000
core   0: 0x80006f5c (0x03ad5033) divu    zero, s10, s10
core   0: 3 0x80006f5c (0x03ad5033)
core   0: 0x80006f60 (0x8bd2cf17) auipc   t5, 0x8bd2c
core   0: 3 0x80006f60 (0x8bd2cf17) x30 0x0bd32f60
core   0: 0x80006f64 (0x00a2d433) srl     s0, t0, a0
core   0: 3 0x80006f64 (0x00a2d433) x 8 0x00000008
core   0: 0x80006f68 (0x01c7aab3) slt     s5, a5, t3
core   0: 3 0x80006f68 (0x01c7aab3) x21 0x00000001
core   0: 0x80006f6c (0x013a2733) slt     a4, s4, s3
core   0: 3 0x80006f6c (0x013a2733) x14 0x00000001
core   0: 0x80006f70 (0x00ebb7b3) sltu    a5, s7, a4
core   0: 3 0x80006f70 (0x00ebb7b3) x15 0x00000000
core   0: 0x80006f74 (0x00b36633) or      a2, t1, a1
core   0: 3 0x80006f74 (0x00b36633) x12 0x00000000
core   0: 0x80006f78 (0x26243313) sltiu   t1, s0, 610
core   0: 3 0x80006f78 (0x26243313) x 6 0x00000001
core   0: 0x80006f7c (0x011ad633) srl     a2, s5, a7
core   0: 3 0x80006f7c (0x011ad633) x12 0x00000001
core   0: 0x80006f80 (0xd6a27f93) andi    t6, tp, -662
core   0: 3 0x80006f80 (0xd6a27f93) x31 0x3f17ed2a
core   0: 0x80006f84 (0xfba661b7) lui     gp, 0xfba66
core   0: 3 0x80006f84 (0xfba661b7) x 3 0xfba66000
core   0: 0x80006f88 (0x0052b233) sltu    tp, t0, t0
core   0: 3 0x80006f88 (0x0052b233) x 4 0x00000000
core   0: 0x80006f8c (0x011e9db3) sll     s11, t4, a7
core   0: 3 0x80006f8c (0x011e9db3) x27 0x00002675
core   0: 0x80006f90 (0x00e1f3b3) and     t2, gp, a4
core   0: 3 0x80006f90 (0x00e1f3b3) x 7 0x00000000
core   0: 0x80006f94 (0x02ef91b3) mulh    gp, t6, a4
core   0: 3 0x80006f94 (0x02ef91b3) x 3 0x00000000
core   0: 0x80006f98 (0x0021ed33) or      s10, gp, sp
core   0: 3 0x80006f98 (0x0021ed33) x26 0x00000001
core   0: 0x80006f9c (0xf1522413) slti    s0, tp, -235
core   0: 3 0x80006f9c (0xf1522413) x 8 0x00000000
core   0: 0x80006fa0 (0xbf68b113) sltiu   sp, a7, -1034
core   0: 3 0x80006fa0 (0xbf68b113) x 2 0x00000001
core   0: 0x80006fa4 (0x03700733) mul     a4, zero, s7
core   0: 3 0x80006fa4 (0x03700733) x14 0x00000000
core   0: 0x80006fa8 (0x8e480513) addi    a0, a6, -1820
core   0: 3 0x80006fa8 (0x8e480513) x10 0xfffff8e4
core   0: 0x80006fac (0x5c440793) addi    a5, s0, 1476
core   0: 3 0x80006fac (0x5c440793) x15 0x000005c4
core   0: 0x80006fb0 (0xab5bbe93) sltiu   t4, s7, -1355
core   0: 3 0x80006fb0 (0xab5bbe93) x29 0x00000001
core   0: 0x80006fb4 (0x53e96b93) ori     s7, s2, 1342
core   0: 3 0x80006fb4 (0x53e96b93) x23 0x0000053e
core   0: 0x80006fb8 (0x02b91133) mulh    sp, s2, a1
core   0: 3 0x80006fb8 (0x02b91133) x 2 0x00000000
core   0: 0x80006fbc (0x00eea633) slt     a2, t4, a4
core   0: 3 0x80006fbc (0x00eea633) x12 0x00000000
core   0: 0x80006fc0 (0x1f2c3c93) sltiu   s9, s8, 498
core   0: 3 0x80006fc0 (0x1f2c3c93) x25 0x00000001
core   0: 0x80006fc4 (0x02a83e33) mulhu   t3, a6, a0
core   0: 3 0x80006fc4 (0x02a83e33) x28 0x00000000
core   0: 0x80006fc8 (0x03424433) div     s0, tp, s4
core   0: 3 0x80006fc8 (0x03424433) x 8 0x00000000
core   0: 0x80006fcc (0x00bcd033) srl     zero, s9, a1
core   0: 3 0x80006fcc (0x00bcd033)
core   0: 0x80006fd0 (0xe8d82913) slti    s2, a6, -371
core   0: 3 0x80006fd0 (0xe8d82913) x18 0x00000000
core   0: 0x80006fd4 (0x034d6eb3) rem     t4, s10, s4
core   0: 3 0x80006fd4 (0x034d6eb3) x29 0x00000001
core   0: 0x80006fd8 (0x40c40bb3) sub     s7, s0, a2
core   0: 3 0x80006fd8 (0x40c40bb3) x23 0x00000000
core   0: 0x80006fdc (0x7b6d3c13) sltiu   s8, s10, 1974
core   0: 3 0x80006fdc (0x7b6d3c13) x24 0x00000001
core   0: 0x80006fe0 (0x2b21c713) xori    a4, gp, 690
core   0: 3 0x80006fe0 (0x2b21c713) x14 0x000002b2
core   0: 0x80006fe4 (0x038f5ab3) divu    s5, t5, s8
core   0: 3 0x80006fe4 (0x038f5ab3) x21 0x0bd32f60
core   0: 0x80006fe8 (0x5f83fa93) andi    s5, t2, 1528
core   0: 3 0x80006fe8 (0x5f83fa93) x21 0x00000000
core   0: 0x80006fec (0x419adb13) srai    s6, s5, 25
core   0: 3 0x80006fec (0x419adb13) x22 0x00000000
core   0: 0x80006ff0 (0x006401b3) add     gp, s0, t1
core   0: 3 0x80006ff0 (0x006401b3) x 3 0x00000001
core   0: 0x80006ff4 (0x0159c4b3) xor     s1, s3, s5
core   0: 3 0x80006ff4 (0x0159c4b3) x 9 0x00000001
core   0: 0x80006ff8 (0x0249e5b3) rem     a1, s3, tp
core   0: 3 0x80006ff8 (0x0249e5b3) x11 0x00000001
core   0: 0x80006ffc (0x40acda93) srai    s5, s9, 10
core   0: 3 0x80006ffc (0x40acda93) x21 0x00000000
core   0: 0x80007000 (0xef22e213) ori     tp, t0, -270
core   0: 3 0x80007000 (0xef22e213) x 4 0xfffffef6
core   0: 0x80007004 (0x8d89c713) xori    a4, s3, -1832
core   0: 3 0x80007004 (0x8d89c713) x14 0xfffff8d9
core   0: 0x80007008 (0x01909833) sll     a6, ra, s9
core   0: 3 0x80007008 (0x01909833) x16 0x00000000
core   0: 0x8000700c (0x03cf37b3) mulhu   a5, t5, t3
core   0: 3 0x8000700c (0x03cf37b3) x15 0x00000000
core   0: 0x80007010 (0x014d3e33) sltu    t3, s10, s4
core   0: 3 0x80007010 (0x014d3e33) x28 0x00000001
core   0: 0x80007014 (0x02be6fb3) rem     t6, t3, a1
core   0: 3 0x80007014 (0x02be6fb3) x31 0x00000000
core   0: 0x80007018 (0x2f6d2393) slti    t2, s10, 758
core   0: 3 0x80007018 (0x2f6d2393) x 7 0x00000001
core   0: 0x8000701c (0x0139c633) xor     a2, s3, s3
core   0: 3 0x8000701c (0x0139c633) x12 0x00000000
core   0: 0x80007020 (0x0349c333) div     t1, s3, s4
core   0: 3 0x80007020 (0x0349c333) x 6 0x00000000
core   0: 0x80007024 (0x004a9e93) slli    t4, s5, 4
core   0: 3 0x80007024 (0x004a9e93) x29 0x00000000
core   0: 0x80007028 (0x41838b33) sub     s6, t2, s8
core   0: 3 0x80007028 (0x41838b33) x22 0x00000000
core   0: 0x8000702c (0x03585833) divu    a6, a6, s5
core   0: 3 0x8000702c (0x03585833) x16 0xffffffff
core   0: 0x80007030 (0x70f7a393) slti    t2, a5, 1807
core   0: 3 0x80007030 (0x70f7a393) x 7 0x00000001
core   0: 0x80007034 (0x013f67b3) or      a5, t5, s3
core   0: 3 0x80007034 (0x013f67b3) x15 0x0bd32f61
core   0: 0x80007038 (0x11a38793) addi    a5, t2, 282
core   0: 3 0x80007038 (0x11a38793) x15 0x0000011b
core   0: 0x8000703c (0x03a17db3) remu    s11, sp, s10
core   0: 3 0x8000703c (0x03a17db3) x27 0x00000000
core   0: 0x80007040 (0x0139f433) and     s0, s3, s3
core   0: 3 0x80007040 (0x0139f433) x 8 0x00000001
core   0: 0x80007044 (0x41098233) sub     tp, s3, a6
core   0: 3 0x80007044 (0x41098233) x 4 0x00000002
core   0: 0x80007048 (0x40dd5f13) srai    t5, s10, 13
core   0: 3 0x80007048 (0x40dd5f13) x30 0x00000000
core   0: 0x8000704c (0x03dab033) mulhu   zero, s5, t4
core   0: 3 0x8000704c (0x03dab033)
core   0: 0x80007050 (0x01a95333) srl     t1, s2, s10
core   0: 3 0x80007050 (0x01a95333) x 6 0x00000000
core   0: 0x80007054 (0x533f0d13) addi    s10, t5, 1331
core   0: 3 0x80007054 (0x533f0d13) x26 0x00000533
core   0: 0x80007058 (0x00f869b3) or      s3, a6, a5
core   0: 3 0x80007058 (0x00f869b3) x19 0xffffffff
core   0: 0x8000705c (0xddf8e893) ori     a7, a7, -545
core   0: 3 0x8000705c (0xddf8e893) x17 0xfffffddf
core   0: 0x80007060 (0x027b0833) mul     a6, s6, t2
core   0: 3 0x80007060 (0x027b0833) x16 0x00000000
core   0: 0x80007064 (0x01bcdd13) srli    s10, s9, 27
core   0: 3 0x80007064 (0x01bcdd13) x26 0x00000000
core   0: 0x80007068 (0x03a51d33) mulh    s10, a0, s10
core   0: 3 0x80007068 (0x03a51d33) x26 0x00000000
core   0: 0x8000706c (0x00bf5213) srli    tp, t5, 11
core   0: 3 0x8000706c (0x00bf5213) x 4 0x00000000
core   0: 0x80007070 (0x017f03b3) add     t2, t5, s7
core   0: 3 0x80007070 (0x017f03b3) x 7 0x00000000
core   0: 0x80007074 (0x00e14633) xor     a2, sp, a4
core   0: 3 0x80007074 (0x00e14633) x12 0xfffff8d9
core   0: 0x80007078 (0x020bf033) remu    zero, s7, zero
core   0: 3 0x80007078 (0x020bf033)
core   0: 0x8000707c (0x02935733) divu    a4, t1, s1
core   0: 3 0x8000707c (0x02935733) x14 0x00000000
core   0: 0x80007080 (0x03987b33) remu    s6, a6, s9
core   0: 3 0x80007080 (0x03987b33) x22 0x00000000
core   0: 0x80007084 (0x00000013) nop
core   0: 3 0x80007084 (0x00000013)
core   0: 0x80007088 (0x0119f833) and     a6, s3, a7
core   0: 3 0x80007088 (0x0119f833) x16 0xfffffddf
core   0: 0x8000708c (0x18cd6413) ori     s0, s10, 396
core   0: 3 0x8000708c (0x18cd6413) x 8 0x0000018c
core   0: 0x80007090 (0x809c4793) xori    a5, s8, -2039
core   0: 3 0x80007090 (0x809c4793) x15 0xfffff808
core   0: 0x80007094 (0x03de39b3) mulhu   s3, t3, t4
core   0: 3 0x80007094 (0x03de39b3) x19 0x00000000
core   0: 0x80007098 (0x4eeca413) slti    s0, s9, 1262
core   0: 3 0x80007098 (0x4eeca413) x 8 0x00000001
core   0: 0x8000709c (0x02aa8e33) mul     t3, s5, a0
core   0: 3 0x8000709c (0x02aa8e33) x28 0x00000000
core   0: 0x800070a0 (0x00e3ee33) or      t3, t2, a4
core   0: 3 0x800070a0 (0x00e3ee33) x28 0x00000000
core   0: 0x800070a4 (0x0304cf33) div     t5, s1, a6
core   0: 3 0x800070a4 (0x0304cf33) x30 0x00000000
core   0: 0x800070a8 (0x01692eb3) slt     t4, s2, s6
core   0: 3 0x800070a8 (0x01692eb3) x29 0x00000000
core   0: 0x800070ac (0x00fb5d33) srl     s10, s6, a5
core   0: 3 0x800070ac (0x00fb5d33) x26 0x00000000
core   0: 0x800070b0 (0x6254a893) slti    a7, s1, 1573
core   0: 3 0x800070b0 (0x6254a893) x17 0x00000001
core   0: 0x800070b4 (0x035ef3b3) remu    t2, t4, s5
core   0: 3 0x800070b4 (0x035ef3b3) x 7 0x00000000
core   0: 0x800070b8 (0x258f4d97) auipc   s11, 0x258f4
core   0: 3 0x800070b8 (0x258f4d97) x27 0xa58fb0b8
core   0: 0x800070bc (0xf7642d93) slti    s11, s0, -138
core   0: 3 0x800070bc (0xf7642d93) x27 0x00000000
core   0: 0x800070c0 (0x50dcb813) sltiu   a6, s9, 1293
core   0: 3 0x800070c0 (0x50dcb813) x16 0x00000001
core   0: 0x800070c4 (0x7769f413) andi    s0, s3, 1910
core   0: 3 0x800070c4 (0x7769f413) x 8 0x00000000
core   0: 0x800070c8 (0x01307ab3) and     s5, zero, s3
core   0: 3 0x800070c8 (0x01307ab3) x21 0x00000000
core   0: 0x800070cc (0x1aa557b7) lui     a5, 0x1aa55
core   0: 3 0x800070cc (0x1aa557b7) x15 0x1aa55000
core   0: 0x800070d0 (0x939a4c93) xori    s9, s4, -1735
core   0: 3 0x800070d0 (0x939a4c93) x25 0x7ffe75dd
core   0: 0x800070d4 (0x0011d813) srli    a6, gp, 1
core   0: 3 0x800070d4 (0x0011d813) x16 0x00000000
core   0: 0x800070d8 (0x6b9cc837) lui     a6, 0x6b9cc
core   0: 3 0x800070d8 (0x6b9cc837) x16 0x6b9cc000
core   0: 0x800070dc (0x4185dcb3) sra     s9, a1, s8
core   0: 3 0x800070dc (0x4185dcb3) x25 0x00000000
core   0: 0x800070e0 (0x00000013) nop
core   0: 3 0x800070e0 (0x00000013)
core   0: 0x800070e4 (0x01f61c93) slli    s9, a2, 31
core   0: 3 0x800070e4 (0x01f61c93) x25 0x80000000
core   0: 0x800070e8 (0x40728eb3) sub     t4, t0, t2
core   0: 3 0x800070e8 (0x40728eb3) x29 0x80014e64
core   0: 0x800070ec (0xbcb565b7) lui     a1, 0xbcb56
core   0: 3 0x800070ec (0xbcb565b7) x11 0xbcb56000
core   0: 0x800070f0 (0x009b25b3) slt     a1, s6, s1
core   0: 3 0x800070f0 (0x009b25b3) x11 0x00000001
core   0: 0x800070f4 (0x00a28733) add     a4, t0, a0
core   0: 3 0x800070f4 (0x00a28733) x14 0x80014748
core   0: 0x800070f8 (0x4198de93) srai    t4, a7, 25
core   0: 3 0x800070f8 (0x4198de93) x29 0x00000000
core   0: 0x800070fc (0x8ca8a593) slti    a1, a7, -1846
core   0: 3 0x800070fc (0x8ca8a593) x11 0x00000000
core   0: 0x80007100 (0x379d8813) addi    a6, s11, 889
core   0: 3 0x80007100 (0x379d8813) x16 0x00000379
core   0: 0x80007104 (0x40970833) sub     a6, a4, s1
core   0: 3 0x80007104 (0x40970833) x16 0x80014747
core   0: 0x80007108 (0x02d74933) div     s2, a4, a3
core   0: 3 0x80007108 (0x02d74933) x18 0x00000001
core   0: 0x8000710c (0x01f02fb3) slt     t6, zero, t6
core   0: 3 0x8000710c (0x01f02fb3) x31 0x00000000
core   0: 0x80007110 (0x78056593) ori     a1, a0, 1920
core   0: 3 0x80007110 (0x78056593) x11 0xffffffe4
core   0: 0x80007114 (0x03bf3633) mulhu   a2, t5, s11
core   0: 3 0x80007114 (0x03bf3633) x12 0x00000000
core   0: 0x80007118 (0x024595b3) mulh    a1, a1, tp
core   0: 3 0x80007118 (0x024595b3) x11 0x00000000
core   0: 0x8000711c (0x02625db3) divu    s11, tp, t1
core   0: 3 0x8000711c (0x02625db3) x27 0xffffffff
core   0: 0x80007120 (0x03af0c33) mul     s8, t5, s10
core   0: 3 0x80007120 (0x03af0c33) x24 0x00000000
core   0: 0x80007124 (0x2324f7b7) lui     a5, 0x2324f
core   0: 3 0x80007124 (0x2324f7b7) x15 0x2324f000
core   0: 0x80007128 (0x02d76fb3) rem     t6, a4, a3
core   0: 3 0x80007128 (0x02d76fb3) x31 0xc0e7ccba
core   0: 0x8000712c (0x021bfd33) remu    s10, s7, ra
core   0: 3 0x8000712c (0x021bfd33) x26 0x00000000
core   0: 0x80007130 (0xc6e7c013) xori    zero, a5, -914
core   0: 3 0x80007130 (0xc6e7c013)
core   0: 0x80007134 (0xb4f3dab7) lui     s5, 0xb4f3d
core   0: 3 0x80007134 (0xb4f3dab7) x21 0xb4f3d000
core   0: 0x80007138 (0x03677433) remu    s0, a4, s6
core   0: 3 0x80007138 (0x03677433) x 8 0x80014748
core   0: 0x8000713c (0x84867b93) andi    s7, a2, -1976
core   0: 3 0x8000713c (0x84867b93) x23 0x00000000
core   0: 0x80007140 (0x003bab93) slti    s7, s7, 3
core   0: 3 0x80007140 (0x003bab93) x23 0x00000001
core   0: 0x80007144 (0x5585f593) andi    a1, a1, 1368
core   0: 3 0x80007144 (0x5585f593) x11 0x00000000
core   0: 0x80007148 (0x02b85cb3) divu    s9, a6, a1
core   0: 3 0x80007148 (0x02b85cb3) x25 0xffffffff
core   0: 0x8000714c (0x00c19493) slli    s1, gp, 12
core   0: 3 0x8000714c (0x00c19493) x 9 0x00001000
core   0: 0x80007150 (0x028f09b3) mul     s3, t5, s0
core   0: 3 0x80007150 (0x028f09b3) x19 0x00000000
core   0: 0x80007154 (0x004fa7b3) slt     a5, t6, tp
core   0: 3 0x80007154 (0x004fa7b3) x15 0x00000001
core   0: 0x80007158 (0x03e8fb33) remu    s6, a7, t5
core   0: 3 0x80007158 (0x03e8fb33) x22 0x00000001
core   0: 0x8000715c (0x00000013) nop
core   0: 3 0x8000715c (0x00000013)
core   0: 0x80007160 (0x02062b33) mulhsu  s6, a2, zero
core   0: 3 0x80007160 (0x02062b33) x22 0x00000000
core   0: 0x80007164 (0x005b9313) slli    t1, s7, 5
core   0: 3 0x80007164 (0x005b9313) x 6 0x00000020
core   0: 0x80007168 (0x03312b33) mulhsu  s6, sp, s3
core   0: 3 0x80007168 (0x03312b33) x22 0x00000000
core   0: 0x8000716c (0x01909ab3) sll     s5, ra, s9
core   0: 3 0x8000716c (0x01909ab3) x21 0x00000000
core   0: 0x80007170 (0x021603b3) mul     t2, a2, ra
core   0: 3 0x80007170 (0x021603b3) x 7 0x00000000
core   0: 0x80007174 (0x1e0a1d17) auipc   s10, 0x1e0a1
core   0: 3 0x80007174 (0x1e0a1d17) x26 0x9e0a8174
core   0: 0x80007178 (0x006caeb3) slt     t4, s9, t1
core   0: 3 0x80007178 (0x006caeb3) x29 0x00000001
core   0: 0x8000717c (0x03794433) div     s0, s2, s7
core   0: 3 0x8000717c (0x03794433) x 8 0x00000001
core   0: 0x80007180 (0x0123fc33) and     s8, t2, s2
core   0: 3 0x80007180 (0x0123fc33) x24 0x00000000
core   0: 0x80007184 (0x41565993) srai    s3, a2, 21
core   0: 3 0x80007184 (0x41565993) x19 0x00000000
core   0: 0x80007188 (0xdbca7993) andi    s3, s4, -580
core   0: 3 0x80007188 (0xdbca7993) x19 0x80018ca4
core   0: 0x8000718c (0x0120d313) srli    t1, ra, 18
core   0: 3 0x8000718c (0x0120d313) x 6 0x00000000
core   0: 0x80007190 (0x01f044b3) xor     s1, zero, t6
core   0: 3 0x80007190 (0x01f044b3) x 9 0xc0e7ccba
core   0: 0x80007194 (0x0114eab3) or      s5, s1, a7
core   0: 3 0x80007194 (0x0114eab3) x21 0xc0e7ccbb
core   0: 0x80007198 (0x02da5f33) divu    t5, s4, a3
core   0: 3 0x80007198 (0x02da5f33) x30 0x00000000
core   0: 0x8000719c (0x016edb93) srli    s7, t4, 22
core   0: 3 0x8000719c (0x016edb93) x23 0x00000000
core   0: 0x800071a0 (0x01a51a93) slli    s5, a0, 26
core   0: 3 0x800071a0 (0x01a51a93) x21 0x90000000
core   0: 0x800071a4 (0x7c373097) auipc   ra, 0x7c373
core   0: 3 0x800071a4 (0x7c373097) x 1 0xfc37a1a4
core   0: 0x800071a8 (0x027b03b3) mul     t2, s6, t2
core   0: 3 0x800071a8 (0x027b03b3) x 7 0x00000000
core   0: 0x800071ac (0x7eb13493) sltiu   s1, sp, 2027
core   0: 3 0x800071ac (0x7eb13493) x 9 0x00000001
core   0: 0x800071b0 (0x03698e33) mul     t3, s3, s6
core   0: 3 0x800071b0 (0x03698e33) x28 0x00000000
core   0: 0x800071b4 (0x02bcd7b3) divu    a5, s9, a1
core   0: 3 0x800071b4 (0x02bcd7b3) x15 0xffffffff
core   0: 0x800071b8 (0x03f7f3b3) remu    t2, a5, t6
core   0: 3 0x800071b8 (0x03f7f3b3) x 7 0x3f183345
core   0: 0x800071bc (0x017a4bb3) xor     s7, s4, s7
core   0: 3 0x800071bc (0x017a4bb3) x23 0x80018ce4
core   0: 0x800071c0 (0x01659c93) slli    s9, a1, 22
core   0: 3 0x800071c0 (0x01659c93) x25 0x00000000
core   0: 0x800071c4 (0x016cfeb3) and     t4, s9, s6
core   0: 3 0x800071c4 (0x016cfeb3) x29 0x00000000
core   0: 0x800071c8 (0x40e65e93) srai    t4, a2, 14
core   0: 3 0x800071c8 (0x40e65e93) x29 0x00000000
core   0: 0x800071cc (0x41700333) sub     t1, zero, s7
core   0: 3 0x800071cc (0x41700333) x 6 0x7ffe731c
core   0: 0x800071d0 (0x01e89b33) sll     s6, a7, t5
core   0: 3 0x800071d0 (0x01e89b33) x22 0x00000001
core   0: 0x800071d4 (0x71b97313) andi    t1, s2, 1819
core   0: 3 0x800071d4 (0x71b97313) x 6 0x00000001
core   0: 0x800071d8 (0x03ff64b3) rem     s1, t5, t6
core   0: 3 0x800071d8 (0x03ff64b3) x 9 0x00000000
core   0: 0x800071dc (0x01d851b3) srl     gp, a6, t4
core   0: 3 0x800071dc (0x01d851b3) x 3 0x80014747
core   0: 0x800071e0 (0x00224733) xor     a4, tp, sp
core   0: 3 0x800071e0 (0x00224733) x14 0x00000000
core   0: 0x800071e4 (0x021aad33) mulhsu  s10, s5, ra
core   0: 3 0x800071e4 (0x021aad33) x26 0x91a7a948
core   0: 0x800071e8 (0x0380e8b3) rem     a7, ra, s8
core   0: 3 0x800071e8 (0x0380e8b3) x17 0xfc37a1a4
core   0: 0x800071ec (0x25b80213) addi    tp, a6, 603
core   0: 3 0x800071ec (0x25b80213) x 4 0x800149a2
core   0: 0x800071f0 (0xf2c87417) auipc   s0, 0xf2c87
core   0: 3 0x800071f0 (0xf2c87417) x 8 0x72c8e1f0
core   0: 0x800071f4 (0x0393cab3) div     s5, t2, s9
core   0: 3 0x800071f4 (0x0393cab3) x21 0xffffffff
core   0: 0x800071f8 (0x009f9133) sll     sp, t6, s1
core   0: 3 0x800071f8 (0x009f9133) x 2 0xc0e7ccba
core   0: 0x800071fc (0x0342bab3) mulhu   s5, t0, s4
core   0: 3 0x800071fc (0x0342bab3) x21 0x40016da6
core   0: 0x80007200 (0x43215637) lui     a2, 0x43215
core   0: 3 0x80007200 (0x43215637) x12 0x43215000
core   0: 0x80007204 (0x03b06233) rem     tp, zero, s11
core   0: 3 0x80007204 (0x03b06233) x 4 0x00000000
core   0: 0x80007208 (0x00f75513) srli    a0, a4, 15
core   0: 3 0x80007208 (0x00f75513) x10 0x00000000
core   0: 0x8000720c (0x02789e33) mulh    t3, a7, t2
core   0: 3 0x8000720c (0x02789e33) x28 0xff11553c
core   0: 0x80007210 (0xbba70217) auipc   tp, 0xbba70
core   0: 3 0x80007210 (0xbba70217) x 4 0x3ba77210
core   0: 0x80007214 (0x41078db3) sub     s11, a5, a6
core   0: 3 0x80007214 (0x41078db3) x27 0x7ffeb8b8
core   0: 0x80007218 (0x013b6833) or      a6, s6, s3
core   0: 3 0x80007218 (0x013b6833) x16 0x80018ca5
core   0: 0x8000721c (0x03ef1fb3) mulh    t6, t5, t5
core   0: 3 0x8000721c (0x03ef1fb3) x31 0x00000000
core   0: 0x80007220 (0x037ca833) mulhsu  a6, s9, s7
core   0: 3 0x80007220 (0x037ca833) x16 0x00000000
core   0: 0x80007224 (0x00966db3) or      s11, a2, s1
core   0: 3 0x80007224 (0x00966db3) x27 0x43215000
core   0: 0x80007228 (0x01ddde33) srl     t3, s11, t4
core   0: 3 0x80007228 (0x01ddde33) x28 0x43215000
core   0: 0x8000722c (0x017363b3) or      t2, t1, s7
core   0: 3 0x8000722c (0x017363b3) x 7 0x80018ce5
core   0: 0x80007230 (0x031a3cb3) mulhu   s9, s4, a7
core   0: 3 0x80007230 (0x031a3cb3) x25 0x7e1d57d8
core   0: 0x80007234 (0x9ccfae37) lui     t3, 0x9ccfa
core   0: 3 0x80007234 (0x9ccfae37) x28 0x9ccfa000
core   0: 0x80007238 (0x022c00b3) mul     ra, s8, sp
core   0: 3 0x80007238 (0x022c00b3) x 1 0x00000000
core   0: 0x8000723c (0x016ef7b3) and     a5, t4, s6
core   0: 3 0x8000723c (0x016ef7b3) x15 0x00000000
core   0: 0x80007240 (0x41795f33) sra     t5, s2, s7
core   0: 3 0x80007240 (0x41795f33) x30 0x00000000
core   0: 0x80007244 (0x0092da93) srli    s5, t0, 9
core   0: 3 0x80007244 (0x0092da93) x21 0x004000a7
core   0: 0x80007248 (0x03600bb3) mul     s7, zero, s6
core   0: 3 0x80007248 (0x03600bb3) x23 0x00000000
core   0: 0x8000724c (0x407e58b3) sra     a7, t3, t2
core   0: 3 0x8000724c (0x407e58b3) x17 0xfce67d00
core   0: 0x80007250 (0x012b03b3) add     t2, s6, s2
core   0: 3 0x80007250 (0x012b03b3) x 7 0x00000002
core   0: 0x80007254 (0x00b6be33) sltu    t3, a3, a1
core   0: 3 0x80007254 (0x00b6be33) x28 0x00000000
core   0: 0x80007258 (0x01ea9813) slli    a6, s5, 30
core   0: 3 0x80007258 (0x01ea9813) x16 0xc0000000
core   0: 0x8000725c (0x017f0233) add     tp, t5, s7
core   0: 3 0x8000725c (0x017f0233) x 4 0x00000000
core   0: 0x80007260 (0x00ea8133) add     sp, s5, a4
core   0: 3 0x80007260 (0x00ea8133) x 2 0x004000a7
core   0: 0x80007264 (0x00d56f33) or      t5, a0, a3
core   0: 3 0x80007264 (0x00d56f33) x30 0xbf197a8e
core   0: 0x80007268 (0x00bf1b13) slli    s6, t5, 11
core   0: 3 0x80007268 (0x00bf1b13) x22 0xcbd47000
core   0: 0x8000726c (0x03132733) mulhsu  a4, t1, a7
core   0: 3 0x8000726c (0x03132733) x14 0x00000000
core   0: 0x80007270 (0x9ea48b93) addi    s7, s1, -1558
core   0: 3 0x80007270 (0x9ea48b93) x23 0xfffff9ea
core   0: 0x80007274 (0x0361afb3) mulhsu  t6, gp, s6
core   0: 3 0x80007274 (0x0361afb3) x31 0x9a16cc94
core   0: 0x80007278 (0x028da0b3) mulhsu  ra, s11, s0
core   0: 3 0x80007278 (0x028da0b3) x 1 0x1e1982e5
core   0: 0x8000727c (0x4168df93) srai    t6, a7, 22
core   0: 3 0x8000727c (0x4168df93) x31 0xfffffff3
core   0: 0x80007280 (0x00a845b3) xor     a1, a6, a0
core   0: 3 0x80007280 (0x00a845b3) x11 0xc0000000
core   0: 0x80007284 (0x031d98b3) mulh    a7, s11, a7
core   0: 3 0x80007284 (0x031d98b3) x17 0xff2feb75
core   0: 0x80007288 (0x00000013) nop
core   0: 3 0x80007288 (0x00000013)
core   0: 0x8000728c (0x401bd333) sra     t1, s7, ra
core   0: 3 0x8000728c (0x401bd333) x 6 0xffffffcf
core   0: 0x80007290 (0x019900b3) add     ra, s2, s9
core   0: 3 0x80007290 (0x019900b3) x 1 0x7e1d57d9
core   0: 0x80007294 (0x70074113) xori    sp, a4, 1792
core   0: 3 0x80007294 (0x70074113) x 2 0x00000700
core   0: 0x80007298 (0x011e39b3) sltu    s3, t3, a7
core   0: 3 0x80007298 (0x011e39b3) x19 0x00000001
core   0: 0x8000729c (0x0163dc33) srl     s8, t2, s6
core   0: 3 0x8000729c (0x0163dc33) x24 0x00000002
core   0: 0x800072a0 (0x035fd233) divu    tp, t6, s5
core   0: 3 0x800072a0 (0x035fd233) x 4 0x000003ff
core   0: 0x800072a4 (0x01491633) sll     a2, s2, s4
core   0: 3 0x800072a4 (0x01491633) x12 0x00000010
core   0: 0x800072a8 (0xf0040f97) auipc   t6, 0xf0040
core   0: 3 0x800072a8 (0xf0040f97) x31 0x700472a8
core   0: 0x800072ac (0x41dd0fb3) sub     t6, s10, t4
core   0: 3 0x800072ac (0x41dd0fb3) x31 0x91a7a948
core   0: 0x800072b0 (0x4e9e4b13) xori    s6, t3, 1257
core   0: 3 0x800072b0 (0x4e9e4b13) x22 0x000004e9
core   0: 0x800072b4 (0xd5aaea93) ori     s5, s5, -678
core   0: 3 0x800072b4 (0xd5aaea93) x21 0xfffffdff
core   0: 0x800072b8 (0x00099613) slli    a2, s3, 0
core   0: 3 0x800072b8 (0x00099613) x12 0x00000001
core   0: 0x800072bc (0x4114dbb3) sra     s7, s1, a7
core   0: 3 0x800072bc (0x4114dbb3) x23 0x00000000
core   0: 0x800072c0 (0x011348b3) xor     a7, t1, a7
core   0: 3 0x800072c0 (0x011348b3) x17 0x00d014ba
core   0: 0x800072c4 (0x01fdf233) and     tp, s11, t6
core   0: 3 0x800072c4 (0x01fdf233) x 4 0x01210000
core   0: 0x800072c8 (0x65b86a93) ori     s5, a6, 1627
core   0: 3 0x800072c8 (0x65b86a93) x21 0xc000065b
core   0: 0x800072cc (0x40cd5d13) srai    s10, s10, 12
core   0: 3 0x800072cc (0x40cd5d13) x26 0xfff91a7a
core   0: 0x800072d0 (0x03f713b3) mulh    t2, a4, t6
core   0: 3 0x800072d0 (0x03f713b3) x 7 0x00000000
core   0: 0x800072d4 (0x00337833) and     a6, t1, gp
core   0: 3 0x800072d4 (0x00337833) x16 0x80014747
core   0: 0x800072d8 (0x4d829517) auipc   a0, 0x4d829
core   0: 3 0x800072d8 (0x4d829517) x10 0xcd8302d8
core   0: 0x800072dc (0x03b43233) mulhu   tp, s0, s11
core   0: 3 0x800072dc (0x03b43233) x 4 0x1e1982e5
core   0: 0x800072e0 (0x01b5dd33) srl     s10, a1, s11
core   0: 3 0x800072e0 (0x01b5dd33) x26 0xc0000000
core   0: 0x800072e4 (0x03c494b3) mulh    s1, s1, t3
core   0: 3 0x800072e4 (0x03c494b3) x 9 0x00000000
core   0: 0x800072e8 (0x013deab3) or      s5, s11, s3
core   0: 3 0x800072e8 (0x013deab3) x21 0x43215001
core   0: 0x800072ec (0x03963ab3) mulhu   s5, a2, s9
core   0: 3 0x800072ec (0x03963ab3) x21 0x00000000
core   0: 0x800072f0 (0x0320d7b3) divu    a5, ra, s2
core   0: 3 0x800072f0 (0x0320d7b3) x15 0x7e1d57d9
core   0: 0x800072f4 (0x0297d533) divu    a0, a5, s1
core   0: 3 0x800072f4 (0x0297d533) x10 0xffffffff
core   0: 0x800072f8 (0xc9977193) andi    gp, a4, -871
core   0: 3 0x800072f8 (0xc9977193) x 3 0x00000000
core   0: 0x800072fc (0x343fbe93) sltiu   t4, t6, 835
core   0: 3 0x800072fc (0x343fbe93) x29 0x00000000
core   0: 0x80007300 (0x02a70833) mul     a6, a4, a0
core   0: 3 0x80007300 (0x02a70833) x16 0x00000000
core   0: 0x80007304 (0x0381d733) divu    a4, gp, s8
core   0: 3 0x80007304 (0x0381d733) x14 0x00000000
core   0: 0x80007308 (0x245d7093) andi    ra, s10, 581
core   0: 3 0x80007308 (0x245d7093) x 1 0x00000000
core   0: 0x8000730c (0x80323b13) sltiu   s6, tp, -2045
core   0: 3 0x8000730c (0x80323b13) x22 0x00000001
core   0: 0x80007310 (0x01a4b4b3) sltu    s1, s1, s10
core   0: 3 0x80007310 (0x01a4b4b3) x 9 0x00000001
core   0: 0x80007314 (0x520398b7) lui     a7, 0x52039
core   0: 3 0x80007314 (0x520398b7) x17 0x52039000
core   0: 0x80007318 (0x03a18fb3) mul     t6, gp, s10
core   0: 3 0x80007318 (0x03a18fb3) x31 0x00000000
core   0: 0x8000731c (0x033533b3) mulhu   t2, a0, s3
core   0: 3 0x8000731c (0x033533b3) x 7 0x00000000
core   0: 0x80007320 (0x4186dbb3) sra     s7, a3, s8
core   0: 3 0x80007320 (0x4186dbb3) x23 0xefc65ea3
core   0: 0x80007324 (0x002d8033) add     zero, s11, sp
core   0: 3 0x80007324 (0x002d8033)
core   0: 0x80007328 (0x01f27033) and     zero, tp, t6
core   0: 3 0x80007328 (0x01f27033)
core   0: 0x8000732c (0x0235f3b3) remu    t2, a1, gp
core   0: 3 0x8000732c (0x0235f3b3) x 7 0xc0000000
core   0: 0x80007330 (0x00ab3733) sltu    a4, s6, a0
core   0: 3 0x80007330 (0x00ab3733) x14 0x00000001
core   0: 0x80007334 (0x005f2c33) slt     s8, t5, t0
core   0: 3 0x80007334 (0x005f2c33) x24 0x00000000
core   0: 0x80007338 (0x031804b3) mul     s1, a6, a7
core   0: 3 0x80007338 (0x031804b3) x 9 0x00000000
core   0: 0x8000733c (0x40be0cb3) sub     s9, t3, a1
core   0: 3 0x8000733c (0x40be0cb3) x25 0x40000000
core   0: 0x80007340 (0x012e4fb3) xor     t6, t3, s2
core   0: 3 0x80007340 (0x012e4fb3) x31 0x00000001
core   0: 0x80007344 (0x4525f1b7) lui     gp, 0x4525f
core   0: 3 0x80007344 (0x4525f1b7) x 3 0x4525f000
core   0: 0x80007348 (0x00000013) nop
core   0: 3 0x80007348 (0x00000013)
core   0: 0x8000734c (0xad8a8613) addi    a2, s5, -1320
core   0: 3 0x8000734c (0xad8a8613) x12 0xfffffad8
core   0: 0x80007350 (0x03f3ebb3) rem     s7, t2, t6
core   0: 3 0x80007350 (0x03f3ebb3) x23 0x00000000
core   0: 0x80007354 (0x03738e33) mul     t3, t2, s7
core   0: 3 0x80007354 (0x03738e33) x28 0x00000000
core   0: 0x80007358 (0x0158d193) srli    gp, a7, 21
core   0: 3 0x80007358 (0x0158d193) x 3 0x00000290
core   0: 0x8000735c (0x41335e33) sra     t3, t1, s3
core   0: 3 0x8000735c (0x41335e33) x28 0xffffffe7
core   0: 0x80007360 (0x0349a4b3) mulhsu  s1, s3, s4
core   0: 3 0x80007360 (0x0349a4b3) x 9 0x00000000
core   0: 0x80007364 (0x019f63b3) or      t2, t5, s9
core   0: 3 0x80007364 (0x019f63b3) x 7 0xff197a8e
core   0: 0x80007368 (0x0375f433) remu    s0, a1, s7
core   0: 3 0x80007368 (0x0375f433) x 8 0xc0000000
core   0: 0x8000736c (0xc7360c13) addi    s8, a2, -909
core   0: 3 0x8000736c (0xc7360c13) x24 0xfffff74b
core   0: 0x80007370 (0x03d17733) remu    a4, sp, t4
core   0: 3 0x80007370 (0x03d17733) x14 0x00000700
core   0: 0x80007374 (0x0392cb33) div     s6, t0, s9
core   0: 3 0x80007374 (0x0392cb33) x22 0xffffffff
core   0: 0x80007378 (0xd2194593) xori    a1, s2, -735
core   0: 3 0x80007378 (0xd2194593) x11 0xfffffd20
core   0: 0x8000737c (0x01111893) slli    a7, sp, 17
core   0: 3 0x8000737c (0x01111893) x17 0x0e000000
core   0: 0x80007380 (0x035d64b3) rem     s1, s10, s5
core   0: 3 0x80007380 (0x035d64b3) x 9 0xc0000000
core   0: 0x80007384 (0x02450e33) mul     t3, a0, tp
core   0: 3 0x80007384 (0x02450e33) x28 0xe1e67d1b
core   0: 0x80007388 (0x009f0333) add     t1, t5, s1
core   0: 3 0x80007388 (0x009f0333) x 6 0x7f197a8e
core   0: 0x8000738c (0x125f2f93) slti    t6, t5, 293
core   0: 3 0x8000738c (0x125f2f93) x31 0x00000001
core   0: 0x80007390 (0x41e25d93) srai    s11, tp, 30
core   0: 3 0x80007390 (0x41e25d93) x27 0x00000000
core   0: 0x80007394 (0x012dde93) srli    t4, s11, 18
core   0: 3 0x80007394 (0x012dde93) x29 0x00000000
core   0: 0x80007398 (0x01fbf533) and     a0, s7, t6
core   0: 3 0x80007398 (0x01fbf533) x10 0x00000000
core   0: 0x8000739c (0xae16c193) xori    gp, a3, -1311
core   0: 3 0x8000739c (0xae16c193) x 3 0x40e6806f
core   0: 0x800073a0 (0x6f6b8237) lui     tp, 0x6f6b8
core   0: 3 0x800073a0 (0x6f6b8237) x 4 0x6f6b8000
core   0: 0x800073a4 (0x036a38b3) mulhu   a7, s4, s6
core   0: 3 0x800073a4 (0x036a38b3) x17 0x80018ce3
core   0: 0x800073a8 (0x00cd4733) xor     a4, s10, a2
core   0: 3 0x800073a8 (0x00cd4733) x14 0x3ffffad8
core   0: 0x800073ac (0x008db933) sltu    s2, s11, s0
core   0: 3 0x800073ac (0x008db933) x18 0x00000001
core   0: 0x800073b0 (0xf3d54f13) xori    t5, a0, -195
core   0: 3 0x800073b0 (0xf3d54f13) x30 0xffffff3d
core   0: 0x800073b4 (0x01c31513) slli    a0, t1, 28
core   0: 3 0x800073b4 (0x01c31513) x10 0xe0000000
core   0: 0x800073b8 (0x02ddad33) mulhsu  s10, s11, a3
core   0: 3 0x800073b8 (0x02ddad33) x26 0x00000000
core   0: 0x800073bc (0x00f50333) add     t1, a0, a5
core   0: 3 0x800073bc (0x00f50333) x 6 0x5e1d57d9
core   0: 0x800073c0 (0x03f4fcb3) remu    s9, s1, t6
core   0: 3 0x800073c0 (0x03f4fcb3) x25 0x00000000
core   0: 0x800073c4 (0x03b9eb33) rem     s6, s3, s11
core   0: 3 0x800073c4 (0x03b9eb33) x22 0x00000001
core   0: 0x800073c8 (0x45c7b193) sltiu   gp, a5, 1116
core   0: 3 0x800073c8 (0x45c7b193) x 3 0x00000000
core   0: 0x800073cc (0x027dedb3) rem     s11, s11, t2
core   0: 3 0x800073cc (0x027dedb3) x27 0x00000000
core   0: 0x800073d0 (0x0141c5b3) xor     a1, gp, s4
core   0: 3 0x800073d0 (0x0141c5b3) x11 0x80018ce4
core   0: 0x800073d4 (0x41e70c33) sub     s8, a4, t5
core   0: 3 0x800073d4 (0x41e70c33) x24 0x3ffffb9b
core   0: 0x800073d8 (0x0303e0b3) rem     ra, t2, a6
core   0: 3 0x800073d8 (0x0303e0b3) x 1 0xff197a8e
core   0: 0x800073dc (0x145f6213) ori     tp, t5, 325
core   0: 3 0x800073dc (0x145f6213) x 4 0xffffff7d
core   0: 0x800073e0 (0x02da9833) mulh    a6, s5, a3
core   0: 3 0x800073e0 (0x02da9833) x16 0x00000000
core   0: 0x800073e4 (0x02430b97) auipc   s7, 0x2430
core   0: 3 0x800073e4 (0x02430b97) x23 0x824373e4
core   0: 0x800073e8 (0x01823433) sltu    s0, tp, s8
core   0: 3 0x800073e8 (0x01823433) x 8 0x00000000
core   0: 0x800073ec (0x00fcedb3) or      s11, s9, a5
core   0: 3 0x800073ec (0x00fcedb3) x27 0x7e1d57d9
core   0: 0x800073f0 (0x012393b3) sll     t2, t2, s2
core   0: 3 0x800073f0 (0x012393b3) x 7 0xfe32f51c
core   0: 0x800073f4 (0x00000013) nop
core   0: 3 0x800073f4 (0x00000013)
core   0: 0x800073f8 (0x009e7bb3) and     s7, t3, s1
core   0: 3 0x800073f8 (0x009e7bb3) x23 0xc0000000
core   0: 0x800073fc (0x008f49b3) xor     s3, t5, s0
core   0: 3 0x800073fc (0x008f49b3) x19 0xffffff3d
core   0: 0x80007400 (0x00000013) nop
core   0: 3 0x80007400 (0x00000013)
core   0: 0x80007404 (0x892bbd13) sltiu   s10, s7, -1902
core   0: 3 0x80007404 (0x892bbd13) x26 0x00000001
core   0: 0x80007408 (0x034aaeb3) mulhsu  t4, s5, s4
core   0: 3 0x80007408 (0x034aaeb3) x29 0x00000000
core   0: 0x8000740c (0x00b59213) slli    tp, a1, 11
core   0: 3 0x8000740c (0x00b59213) x 4 0x0c672000
core   0: 0x80007410 (0x2e53f7b7) lui     a5, 0x2e53f
core   0: 3 0x80007410 (0x2e53f7b7) x15 0x2e53f000
core   0: 0x80007414 (0x007a9c93) slli    s9, s5, 7
core   0: 3 0x80007414 (0x007a9c93) x25 0x00000000
core   0: 0x80007418 (0x033f0333) mul     t1, t5, s3
core   0: 3 0x80007418 (0x033f0333) x 6 0x00009489
core   0: 0x8000741c (0xa7256c13) ori     s8, a0, -1422
core   0: 3 0x8000741c (0xa7256c13) x24 0xfffffa72
core   0: 0x80007420 (0x0387c513) xori    a0, a5, 56
core   0: 3 0x80007420 (0x0387c513) x10 0x2e53f038
core   0: 0x80007424 (0x1a903c93) sltiu   s9, zero, 425
core   0: 3 0x80007424 (0x1a903c93) x25 0x00000001
core   0: 0x80007428 (0x022da433) mulhsu  s0, s11, sp
core   0: 3 0x80007428 (0x022da433) x 8 0x00000372
core   0: 0x8000742c (0x02796933) rem     s2, s2, t2
core   0: 3 0x8000742c (0x02796933) x18 0x00000001
core   0: 0x80007430 (0x03798433) mul     s0, s3, s7
core   0: 3 0x80007430 (0x03798433) x 8 0xc0000000
core   0: 0x80007434 (0x6e88a8b7) lui     a7, 0x6e88a
core   0: 3 0x80007434 (0x6e88a8b7) x17 0x6e88a000
core   0: 0x80007438 (0x41df5d13) srai    s10, t5, 29
core   0: 3 0x80007438 (0x41df5d13) x26 0xffffffff
core   0: 0x8000743c (0x00000013) nop
core   0: 3 0x8000743c (0x00000013)
core   0: 0x80007440 (0x03c40933) mul     s2, s0, t3
core   0: 3 0x80007440 (0x03c40933) x18 0x40000000
core   0: 0x80007444 (0x004bae33) slt     t3, s7, tp
core   0: 3 0x80007444 (0x004bae33) x28 0x00000001
core   0: 0x80007448 (0x00e85213) srli    tp, a6, 14
core   0: 3 0x80007448 (0x00e85213) x 4 0x00000000
core   0: 0x8000744c (0x0383a633) mulhsu  a2, t2, s8
core   0: 3 0x8000744c (0x0383a633) x12 0xfe32f526
core   0: 0x80007450 (0xe0054213) xori    tp, a0, -512
core   0: 3 0x80007450 (0xe0054213) x 4 0xd1ac0e38
core   0: 0x80007454 (0x41ae5613) srai    a2, t3, 26
core   0: 3 0x80007454 (0x41ae5613) x12 0x00000000
core   0: 0x80007458 (0x0203cf33) div     t5, t2, zero
core   0: 3 0x80007458 (0x0203cf33) x30 0xffffffff
core   0: 0x8000745c (0x84e08a93) addi    s5, ra, -1970
core   0: 3 0x8000745c (0x84e08a93) x21 0xff1972dc
core   0: 0x80007460 (0x40128db3) sub     s11, t0, ra
core   0: 3 0x80007460 (0x40128db3) x27 0x80e7d3d6
core   0: 0x80007464 (0x40f85833) sra     a6, a6, a5
core   0: 3 0x80007464 (0x40f85833) x16 0x00000000
core   0: 0x80007468 (0x00636633) or      a2, t1, t1
core   0: 3 0x80007468 (0x00636633) x12 0x00009489
core   0: 0x8000746c (0xea500813) li      a6, -347
core   0: 3 0x8000746c (0xea500813) x16 0xfffffea5
core   0: 0x80007470 (0x018f5213) srli    tp, t5, 24
core   0: 3 0x80007470 (0x018f5213) x 4 0x000000ff
core   0: 0x80007474 (0xf318c597) auipc   a1, 0xf318c
core   0: 3 0x80007474 (0xf318c597) x11 0x73193474
core   0: 0x80007478 (0x0031cbb3) xor     s7, gp, gp
core   0: 3 0x80007478 (0x0031cbb3) x23 0x00000000
core   0: 0x8000747c (0x6b292213) slti    tp, s2, 1714
core   0: 3 0x8000747c (0x6b292213) x 4 0x00000000
core   0: 0x80007480 (0xe0f70b13) addi    s6, a4, -497
core   0: 3 0x80007480 (0xe0f70b13) x22 0x3ffff8e7
core   0: 0x80007484 (0x02e4cbb3) div     s7, s1, a4
core   0: 3 0x80007484 (0x02e4cbb3) x23 0xffffffff
core   0: 0x80007488 (0xc34c7913) andi    s2, s8, -972
core   0: 3 0x80007488 (0xc34c7913) x18 0xfffff830
core   0: 0x8000748c (0x6e427d13) andi    s10, tp, 1764
core   0: 3 0x8000748c (0x6e427d13) x26 0x00000000
core   0: 0x80007490 (0x27c8f813) andi    a6, a7, 636
core   0: 3 0x80007490 (0x27c8f813) x16 0x00000000
core   0: 0x80007494 (0x817ccc13) xori    s8, s9, -2025
core   0: 3 0x80007494 (0x817ccc13) x24 0xfffff816
core   0: 0x80007498 (0xaf71e313) ori     t1, gp, -1289
core   0: 3 0x80007498 (0xaf71e313) x 6 0xfffffaf7
core   0: 0x8000749c (0x03fa2ab3) mulhsu  s5, s4, t6
core   0: 3 0x8000749c (0x03fa2ab3) x21 0xffffffff
core   0: 0x800074a0 (0x022cbeb3) mulhu   t4, s9, sp
core   0: 3 0x800074a0 (0x022cbeb3) x29 0x00000000
core   0: 0x800074a4 (0x0266d9b3) divu    s3, a3, t1
core   0: 3 0x800074a4 (0x0266d9b3) x19 0x00000000
core   0: 0x800074a8 (0x40eb5b13) srai    s6, s6, 14
core   0: 3 0x800074a8 (0x40eb5b13) x22 0x0000ffff
core   0: 0x800074ac (0x00635613) srli    a2, t1, 6
core   0: 3 0x800074ac (0x00635613) x12 0x03ffffeb
core   0: 0x800074b0 (0x415bd093) srai    ra, s7, 21
core   0: 3 0x800074b0 (0x415bd093) x 1 0xffffffff
core   0: 0x800074b4 (0x41d950b3) sra     ra, s2, t4
core   0: 3 0x800074b4 (0x41d950b3) x 1 0xfffff830
core   0: 0x800074b8 (0x00022d33) slt     s10, tp, zero
core   0: 3 0x800074b8 (0x00022d33) x26 0x00000000
core   0: 0x800074bc (0x40bd5db3) sra     s11, s10, a1
core   0: 3 0x800074bc (0x40bd5db3) x27 0x00000000
core   0: 0x800074c0 (0x64ace193) ori     gp, s9, 1610
core   0: 3 0x800074c0 (0x64ace193) x 3 0x0000064b
core   0: 0x800074c4 (0x3ef4c993) xori    s3, s1, 1007
core   0: 3 0x800074c4 (0x3ef4c993) x19 0xc00003ef
core   0: 0x800074c8 (0x022be3b3) rem     t2, s7, sp
core   0: 3 0x800074c8 (0x022be3b3) x 7 0xffffffff
core   0: 0x800074cc (0x00eca433) slt     s0, s9, a4
core   0: 3 0x800074cc (0x00eca433) x 8 0x00000001
core   0: 0x800074d0 (0x22aa2f13) slti    t5, s4, 554
core   0: 3 0x800074d0 (0x22aa2f13) x30 0x00000001
core   0: 0x800074d4 (0xd97b2813) slti    a6, s6, -617
core   0: 3 0x800074d4 (0xd97b2813) x16 0x00000000
core   0: 0x800074d8 (0x4120b993) sltiu   s3, ra, 1042
core   0: 3 0x800074d8 (0x4120b993) x19 0x00000000
core   0: 0x800074dc (0x01b33533) sltu    a0, t1, s11
core   0: 3 0x800074dc (0x01b33533) x10 0x00000000
core   0: 0x800074e0 (0x02478e33) mul     t3, a5, tp
core   0: 3 0x800074e0 (0x02478e33) x28 0x00000000
core   0: 0x800074e4 (0x01c3a133) slt     sp, t2, t3
core   0: 3 0x800074e4 (0x01c3a133) x 2 0x00000001
core   0: 0x800074e8 (0xb1e9bc13) sltiu   s8, s3, -1250
core   0: 3 0x800074e8 (0xb1e9bc13) x24 0x00000001
core   0: 0x800074ec (0xddd4b613) sltiu   a2, s1, -547
core   0: 3 0x800074ec (0xddd4b613) x12 0x00000001
core   0: 0x800074f0 (0xab56f393) andi    t2, a3, -1355
core   0: 3 0x800074f0 (0xab56f393) x 7 0xbf197a84
core   0: 0x800074f4 (0x0370dfb3) divu    t6, ra, s7
core   0: 3 0x800074f4 (0x0370dfb3) x31 0x00000000
core   0: 0x800074f8 (0x00cf23b3) slt     t2, t5, a2
core   0: 3 0x800074f8 (0x00cf23b3) x 7 0x00000000
core   0: 0x800074fc (0x033dad33) mulhsu  s10, s11, s3
core   0: 3 0x800074fc (0x033dad33) x26 0x00000000
core   0: 0x80007500 (0x03698733) mul     a4, s3, s6
core   0: 3 0x80007500 (0x03698733) x14 0x00000000
core   0: 0x80007504 (0x057ca137) lui     sp, 0x57ca
core   0: 3 0x80007504 (0x057ca137) x 2 0x057ca000
core   0: 0x80007508 (0x00eaf4b3) and     s1, s5, a4
core   0: 3 0x80007508 (0x00eaf4b3) x 9 0x00000000
core   0: 0x8000750c (0x41495233) sra     tp, s2, s4
core   0: 3 0x8000750c (0x41495233) x 4 0xffffff83
core   0: 0x80007510 (0x95c73013) sltiu   zero, a4, -1700
core   0: 3 0x80007510 (0x95c73013)
core   0: 0x80007514 (0x00000013) nop
core   0: 3 0x80007514 (0x00000013)
core   0: 0x80007518 (0xe6b9ef13) ori     t5, s3, -405
core   0: 3 0x80007518 (0xe6b9ef13) x30 0xfffffe6b
core   0: 0x8000751c (0x0e384993) xori    s3, a6, 227
core   0: 3 0x8000751c (0x0e384993) x19 0x000000e3
core   0: 0x80007520 (0x01267133) and     sp, a2, s2
core   0: 3 0x80007520 (0x01267133) x 2 0x00000000
core   0: 0x80007524 (0x03c96c33) rem     s8, s2, t3
core   0: 3 0x80007524 (0x03c96c33) x24 0xfffff830
core   0: 0x80007528 (0x03399733) mulh    a4, s3, s3
core   0: 3 0x80007528 (0x03399733) x14 0x00000000
core   0: 0x8000752c (0x01356633) or      a2, a0, s3
core   0: 3 0x8000752c (0x01356633) x12 0x000000e3
core   0: 0x80007530 (0x862fba93) sltiu   s5, t6, -1950
core   0: 3 0x80007530 (0x862fba93) x21 0x00000001
core   0: 0x80007534 (0x25b6c413) xori    s0, a3, 603
core   0: 3 0x80007534 (0x25b6c413) x 8 0xbf1978d5
core   0: 0x80007538 (0x8d1b7493) andi    s1, s6, -1839
core   0: 3 0x80007538 (0x8d1b7493) x 9 0x0000f8d1
core   0: 0x8000753c (0x0132cab3) xor     s5, t0, s3
core   0: 3 0x8000753c (0x0132cab3) x21 0x80014e87
core   0: 0x80007540 (0x02946333) rem     t1, s0, s1
core   0: 3 0x80007540 (0x02946333) x 6 0xffffcc7b
core   0: 0x80007544 (0x744e6613) ori     a2, t3, 1860
core   0: 3 0x80007544 (0x744e6613) x12 0x00000744
core   0: 0x80007548 (0x05d96d93) ori     s11, s2, 93
core   0: 3 0x80007548 (0x05d96d93) x27 0xfffff87d
core   0: 0x8000754c (0x0283e633) rem     a2, t2, s0
core   0: 3 0x8000754c (0x0283e633) x12 0x00000000
core   0: 0x80007550 (0x6c7beb93) ori     s7, s7, 1735
core   0: 3 0x80007550 (0x6c7beb93) x23 0xffffffff
core   0: 0x80007554 (0x03b35f33) divu    t5, t1, s11
core   0: 3 0x80007554 (0x03b35f33) x30 0x00000000
core   0: 0x80007558 (0x4145de33) sra     t3, a1, s4
core   0: 3 0x80007558 (0x4145de33) x28 0x07319347
core   0: 0x8000755c (0xb05ff893) andi    a7, t6, -1275
core   0: 3 0x8000755c (0xb05ff893) x17 0x00000000
core   0: 0x80007560 (0x007c3233) sltu    tp, s8, t2
core   0: 3 0x80007560 (0x007c3233) x 4 0x00000000
core   0: 0x80007564 (0xf80cbb13) sltiu   s6, s9, -128
core   0: 3 0x80007564 (0xf80cbb13) x22 0x00000001
core   0: 0x80007568 (0x03a0fdb3) remu    s11, ra, s10
core   0: 3 0x80007568 (0x03a0fdb3) x27 0xfffff830
core   0: 0x8000756c (0x00575493) srli    s1, a4, 5
core   0: 3 0x8000756c (0x00575493) x 9 0x00000000
core   0: 0x80007570 (0x01ec4333) xor     t1, s8, t5
core   0: 3 0x80007570 (0x01ec4333) x 6 0xfffff830
core   0: 0x80007574 (0x4063d793) srai    a5, t2, 6
core   0: 3 0x80007574 (0x4063d793) x15 0x00000000
core   0: 0x80007578 (0xa72bfe13) andi    t3, s7, -1422
core   0: 3 0x80007578 (0xa72bfe13) x28 0xfffffa72
core   0: 0x8000757c (0x001c1013) slli    zero, s8, 1
core   0: 3 0x8000757c (0x001c1013)
core   0: 0x80007580 (0x025aa133) mulhsu  sp, s5, t0
core   0: 3 0x80007580 (0x025aa133) x 2 0xc0000013
core   0: 0x80007584 (0x01fa09b3) add     s3, s4, t6
core   0: 3 0x80007584 (0x01fa09b3) x19 0x80018ce4
core   0: 0x80007588 (0x195fc513) xori    a0, t6, 405
core   0: 3 0x80007588 (0x195fc513) x10 0x00000195
core   0: 0x8000758c (0x01ff1213) slli    tp, t5, 31
core   0: 3 0x8000758c (0x01ff1213) x 4 0x00000000
core   0: 0x80007590 (0x02c37fb3) remu    t6, t1, a2
core   0: 3 0x80007590 (0x02c37fb3) x31 0xfffff830
core   0: 0x80007594 (0x01785033) srl     zero, a6, s7
core   0: 3 0x80007594 (0x01785033)
core   0: 0x80007598 (0x3e422813) slti    a6, tp, 996
core   0: 3 0x80007598 (0x3e422813) x16 0x00000001
core   0: 0x8000759c (0x013a34b3) sltu    s1, s4, s3
core   0: 3 0x8000759c (0x013a34b3) x 9 0x00000000
core   0: 0x800075a0 (0xa88df213) andi    tp, s11, -1400
core   0: 3 0x800075a0 (0xa88df213) x 4 0xfffff800
core   0: 0x800075a4 (0x00e4d3b3) srl     t2, s1, a4
core   0: 3 0x800075a4 (0x00e4d3b3) x 7 0x00000000
core   0: 0x800075a8 (0x011a5713) srli    a4, s4, 17
core   0: 3 0x800075a8 (0x011a5713) x14 0x00004000
core   0: 0x800075ac (0x03325fb3) divu    t6, tp, s3
core   0: 3 0x800075ac (0x03325fb3) x31 0x00000001
core   0: 0x800075b0 (0x41bb8833) sub     a6, s7, s11
core   0: 3 0x800075b0 (0x41bb8833) x16 0x000007cf
core   0: 0x800075b4 (0x12b96d93) ori     s11, s2, 299
core   0: 3 0x800075b4 (0x12b96d93) x27 0xfffff93b
core   0: 0x800075b8 (0x00875213) srli    tp, a4, 8
core   0: 3 0x800075b8 (0x00875213) x 4 0x00000040
core   0: 0x800075bc (0x03ee3933) mulhu   s2, t3, t5
core   0: 3 0x800075bc (0x03ee3933) x18 0x00000000
core   0: 0x800075c0 (0x005bf733) and     a4, s7, t0
core   0: 3 0x800075c0 (0x005bf733) x14 0x80014e64
core   0: 0x800075c4 (0x02cd1d33) mulh    s10, s10, a2
core   0: 3 0x800075c4 (0x02cd1d33) x26 0x00000000
core   0: 0x800075c8 (0x02133fb3) mulhu   t6, t1, ra
core   0: 3 0x800075c8 (0x02133fb3) x31 0xfffff060
core   0: 0x800075cc (0x00e64ab3) xor     s5, a2, a4
core   0: 3 0x800075cc (0x00e64ab3) x21 0x80014e64
core   0: 0x800075d0 (0x01788533) add     a0, a7, s7
core   0: 3 0x800075d0 (0x01788533) x10 0xffffffff
core   0: 0x800075d4 (0xccd63793) sltiu   a5, a2, -819
core   0: 3 0x800075d4 (0xccd63793) x15 0x00000001
core   0: 0x800075d8 (0x40eb58b3) sra     a7, s6, a4
core   0: 3 0x800075d8 (0x40eb58b3) x17 0x00000000
core   0: 0x800075dc (0x00eb0e33) add     t3, s6, a4
core   0: 3 0x800075dc (0x00eb0e33) x28 0x80014e65
core   0: 0x800075e0 (0x02069b33) mulh    s6, a3, zero
core   0: 3 0x800075e0 (0x02069b33) x22 0x00000000
core   0: 0x800075e4 (0x41308233) sub     tp, ra, s3
core   0: 3 0x800075e4 (0x41308233) x 4 0x7ffe6b4c
core   0: 0x800075e8 (0x41c65213) srai    tp, a2, 28
core   0: 3 0x800075e8 (0x41c65213) x 4 0x00000000
core   0: 0x800075ec (0x1113ce37) lui     t3, 0x1113c
core   0: 3 0x800075ec (0x1113ce37) x28 0x1113c000
core   0: 0x800075f0 (0x402e5213) srai    tp, t3, 2
core   0: 3 0x800075f0 (0x402e5213) x 4 0x0444f000
core   0: 0x800075f4 (0x03ef61b3) rem     gp, t5, t5
core   0: 3 0x800075f4 (0x03ef61b3) x 3 0x00000000
core   0: 0x800075f8 (0x02298bb3) mul     s7, s3, sp
core   0: 3 0x800075f8 (0x02298bb3) x23 0x801d74ec
core   0: 0x800075fc (0x7b628e93) addi    t4, t0, 1974
core   0: 3 0x800075fc (0x7b628e93) x29 0x8001561a
core   0: 0x80007600 (0x03ac7b33) remu    s6, s8, s10
core   0: 3 0x80007600 (0x03ac7b33) x22 0xfffff830
core   0: 0x80007604 (0x87766c13) ori     s8, a2, -1929
core   0: 3 0x80007604 (0x87766c13) x24 0xfffff877
core   0: 0x80007608 (0x125ac117) auipc   sp, 0x125ac
core   0: 3 0x80007608 (0x125ac117) x 2 0x925b3608
core   0: 0x8000760c (0x027d4c33) div     s8, s10, t2
core   0: 3 0x8000760c (0x027d4c33) x24 0xffffffff
core   0: 0x80007610 (0x01436fb3) or      t6, t1, s4
core   0: 3 0x80007610 (0x01436fb3) x31 0xfffffcf4
core   0: 0x80007614 (0xe6606013) ori     zero, zero, -410
core   0: 3 0x80007614 (0xe6606013)
core   0: 0x80007618 (0x00e21713) slli    a4, tp, 14
core   0: 3 0x80007618 (0x00e21713) x14 0x3c000000
core   0: 0x8000761c (0x008ef3b3) and     t2, t4, s0
core   0: 3 0x8000761c (0x008ef3b3) x 7 0x80015010
core   0: 0x80007620 (0x00000013) nop
core   0: 3 0x80007620 (0x00000013)
core   0: 0x80007624 (0x410558b3) sra     a7, a0, a6
core   0: 3 0x80007624 (0x410558b3) x17 0xffffffff
core   0: 0x80007628 (0x00789093) slli    ra, a7, 7
core   0: 3 0x80007628 (0x00789093) x 1 0xffffff80
core   0: 0x8000762c (0x00201cb3) sll     s9, zero, sp
core   0: 3 0x8000762c (0x00201cb3) x25 0x00000000
core   0: 0x80007630 (0xb077c097) auipc   ra, 0xb077c
core   0: 3 0x80007630 (0xb077c097) x 1 0x30783630
core   0: 0x80007634 (0x02f96233) rem     tp, s2, a5
core   0: 3 0x80007634 (0x02f96233) x 4 0x00000000
core   0: 0x80007638 (0x00000013) nop
core   0: 3 0x80007638 (0x00000013)
core   0: 0x8000763c (0x4015d4b3) sra     s1, a1, ra
core   0: 3 0x8000763c (0x4015d4b3) x 9 0x00007319
core   0: 0x80007640 (0x0333ee33) rem     t3, t2, s3
core   0: 3 0x80007640 (0x0333ee33) x28 0xffffc32c
core   0: 0x80007644 (0x2791ee93) ori     t4, gp, 633
core   0: 3 0x80007644 (0x2791ee93) x29 0x00000279
core   0: 0x80007648 (0x02b00b33) mul     s6, zero, a1
core   0: 3 0x80007648 (0x02b00b33) x22 0x00000000
core   0: 0x8000764c (0x018d0e33) add     t3, s10, s8
core   0: 3 0x8000764c (0x018d0e33) x28 0xffffffff
core   0: 0x80007650 (0x02c36b33) rem     s6, t1, a2
core   0: 3 0x80007650 (0x02c36b33) x22 0xfffff830
core   0: 0x80007654 (0x9cd27b37) lui     s6, 0x9cd27
core   0: 3 0x80007654 (0x9cd27b37) x22 0x9cd27000
core   0: 0x80007658 (0x8a5e5737) lui     a4, 0x8a5e5
core   0: 3 0x80007658 (0x8a5e5737) x14 0x8a5e5000
core   0: 0x8000765c (0x40ab0833) sub     a6, s6, a0
core   0: 3 0x8000765c (0x40ab0833) x16 0x9cd27001
core   0: 0x80007660 (0x03861117) auipc   sp, 0x3861
core   0: 3 0x80007660 (0x03861117) x 2 0x83868660
core   0: 0x80007664 (0x038265b3) rem     a1, tp, s8
core   0: 3 0x80007664 (0x038265b3) x11 0x00000000
core   0: 0x80007668 (0x01221093) slli    ra, tp, 18
core   0: 3 0x80007668 (0x01221093) x 1 0x00000000
core   0: 0x8000766c (0x01f6bc33) sltu    s8, a3, t6
core   0: 3 0x8000766c (0x01f6bc33) x24 0x00000001
core   0: 0x80007670 (0x008be0b3) or      ra, s7, s0
core   0: 3 0x80007670 (0x008be0b3) x 1 0xbf1d7cfd
core   0: 0x80007674 (0x00c80633) add     a2, a6, a2
core   0: 3 0x80007674 (0x00c80633) x12 0x9cd27001
core   0: 0x80007678 (0x6c5813b7) lui     t2, 0x6c581
core   0: 3 0x80007678 (0x6c5813b7) x 7 0x6c581000
core   0: 0x8000767c (0x034810b3) mulh    ra, a6, s4
core   0: 3 0x8000767c (0x034810b3) x 1 0x31962e3c
core   0: 0x80007680 (0xd3f84d93) xori    s11, a6, -705
core   0: 3 0x80007680 (0xd3f84d93) x27 0x632d8d3e
core   0: 0x80007684 (0x009d6d33) or      s10, s10, s1
core   0: 3 0x80007684 (0x009d6d33) x26 0x00007319
core   0: 0x80007688 (0x01adfcb3) and     s9, s11, s10
core   0: 3 0x80007688 (0x01adfcb3) x25 0x00000118
core   0: 0x8000768c (0xda3f7a93) andi    s5, t5, -605
core   0: 3 0x8000768c (0xda3f7a93) x21 0x00000000
core   0: 0x80007690 (0x8dfb3f13) sltiu   t5, s6, -1825
core   0: 3 0x80007690 (0x8dfb3f13) x30 0x00000001
core   0: 0x80007694 (0x021ae1b3) rem     gp, s5, ra
core   0: 3 0x80007694 (0x021ae1b3) x 3 0x00000000
core   0: 0x80007698 (0x02c60733) mul     a4, a2, a2
core   0: 3 0x80007698 (0x02c60733) x14 0x2aa4e001
core   0: 0x8000769c (0x035e5ab3) divu    s5, t3, s5
core   0: 3 0x8000769c (0x035e5ab3) x21 0xffffffff
core   0: 0x800076a0 (0x0f3cb613) sltiu   a2, s9, 243
core   0: 3 0x800076a0 (0x0f3cb613) x12 0x00000000
core   0: 0x800076a4 (0x00c464b3) or      s1, s0, a2
core   0: 3 0x800076a4 (0x00c464b3) x 9 0xbf1978d5
core   0: 0x800076a8 (0x2822f737) lui     a4, 0x2822f
core   0: 3 0x800076a8 (0x2822f737) x14 0x2822f000
core   0: 0x800076ac (0x00d28533) add     a0, t0, a3
core   0: 3 0x800076ac (0x00d28533) x10 0x3f1ac8f2
core   0: 0x800076b0 (0xfd7b6393) ori     t2, s6, -41
core   0: 3 0x800076b0 (0xfd7b6393) x 7 0xffffffd7
core   0: 0x800076b4 (0x017f7933) and     s2, t5, s7
core   0: 3 0x800076b4 (0x017f7933) x18 0x00000000
core   0: 0x800076b8 (0x009a59b3) srl     s3, s4, s1
core   0: 3 0x800076b8 (0x009a59b3) x19 0x00000400
core   0: 0x800076bc (0x002973b3) and     t2, s2, sp
core   0: 3 0x800076bc (0x002973b3) x 7 0x00000000
core   0: 0x800076c0 (0x19d34a93) xori    s5, t1, 413
core   0: 3 0x800076c0 (0x19d34a93) x21 0xfffff9ad
core   0: 0x800076c4 (0x00fca833) slt     a6, s9, a5
core   0: 3 0x800076c4 (0x00fca833) x16 0x00000000
core   0: 0x800076c8 (0x003cbf33) sltu    t5, s9, gp
core   0: 3 0x800076c8 (0x003cbf33) x30 0x00000000
core   0: 0x800076cc (0x02e97eb3) remu    t4, s2, a4
core   0: 3 0x800076cc (0x02e97eb3) x29 0x00000000
core   0: 0x800076d0 (0x402b8033) sub     zero, s7, sp
core   0: 3 0x800076d0 (0x402b8033)
core   0: 0x800076d4 (0x027f6d33) rem     s10, t5, t2
core   0: 3 0x800076d4 (0x027f6d33) x26 0x00000000
core   0: 0x800076d8 (0x41e3d413) srai    s0, t2, 30
core   0: 3 0x800076d8 (0x41e3d413) x 8 0x00000000
core   0: 0x800076dc (0x00000013) nop
core   0: 3 0x800076dc (0x00000013)
core   0: 0x800076e0 (0x01a7fcb3) and     s9, a5, s10
core   0: 3 0x800076e0 (0x01a7fcb3) x25 0x00000000
core   0: 0x800076e4 (0x006ebcb3) sltu    s9, t4, t1
core   0: 3 0x800076e4 (0x006ebcb3) x25 0x00000001
core   0: 0x800076e8 (0x0196eeb3) or      t4, a3, s9
core   0: 3 0x800076e8 (0x0196eeb3) x29 0xbf197a8f
core   0: 0x800076ec (0x017033b3) snez    t2, s7
core   0: 3 0x800076ec (0x017033b3) x 7 0x00000001
core   0: 0x800076f0 (0x03e63933) mulhu   s2, a2, t5
core   0: 3 0x800076f0 (0x03e63933) x18 0x00000000
core   0: 0x800076f4 (0x0378e033) rem     zero, a7, s7
core   0: 3 0x800076f4 (0x0378e033)
core   0: 0x800076f8 (0xb23e0a93) addi    s5, t3, -1245
core   0: 3 0x800076f8 (0xb23e0a93) x21 0xfffffb22
core   0: 0x800076fc (0x41bfd313) srai    t1, t6, 27
core   0: 3 0x800076fc (0x41bfd313) x 6 0xffffffff
core   0: 0x80007700 (0x00967bb3) and     s7, a2, s1
core   0: 3 0x80007700 (0x00967bb3) x23 0x00000000
core   0: 0x80007704 (0x03659633) mulh    a2, a1, s6
core   0: 3 0x80007704 (0x03659633) x12 0x00000000
core   0: 0x80007708 (0x0165eeb3) or      t4, a1, s6
core   0: 3 0x80007708 (0x0165eeb3) x29 0x9cd27000
core   0: 0x8000770c (0x40935193) srai    gp, t1, 9
core   0: 3 0x8000770c (0x40935193) x 3 0xffffffff
core   0: 0x80007710 (0x00000013) nop
core   0: 3 0x80007710 (0x00000013)
core   0: 0x80007714 (0x006f90b3) sll     ra, t6, t1
core   0: 3 0x80007714 (0x006f90b3) x 1 0x00000000
core   0: 0x80007718 (0x84a3e313) ori     t1, t2, -1974
core   0: 3 0x80007718 (0x84a3e313) x 6 0xfffff84b
core   0: 0x8000771c (0x413f87b3) sub     a5, t6, s3
core   0: 3 0x8000771c (0x413f87b3) x15 0xfffff8f4
core   0: 0x80007720 (0x03defbb3) remu    s7, t4, t4
core   0: 3 0x80007720 (0x03defbb3) x23 0x00000000
core   0: 0x80007724 (0x004495b3) sll     a1, s1, tp
core   0: 3 0x80007724 (0x004495b3) x11 0xbf1978d5
core   0: 0x80007728 (0x01815ab3) srl     s5, sp, s8
core   0: 3 0x80007728 (0x01815ab3) x21 0x41c34330
core   0: 0x8000772c (0x40005f33) sra     t5, zero, zero
core   0: 3 0x8000772c (0x40005f33) x30 0x00000000
core   0: 0x80007730 (0x408add93) srai    s11, s5, 8
core   0: 3 0x80007730 (0x408add93) x27 0x0041c343
core   0: 0x80007734 (0x41a45733) sra     a4, s0, s10
core   0: 3 0x80007734 (0x41a45733) x14 0x00000000
core   0: 0x80007738 (0x5e08e013) ori     zero, a7, 1504
core   0: 3 0x80007738 (0x5e08e013)
core   0: 0x8000773c (0x01c03333) snez    t1, t3
core   0: 3 0x8000773c (0x01c03333) x 6 0x00000001
core   0: 0x80007740 (0x00000013) nop
core   0: 3 0x80007740 (0x00000013)
core   0: 0x80007744 (0x01d2abb3) slt     s7, t0, t4
core   0: 3 0x80007744 (0x01d2abb3) x23 0x00000001
core   0: 0x80007748 (0x01c2bab3) sltu    s5, t0, t3
core   0: 3 0x80007748 (0x01c2bab3) x21 0x00000001
core   0: 0x8000774c (0xcd74ad93) slti    s11, s1, -809
core   0: 3 0x8000774c (0xcd74ad93) x27 0x00000001
core   0: 0x80007750 (0x00fb5413) srli    s0, s6, 15
core   0: 3 0x80007750 (0x00fb5413) x 8 0x000139a4
core   0: 0x80007754 (0x003d1493) slli    s1, s10, 3
core   0: 3 0x80007754 (0x003d1493) x 9 0x00000000
core   0: 0x80007758 (0x00d9fb33) and     s6, s3, a3
core   0: 3 0x80007758 (0x00d9fb33) x22 0x00000000
core   0: 0x8000775c (0x500ffc93) andi    s9, t6, 1280
core   0: 3 0x8000775c (0x500ffc93) x25 0x00000400
core   0: 0x80007760 (0x69e1fd13) andi    s10, gp, 1694
core   0: 3 0x80007760 (0x69e1fd13) x26 0x0000069e
core   0: 0x80007764 (0x27a5fd93) andi    s11, a1, 634
core   0: 3 0x80007764 (0x27a5fd93) x27 0x00000050
core   0: 0x80007768 (0x0344ecb3) rem     s9, s1, s4
core   0: 3 0x80007768 (0x0344ecb3) x25 0x00000000
core   0: 0x8000776c (0x4132df13) srai    t5, t0, 19
core   0: 3 0x8000776c (0x4132df13) x30 0xfffff000
core   0: 0x80007770 (0x01942933) slt     s2, s0, s9
core   0: 3 0x80007770 (0x01942933) x18 0x00000000
core   0: 0x80007774 (0x0125d093) srli    ra, a1, 18
core   0: 3 0x80007774 (0x0125d093) x 1 0x00002fc6
core   0: 0x80007778 (0xbf2bc513) xori    a0, s7, -1038
core   0: 3 0x80007778 (0xbf2bc513) x10 0xfffffbf3
core   0: 0x8000777c (0x019b1613) slli    a2, s6, 25
core   0: 3 0x8000777c (0x019b1613) x12 0x00000000
core   0: 0x80007780 (0x00329793) slli    a5, t0, 3
core   0: 3 0x80007780 (0x00329793) x15 0x000a7320
core   0: 0x80007784 (0x00ee3b33) sltu    s6, t3, a4
core   0: 3 0x80007784 (0x00ee3b33) x22 0x00000000
core   0: 0x80007788 (0xe9037c93) andi    s9, t1, -368
core   0: 3 0x80007788 (0xe9037c93) x25 0x00000000
core   0: 0x8000778c (0x2c34fd13) andi    s10, s1, 707
core   0: 3 0x8000778c (0x2c34fd13) x26 0x00000000
core   0: 0x80007790 (0x00000013) nop
core   0: 3 0x80007790 (0x00000013)
core   0: 0x80007794 (0x01cbdcb3) srl     s9, s7, t3
core   0: 3 0x80007794 (0x01cbdcb3) x25 0x00000000
core   0: 0x80007798 (0x00cfd313) srli    t1, t6, 12
core   0: 3 0x80007798 (0x00cfd313) x 6 0x000fffff
core   0: 0x8000779c (0x4bc19337) lui     t1, 0x4bc19
core   0: 3 0x8000779c (0x4bc19337) x 6 0x4bc19000
core   0: 0x800077a0 (0x001e7333) and     t1, t3, ra
core   0: 3 0x800077a0 (0x001e7333) x 6 0x00002fc6
core   0: 0x800077a4 (0x01309213) slli    tp, ra, 19
core   0: 3 0x800077a4 (0x01309213) x 4 0x7e300000
core   0: 0x800077a8 (0x0115ab33) slt     s6, a1, a7
core   0: 3 0x800077a8 (0x0115ab33) x22 0x00000001
core   0: 0x800077ac (0x018264b3) or      s1, tp, s8
core   0: 3 0x800077ac (0x018264b3) x 9 0x7e300001
core   0: 0x800077b0 (0x41995093) srai    ra, s2, 25
core   0: 3 0x800077b0 (0x41995093) x 1 0x00000000
core   0: 0x800077b4 (0x0351c733) div     a4, gp, s5
core   0: 3 0x800077b4 (0x0351c733) x14 0xffffffff
core   0: 0x800077b8 (0x00000013) nop
core   0: 3 0x800077b8 (0x00000013)
core   0: 0x800077bc (0x00000013) nop
core   0: 3 0x800077bc (0x00000013)
core   0: 0x800077c0 (0x03e95d33) divu    s10, s2, t5
core   0: 3 0x800077c0 (0x03e95d33) x26 0x00000000
core   0: 0x800077c4 (0x00aa5d93) srli    s11, s4, 10
core   0: 3 0x800077c4 (0x00aa5d93) x27 0x00200063
core   0: 0x800077c8 (0x74971097) auipc   ra, 0x74971
core   0: 3 0x800077c8 (0x74971097) x 1 0xf49787c8
core   0: 0x800077cc (0x2d366793) ori     a5, a2, 723
core   0: 3 0x800077cc (0x2d366793) x15 0x000002d3
core   0: 0x800077d0 (0x00ef5493) srli    s1, t5, 14
core   0: 3 0x800077d0 (0x00ef5493) x 9 0x0003ffff
core   0: 0x800077d4 (0x00d1bcb3) sltu    s9, gp, a3
core   0: 3 0x800077d4 (0x00d1bcb3) x25 0x00000000
core   0: 0x800077d8 (0x01401533) sll     a0, zero, s4
core   0: 3 0x800077d8 (0x01401533) x10 0x00000000
core   0: 0x800077dc (0x8c714813) xori    a6, sp, -1849
core   0: 3 0x800077dc (0x8c714813) x16 0x7c797ea7
core   0: 0x800077e0 (0x03db3e33) mulhu   t3, s6, t4
core   0: 3 0x800077e0 (0x03db3e33) x28 0x00000000
core   0: 0x800077e4 (0x408cd033) sra     zero, s9, s0
core   0: 3 0x800077e4 (0x408cd033)
core   0: 0x800077e8 (0x01ab9ab3) sll     s5, s7, s10
core   0: 3 0x800077e8 (0x01ab9ab3) x21 0x00000001
core   0: 0x800077ec (0x019319b3) sll     s3, t1, s9
core   0: 3 0x800077ec (0x019319b3) x19 0x00002fc6
core   0: 0x800077f0 (0xd0548d37) lui     s10, 0xd0548
core   0: 3 0x800077f0 (0xd0548d37) x26 0xd0548000
core   0: 0x800077f4 (0x0321b433) mulhu   s0, gp, s2
core   0: 3 0x800077f4 (0x0321b433) x 8 0x00000000
core   0: 0x800077f8 (0x00000013) nop
core   0: 3 0x800077f8 (0x00000013)
core   0: 0x800077fc (0x0365c933) div     s2, a1, s6
core   0: 3 0x800077fc (0x0365c933) x18 0xbf1978d5
core   0: 0x80007800 (0x02715b33) divu    s6, sp, t2
core   0: 3 0x80007800 (0x02715b33) x22 0x83868660
core   0: 0x80007804 (0xd6034237) lui     tp, 0xd6034
core   0: 3 0x80007804 (0xd6034237) x 4 0xd6034000
core   0: 0x80007808 (0x00000013) nop
core   0: 3 0x80007808 (0x00000013)
core   0: 0x8000780c (0x03361e33) mulh    t3, a2, s3
core   0: 3 0x8000780c (0x03361e33) x28 0x00000000
core   0: 0x80007810 (0xc8302993) slti    s3, zero, -893
core   0: 3 0x80007810 (0xc8302993) x19 0x00000000
core   0: 0x80007814 (0x0368aab3) mulhsu  s5, a7, s6
core   0: 3 0x80007814 (0x0368aab3) x21 0xffffffff
core   0: 0x80007818 (0x009824b3) slt     s1, a6, s1
core   0: 3 0x80007818 (0x009824b3) x 9 0x00000000
core   0: 0x8000781c (0x01bfdc93) srli    s9, t6, 27
core   0: 3 0x8000781c (0x01bfdc93) x25 0x0000001f
core   0: 0x80007820 (0x01f4ff33) and     t5, s1, t6
core   0: 3 0x80007820 (0x01f4ff33) x30 0x00000000
core   0: 0x80007824 (0x0348d1b3) divu    gp, a7, s4
core   0: 3 0x80007824 (0x0348d1b3) x 3 0x00000001
core   0: 0x80007828 (0x035431b3) mulhu   gp, s0, s5
core   0: 3 0x80007828 (0x035431b3) x 3 0x00000000
core   0: 0x8000782c (0x02270bb3) mul     s7, a4, sp
core   0: 3 0x8000782c (0x02270bb3) x23 0x7c7979a0
core   0: 0x80007830 (0xb68cc613) xori    a2, s9, -1176
core   0: 3 0x80007830 (0xb68cc613) x12 0xfffffb77
core   0: 0x80007834 (0x403953b3) sra     t2, s2, gp
core   0: 3 0x80007834 (0x403953b3) x 7 0xbf1978d5
core   0: 0x80007838 (0x00ab8eb3) add     t4, s7, a0
core   0: 3 0x80007838 (0x00ab8eb3) x29 0x7c7979a0
core   0: 0x8000783c (0x08df0993) addi    s3, t5, 141
core   0: 3 0x8000783c (0x08df0993) x19 0x0000008d
core   0: 0x80007840 (0xae84eb13) ori     s6, s1, -1304
core   0: 3 0x80007840 (0xae84eb13) x22 0xfffffae8
core   0: 0x80007844 (0x00c65a93) srli    s5, a2, 12
core   0: 3 0x80007844 (0x00c65a93) x21 0x000fffff
core   0: 0x80007848 (0x0140a433) slt     s0, ra, s4
core   0: 3 0x80007848 (0x0140a433) x 8 0x00000000
core   0: 0x8000784c (0x0221a533) mulhsu  a0, gp, sp
core   0: 3 0x8000784c (0x0221a533) x10 0x00000000
core   0: 0x80007850 (0x033e17b3) mulh    a5, t3, s3
core   0: 3 0x80007850 (0x033e17b3) x15 0x00000000
core   0: 0x80007854 (0x00a47eb3) and     t4, s0, a0
core   0: 3 0x80007854 (0x00a47eb3) x29 0x00000000
core   0: 0x80007858 (0x014e7d33) and     s10, t3, s4
core   0: 3 0x80007858 (0x014e7d33) x26 0x00000000
core   0: 0x8000785c (0x7e200a97) auipc   s5, 0x7e200
core   0: 3 0x8000785c (0x7e200a97) x21 0xfe20785c
core   0: 0x80007860 (0x002f6633) or      a2, t5, sp
core   0: 3 0x80007860 (0x002f6633) x12 0x83868660
core   0: 0x80007864 (0x028ea933) mulhsu  s2, t4, s0
core   0: 3 0x80007864 (0x028ea933) x18 0x00000000
core   0: 0x80007868 (0x01ab6db3) or      s11, s6, s10
core   0: 3 0x80007868 (0x01ab6db3) x27 0xfffffae8
core   0: 0x8000786c (0x416d53b3) sra     t2, s10, s6
core   0: 3 0x8000786c (0x416d53b3) x 7 0x00000000
core   0: 0x80007870 (0xe7334113) xori    sp, t1, -397
core   0: 3 0x80007870 (0xe7334113) x 2 0xffffd1b5
core   0: 0x80007874 (0x011d5a93) srli    s5, s10, 17
core   0: 3 0x80007874 (0x011d5a93) x21 0x00000000
core   0: 0x80007878 (0x00b38f13) addi    t5, t2, 11
core   0: 3 0x80007878 (0x00b38f13) x30 0x0000000b
core   0: 0x8000787c (0xc689e497) auipc   s1, 0xc689e
core   0: 3 0x8000787c (0xc689e497) x 9 0x468a587c
core   0: 0x80007880 (0x027825b3) mulhsu  a1, a6, t2
core   0: 3 0x80007880 (0x027825b3) x11 0x00000000
core   0: 0x80007884 (0x03e71933) mulh    s2, a4, t5
core   0: 3 0x80007884 (0x03e71933) x18 0xffffffff
core   0: 0x80007888 (0x03cbf9b3) remu    s3, s7, t3
core   0: 3 0x80007888 (0x03cbf9b3) x19 0x7c7979a0
core   0: 0x8000788c (0x02ab47b3) div     a5, s6, a0
core   0: 3 0x8000788c (0x02ab47b3) x15 0xffffffff
core   0: 0x80007890 (0x03b27233) remu    tp, tp, s11
core   0: 3 0x80007890 (0x03b27233) x 4 0xd6034000
core   0: 0x80007894 (0x0220a3b3) mulhsu  t2, ra, sp
core   0: 3 0x80007894 (0x0220a3b3) x 7 0xf49789d8
core   0: 0x80007898 (0x00000013) nop
core   0: 3 0x80007898 (0x00000013)
core   0: 0x8000789c (0x241f4b93) xori    s7, t5, 577
core   0: 3 0x8000789c (0x241f4b93) x23 0x0000024a
core   0: 0x800078a0 (0x0005de13) srli    t3, a1, 0
core   0: 3 0x800078a0 (0x0005de13) x28 0x00000000
core   0: 0x800078a4 (0x00506b33) or      s6, zero, t0
core   0: 3 0x800078a4 (0x00506b33) x22 0x80014e64
core   0: 0x800078a8 (0x01cb08b3) add     a7, s6, t3
core   0: 3 0x800078a8 (0x01cb08b3) x17 0x80014e64
core   0: 0x800078ac (0x003b0033) add     zero, s6, gp
core   0: 3 0x800078ac (0x003b0033)
core   0: 0x800078b0 (0x01b6dc33) srl     s8, a3, s11
core   0: 3 0x800078b0 (0x01b6dc33) x24 0x00bf197a
core   0: 0x800078b4 (0x020db633) mulhu   a2, s11, zero
core   0: 3 0x800078b4 (0x020db633) x12 0x00000000
core   0: 0x800078b8 (0x02787533) remu    a0, a6, t2
core   0: 3 0x800078b8 (0x02787533) x10 0x7c797ea7
core   0: 0x800078bc (0x40cb5533) sra     a0, s6, a2
core   0: 3 0x800078bc (0x40cb5533) x10 0x80014e64
core   0: 0x800078c0 (0x043ce593) ori     a1, s9, 67
core   0: 3 0x800078c0 (0x043ce593) x11 0x0000005f
core   0: 0x800078c4 (0xd66d8b13) addi    s6, s11, -666
core   0: 3 0x800078c4 (0xd66d8b13) x22 0xfffff84e
core   0: 0x800078c8 (0x433a2717) auipc   a4, 0x433a2
core   0: 3 0x800078c8 (0x433a2717) x14 0xc33a98c8
core   0: 0x800078cc (0x006d9993) slli    s3, s11, 6
core   0: 3 0x800078cc (0x006d9993) x19 0xfffeba00
core   0: 0x800078d0 (0x06822837) lui     a6, 0x6822
core   0: 3 0x800078d0 (0x06822837) x16 0x06822000
core   0: 0x800078d4 (0xd5bccf93) xori    t6, s9, -677
core   0: 3 0x800078d4 (0xd5bccf93) x31 0xfffffd44
core   0: 0x800078d8 (0x03a834b3) mulhu   s1, a6, s10
core   0: 3 0x800078d8 (0x03a834b3) x 9 0x00000000
core   0: 0x800078dc (0x025108b3) mul     a7, sp, t0
core   0: 3 0x800078dc (0x025108b3) x17 0x438810b4
core   0: 0x800078e0 (0x7f342c17) auipc   s8, 0x7f342
core   0: 3 0x800078e0 (0x7f342c17) x24 0xff3498e0
core   0: 0x800078e4 (0x006fa5b3) slt     a1, t6, t1
core   0: 3 0x800078e4 (0x006fa5b3) x11 0x00000001
core   0: 0x800078e8 (0x0002cd33) xor     s10, t0, zero
core   0: 3 0x800078e8 (0x0002cd33) x26 0x80014e64
core   0: 0x800078ec (0x403004b3) sub     s1, zero, gp
core   0: 3 0x800078ec (0x403004b3) x 9 0x00000000
core   0: 0x800078f0 (0x40a15c13) srai    s8, sp, 10
core   0: 3 0x800078f0 (0x40a15c13) x24 0xfffffff4
core   0: 0x800078f4 (0x01a42b33) slt     s6, s0, s10
core   0: 3 0x800078f4 (0x01a42b33) x22 0x00000000
core   0: 0x800078f8 (0xc2b0bd97) auipc   s11, 0xc2b0b
core   0: 3 0x800078f8 (0xc2b0bd97) x27 0x42b128f8
core   0: 0x800078fc (0x016d1233) sll     tp, s10, s6
core   0: 3 0x800078fc (0x016d1233) x 4 0x80014e64
core   0: 0x80007900 (0x409ad033) sra     zero, s5, s1
core   0: 3 0x80007900 (0x409ad033)
core   0: 0x80007904 (0x02af2fb3) mulhsu  t6, t5, a0
core   0: 3 0x80007904 (0x02af2fb3) x31 0x00000005
core   0: 0x80007908 (0x0330e833) rem     a6, ra, s3
core   0: 3 0x80007908 (0x0330e833) x16 0xffff85c8
core   0: 0x8000790c (0x004e5913) srli    s2, t3, 4
core   0: 3 0x8000790c (0x004e5913) x18 0x00000000
core   0: 0x80007910 (0x75ab8b13) addi    s6, s7, 1882
core   0: 3 0x80007910 (0x75ab8b13) x22 0x000009a4
core   0: 0x80007914 (0x02cb80b3) mul     ra, s7, a2
core   0: 3 0x80007914 (0x02cb80b3) x 1 0x00000000
core   0: 0x80007918 (0xca594f13) xori    t5, s2, -859
core   0: 3 0x80007918 (0xca594f13) x30 0xfffffca5
core   0: 0x8000791c (0x0399c413) xori    s0, s3, 57
core   0: 3 0x8000791c (0x0399c413) x 8 0xfffeba39
core   0: 0x80007920 (0x006775b3) and     a1, a4, t1
core   0: 3 0x80007920 (0x006775b3) x11 0x000008c0
core   0: 0x80007924 (0x02b27db3) remu    s11, tp, a1
core   0: 3 0x80007924 (0x02b27db3) x27 0x00000264
core   0: 0x80007928 (0x0249db33) divu    s6, s3, tp
core   0: 3 0x80007928 (0x0249db33) x22 0x00000001
core   0: 0x8000792c (0x9655b593) sltiu   a1, a1, -1691
core   0: 3 0x8000792c (0x9655b593) x11 0x00000001
core   0: 0x80007930 (0x01ec1b33) sll     s6, s8, t5
core   0: 3 0x80007930 (0x01ec1b33) x22 0xfffffe80
core   0: 0x80007934 (0x8fcfe317) auipc   t1, 0x8fcfe
core   0: 3 0x80007934 (0x8fcfe317) x 6 0x0fd05934
core   0: 0x80007938 (0x039c09b3) mul     s3, s8, s9
core   0: 3 0x80007938 (0x039c09b3) x19 0xfffffe8c
core   0: 0x8000793c (0x01be29b3) slt     s3, t3, s11
core   0: 3 0x8000793c (0x01be29b3) x19 0x00000001
core   0: 0x80007940 (0x40855a93) srai    s5, a0, 8
core   0: 3 0x80007940 (0x40855a93) x21 0xff80014e
core   0: 0x80007944 (0x0200bd33) mulhu   s10, ra, zero
core   0: 3 0x80007944 (0x0200bd33) x26 0x00000000
core   0: 0x80007948 (0x0267f433) remu    s0, a5, t1
core   0: 3 0x80007948 (0x0267f433) x 8 0x02fa6cbf
core   0: 0x8000794c (0xbe7bbf93) sltiu   t6, s7, -1049
core   0: 3 0x8000794c (0xbe7bbf93) x31 0x00000001
core   0: 0x80007950 (0x00551a93) slli    s5, a0, 5
core   0: 3 0x80007950 (0x00551a93) x21 0x0029cc80
core   0: 0x80007954 (0x20cf3e17) auipc   t3, 0x20cf3
core   0: 3 0x80007954 (0x20cf3e17) x28 0xa0cfa954
core   0: 0x80007958 (0x80b42193) slti    gp, s0, -2037
core   0: 3 0x80007958 (0x80b42193) x 3 0x00000000
core   0: 0x8000795c (0x0152b1b3) sltu    gp, t0, s5
core   0: 3 0x8000795c (0x0152b1b3) x 3 0x00000000
core   0: 0x80007960 (0x02dacdb3) div     s11, s5, a3
core   0: 3 0x80007960 (0x02dacdb3) x27 0x00000000
core   0: 0x80007964 (0xaf877f13) andi    t5, a4, -1288
core   0: 3 0x80007964 (0xaf877f13) x30 0xc33a98c8
core   0: 0x80007968 (0x00f4cdb3) xor     s11, s1, a5
core   0: 3 0x80007968 (0x00f4cdb3) x27 0xffffffff
core   0: 0x8000796c (0x53662b93) slti    s7, a2, 1334
core   0: 3 0x8000796c (0x53662b93) x23 0x00000001
core   0: 0x80007970 (0x01500433) add     s0, zero, s5
core   0: 3 0x80007970 (0x01500433) x 8 0x0029cc80
core   0: 0x80007974 (0x00116eb3) or      t4, sp, ra
core   0: 3 0x80007974 (0x00116eb3) x29 0xffffd1b5
core   0: 0x80007978 (0x012d5793) srli    a5, s10, 18
core   0: 3 0x80007978 (0x012d5793) x15 0x00000000
core   0: 0x8000797c (0x0278a933) mulhsu  s2, a7, t2
core   0: 3 0x8000797c (0x0278a933) x18 0x4085a98a
core   0: 0x80007980 (0x64666613) ori     a2, a2, 1606
core   0: 3 0x80007980 (0x64666613) x12 0x00000646
core   0: 0x80007984 (0x03ae59b3) divu    s3, t3, s10
core   0: 3 0x80007984 (0x03ae59b3) x19 0xffffffff
core   0: 0x80007988 (0x037eb433) mulhu   s0, t4, s7
core   0: 3 0x80007988 (0x037eb433) x 8 0x00000000
core   0: 0x8000798c (0x0398ac33) mulhsu  s8, a7, s9
core   0: 3 0x8000798c (0x0398ac33) x24 0x00000008
core   0: 0x80007990 (0x00d617b3) sll     a5, a2, a3
core   0: 3 0x80007990 (0x00d617b3) x15 0x01918000
core   0: 0x80007994 (0x01abd8b3) srl     a7, s7, s10
core   0: 3 0x80007994 (0x01abd8b3) x17 0x00000001
core   0: 0x80007998 (0x02ef7333) remu    t1, t5, a4
core   0: 3 0x80007998 (0x02ef7333) x 6 0x00000000
core   0: 0x8000799c (0x02d6bab3) mulhu   s5, a3, a3
core   0: 3 0x8000799c (0x02d6bab3) x21 0x8ea70769
core   0: 0x800079a0 (0x0028c8b3) xor     a7, a7, sp
core   0: 3 0x800079a0 (0x0028c8b3) x17 0xffffd1b4
core   0: 0x800079a4 (0x40e3db13) srai    s6, t2, 14
core   0: 3 0x800079a4 (0x40e3db13) x22 0xffffd25e
core   0: 0x800079a8 (0x41365033) sra     zero, a2, s3
core   0: 3 0x800079a8 (0x41365033)
core   0: 0x800079ac (0x00d5ee33) or      t3, a1, a3
core   0: 3 0x800079ac (0x00d5ee33) x28 0xbf197a8f
core   0: 0x800079b0 (0x02911b33) mulh    s6, sp, s1
core   0: 3 0x800079b0 (0x02911b33) x22 0x00000000
core   0: 0x800079b4 (0x273ffd97) auipc   s11, 0x273ff
core   0: 3 0x800079b4 (0x273ffd97) x27 0xa74069b4
core   0: 0x800079b8 (0x033bd133) divu    sp, s7, s3
core   0: 3 0x800079b8 (0x033bd133) x 2 0x00000000
core   0: 0x800079bc (0x0ce53113) sltiu   sp, a0, 206
core   0: 3 0x800079bc (0x0ce53113) x 2 0x00000000
core   0: 0x800079c0 (0x3588bb13) sltiu   s6, a7, 856
core   0: 3 0x800079c0 (0x3588bb13) x22 0x00000000
core   0: 0x800079c4 (0x01fc5a93) srli    s5, s8, 31
core   0: 3 0x800079c4 (0x01fc5a93) x21 0x00000000
core   0: 0x800079c8 (0x023ef5b3) remu    a1, t4, gp
core   0: 3 0x800079c8 (0x023ef5b3) x11 0xffffd1b5
core   0: 0x800079cc (0x643c8493) addi    s1, s9, 1603
core   0: 3 0x800079cc (0x643c8493) x 9 0x00000662
core   0: 0x800079d0 (0x00000013) nop
core   0: 3 0x800079d0 (0x00000013)
core   0: 0x800079d4 (0x00e29ab3) sll     s5, t0, a4
core   0: 3 0x800079d4 (0x00e29ab3) x21 0x014e6400
core   0: 0x800079d8 (0xef7e9317) auipc   t1, 0xef7e9
core   0: 3 0x800079d8 (0xef7e9317) x 6 0x6f7f09d8
core   0: 0x800079dc (0x0338c7b3) div     a5, a7, s3
core   0: 3 0x800079dc (0x0338c7b3) x15 0x00002e4c
core   0: 0x800079e0 (0x029f1033) mulh    zero, t5, s1
core   0: 3 0x800079e0 (0x029f1033)
core   0: 0x800079e4 (0x00e595b3) sll     a1, a1, a4
core   0: 3 0x800079e4 (0x00e595b3) x11 0xffd1b500
core   0: 0x800079e8 (0xf9628013) addi    zero, t0, -106
core   0: 3 0x800079e8 (0xf9628013)
core   0: 0x800079ec (0x00269eb3) sll     t4, a3, sp
core   0: 3 0x800079ec (0x00269eb3) x29 0xbf197a8e
core   0: 0x800079f0 (0x5e66e313) ori     t1, a3, 1510
core   0: 3 0x800079f0 (0x5e66e313) x 6 0xbf197fee
core   0: 0x800079f4 (0x40810b33) sub     s6, sp, s0
core   0: 3 0x800079f4 (0x40810b33) x22 0x00000000
core   0: 0x800079f8 (0xeb920e13) addi    t3, tp, -327
core   0: 3 0x800079f8 (0xeb920e13) x28 0x80014d1d
core   0: 0x800079fc (0x01319393) slli    t2, gp, 19
core   0: 3 0x800079fc (0x01319393) x 7 0x00000000
core   0: 0x80007a00 (0xab59c793) xori    a5, s3, -1355
core   0: 3 0x80007a00 (0xab59c793) x15 0x0000054a
core   0: 0x80007a04 (0x029fb533) mulhu   a0, t6, s1
core   0: 3 0x80007a04 (0x029fb533) x10 0x00000000
core   0: 0x80007a08 (0x0158e733) or      a4, a7, s5
core   0: 3 0x80007a08 (0x0158e733) x14 0xfffff5b4
core   0: 0x80007a0c (0x01795a93) srli    s5, s2, 23
core   0: 3 0x80007a0c (0x01795a93) x21 0x00000081
core   0: 0x80007a10 (0x00378fb3) add     t6, a5, gp
core   0: 3 0x80007a10 (0x00378fb3) x31 0x0000054a
core   0: 0x80007a14 (0x011c0033) add     zero, s8, a7
core   0: 3 0x80007a14 (0x011c0033)
core   0: 0x80007a18 (0x03cc4d33) div     s10, s8, t3
core   0: 3 0x80007a18 (0x03cc4d33) x26 0x00000000
core   0: 0x80007a1c (0x02b85f33) divu    t5, a6, a1
core   0: 3 0x80007a1c (0x02b85f33) x30 0x00000001
core   0: 0x80007a20 (0x401084b3) sub     s1, ra, ra
core   0: 3 0x80007a20 (0x401084b3) x 9 0x00000000
core   0: 0x80007a24 (0x01751613) slli    a2, a0, 23
core   0: 3 0x80007a24 (0x01751613) x12 0x00000000
core   0: 0x80007a28 (0x02a059b3) divu    s3, zero, a0
core   0: 3 0x80007a28 (0x02a059b3) x19 0xffffffff
core   0: 0x80007a2c (0x03dbeeb3) rem     t4, s7, t4
core   0: 3 0x80007a2c (0x03dbeeb3) x29 0x00000001
core   0: 0x80007a30 (0xd7d90193) addi    gp, s2, -643
core   0: 3 0x80007a30 (0xd7d90193) x 3 0x4085a707
core   0: 0x80007a34 (0xfb8ee393) ori     t2, t4, -72
core   0: 3 0x80007a34 (0xfb8ee393) x 7 0xffffffb9
core   0: 0x80007a38 (0x01935893) srli    a7, t1, 25
core   0: 3 0x80007a38 (0x01935893) x17 0x0000005f
core   0: 0x80007a3c (0x03ae6133) rem     sp, t3, s10
core   0: 3 0x80007a3c (0x03ae6133) x 2 0x80014d1d
core   0: 0x80007a40 (0x01714b33) xor     s6, sp, s7
core   0: 3 0x80007a40 (0x01714b33) x22 0x80014d1c
core   0: 0x80007a44 (0x0202d533) divu    a0, t0, zero
core   0: 3 0x80007a44 (0x0202d533) x10 0xffffffff
core   0: 0x80007a48 (0x407ed593) srai    a1, t4, 7
core   0: 3 0x80007a48 (0x407ed593) x11 0x00000000
core   0: 0x80007a4c (0x007ef733) and     a4, t4, t2
core   0: 3 0x80007a4c (0x007ef733) x14 0x00000001
core   0: 0x80007a50 (0x03c9e4b3) rem     s1, s3, t3
core   0: 3 0x80007a50 (0x03c9e4b3) x 9 0xffffffff
core   0: 0x80007a54 (0x03cd40b3) div     ra, s10, t3
core   0: 3 0x80007a54 (0x03cd40b3) x 1 0x00000000
core   0: 0x80007a58 (0xe9877797) auipc   a5, 0xe9877
core   0: 3 0x80007a58 (0xe9877797) x15 0x6987ea58
core   0: 0x80007a5c (0x605deb13) ori     s6, s11, 1541
core   0: 3 0x80007a5c (0x605deb13) x22 0xa7406fb5
core   0: 0x80007a60 (0x014bc033) xor     zero, s7, s4
core   0: 3 0x80007a60 (0x014bc033)
core   0: 0x80007a64 (0x2373c017) auipc   zero, 0x2373c
core   0: 3 0x80007a64 (0x2373c017)
core   0: 0x80007a68 (0x03da8eb3) mul     t4, s5, t4
core   0: 3 0x80007a68 (0x03da8eb3) x29 0x00000081
core   0: 0x80007a6c (0x036c31b3) mulhu   gp, s8, s6
core   0: 3 0x80007a6c (0x036c31b3) x 3 0x00000005
core   0: 0x80007a70 (0x009061b3) or      gp, zero, s1
core   0: 3 0x80007a70 (0x009061b3) x 3 0xffffffff
core   0: 0x80007a74 (0x02e0f5b3) remu    a1, ra, a4
core   0: 3 0x80007a74 (0x02e0f5b3) x11 0x00000000
core   0: 0x80007a78 (0x03df6b33) rem     s6, t5, t4
core   0: 3 0x80007a78 (0x03df6b33) x22 0x00000001
core   0: 0x80007a7c (0x0114cdb3) xor     s11, s1, a7
core   0: 3 0x80007a7c (0x0114cdb3) x27 0xffffffa0
core   0: 0x80007a80 (0x4183dd33) sra     s10, t2, s8
core   0: 3 0x80007a80 (0x4183dd33) x26 0xffffffff
core   0: 0x80007a84 (0x03124fb3) div     t6, tp, a7
core   0: 3 0x80007a84 (0x03124fb3) x31 0xfea71663
core   0: 0x80007a88 (0x40a0d793) srai    a5, ra, 10
core   0: 3 0x80007a88 (0x40a0d793) x15 0x00000000
core   0: 0x80007a8c (0x0332b933) mulhu   s2, t0, s3
core   0: 3 0x80007a8c (0x0332b933) x18 0x80014e63
core   0: 0x80007a90 (0x01ab78b3) and     a7, s6, s10
core   0: 3 0x80007a90 (0x01ab78b3) x17 0x00000001
core   0: 0x80007a94 (0x40500f33) sub     t5, zero, t0
core   0: 3 0x80007a94 (0x40500f33) x30 0x7ffeb19c
core   0: 0x80007a98 (0x00632c33) slt     s8, t1, t1
core   0: 3 0x80007a98 (0x00632c33) x24 0x00000000
core   0: 0x80007a9c (0x01fbd013) srli    zero, s7, 31
core   0: 3 0x80007a9c (0x01fbd013)
core   0: 0x80007aa0 (0x00ff9fb3) sll     t6, t6, a5
core   0: 3 0x80007aa0 (0x00ff9fb3) x31 0xfea71663
core   0: 0x80007aa4 (0x030404b3) mul     s1, s0, a6
core   0: 3 0x80007aa4 (0x030404b3) x 9 0x00000000
core   0: 0x80007aa8 (0x4153d813) srai    a6, t2, 21
core   0: 3 0x80007aa8 (0x4153d813) x16 0xffffffff
core   0: 0x80007aac (0x41ad5e13) srai    t3, s10, 26
core   0: 3 0x80007aac (0x41ad5e13) x28 0xffffffff
core   0: 0x80007ab0 (0x00c99f33) sll     t5, s3, a2
core   0: 3 0x80007ab0 (0x00c99f33) x30 0xffffffff
core   0: 0x80007ab4 (0x00353ab3) sltu    s5, a0, gp
core   0: 3 0x80007ab4 (0x00353ab3) x21 0x00000000
core   0: 0x80007ab8 (0x024cd5b3) divu    a1, s9, tp
core   0: 3 0x80007ab8 (0x024cd5b3) x11 0x00000000
core   0: 0x80007abc (0x00681433) sll     s0, a6, t1
core   0: 3 0x80007abc (0x00681433) x 8 0xffffc000
core   0: 0x80007ac0 (0x014264b3) or      s1, tp, s4
core   0: 3 0x80007ac0 (0x014264b3) x 9 0x8001cee4
core   0: 0x80007ac4 (0x00000013) nop
core   0: 3 0x80007ac4 (0x00000013)
core   0: 0x80007ac8 (0xacad2513) slti    a0, s10, -1334
core   0: 3 0x80007ac8 (0xacad2513) x10 0x00000000
core   0: 0x80007acc (0x00482c33) slt     s8, a6, tp
core   0: 3 0x80007acc (0x00482c33) x24 0x00000000
core   0: 0x80007ad0 (0xfabe2213) slti    tp, t3, -85
core   0: 3 0x80007ad0 (0xfabe2213) x 4 0x00000000
core   0: 0x80007ad4 (0x03de4e33) div     t3, t3, t4
core   0: 3 0x80007ad4 (0x03de4e33) x28 0x00000000
core   0: 0x80007ad8 (0x01ced193) srli    gp, t4, 28
core   0: 3 0x80007ad8 (0x01ced193) x 3 0x00000000
core   0: 0x80007adc (0x01c9e633) or      a2, s3, t3
core   0: 3 0x80007adc (0x01c9e633) x12 0xffffffff
core   0: 0x80007ae0 (0x412b0cb3) sub     s9, s6, s2
core   0: 3 0x80007ae0 (0x412b0cb3) x25 0x7ffeb19e
core   0: 0x80007ae4 (0xbdd17b17) auipc   s6, 0xbdd17
core   0: 3 0x80007ae4 (0xbdd17b17) x22 0x3dd1eae4
core   0: 0x80007ae8 (0x00e5ad33) slt     s10, a1, a4
core   0: 3 0x80007ae8 (0x00e5ad33) x26 0x00000001
core   0: 0x80007aec (0x02d5f7b3) remu    a5, a1, a3
core   0: 3 0x80007aec (0x02d5f7b3) x15 0x00000000
core   0: 0x80007af0 (0x02d031b3) mulhu   gp, zero, a3
core   0: 3 0x80007af0 (0x02d031b3) x 3 0x00000000
core   0: 0x80007af4 (0x6c6b2e93) slti    t4, s6, 1734
core   0: 3 0x80007af4 (0x6c6b2e93) x29 0x00000000
core   0: 0x80007af8 (0x03093c33) mulhu   s8, s2, a6
core   0: 3 0x80007af8 (0x03093c33) x24 0x80014e62
core   0: 0x80007afc (0x01f0d133) srl     sp, ra, t6
core   0: 3 0x80007afc (0x01f0d133) x 2 0x00000000
core   0: 0x80007b00 (0x6b0c3e93) sltiu   t4, s8, 1712
core   0: 3 0x80007b00 (0x6b0c3e93) x29 0x00000000
core   0: 0x80007b04 (0x00000013) nop
core   0: 3 0x80007b04 (0x00000013)
core   0: 0x80007b08 (0x00a95f33) srl     t5, s2, a0
core   0: 3 0x80007b08 (0x00a95f33) x30 0x80014e63
core   0: 0x80007b0c (0x41538c33) sub     s8, t2, s5
core   0: 3 0x80007b0c (0x41538c33) x24 0xffffffb9
core   0: 0x80007b10 (0x0346a4b3) mulhsu  s1, a3, s4
core   0: 3 0x80007b10 (0x0346a4b3) x 9 0xdf8c58a8
core   0: 0x80007b14 (0x00468e33) add     t3, a3, tp
core   0: 3 0x80007b14 (0x00468e33) x28 0xbf197a8e
core   0: 0x80007b18 (0x016ea433) slt     s0, t4, s6
core   0: 3 0x80007b18 (0x016ea433) x 8 0x00000001
core   0: 0x80007b1c (0x005e2c33) slt     s8, t3, t0
core   0: 3 0x80007b1c (0x005e2c33) x24 0x00000000
core   0: 0x80007b20 (0xd0eee893) ori     a7, t4, -754
core   0: 3 0x80007b20 (0xd0eee893) x17 0xfffffd0e
core   0: 0x80007b24 (0x41795333) sra     t1, s2, s7
core   0: 3 0x80007b24 (0x41795333) x 6 0xc000a731
core   0: 0x80007b28 (0x03662033) mulhsu  zero, a2, s6
core   0: 3 0x80007b28 (0x03662033)
core   0: 0x80007b2c (0x40fb5a93) srai    s5, s6, 15
core   0: 3 0x80007b2c (0x40fb5a93) x21 0x00007ba3
core   0: 0x80007b30 (0x6e824193) xori    gp, tp, 1768
core   0: 3 0x80007b30 (0x6e824193) x 3 0x000006e8
core   0: 0x80007b34 (0x3f64cb13) xori    s6, s1, 1014
core   0: 3 0x80007b34 (0x3f64cb13) x22 0xdf8c5b5e
core   0: 0x80007b38 (0x3b2e3b93) sltiu   s7, t3, 946
core   0: 3 0x80007b38 (0x3b2e3b93) x23 0x00000000
core   0: 0x80007b3c (0x77d54e93) xori    t4, a0, 1917
core   0: 3 0x80007b3c (0x77d54e93) x29 0x0000077d
core   0: 0x80007b40 (0x0a137313) andi    t1, t1, 161
core   0: 3 0x80007b40 (0x0a137313) x 6 0x00000021
core   0: 0x80007b44 (0x014a5ab3) srl     s5, s4, s4
core   0: 3 0x80007b44 (0x014a5ab3) x21 0x080018ce
core   0: 0x80007b48 (0x01da5633) srl     a2, s4, t4
core   0: 3 0x80007b48 (0x01da5633) x12 0x00000004
core   0: 0x80007b4c (0x02b158b3) divu    a7, sp, a1
core   0: 3 0x80007b4c (0x02b158b3) x17 0xffffffff
core   0: 0x80007b50 (0x01d23533) sltu    a0, tp, t4
core   0: 3 0x80007b50 (0x01d23533) x10 0x00000001
core   0: 0x80007b54 (0x0079e0b3) or      ra, s3, t2
core   0: 3 0x80007b54 (0x0079e0b3) x 1 0xffffffff
core   0: 0x80007b58 (0x00f413b3) sll     t2, s0, a5
core   0: 3 0x80007b58 (0x00f413b3) x 7 0x00000001
core   0: 0x80007b5c (0x015495b3) sll     a1, s1, s5
core   0: 3 0x80007b5c (0x015495b3) x11 0x162a0000
core   0: 0x80007b60 (0x016d9033) sll     zero, s11, s6
core   0: 3 0x80007b60 (0x016d9033)
core   0: 0x80007b64 (0x40a688b3) sub     a7, a3, a0
core   0: 3 0x80007b64 (0x40a688b3) x17 0xbf197a8d
core   0: 0x80007b68 (0x40d904b3) sub     s1, s2, a3
core   0: 3 0x80007b68 (0x40d904b3) x 9 0xc0e7d3d5
core   0: 0x80007b6c (0x01485533) srl     a0, a6, s4
core   0: 3 0x80007b6c (0x01485533) x10 0x0fffffff
core   0: 0x80007b70 (0x01c0b1b3) sltu    gp, ra, t3
core   0: 3 0x80007b70 (0x01c0b1b3) x 3 0x00000000
core   0: 0x80007b74 (0x03bed8b3) divu    a7, t4, s11
core   0: 3 0x80007b74 (0x03bed8b3) x17 0x00000000
core   0: 0x80007b78 (0x02a68c33) mul     s8, a3, a0
core   0: 3 0x80007b78 (0x02a68c33) x24 0x20e68572
core   0: 0x80007b7c (0x7fb73813) sltiu   a6, a4, 2043
core   0: 3 0x80007b7c (0x7fb73813) x16 0x00000001
core   0: 0x80007b80 (0x4136da93) srai    s5, a3, 19
core   0: 3 0x80007b80 (0x4136da93) x21 0xfffff7e3
core   0: 0x80007b84 (0x71b82397) auipc   t2, 0x71b82
core   0: 3 0x80007b84 (0x71b82397) x 7 0xf1b89b84
core   0: 0x80007b88 (0xea98a393) slti    t2, a7, -343
core   0: 3 0x80007b88 (0xea98a393) x 7 0x00000000
core   0: 0x80007b8c (0x038c3eb3) mulhu   t4, s8, s8
core   0: 3 0x80007b8c (0x038c3eb3) x29 0x043a70f0
core   0: 0x80007b90 (0x977f7e13) andi    t3, t5, -1673
core   0: 3 0x80007b90 (0x977f7e13) x28 0x80014863
core   0: 0x80007b94 (0x01dc90b3) sll     ra, s9, t4
core   0: 3 0x80007b94 (0x01dc90b3) x 1 0xb19e0000
core   0: 0x80007b98 (0x00add893) srli    a7, s11, 10
core   0: 3 0x80007b98 (0x00add893) x17 0x003fffff
core   0: 0x80007b9c (0xa2976637) lui     a2, 0xa2976
core   0: 3 0x80007b9c (0xa2976637) x12 0xa2976000
core   0: 0x80007ba0 (0x01de61b3) or      gp, t3, t4
core   0: 3 0x80007ba0 (0x01de61b3) x 3 0x843b78f3
core   0: 0x80007ba4 (0x0153b8b7) lui     a7, 0x153b
core   0: 3 0x80007ba4 (0x0153b8b7) x17 0x0153b000
core   0: 0x80007ba8 (0x00000013) nop
core   0: 3 0x80007ba8 (0x00000013)
core   0: 0x80007bac (0x036cf833) remu    a6, s9, s6
core   0: 3 0x80007bac (0x036cf833) x16 0x7ffeb19e
core   0: 0x80007bb0 (0x01641bb3) sll     s7, s0, s6
core   0: 3 0x80007bb0 (0x01641bb3) x23 0x40000000
core   0: 0x80007bb4 (0x023c7333) remu    t1, s8, gp
core   0: 3 0x80007bb4 (0x023c7333) x 6 0x20e68572
core   0: 0x80007bb8 (0xd7c16013) ori     zero, sp, -644
core   0: 3 0x80007bb8 (0xd7c16013)
core   0: 0x80007bbc (0x01e29a93) slli    s5, t0, 30
core   0: 3 0x80007bbc (0x01e29a93) x21 0x00000000
core   0: 0x80007bc0 (0x011e4833) xor     a6, t3, a7
core   0: 3 0x80007bc0 (0x011e4833) x16 0x8152f863
core   0: 0x80007bc4 (0x01519eb3) sll     t4, gp, s5
core   0: 3 0x80007bc4 (0x01519eb3) x29 0x843b78f3
core   0: 0x80007bc8 (0x01721133) sll     sp, tp, s7
core   0: 3 0x80007bc8 (0x01721133) x 2 0x00000000
core   0: 0x80007bcc (0x1e998d93) addi    s11, s3, 489
core   0: 3 0x80007bcc (0x1e998d93) x27 0x000001e8
core   0: 0x80007bd0 (0x67866193) ori     gp, a2, 1656
core   0: 3 0x80007bd0 (0x67866193) x 3 0xa2976678
core   0: 0x80007bd4 (0xc2d92f93) slti    t6, s2, -979
core   0: 3 0x80007bd4 (0xc2d92f93) x31 0x00000001
core   0: 0x80007bd8 (0x026985b3) mul     a1, s3, t1
core   0: 3 0x80007bd8 (0x026985b3) x11 0xdf197a8e
core   0: 0x80007bdc (0x033dfc33) remu    s8, s11, s3
core   0: 3 0x80007bdc (0x033dfc33) x24 0x000001e8
core   0: 0x80007be0 (0x014e28b3) slt     a7, t3, s4
core   0: 3 0x80007be0 (0x014e28b3) x17 0x00000001
core   0: 0x80007be4 (0x0326e4b3) rem     s1, a3, s2
core   0: 3 0x80007be4 (0x0326e4b3) x 9 0xbf197a8e
core   0: 0x80007be8 (0x002dc733) xor     a4, s11, sp
core   0: 3 0x80007be8 (0x002dc733) x14 0x000001e8
core   0: 0x80007bec (0x00b3f8b3) and     a7, t2, a1
core   0: 3 0x80007bec (0x00b3f8b3) x17 0x00000000
core   0: 0x80007bf0 (0x482dc893) xori    a7, s11, 1154
core   0: 3 0x80007bf0 (0x482dc893) x17 0x0000056a
core   0: 0x80007bf4 (0x03c895b3) mulh    a1, a7, t3
core   0: 3 0x80007bf4 (0x03c895b3) x11 0xfffffd4b
core   0: 0x80007bf8 (0xdc2eff13) andi    t5, t4, -574
core   0: 3 0x80007bf8 (0xdc2eff13) x30 0x843b78c2
core   0: 0x80007bfc (0xda610d37) lui     s10, 0xda610
core   0: 3 0x80007bfc (0xda610d37) x26 0xda610000
core   0: 0x80007c00 (0x03b89cb3) mulh    s9, a7, s11
core   0: 3 0x80007c00 (0x03b89cb3) x25 0x00000000
core   0: 0x80007c04 (0x015471b3) and     gp, s0, s5
core   0: 3 0x80007c04 (0x015471b3) x 3 0x00000000
core   0: 0x80007c08 (0x02ff9833) mulh    a6, t6, a5
core   0: 3 0x80007c08 (0x02ff9833) x16 0x00000000
core   0: 0x80007c0c (0x02b67cb3) remu    s9, a2, a1
core   0: 3 0x80007c0c (0x02b67cb3) x25 0xa2976000
core   0: 0x80007c10 (0x007b9593) slli    a1, s7, 7
core   0: 3 0x80007c10 (0x007b9593) x11 0x00000000
core   0: 0x80007c14 (0x15aa8d13) addi    s10, s5, 346
core   0: 3 0x80007c14 (0x15aa8d13) x26 0x0000015a
core   0: 0x80007c18 (0x41badd13) srai    s10, s5, 27
core   0: 3 0x80007c18 (0x41badd13) x26 0x00000000
core   0: 0x80007c1c (0x026679b3) remu    s3, a2, t1
core   0: 3 0x80007c1c (0x026679b3) x19 0x1efd4a38
core   0: 0x80007c20 (0x01941633) sll     a2, s0, s9
core   0: 3 0x80007c20 (0x01941633) x12 0x00000001
core   0: 0x80007c24 (0x03ad8ab3) mul     s5, s11, s10
core   0: 3 0x80007c24 (0x03ad8ab3) x21 0x00000000
core   0: 0x80007c28 (0x00499993) slli    s3, s3, 4
core   0: 3 0x80007c28 (0x00499993) x19 0xefd4a380
core   0: 0x80007c2c (0x00b04eb3) xor     t4, zero, a1
core   0: 3 0x80007c2c (0x00b04eb3) x29 0x00000000
core   0: 0x80007c30 (0x4f536793) ori     a5, t1, 1269
core   0: 3 0x80007c30 (0x4f536793) x15 0x20e685f7
core   0: 0x80007c34 (0x01f4be33) sltu    t3, s1, t6
core   0: 3 0x80007c34 (0x01f4be33) x28 0x00000000
core   0: 0x80007c38 (0x0303dc33) divu    s8, t2, a6
core   0: 3 0x80007c38 (0x0303dc33) x24 0xffffffff
core   0: 0x80007c3c (0x8b56c0b7) lui     ra, 0x8b56c
core   0: 3 0x80007c3c (0x8b56c0b7) x 1 0x8b56c000
core   0: 0x80007c40 (0x01a0cb33) xor     s6, ra, s10
core   0: 3 0x80007c40 (0x01a0cb33) x22 0x8b56c000
core   0: 0x80007c44 (0x00a93eb3) sltu    t4, s2, a0
core   0: 3 0x80007c44 (0x00a93eb3) x29 0x00000000
core   0: 0x80007c48 (0x01918d33) add     s10, gp, s9
core   0: 3 0x80007c48 (0x01918d33) x26 0xa2976000
core   0: 0x80007c4c (0xc02d1317) auipc   t1, 0xc02d1
core   0: 3 0x80007c4c (0xc02d1317) x 6 0x402d8c4c
core   0: 0x80007c50 (0x032335b3) mulhu   a1, t1, s2
core   0: 3 0x80007c50 (0x032335b3) x11 0x201719fa
core   0: 0x80007c54 (0x9035a013) slti    zero, a1, -1789
core   0: 3 0x80007c54 (0x9035a013)
core   0: 0x80007c58 (0x0d030593) addi    a1, t1, 208
core   0: 3 0x80007c58 (0x0d030593) x11 0x402d8d1c
core   0: 0x80007c5c (0x03559b33) mulh    s6, a1, s5
core   0: 3 0x80007c5c (0x03559b33) x22 0x00000000
core   0: 0x80007c60 (0x2a592793) slti    a5, s2, 677
core   0: 3 0x80007c60 (0x2a592793) x15 0x00000001
core   0: 0x80007c64 (0xa9d18c17) auipc   s8, 0xa9d18
core   0: 3 0x80007c64 (0xa9d18c17) x24 0x29d1fc64
core   0: 0x80007c68 (0x01e31793) slli    a5, t1, 30
core   0: 3 0x80007c68 (0x01e31793) x15 0x00000000
core   0: 0x80007c6c (0x03d2d833) divu    a6, t0, t4
core   0: 3 0x80007c6c (0x03d2d833) x16 0xffffffff
core   0: 0x80007c70 (0x00048bb3) add     s7, s1, zero
core   0: 3 0x80007c70 (0x00048bb3) x23 0xbf197a8e
core   0: 0x80007c74 (0x02191cb3) mulh    s9, s2, ra
core   0: 3 0x80007c74 (0x02191cb3) x25 0x3a54079e
core   0: 0x80007c78 (0xefa6ef93) ori     t6, a3, -262
core   0: 3 0x80007c78 (0xefa6ef93) x31 0xfffffefe
core   0: 0x80007c7c (0x03072033) mulhsu  zero, a4, a6
core   0: 3 0x80007c7c (0x03072033)
core   0: 0x80007c80 (0x000507b3) add     a5, a0, zero
core   0: 3 0x80007c80 (0x000507b3) x15 0x0fffffff
core   0: 0x80007c84 (0x41348c33) sub     s8, s1, s3
core   0: 3 0x80007c84 (0x41348c33) x24 0xcf44d70e
core   0: 0x80007c88 (0x003f15b3) sll     a1, t5, gp
core   0: 3 0x80007c88 (0x003f15b3) x11 0x843b78c2
core   0: 0x80007c8c (0x00383e33) sltu    t3, a6, gp
core   0: 3 0x80007c8c (0x00383e33) x28 0x00000000
core   0: 0x80007c90 (0x03db80b3) mul     ra, s7, t4
core   0: 3 0x80007c90 (0x03db80b3) x 1 0x00000000
core   0: 0x80007c94 (0x4260c837) lui     a6, 0x4260c
core   0: 3 0x80007c94 (0x4260c837) x16 0x4260c000
core   0: 0x80007c98 (0x022f9ab3) mulh    s5, t6, sp
core   0: 3 0x80007c98 (0x022f9ab3) x21 0x00000000
core   0: 0x80007c9c (0x01a27033) and     zero, tp, s10
core   0: 3 0x80007c9c (0x01a27033)
core   0: 0x80007ca0 (0x039d0633) mul     a2, s10, s9
core   0: 3 0x80007ca0 (0x039d0633) x12 0xfd0d4000
core   0: 0x80007ca4 (0x029c55b3) divu    a1, s8, s1
core   0: 3 0x80007ca4 (0x029c55b3) x11 0x00000001
core   0: 0x80007ca8 (0xd6bed637) lui     a2, 0xd6bed
core   0: 3 0x80007ca8 (0xd6bed637) x12 0xd6bed000
core   0: 0x80007cac (0x07eb7e13) andi    t3, s6, 126
core   0: 3 0x80007cac (0x07eb7e13) x28 0x00000000
core   0: 0x80007cb0 (0x00dd5433) srl     s0, s10, a3
core   0: 3 0x80007cb0 (0x00dd5433) x 8 0x00028a5d
core   0: 0x80007cb4 (0x004d1593) slli    a1, s10, 4
core   0: 3 0x80007cb4 (0x004d1593) x11 0x29760000
core   0: 0x80007cb8 (0x006caab3) slt     s5, s9, t1
core   0: 3 0x80007cb8 (0x006caab3) x21 0x00000001
core   0: 0x80007cbc (0x030e7433) remu    s0, t3, a6
core   0: 3 0x80007cbc (0x030e7433) x 8 0x00000000
core   0: 0x80007cc0 (0x00c83633) sltu    a2, a6, a2
core   0: 3 0x80007cc0 (0x00c83633) x12 0x00000001
core   0: 0x80007cc4 (0x53462093) slti    ra, a2, 1332
core   0: 3 0x80007cc4 (0x53462093) x 1 0x00000001
core   0: 0x80007cc8 (0x01530eb3) add     t4, t1, s5
core   0: 3 0x80007cc8 (0x01530eb3) x29 0x402d8c4d
core   0: 0x80007ccc (0xf5498c93) addi    s9, s3, -172
core   0: 3 0x80007ccc (0xf5498c93) x25 0xefd4a2d4
core   0: 0x80007cd0 (0x44376913) ori     s2, a4, 1091
core   0: 3 0x80007cd0 (0x44376913) x18 0x000005eb
core   0: 0x80007cd4 (0x016a4f33) xor     t5, s4, s6
core   0: 3 0x80007cd4 (0x016a4f33) x30 0x80018ce4
core   0: 0x80007cd8 (0x03673333) mulhu   t1, a4, s6
core   0: 3 0x80007cd8 (0x03673333) x 6 0x00000000
core   0: 0x80007cdc (0x01fa03b3) add     t2, s4, t6
core   0: 3 0x80007cdc (0x01fa03b3) x 7 0x80018be2
core   0: 0x80007ce0 (0x01ffa033) slt     zero, t6, t6
core   0: 3 0x80007ce0 (0x01ffa033)
core   0: 0x80007ce4 (0x00268fb3) add     t6, a3, sp
core   0: 3 0x80007ce4 (0x00268fb3) x31 0xbf197a8e
core   0: 0x80007ce8 (0x02ac41b3) div     gp, s8, a0
core   0: 3 0x80007ce8 (0x02ac41b3) x 3 0xfffffffd
core   0: 0x80007cec (0x03050833) mul     a6, a0, a6
core   0: 3 0x80007cec (0x03050833) x16 0xbd9f4000
core   0: 0x80007cf0 (0x01919f13) slli    t5, gp, 25
core   0: 3 0x80007cf0 (0x01919f13) x30 0xfa000000
core   0: 0x80007cf4 (0x0982e813) ori     a6, t0, 152
core   0: 3 0x80007cf4 (0x0982e813) x16 0x80014efc
core   0: 0x80007cf8 (0x030949b3) div     s3, s2, a6
core   0: 3 0x80007cf8 (0x030949b3) x19 0x00000000
core   0: 0x80007cfc (0x02cce4b3) rem     s1, s9, a2
core   0: 3 0x80007cfc (0x02cce4b3) x 9 0x00000000
core   0: 0x80007d00 (0x0309deb3) divu    t4, s3, a6
core   0: 3 0x80007d00 (0x0309deb3) x29 0x00000000
core   0: 0x80007d04 (0x036d8933) mul     s2, s11, s6
core   0: 3 0x80007d04 (0x036d8933) x18 0x00000000
core   0: 0x80007d08 (0x00000013) nop
core   0: 3 0x80007d08 (0x00000013)
core   0: 0x80007d0c (0x00000013) nop
core   0: 3 0x80007d0c (0x00000013)
core   0: 0x80007d10 (0xe604a413) slti    s0, s1, -416
core   0: 3 0x80007d10 (0xe604a413) x 8 0x00000000
core   0: 0x80007d14 (0x9ca82893) slti    a7, a6, -1590
core   0: 3 0x80007d14 (0x9ca82893) x17 0x00000001
core   0: 0x80007d18 (0x00a4f333) and     t1, s1, a0
core   0: 3 0x80007d18 (0x00a4f333) x 6 0x00000000
core   0: 0x80007d1c (0x411980b3) sub     ra, s3, a7
core   0: 3 0x80007d1c (0x411980b3) x 1 0xffffffff
core   0: 0x80007d20 (0x02b02d33) mulhsu  s10, zero, a1
core   0: 3 0x80007d20 (0x02b02d33) x26 0x00000000
core   0: 0x80007d24 (0x03eefd33) remu    s10, t4, t5
core   0: 3 0x80007d24 (0x03eefd33) x26 0x00000000
core   0: 0x80007d28 (0x02a9d933) divu    s2, s3, a0
core   0: 3 0x80007d28 (0x02a9d933) x18 0x00000000
core   0: 0x80007d2c (0x017967b3) or      a5, s2, s7
core   0: 3 0x80007d2c (0x017967b3) x15 0xbf197a8e
core   0: 0x80007d30 (0x03838d33) mul     s10, t2, s8
core   0: 3 0x80007d30 (0x03838d33) x26 0x3298745c
core   0: 0x80007d34 (0xdcf78097) auipc   ra, 0xdcf78
core   0: 3 0x80007d34 (0xdcf78097) x 1 0x5cf7fd34
core   0: 0x80007d38 (0x5cc90d93) addi    s11, s2, 1484
core   0: 3 0x80007d38 (0x5cc90d93) x27 0x000005cc
core   0: 0x80007d3c (0x41a65093) srai    ra, a2, 26
core   0: 3 0x80007d3c (0x41a65093) x 1 0x00000000
core   0: 0x80007d40 (0x409a09b3) sub     s3, s4, s1
core   0: 3 0x80007d40 (0x409a09b3) x19 0x80018ce4
core   0: 0x80007d44 (0x02d02933) mulhsu  s2, zero, a3
core   0: 3 0x80007d44 (0x02d02933) x18 0x00000000
core   0: 0x80007d48 (0x01352fb3) slt     t6, a0, s3
core   0: 3 0x80007d48 (0x01352fb3) x31 0x00000000
core   0: 0x80007d4c (0x0bbcf893) andi    a7, s9, 187
core   0: 3 0x80007d4c (0x0bbcf893) x17 0x00000090
core   0: 0x80007d50 (0x00000013) nop
core   0: 3 0x80007d50 (0x00000013)
core   0: 0x80007d54 (0xb9bd0993) addi    s3, s10, -1125
core   0: 3 0x80007d54 (0xb9bd0993) x19 0x32986ff7
core   0: 0x80007d58 (0x41858633) sub     a2, a1, s8
core   0: 3 0x80007d58 (0x41858633) x12 0x5a3128f2
core   0: 0x80007d5c (0x5d692393) slti    t2, s2, 1494
core   0: 3 0x80007d5c (0x5d692393) x 7 0x00000001
core   0: 0x80007d60 (0x642c7437) lui     s0, 0x642c7
core   0: 3 0x80007d60 (0x642c7437) x 8 0x642c7000
core   0: 0x80007d64 (0xb6d3b313) sltiu   t1, t2, -1171
core   0: 3 0x80007d64 (0xb6d3b313) x 6 0x00000001
core   0: 0x80007d68 (0x0323be33) mulhu   t3, t2, s2
core   0: 3 0x80007d68 (0x0323be33) x28 0x00000000
core   0: 0x80007d6c (0x033d8133) mul     sp, s11, s3
core   0: 3 0x80007d6c (0x033d8133) x 2 0x4ba90bd4
core   0: 0x80007d70 (0x01c11133) sll     sp, sp, t3
core   0: 3 0x80007d70 (0x01c11133) x 2 0x4ba90bd4
core   0: 0x80007d74 (0x39376593) ori     a1, a4, 915
core   0: 3 0x80007d74 (0x39376593) x11 0x000003fb
core   0: 0x80007d78 (0x00000013) nop
core   0: 3 0x80007d78 (0x00000013)
core   0: 0x80007d7c (0x01334ab3) xor     s5, t1, s3
core   0: 3 0x80007d7c (0x01334ab3) x21 0x32986ff6
core   0: 0x80007d80 (0x02966b33) rem     s6, a2, s1
core   0: 3 0x80007d80 (0x02966b33) x22 0x5a3128f2
core   0: 0x80007d84 (0x410fd5b3) sra     a1, t6, a6
core   0: 3 0x80007d84 (0x410fd5b3) x11 0x00000000
core   0: 0x80007d88 (0x01ef64b3) or      s1, t5, t5
core   0: 3 0x80007d88 (0x01ef64b3) x 9 0xfa000000
core   0: 0x80007d8c (0x445c3917) auipc   s2, 0x445c3
core   0: 3 0x80007d8c (0x445c3917) x18 0xc45cad8c
core   0: 0x80007d90 (0x408cd5b3) sra     a1, s9, s0
core   0: 3 0x80007d90 (0x408cd5b3) x11 0xefd4a2d4
core   0: 0x80007d94 (0x016c93b3) sll     t2, s9, s6
core   0: 3 0x80007d94 (0x016c93b3) x 7 0x8b500000
core   0: 0x80007d98 (0x0391aab3) mulhsu  s5, gp, s9
core   0: 3 0x80007d98 (0x0391aab3) x21 0xfffffffd
core   0: 0x80007d9c (0x020b2b33) mulhsu  s6, s6, zero
core   0: 3 0x80007d9c (0x020b2b33) x22 0x00000000
core   0: 0x80007da0 (0x418654b3) sra     s1, a2, s8
core   0: 3 0x80007da0 (0x418654b3) x 9 0x000168c4
core   0: 0x80007da4 (0x00000013) nop
core   0: 3 0x80007da4 (0x00000013)
core   0: 0x80007da8 (0x011e8c33) add     s8, t4, a7
core   0: 3 0x80007da8 (0x011e8c33) x24 0x00000090
core   0: 0x80007dac (0x02468233) mul     tp, a3, tp
core   0: 3 0x80007dac (0x02468233) x 4 0x00000000
core   0: 0x80007db0 (0x497ce913) ori     s2, s9, 1175
core   0: 3 0x80007db0 (0x497ce913) x18 0xefd4a6d7
core   0: 0x80007db4 (0x02b63333) mulhu   t1, a2, a1
core   0: 3 0x80007db4 (0x02b63333) x 6 0x547ecf4d
core   0: 0x80007db8 (0x31cca793) slti    a5, s9, 796
core   0: 3 0x80007db8 (0x31cca793) x15 0x00000001
core   0: 0x80007dbc (0xfbc36d13) ori     s10, t1, -68
core   0: 3 0x80007dbc (0xfbc36d13) x26 0xfffffffd
core   0: 0x80007dc0 (0xccb70b93) addi    s7, a4, -821
core   0: 3 0x80007dc0 (0xccb70b93) x23 0xfffffeb3
core   0: 0x80007dc4 (0x008d2633) slt     a2, s10, s0
core   0: 3 0x80007dc4 (0x008d2633) x12 0x00000001
core   0: 0x80007dc8 (0x01739b33) sll     s6, t2, s7
core   0: 3 0x80007dc8 (0x01739b33) x22 0x00000000
core   0: 0x80007dcc (0x038d7fb3) remu    t6, s10, s8
core   0: 3 0x80007dcc (0x038d7fb3) x31 0x0000006d
core   0: 0x80007dd0 (0x03348233) mul     tp, s1, s3
core   0: 3 0x80007dd0 (0x03348233) x 4 0x1a29111c
core   0: 0x80007dd4 (0xe1377a93) andi    s5, a4, -493
core   0: 3 0x80007dd4 (0xe1377a93) x21 0x00000000
core   0: 0x80007dd8 (0x033c8c33) mul     s8, s9, s3
core   0: 3 0x80007dd8 (0x033c8c33) x24 0xaea3068c
core   0: 0x80007ddc (0x398f6613) ori     a2, t5, 920
core   0: 3 0x80007ddc (0x398f6613) x12 0xfa000398
core   0: 0x80007de0 (0x0055ee33) or      t3, a1, t0
core   0: 3 0x80007de0 (0x0055ee33) x28 0xefd5eef4
core   0: 0x80007de4 (0x4007d313) srai    t1, a5, 0
core   0: 3 0x80007de4 (0x4007d313) x 6 0x00000001
core   0: 0x80007de8 (0x0033f213) andi    tp, t2, 3
core   0: 3 0x80007de8 (0x0033f213) x 4 0x00000000
core   0: 0x80007dec (0x01167db3) and     s11, a2, a7
core   0: 3 0x80007dec (0x01167db3) x27 0x00000090
core   0: 0x80007df0 (0x8185e837) lui     a6, 0x8185e
core   0: 3 0x80007df0 (0x8185e837) x16 0x8185e000
core   0: 0x80007df4 (0x41c85993) srai    s3, a6, 28
core   0: 3 0x80007df4 (0x41c85993) x19 0xfffffff8
core   0: 0x80007df8 (0xe7638713) addi    a4, t2, -394
core   0: 3 0x80007df8 (0xe7638713) x14 0x8b4ffe76
core   0: 0x80007dfc (0x027bceb3) div     t4, s7, t2
core   0: 3 0x80007dfc (0x027bceb3) x29 0x00000000
core   0: 0x80007e00 (0x00000013) nop
core   0: 3 0x80007e00 (0x00000013)
core   0: 0x80007e04 (0x41580db3) sub     s11, a6, s5
core   0: 3 0x80007e04 (0x41580db3) x27 0x8185e000
core   0: 0x80007e08 (0x006b0c93) addi    s9, s6, 6
core   0: 3 0x80007e08 (0x006b0c93) x25 0x00000006
core   0: 0x80007e0c (0x5b634e93) xori    t4, t1, 1462
core   0: 3 0x80007e0c (0x5b634e93) x29 0x000005b7
core   0: 0x80007e10 (0x013af8b3) and     a7, s5, s3
core   0: 3 0x80007e10 (0x013af8b3) x17 0x00000000
core   0: 0x80007e14 (0x037d9533) mulh    a0, s11, s7
core   0: 3 0x80007e14 (0x037d9533) x10 0x000000a4
core   0: 0x80007e18 (0x0df93d13) sltiu   s10, s2, 223
core   0: 3 0x80007e18 (0x0df93d13) x26 0x00000000
core   0: 0x80007e1c (0x03d61eb3) mulh    t4, a2, t4
core   0: 3 0x80007e1c (0x03d61eb3) x29 0xffffffdd
core   0: 0x80007e20 (0x03ef1e33) mulh    t3, t5, t5
core   0: 3 0x80007e20 (0x03ef1e33) x28 0x00240000
core   0: 0x80007e24 (0x022bf0b3) remu    ra, s7, sp
core   0: 3 0x80007e24 (0x022bf0b3) x 1 0x1d04db37
core   0: 0x80007e28 (0x02248633) mul     a2, s1, sp
core   0: 3 0x80007e28 (0x02248633) x12 0xa60f2e50
core   0: 0x80007e2c (0x01f45313) srli    t1, s0, 31
core   0: 3 0x80007e2c (0x01f45313) x 6 0x00000000
core   0: 0x80007e30 (0x030bee33) rem     t3, s7, a6
core   0: 3 0x80007e30 (0x030bee33) x28 0xfffffeb3
core   0: 0x80007e34 (0x01aee8b3) or      a7, t4, s10
core   0: 3 0x80007e34 (0x01aee8b3) x17 0xffffffdd
core   0: 0x80007e38 (0x01b99793) slli    a5, s3, 27
core   0: 3 0x80007e38 (0x01b99793) x15 0xc0000000
core   0: 0x80007e3c (0x0113b133) sltu    sp, t2, a7
core   0: 3 0x80007e3c (0x0113b133) x 2 0x00000001
core   0: 0x80007e40 (0x0013ee93) ori     t4, t2, 1
core   0: 3 0x80007e40 (0x0013ee93) x29 0x8b500001
core   0: 0x80007e44 (0x0ad83593) sltiu   a1, a6, 173
core   0: 3 0x80007e44 (0x0ad83593) x11 0x00000000
core   0: 0x80007e48 (0x0010dd93) srli    s11, ra, 1
core   0: 3 0x80007e48 (0x0010dd93) x27 0x0e826d9b
core   0: 0x80007e4c (0x03905d33) divu    s10, zero, s9
core   0: 3 0x80007e4c (0x03905d33) x26 0x00000000
core   0: 0x80007e50 (0x028a2db3) mulhsu  s11, s4, s0
core   0: 3 0x80007e50 (0x028a2db3) x27 0xcdea634d
core   0: 0x80007e54 (0x41a40fb3) sub     t6, s0, s10
core   0: 3 0x80007e54 (0x41a40fb3) x31 0x642c7000
core   0: 0x80007e58 (0xd36c6f13) ori     t5, s8, -714
core   0: 3 0x80007e58 (0xd36c6f13) x30 0xffffffbe
core   0: 0x80007e5c (0x1e1545b7) lui     a1, 0x1e154
core   0: 3 0x80007e5c (0x1e1545b7) x11 0x1e154000
core   0: 0x80007e60 (0x0099acb3) slt     s9, s3, s1
core   0: 3 0x80007e60 (0x0099acb3) x25 0x00000001
core   0: 0x80007e64 (0x00af2833) slt     a6, t5, a0
core   0: 3 0x80007e64 (0x00af2833) x16 0x00000001
core   0: 0x80007e68 (0x003b4633) xor     a2, s6, gp
core   0: 3 0x80007e68 (0x003b4633) x12 0xfffffffd
core   0: 0x80007e6c (0x00563e33) sltu    t3, a2, t0
core   0: 3 0x80007e6c (0x00563e33) x28 0x00000000
core   0: 0x80007e70 (0x41f98833) sub     a6, s3, t6
core   0: 3 0x80007e70 (0x41f98833) x16 0x9bd38ff8
core   0: 0x80007e74 (0x0c55eb13) ori     s6, a1, 197
core   0: 3 0x80007e74 (0x0c55eb13) x22 0x1e1540c5
core   0: 0x80007e78 (0x41f5d1b3) sra     gp, a1, t6
core   0: 3 0x80007e78 (0x41f5d1b3) x 3 0x1e154000
core   0: 0x80007e7c (0x19332913) slti    s2, t1, 403
core   0: 3 0x80007e7c (0x19332913) x18 0x00000001
core   0: 0x80007e80 (0x00000013) nop
core   0: 3 0x80007e80 (0x00000013)
core   0: 0x80007e84 (0x01242233) slt     tp, s0, s2
core   0: 3 0x80007e84 (0x01242233) x 4 0x00000000
core   0: 0x80007e88 (0xe97f6593) ori     a1, t5, -361
core   0: 3 0x80007e88 (0xe97f6593) x11 0xffffffbf
core   0: 0x80007e8c (0x009f8033) add     zero, t6, s1
core   0: 3 0x80007e8c (0x009f8033)
core   0: 0x80007e90 (0x41b853b3) sra     t2, a6, s11
core   0: 3 0x80007e90 (0x41b853b3) x 7 0xfffcde9c
core   0: 0x80007e94 (0x01349133) sll     sp, s1, s3
core   0: 3 0x80007e94 (0x01349133) x 2 0xc4000000
core   0: 0x80007e98 (0x404dd233) sra     tp, s11, tp
core   0: 3 0x80007e98 (0x404dd233) x 4 0xcdea634d
core   0: 0x80007e9c (0x00000013) nop
core   0: 3 0x80007e9c (0x00000013)
core   0: 0x80007ea0 (0x6b628db7) lui     s11, 0x6b628
core   0: 3 0x80007ea0 (0x6b628db7) x27 0x6b628000
core   0: 0x80007ea4 (0xb0f03cb7) lui     s9, 0xb0f03
core   0: 3 0x80007ea4 (0xb0f03cb7) x25 0xb0f03000
core   0: 0x80007ea8 (0x00000013) nop
core   0: 3 0x80007ea8 (0x00000013)
core   0: 0x80007eac (0x00000013) nop
core   0: 3 0x80007eac (0x00000013)
core   0: 0x80007eb0 (0x002323b3) slt     t2, t1, sp
core   0: 3 0x80007eb0 (0x002323b3) x 7 0x00000000
core   0: 0x80007eb4 (0x028b0233) mul     tp, s6, s0
core   0: 3 0x80007eb4 (0x028b0233) x 4 0x62323000
core   0: 0x80007eb8 (0x018bf233) and     tp, s7, s8
core   0: 3 0x80007eb8 (0x018bf233) x 4 0xaea30680
core   0: 0x80007ebc (0xbc23f713) andi    a4, t2, -1086
core   0: 3 0x80007ebc (0xbc23f713) x14 0x00000000
core   0: 0x80007ec0 (0x51b39397) auipc   t2, 0x51b39
core   0: 3 0x80007ec0 (0x51b39397) x 7 0xd1b40ec0
core   0: 0x80007ec4 (0x03749c33) mulh    s8, s1, s7
core   0: 3 0x80007ec4 (0x03749c33) x24 0xffffffff
core   0: 0x80007ec8 (0x0188be33) sltu    t3, a7, s8
core   0: 3 0x80007ec8 (0x0188be33) x28 0x00000001
core   0: 0x80007ecc (0x01917133) and     sp, sp, s9
core   0: 3 0x80007ecc (0x01917133) x 2 0x80000000
core   0: 0x80007ed0 (0x00e49bb3) sll     s7, s1, a4
core   0: 3 0x80007ed0 (0x00e49bb3) x23 0x000168c4
core   0: 0x80007ed4 (0x001fa233) slt     tp, t6, ra
core   0: 3 0x80007ed4 (0x001fa233) x 4 0x00000000
core   0: 0x80007ed8 (0x7fd67593) andi    a1, a2, 2045
core   0: 3 0x80007ed8 (0x7fd67593) x11 0x000007fd
core   0: 0x80007edc (0x028f6eb3) rem     t4, t5, s0
core   0: 3 0x80007edc (0x028f6eb3) x29 0xffffffbe
core   0: 0x80007ee0 (0x0177ce33) xor     t3, a5, s7
core   0: 3 0x80007ee0 (0x0177ce33) x28 0xc00168c4
core   0: 0x80007ee4 (0x02cd49b3) div     s3, s10, a2
core   0: 3 0x80007ee4 (0x02cd49b3) x19 0x00000000
core   0: 0x80007ee8 (0xb37c6113) ori     sp, s8, -1225
core   0: 3 0x80007ee8 (0xb37c6113) x 2 0xffffffff
core   0: 0x80007eec (0x2b330e93) addi    t4, t1, 691
core   0: 3 0x80007eec (0x2b330e93) x29 0x000002b3
core   0: 0x80007ef0 (0x8d87cd93) xori    s11, a5, -1832
core   0: 3 0x80007ef0 (0x8d87cd93) x27 0x3ffff8d8
core   0: 0x80007ef4 (0x5021f593) andi    a1, gp, 1282
core   0: 3 0x80007ef4 (0x5021f593) x11 0x00000000
core   0: 0x80007ef8 (0x008c3f33) sltu    t5, s8, s0
core   0: 3 0x80007ef8 (0x008c3f33) x30 0x00000000
core   0: 0x80007efc (0x009d3cb3) sltu    s9, s10, s1
core   0: 3 0x80007efc (0x009d3cb3) x25 0x00000001
core   0: 0x80007f00 (0xf2f14593) xori    a1, sp, -209
core   0: 3 0x80007f00 (0xf2f14593) x11 0x000000d0
core   0: 0x80007f04 (0xfbd7c813) xori    a6, a5, -67
core   0: 3 0x80007f04 (0xfbd7c813) x16 0x3fffffbd
core   0: 0x80007f08 (0xf61e0397) auipc   t2, 0xf61e0
core   0: 3 0x80007f08 (0xf61e0397) x 7 0x761e7f08
core   0: 0x80007f0c (0x0375a833) mulhsu  a6, a1, s7
core   0: 3 0x80007f0c (0x0375a833) x16 0x00000000
core   0: 0x80007f10 (0x41c70933) sub     s2, a4, t3
core   0: 3 0x80007f10 (0x41c70933) x18 0x3ffe973c
core   0: 0x80007f14 (0x0038d1b3) srl     gp, a7, gp
core   0: 3 0x80007f14 (0x0038d1b3) x 3 0xffffffdd
core   0: 0x80007f18 (0x923f6813) ori     a6, t5, -1757
core   0: 3 0x80007f18 (0x923f6813) x16 0xfffff923
core   0: 0x80007f1c (0x017f5533) srl     a0, t5, s7
core   0: 3 0x80007f1c (0x017f5533) x10 0x00000000
core   0: 0x80007f20 (0x028d17b3) mulh    a5, s10, s0
core   0: 3 0x80007f20 (0x028d17b3) x15 0x00000000
core   0: 0x80007f24 (0x7e382193) slti    gp, a6, 2019
core   0: 3 0x80007f24 (0x7e382193) x 3 0x00000001
core   0: 0x80007f28 (0x0256a1b3) mulhsu  gp, a3, t0
core   0: 3 0x80007f28 (0x0256a1b3) x 3 0xdf8c6880
core   0: 0x80007f2c (0x405c5033) sra     zero, s8, t0
core   0: 3 0x80007f2c (0x405c5033)
core   0: 0x80007f30 (0x21093313) sltiu   t1, s2, 528
core   0: 3 0x80007f30 (0x21093313) x 6 0x00000000
core   0: 0x80007f34 (0x003cc1b3) xor     gp, s9, gp
core   0: 3 0x80007f34 (0x003cc1b3) x 3 0xdf8c6881
core   0: 0x80007f38 (0x0242c4b3) div     s1, t0, tp
core   0: 3 0x80007f38 (0x0242c4b3) x 9 0xffffffff
core   0: 0x80007f3c (0x2a1c6ab7) lui     s5, 0x2a1c6
core   0: 3 0x80007f3c (0x2a1c6ab7) x21 0x2a1c6000
core   0: 0x80007f40 (0xd76fb913) sltiu   s2, t6, -650
core   0: 3 0x80007f40 (0xd76fb913) x18 0x00000001
core   0: 0x80007f44 (0x4023d8b3) sra     a7, t2, sp
core   0: 3 0x80007f44 (0x4023d8b3) x17 0x00000000
core   0: 0x80007f48 (0x023d9d33) mulh    s10, s11, gp
core   0: 3 0x80007f48 (0x023d9d33) x26 0xf7e31b08
core   0: 0x80007f4c (0x6f42c137) lui     sp, 0x6f42c
core   0: 3 0x80007f4c (0x6f42c137) x 2 0x6f42c000
core   0: 0x80007f50 (0x02a1cdb3) div     s11, gp, a0
core   0: 3 0x80007f50 (0x02a1cdb3) x27 0xffffffff
core   0: 0x80007f54 (0x00525db3) srl     s11, tp, t0
core   0: 3 0x80007f54 (0x00525db3) x27 0x00000000
core   0: 0x80007f58 (0x036f0c33) mul     s8, t5, s6
core   0: 3 0x80007f58 (0x036f0c33) x24 0x00000000
core   0: 0x80007f5c (0x01531993) slli    s3, t1, 21
core   0: 3 0x80007f5c (0x01531993) x19 0x00000000
core   0: 0x80007f60 (0x03b67fb3) remu    t6, a2, s11
core   0: 3 0x80007f60 (0x03b67fb3) x31 0xfffffffd
core   0: 0x80007f64 (0x01de74b3) and     s1, t3, t4
core   0: 3 0x80007f64 (0x01de74b3) x 9 0x00000080
core   0: 0x80007f68 (0x02409bb3) mulh    s7, ra, tp
core   0: 3 0x80007f68 (0x02409bb3) x23 0x00000000
core   0: 0x80007f6c (0x00940ab3) add     s5, s0, s1
core   0: 3 0x80007f6c (0x00940ab3) x21 0x642c7080
core   0: 0x80007f70 (0x003a6933) or      s2, s4, gp
core   0: 3 0x80007f70 (0x003a6933) x18 0xdf8dece5
core   0: 0x80007f74 (0x03252533) mulhsu  a0, a0, s2
core   0: 3 0x80007f74 (0x03252533) x10 0x00000000
core   0: 0x80007f78 (0x0223b0b3) mulhu   ra, t2, sp
core   0: 3 0x80007f78 (0x0223b0b3) x 1 0x33560588
core   0: 0x80007f7c (0x02aecf33) div     t5, t4, a0
core   0: 3 0x80007f7c (0x02aecf33) x30 0xffffffff
core   0: 0x80007f80 (0x0003edb3) or      s11, t2, zero
core   0: 3 0x80007f80 (0x0003edb3) x27 0x761e7f08
core   0: 0x80007f84 (0x03714b33) div     s6, sp, s7
core   0: 3 0x80007f84 (0x03714b33) x22 0xffffffff
core   0: 0x80007f88 (0xc7b90913) addi    s2, s2, -901
core   0: 3 0x80007f88 (0xc7b90913) x18 0xdf8de960
core   0: 0x80007f8c (0x001e1593) slli    a1, t3, 1
core   0: 3 0x80007f8c (0x001e1593) x11 0x8002d188
core   0: 0x80007f90 (0x12fb8513) addi    a0, s7, 303
core   0: 3 0x80007f90 (0x12fb8513) x10 0x0000012f
core   0: 0x80007f94 (0xb4bfa437) lui     s0, 0xb4bfa
core   0: 3 0x80007f94 (0xb4bfa437) x 8 0xb4bfa000
core   0: 0x80007f98 (0x409c0833) sub     a6, s8, s1
core   0: 3 0x80007f98 (0x409c0833) x16 0xffffff80
core   0: 0x80007f9c (0x0262c433) div     s0, t0, t1
core   0: 3 0x80007f9c (0x0262c433) x 8 0xffffffff
core   0: 0x80007fa0 (0x41065933) sra     s2, a2, a6
core   0: 3 0x80007fa0 (0x41065933) x18 0xfffffffd
core   0: 0x80007fa4 (0x03ab1bb3) mulh    s7, s6, s10
core   0: 3 0x80007fa4 (0x03ab1bb3) x23 0x00000000
core   0: 0x80007fa8 (0x2b584413) xori    s0, a6, 693
core   0: 3 0x80007fa8 (0x2b584413) x 8 0xfffffd35
core   0: 0x80007fac (0x0b014937) lui     s2, 0xb014
core   0: 3 0x80007fac (0x0b014937) x18 0x0b014000
core   0: 0x80007fb0 (0xc27a2013) slti    zero, s4, -985
core   0: 3 0x80007fb0 (0xc27a2013)
core   0: 0x80007fb4 (0x03887eb3) remu    t4, a6, s8
core   0: 3 0x80007fb4 (0x03887eb3) x29 0xffffff80
core   0: 0x80007fb8 (0x41c5d793) srai    a5, a1, 28
core   0: 3 0x80007fb8 (0x41c5d793) x15 0xfffffff8
core   0: 0x80007fbc (0x01f93133) sltu    sp, s2, t6
core   0: 3 0x80007fbc (0x01f93133) x 2 0x00000001
core   0: 0x80007fc0 (0x001c8233) add     tp, s9, ra
core   0: 3 0x80007fc0 (0x001c8233) x 4 0x33560589
core   0: 0x80007fc4 (0x408f54b3) sra     s1, t5, s0
core   0: 3 0x80007fc4 (0x408f54b3) x 9 0xffffffff
core   0: 0x80007fc8 (0x40665993) srai    s3, a2, 6
core   0: 3 0x80007fc8 (0x40665993) x19 0xffffffff
core   0: 0x80007fcc (0x017cd033) srl     zero, s9, s7
core   0: 3 0x80007fcc (0x017cd033)
core   0: 0x80007fd0 (0x0019ffb3) and     t6, s3, ra
core   0: 3 0x80007fd0 (0x0019ffb3) x31 0x33560588
core   0: 0x80007fd4 (0xa4980d13) addi    s10, a6, -1463
core   0: 3 0x80007fd4 (0xa4980d13) x26 0xfffff9c9
core   0: 0x80007fd8 (0x005e5093) srli    ra, t3, 5
core   0: 3 0x80007fd8 (0x005e5093) x 1 0x06000b46
core   0: 0x80007fdc (0x030c9233) mulh    tp, s9, a6
core   0: 3 0x80007fdc (0x030c9233) x 4 0xffffffff
core   0: 0x80007fe0 (0x013365b3) or      a1, t1, s3
core   0: 3 0x80007fe0 (0x013365b3) x11 0xffffffff
core   0: 0x80007fe4 (0x0029a533) slt     a0, s3, sp
core   0: 3 0x80007fe4 (0x0029a533) x10 0x00000001
core   0: 0x80007fe8 (0x028a1233) mulh    tp, s4, s0
core   0: 3 0x80007fe8 (0x028a1233) x 4 0x00000165
core   0: 0x80007fec (0x987c7413) andi    s0, s8, -1657
core   0: 3 0x80007fec (0x987c7413) x 8 0x00000000
core   0: 0x80007ff0 (0x036533b3) mulhu   t2, a0, s6
core   0: 3 0x80007ff0 (0x036533b3) x 7 0x00000000
core   0: 0x80007ff4 (0x03354bb3) div     s7, a0, s3
core   0: 3 0x80007ff4 (0x03354bb3) x23 0xffffffff
core   0: 0x80007ff8 (0x037cb8b3) mulhu   a7, s9, s7
core   0: 3 0x80007ff8 (0x037cb8b3) x17 0x00000000
core   0: 0x80007ffc (0x0365d133) divu    sp, a1, s6
core   0: 3 0x80007ffc (0x0365d133) x 2 0x00000001
core   0: 0x80008000 (0x00449493) slli    s1, s1, 4
core   0: 3 0x80008000 (0x00449493) x 9 0xfffffff0
core   0: 0x80008004 (0x00e45e33) srl     t3, s0, a4
core   0: 3 0x80008004 (0x00e45e33) x28 0x00000000
core   0: 0x80008008 (0x512da137) lui     sp, 0x512da
core   0: 3 0x80008008 (0x512da137) x 2 0x512da000
core   0: 0x8000800c (0x03e99033) mulh    zero, s3, t5
core   0: 3 0x8000800c (0x03e99033)
core   0: 0x80008010 (0xf5374d93) xori    s11, a4, -173
core   0: 3 0x80008010 (0xf5374d93) x27 0xffffff53
core   0: 0x80008014 (0x01c2e433) or      s0, t0, t3
core   0: 3 0x80008014 (0x01c2e433) x 8 0x80014e64
core   0: 0x80008018 (0x00000013) nop
core   0: 3 0x80008018 (0x00000013)
core   0: 0x8000801c (0xfa268313) addi    t1, a3, -94
core   0: 3 0x8000801c (0xfa268313) x 6 0xbf197a30
core   0: 0x80008020 (0x02735eb3) divu    t4, t1, t2
core   0: 3 0x80008020 (0x02735eb3) x29 0xffffffff
core   0: 0x80008024 (0x03b67fb3) remu    t6, a2, s11
core   0: 3 0x80008024 (0x03b67fb3) x31 0x000000aa
core   0: 0x80008028 (0x0307b533) mulhu   a0, a5, a6
core   0: 3 0x80008028 (0x0307b533) x10 0xffffff78
core   0: 0x8000802c (0x02d33f33) mulhu   t5, t1, a3
core   0: 3 0x8000802c (0x02d33f33) x30 0x8ea70722
core   0: 0x80008030 (0x037d64b3) rem     s1, s10, s7
core   0: 3 0x80008030 (0x037d64b3) x 9 0x00000000
core   0: 0x80008034 (0x0195b633) sltu    a2, a1, s9
core   0: 3 0x80008034 (0x0195b633) x12 0x00000000
core   0: 0x80008038 (0x00000013) nop
core   0: 3 0x80008038 (0x00000013)
core   0: 0x8000803c (0x00902eb3) slt     t4, zero, s1
core   0: 3 0x8000803c (0x00902eb3) x29 0x00000000
core   0: 0x80008040 (0x02d67d33) remu    s10, a2, a3
core   0: 3 0x80008040 (0x02d67d33) x26 0x00000000
core   0: 0x80008044 (0x00101213) slli    tp, zero, 1
core   0: 3 0x80008044 (0x00101213) x 4 0x00000000
core   0: 0x80008048 (0x38a8f393) andi    t2, a7, 906
core   0: 3 0x80008048 (0x38a8f393) x 7 0x00000000
core   0: 0x8000804c (0xb6394c13) xori    s8, s2, -1181
core   0: 3 0x8000804c (0xb6394c13) x24 0xf4febb63
core   0: 0x80008050 (0x006127b3) slt     a5, sp, t1
core   0: 3 0x80008050 (0x006127b3) x15 0x00000000
core   0: 0x80008054 (0x02832033) mulhsu  zero, t1, s0
core   0: 3 0x80008054 (0x02832033)
core   0: 0x80008058 (0x00000013) nop
core   0: 3 0x80008058 (0x00000013)
core   0: 0x8000805c (0x5309cc93) xori    s9, s3, 1328
core   0: 3 0x8000805c (0x5309cc93) x25 0xfffffacf
core   0: 0x80008060 (0x0318f733) remu    a4, a7, a7
core   0: 3 0x80008060 (0x0318f733) x14 0x00000000
core   0: 0x80008064 (0x0026c7b3) xor     a5, a3, sp
core   0: 3 0x80008064 (0x0026c7b3) x15 0xee34da8e
core   0: 0x80008068 (0x00112933) slt     s2, sp, ra
core   0: 3 0x80008068 (0x00112933) x18 0x00000000
core   0: 0x8000806c (0x01a48233) add     tp, s1, s10
core   0: 3 0x8000806c (0x01a48233) x 4 0x00000000
core   0: 0x80008070 (0x017d1513) slli    a0, s10, 23
core   0: 3 0x80008070 (0x017d1513) x10 0x00000000
core   0: 0x80008074 (0x011ac3b3) xor     t2, s5, a7
core   0: 3 0x80008074 (0x011ac3b3) x 7 0x642c7080
core   0: 0x80008078 (0x02c26cb3) rem     s9, tp, a2
core   0: 3 0x80008078 (0x02c26cb3) x25 0x00000000
core   0: 0x8000807c (0x03e88733) mul     a4, a7, t5
core   0: 3 0x8000807c (0x03e88733) x14 0x00000000
core   0: 0x80008080 (0xb1642593) slti    a1, s0, -1258
core   0: 3 0x80008080 (0xb1642593) x11 0x00000001
core   0: 0x80008084 (0x02ded233) divu    tp, t4, a3
core   0: 3 0x80008084 (0x02ded233) x 4 0x00000000
core   0: 0x80008088 (0xd503fb93) andi    s7, t2, -688
core   0: 3 0x80008088 (0xd503fb93) x23 0x642c7000
core   0: 0x8000808c (0x00fd7833) and     a6, s10, a5
core   0: 3 0x8000808c (0x00fd7833) x16 0x00000000
core   0: 0x80008090 (0x40bfd013) srai    zero, t6, 11
core   0: 3 0x80008090 (0x40bfd013)
core   0: 0x80008094 (0x006fdf33) srl     t5, t6, t1
core   0: 3 0x80008094 (0x006fdf33) x30 0x00000000
core   0: 0x80008098 (0x025224b3) mulhsu  s1, tp, t0
core   0: 3 0x80008098 (0x025224b3) x 9 0x00000000
core   0: 0x8000809c (0x00c86cb3) or      s9, a6, a2
core   0: 3 0x8000809c (0x00c86cb3) x25 0x00000000
core   0: 0x800080a0 (0x2e70ec93) ori     s9, ra, 743
core   0: 3 0x800080a0 (0x2e70ec93) x25 0x06000be7
core   0: 0x800080a4 (0x5b34ebb7) lui     s7, 0x5b34e
core   0: 3 0x800080a4 (0x5b34ebb7) x23 0x5b34e000
core   0: 0x800080a8 (0x00f58f33) add     t5, a1, a5
core   0: 3 0x800080a8 (0x00f58f33) x30 0xee34da8f
core   0: 0x800080ac (0x00e6ddb3) srl     s11, a3, a4
core   0: 3 0x800080ac (0x00e6ddb3) x27 0xbf197a8e
core   0: 0x800080b0 (0x01e65eb3) srl     t4, a2, t5
core   0: 3 0x800080b0 (0x01e65eb3) x29 0x00000000
core   0: 0x800080b4 (0x019aa533) slt     a0, s5, s9
core   0: 3 0x800080b4 (0x019aa533) x10 0x00000000
core   0: 0x800080b8 (0x00000013) nop
core   0: 3 0x800080b8 (0x00000013)
core   0: 0x800080bc (0x03fc88b3) mul     a7, s9, t6
core   0: 3 0x800080bc (0x03fc88b3) x17 0xfc07e766
core   0: 0x800080c0 (0x02cfe8b3) rem     a7, t6, a2
core   0: 3 0x800080c0 (0x02cfe8b3) x17 0x000000aa
core   0: 0x800080c4 (0xbfe57513) andi    a0, a0, -1026
core   0: 3 0x800080c4 (0xbfe57513) x10 0x00000000
core   0: 0x800080c8 (0x00000013) nop
core   0: 3 0x800080c8 (0x00000013)
core   0: 0x800080cc (0x03bbb933) mulhu   s2, s7, s11
core   0: 3 0x800080cc (0x03bbb933) x18 0x441586f3
core   0: 0x800080d0 (0x02239eb3) mulh    t4, t2, sp
core   0: 3 0x800080d0 (0x02239eb3) x29 0x1fc3ea04
core   0: 0x800080d4 (0x038ebd33) mulhu   s10, t4, s8
core   0: 3 0x800080d4 (0x038ebd33) x26 0x1e6656ae
core   0: 0x800080d8 (0x03ea4233) div     tp, s4, t5
core   0: 3 0x800080d8 (0x03ea4233) x 4 0x00000007
core   0: 0x800080dc (0x02c118b3) mulh    a7, sp, a2
core   0: 3 0x800080dc (0x02c118b3) x17 0x00000000
core   0: 0x800080e0 (0x02e26db3) rem     s11, tp, a4
core   0: 3 0x800080e0 (0x02e26db3) x27 0x00000007
core   0: 0x800080e4 (0x41380833) sub     a6, a6, s3
core   0: 3 0x800080e4 (0x41380833) x16 0x00000001
core   0: 0x800080e8 (0x2c02f813) andi    a6, t0, 704
core   0: 3 0x800080e8 (0x2c02f813) x16 0x00000240
core   0: 0x800080ec (0x6f3c2093) slti    ra, s8, 1779
core   0: 3 0x800080ec (0x6f3c2093) x 1 0x00000001
core   0: 0x800080f0 (0x02cafab3) remu    s5, s5, a2
core   0: 3 0x800080f0 (0x02cafab3) x21 0x642c7080
core   0: 0x800080f4 (0x5148dcb7) lui     s9, 0x5148d
core   0: 3 0x800080f4 (0x5148dcb7) x25 0x5148d000
core   0: 0x800080f8 (0x00000013) nop
core   0: 3 0x800080f8 (0x00000013)
core   0: 0x800080fc (0x9667f593) andi    a1, a5, -1690
core   0: 3 0x800080fc (0x9667f593) x11 0xee34d806
core   0: 0x80008100 (0x412eec93) ori     s9, t4, 1042
core   0: 3 0x80008100 (0x412eec93) x25 0x1fc3ee16
core   0: 0x80008104 (0x40298b33) sub     s6, s3, sp
core   0: 3 0x80008104 (0x40298b33) x22 0xaed25fff
core   0: 0x80008108 (0x1cdb7493) andi    s1, s6, 461
core   0: 3 0x80008108 (0x1cdb7493) x 9 0x000001cd
core   0: 0x8000810c (0x015d3b33) sltu    s6, s10, s5
core   0: 3 0x8000810c (0x015d3b33) x22 0x00000001
core   0: 0x80008110 (0x01b64ab3) xor     s5, a2, s11
core   0: 3 0x80008110 (0x01b64ab3) x21 0x00000007
core   0: 0x80008114 (0x008013b3) sll     t2, zero, s0
core   0: 3 0x80008114 (0x008013b3) x 7 0x00000000
core   0: 0x80008118 (0x0018e7b3) or      a5, a7, ra
core   0: 3 0x80008118 (0x0018e7b3) x15 0x00000001
core   0: 0x8000811c (0x03abb5b3) mulhu   a1, s7, s10
core   0: 3 0x8000811c (0x03abb5b3) x11 0x0ad4a833
core   0: 0x80008120 (0x0000efb3) or      t6, ra, zero
core   0: 3 0x80008120 (0x0000efb3) x31 0x00000001
core   0: 0x80008124 (0x804b2193) slti    gp, s6, -2044
core   0: 3 0x80008124 (0x804b2193) x 3 0x00000000
core   0: 0x80008128 (0x01fe2e33) slt     t3, t3, t6
core   0: 3 0x80008128 (0x01fe2e33) x28 0x00000001
core   0: 0x8000812c (0xafbc8e93) addi    t4, s9, -1285
core   0: 3 0x8000812c (0xafbc8e93) x29 0x1fc3e911
core   0: 0x80008130 (0x00dc68b3) or      a7, s8, a3
core   0: 3 0x80008130 (0x00dc68b3) x17 0xfffffbef
core   0: 0x80008134 (0x00f09813) slli    a6, ra, 15
core   0: 3 0x80008134 (0x00f09813) x16 0x00008000
core   0: 0x80008138 (0x001d69b3) or      s3, s10, ra
core   0: 3 0x80008138 (0x001d69b3) x19 0x1e6656af
core   0: 0x8000813c (0x00201c13) slli    s8, zero, 2
core   0: 3 0x8000813c (0x00201c13) x24 0x00000000
core   0: 0x80008140 (0x02549eb3) mulh    t4, s1, t0
core   0: 3 0x80008140 (0x02549eb3) x29 0xffffff19
core   0: 0x80008144 (0xb0712213) slti    tp, sp, -1273
core   0: 3 0x80008144 (0xb0712213) x 4 0x00000000
core   0: 0x80008148 (0x40c2dcb3) sra     s9, t0, a2
core   0: 3 0x80008148 (0x40c2dcb3) x25 0x80014e64
core   0: 0x8000814c (0x89a12c13) slti    s8, sp, -1894
core   0: 3 0x8000814c (0x89a12c13) x24 0x00000000
core   0: 0x80008150 (0x00a57cb3) and     s9, a0, a0
core   0: 3 0x80008150 (0x00a57cb3) x25 0x00000000
core   0: 0x80008154 (0x006ea033) slt     zero, t4, t1
core   0: 3 0x80008154 (0x006ea033)
core   0: 0x80008158 (0x01c65fb3) srl     t6, a2, t3
core   0: 3 0x80008158 (0x01c65fb3) x31 0x00000000
core   0: 0x8000815c (0xecad8c13) addi    s8, s11, -310
core   0: 3 0x8000815c (0xecad8c13) x24 0xfffffed1
core   0: 0x80008160 (0x01e91933) sll     s2, s2, t5
core   0: 3 0x80008160 (0x01e91933) x18 0xc3798000
core   0: 0x80008164 (0x024c6533) rem     a0, s8, tp
core   0: 3 0x80008164 (0x024c6533) x10 0xfffffed1
core   0: 0x80008168 (0x00000013) nop
core   0: 3 0x80008168 (0x00000013)
core   0: 0x8000816c (0x0320a733) mulhsu  a4, ra, s2
core   0: 3 0x8000816c (0x0320a733) x14 0x00000000
core   0: 0x80008170 (0x1cf5c837) lui     a6, 0x1cf5c
core   0: 3 0x80008170 (0x1cf5c837) x16 0x1cf5c000
core   0: 0x80008174 (0x4048d833) sra     a6, a7, tp
core   0: 3 0x80008174 (0x4048d833) x16 0xfffffbef
core   0: 0x80008178 (0x00000013) nop
core   0: 3 0x80008178 (0x00000013)
core   0: 0x8000817c (0x64dde913) ori     s2, s11, 1613
core   0: 3 0x8000817c (0x64dde913) x18 0x0000064f
core   0: 0x80008180 (0xdfdaf417) auipc   s0, 0xdfdaf
core   0: 3 0x80008180 (0xdfdaf417) x 8 0x5fdb7180
core   0: 0x80008184 (0x02ac25b3) mulhsu  a1, s8, a0
core   0: 3 0x80008184 (0x02ac25b3) x11 0xfffffed1
core   0: 0x80008188 (0x00c7d833) srl     a6, a5, a2
core   0: 3 0x80008188 (0x00c7d833) x16 0x00000001
core   0: 0x8000818c (0x00765ab3) srl     s5, a2, t2
core   0: 3 0x8000818c (0x00765ab3) x21 0x00000000
core   0: 0x80008190 (0x00c5a3b3) slt     t2, a1, a2
core   0: 3 0x80008190 (0x00c5a3b3) x 7 0x00000001
core   0: 0x80008194 (0x03da0e33) mul     t3, s4, t4
core   0: 3 0x80008194 (0x03da0e33) x28 0x7e99de44
core   0: 0x80008198 (0x61453713) sltiu   a4, a0, 1556
core   0: 3 0x80008198 (0x61453713) x14 0x00000000
core   0: 0x8000819c (0x0375f233) remu    tp, a1, s7
core   0: 3 0x8000819c (0x0375f233) x 4 0x49963ed1
core   0: 0x800081a0 (0x41275393) srai    t2, a4, 18
core   0: 3 0x800081a0 (0x41275393) x 7 0x00000000
core   0: 0x800081a4 (0x40ed8633) sub     a2, s11, a4
core   0: 3 0x800081a4 (0x40ed8633) x12 0x00000007
core   0: 0x800081a8 (0x003e14b3) sll     s1, t3, gp
core   0: 3 0x800081a8 (0x003e14b3) x 9 0x7e99de44
core   0: 0x800081ac (0x40395eb3) sra     t4, s2, gp
core   0: 3 0x800081ac (0x40395eb3) x29 0x0000064f
core   0: 0x800081b0 (0xd3839597) auipc   a1, 0xd3839
core   0: 3 0x800081b0 (0xd3839597) x11 0x538411b0
core   0: 0x800081b4 (0x00ad6433) or      s0, s10, a0
core   0: 3 0x800081b4 (0x00ad6433) x 8 0xfffffeff
core   0: 0x800081b8 (0x026c0fb3) mul     t6, s8, t1
core   0: 3 0x800081b8 (0x026c0fb3) x31 0xd0d86130
core   0: 0x800081bc (0x01fbc033) xor     zero, s7, t6
core   0: 3 0x800081bc (0x01fbc033)
core   0: 0x800081c0 (0x002233b3) sltu    t2, tp, sp
core   0: 3 0x800081c0 (0x002233b3) x 7 0x00000001
core   0: 0x800081c4 (0x035fa833) mulhsu  a6, t6, s5
core   0: 3 0x800081c4 (0x035fa833) x16 0x00000000
core   0: 0x800081c8 (0x02e62233) mulhsu  tp, a2, a4
core   0: 3 0x800081c8 (0x02e62233) x 4 0x00000000
core   0: 0x800081cc (0x59e54613) xori    a2, a0, 1438
core   0: 3 0x800081cc (0x59e54613) x12 0xfffffb4f
core   0: 0x800081d0 (0x02be9eb3) mulh    t4, t4, a1
core   0: 3 0x800081d0 (0x02be9eb3) x29 0x0000020e
core   0: 0x800081d4 (0x0129d613) srli    a2, s3, 18
core   0: 3 0x800081d4 (0x0129d613) x12 0x00000799
core   0: 0x800081d8 (0xfed2cab7) lui     s5, 0xfed2c
core   0: 3 0x800081d8 (0xfed2cab7) x21 0xfed2c000
core   0: 0x800081dc (0x03bbd7b3) divu    a5, s7, s11
core   0: 3 0x800081dc (0x03bbd7b3) x15 0x0d078db6
core   0: 0x800081e0 (0x03bb7f33) remu    t5, s6, s11
core   0: 3 0x800081e0 (0x03bb7f33) x30 0x00000001
core   0: 0x800081e4 (0x0290d5b3) divu    a1, ra, s1
core   0: 3 0x800081e4 (0x0290d5b3) x11 0x00000000
core   0: 0x800081e8 (0x41d1da93) srai    s5, gp, 29
core   0: 3 0x800081e8 (0x41d1da93) x21 0x00000000
core   0: 0x800081ec (0x002f57b3) srl     a5, t5, sp
core   0: 3 0x800081ec (0x002f57b3) x15 0x00000001
core   0: 0x800081f0 (0xbfea4613) xori    a2, s4, -1026
core   0: 3 0x800081f0 (0xbfea4613) x12 0x7ffe771a
core   0: 0x800081f4 (0x00e7d233) srl     tp, a5, a4
core   0: 3 0x800081f4 (0x00e7d233) x 4 0x00000001
core   0: 0x800081f8 (0x0177b233) sltu    tp, a5, s7
core   0: 3 0x800081f8 (0x0177b233) x 4 0x00000001
core   0: 0x800081fc (0x859b6d13) ori     s10, s6, -1959
core   0: 3 0x800081fc (0x859b6d13) x26 0xfffff859
core   0: 0x80008200 (0x00dce933) or      s2, s9, a3
core   0: 3 0x80008200 (0x00dce933) x18 0xbf197a8e
core   0: 0x80008204 (0x0345a533) mulhsu  a0, a1, s4
core   0: 3 0x80008204 (0x0345a533) x10 0x00000000
core   0: 0x80008208 (0xf201d0b7) lui     ra, 0xf201d
core   0: 3 0x80008208 (0xf201d0b7) x 1 0xf201d000
core   0: 0x8000820c (0xcf4e0c93) addi    s9, t3, -780
core   0: 3 0x8000820c (0xcf4e0c93) x25 0x7e99db38
core   0: 0x80008210 (0x02320533) mul     a0, tp, gp
core   0: 3 0x80008210 (0x02320533) x10 0x00000000
core   0: 0x80008214 (0x03fc85b3) mul     a1, s9, t6
core   0: 3 0x80008214 (0x03fc85b3) x11 0x80295280
core   0: 0x80008218 (0xee27fa93) andi    s5, a5, -286
core   0: 3 0x80008218 (0xee27fa93) x21 0x00000000
core   0: 0x8000821c (0x5d098b93) addi    s7, s3, 1488
core   0: 3 0x8000821c (0x5d098b93) x23 0x1e665c7f
core   0: 0x80008220 (0x01f6cb33) xor     s6, a3, t6
core   0: 3 0x80008220 (0x01f6cb33) x22 0x6fc11bbe
core   0: 0x80008224 (0x41f104b3) sub     s1, sp, t6
core   0: 3 0x80008224 (0x41f104b3) x 9 0x80553ed0
core   0: 0x80008228 (0x018b9c93) slli    s9, s7, 24
core   0: 3 0x80008228 (0x018b9c93) x25 0x7f000000
core   0: 0x8000822c (0x01b701b3) add     gp, a4, s11
core   0: 3 0x8000822c (0x01b701b3) x 3 0x00000007
core   0: 0x80008230 (0x40d608b3) sub     a7, a2, a3
core   0: 3 0x80008230 (0x40d608b3) x17 0xc0e4fc8c
core   0: 0x80008234 (0x6043bb17) auipc   s6, 0x6043b
core   0: 3 0x80008234 (0x6043bb17) x22 0xe0443234
core   0: 0x80008238 (0x00a364b3) or      s1, t1, a0
core   0: 3 0x80008238 (0x00a364b3) x 9 0xbf197a30
core   0: 0x8000823c (0x008e5913) srli    s2, t3, 8
core   0: 3 0x8000823c (0x008e5913) x18 0x007e99de
core   0: 0x80008240 (0x033dc133) div     sp, s11, s3
core   0: 3 0x80008240 (0x033dc133) x 2 0x00000000
core   0: 0x80008244 (0x01731713) slli    a4, t1, 23
core   0: 3 0x80008244 (0x01731713) x14 0x18000000
core   0: 0x80008248 (0x01ffeeb3) or      t4, t6, t6
core   0: 3 0x80008248 (0x01ffeeb3) x29 0xd0d86130
core   0: 0x8000824c (0x00000013) nop
core   0: 3 0x8000824c (0x00000013)
core   0: 0x80008250 (0x576bb317) auipc   t1, 0x576bb
core   0: 3 0x80008250 (0x576bb317) x 6 0xd76c3250
core   0: 0x80008254 (0x0110fab3) and     s5, ra, a7
core   0: 3 0x80008254 (0x0110fab3) x21 0xc000d000
core   0: 0x80008258 (0x01799ab3) sll     s5, s3, s7
core   0: 3 0x80008258 (0x01799ab3) x21 0x80000000
core   0: 0x8000825c (0x035bf7b3) remu    a5, s7, s5
core   0: 3 0x8000825c (0x035bf7b3) x15 0x1e665c7f
core   0: 0x80008260 (0x00c56b33) or      s6, a0, a2
core   0: 3 0x80008260 (0x00c56b33) x22 0x7ffe771a
core   0: 0x80008264 (0x018911b3) sll     gp, s2, s8
core   0: 3 0x80008264 (0x018911b3) x 3 0x33bc0000
core   0: 0x80008268 (0x21f5c493) xori    s1, a1, 543
core   0: 3 0x80008268 (0x21f5c493) x 9 0x8029509f
core   0: 0x8000826c (0x00ded4b3) srl     s1, t4, a3
core   0: 3 0x8000826c (0x00ded4b3) x 9 0x00034361
core   0: 0x80008270 (0x03cb1fb3) mulh    t6, s6, t3
core   0: 3 0x80008270 (0x03cb1fb3) x31 0x3f4c2cd4
core   0: 0x80008274 (0x4e653c13) sltiu   s8, a0, 1254
core   0: 3 0x80008274 (0x4e653c13) x24 0x00000001
core   0: 0x80008278 (0x02c64633) div     a2, a2, a2
core   0: 3 0x80008278 (0x02c64633) x12 0x00000001
core   0: 0x8000827c (0x033b4233) div     tp, s6, s3
core   0: 3 0x8000827c (0x033b4233) x 4 0x00000004
core   0: 0x80008280 (0x00918b33) add     s6, gp, s1
core   0: 3 0x80008280 (0x00918b33) x22 0x33bf4361
core   0: 0x80008284 (0x00000013) nop
core   0: 3 0x80008284 (0x00000013)
core   0: 0x80008288 (0x6f5d8937) lui     s2, 0x6f5d8
core   0: 3 0x80008288 (0x6f5d8937) x18 0x6f5d8000
core   0: 0x8000828c (0x01652ab3) slt     s5, a0, s6
core   0: 3 0x8000828c (0x01652ab3) x21 0x00000001
core   0: 0x80008290 (0x01c63fb3) sltu    t6, a2, t3
core   0: 3 0x80008290 (0x01c63fb3) x31 0x00000001
core   0: 0x80008294 (0x6fcb0c93) addi    s9, s6, 1788
core   0: 3 0x80008294 (0x6fcb0c93) x25 0x33bf4a5d
core   0: 0x80008298 (0x7d48ca93) xori    s5, a7, 2004
core   0: 3 0x80008298 (0x7d48ca93) x21 0xc0e4fb58
core   0: 0x8000829c (0x00000013) nop
core   0: 3 0x8000829c (0x00000013)
core   0: 0x800082a0 (0xd9216d97) auipc   s11, 0xd9216
core   0: 3 0x800082a0 (0xd9216d97) x27 0x5921e2a0
core   0: 0x800082a4 (0x021cb3b3) mulhu   t2, s9, ra
core   0: 3 0x800082a4 (0x021cb3b3) x 7 0x30eb3216
core   0: 0x800082a8 (0x2d48cb13) xori    s6, a7, 724
core   0: 3 0x800082a8 (0x2d48cb13) x22 0xc0e4fe58
core   0: 0x800082ac (0x00151cb3) sll     s9, a0, ra
core   0: 3 0x800082ac (0x00151cb3) x25 0x00000000
core   0: 0x800082b0 (0x413409b3) sub     s3, s0, s3
core   0: 3 0x800082b0 (0x413409b3) x19 0xe199a850
core   0: 0x800082b4 (0x024a9333) mulh    t1, s5, tp
core   0: 3 0x800082b4 (0x024a9333) x 6 0xffffffff
core   0: 0x800082b8 (0x03dfd5b3) divu    a1, t6, t4
core   0: 3 0x800082b8 (0x03dfd5b3) x11 0x00000000
core   0: 0x800082bc (0x0268de33) divu    t3, a7, t1
core   0: 3 0x800082bc (0x0268de33) x28 0x00000000
core   0: 0x800082c0 (0x41505b13) srai    s6, zero, 21
core   0: 3 0x800082c0 (0x41505b13) x22 0x00000000
core   0: 0x800082c4 (0x02c29733) mulh    a4, t0, a2
core   0: 3 0x800082c4 (0x02c29733) x14 0xffffffff
core   0: 0x800082c8 (0x4b9cae93) slti    t4, s9, 1209
core   0: 3 0x800082c8 (0x4b9cae93) x29 0x00000001
core   0: 0x800082cc (0x01c71d33) sll     s10, a4, t3
core   0: 3 0x800082cc (0x01c71d33) x26 0xffffffff
core   0: 0x800082d0 (0x01919633) sll     a2, gp, s9
core   0: 3 0x800082d0 (0x01919633) x12 0x33bc0000
core   0: 0x800082d4 (0x41e0dd13) srai    s10, ra, 30
core   0: 3 0x800082d4 (0x41e0dd13) x26 0xffffffff
core   0: 0x800082d8 (0x0a46ff13) andi    t5, a3, 164
core   0: 3 0x800082d8 (0x0a46ff13) x30 0x00000084
core   0: 0x800082dc (0x02514ab3) div     s5, sp, t0
core   0: 3 0x800082dc (0x02514ab3) x21 0x00000000
core   0: 0x800082e0 (0x41ad53b3) sra     t2, s10, s10
core   0: 3 0x800082e0 (0x41ad53b3) x 7 0xffffffff
core   0: 0x800082e4 (0x00db58b3) srl     a7, s6, a3
core   0: 3 0x800082e4 (0x00db58b3) x17 0x00000000
core   0: 0x800082e8 (0x630f7513) andi    a0, t5, 1584
core   0: 3 0x800082e8 (0x630f7513) x10 0x00000000
core   0: 0x800082ec (0x00b649b3) xor     s3, a2, a1
core   0: 3 0x800082ec (0x00b649b3) x19 0x33bc0000
core   0: 0x800082f0 (0x00575213) srli    tp, a4, 5
core   0: 3 0x800082f0 (0x00575213) x 4 0x07ffffff
core   0: 0x800082f4 (0x022bacb3) mulhsu  s9, s7, sp
core   0: 3 0x800082f4 (0x022bacb3) x25 0x00000000
core   0: 0x800082f8 (0x013f8833) add     a6, t6, s3
core   0: 3 0x800082f8 (0x013f8833) x16 0x33bc0001
core   0: 0x800082fc (0x028a81b3) mul     gp, s5, s0
core   0: 3 0x800082fc (0x028a81b3) x 3 0x00000000
core   0: 0x80008300 (0x411ad9b3) sra     s3, s5, a7
core   0: 3 0x80008300 (0x411ad9b3) x19 0x00000000
core   0: 0x80008304 (0x034b6db3) rem     s11, s6, s4
core   0: 3 0x80008304 (0x034b6db3) x27 0x00000000
core   0: 0x80008308 (0xa59e7813) andi    a6, t3, -1447
core   0: 3 0x80008308 (0xa59e7813) x16 0x00000000
core   0: 0x8000830c (0xff748513) addi    a0, s1, -9
core   0: 3 0x8000830c (0xff748513) x10 0x00034358
core   0: 0x80008310 (0x405ad593) srai    a1, s5, 5
core   0: 3 0x80008310 (0x405ad593) x11 0x00000000
core   0: 0x80008314 (0x4fcfa113) slti    sp, t6, 1276
core   0: 3 0x80008314 (0x4fcfa113) x 2 0x00000001
core   0: 0x80008318 (0x03e6cfb3) div     t6, a3, t5
core   0: 3 0x80008318 (0x03e6cfb3) x31 0xff8221e6
core   0: 0x8000831c (0xdcd7fe93) andi    t4, a5, -563
core   0: 3 0x8000831c (0xdcd7fe93) x29 0x1e665c4d
core   0: 0x80008320 (0x8bb7a313) slti    t1, a5, -1861
core   0: 3 0x80008320 (0x8bb7a313) x 6 0x00000000
core   0: 0x80008324 (0x027c3ab3) mulhu   s5, s8, t2
core   0: 3 0x80008324 (0x027c3ab3) x21 0x00000000
core   0: 0x80008328 (0x5495c813) xori    a6, a1, 1353
core   0: 3 0x80008328 (0x5495c813) x16 0x00000549
core   0: 0x8000832c (0x4b9d5f17) auipc   t5, 0x4b9d5
core   0: 3 0x8000832c (0x4b9d5f17) x30 0xcb9dd32c
core   0: 0x80008330 (0x0004c4b3) xor     s1, s1, zero
core   0: 3 0x80008330 (0x0004c4b3) x 9 0x00034361
core   0: 0x80008334 (0xb8487c93) andi    s9, a6, -1148
core   0: 3 0x80008334 (0xb8487c93) x25 0x00000100
core   0: 0x80008338 (0x41c0deb3) sra     t4, ra, t3
core   0: 3 0x80008338 (0x41c0deb3) x29 0xf201d000
core   0: 0x8000833c (0x02211ab3) mulh    s5, sp, sp
core   0: 3 0x8000833c (0x02211ab3) x21 0x00000000
core   0: 0x80008340 (0x001fb333) sltu    t1, t6, ra
core   0: 3 0x80008340 (0x001fb333) x 6 0x00000000
core   0: 0x80008344 (0x00e48833) add     a6, s1, a4
core   0: 3 0x80008344 (0x00e48833) x16 0x00034360
core   0: 0x80008348 (0x02012eb3) mulhsu  t4, sp, zero
core   0: 3 0x80008348 (0x02012eb3) x29 0x00000000
core   0: 0x8000834c (0x02e2d3b3) divu    t2, t0, a4
core   0: 3 0x8000834c (0x02e2d3b3) x 7 0x00000000
core   0: 0x80008350 (0x3348ed13) ori     s10, a7, 820
core   0: 3 0x80008350 (0x3348ed13) x26 0x00000334
core   0: 0x80008354 (0xb93cd097) auipc   ra, 0xb93cd
core   0: 3 0x80008354 (0xb93cd097) x 1 0x393d5354
core   0: 0x80008358 (0x402905b3) sub     a1, s2, sp
core   0: 3 0x80008358 (0x402905b3) x11 0x6f5d7fff
core   0: 0x8000835c (0x403a8bb3) sub     s7, s5, gp
core   0: 3 0x8000835c (0x403a8bb3) x23 0x00000000
core   0: 0x80008360 (0x00000013) nop
core   0: 3 0x80008360 (0x00000013)
core   0: 0x80008364 (0x03c463b3) rem     t2, s0, t3
core   0: 3 0x80008364 (0x03c463b3) x 7 0xfffffeff
core   0: 0x80008368 (0x02ec2533) mulhsu  a0, s8, a4
core   0: 3 0x80008368 (0x02ec2533) x10 0x00000000
core   0: 0x8000836c (0x035681b3) mul     gp, a3, s5
core   0: 3 0x8000836c (0x035681b3) x 3 0x00000000
core   0: 0x80008370 (0x038214b3) mulh    s1, tp, s8
core   0: 3 0x80008370 (0x038214b3) x 9 0x00000000
core   0: 0x80008374 (0x01345093) srli    ra, s0, 19
core   0: 3 0x80008374 (0x01345093) x 1 0x00001fff
core   0: 0x80008378 (0x02babe33) mulhu   t3, s5, a1
core   0: 3 0x80008378 (0x02babe33) x28 0x00000000
core   0: 0x8000837c (0xd1747793) andi    a5, s0, -745
core   0: 3 0x8000837c (0xd1747793) x15 0xfffffc17
core   0: 0x80008380 (0x41a987b3) sub     a5, s3, s10
core   0: 3 0x80008380 (0x41a987b3) x15 0xfffffccc
core   0: 0x80008384 (0x004353b3) srl     t2, t1, tp
core   0: 3 0x80008384 (0x004353b3) x 7 0x00000000
core   0: 0x80008388 (0x037a91b3) mulh    gp, s5, s7
core   0: 3 0x80008388 (0x037a91b3) x 3 0x00000000
core   0: 0x8000838c (0x00e0d713) srli    a4, ra, 14
core   0: 3 0x8000838c (0x00e0d713) x14 0x00000000
core   0: 0x80008390 (0x001bd793) srli    a5, s7, 1
core   0: 3 0x80008390 (0x001bd793) x15 0x00000000
core   0: 0x80008394 (0x00bac033) xor     zero, s5, a1
core   0: 3 0x80008394 (0x00bac033)
core   0: 0x80008398 (0x0339c333) div     t1, s3, s3
core   0: 3 0x80008398 (0x0339c333) x 6 0xffffffff
core   0: 0x8000839c (0x008a9f93) slli    t6, s5, 8
core   0: 3 0x8000839c (0x008a9f93) x31 0x00000000
core   0: 0x800083a0 (0x0103da93) srli    s5, t2, 16
core   0: 3 0x800083a0 (0x0103da93) x21 0x00000000
core   0: 0x800083a4 (0x01c09a93) slli    s5, ra, 28
core   0: 3 0x800083a4 (0x01c09a93) x21 0xf0000000
core   0: 0x800083a8 (0x41e48933) sub     s2, s1, t5
core   0: 3 0x800083a8 (0x41e48933) x18 0x34622cd4
core   0: 0x800083ac (0x02010d33) mul     s10, sp, zero
core   0: 3 0x800083ac (0x02010d33) x26 0x00000000
core   0: 0x800083b0 (0x03f30033) mul     zero, t1, t6
core   0: 3 0x800083b0 (0x03f30033)
core   0: 0x800083b4 (0x01d969b3) or      s3, s2, t4
core   0: 3 0x800083b4 (0x01d969b3) x19 0x34622cd4
core   0: 0x800083b8 (0x007a30b3) sltu    ra, s4, t2
core   0: 3 0x800083b8 (0x007a30b3) x 1 0x00000000
core   0: 0x800083bc (0x416dd493) srai    s1, s11, 22
core   0: 3 0x800083bc (0x416dd493) x 9 0x00000000
core   0: 0x800083c0 (0xda02a597) auipc   a1, 0xda02a
core   0: 3 0x800083c0 (0xda02a597) x11 0x5a0323c0
core   0: 0x800083c4 (0x0262bc33) mulhu   s8, t0, t1
core   0: 3 0x800083c4 (0x0262bc33) x24 0x80014e63
core   0: 0x800083c8 (0x9d30e193) ori     gp, ra, -1581
core   0: 3 0x800083c8 (0x9d30e193) x 3 0xfffff9d3
core   0: 0x800083cc (0x40905c93) srai    s9, zero, 9
core   0: 3 0x800083cc (0x40905c93) x25 0x00000000
core   0: 0x800083d0 (0x034dcbb3) div     s7, s11, s4
core   0: 3 0x800083d0 (0x034dcbb3) x23 0x00000000
core   0: 0x800083d4 (0x03f35d33) divu    s10, t1, t6
core   0: 3 0x800083d4 (0x03f35d33) x26 0xffffffff
core   0: 0x800083d8 (0x03cf7b33) remu    s6, t5, t3
core   0: 3 0x800083d8 (0x03cf7b33) x22 0xcb9dd32c
core   0: 0x800083dc (0x0130f4b3) and     s1, ra, s3
core   0: 3 0x800083dc (0x0130f4b3) x 9 0x00000000
core   0: 0x800083e0 (0x017e50b3) srl     ra, t3, s7
core   0: 3 0x800083e0 (0x017e50b3) x 1 0x00000000
core   0: 0x800083e4 (0x02ee8533) mul     a0, t4, a4
core   0: 3 0x800083e4 (0x02ee8533) x10 0x00000000
core   0: 0x800083e8 (0x01864033) xor     zero, a2, s8
core   0: 3 0x800083e8 (0x01864033)
core   0: 0x800083ec (0xff1bc813) xori    a6, s7, -15
core   0: 3 0x800083ec (0xff1bc813) x16 0xfffffff1
core   0: 0x800083f0 (0xacf92b93) slti    s7, s2, -1329
core   0: 3 0x800083f0 (0xacf92b93) x23 0x00000000
core   0: 0x800083f4 (0x008d1633) sll     a2, s10, s0
core   0: 3 0x800083f4 (0x008d1633) x12 0x80000000
core   0: 0x800083f8 (0xc6816d17) auipc   s10, 0xc6816
core   0: 3 0x800083f8 (0xc6816d17) x26 0x4681e3f8
core   0: 0x800083fc (0x03462033) mulhsu  zero, a2, s4
core   0: 3 0x800083fc (0x03462033)
core   0: 0x80008400 (0x01528933) add     s2, t0, s5
core   0: 3 0x80008400 (0x01528933) x18 0x70014e64
core   0: 0x80008404 (0x0235a333) mulhsu  t1, a1, gp
core   0: 3 0x80008404 (0x0235a333) x 6 0x5a032194
core   0: 0x80008408 (0xe4728e37) lui     t3, 0xe4728
core   0: 3 0x80008408 (0xe4728e37) x28 0xe4728000
core   0: 0x8000840c (0x02d363b3) rem     t2, t1, a3
core   0: 3 0x8000840c (0x02d363b3) x 7 0x191c9c22
core   0: 0x80008410 (0x0062a7b3) slt     a5, t0, t1
core   0: 3 0x80008410 (0x0062a7b3) x15 0x00000001
core   0: 0x80008414 (0x00d48433) add     s0, s1, a3
core   0: 3 0x80008414 (0x00d48433) x 8 0xbf197a8e
core   0: 0x80008418 (0x00000013) nop
core   0: 3 0x80008418 (0x00000013)
core   0: 0x8000841c (0x05aef993) andi    s3, t4, 90
core   0: 3 0x8000841c (0x05aef993) x19 0x00000000
core   0: 0x80008420 (0xec030093) addi    ra, t1, -320
core   0: 3 0x80008420 (0xec030093) x 1 0x5a032054
core   0: 0x80008424 (0x03857b33) remu    s6, a0, s8
core   0: 3 0x80008424 (0x03857b33) x22 0x00000000
core   0: 0x80008428 (0x03386633) rem     a2, a6, s3
core   0: 3 0x80008428 (0x03386633) x12 0xfffffff1
core   0: 0x8000842c (0x028f2fb3) mulhsu  t6, t5, s0
core   0: 3 0x8000842c (0x028f2fb3) x31 0xd8e589e3
core   0: 0x80008430 (0x021f8eb3) mul     t4, t6, ra
core   0: 3 0x80008430 (0x021f8eb3) x29 0x48369e7c
core   0: 0x80008434 (0x03b30cb3) mul     s9, t1, s11
core   0: 3 0x80008434 (0x03b30cb3) x25 0x00000000
core   0: 0x80008438 (0x40440333) sub     t1, s0, tp
core   0: 3 0x80008438 (0x40440333) x 6 0xb7197a8f
core   0: 0x8000843c (0x01bd8f33) add     t5, s11, s11
core   0: 3 0x8000843c (0x01bd8f33) x30 0x00000000
core   0: 0x80008440 (0x03b99cb3) mulh    s9, s3, s11
core   0: 3 0x80008440 (0x03b99cb3) x25 0x00000000
core   0: 0x80008444 (0x03f6b833) mulhu   a6, a3, t6
core   0: 3 0x80008444 (0x03f6b833) x16 0xa1e8d820
core   0: 0x80008448 (0x51ff7e13) andi    t3, t5, 1311
core   0: 3 0x80008448 (0x51ff7e13) x28 0x00000000
core   0: 0x8000844c (0x02ce4d33) div     s10, t3, a2
core   0: 3 0x8000844c (0x02ce4d33) x26 0x00000000
core   0: 0x80008450 (0x015cccb3) xor     s9, s9, s5
core   0: 3 0x80008450 (0x015cccb3) x25 0xf0000000
core   0: 0x80008454 (0x01b43933) sltu    s2, s0, s11
core   0: 3 0x80008454 (0x01b43933) x18 0x00000000
core   0: 0x80008458 (0xf26c6913) ori     s2, s8, -218
core   0: 3 0x80008458 (0xf26c6913) x18 0xffffff67
core   0: 0x8000845c (0x016f4e33) xor     t3, t5, s6
core   0: 3 0x8000845c (0x016f4e33) x28 0x00000000
core   0: 0x80008460 (0x0199d0b3) srl     ra, s3, s9
core   0: 3 0x80008460 (0x0199d0b3) x 1 0x00000000
core   0: 0x80008464 (0x00000013) nop
core   0: 3 0x80008464 (0x00000013)
core   0: 0x80008468 (0x41955ab3) sra     s5, a0, s9
core   0: 3 0x80008468 (0x41955ab3) x21 0x00000000
core   0: 0x8000846c (0x00379bb3) sll     s7, a5, gp
core   0: 3 0x8000846c (0x00379bb3) x23 0x00080000
core   0: 0x80008470 (0x003ec533) xor     a0, t4, gp
core   0: 3 0x80008470 (0x003ec533) x10 0xb7c967af
core   0: 0x80008474 (0x00000013) nop
core   0: 3 0x80008474 (0x00000013)
core   0: 0x80008478 (0x030dcc33) div     s8, s11, a6
core   0: 3 0x80008478 (0x030dcc33) x24 0x00000000
core   0: 0x8000847c (0x01c4e733) or      a4, s1, t3
core   0: 3 0x8000847c (0x01c4e733) x14 0x00000000
core   0: 0x80008480 (0x8face0b7) lui     ra, 0x8face
core   0: 3 0x80008480 (0x8face0b7) x 1 0x8face000
core   0: 0x80008484 (0x036b2c33) mulhsu  s8, s6, s6
core   0: 3 0x80008484 (0x036b2c33) x24 0x00000000
core   0: 0x80008488 (0x41bb5f93) srai    t6, s6, 27
core   0: 3 0x80008488 (0x41bb5f93) x31 0x00000000
core   0: 0x8000848c (0x0117aab3) slt     s5, a5, a7
core   0: 3 0x8000848c (0x0117aab3) x21 0x00000000
core   0: 0x80008490 (0x21417b93) andi    s7, sp, 532
core   0: 3 0x80008490 (0x21417b93) x23 0x00000000
core   0: 0x80008494 (0x022667b3) rem     a5, a2, sp
core   0: 3 0x80008494 (0x022667b3) x15 0x00000000
core   0: 0x80008498 (0x4016d093) srai    ra, a3, 1
core   0: 3 0x80008498 (0x4016d093) x 1 0xdf8cbd47
core   0: 0x8000849c (0x40008433) sub     s0, ra, zero
core   0: 3 0x8000849c (0x40008433) x 8 0xdf8cbd47
core   0: 0x800084a0 (0x01355c13) srli    s8, a0, 19
core   0: 3 0x800084a0 (0x01355c13) x24 0x000016f9
core   0: 0x800084a4 (0x01d43b33) sltu    s6, s0, t4
core   0: 3 0x800084a4 (0x01d43b33) x22 0x00000000
core   0: 0x800084a8 (0x41375cb3) sra     s9, a4, s3
core   0: 3 0x800084a8 (0x41375cb3) x25 0x00000000
core   0: 0x800084ac (0x408301b3) sub     gp, t1, s0
core   0: 3 0x800084ac (0x408301b3) x 3 0xd78cbd48
core   0: 0x800084b0 (0x4140dc33) sra     s8, ra, s4
core   0: 3 0x800084b0 (0x4140dc33) x24 0xfdf8cbd4
core   0: 0x800084b4 (0x03e0f9b3) remu    s3, ra, t5
core   0: 3 0x800084b4 (0x03e0f9b3) x19 0xdf8cbd47
core   0: 0x800084b8 (0x029e34b3) mulhu   s1, t3, s1
core   0: 3 0x800084b8 (0x029e34b3) x 9 0x00000000
core   0: 0x800084bc (0x947a0613) addi    a2, s4, -1721
core   0: 3 0x800084bc (0x947a0613) x12 0x8001862b
core   0: 0x800084c0 (0x0298f633) remu    a2, a7, s1
core   0: 3 0x800084c0 (0x0298f633) x12 0x00000000
core   0: 0x800084c4 (0x9450b817) auipc   a6, 0x9450b
core   0: 3 0x800084c4 (0x9450b817) x16 0x145134c4
core   0: 0x800084c8 (0x01a821b3) slt     gp, a6, s10
core   0: 3 0x800084c8 (0x01a821b3) x 3 0x00000000
core   0: 0x800084cc (0x025f34b3) mulhu   s1, t5, t0
core   0: 3 0x800084cc (0x025f34b3) x 9 0x00000000
core   0: 0x800084d0 (0x03a823b3) mulhsu  t2, a6, s10
core   0: 3 0x800084d0 (0x03a823b3) x 7 0x00000000
core   0: 0x800084d4 (0x412ad333) sra     t1, s5, s2
core   0: 3 0x800084d4 (0x412ad333) x 6 0x00000000
core   0: 0x800084d8 (0x0066dc33) srl     s8, a3, t1
core   0: 3 0x800084d8 (0x0066dc33) x24 0xbf197a8e
core   0: 0x800084dc (0x6d034f13) xori    t5, t1, 1744
core   0: 3 0x800084dc (0x6d034f13) x30 0x000006d0
core   0: 0x800084e0 (0x107d7097) auipc   ra, 0x107d7
core   0: 3 0x800084e0 (0x107d7097) x 1 0x907df4e0
core   0: 0x800084e4 (0x00000013) nop
core   0: 3 0x800084e4 (0x00000013)
core   0: 0x800084e8 (0x01a321b3) slt     gp, t1, s10
core   0: 3 0x800084e8 (0x01a321b3) x 3 0x00000000
core   0: 0x800084ec (0x02d244b3) div     s1, tp, a3
core   0: 3 0x800084ec (0x02d244b3) x 9 0x00000000
core   0: 0x800084f0 (0x007f9913) slli    s2, t6, 7
core   0: 3 0x800084f0 (0x007f9913) x18 0x00000000
core   0: 0x800084f4 (0xb56ef893) andi    a7, t4, -1194
core   0: 3 0x800084f4 (0xb56ef893) x17 0x48369a54
core   0: 0x800084f8 (0x41198233) sub     tp, s3, a7
core   0: 3 0x800084f8 (0x41198233) x 4 0x975622f3
core   0: 0x800084fc (0x00000013) nop
core   0: 3 0x800084fc (0x00000013)
core   0: 0x80008500 (0x03386db3) rem     s11, a6, s3
core   0: 3 0x80008500 (0x03386db3) x27 0x145134c4
core   0: 0x80008504 (0x037e6633) rem     a2, t3, s7
core   0: 3 0x80008504 (0x037e6633) x12 0x00000000
core   0: 0x80008508 (0x7ea98817) auipc   a6, 0x7ea98
core   0: 3 0x80008508 (0x7ea98817) x16 0xfeaa0508
core   0: 0x8000850c (0x13a24b93) xori    s7, tp, 314
core   0: 3 0x8000850c (0x13a24b93) x23 0x975623c9
core   0: 0x80008510 (0x41bad493) srai    s1, s5, 27
core   0: 3 0x80008510 (0x41bad493) x 9 0x00000000
core   0: 0x80008514 (0x02b40233) mul     tp, s0, a1
core   0: 3 0x80008514 (0x02b40233) x 4 0x1543aa40
core   0: 0x80008518 (0x00195c33) srl     s8, s2, ra
core   0: 3 0x80008518 (0x00195c33) x24 0x00000000
core   0: 0x8000851c (0x00f29f13) slli    t5, t0, 15
core   0: 3 0x8000851c (0x00f29f13) x30 0xa7320000
core   0: 0x80008520 (0x84872b93) slti    s7, a4, -1976
core   0: 3 0x80008520 (0x84872b93) x23 0x00000000
core   0: 0x80008524 (0x37a1cd93) xori    s11, gp, 890
core   0: 3 0x80008524 (0x37a1cd93) x27 0x0000037a
core   0: 0x80008528 (0x41908e33) sub     t3, ra, s9
core   0: 3 0x80008528 (0x41908e33) x28 0x907df4e0
core   0: 0x8000852c (0x000a50b3) srl     ra, s4, zero
core   0: 3 0x8000852c (0x000a50b3) x 1 0x80018ce4
core   0: 0x80008530 (0x039008b3) mul     a7, zero, s9
core   0: 3 0x80008530 (0x039008b3) x17 0x00000000
core   0: 0x80008534 (0x006660b3) or      ra, a2, t1
core   0: 3 0x80008534 (0x006660b3) x 1 0x00000000
core   0: 0x80008538 (0x02bbfdb3) remu    s11, s7, a1
core   0: 3 0x80008538 (0x02bbfdb3) x27 0x00000000
core   0: 0x8000853c (0x021cbcb3) mulhu   s9, s9, ra
core   0: 3 0x8000853c (0x021cbcb3) x25 0x00000000
core   0: 0x80008540 (0x02d6a4b3) mulhsu  s1, a3, a3
core   0: 3 0x80008540 (0x02d6a4b3) x 9 0xcf8d8cdb
core   0: 0x80008544 (0x4104d613) srai    a2, s1, 16
core   0: 3 0x80008544 (0x4104d613) x12 0xffffcf8d
core   0: 0x80008548 (0x16372213) slti    tp, a4, 355
core   0: 3 0x80008548 (0x16372213) x 4 0x00000001
core   0: 0x8000854c (0x00d05fb3) srl     t6, zero, a3
core   0: 3 0x8000854c (0x00d05fb3) x31 0x00000000
core   0: 0x80008550 (0x02803db3) mulhu   s11, zero, s0
core   0: 3 0x80008550 (0x02803db3) x27 0x00000000
core   0: 0x80008554 (0x02d7e0b3) rem     ra, a5, a3
core   0: 3 0x80008554 (0x02d7e0b3) x 1 0x00000000
core   0: 0x80008558 (0x00e47133) and     sp, s0, a4
core   0: 3 0x80008558 (0x00e47133) x 2 0x00000000
core   0: 0x8000855c (0x01edbfb3) sltu    t6, s11, t5
core   0: 3 0x8000855c (0x01edbfb3) x31 0x00000001
core   0: 0x80008560 (0xbd901517) auipc   a0, 0xbd901
core   0: 3 0x80008560 (0xbd901517) x10 0x3d909560
core   0: 0x80008564 (0xaf800513) li      a0, -1288
core   0: 3 0x80008564 (0xaf800513) x10 0xfffffaf8
core   0: 0x80008568 (0x01282933) slt     s2, a6, s2
core   0: 3 0x80008568 (0x01282933) x18 0x00000001
core   0: 0x8000856c (0x006c6c33) or      s8, s8, t1
core   0: 3 0x8000856c (0x006c6c33) x24 0x00000000
core   0: 0x80008570 (0x665f4d13) xori    s10, t5, 1637
core   0: 3 0x80008570 (0x665f4d13) x26 0xa7320665
core   0: 0x80008574 (0x03da0ab3) mul     s5, s4, t4
core   0: 3 0x80008574 (0x03da0ab3) x21 0xcdccf670
core   0: 0x80008578 (0x0310c4b3) div     s1, ra, a7
core   0: 3 0x80008578 (0x0310c4b3) x 9 0xffffffff
core   0: 0x8000857c (0x010d9cb3) sll     s9, s11, a6
core   0: 3 0x8000857c (0x010d9cb3) x25 0x00000000
core   0: 0x80008580 (0x03c9f933) remu    s2, s3, t3
core   0: 3 0x80008580 (0x03c9f933) x18 0x4f0ec867
core   0: 0x80008584 (0x3dd0fa93) andi    s5, ra, 989
core   0: 3 0x80008584 (0x3dd0fa93) x21 0x00000000
core   0: 0x80008588 (0x4122d913) srai    s2, t0, 18
core   0: 3 0x80008588 (0x4122d913) x18 0xffffe000
core   0: 0x8000858c (0x001d9793) slli    a5, s11, 1
core   0: 3 0x8000858c (0x001d9793) x15 0x00000000
core   0: 0x80008590 (0x029f9933) mulh    s2, t6, s1
core   0: 3 0x80008590 (0x029f9933) x18 0xffffffff
core   0: 0x80008594 (0x000a05b3) add     a1, s4, zero
core   0: 3 0x80008594 (0x000a05b3) x11 0x80018ce4
core   0: 0x80008598 (0x02484eb3) div     t4, a6, tp
core   0: 3 0x80008598 (0x02484eb3) x29 0xfeaa0508
core   0: 0x8000859c (0xfef82e93) slti    t4, a6, -17
core   0: 3 0x8000859c (0xfef82e93) x29 0x00000001
core   0: 0x800085a0 (0x024311b3) mulh    gp, t1, tp
core   0: 3 0x800085a0 (0x024311b3) x 3 0x00000000
core   0: 0x800085a4 (0x017b09b3) add     s3, s6, s7
core   0: 3 0x800085a4 (0x017b09b3) x19 0x00000000
core   0: 0x800085a8 (0x00c7dd93) srli    s11, a5, 12
core   0: 3 0x800085a8 (0x00c7dd93) x27 0x00000000
core   0: 0x800085ac (0x002e3f33) sltu    t5, t3, sp
core   0: 3 0x800085ac (0x002e3f33) x30 0x00000000
core   0: 0x800085b0 (0x4141dc13) srai    s8, gp, 20
core   0: 3 0x800085b0 (0x4141dc13) x24 0x00000000
core   0: 0x800085b4 (0x02249b33) mulh    s6, s1, sp
core   0: 3 0x800085b4 (0x02249b33) x22 0x00000000
core   0: 0x800085b8 (0x01e565b3) or      a1, a0, t5
core   0: 3 0x800085b8 (0x01e565b3) x11 0xfffffaf8
core   0: 0x800085bc (0xdd933713) sltiu   a4, t1, -551
core   0: 3 0x800085bc (0xdd933713) x14 0x00000001
core   0: 0x800085c0 (0x002413b3) sll     t2, s0, sp
core   0: 3 0x800085c0 (0x002413b3) x 7 0xdf8cbd47
core   0: 0x800085c4 (0x00f32c33) slt     s8, t1, a5
core   0: 3 0x800085c4 (0x00f32c33) x24 0x00000000
core   0: 0x800085c8 (0xe9f18013) addi    zero, gp, -353
core   0: 3 0x800085c8 (0xe9f18013)
core   0: 0x800085cc (0x41d45e33) sra     t3, s0, t4
core   0: 3 0x800085cc (0x41d45e33) x28 0xefc65ea3
core   0: 0x800085d0 (0x03dd3833) mulhu   a6, s10, t4
core   0: 3 0x800085d0 (0x03dd3833) x16 0x00000000
core   0: 0x800085d4 (0x00000013) nop
core   0: 3 0x800085d4 (0x00000013)
core   0: 0x800085d8 (0xd86b7f37) lui     t5, 0xd86b7
core   0: 3 0x800085d8 (0xd86b7f37) x30 0xd86b7000
core   0: 0x800085dc (0x0089b533) sltu    a0, s3, s0
core   0: 3 0x800085dc (0x0089b533) x10 0x00000001
core   0: 0x800085e0 (0x01459e13) slli    t3, a1, 20
core   0: 3 0x800085e0 (0x01459e13) x28 0xaf800000
core   0: 0x800085e4 (0x00b07633) and     a2, zero, a1
core   0: 3 0x800085e4 (0x00b07633) x12 0x00000000
core   0: 0x800085e8 (0x016e4ab3) xor     s5, t3, s6
core   0: 3 0x800085e8 (0x016e4ab3) x21 0xaf800000
core   0: 0x800085ec (0xc665a913) slti    s2, a1, -922
core   0: 3 0x800085ec (0xc665a913) x18 0x00000001
core   0: 0x800085f0 (0x417c5e33) sra     t3, s8, s7
core   0: 3 0x800085f0 (0x417c5e33) x28 0x00000000
core   0: 0x800085f4 (0x014945b3) xor     a1, s2, s4
core   0: 3 0x800085f4 (0x014945b3) x11 0x80018ce5
core   0: 0x800085f8 (0xa715b493) sltiu   s1, a1, -1423
core   0: 3 0x800085f8 (0xa715b493) x 9 0x00000001
core   0: 0x800085fc (0x00e68433) add     s0, a3, a4
core   0: 3 0x800085fc (0x00e68433) x 8 0xbf197a8f
core   0: 0x80008600 (0x016cd793) srli    a5, s9, 22
core   0: 3 0x80008600 (0x016cd793) x15 0x00000000
core   0: 0x80008604 (0xec318813) addi    a6, gp, -317
core   0: 3 0x80008604 (0xec318813) x16 0xfffffec3
core   0: 0x80008608 (0x41005db3) sra     s11, zero, a6
core   0: 3 0x80008608 (0x41005db3) x27 0x00000000
core   0: 0x8000860c (0xa4586193) ori     gp, a6, -1467
core   0: 3 0x8000860c (0xa4586193) x 3 0xfffffec7
core   0: 0x80008610 (0x010b5333) srl     t1, s6, a6
core   0: 3 0x80008610 (0x010b5333) x 6 0x00000000
core   0: 0x80008614 (0x02c3cd33) div     s10, t2, a2
core   0: 3 0x80008614 (0x02c3cd33) x26 0xffffffff
core   0: 0x80008618 (0x024b4333) div     t1, s6, tp
core   0: 3 0x80008618 (0x024b4333) x 6 0x00000000
core   0: 0x8000861c (0x5052a413) slti    s0, t0, 1285
core   0: 3 0x8000861c (0x5052a413) x 8 0x00000001
core   0: 0x80008620 (0x40518b33) sub     s6, gp, t0
core   0: 3 0x80008620 (0x40518b33) x22 0x7ffeb063
core   0: 0x80008624 (0x02bf9c33) mulh    s8, t6, a1
core   0: 3 0x80008624 (0x02bf9c33) x24 0xffffffff
core   0: 0x80008628 (0x01509b13) slli    s6, ra, 21
core   0: 3 0x80008628 (0x01509b13) x22 0x00000000
core   0: 0x8000862c (0x01a750b3) srl     ra, a4, s10
core   0: 3 0x8000862c (0x01a750b3) x 1 0x00000000
core   0: 0x80008630 (0x02d83233) mulhu   tp, a6, a3
core   0: 3 0x80008630 (0x02d83233) x 4 0xbf1979a1
core   0: 0x80008634 (0x00d483b3) add     t2, s1, a3
core   0: 3 0x80008634 (0x00d483b3) x 7 0xbf197a8f
core   0: 0x80008638 (0x018fde13) srli    t3, t6, 24
core   0: 3 0x80008638 (0x018fde13) x28 0x00000000
core   0: 0x8000863c (0x767fcc93) xori    s9, t6, 1895
core   0: 3 0x8000863c (0x767fcc93) x25 0x00000766
core   0: 0x80008640 (0x01cb84b3) add     s1, s7, t3
core   0: 3 0x80008640 (0x01cb84b3) x 9 0x00000000
core   0: 0x80008644 (0x8ab35cb7) lui     s9, 0x8ab35
core   0: 3 0x80008644 (0x8ab35cb7) x25 0x8ab35000
core   0: 0x80008648 (0x01323cb3) sltu    s9, tp, s3
core   0: 3 0x80008648 (0x01323cb3) x25 0x00000000
core   0: 0x8000864c (0x01d59193) slli    gp, a1, 29
core   0: 3 0x8000864c (0x01d59193) x 3 0xa0000000
core   0: 0x80008650 (0x08f5b893) sltiu   a7, a1, 143
core   0: 3 0x80008650 (0x08f5b893) x17 0x00000000
core   0: 0x80008654 (0x03d801b3) mul     gp, a6, t4
core   0: 3 0x80008654 (0x03d801b3) x 3 0xfffffec3
core   0: 0x80008658 (0x00285193) srli    gp, a6, 2
core   0: 3 0x80008658 (0x00285193) x 3 0x3fffffb0
core   0: 0x8000865c (0x00c9ebb3) or      s7, s3, a2
core   0: 3 0x8000865c (0x00c9ebb3) x23 0x00000000
core   0: 0x80008660 (0x03fb9db3) mulh    s11, s7, t6
core   0: 3 0x80008660 (0x03fb9db3) x27 0x00000000
core   0: 0x80008664 (0x011433b3) sltu    t2, s0, a7
core   0: 3 0x80008664 (0x011433b3) x 7 0x00000000
core   0: 0x80008668 (0x03bcf8b3) remu    a7, s9, s11
core   0: 3 0x80008668 (0x03bcf8b3) x17 0x00000000
core   0: 0x8000866c (0x00037fb3) and     t6, t1, zero
core   0: 3 0x8000866c (0x00037fb3) x31 0x00000000
core   0: 0x80008670 (0x404edbb3) sra     s7, t4, tp
core   0: 3 0x80008670 (0x404edbb3) x23 0x00000000
core   0: 0x80008674 (0x03c72233) mulhsu  tp, a4, t3
core   0: 3 0x80008674 (0x03c72233) x 4 0x00000000
core   0: 0x80008678 (0xf9e873b7) lui     t2, 0xf9e87
core   0: 3 0x80008678 (0xf9e873b7) x 7 0xf9e87000
core   0: 0x8000867c (0x03cd7133) remu    sp, s10, t3
core   0: 3 0x8000867c (0x03cd7133) x 2 0xffffffff
core   0: 0x80008680 (0x41b1d213) srai    tp, gp, 27
core   0: 3 0x80008680 (0x41b1d213) x 4 0x00000007
core   0: 0x80008684 (0x4082dd93) srai    s11, t0, 8
core   0: 3 0x80008684 (0x4082dd93) x27 0xff80014e
core   0: 0x80008688 (0x5bd08e17) auipc   t3, 0x5bd08
core   0: 3 0x80008688 (0x5bd08e17) x28 0xdbd10688
core   0: 0x8000868c (0xf5062c37) lui     s8, 0xf5062
core   0: 3 0x8000868c (0xf5062c37) x24 0xf5062000
core   0: 0x80008690 (0x2c330b13) addi    s6, t1, 707
core   0: 3 0x80008690 (0x2c330b13) x22 0x000002c3
core   0: 0x80008694 (0x01efd733) srl     a4, t6, t5
core   0: 3 0x80008694 (0x01efd733) x14 0x00000000
core   0: 0x80008698 (0x0036b933) sltu    s2, a3, gp
core   0: 3 0x80008698 (0x0036b933) x18 0x00000000
core   0: 0x8000869c (0xb21a2813) slti    a6, s4, -1247
core   0: 3 0x8000869c (0xb21a2813) x16 0x00000001
core   0: 0x800086a0 (0x010688b3) add     a7, a3, a6
core   0: 3 0x800086a0 (0x010688b3) x17 0xbf197a8f
core   0: 0x800086a4 (0x02d9eab3) rem     s5, s3, a3
core   0: 3 0x800086a4 (0x02d9eab3) x21 0x00000000
core   0: 0x800086a8 (0x03ca4db3) div     s11, s4, t3
core   0: 3 0x800086a8 (0x03ca4db3) x27 0x00000003
core   0: 0x800086ac (0x004f1213) slli    tp, t5, 4
core   0: 3 0x800086ac (0x004f1213) x 4 0x86b70000
core   0: 0x800086b0 (0x00250f33) add     t5, a0, sp
core   0: 3 0x800086b0 (0x00250f33) x30 0x00000000
core   0: 0x800086b4 (0x00000013) nop
core   0: 3 0x800086b4 (0x00000013)
core   0: 0x800086b8 (0x88f48893) addi    a7, s1, -1905
core   0: 3 0x800086b8 (0x88f48893) x17 0xfffff88f
core   0: 0x800086bc (0x034717b3) mulh    a5, a4, s4
core   0: 3 0x800086bc (0x034717b3) x15 0x00000000
core   0: 0x800086c0 (0x001e0133) add     sp, t3, ra
core   0: 3 0x800086c0 (0x001e0133) x 2 0xdbd10688
core   0: 0x800086c4 (0xcba37913) andi    s2, t1, -838
core   0: 3 0x800086c4 (0xcba37913) x18 0x00000000
core   0: 0x800086c8 (0x40365513) srai    a0, a2, 3
core   0: 3 0x800086c8 (0x40365513) x10 0x00000000
core   0: 0x800086cc (0x03cc5733) divu    a4, s8, t3
core   0: 3 0x800086cc (0x03cc5733) x14 0x00000001
core   0: 0x800086d0 (0x01e424b3) slt     s1, s0, t5
core   0: 3 0x800086d0 (0x01e424b3) x 9 0x00000000
core   0: 0x800086d4 (0x41798e33) sub     t3, s3, s7
core   0: 3 0x800086d4 (0x41798e33) x28 0x00000000
core   0: 0x800086d8 (0x02185eb3) divu    t4, a6, ra
core   0: 3 0x800086d8 (0x02185eb3) x29 0xffffffff
core   0: 0x800086dc (0x03212033) mulhsu  zero, sp, s2
core   0: 3 0x800086dc (0x03212033)
core   0: 0x800086e0 (0x024fe333) rem     t1, t6, tp
core   0: 3 0x800086e0 (0x024fe333) x 6 0x00000000
core   0: 0x800086e4 (0x02e189b3) mul     s3, gp, a4
core   0: 3 0x800086e4 (0x02e189b3) x19 0x3fffffb0
core   0: 0x800086e8 (0x02f2b533) mulhu   a0, t0, a5
core   0: 3 0x800086e8 (0x02f2b533) x10 0x00000000
core   0: 0x800086ec (0x4ed4a013) slti    zero, s1, 1261
core   0: 3 0x800086ec (0x4ed4a013)
core   0: 0x800086f0 (0x71b74e13) xori    t3, a4, 1819
core   0: 3 0x800086f0 (0x71b74e13) x28 0x0000071a
core   0: 0x800086f4 (0x00000013) nop
core   0: 3 0x800086f4 (0x00000013)
core   0: 0x800086f8 (0x00badf13) srli    t5, s5, 11
core   0: 3 0x800086f8 (0x00badf13) x30 0x00000000
core   0: 0x800086fc (0x40e7d933) sra     s2, a5, a4
core   0: 3 0x800086fc (0x40e7d933) x18 0x00000000
core   0: 0x80008700 (0x02e3ae33) mulhsu  t3, t2, a4
core   0: 3 0x80008700 (0x02e3ae33) x28 0xffffffff
core   0: 0x80008704 (0x0286b133) mulhu   sp, a3, s0
core   0: 3 0x80008704 (0x0286b133) x 2 0x00000000
core   0: 0x80008708 (0x41d753b3) sra     t2, a4, t4
core   0: 3 0x80008708 (0x41d753b3) x 7 0x00000000
core   0: 0x8000870c (0x02f6d7b3) divu    a5, a3, a5
core   0: 3 0x8000870c (0x02f6d7b3) x15 0xffffffff
core   0: 0x80008710 (0x5c04c113) xori    sp, s1, 1472
core   0: 3 0x80008710 (0x5c04c113) x 2 0x000005c0
core   0: 0x80008714 (0x0106f533) and     a0, a3, a6
core   0: 3 0x80008714 (0x0106f533) x10 0x00000000
core   0: 0x80008718 (0x014fbab3) sltu    s5, t6, s4
core   0: 3 0x80008718 (0x014fbab3) x21 0x00000001
core   0: 0x8000871c (0x037ec8b3) div     a7, t4, s7
core   0: 3 0x8000871c (0x037ec8b3) x17 0xffffffff
core   0: 0x80008720 (0x00b21933) sll     s2, tp, a1
core   0: 3 0x80008720 (0x00b21933) x18 0xd6e00000
core   0: 0x80008724 (0x416681b3) sub     gp, a3, s6
core   0: 3 0x80008724 (0x416681b3) x 3 0xbf1977cb
core   0: 0x80008728 (0x02a563b3) rem     t2, a0, a0
core   0: 3 0x80008728 (0x02a563b3) x 7 0x00000000
core   0: 0x8000872c (0x01e293b3) sll     t2, t0, t5
core   0: 3 0x8000872c (0x01e293b3) x 7 0x80014e64
core   0: 0x80008730 (0x40ac0cb3) sub     s9, s8, a0
core   0: 3 0x80008730 (0x40ac0cb3) x25 0xf5062000
core   0: 0x80008734 (0x00a2bdb3) sltu    s11, t0, a0
core   0: 3 0x80008734 (0x00a2bdb3) x27 0x00000000
core   0: 0x80008738 (0x40310ab3) sub     s5, sp, gp
core   0: 3 0x80008738 (0x40310ab3) x21 0x40e68df5
core   0: 0x8000873c (0x41d5db33) sra     s6, a1, t4
core   0: 3 0x8000873c (0x41d5db33) x22 0xffffffff
core   0: 0x80008740 (0x00db30b3) sltu    ra, s6, a3
core   0: 3 0x80008740 (0x00db30b3) x 1 0x00000000
core   0: 0x80008744 (0x9a5c2713) slti    a4, s8, -1627
core   0: 3 0x80008744 (0x9a5c2713) x14 0x00000001
core   0: 0x80008748 (0x0067e433) or      s0, a5, t1
core   0: 3 0x80008748 (0x0067e433) x 8 0xffffffff
core   0: 0x8000874c (0x035ea533) mulhsu  a0, t4, s5
core   0: 3 0x8000874c (0x035ea533) x10 0xffffffff
core   0: 0x80008750 (0x0395fab3) remu    s5, a1, s9
core   0: 3 0x80008750 (0x0395fab3) x21 0x80018ce5
core   0: 0x80008754 (0x03753633) mulhu   a2, a0, s7
core   0: 3 0x80008754 (0x03753633) x12 0x00000000
core   0: 0x80008758 (0x03169f33) mulh    t5, a3, a7
core   0: 3 0x80008758 (0x03169f33) x30 0x00000000
core   0: 0x8000875c (0xe326ac93) slti    s9, a3, -462
core   0: 3 0x8000875c (0xe326ac93) x25 0x00000001
core   0: 0x80008760 (0x033a0fb3) mul     t6, s4, s3
core   0: 3 0x80008760 (0x033a0fb3) x31 0xff83f8c0
core   0: 0x80008764 (0x00fe2cb3) slt     s9, t3, a5
core   0: 3 0x80008764 (0x00fe2cb3) x25 0x00000000
core   0: 0x80008768 (0x014cb0b3) sltu    ra, s9, s4
core   0: 3 0x80008768 (0x014cb0b3) x 1 0x00000001
core   0: 0x8000876c (0x7a29ad97) auipc   s11, 0x7a29a
core   0: 3 0x8000876c (0x7a29ad97) x27 0xfa2a276c
core   0: 0x80008770 (0x018e9b93) slli    s7, t4, 24
core   0: 3 0x80008770 (0x018e9b93) x23 0xff000000
core   0: 0x80008774 (0x02f35ab3) divu    s5, t1, a5
core   0: 3 0x80008774 (0x02f35ab3) x21 0x00000000
core   0: 0x80008778 (0x01739c93) slli    s9, t2, 23
core   0: 3 0x80008778 (0x01739c93) x25 0x32000000
core   0: 0x8000877c (0xeb410413) addi    s0, sp, -332
core   0: 3 0x8000877c (0xeb410413) x 8 0x00000474
core   0: 0x80008780 (0x9b4b4b13) xori    s6, s6, -1612
core   0: 3 0x80008780 (0x9b4b4b13) x22 0x0000064b
core   0: 0x80008784 (0x00000013) nop
core   0: 3 0x80008784 (0x00000013)
core   0: 0x80008788 (0x00549c13) slli    s8, s1, 5
core   0: 3 0x80008788 (0x00549c13) x24 0x00000000
core   0: 0x8000878c (0x02c08ab3) mul     s5, ra, a2
core   0: 3 0x8000878c (0x02c08ab3) x21 0x00000000
core   0: 0x80008790 (0x4009d713) srai    a4, s3, 0
core   0: 3 0x80008790 (0x4009d713) x14 0x3fffffb0
core   0: 0x80008794 (0x00b49bb3) sll     s7, s1, a1
core   0: 3 0x80008794 (0x00b49bb3) x23 0x00000000
core   0: 0x80008798 (0xb1727937) lui     s2, 0xb1727
core   0: 3 0x80008798 (0xb1727937) x18 0xb1727000
core   0: 0x8000879c (0x02c60b33) mul     s6, a2, a2
core   0: 3 0x8000879c (0x02c60b33) x22 0x00000000
core   0: 0x800087a0 (0x020daab3) mulhsu  s5, s11, zero
core   0: 3 0x800087a0 (0x020daab3) x21 0x00000000
core   0: 0x800087a4 (0xbabd10b7) lui     ra, 0xbabd1
core   0: 3 0x800087a4 (0xbabd10b7) x 1 0xbabd1000
core   0: 0x800087a8 (0x00442d33) slt     s10, s0, tp
core   0: 3 0x800087a8 (0x00442d33) x26 0x00000000
core   0: 0x800087ac (0x015434b3) sltu    s1, s0, s5
core   0: 3 0x800087ac (0x015434b3) x 9 0x00000000
core   0: 0x800087b0 (0x01c367b3) or      a5, t1, t3
core   0: 3 0x800087b0 (0x01c367b3) x15 0xffffffff
core   0: 0x800087b4 (0x02df2833) mulhsu  a6, t5, a3
core   0: 3 0x800087b4 (0x02df2833) x16 0x00000000
core   0: 0x800087b8 (0x00af9f13) slli    t5, t6, 10
core   0: 3 0x800087b8 (0x00af9f13) x30 0x0fe30000
core   0: 0x800087bc (0x40a35633) sra     a2, t1, a0
core   0: 3 0x800087bc (0x40a35633) x12 0x00000000
core   0: 0x800087c0 (0x02b3e0b3) rem     ra, t2, a1
core   0: 3 0x800087c0 (0x02b3e0b3) x 1 0xffffc17f
core   0: 0x800087c4 (0x02d79ab3) mulh    s5, a5, a3
core   0: 3 0x800087c4 (0x02d79ab3) x21 0x00000000
core   0: 0x800087c8 (0x02e85fb3) divu    t6, a6, a4
core   0: 3 0x800087c8 (0x02e85fb3) x31 0x00000000
core   0: 0x800087cc (0xdba8a493) slti    s1, a7, -582
core   0: 3 0x800087cc (0xdba8a493) x 9 0x00000000
core   0: 0x800087d0 (0x00086233) or      tp, a6, zero
core   0: 3 0x800087d0 (0x00086233) x 4 0x00000000
core   0: 0x800087d4 (0x01fb1d93) slli    s11, s6, 31
core   0: 3 0x800087d4 (0x01fb1d93) x27 0x00000000
core   0: 0x800087d8 (0x6a09e613) ori     a2, s3, 1696
core   0: 3 0x800087d8 (0x6a09e613) x12 0x3fffffb0
core   0: 0x800087dc (0x09064793) xori    a5, a2, 144
core   0: 3 0x800087dc (0x09064793) x15 0x3fffff20
core   0: 0x800087e0 (0x012d9393) slli    t2, s11, 18
core   0: 3 0x800087e0 (0x012d9393) x 7 0x00000000
core   0: 0x800087e4 (0x409488b3) sub     a7, s1, s1
core   0: 3 0x800087e4 (0x409488b3) x17 0x00000000
core   0: 0x800087e8 (0x18f8dc17) auipc   s8, 0x18f8d
core   0: 3 0x800087e8 (0x18f8dc17) x24 0x98f957e8
core   0: 0x800087ec (0x021e84b3) mul     s1, t4, ra
core   0: 3 0x800087ec (0x021e84b3) x 9 0x00003e81
core   0: 0x800087f0 (0x41817793) andi    a5, sp, 1048
core   0: 3 0x800087f0 (0x41817793) x15 0x00000400
core   0: 0x800087f4 (0x02cf9033) mulh    zero, t6, a2
core   0: 3 0x800087f4 (0x02cf9033)
core   0: 0x800087f8 (0x03664eb3) div     t4, a2, s6
core   0: 3 0x800087f8 (0x03664eb3) x29 0xffffffff
core   0: 0x800087fc (0xfbf1ea93) ori     s5, gp, -65
core   0: 3 0x800087fc (0xfbf1ea93) x21 0xffffffff
core   0: 0x80008800 (0x03fb2b33) mulhsu  s6, s6, t6
core   0: 3 0x80008800 (0x03fb2b33) x22 0x00000000
core   0: 0x80008804 (0x41275593) srai    a1, a4, 18
core   0: 3 0x80008804 (0x41275593) x11 0x00000fff
core   0: 0x80008808 (0x00db5113) srli    sp, s6, 13
core   0: 3 0x80008808 (0x00db5113) x 2 0x00000000
core   0: 0x8000880c (0x008db1b3) sltu    gp, s11, s0
core   0: 3 0x8000880c (0x008db1b3) x 3 0x00000001
core   0: 0x80008810 (0x428cbd93) sltiu   s11, s9, 1064
core   0: 3 0x80008810 (0x428cbd93) x27 0x00000000
core   0: 0x80008814 (0x007ed933) srl     s2, t4, t2
core   0: 3 0x80008814 (0x007ed933) x18 0xffffffff
core   0: 0x80008818 (0x03c3f0b3) remu    ra, t2, t3
core   0: 3 0x80008818 (0x03c3f0b3) x 1 0x00000000
core   0: 0x8000881c (0xdea13d13) sltiu   s10, sp, -534
core   0: 3 0x8000881c (0xdea13d13) x26 0x00000001
core   0: 0x80008820 (0x17ad8a93) addi    s5, s11, 378
core   0: 3 0x80008820 (0x17ad8a93) x21 0x0000017a
core   0: 0x80008824 (0x8e03c113) xori    sp, t2, -1824
core   0: 3 0x80008824 (0x8e03c113) x 2 0xfffff8e0
core   0: 0x80008828 (0x646ba093) slti    ra, s7, 1606
core   0: 3 0x80008828 (0x646ba093) x 1 0x00000001
core   0: 0x8000882c (0x022887b3) mul     a5, a7, sp
core   0: 3 0x8000882c (0x022887b3) x15 0x00000000
core   0: 0x80008830 (0x50d2a637) lui     a2, 0x50d2a
core   0: 3 0x80008830 (0x50d2a637) x12 0x50d2a000
core   0: 0x80008834 (0x4d324593) xori    a1, tp, 1235
core   0: 3 0x80008834 (0x4d324593) x11 0x000004d3
core   0: 0x80008838 (0x01ed1113) slli    sp, s10, 30
core   0: 3 0x80008838 (0x01ed1113) x 2 0x40000000
core   0: 0x8000883c (0x0066d833) srl     a6, a3, t1
core   0: 3 0x8000883c (0x0066d833) x16 0xbf197a8e
core   0: 0x80008840 (0x400cd1b3) sra     gp, s9, zero
core   0: 3 0x80008840 (0x400cd1b3) x 3 0x32000000
core   0: 0x80008844 (0x01224733) xor     a4, tp, s2
core   0: 3 0x80008844 (0x01224733) x14 0xffffffff
core   0: 0x80008848 (0x0118a0b3) slt     ra, a7, a7
core   0: 3 0x80008848 (0x0118a0b3) x 1 0x00000000
core   0: 0x8000884c (0x02bef933) remu    s2, t4, a1
core   0: 3 0x8000884c (0x02bef933) x18 0x00000181
core   0: 0x80008850 (0x40c1d613) srai    a2, gp, 12
core   0: 3 0x80008850 (0x40c1d613) x12 0x00032000
core   0: 0x80008854 (0xaff14093) xori    ra, sp, -1281
core   0: 3 0x80008854 (0xaff14093) x 1 0xbffffaff
core   0: 0x80008858 (0xbdf42f93) slti    t6, s0, -1057
core   0: 3 0x80008858 (0xbdf42f93) x31 0x00000000
core   0: 0x8000885c (0x02da39b3) mulhu   s3, s4, a3
core   0: 3 0x8000885c (0x02da39b3) x19 0x5f8de58c
core   0: 0x80008860 (0x03dead33) mulhsu  s10, t4, t4
core   0: 3 0x80008860 (0x03dead33) x26 0xffffffff
core   0: 0x80008864 (0x414b0733) sub     a4, s6, s4
core   0: 3 0x80008864 (0x414b0733) x14 0x7ffe731c
core   0: 0x80008868 (0x640c0393) addi    t2, s8, 1600
core   0: 3 0x80008868 (0x640c0393) x 7 0x98f95e28
core   0: 0x8000886c (0xcfb12913) slti    s2, sp, -773
core   0: 3 0x8000886c (0xcfb12913) x18 0x00000000
core   0: 0x80008870 (0x736f7593) andi    a1, t5, 1846
core   0: 3 0x80008870 (0x736f7593) x11 0x00000000
core   0: 0x80008874 (0x035e30b3) mulhu   ra, t3, s5
core   0: 3 0x80008874 (0x035e30b3) x 1 0x00000179
core   0: 0x80008878 (0x01611eb3) sll     t4, sp, s6
core   0: 3 0x80008878 (0x01611eb3) x29 0x40000000
core   0: 0x8000887c (0x0380cf33) div     t5, ra, s8
core   0: 3 0x8000887c (0x0380cf33) x30 0x00000000
core   0: 0x80008880 (0x00000013) nop
core   0: 3 0x80008880 (0x00000013)
core   0: 0x80008884 (0x411b0cb3) sub     s9, s6, a7
core   0: 3 0x80008884 (0x411b0cb3) x25 0x00000000
core   0: 0x80008888 (0xc950c593) xori    a1, ra, -875
core   0: 3 0x80008888 (0xc950c593) x11 0xfffffdec
core   0: 0x8000888c (0x00cd1c33) sll     s8, s10, a2
core   0: 3 0x8000888c (0x00cd1c33) x24 0xffffffff
core   0: 0x80008890 (0x03de19b3) mulh    s3, t3, t4
core   0: 3 0x80008890 (0x03de19b3) x19 0xffffffff
core   0: 0x80008894 (0x003424b3) slt     s1, s0, gp
core   0: 3 0x80008894 (0x003424b3) x 9 0x00000001
core   0: 0x80008898 (0x305a7013) andi    zero, s4, 773
core   0: 3 0x80008898 (0x305a7013)
core   0: 0x8000889c (0x768b0c13) addi    s8, s6, 1896
core   0: 3 0x8000889c (0x768b0c13) x24 0x00000768
core   0: 0x800088a0 (0x00000013) nop
core   0: 3 0x800088a0 (0x00000013)
core   0: 0x800088a4 (0xcf66dc17) auipc   s8, 0xcf66d
core   0: 3 0x800088a4 (0xcf66dc17) x24 0x4f6758a4
core   0: 0x800088a8 (0x02030833) mul     a6, t1, zero
core   0: 3 0x800088a8 (0x02030833) x16 0x00000000
core   0: 0x800088ac (0x403bdbb3) sra     s7, s7, gp
core   0: 3 0x800088ac (0x403bdbb3) x23 0x00000000
core   0: 0x800088b0 (0x402183b3) sub     t2, gp, sp
core   0: 3 0x800088b0 (0x402183b3) x 7 0xf2000000
core   0: 0x800088b4 (0x02bc1833) mulh    a6, s8, a1
core   0: 3 0x800088b4 (0x02bc1833) x16 0xffffff5a
core   0: 0x800088b8 (0x29313793) sltiu   a5, sp, 659
core   0: 3 0x800088b8 (0x29313793) x15 0x00000000
core   0: 0x800088bc (0x40cbdf13) srai    t5, s7, 12
core   0: 3 0x800088bc (0x40cbdf13) x30 0x00000000
core   0: 0x800088c0 (0x00d09fb3) sll     t6, ra, a3
core   0: 3 0x800088c0 (0x00d09fb3) x31 0x005e4000
core   0: 0x800088c4 (0x020bf3b3) remu    t2, s7, zero
core   0: 3 0x800088c4 (0x020bf3b3) x 7 0x00000000
core   0: 0x800088c8 (0xfc9ac193) xori    gp, s5, -55
core   0: 3 0x800088c8 (0xfc9ac193) x 3 0xfffffeb3
core   0: 0x800088cc (0x01d810b3) sll     ra, a6, t4
core   0: 3 0x800088cc (0x01d810b3) x 1 0xffffff5a
core   0: 0x800088d0 (0xd6082d93) slti    s11, a6, -672
core   0: 3 0x800088d0 (0xd6082d93) x27 0x00000000
core   0: 0x800088d4 (0x00ce9233) sll     tp, t4, a2
core   0: 3 0x800088d4 (0x00ce9233) x 4 0x40000000
core   0: 0x800088d8 (0x0125f633) and     a2, a1, s2
core   0: 3 0x800088d8 (0x0125f633) x12 0x00000000
core   0: 0x800088dc (0x018b4d33) xor     s10, s6, s8
core   0: 3 0x800088dc (0x018b4d33) x26 0x4f6758a4
core   0: 0x800088e0 (0x005f3f33) sltu    t5, t5, t0
core   0: 3 0x800088e0 (0x005f3f33) x30 0x00000001
core   0: 0x800088e4 (0xc7a16a93) ori     s5, sp, -902
core   0: 3 0x800088e4 (0xc7a16a93) x21 0xfffffc7a
core   0: 0x800088e8 (0x6838e493) ori     s1, a7, 1667
core   0: 3 0x800088e8 (0x6838e493) x 9 0x00000683
core   0: 0x800088ec (0xdaab8893) addi    a7, s7, -598
core   0: 3 0x800088ec (0xdaab8893) x17 0xfffffdaa
core   0: 0x800088f0 (0x308fa5b7) lui     a1, 0x308fa
core   0: 3 0x800088f0 (0x308fa5b7) x11 0x308fa000
core   0: 0x800088f4 (0x0233fcb3) remu    s9, t2, gp
core   0: 3 0x800088f4 (0x0233fcb3) x25 0x00000000
core   0: 0x800088f8 (0x0056b1b3) sltu    gp, a3, t0
core   0: 3 0x800088f8 (0x0056b1b3) x 3 0x00000000
core   0: 0x800088fc (0x1c7d8613) addi    a2, s11, 455
core   0: 3 0x800088fc (0x1c7d8613) x12 0x000001c7
core   0: 0x80008900 (0x40c984b3) sub     s1, s3, a2
core   0: 3 0x80008900 (0x40c984b3) x 9 0xfffffe38
core   0: 0x80008904 (0x0377a5b3) mulhsu  a1, a5, s7
core   0: 3 0x80008904 (0x0377a5b3) x11 0x00000000
core   0: 0x80008908 (0x03391db3) mulh    s11, s2, s3
core   0: 3 0x80008908 (0x03391db3) x27 0x00000000
core   0: 0x8000890c (0xeb6c8313) addi    t1, s9, -330
core   0: 3 0x8000890c (0xeb6c8313) x 6 0xfffffeb6
core   0: 0x80008910 (0x01154eb3) xor     t4, a0, a7
core   0: 3 0x80008910 (0x01154eb3) x29 0x00000255
core   0: 0x80008914 (0x0056dcb3) srl     s9, a3, t0
core   0: 3 0x80008914 (0x0056dcb3) x25 0x0bf197a8
core   0: 0x80008918 (0x00000013) nop
core   0: 3 0x80008918 (0x00000013)
core   0: 0x8000891c (0x03cfe833) rem     a6, t6, t3
core   0: 3 0x8000891c (0x03cfe833) x16 0x00000000
core   0: 0x80008920 (0x01d6c7b3) xor     a5, a3, t4
core   0: 3 0x80008920 (0x01d6c7b3) x15 0xbf1978db
core   0: 0x80008924 (0x03968c33) mul     s8, a3, s9
core   0: 3 0x80008924 (0x03968c33) x24 0xe9b02f30
core   0: 0x80008928 (0xaeb78717) auipc   a4, 0xaeb78
core   0: 3 0x80008928 (0xaeb78717) x14 0x2eb80928
core   0: 0x8000892c (0xdb1484b7) lui     s1, 0xdb148
core   0: 3 0x8000892c (0xdb1484b7) x 9 0xdb148000
core   0: 0x80008930 (0xf128e497) auipc   s1, 0xf128e
core   0: 3 0x80008930 (0xf128e497) x 9 0x71296930
core   0: 0x80008934 (0x015a9313) slli    t1, s5, 21
core   0: 3 0x80008934 (0x015a9313) x 6 0x8f400000
core   0: 0x80008938 (0x01d40e33) add     t3, s0, t4
core   0: 3 0x80008938 (0x01d40e33) x28 0x000006c9
core   0: 0x8000893c (0x022680b3) mul     ra, a3, sp
core   0: 3 0x8000893c (0x022680b3) x 1 0x80000000
core   0: 0x80008940 (0x02581733) mulh    a4, a6, t0
core   0: 3 0x80008940 (0x02581733) x14 0x00000000
core   0: 0x80008944 (0x41f38d33) sub     s10, t2, t6
core   0: 3 0x80008944 (0x41f38d33) x26 0xffa1c000
core   0: 0x80008948 (0xdb2d4793) xori    a5, s10, -590
core   0: 3 0x80008948 (0xdb2d4793) x15 0x005e3db2
core   0: 0x8000894c (0x00000013) nop
core   0: 3 0x8000894c (0x00000013)
core   0: 0x80008950 (0x02c91833) mulh    a6, s2, a2
core   0: 3 0x80008950 (0x02c91833) x16 0x00000000
core   0: 0x80008954 (0x033840b3) div     ra, a6, s3
core   0: 3 0x80008954 (0x033840b3) x 1 0x00000000
core   0: 0x80008958 (0x01c538b3) sltu    a7, a0, t3
core   0: 3 0x80008958 (0x01c538b3) x17 0x00000000
core   0: 0x8000895c (0x00794033) xor     zero, s2, t2
core   0: 3 0x8000895c (0x00794033)
core   0: 0x80008960 (0x1a114a93) xori    s5, sp, 417
core   0: 3 0x80008960 (0x1a114a93) x21 0x400001a1
core   0: 0x80008964 (0x00f095b3) sll     a1, ra, a5
core   0: 3 0x80008964 (0x00f095b3) x11 0x00000000
core   0: 0x80008968 (0x00c24d33) xor     s10, tp, a2
core   0: 3 0x80008968 (0x00c24d33) x26 0x400001c7
core   0: 0x8000896c (0x01358333) add     t1, a1, s3
core   0: 3 0x8000896c (0x01358333) x 6 0xffffffff
core   0: 0x80008970 (0x03f46b33) rem     s6, s0, t6
core   0: 3 0x80008970 (0x03f46b33) x22 0x00000474
core   0: 0x80008974 (0x0086f3b3) and     t2, a3, s0
core   0: 3 0x80008974 (0x0086f3b3) x 7 0x00000004
core   0: 0x80008978 (0x0259a4b3) mulhsu  s1, s3, t0
core   0: 3 0x80008978 (0x0259a4b3) x 9 0xffffffff
core   0: 0x8000897c (0x67ddf513) andi    a0, s11, 1661
core   0: 3 0x8000897c (0x67ddf513) x10 0x00000000
core   0: 0x80008980 (0x4bab3113) sltiu   sp, s6, 1210
core   0: 3 0x80008980 (0x4bab3113) x 2 0x00000001
core   0: 0x80008984 (0x512a8593) addi    a1, s5, 1298
core   0: 3 0x80008984 (0x512a8593) x11 0x400006b3
core   0: 0x80008988 (0x41495db3) sra     s11, s2, s4
core   0: 3 0x80008988 (0x41495db3) x27 0x00000000
core   0: 0x8000898c (0x02d561b3) rem     gp, a0, a3
core   0: 3 0x8000898c (0x02d561b3) x 3 0x00000000
core   0: 0x80008990 (0x00cec3b3) xor     t2, t4, a2
core   0: 3 0x80008990 (0x00cec3b3) x 7 0x00000392
core   0: 0x80008994 (0x01d3d033) srl     zero, t2, t4
core   0: 3 0x80008994 (0x01d3d033)
core   0: 0x80008998 (0x4d37a113) slti    sp, a5, 1235
core   0: 3 0x80008998 (0x4d37a113) x 2 0x00000000
core   0: 0x8000899c (0x01992533) slt     a0, s2, s9
core   0: 3 0x8000899c (0x01992533) x10 0x00000001
core   0: 0x800089a0 (0x00000013) nop
core   0: 3 0x800089a0 (0x00000013)
core   0: 0x800089a4 (0x02525b33) divu    s6, tp, t0
core   0: 3 0x800089a4 (0x02525b33) x22 0x00000000
core   0: 0x800089a8 (0x474ff813) andi    a6, t6, 1140
core   0: 3 0x800089a8 (0x474ff813) x16 0x00000000
core   0: 0x800089ac (0x02ecd033) divu    zero, s9, a4
core   0: 3 0x800089ac (0x02ecd033)
core   0: 0x800089b0 (0x87e88093) addi    ra, a7, -1922
core   0: 3 0x800089b0 (0x87e88093) x 1 0xfffff87e
core   0: 0x800089b4 (0x3787ff13) andi    t5, a5, 888
core   0: 3 0x800089b4 (0x3787ff13) x30 0x00000130
core   0: 0x800089b8 (0x02dcfe33) remu    t3, s9, a3
core   0: 3 0x800089b8 (0x02dcfe33) x28 0x0bf197a8
core   0: 0x800089bc (0xb7bb3193) sltiu   gp, s6, -1157
core   0: 3 0x800089bc (0xb7bb3193) x 3 0x00000001
core   0: 0x800089c0 (0x60eb7893) andi    a7, s6, 1550
core   0: 3 0x800089c0 (0x60eb7893) x17 0x00000000
core   0: 0x800089c4 (0x06efce93) xori    t4, t6, 110
core   0: 3 0x800089c4 (0x06efce93) x29 0x005e406e
core   0: 0x800089c8 (0x4020d113) srai    sp, ra, 2
core   0: 3 0x800089c8 (0x4020d113) x 2 0xfffffe1f
core   0: 0x800089cc (0x00599b93) slli    s7, s3, 5
core   0: 3 0x800089cc (0x00599b93) x23 0xffffffe0
core   0: 0x800089d0 (0x48eff513) andi    a0, t6, 1166
core   0: 3 0x800089d0 (0x48eff513) x10 0x00000000
core   0: 0x800089d4 (0x01a79093) slli    ra, a5, 26
core   0: 3 0x800089d4 (0x01a79093) x 1 0xc8000000
core   0: 0x800089d8 (0x01c9b933) sltu    s2, s3, t3
core   0: 3 0x800089d8 (0x01c9b933) x18 0x00000000
core   0: 0x800089dc (0x1cdc6f13) ori     t5, s8, 461
core   0: 3 0x800089dc (0x1cdc6f13) x30 0xe9b02ffd
core   0: 0x800089e0 (0x6cd33c93) sltiu   s9, t1, 1741
core   0: 3 0x800089e0 (0x6cd33c93) x25 0x00000000
core   0: 0x800089e4 (0x8d048393) addi    t2, s1, -1840
core   0: 3 0x800089e4 (0x8d048393) x 7 0xfffff8cf
core   0: 0x800089e8 (0x029c0ab3) mul     s5, s8, s1
core   0: 3 0x800089e8 (0x029c0ab3) x21 0x164fd0d0
core   0: 0x800089ec (0xea0c2b13) slti    s6, s8, -352
core   0: 3 0x800089ec (0xea0c2b13) x22 0x00000001
core   0: 0x800089f0 (0xa8936413) ori     s0, t1, -1399
core   0: 3 0x800089f0 (0xa8936413) x 8 0xffffffff
core   0: 0x800089f4 (0x00000013) nop
core   0: 3 0x800089f4 (0x00000013)
core   0: 0x800089f8 (0xa4504413) xori    s0, zero, -1467
core   0: 3 0x800089f8 (0xa4504413) x 8 0xfffffa45
core   0: 0x800089fc (0x00f150b3) srl     ra, sp, a5
core   0: 3 0x800089fc (0x00f150b3) x 1 0x00003fff
core   0: 0x80008a00 (0x00e15533) srl     a0, sp, a4
core   0: 3 0x80008a00 (0x00e15533) x10 0xfffffe1f
core   0: 0x80008a04 (0x010d1113) slli    sp, s10, 16
core   0: 3 0x80008a04 (0x010d1113) x 2 0x01c70000
core   0: 0x80008a08 (0x9b337e93) andi    t4, t1, -1613
core   0: 3 0x80008a08 (0x9b337e93) x29 0xfffff9b3
core   0: 0x80008a0c (0x6fb2e593) ori     a1, t0, 1787
core   0: 3 0x80008a0c (0x6fb2e593) x11 0x80014eff
core   0: 0x80008a10 (0x40085393) srai    t2, a6, 0
core   0: 3 0x80008a10 (0x40085393) x 7 0x00000000
core   0: 0x80008a14 (0x009ed833) srl     a6, t4, s1
core   0: 3 0x80008a14 (0x009ed833) x16 0x00000001
core   0: 0x80008a18 (0x8e90b093) sltiu   ra, ra, -1815
core   0: 3 0x80008a18 (0x8e90b093) x 1 0x00000001
core   0: 0x80008a1c (0x01f7de13) srli    t3, a5, 31
core   0: 3 0x80008a1c (0x01f7de13) x28 0x00000000
core   0: 0x80008a20 (0xe1528e93) addi    t4, t0, -491
core   0: 3 0x80008a20 (0xe1528e93) x29 0x80014c79
core   0: 0x80008a24 (0x1c882f97) auipc   t6, 0x1c882
core   0: 3 0x80008a24 (0x1c882f97) x31 0x9c88aa24
core   0: 0x80008a28 (0xf1fb3b93) sltiu   s7, s6, -225
core   0: 3 0x80008a28 (0xf1fb3b93) x23 0x00000001
core   0: 0x80008a2c (0x00000013) nop
core   0: 3 0x80008a2c (0x00000013)
core   0: 0x80008a30 (0x3823d437) lui     s0, 0x3823d
core   0: 3 0x80008a30 (0x3823d437) x 8 0x3823d000
core   0: 0x80008a34 (0x002685b3) add     a1, a3, sp
core   0: 3 0x80008a34 (0x002685b3) x11 0xc0e07a8e
core   0: 0x80008a38 (0xa3fe0213) addi    tp, t3, -1473
core   0: 3 0x80008a38 (0xa3fe0213) x 4 0xfffffa3f
core   0: 0x80008a3c (0x033af233) remu    tp, s5, s3
core   0: 3 0x80008a3c (0x033af233) x 4 0x164fd0d0
core   0: 0x80008a40 (0x01145913) srli    s2, s0, 17
core   0: 3 0x80008a40 (0x01145913) x18 0x00001c11
core   0: 0x80008a44 (0x01477d33) and     s10, a4, s4
core   0: 3 0x80008a44 (0x01477d33) x26 0x00000000
core   0: 0x80008a48 (0x405fd613) srai    a2, t6, 5
core   0: 3 0x80008a48 (0x405fd613) x12 0xfce44551
core   0: 0x80008a4c (0x54da0e93) addi    t4, s4, 1357
core   0: 3 0x80008a4c (0x54da0e93) x29 0x80019231
core   0: 0x80008a50 (0x03cc7eb3) remu    t4, s8, t3
core   0: 3 0x80008a50 (0x03cc7eb3) x29 0xe9b02f30
core   0: 0x80008a54 (0x41a68cb3) sub     s9, a3, s10
core   0: 3 0x80008a54 (0x41a68cb3) x25 0xbf197a8e
core   0: 0x80008a58 (0x40115993) srai    s3, sp, 1
core   0: 3 0x80008a58 (0x40115993) x19 0x00e38000
core   0: 0x80008a5c (0x03bdc7b3) div     a5, s11, s11
core   0: 3 0x80008a5c (0x03bdc7b3) x15 0xffffffff
core   0: 0x80008a60 (0x01dcabb3) slt     s7, s9, t4
core   0: 3 0x80008a60 (0x01dcabb3) x23 0x00000001
core   0: 0x80008a64 (0x07393c93) sltiu   s9, s2, 115
core   0: 3 0x80008a64 (0x07393c93) x25 0x00000000
core   0: 0x80008a68 (0x98ae8e13) addi    t3, t4, -1654
core   0: 3 0x80008a68 (0x98ae8e13) x28 0xe9b028ba
core   0: 0x80008a6c (0xfc4fa113) slti    sp, t6, -60
core   0: 3 0x80008a6c (0xfc4fa113) x 2 0x00000001
core   0: 0x80008a70 (0x02bd6533) rem     a0, s10, a1
core   0: 3 0x80008a70 (0x02bd6533) x10 0x00000000
core   0: 0x80008a74 (0x01d24833) xor     a6, tp, t4
core   0: 3 0x80008a74 (0x01d24833) x16 0xffffffe0
core   0: 0x80008a78 (0x00c84433) xor     s0, a6, a2
core   0: 3 0x80008a78 (0x00c84433) x 8 0x031bbab1
core   0: 0x80008a7c (0x018b3133) sltu    sp, s6, s8
core   0: 3 0x80008a7c (0x018b3133) x 2 0x00000001
core   0: 0x80008a80 (0xae2ac093) xori    ra, s5, -1310
core   0: 3 0x80008a80 (0xae2ac093) x 1 0xe9b02a32
core   0: 0x80008a84 (0x034a87b3) mul     a5, s5, s4
core   0: 3 0x80008a84 (0x034a87b3) x15 0x5617b940
core   0: 0x80008a88 (0x018f83b3) add     t2, t6, s8
core   0: 3 0x80008a88 (0x018f83b3) x 7 0x8638d954
core   0: 0x80008a8c (0x00b820b3) slt     ra, a6, a1
core   0: 3 0x80008a8c (0x00b820b3) x 1 0x00000000
core   0: 0x80008a90 (0x0152d733) srl     a4, t0, s5
core   0: 3 0x80008a90 (0x0152d733) x14 0x00008001
core   0: 0x80008a94 (0x00f69013) slli    zero, a3, 15
core   0: 3 0x80008a94 (0x00f69013)
core   0: 0x80008a98 (0x0383feb3) remu    t4, t2, s8
core   0: 3 0x80008a98 (0x0383feb3) x29 0x8638d954
core   0: 0x80008a9c (0xd58ce213) ori     tp, s9, -680
core   0: 3 0x80008a9c (0xd58ce213) x 4 0xfffffd58
core   0: 0x80008aa0 (0x0345a533) mulhsu  a0, a1, s4
core   0: 3 0x80008aa0 (0x0345a533) x10 0xe06fdb6a
core   0: 0x80008aa4 (0x00c575b3) and     a1, a0, a2
core   0: 3 0x80008aa4 (0x00c575b3) x11 0xe0644140
core   0: 0x80008aa8 (0x02083233) mulhu   tp, a6, zero
core   0: 3 0x80008aa8 (0x02083233) x 4 0x00000000
core   0: 0x80008aac (0x01df2b33) slt     s6, t5, t4
core   0: 3 0x80008aac (0x01df2b33) x22 0x00000000
core   0: 0x80008ab0 (0x61b63713) sltiu   a4, a2, 1563
core   0: 3 0x80008ab0 (0x61b63713) x14 0x00000000
core   0: 0x80008ab4 (0x03125db3) divu    s11, tp, a7
core   0: 3 0x80008ab4 (0x03125db3) x27 0xffffffff
core   0: 0x80008ab8 (0x028cbab3) mulhu   s5, s9, s0
core   0: 3 0x80008ab8 (0x028cbab3) x21 0x00000000
core   0: 0x80008abc (0x0040d8b3) srl     a7, ra, tp
core   0: 3 0x80008abc (0x0040d8b3) x17 0x00000000
core   0: 0x80008ac0 (0x40dbd513) srai    a0, s7, 13
core   0: 3 0x80008ac0 (0x40dbd513) x10 0x00000000
core   0: 0x80008ac4 (0x022f60b3) rem     ra, t5, sp
core   0: 3 0x80008ac4 (0x022f60b3) x 1 0x00000000
core   0: 0x80008ac8 (0x40a55db3) sra     s11, a0, a0
core   0: 3 0x80008ac8 (0x40a55db3) x27 0x00000000
core   0: 0x80008acc (0x01b0dc93) srli    s9, ra, 27
core   0: 3 0x80008acc (0x01b0dc93) x25 0x00000000
core   0: 0x80008ad0 (0x69fe4513) xori    a0, t3, 1695
core   0: 3 0x80008ad0 (0x69fe4513) x10 0xe9b02e25
core   0: 0x80008ad4 (0x01ff3033) sltu    zero, t5, t6
core   0: 3 0x80008ad4 (0x01ff3033)
core   0: 0x80008ad8 (0x011feab3) or      s5, t6, a7
core   0: 3 0x80008ad8 (0x011feab3) x21 0x9c88aa24
core   0: 0x80008adc (0x72578fb7) lui     t6, 0x72578
core   0: 3 0x80008adc (0x72578fb7) x31 0x72578000
core   0: 0x80008ae0 (0x00dd1eb3) sll     t4, s10, a3
core   0: 3 0x80008ae0 (0x00dd1eb3) x29 0x00000000
core   0: 0x80008ae4 (0x03acf433) remu    s0, s9, s10
core   0: 3 0x80008ae4 (0x03acf433) x 8 0x00000000
core   0: 0x80008ae8 (0x42abc813) xori    a6, s7, 1066
core   0: 3 0x80008ae8 (0x42abc813) x16 0x0000042b
core   0: 0x80008aec (0x030c88b3) mul     a7, s9, a6
core   0: 3 0x80008aec (0x030c88b3) x17 0x00000000
core   0: 0x80008af0 (0x1368cb93) xori    s7, a7, 310
core   0: 3 0x80008af0 (0x1368cb93) x23 0x00000136
core   0: 0x80008af4 (0x01836933) or      s2, t1, s8
core   0: 3 0x80008af4 (0x01836933) x18 0xffffffff
core   0: 0x80008af8 (0xc06efc93) andi    s9, t4, -1018
core   0: 3 0x80008af8 (0xc06efc93) x25 0x00000000
core   0: 0x80008afc (0x401658b3) sra     a7, a2, ra
core   0: 3 0x80008afc (0x401658b3) x17 0xfce44551
core   0: 0x80008b00 (0x2de74413) xori    s0, a4, 734
core   0: 3 0x80008b00 (0x2de74413) x 8 0x000002de
core   0: 0x80008b04 (0x525e4f13) xori    t5, t3, 1317
core   0: 3 0x80008b04 (0x525e4f13) x30 0xe9b02d9f
core   0: 0x80008b08 (0x404cdb13) srai    s6, s9, 4
core   0: 3 0x80008b08 (0x404cdb13) x22 0x00000000
core   0: 0x80008b0c (0x410e5633) sra     a2, t3, a6
core   0: 3 0x80008b0c (0x410e5633) x12 0xfffd3605
core   0: 0x80008b10 (0x34a03517) auipc   a0, 0x34a03
core   0: 3 0x80008b10 (0x34a03517) x10 0xb4a0bb10
core   0: 0x80008b14 (0x40ff8c33) sub     s8, t6, a5
core   0: 3 0x80008b14 (0x40ff8c33) x24 0x1c3fc6c0
core   0: 0x80008b18 (0x021177b3) remu    a5, sp, ra
core   0: 3 0x80008b18 (0x021177b3) x15 0x00000001
core   0: 0x80008b1c (0x032b05b3) mul     a1, s6, s2
core   0: 3 0x80008b1c (0x032b05b3) x11 0x00000000
core   0: 0x80008b20 (0x41105833) sra     a6, zero, a7
core   0: 3 0x80008b20 (0x41105833) x16 0x00000000
core   0: 0x80008b24 (0x5193f893) andi    a7, t2, 1305
core   0: 3 0x80008b24 (0x5193f893) x17 0x00000110
core   0: 0x80008b28 (0x745ba913) slti    s2, s7, 1861
core   0: 3 0x80008b28 (0x745ba913) x18 0x00000001
core   0: 0x80008b2c (0x03f2d0b3) divu    ra, t0, t6
core   0: 3 0x80008b2c (0x03f2d0b3) x 1 0x00000001
core   0: 0x80008b30 (0x0bfe6813) ori     a6, t3, 191
core   0: 3 0x80008b30 (0x0bfe6813) x16 0xe9b028bf
core   0: 0x80008b34 (0xa81b6013) ori     zero, s6, -1407
core   0: 3 0x80008b34 (0xa81b6013)
core   0: 0x80008b38 (0x037f7cb3) remu    s9, t5, s7
core   0: 3 0x80008b38 (0x037f7cb3) x25 0x00000049
core   0: 0x80008b3c (0x49b1f7b7) lui     a5, 0x49b1f
core   0: 3 0x80008b3c (0x49b1f7b7) x15 0x49b1f000
core   0: 0x80008b40 (0x01203133) snez    sp, s2
core   0: 3 0x80008b40 (0x01203133) x 2 0x00000001
core   0: 0x80008b44 (0x419bde33) sra     t3, s7, s9
core   0: 3 0x80008b44 (0x419bde33) x28 0x00000000
core   0: 0x80008b48 (0x014cacb3) slt     s9, s9, s4
core   0: 3 0x80008b48 (0x014cacb3) x25 0x00000000
core   0: 0x80008b4c (0x15b26a93) ori     s5, tp, 347
core   0: 3 0x80008b4c (0x15b26a93) x21 0x0000015b
core   0: 0x80008b50 (0x40300b33) sub     s6, zero, gp
core   0: 3 0x80008b50 (0x40300b33) x22 0xffffffff
core   0: 0x80008b54 (0xd7861137) lui     sp, 0xd7861
core   0: 3 0x80008b54 (0xd7861137) x 2 0xd7861000
core   0: 0x80008b58 (0x0ed6b797) auipc   a5, 0xed6b
core   0: 3 0x80008b58 (0x0ed6b797) x15 0x8ed73b58
core   0: 0x80008b5c (0x02ea8133) mul     sp, s5, a4
core   0: 3 0x80008b5c (0x02ea8133) x 2 0x00000000
core   0: 0x80008b60 (0x00fc6cb3) or      s9, s8, a5
core   0: 3 0x80008b60 (0x00fc6cb3) x25 0x9effffd8
core   0: 0x80008b64 (0x417f50b3) sra     ra, t5, s7
core   0: 3 0x80008b64 (0x417f50b3) x 1 0xffffffa6
core   0: 0x80008b68 (0x02f93eb3) mulhu   t4, s2, a5
core   0: 3 0x80008b68 (0x02f93eb3) x29 0x00000000
core   0: 0x80008b6c (0x0322e133) rem     sp, t0, s2
core   0: 3 0x80008b6c (0x0322e133) x 2 0x00000000
core   0: 0x80008b70 (0x0273c8b3) div     a7, t2, t2
core   0: 3 0x80008b70 (0x0273c8b3) x17 0x00000001
core   0: 0x80008b74 (0x022910b3) mulh    ra, s2, sp
core   0: 3 0x80008b74 (0x022910b3) x 1 0x00000000
core   0: 0x80008b78 (0x03b237b3) mulhu   a5, tp, s11
core   0: 3 0x80008b78 (0x03b237b3) x15 0x00000000
core   0: 0x80008b7c (0x01559c93) slli    s9, a1, 21
core   0: 3 0x80008b7c (0x01559c93) x25 0x00000000
core   0: 0x80008b80 (0xb95e2e93) slti    t4, t3, -1131
core   0: 3 0x80008b80 (0xb95e2e93) x29 0x00000000
core   0: 0x80008b84 (0x037553b3) divu    t2, a0, s7
core   0: 3 0x80008b84 (0x037553b3) x 7 0x009529e4
core   0: 0x80008b88 (0x03c9b733) mulhu   a4, s3, t3
core   0: 3 0x80008b88 (0x03c9b733) x14 0x00000000
core   0: 0x80008b8c (0x002e2cb3) slt     s9, t3, sp
core   0: 3 0x80008b8c (0x002e2cb3) x25 0x00000000
core   0: 0x80008b90 (0x02e51c33) mulh    s8, a0, a4
core   0: 3 0x80008b90 (0x02e51c33) x24 0x00000000
core   0: 0x80008b94 (0x02603bb3) mulhu   s7, zero, t1
core   0: 3 0x80008b94 (0x02603bb3) x23 0x00000000
core   0: 0x80008b98 (0xabcb2f93) slti    t6, s6, -1348
core   0: 3 0x80008b98 (0xabcb2f93) x31 0x00000000
core   0: 0x80008b9c (0x03fc6833) rem     a6, s8, t6
core   0: 3 0x80008b9c (0x03fc6833) x16 0x00000000
core   0: 0x80008ba0 (0x021f23b3) mulhsu  t2, t5, ra
core   0: 3 0x80008ba0 (0x021f23b3) x 7 0x00000000
core   0: 0x80008ba4 (0x00000013) nop
core   0: 3 0x80008ba4 (0x00000013)
core   0: 0x80008ba8 (0x01e71cb3) sll     s9, a4, t5
core   0: 3 0x80008ba8 (0x01e71cb3) x25 0x00000000
core   0: 0x80008bac (0x01226cb3) or      s9, tp, s2
core   0: 3 0x80008bac (0x01226cb3) x25 0x00000001
core   0: 0x80008bb0 (0x00cc15b3) sll     a1, s8, a2
core   0: 3 0x80008bb0 (0x00cc15b3) x11 0x00000000
core   0: 0x80008bb4 (0x01f73bb3) sltu    s7, a4, t6
core   0: 3 0x80008bb4 (0x01f73bb3) x23 0x00000000
core   0: 0x80008bb8 (0x4d8cf213) andi    tp, s9, 1240
core   0: 3 0x80008bb8 (0x4d8cf213) x 4 0x00000000
core   0: 0x80008bbc (0x0183d993) srli    s3, t2, 24
core   0: 3 0x80008bbc (0x0183d993) x19 0x00000000
core   0: 0x80008bc0 (0x022dadb3) mulhsu  s11, s11, sp
core   0: 3 0x80008bc0 (0x022dadb3) x27 0x00000000
core   0: 0x80008bc4 (0x2ddb8993) addi    s3, s7, 733
core   0: 3 0x80008bc4 (0x2ddb8993) x19 0x000002dd
core   0: 0x80008bc8 (0x2f857c37) lui     s8, 0x2f857
core   0: 3 0x80008bc8 (0x2f857c37) x24 0x2f857000
core   0: 0x80008bcc (0x03a80bb3) mul     s7, a6, s10
core   0: 3 0x80008bcc (0x03a80bb3) x23 0x00000000
core   0: 0x80008bd0 (0xe73d7393) andi    t2, s10, -397
core   0: 3 0x80008bd0 (0xe73d7393) x 7 0x00000000
core   0: 0x80008bd4 (0x01482bb3) slt     s7, a6, s4
core   0: 3 0x80008bd4 (0x01482bb3) x23 0x00000000
core   0: 0x80008bd8 (0x0166fe33) and     t3, a3, s6
core   0: 3 0x80008bd8 (0x0166fe33) x28 0xbf197a8e
core   0: 0x80008bdc (0x01fa4333) xor     t1, s4, t6
core   0: 3 0x80008bdc (0x01fa4333) x 6 0x80018ce4
core   0: 0x80008be0 (0x02f9acb3) mulhsu  s9, s3, a5
core   0: 3 0x80008be0 (0x02f9acb3) x25 0x00000000
core   0: 0x80008be4 (0x41c8d893) srai    a7, a7, 28
core   0: 3 0x80008be4 (0x41c8d893) x17 0x00000000
core   0: 0x80008be8 (0x03682cb3) mulhsu  s9, a6, s6
core   0: 3 0x80008be8 (0x03682cb3) x25 0x00000000
core   0: 0x80008bec (0x0056eeb3) or      t4, a3, t0
core   0: 3 0x80008bec (0x0056eeb3) x29 0xbf197eee
core   0: 0x80008bf0 (0x383ab0b7) lui     ra, 0x383ab
core   0: 3 0x80008bf0 (0x383ab0b7) x 1 0x383ab000
core   0: 0x80008bf4 (0x66a1a413) slti    s0, gp, 1642
core   0: 3 0x80008bf4 (0x66a1a413) x 8 0x00000001
core   0: 0x80008bf8 (0x00dc23b3) slt     t2, s8, a3
core   0: 3 0x80008bf8 (0x00dc23b3) x 7 0x00000000
core   0: 0x80008bfc (0x41e5db93) srai    s7, a1, 30
core   0: 3 0x80008bfc (0x41e5db93) x23 0x00000000
core   0: 0x80008c00 (0x03c647b3) div     a5, a2, t3
core   0: 3 0x80008c00 (0x03c647b3) x15 0x00000000
core   0: 0x80008c04 (0xfcae8813) addi    a6, t4, -54
core   0: 3 0x80008c04 (0xfcae8813) x16 0xbf197eb8
core   0: 0x80008c08 (0x4d5b0c93) addi    s9, s6, 1237
core   0: 3 0x80008c08 (0x4d5b0c93) x25 0x000004d4
core   0: 0x80008c0c (0x40b70d33) sub     s10, a4, a1
core   0: 3 0x80008c0c (0x40b70d33) x26 0x00000000
core   0: 0x80008c10 (0x02d15eb3) divu    t4, sp, a3
core   0: 3 0x80008c10 (0x02d15eb3) x29 0x00000000
core   0: 0x80008c14 (0x02f1ec33) rem     s8, gp, a5
core   0: 3 0x80008c14 (0x02f1ec33) x24 0x00000001
core   0: 0x80008c18 (0xcc53f013) andi    zero, t2, -827
core   0: 3 0x80008c18 (0xcc53f013)
core   0: 0x80008c1c (0x029047b3) div     a5, zero, s1
core   0: 3 0x80008c1c (0x029047b3) x15 0x00000000
core   0: 0x80008c20 (0x03c16533) rem     a0, sp, t3
core   0: 3 0x80008c20 (0x03c16533) x10 0x00000000
core   0: 0x80008c24 (0x00d614b3) sll     s1, a2, a3
core   0: 3 0x80008c24 (0x00d614b3) x 9 0x4d814000
core   0: 0x80008c28 (0x002cfd33) and     s10, s9, sp
core   0: 3 0x80008c28 (0x002cfd33) x26 0x00000000
core   0: 0x80008c2c (0x40575d33) sra     s10, a4, t0
core   0: 3 0x80008c2c (0x40575d33) x26 0x00000000
core   0: 0x80008c30 (0x4129de13) srai    t3, s3, 18
core   0: 3 0x80008c30 (0x4129de13) x28 0x00000000
core   0: 0x80008c34 (0x01f89413) slli    s0, a7, 31
core   0: 3 0x80008c34 (0x01f89413) x 8 0x00000000
core   0: 0x80008c38 (0x8aa13e93) sltiu   t4, sp, -1878
core   0: 3 0x80008c38 (0x8aa13e93) x29 0x00000001
core   0: 0x80008c3c (0x2482b1b7) lui     gp, 0x2482b
core   0: 3 0x80008c3c (0x2482b1b7) x 3 0x2482b000
core   0: 0x80008c40 (0x00652533) slt     a0, a0, t1
core   0: 3 0x80008c40 (0x00652533) x10 0x00000000
core   0: 0x80008c44 (0x40375e13) srai    t3, a4, 3
core   0: 3 0x80008c44 (0x40375e13) x28 0x00000000
core   0: 0x80008c48 (0x00d47bb3) and     s7, s0, a3
core   0: 3 0x80008c48 (0x00d47bb3) x23 0x00000000
core   0: 0x80008c4c (0x01e3eeb3) or      t4, t2, t5
core   0: 3 0x80008c4c (0x01e3eeb3) x29 0xe9b02d9f
core   0: 0x80008c50 (0x016e2b33) slt     s6, t3, s6
core   0: 3 0x80008c50 (0x016e2b33) x22 0x00000000
core   0: 0x80008c54 (0x7869b413) sltiu   s0, s3, 1926
core   0: 3 0x80008c54 (0x7869b413) x 8 0x00000001
core   0: 0x80008c58 (0x03520db3) mul     s11, tp, s5
core   0: 3 0x80008c58 (0x03520db3) x27 0x00000000
core   0: 0x80008c5c (0x7552eb13) ori     s6, t0, 1877
core   0: 3 0x80008c5c (0x7552eb13) x22 0x80014f75
core   0: 0x80008c60 (0x02e8f3b3) remu    t2, a7, a4
core   0: 3 0x80008c60 (0x02e8f3b3) x 7 0x00000000
core   0: 0x80008c64 (0x00ebd113) srli    sp, s7, 14
core   0: 3 0x80008c64 (0x00ebd113) x 2 0x00000000
core   0: 0x80008c68 (0x007d71b3) and     gp, s10, t2
core   0: 3 0x80008c68 (0x007d71b3) x 3 0x00000000
core   0: 0x80008c6c (0x00000013) nop
core   0: 3 0x80008c6c (0x00000013)
core   0: 0x80008c70 (0x9158b193) sltiu   gp, a7, -1771
core   0: 3 0x80008c70 (0x9158b193) x 3 0x00000001
core   0: 0x80008c74 (0x03284433) div     s0, a6, s2
core   0: 3 0x80008c74 (0x03284433) x 8 0xbf197eb8
core   0: 0x80008c78 (0x01ec6fb3) or      t6, s8, t5
core   0: 3 0x80008c78 (0x01ec6fb3) x31 0xe9b02d9f
core   0: 0x80008c7c (0x03540733) mul     a4, s0, s5
core   0: 3 0x80008c7c (0x03540733) x14 0x078ec368
core   0: 0x80008c80 (0x03ae91b3) mulh    gp, t4, s10
core   0: 3 0x80008c80 (0x03ae91b3) x 3 0x00000000
core   0: 0x80008c84 (0x03b2ab33) mulhsu  s6, t0, s11
core   0: 3 0x80008c84 (0x03b2ab33) x22 0x00000000
core   0: 0x80008c88 (0x41c05313) srai    t1, zero, 28
core   0: 3 0x80008c88 (0x41c05313) x 6 0x00000000
core   0: 0x80008c8c (0x00f513b3) sll     t2, a0, a5
core   0: 3 0x80008c8c (0x00f513b3) x 7 0x00000000
core   0: 0x80008c90 (0xa6670193) addi    gp, a4, -1434
core   0: 3 0x80008c90 (0xa6670193) x 3 0x078ebdce
core   0: 0x80008c94 (0x02270333) mul     t1, a4, sp
core   0: 3 0x80008c94 (0x02270333) x 6 0x00000000
core   0: 0x80008c98 (0x00305b93) srli    s7, zero, 3
core   0: 3 0x80008c98 (0x00305b93) x23 0x00000000
core   0: 0x80008c9c (0x03ea0b33) mul     s6, s4, t5
core   0: 3 0x80008c9c (0x03ea0b33) x22 0x277a959c
core   0: 0x80008ca0 (0xaaceab93) slti    s7, t4, -1364
core   0: 3 0x80008ca0 (0xaaceab93) x23 0x00000001
core   0: 0x80008ca4 (0x5d580d13) addi    s10, a6, 1493
core   0: 3 0x80008ca4 (0x5d580d13) x26 0xbf19848d
core   0: 0x80008ca8 (0x02f1ceb3) div     t4, gp, a5
core   0: 3 0x80008ca8 (0x02f1ceb3) x29 0xffffffff
core   0: 0x80008cac (0x020f0f33) mul     t5, t5, zero
core   0: 3 0x80008cac (0x020f0f33) x30 0x00000000
core   0: 0x80008cb0 (0x03767733) remu    a4, a2, s7
core   0: 3 0x80008cb0 (0x03767733) x14 0x00000000
core   0: 0x80008cb4 (0x02356e33) rem     t3, a0, gp
core   0: 3 0x80008cb4 (0x02356e33) x28 0x00000000
core   0: 0x80008cb8 (0x0118dab3) srl     s5, a7, a7
core   0: 3 0x80008cb8 (0x0118dab3) x21 0x00000000
core   0: 0x80008cbc (0x038fecb3) rem     s9, t6, s8
core   0: 3 0x80008cbc (0x038fecb3) x25 0x00000000
core   0: 0x80008cc0 (0x0130d433) srl     s0, ra, s3
core   0: 3 0x80008cc0 (0x0130d433) x 8 0x00000001
core   0: 0x80008cc4 (0x284f0a93) addi    s5, t5, 644
core   0: 3 0x80008cc4 (0x284f0a93) x21 0x00000284
core   0: 0x80008cc8 (0x0191d393) srli    t2, gp, 25
core   0: 3 0x80008cc8 (0x0191d393) x 7 0x00000003
core   0: 0x80008ccc (0x010e5ab3) srl     s5, t3, a6
core   0: 3 0x80008ccc (0x010e5ab3) x21 0x00000000
core   0: 0x80008cd0 (0x2e327c93) andi    s9, tp, 739
core   0: 3 0x80008cd0 (0x2e327c93) x25 0x00000000
core   0: 0x80008cd4 (0x03125733) divu    a4, tp, a7
core   0: 3 0x80008cd4 (0x03125733) x14 0xffffffff
core   0: 0x80008cd8 (0x441e8c93) addi    s9, t4, 1089
core   0: 3 0x80008cd8 (0x441e8c93) x25 0x00000440
core   0: 0x80008cdc (0x025b5233) divu    tp, s6, t0
core   0: 3 0x80008cdc (0x025b5233) x 4 0x00000000
core   0: 0x80008ce0 (0x00eaee33) or      t3, s5, a4
core   0: 3 0x80008ce0 (0x00eaee33) x28 0xffffffff
core   0: 0x80008ce4 (0x02837833) remu    a6, t1, s0
core   0: 3 0x80008ce4 (0x02837833) x16 0x00000000
core   0: 0x80008ce8 (0x031ce0b3) rem     ra, s9, a7
core   0: 3 0x80008ce8 (0x031ce0b3) x 1 0x00000440
core   0: 0x80008cec (0x0197f8b3) and     a7, a5, s9
core   0: 3 0x80008cec (0x0197f8b3) x17 0x00000000
core   0: 0x80008cf0 (0x5290d617) auipc   a2, 0x5290d
core   0: 3 0x80008cf0 (0x5290d617) x12 0xd2915cf0
core   0: 0x80008cf4 (0x40ccd533) sra     a0, s9, a2
core   0: 3 0x80008cf4 (0x40ccd533) x10 0x00000000
core   0: 0x80008cf8 (0x086d2d13) slti    s10, s10, 134
core   0: 3 0x80008cf8 (0x086d2d13) x26 0x00000001
core   0: 0x80008cfc (0x01378eb3) add     t4, a5, s3
core   0: 3 0x80008cfc (0x01378eb3) x29 0x000002dd
core   0: 0x80008d00 (0x00989893) slli    a7, a7, 9
core   0: 3 0x80008d00 (0x00989893) x17 0x00000000
core   0: 0x80008d04 (0x01368d33) add     s10, a3, s3
core   0: 3 0x80008d04 (0x01368d33) x26 0xbf197d6b
core   0: 0x80008d08 (0x007fa7b3) slt     a5, t6, t2
core   0: 3 0x80008d08 (0x007fa7b3) x15 0x00000001
core   0: 0x80008d0c (0x0282e433) rem     s0, t0, s0
core   0: 3 0x80008d0c (0x0282e433) x 8 0x00000000
core   0: 0x80008d10 (0x012f3cb3) sltu    s9, t5, s2
core   0: 3 0x80008d10 (0x012f3cb3) x25 0x00000001
core   0: 0x80008d14 (0x02ccc833) div     a6, s9, a2
core   0: 3 0x80008d14 (0x02ccc833) x16 0x00000000
core   0: 0x80008d18 (0x00f217b3) sll     a5, tp, a5
core   0: 3 0x80008d18 (0x00f217b3) x15 0x00000000
core   0: 0x80008d1c (0x00b2d633) srl     a2, t0, a1
core   0: 3 0x80008d1c (0x00b2d633) x12 0x80014e64
core   0: 0x80008d20 (0x034ace33) div     t3, s5, s4
core   0: 3 0x80008d20 (0x034ace33) x28 0x00000000
core   0: 0x80008d24 (0x01e98fb3) add     t6, s3, t5
core   0: 3 0x80008d24 (0x01e98fb3) x31 0x000002dd
core   0: 0x80008d28 (0x0beff317) auipc   t1, 0xbeff
core   0: 3 0x80008d28 (0x0beff317) x 6 0x8bf07d28
core   0: 0x80008d2c (0x00328833) add     a6, t0, gp
core   0: 3 0x80008d2c (0x00328833) x16 0x87900c32
core   0: 0x80008d30 (0x00000013) nop
core   0: 3 0x80008d30 (0x00000013)
core   0: 0x80008d34 (0x0199f0b3) and     ra, s3, s9
core   0: 3 0x80008d34 (0x0199f0b3) x 1 0x00000001
core   0: 0x80008d38 (0x00000013) nop
core   0: 3 0x80008d38 (0x00000013)
core   0: 0x80008d3c (0x032a4c33) div     s8, s4, s2
core   0: 3 0x80008d3c (0x032a4c33) x24 0x80018ce4
core   0: 0x80008d40 (0x02942b33) mulhsu  s6, s0, s1
core   0: 3 0x80008d40 (0x02942b33) x22 0x00000000
core   0: 0x80008d44 (0x007a1793) slli    a5, s4, 7
core   0: 3 0x80008d44 (0x007a1793) x15 0x00c67200
core   0: 0x80008d48 (0x41e4df13) srai    t5, s1, 30
core   0: 3 0x80008d48 (0x41e4df13) x30 0x00000001
core   0: 0x80008d4c (0x00000013) nop
core   0: 3 0x80008d4c (0x00000013)
core   0: 0x80008d50 (0xfb6c4393) xori    t2, s8, -74
core   0: 3 0x80008d50 (0xfb6c4393) x 7 0x7ffe7352
core   0: 0x80008d54 (0x01c7d793) srli    a5, a5, 28
core   0: 3 0x80008d54 (0x01c7d793) x15 0x00000000
core   0: 0x80008d58 (0x00d11fb3) sll     t6, sp, a3
core   0: 3 0x80008d58 (0x00d11fb3) x31 0x00000000
core   0: 0x80008d5c (0x02fa3bb3) mulhu   s7, s4, a5
core   0: 3 0x80008d5c (0x02fa3bb3) x23 0x00000000
core   0: 0x80008d60 (0x03184c33) div     s8, a6, a7
core   0: 3 0x80008d60 (0x03184c33) x24 0xffffffff
core   0: 0x80008d64 (0x031ebab3) mulhu   s5, t4, a7
core   0: 3 0x80008d64 (0x031ebab3) x21 0x00000000
core   0: 0x80008d68 (0x02da0833) mul     a6, s4, a3
core   0: 3 0x80008d68 (0x02da0833) x16 0x9c44ce78
core   0: 0x80008d6c (0x40e67a93) andi    s5, a2, 1038
core   0: 3 0x80008d6c (0x40e67a93) x21 0x00000404
core   0: 0x80008d70 (0x01bd9613) slli    a2, s11, 27
core   0: 3 0x80008d70 (0x01bd9613) x12 0x00000000
core   0: 0x80008d74 (0x08954593) xori    a1, a0, 137
core   0: 3 0x80008d74 (0x08954593) x11 0x00000089
core   0: 0x80008d78 (0xbc99c713) xori    a4, s3, -1079
core   0: 3 0x80008d78 (0xbc99c713) x14 0xfffff914
core   0: 0x80008d7c (0x03cba7b3) mulhsu  a5, s7, t3
core   0: 3 0x80008d7c (0x03cba7b3) x15 0x00000000
core   0: 0x80008d80 (0x410a5113) srai    sp, s4, 16
core   0: 3 0x80008d80 (0x410a5113) x 2 0xffff8001
core   0: 0x80008d84 (0x02889933) mulh    s2, a7, s0
core   0: 3 0x80008d84 (0x02889933) x18 0x00000000
core   0: 0x80008d88 (0x0138bfb3) sltu    t6, a7, s3
core   0: 3 0x80008d88 (0x0138bfb3) x31 0x00000001
core   0: 0x80008d8c (0x015a4eb3) xor     t4, s4, s5
core   0: 3 0x80008d8c (0x015a4eb3) x29 0x800188e0
core   0: 0x80008d90 (0x01b23933) sltu    s2, tp, s11
core   0: 3 0x80008d90 (0x01b23933) x18 0x00000000
core   0: 0x80008d94 (0x2422d197) auipc   gp, 0x2422d
core   0: 3 0x80008d94 (0x2422d197) x 3 0xa4235d94
core   0: 0x80008d98 (0x022dbb33) mulhu   s6, s11, sp
core   0: 3 0x80008d98 (0x022dbb33) x22 0x00000000
core   0: 0x80008d9c (0x02bafd33) remu    s10, s5, a1
core   0: 3 0x80008d9c (0x02bafd33) x26 0x00000045
core   0: 0x80008da0 (0x0033b633) sltu    a2, t2, gp
core   0: 3 0x80008da0 (0x0033b633) x12 0x00000001
core   0: 0x80008da4 (0x03d6a233) mulhsu  tp, a3, t4
core   0: 3 0x80008da4 (0x03d6a233) x 4 0xdf8c59ad
core   0: 0x80008da8 (0x23756d13) ori     s10, a0, 567
core   0: 3 0x80008da8 (0x23756d13) x26 0x00000237
core   0: 0x80008dac (0x00f9c133) xor     sp, s3, a5
core   0: 3 0x80008dac (0x00f9c133) x 2 0x000002dd
core   0: 0x80008db0 (0x00f0aeb3) slt     t4, ra, a5
core   0: 3 0x80008db0 (0x00f0aeb3) x29 0x00000000
core   0: 0x80008db4 (0x01a59993) slli    s3, a1, 26
core   0: 3 0x80008db4 (0x01a59993) x19 0x24000000
core   0: 0x80008db8 (0x02400533) mul     a0, zero, tp
core   0: 3 0x80008db8 (0x02400533) x10 0x00000000
core   0: 0x80008dbc (0x03c9eab3) rem     s5, s3, t3
core   0: 3 0x80008dbc (0x03c9eab3) x21 0x24000000
core   0: 0x80008dc0 (0x2d1e3493) sltiu   s1, t3, 721
core   0: 3 0x80008dc0 (0x2d1e3493) x 9 0x00000001
core   0: 0x80008dc4 (0x0074a733) slt     a4, s1, t2
core   0: 3 0x80008dc4 (0x0074a733) x14 0x00000001
core   0: 0x80008dc8 (0x03528cb3) mul     s9, t0, s5
core   0: 3 0x80008dc8 (0x03528cb3) x25 0x10000000
core   0: 0x80008dcc (0x00612db3) slt     s11, sp, t1
core   0: 3 0x80008dcc (0x00612db3) x27 0x00000000
core   0: 0x80008dd0 (0x4091dab3) sra     s5, gp, s1
core   0: 3 0x80008dd0 (0x4091dab3) x21 0xd211aeca
core   0: 0x80008dd4 (0x001387b3) add     a5, t2, ra
core   0: 3 0x80008dd4 (0x001387b3) x15 0x7ffe7353
core   0: 0x80008dd8 (0x003e9933) sll     s2, t4, gp
core   0: 3 0x80008dd8 (0x003e9933) x18 0x00000000
core   0: 0x80008ddc (0x02225233) divu    tp, tp, sp
core   0: 3 0x80008ddc (0x02225233) x 4 0x004e12fb
core   0: 0x80008de0 (0x02fc2b33) mulhsu  s6, s8, a5
core   0: 3 0x80008de0 (0x02fc2b33) x22 0xffffffff
core   0: 0x80008de4 (0x404d51b3) sra     gp, s10, tp
core   0: 3 0x80008de4 (0x404d51b3) x 3 0x00000000
core   0: 0x80008de8 (0x029ced33) rem     s10, s9, s1
core   0: 3 0x80008de8 (0x029ced33) x26 0x00000000
core   0: 0x80008dec (0x13542493) slti    s1, s0, 309
core   0: 3 0x80008dec (0x13542493) x 9 0x00000001
core   0: 0x80008df0 (0x00000013) nop
core   0: 3 0x80008df0 (0x00000013)
core   0: 0x80008df4 (0xe2bf6037) lui     zero, 0xe2bf6
core   0: 3 0x80008df4 (0xe2bf6037)
core   0: 0x80008df8 (0x00df7133) and     sp, t5, a3
core   0: 3 0x80008df8 (0x00df7133) x 2 0x00000000
core   0: 0x80008dfc (0x01439413) slli    s0, t2, 20
core   0: 3 0x80008dfc (0x01439413) x 8 0x35200000
core   0: 0x80008e00 (0x019b5bb3) srl     s7, s6, s9
core   0: 3 0x80008e00 (0x019b5bb3) x23 0xffffffff
core   0: 0x80008e04 (0x0011da93) srli    s5, gp, 1
core   0: 3 0x80008e04 (0x0011da93) x21 0x00000000
core   0: 0x80008e08 (0x02b1bdb3) mulhu   s11, gp, a1
core   0: 3 0x80008e08 (0x02b1bdb3) x27 0x00000000
core   0: 0x80008e0c (0x414adfb3) sra     t6, s5, s4
core   0: 3 0x80008e0c (0x414adfb3) x31 0x00000000
core   0: 0x80008e10 (0xc3d5dd97) auipc   s11, 0xc3d5d
core   0: 3 0x80008e10 (0xc3d5dd97) x27 0x43d65e10
core   0: 0x80008e14 (0x02144333) div     t1, s0, ra
core   0: 3 0x80008e14 (0x02144333) x 6 0x35200000
core   0: 0x80008e18 (0x02c50ab3) mul     s5, a0, a2
core   0: 3 0x80008e18 (0x02c50ab3) x21 0x00000000
core   0: 0x80008e1c (0x035464b3) rem     s1, s0, s5
core   0: 3 0x80008e1c (0x035464b3) x 9 0x35200000
core   0: 0x80008e20 (0x0314d533) divu    a0, s1, a7
core   0: 3 0x80008e20 (0x0314d533) x10 0xffffffff
core   0: 0x80008e24 (0x01759d33) sll     s10, a1, s7
core   0: 3 0x80008e24 (0x01759d33) x26 0x80000000
core   0: 0x80008e28 (0x40240133) sub     sp, s0, sp
core   0: 3 0x80008e28 (0x40240133) x 2 0x35200000
core   0: 0x80008e2c (0x65b32c13) slti    s8, t1, 1627
core   0: 3 0x80008e2c (0x65b32c13) x24 0x00000000
core   0: 0x80008e30 (0x02d41b33) mulh    s6, s0, a3
core   0: 3 0x80008e30 (0x02d41b33) x22 0xf288298e
core   0: 0x80008e34 (0x02585733) divu    a4, a6, t0
core   0: 3 0x80008e34 (0x02585733) x14 0x00000001
core   0: 0x80008e38 (0x01949d13) slli    s10, s1, 25
core   0: 3 0x80008e38 (0x01949d13) x26 0x00000000
core   0: 0x80008e3c (0x0078edb3) or      s11, a7, t2
core   0: 3 0x80008e3c (0x0078edb3) x27 0x7ffe7352
core   0: 0x80008e40 (0x00eaff33) and     t5, s5, a4
core   0: 3 0x80008e40 (0x00eaff33) x30 0x00000000
core   0: 0x80008e44 (0x40a15eb3) sra     t4, sp, a0
core   0: 3 0x80008e44 (0x40a15eb3) x29 0x00000000
core   0: 0x80008e48 (0xebfcec13) ori     s8, s9, -321
core   0: 3 0x80008e48 (0xebfcec13) x24 0xfffffebf
core   0: 0x80008e4c (0x00b55c93) srli    s9, a0, 11
core   0: 3 0x80008e4c (0x00b55c93) x25 0x001fffff
core   0: 0x80008e50 (0x026587b3) mul     a5, a1, t1
core   0: 3 0x80008e50 (0x026587b3) x15 0x6e200000
core   0: 0x80008e54 (0x0147aab3) slt     s5, a5, s4
core   0: 3 0x80008e54 (0x0147aab3) x21 0x00000000
core   0: 0x80008e58 (0xa356fb93) andi    s7, a3, -1483
core   0: 3 0x80008e58 (0xa356fb93) x23 0xbf197a04
core   0: 0x80008e5c (0x088fcc13) xori    s8, t6, 136
core   0: 3 0x80008e5c (0x088fcc13) x24 0x00000088
core   0: 0x80008e60 (0x007c0bb3) add     s7, s8, t2
core   0: 3 0x80008e60 (0x007c0bb3) x23 0x7ffe73da
core   0: 0x80008e64 (0x9a3bb8b7) lui     a7, 0x9a3bb
core   0: 3 0x80008e64 (0x9a3bb8b7) x17 0x9a3bb000
core   0: 0x80008e68 (0x00b4db33) srl     s6, s1, a1
core   0: 3 0x80008e68 (0x00b4db33) x22 0x001a9000
core   0: 0x80008e6c (0x00c05993) srli    s3, zero, 12
core   0: 3 0x80008e6c (0x00c05993) x19 0x00000000
core   0: 0x80008e70 (0x00366e33) or      t3, a2, gp
core   0: 3 0x80008e70 (0x00366e33) x28 0x00000001
core   0: 0x80008e74 (0x009799b3) sll     s3, a5, s1
core   0: 3 0x80008e74 (0x009799b3) x19 0x6e200000
core   0: 0x80008e78 (0x01cbe633) or      a2, s7, t3
core   0: 3 0x80008e78 (0x01cbe633) x12 0x7ffe73db
core   0: 0x80008e7c (0x017307b3) add     a5, t1, s7
core   0: 3 0x80008e7c (0x017307b3) x15 0xb51e73da
core   0: 0x80008e80 (0x9db08037) lui     zero, 0x9db08
core   0: 3 0x80008e80 (0x9db08037)
core   0: 0x80008e84 (0x3b49cd13) xori    s10, s3, 948
core   0: 3 0x80008e84 (0x3b49cd13) x26 0x6e2003b4
core   0: 0x80008e88 (0x00443db3) sltu    s11, s0, tp
core   0: 3 0x80008e88 (0x00443db3) x27 0x00000000
core   0: 0x80008e8c (0x01bdad33) slt     s10, s11, s11
core   0: 3 0x80008e8c (0x01bdad33) x26 0x00000000
core   0: 0x80008e90 (0x2fe14913) xori    s2, sp, 766
core   0: 3 0x80008e90 (0x2fe14913) x18 0x352002fe
core   0: 0x80008e94 (0x64f7e5b7) lui     a1, 0x64f7e
core   0: 3 0x80008e94 (0x64f7e5b7) x11 0x64f7e000
core   0: 0x80008e98 (0xdcea8093) addi    ra, s5, -562
core   0: 3 0x80008e98 (0xdcea8093) x 1 0xfffffdce
core   0: 0x80008e9c (0x02c3e833) rem     a6, t2, a2
core   0: 3 0x80008e9c (0x02c3e833) x16 0x7ffe7352
core   0: 0x80008ea0 (0x01d164b3) or      s1, sp, t4
core   0: 3 0x80008ea0 (0x01d164b3) x 9 0x35200000
core   0: 0x80008ea4 (0x03dabeb3) mulhu   t4, s5, t4
core   0: 3 0x80008ea4 (0x03dabeb3) x29 0x00000000
core   0: 0x80008ea8 (0xe01a4d37) lui     s10, 0xe01a4
core   0: 3 0x80008ea8 (0xe01a4d37) x26 0xe01a4000
core   0: 0x80008eac (0xfd3dc893) xori    a7, s11, -45
core   0: 3 0x80008eac (0xfd3dc893) x17 0xffffffd3
core   0: 0x80008eb0 (0xf33641b7) lui     gp, 0xf3364
core   0: 3 0x80008eb0 (0xf33641b7) x 3 0xf3364000
core   0: 0x80008eb4 (0x40d607b3) sub     a5, a2, a3
core   0: 3 0x80008eb4 (0x40d607b3) x15 0xc0e4f94d
core   0: 0x80008eb8 (0xe022a393) slti    t2, t0, -510
core   0: 3 0x80008eb8 (0xe022a393) x 7 0x00000001
core   0: 0x80008ebc (0x03272433) mulhsu  s0, a4, s2
core   0: 3 0x80008ebc (0x03272433) x 8 0x00000000
core   0: 0x80008ec0 (0x00000013) nop
core   0: 3 0x80008ec0 (0x00000013)
core   0: 0x80008ec4 (0x40c587b3) sub     a5, a1, a2
core   0: 3 0x80008ec4 (0x40c587b3) x15 0xe4f96c25
core   0: 0x80008ec8 (0x5256fb93) andi    s7, a3, 1317
core   0: 3 0x80008ec8 (0x5256fb93) x23 0x00000004
core   0: 0x80008ecc (0x01eb8233) add     tp, s7, t5
core   0: 3 0x80008ecc (0x01eb8233) x 4 0x00000004
core   0: 0x80008ed0 (0x00000013) nop
core   0: 3 0x80008ed0 (0x00000013)
core   0: 0x80008ed4 (0x41f78033) sub     zero, a5, t6
core   0: 3 0x80008ed4 (0x41f78033)
core   0: 0x80008ed8 (0x01945e13) srli    t3, s0, 25
core   0: 3 0x80008ed8 (0x01945e13) x28 0x00000000
core   0: 0x80008edc (0x021b4133) div     sp, s6, ra
core   0: 3 0x80008edc (0x021b4133) x 2 0xfffff3e7
core   0: 0x80008ee0 (0x00bfcd33) xor     s10, t6, a1
core   0: 3 0x80008ee0 (0x00bfcd33) x26 0x64f7e000
core   0: 0x80008ee4 (0x01b0d933) srl     s2, ra, s11
core   0: 3 0x80008ee4 (0x01b0d933) x18 0xfffffdce
core   0: 0x80008ee8 (0x7cff6413) ori     s0, t5, 1999
core   0: 3 0x80008ee8 (0x7cff6413) x 8 0x000007cf
core   0: 0x80008eec (0x413a50b3) sra     ra, s4, s3
core   0: 3 0x80008eec (0x413a50b3) x 1 0x80018ce4
core   0: 0x80008ef0 (0x005d5913) srli    s2, s10, 5
core   0: 3 0x80008ef0 (0x005d5913) x18 0x0327bf00
core   0: 0x80008ef4 (0x00c0d893) srli    a7, ra, 12
core   0: 3 0x80008ef4 (0x00c0d893) x17 0x00080018
core   0: 0x80008ef8 (0x00bfae33) slt     t3, t6, a1
core   0: 3 0x80008ef8 (0x00bfae33) x28 0x00000001
core   0: 0x80008efc (0x006c5933) srl     s2, s8, t1
core   0: 3 0x80008efc (0x006c5933) x18 0x00000088
core   0: 0x80008f00 (0x00716133) or      sp, sp, t2
core   0: 3 0x80008f00 (0x00716133) x 2 0xfffff3e7
core   0: 0x80008f04 (0x021f2533) mulhsu  a0, t5, ra
core   0: 3 0x80008f04 (0x021f2533) x10 0x00000000
core   0: 0x80008f08 (0x007e5093) srli    ra, t3, 7
core   0: 3 0x80008f08 (0x007e5093) x 1 0x00000000
core   0: 0x80008f0c (0xc243b093) sltiu   ra, t2, -988
core   0: 3 0x80008f0c (0xc243b093) x 1 0x00000001
core   0: 0x80008f10 (0x01a8ff33) and     t5, a7, s10
core   0: 3 0x80008f10 (0x01a8ff33) x30 0x00000000
core   0: 0x80008f14 (0xd1eb6a93) ori     s5, s6, -738
core   0: 3 0x80008f14 (0xd1eb6a93) x21 0xfffffd1e
core   0: 0x80008f18 (0x01b15493) srli    s1, sp, 27
core   0: 3 0x80008f18 (0x01b15493) x 9 0x0000001f
core   0: 0x80008f1c (0x006a18b3) sll     a7, s4, t1
core   0: 3 0x80008f1c (0x006a18b3) x17 0x80018ce4
core   0: 0x80008f20 (0x01e65033) srl     zero, a2, t5
core   0: 3 0x80008f20 (0x01e65033)
core   0: 0x80008f24 (0x00293db3) sltu    s11, s2, sp
core   0: 3 0x80008f24 (0x00293db3) x27 0x00000001
core   0: 0x80008f28 (0x01b6d793) srli    a5, a3, 27
core   0: 3 0x80008f28 (0x01b6d793) x15 0x00000017
core   0: 0x80008f2c (0x024ca0b3) mulhsu  ra, s9, tp
core   0: 3 0x80008f2c (0x024ca0b3) x 1 0x00000000
core   0: 0x80008f30 (0x3e5b2f93) slti    t6, s6, 997
core   0: 3 0x80008f30 (0x3e5b2f93) x31 0x00000000
core   0: 0x80008f34 (0x094e8593) addi    a1, t4, 148
core   0: 3 0x80008f34 (0x094e8593) x11 0x00000094
core   0: 0x80008f38 (0x02bee833) rem     a6, t4, a1
core   0: 3 0x80008f38 (0x02bee833) x16 0x00000000
core   0: 0x80008f3c (0x00000013) nop
core   0: 3 0x80008f3c (0x00000013)
core   0: 0x80008f40 (0x008ed213) srli    tp, t4, 8
core   0: 3 0x80008f40 (0x008ed213) x 4 0x00000000
core   0: 0x80008f44 (0x02aecb33) div     s6, t4, a0
core   0: 3 0x80008f44 (0x02aecb33) x22 0xffffffff
core   0: 0x80008f48 (0x02b6b4b3) mulhu   s1, a3, a1
core   0: 3 0x80008f48 (0x02b6b4b3) x 9 0x0000006e
core   0: 0x80008f4c (0x00a05eb3) srl     t4, zero, a0
core   0: 3 0x80008f4c (0x00a05eb3) x29 0x00000000
core   0: 0x80008f50 (0x5e9f2893) slti    a7, t5, 1513
core   0: 3 0x80008f50 (0x5e9f2893) x17 0x00000001
core   0: 0x80008f54 (0x0353f033) remu    zero, t2, s5
core   0: 3 0x80008f54 (0x0353f033)
core   0: 0x80008f58 (0x00000013) nop
core   0: 3 0x80008f58 (0x00000013)
core   0: 0x80008f5c (0x010a6f33) or      t5, s4, a6
core   0: 3 0x80008f5c (0x010a6f33) x30 0x80018ce4
core   0: 0x80008f60 (0x03d8ebb3) rem     s7, a7, t4
core   0: 3 0x80008f60 (0x03d8ebb3) x23 0x00000001
core   0: 0x80008f64 (0x03bbc0b3) div     ra, s7, s11
core   0: 3 0x80008f64 (0x03bbc0b3) x 1 0x00000001
core   0: 0x80008f68 (0x5e344513) xori    a0, s0, 1507
core   0: 3 0x80008f68 (0x5e344513) x10 0x0000022c
core   0: 0x80008f6c (0x40f38bb3) sub     s7, t2, a5
core   0: 3 0x80008f6c (0x40f38bb3) x23 0xffffffea
core   0: 0x80008f70 (0x019a9733) sll     a4, s5, s9
core   0: 3 0x80008f70 (0x019a9733) x14 0x00000000
core   0: 0x80008f74 (0x58c22813) slti    a6, tp, 1420
core   0: 3 0x80008f74 (0x58c22813) x16 0x00000001
core   0: 0x80008f78 (0x0341eb33) rem     s6, gp, s4
core   0: 3 0x80008f78 (0x0341eb33) x22 0xf3364000
core   0: 0x80008f7c (0xf8cac913) xori    s2, s5, -116
core   0: 3 0x80008f7c (0xf8cac913) x18 0x00000292
core   0: 0x80008f80 (0x01aad213) srli    tp, s5, 26
core   0: 3 0x80008f80 (0x01aad213) x 4 0x0000003f
core   0: 0x80008f84 (0x01a95513) srli    a0, s2, 26
core   0: 3 0x80008f84 (0x01a95513) x10 0x00000000
core   0: 0x80008f88 (0x030d3e33) mulhu   t3, s10, a6
core   0: 3 0x80008f88 (0x030d3e33) x28 0x00000000
core   0: 0x80008f8c (0x02499733) mulh    a4, s3, tp
core   0: 3 0x80008f8c (0x02499733) x14 0x0000001b
core   0: 0x80008f90 (0x0b818017) auipc   zero, 0xb818
core   0: 3 0x80008f90 (0x0b818017)
core   0: 0x80008f94 (0x41260eb3) sub     t4, a2, s2
core   0: 3 0x80008f94 (0x41260eb3) x29 0x7ffe7149
core   0: 0x80008f98 (0x01301eb3) sll     t4, zero, s3
core   0: 3 0x80008f98 (0x01301eb3) x29 0x00000000
core   0: 0x80008f9c (0x40668bb3) sub     s7, a3, t1
core   0: 3 0x80008f9c (0x40668bb3) x23 0x89f97a8e
core   0: 0x80008fa0 (0x00ced133) srl     sp, t4, a2
core   0: 3 0x80008fa0 (0x00ced133) x 2 0x00000000
core   0: 0x80008fa4 (0x0110ebb3) or      s7, ra, a7
core   0: 3 0x80008fa4 (0x0110ebb3) x23 0x00000001
core   0: 0x80008fa8 (0x018c8c33) add     s8, s9, s8
core   0: 3 0x80008fa8 (0x018c8c33) x24 0x00200087
core   0: 0x80008fac (0x020c6cb3) rem     s9, s8, zero
core   0: 3 0x80008fac (0x020c6cb3) x25 0x00200087
core   0: 0x80008fb0 (0x02740f33) mul     t5, s0, t2
core   0: 3 0x80008fb0 (0x02740f33) x30 0x000007cf
core   0: 0x80008fb4 (0x03355bb3) divu    s7, a0, s3
core   0: 3 0x80008fb4 (0x03355bb3) x23 0x00000000
core   0: 0x80008fb8 (0x78a0e213) ori     tp, ra, 1930
core   0: 3 0x80008fb8 (0x78a0e213) x 4 0x0000078b
core   0: 0x80008fbc (0x03f2b4b3) mulhu   s1, t0, t6
core   0: 3 0x80008fbc (0x03f2b4b3) x 9 0x00000000
core   0: 0x80008fc0 (0x0117a9b3) slt     s3, a5, a7
core   0: 3 0x80008fc0 (0x0117a9b3) x19 0x00000000
core   0: 0x80008fc4 (0x41888533) sub     a0, a7, s8
core   0: 3 0x80008fc4 (0x41888533) x10 0xffdfff7a
core   0: 0x80008fc8 (0x40e55033) sra     zero, a0, a4
core   0: 3 0x80008fc8 (0x40e55033)
core   0: 0x80008fcc (0x03232833) mulhsu  a6, t1, s2
core   0: 3 0x80008fcc (0x03232833) x16 0x00000088
core   0: 0x80008fd0 (0x03e50bb3) mul     s7, a0, t5
core   0: 3 0x80008fd0 (0x03e50bb3) x23 0x061be9a6
core   0: 0x80008fd4 (0x02bffd33) remu    s10, t6, a1
core   0: 3 0x80008fd4 (0x02bffd33) x26 0x00000000
core   0: 0x80008fd8 (0x02f853b3) divu    t2, a6, a5
core   0: 3 0x80008fd8 (0x02f853b3) x 7 0x00000005
core   0: 0x80008fdc (0xc843b493) sltiu   s1, t2, -892
core   0: 3 0x80008fdc (0xc843b493) x 9 0x00000001
core   0: 0x80008fe0 (0x024d7633) remu    a2, s10, tp
core   0: 3 0x80008fe0 (0x024d7633) x12 0x00000000
core   0: 0x80008fe4 (0x0053ad33) slt     s10, t2, t0
core   0: 3 0x80008fe4 (0x0053ad33) x26 0x00000000
core   0: 0x80008fe8 (0x00eb1593) slli    a1, s6, 14
core   0: 3 0x80008fe8 (0x00eb1593) x11 0x90000000
core   0: 0x80008fec (0x2dc04793) xori    a5, zero, 732
core   0: 3 0x80008fec (0x2dc04793) x15 0x000002dc
core   0: 0x80008ff0 (0x40a00733) sub     a4, zero, a0
core   0: 3 0x80008ff0 (0x40a00733) x14 0x00200086
core   0: 0x80008ff4 (0xfbc64f93) xori    t6, a2, -68
core   0: 3 0x80008ff4 (0xfbc64f93) x31 0xffffffbc
core   0: 0x80008ff8 (0x016334b3) sltu    s1, t1, s6
core   0: 3 0x80008ff8 (0x016334b3) x 9 0x00000001
core   0: 0x80008ffc (0x022d07b3) mul     a5, s10, sp
core   0: 3 0x80008ffc (0x022d07b3) x15 0x00000000
core   0: 0x80009000 (0x02014233) div     tp, sp, zero
core   0: 3 0x80009000 (0x02014233) x 4 0xffffffff
core   0: 0x80009004 (0x028c0633) mul     a2, s8, s0
core   0: 3 0x80009004 (0x028c0633) x12 0xf9e41e29
core   0: 0x80009008 (0x02070133) mul     sp, a4, zero
core   0: 3 0x80009008 (0x02070133) x 2 0x00000000
core   0: 0x8000900c (0x0219c233) div     tp, s3, ra
core   0: 3 0x8000900c (0x0219c233) x 4 0x00000000
core   0: 0x80009010 (0x01fa1c13) slli    s8, s4, 31
core   0: 3 0x80009010 (0x01fa1c13) x24 0x00000000
core   0: 0x80009014 (0x00da3533) sltu    a0, s4, a3
core   0: 3 0x80009014 (0x00da3533) x10 0x00000001
core   0: 0x80009018 (0x18444917) auipc   s2, 0x18444
core   0: 3 0x80009018 (0x18444917) x18 0x9844d018
core   0: 0x8000901c (0x03e9a8b3) mulhsu  a7, s3, t5
core   0: 3 0x8000901c (0x03e9a8b3) x17 0x00000000
core   0: 0x80009020 (0x03100db3) mul     s11, zero, a7
core   0: 3 0x80009020 (0x03100db3) x27 0x00000000
core   0: 0x80009024 (0xb30e6437) lui     s0, 0xb30e6
core   0: 3 0x80009024 (0xb30e6437) x 8 0xb30e6000
core   0: 0x80009028 (0x40f45313) srai    t1, s0, 15
core   0: 3 0x80009028 (0x40f45313) x 6 0xffff661c
core   0: 0x8000902c (0x038053b3) divu    t2, zero, s8
core   0: 3 0x8000902c (0x038053b3) x 7 0xffffffff
core   0: 0x80009030 (0x00519193) slli    gp, gp, 5
core   0: 3 0x80009030 (0x00519193) x 3 0x66c80000
core   0: 0x80009034 (0x00e2cf33) xor     t5, t0, a4
core   0: 3 0x80009034 (0x00e2cf33) x30 0x80214ee2
core   0: 0x80009038 (0x0345f7b3) remu    a5, a1, s4
core   0: 3 0x80009038 (0x0345f7b3) x15 0x0ffe731c
core   0: 0x8000903c (0x00000013) nop
core   0: 3 0x8000903c (0x00000013)
core   0: 0x80009040 (0x01bac5b3) xor     a1, s5, s11
core   0: 3 0x80009040 (0x01bac5b3) x11 0xfffffd1e
core   0: 0x80009044 (0x00c8c233) xor     tp, a7, a2
core   0: 3 0x80009044 (0x00c8c233) x 4 0xf9e41e29
core   0: 0x80009048 (0x4092d193) srai    gp, t0, 9
core   0: 3 0x80009048 (0x4092d193) x 3 0xffc000a7
core   0: 0x8000904c (0x00bffab3) and     s5, t6, a1
core   0: 3 0x8000904c (0x00bffab3) x21 0xfffffd1c
core   0: 0x80009050 (0x02478633) mul     a2, a5, tp
core   0: 3 0x80009050 (0x02478633) x12 0x222db77c
core   0: 0x80009054 (0x00b4bdb3) sltu    s11, s1, a1
core   0: 3 0x80009054 (0x00b4bdb3) x27 0x00000001
core   0: 0x80009058 (0x3cd42c13) slti    s8, s0, 973
core   0: 3 0x80009058 (0x3cd42c13) x24 0x00000001
core   0: 0x8000905c (0x51f951b7) lui     gp, 0x51f95
core   0: 3 0x8000905c (0x51f951b7) x 3 0x51f95000
core   0: 0x80009060 (0xe790fc93) andi    s9, ra, -391
core   0: 3 0x80009060 (0xe790fc93) x25 0x00000001
core   0: 0x80009064 (0x00e441b3) xor     gp, s0, a4
core   0: 3 0x80009064 (0x00e441b3) x 3 0xb32e6086
core   0: 0x80009068 (0x00000013) nop
core   0: 3 0x80009068 (0x00000013)
core   0: 0x8000906c (0x03a31c33) mulh    s8, t1, s10
core   0: 3 0x8000906c (0x03a31c33) x24 0x00000000
core   0: 0x80009070 (0x02e50833) mul     a6, a0, a4
core   0: 3 0x80009070 (0x02e50833) x16 0x00200086
core   0: 0x80009074 (0x692e7713) andi    a4, t3, 1682
core   0: 3 0x80009074 (0x692e7713) x14 0x00000000
core   0: 0x80009078 (0x5c8c8f13) addi    t5, s9, 1480
core   0: 3 0x80009078 (0x5c8c8f13) x30 0x000005c9
core   0: 0x8000907c (0x404457b3) sra     a5, s0, tp
core   0: 3 0x8000907c (0x404457b3) x15 0xffd98730
core   0: 0x80009080 (0x0213a633) mulhsu  a2, t2, ra
core   0: 3 0x80009080 (0x0213a633) x12 0xffffffff
core   0: 0x80009084 (0x40fed033) sra     zero, t4, a5
core   0: 3 0x80009084 (0x40fed033)
core   0: 0x80009088 (0x9d5fa793) slti    a5, t6, -1579
core   0: 3 0x80009088 (0x9d5fa793) x15 0x00000000
core   0: 0x8000908c (0x01ea6833) or      a6, s4, t5
core   0: 3 0x8000908c (0x01ea6833) x16 0x80018ded
core   0: 0x80009090 (0xe2395317) auipc   t1, 0xe2395
core   0: 3 0x80009090 (0xe2395317) x 6 0x6239e090
core   0: 0x80009094 (0x00000013) nop
core   0: 3 0x80009094 (0x00000013)
core   0: 0x80009098 (0x02d06c33) rem     s8, zero, a3
core   0: 3 0x80009098 (0x02d06c33) x24 0x00000000
core   0: 0x8000909c (0x03345f33) divu    t5, s0, s3
core   0: 3 0x8000909c (0x03345f33) x30 0xffffffff
core   0: 0x800090a0 (0x035f44b3) div     s1, t5, s5
core   0: 3 0x800090a0 (0x035f44b3) x 9 0x00000000
core   0: 0x800090a4 (0x02321c33) mulh    s8, tp, gp
core   0: 3 0x800090a4 (0x02321c33) x24 0x01d5479d
core   0: 0x800090a8 (0x01c8deb3) srl     t4, a7, t3
core   0: 3 0x800090a8 (0x01c8deb3) x29 0x00000000
core   0: 0x800090ac (0xae1ba613) slti    a2, s7, -1311
core   0: 3 0x800090ac (0xae1ba613) x12 0x00000000
core   0: 0x800090b0 (0x74462cb7) lui     s9, 0x74462
core   0: 3 0x800090b0 (0x74462cb7) x25 0x74462000
core   0: 0x800090b4 (0x0300b4b3) mulhu   s1, ra, a6
core   0: 3 0x800090b4 (0x0300b4b3) x 9 0x00000000
core   0: 0x800090b8 (0x00e74733) xor     a4, a4, a4
core   0: 3 0x800090b8 (0x00e74733) x14 0x00000000
core   0: 0x800090bc (0x9974ec93) ori     s9, s1, -1641
core   0: 3 0x800090bc (0x9974ec93) x25 0xfffff997
core   0: 0x800090c0 (0xc826ff93) andi    t6, a3, -894
core   0: 3 0x800090c0 (0xc826ff93) x31 0xbf197882
core   0: 0x800090c4 (0x0324a1b3) mulhsu  gp, s1, s2
core   0: 3 0x800090c4 (0x0324a1b3) x 3 0x00000000
core   0: 0x800090c8 (0xf9984e13) xori    t3, a6, -103
core   0: 3 0x800090c8 (0xf9984e13) x28 0x7ffe7274
core   0: 0x800090cc (0x026583b3) mul     t2, a1, t1
core   0: 3 0x800090cc (0x026583b3) x 7 0xd526a0e0
core   0: 0x800090d0 (0x0192d093) srli    ra, t0, 25
core   0: 3 0x800090d0 (0x0192d093) x 1 0x00000040
core   0: 0x800090d4 (0xab08b513) sltiu   a0, a7, -1360
core   0: 3 0x800090d4 (0xab08b513) x10 0x00000001
core   0: 0x800090d8 (0x01e1a7b3) slt     a5, gp, t5
core   0: 3 0x800090d8 (0x01e1a7b3) x15 0x00000000
core   0: 0x800090dc (0x679ea093) slti    ra, t4, 1657
core   0: 3 0x800090dc (0x679ea093) x 1 0x00000001
core   0: 0x800090e0 (0x01caef33) or      t5, s5, t3
core   0: 3 0x800090e0 (0x01caef33) x30 0xffffff7c
core   0: 0x800090e4 (0x02a3c333) div     t1, t2, a0
core   0: 3 0x800090e4 (0x02a3c333) x 6 0xd526a0e0
core   0: 0x800090e8 (0x34db6237) lui     tp, 0x34db6
core   0: 3 0x800090e8 (0x34db6237) x 4 0x34db6000
core   0: 0x800090ec (0x01a65b13) srli    s6, a2, 26
core   0: 3 0x800090ec (0x01a65b13) x22 0x00000000
core   0: 0x800090f0 (0x35ce6737) lui     a4, 0x35ce6
core   0: 3 0x800090f0 (0x35ce6737) x14 0x35ce6000
core   0: 0x800090f4 (0xa4b9e713) ori     a4, s3, -1461
core   0: 3 0x800090f4 (0xa4b9e713) x14 0xfffffa4b
core   0: 0x800090f8 (0x03c744b3) div     s1, a4, t3
core   0: 3 0x800090f8 (0x03c744b3) x 9 0x00000000
core   0: 0x800090fc (0x7feb0fb7) lui     t6, 0x7feb0
core   0: 3 0x800090fc (0x7feb0fb7) x31 0x7feb0000
core   0: 0x80009100 (0x02cc6933) rem     s2, s8, a2
core   0: 3 0x80009100 (0x02cc6933) x18 0x01d5479d
core   0: 0x80009104 (0x00000013) nop
core   0: 3 0x80009104 (0x00000013)
core   0: 0x80009108 (0x90228393) addi    t2, t0, -1790
core   0: 3 0x80009108 (0x90228393) x 7 0x80014766
core   0: 0x8000910c (0x020114b3) mulh    s1, sp, zero
core   0: 3 0x8000910c (0x020114b3) x 9 0x00000000
core   0: 0x80009110 (0xb7a07993) andi    s3, zero, -1158
core   0: 3 0x80009110 (0xb7a07993) x19 0x00000000
core   0: 0x80009114 (0x00962e33) slt     t3, a2, s1
core   0: 3 0x80009114 (0x00962e33) x28 0x00000000
core   0: 0x80009118 (0x017e7db3) and     s11, t3, s7
core   0: 3 0x80009118 (0x017e7db3) x27 0x00000000
core   0: 0x8000911c (0x03ac1c33) mulh    s8, s8, s10
core   0: 3 0x8000911c (0x03ac1c33) x24 0x00000000
core   0: 0x80009120 (0x4ebfd597) auipc   a1, 0x4ebfd
core   0: 3 0x80009120 (0x4ebfd597) x11 0xcec06120
core   0: 0x80009124 (0x0580e093) ori     ra, ra, 88
core   0: 3 0x80009124 (0x0580e093) x 1 0x00000059
core   0: 0x80009128 (0x001e24b3) slt     s1, t3, ra
core   0: 3 0x80009128 (0x001e24b3) x 9 0x00000001
core   0: 0x8000912c (0x76b49397) auipc   t2, 0x76b49
core   0: 3 0x8000912c (0x76b49397) x 7 0xf6b5212c
core   0: 0x80009130 (0xc447a413) slti    s0, a5, -956
core   0: 3 0x80009130 (0xc447a413) x 8 0x00000000
core   0: 0x80009134 (0x5d0d6393) ori     t2, s10, 1488
core   0: 3 0x80009134 (0x5d0d6393) x 7 0x000005d0
core   0: 0x80009138 (0x03680633) mul     a2, a6, s6
core   0: 3 0x80009138 (0x03680633) x12 0x00000000
core   0: 0x8000913c (0x6631ce13) xori    t3, gp, 1635
core   0: 3 0x8000913c (0x6631ce13) x28 0x00000663
core   0: 0x80009140 (0x0362e4b3) rem     s1, t0, s6
core   0: 3 0x80009140 (0x0362e4b3) x 9 0x80014e64
core   0: 0x80009144 (0x03d680b3) mul     ra, a3, t4
core   0: 3 0x80009144 (0x03d680b3) x 1 0x00000000
core   0: 0x80009148 (0x6b404093) xori    ra, zero, 1716
core   0: 3 0x80009148 (0x6b404093) x 1 0x000006b4
core   0: 0x8000914c (0x00002b33) slt     s6, zero, zero
core   0: 3 0x8000914c (0x00002b33) x22 0x00000000
core   0: 0x80009150 (0x25890913) addi    s2, s2, 600
core   0: 3 0x80009150 (0x25890913) x18 0x01d549f5
core   0: 0x80009154 (0x03c630b3) mulhu   ra, a2, t3
core   0: 3 0x80009154 (0x03c630b3) x 1 0x00000000
core   0: 0x80009158 (0x01a2fc33) and     s8, t0, s10
core   0: 3 0x80009158 (0x01a2fc33) x24 0x00000000
core   0: 0x8000915c (0x0031b7b3) sltu    a5, gp, gp
core   0: 3 0x8000915c (0x0031b7b3) x15 0x00000000
core   0: 0x80009160 (0x019a6e33) or      t3, s4, s9
core   0: 3 0x80009160 (0x019a6e33) x28 0xfffffdf7
core   0: 0x80009164 (0x3b02fa93) andi    s5, t0, 944
core   0: 3 0x80009164 (0x3b02fa93) x21 0x00000220
core   0: 0x80009168 (0x03601533) mulh    a0, zero, s6
core   0: 3 0x80009168 (0x03601533) x10 0x00000000
core   0: 0x8000916c (0x00d0a733) slt     a4, ra, a3
core   0: 3 0x8000916c (0x00d0a733) x14 0x00000000
core   0: 0x80009170 (0x014e35b3) sltu    a1, t3, s4
core   0: 3 0x80009170 (0x014e35b3) x11 0x00000000
core   0: 0x80009174 (0x01a08db3) add     s11, ra, s10
core   0: 3 0x80009174 (0x01a08db3) x27 0x00000000
core   0: 0x80009178 (0x01064e33) xor     t3, a2, a6
core   0: 3 0x80009178 (0x01064e33) x28 0x80018ded
core   0: 0x8000917c (0x014f10b3) sll     ra, t5, s4
core   0: 3 0x8000917c (0x014f10b3) x 1 0xfffff7c0
core   0: 0x80009180 (0x90777b17) auipc   s6, 0x90777
core   0: 3 0x80009180 (0x90777b17) x22 0x10780180
core   0: 0x80009184 (0x03ecb933) mulhu   s2, s9, t5
core   0: 3 0x80009184 (0x03ecb933) x18 0xfffff913
core   0: 0x80009188 (0x404ade93) srai    t4, s5, 4
core   0: 3 0x80009188 (0x404ade93) x29 0x00000022
core   0: 0x8000918c (0x014681b3) add     gp, a3, s4
core   0: 3 0x8000918c (0x014681b3) x 3 0x3f1b0772
core   0: 0x80009190 (0x013d1b33) sll     s6, s10, s3
core   0: 3 0x80009190 (0x013d1b33) x22 0x00000000
core   0: 0x80009194 (0xb4aa2b13) slti    s6, s4, -1206
core   0: 3 0x80009194 (0xb4aa2b13) x22 0x00000001
core   0: 0x80009198 (0x01099c13) slli    s8, s3, 16
core   0: 3 0x80009198 (0x01099c13) x24 0x00000000
core   0: 0x8000919c (0x1d2ea613) slti    a2, t4, 466
core   0: 3 0x8000919c (0x1d2ea613) x12 0x00000001
core   0: 0x800091a0 (0x60658313) addi    t1, a1, 1542
core   0: 3 0x800091a0 (0x60658313) x 6 0x00000606
core   0: 0x800091a4 (0x9d8e8393) addi    t2, t4, -1576
core   0: 3 0x800091a4 (0x9d8e8393) x 7 0xfffff9fa
core   0: 0x800091a8 (0x027657b3) divu    a5, a2, t2
core   0: 3 0x800091a8 (0x027657b3) x15 0x00000000
core   0: 0x800091ac (0x02789e33) mulh    t3, a7, t2
core   0: 3 0x800091ac (0x02789e33) x28 0x00000000
core   0: 0x800091b0 (0x005f17b3) sll     a5, t5, t0
core   0: 3 0x800091b0 (0x005f17b3) x15 0xfffff7c0
core   0: 0x800091b4 (0x03c14e33) div     t3, sp, t3
core   0: 3 0x800091b4 (0x03c14e33) x28 0xffffffff
core   0: 0x800091b8 (0x4feaea93) ori     s5, s5, 1278
core   0: 3 0x800091b8 (0x4feaea93) x21 0x000006fe
core   0: 0x800091bc (0x01fde533) or      a0, s11, t6
core   0: 3 0x800091bc (0x01fde533) x10 0x7feb0000
core   0: 0x800091c0 (0x8beacb93) xori    s7, s5, -1858
core   0: 3 0x800091c0 (0x8beacb93) x23 0xfffffe40
core   0: 0x800091c4 (0x01809633) sll     a2, ra, s8
core   0: 3 0x800091c4 (0x01809633) x12 0xfffff7c0
core   0: 0x800091c8 (0x7b3eb813) sltiu   a6, t4, 1971
core   0: 3 0x800091c8 (0x7b3eb813) x16 0x00000001
core   0: 0x800091cc (0x018d7933) and     s2, s10, s8
core   0: 3 0x800091cc (0x018d7933) x18 0x00000000
core   0: 0x800091d0 (0x01c77333) and     t1, a4, t3
core   0: 3 0x800091d0 (0x01c77333) x 6 0x00000000
core   0: 0x800091d4 (0x0320cf33) div     t5, ra, s2
core   0: 3 0x800091d4 (0x0320cf33) x30 0xffffffff
core   0: 0x800091d8 (0x014c95b3) sll     a1, s9, s4
core   0: 3 0x800091d8 (0x014c95b3) x11 0xffff9970
core   0: 0x800091dc (0x03851cb3) mulh    s9, a0, s8
core   0: 3 0x800091dc (0x03851cb3) x25 0x00000000
core   0: 0x800091e0 (0x6b84fc93) andi    s9, s1, 1720
core   0: 3 0x800091e0 (0x6b84fc93) x25 0x00000620
core   0: 0x800091e4 (0x013c6033) or      zero, s8, s3
core   0: 3 0x800091e4 (0x013c6033)
core   0: 0x800091e8 (0x000871b3) and     gp, a6, zero
core   0: 3 0x800091e8 (0x000871b3) x 3 0x00000000
core   0: 0x800091ec (0x011e4b33) xor     s6, t3, a7
core   0: 3 0x800091ec (0x011e4b33) x22 0xffffffff
core   0: 0x800091f0 (0xc2877017) auipc   zero, 0xc2877
core   0: 3 0x800091f0 (0xc2877017)
core   0: 0x800091f4 (0x03a359b3) divu    s3, t1, s10
core   0: 3 0x800091f4 (0x03a359b3) x19 0xffffffff
core   0: 0x800091f8 (0x00e0ad33) slt     s10, ra, a4
core   0: 3 0x800091f8 (0x00e0ad33) x26 0x00000001
core   0: 0x800091fc (0xb7357993) andi    s3, a0, -1165
core   0: 3 0x800091fc (0xb7357993) x19 0x7feb0000
core   0: 0x80009200 (0x009ed633) srl     a2, t4, s1
core   0: 3 0x80009200 (0x009ed633) x12 0x00000002
core   0: 0x80009204 (0x03f16d33) rem     s10, sp, t6
core   0: 3 0x80009204 (0x03f16d33) x26 0x00000000
core   0: 0x80009208 (0x00a73ab3) sltu    s5, a4, a0
core   0: 3 0x80009208 (0x00a73ab3) x21 0x00000001
core   0: 0x8000920c (0x0032e4b3) or      s1, t0, gp
core   0: 3 0x8000920c (0x0032e4b3) x 9 0x80014e64
core   0: 0x80009210 (0x0148c1b3) xor     gp, a7, s4
core   0: 3 0x80009210 (0x0148c1b3) x 3 0x80018ce4
core   0: 0x80009214 (0x01619093) slli    ra, gp, 22
core   0: 3 0x80009214 (0x01619093) x 1 0x39000000
core   0: 0x80009218 (0x028a5533) divu    a0, s4, s0
core   0: 3 0x80009218 (0x028a5533) x10 0xffffffff
core   0: 0x8000921c (0x00000013) nop
core   0: 3 0x8000921c (0x00000013)
core   0: 0x80009220 (0x40cb09b3) sub     s3, s6, a2
core   0: 3 0x80009220 (0x40cb09b3) x19 0xfffffffd
core   0: 0x80009224 (0x01e508b3) add     a7, a0, t5
core   0: 3 0x80009224 (0x01e508b3) x17 0xfffffffe
core   0: 0x80009228 (0x010b6d33) or      s10, s6, a6
core   0: 3 0x80009228 (0x010b6d33) x26 0xffffffff
core   0: 0x8000922c (0x00000013) nop
core   0: 3 0x8000922c (0x00000013)
core   0: 0x80009230 (0x40508733) sub     a4, ra, t0
core   0: 3 0x80009230 (0x40508733) x14 0xb8feb19c
core   0: 0x80009234 (0x028e0cb3) mul     s9, t3, s0
core   0: 3 0x80009234 (0x028e0cb3) x25 0x00000000
core   0: 0x80009238 (0x3e8dad93) slti    s11, s11, 1000
core   0: 3 0x80009238 (0x3e8dad93) x27 0x00000001
core   0: 0x8000923c (0x59a43e93) sltiu   t4, s0, 1434
core   0: 3 0x8000923c (0x59a43e93) x29 0x00000001
core   0: 0x80009240 (0x6c97fb13) andi    s6, a5, 1737
core   0: 3 0x80009240 (0x6c97fb13) x22 0x000006c0
core   0: 0x80009244 (0x03175db3) divu    s11, a4, a7
core   0: 3 0x80009244 (0x03175db3) x27 0x00000000
core   0: 0x80009248 (0x02c18fb3) mul     t6, gp, a2
core   0: 3 0x80009248 (0x02c18fb3) x31 0x000319c8
core   0: 0x8000924c (0x40b85b13) srai    s6, a6, 11
core   0: 3 0x8000924c (0x40b85b13) x22 0x00000000
core   0: 0x80009250 (0x40ec0ab3) sub     s5, s8, a4
core   0: 3 0x80009250 (0x40ec0ab3) x21 0x47014e64
core   0: 0x80009254 (0x02344eb3) div     t4, s0, gp
core   0: 3 0x80009254 (0x02344eb3) x29 0x00000000
core   0: 0x80009258 (0x03b2f1b3) remu    gp, t0, s11
core   0: 3 0x80009258 (0x03b2f1b3) x 3 0x80014e64
core   0: 0x8000925c (0x01bc9313) slli    t1, s9, 27
core   0: 3 0x8000925c (0x01bc9313) x 6 0x00000000
core   0: 0x80009260 (0x74dd4593) xori    a1, s10, 1869
core   0: 3 0x80009260 (0x74dd4593) x11 0xfffff8b2
core   0: 0x80009264 (0x01ed5fb3) srl     t6, s10, t5
core   0: 3 0x80009264 (0x01ed5fb3) x31 0x00000001
core   0: 0x80009268 (0x014a4233) xor     tp, s4, s4
core   0: 3 0x80009268 (0x014a4233) x 4 0x00000000
core   0: 0x8000926c (0x4029d133) sra     sp, s3, sp
core   0: 3 0x8000926c (0x4029d133) x 2 0xfffffffd
core   0: 0x80009270 (0x0126fd33) and     s10, a3, s2
core   0: 3 0x80009270 (0x0126fd33) x26 0x00000000
core   0: 0x80009274 (0x00c14cb3) xor     s9, sp, a2
core   0: 3 0x80009274 (0x00c14cb3) x25 0xffffffff
core   0: 0x80009278 (0x00cf7eb3) and     t4, t5, a2
core   0: 3 0x80009278 (0x00cf7eb3) x29 0x00000002
core   0: 0x8000927c (0x035ea1b3) mulhsu  gp, t4, s5
core   0: 3 0x8000927c (0x035ea1b3) x 3 0x00000000
core   0: 0x80009280 (0xb1aff213) andi    tp, t6, -1254
core   0: 3 0x80009280 (0xb1aff213) x 4 0x00000000
core   0: 0x80009284 (0x40ba5e33) sra     t3, s4, a1
core   0: 3 0x80009284 (0x40ba5e33) x28 0xffffe000
core   0: 0x80009288 (0x0150e133) or      sp, ra, s5
core   0: 3 0x80009288 (0x0150e133) x 2 0x7f014e64
core   0: 0x8000928c (0x01b35e93) srli    t4, t1, 27
core   0: 3 0x8000928c (0x01b35e93) x29 0x00000000
core   0: 0x80009290 (0x7d5b3c13) sltiu   s8, s6, 2005
core   0: 3 0x80009290 (0x7d5b3c13) x24 0x00000001
core   0: 0x80009294 (0x00009b13) slli    s6, ra, 0
core   0: 3 0x80009294 (0x00009b13) x22 0x39000000
core   0: 0x80009298 (0x00000013) nop
core   0: 3 0x80009298 (0x00000013)
core   0: 0x8000929c (0x03422933) mulhsu  s2, tp, s4
core   0: 3 0x8000929c (0x03422933) x18 0x00000000
core   0: 0x800092a0 (0x41cd05b3) sub     a1, s10, t3
core   0: 3 0x800092a0 (0x41cd05b3) x11 0x00002000
core   0: 0x800092a4 (0x01e2a933) slt     s2, t0, t5
core   0: 3 0x800092a4 (0x01e2a933) x18 0x00000001
core   0: 0x800092a8 (0x00941133) sll     sp, s0, s1
core   0: 3 0x800092a8 (0x00941133) x 2 0x00000000
core   0: 0x800092ac (0x4153dd93) srai    s11, t2, 21
core   0: 3 0x800092ac (0x4153dd93) x27 0xffffffff
core   0: 0x800092b0 (0x01140733) add     a4, s0, a7
core   0: 3 0x800092b0 (0x01140733) x14 0xfffffffe
core   0: 0x800092b4 (0x019425b3) slt     a1, s0, s9
core   0: 3 0x800092b4 (0x019425b3) x11 0x00000000
core   0: 0x800092b8 (0x3b0cbd93) sltiu   s11, s9, 944
core   0: 3 0x800092b8 (0x3b0cbd93) x27 0x00000000
core   0: 0x800092bc (0x595d8513) addi    a0, s11, 1429
core   0: 3 0x800092bc (0x595d8513) x10 0x00000595
core   0: 0x800092c0 (0x013707b3) add     a5, a4, s3
core   0: 3 0x800092c0 (0x013707b3) x15 0xfffffffb
core   0: 0x800092c4 (0x01448933) add     s2, s1, s4
core   0: 3 0x800092c4 (0x01448933) x18 0x0002db48
core   0: 0x800092c8 (0x010d0533) add     a0, s10, a6
core   0: 3 0x800092c8 (0x010d0533) x10 0x00000001
core   0: 0x800092cc (0xfba63717) auipc   a4, 0xfba63
core   0: 3 0x800092cc (0xfba63717) x14 0x7ba6c2cc
core   0: 0x800092d0 (0x011290b3) sll     ra, t0, a7
core   0: 3 0x800092d0 (0x011290b3) x 1 0x00000000
core   0: 0x800092d4 (0x82ccfc93) andi    s9, s9, -2004
core   0: 3 0x800092d4 (0x82ccfc93) x25 0xfffff82c
core   0: 0x800092d8 (0x01c04c33) xor     s8, zero, t3
core   0: 3 0x800092d8 (0x01c04c33) x24 0xffffe000
core   0: 0x800092dc (0x01a08eb3) add     t4, ra, s10
core   0: 3 0x800092dc (0x01a08eb3) x29 0x00000000
core   0: 0x800092e0 (0x57e2c493) xori    s1, t0, 1406
core   0: 3 0x800092e0 (0x57e2c493) x 9 0x80014b1a
core   0: 0x800092e4 (0x2cd07c97) auipc   s9, 0x2cd07
core   0: 3 0x800092e4 (0x2cd07c97) x25 0xacd102e4
core   0: 0x800092e8 (0xbf8a6f17) auipc   t5, 0xbf8a6
core   0: 3 0x800092e8 (0xbf8a6f17) x30 0x3f8af2e8
core   0: 0x800092ec (0x019cd313) srli    t1, s9, 25
core   0: 3 0x800092ec (0x019cd313) x 6 0x00000056
core   0: 0x800092f0 (0x91b5a613) slti    a2, a1, -1765
core   0: 3 0x800092f0 (0x91b5a613) x12 0x00000000
core   0: 0x800092f4 (0x02dc9233) mulh    tp, s9, a3
core   0: 3 0x800092f4 (0x02dc9233) x 4 0x1516a6da
core   0: 0x800092f8 (0x2dfc2d97) auipc   s11, 0x2dfc2
core   0: 3 0x800092f8 (0x2dfc2d97) x27 0xadfcb2f8
core   0: 0x800092fc (0x01c7bab3) sltu    s5, a5, t3
core   0: 3 0x800092fc (0x01c7bab3) x21 0x00000000
core   0: 0x80009300 (0x01a8a333) slt     t1, a7, s10
core   0: 3 0x80009300 (0x01a8a333) x 6 0x00000001
core   0: 0x80009304 (0x419a53b3) sra     t2, s4, s9
core   0: 3 0x80009304 (0x419a53b3) x 7 0xf80018ce
core   0: 0x80009308 (0x025be0b3) rem     ra, s7, t0
core   0: 3 0x80009308 (0x025be0b3) x 1 0xfffffe40
core   0: 0x8000930c (0x034f5fb3) divu    t6, t5, s4
core   0: 3 0x8000930c (0x034f5fb3) x31 0x00000000
core   0: 0x80009310 (0x03124833) div     a6, tp, a7
core   0: 3 0x80009310 (0x03124833) x16 0xf574ac93
core   0: 0x80009314 (0x5e0d0d93) addi    s11, s10, 1504
core   0: 3 0x80009314 (0x5e0d0d93) x27 0x000005e0
core   0: 0x80009318 (0x0072c3b3) xor     t2, t0, t2
core   0: 3 0x80009318 (0x0072c3b3) x 7 0x780156aa
core   0: 0x8000931c (0x033e9ab3) mulh    s5, t4, s3
core   0: 3 0x8000931c (0x033e9ab3) x21 0x00000000
core   0: 0x80009320 (0x00a29333) sll     t1, t0, a0
core   0: 3 0x80009320 (0x00a29333) x 6 0x00029cc8
core   0: 0x80009324 (0x02d80b33) mul     s6, a6, a3
core   0: 3 0x80009324 (0x02d80b33) x22 0x4850c78a
core   0: 0x80009328 (0x039574b3) remu    s1, a0, s9
core   0: 3 0x80009328 (0x039574b3) x 9 0x00000001
core   0: 0x8000932c (0x02537ab3) remu    s5, t1, t0
core   0: 3 0x8000932c (0x02537ab3) x21 0x00029cc8
core   0: 0x80009330 (0x01d93033) sltu    zero, s2, t4
core   0: 3 0x80009330 (0x01d93033)
core   0: 0x80009334 (0x01b933b3) sltu    t2, s2, s11
core   0: 3 0x80009334 (0x01b933b3) x 7 0x00000000
core   0: 0x80009338 (0x0078f4b3) and     s1, a7, t2
core   0: 3 0x80009338 (0x0078f4b3) x 9 0x00000000
core   0: 0x8000933c (0x03b71eb3) mulh    t4, a4, s11
core   0: 3 0x8000933c (0x03b71eb3) x29 0x000002d6
core   0: 0x80009340 (0x48689a97) auipc   s5, 0x48689
core   0: 3 0x80009340 (0x48689a97) x21 0xc8692340
core   0: 0x80009344 (0x54031e97) auipc   t4, 0x54031
core   0: 3 0x80009344 (0x54031e97) x29 0xd403a344
core   0: 0x80009348 (0x00e85313) srli    t1, a6, 14
core   0: 3 0x80009348 (0x00e85313) x 6 0x0003d5d2
core   0: 0x8000934c (0x021e5333) divu    t1, t3, ra
core   0: 3 0x8000934c (0x021e5333) x 6 0x00000000
core   0: 0x80009350 (0x00e28933) add     s2, t0, a4
core   0: 3 0x80009350 (0x00e28933) x18 0xfba81130
core   0: 0x80009354 (0x00a15833) srl     a6, sp, a0
core   0: 3 0x80009354 (0x00a15833) x16 0x00000000
core   0: 0x80009358 (0x41428c33) sub     s8, t0, s4
core   0: 3 0x80009358 (0x41428c33) x24 0xffffc180
core   0: 0x8000935c (0x00c26c33) or      s8, tp, a2
core   0: 3 0x8000935c (0x00c26c33) x24 0x1516a6da
core   0: 0x80009360 (0xc1642b13) slti    s6, s0, -1002
core   0: 3 0x80009360 (0xc1642b13) x22 0x00000000
core   0: 0x80009364 (0x026b9333) mulh    t1, s7, t1
core   0: 3 0x80009364 (0x026b9333) x 6 0x00000000
core   0: 0x80009368 (0x0049b4b3) sltu    s1, s3, tp
core   0: 3 0x80009368 (0x0049b4b3) x 9 0x00000000
core   0: 0x8000936c (0x8fdc94b7) lui     s1, 0x8fdc9
core   0: 3 0x8000936c (0x8fdc94b7) x 9 0x8fdc9000
core   0: 0x80009370 (0x01464333) xor     t1, a2, s4
core   0: 3 0x80009370 (0x01464333) x 6 0x80018ce4
core   0: 0x80009374 (0x69c69797) auipc   a5, 0x69c69
core   0: 3 0x80009374 (0x69c69797) x15 0xe9c72374
core   0: 0x80009378 (0x01f4f233) and     tp, s1, t6
core   0: 3 0x80009378 (0x01f4f233) x 4 0x00000000
core   0: 0x8000937c (0x4059de33) sra     t3, s3, t0
core   0: 3 0x8000937c (0x4059de33) x28 0xffffffff
core   0: 0x80009380 (0x9338c737) lui     a4, 0x9338c
core   0: 3 0x80009380 (0x9338c737) x14 0x9338c000
core   0: 0x80009384 (0x0062d113) srli    sp, t0, 6
core   0: 3 0x80009384 (0x0062d113) x 2 0x02000539
core   0: 0x80009388 (0x026cddb3) divu    s11, s9, t1
core   0: 3 0x80009388 (0x026cddb3) x27 0x00000001
core   0: 0x8000938c (0x24aef213) andi    tp, t4, 586
core   0: 3 0x8000938c (0x24aef213) x 4 0x00000240
core   0: 0x80009390 (0x03cd2b33) mulhsu  s6, s10, t3
core   0: 3 0x80009390 (0x03cd2b33) x22 0x00000000
core   0: 0x80009394 (0x01c1f333) and     t1, gp, t3
core   0: 3 0x80009394 (0x01c1f333) x 6 0x00000000
core   0: 0x80009398 (0x02b1b5b3) mulhu   a1, gp, a1
core   0: 3 0x80009398 (0x02b1b5b3) x11 0x00000000
core   0: 0x8000939c (0x03afa033) mulhsu  zero, t6, s10
core   0: 3 0x8000939c (0x03afa033)
core   0: 0x800093a0 (0x02f6dcb3) divu    s9, a3, a5
core   0: 3 0x800093a0 (0x02f6dcb3) x25 0x00000000
core   0: 0x800093a4 (0x01f060b3) or      ra, zero, t6
core   0: 3 0x800093a4 (0x01f060b3) x 1 0x00000000
core   0: 0x800093a8 (0x40095eb3) sra     t4, s2, zero
core   0: 3 0x800093a8 (0x40095eb3) x29 0xfba81130
core   0: 0x800093ac (0x00088733) add     a4, a7, zero
core   0: 3 0x800093ac (0x00088733) x14 0xfffffffe
core   0: 0x800093b0 (0xb2546813) ori     a6, s0, -1243
core   0: 3 0x800093b0 (0xb2546813) x16 0xfffffb25
core   0: 0x800093b4 (0x02b8f133) remu    sp, a7, a1
core   0: 3 0x800093b4 (0x02b8f133) x 2 0xfffffffe
core   0: 0x800093b8 (0x0314b8b3) mulhu   a7, s1, a7
core   0: 3 0x800093b8 (0x0314b8b3) x17 0x8fdc8ffe
core   0: 0x800093bc (0x02bc0133) mul     sp, s8, a1
core   0: 3 0x800093bc (0x02bc0133) x 2 0x00000000
core   0: 0x800093c0 (0x01ee5f13) srli    t5, t3, 30
core   0: 3 0x800093c0 (0x01ee5f13) x30 0x00000003
core   0: 0x800093c4 (0x471bbb93) sltiu   s7, s7, 1137
core   0: 3 0x800093c4 (0x471bbb93) x23 0x00000000
core   0: 0x800093c8 (0x404dd913) srai    s2, s11, 4
core   0: 3 0x800093c8 (0x404dd913) x18 0x00000000
core   0: 0x800093cc (0xebc92893) slti    a7, s2, -324
core   0: 3 0x800093cc (0xebc92893) x17 0x00000000
core   0: 0x800093d0 (0xa63ca613) slti    a2, s9, -1437
core   0: 3 0x800093d0 (0xa63ca613) x12 0x00000000
core   0: 0x800093d4 (0x035a2cb3) mulhsu  s9, s4, s5
core   0: 3 0x800093d4 (0x035a2cb3) x25 0x9bcca515
core   0: 0x800093d8 (0x02ed2d33) mulhsu  s10, s10, a4
core   0: 3 0x800093d8 (0x02ed2d33) x26 0x00000000
core   0: 0x800093dc (0xe2aab493) sltiu   s1, s5, -470
core   0: 3 0x800093dc (0xe2aab493) x 9 0x00000001
core   0: 0x800093e0 (0x02c644b3) div     s1, a2, a2
core   0: 3 0x800093e0 (0x02c644b3) x 9 0xffffffff
core   0: 0x800093e4 (0x41045133) sra     sp, s0, a6
core   0: 3 0x800093e4 (0x41045133) x 2 0x00000000
core   0: 0x800093e8 (0x00000013) nop
core   0: 3 0x800093e8 (0x00000013)
core   0: 0x800093ec (0x005147b3) xor     a5, sp, t0
core   0: 3 0x800093ec (0x005147b3) x15 0x80014e64
core   0: 0x800093f0 (0xbff19437) lui     s0, 0xbff19
core   0: 3 0x800093f0 (0xbff19437) x 8 0xbff19000
core   0: 0x800093f4 (0x41aad9b3) sra     s3, s5, s10
core   0: 3 0x800093f4 (0x41aad9b3) x19 0xc8692340
core   0: 0x800093f8 (0xe3458113) addi    sp, a1, -460
core   0: 3 0x800093f8 (0xe3458113) x 2 0xfffffe34
core   0: 0x800093fc (0x02ab3e33) mulhu   t3, s6, a0
core   0: 3 0x800093fc (0x02ab3e33) x28 0x00000000
core   0: 0x80009400 (0x03e44cb3) div     s9, s0, t5
core   0: 3 0x80009400 (0x03e44cb3) x25 0xeaa5daab
core   0: 0x80009404 (0x000365b3) or      a1, t1, zero
core   0: 3 0x80009404 (0x000365b3) x11 0x00000000
core   0: 0x80009408 (0x41d85013) srai    zero, a6, 29
core   0: 3 0x80009408 (0x41d85013)
core   0: 0x8000940c (0x00000013) nop
core   0: 3 0x8000940c (0x00000013)
core   0: 0x80009410 (0x41570333) sub     t1, a4, s5
core   0: 3 0x80009410 (0x41570333) x 6 0x3796dcbe
core   0: 0x80009414 (0x02c86eb3) rem     t4, a6, a2
core   0: 3 0x80009414 (0x02c86eb3) x29 0xfffffb25
core   0: 0x80009418 (0x7e916893) ori     a7, sp, 2025
core   0: 3 0x80009418 (0x7e916893) x17 0xfffffffd
core   0: 0x8000941c (0x032dc333) div     t1, s11, s2
core   0: 3 0x8000941c (0x032dc333) x 6 0xffffffff
core   0: 0x80009420 (0xfb2c4b13) xori    s6, s8, -78
core   0: 3 0x80009420 (0xfb2c4b13) x22 0xeae95968
core   0: 0x80009424 (0x00768ab3) add     s5, a3, t2
core   0: 3 0x80009424 (0x00768ab3) x21 0xbf197a8e
core   0: 0x80009428 (0x41f551b3) sra     gp, a0, t6
core   0: 3 0x80009428 (0x41f551b3) x 3 0x00000001
core   0: 0x8000942c (0x03a20133) mul     sp, tp, s10
core   0: 3 0x8000942c (0x03a20133) x 2 0x00000000
core   0: 0x80009430 (0x01ef1db3) sll     s11, t5, t5
core   0: 3 0x80009430 (0x01ef1db3) x27 0x00000018
core   0: 0x80009434 (0xb99b0e93) addi    t4, s6, -1127
core   0: 3 0x80009434 (0xb99b0e93) x29 0xeae95501
core   0: 0x80009438 (0x0148cdb3) xor     s11, a7, s4
core   0: 3 0x80009438 (0x0148cdb3) x27 0x7ffe7319
core   0: 0x8000943c (0x026a01b3) mul     gp, s4, t1
core   0: 3 0x8000943c (0x026a01b3) x 3 0x7ffe731c
core   0: 0x80009440 (0x00144633) xor     a2, s0, ra
core   0: 3 0x80009440 (0x00144633) x12 0xbff19000
core   0: 0x80009444 (0x40655db3) sra     s11, a0, t1
core   0: 3 0x80009444 (0x40655db3) x27 0x00000000
core   0: 0x80009448 (0x0053d9b3) srl     s3, t2, t0
core   0: 3 0x80009448 (0x0053d9b3) x19 0x00000000
core   0: 0x8000944c (0x0221deb3) divu    t4, gp, sp
core   0: 3 0x8000944c (0x0221deb3) x29 0xffffffff
core   0: 0x80009450 (0x029355b3) divu    a1, t1, s1
core   0: 3 0x80009450 (0x029355b3) x11 0x00000001
core   0: 0x80009454 (0x40525633) sra     a2, tp, t0
core   0: 3 0x80009454 (0x40525633) x12 0x00000024
core   0: 0x80009458 (0x009675b3) and     a1, a2, s1
core   0: 3 0x80009458 (0x009675b3) x11 0x00000024
core   0: 0x8000945c (0x01f161b3) or      gp, sp, t6
core   0: 3 0x8000945c (0x01f161b3) x 3 0x00000000
core   0: 0x80009460 (0x0132f4b3) and     s1, t0, s3
core   0: 3 0x80009460 (0x0132f4b3) x 9 0x00000000
core   0: 0x80009464 (0x00dc64b3) or      s1, s8, a3
core   0: 3 0x80009464 (0x00dc64b3) x 9 0xbf1ffede
core   0: 0x80009468 (0x0243b4b3) mulhu   s1, t2, tp
core   0: 3 0x80009468 (0x0243b4b3) x 9 0x00000000
core   0: 0x8000946c (0x7b9a2e93) slti    t4, s4, 1977
core   0: 3 0x8000946c (0x7b9a2e93) x29 0x00000001
core   0: 0x80009470 (0x5c810397) auipc   t2, 0x5c810
core   0: 3 0x80009470 (0x5c810397) x 7 0xdc819470
core   0: 0x80009474 (0x026723b3) mulhsu  t2, a4, t1
core   0: 3 0x80009474 (0x026723b3) x 7 0xfffffffe
core   0: 0x80009478 (0x00929113) slli    sp, t0, 9
core   0: 3 0x80009478 (0x00929113) x 2 0x029cc800
core   0: 0x8000947c (0xfdec6f13) ori     t5, s8, -34
core   0: 3 0x8000947c (0xfdec6f13) x30 0xffffffde
core   0: 0x80009480 (0x03d84133) div     sp, a6, t4
core   0: 3 0x80009480 (0x03d84133) x 2 0xfffffb25
core   0: 0x80009484 (0x001067b3) or      a5, zero, ra
core   0: 3 0x80009484 (0x001067b3) x15 0x00000000
core   0: 0x80009488 (0x0273f0b3) remu    ra, t2, t2
core   0: 3 0x80009488 (0x0273f0b3) x 1 0x00000000
core   0: 0x8000948c (0x00f0b9b3) sltu    s3, ra, a5
core   0: 3 0x8000948c (0x00f0b9b3) x19 0x00000000
core   0: 0x80009490 (0x033d2e33) mulhsu  t3, s10, s3
core   0: 3 0x80009490 (0x033d2e33) x28 0x00000000
core   0: 0x80009494 (0x000854b3) srl     s1, a6, zero
core   0: 3 0x80009494 (0x000854b3) x 9 0xfffffb25
core   0: 0x80009498 (0x01722bb3) slt     s7, tp, s7
core   0: 3 0x80009498 (0x01722bb3) x23 0x00000000
core   0: 0x8000949c (0x0289d4b3) divu    s1, s3, s0
core   0: 3 0x8000949c (0x0289d4b3) x 9 0x00000000
core   0: 0x800094a0 (0x028e1833) mulh    a6, t3, s0
core   0: 3 0x800094a0 (0x028e1833) x16 0x00000000
core   0: 0x800094a4 (0x01fc3233) sltu    tp, s8, t6
core   0: 3 0x800094a4 (0x01fc3233) x 4 0x00000000
core   0: 0x800094a8 (0x00a4eeb3) or      t4, s1, a0
core   0: 3 0x800094a8 (0x00a4eeb3) x29 0x00000001
core   0: 0x800094ac (0x00000013) nop
core   0: 3 0x800094ac (0x00000013)
core   0: 0x800094b0 (0x4033d213) srai    tp, t2, 3
core   0: 3 0x800094b0 (0x4033d213) x 4 0xffffffff
core   0: 0x800094b4 (0x036185b3) mul     a1, gp, s6
core   0: 3 0x800094b4 (0x036185b3) x11 0x00000000
core   0: 0x800094b8 (0x00000013) nop
core   0: 3 0x800094b8 (0x00000013)
core   0: 0x800094bc (0x01a05333) srl     t1, zero, s10
core   0: 3 0x800094bc (0x01a05333) x 6 0x00000000
core   0: 0x800094c0 (0x01709013) slli    zero, ra, 23
core   0: 3 0x800094c0 (0x01709013)
core   0: 0x800094c4 (0x027a3c33) mulhu   s8, s4, t2
core   0: 3 0x800094c4 (0x027a3c33) x24 0x80018ce2
core   0: 0x800094c8 (0x00341cb3) sll     s9, s0, gp
core   0: 3 0x800094c8 (0x00341cb3) x25 0xbff19000
core   0: 0x800094cc (0xcb2cc313) xori    t1, s9, -846
core   0: 3 0x800094cc (0xcb2cc313) x 6 0x400e6cb2
core   0: 0x800094d0 (0x014d2d33) slt     s10, s10, s4
core   0: 3 0x800094d0 (0x014d2d33) x26 0x00000000
core   0: 0x800094d4 (0x024b11b3) mulh    gp, s6, tp
core   0: 3 0x800094d4 (0x024b11b3) x 3 0x00000000
core   0: 0x800094d8 (0x022f85b3) mul     a1, t6, sp
core   0: 3 0x800094d8 (0x022f85b3) x11 0x00000000
core   0: 0x800094dc (0x02203f33) mulhu   t5, zero, sp
core   0: 3 0x800094dc (0x02203f33) x30 0x00000000
core   0: 0x800094e0 (0x40ce5b13) srai    s6, t3, 12
core   0: 3 0x800094e0 (0x40ce5b13) x22 0x00000000
core   0: 0x800094e4 (0x1f73c093) xori    ra, t2, 503
core   0: 3 0x800094e4 (0x1f73c093) x 1 0xfffffe09
core   0: 0x800094e8 (0x000a5d13) srli    s10, s4, 0
core   0: 3 0x800094e8 (0x000a5d13) x26 0x80018ce4
core   0: 0x800094ec (0x01c1f593) andi    a1, gp, 28
core   0: 3 0x800094ec (0x01c1f593) x11 0x00000000
core   0: 0x800094f0 (0x418d5933) sra     s2, s10, s8
core   0: 3 0x800094f0 (0x418d5933) x18 0xe0006339
core   0: 0x800094f4 (0x02d13133) mulhu   sp, sp, a3
core   0: 3 0x800094f4 (0x02d13133) x 2 0xbf1976ee
core   0: 0x800094f8 (0x02705bb3) divu    s7, zero, t2
core   0: 3 0x800094f8 (0x02705bb3) x23 0x00000000
core   0: 0x800094fc (0x5bc52e93) slti    t4, a0, 1468
core   0: 3 0x800094fc (0x5bc52e93) x29 0x00000001
core   0: 0x80009500 (0xc1e28d13) addi    s10, t0, -994
core   0: 3 0x80009500 (0xc1e28d13) x26 0x80014a82
core   0: 0x80009504 (0x01939f13) slli    t5, t2, 25
core   0: 3 0x80009504 (0x01939f13) x30 0xfc000000
core   0: 0x80009508 (0x01f81213) slli    tp, a6, 31
core   0: 3 0x80009508 (0x01f81213) x 4 0x00000000
core   0: 0x8000950c (0x03bafdb3) remu    s11, s5, s11
core   0: 3 0x8000950c (0x03bafdb3) x27 0xbf197a8e
core   0: 0x80009510 (0x01c45433) srl     s0, s0, t3
core   0: 3 0x80009510 (0x01c45433) x 8 0xbff19000
core   0: 0x80009514 (0x7b806593) ori     a1, zero, 1976
core   0: 3 0x80009514 (0x7b806593) x11 0x000007b8
core   0: 0x80009518 (0x752a6837) lui     a6, 0x752a6
core   0: 3 0x80009518 (0x752a6837) x16 0x752a6000
core   0: 0x8000951c (0x00c18333) add     t1, gp, a2
core   0: 3 0x8000951c (0x00c18333) x 6 0x00000024
core   0: 0x80009520 (0x00b03c33) snez    s8, a1
core   0: 3 0x80009520 (0x00b03c33) x24 0x00000001
core   0: 0x80009524 (0x01993cb3) sltu    s9, s2, s9
core   0: 3 0x80009524 (0x01993cb3) x25 0x00000000
core   0: 0x80009528 (0x01707fb3) and     t6, zero, s7
core   0: 3 0x80009528 (0x01707fb3) x31 0x00000000
core   0: 0x8000952c (0x01a0ed33) or      s10, ra, s10
core   0: 3 0x8000952c (0x01a0ed33) x26 0xfffffe8b
core   0: 0x80009530 (0x017d71b3) and     gp, s10, s7
core   0: 3 0x80009530 (0x017d71b3) x 3 0x00000000
core   0: 0x80009534 (0x9550ad93) slti    s11, ra, -1707
core   0: 3 0x80009534 (0x9550ad93) x27 0x00000000
core   0: 0x80009538 (0x01d63cb3) sltu    s9, a2, t4
core   0: 3 0x80009538 (0x01d63cb3) x25 0x00000000
core   0: 0x8000953c (0x513fc193) xori    gp, t6, 1299
core   0: 3 0x8000953c (0x513fc193) x 3 0x00000513
core   0: 0x80009540 (0x32343b93) sltiu   s7, s0, 803
core   0: 3 0x80009540 (0x32343b93) x23 0x00000000
core   0: 0x80009544 (0x000540b3) xor     ra, a0, zero
core   0: 3 0x80009544 (0x000540b3) x 1 0x00000001
core   0: 0x80009548 (0x00d89e93) slli    t4, a7, 13
core   0: 3 0x80009548 (0x00d89e93) x29 0xffffa000
core   0: 0x8000954c (0x968cb593) sltiu   a1, s9, -1688
core   0: 3 0x8000954c (0x968cb593) x11 0x00000001
core   0: 0x80009550 (0x012387b3) add     a5, t2, s2
core   0: 3 0x80009550 (0x012387b3) x15 0xe0006337
core   0: 0x80009554 (0x410f5d33) sra     s10, t5, a6
core   0: 3 0x80009554 (0x410f5d33) x26 0xfc000000
core   0: 0x80009558 (0x37056193) ori     gp, a0, 880
core   0: 3 0x80009558 (0x37056193) x 3 0x00000371
core   0: 0x8000955c (0x01329893) slli    a7, t0, 19
core   0: 3 0x8000955c (0x01329893) x17 0x73200000
core   0: 0x80009560 (0x036f6db3) rem     s11, t5, s6
core   0: 3 0x80009560 (0x036f6db3) x27 0xfc000000
core   0: 0x80009564 (0x01309bb3) sll     s7, ra, s3
core   0: 3 0x80009564 (0x01309bb3) x23 0x00000001
core   0: 0x80009568 (0x03b29d33) mulh    s10, t0, s11
core   0: 3 0x80009568 (0x03b29d33) x26 0x01fffac6
core   0: 0x8000956c (0xfef57913) andi    s2, a0, -17
core   0: 3 0x8000956c (0xfef57913) x18 0x00000001
core   0: 0x80009570 (0x0340d8b3) divu    a7, ra, s4
core   0: 3 0x80009570 (0x0340d8b3) x17 0x00000000
core   0: 0x80009574 (0x012b3ab3) sltu    s5, s6, s2
core   0: 3 0x80009574 (0x012b3ab3) x21 0x00000001
core   0: 0x80009578 (0x00bb07b3) add     a5, s6, a1
core   0: 3 0x80009578 (0x00bb07b3) x15 0x00000001
core   0: 0x8000957c (0x03d10d33) mul     s10, sp, t4
core   0: 3 0x8000957c (0x03d10d33) x26 0x7366c000
core   0: 0x80009580 (0x02b49fb3) mulh    t6, s1, a1
core   0: 3 0x80009580 (0x02b49fb3) x31 0x00000000
core   0: 0x80009584 (0x012b65b3) or      a1, s6, s2
core   0: 3 0x80009584 (0x012b65b3) x11 0x00000001
core   0: 0x80009588 (0x01079893) slli    a7, a5, 16
core   0: 3 0x80009588 (0x01079893) x17 0x00010000
core   0: 0x8000958c (0x0148db13) srli    s6, a7, 20
core   0: 3 0x8000958c (0x0148db13) x22 0x00000000
core   0: 0x80009590 (0xaa7e6497) auipc   s1, 0xaa7e6
core   0: 3 0x80009590 (0xaa7e6497) x 9 0x2a7ef590
core   0: 0x80009594 (0x00000013) nop
core   0: 3 0x80009594 (0x00000013)
core   0: 0x80009598 (0x01102733) slt     a4, zero, a7
core   0: 3 0x80009598 (0x01102733) x14 0x00000001
core   0: 0x8000959c (0x40a88eb3) sub     t4, a7, a0
core   0: 3 0x8000959c (0x40a88eb3) x29 0x0000ffff
core   0: 0x800095a0 (0x00e487b3) add     a5, s1, a4
core   0: 3 0x800095a0 (0x00e487b3) x15 0x2a7ef591
core   0: 0x800095a4 (0x01b28233) add     tp, t0, s11
core   0: 3 0x800095a4 (0x01b28233) x 4 0x7c014e64
core   0: 0x800095a8 (0x00b07933) and     s2, zero, a1
core   0: 3 0x800095a8 (0x00b07933) x18 0x00000000
core   0: 0x800095ac (0x00a80633) add     a2, a6, a0
core   0: 3 0x800095ac (0x00a80633) x12 0x752a6001
core   0: 0x800095b0 (0x01d7ff33) and     t5, a5, t4
core   0: 3 0x800095b0 (0x01d7ff33) x30 0x0000f591
core   0: 0x800095b4 (0x4e4c4d93) xori    s11, s8, 1252
core   0: 3 0x800095b4 (0x4e4c4d93) x27 0x000004e5
core   0: 0x800095b8 (0x0006deb3) srl     t4, a3, zero
core   0: 3 0x800095b8 (0x0006deb3) x29 0xbf197a8e
core   0: 0x800095bc (0x000f8833) add     a6, t6, zero
core   0: 3 0x800095bc (0x000f8833) x16 0x00000000
core   0: 0x800095c0 (0x01b313b3) sll     t2, t1, s11
core   0: 3 0x800095c0 (0x01b313b3) x 7 0x00000480
core   0: 0x800095c4 (0x02ac9db3) mulh    s11, s9, a0
core   0: 3 0x800095c4 (0x02ac9db3) x27 0x00000000
core   0: 0x800095c8 (0x41055d93) srai    s11, a0, 16
core   0: 3 0x800095c8 (0x41055d93) x27 0x00000000
core   0: 0x800095cc (0x02d29633) mulh    a2, t0, a3
core   0: 3 0x800095cc (0x02d29633) x12 0x2072edf2
core   0: 0x800095d0 (0x00a87333) and     t1, a6, a0
core   0: 3 0x800095d0 (0x00a87333) x 6 0x00000000
core   0: 0x800095d4 (0x01e95d13) srli    s10, s2, 30
core   0: 3 0x800095d4 (0x01e95d13) x26 0x00000000
core   0: 0x800095d8 (0x0373dbb3) divu    s7, t2, s7
core   0: 3 0x800095d8 (0x0373dbb3) x23 0x00000480
core   0: 0x800095dc (0x41065393) srai    t2, a2, 16
core   0: 3 0x800095dc (0x41065393) x 7 0x00002072
core   0: 0x800095e0 (0x000cccb3) xor     s9, s9, zero
core   0: 3 0x800095e0 (0x000cccb3) x25 0x00000000
core   0: 0x800095e4 (0x020f3e33) mulhu   t3, t5, zero
core   0: 3 0x800095e4 (0x020f3e33) x28 0x00000000
core   0: 0x800095e8 (0x012245b3) xor     a1, tp, s2
core   0: 3 0x800095e8 (0x012245b3) x11 0x7c014e64
core   0: 0x800095ec (0x408484b3) sub     s1, s1, s0
core   0: 3 0x800095ec (0x408484b3) x 9 0x6a8d6590
core   0: 0x800095f0 (0x00000013) nop
core   0: 3 0x800095f0 (0x00000013)
core   0: 0x800095f4 (0x00056db3) or      s11, a0, zero
core   0: 3 0x800095f4 (0x00056db3) x27 0x00000001
core   0: 0x800095f8 (0x03eb4833) div     a6, s6, t5
core   0: 3 0x800095f8 (0x03eb4833) x16 0x00000000
core   0: 0x800095fc (0x40485d33) sra     s10, a6, tp
core   0: 3 0x800095fc (0x40485d33) x26 0x00000000
core   0: 0x80009600 (0x91afe737) lui     a4, 0x91afe
core   0: 3 0x80009600 (0x91afe737) x14 0x91afe000
core   0: 0x80009604 (0x011f9eb3) sll     t4, t6, a7
core   0: 3 0x80009604 (0x011f9eb3) x29 0x00000000
core   0: 0x80009608 (0x2bbb6613) ori     a2, s6, 699
core   0: 3 0x80009608 (0x2bbb6613) x12 0x000002bb
core   0: 0x8000960c (0x03c4c3b3) div     t2, s1, t3
core   0: 3 0x8000960c (0x03c4c3b3) x 7 0xffffffff
core   0: 0x80009610 (0x0227fd33) remu    s10, a5, sp
core   0: 3 0x80009610 (0x0227fd33) x26 0x2a7ef591
core   0: 0x80009614 (0x560ba513) slti    a0, s7, 1376
core   0: 3 0x80009614 (0x560ba513) x10 0x00000001
core   0: 0x80009618 (0x00ceb3b3) sltu    t2, t4, a2
core   0: 3 0x80009618 (0x00ceb3b3) x 7 0x00000001
core   0: 0x8000961c (0x41da5f33) sra     t5, s4, t4
core   0: 3 0x8000961c (0x41da5f33) x30 0x80018ce4
core   0: 0x80009620 (0x02defe33) remu    t3, t4, a3
core   0: 3 0x80009620 (0x02defe33) x28 0x00000000
core   0: 0x80009624 (0x0187deb3) srl     t4, a5, s8
core   0: 3 0x80009624 (0x0187deb3) x29 0x153f7ac8
core   0: 0x80009628 (0x7da42d93) slti    s11, s0, 2010
core   0: 3 0x80009628 (0x7da42d93) x27 0x00000001
core   0: 0x8000962c (0x16c3f013) andi    zero, t2, 364
core   0: 3 0x8000962c (0x16c3f013)
core   0: 0x80009630 (0x01ca21b3) slt     gp, s4, t3
core   0: 3 0x80009630 (0x01ca21b3) x 3 0x00000001
core   0: 0x80009634 (0x009bdf33) srl     t5, s7, s1
core   0: 3 0x80009634 (0x009bdf33) x30 0x00000000
core   0: 0x80009638 (0x02810fb3) mul     t6, sp, s0
core   0: 3 0x80009638 (0x02810fb3) x31 0xdaf3e000
core   0: 0x8000963c (0x00fef033) and     zero, t4, a5
core   0: 3 0x8000963c (0x00fef033)
core   0: 0x80009640 (0x01157cb3) and     s9, a0, a7
core   0: 3 0x80009640 (0x01157cb3) x25 0x00000000
core   0: 0x80009644 (0x010d87b3) add     a5, s11, a6
core   0: 3 0x80009644 (0x010d87b3) x15 0x00000001
core   0: 0x80009648 (0xa1676393) ori     t2, a4, -1514
core   0: 3 0x80009648 (0xa1676393) x 7 0xfffffa16
core   0: 0x8000964c (0x404050b3) sra     ra, zero, tp
core   0: 3 0x8000964c (0x404050b3) x 1 0x00000000
core   0: 0x80009650 (0x02e9a4b3) mulhsu  s1, s3, a4
core   0: 3 0x80009650 (0x02e9a4b3) x 9 0x00000000
core   0: 0x80009654 (0x02449db3) mulh    s11, s1, tp
core   0: 3 0x80009654 (0x02449db3) x27 0x00000000
core   0: 0x80009658 (0x012a08b3) add     a7, s4, s2
core   0: 3 0x80009658 (0x012a08b3) x17 0x80018ce4
core   0: 0x8000965c (0x01110533) add     a0, sp, a7
core   0: 3 0x8000965c (0x01110533) x10 0x3f1b03d2
core   0: 0x80009660 (0x0116d493) srli    s1, a3, 17
core   0: 3 0x80009660 (0x0116d493) x 9 0x00005f8c
core   0: 0x80009664 (0x011f17b3) sll     a5, t5, a7
core   0: 3 0x80009664 (0x011f17b3) x15 0x00000000
core   0: 0x80009668 (0xf070f793) andi    a5, ra, -249
core   0: 3 0x80009668 (0xf070f793) x15 0x00000000
core   0: 0x8000966c (0x01201433) sll     s0, zero, s2
core   0: 3 0x8000966c (0x01201433) x 8 0x00000000
core   0: 0x80009670 (0x00f445b3) xor     a1, s0, a5
core   0: 3 0x80009670 (0x00f445b3) x11 0x00000000
core   0: 0x80009674 (0x00a21b33) sll     s6, tp, a0
core   0: 3 0x80009674 (0x00a21b33) x22 0x39900000
core   0: 0x80009678 (0x03609333) mulh    t1, ra, s6
core   0: 3 0x80009678 (0x03609333) x 6 0x00000000
core   0: 0x8000967c (0x400d8133) sub     sp, s11, zero
core   0: 3 0x8000967c (0x400d8133) x 2 0x00000000
core   0: 0x80009680 (0x40e30833) sub     a6, t1, a4
core   0: 3 0x80009680 (0x40e30833) x16 0x6e502000
core   0: 0x80009684 (0x6eeff817) auipc   a6, 0x6eeff
core   0: 3 0x80009684 (0x6eeff817) x16 0xeef08684
core   0: 0x80009688 (0x00000013) nop
core   0: 3 0x80009688 (0x00000013)
core   0: 0x8000968c (0x00f89613) slli    a2, a7, 15
core   0: 3 0x8000968c (0x00f89613) x12 0xc6720000
core   0: 0x80009690 (0xa9db3093) sltiu   ra, s6, -1379
core   0: 3 0x80009690 (0xa9db3093) x 1 0x00000001
core   0: 0x80009694 (0x00a1c0b3) xor     ra, gp, a0
core   0: 3 0x80009694 (0x00a1c0b3) x 1 0x3f1b03d3
core   0: 0x80009698 (0x028b5c33) divu    s8, s6, s0
core   0: 3 0x80009698 (0x028b5c33) x24 0xffffffff
core   0: 0x8000969c (0x405d5093) srai    ra, s10, 5
core   0: 3 0x8000969c (0x405d5093) x 1 0x0153f7ac
core   0: 0x800096a0 (0x002bdeb3) srl     t4, s7, sp
core   0: 3 0x800096a0 (0x002bdeb3) x29 0x00000480
core   0: 0x800096a4 (0x02c49b33) mulh    s6, s1, a2
core   0: 3 0x800096a4 (0x02c49b33) x22 0xffffea84
core   0: 0x800096a8 (0x84f2a593) slti    a1, t0, -1969
core   0: 3 0x800096a8 (0x84f2a593) x11 0x00000001
core   0: 0x800096ac (0x1ebdb193) sltiu   gp, s11, 491
core   0: 3 0x800096ac (0x1ebdb193) x 3 0x00000001
core   0: 0x800096b0 (0xbf543c37) lui     s8, 0xbf543
core   0: 3 0x800096b0 (0xbf543c37) x24 0xbf543000
core   0: 0x800096b4 (0xc21e6b13) ori     s6, t3, -991
core   0: 3 0x800096b4 (0xc21e6b13) x22 0xfffffc21
core   0: 0x800096b8 (0x9c736db7) lui     s11, 0x9c736
core   0: 3 0x800096b8 (0x9c736db7) x27 0x9c736000
core   0: 0x800096bc (0x40b60eb3) sub     t4, a2, a1
core   0: 3 0x800096bc (0x40b60eb3) x29 0xc671ffff
core   0: 0x800096c0 (0x88a63993) sltiu   s3, a2, -1910
core   0: 3 0x800096c0 (0x88a63993) x19 0x00000001
core   0: 0x800096c4 (0x00b743b3) xor     t2, a4, a1
core   0: 3 0x800096c4 (0x00b743b3) x 7 0x91afe001
core   0: 0x800096c8 (0x0210afb3) mulhsu  t6, ra, ra
core   0: 3 0x800096c8 (0x0210afb3) x31 0x0001c379
core   0: 0x800096cc (0x028561b3) rem     gp, a0, s0
core   0: 3 0x800096cc (0x028561b3) x 3 0x3f1b03d2
core   0: 0x800096d0 (0x4b21bc93) sltiu   s9, gp, 1202
core   0: 3 0x800096d0 (0x4b21bc93) x25 0x00000000
core   0: 0x800096d4 (0x029f2fb3) mulhsu  t6, t5, s1
core   0: 3 0x800096d4 (0x029f2fb3) x31 0x00000000
core   0: 0x800096d8 (0x03bb77b3) remu    a5, s6, s11
core   0: 3 0x800096d8 (0x03bb77b3) x15 0x638c9c21
core   0: 0x800096dc (0x16508413) addi    s0, ra, 357
core   0: 3 0x800096dc (0x16508413) x 8 0x0153f911
core   0: 0x800096e0 (0x0047f0b3) and     ra, a5, tp
core   0: 3 0x800096e0 (0x0047f0b3) x 1 0x60000c20
core   0: 0x800096e4 (0x1d812e97) auipc   t4, 0x1d812
core   0: 3 0x800096e4 (0x1d812e97) x29 0x9d81b6e4
core   0: 0x800096e8 (0x001fe0b3) or      ra, t6, ra
core   0: 3 0x800096e8 (0x001fe0b3) x 1 0x60000c20
core   0: 0x800096ec (0x0130c4b3) xor     s1, ra, s3
core   0: 3 0x800096ec (0x0130c4b3) x 9 0x60000c21
core   0: 0x800096f0 (0x20033f97) auipc   t6, 0x20033
core   0: 3 0x800096f0 (0x20033f97) x31 0xa003c6f0
core   0: 0x800096f4 (0x5df9f217) auipc   tp, 0x5df9f
core   0: 3 0x800096f4 (0x5df9f217) x 4 0xddfa86f4
core   0: 0x800096f8 (0x40235033) sra     zero, t1, sp
core   0: 3 0x800096f8 (0x40235033)
core   0: 0x800096fc (0x03270c33) mul     s8, a4, s2
core   0: 3 0x800096fc (0x03270c33) x24 0x00000000
core   0: 0x80009700 (0x000fd733) srl     a4, t6, zero
core   0: 3 0x80009700 (0x000fd733) x14 0xa003c6f0
core   0: 0x80009704 (0x41975893) srai    a7, a4, 25
core   0: 3 0x80009704 (0x41975893) x17 0xffffffd0
core   0: 0x80009708 (0x00000013) nop
core   0: 3 0x80009708 (0x00000013)
core   0: 0x8000970c (0x00013433) sltu    s0, sp, zero
core   0: 3 0x8000970c (0x00013433) x 8 0x00000000
core   0: 0x80009710 (0x00000013) nop
core   0: 3 0x80009710 (0x00000013)
core   0: 0x80009714 (0x01d70ab3) add     s5, a4, t4
core   0: 3 0x80009714 (0x01d70ab3) x21 0x3d857dd4
core   0: 0x80009718 (0x02998cb3) mul     s9, s3, s1
core   0: 3 0x80009718 (0x02998cb3) x25 0x60000c21
core   0: 0x8000971c (0xe9fa0b13) addi    s6, s4, -353
core   0: 3 0x8000971c (0xe9fa0b13) x22 0x80018b83
core   0: 0x80009720 (0x40875f13) srai    t5, a4, 8
core   0: 3 0x80009720 (0x40875f13) x30 0xffa003c6
core   0: 0x80009724 (0x00768333) add     t1, a3, t2
core   0: 3 0x80009724 (0x00768333) x 6 0x50c95a8f
core   0: 0x80009728 (0xd0fab217) auipc   tp, 0xd0fab
core   0: 3 0x80009728 (0xd0fab217) x 4 0x50fb4728
core   0: 0x8000972c (0x014cf233) and     tp, s9, s4
core   0: 3 0x8000972c (0x014cf233) x 4 0x00000c20
core   0: 0x80009730 (0x0150d793) srli    a5, ra, 21
core   0: 3 0x80009730 (0x0150d793) x15 0x00000300
core   0: 0x80009734 (0x0049d7b3) srl     a5, s3, tp
core   0: 3 0x80009734 (0x0049d7b3) x15 0x00000001
core   0: 0x80009738 (0x6ba9a113) slti    sp, s3, 1722
core   0: 3 0x80009738 (0x6ba9a113) x 2 0x00000001
core   0: 0x8000973c (0x1fdf0013) addi    zero, t5, 509
core   0: 3 0x8000973c (0x1fdf0013)
core   0: 0x80009740 (0x03b6e833) rem     a6, a3, s11
core   0: 3 0x80009740 (0x03b6e833) x16 0xbf197a8e
core   0: 0x80009744 (0x62cacb93) xori    s7, s5, 1580
core   0: 3 0x80009744 (0x62cacb93) x23 0x3d857bf8
core   0: 0x80009748 (0x41a65213) srai    tp, a2, 26
core   0: 3 0x80009748 (0x41a65213) x 4 0xfffffff1
core   0: 0x8000974c (0x00bcc833) xor     a6, s9, a1
core   0: 3 0x8000974c (0x00bcc833) x16 0x60000c20
core   0: 0x80009750 (0x788f6c13) ori     s8, t5, 1928
core   0: 3 0x80009750 (0x788f6c13) x24 0xffa007ce
core   0: 0x80009754 (0x010c5b13) srli    s6, s8, 16
core   0: 3 0x80009754 (0x010c5b13) x22 0x0000ffa0
core   0: 0x80009758 (0x0e587493) andi    s1, a6, 229
core   0: 3 0x80009758 (0x0e587493) x 9 0x00000020
core   0: 0x8000975c (0x01400833) add     a6, zero, s4
core   0: 3 0x8000975c (0x01400833) x16 0x80018ce4
core   0: 0x80009760 (0xc12d6b93) ori     s7, s10, -1006
core   0: 3 0x80009760 (0xc12d6b93) x23 0xfffffd93
core   0: 0x80009764 (0x4014db33) sra     s6, s1, ra
core   0: 3 0x80009764 (0x4014db33) x22 0x00000020
core   0: 0x80009768 (0x011fd713) srli    a4, t6, 17
core   0: 3 0x80009768 (0x011fd713) x14 0x00005001
core   0: 0x8000976c (0x41855e13) srai    t3, a0, 24
core   0: 3 0x8000976c (0x41855e13) x28 0x0000003f
core   0: 0x80009770 (0x02465db3) divu    s11, a2, tp
core   0: 3 0x80009770 (0x02465db3) x27 0x00000000
core   0: 0x80009774 (0x00987db3) and     s11, a6, s1
core   0: 3 0x80009774 (0x00987db3) x27 0x00000020
core   0: 0x80009778 (0x01a067b3) or      a5, zero, s10
core   0: 3 0x80009778 (0x01a067b3) x15 0x2a7ef591
core   0: 0x8000977c (0x16ce8393) addi    t2, t4, 364
core   0: 3 0x8000977c (0x16ce8393) x 7 0x9d81b850
core   0: 0x80009780 (0x026d9cb3) mulh    s9, s11, t1
core   0: 3 0x80009780 (0x026d9cb3) x25 0x0000000a
core   0: 0x80009784 (0x0173bfb3) sltu    t6, t2, s7
core   0: 3 0x80009784 (0x0173bfb3) x31 0x00000001
core   0: 0x80009788 (0x889d8d13) addi    s10, s11, -1911
core   0: 3 0x80009788 (0x889d8d13) x26 0xfffff8a9
core   0: 0x8000978c (0x03e36c33) rem     s8, t1, t5
core   0: 3 0x8000978c (0x03e36c33) x24 0x002c85d9
core   0: 0x80009790 (0x20460013) addi    zero, a2, 516
core   0: 3 0x80009790 (0x20460013)
core   0: 0x80009794 (0x026489b3) mul     s3, s1, t1
core   0: 3 0x80009794 (0x026489b3) x19 0x192b51e0
core   0: 0x80009798 (0x03786ab3) rem     s5, a6, s7
core   0: 3 0x80009798 (0x03786ab3) x21 0xffffffc2
core   0: 0x8000979c (0x00d44933) xor     s2, s0, a3
core   0: 3 0x8000979c (0x00d44933) x18 0xbf197a8e
core   0: 0x800097a0 (0x019ec7b3) xor     a5, t4, s9
core   0: 3 0x800097a0 (0x019ec7b3) x15 0x9d81b6ee
core   0: 0x800097a4 (0xdf746e93) ori     t4, s0, -521
core   0: 3 0x800097a4 (0xdf746e93) x29 0xfffffdf7
core   0: 0x800097a8 (0x1e504b97) auipc   s7, 0x1e504
core   0: 3 0x800097a8 (0x1e504b97) x23 0x9e50d7a8
core   0: 0x800097ac (0x020f6db3) rem     s11, t5, zero
core   0: 3 0x800097ac (0x020f6db3) x27 0xffa003c6
core   0: 0x800097b0 (0x00e25433) srl     s0, tp, a4
core   0: 3 0x800097b0 (0x00e25433) x 8 0x7ffffff8
core   0: 0x800097b4 (0x02761833) mulh    a6, a2, t2
core   0: 3 0x800097b4 (0x02761833) x16 0x1624c001
core   0: 0x800097b8 (0x605fc593) xori    a1, t6, 1541
core   0: 3 0x800097b8 (0x605fc593) x11 0x00000604
core   0: 0x800097bc (0x02af38b3) mulhu   a7, t5, a0
core   0: 3 0x800097bc (0x02af38b3) x17 0x3f035a9e
core   0: 0x800097c0 (0x006f7bb3) and     s7, t5, t1
core   0: 3 0x800097c0 (0x006f7bb3) x23 0x50800286
core   0: 0x800097c4 (0x41580e33) sub     t3, a6, s5
core   0: 3 0x800097c4 (0x41580e33) x28 0x1624c03f
core   0: 0x800097c8 (0x03fa8233) mul     tp, s5, t6
core   0: 3 0x800097c8 (0x03fa8233) x 4 0xffffffc2
core   0: 0x800097cc (0x021c8ab3) mul     s5, s9, ra
core   0: 3 0x800097cc (0x021c8ab3) x21 0xc0007940
core   0: 0x800097d0 (0x4105dcb3) sra     s9, a1, a6
core   0: 3 0x800097d0 (0x4105dcb3) x25 0x00000302
core   0: 0x800097d4 (0xaa7c6c93) ori     s9, s8, -1369
core   0: 3 0x800097d4 (0xaa7c6c93) x25 0xffffffff
core   0: 0x800097d8 (0x004ad933) srl     s2, s5, tp
core   0: 3 0x800097d8 (0x004ad933) x18 0x30001e50
core   0: 0x800097dc (0x02bd68b3) rem     a7, s10, a1
core   0: 3 0x800097dc (0x02bd68b3) x17 0xfffffead
core   0: 0x800097e0 (0x02e4f1b7) lui     gp, 0x2e4f
core   0: 3 0x800097e0 (0x02e4f1b7) x 3 0x02e4f000
core   0: 0x800097e4 (0x404bdfb3) sra     t6, s7, tp
core   0: 3 0x800097e4 (0x404bdfb3) x31 0x142000a1
core   0: 0x800097e8 (0xa0964037) lui     zero, 0xa0964
core   0: 3 0x800097e8 (0xa0964037)
core   0: 0x800097ec (0x0111b3b3) sltu    t2, gp, a7
core   0: 3 0x800097ec (0x0111b3b3) x 7 0x00000001
core   0: 0x800097f0 (0x16df2213) slti    tp, t5, 365
core   0: 3 0x800097f0 (0x16df2213) x 4 0x00000001
core   0: 0x800097f4 (0x3e19fc13) andi    s8, s3, 993
core   0: 3 0x800097f4 (0x3e19fc13) x24 0x000001e0
core   0: 0x800097f8 (0x01218f33) add     t5, gp, s2
core   0: 3 0x800097f8 (0x01218f33) x30 0x32e50e50
core   0: 0x800097fc (0x35143cb7) lui     s9, 0x35143
core   0: 3 0x800097fc (0x35143cb7) x25 0x35143000
core   0: 0x80009800 (0x03ab7d33) remu    s10, s6, s10
core   0: 3 0x80009800 (0x03ab7d33) x26 0x00000020
core   0: 0x80009804 (0x97e56b13) ori     s6, a0, -1666
core   0: 3 0x80009804 (0x97e56b13) x22 0xfffffbfe
core   0: 0x80009808 (0x01abefb3) or      t6, s7, s10
core   0: 3 0x80009808 (0x01abefb3) x31 0x508002a6
core   0: 0x8000980c (0x021af533) remu    a0, s5, ra
core   0: 3 0x8000980c (0x021af533) x10 0x00006100
core   0: 0x80009810 (0x023ddd33) divu    s10, s11, gp
core   0: 3 0x80009810 (0x023ddd33) x26 0x00000058
core   0: 0x80009814 (0x010465b3) or      a1, s0, a6
core   0: 3 0x80009814 (0x010465b3) x11 0x7ffffff9
core   0: 0x80009818 (0x7f07c113) xori    sp, a5, 2032
core   0: 3 0x80009818 (0x7f07c113) x 2 0x9d81b11e
core   0: 0x8000981c (0x023b37b3) mulhu   a5, s6, gp
core   0: 3 0x8000981c (0x023b37b3) x15 0x02e4eff4
core   0: 0x80009820 (0x031f2c33) mulhsu  s8, t5, a7
core   0: 3 0x80009820 (0x031f2c33) x24 0x32e50e0c
core   0: 0x80009824 (0xc517ec93) ori     s9, a5, -943
core   0: 3 0x80009824 (0xc517ec93) x25 0xfffffff5
core   0: 0x80009828 (0x034d75b3) remu    a1, s10, s4
core   0: 3 0x80009828 (0x034d75b3) x11 0x00000058
core   0: 0x8000982c (0x038b2d33) mulhsu  s10, s6, s8
core   0: 3 0x8000982c (0x038b2d33) x26 0xffffff34
core   0: 0x80009830 (0x03929133) mulh    sp, t0, s9
core   0: 3 0x80009830 (0x03929133) x 2 0x00000005
core   0: 0x80009834 (0x01e9e233) or      tp, s3, t5
core   0: 3 0x80009834 (0x01e9e233) x 4 0x3bef5ff0
core   0: 0x80009838 (0x010978b3) and     a7, s2, a6
core   0: 3 0x80009838 (0x010978b3) x17 0x10000000
core   0: 0x8000983c (0x0039dab3) srl     s5, s3, gp
core   0: 3 0x8000983c (0x0039dab3) x21 0x192b51e0
core   0: 0x80009840 (0x0065beb3) sltu    t4, a1, t1
core   0: 3 0x80009840 (0x0065beb3) x29 0x00000001
core   0: 0x80009844 (0x02d4dbb3) divu    s7, s1, a3
core   0: 3 0x80009844 (0x02d4dbb3) x23 0x00000000
core   0: 0x80009848 (0x025de3b3) rem     t2, s11, t0
core   0: 3 0x80009848 (0x025de3b3) x 7 0xffa003c6
core   0: 0x8000984c (0x013f4ab3) xor     s5, t5, s3
core   0: 3 0x8000984c (0x013f4ab3) x21 0x2bce5fb0
core   0: 0x80009850 (0x03af1433) mulh    s0, t5, s10
core   0: 3 0x80009850 (0x03af1433) x 8 0xffffffd7
core   0: 0x80009854 (0x00c77e33) and     t3, a4, a2
core   0: 3 0x80009854 (0x00c77e33) x28 0x00000000
core   0: 0x80009858 (0x0035f433) and     s0, a1, gp
core   0: 3 0x80009858 (0x0035f433) x 8 0x00000000
core   0: 0x8000985c (0x006607b3) add     a5, a2, t1
core   0: 3 0x8000985c (0x006607b3) x15 0x173b5a8f
core   0: 0x80009860 (0x01e5b733) sltu    a4, a1, t5
core   0: 3 0x80009860 (0x01e5b733) x14 0x00000001
core   0: 0x80009864 (0x021e2233) mulhsu  tp, t3, ra
core   0: 3 0x80009864 (0x021e2233) x 4 0x00000000
core   0: 0x80009868 (0xf8f1e113) ori     sp, gp, -113
core   0: 3 0x80009868 (0xf8f1e113) x 2 0xffffff8f
core   0: 0x8000986c (0x03d9a033) mulhsu  zero, s3, t4
core   0: 3 0x8000986c (0x03d9a033)
core   0: 0x80009870 (0x02f7b7b3) mulhu   a5, a5, a5
core   0: 3 0x80009870 (0x02f7b7b3) x15 0x021bb808
core   0: 0x80009874 (0x00e83ab3) sltu    s5, a6, a4
core   0: 3 0x80009874 (0x00e83ab3) x21 0x00000000
core   0: 0x80009878 (0x02c0f233) remu    tp, ra, a2
core   0: 3 0x80009878 (0x02c0f233) x 4 0x60000c20
core   0: 0x8000987c (0x0054e5b3) or      a1, s1, t0
core   0: 3 0x8000987c (0x0054e5b3) x11 0x80014e64
core   0: 0x80009880 (0xecfcc093) xori    ra, s9, -305
core   0: 3 0x80009880 (0xecfcc093) x 1 0x0000013a
core   0: 0x80009884 (0x03e97133) remu    sp, s2, t5
core   0: 3 0x80009884 (0x03e97133) x 2 0x30001e50
core   0: 0x80009888 (0xfcacb093) sltiu   ra, s9, -54
core   0: 3 0x80009888 (0xfcacb093) x 1 0x00000000
core   0: 0x8000988c (0x023095b3) mulh    a1, ra, gp
core   0: 3 0x8000988c (0x023095b3) x11 0x00000000
core   0: 0x80009890 (0x00941a93) slli    s5, s0, 9
core   0: 3 0x80009890 (0x00941a93) x21 0x00000000
core   0: 0x80009894 (0x007fb933) sltu    s2, t6, t2
core   0: 3 0x80009894 (0x007fb933) x18 0x00000001
core   0: 0x80009898 (0x03346bb3) rem     s7, s0, s3
core   0: 3 0x80009898 (0x03346bb3) x23 0x00000000
core   0: 0x8000989c (0x9b8c5317) auipc   t1, 0x9b8c5
core   0: 3 0x8000989c (0x9b8c5317) x 6 0x1b8ce89c
core   0: 0x800098a0 (0xd7444c93) xori    s9, s0, -652
core   0: 3 0x800098a0 (0xd7444c93) x25 0xfffffd74
core   0: 0x800098a4 (0xe5f80993) addi    s3, a6, -417
core   0: 3 0x800098a4 (0xe5f80993) x19 0x1624be60
core   0: 0x800098a8 (0x00dfd513) srli    a0, t6, 13
core   0: 3 0x800098a8 (0x00dfd513) x10 0x00028400
core   0: 0x800098ac (0x57be7993) andi    s3, t3, 1403
core   0: 3 0x800098ac (0x57be7993) x19 0x00000000
core   0: 0x800098b0 (0x011303b3) add     t2, t1, a7
core   0: 3 0x800098b0 (0x011303b3) x 7 0x2b8ce89c
core   0: 0x800098b4 (0x0318fcb3) remu    s9, a7, a7
core   0: 3 0x800098b4 (0x0318fcb3) x25 0x00000000
core   0: 0x800098b8 (0x031f25b3) mulhsu  a1, t5, a7
core   0: 3 0x800098b8 (0x031f25b3) x11 0x032e50e5
core   0: 0x800098bc (0x0062c733) xor     a4, t0, t1
core   0: 3 0x800098bc (0x0062c733) x14 0x9b8da6f8
core   0: 0x800098c0 (0x00163b33) sltu    s6, a2, ra
core   0: 3 0x800098c0 (0x00163b33) x22 0x00000000
core   0: 0x800098c4 (0x639f6613) ori     a2, t5, 1593
core   0: 3 0x800098c4 (0x639f6613) x12 0x32e50e79
core   0: 0x800098c8 (0x969a2713) slti    a4, s4, -1687
core   0: 3 0x800098c8 (0x969a2713) x14 0x00000001
core   0: 0x800098cc (0x00ca7533) and     a0, s4, a2
core   0: 3 0x800098cc (0x00ca7533) x10 0x00010c60
core   0: 0x800098d0 (0x037a8533) mul     a0, s5, s7
core   0: 3 0x800098d0 (0x037a8533) x10 0x00000000
core   0: 0x800098d4 (0x03d89433) mulh    s0, a7, t4
core   0: 3 0x800098d4 (0x03d89433) x 8 0x00000000
core   0: 0x800098d8 (0x1aca8b93) addi    s7, s5, 428
core   0: 3 0x800098d8 (0x1aca8b93) x23 0x000001ac
core   0: 0x800098dc (0x00420f33) add     t5, tp, tp
core   0: 3 0x800098dc (0x00420f33) x30 0xc0001840
core   0: 0x800098e0 (0x6071ca93) xori    s5, gp, 1543
core   0: 3 0x800098e0 (0x6071ca93) x21 0x02e4f607
core   0: 0x800098e4 (0x40b38c33) sub     s8, t2, a1
core   0: 3 0x800098e4 (0x40b38c33) x24 0x285e97b7
core   0: 0x800098e8 (0x2c526393) ori     t2, tp, 709
core   0: 3 0x800098e8 (0x2c526393) x 7 0x60000ee5
core   0: 0x800098ec (0xc1fc6e13) ori     t3, s8, -993
core   0: 3 0x800098ec (0xc1fc6e13) x28 0xffffffbf
core   0: 0x800098f0 (0xd81b0c37) lui     s8, 0xd81b0
core   0: 3 0x800098f0 (0xd81b0c37) x24 0xd81b0000
core   0: 0x800098f4 (0x65673613) sltiu   a2, a4, 1622
core   0: 3 0x800098f4 (0x65673613) x12 0x00000001
core   0: 0x800098f8 (0x02d25833) divu    a6, tp, a3
core   0: 3 0x800098f8 (0x02d25833) x16 0x00000000
core   0: 0x800098fc (0x002b5393) srli    t2, s6, 2
core   0: 3 0x800098fc (0x002b5393) x 7 0x00000000
core   0: 0x80009900 (0x0033d513) srli    a0, t2, 3
core   0: 3 0x80009900 (0x0033d513) x10 0x00000000
core   0: 0x80009904 (0x032743b3) div     t2, a4, s2
core   0: 3 0x80009904 (0x032743b3) x 7 0x00000001
core   0: 0x80009908 (0x9a9fc013) xori    zero, t6, -1623
core   0: 3 0x80009908 (0x9a9fc013)
core   0: 0x8000990c (0x00683c33) sltu    s8, a6, t1
core   0: 3 0x8000990c (0x00683c33) x24 0x00000001
core   0: 0x80009910 (0x4011db33) sra     s6, gp, ra
core   0: 3 0x80009910 (0x4011db33) x22 0x02e4f000
core   0: 0x80009914 (0x4086dd93) srai    s11, a3, 8
core   0: 3 0x80009914 (0x4086dd93) x27 0xffbf197a
core   0: 0x80009918 (0x3165e413) ori     s0, a1, 790
core   0: 3 0x80009918 (0x3165e413) x 8 0x032e53f7
core   0: 0x8000991c (0x02e9cfb3) div     t6, s3, a4
core   0: 3 0x8000991c (0x02e9cfb3) x31 0x00000000
core   0: 0x80009920 (0xc25bf113) andi    sp, s7, -987
core   0: 3 0x80009920 (0xc25bf113) x 2 0x00000024
core   0: 0x80009924 (0x401384b3) sub     s1, t2, ra
core   0: 3 0x80009924 (0x401384b3) x 9 0x00000001
core   0: 0x80009928 (0x02c94bb3) div     s7, s2, a2
core   0: 3 0x80009928 (0x02c94bb3) x23 0x00000001
core   0: 0x8000992c (0x0073fbb3) and     s7, t2, t2
core   0: 3 0x8000992c (0x0073fbb3) x23 0x00000001
core   0: 0x80009930 (0xe50f8a93) addi    s5, t6, -432
core   0: 3 0x80009930 (0xe50f8a93) x21 0xfffffe50
core   0: 0x80009934 (0x0387f3b3) remu    t2, a5, s8
core   0: 3 0x80009934 (0x0387f3b3) x 7 0x00000000
core   0: 0x80009938 (0x0262e8b3) rem     a7, t0, t1
core   0: 3 0x80009938 (0x0262e8b3) x17 0xee34f0d4
core   0: 0x8000993c (0x00c30233) add     tp, t1, a2
core   0: 3 0x8000993c (0x00c30233) x 4 0x1b8ce89d
core   0: 0x80009940 (0x02fc8433) mul     s0, s9, a5
core   0: 3 0x80009940 (0x02fc8433) x 8 0x00000000
core   0: 0x80009944 (0x02b1b633) mulhu   a2, gp, a1
core   0: 3 0x80009944 (0x02b1b633) x12 0x000934dd
core   0: 0x80009948 (0x03787433) remu    s0, a6, s7
core   0: 3 0x80009948 (0x03787433) x 8 0x00000000
core   0: 0x8000994c (0x4195d413) srai    s0, a1, 25
core   0: 3 0x8000994c (0x4195d413) x 8 0x00000001
core   0: 0x80009950 (0x01117cb3) and     s9, sp, a7
core   0: 3 0x80009950 (0x01117cb3) x25 0x00000004
core   0: 0x80009954 (0x41b601b3) sub     gp, a2, s11
core   0: 3 0x80009954 (0x41b601b3) x 3 0x004a1b63
core   0: 0x80009958 (0x50ae0413) addi    s0, t3, 1290
core   0: 3 0x80009958 (0x50ae0413) x 8 0x000004c9
core   0: 0x8000995c (0x02970ab3) mul     s5, a4, s1
core   0: 3 0x8000995c (0x02970ab3) x21 0x00000001
core   0: 0x80009960 (0x00bb3333) sltu    t1, s6, a1
core   0: 3 0x80009960 (0x00bb3333) x 6 0x00000001
core   0: 0x80009964 (0x01dcb333) sltu    t1, s9, t4
core   0: 3 0x80009964 (0x01dcb333) x 6 0x00000000
core   0: 0x80009968 (0x01b02f33) slt     t5, zero, s11
core   0: 3 0x80009968 (0x01b02f33) x30 0x00000000
core   0: 0x8000996c (0x5bdd2a93) slti    s5, s10, 1469
core   0: 3 0x8000996c (0x5bdd2a93) x21 0x00000001
core   0: 0x80009970 (0x19c9a213) slti    tp, s3, 412
core   0: 3 0x80009970 (0x19c9a213) x 4 0x00000001
core   0: 0x80009974 (0x4105d013) srai    zero, a1, 16
core   0: 3 0x80009974 (0x4105d013)
core   0: 0x80009978 (0xcdbca393) slti    t2, s9, -805
core   0: 3 0x80009978 (0xcdbca393) x 7 0x00000000
core   0: 0x8000997c (0x2fe08c97) auipc   s9, 0x2fe08
core   0: 3 0x8000997c (0x2fe08c97) x25 0xafe1197c
core   0: 0x80009980 (0x21e77993) andi    s3, a4, 542
core   0: 3 0x80009980 (0x21e77993) x19 0x00000000
core   0: 0x80009984 (0xb9544e13) xori    t3, s0, -1131
core   0: 3 0x80009984 (0xb9544e13) x28 0xffffff5c
core   0: 0x80009988 (0x41ee8ab3) sub     s5, t4, t5
core   0: 3 0x80009988 (0x41ee8ab3) x21 0x00000001
core   0: 0x8000998c (0x01294933) xor     s2, s2, s2
core   0: 3 0x8000998c (0x01294933) x18 0x00000000
core   0: 0x80009990 (0x03fa2fb3) mulhsu  t6, s4, t6
core   0: 3 0x80009990 (0x03fa2fb3) x31 0x00000000
core   0: 0x80009994 (0x01265c13) srli    s8, a2, 18
core   0: 3 0x80009994 (0x01265c13) x24 0x00000002
core   0: 0x80009998 (0x01967e33) and     t3, a2, s9
core   0: 3 0x80009998 (0x01967e33) x28 0x0001105c
core   0: 0x8000999c (0x01aa2fb3) slt     t6, s4, s10
core   0: 3 0x8000999c (0x01aa2fb3) x31 0x00000001
core   0: 0x800099a0 (0x40665733) sra     a4, a2, t1
core   0: 3 0x800099a0 (0x40665733) x14 0x000934dd
core   0: 0x800099a4 (0xeec83093) sltiu   ra, a6, -276
core   0: 3 0x800099a4 (0xeec83093) x 1 0x00000001
core   0: 0x800099a8 (0x4096db93) srai    s7, a3, 9
core   0: 3 0x800099a8 (0x4096db93) x23 0xffdf8cbd
core   0: 0x800099ac (0xb5b48913) addi    s2, s1, -1189
core   0: 3 0x800099ac (0xb5b48913) x18 0xfffffb5c
core   0: 0x800099b0 (0xba42f137) lui     sp, 0xba42f
core   0: 3 0x800099b0 (0xba42f137) x 2 0xba42f000
core   0: 0x800099b4 (0x03517113) andi    sp, sp, 53
core   0: 3 0x800099b4 (0x03517113) x 2 0x00000000
core   0: 0x800099b8 (0x28e03037) lui     zero, 0x28e03
core   0: 3 0x800099b8 (0x28e03037)
core   0: 0x800099bc (0x00072eb3) slt     t4, a4, zero
core   0: 3 0x800099bc (0x00072eb3) x29 0x00000000
core   0: 0x800099c0 (0xbcf20913) addi    s2, tp, -1073
core   0: 3 0x800099c0 (0xbcf20913) x18 0xfffffbd0
core   0: 0x800099c4 (0x7b3c0313) addi    t1, s8, 1971
core   0: 3 0x800099c4 (0x7b3c0313) x 6 0x000007b5
core   0: 0x800099c8 (0x027f3133) mulhu   sp, t5, t2
core   0: 3 0x800099c8 (0x027f3133) x 2 0x00000000
core   0: 0x800099cc (0x02cbe633) rem     a2, s7, a2
core   0: 3 0x800099cc (0x02cbe633) x12 0xfffb2b54
core   0: 0x800099d0 (0x3a2f9fb7) lui     t6, 0x3a2f9
core   0: 3 0x800099d0 (0x3a2f9fb7) x31 0x3a2f9000
core   0: 0x800099d4 (0x012d1e33) sll     t3, s10, s2
core   0: 3 0x800099d4 (0x012d1e33) x28 0xff340000
core   0: 0x800099d8 (0x01ffdc13) srli    s8, t6, 31
core   0: 3 0x800099d8 (0x01ffdc13) x24 0x00000000
core   0: 0x800099dc (0xdb3e8793) addi    a5, t4, -589
core   0: 3 0x800099dc (0xdb3e8793) x15 0xfffffdb3
core   0: 0x800099e0 (0x024278b3) remu    a7, tp, tp
core   0: 3 0x800099e0 (0x024278b3) x17 0x00000000
core   0: 0x800099e4 (0x02f05533) divu    a0, zero, a5
core   0: 3 0x800099e4 (0x02f05533) x10 0x00000000
core   0: 0x800099e8 (0x956f2e93) slti    t4, t5, -1706
core   0: 3 0x800099e8 (0x956f2e93) x29 0x00000000
core   0: 0x800099ec (0x00000013) nop
core   0: 3 0x800099ec (0x00000013)
core   0: 0x800099f0 (0x0147fbb3) and     s7, a5, s4
core   0: 3 0x800099f0 (0x0147fbb3) x23 0x80018ca0
core   0: 0x800099f4 (0x184d0897) auipc   a7, 0x184d0
core   0: 3 0x800099f4 (0x184d0897) x17 0x984d99f4
core   0: 0x800099f8 (0x8e52b837) lui     a6, 0x8e52b
core   0: 3 0x800099f8 (0x8e52b837) x16 0x8e52b000
core   0: 0x800099fc (0x40d55113) srai    sp, a0, 13
core   0: 3 0x800099fc (0x40d55113) x 2 0x00000000
core   0: 0x80009a00 (0x00000013) nop
core   0: 3 0x80009a00 (0x00000013)
core   0: 0x80009a04 (0x01816933) or      s2, sp, s8
core   0: 3 0x80009a04 (0x01816933) x18 0x00000000
core   0: 0x80009a08 (0x00ff00b3) add     ra, t5, a5
core   0: 3 0x80009a08 (0x00ff00b3) x 1 0xfffffdb3
core   0: 0x80009a0c (0x40a75493) srai    s1, a4, 10
core   0: 3 0x80009a0c (0x40a75493) x 9 0x0000024d
core   0: 0x80009a10 (0x0053bfb3) sltu    t6, t2, t0
core   0: 3 0x80009a10 (0x0053bfb3) x31 0x00000001
core   0: 0x80009a14 (0x034fae33) mulhsu  t3, t6, s4
core   0: 3 0x80009a14 (0x034fae33) x28 0x00000000
core   0: 0x80009a18 (0x41bd58b3) sra     a7, s10, s11
core   0: 3 0x80009a18 (0x41bd58b3) x17 0xffffffff
core   0: 0x80009a1c (0x00e64eb3) xor     t4, a2, a4
core   0: 3 0x80009a1c (0x00e64eb3) x29 0xfff21f89
core   0: 0x80009a20 (0x020e3bb3) mulhu   s7, t3, zero
core   0: 3 0x80009a20 (0x020e3bb3) x23 0x00000000
core   0: 0x80009a24 (0x01dc2bb3) slt     s7, s8, t4
core   0: 3 0x80009a24 (0x01dc2bb3) x23 0x00000000
core   0: 0x80009a28 (0x0045d133) srl     sp, a1, tp
core   0: 3 0x80009a28 (0x0045d133) x 2 0x01972872
core   0: 0x80009a2c (0xb404f093) andi    ra, s1, -1216
core   0: 3 0x80009a2c (0xb404f093) x 1 0x00000240
core   0: 0x80009a30 (0x001b0c33) add     s8, s6, ra
core   0: 3 0x80009a30 (0x001b0c33) x24 0x02e4f240
core   0: 0x80009a34 (0x01b3db93) srli    s7, t2, 27
core   0: 3 0x80009a34 (0x01b3db93) x23 0x00000000
core   0: 0x80009a38 (0x015b58b3) srl     a7, s6, s5
core   0: 3 0x80009a38 (0x015b58b3) x17 0x01727800
core   0: 0x80009a3c (0x41828fb3) sub     t6, t0, s8
core   0: 3 0x80009a3c (0x41828fb3) x31 0x7d1c5c24
core   0: 0x80009a40 (0x41bc5eb3) sra     t4, s8, s11
core   0: 3 0x80009a40 (0x41bc5eb3) x29 0x00000000
core   0: 0x80009a44 (0xc0746f93) ori     t6, s0, -1017
core   0: 3 0x80009a44 (0xc0746f93) x31 0xfffffccf
core   0: 0x80009a48 (0xf2319b17) auipc   s6, 0xf2319
core   0: 3 0x80009a48 (0xf2319b17) x22 0x72322a48
core   0: 0x80009a4c (0xb94888b7) lui     a7, 0xb9488
core   0: 3 0x80009a4c (0xb94888b7) x17 0xb9488000
core   0: 0x80009a50 (0x01e2f0b3) and     ra, t0, t5
core   0: 3 0x80009a50 (0x01e2f0b3) x 1 0x00000000
core   0: 0x80009a54 (0x0038aeb3) slt     t4, a7, gp
core   0: 3 0x80009a54 (0x0038aeb3) x29 0x00000001
core   0: 0x80009a58 (0x01a50533) add     a0, a0, s10
core   0: 3 0x80009a58 (0x01a50533) x10 0xffffff34
core   0: 0x80009a5c (0x038894b3) mulh    s1, a7, s8
core   0: 3 0x80009a5c (0x038894b3) x 9 0xff3352a6
core   0: 0x80009a60 (0x037b24b3) mulhsu  s1, s6, s7
core   0: 3 0x80009a60 (0x037b24b3) x 9 0x00000000
core   0: 0x80009a64 (0x40bc8433) sub     s0, s9, a1
core   0: 3 0x80009a64 (0x40bc8433) x 8 0xacb2c897
core   0: 0x80009a68 (0x03bf6db3) rem     s11, t5, s11
core   0: 3 0x80009a68 (0x03bf6db3) x27 0x00000000
core   0: 0x80009a6c (0x03b36f33) rem     t5, t1, s11
core   0: 3 0x80009a6c (0x03b36f33) x30 0x000007b5
core   0: 0x80009a70 (0x03cd7633) remu    a2, s10, t3
core   0: 3 0x80009a70 (0x03cd7633) x12 0xffffff34
core   0: 0x80009a74 (0x027f8eb3) mul     t4, t6, t2
core   0: 3 0x80009a74 (0x027f8eb3) x29 0x00000000
core   0: 0x80009a78 (0x418055b3) sra     a1, zero, s8
core   0: 3 0x80009a78 (0x418055b3) x11 0x00000000
core   0: 0x80009a7c (0x039d77b3) remu    a5, s10, s9
core   0: 3 0x80009a7c (0x039d77b3) x15 0x501ee5b8
core   0: 0x80009a80 (0x00695a93) srli    s5, s2, 6
core   0: 3 0x80009a80 (0x00695a93) x21 0x00000000
core   0: 0x80009a84 (0x4017ddb3) sra     s11, a5, ra
core   0: 3 0x80009a84 (0x4017ddb3) x27 0x501ee5b8
core   0: 0x80009a88 (0x15015897) auipc   a7, 0x15015
core   0: 3 0x80009a88 (0x15015897) x17 0x9501ea88
core   0: 0x80009a8c (0xe9c04913) xori    s2, zero, -356
core   0: 3 0x80009a8c (0xe9c04913) x18 0xfffffe9c
core   0: 0x80009a90 (0x353a6d93) ori     s11, s4, 851
core   0: 3 0x80009a90 (0x353a6d93) x27 0x80018ff7
core   0: 0x80009a94 (0x00476433) or      s0, a4, tp
core   0: 3 0x80009a94 (0x00476433) x 8 0x000934dd
core   0: 0x80009a98 (0x00000013) nop
core   0: 3 0x80009a98 (0x00000013)
core   0: 0x80009a9c (0xe3f9bd17) auipc   s10, 0xe3f9b
core   0: 3 0x80009a9c (0xe3f9bd17) x26 0x63fa4a9c
core   0: 0x80009aa0 (0x01890e33) add     t3, s2, s8
core   0: 3 0x80009aa0 (0x01890e33) x28 0x02e4f0dc
core   0: 0x80009aa4 (0x41d70633) sub     a2, a4, t4
core   0: 3 0x80009aa4 (0x41d70633) x12 0x000934dd
core   0: 0x80009aa8 (0x01ccb233) sltu    tp, s9, t3
core   0: 3 0x80009aa8 (0x01ccb233) x 4 0x00000000
core   0: 0x80009aac (0x003e1193) slli    gp, t3, 3
core   0: 3 0x80009aac (0x003e1193) x 3 0x172786e0
core   0: 0x80009ab0 (0x01bb1f13) slli    t5, s6, 27
core   0: 3 0x80009ab0 (0x01bb1f13) x30 0x40000000
core   0: 0x80009ab4 (0x00e7bfb3) sltu    t6, a5, a4
core   0: 3 0x80009ab4 (0x00e7bfb3) x31 0x00000000
core   0: 0x80009ab8 (0xa7fd8b13) addi    s6, s11, -1409
core   0: 3 0x80009ab8 (0xa7fd8b13) x22 0x80018a76
core   0: 0x80009abc (0x033eaf33) mulhsu  t5, t4, s3
core   0: 3 0x80009abc (0x033eaf33) x30 0x00000000
core   0: 0x80009ac0 (0x9c7b0f93) addi    t6, s6, -1593
core   0: 3 0x80009ac0 (0x9c7b0f93) x31 0x8001843d
core   0: 0x80009ac4 (0x00655093) srli    ra, a0, 6
core   0: 3 0x80009ac4 (0x00655093) x 1 0x03fffffc
core   0: 0x80009ac8 (0x01a4c833) xor     a6, s1, s10
core   0: 3 0x80009ac8 (0x01a4c833) x16 0x63fa4a9c
core   0: 0x80009acc (0xdaa3e8b7) lui     a7, 0xdaa3e
core   0: 3 0x80009acc (0xdaa3e8b7) x17 0xdaa3e000
core   0: 0x80009ad0 (0x01a077b3) and     a5, zero, s10
core   0: 3 0x80009ad0 (0x01a077b3) x15 0x00000000
core   0: 0x80009ad4 (0xc6b42893) slti    a7, s0, -917
core   0: 3 0x80009ad4 (0xc6b42893) x17 0x00000000
core   0: 0x80009ad8 (0x016d5233) srl     tp, s10, s6
core   0: 3 0x80009ad8 (0x016d5233) x 4 0x0000018f
core   0: 0x80009adc (0x00388b33) add     s6, a7, gp
core   0: 3 0x80009adc (0x00388b33) x22 0x172786e0
core   0: 0x80009ae0 (0x41398d33) sub     s10, s3, s3
core   0: 3 0x80009ae0 (0x41398d33) x26 0x00000000
core   0: 0x80009ae4 (0x02979c33) mulh    s8, a5, s1
core   0: 3 0x80009ae4 (0x02979c33) x24 0x00000000
core   0: 0x80009ae8 (0x01d439b3) sltu    s3, s0, t4
core   0: 3 0x80009ae8 (0x01d439b3) x19 0x00000000
core   0: 0x80009aec (0x411cd5b3) sra     a1, s9, a7
core   0: 3 0x80009aec (0x411cd5b3) x11 0xafe1197c
core   0: 0x80009af0 (0x4183d3b3) sra     t2, t2, s8
core   0: 3 0x80009af0 (0x4183d3b3) x 7 0x00000000
core   0: 0x80009af4 (0x00986333) or      t1, a6, s1
core   0: 3 0x80009af4 (0x00986333) x 6 0x63fa4a9c
core   0: 0x80009af8 (0x01290533) add     a0, s2, s2
core   0: 3 0x80009af8 (0x01290533) x10 0xfffffd38
core   0: 0x80009afc (0xe7648813) addi    a6, s1, -394
core   0: 3 0x80009afc (0xe7648813) x16 0xfffffe76
core   0: 0x80009b00 (0x03fba8b3) mulhsu  a7, s7, t6
core   0: 3 0x80009b00 (0x03fba8b3) x17 0x00000000
core   0: 0x80009b04 (0x035a4633) div     a2, s4, s5
core   0: 3 0x80009b04 (0x035a4633) x12 0xffffffff
core   0: 0x80009b08 (0x28a62a93) slti    s5, a2, 650
core   0: 3 0x80009b08 (0x28a62a93) x21 0x00000001
core   0: 0x80009b0c (0x01a8aab3) slt     s5, a7, s10
core   0: 3 0x80009b0c (0x01a8aab3) x21 0x00000000
core   0: 0x80009b10 (0x038f1133) mulh    sp, t5, s8
core   0: 3 0x80009b10 (0x038f1133) x 2 0x00000000
core   0: 0x80009b14 (0x012e1e33) sll     t3, t3, s2
core   0: 3 0x80009b14 (0x012e1e33) x28 0xc0000000
core   0: 0x80009b18 (0x02b5a8b3) mulhsu  a7, a1, a1
core   0: 3 0x80009b18 (0x02b5a8b3) x17 0xc8f46d49
core   0: 0x80009b1c (0x00000013) nop
core   0: 3 0x80009b1c (0x00000013)
core   0: 0x80009b20 (0x41afd533) sra     a0, t6, s10
core   0: 3 0x80009b20 (0x41afd533) x10 0x8001843d
core   0: 0x80009b24 (0x00bb9f93) slli    t6, s7, 11
core   0: 3 0x80009b24 (0x00bb9f93) x31 0x00000000
core   0: 0x80009b28 (0x02e71333) mulh    t1, a4, a4
core   0: 3 0x80009b28 (0x02e71333) x 6 0x00000054
core   0: 0x80009b2c (0x4a9ab813) sltiu   a6, s5, 1193
core   0: 3 0x80009b2c (0x4a9ab813) x16 0x00000001
core   0: 0x80009b30 (0x01addc33) srl     s8, s11, s10
core   0: 3 0x80009b30 (0x01addc33) x24 0x80018ff7
core   0: 0x80009b34 (0x005595b3) sll     a1, a1, t0
core   0: 3 0x80009b34 (0x005595b3) x11 0xfe1197c0
core   0: 0x80009b38 (0x6ab18e13) addi    t3, gp, 1707
core   0: 3 0x80009b38 (0x6ab18e13) x28 0x17278d8b
core   0: 0x80009b3c (0x9048c313) xori    t1, a7, -1788
core   0: 3 0x80009b3c (0x9048c313) x 6 0x370b944d
core   0: 0x80009b40 (0x719f8193) addi    gp, t6, 1817
core   0: 3 0x80009b40 (0x719f8193) x 3 0x00000719
core   0: 0x80009b44 (0x007e5f93) srli    t6, t3, 7
core   0: 3 0x80009b44 (0x007e5f93) x31 0x002e4f1b
core   0: 0x80009b48 (0xfc8d41b7) lui     gp, 0xfc8d4
core   0: 3 0x80009b48 (0xfc8d41b7) x 3 0xfc8d4000
core   0: 0x80009b4c (0x038761b3) rem     gp, a4, s8
core   0: 3 0x80009b4c (0x038761b3) x 3 0x000934dd
core   0: 0x80009b50 (0x005b5f33) srl     t5, s6, t0
core   0: 3 0x80009b50 (0x005b5f33) x30 0x0172786e
core   0: 0x80009b54 (0x03d57133) remu    sp, a0, t4
core   0: 3 0x80009b54 (0x03d57133) x 2 0x8001843d
core   0: 0x80009b58 (0x018b1eb3) sll     t4, s6, s8
core   0: 3 0x80009b58 (0x018b1eb3) x29 0x70000000
core   0: 0x80009b5c (0x010fd513) srli    a0, t6, 16
core   0: 3 0x80009b5c (0x010fd513) x10 0x0000002e
core   0: 0x80009b60 (0x01c19eb3) sll     t4, gp, t3
core   0: 3 0x80009b60 (0x01c19eb3) x29 0x49a6e800
core   0: 0x80009b64 (0x01859713) slli    a4, a1, 24
core   0: 3 0x80009b64 (0x01859713) x14 0xc0000000
core   0: 0x80009b68 (0x00000013) nop
core   0: 3 0x80009b68 (0x00000013)
core   0: 0x80009b6c (0x8dce7793) andi    a5, t3, -1828
core   0: 3 0x80009b6c (0x8dce7793) x15 0x17278888
core   0: 0x80009b70 (0x0348ec33) rem     s8, a7, s4
core   0: 3 0x80009b70 (0x0348ec33) x24 0xc8f46d49
core   0: 0x80009b74 (0x000434b3) sltu    s1, s0, zero
core   0: 3 0x80009b74 (0x000434b3) x 9 0x00000000
core   0: 0x80009b78 (0x01c95893) srli    a7, s2, 28
core   0: 3 0x80009b78 (0x01c95893) x17 0x0000000f
core   0: 0x80009b7c (0x01574833) xor     a6, a4, s5
core   0: 3 0x80009b7c (0x01574833) x16 0xc0000000
core   0: 0x80009b80 (0x015defb3) or      t6, s11, s5
core   0: 3 0x80009b80 (0x015defb3) x31 0x80018ff7
core   0: 0x80009b84 (0x419ed613) srai    a2, t4, 25
core   0: 3 0x80009b84 (0x419ed613) x12 0x00000024
core   0: 0x80009b88 (0x001addb3) srl     s11, s5, ra
core   0: 3 0x80009b88 (0x001addb3) x27 0x00000000
core   0: 0x80009b8c (0x77bd3193) sltiu   gp, s10, 1915
core   0: 3 0x80009b8c (0x77bd3193) x 3 0x00000001
core   0: 0x80009b90 (0xc59bc393) xori    t2, s7, -935
core   0: 3 0x80009b90 (0xc59bc393) x 7 0xfffffc59
core   0: 0x80009b94 (0x000a01b3) add     gp, s4, zero
core   0: 3 0x80009b94 (0x000a01b3) x 3 0x80018ce4
core   0: 0x80009b98 (0x0159b1b3) sltu    gp, s3, s5
core   0: 3 0x80009b98 (0x0159b1b3) x 3 0x00000000
core   0: 0x80009b9c (0x01e391b3) sll     gp, t2, t5
core   0: 3 0x80009b9c (0x01e391b3) x 3 0xff164000
core   0: 0x80009ba0 (0x01c1e633) or      a2, gp, t3
core   0: 3 0x80009ba0 (0x01c1e633) x12 0xff37cd8b
core   0: 0x80009ba4 (0x016073b3) and     t2, zero, s6
core   0: 3 0x80009ba4 (0x016073b3) x 7 0x00000000
core   0: 0x80009ba8 (0x41f95f93) srai    t6, s2, 31
core   0: 3 0x80009ba8 (0x41f95f93) x31 0xffffffff
core   0: 0x80009bac (0x034c03b3) mul     t2, s8, s4
core   0: 3 0x80009bac (0x034c03b3) x 7 0x92be4104
core   0: 0x80009bb0 (0xa67fe513) ori     a0, t6, -1433
core   0: 3 0x80009bb0 (0xa67fe513) x10 0xffffffff
core   0: 0x80009bb4 (0x01cb08b3) add     a7, s6, t3
core   0: 3 0x80009bb4 (0x01cb08b3) x17 0x2e4f146b
core   0: 0x80009bb8 (0x015ecd33) xor     s10, t4, s5
core   0: 3 0x80009bb8 (0x015ecd33) x26 0x49a6e800
core   0: 0x80009bbc (0x0265e833) rem     a6, a1, t1
core   0: 3 0x80009bbc (0x0265e833) x16 0xfe1197c0
core   0: 0x80009bc0 (0x00000013) nop
core   0: 3 0x80009bc0 (0x00000013)
core   0: 0x80009bc4 (0x2c093213) sltiu   tp, s2, 704
core   0: 3 0x80009bc4 (0x2c093213) x 4 0x00000000
core   0: 0x80009bc8 (0x013d6533) or      a0, s10, s3
core   0: 3 0x80009bc8 (0x013d6533) x10 0x49a6e800
core   0: 0x80009bcc (0xbe813b93) sltiu   s7, sp, -1048
core   0: 3 0x80009bcc (0xbe813b93) x23 0x00000001
core   0: 0x80009bd0 (0x00000013) nop
core   0: 3 0x80009bd0 (0x00000013)
core   0: 0x80009bd4 (0xebbe6793) ori     a5, t3, -325
core   0: 3 0x80009bd4 (0xebbe6793) x15 0xffffffbb
core   0: 0x80009bd8 (0x00a59db3) sll     s11, a1, a0
core   0: 3 0x80009bd8 (0x00a59db3) x27 0xfe1197c0
core   0: 0x80009bdc (0x00796ab3) or      s5, s2, t2
core   0: 3 0x80009bdc (0x00796ab3) x21 0xffffff9c
core   0: 0x80009be0 (0x01cf40b3) xor     ra, t5, t3
core   0: 3 0x80009be0 (0x01cf40b3) x 1 0x1655f5e5
core   0: 0x80009be4 (0x4161d333) sra     t1, gp, s6
core   0: 3 0x80009be4 (0x4161d333) x 6 0xff164000
core   0: 0x80009be8 (0x014a9813) slli    a6, s5, 20
core   0: 3 0x80009be8 (0x014a9813) x16 0xf9c00000
core   0: 0x80009bec (0x405a5013) srai    zero, s4, 5
core   0: 3 0x80009bec (0x405a5013)
core   0: 0x80009bf0 (0x00000013) nop
core   0: 3 0x80009bf0 (0x00000013)
core   0: 0x80009bf4 (0x0277e533) rem     a0, a5, t2
core   0: 3 0x80009bf4 (0x0277e533) x10 0xffffffbb
core   0: 0x80009bf8 (0x635f7e93) andi    t4, t5, 1589
core   0: 3 0x80009bf8 (0x635f7e93) x29 0x00000024
core   0: 0x80009bfc (0x016d0eb3) add     t4, s10, s6
core   0: 3 0x80009bfc (0x016d0eb3) x29 0x60ce6ee0
core   0: 0x80009c00 (0xa0482d93) slti    s11, a6, -1532
core   0: 3 0x80009c00 (0xa0482d93) x27 0x00000001
core   0: 0x80009c04 (0x0270bc33) mulhu   s8, ra, t2
core   0: 3 0x80009c04 (0x0270bc33) x24 0x0ccd9fb5
core   0: 0x80009c08 (0x409ad833) sra     a6, s5, s1
core   0: 3 0x80009c08 (0x409ad833) x16 0xffffff9c
core   0: 0x80009c0c (0xf239c337) lui     t1, 0xf239c
core   0: 3 0x80009c0c (0xf239c337) x 6 0xf239c000
core   0: 0x80009c10 (0x00c8c633) xor     a2, a7, a2
core   0: 3 0x80009c10 (0x00c8c633) x12 0xd178d9e0
core   0: 0x80009c14 (0xf4afbe13) sltiu   t3, t6, -182
core   0: 3 0x80009c14 (0xf4afbe13) x28 0x00000000
core   0: 0x80009c18 (0xde59f713) andi    a4, s3, -539
core   0: 3 0x80009c18 (0xde59f713) x14 0x00000000
core   0: 0x80009c1c (0xfef27db7) lui     s11, 0xfef27
core   0: 3 0x80009c1c (0xfef27db7) x27 0xfef27000
core   0: 0x80009c20 (0x9a143d13) sltiu   s10, s0, -1631
core   0: 3 0x80009c20 (0x9a143d13) x26 0x00000001
core   0: 0x80009c24 (0x4455f213) andi    tp, a1, 1093
core   0: 3 0x80009c24 (0x4455f213) x 4 0x00000440
core   0: 0x80009c28 (0x001c15b3) sll     a1, s8, ra
core   0: 3 0x80009c28 (0x001c15b3) x11 0x99b3f6a0
core   0: 0x80009c2c (0x035af833) remu    a6, s5, s5
core   0: 3 0x80009c2c (0x035af833) x16 0x00000000
core   0: 0x80009c30 (0x016d1d33) sll     s10, s10, s6
core   0: 3 0x80009c30 (0x016d1d33) x26 0x00000001
core   0: 0x80009c34 (0x08c0c093) xori    ra, ra, 140
core   0: 3 0x80009c34 (0x08c0c093) x 1 0x1655f569
core   0: 0x80009c38 (0x03d10d33) mul     s10, sp, t4
core   0: 3 0x80009c38 (0x03d10d33) x26 0xf13beb60
core   0: 0x80009c3c (0x02ad0ab3) mul     s5, s10, a0
core   0: 3 0x80009c3c (0x02ad0ab3) x21 0xfad98f20
core   0: 0x80009c40 (0x03599733) mulh    a4, s3, s5
core   0: 3 0x80009c40 (0x03599733) x14 0x00000000
core   0: 0x80009c44 (0x006d8e33) add     t3, s11, t1
core   0: 3 0x80009c44 (0x006d8e33) x28 0xf12c3000
core   0: 0x80009c48 (0x4037d113) srai    sp, a5, 3
core   0: 3 0x80009c48 (0x4037d113) x 2 0xfffffff7
core   0: 0x80009c4c (0x01060fb3) add     t6, a2, a6
core   0: 3 0x80009c4c (0x01060fb3) x31 0xd178d9e0
core   0: 0x80009c50 (0x017b9f33) sll     t5, s7, s7
core   0: 3 0x80009c50 (0x017b9f33) x30 0x00000002
core   0: 0x80009c54 (0x31870513) addi    a0, a4, 792
core   0: 3 0x80009c54 (0x31870513) x10 0x00000318
core   0: 0x80009c58 (0x03caaf33) mulhsu  t5, s5, t3
core   0: 3 0x80009c58 (0x03caaf33) x30 0xfb25ec2a
core   0: 0x80009c5c (0x026938b3) mulhu   a7, s2, t1
core   0: 3 0x80009c5c (0x026938b3) x17 0xf239beaf
core   0: 0x80009c60 (0x85430017) auipc   zero, 0x85430
core   0: 3 0x80009c60 (0x85430017)
core   0: 0x80009c64 (0x011c9fb3) sll     t6, s9, a7
core   0: 3 0x80009c64 (0x011c9fb3) x31 0x8cbe0000
core   0: 0x80009c68 (0x03b77933) remu    s2, a4, s11
core   0: 3 0x80009c68 (0x03b77933) x18 0x00000000
core   0: 0x80009c6c (0x414a5993) srai    s3, s4, 20
core   0: 3 0x80009c6c (0x414a5993) x19 0xfffff800
core   0: 0x80009c70 (0xde3f8f93) addi    t6, t6, -541
core   0: 3 0x80009c70 (0xde3f8f93) x31 0x8cbdfde3
core   0: 0x80009c74 (0x033d6133) rem     sp, s10, s3
core   0: 3 0x80009c74 (0x033d6133) x 2 0xfffffb60
core   0: 0x80009c78 (0xaa97ca93) xori    s5, a5, -1367
core   0: 3 0x80009c78 (0xaa97ca93) x21 0x00000512
core   0: 0x80009c7c (0xb4900593) li      a1, -1207
core   0: 3 0x80009c7c (0xb4900593) x11 0xfffffb49
core   0: 0x80009c80 (0x00bc3f33) sltu    t5, s8, a1
core   0: 3 0x80009c80 (0x00bc3f33) x30 0x00000001
core   0: 0x80009c84 (0x00231b93) slli    s7, t1, 2
core   0: 3 0x80009c84 (0x00231b93) x23 0xc8e70000
core   0: 0x80009c88 (0xe58a8413) addi    s0, s5, -424
core   0: 3 0x80009c88 (0xe58a8413) x 8 0x0000036a
core   0: 0x80009c8c (0x00ae5113) srli    sp, t3, 10
core   0: 3 0x80009c8c (0x00ae5113) x 2 0x003c4b0c
core   0: 0x80009c90 (0x9598b313) sltiu   t1, a7, -1703
core   0: 3 0x80009c90 (0x9598b313) x 6 0x00000001
core   0: 0x80009c94 (0x41714817) auipc   a6, 0x41714
core   0: 3 0x80009c94 (0x41714817) x16 0xc171dc94
core   0: 0x80009c98 (0x40c3d733) sra     a4, t2, a2
core   0: 3 0x80009c98 (0x40c3d733) x14 0x92be4104
core   0: 0x80009c9c (0x40600733) sub     a4, zero, t1
core   0: 3 0x80009c9c (0x40600733) x14 0xffffffff
core   0: 0x80009ca0 (0x261a0613) addi    a2, s4, 609
core   0: 3 0x80009ca0 (0x261a0613) x12 0x80018f45
core   0: 0x80009ca4 (0x03e8d233) divu    tp, a7, t5
core   0: 3 0x80009ca4 (0x03e8d233) x 4 0xf239beaf
core   0: 0x80009ca8 (0x038b0333) mul     t1, s6, s8
core   0: 3 0x80009ca8 (0x038b0333) x 6 0x6d177c60
core   0: 0x80009cac (0x019a4ab3) xor     s5, s4, s9
core   0: 3 0x80009cac (0x019a4ab3) x21 0x2fe09598
core   0: 0x80009cb0 (0x01f23e33) sltu    t3, tp, t6
core   0: 3 0x80009cb0 (0x01f23e33) x28 0x00000000
core   0: 0x80009cb4 (0x032335b3) mulhu   a1, t1, s2
core   0: 3 0x80009cb4 (0x032335b3) x11 0x00000000
core   0: 0x80009cb8 (0x02d7feb3) remu    t4, a5, a3
core   0: 3 0x80009cb8 (0x02d7feb3) x29 0x40e6852d
core   0: 0x80009cbc (0x00000013) nop
core   0: 3 0x80009cbc (0x00000013)
core   0: 0x80009cc0 (0x7fd4fe13) andi    t3, s1, 2045
core   0: 3 0x80009cc0 (0x7fd4fe13) x28 0x00000000
core   0: 0x80009cc4 (0x03b608b3) mul     a7, a2, s11
core   0: 3 0x80009cc4 (0x03b608b3) x17 0x93e83000
core   0: 0x80009cc8 (0x02e05eb3) divu    t4, zero, a4
core   0: 3 0x80009cc8 (0x02e05eb3) x29 0x00000000
core   0: 0x80009ccc (0x023ff733) remu    a4, t6, gp
core   0: 3 0x80009ccc (0x023ff733) x14 0x8cbdfde3
core   0: 0x80009cd0 (0x02d26fb3) rem     t6, tp, a3
core   0: 3 0x80009cd0 (0x02d26fb3) x31 0xf239beaf
core   0: 0x80009cd4 (0x9a5a8493) addi    s1, s5, -1627
core   0: 3 0x80009cd4 (0x9a5a8493) x 9 0x2fe08f3d
core   0: 0x80009cd8 (0x41345113) srai    sp, s0, 19
core   0: 3 0x80009cd8 (0x41345113) x 2 0x00000000
core   0: 0x80009cdc (0x00cc9013) slli    zero, s9, 12
core   0: 3 0x80009cdc (0x00cc9013)
core   0: 0x80009ce0 (0x03bc6cb3) rem     s9, s8, s11
core   0: 3 0x80009ce0 (0x03bc6cb3) x25 0x002adfb5
core   0: 0x80009ce4 (0x7ad93f13) sltiu   t5, s2, 1965
core   0: 3 0x80009ce4 (0x7ad93f13) x30 0x00000001
core   0: 0x80009ce8 (0x01b34cb3) xor     s9, t1, s11
core   0: 3 0x80009ce8 (0x01b34cb3) x25 0x93e50c60
core   0: 0x80009cec (0x01b1c1b3) xor     gp, gp, s11
core   0: 3 0x80009cec (0x01b1c1b3) x 3 0x01e43000
core   0: 0x80009cf0 (0x41f403b3) sub     t2, s0, t6
core   0: 3 0x80009cf0 (0x41f403b3) x 7 0x0dc644bb
core   0: 0x80009cf4 (0x53477a97) auipc   s5, 0x53477
core   0: 3 0x80009cf4 (0x53477a97) x21 0xd3480cf4
core   0: 0x80009cf8 (0x01689413) slli    s0, a7, 22
core   0: 3 0x80009cf8 (0x01689413) x 8 0x00000000
core   0: 0x80009cfc (0x034fd8b3) divu    a7, t6, s4
core   0: 3 0x80009cfc (0x034fd8b3) x17 0x00000001
core   0: 0x80009d00 (0x01b5adb3) slt     s11, a1, s11
core   0: 3 0x80009d00 (0x01b5adb3) x27 0x00000000
core   0: 0x80009d04 (0x80d8ae97) auipc   t4, 0x80d8a
core   0: 3 0x80009d04 (0x80d8ae97) x29 0x00d93d04
core   0: 0x80009d08 (0xdb142093) slti    ra, s0, -591
core   0: 3 0x80009d08 (0xdb142093) x 1 0x00000000
core   0: 0x80009d0c (0x9f5d0813) addi    a6, s10, -1547
core   0: 3 0x80009d0c (0x9f5d0813) x16 0xf13be555
core   0: 0x80009d10 (0x00a11a93) slli    s5, sp, 10
core   0: 3 0x80009d10 (0x00a11a93) x21 0x00000000
core   0: 0x80009d14 (0x03331ab3) mulh    s5, t1, s3
core   0: 3 0x80009d14 (0x03331ab3) x21 0xfffffc97
core   0: 0x80009d18 (0x00f0b133) sltu    sp, ra, a5
core   0: 3 0x80009d18 (0x00f0b133) x 2 0x00000001
core   0: 0x80009d1c (0x0122be33) sltu    t3, t0, s2
core   0: 3 0x80009d1c (0x0122be33) x28 0x00000000
core   0: 0x80009d20 (0x02def4b3) remu    s1, t4, a3
core   0: 3 0x80009d20 (0x02def4b3) x 9 0x00d93d04
core   0: 0x80009d24 (0x41175733) sra     a4, a4, a7
core   0: 3 0x80009d24 (0x41175733) x14 0xc65efef1
core   0: 0x80009d28 (0x0218e3b3) rem     t2, a7, ra
core   0: 3 0x80009d28 (0x0218e3b3) x 7 0x00000001
core   0: 0x80009d2c (0x0021d4b3) srl     s1, gp, sp
core   0: 3 0x80009d2c (0x0021d4b3) x 9 0x00f21800
core   0: 0x80009d30 (0xf5bd8613) addi    a2, s11, -165
core   0: 3 0x80009d30 (0xf5bd8613) x12 0xffffff5b
core   0: 0x80009d34 (0x41c985b3) sub     a1, s3, t3
core   0: 3 0x80009d34 (0x41c985b3) x11 0xfffff800
core   0: 0x80009d38 (0xabf63713) sltiu   a4, a2, -1345
core   0: 3 0x80009d38 (0xabf63713) x14 0x00000000
core   0: 0x80009d3c (0x00000013) nop
core   0: 3 0x80009d3c (0x00000013)
core   0: 0x80009d40 (0x09a325b7) lui     a1, 0x9a32
core   0: 3 0x80009d40 (0x09a325b7) x11 0x09a32000
core   0: 0x80009d44 (0x90063813) sltiu   a6, a2, -1792
core   0: 3 0x80009d44 (0x90063813) x16 0x00000000
core   0: 0x80009d48 (0x4029d4b3) sra     s1, s3, sp
core   0: 3 0x80009d48 (0x4029d4b3) x 9 0xfffffc00
core   0: 0x80009d4c (0xb384be17) auipc   t3, 0xb384b
core   0: 3 0x80009d4c (0xb384be17) x28 0x33854d4c
core   0: 0x80009d50 (0x00402333) slt     t1, zero, tp
core   0: 3 0x80009d50 (0x00402333) x 6 0x00000000
core   0: 0x80009d54 (0x00000697) auipc   a3, 0x0
core   0: 3 0x80009d54 (0x00000697) x13 0x80009d54
core   0: 0x80009d58 (0x00c68693) addi    a3, a3, 12
core   0: 3 0x80009d58 (0x00c68693) x13 0x80009d60
core   0: 0x80009d5c (0x00068067) jr      a3
core   0: 3 0x80009d5c (0x00068067)
core   0: 0x80009d60 (0x00100193) li      gp, 1
core   0: 3 0x80009d60 (0x00100193) x 3 0x00000001
core   0: 0x80009d64 (0x00000073) ecall
core   0: exception trap_machine_ecall, epc 0x80009d64
core   0: >>>>  mtvec_handler
core   0: 0x8000a790 (0x0400006f) j       pc + 0x40
core   0: 3 0x8000a790 (0x0400006f)
core   0: 0x8000a7d0 (0xffca0a13) addi    s4, s4, -4
core   0: 3 0x8000a7d0 (0xffca0a13) x20 0x80018ce0
core   0: 0x8000a7d4 (0x005a2023) sw      t0, 0(s4)
core   0: 3 0x8000a7d4 (0x005a2023) mem 0x80018ce0 0x80014e64
core   0: 0x8000a7d8 (0x000a02b3) add     t0, s4, zero
core   0: 3 0x8000a7d8 (0x000a02b3) x 5 0x80018ce0
core   0: 0x8000a7dc (0xf8028293) addi    t0, t0, -128
core   0: 3 0x8000a7dc (0xf8028293) x 5 0x80018c60
core   0: 0x8000a7e0 (0x0012a223) sw      ra, 4(t0)
core   0: 3 0x8000a7e0 (0x0012a223) mem 0x80018c64 0x00000000
core   0: 0x8000a7e4 (0x0022a423) sw      sp, 8(t0)
core   0: 3 0x8000a7e4 (0x0022a423) mem 0x80018c68 0x00000001
core   0: 0x8000a7e8 (0x0032a623) sw      gp, 12(t0)
core   0: 3 0x8000a7e8 (0x0032a623) mem 0x80018c6c 0x00000001
core   0: 0x8000a7ec (0x0042a823) sw      tp, 16(t0)
core   0: 3 0x8000a7ec (0x0042a823) mem 0x80018c70 0xf239beaf
core   0: 0x8000a7f0 (0x0052aa23) sw      t0, 20(t0)
core   0: 3 0x8000a7f0 (0x0052aa23) mem 0x80018c74 0x80018c60
core   0: 0x8000a7f4 (0x0062ac23) sw      t1, 24(t0)
core   0: 3 0x8000a7f4 (0x0062ac23) mem 0x80018c78 0x00000000
core   0: 0x8000a7f8 (0x0072ae23) sw      t2, 28(t0)
core   0: 3 0x8000a7f8 (0x0072ae23) mem 0x80018c7c 0x00000001
core   0: 0x8000a7fc (0x0282a023) sw      s0, 32(t0)
core   0: 3 0x8000a7fc (0x0282a023) mem 0x80018c80 0x00000000
core   0: 0x8000a800 (0x0292a223) sw      s1, 36(t0)
core   0: 3 0x8000a800 (0x0292a223) mem 0x80018c84 0xfffffc00
core   0: 0x8000a804 (0x02a2a423) sw      a0, 40(t0)
core   0: 3 0x8000a804 (0x02a2a423) mem 0x80018c88 0x00000318
core   0: 0x8000a808 (0x02b2a623) sw      a1, 44(t0)
core   0: 3 0x8000a808 (0x02b2a623) mem 0x80018c8c 0x09a32000
core   0: 0x8000a80c (0x02c2a823) sw      a2, 48(t0)
core   0: 3 0x8000a80c (0x02c2a823) mem 0x80018c90 0xffffff5b
core   0: 0x8000a810 (0x02d2aa23) sw      a3, 52(t0)
core   0: 3 0x8000a810 (0x02d2aa23) mem 0x80018c94 0x80009d60
core   0: 0x8000a814 (0x02e2ac23) sw      a4, 56(t0)
core   0: 3 0x8000a814 (0x02e2ac23) mem 0x80018c98 0x00000000
core   0: 0x8000a818 (0x02f2ae23) sw      a5, 60(t0)
core   0: 3 0x8000a818 (0x02f2ae23) mem 0x80018c9c 0xffffffbb
core   0: 0x8000a81c (0x0502a023) sw      a6, 64(t0)
core   0: 3 0x8000a81c (0x0502a023) mem 0x80018ca0 0x00000000
core   0: 0x8000a820 (0x0512a223) sw      a7, 68(t0)
core   0: 3 0x8000a820 (0x0512a223) mem 0x80018ca4 0x00000001
core   0: 0x8000a824 (0x0522a423) sw      s2, 72(t0)
core   0: 3 0x8000a824 (0x0522a423) mem 0x80018ca8 0x00000000
core   0: 0x8000a828 (0x0532a623) sw      s3, 76(t0)
core   0: 3 0x8000a828 (0x0532a623) mem 0x80018cac 0xfffff800
core   0: 0x8000a82c (0x0542a823) sw      s4, 80(t0)
core   0: 3 0x8000a82c (0x0542a823) mem 0x80018cb0 0x80018ce0
core   0: 0x8000a830 (0x0552aa23) sw      s5, 84(t0)
core   0: 3 0x8000a830 (0x0552aa23) mem 0x80018cb4 0xfffffc97
core   0: 0x8000a834 (0x0562ac23) sw      s6, 88(t0)
core   0: 3 0x8000a834 (0x0562ac23) mem 0x80018cb8 0x172786e0
core   0: 0x8000a838 (0x0572ae23) sw      s7, 92(t0)
core   0: 3 0x8000a838 (0x0572ae23) mem 0x80018cbc 0xc8e70000
core   0: 0x8000a83c (0x0782a023) sw      s8, 96(t0)
core   0: 3 0x8000a83c (0x0782a023) mem 0x80018cc0 0x0ccd9fb5
core   0: 0x8000a840 (0x0792a223) sw      s9, 100(t0)
core   0: 3 0x8000a840 (0x0792a223) mem 0x80018cc4 0x93e50c60
core   0: 0x8000a844 (0x07a2a423) sw      s10, 104(t0)
core   0: 3 0x8000a844 (0x07a2a423) mem 0x80018cc8 0xf13beb60
core   0: 0x8000a848 (0x07b2a623) sw      s11, 108(t0)
core   0: 3 0x8000a848 (0x07b2a623) mem 0x80018ccc 0x00000000
core   0: 0x8000a84c (0x07c2a823) sw      t3, 112(t0)
core   0: 3 0x8000a84c (0x07c2a823) mem 0x80018cd0 0x33854d4c
core   0: 0x8000a850 (0x07d2aa23) sw      t4, 116(t0)
core   0: 3 0x8000a850 (0x07d2aa23) mem 0x80018cd4 0x00d93d04
core   0: 0x8000a854 (0x07e2ac23) sw      t5, 120(t0)
core   0: 3 0x8000a854 (0x07e2ac23) mem 0x80018cd8 0x00000001
core   0: 0x8000a858 (0x07f2ae23) sw      t6, 124(t0)
core   0: 3 0x8000a858 (0x07f2ae23) mem 0x80018cdc 0xf239beaf
core   0: 0x8000a85c (0x00028a33) add     s4, t0, zero
core   0: 3 0x8000a85c (0x00028a33) x20 0x80018c60
core   0: 0x8000a860 (0x34102b73) csrr    s6, mepc
core   0: 3 0x8000a860 (0x34102b73) x22 0x80009d64
core   0: 0x8000a864 (0x34202b73) csrr    s6, mcause
core   0: 3 0x8000a864 (0x34202b73) x22 0x0000000b
core   0: 0x8000a868 (0x00300593) li      a1, 3
core   0: 3 0x8000a868 (0x00300593) x11 0x00000003
core   0: 0x8000a86c (0x2abb0a63) beq     s6, a1, pc + 692
core   0: 3 0x8000a86c (0x2abb0a63)
core   0: 0x8000a870 (0x00800593) li      a1, 8
core   0: 3 0x8000a870 (0x00800593) x11 0x00000008
core   0: 0x8000a874 (0x04bb0e63) beq     s6, a1, pc + 92
core   0: 3 0x8000a874 (0x04bb0e63)
core   0: 0x8000a878 (0x00900593) li      a1, 9
core   0: 3 0x8000a878 (0x00900593) x11 0x00000009
core   0: 0x8000a87c (0x04bb0a63) beq     s6, a1, pc + 84
core   0: 3 0x8000a87c (0x04bb0a63)
core   0: 0x8000a880 (0x00b00593) li      a1, 11
core   0: 3 0x8000a880 (0x00b00593) x11 0x0000000b
core   0: 0x8000a884 (0x04bb0663) beq     s6, a1, pc + 76
core   0: 3 0x8000a884 (0x04bb0663)
core   0: 0x8000a8d0 (0xffff5b17) auipc   s6, 0xffff5
core   0: 3 0x8000a8d0 (0xffff5b17) x22 0x7ffff8d0
core   0: 0x8000a8d4 (0x730b0b13) addi    s6, s6, 1840
core   0: 3 0x8000a8d4 (0x730b0b13) x22 0x80000000
core   0: 0x8000a8d8 (0x000b2023) sw      zero, 0(s6)
core   0: 3 0x8000a8d8 (0x000b2023) mem 0x80000000 0x00000000
core   0: 0x8000a8dc (0x001b2223) sw      ra, 4(s6)
core   0: 3 0x8000a8dc (0x001b2223) mem 0x80000004 0x00000000
core   0: 0x8000a8e0 (0x002b2423) sw      sp, 8(s6)
core   0: 3 0x8000a8e0 (0x002b2423) mem 0x80000008 0x00000001
core   0: 0x8000a8e4 (0x003b2623) sw      gp, 12(s6)
core   0: 3 0x8000a8e4 (0x003b2623) mem 0x8000000c 0x00000001
core   0: 0x8000a8e8 (0x004b2823) sw      tp, 16(s6)
core   0: 3 0x8000a8e8 (0x004b2823) mem 0x80000010 0xf239beaf
core   0: 0x8000a8ec (0x005b2a23) sw      t0, 20(s6)
core   0: 3 0x8000a8ec (0x005b2a23) mem 0x80000014 0x80018c60
core   0: 0x8000a8f0 (0x006b2c23) sw      t1, 24(s6)
core   0: 3 0x8000a8f0 (0x006b2c23) mem 0x80000018 0x00000000
core   0: 0x8000a8f4 (0x007b2e23) sw      t2, 28(s6)
core   0: 3 0x8000a8f4 (0x007b2e23) mem 0x8000001c 0x00000001
core   0: 0x8000a8f8 (0x028b2023) sw      s0, 32(s6)
core   0: 3 0x8000a8f8 (0x028b2023) mem 0x80000020 0x00000000
core   0: 0x8000a8fc (0x029b2223) sw      s1, 36(s6)
core   0: 3 0x8000a8fc (0x029b2223) mem 0x80000024 0xfffffc00
core   0: 0x8000a900 (0x02ab2423) sw      a0, 40(s6)
core   0: 3 0x8000a900 (0x02ab2423) mem 0x80000028 0x00000318
core   0: 0x8000a904 (0x02bb2623) sw      a1, 44(s6)
core   0: 3 0x8000a904 (0x02bb2623) mem 0x8000002c 0x0000000b
core   0: 0x8000a908 (0x02cb2823) sw      a2, 48(s6)
core   0: 3 0x8000a908 (0x02cb2823) mem 0x80000030 0xffffff5b
core   0: 0x8000a90c (0x02db2a23) sw      a3, 52(s6)
core   0: 3 0x8000a90c (0x02db2a23) mem 0x80000034 0x80009d60
core   0: 0x8000a910 (0x02eb2c23) sw      a4, 56(s6)
core   0: 3 0x8000a910 (0x02eb2c23) mem 0x80000038 0x00000000
core   0: 0x8000a914 (0x02fb2e23) sw      a5, 60(s6)
core   0: 3 0x8000a914 (0x02fb2e23) mem 0x8000003c 0xffffffbb
core   0: 0x8000a918 (0x050b2023) sw      a6, 64(s6)
core   0: 3 0x8000a918 (0x050b2023) mem 0x80000040 0x00000000
core   0: 0x8000a91c (0x051b2223) sw      a7, 68(s6)
core   0: 3 0x8000a91c (0x051b2223) mem 0x80000044 0x00000001
core   0: 0x8000a920 (0x052b2423) sw      s2, 72(s6)
core   0: 3 0x8000a920 (0x052b2423) mem 0x80000048 0x00000000
core   0: 0x8000a924 (0x053b2623) sw      s3, 76(s6)
core   0: 3 0x8000a924 (0x053b2623) mem 0x8000004c 0xfffff800
core   0: 0x8000a928 (0x054b2823) sw      s4, 80(s6)
core   0: 3 0x8000a928 (0x054b2823) mem 0x80000050 0x80018c60
core   0: 0x8000a92c (0x055b2a23) sw      s5, 84(s6)
core   0: 3 0x8000a92c (0x055b2a23) mem 0x80000054 0xfffffc97
core   0: 0x8000a930 (0x056b2c23) sw      s6, 88(s6)
core   0: 3 0x8000a930 (0x056b2c23) mem 0x80000058 0x80000000
core   0: 0x8000a934 (0x057b2e23) sw      s7, 92(s6)
core   0: 3 0x8000a934 (0x057b2e23) mem 0x8000005c 0xc8e70000
core   0: 0x8000a938 (0x078b2023) sw      s8, 96(s6)
core   0: 3 0x8000a938 (0x078b2023) mem 0x80000060 0x0ccd9fb5
core   0: 0x8000a93c (0x079b2223) sw      s9, 100(s6)
core   0: 3 0x8000a93c (0x079b2223) mem 0x80000064 0x93e50c60
core   0: 0x8000a940 (0x07ab2423) sw      s10, 104(s6)
core   0: 3 0x8000a940 (0x07ab2423) mem 0x80000068 0xf13beb60
core   0: 0x8000a944 (0x07bb2623) sw      s11, 108(s6)
core   0: 3 0x8000a944 (0x07bb2623) mem 0x8000006c 0x00000000
core   0: 0x8000a948 (0x07cb2823) sw      t3, 112(s6)
core   0: 3 0x8000a948 (0x07cb2823) mem 0x80000070 0x33854d4c
core   0: 0x8000a94c (0x07db2a23) sw      t4, 116(s6)
core   0: 3 0x8000a94c (0x07db2a23) mem 0x80000074 0x00d93d04
core   0: 0x8000a950 (0x07eb2c23) sw      t5, 120(s6)
core   0: 3 0x8000a950 (0x07eb2c23) mem 0x80000078 0x00000001
core   0: 0x8000a954 (0x07fb2e23) sw      t6, 124(s6)
core   0: 3 0x8000a954 (0x07fb2e23) mem 0x8000007c 0xf239beaf
core   0: 0x8000a958 (0xfffff697) auipc   a3, 0xfffff
core   0: 3 0x8000a958 (0xfffff697) x13 0x80009958
core   0: 0x8000a95c (0x41068693) addi    a3, a3, 1040
core   0: 3 0x8000a95c (0x41068693) x13 0x80009d68
core   0: 0x8000a960 (0x00068067) jr      a3
core   0: 3 0x8000a960 (0x00068067)
core   0: 0x80009d68 (0x00006f17) auipc   t5, 0x6
core   0: 3 0x80009d68 (0x00006f17) x30 0x8000fd68
core   0: 0x80009d6c (0x283f2c23) sw      gp, 664(t5)
core   0: 3 0x80009d6c (0x283f2c23) mem 0x80010000 0x00000001
core   0: 0x80009d70 (0xff9ff06f) j       pc - 0x8
core   0: 3 0x80009d70 (0xff9ff06f)
core   0: 0x80009d68 (0x00006f17) auipc   t5, 0x6
core   0: 3 0x80009d68 (0x00006f17) x30 0x8000fd68
core   0: 0x80009d6c (0x283f2c23) sw      gp, 664(t5)
core   0: 3 0x80009d6c (0x283f2c23) mem 0x80010000 0x00000001
core   0: 0x80009d70 (0xff9ff06f) j       pc - 0x8
core   0: 3 0x80009d70 (0xff9ff06f)
core   0: 0x80009d68 (0x00006f17) auipc   t5, 0x6
core   0: 3 0x80009d68 (0x00006f17) x30 0x8000fd68
core   0: 0x80009d6c (0x283f2c23) sw      gp, 664(t5)
core   0: 3 0x80009d6c (0x283f2c23) mem 0x80010000 0x00000001
core   0: 0x80009d70 (0xff9ff06f) j       pc - 0x8
core   0: 3 0x80009d70 (0xff9ff06f)
core   0: 0x80009d68 (0x00006f17) auipc   t5, 0x6
core   0: 3 0x80009d68 (0x00006f17) x30 0x8000fd68
core   0: 0x80009d6c (0x283f2c23) sw      gp, 664(t5)
core   0: 3 0x80009d6c (0x283f2c23) mem 0x80010000 0x00000001
core   0: 0x80009d70 (0xff9ff06f) j       pc - 0x8
core   0: 3 0x80009d70 (0xff9ff06f)
core   0: 0x80009d68 (0x00006f17) auipc   t5, 0x6
core   0: 3 0x80009d68 (0x00006f17) x30 0x8000fd68
core   0: 0x80009d6c (0x283f2c23) sw      gp, 664(t5)
core   0: 3 0x80009d6c (0x283f2c23) mem 0x80010000 0x00000001
core   0: 0x80009d70 (0xff9ff06f) j       pc - 0x8
core   0: 3 0x80009d70 (0xff9ff06f)
core   0: 0x80009d68 (0x00006f17) auipc   t5, 0x6
core   0: 3 0x80009d68 (0x00006f17) x30 0x8000fd68
core   0: 0x80009d6c (0x283f2c23) sw      gp, 664(t5)
core   0: 3 0x80009d6c (0x283f2c23) mem 0x80010000 0x00000001
core   0: 0x80009d70 (0xff9ff06f) j       pc - 0x8
core   0: 3 0x80009d70 (0xff9ff06f)
core   0: 0x80009d68 (0x00006f17) auipc   t5, 0x6
core   0: 3 0x80009d68 (0x00006f17) x30 0x8000fd68
core   0: 0x80009d6c (0x283f2c23) sw      gp, 664(t5)
core   0: 3 0x80009d6c (0x283f2c23) mem 0x80010000 0x00000001
core   0: 0x80009d70 (0xff9ff06f) j       pc - 0x8
core   0: 3 0x80009d70 (0xff9ff06f)
core   0: 0x80009d68 (0x00006f17) auipc   t5, 0x6
core   0: 3 0x80009d68 (0x00006f17) x30 0x8000fd68
core   0: 0x80009d6c (0x283f2c23) sw      gp, 664(t5)
core   0: 3 0x80009d6c (0x283f2c23) mem 0x80010000 0x00000001
core   0: 0x80009d70 (0xff9ff06f) j       pc - 0x8
core   0: 3 0x80009d70 (0xff9ff06f)
core   0: 0x80009d68 (0x00006f17) auipc   t5, 0x6
core   0: 3 0x80009d68 (0x00006f17) x30 0x8000fd68
core   0: 0x80009d6c (0x283f2c23) sw      gp, 664(t5)
core   0: 3 0x80009d6c (0x283f2c23) mem 0x80010000 0x00000001
core   0: 0x80009d70 (0xff9ff06f) j       pc - 0x8
core   0: 3 0x80009d70 (0xff9ff06f)
core   0: 0x80009d68 (0x00006f17) auipc   t5, 0x6
core   0: 3 0x80009d68 (0x00006f17) x30 0x8000fd68
core   0: 0x80009d6c (0x283f2c23) sw      gp, 664(t5)
core   0: 3 0x80009d6c (0x283f2c23) mem 0x80010000 0x00000001
core   0: 0x80009d70 (0xff9ff06f) j       pc - 0x8
core   0: 3 0x80009d70 (0xff9ff06f)
core   0: 0x80009d68 (0x00006f17) auipc   t5, 0x6
core   0: 3 0x80009d68 (0x00006f17) x30 0x8000fd68
core   0: 0x80009d6c (0x283f2c23) sw      gp, 664(t5)
core   0: 3 0x80009d6c (0x283f2c23) mem 0x80010000 0x00000001
core   0: 0x80009d70 (0xff9ff06f) j       pc - 0x8
core   0: 3 0x80009d70 (0xff9ff06f)
core   0: 0x80009d68 (0x00006f17) auipc   t5, 0x6
core   0: 3 0x80009d68 (0x00006f17) x30 0x8000fd68
core   0: 0x80009d6c (0x283f2c23) sw      gp, 664(t5)
core   0: 3 0x80009d6c (0x283f2c23) mem 0x80010000 0x00000001
core   0: 0x80009d70 (0xff9ff06f) j       pc - 0x8
core   0: 3 0x80009d70 (0xff9ff06f)
core   0: 0x80009d68 (0x00006f17) auipc   t5, 0x6
core   0: 3 0x80009d68 (0x00006f17) x30 0x8000fd68
core   0: 0x80009d6c (0x283f2c23) sw      gp, 664(t5)
core   0: 3 0x80009d6c (0x283f2c23) mem 0x80010000 0x00000001
core   0: 0x80009d70 (0xff9ff06f) j       pc - 0x8
core   0: 3 0x80009d70 (0xff9ff06f)
core   0: 0x80009d68 (0x00006f17) auipc   t5, 0x6
core   0: 3 0x80009d68 (0x00006f17) x30 0x8000fd68
core   0: 0x80009d6c (0x283f2c23) sw      gp, 664(t5)
core   0: 3 0x80009d6c (0x283f2c23) mem 0x80010000 0x00000001
core   0: 0x80009d70 (0xff9ff06f) j       pc - 0x8
core   0: 3 0x80009d70 (0xff9ff06f)
core   0: 0x80009d68 (0x00006f17) auipc   t5, 0x6
core   0: 3 0x80009d68 (0x00006f17) x30 0x8000fd68
core   0: 0x80009d6c (0x283f2c23) sw      gp, 664(t5)
core   0: 3 0x80009d6c (0x283f2c23) mem 0x80010000 0x00000001
core   0: 0x80009d70 (0xff9ff06f) j       pc - 0x8
core   0: 3 0x80009d70 (0xff9ff06f)
core   0: 0x80009d68 (0x00006f17) auipc   t5, 0x6
core   0: 3 0x80009d68 (0x00006f17) x30 0x8000fd68
core   0: 0x80009d6c (0x283f2c23) sw      gp, 664(t5)
core   0: 3 0x80009d6c (0x283f2c23) mem 0x80010000 0x00000001
core   0: 0x80009d70 (0xff9ff06f) j       pc - 0x8
core   0: 3 0x80009d70 (0xff9ff06f)
core   0: 0x80009d68 (0x00006f17) auipc   t5, 0x6
core   0: 3 0x80009d68 (0x00006f17) x30 0x8000fd68
core   0: 0x80009d6c (0x283f2c23) sw      gp, 664(t5)
core   0: 3 0x80009d6c (0x283f2c23) mem 0x80010000 0x00000001
core   0: 0x80009d70 (0xff9ff06f) j       pc - 0x8
core   0: 3 0x80009d70 (0xff9ff06f)
core   0: 0x80009d68 (0x00006f17) auipc   t5, 0x6
core   0: 3 0x80009d68 (0x00006f17) x30 0x8000fd68
core   0: 0x80009d6c (0x283f2c23) sw      gp, 664(t5)
core   0: 3 0x80009d6c (0x283f2c23) mem 0x80010000 0x00000001
core   0: 0x80009d70 (0xff9ff06f) j       pc - 0x8
core   0: 3 0x80009d70 (0xff9ff06f)
core   0: 0x80009d68 (0x00006f17) auipc   t5, 0x6
core   0: 3 0x80009d68 (0x00006f17) x30 0x8000fd68
core   0: 0x80009d6c (0x283f2c23) sw      gp, 664(t5)
core   0: 3 0x80009d6c (0x283f2c23) mem 0x80010000 0x00000001
core   0: 0x80009d70 (0xff9ff06f) j       pc - 0x8
core   0: 3 0x80009d70 (0xff9ff06f)
core   0: 0x80009d68 (0x00006f17) auipc   t5, 0x6
core   0: 3 0x80009d68 (0x00006f17) x30 0x8000fd68
core   0: 0x80009d6c (0x283f2c23) sw      gp, 664(t5)
core   0: 3 0x80009d6c (0x283f2c23) mem 0x80010000 0x00000001
core   0: 0x80009d70 (0xff9ff06f) j       pc - 0x8
core   0: 3 0x80009d70 (0xff9ff06f)
core   0: 0x80009d68 (0x00006f17) auipc   t5, 0x6
core   0: 3 0x80009d68 (0x00006f17) x30 0x8000fd68
core   0: 0x80009d6c (0x283f2c23) sw      gp, 664(t5)
core   0: 3 0x80009d6c (0x283f2c23) mem 0x80010000 0x00000001
core   0: 0x80009d70 (0xff9ff06f) j       pc - 0x8
core   0: 3 0x80009d70 (0xff9ff06f)
core   0: 0x80009d68 (0x00006f17) auipc   t5, 0x6
core   0: 3 0x80009d68 (0x00006f17) x30 0x8000fd68
core   0: 0x80009d6c (0x283f2c23) sw      gp, 664(t5)
core   0: 3 0x80009d6c (0x283f2c23) mem 0x80010000 0x00000001
core   0: 0x80009d70 (0xff9ff06f) j       pc - 0x8
core   0: 3 0x80009d70 (0xff9ff06f)
core   0: 0x80009d68 (0x00006f17) auipc   t5, 0x6
core   0: 3 0x80009d68 (0x00006f17) x30 0x8000fd68
core   0: 0x80009d6c (0x283f2c23) sw      gp, 664(t5)
core   0: 3 0x80009d6c (0x283f2c23) mem 0x80010000 0x00000001
core   0: 0x80009d70 (0xff9ff06f) j       pc - 0x8
core   0: 3 0x80009d70 (0xff9ff06f)
core   0: 0x80009d68 (0x00006f17) auipc   t5, 0x6
core   0: 3 0x80009d68 (0x00006f17) x30 0x8000fd68
core   0: 0x80009d6c (0x283f2c23) sw      gp, 664(t5)
core   0: 3 0x80009d6c (0x283f2c23) mem 0x80010000 0x00000001
core   0: 0x80009d70 (0xff9ff06f) j       pc - 0x8
core   0: 3 0x80009d70 (0xff9ff06f)
core   0: 0x80009d68 (0x00006f17) auipc   t5, 0x6
core   0: 3 0x80009d68 (0x00006f17) x30 0x8000fd68
core   0: 0x80009d6c (0x283f2c23) sw      gp, 664(t5)
core   0: 3 0x80009d6c (0x283f2c23) mem 0x80010000 0x00000001
core   0: 0x80009d70 (0xff9ff06f) j       pc - 0x8
core   0: 3 0x80009d70 (0xff9ff06f)
core   0: 0x80009d68 (0x00006f17) auipc   t5, 0x6
core   0: 3 0x80009d68 (0x00006f17) x30 0x8000fd68
core   0: 0x80009d6c (0x283f2c23) sw      gp, 664(t5)
core   0: 3 0x80009d6c (0x283f2c23) mem 0x80010000 0x00000001
core   0: 0x80009d70 (0xff9ff06f) j       pc - 0x8
core   0: 3 0x80009d70 (0xff9ff06f)
core   0: 0x80009d68 (0x00006f17) auipc   t5, 0x6
core   0: 3 0x80009d68 (0x00006f17) x30 0x8000fd68
core   0: 0x80009d6c (0x283f2c23) sw      gp, 664(t5)
core   0: 3 0x80009d6c (0x283f2c23) mem 0x80010000 0x00000001
core   0: 0x80009d70 (0xff9ff06f) j       pc - 0x8
core   0: 3 0x80009d70 (0xff9ff06f)
core   0: 0x80009d68 (0x00006f17) auipc   t5, 0x6
core   0: 3 0x80009d68 (0x00006f17) x30 0x8000fd68
core   0: 0x80009d6c (0x283f2c23) sw      gp, 664(t5)
core   0: 3 0x80009d6c (0x283f2c23) mem 0x80010000 0x00000001
core   0: 0x80009d70 (0xff9ff06f) j       pc - 0x8
core   0: 3 0x80009d70 (0xff9ff06f)
core   0: 0x80009d68 (0x00006f17) auipc   t5, 0x6
core   0: 3 0x80009d68 (0x00006f17) x30 0x8000fd68
core   0: 0x80009d6c (0x283f2c23) sw      gp, 664(t5)
core   0: 3 0x80009d6c (0x283f2c23) mem 0x80010000 0x00000001
core   0: 0x80009d70 (0xff9ff06f) j       pc - 0x8
core   0: 3 0x80009d70 (0xff9ff06f)
core   0: 0x80009d68 (0x00006f17) auipc   t5, 0x6
core   0: 3 0x80009d68 (0x00006f17) x30 0x8000fd68
core   0: 0x80009d6c (0x283f2c23) sw      gp, 664(t5)
core   0: 3 0x80009d6c (0x283f2c23) mem 0x80010000 0x00000001
core   0: 0x80009d70 (0xff9ff06f) j       pc - 0x8
core   0: 3 0x80009d70 (0xff9ff06f)
core   0: 0x80009d68 (0x00006f17) auipc   t5, 0x6
core   0: 3 0x80009d68 (0x00006f17) x30 0x8000fd68
core   0: 0x80009d6c (0x283f2c23) sw      gp, 664(t5)
core   0: 3 0x80009d6c (0x283f2c23) mem 0x80010000 0x00000001
core   0: 0x80009d70 (0xff9ff06f) j       pc - 0x8
core   0: 3 0x80009d70 (0xff9ff06f)
core   0: 0x80009d68 (0x00006f17) auipc   t5, 0x6
core   0: 3 0x80009d68 (0x00006f17) x30 0x8000fd68
core   0: 0x80009d6c (0x283f2c23) sw      gp, 664(t5)
core   0: 3 0x80009d6c (0x283f2c23) mem 0x80010000 0x00000001
core   0: 0x80009d70 (0xff9ff06f) j       pc - 0x8
core   0: 3 0x80009d70 (0xff9ff06f)
core   0: 0x80009d68 (0x00006f17) auipc   t5, 0x6
core   0: 3 0x80009d68 (0x00006f17) x30 0x8000fd68
core   0: 0x80009d6c (0x283f2c23) sw      gp, 664(t5)
core   0: 3 0x80009d6c (0x283f2c23) mem 0x80010000 0x00000001
core   0: 0x80009d70 (0xff9ff06f) j       pc - 0x8
core   0: 3 0x80009d70 (0xff9ff06f)
core   0: 0x80009d68 (0x00006f17) auipc   t5, 0x6
core   0: 3 0x80009d68 (0x00006f17) x30 0x8000fd68
core   0: 0x80009d6c (0x283f2c23) sw      gp, 664(t5)
core   0: 3 0x80009d6c (0x283f2c23) mem 0x80010000 0x00000001
core   0: 0x80009d70 (0xff9ff06f) j       pc - 0x8
core   0: 3 0x80009d70 (0xff9ff06f)
core   0: 0x80009d68 (0x00006f17) auipc   t5, 0x6
core   0: 3 0x80009d68 (0x00006f17) x30 0x8000fd68
core   0: 0x80009d6c (0x283f2c23) sw      gp, 664(t5)
core   0: 3 0x80009d6c (0x283f2c23) mem 0x80010000 0x00000001
core   0: 0x80009d70 (0xff9ff06f) j       pc - 0x8
core   0: 3 0x80009d70 (0xff9ff06f)
core   0: 0x80009d68 (0x00006f17) auipc   t5, 0x6
core   0: 3 0x80009d68 (0x00006f17) x30 0x8000fd68
core   0: 0x80009d6c (0x283f2c23) sw      gp, 664(t5)
core   0: 3 0x80009d6c (0x283f2c23) mem 0x80010000 0x00000001
core   0: 0x80009d70 (0xff9ff06f) j       pc - 0x8
core   0: 3 0x80009d70 (0xff9ff06f)
core   0: 0x80009d68 (0x00006f17) auipc   t5, 0x6
core   0: 3 0x80009d68 (0x00006f17) x30 0x8000fd68
core   0: 0x80009d6c (0x283f2c23) sw      gp, 664(t5)
core   0: 3 0x80009d6c (0x283f2c23) mem 0x80010000 0x00000001
core   0: 0x80009d70 (0xff9ff06f) j       pc - 0x8
core   0: 3 0x80009d70 (0xff9ff06f)
core   0: 0x80009d68 (0x00006f17) auipc   t5, 0x6
core   0: 3 0x80009d68 (0x00006f17) x30 0x8000fd68
core   0: 0x80009d6c (0x283f2c23) sw      gp, 664(t5)
core   0: 3 0x80009d6c (0x283f2c23) mem 0x80010000 0x00000001
core   0: 0x80009d70 (0xff9ff06f) j       pc - 0x8
core   0: 3 0x80009d70 (0xff9ff06f)
core   0: 0x80009d68 (0x00006f17) auipc   t5, 0x6
core   0: 3 0x80009d68 (0x00006f17) x30 0x8000fd68
core   0: 0x80009d6c (0x283f2c23) sw      gp, 664(t5)
core   0: 3 0x80009d6c (0x283f2c23) mem 0x80010000 0x00000001
core   0: 0x80009d70 (0xff9ff06f) j       pc - 0x8
core   0: 3 0x80009d70 (0xff9ff06f)
core   0: 0x80009d68 (0x00006f17) auipc   t5, 0x6
core   0: 3 0x80009d68 (0x00006f17) x30 0x8000fd68
core   0: 0x80009d6c (0x283f2c23) sw      gp, 664(t5)
core   0: 3 0x80009d6c (0x283f2c23) mem 0x80010000 0x00000001
core   0: 0x80009d70 (0xff9ff06f) j       pc - 0x8
core   0: 3 0x80009d70 (0xff9ff06f)
core   0: 0x80009d68 (0x00006f17) auipc   t5, 0x6
core   0: 3 0x80009d68 (0x00006f17) x30 0x8000fd68
core   0: 0x80009d6c (0x283f2c23) sw      gp, 664(t5)
core   0: 3 0x80009d6c (0x283f2c23) mem 0x80010000 0x00000001
core   0: 0x80009d70 (0xff9ff06f) j       pc - 0x8
core   0: 3 0x80009d70 (0xff9ff06f)
core   0: 0x80009d68 (0x00006f17) auipc   t5, 0x6
core   0: 3 0x80009d68 (0x00006f17) x30 0x8000fd68
core   0: 0x80009d6c (0x283f2c23) sw      gp, 664(t5)
core   0: 3 0x80009d6c (0x283f2c23) mem 0x80010000 0x00000001
core   0: 0x80009d70 (0xff9ff06f) j       pc - 0x8
core   0: 3 0x80009d70 (0xff9ff06f)
core   0: 0x80009d68 (0x00006f17) auipc   t5, 0x6
core   0: 3 0x80009d68 (0x00006f17) x30 0x8000fd68
core   0: 0x80009d6c (0x283f2c23) sw      gp, 664(t5)
core   0: 3 0x80009d6c (0x283f2c23) mem 0x80010000 0x00000001
core   0: 0x80009d70 (0xff9ff06f) j       pc - 0x8
core   0: 3 0x80009d70 (0xff9ff06f)
core   0: 0x80009d68 (0x00006f17) auipc   t5, 0x6
core   0: 3 0x80009d68 (0x00006f17) x30 0x8000fd68
core   0: 0x80009d6c (0x283f2c23) sw      gp, 664(t5)
core   0: 3 0x80009d6c (0x283f2c23) mem 0x80010000 0x00000001
core   0: 0x80009d70 (0xff9ff06f) j       pc - 0x8
core   0: 3 0x80009d70 (0xff9ff06f)
core   0: 0x80009d68 (0x00006f17) auipc   t5, 0x6
core   0: 3 0x80009d68 (0x00006f17) x30 0x8000fd68
core   0: 0x80009d6c (0x283f2c23) sw      gp, 664(t5)
core   0: 3 0x80009d6c (0x283f2c23) mem 0x80010000 0x00000001
core   0: 0x80009d70 (0xff9ff06f) j       pc - 0x8
core   0: 3 0x80009d70 (0xff9ff06f)
core   0: 0x80009d68 (0x00006f17) auipc   t5, 0x6
core   0: 3 0x80009d68 (0x00006f17) x30 0x8000fd68
core   0: 0x80009d6c (0x283f2c23) sw      gp, 664(t5)
core   0: 3 0x80009d6c (0x283f2c23) mem 0x80010000 0x00000001
core   0: 0x80009d70 (0xff9ff06f) j       pc - 0x8
core   0: 3 0x80009d70 (0xff9ff06f)
core   0: 0x80009d68 (0x00006f17) auipc   t5, 0x6
core   0: 3 0x80009d68 (0x00006f17) x30 0x8000fd68
core   0: 0x80009d6c (0x283f2c23) sw      gp, 664(t5)
core   0: 3 0x80009d6c (0x283f2c23) mem 0x80010000 0x00000001
core   0: 0x80009d70 (0xff9ff06f) j       pc - 0x8
core   0: 3 0x80009d70 (0xff9ff06f)
core   0: 0x80009d68 (0x00006f17) auipc   t5, 0x6
core   0: 3 0x80009d68 (0x00006f17) x30 0x8000fd68
core   0: 0x80009d6c (0x283f2c23) sw      gp, 664(t5)
core   0: 3 0x80009d6c (0x283f2c23) mem 0x80010000 0x00000001
core   0: 0x80009d70 (0xff9ff06f) j       pc - 0x8
core   0: 3 0x80009d70 (0xff9ff06f)
core   0: 0x80009d68 (0x00006f17) auipc   t5, 0x6
core   0: 3 0x80009d68 (0x00006f17) x30 0x8000fd68
core   0: 0x80009d6c (0x283f2c23) sw      gp, 664(t5)
core   0: 3 0x80009d6c (0x283f2c23) mem 0x80010000 0x00000001
core   0: 0x80009d70 (0xff9ff06f) j       pc - 0x8
core   0: 3 0x80009d70 (0xff9ff06f)
core   0: 0x80009d68 (0x00006f17) auipc   t5, 0x6
core   0: 3 0x80009d68 (0x00006f17) x30 0x8000fd68
core   0: 0x80009d6c (0x283f2c23) sw      gp, 664(t5)
core   0: 3 0x80009d6c (0x283f2c23) mem 0x80010000 0x00000001
core   0: 0x80009d70 (0xff9ff06f) j       pc - 0x8
core   0: 3 0x80009d70 (0xff9ff06f)
core   0: 0x80009d68 (0x00006f17) auipc   t5, 0x6
core   0: 3 0x80009d68 (0x00006f17) x30 0x8000fd68
core   0: 0x80009d6c (0x283f2c23) sw      gp, 664(t5)
core   0: 3 0x80009d6c (0x283f2c23) mem 0x80010000 0x00000001
core   0: 0x80009d70 (0xff9ff06f) j       pc - 0x8
core   0: 3 0x80009d70 (0xff9ff06f)
core   0: 0x80009d68 (0x00006f17) auipc   t5, 0x6
core   0: 3 0x80009d68 (0x00006f17) x30 0x8000fd68
core   0: 0x80009d6c (0x283f2c23) sw      gp, 664(t5)
core   0: 3 0x80009d6c (0x283f2c23) mem 0x80010000 0x00000001
core   0: 0x80009d70 (0xff9ff06f) j       pc - 0x8
core   0: 3 0x80009d70 (0xff9ff06f)
core   0: 0x80009d68 (0x00006f17) auipc   t5, 0x6
core   0: 3 0x80009d68 (0x00006f17) x30 0x8000fd68
core   0: 0x80009d6c (0x283f2c23) sw      gp, 664(t5)
core   0: 3 0x80009d6c (0x283f2c23) mem 0x80010000 0x00000001
core   0: 0x80009d70 (0xff9ff06f) j       pc - 0x8
core   0: 3 0x80009d70 (0xff9ff06f)
core   0: 0x80009d68 (0x00006f17) auipc   t5, 0x6
core   0: 3 0x80009d68 (0x00006f17) x30 0x8000fd68
core   0: 0x80009d6c (0x283f2c23) sw      gp, 664(t5)
core   0: 3 0x80009d6c (0x283f2c23) mem 0x80010000 0x00000001
core   0: 0x80009d70 (0xff9ff06f) j       pc - 0x8
core   0: 3 0x80009d70 (0xff9ff06f)
core   0: 0x80009d68 (0x00006f17) auipc   t5, 0x6
core   0: 3 0x80009d68 (0x00006f17) x30 0x8000fd68
core   0: 0x80009d6c (0x283f2c23) sw      gp, 664(t5)
core   0: 3 0x80009d6c (0x283f2c23) mem 0x80010000 0x00000001
core   0: 0x80009d70 (0xff9ff06f) j       pc - 0x8
core   0: 3 0x80009d70 (0xff9ff06f)
core   0: 0x80009d68 (0x00006f17) auipc   t5, 0x6
core   0: 3 0x80009d68 (0x00006f17) x30 0x8000fd68
core   0: 0x80009d6c (0x283f2c23) sw      gp, 664(t5)
core   0: 3 0x80009d6c (0x283f2c23) mem 0x80010000 0x00000001
core   0: 0x80009d70 (0xff9ff06f) j       pc - 0x8
core   0: 3 0x80009d70 (0xff9ff06f)
core   0: 0x80009d68 (0x00006f17) auipc   t5, 0x6
core   0: 3 0x80009d68 (0x00006f17) x30 0x8000fd68
core   0: 0x80009d6c (0x283f2c23) sw      gp, 664(t5)
core   0: 3 0x80009d6c (0x283f2c23) mem 0x80010000 0x00000001
core   0: 0x80009d70 (0xff9ff06f) j       pc - 0x8
core   0: 3 0x80009d70 (0xff9ff06f)
core   0: 0x80009d68 (0x00006f17) auipc   t5, 0x6
core   0: 3 0x80009d68 (0x00006f17) x30 0x8000fd68
core   0: 0x80009d6c (0x283f2c23) sw      gp, 664(t5)
core   0: 3 0x80009d6c (0x283f2c23) mem 0x80010000 0x00000001
core   0: 0x80009d70 (0xff9ff06f) j       pc - 0x8
core   0: 3 0x80009d70 (0xff9ff06f)
core   0: 0x80009d68 (0x00006f17) auipc   t5, 0x6
core   0: 3 0x80009d68 (0x00006f17) x30 0x8000fd68
core   0: 0x80009d6c (0x283f2c23) sw      gp, 664(t5)
core   0: 3 0x80009d6c (0x283f2c23) mem 0x80010000 0x00000001
core   0: 0x80009d70 (0xff9ff06f) j       pc - 0x8
core   0: 3 0x80009d70 (0xff9ff06f)
core   0: 0x80009d68 (0x00006f17) auipc   t5, 0x6
core   0: 3 0x80009d68 (0x00006f17) x30 0x8000fd68
core   0: 0x80009d6c (0x283f2c23) sw      gp, 664(t5)
core   0: 3 0x80009d6c (0x283f2c23) mem 0x80010000 0x00000001
core   0: 0x80009d70 (0xff9ff06f) j       pc - 0x8
core   0: 3 0x80009d70 (0xff9ff06f)
core   0: 0x80009d68 (0x00006f17) auipc   t5, 0x6
core   0: 3 0x80009d68 (0x00006f17) x30 0x8000fd68
core   0: 0x80009d6c (0x283f2c23) sw      gp, 664(t5)
core   0: 3 0x80009d6c (0x283f2c23) mem 0x80010000 0x00000001
core   0: 0x80009d70 (0xff9ff06f) j       pc - 0x8
core   0: 3 0x80009d70 (0xff9ff06f)
core   0: 0x80009d68 (0x00006f17) auipc   t5, 0x6
core   0: 3 0x80009d68 (0x00006f17) x30 0x8000fd68
core   0: 0x80009d6c (0x283f2c23) sw      gp, 664(t5)
core   0: 3 0x80009d6c (0x283f2c23) mem 0x80010000 0x00000001
core   0: 0x80009d70 (0xff9ff06f) j       pc - 0x8
core   0: 3 0x80009d70 (0xff9ff06f)
core   0: 0x80009d68 (0x00006f17) auipc   t5, 0x6
core   0: 3 0x80009d68 (0x00006f17) x30 0x8000fd68
core   0: 0x80009d6c (0x283f2c23) sw      gp, 664(t5)
core   0: 3 0x80009d6c (0x283f2c23) mem 0x80010000 0x00000001
core   0: 0x80009d70 (0xff9ff06f) j       pc - 0x8
core   0: 3 0x80009d70 (0xff9ff06f)
core   0: 0x80009d68 (0x00006f17) auipc   t5, 0x6
core   0: 3 0x80009d68 (0x00006f17) x30 0x8000fd68
core   0: 0x80009d6c (0x283f2c23) sw      gp, 664(t5)
core   0: 3 0x80009d6c (0x283f2c23) mem 0x80010000 0x00000001
core   0: 0x80009d70 (0xff9ff06f) j       pc - 0x8
core   0: 3 0x80009d70 (0xff9ff06f)
core   0: 0x80009d68 (0x00006f17) auipc   t5, 0x6
core   0: 3 0x80009d68 (0x00006f17) x30 0x8000fd68
core   0: 0x80009d6c (0x283f2c23) sw      gp, 664(t5)
core   0: 3 0x80009d6c (0x283f2c23) mem 0x80010000 0x00000001
core   0: 0x80009d70 (0xff9ff06f) j       pc - 0x8
core   0: 3 0x80009d70 (0xff9ff06f)
core   0: 0x80009d68 (0x00006f17) auipc   t5, 0x6
core   0: 3 0x80009d68 (0x00006f17) x30 0x8000fd68
core   0: 0x80009d6c (0x283f2c23) sw      gp, 664(t5)
core   0: 3 0x80009d6c (0x283f2c23) mem 0x80010000 0x00000001
core   0: 0x80009d70 (0xff9ff06f) j       pc - 0x8
core   0: 3 0x80009d70 (0xff9ff06f)
core   0: 0x80009d68 (0x00006f17) auipc   t5, 0x6
core   0: 3 0x80009d68 (0x00006f17) x30 0x8000fd68
core   0: 0x80009d6c (0x283f2c23) sw      gp, 664(t5)
core   0: 3 0x80009d6c (0x283f2c23) mem 0x80010000 0x00000001
core   0: 0x80009d70 (0xff9ff06f) j       pc - 0x8
core   0: 3 0x80009d70 (0xff9ff06f)
core   0: 0x80009d68 (0x00006f17) auipc   t5, 0x6
core   0: 3 0x80009d68 (0x00006f17) x30 0x8000fd68
core   0: 0x80009d6c (0x283f2c23) sw      gp, 664(t5)
core   0: 3 0x80009d6c (0x283f2c23) mem 0x80010000 0x00000001
core   0: 0x80009d70 (0xff9ff06f) j       pc - 0x8
core   0: 3 0x80009d70 (0xff9ff06f)
core   0: 0x80009d68 (0x00006f17) auipc   t5, 0x6
core   0: 3 0x80009d68 (0x00006f17) x30 0x8000fd68
core   0: 0x80009d6c (0x283f2c23) sw      gp, 664(t5)
core   0: 3 0x80009d6c (0x283f2c23) mem 0x80010000 0x00000001
core   0: 0x80009d70 (0xff9ff06f) j       pc - 0x8
core   0: 3 0x80009d70 (0xff9ff06f)
core   0: 0x80009d68 (0x00006f17) auipc   t5, 0x6
core   0: 3 0x80009d68 (0x00006f17) x30 0x8000fd68
core   0: 0x80009d6c (0x283f2c23) sw      gp, 664(t5)
core   0: 3 0x80009d6c (0x283f2c23) mem 0x80010000 0x00000001
core   0: 0x80009d70 (0xff9ff06f) j       pc - 0x8
core   0: 3 0x80009d70 (0xff9ff06f)
core   0: 0x80009d68 (0x00006f17) auipc   t5, 0x6
core   0: 3 0x80009d68 (0x00006f17) x30 0x8000fd68
core   0: 0x80009d6c (0x283f2c23) sw      gp, 664(t5)
core   0: 3 0x80009d6c (0x283f2c23) mem 0x80010000 0x00000001
core   0: 0x80009d70 (0xff9ff06f) j       pc - 0x8
core   0: 3 0x80009d70 (0xff9ff06f)
core   0: 0x80009d68 (0x00006f17) auipc   t5, 0x6
core   0: 3 0x80009d68 (0x00006f17) x30 0x8000fd68
core   0: 0x80009d6c (0x283f2c23) sw      gp, 664(t5)
core   0: 3 0x80009d6c (0x283f2c23) mem 0x80010000 0x00000001
core   0: 0x80009d70 (0xff9ff06f) j       pc - 0x8
core   0: 3 0x80009d70 (0xff9ff06f)
core   0: 0x80009d68 (0x00006f17) auipc   t5, 0x6
core   0: 3 0x80009d68 (0x00006f17) x30 0x8000fd68
core   0: 0x80009d6c (0x283f2c23) sw      gp, 664(t5)
core   0: 3 0x80009d6c (0x283f2c23) mem 0x80010000 0x00000001
core   0: 0x80009d70 (0xff9ff06f) j       pc - 0x8
core   0: 3 0x80009d70 (0xff9ff06f)
core   0: 0x80009d68 (0x00006f17) auipc   t5, 0x6
core   0: 3 0x80009d68 (0x00006f17) x30 0x8000fd68
core   0: 0x80009d6c (0x283f2c23) sw      gp, 664(t5)
core   0: 3 0x80009d6c (0x283f2c23) mem 0x80010000 0x00000001
core   0: 0x80009d70 (0xff9ff06f) j       pc - 0x8
core   0: 3 0x80009d70 (0xff9ff06f)
core   0: 0x80009d68 (0x00006f17) auipc   t5, 0x6
core   0: 3 0x80009d68 (0x00006f17) x30 0x8000fd68
core   0: 0x80009d6c (0x283f2c23) sw      gp, 664(t5)
core   0: 3 0x80009d6c (0x283f2c23) mem 0x80010000 0x00000001
core   0: 0x80009d70 (0xff9ff06f) j       pc - 0x8
core   0: 3 0x80009d70 (0xff9ff06f)
core   0: 0x80009d68 (0x00006f17) auipc   t5, 0x6
core   0: 3 0x80009d68 (0x00006f17) x30 0x8000fd68
core   0: 0x80009d6c (0x283f2c23) sw      gp, 664(t5)
core   0: 3 0x80009d6c (0x283f2c23) mem 0x80010000 0x00000001
core   0: 0x80009d70 (0xff9ff06f) j       pc - 0x8
core   0: 3 0x80009d70 (0xff9ff06f)
core   0: 0x80009d68 (0x00006f17) auipc   t5, 0x6
core   0: 3 0x80009d68 (0x00006f17) x30 0x8000fd68
core   0: 0x80009d6c (0x283f2c23) sw      gp, 664(t5)
core   0: 3 0x80009d6c (0x283f2c23) mem 0x80010000 0x00000001
core   0: 0x80009d70 (0xff9ff06f) j       pc - 0x8
core   0: 3 0x80009d70 (0xff9ff06f)
core   0: 0x80009d68 (0x00006f17) auipc   t5, 0x6
core   0: 3 0x80009d68 (0x00006f17) x30 0x8000fd68
core   0: 0x80009d6c (0x283f2c23) sw      gp, 664(t5)
core   0: 3 0x80009d6c (0x283f2c23) mem 0x80010000 0x00000001
core   0: 0x80009d70 (0xff9ff06f) j       pc - 0x8
core   0: 3 0x80009d70 (0xff9ff06f)
core   0: 0x80009d68 (0x00006f17) auipc   t5, 0x6
core   0: 3 0x80009d68 (0x00006f17) x30 0x8000fd68
core   0: 0x80009d6c (0x283f2c23) sw      gp, 664(t5)
core   0: 3 0x80009d6c (0x283f2c23) mem 0x80010000 0x00000001
core   0: 0x80009d70 (0xff9ff06f) j       pc - 0x8
core   0: 3 0x80009d70 (0xff9ff06f)
core   0: 0x80009d68 (0x00006f17) auipc   t5, 0x6
core   0: 3 0x80009d68 (0x00006f17) x30 0x8000fd68
core   0: 0x80009d6c (0x283f2c23) sw      gp, 664(t5)
core   0: 3 0x80009d6c (0x283f2c23) mem 0x80010000 0x00000001
core   0: 0x80009d70 (0xff9ff06f) j       pc - 0x8
core   0: 3 0x80009d70 (0xff9ff06f)
core   0: 0x80009d68 (0x00006f17) auipc   t5, 0x6
core   0: 3 0x80009d68 (0x00006f17) x30 0x8000fd68
core   0: 0x80009d6c (0x283f2c23) sw      gp, 664(t5)
core   0: 3 0x80009d6c (0x283f2c23) mem 0x80010000 0x00000001
core   0: 0x80009d70 (0xff9ff06f) j       pc - 0x8
core   0: 3 0x80009d70 (0xff9ff06f)
core   0: 0x80009d68 (0x00006f17) auipc   t5, 0x6
core   0: 3 0x80009d68 (0x00006f17) x30 0x8000fd68
core   0: 0x80009d6c (0x283f2c23) sw      gp, 664(t5)
core   0: 3 0x80009d6c (0x283f2c23) mem 0x80010000 0x00000001
core   0: 0x80009d70 (0xff9ff06f) j       pc - 0x8
core   0: 3 0x80009d70 (0xff9ff06f)
core   0: 0x80009d68 (0x00006f17) auipc   t5, 0x6
core   0: 3 0x80009d68 (0x00006f17) x30 0x8000fd68
core   0: 0x80009d6c (0x283f2c23) sw      gp, 664(t5)
core   0: 3 0x80009d6c (0x283f2c23) mem 0x80010000 0x00000001
core   0: 0x80009d70 (0xff9ff06f) j       pc - 0x8
core   0: 3 0x80009d70 (0xff9ff06f)
core   0: 0x80009d68 (0x00006f17) auipc   t5, 0x6
core   0: 3 0x80009d68 (0x00006f17) x30 0x8000fd68
core   0: 0x80009d6c (0x283f2c23) sw      gp, 664(t5)
core   0: 3 0x80009d6c (0x283f2c23) mem 0x80010000 0x00000001
core   0: 0x80009d70 (0xff9ff06f) j       pc - 0x8
core   0: 3 0x80009d70 (0xff9ff06f)
core   0: 0x80009d68 (0x00006f17) auipc   t5, 0x6
core   0: 3 0x80009d68 (0x00006f17) x30 0x8000fd68
core   0: 0x80009d6c (0x283f2c23) sw      gp, 664(t5)
core   0: 3 0x80009d6c (0x283f2c23) mem 0x80010000 0x00000001
core   0: 0x80009d70 (0xff9ff06f) j       pc - 0x8
core   0: 3 0x80009d70 (0xff9ff06f)
core   0: 0x80009d68 (0x00006f17) auipc   t5, 0x6
core   0: 3 0x80009d68 (0x00006f17) x30 0x8000fd68
core   0: 0x80009d6c (0x283f2c23) sw      gp, 664(t5)
core   0: 3 0x80009d6c (0x283f2c23) mem 0x80010000 0x00000001
core   0: 0x80009d70 (0xff9ff06f) j       pc - 0x8
core   0: 3 0x80009d70 (0xff9ff06f)
core   0: 0x80009d68 (0x00006f17) auipc   t5, 0x6
core   0: 3 0x80009d68 (0x00006f17) x30 0x8000fd68
core   0: 0x80009d6c (0x283f2c23) sw      gp, 664(t5)
core   0: 3 0x80009d6c (0x283f2c23) mem 0x80010000 0x00000001
core   0: 0x80009d70 (0xff9ff06f) j       pc - 0x8
core   0: 3 0x80009d70 (0xff9ff06f)
core   0: 0x80009d68 (0x00006f17) auipc   t5, 0x6
core   0: 3 0x80009d68 (0x00006f17) x30 0x8000fd68
core   0: 0x80009d6c (0x283f2c23) sw      gp, 664(t5)
core   0: 3 0x80009d6c (0x283f2c23) mem 0x80010000 0x00000001
core   0: 0x80009d70 (0xff9ff06f) j       pc - 0x8
core   0: 3 0x80009d70 (0xff9ff06f)
core   0: 0x80009d68 (0x00006f17) auipc   t5, 0x6
core   0: 3 0x80009d68 (0x00006f17) x30 0x8000fd68
core   0: 0x80009d6c (0x283f2c23) sw      gp, 664(t5)
core   0: 3 0x80009d6c (0x283f2c23) mem 0x80010000 0x00000001
core   0: 0x80009d70 (0xff9ff06f) j       pc - 0x8
core   0: 3 0x80009d70 (0xff9ff06f)
core   0: 0x80009d68 (0x00006f17) auipc   t5, 0x6
core   0: 3 0x80009d68 (0x00006f17) x30 0x8000fd68
core   0: 0x80009d6c (0x283f2c23) sw      gp, 664(t5)
core   0: 3 0x80009d6c (0x283f2c23) mem 0x80010000 0x00000001
core   0: 0x80009d70 (0xff9ff06f) j       pc - 0x8
core   0: 3 0x80009d70 (0xff9ff06f)
core   0: 0x80009d68 (0x00006f17) auipc   t5, 0x6
core   0: 3 0x80009d68 (0x00006f17) x30 0x8000fd68
core   0: 0x80009d6c (0x283f2c23) sw      gp, 664(t5)
core   0: 3 0x80009d6c (0x283f2c23) mem 0x80010000 0x00000001
core   0: 0x80009d70 (0xff9ff06f) j       pc - 0x8
core   0: 3 0x80009d70 (0xff9ff06f)
core   0: 0x80009d68 (0x00006f17) auipc   t5, 0x6
core   0: 3 0x80009d68 (0x00006f17) x30 0x8000fd68
core   0: 0x80009d6c (0x283f2c23) sw      gp, 664(t5)
core   0: 3 0x80009d6c (0x283f2c23) mem 0x80010000 0x00000001
core   0: 0x80009d70 (0xff9ff06f) j       pc - 0x8
core   0: 3 0x80009d70 (0xff9ff06f)
core   0: 0x80009d68 (0x00006f17) auipc   t5, 0x6
core   0: 3 0x80009d68 (0x00006f17) x30 0x8000fd68
core   0: 0x80009d6c (0x283f2c23) sw      gp, 664(t5)
core   0: 3 0x80009d6c (0x283f2c23) mem 0x80010000 0x00000001
core   0: 0x80009d70 (0xff9ff06f) j       pc - 0x8
core   0: 3 0x80009d70 (0xff9ff06f)
core   0: 0x80009d68 (0x00006f17) auipc   t5, 0x6
core   0: 3 0x80009d68 (0x00006f17) x30 0x8000fd68
core   0: 0x80009d6c (0x283f2c23) sw      gp, 664(t5)
core   0: 3 0x80009d6c (0x283f2c23) mem 0x80010000 0x00000001
core   0: 0x80009d70 (0xff9ff06f) j       pc - 0x8
core   0: 3 0x80009d70 (0xff9ff06f)
core   0: 0x80009d68 (0x00006f17) auipc   t5, 0x6
core   0: 3 0x80009d68 (0x00006f17) x30 0x8000fd68
core   0: 0x80009d6c (0x283f2c23) sw      gp, 664(t5)
core   0: 3 0x80009d6c (0x283f2c23) mem 0x80010000 0x00000001
core   0: 0x80009d70 (0xff9ff06f) j       pc - 0x8
core   0: 3 0x80009d70 (0xff9ff06f)
core   0: 0x80009d68 (0x00006f17) auipc   t5, 0x6
core   0: 3 0x80009d68 (0x00006f17) x30 0x8000fd68
core   0: 0x80009d6c (0x283f2c23) sw      gp, 664(t5)
core   0: 3 0x80009d6c (0x283f2c23) mem 0x80010000 0x00000001
core   0: 0x80009d70 (0xff9ff06f) j       pc - 0x8
core   0: 3 0x80009d70 (0xff9ff06f)
core   0: 0x80009d68 (0x00006f17) auipc   t5, 0x6
core   0: 3 0x80009d68 (0x00006f17) x30 0x8000fd68
core   0: 0x80009d6c (0x283f2c23) sw      gp, 664(t5)
core   0: 3 0x80009d6c (0x283f2c23) mem 0x80010000 0x00000001
core   0: 0x80009d70 (0xff9ff06f) j       pc - 0x8
core   0: 3 0x80009d70 (0xff9ff06f)
core   0: 0x80009d68 (0x00006f17) auipc   t5, 0x6
core   0: 3 0x80009d68 (0x00006f17) x30 0x8000fd68
core   0: 0x80009d6c (0x283f2c23) sw      gp, 664(t5)
core   0: 3 0x80009d6c (0x283f2c23) mem 0x80010000 0x00000001
core   0: 0x80009d70 (0xff9ff06f) j       pc - 0x8
core   0: 3 0x80009d70 (0xff9ff06f)
core   0: 0x80009d68 (0x00006f17) auipc   t5, 0x6
core   0: 3 0x80009d68 (0x00006f17) x30 0x8000fd68
core   0: 0x80009d6c (0x283f2c23) sw      gp, 664(t5)
core   0: 3 0x80009d6c (0x283f2c23) mem 0x80010000 0x00000001
core   0: 0x80009d70 (0xff9ff06f) j       pc - 0x8
core   0: 3 0x80009d70 (0xff9ff06f)
core   0: 0x80009d68 (0x00006f17) auipc   t5, 0x6
core   0: 3 0x80009d68 (0x00006f17) x30 0x8000fd68
core   0: 0x80009d6c (0x283f2c23) sw      gp, 664(t5)
core   0: 3 0x80009d6c (0x283f2c23) mem 0x80010000 0x00000001
core   0: 0x80009d70 (0xff9ff06f) j       pc - 0x8
core   0: 3 0x80009d70 (0xff9ff06f)
core   0: 0x80009d68 (0x00006f17) auipc   t5, 0x6
core   0: 3 0x80009d68 (0x00006f17) x30 0x8000fd68
core   0: 0x80009d6c (0x283f2c23) sw      gp, 664(t5)
core   0: 3 0x80009d6c (0x283f2c23) mem 0x80010000 0x00000001
core   0: 0x80009d70 (0xff9ff06f) j       pc - 0x8
core   0: 3 0x80009d70 (0xff9ff06f)
core   0: 0x80009d68 (0x00006f17) auipc   t5, 0x6
core   0: 3 0x80009d68 (0x00006f17) x30 0x8000fd68
core   0: 0x80009d6c (0x283f2c23) sw      gp, 664(t5)
core   0: 3 0x80009d6c (0x283f2c23) mem 0x80010000 0x00000001
core   0: 0x80009d70 (0xff9ff06f) j       pc - 0x8
core   0: 3 0x80009d70 (0xff9ff06f)
core   0: 0x80009d68 (0x00006f17) auipc   t5, 0x6
core   0: 3 0x80009d68 (0x00006f17) x30 0x8000fd68
core   0: 0x80009d6c (0x283f2c23) sw      gp, 664(t5)
core   0: 3 0x80009d6c (0x283f2c23) mem 0x80010000 0x00000001
core   0: 0x80009d70 (0xff9ff06f) j       pc - 0x8
core   0: 3 0x80009d70 (0xff9ff06f)
core   0: 0x80009d68 (0x00006f17) auipc   t5, 0x6
core   0: 3 0x80009d68 (0x00006f17) x30 0x8000fd68
core   0: 0x80009d6c (0x283f2c23) sw      gp, 664(t5)
core   0: 3 0x80009d6c (0x283f2c23) mem 0x80010000 0x00000001
core   0: 0x80009d70 (0xff9ff06f) j       pc - 0x8
core   0: 3 0x80009d70 (0xff9ff06f)
core   0: 0x80009d68 (0x00006f17) auipc   t5, 0x6
core   0: 3 0x80009d68 (0x00006f17) x30 0x8000fd68
core   0: 0x80009d6c (0x283f2c23) sw      gp, 664(t5)
core   0: 3 0x80009d6c (0x283f2c23) mem 0x80010000 0x00000001
core   0: 0x80009d70 (0xff9ff06f) j       pc - 0x8
core   0: 3 0x80009d70 (0xff9ff06f)
core   0: 0x80009d68 (0x00006f17) auipc   t5, 0x6
core   0: 3 0x80009d68 (0x00006f17) x30 0x8000fd68
core   0: 0x80009d6c (0x283f2c23) sw      gp, 664(t5)
core   0: 3 0x80009d6c (0x283f2c23) mem 0x80010000 0x00000001
core   0: 0x80009d70 (0xff9ff06f) j       pc - 0x8
core   0: 3 0x80009d70 (0xff9ff06f)
core   0: 0x80009d68 (0x00006f17) auipc   t5, 0x6
core   0: 3 0x80009d68 (0x00006f17) x30 0x8000fd68
core   0: 0x80009d6c (0x283f2c23) sw      gp, 664(t5)
core   0: 3 0x80009d6c (0x283f2c23) mem 0x80010000 0x00000001
core   0: 0x80009d70 (0xff9ff06f) j       pc - 0x8
core   0: 3 0x80009d70 (0xff9ff06f)
core   0: 0x80009d68 (0x00006f17) auipc   t5, 0x6
core   0: 3 0x80009d68 (0x00006f17) x30 0x8000fd68
core   0: 0x80009d6c (0x283f2c23) sw      gp, 664(t5)
core   0: 3 0x80009d6c (0x283f2c23) mem 0x80010000 0x00000001
core   0: 0x80009d70 (0xff9ff06f) j       pc - 0x8
core   0: 3 0x80009d70 (0xff9ff06f)
core   0: 0x80009d68 (0x00006f17) auipc   t5, 0x6
core   0: 3 0x80009d68 (0x00006f17) x30 0x8000fd68
core   0: 0x80009d6c (0x283f2c23) sw      gp, 664(t5)
core   0: 3 0x80009d6c (0x283f2c23) mem 0x80010000 0x00000001
core   0: 0x80009d70 (0xff9ff06f) j       pc - 0x8
core   0: 3 0x80009d70 (0xff9ff06f)
core   0: 0x80009d68 (0x00006f17) auipc   t5, 0x6
core   0: 3 0x80009d68 (0x00006f17) x30 0x8000fd68
core   0: 0x80009d6c (0x283f2c23) sw      gp, 664(t5)
core   0: 3 0x80009d6c (0x283f2c23) mem 0x80010000 0x00000001
core   0: 0x80009d70 (0xff9ff06f) j       pc - 0x8
core   0: 3 0x80009d70 (0xff9ff06f)
core   0: 0x80009d68 (0x00006f17) auipc   t5, 0x6
core   0: 3 0x80009d68 (0x00006f17) x30 0x8000fd68
core   0: 0x80009d6c (0x283f2c23) sw      gp, 664(t5)
core   0: 3 0x80009d6c (0x283f2c23) mem 0x80010000 0x00000001
core   0: 0x80009d70 (0xff9ff06f) j       pc - 0x8
core   0: 3 0x80009d70 (0xff9ff06f)
core   0: 0x80009d68 (0x00006f17) auipc   t5, 0x6
core   0: 3 0x80009d68 (0x00006f17) x30 0x8000fd68
core   0: 0x80009d6c (0x283f2c23) sw      gp, 664(t5)
core   0: 3 0x80009d6c (0x283f2c23) mem 0x80010000 0x00000001
core   0: 0x80009d70 (0xff9ff06f) j       pc - 0x8
core   0: 3 0x80009d70 (0xff9ff06f)
core   0: 0x80009d68 (0x00006f17) auipc   t5, 0x6
core   0: 3 0x80009d68 (0x00006f17) x30 0x8000fd68
core   0: 0x80009d6c (0x283f2c23) sw      gp, 664(t5)
core   0: 3 0x80009d6c (0x283f2c23) mem 0x80010000 0x00000001
core   0: 0x80009d70 (0xff9ff06f) j       pc - 0x8
core   0: 3 0x80009d70 (0xff9ff06f)
core   0: 0x80009d68 (0x00006f17) auipc   t5, 0x6
core   0: 3 0x80009d68 (0x00006f17) x30 0x8000fd68
core   0: 0x80009d6c (0x283f2c23) sw      gp, 664(t5)
core   0: 3 0x80009d6c (0x283f2c23) mem 0x80010000 0x00000001
core   0: 0x80009d70 (0xff9ff06f) j       pc - 0x8
core   0: 3 0x80009d70 (0xff9ff06f)
core   0: 0x80009d68 (0x00006f17) auipc   t5, 0x6
core   0: 3 0x80009d68 (0x00006f17) x30 0x8000fd68
core   0: 0x80009d6c (0x283f2c23) sw      gp, 664(t5)
core   0: 3 0x80009d6c (0x283f2c23) mem 0x80010000 0x00000001
core   0: 0x80009d70 (0xff9ff06f) j       pc - 0x8
core   0: 3 0x80009d70 (0xff9ff06f)
core   0: 0x80009d68 (0x00006f17) auipc   t5, 0x6
core   0: 3 0x80009d68 (0x00006f17) x30 0x8000fd68
core   0: 0x80009d6c (0x283f2c23) sw      gp, 664(t5)
core   0: 3 0x80009d6c (0x283f2c23) mem 0x80010000 0x00000001
core   0: 0x80009d70 (0xff9ff06f) j       pc - 0x8
core   0: 3 0x80009d70 (0xff9ff06f)
core   0: 0x80009d68 (0x00006f17) auipc   t5, 0x6
core   0: 3 0x80009d68 (0x00006f17) x30 0x8000fd68
core   0: 0x80009d6c (0x283f2c23) sw      gp, 664(t5)
core   0: 3 0x80009d6c (0x283f2c23) mem 0x80010000 0x00000001
core   0: 0x80009d70 (0xff9ff06f) j       pc - 0x8
core   0: 3 0x80009d70 (0xff9ff06f)
core   0: 0x80009d68 (0x00006f17) auipc   t5, 0x6
core   0: 3 0x80009d68 (0x00006f17) x30 0x8000fd68
core   0: 0x80009d6c (0x283f2c23) sw      gp, 664(t5)
core   0: 3 0x80009d6c (0x283f2c23) mem 0x80010000 0x00000001
core   0: 0x80009d70 (0xff9ff06f) j       pc - 0x8
core   0: 3 0x80009d70 (0xff9ff06f)
core   0: 0x80009d68 (0x00006f17) auipc   t5, 0x6
core   0: 3 0x80009d68 (0x00006f17) x30 0x8000fd68
core   0: 0x80009d6c (0x283f2c23) sw      gp, 664(t5)
core   0: 3 0x80009d6c (0x283f2c23) mem 0x80010000 0x00000001
core   0: 0x80009d70 (0xff9ff06f) j       pc - 0x8
core   0: 3 0x80009d70 (0xff9ff06f)
core   0: 0x80009d68 (0x00006f17) auipc   t5, 0x6
core   0: 3 0x80009d68 (0x00006f17) x30 0x8000fd68
core   0: 0x80009d6c (0x283f2c23) sw      gp, 664(t5)
core   0: 3 0x80009d6c (0x283f2c23) mem 0x80010000 0x00000001
core   0: 0x80009d70 (0xff9ff06f) j       pc - 0x8
core   0: 3 0x80009d70 (0xff9ff06f)
core   0: 0x80009d68 (0x00006f17) auipc   t5, 0x6
core   0: 3 0x80009d68 (0x00006f17) x30 0x8000fd68
core   0: 0x80009d6c (0x283f2c23) sw      gp, 664(t5)
core   0: 3 0x80009d6c (0x283f2c23) mem 0x80010000 0x00000001
core   0: 0x80009d70 (0xff9ff06f) j       pc - 0x8
core   0: 3 0x80009d70 (0xff9ff06f)
core   0: 0x80009d68 (0x00006f17) auipc   t5, 0x6
core   0: 3 0x80009d68 (0x00006f17) x30 0x8000fd68
core   0: 0x80009d6c (0x283f2c23) sw      gp, 664(t5)
core   0: 3 0x80009d6c (0x283f2c23) mem 0x80010000 0x00000001
core   0: 0x80009d70 (0xff9ff06f) j       pc - 0x8
core   0: 3 0x80009d70 (0xff9ff06f)
core   0: 0x80009d68 (0x00006f17) auipc   t5, 0x6
core   0: 3 0x80009d68 (0x00006f17) x30 0x8000fd68
core   0: 0x80009d6c (0x283f2c23) sw      gp, 664(t5)
core   0: 3 0x80009d6c (0x283f2c23) mem 0x80010000 0x00000001
core   0: 0x80009d70 (0xff9ff06f) j       pc - 0x8
core   0: 3 0x80009d70 (0xff9ff06f)
core   0: 0x80009d68 (0x00006f17) auipc   t5, 0x6
core   0: 3 0x80009d68 (0x00006f17) x30 0x8000fd68
core   0: 0x80009d6c (0x283f2c23) sw      gp, 664(t5)
core   0: 3 0x80009d6c (0x283f2c23) mem 0x80010000 0x00000001
core   0: 0x80009d70 (0xff9ff06f) j       pc - 0x8
core   0: 3 0x80009d70 (0xff9ff06f)
core   0: 0x80009d68 (0x00006f17) auipc   t5, 0x6
core   0: 3 0x80009d68 (0x00006f17) x30 0x8000fd68
core   0: 0x80009d6c (0x283f2c23) sw      gp, 664(t5)
core   0: 3 0x80009d6c (0x283f2c23) mem 0x80010000 0x00000001
core   0: 0x80009d70 (0xff9ff06f) j       pc - 0x8
core   0: 3 0x80009d70 (0xff9ff06f)
core   0: 0x80009d68 (0x00006f17) auipc   t5, 0x6
core   0: 3 0x80009d68 (0x00006f17) x30 0x8000fd68
core   0: 0x80009d6c (0x283f2c23) sw      gp, 664(t5)
core   0: 3 0x80009d6c (0x283f2c23) mem 0x80010000 0x00000001
core   0: 0x80009d70 (0xff9ff06f) j       pc - 0x8
core   0: 3 0x80009d70 (0xff9ff06f)
core   0: 0x80009d68 (0x00006f17) auipc   t5, 0x6
core   0: 3 0x80009d68 (0x00006f17) x30 0x8000fd68
core   0: 0x80009d6c (0x283f2c23) sw      gp, 664(t5)
core   0: 3 0x80009d6c (0x283f2c23) mem 0x80010000 0x00000001
core   0: 0x80009d70 (0xff9ff06f) j       pc - 0x8
core   0: 3 0x80009d70 (0xff9ff06f)
core   0: 0x80009d68 (0x00006f17) auipc   t5, 0x6
core   0: 3 0x80009d68 (0x00006f17) x30 0x8000fd68
core   0: 0x80009d6c (0x283f2c23) sw      gp, 664(t5)
core   0: 3 0x80009d6c (0x283f2c23) mem 0x80010000 0x00000001
core   0: 0x80009d70 (0xff9ff06f) j       pc - 0x8
core   0: 3 0x80009d70 (0xff9ff06f)
core   0: 0x80009d68 (0x00006f17) auipc   t5, 0x6
core   0: 3 0x80009d68 (0x00006f17) x30 0x8000fd68
core   0: 0x80009d6c (0x283f2c23) sw      gp, 664(t5)
core   0: 3 0x80009d6c (0x283f2c23) mem 0x80010000 0x00000001
core   0: 0x80009d70 (0xff9ff06f) j       pc - 0x8
core   0: 3 0x80009d70 (0xff9ff06f)
core   0: 0x80009d68 (0x00006f17) auipc   t5, 0x6
core   0: 3 0x80009d68 (0x00006f17) x30 0x8000fd68
core   0: 0x80009d6c (0x283f2c23) sw      gp, 664(t5)
core   0: 3 0x80009d6c (0x283f2c23) mem 0x80010000 0x00000001
core   0: 0x80009d70 (0xff9ff06f) j       pc - 0x8
core   0: 3 0x80009d70 (0xff9ff06f)
core   0: 0x80009d68 (0x00006f17) auipc   t5, 0x6
core   0: 3 0x80009d68 (0x00006f17) x30 0x8000fd68
core   0: 0x80009d6c (0x283f2c23) sw      gp, 664(t5)
core   0: 3 0x80009d6c (0x283f2c23) mem 0x80010000 0x00000001
core   0: 0x80009d70 (0xff9ff06f) j       pc - 0x8
core   0: 3 0x80009d70 (0xff9ff06f)
core   0: 0x80009d68 (0x00006f17) auipc   t5, 0x6
core   0: 3 0x80009d68 (0x00006f17) x30 0x8000fd68
core   0: 0x80009d6c (0x283f2c23) sw      gp, 664(t5)
core   0: 3 0x80009d6c (0x283f2c23) mem 0x80010000 0x00000001
core   0: 0x80009d70 (0xff9ff06f) j       pc - 0x8
core   0: 3 0x80009d70 (0xff9ff06f)
core   0: 0x80009d68 (0x00006f17) auipc   t5, 0x6
core   0: 3 0x80009d68 (0x00006f17) x30 0x8000fd68
core   0: 0x80009d6c (0x283f2c23) sw      gp, 664(t5)
core   0: 3 0x80009d6c (0x283f2c23) mem 0x80010000 0x00000001
core   0: 0x80009d70 (0xff9ff06f) j       pc - 0x8
core   0: 3 0x80009d70 (0xff9ff06f)
core   0: 0x80009d68 (0x00006f17) auipc   t5, 0x6
core   0: 3 0x80009d68 (0x00006f17) x30 0x8000fd68
core   0: 0x80009d6c (0x283f2c23) sw      gp, 664(t5)
core   0: 3 0x80009d6c (0x283f2c23) mem 0x80010000 0x00000001
core   0: 0x80009d70 (0xff9ff06f) j       pc - 0x8
core   0: 3 0x80009d70 (0xff9ff06f)
core   0: 0x80009d68 (0x00006f17) auipc   t5, 0x6
core   0: 3 0x80009d68 (0x00006f17) x30 0x8000fd68
core   0: 0x80009d6c (0x283f2c23) sw      gp, 664(t5)
core   0: 3 0x80009d6c (0x283f2c23) mem 0x80010000 0x00000001
core   0: 0x80009d70 (0xff9ff06f) j       pc - 0x8
core   0: 3 0x80009d70 (0xff9ff06f)
core   0: 0x80009d68 (0x00006f17) auipc   t5, 0x6
core   0: 3 0x80009d68 (0x00006f17) x30 0x8000fd68
core   0: 0x80009d6c (0x283f2c23) sw      gp, 664(t5)
core   0: 3 0x80009d6c (0x283f2c23) mem 0x80010000 0x00000001
core   0: 0x80009d70 (0xff9ff06f) j       pc - 0x8
core   0: 3 0x80009d70 (0xff9ff06f)
core   0: 0x80009d68 (0x00006f17) auipc   t5, 0x6
core   0: 3 0x80009d68 (0x00006f17) x30 0x8000fd68
core   0: 0x80009d6c (0x283f2c23) sw      gp, 664(t5)
core   0: 3 0x80009d6c (0x283f2c23) mem 0x80010000 0x00000001
core   0: 0x80009d70 (0xff9ff06f) j       pc - 0x8
core   0: 3 0x80009d70 (0xff9ff06f)
core   0: 0x80009d68 (0x00006f17) auipc   t5, 0x6
core   0: 3 0x80009d68 (0x00006f17) x30 0x8000fd68
core   0: 0x80009d6c (0x283f2c23) sw      gp, 664(t5)
core   0: 3 0x80009d6c (0x283f2c23) mem 0x80010000 0x00000001
core   0: 0x80009d70 (0xff9ff06f) j       pc - 0x8
core   0: 3 0x80009d70 (0xff9ff06f)
core   0: 0x80009d68 (0x00006f17) auipc   t5, 0x6
core   0: 3 0x80009d68 (0x00006f17) x30 0x8000fd68
core   0: 0x80009d6c (0x283f2c23) sw      gp, 664(t5)
core   0: 3 0x80009d6c (0x283f2c23) mem 0x80010000 0x00000001
core   0: 0x80009d70 (0xff9ff06f) j       pc - 0x8
core   0: 3 0x80009d70 (0xff9ff06f)
core   0: 0x80009d68 (0x00006f17) auipc   t5, 0x6
core   0: 3 0x80009d68 (0x00006f17) x30 0x8000fd68
core   0: 0x80009d6c (0x283f2c23) sw      gp, 664(t5)
core   0: 3 0x80009d6c (0x283f2c23) mem 0x80010000 0x00000001
core   0: 0x80009d70 (0xff9ff06f) j       pc - 0x8
core   0: 3 0x80009d70 (0xff9ff06f)
core   0: 0x80009d68 (0x00006f17) auipc   t5, 0x6
core   0: 3 0x80009d68 (0x00006f17) x30 0x8000fd68
core   0: 0x80009d6c (0x283f2c23) sw      gp, 664(t5)
core   0: 3 0x80009d6c (0x283f2c23) mem 0x80010000 0x00000001
core   0: 0x80009d70 (0xff9ff06f) j       pc - 0x8
core   0: 3 0x80009d70 (0xff9ff06f)
core   0: 0x80009d68 (0x00006f17) auipc   t5, 0x6
core   0: 3 0x80009d68 (0x00006f17) x30 0x8000fd68
core   0: 0x80009d6c (0x283f2c23) sw      gp, 664(t5)
core   0: 3 0x80009d6c (0x283f2c23) mem 0x80010000 0x00000001
core   0: 0x80009d70 (0xff9ff06f) j       pc - 0x8
core   0: 3 0x80009d70 (0xff9ff06f)
core   0: 0x80009d68 (0x00006f17) auipc   t5, 0x6
core   0: 3 0x80009d68 (0x00006f17) x30 0x8000fd68
core   0: 0x80009d6c (0x283f2c23) sw      gp, 664(t5)
core   0: 3 0x80009d6c (0x283f2c23) mem 0x80010000 0x00000001
core   0: 0x80009d70 (0xff9ff06f) j       pc - 0x8
core   0: 3 0x80009d70 (0xff9ff06f)
core   0: 0x80009d68 (0x00006f17) auipc   t5, 0x6
core   0: 3 0x80009d68 (0x00006f17) x30 0x8000fd68
core   0: 0x80009d6c (0x283f2c23) sw      gp, 664(t5)
core   0: 3 0x80009d6c (0x283f2c23) mem 0x80010000 0x00000001
core   0: 0x80009d70 (0xff9ff06f) j       pc - 0x8
core   0: 3 0x80009d70 (0xff9ff06f)
core   0: 0x80009d68 (0x00006f17) auipc   t5, 0x6
core   0: 3 0x80009d68 (0x00006f17) x30 0x8000fd68
core   0: 0x80009d6c (0x283f2c23) sw      gp, 664(t5)
core   0: 3 0x80009d6c (0x283f2c23) mem 0x80010000 0x00000001
core   0: 0x80009d70 (0xff9ff06f) j       pc - 0x8
core   0: 3 0x80009d70 (0xff9ff06f)
core   0: 0x80009d68 (0x00006f17) auipc   t5, 0x6
core   0: 3 0x80009d68 (0x00006f17) x30 0x8000fd68
core   0: 0x80009d6c (0x283f2c23) sw      gp, 664(t5)
core   0: 3 0x80009d6c (0x283f2c23) mem 0x80010000 0x00000001
core   0: 0x80009d70 (0xff9ff06f) j       pc - 0x8
core   0: 3 0x80009d70 (0xff9ff06f)
core   0: 0x80009d68 (0x00006f17) auipc   t5, 0x6
core   0: 3 0x80009d68 (0x00006f17) x30 0x8000fd68
core   0: 0x80009d6c (0x283f2c23) sw      gp, 664(t5)
core   0: 3 0x80009d6c (0x283f2c23) mem 0x80010000 0x00000001
core   0: 0x80009d70 (0xff9ff06f) j       pc - 0x8
core   0: 3 0x80009d70 (0xff9ff06f)
core   0: 0x80009d68 (0x00006f17) auipc   t5, 0x6
core   0: 3 0x80009d68 (0x00006f17) x30 0x8000fd68
core   0: 0x80009d6c (0x283f2c23) sw      gp, 664(t5)
core   0: 3 0x80009d6c (0x283f2c23) mem 0x80010000 0x00000001
core   0: 0x80009d70 (0xff9ff06f) j       pc - 0x8
core   0: 3 0x80009d70 (0xff9ff06f)
core   0: 0x80009d68 (0x00006f17) auipc   t5, 0x6
core   0: 3 0x80009d68 (0x00006f17) x30 0x8000fd68
core   0: 0x80009d6c (0x283f2c23) sw      gp, 664(t5)
core   0: 3 0x80009d6c (0x283f2c23) mem 0x80010000 0x00000001
core   0: 0x80009d70 (0xff9ff06f) j       pc - 0x8
core   0: 3 0x80009d70 (0xff9ff06f)
core   0: 0x80009d68 (0x00006f17) auipc   t5, 0x6
core   0: 3 0x80009d68 (0x00006f17) x30 0x8000fd68
core   0: 0x80009d6c (0x283f2c23) sw      gp, 664(t5)
core   0: 3 0x80009d6c (0x283f2c23) mem 0x80010000 0x00000001
core   0: 0x80009d70 (0xff9ff06f) j       pc - 0x8
core   0: 3 0x80009d70 (0xff9ff06f)
core   0: 0x80009d68 (0x00006f17) auipc   t5, 0x6
core   0: 3 0x80009d68 (0x00006f17) x30 0x8000fd68
core   0: 0x80009d6c (0x283f2c23) sw      gp, 664(t5)
core   0: 3 0x80009d6c (0x283f2c23) mem 0x80010000 0x00000001
core   0: 0x80009d70 (0xff9ff06f) j       pc - 0x8
core   0: 3 0x80009d70 (0xff9ff06f)
core   0: 0x80009d68 (0x00006f17) auipc   t5, 0x6
core   0: 3 0x80009d68 (0x00006f17) x30 0x8000fd68
core   0: 0x80009d6c (0x283f2c23) sw      gp, 664(t5)
core   0: 3 0x80009d6c (0x283f2c23) mem 0x80010000 0x00000001
core   0: 0x80009d70 (0xff9ff06f) j       pc - 0x8
core   0: 3 0x80009d70 (0xff9ff06f)
core   0: 0x80009d68 (0x00006f17) auipc   t5, 0x6
core   0: 3 0x80009d68 (0x00006f17) x30 0x8000fd68
core   0: 0x80009d6c (0x283f2c23) sw      gp, 664(t5)
core   0: 3 0x80009d6c (0x283f2c23) mem 0x80010000 0x00000001
core   0: 0x80009d70 (0xff9ff06f) j       pc - 0x8
core   0: 3 0x80009d70 (0xff9ff06f)
core   0: 0x80009d68 (0x00006f17) auipc   t5, 0x6
core   0: 3 0x80009d68 (0x00006f17) x30 0x8000fd68
core   0: 0x80009d6c (0x283f2c23) sw      gp, 664(t5)
core   0: 3 0x80009d6c (0x283f2c23) mem 0x80010000 0x00000001
core   0: 0x80009d70 (0xff9ff06f) j       pc - 0x8
core   0: 3 0x80009d70 (0xff9ff06f)
core   0: 0x80009d68 (0x00006f17) auipc   t5, 0x6
core   0: 3 0x80009d68 (0x00006f17) x30 0x8000fd68
core   0: 0x80009d6c (0x283f2c23) sw      gp, 664(t5)
core   0: 3 0x80009d6c (0x283f2c23) mem 0x80010000 0x00000001
core   0: 0x80009d70 (0xff9ff06f) j       pc - 0x8
core   0: 3 0x80009d70 (0xff9ff06f)
core   0: 0x80009d68 (0x00006f17) auipc   t5, 0x6
core   0: 3 0x80009d68 (0x00006f17) x30 0x8000fd68
core   0: 0x80009d6c (0x283f2c23) sw      gp, 664(t5)
core   0: 3 0x80009d6c (0x283f2c23) mem 0x80010000 0x00000001
core   0: 0x80009d70 (0xff9ff06f) j       pc - 0x8
core   0: 3 0x80009d70 (0xff9ff06f)
core   0: 0x80009d68 (0x00006f17) auipc   t5, 0x6
core   0: 3 0x80009d68 (0x00006f17) x30 0x8000fd68
core   0: 0x80009d6c (0x283f2c23) sw      gp, 664(t5)
core   0: 3 0x80009d6c (0x283f2c23) mem 0x80010000 0x00000001
core   0: 0x80009d70 (0xff9ff06f) j       pc - 0x8
core   0: 3 0x80009d70 (0xff9ff06f)
core   0: 0x80009d68 (0x00006f17) auipc   t5, 0x6
core   0: 3 0x80009d68 (0x00006f17) x30 0x8000fd68
core   0: 0x80009d6c (0x283f2c23) sw      gp, 664(t5)
core   0: 3 0x80009d6c (0x283f2c23) mem 0x80010000 0x00000001
core   0: 0x80009d70 (0xff9ff06f) j       pc - 0x8
core   0: 3 0x80009d70 (0xff9ff06f)
core   0: 0x80009d68 (0x00006f17) auipc   t5, 0x6
core   0: 3 0x80009d68 (0x00006f17) x30 0x8000fd68
core   0: 0x80009d6c (0x283f2c23) sw      gp, 664(t5)
core   0: 3 0x80009d6c (0x283f2c23) mem 0x80010000 0x00000001
core   0: 0x80009d70 (0xff9ff06f) j       pc - 0x8
core   0: 3 0x80009d70 (0xff9ff06f)
core   0: 0x80009d68 (0x00006f17) auipc   t5, 0x6
core   0: 3 0x80009d68 (0x00006f17) x30 0x8000fd68
core   0: 0x80009d6c (0x283f2c23) sw      gp, 664(t5)
core   0: 3 0x80009d6c (0x283f2c23) mem 0x80010000 0x00000001
core   0: 0x80009d70 (0xff9ff06f) j       pc - 0x8
core   0: 3 0x80009d70 (0xff9ff06f)
core   0: 0x80009d68 (0x00006f17) auipc   t5, 0x6
core   0: 3 0x80009d68 (0x00006f17) x30 0x8000fd68
core   0: 0x80009d6c (0x283f2c23) sw      gp, 664(t5)
core   0: 3 0x80009d6c (0x283f2c23) mem 0x80010000 0x00000001
core   0: 0x80009d70 (0xff9ff06f) j       pc - 0x8
core   0: 3 0x80009d70 (0xff9ff06f)
core   0: 0x80009d68 (0x00006f17) auipc   t5, 0x6
core   0: 3 0x80009d68 (0x00006f17) x30 0x8000fd68
core   0: 0x80009d6c (0x283f2c23) sw      gp, 664(t5)
core   0: 3 0x80009d6c (0x283f2c23) mem 0x80010000 0x00000001
core   0: 0x80009d70 (0xff9ff06f) j       pc - 0x8
core   0: 3 0x80009d70 (0xff9ff06f)
core   0: 0x80009d68 (0x00006f17) auipc   t5, 0x6
core   0: 3 0x80009d68 (0x00006f17) x30 0x8000fd68
core   0: 0x80009d6c (0x283f2c23) sw      gp, 664(t5)
core   0: 3 0x80009d6c (0x283f2c23) mem 0x80010000 0x00000001
core   0: 0x80009d70 (0xff9ff06f) j       pc - 0x8
core   0: 3 0x80009d70 (0xff9ff06f)
core   0: 0x80009d68 (0x00006f17) auipc   t5, 0x6
core   0: 3 0x80009d68 (0x00006f17) x30 0x8000fd68
core   0: 0x80009d6c (0x283f2c23) sw      gp, 664(t5)
core   0: 3 0x80009d6c (0x283f2c23) mem 0x80010000 0x00000001
core   0: 0x80009d70 (0xff9ff06f) j       pc - 0x8
core   0: 3 0x80009d70 (0xff9ff06f)
core   0: 0x80009d68 (0x00006f17) auipc   t5, 0x6
core   0: 3 0x80009d68 (0x00006f17) x30 0x8000fd68
core   0: 0x80009d6c (0x283f2c23) sw      gp, 664(t5)
core   0: 3 0x80009d6c (0x283f2c23) mem 0x80010000 0x00000001
core   0: 0x80009d70 (0xff9ff06f) j       pc - 0x8
core   0: 3 0x80009d70 (0xff9ff06f)
core   0: 0x80009d68 (0x00006f17) auipc   t5, 0x6
core   0: 3 0x80009d68 (0x00006f17) x30 0x8000fd68
core   0: 0x80009d6c (0x283f2c23) sw      gp, 664(t5)
core   0: 3 0x80009d6c (0x283f2c23) mem 0x80010000 0x00000001
core   0: 0x80009d70 (0xff9ff06f) j       pc - 0x8
core   0: 3 0x80009d70 (0xff9ff06f)
core   0: 0x80009d68 (0x00006f17) auipc   t5, 0x6
core   0: 3 0x80009d68 (0x00006f17) x30 0x8000fd68
core   0: 0x80009d6c (0x283f2c23) sw      gp, 664(t5)
core   0: 3 0x80009d6c (0x283f2c23) mem 0x80010000 0x00000001
core   0: 0x80009d70 (0xff9ff06f) j       pc - 0x8
core   0: 3 0x80009d70 (0xff9ff06f)
core   0: 0x80009d68 (0x00006f17) auipc   t5, 0x6
core   0: 3 0x80009d68 (0x00006f17) x30 0x8000fd68
core   0: 0x80009d6c (0x283f2c23) sw      gp, 664(t5)
core   0: 3 0x80009d6c (0x283f2c23) mem 0x80010000 0x00000001
core   0: 0x80009d70 (0xff9ff06f) j       pc - 0x8
core   0: 3 0x80009d70 (0xff9ff06f)
core   0: 0x80009d68 (0x00006f17) auipc   t5, 0x6
core   0: 3 0x80009d68 (0x00006f17) x30 0x8000fd68
core   0: 0x80009d6c (0x283f2c23) sw      gp, 664(t5)
core   0: 3 0x80009d6c (0x283f2c23) mem 0x80010000 0x00000001
core   0: 0x80009d70 (0xff9ff06f) j       pc - 0x8
core   0: 3 0x80009d70 (0xff9ff06f)
core   0: 0x80009d68 (0x00006f17) auipc   t5, 0x6
core   0: 3 0x80009d68 (0x00006f17) x30 0x8000fd68
core   0: 0x80009d6c (0x283f2c23) sw      gp, 664(t5)
core   0: 3 0x80009d6c (0x283f2c23) mem 0x80010000 0x00000001
core   0: 0x80009d70 (0xff9ff06f) j       pc - 0x8
core   0: 3 0x80009d70 (0xff9ff06f)
core   0: 0x80009d68 (0x00006f17) auipc   t5, 0x6
core   0: 3 0x80009d68 (0x00006f17) x30 0x8000fd68
core   0: 0x80009d6c (0x283f2c23) sw      gp, 664(t5)
core   0: 3 0x80009d6c (0x283f2c23) mem 0x80010000 0x00000001
core   0: 0x80009d70 (0xff9ff06f) j       pc - 0x8
core   0: 3 0x80009d70 (0xff9ff06f)
core   0: 0x80009d68 (0x00006f17) auipc   t5, 0x6
core   0: 3 0x80009d68 (0x00006f17) x30 0x8000fd68
core   0: 0x80009d6c (0x283f2c23) sw      gp, 664(t5)
core   0: 3 0x80009d6c (0x283f2c23) mem 0x80010000 0x00000001
core   0: 0x80009d70 (0xff9ff06f) j       pc - 0x8
core   0: 3 0x80009d70 (0xff9ff06f)
core   0: 0x80009d68 (0x00006f17) auipc   t5, 0x6
core   0: 3 0x80009d68 (0x00006f17) x30 0x8000fd68
core   0: 0x80009d6c (0x283f2c23) sw      gp, 664(t5)
core   0: 3 0x80009d6c (0x283f2c23) mem 0x80010000 0x00000001
core   0: 0x80009d70 (0xff9ff06f) j       pc - 0x8
core   0: 3 0x80009d70 (0xff9ff06f)
core   0: 0x80009d68 (0x00006f17) auipc   t5, 0x6
core   0: 3 0x80009d68 (0x00006f17) x30 0x8000fd68
core   0: 0x80009d6c (0x283f2c23) sw      gp, 664(t5)
core   0: 3 0x80009d6c (0x283f2c23) mem 0x80010000 0x00000001
core   0: 0x80009d70 (0xff9ff06f) j       pc - 0x8
core   0: 3 0x80009d70 (0xff9ff06f)
core   0: 0x80009d68 (0x00006f17) auipc   t5, 0x6
core   0: 3 0x80009d68 (0x00006f17) x30 0x8000fd68
core   0: 0x80009d6c (0x283f2c23) sw      gp, 664(t5)
core   0: 3 0x80009d6c (0x283f2c23) mem 0x80010000 0x00000001
core   0: 0x80009d70 (0xff9ff06f) j       pc - 0x8
core   0: 3 0x80009d70 (0xff9ff06f)
core   0: 0x80009d68 (0x00006f17) auipc   t5, 0x6
core   0: 3 0x80009d68 (0x00006f17) x30 0x8000fd68
core   0: 0x80009d6c (0x283f2c23) sw      gp, 664(t5)
core   0: 3 0x80009d6c (0x283f2c23) mem 0x80010000 0x00000001
core   0: 0x80009d70 (0xff9ff06f) j       pc - 0x8
core   0: 3 0x80009d70 (0xff9ff06f)
core   0: 0x80009d68 (0x00006f17) auipc   t5, 0x6
core   0: 3 0x80009d68 (0x00006f17) x30 0x8000fd68
core   0: 0x80009d6c (0x283f2c23) sw      gp, 664(t5)
core   0: 3 0x80009d6c (0x283f2c23) mem 0x80010000 0x00000001
core   0: 0x80009d70 (0xff9ff06f) j       pc - 0x8
core   0: 3 0x80009d70 (0xff9ff06f)
core   0: 0x80009d68 (0x00006f17) auipc   t5, 0x6
core   0: 3 0x80009d68 (0x00006f17) x30 0x8000fd68
core   0: 0x80009d6c (0x283f2c23) sw      gp, 664(t5)
core   0: 3 0x80009d6c (0x283f2c23) mem 0x80010000 0x00000001
core   0: 0x80009d70 (0xff9ff06f) j       pc - 0x8
core   0: 3 0x80009d70 (0xff9ff06f)
core   0: 0x80009d68 (0x00006f17) auipc   t5, 0x6
core   0: 3 0x80009d68 (0x00006f17) x30 0x8000fd68
core   0: 0x80009d6c (0x283f2c23) sw      gp, 664(t5)
core   0: 3 0x80009d6c (0x283f2c23) mem 0x80010000 0x00000001
core   0: 0x80009d70 (0xff9ff06f) j       pc - 0x8
core   0: 3 0x80009d70 (0xff9ff06f)
core   0: 0x80009d68 (0x00006f17) auipc   t5, 0x6
core   0: 3 0x80009d68 (0x00006f17) x30 0x8000fd68
core   0: 0x80009d6c (0x283f2c23) sw      gp, 664(t5)
core   0: 3 0x80009d6c (0x283f2c23) mem 0x80010000 0x00000001
core   0: 0x80009d70 (0xff9ff06f) j       pc - 0x8
core   0: 3 0x80009d70 (0xff9ff06f)
core   0: 0x80009d68 (0x00006f17) auipc   t5, 0x6
core   0: 3 0x80009d68 (0x00006f17) x30 0x8000fd68
core   0: 0x80009d6c (0x283f2c23) sw      gp, 664(t5)
core   0: 3 0x80009d6c (0x283f2c23) mem 0x80010000 0x00000001
core   0: 0x80009d70 (0xff9ff06f) j       pc - 0x8
core   0: 3 0x80009d70 (0xff9ff06f)
core   0: 0x80009d68 (0x00006f17) auipc   t5, 0x6
core   0: 3 0x80009d68 (0x00006f17) x30 0x8000fd68
core   0: 0x80009d6c (0x283f2c23) sw      gp, 664(t5)
core   0: 3 0x80009d6c (0x283f2c23) mem 0x80010000 0x00000001
core   0: 0x80009d70 (0xff9ff06f) j       pc - 0x8
core   0: 3 0x80009d70 (0xff9ff06f)
core   0: 0x80009d68 (0x00006f17) auipc   t5, 0x6
core   0: 3 0x80009d68 (0x00006f17) x30 0x8000fd68
core   0: 0x80009d6c (0x283f2c23) sw      gp, 664(t5)
core   0: 3 0x80009d6c (0x283f2c23) mem 0x80010000 0x00000001
core   0: 0x80009d70 (0xff9ff06f) j       pc - 0x8
core   0: 3 0x80009d70 (0xff9ff06f)
core   0: 0x80009d68 (0x00006f17) auipc   t5, 0x6
core   0: 3 0x80009d68 (0x00006f17) x30 0x8000fd68
core   0: 0x80009d6c (0x283f2c23) sw      gp, 664(t5)
core   0: 3 0x80009d6c (0x283f2c23) mem 0x80010000 0x00000001
core   0: 0x80009d70 (0xff9ff06f) j       pc - 0x8
core   0: 3 0x80009d70 (0xff9ff06f)
core   0: 0x80009d68 (0x00006f17) auipc   t5, 0x6
core   0: 3 0x80009d68 (0x00006f17) x30 0x8000fd68
core   0: 0x80009d6c (0x283f2c23) sw      gp, 664(t5)
core   0: 3 0x80009d6c (0x283f2c23) mem 0x80010000 0x00000001
core   0: 0x80009d70 (0xff9ff06f) j       pc - 0x8
core   0: 3 0x80009d70 (0xff9ff06f)
core   0: 0x80009d68 (0x00006f17) auipc   t5, 0x6
core   0: 3 0x80009d68 (0x00006f17) x30 0x8000fd68
core   0: 0x80009d6c (0x283f2c23) sw      gp, 664(t5)
core   0: 3 0x80009d6c (0x283f2c23) mem 0x80010000 0x00000001
core   0: 0x80009d70 (0xff9ff06f) j       pc - 0x8
core   0: 3 0x80009d70 (0xff9ff06f)
core   0: 0x80009d68 (0x00006f17) auipc   t5, 0x6
core   0: 3 0x80009d68 (0x00006f17) x30 0x8000fd68
core   0: 0x80009d6c (0x283f2c23) sw      gp, 664(t5)
core   0: 3 0x80009d6c (0x283f2c23) mem 0x80010000 0x00000001
core   0: 0x80009d70 (0xff9ff06f) j       pc - 0x8
core   0: 3 0x80009d70 (0xff9ff06f)
core   0: 0x80009d68 (0x00006f17) auipc   t5, 0x6
core   0: 3 0x80009d68 (0x00006f17) x30 0x8000fd68
core   0: 0x80009d6c (0x283f2c23) sw      gp, 664(t5)
core   0: 3 0x80009d6c (0x283f2c23) mem 0x80010000 0x00000001
core   0: 0x80009d70 (0xff9ff06f) j       pc - 0x8
core   0: 3 0x80009d70 (0xff9ff06f)
core   0: 0x80009d68 (0x00006f17) auipc   t5, 0x6
core   0: 3 0x80009d68 (0x00006f17) x30 0x8000fd68
core   0: 0x80009d6c (0x283f2c23) sw      gp, 664(t5)
core   0: 3 0x80009d6c (0x283f2c23) mem 0x80010000 0x00000001
core   0: 0x80009d70 (0xff9ff06f) j       pc - 0x8
core   0: 3 0x80009d70 (0xff9ff06f)
core   0: 0x80009d68 (0x00006f17) auipc   t5, 0x6
core   0: 3 0x80009d68 (0x00006f17) x30 0x8000fd68
core   0: 0x80009d6c (0x283f2c23) sw      gp, 664(t5)
core   0: 3 0x80009d6c (0x283f2c23) mem 0x80010000 0x00000001
core   0: 0x80009d70 (0xff9ff06f) j       pc - 0x8
core   0: 3 0x80009d70 (0xff9ff06f)
core   0: 0x80009d68 (0x00006f17) auipc   t5, 0x6
core   0: 3 0x80009d68 (0x00006f17) x30 0x8000fd68
core   0: 0x80009d6c (0x283f2c23) sw      gp, 664(t5)
core   0: 3 0x80009d6c (0x283f2c23) mem 0x80010000 0x00000001
core   0: 0x80009d70 (0xff9ff06f) j       pc - 0x8
core   0: 3 0x80009d70 (0xff9ff06f)
core   0: 0x80009d68 (0x00006f17) auipc   t5, 0x6
core   0: 3 0x80009d68 (0x00006f17) x30 0x8000fd68
core   0: 0x80009d6c (0x283f2c23) sw      gp, 664(t5)
core   0: 3 0x80009d6c (0x283f2c23) mem 0x80010000 0x00000001
core   0: 0x80009d70 (0xff9ff06f) j       pc - 0x8
core   0: 3 0x80009d70 (0xff9ff06f)
core   0: 0x80009d68 (0x00006f17) auipc   t5, 0x6
core   0: 3 0x80009d68 (0x00006f17) x30 0x8000fd68
core   0: 0x80009d6c (0x283f2c23) sw      gp, 664(t5)
core   0: 3 0x80009d6c (0x283f2c23) mem 0x80010000 0x00000001
core   0: 0x80009d70 (0xff9ff06f) j       pc - 0x8
core   0: 3 0x80009d70 (0xff9ff06f)
core   0: 0x80009d68 (0x00006f17) auipc   t5, 0x6
core   0: 3 0x80009d68 (0x00006f17) x30 0x8000fd68
core   0: 0x80009d6c (0x283f2c23) sw      gp, 664(t5)
core   0: 3 0x80009d6c (0x283f2c23) mem 0x80010000 0x00000001
core   0: 0x80009d70 (0xff9ff06f) j       pc - 0x8
core   0: 3 0x80009d70 (0xff9ff06f)
core   0: 0x80009d68 (0x00006f17) auipc   t5, 0x6
core   0: 3 0x80009d68 (0x00006f17) x30 0x8000fd68
core   0: 0x80009d6c (0x283f2c23) sw      gp, 664(t5)
core   0: 3 0x80009d6c (0x283f2c23) mem 0x80010000 0x00000001
core   0: 0x80009d70 (0xff9ff06f) j       pc - 0x8
core   0: 3 0x80009d70 (0xff9ff06f)
core   0: 0x80009d68 (0x00006f17) auipc   t5, 0x6
core   0: 3 0x80009d68 (0x00006f17) x30 0x8000fd68
core   0: 0x80009d6c (0x283f2c23) sw      gp, 664(t5)
core   0: 3 0x80009d6c (0x283f2c23) mem 0x80010000 0x00000001
core   0: 0x80009d70 (0xff9ff06f) j       pc - 0x8
core   0: 3 0x80009d70 (0xff9ff06f)
core   0: 0x80009d68 (0x00006f17) auipc   t5, 0x6
core   0: 3 0x80009d68 (0x00006f17) x30 0x8000fd68
core   0: 0x80009d6c (0x283f2c23) sw      gp, 664(t5)
core   0: 3 0x80009d6c (0x283f2c23) mem 0x80010000 0x00000001
core   0: 0x80009d70 (0xff9ff06f) j       pc - 0x8
core   0: 3 0x80009d70 (0xff9ff06f)
core   0: 0x80009d68 (0x00006f17) auipc   t5, 0x6
core   0: 3 0x80009d68 (0x00006f17) x30 0x8000fd68
core   0: 0x80009d6c (0x283f2c23) sw      gp, 664(t5)
core   0: 3 0x80009d6c (0x283f2c23) mem 0x80010000 0x00000001
core   0: 0x80009d70 (0xff9ff06f) j       pc - 0x8
core   0: 3 0x80009d70 (0xff9ff06f)
core   0: 0x80009d68 (0x00006f17) auipc   t5, 0x6
core   0: 3 0x80009d68 (0x00006f17) x30 0x8000fd68
core   0: 0x80009d6c (0x283f2c23) sw      gp, 664(t5)
core   0: 3 0x80009d6c (0x283f2c23) mem 0x80010000 0x00000001
core   0: 0x80009d70 (0xff9ff06f) j       pc - 0x8
core   0: 3 0x80009d70 (0xff9ff06f)
core   0: 0x80009d68 (0x00006f17) auipc   t5, 0x6
core   0: 3 0x80009d68 (0x00006f17) x30 0x8000fd68
core   0: 0x80009d6c (0x283f2c23) sw      gp, 664(t5)
core   0: 3 0x80009d6c (0x283f2c23) mem 0x80010000 0x00000001
core   0: 0x80009d70 (0xff9ff06f) j       pc - 0x8
core   0: 3 0x80009d70 (0xff9ff06f)
core   0: 0x80009d68 (0x00006f17) auipc   t5, 0x6
core   0: 3 0x80009d68 (0x00006f17) x30 0x8000fd68
core   0: 0x80009d6c (0x283f2c23) sw      gp, 664(t5)
core   0: 3 0x80009d6c (0x283f2c23) mem 0x80010000 0x00000001
core   0: 0x80009d70 (0xff9ff06f) j       pc - 0x8
core   0: 3 0x80009d70 (0xff9ff06f)
core   0: 0x80009d68 (0x00006f17) auipc   t5, 0x6
core   0: 3 0x80009d68 (0x00006f17) x30 0x8000fd68
core   0: 0x80009d6c (0x283f2c23) sw      gp, 664(t5)
core   0: 3 0x80009d6c (0x283f2c23) mem 0x80010000 0x00000001
core   0: 0x80009d70 (0xff9ff06f) j       pc - 0x8
core   0: 3 0x80009d70 (0xff9ff06f)
core   0: 0x80009d68 (0x00006f17) auipc   t5, 0x6
core   0: 3 0x80009d68 (0x00006f17) x30 0x8000fd68
core   0: 0x80009d6c (0x283f2c23) sw      gp, 664(t5)
core   0: 3 0x80009d6c (0x283f2c23) mem 0x80010000 0x00000001
core   0: 0x80009d70 (0xff9ff06f) j       pc - 0x8
core   0: 3 0x80009d70 (0xff9ff06f)
core   0: 0x80009d68 (0x00006f17) auipc   t5, 0x6
core   0: 3 0x80009d68 (0x00006f17) x30 0x8000fd68
core   0: 0x80009d6c (0x283f2c23) sw      gp, 664(t5)
core   0: 3 0x80009d6c (0x283f2c23) mem 0x80010000 0x00000001
core   0: 0x80009d70 (0xff9ff06f) j       pc - 0x8
core   0: 3 0x80009d70 (0xff9ff06f)
core   0: 0x80009d68 (0x00006f17) auipc   t5, 0x6
core   0: 3 0x80009d68 (0x00006f17) x30 0x8000fd68
core   0: 0x80009d6c (0x283f2c23) sw      gp, 664(t5)
core   0: 3 0x80009d6c (0x283f2c23) mem 0x80010000 0x00000001
core   0: 0x80009d70 (0xff9ff06f) j       pc - 0x8
core   0: 3 0x80009d70 (0xff9ff06f)
core   0: 0x80009d68 (0x00006f17) auipc   t5, 0x6
core   0: 3 0x80009d68 (0x00006f17) x30 0x8000fd68
core   0: 0x80009d6c (0x283f2c23) sw      gp, 664(t5)
core   0: 3 0x80009d6c (0x283f2c23) mem 0x80010000 0x00000001
core   0: 0x80009d70 (0xff9ff06f) j       pc - 0x8
core   0: 3 0x80009d70 (0xff9ff06f)
core   0: 0x80009d68 (0x00006f17) auipc   t5, 0x6
core   0: 3 0x80009d68 (0x00006f17) x30 0x8000fd68
core   0: 0x80009d6c (0x283f2c23) sw      gp, 664(t5)
core   0: 3 0x80009d6c (0x283f2c23) mem 0x80010000 0x00000001
core   0: 0x80009d70 (0xff9ff06f) j       pc - 0x8
core   0: 3 0x80009d70 (0xff9ff06f)
core   0: 0x80009d68 (0x00006f17) auipc   t5, 0x6
core   0: 3 0x80009d68 (0x00006f17) x30 0x8000fd68
core   0: 0x80009d6c (0x283f2c23) sw      gp, 664(t5)
core   0: 3 0x80009d6c (0x283f2c23) mem 0x80010000 0x00000001
core   0: 0x80009d70 (0xff9ff06f) j       pc - 0x8
core   0: 3 0x80009d70 (0xff9ff06f)
core   0: 0x80009d68 (0x00006f17) auipc   t5, 0x6
core   0: 3 0x80009d68 (0x00006f17) x30 0x8000fd68
core   0: 0x80009d6c (0x283f2c23) sw      gp, 664(t5)
core   0: 3 0x80009d6c (0x283f2c23) mem 0x80010000 0x00000001
core   0: 0x80009d70 (0xff9ff06f) j       pc - 0x8
core   0: 3 0x80009d70 (0xff9ff06f)
core   0: 0x80009d68 (0x00006f17) auipc   t5, 0x6
core   0: 3 0x80009d68 (0x00006f17) x30 0x8000fd68
core   0: 0x80009d6c (0x283f2c23) sw      gp, 664(t5)
core   0: 3 0x80009d6c (0x283f2c23) mem 0x80010000 0x00000001
core   0: 0x80009d70 (0xff9ff06f) j       pc - 0x8
core   0: 3 0x80009d70 (0xff9ff06f)
core   0: 0x80009d68 (0x00006f17) auipc   t5, 0x6
core   0: 3 0x80009d68 (0x00006f17) x30 0x8000fd68
core   0: 0x80009d6c (0x283f2c23) sw      gp, 664(t5)
core   0: 3 0x80009d6c (0x283f2c23) mem 0x80010000 0x00000001
core   0: 0x80009d70 (0xff9ff06f) j       pc - 0x8
core   0: 3 0x80009d70 (0xff9ff06f)
core   0: 0x80009d68 (0x00006f17) auipc   t5, 0x6
core   0: 3 0x80009d68 (0x00006f17) x30 0x8000fd68
core   0: 0x80009d6c (0x283f2c23) sw      gp, 664(t5)
core   0: 3 0x80009d6c (0x283f2c23) mem 0x80010000 0x00000001
core   0: 0x80009d70 (0xff9ff06f) j       pc - 0x8
core   0: 3 0x80009d70 (0xff9ff06f)
core   0: 0x80009d68 (0x00006f17) auipc   t5, 0x6
core   0: 3 0x80009d68 (0x00006f17) x30 0x8000fd68
core   0: 0x80009d6c (0x283f2c23) sw      gp, 664(t5)
core   0: 3 0x80009d6c (0x283f2c23) mem 0x80010000 0x00000001
core   0: 0x80009d70 (0xff9ff06f) j       pc - 0x8
core   0: 3 0x80009d70 (0xff9ff06f)
core   0: 0x80009d68 (0x00006f17) auipc   t5, 0x6
core   0: 3 0x80009d68 (0x00006f17) x30 0x8000fd68
core   0: 0x80009d6c (0x283f2c23) sw      gp, 664(t5)
core   0: 3 0x80009d6c (0x283f2c23) mem 0x80010000 0x00000001
core   0: 0x80009d70 (0xff9ff06f) j       pc - 0x8
core   0: 3 0x80009d70 (0xff9ff06f)
core   0: 0x80009d68 (0x00006f17) auipc   t5, 0x6
core   0: 3 0x80009d68 (0x00006f17) x30 0x8000fd68
core   0: 0x80009d6c (0x283f2c23) sw      gp, 664(t5)
core   0: 3 0x80009d6c (0x283f2c23) mem 0x80010000 0x00000001
core   0: 0x80009d70 (0xff9ff06f) j       pc - 0x8
core   0: 3 0x80009d70 (0xff9ff06f)
core   0: 0x80009d68 (0x00006f17) auipc   t5, 0x6
core   0: 3 0x80009d68 (0x00006f17) x30 0x8000fd68
core   0: 0x80009d6c (0x283f2c23) sw      gp, 664(t5)
core   0: 3 0x80009d6c (0x283f2c23) mem 0x80010000 0x00000001
core   0: 0x80009d70 (0xff9ff06f) j       pc - 0x8
core   0: 3 0x80009d70 (0xff9ff06f)
core   0: 0x80009d68 (0x00006f17) auipc   t5, 0x6
core   0: 3 0x80009d68 (0x00006f17) x30 0x8000fd68
core   0: 0x80009d6c (0x283f2c23) sw      gp, 664(t5)
core   0: 3 0x80009d6c (0x283f2c23) mem 0x80010000 0x00000001
core   0: 0x80009d70 (0xff9ff06f) j       pc - 0x8
core   0: 3 0x80009d70 (0xff9ff06f)
core   0: 0x80009d68 (0x00006f17) auipc   t5, 0x6
core   0: 3 0x80009d68 (0x00006f17) x30 0x8000fd68
core   0: 0x80009d6c (0x283f2c23) sw      gp, 664(t5)
core   0: 3 0x80009d6c (0x283f2c23) mem 0x80010000 0x00000001
core   0: 0x80009d70 (0xff9ff06f) j       pc - 0x8
core   0: 3 0x80009d70 (0xff9ff06f)
core   0: 0x80009d68 (0x00006f17) auipc   t5, 0x6
core   0: 3 0x80009d68 (0x00006f17) x30 0x8000fd68
core   0: 0x80009d6c (0x283f2c23) sw      gp, 664(t5)
core   0: 3 0x80009d6c (0x283f2c23) mem 0x80010000 0x00000001
core   0: 0x80009d70 (0xff9ff06f) j       pc - 0x8
core   0: 3 0x80009d70 (0xff9ff06f)
core   0: 0x80009d68 (0x00006f17) auipc   t5, 0x6
core   0: 3 0x80009d68 (0x00006f17) x30 0x8000fd68
core   0: 0x80009d6c (0x283f2c23) sw      gp, 664(t5)
core   0: 3 0x80009d6c (0x283f2c23) mem 0x80010000 0x00000001
core   0: 0x80009d70 (0xff9ff06f) j       pc - 0x8
core   0: 3 0x80009d70 (0xff9ff06f)
core   0: 0x80009d68 (0x00006f17) auipc   t5, 0x6
core   0: 3 0x80009d68 (0x00006f17) x30 0x8000fd68
core   0: 0x80009d6c (0x283f2c23) sw      gp, 664(t5)
core   0: 3 0x80009d6c (0x283f2c23) mem 0x80010000 0x00000001
core   0: 0x80009d70 (0xff9ff06f) j       pc - 0x8
core   0: 3 0x80009d70 (0xff9ff06f)
core   0: 0x80009d68 (0x00006f17) auipc   t5, 0x6
core   0: 3 0x80009d68 (0x00006f17) x30 0x8000fd68
core   0: 0x80009d6c (0x283f2c23) sw      gp, 664(t5)
core   0: 3 0x80009d6c (0x283f2c23) mem 0x80010000 0x00000001
core   0: 0x80009d70 (0xff9ff06f) j       pc - 0x8
core   0: 3 0x80009d70 (0xff9ff06f)
core   0: 0x80009d68 (0x00006f17) auipc   t5, 0x6
core   0: 3 0x80009d68 (0x00006f17) x30 0x8000fd68
core   0: 0x80009d6c (0x283f2c23) sw      gp, 664(t5)
core   0: 3 0x80009d6c (0x283f2c23) mem 0x80010000 0x00000001
core   0: 0x80009d70 (0xff9ff06f) j       pc - 0x8
core   0: 3 0x80009d70 (0xff9ff06f)
core   0: 0x80009d68 (0x00006f17) auipc   t5, 0x6
core   0: 3 0x80009d68 (0x00006f17) x30 0x8000fd68
core   0: 0x80009d6c (0x283f2c23) sw      gp, 664(t5)
core   0: 3 0x80009d6c (0x283f2c23) mem 0x80010000 0x00000001
core   0: 0x80009d70 (0xff9ff06f) j       pc - 0x8
core   0: 3 0x80009d70 (0xff9ff06f)
core   0: 0x80009d68 (0x00006f17) auipc   t5, 0x6
core   0: 3 0x80009d68 (0x00006f17) x30 0x8000fd68
core   0: 0x80009d6c (0x283f2c23) sw      gp, 664(t5)
core   0: 3 0x80009d6c (0x283f2c23) mem 0x80010000 0x00000001
core   0: 0x80009d70 (0xff9ff06f) j       pc - 0x8
core   0: 3 0x80009d70 (0xff9ff06f)
core   0: 0x80009d68 (0x00006f17) auipc   t5, 0x6
core   0: 3 0x80009d68 (0x00006f17) x30 0x8000fd68
core   0: 0x80009d6c (0x283f2c23) sw      gp, 664(t5)
core   0: 3 0x80009d6c (0x283f2c23) mem 0x80010000 0x00000001
core   0: 0x80009d70 (0xff9ff06f) j       pc - 0x8
core   0: 3 0x80009d70 (0xff9ff06f)
core   0: 0x80009d68 (0x00006f17) auipc   t5, 0x6
core   0: 3 0x80009d68 (0x00006f17) x30 0x8000fd68
core   0: 0x80009d6c (0x283f2c23) sw      gp, 664(t5)
core   0: 3 0x80009d6c (0x283f2c23) mem 0x80010000 0x00000001
core   0: 0x80009d70 (0xff9ff06f) j       pc - 0x8
core   0: 3 0x80009d70 (0xff9ff06f)
core   0: 0x80009d68 (0x00006f17) auipc   t5, 0x6
core   0: 3 0x80009d68 (0x00006f17) x30 0x8000fd68
core   0: 0x80009d6c (0x283f2c23) sw      gp, 664(t5)
core   0: 3 0x80009d6c (0x283f2c23) mem 0x80010000 0x00000001
core   0: 0x80009d70 (0xff9ff06f) j       pc - 0x8
core   0: 3 0x80009d70 (0xff9ff06f)
core   0: 0x80009d68 (0x00006f17) auipc   t5, 0x6
core   0: 3 0x80009d68 (0x00006f17) x30 0x8000fd68
core   0: 0x80009d6c (0x283f2c23) sw      gp, 664(t5)
core   0: 3 0x80009d6c (0x283f2c23) mem 0x80010000 0x00000001
core   0: 0x80009d70 (0xff9ff06f) j       pc - 0x8
core   0: 3 0x80009d70 (0xff9ff06f)
core   0: 0x80009d68 (0x00006f17) auipc   t5, 0x6
core   0: 3 0x80009d68 (0x00006f17) x30 0x8000fd68
core   0: 0x80009d6c (0x283f2c23) sw      gp, 664(t5)
core   0: 3 0x80009d6c (0x283f2c23) mem 0x80010000 0x00000001
core   0: 0x80009d70 (0xff9ff06f) j       pc - 0x8
core   0: 3 0x80009d70 (0xff9ff06f)
core   0: 0x80009d68 (0x00006f17) auipc   t5, 0x6
core   0: 3 0x80009d68 (0x00006f17) x30 0x8000fd68
core   0: 0x80009d6c (0x283f2c23) sw      gp, 664(t5)
core   0: 3 0x80009d6c (0x283f2c23) mem 0x80010000 0x00000001
core   0: 0x80009d70 (0xff9ff06f) j       pc - 0x8
core   0: 3 0x80009d70 (0xff9ff06f)
core   0: 0x80009d68 (0x00006f17) auipc   t5, 0x6
core   0: 3 0x80009d68 (0x00006f17) x30 0x8000fd68
core   0: 0x80009d6c (0x283f2c23) sw      gp, 664(t5)
core   0: 3 0x80009d6c (0x283f2c23) mem 0x80010000 0x00000001
core   0: 0x80009d70 (0xff9ff06f) j       pc - 0x8
core   0: 3 0x80009d70 (0xff9ff06f)
core   0: 0x80009d68 (0x00006f17) auipc   t5, 0x6
core   0: 3 0x80009d68 (0x00006f17) x30 0x8000fd68
core   0: 0x80009d6c (0x283f2c23) sw      gp, 664(t5)
core   0: 3 0x80009d6c (0x283f2c23) mem 0x80010000 0x00000001
core   0: 0x80009d70 (0xff9ff06f) j       pc - 0x8
core   0: 3 0x80009d70 (0xff9ff06f)
core   0: 0x80009d68 (0x00006f17) auipc   t5, 0x6
core   0: 3 0x80009d68 (0x00006f17) x30 0x8000fd68
core   0: 0x80009d6c (0x283f2c23) sw      gp, 664(t5)
core   0: 3 0x80009d6c (0x283f2c23) mem 0x80010000 0x00000001
core   0: 0x80009d70 (0xff9ff06f) j       pc - 0x8
core   0: 3 0x80009d70 (0xff9ff06f)
core   0: 0x80009d68 (0x00006f17) auipc   t5, 0x6
core   0: 3 0x80009d68 (0x00006f17) x30 0x8000fd68
core   0: 0x80009d6c (0x283f2c23) sw      gp, 664(t5)
core   0: 3 0x80009d6c (0x283f2c23) mem 0x80010000 0x00000001
core   0: 0x80009d70 (0xff9ff06f) j       pc - 0x8
core   0: 3 0x80009d70 (0xff9ff06f)
core   0: 0x80009d68 (0x00006f17) auipc   t5, 0x6
core   0: 3 0x80009d68 (0x00006f17) x30 0x8000fd68
core   0: 0x80009d6c (0x283f2c23) sw      gp, 664(t5)
core   0: 3 0x80009d6c (0x283f2c23) mem 0x80010000 0x00000001
core   0: 0x80009d70 (0xff9ff06f) j       pc - 0x8
core   0: 3 0x80009d70 (0xff9ff06f)
core   0: 0x80009d68 (0x00006f17) auipc   t5, 0x6
core   0: 3 0x80009d68 (0x00006f17) x30 0x8000fd68
core   0: 0x80009d6c (0x283f2c23) sw      gp, 664(t5)
core   0: 3 0x80009d6c (0x283f2c23) mem 0x80010000 0x00000001
core   0: 0x80009d70 (0xff9ff06f) j       pc - 0x8
core   0: 3 0x80009d70 (0xff9ff06f)
core   0: 0x80009d68 (0x00006f17) auipc   t5, 0x6
core   0: 3 0x80009d68 (0x00006f17) x30 0x8000fd68
core   0: 0x80009d6c (0x283f2c23) sw      gp, 664(t5)
core   0: 3 0x80009d6c (0x283f2c23) mem 0x80010000 0x00000001
core   0: 0x80009d70 (0xff9ff06f) j       pc - 0x8
core   0: 3 0x80009d70 (0xff9ff06f)
core   0: 0x80009d68 (0x00006f17) auipc   t5, 0x6
core   0: 3 0x80009d68 (0x00006f17) x30 0x8000fd68
core   0: 0x80009d6c (0x283f2c23) sw      gp, 664(t5)
core   0: 3 0x80009d6c (0x283f2c23) mem 0x80010000 0x00000001
core   0: 0x80009d70 (0xff9ff06f) j       pc - 0x8
core   0: 3 0x80009d70 (0xff9ff06f)
core   0: 0x80009d68 (0x00006f17) auipc   t5, 0x6
core   0: 3 0x80009d68 (0x00006f17) x30 0x8000fd68
core   0: 0x80009d6c (0x283f2c23) sw      gp, 664(t5)
core   0: 3 0x80009d6c (0x283f2c23) mem 0x80010000 0x00000001
core   0: 0x80009d70 (0xff9ff06f) j       pc - 0x8
core   0: 3 0x80009d70 (0xff9ff06f)
core   0: 0x80009d68 (0x00006f17) auipc   t5, 0x6
core   0: 3 0x80009d68 (0x00006f17) x30 0x8000fd68
core   0: 0x80009d6c (0x283f2c23) sw      gp, 664(t5)
core   0: 3 0x80009d6c (0x283f2c23) mem 0x80010000 0x00000001
core   0: 0x80009d70 (0xff9ff06f) j       pc - 0x8
core   0: 3 0x80009d70 (0xff9ff06f)
core   0: 0x80009d68 (0x00006f17) auipc   t5, 0x6
core   0: 3 0x80009d68 (0x00006f17) x30 0x8000fd68
core   0: 0x80009d6c (0x283f2c23) sw      gp, 664(t5)
core   0: 3 0x80009d6c (0x283f2c23) mem 0x80010000 0x00000001
core   0: 0x80009d70 (0xff9ff06f) j       pc - 0x8
core   0: 3 0x80009d70 (0xff9ff06f)
core   0: 0x80009d68 (0x00006f17) auipc   t5, 0x6
core   0: 3 0x80009d68 (0x00006f17) x30 0x8000fd68
core   0: 0x80009d6c (0x283f2c23) sw      gp, 664(t5)
core   0: 3 0x80009d6c (0x283f2c23) mem 0x80010000 0x00000001
core   0: 0x80009d70 (0xff9ff06f) j       pc - 0x8
core   0: 3 0x80009d70 (0xff9ff06f)
core   0: 0x80009d68 (0x00006f17) auipc   t5, 0x6
core   0: 3 0x80009d68 (0x00006f17) x30 0x8000fd68
core   0: 0x80009d6c (0x283f2c23) sw      gp, 664(t5)
core   0: 3 0x80009d6c (0x283f2c23) mem 0x80010000 0x00000001
core   0: 0x80009d70 (0xff9ff06f) j       pc - 0x8
core   0: 3 0x80009d70 (0xff9ff06f)
core   0: 0x80009d68 (0x00006f17) auipc   t5, 0x6
core   0: 3 0x80009d68 (0x00006f17) x30 0x8000fd68
core   0: 0x80009d6c (0x283f2c23) sw      gp, 664(t5)
core   0: 3 0x80009d6c (0x283f2c23) mem 0x80010000 0x00000001
core   0: 0x80009d70 (0xff9ff06f) j       pc - 0x8
core   0: 3 0x80009d70 (0xff9ff06f)
core   0: 0x80009d68 (0x00006f17) auipc   t5, 0x6
core   0: 3 0x80009d68 (0x00006f17) x30 0x8000fd68
core   0: 0x80009d6c (0x283f2c23) sw      gp, 664(t5)
core   0: 3 0x80009d6c (0x283f2c23) mem 0x80010000 0x00000001
core   0: 0x80009d70 (0xff9ff06f) j       pc - 0x8
core   0: 3 0x80009d70 (0xff9ff06f)
core   0: 0x80009d68 (0x00006f17) auipc   t5, 0x6
core   0: 3 0x80009d68 (0x00006f17) x30 0x8000fd68
core   0: 0x80009d6c (0x283f2c23) sw      gp, 664(t5)
core   0: 3 0x80009d6c (0x283f2c23) mem 0x80010000 0x00000001
core   0: 0x80009d70 (0xff9ff06f) j       pc - 0x8
core   0: 3 0x80009d70 (0xff9ff06f)
core   0: 0x80009d68 (0x00006f17) auipc   t5, 0x6
core   0: 3 0x80009d68 (0x00006f17) x30 0x8000fd68
core   0: 0x80009d6c (0x283f2c23) sw      gp, 664(t5)
core   0: 3 0x80009d6c (0x283f2c23) mem 0x80010000 0x00000001
core   0: 0x80009d70 (0xff9ff06f) j       pc - 0x8
core   0: 3 0x80009d70 (0xff9ff06f)
core   0: 0x80009d68 (0x00006f17) auipc   t5, 0x6
core   0: 3 0x80009d68 (0x00006f17) x30 0x8000fd68
core   0: 0x80009d6c (0x283f2c23) sw      gp, 664(t5)
core   0: 3 0x80009d6c (0x283f2c23) mem 0x80010000 0x00000001
core   0: 0x80009d70 (0xff9ff06f) j       pc - 0x8
core   0: 3 0x80009d70 (0xff9ff06f)
core   0: 0x80009d68 (0x00006f17) auipc   t5, 0x6
core   0: 3 0x80009d68 (0x00006f17) x30 0x8000fd68
core   0: 0x80009d6c (0x283f2c23) sw      gp, 664(t5)
core   0: 3 0x80009d6c (0x283f2c23) mem 0x80010000 0x00000001
core   0: 0x80009d70 (0xff9ff06f) j       pc - 0x8
core   0: 3 0x80009d70 (0xff9ff06f)
core   0: 0x80009d68 (0x00006f17) auipc   t5, 0x6
core   0: 3 0x80009d68 (0x00006f17) x30 0x8000fd68
core   0: 0x80009d6c (0x283f2c23) sw      gp, 664(t5)
core   0: 3 0x80009d6c (0x283f2c23) mem 0x80010000 0x00000001
core   0: 0x80009d70 (0xff9ff06f) j       pc - 0x8
core   0: 3 0x80009d70 (0xff9ff06f)
core   0: 0x80009d68 (0x00006f17) auipc   t5, 0x6
core   0: 3 0x80009d68 (0x00006f17) x30 0x8000fd68
core   0: 0x80009d6c (0x283f2c23) sw      gp, 664(t5)
core   0: 3 0x80009d6c (0x283f2c23) mem 0x80010000 0x00000001
core   0: 0x80009d70 (0xff9ff06f) j       pc - 0x8
core   0: 3 0x80009d70 (0xff9ff06f)
core   0: 0x80009d68 (0x00006f17) auipc   t5, 0x6
core   0: 3 0x80009d68 (0x00006f17) x30 0x8000fd68
core   0: 0x80009d6c (0x283f2c23) sw      gp, 664(t5)
core   0: 3 0x80009d6c (0x283f2c23) mem 0x80010000 0x00000001
core   0: 0x80009d70 (0xff9ff06f) j       pc - 0x8
core   0: 3 0x80009d70 (0xff9ff06f)
core   0: 0x80009d68 (0x00006f17) auipc   t5, 0x6
core   0: 3 0x80009d68 (0x00006f17) x30 0x8000fd68
core   0: 0x80009d6c (0x283f2c23) sw      gp, 664(t5)
core   0: 3 0x80009d6c (0x283f2c23) mem 0x80010000 0x00000001
core   0: 0x80009d70 (0xff9ff06f) j       pc - 0x8
core   0: 3 0x80009d70 (0xff9ff06f)
core   0: 0x80009d68 (0x00006f17) auipc   t5, 0x6
core   0: 3 0x80009d68 (0x00006f17) x30 0x8000fd68
core   0: 0x80009d6c (0x283f2c23) sw      gp, 664(t5)
core   0: 3 0x80009d6c (0x283f2c23) mem 0x80010000 0x00000001
core   0: 0x80009d70 (0xff9ff06f) j       pc - 0x8
core   0: 3 0x80009d70 (0xff9ff06f)
core   0: 0x80009d68 (0x00006f17) auipc   t5, 0x6
core   0: 3 0x80009d68 (0x00006f17) x30 0x8000fd68
core   0: 0x80009d6c (0x283f2c23) sw      gp, 664(t5)
core   0: 3 0x80009d6c (0x283f2c23) mem 0x80010000 0x00000001
core   0: 0x80009d70 (0xff9ff06f) j       pc - 0x8
core   0: 3 0x80009d70 (0xff9ff06f)
core   0: 0x80009d68 (0x00006f17) auipc   t5, 0x6
core   0: 3 0x80009d68 (0x00006f17) x30 0x8000fd68
core   0: 0x80009d6c (0x283f2c23) sw      gp, 664(t5)
core   0: 3 0x80009d6c (0x283f2c23) mem 0x80010000 0x00000001
core   0: 0x80009d70 (0xff9ff06f) j       pc - 0x8
core   0: 3 0x80009d70 (0xff9ff06f)
core   0: 0x80009d68 (0x00006f17) auipc   t5, 0x6
core   0: 3 0x80009d68 (0x00006f17) x30 0x8000fd68
core   0: 0x80009d6c (0x283f2c23) sw      gp, 664(t5)
core   0: 3 0x80009d6c (0x283f2c23) mem 0x80010000 0x00000001
core   0: 0x80009d70 (0xff9ff06f) j       pc - 0x8
core   0: 3 0x80009d70 (0xff9ff06f)
core   0: 0x80009d68 (0x00006f17) auipc   t5, 0x6
core   0: 3 0x80009d68 (0x00006f17) x30 0x8000fd68
core   0: 0x80009d6c (0x283f2c23) sw      gp, 664(t5)
core   0: 3 0x80009d6c (0x283f2c23) mem 0x80010000 0x00000001
core   0: 0x80009d70 (0xff9ff06f) j       pc - 0x8
core   0: 3 0x80009d70 (0xff9ff06f)
core   0: 0x80009d68 (0x00006f17) auipc   t5, 0x6
core   0: 3 0x80009d68 (0x00006f17) x30 0x8000fd68
core   0: 0x80009d6c (0x283f2c23) sw      gp, 664(t5)
core   0: 3 0x80009d6c (0x283f2c23) mem 0x80010000 0x00000001
core   0: 0x80009d70 (0xff9ff06f) j       pc - 0x8
core   0: 3 0x80009d70 (0xff9ff06f)
core   0: 0x80009d68 (0x00006f17) auipc   t5, 0x6
core   0: 3 0x80009d68 (0x00006f17) x30 0x8000fd68
core   0: 0x80009d6c (0x283f2c23) sw      gp, 664(t5)
core   0: 3 0x80009d6c (0x283f2c23) mem 0x80010000 0x00000001
core   0: 0x80009d70 (0xff9ff06f) j       pc - 0x8
core   0: 3 0x80009d70 (0xff9ff06f)
core   0: 0x80009d68 (0x00006f17) auipc   t5, 0x6
core   0: 3 0x80009d68 (0x00006f17) x30 0x8000fd68
core   0: 0x80009d6c (0x283f2c23) sw      gp, 664(t5)
core   0: 3 0x80009d6c (0x283f2c23) mem 0x80010000 0x00000001
core   0: 0x80009d70 (0xff9ff06f) j       pc - 0x8
core   0: 3 0x80009d70 (0xff9ff06f)
core   0: 0x80009d68 (0x00006f17) auipc   t5, 0x6
core   0: 3 0x80009d68 (0x00006f17) x30 0x8000fd68
core   0: 0x80009d6c (0x283f2c23) sw      gp, 664(t5)
core   0: 3 0x80009d6c (0x283f2c23) mem 0x80010000 0x00000001
core   0: 0x80009d70 (0xff9ff06f) j       pc - 0x8
core   0: 3 0x80009d70 (0xff9ff06f)
core   0: 0x80009d68 (0x00006f17) auipc   t5, 0x6
core   0: 3 0x80009d68 (0x00006f17) x30 0x8000fd68
core   0: 0x80009d6c (0x283f2c23) sw      gp, 664(t5)
core   0: 3 0x80009d6c (0x283f2c23) mem 0x80010000 0x00000001
core   0: 0x80009d70 (0xff9ff06f) j       pc - 0x8
core   0: 3 0x80009d70 (0xff9ff06f)
core   0: 0x80009d68 (0x00006f17) auipc   t5, 0x6
core   0: 3 0x80009d68 (0x00006f17) x30 0x8000fd68
core   0: 0x80009d6c (0x283f2c23) sw      gp, 664(t5)
core   0: 3 0x80009d6c (0x283f2c23) mem 0x80010000 0x00000001
core   0: 0x80009d70 (0xff9ff06f) j       pc - 0x8
core   0: 3 0x80009d70 (0xff9ff06f)
core   0: 0x80009d68 (0x00006f17) auipc   t5, 0x6
core   0: 3 0x80009d68 (0x00006f17) x30 0x8000fd68
core   0: 0x80009d6c (0x283f2c23) sw      gp, 664(t5)
core   0: 3 0x80009d6c (0x283f2c23) mem 0x80010000 0x00000001
core   0: 0x80009d70 (0xff9ff06f) j       pc - 0x8
core   0: 3 0x80009d70 (0xff9ff06f)
core   0: 0x80009d68 (0x00006f17) auipc   t5, 0x6
core   0: 3 0x80009d68 (0x00006f17) x30 0x8000fd68
core   0: 0x80009d6c (0x283f2c23) sw      gp, 664(t5)
core   0: 3 0x80009d6c (0x283f2c23) mem 0x80010000 0x00000001
core   0: 0x80009d70 (0xff9ff06f) j       pc - 0x8
core   0: 3 0x80009d70 (0xff9ff06f)
core   0: 0x80009d68 (0x00006f17) auipc   t5, 0x6
core   0: 3 0x80009d68 (0x00006f17) x30 0x8000fd68
core   0: 0x80009d6c (0x283f2c23) sw      gp, 664(t5)
core   0: 3 0x80009d6c (0x283f2c23) mem 0x80010000 0x00000001
core   0: 0x80009d70 (0xff9ff06f) j       pc - 0x8
core   0: 3 0x80009d70 (0xff9ff06f)
core   0: 0x80009d68 (0x00006f17) auipc   t5, 0x6
core   0: 3 0x80009d68 (0x00006f17) x30 0x8000fd68
core   0: 0x80009d6c (0x283f2c23) sw      gp, 664(t5)
core   0: 3 0x80009d6c (0x283f2c23) mem 0x80010000 0x00000001
core   0: 0x80009d70 (0xff9ff06f) j       pc - 0x8
core   0: 3 0x80009d70 (0xff9ff06f)
core   0: 0x80009d68 (0x00006f17) auipc   t5, 0x6
core   0: 3 0x80009d68 (0x00006f17) x30 0x8000fd68
core   0: 0x80009d6c (0x283f2c23) sw      gp, 664(t5)
core   0: 3 0x80009d6c (0x283f2c23) mem 0x80010000 0x00000001
core   0: 0x80009d70 (0xff9ff06f) j       pc - 0x8
core   0: 3 0x80009d70 (0xff9ff06f)
core   0: 0x80009d68 (0x00006f17) auipc   t5, 0x6
core   0: 3 0x80009d68 (0x00006f17) x30 0x8000fd68
core   0: 0x80009d6c (0x283f2c23) sw      gp, 664(t5)
core   0: 3 0x80009d6c (0x283f2c23) mem 0x80010000 0x00000001
core   0: 0x80009d70 (0xff9ff06f) j       pc - 0x8
core   0: 3 0x80009d70 (0xff9ff06f)
core   0: 0x80009d68 (0x00006f17) auipc   t5, 0x6
core   0: 3 0x80009d68 (0x00006f17) x30 0x8000fd68
core   0: 0x80009d6c (0x283f2c23) sw      gp, 664(t5)
core   0: 3 0x80009d6c (0x283f2c23) mem 0x80010000 0x00000001
core   0: 0x80009d70 (0xff9ff06f) j       pc - 0x8
core   0: 3 0x80009d70 (0xff9ff06f)
core   0: 0x80009d68 (0x00006f17) auipc   t5, 0x6
core   0: 3 0x80009d68 (0x00006f17) x30 0x8000fd68
core   0: 0x80009d6c (0x283f2c23) sw      gp, 664(t5)
core   0: 3 0x80009d6c (0x283f2c23) mem 0x80010000 0x00000001
core   0: 0x80009d70 (0xff9ff06f) j       pc - 0x8
core   0: 3 0x80009d70 (0xff9ff06f)
core   0: 0x80009d68 (0x00006f17) auipc   t5, 0x6
core   0: 3 0x80009d68 (0x00006f17) x30 0x8000fd68
core   0: 0x80009d6c (0x283f2c23) sw      gp, 664(t5)
core   0: 3 0x80009d6c (0x283f2c23) mem 0x80010000 0x00000001
core   0: 0x80009d70 (0xff9ff06f) j       pc - 0x8
core   0: 3 0x80009d70 (0xff9ff06f)
core   0: 0x80009d68 (0x00006f17) auipc   t5, 0x6
core   0: 3 0x80009d68 (0x00006f17) x30 0x8000fd68
core   0: 0x80009d6c (0x283f2c23) sw      gp, 664(t5)
core   0: 3 0x80009d6c (0x283f2c23) mem 0x80010000 0x00000001
core   0: 0x80009d70 (0xff9ff06f) j       pc - 0x8
core   0: 3 0x80009d70 (0xff9ff06f)
core   0: 0x80009d68 (0x00006f17) auipc   t5, 0x6
core   0: 3 0x80009d68 (0x00006f17) x30 0x8000fd68
core   0: 0x80009d6c (0x283f2c23) sw      gp, 664(t5)
core   0: 3 0x80009d6c (0x283f2c23) mem 0x80010000 0x00000001
core   0: 0x80009d70 (0xff9ff06f) j       pc - 0x8
core   0: 3 0x80009d70 (0xff9ff06f)
core   0: 0x80009d68 (0x00006f17) auipc   t5, 0x6
core   0: 3 0x80009d68 (0x00006f17) x30 0x8000fd68
core   0: 0x80009d6c (0x283f2c23) sw      gp, 664(t5)
core   0: 3 0x80009d6c (0x283f2c23) mem 0x80010000 0x00000001
core   0: 0x80009d70 (0xff9ff06f) j       pc - 0x8
core   0: 3 0x80009d70 (0xff9ff06f)
core   0: 0x80009d68 (0x00006f17) auipc   t5, 0x6
core   0: 3 0x80009d68 (0x00006f17) x30 0x8000fd68
core   0: 0x80009d6c (0x283f2c23) sw      gp, 664(t5)
core   0: 3 0x80009d6c (0x283f2c23) mem 0x80010000 0x00000001
core   0: 0x80009d70 (0xff9ff06f) j       pc - 0x8
core   0: 3 0x80009d70 (0xff9ff06f)
core   0: 0x80009d68 (0x00006f17) auipc   t5, 0x6
core   0: 3 0x80009d68 (0x00006f17) x30 0x8000fd68
core   0: 0x80009d6c (0x283f2c23) sw      gp, 664(t5)
core   0: 3 0x80009d6c (0x283f2c23) mem 0x80010000 0x00000001
core   0: 0x80009d70 (0xff9ff06f) j       pc - 0x8
core   0: 3 0x80009d70 (0xff9ff06f)
core   0: 0x80009d68 (0x00006f17) auipc   t5, 0x6
core   0: 3 0x80009d68 (0x00006f17) x30 0x8000fd68
core   0: 0x80009d6c (0x283f2c23) sw      gp, 664(t5)
core   0: 3 0x80009d6c (0x283f2c23) mem 0x80010000 0x00000001
core   0: 0x80009d70 (0xff9ff06f) j       pc - 0x8
core   0: 3 0x80009d70 (0xff9ff06f)
core   0: 0x80009d68 (0x00006f17) auipc   t5, 0x6
core   0: 3 0x80009d68 (0x00006f17) x30 0x8000fd68
core   0: 0x80009d6c (0x283f2c23) sw      gp, 664(t5)
core   0: 3 0x80009d6c (0x283f2c23) mem 0x80010000 0x00000001
core   0: 0x80009d70 (0xff9ff06f) j       pc - 0x8
core   0: 3 0x80009d70 (0xff9ff06f)
core   0: 0x80009d68 (0x00006f17) auipc   t5, 0x6
core   0: 3 0x80009d68 (0x00006f17) x30 0x8000fd68
core   0: 0x80009d6c (0x283f2c23) sw      gp, 664(t5)
core   0: 3 0x80009d6c (0x283f2c23) mem 0x80010000 0x00000001
core   0: 0x80009d70 (0xff9ff06f) j       pc - 0x8
core   0: 3 0x80009d70 (0xff9ff06f)
core   0: 0x80009d68 (0x00006f17) auipc   t5, 0x6
core   0: 3 0x80009d68 (0x00006f17) x30 0x8000fd68
core   0: 0x80009d6c (0x283f2c23) sw      gp, 664(t5)
core   0: 3 0x80009d6c (0x283f2c23) mem 0x80010000 0x00000001
core   0: 0x80009d70 (0xff9ff06f) j       pc - 0x8
core   0: 3 0x80009d70 (0xff9ff06f)
core   0: 0x80009d68 (0x00006f17) auipc   t5, 0x6
core   0: 3 0x80009d68 (0x00006f17) x30 0x8000fd68
core   0: 0x80009d6c (0x283f2c23) sw      gp, 664(t5)
core   0: 3 0x80009d6c (0x283f2c23) mem 0x80010000 0x00000001
core   0: 0x80009d70 (0xff9ff06f) j       pc - 0x8
core   0: 3 0x80009d70 (0xff9ff06f)
core   0: 0x80009d68 (0x00006f17) auipc   t5, 0x6
core   0: 3 0x80009d68 (0x00006f17) x30 0x8000fd68
core   0: 0x80009d6c (0x283f2c23) sw      gp, 664(t5)
core   0: 3 0x80009d6c (0x283f2c23) mem 0x80010000 0x00000001
core   0: 0x80009d70 (0xff9ff06f) j       pc - 0x8
core   0: 3 0x80009d70 (0xff9ff06f)
core   0: 0x80009d68 (0x00006f17) auipc   t5, 0x6
core   0: 3 0x80009d68 (0x00006f17) x30 0x8000fd68
core   0: 0x80009d6c (0x283f2c23) sw      gp, 664(t5)
core   0: 3 0x80009d6c (0x283f2c23) mem 0x80010000 0x00000001
core   0: 0x80009d70 (0xff9ff06f) j       pc - 0x8
core   0: 3 0x80009d70 (0xff9ff06f)
core   0: 0x80009d68 (0x00006f17) auipc   t5, 0x6
core   0: 3 0x80009d68 (0x00006f17) x30 0x8000fd68
core   0: 0x80009d6c (0x283f2c23) sw      gp, 664(t5)
core   0: 3 0x80009d6c (0x283f2c23) mem 0x80010000 0x00000001
core   0: 0x80009d70 (0xff9ff06f) j       pc - 0x8
core   0: 3 0x80009d70 (0xff9ff06f)
core   0: 0x80009d68 (0x00006f17) auipc   t5, 0x6
core   0: 3 0x80009d68 (0x00006f17) x30 0x8000fd68
core   0: 0x80009d6c (0x283f2c23) sw      gp, 664(t5)
core   0: 3 0x80009d6c (0x283f2c23) mem 0x80010000 0x00000001
core   0: 0x80009d70 (0xff9ff06f) j       pc - 0x8
core   0: 3 0x80009d70 (0xff9ff06f)
core   0: 0x80009d68 (0x00006f17) auipc   t5, 0x6
core   0: 3 0x80009d68 (0x00006f17) x30 0x8000fd68
core   0: 0x80009d6c (0x283f2c23) sw      gp, 664(t5)
core   0: 3 0x80009d6c (0x283f2c23) mem 0x80010000 0x00000001
core   0: 0x80009d70 (0xff9ff06f) j       pc - 0x8
core   0: 3 0x80009d70 (0xff9ff06f)
core   0: 0x80009d68 (0x00006f17) auipc   t5, 0x6
core   0: 3 0x80009d68 (0x00006f17) x30 0x8000fd68
core   0: 0x80009d6c (0x283f2c23) sw      gp, 664(t5)
core   0: 3 0x80009d6c (0x283f2c23) mem 0x80010000 0x00000001
core   0: 0x80009d70 (0xff9ff06f) j       pc - 0x8
core   0: 3 0x80009d70 (0xff9ff06f)
core   0: 0x80009d68 (0x00006f17) auipc   t5, 0x6
core   0: 3 0x80009d68 (0x00006f17) x30 0x8000fd68
core   0: 0x80009d6c (0x283f2c23) sw      gp, 664(t5)
core   0: 3 0x80009d6c (0x283f2c23) mem 0x80010000 0x00000001
core   0: 0x80009d70 (0xff9ff06f) j       pc - 0x8
core   0: 3 0x80009d70 (0xff9ff06f)
core   0: 0x80009d68 (0x00006f17) auipc   t5, 0x6
core   0: 3 0x80009d68 (0x00006f17) x30 0x8000fd68
core   0: 0x80009d6c (0x283f2c23) sw      gp, 664(t5)
core   0: 3 0x80009d6c (0x283f2c23) mem 0x80010000 0x00000001
core   0: 0x80009d70 (0xff9ff06f) j       pc - 0x8
core   0: 3 0x80009d70 (0xff9ff06f)
core   0: 0x80009d68 (0x00006f17) auipc   t5, 0x6
core   0: 3 0x80009d68 (0x00006f17) x30 0x8000fd68
core   0: 0x80009d6c (0x283f2c23) sw      gp, 664(t5)
core   0: 3 0x80009d6c (0x283f2c23) mem 0x80010000 0x00000001
core   0: 0x80009d70 (0xff9ff06f) j       pc - 0x8
core   0: 3 0x80009d70 (0xff9ff06f)
core   0: 0x80009d68 (0x00006f17) auipc   t5, 0x6
core   0: 3 0x80009d68 (0x00006f17) x30 0x8000fd68
core   0: 0x80009d6c (0x283f2c23) sw      gp, 664(t5)
core   0: 3 0x80009d6c (0x283f2c23) mem 0x80010000 0x00000001
core   0: 0x80009d70 (0xff9ff06f) j       pc - 0x8
core   0: 3 0x80009d70 (0xff9ff06f)
core   0: 0x80009d68 (0x00006f17) auipc   t5, 0x6
core   0: 3 0x80009d68 (0x00006f17) x30 0x8000fd68
core   0: 0x80009d6c (0x283f2c23) sw      gp, 664(t5)
core   0: 3 0x80009d6c (0x283f2c23) mem 0x80010000 0x00000001
core   0: 0x80009d70 (0xff9ff06f) j       pc - 0x8
core   0: 3 0x80009d70 (0xff9ff06f)
core   0: 0x80009d68 (0x00006f17) auipc   t5, 0x6
core   0: 3 0x80009d68 (0x00006f17) x30 0x8000fd68
core   0: 0x80009d6c (0x283f2c23) sw      gp, 664(t5)
core   0: 3 0x80009d6c (0x283f2c23) mem 0x80010000 0x00000001
core   0: 0x80009d70 (0xff9ff06f) j       pc - 0x8
core   0: 3 0x80009d70 (0xff9ff06f)
core   0: 0x80009d68 (0x00006f17) auipc   t5, 0x6
core   0: 3 0x80009d68 (0x00006f17) x30 0x8000fd68
core   0: 0x80009d6c (0x283f2c23) sw      gp, 664(t5)
core   0: 3 0x80009d6c (0x283f2c23) mem 0x80010000 0x00000001
core   0: 0x80009d70 (0xff9ff06f) j       pc - 0x8
core   0: 3 0x80009d70 (0xff9ff06f)
core   0: 0x80009d68 (0x00006f17) auipc   t5, 0x6
core   0: 3 0x80009d68 (0x00006f17) x30 0x8000fd68
core   0: 0x80009d6c (0x283f2c23) sw      gp, 664(t5)
core   0: 3 0x80009d6c (0x283f2c23) mem 0x80010000 0x00000001
core   0: 0x80009d70 (0xff9ff06f) j       pc - 0x8
core   0: 3 0x80009d70 (0xff9ff06f)
core   0: 0x80009d68 (0x00006f17) auipc   t5, 0x6
core   0: 3 0x80009d68 (0x00006f17) x30 0x8000fd68
core   0: 0x80009d6c (0x283f2c23) sw      gp, 664(t5)
core   0: 3 0x80009d6c (0x283f2c23) mem 0x80010000 0x00000001
core   0: 0x80009d70 (0xff9ff06f) j       pc - 0x8
core   0: 3 0x80009d70 (0xff9ff06f)
core   0: 0x80009d68 (0x00006f17) auipc   t5, 0x6
core   0: 3 0x80009d68 (0x00006f17) x30 0x8000fd68
core   0: 0x80009d6c (0x283f2c23) sw      gp, 664(t5)
core   0: 3 0x80009d6c (0x283f2c23) mem 0x80010000 0x00000001
core   0: 0x80009d70 (0xff9ff06f) j       pc - 0x8
core   0: 3 0x80009d70 (0xff9ff06f)
core   0: 0x80009d68 (0x00006f17) auipc   t5, 0x6
core   0: 3 0x80009d68 (0x00006f17) x30 0x8000fd68
core   0: 0x80009d6c (0x283f2c23) sw      gp, 664(t5)
core   0: 3 0x80009d6c (0x283f2c23) mem 0x80010000 0x00000001
core   0: 0x80009d70 (0xff9ff06f) j       pc - 0x8
core   0: 3 0x80009d70 (0xff9ff06f)
core   0: 0x80009d68 (0x00006f17) auipc   t5, 0x6
core   0: 3 0x80009d68 (0x00006f17) x30 0x8000fd68
core   0: 0x80009d6c (0x283f2c23) sw      gp, 664(t5)
core   0: 3 0x80009d6c (0x283f2c23) mem 0x80010000 0x00000001
core   0: 0x80009d70 (0xff9ff06f) j       pc - 0x8
core   0: 3 0x80009d70 (0xff9ff06f)
core   0: 0x80009d68 (0x00006f17) auipc   t5, 0x6
core   0: 3 0x80009d68 (0x00006f17) x30 0x8000fd68
core   0: 0x80009d6c (0x283f2c23) sw      gp, 664(t5)
core   0: 3 0x80009d6c (0x283f2c23) mem 0x80010000 0x00000001
core   0: 0x80009d70 (0xff9ff06f) j       pc - 0x8
core   0: 3 0x80009d70 (0xff9ff06f)
core   0: 0x80009d68 (0x00006f17) auipc   t5, 0x6
core   0: 3 0x80009d68 (0x00006f17) x30 0x8000fd68
core   0: 0x80009d6c (0x283f2c23) sw      gp, 664(t5)
core   0: 3 0x80009d6c (0x283f2c23) mem 0x80010000 0x00000001
core   0: 0x80009d70 (0xff9ff06f) j       pc - 0x8
core   0: 3 0x80009d70 (0xff9ff06f)
core   0: 0x80009d68 (0x00006f17) auipc   t5, 0x6
core   0: 3 0x80009d68 (0x00006f17) x30 0x8000fd68
core   0: 0x80009d6c (0x283f2c23) sw      gp, 664(t5)
core   0: 3 0x80009d6c (0x283f2c23) mem 0x80010000 0x00000001
core   0: 0x80009d70 (0xff9ff06f) j       pc - 0x8
core   0: 3 0x80009d70 (0xff9ff06f)
core   0: 0x80009d68 (0x00006f17) auipc   t5, 0x6
core   0: 3 0x80009d68 (0x00006f17) x30 0x8000fd68
core   0: 0x80009d6c (0x283f2c23) sw      gp, 664(t5)
core   0: 3 0x80009d6c (0x283f2c23) mem 0x80010000 0x00000001
core   0: 0x80009d70 (0xff9ff06f) j       pc - 0x8
core   0: 3 0x80009d70 (0xff9ff06f)
core   0: 0x80009d68 (0x00006f17) auipc   t5, 0x6
core   0: 3 0x80009d68 (0x00006f17) x30 0x8000fd68
core   0: 0x80009d6c (0x283f2c23) sw      gp, 664(t5)
core   0: 3 0x80009d6c (0x283f2c23) mem 0x80010000 0x00000001
core   0: 0x80009d70 (0xff9ff06f) j       pc - 0x8
core   0: 3 0x80009d70 (0xff9ff06f)
core   0: 0x80009d68 (0x00006f17) auipc   t5, 0x6
core   0: 3 0x80009d68 (0x00006f17) x30 0x8000fd68
core   0: 0x80009d6c (0x283f2c23) sw      gp, 664(t5)
core   0: 3 0x80009d6c (0x283f2c23) mem 0x80010000 0x00000001
core   0: 0x80009d70 (0xff9ff06f) j       pc - 0x8
core   0: 3 0x80009d70 (0xff9ff06f)
core   0: 0x80009d68 (0x00006f17) auipc   t5, 0x6
core   0: 3 0x80009d68 (0x00006f17) x30 0x8000fd68
core   0: 0x80009d6c (0x283f2c23) sw      gp, 664(t5)
core   0: 3 0x80009d6c (0x283f2c23) mem 0x80010000 0x00000001
core   0: 0x80009d70 (0xff9ff06f) j       pc - 0x8
core   0: 3 0x80009d70 (0xff9ff06f)
core   0: 0x80009d68 (0x00006f17) auipc   t5, 0x6
core   0: 3 0x80009d68 (0x00006f17) x30 0x8000fd68
core   0: 0x80009d6c (0x283f2c23) sw      gp, 664(t5)
core   0: 3 0x80009d6c (0x283f2c23) mem 0x80010000 0x00000001
core   0: 0x80009d70 (0xff9ff06f) j       pc - 0x8
core   0: 3 0x80009d70 (0xff9ff06f)
core   0: 0x80009d68 (0x00006f17) auipc   t5, 0x6
core   0: 3 0x80009d68 (0x00006f17) x30 0x8000fd68
core   0: 0x80009d6c (0x283f2c23) sw      gp, 664(t5)
core   0: 3 0x80009d6c (0x283f2c23) mem 0x80010000 0x00000001
core   0: 0x80009d70 (0xff9ff06f) j       pc - 0x8
core   0: 3 0x80009d70 (0xff9ff06f)
core   0: 0x80009d68 (0x00006f17) auipc   t5, 0x6
core   0: 3 0x80009d68 (0x00006f17) x30 0x8000fd68
core   0: 0x80009d6c (0x283f2c23) sw      gp, 664(t5)
core   0: 3 0x80009d6c (0x283f2c23) mem 0x80010000 0x00000001
core   0: 0x80009d70 (0xff9ff06f) j       pc - 0x8
core   0: 3 0x80009d70 (0xff9ff06f)
core   0: 0x80009d68 (0x00006f17) auipc   t5, 0x6
core   0: 3 0x80009d68 (0x00006f17) x30 0x8000fd68
core   0: 0x80009d6c (0x283f2c23) sw      gp, 664(t5)
core   0: 3 0x80009d6c (0x283f2c23) mem 0x80010000 0x00000001
core   0: 0x80009d70 (0xff9ff06f) j       pc - 0x8
core   0: 3 0x80009d70 (0xff9ff06f)
core   0: 0x80009d68 (0x00006f17) auipc   t5, 0x6
core   0: 3 0x80009d68 (0x00006f17) x30 0x8000fd68
core   0: 0x80009d6c (0x283f2c23) sw      gp, 664(t5)
core   0: 3 0x80009d6c (0x283f2c23) mem 0x80010000 0x00000001
core   0: 0x80009d70 (0xff9ff06f) j       pc - 0x8
core   0: 3 0x80009d70 (0xff9ff06f)
core   0: 0x80009d68 (0x00006f17) auipc   t5, 0x6
core   0: 3 0x80009d68 (0x00006f17) x30 0x8000fd68
core   0: 0x80009d6c (0x283f2c23) sw      gp, 664(t5)
core   0: 3 0x80009d6c (0x283f2c23) mem 0x80010000 0x00000001
core   0: 0x80009d70 (0xff9ff06f) j       pc - 0x8
core   0: 3 0x80009d70 (0xff9ff06f)
core   0: 0x80009d68 (0x00006f17) auipc   t5, 0x6
core   0: 3 0x80009d68 (0x00006f17) x30 0x8000fd68
core   0: 0x80009d6c (0x283f2c23) sw      gp, 664(t5)
core   0: 3 0x80009d6c (0x283f2c23) mem 0x80010000 0x00000001
core   0: 0x80009d70 (0xff9ff06f) j       pc - 0x8
core   0: 3 0x80009d70 (0xff9ff06f)
core   0: 0x80009d68 (0x00006f17) auipc   t5, 0x6
core   0: 3 0x80009d68 (0x00006f17) x30 0x8000fd68
core   0: 0x80009d6c (0x283f2c23) sw      gp, 664(t5)
core   0: 3 0x80009d6c (0x283f2c23) mem 0x80010000 0x00000001
core   0: 0x80009d70 (0xff9ff06f) j       pc - 0x8
core   0: 3 0x80009d70 (0xff9ff06f)
core   0: 0x80009d68 (0x00006f17) auipc   t5, 0x6
core   0: 3 0x80009d68 (0x00006f17) x30 0x8000fd68
core   0: 0x80009d6c (0x283f2c23) sw      gp, 664(t5)
core   0: 3 0x80009d6c (0x283f2c23) mem 0x80010000 0x00000001
core   0: 0x80009d70 (0xff9ff06f) j       pc - 0x8
core   0: 3 0x80009d70 (0xff9ff06f)
core   0: 0x80009d68 (0x00006f17) auipc   t5, 0x6
core   0: 3 0x80009d68 (0x00006f17) x30 0x8000fd68
core   0: 0x80009d6c (0x283f2c23) sw      gp, 664(t5)
core   0: 3 0x80009d6c (0x283f2c23) mem 0x80010000 0x00000001
core   0: 0x80009d70 (0xff9ff06f) j       pc - 0x8
core   0: 3 0x80009d70 (0xff9ff06f)
core   0: 0x80009d68 (0x00006f17) auipc   t5, 0x6
core   0: 3 0x80009d68 (0x00006f17) x30 0x8000fd68
core   0: 0x80009d6c (0x283f2c23) sw      gp, 664(t5)
core   0: 3 0x80009d6c (0x283f2c23) mem 0x80010000 0x00000001
core   0: 0x80009d70 (0xff9ff06f) j       pc - 0x8
core   0: 3 0x80009d70 (0xff9ff06f)
core   0: 0x80009d68 (0x00006f17) auipc   t5, 0x6
core   0: 3 0x80009d68 (0x00006f17) x30 0x8000fd68
core   0: 0x80009d6c (0x283f2c23) sw      gp, 664(t5)
core   0: 3 0x80009d6c (0x283f2c23) mem 0x80010000 0x00000001
core   0: 0x80009d70 (0xff9ff06f) j       pc - 0x8
core   0: 3 0x80009d70 (0xff9ff06f)
core   0: 0x80009d68 (0x00006f17) auipc   t5, 0x6
core   0: 3 0x80009d68 (0x00006f17) x30 0x8000fd68
core   0: 0x80009d6c (0x283f2c23) sw      gp, 664(t5)
core   0: 3 0x80009d6c (0x283f2c23) mem 0x80010000 0x00000001
core   0: 0x80009d70 (0xff9ff06f) j       pc - 0x8
core   0: 3 0x80009d70 (0xff9ff06f)
core   0: 0x80009d68 (0x00006f17) auipc   t5, 0x6
core   0: 3 0x80009d68 (0x00006f17) x30 0x8000fd68
core   0: 0x80009d6c (0x283f2c23) sw      gp, 664(t5)
core   0: 3 0x80009d6c (0x283f2c23) mem 0x80010000 0x00000001
core   0: 0x80009d70 (0xff9ff06f) j       pc - 0x8
core   0: 3 0x80009d70 (0xff9ff06f)
core   0: 0x80009d68 (0x00006f17) auipc   t5, 0x6
core   0: 3 0x80009d68 (0x00006f17) x30 0x8000fd68
core   0: 0x80009d6c (0x283f2c23) sw      gp, 664(t5)
core   0: 3 0x80009d6c (0x283f2c23) mem 0x80010000 0x00000001
core   0: 0x80009d70 (0xff9ff06f) j       pc - 0x8
core   0: 3 0x80009d70 (0xff9ff06f)
core   0: 0x80009d68 (0x00006f17) auipc   t5, 0x6
core   0: 3 0x80009d68 (0x00006f17) x30 0x8000fd68
core   0: 0x80009d6c (0x283f2c23) sw      gp, 664(t5)
core   0: 3 0x80009d6c (0x283f2c23) mem 0x80010000 0x00000001
core   0: 0x80009d70 (0xff9ff06f) j       pc - 0x8
core   0: 3 0x80009d70 (0xff9ff06f)
core   0: 0x80009d68 (0x00006f17) auipc   t5, 0x6
core   0: 3 0x80009d68 (0x00006f17) x30 0x8000fd68
core   0: 0x80009d6c (0x283f2c23) sw      gp, 664(t5)
core   0: 3 0x80009d6c (0x283f2c23) mem 0x80010000 0x00000001
core   0: 0x80009d70 (0xff9ff06f) j       pc - 0x8
core   0: 3 0x80009d70 (0xff9ff06f)
core   0: 0x80009d68 (0x00006f17) auipc   t5, 0x6
core   0: 3 0x80009d68 (0x00006f17) x30 0x8000fd68
core   0: 0x80009d6c (0x283f2c23) sw      gp, 664(t5)
core   0: 3 0x80009d6c (0x283f2c23) mem 0x80010000 0x00000001
core   0: 0x80009d70 (0xff9ff06f) j       pc - 0x8
core   0: 3 0x80009d70 (0xff9ff06f)
core   0: 0x80009d68 (0x00006f17) auipc   t5, 0x6
core   0: 3 0x80009d68 (0x00006f17) x30 0x8000fd68
core   0: 0x80009d6c (0x283f2c23) sw      gp, 664(t5)
core   0: 3 0x80009d6c (0x283f2c23) mem 0x80010000 0x00000001
core   0: 0x80009d70 (0xff9ff06f) j       pc - 0x8
core   0: 3 0x80009d70 (0xff9ff06f)
core   0: 0x80009d68 (0x00006f17) auipc   t5, 0x6
core   0: 3 0x80009d68 (0x00006f17) x30 0x8000fd68
core   0: 0x80009d6c (0x283f2c23) sw      gp, 664(t5)
core   0: 3 0x80009d6c (0x283f2c23) mem 0x80010000 0x00000001
core   0: 0x80009d70 (0xff9ff06f) j       pc - 0x8
core   0: 3 0x80009d70 (0xff9ff06f)
core   0: 0x80009d68 (0x00006f17) auipc   t5, 0x6
core   0: 3 0x80009d68 (0x00006f17) x30 0x8000fd68
core   0: 0x80009d6c (0x283f2c23) sw      gp, 664(t5)
core   0: 3 0x80009d6c (0x283f2c23) mem 0x80010000 0x00000001
core   0: 0x80009d70 (0xff9ff06f) j       pc - 0x8
core   0: 3 0x80009d70 (0xff9ff06f)
core   0: 0x80009d68 (0x00006f17) auipc   t5, 0x6
core   0: 3 0x80009d68 (0x00006f17) x30 0x8000fd68
core   0: 0x80009d6c (0x283f2c23) sw      gp, 664(t5)
core   0: 3 0x80009d6c (0x283f2c23) mem 0x80010000 0x00000001
core   0: 0x80009d70 (0xff9ff06f) j       pc - 0x8
core   0: 3 0x80009d70 (0xff9ff06f)
core   0: 0x80009d68 (0x00006f17) auipc   t5, 0x6
core   0: 3 0x80009d68 (0x00006f17) x30 0x8000fd68
core   0: 0x80009d6c (0x283f2c23) sw      gp, 664(t5)
core   0: 3 0x80009d6c (0x283f2c23) mem 0x80010000 0x00000001
core   0: 0x80009d70 (0xff9ff06f) j       pc - 0x8
core   0: 3 0x80009d70 (0xff9ff06f)
core   0: 0x80009d68 (0x00006f17) auipc   t5, 0x6
core   0: 3 0x80009d68 (0x00006f17) x30 0x8000fd68
core   0: 0x80009d6c (0x283f2c23) sw      gp, 664(t5)
core   0: 3 0x80009d6c (0x283f2c23) mem 0x80010000 0x00000001
core   0: 0x80009d70 (0xff9ff06f) j       pc - 0x8
core   0: 3 0x80009d70 (0xff9ff06f)
core   0: 0x80009d68 (0x00006f17) auipc   t5, 0x6
core   0: 3 0x80009d68 (0x00006f17) x30 0x8000fd68
core   0: 0x80009d6c (0x283f2c23) sw      gp, 664(t5)
core   0: 3 0x80009d6c (0x283f2c23) mem 0x80010000 0x00000001
core   0: 0x80009d70 (0xff9ff06f) j       pc - 0x8
core   0: 3 0x80009d70 (0xff9ff06f)
core   0: 0x80009d68 (0x00006f17) auipc   t5, 0x6
core   0: 3 0x80009d68 (0x00006f17) x30 0x8000fd68
core   0: 0x80009d6c (0x283f2c23) sw      gp, 664(t5)
core   0: 3 0x80009d6c (0x283f2c23) mem 0x80010000 0x00000001
core   0: 0x80009d70 (0xff9ff06f) j       pc - 0x8
core   0: 3 0x80009d70 (0xff9ff06f)
core   0: 0x80009d68 (0x00006f17) auipc   t5, 0x6
core   0: 3 0x80009d68 (0x00006f17) x30 0x8000fd68
core   0: 0x80009d6c (0x283f2c23) sw      gp, 664(t5)
core   0: 3 0x80009d6c (0x283f2c23) mem 0x80010000 0x00000001
core   0: 0x80009d70 (0xff9ff06f) j       pc - 0x8
core   0: 3 0x80009d70 (0xff9ff06f)
core   0: 0x80009d68 (0x00006f17) auipc   t5, 0x6
core   0: 3 0x80009d68 (0x00006f17) x30 0x8000fd68
core   0: 0x80009d6c (0x283f2c23) sw      gp, 664(t5)
core   0: 3 0x80009d6c (0x283f2c23) mem 0x80010000 0x00000001
core   0: 0x80009d70 (0xff9ff06f) j       pc - 0x8
core   0: 3 0x80009d70 (0xff9ff06f)
core   0: 0x80009d68 (0x00006f17) auipc   t5, 0x6
core   0: 3 0x80009d68 (0x00006f17) x30 0x8000fd68
core   0: 0x80009d6c (0x283f2c23) sw      gp, 664(t5)
core   0: 3 0x80009d6c (0x283f2c23) mem 0x80010000 0x00000001
core   0: 0x80009d70 (0xff9ff06f) j       pc - 0x8
core   0: 3 0x80009d70 (0xff9ff06f)
core   0: 0x80009d68 (0x00006f17) auipc   t5, 0x6
core   0: 3 0x80009d68 (0x00006f17) x30 0x8000fd68
core   0: 0x80009d6c (0x283f2c23) sw      gp, 664(t5)
core   0: 3 0x80009d6c (0x283f2c23) mem 0x80010000 0x00000001
core   0: 0x80009d70 (0xff9ff06f) j       pc - 0x8
core   0: 3 0x80009d70 (0xff9ff06f)
core   0: 0x80009d68 (0x00006f17) auipc   t5, 0x6
core   0: 3 0x80009d68 (0x00006f17) x30 0x8000fd68
core   0: 0x80009d6c (0x283f2c23) sw      gp, 664(t5)
core   0: 3 0x80009d6c (0x283f2c23) mem 0x80010000 0x00000001
core   0: 0x80009d70 (0xff9ff06f) j       pc - 0x8
core   0: 3 0x80009d70 (0xff9ff06f)
core   0: 0x80009d68 (0x00006f17) auipc   t5, 0x6
core   0: 3 0x80009d68 (0x00006f17) x30 0x8000fd68
core   0: 0x80009d6c (0x283f2c23) sw      gp, 664(t5)
core   0: 3 0x80009d6c (0x283f2c23) mem 0x80010000 0x00000001
core   0: 0x80009d70 (0xff9ff06f) j       pc - 0x8
core   0: 3 0x80009d70 (0xff9ff06f)
core   0: 0x80009d68 (0x00006f17) auipc   t5, 0x6
core   0: 3 0x80009d68 (0x00006f17) x30 0x8000fd68
core   0: 0x80009d6c (0x283f2c23) sw      gp, 664(t5)
core   0: 3 0x80009d6c (0x283f2c23) mem 0x80010000 0x00000001
core   0: 0x80009d70 (0xff9ff06f) j       pc - 0x8
core   0: 3 0x80009d70 (0xff9ff06f)
core   0: 0x80009d68 (0x00006f17) auipc   t5, 0x6
core   0: 3 0x80009d68 (0x00006f17) x30 0x8000fd68
core   0: 0x80009d6c (0x283f2c23) sw      gp, 664(t5)
core   0: 3 0x80009d6c (0x283f2c23) mem 0x80010000 0x00000001
core   0: 0x80009d70 (0xff9ff06f) j       pc - 0x8
core   0: 3 0x80009d70 (0xff9ff06f)
core   0: 0x80009d68 (0x00006f17) auipc   t5, 0x6
core   0: 3 0x80009d68 (0x00006f17) x30 0x8000fd68
core   0: 0x80009d6c (0x283f2c23) sw      gp, 664(t5)
core   0: 3 0x80009d6c (0x283f2c23) mem 0x80010000 0x00000001
core   0: 0x80009d70 (0xff9ff06f) j       pc - 0x8
core   0: 3 0x80009d70 (0xff9ff06f)
core   0: 0x80009d68 (0x00006f17) auipc   t5, 0x6
core   0: 3 0x80009d68 (0x00006f17) x30 0x8000fd68
core   0: 0x80009d6c (0x283f2c23) sw      gp, 664(t5)
core   0: 3 0x80009d6c (0x283f2c23) mem 0x80010000 0x00000001
core   0: 0x80009d70 (0xff9ff06f) j       pc - 0x8
core   0: 3 0x80009d70 (0xff9ff06f)
core   0: 0x80009d68 (0x00006f17) auipc   t5, 0x6
core   0: 3 0x80009d68 (0x00006f17) x30 0x8000fd68
core   0: 0x80009d6c (0x283f2c23) sw      gp, 664(t5)
core   0: 3 0x80009d6c (0x283f2c23) mem 0x80010000 0x00000001
core   0: 0x80009d70 (0xff9ff06f) j       pc - 0x8
core   0: 3 0x80009d70 (0xff9ff06f)
core   0: 0x80009d68 (0x00006f17) auipc   t5, 0x6
core   0: 3 0x80009d68 (0x00006f17) x30 0x8000fd68
core   0: 0x80009d6c (0x283f2c23) sw      gp, 664(t5)
core   0: 3 0x80009d6c (0x283f2c23) mem 0x80010000 0x00000001
core   0: 0x80009d70 (0xff9ff06f) j       pc - 0x8
core   0: 3 0x80009d70 (0xff9ff06f)
core   0: 0x80009d68 (0x00006f17) auipc   t5, 0x6
core   0: 3 0x80009d68 (0x00006f17) x30 0x8000fd68
core   0: 0x80009d6c (0x283f2c23) sw      gp, 664(t5)
core   0: 3 0x80009d6c (0x283f2c23) mem 0x80010000 0x00000001
core   0: 0x80009d70 (0xff9ff06f) j       pc - 0x8
core   0: 3 0x80009d70 (0xff9ff06f)
core   0: 0x80009d68 (0x00006f17) auipc   t5, 0x6
core   0: 3 0x80009d68 (0x00006f17) x30 0x8000fd68
core   0: 0x80009d6c (0x283f2c23) sw      gp, 664(t5)
core   0: 3 0x80009d6c (0x283f2c23) mem 0x80010000 0x00000001
core   0: 0x80009d70 (0xff9ff06f) j       pc - 0x8
core   0: 3 0x80009d70 (0xff9ff06f)
core   0: 0x80009d68 (0x00006f17) auipc   t5, 0x6
core   0: 3 0x80009d68 (0x00006f17) x30 0x8000fd68
core   0: 0x80009d6c (0x283f2c23) sw      gp, 664(t5)
core   0: 3 0x80009d6c (0x283f2c23) mem 0x80010000 0x00000001
core   0: 0x80009d70 (0xff9ff06f) j       pc - 0x8
core   0: 3 0x80009d70 (0xff9ff06f)
core   0: 0x80009d68 (0x00006f17) auipc   t5, 0x6
core   0: 3 0x80009d68 (0x00006f17) x30 0x8000fd68
core   0: 0x80009d6c (0x283f2c23) sw      gp, 664(t5)
core   0: 3 0x80009d6c (0x283f2c23) mem 0x80010000 0x00000001
core   0: 0x80009d70 (0xff9ff06f) j       pc - 0x8
core   0: 3 0x80009d70 (0xff9ff06f)
core   0: 0x80009d68 (0x00006f17) auipc   t5, 0x6
core   0: 3 0x80009d68 (0x00006f17) x30 0x8000fd68
core   0: 0x80009d6c (0x283f2c23) sw      gp, 664(t5)
core   0: 3 0x80009d6c (0x283f2c23) mem 0x80010000 0x00000001
core   0: 0x80009d70 (0xff9ff06f) j       pc - 0x8
core   0: 3 0x80009d70 (0xff9ff06f)
core   0: 0x80009d68 (0x00006f17) auipc   t5, 0x6
core   0: 3 0x80009d68 (0x00006f17) x30 0x8000fd68
core   0: 0x80009d6c (0x283f2c23) sw      gp, 664(t5)
core   0: 3 0x80009d6c (0x283f2c23) mem 0x80010000 0x00000001
core   0: 0x80009d70 (0xff9ff06f) j       pc - 0x8
core   0: 3 0x80009d70 (0xff9ff06f)
core   0: 0x80009d68 (0x00006f17) auipc   t5, 0x6
core   0: 3 0x80009d68 (0x00006f17) x30 0x8000fd68
core   0: 0x80009d6c (0x283f2c23) sw      gp, 664(t5)
core   0: 3 0x80009d6c (0x283f2c23) mem 0x80010000 0x00000001
core   0: 0x80009d70 (0xff9ff06f) j       pc - 0x8
core   0: 3 0x80009d70 (0xff9ff06f)
core   0: 0x80009d68 (0x00006f17) auipc   t5, 0x6
core   0: 3 0x80009d68 (0x00006f17) x30 0x8000fd68
core   0: 0x80009d6c (0x283f2c23) sw      gp, 664(t5)
core   0: 3 0x80009d6c (0x283f2c23) mem 0x80010000 0x00000001
core   0: 0x80009d70 (0xff9ff06f) j       pc - 0x8
core   0: 3 0x80009d70 (0xff9ff06f)
core   0: 0x80009d68 (0x00006f17) auipc   t5, 0x6
core   0: 3 0x80009d68 (0x00006f17) x30 0x8000fd68
core   0: 0x80009d6c (0x283f2c23) sw      gp, 664(t5)
core   0: 3 0x80009d6c (0x283f2c23) mem 0x80010000 0x00000001
core   0: 0x80009d70 (0xff9ff06f) j       pc - 0x8
core   0: 3 0x80009d70 (0xff9ff06f)
core   0: 0x80009d68 (0x00006f17) auipc   t5, 0x6
core   0: 3 0x80009d68 (0x00006f17) x30 0x8000fd68
core   0: 0x80009d6c (0x283f2c23) sw      gp, 664(t5)
core   0: 3 0x80009d6c (0x283f2c23) mem 0x80010000 0x00000001
core   0: 0x80009d70 (0xff9ff06f) j       pc - 0x8
core   0: 3 0x80009d70 (0xff9ff06f)
core   0: 0x80009d68 (0x00006f17) auipc   t5, 0x6
core   0: 3 0x80009d68 (0x00006f17) x30 0x8000fd68
core   0: 0x80009d6c (0x283f2c23) sw      gp, 664(t5)
core   0: 3 0x80009d6c (0x283f2c23) mem 0x80010000 0x00000001
core   0: 0x80009d70 (0xff9ff06f) j       pc - 0x8
core   0: 3 0x80009d70 (0xff9ff06f)
core   0: 0x80009d68 (0x00006f17) auipc   t5, 0x6
core   0: 3 0x80009d68 (0x00006f17) x30 0x8000fd68
core   0: 0x80009d6c (0x283f2c23) sw      gp, 664(t5)
core   0: 3 0x80009d6c (0x283f2c23) mem 0x80010000 0x00000001
core   0: 0x80009d70 (0xff9ff06f) j       pc - 0x8
core   0: 3 0x80009d70 (0xff9ff06f)
core   0: 0x80009d68 (0x00006f17) auipc   t5, 0x6
core   0: 3 0x80009d68 (0x00006f17) x30 0x8000fd68
core   0: 0x80009d6c (0x283f2c23) sw      gp, 664(t5)
core   0: 3 0x80009d6c (0x283f2c23) mem 0x80010000 0x00000001
core   0: 0x80009d70 (0xff9ff06f) j       pc - 0x8
core   0: 3 0x80009d70 (0xff9ff06f)
core   0: 0x80009d68 (0x00006f17) auipc   t5, 0x6
core   0: 3 0x80009d68 (0x00006f17) x30 0x8000fd68
core   0: 0x80009d6c (0x283f2c23) sw      gp, 664(t5)
core   0: 3 0x80009d6c (0x283f2c23) mem 0x80010000 0x00000001
core   0: 0x80009d70 (0xff9ff06f) j       pc - 0x8
core   0: 3 0x80009d70 (0xff9ff06f)
core   0: 0x80009d68 (0x00006f17) auipc   t5, 0x6
core   0: 3 0x80009d68 (0x00006f17) x30 0x8000fd68
core   0: 0x80009d6c (0x283f2c23) sw      gp, 664(t5)
core   0: 3 0x80009d6c (0x283f2c23) mem 0x80010000 0x00000001
core   0: 0x80009d70 (0xff9ff06f) j       pc - 0x8
core   0: 3 0x80009d70 (0xff9ff06f)
core   0: 0x80009d68 (0x00006f17) auipc   t5, 0x6
core   0: 3 0x80009d68 (0x00006f17) x30 0x8000fd68
core   0: 0x80009d6c (0x283f2c23) sw      gp, 664(t5)
core   0: 3 0x80009d6c (0x283f2c23) mem 0x80010000 0x00000001
core   0: 0x80009d70 (0xff9ff06f) j       pc - 0x8
core   0: 3 0x80009d70 (0xff9ff06f)
core   0: 0x80009d68 (0x00006f17) auipc   t5, 0x6
core   0: 3 0x80009d68 (0x00006f17) x30 0x8000fd68
core   0: 0x80009d6c (0x283f2c23) sw      gp, 664(t5)
core   0: 3 0x80009d6c (0x283f2c23) mem 0x80010000 0x00000001
core   0: 0x80009d70 (0xff9ff06f) j       pc - 0x8
core   0: 3 0x80009d70 (0xff9ff06f)
core   0: 0x80009d68 (0x00006f17) auipc   t5, 0x6
core   0: 3 0x80009d68 (0x00006f17) x30 0x8000fd68
core   0: 0x80009d6c (0x283f2c23) sw      gp, 664(t5)
core   0: 3 0x80009d6c (0x283f2c23) mem 0x80010000 0x00000001
core   0: 0x80009d70 (0xff9ff06f) j       pc - 0x8
core   0: 3 0x80009d70 (0xff9ff06f)
core   0: 0x80009d68 (0x00006f17) auipc   t5, 0x6
core   0: 3 0x80009d68 (0x00006f17) x30 0x8000fd68
core   0: 0x80009d6c (0x283f2c23) sw      gp, 664(t5)
core   0: 3 0x80009d6c (0x283f2c23) mem 0x80010000 0x00000001
core   0: 0x80009d70 (0xff9ff06f) j       pc - 0x8
core   0: 3 0x80009d70 (0xff9ff06f)
core   0: 0x80009d68 (0x00006f17) auipc   t5, 0x6
core   0: 3 0x80009d68 (0x00006f17) x30 0x8000fd68
core   0: 0x80009d6c (0x283f2c23) sw      gp, 664(t5)
core   0: 3 0x80009d6c (0x283f2c23) mem 0x80010000 0x00000001
core   0: 0x80009d70 (0xff9ff06f) j       pc - 0x8
core   0: 3 0x80009d70 (0xff9ff06f)
core   0: 0x80009d68 (0x00006f17) auipc   t5, 0x6
core   0: 3 0x80009d68 (0x00006f17) x30 0x8000fd68
core   0: 0x80009d6c (0x283f2c23) sw      gp, 664(t5)
core   0: 3 0x80009d6c (0x283f2c23) mem 0x80010000 0x00000001
core   0: 0x80009d70 (0xff9ff06f) j       pc - 0x8
core   0: 3 0x80009d70 (0xff9ff06f)
core   0: 0x80009d68 (0x00006f17) auipc   t5, 0x6
core   0: 3 0x80009d68 (0x00006f17) x30 0x8000fd68
core   0: 0x80009d6c (0x283f2c23) sw      gp, 664(t5)
core   0: 3 0x80009d6c (0x283f2c23) mem 0x80010000 0x00000001
core   0: 0x80009d70 (0xff9ff06f) j       pc - 0x8
core   0: 3 0x80009d70 (0xff9ff06f)
core   0: 0x80009d68 (0x00006f17) auipc   t5, 0x6
core   0: 3 0x80009d68 (0x00006f17) x30 0x8000fd68
core   0: 0x80009d6c (0x283f2c23) sw      gp, 664(t5)
core   0: 3 0x80009d6c (0x283f2c23) mem 0x80010000 0x00000001
core   0: 0x80009d70 (0xff9ff06f) j       pc - 0x8
core   0: 3 0x80009d70 (0xff9ff06f)
core   0: 0x80009d68 (0x00006f17) auipc   t5, 0x6
core   0: 3 0x80009d68 (0x00006f17) x30 0x8000fd68
core   0: 0x80009d6c (0x283f2c23) sw      gp, 664(t5)
core   0: 3 0x80009d6c (0x283f2c23) mem 0x80010000 0x00000001
core   0: 0x80009d70 (0xff9ff06f) j       pc - 0x8
core   0: 3 0x80009d70 (0xff9ff06f)
core   0: 0x80009d68 (0x00006f17) auipc   t5, 0x6
core   0: 3 0x80009d68 (0x00006f17) x30 0x8000fd68
core   0: 0x80009d6c (0x283f2c23) sw      gp, 664(t5)
core   0: 3 0x80009d6c (0x283f2c23) mem 0x80010000 0x00000001
core   0: 0x80009d70 (0xff9ff06f) j       pc - 0x8
core   0: 3 0x80009d70 (0xff9ff06f)
core   0: 0x80009d68 (0x00006f17) auipc   t5, 0x6
core   0: 3 0x80009d68 (0x00006f17) x30 0x8000fd68
core   0: 0x80009d6c (0x283f2c23) sw      gp, 664(t5)
core   0: 3 0x80009d6c (0x283f2c23) mem 0x80010000 0x00000001
core   0: 0x80009d70 (0xff9ff06f) j       pc - 0x8
core   0: 3 0x80009d70 (0xff9ff06f)
core   0: 0x80009d68 (0x00006f17) auipc   t5, 0x6
core   0: 3 0x80009d68 (0x00006f17) x30 0x8000fd68
core   0: 0x80009d6c (0x283f2c23) sw      gp, 664(t5)
core   0: 3 0x80009d6c (0x283f2c23) mem 0x80010000 0x00000001
core   0: 0x80009d70 (0xff9ff06f) j       pc - 0x8
core   0: 3 0x80009d70 (0xff9ff06f)
core   0: 0x80009d68 (0x00006f17) auipc   t5, 0x6
core   0: 3 0x80009d68 (0x00006f17) x30 0x8000fd68
core   0: 0x80009d6c (0x283f2c23) sw      gp, 664(t5)
core   0: 3 0x80009d6c (0x283f2c23) mem 0x80010000 0x00000001
core   0: 0x80009d70 (0xff9ff06f) j       pc - 0x8
core   0: 3 0x80009d70 (0xff9ff06f)
core   0: 0x80009d68 (0x00006f17) auipc   t5, 0x6
core   0: 3 0x80009d68 (0x00006f17) x30 0x8000fd68
core   0: 0x80009d6c (0x283f2c23) sw      gp, 664(t5)
core   0: 3 0x80009d6c (0x283f2c23) mem 0x80010000 0x00000001
core   0: 0x80009d70 (0xff9ff06f) j       pc - 0x8
core   0: 3 0x80009d70 (0xff9ff06f)
core   0: 0x80009d68 (0x00006f17) auipc   t5, 0x6
core   0: 3 0x80009d68 (0x00006f17) x30 0x8000fd68
core   0: 0x80009d6c (0x283f2c23) sw      gp, 664(t5)
core   0: 3 0x80009d6c (0x283f2c23) mem 0x80010000 0x00000001
core   0: 0x80009d70 (0xff9ff06f) j       pc - 0x8
core   0: 3 0x80009d70 (0xff9ff06f)
core   0: 0x80009d68 (0x00006f17) auipc   t5, 0x6
core   0: 3 0x80009d68 (0x00006f17) x30 0x8000fd68
core   0: 0x80009d6c (0x283f2c23) sw      gp, 664(t5)
core   0: 3 0x80009d6c (0x283f2c23) mem 0x80010000 0x00000001
core   0: 0x80009d70 (0xff9ff06f) j       pc - 0x8
core   0: 3 0x80009d70 (0xff9ff06f)
core   0: 0x80009d68 (0x00006f17) auipc   t5, 0x6
core   0: 3 0x80009d68 (0x00006f17) x30 0x8000fd68
core   0: 0x80009d6c (0x283f2c23) sw      gp, 664(t5)
core   0: 3 0x80009d6c (0x283f2c23) mem 0x80010000 0x00000001
core   0: 0x80009d70 (0xff9ff06f) j       pc - 0x8
core   0: 3 0x80009d70 (0xff9ff06f)
core   0: 0x80009d68 (0x00006f17) auipc   t5, 0x6
core   0: 3 0x80009d68 (0x00006f17) x30 0x8000fd68
core   0: 0x80009d6c (0x283f2c23) sw      gp, 664(t5)
core   0: 3 0x80009d6c (0x283f2c23) mem 0x80010000 0x00000001
core   0: 0x80009d70 (0xff9ff06f) j       pc - 0x8
core   0: 3 0x80009d70 (0xff9ff06f)
core   0: 0x80009d68 (0x00006f17) auipc   t5, 0x6
core   0: 3 0x80009d68 (0x00006f17) x30 0x8000fd68
core   0: 0x80009d6c (0x283f2c23) sw      gp, 664(t5)
core   0: 3 0x80009d6c (0x283f2c23) mem 0x80010000 0x00000001
core   0: 0x80009d70 (0xff9ff06f) j       pc - 0x8
core   0: 3 0x80009d70 (0xff9ff06f)
core   0: 0x80009d68 (0x00006f17) auipc   t5, 0x6
core   0: 3 0x80009d68 (0x00006f17) x30 0x8000fd68
core   0: 0x80009d6c (0x283f2c23) sw      gp, 664(t5)
core   0: 3 0x80009d6c (0x283f2c23) mem 0x80010000 0x00000001
core   0: 0x80009d70 (0xff9ff06f) j       pc - 0x8
core   0: 3 0x80009d70 (0xff9ff06f)
core   0: 0x80009d68 (0x00006f17) auipc   t5, 0x6
core   0: 3 0x80009d68 (0x00006f17) x30 0x8000fd68
core   0: 0x80009d6c (0x283f2c23) sw      gp, 664(t5)
core   0: 3 0x80009d6c (0x283f2c23) mem 0x80010000 0x00000001
core   0: 0x80009d70 (0xff9ff06f) j       pc - 0x8
core   0: 3 0x80009d70 (0xff9ff06f)
core   0: 0x80009d68 (0x00006f17) auipc   t5, 0x6
core   0: 3 0x80009d68 (0x00006f17) x30 0x8000fd68
core   0: 0x80009d6c (0x283f2c23) sw      gp, 664(t5)
core   0: 3 0x80009d6c (0x283f2c23) mem 0x80010000 0x00000001
core   0: 0x80009d70 (0xff9ff06f) j       pc - 0x8
core   0: 3 0x80009d70 (0xff9ff06f)
core   0: 0x80009d68 (0x00006f17) auipc   t5, 0x6
core   0: 3 0x80009d68 (0x00006f17) x30 0x8000fd68
core   0: 0x80009d6c (0x283f2c23) sw      gp, 664(t5)
core   0: 3 0x80009d6c (0x283f2c23) mem 0x80010000 0x00000001
core   0: 0x80009d70 (0xff9ff06f) j       pc - 0x8
core   0: 3 0x80009d70 (0xff9ff06f)
core   0: 0x80009d68 (0x00006f17) auipc   t5, 0x6
core   0: 3 0x80009d68 (0x00006f17) x30 0x8000fd68
core   0: 0x80009d6c (0x283f2c23) sw      gp, 664(t5)
core   0: 3 0x80009d6c (0x283f2c23) mem 0x80010000 0x00000001
core   0: 0x80009d70 (0xff9ff06f) j       pc - 0x8
core   0: 3 0x80009d70 (0xff9ff06f)
core   0: 0x80009d68 (0x00006f17) auipc   t5, 0x6
core   0: 3 0x80009d68 (0x00006f17) x30 0x8000fd68
core   0: 0x80009d6c (0x283f2c23) sw      gp, 664(t5)
core   0: 3 0x80009d6c (0x283f2c23) mem 0x80010000 0x00000001
core   0: 0x80009d70 (0xff9ff06f) j       pc - 0x8
core   0: 3 0x80009d70 (0xff9ff06f)
core   0: 0x80009d68 (0x00006f17) auipc   t5, 0x6
core   0: 3 0x80009d68 (0x00006f17) x30 0x8000fd68
core   0: 0x80009d6c (0x283f2c23) sw      gp, 664(t5)
core   0: 3 0x80009d6c (0x283f2c23) mem 0x80010000 0x00000001
core   0: 0x80009d70 (0xff9ff06f) j       pc - 0x8
core   0: 3 0x80009d70 (0xff9ff06f)
core   0: 0x80009d68 (0x00006f17) auipc   t5, 0x6
core   0: 3 0x80009d68 (0x00006f17) x30 0x8000fd68
core   0: 0x80009d6c (0x283f2c23) sw      gp, 664(t5)
core   0: 3 0x80009d6c (0x283f2c23) mem 0x80010000 0x00000001
core   0: 0x80009d70 (0xff9ff06f) j       pc - 0x8
core   0: 3 0x80009d70 (0xff9ff06f)
core   0: 0x80009d68 (0x00006f17) auipc   t5, 0x6
core   0: 3 0x80009d68 (0x00006f17) x30 0x8000fd68
core   0: 0x80009d6c (0x283f2c23) sw      gp, 664(t5)
core   0: 3 0x80009d6c (0x283f2c23) mem 0x80010000 0x00000001
core   0: 0x80009d70 (0xff9ff06f) j       pc - 0x8
core   0: 3 0x80009d70 (0xff9ff06f)
core   0: 0x80009d68 (0x00006f17) auipc   t5, 0x6
core   0: 3 0x80009d68 (0x00006f17) x30 0x8000fd68
core   0: 0x80009d6c (0x283f2c23) sw      gp, 664(t5)
core   0: 3 0x80009d6c (0x283f2c23) mem 0x80010000 0x00000001
core   0: 0x80009d70 (0xff9ff06f) j       pc - 0x8
core   0: 3 0x80009d70 (0xff9ff06f)
core   0: 0x80009d68 (0x00006f17) auipc   t5, 0x6
core   0: 3 0x80009d68 (0x00006f17) x30 0x8000fd68
core   0: 0x80009d6c (0x283f2c23) sw      gp, 664(t5)
core   0: 3 0x80009d6c (0x283f2c23) mem 0x80010000 0x00000001
core   0: 0x80009d70 (0xff9ff06f) j       pc - 0x8
core   0: 3 0x80009d70 (0xff9ff06f)
core   0: 0x80009d68 (0x00006f17) auipc   t5, 0x6
core   0: 3 0x80009d68 (0x00006f17) x30 0x8000fd68
core   0: 0x80009d6c (0x283f2c23) sw      gp, 664(t5)
core   0: 3 0x80009d6c (0x283f2c23) mem 0x80010000 0x00000001
core   0: 0x80009d70 (0xff9ff06f) j       pc - 0x8
core   0: 3 0x80009d70 (0xff9ff06f)
core   0: 0x80009d68 (0x00006f17) auipc   t5, 0x6
core   0: 3 0x80009d68 (0x00006f17) x30 0x8000fd68
core   0: 0x80009d6c (0x283f2c23) sw      gp, 664(t5)
core   0: 3 0x80009d6c (0x283f2c23) mem 0x80010000 0x00000001
core   0: 0x80009d70 (0xff9ff06f) j       pc - 0x8
core   0: 3 0x80009d70 (0xff9ff06f)
core   0: 0x80009d68 (0x00006f17) auipc   t5, 0x6
core   0: 3 0x80009d68 (0x00006f17) x30 0x8000fd68
core   0: 0x80009d6c (0x283f2c23) sw      gp, 664(t5)
core   0: 3 0x80009d6c (0x283f2c23) mem 0x80010000 0x00000001
core   0: 0x80009d70 (0xff9ff06f) j       pc - 0x8
core   0: 3 0x80009d70 (0xff9ff06f)
core   0: 0x80009d68 (0x00006f17) auipc   t5, 0x6
core   0: 3 0x80009d68 (0x00006f17) x30 0x8000fd68
core   0: 0x80009d6c (0x283f2c23) sw      gp, 664(t5)
core   0: 3 0x80009d6c (0x283f2c23) mem 0x80010000 0x00000001
core   0: 0x80009d70 (0xff9ff06f) j       pc - 0x8
core   0: 3 0x80009d70 (0xff9ff06f)
core   0: 0x80009d68 (0x00006f17) auipc   t5, 0x6
core   0: 3 0x80009d68 (0x00006f17) x30 0x8000fd68
core   0: 0x80009d6c (0x283f2c23) sw      gp, 664(t5)
core   0: 3 0x80009d6c (0x283f2c23) mem 0x80010000 0x00000001
core   0: 0x80009d70 (0xff9ff06f) j       pc - 0x8
core   0: 3 0x80009d70 (0xff9ff06f)
core   0: 0x80009d68 (0x00006f17) auipc   t5, 0x6
core   0: 3 0x80009d68 (0x00006f17) x30 0x8000fd68
core   0: 0x80009d6c (0x283f2c23) sw      gp, 664(t5)
core   0: 3 0x80009d6c (0x283f2c23) mem 0x80010000 0x00000001
core   0: 0x80009d70 (0xff9ff06f) j       pc - 0x8
core   0: 3 0x80009d70 (0xff9ff06f)
core   0: 0x80009d68 (0x00006f17) auipc   t5, 0x6
core   0: 3 0x80009d68 (0x00006f17) x30 0x8000fd68
core   0: 0x80009d6c (0x283f2c23) sw      gp, 664(t5)
core   0: 3 0x80009d6c (0x283f2c23) mem 0x80010000 0x00000001
core   0: 0x80009d70 (0xff9ff06f) j       pc - 0x8
core   0: 3 0x80009d70 (0xff9ff06f)
core   0: 0x80009d68 (0x00006f17) auipc   t5, 0x6
core   0: 3 0x80009d68 (0x00006f17) x30 0x8000fd68
core   0: 0x80009d6c (0x283f2c23) sw      gp, 664(t5)
core   0: 3 0x80009d6c (0x283f2c23) mem 0x80010000 0x00000001
core   0: 0x80009d70 (0xff9ff06f) j       pc - 0x8
core   0: 3 0x80009d70 (0xff9ff06f)
core   0: 0x80009d68 (0x00006f17) auipc   t5, 0x6
core   0: 3 0x80009d68 (0x00006f17) x30 0x8000fd68
core   0: 0x80009d6c (0x283f2c23) sw      gp, 664(t5)
core   0: 3 0x80009d6c (0x283f2c23) mem 0x80010000 0x00000001
core   0: 0x80009d70 (0xff9ff06f) j       pc - 0x8
core   0: 3 0x80009d70 (0xff9ff06f)
core   0: 0x80009d68 (0x00006f17) auipc   t5, 0x6
core   0: 3 0x80009d68 (0x00006f17) x30 0x8000fd68
core   0: 0x80009d6c (0x283f2c23) sw      gp, 664(t5)
core   0: 3 0x80009d6c (0x283f2c23) mem 0x80010000 0x00000001
core   0: 0x80009d70 (0xff9ff06f) j       pc - 0x8
core   0: 3 0x80009d70 (0xff9ff06f)
core   0: 0x80009d68 (0x00006f17) auipc   t5, 0x6
core   0: 3 0x80009d68 (0x00006f17) x30 0x8000fd68
core   0: 0x80009d6c (0x283f2c23) sw      gp, 664(t5)
core   0: 3 0x80009d6c (0x283f2c23) mem 0x80010000 0x00000001
core   0: 0x80009d70 (0xff9ff06f) j       pc - 0x8
core   0: 3 0x80009d70 (0xff9ff06f)
core   0: 0x80009d68 (0x00006f17) auipc   t5, 0x6
core   0: 3 0x80009d68 (0x00006f17) x30 0x8000fd68
core   0: 0x80009d6c (0x283f2c23) sw      gp, 664(t5)
core   0: 3 0x80009d6c (0x283f2c23) mem 0x80010000 0x00000001
core   0: 0x80009d70 (0xff9ff06f) j       pc - 0x8
core   0: 3 0x80009d70 (0xff9ff06f)
core   0: 0x80009d68 (0x00006f17) auipc   t5, 0x6
core   0: 3 0x80009d68 (0x00006f17) x30 0x8000fd68
core   0: 0x80009d6c (0x283f2c23) sw      gp, 664(t5)
core   0: 3 0x80009d6c (0x283f2c23) mem 0x80010000 0x00000001
core   0: 0x80009d70 (0xff9ff06f) j       pc - 0x8
core   0: 3 0x80009d70 (0xff9ff06f)
core   0: 0x80009d68 (0x00006f17) auipc   t5, 0x6
core   0: 3 0x80009d68 (0x00006f17) x30 0x8000fd68
core   0: 0x80009d6c (0x283f2c23) sw      gp, 664(t5)
core   0: 3 0x80009d6c (0x283f2c23) mem 0x80010000 0x00000001
core   0: 0x80009d70 (0xff9ff06f) j       pc - 0x8
core   0: 3 0x80009d70 (0xff9ff06f)
core   0: 0x80009d68 (0x00006f17) auipc   t5, 0x6
core   0: 3 0x80009d68 (0x00006f17) x30 0x8000fd68
core   0: 0x80009d6c (0x283f2c23) sw      gp, 664(t5)
core   0: 3 0x80009d6c (0x283f2c23) mem 0x80010000 0x00000001
core   0: 0x80009d70 (0xff9ff06f) j       pc - 0x8
core   0: 3 0x80009d70 (0xff9ff06f)
core   0: 0x80009d68 (0x00006f17) auipc   t5, 0x6
core   0: 3 0x80009d68 (0x00006f17) x30 0x8000fd68
core   0: 0x80009d6c (0x283f2c23) sw      gp, 664(t5)
core   0: 3 0x80009d6c (0x283f2c23) mem 0x80010000 0x00000001
core   0: 0x80009d70 (0xff9ff06f) j       pc - 0x8
core   0: 3 0x80009d70 (0xff9ff06f)
core   0: 0x80009d68 (0x00006f17) auipc   t5, 0x6
core   0: 3 0x80009d68 (0x00006f17) x30 0x8000fd68
core   0: 0x80009d6c (0x283f2c23) sw      gp, 664(t5)
core   0: 3 0x80009d6c (0x283f2c23) mem 0x80010000 0x00000001
core   0: 0x80009d70 (0xff9ff06f) j       pc - 0x8
core   0: 3 0x80009d70 (0xff9ff06f)
core   0: 0x80009d68 (0x00006f17) auipc   t5, 0x6
core   0: 3 0x80009d68 (0x00006f17) x30 0x8000fd68
core   0: 0x80009d6c (0x283f2c23) sw      gp, 664(t5)
core   0: 3 0x80009d6c (0x283f2c23) mem 0x80010000 0x00000001
core   0: 0x80009d70 (0xff9ff06f) j       pc - 0x8
core   0: 3 0x80009d70 (0xff9ff06f)
core   0: 0x80009d68 (0x00006f17) auipc   t5, 0x6
core   0: 3 0x80009d68 (0x00006f17) x30 0x8000fd68
core   0: 0x80009d6c (0x283f2c23) sw      gp, 664(t5)
core   0: 3 0x80009d6c (0x283f2c23) mem 0x80010000 0x00000001
core   0: 0x80009d70 (0xff9ff06f) j       pc - 0x8
core   0: 3 0x80009d70 (0xff9ff06f)
core   0: 0x80009d68 (0x00006f17) auipc   t5, 0x6
core   0: 3 0x80009d68 (0x00006f17) x30 0x8000fd68
core   0: 0x80009d6c (0x283f2c23) sw      gp, 664(t5)
core   0: 3 0x80009d6c (0x283f2c23) mem 0x80010000 0x00000001
core   0: 0x80009d70 (0xff9ff06f) j       pc - 0x8
core   0: 3 0x80009d70 (0xff9ff06f)
core   0: 0x80009d68 (0x00006f17) auipc   t5, 0x6
core   0: 3 0x80009d68 (0x00006f17) x30 0x8000fd68
core   0: 0x80009d6c (0x283f2c23) sw      gp, 664(t5)
core   0: 3 0x80009d6c (0x283f2c23) mem 0x80010000 0x00000001
core   0: 0x80009d70 (0xff9ff06f) j       pc - 0x8
core   0: 3 0x80009d70 (0xff9ff06f)
core   0: 0x80009d68 (0x00006f17) auipc   t5, 0x6
core   0: 3 0x80009d68 (0x00006f17) x30 0x8000fd68
core   0: 0x80009d6c (0x283f2c23) sw      gp, 664(t5)
core   0: 3 0x80009d6c (0x283f2c23) mem 0x80010000 0x00000001
core   0: 0x80009d70 (0xff9ff06f) j       pc - 0x8
core   0: 3 0x80009d70 (0xff9ff06f)
core   0: 0x80009d68 (0x00006f17) auipc   t5, 0x6
core   0: 3 0x80009d68 (0x00006f17) x30 0x8000fd68
core   0: 0x80009d6c (0x283f2c23) sw      gp, 664(t5)
core   0: 3 0x80009d6c (0x283f2c23) mem 0x80010000 0x00000001
core   0: 0x80009d70 (0xff9ff06f) j       pc - 0x8
core   0: 3 0x80009d70 (0xff9ff06f)
core   0: 0x80009d68 (0x00006f17) auipc   t5, 0x6
core   0: 3 0x80009d68 (0x00006f17) x30 0x8000fd68
core   0: 0x80009d6c (0x283f2c23) sw      gp, 664(t5)
core   0: 3 0x80009d6c (0x283f2c23) mem 0x80010000 0x00000001
core   0: 0x80009d70 (0xff9ff06f) j       pc - 0x8
core   0: 3 0x80009d70 (0xff9ff06f)
core   0: 0x80009d68 (0x00006f17) auipc   t5, 0x6
core   0: 3 0x80009d68 (0x00006f17) x30 0x8000fd68
core   0: 0x80009d6c (0x283f2c23) sw      gp, 664(t5)
core   0: 3 0x80009d6c (0x283f2c23) mem 0x80010000 0x00000001
core   0: 0x80009d70 (0xff9ff06f) j       pc - 0x8
core   0: 3 0x80009d70 (0xff9ff06f)
core   0: 0x80009d68 (0x00006f17) auipc   t5, 0x6
core   0: 3 0x80009d68 (0x00006f17) x30 0x8000fd68
core   0: 0x80009d6c (0x283f2c23) sw      gp, 664(t5)
core   0: 3 0x80009d6c (0x283f2c23) mem 0x80010000 0x00000001
core   0: 0x80009d70 (0xff9ff06f) j       pc - 0x8
core   0: 3 0x80009d70 (0xff9ff06f)
core   0: 0x80009d68 (0x00006f17) auipc   t5, 0x6
core   0: 3 0x80009d68 (0x00006f17) x30 0x8000fd68
core   0: 0x80009d6c (0x283f2c23) sw      gp, 664(t5)
core   0: 3 0x80009d6c (0x283f2c23) mem 0x80010000 0x00000001
core   0: 0x80009d70 (0xff9ff06f) j       pc - 0x8
core   0: 3 0x80009d70 (0xff9ff06f)
core   0: 0x80009d68 (0x00006f17) auipc   t5, 0x6
core   0: 3 0x80009d68 (0x00006f17) x30 0x8000fd68
core   0: 0x80009d6c (0x283f2c23) sw      gp, 664(t5)
core   0: 3 0x80009d6c (0x283f2c23) mem 0x80010000 0x00000001
core   0: 0x80009d70 (0xff9ff06f) j       pc - 0x8
core   0: 3 0x80009d70 (0xff9ff06f)
core   0: 0x80009d68 (0x00006f17) auipc   t5, 0x6
core   0: 3 0x80009d68 (0x00006f17) x30 0x8000fd68
core   0: 0x80009d6c (0x283f2c23) sw      gp, 664(t5)
core   0: 3 0x80009d6c (0x283f2c23) mem 0x80010000 0x00000001
core   0: 0x80009d70 (0xff9ff06f) j       pc - 0x8
core   0: 3 0x80009d70 (0xff9ff06f)
core   0: 0x80009d68 (0x00006f17) auipc   t5, 0x6
core   0: 3 0x80009d68 (0x00006f17) x30 0x8000fd68
core   0: 0x80009d6c (0x283f2c23) sw      gp, 664(t5)
core   0: 3 0x80009d6c (0x283f2c23) mem 0x80010000 0x00000001
core   0: 0x80009d70 (0xff9ff06f) j       pc - 0x8
core   0: 3 0x80009d70 (0xff9ff06f)
core   0: 0x80009d68 (0x00006f17) auipc   t5, 0x6
core   0: 3 0x80009d68 (0x00006f17) x30 0x8000fd68
core   0: 0x80009d6c (0x283f2c23) sw      gp, 664(t5)
core   0: 3 0x80009d6c (0x283f2c23) mem 0x80010000 0x00000001
core   0: 0x80009d70 (0xff9ff06f) j       pc - 0x8
core   0: 3 0x80009d70 (0xff9ff06f)
core   0: 0x80009d68 (0x00006f17) auipc   t5, 0x6
core   0: 3 0x80009d68 (0x00006f17) x30 0x8000fd68
core   0: 0x80009d6c (0x283f2c23) sw      gp, 664(t5)
core   0: 3 0x80009d6c (0x283f2c23) mem 0x80010000 0x00000001
core   0: 0x80009d70 (0xff9ff06f) j       pc - 0x8
core   0: 3 0x80009d70 (0xff9ff06f)
core   0: 0x80009d68 (0x00006f17) auipc   t5, 0x6
core   0: 3 0x80009d68 (0x00006f17) x30 0x8000fd68
core   0: 0x80009d6c (0x283f2c23) sw      gp, 664(t5)
core   0: 3 0x80009d6c (0x283f2c23) mem 0x80010000 0x00000001
core   0: 0x80009d70 (0xff9ff06f) j       pc - 0x8
core   0: 3 0x80009d70 (0xff9ff06f)
core   0: 0x80009d68 (0x00006f17) auipc   t5, 0x6
core   0: 3 0x80009d68 (0x00006f17) x30 0x8000fd68
core   0: 0x80009d6c (0x283f2c23) sw      gp, 664(t5)
core   0: 3 0x80009d6c (0x283f2c23) mem 0x80010000 0x00000001
core   0: 0x80009d70 (0xff9ff06f) j       pc - 0x8
core   0: 3 0x80009d70 (0xff9ff06f)
core   0: 0x80009d68 (0x00006f17) auipc   t5, 0x6
core   0: 3 0x80009d68 (0x00006f17) x30 0x8000fd68
core   0: 0x80009d6c (0x283f2c23) sw      gp, 664(t5)
core   0: 3 0x80009d6c (0x283f2c23) mem 0x80010000 0x00000001
core   0: 0x80009d70 (0xff9ff06f) j       pc - 0x8
core   0: 3 0x80009d70 (0xff9ff06f)
core   0: 0x80009d68 (0x00006f17) auipc   t5, 0x6
core   0: 3 0x80009d68 (0x00006f17) x30 0x8000fd68
core   0: 0x80009d6c (0x283f2c23) sw      gp, 664(t5)
core   0: 3 0x80009d6c (0x283f2c23) mem 0x80010000 0x00000001
core   0: 0x80009d70 (0xff9ff06f) j       pc - 0x8
core   0: 3 0x80009d70 (0xff9ff06f)
core   0: 0x80009d68 (0x00006f17) auipc   t5, 0x6
core   0: 3 0x80009d68 (0x00006f17) x30 0x8000fd68
core   0: 0x80009d6c (0x283f2c23) sw      gp, 664(t5)
core   0: 3 0x80009d6c (0x283f2c23) mem 0x80010000 0x00000001
core   0: 0x80009d70 (0xff9ff06f) j       pc - 0x8
core   0: 3 0x80009d70 (0xff9ff06f)
core   0: 0x80009d68 (0x00006f17) auipc   t5, 0x6
core   0: 3 0x80009d68 (0x00006f17) x30 0x8000fd68
core   0: 0x80009d6c (0x283f2c23) sw      gp, 664(t5)
core   0: 3 0x80009d6c (0x283f2c23) mem 0x80010000 0x00000001
core   0: 0x80009d70 (0xff9ff06f) j       pc - 0x8
core   0: 3 0x80009d70 (0xff9ff06f)
core   0: 0x80009d68 (0x00006f17) auipc   t5, 0x6
core   0: 3 0x80009d68 (0x00006f17) x30 0x8000fd68
core   0: 0x80009d6c (0x283f2c23) sw      gp, 664(t5)
core   0: 3 0x80009d6c (0x283f2c23) mem 0x80010000 0x00000001
core   0: 0x80009d70 (0xff9ff06f) j       pc - 0x8
core   0: 3 0x80009d70 (0xff9ff06f)
core   0: 0x80009d68 (0x00006f17) auipc   t5, 0x6
core   0: 3 0x80009d68 (0x00006f17) x30 0x8000fd68
core   0: 0x80009d6c (0x283f2c23) sw      gp, 664(t5)
core   0: 3 0x80009d6c (0x283f2c23) mem 0x80010000 0x00000001
core   0: 0x80009d70 (0xff9ff06f) j       pc - 0x8
core   0: 3 0x80009d70 (0xff9ff06f)
core   0: 0x80009d68 (0x00006f17) auipc   t5, 0x6
core   0: 3 0x80009d68 (0x00006f17) x30 0x8000fd68
core   0: 0x80009d6c (0x283f2c23) sw      gp, 664(t5)
core   0: 3 0x80009d6c (0x283f2c23) mem 0x80010000 0x00000001
core   0: 0x80009d70 (0xff9ff06f) j       pc - 0x8
core   0: 3 0x80009d70 (0xff9ff06f)
core   0: 0x80009d68 (0x00006f17) auipc   t5, 0x6
core   0: 3 0x80009d68 (0x00006f17) x30 0x8000fd68
core   0: 0x80009d6c (0x283f2c23) sw      gp, 664(t5)
core   0: 3 0x80009d6c (0x283f2c23) mem 0x80010000 0x00000001
core   0: 0x80009d70 (0xff9ff06f) j       pc - 0x8
core   0: 3 0x80009d70 (0xff9ff06f)
core   0: 0x80009d68 (0x00006f17) auipc   t5, 0x6
core   0: 3 0x80009d68 (0x00006f17) x30 0x8000fd68
core   0: 0x80009d6c (0x283f2c23) sw      gp, 664(t5)
core   0: 3 0x80009d6c (0x283f2c23) mem 0x80010000 0x00000001
core   0: 0x80009d70 (0xff9ff06f) j       pc - 0x8
core   0: 3 0x80009d70 (0xff9ff06f)
core   0: 0x80009d68 (0x00006f17) auipc   t5, 0x6
core   0: 3 0x80009d68 (0x00006f17) x30 0x8000fd68
core   0: 0x80009d6c (0x283f2c23) sw      gp, 664(t5)
core   0: 3 0x80009d6c (0x283f2c23) mem 0x80010000 0x00000001
core   0: 0x80009d70 (0xff9ff06f) j       pc - 0x8
core   0: 3 0x80009d70 (0xff9ff06f)
core   0: 0x80009d68 (0x00006f17) auipc   t5, 0x6
core   0: 3 0x80009d68 (0x00006f17) x30 0x8000fd68
core   0: 0x80009d6c (0x283f2c23) sw      gp, 664(t5)
core   0: 3 0x80009d6c (0x283f2c23) mem 0x80010000 0x00000001
core   0: 0x80009d70 (0xff9ff06f) j       pc - 0x8
core   0: 3 0x80009d70 (0xff9ff06f)
core   0: 0x80009d68 (0x00006f17) auipc   t5, 0x6
core   0: 3 0x80009d68 (0x00006f17) x30 0x8000fd68
core   0: 0x80009d6c (0x283f2c23) sw      gp, 664(t5)
core   0: 3 0x80009d6c (0x283f2c23) mem 0x80010000 0x00000001
core   0: 0x80009d70 (0xff9ff06f) j       pc - 0x8
core   0: 3 0x80009d70 (0xff9ff06f)
core   0: 0x80009d68 (0x00006f17) auipc   t5, 0x6
core   0: 3 0x80009d68 (0x00006f17) x30 0x8000fd68
core   0: 0x80009d6c (0x283f2c23) sw      gp, 664(t5)
core   0: 3 0x80009d6c (0x283f2c23) mem 0x80010000 0x00000001
core   0: 0x80009d70 (0xff9ff06f) j       pc - 0x8
core   0: 3 0x80009d70 (0xff9ff06f)
core   0: 0x80009d68 (0x00006f17) auipc   t5, 0x6
core   0: 3 0x80009d68 (0x00006f17) x30 0x8000fd68
core   0: 0x80009d6c (0x283f2c23) sw      gp, 664(t5)
core   0: 3 0x80009d6c (0x283f2c23) mem 0x80010000 0x00000001
core   0: 0x80009d70 (0xff9ff06f) j       pc - 0x8
core   0: 3 0x80009d70 (0xff9ff06f)
core   0: 0x80009d68 (0x00006f17) auipc   t5, 0x6
core   0: 3 0x80009d68 (0x00006f17) x30 0x8000fd68
core   0: 0x80009d6c (0x283f2c23) sw      gp, 664(t5)
core   0: 3 0x80009d6c (0x283f2c23) mem 0x80010000 0x00000001
core   0: 0x80009d70 (0xff9ff06f) j       pc - 0x8
core   0: 3 0x80009d70 (0xff9ff06f)
core   0: 0x80009d68 (0x00006f17) auipc   t5, 0x6
core   0: 3 0x80009d68 (0x00006f17) x30 0x8000fd68
core   0: 0x80009d6c (0x283f2c23) sw      gp, 664(t5)
core   0: 3 0x80009d6c (0x283f2c23) mem 0x80010000 0x00000001
core   0: 0x80009d70 (0xff9ff06f) j       pc - 0x8
core   0: 3 0x80009d70 (0xff9ff06f)
core   0: 0x80009d68 (0x00006f17) auipc   t5, 0x6
core   0: 3 0x80009d68 (0x00006f17) x30 0x8000fd68
core   0: 0x80009d6c (0x283f2c23) sw      gp, 664(t5)
core   0: 3 0x80009d6c (0x283f2c23) mem 0x80010000 0x00000001
core   0: 0x80009d70 (0xff9ff06f) j       pc - 0x8
core   0: 3 0x80009d70 (0xff9ff06f)
core   0: 0x80009d68 (0x00006f17) auipc   t5, 0x6
core   0: 3 0x80009d68 (0x00006f17) x30 0x8000fd68
core   0: 0x80009d6c (0x283f2c23) sw      gp, 664(t5)
core   0: 3 0x80009d6c (0x283f2c23) mem 0x80010000 0x00000001
core   0: 0x80009d70 (0xff9ff06f) j       pc - 0x8
core   0: 3 0x80009d70 (0xff9ff06f)
core   0: 0x80009d68 (0x00006f17) auipc   t5, 0x6
core   0: 3 0x80009d68 (0x00006f17) x30 0x8000fd68
core   0: 0x80009d6c (0x283f2c23) sw      gp, 664(t5)
core   0: 3 0x80009d6c (0x283f2c23) mem 0x80010000 0x00000001
core   0: 0x80009d70 (0xff9ff06f) j       pc - 0x8
core   0: 3 0x80009d70 (0xff9ff06f)
core   0: 0x80009d68 (0x00006f17) auipc   t5, 0x6
core   0: 3 0x80009d68 (0x00006f17) x30 0x8000fd68
core   0: 0x80009d6c (0x283f2c23) sw      gp, 664(t5)
core   0: 3 0x80009d6c (0x283f2c23) mem 0x80010000 0x00000001
core   0: 0x80009d70 (0xff9ff06f) j       pc - 0x8
core   0: 3 0x80009d70 (0xff9ff06f)
core   0: 0x80009d68 (0x00006f17) auipc   t5, 0x6
core   0: 3 0x80009d68 (0x00006f17) x30 0x8000fd68
core   0: 0x80009d6c (0x283f2c23) sw      gp, 664(t5)
core   0: 3 0x80009d6c (0x283f2c23) mem 0x80010000 0x00000001
core   0: 0x80009d70 (0xff9ff06f) j       pc - 0x8
core   0: 3 0x80009d70 (0xff9ff06f)
core   0: 0x80009d68 (0x00006f17) auipc   t5, 0x6
core   0: 3 0x80009d68 (0x00006f17) x30 0x8000fd68
core   0: 0x80009d6c (0x283f2c23) sw      gp, 664(t5)
core   0: 3 0x80009d6c (0x283f2c23) mem 0x80010000 0x00000001
core   0: 0x80009d70 (0xff9ff06f) j       pc - 0x8
core   0: 3 0x80009d70 (0xff9ff06f)
core   0: 0x80009d68 (0x00006f17) auipc   t5, 0x6
core   0: 3 0x80009d68 (0x00006f17) x30 0x8000fd68
core   0: 0x80009d6c (0x283f2c23) sw      gp, 664(t5)
core   0: 3 0x80009d6c (0x283f2c23) mem 0x80010000 0x00000001
core   0: 0x80009d70 (0xff9ff06f) j       pc - 0x8
core   0: 3 0x80009d70 (0xff9ff06f)
core   0: 0x80009d68 (0x00006f17) auipc   t5, 0x6
core   0: 3 0x80009d68 (0x00006f17) x30 0x8000fd68
core   0: 0x80009d6c (0x283f2c23) sw      gp, 664(t5)
core   0: 3 0x80009d6c (0x283f2c23) mem 0x80010000 0x00000001
core   0: 0x80009d70 (0xff9ff06f) j       pc - 0x8
core   0: 3 0x80009d70 (0xff9ff06f)
core   0: 0x80009d68 (0x00006f17) auipc   t5, 0x6
core   0: 3 0x80009d68 (0x00006f17) x30 0x8000fd68
core   0: 0x80009d6c (0x283f2c23) sw      gp, 664(t5)
core   0: 3 0x80009d6c (0x283f2c23) mem 0x80010000 0x00000001
core   0: 0x80009d70 (0xff9ff06f) j       pc - 0x8
core   0: 3 0x80009d70 (0xff9ff06f)
core   0: 0x80009d68 (0x00006f17) auipc   t5, 0x6
core   0: 3 0x80009d68 (0x00006f17) x30 0x8000fd68
core   0: 0x80009d6c (0x283f2c23) sw      gp, 664(t5)
core   0: 3 0x80009d6c (0x283f2c23) mem 0x80010000 0x00000001
core   0: 0x80009d70 (0xff9ff06f) j       pc - 0x8
core   0: 3 0x80009d70 (0xff9ff06f)
core   0: 0x80009d68 (0x00006f17) auipc   t5, 0x6
core   0: 3 0x80009d68 (0x00006f17) x30 0x8000fd68
core   0: 0x80009d6c (0x283f2c23) sw      gp, 664(t5)
core   0: 3 0x80009d6c (0x283f2c23) mem 0x80010000 0x00000001
core   0: 0x80009d70 (0xff9ff06f) j       pc - 0x8
core   0: 3 0x80009d70 (0xff9ff06f)
core   0: 0x80009d68 (0x00006f17) auipc   t5, 0x6
core   0: 3 0x80009d68 (0x00006f17) x30 0x8000fd68
core   0: 0x80009d6c (0x283f2c23) sw      gp, 664(t5)
core   0: 3 0x80009d6c (0x283f2c23) mem 0x80010000 0x00000001
core   0: 0x80009d70 (0xff9ff06f) j       pc - 0x8
core   0: 3 0x80009d70 (0xff9ff06f)
core   0: 0x80009d68 (0x00006f17) auipc   t5, 0x6
core   0: 3 0x80009d68 (0x00006f17) x30 0x8000fd68
core   0: 0x80009d6c (0x283f2c23) sw      gp, 664(t5)
core   0: 3 0x80009d6c (0x283f2c23) mem 0x80010000 0x00000001
core   0: 0x80009d70 (0xff9ff06f) j       pc - 0x8
core   0: 3 0x80009d70 (0xff9ff06f)
core   0: 0x80009d68 (0x00006f17) auipc   t5, 0x6
core   0: 3 0x80009d68 (0x00006f17) x30 0x8000fd68
core   0: 0x80009d6c (0x283f2c23) sw      gp, 664(t5)
core   0: 3 0x80009d6c (0x283f2c23) mem 0x80010000 0x00000001
core   0: 0x80009d70 (0xff9ff06f) j       pc - 0x8
core   0: 3 0x80009d70 (0xff9ff06f)
core   0: 0x80009d68 (0x00006f17) auipc   t5, 0x6
core   0: 3 0x80009d68 (0x00006f17) x30 0x8000fd68
core   0: 0x80009d6c (0x283f2c23) sw      gp, 664(t5)
core   0: 3 0x80009d6c (0x283f2c23) mem 0x80010000 0x00000001
core   0: 0x80009d70 (0xff9ff06f) j       pc - 0x8
core   0: 3 0x80009d70 (0xff9ff06f)
core   0: 0x80009d68 (0x00006f17) auipc   t5, 0x6
core   0: 3 0x80009d68 (0x00006f17) x30 0x8000fd68
core   0: 0x80009d6c (0x283f2c23) sw      gp, 664(t5)
core   0: 3 0x80009d6c (0x283f2c23) mem 0x80010000 0x00000001
core   0: 0x80009d70 (0xff9ff06f) j       pc - 0x8
core   0: 3 0x80009d70 (0xff9ff06f)
core   0: 0x80009d68 (0x00006f17) auipc   t5, 0x6
core   0: 3 0x80009d68 (0x00006f17) x30 0x8000fd68
core   0: 0x80009d6c (0x283f2c23) sw      gp, 664(t5)
core   0: 3 0x80009d6c (0x283f2c23) mem 0x80010000 0x00000001
core   0: 0x80009d70 (0xff9ff06f) j       pc - 0x8
core   0: 3 0x80009d70 (0xff9ff06f)
core   0: 0x80009d68 (0x00006f17) auipc   t5, 0x6
core   0: 3 0x80009d68 (0x00006f17) x30 0x8000fd68
core   0: 0x80009d6c (0x283f2c23) sw      gp, 664(t5)
core   0: 3 0x80009d6c (0x283f2c23) mem 0x80010000 0x00000001
core   0: 0x80009d70 (0xff9ff06f) j       pc - 0x8
core   0: 3 0x80009d70 (0xff9ff06f)
core   0: 0x80009d68 (0x00006f17) auipc   t5, 0x6
core   0: 3 0x80009d68 (0x00006f17) x30 0x8000fd68
core   0: 0x80009d6c (0x283f2c23) sw      gp, 664(t5)
core   0: 3 0x80009d6c (0x283f2c23) mem 0x80010000 0x00000001
core   0: 0x80009d70 (0xff9ff06f) j       pc - 0x8
core   0: 3 0x80009d70 (0xff9ff06f)
core   0: 0x80009d68 (0x00006f17) auipc   t5, 0x6
core   0: 3 0x80009d68 (0x00006f17) x30 0x8000fd68
core   0: 0x80009d6c (0x283f2c23) sw      gp, 664(t5)
core   0: 3 0x80009d6c (0x283f2c23) mem 0x80010000 0x00000001
core   0: 0x80009d70 (0xff9ff06f) j       pc - 0x8
core   0: 3 0x80009d70 (0xff9ff06f)
core   0: 0x80009d68 (0x00006f17) auipc   t5, 0x6
core   0: 3 0x80009d68 (0x00006f17) x30 0x8000fd68
core   0: 0x80009d6c (0x283f2c23) sw      gp, 664(t5)
core   0: 3 0x80009d6c (0x283f2c23) mem 0x80010000 0x00000001
core   0: 0x80009d70 (0xff9ff06f) j       pc - 0x8
core   0: 3 0x80009d70 (0xff9ff06f)
core   0: 0x80009d68 (0x00006f17) auipc   t5, 0x6
core   0: 3 0x80009d68 (0x00006f17) x30 0x8000fd68
core   0: 0x80009d6c (0x283f2c23) sw      gp, 664(t5)
core   0: 3 0x80009d6c (0x283f2c23) mem 0x80010000 0x00000001
core   0: 0x80009d70 (0xff9ff06f) j       pc - 0x8
core   0: 3 0x80009d70 (0xff9ff06f)
core   0: 0x80009d68 (0x00006f17) auipc   t5, 0x6
core   0: 3 0x80009d68 (0x00006f17) x30 0x8000fd68
core   0: 0x80009d6c (0x283f2c23) sw      gp, 664(t5)
core   0: 3 0x80009d6c (0x283f2c23) mem 0x80010000 0x00000001
core   0: 0x80009d70 (0xff9ff06f) j       pc - 0x8
core   0: 3 0x80009d70 (0xff9ff06f)
core   0: 0x80009d68 (0x00006f17) auipc   t5, 0x6
core   0: 3 0x80009d68 (0x00006f17) x30 0x8000fd68
core   0: 0x80009d6c (0x283f2c23) sw      gp, 664(t5)
core   0: 3 0x80009d6c (0x283f2c23) mem 0x80010000 0x00000001
core   0: 0x80009d70 (0xff9ff06f) j       pc - 0x8
core   0: 3 0x80009d70 (0xff9ff06f)
core   0: 0x80009d68 (0x00006f17) auipc   t5, 0x6
core   0: 3 0x80009d68 (0x00006f17) x30 0x8000fd68
core   0: 0x80009d6c (0x283f2c23) sw      gp, 664(t5)
core   0: 3 0x80009d6c (0x283f2c23) mem 0x80010000 0x00000001
core   0: 0x80009d70 (0xff9ff06f) j       pc - 0x8
core   0: 3 0x80009d70 (0xff9ff06f)
core   0: 0x80009d68 (0x00006f17) auipc   t5, 0x6
core   0: 3 0x80009d68 (0x00006f17) x30 0x8000fd68
core   0: 0x80009d6c (0x283f2c23) sw      gp, 664(t5)
core   0: 3 0x80009d6c (0x283f2c23) mem 0x80010000 0x00000001
core   0: 0x80009d70 (0xff9ff06f) j       pc - 0x8
core   0: 3 0x80009d70 (0xff9ff06f)
core   0: 0x80009d68 (0x00006f17) auipc   t5, 0x6
core   0: 3 0x80009d68 (0x00006f17) x30 0x8000fd68
core   0: 0x80009d6c (0x283f2c23) sw      gp, 664(t5)
core   0: 3 0x80009d6c (0x283f2c23) mem 0x80010000 0x00000001
core   0: 0x80009d70 (0xff9ff06f) j       pc - 0x8
core   0: 3 0x80009d70 (0xff9ff06f)
core   0: 0x80009d68 (0x00006f17) auipc   t5, 0x6
core   0: 3 0x80009d68 (0x00006f17) x30 0x8000fd68
core   0: 0x80009d6c (0x283f2c23) sw      gp, 664(t5)
core   0: 3 0x80009d6c (0x283f2c23) mem 0x80010000 0x00000001
core   0: 0x80009d70 (0xff9ff06f) j       pc - 0x8
core   0: 3 0x80009d70 (0xff9ff06f)
core   0: 0x80009d68 (0x00006f17) auipc   t5, 0x6
core   0: 3 0x80009d68 (0x00006f17) x30 0x8000fd68
core   0: 0x80009d6c (0x283f2c23) sw      gp, 664(t5)
core   0: 3 0x80009d6c (0x283f2c23) mem 0x80010000 0x00000001
core   0: 0x80009d70 (0xff9ff06f) j       pc - 0x8
core   0: 3 0x80009d70 (0xff9ff06f)
core   0: 0x80009d68 (0x00006f17) auipc   t5, 0x6
core   0: 3 0x80009d68 (0x00006f17) x30 0x8000fd68
core   0: 0x80009d6c (0x283f2c23) sw      gp, 664(t5)
core   0: 3 0x80009d6c (0x283f2c23) mem 0x80010000 0x00000001
core   0: 0x80009d70 (0xff9ff06f) j       pc - 0x8
core   0: 3 0x80009d70 (0xff9ff06f)
core   0: 0x80009d68 (0x00006f17) auipc   t5, 0x6
core   0: 3 0x80009d68 (0x00006f17) x30 0x8000fd68
core   0: 0x80009d6c (0x283f2c23) sw      gp, 664(t5)
core   0: 3 0x80009d6c (0x283f2c23) mem 0x80010000 0x00000001
core   0: 0x80009d70 (0xff9ff06f) j       pc - 0x8
core   0: 3 0x80009d70 (0xff9ff06f)
core   0: 0x80009d68 (0x00006f17) auipc   t5, 0x6
core   0: 3 0x80009d68 (0x00006f17) x30 0x8000fd68
core   0: 0x80009d6c (0x283f2c23) sw      gp, 664(t5)
core   0: 3 0x80009d6c (0x283f2c23) mem 0x80010000 0x00000001
core   0: 0x80009d70 (0xff9ff06f) j       pc - 0x8
core   0: 3 0x80009d70 (0xff9ff06f)
core   0: 0x80009d68 (0x00006f17) auipc   t5, 0x6
core   0: 3 0x80009d68 (0x00006f17) x30 0x8000fd68
core   0: 0x80009d6c (0x283f2c23) sw      gp, 664(t5)
core   0: 3 0x80009d6c (0x283f2c23) mem 0x80010000 0x00000001
core   0: 0x80009d70 (0xff9ff06f) j       pc - 0x8
core   0: 3 0x80009d70 (0xff9ff06f)
core   0: 0x80009d68 (0x00006f17) auipc   t5, 0x6
core   0: 3 0x80009d68 (0x00006f17) x30 0x8000fd68
core   0: 0x80009d6c (0x283f2c23) sw      gp, 664(t5)
core   0: 3 0x80009d6c (0x283f2c23) mem 0x80010000 0x00000001
core   0: 0x80009d70 (0xff9ff06f) j       pc - 0x8
core   0: 3 0x80009d70 (0xff9ff06f)
core   0: 0x80009d68 (0x00006f17) auipc   t5, 0x6
core   0: 3 0x80009d68 (0x00006f17) x30 0x8000fd68
core   0: 0x80009d6c (0x283f2c23) sw      gp, 664(t5)
core   0: 3 0x80009d6c (0x283f2c23) mem 0x80010000 0x00000001
core   0: 0x80009d70 (0xff9ff06f) j       pc - 0x8
core   0: 3 0x80009d70 (0xff9ff06f)
core   0: 0x80009d68 (0x00006f17) auipc   t5, 0x6
core   0: 3 0x80009d68 (0x00006f17) x30 0x8000fd68
core   0: 0x80009d6c (0x283f2c23) sw      gp, 664(t5)
core   0: 3 0x80009d6c (0x283f2c23) mem 0x80010000 0x00000001
core   0: 0x80009d70 (0xff9ff06f) j       pc - 0x8
core   0: 3 0x80009d70 (0xff9ff06f)
core   0: 0x80009d68 (0x00006f17) auipc   t5, 0x6
core   0: 3 0x80009d68 (0x00006f17) x30 0x8000fd68
core   0: 0x80009d6c (0x283f2c23) sw      gp, 664(t5)
core   0: 3 0x80009d6c (0x283f2c23) mem 0x80010000 0x00000001
core   0: 0x80009d70 (0xff9ff06f) j       pc - 0x8
core   0: 3 0x80009d70 (0xff9ff06f)
core   0: 0x80009d68 (0x00006f17) auipc   t5, 0x6
core   0: 3 0x80009d68 (0x00006f17) x30 0x8000fd68
core   0: 0x80009d6c (0x283f2c23) sw      gp, 664(t5)
core   0: 3 0x80009d6c (0x283f2c23) mem 0x80010000 0x00000001
core   0: 0x80009d70 (0xff9ff06f) j       pc - 0x8
core   0: 3 0x80009d70 (0xff9ff06f)
core   0: 0x80009d68 (0x00006f17) auipc   t5, 0x6
core   0: 3 0x80009d68 (0x00006f17) x30 0x8000fd68
core   0: 0x80009d6c (0x283f2c23) sw      gp, 664(t5)
core   0: 3 0x80009d6c (0x283f2c23) mem 0x80010000 0x00000001
core   0: 0x80009d70 (0xff9ff06f) j       pc - 0x8
core   0: 3 0x80009d70 (0xff9ff06f)
core   0: 0x80009d68 (0x00006f17) auipc   t5, 0x6
core   0: 3 0x80009d68 (0x00006f17) x30 0x8000fd68
core   0: 0x80009d6c (0x283f2c23) sw      gp, 664(t5)
core   0: 3 0x80009d6c (0x283f2c23) mem 0x80010000 0x00000001
core   0: 0x80009d70 (0xff9ff06f) j       pc - 0x8
core   0: 3 0x80009d70 (0xff9ff06f)
core   0: 0x80009d68 (0x00006f17) auipc   t5, 0x6
core   0: 3 0x80009d68 (0x00006f17) x30 0x8000fd68
core   0: 0x80009d6c (0x283f2c23) sw      gp, 664(t5)
core   0: 3 0x80009d6c (0x283f2c23) mem 0x80010000 0x00000001
core   0: 0x80009d70 (0xff9ff06f) j       pc - 0x8
core   0: 3 0x80009d70 (0xff9ff06f)
core   0: 0x80009d68 (0x00006f17) auipc   t5, 0x6
core   0: 3 0x80009d68 (0x00006f17) x30 0x8000fd68
core   0: 0x80009d6c (0x283f2c23) sw      gp, 664(t5)
core   0: 3 0x80009d6c (0x283f2c23) mem 0x80010000 0x00000001
core   0: 0x80009d70 (0xff9ff06f) j       pc - 0x8
core   0: 3 0x80009d70 (0xff9ff06f)
core   0: 0x80009d68 (0x00006f17) auipc   t5, 0x6
core   0: 3 0x80009d68 (0x00006f17) x30 0x8000fd68
core   0: 0x80009d6c (0x283f2c23) sw      gp, 664(t5)
core   0: 3 0x80009d6c (0x283f2c23) mem 0x80010000 0x00000001
core   0: 0x80009d70 (0xff9ff06f) j       pc - 0x8
core   0: 3 0x80009d70 (0xff9ff06f)
core   0: 0x80009d68 (0x00006f17) auipc   t5, 0x6
core   0: 3 0x80009d68 (0x00006f17) x30 0x8000fd68
core   0: 0x80009d6c (0x283f2c23) sw      gp, 664(t5)
core   0: 3 0x80009d6c (0x283f2c23) mem 0x80010000 0x00000001
core   0: 0x80009d70 (0xff9ff06f) j       pc - 0x8
core   0: 3 0x80009d70 (0xff9ff06f)
core   0: 0x80009d68 (0x00006f17) auipc   t5, 0x6
core   0: 3 0x80009d68 (0x00006f17) x30 0x8000fd68
core   0: 0x80009d6c (0x283f2c23) sw      gp, 664(t5)
core   0: 3 0x80009d6c (0x283f2c23) mem 0x80010000 0x00000001
core   0: 0x80009d70 (0xff9ff06f) j       pc - 0x8
core   0: 3 0x80009d70 (0xff9ff06f)
core   0: 0x80009d68 (0x00006f17) auipc   t5, 0x6
core   0: 3 0x80009d68 (0x00006f17) x30 0x8000fd68
core   0: 0x80009d6c (0x283f2c23) sw      gp, 664(t5)
core   0: 3 0x80009d6c (0x283f2c23) mem 0x80010000 0x00000001
core   0: 0x80009d70 (0xff9ff06f) j       pc - 0x8
core   0: 3 0x80009d70 (0xff9ff06f)
core   0: 0x80009d68 (0x00006f17) auipc   t5, 0x6
core   0: 3 0x80009d68 (0x00006f17) x30 0x8000fd68
core   0: 0x80009d6c (0x283f2c23) sw      gp, 664(t5)
core   0: 3 0x80009d6c (0x283f2c23) mem 0x80010000 0x00000001
core   0: 0x80009d70 (0xff9ff06f) j       pc - 0x8
core   0: 3 0x80009d70 (0xff9ff06f)
core   0: 0x80009d68 (0x00006f17) auipc   t5, 0x6
core   0: 3 0x80009d68 (0x00006f17) x30 0x8000fd68
core   0: 0x80009d6c (0x283f2c23) sw      gp, 664(t5)
core   0: 3 0x80009d6c (0x283f2c23) mem 0x80010000 0x00000001
core   0: 0x80009d70 (0xff9ff06f) j       pc - 0x8
core   0: 3 0x80009d70 (0xff9ff06f)
core   0: 0x80009d68 (0x00006f17) auipc   t5, 0x6
core   0: 3 0x80009d68 (0x00006f17) x30 0x8000fd68
core   0: 0x80009d6c (0x283f2c23) sw      gp, 664(t5)
core   0: 3 0x80009d6c (0x283f2c23) mem 0x80010000 0x00000001
core   0: 0x80009d70 (0xff9ff06f) j       pc - 0x8
core   0: 3 0x80009d70 (0xff9ff06f)
core   0: 0x80009d68 (0x00006f17) auipc   t5, 0x6
core   0: 3 0x80009d68 (0x00006f17) x30 0x8000fd68
core   0: 0x80009d6c (0x283f2c23) sw      gp, 664(t5)
core   0: 3 0x80009d6c (0x283f2c23) mem 0x80010000 0x00000001
core   0: 0x80009d70 (0xff9ff06f) j       pc - 0x8
core   0: 3 0x80009d70 (0xff9ff06f)
core   0: 0x80009d68 (0x00006f17) auipc   t5, 0x6
core   0: 3 0x80009d68 (0x00006f17) x30 0x8000fd68
core   0: 0x80009d6c (0x283f2c23) sw      gp, 664(t5)
core   0: 3 0x80009d6c (0x283f2c23) mem 0x80010000 0x00000001
core   0: 0x80009d70 (0xff9ff06f) j       pc - 0x8
core   0: 3 0x80009d70 (0xff9ff06f)
core   0: 0x80009d68 (0x00006f17) auipc   t5, 0x6
core   0: 3 0x80009d68 (0x00006f17) x30 0x8000fd68
core   0: 0x80009d6c (0x283f2c23) sw      gp, 664(t5)
core   0: 3 0x80009d6c (0x283f2c23) mem 0x80010000 0x00000001
core   0: 0x80009d70 (0xff9ff06f) j       pc - 0x8
core   0: 3 0x80009d70 (0xff9ff06f)
core   0: 0x80009d68 (0x00006f17) auipc   t5, 0x6
core   0: 3 0x80009d68 (0x00006f17) x30 0x8000fd68
core   0: 0x80009d6c (0x283f2c23) sw      gp, 664(t5)
core   0: 3 0x80009d6c (0x283f2c23) mem 0x80010000 0x00000001
core   0: 0x80009d70 (0xff9ff06f) j       pc - 0x8
core   0: 3 0x80009d70 (0xff9ff06f)
core   0: 0x80009d68 (0x00006f17) auipc   t5, 0x6
core   0: 3 0x80009d68 (0x00006f17) x30 0x8000fd68
core   0: 0x80009d6c (0x283f2c23) sw      gp, 664(t5)
core   0: 3 0x80009d6c (0x283f2c23) mem 0x80010000 0x00000001
core   0: 0x80009d70 (0xff9ff06f) j       pc - 0x8
core   0: 3 0x80009d70 (0xff9ff06f)
core   0: 0x80009d68 (0x00006f17) auipc   t5, 0x6
core   0: 3 0x80009d68 (0x00006f17) x30 0x8000fd68
core   0: 0x80009d6c (0x283f2c23) sw      gp, 664(t5)
core   0: 3 0x80009d6c (0x283f2c23) mem 0x80010000 0x00000001
core   0: 0x80009d70 (0xff9ff06f) j       pc - 0x8
core   0: 3 0x80009d70 (0xff9ff06f)
core   0: 0x80009d68 (0x00006f17) auipc   t5, 0x6
core   0: 3 0x80009d68 (0x00006f17) x30 0x8000fd68
core   0: 0x80009d6c (0x283f2c23) sw      gp, 664(t5)
core   0: 3 0x80009d6c (0x283f2c23) mem 0x80010000 0x00000001
core   0: 0x80009d70 (0xff9ff06f) j       pc - 0x8
core   0: 3 0x80009d70 (0xff9ff06f)
core   0: 0x80009d68 (0x00006f17) auipc   t5, 0x6
core   0: 3 0x80009d68 (0x00006f17) x30 0x8000fd68
core   0: 0x80009d6c (0x283f2c23) sw      gp, 664(t5)
core   0: 3 0x80009d6c (0x283f2c23) mem 0x80010000 0x00000001
core   0: 0x80009d70 (0xff9ff06f) j       pc - 0x8
core   0: 3 0x80009d70 (0xff9ff06f)
core   0: 0x80009d68 (0x00006f17) auipc   t5, 0x6
core   0: 3 0x80009d68 (0x00006f17) x30 0x8000fd68
core   0: 0x80009d6c (0x283f2c23) sw      gp, 664(t5)
core   0: 3 0x80009d6c (0x283f2c23) mem 0x80010000 0x00000001
core   0: 0x80009d70 (0xff9ff06f) j       pc - 0x8
core   0: 3 0x80009d70 (0xff9ff06f)
core   0: 0x80009d68 (0x00006f17) auipc   t5, 0x6
core   0: 3 0x80009d68 (0x00006f17) x30 0x8000fd68
core   0: 0x80009d6c (0x283f2c23) sw      gp, 664(t5)
core   0: 3 0x80009d6c (0x283f2c23) mem 0x80010000 0x00000001
core   0: 0x80009d70 (0xff9ff06f) j       pc - 0x8
core   0: 3 0x80009d70 (0xff9ff06f)
core   0: 0x80009d68 (0x00006f17) auipc   t5, 0x6
core   0: 3 0x80009d68 (0x00006f17) x30 0x8000fd68
core   0: 0x80009d6c (0x283f2c23) sw      gp, 664(t5)
core   0: 3 0x80009d6c (0x283f2c23) mem 0x80010000 0x00000001
core   0: 0x80009d70 (0xff9ff06f) j       pc - 0x8
core   0: 3 0x80009d70 (0xff9ff06f)
core   0: 0x80009d68 (0x00006f17) auipc   t5, 0x6
core   0: 3 0x80009d68 (0x00006f17) x30 0x8000fd68
core   0: 0x80009d6c (0x283f2c23) sw      gp, 664(t5)
core   0: 3 0x80009d6c (0x283f2c23) mem 0x80010000 0x00000001
core   0: 0x80009d70 (0xff9ff06f) j       pc - 0x8
core   0: 3 0x80009d70 (0xff9ff06f)
core   0: 0x80009d68 (0x00006f17) auipc   t5, 0x6
core   0: 3 0x80009d68 (0x00006f17) x30 0x8000fd68
core   0: 0x80009d6c (0x283f2c23) sw      gp, 664(t5)
core   0: 3 0x80009d6c (0x283f2c23) mem 0x80010000 0x00000001
core   0: 0x80009d70 (0xff9ff06f) j       pc - 0x8
core   0: 3 0x80009d70 (0xff9ff06f)
core   0: 0x80009d68 (0x00006f17) auipc   t5, 0x6
core   0: 3 0x80009d68 (0x00006f17) x30 0x8000fd68
core   0: 0x80009d6c (0x283f2c23) sw      gp, 664(t5)
core   0: 3 0x80009d6c (0x283f2c23) mem 0x80010000 0x00000001
core   0: 0x80009d70 (0xff9ff06f) j       pc - 0x8
core   0: 3 0x80009d70 (0xff9ff06f)
core   0: 0x80009d68 (0x00006f17) auipc   t5, 0x6
core   0: 3 0x80009d68 (0x00006f17) x30 0x8000fd68
core   0: 0x80009d6c (0x283f2c23) sw      gp, 664(t5)
core   0: 3 0x80009d6c (0x283f2c23) mem 0x80010000 0x00000001
core   0: 0x80009d70 (0xff9ff06f) j       pc - 0x8
core   0: 3 0x80009d70 (0xff9ff06f)
core   0: 0x80009d68 (0x00006f17) auipc   t5, 0x6
core   0: 3 0x80009d68 (0x00006f17) x30 0x8000fd68
core   0: 0x80009d6c (0x283f2c23) sw      gp, 664(t5)
core   0: 3 0x80009d6c (0x283f2c23) mem 0x80010000 0x00000001
core   0: 0x80009d70 (0xff9ff06f) j       pc - 0x8
core   0: 3 0x80009d70 (0xff9ff06f)
core   0: 0x80009d68 (0x00006f17) auipc   t5, 0x6
core   0: 3 0x80009d68 (0x00006f17) x30 0x8000fd68
core   0: 0x80009d6c (0x283f2c23) sw      gp, 664(t5)
core   0: 3 0x80009d6c (0x283f2c23) mem 0x80010000 0x00000001
core   0: 0x80009d70 (0xff9ff06f) j       pc - 0x8
core   0: 3 0x80009d70 (0xff9ff06f)
core   0: 0x80009d68 (0x00006f17) auipc   t5, 0x6
core   0: 3 0x80009d68 (0x00006f17) x30 0x8000fd68
core   0: 0x80009d6c (0x283f2c23) sw      gp, 664(t5)
core   0: 3 0x80009d6c (0x283f2c23) mem 0x80010000 0x00000001
core   0: 0x80009d70 (0xff9ff06f) j       pc - 0x8
core   0: 3 0x80009d70 (0xff9ff06f)
core   0: 0x80009d68 (0x00006f17) auipc   t5, 0x6
core   0: 3 0x80009d68 (0x00006f17) x30 0x8000fd68
core   0: 0x80009d6c (0x283f2c23) sw      gp, 664(t5)
core   0: 3 0x80009d6c (0x283f2c23) mem 0x80010000 0x00000001
core   0: 0x80009d70 (0xff9ff06f) j       pc - 0x8
core   0: 3 0x80009d70 (0xff9ff06f)
core   0: 0x80009d68 (0x00006f17) auipc   t5, 0x6
core   0: 3 0x80009d68 (0x00006f17) x30 0x8000fd68
core   0: 0x80009d6c (0x283f2c23) sw      gp, 664(t5)
core   0: 3 0x80009d6c (0x283f2c23) mem 0x80010000 0x00000001
core   0: 0x80009d70 (0xff9ff06f) j       pc - 0x8
core   0: 3 0x80009d70 (0xff9ff06f)
core   0: 0x80009d68 (0x00006f17) auipc   t5, 0x6
core   0: 3 0x80009d68 (0x00006f17) x30 0x8000fd68
core   0: 0x80009d6c (0x283f2c23) sw      gp, 664(t5)
core   0: 3 0x80009d6c (0x283f2c23) mem 0x80010000 0x00000001
core   0: 0x80009d70 (0xff9ff06f) j       pc - 0x8
core   0: 3 0x80009d70 (0xff9ff06f)
core   0: 0x80009d68 (0x00006f17) auipc   t5, 0x6
core   0: 3 0x80009d68 (0x00006f17) x30 0x8000fd68
core   0: 0x80009d6c (0x283f2c23) sw      gp, 664(t5)
core   0: 3 0x80009d6c (0x283f2c23) mem 0x80010000 0x00000001
core   0: 0x80009d70 (0xff9ff06f) j       pc - 0x8
core   0: 3 0x80009d70 (0xff9ff06f)
core   0: 0x80009d68 (0x00006f17) auipc   t5, 0x6
core   0: 3 0x80009d68 (0x00006f17) x30 0x8000fd68
core   0: 0x80009d6c (0x283f2c23) sw      gp, 664(t5)
core   0: 3 0x80009d6c (0x283f2c23) mem 0x80010000 0x00000001
core   0: 0x80009d70 (0xff9ff06f) j       pc - 0x8
core   0: 3 0x80009d70 (0xff9ff06f)
core   0: 0x80009d68 (0x00006f17) auipc   t5, 0x6
core   0: 3 0x80009d68 (0x00006f17) x30 0x8000fd68
core   0: 0x80009d6c (0x283f2c23) sw      gp, 664(t5)
core   0: 3 0x80009d6c (0x283f2c23) mem 0x80010000 0x00000001
core   0: 0x80009d70 (0xff9ff06f) j       pc - 0x8
core   0: 3 0x80009d70 (0xff9ff06f)
core   0: 0x80009d68 (0x00006f17) auipc   t5, 0x6
core   0: 3 0x80009d68 (0x00006f17) x30 0x8000fd68
core   0: 0x80009d6c (0x283f2c23) sw      gp, 664(t5)
core   0: 3 0x80009d6c (0x283f2c23) mem 0x80010000 0x00000001
core   0: 0x80009d70 (0xff9ff06f) j       pc - 0x8
core   0: 3 0x80009d70 (0xff9ff06f)
core   0: 0x80009d68 (0x00006f17) auipc   t5, 0x6
core   0: 3 0x80009d68 (0x00006f17) x30 0x8000fd68
core   0: 0x80009d6c (0x283f2c23) sw      gp, 664(t5)
core   0: 3 0x80009d6c (0x283f2c23) mem 0x80010000 0x00000001
core   0: 0x80009d70 (0xff9ff06f) j       pc - 0x8
core   0: 3 0x80009d70 (0xff9ff06f)
core   0: 0x80009d68 (0x00006f17) auipc   t5, 0x6
core   0: 3 0x80009d68 (0x00006f17) x30 0x8000fd68
core   0: 0x80009d6c (0x283f2c23) sw      gp, 664(t5)
core   0: 3 0x80009d6c (0x283f2c23) mem 0x80010000 0x00000001
core   0: 0x80009d70 (0xff9ff06f) j       pc - 0x8
core   0: 3 0x80009d70 (0xff9ff06f)
core   0: 0x80009d68 (0x00006f17) auipc   t5, 0x6
core   0: 3 0x80009d68 (0x00006f17) x30 0x8000fd68
core   0: 0x80009d6c (0x283f2c23) sw      gp, 664(t5)
core   0: 3 0x80009d6c (0x283f2c23) mem 0x80010000 0x00000001
core   0: 0x80009d70 (0xff9ff06f) j       pc - 0x8
core   0: 3 0x80009d70 (0xff9ff06f)
core   0: 0x80009d68 (0x00006f17) auipc   t5, 0x6
core   0: 3 0x80009d68 (0x00006f17) x30 0x8000fd68
core   0: 0x80009d6c (0x283f2c23) sw      gp, 664(t5)
core   0: 3 0x80009d6c (0x283f2c23) mem 0x80010000 0x00000001
core   0: 0x80009d70 (0xff9ff06f) j       pc - 0x8
core   0: 3 0x80009d70 (0xff9ff06f)
core   0: 0x80009d68 (0x00006f17) auipc   t5, 0x6
core   0: 3 0x80009d68 (0x00006f17) x30 0x8000fd68
core   0: 0x80009d6c (0x283f2c23) sw      gp, 664(t5)
core   0: 3 0x80009d6c (0x283f2c23) mem 0x80010000 0x00000001
core   0: 0x80009d70 (0xff9ff06f) j       pc - 0x8
core   0: 3 0x80009d70 (0xff9ff06f)
core   0: 0x80009d68 (0x00006f17) auipc   t5, 0x6
core   0: 3 0x80009d68 (0x00006f17) x30 0x8000fd68
core   0: 0x80009d6c (0x283f2c23) sw      gp, 664(t5)
core   0: 3 0x80009d6c (0x283f2c23) mem 0x80010000 0x00000001
core   0: 0x80009d70 (0xff9ff06f) j       pc - 0x8
core   0: 3 0x80009d70 (0xff9ff06f)
core   0: 0x80009d68 (0x00006f17) auipc   t5, 0x6
core   0: 3 0x80009d68 (0x00006f17) x30 0x8000fd68
core   0: 0x80009d6c (0x283f2c23) sw      gp, 664(t5)
core   0: 3 0x80009d6c (0x283f2c23) mem 0x80010000 0x00000001
core   0: 0x80009d70 (0xff9ff06f) j       pc - 0x8
core   0: 3 0x80009d70 (0xff9ff06f)
core   0: 0x80009d68 (0x00006f17) auipc   t5, 0x6
core   0: 3 0x80009d68 (0x00006f17) x30 0x8000fd68
core   0: 0x80009d6c (0x283f2c23) sw      gp, 664(t5)
core   0: 3 0x80009d6c (0x283f2c23) mem 0x80010000 0x00000001
core   0: 0x80009d70 (0xff9ff06f) j       pc - 0x8
core   0: 3 0x80009d70 (0xff9ff06f)
core   0: 0x80009d68 (0x00006f17) auipc   t5, 0x6
core   0: 3 0x80009d68 (0x00006f17) x30 0x8000fd68
core   0: 0x80009d6c (0x283f2c23) sw      gp, 664(t5)
core   0: 3 0x80009d6c (0x283f2c23) mem 0x80010000 0x00000001
core   0: 0x80009d70 (0xff9ff06f) j       pc - 0x8
core   0: 3 0x80009d70 (0xff9ff06f)
core   0: 0x80009d68 (0x00006f17) auipc   t5, 0x6
core   0: 3 0x80009d68 (0x00006f17) x30 0x8000fd68
core   0: 0x80009d6c (0x283f2c23) sw      gp, 664(t5)
core   0: 3 0x80009d6c (0x283f2c23) mem 0x80010000 0x00000001
core   0: 0x80009d70 (0xff9ff06f) j       pc - 0x8
core   0: 3 0x80009d70 (0xff9ff06f)
core   0: 0x80009d68 (0x00006f17) auipc   t5, 0x6
core   0: 3 0x80009d68 (0x00006f17) x30 0x8000fd68
core   0: 0x80009d6c (0x283f2c23) sw      gp, 664(t5)
core   0: 3 0x80009d6c (0x283f2c23) mem 0x80010000 0x00000001
core   0: 0x80009d70 (0xff9ff06f) j       pc - 0x8
core   0: 3 0x80009d70 (0xff9ff06f)
core   0: 0x80009d68 (0x00006f17) auipc   t5, 0x6
core   0: 3 0x80009d68 (0x00006f17) x30 0x8000fd68
core   0: 0x80009d6c (0x283f2c23) sw      gp, 664(t5)
core   0: 3 0x80009d6c (0x283f2c23) mem 0x80010000 0x00000001
core   0: 0x80009d70 (0xff9ff06f) j       pc - 0x8
core   0: 3 0x80009d70 (0xff9ff06f)
core   0: 0x80009d68 (0x00006f17) auipc   t5, 0x6
core   0: 3 0x80009d68 (0x00006f17) x30 0x8000fd68
core   0: 0x80009d6c (0x283f2c23) sw      gp, 664(t5)
core   0: 3 0x80009d6c (0x283f2c23) mem 0x80010000 0x00000001
core   0: 0x80009d70 (0xff9ff06f) j       pc - 0x8
core   0: 3 0x80009d70 (0xff9ff06f)
core   0: 0x80009d68 (0x00006f17) auipc   t5, 0x6
core   0: 3 0x80009d68 (0x00006f17) x30 0x8000fd68
core   0: 0x80009d6c (0x283f2c23) sw      gp, 664(t5)
core   0: 3 0x80009d6c (0x283f2c23) mem 0x80010000 0x00000001
core   0: 0x80009d70 (0xff9ff06f) j       pc - 0x8
core   0: 3 0x80009d70 (0xff9ff06f)
core   0: 0x80009d68 (0x00006f17) auipc   t5, 0x6
core   0: 3 0x80009d68 (0x00006f17) x30 0x8000fd68
core   0: 0x80009d6c (0x283f2c23) sw      gp, 664(t5)
core   0: 3 0x80009d6c (0x283f2c23) mem 0x80010000 0x00000001
core   0: 0x80009d70 (0xff9ff06f) j       pc - 0x8
core   0: 3 0x80009d70 (0xff9ff06f)
core   0: 0x80009d68 (0x00006f17) auipc   t5, 0x6
core   0: 3 0x80009d68 (0x00006f17) x30 0x8000fd68
core   0: 0x80009d6c (0x283f2c23) sw      gp, 664(t5)
core   0: 3 0x80009d6c (0x283f2c23) mem 0x80010000 0x00000001
core   0: 0x80009d70 (0xff9ff06f) j       pc - 0x8
core   0: 3 0x80009d70 (0xff9ff06f)
core   0: 0x80009d68 (0x00006f17) auipc   t5, 0x6
core   0: 3 0x80009d68 (0x00006f17) x30 0x8000fd68
core   0: 0x80009d6c (0x283f2c23) sw      gp, 664(t5)
core   0: 3 0x80009d6c (0x283f2c23) mem 0x80010000 0x00000001
core   0: 0x80009d70 (0xff9ff06f) j       pc - 0x8
core   0: 3 0x80009d70 (0xff9ff06f)
core   0: 0x80009d68 (0x00006f17) auipc   t5, 0x6
core   0: 3 0x80009d68 (0x00006f17) x30 0x8000fd68
core   0: 0x80009d6c (0x283f2c23) sw      gp, 664(t5)
core   0: 3 0x80009d6c (0x283f2c23) mem 0x80010000 0x00000001
core   0: 0x80009d70 (0xff9ff06f) j       pc - 0x8
core   0: 3 0x80009d70 (0xff9ff06f)
core   0: 0x80009d68 (0x00006f17) auipc   t5, 0x6
core   0: 3 0x80009d68 (0x00006f17) x30 0x8000fd68
core   0: 0x80009d6c (0x283f2c23) sw      gp, 664(t5)
core   0: 3 0x80009d6c (0x283f2c23) mem 0x80010000 0x00000001
core   0: 0x80009d70 (0xff9ff06f) j       pc - 0x8
core   0: 3 0x80009d70 (0xff9ff06f)
core   0: 0x80009d68 (0x00006f17) auipc   t5, 0x6
core   0: 3 0x80009d68 (0x00006f17) x30 0x8000fd68
core   0: 0x80009d6c (0x283f2c23) sw      gp, 664(t5)
core   0: 3 0x80009d6c (0x283f2c23) mem 0x80010000 0x00000001
core   0: 0x80009d70 (0xff9ff06f) j       pc - 0x8
core   0: 3 0x80009d70 (0xff9ff06f)
core   0: 0x80009d68 (0x00006f17) auipc   t5, 0x6
core   0: 3 0x80009d68 (0x00006f17) x30 0x8000fd68
core   0: 0x80009d6c (0x283f2c23) sw      gp, 664(t5)
core   0: 3 0x80009d6c (0x283f2c23) mem 0x80010000 0x00000001
core   0: 0x80009d70 (0xff9ff06f) j       pc - 0x8
core   0: 3 0x80009d70 (0xff9ff06f)
core   0: 0x80009d68 (0x00006f17) auipc   t5, 0x6
core   0: 3 0x80009d68 (0x00006f17) x30 0x8000fd68
core   0: 0x80009d6c (0x283f2c23) sw      gp, 664(t5)
core   0: 3 0x80009d6c (0x283f2c23) mem 0x80010000 0x00000001
core   0: 0x80009d70 (0xff9ff06f) j       pc - 0x8
core   0: 3 0x80009d70 (0xff9ff06f)
core   0: 0x80009d68 (0x00006f17) auipc   t5, 0x6
core   0: 3 0x80009d68 (0x00006f17) x30 0x8000fd68
core   0: 0x80009d6c (0x283f2c23) sw      gp, 664(t5)
core   0: 3 0x80009d6c (0x283f2c23) mem 0x80010000 0x00000001
core   0: 0x80009d70 (0xff9ff06f) j       pc - 0x8
core   0: 3 0x80009d70 (0xff9ff06f)
core   0: 0x80009d68 (0x00006f17) auipc   t5, 0x6
core   0: 3 0x80009d68 (0x00006f17) x30 0x8000fd68
core   0: 0x80009d6c (0x283f2c23) sw      gp, 664(t5)
core   0: 3 0x80009d6c (0x283f2c23) mem 0x80010000 0x00000001
core   0: 0x80009d70 (0xff9ff06f) j       pc - 0x8
core   0: 3 0x80009d70 (0xff9ff06f)
core   0: 0x80009d68 (0x00006f17) auipc   t5, 0x6
core   0: 3 0x80009d68 (0x00006f17) x30 0x8000fd68
core   0: 0x80009d6c (0x283f2c23) sw      gp, 664(t5)
core   0: 3 0x80009d6c (0x283f2c23) mem 0x80010000 0x00000001
core   0: 0x80009d70 (0xff9ff06f) j       pc - 0x8
core   0: 3 0x80009d70 (0xff9ff06f)
core   0: 0x80009d68 (0x00006f17) auipc   t5, 0x6
core   0: 3 0x80009d68 (0x00006f17) x30 0x8000fd68
core   0: 0x80009d6c (0x283f2c23) sw      gp, 664(t5)
core   0: 3 0x80009d6c (0x283f2c23) mem 0x80010000 0x00000001
core   0: 0x80009d70 (0xff9ff06f) j       pc - 0x8
core   0: 3 0x80009d70 (0xff9ff06f)
core   0: 0x80009d68 (0x00006f17) auipc   t5, 0x6
core   0: 3 0x80009d68 (0x00006f17) x30 0x8000fd68
core   0: 0x80009d6c (0x283f2c23) sw      gp, 664(t5)
core   0: 3 0x80009d6c (0x283f2c23) mem 0x80010000 0x00000001
core   0: 0x80009d70 (0xff9ff06f) j       pc - 0x8
core   0: 3 0x80009d70 (0xff9ff06f)
core   0: 0x80009d68 (0x00006f17) auipc   t5, 0x6
core   0: 3 0x80009d68 (0x00006f17) x30 0x8000fd68
core   0: 0x80009d6c (0x283f2c23) sw      gp, 664(t5)
core   0: 3 0x80009d6c (0x283f2c23) mem 0x80010000 0x00000001
core   0: 0x80009d70 (0xff9ff06f) j       pc - 0x8
core   0: 3 0x80009d70 (0xff9ff06f)
core   0: 0x80009d68 (0x00006f17) auipc   t5, 0x6
core   0: 3 0x80009d68 (0x00006f17) x30 0x8000fd68
core   0: 0x80009d6c (0x283f2c23) sw      gp, 664(t5)
core   0: 3 0x80009d6c (0x283f2c23) mem 0x80010000 0x00000001
core   0: 0x80009d70 (0xff9ff06f) j       pc - 0x8
core   0: 3 0x80009d70 (0xff9ff06f)
core   0: 0x80009d68 (0x00006f17) auipc   t5, 0x6
core   0: 3 0x80009d68 (0x00006f17) x30 0x8000fd68
core   0: 0x80009d6c (0x283f2c23) sw      gp, 664(t5)
core   0: 3 0x80009d6c (0x283f2c23) mem 0x80010000 0x00000001
core   0: 0x80009d70 (0xff9ff06f) j       pc - 0x8
core   0: 3 0x80009d70 (0xff9ff06f)
core   0: 0x80009d68 (0x00006f17) auipc   t5, 0x6
core   0: 3 0x80009d68 (0x00006f17) x30 0x8000fd68
core   0: 0x80009d6c (0x283f2c23) sw      gp, 664(t5)
core   0: 3 0x80009d6c (0x283f2c23) mem 0x80010000 0x00000001
core   0: 0x80009d70 (0xff9ff06f) j       pc - 0x8
core   0: 3 0x80009d70 (0xff9ff06f)
core   0: 0x80009d68 (0x00006f17) auipc   t5, 0x6
core   0: 3 0x80009d68 (0x00006f17) x30 0x8000fd68
core   0: 0x80009d6c (0x283f2c23) sw      gp, 664(t5)
core   0: 3 0x80009d6c (0x283f2c23) mem 0x80010000 0x00000001
core   0: 0x80009d70 (0xff9ff06f) j       pc - 0x8
core   0: 3 0x80009d70 (0xff9ff06f)
core   0: 0x80009d68 (0x00006f17) auipc   t5, 0x6
core   0: 3 0x80009d68 (0x00006f17) x30 0x8000fd68
core   0: 0x80009d6c (0x283f2c23) sw      gp, 664(t5)
core   0: 3 0x80009d6c (0x283f2c23) mem 0x80010000 0x00000001
core   0: 0x80009d70 (0xff9ff06f) j       pc - 0x8
core   0: 3 0x80009d70 (0xff9ff06f)
core   0: 0x80009d68 (0x00006f17) auipc   t5, 0x6
core   0: 3 0x80009d68 (0x00006f17) x30 0x8000fd68
core   0: 0x80009d6c (0x283f2c23) sw      gp, 664(t5)
core   0: 3 0x80009d6c (0x283f2c23) mem 0x80010000 0x00000001
core   0: 0x80009d70 (0xff9ff06f) j       pc - 0x8
core   0: 3 0x80009d70 (0xff9ff06f)
core   0: 0x80009d68 (0x00006f17) auipc   t5, 0x6
core   0: 3 0x80009d68 (0x00006f17) x30 0x8000fd68
core   0: 0x80009d6c (0x283f2c23) sw      gp, 664(t5)
core   0: 3 0x80009d6c (0x283f2c23) mem 0x80010000 0x00000001
core   0: 0x80009d70 (0xff9ff06f) j       pc - 0x8
core   0: 3 0x80009d70 (0xff9ff06f)
core   0: 0x80009d68 (0x00006f17) auipc   t5, 0x6
core   0: 3 0x80009d68 (0x00006f17) x30 0x8000fd68
core   0: 0x80009d6c (0x283f2c23) sw      gp, 664(t5)
core   0: 3 0x80009d6c (0x283f2c23) mem 0x80010000 0x00000001
core   0: 0x80009d70 (0xff9ff06f) j       pc - 0x8
core   0: 3 0x80009d70 (0xff9ff06f)
core   0: 0x80009d68 (0x00006f17) auipc   t5, 0x6
core   0: 3 0x80009d68 (0x00006f17) x30 0x8000fd68
core   0: 0x80009d6c (0x283f2c23) sw      gp, 664(t5)
core   0: 3 0x80009d6c (0x283f2c23) mem 0x80010000 0x00000001
core   0: 0x80009d70 (0xff9ff06f) j       pc - 0x8
core   0: 3 0x80009d70 (0xff9ff06f)
core   0: 0x80009d68 (0x00006f17) auipc   t5, 0x6
core   0: 3 0x80009d68 (0x00006f17) x30 0x8000fd68
core   0: 0x80009d6c (0x283f2c23) sw      gp, 664(t5)
core   0: 3 0x80009d6c (0x283f2c23) mem 0x80010000 0x00000001
core   0: 0x80009d70 (0xff9ff06f) j       pc - 0x8
core   0: 3 0x80009d70 (0xff9ff06f)
core   0: 0x80009d68 (0x00006f17) auipc   t5, 0x6
core   0: 3 0x80009d68 (0x00006f17) x30 0x8000fd68
core   0: 0x80009d6c (0x283f2c23) sw      gp, 664(t5)
core   0: 3 0x80009d6c (0x283f2c23) mem 0x80010000 0x00000001
core   0: 0x80009d70 (0xff9ff06f) j       pc - 0x8
core   0: 3 0x80009d70 (0xff9ff06f)
core   0: 0x80009d68 (0x00006f17) auipc   t5, 0x6
core   0: 3 0x80009d68 (0x00006f17) x30 0x8000fd68
core   0: 0x80009d6c (0x283f2c23) sw      gp, 664(t5)
core   0: 3 0x80009d6c (0x283f2c23) mem 0x80010000 0x00000001
core   0: 0x80009d70 (0xff9ff06f) j       pc - 0x8
core   0: 3 0x80009d70 (0xff9ff06f)
core   0: 0x80009d68 (0x00006f17) auipc   t5, 0x6
core   0: 3 0x80009d68 (0x00006f17) x30 0x8000fd68
core   0: 0x80009d6c (0x283f2c23) sw      gp, 664(t5)
core   0: 3 0x80009d6c (0x283f2c23) mem 0x80010000 0x00000001
core   0: 0x80009d70 (0xff9ff06f) j       pc - 0x8
core   0: 3 0x80009d70 (0xff9ff06f)
core   0: 0x80009d68 (0x00006f17) auipc   t5, 0x6
core   0: 3 0x80009d68 (0x00006f17) x30 0x8000fd68
core   0: 0x80009d6c (0x283f2c23) sw      gp, 664(t5)
core   0: 3 0x80009d6c (0x283f2c23) mem 0x80010000 0x00000001
core   0: 0x80009d70 (0xff9ff06f) j       pc - 0x8
core   0: 3 0x80009d70 (0xff9ff06f)
core   0: 0x80009d68 (0x00006f17) auipc   t5, 0x6
core   0: 3 0x80009d68 (0x00006f17) x30 0x8000fd68
core   0: 0x80009d6c (0x283f2c23) sw      gp, 664(t5)
core   0: 3 0x80009d6c (0x283f2c23) mem 0x80010000 0x00000001
core   0: 0x80009d70 (0xff9ff06f) j       pc - 0x8
core   0: 3 0x80009d70 (0xff9ff06f)
core   0: 0x80009d68 (0x00006f17) auipc   t5, 0x6
core   0: 3 0x80009d68 (0x00006f17) x30 0x8000fd68
core   0: 0x80009d6c (0x283f2c23) sw      gp, 664(t5)
core   0: 3 0x80009d6c (0x283f2c23) mem 0x80010000 0x00000001
core   0: 0x80009d70 (0xff9ff06f) j       pc - 0x8
core   0: 3 0x80009d70 (0xff9ff06f)
core   0: 0x80009d68 (0x00006f17) auipc   t5, 0x6
core   0: 3 0x80009d68 (0x00006f17) x30 0x8000fd68
core   0: 0x80009d6c (0x283f2c23) sw      gp, 664(t5)
core   0: 3 0x80009d6c (0x283f2c23) mem 0x80010000 0x00000001
core   0: 0x80009d70 (0xff9ff06f) j       pc - 0x8
core   0: 3 0x80009d70 (0xff9ff06f)
core   0: 0x80009d68 (0x00006f17) auipc   t5, 0x6
core   0: 3 0x80009d68 (0x00006f17) x30 0x8000fd68
core   0: 0x80009d6c (0x283f2c23) sw      gp, 664(t5)
core   0: 3 0x80009d6c (0x283f2c23) mem 0x80010000 0x00000001
core   0: 0x80009d70 (0xff9ff06f) j       pc - 0x8
core   0: 3 0x80009d70 (0xff9ff06f)
core   0: 0x80009d68 (0x00006f17) auipc   t5, 0x6
core   0: 3 0x80009d68 (0x00006f17) x30 0x8000fd68
core   0: 0x80009d6c (0x283f2c23) sw      gp, 664(t5)
core   0: 3 0x80009d6c (0x283f2c23) mem 0x80010000 0x00000001
core   0: 0x80009d70 (0xff9ff06f) j       pc - 0x8
core   0: 3 0x80009d70 (0xff9ff06f)
core   0: 0x80009d68 (0x00006f17) auipc   t5, 0x6
core   0: 3 0x80009d68 (0x00006f17) x30 0x8000fd68
core   0: 0x80009d6c (0x283f2c23) sw      gp, 664(t5)
core   0: 3 0x80009d6c (0x283f2c23) mem 0x80010000 0x00000001
core   0: 0x80009d70 (0xff9ff06f) j       pc - 0x8
core   0: 3 0x80009d70 (0xff9ff06f)
core   0: 0x80009d68 (0x00006f17) auipc   t5, 0x6
core   0: 3 0x80009d68 (0x00006f17) x30 0x8000fd68
core   0: 0x80009d6c (0x283f2c23) sw      gp, 664(t5)
core   0: 3 0x80009d6c (0x283f2c23) mem 0x80010000 0x00000001
core   0: 0x80009d70 (0xff9ff06f) j       pc - 0x8
core   0: 3 0x80009d70 (0xff9ff06f)
core   0: 0x80009d68 (0x00006f17) auipc   t5, 0x6
core   0: 3 0x80009d68 (0x00006f17) x30 0x8000fd68
core   0: 0x80009d6c (0x283f2c23) sw      gp, 664(t5)
core   0: 3 0x80009d6c (0x283f2c23) mem 0x80010000 0x00000001
core   0: 0x80009d70 (0xff9ff06f) j       pc - 0x8
core   0: 3 0x80009d70 (0xff9ff06f)
core   0: 0x80009d68 (0x00006f17) auipc   t5, 0x6
core   0: 3 0x80009d68 (0x00006f17) x30 0x8000fd68
core   0: 0x80009d6c (0x283f2c23) sw      gp, 664(t5)
core   0: 3 0x80009d6c (0x283f2c23) mem 0x80010000 0x00000001
core   0: 0x80009d70 (0xff9ff06f) j       pc - 0x8
core   0: 3 0x80009d70 (0xff9ff06f)
core   0: 0x80009d68 (0x00006f17) auipc   t5, 0x6
core   0: 3 0x80009d68 (0x00006f17) x30 0x8000fd68
core   0: 0x80009d6c (0x283f2c23) sw      gp, 664(t5)
core   0: 3 0x80009d6c (0x283f2c23) mem 0x80010000 0x00000001
core   0: 0x80009d70 (0xff9ff06f) j       pc - 0x8
core   0: 3 0x80009d70 (0xff9ff06f)
core   0: 0x80009d68 (0x00006f17) auipc   t5, 0x6
core   0: 3 0x80009d68 (0x00006f17) x30 0x8000fd68
core   0: 0x80009d6c (0x283f2c23) sw      gp, 664(t5)
core   0: 3 0x80009d6c (0x283f2c23) mem 0x80010000 0x00000001
core   0: 0x80009d70 (0xff9ff06f) j       pc - 0x8
core   0: 3 0x80009d70 (0xff9ff06f)
core   0: 0x80009d68 (0x00006f17) auipc   t5, 0x6
core   0: 3 0x80009d68 (0x00006f17) x30 0x8000fd68
core   0: 0x80009d6c (0x283f2c23) sw      gp, 664(t5)
core   0: 3 0x80009d6c (0x283f2c23) mem 0x80010000 0x00000001
core   0: 0x80009d70 (0xff9ff06f) j       pc - 0x8
core   0: 3 0x80009d70 (0xff9ff06f)
core   0: 0x80009d68 (0x00006f17) auipc   t5, 0x6
core   0: 3 0x80009d68 (0x00006f17) x30 0x8000fd68
core   0: 0x80009d6c (0x283f2c23) sw      gp, 664(t5)
core   0: 3 0x80009d6c (0x283f2c23) mem 0x80010000 0x00000001
core   0: 0x80009d70 (0xff9ff06f) j       pc - 0x8
core   0: 3 0x80009d70 (0xff9ff06f)
core   0: 0x80009d68 (0x00006f17) auipc   t5, 0x6
core   0: 3 0x80009d68 (0x00006f17) x30 0x8000fd68
core   0: 0x80009d6c (0x283f2c23) sw      gp, 664(t5)
core   0: 3 0x80009d6c (0x283f2c23) mem 0x80010000 0x00000001
core   0: 0x80009d70 (0xff9ff06f) j       pc - 0x8
core   0: 3 0x80009d70 (0xff9ff06f)
core   0: 0x80009d68 (0x00006f17) auipc   t5, 0x6
core   0: 3 0x80009d68 (0x00006f17) x30 0x8000fd68
core   0: 0x80009d6c (0x283f2c23) sw      gp, 664(t5)
core   0: 3 0x80009d6c (0x283f2c23) mem 0x80010000 0x00000001
core   0: 0x80009d70 (0xff9ff06f) j       pc - 0x8
core   0: 3 0x80009d70 (0xff9ff06f)
core   0: 0x80009d68 (0x00006f17) auipc   t5, 0x6
core   0: 3 0x80009d68 (0x00006f17) x30 0x8000fd68
core   0: 0x80009d6c (0x283f2c23) sw      gp, 664(t5)
core   0: 3 0x80009d6c (0x283f2c23) mem 0x80010000 0x00000001
core   0: 0x80009d70 (0xff9ff06f) j       pc - 0x8
core   0: 3 0x80009d70 (0xff9ff06f)
core   0: 0x80009d68 (0x00006f17) auipc   t5, 0x6
core   0: 3 0x80009d68 (0x00006f17) x30 0x8000fd68
core   0: 0x80009d6c (0x283f2c23) sw      gp, 664(t5)
core   0: 3 0x80009d6c (0x283f2c23) mem 0x80010000 0x00000001
core   0: 0x80009d70 (0xff9ff06f) j       pc - 0x8
core   0: 3 0x80009d70 (0xff9ff06f)
core   0: 0x80009d68 (0x00006f17) auipc   t5, 0x6
core   0: 3 0x80009d68 (0x00006f17) x30 0x8000fd68
core   0: 0x80009d6c (0x283f2c23) sw      gp, 664(t5)
core   0: 3 0x80009d6c (0x283f2c23) mem 0x80010000 0x00000001
core   0: 0x80009d70 (0xff9ff06f) j       pc - 0x8
core   0: 3 0x80009d70 (0xff9ff06f)
core   0: 0x80009d68 (0x00006f17) auipc   t5, 0x6
core   0: 3 0x80009d68 (0x00006f17) x30 0x8000fd68
core   0: 0x80009d6c (0x283f2c23) sw      gp, 664(t5)
core   0: 3 0x80009d6c (0x283f2c23) mem 0x80010000 0x00000001
core   0: 0x80009d70 (0xff9ff06f) j       pc - 0x8
core   0: 3 0x80009d70 (0xff9ff06f)
core   0: 0x80009d68 (0x00006f17) auipc   t5, 0x6
core   0: 3 0x80009d68 (0x00006f17) x30 0x8000fd68
core   0: 0x80009d6c (0x283f2c23) sw      gp, 664(t5)
core   0: 3 0x80009d6c (0x283f2c23) mem 0x80010000 0x00000001
core   0: 0x80009d70 (0xff9ff06f) j       pc - 0x8
core   0: 3 0x80009d70 (0xff9ff06f)
core   0: 0x80009d68 (0x00006f17) auipc   t5, 0x6
core   0: 3 0x80009d68 (0x00006f17) x30 0x8000fd68
core   0: 0x80009d6c (0x283f2c23) sw      gp, 664(t5)
core   0: 3 0x80009d6c (0x283f2c23) mem 0x80010000 0x00000001
core   0: 0x80009d70 (0xff9ff06f) j       pc - 0x8
core   0: 3 0x80009d70 (0xff9ff06f)
core   0: 0x80009d68 (0x00006f17) auipc   t5, 0x6
core   0: 3 0x80009d68 (0x00006f17) x30 0x8000fd68
core   0: 0x80009d6c (0x283f2c23) sw      gp, 664(t5)
core   0: 3 0x80009d6c (0x283f2c23) mem 0x80010000 0x00000001
core   0: 0x80009d70 (0xff9ff06f) j       pc - 0x8
core   0: 3 0x80009d70 (0xff9ff06f)
core   0: 0x80009d68 (0x00006f17) auipc   t5, 0x6
core   0: 3 0x80009d68 (0x00006f17) x30 0x8000fd68
core   0: 0x80009d6c (0x283f2c23) sw      gp, 664(t5)
core   0: 3 0x80009d6c (0x283f2c23) mem 0x80010000 0x00000001
core   0: 0x80009d70 (0xff9ff06f) j       pc - 0x8
core   0: 3 0x80009d70 (0xff9ff06f)
core   0: 0x80009d68 (0x00006f17) auipc   t5, 0x6
core   0: 3 0x80009d68 (0x00006f17) x30 0x8000fd68
core   0: 0x80009d6c (0x283f2c23) sw      gp, 664(t5)
core   0: 3 0x80009d6c (0x283f2c23) mem 0x80010000 0x00000001
core   0: 0x80009d70 (0xff9ff06f) j       pc - 0x8
core   0: 3 0x80009d70 (0xff9ff06f)
core   0: 0x80009d68 (0x00006f17) auipc   t5, 0x6
core   0: 3 0x80009d68 (0x00006f17) x30 0x8000fd68
core   0: 0x80009d6c (0x283f2c23) sw      gp, 664(t5)
core   0: 3 0x80009d6c (0x283f2c23) mem 0x80010000 0x00000001
core   0: 0x80009d70 (0xff9ff06f) j       pc - 0x8
core   0: 3 0x80009d70 (0xff9ff06f)
core   0: 0x80009d68 (0x00006f17) auipc   t5, 0x6
core   0: 3 0x80009d68 (0x00006f17) x30 0x8000fd68
core   0: 0x80009d6c (0x283f2c23) sw      gp, 664(t5)
core   0: 3 0x80009d6c (0x283f2c23) mem 0x80010000 0x00000001
core   0: 0x80009d70 (0xff9ff06f) j       pc - 0x8
core   0: 3 0x80009d70 (0xff9ff06f)
core   0: 0x80009d68 (0x00006f17) auipc   t5, 0x6
core   0: 3 0x80009d68 (0x00006f17) x30 0x8000fd68
core   0: 0x80009d6c (0x283f2c23) sw      gp, 664(t5)
core   0: 3 0x80009d6c (0x283f2c23) mem 0x80010000 0x00000001
core   0: 0x80009d70 (0xff9ff06f) j       pc - 0x8
core   0: 3 0x80009d70 (0xff9ff06f)
core   0: 0x80009d68 (0x00006f17) auipc   t5, 0x6
core   0: 3 0x80009d68 (0x00006f17) x30 0x8000fd68
core   0: 0x80009d6c (0x283f2c23) sw      gp, 664(t5)
core   0: 3 0x80009d6c (0x283f2c23) mem 0x80010000 0x00000001
core   0: 0x80009d70 (0xff9ff06f) j       pc - 0x8
core   0: 3 0x80009d70 (0xff9ff06f)
core   0: 0x80009d68 (0x00006f17) auipc   t5, 0x6
core   0: 3 0x80009d68 (0x00006f17) x30 0x8000fd68
core   0: 0x80009d6c (0x283f2c23) sw      gp, 664(t5)
core   0: 3 0x80009d6c (0x283f2c23) mem 0x80010000 0x00000001
core   0: 0x80009d70 (0xff9ff06f) j       pc - 0x8
core   0: 3 0x80009d70 (0xff9ff06f)
core   0: 0x80009d68 (0x00006f17) auipc   t5, 0x6
core   0: 3 0x80009d68 (0x00006f17) x30 0x8000fd68
core   0: 0x80009d6c (0x283f2c23) sw      gp, 664(t5)
core   0: 3 0x80009d6c (0x283f2c23) mem 0x80010000 0x00000001
core   0: 0x80009d70 (0xff9ff06f) j       pc - 0x8
core   0: 3 0x80009d70 (0xff9ff06f)
core   0: 0x80009d68 (0x00006f17) auipc   t5, 0x6
core   0: 3 0x80009d68 (0x00006f17) x30 0x8000fd68
core   0: 0x80009d6c (0x283f2c23) sw      gp, 664(t5)
core   0: 3 0x80009d6c (0x283f2c23) mem 0x80010000 0x00000001
core   0: 0x80009d70 (0xff9ff06f) j       pc - 0x8
core   0: 3 0x80009d70 (0xff9ff06f)
core   0: 0x80009d68 (0x00006f17) auipc   t5, 0x6
core   0: 3 0x80009d68 (0x00006f17) x30 0x8000fd68
core   0: 0x80009d6c (0x283f2c23) sw      gp, 664(t5)
core   0: 3 0x80009d6c (0x283f2c23) mem 0x80010000 0x00000001
core   0: 0x80009d70 (0xff9ff06f) j       pc - 0x8
core   0: 3 0x80009d70 (0xff9ff06f)
core   0: 0x80009d68 (0x00006f17) auipc   t5, 0x6
core   0: 3 0x80009d68 (0x00006f17) x30 0x8000fd68
core   0: 0x80009d6c (0x283f2c23) sw      gp, 664(t5)
core   0: 3 0x80009d6c (0x283f2c23) mem 0x80010000 0x00000001
core   0: 0x80009d70 (0xff9ff06f) j       pc - 0x8
core   0: 3 0x80009d70 (0xff9ff06f)
core   0: 0x80009d68 (0x00006f17) auipc   t5, 0x6
core   0: 3 0x80009d68 (0x00006f17) x30 0x8000fd68
core   0: 0x80009d6c (0x283f2c23) sw      gp, 664(t5)
core   0: 3 0x80009d6c (0x283f2c23) mem 0x80010000 0x00000001
core   0: 0x80009d70 (0xff9ff06f) j       pc - 0x8
core   0: 3 0x80009d70 (0xff9ff06f)
core   0: 0x80009d68 (0x00006f17) auipc   t5, 0x6
core   0: 3 0x80009d68 (0x00006f17) x30 0x8000fd68
core   0: 0x80009d6c (0x283f2c23) sw      gp, 664(t5)
core   0: 3 0x80009d6c (0x283f2c23) mem 0x80010000 0x00000001
core   0: 0x80009d70 (0xff9ff06f) j       pc - 0x8
core   0: 3 0x80009d70 (0xff9ff06f)
core   0: 0x80009d68 (0x00006f17) auipc   t5, 0x6
core   0: 3 0x80009d68 (0x00006f17) x30 0x8000fd68
core   0: 0x80009d6c (0x283f2c23) sw      gp, 664(t5)
core   0: 3 0x80009d6c (0x283f2c23) mem 0x80010000 0x00000001
core   0: 0x80009d70 (0xff9ff06f) j       pc - 0x8
core   0: 3 0x80009d70 (0xff9ff06f)
core   0: 0x80009d68 (0x00006f17) auipc   t5, 0x6
core   0: 3 0x80009d68 (0x00006f17) x30 0x8000fd68
core   0: 0x80009d6c (0x283f2c23) sw      gp, 664(t5)
core   0: 3 0x80009d6c (0x283f2c23) mem 0x80010000 0x00000001
core   0: 0x80009d70 (0xff9ff06f) j       pc - 0x8
core   0: 3 0x80009d70 (0xff9ff06f)
core   0: 0x80009d68 (0x00006f17) auipc   t5, 0x6
core   0: 3 0x80009d68 (0x00006f17) x30 0x8000fd68
core   0: 0x80009d6c (0x283f2c23) sw      gp, 664(t5)
core   0: 3 0x80009d6c (0x283f2c23) mem 0x80010000 0x00000001
core   0: 0x80009d70 (0xff9ff06f) j       pc - 0x8
core   0: 3 0x80009d70 (0xff9ff06f)
core   0: 0x80009d68 (0x00006f17) auipc   t5, 0x6
core   0: 3 0x80009d68 (0x00006f17) x30 0x8000fd68
core   0: 0x80009d6c (0x283f2c23) sw      gp, 664(t5)
core   0: 3 0x80009d6c (0x283f2c23) mem 0x80010000 0x00000001
core   0: 0x80009d70 (0xff9ff06f) j       pc - 0x8
core   0: 3 0x80009d70 (0xff9ff06f)
core   0: 0x80009d68 (0x00006f17) auipc   t5, 0x6
core   0: 3 0x80009d68 (0x00006f17) x30 0x8000fd68
core   0: 0x80009d6c (0x283f2c23) sw      gp, 664(t5)
core   0: 3 0x80009d6c (0x283f2c23) mem 0x80010000 0x00000001
core   0: 0x80009d70 (0xff9ff06f) j       pc - 0x8
core   0: 3 0x80009d70 (0xff9ff06f)
core   0: 0x80009d68 (0x00006f17) auipc   t5, 0x6
core   0: 3 0x80009d68 (0x00006f17) x30 0x8000fd68
core   0: 0x80009d6c (0x283f2c23) sw      gp, 664(t5)
core   0: 3 0x80009d6c (0x283f2c23) mem 0x80010000 0x00000001
core   0: 0x80009d70 (0xff9ff06f) j       pc - 0x8
core   0: 3 0x80009d70 (0xff9ff06f)
core   0: 0x80009d68 (0x00006f17) auipc   t5, 0x6
core   0: 3 0x80009d68 (0x00006f17) x30 0x8000fd68
core   0: 0x80009d6c (0x283f2c23) sw      gp, 664(t5)
core   0: 3 0x80009d6c (0x283f2c23) mem 0x80010000 0x00000001
core   0: 0x80009d70 (0xff9ff06f) j       pc - 0x8
core   0: 3 0x80009d70 (0xff9ff06f)
core   0: 0x80009d68 (0x00006f17) auipc   t5, 0x6
core   0: 3 0x80009d68 (0x00006f17) x30 0x8000fd68
core   0: 0x80009d6c (0x283f2c23) sw      gp, 664(t5)
core   0: 3 0x80009d6c (0x283f2c23) mem 0x80010000 0x00000001
core   0: 0x80009d70 (0xff9ff06f) j       pc - 0x8
core   0: 3 0x80009d70 (0xff9ff06f)
core   0: 0x80009d68 (0x00006f17) auipc   t5, 0x6
core   0: 3 0x80009d68 (0x00006f17) x30 0x8000fd68
core   0: 0x80009d6c (0x283f2c23) sw      gp, 664(t5)
core   0: 3 0x80009d6c (0x283f2c23) mem 0x80010000 0x00000001
core   0: 0x80009d70 (0xff9ff06f) j       pc - 0x8
core   0: 3 0x80009d70 (0xff9ff06f)
core   0: 0x80009d68 (0x00006f17) auipc   t5, 0x6
core   0: 3 0x80009d68 (0x00006f17) x30 0x8000fd68
core   0: 0x80009d6c (0x283f2c23) sw      gp, 664(t5)
core   0: 3 0x80009d6c (0x283f2c23) mem 0x80010000 0x00000001
core   0: 0x80009d70 (0xff9ff06f) j       pc - 0x8
core   0: 3 0x80009d70 (0xff9ff06f)
core   0: 0x80009d68 (0x00006f17) auipc   t5, 0x6
core   0: 3 0x80009d68 (0x00006f17) x30 0x8000fd68
core   0: 0x80009d6c (0x283f2c23) sw      gp, 664(t5)
core   0: 3 0x80009d6c (0x283f2c23) mem 0x80010000 0x00000001
core   0: 0x80009d70 (0xff9ff06f) j       pc - 0x8
core   0: 3 0x80009d70 (0xff9ff06f)
core   0: 0x80009d68 (0x00006f17) auipc   t5, 0x6
core   0: 3 0x80009d68 (0x00006f17) x30 0x8000fd68
core   0: 0x80009d6c (0x283f2c23) sw      gp, 664(t5)
core   0: 3 0x80009d6c (0x283f2c23) mem 0x80010000 0x00000001
core   0: 0x80009d70 (0xff9ff06f) j       pc - 0x8
core   0: 3 0x80009d70 (0xff9ff06f)
core   0: 0x80009d68 (0x00006f17) auipc   t5, 0x6
core   0: 3 0x80009d68 (0x00006f17) x30 0x8000fd68
core   0: 0x80009d6c (0x283f2c23) sw      gp, 664(t5)
core   0: 3 0x80009d6c (0x283f2c23) mem 0x80010000 0x00000001
core   0: 0x80009d70 (0xff9ff06f) j       pc - 0x8
core   0: 3 0x80009d70 (0xff9ff06f)
core   0: 0x80009d68 (0x00006f17) auipc   t5, 0x6
core   0: 3 0x80009d68 (0x00006f17) x30 0x8000fd68
core   0: 0x80009d6c (0x283f2c23) sw      gp, 664(t5)
core   0: 3 0x80009d6c (0x283f2c23) mem 0x80010000 0x00000001
core   0: 0x80009d70 (0xff9ff06f) j       pc - 0x8
core   0: 3 0x80009d70 (0xff9ff06f)
core   0: 0x80009d68 (0x00006f17) auipc   t5, 0x6
core   0: 3 0x80009d68 (0x00006f17) x30 0x8000fd68
core   0: 0x80009d6c (0x283f2c23) sw      gp, 664(t5)
core   0: 3 0x80009d6c (0x283f2c23) mem 0x80010000 0x00000001
core   0: 0x80009d70 (0xff9ff06f) j       pc - 0x8
core   0: 3 0x80009d70 (0xff9ff06f)
core   0: 0x80009d68 (0x00006f17) auipc   t5, 0x6
core   0: 3 0x80009d68 (0x00006f17) x30 0x8000fd68
core   0: 0x80009d6c (0x283f2c23) sw      gp, 664(t5)
core   0: 3 0x80009d6c (0x283f2c23) mem 0x80010000 0x00000001
core   0: 0x80009d70 (0xff9ff06f) j       pc - 0x8
core   0: 3 0x80009d70 (0xff9ff06f)
core   0: 0x80009d68 (0x00006f17) auipc   t5, 0x6
core   0: 3 0x80009d68 (0x00006f17) x30 0x8000fd68
core   0: 0x80009d6c (0x283f2c23) sw      gp, 664(t5)
core   0: 3 0x80009d6c (0x283f2c23) mem 0x80010000 0x00000001
core   0: 0x80009d70 (0xff9ff06f) j       pc - 0x8
core   0: 3 0x80009d70 (0xff9ff06f)
core   0: 0x80009d68 (0x00006f17) auipc   t5, 0x6
core   0: 3 0x80009d68 (0x00006f17) x30 0x8000fd68
core   0: 0x80009d6c (0x283f2c23) sw      gp, 664(t5)
core   0: 3 0x80009d6c (0x283f2c23) mem 0x80010000 0x00000001
core   0: 0x80009d70 (0xff9ff06f) j       pc - 0x8
core   0: 3 0x80009d70 (0xff9ff06f)
core   0: 0x80009d68 (0x00006f17) auipc   t5, 0x6
core   0: 3 0x80009d68 (0x00006f17) x30 0x8000fd68
core   0: 0x80009d6c (0x283f2c23) sw      gp, 664(t5)
core   0: 3 0x80009d6c (0x283f2c23) mem 0x80010000 0x00000001
core   0: 0x80009d70 (0xff9ff06f) j       pc - 0x8
core   0: 3 0x80009d70 (0xff9ff06f)
core   0: 0x80009d68 (0x00006f17) auipc   t5, 0x6
core   0: 3 0x80009d68 (0x00006f17) x30 0x8000fd68
core   0: 0x80009d6c (0x283f2c23) sw      gp, 664(t5)
core   0: 3 0x80009d6c (0x283f2c23) mem 0x80010000 0x00000001
core   0: 0x80009d70 (0xff9ff06f) j       pc - 0x8
core   0: 3 0x80009d70 (0xff9ff06f)
core   0: 0x80009d68 (0x00006f17) auipc   t5, 0x6
core   0: 3 0x80009d68 (0x00006f17) x30 0x8000fd68
core   0: 0x80009d6c (0x283f2c23) sw      gp, 664(t5)
core   0: 3 0x80009d6c (0x283f2c23) mem 0x80010000 0x00000001
core   0: 0x80009d70 (0xff9ff06f) j       pc - 0x8
core   0: 3 0x80009d70 (0xff9ff06f)
core   0: 0x80009d68 (0x00006f17) auipc   t5, 0x6
core   0: 3 0x80009d68 (0x00006f17) x30 0x8000fd68
core   0: 0x80009d6c (0x283f2c23) sw      gp, 664(t5)
core   0: 3 0x80009d6c (0x283f2c23) mem 0x80010000 0x00000001
core   0: 0x80009d70 (0xff9ff06f) j       pc - 0x8
core   0: 3 0x80009d70 (0xff9ff06f)
core   0: 0x80009d68 (0x00006f17) auipc   t5, 0x6
core   0: 3 0x80009d68 (0x00006f17) x30 0x8000fd68
core   0: 0x80009d6c (0x283f2c23) sw      gp, 664(t5)
core   0: 3 0x80009d6c (0x283f2c23) mem 0x80010000 0x00000001
core   0: 0x80009d70 (0xff9ff06f) j       pc - 0x8
core   0: 3 0x80009d70 (0xff9ff06f)
core   0: 0x80009d68 (0x00006f17) auipc   t5, 0x6
core   0: 3 0x80009d68 (0x00006f17) x30 0x8000fd68
core   0: 0x80009d6c (0x283f2c23) sw      gp, 664(t5)
core   0: 3 0x80009d6c (0x283f2c23) mem 0x80010000 0x00000001
core   0: 0x80009d70 (0xff9ff06f) j       pc - 0x8
core   0: 3 0x80009d70 (0xff9ff06f)
core   0: 0x80009d68 (0x00006f17) auipc   t5, 0x6
core   0: 3 0x80009d68 (0x00006f17) x30 0x8000fd68
core   0: 0x80009d6c (0x283f2c23) sw      gp, 664(t5)
core   0: 3 0x80009d6c (0x283f2c23) mem 0x80010000 0x00000001
core   0: 0x80009d70 (0xff9ff06f) j       pc - 0x8
core   0: 3 0x80009d70 (0xff9ff06f)
core   0: 0x80009d68 (0x00006f17) auipc   t5, 0x6
core   0: 3 0x80009d68 (0x00006f17) x30 0x8000fd68
core   0: 0x80009d6c (0x283f2c23) sw      gp, 664(t5)
core   0: 3 0x80009d6c (0x283f2c23) mem 0x80010000 0x00000001
core   0: 0x80009d70 (0xff9ff06f) j       pc - 0x8
core   0: 3 0x80009d70 (0xff9ff06f)
core   0: 0x80009d68 (0x00006f17) auipc   t5, 0x6
core   0: 3 0x80009d68 (0x00006f17) x30 0x8000fd68
core   0: 0x80009d6c (0x283f2c23) sw      gp, 664(t5)
core   0: 3 0x80009d6c (0x283f2c23) mem 0x80010000 0x00000001
core   0: 0x80009d70 (0xff9ff06f) j       pc - 0x8
core   0: 3 0x80009d70 (0xff9ff06f)
core   0: 0x80009d68 (0x00006f17) auipc   t5, 0x6
core   0: 3 0x80009d68 (0x00006f17) x30 0x8000fd68
core   0: 0x80009d6c (0x283f2c23) sw      gp, 664(t5)
core   0: 3 0x80009d6c (0x283f2c23) mem 0x80010000 0x00000001
core   0: 0x80009d70 (0xff9ff06f) j       pc - 0x8
core   0: 3 0x80009d70 (0xff9ff06f)
core   0: 0x80009d68 (0x00006f17) auipc   t5, 0x6
core   0: 3 0x80009d68 (0x00006f17) x30 0x8000fd68
core   0: 0x80009d6c (0x283f2c23) sw      gp, 664(t5)
core   0: 3 0x80009d6c (0x283f2c23) mem 0x80010000 0x00000001
core   0: 0x80009d70 (0xff9ff06f) j       pc - 0x8
core   0: 3 0x80009d70 (0xff9ff06f)
core   0: 0x80009d68 (0x00006f17) auipc   t5, 0x6
core   0: 3 0x80009d68 (0x00006f17) x30 0x8000fd68
core   0: 0x80009d6c (0x283f2c23) sw      gp, 664(t5)
core   0: 3 0x80009d6c (0x283f2c23) mem 0x80010000 0x00000001
core   0: 0x80009d70 (0xff9ff06f) j       pc - 0x8
core   0: 3 0x80009d70 (0xff9ff06f)
core   0: 0x80009d68 (0x00006f17) auipc   t5, 0x6
core   0: 3 0x80009d68 (0x00006f17) x30 0x8000fd68
core   0: 0x80009d6c (0x283f2c23) sw      gp, 664(t5)
core   0: 3 0x80009d6c (0x283f2c23) mem 0x80010000 0x00000001
core   0: 0x80009d70 (0xff9ff06f) j       pc - 0x8
core   0: 3 0x80009d70 (0xff9ff06f)
core   0: 0x80009d68 (0x00006f17) auipc   t5, 0x6
core   0: 3 0x80009d68 (0x00006f17) x30 0x8000fd68
core   0: 0x80009d6c (0x283f2c23) sw      gp, 664(t5)
core   0: 3 0x80009d6c (0x283f2c23) mem 0x80010000 0x00000001
core   0: 0x80009d70 (0xff9ff06f) j       pc - 0x8
core   0: 3 0x80009d70 (0xff9ff06f)
core   0: 0x80009d68 (0x00006f17) auipc   t5, 0x6
core   0: 3 0x80009d68 (0x00006f17) x30 0x8000fd68
core   0: 0x80009d6c (0x283f2c23) sw      gp, 664(t5)
core   0: 3 0x80009d6c (0x283f2c23) mem 0x80010000 0x00000001
core   0: 0x80009d70 (0xff9ff06f) j       pc - 0x8
core   0: 3 0x80009d70 (0xff9ff06f)
core   0: 0x80009d68 (0x00006f17) auipc   t5, 0x6
core   0: 3 0x80009d68 (0x00006f17) x30 0x8000fd68
core   0: 0x80009d6c (0x283f2c23) sw      gp, 664(t5)
core   0: 3 0x80009d6c (0x283f2c23) mem 0x80010000 0x00000001
core   0: 0x80009d70 (0xff9ff06f) j       pc - 0x8
core   0: 3 0x80009d70 (0xff9ff06f)
core   0: 0x80009d68 (0x00006f17) auipc   t5, 0x6
core   0: 3 0x80009d68 (0x00006f17) x30 0x8000fd68
core   0: 0x80009d6c (0x283f2c23) sw      gp, 664(t5)
core   0: 3 0x80009d6c (0x283f2c23) mem 0x80010000 0x00000001
core   0: 0x80009d70 (0xff9ff06f) j       pc - 0x8
core   0: 3 0x80009d70 (0xff9ff06f)
core   0: 0x80009d68 (0x00006f17) auipc   t5, 0x6
core   0: 3 0x80009d68 (0x00006f17) x30 0x8000fd68
core   0: 0x80009d6c (0x283f2c23) sw      gp, 664(t5)
core   0: 3 0x80009d6c (0x283f2c23) mem 0x80010000 0x00000001
core   0: 0x80009d70 (0xff9ff06f) j       pc - 0x8
core   0: 3 0x80009d70 (0xff9ff06f)
core   0: 0x80009d68 (0x00006f17) auipc   t5, 0x6
core   0: 3 0x80009d68 (0x00006f17) x30 0x8000fd68
core   0: 0x80009d6c (0x283f2c23) sw      gp, 664(t5)
core   0: 3 0x80009d6c (0x283f2c23) mem 0x80010000 0x00000001
core   0: 0x80009d70 (0xff9ff06f) j       pc - 0x8
core   0: 3 0x80009d70 (0xff9ff06f)
core   0: 0x80009d68 (0x00006f17) auipc   t5, 0x6
core   0: 3 0x80009d68 (0x00006f17) x30 0x8000fd68
core   0: 0x80009d6c (0x283f2c23) sw      gp, 664(t5)
core   0: 3 0x80009d6c (0x283f2c23) mem 0x80010000 0x00000001
core   0: 0x80009d70 (0xff9ff06f) j       pc - 0x8
core   0: 3 0x80009d70 (0xff9ff06f)
core   0: 0x80009d68 (0x00006f17) auipc   t5, 0x6
core   0: 3 0x80009d68 (0x00006f17) x30 0x8000fd68
core   0: 0x80009d6c (0x283f2c23) sw      gp, 664(t5)
core   0: 3 0x80009d6c (0x283f2c23) mem 0x80010000 0x00000001
core   0: 0x80009d70 (0xff9ff06f) j       pc - 0x8
core   0: 3 0x80009d70 (0xff9ff06f)
core   0: 0x80009d68 (0x00006f17) auipc   t5, 0x6
core   0: 3 0x80009d68 (0x00006f17) x30 0x8000fd68
core   0: 0x80009d6c (0x283f2c23) sw      gp, 664(t5)
core   0: 3 0x80009d6c (0x283f2c23) mem 0x80010000 0x00000001
core   0: 0x80009d70 (0xff9ff06f) j       pc - 0x8
core   0: 3 0x80009d70 (0xff9ff06f)
core   0: 0x80009d68 (0x00006f17) auipc   t5, 0x6
core   0: 3 0x80009d68 (0x00006f17) x30 0x8000fd68
core   0: 0x80009d6c (0x283f2c23) sw      gp, 664(t5)
core   0: 3 0x80009d6c (0x283f2c23) mem 0x80010000 0x00000001
core   0: 0x80009d70 (0xff9ff06f) j       pc - 0x8
core   0: 3 0x80009d70 (0xff9ff06f)
core   0: 0x80009d68 (0x00006f17) auipc   t5, 0x6
core   0: 3 0x80009d68 (0x00006f17) x30 0x8000fd68
core   0: 0x80009d6c (0x283f2c23) sw      gp, 664(t5)
core   0: 3 0x80009d6c (0x283f2c23) mem 0x80010000 0x00000001
core   0: 0x80009d70 (0xff9ff06f) j       pc - 0x8
core   0: 3 0x80009d70 (0xff9ff06f)
core   0: 0x80009d68 (0x00006f17) auipc   t5, 0x6
core   0: 3 0x80009d68 (0x00006f17) x30 0x8000fd68
core   0: 0x80009d6c (0x283f2c23) sw      gp, 664(t5)
core   0: 3 0x80009d6c (0x283f2c23) mem 0x80010000 0x00000001
core   0: 0x80009d70 (0xff9ff06f) j       pc - 0x8
core   0: 3 0x80009d70 (0xff9ff06f)
core   0: 0x80009d68 (0x00006f17) auipc   t5, 0x6
core   0: 3 0x80009d68 (0x00006f17) x30 0x8000fd68
core   0: 0x80009d6c (0x283f2c23) sw      gp, 664(t5)
core   0: 3 0x80009d6c (0x283f2c23) mem 0x80010000 0x00000001
core   0: 0x80009d70 (0xff9ff06f) j       pc - 0x8
core   0: 3 0x80009d70 (0xff9ff06f)
core   0: 0x80009d68 (0x00006f17) auipc   t5, 0x6
core   0: 3 0x80009d68 (0x00006f17) x30 0x8000fd68
core   0: 0x80009d6c (0x283f2c23) sw      gp, 664(t5)
core   0: 3 0x80009d6c (0x283f2c23) mem 0x80010000 0x00000001
core   0: 0x80009d70 (0xff9ff06f) j       pc - 0x8
core   0: 3 0x80009d70 (0xff9ff06f)
core   0: 0x80009d68 (0x00006f17) auipc   t5, 0x6
core   0: 3 0x80009d68 (0x00006f17) x30 0x8000fd68
core   0: 0x80009d6c (0x283f2c23) sw      gp, 664(t5)
core   0: 3 0x80009d6c (0x283f2c23) mem 0x80010000 0x00000001
core   0: 0x80009d70 (0xff9ff06f) j       pc - 0x8
core   0: 3 0x80009d70 (0xff9ff06f)
core   0: 0x80009d68 (0x00006f17) auipc   t5, 0x6
core   0: 3 0x80009d68 (0x00006f17) x30 0x8000fd68
core   0: 0x80009d6c (0x283f2c23) sw      gp, 664(t5)
core   0: 3 0x80009d6c (0x283f2c23) mem 0x80010000 0x00000001
core   0: 0x80009d70 (0xff9ff06f) j       pc - 0x8
core   0: 3 0x80009d70 (0xff9ff06f)
core   0: 0x80009d68 (0x00006f17) auipc   t5, 0x6
core   0: 3 0x80009d68 (0x00006f17) x30 0x8000fd68
core   0: 0x80009d6c (0x283f2c23) sw      gp, 664(t5)
core   0: 3 0x80009d6c (0x283f2c23) mem 0x80010000 0x00000001
core   0: 0x80009d70 (0xff9ff06f) j       pc - 0x8
core   0: 3 0x80009d70 (0xff9ff06f)
core   0: 0x80009d68 (0x00006f17) auipc   t5, 0x6
core   0: 3 0x80009d68 (0x00006f17) x30 0x8000fd68
core   0: 0x80009d6c (0x283f2c23) sw      gp, 664(t5)
core   0: 3 0x80009d6c (0x283f2c23) mem 0x80010000 0x00000001
core   0: 0x80009d70 (0xff9ff06f) j       pc - 0x8
core   0: 3 0x80009d70 (0xff9ff06f)
core   0: 0x80009d68 (0x00006f17) auipc   t5, 0x6
core   0: 3 0x80009d68 (0x00006f17) x30 0x8000fd68
core   0: 0x80009d6c (0x283f2c23) sw      gp, 664(t5)
core   0: 3 0x80009d6c (0x283f2c23) mem 0x80010000 0x00000001
core   0: 0x80009d70 (0xff9ff06f) j       pc - 0x8
core   0: 3 0x80009d70 (0xff9ff06f)
core   0: 0x80009d68 (0x00006f17) auipc   t5, 0x6
core   0: 3 0x80009d68 (0x00006f17) x30 0x8000fd68
core   0: 0x80009d6c (0x283f2c23) sw      gp, 664(t5)
core   0: 3 0x80009d6c (0x283f2c23) mem 0x80010000 0x00000001
core   0: 0x80009d70 (0xff9ff06f) j       pc - 0x8
core   0: 3 0x80009d70 (0xff9ff06f)
core   0: 0x80009d68 (0x00006f17) auipc   t5, 0x6
core   0: 3 0x80009d68 (0x00006f17) x30 0x8000fd68
core   0: 0x80009d6c (0x283f2c23) sw      gp, 664(t5)
core   0: 3 0x80009d6c (0x283f2c23) mem 0x80010000 0x00000001
core   0: 0x80009d70 (0xff9ff06f) j       pc - 0x8
core   0: 3 0x80009d70 (0xff9ff06f)
core   0: 0x80009d68 (0x00006f17) auipc   t5, 0x6
core   0: 3 0x80009d68 (0x00006f17) x30 0x8000fd68
core   0: 0x80009d6c (0x283f2c23) sw      gp, 664(t5)
core   0: 3 0x80009d6c (0x283f2c23) mem 0x80010000 0x00000001
core   0: 0x80009d70 (0xff9ff06f) j       pc - 0x8
core   0: 3 0x80009d70 (0xff9ff06f)
core   0: 0x80009d68 (0x00006f17) auipc   t5, 0x6
core   0: 3 0x80009d68 (0x00006f17) x30 0x8000fd68
core   0: 0x80009d6c (0x283f2c23) sw      gp, 664(t5)
core   0: 3 0x80009d6c (0x283f2c23) mem 0x80010000 0x00000001
core   0: 0x80009d70 (0xff9ff06f) j       pc - 0x8
core   0: 3 0x80009d70 (0xff9ff06f)
core   0: 0x80009d68 (0x00006f17) auipc   t5, 0x6
core   0: 3 0x80009d68 (0x00006f17) x30 0x8000fd68
core   0: 0x80009d6c (0x283f2c23) sw      gp, 664(t5)
core   0: 3 0x80009d6c (0x283f2c23) mem 0x80010000 0x00000001
core   0: 0x80009d70 (0xff9ff06f) j       pc - 0x8
core   0: 3 0x80009d70 (0xff9ff06f)
core   0: 0x80009d68 (0x00006f17) auipc   t5, 0x6
core   0: 3 0x80009d68 (0x00006f17) x30 0x8000fd68
core   0: 0x80009d6c (0x283f2c23) sw      gp, 664(t5)
core   0: 3 0x80009d6c (0x283f2c23) mem 0x80010000 0x00000001
core   0: 0x80009d70 (0xff9ff06f) j       pc - 0x8
core   0: 3 0x80009d70 (0xff9ff06f)
core   0: 0x80009d68 (0x00006f17) auipc   t5, 0x6
core   0: 3 0x80009d68 (0x00006f17) x30 0x8000fd68
core   0: 0x80009d6c (0x283f2c23) sw      gp, 664(t5)
core   0: 3 0x80009d6c (0x283f2c23) mem 0x80010000 0x00000001
core   0: 0x80009d70 (0xff9ff06f) j       pc - 0x8
core   0: 3 0x80009d70 (0xff9ff06f)
core   0: 0x80009d68 (0x00006f17) auipc   t5, 0x6
core   0: 3 0x80009d68 (0x00006f17) x30 0x8000fd68
core   0: 0x80009d6c (0x283f2c23) sw      gp, 664(t5)
core   0: 3 0x80009d6c (0x283f2c23) mem 0x80010000 0x00000001
core   0: 0x80009d70 (0xff9ff06f) j       pc - 0x8
core   0: 3 0x80009d70 (0xff9ff06f)
core   0: 0x80009d68 (0x00006f17) auipc   t5, 0x6
core   0: 3 0x80009d68 (0x00006f17) x30 0x8000fd68
core   0: 0x80009d6c (0x283f2c23) sw      gp, 664(t5)
core   0: 3 0x80009d6c (0x283f2c23) mem 0x80010000 0x00000001
core   0: 0x80009d70 (0xff9ff06f) j       pc - 0x8
core   0: 3 0x80009d70 (0xff9ff06f)
core   0: 0x80009d68 (0x00006f17) auipc   t5, 0x6
core   0: 3 0x80009d68 (0x00006f17) x30 0x8000fd68
core   0: 0x80009d6c (0x283f2c23) sw      gp, 664(t5)
core   0: 3 0x80009d6c (0x283f2c23) mem 0x80010000 0x00000001
core   0: 0x80009d70 (0xff9ff06f) j       pc - 0x8
core   0: 3 0x80009d70 (0xff9ff06f)
core   0: 0x80009d68 (0x00006f17) auipc   t5, 0x6
core   0: 3 0x80009d68 (0x00006f17) x30 0x8000fd68
core   0: 0x80009d6c (0x283f2c23) sw      gp, 664(t5)
core   0: 3 0x80009d6c (0x283f2c23) mem 0x80010000 0x00000001
core   0: 0x80009d70 (0xff9ff06f) j       pc - 0x8
core   0: 3 0x80009d70 (0xff9ff06f)
core   0: 0x80009d68 (0x00006f17) auipc   t5, 0x6
core   0: 3 0x80009d68 (0x00006f17) x30 0x8000fd68
core   0: 0x80009d6c (0x283f2c23) sw      gp, 664(t5)
core   0: 3 0x80009d6c (0x283f2c23) mem 0x80010000 0x00000001
core   0: 0x80009d70 (0xff9ff06f) j       pc - 0x8
core   0: 3 0x80009d70 (0xff9ff06f)
core   0: 0x80009d68 (0x00006f17) auipc   t5, 0x6
core   0: 3 0x80009d68 (0x00006f17) x30 0x8000fd68
core   0: 0x80009d6c (0x283f2c23) sw      gp, 664(t5)
core   0: 3 0x80009d6c (0x283f2c23) mem 0x80010000 0x00000001
core   0: 0x80009d70 (0xff9ff06f) j       pc - 0x8
core   0: 3 0x80009d70 (0xff9ff06f)
core   0: 0x80009d68 (0x00006f17) auipc   t5, 0x6
core   0: 3 0x80009d68 (0x00006f17) x30 0x8000fd68
core   0: 0x80009d6c (0x283f2c23) sw      gp, 664(t5)
core   0: 3 0x80009d6c (0x283f2c23) mem 0x80010000 0x00000001
core   0: 0x80009d70 (0xff9ff06f) j       pc - 0x8
core   0: 3 0x80009d70 (0xff9ff06f)
core   0: 0x80009d68 (0x00006f17) auipc   t5, 0x6
core   0: 3 0x80009d68 (0x00006f17) x30 0x8000fd68
core   0: 0x80009d6c (0x283f2c23) sw      gp, 664(t5)
core   0: 3 0x80009d6c (0x283f2c23) mem 0x80010000 0x00000001
core   0: 0x80009d70 (0xff9ff06f) j       pc - 0x8
core   0: 3 0x80009d70 (0xff9ff06f)
core   0: 0x80009d68 (0x00006f17) auipc   t5, 0x6
core   0: 3 0x80009d68 (0x00006f17) x30 0x8000fd68
core   0: 0x80009d6c (0x283f2c23) sw      gp, 664(t5)
core   0: 3 0x80009d6c (0x283f2c23) mem 0x80010000 0x00000001
core   0: 0x80009d70 (0xff9ff06f) j       pc - 0x8
core   0: 3 0x80009d70 (0xff9ff06f)
core   0: 0x80009d68 (0x00006f17) auipc   t5, 0x6
core   0: 3 0x80009d68 (0x00006f17) x30 0x8000fd68
core   0: 0x80009d6c (0x283f2c23) sw      gp, 664(t5)
core   0: 3 0x80009d6c (0x283f2c23) mem 0x80010000 0x00000001
core   0: 0x80009d70 (0xff9ff06f) j       pc - 0x8
core   0: 3 0x80009d70 (0xff9ff06f)
core   0: 0x80009d68 (0x00006f17) auipc   t5, 0x6
core   0: 3 0x80009d68 (0x00006f17) x30 0x8000fd68
core   0: 0x80009d6c (0x283f2c23) sw      gp, 664(t5)
core   0: 3 0x80009d6c (0x283f2c23) mem 0x80010000 0x00000001
core   0: 0x80009d70 (0xff9ff06f) j       pc - 0x8
core   0: 3 0x80009d70 (0xff9ff06f)
core   0: 0x80009d68 (0x00006f17) auipc   t5, 0x6
core   0: 3 0x80009d68 (0x00006f17) x30 0x8000fd68
core   0: 0x80009d6c (0x283f2c23) sw      gp, 664(t5)
core   0: 3 0x80009d6c (0x283f2c23) mem 0x80010000 0x00000001
core   0: 0x80009d70 (0xff9ff06f) j       pc - 0x8
core   0: 3 0x80009d70 (0xff9ff06f)
core   0: 0x80009d68 (0x00006f17) auipc   t5, 0x6
core   0: 3 0x80009d68 (0x00006f17) x30 0x8000fd68
core   0: 0x80009d6c (0x283f2c23) sw      gp, 664(t5)
core   0: 3 0x80009d6c (0x283f2c23) mem 0x80010000 0x00000001
core   0: 0x80009d70 (0xff9ff06f) j       pc - 0x8
core   0: 3 0x80009d70 (0xff9ff06f)
core   0: 0x80009d68 (0x00006f17) auipc   t5, 0x6
core   0: 3 0x80009d68 (0x00006f17) x30 0x8000fd68
core   0: 0x80009d6c (0x283f2c23) sw      gp, 664(t5)
core   0: 3 0x80009d6c (0x283f2c23) mem 0x80010000 0x00000001
core   0: 0x80009d70 (0xff9ff06f) j       pc - 0x8
core   0: 3 0x80009d70 (0xff9ff06f)
core   0: 0x80009d68 (0x00006f17) auipc   t5, 0x6
core   0: 3 0x80009d68 (0x00006f17) x30 0x8000fd68
core   0: 0x80009d6c (0x283f2c23) sw      gp, 664(t5)
core   0: 3 0x80009d6c (0x283f2c23) mem 0x80010000 0x00000001
core   0: 0x80009d70 (0xff9ff06f) j       pc - 0x8
core   0: 3 0x80009d70 (0xff9ff06f)
core   0: 0x80009d68 (0x00006f17) auipc   t5, 0x6
core   0: 3 0x80009d68 (0x00006f17) x30 0x8000fd68
core   0: 0x80009d6c (0x283f2c23) sw      gp, 664(t5)
core   0: 3 0x80009d6c (0x283f2c23) mem 0x80010000 0x00000001
core   0: 0x80009d70 (0xff9ff06f) j       pc - 0x8
core   0: 3 0x80009d70 (0xff9ff06f)
core   0: 0x80009d68 (0x00006f17) auipc   t5, 0x6
core   0: 3 0x80009d68 (0x00006f17) x30 0x8000fd68
core   0: 0x80009d6c (0x283f2c23) sw      gp, 664(t5)
core   0: 3 0x80009d6c (0x283f2c23) mem 0x80010000 0x00000001
core   0: 0x80009d70 (0xff9ff06f) j       pc - 0x8
core   0: 3 0x80009d70 (0xff9ff06f)
core   0: 0x80009d68 (0x00006f17) auipc   t5, 0x6
core   0: 3 0x80009d68 (0x00006f17) x30 0x8000fd68
core   0: 0x80009d6c (0x283f2c23) sw      gp, 664(t5)
core   0: 3 0x80009d6c (0x283f2c23) mem 0x80010000 0x00000001
core   0: 0x80009d70 (0xff9ff06f) j       pc - 0x8
core   0: 3 0x80009d70 (0xff9ff06f)
core   0: 0x80009d68 (0x00006f17) auipc   t5, 0x6
core   0: 3 0x80009d68 (0x00006f17) x30 0x8000fd68
core   0: 0x80009d6c (0x283f2c23) sw      gp, 664(t5)
core   0: 3 0x80009d6c (0x283f2c23) mem 0x80010000 0x00000001
core   0: 0x80009d70 (0xff9ff06f) j       pc - 0x8
core   0: 3 0x80009d70 (0xff9ff06f)
core   0: 0x80009d68 (0x00006f17) auipc   t5, 0x6
core   0: 3 0x80009d68 (0x00006f17) x30 0x8000fd68
core   0: 0x80009d6c (0x283f2c23) sw      gp, 664(t5)
core   0: 3 0x80009d6c (0x283f2c23) mem 0x80010000 0x00000001
core   0: 0x80009d70 (0xff9ff06f) j       pc - 0x8
core   0: 3 0x80009d70 (0xff9ff06f)
core   0: 0x80009d68 (0x00006f17) auipc   t5, 0x6
core   0: 3 0x80009d68 (0x00006f17) x30 0x8000fd68
core   0: 0x80009d6c (0x283f2c23) sw      gp, 664(t5)
core   0: 3 0x80009d6c (0x283f2c23) mem 0x80010000 0x00000001
core   0: 0x80009d70 (0xff9ff06f) j       pc - 0x8
core   0: 3 0x80009d70 (0xff9ff06f)
core   0: 0x80009d68 (0x00006f17) auipc   t5, 0x6
core   0: 3 0x80009d68 (0x00006f17) x30 0x8000fd68
core   0: 0x80009d6c (0x283f2c23) sw      gp, 664(t5)
core   0: 3 0x80009d6c (0x283f2c23) mem 0x80010000 0x00000001
core   0: 0x80009d70 (0xff9ff06f) j       pc - 0x8
core   0: 3 0x80009d70 (0xff9ff06f)
core   0: 0x80009d68 (0x00006f17) auipc   t5, 0x6
core   0: 3 0x80009d68 (0x00006f17) x30 0x8000fd68
core   0: 0x80009d6c (0x283f2c23) sw      gp, 664(t5)
core   0: 3 0x80009d6c (0x283f2c23) mem 0x80010000 0x00000001
core   0: 0x80009d70 (0xff9ff06f) j       pc - 0x8
core   0: 3 0x80009d70 (0xff9ff06f)
core   0: 0x80009d68 (0x00006f17) auipc   t5, 0x6
core   0: 3 0x80009d68 (0x00006f17) x30 0x8000fd68
core   0: 0x80009d6c (0x283f2c23) sw      gp, 664(t5)
core   0: 3 0x80009d6c (0x283f2c23) mem 0x80010000 0x00000001
core   0: 0x80009d70 (0xff9ff06f) j       pc - 0x8
core   0: 3 0x80009d70 (0xff9ff06f)
core   0: 0x80009d68 (0x00006f17) auipc   t5, 0x6
core   0: 3 0x80009d68 (0x00006f17) x30 0x8000fd68
core   0: 0x80009d6c (0x283f2c23) sw      gp, 664(t5)
core   0: 3 0x80009d6c (0x283f2c23) mem 0x80010000 0x00000001
core   0: 0x80009d70 (0xff9ff06f) j       pc - 0x8
core   0: 3 0x80009d70 (0xff9ff06f)
core   0: 0x80009d68 (0x00006f17) auipc   t5, 0x6
core   0: 3 0x80009d68 (0x00006f17) x30 0x8000fd68
core   0: 0x80009d6c (0x283f2c23) sw      gp, 664(t5)
core   0: 3 0x80009d6c (0x283f2c23) mem 0x80010000 0x00000001
core   0: 0x80009d70 (0xff9ff06f) j       pc - 0x8
core   0: 3 0x80009d70 (0xff9ff06f)
core   0: 0x80009d68 (0x00006f17) auipc   t5, 0x6
core   0: 3 0x80009d68 (0x00006f17) x30 0x8000fd68
core   0: 0x80009d6c (0x283f2c23) sw      gp, 664(t5)
core   0: 3 0x80009d6c (0x283f2c23) mem 0x80010000 0x00000001
core   0: 0x80009d70 (0xff9ff06f) j       pc - 0x8
core   0: 3 0x80009d70 (0xff9ff06f)
core   0: 0x80009d68 (0x00006f17) auipc   t5, 0x6
core   0: 3 0x80009d68 (0x00006f17) x30 0x8000fd68
core   0: 0x80009d6c (0x283f2c23) sw      gp, 664(t5)
core   0: 3 0x80009d6c (0x283f2c23) mem 0x80010000 0x00000001
core   0: 0x80009d70 (0xff9ff06f) j       pc - 0x8
core   0: 3 0x80009d70 (0xff9ff06f)
core   0: 0x80009d68 (0x00006f17) auipc   t5, 0x6
core   0: 3 0x80009d68 (0x00006f17) x30 0x8000fd68
core   0: 0x80009d6c (0x283f2c23) sw      gp, 664(t5)
core   0: 3 0x80009d6c (0x283f2c23) mem 0x80010000 0x00000001
core   0: 0x80009d70 (0xff9ff06f) j       pc - 0x8
core   0: 3 0x80009d70 (0xff9ff06f)
core   0: 0x80009d68 (0x00006f17) auipc   t5, 0x6
core   0: 3 0x80009d68 (0x00006f17) x30 0x8000fd68
core   0: 0x80009d6c (0x283f2c23) sw      gp, 664(t5)
core   0: 3 0x80009d6c (0x283f2c23) mem 0x80010000 0x00000001
core   0: 0x80009d70 (0xff9ff06f) j       pc - 0x8
core   0: 3 0x80009d70 (0xff9ff06f)
core   0: 0x80009d68 (0x00006f17) auipc   t5, 0x6
core   0: 3 0x80009d68 (0x00006f17) x30 0x8000fd68
core   0: 0x80009d6c (0x283f2c23) sw      gp, 664(t5)
core   0: 3 0x80009d6c (0x283f2c23) mem 0x80010000 0x00000001
core   0: 0x80009d70 (0xff9ff06f) j       pc - 0x8
core   0: 3 0x80009d70 (0xff9ff06f)
core   0: 0x80009d68 (0x00006f17) auipc   t5, 0x6
core   0: 3 0x80009d68 (0x00006f17) x30 0x8000fd68
core   0: 0x80009d6c (0x283f2c23) sw      gp, 664(t5)
core   0: 3 0x80009d6c (0x283f2c23) mem 0x80010000 0x00000001
core   0: 0x80009d70 (0xff9ff06f) j       pc - 0x8
core   0: 3 0x80009d70 (0xff9ff06f)
core   0: 0x80009d68 (0x00006f17) auipc   t5, 0x6
core   0: 3 0x80009d68 (0x00006f17) x30 0x8000fd68
core   0: 0x80009d6c (0x283f2c23) sw      gp, 664(t5)
core   0: 3 0x80009d6c (0x283f2c23) mem 0x80010000 0x00000001
core   0: 0x80009d70 (0xff9ff06f) j       pc - 0x8
core   0: 3 0x80009d70 (0xff9ff06f)
core   0: 0x80009d68 (0x00006f17) auipc   t5, 0x6
core   0: 3 0x80009d68 (0x00006f17) x30 0x8000fd68
core   0: 0x80009d6c (0x283f2c23) sw      gp, 664(t5)
core   0: 3 0x80009d6c (0x283f2c23) mem 0x80010000 0x00000001
core   0: 0x80009d70 (0xff9ff06f) j       pc - 0x8
core   0: 3 0x80009d70 (0xff9ff06f)
core   0: 0x80009d68 (0x00006f17) auipc   t5, 0x6
core   0: 3 0x80009d68 (0x00006f17) x30 0x8000fd68
core   0: 0x80009d6c (0x283f2c23) sw      gp, 664(t5)
core   0: 3 0x80009d6c (0x283f2c23) mem 0x80010000 0x00000001
core   0: 0x80009d70 (0xff9ff06f) j       pc - 0x8
core   0: 3 0x80009d70 (0xff9ff06f)
core   0: 0x80009d68 (0x00006f17) auipc   t5, 0x6
core   0: 3 0x80009d68 (0x00006f17) x30 0x8000fd68
core   0: 0x80009d6c (0x283f2c23) sw      gp, 664(t5)
core   0: 3 0x80009d6c (0x283f2c23) mem 0x80010000 0x00000001
core   0: 0x80009d70 (0xff9ff06f) j       pc - 0x8
core   0: 3 0x80009d70 (0xff9ff06f)
core   0: 0x80009d68 (0x00006f17) auipc   t5, 0x6
core   0: 3 0x80009d68 (0x00006f17) x30 0x8000fd68
core   0: 0x80009d6c (0x283f2c23) sw      gp, 664(t5)
core   0: 3 0x80009d6c (0x283f2c23) mem 0x80010000 0x00000001
core   0: 0x80009d70 (0xff9ff06f) j       pc - 0x8
core   0: 3 0x80009d70 (0xff9ff06f)
core   0: 0x80009d68 (0x00006f17) auipc   t5, 0x6
core   0: 3 0x80009d68 (0x00006f17) x30 0x8000fd68
core   0: 0x80009d6c (0x283f2c23) sw      gp, 664(t5)
core   0: 3 0x80009d6c (0x283f2c23) mem 0x80010000 0x00000001
core   0: 0x80009d70 (0xff9ff06f) j       pc - 0x8
core   0: 3 0x80009d70 (0xff9ff06f)
core   0: 0x80009d68 (0x00006f17) auipc   t5, 0x6
core   0: 3 0x80009d68 (0x00006f17) x30 0x8000fd68
core   0: 0x80009d6c (0x283f2c23) sw      gp, 664(t5)
core   0: 3 0x80009d6c (0x283f2c23) mem 0x80010000 0x00000001
core   0: 0x80009d70 (0xff9ff06f) j       pc - 0x8
core   0: 3 0x80009d70 (0xff9ff06f)
core   0: 0x80009d68 (0x00006f17) auipc   t5, 0x6
core   0: 3 0x80009d68 (0x00006f17) x30 0x8000fd68
core   0: 0x80009d6c (0x283f2c23) sw      gp, 664(t5)
core   0: 3 0x80009d6c (0x283f2c23) mem 0x80010000 0x00000001
core   0: 0x80009d70 (0xff9ff06f) j       pc - 0x8
core   0: 3 0x80009d70 (0xff9ff06f)
core   0: 0x80009d68 (0x00006f17) auipc   t5, 0x6
core   0: 3 0x80009d68 (0x00006f17) x30 0x8000fd68
core   0: 0x80009d6c (0x283f2c23) sw      gp, 664(t5)
core   0: 3 0x80009d6c (0x283f2c23) mem 0x80010000 0x00000001
core   0: 0x80009d70 (0xff9ff06f) j       pc - 0x8
core   0: 3 0x80009d70 (0xff9ff06f)
core   0: 0x80009d68 (0x00006f17) auipc   t5, 0x6
core   0: 3 0x80009d68 (0x00006f17) x30 0x8000fd68
core   0: 0x80009d6c (0x283f2c23) sw      gp, 664(t5)
core   0: 3 0x80009d6c (0x283f2c23) mem 0x80010000 0x00000001
core   0: 0x80009d70 (0xff9ff06f) j       pc - 0x8
core   0: 3 0x80009d70 (0xff9ff06f)
core   0: 0x80009d68 (0x00006f17) auipc   t5, 0x6
core   0: 3 0x80009d68 (0x00006f17) x30 0x8000fd68
core   0: 0x80009d6c (0x283f2c23) sw      gp, 664(t5)
core   0: 3 0x80009d6c (0x283f2c23) mem 0x80010000 0x00000001
core   0: 0x80009d70 (0xff9ff06f) j       pc - 0x8
core   0: 3 0x80009d70 (0xff9ff06f)
core   0: 0x80009d68 (0x00006f17) auipc   t5, 0x6
core   0: 3 0x80009d68 (0x00006f17) x30 0x8000fd68
core   0: 0x80009d6c (0x283f2c23) sw      gp, 664(t5)
core   0: 3 0x80009d6c (0x283f2c23) mem 0x80010000 0x00000001
core   0: 0x80009d70 (0xff9ff06f) j       pc - 0x8
core   0: 3 0x80009d70 (0xff9ff06f)
core   0: 0x80009d68 (0x00006f17) auipc   t5, 0x6
core   0: 3 0x80009d68 (0x00006f17) x30 0x8000fd68
core   0: 0x80009d6c (0x283f2c23) sw      gp, 664(t5)
core   0: 3 0x80009d6c (0x283f2c23) mem 0x80010000 0x00000001
core   0: 0x80009d70 (0xff9ff06f) j       pc - 0x8
core   0: 3 0x80009d70 (0xff9ff06f)
core   0: 0x80009d68 (0x00006f17) auipc   t5, 0x6
core   0: 3 0x80009d68 (0x00006f17) x30 0x8000fd68
core   0: 0x80009d6c (0x283f2c23) sw      gp, 664(t5)
core   0: 3 0x80009d6c (0x283f2c23) mem 0x80010000 0x00000001
core   0: 0x80009d70 (0xff9ff06f) j       pc - 0x8
core   0: 3 0x80009d70 (0xff9ff06f)
core   0: 0x80009d68 (0x00006f17) auipc   t5, 0x6
core   0: 3 0x80009d68 (0x00006f17) x30 0x8000fd68
core   0: 0x80009d6c (0x283f2c23) sw      gp, 664(t5)
core   0: 3 0x80009d6c (0x283f2c23) mem 0x80010000 0x00000001
core   0: 0x80009d70 (0xff9ff06f) j       pc - 0x8
core   0: 3 0x80009d70 (0xff9ff06f)
core   0: 0x80009d68 (0x00006f17) auipc   t5, 0x6
core   0: 3 0x80009d68 (0x00006f17) x30 0x8000fd68
core   0: 0x80009d6c (0x283f2c23) sw      gp, 664(t5)
core   0: 3 0x80009d6c (0x283f2c23) mem 0x80010000 0x00000001
core   0: 0x80009d70 (0xff9ff06f) j       pc - 0x8
core   0: 3 0x80009d70 (0xff9ff06f)
core   0: 0x80009d68 (0x00006f17) auipc   t5, 0x6
core   0: 3 0x80009d68 (0x00006f17) x30 0x8000fd68
core   0: 0x80009d6c (0x283f2c23) sw      gp, 664(t5)
core   0: 3 0x80009d6c (0x283f2c23) mem 0x80010000 0x00000001
core   0: 0x80009d70 (0xff9ff06f) j       pc - 0x8
core   0: 3 0x80009d70 (0xff9ff06f)
core   0: 0x80009d68 (0x00006f17) auipc   t5, 0x6
core   0: 3 0x80009d68 (0x00006f17) x30 0x8000fd68
core   0: 0x80009d6c (0x283f2c23) sw      gp, 664(t5)
core   0: 3 0x80009d6c (0x283f2c23) mem 0x80010000 0x00000001
core   0: 0x80009d70 (0xff9ff06f) j       pc - 0x8
core   0: 3 0x80009d70 (0xff9ff06f)
core   0: 0x80009d68 (0x00006f17) auipc   t5, 0x6
core   0: 3 0x80009d68 (0x00006f17) x30 0x8000fd68
core   0: 0x80009d6c (0x283f2c23) sw      gp, 664(t5)
core   0: 3 0x80009d6c (0x283f2c23) mem 0x80010000 0x00000001
core   0: 0x80009d70 (0xff9ff06f) j       pc - 0x8
core   0: 3 0x80009d70 (0xff9ff06f)
core   0: 0x80009d68 (0x00006f17) auipc   t5, 0x6
core   0: 3 0x80009d68 (0x00006f17) x30 0x8000fd68
core   0: 0x80009d6c (0x283f2c23) sw      gp, 664(t5)
core   0: 3 0x80009d6c (0x283f2c23) mem 0x80010000 0x00000001
core   0: 0x80009d70 (0xff9ff06f) j       pc - 0x8
core   0: 3 0x80009d70 (0xff9ff06f)
core   0: 0x80009d68 (0x00006f17) auipc   t5, 0x6
core   0: 3 0x80009d68 (0x00006f17) x30 0x8000fd68
core   0: 0x80009d6c (0x283f2c23) sw      gp, 664(t5)
core   0: 3 0x80009d6c (0x283f2c23) mem 0x80010000 0x00000001
core   0: 0x80009d70 (0xff9ff06f) j       pc - 0x8
core   0: 3 0x80009d70 (0xff9ff06f)
core   0: 0x80009d68 (0x00006f17) auipc   t5, 0x6
core   0: 3 0x80009d68 (0x00006f17) x30 0x8000fd68
core   0: 0x80009d6c (0x283f2c23) sw      gp, 664(t5)
core   0: 3 0x80009d6c (0x283f2c23) mem 0x80010000 0x00000001
core   0: 0x80009d70 (0xff9ff06f) j       pc - 0x8
core   0: 3 0x80009d70 (0xff9ff06f)
core   0: 0x80009d68 (0x00006f17) auipc   t5, 0x6
core   0: 3 0x80009d68 (0x00006f17) x30 0x8000fd68
core   0: 0x80009d6c (0x283f2c23) sw      gp, 664(t5)
core   0: 3 0x80009d6c (0x283f2c23) mem 0x80010000 0x00000001
core   0: 0x80009d70 (0xff9ff06f) j       pc - 0x8
core   0: 3 0x80009d70 (0xff9ff06f)
core   0: 0x80009d68 (0x00006f17) auipc   t5, 0x6
core   0: 3 0x80009d68 (0x00006f17) x30 0x8000fd68
core   0: 0x80009d6c (0x283f2c23) sw      gp, 664(t5)
core   0: 3 0x80009d6c (0x283f2c23) mem 0x80010000 0x00000001
core   0: 0x80009d70 (0xff9ff06f) j       pc - 0x8
core   0: 3 0x80009d70 (0xff9ff06f)
core   0: 0x80009d68 (0x00006f17) auipc   t5, 0x6
core   0: 3 0x80009d68 (0x00006f17) x30 0x8000fd68
core   0: 0x80009d6c (0x283f2c23) sw      gp, 664(t5)
core   0: 3 0x80009d6c (0x283f2c23) mem 0x80010000 0x00000001
core   0: 0x80009d70 (0xff9ff06f) j       pc - 0x8
core   0: 3 0x80009d70 (0xff9ff06f)
core   0: 0x80009d68 (0x00006f17) auipc   t5, 0x6
core   0: 3 0x80009d68 (0x00006f17) x30 0x8000fd68
core   0: 0x80009d6c (0x283f2c23) sw      gp, 664(t5)
core   0: 3 0x80009d6c (0x283f2c23) mem 0x80010000 0x00000001
core   0: 0x80009d70 (0xff9ff06f) j       pc - 0x8
core   0: 3 0x80009d70 (0xff9ff06f)
core   0: 0x80009d68 (0x00006f17) auipc   t5, 0x6
core   0: 3 0x80009d68 (0x00006f17) x30 0x8000fd68
core   0: 0x80009d6c (0x283f2c23) sw      gp, 664(t5)
core   0: 3 0x80009d6c (0x283f2c23) mem 0x80010000 0x00000001
core   0: 0x80009d70 (0xff9ff06f) j       pc - 0x8
core   0: 3 0x80009d70 (0xff9ff06f)
core   0: 0x80009d68 (0x00006f17) auipc   t5, 0x6
core   0: 3 0x80009d68 (0x00006f17) x30 0x8000fd68
core   0: 0x80009d6c (0x283f2c23) sw      gp, 664(t5)
core   0: 3 0x80009d6c (0x283f2c23) mem 0x80010000 0x00000001
core   0: 0x80009d70 (0xff9ff06f) j       pc - 0x8
core   0: 3 0x80009d70 (0xff9ff06f)
core   0: 0x80009d68 (0x00006f17) auipc   t5, 0x6
core   0: 3 0x80009d68 (0x00006f17) x30 0x8000fd68
core   0: 0x80009d6c (0x283f2c23) sw      gp, 664(t5)
core   0: 3 0x80009d6c (0x283f2c23) mem 0x80010000 0x00000001
core   0: 0x80009d70 (0xff9ff06f) j       pc - 0x8
core   0: 3 0x80009d70 (0xff9ff06f)
core   0: 0x80009d68 (0x00006f17) auipc   t5, 0x6
core   0: 3 0x80009d68 (0x00006f17) x30 0x8000fd68
core   0: 0x80009d6c (0x283f2c23) sw      gp, 664(t5)
core   0: 3 0x80009d6c (0x283f2c23) mem 0x80010000 0x00000001
core   0: 0x80009d70 (0xff9ff06f) j       pc - 0x8
core   0: 3 0x80009d70 (0xff9ff06f)
core   0: 0x80009d68 (0x00006f17) auipc   t5, 0x6
core   0: 3 0x80009d68 (0x00006f17) x30 0x8000fd68
core   0: 0x80009d6c (0x283f2c23) sw      gp, 664(t5)
core   0: 3 0x80009d6c (0x283f2c23) mem 0x80010000 0x00000001
core   0: 0x80009d70 (0xff9ff06f) j       pc - 0x8
core   0: 3 0x80009d70 (0xff9ff06f)
core   0: 0x80009d68 (0x00006f17) auipc   t5, 0x6
core   0: 3 0x80009d68 (0x00006f17) x30 0x8000fd68
core   0: 0x80009d6c (0x283f2c23) sw      gp, 664(t5)
core   0: 3 0x80009d6c (0x283f2c23) mem 0x80010000 0x00000001
core   0: 0x80009d70 (0xff9ff06f) j       pc - 0x8
core   0: 3 0x80009d70 (0xff9ff06f)
core   0: 0x80009d68 (0x00006f17) auipc   t5, 0x6
core   0: 3 0x80009d68 (0x00006f17) x30 0x8000fd68
core   0: 0x80009d6c (0x283f2c23) sw      gp, 664(t5)
core   0: 3 0x80009d6c (0x283f2c23) mem 0x80010000 0x00000001
core   0: 0x80009d70 (0xff9ff06f) j       pc - 0x8
core   0: 3 0x80009d70 (0xff9ff06f)
core   0: 0x80009d68 (0x00006f17) auipc   t5, 0x6
core   0: 3 0x80009d68 (0x00006f17) x30 0x8000fd68
core   0: 0x80009d6c (0x283f2c23) sw      gp, 664(t5)
core   0: 3 0x80009d6c (0x283f2c23) mem 0x80010000 0x00000001
core   0: 0x80009d70 (0xff9ff06f) j       pc - 0x8
core   0: 3 0x80009d70 (0xff9ff06f)
core   0: 0x80009d68 (0x00006f17) auipc   t5, 0x6
core   0: 3 0x80009d68 (0x00006f17) x30 0x8000fd68
core   0: 0x80009d6c (0x283f2c23) sw      gp, 664(t5)
core   0: 3 0x80009d6c (0x283f2c23) mem 0x80010000 0x00000001
core   0: 0x80009d70 (0xff9ff06f) j       pc - 0x8
core   0: 3 0x80009d70 (0xff9ff06f)
core   0: 0x80009d68 (0x00006f17) auipc   t5, 0x6
core   0: 3 0x80009d68 (0x00006f17) x30 0x8000fd68
core   0: 0x80009d6c (0x283f2c23) sw      gp, 664(t5)
core   0: 3 0x80009d6c (0x283f2c23) mem 0x80010000 0x00000001
core   0: 0x80009d70 (0xff9ff06f) j       pc - 0x8
core   0: 3 0x80009d70 (0xff9ff06f)
core   0: 0x80009d68 (0x00006f17) auipc   t5, 0x6
core   0: 3 0x80009d68 (0x00006f17) x30 0x8000fd68
core   0: 0x80009d6c (0x283f2c23) sw      gp, 664(t5)
core   0: 3 0x80009d6c (0x283f2c23) mem 0x80010000 0x00000001
core   0: 0x80009d70 (0xff9ff06f) j       pc - 0x8
core   0: 3 0x80009d70 (0xff9ff06f)
core   0: 0x80009d68 (0x00006f17) auipc   t5, 0x6
core   0: 3 0x80009d68 (0x00006f17) x30 0x8000fd68
core   0: 0x80009d6c (0x283f2c23) sw      gp, 664(t5)
core   0: 3 0x80009d6c (0x283f2c23) mem 0x80010000 0x00000001
core   0: 0x80009d70 (0xff9ff06f) j       pc - 0x8
core   0: 3 0x80009d70 (0xff9ff06f)
core   0: 0x80009d68 (0x00006f17) auipc   t5, 0x6
core   0: 3 0x80009d68 (0x00006f17) x30 0x8000fd68
core   0: 0x80009d6c (0x283f2c23) sw      gp, 664(t5)
core   0: 3 0x80009d6c (0x283f2c23) mem 0x80010000 0x00000001
core   0: 0x80009d70 (0xff9ff06f) j       pc - 0x8
core   0: 3 0x80009d70 (0xff9ff06f)
core   0: 0x80009d68 (0x00006f17) auipc   t5, 0x6
core   0: 3 0x80009d68 (0x00006f17) x30 0x8000fd68
core   0: 0x80009d6c (0x283f2c23) sw      gp, 664(t5)
core   0: 3 0x80009d6c (0x283f2c23) mem 0x80010000 0x00000001
core   0: 0x80009d70 (0xff9ff06f) j       pc - 0x8
core   0: 3 0x80009d70 (0xff9ff06f)
core   0: 0x80009d68 (0x00006f17) auipc   t5, 0x6
core   0: 3 0x80009d68 (0x00006f17) x30 0x8000fd68
core   0: 0x80009d6c (0x283f2c23) sw      gp, 664(t5)
core   0: 3 0x80009d6c (0x283f2c23) mem 0x80010000 0x00000001
core   0: 0x80009d70 (0xff9ff06f) j       pc - 0x8
core   0: 3 0x80009d70 (0xff9ff06f)
core   0: 0x80009d68 (0x00006f17) auipc   t5, 0x6
core   0: 3 0x80009d68 (0x00006f17) x30 0x8000fd68
core   0: 0x80009d6c (0x283f2c23) sw      gp, 664(t5)
core   0: 3 0x80009d6c (0x283f2c23) mem 0x80010000 0x00000001
core   0: 0x80009d70 (0xff9ff06f) j       pc - 0x8
core   0: 3 0x80009d70 (0xff9ff06f)
core   0: 0x80009d68 (0x00006f17) auipc   t5, 0x6
core   0: 3 0x80009d68 (0x00006f17) x30 0x8000fd68
core   0: 0x80009d6c (0x283f2c23) sw      gp, 664(t5)
core   0: 3 0x80009d6c (0x283f2c23) mem 0x80010000 0x00000001
core   0: 0x80009d70 (0xff9ff06f) j       pc - 0x8
core   0: 3 0x80009d70 (0xff9ff06f)
core   0: 0x80009d68 (0x00006f17) auipc   t5, 0x6
core   0: 3 0x80009d68 (0x00006f17) x30 0x8000fd68
core   0: 0x80009d6c (0x283f2c23) sw      gp, 664(t5)
core   0: 3 0x80009d6c (0x283f2c23) mem 0x80010000 0x00000001
core   0: 0x80009d70 (0xff9ff06f) j       pc - 0x8
core   0: 3 0x80009d70 (0xff9ff06f)
core   0: 0x80009d68 (0x00006f17) auipc   t5, 0x6
core   0: 3 0x80009d68 (0x00006f17) x30 0x8000fd68
core   0: 0x80009d6c (0x283f2c23) sw      gp, 664(t5)
core   0: 3 0x80009d6c (0x283f2c23) mem 0x80010000 0x00000001
core   0: 0x80009d70 (0xff9ff06f) j       pc - 0x8
core   0: 3 0x80009d70 (0xff9ff06f)
core   0: 0x80009d68 (0x00006f17) auipc   t5, 0x6
core   0: 3 0x80009d68 (0x00006f17) x30 0x8000fd68
core   0: 0x80009d6c (0x283f2c23) sw      gp, 664(t5)
core   0: 3 0x80009d6c (0x283f2c23) mem 0x80010000 0x00000001
core   0: 0x80009d70 (0xff9ff06f) j       pc - 0x8
core   0: 3 0x80009d70 (0xff9ff06f)
core   0: 0x80009d68 (0x00006f17) auipc   t5, 0x6
core   0: 3 0x80009d68 (0x00006f17) x30 0x8000fd68
core   0: 0x80009d6c (0x283f2c23) sw      gp, 664(t5)
core   0: 3 0x80009d6c (0x283f2c23) mem 0x80010000 0x00000001
core   0: 0x80009d70 (0xff9ff06f) j       pc - 0x8
core   0: 3 0x80009d70 (0xff9ff06f)
core   0: 0x80009d68 (0x00006f17) auipc   t5, 0x6
core   0: 3 0x80009d68 (0x00006f17) x30 0x8000fd68
core   0: 0x80009d6c (0x283f2c23) sw      gp, 664(t5)
core   0: 3 0x80009d6c (0x283f2c23) mem 0x80010000 0x00000001
core   0: 0x80009d70 (0xff9ff06f) j       pc - 0x8
core   0: 3 0x80009d70 (0xff9ff06f)
core   0: 0x80009d68 (0x00006f17) auipc   t5, 0x6
core   0: 3 0x80009d68 (0x00006f17) x30 0x8000fd68
core   0: 0x80009d6c (0x283f2c23) sw      gp, 664(t5)
core   0: 3 0x80009d6c (0x283f2c23) mem 0x80010000 0x00000001
core   0: 0x80009d70 (0xff9ff06f) j       pc - 0x8
core   0: 3 0x80009d70 (0xff9ff06f)
core   0: 0x80009d68 (0x00006f17) auipc   t5, 0x6
core   0: 3 0x80009d68 (0x00006f17) x30 0x8000fd68
core   0: 0x80009d6c (0x283f2c23) sw      gp, 664(t5)
core   0: 3 0x80009d6c (0x283f2c23) mem 0x80010000 0x00000001
core   0: 0x80009d70 (0xff9ff06f) j       pc - 0x8
core   0: 3 0x80009d70 (0xff9ff06f)
core   0: 0x80009d68 (0x00006f17) auipc   t5, 0x6
core   0: 3 0x80009d68 (0x00006f17) x30 0x8000fd68
core   0: 0x80009d6c (0x283f2c23) sw      gp, 664(t5)
core   0: 3 0x80009d6c (0x283f2c23) mem 0x80010000 0x00000001
core   0: 0x80009d70 (0xff9ff06f) j       pc - 0x8
core   0: 3 0x80009d70 (0xff9ff06f)
core   0: 0x80009d68 (0x00006f17) auipc   t5, 0x6
core   0: 3 0x80009d68 (0x00006f17) x30 0x8000fd68
core   0: 0x80009d6c (0x283f2c23) sw      gp, 664(t5)
core   0: 3 0x80009d6c (0x283f2c23) mem 0x80010000 0x00000001
core   0: 0x80009d70 (0xff9ff06f) j       pc - 0x8
core   0: 3 0x80009d70 (0xff9ff06f)
core   0: 0x80009d68 (0x00006f17) auipc   t5, 0x6
core   0: 3 0x80009d68 (0x00006f17) x30 0x8000fd68
core   0: 0x80009d6c (0x283f2c23) sw      gp, 664(t5)
core   0: 3 0x80009d6c (0x283f2c23) mem 0x80010000 0x00000001
core   0: 0x80009d70 (0xff9ff06f) j       pc - 0x8
core   0: 3 0x80009d70 (0xff9ff06f)
core   0: 0x80009d68 (0x00006f17) auipc   t5, 0x6
core   0: 3 0x80009d68 (0x00006f17) x30 0x8000fd68
core   0: 0x80009d6c (0x283f2c23) sw      gp, 664(t5)
core   0: 3 0x80009d6c (0x283f2c23) mem 0x80010000 0x00000001
core   0: 0x80009d70 (0xff9ff06f) j       pc - 0x8
core   0: 3 0x80009d70 (0xff9ff06f)
core   0: 0x80009d68 (0x00006f17) auipc   t5, 0x6
core   0: 3 0x80009d68 (0x00006f17) x30 0x8000fd68
core   0: 0x80009d6c (0x283f2c23) sw      gp, 664(t5)
core   0: 3 0x80009d6c (0x283f2c23) mem 0x80010000 0x00000001
core   0: 0x80009d70 (0xff9ff06f) j       pc - 0x8
core   0: 3 0x80009d70 (0xff9ff06f)
core   0: 0x80009d68 (0x00006f17) auipc   t5, 0x6
core   0: 3 0x80009d68 (0x00006f17) x30 0x8000fd68
core   0: 0x80009d6c (0x283f2c23) sw      gp, 664(t5)
core   0: 3 0x80009d6c (0x283f2c23) mem 0x80010000 0x00000001
core   0: 0x80009d70 (0xff9ff06f) j       pc - 0x8
core   0: 3 0x80009d70 (0xff9ff06f)
core   0: 0x80009d68 (0x00006f17) auipc   t5, 0x6
core   0: 3 0x80009d68 (0x00006f17) x30 0x8000fd68
core   0: 0x80009d6c (0x283f2c23) sw      gp, 664(t5)
core   0: 3 0x80009d6c (0x283f2c23) mem 0x80010000 0x00000001
core   0: 0x80009d70 (0xff9ff06f) j       pc - 0x8
core   0: 3 0x80009d70 (0xff9ff06f)
core   0: 0x80009d68 (0x00006f17) auipc   t5, 0x6
core   0: 3 0x80009d68 (0x00006f17) x30 0x8000fd68
core   0: 0x80009d6c (0x283f2c23) sw      gp, 664(t5)
core   0: 3 0x80009d6c (0x283f2c23) mem 0x80010000 0x00000001
core   0: 0x80009d70 (0xff9ff06f) j       pc - 0x8
core   0: 3 0x80009d70 (0xff9ff06f)
core   0: 0x80009d68 (0x00006f17) auipc   t5, 0x6
core   0: 3 0x80009d68 (0x00006f17) x30 0x8000fd68
core   0: 0x80009d6c (0x283f2c23) sw      gp, 664(t5)
core   0: 3 0x80009d6c (0x283f2c23) mem 0x80010000 0x00000001
core   0: 0x80009d70 (0xff9ff06f) j       pc - 0x8
core   0: 3 0x80009d70 (0xff9ff06f)
core   0: 0x80009d68 (0x00006f17) auipc   t5, 0x6
core   0: 3 0x80009d68 (0x00006f17) x30 0x8000fd68
core   0: 0x80009d6c (0x283f2c23) sw      gp, 664(t5)
core   0: 3 0x80009d6c (0x283f2c23) mem 0x80010000 0x00000001
core   0: 0x80009d70 (0xff9ff06f) j       pc - 0x8
core   0: 3 0x80009d70 (0xff9ff06f)
core   0: 0x80009d68 (0x00006f17) auipc   t5, 0x6
core   0: 3 0x80009d68 (0x00006f17) x30 0x8000fd68
core   0: 0x80009d6c (0x283f2c23) sw      gp, 664(t5)
core   0: 3 0x80009d6c (0x283f2c23) mem 0x80010000 0x00000001
core   0: 0x80009d70 (0xff9ff06f) j       pc - 0x8
core   0: 3 0x80009d70 (0xff9ff06f)
core   0: 0x80009d68 (0x00006f17) auipc   t5, 0x6
core   0: 3 0x80009d68 (0x00006f17) x30 0x8000fd68
core   0: 0x80009d6c (0x283f2c23) sw      gp, 664(t5)
core   0: 3 0x80009d6c (0x283f2c23) mem 0x80010000 0x00000001
core   0: 0x80009d70 (0xff9ff06f) j       pc - 0x8
core   0: 3 0x80009d70 (0xff9ff06f)
core   0: 0x80009d68 (0x00006f17) auipc   t5, 0x6
core   0: 3 0x80009d68 (0x00006f17) x30 0x8000fd68
core   0: 0x80009d6c (0x283f2c23) sw      gp, 664(t5)
core   0: 3 0x80009d6c (0x283f2c23) mem 0x80010000 0x00000001
core   0: 0x80009d70 (0xff9ff06f) j       pc - 0x8
core   0: 3 0x80009d70 (0xff9ff06f)
core   0: 0x80009d68 (0x00006f17) auipc   t5, 0x6
core   0: 3 0x80009d68 (0x00006f17) x30 0x8000fd68
core   0: 0x80009d6c (0x283f2c23) sw      gp, 664(t5)
core   0: 3 0x80009d6c (0x283f2c23) mem 0x80010000 0x00000001
core   0: 0x80009d70 (0xff9ff06f) j       pc - 0x8
core   0: 3 0x80009d70 (0xff9ff06f)
core   0: 0x80009d68 (0x00006f17) auipc   t5, 0x6
core   0: 3 0x80009d68 (0x00006f17) x30 0x8000fd68
core   0: 0x80009d6c (0x283f2c23) sw      gp, 664(t5)
core   0: 3 0x80009d6c (0x283f2c23) mem 0x80010000 0x00000001
core   0: 0x80009d70 (0xff9ff06f) j       pc - 0x8
core   0: 3 0x80009d70 (0xff9ff06f)
core   0: 0x80009d68 (0x00006f17) auipc   t5, 0x6
core   0: 3 0x80009d68 (0x00006f17) x30 0x8000fd68
core   0: 0x80009d6c (0x283f2c23) sw      gp, 664(t5)
core   0: 3 0x80009d6c (0x283f2c23) mem 0x80010000 0x00000001
core   0: 0x80009d70 (0xff9ff06f) j       pc - 0x8
core   0: 3 0x80009d70 (0xff9ff06f)
core   0: 0x80009d68 (0x00006f17) auipc   t5, 0x6
core   0: 3 0x80009d68 (0x00006f17) x30 0x8000fd68
core   0: 0x80009d6c (0x283f2c23) sw      gp, 664(t5)
core   0: 3 0x80009d6c (0x283f2c23) mem 0x80010000 0x00000001
core   0: 0x80009d70 (0xff9ff06f) j       pc - 0x8
core   0: 3 0x80009d70 (0xff9ff06f)
core   0: 0x80009d68 (0x00006f17) auipc   t5, 0x6
core   0: 3 0x80009d68 (0x00006f17) x30 0x8000fd68
core   0: 0x80009d6c (0x283f2c23) sw      gp, 664(t5)
core   0: 3 0x80009d6c (0x283f2c23) mem 0x80010000 0x00000001
core   0: 0x80009d70 (0xff9ff06f) j       pc - 0x8
core   0: 3 0x80009d70 (0xff9ff06f)
core   0: 0x80009d68 (0x00006f17) auipc   t5, 0x6
core   0: 3 0x80009d68 (0x00006f17) x30 0x8000fd68
core   0: 0x80009d6c (0x283f2c23) sw      gp, 664(t5)
core   0: 3 0x80009d6c (0x283f2c23) mem 0x80010000 0x00000001
core   0: 0x80009d70 (0xff9ff06f) j       pc - 0x8
core   0: 3 0x80009d70 (0xff9ff06f)
core   0: 0x80009d68 (0x00006f17) auipc   t5, 0x6
core   0: 3 0x80009d68 (0x00006f17) x30 0x8000fd68
core   0: 0x80009d6c (0x283f2c23) sw      gp, 664(t5)
core   0: 3 0x80009d6c (0x283f2c23) mem 0x80010000 0x00000001
core   0: 0x80009d70 (0xff9ff06f) j       pc - 0x8
core   0: 3 0x80009d70 (0xff9ff06f)
core   0: 0x80009d68 (0x00006f17) auipc   t5, 0x6
core   0: 3 0x80009d68 (0x00006f17) x30 0x8000fd68
core   0: 0x80009d6c (0x283f2c23) sw      gp, 664(t5)
core   0: 3 0x80009d6c (0x283f2c23) mem 0x80010000 0x00000001
core   0: 0x80009d70 (0xff9ff06f) j       pc - 0x8
core   0: 3 0x80009d70 (0xff9ff06f)
core   0: 0x80009d68 (0x00006f17) auipc   t5, 0x6
core   0: 3 0x80009d68 (0x00006f17) x30 0x8000fd68
core   0: 0x80009d6c (0x283f2c23) sw      gp, 664(t5)
core   0: 3 0x80009d6c (0x283f2c23) mem 0x80010000 0x00000001
core   0: 0x80009d70 (0xff9ff06f) j       pc - 0x8
core   0: 3 0x80009d70 (0xff9ff06f)
core   0: 0x80009d68 (0x00006f17) auipc   t5, 0x6
core   0: 3 0x80009d68 (0x00006f17) x30 0x8000fd68
core   0: 0x80009d6c (0x283f2c23) sw      gp, 664(t5)
core   0: 3 0x80009d6c (0x283f2c23) mem 0x80010000 0x00000001
core   0: 0x80009d70 (0xff9ff06f) j       pc - 0x8
core   0: 3 0x80009d70 (0xff9ff06f)
core   0: 0x80009d68 (0x00006f17) auipc   t5, 0x6
core   0: 3 0x80009d68 (0x00006f17) x30 0x8000fd68
core   0: 0x80009d6c (0x283f2c23) sw      gp, 664(t5)
core   0: 3 0x80009d6c (0x283f2c23) mem 0x80010000 0x00000001
core   0: 0x80009d70 (0xff9ff06f) j       pc - 0x8
core   0: 3 0x80009d70 (0xff9ff06f)
core   0: 0x80009d68 (0x00006f17) auipc   t5, 0x6
core   0: 3 0x80009d68 (0x00006f17) x30 0x8000fd68
core   0: 0x80009d6c (0x283f2c23) sw      gp, 664(t5)
core   0: 3 0x80009d6c (0x283f2c23) mem 0x80010000 0x00000001
core   0: 0x80009d70 (0xff9ff06f) j       pc - 0x8
core   0: 3 0x80009d70 (0xff9ff06f)
core   0: 0x80009d68 (0x00006f17) auipc   t5, 0x6
core   0: 3 0x80009d68 (0x00006f17) x30 0x8000fd68
core   0: 0x80009d6c (0x283f2c23) sw      gp, 664(t5)
core   0: 3 0x80009d6c (0x283f2c23) mem 0x80010000 0x00000001
core   0: 0x80009d70 (0xff9ff06f) j       pc - 0x8
core   0: 3 0x80009d70 (0xff9ff06f)
core   0: 0x80009d68 (0x00006f17) auipc   t5, 0x6
core   0: 3 0x80009d68 (0x00006f17) x30 0x8000fd68
core   0: 0x80009d6c (0x283f2c23) sw      gp, 664(t5)
core   0: 3 0x80009d6c (0x283f2c23) mem 0x80010000 0x00000001
core   0: 0x80009d70 (0xff9ff06f) j       pc - 0x8
core   0: 3 0x80009d70 (0xff9ff06f)
core   0: 0x80009d68 (0x00006f17) auipc   t5, 0x6
core   0: 3 0x80009d68 (0x00006f17) x30 0x8000fd68
core   0: 0x80009d6c (0x283f2c23) sw      gp, 664(t5)
core   0: 3 0x80009d6c (0x283f2c23) mem 0x80010000 0x00000001
core   0: 0x80009d70 (0xff9ff06f) j       pc - 0x8
core   0: 3 0x80009d70 (0xff9ff06f)
core   0: 0x80009d68 (0x00006f17) auipc   t5, 0x6
core   0: 3 0x80009d68 (0x00006f17) x30 0x8000fd68
core   0: 0x80009d6c (0x283f2c23) sw      gp, 664(t5)
core   0: 3 0x80009d6c (0x283f2c23) mem 0x80010000 0x00000001
core   0: 0x80009d70 (0xff9ff06f) j       pc - 0x8
core   0: 3 0x80009d70 (0xff9ff06f)
core   0: 0x80009d68 (0x00006f17) auipc   t5, 0x6
core   0: 3 0x80009d68 (0x00006f17) x30 0x8000fd68
core   0: 0x80009d6c (0x283f2c23) sw      gp, 664(t5)
core   0: 3 0x80009d6c (0x283f2c23) mem 0x80010000 0x00000001
core   0: 0x80009d70 (0xff9ff06f) j       pc - 0x8
core   0: 3 0x80009d70 (0xff9ff06f)
core   0: 0x80009d68 (0x00006f17) auipc   t5, 0x6
core   0: 3 0x80009d68 (0x00006f17) x30 0x8000fd68
core   0: 0x80009d6c (0x283f2c23) sw      gp, 664(t5)
core   0: 3 0x80009d6c (0x283f2c23) mem 0x80010000 0x00000001
core   0: 0x80009d70 (0xff9ff06f) j       pc - 0x8
core   0: 3 0x80009d70 (0xff9ff06f)
core   0: 0x80009d68 (0x00006f17) auipc   t5, 0x6
core   0: 3 0x80009d68 (0x00006f17) x30 0x8000fd68
core   0: 0x80009d6c (0x283f2c23) sw      gp, 664(t5)
core   0: 3 0x80009d6c (0x283f2c23) mem 0x80010000 0x00000001
core   0: 0x80009d70 (0xff9ff06f) j       pc - 0x8
core   0: 3 0x80009d70 (0xff9ff06f)
core   0: 0x80009d68 (0x00006f17) auipc   t5, 0x6
core   0: 3 0x80009d68 (0x00006f17) x30 0x8000fd68
core   0: 0x80009d6c (0x283f2c23) sw      gp, 664(t5)
core   0: 3 0x80009d6c (0x283f2c23) mem 0x80010000 0x00000001
core   0: 0x80009d70 (0xff9ff06f) j       pc - 0x8
core   0: 3 0x80009d70 (0xff9ff06f)
core   0: 0x80009d68 (0x00006f17) auipc   t5, 0x6
core   0: 3 0x80009d68 (0x00006f17) x30 0x8000fd68
core   0: 0x80009d6c (0x283f2c23) sw      gp, 664(t5)
core   0: 3 0x80009d6c (0x283f2c23) mem 0x80010000 0x00000001
core   0: 0x80009d70 (0xff9ff06f) j       pc - 0x8
core   0: 3 0x80009d70 (0xff9ff06f)
core   0: 0x80009d68 (0x00006f17) auipc   t5, 0x6
core   0: 3 0x80009d68 (0x00006f17) x30 0x8000fd68
core   0: 0x80009d6c (0x283f2c23) sw      gp, 664(t5)
core   0: 3 0x80009d6c (0x283f2c23) mem 0x80010000 0x00000001
core   0: 0x80009d70 (0xff9ff06f) j       pc - 0x8
core   0: 3 0x80009d70 (0xff9ff06f)
core   0: 0x80009d68 (0x00006f17) auipc   t5, 0x6
core   0: 3 0x80009d68 (0x00006f17) x30 0x8000fd68
core   0: 0x80009d6c (0x283f2c23) sw      gp, 664(t5)
core   0: 3 0x80009d6c (0x283f2c23) mem 0x80010000 0x00000001
core   0: 0x80009d70 (0xff9ff06f) j       pc - 0x8
core   0: 3 0x80009d70 (0xff9ff06f)
core   0: 0x80009d68 (0x00006f17) auipc   t5, 0x6
core   0: 3 0x80009d68 (0x00006f17) x30 0x8000fd68
core   0: 0x80009d6c (0x283f2c23) sw      gp, 664(t5)
core   0: 3 0x80009d6c (0x283f2c23) mem 0x80010000 0x00000001
core   0: 0x80009d70 (0xff9ff06f) j       pc - 0x8
core   0: 3 0x80009d70 (0xff9ff06f)
core   0: 0x80009d68 (0x00006f17) auipc   t5, 0x6
core   0: 3 0x80009d68 (0x00006f17) x30 0x8000fd68
core   0: 0x80009d6c (0x283f2c23) sw      gp, 664(t5)
core   0: 3 0x80009d6c (0x283f2c23) mem 0x80010000 0x00000001
core   0: 0x80009d70 (0xff9ff06f) j       pc - 0x8
core   0: 3 0x80009d70 (0xff9ff06f)
core   0: 0x80009d68 (0x00006f17) auipc   t5, 0x6
core   0: 3 0x80009d68 (0x00006f17) x30 0x8000fd68
core   0: 0x80009d6c (0x283f2c23) sw      gp, 664(t5)
core   0: 3 0x80009d6c (0x283f2c23) mem 0x80010000 0x00000001
core   0: 0x80009d70 (0xff9ff06f) j       pc - 0x8
core   0: 3 0x80009d70 (0xff9ff06f)
core   0: 0x80009d68 (0x00006f17) auipc   t5, 0x6
core   0: 3 0x80009d68 (0x00006f17) x30 0x8000fd68
core   0: 0x80009d6c (0x283f2c23) sw      gp, 664(t5)
core   0: 3 0x80009d6c (0x283f2c23) mem 0x80010000 0x00000001
core   0: 0x80009d70 (0xff9ff06f) j       pc - 0x8
core   0: 3 0x80009d70 (0xff9ff06f)
core   0: 0x80009d68 (0x00006f17) auipc   t5, 0x6
core   0: 3 0x80009d68 (0x00006f17) x30 0x8000fd68
core   0: 0x80009d6c (0x283f2c23) sw      gp, 664(t5)
core   0: 3 0x80009d6c (0x283f2c23) mem 0x80010000 0x00000001
core   0: 0x80009d70 (0xff9ff06f) j       pc - 0x8
core   0: 3 0x80009d70 (0xff9ff06f)
core   0: 0x80009d68 (0x00006f17) auipc   t5, 0x6
core   0: 3 0x80009d68 (0x00006f17) x30 0x8000fd68
core   0: 0x80009d6c (0x283f2c23) sw      gp, 664(t5)
core   0: 3 0x80009d6c (0x283f2c23) mem 0x80010000 0x00000001
core   0: 0x80009d70 (0xff9ff06f) j       pc - 0x8
core   0: 3 0x80009d70 (0xff9ff06f)
core   0: 0x80009d68 (0x00006f17) auipc   t5, 0x6
core   0: 3 0x80009d68 (0x00006f17) x30 0x8000fd68
core   0: 0x80009d6c (0x283f2c23) sw      gp, 664(t5)
core   0: 3 0x80009d6c (0x283f2c23) mem 0x80010000 0x00000001
core   0: 0x80009d70 (0xff9ff06f) j       pc - 0x8
core   0: 3 0x80009d70 (0xff9ff06f)
core   0: 0x80009d68 (0x00006f17) auipc   t5, 0x6
core   0: 3 0x80009d68 (0x00006f17) x30 0x8000fd68
core   0: 0x80009d6c (0x283f2c23) sw      gp, 664(t5)
core   0: 3 0x80009d6c (0x283f2c23) mem 0x80010000 0x00000001
core   0: 0x80009d70 (0xff9ff06f) j       pc - 0x8
core   0: 3 0x80009d70 (0xff9ff06f)
core   0: 0x80009d68 (0x00006f17) auipc   t5, 0x6
core   0: 3 0x80009d68 (0x00006f17) x30 0x8000fd68
core   0: 0x80009d6c (0x283f2c23) sw      gp, 664(t5)
core   0: 3 0x80009d6c (0x283f2c23) mem 0x80010000 0x00000001
core   0: 0x80009d70 (0xff9ff06f) j       pc - 0x8
core   0: 3 0x80009d70 (0xff9ff06f)
core   0: 0x80009d68 (0x00006f17) auipc   t5, 0x6
core   0: 3 0x80009d68 (0x00006f17) x30 0x8000fd68
core   0: 0x80009d6c (0x283f2c23) sw      gp, 664(t5)
core   0: 3 0x80009d6c (0x283f2c23) mem 0x80010000 0x00000001
core   0: 0x80009d70 (0xff9ff06f) j       pc - 0x8
core   0: 3 0x80009d70 (0xff9ff06f)
core   0: 0x80009d68 (0x00006f17) auipc   t5, 0x6
core   0: 3 0x80009d68 (0x00006f17) x30 0x8000fd68
core   0: 0x80009d6c (0x283f2c23) sw      gp, 664(t5)
core   0: 3 0x80009d6c (0x283f2c23) mem 0x80010000 0x00000001
core   0: 0x80009d70 (0xff9ff06f) j       pc - 0x8
core   0: 3 0x80009d70 (0xff9ff06f)
core   0: 0x80009d68 (0x00006f17) auipc   t5, 0x6
core   0: 3 0x80009d68 (0x00006f17) x30 0x8000fd68
core   0: 0x80009d6c (0x283f2c23) sw      gp, 664(t5)
core   0: 3 0x80009d6c (0x283f2c23) mem 0x80010000 0x00000001
core   0: 0x80009d70 (0xff9ff06f) j       pc - 0x8
core   0: 3 0x80009d70 (0xff9ff06f)
core   0: 0x80009d68 (0x00006f17) auipc   t5, 0x6
core   0: 3 0x80009d68 (0x00006f17) x30 0x8000fd68
core   0: 0x80009d6c (0x283f2c23) sw      gp, 664(t5)
core   0: 3 0x80009d6c (0x283f2c23) mem 0x80010000 0x00000001
core   0: 0x80009d70 (0xff9ff06f) j       pc - 0x8
core   0: 3 0x80009d70 (0xff9ff06f)
core   0: 0x80009d68 (0x00006f17) auipc   t5, 0x6
core   0: 3 0x80009d68 (0x00006f17) x30 0x8000fd68
core   0: 0x80009d6c (0x283f2c23) sw      gp, 664(t5)
core   0: 3 0x80009d6c (0x283f2c23) mem 0x80010000 0x00000001
core   0: 0x80009d70 (0xff9ff06f) j       pc - 0x8
core   0: 3 0x80009d70 (0xff9ff06f)
core   0: 0x80009d68 (0x00006f17) auipc   t5, 0x6
core   0: 3 0x80009d68 (0x00006f17) x30 0x8000fd68
core   0: 0x80009d6c (0x283f2c23) sw      gp, 664(t5)
core   0: 3 0x80009d6c (0x283f2c23) mem 0x80010000 0x00000001
core   0: 0x80009d70 (0xff9ff06f) j       pc - 0x8
core   0: 3 0x80009d70 (0xff9ff06f)
core   0: 0x80009d68 (0x00006f17) auipc   t5, 0x6
core   0: 3 0x80009d68 (0x00006f17) x30 0x8000fd68
core   0: 0x80009d6c (0x283f2c23) sw      gp, 664(t5)
core   0: 3 0x80009d6c (0x283f2c23) mem 0x80010000 0x00000001
core   0: 0x80009d70 (0xff9ff06f) j       pc - 0x8
core   0: 3 0x80009d70 (0xff9ff06f)
core   0: 0x80009d68 (0x00006f17) auipc   t5, 0x6
core   0: 3 0x80009d68 (0x00006f17) x30 0x8000fd68
core   0: 0x80009d6c (0x283f2c23) sw      gp, 664(t5)
core   0: 3 0x80009d6c (0x283f2c23) mem 0x80010000 0x00000001
core   0: 0x80009d70 (0xff9ff06f) j       pc - 0x8
core   0: 3 0x80009d70 (0xff9ff06f)
core   0: 0x80009d68 (0x00006f17) auipc   t5, 0x6
core   0: 3 0x80009d68 (0x00006f17) x30 0x8000fd68
core   0: 0x80009d6c (0x283f2c23) sw      gp, 664(t5)
core   0: 3 0x80009d6c (0x283f2c23) mem 0x80010000 0x00000001
core   0: 0x80009d70 (0xff9ff06f) j       pc - 0x8
core   0: 3 0x80009d70 (0xff9ff06f)
core   0: 0x80009d68 (0x00006f17) auipc   t5, 0x6
core   0: 3 0x80009d68 (0x00006f17) x30 0x8000fd68
core   0: 0x80009d6c (0x283f2c23) sw      gp, 664(t5)
core   0: 3 0x80009d6c (0x283f2c23) mem 0x80010000 0x00000001
core   0: 0x80009d70 (0xff9ff06f) j       pc - 0x8
core   0: 3 0x80009d70 (0xff9ff06f)
core   0: 0x80009d68 (0x00006f17) auipc   t5, 0x6
core   0: 3 0x80009d68 (0x00006f17) x30 0x8000fd68
core   0: 0x80009d6c (0x283f2c23) sw      gp, 664(t5)
core   0: 3 0x80009d6c (0x283f2c23) mem 0x80010000 0x00000001
core   0: 0x80009d70 (0xff9ff06f) j       pc - 0x8
core   0: 3 0x80009d70 (0xff9ff06f)
core   0: 0x80009d68 (0x00006f17) auipc   t5, 0x6
core   0: 3 0x80009d68 (0x00006f17) x30 0x8000fd68
core   0: 0x80009d6c (0x283f2c23) sw      gp, 664(t5)
core   0: 3 0x80009d6c (0x283f2c23) mem 0x80010000 0x00000001
core   0: 0x80009d70 (0xff9ff06f) j       pc - 0x8
core   0: 3 0x80009d70 (0xff9ff06f)
core   0: 0x80009d68 (0x00006f17) auipc   t5, 0x6
core   0: 3 0x80009d68 (0x00006f17) x30 0x8000fd68
core   0: 0x80009d6c (0x283f2c23) sw      gp, 664(t5)
core   0: 3 0x80009d6c (0x283f2c23) mem 0x80010000 0x00000001
core   0: 0x80009d70 (0xff9ff06f) j       pc - 0x8
core   0: 3 0x80009d70 (0xff9ff06f)
core   0: 0x80009d68 (0x00006f17) auipc   t5, 0x6
core   0: 3 0x80009d68 (0x00006f17) x30 0x8000fd68
core   0: 0x80009d6c (0x283f2c23) sw      gp, 664(t5)
core   0: 3 0x80009d6c (0x283f2c23) mem 0x80010000 0x00000001
core   0: 0x80009d70 (0xff9ff06f) j       pc - 0x8
core   0: 3 0x80009d70 (0xff9ff06f)
core   0: 0x80009d68 (0x00006f17) auipc   t5, 0x6
core   0: 3 0x80009d68 (0x00006f17) x30 0x8000fd68
core   0: 0x80009d6c (0x283f2c23) sw      gp, 664(t5)
core   0: 3 0x80009d6c (0x283f2c23) mem 0x80010000 0x00000001
core   0: 0x80009d70 (0xff9ff06f) j       pc - 0x8
core   0: 3 0x80009d70 (0xff9ff06f)
core   0: 0x80009d68 (0x00006f17) auipc   t5, 0x6
core   0: 3 0x80009d68 (0x00006f17) x30 0x8000fd68
core   0: 0x80009d6c (0x283f2c23) sw      gp, 664(t5)
core   0: 3 0x80009d6c (0x283f2c23) mem 0x80010000 0x00000001
core   0: 0x80009d70 (0xff9ff06f) j       pc - 0x8
core   0: 3 0x80009d70 (0xff9ff06f)
core   0: 0x80009d68 (0x00006f17) auipc   t5, 0x6
core   0: 3 0x80009d68 (0x00006f17) x30 0x8000fd68
core   0: 0x80009d6c (0x283f2c23) sw      gp, 664(t5)
core   0: 3 0x80009d6c (0x283f2c23) mem 0x80010000 0x00000001
core   0: 0x80009d70 (0xff9ff06f) j       pc - 0x8
core   0: 3 0x80009d70 (0xff9ff06f)
core   0: 0x80009d68 (0x00006f17) auipc   t5, 0x6
core   0: 3 0x80009d68 (0x00006f17) x30 0x8000fd68
core   0: 0x80009d6c (0x283f2c23) sw      gp, 664(t5)
core   0: 3 0x80009d6c (0x283f2c23) mem 0x80010000 0x00000001
core   0: 0x80009d70 (0xff9ff06f) j       pc - 0x8
core   0: 3 0x80009d70 (0xff9ff06f)
core   0: 0x80009d68 (0x00006f17) auipc   t5, 0x6
core   0: 3 0x80009d68 (0x00006f17) x30 0x8000fd68
core   0: 0x80009d6c (0x283f2c23) sw      gp, 664(t5)
core   0: 3 0x80009d6c (0x283f2c23) mem 0x80010000 0x00000001
core   0: 0x80009d70 (0xff9ff06f) j       pc - 0x8
core   0: 3 0x80009d70 (0xff9ff06f)
core   0: 0x80009d68 (0x00006f17) auipc   t5, 0x6
core   0: 3 0x80009d68 (0x00006f17) x30 0x8000fd68
core   0: 0x80009d6c (0x283f2c23) sw      gp, 664(t5)
core   0: 3 0x80009d6c (0x283f2c23) mem 0x80010000 0x00000001
core   0: 0x80009d70 (0xff9ff06f) j       pc - 0x8
core   0: 3 0x80009d70 (0xff9ff06f)
core   0: 0x80009d68 (0x00006f17) auipc   t5, 0x6
core   0: 3 0x80009d68 (0x00006f17) x30 0x8000fd68
core   0: 0x80009d6c (0x283f2c23) sw      gp, 664(t5)
core   0: 3 0x80009d6c (0x283f2c23) mem 0x80010000 0x00000001
core   0: 0x80009d70 (0xff9ff06f) j       pc - 0x8
core   0: 3 0x80009d70 (0xff9ff06f)
core   0: 0x80009d68 (0x00006f17) auipc   t5, 0x6
core   0: 3 0x80009d68 (0x00006f17) x30 0x8000fd68
core   0: 0x80009d6c (0x283f2c23) sw      gp, 664(t5)
core   0: 3 0x80009d6c (0x283f2c23) mem 0x80010000 0x00000001
core   0: 0x80009d70 (0xff9ff06f) j       pc - 0x8
core   0: 3 0x80009d70 (0xff9ff06f)
core   0: 0x80009d68 (0x00006f17) auipc   t5, 0x6
core   0: 3 0x80009d68 (0x00006f17) x30 0x8000fd68
core   0: 0x80009d6c (0x283f2c23) sw      gp, 664(t5)
core   0: 3 0x80009d6c (0x283f2c23) mem 0x80010000 0x00000001
core   0: 0x80009d70 (0xff9ff06f) j       pc - 0x8
core   0: 3 0x80009d70 (0xff9ff06f)
core   0: 0x80009d68 (0x00006f17) auipc   t5, 0x6
core   0: 3 0x80009d68 (0x00006f17) x30 0x8000fd68
core   0: 0x80009d6c (0x283f2c23) sw      gp, 664(t5)
core   0: 3 0x80009d6c (0x283f2c23) mem 0x80010000 0x00000001
core   0: 0x80009d70 (0xff9ff06f) j       pc - 0x8
core   0: 3 0x80009d70 (0xff9ff06f)
core   0: 0x80009d68 (0x00006f17) auipc   t5, 0x6
core   0: 3 0x80009d68 (0x00006f17) x30 0x8000fd68
core   0: 0x80009d6c (0x283f2c23) sw      gp, 664(t5)
core   0: 3 0x80009d6c (0x283f2c23) mem 0x80010000 0x00000001
core   0: 0x80009d70 (0xff9ff06f) j       pc - 0x8
core   0: 3 0x80009d70 (0xff9ff06f)
core   0: 0x80009d68 (0x00006f17) auipc   t5, 0x6
core   0: 3 0x80009d68 (0x00006f17) x30 0x8000fd68
core   0: 0x80009d6c (0x283f2c23) sw      gp, 664(t5)
core   0: 3 0x80009d6c (0x283f2c23) mem 0x80010000 0x00000001
core   0: 0x80009d70 (0xff9ff06f) j       pc - 0x8
core   0: 3 0x80009d70 (0xff9ff06f)
core   0: 0x80009d68 (0x00006f17) auipc   t5, 0x6
core   0: 3 0x80009d68 (0x00006f17) x30 0x8000fd68
core   0: 0x80009d6c (0x283f2c23) sw      gp, 664(t5)
core   0: 3 0x80009d6c (0x283f2c23) mem 0x80010000 0x00000001
core   0: 0x80009d70 (0xff9ff06f) j       pc - 0x8
core   0: 3 0x80009d70 (0xff9ff06f)
core   0: 0x80009d68 (0x00006f17) auipc   t5, 0x6
core   0: 3 0x80009d68 (0x00006f17) x30 0x8000fd68
core   0: 0x80009d6c (0x283f2c23) sw      gp, 664(t5)
core   0: 3 0x80009d6c (0x283f2c23) mem 0x80010000 0x00000001
core   0: 0x80009d70 (0xff9ff06f) j       pc - 0x8
core   0: 3 0x80009d70 (0xff9ff06f)
core   0: 0x80009d68 (0x00006f17) auipc   t5, 0x6
core   0: 3 0x80009d68 (0x00006f17) x30 0x8000fd68
core   0: 0x80009d6c (0x283f2c23) sw      gp, 664(t5)
core   0: 3 0x80009d6c (0x283f2c23) mem 0x80010000 0x00000001
core   0: 0x80009d70 (0xff9ff06f) j       pc - 0x8
core   0: 3 0x80009d70 (0xff9ff06f)
core   0: 0x80009d68 (0x00006f17) auipc   t5, 0x6
core   0: 3 0x80009d68 (0x00006f17) x30 0x8000fd68
core   0: 0x80009d6c (0x283f2c23) sw      gp, 664(t5)
core   0: 3 0x80009d6c (0x283f2c23) mem 0x80010000 0x00000001
core   0: 0x80009d70 (0xff9ff06f) j       pc - 0x8
core   0: 3 0x80009d70 (0xff9ff06f)
core   0: 0x80009d68 (0x00006f17) auipc   t5, 0x6
core   0: 3 0x80009d68 (0x00006f17) x30 0x8000fd68
core   0: 0x80009d6c (0x283f2c23) sw      gp, 664(t5)
core   0: 3 0x80009d6c (0x283f2c23) mem 0x80010000 0x00000001
core   0: 0x80009d70 (0xff9ff06f) j       pc - 0x8
core   0: 3 0x80009d70 (0xff9ff06f)
core   0: 0x80009d68 (0x00006f17) auipc   t5, 0x6
core   0: 3 0x80009d68 (0x00006f17) x30 0x8000fd68
core   0: 0x80009d6c (0x283f2c23) sw      gp, 664(t5)
core   0: 3 0x80009d6c (0x283f2c23) mem 0x80010000 0x00000001
core   0: 0x80009d70 (0xff9ff06f) j       pc - 0x8
core   0: 3 0x80009d70 (0xff9ff06f)
core   0: 0x80009d68 (0x00006f17) auipc   t5, 0x6
core   0: 3 0x80009d68 (0x00006f17) x30 0x8000fd68
core   0: 0x80009d6c (0x283f2c23) sw      gp, 664(t5)
core   0: 3 0x80009d6c (0x283f2c23) mem 0x80010000 0x00000001
core   0: 0x80009d70 (0xff9ff06f) j       pc - 0x8
core   0: 3 0x80009d70 (0xff9ff06f)
core   0: 0x80009d68 (0x00006f17) auipc   t5, 0x6
core   0: 3 0x80009d68 (0x00006f17) x30 0x8000fd68
core   0: 0x80009d6c (0x283f2c23) sw      gp, 664(t5)
core   0: 3 0x80009d6c (0x283f2c23) mem 0x80010000 0x00000001
core   0: 0x80009d70 (0xff9ff06f) j       pc - 0x8
core   0: 3 0x80009d70 (0xff9ff06f)
core   0: 0x80009d68 (0x00006f17) auipc   t5, 0x6
core   0: 3 0x80009d68 (0x00006f17) x30 0x8000fd68
core   0: 0x80009d6c (0x283f2c23) sw      gp, 664(t5)
core   0: 3 0x80009d6c (0x283f2c23) mem 0x80010000 0x00000001
core   0: 0x80009d70 (0xff9ff06f) j       pc - 0x8
core   0: 3 0x80009d70 (0xff9ff06f)
core   0: 0x80009d68 (0x00006f17) auipc   t5, 0x6
core   0: 3 0x80009d68 (0x00006f17) x30 0x8000fd68
core   0: 0x80009d6c (0x283f2c23) sw      gp, 664(t5)
core   0: 3 0x80009d6c (0x283f2c23) mem 0x80010000 0x00000001
core   0: 0x80009d70 (0xff9ff06f) j       pc - 0x8
core   0: 3 0x80009d70 (0xff9ff06f)
core   0: 0x80009d68 (0x00006f17) auipc   t5, 0x6
core   0: 3 0x80009d68 (0x00006f17) x30 0x8000fd68
core   0: 0x80009d6c (0x283f2c23) sw      gp, 664(t5)
core   0: 3 0x80009d6c (0x283f2c23) mem 0x80010000 0x00000001
core   0: 0x80009d70 (0xff9ff06f) j       pc - 0x8
core   0: 3 0x80009d70 (0xff9ff06f)
core   0: 0x80009d68 (0x00006f17) auipc   t5, 0x6
core   0: 3 0x80009d68 (0x00006f17) x30 0x8000fd68
core   0: 0x80009d6c (0x283f2c23) sw      gp, 664(t5)
core   0: 3 0x80009d6c (0x283f2c23) mem 0x80010000 0x00000001
core   0: 0x80009d70 (0xff9ff06f) j       pc - 0x8
core   0: 3 0x80009d70 (0xff9ff06f)
core   0: 0x80009d68 (0x00006f17) auipc   t5, 0x6
core   0: 3 0x80009d68 (0x00006f17) x30 0x8000fd68
core   0: 0x80009d6c (0x283f2c23) sw      gp, 664(t5)
core   0: 3 0x80009d6c (0x283f2c23) mem 0x80010000 0x00000001
core   0: 0x80009d70 (0xff9ff06f) j       pc - 0x8
core   0: 3 0x80009d70 (0xff9ff06f)
core   0: 0x80009d68 (0x00006f17) auipc   t5, 0x6
core   0: 3 0x80009d68 (0x00006f17) x30 0x8000fd68
core   0: 0x80009d6c (0x283f2c23) sw      gp, 664(t5)
core   0: 3 0x80009d6c (0x283f2c23) mem 0x80010000 0x00000001
core   0: 0x80009d70 (0xff9ff06f) j       pc - 0x8
core   0: 3 0x80009d70 (0xff9ff06f)
core   0: 0x80009d68 (0x00006f17) auipc   t5, 0x6
core   0: 3 0x80009d68 (0x00006f17) x30 0x8000fd68
core   0: 0x80009d6c (0x283f2c23) sw      gp, 664(t5)
core   0: 3 0x80009d6c (0x283f2c23) mem 0x80010000 0x00000001
core   0: 0x80009d70 (0xff9ff06f) j       pc - 0x8
core   0: 3 0x80009d70 (0xff9ff06f)
core   0: 0x80009d68 (0x00006f17) auipc   t5, 0x6
core   0: 3 0x80009d68 (0x00006f17) x30 0x8000fd68
core   0: 0x80009d6c (0x283f2c23) sw      gp, 664(t5)
core   0: 3 0x80009d6c (0x283f2c23) mem 0x80010000 0x00000001
core   0: 0x80009d70 (0xff9ff06f) j       pc - 0x8
core   0: 3 0x80009d70 (0xff9ff06f)
core   0: 0x80009d68 (0x00006f17) auipc   t5, 0x6
core   0: 3 0x80009d68 (0x00006f17) x30 0x8000fd68
core   0: 0x80009d6c (0x283f2c23) sw      gp, 664(t5)
core   0: 3 0x80009d6c (0x283f2c23) mem 0x80010000 0x00000001
core   0: 0x80009d70 (0xff9ff06f) j       pc - 0x8
core   0: 3 0x80009d70 (0xff9ff06f)
core   0: 0x80009d68 (0x00006f17) auipc   t5, 0x6
core   0: 3 0x80009d68 (0x00006f17) x30 0x8000fd68
core   0: 0x80009d6c (0x283f2c23) sw      gp, 664(t5)
core   0: 3 0x80009d6c (0x283f2c23) mem 0x80010000 0x00000001
core   0: 0x80009d70 (0xff9ff06f) j       pc - 0x8
core   0: 3 0x80009d70 (0xff9ff06f)
core   0: 0x80009d68 (0x00006f17) auipc   t5, 0x6
core   0: 3 0x80009d68 (0x00006f17) x30 0x8000fd68
core   0: 0x80009d6c (0x283f2c23) sw      gp, 664(t5)
core   0: 3 0x80009d6c (0x283f2c23) mem 0x80010000 0x00000001
core   0: 0x80009d70 (0xff9ff06f) j       pc - 0x8
core   0: 3 0x80009d70 (0xff9ff06f)
core   0: 0x80009d68 (0x00006f17) auipc   t5, 0x6
core   0: 3 0x80009d68 (0x00006f17) x30 0x8000fd68
core   0: 0x80009d6c (0x283f2c23) sw      gp, 664(t5)
core   0: 3 0x80009d6c (0x283f2c23) mem 0x80010000 0x00000001
core   0: 0x80009d70 (0xff9ff06f) j       pc - 0x8
core   0: 3 0x80009d70 (0xff9ff06f)
core   0: 0x80009d68 (0x00006f17) auipc   t5, 0x6
core   0: 3 0x80009d68 (0x00006f17) x30 0x8000fd68
core   0: 0x80009d6c (0x283f2c23) sw      gp, 664(t5)
core   0: 3 0x80009d6c (0x283f2c23) mem 0x80010000 0x00000001
core   0: 0x80009d70 (0xff9ff06f) j       pc - 0x8
core   0: 3 0x80009d70 (0xff9ff06f)
core   0: 0x80009d68 (0x00006f17) auipc   t5, 0x6
core   0: 3 0x80009d68 (0x00006f17) x30 0x8000fd68
core   0: 0x80009d6c (0x283f2c23) sw      gp, 664(t5)
core   0: 3 0x80009d6c (0x283f2c23) mem 0x80010000 0x00000001
core   0: 0x80009d70 (0xff9ff06f) j       pc - 0x8
core   0: 3 0x80009d70 (0xff9ff06f)
core   0: 0x80009d68 (0x00006f17) auipc   t5, 0x6
core   0: 3 0x80009d68 (0x00006f17) x30 0x8000fd68
core   0: 0x80009d6c (0x283f2c23) sw      gp, 664(t5)
core   0: 3 0x80009d6c (0x283f2c23) mem 0x80010000 0x00000001
core   0: 0x80009d70 (0xff9ff06f) j       pc - 0x8
core   0: 3 0x80009d70 (0xff9ff06f)
core   0: 0x80009d68 (0x00006f17) auipc   t5, 0x6
core   0: 3 0x80009d68 (0x00006f17) x30 0x8000fd68
core   0: 0x80009d6c (0x283f2c23) sw      gp, 664(t5)
core   0: 3 0x80009d6c (0x283f2c23) mem 0x80010000 0x00000001
core   0: 0x80009d70 (0xff9ff06f) j       pc - 0x8
core   0: 3 0x80009d70 (0xff9ff06f)
core   0: 0x80009d68 (0x00006f17) auipc   t5, 0x6
core   0: 3 0x80009d68 (0x00006f17) x30 0x8000fd68
core   0: 0x80009d6c (0x283f2c23) sw      gp, 664(t5)
core   0: 3 0x80009d6c (0x283f2c23) mem 0x80010000 0x00000001
core   0: 0x80009d70 (0xff9ff06f) j       pc - 0x8
core   0: 3 0x80009d70 (0xff9ff06f)
core   0: 0x80009d68 (0x00006f17) auipc   t5, 0x6
core   0: 3 0x80009d68 (0x00006f17) x30 0x8000fd68
core   0: 0x80009d6c (0x283f2c23) sw      gp, 664(t5)
core   0: 3 0x80009d6c (0x283f2c23) mem 0x80010000 0x00000001
core   0: 0x80009d70 (0xff9ff06f) j       pc - 0x8
core   0: 3 0x80009d70 (0xff9ff06f)
core   0: 0x80009d68 (0x00006f17) auipc   t5, 0x6
core   0: 3 0x80009d68 (0x00006f17) x30 0x8000fd68
core   0: 0x80009d6c (0x283f2c23) sw      gp, 664(t5)
core   0: 3 0x80009d6c (0x283f2c23) mem 0x80010000 0x00000001
core   0: 0x80009d70 (0xff9ff06f) j       pc - 0x8
core   0: 3 0x80009d70 (0xff9ff06f)
core   0: 0x80009d68 (0x00006f17) auipc   t5, 0x6
core   0: 3 0x80009d68 (0x00006f17) x30 0x8000fd68
core   0: 0x80009d6c (0x283f2c23) sw      gp, 664(t5)
core   0: 3 0x80009d6c (0x283f2c23) mem 0x80010000 0x00000001
core   0: 0x80009d70 (0xff9ff06f) j       pc - 0x8
core   0: 3 0x80009d70 (0xff9ff06f)
core   0: 0x80009d68 (0x00006f17) auipc   t5, 0x6
core   0: 3 0x80009d68 (0x00006f17) x30 0x8000fd68
core   0: 0x80009d6c (0x283f2c23) sw      gp, 664(t5)
core   0: 3 0x80009d6c (0x283f2c23) mem 0x80010000 0x00000001
core   0: 0x80009d70 (0xff9ff06f) j       pc - 0x8
core   0: 3 0x80009d70 (0xff9ff06f)
core   0: 0x80009d68 (0x00006f17) auipc   t5, 0x6
core   0: 3 0x80009d68 (0x00006f17) x30 0x8000fd68
core   0: 0x80009d6c (0x283f2c23) sw      gp, 664(t5)
core   0: 3 0x80009d6c (0x283f2c23) mem 0x80010000 0x00000001
core   0: 0x80009d70 (0xff9ff06f) j       pc - 0x8
core   0: 3 0x80009d70 (0xff9ff06f)
core   0: 0x80009d68 (0x00006f17) auipc   t5, 0x6
core   0: 3 0x80009d68 (0x00006f17) x30 0x8000fd68
core   0: 0x80009d6c (0x283f2c23) sw      gp, 664(t5)
core   0: 3 0x80009d6c (0x283f2c23) mem 0x80010000 0x00000001
core   0: 0x80009d70 (0xff9ff06f) j       pc - 0x8
core   0: 3 0x80009d70 (0xff9ff06f)
core   0: 0x80009d68 (0x00006f17) auipc   t5, 0x6
core   0: 3 0x80009d68 (0x00006f17) x30 0x8000fd68
core   0: 0x80009d6c (0x283f2c23) sw      gp, 664(t5)
core   0: 3 0x80009d6c (0x283f2c23) mem 0x80010000 0x00000001
core   0: 0x80009d70 (0xff9ff06f) j       pc - 0x8
core   0: 3 0x80009d70 (0xff9ff06f)
core   0: 0x80009d68 (0x00006f17) auipc   t5, 0x6
core   0: 3 0x80009d68 (0x00006f17) x30 0x8000fd68
core   0: 0x80009d6c (0x283f2c23) sw      gp, 664(t5)
core   0: 3 0x80009d6c (0x283f2c23) mem 0x80010000 0x00000001
core   0: 0x80009d70 (0xff9ff06f) j       pc - 0x8
core   0: 3 0x80009d70 (0xff9ff06f)
core   0: 0x80009d68 (0x00006f17) auipc   t5, 0x6
core   0: 3 0x80009d68 (0x00006f17) x30 0x8000fd68
core   0: 0x80009d6c (0x283f2c23) sw      gp, 664(t5)
core   0: 3 0x80009d6c (0x283f2c23) mem 0x80010000 0x00000001
core   0: 0x80009d70 (0xff9ff06f) j       pc - 0x8
core   0: 3 0x80009d70 (0xff9ff06f)
core   0: 0x80009d68 (0x00006f17) auipc   t5, 0x6
core   0: 3 0x80009d68 (0x00006f17) x30 0x8000fd68
core   0: 0x80009d6c (0x283f2c23) sw      gp, 664(t5)
core   0: 3 0x80009d6c (0x283f2c23) mem 0x80010000 0x00000001
core   0: 0x80009d70 (0xff9ff06f) j       pc - 0x8
core   0: 3 0x80009d70 (0xff9ff06f)
core   0: 0x80009d68 (0x00006f17) auipc   t5, 0x6
core   0: 3 0x80009d68 (0x00006f17) x30 0x8000fd68
core   0: 0x80009d6c (0x283f2c23) sw      gp, 664(t5)
core   0: 3 0x80009d6c (0x283f2c23) mem 0x80010000 0x00000001
core   0: 0x80009d70 (0xff9ff06f) j       pc - 0x8
core   0: 3 0x80009d70 (0xff9ff06f)
core   0: 0x80009d68 (0x00006f17) auipc   t5, 0x6
core   0: 3 0x80009d68 (0x00006f17) x30 0x8000fd68
core   0: 0x80009d6c (0x283f2c23) sw      gp, 664(t5)
core   0: 3 0x80009d6c (0x283f2c23) mem 0x80010000 0x00000001
core   0: 0x80009d70 (0xff9ff06f) j       pc - 0x8
core   0: 3 0x80009d70 (0xff9ff06f)
core   0: 0x80009d68 (0x00006f17) auipc   t5, 0x6
core   0: 3 0x80009d68 (0x00006f17) x30 0x8000fd68
core   0: 0x80009d6c (0x283f2c23) sw      gp, 664(t5)
core   0: 3 0x80009d6c (0x283f2c23) mem 0x80010000 0x00000001
core   0: 0x80009d70 (0xff9ff06f) j       pc - 0x8
core   0: 3 0x80009d70 (0xff9ff06f)
core   0: 0x80009d68 (0x00006f17) auipc   t5, 0x6
core   0: 3 0x80009d68 (0x00006f17) x30 0x8000fd68
core   0: 0x80009d6c (0x283f2c23) sw      gp, 664(t5)
core   0: 3 0x80009d6c (0x283f2c23) mem 0x80010000 0x00000001
core   0: 0x80009d70 (0xff9ff06f) j       pc - 0x8
core   0: 3 0x80009d70 (0xff9ff06f)
core   0: 0x80009d68 (0x00006f17) auipc   t5, 0x6
core   0: 3 0x80009d68 (0x00006f17) x30 0x8000fd68
core   0: 0x80009d6c (0x283f2c23) sw      gp, 664(t5)
core   0: 3 0x80009d6c (0x283f2c23) mem 0x80010000 0x00000001
core   0: 0x80009d70 (0xff9ff06f) j       pc - 0x8
core   0: 3 0x80009d70 (0xff9ff06f)
core   0: 0x80009d68 (0x00006f17) auipc   t5, 0x6
core   0: 3 0x80009d68 (0x00006f17) x30 0x8000fd68
core   0: 0x80009d6c (0x283f2c23) sw      gp, 664(t5)
core   0: 3 0x80009d6c (0x283f2c23) mem 0x80010000 0x00000001
core   0: 0x80009d70 (0xff9ff06f) j       pc - 0x8
core   0: 3 0x80009d70 (0xff9ff06f)
core   0: 0x80009d68 (0x00006f17) auipc   t5, 0x6
core   0: 3 0x80009d68 (0x00006f17) x30 0x8000fd68
core   0: 0x80009d6c (0x283f2c23) sw      gp, 664(t5)
core   0: 3 0x80009d6c (0x283f2c23) mem 0x80010000 0x00000001
core   0: 0x80009d70 (0xff9ff06f) j       pc - 0x8
core   0: 3 0x80009d70 (0xff9ff06f)
core   0: 0x80009d68 (0x00006f17) auipc   t5, 0x6
core   0: 3 0x80009d68 (0x00006f17) x30 0x8000fd68
core   0: 0x80009d6c (0x283f2c23) sw      gp, 664(t5)
core   0: 3 0x80009d6c (0x283f2c23) mem 0x80010000 0x00000001
core   0: 0x80009d70 (0xff9ff06f) j       pc - 0x8
core   0: 3 0x80009d70 (0xff9ff06f)
core   0: 0x80009d68 (0x00006f17) auipc   t5, 0x6
core   0: 3 0x80009d68 (0x00006f17) x30 0x8000fd68
core   0: 0x80009d6c (0x283f2c23) sw      gp, 664(t5)
core   0: 3 0x80009d6c (0x283f2c23) mem 0x80010000 0x00000001
core   0: 0x80009d70 (0xff9ff06f) j       pc - 0x8
core   0: 3 0x80009d70 (0xff9ff06f)
core   0: 0x80009d68 (0x00006f17) auipc   t5, 0x6
core   0: 3 0x80009d68 (0x00006f17) x30 0x8000fd68
core   0: 0x80009d6c (0x283f2c23) sw      gp, 664(t5)
core   0: 3 0x80009d6c (0x283f2c23) mem 0x80010000 0x00000001
core   0: 0x80009d70 (0xff9ff06f) j       pc - 0x8
core   0: 3 0x80009d70 (0xff9ff06f)
core   0: 0x80009d68 (0x00006f17) auipc   t5, 0x6
core   0: 3 0x80009d68 (0x00006f17) x30 0x8000fd68
core   0: 0x80009d6c (0x283f2c23) sw      gp, 664(t5)
core   0: 3 0x80009d6c (0x283f2c23) mem 0x80010000 0x00000001
core   0: 0x80009d70 (0xff9ff06f) j       pc - 0x8
core   0: 3 0x80009d70 (0xff9ff06f)
core   0: 0x80009d68 (0x00006f17) auipc   t5, 0x6
core   0: 3 0x80009d68 (0x00006f17) x30 0x8000fd68
core   0: 0x80009d6c (0x283f2c23) sw      gp, 664(t5)
core   0: 3 0x80009d6c (0x283f2c23) mem 0x80010000 0x00000001
core   0: 0x80009d70 (0xff9ff06f) j       pc - 0x8
core   0: 3 0x80009d70 (0xff9ff06f)
core   0: 0x80009d68 (0x00006f17) auipc   t5, 0x6
core   0: 3 0x80009d68 (0x00006f17) x30 0x8000fd68
core   0: 0x80009d6c (0x283f2c23) sw      gp, 664(t5)
core   0: 3 0x80009d6c (0x283f2c23) mem 0x80010000 0x00000001
core   0: 0x80009d70 (0xff9ff06f) j       pc - 0x8
core   0: 3 0x80009d70 (0xff9ff06f)
core   0: 0x80009d68 (0x00006f17) auipc   t5, 0x6
core   0: 3 0x80009d68 (0x00006f17) x30 0x8000fd68
core   0: 0x80009d6c (0x283f2c23) sw      gp, 664(t5)
core   0: 3 0x80009d6c (0x283f2c23) mem 0x80010000 0x00000001
core   0: 0x80009d70 (0xff9ff06f) j       pc - 0x8
core   0: 3 0x80009d70 (0xff9ff06f)
core   0: 0x80009d68 (0x00006f17) auipc   t5, 0x6
core   0: 3 0x80009d68 (0x00006f17) x30 0x8000fd68
core   0: 0x80009d6c (0x283f2c23) sw      gp, 664(t5)
core   0: 3 0x80009d6c (0x283f2c23) mem 0x80010000 0x00000001
core   0: 0x80009d70 (0xff9ff06f) j       pc - 0x8
core   0: 3 0x80009d70 (0xff9ff06f)
core   0: 0x80009d68 (0x00006f17) auipc   t5, 0x6
core   0: 3 0x80009d68 (0x00006f17) x30 0x8000fd68
core   0: 0x80009d6c (0x283f2c23) sw      gp, 664(t5)
core   0: 3 0x80009d6c (0x283f2c23) mem 0x80010000 0x00000001
core   0: 0x80009d70 (0xff9ff06f) j       pc - 0x8
core   0: 3 0x80009d70 (0xff9ff06f)
core   0: 0x80009d68 (0x00006f17) auipc   t5, 0x6
core   0: 3 0x80009d68 (0x00006f17) x30 0x8000fd68
core   0: 0x80009d6c (0x283f2c23) sw      gp, 664(t5)
core   0: 3 0x80009d6c (0x283f2c23) mem 0x80010000 0x00000001
core   0: 0x80009d70 (0xff9ff06f) j       pc - 0x8
core   0: 3 0x80009d70 (0xff9ff06f)
core   0: 0x80009d68 (0x00006f17) auipc   t5, 0x6
core   0: 3 0x80009d68 (0x00006f17) x30 0x8000fd68
core   0: 0x80009d6c (0x283f2c23) sw      gp, 664(t5)
core   0: 3 0x80009d6c (0x283f2c23) mem 0x80010000 0x00000001
core   0: 0x80009d70 (0xff9ff06f) j       pc - 0x8
core   0: 3 0x80009d70 (0xff9ff06f)
core   0: 0x80009d68 (0x00006f17) auipc   t5, 0x6
core   0: 3 0x80009d68 (0x00006f17) x30 0x8000fd68
core   0: 0x80009d6c (0x283f2c23) sw      gp, 664(t5)
core   0: 3 0x80009d6c (0x283f2c23) mem 0x80010000 0x00000001
core   0: 0x80009d70 (0xff9ff06f) j       pc - 0x8
core   0: 3 0x80009d70 (0xff9ff06f)
core   0: 0x80009d68 (0x00006f17) auipc   t5, 0x6
core   0: 3 0x80009d68 (0x00006f17) x30 0x8000fd68
core   0: 0x80009d6c (0x283f2c23) sw      gp, 664(t5)
core   0: 3 0x80009d6c (0x283f2c23) mem 0x80010000 0x00000001
core   0: 0x80009d70 (0xff9ff06f) j       pc - 0x8
core   0: 3 0x80009d70 (0xff9ff06f)
core   0: 0x80009d68 (0x00006f17) auipc   t5, 0x6
core   0: 3 0x80009d68 (0x00006f17) x30 0x8000fd68
core   0: 0x80009d6c (0x283f2c23) sw      gp, 664(t5)
core   0: 3 0x80009d6c (0x283f2c23) mem 0x80010000 0x00000001
core   0: 0x80009d70 (0xff9ff06f) j       pc - 0x8
core   0: 3 0x80009d70 (0xff9ff06f)
core   0: 0x80009d68 (0x00006f17) auipc   t5, 0x6
core   0: 3 0x80009d68 (0x00006f17) x30 0x8000fd68
core   0: 0x80009d6c (0x283f2c23) sw      gp, 664(t5)
core   0: 3 0x80009d6c (0x283f2c23) mem 0x80010000 0x00000001
core   0: 0x80009d70 (0xff9ff06f) j       pc - 0x8
core   0: 3 0x80009d70 (0xff9ff06f)
core   0: 0x80009d68 (0x00006f17) auipc   t5, 0x6
core   0: 3 0x80009d68 (0x00006f17) x30 0x8000fd68
core   0: 0x80009d6c (0x283f2c23) sw      gp, 664(t5)
core   0: 3 0x80009d6c (0x283f2c23) mem 0x80010000 0x00000001
core   0: 0x80009d70 (0xff9ff06f) j       pc - 0x8
core   0: 3 0x80009d70 (0xff9ff06f)
core   0: 0x80009d68 (0x00006f17) auipc   t5, 0x6
core   0: 3 0x80009d68 (0x00006f17) x30 0x8000fd68
core   0: 0x80009d6c (0x283f2c23) sw      gp, 664(t5)
core   0: 3 0x80009d6c (0x283f2c23) mem 0x80010000 0x00000001
core   0: 0x80009d70 (0xff9ff06f) j       pc - 0x8
core   0: 3 0x80009d70 (0xff9ff06f)
core   0: 0x80009d68 (0x00006f17) auipc   t5, 0x6
core   0: 3 0x80009d68 (0x00006f17) x30 0x8000fd68
core   0: 0x80009d6c (0x283f2c23) sw      gp, 664(t5)
core   0: 3 0x80009d6c (0x283f2c23) mem 0x80010000 0x00000001
core   0: 0x80009d70 (0xff9ff06f) j       pc - 0x8
core   0: 3 0x80009d70 (0xff9ff06f)
core   0: 0x80009d68 (0x00006f17) auipc   t5, 0x6
core   0: 3 0x80009d68 (0x00006f17) x30 0x8000fd68
core   0: 0x80009d6c (0x283f2c23) sw      gp, 664(t5)
core   0: 3 0x80009d6c (0x283f2c23) mem 0x80010000 0x00000001
core   0: 0x80009d70 (0xff9ff06f) j       pc - 0x8
core   0: 3 0x80009d70 (0xff9ff06f)
core   0: 0x80009d68 (0x00006f17) auipc   t5, 0x6
core   0: 3 0x80009d68 (0x00006f17) x30 0x8000fd68
core   0: 0x80009d6c (0x283f2c23) sw      gp, 664(t5)
core   0: 3 0x80009d6c (0x283f2c23) mem 0x80010000 0x00000001
core   0: 0x80009d70 (0xff9ff06f) j       pc - 0x8
core   0: 3 0x80009d70 (0xff9ff06f)
core   0: 0x80009d68 (0x00006f17) auipc   t5, 0x6
core   0: 3 0x80009d68 (0x00006f17) x30 0x8000fd68
core   0: 0x80009d6c (0x283f2c23) sw      gp, 664(t5)
core   0: 3 0x80009d6c (0x283f2c23) mem 0x80010000 0x00000001
core   0: 0x80009d70 (0xff9ff06f) j       pc - 0x8
core   0: 3 0x80009d70 (0xff9ff06f)
core   0: 0x80009d68 (0x00006f17) auipc   t5, 0x6
core   0: 3 0x80009d68 (0x00006f17) x30 0x8000fd68
core   0: 0x80009d6c (0x283f2c23) sw      gp, 664(t5)
core   0: 3 0x80009d6c (0x283f2c23) mem 0x80010000 0x00000001
core   0: 0x80009d70 (0xff9ff06f) j       pc - 0x8
core   0: 3 0x80009d70 (0xff9ff06f)
core   0: 0x80009d68 (0x00006f17) auipc   t5, 0x6
core   0: 3 0x80009d68 (0x00006f17) x30 0x8000fd68
core   0: 0x80009d6c (0x283f2c23) sw      gp, 664(t5)
core   0: 3 0x80009d6c (0x283f2c23) mem 0x80010000 0x00000001
core   0: 0x80009d70 (0xff9ff06f) j       pc - 0x8
core   0: 3 0x80009d70 (0xff9ff06f)
core   0: 0x80009d68 (0x00006f17) auipc   t5, 0x6
core   0: 3 0x80009d68 (0x00006f17) x30 0x8000fd68
core   0: 0x80009d6c (0x283f2c23) sw      gp, 664(t5)
core   0: 3 0x80009d6c (0x283f2c23) mem 0x80010000 0x00000001
core   0: 0x80009d70 (0xff9ff06f) j       pc - 0x8
core   0: 3 0x80009d70 (0xff9ff06f)
core   0: 0x80009d68 (0x00006f17) auipc   t5, 0x6
core   0: 3 0x80009d68 (0x00006f17) x30 0x8000fd68
core   0: 0x80009d6c (0x283f2c23) sw      gp, 664(t5)
core   0: 3 0x80009d6c (0x283f2c23) mem 0x80010000 0x00000001
core   0: 0x80009d70 (0xff9ff06f) j       pc - 0x8
core   0: 3 0x80009d70 (0xff9ff06f)
core   0: 0x80009d68 (0x00006f17) auipc   t5, 0x6
core   0: 3 0x80009d68 (0x00006f17) x30 0x8000fd68
core   0: 0x80009d6c (0x283f2c23) sw      gp, 664(t5)
core   0: 3 0x80009d6c (0x283f2c23) mem 0x80010000 0x00000001
core   0: 0x80009d70 (0xff9ff06f) j       pc - 0x8
core   0: 3 0x80009d70 (0xff9ff06f)
core   0: 0x80009d68 (0x00006f17) auipc   t5, 0x6
core   0: 3 0x80009d68 (0x00006f17) x30 0x8000fd68
core   0: 0x80009d6c (0x283f2c23) sw      gp, 664(t5)
core   0: 3 0x80009d6c (0x283f2c23) mem 0x80010000 0x00000001
core   0: 0x80009d70 (0xff9ff06f) j       pc - 0x8
core   0: 3 0x80009d70 (0xff9ff06f)
core   0: 0x80009d68 (0x00006f17) auipc   t5, 0x6
core   0: 3 0x80009d68 (0x00006f17) x30 0x8000fd68
core   0: 0x80009d6c (0x283f2c23) sw      gp, 664(t5)
core   0: 3 0x80009d6c (0x283f2c23) mem 0x80010000 0x00000001
core   0: 0x80009d70 (0xff9ff06f) j       pc - 0x8
core   0: 3 0x80009d70 (0xff9ff06f)
core   0: 0x80009d68 (0x00006f17) auipc   t5, 0x6
core   0: 3 0x80009d68 (0x00006f17) x30 0x8000fd68
core   0: 0x80009d6c (0x283f2c23) sw      gp, 664(t5)
core   0: 3 0x80009d6c (0x283f2c23) mem 0x80010000 0x00000001
core   0: 0x80009d70 (0xff9ff06f) j       pc - 0x8
core   0: 3 0x80009d70 (0xff9ff06f)
core   0: 0x80009d68 (0x00006f17) auipc   t5, 0x6
core   0: 3 0x80009d68 (0x00006f17) x30 0x8000fd68
core   0: 0x80009d6c (0x283f2c23) sw      gp, 664(t5)
core   0: 3 0x80009d6c (0x283f2c23) mem 0x80010000 0x00000001
core   0: 0x80009d70 (0xff9ff06f) j       pc - 0x8
core   0: 3 0x80009d70 (0xff9ff06f)
core   0: 0x80009d68 (0x00006f17) auipc   t5, 0x6
core   0: 3 0x80009d68 (0x00006f17) x30 0x8000fd68
core   0: 0x80009d6c (0x283f2c23) sw      gp, 664(t5)
core   0: 3 0x80009d6c (0x283f2c23) mem 0x80010000 0x00000001
core   0: 0x80009d70 (0xff9ff06f) j       pc - 0x8
core   0: 3 0x80009d70 (0xff9ff06f)
core   0: 0x80009d68 (0x00006f17) auipc   t5, 0x6
core   0: 3 0x80009d68 (0x00006f17) x30 0x8000fd68
core   0: 0x80009d6c (0x283f2c23) sw      gp, 664(t5)
core   0: 3 0x80009d6c (0x283f2c23) mem 0x80010000 0x00000001
core   0: 0x80009d70 (0xff9ff06f) j       pc - 0x8
core   0: 3 0x80009d70 (0xff9ff06f)
core   0: 0x80009d68 (0x00006f17) auipc   t5, 0x6
core   0: 3 0x80009d68 (0x00006f17) x30 0x8000fd68
core   0: 0x80009d6c (0x283f2c23) sw      gp, 664(t5)
core   0: 3 0x80009d6c (0x283f2c23) mem 0x80010000 0x00000001
core   0: 0x80009d70 (0xff9ff06f) j       pc - 0x8
core   0: 3 0x80009d70 (0xff9ff06f)
core   0: 0x80009d68 (0x00006f17) auipc   t5, 0x6
core   0: 3 0x80009d68 (0x00006f17) x30 0x8000fd68
core   0: 0x80009d6c (0x283f2c23) sw      gp, 664(t5)
core   0: 3 0x80009d6c (0x283f2c23) mem 0x80010000 0x00000001
core   0: 0x80009d70 (0xff9ff06f) j       pc - 0x8
core   0: 3 0x80009d70 (0xff9ff06f)
core   0: 0x80009d68 (0x00006f17) auipc   t5, 0x6
core   0: 3 0x80009d68 (0x00006f17) x30 0x8000fd68
core   0: 0x80009d6c (0x283f2c23) sw      gp, 664(t5)
core   0: 3 0x80009d6c (0x283f2c23) mem 0x80010000 0x00000001
core   0: 0x80009d70 (0xff9ff06f) j       pc - 0x8
core   0: 3 0x80009d70 (0xff9ff06f)
core   0: 0x80009d68 (0x00006f17) auipc   t5, 0x6
core   0: 3 0x80009d68 (0x00006f17) x30 0x8000fd68
core   0: 0x80009d6c (0x283f2c23) sw      gp, 664(t5)
core   0: 3 0x80009d6c (0x283f2c23) mem 0x80010000 0x00000001
core   0: 0x80009d70 (0xff9ff06f) j       pc - 0x8
core   0: 3 0x80009d70 (0xff9ff06f)
core   0: 0x80009d68 (0x00006f17) auipc   t5, 0x6
core   0: 3 0x80009d68 (0x00006f17) x30 0x8000fd68
core   0: 0x80009d6c (0x283f2c23) sw      gp, 664(t5)
core   0: 3 0x80009d6c (0x283f2c23) mem 0x80010000 0x00000001
core   0: 0x80009d70 (0xff9ff06f) j       pc - 0x8
core   0: 3 0x80009d70 (0xff9ff06f)
core   0: 0x80009d68 (0x00006f17) auipc   t5, 0x6
core   0: 3 0x80009d68 (0x00006f17) x30 0x8000fd68
core   0: 0x80009d6c (0x283f2c23) sw      gp, 664(t5)
core   0: 3 0x80009d6c (0x283f2c23) mem 0x80010000 0x00000001
core   0: 0x80009d70 (0xff9ff06f) j       pc - 0x8
core   0: 3 0x80009d70 (0xff9ff06f)
core   0: 0x80009d68 (0x00006f17) auipc   t5, 0x6
core   0: 3 0x80009d68 (0x00006f17) x30 0x8000fd68
core   0: 0x80009d6c (0x283f2c23) sw      gp, 664(t5)
core   0: 3 0x80009d6c (0x283f2c23) mem 0x80010000 0x00000001
core   0: 0x80009d70 (0xff9ff06f) j       pc - 0x8
core   0: 3 0x80009d70 (0xff9ff06f)
core   0: 0x80009d68 (0x00006f17) auipc   t5, 0x6
core   0: 3 0x80009d68 (0x00006f17) x30 0x8000fd68
core   0: 0x80009d6c (0x283f2c23) sw      gp, 664(t5)
core   0: 3 0x80009d6c (0x283f2c23) mem 0x80010000 0x00000001
core   0: 0x80009d70 (0xff9ff06f) j       pc - 0x8
core   0: 3 0x80009d70 (0xff9ff06f)
core   0: 0x80009d68 (0x00006f17) auipc   t5, 0x6
core   0: 3 0x80009d68 (0x00006f17) x30 0x8000fd68
core   0: 0x80009d6c (0x283f2c23) sw      gp, 664(t5)
core   0: 3 0x80009d6c (0x283f2c23) mem 0x80010000 0x00000001
core   0: 0x80009d70 (0xff9ff06f) j       pc - 0x8
core   0: 3 0x80009d70 (0xff9ff06f)
core   0: 0x80009d68 (0x00006f17) auipc   t5, 0x6
core   0: 3 0x80009d68 (0x00006f17) x30 0x8000fd68
core   0: 0x80009d6c (0x283f2c23) sw      gp, 664(t5)
core   0: 3 0x80009d6c (0x283f2c23) mem 0x80010000 0x00000001
core   0: 0x80009d70 (0xff9ff06f) j       pc - 0x8
core   0: 3 0x80009d70 (0xff9ff06f)
core   0: 0x80009d68 (0x00006f17) auipc   t5, 0x6
core   0: 3 0x80009d68 (0x00006f17) x30 0x8000fd68
core   0: 0x80009d6c (0x283f2c23) sw      gp, 664(t5)
core   0: 3 0x80009d6c (0x283f2c23) mem 0x80010000 0x00000001
core   0: 0x80009d70 (0xff9ff06f) j       pc - 0x8
core   0: 3 0x80009d70 (0xff9ff06f)
core   0: 0x80009d68 (0x00006f17) auipc   t5, 0x6
core   0: 3 0x80009d68 (0x00006f17) x30 0x8000fd68
core   0: 0x80009d6c (0x283f2c23) sw      gp, 664(t5)
core   0: 3 0x80009d6c (0x283f2c23) mem 0x80010000 0x00000001
core   0: 0x80009d70 (0xff9ff06f) j       pc - 0x8
core   0: 3 0x80009d70 (0xff9ff06f)
core   0: 0x80009d68 (0x00006f17) auipc   t5, 0x6
core   0: 3 0x80009d68 (0x00006f17) x30 0x8000fd68
core   0: 0x80009d6c (0x283f2c23) sw      gp, 664(t5)
core   0: 3 0x80009d6c (0x283f2c23) mem 0x80010000 0x00000001
core   0: 0x80009d70 (0xff9ff06f) j       pc - 0x8
core   0: 3 0x80009d70 (0xff9ff06f)
core   0: 0x80009d68 (0x00006f17) auipc   t5, 0x6
core   0: 3 0x80009d68 (0x00006f17) x30 0x8000fd68
core   0: 0x80009d6c (0x283f2c23) sw      gp, 664(t5)
core   0: 3 0x80009d6c (0x283f2c23) mem 0x80010000 0x00000001
core   0: 0x80009d70 (0xff9ff06f) j       pc - 0x8
core   0: 3 0x80009d70 (0xff9ff06f)
core   0: 0x80009d68 (0x00006f17) auipc   t5, 0x6
core   0: 3 0x80009d68 (0x00006f17) x30 0x8000fd68
core   0: 0x80009d6c (0x283f2c23) sw      gp, 664(t5)
core   0: 3 0x80009d6c (0x283f2c23) mem 0x80010000 0x00000001
core   0: 0x80009d70 (0xff9ff06f) j       pc - 0x8
core   0: 3 0x80009d70 (0xff9ff06f)
core   0: 0x80009d68 (0x00006f17) auipc   t5, 0x6
core   0: 3 0x80009d68 (0x00006f17) x30 0x8000fd68
core   0: 0x80009d6c (0x283f2c23) sw      gp, 664(t5)
core   0: 3 0x80009d6c (0x283f2c23) mem 0x80010000 0x00000001
core   0: 0x80009d70 (0xff9ff06f) j       pc - 0x8
core   0: 3 0x80009d70 (0xff9ff06f)
core   0: 0x80009d68 (0x00006f17) auipc   t5, 0x6
core   0: 3 0x80009d68 (0x00006f17) x30 0x8000fd68
core   0: 0x80009d6c (0x283f2c23) sw      gp, 664(t5)
core   0: 3 0x80009d6c (0x283f2c23) mem 0x80010000 0x00000001
core   0: 0x80009d70 (0xff9ff06f) j       pc - 0x8
core   0: 3 0x80009d70 (0xff9ff06f)
core   0: 0x80009d68 (0x00006f17) auipc   t5, 0x6
core   0: 3 0x80009d68 (0x00006f17) x30 0x8000fd68
core   0: 0x80009d6c (0x283f2c23) sw      gp, 664(t5)
core   0: 3 0x80009d6c (0x283f2c23) mem 0x80010000 0x00000001
core   0: 0x80009d70 (0xff9ff06f) j       pc - 0x8
core   0: 3 0x80009d70 (0xff9ff06f)
core   0: 0x80009d68 (0x00006f17) auipc   t5, 0x6
core   0: 3 0x80009d68 (0x00006f17) x30 0x8000fd68
core   0: 0x80009d6c (0x283f2c23) sw      gp, 664(t5)
core   0: 3 0x80009d6c (0x283f2c23) mem 0x80010000 0x00000001
core   0: 0x80009d70 (0xff9ff06f) j       pc - 0x8
core   0: 3 0x80009d70 (0xff9ff06f)
core   0: 0x80009d68 (0x00006f17) auipc   t5, 0x6
core   0: 3 0x80009d68 (0x00006f17) x30 0x8000fd68
core   0: 0x80009d6c (0x283f2c23) sw      gp, 664(t5)
core   0: 3 0x80009d6c (0x283f2c23) mem 0x80010000 0x00000001
core   0: 0x80009d70 (0xff9ff06f) j       pc - 0x8
core   0: 3 0x80009d70 (0xff9ff06f)
core   0: 0x80009d68 (0x00006f17) auipc   t5, 0x6
core   0: 3 0x80009d68 (0x00006f17) x30 0x8000fd68
core   0: 0x80009d6c (0x283f2c23) sw      gp, 664(t5)
core   0: 3 0x80009d6c (0x283f2c23) mem 0x80010000 0x00000001
core   0: 0x80009d70 (0xff9ff06f) j       pc - 0x8
core   0: 3 0x80009d70 (0xff9ff06f)
core   0: 0x80009d68 (0x00006f17) auipc   t5, 0x6
core   0: 3 0x80009d68 (0x00006f17) x30 0x8000fd68
core   0: 0x80009d6c (0x283f2c23) sw      gp, 664(t5)
core   0: 3 0x80009d6c (0x283f2c23) mem 0x80010000 0x00000001
core   0: 0x80009d70 (0xff9ff06f) j       pc - 0x8
core   0: 3 0x80009d70 (0xff9ff06f)
core   0: 0x80009d68 (0x00006f17) auipc   t5, 0x6
core   0: 3 0x80009d68 (0x00006f17) x30 0x8000fd68
core   0: 0x80009d6c (0x283f2c23) sw      gp, 664(t5)
core   0: 3 0x80009d6c (0x283f2c23) mem 0x80010000 0x00000001
core   0: 0x80009d70 (0xff9ff06f) j       pc - 0x8
core   0: 3 0x80009d70 (0xff9ff06f)
core   0: 0x80009d68 (0x00006f17) auipc   t5, 0x6
core   0: 3 0x80009d68 (0x00006f17) x30 0x8000fd68
core   0: 0x80009d6c (0x283f2c23) sw      gp, 664(t5)
core   0: 3 0x80009d6c (0x283f2c23) mem 0x80010000 0x00000001
core   0: 0x80009d70 (0xff9ff06f) j       pc - 0x8
core   0: 3 0x80009d70 (0xff9ff06f)
core   0: 0x80009d68 (0x00006f17) auipc   t5, 0x6
core   0: 3 0x80009d68 (0x00006f17) x30 0x8000fd68
core   0: 0x80009d6c (0x283f2c23) sw      gp, 664(t5)
core   0: 3 0x80009d6c (0x283f2c23) mem 0x80010000 0x00000001
core   0: 0x80009d70 (0xff9ff06f) j       pc - 0x8
core   0: 3 0x80009d70 (0xff9ff06f)
core   0: 0x80009d68 (0x00006f17) auipc   t5, 0x6
core   0: 3 0x80009d68 (0x00006f17) x30 0x8000fd68
core   0: 0x80009d6c (0x283f2c23) sw      gp, 664(t5)
core   0: 3 0x80009d6c (0x283f2c23) mem 0x80010000 0x00000001
core   0: 0x80009d70 (0xff9ff06f) j       pc - 0x8
core   0: 3 0x80009d70 (0xff9ff06f)
core   0: 0x80009d68 (0x00006f17) auipc   t5, 0x6
core   0: 3 0x80009d68 (0x00006f17) x30 0x8000fd68
core   0: 0x80009d6c (0x283f2c23) sw      gp, 664(t5)
core   0: 3 0x80009d6c (0x283f2c23) mem 0x80010000 0x00000001
core   0: 0x80009d70 (0xff9ff06f) j       pc - 0x8
core   0: 3 0x80009d70 (0xff9ff06f)
core   0: 0x80009d68 (0x00006f17) auipc   t5, 0x6
core   0: 3 0x80009d68 (0x00006f17) x30 0x8000fd68
core   0: 0x80009d6c (0x283f2c23) sw      gp, 664(t5)
core   0: 3 0x80009d6c (0x283f2c23) mem 0x80010000 0x00000001
core   0: 0x80009d70 (0xff9ff06f) j       pc - 0x8
core   0: 3 0x80009d70 (0xff9ff06f)
core   0: 0x80009d68 (0x00006f17) auipc   t5, 0x6
core   0: 3 0x80009d68 (0x00006f17) x30 0x8000fd68
core   0: 0x80009d6c (0x283f2c23) sw      gp, 664(t5)
core   0: 3 0x80009d6c (0x283f2c23) mem 0x80010000 0x00000001
core   0: 0x80009d70 (0xff9ff06f) j       pc - 0x8
core   0: 3 0x80009d70 (0xff9ff06f)
core   0: 0x80009d68 (0x00006f17) auipc   t5, 0x6
core   0: 3 0x80009d68 (0x00006f17) x30 0x8000fd68
core   0: 0x80009d6c (0x283f2c23) sw      gp, 664(t5)
core   0: 3 0x80009d6c (0x283f2c23) mem 0x80010000 0x00000001
core   0: 0x80009d70 (0xff9ff06f) j       pc - 0x8
core   0: 3 0x80009d70 (0xff9ff06f)
core   0: 0x80009d68 (0x00006f17) auipc   t5, 0x6
core   0: 3 0x80009d68 (0x00006f17) x30 0x8000fd68
core   0: 0x80009d6c (0x283f2c23) sw      gp, 664(t5)
core   0: 3 0x80009d6c (0x283f2c23) mem 0x80010000 0x00000001
core   0: 0x80009d70 (0xff9ff06f) j       pc - 0x8
core   0: 3 0x80009d70 (0xff9ff06f)
core   0: 0x80009d68 (0x00006f17) auipc   t5, 0x6
core   0: 3 0x80009d68 (0x00006f17) x30 0x8000fd68
core   0: 0x80009d6c (0x283f2c23) sw      gp, 664(t5)
core   0: 3 0x80009d6c (0x283f2c23) mem 0x80010000 0x00000001
core   0: 0x80009d70 (0xff9ff06f) j       pc - 0x8
core   0: 3 0x80009d70 (0xff9ff06f)
core   0: 0x80009d68 (0x00006f17) auipc   t5, 0x6
core   0: 3 0x80009d68 (0x00006f17) x30 0x8000fd68
core   0: 0x80009d6c (0x283f2c23) sw      gp, 664(t5)
core   0: 3 0x80009d6c (0x283f2c23) mem 0x80010000 0x00000001
core   0: 0x80009d70 (0xff9ff06f) j       pc - 0x8
core   0: 3 0x80009d70 (0xff9ff06f)
core   0: 0x80009d68 (0x00006f17) auipc   t5, 0x6
core   0: 3 0x80009d68 (0x00006f17) x30 0x8000fd68
core   0: 0x80009d6c (0x283f2c23) sw      gp, 664(t5)
core   0: 3 0x80009d6c (0x283f2c23) mem 0x80010000 0x00000001
core   0: 0x80009d70 (0xff9ff06f) j       pc - 0x8
core   0: 3 0x80009d70 (0xff9ff06f)
core   0: 0x80009d68 (0x00006f17) auipc   t5, 0x6
core   0: 3 0x80009d68 (0x00006f17) x30 0x8000fd68
core   0: 0x80009d6c (0x283f2c23) sw      gp, 664(t5)
core   0: 3 0x80009d6c (0x283f2c23) mem 0x80010000 0x00000001
core   0: 0x80009d70 (0xff9ff06f) j       pc - 0x8
core   0: 3 0x80009d70 (0xff9ff06f)
core   0: 0x80009d68 (0x00006f17) auipc   t5, 0x6
core   0: 3 0x80009d68 (0x00006f17) x30 0x8000fd68
core   0: 0x80009d6c (0x283f2c23) sw      gp, 664(t5)
core   0: 3 0x80009d6c (0x283f2c23) mem 0x80010000 0x00000001
core   0: 0x80009d70 (0xff9ff06f) j       pc - 0x8
core   0: 3 0x80009d70 (0xff9ff06f)
core   0: 0x80009d68 (0x00006f17) auipc   t5, 0x6
core   0: 3 0x80009d68 (0x00006f17) x30 0x8000fd68
core   0: 0x80009d6c (0x283f2c23) sw      gp, 664(t5)
core   0: 3 0x80009d6c (0x283f2c23) mem 0x80010000 0x00000001
core   0: 0x80009d70 (0xff9ff06f) j       pc - 0x8
core   0: 3 0x80009d70 (0xff9ff06f)
core   0: 0x80009d68 (0x00006f17) auipc   t5, 0x6
core   0: 3 0x80009d68 (0x00006f17) x30 0x8000fd68
core   0: 0x80009d6c (0x283f2c23) sw      gp, 664(t5)
core   0: 3 0x80009d6c (0x283f2c23) mem 0x80010000 0x00000001
core   0: 0x80009d70 (0xff9ff06f) j       pc - 0x8
core   0: 3 0x80009d70 (0xff9ff06f)
core   0: 0x80009d68 (0x00006f17) auipc   t5, 0x6
core   0: 3 0x80009d68 (0x00006f17) x30 0x8000fd68
core   0: 0x80009d6c (0x283f2c23) sw      gp, 664(t5)
core   0: 3 0x80009d6c (0x283f2c23) mem 0x80010000 0x00000001
core   0: 0x80009d70 (0xff9ff06f) j       pc - 0x8
core   0: 3 0x80009d70 (0xff9ff06f)
core   0: 0x80009d68 (0x00006f17) auipc   t5, 0x6
core   0: 3 0x80009d68 (0x00006f17) x30 0x8000fd68
core   0: 0x80009d6c (0x283f2c23) sw      gp, 664(t5)
core   0: 3 0x80009d6c (0x283f2c23) mem 0x80010000 0x00000001
core   0: 0x80009d70 (0xff9ff06f) j       pc - 0x8
core   0: 3 0x80009d70 (0xff9ff06f)
core   0: 0x80009d68 (0x00006f17) auipc   t5, 0x6
core   0: 3 0x80009d68 (0x00006f17) x30 0x8000fd68
core   0: 0x80009d6c (0x283f2c23) sw      gp, 664(t5)
core   0: 3 0x80009d6c (0x283f2c23) mem 0x80010000 0x00000001
core   0: 0x80009d70 (0xff9ff06f) j       pc - 0x8
core   0: 3 0x80009d70 (0xff9ff06f)
core   0: 0x80009d68 (0x00006f17) auipc   t5, 0x6
core   0: 3 0x80009d68 (0x00006f17) x30 0x8000fd68
core   0: 0x80009d6c (0x283f2c23) sw      gp, 664(t5)
core   0: 3 0x80009d6c (0x283f2c23) mem 0x80010000 0x00000001
core   0: 0x80009d70 (0xff9ff06f) j       pc - 0x8
core   0: 3 0x80009d70 (0xff9ff06f)
core   0: 0x80009d68 (0x00006f17) auipc   t5, 0x6
core   0: 3 0x80009d68 (0x00006f17) x30 0x8000fd68
core   0: 0x80009d6c (0x283f2c23) sw      gp, 664(t5)
core   0: 3 0x80009d6c (0x283f2c23) mem 0x80010000 0x00000001
core   0: 0x80009d70 (0xff9ff06f) j       pc - 0x8
core   0: 3 0x80009d70 (0xff9ff06f)
core   0: 0x80009d68 (0x00006f17) auipc   t5, 0x6
core   0: 3 0x80009d68 (0x00006f17) x30 0x8000fd68
core   0: 0x80009d6c (0x283f2c23) sw      gp, 664(t5)
core   0: 3 0x80009d6c (0x283f2c23) mem 0x80010000 0x00000001
core   0: 0x80009d70 (0xff9ff06f) j       pc - 0x8
core   0: 3 0x80009d70 (0xff9ff06f)
core   0: 0x80009d68 (0x00006f17) auipc   t5, 0x6
core   0: 3 0x80009d68 (0x00006f17) x30 0x8000fd68
core   0: 0x80009d6c (0x283f2c23) sw      gp, 664(t5)
core   0: 3 0x80009d6c (0x283f2c23) mem 0x80010000 0x00000001
core   0: 0x80009d70 (0xff9ff06f) j       pc - 0x8
core   0: 3 0x80009d70 (0xff9ff06f)
core   0: 0x80009d68 (0x00006f17) auipc   t5, 0x6
core   0: 3 0x80009d68 (0x00006f17) x30 0x8000fd68
core   0: 0x80009d6c (0x283f2c23) sw      gp, 664(t5)
core   0: 3 0x80009d6c (0x283f2c23) mem 0x80010000 0x00000001
core   0: 0x80009d70 (0xff9ff06f) j       pc - 0x8
core   0: 3 0x80009d70 (0xff9ff06f)
core   0: 0x80009d68 (0x00006f17) auipc   t5, 0x6
core   0: 3 0x80009d68 (0x00006f17) x30 0x8000fd68
core   0: 0x80009d6c (0x283f2c23) sw      gp, 664(t5)
core   0: 3 0x80009d6c (0x283f2c23) mem 0x80010000 0x00000001
core   0: 0x80009d70 (0xff9ff06f) j       pc - 0x8
core   0: 3 0x80009d70 (0xff9ff06f)
core   0: 0x80009d68 (0x00006f17) auipc   t5, 0x6
core   0: 3 0x80009d68 (0x00006f17) x30 0x8000fd68
core   0: 0x80009d6c (0x283f2c23) sw      gp, 664(t5)
core   0: 3 0x80009d6c (0x283f2c23) mem 0x80010000 0x00000001
core   0: 0x80009d70 (0xff9ff06f) j       pc - 0x8
core   0: 3 0x80009d70 (0xff9ff06f)
core   0: 0x80009d68 (0x00006f17) auipc   t5, 0x6
core   0: 3 0x80009d68 (0x00006f17) x30 0x8000fd68
core   0: 0x80009d6c (0x283f2c23) sw      gp, 664(t5)
core   0: 3 0x80009d6c (0x283f2c23) mem 0x80010000 0x00000001
core   0: 0x80009d70 (0xff9ff06f) j       pc - 0x8
core   0: 3 0x80009d70 (0xff9ff06f)
core   0: 0x80009d68 (0x00006f17) auipc   t5, 0x6
core   0: 3 0x80009d68 (0x00006f17) x30 0x8000fd68
core   0: 0x80009d6c (0x283f2c23) sw      gp, 664(t5)
core   0: 3 0x80009d6c (0x283f2c23) mem 0x80010000 0x00000001
core   0: 0x80009d70 (0xff9ff06f) j       pc - 0x8
core   0: 3 0x80009d70 (0xff9ff06f)
core   0: 0x80009d68 (0x00006f17) auipc   t5, 0x6
core   0: 3 0x80009d68 (0x00006f17) x30 0x8000fd68
core   0: 0x80009d6c (0x283f2c23) sw      gp, 664(t5)
core   0: 3 0x80009d6c (0x283f2c23) mem 0x80010000 0x00000001
core   0: 0x80009d70 (0xff9ff06f) j       pc - 0x8
core   0: 3 0x80009d70 (0xff9ff06f)
core   0: 0x80009d68 (0x00006f17) auipc   t5, 0x6
core   0: 3 0x80009d68 (0x00006f17) x30 0x8000fd68
core   0: 0x80009d6c (0x283f2c23) sw      gp, 664(t5)
core   0: 3 0x80009d6c (0x283f2c23) mem 0x80010000 0x00000001
core   0: 0x80009d70 (0xff9ff06f) j       pc - 0x8
core   0: 3 0x80009d70 (0xff9ff06f)
core   0: 0x80009d68 (0x00006f17) auipc   t5, 0x6
core   0: 3 0x80009d68 (0x00006f17) x30 0x8000fd68
core   0: 0x80009d6c (0x283f2c23) sw      gp, 664(t5)
core   0: 3 0x80009d6c (0x283f2c23) mem 0x80010000 0x00000001
core   0: 0x80009d70 (0xff9ff06f) j       pc - 0x8
core   0: 3 0x80009d70 (0xff9ff06f)
core   0: 0x80009d68 (0x00006f17) auipc   t5, 0x6
core   0: 3 0x80009d68 (0x00006f17) x30 0x8000fd68
core   0: 0x80009d6c (0x283f2c23) sw      gp, 664(t5)
core   0: 3 0x80009d6c (0x283f2c23) mem 0x80010000 0x00000001
core   0: 0x80009d70 (0xff9ff06f) j       pc - 0x8
core   0: 3 0x80009d70 (0xff9ff06f)
core   0: 0x80009d68 (0x00006f17) auipc   t5, 0x6
core   0: 3 0x80009d68 (0x00006f17) x30 0x8000fd68
core   0: 0x80009d6c (0x283f2c23) sw      gp, 664(t5)
core   0: 3 0x80009d6c (0x283f2c23) mem 0x80010000 0x00000001
core   0: 0x80009d70 (0xff9ff06f) j       pc - 0x8
core   0: 3 0x80009d70 (0xff9ff06f)
core   0: 0x80009d68 (0x00006f17) auipc   t5, 0x6
core   0: 3 0x80009d68 (0x00006f17) x30 0x8000fd68
core   0: 0x80009d6c (0x283f2c23) sw      gp, 664(t5)
core   0: 3 0x80009d6c (0x283f2c23) mem 0x80010000 0x00000001
core   0: 0x80009d70 (0xff9ff06f) j       pc - 0x8
core   0: 3 0x80009d70 (0xff9ff06f)
core   0: 0x80009d68 (0x00006f17) auipc   t5, 0x6
core   0: 3 0x80009d68 (0x00006f17) x30 0x8000fd68
core   0: 0x80009d6c (0x283f2c23) sw      gp, 664(t5)
core   0: 3 0x80009d6c (0x283f2c23) mem 0x80010000 0x00000001
core   0: 0x80009d70 (0xff9ff06f) j       pc - 0x8
core   0: 3 0x80009d70 (0xff9ff06f)
core   0: 0x80009d68 (0x00006f17) auipc   t5, 0x6
core   0: 3 0x80009d68 (0x00006f17) x30 0x8000fd68
core   0: 0x80009d6c (0x283f2c23) sw      gp, 664(t5)
core   0: 3 0x80009d6c (0x283f2c23) mem 0x80010000 0x00000001
core   0: 0x80009d70 (0xff9ff06f) j       pc - 0x8
core   0: 3 0x80009d70 (0xff9ff06f)
core   0: 0x80009d68 (0x00006f17) auipc   t5, 0x6
core   0: 3 0x80009d68 (0x00006f17) x30 0x8000fd68
core   0: 0x80009d6c (0x283f2c23) sw      gp, 664(t5)
core   0: 3 0x80009d6c (0x283f2c23) mem 0x80010000 0x00000001
core   0: 0x80009d70 (0xff9ff06f) j       pc - 0x8
core   0: 3 0x80009d70 (0xff9ff06f)
core   0: 0x80009d68 (0x00006f17) auipc   t5, 0x6
core   0: 3 0x80009d68 (0x00006f17) x30 0x8000fd68
core   0: 0x80009d6c (0x283f2c23) sw      gp, 664(t5)
core   0: 3 0x80009d6c (0x283f2c23) mem 0x80010000 0x00000001
core   0: 0x80009d70 (0xff9ff06f) j       pc - 0x8
core   0: 3 0x80009d70 (0xff9ff06f)
core   0: 0x80009d68 (0x00006f17) auipc   t5, 0x6
core   0: 3 0x80009d68 (0x00006f17) x30 0x8000fd68
core   0: 0x80009d6c (0x283f2c23) sw      gp, 664(t5)
core   0: 3 0x80009d6c (0x283f2c23) mem 0x80010000 0x00000001
core   0: 0x80009d70 (0xff9ff06f) j       pc - 0x8
core   0: 3 0x80009d70 (0xff9ff06f)
core   0: 0x80009d68 (0x00006f17) auipc   t5, 0x6
core   0: 3 0x80009d68 (0x00006f17) x30 0x8000fd68
core   0: 0x80009d6c (0x283f2c23) sw      gp, 664(t5)
core   0: 3 0x80009d6c (0x283f2c23) mem 0x80010000 0x00000001
core   0: 0x80009d70 (0xff9ff06f) j       pc - 0x8
core   0: 3 0x80009d70 (0xff9ff06f)
core   0: 0x80009d68 (0x00006f17) auipc   t5, 0x6
core   0: 3 0x80009d68 (0x00006f17) x30 0x8000fd68
core   0: 0x80009d6c (0x283f2c23) sw      gp, 664(t5)
core   0: 3 0x80009d6c (0x283f2c23) mem 0x80010000 0x00000001
core   0: 0x80009d70 (0xff9ff06f) j       pc - 0x8
core   0: 3 0x80009d70 (0xff9ff06f)
core   0: 0x80009d68 (0x00006f17) auipc   t5, 0x6
core   0: 3 0x80009d68 (0x00006f17) x30 0x8000fd68
core   0: 0x80009d6c (0x283f2c23) sw      gp, 664(t5)
core   0: 3 0x80009d6c (0x283f2c23) mem 0x80010000 0x00000001
core   0: 0x80009d70 (0xff9ff06f) j       pc - 0x8
core   0: 3 0x80009d70 (0xff9ff06f)
core   0: 0x80009d68 (0x00006f17) auipc   t5, 0x6
core   0: 3 0x80009d68 (0x00006f17) x30 0x8000fd68
core   0: 0x80009d6c (0x283f2c23) sw      gp, 664(t5)
core   0: 3 0x80009d6c (0x283f2c23) mem 0x80010000 0x00000001
core   0: 0x80009d70 (0xff9ff06f) j       pc - 0x8
core   0: 3 0x80009d70 (0xff9ff06f)
core   0: 0x80009d68 (0x00006f17) auipc   t5, 0x6
core   0: 3 0x80009d68 (0x00006f17) x30 0x8000fd68
core   0: 0x80009d6c (0x283f2c23) sw      gp, 664(t5)
core   0: 3 0x80009d6c (0x283f2c23) mem 0x80010000 0x00000001
core   0: 0x80009d70 (0xff9ff06f) j       pc - 0x8
core   0: 3 0x80009d70 (0xff9ff06f)
core   0: 0x80009d68 (0x00006f17) auipc   t5, 0x6
core   0: 3 0x80009d68 (0x00006f17) x30 0x8000fd68
core   0: 0x80009d6c (0x283f2c23) sw      gp, 664(t5)
core   0: 3 0x80009d6c (0x283f2c23) mem 0x80010000 0x00000001
core   0: 0x80009d70 (0xff9ff06f) j       pc - 0x8
core   0: 3 0x80009d70 (0xff9ff06f)
core   0: 0x80009d68 (0x00006f17) auipc   t5, 0x6
core   0: 3 0x80009d68 (0x00006f17) x30 0x8000fd68
core   0: 0x80009d6c (0x283f2c23) sw      gp, 664(t5)
core   0: 3 0x80009d6c (0x283f2c23) mem 0x80010000 0x00000001
core   0: 0x80009d70 (0xff9ff06f) j       pc - 0x8
core   0: 3 0x80009d70 (0xff9ff06f)
core   0: 0x80009d68 (0x00006f17) auipc   t5, 0x6
core   0: 3 0x80009d68 (0x00006f17) x30 0x8000fd68
core   0: 0x80009d6c (0x283f2c23) sw      gp, 664(t5)
core   0: 3 0x80009d6c (0x283f2c23) mem 0x80010000 0x00000001
core   0: 0x80009d70 (0xff9ff06f) j       pc - 0x8
core   0: 3 0x80009d70 (0xff9ff06f)
core   0: 0x80009d68 (0x00006f17) auipc   t5, 0x6
core   0: 3 0x80009d68 (0x00006f17) x30 0x8000fd68
core   0: 0x80009d6c (0x283f2c23) sw      gp, 664(t5)
core   0: 3 0x80009d6c (0x283f2c23) mem 0x80010000 0x00000001
core   0: 0x80009d70 (0xff9ff06f) j       pc - 0x8
core   0: 3 0x80009d70 (0xff9ff06f)
core   0: 0x80009d68 (0x00006f17) auipc   t5, 0x6
core   0: 3 0x80009d68 (0x00006f17) x30 0x8000fd68
core   0: 0x80009d6c (0x283f2c23) sw      gp, 664(t5)
core   0: 3 0x80009d6c (0x283f2c23) mem 0x80010000 0x00000001
core   0: 0x80009d70 (0xff9ff06f) j       pc - 0x8
core   0: 3 0x80009d70 (0xff9ff06f)
core   0: 0x80009d68 (0x00006f17) auipc   t5, 0x6
core   0: 3 0x80009d68 (0x00006f17) x30 0x8000fd68
core   0: 0x80009d6c (0x283f2c23) sw      gp, 664(t5)
core   0: 3 0x80009d6c (0x283f2c23) mem 0x80010000 0x00000001
core   0: 0x80009d70 (0xff9ff06f) j       pc - 0x8
core   0: 3 0x80009d70 (0xff9ff06f)
core   0: 0x80009d68 (0x00006f17) auipc   t5, 0x6
core   0: 3 0x80009d68 (0x00006f17) x30 0x8000fd68
core   0: 0x80009d6c (0x283f2c23) sw      gp, 664(t5)
core   0: 3 0x80009d6c (0x283f2c23) mem 0x80010000 0x00000001
core   0: 0x80009d70 (0xff9ff06f) j       pc - 0x8
core   0: 3 0x80009d70 (0xff9ff06f)
core   0: 0x80009d68 (0x00006f17) auipc   t5, 0x6
core   0: 3 0x80009d68 (0x00006f17) x30 0x8000fd68
core   0: 0x80009d6c (0x283f2c23) sw      gp, 664(t5)
core   0: 3 0x80009d6c (0x283f2c23) mem 0x80010000 0x00000001
core   0: 0x80009d70 (0xff9ff06f) j       pc - 0x8
core   0: 3 0x80009d70 (0xff9ff06f)
core   0: 0x80009d68 (0x00006f17) auipc   t5, 0x6
core   0: 3 0x80009d68 (0x00006f17) x30 0x8000fd68
core   0: 0x80009d6c (0x283f2c23) sw      gp, 664(t5)
core   0: 3 0x80009d6c (0x283f2c23) mem 0x80010000 0x00000001
core   0: 0x80009d70 (0xff9ff06f) j       pc - 0x8
core   0: 3 0x80009d70 (0xff9ff06f)
core   0: 0x80009d68 (0x00006f17) auipc   t5, 0x6
core   0: 3 0x80009d68 (0x00006f17) x30 0x8000fd68
core   0: 0x80009d6c (0x283f2c23) sw      gp, 664(t5)
core   0: 3 0x80009d6c (0x283f2c23) mem 0x80010000 0x00000001
core   0: 0x80009d70 (0xff9ff06f) j       pc - 0x8
core   0: 3 0x80009d70 (0xff9ff06f)
core   0: 0x80009d68 (0x00006f17) auipc   t5, 0x6
core   0: 3 0x80009d68 (0x00006f17) x30 0x8000fd68
core   0: 0x80009d6c (0x283f2c23) sw      gp, 664(t5)
core   0: 3 0x80009d6c (0x283f2c23) mem 0x80010000 0x00000001
core   0: 0x80009d70 (0xff9ff06f) j       pc - 0x8
core   0: 3 0x80009d70 (0xff9ff06f)
core   0: 0x80009d68 (0x00006f17) auipc   t5, 0x6
core   0: 3 0x80009d68 (0x00006f17) x30 0x8000fd68
core   0: 0x80009d6c (0x283f2c23) sw      gp, 664(t5)
core   0: 3 0x80009d6c (0x283f2c23) mem 0x80010000 0x00000001
core   0: 0x80009d70 (0xff9ff06f) j       pc - 0x8
core   0: 3 0x80009d70 (0xff9ff06f)
core   0: 0x80009d68 (0x00006f17) auipc   t5, 0x6
core   0: 3 0x80009d68 (0x00006f17) x30 0x8000fd68
core   0: 0x80009d6c (0x283f2c23) sw      gp, 664(t5)
core   0: 3 0x80009d6c (0x283f2c23) mem 0x80010000 0x00000001
core   0: 0x80009d70 (0xff9ff06f) j       pc - 0x8
core   0: 3 0x80009d70 (0xff9ff06f)
core   0: 0x80009d68 (0x00006f17) auipc   t5, 0x6
core   0: 3 0x80009d68 (0x00006f17) x30 0x8000fd68
core   0: 0x80009d6c (0x283f2c23) sw      gp, 664(t5)
core   0: 3 0x80009d6c (0x283f2c23) mem 0x80010000 0x00000001
core   0: 0x80009d70 (0xff9ff06f) j       pc - 0x8
core   0: 3 0x80009d70 (0xff9ff06f)
core   0: 0x80009d68 (0x00006f17) auipc   t5, 0x6
core   0: 3 0x80009d68 (0x00006f17) x30 0x8000fd68
core   0: 0x80009d6c (0x283f2c23) sw      gp, 664(t5)
core   0: 3 0x80009d6c (0x283f2c23) mem 0x80010000 0x00000001
core   0: 0x80009d70 (0xff9ff06f) j       pc - 0x8
core   0: 3 0x80009d70 (0xff9ff06f)
core   0: 0x80009d68 (0x00006f17) auipc   t5, 0x6
core   0: 3 0x80009d68 (0x00006f17) x30 0x8000fd68
core   0: 0x80009d6c (0x283f2c23) sw      gp, 664(t5)
core   0: 3 0x80009d6c (0x283f2c23) mem 0x80010000 0x00000001
core   0: 0x80009d70 (0xff9ff06f) j       pc - 0x8
core   0: 3 0x80009d70 (0xff9ff06f)
core   0: 0x80009d68 (0x00006f17) auipc   t5, 0x6
core   0: 3 0x80009d68 (0x00006f17) x30 0x8000fd68
core   0: 0x80009d6c (0x283f2c23) sw      gp, 664(t5)
core   0: 3 0x80009d6c (0x283f2c23) mem 0x80010000 0x00000001
core   0: 0x80009d70 (0xff9ff06f) j       pc - 0x8
core   0: 3 0x80009d70 (0xff9ff06f)
core   0: 0x80009d68 (0x00006f17) auipc   t5, 0x6
core   0: 3 0x80009d68 (0x00006f17) x30 0x8000fd68
core   0: 0x80009d6c (0x283f2c23) sw      gp, 664(t5)
core   0: 3 0x80009d6c (0x283f2c23) mem 0x80010000 0x00000001
core   0: 0x80009d70 (0xff9ff06f) j       pc - 0x8
core   0: 3 0x80009d70 (0xff9ff06f)
core   0: 0x80009d68 (0x00006f17) auipc   t5, 0x6
core   0: 3 0x80009d68 (0x00006f17) x30 0x8000fd68
core   0: 0x80009d6c (0x283f2c23) sw      gp, 664(t5)
core   0: 3 0x80009d6c (0x283f2c23) mem 0x80010000 0x00000001
core   0: 0x80009d70 (0xff9ff06f) j       pc - 0x8
core   0: 3 0x80009d70 (0xff9ff06f)
core   0: 0x80009d68 (0x00006f17) auipc   t5, 0x6
core   0: 3 0x80009d68 (0x00006f17) x30 0x8000fd68
core   0: 0x80009d6c (0x283f2c23) sw      gp, 664(t5)
core   0: 3 0x80009d6c (0x283f2c23) mem 0x80010000 0x00000001
core   0: 0x80009d70 (0xff9ff06f) j       pc - 0x8
core   0: 3 0x80009d70 (0xff9ff06f)
core   0: 0x80009d68 (0x00006f17) auipc   t5, 0x6
core   0: 3 0x80009d68 (0x00006f17) x30 0x8000fd68
core   0: 0x80009d6c (0x283f2c23) sw      gp, 664(t5)
core   0: 3 0x80009d6c (0x283f2c23) mem 0x80010000 0x00000001
core   0: 0x80009d70 (0xff9ff06f) j       pc - 0x8
core   0: 3 0x80009d70 (0xff9ff06f)
core   0: 0x80009d68 (0x00006f17) auipc   t5, 0x6
core   0: 3 0x80009d68 (0x00006f17) x30 0x8000fd68
core   0: 0x80009d6c (0x283f2c23) sw      gp, 664(t5)
core   0: 3 0x80009d6c (0x283f2c23) mem 0x80010000 0x00000001
core   0: 0x80009d70 (0xff9ff06f) j       pc - 0x8
core   0: 3 0x80009d70 (0xff9ff06f)
core   0: 0x80009d68 (0x00006f17) auipc   t5, 0x6
core   0: 3 0x80009d68 (0x00006f17) x30 0x8000fd68
core   0: 0x80009d6c (0x283f2c23) sw      gp, 664(t5)
core   0: 3 0x80009d6c (0x283f2c23) mem 0x80010000 0x00000001
core   0: 0x80009d70 (0xff9ff06f) j       pc - 0x8
core   0: 3 0x80009d70 (0xff9ff06f)
core   0: 0x80009d68 (0x00006f17) auipc   t5, 0x6
core   0: 3 0x80009d68 (0x00006f17) x30 0x8000fd68
core   0: 0x80009d6c (0x283f2c23) sw      gp, 664(t5)
core   0: 3 0x80009d6c (0x283f2c23) mem 0x80010000 0x00000001
core   0: 0x80009d70 (0xff9ff06f) j       pc - 0x8
core   0: 3 0x80009d70 (0xff9ff06f)
core   0: 0x80009d68 (0x00006f17) auipc   t5, 0x6
core   0: 3 0x80009d68 (0x00006f17) x30 0x8000fd68
core   0: 0x80009d6c (0x283f2c23) sw      gp, 664(t5)
core   0: 3 0x80009d6c (0x283f2c23) mem 0x80010000 0x00000001
core   0: 0x80009d70 (0xff9ff06f) j       pc - 0x8
core   0: 3 0x80009d70 (0xff9ff06f)
core   0: 0x80009d68 (0x00006f17) auipc   t5, 0x6
core   0: 3 0x80009d68 (0x00006f17) x30 0x8000fd68
core   0: 0x80009d6c (0x283f2c23) sw      gp, 664(t5)
core   0: 3 0x80009d6c (0x283f2c23) mem 0x80010000 0x00000001
core   0: 0x80009d70 (0xff9ff06f) j       pc - 0x8
core   0: 3 0x80009d70 (0xff9ff06f)
core   0: 0x80009d68 (0x00006f17) auipc   t5, 0x6
core   0: 3 0x80009d68 (0x00006f17) x30 0x8000fd68
core   0: 0x80009d6c (0x283f2c23) sw      gp, 664(t5)
core   0: 3 0x80009d6c (0x283f2c23) mem 0x80010000 0x00000001
core   0: 0x80009d70 (0xff9ff06f) j       pc - 0x8
core   0: 3 0x80009d70 (0xff9ff06f)
core   0: 0x80009d68 (0x00006f17) auipc   t5, 0x6
core   0: 3 0x80009d68 (0x00006f17) x30 0x8000fd68
core   0: 0x80009d6c (0x283f2c23) sw      gp, 664(t5)
core   0: 3 0x80009d6c (0x283f2c23) mem 0x80010000 0x00000001
core   0: 0x80009d70 (0xff9ff06f) j       pc - 0x8
core   0: 3 0x80009d70 (0xff9ff06f)
core   0: 0x80009d68 (0x00006f17) auipc   t5, 0x6
core   0: 3 0x80009d68 (0x00006f17) x30 0x8000fd68
core   0: 0x80009d6c (0x283f2c23) sw      gp, 664(t5)
core   0: 3 0x80009d6c (0x283f2c23) mem 0x80010000 0x00000001
core   0: 0x80009d70 (0xff9ff06f) j       pc - 0x8
core   0: 3 0x80009d70 (0xff9ff06f)
core   0: 0x80009d68 (0x00006f17) auipc   t5, 0x6
core   0: 3 0x80009d68 (0x00006f17) x30 0x8000fd68
core   0: 0x80009d6c (0x283f2c23) sw      gp, 664(t5)
core   0: 3 0x80009d6c (0x283f2c23) mem 0x80010000 0x00000001
core   0: 0x80009d70 (0xff9ff06f) j       pc - 0x8
core   0: 3 0x80009d70 (0xff9ff06f)
core   0: 0x80009d68 (0x00006f17) auipc   t5, 0x6
core   0: 3 0x80009d68 (0x00006f17) x30 0x8000fd68
core   0: 0x80009d6c (0x283f2c23) sw      gp, 664(t5)
core   0: 3 0x80009d6c (0x283f2c23) mem 0x80010000 0x00000001
core   0: 0x80009d70 (0xff9ff06f) j       pc - 0x8
core   0: 3 0x80009d70 (0xff9ff06f)
core   0: 0x80009d68 (0x00006f17) auipc   t5, 0x6
core   0: 3 0x80009d68 (0x00006f17) x30 0x8000fd68
core   0: 0x80009d6c (0x283f2c23) sw      gp, 664(t5)
core   0: 3 0x80009d6c (0x283f2c23) mem 0x80010000 0x00000001
core   0: 0x80009d70 (0xff9ff06f) j       pc - 0x8
core   0: 3 0x80009d70 (0xff9ff06f)
core   0: 0x80009d68 (0x00006f17) auipc   t5, 0x6
core   0: 3 0x80009d68 (0x00006f17) x30 0x8000fd68
core   0: 0x80009d6c (0x283f2c23) sw      gp, 664(t5)
core   0: 3 0x80009d6c (0x283f2c23) mem 0x80010000 0x00000001
core   0: 0x80009d70 (0xff9ff06f) j       pc - 0x8
core   0: 3 0x80009d70 (0xff9ff06f)
core   0: 0x80009d68 (0x00006f17) auipc   t5, 0x6
core   0: 3 0x80009d68 (0x00006f17) x30 0x8000fd68
core   0: 0x80009d6c (0x283f2c23) sw      gp, 664(t5)
core   0: 3 0x80009d6c (0x283f2c23) mem 0x80010000 0x00000001
core   0: 0x80009d70 (0xff9ff06f) j       pc - 0x8
core   0: 3 0x80009d70 (0xff9ff06f)
core   0: 0x80009d68 (0x00006f17) auipc   t5, 0x6
core   0: 3 0x80009d68 (0x00006f17) x30 0x8000fd68
core   0: 0x80009d6c (0x283f2c23) sw      gp, 664(t5)
core   0: 3 0x80009d6c (0x283f2c23) mem 0x80010000 0x00000001
core   0: 0x80009d70 (0xff9ff06f) j       pc - 0x8
core   0: 3 0x80009d70 (0xff9ff06f)
core   0: 0x80009d68 (0x00006f17) auipc   t5, 0x6
core   0: 3 0x80009d68 (0x00006f17) x30 0x8000fd68
core   0: 0x80009d6c (0x283f2c23) sw      gp, 664(t5)
core   0: 3 0x80009d6c (0x283f2c23) mem 0x80010000 0x00000001
core   0: 0x80009d70 (0xff9ff06f) j       pc - 0x8
core   0: 3 0x80009d70 (0xff9ff06f)
core   0: 0x80009d68 (0x00006f17) auipc   t5, 0x6
core   0: 3 0x80009d68 (0x00006f17) x30 0x8000fd68
core   0: 0x80009d6c (0x283f2c23) sw      gp, 664(t5)
core   0: 3 0x80009d6c (0x283f2c23) mem 0x80010000 0x00000001
core   0: 0x80009d70 (0xff9ff06f) j       pc - 0x8
core   0: 3 0x80009d70 (0xff9ff06f)
core   0: 0x80009d68 (0x00006f17) auipc   t5, 0x6
core   0: 3 0x80009d68 (0x00006f17) x30 0x8000fd68
core   0: 0x80009d6c (0x283f2c23) sw      gp, 664(t5)
core   0: 3 0x80009d6c (0x283f2c23) mem 0x80010000 0x00000001
core   0: 0x80009d70 (0xff9ff06f) j       pc - 0x8
core   0: 3 0x80009d70 (0xff9ff06f)
core   0: 0x80009d68 (0x00006f17) auipc   t5, 0x6
core   0: 3 0x80009d68 (0x00006f17) x30 0x8000fd68
core   0: 0x80009d6c (0x283f2c23) sw      gp, 664(t5)
core   0: 3 0x80009d6c (0x283f2c23) mem 0x80010000 0x00000001
core   0: 0x80009d70 (0xff9ff06f) j       pc - 0x8
core   0: 3 0x80009d70 (0xff9ff06f)
core   0: 0x80009d68 (0x00006f17) auipc   t5, 0x6
core   0: 3 0x80009d68 (0x00006f17) x30 0x8000fd68
core   0: 0x80009d6c (0x283f2c23) sw      gp, 664(t5)
core   0: 3 0x80009d6c (0x283f2c23) mem 0x80010000 0x00000001
core   0: 0x80009d70 (0xff9ff06f) j       pc - 0x8
core   0: 3 0x80009d70 (0xff9ff06f)
core   0: 0x80009d68 (0x00006f17) auipc   t5, 0x6
core   0: 3 0x80009d68 (0x00006f17) x30 0x8000fd68
core   0: 0x80009d6c (0x283f2c23) sw      gp, 664(t5)
core   0: 3 0x80009d6c (0x283f2c23) mem 0x80010000 0x00000001
core   0: 0x80009d70 (0xff9ff06f) j       pc - 0x8
core   0: 3 0x80009d70 (0xff9ff06f)
core   0: 0x80009d68 (0x00006f17) auipc   t5, 0x6
core   0: 3 0x80009d68 (0x00006f17) x30 0x8000fd68
core   0: 0x80009d6c (0x283f2c23) sw      gp, 664(t5)
core   0: 3 0x80009d6c (0x283f2c23) mem 0x80010000 0x00000001
core   0: 0x80009d70 (0xff9ff06f) j       pc - 0x8
core   0: 3 0x80009d70 (0xff9ff06f)
core   0: 0x80009d68 (0x00006f17) auipc   t5, 0x6
core   0: 3 0x80009d68 (0x00006f17) x30 0x8000fd68
core   0: 0x80009d6c (0x283f2c23) sw      gp, 664(t5)
core   0: 3 0x80009d6c (0x283f2c23) mem 0x80010000 0x00000001
core   0: 0x80009d70 (0xff9ff06f) j       pc - 0x8
core   0: 3 0x80009d70 (0xff9ff06f)
core   0: 0x80009d68 (0x00006f17) auipc   t5, 0x6
core   0: 3 0x80009d68 (0x00006f17) x30 0x8000fd68
core   0: 0x80009d6c (0x283f2c23) sw      gp, 664(t5)
core   0: 3 0x80009d6c (0x283f2c23) mem 0x80010000 0x00000001
core   0: 0x80009d70 (0xff9ff06f) j       pc - 0x8
core   0: 3 0x80009d70 (0xff9ff06f)
core   0: 0x80009d68 (0x00006f17) auipc   t5, 0x6
core   0: 3 0x80009d68 (0x00006f17) x30 0x8000fd68
core   0: 0x80009d6c (0x283f2c23) sw      gp, 664(t5)
core   0: 3 0x80009d6c (0x283f2c23) mem 0x80010000 0x00000001
core   0: 0x80009d70 (0xff9ff06f) j       pc - 0x8
core   0: 3 0x80009d70 (0xff9ff06f)
core   0: 0x80009d68 (0x00006f17) auipc   t5, 0x6
core   0: 3 0x80009d68 (0x00006f17) x30 0x8000fd68
core   0: 0x80009d6c (0x283f2c23) sw      gp, 664(t5)
core   0: 3 0x80009d6c (0x283f2c23) mem 0x80010000 0x00000001
core   0: 0x80009d70 (0xff9ff06f) j       pc - 0x8
core   0: 3 0x80009d70 (0xff9ff06f)
core   0: 0x80009d68 (0x00006f17) auipc   t5, 0x6
core   0: 3 0x80009d68 (0x00006f17) x30 0x8000fd68
core   0: 0x80009d6c (0x283f2c23) sw      gp, 664(t5)
core   0: 3 0x80009d6c (0x283f2c23) mem 0x80010000 0x00000001
core   0: 0x80009d70 (0xff9ff06f) j       pc - 0x8
core   0: 3 0x80009d70 (0xff9ff06f)
core   0: 0x80009d68 (0x00006f17) auipc   t5, 0x6
core   0: 3 0x80009d68 (0x00006f17) x30 0x8000fd68
core   0: 0x80009d6c (0x283f2c23) sw      gp, 664(t5)
core   0: 3 0x80009d6c (0x283f2c23) mem 0x80010000 0x00000001
core   0: 0x80009d70 (0xff9ff06f) j       pc - 0x8
core   0: 3 0x80009d70 (0xff9ff06f)
core   0: 0x80009d68 (0x00006f17) auipc   t5, 0x6
core   0: 3 0x80009d68 (0x00006f17) x30 0x8000fd68
core   0: 0x80009d6c (0x283f2c23) sw      gp, 664(t5)
core   0: 3 0x80009d6c (0x283f2c23) mem 0x80010000 0x00000001
core   0: 0x80009d70 (0xff9ff06f) j       pc - 0x8
core   0: 3 0x80009d70 (0xff9ff06f)
core   0: 0x80009d68 (0x00006f17) auipc   t5, 0x6
core   0: 3 0x80009d68 (0x00006f17) x30 0x8000fd68
core   0: 0x80009d6c (0x283f2c23) sw      gp, 664(t5)
core   0: 3 0x80009d6c (0x283f2c23) mem 0x80010000 0x00000001
core   0: 0x80009d70 (0xff9ff06f) j       pc - 0x8
core   0: 3 0x80009d70 (0xff9ff06f)
core   0: 0x80009d68 (0x00006f17) auipc   t5, 0x6
core   0: 3 0x80009d68 (0x00006f17) x30 0x8000fd68
core   0: 0x80009d6c (0x283f2c23) sw      gp, 664(t5)
core   0: 3 0x80009d6c (0x283f2c23) mem 0x80010000 0x00000001
core   0: 0x80009d70 (0xff9ff06f) j       pc - 0x8
core   0: 3 0x80009d70 (0xff9ff06f)
core   0: 0x80009d68 (0x00006f17) auipc   t5, 0x6
core   0: 3 0x80009d68 (0x00006f17) x30 0x8000fd68
core   0: 0x80009d6c (0x283f2c23) sw      gp, 664(t5)
core   0: 3 0x80009d6c (0x283f2c23) mem 0x80010000 0x00000001
core   0: 0x80009d70 (0xff9ff06f) j       pc - 0x8
core   0: 3 0x80009d70 (0xff9ff06f)
core   0: 0x80009d68 (0x00006f17) auipc   t5, 0x6
core   0: 3 0x80009d68 (0x00006f17) x30 0x8000fd68
core   0: 0x80009d6c (0x283f2c23) sw      gp, 664(t5)
core   0: 3 0x80009d6c (0x283f2c23) mem 0x80010000 0x00000001
core   0: 0x80009d70 (0xff9ff06f) j       pc - 0x8
core   0: 3 0x80009d70 (0xff9ff06f)
core   0: 0x80009d68 (0x00006f17) auipc   t5, 0x6
core   0: 3 0x80009d68 (0x00006f17) x30 0x8000fd68
core   0: 0x80009d6c (0x283f2c23) sw      gp, 664(t5)
core   0: 3 0x80009d6c (0x283f2c23) mem 0x80010000 0x00000001
core   0: 0x80009d70 (0xff9ff06f) j       pc - 0x8
core   0: 3 0x80009d70 (0xff9ff06f)
core   0: 0x80009d68 (0x00006f17) auipc   t5, 0x6
core   0: 3 0x80009d68 (0x00006f17) x30 0x8000fd68
core   0: 0x80009d6c (0x283f2c23) sw      gp, 664(t5)
core   0: 3 0x80009d6c (0x283f2c23) mem 0x80010000 0x00000001
core   0: 0x80009d70 (0xff9ff06f) j       pc - 0x8
core   0: 3 0x80009d70 (0xff9ff06f)
core   0: 0x80009d68 (0x00006f17) auipc   t5, 0x6
core   0: 3 0x80009d68 (0x00006f17) x30 0x8000fd68
core   0: 0x80009d6c (0x283f2c23) sw      gp, 664(t5)
core   0: 3 0x80009d6c (0x283f2c23) mem 0x80010000 0x00000001
core   0: 0x80009d70 (0xff9ff06f) j       pc - 0x8
core   0: 3 0x80009d70 (0xff9ff06f)
core   0: 0x80009d68 (0x00006f17) auipc   t5, 0x6
core   0: 3 0x80009d68 (0x00006f17) x30 0x8000fd68
core   0: 0x80009d6c (0x283f2c23) sw      gp, 664(t5)
core   0: 3 0x80009d6c (0x283f2c23) mem 0x80010000 0x00000001
core   0: 0x80009d70 (0xff9ff06f) j       pc - 0x8
core   0: 3 0x80009d70 (0xff9ff06f)
core   0: 0x80009d68 (0x00006f17) auipc   t5, 0x6
core   0: 3 0x80009d68 (0x00006f17) x30 0x8000fd68
core   0: 0x80009d6c (0x283f2c23) sw      gp, 664(t5)
core   0: 3 0x80009d6c (0x283f2c23) mem 0x80010000 0x00000001
core   0: 0x80009d70 (0xff9ff06f) j       pc - 0x8
core   0: 3 0x80009d70 (0xff9ff06f)
core   0: 0x80009d68 (0x00006f17) auipc   t5, 0x6
core   0: 3 0x80009d68 (0x00006f17) x30 0x8000fd68
core   0: 0x80009d6c (0x283f2c23) sw      gp, 664(t5)
core   0: 3 0x80009d6c (0x283f2c23) mem 0x80010000 0x00000001
core   0: 0x80009d70 (0xff9ff06f) j       pc - 0x8
core   0: 3 0x80009d70 (0xff9ff06f)
core   0: 0x80009d68 (0x00006f17) auipc   t5, 0x6
core   0: 3 0x80009d68 (0x00006f17) x30 0x8000fd68
core   0: 0x80009d6c (0x283f2c23) sw      gp, 664(t5)
core   0: 3 0x80009d6c (0x283f2c23) mem 0x80010000 0x00000001
core   0: 0x80009d70 (0xff9ff06f) j       pc - 0x8
core   0: 3 0x80009d70 (0xff9ff06f)
core   0: 0x80009d68 (0x00006f17) auipc   t5, 0x6
core   0: 3 0x80009d68 (0x00006f17) x30 0x8000fd68
core   0: 0x80009d6c (0x283f2c23) sw      gp, 664(t5)
core   0: 3 0x80009d6c (0x283f2c23) mem 0x80010000 0x00000001
core   0: 0x80009d70 (0xff9ff06f) j       pc - 0x8
core   0: 3 0x80009d70 (0xff9ff06f)
core   0: 0x80009d68 (0x00006f17) auipc   t5, 0x6
core   0: 3 0x80009d68 (0x00006f17) x30 0x8000fd68
core   0: 0x80009d6c (0x283f2c23) sw      gp, 664(t5)
core   0: 3 0x80009d6c (0x283f2c23) mem 0x80010000 0x00000001
core   0: 0x80009d70 (0xff9ff06f) j       pc - 0x8
core   0: 3 0x80009d70 (0xff9ff06f)
core   0: 0x80009d68 (0x00006f17) auipc   t5, 0x6
core   0: 3 0x80009d68 (0x00006f17) x30 0x8000fd68
core   0: 0x80009d6c (0x283f2c23) sw      gp, 664(t5)
core   0: 3 0x80009d6c (0x283f2c23) mem 0x80010000 0x00000001
core   0: 0x80009d70 (0xff9ff06f) j       pc - 0x8
core   0: 3 0x80009d70 (0xff9ff06f)
core   0: 0x80009d68 (0x00006f17) auipc   t5, 0x6
core   0: 3 0x80009d68 (0x00006f17) x30 0x8000fd68
core   0: 0x80009d6c (0x283f2c23) sw      gp, 664(t5)
core   0: 3 0x80009d6c (0x283f2c23) mem 0x80010000 0x00000001
core   0: 0x80009d70 (0xff9ff06f) j       pc - 0x8
core   0: 3 0x80009d70 (0xff9ff06f)
core   0: 0x80009d68 (0x00006f17) auipc   t5, 0x6
core   0: 3 0x80009d68 (0x00006f17) x30 0x8000fd68
core   0: 0x80009d6c (0x283f2c23) sw      gp, 664(t5)
core   0: 3 0x80009d6c (0x283f2c23) mem 0x80010000 0x00000001
core   0: 0x80009d70 (0xff9ff06f) j       pc - 0x8
core   0: 3 0x80009d70 (0xff9ff06f)
core   0: 0x80009d68 (0x00006f17) auipc   t5, 0x6
core   0: 3 0x80009d68 (0x00006f17) x30 0x8000fd68
core   0: 0x80009d6c (0x283f2c23) sw      gp, 664(t5)
core   0: 3 0x80009d6c (0x283f2c23) mem 0x80010000 0x00000001
core   0: 0x80009d70 (0xff9ff06f) j       pc - 0x8
core   0: 3 0x80009d70 (0xff9ff06f)
core   0: 0x80009d68 (0x00006f17) auipc   t5, 0x6
core   0: 3 0x80009d68 (0x00006f17) x30 0x8000fd68
core   0: 0x80009d6c (0x283f2c23) sw      gp, 664(t5)
core   0: 3 0x80009d6c (0x283f2c23) mem 0x80010000 0x00000001
core   0: 0x80009d70 (0xff9ff06f) j       pc - 0x8
core   0: 3 0x80009d70 (0xff9ff06f)
core   0: 0x80009d68 (0x00006f17) auipc   t5, 0x6
core   0: 3 0x80009d68 (0x00006f17) x30 0x8000fd68
core   0: 0x80009d6c (0x283f2c23) sw      gp, 664(t5)
core   0: 3 0x80009d6c (0x283f2c23) mem 0x80010000 0x00000001
core   0: 0x80009d70 (0xff9ff06f) j       pc - 0x8
core   0: 3 0x80009d70 (0xff9ff06f)
core   0: 0x80009d68 (0x00006f17) auipc   t5, 0x6
core   0: 3 0x80009d68 (0x00006f17) x30 0x8000fd68
core   0: 0x80009d6c (0x283f2c23) sw      gp, 664(t5)
core   0: 3 0x80009d6c (0x283f2c23) mem 0x80010000 0x00000001
core   0: 0x80009d70 (0xff9ff06f) j       pc - 0x8
core   0: 3 0x80009d70 (0xff9ff06f)
core   0: 0x80009d68 (0x00006f17) auipc   t5, 0x6
core   0: 3 0x80009d68 (0x00006f17) x30 0x8000fd68
core   0: 0x80009d6c (0x283f2c23) sw      gp, 664(t5)
core   0: 3 0x80009d6c (0x283f2c23) mem 0x80010000 0x00000001
core   0: 0x80009d70 (0xff9ff06f) j       pc - 0x8
core   0: 3 0x80009d70 (0xff9ff06f)
core   0: 0x80009d68 (0x00006f17) auipc   t5, 0x6
core   0: 3 0x80009d68 (0x00006f17) x30 0x8000fd68
core   0: 0x80009d6c (0x283f2c23) sw      gp, 664(t5)
core   0: 3 0x80009d6c (0x283f2c23) mem 0x80010000 0x00000001
core   0: 0x80009d70 (0xff9ff06f) j       pc - 0x8
core   0: 3 0x80009d70 (0xff9ff06f)
core   0: 0x80009d68 (0x00006f17) auipc   t5, 0x6
core   0: 3 0x80009d68 (0x00006f17) x30 0x8000fd68
core   0: 0x80009d6c (0x283f2c23) sw      gp, 664(t5)
core   0: 3 0x80009d6c (0x283f2c23) mem 0x80010000 0x00000001
core   0: 0x80009d70 (0xff9ff06f) j       pc - 0x8
core   0: 3 0x80009d70 (0xff9ff06f)
core   0: 0x80009d68 (0x00006f17) auipc   t5, 0x6
core   0: 3 0x80009d68 (0x00006f17) x30 0x8000fd68
core   0: 0x80009d6c (0x283f2c23) sw      gp, 664(t5)
core   0: 3 0x80009d6c (0x283f2c23) mem 0x80010000 0x00000001
core   0: 0x80009d70 (0xff9ff06f) j       pc - 0x8
core   0: 3 0x80009d70 (0xff9ff06f)
core   0: 0x80009d68 (0x00006f17) auipc   t5, 0x6
core   0: 3 0x80009d68 (0x00006f17) x30 0x8000fd68
core   0: 0x80009d6c (0x283f2c23) sw      gp, 664(t5)
core   0: 3 0x80009d6c (0x283f2c23) mem 0x80010000 0x00000001
core   0: 0x80009d70 (0xff9ff06f) j       pc - 0x8
core   0: 3 0x80009d70 (0xff9ff06f)
core   0: 0x80009d68 (0x00006f17) auipc   t5, 0x6
core   0: 3 0x80009d68 (0x00006f17) x30 0x8000fd68
core   0: 0x80009d6c (0x283f2c23) sw      gp, 664(t5)
core   0: 3 0x80009d6c (0x283f2c23) mem 0x80010000 0x00000001
core   0: 0x80009d70 (0xff9ff06f) j       pc - 0x8
core   0: 3 0x80009d70 (0xff9ff06f)
core   0: 0x80009d68 (0x00006f17) auipc   t5, 0x6
core   0: 3 0x80009d68 (0x00006f17) x30 0x8000fd68
core   0: 0x80009d6c (0x283f2c23) sw      gp, 664(t5)
core   0: 3 0x80009d6c (0x283f2c23) mem 0x80010000 0x00000001
core   0: 0x80009d70 (0xff9ff06f) j       pc - 0x8
core   0: 3 0x80009d70 (0xff9ff06f)
core   0: 0x80009d68 (0x00006f17) auipc   t5, 0x6
core   0: 3 0x80009d68 (0x00006f17) x30 0x8000fd68
core   0: 0x80009d6c (0x283f2c23) sw      gp, 664(t5)
core   0: 3 0x80009d6c (0x283f2c23) mem 0x80010000 0x00000001
core   0: 0x80009d70 (0xff9ff06f) j       pc - 0x8
core   0: 3 0x80009d70 (0xff9ff06f)
core   0: 0x80009d68 (0x00006f17) auipc   t5, 0x6
core   0: 3 0x80009d68 (0x00006f17) x30 0x8000fd68
core   0: 0x80009d6c (0x283f2c23) sw      gp, 664(t5)
core   0: 3 0x80009d6c (0x283f2c23) mem 0x80010000 0x00000001
core   0: 0x80009d70 (0xff9ff06f) j       pc - 0x8
core   0: 3 0x80009d70 (0xff9ff06f)
core   0: 0x80009d68 (0x00006f17) auipc   t5, 0x6
core   0: 3 0x80009d68 (0x00006f17) x30 0x8000fd68
core   0: 0x80009d6c (0x283f2c23) sw      gp, 664(t5)
core   0: 3 0x80009d6c (0x283f2c23) mem 0x80010000 0x00000001
core   0: 0x80009d70 (0xff9ff06f) j       pc - 0x8
core   0: 3 0x80009d70 (0xff9ff06f)
core   0: 0x80009d68 (0x00006f17) auipc   t5, 0x6
core   0: 3 0x80009d68 (0x00006f17) x30 0x8000fd68
core   0: 0x80009d6c (0x283f2c23) sw      gp, 664(t5)
core   0: 3 0x80009d6c (0x283f2c23) mem 0x80010000 0x00000001
core   0: 0x80009d70 (0xff9ff06f) j       pc - 0x8
core   0: 3 0x80009d70 (0xff9ff06f)
core   0: 0x80009d68 (0x00006f17) auipc   t5, 0x6
core   0: 3 0x80009d68 (0x00006f17) x30 0x8000fd68
core   0: 0x80009d6c (0x283f2c23) sw      gp, 664(t5)
core   0: 3 0x80009d6c (0x283f2c23) mem 0x80010000 0x00000001
core   0: 0x80009d70 (0xff9ff06f) j       pc - 0x8
core   0: 3 0x80009d70 (0xff9ff06f)
core   0: 0x80009d68 (0x00006f17) auipc   t5, 0x6
core   0: 3 0x80009d68 (0x00006f17) x30 0x8000fd68
core   0: 0x80009d6c (0x283f2c23) sw      gp, 664(t5)
core   0: 3 0x80009d6c (0x283f2c23) mem 0x80010000 0x00000001
core   0: 0x80009d70 (0xff9ff06f) j       pc - 0x8
core   0: 3 0x80009d70 (0xff9ff06f)
core   0: 0x80009d68 (0x00006f17) auipc   t5, 0x6
core   0: 3 0x80009d68 (0x00006f17) x30 0x8000fd68
core   0: 0x80009d6c (0x283f2c23) sw      gp, 664(t5)
core   0: 3 0x80009d6c (0x283f2c23) mem 0x80010000 0x00000001
core   0: 0x80009d70 (0xff9ff06f) j       pc - 0x8
core   0: 3 0x80009d70 (0xff9ff06f)
core   0: 0x80009d68 (0x00006f17) auipc   t5, 0x6
core   0: 3 0x80009d68 (0x00006f17) x30 0x8000fd68
core   0: 0x80009d6c (0x283f2c23) sw      gp, 664(t5)
core   0: 3 0x80009d6c (0x283f2c23) mem 0x80010000 0x00000001
core   0: 0x80009d70 (0xff9ff06f) j       pc - 0x8
core   0: 3 0x80009d70 (0xff9ff06f)
core   0: 0x80009d68 (0x00006f17) auipc   t5, 0x6
core   0: 3 0x80009d68 (0x00006f17) x30 0x8000fd68
core   0: 0x80009d6c (0x283f2c23) sw      gp, 664(t5)
core   0: 3 0x80009d6c (0x283f2c23) mem 0x80010000 0x00000001
core   0: 0x80009d70 (0xff9ff06f) j       pc - 0x8
core   0: 3 0x80009d70 (0xff9ff06f)
core   0: 0x80009d68 (0x00006f17) auipc   t5, 0x6
core   0: 3 0x80009d68 (0x00006f17) x30 0x8000fd68
core   0: 0x80009d6c (0x283f2c23) sw      gp, 664(t5)
core   0: 3 0x80009d6c (0x283f2c23) mem 0x80010000 0x00000001
core   0: 0x80009d70 (0xff9ff06f) j       pc - 0x8
core   0: 3 0x80009d70 (0xff9ff06f)
core   0: 0x80009d68 (0x00006f17) auipc   t5, 0x6
core   0: 3 0x80009d68 (0x00006f17) x30 0x8000fd68
core   0: 0x80009d6c (0x283f2c23) sw      gp, 664(t5)
core   0: 3 0x80009d6c (0x283f2c23) mem 0x80010000 0x00000001
core   0: 0x80009d70 (0xff9ff06f) j       pc - 0x8
core   0: 3 0x80009d70 (0xff9ff06f)
core   0: 0x80009d68 (0x00006f17) auipc   t5, 0x6
core   0: 3 0x80009d68 (0x00006f17) x30 0x8000fd68
core   0: 0x80009d6c (0x283f2c23) sw      gp, 664(t5)
core   0: 3 0x80009d6c (0x283f2c23) mem 0x80010000 0x00000001
core   0: 0x80009d70 (0xff9ff06f) j       pc - 0x8
core   0: 3 0x80009d70 (0xff9ff06f)
core   0: 0x80009d68 (0x00006f17) auipc   t5, 0x6
core   0: 3 0x80009d68 (0x00006f17) x30 0x8000fd68
core   0: 0x80009d6c (0x283f2c23) sw      gp, 664(t5)
core   0: 3 0x80009d6c (0x283f2c23) mem 0x80010000 0x00000001
core   0: 0x80009d70 (0xff9ff06f) j       pc - 0x8
core   0: 3 0x80009d70 (0xff9ff06f)
core   0: 0x80009d68 (0x00006f17) auipc   t5, 0x6
core   0: 3 0x80009d68 (0x00006f17) x30 0x8000fd68
core   0: 0x80009d6c (0x283f2c23) sw      gp, 664(t5)
core   0: 3 0x80009d6c (0x283f2c23) mem 0x80010000 0x00000001
core   0: 0x80009d70 (0xff9ff06f) j       pc - 0x8
core   0: 3 0x80009d70 (0xff9ff06f)
core   0: 0x80009d68 (0x00006f17) auipc   t5, 0x6
core   0: 3 0x80009d68 (0x00006f17) x30 0x8000fd68
core   0: 0x80009d6c (0x283f2c23) sw      gp, 664(t5)
core   0: 3 0x80009d6c (0x283f2c23) mem 0x80010000 0x00000001
core   0: 0x80009d70 (0xff9ff06f) j       pc - 0x8
core   0: 3 0x80009d70 (0xff9ff06f)
core   0: 0x80009d68 (0x00006f17) auipc   t5, 0x6
core   0: 3 0x80009d68 (0x00006f17) x30 0x8000fd68
core   0: 0x80009d6c (0x283f2c23) sw      gp, 664(t5)
core   0: 3 0x80009d6c (0x283f2c23) mem 0x80010000 0x00000001
core   0: 0x80009d70 (0xff9ff06f) j       pc - 0x8
core   0: 3 0x80009d70 (0xff9ff06f)
core   0: 0x80009d68 (0x00006f17) auipc   t5, 0x6
core   0: 3 0x80009d68 (0x00006f17) x30 0x8000fd68
core   0: 0x80009d6c (0x283f2c23) sw      gp, 664(t5)
core   0: 3 0x80009d6c (0x283f2c23) mem 0x80010000 0x00000001
core   0: 0x80009d70 (0xff9ff06f) j       pc - 0x8
core   0: 3 0x80009d70 (0xff9ff06f)
core   0: 0x80009d68 (0x00006f17) auipc   t5, 0x6
core   0: 3 0x80009d68 (0x00006f17) x30 0x8000fd68
core   0: 0x80009d6c (0x283f2c23) sw      gp, 664(t5)
core   0: 3 0x80009d6c (0x283f2c23) mem 0x80010000 0x00000001
core   0: 0x80009d70 (0xff9ff06f) j       pc - 0x8
core   0: 3 0x80009d70 (0xff9ff06f)
core   0: 0x80009d68 (0x00006f17) auipc   t5, 0x6
core   0: 3 0x80009d68 (0x00006f17) x30 0x8000fd68
core   0: 0x80009d6c (0x283f2c23) sw      gp, 664(t5)
core   0: 3 0x80009d6c (0x283f2c23) mem 0x80010000 0x00000001
core   0: 0x80009d70 (0xff9ff06f) j       pc - 0x8
core   0: 3 0x80009d70 (0xff9ff06f)
core   0: 0x80009d68 (0x00006f17) auipc   t5, 0x6
core   0: 3 0x80009d68 (0x00006f17) x30 0x8000fd68
core   0: 0x80009d6c (0x283f2c23) sw      gp, 664(t5)
core   0: 3 0x80009d6c (0x283f2c23) mem 0x80010000 0x00000001
core   0: 0x80009d70 (0xff9ff06f) j       pc - 0x8
core   0: 3 0x80009d70 (0xff9ff06f)
core   0: 0x80009d68 (0x00006f17) auipc   t5, 0x6
core   0: 3 0x80009d68 (0x00006f17) x30 0x8000fd68
core   0: 0x80009d6c (0x283f2c23) sw      gp, 664(t5)
core   0: 3 0x80009d6c (0x283f2c23) mem 0x80010000 0x00000001
core   0: 0x80009d70 (0xff9ff06f) j       pc - 0x8
core   0: 3 0x80009d70 (0xff9ff06f)
core   0: 0x80009d68 (0x00006f17) auipc   t5, 0x6
core   0: 3 0x80009d68 (0x00006f17) x30 0x8000fd68
core   0: 0x80009d6c (0x283f2c23) sw      gp, 664(t5)
core   0: 3 0x80009d6c (0x283f2c23) mem 0x80010000 0x00000001
core   0: 0x80009d70 (0xff9ff06f) j       pc - 0x8
core   0: 3 0x80009d70 (0xff9ff06f)
core   0: 0x80009d68 (0x00006f17) auipc   t5, 0x6
core   0: 3 0x80009d68 (0x00006f17) x30 0x8000fd68
core   0: 0x80009d6c (0x283f2c23) sw      gp, 664(t5)
core   0: 3 0x80009d6c (0x283f2c23) mem 0x80010000 0x00000001
core   0: 0x80009d70 (0xff9ff06f) j       pc - 0x8
core   0: 3 0x80009d70 (0xff9ff06f)
core   0: 0x80009d68 (0x00006f17) auipc   t5, 0x6
core   0: 3 0x80009d68 (0x00006f17) x30 0x8000fd68
core   0: 0x80009d6c (0x283f2c23) sw      gp, 664(t5)
core   0: 3 0x80009d6c (0x283f2c23) mem 0x80010000 0x00000001
core   0: 0x80009d70 (0xff9ff06f) j       pc - 0x8
core   0: 3 0x80009d70 (0xff9ff06f)
core   0: 0x80009d68 (0x00006f17) auipc   t5, 0x6
core   0: 3 0x80009d68 (0x00006f17) x30 0x8000fd68
core   0: 0x80009d6c (0x283f2c23) sw      gp, 664(t5)
core   0: 3 0x80009d6c (0x283f2c23) mem 0x80010000 0x00000001
core   0: 0x80009d70 (0xff9ff06f) j       pc - 0x8
core   0: 3 0x80009d70 (0xff9ff06f)
core   0: 0x80009d68 (0x00006f17) auipc   t5, 0x6
core   0: 3 0x80009d68 (0x00006f17) x30 0x8000fd68
core   0: 0x80009d6c (0x283f2c23) sw      gp, 664(t5)
core   0: 3 0x80009d6c (0x283f2c23) mem 0x80010000 0x00000001
core   0: 0x80009d70 (0xff9ff06f) j       pc - 0x8
core   0: 3 0x80009d70 (0xff9ff06f)
core   0: 0x80009d68 (0x00006f17) auipc   t5, 0x6
core   0: 3 0x80009d68 (0x00006f17) x30 0x8000fd68
core   0: 0x80009d6c (0x283f2c23) sw      gp, 664(t5)
core   0: 3 0x80009d6c (0x283f2c23) mem 0x80010000 0x00000001
core   0: 0x80009d70 (0xff9ff06f) j       pc - 0x8
core   0: 3 0x80009d70 (0xff9ff06f)
core   0: 0x80009d68 (0x00006f17) auipc   t5, 0x6
core   0: 3 0x80009d68 (0x00006f17) x30 0x8000fd68
core   0: 0x80009d6c (0x283f2c23) sw      gp, 664(t5)
core   0: 3 0x80009d6c (0x283f2c23) mem 0x80010000 0x00000001
core   0: 0x80009d70 (0xff9ff06f) j       pc - 0x8
core   0: 3 0x80009d70 (0xff9ff06f)
core   0: 0x80009d68 (0x00006f17) auipc   t5, 0x6
core   0: 3 0x80009d68 (0x00006f17) x30 0x8000fd68
core   0: 0x80009d6c (0x283f2c23) sw      gp, 664(t5)
core   0: 3 0x80009d6c (0x283f2c23) mem 0x80010000 0x00000001
core   0: 0x80009d70 (0xff9ff06f) j       pc - 0x8
core   0: 3 0x80009d70 (0xff9ff06f)
core   0: 0x80009d68 (0x00006f17) auipc   t5, 0x6
core   0: 3 0x80009d68 (0x00006f17) x30 0x8000fd68
core   0: 0x80009d6c (0x283f2c23) sw      gp, 664(t5)
core   0: 3 0x80009d6c (0x283f2c23) mem 0x80010000 0x00000001
core   0: 0x80009d70 (0xff9ff06f) j       pc - 0x8
core   0: 3 0x80009d70 (0xff9ff06f)
core   0: 0x80009d68 (0x00006f17) auipc   t5, 0x6
core   0: 3 0x80009d68 (0x00006f17) x30 0x8000fd68
core   0: 0x80009d6c (0x283f2c23) sw      gp, 664(t5)
core   0: 3 0x80009d6c (0x283f2c23) mem 0x80010000 0x00000001
core   0: 0x80009d70 (0xff9ff06f) j       pc - 0x8
core   0: 3 0x80009d70 (0xff9ff06f)
core   0: 0x80009d68 (0x00006f17) auipc   t5, 0x6
core   0: 3 0x80009d68 (0x00006f17) x30 0x8000fd68
core   0: 0x80009d6c (0x283f2c23) sw      gp, 664(t5)
core   0: 3 0x80009d6c (0x283f2c23) mem 0x80010000 0x00000001
core   0: 0x80009d70 (0xff9ff06f) j       pc - 0x8
core   0: 3 0x80009d70 (0xff9ff06f)
core   0: 0x80009d68 (0x00006f17) auipc   t5, 0x6
core   0: 3 0x80009d68 (0x00006f17) x30 0x8000fd68
core   0: 0x80009d6c (0x283f2c23) sw      gp, 664(t5)
core   0: 3 0x80009d6c (0x283f2c23) mem 0x80010000 0x00000001
core   0: 0x80009d70 (0xff9ff06f) j       pc - 0x8
core   0: 3 0x80009d70 (0xff9ff06f)
core   0: 0x80009d68 (0x00006f17) auipc   t5, 0x6
core   0: 3 0x80009d68 (0x00006f17) x30 0x8000fd68
core   0: 0x80009d6c (0x283f2c23) sw      gp, 664(t5)
core   0: 3 0x80009d6c (0x283f2c23) mem 0x80010000 0x00000001
core   0: 0x80009d70 (0xff9ff06f) j       pc - 0x8
core   0: 3 0x80009d70 (0xff9ff06f)
core   0: 0x80009d68 (0x00006f17) auipc   t5, 0x6
core   0: 3 0x80009d68 (0x00006f17) x30 0x8000fd68
core   0: 0x80009d6c (0x283f2c23) sw      gp, 664(t5)
core   0: 3 0x80009d6c (0x283f2c23) mem 0x80010000 0x00000001
core   0: 0x80009d70 (0xff9ff06f) j       pc - 0x8
core   0: 3 0x80009d70 (0xff9ff06f)
core   0: 0x80009d68 (0x00006f17) auipc   t5, 0x6
core   0: 3 0x80009d68 (0x00006f17) x30 0x8000fd68
core   0: 0x80009d6c (0x283f2c23) sw      gp, 664(t5)
core   0: 3 0x80009d6c (0x283f2c23) mem 0x80010000 0x00000001
core   0: 0x80009d70 (0xff9ff06f) j       pc - 0x8
core   0: 3 0x80009d70 (0xff9ff06f)
core   0: 0x80009d68 (0x00006f17) auipc   t5, 0x6
core   0: 3 0x80009d68 (0x00006f17) x30 0x8000fd68
core   0: 0x80009d6c (0x283f2c23) sw      gp, 664(t5)
core   0: 3 0x80009d6c (0x283f2c23) mem 0x80010000 0x00000001
core   0: 0x80009d70 (0xff9ff06f) j       pc - 0x8
core   0: 3 0x80009d70 (0xff9ff06f)
core   0: 0x80009d68 (0x00006f17) auipc   t5, 0x6
core   0: 3 0x80009d68 (0x00006f17) x30 0x8000fd68
core   0: 0x80009d6c (0x283f2c23) sw      gp, 664(t5)
core   0: 3 0x80009d6c (0x283f2c23) mem 0x80010000 0x00000001
core   0: 0x80009d70 (0xff9ff06f) j       pc - 0x8
core   0: 3 0x80009d70 (0xff9ff06f)
core   0: 0x80009d68 (0x00006f17) auipc   t5, 0x6
core   0: 3 0x80009d68 (0x00006f17) x30 0x8000fd68
core   0: 0x80009d6c (0x283f2c23) sw      gp, 664(t5)
core   0: 3 0x80009d6c (0x283f2c23) mem 0x80010000 0x00000001
core   0: 0x80009d70 (0xff9ff06f) j       pc - 0x8
core   0: 3 0x80009d70 (0xff9ff06f)
core   0: 0x80009d68 (0x00006f17) auipc   t5, 0x6
core   0: 3 0x80009d68 (0x00006f17) x30 0x8000fd68
core   0: 0x80009d6c (0x283f2c23) sw      gp, 664(t5)
core   0: 3 0x80009d6c (0x283f2c23) mem 0x80010000 0x00000001
core   0: 0x80009d70 (0xff9ff06f) j       pc - 0x8
core   0: 3 0x80009d70 (0xff9ff06f)
core   0: 0x80009d68 (0x00006f17) auipc   t5, 0x6
core   0: 3 0x80009d68 (0x00006f17) x30 0x8000fd68
core   0: 0x80009d6c (0x283f2c23) sw      gp, 664(t5)
core   0: 3 0x80009d6c (0x283f2c23) mem 0x80010000 0x00000001
core   0: 0x80009d70 (0xff9ff06f) j       pc - 0x8
core   0: 3 0x80009d70 (0xff9ff06f)
core   0: 0x80009d68 (0x00006f17) auipc   t5, 0x6
core   0: 3 0x80009d68 (0x00006f17) x30 0x8000fd68
core   0: 0x80009d6c (0x283f2c23) sw      gp, 664(t5)
core   0: 3 0x80009d6c (0x283f2c23) mem 0x80010000 0x00000001
core   0: 0x80009d70 (0xff9ff06f) j       pc - 0x8
core   0: 3 0x80009d70 (0xff9ff06f)
core   0: 0x80009d68 (0x00006f17) auipc   t5, 0x6
core   0: 3 0x80009d68 (0x00006f17) x30 0x8000fd68
core   0: 0x80009d6c (0x283f2c23) sw      gp, 664(t5)
core   0: 3 0x80009d6c (0x283f2c23) mem 0x80010000 0x00000001
core   0: 0x80009d70 (0xff9ff06f) j       pc - 0x8
core   0: 3 0x80009d70 (0xff9ff06f)
core   0: 0x80009d68 (0x00006f17) auipc   t5, 0x6
core   0: 3 0x80009d68 (0x00006f17) x30 0x8000fd68
core   0: 0x80009d6c (0x283f2c23) sw      gp, 664(t5)
core   0: 3 0x80009d6c (0x283f2c23) mem 0x80010000 0x00000001
core   0: 0x80009d70 (0xff9ff06f) j       pc - 0x8
core   0: 3 0x80009d70 (0xff9ff06f)
core   0: 0x80009d68 (0x00006f17) auipc   t5, 0x6
core   0: 3 0x80009d68 (0x00006f17) x30 0x8000fd68
core   0: 0x80009d6c (0x283f2c23) sw      gp, 664(t5)
core   0: 3 0x80009d6c (0x283f2c23) mem 0x80010000 0x00000001
core   0: 0x80009d70 (0xff9ff06f) j       pc - 0x8
core   0: 3 0x80009d70 (0xff9ff06f)
core   0: 0x80009d68 (0x00006f17) auipc   t5, 0x6
core   0: 3 0x80009d68 (0x00006f17) x30 0x8000fd68
core   0: 0x80009d6c (0x283f2c23) sw      gp, 664(t5)
core   0: 3 0x80009d6c (0x283f2c23) mem 0x80010000 0x00000001
core   0: 0x80009d70 (0xff9ff06f) j       pc - 0x8
core   0: 3 0x80009d70 (0xff9ff06f)
core   0: 0x80009d68 (0x00006f17) auipc   t5, 0x6
core   0: 3 0x80009d68 (0x00006f17) x30 0x8000fd68
core   0: 0x80009d6c (0x283f2c23) sw      gp, 664(t5)
core   0: 3 0x80009d6c (0x283f2c23) mem 0x80010000 0x00000001
core   0: 0x80009d70 (0xff9ff06f) j       pc - 0x8
core   0: 3 0x80009d70 (0xff9ff06f)
core   0: 0x80009d68 (0x00006f17) auipc   t5, 0x6
core   0: 3 0x80009d68 (0x00006f17) x30 0x8000fd68
core   0: 0x80009d6c (0x283f2c23) sw      gp, 664(t5)
core   0: 3 0x80009d6c (0x283f2c23) mem 0x80010000 0x00000001
core   0: 0x80009d70 (0xff9ff06f) j       pc - 0x8
core   0: 3 0x80009d70 (0xff9ff06f)
core   0: 0x80009d68 (0x00006f17) auipc   t5, 0x6
core   0: 3 0x80009d68 (0x00006f17) x30 0x8000fd68
core   0: 0x80009d6c (0x283f2c23) sw      gp, 664(t5)
core   0: 3 0x80009d6c (0x283f2c23) mem 0x80010000 0x00000001
core   0: 0x80009d70 (0xff9ff06f) j       pc - 0x8
core   0: 3 0x80009d70 (0xff9ff06f)
core   0: 0x80009d68 (0x00006f17) auipc   t5, 0x6
core   0: 3 0x80009d68 (0x00006f17) x30 0x8000fd68
core   0: 0x80009d6c (0x283f2c23) sw      gp, 664(t5)
core   0: 3 0x80009d6c (0x283f2c23) mem 0x80010000 0x00000001
core   0: 0x80009d70 (0xff9ff06f) j       pc - 0x8
core   0: 3 0x80009d70 (0xff9ff06f)
core   0: 0x80009d68 (0x00006f17) auipc   t5, 0x6
core   0: 3 0x80009d68 (0x00006f17) x30 0x8000fd68
core   0: 0x80009d6c (0x283f2c23) sw      gp, 664(t5)
core   0: 3 0x80009d6c (0x283f2c23) mem 0x80010000 0x00000001
core   0: 0x80009d70 (0xff9ff06f) j       pc - 0x8
core   0: 3 0x80009d70 (0xff9ff06f)
core   0: 0x80009d68 (0x00006f17) auipc   t5, 0x6
core   0: 3 0x80009d68 (0x00006f17) x30 0x8000fd68
core   0: 0x80009d6c (0x283f2c23) sw      gp, 664(t5)
core   0: 3 0x80009d6c (0x283f2c23) mem 0x80010000 0x00000001
core   0: 0x80009d70 (0xff9ff06f) j       pc - 0x8
core   0: 3 0x80009d70 (0xff9ff06f)
core   0: 0x80009d68 (0x00006f17) auipc   t5, 0x6
core   0: 3 0x80009d68 (0x00006f17) x30 0x8000fd68
core   0: 0x80009d6c (0x283f2c23) sw      gp, 664(t5)
core   0: 3 0x80009d6c (0x283f2c23) mem 0x80010000 0x00000001
core   0: 0x80009d70 (0xff9ff06f) j       pc - 0x8
core   0: 3 0x80009d70 (0xff9ff06f)
core   0: 0x80009d68 (0x00006f17) auipc   t5, 0x6
core   0: 3 0x80009d68 (0x00006f17) x30 0x8000fd68
core   0: 0x80009d6c (0x283f2c23) sw      gp, 664(t5)
core   0: 3 0x80009d6c (0x283f2c23) mem 0x80010000 0x00000001
core   0: 0x80009d70 (0xff9ff06f) j       pc - 0x8
core   0: 3 0x80009d70 (0xff9ff06f)
core   0: 0x80009d68 (0x00006f17) auipc   t5, 0x6
core   0: 3 0x80009d68 (0x00006f17) x30 0x8000fd68
core   0: 0x80009d6c (0x283f2c23) sw      gp, 664(t5)
core   0: 3 0x80009d6c (0x283f2c23) mem 0x80010000 0x00000001
core   0: 0x80009d70 (0xff9ff06f) j       pc - 0x8
core   0: 3 0x80009d70 (0xff9ff06f)
core   0: 0x80009d68 (0x00006f17) auipc   t5, 0x6
core   0: 3 0x80009d68 (0x00006f17) x30 0x8000fd68
core   0: 0x80009d6c (0x283f2c23) sw      gp, 664(t5)
core   0: 3 0x80009d6c (0x283f2c23) mem 0x80010000 0x00000001
core   0: 0x80009d70 (0xff9ff06f) j       pc - 0x8
core   0: 3 0x80009d70 (0xff9ff06f)
core   0: 0x80009d68 (0x00006f17) auipc   t5, 0x6
core   0: 3 0x80009d68 (0x00006f17) x30 0x8000fd68
core   0: 0x80009d6c (0x283f2c23) sw      gp, 664(t5)
core   0: 3 0x80009d6c (0x283f2c23) mem 0x80010000 0x00000001
core   0: 0x80009d70 (0xff9ff06f) j       pc - 0x8
core   0: 3 0x80009d70 (0xff9ff06f)
core   0: 0x80009d68 (0x00006f17) auipc   t5, 0x6
core   0: 3 0x80009d68 (0x00006f17) x30 0x8000fd68
core   0: 0x80009d6c (0x283f2c23) sw      gp, 664(t5)
core   0: 3 0x80009d6c (0x283f2c23) mem 0x80010000 0x00000001
core   0: 0x80009d70 (0xff9ff06f) j       pc - 0x8
core   0: 3 0x80009d70 (0xff9ff06f)
core   0: 0x80009d68 (0x00006f17) auipc   t5, 0x6
core   0: 3 0x80009d68 (0x00006f17) x30 0x8000fd68
core   0: 0x80009d6c (0x283f2c23) sw      gp, 664(t5)
core   0: 3 0x80009d6c (0x283f2c23) mem 0x80010000 0x00000001
core   0: 0x80009d70 (0xff9ff06f) j       pc - 0x8
core   0: 3 0x80009d70 (0xff9ff06f)
core   0: 0x80009d68 (0x00006f17) auipc   t5, 0x6
core   0: 3 0x80009d68 (0x00006f17) x30 0x8000fd68
core   0: 0x80009d6c (0x283f2c23) sw      gp, 664(t5)
core   0: 3 0x80009d6c (0x283f2c23) mem 0x80010000 0x00000001
core   0: 0x80009d70 (0xff9ff06f) j       pc - 0x8
core   0: 3 0x80009d70 (0xff9ff06f)
core   0: 0x80009d68 (0x00006f17) auipc   t5, 0x6
core   0: 3 0x80009d68 (0x00006f17) x30 0x8000fd68
core   0: 0x80009d6c (0x283f2c23) sw      gp, 664(t5)
core   0: 3 0x80009d6c (0x283f2c23) mem 0x80010000 0x00000001
core   0: 0x80009d70 (0xff9ff06f) j       pc - 0x8
core   0: 3 0x80009d70 (0xff9ff06f)
core   0: 0x80009d68 (0x00006f17) auipc   t5, 0x6
core   0: 3 0x80009d68 (0x00006f17) x30 0x8000fd68
core   0: 0x80009d6c (0x283f2c23) sw      gp, 664(t5)
core   0: 3 0x80009d6c (0x283f2c23) mem 0x80010000 0x00000001
core   0: 0x80009d70 (0xff9ff06f) j       pc - 0x8
core   0: 3 0x80009d70 (0xff9ff06f)
core   0: 0x80009d68 (0x00006f17) auipc   t5, 0x6
core   0: 3 0x80009d68 (0x00006f17) x30 0x8000fd68
core   0: 0x80009d6c (0x283f2c23) sw      gp, 664(t5)
core   0: 3 0x80009d6c (0x283f2c23) mem 0x80010000 0x00000001
core   0: 0x80009d70 (0xff9ff06f) j       pc - 0x8
core   0: 3 0x80009d70 (0xff9ff06f)
core   0: 0x80009d68 (0x00006f17) auipc   t5, 0x6
core   0: 3 0x80009d68 (0x00006f17) x30 0x8000fd68
core   0: 0x80009d6c (0x283f2c23) sw      gp, 664(t5)
core   0: 3 0x80009d6c (0x283f2c23) mem 0x80010000 0x00000001
core   0: 0x80009d70 (0xff9ff06f) j       pc - 0x8
core   0: 3 0x80009d70 (0xff9ff06f)
core   0: 0x80009d68 (0x00006f17) auipc   t5, 0x6
core   0: 3 0x80009d68 (0x00006f17) x30 0x8000fd68
core   0: 0x80009d6c (0x283f2c23) sw      gp, 664(t5)
core   0: 3 0x80009d6c (0x283f2c23) mem 0x80010000 0x00000001
core   0: 0x80009d70 (0xff9ff06f) j       pc - 0x8
core   0: 3 0x80009d70 (0xff9ff06f)
core   0: 0x80009d68 (0x00006f17) auipc   t5, 0x6
core   0: 3 0x80009d68 (0x00006f17) x30 0x8000fd68
core   0: 0x80009d6c (0x283f2c23) sw      gp, 664(t5)
core   0: 3 0x80009d6c (0x283f2c23) mem 0x80010000 0x00000001
core   0: 0x80009d70 (0xff9ff06f) j       pc - 0x8
core   0: 3 0x80009d70 (0xff9ff06f)
core   0: 0x80009d68 (0x00006f17) auipc   t5, 0x6
core   0: 3 0x80009d68 (0x00006f17) x30 0x8000fd68
core   0: 0x80009d6c (0x283f2c23) sw      gp, 664(t5)
core   0: 3 0x80009d6c (0x283f2c23) mem 0x80010000 0x00000001
core   0: 0x80009d70 (0xff9ff06f) j       pc - 0x8
core   0: 3 0x80009d70 (0xff9ff06f)
core   0: 0x80009d68 (0x00006f17) auipc   t5, 0x6
core   0: 3 0x80009d68 (0x00006f17) x30 0x8000fd68
core   0: 0x80009d6c (0x283f2c23) sw      gp, 664(t5)
core   0: 3 0x80009d6c (0x283f2c23) mem 0x80010000 0x00000001
core   0: 0x80009d70 (0xff9ff06f) j       pc - 0x8
core   0: 3 0x80009d70 (0xff9ff06f)
core   0: 0x80009d68 (0x00006f17) auipc   t5, 0x6
core   0: 3 0x80009d68 (0x00006f17) x30 0x8000fd68
core   0: 0x80009d6c (0x283f2c23) sw      gp, 664(t5)
core   0: 3 0x80009d6c (0x283f2c23) mem 0x80010000 0x00000001
core   0: 0x80009d70 (0xff9ff06f) j       pc - 0x8
core   0: 3 0x80009d70 (0xff9ff06f)
core   0: 0x80009d68 (0x00006f17) auipc   t5, 0x6
core   0: 3 0x80009d68 (0x00006f17) x30 0x8000fd68
core   0: 0x80009d6c (0x283f2c23) sw      gp, 664(t5)
core   0: 3 0x80009d6c (0x283f2c23) mem 0x80010000 0x00000001
core   0: 0x80009d70 (0xff9ff06f) j       pc - 0x8
core   0: 3 0x80009d70 (0xff9ff06f)
core   0: 0x80009d68 (0x00006f17) auipc   t5, 0x6
core   0: 3 0x80009d68 (0x00006f17) x30 0x8000fd68
core   0: 0x80009d6c (0x283f2c23) sw      gp, 664(t5)
core   0: 3 0x80009d6c (0x283f2c23) mem 0x80010000 0x00000001
core   0: 0x80009d70 (0xff9ff06f) j       pc - 0x8
core   0: 3 0x80009d70 (0xff9ff06f)
core   0: 0x80009d68 (0x00006f17) auipc   t5, 0x6
core   0: 3 0x80009d68 (0x00006f17) x30 0x8000fd68
core   0: 0x80009d6c (0x283f2c23) sw      gp, 664(t5)
core   0: 3 0x80009d6c (0x283f2c23) mem 0x80010000 0x00000001
core   0: 0x80009d70 (0xff9ff06f) j       pc - 0x8
core   0: 3 0x80009d70 (0xff9ff06f)
core   0: 0x80009d68 (0x00006f17) auipc   t5, 0x6
core   0: 3 0x80009d68 (0x00006f17) x30 0x8000fd68
core   0: 0x80009d6c (0x283f2c23) sw      gp, 664(t5)
core   0: 3 0x80009d6c (0x283f2c23) mem 0x80010000 0x00000001
core   0: 0x80009d70 (0xff9ff06f) j       pc - 0x8
core   0: 3 0x80009d70 (0xff9ff06f)
core   0: 0x80009d68 (0x00006f17) auipc   t5, 0x6
core   0: 3 0x80009d68 (0x00006f17) x30 0x8000fd68
core   0: 0x80009d6c (0x283f2c23) sw      gp, 664(t5)
core   0: 3 0x80009d6c (0x283f2c23) mem 0x80010000 0x00000001
core   0: 0x80009d70 (0xff9ff06f) j       pc - 0x8
core   0: 3 0x80009d70 (0xff9ff06f)
core   0: 0x80009d68 (0x00006f17) auipc   t5, 0x6
core   0: 3 0x80009d68 (0x00006f17) x30 0x8000fd68
core   0: 0x80009d6c (0x283f2c23) sw      gp, 664(t5)
core   0: 3 0x80009d6c (0x283f2c23) mem 0x80010000 0x00000001
core   0: 0x80009d70 (0xff9ff06f) j       pc - 0x8
core   0: 3 0x80009d70 (0xff9ff06f)
core   0: 0x80009d68 (0x00006f17) auipc   t5, 0x6
core   0: 3 0x80009d68 (0x00006f17) x30 0x8000fd68
core   0: 0x80009d6c (0x283f2c23) sw      gp, 664(t5)
core   0: 3 0x80009d6c (0x283f2c23) mem 0x80010000 0x00000001
core   0: 0x80009d70 (0xff9ff06f) j       pc - 0x8
core   0: 3 0x80009d70 (0xff9ff06f)
core   0: 0x80009d68 (0x00006f17) auipc   t5, 0x6
core   0: 3 0x80009d68 (0x00006f17) x30 0x8000fd68
core   0: 0x80009d6c (0x283f2c23) sw      gp, 664(t5)
core   0: 3 0x80009d6c (0x283f2c23) mem 0x80010000 0x00000001
core   0: 0x80009d70 (0xff9ff06f) j       pc - 0x8
core   0: 3 0x80009d70 (0xff9ff06f)
core   0: 0x80009d68 (0x00006f17) auipc   t5, 0x6
core   0: 3 0x80009d68 (0x00006f17) x30 0x8000fd68
core   0: 0x80009d6c (0x283f2c23) sw      gp, 664(t5)
core   0: 3 0x80009d6c (0x283f2c23) mem 0x80010000 0x00000001
core   0: 0x80009d70 (0xff9ff06f) j       pc - 0x8
core   0: 3 0x80009d70 (0xff9ff06f)
core   0: 0x80009d68 (0x00006f17) auipc   t5, 0x6
core   0: 3 0x80009d68 (0x00006f17) x30 0x8000fd68
core   0: 0x80009d6c (0x283f2c23) sw      gp, 664(t5)
core   0: 3 0x80009d6c (0x283f2c23) mem 0x80010000 0x00000001
core   0: 0x80009d70 (0xff9ff06f) j       pc - 0x8
core   0: 3 0x80009d70 (0xff9ff06f)
core   0: 0x80009d68 (0x00006f17) auipc   t5, 0x6
core   0: 3 0x80009d68 (0x00006f17) x30 0x8000fd68
core   0: 0x80009d6c (0x283f2c23) sw      gp, 664(t5)
core   0: 3 0x80009d6c (0x283f2c23) mem 0x80010000 0x00000001
core   0: 0x80009d70 (0xff9ff06f) j       pc - 0x8
core   0: 3 0x80009d70 (0xff9ff06f)
core   0: 0x80009d68 (0x00006f17) auipc   t5, 0x6
core   0: 3 0x80009d68 (0x00006f17) x30 0x8000fd68
core   0: 0x80009d6c (0x283f2c23) sw      gp, 664(t5)
core   0: 3 0x80009d6c (0x283f2c23) mem 0x80010000 0x00000001
core   0: 0x80009d70 (0xff9ff06f) j       pc - 0x8
core   0: 3 0x80009d70 (0xff9ff06f)
core   0: 0x80009d68 (0x00006f17) auipc   t5, 0x6
core   0: 3 0x80009d68 (0x00006f17) x30 0x8000fd68
core   0: 0x80009d6c (0x283f2c23) sw      gp, 664(t5)
core   0: 3 0x80009d6c (0x283f2c23) mem 0x80010000 0x00000001
core   0: 0x80009d70 (0xff9ff06f) j       pc - 0x8
core   0: 3 0x80009d70 (0xff9ff06f)
core   0: 0x80009d68 (0x00006f17) auipc   t5, 0x6
core   0: 3 0x80009d68 (0x00006f17) x30 0x8000fd68
core   0: 0x80009d6c (0x283f2c23) sw      gp, 664(t5)
core   0: 3 0x80009d6c (0x283f2c23) mem 0x80010000 0x00000001
core   0: 0x80009d70 (0xff9ff06f) j       pc - 0x8
core   0: 3 0x80009d70 (0xff9ff06f)
core   0: 0x80009d68 (0x00006f17) auipc   t5, 0x6
core   0: 3 0x80009d68 (0x00006f17) x30 0x8000fd68
core   0: 0x80009d6c (0x283f2c23) sw      gp, 664(t5)
core   0: 3 0x80009d6c (0x283f2c23) mem 0x80010000 0x00000001
core   0: 0x80009d70 (0xff9ff06f) j       pc - 0x8
core   0: 3 0x80009d70 (0xff9ff06f)
core   0: 0x80009d68 (0x00006f17) auipc   t5, 0x6
core   0: 3 0x80009d68 (0x00006f17) x30 0x8000fd68
core   0: 0x80009d6c (0x283f2c23) sw      gp, 664(t5)
core   0: 3 0x80009d6c (0x283f2c23) mem 0x80010000 0x00000001
core   0: 0x80009d70 (0xff9ff06f) j       pc - 0x8
core   0: 3 0x80009d70 (0xff9ff06f)
core   0: 0x80009d68 (0x00006f17) auipc   t5, 0x6
core   0: 3 0x80009d68 (0x00006f17) x30 0x8000fd68
core   0: 0x80009d6c (0x283f2c23) sw      gp, 664(t5)
core   0: 3 0x80009d6c (0x283f2c23) mem 0x80010000 0x00000001
core   0: 0x80009d70 (0xff9ff06f) j       pc - 0x8
core   0: 3 0x80009d70 (0xff9ff06f)
core   0: 0x80009d68 (0x00006f17) auipc   t5, 0x6
core   0: 3 0x80009d68 (0x00006f17) x30 0x8000fd68
core   0: 0x80009d6c (0x283f2c23) sw      gp, 664(t5)
core   0: 3 0x80009d6c (0x283f2c23) mem 0x80010000 0x00000001
core   0: 0x80009d70 (0xff9ff06f) j       pc - 0x8
core   0: 3 0x80009d70 (0xff9ff06f)
core   0: 0x80009d68 (0x00006f17) auipc   t5, 0x6
core   0: 3 0x80009d68 (0x00006f17) x30 0x8000fd68
core   0: 0x80009d6c (0x283f2c23) sw      gp, 664(t5)
core   0: 3 0x80009d6c (0x283f2c23) mem 0x80010000 0x00000001
core   0: 0x80009d70 (0xff9ff06f) j       pc - 0x8
core   0: 3 0x80009d70 (0xff9ff06f)
core   0: 0x80009d68 (0x00006f17) auipc   t5, 0x6
core   0: 3 0x80009d68 (0x00006f17) x30 0x8000fd68
core   0: 0x80009d6c (0x283f2c23) sw      gp, 664(t5)
core   0: 3 0x80009d6c (0x283f2c23) mem 0x80010000 0x00000001
core   0: 0x80009d70 (0xff9ff06f) j       pc - 0x8
core   0: 3 0x80009d70 (0xff9ff06f)
core   0: 0x80009d68 (0x00006f17) auipc   t5, 0x6
core   0: 3 0x80009d68 (0x00006f17) x30 0x8000fd68
core   0: 0x80009d6c (0x283f2c23) sw      gp, 664(t5)
core   0: 3 0x80009d6c (0x283f2c23) mem 0x80010000 0x00000001
core   0: 0x80009d70 (0xff9ff06f) j       pc - 0x8
core   0: 3 0x80009d70 (0xff9ff06f)
core   0: 0x80009d68 (0x00006f17) auipc   t5, 0x6
core   0: 3 0x80009d68 (0x00006f17) x30 0x8000fd68
core   0: 0x80009d6c (0x283f2c23) sw      gp, 664(t5)
core   0: 3 0x80009d6c (0x283f2c23) mem 0x80010000 0x00000001
core   0: 0x80009d70 (0xff9ff06f) j       pc - 0x8
core   0: 3 0x80009d70 (0xff9ff06f)
core   0: 0x80009d68 (0x00006f17) auipc   t5, 0x6
core   0: 3 0x80009d68 (0x00006f17) x30 0x8000fd68
core   0: 0x80009d6c (0x283f2c23) sw      gp, 664(t5)
core   0: 3 0x80009d6c (0x283f2c23) mem 0x80010000 0x00000001
core   0: 0x80009d70 (0xff9ff06f) j       pc - 0x8
core   0: 3 0x80009d70 (0xff9ff06f)
core   0: 0x80009d68 (0x00006f17) auipc   t5, 0x6
core   0: 3 0x80009d68 (0x00006f17) x30 0x8000fd68
core   0: 0x80009d6c (0x283f2c23) sw      gp, 664(t5)
core   0: 3 0x80009d6c (0x283f2c23) mem 0x80010000 0x00000001
core   0: 0x80009d70 (0xff9ff06f) j       pc - 0x8
core   0: 3 0x80009d70 (0xff9ff06f)
core   0: 0x80009d68 (0x00006f17) auipc   t5, 0x6
core   0: 3 0x80009d68 (0x00006f17) x30 0x8000fd68
core   0: 0x80009d6c (0x283f2c23) sw      gp, 664(t5)
core   0: 3 0x80009d6c (0x283f2c23) mem 0x80010000 0x00000001
core   0: 0x80009d70 (0xff9ff06f) j       pc - 0x8
core   0: 3 0x80009d70 (0xff9ff06f)
core   0: 0x80009d68 (0x00006f17) auipc   t5, 0x6
core   0: 3 0x80009d68 (0x00006f17) x30 0x8000fd68
core   0: 0x80009d6c (0x283f2c23) sw      gp, 664(t5)
core   0: 3 0x80009d6c (0x283f2c23) mem 0x80010000 0x00000001
core   0: 0x80009d70 (0xff9ff06f) j       pc - 0x8
core   0: 3 0x80009d70 (0xff9ff06f)
core   0: 0x80009d68 (0x00006f17) auipc   t5, 0x6
core   0: 3 0x80009d68 (0x00006f17) x30 0x8000fd68
core   0: 0x80009d6c (0x283f2c23) sw      gp, 664(t5)
core   0: 3 0x80009d6c (0x283f2c23) mem 0x80010000 0x00000001
core   0: 0x80009d70 (0xff9ff06f) j       pc - 0x8
core   0: 3 0x80009d70 (0xff9ff06f)
core   0: 0x80009d68 (0x00006f17) auipc   t5, 0x6
core   0: 3 0x80009d68 (0x00006f17) x30 0x8000fd68
core   0: 0x80009d6c (0x283f2c23) sw      gp, 664(t5)
core   0: 3 0x80009d6c (0x283f2c23) mem 0x80010000 0x00000001
core   0: 0x80009d70 (0xff9ff06f) j       pc - 0x8
core   0: 3 0x80009d70 (0xff9ff06f)
core   0: 0x80009d68 (0x00006f17) auipc   t5, 0x6
core   0: 3 0x80009d68 (0x00006f17) x30 0x8000fd68
core   0: 0x80009d6c (0x283f2c23) sw      gp, 664(t5)
core   0: 3 0x80009d6c (0x283f2c23) mem 0x80010000 0x00000001
core   0: 0x80009d70 (0xff9ff06f) j       pc - 0x8
core   0: 3 0x80009d70 (0xff9ff06f)
core   0: 0x80009d68 (0x00006f17) auipc   t5, 0x6
core   0: 3 0x80009d68 (0x00006f17) x30 0x8000fd68
core   0: 0x80009d6c (0x283f2c23) sw      gp, 664(t5)
core   0: 3 0x80009d6c (0x283f2c23) mem 0x80010000 0x00000001
core   0: 0x80009d70 (0xff9ff06f) j       pc - 0x8
core   0: 3 0x80009d70 (0xff9ff06f)
core   0: 0x80009d68 (0x00006f17) auipc   t5, 0x6
core   0: 3 0x80009d68 (0x00006f17) x30 0x8000fd68
core   0: 0x80009d6c (0x283f2c23) sw      gp, 664(t5)
core   0: 3 0x80009d6c (0x283f2c23) mem 0x80010000 0x00000001
core   0: 0x80009d70 (0xff9ff06f) j       pc - 0x8
core   0: 3 0x80009d70 (0xff9ff06f)
core   0: 0x80009d68 (0x00006f17) auipc   t5, 0x6
core   0: 3 0x80009d68 (0x00006f17) x30 0x8000fd68
core   0: 0x80009d6c (0x283f2c23) sw      gp, 664(t5)
core   0: 3 0x80009d6c (0x283f2c23) mem 0x80010000 0x00000001
core   0: 0x80009d70 (0xff9ff06f) j       pc - 0x8
core   0: 3 0x80009d70 (0xff9ff06f)
core   0: 0x80009d68 (0x00006f17) auipc   t5, 0x6
core   0: 3 0x80009d68 (0x00006f17) x30 0x8000fd68
core   0: 0x80009d6c (0x283f2c23) sw      gp, 664(t5)
core   0: 3 0x80009d6c (0x283f2c23) mem 0x80010000 0x00000001
core   0: 0x80009d70 (0xff9ff06f) j       pc - 0x8
core   0: 3 0x80009d70 (0xff9ff06f)
core   0: 0x80009d68 (0x00006f17) auipc   t5, 0x6
core   0: 3 0x80009d68 (0x00006f17) x30 0x8000fd68
core   0: 0x80009d6c (0x283f2c23) sw      gp, 664(t5)
core   0: 3 0x80009d6c (0x283f2c23) mem 0x80010000 0x00000001
core   0: 0x80009d70 (0xff9ff06f) j       pc - 0x8
core   0: 3 0x80009d70 (0xff9ff06f)
core   0: 0x80009d68 (0x00006f17) auipc   t5, 0x6
core   0: 3 0x80009d68 (0x00006f17) x30 0x8000fd68
core   0: 0x80009d6c (0x283f2c23) sw      gp, 664(t5)
core   0: 3 0x80009d6c (0x283f2c23) mem 0x80010000 0x00000001
core   0: 0x80009d70 (0xff9ff06f) j       pc - 0x8
core   0: 3 0x80009d70 (0xff9ff06f)
core   0: 0x80009d68 (0x00006f17) auipc   t5, 0x6
core   0: 3 0x80009d68 (0x00006f17) x30 0x8000fd68
core   0: 0x80009d6c (0x283f2c23) sw      gp, 664(t5)
core   0: 3 0x80009d6c (0x283f2c23) mem 0x80010000 0x00000001
core   0: 0x80009d70 (0xff9ff06f) j       pc - 0x8
core   0: 3 0x80009d70 (0xff9ff06f)
core   0: 0x80009d68 (0x00006f17) auipc   t5, 0x6
core   0: 3 0x80009d68 (0x00006f17) x30 0x8000fd68
core   0: 0x80009d6c (0x283f2c23) sw      gp, 664(t5)
core   0: 3 0x80009d6c (0x283f2c23) mem 0x80010000 0x00000001
core   0: 0x80009d70 (0xff9ff06f) j       pc - 0x8
core   0: 3 0x80009d70 (0xff9ff06f)
core   0: 0x80009d68 (0x00006f17) auipc   t5, 0x6
core   0: 3 0x80009d68 (0x00006f17) x30 0x8000fd68
core   0: 0x80009d6c (0x283f2c23) sw      gp, 664(t5)
core   0: 3 0x80009d6c (0x283f2c23) mem 0x80010000 0x00000001
core   0: 0x80009d70 (0xff9ff06f) j       pc - 0x8
core   0: 3 0x80009d70 (0xff9ff06f)
core   0: 0x80009d68 (0x00006f17) auipc   t5, 0x6
core   0: 3 0x80009d68 (0x00006f17) x30 0x8000fd68
core   0: 0x80009d6c (0x283f2c23) sw      gp, 664(t5)
core   0: 3 0x80009d6c (0x283f2c23) mem 0x80010000 0x00000001
core   0: 0x80009d70 (0xff9ff06f) j       pc - 0x8
core   0: 3 0x80009d70 (0xff9ff06f)
core   0: 0x80009d68 (0x00006f17) auipc   t5, 0x6
core   0: 3 0x80009d68 (0x00006f17) x30 0x8000fd68
core   0: 0x80009d6c (0x283f2c23) sw      gp, 664(t5)
core   0: 3 0x80009d6c (0x283f2c23) mem 0x80010000 0x00000001
core   0: 0x80009d70 (0xff9ff06f) j       pc - 0x8
core   0: 3 0x80009d70 (0xff9ff06f)
core   0: 0x80009d68 (0x00006f17) auipc   t5, 0x6
core   0: 3 0x80009d68 (0x00006f17) x30 0x8000fd68
core   0: 0x80009d6c (0x283f2c23) sw      gp, 664(t5)
core   0: 3 0x80009d6c (0x283f2c23) mem 0x80010000 0x00000001
core   0: 0x80009d70 (0xff9ff06f) j       pc - 0x8
core   0: 3 0x80009d70 (0xff9ff06f)
core   0: 0x80009d68 (0x00006f17) auipc   t5, 0x6
core   0: 3 0x80009d68 (0x00006f17) x30 0x8000fd68
core   0: 0x80009d6c (0x283f2c23) sw      gp, 664(t5)
core   0: 3 0x80009d6c (0x283f2c23) mem 0x80010000 0x00000001
core   0: 0x80009d70 (0xff9ff06f) j       pc - 0x8
core   0: 3 0x80009d70 (0xff9ff06f)
core   0: 0x80009d68 (0x00006f17) auipc   t5, 0x6
core   0: 3 0x80009d68 (0x00006f17) x30 0x8000fd68
core   0: 0x80009d6c (0x283f2c23) sw      gp, 664(t5)
core   0: 3 0x80009d6c (0x283f2c23) mem 0x80010000 0x00000001
core   0: 0x80009d70 (0xff9ff06f) j       pc - 0x8
core   0: 3 0x80009d70 (0xff9ff06f)
core   0: 0x80009d68 (0x00006f17) auipc   t5, 0x6
core   0: 3 0x80009d68 (0x00006f17) x30 0x8000fd68
core   0: 0x80009d6c (0x283f2c23) sw      gp, 664(t5)
core   0: 3 0x80009d6c (0x283f2c23) mem 0x80010000 0x00000001
core   0: 0x80009d70 (0xff9ff06f) j       pc - 0x8
core   0: 3 0x80009d70 (0xff9ff06f)
core   0: 0x80009d68 (0x00006f17) auipc   t5, 0x6
core   0: 3 0x80009d68 (0x00006f17) x30 0x8000fd68
core   0: 0x80009d6c (0x283f2c23) sw      gp, 664(t5)
core   0: 3 0x80009d6c (0x283f2c23) mem 0x80010000 0x00000001
core   0: 0x80009d70 (0xff9ff06f) j       pc - 0x8
core   0: 3 0x80009d70 (0xff9ff06f)
core   0: 0x80009d68 (0x00006f17) auipc   t5, 0x6
core   0: 3 0x80009d68 (0x00006f17) x30 0x8000fd68
core   0: 0x80009d6c (0x283f2c23) sw      gp, 664(t5)
core   0: 3 0x80009d6c (0x283f2c23) mem 0x80010000 0x00000001
core   0: 0x80009d70 (0xff9ff06f) j       pc - 0x8
core   0: 3 0x80009d70 (0xff9ff06f)
core   0: 0x80009d68 (0x00006f17) auipc   t5, 0x6
core   0: 3 0x80009d68 (0x00006f17) x30 0x8000fd68
core   0: 0x80009d6c (0x283f2c23) sw      gp, 664(t5)
core   0: 3 0x80009d6c (0x283f2c23) mem 0x80010000 0x00000001
core   0: 0x80009d70 (0xff9ff06f) j       pc - 0x8
core   0: 3 0x80009d70 (0xff9ff06f)
core   0: 0x80009d68 (0x00006f17) auipc   t5, 0x6
core   0: 3 0x80009d68 (0x00006f17) x30 0x8000fd68
core   0: 0x80009d6c (0x283f2c23) sw      gp, 664(t5)
core   0: 3 0x80009d6c (0x283f2c23) mem 0x80010000 0x00000001
core   0: 0x80009d70 (0xff9ff06f) j       pc - 0x8
core   0: 3 0x80009d70 (0xff9ff06f)
core   0: 0x80009d68 (0x00006f17) auipc   t5, 0x6
core   0: 3 0x80009d68 (0x00006f17) x30 0x8000fd68
core   0: 0x80009d6c (0x283f2c23) sw      gp, 664(t5)
core   0: 3 0x80009d6c (0x283f2c23) mem 0x80010000 0x00000001
core   0: 0x80009d70 (0xff9ff06f) j       pc - 0x8
core   0: 3 0x80009d70 (0xff9ff06f)
core   0: 0x80009d68 (0x00006f17) auipc   t5, 0x6
core   0: 3 0x80009d68 (0x00006f17) x30 0x8000fd68
core   0: 0x80009d6c (0x283f2c23) sw      gp, 664(t5)
core   0: 3 0x80009d6c (0x283f2c23) mem 0x80010000 0x00000001
core   0: 0x80009d70 (0xff9ff06f) j       pc - 0x8
core   0: 3 0x80009d70 (0xff9ff06f)
core   0: 0x80009d68 (0x00006f17) auipc   t5, 0x6
core   0: 3 0x80009d68 (0x00006f17) x30 0x8000fd68
core   0: 0x80009d6c (0x283f2c23) sw      gp, 664(t5)
core   0: 3 0x80009d6c (0x283f2c23) mem 0x80010000 0x00000001
core   0: 0x80009d70 (0xff9ff06f) j       pc - 0x8
core   0: 3 0x80009d70 (0xff9ff06f)
core   0: 0x80009d68 (0x00006f17) auipc   t5, 0x6
core   0: 3 0x80009d68 (0x00006f17) x30 0x8000fd68
core   0: 0x80009d6c (0x283f2c23) sw      gp, 664(t5)
core   0: 3 0x80009d6c (0x283f2c23) mem 0x80010000 0x00000001
core   0: 0x80009d70 (0xff9ff06f) j       pc - 0x8
core   0: 3 0x80009d70 (0xff9ff06f)
core   0: 0x80009d68 (0x00006f17) auipc   t5, 0x6
core   0: 3 0x80009d68 (0x00006f17) x30 0x8000fd68
core   0: 0x80009d6c (0x283f2c23) sw      gp, 664(t5)
core   0: 3 0x80009d6c (0x283f2c23) mem 0x80010000 0x00000001
core   0: 0x80009d70 (0xff9ff06f) j       pc - 0x8
core   0: 3 0x80009d70 (0xff9ff06f)
core   0: 0x80009d68 (0x00006f17) auipc   t5, 0x6
core   0: 3 0x80009d68 (0x00006f17) x30 0x8000fd68
core   0: 0x80009d6c (0x283f2c23) sw      gp, 664(t5)
core   0: 3 0x80009d6c (0x283f2c23) mem 0x80010000 0x00000001
core   0: 0x80009d70 (0xff9ff06f) j       pc - 0x8
core   0: 3 0x80009d70 (0xff9ff06f)
core   0: 0x80009d68 (0x00006f17) auipc   t5, 0x6
core   0: 3 0x80009d68 (0x00006f17) x30 0x8000fd68
core   0: 0x80009d6c (0x283f2c23) sw      gp, 664(t5)
core   0: 3 0x80009d6c (0x283f2c23) mem 0x80010000 0x00000001
core   0: 0x80009d70 (0xff9ff06f) j       pc - 0x8
core   0: 3 0x80009d70 (0xff9ff06f)
core   0: 0x80009d68 (0x00006f17) auipc   t5, 0x6
core   0: 3 0x80009d68 (0x00006f17) x30 0x8000fd68
core   0: 0x80009d6c (0x283f2c23) sw      gp, 664(t5)
core   0: 3 0x80009d6c (0x283f2c23) mem 0x80010000 0x00000001
core   0: 0x80009d70 (0xff9ff06f) j       pc - 0x8
core   0: 3 0x80009d70 (0xff9ff06f)
core   0: 0x80009d68 (0x00006f17) auipc   t5, 0x6
core   0: 3 0x80009d68 (0x00006f17) x30 0x8000fd68
core   0: 0x80009d6c (0x283f2c23) sw      gp, 664(t5)
core   0: 3 0x80009d6c (0x283f2c23) mem 0x80010000 0x00000001
core   0: 0x80009d70 (0xff9ff06f) j       pc - 0x8
core   0: 3 0x80009d70 (0xff9ff06f)
core   0: 0x80009d68 (0x00006f17) auipc   t5, 0x6
core   0: 3 0x80009d68 (0x00006f17) x30 0x8000fd68
core   0: 0x80009d6c (0x283f2c23) sw      gp, 664(t5)
core   0: 3 0x80009d6c (0x283f2c23) mem 0x80010000 0x00000001
core   0: 0x80009d70 (0xff9ff06f) j       pc - 0x8
core   0: 3 0x80009d70 (0xff9ff06f)
core   0: 0x80009d68 (0x00006f17) auipc   t5, 0x6
core   0: 3 0x80009d68 (0x00006f17) x30 0x8000fd68
core   0: 0x80009d6c (0x283f2c23) sw      gp, 664(t5)
core   0: 3 0x80009d6c (0x283f2c23) mem 0x80010000 0x00000001
core   0: 0x80009d70 (0xff9ff06f) j       pc - 0x8
core   0: 3 0x80009d70 (0xff9ff06f)
core   0: 0x80009d68 (0x00006f17) auipc   t5, 0x6
core   0: 3 0x80009d68 (0x00006f17) x30 0x8000fd68
core   0: 0x80009d6c (0x283f2c23) sw      gp, 664(t5)
core   0: 3 0x80009d6c (0x283f2c23) mem 0x80010000 0x00000001
core   0: 0x80009d70 (0xff9ff06f) j       pc - 0x8
core   0: 3 0x80009d70 (0xff9ff06f)
core   0: 0x80009d68 (0x00006f17) auipc   t5, 0x6
core   0: 3 0x80009d68 (0x00006f17) x30 0x8000fd68
core   0: 0x80009d6c (0x283f2c23) sw      gp, 664(t5)
core   0: 3 0x80009d6c (0x283f2c23) mem 0x80010000 0x00000001
core   0: 0x80009d70 (0xff9ff06f) j       pc - 0x8
core   0: 3 0x80009d70 (0xff9ff06f)
core   0: 0x80009d68 (0x00006f17) auipc   t5, 0x6
core   0: 3 0x80009d68 (0x00006f17) x30 0x8000fd68
core   0: 0x80009d6c (0x283f2c23) sw      gp, 664(t5)
core   0: 3 0x80009d6c (0x283f2c23) mem 0x80010000 0x00000001
core   0: 0x80009d70 (0xff9ff06f) j       pc - 0x8
core   0: 3 0x80009d70 (0xff9ff06f)
core   0: 0x80009d68 (0x00006f17) auipc   t5, 0x6
core   0: 3 0x80009d68 (0x00006f17) x30 0x8000fd68
core   0: 0x80009d6c (0x283f2c23) sw      gp, 664(t5)
core   0: 3 0x80009d6c (0x283f2c23) mem 0x80010000 0x00000001
core   0: 0x80009d70 (0xff9ff06f) j       pc - 0x8
core   0: 3 0x80009d70 (0xff9ff06f)
core   0: 0x80009d68 (0x00006f17) auipc   t5, 0x6
core   0: 3 0x80009d68 (0x00006f17) x30 0x8000fd68
core   0: 0x80009d6c (0x283f2c23) sw      gp, 664(t5)
core   0: 3 0x80009d6c (0x283f2c23) mem 0x80010000 0x00000001
core   0: 0x80009d70 (0xff9ff06f) j       pc - 0x8
core   0: 3 0x80009d70 (0xff9ff06f)
core   0: 0x80009d68 (0x00006f17) auipc   t5, 0x6
core   0: 3 0x80009d68 (0x00006f17) x30 0x8000fd68
core   0: 0x80009d6c (0x283f2c23) sw      gp, 664(t5)
core   0: 3 0x80009d6c (0x283f2c23) mem 0x80010000 0x00000001
core   0: 0x80009d70 (0xff9ff06f) j       pc - 0x8
core   0: 3 0x80009d70 (0xff9ff06f)
core   0: 0x80009d68 (0x00006f17) auipc   t5, 0x6
core   0: 3 0x80009d68 (0x00006f17) x30 0x8000fd68
core   0: 0x80009d6c (0x283f2c23) sw      gp, 664(t5)
core   0: 3 0x80009d6c (0x283f2c23) mem 0x80010000 0x00000001
core   0: 0x80009d70 (0xff9ff06f) j       pc - 0x8
core   0: 3 0x80009d70 (0xff9ff06f)
core   0: 0x80009d68 (0x00006f17) auipc   t5, 0x6
core   0: 3 0x80009d68 (0x00006f17) x30 0x8000fd68
core   0: 0x80009d6c (0x283f2c23) sw      gp, 664(t5)
core   0: 3 0x80009d6c (0x283f2c23) mem 0x80010000 0x00000001
core   0: 0x80009d70 (0xff9ff06f) j       pc - 0x8
core   0: 3 0x80009d70 (0xff9ff06f)
core   0: 0x80009d68 (0x00006f17) auipc   t5, 0x6
core   0: 3 0x80009d68 (0x00006f17) x30 0x8000fd68
core   0: 0x80009d6c (0x283f2c23) sw      gp, 664(t5)
core   0: 3 0x80009d6c (0x283f2c23) mem 0x80010000 0x00000001
core   0: 0x80009d70 (0xff9ff06f) j       pc - 0x8
core   0: 3 0x80009d70 (0xff9ff06f)
core   0: 0x80009d68 (0x00006f17) auipc   t5, 0x6
core   0: 3 0x80009d68 (0x00006f17) x30 0x8000fd68
core   0: 0x80009d6c (0x283f2c23) sw      gp, 664(t5)
core   0: 3 0x80009d6c (0x283f2c23) mem 0x80010000 0x00000001
core   0: 0x80009d70 (0xff9ff06f) j       pc - 0x8
core   0: 3 0x80009d70 (0xff9ff06f)
core   0: 0x80009d68 (0x00006f17) auipc   t5, 0x6
core   0: 3 0x80009d68 (0x00006f17) x30 0x8000fd68
core   0: 0x80009d6c (0x283f2c23) sw      gp, 664(t5)
core   0: 3 0x80009d6c (0x283f2c23) mem 0x80010000 0x00000001
core   0: 0x80009d70 (0xff9ff06f) j       pc - 0x8
core   0: 3 0x80009d70 (0xff9ff06f)
core   0: 0x80009d68 (0x00006f17) auipc   t5, 0x6
core   0: 3 0x80009d68 (0x00006f17) x30 0x8000fd68
core   0: 0x80009d6c (0x283f2c23) sw      gp, 664(t5)
core   0: 3 0x80009d6c (0x283f2c23) mem 0x80010000 0x00000001
core   0: 0x80009d70 (0xff9ff06f) j       pc - 0x8
core   0: 3 0x80009d70 (0xff9ff06f)
core   0: 0x80009d68 (0x00006f17) auipc   t5, 0x6
core   0: 3 0x80009d68 (0x00006f17) x30 0x8000fd68
core   0: 0x80009d6c (0x283f2c23) sw      gp, 664(t5)
core   0: 3 0x80009d6c (0x283f2c23) mem 0x80010000 0x00000001
core   0: 0x80009d70 (0xff9ff06f) j       pc - 0x8
core   0: 3 0x80009d70 (0xff9ff06f)
core   0: 0x80009d68 (0x00006f17) auipc   t5, 0x6
core   0: 3 0x80009d68 (0x00006f17) x30 0x8000fd68
core   0: 0x80009d6c (0x283f2c23) sw      gp, 664(t5)
core   0: 3 0x80009d6c (0x283f2c23) mem 0x80010000 0x00000001
core   0: 0x80009d70 (0xff9ff06f) j       pc - 0x8
core   0: 3 0x80009d70 (0xff9ff06f)
core   0: 0x80009d68 (0x00006f17) auipc   t5, 0x6
core   0: 3 0x80009d68 (0x00006f17) x30 0x8000fd68
core   0: 0x80009d6c (0x283f2c23) sw      gp, 664(t5)
core   0: 3 0x80009d6c (0x283f2c23) mem 0x80010000 0x00000001
core   0: 0x80009d70 (0xff9ff06f) j       pc - 0x8
core   0: 3 0x80009d70 (0xff9ff06f)
core   0: 0x80009d68 (0x00006f17) auipc   t5, 0x6
core   0: 3 0x80009d68 (0x00006f17) x30 0x8000fd68
core   0: 0x80009d6c (0x283f2c23) sw      gp, 664(t5)
core   0: 3 0x80009d6c (0x283f2c23) mem 0x80010000 0x00000001
core   0: 0x80009d70 (0xff9ff06f) j       pc - 0x8
core   0: 3 0x80009d70 (0xff9ff06f)
core   0: 0x80009d68 (0x00006f17) auipc   t5, 0x6
core   0: 3 0x80009d68 (0x00006f17) x30 0x8000fd68
core   0: 0x80009d6c (0x283f2c23) sw      gp, 664(t5)
core   0: 3 0x80009d6c (0x283f2c23) mem 0x80010000 0x00000001
core   0: 0x80009d70 (0xff9ff06f) j       pc - 0x8
core   0: 3 0x80009d70 (0xff9ff06f)
core   0: 0x80009d68 (0x00006f17) auipc   t5, 0x6
core   0: 3 0x80009d68 (0x00006f17) x30 0x8000fd68
core   0: 0x80009d6c (0x283f2c23) sw      gp, 664(t5)
core   0: 3 0x80009d6c (0x283f2c23) mem 0x80010000 0x00000001
core   0: 0x80009d70 (0xff9ff06f) j       pc - 0x8
core   0: 3 0x80009d70 (0xff9ff06f)
core   0: 0x80009d68 (0x00006f17) auipc   t5, 0x6
core   0: 3 0x80009d68 (0x00006f17) x30 0x8000fd68
core   0: 0x80009d6c (0x283f2c23) sw      gp, 664(t5)
core   0: 3 0x80009d6c (0x283f2c23) mem 0x80010000 0x00000001
core   0: 0x80009d70 (0xff9ff06f) j       pc - 0x8
core   0: 3 0x80009d70 (0xff9ff06f)
core   0: 0x80009d68 (0x00006f17) auipc   t5, 0x6
core   0: 3 0x80009d68 (0x00006f17) x30 0x8000fd68
core   0: 0x80009d6c (0x283f2c23) sw      gp, 664(t5)
core   0: 3 0x80009d6c (0x283f2c23) mem 0x80010000 0x00000001
core   0: 0x80009d70 (0xff9ff06f) j       pc - 0x8
core   0: 3 0x80009d70 (0xff9ff06f)
core   0: 0x80009d68 (0x00006f17) auipc   t5, 0x6
core   0: 3 0x80009d68 (0x00006f17) x30 0x8000fd68
core   0: 0x80009d6c (0x283f2c23) sw      gp, 664(t5)
core   0: 3 0x80009d6c (0x283f2c23) mem 0x80010000 0x00000001
core   0: 0x80009d70 (0xff9ff06f) j       pc - 0x8
core   0: 3 0x80009d70 (0xff9ff06f)
core   0: 0x80009d68 (0x00006f17) auipc   t5, 0x6
core   0: 3 0x80009d68 (0x00006f17) x30 0x8000fd68
core   0: 0x80009d6c (0x283f2c23) sw      gp, 664(t5)
core   0: 3 0x80009d6c (0x283f2c23) mem 0x80010000 0x00000001
core   0: 0x80009d70 (0xff9ff06f) j       pc - 0x8
core   0: 3 0x80009d70 (0xff9ff06f)
core   0: 0x80009d68 (0x00006f17) auipc   t5, 0x6
core   0: 3 0x80009d68 (0x00006f17) x30 0x8000fd68
core   0: 0x80009d6c (0x283f2c23) sw      gp, 664(t5)
core   0: 3 0x80009d6c (0x283f2c23) mem 0x80010000 0x00000001
core   0: 0x80009d70 (0xff9ff06f) j       pc - 0x8
core   0: 3 0x80009d70 (0xff9ff06f)
core   0: 0x80009d68 (0x00006f17) auipc   t5, 0x6
core   0: 3 0x80009d68 (0x00006f17) x30 0x8000fd68
core   0: 0x80009d6c (0x283f2c23) sw      gp, 664(t5)
core   0: 3 0x80009d6c (0x283f2c23) mem 0x80010000 0x00000001
core   0: 0x80009d70 (0xff9ff06f) j       pc - 0x8
core   0: 3 0x80009d70 (0xff9ff06f)
core   0: 0x80009d68 (0x00006f17) auipc   t5, 0x6
core   0: 3 0x80009d68 (0x00006f17) x30 0x8000fd68
core   0: 0x80009d6c (0x283f2c23) sw      gp, 664(t5)
core   0: 3 0x80009d6c (0x283f2c23) mem 0x80010000 0x00000001
core   0: 0x80009d70 (0xff9ff06f) j       pc - 0x8
core   0: 3 0x80009d70 (0xff9ff06f)
core   0: 0x80009d68 (0x00006f17) auipc   t5, 0x6
core   0: 3 0x80009d68 (0x00006f17) x30 0x8000fd68
core   0: 0x80009d6c (0x283f2c23) sw      gp, 664(t5)
core   0: 3 0x80009d6c (0x283f2c23) mem 0x80010000 0x00000001
core   0: 0x80009d70 (0xff9ff06f) j       pc - 0x8
core   0: 3 0x80009d70 (0xff9ff06f)
core   0: 0x80009d68 (0x00006f17) auipc   t5, 0x6
core   0: 3 0x80009d68 (0x00006f17) x30 0x8000fd68
core   0: 0x80009d6c (0x283f2c23) sw      gp, 664(t5)
core   0: 3 0x80009d6c (0x283f2c23) mem 0x80010000 0x00000001
core   0: 0x80009d70 (0xff9ff06f) j       pc - 0x8
core   0: 3 0x80009d70 (0xff9ff06f)
core   0: 0x80009d68 (0x00006f17) auipc   t5, 0x6
core   0: 3 0x80009d68 (0x00006f17) x30 0x8000fd68
core   0: 0x80009d6c (0x283f2c23) sw      gp, 664(t5)
core   0: 3 0x80009d6c (0x283f2c23) mem 0x80010000 0x00000001
core   0: 0x80009d70 (0xff9ff06f) j       pc - 0x8
core   0: 3 0x80009d70 (0xff9ff06f)
core   0: 0x80009d68 (0x00006f17) auipc   t5, 0x6
core   0: 3 0x80009d68 (0x00006f17) x30 0x8000fd68
core   0: 0x80009d6c (0x283f2c23) sw      gp, 664(t5)
core   0: 3 0x80009d6c (0x283f2c23) mem 0x80010000 0x00000001
core   0: 0x80009d70 (0xff9ff06f) j       pc - 0x8
core   0: 3 0x80009d70 (0xff9ff06f)
core   0: 0x80009d68 (0x00006f17) auipc   t5, 0x6
core   0: 3 0x80009d68 (0x00006f17) x30 0x8000fd68
core   0: 0x80009d6c (0x283f2c23) sw      gp, 664(t5)
core   0: 3 0x80009d6c (0x283f2c23) mem 0x80010000 0x00000001
core   0: 0x80009d70 (0xff9ff06f) j       pc - 0x8
core   0: 3 0x80009d70 (0xff9ff06f)
core   0: 0x80009d68 (0x00006f17) auipc   t5, 0x6
core   0: 3 0x80009d68 (0x00006f17) x30 0x8000fd68
core   0: 0x80009d6c (0x283f2c23) sw      gp, 664(t5)
core   0: 3 0x80009d6c (0x283f2c23) mem 0x80010000 0x00000001
core   0: 0x80009d70 (0xff9ff06f) j       pc - 0x8
core   0: 3 0x80009d70 (0xff9ff06f)
core   0: 0x80009d68 (0x00006f17) auipc   t5, 0x6
core   0: 3 0x80009d68 (0x00006f17) x30 0x8000fd68
core   0: 0x80009d6c (0x283f2c23) sw      gp, 664(t5)
core   0: 3 0x80009d6c (0x283f2c23) mem 0x80010000 0x00000001
core   0: 0x80009d70 (0xff9ff06f) j       pc - 0x8
core   0: 3 0x80009d70 (0xff9ff06f)
core   0: 0x80009d68 (0x00006f17) auipc   t5, 0x6
core   0: 3 0x80009d68 (0x00006f17) x30 0x8000fd68
core   0: 0x80009d6c (0x283f2c23) sw      gp, 664(t5)
core   0: 3 0x80009d6c (0x283f2c23) mem 0x80010000 0x00000001
core   0: 0x80009d70 (0xff9ff06f) j       pc - 0x8
core   0: 3 0x80009d70 (0xff9ff06f)
core   0: 0x80009d68 (0x00006f17) auipc   t5, 0x6
core   0: 3 0x80009d68 (0x00006f17) x30 0x8000fd68
core   0: 0x80009d6c (0x283f2c23) sw      gp, 664(t5)
core   0: 3 0x80009d6c (0x283f2c23) mem 0x80010000 0x00000001
core   0: 0x80009d70 (0xff9ff06f) j       pc - 0x8
core   0: 3 0x80009d70 (0xff9ff06f)
core   0: 0x80009d68 (0x00006f17) auipc   t5, 0x6
core   0: 3 0x80009d68 (0x00006f17) x30 0x8000fd68
core   0: 0x80009d6c (0x283f2c23) sw      gp, 664(t5)
core   0: 3 0x80009d6c (0x283f2c23) mem 0x80010000 0x00000001
core   0: 0x80009d70 (0xff9ff06f) j       pc - 0x8
core   0: 3 0x80009d70 (0xff9ff06f)
core   0: 0x80009d68 (0x00006f17) auipc   t5, 0x6
core   0: 3 0x80009d68 (0x00006f17) x30 0x8000fd68
core   0: 0x80009d6c (0x283f2c23) sw      gp, 664(t5)
core   0: 3 0x80009d6c (0x283f2c23) mem 0x80010000 0x00000001
core   0: 0x80009d70 (0xff9ff06f) j       pc - 0x8
core   0: 3 0x80009d70 (0xff9ff06f)
core   0: 0x80009d68 (0x00006f17) auipc   t5, 0x6
core   0: 3 0x80009d68 (0x00006f17) x30 0x8000fd68
core   0: 0x80009d6c (0x283f2c23) sw      gp, 664(t5)
core   0: 3 0x80009d6c (0x283f2c23) mem 0x80010000 0x00000001
core   0: 0x80009d70 (0xff9ff06f) j       pc - 0x8
core   0: 3 0x80009d70 (0xff9ff06f)
core   0: 0x80009d68 (0x00006f17) auipc   t5, 0x6
core   0: 3 0x80009d68 (0x00006f17) x30 0x8000fd68
core   0: 0x80009d6c (0x283f2c23) sw      gp, 664(t5)
core   0: 3 0x80009d6c (0x283f2c23) mem 0x80010000 0x00000001
core   0: 0x80009d70 (0xff9ff06f) j       pc - 0x8
core   0: 3 0x80009d70 (0xff9ff06f)
core   0: 0x80009d68 (0x00006f17) auipc   t5, 0x6
core   0: 3 0x80009d68 (0x00006f17) x30 0x8000fd68
core   0: 0x80009d6c (0x283f2c23) sw      gp, 664(t5)
core   0: 3 0x80009d6c (0x283f2c23) mem 0x80010000 0x00000001
core   0: 0x80009d70 (0xff9ff06f) j       pc - 0x8
core   0: 3 0x80009d70 (0xff9ff06f)
core   0: 0x80009d68 (0x00006f17) auipc   t5, 0x6
core   0: 3 0x80009d68 (0x00006f17) x30 0x8000fd68
core   0: 0x80009d6c (0x283f2c23) sw      gp, 664(t5)
core   0: 3 0x80009d6c (0x283f2c23) mem 0x80010000 0x00000001
core   0: 0x80009d70 (0xff9ff06f) j       pc - 0x8
core   0: 3 0x80009d70 (0xff9ff06f)
core   0: 0x80009d68 (0x00006f17) auipc   t5, 0x6
core   0: 3 0x80009d68 (0x00006f17) x30 0x8000fd68
core   0: 0x80009d6c (0x283f2c23) sw      gp, 664(t5)
core   0: 3 0x80009d6c (0x283f2c23) mem 0x80010000 0x00000001
core   0: 0x80009d70 (0xff9ff06f) j       pc - 0x8
core   0: 3 0x80009d70 (0xff9ff06f)
core   0: 0x80009d68 (0x00006f17) auipc   t5, 0x6
core   0: 3 0x80009d68 (0x00006f17) x30 0x8000fd68
core   0: 0x80009d6c (0x283f2c23) sw      gp, 664(t5)
core   0: 3 0x80009d6c (0x283f2c23) mem 0x80010000 0x00000001
core   0: 0x80009d70 (0xff9ff06f) j       pc - 0x8
core   0: 3 0x80009d70 (0xff9ff06f)
core   0: 0x80009d68 (0x00006f17) auipc   t5, 0x6
core   0: 3 0x80009d68 (0x00006f17) x30 0x8000fd68
core   0: 0x80009d6c (0x283f2c23) sw      gp, 664(t5)
core   0: 3 0x80009d6c (0x283f2c23) mem 0x80010000 0x00000001
core   0: 0x80009d70 (0xff9ff06f) j       pc - 0x8
core   0: 3 0x80009d70 (0xff9ff06f)
core   0: 0x80009d68 (0x00006f17) auipc   t5, 0x6
core   0: 3 0x80009d68 (0x00006f17) x30 0x8000fd68
core   0: 0x80009d6c (0x283f2c23) sw      gp, 664(t5)
core   0: 3 0x80009d6c (0x283f2c23) mem 0x80010000 0x00000001
core   0: 0x80009d70 (0xff9ff06f) j       pc - 0x8
core   0: 3 0x80009d70 (0xff9ff06f)
core   0: 0x80009d68 (0x00006f17) auipc   t5, 0x6
core   0: 3 0x80009d68 (0x00006f17) x30 0x8000fd68
core   0: 0x80009d6c (0x283f2c23) sw      gp, 664(t5)
core   0: 3 0x80009d6c (0x283f2c23) mem 0x80010000 0x00000001
core   0: 0x80009d70 (0xff9ff06f) j       pc - 0x8
core   0: 3 0x80009d70 (0xff9ff06f)
core   0: 0x80009d68 (0x00006f17) auipc   t5, 0x6
core   0: 3 0x80009d68 (0x00006f17) x30 0x8000fd68
core   0: 0x80009d6c (0x283f2c23) sw      gp, 664(t5)
core   0: 3 0x80009d6c (0x283f2c23) mem 0x80010000 0x00000001
core   0: 0x80009d70 (0xff9ff06f) j       pc - 0x8
core   0: 3 0x80009d70 (0xff9ff06f)
core   0: 0x80009d68 (0x00006f17) auipc   t5, 0x6
core   0: 3 0x80009d68 (0x00006f17) x30 0x8000fd68
core   0: 0x80009d6c (0x283f2c23) sw      gp, 664(t5)
core   0: 3 0x80009d6c (0x283f2c23) mem 0x80010000 0x00000001
core   0: 0x80009d70 (0xff9ff06f) j       pc - 0x8
core   0: 3 0x80009d70 (0xff9ff06f)
core   0: 0x80009d68 (0x00006f17) auipc   t5, 0x6
core   0: 3 0x80009d68 (0x00006f17) x30 0x8000fd68
core   0: 0x80009d6c (0x283f2c23) sw      gp, 664(t5)
core   0: 3 0x80009d6c (0x283f2c23) mem 0x80010000 0x00000001
core   0: 0x80009d70 (0xff9ff06f) j       pc - 0x8
core   0: 3 0x80009d70 (0xff9ff06f)
core   0: 0x80009d68 (0x00006f17) auipc   t5, 0x6
core   0: 3 0x80009d68 (0x00006f17) x30 0x8000fd68
core   0: 0x80009d6c (0x283f2c23) sw      gp, 664(t5)
core   0: 3 0x80009d6c (0x283f2c23) mem 0x80010000 0x00000001
core   0: 0x80009d70 (0xff9ff06f) j       pc - 0x8
core   0: 3 0x80009d70 (0xff9ff06f)
core   0: 0x80009d68 (0x00006f17) auipc   t5, 0x6
core   0: 3 0x80009d68 (0x00006f17) x30 0x8000fd68
core   0: 0x80009d6c (0x283f2c23) sw      gp, 664(t5)
core   0: 3 0x80009d6c (0x283f2c23) mem 0x80010000 0x00000001
core   0: 0x80009d70 (0xff9ff06f) j       pc - 0x8
core   0: 3 0x80009d70 (0xff9ff06f)
core   0: 0x80009d68 (0x00006f17) auipc   t5, 0x6
core   0: 3 0x80009d68 (0x00006f17) x30 0x8000fd68
core   0: 0x80009d6c (0x283f2c23) sw      gp, 664(t5)
core   0: 3 0x80009d6c (0x283f2c23) mem 0x80010000 0x00000001
core   0: 0x80009d70 (0xff9ff06f) j       pc - 0x8
core   0: 3 0x80009d70 (0xff9ff06f)
core   0: 0x80009d68 (0x00006f17) auipc   t5, 0x6
core   0: 3 0x80009d68 (0x00006f17) x30 0x8000fd68
core   0: 0x80009d6c (0x283f2c23) sw      gp, 664(t5)
core   0: 3 0x80009d6c (0x283f2c23) mem 0x80010000 0x00000001
core   0: 0x80009d70 (0xff9ff06f) j       pc - 0x8
core   0: 3 0x80009d70 (0xff9ff06f)
core   0: 0x80009d68 (0x00006f17) auipc   t5, 0x6
core   0: 3 0x80009d68 (0x00006f17) x30 0x8000fd68
core   0: 0x80009d6c (0x283f2c23) sw      gp, 664(t5)
core   0: 3 0x80009d6c (0x283f2c23) mem 0x80010000 0x00000001
core   0: 0x80009d70 (0xff9ff06f) j       pc - 0x8
core   0: 3 0x80009d70 (0xff9ff06f)
core   0: 0x80009d68 (0x00006f17) auipc   t5, 0x6
core   0: 3 0x80009d68 (0x00006f17) x30 0x8000fd68
core   0: 0x80009d6c (0x283f2c23) sw      gp, 664(t5)
core   0: 3 0x80009d6c (0x283f2c23) mem 0x80010000 0x00000001
core   0: 0x80009d70 (0xff9ff06f) j       pc - 0x8
core   0: 3 0x80009d70 (0xff9ff06f)
core   0: 0x80009d68 (0x00006f17) auipc   t5, 0x6
core   0: 3 0x80009d68 (0x00006f17) x30 0x8000fd68
core   0: 0x80009d6c (0x283f2c23) sw      gp, 664(t5)
core   0: 3 0x80009d6c (0x283f2c23) mem 0x80010000 0x00000001
core   0: 0x80009d70 (0xff9ff06f) j       pc - 0x8
core   0: 3 0x80009d70 (0xff9ff06f)
core   0: 0x80009d68 (0x00006f17) auipc   t5, 0x6
core   0: 3 0x80009d68 (0x00006f17) x30 0x8000fd68
core   0: 0x80009d6c (0x283f2c23) sw      gp, 664(t5)
core   0: 3 0x80009d6c (0x283f2c23) mem 0x80010000 0x00000001
core   0: 0x80009d70 (0xff9ff06f) j       pc - 0x8
core   0: 3 0x80009d70 (0xff9ff06f)
core   0: 0x80009d68 (0x00006f17) auipc   t5, 0x6
core   0: 3 0x80009d68 (0x00006f17) x30 0x8000fd68
core   0: 0x80009d6c (0x283f2c23) sw      gp, 664(t5)
core   0: 3 0x80009d6c (0x283f2c23) mem 0x80010000 0x00000001
core   0: 0x80009d70 (0xff9ff06f) j       pc - 0x8
core   0: 3 0x80009d70 (0xff9ff06f)
core   0: 0x80009d68 (0x00006f17) auipc   t5, 0x6
core   0: 3 0x80009d68 (0x00006f17) x30 0x8000fd68
core   0: 0x80009d6c (0x283f2c23) sw      gp, 664(t5)
core   0: 3 0x80009d6c (0x283f2c23) mem 0x80010000 0x00000001
core   0: 0x80009d70 (0xff9ff06f) j       pc - 0x8
core   0: 3 0x80009d70 (0xff9ff06f)
core   0: 0x80009d68 (0x00006f17) auipc   t5, 0x6
core   0: 3 0x80009d68 (0x00006f17) x30 0x8000fd68
core   0: 0x80009d6c (0x283f2c23) sw      gp, 664(t5)
core   0: 3 0x80009d6c (0x283f2c23) mem 0x80010000 0x00000001
core   0: 0x80009d70 (0xff9ff06f) j       pc - 0x8
core   0: 3 0x80009d70 (0xff9ff06f)
core   0: 0x80009d68 (0x00006f17) auipc   t5, 0x6
core   0: 3 0x80009d68 (0x00006f17) x30 0x8000fd68
core   0: 0x80009d6c (0x283f2c23) sw      gp, 664(t5)
core   0: 3 0x80009d6c (0x283f2c23) mem 0x80010000 0x00000001
core   0: 0x80009d70 (0xff9ff06f) j       pc - 0x8
core   0: 3 0x80009d70 (0xff9ff06f)
core   0: 0x80009d68 (0x00006f17) auipc   t5, 0x6
core   0: 3 0x80009d68 (0x00006f17) x30 0x8000fd68
core   0: 0x80009d6c (0x283f2c23) sw      gp, 664(t5)
core   0: 3 0x80009d6c (0x283f2c23) mem 0x80010000 0x00000001
core   0: 0x80009d70 (0xff9ff06f) j       pc - 0x8
core   0: 3 0x80009d70 (0xff9ff06f)
core   0: 0x80009d68 (0x00006f17) auipc   t5, 0x6
core   0: 3 0x80009d68 (0x00006f17) x30 0x8000fd68
core   0: 0x80009d6c (0x283f2c23) sw      gp, 664(t5)
core   0: 3 0x80009d6c (0x283f2c23) mem 0x80010000 0x00000001
core   0: 0x80009d70 (0xff9ff06f) j       pc - 0x8
core   0: 3 0x80009d70 (0xff9ff06f)
core   0: 0x80009d68 (0x00006f17) auipc   t5, 0x6
core   0: 3 0x80009d68 (0x00006f17) x30 0x8000fd68
core   0: 0x80009d6c (0x283f2c23) sw      gp, 664(t5)
core   0: 3 0x80009d6c (0x283f2c23) mem 0x80010000 0x00000001
core   0: 0x80009d70 (0xff9ff06f) j       pc - 0x8
core   0: 3 0x80009d70 (0xff9ff06f)
core   0: 0x80009d68 (0x00006f17) auipc   t5, 0x6
core   0: 3 0x80009d68 (0x00006f17) x30 0x8000fd68
core   0: 0x80009d6c (0x283f2c23) sw      gp, 664(t5)
core   0: 3 0x80009d6c (0x283f2c23) mem 0x80010000 0x00000001
core   0: 0x80009d70 (0xff9ff06f) j       pc - 0x8
core   0: 3 0x80009d70 (0xff9ff06f)
core   0: 0x80009d68 (0x00006f17) auipc   t5, 0x6
core   0: 3 0x80009d68 (0x00006f17) x30 0x8000fd68
core   0: 0x80009d6c (0x283f2c23) sw      gp, 664(t5)
core   0: 3 0x80009d6c (0x283f2c23) mem 0x80010000 0x00000001
core   0: 0x80009d70 (0xff9ff06f) j       pc - 0x8
core   0: 3 0x80009d70 (0xff9ff06f)
core   0: 0x80009d68 (0x00006f17) auipc   t5, 0x6
core   0: 3 0x80009d68 (0x00006f17) x30 0x8000fd68
core   0: 0x80009d6c (0x283f2c23) sw      gp, 664(t5)
core   0: 3 0x80009d6c (0x283f2c23) mem 0x80010000 0x00000001
core   0: 0x80009d70 (0xff9ff06f) j       pc - 0x8
core   0: 3 0x80009d70 (0xff9ff06f)
core   0: 0x80009d68 (0x00006f17) auipc   t5, 0x6
core   0: 3 0x80009d68 (0x00006f17) x30 0x8000fd68
core   0: 0x80009d6c (0x283f2c23) sw      gp, 664(t5)
core   0: 3 0x80009d6c (0x283f2c23) mem 0x80010000 0x00000001
core   0: 0x80009d70 (0xff9ff06f) j       pc - 0x8
core   0: 3 0x80009d70 (0xff9ff06f)
core   0: 0x80009d68 (0x00006f17) auipc   t5, 0x6
core   0: 3 0x80009d68 (0x00006f17) x30 0x8000fd68
core   0: 0x80009d6c (0x283f2c23) sw      gp, 664(t5)
core   0: 3 0x80009d6c (0x283f2c23) mem 0x80010000 0x00000001
core   0: 0x80009d70 (0xff9ff06f) j       pc - 0x8
core   0: 3 0x80009d70 (0xff9ff06f)
core   0: 0x80009d68 (0x00006f17) auipc   t5, 0x6
core   0: 3 0x80009d68 (0x00006f17) x30 0x8000fd68
core   0: 0x80009d6c (0x283f2c23) sw      gp, 664(t5)
core   0: 3 0x80009d6c (0x283f2c23) mem 0x80010000 0x00000001
core   0: 0x80009d70 (0xff9ff06f) j       pc - 0x8
core   0: 3 0x80009d70 (0xff9ff06f)
core   0: 0x80009d68 (0x00006f17) auipc   t5, 0x6
core   0: 3 0x80009d68 (0x00006f17) x30 0x8000fd68
core   0: 0x80009d6c (0x283f2c23) sw      gp, 664(t5)
core   0: 3 0x80009d6c (0x283f2c23) mem 0x80010000 0x00000001
core   0: 0x80009d70 (0xff9ff06f) j       pc - 0x8
core   0: 3 0x80009d70 (0xff9ff06f)
core   0: 0x80009d68 (0x00006f17) auipc   t5, 0x6
core   0: 3 0x80009d68 (0x00006f17) x30 0x8000fd68
core   0: 0x80009d6c (0x283f2c23) sw      gp, 664(t5)
core   0: 3 0x80009d6c (0x283f2c23) mem 0x80010000 0x00000001
core   0: 0x80009d70 (0xff9ff06f) j       pc - 0x8
core   0: 3 0x80009d70 (0xff9ff06f)
core   0: 0x80009d68 (0x00006f17) auipc   t5, 0x6
core   0: 3 0x80009d68 (0x00006f17) x30 0x8000fd68
core   0: 0x80009d6c (0x283f2c23) sw      gp, 664(t5)
core   0: 3 0x80009d6c (0x283f2c23) mem 0x80010000 0x00000001
core   0: 0x80009d70 (0xff9ff06f) j       pc - 0x8
core   0: 3 0x80009d70 (0xff9ff06f)
core   0: 0x80009d68 (0x00006f17) auipc   t5, 0x6
core   0: 3 0x80009d68 (0x00006f17) x30 0x8000fd68
core   0: 0x80009d6c (0x283f2c23) sw      gp, 664(t5)
core   0: 3 0x80009d6c (0x283f2c23) mem 0x80010000 0x00000001
core   0: 0x80009d70 (0xff9ff06f) j       pc - 0x8
core   0: 3 0x80009d70 (0xff9ff06f)
core   0: 0x80009d68 (0x00006f17) auipc   t5, 0x6
core   0: 3 0x80009d68 (0x00006f17) x30 0x8000fd68
core   0: 0x80009d6c (0x283f2c23) sw      gp, 664(t5)
core   0: 3 0x80009d6c (0x283f2c23) mem 0x80010000 0x00000001
core   0: 0x80009d70 (0xff9ff06f) j       pc - 0x8
core   0: 3 0x80009d70 (0xff9ff06f)
core   0: 0x80009d68 (0x00006f17) auipc   t5, 0x6
core   0: 3 0x80009d68 (0x00006f17) x30 0x8000fd68
core   0: 0x80009d6c (0x283f2c23) sw      gp, 664(t5)
core   0: 3 0x80009d6c (0x283f2c23) mem 0x80010000 0x00000001
core   0: 0x80009d70 (0xff9ff06f) j       pc - 0x8
core   0: 3 0x80009d70 (0xff9ff06f)
core   0: 0x80009d68 (0x00006f17) auipc   t5, 0x6
core   0: 3 0x80009d68 (0x00006f17) x30 0x8000fd68
core   0: 0x80009d6c (0x283f2c23) sw      gp, 664(t5)
core   0: 3 0x80009d6c (0x283f2c23) mem 0x80010000 0x00000001
core   0: 0x80009d70 (0xff9ff06f) j       pc - 0x8
core   0: 3 0x80009d70 (0xff9ff06f)
core   0: 0x80009d68 (0x00006f17) auipc   t5, 0x6
core   0: 3 0x80009d68 (0x00006f17) x30 0x8000fd68
core   0: 0x80009d6c (0x283f2c23) sw      gp, 664(t5)
core   0: 3 0x80009d6c (0x283f2c23) mem 0x80010000 0x00000001
core   0: 0x80009d70 (0xff9ff06f) j       pc - 0x8
core   0: 3 0x80009d70 (0xff9ff06f)
core   0: 0x80009d68 (0x00006f17) auipc   t5, 0x6
core   0: 3 0x80009d68 (0x00006f17) x30 0x8000fd68
core   0: 0x80009d6c (0x283f2c23) sw      gp, 664(t5)
core   0: 3 0x80009d6c (0x283f2c23) mem 0x80010000 0x00000001
core   0: 0x80009d70 (0xff9ff06f) j       pc - 0x8
core   0: 3 0x80009d70 (0xff9ff06f)
core   0: 0x80009d68 (0x00006f17) auipc   t5, 0x6
core   0: 3 0x80009d68 (0x00006f17) x30 0x8000fd68
core   0: 0x80009d6c (0x283f2c23) sw      gp, 664(t5)
core   0: 3 0x80009d6c (0x283f2c23) mem 0x80010000 0x00000001
core   0: 0x80009d70 (0xff9ff06f) j       pc - 0x8
core   0: 3 0x80009d70 (0xff9ff06f)
core   0: 0x80009d68 (0x00006f17) auipc   t5, 0x6
core   0: 3 0x80009d68 (0x00006f17) x30 0x8000fd68
core   0: 0x80009d6c (0x283f2c23) sw      gp, 664(t5)
core   0: 3 0x80009d6c (0x283f2c23) mem 0x80010000 0x00000001
core   0: 0x80009d70 (0xff9ff06f) j       pc - 0x8
core   0: 3 0x80009d70 (0xff9ff06f)
core   0: 0x80009d68 (0x00006f17) auipc   t5, 0x6
core   0: 3 0x80009d68 (0x00006f17) x30 0x8000fd68
core   0: 0x80009d6c (0x283f2c23) sw      gp, 664(t5)
core   0: 3 0x80009d6c (0x283f2c23) mem 0x80010000 0x00000001
core   0: 0x80009d70 (0xff9ff06f) j       pc - 0x8
core   0: 3 0x80009d70 (0xff9ff06f)
core   0: 0x80009d68 (0x00006f17) auipc   t5, 0x6
core   0: 3 0x80009d68 (0x00006f17) x30 0x8000fd68
core   0: 0x80009d6c (0x283f2c23) sw      gp, 664(t5)
core   0: 3 0x80009d6c (0x283f2c23) mem 0x80010000 0x00000001
core   0: 0x80009d70 (0xff9ff06f) j       pc - 0x8
core   0: 3 0x80009d70 (0xff9ff06f)
core   0: 0x80009d68 (0x00006f17) auipc   t5, 0x6
core   0: 3 0x80009d68 (0x00006f17) x30 0x8000fd68
core   0: 0x80009d6c (0x283f2c23) sw      gp, 664(t5)
core   0: 3 0x80009d6c (0x283f2c23) mem 0x80010000 0x00000001
core   0: 0x80009d70 (0xff9ff06f) j       pc - 0x8
core   0: 3 0x80009d70 (0xff9ff06f)
core   0: 0x80009d68 (0x00006f17) auipc   t5, 0x6
core   0: 3 0x80009d68 (0x00006f17) x30 0x8000fd68
core   0: 0x80009d6c (0x283f2c23) sw      gp, 664(t5)
core   0: 3 0x80009d6c (0x283f2c23) mem 0x80010000 0x00000001
core   0: 0x80009d70 (0xff9ff06f) j       pc - 0x8
core   0: 3 0x80009d70 (0xff9ff06f)
core   0: 0x80009d68 (0x00006f17) auipc   t5, 0x6
core   0: 3 0x80009d68 (0x00006f17) x30 0x8000fd68
core   0: 0x80009d6c (0x283f2c23) sw      gp, 664(t5)
core   0: 3 0x80009d6c (0x283f2c23) mem 0x80010000 0x00000001
core   0: 0x80009d70 (0xff9ff06f) j       pc - 0x8
core   0: 3 0x80009d70 (0xff9ff06f)
core   0: 0x80009d68 (0x00006f17) auipc   t5, 0x6
core   0: 3 0x80009d68 (0x00006f17) x30 0x8000fd68
core   0: 0x80009d6c (0x283f2c23) sw      gp, 664(t5)
core   0: 3 0x80009d6c (0x283f2c23) mem 0x80010000 0x00000001
core   0: 0x80009d70 (0xff9ff06f) j       pc - 0x8
core   0: 3 0x80009d70 (0xff9ff06f)
core   0: 0x80009d68 (0x00006f17) auipc   t5, 0x6
core   0: 3 0x80009d68 (0x00006f17) x30 0x8000fd68
core   0: 0x80009d6c (0x283f2c23) sw      gp, 664(t5)
core   0: 3 0x80009d6c (0x283f2c23) mem 0x80010000 0x00000001
core   0: 0x80009d70 (0xff9ff06f) j       pc - 0x8
core   0: 3 0x80009d70 (0xff9ff06f)
core   0: 0x80009d68 (0x00006f17) auipc   t5, 0x6
core   0: 3 0x80009d68 (0x00006f17) x30 0x8000fd68
core   0: 0x80009d6c (0x283f2c23) sw      gp, 664(t5)
core   0: 3 0x80009d6c (0x283f2c23) mem 0x80010000 0x00000001
core   0: 0x80009d70 (0xff9ff06f) j       pc - 0x8
core   0: 3 0x80009d70 (0xff9ff06f)
core   0: 0x80009d68 (0x00006f17) auipc   t5, 0x6
core   0: 3 0x80009d68 (0x00006f17) x30 0x8000fd68
core   0: 0x80009d6c (0x283f2c23) sw      gp, 664(t5)
core   0: 3 0x80009d6c (0x283f2c23) mem 0x80010000 0x00000001
core   0: 0x80009d70 (0xff9ff06f) j       pc - 0x8
core   0: 3 0x80009d70 (0xff9ff06f)
core   0: 0x80009d68 (0x00006f17) auipc   t5, 0x6
core   0: 3 0x80009d68 (0x00006f17) x30 0x8000fd68
core   0: 0x80009d6c (0x283f2c23) sw      gp, 664(t5)
core   0: 3 0x80009d6c (0x283f2c23) mem 0x80010000 0x00000001
core   0: 0x80009d70 (0xff9ff06f) j       pc - 0x8
core   0: 3 0x80009d70 (0xff9ff06f)
core   0: 0x80009d68 (0x00006f17) auipc   t5, 0x6
core   0: 3 0x80009d68 (0x00006f17) x30 0x8000fd68
core   0: 0x80009d6c (0x283f2c23) sw      gp, 664(t5)
core   0: 3 0x80009d6c (0x283f2c23) mem 0x80010000 0x00000001
core   0: 0x80009d70 (0xff9ff06f) j       pc - 0x8
core   0: 3 0x80009d70 (0xff9ff06f)
core   0: 0x80009d68 (0x00006f17) auipc   t5, 0x6
core   0: 3 0x80009d68 (0x00006f17) x30 0x8000fd68
core   0: 0x80009d6c (0x283f2c23) sw      gp, 664(t5)
core   0: 3 0x80009d6c (0x283f2c23) mem 0x80010000 0x00000001
core   0: 0x80009d70 (0xff9ff06f) j       pc - 0x8
core   0: 3 0x80009d70 (0xff9ff06f)
core   0: 0x80009d68 (0x00006f17) auipc   t5, 0x6
core   0: 3 0x80009d68 (0x00006f17) x30 0x8000fd68
core   0: 0x80009d6c (0x283f2c23) sw      gp, 664(t5)
core   0: 3 0x80009d6c (0x283f2c23) mem 0x80010000 0x00000001
core   0: 0x80009d70 (0xff9ff06f) j       pc - 0x8
core   0: 3 0x80009d70 (0xff9ff06f)
core   0: 0x80009d68 (0x00006f17) auipc   t5, 0x6
core   0: 3 0x80009d68 (0x00006f17) x30 0x8000fd68
core   0: 0x80009d6c (0x283f2c23) sw      gp, 664(t5)
core   0: 3 0x80009d6c (0x283f2c23) mem 0x80010000 0x00000001
core   0: 0x80009d70 (0xff9ff06f) j       pc - 0x8
core   0: 3 0x80009d70 (0xff9ff06f)
core   0: 0x80009d68 (0x00006f17) auipc   t5, 0x6
core   0: 3 0x80009d68 (0x00006f17) x30 0x8000fd68
core   0: 0x80009d6c (0x283f2c23) sw      gp, 664(t5)
core   0: 3 0x80009d6c (0x283f2c23) mem 0x80010000 0x00000001
core   0: 0x80009d70 (0xff9ff06f) j       pc - 0x8
core   0: 3 0x80009d70 (0xff9ff06f)
core   0: 0x80009d68 (0x00006f17) auipc   t5, 0x6
core   0: 3 0x80009d68 (0x00006f17) x30 0x8000fd68
core   0: 0x80009d6c (0x283f2c23) sw      gp, 664(t5)
core   0: 3 0x80009d6c (0x283f2c23) mem 0x80010000 0x00000001
core   0: 0x80009d70 (0xff9ff06f) j       pc - 0x8
core   0: 3 0x80009d70 (0xff9ff06f)
core   0: 0x80009d68 (0x00006f17) auipc   t5, 0x6
core   0: 3 0x80009d68 (0x00006f17) x30 0x8000fd68
core   0: 0x80009d6c (0x283f2c23) sw      gp, 664(t5)
core   0: 3 0x80009d6c (0x283f2c23) mem 0x80010000 0x00000001
core   0: 0x80009d70 (0xff9ff06f) j       pc - 0x8
core   0: 3 0x80009d70 (0xff9ff06f)
core   0: 0x80009d68 (0x00006f17) auipc   t5, 0x6
core   0: 3 0x80009d68 (0x00006f17) x30 0x8000fd68
core   0: 0x80009d6c (0x283f2c23) sw      gp, 664(t5)
core   0: 3 0x80009d6c (0x283f2c23) mem 0x80010000 0x00000001
core   0: 0x80009d70 (0xff9ff06f) j       pc - 0x8
core   0: 3 0x80009d70 (0xff9ff06f)
core   0: 0x80009d68 (0x00006f17) auipc   t5, 0x6
core   0: 3 0x80009d68 (0x00006f17) x30 0x8000fd68
core   0: 0x80009d6c (0x283f2c23) sw      gp, 664(t5)
core   0: 3 0x80009d6c (0x283f2c23) mem 0x80010000 0x00000001
core   0: 0x80009d70 (0xff9ff06f) j       pc - 0x8
core   0: 3 0x80009d70 (0xff9ff06f)
core   0: 0x80009d68 (0x00006f17) auipc   t5, 0x6
core   0: 3 0x80009d68 (0x00006f17) x30 0x8000fd68
core   0: 0x80009d6c (0x283f2c23) sw      gp, 664(t5)
core   0: 3 0x80009d6c (0x283f2c23) mem 0x80010000 0x00000001
core   0: 0x80009d70 (0xff9ff06f) j       pc - 0x8
core   0: 3 0x80009d70 (0xff9ff06f)
core   0: 0x80009d68 (0x00006f17) auipc   t5, 0x6
core   0: 3 0x80009d68 (0x00006f17) x30 0x8000fd68
core   0: 0x80009d6c (0x283f2c23) sw      gp, 664(t5)
core   0: 3 0x80009d6c (0x283f2c23) mem 0x80010000 0x00000001
core   0: 0x80009d70 (0xff9ff06f) j       pc - 0x8
core   0: 3 0x80009d70 (0xff9ff06f)
core   0: 0x80009d68 (0x00006f17) auipc   t5, 0x6
core   0: 3 0x80009d68 (0x00006f17) x30 0x8000fd68
core   0: 0x80009d6c (0x283f2c23) sw      gp, 664(t5)
core   0: 3 0x80009d6c (0x283f2c23) mem 0x80010000 0x00000001
core   0: 0x80009d70 (0xff9ff06f) j       pc - 0x8
core   0: 3 0x80009d70 (0xff9ff06f)
core   0: 0x80009d68 (0x00006f17) auipc   t5, 0x6
core   0: 3 0x80009d68 (0x00006f17) x30 0x8000fd68
core   0: 0x80009d6c (0x283f2c23) sw      gp, 664(t5)
core   0: 3 0x80009d6c (0x283f2c23) mem 0x80010000 0x00000001
core   0: 0x80009d70 (0xff9ff06f) j       pc - 0x8
core   0: 3 0x80009d70 (0xff9ff06f)
core   0: 0x80009d68 (0x00006f17) auipc   t5, 0x6
core   0: 3 0x80009d68 (0x00006f17) x30 0x8000fd68
core   0: 0x80009d6c (0x283f2c23) sw      gp, 664(t5)
core   0: 3 0x80009d6c (0x283f2c23) mem 0x80010000 0x00000001
core   0: 0x80009d70 (0xff9ff06f) j       pc - 0x8
core   0: 3 0x80009d70 (0xff9ff06f)
core   0: 0x80009d68 (0x00006f17) auipc   t5, 0x6
core   0: 3 0x80009d68 (0x00006f17) x30 0x8000fd68
core   0: 0x80009d6c (0x283f2c23) sw      gp, 664(t5)
core   0: 3 0x80009d6c (0x283f2c23) mem 0x80010000 0x00000001
core   0: 0x80009d70 (0xff9ff06f) j       pc - 0x8
core   0: 3 0x80009d70 (0xff9ff06f)
core   0: 0x80009d68 (0x00006f17) auipc   t5, 0x6
core   0: 3 0x80009d68 (0x00006f17) x30 0x8000fd68
core   0: 0x80009d6c (0x283f2c23) sw      gp, 664(t5)
core   0: 3 0x80009d6c (0x283f2c23) mem 0x80010000 0x00000001
core   0: 0x80009d70 (0xff9ff06f) j       pc - 0x8
core   0: 3 0x80009d70 (0xff9ff06f)
core   0: 0x80009d68 (0x00006f17) auipc   t5, 0x6
core   0: 3 0x80009d68 (0x00006f17) x30 0x8000fd68
core   0: 0x80009d6c (0x283f2c23) sw      gp, 664(t5)
core   0: 3 0x80009d6c (0x283f2c23) mem 0x80010000 0x00000001
core   0: 0x80009d70 (0xff9ff06f) j       pc - 0x8
core   0: 3 0x80009d70 (0xff9ff06f)
core   0: 0x80009d68 (0x00006f17) auipc   t5, 0x6
core   0: 3 0x80009d68 (0x00006f17) x30 0x8000fd68
core   0: 0x80009d6c (0x283f2c23) sw      gp, 664(t5)
core   0: 3 0x80009d6c (0x283f2c23) mem 0x80010000 0x00000001
core   0: 0x80009d70 (0xff9ff06f) j       pc - 0x8
core   0: 3 0x80009d70 (0xff9ff06f)
core   0: 0x80009d68 (0x00006f17) auipc   t5, 0x6
core   0: 3 0x80009d68 (0x00006f17) x30 0x8000fd68
core   0: 0x80009d6c (0x283f2c23) sw      gp, 664(t5)
core   0: 3 0x80009d6c (0x283f2c23) mem 0x80010000 0x00000001
core   0: 0x80009d70 (0xff9ff06f) j       pc - 0x8
core   0: 3 0x80009d70 (0xff9ff06f)
core   0: 0x80009d68 (0x00006f17) auipc   t5, 0x6
core   0: 3 0x80009d68 (0x00006f17) x30 0x8000fd68
core   0: 0x80009d6c (0x283f2c23) sw      gp, 664(t5)
core   0: 3 0x80009d6c (0x283f2c23) mem 0x80010000 0x00000001
core   0: 0x80009d70 (0xff9ff06f) j       pc - 0x8
core   0: 3 0x80009d70 (0xff9ff06f)
core   0: 0x80009d68 (0x00006f17) auipc   t5, 0x6
core   0: 3 0x80009d68 (0x00006f17) x30 0x8000fd68
core   0: 0x80009d6c (0x283f2c23) sw      gp, 664(t5)
core   0: 3 0x80009d6c (0x283f2c23) mem 0x80010000 0x00000001
core   0: 0x80009d70 (0xff9ff06f) j       pc - 0x8
core   0: 3 0x80009d70 (0xff9ff06f)
core   0: 0x80009d68 (0x00006f17) auipc   t5, 0x6
core   0: 3 0x80009d68 (0x00006f17) x30 0x8000fd68
core   0: 0x80009d6c (0x283f2c23) sw      gp, 664(t5)
core   0: 3 0x80009d6c (0x283f2c23) mem 0x80010000 0x00000001
core   0: 0x80009d70 (0xff9ff06f) j       pc - 0x8
core   0: 3 0x80009d70 (0xff9ff06f)
core   0: 0x80009d68 (0x00006f17) auipc   t5, 0x6
core   0: 3 0x80009d68 (0x00006f17) x30 0x8000fd68
core   0: 0x80009d6c (0x283f2c23) sw      gp, 664(t5)
core   0: 3 0x80009d6c (0x283f2c23) mem 0x80010000 0x00000001
core   0: 0x80009d70 (0xff9ff06f) j       pc - 0x8
core   0: 3 0x80009d70 (0xff9ff06f)
core   0: 0x80009d68 (0x00006f17) auipc   t5, 0x6
core   0: 3 0x80009d68 (0x00006f17) x30 0x8000fd68
core   0: 0x80009d6c (0x283f2c23) sw      gp, 664(t5)
core   0: 3 0x80009d6c (0x283f2c23) mem 0x80010000 0x00000001
core   0: 0x80009d70 (0xff9ff06f) j       pc - 0x8
core   0: 3 0x80009d70 (0xff9ff06f)
core   0: 0x80009d68 (0x00006f17) auipc   t5, 0x6
core   0: 3 0x80009d68 (0x00006f17) x30 0x8000fd68
core   0: 0x80009d6c (0x283f2c23) sw      gp, 664(t5)
core   0: 3 0x80009d6c (0x283f2c23) mem 0x80010000 0x00000001
core   0: 0x80009d70 (0xff9ff06f) j       pc - 0x8
core   0: 3 0x80009d70 (0xff9ff06f)
core   0: 0x80009d68 (0x00006f17) auipc   t5, 0x6
core   0: 3 0x80009d68 (0x00006f17) x30 0x8000fd68
core   0: 0x80009d6c (0x283f2c23) sw      gp, 664(t5)
core   0: 3 0x80009d6c (0x283f2c23) mem 0x80010000 0x00000001
core   0: 0x80009d70 (0xff9ff06f) j       pc - 0x8
core   0: 3 0x80009d70 (0xff9ff06f)
core   0: 0x80009d68 (0x00006f17) auipc   t5, 0x6
core   0: 3 0x80009d68 (0x00006f17) x30 0x8000fd68
core   0: 0x80009d6c (0x283f2c23) sw      gp, 664(t5)
core   0: 3 0x80009d6c (0x283f2c23) mem 0x80010000 0x00000001
core   0: 0x80009d70 (0xff9ff06f) j       pc - 0x8
core   0: 3 0x80009d70 (0xff9ff06f)
core   0: 0x80009d68 (0x00006f17) auipc   t5, 0x6
core   0: 3 0x80009d68 (0x00006f17) x30 0x8000fd68
core   0: 0x80009d6c (0x283f2c23) sw      gp, 664(t5)
core   0: 3 0x80009d6c (0x283f2c23) mem 0x80010000 0x00000001
core   0: 0x80009d70 (0xff9ff06f) j       pc - 0x8
core   0: 3 0x80009d70 (0xff9ff06f)
core   0: 0x80009d68 (0x00006f17) auipc   t5, 0x6
core   0: 3 0x80009d68 (0x00006f17) x30 0x8000fd68
core   0: 0x80009d6c (0x283f2c23) sw      gp, 664(t5)
core   0: 3 0x80009d6c (0x283f2c23) mem 0x80010000 0x00000001
core   0: 0x80009d70 (0xff9ff06f) j       pc - 0x8
core   0: 3 0x80009d70 (0xff9ff06f)
core   0: 0x80009d68 (0x00006f17) auipc   t5, 0x6
core   0: 3 0x80009d68 (0x00006f17) x30 0x8000fd68
core   0: 0x80009d6c (0x283f2c23) sw      gp, 664(t5)
core   0: 3 0x80009d6c (0x283f2c23) mem 0x80010000 0x00000001
core   0: 0x80009d70 (0xff9ff06f) j       pc - 0x8
core   0: 3 0x80009d70 (0xff9ff06f)
core   0: 0x80009d68 (0x00006f17) auipc   t5, 0x6
core   0: 3 0x80009d68 (0x00006f17) x30 0x8000fd68
core   0: 0x80009d6c (0x283f2c23) sw      gp, 664(t5)
core   0: 3 0x80009d6c (0x283f2c23) mem 0x80010000 0x00000001
core   0: 0x80009d70 (0xff9ff06f) j       pc - 0x8
core   0: 3 0x80009d70 (0xff9ff06f)
core   0: 0x80009d68 (0x00006f17) auipc   t5, 0x6
core   0: 3 0x80009d68 (0x00006f17) x30 0x8000fd68
core   0: 0x80009d6c (0x283f2c23) sw      gp, 664(t5)
core   0: 3 0x80009d6c (0x283f2c23) mem 0x80010000 0x00000001
core   0: 0x80009d70 (0xff9ff06f) j       pc - 0x8
core   0: 3 0x80009d70 (0xff9ff06f)
core   0: 0x80009d68 (0x00006f17) auipc   t5, 0x6
core   0: 3 0x80009d68 (0x00006f17) x30 0x8000fd68
core   0: 0x80009d6c (0x283f2c23) sw      gp, 664(t5)
core   0: 3 0x80009d6c (0x283f2c23) mem 0x80010000 0x00000001
core   0: 0x80009d70 (0xff9ff06f) j       pc - 0x8
core   0: 3 0x80009d70 (0xff9ff06f)
core   0: 0x80009d68 (0x00006f17) auipc   t5, 0x6
core   0: 3 0x80009d68 (0x00006f17) x30 0x8000fd68
core   0: 0x80009d6c (0x283f2c23) sw      gp, 664(t5)
core   0: 3 0x80009d6c (0x283f2c23) mem 0x80010000 0x00000001
core   0: 0x80009d70 (0xff9ff06f) j       pc - 0x8
core   0: 3 0x80009d70 (0xff9ff06f)
core   0: 0x80009d68 (0x00006f17) auipc   t5, 0x6
core   0: 3 0x80009d68 (0x00006f17) x30 0x8000fd68
core   0: 0x80009d6c (0x283f2c23) sw      gp, 664(t5)
core   0: 3 0x80009d6c (0x283f2c23) mem 0x80010000 0x00000001
core   0: 0x80009d70 (0xff9ff06f) j       pc - 0x8
core   0: 3 0x80009d70 (0xff9ff06f)
core   0: 0x80009d68 (0x00006f17) auipc   t5, 0x6
core   0: 3 0x80009d68 (0x00006f17) x30 0x8000fd68
core   0: 0x80009d6c (0x283f2c23) sw      gp, 664(t5)
core   0: 3 0x80009d6c (0x283f2c23) mem 0x80010000 0x00000001
core   0: 0x80009d70 (0xff9ff06f) j       pc - 0x8
core   0: 3 0x80009d70 (0xff9ff06f)
core   0: 0x80009d68 (0x00006f17) auipc   t5, 0x6
core   0: 3 0x80009d68 (0x00006f17) x30 0x8000fd68
core   0: 0x80009d6c (0x283f2c23) sw      gp, 664(t5)
core   0: 3 0x80009d6c (0x283f2c23) mem 0x80010000 0x00000001
core   0: 0x80009d70 (0xff9ff06f) j       pc - 0x8
core   0: 3 0x80009d70 (0xff9ff06f)
core   0: 0x80009d68 (0x00006f17) auipc   t5, 0x6
core   0: 3 0x80009d68 (0x00006f17) x30 0x8000fd68
core   0: 0x80009d6c (0x283f2c23) sw      gp, 664(t5)
core   0: 3 0x80009d6c (0x283f2c23) mem 0x80010000 0x00000001
core   0: 0x80009d70 (0xff9ff06f) j       pc - 0x8
core   0: 3 0x80009d70 (0xff9ff06f)
core   0: 0x80009d68 (0x00006f17) auipc   t5, 0x6
core   0: 3 0x80009d68 (0x00006f17) x30 0x8000fd68
core   0: 0x80009d6c (0x283f2c23) sw      gp, 664(t5)
core   0: 3 0x80009d6c (0x283f2c23) mem 0x80010000 0x00000001
core   0: 0x80009d70 (0xff9ff06f) j       pc - 0x8
core   0: 3 0x80009d70 (0xff9ff06f)
core   0: 0x80009d68 (0x00006f17) auipc   t5, 0x6
core   0: 3 0x80009d68 (0x00006f17) x30 0x8000fd68
core   0: 0x80009d6c (0x283f2c23) sw      gp, 664(t5)
core   0: 3 0x80009d6c (0x283f2c23) mem 0x80010000 0x00000001
core   0: 0x80009d70 (0xff9ff06f) j       pc - 0x8
core   0: 3 0x80009d70 (0xff9ff06f)
core   0: 0x80009d68 (0x00006f17) auipc   t5, 0x6
core   0: 3 0x80009d68 (0x00006f17) x30 0x8000fd68
core   0: 0x80009d6c (0x283f2c23) sw      gp, 664(t5)
core   0: 3 0x80009d6c (0x283f2c23) mem 0x80010000 0x00000001
core   0: 0x80009d70 (0xff9ff06f) j       pc - 0x8
core   0: 3 0x80009d70 (0xff9ff06f)
core   0: 0x80009d68 (0x00006f17) auipc   t5, 0x6
core   0: 3 0x80009d68 (0x00006f17) x30 0x8000fd68
core   0: 0x80009d6c (0x283f2c23) sw      gp, 664(t5)
core   0: 3 0x80009d6c (0x283f2c23) mem 0x80010000 0x00000001
core   0: 0x80009d70 (0xff9ff06f) j       pc - 0x8
core   0: 3 0x80009d70 (0xff9ff06f)
core   0: 0x80009d68 (0x00006f17) auipc   t5, 0x6
core   0: 3 0x80009d68 (0x00006f17) x30 0x8000fd68
core   0: 0x80009d6c (0x283f2c23) sw      gp, 664(t5)
core   0: 3 0x80009d6c (0x283f2c23) mem 0x80010000 0x00000001
core   0: 0x80009d70 (0xff9ff06f) j       pc - 0x8
core   0: 3 0x80009d70 (0xff9ff06f)
core   0: 0x80009d68 (0x00006f17) auipc   t5, 0x6
core   0: 3 0x80009d68 (0x00006f17) x30 0x8000fd68
core   0: 0x80009d6c (0x283f2c23) sw      gp, 664(t5)
core   0: 3 0x80009d6c (0x283f2c23) mem 0x80010000 0x00000001
core   0: 0x80009d70 (0xff9ff06f) j       pc - 0x8
core   0: 3 0x80009d70 (0xff9ff06f)
core   0: 0x80009d68 (0x00006f17) auipc   t5, 0x6
core   0: 3 0x80009d68 (0x00006f17) x30 0x8000fd68
core   0: 0x80009d6c (0x283f2c23) sw      gp, 664(t5)
core   0: 3 0x80009d6c (0x283f2c23) mem 0x80010000 0x00000001
core   0: 0x80009d70 (0xff9ff06f) j       pc - 0x8
core   0: 3 0x80009d70 (0xff9ff06f)
core   0: 0x80009d68 (0x00006f17) auipc   t5, 0x6
core   0: 3 0x80009d68 (0x00006f17) x30 0x8000fd68
core   0: 0x80009d6c (0x283f2c23) sw      gp, 664(t5)
core   0: 3 0x80009d6c (0x283f2c23) mem 0x80010000 0x00000001
core   0: 0x80009d70 (0xff9ff06f) j       pc - 0x8
core   0: 3 0x80009d70 (0xff9ff06f)
core   0: 0x80009d68 (0x00006f17) auipc   t5, 0x6
core   0: 3 0x80009d68 (0x00006f17) x30 0x8000fd68
core   0: 0x80009d6c (0x283f2c23) sw      gp, 664(t5)
core   0: 3 0x80009d6c (0x283f2c23) mem 0x80010000 0x00000001
core   0: 0x80009d70 (0xff9ff06f) j       pc - 0x8
core   0: 3 0x80009d70 (0xff9ff06f)
core   0: 0x80009d68 (0x00006f17) auipc   t5, 0x6
core   0: 3 0x80009d68 (0x00006f17) x30 0x8000fd68
core   0: 0x80009d6c (0x283f2c23) sw      gp, 664(t5)
core   0: 3 0x80009d6c (0x283f2c23) mem 0x80010000 0x00000001
core   0: 0x80009d70 (0xff9ff06f) j       pc - 0x8
core   0: 3 0x80009d70 (0xff9ff06f)
core   0: 0x80009d68 (0x00006f17) auipc   t5, 0x6
core   0: 3 0x80009d68 (0x00006f17) x30 0x8000fd68
core   0: 0x80009d6c (0x283f2c23) sw      gp, 664(t5)
core   0: 3 0x80009d6c (0x283f2c23) mem 0x80010000 0x00000001
core   0: 0x80009d70 (0xff9ff06f) j       pc - 0x8
core   0: 3 0x80009d70 (0xff9ff06f)
core   0: 0x80009d68 (0x00006f17) auipc   t5, 0x6
core   0: 3 0x80009d68 (0x00006f17) x30 0x8000fd68
core   0: 0x80009d6c (0x283f2c23) sw      gp, 664(t5)
core   0: 3 0x80009d6c (0x283f2c23) mem 0x80010000 0x00000001
core   0: 0x80009d70 (0xff9ff06f) j       pc - 0x8
core   0: 3 0x80009d70 (0xff9ff06f)
core   0: 0x80009d68 (0x00006f17) auipc   t5, 0x6
core   0: 3 0x80009d68 (0x00006f17) x30 0x8000fd68
core   0: 0x80009d6c (0x283f2c23) sw      gp, 664(t5)
core   0: 3 0x80009d6c (0x283f2c23) mem 0x80010000 0x00000001
core   0: 0x80009d70 (0xff9ff06f) j       pc - 0x8
core   0: 3 0x80009d70 (0xff9ff06f)
core   0: 0x80009d68 (0x00006f17) auipc   t5, 0x6
core   0: 3 0x80009d68 (0x00006f17) x30 0x8000fd68
core   0: 0x80009d6c (0x283f2c23) sw      gp, 664(t5)
core   0: 3 0x80009d6c (0x283f2c23) mem 0x80010000 0x00000001
core   0: 0x80009d70 (0xff9ff06f) j       pc - 0x8
core   0: 3 0x80009d70 (0xff9ff06f)
core   0: 0x80009d68 (0x00006f17) auipc   t5, 0x6
core   0: 3 0x80009d68 (0x00006f17) x30 0x8000fd68
core   0: 0x80009d6c (0x283f2c23) sw      gp, 664(t5)
core   0: 3 0x80009d6c (0x283f2c23) mem 0x80010000 0x00000001
core   0: 0x80009d70 (0xff9ff06f) j       pc - 0x8
core   0: 3 0x80009d70 (0xff9ff06f)
core   0: 0x80009d68 (0x00006f17) auipc   t5, 0x6
core   0: 3 0x80009d68 (0x00006f17) x30 0x8000fd68
core   0: 0x80009d6c (0x283f2c23) sw      gp, 664(t5)
core   0: 3 0x80009d6c (0x283f2c23) mem 0x80010000 0x00000001
core   0: 0x80009d70 (0xff9ff06f) j       pc - 0x8
core   0: 3 0x80009d70 (0xff9ff06f)
core   0: 0x80009d68 (0x00006f17) auipc   t5, 0x6
core   0: 3 0x80009d68 (0x00006f17) x30 0x8000fd68
core   0: 0x80009d6c (0x283f2c23) sw      gp, 664(t5)
core   0: 3 0x80009d6c (0x283f2c23) mem 0x80010000 0x00000001
core   0: 0x80009d70 (0xff9ff06f) j       pc - 0x8
core   0: 3 0x80009d70 (0xff9ff06f)
core   0: 0x80009d68 (0x00006f17) auipc   t5, 0x6
core   0: 3 0x80009d68 (0x00006f17) x30 0x8000fd68
core   0: 0x80009d6c (0x283f2c23) sw      gp, 664(t5)
core   0: 3 0x80009d6c (0x283f2c23) mem 0x80010000 0x00000001
core   0: 0x80009d70 (0xff9ff06f) j       pc - 0x8
core   0: 3 0x80009d70 (0xff9ff06f)
core   0: 0x80009d68 (0x00006f17) auipc   t5, 0x6
core   0: 3 0x80009d68 (0x00006f17) x30 0x8000fd68
core   0: 0x80009d6c (0x283f2c23) sw      gp, 664(t5)
core   0: 3 0x80009d6c (0x283f2c23) mem 0x80010000 0x00000001
core   0: 0x80009d70 (0xff9ff06f) j       pc - 0x8
core   0: 3 0x80009d70 (0xff9ff06f)
core   0: 0x80009d68 (0x00006f17) auipc   t5, 0x6
core   0: 3 0x80009d68 (0x00006f17) x30 0x8000fd68
core   0: 0x80009d6c (0x283f2c23) sw      gp, 664(t5)
core   0: 3 0x80009d6c (0x283f2c23) mem 0x80010000 0x00000001
core   0: 0x80009d70 (0xff9ff06f) j       pc - 0x8
core   0: 3 0x80009d70 (0xff9ff06f)
core   0: 0x80009d68 (0x00006f17) auipc   t5, 0x6
core   0: 3 0x80009d68 (0x00006f17) x30 0x8000fd68
core   0: 0x80009d6c (0x283f2c23) sw      gp, 664(t5)
core   0: 3 0x80009d6c (0x283f2c23) mem 0x80010000 0x00000001
core   0: 0x80009d70 (0xff9ff06f) j       pc - 0x8
core   0: 3 0x80009d70 (0xff9ff06f)
core   0: 0x80009d68 (0x00006f17) auipc   t5, 0x6
core   0: 3 0x80009d68 (0x00006f17) x30 0x8000fd68
core   0: 0x80009d6c (0x283f2c23) sw      gp, 664(t5)
core   0: 3 0x80009d6c (0x283f2c23) mem 0x80010000 0x00000001
core   0: 0x80009d70 (0xff9ff06f) j       pc - 0x8
core   0: 3 0x80009d70 (0xff9ff06f)
core   0: 0x80009d68 (0x00006f17) auipc   t5, 0x6
core   0: 3 0x80009d68 (0x00006f17) x30 0x8000fd68
core   0: 0x80009d6c (0x283f2c23) sw      gp, 664(t5)
core   0: 3 0x80009d6c (0x283f2c23) mem 0x80010000 0x00000001
core   0: 0x80009d70 (0xff9ff06f) j       pc - 0x8
core   0: 3 0x80009d70 (0xff9ff06f)
core   0: 0x80009d68 (0x00006f17) auipc   t5, 0x6
core   0: 3 0x80009d68 (0x00006f17) x30 0x8000fd68
core   0: 0x80009d6c (0x283f2c23) sw      gp, 664(t5)
core   0: 3 0x80009d6c (0x283f2c23) mem 0x80010000 0x00000001
core   0: 0x80009d70 (0xff9ff06f) j       pc - 0x8
core   0: 3 0x80009d70 (0xff9ff06f)
core   0: 0x80009d68 (0x00006f17) auipc   t5, 0x6
core   0: 3 0x80009d68 (0x00006f17) x30 0x8000fd68
core   0: 0x80009d6c (0x283f2c23) sw      gp, 664(t5)
core   0: 3 0x80009d6c (0x283f2c23) mem 0x80010000 0x00000001
core   0: 0x80009d70 (0xff9ff06f) j       pc - 0x8
core   0: 3 0x80009d70 (0xff9ff06f)
core   0: 0x80009d68 (0x00006f17) auipc   t5, 0x6
core   0: 3 0x80009d68 (0x00006f17) x30 0x8000fd68
core   0: 0x80009d6c (0x283f2c23) sw      gp, 664(t5)
core   0: 3 0x80009d6c (0x283f2c23) mem 0x80010000 0x00000001
core   0: 0x80009d70 (0xff9ff06f) j       pc - 0x8
core   0: 3 0x80009d70 (0xff9ff06f)
core   0: 0x80009d68 (0x00006f17) auipc   t5, 0x6
core   0: 3 0x80009d68 (0x00006f17) x30 0x8000fd68
core   0: 0x80009d6c (0x283f2c23) sw      gp, 664(t5)
core   0: 3 0x80009d6c (0x283f2c23) mem 0x80010000 0x00000001
core   0: 0x80009d70 (0xff9ff06f) j       pc - 0x8
core   0: 3 0x80009d70 (0xff9ff06f)
core   0: 0x80009d68 (0x00006f17) auipc   t5, 0x6
core   0: 3 0x80009d68 (0x00006f17) x30 0x8000fd68
core   0: 0x80009d6c (0x283f2c23) sw      gp, 664(t5)
core   0: 3 0x80009d6c (0x283f2c23) mem 0x80010000 0x00000001
core   0: 0x80009d70 (0xff9ff06f) j       pc - 0x8
core   0: 3 0x80009d70 (0xff9ff06f)
core   0: 0x80009d68 (0x00006f17) auipc   t5, 0x6
core   0: 3 0x80009d68 (0x00006f17) x30 0x8000fd68
core   0: 0x80009d6c (0x283f2c23) sw      gp, 664(t5)
core   0: 3 0x80009d6c (0x283f2c23) mem 0x80010000 0x00000001
core   0: 0x80009d70 (0xff9ff06f) j       pc - 0x8
core   0: 3 0x80009d70 (0xff9ff06f)
core   0: 0x80009d68 (0x00006f17) auipc   t5, 0x6
core   0: 3 0x80009d68 (0x00006f17) x30 0x8000fd68
core   0: 0x80009d6c (0x283f2c23) sw      gp, 664(t5)
core   0: 3 0x80009d6c (0x283f2c23) mem 0x80010000 0x00000001
core   0: 0x80009d70 (0xff9ff06f) j       pc - 0x8
core   0: 3 0x80009d70 (0xff9ff06f)
core   0: 0x80009d68 (0x00006f17) auipc   t5, 0x6
core   0: 3 0x80009d68 (0x00006f17) x30 0x8000fd68
core   0: 0x80009d6c (0x283f2c23) sw      gp, 664(t5)
core   0: 3 0x80009d6c (0x283f2c23) mem 0x80010000 0x00000001
core   0: 0x80009d70 (0xff9ff06f) j       pc - 0x8
core   0: 3 0x80009d70 (0xff9ff06f)
core   0: 0x80009d68 (0x00006f17) auipc   t5, 0x6
core   0: 3 0x80009d68 (0x00006f17) x30 0x8000fd68
core   0: 0x80009d6c (0x283f2c23) sw      gp, 664(t5)
core   0: 3 0x80009d6c (0x283f2c23) mem 0x80010000 0x00000001
core   0: 0x80009d70 (0xff9ff06f) j       pc - 0x8
core   0: 3 0x80009d70 (0xff9ff06f)
core   0: 0x80009d68 (0x00006f17) auipc   t5, 0x6
core   0: 3 0x80009d68 (0x00006f17) x30 0x8000fd68
core   0: 0x80009d6c (0x283f2c23) sw      gp, 664(t5)
core   0: 3 0x80009d6c (0x283f2c23) mem 0x80010000 0x00000001
core   0: 0x80009d70 (0xff9ff06f) j       pc - 0x8
core   0: 3 0x80009d70 (0xff9ff06f)
core   0: 0x80009d68 (0x00006f17) auipc   t5, 0x6
core   0: 3 0x80009d68 (0x00006f17) x30 0x8000fd68
core   0: 0x80009d6c (0x283f2c23) sw      gp, 664(t5)
core   0: 3 0x80009d6c (0x283f2c23) mem 0x80010000 0x00000001
core   0: 0x80009d70 (0xff9ff06f) j       pc - 0x8
core   0: 3 0x80009d70 (0xff9ff06f)
core   0: 0x80009d68 (0x00006f17) auipc   t5, 0x6
core   0: 3 0x80009d68 (0x00006f17) x30 0x8000fd68
core   0: 0x80009d6c (0x283f2c23) sw      gp, 664(t5)
core   0: 3 0x80009d6c (0x283f2c23) mem 0x80010000 0x00000001
core   0: 0x80009d70 (0xff9ff06f) j       pc - 0x8
core   0: 3 0x80009d70 (0xff9ff06f)
core   0: 0x80009d68 (0x00006f17) auipc   t5, 0x6
core   0: 3 0x80009d68 (0x00006f17) x30 0x8000fd68
core   0: 0x80009d6c (0x283f2c23) sw      gp, 664(t5)
core   0: 3 0x80009d6c (0x283f2c23) mem 0x80010000 0x00000001
core   0: 0x80009d70 (0xff9ff06f) j       pc - 0x8
core   0: 3 0x80009d70 (0xff9ff06f)
core   0: 0x80009d68 (0x00006f17) auipc   t5, 0x6
core   0: 3 0x80009d68 (0x00006f17) x30 0x8000fd68
core   0: 0x80009d6c (0x283f2c23) sw      gp, 664(t5)
core   0: 3 0x80009d6c (0x283f2c23) mem 0x80010000 0x00000001
core   0: 0x80009d70 (0xff9ff06f) j       pc - 0x8
core   0: 3 0x80009d70 (0xff9ff06f)
core   0: 0x80009d68 (0x00006f17) auipc   t5, 0x6
core   0: 3 0x80009d68 (0x00006f17) x30 0x8000fd68
core   0: 0x80009d6c (0x283f2c23) sw      gp, 664(t5)
core   0: 3 0x80009d6c (0x283f2c23) mem 0x80010000 0x00000001
core   0: 0x80009d70 (0xff9ff06f) j       pc - 0x8
core   0: 3 0x80009d70 (0xff9ff06f)
core   0: 0x80009d68 (0x00006f17) auipc   t5, 0x6
core   0: 3 0x80009d68 (0x00006f17) x30 0x8000fd68
core   0: 0x80009d6c (0x283f2c23) sw      gp, 664(t5)
core   0: 3 0x80009d6c (0x283f2c23) mem 0x80010000 0x00000001
core   0: 0x80009d70 (0xff9ff06f) j       pc - 0x8
core   0: 3 0x80009d70 (0xff9ff06f)
core   0: 0x80009d68 (0x00006f17) auipc   t5, 0x6
core   0: 3 0x80009d68 (0x00006f17) x30 0x8000fd68
core   0: 0x80009d6c (0x283f2c23) sw      gp, 664(t5)
core   0: 3 0x80009d6c (0x283f2c23) mem 0x80010000 0x00000001
core   0: 0x80009d70 (0xff9ff06f) j       pc - 0x8
core   0: 3 0x80009d70 (0xff9ff06f)
core   0: 0x80009d68 (0x00006f17) auipc   t5, 0x6
core   0: 3 0x80009d68 (0x00006f17) x30 0x8000fd68
core   0: 0x80009d6c (0x283f2c23) sw      gp, 664(t5)
core   0: 3 0x80009d6c (0x283f2c23) mem 0x80010000 0x00000001
core   0: 0x80009d70 (0xff9ff06f) j       pc - 0x8
core   0: 3 0x80009d70 (0xff9ff06f)
core   0: 0x80009d68 (0x00006f17) auipc   t5, 0x6
core   0: 3 0x80009d68 (0x00006f17) x30 0x8000fd68
core   0: 0x80009d6c (0x283f2c23) sw      gp, 664(t5)
core   0: 3 0x80009d6c (0x283f2c23) mem 0x80010000 0x00000001
core   0: 0x80009d70 (0xff9ff06f) j       pc - 0x8
core   0: 3 0x80009d70 (0xff9ff06f)
core   0: 0x80009d68 (0x00006f17) auipc   t5, 0x6
core   0: 3 0x80009d68 (0x00006f17) x30 0x8000fd68
core   0: 0x80009d6c (0x283f2c23) sw      gp, 664(t5)
core   0: 3 0x80009d6c (0x283f2c23) mem 0x80010000 0x00000001
core   0: 0x80009d70 (0xff9ff06f) j       pc - 0x8
core   0: 3 0x80009d70 (0xff9ff06f)
core   0: 0x80009d68 (0x00006f17) auipc   t5, 0x6
core   0: 3 0x80009d68 (0x00006f17) x30 0x8000fd68
core   0: 0x80009d6c (0x283f2c23) sw      gp, 664(t5)
core   0: 3 0x80009d6c (0x283f2c23) mem 0x80010000 0x00000001
core   0: 0x80009d70 (0xff9ff06f) j       pc - 0x8
core   0: 3 0x80009d70 (0xff9ff06f)
core   0: 0x80009d68 (0x00006f17) auipc   t5, 0x6
core   0: 3 0x80009d68 (0x00006f17) x30 0x8000fd68
core   0: 0x80009d6c (0x283f2c23) sw      gp, 664(t5)
core   0: 3 0x80009d6c (0x283f2c23) mem 0x80010000 0x00000001
core   0: 0x80009d70 (0xff9ff06f) j       pc - 0x8
core   0: 3 0x80009d70 (0xff9ff06f)
core   0: 0x80009d68 (0x00006f17) auipc   t5, 0x6
core   0: 3 0x80009d68 (0x00006f17) x30 0x8000fd68
core   0: 0x80009d6c (0x283f2c23) sw      gp, 664(t5)
core   0: 3 0x80009d6c (0x283f2c23) mem 0x80010000 0x00000001
core   0: 0x80009d70 (0xff9ff06f) j       pc - 0x8
core   0: 3 0x80009d70 (0xff9ff06f)
core   0: 0x80009d68 (0x00006f17) auipc   t5, 0x6
core   0: 3 0x80009d68 (0x00006f17) x30 0x8000fd68
core   0: 0x80009d6c (0x283f2c23) sw      gp, 664(t5)
core   0: 3 0x80009d6c (0x283f2c23) mem 0x80010000 0x00000001
core   0: 0x80009d70 (0xff9ff06f) j       pc - 0x8
core   0: 3 0x80009d70 (0xff9ff06f)
core   0: 0x80009d68 (0x00006f17) auipc   t5, 0x6
core   0: 3 0x80009d68 (0x00006f17) x30 0x8000fd68
core   0: 0x80009d6c (0x283f2c23) sw      gp, 664(t5)
core   0: 3 0x80009d6c (0x283f2c23) mem 0x80010000 0x00000001
core   0: 0x80009d70 (0xff9ff06f) j       pc - 0x8
core   0: 3 0x80009d70 (0xff9ff06f)
core   0: 0x80009d68 (0x00006f17) auipc   t5, 0x6
core   0: 3 0x80009d68 (0x00006f17) x30 0x8000fd68
core   0: 0x80009d6c (0x283f2c23) sw      gp, 664(t5)
core   0: 3 0x80009d6c (0x283f2c23) mem 0x80010000 0x00000001
core   0: 0x80009d70 (0xff9ff06f) j       pc - 0x8
core   0: 3 0x80009d70 (0xff9ff06f)
core   0: 0x80009d68 (0x00006f17) auipc   t5, 0x6
core   0: 3 0x80009d68 (0x00006f17) x30 0x8000fd68
core   0: 0x80009d6c (0x283f2c23) sw      gp, 664(t5)
core   0: 3 0x80009d6c (0x283f2c23) mem 0x80010000 0x00000001
core   0: 0x80009d70 (0xff9ff06f) j       pc - 0x8
core   0: 3 0x80009d70 (0xff9ff06f)
core   0: 0x80009d68 (0x00006f17) auipc   t5, 0x6
core   0: 3 0x80009d68 (0x00006f17) x30 0x8000fd68
core   0: 0x80009d6c (0x283f2c23) sw      gp, 664(t5)
core   0: 3 0x80009d6c (0x283f2c23) mem 0x80010000 0x00000001
core   0: 0x80009d70 (0xff9ff06f) j       pc - 0x8
core   0: 3 0x80009d70 (0xff9ff06f)
core   0: 0x80009d68 (0x00006f17) auipc   t5, 0x6
core   0: 3 0x80009d68 (0x00006f17) x30 0x8000fd68
core   0: 0x80009d6c (0x283f2c23) sw      gp, 664(t5)
core   0: 3 0x80009d6c (0x283f2c23) mem 0x80010000 0x00000001
core   0: 0x80009d70 (0xff9ff06f) j       pc - 0x8
core   0: 3 0x80009d70 (0xff9ff06f)
core   0: 0x80009d68 (0x00006f17) auipc   t5, 0x6
core   0: 3 0x80009d68 (0x00006f17) x30 0x8000fd68
core   0: 0x80009d6c (0x283f2c23) sw      gp, 664(t5)
core   0: 3 0x80009d6c (0x283f2c23) mem 0x80010000 0x00000001
core   0: 0x80009d70 (0xff9ff06f) j       pc - 0x8
core   0: 3 0x80009d70 (0xff9ff06f)
core   0: 0x80009d68 (0x00006f17) auipc   t5, 0x6
core   0: 3 0x80009d68 (0x00006f17) x30 0x8000fd68
core   0: 0x80009d6c (0x283f2c23) sw      gp, 664(t5)
core   0: 3 0x80009d6c (0x283f2c23) mem 0x80010000 0x00000001
core   0: 0x80009d70 (0xff9ff06f) j       pc - 0x8
core   0: 3 0x80009d70 (0xff9ff06f)
core   0: 0x80009d68 (0x00006f17) auipc   t5, 0x6
core   0: 3 0x80009d68 (0x00006f17) x30 0x8000fd68
core   0: 0x80009d6c (0x283f2c23) sw      gp, 664(t5)
core   0: 3 0x80009d6c (0x283f2c23) mem 0x80010000 0x00000001
core   0: 0x80009d70 (0xff9ff06f) j       pc - 0x8
core   0: 3 0x80009d70 (0xff9ff06f)
core   0: 0x80009d68 (0x00006f17) auipc   t5, 0x6
core   0: 3 0x80009d68 (0x00006f17) x30 0x8000fd68
core   0: 0x80009d6c (0x283f2c23) sw      gp, 664(t5)
core   0: 3 0x80009d6c (0x283f2c23) mem 0x80010000 0x00000001
core   0: 0x80009d70 (0xff9ff06f) j       pc - 0x8
core   0: 3 0x80009d70 (0xff9ff06f)
core   0: 0x80009d68 (0x00006f17) auipc   t5, 0x6
core   0: 3 0x80009d68 (0x00006f17) x30 0x8000fd68
core   0: 0x80009d6c (0x283f2c23) sw      gp, 664(t5)
core   0: 3 0x80009d6c (0x283f2c23) mem 0x80010000 0x00000001
core   0: 0x80009d70 (0xff9ff06f) j       pc - 0x8
core   0: 3 0x80009d70 (0xff9ff06f)
core   0: 0x80009d68 (0x00006f17) auipc   t5, 0x6
core   0: 3 0x80009d68 (0x00006f17) x30 0x8000fd68
core   0: 0x80009d6c (0x283f2c23) sw      gp, 664(t5)
core   0: 3 0x80009d6c (0x283f2c23) mem 0x80010000 0x00000001
core   0: 0x80009d70 (0xff9ff06f) j       pc - 0x8
core   0: 3 0x80009d70 (0xff9ff06f)
core   0: 0x80009d68 (0x00006f17) auipc   t5, 0x6
core   0: 3 0x80009d68 (0x00006f17) x30 0x8000fd68
core   0: 0x80009d6c (0x283f2c23) sw      gp, 664(t5)
core   0: 3 0x80009d6c (0x283f2c23) mem 0x80010000 0x00000001
core   0: 0x80009d70 (0xff9ff06f) j       pc - 0x8
core   0: 3 0x80009d70 (0xff9ff06f)
core   0: 0x80009d68 (0x00006f17) auipc   t5, 0x6
core   0: 3 0x80009d68 (0x00006f17) x30 0x8000fd68
core   0: 0x80009d6c (0x283f2c23) sw      gp, 664(t5)
core   0: 3 0x80009d6c (0x283f2c23) mem 0x80010000 0x00000001
core   0: 0x80009d70 (0xff9ff06f) j       pc - 0x8
core   0: 3 0x80009d70 (0xff9ff06f)
core   0: 0x80009d68 (0x00006f17) auipc   t5, 0x6
core   0: 3 0x80009d68 (0x00006f17) x30 0x8000fd68
core   0: 0x80009d6c (0x283f2c23) sw      gp, 664(t5)
core   0: 3 0x80009d6c (0x283f2c23) mem 0x80010000 0x00000001
core   0: 0x80009d70 (0xff9ff06f) j       pc - 0x8
core   0: 3 0x80009d70 (0xff9ff06f)
core   0: 0x80009d68 (0x00006f17) auipc   t5, 0x6
core   0: 3 0x80009d68 (0x00006f17) x30 0x8000fd68
core   0: 0x80009d6c (0x283f2c23) sw      gp, 664(t5)
core   0: 3 0x80009d6c (0x283f2c23) mem 0x80010000 0x00000001
core   0: 0x80009d70 (0xff9ff06f) j       pc - 0x8
core   0: 3 0x80009d70 (0xff9ff06f)
core   0: 0x80009d68 (0x00006f17) auipc   t5, 0x6
core   0: 3 0x80009d68 (0x00006f17) x30 0x8000fd68
core   0: 0x80009d6c (0x283f2c23) sw      gp, 664(t5)
core   0: 3 0x80009d6c (0x283f2c23) mem 0x80010000 0x00000001
core   0: 0x80009d70 (0xff9ff06f) j       pc - 0x8
core   0: 3 0x80009d70 (0xff9ff06f)
core   0: 0x80009d68 (0x00006f17) auipc   t5, 0x6
core   0: 3 0x80009d68 (0x00006f17) x30 0x8000fd68
core   0: 0x80009d6c (0x283f2c23) sw      gp, 664(t5)
core   0: 3 0x80009d6c (0x283f2c23) mem 0x80010000 0x00000001
core   0: 0x80009d70 (0xff9ff06f) j       pc - 0x8
core   0: 3 0x80009d70 (0xff9ff06f)
core   0: 0x80009d68 (0x00006f17) auipc   t5, 0x6
core   0: 3 0x80009d68 (0x00006f17) x30 0x8000fd68
core   0: 0x80009d6c (0x283f2c23) sw      gp, 664(t5)
core   0: 3 0x80009d6c (0x283f2c23) mem 0x80010000 0x00000001
core   0: 0x80009d70 (0xff9ff06f) j       pc - 0x8
core   0: 3 0x80009d70 (0xff9ff06f)
core   0: 0x80009d68 (0x00006f17) auipc   t5, 0x6
core   0: 3 0x80009d68 (0x00006f17) x30 0x8000fd68
core   0: 0x80009d6c (0x283f2c23) sw      gp, 664(t5)
core   0: 3 0x80009d6c (0x283f2c23) mem 0x80010000 0x00000001
core   0: 0x80009d70 (0xff9ff06f) j       pc - 0x8
core   0: 3 0x80009d70 (0xff9ff06f)
core   0: 0x80009d68 (0x00006f17) auipc   t5, 0x6
core   0: 3 0x80009d68 (0x00006f17) x30 0x8000fd68
core   0: 0x80009d6c (0x283f2c23) sw      gp, 664(t5)
core   0: 3 0x80009d6c (0x283f2c23) mem 0x80010000 0x00000001
core   0: 0x80009d70 (0xff9ff06f) j       pc - 0x8
core   0: 3 0x80009d70 (0xff9ff06f)
core   0: 0x80009d68 (0x00006f17) auipc   t5, 0x6
core   0: 3 0x80009d68 (0x00006f17) x30 0x8000fd68
core   0: 0x80009d6c (0x283f2c23) sw      gp, 664(t5)
core   0: 3 0x80009d6c (0x283f2c23) mem 0x80010000 0x00000001
core   0: 0x80009d70 (0xff9ff06f) j       pc - 0x8
core   0: 3 0x80009d70 (0xff9ff06f)
core   0: 0x80009d68 (0x00006f17) auipc   t5, 0x6
core   0: 3 0x80009d68 (0x00006f17) x30 0x8000fd68
core   0: 0x80009d6c (0x283f2c23) sw      gp, 664(t5)
core   0: 3 0x80009d6c (0x283f2c23) mem 0x80010000 0x00000001
core   0: 0x80009d70 (0xff9ff06f) j       pc - 0x8
core   0: 3 0x80009d70 (0xff9ff06f)
core   0: 0x80009d68 (0x00006f17) auipc   t5, 0x6
core   0: 3 0x80009d68 (0x00006f17) x30 0x8000fd68
core   0: 0x80009d6c (0x283f2c23) sw      gp, 664(t5)
core   0: 3 0x80009d6c (0x283f2c23) mem 0x80010000 0x00000001
core   0: 0x80009d70 (0xff9ff06f) j       pc - 0x8
core   0: 3 0x80009d70 (0xff9ff06f)
core   0: 0x80009d68 (0x00006f17) auipc   t5, 0x6
core   0: 3 0x80009d68 (0x00006f17) x30 0x8000fd68
core   0: 0x80009d6c (0x283f2c23) sw      gp, 664(t5)
core   0: 3 0x80009d6c (0x283f2c23) mem 0x80010000 0x00000001
core   0: 0x80009d70 (0xff9ff06f) j       pc - 0x8
core   0: 3 0x80009d70 (0xff9ff06f)
core   0: 0x80009d68 (0x00006f17) auipc   t5, 0x6
core   0: 3 0x80009d68 (0x00006f17) x30 0x8000fd68
core   0: 0x80009d6c (0x283f2c23) sw      gp, 664(t5)
core   0: 3 0x80009d6c (0x283f2c23) mem 0x80010000 0x00000001
core   0: 0x80009d70 (0xff9ff06f) j       pc - 0x8
core   0: 3 0x80009d70 (0xff9ff06f)
core   0: 0x80009d68 (0x00006f17) auipc   t5, 0x6
core   0: 3 0x80009d68 (0x00006f17) x30 0x8000fd68
core   0: 0x80009d6c (0x283f2c23) sw      gp, 664(t5)
core   0: 3 0x80009d6c (0x283f2c23) mem 0x80010000 0x00000001
core   0: 0x80009d70 (0xff9ff06f) j       pc - 0x8
core   0: 3 0x80009d70 (0xff9ff06f)
core   0: 0x80009d68 (0x00006f17) auipc   t5, 0x6
core   0: 3 0x80009d68 (0x00006f17) x30 0x8000fd68
core   0: 0x80009d6c (0x283f2c23) sw      gp, 664(t5)
core   0: 3 0x80009d6c (0x283f2c23) mem 0x80010000 0x00000001
core   0: 0x80009d70 (0xff9ff06f) j       pc - 0x8
core   0: 3 0x80009d70 (0xff9ff06f)
core   0: 0x80009d68 (0x00006f17) auipc   t5, 0x6
core   0: 3 0x80009d68 (0x00006f17) x30 0x8000fd68
core   0: 0x80009d6c (0x283f2c23) sw      gp, 664(t5)
core   0: 3 0x80009d6c (0x283f2c23) mem 0x80010000 0x00000001
core   0: 0x80009d70 (0xff9ff06f) j       pc - 0x8
core   0: 3 0x80009d70 (0xff9ff06f)
core   0: 0x80009d68 (0x00006f17) auipc   t5, 0x6
core   0: 3 0x80009d68 (0x00006f17) x30 0x8000fd68
core   0: 0x80009d6c (0x283f2c23) sw      gp, 664(t5)
core   0: 3 0x80009d6c (0x283f2c23) mem 0x80010000 0x00000001
core   0: 0x80009d70 (0xff9ff06f) j       pc - 0x8
core   0: 3 0x80009d70 (0xff9ff06f)
core   0: 0x80009d68 (0x00006f17) auipc   t5, 0x6
core   0: 3 0x80009d68 (0x00006f17) x30 0x8000fd68
core   0: 0x80009d6c (0x283f2c23) sw      gp, 664(t5)
core   0: 3 0x80009d6c (0x283f2c23) mem 0x80010000 0x00000001
core   0: 0x80009d70 (0xff9ff06f) j       pc - 0x8
core   0: 3 0x80009d70 (0xff9ff06f)
core   0: 0x80009d68 (0x00006f17) auipc   t5, 0x6
core   0: 3 0x80009d68 (0x00006f17) x30 0x8000fd68
core   0: 0x80009d6c (0x283f2c23) sw      gp, 664(t5)
core   0: 3 0x80009d6c (0x283f2c23) mem 0x80010000 0x00000001
core   0: 0x80009d70 (0xff9ff06f) j       pc - 0x8
core   0: 3 0x80009d70 (0xff9ff06f)
core   0: 0x80009d68 (0x00006f17) auipc   t5, 0x6
core   0: 3 0x80009d68 (0x00006f17) x30 0x8000fd68
core   0: 0x80009d6c (0x283f2c23) sw      gp, 664(t5)
core   0: 3 0x80009d6c (0x283f2c23) mem 0x80010000 0x00000001
core   0: 0x80009d70 (0xff9ff06f) j       pc - 0x8
core   0: 3 0x80009d70 (0xff9ff06f)
core   0: 0x80009d68 (0x00006f17) auipc   t5, 0x6
core   0: 3 0x80009d68 (0x00006f17) x30 0x8000fd68
core   0: 0x80009d6c (0x283f2c23) sw      gp, 664(t5)
core   0: 3 0x80009d6c (0x283f2c23) mem 0x80010000 0x00000001
core   0: 0x80009d70 (0xff9ff06f) j       pc - 0x8
core   0: 3 0x80009d70 (0xff9ff06f)
core   0: 0x80009d68 (0x00006f17) auipc   t5, 0x6
core   0: 3 0x80009d68 (0x00006f17) x30 0x8000fd68
core   0: 0x80009d6c (0x283f2c23) sw      gp, 664(t5)
core   0: 3 0x80009d6c (0x283f2c23) mem 0x80010000 0x00000001
core   0: 0x80009d70 (0xff9ff06f) j       pc - 0x8
core   0: 3 0x80009d70 (0xff9ff06f)
core   0: 0x80009d68 (0x00006f17) auipc   t5, 0x6
core   0: 3 0x80009d68 (0x00006f17) x30 0x8000fd68
core   0: 0x80009d6c (0x283f2c23) sw      gp, 664(t5)
core   0: 3 0x80009d6c (0x283f2c23) mem 0x80010000 0x00000001
core   0: 0x80009d70 (0xff9ff06f) j       pc - 0x8
core   0: 3 0x80009d70 (0xff9ff06f)
core   0: 0x80009d68 (0x00006f17) auipc   t5, 0x6
core   0: 3 0x80009d68 (0x00006f17) x30 0x8000fd68
core   0: 0x80009d6c (0x283f2c23) sw      gp, 664(t5)
core   0: 3 0x80009d6c (0x283f2c23) mem 0x80010000 0x00000001
core   0: 0x80009d70 (0xff9ff06f) j       pc - 0x8
core   0: 3 0x80009d70 (0xff9ff06f)
core   0: 0x80009d68 (0x00006f17) auipc   t5, 0x6
core   0: 3 0x80009d68 (0x00006f17) x30 0x8000fd68
core   0: 0x80009d6c (0x283f2c23) sw      gp, 664(t5)
core   0: 3 0x80009d6c (0x283f2c23) mem 0x80010000 0x00000001
core   0: 0x80009d70 (0xff9ff06f) j       pc - 0x8
core   0: 3 0x80009d70 (0xff9ff06f)
core   0: 0x80009d68 (0x00006f17) auipc   t5, 0x6
core   0: 3 0x80009d68 (0x00006f17) x30 0x8000fd68
core   0: 0x80009d6c (0x283f2c23) sw      gp, 664(t5)
core   0: 3 0x80009d6c (0x283f2c23) mem 0x80010000 0x00000001
core   0: 0x80009d70 (0xff9ff06f) j       pc - 0x8
core   0: 3 0x80009d70 (0xff9ff06f)
core   0: 0x80009d68 (0x00006f17) auipc   t5, 0x6
core   0: 3 0x80009d68 (0x00006f17) x30 0x8000fd68
core   0: 0x80009d6c (0x283f2c23) sw      gp, 664(t5)
core   0: 3 0x80009d6c (0x283f2c23) mem 0x80010000 0x00000001
core   0: 0x80009d70 (0xff9ff06f) j       pc - 0x8
core   0: 3 0x80009d70 (0xff9ff06f)
core   0: 0x80009d68 (0x00006f17) auipc   t5, 0x6
core   0: 3 0x80009d68 (0x00006f17) x30 0x8000fd68
core   0: 0x80009d6c (0x283f2c23) sw      gp, 664(t5)
core   0: 3 0x80009d6c (0x283f2c23) mem 0x80010000 0x00000001
core   0: 0x80009d70 (0xff9ff06f) j       pc - 0x8
core   0: 3 0x80009d70 (0xff9ff06f)
core   0: 0x80009d68 (0x00006f17) auipc   t5, 0x6
core   0: 3 0x80009d68 (0x00006f17) x30 0x8000fd68
core   0: 0x80009d6c (0x283f2c23) sw      gp, 664(t5)
core   0: 3 0x80009d6c (0x283f2c23) mem 0x80010000 0x00000001
core   0: 0x80009d70 (0xff9ff06f) j       pc - 0x8
core   0: 3 0x80009d70 (0xff9ff06f)
core   0: 0x80009d68 (0x00006f17) auipc   t5, 0x6
core   0: 3 0x80009d68 (0x00006f17) x30 0x8000fd68
core   0: 0x80009d6c (0x283f2c23) sw      gp, 664(t5)
core   0: 3 0x80009d6c (0x283f2c23) mem 0x80010000 0x00000001
core   0: 0x80009d70 (0xff9ff06f) j       pc - 0x8
core   0: 3 0x80009d70 (0xff9ff06f)
core   0: 0x80009d68 (0x00006f17) auipc   t5, 0x6
core   0: 3 0x80009d68 (0x00006f17) x30 0x8000fd68
core   0: 0x80009d6c (0x283f2c23) sw      gp, 664(t5)
core   0: 3 0x80009d6c (0x283f2c23) mem 0x80010000 0x00000001
core   0: 0x80009d70 (0xff9ff06f) j       pc - 0x8
core   0: 3 0x80009d70 (0xff9ff06f)
core   0: 0x80009d68 (0x00006f17) auipc   t5, 0x6
core   0: 3 0x80009d68 (0x00006f17) x30 0x8000fd68
core   0: 0x80009d6c (0x283f2c23) sw      gp, 664(t5)
core   0: 3 0x80009d6c (0x283f2c23) mem 0x80010000 0x00000001
core   0: 0x80009d70 (0xff9ff06f) j       pc - 0x8
core   0: 3 0x80009d70 (0xff9ff06f)
core   0: 0x80009d68 (0x00006f17) auipc   t5, 0x6
core   0: 3 0x80009d68 (0x00006f17) x30 0x8000fd68
core   0: 0x80009d6c (0x283f2c23) sw      gp, 664(t5)
core   0: 3 0x80009d6c (0x283f2c23) mem 0x80010000 0x00000001
core   0: 0x80009d70 (0xff9ff06f) j       pc - 0x8
core   0: 3 0x80009d70 (0xff9ff06f)
core   0: 0x80009d68 (0x00006f17) auipc   t5, 0x6
core   0: 3 0x80009d68 (0x00006f17) x30 0x8000fd68
core   0: 0x80009d6c (0x283f2c23) sw      gp, 664(t5)
core   0: 3 0x80009d6c (0x283f2c23) mem 0x80010000 0x00000001
core   0: 0x80009d70 (0xff9ff06f) j       pc - 0x8
core   0: 3 0x80009d70 (0xff9ff06f)
core   0: 0x80009d68 (0x00006f17) auipc   t5, 0x6
core   0: 3 0x80009d68 (0x00006f17) x30 0x8000fd68
core   0: 0x80009d6c (0x283f2c23) sw      gp, 664(t5)
core   0: 3 0x80009d6c (0x283f2c23) mem 0x80010000 0x00000001
core   0: 0x80009d70 (0xff9ff06f) j       pc - 0x8
core   0: 3 0x80009d70 (0xff9ff06f)
core   0: 0x80009d68 (0x00006f17) auipc   t5, 0x6
core   0: 3 0x80009d68 (0x00006f17) x30 0x8000fd68
core   0: 0x80009d6c (0x283f2c23) sw      gp, 664(t5)
core   0: 3 0x80009d6c (0x283f2c23) mem 0x80010000 0x00000001
core   0: 0x80009d70 (0xff9ff06f) j       pc - 0x8
core   0: 3 0x80009d70 (0xff9ff06f)
core   0: 0x80009d68 (0x00006f17) auipc   t5, 0x6
core   0: 3 0x80009d68 (0x00006f17) x30 0x8000fd68
core   0: 0x80009d6c (0x283f2c23) sw      gp, 664(t5)
core   0: 3 0x80009d6c (0x283f2c23) mem 0x80010000 0x00000001
core   0: 0x80009d70 (0xff9ff06f) j       pc - 0x8
core   0: 3 0x80009d70 (0xff9ff06f)
core   0: 0x80009d68 (0x00006f17) auipc   t5, 0x6
core   0: 3 0x80009d68 (0x00006f17) x30 0x8000fd68
core   0: 0x80009d6c (0x283f2c23) sw      gp, 664(t5)
core   0: 3 0x80009d6c (0x283f2c23) mem 0x80010000 0x00000001
core   0: 0x80009d70 (0xff9ff06f) j       pc - 0x8
core   0: 3 0x80009d70 (0xff9ff06f)
core   0: 0x80009d68 (0x00006f17) auipc   t5, 0x6
core   0: 3 0x80009d68 (0x00006f17) x30 0x8000fd68
core   0: 0x80009d6c (0x283f2c23) sw      gp, 664(t5)
core   0: 3 0x80009d6c (0x283f2c23) mem 0x80010000 0x00000001
core   0: 0x80009d70 (0xff9ff06f) j       pc - 0x8
core   0: 3 0x80009d70 (0xff9ff06f)
core   0: 0x80009d68 (0x00006f17) auipc   t5, 0x6
core   0: 3 0x80009d68 (0x00006f17) x30 0x8000fd68
core   0: 0x80009d6c (0x283f2c23) sw      gp, 664(t5)
core   0: 3 0x80009d6c (0x283f2c23) mem 0x80010000 0x00000001
core   0: 0x80009d70 (0xff9ff06f) j       pc - 0x8
core   0: 3 0x80009d70 (0xff9ff06f)
core   0: 0x80009d68 (0x00006f17) auipc   t5, 0x6
core   0: 3 0x80009d68 (0x00006f17) x30 0x8000fd68
core   0: 0x80009d6c (0x283f2c23) sw      gp, 664(t5)
core   0: 3 0x80009d6c (0x283f2c23) mem 0x80010000 0x00000001
core   0: 0x80009d70 (0xff9ff06f) j       pc - 0x8
core   0: 3 0x80009d70 (0xff9ff06f)
core   0: 0x80009d68 (0x00006f17) auipc   t5, 0x6
core   0: 3 0x80009d68 (0x00006f17) x30 0x8000fd68
core   0: 0x80009d6c (0x283f2c23) sw      gp, 664(t5)
core   0: 3 0x80009d6c (0x283f2c23) mem 0x80010000 0x00000001
core   0: 0x80009d70 (0xff9ff06f) j       pc - 0x8
core   0: 3 0x80009d70 (0xff9ff06f)
core   0: 0x80009d68 (0x00006f17) auipc   t5, 0x6
core   0: 3 0x80009d68 (0x00006f17) x30 0x8000fd68
core   0: 0x80009d6c (0x283f2c23) sw      gp, 664(t5)
core   0: 3 0x80009d6c (0x283f2c23) mem 0x80010000 0x00000001
core   0: 0x80009d70 (0xff9ff06f) j       pc - 0x8
core   0: 3 0x80009d70 (0xff9ff06f)
core   0: 0x80009d68 (0x00006f17) auipc   t5, 0x6
core   0: 3 0x80009d68 (0x00006f17) x30 0x8000fd68
core   0: 0x80009d6c (0x283f2c23) sw      gp, 664(t5)
core   0: 3 0x80009d6c (0x283f2c23) mem 0x80010000 0x00000001
core   0: 0x80009d70 (0xff9ff06f) j       pc - 0x8
core   0: 3 0x80009d70 (0xff9ff06f)
core   0: 0x80009d68 (0x00006f17) auipc   t5, 0x6
core   0: 3 0x80009d68 (0x00006f17) x30 0x8000fd68
core   0: 0x80009d6c (0x283f2c23) sw      gp, 664(t5)
core   0: 3 0x80009d6c (0x283f2c23) mem 0x80010000 0x00000001
core   0: 0x80009d70 (0xff9ff06f) j       pc - 0x8
core   0: 3 0x80009d70 (0xff9ff06f)
core   0: 0x80009d68 (0x00006f17) auipc   t5, 0x6
core   0: 3 0x80009d68 (0x00006f17) x30 0x8000fd68
core   0: 0x80009d6c (0x283f2c23) sw      gp, 664(t5)
core   0: 3 0x80009d6c (0x283f2c23) mem 0x80010000 0x00000001
core   0: 0x80009d70 (0xff9ff06f) j       pc - 0x8
core   0: 3 0x80009d70 (0xff9ff06f)
core   0: 0x80009d68 (0x00006f17) auipc   t5, 0x6
core   0: 3 0x80009d68 (0x00006f17) x30 0x8000fd68
core   0: 0x80009d6c (0x283f2c23) sw      gp, 664(t5)
core   0: 3 0x80009d6c (0x283f2c23) mem 0x80010000 0x00000001
core   0: 0x80009d70 (0xff9ff06f) j       pc - 0x8
core   0: 3 0x80009d70 (0xff9ff06f)
core   0: 0x80009d68 (0x00006f17) auipc   t5, 0x6
core   0: 3 0x80009d68 (0x00006f17) x30 0x8000fd68
core   0: 0x80009d6c (0x283f2c23) sw      gp, 664(t5)
core   0: 3 0x80009d6c (0x283f2c23) mem 0x80010000 0x00000001
core   0: 0x80009d70 (0xff9ff06f) j       pc - 0x8
core   0: 3 0x80009d70 (0xff9ff06f)
core   0: 0x80009d68 (0x00006f17) auipc   t5, 0x6
core   0: 3 0x80009d68 (0x00006f17) x30 0x8000fd68
core   0: 0x80009d6c (0x283f2c23) sw      gp, 664(t5)
core   0: 3 0x80009d6c (0x283f2c23) mem 0x80010000 0x00000001
core   0: 0x80009d70 (0xff9ff06f) j       pc - 0x8
core   0: 3 0x80009d70 (0xff9ff06f)
core   0: 0x80009d68 (0x00006f17) auipc   t5, 0x6
core   0: 3 0x80009d68 (0x00006f17) x30 0x8000fd68
core   0: 0x80009d6c (0x283f2c23) sw      gp, 664(t5)
core   0: 3 0x80009d6c (0x283f2c23) mem 0x80010000 0x00000001
core   0: 0x80009d70 (0xff9ff06f) j       pc - 0x8
core   0: 3 0x80009d70 (0xff9ff06f)
core   0: 0x80009d68 (0x00006f17) auipc   t5, 0x6
core   0: 3 0x80009d68 (0x00006f17) x30 0x8000fd68
core   0: 0x80009d6c (0x283f2c23) sw      gp, 664(t5)
core   0: 3 0x80009d6c (0x283f2c23) mem 0x80010000 0x00000001
core   0: 0x80009d70 (0xff9ff06f) j       pc - 0x8
core   0: 3 0x80009d70 (0xff9ff06f)
core   0: 0x80009d68 (0x00006f17) auipc   t5, 0x6
core   0: 3 0x80009d68 (0x00006f17) x30 0x8000fd68
core   0: 0x80009d6c (0x283f2c23) sw      gp, 664(t5)
core   0: 3 0x80009d6c (0x283f2c23) mem 0x80010000 0x00000001
core   0: 0x80009d70 (0xff9ff06f) j       pc - 0x8
core   0: 3 0x80009d70 (0xff9ff06f)
core   0: 0x80009d68 (0x00006f17) auipc   t5, 0x6
core   0: 3 0x80009d68 (0x00006f17) x30 0x8000fd68
core   0: 0x80009d6c (0x283f2c23) sw      gp, 664(t5)
core   0: 3 0x80009d6c (0x283f2c23) mem 0x80010000 0x00000001
core   0: 0x80009d70 (0xff9ff06f) j       pc - 0x8
core   0: 3 0x80009d70 (0xff9ff06f)
core   0: 0x80009d68 (0x00006f17) auipc   t5, 0x6
core   0: 3 0x80009d68 (0x00006f17) x30 0x8000fd68
core   0: 0x80009d6c (0x283f2c23) sw      gp, 664(t5)
core   0: 3 0x80009d6c (0x283f2c23) mem 0x80010000 0x00000001
core   0: 0x80009d70 (0xff9ff06f) j       pc - 0x8
core   0: 3 0x80009d70 (0xff9ff06f)
core   0: 0x80009d68 (0x00006f17) auipc   t5, 0x6
core   0: 3 0x80009d68 (0x00006f17) x30 0x8000fd68
core   0: 0x80009d6c (0x283f2c23) sw      gp, 664(t5)
core   0: 3 0x80009d6c (0x283f2c23) mem 0x80010000 0x00000001
core   0: 0x80009d70 (0xff9ff06f) j       pc - 0x8
core   0: 3 0x80009d70 (0xff9ff06f)
core   0: 0x80009d68 (0x00006f17) auipc   t5, 0x6
core   0: 3 0x80009d68 (0x00006f17) x30 0x8000fd68
core   0: 0x80009d6c (0x283f2c23) sw      gp, 664(t5)
core   0: 3 0x80009d6c (0x283f2c23) mem 0x80010000 0x00000001
core   0: 0x80009d70 (0xff9ff06f) j       pc - 0x8
core   0: 3 0x80009d70 (0xff9ff06f)
core   0: 0x80009d68 (0x00006f17) auipc   t5, 0x6
core   0: 3 0x80009d68 (0x00006f17) x30 0x8000fd68
core   0: 0x80009d6c (0x283f2c23) sw      gp, 664(t5)
core   0: 3 0x80009d6c (0x283f2c23) mem 0x80010000 0x00000001
core   0: 0x80009d70 (0xff9ff06f) j       pc - 0x8
core   0: 3 0x80009d70 (0xff9ff06f)
core   0: 0x80009d68 (0x00006f17) auipc   t5, 0x6
core   0: 3 0x80009d68 (0x00006f17) x30 0x8000fd68
core   0: 0x80009d6c (0x283f2c23) sw      gp, 664(t5)
core   0: 3 0x80009d6c (0x283f2c23) mem 0x80010000 0x00000001
core   0: 0x80009d70 (0xff9ff06f) j       pc - 0x8
core   0: 3 0x80009d70 (0xff9ff06f)
core   0: 0x80009d68 (0x00006f17) auipc   t5, 0x6
core   0: 3 0x80009d68 (0x00006f17) x30 0x8000fd68
core   0: 0x80009d6c (0x283f2c23) sw      gp, 664(t5)
core   0: 3 0x80009d6c (0x283f2c23) mem 0x80010000 0x00000001
core   0: 0x80009d70 (0xff9ff06f) j       pc - 0x8
core   0: 3 0x80009d70 (0xff9ff06f)
core   0: 0x80009d68 (0x00006f17) auipc   t5, 0x6
core   0: 3 0x80009d68 (0x00006f17) x30 0x8000fd68
core   0: 0x80009d6c (0x283f2c23) sw      gp, 664(t5)
core   0: 3 0x80009d6c (0x283f2c23) mem 0x80010000 0x00000001
core   0: 0x80009d70 (0xff9ff06f) j       pc - 0x8
core   0: 3 0x80009d70 (0xff9ff06f)
core   0: 0x80009d68 (0x00006f17) auipc   t5, 0x6
core   0: 3 0x80009d68 (0x00006f17) x30 0x8000fd68
core   0: 0x80009d6c (0x283f2c23) sw      gp, 664(t5)
core   0: 3 0x80009d6c (0x283f2c23) mem 0x80010000 0x00000001
core   0: 0x80009d70 (0xff9ff06f) j       pc - 0x8
core   0: 3 0x80009d70 (0xff9ff06f)
core   0: 0x80009d68 (0x00006f17) auipc   t5, 0x6
core   0: 3 0x80009d68 (0x00006f17) x30 0x8000fd68
core   0: 0x80009d6c (0x283f2c23) sw      gp, 664(t5)
core   0: 3 0x80009d6c (0x283f2c23) mem 0x80010000 0x00000001
core   0: 0x80009d70 (0xff9ff06f) j       pc - 0x8
core   0: 3 0x80009d70 (0xff9ff06f)
core   0: 0x80009d68 (0x00006f17) auipc   t5, 0x6
core   0: 3 0x80009d68 (0x00006f17) x30 0x8000fd68
core   0: 0x80009d6c (0x283f2c23) sw      gp, 664(t5)
core   0: 3 0x80009d6c (0x283f2c23) mem 0x80010000 0x00000001
core   0: 0x80009d70 (0xff9ff06f) j       pc - 0x8
core   0: 3 0x80009d70 (0xff9ff06f)
core   0: 0x80009d68 (0x00006f17) auipc   t5, 0x6
core   0: 3 0x80009d68 (0x00006f17) x30 0x8000fd68
core   0: 0x80009d6c (0x283f2c23) sw      gp, 664(t5)
core   0: 3 0x80009d6c (0x283f2c23) mem 0x80010000 0x00000001
core   0: 0x80009d70 (0xff9ff06f) j       pc - 0x8
core   0: 3 0x80009d70 (0xff9ff06f)
core   0: 0x80009d68 (0x00006f17) auipc   t5, 0x6
core   0: 3 0x80009d68 (0x00006f17) x30 0x8000fd68
core   0: 0x80009d6c (0x283f2c23) sw      gp, 664(t5)
core   0: 3 0x80009d6c (0x283f2c23) mem 0x80010000 0x00000001
core   0: 0x80009d70 (0xff9ff06f) j       pc - 0x8
core   0: 3 0x80009d70 (0xff9ff06f)
core   0: 0x80009d68 (0x00006f17) auipc   t5, 0x6
core   0: 3 0x80009d68 (0x00006f17) x30 0x8000fd68
core   0: 0x80009d6c (0x283f2c23) sw      gp, 664(t5)
core   0: 3 0x80009d6c (0x283f2c23) mem 0x80010000 0x00000001
core   0: 0x80009d70 (0xff9ff06f) j       pc - 0x8
core   0: 3 0x80009d70 (0xff9ff06f)
core   0: 0x80009d68 (0x00006f17) auipc   t5, 0x6
core   0: 3 0x80009d68 (0x00006f17) x30 0x8000fd68
core   0: 0x80009d6c (0x283f2c23) sw      gp, 664(t5)
core   0: 3 0x80009d6c (0x283f2c23) mem 0x80010000 0x00000001
core   0: 0x80009d70 (0xff9ff06f) j       pc - 0x8
core   0: 3 0x80009d70 (0xff9ff06f)
core   0: 0x80009d68 (0x00006f17) auipc   t5, 0x6
core   0: 3 0x80009d68 (0x00006f17) x30 0x8000fd68
core   0: 0x80009d6c (0x283f2c23) sw      gp, 664(t5)
core   0: 3 0x80009d6c (0x283f2c23) mem 0x80010000 0x00000001
core   0: 0x80009d70 (0xff9ff06f) j       pc - 0x8
core   0: 3 0x80009d70 (0xff9ff06f)
core   0: 0x80009d68 (0x00006f17) auipc   t5, 0x6
core   0: 3 0x80009d68 (0x00006f17) x30 0x8000fd68
core   0: 0x80009d6c (0x283f2c23) sw      gp, 664(t5)
core   0: 3 0x80009d6c (0x283f2c23) mem 0x80010000 0x00000001
core   0: 0x80009d70 (0xff9ff06f) j       pc - 0x8
core   0: 3 0x80009d70 (0xff9ff06f)
core   0: 0x80009d68 (0x00006f17) auipc   t5, 0x6
core   0: 3 0x80009d68 (0x00006f17) x30 0x8000fd68
core   0: 0x80009d6c (0x283f2c23) sw      gp, 664(t5)
core   0: 3 0x80009d6c (0x283f2c23) mem 0x80010000 0x00000001
core   0: 0x80009d70 (0xff9ff06f) j       pc - 0x8
core   0: 3 0x80009d70 (0xff9ff06f)
core   0: 0x80009d68 (0x00006f17) auipc   t5, 0x6
core   0: 3 0x80009d68 (0x00006f17) x30 0x8000fd68
core   0: 0x80009d6c (0x283f2c23) sw      gp, 664(t5)
core   0: 3 0x80009d6c (0x283f2c23) mem 0x80010000 0x00000001
core   0: 0x80009d70 (0xff9ff06f) j       pc - 0x8
core   0: 3 0x80009d70 (0xff9ff06f)
core   0: 0x80009d68 (0x00006f17) auipc   t5, 0x6
core   0: 3 0x80009d68 (0x00006f17) x30 0x8000fd68
core   0: 0x80009d6c (0x283f2c23) sw      gp, 664(t5)
core   0: 3 0x80009d6c (0x283f2c23) mem 0x80010000 0x00000001
core   0: 0x80009d70 (0xff9ff06f) j       pc - 0x8
core   0: 3 0x80009d70 (0xff9ff06f)
core   0: 0x80009d68 (0x00006f17) auipc   t5, 0x6
core   0: 3 0x80009d68 (0x00006f17) x30 0x8000fd68
core   0: 0x80009d6c (0x283f2c23) sw      gp, 664(t5)
core   0: 3 0x80009d6c (0x283f2c23) mem 0x80010000 0x00000001
core   0: 0x80009d70 (0xff9ff06f) j       pc - 0x8
core   0: 3 0x80009d70 (0xff9ff06f)
core   0: 0x80009d68 (0x00006f17) auipc   t5, 0x6
core   0: 3 0x80009d68 (0x00006f17) x30 0x8000fd68
core   0: 0x80009d6c (0x283f2c23) sw      gp, 664(t5)
core   0: 3 0x80009d6c (0x283f2c23) mem 0x80010000 0x00000001
core   0: 0x80009d70 (0xff9ff06f) j       pc - 0x8
core   0: 3 0x80009d70 (0xff9ff06f)
core   0: 0x80009d68 (0x00006f17) auipc   t5, 0x6
core   0: 3 0x80009d68 (0x00006f17) x30 0x8000fd68
core   0: 0x80009d6c (0x283f2c23) sw      gp, 664(t5)
core   0: 3 0x80009d6c (0x283f2c23) mem 0x80010000 0x00000001
core   0: 0x80009d70 (0xff9ff06f) j       pc - 0x8
core   0: 3 0x80009d70 (0xff9ff06f)
core   0: 0x80009d68 (0x00006f17) auipc   t5, 0x6
core   0: 3 0x80009d68 (0x00006f17) x30 0x8000fd68
core   0: 0x80009d6c (0x283f2c23) sw      gp, 664(t5)
core   0: 3 0x80009d6c (0x283f2c23) mem 0x80010000 0x00000001
core   0: 0x80009d70 (0xff9ff06f) j       pc - 0x8
core   0: 3 0x80009d70 (0xff9ff06f)
core   0: 0x80009d68 (0x00006f17) auipc   t5, 0x6
core   0: 3 0x80009d68 (0x00006f17) x30 0x8000fd68
core   0: 0x80009d6c (0x283f2c23) sw      gp, 664(t5)
core   0: 3 0x80009d6c (0x283f2c23) mem 0x80010000 0x00000001
core   0: 0x80009d70 (0xff9ff06f) j       pc - 0x8
core   0: 3 0x80009d70 (0xff9ff06f)
core   0: 0x80009d68 (0x00006f17) auipc   t5, 0x6
core   0: 3 0x80009d68 (0x00006f17) x30 0x8000fd68
core   0: 0x80009d6c (0x283f2c23) sw      gp, 664(t5)
core   0: 3 0x80009d6c (0x283f2c23) mem 0x80010000 0x00000001
core   0: 0x80009d70 (0xff9ff06f) j       pc - 0x8
core   0: 3 0x80009d70 (0xff9ff06f)
core   0: 0x80009d68 (0x00006f17) auipc   t5, 0x6
core   0: 3 0x80009d68 (0x00006f17) x30 0x8000fd68
core   0: 0x80009d6c (0x283f2c23) sw      gp, 664(t5)
core   0: 3 0x80009d6c (0x283f2c23) mem 0x80010000 0x00000001
core   0: 0x80009d70 (0xff9ff06f) j       pc - 0x8
core   0: 3 0x80009d70 (0xff9ff06f)
core   0: 0x80009d68 (0x00006f17) auipc   t5, 0x6
core   0: 3 0x80009d68 (0x00006f17) x30 0x8000fd68
core   0: 0x80009d6c (0x283f2c23) sw      gp, 664(t5)
core   0: 3 0x80009d6c (0x283f2c23) mem 0x80010000 0x00000001
core   0: 0x80009d70 (0xff9ff06f) j       pc - 0x8
core   0: 3 0x80009d70 (0xff9ff06f)
core   0: 0x80009d68 (0x00006f17) auipc   t5, 0x6
core   0: 3 0x80009d68 (0x00006f17) x30 0x8000fd68
core   0: 0x80009d6c (0x283f2c23) sw      gp, 664(t5)
core   0: 3 0x80009d6c (0x283f2c23) mem 0x80010000 0x00000001
core   0: 0x80009d70 (0xff9ff06f) j       pc - 0x8
core   0: 3 0x80009d70 (0xff9ff06f)
core   0: 0x80009d68 (0x00006f17) auipc   t5, 0x6
core   0: 3 0x80009d68 (0x00006f17) x30 0x8000fd68
core   0: 0x80009d6c (0x283f2c23) sw      gp, 664(t5)
core   0: 3 0x80009d6c (0x283f2c23) mem 0x80010000 0x00000001
core   0: 0x80009d70 (0xff9ff06f) j       pc - 0x8
core   0: 3 0x80009d70 (0xff9ff06f)
core   0: 0x80009d68 (0x00006f17) auipc   t5, 0x6
core   0: 3 0x80009d68 (0x00006f17) x30 0x8000fd68
core   0: 0x80009d6c (0x283f2c23) sw      gp, 664(t5)
core   0: 3 0x80009d6c (0x283f2c23) mem 0x80010000 0x00000001
core   0: 0x80009d70 (0xff9ff06f) j       pc - 0x8
core   0: 3 0x80009d70 (0xff9ff06f)
core   0: 0x80009d68 (0x00006f17) auipc   t5, 0x6
core   0: 3 0x80009d68 (0x00006f17) x30 0x8000fd68
core   0: 0x80009d6c (0x283f2c23) sw      gp, 664(t5)
core   0: 3 0x80009d6c (0x283f2c23) mem 0x80010000 0x00000001
core   0: 0x80009d70 (0xff9ff06f) j       pc - 0x8
core   0: 3 0x80009d70 (0xff9ff06f)
core   0: 0x80009d68 (0x00006f17) auipc   t5, 0x6
core   0: 3 0x80009d68 (0x00006f17) x30 0x8000fd68
core   0: 0x80009d6c (0x283f2c23) sw      gp, 664(t5)
core   0: 3 0x80009d6c (0x283f2c23) mem 0x80010000 0x00000001
core   0: 0x80009d70 (0xff9ff06f) j       pc - 0x8
core   0: 3 0x80009d70 (0xff9ff06f)
core   0: 0x80009d68 (0x00006f17) auipc   t5, 0x6
core   0: 3 0x80009d68 (0x00006f17) x30 0x8000fd68
core   0: 0x80009d6c (0x283f2c23) sw      gp, 664(t5)
core   0: 3 0x80009d6c (0x283f2c23) mem 0x80010000 0x00000001
core   0: 0x80009d70 (0xff9ff06f) j       pc - 0x8
core   0: 3 0x80009d70 (0xff9ff06f)
core   0: 0x80009d68 (0x00006f17) auipc   t5, 0x6
core   0: 3 0x80009d68 (0x00006f17) x30 0x8000fd68
core   0: 0x80009d6c (0x283f2c23) sw      gp, 664(t5)
core   0: 3 0x80009d6c (0x283f2c23) mem 0x80010000 0x00000001
core   0: 0x80009d70 (0xff9ff06f) j       pc - 0x8
core   0: 3 0x80009d70 (0xff9ff06f)
core   0: 0x80009d68 (0x00006f17) auipc   t5, 0x6
core   0: 3 0x80009d68 (0x00006f17) x30 0x8000fd68
core   0: 0x80009d6c (0x283f2c23) sw      gp, 664(t5)
core   0: 3 0x80009d6c (0x283f2c23) mem 0x80010000 0x00000001
core   0: 0x80009d70 (0xff9ff06f) j       pc - 0x8
core   0: 3 0x80009d70 (0xff9ff06f)
core   0: 0x80009d68 (0x00006f17) auipc   t5, 0x6
core   0: 3 0x80009d68 (0x00006f17) x30 0x8000fd68
core   0: 0x80009d6c (0x283f2c23) sw      gp, 664(t5)
core   0: 3 0x80009d6c (0x283f2c23) mem 0x80010000 0x00000001
core   0: 0x80009d70 (0xff9ff06f) j       pc - 0x8
core   0: 3 0x80009d70 (0xff9ff06f)
core   0: 0x80009d68 (0x00006f17) auipc   t5, 0x6
core   0: 3 0x80009d68 (0x00006f17) x30 0x8000fd68
core   0: 0x80009d6c (0x283f2c23) sw      gp, 664(t5)
core   0: 3 0x80009d6c (0x283f2c23) mem 0x80010000 0x00000001
core   0: 0x80009d70 (0xff9ff06f) j       pc - 0x8
core   0: 3 0x80009d70 (0xff9ff06f)
core   0: 0x80009d68 (0x00006f17) auipc   t5, 0x6
core   0: 3 0x80009d68 (0x00006f17) x30 0x8000fd68
core   0: 0x80009d6c (0x283f2c23) sw      gp, 664(t5)
core   0: 3 0x80009d6c (0x283f2c23) mem 0x80010000 0x00000001
core   0: 0x80009d70 (0xff9ff06f) j       pc - 0x8
core   0: 3 0x80009d70 (0xff9ff06f)
core   0: 0x80009d68 (0x00006f17) auipc   t5, 0x6
core   0: 3 0x80009d68 (0x00006f17) x30 0x8000fd68
core   0: 0x80009d6c (0x283f2c23) sw      gp, 664(t5)
core   0: 3 0x80009d6c (0x283f2c23) mem 0x80010000 0x00000001
core   0: 0x80009d70 (0xff9ff06f) j       pc - 0x8
core   0: 3 0x80009d70 (0xff9ff06f)
core   0: 0x80009d68 (0x00006f17) auipc   t5, 0x6
core   0: 3 0x80009d68 (0x00006f17) x30 0x8000fd68
core   0: 0x80009d6c (0x283f2c23) sw      gp, 664(t5)
core   0: 3 0x80009d6c (0x283f2c23) mem 0x80010000 0x00000001
core   0: 0x80009d70 (0xff9ff06f) j       pc - 0x8
core   0: 3 0x80009d70 (0xff9ff06f)
core   0: 0x80009d68 (0x00006f17) auipc   t5, 0x6
core   0: 3 0x80009d68 (0x00006f17) x30 0x8000fd68
core   0: 0x80009d6c (0x283f2c23) sw      gp, 664(t5)
core   0: 3 0x80009d6c (0x283f2c23) mem 0x80010000 0x00000001
core   0: 0x80009d70 (0xff9ff06f) j       pc - 0x8
core   0: 3 0x80009d70 (0xff9ff06f)
core   0: 0x80009d68 (0x00006f17) auipc   t5, 0x6
core   0: 3 0x80009d68 (0x00006f17) x30 0x8000fd68
core   0: 0x80009d6c (0x283f2c23) sw      gp, 664(t5)
core   0: 3 0x80009d6c (0x283f2c23) mem 0x80010000 0x00000001
core   0: 0x80009d70 (0xff9ff06f) j       pc - 0x8
core   0: 3 0x80009d70 (0xff9ff06f)
core   0: 0x80009d68 (0x00006f17) auipc   t5, 0x6
core   0: 3 0x80009d68 (0x00006f17) x30 0x8000fd68
core   0: 0x80009d6c (0x283f2c23) sw      gp, 664(t5)
core   0: 3 0x80009d6c (0x283f2c23) mem 0x80010000 0x00000001
core   0: 0x80009d70 (0xff9ff06f) j       pc - 0x8
core   0: 3 0x80009d70 (0xff9ff06f)
core   0: 0x80009d68 (0x00006f17) auipc   t5, 0x6
core   0: 3 0x80009d68 (0x00006f17) x30 0x8000fd68
core   0: 0x80009d6c (0x283f2c23) sw      gp, 664(t5)
core   0: 3 0x80009d6c (0x283f2c23) mem 0x80010000 0x00000001
core   0: 0x80009d70 (0xff9ff06f) j       pc - 0x8
core   0: 3 0x80009d70 (0xff9ff06f)
core   0: 0x80009d68 (0x00006f17) auipc   t5, 0x6
core   0: 3 0x80009d68 (0x00006f17) x30 0x8000fd68
core   0: 0x80009d6c (0x283f2c23) sw      gp, 664(t5)
core   0: 3 0x80009d6c (0x283f2c23) mem 0x80010000 0x00000001
core   0: 0x80009d70 (0xff9ff06f) j       pc - 0x8
core   0: 3 0x80009d70 (0xff9ff06f)
core   0: 0x80009d68 (0x00006f17) auipc   t5, 0x6
core   0: 3 0x80009d68 (0x00006f17) x30 0x8000fd68
core   0: 0x80009d6c (0x283f2c23) sw      gp, 664(t5)
core   0: 3 0x80009d6c (0x283f2c23) mem 0x80010000 0x00000001
core   0: 0x80009d70 (0xff9ff06f) j       pc - 0x8
core   0: 3 0x80009d70 (0xff9ff06f)
core   0: 0x80009d68 (0x00006f17) auipc   t5, 0x6
core   0: 3 0x80009d68 (0x00006f17) x30 0x8000fd68
core   0: 0x80009d6c (0x283f2c23) sw      gp, 664(t5)
core   0: 3 0x80009d6c (0x283f2c23) mem 0x80010000 0x00000001
core   0: 0x80009d70 (0xff9ff06f) j       pc - 0x8
core   0: 3 0x80009d70 (0xff9ff06f)
core   0: 0x80009d68 (0x00006f17) auipc   t5, 0x6
core   0: 3 0x80009d68 (0x00006f17) x30 0x8000fd68
core   0: 0x80009d6c (0x283f2c23) sw      gp, 664(t5)
core   0: 3 0x80009d6c (0x283f2c23) mem 0x80010000 0x00000001
core   0: 0x80009d70 (0xff9ff06f) j       pc - 0x8
core   0: 3 0x80009d70 (0xff9ff06f)
core   0: 0x80009d68 (0x00006f17) auipc   t5, 0x6
core   0: 3 0x80009d68 (0x00006f17) x30 0x8000fd68
core   0: 0x80009d6c (0x283f2c23) sw      gp, 664(t5)
core   0: 3 0x80009d6c (0x283f2c23) mem 0x80010000 0x00000001
core   0: 0x80009d70 (0xff9ff06f) j       pc - 0x8
core   0: 3 0x80009d70 (0xff9ff06f)
core   0: 0x80009d68 (0x00006f17) auipc   t5, 0x6
core   0: 3 0x80009d68 (0x00006f17) x30 0x8000fd68
core   0: 0x80009d6c (0x283f2c23) sw      gp, 664(t5)
core   0: 3 0x80009d6c (0x283f2c23) mem 0x80010000 0x00000001
core   0: 0x80009d70 (0xff9ff06f) j       pc - 0x8
core   0: 3 0x80009d70 (0xff9ff06f)
core   0: 0x80009d68 (0x00006f17) auipc   t5, 0x6
core   0: 3 0x80009d68 (0x00006f17) x30 0x8000fd68
core   0: 0x80009d6c (0x283f2c23) sw      gp, 664(t5)
core   0: 3 0x80009d6c (0x283f2c23) mem 0x80010000 0x00000001
core   0: 0x80009d70 (0xff9ff06f) j       pc - 0x8
core   0: 3 0x80009d70 (0xff9ff06f)
core   0: 0x80009d68 (0x00006f17) auipc   t5, 0x6
core   0: 3 0x80009d68 (0x00006f17) x30 0x8000fd68
core   0: 0x80009d6c (0x283f2c23) sw      gp, 664(t5)
core   0: 3 0x80009d6c (0x283f2c23) mem 0x80010000 0x00000001
core   0: 0x80009d70 (0xff9ff06f) j       pc - 0x8
core   0: 3 0x80009d70 (0xff9ff06f)
core   0: 0x80009d68 (0x00006f17) auipc   t5, 0x6
core   0: 3 0x80009d68 (0x00006f17) x30 0x8000fd68
core   0: 0x80009d6c (0x283f2c23) sw      gp, 664(t5)
core   0: 3 0x80009d6c (0x283f2c23) mem 0x80010000 0x00000001
core   0: 0x80009d70 (0xff9ff06f) j       pc - 0x8
core   0: 3 0x80009d70 (0xff9ff06f)
core   0: 0x80009d68 (0x00006f17) auipc   t5, 0x6
core   0: 3 0x80009d68 (0x00006f17) x30 0x8000fd68
core   0: 0x80009d6c (0x283f2c23) sw      gp, 664(t5)
core   0: 3 0x80009d6c (0x283f2c23) mem 0x80010000 0x00000001
core   0: 0x80009d70 (0xff9ff06f) j       pc - 0x8
core   0: 3 0x80009d70 (0xff9ff06f)
core   0: 0x80009d68 (0x00006f17) auipc   t5, 0x6
core   0: 3 0x80009d68 (0x00006f17) x30 0x8000fd68
core   0: 0x80009d6c (0x283f2c23) sw      gp, 664(t5)
core   0: 3 0x80009d6c (0x283f2c23) mem 0x80010000 0x00000001
core   0: 0x80009d70 (0xff9ff06f) j       pc - 0x8
core   0: 3 0x80009d70 (0xff9ff06f)
core   0: 0x80009d68 (0x00006f17) auipc   t5, 0x6
core   0: 3 0x80009d68 (0x00006f17) x30 0x8000fd68
core   0: 0x80009d6c (0x283f2c23) sw      gp, 664(t5)
core   0: 3 0x80009d6c (0x283f2c23) mem 0x80010000 0x00000001
core   0: 0x80009d70 (0xff9ff06f) j       pc - 0x8
core   0: 3 0x80009d70 (0xff9ff06f)
core   0: 0x80009d68 (0x00006f17) auipc   t5, 0x6
core   0: 3 0x80009d68 (0x00006f17) x30 0x8000fd68
core   0: 0x80009d6c (0x283f2c23) sw      gp, 664(t5)
core   0: 3 0x80009d6c (0x283f2c23) mem 0x80010000 0x00000001
core   0: 0x80009d70 (0xff9ff06f) j       pc - 0x8
core   0: 3 0x80009d70 (0xff9ff06f)
core   0: 0x80009d68 (0x00006f17) auipc   t5, 0x6
core   0: 3 0x80009d68 (0x00006f17) x30 0x8000fd68
core   0: 0x80009d6c (0x283f2c23) sw      gp, 664(t5)
core   0: 3 0x80009d6c (0x283f2c23) mem 0x80010000 0x00000001
core   0: 0x80009d70 (0xff9ff06f) j       pc - 0x8
core   0: 3 0x80009d70 (0xff9ff06f)
core   0: 0x80009d68 (0x00006f17) auipc   t5, 0x6
core   0: 3 0x80009d68 (0x00006f17) x30 0x8000fd68
core   0: 0x80009d6c (0x283f2c23) sw      gp, 664(t5)
core   0: 3 0x80009d6c (0x283f2c23) mem 0x80010000 0x00000001
core   0: 0x80009d70 (0xff9ff06f) j       pc - 0x8
core   0: 3 0x80009d70 (0xff9ff06f)
core   0: 0x80009d68 (0x00006f17) auipc   t5, 0x6
core   0: 3 0x80009d68 (0x00006f17) x30 0x8000fd68
core   0: 0x80009d6c (0x283f2c23) sw      gp, 664(t5)
core   0: 3 0x80009d6c (0x283f2c23) mem 0x80010000 0x00000001
core   0: 0x80009d70 (0xff9ff06f) j       pc - 0x8
core   0: 3 0x80009d70 (0xff9ff06f)
core   0: 0x80009d68 (0x00006f17) auipc   t5, 0x6
core   0: 3 0x80009d68 (0x00006f17) x30 0x8000fd68
core   0: 0x80009d6c (0x283f2c23) sw      gp, 664(t5)
core   0: 3 0x80009d6c (0x283f2c23) mem 0x80010000 0x00000001
core   0: 0x80009d70 (0xff9ff06f) j       pc - 0x8
core   0: 3 0x80009d70 (0xff9ff06f)
core   0: 0x80009d68 (0x00006f17) auipc   t5, 0x6
core   0: 3 0x80009d68 (0x00006f17) x30 0x8000fd68
core   0: 0x80009d6c (0x283f2c23) sw      gp, 664(t5)
core   0: 3 0x80009d6c (0x283f2c23) mem 0x80010000 0x00000001
core   0: 0x80009d70 (0xff9ff06f) j       pc - 0x8
core   0: 3 0x80009d70 (0xff9ff06f)
core   0: 0x80009d68 (0x00006f17) auipc   t5, 0x6
core   0: 3 0x80009d68 (0x00006f17) x30 0x8000fd68
core   0: 0x80009d6c (0x283f2c23) sw      gp, 664(t5)
core   0: 3 0x80009d6c (0x283f2c23) mem 0x80010000 0x00000001
core   0: 0x80009d70 (0xff9ff06f) j       pc - 0x8
core   0: 3 0x80009d70 (0xff9ff06f)
core   0: 0x80009d68 (0x00006f17) auipc   t5, 0x6
core   0: 3 0x80009d68 (0x00006f17) x30 0x8000fd68
core   0: 0x80009d6c (0x283f2c23) sw      gp, 664(t5)
core   0: 3 0x80009d6c (0x283f2c23) mem 0x80010000 0x00000001
core   0: 0x80009d70 (0xff9ff06f) j       pc - 0x8
core   0: 3 0x80009d70 (0xff9ff06f)
core   0: 0x80009d68 (0x00006f17) auipc   t5, 0x6
core   0: 3 0x80009d68 (0x00006f17) x30 0x8000fd68
core   0: 0x80009d6c (0x283f2c23) sw      gp, 664(t5)
core   0: 3 0x80009d6c (0x283f2c23) mem 0x80010000 0x00000001
core   0: 0x80009d70 (0xff9ff06f) j       pc - 0x8
core   0: 3 0x80009d70 (0xff9ff06f)
core   0: 0x80009d68 (0x00006f17) auipc   t5, 0x6
core   0: 3 0x80009d68 (0x00006f17) x30 0x8000fd68
core   0: 0x80009d6c (0x283f2c23) sw      gp, 664(t5)
core   0: 3 0x80009d6c (0x283f2c23) mem 0x80010000 0x00000001
core   0: 0x80009d70 (0xff9ff06f) j       pc - 0x8
core   0: 3 0x80009d70 (0xff9ff06f)
core   0: 0x80009d68 (0x00006f17) auipc   t5, 0x6
core   0: 3 0x80009d68 (0x00006f17) x30 0x8000fd68
core   0: 0x80009d6c (0x283f2c23) sw      gp, 664(t5)
core   0: 3 0x80009d6c (0x283f2c23) mem 0x80010000 0x00000001
core   0: 0x80009d70 (0xff9ff06f) j       pc - 0x8
core   0: 3 0x80009d70 (0xff9ff06f)
core   0: 0x80009d68 (0x00006f17) auipc   t5, 0x6
core   0: 3 0x80009d68 (0x00006f17) x30 0x8000fd68
core   0: 0x80009d6c (0x283f2c23) sw      gp, 664(t5)
core   0: 3 0x80009d6c (0x283f2c23) mem 0x80010000 0x00000001
core   0: 0x80009d70 (0xff9ff06f) j       pc - 0x8
core   0: 3 0x80009d70 (0xff9ff06f)
core   0: 0x80009d68 (0x00006f17) auipc   t5, 0x6
core   0: 3 0x80009d68 (0x00006f17) x30 0x8000fd68
core   0: 0x80009d6c (0x283f2c23) sw      gp, 664(t5)
core   0: 3 0x80009d6c (0x283f2c23) mem 0x80010000 0x00000001
core   0: 0x80009d70 (0xff9ff06f) j       pc - 0x8
core   0: 3 0x80009d70 (0xff9ff06f)
core   0: 0x80009d68 (0x00006f17) auipc   t5, 0x6
core   0: 3 0x80009d68 (0x00006f17) x30 0x8000fd68
core   0: 0x80009d6c (0x283f2c23) sw      gp, 664(t5)
core   0: 3 0x80009d6c (0x283f2c23) mem 0x80010000 0x00000001
core   0: 0x80009d70 (0xff9ff06f) j       pc - 0x8
core   0: 3 0x80009d70 (0xff9ff06f)
core   0: 0x80009d68 (0x00006f17) auipc   t5, 0x6
core   0: 3 0x80009d68 (0x00006f17) x30 0x8000fd68
core   0: 0x80009d6c (0x283f2c23) sw      gp, 664(t5)
core   0: 3 0x80009d6c (0x283f2c23) mem 0x80010000 0x00000001
core   0: 0x80009d70 (0xff9ff06f) j       pc - 0x8
core   0: 3 0x80009d70 (0xff9ff06f)
core   0: 0x80009d68 (0x00006f17) auipc   t5, 0x6
core   0: 3 0x80009d68 (0x00006f17) x30 0x8000fd68
core   0: 0x80009d6c (0x283f2c23) sw      gp, 664(t5)
core   0: 3 0x80009d6c (0x283f2c23) mem 0x80010000 0x00000001
core   0: 0x80009d70 (0xff9ff06f) j       pc - 0x8
core   0: 3 0x80009d70 (0xff9ff06f)
core   0: 0x80009d68 (0x00006f17) auipc   t5, 0x6
core   0: 3 0x80009d68 (0x00006f17) x30 0x8000fd68
core   0: 0x80009d6c (0x283f2c23) sw      gp, 664(t5)
core   0: 3 0x80009d6c (0x283f2c23) mem 0x80010000 0x00000001
core   0: 0x80009d70 (0xff9ff06f) j       pc - 0x8
core   0: 3 0x80009d70 (0xff9ff06f)
core   0: 0x80009d68 (0x00006f17) auipc   t5, 0x6
core   0: 3 0x80009d68 (0x00006f17) x30 0x8000fd68
core   0: 0x80009d6c (0x283f2c23) sw      gp, 664(t5)
core   0: 3 0x80009d6c (0x283f2c23) mem 0x80010000 0x00000001
core   0: 0x80009d70 (0xff9ff06f) j       pc - 0x8
core   0: 3 0x80009d70 (0xff9ff06f)
core   0: 0x80009d68 (0x00006f17) auipc   t5, 0x6
core   0: 3 0x80009d68 (0x00006f17) x30 0x8000fd68
core   0: 0x80009d6c (0x283f2c23) sw      gp, 664(t5)
core   0: 3 0x80009d6c (0x283f2c23) mem 0x80010000 0x00000001
core   0: 0x80009d70 (0xff9ff06f) j       pc - 0x8
core   0: 3 0x80009d70 (0xff9ff06f)
core   0: 0x80009d68 (0x00006f17) auipc   t5, 0x6
core   0: 3 0x80009d68 (0x00006f17) x30 0x8000fd68
core   0: 0x80009d6c (0x283f2c23) sw      gp, 664(t5)
core   0: 3 0x80009d6c (0x283f2c23) mem 0x80010000 0x00000001
core   0: 0x80009d70 (0xff9ff06f) j       pc - 0x8
core   0: 3 0x80009d70 (0xff9ff06f)
core   0: 0x80009d68 (0x00006f17) auipc   t5, 0x6
core   0: 3 0x80009d68 (0x00006f17) x30 0x8000fd68
core   0: 0x80009d6c (0x283f2c23) sw      gp, 664(t5)
core   0: 3 0x80009d6c (0x283f2c23) mem 0x80010000 0x00000001
core   0: 0x80009d70 (0xff9ff06f) j       pc - 0x8
core   0: 3 0x80009d70 (0xff9ff06f)
core   0: 0x80009d68 (0x00006f17) auipc   t5, 0x6
core   0: 3 0x80009d68 (0x00006f17) x30 0x8000fd68
core   0: 0x80009d6c (0x283f2c23) sw      gp, 664(t5)
core   0: 3 0x80009d6c (0x283f2c23) mem 0x80010000 0x00000001
core   0: 0x80009d70 (0xff9ff06f) j       pc - 0x8
core   0: 3 0x80009d70 (0xff9ff06f)
core   0: 0x80009d68 (0x00006f17) auipc   t5, 0x6
core   0: 3 0x80009d68 (0x00006f17) x30 0x8000fd68
core   0: 0x80009d6c (0x283f2c23) sw      gp, 664(t5)
core   0: 3 0x80009d6c (0x283f2c23) mem 0x80010000 0x00000001
core   0: 0x80009d70 (0xff9ff06f) j       pc - 0x8
core   0: 3 0x80009d70 (0xff9ff06f)
core   0: 0x80009d68 (0x00006f17) auipc   t5, 0x6
core   0: 3 0x80009d68 (0x00006f17) x30 0x8000fd68
core   0: 0x80009d6c (0x283f2c23) sw      gp, 664(t5)
core   0: 3 0x80009d6c (0x283f2c23) mem 0x80010000 0x00000001
core   0: 0x80009d70 (0xff9ff06f) j       pc - 0x8
core   0: 3 0x80009d70 (0xff9ff06f)
core   0: 0x80009d68 (0x00006f17) auipc   t5, 0x6
core   0: 3 0x80009d68 (0x00006f17) x30 0x8000fd68
core   0: 0x80009d6c (0x283f2c23) sw      gp, 664(t5)
core   0: 3 0x80009d6c (0x283f2c23) mem 0x80010000 0x00000001
core   0: 0x80009d70 (0xff9ff06f) j       pc - 0x8
core   0: 3 0x80009d70 (0xff9ff06f)
core   0: 0x80009d68 (0x00006f17) auipc   t5, 0x6
core   0: 3 0x80009d68 (0x00006f17) x30 0x8000fd68
core   0: 0x80009d6c (0x283f2c23) sw      gp, 664(t5)
core   0: 3 0x80009d6c (0x283f2c23) mem 0x80010000 0x00000001
core   0: 0x80009d70 (0xff9ff06f) j       pc - 0x8
core   0: 3 0x80009d70 (0xff9ff06f)
core   0: 0x80009d68 (0x00006f17) auipc   t5, 0x6
core   0: 3 0x80009d68 (0x00006f17) x30 0x8000fd68
core   0: 0x80009d6c (0x283f2c23) sw      gp, 664(t5)
core   0: 3 0x80009d6c (0x283f2c23) mem 0x80010000 0x00000001
core   0: 0x80009d70 (0xff9ff06f) j       pc - 0x8
core   0: 3 0x80009d70 (0xff9ff06f)
core   0: 0x80009d68 (0x00006f17) auipc   t5, 0x6
core   0: 3 0x80009d68 (0x00006f17) x30 0x8000fd68
core   0: 0x80009d6c (0x283f2c23) sw      gp, 664(t5)
core   0: 3 0x80009d6c (0x283f2c23) mem 0x80010000 0x00000001
core   0: 0x80009d70 (0xff9ff06f) j       pc - 0x8
core   0: 3 0x80009d70 (0xff9ff06f)
core   0: 0x80009d68 (0x00006f17) auipc   t5, 0x6
core   0: 3 0x80009d68 (0x00006f17) x30 0x8000fd68
core   0: 0x80009d6c (0x283f2c23) sw      gp, 664(t5)
core   0: 3 0x80009d6c (0x283f2c23) mem 0x80010000 0x00000001
core   0: 0x80009d70 (0xff9ff06f) j       pc - 0x8
core   0: 3 0x80009d70 (0xff9ff06f)
core   0: 0x80009d68 (0x00006f17) auipc   t5, 0x6
core   0: 3 0x80009d68 (0x00006f17) x30 0x8000fd68
core   0: 0x80009d6c (0x283f2c23) sw      gp, 664(t5)
core   0: 3 0x80009d6c (0x283f2c23) mem 0x80010000 0x00000001
core   0: 0x80009d70 (0xff9ff06f) j       pc - 0x8
core   0: 3 0x80009d70 (0xff9ff06f)
core   0: 0x80009d68 (0x00006f17) auipc   t5, 0x6
core   0: 3 0x80009d68 (0x00006f17) x30 0x8000fd68
core   0: 0x80009d6c (0x283f2c23) sw      gp, 664(t5)
core   0: 3 0x80009d6c (0x283f2c23) mem 0x80010000 0x00000001
core   0: 0x80009d70 (0xff9ff06f) j       pc - 0x8
core   0: 3 0x80009d70 (0xff9ff06f)
core   0: 0x80009d68 (0x00006f17) auipc   t5, 0x6
core   0: 3 0x80009d68 (0x00006f17) x30 0x8000fd68
core   0: 0x80009d6c (0x283f2c23) sw      gp, 664(t5)
core   0: 3 0x80009d6c (0x283f2c23) mem 0x80010000 0x00000001
core   0: 0x80009d70 (0xff9ff06f) j       pc - 0x8
core   0: 3 0x80009d70 (0xff9ff06f)
core   0: 0x80009d68 (0x00006f17) auipc   t5, 0x6
core   0: 3 0x80009d68 (0x00006f17) x30 0x8000fd68
core   0: 0x80009d6c (0x283f2c23) sw      gp, 664(t5)
core   0: 3 0x80009d6c (0x283f2c23) mem 0x80010000 0x00000001
core   0: 0x80009d70 (0xff9ff06f) j       pc - 0x8
core   0: 3 0x80009d70 (0xff9ff06f)
core   0: 0x80009d68 (0x00006f17) auipc   t5, 0x6
core   0: 3 0x80009d68 (0x00006f17) x30 0x8000fd68
core   0: 0x80009d6c (0x283f2c23) sw      gp, 664(t5)
core   0: 3 0x80009d6c (0x283f2c23) mem 0x80010000 0x00000001
core   0: 0x80009d70 (0xff9ff06f) j       pc - 0x8
core   0: 3 0x80009d70 (0xff9ff06f)
core   0: 0x80009d68 (0x00006f17) auipc   t5, 0x6
core   0: 3 0x80009d68 (0x00006f17) x30 0x8000fd68
core   0: 0x80009d6c (0x283f2c23) sw      gp, 664(t5)
core   0: 3 0x80009d6c (0x283f2c23) mem 0x80010000 0x00000001
core   0: 0x80009d70 (0xff9ff06f) j       pc - 0x8
core   0: 3 0x80009d70 (0xff9ff06f)
core   0: 0x80009d68 (0x00006f17) auipc   t5, 0x6
core   0: 3 0x80009d68 (0x00006f17) x30 0x8000fd68
core   0: 0x80009d6c (0x283f2c23) sw      gp, 664(t5)
core   0: 3 0x80009d6c (0x283f2c23) mem 0x80010000 0x00000001
core   0: 0x80009d70 (0xff9ff06f) j       pc - 0x8
core   0: 3 0x80009d70 (0xff9ff06f)
core   0: 0x80009d68 (0x00006f17) auipc   t5, 0x6
core   0: 3 0x80009d68 (0x00006f17) x30 0x8000fd68
core   0: 0x80009d6c (0x283f2c23) sw      gp, 664(t5)
core   0: 3 0x80009d6c (0x283f2c23) mem 0x80010000 0x00000001
core   0: 0x80009d70 (0xff9ff06f) j       pc - 0x8
core   0: 3 0x80009d70 (0xff9ff06f)
core   0: 0x80009d68 (0x00006f17) auipc   t5, 0x6
core   0: 3 0x80009d68 (0x00006f17) x30 0x8000fd68
core   0: 0x80009d6c (0x283f2c23) sw      gp, 664(t5)
core   0: 3 0x80009d6c (0x283f2c23) mem 0x80010000 0x00000001
core   0: 0x80009d70 (0xff9ff06f) j       pc - 0x8
core   0: 3 0x80009d70 (0xff9ff06f)
core   0: 0x80009d68 (0x00006f17) auipc   t5, 0x6
core   0: 3 0x80009d68 (0x00006f17) x30 0x8000fd68
core   0: 0x80009d6c (0x283f2c23) sw      gp, 664(t5)
core   0: 3 0x80009d6c (0x283f2c23) mem 0x80010000 0x00000001
core   0: 0x80009d70 (0xff9ff06f) j       pc - 0x8
core   0: 3 0x80009d70 (0xff9ff06f)
core   0: 0x80009d68 (0x00006f17) auipc   t5, 0x6
core   0: 3 0x80009d68 (0x00006f17) x30 0x8000fd68
core   0: 0x80009d6c (0x283f2c23) sw      gp, 664(t5)
core   0: 3 0x80009d6c (0x283f2c23) mem 0x80010000 0x00000001
core   0: 0x80009d70 (0xff9ff06f) j       pc - 0x8
core   0: 3 0x80009d70 (0xff9ff06f)
core   0: 0x80009d68 (0x00006f17) auipc   t5, 0x6
core   0: 3 0x80009d68 (0x00006f17) x30 0x8000fd68
core   0: 0x80009d6c (0x283f2c23) sw      gp, 664(t5)
core   0: 3 0x80009d6c (0x283f2c23) mem 0x80010000 0x00000001
core   0: 0x80009d70 (0xff9ff06f) j       pc - 0x8
core   0: 3 0x80009d70 (0xff9ff06f)
core   0: 0x80009d68 (0x00006f17) auipc   t5, 0x6
core   0: 3 0x80009d68 (0x00006f17) x30 0x8000fd68
core   0: 0x80009d6c (0x283f2c23) sw      gp, 664(t5)
core   0: 3 0x80009d6c (0x283f2c23) mem 0x80010000 0x00000001
core   0: 0x80009d70 (0xff9ff06f) j       pc - 0x8
core   0: 3 0x80009d70 (0xff9ff06f)
core   0: 0x80009d68 (0x00006f17) auipc   t5, 0x6
core   0: 3 0x80009d68 (0x00006f17) x30 0x8000fd68
core   0: 0x80009d6c (0x283f2c23) sw      gp, 664(t5)
core   0: 3 0x80009d6c (0x283f2c23) mem 0x80010000 0x00000001
core   0: 0x80009d70 (0xff9ff06f) j       pc - 0x8
core   0: 3 0x80009d70 (0xff9ff06f)
core   0: 0x80009d68 (0x00006f17) auipc   t5, 0x6
core   0: 3 0x80009d68 (0x00006f17) x30 0x8000fd68
core   0: 0x80009d6c (0x283f2c23) sw      gp, 664(t5)
core   0: 3 0x80009d6c (0x283f2c23) mem 0x80010000 0x00000001
core   0: 0x80009d70 (0xff9ff06f) j       pc - 0x8
core   0: 3 0x80009d70 (0xff9ff06f)
core   0: 0x80009d68 (0x00006f17) auipc   t5, 0x6
core   0: 3 0x80009d68 (0x00006f17) x30 0x8000fd68
core   0: 0x80009d6c (0x283f2c23) sw      gp, 664(t5)
core   0: 3 0x80009d6c (0x283f2c23) mem 0x80010000 0x00000001
core   0: 0x80009d70 (0xff9ff06f) j       pc - 0x8
core   0: 3 0x80009d70 (0xff9ff06f)
core   0: 0x80009d68 (0x00006f17) auipc   t5, 0x6
core   0: 3 0x80009d68 (0x00006f17) x30 0x8000fd68
core   0: 0x80009d6c (0x283f2c23) sw      gp, 664(t5)
core   0: 3 0x80009d6c (0x283f2c23) mem 0x80010000 0x00000001
core   0: 0x80009d70 (0xff9ff06f) j       pc - 0x8
core   0: 3 0x80009d70 (0xff9ff06f)
core   0: 0x80009d68 (0x00006f17) auipc   t5, 0x6
core   0: 3 0x80009d68 (0x00006f17) x30 0x8000fd68
core   0: 0x80009d6c (0x283f2c23) sw      gp, 664(t5)
core   0: 3 0x80009d6c (0x283f2c23) mem 0x80010000 0x00000001
core   0: 0x80009d70 (0xff9ff06f) j       pc - 0x8
core   0: 3 0x80009d70 (0xff9ff06f)
core   0: 0x80009d68 (0x00006f17) auipc   t5, 0x6
core   0: 3 0x80009d68 (0x00006f17) x30 0x8000fd68
core   0: 0x80009d6c (0x283f2c23) sw      gp, 664(t5)
core   0: 3 0x80009d6c (0x283f2c23) mem 0x80010000 0x00000001
core   0: 0x80009d70 (0xff9ff06f) j       pc - 0x8
core   0: 3 0x80009d70 (0xff9ff06f)
core   0: 0x80009d68 (0x00006f17) auipc   t5, 0x6
core   0: 3 0x80009d68 (0x00006f17) x30 0x8000fd68
core   0: 0x80009d6c (0x283f2c23) sw      gp, 664(t5)
core   0: 3 0x80009d6c (0x283f2c23) mem 0x80010000 0x00000001
core   0: 0x80009d70 (0xff9ff06f) j       pc - 0x8
core   0: 3 0x80009d70 (0xff9ff06f)
core   0: 0x80009d68 (0x00006f17) auipc   t5, 0x6
core   0: 3 0x80009d68 (0x00006f17) x30 0x8000fd68
core   0: 0x80009d6c (0x283f2c23) sw      gp, 664(t5)
core   0: 3 0x80009d6c (0x283f2c23) mem 0x80010000 0x00000001
core   0: 0x80009d70 (0xff9ff06f) j       pc - 0x8
core   0: 3 0x80009d70 (0xff9ff06f)
core   0: 0x80009d68 (0x00006f17) auipc   t5, 0x6
core   0: 3 0x80009d68 (0x00006f17) x30 0x8000fd68
core   0: 0x80009d6c (0x283f2c23) sw      gp, 664(t5)
core   0: 3 0x80009d6c (0x283f2c23) mem 0x80010000 0x00000001
core   0: 0x80009d70 (0xff9ff06f) j       pc - 0x8
core   0: 3 0x80009d70 (0xff9ff06f)
core   0: 0x80009d68 (0x00006f17) auipc   t5, 0x6
core   0: 3 0x80009d68 (0x00006f17) x30 0x8000fd68
core   0: 0x80009d6c (0x283f2c23) sw      gp, 664(t5)
core   0: 3 0x80009d6c (0x283f2c23) mem 0x80010000 0x00000001
core   0: 0x80009d70 (0xff9ff06f) j       pc - 0x8
core   0: 3 0x80009d70 (0xff9ff06f)
core   0: 0x80009d68 (0x00006f17) auipc   t5, 0x6
core   0: 3 0x80009d68 (0x00006f17) x30 0x8000fd68
core   0: 0x80009d6c (0x283f2c23) sw      gp, 664(t5)
core   0: 3 0x80009d6c (0x283f2c23) mem 0x80010000 0x00000001
core   0: 0x80009d70 (0xff9ff06f) j       pc - 0x8
core   0: 3 0x80009d70 (0xff9ff06f)
core   0: 0x80009d68 (0x00006f17) auipc   t5, 0x6
core   0: 3 0x80009d68 (0x00006f17) x30 0x8000fd68
core   0: 0x80009d6c (0x283f2c23) sw      gp, 664(t5)
core   0: 3 0x80009d6c (0x283f2c23) mem 0x80010000 0x00000001
core   0: 0x80009d70 (0xff9ff06f) j       pc - 0x8
core   0: 3 0x80009d70 (0xff9ff06f)
core   0: 0x80009d68 (0x00006f17) auipc   t5, 0x6
core   0: 3 0x80009d68 (0x00006f17) x30 0x8000fd68
core   0: 0x80009d6c (0x283f2c23) sw      gp, 664(t5)
core   0: 3 0x80009d6c (0x283f2c23) mem 0x80010000 0x00000001
core   0: 0x80009d70 (0xff9ff06f) j       pc - 0x8
core   0: 3 0x80009d70 (0xff9ff06f)
core   0: 0x80009d68 (0x00006f17) auipc   t5, 0x6
core   0: 3 0x80009d68 (0x00006f17) x30 0x8000fd68
core   0: 0x80009d6c (0x283f2c23) sw      gp, 664(t5)
core   0: 3 0x80009d6c (0x283f2c23) mem 0x80010000 0x00000001
core   0: 0x80009d70 (0xff9ff06f) j       pc - 0x8
core   0: 3 0x80009d70 (0xff9ff06f)
core   0: 0x80009d68 (0x00006f17) auipc   t5, 0x6
core   0: 3 0x80009d68 (0x00006f17) x30 0x8000fd68
core   0: 0x80009d6c (0x283f2c23) sw      gp, 664(t5)
core   0: 3 0x80009d6c (0x283f2c23) mem 0x80010000 0x00000001
core   0: 0x80009d70 (0xff9ff06f) j       pc - 0x8
core   0: 3 0x80009d70 (0xff9ff06f)
core   0: 0x80009d68 (0x00006f17) auipc   t5, 0x6
core   0: 3 0x80009d68 (0x00006f17) x30 0x8000fd68
core   0: 0x80009d6c (0x283f2c23) sw      gp, 664(t5)
core   0: 3 0x80009d6c (0x283f2c23) mem 0x80010000 0x00000001
core   0: 0x80009d70 (0xff9ff06f) j       pc - 0x8
core   0: 3 0x80009d70 (0xff9ff06f)
core   0: 0x80009d68 (0x00006f17) auipc   t5, 0x6
core   0: 3 0x80009d68 (0x00006f17) x30 0x8000fd68
core   0: 0x80009d6c (0x283f2c23) sw      gp, 664(t5)
core   0: 3 0x80009d6c (0x283f2c23) mem 0x80010000 0x00000001
core   0: 0x80009d70 (0xff9ff06f) j       pc - 0x8
core   0: 3 0x80009d70 (0xff9ff06f)
core   0: 0x80009d68 (0x00006f17) auipc   t5, 0x6
core   0: 3 0x80009d68 (0x00006f17) x30 0x8000fd68
core   0: 0x80009d6c (0x283f2c23) sw      gp, 664(t5)
core   0: 3 0x80009d6c (0x283f2c23) mem 0x80010000 0x00000001
core   0: 0x80009d70 (0xff9ff06f) j       pc - 0x8
core   0: 3 0x80009d70 (0xff9ff06f)
core   0: 0x80009d68 (0x00006f17) auipc   t5, 0x6
core   0: 3 0x80009d68 (0x00006f17) x30 0x8000fd68
core   0: 0x80009d6c (0x283f2c23) sw      gp, 664(t5)
core   0: 3 0x80009d6c (0x283f2c23) mem 0x80010000 0x00000001
core   0: 0x80009d70 (0xff9ff06f) j       pc - 0x8
core   0: 3 0x80009d70 (0xff9ff06f)
core   0: 0x80009d68 (0x00006f17) auipc   t5, 0x6
core   0: 3 0x80009d68 (0x00006f17) x30 0x8000fd68
core   0: 0x80009d6c (0x283f2c23) sw      gp, 664(t5)
core   0: 3 0x80009d6c (0x283f2c23) mem 0x80010000 0x00000001
core   0: 0x80009d70 (0xff9ff06f) j       pc - 0x8
core   0: 3 0x80009d70 (0xff9ff06f)
core   0: 0x80009d68 (0x00006f17) auipc   t5, 0x6
core   0: 3 0x80009d68 (0x00006f17) x30 0x8000fd68
core   0: 0x80009d6c (0x283f2c23) sw      gp, 664(t5)
core   0: 3 0x80009d6c (0x283f2c23) mem 0x80010000 0x00000001
core   0: 0x80009d70 (0xff9ff06f) j       pc - 0x8
core   0: 3 0x80009d70 (0xff9ff06f)
core   0: 0x80009d68 (0x00006f17) auipc   t5, 0x6
core   0: 3 0x80009d68 (0x00006f17) x30 0x8000fd68
core   0: 0x80009d6c (0x283f2c23) sw      gp, 664(t5)
core   0: 3 0x80009d6c (0x283f2c23) mem 0x80010000 0x00000001
core   0: 0x80009d70 (0xff9ff06f) j       pc - 0x8
core   0: 3 0x80009d70 (0xff9ff06f)
core   0: 0x80009d68 (0x00006f17) auipc   t5, 0x6
core   0: 3 0x80009d68 (0x00006f17) x30 0x8000fd68
core   0: 0x80009d6c (0x283f2c23) sw      gp, 664(t5)
core   0: 3 0x80009d6c (0x283f2c23) mem 0x80010000 0x00000001
core   0: 0x80009d70 (0xff9ff06f) j       pc - 0x8
core   0: 3 0x80009d70 (0xff9ff06f)
core   0: 0x80009d68 (0x00006f17) auipc   t5, 0x6
core   0: 3 0x80009d68 (0x00006f17) x30 0x8000fd68
core   0: 0x80009d6c (0x283f2c23) sw      gp, 664(t5)
core   0: 3 0x80009d6c (0x283f2c23) mem 0x80010000 0x00000001
core   0: 0x80009d70 (0xff9ff06f) j       pc - 0x8
core   0: 3 0x80009d70 (0xff9ff06f)
core   0: 0x80009d68 (0x00006f17) auipc   t5, 0x6
core   0: 3 0x80009d68 (0x00006f17) x30 0x8000fd68
core   0: 0x80009d6c (0x283f2c23) sw      gp, 664(t5)
core   0: 3 0x80009d6c (0x283f2c23) mem 0x80010000 0x00000001
core   0: 0x80009d70 (0xff9ff06f) j       pc - 0x8
core   0: 3 0x80009d70 (0xff9ff06f)
core   0: 0x80009d68 (0x00006f17) auipc   t5, 0x6
core   0: 3 0x80009d68 (0x00006f17) x30 0x8000fd68
core   0: 0x80009d6c (0x283f2c23) sw      gp, 664(t5)
core   0: 3 0x80009d6c (0x283f2c23) mem 0x80010000 0x00000001
core   0: 0x80009d70 (0xff9ff06f) j       pc - 0x8
core   0: 3 0x80009d70 (0xff9ff06f)
core   0: 0x80009d68 (0x00006f17) auipc   t5, 0x6
core   0: 3 0x80009d68 (0x00006f17) x30 0x8000fd68
core   0: 0x80009d6c (0x283f2c23) sw      gp, 664(t5)
core   0: 3 0x80009d6c (0x283f2c23) mem 0x80010000 0x00000001
core   0: 0x80009d70 (0xff9ff06f) j       pc - 0x8
core   0: 3 0x80009d70 (0xff9ff06f)
core   0: 0x80009d68 (0x00006f17) auipc   t5, 0x6
core   0: 3 0x80009d68 (0x00006f17) x30 0x8000fd68
core   0: 0x80009d6c (0x283f2c23) sw      gp, 664(t5)
core   0: 3 0x80009d6c (0x283f2c23) mem 0x80010000 0x00000001
core   0: 0x80009d70 (0xff9ff06f) j       pc - 0x8
core   0: 3 0x80009d70 (0xff9ff06f)
core   0: 0x80009d68 (0x00006f17) auipc   t5, 0x6
core   0: 3 0x80009d68 (0x00006f17) x30 0x8000fd68
core   0: 0x80009d6c (0x283f2c23) sw      gp, 664(t5)
core   0: 3 0x80009d6c (0x283f2c23) mem 0x80010000 0x00000001
core   0: 0x80009d70 (0xff9ff06f) j       pc - 0x8
core   0: 3 0x80009d70 (0xff9ff06f)
core   0: 0x80009d68 (0x00006f17) auipc   t5, 0x6
core   0: 3 0x80009d68 (0x00006f17) x30 0x8000fd68
core   0: 0x80009d6c (0x283f2c23) sw      gp, 664(t5)
core   0: 3 0x80009d6c (0x283f2c23) mem 0x80010000 0x00000001
core   0: 0x80009d70 (0xff9ff06f) j       pc - 0x8
core   0: 3 0x80009d70 (0xff9ff06f)
core   0: 0x80009d68 (0x00006f17) auipc   t5, 0x6
core   0: 3 0x80009d68 (0x00006f17) x30 0x8000fd68
core   0: 0x80009d6c (0x283f2c23) sw      gp, 664(t5)
core   0: 3 0x80009d6c (0x283f2c23) mem 0x80010000 0x00000001
core   0: 0x80009d70 (0xff9ff06f) j       pc - 0x8
core   0: 3 0x80009d70 (0xff9ff06f)
core   0: 0x80009d68 (0x00006f17) auipc   t5, 0x6
core   0: 3 0x80009d68 (0x00006f17) x30 0x8000fd68
core   0: 0x80009d6c (0x283f2c23) sw      gp, 664(t5)
core   0: 3 0x80009d6c (0x283f2c23) mem 0x80010000 0x00000001
core   0: 0x80009d70 (0xff9ff06f) j       pc - 0x8
core   0: 3 0x80009d70 (0xff9ff06f)
core   0: 0x80009d68 (0x00006f17) auipc   t5, 0x6
core   0: 3 0x80009d68 (0x00006f17) x30 0x8000fd68
core   0: 0x80009d6c (0x283f2c23) sw      gp, 664(t5)
core   0: 3 0x80009d6c (0x283f2c23) mem 0x80010000 0x00000001
core   0: 0x80009d70 (0xff9ff06f) j       pc - 0x8
core   0: 3 0x80009d70 (0xff9ff06f)
core   0: 0x80009d68 (0x00006f17) auipc   t5, 0x6
core   0: 3 0x80009d68 (0x00006f17) x30 0x8000fd68
core   0: 0x80009d6c (0x283f2c23) sw      gp, 664(t5)
core   0: 3 0x80009d6c (0x283f2c23) mem 0x80010000 0x00000001
core   0: 0x80009d70 (0xff9ff06f) j       pc - 0x8
core   0: 3 0x80009d70 (0xff9ff06f)
core   0: 0x80009d68 (0x00006f17) auipc   t5, 0x6
core   0: 3 0x80009d68 (0x00006f17) x30 0x8000fd68
core   0: 0x80009d6c (0x283f2c23) sw      gp, 664(t5)
core   0: 3 0x80009d6c (0x283f2c23) mem 0x80010000 0x00000001
core   0: 0x80009d70 (0xff9ff06f) j       pc - 0x8
core   0: 3 0x80009d70 (0xff9ff06f)
core   0: 0x80009d68 (0x00006f17) auipc   t5, 0x6
core   0: 3 0x80009d68 (0x00006f17) x30 0x8000fd68
core   0: 0x80009d6c (0x283f2c23) sw      gp, 664(t5)
core   0: 3 0x80009d6c (0x283f2c23) mem 0x80010000 0x00000001
core   0: 0x80009d70 (0xff9ff06f) j       pc - 0x8
core   0: 3 0x80009d70 (0xff9ff06f)
core   0: 0x80009d68 (0x00006f17) auipc   t5, 0x6
core   0: 3 0x80009d68 (0x00006f17) x30 0x8000fd68
core   0: 0x80009d6c (0x283f2c23) sw      gp, 664(t5)
core   0: 3 0x80009d6c (0x283f2c23) mem 0x80010000 0x00000001
core   0: 0x80009d70 (0xff9ff06f) j       pc - 0x8
core   0: 3 0x80009d70 (0xff9ff06f)
core   0: 0x80009d68 (0x00006f17) auipc   t5, 0x6
core   0: 3 0x80009d68 (0x00006f17) x30 0x8000fd68
core   0: 0x80009d6c (0x283f2c23) sw      gp, 664(t5)
core   0: 3 0x80009d6c (0x283f2c23) mem 0x80010000 0x00000001
core   0: 0x80009d70 (0xff9ff06f) j       pc - 0x8
core   0: 3 0x80009d70 (0xff9ff06f)
core   0: 0x80009d68 (0x00006f17) auipc   t5, 0x6
core   0: 3 0x80009d68 (0x00006f17) x30 0x8000fd68
core   0: 0x80009d6c (0x283f2c23) sw      gp, 664(t5)
core   0: 3 0x80009d6c (0x283f2c23) mem 0x80010000 0x00000001
core   0: 0x80009d70 (0xff9ff06f) j       pc - 0x8
core   0: 3 0x80009d70 (0xff9ff06f)
core   0: 0x80009d68 (0x00006f17) auipc   t5, 0x6
core   0: 3 0x80009d68 (0x00006f17) x30 0x8000fd68
core   0: 0x80009d6c (0x283f2c23) sw      gp, 664(t5)
core   0: 3 0x80009d6c (0x283f2c23) mem 0x80010000 0x00000001
core   0: 0x80009d70 (0xff9ff06f) j       pc - 0x8
core   0: 3 0x80009d70 (0xff9ff06f)
core   0: 0x80009d68 (0x00006f17) auipc   t5, 0x6
core   0: 3 0x80009d68 (0x00006f17) x30 0x8000fd68
core   0: 0x80009d6c (0x283f2c23) sw      gp, 664(t5)
core   0: 3 0x80009d6c (0x283f2c23) mem 0x80010000 0x00000001
core   0: 0x80009d70 (0xff9ff06f) j       pc - 0x8
core   0: 3 0x80009d70 (0xff9ff06f)
core   0: 0x80009d68 (0x00006f17) auipc   t5, 0x6
core   0: 3 0x80009d68 (0x00006f17) x30 0x8000fd68
core   0: 0x80009d6c (0x283f2c23) sw      gp, 664(t5)
core   0: 3 0x80009d6c (0x283f2c23) mem 0x80010000 0x00000001
core   0: 0x80009d70 (0xff9ff06f) j       pc - 0x8
core   0: 3 0x80009d70 (0xff9ff06f)
core   0: 0x80009d68 (0x00006f17) auipc   t5, 0x6
core   0: 3 0x80009d68 (0x00006f17) x30 0x8000fd68
core   0: 0x80009d6c (0x283f2c23) sw      gp, 664(t5)
core   0: 3 0x80009d6c (0x283f2c23) mem 0x80010000 0x00000001
core   0: 0x80009d70 (0xff9ff06f) j       pc - 0x8
core   0: 3 0x80009d70 (0xff9ff06f)
core   0: 0x80009d68 (0x00006f17) auipc   t5, 0x6
core   0: 3 0x80009d68 (0x00006f17) x30 0x8000fd68
core   0: 0x80009d6c (0x283f2c23) sw      gp, 664(t5)
core   0: 3 0x80009d6c (0x283f2c23) mem 0x80010000 0x00000001
core   0: 0x80009d70 (0xff9ff06f) j       pc - 0x8
core   0: 3 0x80009d70 (0xff9ff06f)
core   0: 0x80009d68 (0x00006f17) auipc   t5, 0x6
core   0: 3 0x80009d68 (0x00006f17) x30 0x8000fd68
core   0: 0x80009d6c (0x283f2c23) sw      gp, 664(t5)
core   0: 3 0x80009d6c (0x283f2c23) mem 0x80010000 0x00000001
core   0: 0x80009d70 (0xff9ff06f) j       pc - 0x8
core   0: 3 0x80009d70 (0xff9ff06f)
core   0: 0x80009d68 (0x00006f17) auipc   t5, 0x6
core   0: 3 0x80009d68 (0x00006f17) x30 0x8000fd68
core   0: 0x80009d6c (0x283f2c23) sw      gp, 664(t5)
core   0: 3 0x80009d6c (0x283f2c23) mem 0x80010000 0x00000001
core   0: 0x80009d70 (0xff9ff06f) j       pc - 0x8
core   0: 3 0x80009d70 (0xff9ff06f)
core   0: 0x80009d68 (0x00006f17) auipc   t5, 0x6
core   0: 3 0x80009d68 (0x00006f17) x30 0x8000fd68
core   0: 0x80009d6c (0x283f2c23) sw      gp, 664(t5)
core   0: 3 0x80009d6c (0x283f2c23) mem 0x80010000 0x00000001
core   0: 0x80009d70 (0xff9ff06f) j       pc - 0x8
core   0: 3 0x80009d70 (0xff9ff06f)
core   0: 0x80009d68 (0x00006f17) auipc   t5, 0x6
core   0: 3 0x80009d68 (0x00006f17) x30 0x8000fd68
core   0: 0x80009d6c (0x283f2c23) sw      gp, 664(t5)
core   0: 3 0x80009d6c (0x283f2c23) mem 0x80010000 0x00000001
core   0: 0x80009d70 (0xff9ff06f) j       pc - 0x8
core   0: 3 0x80009d70 (0xff9ff06f)
core   0: 0x80009d68 (0x00006f17) auipc   t5, 0x6
core   0: 3 0x80009d68 (0x00006f17) x30 0x8000fd68
core   0: 0x80009d6c (0x283f2c23) sw      gp, 664(t5)
core   0: 3 0x80009d6c (0x283f2c23) mem 0x80010000 0x00000001
core   0: 0x80009d70 (0xff9ff06f) j       pc - 0x8
core   0: 3 0x80009d70 (0xff9ff06f)
core   0: 0x80009d68 (0x00006f17) auipc   t5, 0x6
core   0: 3 0x80009d68 (0x00006f17) x30 0x8000fd68
core   0: 0x80009d6c (0x283f2c23) sw      gp, 664(t5)
core   0: 3 0x80009d6c (0x283f2c23) mem 0x80010000 0x00000001
core   0: 0x80009d70 (0xff9ff06f) j       pc - 0x8
core   0: 3 0x80009d70 (0xff9ff06f)
core   0: 0x80009d68 (0x00006f17) auipc   t5, 0x6
core   0: 3 0x80009d68 (0x00006f17) x30 0x8000fd68
core   0: 0x80009d6c (0x283f2c23) sw      gp, 664(t5)
core   0: 3 0x80009d6c (0x283f2c23) mem 0x80010000 0x00000001
core   0: 0x80009d70 (0xff9ff06f) j       pc - 0x8
core   0: 3 0x80009d70 (0xff9ff06f)
core   0: 0x80009d68 (0x00006f17) auipc   t5, 0x6
core   0: 3 0x80009d68 (0x00006f17) x30 0x8000fd68
core   0: 0x80009d6c (0x283f2c23) sw      gp, 664(t5)
core   0: 3 0x80009d6c (0x283f2c23) mem 0x80010000 0x00000001
core   0: 0x80009d70 (0xff9ff06f) j       pc - 0x8
core   0: 3 0x80009d70 (0xff9ff06f)
core   0: 0x80009d68 (0x00006f17) auipc   t5, 0x6
core   0: 3 0x80009d68 (0x00006f17) x30 0x8000fd68
core   0: 0x80009d6c (0x283f2c23) sw      gp, 664(t5)
core   0: 3 0x80009d6c (0x283f2c23) mem 0x80010000 0x00000001
core   0: 0x80009d70 (0xff9ff06f) j       pc - 0x8
core   0: 3 0x80009d70 (0xff9ff06f)
core   0: 0x80009d68 (0x00006f17) auipc   t5, 0x6
core   0: 3 0x80009d68 (0x00006f17) x30 0x8000fd68
core   0: 0x80009d6c (0x283f2c23) sw      gp, 664(t5)
core   0: 3 0x80009d6c (0x283f2c23) mem 0x80010000 0x00000001
core   0: 0x80009d70 (0xff9ff06f) j       pc - 0x8
core   0: 3 0x80009d70 (0xff9ff06f)
core   0: 0x80009d68 (0x00006f17) auipc   t5, 0x6
core   0: 3 0x80009d68 (0x00006f17) x30 0x8000fd68
core   0: 0x80009d6c (0x283f2c23) sw      gp, 664(t5)
core   0: 3 0x80009d6c (0x283f2c23) mem 0x80010000 0x00000001
core   0: 0x80009d70 (0xff9ff06f) j       pc - 0x8
core   0: 3 0x80009d70 (0xff9ff06f)
core   0: 0x80009d68 (0x00006f17) auipc   t5, 0x6
core   0: 3 0x80009d68 (0x00006f17) x30 0x8000fd68
core   0: 0x80009d6c (0x283f2c23) sw      gp, 664(t5)
core   0: 3 0x80009d6c (0x283f2c23) mem 0x80010000 0x00000001
core   0: 0x80009d70 (0xff9ff06f) j       pc - 0x8
core   0: 3 0x80009d70 (0xff9ff06f)
core   0: 0x80009d68 (0x00006f17) auipc   t5, 0x6
core   0: 3 0x80009d68 (0x00006f17) x30 0x8000fd68
core   0: 0x80009d6c (0x283f2c23) sw      gp, 664(t5)
core   0: 3 0x80009d6c (0x283f2c23) mem 0x80010000 0x00000001
core   0: 0x80009d70 (0xff9ff06f) j       pc - 0x8
core   0: 3 0x80009d70 (0xff9ff06f)
core   0: 0x80009d68 (0x00006f17) auipc   t5, 0x6
core   0: 3 0x80009d68 (0x00006f17) x30 0x8000fd68
core   0: 0x80009d6c (0x283f2c23) sw      gp, 664(t5)
core   0: 3 0x80009d6c (0x283f2c23) mem 0x80010000 0x00000001
core   0: 0x80009d70 (0xff9ff06f) j       pc - 0x8
core   0: 3 0x80009d70 (0xff9ff06f)
core   0: 0x80009d68 (0x00006f17) auipc   t5, 0x6
core   0: 3 0x80009d68 (0x00006f17) x30 0x8000fd68
core   0: 0x80009d6c (0x283f2c23) sw      gp, 664(t5)
core   0: 3 0x80009d6c (0x283f2c23) mem 0x80010000 0x00000001
core   0: 0x80009d70 (0xff9ff06f) j       pc - 0x8
core   0: 3 0x80009d70 (0xff9ff06f)
core   0: 0x80009d68 (0x00006f17) auipc   t5, 0x6
core   0: 3 0x80009d68 (0x00006f17) x30 0x8000fd68
core   0: 0x80009d6c (0x283f2c23) sw      gp, 664(t5)
core   0: 3 0x80009d6c (0x283f2c23) mem 0x80010000 0x00000001
core   0: 0x80009d70 (0xff9ff06f) j       pc - 0x8
core   0: 3 0x80009d70 (0xff9ff06f)
core   0: 0x80009d68 (0x00006f17) auipc   t5, 0x6
core   0: 3 0x80009d68 (0x00006f17) x30 0x8000fd68
core   0: 0x80009d6c (0x283f2c23) sw      gp, 664(t5)
core   0: 3 0x80009d6c (0x283f2c23) mem 0x80010000 0x00000001
core   0: 0x80009d70 (0xff9ff06f) j       pc - 0x8
core   0: 3 0x80009d70 (0xff9ff06f)
core   0: 0x80009d68 (0x00006f17) auipc   t5, 0x6
core   0: 3 0x80009d68 (0x00006f17) x30 0x8000fd68
core   0: 0x80009d6c (0x283f2c23) sw      gp, 664(t5)
core   0: 3 0x80009d6c (0x283f2c23) mem 0x80010000 0x00000001
core   0: 0x80009d70 (0xff9ff06f) j       pc - 0x8
core   0: 3 0x80009d70 (0xff9ff06f)
core   0: 0x80009d68 (0x00006f17) auipc   t5, 0x6
core   0: 3 0x80009d68 (0x00006f17) x30 0x8000fd68
core   0: 0x80009d6c (0x283f2c23) sw      gp, 664(t5)
core   0: 3 0x80009d6c (0x283f2c23) mem 0x80010000 0x00000001
core   0: 0x80009d70 (0xff9ff06f) j       pc - 0x8
core   0: 3 0x80009d70 (0xff9ff06f)
core   0: 0x80009d68 (0x00006f17) auipc   t5, 0x6
core   0: 3 0x80009d68 (0x00006f17) x30 0x8000fd68
core   0: 0x80009d6c (0x283f2c23) sw      gp, 664(t5)
core   0: 3 0x80009d6c (0x283f2c23) mem 0x80010000 0x00000001
core   0: 0x80009d70 (0xff9ff06f) j       pc - 0x8
core   0: 3 0x80009d70 (0xff9ff06f)
core   0: 0x80009d68 (0x00006f17) auipc   t5, 0x6
core   0: 3 0x80009d68 (0x00006f17) x30 0x8000fd68
core   0: 0x80009d6c (0x283f2c23) sw      gp, 664(t5)
core   0: 3 0x80009d6c (0x283f2c23) mem 0x80010000 0x00000001
core   0: 0x80009d70 (0xff9ff06f) j       pc - 0x8
core   0: 3 0x80009d70 (0xff9ff06f)
core   0: 0x80009d68 (0x00006f17) auipc   t5, 0x6
core   0: 3 0x80009d68 (0x00006f17) x30 0x8000fd68
core   0: 0x80009d6c (0x283f2c23) sw      gp, 664(t5)
core   0: 3 0x80009d6c (0x283f2c23) mem 0x80010000 0x00000001
core   0: 0x80009d70 (0xff9ff06f) j       pc - 0x8
core   0: 3 0x80009d70 (0xff9ff06f)
core   0: 0x80009d68 (0x00006f17) auipc   t5, 0x6
core   0: 3 0x80009d68 (0x00006f17) x30 0x8000fd68
core   0: 0x80009d6c (0x283f2c23) sw      gp, 664(t5)
core   0: 3 0x80009d6c (0x283f2c23) mem 0x80010000 0x00000001
core   0: 0x80009d70 (0xff9ff06f) j       pc - 0x8
core   0: 3 0x80009d70 (0xff9ff06f)
core   0: 0x80009d68 (0x00006f17) auipc   t5, 0x6
core   0: 3 0x80009d68 (0x00006f17) x30 0x8000fd68
core   0: 0x80009d6c (0x283f2c23) sw      gp, 664(t5)
core   0: 3 0x80009d6c (0x283f2c23) mem 0x80010000 0x00000001
core   0: 0x80009d70 (0xff9ff06f) j       pc - 0x8
core   0: 3 0x80009d70 (0xff9ff06f)
core   0: 0x80009d68 (0x00006f17) auipc   t5, 0x6
core   0: 3 0x80009d68 (0x00006f17) x30 0x8000fd68
core   0: 0x80009d6c (0x283f2c23) sw      gp, 664(t5)
core   0: 3 0x80009d6c (0x283f2c23) mem 0x80010000 0x00000001
core   0: 0x80009d70 (0xff9ff06f) j       pc - 0x8
core   0: 3 0x80009d70 (0xff9ff06f)
core   0: 0x80009d68 (0x00006f17) auipc   t5, 0x6
core   0: 3 0x80009d68 (0x00006f17) x30 0x8000fd68
core   0: 0x80009d6c (0x283f2c23) sw      gp, 664(t5)
core   0: 3 0x80009d6c (0x283f2c23) mem 0x80010000 0x00000001
core   0: 0x80009d70 (0xff9ff06f) j       pc - 0x8
core   0: 3 0x80009d70 (0xff9ff06f)
core   0: 0x80009d68 (0x00006f17) auipc   t5, 0x6
core   0: 3 0x80009d68 (0x00006f17) x30 0x8000fd68
core   0: 0x80009d6c (0x283f2c23) sw      gp, 664(t5)
core   0: 3 0x80009d6c (0x283f2c23) mem 0x80010000 0x00000001
core   0: 0x80009d70 (0xff9ff06f) j       pc - 0x8
core   0: 3 0x80009d70 (0xff9ff06f)
core   0: 0x80009d68 (0x00006f17) auipc   t5, 0x6
core   0: 3 0x80009d68 (0x00006f17) x30 0x8000fd68
core   0: 0x80009d6c (0x283f2c23) sw      gp, 664(t5)
core   0: 3 0x80009d6c (0x283f2c23) mem 0x80010000 0x00000001
core   0: 0x80009d70 (0xff9ff06f) j       pc - 0x8
core   0: 3 0x80009d70 (0xff9ff06f)
core   0: 0x80009d68 (0x00006f17) auipc   t5, 0x6
core   0: 3 0x80009d68 (0x00006f17) x30 0x8000fd68
core   0: 0x80009d6c (0x283f2c23) sw      gp, 664(t5)
core   0: 3 0x80009d6c (0x283f2c23) mem 0x80010000 0x00000001
core   0: 0x80009d70 (0xff9ff06f) j       pc - 0x8
core   0: 3 0x80009d70 (0xff9ff06f)
core   0: 0x80009d68 (0x00006f17) auipc   t5, 0x6
core   0: 3 0x80009d68 (0x00006f17) x30 0x8000fd68
core   0: 0x80009d6c (0x283f2c23) sw      gp, 664(t5)
core   0: 3 0x80009d6c (0x283f2c23) mem 0x80010000 0x00000001
core   0: 0x80009d70 (0xff9ff06f) j       pc - 0x8
core   0: 3 0x80009d70 (0xff9ff06f)
core   0: 0x80009d68 (0x00006f17) auipc   t5, 0x6
core   0: 3 0x80009d68 (0x00006f17) x30 0x8000fd68
core   0: 0x80009d6c (0x283f2c23) sw      gp, 664(t5)
core   0: 3 0x80009d6c (0x283f2c23) mem 0x80010000 0x00000001
core   0: 0x80009d70 (0xff9ff06f) j       pc - 0x8
core   0: 3 0x80009d70 (0xff9ff06f)
core   0: 0x80009d68 (0x00006f17) auipc   t5, 0x6
core   0: 3 0x80009d68 (0x00006f17) x30 0x8000fd68
core   0: 0x80009d6c (0x283f2c23) sw      gp, 664(t5)
core   0: 3 0x80009d6c (0x283f2c23) mem 0x80010000 0x00000001
core   0: 0x80009d70 (0xff9ff06f) j       pc - 0x8
core   0: 3 0x80009d70 (0xff9ff06f)
core   0: 0x80009d68 (0x00006f17) auipc   t5, 0x6
core   0: 3 0x80009d68 (0x00006f17) x30 0x8000fd68
core   0: 0x80009d6c (0x283f2c23) sw      gp, 664(t5)
core   0: 3 0x80009d6c (0x283f2c23) mem 0x80010000 0x00000001
core   0: 0x80009d70 (0xff9ff06f) j       pc - 0x8
core   0: 3 0x80009d70 (0xff9ff06f)
core   0: 0x80009d68 (0x00006f17) auipc   t5, 0x6
core   0: 3 0x80009d68 (0x00006f17) x30 0x8000fd68
core   0: 0x80009d6c (0x283f2c23) sw      gp, 664(t5)
core   0: 3 0x80009d6c (0x283f2c23) mem 0x80010000 0x00000001
core   0: 0x80009d70 (0xff9ff06f) j       pc - 0x8
core   0: 3 0x80009d70 (0xff9ff06f)
core   0: 0x80009d68 (0x00006f17) auipc   t5, 0x6
core   0: 3 0x80009d68 (0x00006f17) x30 0x8000fd68
core   0: 0x80009d6c (0x283f2c23) sw      gp, 664(t5)
core   0: 3 0x80009d6c (0x283f2c23) mem 0x80010000 0x00000001
core   0: 0x80009d70 (0xff9ff06f) j       pc - 0x8
core   0: 3 0x80009d70 (0xff9ff06f)
core   0: 0x80009d68 (0x00006f17) auipc   t5, 0x6
core   0: 3 0x80009d68 (0x00006f17) x30 0x8000fd68
core   0: 0x80009d6c (0x283f2c23) sw      gp, 664(t5)
core   0: 3 0x80009d6c (0x283f2c23) mem 0x80010000 0x00000001
core   0: 0x80009d70 (0xff9ff06f) j       pc - 0x8
core   0: 3 0x80009d70 (0xff9ff06f)
core   0: 0x80009d68 (0x00006f17) auipc   t5, 0x6
core   0: 3 0x80009d68 (0x00006f17) x30 0x8000fd68
core   0: 0x80009d6c (0x283f2c23) sw      gp, 664(t5)
core   0: 3 0x80009d6c (0x283f2c23) mem 0x80010000 0x00000001
core   0: 0x80009d70 (0xff9ff06f) j       pc - 0x8
core   0: 3 0x80009d70 (0xff9ff06f)
core   0: 0x80009d68 (0x00006f17) auipc   t5, 0x6
core   0: 3 0x80009d68 (0x00006f17) x30 0x8000fd68
core   0: 0x80009d6c (0x283f2c23) sw      gp, 664(t5)
core   0: 3 0x80009d6c (0x283f2c23) mem 0x80010000 0x00000001
core   0: 0x80009d70 (0xff9ff06f) j       pc - 0x8
core   0: 3 0x80009d70 (0xff9ff06f)
core   0: 0x80009d68 (0x00006f17) auipc   t5, 0x6
core   0: 3 0x80009d68 (0x00006f17) x30 0x8000fd68
core   0: 0x80009d6c (0x283f2c23) sw      gp, 664(t5)
core   0: 3 0x80009d6c (0x283f2c23) mem 0x80010000 0x00000001
core   0: 0x80009d70 (0xff9ff06f) j       pc - 0x8
core   0: 3 0x80009d70 (0xff9ff06f)
core   0: 0x80009d68 (0x00006f17) auipc   t5, 0x6
core   0: 3 0x80009d68 (0x00006f17) x30 0x8000fd68
core   0: 0x80009d6c (0x283f2c23) sw      gp, 664(t5)
core   0: 3 0x80009d6c (0x283f2c23) mem 0x80010000 0x00000001
core   0: 0x80009d70 (0xff9ff06f) j       pc - 0x8
core   0: 3 0x80009d70 (0xff9ff06f)
core   0: 0x80009d68 (0x00006f17) auipc   t5, 0x6
core   0: 3 0x80009d68 (0x00006f17) x30 0x8000fd68
core   0: 0x80009d6c (0x283f2c23) sw      gp, 664(t5)
core   0: 3 0x80009d6c (0x283f2c23) mem 0x80010000 0x00000001
core   0: 0x80009d70 (0xff9ff06f) j       pc - 0x8
core   0: 3 0x80009d70 (0xff9ff06f)
core   0: 0x80009d68 (0x00006f17) auipc   t5, 0x6
core   0: 3 0x80009d68 (0x00006f17) x30 0x8000fd68
core   0: 0x80009d6c (0x283f2c23) sw      gp, 664(t5)
core   0: 3 0x80009d6c (0x283f2c23) mem 0x80010000 0x00000001
core   0: 0x80009d70 (0xff9ff06f) j       pc - 0x8
core   0: 3 0x80009d70 (0xff9ff06f)
core   0: 0x80009d68 (0x00006f17) auipc   t5, 0x6
core   0: 3 0x80009d68 (0x00006f17) x30 0x8000fd68
core   0: 0x80009d6c (0x283f2c23) sw      gp, 664(t5)
core   0: 3 0x80009d6c (0x283f2c23) mem 0x80010000 0x00000001
core   0: 0x80009d70 (0xff9ff06f) j       pc - 0x8
core   0: 3 0x80009d70 (0xff9ff06f)
core   0: 0x80009d68 (0x00006f17) auipc   t5, 0x6
core   0: 3 0x80009d68 (0x00006f17) x30 0x8000fd68
core   0: 0x80009d6c (0x283f2c23) sw      gp, 664(t5)
core   0: 3 0x80009d6c (0x283f2c23) mem 0x80010000 0x00000001
core   0: 0x80009d70 (0xff9ff06f) j       pc - 0x8
core   0: 3 0x80009d70 (0xff9ff06f)
core   0: 0x80009d68 (0x00006f17) auipc   t5, 0x6
core   0: 3 0x80009d68 (0x00006f17) x30 0x8000fd68
core   0: 0x80009d6c (0x283f2c23) sw      gp, 664(t5)
core   0: 3 0x80009d6c (0x283f2c23) mem 0x80010000 0x00000001
core   0: 0x80009d70 (0xff9ff06f) j       pc - 0x8
core   0: 3 0x80009d70 (0xff9ff06f)
core   0: 0x80009d68 (0x00006f17) auipc   t5, 0x6
core   0: 3 0x80009d68 (0x00006f17) x30 0x8000fd68
core   0: 0x80009d6c (0x283f2c23) sw      gp, 664(t5)
core   0: 3 0x80009d6c (0x283f2c23) mem 0x80010000 0x00000001
core   0: 0x80009d70 (0xff9ff06f) j       pc - 0x8
core   0: 3 0x80009d70 (0xff9ff06f)
core   0: 0x80009d68 (0x00006f17) auipc   t5, 0x6
core   0: 3 0x80009d68 (0x00006f17) x30 0x8000fd68
core   0: 0x80009d6c (0x283f2c23) sw      gp, 664(t5)
core   0: 3 0x80009d6c (0x283f2c23) mem 0x80010000 0x00000001
core   0: 0x80009d70 (0xff9ff06f) j       pc - 0x8
core   0: 3 0x80009d70 (0xff9ff06f)
core   0: 0x80009d68 (0x00006f17) auipc   t5, 0x6
core   0: 3 0x80009d68 (0x00006f17) x30 0x8000fd68
core   0: 0x80009d6c (0x283f2c23) sw      gp, 664(t5)
core   0: 3 0x80009d6c (0x283f2c23) mem 0x80010000 0x00000001
core   0: 0x80009d70 (0xff9ff06f) j       pc - 0x8
core   0: 3 0x80009d70 (0xff9ff06f)
core   0: 0x80009d68 (0x00006f17) auipc   t5, 0x6
core   0: 3 0x80009d68 (0x00006f17) x30 0x8000fd68
core   0: 0x80009d6c (0x283f2c23) sw      gp, 664(t5)
core   0: 3 0x80009d6c (0x283f2c23) mem 0x80010000 0x00000001
core   0: 0x80009d70 (0xff9ff06f) j       pc - 0x8
core   0: 3 0x80009d70 (0xff9ff06f)
core   0: 0x80009d68 (0x00006f17) auipc   t5, 0x6
core   0: 3 0x80009d68 (0x00006f17) x30 0x8000fd68
core   0: 0x80009d6c (0x283f2c23) sw      gp, 664(t5)
core   0: 3 0x80009d6c (0x283f2c23) mem 0x80010000 0x00000001
core   0: 0x80009d70 (0xff9ff06f) j       pc - 0x8
core   0: 3 0x80009d70 (0xff9ff06f)
core   0: 0x80009d68 (0x00006f17) auipc   t5, 0x6
core   0: 3 0x80009d68 (0x00006f17) x30 0x8000fd68
core   0: 0x80009d6c (0x283f2c23) sw      gp, 664(t5)
core   0: 3 0x80009d6c (0x283f2c23) mem 0x80010000 0x00000001
core   0: 0x80009d70 (0xff9ff06f) j       pc - 0x8
core   0: 3 0x80009d70 (0xff9ff06f)
core   0: 0x80009d68 (0x00006f17) auipc   t5, 0x6
core   0: 3 0x80009d68 (0x00006f17) x30 0x8000fd68
core   0: 0x80009d6c (0x283f2c23) sw      gp, 664(t5)
core   0: 3 0x80009d6c (0x283f2c23) mem 0x80010000 0x00000001
core   0: 0x80009d70 (0xff9ff06f) j       pc - 0x8
core   0: 3 0x80009d70 (0xff9ff06f)
core   0: 0x80009d68 (0x00006f17) auipc   t5, 0x6
core   0: 3 0x80009d68 (0x00006f17) x30 0x8000fd68
core   0: 0x80009d6c (0x283f2c23) sw      gp, 664(t5)
core   0: 3 0x80009d6c (0x283f2c23) mem 0x80010000 0x00000001
core   0: 0x80009d70 (0xff9ff06f) j       pc - 0x8
core   0: 3 0x80009d70 (0xff9ff06f)
core   0: 0x80009d68 (0x00006f17) auipc   t5, 0x6
core   0: 3 0x80009d68 (0x00006f17) x30 0x8000fd68
core   0: 0x80009d6c (0x283f2c23) sw      gp, 664(t5)
core   0: 3 0x80009d6c (0x283f2c23) mem 0x80010000 0x00000001
core   0: 0x80009d70 (0xff9ff06f) j       pc - 0x8
core   0: 3 0x80009d70 (0xff9ff06f)
core   0: 0x80009d68 (0x00006f17) auipc   t5, 0x6
core   0: 3 0x80009d68 (0x00006f17) x30 0x8000fd68
core   0: 0x80009d6c (0x283f2c23) sw      gp, 664(t5)
core   0: 3 0x80009d6c (0x283f2c23) mem 0x80010000 0x00000001
core   0: 0x80009d70 (0xff9ff06f) j       pc - 0x8
core   0: 3 0x80009d70 (0xff9ff06f)
core   0: 0x80009d68 (0x00006f17) auipc   t5, 0x6
core   0: 3 0x80009d68 (0x00006f17) x30 0x8000fd68
core   0: 0x80009d6c (0x283f2c23) sw      gp, 664(t5)
core   0: 3 0x80009d6c (0x283f2c23) mem 0x80010000 0x00000001
core   0: 0x80009d70 (0xff9ff06f) j       pc - 0x8
core   0: 3 0x80009d70 (0xff9ff06f)
core   0: 0x80009d68 (0x00006f17) auipc   t5, 0x6
core   0: 3 0x80009d68 (0x00006f17) x30 0x8000fd68
core   0: 0x80009d6c (0x283f2c23) sw      gp, 664(t5)
core   0: 3 0x80009d6c (0x283f2c23) mem 0x80010000 0x00000001
core   0: 0x80009d70 (0xff9ff06f) j       pc - 0x8
core   0: 3 0x80009d70 (0xff9ff06f)
core   0: 0x80009d68 (0x00006f17) auipc   t5, 0x6
core   0: 3 0x80009d68 (0x00006f17) x30 0x8000fd68
core   0: 0x80009d6c (0x283f2c23) sw      gp, 664(t5)
core   0: 3 0x80009d6c (0x283f2c23) mem 0x80010000 0x00000001
core   0: 0x80009d70 (0xff9ff06f) j       pc - 0x8
core   0: 3 0x80009d70 (0xff9ff06f)
core   0: 0x80009d68 (0x00006f17) auipc   t5, 0x6
core   0: 3 0x80009d68 (0x00006f17) x30 0x8000fd68
core   0: 0x80009d6c (0x283f2c23) sw      gp, 664(t5)
core   0: 3 0x80009d6c (0x283f2c23) mem 0x80010000 0x00000001
core   0: 0x80009d70 (0xff9ff06f) j       pc - 0x8
core   0: 3 0x80009d70 (0xff9ff06f)
core   0: 0x80009d68 (0x00006f17) auipc   t5, 0x6
core   0: 3 0x80009d68 (0x00006f17) x30 0x8000fd68
core   0: 0x80009d6c (0x283f2c23) sw      gp, 664(t5)
core   0: 3 0x80009d6c (0x283f2c23) mem 0x80010000 0x00000001
core   0: 0x80009d70 (0xff9ff06f) j       pc - 0x8
core   0: 3 0x80009d70 (0xff9ff06f)
core   0: 0x80009d68 (0x00006f17) auipc   t5, 0x6
core   0: 3 0x80009d68 (0x00006f17) x30 0x8000fd68
core   0: 0x80009d6c (0x283f2c23) sw      gp, 664(t5)
core   0: 3 0x80009d6c (0x283f2c23) mem 0x80010000 0x00000001
core   0: 0x80009d70 (0xff9ff06f) j       pc - 0x8
core   0: 3 0x80009d70 (0xff9ff06f)
core   0: 0x80009d68 (0x00006f17) auipc   t5, 0x6
core   0: 3 0x80009d68 (0x00006f17) x30 0x8000fd68
core   0: 0x80009d6c (0x283f2c23) sw      gp, 664(t5)
core   0: 3 0x80009d6c (0x283f2c23) mem 0x80010000 0x00000001
core   0: 0x80009d70 (0xff9ff06f) j       pc - 0x8
core   0: 3 0x80009d70 (0xff9ff06f)
core   0: 0x80009d68 (0x00006f17) auipc   t5, 0x6
core   0: 3 0x80009d68 (0x00006f17) x30 0x8000fd68
core   0: 0x80009d6c (0x283f2c23) sw      gp, 664(t5)
core   0: 3 0x80009d6c (0x283f2c23) mem 0x80010000 0x00000001
core   0: 0x80009d70 (0xff9ff06f) j       pc - 0x8
core   0: 3 0x80009d70 (0xff9ff06f)
core   0: 0x80009d68 (0x00006f17) auipc   t5, 0x6
core   0: 3 0x80009d68 (0x00006f17) x30 0x8000fd68
core   0: 0x80009d6c (0x283f2c23) sw      gp, 664(t5)
core   0: 3 0x80009d6c (0x283f2c23) mem 0x80010000 0x00000001
core   0: 0x80009d70 (0xff9ff06f) j       pc - 0x8
core   0: 3 0x80009d70 (0xff9ff06f)
core   0: 0x80009d68 (0x00006f17) auipc   t5, 0x6
core   0: 3 0x80009d68 (0x00006f17) x30 0x8000fd68
core   0: 0x80009d6c (0x283f2c23) sw      gp, 664(t5)
core   0: 3 0x80009d6c (0x283f2c23) mem 0x80010000 0x00000001
core   0: 0x80009d70 (0xff9ff06f) j       pc - 0x8
core   0: 3 0x80009d70 (0xff9ff06f)
core   0: 0x80009d68 (0x00006f17) auipc   t5, 0x6
core   0: 3 0x80009d68 (0x00006f17) x30 0x8000fd68
core   0: 0x80009d6c (0x283f2c23) sw      gp, 664(t5)
core   0: 3 0x80009d6c (0x283f2c23) mem 0x80010000 0x00000001
core   0: 0x80009d70 (0xff9ff06f) j       pc - 0x8
core   0: 3 0x80009d70 (0xff9ff06f)
core   0: 0x80009d68 (0x00006f17) auipc   t5, 0x6
core   0: 3 0x80009d68 (0x00006f17) x30 0x8000fd68
core   0: 0x80009d6c (0x283f2c23) sw      gp, 664(t5)
core   0: 3 0x80009d6c (0x283f2c23) mem 0x80010000 0x00000001
core   0: 0x80009d70 (0xff9ff06f) j       pc - 0x8
core   0: 3 0x80009d70 (0xff9ff06f)
core   0: 0x80009d68 (0x00006f17) auipc   t5, 0x6
core   0: 3 0x80009d68 (0x00006f17) x30 0x8000fd68
core   0: 0x80009d6c (0x283f2c23) sw      gp, 664(t5)
core   0: 3 0x80009d6c (0x283f2c23) mem 0x80010000 0x00000001
core   0: 0x80009d70 (0xff9ff06f) j       pc - 0x8
core   0: 3 0x80009d70 (0xff9ff06f)
core   0: 0x80009d68 (0x00006f17) auipc   t5, 0x6
core   0: 3 0x80009d68 (0x00006f17) x30 0x8000fd68
core   0: 0x80009d6c (0x283f2c23) sw      gp, 664(t5)
core   0: 3 0x80009d6c (0x283f2c23) mem 0x80010000 0x00000001
core   0: 0x80009d70 (0xff9ff06f) j       pc - 0x8
core   0: 3 0x80009d70 (0xff9ff06f)
core   0: 0x80009d68 (0x00006f17) auipc   t5, 0x6
core   0: 3 0x80009d68 (0x00006f17) x30 0x8000fd68
core   0: 0x80009d6c (0x283f2c23) sw      gp, 664(t5)
core   0: 3 0x80009d6c (0x283f2c23) mem 0x80010000 0x00000001
core   0: 0x80009d70 (0xff9ff06f) j       pc - 0x8
core   0: 3 0x80009d70 (0xff9ff06f)
core   0: 0x80009d68 (0x00006f17) auipc   t5, 0x6
core   0: 3 0x80009d68 (0x00006f17) x30 0x8000fd68
core   0: 0x80009d6c (0x283f2c23) sw      gp, 664(t5)
core   0: 3 0x80009d6c (0x283f2c23) mem 0x80010000 0x00000001
core   0: 0x80009d70 (0xff9ff06f) j       pc - 0x8
core   0: 3 0x80009d70 (0xff9ff06f)
core   0: 0x80009d68 (0x00006f17) auipc   t5, 0x6
core   0: 3 0x80009d68 (0x00006f17) x30 0x8000fd68
core   0: 0x80009d6c (0x283f2c23) sw      gp, 664(t5)
core   0: 3 0x80009d6c (0x283f2c23) mem 0x80010000 0x00000001
core   0: 0x80009d70 (0xff9ff06f) j       pc - 0x8
core   0: 3 0x80009d70 (0xff9ff06f)
core   0: 0x80009d68 (0x00006f17) auipc   t5, 0x6
core   0: 3 0x80009d68 (0x00006f17) x30 0x8000fd68
core   0: 0x80009d6c (0x283f2c23) sw      gp, 664(t5)
core   0: 3 0x80009d6c (0x283f2c23) mem 0x80010000 0x00000001
core   0: 0x80009d70 (0xff9ff06f) j       pc - 0x8
core   0: 3 0x80009d70 (0xff9ff06f)
core   0: 0x80009d68 (0x00006f17) auipc   t5, 0x6
core   0: 3 0x80009d68 (0x00006f17) x30 0x8000fd68
core   0: 0x80009d6c (0x283f2c23) sw      gp, 664(t5)
core   0: 3 0x80009d6c (0x283f2c23) mem 0x80010000 0x00000001
core   0: 0x80009d70 (0xff9ff06f) j       pc - 0x8
core   0: 3 0x80009d70 (0xff9ff06f)
core   0: 0x80009d68 (0x00006f17) auipc   t5, 0x6
core   0: 3 0x80009d68 (0x00006f17) x30 0x8000fd68
core   0: 0x80009d6c (0x283f2c23) sw      gp, 664(t5)
core   0: 3 0x80009d6c (0x283f2c23) mem 0x80010000 0x00000001
core   0: 0x80009d70 (0xff9ff06f) j       pc - 0x8
core   0: 3 0x80009d70 (0xff9ff06f)
core   0: 0x80009d68 (0x00006f17) auipc   t5, 0x6
core   0: 3 0x80009d68 (0x00006f17) x30 0x8000fd68
core   0: 0x80009d6c (0x283f2c23) sw      gp, 664(t5)
core   0: 3 0x80009d6c (0x283f2c23) mem 0x80010000 0x00000001
core   0: 0x80009d70 (0xff9ff06f) j       pc - 0x8
core   0: 3 0x80009d70 (0xff9ff06f)
core   0: 0x80009d68 (0x00006f17) auipc   t5, 0x6
core   0: 3 0x80009d68 (0x00006f17) x30 0x8000fd68
core   0: 0x80009d6c (0x283f2c23) sw      gp, 664(t5)
core   0: 3 0x80009d6c (0x283f2c23) mem 0x80010000 0x00000001
core   0: 0x80009d70 (0xff9ff06f) j       pc - 0x8
core   0: 3 0x80009d70 (0xff9ff06f)
core   0: 0x80009d68 (0x00006f17) auipc   t5, 0x6
core   0: 3 0x80009d68 (0x00006f17) x30 0x8000fd68
core   0: 0x80009d6c (0x283f2c23) sw      gp, 664(t5)
core   0: 3 0x80009d6c (0x283f2c23) mem 0x80010000 0x00000001
core   0: 0x80009d70 (0xff9ff06f) j       pc - 0x8
core   0: 3 0x80009d70 (0xff9ff06f)
core   0: 0x80009d68 (0x00006f17) auipc   t5, 0x6
core   0: 3 0x80009d68 (0x00006f17) x30 0x8000fd68
core   0: 0x80009d6c (0x283f2c23) sw      gp, 664(t5)
core   0: 3 0x80009d6c (0x283f2c23) mem 0x80010000 0x00000001
core   0: 0x80009d70 (0xff9ff06f) j       pc - 0x8
core   0: 3 0x80009d70 (0xff9ff06f)
core   0: 0x80009d68 (0x00006f17) auipc   t5, 0x6
core   0: 3 0x80009d68 (0x00006f17) x30 0x8000fd68
core   0: 0x80009d6c (0x283f2c23) sw      gp, 664(t5)
core   0: 3 0x80009d6c (0x283f2c23) mem 0x80010000 0x00000001
core   0: 0x80009d70 (0xff9ff06f) j       pc - 0x8
core   0: 3 0x80009d70 (0xff9ff06f)
core   0: 0x80009d68 (0x00006f17) auipc   t5, 0x6
core   0: 3 0x80009d68 (0x00006f17) x30 0x8000fd68
core   0: 0x80009d6c (0x283f2c23) sw      gp, 664(t5)
core   0: 3 0x80009d6c (0x283f2c23) mem 0x80010000 0x00000001
core   0: 0x80009d70 (0xff9ff06f) j       pc - 0x8
core   0: 3 0x80009d70 (0xff9ff06f)
core   0: 0x80009d68 (0x00006f17) auipc   t5, 0x6
core   0: 3 0x80009d68 (0x00006f17) x30 0x8000fd68
core   0: 0x80009d6c (0x283f2c23) sw      gp, 664(t5)
core   0: 3 0x80009d6c (0x283f2c23) mem 0x80010000 0x00000001
core   0: 0x80009d70 (0xff9ff06f) j       pc - 0x8
core   0: 3 0x80009d70 (0xff9ff06f)
core   0: 0x80009d68 (0x00006f17) auipc   t5, 0x6
core   0: 3 0x80009d68 (0x00006f17) x30 0x8000fd68
core   0: 0x80009d6c (0x283f2c23) sw      gp, 664(t5)
core   0: 3 0x80009d6c (0x283f2c23) mem 0x80010000 0x00000001
core   0: 0x80009d70 (0xff9ff06f) j       pc - 0x8
core   0: 3 0x80009d70 (0xff9ff06f)
core   0: 0x80009d68 (0x00006f17) auipc   t5, 0x6
core   0: 3 0x80009d68 (0x00006f17) x30 0x8000fd68
core   0: 0x80009d6c (0x283f2c23) sw      gp, 664(t5)
core   0: 3 0x80009d6c (0x283f2c23) mem 0x80010000 0x00000001
core   0: 0x80009d70 (0xff9ff06f) j       pc - 0x8
core   0: 3 0x80009d70 (0xff9ff06f)
core   0: 0x80009d68 (0x00006f17) auipc   t5, 0x6
core   0: 3 0x80009d68 (0x00006f17) x30 0x8000fd68
core   0: 0x80009d6c (0x283f2c23) sw      gp, 664(t5)
core   0: 3 0x80009d6c (0x283f2c23) mem 0x80010000 0x00000001
core   0: 0x80009d70 (0xff9ff06f) j       pc - 0x8
core   0: 3 0x80009d70 (0xff9ff06f)
core   0: 0x80009d68 (0x00006f17) auipc   t5, 0x6
core   0: 3 0x80009d68 (0x00006f17) x30 0x8000fd68
core   0: 0x80009d6c (0x283f2c23) sw      gp, 664(t5)
core   0: 3 0x80009d6c (0x283f2c23) mem 0x80010000 0x00000001
core   0: 0x80009d70 (0xff9ff06f) j       pc - 0x8
core   0: 3 0x80009d70 (0xff9ff06f)
core   0: 0x80009d68 (0x00006f17) auipc   t5, 0x6
core   0: 3 0x80009d68 (0x00006f17) x30 0x8000fd68
core   0: 0x80009d6c (0x283f2c23) sw      gp, 664(t5)
core   0: 3 0x80009d6c (0x283f2c23) mem 0x80010000 0x00000001
core   0: 0x80009d70 (0xff9ff06f) j       pc - 0x8
core   0: 3 0x80009d70 (0xff9ff06f)
core   0: 0x80009d68 (0x00006f17) auipc   t5, 0x6
core   0: 3 0x80009d68 (0x00006f17) x30 0x8000fd68
core   0: 0x80009d6c (0x283f2c23) sw      gp, 664(t5)
core   0: 3 0x80009d6c (0x283f2c23) mem 0x80010000 0x00000001
core   0: 0x80009d70 (0xff9ff06f) j       pc - 0x8
core   0: 3 0x80009d70 (0xff9ff06f)
core   0: 0x80009d68 (0x00006f17) auipc   t5, 0x6
core   0: 3 0x80009d68 (0x00006f17) x30 0x8000fd68
core   0: 0x80009d6c (0x283f2c23) sw      gp, 664(t5)
core   0: 3 0x80009d6c (0x283f2c23) mem 0x80010000 0x00000001
core   0: 0x80009d70 (0xff9ff06f) j       pc - 0x8
core   0: 3 0x80009d70 (0xff9ff06f)
core   0: 0x80009d68 (0x00006f17) auipc   t5, 0x6
core   0: 3 0x80009d68 (0x00006f17) x30 0x8000fd68
core   0: 0x80009d6c (0x283f2c23) sw      gp, 664(t5)
core   0: 3 0x80009d6c (0x283f2c23) mem 0x80010000 0x00000001
core   0: 0x80009d70 (0xff9ff06f) j       pc - 0x8
core   0: 3 0x80009d70 (0xff9ff06f)
core   0: 0x80009d68 (0x00006f17) auipc   t5, 0x6
core   0: 3 0x80009d68 (0x00006f17) x30 0x8000fd68
core   0: 0x80009d6c (0x283f2c23) sw      gp, 664(t5)
core   0: 3 0x80009d6c (0x283f2c23) mem 0x80010000 0x00000001
core   0: 0x80009d70 (0xff9ff06f) j       pc - 0x8
core   0: 3 0x80009d70 (0xff9ff06f)
core   0: 0x80009d68 (0x00006f17) auipc   t5, 0x6
core   0: 3 0x80009d68 (0x00006f17) x30 0x8000fd68
core   0: 0x80009d6c (0x283f2c23) sw      gp, 664(t5)
core   0: 3 0x80009d6c (0x283f2c23) mem 0x80010000 0x00000001
core   0: 0x80009d70 (0xff9ff06f) j       pc - 0x8
core   0: 3 0x80009d70 (0xff9ff06f)
core   0: 0x80009d68 (0x00006f17) auipc   t5, 0x6
core   0: 3 0x80009d68 (0x00006f17) x30 0x8000fd68
core   0: 0x80009d6c (0x283f2c23) sw      gp, 664(t5)
core   0: 3 0x80009d6c (0x283f2c23) mem 0x80010000 0x00000001
core   0: 0x80009d70 (0xff9ff06f) j       pc - 0x8
core   0: 3 0x80009d70 (0xff9ff06f)
core   0: 0x80009d68 (0x00006f17) auipc   t5, 0x6
core   0: 3 0x80009d68 (0x00006f17) x30 0x8000fd68
core   0: 0x80009d6c (0x283f2c23) sw      gp, 664(t5)
core   0: 3 0x80009d6c (0x283f2c23) mem 0x80010000 0x00000001
core   0: 0x80009d70 (0xff9ff06f) j       pc - 0x8
core   0: 3 0x80009d70 (0xff9ff06f)
core   0: 0x80009d68 (0x00006f17) auipc   t5, 0x6
core   0: 3 0x80009d68 (0x00006f17) x30 0x8000fd68
core   0: 0x80009d6c (0x283f2c23) sw      gp, 664(t5)
core   0: 3 0x80009d6c (0x283f2c23) mem 0x80010000 0x00000001
core   0: 0x80009d70 (0xff9ff06f) j       pc - 0x8
core   0: 3 0x80009d70 (0xff9ff06f)
core   0: 0x80009d68 (0x00006f17) auipc   t5, 0x6
core   0: 3 0x80009d68 (0x00006f17) x30 0x8000fd68
core   0: 0x80009d6c (0x283f2c23) sw      gp, 664(t5)
core   0: 3 0x80009d6c (0x283f2c23) mem 0x80010000 0x00000001
core   0: 0x80009d70 (0xff9ff06f) j       pc - 0x8
core   0: 3 0x80009d70 (0xff9ff06f)
core   0: 0x80009d68 (0x00006f17) auipc   t5, 0x6
core   0: 3 0x80009d68 (0x00006f17) x30 0x8000fd68
core   0: 0x80009d6c (0x283f2c23) sw      gp, 664(t5)
core   0: 3 0x80009d6c (0x283f2c23) mem 0x80010000 0x00000001
core   0: 0x80009d70 (0xff9ff06f) j       pc - 0x8
core   0: 3 0x80009d70 (0xff9ff06f)
core   0: 0x80009d68 (0x00006f17) auipc   t5, 0x6
core   0: 3 0x80009d68 (0x00006f17) x30 0x8000fd68
core   0: 0x80009d6c (0x283f2c23) sw      gp, 664(t5)
core   0: 3 0x80009d6c (0x283f2c23) mem 0x80010000 0x00000001
core   0: 0x80009d70 (0xff9ff06f) j       pc - 0x8
core   0: 3 0x80009d70 (0xff9ff06f)
core   0: 0x80009d68 (0x00006f17) auipc   t5, 0x6
core   0: 3 0x80009d68 (0x00006f17) x30 0x8000fd68
core   0: 0x80009d6c (0x283f2c23) sw      gp, 664(t5)
core   0: 3 0x80009d6c (0x283f2c23) mem 0x80010000 0x00000001
core   0: 0x80009d70 (0xff9ff06f) j       pc - 0x8
core   0: 3 0x80009d70 (0xff9ff06f)
core   0: 0x80009d68 (0x00006f17) auipc   t5, 0x6
core   0: 3 0x80009d68 (0x00006f17) x30 0x8000fd68
core   0: 0x80009d6c (0x283f2c23) sw      gp, 664(t5)
core   0: 3 0x80009d6c (0x283f2c23) mem 0x80010000 0x00000001
core   0: 0x80009d70 (0xff9ff06f) j       pc - 0x8
core   0: 3 0x80009d70 (0xff9ff06f)
core   0: 0x80009d68 (0x00006f17) auipc   t5, 0x6
core   0: 3 0x80009d68 (0x00006f17) x30 0x8000fd68
core   0: 0x80009d6c (0x283f2c23) sw      gp, 664(t5)
core   0: 3 0x80009d6c (0x283f2c23) mem 0x80010000 0x00000001
core   0: 0x80009d70 (0xff9ff06f) j       pc - 0x8
core   0: 3 0x80009d70 (0xff9ff06f)
core   0: 0x80009d68 (0x00006f17) auipc   t5, 0x6
core   0: 3 0x80009d68 (0x00006f17) x30 0x8000fd68
core   0: 0x80009d6c (0x283f2c23) sw      gp, 664(t5)
core   0: 3 0x80009d6c (0x283f2c23) mem 0x80010000 0x00000001
core   0: 0x80009d70 (0xff9ff06f) j       pc - 0x8
core   0: 3 0x80009d70 (0xff9ff06f)
core   0: 0x80009d68 (0x00006f17) auipc   t5, 0x6
core   0: 3 0x80009d68 (0x00006f17) x30 0x8000fd68
core   0: 0x80009d6c (0x283f2c23) sw      gp, 664(t5)
core   0: 3 0x80009d6c (0x283f2c23) mem 0x80010000 0x00000001
core   0: 0x80009d70 (0xff9ff06f) j       pc - 0x8
core   0: 3 0x80009d70 (0xff9ff06f)
core   0: 0x80009d68 (0x00006f17) auipc   t5, 0x6
core   0: 3 0x80009d68 (0x00006f17) x30 0x8000fd68
core   0: 0x80009d6c (0x283f2c23) sw      gp, 664(t5)
core   0: 3 0x80009d6c (0x283f2c23) mem 0x80010000 0x00000001
core   0: 0x80009d70 (0xff9ff06f) j       pc - 0x8
core   0: 3 0x80009d70 (0xff9ff06f)
core   0: 0x80009d68 (0x00006f17) auipc   t5, 0x6
core   0: 3 0x80009d68 (0x00006f17) x30 0x8000fd68
core   0: 0x80009d6c (0x283f2c23) sw      gp, 664(t5)
core   0: 3 0x80009d6c (0x283f2c23) mem 0x80010000 0x00000001
core   0: 0x80009d70 (0xff9ff06f) j       pc - 0x8
core   0: 3 0x80009d70 (0xff9ff06f)
core   0: 0x80009d68 (0x00006f17) auipc   t5, 0x6
core   0: 3 0x80009d68 (0x00006f17) x30 0x8000fd68
core   0: 0x80009d6c (0x283f2c23) sw      gp, 664(t5)
core   0: 3 0x80009d6c (0x283f2c23) mem 0x80010000 0x00000001
core   0: 0x80009d70 (0xff9ff06f) j       pc - 0x8
core   0: 3 0x80009d70 (0xff9ff06f)
core   0: 0x80009d68 (0x00006f17) auipc   t5, 0x6
core   0: 3 0x80009d68 (0x00006f17) x30 0x8000fd68
core   0: 0x80009d6c (0x283f2c23) sw      gp, 664(t5)
core   0: 3 0x80009d6c (0x283f2c23) mem 0x80010000 0x00000001
core   0: 0x80009d70 (0xff9ff06f) j       pc - 0x8
core   0: 3 0x80009d70 (0xff9ff06f)
core   0: 0x80009d68 (0x00006f17) auipc   t5, 0x6
core   0: 3 0x80009d68 (0x00006f17) x30 0x8000fd68
core   0: 0x80009d6c (0x283f2c23) sw      gp, 664(t5)
core   0: 3 0x80009d6c (0x283f2c23) mem 0x80010000 0x00000001
core   0: 0x80009d70 (0xff9ff06f) j       pc - 0x8
core   0: 3 0x80009d70 (0xff9ff06f)
core   0: 0x80009d68 (0x00006f17) auipc   t5, 0x6
core   0: 3 0x80009d68 (0x00006f17) x30 0x8000fd68
core   0: 0x80009d6c (0x283f2c23) sw      gp, 664(t5)
core   0: 3 0x80009d6c (0x283f2c23) mem 0x80010000 0x00000001
core   0: 0x80009d70 (0xff9ff06f) j       pc - 0x8
core   0: 3 0x80009d70 (0xff9ff06f)
core   0: 0x80009d68 (0x00006f17) auipc   t5, 0x6
core   0: 3 0x80009d68 (0x00006f17) x30 0x8000fd68
core   0: 0x80009d6c (0x283f2c23) sw      gp, 664(t5)
core   0: 3 0x80009d6c (0x283f2c23) mem 0x80010000 0x00000001
